<?xml version="1.0" encoding="UTF-8" ?>
<testsuite failures="0" time="0.332" errors="0" skipped="0" tests="3" name="braunimmobilien.service.UserManagerTest">
  <properties>
    <property name="jboss.i18n.generate-proxies" value="true"/>
    <property name="java.runtime.name" value="OpenJDK Runtime Environment"/>
    <property name="sun.boot.library.path" value="/usr/lib/jvm/java-7-openjdk-amd64/jre/lib/amd64"/>
    <property name="java.vm.version" value="24.95-b01"/>
    <property name="java.vm.vendor" value="Oracle Corporation"/>
    <property name="java.vendor.url" value="http://java.oracle.com/"/>
    <property name="path.separator" value=":"/>
    <property name="java.vm.name" value="OpenJDK 64-Bit Server VM"/>
    <property name="file.encoding.pkg" value="sun.io"/>
    <property name="user.country" value="DE"/>
    <property name="sun.java.launcher" value="SUN_STANDARD"/>
    <property name="sun.os.patch.level" value="unknown"/>
    <property name="java.vm.specification.name" value="Java Virtual Machine Specification"/>
    <property name="user.dir" value="/home/braun/workbench/checkout/braunimmobilien-wicket-bootstrap/braunimmobilien/project/model"/>
    <property name="java.runtime.version" value="1.7.0_95-b00"/>
    <property name="java.awt.graphicsenv" value="sun.awt.X11GraphicsEnvironment"/>
    <property name="basedir" value="/home/braun/workbench/checkout/braunimmobilien-wicket-bootstrap/braunimmobilien/project/model"/>
    <property name="java.endorsed.dirs" value="/usr/lib/jvm/java-7-openjdk-amd64/jre/lib/endorsed"/>
    <property name="os.arch" value="amd64"/>
    <property name="surefire.real.class.path" value="/home/braun/workbench/checkout/braunimmobilien-wicket-bootstrap/braunimmobilien/project/model/target/surefire/surefirebooter574580524026536755.jar"/>
    <property name="java.io.tmpdir" value="/tmp"/>
    <property name="line.separator" value="
"/>
    <property name="java.vm.specification.vendor" value="Oracle Corporation"/>
    <property name="os.name" value="Linux"/>
    <property name="sun.jnu.encoding" value="UTF-8"/>
    <property name="java.library.path" value="/usr/java/packages/lib/amd64:/usr/lib/x86_64-linux-gnu/jni:/lib/x86_64-linux-gnu:/usr/lib/x86_64-linux-gnu:/usr/lib/jni:/lib:/usr/lib"/>
    <property name="surefire.test.class.path" value="/home/braun/workbench/checkout/braunimmobilien-wicket-bootstrap/braunimmobilien/project/model/target/test-classes:/home/braun/workbench/checkout/braunimmobilien-wicket-bootstrap/braunimmobilien/project/model/target/classes:/home/braun/.m2/repository/mysql/mysql-connector-java/5.1.6/mysql-connector-java-5.1.6.jar:/home/braun/.m2/repository/org/dbunit/dbunit/2.4.3/dbunit-2.4.3.jar:/home/braun/.m2/repository/org/slf4j/slf4j-api/1.7.5/slf4j-api-1.7.5.jar:/home/braun/.m2/repository/commons-collections/commons-collections/3.2.1/commons-collections-3.2.1.jar:/home/braun/.m2/repository/org/slf4j/slf4j-log4j12/1.7.5/slf4j-log4j12-1.7.5.jar:/home/braun/.m2/repository/log4j/log4j/1.2.17/log4j-1.2.17.jar:/home/braun/.m2/repository/org/hibernate/java-persistence/jpa-api/2.0-cr-1/jpa-api-2.0-cr-1.jar:/home/braun/.m2/repository/org/hibernate/hibernate-search/4.1.1.Final/hibernate-search-4.1.1.Final.jar:/home/braun/.m2/repository/org/hibernate/hibernate-search-orm/4.1.1.Final/hibernate-search-orm-4.1.1.Final.jar:/home/braun/.m2/repository/org/hibernate/hibernate-search-engine/4.1.1.Final/hibernate-search-engine-4.1.1.Final.jar:/home/braun/.m2/repository/org/apache/avro/avro/1.5.1/avro-1.5.1.jar:/home/braun/.m2/repository/org/codehaus/jackson/jackson-mapper-asl/1.7.3/jackson-mapper-asl-1.7.3.jar:/home/braun/.m2/repository/org/codehaus/jackson/jackson-core-asl/1.7.3/jackson-core-asl-1.7.3.jar:/home/braun/.m2/repository/com/thoughtworks/paranamer/paranamer/2.3/paranamer-2.3.jar:/home/braun/.m2/repository/org/xerial/snappy/snappy-java/1.0.1-rc3/snappy-java-1.0.1-rc3.jar:/home/braun/.m2/repository/org/hibernate/hibernate-core/4.1.8.Final/hibernate-core-4.1.8.Final.jar:/home/braun/.m2/repository/antlr/antlr/2.7.7/antlr-2.7.7.jar:/home/braun/.m2/repository/org/jboss/logging/jboss-logging/3.1.0.GA/jboss-logging-3.1.0.GA.jar:/home/braun/.m2/repository/org/jboss/spec/javax/transaction/jboss-transaction-api_1.1_spec/1.0.0.Final/jboss-transaction-api_1.1_spec-1.0.0.Final.jar:/home/braun/.m2/repository/dom4j/dom4j/1.6.1/dom4j-1.6.1.jar:/home/braun/.m2/repository/org/hibernate/javax/persistence/hibernate-jpa-2.0-api/1.0.1.Final/hibernate-jpa-2.0-api-1.0.1.Final.jar:/home/braun/.m2/repository/org/javassist/javassist/3.15.0-GA/javassist-3.15.0-GA.jar:/home/braun/.m2/repository/org/hibernate/common/hibernate-commons-annotations/4.0.1.Final/hibernate-commons-annotations-4.0.1.Final.jar:/home/braun/.m2/repository/org/hibernate/hibernate-search-analyzers/4.1.1.Final/hibernate-search-analyzers-4.1.1.Final.jar:/home/braun/.m2/repository/org/apache/lucene/lucene-core/3.5.0/lucene-core-3.5.0.jar:/home/braun/.m2/repository/org/apache/lucene/lucene-analyzers/3.5.0/lucene-analyzers-3.5.0.jar:/home/braun/.m2/repository/org/apache/solr/solr-analysis-extras/3.5.0/solr-analysis-extras-3.5.0.jar:/home/braun/.m2/repository/org/apache/solr/solr-core/4.2.0/solr-core-4.2.0.jar:/home/braun/.m2/repository/org/apache/solr/solr-solrj/4.2.0/solr-solrj-4.2.0.jar:/home/braun/.m2/repository/org/apache/lucene/lucene-codecs/4.2.0/lucene-codecs-4.2.0.jar:/home/braun/.m2/repository/org/apache/lucene/lucene-analyzers-common/4.2.0/lucene-analyzers-common-4.2.0.jar:/home/braun/.m2/repository/org/apache/lucene/lucene-analyzers-kuromoji/4.2.0/lucene-analyzers-kuromoji-4.2.0.jar:/home/braun/.m2/repository/org/apache/lucene/lucene-analyzers-morfologik/4.2.0/lucene-analyzers-morfologik-4.2.0.jar:/home/braun/.m2/repository/org/carrot2/morfologik-polish/1.5.5/morfologik-polish-1.5.5.jar:/home/braun/.m2/repository/org/carrot2/morfologik-stemming/1.5.5/morfologik-stemming-1.5.5.jar:/home/braun/.m2/repository/org/carrot2/morfologik-fsa/1.5.5/morfologik-fsa-1.5.5.jar:/home/braun/.m2/repository/org/apache/lucene/lucene-analyzers-phonetic/4.2.0/lucene-analyzers-phonetic-4.2.0.jar:/home/braun/.m2/repository/org/apache/lucene/lucene-highlighter/4.2.0/lucene-highlighter-4.2.0.jar:/home/braun/.m2/repository/org/apache/lucene/lucene-memory/4.2.0/lucene-memory-4.2.0.jar:/home/braun/.m2/repository/org/apache/lucene/lucene-misc/4.2.0/lucene-misc-4.2.0.jar:/home/braun/.m2/repository/org/apache/lucene/lucene-queryparser/4.2.0/lucene-queryparser-4.2.0.jar:/home/braun/.m2/repository/org/apache/lucene/lucene-spatial/4.2.0/lucene-spatial-4.2.0.jar:/home/braun/.m2/repository/com/spatial4j/spatial4j/0.3/spatial4j-0.3.jar:/home/braun/.m2/repository/org/apache/lucene/lucene-suggest/4.2.0/lucene-suggest-4.2.0.jar:/home/braun/.m2/repository/org/apache/lucene/lucene-grouping/4.2.0/lucene-grouping-4.2.0.jar:/home/braun/.m2/repository/commons-codec/commons-codec/1.7/commons-codec-1.7.jar:/home/braun/.m2/repository/commons-cli/commons-cli/1.2/commons-cli-1.2.jar:/home/braun/.m2/repository/org/restlet/jee/org.restlet/2.1.1/org.restlet-2.1.1.jar:/home/braun/.m2/repository/org/restlet/jee/org.restlet.ext.servlet/2.1.1/org.restlet.ext.servlet-2.1.1.jar:/home/braun/.m2/repository/commons-io/commons-io/2.4/commons-io-2.4.jar:/home/braun/.m2/repository/com/google/guava/guava/13.0.1/guava-13.0.1.jar:/home/braun/.m2/repository/org/apache/httpcomponents/httpclient/4.2.3/httpclient-4.2.3.jar:/home/braun/.m2/repository/org/apache/httpcomponents/httpcore/4.2.2/httpcore-4.2.2.jar:/home/braun/.m2/repository/org/apache/httpcomponents/httpmime/4.2.3/httpmime-4.2.3.jar:/home/braun/.m2/repository/org/apache/lucene/lucene-smartcn/3.5.0/lucene-smartcn-3.5.0.jar:/home/braun/.m2/repository/org/apache/lucene/lucene-stempel/3.5.0/lucene-stempel-3.5.0.jar:/home/braun/.m2/repository/org/hibernate/hibernate-ehcache/4.1.8.Final/hibernate-ehcache-4.1.8.Final.jar:/home/braun/.m2/repository/net/sf/ehcache/ehcache-core/2.6.5/ehcache-core-2.6.5.jar:/home/braun/.m2/repository/org/apache/wicket/wicket-core/6.19.0/wicket-core-6.19.0.jar:/home/braun/.m2/repository/org/apache/wicket/wicket-util/6.19.0/wicket-util-6.19.0.jar:/home/braun/.m2/repository/org/apache/wicket/wicket-request/6.19.0/wicket-request-6.19.0.jar:/home/braun/.m2/repository/org/springframework/spring-aop/3.2.2.RELEASE/spring-aop-3.2.2.RELEASE.jar:/home/braun/.m2/repository/aopalliance/aopalliance/1.0/aopalliance-1.0.jar:/home/braun/.m2/repository/org/springframework/spring-beans/3.2.2.RELEASE/spring-beans-3.2.2.RELEASE.jar:/home/braun/.m2/repository/org/springframework/spring-core/3.2.2.RELEASE/spring-core-3.2.2.RELEASE.jar:/home/braun/.m2/repository/org/springframework/spring-jdbc/3.2.2.RELEASE/spring-jdbc-3.2.2.RELEASE.jar:/home/braun/.m2/repository/org/springframework/spring-tx/3.2.2.RELEASE/spring-tx-3.2.2.RELEASE.jar:/home/braun/.m2/repository/org/springframework/spring-orm/3.2.2.RELEASE/spring-orm-3.2.2.RELEASE.jar:/home/braun/.m2/repository/org/springframework/spring-aspects/3.2.2.RELEASE/spring-aspects-3.2.2.RELEASE.jar:/home/braun/.m2/repository/org/aspectj/aspectjweaver/1.7.2.RELEASE/aspectjweaver-1.7.2.RELEASE.jar:/home/braun/.m2/repository/org/springframework/spring-context-support/3.2.2.RELEASE/spring-context-support-3.2.2.RELEASE.jar:/home/braun/.m2/repository/org/springframework/spring-context/3.2.2.RELEASE/spring-context-3.2.2.RELEASE.jar:/home/braun/.m2/repository/org/springframework/spring-webmvc/3.2.2.RELEASE/spring-webmvc-3.2.2.RELEASE.jar:/home/braun/.m2/repository/org/springframework/spring-expression/3.2.2.RELEASE/spring-expression-3.2.2.RELEASE.jar:/home/braun/.m2/repository/org/springframework/spring-web/3.2.2.RELEASE/spring-web-3.2.2.RELEASE.jar:/home/braun/.m2/repository/org/springframework/security/spring-security-core/3.1.3.RELEASE/spring-security-core-3.1.3.RELEASE.jar:/home/braun/.m2/repository/org/springframework/security/spring-security-config/3.1.3.RELEASE/spring-security-config-3.1.3.RELEASE.jar:/home/braun/.m2/repository/org/springframework/security/spring-security-taglibs/3.1.3.RELEASE/spring-security-taglibs-3.1.3.RELEASE.jar:/home/braun/.m2/repository/org/springframework/security/spring-security-acl/3.1.3.RELEASE/spring-security-acl-3.1.3.RELEASE.jar:/home/braun/.m2/repository/org/springframework/security/spring-security-web/3.1.3.RELEASE/spring-security-web-3.1.3.RELEASE.jar:/home/braun/.m2/repository/org/springframework/spring-test/3.2.2.RELEASE/spring-test-3.2.2.RELEASE.jar:/home/braun/.m2/repository/commons-lang/commons-lang/2.6/commons-lang-2.6.jar:/home/braun/.m2/repository/commons-beanutils/commons-beanutils/1.8.3/commons-beanutils-1.8.3.jar:/home/braun/.m2/repository/commons-logging/commons-logging/1.1.1/commons-logging-1.1.1.jar:/home/braun/.m2/repository/commons-dbcp/commons-dbcp/1.4/commons-dbcp-1.4.jar:/home/braun/.m2/repository/commons-pool/commons-pool/1.5.4/commons-pool-1.5.4.jar:/home/braun/.m2/repository/velocity/velocity/1.4/velocity-1.4.jar:/home/braun/.m2/repository/velocity/velocity-dep/1.4/velocity-dep-1.4.jar:/home/braun/.m2/repository/javax/mail/mail/1.4.1/mail-1.4.1.jar:/home/braun/.m2/repository/javax/activation/activation/1.1/activation-1.1.jar:/home/braun/.m2/repository/org/apache/cxf/cxf-rt-frontend-jaxrs/2.7.0/cxf-rt-frontend-jaxrs-2.7.0.jar:/home/braun/.m2/repository/org/apache/cxf/cxf-api/2.7.0/cxf-api-2.7.0.jar:/home/braun/.m2/repository/org/codehaus/woodstox/woodstox-core-asl/4.2.0/woodstox-core-asl-4.2.0.jar:/home/braun/.m2/repository/org/codehaus/woodstox/stax2-api/3.1.1/stax2-api-3.1.1.jar:/home/braun/.m2/repository/org/apache/ws/xmlschema/xmlschema-core/2.0.3/xmlschema-core-2.0.3.jar:/home/braun/.m2/repository/org/apache/geronimo/specs/geronimo-javamail_1.4_spec/1.7.1/geronimo-javamail_1.4_spec-1.7.1.jar:/home/braun/.m2/repository/wsdl4j/wsdl4j/1.6.2/wsdl4j-1.6.2.jar:/home/braun/.m2/repository/org/apache/cxf/cxf-rt-core/2.7.0/cxf-rt-core-2.7.0.jar:/home/braun/.m2/repository/com/sun/xml/bind/jaxb-impl/2.2.6/jaxb-impl-2.2.6.jar:/home/braun/.m2/repository/javax/ws/rs/javax.ws.rs-api/2.0-m10/javax.ws.rs-api-2.0-m10.jar:/home/braun/.m2/repository/org/apache/cxf/cxf-rt-bindings-xml/2.7.0/cxf-rt-bindings-xml-2.7.0.jar:/home/braun/.m2/repository/org/apache/cxf/cxf-rt-transports-http/2.7.0/cxf-rt-transports-http-2.7.0.jar:/home/braun/.m2/repository/org/apache/cxf/cxf-rt-frontend-jaxws/2.7.0/cxf-rt-frontend-jaxws-2.7.0.jar:/home/braun/.m2/repository/xml-resolver/xml-resolver/1.2/xml-resolver-1.2.jar:/home/braun/.m2/repository/asm/asm/3.3.1/asm-3.3.1.jar:/home/braun/.m2/repository/org/apache/cxf/cxf-rt-bindings-soap/2.7.0/cxf-rt-bindings-soap-2.7.0.jar:/home/braun/.m2/repository/org/apache/cxf/cxf-rt-databinding-jaxb/2.7.0/cxf-rt-databinding-jaxb-2.7.0.jar:/home/braun/.m2/repository/org/apache/cxf/cxf-rt-frontend-simple/2.7.0/cxf-rt-frontend-simple-2.7.0.jar:/home/braun/.m2/repository/org/apache/cxf/cxf-rt-ws-addr/2.7.0/cxf-rt-ws-addr-2.7.0.jar:/home/braun/.m2/repository/org/apache/cxf/cxf-rt-ws-policy/2.7.0/cxf-rt-ws-policy-2.7.0.jar:/home/braun/.m2/repository/org/apache/neethi/neethi/3.0.2/neethi-3.0.2.jar:/home/braun/.m2/repository/junit/junit/4.11/junit-4.11.jar:/home/braun/.m2/repository/org/hamcrest/hamcrest-core/1.3/hamcrest-core-1.3.jar:/home/braun/.m2/repository/junit/junit-dep/4.5/junit-dep-4.5.jar:/home/braun/.m2/repository/org/jmock/jmock/2.5.1/jmock-2.5.1.jar:/home/braun/.m2/repository/org/hamcrest/hamcrest-library/1.1/hamcrest-library-1.1.jar:/home/braun/.m2/repository/org/jmock/jmock-junit4/2.5.1/jmock-junit4-2.5.1.jar:/home/braun/.m2/repository/org/mockito/mockito-all/1.8.5/mockito-all-1.8.5.jar:/home/braun/.m2/repository/org/subethamail/subethasmtp-wiser/1.2/subethasmtp-wiser-1.2.jar:/home/braun/.m2/repository/org/subethamail/subethasmtp-smtp/1.2/subethasmtp-smtp-1.2.jar:"/>
    <property name="java.specification.name" value="Java Platform API Specification"/>
    <property name="java.class.version" value="51.0"/>
    <property name="sun.management.compiler" value="HotSpot 64-Bit Tiered Compilers"/>
    <property name="os.version" value="4.0.0-2-amd64"/>
    <property name="user.home" value="/home/braun"/>
    <property name="user.timezone" value="Europe/Berlin"/>
    <property name="java.awt.printerjob" value="sun.print.PSPrinterJob"/>
    <property name="java.specification.version" value="1.7"/>
    <property name="file.encoding" value="UTF-8"/>
    <property name="user.name" value="braun"/>
    <property name="java.class.path" value="/home/braun/workbench/checkout/braunimmobilien-wicket-bootstrap/braunimmobilien/project/model/target/test-classes:/home/braun/workbench/checkout/braunimmobilien-wicket-bootstrap/braunimmobilien/project/model/target/classes:/home/braun/.m2/repository/mysql/mysql-connector-java/5.1.6/mysql-connector-java-5.1.6.jar:/home/braun/.m2/repository/org/dbunit/dbunit/2.4.3/dbunit-2.4.3.jar:/home/braun/.m2/repository/org/slf4j/slf4j-api/1.7.5/slf4j-api-1.7.5.jar:/home/braun/.m2/repository/commons-collections/commons-collections/3.2.1/commons-collections-3.2.1.jar:/home/braun/.m2/repository/org/slf4j/slf4j-log4j12/1.7.5/slf4j-log4j12-1.7.5.jar:/home/braun/.m2/repository/log4j/log4j/1.2.17/log4j-1.2.17.jar:/home/braun/.m2/repository/org/hibernate/java-persistence/jpa-api/2.0-cr-1/jpa-api-2.0-cr-1.jar:/home/braun/.m2/repository/org/hibernate/hibernate-search/4.1.1.Final/hibernate-search-4.1.1.Final.jar:/home/braun/.m2/repository/org/hibernate/hibernate-search-orm/4.1.1.Final/hibernate-search-orm-4.1.1.Final.jar:/home/braun/.m2/repository/org/hibernate/hibernate-search-engine/4.1.1.Final/hibernate-search-engine-4.1.1.Final.jar:/home/braun/.m2/repository/org/apache/avro/avro/1.5.1/avro-1.5.1.jar:/home/braun/.m2/repository/org/codehaus/jackson/jackson-mapper-asl/1.7.3/jackson-mapper-asl-1.7.3.jar:/home/braun/.m2/repository/org/codehaus/jackson/jackson-core-asl/1.7.3/jackson-core-asl-1.7.3.jar:/home/braun/.m2/repository/com/thoughtworks/paranamer/paranamer/2.3/paranamer-2.3.jar:/home/braun/.m2/repository/org/xerial/snappy/snappy-java/1.0.1-rc3/snappy-java-1.0.1-rc3.jar:/home/braun/.m2/repository/org/hibernate/hibernate-core/4.1.8.Final/hibernate-core-4.1.8.Final.jar:/home/braun/.m2/repository/antlr/antlr/2.7.7/antlr-2.7.7.jar:/home/braun/.m2/repository/org/jboss/logging/jboss-logging/3.1.0.GA/jboss-logging-3.1.0.GA.jar:/home/braun/.m2/repository/org/jboss/spec/javax/transaction/jboss-transaction-api_1.1_spec/1.0.0.Final/jboss-transaction-api_1.1_spec-1.0.0.Final.jar:/home/braun/.m2/repository/dom4j/dom4j/1.6.1/dom4j-1.6.1.jar:/home/braun/.m2/repository/org/hibernate/javax/persistence/hibernate-jpa-2.0-api/1.0.1.Final/hibernate-jpa-2.0-api-1.0.1.Final.jar:/home/braun/.m2/repository/org/javassist/javassist/3.15.0-GA/javassist-3.15.0-GA.jar:/home/braun/.m2/repository/org/hibernate/common/hibernate-commons-annotations/4.0.1.Final/hibernate-commons-annotations-4.0.1.Final.jar:/home/braun/.m2/repository/org/hibernate/hibernate-search-analyzers/4.1.1.Final/hibernate-search-analyzers-4.1.1.Final.jar:/home/braun/.m2/repository/org/apache/lucene/lucene-core/3.5.0/lucene-core-3.5.0.jar:/home/braun/.m2/repository/org/apache/lucene/lucene-analyzers/3.5.0/lucene-analyzers-3.5.0.jar:/home/braun/.m2/repository/org/apache/solr/solr-analysis-extras/3.5.0/solr-analysis-extras-3.5.0.jar:/home/braun/.m2/repository/org/apache/solr/solr-core/4.2.0/solr-core-4.2.0.jar:/home/braun/.m2/repository/org/apache/solr/solr-solrj/4.2.0/solr-solrj-4.2.0.jar:/home/braun/.m2/repository/org/apache/lucene/lucene-codecs/4.2.0/lucene-codecs-4.2.0.jar:/home/braun/.m2/repository/org/apache/lucene/lucene-analyzers-common/4.2.0/lucene-analyzers-common-4.2.0.jar:/home/braun/.m2/repository/org/apache/lucene/lucene-analyzers-kuromoji/4.2.0/lucene-analyzers-kuromoji-4.2.0.jar:/home/braun/.m2/repository/org/apache/lucene/lucene-analyzers-morfologik/4.2.0/lucene-analyzers-morfologik-4.2.0.jar:/home/braun/.m2/repository/org/carrot2/morfologik-polish/1.5.5/morfologik-polish-1.5.5.jar:/home/braun/.m2/repository/org/carrot2/morfologik-stemming/1.5.5/morfologik-stemming-1.5.5.jar:/home/braun/.m2/repository/org/carrot2/morfologik-fsa/1.5.5/morfologik-fsa-1.5.5.jar:/home/braun/.m2/repository/org/apache/lucene/lucene-analyzers-phonetic/4.2.0/lucene-analyzers-phonetic-4.2.0.jar:/home/braun/.m2/repository/org/apache/lucene/lucene-highlighter/4.2.0/lucene-highlighter-4.2.0.jar:/home/braun/.m2/repository/org/apache/lucene/lucene-memory/4.2.0/lucene-memory-4.2.0.jar:/home/braun/.m2/repository/org/apache/lucene/lucene-misc/4.2.0/lucene-misc-4.2.0.jar:/home/braun/.m2/repository/org/apache/lucene/lucene-queryparser/4.2.0/lucene-queryparser-4.2.0.jar:/home/braun/.m2/repository/org/apache/lucene/lucene-spatial/4.2.0/lucene-spatial-4.2.0.jar:/home/braun/.m2/repository/com/spatial4j/spatial4j/0.3/spatial4j-0.3.jar:/home/braun/.m2/repository/org/apache/lucene/lucene-suggest/4.2.0/lucene-suggest-4.2.0.jar:/home/braun/.m2/repository/org/apache/lucene/lucene-grouping/4.2.0/lucene-grouping-4.2.0.jar:/home/braun/.m2/repository/commons-codec/commons-codec/1.7/commons-codec-1.7.jar:/home/braun/.m2/repository/commons-cli/commons-cli/1.2/commons-cli-1.2.jar:/home/braun/.m2/repository/org/restlet/jee/org.restlet/2.1.1/org.restlet-2.1.1.jar:/home/braun/.m2/repository/org/restlet/jee/org.restlet.ext.servlet/2.1.1/org.restlet.ext.servlet-2.1.1.jar:/home/braun/.m2/repository/commons-io/commons-io/2.4/commons-io-2.4.jar:/home/braun/.m2/repository/com/google/guava/guava/13.0.1/guava-13.0.1.jar:/home/braun/.m2/repository/org/apache/httpcomponents/httpclient/4.2.3/httpclient-4.2.3.jar:/home/braun/.m2/repository/org/apache/httpcomponents/httpcore/4.2.2/httpcore-4.2.2.jar:/home/braun/.m2/repository/org/apache/httpcomponents/httpmime/4.2.3/httpmime-4.2.3.jar:/home/braun/.m2/repository/org/apache/lucene/lucene-smartcn/3.5.0/lucene-smartcn-3.5.0.jar:/home/braun/.m2/repository/org/apache/lucene/lucene-stempel/3.5.0/lucene-stempel-3.5.0.jar:/home/braun/.m2/repository/org/hibernate/hibernate-ehcache/4.1.8.Final/hibernate-ehcache-4.1.8.Final.jar:/home/braun/.m2/repository/net/sf/ehcache/ehcache-core/2.6.5/ehcache-core-2.6.5.jar:/home/braun/.m2/repository/org/apache/wicket/wicket-core/6.19.0/wicket-core-6.19.0.jar:/home/braun/.m2/repository/org/apache/wicket/wicket-util/6.19.0/wicket-util-6.19.0.jar:/home/braun/.m2/repository/org/apache/wicket/wicket-request/6.19.0/wicket-request-6.19.0.jar:/home/braun/.m2/repository/org/springframework/spring-aop/3.2.2.RELEASE/spring-aop-3.2.2.RELEASE.jar:/home/braun/.m2/repository/aopalliance/aopalliance/1.0/aopalliance-1.0.jar:/home/braun/.m2/repository/org/springframework/spring-beans/3.2.2.RELEASE/spring-beans-3.2.2.RELEASE.jar:/home/braun/.m2/repository/org/springframework/spring-core/3.2.2.RELEASE/spring-core-3.2.2.RELEASE.jar:/home/braun/.m2/repository/org/springframework/spring-jdbc/3.2.2.RELEASE/spring-jdbc-3.2.2.RELEASE.jar:/home/braun/.m2/repository/org/springframework/spring-tx/3.2.2.RELEASE/spring-tx-3.2.2.RELEASE.jar:/home/braun/.m2/repository/org/springframework/spring-orm/3.2.2.RELEASE/spring-orm-3.2.2.RELEASE.jar:/home/braun/.m2/repository/org/springframework/spring-aspects/3.2.2.RELEASE/spring-aspects-3.2.2.RELEASE.jar:/home/braun/.m2/repository/org/aspectj/aspectjweaver/1.7.2.RELEASE/aspectjweaver-1.7.2.RELEASE.jar:/home/braun/.m2/repository/org/springframework/spring-context-support/3.2.2.RELEASE/spring-context-support-3.2.2.RELEASE.jar:/home/braun/.m2/repository/org/springframework/spring-context/3.2.2.RELEASE/spring-context-3.2.2.RELEASE.jar:/home/braun/.m2/repository/org/springframework/spring-webmvc/3.2.2.RELEASE/spring-webmvc-3.2.2.RELEASE.jar:/home/braun/.m2/repository/org/springframework/spring-expression/3.2.2.RELEASE/spring-expression-3.2.2.RELEASE.jar:/home/braun/.m2/repository/org/springframework/spring-web/3.2.2.RELEASE/spring-web-3.2.2.RELEASE.jar:/home/braun/.m2/repository/org/springframework/security/spring-security-core/3.1.3.RELEASE/spring-security-core-3.1.3.RELEASE.jar:/home/braun/.m2/repository/org/springframework/security/spring-security-config/3.1.3.RELEASE/spring-security-config-3.1.3.RELEASE.jar:/home/braun/.m2/repository/org/springframework/security/spring-security-taglibs/3.1.3.RELEASE/spring-security-taglibs-3.1.3.RELEASE.jar:/home/braun/.m2/repository/org/springframework/security/spring-security-acl/3.1.3.RELEASE/spring-security-acl-3.1.3.RELEASE.jar:/home/braun/.m2/repository/org/springframework/security/spring-security-web/3.1.3.RELEASE/spring-security-web-3.1.3.RELEASE.jar:/home/braun/.m2/repository/org/springframework/spring-test/3.2.2.RELEASE/spring-test-3.2.2.RELEASE.jar:/home/braun/.m2/repository/commons-lang/commons-lang/2.6/commons-lang-2.6.jar:/home/braun/.m2/repository/commons-beanutils/commons-beanutils/1.8.3/commons-beanutils-1.8.3.jar:/home/braun/.m2/repository/commons-logging/commons-logging/1.1.1/commons-logging-1.1.1.jar:/home/braun/.m2/repository/commons-dbcp/commons-dbcp/1.4/commons-dbcp-1.4.jar:/home/braun/.m2/repository/commons-pool/commons-pool/1.5.4/commons-pool-1.5.4.jar:/home/braun/.m2/repository/velocity/velocity/1.4/velocity-1.4.jar:/home/braun/.m2/repository/velocity/velocity-dep/1.4/velocity-dep-1.4.jar:/home/braun/.m2/repository/javax/mail/mail/1.4.1/mail-1.4.1.jar:/home/braun/.m2/repository/javax/activation/activation/1.1/activation-1.1.jar:/home/braun/.m2/repository/org/apache/cxf/cxf-rt-frontend-jaxrs/2.7.0/cxf-rt-frontend-jaxrs-2.7.0.jar:/home/braun/.m2/repository/org/apache/cxf/cxf-api/2.7.0/cxf-api-2.7.0.jar:/home/braun/.m2/repository/org/codehaus/woodstox/woodstox-core-asl/4.2.0/woodstox-core-asl-4.2.0.jar:/home/braun/.m2/repository/org/codehaus/woodstox/stax2-api/3.1.1/stax2-api-3.1.1.jar:/home/braun/.m2/repository/org/apache/ws/xmlschema/xmlschema-core/2.0.3/xmlschema-core-2.0.3.jar:/home/braun/.m2/repository/org/apache/geronimo/specs/geronimo-javamail_1.4_spec/1.7.1/geronimo-javamail_1.4_spec-1.7.1.jar:/home/braun/.m2/repository/wsdl4j/wsdl4j/1.6.2/wsdl4j-1.6.2.jar:/home/braun/.m2/repository/org/apache/cxf/cxf-rt-core/2.7.0/cxf-rt-core-2.7.0.jar:/home/braun/.m2/repository/com/sun/xml/bind/jaxb-impl/2.2.6/jaxb-impl-2.2.6.jar:/home/braun/.m2/repository/javax/ws/rs/javax.ws.rs-api/2.0-m10/javax.ws.rs-api-2.0-m10.jar:/home/braun/.m2/repository/org/apache/cxf/cxf-rt-bindings-xml/2.7.0/cxf-rt-bindings-xml-2.7.0.jar:/home/braun/.m2/repository/org/apache/cxf/cxf-rt-transports-http/2.7.0/cxf-rt-transports-http-2.7.0.jar:/home/braun/.m2/repository/org/apache/cxf/cxf-rt-frontend-jaxws/2.7.0/cxf-rt-frontend-jaxws-2.7.0.jar:/home/braun/.m2/repository/xml-resolver/xml-resolver/1.2/xml-resolver-1.2.jar:/home/braun/.m2/repository/asm/asm/3.3.1/asm-3.3.1.jar:/home/braun/.m2/repository/org/apache/cxf/cxf-rt-bindings-soap/2.7.0/cxf-rt-bindings-soap-2.7.0.jar:/home/braun/.m2/repository/org/apache/cxf/cxf-rt-databinding-jaxb/2.7.0/cxf-rt-databinding-jaxb-2.7.0.jar:/home/braun/.m2/repository/org/apache/cxf/cxf-rt-frontend-simple/2.7.0/cxf-rt-frontend-simple-2.7.0.jar:/home/braun/.m2/repository/org/apache/cxf/cxf-rt-ws-addr/2.7.0/cxf-rt-ws-addr-2.7.0.jar:/home/braun/.m2/repository/org/apache/cxf/cxf-rt-ws-policy/2.7.0/cxf-rt-ws-policy-2.7.0.jar:/home/braun/.m2/repository/org/apache/neethi/neethi/3.0.2/neethi-3.0.2.jar:/home/braun/.m2/repository/junit/junit/4.11/junit-4.11.jar:/home/braun/.m2/repository/org/hamcrest/hamcrest-core/1.3/hamcrest-core-1.3.jar:/home/braun/.m2/repository/junit/junit-dep/4.5/junit-dep-4.5.jar:/home/braun/.m2/repository/org/jmock/jmock/2.5.1/jmock-2.5.1.jar:/home/braun/.m2/repository/org/hamcrest/hamcrest-library/1.1/hamcrest-library-1.1.jar:/home/braun/.m2/repository/org/jmock/jmock-junit4/2.5.1/jmock-junit4-2.5.1.jar:/home/braun/.m2/repository/org/mockito/mockito-all/1.8.5/mockito-all-1.8.5.jar:/home/braun/.m2/repository/org/subethamail/subethasmtp-wiser/1.2/subethasmtp-wiser-1.2.jar:/home/braun/.m2/repository/org/subethamail/subethasmtp-smtp/1.2/subethasmtp-smtp-1.2.jar:"/>
    <property name="java.vm.specification.version" value="1.7"/>
    <property name="sun.arch.data.model" value="64"/>
    <property name="java.home" value="/usr/lib/jvm/java-7-openjdk-amd64/jre"/>
    <property name="sun.java.command" value="/home/braun/workbench/checkout/braunimmobilien-wicket-bootstrap/braunimmobilien/project/model/target/surefire/surefirebooter574580524026536755.jar /home/braun/workbench/checkout/braunimmobilien-wicket-bootstrap/braunimmobilien/project/model/target/surefire/surefire7609622376202045532tmp /home/braun/workbench/checkout/braunimmobilien-wicket-bootstrap/braunimmobilien/project/model/target/surefire/surefire6365490645568244120tmp"/>
    <property name="java.specification.vendor" value="Oracle Corporation"/>
    <property name="user.language" value="de"/>
    <property name="awt.toolkit" value="sun.awt.X11.XToolkit"/>
    <property name="java.vm.info" value="mixed mode"/>
    <property name="java.version" value="1.7.0_95"/>
    <property name="java.ext.dirs" value="/usr/lib/jvm/java-7-openjdk-amd64/jre/lib/ext:/usr/java/packages/lib/ext"/>
    <property name="sun.boot.class.path" value="/usr/lib/jvm/java-7-openjdk-amd64/jre/lib/resources.jar:/usr/lib/jvm/java-7-openjdk-amd64/jre/lib/rt.jar:/usr/lib/jvm/java-7-openjdk-amd64/jre/lib/sunrsasign.jar:/usr/lib/jvm/java-7-openjdk-amd64/jre/lib/jsse.jar:/usr/lib/jvm/java-7-openjdk-amd64/jre/lib/jce.jar:/usr/lib/jvm/java-7-openjdk-amd64/jre/lib/charsets.jar:/usr/lib/jvm/java-7-openjdk-amd64/jre/lib/rhino.jar:/usr/lib/jvm/java-7-openjdk-amd64/jre/lib/jfr.jar:/usr/lib/jvm/java-7-openjdk-amd64/jre/classes"/>
    <property name="java.vendor" value="Oracle Corporation"/>
    <property name="localRepository" value="/home/braun/.m2/repository"/>
    <property name="file.separator" value="/"/>
    <property name="java.vendor.url.bug" value="http://bugreport.sun.com/bugreport/"/>
    <property name="sun.cpu.endian" value="little"/>
    <property name="sun.io.unicode.encoding" value="UnicodeLittle"/>
    <property name="sun.desktop" value="gnome"/>
    <property name="sun.cpu.isalist" value=""/>
  </properties>
  <testcase time="0.088" classname="braunimmobilien.service.UserManagerTest" name="testSaveUser"/>
  <testcase time="0.009" classname="braunimmobilien.service.UserManagerTest" name="testGetUser"/>
  <testcase time="0.234" classname="braunimmobilien.service.UserManagerTest" name="testAddAndRemoveUser"/>
</testsuite>