<?xml version='1.0' encoding='UTF-8'?>
<dataset>
  <Mitrumpf MitNummer="2" MitAufnahmedatum="1996-01-01" MitGeburtsdatum="1949-09-18" MitStatus="1" MitInt="9.999999999999996" MitEigtID="6958" MitSparte="RH" Mitrueckkehr="2006-03-07" MitZeit="14" MitOrdner="braun&#xD;"/>
  <Mitrumpf MitNummer="3" MitAufnahmedatum="1996-01-01" MitGeburtsdatum="1943-07-13" MitStatus="1" MitInt="9.999999999999996" MitEigtID="6959" MitSparte=" RH" Mitrueckkehr="2006-03-08" MitZeit="08" MitOrdner="Knorr&#xD;"/>
  <Mitrumpf MitNummer="4" MitAufnahmedatum="1996-01-01" MitGeburtsdatum="1956-01-30" MitStatus="2" MitInt="9.999999999999996" MitEigtID="6960" MitSparte="HS" Mitrueckkehr="2001-03-30" MitZeit="10" MitOrdner="ERaab&#xD;"/>
  <Mitrumpf MitNummer="8" MitAufnahmedatum="1996-06-01" MitGeburtsdatum="1960-10-01" MitStatus="1" MitInt="9.999999999999996" MitEigtID="6961" MitSparte="EI" Mitrueckkehr="2006-03-09" MitZeit="10" MitOrdner="wipp&#xD;"/>
  <Mitrumpf MitNummer="17" MitAufnahmedatum="1998-01-12" MitGeburtsdatum="1971-09-14" MitStatus="2" MitInt="9.999999999999996" MitEigtID="6962" MitSparte="EI" Mitrueckkehr="2000-10-21" MitZeit="08" MitOrdner="hey&#xD;"/>
  <Mitrumpf MitNummer="19" MitAufnahmedatum="1998-03-17" MitGeburtsdatum="1970-10-08" MitStatus="2" MitInt="9.999999999999996" MitEigtID="6963" MitSparte="RH" Mitrueckkehr="2000-08-09" MitZeit="10" MitOrdner="Sanne&#xD;"/>
  <Mitrumpf MitNummer="28" MitAufnahmedatum="1998-07-01" MitGeburtsdatum="1949-06-23" MitStatus="2" MitInt="9.999999999999996" MitEigtID="6964" MitSparte="HS" Mitrueckkehr="2002-11-06" MitZeit="13" MitOrdner="Schierh&#xD;"/>
  <Mitrumpf MitNummer="29" MitAufnahmedatum="1998-07-01" MitGeburtsdatum="1953-10-11" MitStatus="2" MitInt="9.999999999999996" MitEigtID="6965" MitSparte="RH" Mitrueckkehr="2000-04-28" MitZeit="10" MitOrdner="LRaab&#xD;"/>
  <Mitrumpf MitNummer="30" MitAufnahmedatum="1998-07-17" MitGeburtsdatum="1952-07-05" MitStatus="2" MitInt="9.999999999999996" MitEigtID="6966" MitSparte="RH" Mitrueckkehr="2002-09-09" MitZeit="11" MitOrdner="Klages&#xD;"/>
  <Mitrumpf MitNummer="32" MitAufnahmedatum="1998-07-17" MitGeburtsdatum="1950-05-02" MitStatus="2" MitInt="9.999999999999996" MitEigtID="6967" MitSparte="RH" Mitrueckkehr="2000-06-23" MitZeit="11" MitOrdner="grecza&#xD;"/>
  <Mitrumpf MitNummer="34" MitAufnahmedatum="1998-07-17" MitGeburtsdatum="1961-07-24" MitStatus="2" MitInt="9.999999999999996" MitEigtID="6968" MitSparte="HS" Mitrueckkehr="1999-08-25" MitZeit="08" MitOrdner="NULL&#xD;"/>
  <Mitrumpf MitNummer="35" MitAufnahmedatum="1998-07-17" MitStatus="2" MitInt="9.999999999999996" MitEigtID="6969" MitSparte="EI" Mitrueckkehr="1999-08-03" MitZeit="17" MitOrdner="NULL&#xD;"/>
  <Mitrumpf MitNummer="36" MitAufnahmedatum="1998-07-17" MitGeburtsdatum="1952-07-05" MitStatus="2" MitInt="9.999999999999996" MitEigtID="6" MitSparte="Zentrale oben" Mitrueckkehr="1999-04-22" MitZeit="10" MitOrdner="NULL&#xD;"/>
  <Mitrumpf MitNummer="37" MitAufnahmedatum="1998-07-17" MitGeburtsdatum="1952-07-05" MitStatus="2" MitInt="9.999999999999996" MitEigtID="6" MitSparte="Zentrale unten" Mitrueckkehr="1999-04-22" MitZeit="10" MitOrdner="NULL&#xD;"/>
  <Mitrumpf MitNummer="38" MitAufnahmedatum="1998-07-17" MitGeburtsdatum="1952-07-05" MitStatus="2" MitInt="9.999999999999996" MitEigtID="6" MitSparte="Besprechungsraum" Mitrueckkehr="1999-04-22" MitZeit="10" MitOrdner="NULL&#xD;"/>
  <Mitrumpf MitNummer="39" MitAufnahmedatum="1998-07-17" MitGeburtsdatum="1952-07-05" MitStatus="2" MitInt="9.999999999999996" MitEigtID="6" MitSparte="Anrufbeantworter" Mitrueckkehr="1999-04-22" MitZeit="10" MitOrdner="NULL&#xD;"/>
  <Mitrumpf MitNummer="40" MitAufnahmedatum="1999-05-25" MitGeburtsdatum="1973-09-30" MitStatus="1" MitInt="9.999999999999996" MitEigtID="7132" Mitrueckkehr="2006-03-09" MitZeit="08" MitOrdner="ouerghi&#xD;"/>
  <Mitrumpf MitNummer="41" MitAufnahmedatum="1999-06-19" MitGeburtsdatum="1964-11-08" MitStatus="2" MitInt="9.999999999999996" MitEigtID="7329" MitSparte="HS" Mitrueckkehr="2000-07-21" MitZeit="11" MitOrdner="Drefs&#xD;"/>
  <Mitrumpf MitNummer="42" MitAufnahmedatum="1999-07-19" MitGeburtsdatum="1966-11-18" MitStatus="2" MitInt="9.999999999999996" MitEigtID="7586" MitSparte="HS" Mitrueckkehr="2000-06-07" MitZeit="12" MitOrdner="Heine&#xD;"/>
  <Mitrumpf MitNummer="43" MitAufnahmedatum="1999-08-03" MitGeburtsdatum="1958-03-04" MitStatus="1" MitInt="9.999999999999996" MitEigtID="7668" MitSparte="HS" Mitrueckkehr="2006-03-09" MitZeit="12" MitOrdner="schreit&#xD;"/>
  <Mitrumpf MitNummer="45" MitAufnahmedatum="1999-08-18" MitGeburtsdatum="1947-04-06" MitStatus="2" MitInt="9.999999999999996" MitEigtID="7776" MitSparte="EI" Mitrueckkehr="1999-10-11" MitZeit="11" MitOrdner="kusch&#xD;"/>
  <Mitrumpf MitNummer="46" MitAufnahmedatum="1999-10-12" MitGeburtsdatum="1964-10-27" MitStatus="2" MitInt="9.999999999999996" MitEigtID="8129" MitSparte="EI" Mitrueckkehr="2000-02-03" MitZeit="15" MitOrdner="Arbab&#xD;"/>
  <Mitrumpf MitNummer="47" MitAufnahmedatum="1999-10-12" MitGeburtsdatum="1958-07-23" MitStatus="2" MitInt="9.999999999999996" MitEigtID="8131" MitSparte="HS" Mitrueckkehr="2000-10-18" MitZeit="10" MitOrdner="Stech&#xD;"/>
  <Mitrumpf MitNummer="48" MitAufnahmedatum="2000-03-09" MitGeburtsdatum="1964-06-04" MitStatus="2" MitInt="9.999999999999996" MitEigtID="9031" MitSparte="EI" Mitrueckkehr="2000-03-13" MitZeit="10" MitOrdner="herbst&#xD;"/>
  <Mitrumpf MitNummer="49" MitAufnahmedatum="2000-07-03" MitGeburtsdatum="1961-11-12" MitStatus="2" MitInt="9.999999999999996" MitEigtID="9520" MitSparte="RH" Mitrueckkehr="2002-05-31" MitZeit="08" MitOrdner="NULL&#xD;"/>
  <Mitrumpf MitNummer="50" MitAufnahmedatum="2000-07-05" MitGeburtsdatum="1966-04-15" MitStatus="2" MitInt="9.999999999999996" MitEigtID="9533" MitSparte="EI" Mitrueckkehr="2000-07-14" MitZeit="10" MitOrdner="NULL&#xD;"/>
  <Mitrumpf MitNummer="51" MitAufnahmedatum="2000-07-24" MitStatus="2" MitInt="9.999999999999996" MitEigtID="9594" MitSparte="EI" Mitrueckkehr="2000-08-31" MitZeit="11" MitOrdner="NULL&#xD;"/>
  <Mitrumpf MitNummer="52" MitAufnahmedatum="2000-09-04" MitGeburtsdatum="1937-10-04" MitStatus="2" MitInt="9.999999999999996" MitEigtID="9776" MitSparte="EI" Mitrueckkehr="2000-09-04" MitZeit="10" MitOrdner="Hengst&#xD;"/>
  <Mitrumpf MitNummer="53" MitAufnahmedatum="2000-09-04" MitGeburtsdatum="1942-09-17" MitStatus="2" MitInt="9.999999999999996" MitEigtID="9782" MitSparte="HS" Mitrueckkehr="2000-09-12" MitZeit="11" MitOrdner="Schwebke&#xD;"/>
  <Mitrumpf MitNummer="54" MitAufnahmedatum="2000-09-04" MitGeburtsdatum="1963-07-11" MitStatus="2" MitInt="9.999999999999996" MitEigtID="9786" MitSparte="RH" Mitrueckkehr="2002-05-24" MitZeit="11" MitOrdner="Koschützki&#xD;"/>
  <Mitrumpf MitNummer="55" MitAufnahmedatum="2000-09-21" MitGeburtsdatum="1973-09-05" MitStatus="2" MitInt="9.999999999999996" MitEigtID="9864" MitSparte="EI" Mitrueckkehr="2000-09-27" MitZeit="10" MitOrdner="Klakulack&#xD;"/>
  <Mitrumpf MitNummer="56" MitAufnahmedatum="2001-01-08" MitGeburtsdatum="1962-10-26" MitStatus="2" MitInt="9.999999999999996" MitEigtID="10216" MitSparte="hs" Mitrueckkehr="2001-05-14" MitZeit="09" MitOrdner="winterberg&#xD;"/>
  <Mitrumpf MitNummer="57" MitAufnahmedatum="2001-01-10" MitGeburtsdatum="1976-08-06" MitStatus="2" MitInt="9.999999999999996" MitEigtID="10220" MitSparte="EI" Mitrueckkehr="2002-07-01" MitZeit="10" MitOrdner="schmidt&#xD;"/>
  <Mitrumpf MitNummer="58" MitAufnahmedatum="2001-01-15" MitGeburtsdatum="1961-04-07" MitStatus="2" MitInt="9.999999999999996" MitEigtID="10235" MitSparte="EI" Mitrueckkehr="2001-04-05" MitZeit="08" MitOrdner="Steinberg&#xD;"/>
  <Mitrumpf MitNummer="59" MitAufnahmedatum="2001-04-02" MitGeburtsdatum="1971-01-31" MitStatus="2" MitInt="9.999999999999996" MitEigtID="10669" MitSparte="HS" Mitrueckkehr="2001-04-09" MitZeit="13" MitOrdner="Keulemann&#xD;"/>
  <Mitrumpf MitNummer="60" MitAufnahmedatum="2002-02-25" MitGeburtsdatum="1971-08-31" MitStatus="2" MitInt="9.999999999999996" MitEigtID="12441" MitSparte="EI" Mitrueckkehr="2004-12-22" MitZeit="08" MitOrdner="mahren&#xD;"/>
  <Mitrumpf MitNummer="61" MitAufnahmedatum="2002-02-27" MitGeburtsdatum="1979-07-29" MitStatus="2" MitInt="9.999999999999996" MitEigtID="12466" MitSparte="HS" Mitrueckkehr="2002-03-25" MitZeit="10" MitOrdner="roesler&#xD;"/>
  <Mitrumpf MitNummer="62" MitAufnahmedatum="2002-05-15" MitGeburtsdatum="1978-04-23" MitStatus="2" MitInt="9.999999999999996" MitEigtID="13001" MitSparte="EI" Mitrueckkehr="2002-09-25" MitZeit="11" MitOrdner="NULL&#xD;"/>
  <Mitrumpf MitNummer="63" MitAufnahmedatum="2002-06-11" MitGeburtsdatum="1957-07-07" MitStatus="2" MitInt="9.999999999999996" MitEigtID="13176" MitSparte="HS" Mitrueckkehr="2002-09-18" MitZeit="10" MitOrdner="NULL&#xD;"/>
  <Mitrumpf MitNummer="64" MitAufnahmedatum="2002-06-19" MitStatus="2" MitInt="9.999999999999996" MitEigtID="13228" MitSparte="RH" Mitrueckkehr="2002-07-01" MitZeit="08" MitOrdner="NULL&#xD;"/>
  <Mitrumpf MitNummer="65" MitAufnahmedatum="2002-08-06" MitGeburtsdatum="1967-04-29" MitStatus="2" MitInt="9.999999999999996" MitEigtID="13497" MitSparte="RH" Mitrueckkehr="2005-12-22" MitZeit="09" MitOrdner="NULL&#xD;"/>
  <Mitrumpf MitNummer="66" MitAufnahmedatum="2002-09-25" MitGeburtsdatum="1950-09-08" MitStatus="2" MitInt="9.999999999999996" MitEigtID="13836" MitSparte="HS" Mitrueckkehr="2005-04-29" MitZeit="09" MitOrdner="göttling&#xD;"/>
  <Mitrumpf MitNummer="67" MitAufnahmedatum="2002-10-07" MitGeburtsdatum="1952-08-20" MitStatus="2" MitInt="9.999999999999996" MitEigtID="13912" MitSparte="EI" Mitrueckkehr="2003-03-19" MitZeit="11" MitOrdner="korte&#xD;"/>
  <Mitrumpf MitNummer="68" MitAufnahmedatum="2002-10-07" MitGeburtsdatum="1944-11-11" MitStatus="2" MitInt="9.999999999999996" MitEigtID="10775" MitSparte="RH" Mitrueckkehr="2002-10-18" MitZeit="10" MitOrdner="wolf&#xD;"/>
  <Mitrumpf MitNummer="69" MitAufnahmedatum="2002-11-12" MitGeburtsdatum="1968-12-21" MitStatus="2" MitInt="9.999999999999996" MitEigtID="14204" MitSparte="RH" Mitrueckkehr="2003-10-15" MitZeit="09" MitOrdner="look&#xD;"/>
  <Mitrumpf MitNummer="70" MitAufnahmedatum="2003-02-03" MitGeburtsdatum="1941-11-01" MitStatus="2" MitInt="9.999999999999996" MitEigtID="14873" Mitrueckkehr="2005-04-27" MitZeit="16" MitOrdner="NULL&#xD;"/>
  <Mitrumpf MitNummer="71" MitAufnahmedatum="2003-02-03" MitGeburtsdatum="1974-10-09" MitStatus="2" MitInt="9.999999999999996" MitEigtID="14875" MitSparte="HS" Mitrueckkehr="2003-09-18" MitZeit="12" MitOrdner="NULL&#xD;"/>
  <Mitrumpf MitNummer="72" MitAufnahmedatum="2003-03-10" MitGeburtsdatum="1971-08-30" MitStatus="1" MitInt="9.999999999999996" MitEigtID="15180" MitSparte="RH" Mitrueckkehr="2006-03-09" MitZeit="09" MitOrdner="NULL&#xD;"/>
  <Mitrumpf MitNummer="73" MitAufnahmedatum="2003-04-04" MitGeburtsdatum="1952-08-09" MitStatus="2" MitInt="9.999999999999996" MitEigtID="15456" MitSparte="EI" Mitrueckkehr="2005-03-10" MitZeit="09" MitOrdner="henneke&#xD;"/>
  <Mitrumpf MitNummer="74" MitAufnahmedatum="2003-05-05" MitGeburtsdatum="1958-04-05" MitStatus="1" MitInt="9.999999999999996" MitEigtID="15699" MitSparte="EI" Mitrueckkehr="2006-03-08" MitZeit="09" MitOrdner="eggers&#xD;"/>
  <Mitrumpf MitNummer="75" MitAufnahmedatum="2003-05-27" MitGeburtsdatum="1969-04-20" MitStatus="1" MitInt="9.999999999999996" MitEigtID="15944" MitSparte="HS" Mitrueckkehr="2006-03-09" MitZeit="10" MitOrdner="Dittmar&#xD;"/>
  <Mitrumpf MitNummer="76" MitAufnahmedatum="2003-11-10" MitStatus="2" MitInt="9.999999999999996" MitEigtID="18529" MitSparte="HS" Mitrueckkehr="2003-11-12" MitZeit="09" MitOrdner="NULL&#xD;"/>
  <Mitrumpf MitNummer="77" MitAufnahmedatum="2003-11-19" MitGeburtsdatum="1961-05-15" MitStatus="2" MitInt="9.999999999999996" MitEigtID="18609" MitSparte="HS" Mitrueckkehr="2004-02-02" MitZeit="10" MitOrdner="schuster&#xD;"/>
  <Mitrumpf MitNummer="78" MitAufnahmedatum="2004-01-28" MitGeburtsdatum="1982-05-10" MitStatus="2" MitInt="9.999999999999996" MitEigtID="19044" Mitrueckkehr="2004-03-05" MitZeit="09" MitOrdner="NULL&#xD;"/>
  <Mitrumpf MitNummer="79" MitAufnahmedatum="2004-02-16" MitGeburtsdatum="1944-07-24" MitStatus="2" MitInt="9.999999999999996" MitEigtID="19200" MitSparte="HS" Mitrueckkehr="2004-12-27" MitZeit="10" MitOrdner="NULL&#xD;"/>
  <Mitrumpf MitNummer="80" MitAufnahmedatum="2004-08-03" MitGeburtsdatum="1982-08-15" MitStatus="2" MitInt="9.999999999999996" MitEigtID="20228" Mitrueckkehr="2005-09-28" MitZeit="08" MitOrdner="NULL&#xD;"/>
  <Mitrumpf MitNummer="81" MitAufnahmedatum="2004-11-15" MitGeburtsdatum="1963-03-07" MitStatus="2" MitInt="9.999999999999996" MitEigtID="21026" MitSparte="HS" Mitrueckkehr="2004-11-22" MitZeit="09" MitOrdner="scheel&#xD;"/>
  <Mitrumpf MitNummer="82" MitAufnahmedatum="2004-11-25" MitGeburtsdatum="1952-09-30" MitStatus="2" MitInt="9.999999999999996" MitEigtID="21124" MitSparte="HS" Mitrueckkehr="2004-12-08" MitZeit="09" MitOrdner="Mattern&#xD;"/>
  <Mitrumpf MitNummer="83" MitAufnahmedatum="2005-04-18" MitGeburtsdatum="1947-11-08" MitStatus="1" MitInt="9.999999999999996" MitEigtID="11873" MitSparte="HS" Mitrueckkehr="2006-03-09" MitZeit="11" MitOrdner="Blobel&#xD;"/>
  <Mitrumpf MitNummer="84" MitAufnahmedatum="2005-05-02" MitGeburtsdatum="1949-07-18" MitStatus="1" MitInt="9.999999999999996" MitEigtID="22361" Mitrueckkehr="2006-03-08" MitZeit="15" MitOrdner="NULL&#xD;"/>
  <Mitrumpf MitNummer="85" MitAufnahmedatum="2005-07-06" MitGeburtsdatum="1961-12-25" MitStatus="1" MitInt="9.999999999999996" MitEigtID="22820" MitSparte="EI" Mitrueckkehr="2006-03-09" MitZeit="08" MitOrdner="spannaus&#xD;"/>
  <Mitrumpf MitNummer="86" MitAufnahmedatum="2005-08-31" MitGeburtsdatum="1971-12-31" MitStatus="1" MitInt="9.999999999999996" MitEigtID="23315" MitSparte="HS" Mitrueckkehr="2006-03-09" MitZeit="09" MitOrdner="kugeler&#xD;"/>
  <Mitrumpf MitNummer="87" MitAufnahmedatum="2005-08-31" MitGeburtsdatum="1985-04-25" MitStatus="2" MitInt="9.999999999999996" MitEigtID="23316" Mitrueckkehr="2005-09-30" MitZeit="08" MitOrdner="mühlen&#xD;"/>
  <Mitrumpf MitNummer="88" MitAufnahmedatum="2006-02-02" MitGeburtsdatum="1958-05-14" MitStatus="1" MitInt="9.999999999999996" MitEigtID="24590" MitSparte="EI" Mitrueckkehr="2006-03-09" MitZeit="14" MitOrdner="fanck&#xD;"/>
  <Mitrumpf MitNummer="89" MitAufnahmedatum="1996-01-01" MitGeburtsdatum="1949-09-18" MitStatus="0" MitInt="9.999999999999996" MitEigtID="6958" MitSparte="RH" Mitrueckkehr="2006-03-07" MitZeit="14" MitOrdner="braun&#xD;"/>
  <Mitrumpf MitNummer="90" MitAufnahmedatum="1996-01-01" MitGeburtsdatum="1949-09-18" MitStatus="0" MitInt="9.999999999999996" MitEigtID="6958" MitSparte="RH" Mitrueckkehr="2006-03-07" MitZeit="14" MitOrdner="braun&#xD;"/>
  <Mitrumpf MitNummer="91" MitAufnahmedatum="1996-01-01" MitGeburtsdatum="1949-09-18" MitStatus="0" MitInt="9.999999999999996" MitEigtID="6958" MitSparte="RH" Mitrueckkehr="2006-03-07" MitZeit="14" MitOrdner="braun&#xD;"/>
  <Mitrumpf MitNummer="92" MitAufnahmedatum="1996-01-01" MitGeburtsdatum="1949-09-18" MitStatus="0" MitInt="9.999999999999996" MitEigtID="6958" MitSparte="RH" Mitrueckkehr="2006-03-07" MitZeit="14" MitOrdner="braun&#xD;"/>
  <Mitrumpf MitNummer="93" MitAufnahmedatum="1996-01-01" MitGeburtsdatum="1949-09-18" MitStatus="0" MitInt="9.999999999999996" MitEigtID="6958" MitSparte="RH" Mitrueckkehr="2006-03-07" MitZeit="14" MitOrdner="braun&#xD;"/>
  <Mitrumpf MitNummer="94" MitAufnahmedatum="1996-01-01" MitGeburtsdatum="1949-09-18" MitStatus="0" MitInt="9.999999999999996" MitEigtID="6958" MitSparte="RH" Mitrueckkehr="2006-03-07" MitZeit="14" MitOrdner="braun&#xD;"/>
  <Mitrumpf MitNummer="95" MitAufnahmedatum="1996-01-01" MitGeburtsdatum="1949-09-18" MitStatus="0" MitInt="9.999999999999996" MitEigtID="6958" MitSparte="RH" Mitrueckkehr="2006-03-07" MitZeit="14" MitOrdner="braun&#xD;"/>
  <Mitrumpf MitNummer="96" MitAufnahmedatum="1996-01-01" MitGeburtsdatum="1949-09-18" MitStatus="0" MitInt="9.999999999999996" MitEigtID="6958" MitSparte="RH" Mitrueckkehr="2006-03-07" MitZeit="14" MitOrdner="braun&#xD;"/>
  <Mitrumpf MitNummer="97" MitAufnahmedatum="1996-01-01" MitGeburtsdatum="1949-09-18" MitStatus="0" MitInt="9.999999999999996" MitEigtID="6958" MitSparte="RH" Mitrueckkehr="2006-03-07" MitZeit="14" MitOrdner="braun&#xD;"/>
  <Mitrumpf MitNummer="98" MitAufnahmedatum="1996-01-01" MitGeburtsdatum="1949-09-18" MitStatus="0" MitInt="9.999999999999996" MitEigtID="6958" MitSparte="RH" Mitrueckkehr="2006-03-07" MitZeit="14" MitOrdner="braun&#xD;"/>
  <Mitrumpf MitNummer="99" MitAufnahmedatum="1996-01-01" MitGeburtsdatum="1949-09-18" MitStatus="0" MitInt="9.999999999999996" MitEigtID="6958" MitSparte="RH" Mitrueckkehr="2006-03-07" MitZeit="14" MitOrdner="braun&#xD;"/>
  <Mitrumpf MitNummer="100" MitAufnahmedatum="1996-01-01" MitGeburtsdatum="1949-09-18" MitStatus="0" MitInt="9.999999999999996" MitEigtID="6958" MitSparte="RH" Mitrueckkehr="2006-03-07" MitZeit="14" MitOrdner="braun&#xD;"/>
  <Mitrumpf MitNummer="101" MitAufnahmedatum="1996-01-01" MitGeburtsdatum="1949-09-18" MitStatus="0" MitInt="9.999999999999996" MitEigtID="6958" MitSparte="RH" Mitrueckkehr="2006-03-07" MitZeit="14" MitOrdner="braun&#xD;"/>
  <Mitrumpf MitNummer="102" MitAufnahmedatum="1996-01-01" MitGeburtsdatum="1949-09-18" MitStatus="0" MitInt="9.999999999999996" MitEigtID="6958" MitSparte="RH" Mitrueckkehr="2006-03-07" MitZeit="14" MitOrdner="braun&#xD;"/>
  <Mitrumpf MitNummer="103" MitAufnahmedatum="1996-01-01" MitGeburtsdatum="1949-09-18" MitStatus="0" MitInt="9.999999999999996" MitEigtID="6958" MitSparte="RH" Mitrueckkehr="2006-03-07" MitZeit="14" MitOrdner="braun&#xD;"/>
  <Mitrumpf MitNummer="104" MitAufnahmedatum="1996-01-01" MitGeburtsdatum="1949-09-18" MitStatus="0" MitInt="9.999999999999996" MitEigtID="6958" MitSparte="RH" Mitrueckkehr="2006-03-07" MitZeit="14" MitOrdner="braun&#xD;"/>
  <Mitrumpf MitNummer="105" MitAufnahmedatum="1996-01-01" MitGeburtsdatum="1949-09-18" MitStatus="0" MitInt="9.999999999999996" MitEigtID="6958" MitSparte="RH" Mitrueckkehr="2006-03-07" MitZeit="14" MitOrdner="braun&#xD;"/>
  <Mitrumpf MitNummer="106" MitAufnahmedatum="1996-01-01" MitGeburtsdatum="1949-09-18" MitStatus="0" MitInt="9.999999999999996" MitEigtID="6958" MitSparte="RH" Mitrueckkehr="2006-03-07" MitZeit="14" MitOrdner="braun&#xD;"/>
  <Mitrumpf MitNummer="107" MitAufnahmedatum="1996-01-01" MitGeburtsdatum="1949-09-18" MitStatus="0" MitInt="9.999999999999996" MitEigtID="6958" MitSparte="RH" Mitrueckkehr="2006-03-07" MitZeit="14" MitOrdner="braun&#xD;"/>
  <Mitrumpf MitNummer="108" MitAufnahmedatum="1996-01-01" MitGeburtsdatum="1949-09-18" MitStatus="0" MitInt="9.999999999999996" MitEigtID="6958" MitSparte="RH" Mitrueckkehr="2006-03-07" MitZeit="14" MitOrdner="braun&#xD;"/>
  <Mitrumpf MitNummer="109" MitAufnahmedatum="1996-01-01" MitGeburtsdatum="1949-09-18" MitStatus="0" MitInt="9.999999999999996" MitEigtID="6958" MitSparte="RH" Mitrueckkehr="2006-03-07" MitZeit="14" MitOrdner="braun&#xD;"/>
  <Mitrumpf MitNummer="110" MitAufnahmedatum="1996-01-01" MitGeburtsdatum="1949-09-18" MitStatus="0" MitInt="9.999999999999996" MitEigtID="6958" MitSparte="RH" Mitrueckkehr="2006-03-07" MitZeit="14" MitOrdner="braun&#xD;"/>
  <Mitrumpf MitNummer="111" MitAufnahmedatum="1996-01-01" MitGeburtsdatum="1949-09-18" MitStatus="0" MitInt="9.999999999999996" MitEigtID="6958" MitSparte="RH" Mitrueckkehr="2006-03-07" MitZeit="14" MitOrdner="braun&#xD;"/>
  <Mitrumpf MitNummer="112" MitAufnahmedatum="1996-01-01" MitGeburtsdatum="1949-09-18" MitStatus="0" MitInt="9.999999999999996" MitEigtID="6958" MitSparte="RH" Mitrueckkehr="2006-03-07" MitZeit="14" MitOrdner="braun&#xD;"/>
  <Mitrumpf MitNummer="113" MitAufnahmedatum="1996-01-01" MitGeburtsdatum="1949-09-18" MitStatus="0" MitInt="9.999999999999996" MitEigtID="6958" MitSparte="RH" Mitrueckkehr="2006-03-07" MitZeit="14" MitOrdner="braun&#xD;"/>
  <Mitrumpf MitNummer="114" MitAufnahmedatum="1996-01-01" MitGeburtsdatum="1949-09-18" MitStatus="0" MitInt="9.999999999999996" MitEigtID="6958" MitSparte="RH" Mitrueckkehr="2006-03-07" MitZeit="14" MitOrdner="braun&#xD;"/>
  <Mitrumpf MitNummer="115" MitAufnahmedatum="1996-01-01" MitGeburtsdatum="1949-09-18" MitStatus="0" MitInt="9.999999999999996" MitEigtID="6958" MitSparte="RH" Mitrueckkehr="2006-03-07" MitZeit="14" MitOrdner="braun&#xD;"/>
  <Mitrumpf MitNummer="116" MitAufnahmedatum="1996-01-01" MitGeburtsdatum="1949-09-18" MitStatus="0" MitInt="9.999999999999996" MitEigtID="6958" MitSparte="RH" Mitrueckkehr="2006-03-07" MitZeit="14" MitOrdner="braun&#xD;"/>
  <Mitrumpf MitNummer="117" MitAufnahmedatum="1996-01-01" MitGeburtsdatum="1949-09-18" MitStatus="0" MitInt="9.999999999999996" MitEigtID="6958" MitSparte="RH" Mitrueckkehr="2006-03-07" MitZeit="14" MitOrdner="braun&#xD;"/>
  <Mitrumpf MitNummer="118" MitAufnahmedatum="1996-01-01" MitGeburtsdatum="1949-09-18" MitStatus="0" MitInt="9.999999999999996" MitEigtID="6958" MitSparte="RH" Mitrueckkehr="2006-03-07" MitZeit="14" MitOrdner="braun&#xD;"/>
  <Mitrumpf MitNummer="119" MitAufnahmedatum="1996-01-01" MitGeburtsdatum="1949-09-18" MitStatus="0" MitInt="9.999999999999996" MitEigtID="6958" MitSparte="RH" Mitrueckkehr="2006-03-07" MitZeit="14" MitOrdner="braun&#xD;"/>
  <Mitrumpf MitNummer="120" MitAufnahmedatum="1996-01-01" MitGeburtsdatum="1949-09-18" MitStatus="0" MitInt="9.999999999999996" MitEigtID="6958" MitSparte="RH" Mitrueckkehr="2006-03-07" MitZeit="14" MitOrdner="braun&#xD;"/>
  <Mitrumpf MitNummer="121" MitAufnahmedatum="1996-01-01" MitGeburtsdatum="1949-09-18" MitStatus="0" MitInt="9.999999999999996" MitEigtID="6958" MitSparte="RH" Mitrueckkehr="2006-03-07" MitZeit="14" MitOrdner="braun&#xD;"/>
  <Mitrumpf MitNummer="122" MitAufnahmedatum="1996-01-01" MitGeburtsdatum="1949-09-18" MitStatus="0" MitInt="9.999999999999996" MitEigtID="6958" MitSparte="RH" Mitrueckkehr="2006-03-07" MitZeit="14" MitOrdner="braun&#xD;"/>
  <Mitrumpf MitNummer="123" MitAufnahmedatum="1996-01-01" MitGeburtsdatum="1949-09-18" MitStatus="0" MitInt="9.999999999999996" MitEigtID="6958" MitSparte="RH" Mitrueckkehr="2006-03-07" MitZeit="14" MitOrdner="braun&#xD;"/>
  <Mitrumpf MitNummer="124" MitAufnahmedatum="1996-01-01" MitGeburtsdatum="1949-09-18" MitStatus="0" MitInt="9.999999999999996" MitEigtID="6958" MitSparte="RH" Mitrueckkehr="2006-03-07" MitZeit="14" MitOrdner="braun&#xD;"/>
  <Mitrumpf MitNummer="125" MitAufnahmedatum="1996-01-01" MitGeburtsdatum="1949-09-18" MitStatus="0" MitInt="9.999999999999996" MitEigtID="6958" MitSparte="RH" Mitrueckkehr="2006-03-07" MitZeit="14" MitOrdner="braun&#xD;"/>
</dataset>
