<?xml version='1.0' encoding='UTF-8'?>
<dataset>
  <Zuordnungstabelle Zuordnungsnummer="1" KundEigtNr="70" ObjektID="12" ZuordnungsartID="5"/>
  <Zuordnungstabelle Zuordnungsnummer="2" KundEigtNr="70" ObjektID="13" ZuordnungsartID="5"/>
  <Zuordnungstabelle Zuordnungsnummer="3" KundEigtNr="71" ObjektID="16" ZuordnungsartID="5"/>
  <Zuordnungstabelle Zuordnungsnummer="4" KundEigtNr="72" ObjektID="19" ZuordnungsartID="5"/>
  <Zuordnungstabelle Zuordnungsnummer="5" KundEigtNr="3554" ObjektID="22" ZuordnungsartID="5"/>
  <Zuordnungstabelle Zuordnungsnummer="6" KundEigtNr="73" ObjektID="23" ZuordnungsartID="5"/>
  <Zuordnungstabelle Zuordnungsnummer="7" KundEigtNr="2233" ObjektID="25" ZuordnungsartID="5"/>
  <Zuordnungstabelle Zuordnungsnummer="8" KundEigtNr="76" ObjektID="26" ZuordnungsartID="5"/>
  <Zuordnungstabelle Zuordnungsnummer="9" KundEigtNr="77" ObjektID="29" ZuordnungsartID="5"/>
  <Zuordnungstabelle Zuordnungsnummer="10" KundEigtNr="78" ObjektID="30" ZuordnungsartID="5"/>
  <Zuordnungstabelle Zuordnungsnummer="11" KundEigtNr="79" ObjektID="31" ZuordnungsartID="5"/>
  <Zuordnungstabelle Zuordnungsnummer="12" KundEigtNr="80" ObjektID="34" ZuordnungsartID="5"/>
  <Zuordnungstabelle Zuordnungsnummer="13" KundEigtNr="81" ObjektID="35" ZuordnungsartID="5"/>
  <Zuordnungstabelle Zuordnungsnummer="14" KundEigtNr="82" ObjektID="37" ZuordnungsartID="5"/>
  <Zuordnungstabelle Zuordnungsnummer="15" KundEigtNr="83" ObjektID="38" ZuordnungsartID="5"/>
  <Zuordnungstabelle Zuordnungsnummer="16" KundEigtNr="84" ObjektID="39" ZuordnungsartID="5"/>
  <Zuordnungstabelle Zuordnungsnummer="17" KundEigtNr="85" ObjektID="42" ZuordnungsartID="5"/>
  <Zuordnungstabelle Zuordnungsnummer="18" KundEigtNr="86" ObjektID="43" ZuordnungsartID="5"/>
  <Zuordnungstabelle Zuordnungsnummer="19" KundEigtNr="87" ObjektID="47" ZuordnungsartID="5"/>
  <Zuordnungstabelle Zuordnungsnummer="20" KundEigtNr="88" ObjektID="48" ZuordnungsartID="5"/>
  <Zuordnungstabelle Zuordnungsnummer="21" KundEigtNr="89" ObjektID="49" ZuordnungsartID="5"/>
  <Zuordnungstabelle Zuordnungsnummer="22" KundEigtNr="41" ObjektID="50" ZuordnungsartID="5"/>
  <Zuordnungstabelle Zuordnungsnummer="23" KundEigtNr="181" ObjektID="62" ZuordnungsartID="5"/>
  <Zuordnungstabelle Zuordnungsnummer="24" KundEigtNr="181" ObjektID="63" ZuordnungsartID="8"/>
  <Zuordnungstabelle Zuordnungsnummer="25" KundEigtNr="73" ObjektID="65" ZuordnungsartID="5"/>
  <Zuordnungstabelle Zuordnungsnummer="26" KundEigtNr="38" ObjektID="70" ZuordnungsartID="5"/>
  <Zuordnungstabelle Zuordnungsnummer="27" KundEigtNr="241" ObjektID="73" ZuordnungsartID="5"/>
  <Zuordnungstabelle Zuordnungsnummer="28" KundEigtNr="1515" ObjektID="76" ZuordnungsartID="5"/>
  <Zuordnungstabelle Zuordnungsnummer="29" KundEigtNr="242" ObjektID="79" ZuordnungsartID="5"/>
  <Zuordnungstabelle Zuordnungsnummer="30" KundEigtNr="243" ObjektID="83" ZuordnungsartID="5"/>
  <Zuordnungstabelle Zuordnungsnummer="31" KundEigtNr="39" ObjektID="84" ZuordnungsartID="5"/>
  <Zuordnungstabelle Zuordnungsnummer="32" KundEigtNr="40" ObjektID="85" ZuordnungsartID="5"/>
  <Zuordnungstabelle Zuordnungsnummer="33" KundEigtNr="181" ObjektID="93" ZuordnungsartID="5"/>
  <Zuordnungstabelle Zuordnungsnummer="34" KundEigtNr="9" ObjektID="112" ZuordnungsartID="5"/>
  <Zuordnungstabelle Zuordnungsnummer="35" KundEigtNr="10" ObjektID="113" ZuordnungsartID="5"/>
  <Zuordnungstabelle Zuordnungsnummer="36" KundEigtNr="15" ObjektID="114" ZuordnungsartID="5"/>
  <Zuordnungstabelle Zuordnungsnummer="37" KundEigtNr="12" ObjektID="115" ZuordnungsartID="5"/>
  <Zuordnungstabelle Zuordnungsnummer="38" KundEigtNr="14" ObjektID="116" ZuordnungsartID="5"/>
  <Zuordnungstabelle Zuordnungsnummer="39" KundEigtNr="3613" ObjektID="117" ZuordnungsartID="5"/>
  <Zuordnungstabelle Zuordnungsnummer="40" KundEigtNr="16" ObjektID="118" ZuordnungsartID="5"/>
  <Zuordnungstabelle Zuordnungsnummer="41" KundEigtNr="16" ObjektID="119" ZuordnungsartID="5"/>
  <Zuordnungstabelle Zuordnungsnummer="42" KundEigtNr="16" ObjektID="4073" ZuordnungsartID="5"/>
  <Zuordnungstabelle Zuordnungsnummer="43" KundEigtNr="17" ObjektID="8272" ZuordnungsartID="5"/>
  <Zuordnungstabelle Zuordnungsnummer="44" KundEigtNr="18" ObjektID="1877" ZuordnungsartID="5"/>
  <Zuordnungstabelle Zuordnungsnummer="45" KundEigtNr="22" ObjektID="124" ZuordnungsartID="5"/>
  <Zuordnungstabelle Zuordnungsnummer="46" KundEigtNr="23" ObjektID="8394" ZuordnungsartID="5"/>
  <Zuordnungstabelle Zuordnungsnummer="47" KundEigtNr="3709" ObjektID="8403" ZuordnungsartID="5"/>
  <Zuordnungstabelle Zuordnungsnummer="48" KundEigtNr="3728" ObjektID="8574" ZuordnungsartID="5"/>
  <Zuordnungstabelle Zuordnungsnummer="49" KundEigtNr="1303" ObjektID="129" ZuordnungsartID="5"/>
  <Zuordnungstabelle Zuordnungsnummer="52" KundEigtNr="30" ObjektID="133" ZuordnungsartID="5"/>
  <Zuordnungstabelle Zuordnungsnummer="54" KundEigtNr="36" ObjektID="141" ZuordnungsartID="5"/>
  <Zuordnungstabelle Zuordnungsnummer="55" KundEigtNr="53" ObjektID="142" ZuordnungsartID="5"/>
  <Zuordnungstabelle Zuordnungsnummer="56" KundEigtNr="3512" ObjektID="144" ZuordnungsartID="5"/>
  <Zuordnungstabelle Zuordnungsnummer="57" KundEigtNr="55" ObjektID="145" ZuordnungsartID="5"/>
  <Zuordnungstabelle Zuordnungsnummer="58" KundEigtNr="56" ObjektID="148" ZuordnungsartID="5"/>
  <Zuordnungstabelle Zuordnungsnummer="59" KundEigtNr="57" ObjektID="150" ZuordnungsartID="5"/>
  <Zuordnungstabelle Zuordnungsnummer="60" KundEigtNr="58" ObjektID="151" ZuordnungsartID="5"/>
  <Zuordnungstabelle Zuordnungsnummer="61" KundEigtNr="60" ObjektID="152" ZuordnungsartID="5"/>
  <Zuordnungstabelle Zuordnungsnummer="62" KundEigtNr="61" ObjektID="154" ZuordnungsartID="5"/>
  <Zuordnungstabelle Zuordnungsnummer="63" KundEigtNr="51" ObjektID="156" ZuordnungsartID="5"/>
  <Zuordnungstabelle Zuordnungsnummer="64" KundEigtNr="62" ObjektID="160" ZuordnungsartID="5"/>
  <Zuordnungstabelle Zuordnungsnummer="65" KundEigtNr="3325" ObjektID="161" ZuordnungsartID="5"/>
  <Zuordnungstabelle Zuordnungsnummer="66" KundEigtNr="64" ObjektID="166" ZuordnungsartID="5"/>
  <Zuordnungstabelle Zuordnungsnummer="67" KundEigtNr="38" ObjektID="187" ZuordnungsartID="5"/>
  <Zuordnungstabelle Zuordnungsnummer="68" KundEigtNr="1071" ObjektID="195" ZuordnungsartID="5"/>
  <Zuordnungstabelle Zuordnungsnummer="69" KundEigtNr="38" ObjektID="196" ZuordnungsartID="5"/>
  <Zuordnungstabelle Zuordnungsnummer="70" KundEigtNr="67" ObjektID="197" ZuordnungsartID="5"/>
  <Zuordnungstabelle Zuordnungsnummer="71" KundEigtNr="38" ObjektID="198" ZuordnungsartID="5"/>
  <Zuordnungstabelle Zuordnungsnummer="72" KundEigtNr="68" ObjektID="200" ZuordnungsartID="5"/>
  <Zuordnungstabelle Zuordnungsnummer="73" KundEigtNr="69" ObjektID="203" ZuordnungsartID="5"/>
  <Zuordnungstabelle Zuordnungsnummer="74" KundEigtNr="1515" ObjektID="8743" ZuordnungsartID="5"/>
  <Zuordnungstabelle Zuordnungsnummer="75" KundEigtNr="43" ObjektID="212" ZuordnungsartID="5"/>
  <Zuordnungstabelle Zuordnungsnummer="76" KundEigtNr="42" ObjektID="213" ZuordnungsartID="5"/>
  <Zuordnungstabelle Zuordnungsnummer="77" KundEigtNr="50" ObjektID="1376" ZuordnungsartID="5"/>
  <Zuordnungstabelle Zuordnungsnummer="78" KundEigtNr="52" ObjektID="216" ZuordnungsartID="5"/>
  <Zuordnungstabelle Zuordnungsnummer="79" KundEigtNr="47" ObjektID="218" ZuordnungsartID="5"/>
  <Zuordnungstabelle Zuordnungsnummer="80" KundEigtNr="47" ObjektID="219" ZuordnungsartID="5"/>
  <Zuordnungstabelle Zuordnungsnummer="81" KundEigtNr="47" ObjektID="220" ZuordnungsartID="5"/>
  <Zuordnungstabelle Zuordnungsnummer="82" KundEigtNr="47" ObjektID="221" ZuordnungsartID="5"/>
  <Zuordnungstabelle Zuordnungsnummer="83" KundEigtNr="47" ObjektID="222" ZuordnungsartID="5"/>
  <Zuordnungstabelle Zuordnungsnummer="84" KundEigtNr="48" ObjektID="223" ZuordnungsartID="5"/>
  <Zuordnungstabelle Zuordnungsnummer="85" KundEigtNr="48" ObjektID="224" ZuordnungsartID="5"/>
  <Zuordnungstabelle Zuordnungsnummer="86" KundEigtNr="48" ObjektID="225" ZuordnungsartID="5"/>
  <Zuordnungstabelle Zuordnungsnummer="87" KundEigtNr="48" ObjektID="226" ZuordnungsartID="5"/>
  <Zuordnungstabelle Zuordnungsnummer="88" KundEigtNr="48" ObjektID="227" ZuordnungsartID="5"/>
  <Zuordnungstabelle Zuordnungsnummer="89" KundEigtNr="49" ObjektID="228" ZuordnungsartID="5"/>
  <Zuordnungstabelle Zuordnungsnummer="90" KundEigtNr="48" ObjektID="229" ZuordnungsartID="5"/>
  <Zuordnungstabelle Zuordnungsnummer="91" KundEigtNr="49" ObjektID="230" ZuordnungsartID="5"/>
  <Zuordnungstabelle Zuordnungsnummer="92" KundEigtNr="48" ObjektID="231" ZuordnungsartID="5"/>
  <Zuordnungstabelle Zuordnungsnummer="93" KundEigtNr="49" ObjektID="232" ZuordnungsartID="5"/>
  <Zuordnungstabelle Zuordnungsnummer="94" KundEigtNr="48" ObjektID="233" ZuordnungsartID="5"/>
  <Zuordnungstabelle Zuordnungsnummer="95" KundEigtNr="48" ObjektID="234" ZuordnungsartID="5"/>
  <Zuordnungstabelle Zuordnungsnummer="96" KundEigtNr="245" ObjektID="420" ZuordnungsartID="5"/>
  <Zuordnungstabelle Zuordnungsnummer="97" KundEigtNr="246" ObjektID="421" ZuordnungsartID="5"/>
  <Zuordnungstabelle Zuordnungsnummer="98" KundEigtNr="95" ObjektID="521" ZuordnungsartID="5"/>
  <Zuordnungstabelle Zuordnungsnummer="99" KundEigtNr="99" ObjektID="522" ZuordnungsartID="5"/>
  <Zuordnungstabelle Zuordnungsnummer="100" KundEigtNr="93" ObjektID="525" ZuordnungsartID="5"/>
  <Zuordnungstabelle Zuordnungsnummer="101" KundEigtNr="96" ObjektID="528" ZuordnungsartID="5"/>
  <Zuordnungstabelle Zuordnungsnummer="105" KundEigtNr="91" ObjektID="540" ZuordnungsartID="5"/>
  <Zuordnungstabelle Zuordnungsnummer="106" KundEigtNr="90" ObjektID="542" ZuordnungsartID="5"/>
  <Zuordnungstabelle Zuordnungsnummer="107" KundEigtNr="189" ObjektID="577" ZuordnungsartID="5"/>
  <Zuordnungstabelle Zuordnungsnummer="108" KundEigtNr="189" ObjektID="578" ZuordnungsartID="5"/>
  <Zuordnungstabelle Zuordnungsnummer="109" KundEigtNr="97" ObjektID="585" ZuordnungsartID="5"/>
  <Zuordnungstabelle Zuordnungsnummer="110" KundEigtNr="97" ObjektID="593" ZuordnungsartID="5"/>
  <Zuordnungstabelle Zuordnungsnummer="111" KundEigtNr="273" ObjektID="594" ZuordnungsartID="5"/>
  <Zuordnungstabelle Zuordnungsnummer="114" KundEigtNr="1954" ObjektID="751" ZuordnungsartID="5"/>
  <Zuordnungstabelle Zuordnungsnummer="115" KundEigtNr="102" ObjektID="752" ZuordnungsartID="5"/>
  <Zuordnungstabelle Zuordnungsnummer="116" KundEigtNr="103" ObjektID="753" ZuordnungsartID="5"/>
  <Zuordnungstabelle Zuordnungsnummer="117" KundEigtNr="104" ObjektID="755" ZuordnungsartID="5"/>
  <Zuordnungstabelle Zuordnungsnummer="118" KundEigtNr="105" ObjektID="756" ZuordnungsartID="5"/>
  <Zuordnungstabelle Zuordnungsnummer="120" KundEigtNr="106" ObjektID="761" ZuordnungsartID="5"/>
  <Zuordnungstabelle Zuordnungsnummer="121" KundEigtNr="108" ObjektID="762" ZuordnungsartID="5"/>
  <Zuordnungstabelle Zuordnungsnummer="123" KundEigtNr="1949" ObjektID="765" ZuordnungsartID="5"/>
  <Zuordnungstabelle Zuordnungsnummer="124" KundEigtNr="111" ObjektID="768" ZuordnungsartID="5"/>
  <Zuordnungstabelle Zuordnungsnummer="125" KundEigtNr="112" ObjektID="769" ZuordnungsartID="5"/>
  <Zuordnungstabelle Zuordnungsnummer="126" KundEigtNr="2583" ObjektID="770" ZuordnungsartID="5"/>
  <Zuordnungstabelle Zuordnungsnummer="127" KundEigtNr="114" ObjektID="771" ZuordnungsartID="5"/>
  <Zuordnungstabelle Zuordnungsnummer="128" KundEigtNr="115" ObjektID="773" ZuordnungsartID="5"/>
  <Zuordnungstabelle Zuordnungsnummer="129" KundEigtNr="24" ObjektID="783" ZuordnungsartID="5"/>
  <Zuordnungstabelle Zuordnungsnummer="130" KundEigtNr="49" ObjektID="790" ZuordnungsartID="5"/>
  <Zuordnungstabelle Zuordnungsnummer="131" KundEigtNr="221" ObjektID="799" ZuordnungsartID="5"/>
  <Zuordnungstabelle Zuordnungsnummer="132" KundEigtNr="3512" ObjektID="830" ZuordnungsartID="5"/>
  <Zuordnungstabelle Zuordnungsnummer="133" KundEigtNr="199" ObjektID="893" ZuordnungsartID="5"/>
  <Zuordnungstabelle Zuordnungsnummer="134" KundEigtNr="200" ObjektID="899" ZuordnungsartID="5"/>
  <Zuordnungstabelle Zuordnungsnummer="136" KundEigtNr="1240" ObjektID="905" ZuordnungsartID="5"/>
  <Zuordnungstabelle Zuordnungsnummer="137" KundEigtNr="202" ObjektID="907" ZuordnungsartID="5"/>
  <Zuordnungstabelle Zuordnungsnummer="138" KundEigtNr="203" ObjektID="909" ZuordnungsartID="5"/>
  <Zuordnungstabelle Zuordnungsnummer="140" KundEigtNr="204" ObjektID="914" ZuordnungsartID="5"/>
  <Zuordnungstabelle Zuordnungsnummer="141" KundEigtNr="205" ObjektID="918" ZuordnungsartID="5"/>
  <Zuordnungstabelle Zuordnungsnummer="142" KundEigtNr="206" ObjektID="919" ZuordnungsartID="5"/>
  <Zuordnungstabelle Zuordnungsnummer="143" KundEigtNr="3576" ObjektID="962" ZuordnungsartID="5"/>
  <Zuordnungstabelle Zuordnungsnummer="144" KundEigtNr="117" ObjektID="963" ZuordnungsartID="5"/>
  <Zuordnungstabelle Zuordnungsnummer="146" KundEigtNr="121" ObjektID="966" ZuordnungsartID="5"/>
  <Zuordnungstabelle Zuordnungsnummer="147" KundEigtNr="118" ObjektID="968" ZuordnungsartID="5"/>
  <Zuordnungstabelle Zuordnungsnummer="148" KundEigtNr="125" ObjektID="969" ZuordnungsartID="5"/>
  <Zuordnungstabelle Zuordnungsnummer="149" KundEigtNr="126" ObjektID="970" ZuordnungsartID="5"/>
  <Zuordnungstabelle Zuordnungsnummer="150" KundEigtNr="132" ObjektID="971" ZuordnungsartID="5"/>
  <Zuordnungstabelle Zuordnungsnummer="152" KundEigtNr="1490" ObjektID="974" ZuordnungsartID="5"/>
  <Zuordnungstabelle Zuordnungsnummer="154" KundEigtNr="133" ObjektID="977" ZuordnungsartID="5"/>
  <Zuordnungstabelle Zuordnungsnummer="157" KundEigtNr="135" ObjektID="985" ZuordnungsartID="5"/>
  <Zuordnungstabelle Zuordnungsnummer="158" KundEigtNr="138" ObjektID="986" ZuordnungsartID="5"/>
  <Zuordnungstabelle Zuordnungsnummer="159" KundEigtNr="139" ObjektID="987" ZuordnungsartID="5"/>
  <Zuordnungstabelle Zuordnungsnummer="161" KundEigtNr="218" ObjektID="1006" ZuordnungsartID="5"/>
  <Zuordnungstabelle Zuordnungsnummer="162" KundEigtNr="2580" ObjektID="1007" ZuordnungsartID="5"/>
  <Zuordnungstabelle Zuordnungsnummer="163" KundEigtNr="220" ObjektID="1013" ZuordnungsartID="5"/>
  <Zuordnungstabelle Zuordnungsnummer="164" KundEigtNr="207" ObjektID="1031" ZuordnungsartID="5"/>
  <Zuordnungstabelle Zuordnungsnummer="165" KundEigtNr="222" ObjektID="1045" ZuordnungsartID="5"/>
  <Zuordnungstabelle Zuordnungsnummer="166" KundEigtNr="217" ObjektID="1072" ZuordnungsartID="5"/>
  <Zuordnungstabelle Zuordnungsnummer="167" KundEigtNr="292" ObjektID="1074" ZuordnungsartID="5"/>
  <Zuordnungstabelle Zuordnungsnummer="172" KundEigtNr="140" ObjektID="1118" ZuordnungsartID="5"/>
  <Zuordnungstabelle Zuordnungsnummer="175" KundEigtNr="90" ObjektID="1133" ZuordnungsartID="8"/>
  <Zuordnungstabelle Zuordnungsnummer="179" KundEigtNr="123" ObjektID="1091" ZuordnungsartID="5"/>
  <Zuordnungstabelle Zuordnungsnummer="182" KundEigtNr="73" ObjektID="1144" ZuordnungsartID="5"/>
  <Zuordnungstabelle Zuordnungsnummer="183" KundEigtNr="693" ObjektID="1189" ZuordnungsartID="5"/>
  <Zuordnungstabelle Zuordnungsnummer="184" KundEigtNr="693" ObjektID="1190" ZuordnungsartID="5"/>
  <Zuordnungstabelle Zuordnungsnummer="185" KundEigtNr="129" ObjektID="1196" ZuordnungsartID="5"/>
  <Zuordnungstabelle Zuordnungsnummer="186" KundEigtNr="120" ObjektID="1197" ZuordnungsartID="5"/>
  <Zuordnungstabelle Zuordnungsnummer="189" KundEigtNr="164" ObjektID="1260" ZuordnungsartID="5"/>
  <Zuordnungstabelle Zuordnungsnummer="190" KundEigtNr="161" ObjektID="1266" ZuordnungsartID="5"/>
  <Zuordnungstabelle Zuordnungsnummer="191" KundEigtNr="159" ObjektID="1272" ZuordnungsartID="5"/>
  <Zuordnungstabelle Zuordnungsnummer="192" KundEigtNr="157" ObjektID="1273" ZuordnungsartID="5"/>
  <Zuordnungstabelle Zuordnungsnummer="193" KundEigtNr="3643" ObjektID="1288" ZuordnungsartID="5"/>
  <Zuordnungstabelle Zuordnungsnummer="194" KundEigtNr="148" ObjektID="1289" ZuordnungsartID="5"/>
  <Zuordnungstabelle Zuordnungsnummer="195" KundEigtNr="149" ObjektID="1291" ZuordnungsartID="5"/>
  <Zuordnungstabelle Zuordnungsnummer="196" KundEigtNr="151" ObjektID="1292" ZuordnungsartID="5"/>
  <Zuordnungstabelle Zuordnungsnummer="197" KundEigtNr="152" ObjektID="1293" ZuordnungsartID="5"/>
  <Zuordnungstabelle Zuordnungsnummer="198" KundEigtNr="152" ObjektID="1294" ZuordnungsartID="5"/>
  <Zuordnungstabelle Zuordnungsnummer="199" KundEigtNr="153" ObjektID="1296" ZuordnungsartID="5"/>
  <Zuordnungstabelle Zuordnungsnummer="200" KundEigtNr="154" ObjektID="1297" ZuordnungsartID="5"/>
  <Zuordnungstabelle Zuordnungsnummer="201" KundEigtNr="155" ObjektID="1298" ZuordnungsartID="5"/>
  <Zuordnungstabelle Zuordnungsnummer="202" KundEigtNr="156" ObjektID="1300" ZuordnungsartID="5"/>
  <Zuordnungstabelle Zuordnungsnummer="203" KundEigtNr="158" ObjektID="1302" ZuordnungsartID="5"/>
  <Zuordnungstabelle Zuordnungsnummer="204" KundEigtNr="160" ObjektID="1305" ZuordnungsartID="5"/>
  <Zuordnungstabelle Zuordnungsnummer="205" KundEigtNr="163" ObjektID="1307" ZuordnungsartID="5"/>
  <Zuordnungstabelle Zuordnungsnummer="206" KundEigtNr="143" ObjektID="1313" ZuordnungsartID="5"/>
  <Zuordnungstabelle Zuordnungsnummer="207" KundEigtNr="280" ObjektID="1332" ZuordnungsartID="5"/>
  <Zuordnungstabelle Zuordnungsnummer="210" KundEigtNr="267" ObjektID="1351" ZuordnungsartID="5"/>
  <Zuordnungstabelle Zuordnungsnummer="212" KundEigtNr="267" ObjektID="1360" ZuordnungsartID="5"/>
  <Zuordnungstabelle Zuordnungsnummer="213" KundEigtNr="164" ObjektID="1395" ZuordnungsartID="5"/>
  <Zuordnungstabelle Zuordnungsnummer="214" KundEigtNr="194" ObjektID="1433" ZuordnungsartID="5"/>
  <Zuordnungstabelle Zuordnungsnummer="215" KundEigtNr="195" ObjektID="1436" ZuordnungsartID="5"/>
  <Zuordnungstabelle Zuordnungsnummer="216" KundEigtNr="3821" ObjektID="1438" ZuordnungsartID="5"/>
  <Zuordnungstabelle Zuordnungsnummer="217" KundEigtNr="1328" ObjektID="1439" ZuordnungsartID="5"/>
  <Zuordnungstabelle Zuordnungsnummer="218" KundEigtNr="1325" ObjektID="1444" ZuordnungsartID="5"/>
  <Zuordnungstabelle Zuordnungsnummer="219" KundEigtNr="193" ObjektID="1457" ZuordnungsartID="5"/>
  <Zuordnungstabelle Zuordnungsnummer="220" KundEigtNr="31" ObjektID="1462" ZuordnungsartID="5"/>
  <Zuordnungstabelle Zuordnungsnummer="222" KundEigtNr="124" ObjektID="1614" ZuordnungsartID="5"/>
  <Zuordnungstabelle Zuordnungsnummer="223" KundEigtNr="192" ObjektID="1618" ZuordnungsartID="5"/>
  <Zuordnungstabelle Zuordnungsnummer="224" KundEigtNr="114" ObjektID="1620" ZuordnungsartID="8"/>
  <Zuordnungstabelle Zuordnungsnummer="225" KundEigtNr="114" ObjektID="1621" ZuordnungsartID="5"/>
  <Zuordnungstabelle Zuordnungsnummer="226" KundEigtNr="1556" ObjektID="1622" ZuordnungsartID="5"/>
  <Zuordnungstabelle Zuordnungsnummer="227" KundEigtNr="210" ObjektID="1623" ZuordnungsartID="5"/>
  <Zuordnungstabelle Zuordnungsnummer="228" KundEigtNr="211" ObjektID="1624" ZuordnungsartID="5"/>
  <Zuordnungstabelle Zuordnungsnummer="229" KundEigtNr="212" ObjektID="1627" ZuordnungsartID="5"/>
  <Zuordnungstabelle Zuordnungsnummer="230" KundEigtNr="3512" ObjektID="1629" ZuordnungsartID="5"/>
  <Zuordnungstabelle Zuordnungsnummer="231" KundEigtNr="213" ObjektID="1631" ZuordnungsartID="5"/>
  <Zuordnungstabelle Zuordnungsnummer="232" KundEigtNr="38" ObjektID="1650" ZuordnungsartID="5"/>
  <Zuordnungstabelle Zuordnungsnummer="233" KundEigtNr="214" ObjektID="1651" ZuordnungsartID="5"/>
  <Zuordnungstabelle Zuordnungsnummer="234" KundEigtNr="176" ObjektID="1717" ZuordnungsartID="5"/>
  <Zuordnungstabelle Zuordnungsnummer="235" KundEigtNr="177" ObjektID="1719" ZuordnungsartID="5"/>
  <Zuordnungstabelle Zuordnungsnummer="236" KundEigtNr="178" ObjektID="1720" ZuordnungsartID="5"/>
  <Zuordnungstabelle Zuordnungsnummer="237" KundEigtNr="179" ObjektID="1722" ZuordnungsartID="5"/>
  <Zuordnungstabelle Zuordnungsnummer="238" KundEigtNr="180" ObjektID="1723" ZuordnungsartID="5"/>
  <Zuordnungstabelle Zuordnungsnummer="239" KundEigtNr="182" ObjektID="1724" ZuordnungsartID="5"/>
  <Zuordnungstabelle Zuordnungsnummer="240" KundEigtNr="129" ObjektID="1725" ZuordnungsartID="5"/>
  <Zuordnungstabelle Zuordnungsnummer="241" KundEigtNr="183" ObjektID="1726" ZuordnungsartID="5"/>
  <Zuordnungstabelle Zuordnungsnummer="242" KundEigtNr="181" ObjektID="1737" ZuordnungsartID="5"/>
  <Zuordnungstabelle Zuordnungsnummer="243" KundEigtNr="181" ObjektID="1738" ZuordnungsartID="5"/>
  <Zuordnungstabelle Zuordnungsnummer="244" KundEigtNr="144" ObjektID="4080" ZuordnungsartID="5"/>
  <Zuordnungstabelle Zuordnungsnummer="245" KundEigtNr="299" ObjektID="1804" ZuordnungsartID="5"/>
  <Zuordnungstabelle Zuordnungsnummer="246" KundEigtNr="145" ObjektID="1814" ZuordnungsartID="5"/>
  <Zuordnungstabelle Zuordnungsnummer="247" KundEigtNr="146" ObjektID="1815" ZuordnungsartID="5"/>
  <Zuordnungstabelle Zuordnungsnummer="248" KundEigtNr="296" ObjektID="1827" ZuordnungsartID="5"/>
  <Zuordnungstabelle Zuordnungsnummer="249" KundEigtNr="296" ObjektID="1828" ZuordnungsartID="5"/>
  <Zuordnungstabelle Zuordnungsnummer="250" KundEigtNr="297" ObjektID="1830" ZuordnungsartID="5"/>
  <Zuordnungstabelle Zuordnungsnummer="251" KundEigtNr="171" ObjektID="2293" ZuordnungsartID="5"/>
  <Zuordnungstabelle Zuordnungsnummer="252" KundEigtNr="620" ObjektID="2374" ZuordnungsartID="8"/>
  <Zuordnungstabelle Zuordnungsnummer="253" KundEigtNr="244" ObjektID="2467" ZuordnungsartID="5"/>
  <Zuordnungstabelle Zuordnungsnummer="254" KundEigtNr="190" ObjektID="2487" ZuordnungsartID="5"/>
  <Zuordnungstabelle Zuordnungsnummer="255" KundEigtNr="3572" ObjektID="2583" ZuordnungsartID="5"/>
  <Zuordnungstabelle Zuordnungsnummer="256" KundEigtNr="162" ObjektID="2584" ZuordnungsartID="5"/>
  <Zuordnungstabelle Zuordnungsnummer="257" KundEigtNr="164" ObjektID="2587" ZuordnungsartID="5"/>
  <Zuordnungstabelle Zuordnungsnummer="258" KundEigtNr="165" ObjektID="2588" ZuordnungsartID="5"/>
  <Zuordnungstabelle Zuordnungsnummer="259" KundEigtNr="165" ObjektID="2589" ZuordnungsartID="5"/>
  <Zuordnungstabelle Zuordnungsnummer="260" KundEigtNr="166" ObjektID="2590" ZuordnungsartID="5"/>
  <Zuordnungstabelle Zuordnungsnummer="261" KundEigtNr="167" ObjektID="2592" ZuordnungsartID="5"/>
  <Zuordnungstabelle Zuordnungsnummer="262" KundEigtNr="168" ObjektID="2593" ZuordnungsartID="5"/>
  <Zuordnungstabelle Zuordnungsnummer="263" KundEigtNr="169" ObjektID="2594" ZuordnungsartID="5"/>
  <Zuordnungstabelle Zuordnungsnummer="264" KundEigtNr="170" ObjektID="2595" ZuordnungsartID="5"/>
  <Zuordnungstabelle Zuordnungsnummer="265" KundEigtNr="29" ObjektID="2596" ZuordnungsartID="5"/>
  <Zuordnungstabelle Zuordnungsnummer="266" KundEigtNr="29" ObjektID="2597" ZuordnungsartID="5"/>
  <Zuordnungstabelle Zuordnungsnummer="267" KundEigtNr="29" ObjektID="2598" ZuordnungsartID="6"/>
  <Zuordnungstabelle Zuordnungsnummer="268" KundEigtNr="29" ObjektID="2603" ZuordnungsartID="5"/>
  <Zuordnungstabelle Zuordnungsnummer="269" KundEigtNr="29" ObjektID="2603" ZuordnungsartID="5"/>
  <Zuordnungstabelle Zuordnungsnummer="270" KundEigtNr="29" ObjektID="2601" ZuordnungsartID="5"/>
  <Zuordnungstabelle Zuordnungsnummer="271" KundEigtNr="29" ObjektID="2602" ZuordnungsartID="5"/>
  <Zuordnungstabelle Zuordnungsnummer="272" KundEigtNr="29" ObjektID="2603" ZuordnungsartID="5"/>
  <Zuordnungstabelle Zuordnungsnummer="273" KundEigtNr="29" ObjektID="2604" ZuordnungsartID="5"/>
  <Zuordnungstabelle Zuordnungsnummer="274" KundEigtNr="29" ObjektID="2605" ZuordnungsartID="5"/>
  <Zuordnungstabelle Zuordnungsnummer="275" KundEigtNr="29" ObjektID="2606" ZuordnungsartID="5"/>
  <Zuordnungstabelle Zuordnungsnummer="276" KundEigtNr="29" ObjektID="2607" ZuordnungsartID="5"/>
  <Zuordnungstabelle Zuordnungsnummer="277" KundEigtNr="29" ObjektID="2608" ZuordnungsartID="5"/>
  <Zuordnungstabelle Zuordnungsnummer="278" KundEigtNr="29" ObjektID="2609" ZuordnungsartID="5"/>
  <Zuordnungstabelle Zuordnungsnummer="279" KundEigtNr="29" ObjektID="2610" ZuordnungsartID="5"/>
  <Zuordnungstabelle Zuordnungsnummer="280" KundEigtNr="29" ObjektID="2611" ZuordnungsartID="5"/>
  <Zuordnungstabelle Zuordnungsnummer="281" KundEigtNr="29" ObjektID="2612" ZuordnungsartID="5"/>
  <Zuordnungstabelle Zuordnungsnummer="282" KundEigtNr="29" ObjektID="2613" ZuordnungsartID="5"/>
  <Zuordnungstabelle Zuordnungsnummer="283" KundEigtNr="29" ObjektID="2614" ZuordnungsartID="5"/>
  <Zuordnungstabelle Zuordnungsnummer="284" KundEigtNr="29" ObjektID="2615" ZuordnungsartID="5"/>
  <Zuordnungstabelle Zuordnungsnummer="285" KundEigtNr="29" ObjektID="2616" ZuordnungsartID="5"/>
  <Zuordnungstabelle Zuordnungsnummer="286" KundEigtNr="29" ObjektID="2618" ZuordnungsartID="5"/>
  <Zuordnungstabelle Zuordnungsnummer="287" KundEigtNr="29" ObjektID="2620" ZuordnungsartID="5"/>
  <Zuordnungstabelle Zuordnungsnummer="288" KundEigtNr="29" ObjektID="2621" ZuordnungsartID="5"/>
  <Zuordnungstabelle Zuordnungsnummer="289" KundEigtNr="29" ObjektID="2622" ZuordnungsartID="5"/>
  <Zuordnungstabelle Zuordnungsnummer="290" KundEigtNr="222" ObjektID="2655" ZuordnungsartID="5"/>
  <Zuordnungstabelle Zuordnungsnummer="291" KundEigtNr="172" ObjektID="2878" ZuordnungsartID="5"/>
  <Zuordnungstabelle Zuordnungsnummer="292" KundEigtNr="173" ObjektID="2880" ZuordnungsartID="5"/>
  <Zuordnungstabelle Zuordnungsnummer="293" KundEigtNr="3296" ObjektID="2881" ZuordnungsartID="5"/>
  <Zuordnungstabelle Zuordnungsnummer="294" KundEigtNr="314" ObjektID="2883" ZuordnungsartID="5"/>
  <Zuordnungstabelle Zuordnungsnummer="295" KundEigtNr="3013" ObjektID="2884" ZuordnungsartID="5"/>
  <Zuordnungstabelle Zuordnungsnummer="296" KundEigtNr="184" ObjektID="2885" ZuordnungsartID="5"/>
  <Zuordnungstabelle Zuordnungsnummer="298" KundEigtNr="3052" ObjektID="3185" ZuordnungsartID="5"/>
  <Zuordnungstabelle Zuordnungsnummer="299" KundEigtNr="38" ObjektID="3188" ZuordnungsartID="5"/>
  <Zuordnungstabelle Zuordnungsnummer="301" KundEigtNr="263" ObjektID="3201" ZuordnungsartID="8"/>
  <Zuordnungstabelle Zuordnungsnummer="302" KundEigtNr="216" ObjektID="3267" ZuordnungsartID="5"/>
  <Zuordnungstabelle Zuordnungsnummer="303" KundEigtNr="188" ObjektID="3279" ZuordnungsartID="5"/>
  <Zuordnungstabelle Zuordnungsnummer="304" KundEigtNr="215" ObjektID="3296" ZuordnungsartID="5"/>
  <Zuordnungstabelle Zuordnungsnummer="305" KundEigtNr="90" ObjektID="3334" ZuordnungsartID="5"/>
  <Zuordnungstabelle Zuordnungsnummer="306" KundEigtNr="3981" ObjektID="3336" ZuordnungsartID="5"/>
  <Zuordnungstabelle Zuordnungsnummer="307" KundEigtNr="259" ObjektID="3339" ZuordnungsartID="5"/>
  <Zuordnungstabelle Zuordnungsnummer="308" KundEigtNr="259" ObjektID="3340" ZuordnungsartID="5"/>
  <Zuordnungstabelle Zuordnungsnummer="309" KundEigtNr="259" ObjektID="3341" ZuordnungsartID="5"/>
  <Zuordnungstabelle Zuordnungsnummer="310" KundEigtNr="259" ObjektID="3342" ZuordnungsartID="5"/>
  <Zuordnungstabelle Zuordnungsnummer="311" KundEigtNr="259" ObjektID="3343" ZuordnungsartID="5"/>
  <Zuordnungstabelle Zuordnungsnummer="312" KundEigtNr="38" ObjektID="3370" ZuordnungsartID="5"/>
  <Zuordnungstabelle Zuordnungsnummer="313" KundEigtNr="38" ObjektID="3371" ZuordnungsartID="5"/>
  <Zuordnungstabelle Zuordnungsnummer="314" KundEigtNr="129" ObjektID="3669" ZuordnungsartID="5"/>
  <Zuordnungstabelle Zuordnungsnummer="315" KundEigtNr="31" ObjektID="3673" ZuordnungsartID="5"/>
  <Zuordnungstabelle Zuordnungsnummer="316" KundEigtNr="153" ObjektID="3674" ZuordnungsartID="5"/>
  <Zuordnungstabelle Zuordnungsnummer="317" KundEigtNr="278" ObjektID="3685" ZuordnungsartID="8"/>
  <Zuordnungstabelle Zuordnungsnummer="318" KundEigtNr="223" ObjektID="3693" ZuordnungsartID="5"/>
  <Zuordnungstabelle Zuordnungsnummer="319" KundEigtNr="1327" ObjektID="3694" ZuordnungsartID="5"/>
  <Zuordnungstabelle Zuordnungsnummer="321" KundEigtNr="226" ObjektID="3696" ZuordnungsartID="1"/>
  <Zuordnungstabelle Zuordnungsnummer="322" KundEigtNr="153" ObjektID="3697" ZuordnungsartID="5"/>
  <Zuordnungstabelle Zuordnungsnummer="323" KundEigtNr="2678" ObjektID="3700" ZuordnungsartID="5"/>
  <Zuordnungstabelle Zuordnungsnummer="324" KundEigtNr="3605" ObjektID="3701" ZuordnungsartID="5"/>
  <Zuordnungstabelle Zuordnungsnummer="325" KundEigtNr="2678" ObjektID="3702" ZuordnungsartID="5"/>
  <Zuordnungstabelle Zuordnungsnummer="326" KundEigtNr="3652" ObjektID="3703" ZuordnungsartID="5"/>
  <Zuordnungstabelle Zuordnungsnummer="327" KundEigtNr="1321" ObjektID="3708" ZuordnungsartID="5"/>
  <Zuordnungstabelle Zuordnungsnummer="328" KundEigtNr="231" ObjektID="3709" ZuordnungsartID="5"/>
  <Zuordnungstabelle Zuordnungsnummer="329" KundEigtNr="232" ObjektID="3710" ZuordnungsartID="5"/>
  <Zuordnungstabelle Zuordnungsnummer="330" KundEigtNr="3605" ObjektID="3711" ZuordnungsartID="5"/>
  <Zuordnungstabelle Zuordnungsnummer="331" KundEigtNr="2652" ObjektID="3712" ZuordnungsartID="5"/>
  <Zuordnungstabelle Zuordnungsnummer="332" KundEigtNr="235" ObjektID="3713" ZuordnungsartID="5"/>
  <Zuordnungstabelle Zuordnungsnummer="333" KundEigtNr="1071" ObjektID="3714" ZuordnungsartID="5"/>
  <Zuordnungstabelle Zuordnungsnummer="334" KundEigtNr="1071" ObjektID="3715" ZuordnungsartID="5"/>
  <Zuordnungstabelle Zuordnungsnummer="335" KundEigtNr="237" ObjektID="3716" ZuordnungsartID="5"/>
  <Zuordnungstabelle Zuordnungsnummer="336" KundEigtNr="237" ObjektID="3718" ZuordnungsartID="5"/>
  <Zuordnungstabelle Zuordnungsnummer="337" KundEigtNr="237" ObjektID="3719" ZuordnungsartID="5"/>
  <Zuordnungstabelle Zuordnungsnummer="338" KundEigtNr="237" ObjektID="3720" ZuordnungsartID="5"/>
  <Zuordnungstabelle Zuordnungsnummer="339" KundEigtNr="237" ObjektID="3721" ZuordnungsartID="5"/>
  <Zuordnungstabelle Zuordnungsnummer="340" KundEigtNr="240" ObjektID="3724" ZuordnungsartID="5"/>
  <Zuordnungstabelle Zuordnungsnummer="341" KundEigtNr="240" ObjektID="3725" ZuordnungsartID="5"/>
  <Zuordnungstabelle Zuordnungsnummer="342" KundEigtNr="240" ObjektID="3726" ZuordnungsartID="5"/>
  <Zuordnungstabelle Zuordnungsnummer="343" KundEigtNr="240" ObjektID="3727" ZuordnungsartID="5"/>
  <Zuordnungstabelle Zuordnungsnummer="344" KundEigtNr="240" ObjektID="3728" ZuordnungsartID="5"/>
  <Zuordnungstabelle Zuordnungsnummer="345" KundEigtNr="240" ObjektID="3729" ZuordnungsartID="5"/>
  <Zuordnungstabelle Zuordnungsnummer="346" KundEigtNr="240" ObjektID="3730" ZuordnungsartID="5"/>
  <Zuordnungstabelle Zuordnungsnummer="347" KundEigtNr="239" ObjektID="3731" ZuordnungsartID="5"/>
  <Zuordnungstabelle Zuordnungsnummer="348" KundEigtNr="1316" ObjektID="3732" ZuordnungsartID="5"/>
  <Zuordnungstabelle Zuordnungsnummer="349" KundEigtNr="236" ObjektID="3733" ZuordnungsartID="5"/>
  <Zuordnungstabelle Zuordnungsnummer="350" KundEigtNr="1490" ObjektID="3736" ZuordnungsartID="5"/>
  <Zuordnungstabelle Zuordnungsnummer="351" KundEigtNr="1490" ObjektID="3737" ZuordnungsartID="5"/>
  <Zuordnungstabelle Zuordnungsnummer="352" KundEigtNr="1490" ObjektID="3738" ZuordnungsartID="5"/>
  <Zuordnungstabelle Zuordnungsnummer="353" KundEigtNr="234" ObjektID="3739" ZuordnungsartID="5"/>
  <Zuordnungstabelle Zuordnungsnummer="354" KundEigtNr="31" ObjektID="3740" ZuordnungsartID="5"/>
  <Zuordnungstabelle Zuordnungsnummer="355" KundEigtNr="38" ObjektID="3764" ZuordnungsartID="5"/>
  <Zuordnungstabelle Zuordnungsnummer="356" KundEigtNr="98" ObjektID="3784" ZuordnungsartID="5"/>
  <Zuordnungstabelle Zuordnungsnummer="357" KundEigtNr="259" ObjektID="3803" ZuordnungsartID="5"/>
  <Zuordnungstabelle Zuordnungsnummer="358" KundEigtNr="73" ObjektID="3806" ZuordnungsartID="5"/>
  <Zuordnungstabelle Zuordnungsnummer="359" KundEigtNr="232" ObjektID="3848" ZuordnungsartID="5"/>
  <Zuordnungstabelle Zuordnungsnummer="360" KundEigtNr="204" ObjektID="3867" ZuordnungsartID="5"/>
  <Zuordnungstabelle Zuordnungsnummer="361" KundEigtNr="38" ObjektID="3872" ZuordnungsartID="5"/>
  <Zuordnungstabelle Zuordnungsnummer="362" KundEigtNr="38" ObjektID="3873" ZuordnungsartID="5"/>
  <Zuordnungstabelle Zuordnungsnummer="363" KundEigtNr="38" ObjektID="3874" ZuordnungsartID="5"/>
  <Zuordnungstabelle Zuordnungsnummer="364" KundEigtNr="38" ObjektID="3875" ZuordnungsartID="5"/>
  <Zuordnungstabelle Zuordnungsnummer="365" KundEigtNr="237" ObjektID="3880" ZuordnungsartID="5"/>
  <Zuordnungstabelle Zuordnungsnummer="366" KundEigtNr="237" ObjektID="3881" ZuordnungsartID="5"/>
  <Zuordnungstabelle Zuordnungsnummer="367" KundEigtNr="237" ObjektID="3882" ZuordnungsartID="5"/>
  <Zuordnungstabelle Zuordnungsnummer="368" KundEigtNr="237" ObjektID="3883" ZuordnungsartID="5"/>
  <Zuordnungstabelle Zuordnungsnummer="369" KundEigtNr="259" ObjektID="3888" ZuordnungsartID="5"/>
  <Zuordnungstabelle Zuordnungsnummer="370" KundEigtNr="259" ObjektID="3889" ZuordnungsartID="5"/>
  <Zuordnungstabelle Zuordnungsnummer="371" KundEigtNr="283" ObjektID="3894" ZuordnungsartID="5"/>
  <Zuordnungstabelle Zuordnungsnummer="372" KundEigtNr="38" ObjektID="3900" ZuordnungsartID="5"/>
  <Zuordnungstabelle Zuordnungsnummer="373" KundEigtNr="289" ObjektID="3904" ZuordnungsartID="5"/>
  <Zuordnungstabelle Zuordnungsnummer="374" KundEigtNr="352" ObjektID="3917" ZuordnungsartID="5"/>
  <Zuordnungstabelle Zuordnungsnummer="375" KundEigtNr="352" ObjektID="3918" ZuordnungsartID="5"/>
  <Zuordnungstabelle Zuordnungsnummer="376" KundEigtNr="288" ObjektID="3924" ZuordnungsartID="5"/>
  <Zuordnungstabelle Zuordnungsnummer="377" KundEigtNr="286" ObjektID="3926" ZuordnungsartID="5"/>
  <Zuordnungstabelle Zuordnungsnummer="378" KundEigtNr="123" ObjektID="3927" ZuordnungsartID="5"/>
  <Zuordnungstabelle Zuordnungsnummer="379" KundEigtNr="279" ObjektID="3928" ZuordnungsartID="5"/>
  <Zuordnungstabelle Zuordnungsnummer="380" KundEigtNr="276" ObjektID="3929" ZuordnungsartID="5"/>
  <Zuordnungstabelle Zuordnungsnummer="381" KundEigtNr="278" ObjektID="3931" ZuordnungsartID="5"/>
  <Zuordnungstabelle Zuordnungsnummer="382" KundEigtNr="285" ObjektID="3935" ZuordnungsartID="5"/>
  <Zuordnungstabelle Zuordnungsnummer="383" KundEigtNr="293" ObjektID="3936" ZuordnungsartID="5"/>
  <Zuordnungstabelle Zuordnungsnummer="384" KundEigtNr="286" ObjektID="3938" ZuordnungsartID="5"/>
  <Zuordnungstabelle Zuordnungsnummer="385" KundEigtNr="164" ObjektID="3939" ZuordnungsartID="5"/>
  <Zuordnungstabelle Zuordnungsnummer="386" KundEigtNr="290" ObjektID="3941" ZuordnungsartID="5"/>
  <Zuordnungstabelle Zuordnungsnummer="387" KundEigtNr="294" ObjektID="3942" ZuordnungsartID="8"/>
  <Zuordnungstabelle Zuordnungsnummer="388" KundEigtNr="282" ObjektID="3947" ZuordnungsartID="5"/>
  <Zuordnungstabelle Zuordnungsnummer="389" KundEigtNr="352" ObjektID="3948" ZuordnungsartID="5"/>
  <Zuordnungstabelle Zuordnungsnummer="390" KundEigtNr="352" ObjektID="3949" ZuordnungsartID="5"/>
  <Zuordnungstabelle Zuordnungsnummer="391" KundEigtNr="284" ObjektID="3950" ZuordnungsartID="5"/>
  <Zuordnungstabelle Zuordnungsnummer="392" KundEigtNr="284" ObjektID="3951" ZuordnungsartID="5"/>
  <Zuordnungstabelle Zuordnungsnummer="393" KundEigtNr="284" ObjektID="3952" ZuordnungsartID="5"/>
  <Zuordnungstabelle Zuordnungsnummer="394" KundEigtNr="264" ObjektID="4003" ZuordnungsartID="5"/>
  <Zuordnungstabelle Zuordnungsnummer="395" KundEigtNr="260" ObjektID="4114" ZuordnungsartID="5"/>
  <Zuordnungstabelle Zuordnungsnummer="396" KundEigtNr="38" ObjektID="4120" ZuordnungsartID="5"/>
  <Zuordnungstabelle Zuordnungsnummer="397" KundEigtNr="38" ObjektID="4124" ZuordnungsartID="5"/>
  <Zuordnungstabelle Zuordnungsnummer="399" KundEigtNr="251" ObjektID="4140" ZuordnungsartID="5"/>
  <Zuordnungstabelle Zuordnungsnummer="406" KundEigtNr="204" ObjektID="4228" ZuordnungsartID="5"/>
  <Zuordnungstabelle Zuordnungsnummer="407" KundEigtNr="258" ObjektID="4230" ZuordnungsartID="5"/>
  <Zuordnungstabelle Zuordnungsnummer="408" KundEigtNr="277" ObjektID="4232" ZuordnungsartID="5"/>
  <Zuordnungstabelle Zuordnungsnummer="409" KundEigtNr="48" ObjektID="4233" ZuordnungsartID="5"/>
  <Zuordnungstabelle Zuordnungsnummer="410" KundEigtNr="693" ObjektID="4234" ZuordnungsartID="5"/>
  <Zuordnungstabelle Zuordnungsnummer="411" KundEigtNr="129" ObjektID="4265" ZuordnungsartID="5"/>
  <Zuordnungstabelle Zuordnungsnummer="412" KundEigtNr="287" ObjektID="4266" ZuordnungsartID="5"/>
  <Zuordnungstabelle Zuordnungsnummer="413" KundEigtNr="260" ObjektID="4270" ZuordnungsartID="5"/>
  <Zuordnungstabelle Zuordnungsnummer="415" KundEigtNr="275" ObjektID="4383" ZuordnungsartID="5"/>
  <Zuordnungstabelle Zuordnungsnummer="416" KundEigtNr="1071" ObjektID="4412" ZuordnungsartID="5"/>
  <Zuordnungstabelle Zuordnungsnummer="417" KundEigtNr="1071" ObjektID="4413" ZuordnungsartID="5"/>
  <Zuordnungstabelle Zuordnungsnummer="418" KundEigtNr="1071" ObjektID="4414" ZuordnungsartID="5"/>
  <Zuordnungstabelle Zuordnungsnummer="419" KundEigtNr="1071" ObjektID="4415" ZuordnungsartID="5"/>
  <Zuordnungstabelle Zuordnungsnummer="420" KundEigtNr="1071" ObjektID="4416" ZuordnungsartID="5"/>
  <Zuordnungstabelle Zuordnungsnummer="422" KundEigtNr="1071" ObjektID="4419" ZuordnungsartID="5"/>
  <Zuordnungstabelle Zuordnungsnummer="423" KundEigtNr="270" ObjektID="4430" ZuordnungsartID="8"/>
  <Zuordnungstabelle Zuordnungsnummer="424" KundEigtNr="271" ObjektID="4431" ZuordnungsartID="5"/>
  <Zuordnungstabelle Zuordnungsnummer="425" KundEigtNr="3356" ObjektID="6156" ZuordnungsartID="5"/>
  <Zuordnungstabelle Zuordnungsnummer="426" KundEigtNr="114" ObjektID="4575" ZuordnungsartID="5"/>
  <Zuordnungstabelle Zuordnungsnummer="427" KundEigtNr="187" ObjektID="5030" ZuordnungsartID="5"/>
  <Zuordnungstabelle Zuordnungsnummer="428" KundEigtNr="259" ObjektID="4446" ZuordnungsartID="5"/>
  <Zuordnungstabelle Zuordnungsnummer="429" KundEigtNr="259" ObjektID="4458" ZuordnungsartID="5"/>
  <Zuordnungstabelle Zuordnungsnummer="430" KundEigtNr="259" ObjektID="4459" ZuordnungsartID="5"/>
  <Zuordnungstabelle Zuordnungsnummer="431" KundEigtNr="259" ObjektID="4485" ZuordnungsartID="5"/>
  <Zuordnungstabelle Zuordnungsnummer="432" KundEigtNr="259" ObjektID="4536" ZuordnungsartID="5"/>
  <Zuordnungstabelle Zuordnungsnummer="433" KundEigtNr="259" ObjektID="4538" ZuordnungsartID="5"/>
  <Zuordnungstabelle Zuordnungsnummer="434" KundEigtNr="259" ObjektID="4540" ZuordnungsartID="5"/>
  <Zuordnungstabelle Zuordnungsnummer="435" KundEigtNr="1071" ObjektID="4789" ZuordnungsartID="5"/>
  <Zuordnungstabelle Zuordnungsnummer="436" KundEigtNr="222" ObjektID="4917" ZuordnungsartID="5"/>
  <Zuordnungstabelle Zuordnungsnummer="437" KundEigtNr="300" ObjektID="5069" ZuordnungsartID="5"/>
  <Zuordnungstabelle Zuordnungsnummer="438" KundEigtNr="301" ObjektID="5702" ZuordnungsartID="5"/>
  <Zuordnungstabelle Zuordnungsnummer="450" KundEigtNr="3371" ObjektID="1008" ZuordnungsartID="5"/>
  <Zuordnungstabelle Zuordnungsnummer="451" KundEigtNr="3371" ObjektID="1008" ZuordnungsartID="5"/>
  <Zuordnungstabelle Zuordnungsnummer="452" KundEigtNr="608" ObjektID="2685" ZuordnungsartID="5"/>
  <Zuordnungstabelle Zuordnungsnummer="453" KundEigtNr="608" ObjektID="2701" ZuordnungsartID="5"/>
  <Zuordnungstabelle Zuordnungsnummer="454" KundEigtNr="608" ObjektID="3520" ZuordnungsartID="5"/>
  <Zuordnungstabelle Zuordnungsnummer="455" KundEigtNr="608" ObjektID="2808" ZuordnungsartID="5"/>
  <Zuordnungstabelle Zuordnungsnummer="456" KundEigtNr="608" ObjektID="3589" ZuordnungsartID="5"/>
  <Zuordnungstabelle Zuordnungsnummer="457" KundEigtNr="608" ObjektID="3579" ZuordnungsartID="5"/>
  <Zuordnungstabelle Zuordnungsnummer="458" KundEigtNr="608" ObjektID="2333" ZuordnungsartID="5"/>
  <Zuordnungstabelle Zuordnungsnummer="459" KundEigtNr="3431" ObjektID="8275" ZuordnungsartID="5"/>
  <Zuordnungstabelle Zuordnungsnummer="460" KundEigtNr="3431" ObjektID="8276" ZuordnungsartID="5"/>
  <Zuordnungstabelle Zuordnungsnummer="461" KundEigtNr="3431" ObjektID="8277" ZuordnungsartID="5"/>
  <Zuordnungstabelle Zuordnungsnummer="462" KundEigtNr="3431" ObjektID="8278" ZuordnungsartID="5"/>
  <Zuordnungstabelle Zuordnungsnummer="463" KundEigtNr="3431" ObjektID="8279" ZuordnungsartID="5"/>
  <Zuordnungstabelle Zuordnungsnummer="464" KundEigtNr="3431" ObjektID="8280" ZuordnungsartID="5"/>
  <Zuordnungstabelle Zuordnungsnummer="465" KundEigtNr="3431" ObjektID="8281" ZuordnungsartID="5"/>
  <Zuordnungstabelle Zuordnungsnummer="466" KundEigtNr="3431" ObjektID="8282" ZuordnungsartID="5"/>
  <Zuordnungstabelle Zuordnungsnummer="468" KundEigtNr="1951" ObjektID="8812" ZuordnungsartID="5"/>
  <Zuordnungstabelle Zuordnungsnummer="469" KundEigtNr="1951" ObjektID="402" ZuordnungsartID="8"/>
  <Zuordnungstabelle Zuordnungsnummer="496" KundEigtNr="2123" ObjektID="8390" ZuordnungsartID="5"/>
  <Zuordnungstabelle Zuordnungsnummer="497" KundEigtNr="4202" ObjektID="8283" ZuordnungsartID="5"/>
  <Zuordnungstabelle Zuordnungsnummer="498" KundEigtNr="457" ObjektID="8275" ZuordnungsartID="7"/>
  <Zuordnungstabelle Zuordnungsnummer="499" KundEigtNr="457" ObjektID="8276" ZuordnungsartID="7"/>
  <Zuordnungstabelle Zuordnungsnummer="500" KundEigtNr="457" ObjektID="8277" ZuordnungsartID="7"/>
  <Zuordnungstabelle Zuordnungsnummer="501" KundEigtNr="457" ObjektID="8278" ZuordnungsartID="7"/>
  <Zuordnungstabelle Zuordnungsnummer="502" KundEigtNr="457" ObjektID="8279" ZuordnungsartID="7"/>
  <Zuordnungstabelle Zuordnungsnummer="503" KundEigtNr="457" ObjektID="8280" ZuordnungsartID="7"/>
  <Zuordnungstabelle Zuordnungsnummer="504" KundEigtNr="457" ObjektID="8281" ZuordnungsartID="7"/>
  <Zuordnungstabelle Zuordnungsnummer="517" KundEigtNr="4049" ObjektID="3548" ZuordnungsartID="5"/>
  <Zuordnungstabelle Zuordnungsnummer="518" KundEigtNr="4049" ObjektID="8850" ZuordnungsartID="5"/>
  <Zuordnungstabelle Zuordnungsnummer="519" KundEigtNr="1756" ObjektID="8218" ZuordnungsartID="5"/>
  <Zuordnungstabelle Zuordnungsnummer="520" KundEigtNr="1078" ObjektID="2890" ZuordnungsartID="5"/>
  <Zuordnungstabelle Zuordnungsnummer="541" KundEigtNr="1881" ObjektID="8863" ZuordnungsartID="5"/>
  <Zuordnungstabelle Zuordnungsnummer="542" KundEigtNr="3811" ObjektID="8864" ZuordnungsartID="5"/>
  <Zuordnungstabelle Zuordnungsnummer="543" KundEigtNr="687" ObjektID="8865" ZuordnungsartID="5"/>
  <Zuordnungstabelle Zuordnungsnummer="544" KundEigtNr="687" ObjektID="8866" ZuordnungsartID="5"/>
  <Zuordnungstabelle Zuordnungsnummer="545" KundEigtNr="4258" ObjektID="2922" ZuordnungsartID="5"/>
  <Zuordnungstabelle Zuordnungsnummer="546" KundEigtNr="1881" ObjektID="8675" ZuordnungsartID="5"/>
  <Zuordnungstabelle Zuordnungsnummer="547" KundEigtNr="3359" ObjektID="1133" ZuordnungsartID="5"/>
  <Zuordnungstabelle Zuordnungsnummer="548" KundEigtNr="4259" ObjektID="8867" ZuordnungsartID="5"/>
  <Zuordnungstabelle Zuordnungsnummer="549" KundEigtNr="3177" ObjektID="114" ZuordnungsartID="5"/>
  <Zuordnungstabelle Zuordnungsnummer="550" KundEigtNr="3177" ObjektID="8868" ZuordnungsartID="5"/>
  <Zuordnungstabelle Zuordnungsnummer="551" KundEigtNr="3177" ObjektID="8869" ZuordnungsartID="5"/>
  <Zuordnungstabelle Zuordnungsnummer="552" KundEigtNr="2642" ObjektID="8870" ZuordnungsartID="5"/>
  <Zuordnungstabelle Zuordnungsnummer="553" KundEigtNr="2642" ObjektID="8871" ZuordnungsartID="5"/>
  <Zuordnungstabelle Zuordnungsnummer="555" KundEigtNr="3666" ObjektID="8873" ZuordnungsartID="5"/>
  <Zuordnungstabelle Zuordnungsnummer="556" KundEigtNr="4253" ObjektID="1351" ZuordnungsartID="1"/>
  <Zuordnungstabelle Zuordnungsnummer="557" KundEigtNr="1303" ObjektID="2685" ZuordnungsartID="5"/>
  <Zuordnungstabelle Zuordnungsnummer="558" KundEigtNr="1489" ObjektID="1542" ZuordnungsartID="8"/>
  <Zuordnungstabelle Zuordnungsnummer="559" KundEigtNr="3013" ObjektID="2884" ZuordnungsartID="5"/>
  <Zuordnungstabelle Zuordnungsnummer="560" KundEigtNr="2687" ObjektID="8830" ZuordnungsartID="1"/>
  <Zuordnungstabelle Zuordnungsnummer="561" KundEigtNr="3768" ObjektID="3165" ZuordnungsartID="5"/>
  <Zuordnungstabelle Zuordnungsnummer="562" KundEigtNr="3768" ObjektID="3165" ZuordnungsartID="5"/>
  <Zuordnungstabelle Zuordnungsnummer="563" KundEigtNr="3441" ObjektID="8516" ZuordnungsartID="5"/>
  <Zuordnungstabelle Zuordnungsnummer="564" KundEigtNr="4266" ObjektID="2229" ZuordnungsartID="4"/>
  <Zuordnungstabelle Zuordnungsnummer="565" KundEigtNr="4265" ObjektID="2229" ZuordnungsartID="5"/>
  <Zuordnungstabelle Zuordnungsnummer="566" KundEigtNr="4288" ObjektID="8874" ZuordnungsartID="5"/>
  <Zuordnungstabelle Zuordnungsnummer="567" KundEigtNr="4302" ObjektID="8875" ZuordnungsartID="5"/>
  <Zuordnungstabelle Zuordnungsnummer="568" KundEigtNr="4191" ObjektID="2603" ZuordnungsartID="6"/>
  <Zuordnungstabelle Zuordnungsnummer="569" KundEigtNr="3014" ObjektID="3325" ZuordnungsartID="8"/>
  <Zuordnungstabelle Zuordnungsnummer="570" KundEigtNr="3014" ObjektID="8314" ZuordnungsartID="5"/>
  <Zuordnungstabelle Zuordnungsnummer="571" KundEigtNr="4316" ObjektID="2074" ZuordnungsartID="5"/>
  <Zuordnungstabelle Zuordnungsnummer="572" KundEigtNr="4334" ObjektID="8879" ZuordnungsartID="5"/>
  <Zuordnungstabelle Zuordnungsnummer="573" KundEigtNr="404" ObjektID="8880" ZuordnungsartID="5"/>
  <Zuordnungstabelle Zuordnungsnummer="574" KundEigtNr="4335" ObjektID="8881" ZuordnungsartID="5"/>
  <Zuordnungstabelle Zuordnungsnummer="575" KundEigtNr="4335" ObjektID="8882" ZuordnungsartID="5"/>
  <Zuordnungstabelle Zuordnungsnummer="576" KundEigtNr="4335" ObjektID="8883" ZuordnungsartID="5"/>
  <Zuordnungstabelle Zuordnungsnummer="577" KundEigtNr="4336" ObjektID="8884" ZuordnungsartID="5"/>
  <Zuordnungstabelle Zuordnungsnummer="578" KundEigtNr="4336" ObjektID="8885" ZuordnungsartID="5"/>
  <Zuordnungstabelle Zuordnungsnummer="579" KundEigtNr="2532" ObjektID="3668" ZuordnungsartID="5"/>
  <Zuordnungstabelle Zuordnungsnummer="580" KundEigtNr="404" ObjektID="8886" ZuordnungsartID="5"/>
  <Zuordnungstabelle Zuordnungsnummer="581" KundEigtNr="404" ObjektID="8887" ZuordnungsartID="5"/>
  <Zuordnungstabelle Zuordnungsnummer="582" KundEigtNr="4341" ObjektID="8888" ZuordnungsartID="5"/>
  <Zuordnungstabelle Zuordnungsnummer="584" KundEigtNr="4344" ObjektID="8889" ZuordnungsartID="2"/>
  <Zuordnungstabelle Zuordnungsnummer="585" KundEigtNr="4345" ObjektID="8890" ZuordnungsartID="2"/>
  <Zuordnungstabelle Zuordnungsnummer="586" KundEigtNr="404" ObjektID="8371" ZuordnungsartID="5"/>
  <Zuordnungstabelle Zuordnungsnummer="587" KundEigtNr="144" ObjektID="2684" ZuordnungsartID="5"/>
  <Zuordnungstabelle Zuordnungsnummer="588" KundEigtNr="4353" ObjektID="8891" ZuordnungsartID="6"/>
  <Zuordnungstabelle Zuordnungsnummer="589" KundEigtNr="2357" ObjektID="8892" ZuordnungsartID="5"/>
  <Zuordnungstabelle Zuordnungsnummer="590" KundEigtNr="4389" ObjektID="8894" ZuordnungsartID="5"/>
  <Zuordnungstabelle Zuordnungsnummer="591" KundEigtNr="4397" ObjektID="8896" ZuordnungsartID="5"/>
  <Zuordnungstabelle Zuordnungsnummer="592" KundEigtNr="4397" ObjektID="8896" ZuordnungsartID="5"/>
  <Zuordnungstabelle Zuordnungsnummer="593" KundEigtNr="314" ObjektID="8897" ZuordnungsartID="5"/>
  <Zuordnungstabelle Zuordnungsnummer="594" KundEigtNr="4415" ObjektID="8898" ZuordnungsartID="5"/>
  <Zuordnungstabelle Zuordnungsnummer="595" KundEigtNr="4416" ObjektID="8899" ZuordnungsartID="5"/>
  <Zuordnungstabelle Zuordnungsnummer="596" KundEigtNr="7560" ObjektID="8902" ZuordnungsartID="2"/>
  <Zuordnungstabelle Zuordnungsnummer="597" KundEigtNr="4421" ObjektID="8903" ZuordnungsartID="5"/>
  <Zuordnungstabelle Zuordnungsnummer="599" KundEigtNr="4460" ObjektID="8911" ZuordnungsartID="5"/>
  <Zuordnungstabelle Zuordnungsnummer="600" KundEigtNr="3957" ObjektID="8912" ZuordnungsartID="5"/>
  <Zuordnungstabelle Zuordnungsnummer="601" KundEigtNr="4462" ObjektID="8915" ZuordnungsartID="5"/>
  <Zuordnungstabelle Zuordnungsnummer="603" KundEigtNr="4481" ObjektID="8917" ZuordnungsartID="5"/>
  <Zuordnungstabelle Zuordnungsnummer="604" KundEigtNr="3817" ObjektID="8742" ZuordnungsartID="5"/>
  <Zuordnungstabelle Zuordnungsnummer="605" KundEigtNr="294" ObjektID="3942" ZuordnungsartID="8"/>
  <Zuordnungstabelle Zuordnungsnummer="606" KundEigtNr="4509" ObjektID="8932" ZuordnungsartID="5"/>
  <Zuordnungstabelle Zuordnungsnummer="607" KundEigtNr="4510" ObjektID="8937" ZuordnungsartID="5"/>
  <Zuordnungstabelle Zuordnungsnummer="608" KundEigtNr="4512" ObjektID="8938" ZuordnungsartID="5"/>
  <Zuordnungstabelle Zuordnungsnummer="609" KundEigtNr="4513" ObjektID="8939" ZuordnungsartID="5"/>
  <Zuordnungstabelle Zuordnungsnummer="610" KundEigtNr="3722" ObjektID="2374" ZuordnungsartID="8"/>
  <Zuordnungstabelle Zuordnungsnummer="612" KundEigtNr="4515" ObjektID="8942" ZuordnungsartID="5"/>
  <Zuordnungstabelle Zuordnungsnummer="613" KundEigtNr="4517" ObjektID="9478" ZuordnungsartID="5"/>
  <Zuordnungstabelle Zuordnungsnummer="614" KundEigtNr="1951" ObjektID="8944" ZuordnungsartID="5"/>
  <Zuordnungstabelle Zuordnungsnummer="615" KundEigtNr="2790" ObjektID="3660" ZuordnungsartID="5"/>
  <Zuordnungstabelle Zuordnungsnummer="616" KundEigtNr="3849" ObjektID="4188" ZuordnungsartID="5"/>
  <Zuordnungstabelle Zuordnungsnummer="618" KundEigtNr="844" ObjektID="1350" ZuordnungsartID="8"/>
  <Zuordnungstabelle Zuordnungsnummer="619" KundEigtNr="4558" ObjektID="8950" ZuordnungsartID="5"/>
  <Zuordnungstabelle Zuordnungsnummer="620" KundEigtNr="4559" ObjektID="8951" ZuordnungsartID="5"/>
  <Zuordnungstabelle Zuordnungsnummer="622" KundEigtNr="4560" ObjektID="8955" ZuordnungsartID="5"/>
  <Zuordnungstabelle Zuordnungsnummer="829" KundEigtNr="4563" ObjektID="8957" ZuordnungsartID="5"/>
  <Zuordnungstabelle Zuordnungsnummer="830" KundEigtNr="687" ObjektID="8958" ZuordnungsartID="5"/>
  <Zuordnungstabelle Zuordnungsnummer="831" KundEigtNr="687" ObjektID="369" ZuordnungsartID="5"/>
  <Zuordnungstabelle Zuordnungsnummer="832" KundEigtNr="4579" ObjektID="8960" ZuordnungsartID="5"/>
  <Zuordnungstabelle Zuordnungsnummer="833" KundEigtNr="4581" ObjektID="1981" ZuordnungsartID="5"/>
  <Zuordnungstabelle Zuordnungsnummer="834" KundEigtNr="4581" ObjektID="206" ZuordnungsartID="5"/>
  <Zuordnungstabelle Zuordnungsnummer="836" KundEigtNr="2609" ObjektID="8304" ZuordnungsartID="5"/>
  <Zuordnungstabelle Zuordnungsnummer="837" KundEigtNr="4581" ObjektID="8964" ZuordnungsartID="5"/>
  <Zuordnungstabelle Zuordnungsnummer="842" KundEigtNr="687" ObjektID="246" ZuordnungsartID="5"/>
  <Zuordnungstabelle Zuordnungsnummer="843" KundEigtNr="4620" ObjektID="9011" ZuordnungsartID="5"/>
  <Zuordnungstabelle Zuordnungsnummer="844" KundEigtNr="4621" ObjektID="9013" ZuordnungsartID="8"/>
  <Zuordnungstabelle Zuordnungsnummer="845" KundEigtNr="314" ObjektID="9018" ZuordnungsartID="5"/>
  <Zuordnungstabelle Zuordnungsnummer="847" KundEigtNr="687" ObjektID="9082" ZuordnungsartID="5"/>
  <Zuordnungstabelle Zuordnungsnummer="848" KundEigtNr="687" ObjektID="8865" ZuordnungsartID="5"/>
  <Zuordnungstabelle Zuordnungsnummer="849" KundEigtNr="4652" ObjektID="9084" ZuordnungsartID="5"/>
  <Zuordnungstabelle Zuordnungsnummer="850" KundEigtNr="4640" ObjektID="9085" ZuordnungsartID="5"/>
  <Zuordnungstabelle Zuordnungsnummer="851" KundEigtNr="4657" ObjektID="9086" ZuordnungsartID="5"/>
  <Zuordnungstabelle Zuordnungsnummer="852" KundEigtNr="4616" ObjektID="9087" ZuordnungsartID="5"/>
  <Zuordnungstabelle Zuordnungsnummer="854" KundEigtNr="4486" ObjektID="9092" ZuordnungsartID="5"/>
  <Zuordnungstabelle Zuordnungsnummer="855" KundEigtNr="4672" ObjektID="9089" ZuordnungsartID="5"/>
  <Zuordnungstabelle Zuordnungsnummer="860" KundEigtNr="3109" ObjektID="760" ZuordnungsartID="5"/>
  <Zuordnungstabelle Zuordnungsnummer="861" KundEigtNr="153" ObjektID="3942" ZuordnungsartID="5"/>
  <Zuordnungstabelle Zuordnungsnummer="862" KundEigtNr="4681" ObjektID="9090" ZuordnungsartID="1"/>
  <Zuordnungstabelle Zuordnungsnummer="863" KundEigtNr="4685" ObjektID="9126" ZuordnungsartID="5"/>
  <Zuordnungstabelle Zuordnungsnummer="864" KundEigtNr="4687" ObjektID="9127" ZuordnungsartID="5"/>
  <Zuordnungstabelle Zuordnungsnummer="865" KundEigtNr="4688" ObjektID="9128" ZuordnungsartID="5"/>
  <Zuordnungstabelle Zuordnungsnummer="866" KundEigtNr="4689" ObjektID="9129" ZuordnungsartID="5"/>
  <Zuordnungstabelle Zuordnungsnummer="867" KundEigtNr="4690" ObjektID="9130" ZuordnungsartID="5"/>
  <Zuordnungstabelle Zuordnungsnummer="868" KundEigtNr="4710" ObjektID="9207" ZuordnungsartID="5"/>
  <Zuordnungstabelle Zuordnungsnummer="869" KundEigtNr="1542" ObjektID="9298" ZuordnungsartID="5"/>
  <Zuordnungstabelle Zuordnungsnummer="870" KundEigtNr="4716" ObjektID="9299" ZuordnungsartID="5"/>
  <Zuordnungstabelle Zuordnungsnummer="871" KundEigtNr="4717" ObjektID="9301" ZuordnungsartID="5"/>
  <Zuordnungstabelle Zuordnungsnummer="872" KundEigtNr="4717" ObjektID="9301" ZuordnungsartID="5"/>
  <Zuordnungstabelle Zuordnungsnummer="873" KundEigtNr="2658" ObjektID="9404" ZuordnungsartID="5"/>
  <Zuordnungstabelle Zuordnungsnummer="874" KundEigtNr="4757" ObjektID="9304" ZuordnungsartID="5"/>
  <Zuordnungstabelle Zuordnungsnummer="875" KundEigtNr="4764" ObjektID="9416" ZuordnungsartID="5"/>
  <Zuordnungstabelle Zuordnungsnummer="876" KundEigtNr="4772" ObjektID="9420" ZuordnungsartID="5"/>
  <Zuordnungstabelle Zuordnungsnummer="877" KundEigtNr="2276" ObjektID="1041" ZuordnungsartID="5"/>
  <Zuordnungstabelle Zuordnungsnummer="878" KundEigtNr="4775" ObjektID="1038" ZuordnungsartID="5"/>
  <Zuordnungstabelle Zuordnungsnummer="879" KundEigtNr="2005" ObjektID="9440" ZuordnungsartID="5"/>
  <Zuordnungstabelle Zuordnungsnummer="880" KundEigtNr="4782" ObjektID="9438" ZuordnungsartID="5"/>
  <Zuordnungstabelle Zuordnungsnummer="881" KundEigtNr="5377" ObjektID="1343" ZuordnungsartID="5"/>
  <Zuordnungstabelle Zuordnungsnummer="882" KundEigtNr="4784" ObjektID="2549" ZuordnungsartID="5"/>
  <Zuordnungstabelle Zuordnungsnummer="883" KundEigtNr="4785" ObjektID="9474" ZuordnungsartID="5"/>
  <Zuordnungstabelle Zuordnungsnummer="884" KundEigtNr="352" ObjektID="9302" ZuordnungsartID="5"/>
  <Zuordnungstabelle Zuordnungsnummer="885" KundEigtNr="4793" ObjektID="9483" ZuordnungsartID="5"/>
  <Zuordnungstabelle Zuordnungsnummer="886" KundEigtNr="4800" ObjektID="9250" ZuordnungsartID="5"/>
  <Zuordnungstabelle Zuordnungsnummer="887" KundEigtNr="4802" ObjektID="9276" ZuordnungsartID="5"/>
  <Zuordnungstabelle Zuordnungsnummer="888" KundEigtNr="4804" ObjektID="9273" ZuordnungsartID="5"/>
  <Zuordnungstabelle Zuordnungsnummer="889" KundEigtNr="4806" ObjektID="9274" ZuordnungsartID="5"/>
  <Zuordnungstabelle Zuordnungsnummer="890" KundEigtNr="4808" ObjektID="9256" ZuordnungsartID="5"/>
  <Zuordnungstabelle Zuordnungsnummer="891" KundEigtNr="4809" ObjektID="9269" ZuordnungsartID="5"/>
  <Zuordnungstabelle Zuordnungsnummer="892" KundEigtNr="4666" ObjektID="9268" ZuordnungsartID="5"/>
  <Zuordnungstabelle Zuordnungsnummer="893" KundEigtNr="4811" ObjektID="9258" ZuordnungsartID="5"/>
  <Zuordnungstabelle Zuordnungsnummer="894" KundEigtNr="4810" ObjektID="9486" ZuordnungsartID="5"/>
  <Zuordnungstabelle Zuordnungsnummer="895" KundEigtNr="4812" ObjektID="9265" ZuordnungsartID="5"/>
  <Zuordnungstabelle Zuordnungsnummer="896" KundEigtNr="4813" ObjektID="9261" ZuordnungsartID="5"/>
  <Zuordnungstabelle Zuordnungsnummer="897" KundEigtNr="4814" ObjektID="9263" ZuordnungsartID="5"/>
  <Zuordnungstabelle Zuordnungsnummer="898" KundEigtNr="352" ObjektID="9302" ZuordnungsartID="5"/>
  <Zuordnungstabelle Zuordnungsnummer="899" KundEigtNr="4816" ObjektID="9308" ZuordnungsartID="5"/>
  <Zuordnungstabelle Zuordnungsnummer="900" KundEigtNr="4817" ObjektID="9344" ZuordnungsartID="5"/>
  <Zuordnungstabelle Zuordnungsnummer="901" KundEigtNr="4818" ObjektID="9309" ZuordnungsartID="5"/>
  <Zuordnungstabelle Zuordnungsnummer="902" KundEigtNr="4819" ObjektID="9311" ZuordnungsartID="5"/>
  <Zuordnungstabelle Zuordnungsnummer="903" KundEigtNr="4820" ObjektID="9314" ZuordnungsartID="5"/>
  <Zuordnungstabelle Zuordnungsnummer="904" KundEigtNr="4821" ObjektID="9339" ZuordnungsartID="5"/>
  <Zuordnungstabelle Zuordnungsnummer="905" KundEigtNr="4822" ObjektID="9316" ZuordnungsartID="5"/>
  <Zuordnungstabelle Zuordnungsnummer="906" KundEigtNr="4823" ObjektID="9336" ZuordnungsartID="5"/>
  <Zuordnungstabelle Zuordnungsnummer="907" KundEigtNr="4824" ObjektID="9304" ZuordnungsartID="5"/>
  <Zuordnungstabelle Zuordnungsnummer="908" KundEigtNr="4825" ObjektID="9333" ZuordnungsartID="5"/>
  <Zuordnungstabelle Zuordnungsnummer="909" KundEigtNr="4826" ObjektID="9305" ZuordnungsartID="5"/>
  <Zuordnungstabelle Zuordnungsnummer="910" KundEigtNr="4827" ObjektID="9334" ZuordnungsartID="5"/>
  <Zuordnungstabelle Zuordnungsnummer="912" KundEigtNr="4829" ObjektID="9318" ZuordnungsartID="5"/>
  <Zuordnungstabelle Zuordnungsnummer="913" KundEigtNr="4830" ObjektID="9329" ZuordnungsartID="5"/>
  <Zuordnungstabelle Zuordnungsnummer="914" KundEigtNr="4831" ObjektID="9320" ZuordnungsartID="5"/>
  <Zuordnungstabelle Zuordnungsnummer="915" KundEigtNr="4832" ObjektID="9331" ZuordnungsartID="5"/>
  <Zuordnungstabelle Zuordnungsnummer="916" KundEigtNr="4833" ObjektID="9327" ZuordnungsartID="5"/>
  <Zuordnungstabelle Zuordnungsnummer="917" KundEigtNr="4834" ObjektID="9328" ZuordnungsartID="5"/>
  <Zuordnungstabelle Zuordnungsnummer="918" KundEigtNr="4835" ObjektID="9325" ZuordnungsartID="5"/>
  <Zuordnungstabelle Zuordnungsnummer="919" KundEigtNr="4836" ObjektID="9321" ZuordnungsartID="5"/>
  <Zuordnungstabelle Zuordnungsnummer="920" KundEigtNr="4838" ObjektID="9322" ZuordnungsartID="5"/>
  <Zuordnungstabelle Zuordnungsnummer="921" KundEigtNr="4840" ObjektID="9132" ZuordnungsartID="5"/>
  <Zuordnungstabelle Zuordnungsnummer="922" KundEigtNr="4841" ObjektID="9135" ZuordnungsartID="5"/>
  <Zuordnungstabelle Zuordnungsnummer="923" KundEigtNr="4842" ObjektID="9137" ZuordnungsartID="5"/>
  <Zuordnungstabelle Zuordnungsnummer="924" KundEigtNr="4844" ObjektID="9141" ZuordnungsartID="5"/>
  <Zuordnungstabelle Zuordnungsnummer="925" KundEigtNr="4844" ObjektID="9140" ZuordnungsartID="5"/>
  <Zuordnungstabelle Zuordnungsnummer="926" KundEigtNr="4844" ObjektID="9142" ZuordnungsartID="5"/>
  <Zuordnungstabelle Zuordnungsnummer="927" KundEigtNr="4844" ObjektID="9143" ZuordnungsartID="5"/>
  <Zuordnungstabelle Zuordnungsnummer="928" KundEigtNr="4847" ObjektID="9147" ZuordnungsartID="5"/>
  <Zuordnungstabelle Zuordnungsnummer="930" KundEigtNr="4849" ObjektID="9150" ZuordnungsartID="5"/>
  <Zuordnungstabelle Zuordnungsnummer="931" KundEigtNr="4850" ObjektID="9487" ZuordnungsartID="5"/>
  <Zuordnungstabelle Zuordnungsnummer="932" KundEigtNr="4851" ObjektID="9153" ZuordnungsartID="5"/>
  <Zuordnungstabelle Zuordnungsnummer="933" KundEigtNr="4852" ObjektID="9154" ZuordnungsartID="5"/>
  <Zuordnungstabelle Zuordnungsnummer="934" KundEigtNr="4853" ObjektID="9155" ZuordnungsartID="5"/>
  <Zuordnungstabelle Zuordnungsnummer="935" KundEigtNr="4854" ObjektID="9166" ZuordnungsartID="5"/>
  <Zuordnungstabelle Zuordnungsnummer="936" KundEigtNr="4855" ObjektID="9169" ZuordnungsartID="5"/>
  <Zuordnungstabelle Zuordnungsnummer="937" KundEigtNr="4856" ObjektID="9172" ZuordnungsartID="5"/>
  <Zuordnungstabelle Zuordnungsnummer="938" KundEigtNr="4857" ObjektID="9174" ZuordnungsartID="5"/>
  <Zuordnungstabelle Zuordnungsnummer="939" KundEigtNr="4858" ObjektID="9177" ZuordnungsartID="5"/>
  <Zuordnungstabelle Zuordnungsnummer="940" KundEigtNr="4859" ObjektID="9178" ZuordnungsartID="5"/>
  <Zuordnungstabelle Zuordnungsnummer="941" KundEigtNr="4860" ObjektID="9184" ZuordnungsartID="5"/>
  <Zuordnungstabelle Zuordnungsnummer="942" KundEigtNr="4861" ObjektID="9185" ZuordnungsartID="5"/>
  <Zuordnungstabelle Zuordnungsnummer="943" KundEigtNr="4862" ObjektID="9188" ZuordnungsartID="5"/>
  <Zuordnungstabelle Zuordnungsnummer="944" KundEigtNr="4863" ObjektID="9204" ZuordnungsartID="5"/>
  <Zuordnungstabelle Zuordnungsnummer="945" KundEigtNr="4864" ObjektID="9202" ZuordnungsartID="5"/>
  <Zuordnungstabelle Zuordnungsnummer="946" KundEigtNr="4865" ObjektID="9192" ZuordnungsartID="5"/>
  <Zuordnungstabelle Zuordnungsnummer="947" KundEigtNr="4866" ObjektID="9200" ZuordnungsartID="5"/>
  <Zuordnungstabelle Zuordnungsnummer="948" KundEigtNr="4867" ObjektID="9196" ZuordnungsartID="5"/>
  <Zuordnungstabelle Zuordnungsnummer="949" KundEigtNr="4868" ObjektID="9198" ZuordnungsartID="5"/>
  <Zuordnungstabelle Zuordnungsnummer="950" KundEigtNr="4870" ObjektID="9121" ZuordnungsartID="5"/>
  <Zuordnungstabelle Zuordnungsnummer="951" KundEigtNr="164" ObjektID="9116" ZuordnungsartID="5"/>
  <Zuordnungstabelle Zuordnungsnummer="953" KundEigtNr="164" ObjektID="9114" ZuordnungsartID="5"/>
  <Zuordnungstabelle Zuordnungsnummer="954" KundEigtNr="164" ObjektID="9113" ZuordnungsartID="5"/>
  <Zuordnungstabelle Zuordnungsnummer="955" KundEigtNr="164" ObjektID="9112" ZuordnungsartID="5"/>
  <Zuordnungstabelle Zuordnungsnummer="956" KundEigtNr="214" ObjektID="9122" ZuordnungsartID="5"/>
  <Zuordnungstabelle Zuordnungsnummer="957" KundEigtNr="4871" ObjektID="9120" ZuordnungsartID="1"/>
  <Zuordnungstabelle Zuordnungsnummer="958" KundEigtNr="4872" ObjektID="9120" ZuordnungsartID="1"/>
  <Zuordnungstabelle Zuordnungsnummer="959" KundEigtNr="2005" ObjektID="9488" ZuordnungsartID="5"/>
  <Zuordnungstabelle Zuordnungsnummer="961" KundEigtNr="1784" ObjektID="1392" ZuordnungsartID="5"/>
  <Zuordnungstabelle Zuordnungsnummer="962" KundEigtNr="4880" ObjektID="9538" ZuordnungsartID="5"/>
  <Zuordnungstabelle Zuordnungsnummer="964" KundEigtNr="4883" ObjektID="9424" ZuordnungsartID="5"/>
  <Zuordnungstabelle Zuordnungsnummer="965" KundEigtNr="4884" ObjektID="9423" ZuordnungsartID="5"/>
  <Zuordnungstabelle Zuordnungsnummer="966" KundEigtNr="4885" ObjektID="9431" ZuordnungsartID="5"/>
  <Zuordnungstabelle Zuordnungsnummer="967" KundEigtNr="4886" ObjektID="9432" ZuordnungsartID="5"/>
  <Zuordnungstabelle Zuordnungsnummer="968" KundEigtNr="4887" ObjektID="9434" ZuordnungsartID="5"/>
  <Zuordnungstabelle Zuordnungsnummer="969" KundEigtNr="4888" ObjektID="9426" ZuordnungsartID="5"/>
  <Zuordnungstabelle Zuordnungsnummer="970" KundEigtNr="4889" ObjektID="9427" ZuordnungsartID="5"/>
  <Zuordnungstabelle Zuordnungsnummer="971" KundEigtNr="4890" ObjektID="9428" ZuordnungsartID="5"/>
  <Zuordnungstabelle Zuordnungsnummer="972" KundEigtNr="4891" ObjektID="9348" ZuordnungsartID="5"/>
  <Zuordnungstabelle Zuordnungsnummer="973" KundEigtNr="4892" ObjektID="9393" ZuordnungsartID="5"/>
  <Zuordnungstabelle Zuordnungsnummer="974" KundEigtNr="4893" ObjektID="9400" ZuordnungsartID="5"/>
  <Zuordnungstabelle Zuordnungsnummer="975" KundEigtNr="4894" ObjektID="9397" ZuordnungsartID="5"/>
  <Zuordnungstabelle Zuordnungsnummer="976" KundEigtNr="4895" ObjektID="9396" ZuordnungsartID="5"/>
  <Zuordnungstabelle Zuordnungsnummer="977" KundEigtNr="4896" ObjektID="9532" ZuordnungsartID="2"/>
  <Zuordnungstabelle Zuordnungsnummer="978" KundEigtNr="4896" ObjektID="9531" ZuordnungsartID="2"/>
  <Zuordnungstabelle Zuordnungsnummer="979" KundEigtNr="4897" ObjektID="9110" ZuordnungsartID="5"/>
  <Zuordnungstabelle Zuordnungsnummer="980" KundEigtNr="1144" ObjektID="9525" ZuordnungsartID="5"/>
  <Zuordnungstabelle Zuordnungsnummer="981" KundEigtNr="1144" ObjektID="9524" ZuordnungsartID="5"/>
  <Zuordnungstabelle Zuordnungsnummer="982" KundEigtNr="352" ObjektID="9543" ZuordnungsartID="5"/>
  <Zuordnungstabelle Zuordnungsnummer="983" KundEigtNr="352" ObjektID="9544" ZuordnungsartID="5"/>
  <Zuordnungstabelle Zuordnungsnummer="984" KundEigtNr="352" ObjektID="9545" ZuordnungsartID="5"/>
  <Zuordnungstabelle Zuordnungsnummer="985" KundEigtNr="352" ObjektID="9546" ZuordnungsartID="5"/>
  <Zuordnungstabelle Zuordnungsnummer="986" KundEigtNr="352" ObjektID="9547" ZuordnungsartID="5"/>
  <Zuordnungstabelle Zuordnungsnummer="987" KundEigtNr="352" ObjektID="9548" ZuordnungsartID="5"/>
  <Zuordnungstabelle Zuordnungsnummer="988" KundEigtNr="352" ObjektID="9549" ZuordnungsartID="5"/>
  <Zuordnungstabelle Zuordnungsnummer="989" KundEigtNr="352" ObjektID="9550" ZuordnungsartID="5"/>
  <Zuordnungstabelle Zuordnungsnummer="990" KundEigtNr="352" ObjektID="9551" ZuordnungsartID="5"/>
  <Zuordnungstabelle Zuordnungsnummer="991" KundEigtNr="352" ObjektID="9552" ZuordnungsartID="5"/>
  <Zuordnungstabelle Zuordnungsnummer="992" KundEigtNr="352" ObjektID="9553" ZuordnungsartID="5"/>
  <Zuordnungstabelle Zuordnungsnummer="994" KundEigtNr="259" ObjektID="4483" ZuordnungsartID="5"/>
  <Zuordnungstabelle Zuordnungsnummer="995" KundEigtNr="259" ObjektID="498" ZuordnungsartID="5"/>
  <Zuordnungstabelle Zuordnungsnummer="996" KundEigtNr="259" ObjektID="4481" ZuordnungsartID="5"/>
  <Zuordnungstabelle Zuordnungsnummer="997" KundEigtNr="259" ObjektID="4480" ZuordnungsartID="5"/>
  <Zuordnungstabelle Zuordnungsnummer="998" KundEigtNr="259" ObjektID="4479" ZuordnungsartID="5"/>
  <Zuordnungstabelle Zuordnungsnummer="999" KundEigtNr="2071" ObjektID="9555" ZuordnungsartID="5"/>
  <Zuordnungstabelle Zuordnungsnummer="1000" KundEigtNr="4907" ObjektID="9117" ZuordnungsartID="5"/>
  <Zuordnungstabelle Zuordnungsnummer="1001" KundEigtNr="4907" ObjektID="9118" ZuordnungsartID="5"/>
  <Zuordnungstabelle Zuordnungsnummer="1002" KundEigtNr="164" ObjektID="9111" ZuordnungsartID="5"/>
  <Zuordnungstabelle Zuordnungsnummer="1003" KundEigtNr="164" ObjektID="9562" ZuordnungsartID="5"/>
  <Zuordnungstabelle Zuordnungsnummer="1004" KundEigtNr="4897" ObjektID="9563" ZuordnungsartID="5"/>
  <Zuordnungstabelle Zuordnungsnummer="1005" KundEigtNr="4908" ObjektID="9564" ZuordnungsartID="5"/>
  <Zuordnungstabelle Zuordnungsnummer="1006" KundEigtNr="4913" ObjektID="9565" ZuordnungsartID="5"/>
  <Zuordnungstabelle Zuordnungsnummer="1007" KundEigtNr="4923" ObjektID="9108" ZuordnungsartID="5"/>
  <Zuordnungstabelle Zuordnungsnummer="1008" KundEigtNr="4923" ObjektID="9104" ZuordnungsartID="5"/>
  <Zuordnungstabelle Zuordnungsnummer="1009" KundEigtNr="4930" ObjektID="9566" ZuordnungsartID="5"/>
  <Zuordnungstabelle Zuordnungsnummer="1013" KundEigtNr="609" ObjektID="9573" ZuordnungsartID="5"/>
  <Zuordnungstabelle Zuordnungsnummer="1014" KundEigtNr="4956" ObjektID="9594" ZuordnungsartID="5"/>
  <Zuordnungstabelle Zuordnungsnummer="1015" KundEigtNr="2005" ObjektID="1607" ZuordnungsartID="5"/>
  <Zuordnungstabelle Zuordnungsnummer="1016" KundEigtNr="4957" ObjektID="9105" ZuordnungsartID="5"/>
  <Zuordnungstabelle Zuordnungsnummer="1017" KundEigtNr="4951" ObjektID="9103" ZuordnungsartID="5"/>
  <Zuordnungstabelle Zuordnungsnummer="1018" KundEigtNr="4951" ObjektID="9102" ZuordnungsartID="5"/>
  <Zuordnungstabelle Zuordnungsnummer="1019" KundEigtNr="4958" ObjektID="9099" ZuordnungsartID="5"/>
  <Zuordnungstabelle Zuordnungsnummer="1021" KundEigtNr="4970" ObjektID="9596" ZuordnungsartID="5"/>
  <Zuordnungstabelle Zuordnungsnummer="1022" KundEigtNr="3759" ObjektID="9597" ZuordnungsartID="5"/>
  <Zuordnungstabelle Zuordnungsnummer="1023" KundEigtNr="192" ObjektID="9599" ZuordnungsartID="5"/>
  <Zuordnungstabelle Zuordnungsnummer="1024" KundEigtNr="4973" ObjektID="9598" ZuordnungsartID="5"/>
  <Zuordnungstabelle Zuordnungsnummer="1025" KundEigtNr="192" ObjektID="9600" ZuordnungsartID="5"/>
  <Zuordnungstabelle Zuordnungsnummer="1027" KundEigtNr="192" ObjektID="9602" ZuordnungsartID="5"/>
  <Zuordnungstabelle Zuordnungsnummer="1028" KundEigtNr="192" ObjektID="815" ZuordnungsartID="5"/>
  <Zuordnungstabelle Zuordnungsnummer="1029" KundEigtNr="192" ObjektID="9603" ZuordnungsartID="5"/>
  <Zuordnungstabelle Zuordnungsnummer="1030" KundEigtNr="192" ObjektID="9604" ZuordnungsartID="5"/>
  <Zuordnungstabelle Zuordnungsnummer="1031" KundEigtNr="4976" ObjektID="9484" ZuordnungsartID="5"/>
  <Zuordnungstabelle Zuordnungsnummer="1033" KundEigtNr="352" ObjektID="9614" ZuordnungsartID="5"/>
  <Zuordnungstabelle Zuordnungsnummer="1034" KundEigtNr="352" ObjektID="9615" ZuordnungsartID="5"/>
  <Zuordnungstabelle Zuordnungsnummer="1035" KundEigtNr="352" ObjektID="9616" ZuordnungsartID="5"/>
  <Zuordnungstabelle Zuordnungsnummer="1036" KundEigtNr="352" ObjektID="9617" ZuordnungsartID="5"/>
  <Zuordnungstabelle Zuordnungsnummer="1037" KundEigtNr="352" ObjektID="9618" ZuordnungsartID="5"/>
  <Zuordnungstabelle Zuordnungsnummer="1038" KundEigtNr="609" ObjektID="9619" ZuordnungsartID="5"/>
  <Zuordnungstabelle Zuordnungsnummer="1039" KundEigtNr="352" ObjektID="9620" ZuordnungsartID="5"/>
  <Zuordnungstabelle Zuordnungsnummer="1040" KundEigtNr="352" ObjektID="9621" ZuordnungsartID="5"/>
  <Zuordnungstabelle Zuordnungsnummer="1041" KundEigtNr="352" ObjektID="9622" ZuordnungsartID="5"/>
  <Zuordnungstabelle Zuordnungsnummer="1042" KundEigtNr="352" ObjektID="9623" ZuordnungsartID="5"/>
  <Zuordnungstabelle Zuordnungsnummer="1043" KundEigtNr="352" ObjektID="9624" ZuordnungsartID="5"/>
  <Zuordnungstabelle Zuordnungsnummer="1044" KundEigtNr="352" ObjektID="9625" ZuordnungsartID="5"/>
  <Zuordnungstabelle Zuordnungsnummer="1045" KundEigtNr="352" ObjektID="9626" ZuordnungsartID="5"/>
  <Zuordnungstabelle Zuordnungsnummer="1046" KundEigtNr="352" ObjektID="9627" ZuordnungsartID="5"/>
  <Zuordnungstabelle Zuordnungsnummer="1047" KundEigtNr="352" ObjektID="9628" ZuordnungsartID="5"/>
  <Zuordnungstabelle Zuordnungsnummer="1048" KundEigtNr="352" ObjektID="9629" ZuordnungsartID="5"/>
  <Zuordnungstabelle Zuordnungsnummer="1049" KundEigtNr="352" ObjektID="9630" ZuordnungsartID="5"/>
  <Zuordnungstabelle Zuordnungsnummer="1050" KundEigtNr="352" ObjektID="9631" ZuordnungsartID="5"/>
  <Zuordnungstabelle Zuordnungsnummer="1051" KundEigtNr="352" ObjektID="9632" ZuordnungsartID="5"/>
  <Zuordnungstabelle Zuordnungsnummer="1052" KundEigtNr="352" ObjektID="9633" ZuordnungsartID="5"/>
  <Zuordnungstabelle Zuordnungsnummer="1053" KundEigtNr="352" ObjektID="9634" ZuordnungsartID="5"/>
  <Zuordnungstabelle Zuordnungsnummer="1054" KundEigtNr="352" ObjektID="9635" ZuordnungsartID="5"/>
  <Zuordnungstabelle Zuordnungsnummer="1055" KundEigtNr="352" ObjektID="9636" ZuordnungsartID="5"/>
  <Zuordnungstabelle Zuordnungsnummer="1056" KundEigtNr="352" ObjektID="9637" ZuordnungsartID="5"/>
  <Zuordnungstabelle Zuordnungsnummer="1057" KundEigtNr="352" ObjektID="9638" ZuordnungsartID="5"/>
  <Zuordnungstabelle Zuordnungsnummer="1058" KundEigtNr="352" ObjektID="9639" ZuordnungsartID="5"/>
  <Zuordnungstabelle Zuordnungsnummer="1059" KundEigtNr="352" ObjektID="9640" ZuordnungsartID="5"/>
  <Zuordnungstabelle Zuordnungsnummer="1060" KundEigtNr="352" ObjektID="9641" ZuordnungsartID="5"/>
  <Zuordnungstabelle Zuordnungsnummer="1061" KundEigtNr="352" ObjektID="9642" ZuordnungsartID="5"/>
  <Zuordnungstabelle Zuordnungsnummer="1062" KundEigtNr="352" ObjektID="9643" ZuordnungsartID="5"/>
  <Zuordnungstabelle Zuordnungsnummer="1063" KundEigtNr="352" ObjektID="9644" ZuordnungsartID="5"/>
  <Zuordnungstabelle Zuordnungsnummer="1064" KundEigtNr="352" ObjektID="9645" ZuordnungsartID="5"/>
  <Zuordnungstabelle Zuordnungsnummer="1065" KundEigtNr="352" ObjektID="9646" ZuordnungsartID="5"/>
  <Zuordnungstabelle Zuordnungsnummer="1066" KundEigtNr="352" ObjektID="9647" ZuordnungsartID="5"/>
  <Zuordnungstabelle Zuordnungsnummer="1067" KundEigtNr="352" ObjektID="9648" ZuordnungsartID="5"/>
  <Zuordnungstabelle Zuordnungsnummer="1068" KundEigtNr="352" ObjektID="9649" ZuordnungsartID="5"/>
  <Zuordnungstabelle Zuordnungsnummer="1069" KundEigtNr="352" ObjektID="9650" ZuordnungsartID="5"/>
  <Zuordnungstabelle Zuordnungsnummer="1070" KundEigtNr="352" ObjektID="9651" ZuordnungsartID="5"/>
  <Zuordnungstabelle Zuordnungsnummer="1071" KundEigtNr="352" ObjektID="9652" ZuordnungsartID="5"/>
  <Zuordnungstabelle Zuordnungsnummer="1072" KundEigtNr="352" ObjektID="9653" ZuordnungsartID="5"/>
  <Zuordnungstabelle Zuordnungsnummer="1073" KundEigtNr="352" ObjektID="9654" ZuordnungsartID="5"/>
  <Zuordnungstabelle Zuordnungsnummer="1074" KundEigtNr="352" ObjektID="9655" ZuordnungsartID="5"/>
  <Zuordnungstabelle Zuordnungsnummer="1075" KundEigtNr="352" ObjektID="9656" ZuordnungsartID="5"/>
  <Zuordnungstabelle Zuordnungsnummer="1076" KundEigtNr="352" ObjektID="9657" ZuordnungsartID="5"/>
  <Zuordnungstabelle Zuordnungsnummer="1077" KundEigtNr="352" ObjektID="9658" ZuordnungsartID="5"/>
  <Zuordnungstabelle Zuordnungsnummer="1078" KundEigtNr="352" ObjektID="9659" ZuordnungsartID="5"/>
  <Zuordnungstabelle Zuordnungsnummer="1079" KundEigtNr="352" ObjektID="9660" ZuordnungsartID="5"/>
  <Zuordnungstabelle Zuordnungsnummer="1080" KundEigtNr="352" ObjektID="9661" ZuordnungsartID="5"/>
  <Zuordnungstabelle Zuordnungsnummer="1081" KundEigtNr="352" ObjektID="9662" ZuordnungsartID="5"/>
  <Zuordnungstabelle Zuordnungsnummer="1082" KundEigtNr="352" ObjektID="9663" ZuordnungsartID="5"/>
  <Zuordnungstabelle Zuordnungsnummer="1083" KundEigtNr="352" ObjektID="9664" ZuordnungsartID="5"/>
  <Zuordnungstabelle Zuordnungsnummer="1084" KundEigtNr="352" ObjektID="9665" ZuordnungsartID="5"/>
  <Zuordnungstabelle Zuordnungsnummer="1085" KundEigtNr="352" ObjektID="9666" ZuordnungsartID="5"/>
  <Zuordnungstabelle Zuordnungsnummer="1086" KundEigtNr="352" ObjektID="9667" ZuordnungsartID="5"/>
  <Zuordnungstabelle Zuordnungsnummer="1087" KundEigtNr="352" ObjektID="9668" ZuordnungsartID="5"/>
  <Zuordnungstabelle Zuordnungsnummer="1088" KundEigtNr="352" ObjektID="9669" ZuordnungsartID="5"/>
  <Zuordnungstabelle Zuordnungsnummer="1089" KundEigtNr="352" ObjektID="9670" ZuordnungsartID="5"/>
  <Zuordnungstabelle Zuordnungsnummer="1090" KundEigtNr="352" ObjektID="9671" ZuordnungsartID="5"/>
  <Zuordnungstabelle Zuordnungsnummer="1091" KundEigtNr="352" ObjektID="9672" ZuordnungsartID="5"/>
  <Zuordnungstabelle Zuordnungsnummer="1092" KundEigtNr="352" ObjektID="9673" ZuordnungsartID="5"/>
  <Zuordnungstabelle Zuordnungsnummer="1093" KundEigtNr="352" ObjektID="9674" ZuordnungsartID="5"/>
  <Zuordnungstabelle Zuordnungsnummer="1094" KundEigtNr="352" ObjektID="9675" ZuordnungsartID="5"/>
  <Zuordnungstabelle Zuordnungsnummer="1095" KundEigtNr="352" ObjektID="9676" ZuordnungsartID="5"/>
  <Zuordnungstabelle Zuordnungsnummer="1096" KundEigtNr="352" ObjektID="9677" ZuordnungsartID="5"/>
  <Zuordnungstabelle Zuordnungsnummer="1097" KundEigtNr="352" ObjektID="9678" ZuordnungsartID="5"/>
  <Zuordnungstabelle Zuordnungsnummer="1098" KundEigtNr="352" ObjektID="9679" ZuordnungsartID="5"/>
  <Zuordnungstabelle Zuordnungsnummer="1099" KundEigtNr="352" ObjektID="9680" ZuordnungsartID="5"/>
  <Zuordnungstabelle Zuordnungsnummer="1100" KundEigtNr="352" ObjektID="9681" ZuordnungsartID="5"/>
  <Zuordnungstabelle Zuordnungsnummer="1101" KundEigtNr="352" ObjektID="9682" ZuordnungsartID="5"/>
  <Zuordnungstabelle Zuordnungsnummer="1102" KundEigtNr="352" ObjektID="9683" ZuordnungsartID="5"/>
  <Zuordnungstabelle Zuordnungsnummer="1103" KundEigtNr="352" ObjektID="9684" ZuordnungsartID="5"/>
  <Zuordnungstabelle Zuordnungsnummer="1104" KundEigtNr="352" ObjektID="9685" ZuordnungsartID="5"/>
  <Zuordnungstabelle Zuordnungsnummer="1105" KundEigtNr="352" ObjektID="9686" ZuordnungsartID="5"/>
  <Zuordnungstabelle Zuordnungsnummer="1106" KundEigtNr="352" ObjektID="9687" ZuordnungsartID="5"/>
  <Zuordnungstabelle Zuordnungsnummer="1107" KundEigtNr="352" ObjektID="9688" ZuordnungsartID="5"/>
  <Zuordnungstabelle Zuordnungsnummer="1108" KundEigtNr="352" ObjektID="9689" ZuordnungsartID="5"/>
  <Zuordnungstabelle Zuordnungsnummer="1109" KundEigtNr="352" ObjektID="9690" ZuordnungsartID="5"/>
  <Zuordnungstabelle Zuordnungsnummer="1111" KundEigtNr="352" ObjektID="9691" ZuordnungsartID="5"/>
  <Zuordnungstabelle Zuordnungsnummer="1112" KundEigtNr="352" ObjektID="9692" ZuordnungsartID="5"/>
  <Zuordnungstabelle Zuordnungsnummer="1113" KundEigtNr="352" ObjektID="9693" ZuordnungsartID="5"/>
  <Zuordnungstabelle Zuordnungsnummer="1114" KundEigtNr="352" ObjektID="9694" ZuordnungsartID="5"/>
  <Zuordnungstabelle Zuordnungsnummer="1115" KundEigtNr="352" ObjektID="9695" ZuordnungsartID="5"/>
  <Zuordnungstabelle Zuordnungsnummer="1116" KundEigtNr="352" ObjektID="9696" ZuordnungsartID="5"/>
  <Zuordnungstabelle Zuordnungsnummer="1118" KundEigtNr="352" ObjektID="9235" ZuordnungsartID="5"/>
  <Zuordnungstabelle Zuordnungsnummer="1119" KundEigtNr="352" ObjektID="9236" ZuordnungsartID="5"/>
  <Zuordnungstabelle Zuordnungsnummer="1120" KundEigtNr="352" ObjektID="9698" ZuordnungsartID="5"/>
  <Zuordnungstabelle Zuordnungsnummer="1121" KundEigtNr="352" ObjektID="9699" ZuordnungsartID="5"/>
  <Zuordnungstabelle Zuordnungsnummer="1122" KundEigtNr="352" ObjektID="9700" ZuordnungsartID="5"/>
  <Zuordnungstabelle Zuordnungsnummer="1123" KundEigtNr="352" ObjektID="9701" ZuordnungsartID="5"/>
  <Zuordnungstabelle Zuordnungsnummer="1124" KundEigtNr="352" ObjektID="9702" ZuordnungsartID="5"/>
  <Zuordnungstabelle Zuordnungsnummer="1125" KundEigtNr="352" ObjektID="9703" ZuordnungsartID="5"/>
  <Zuordnungstabelle Zuordnungsnummer="1126" KundEigtNr="352" ObjektID="9704" ZuordnungsartID="5"/>
  <Zuordnungstabelle Zuordnungsnummer="1127" KundEigtNr="352" ObjektID="9705" ZuordnungsartID="5"/>
  <Zuordnungstabelle Zuordnungsnummer="1128" KundEigtNr="352" ObjektID="9706" ZuordnungsartID="5"/>
  <Zuordnungstabelle Zuordnungsnummer="1129" KundEigtNr="352" ObjektID="9707" ZuordnungsartID="5"/>
  <Zuordnungstabelle Zuordnungsnummer="1130" KundEigtNr="352" ObjektID="9708" ZuordnungsartID="5"/>
  <Zuordnungstabelle Zuordnungsnummer="1131" KundEigtNr="352" ObjektID="9709" ZuordnungsartID="5"/>
  <Zuordnungstabelle Zuordnungsnummer="1132" KundEigtNr="352" ObjektID="9710" ZuordnungsartID="5"/>
  <Zuordnungstabelle Zuordnungsnummer="1133" KundEigtNr="352" ObjektID="9711" ZuordnungsartID="5"/>
  <Zuordnungstabelle Zuordnungsnummer="1134" KundEigtNr="352" ObjektID="9712" ZuordnungsartID="5"/>
  <Zuordnungstabelle Zuordnungsnummer="1135" KundEigtNr="352" ObjektID="9713" ZuordnungsartID="5"/>
  <Zuordnungstabelle Zuordnungsnummer="1136" KundEigtNr="352" ObjektID="9714" ZuordnungsartID="5"/>
  <Zuordnungstabelle Zuordnungsnummer="1137" KundEigtNr="352" ObjektID="9715" ZuordnungsartID="5"/>
  <Zuordnungstabelle Zuordnungsnummer="1138" KundEigtNr="352" ObjektID="9716" ZuordnungsartID="5"/>
  <Zuordnungstabelle Zuordnungsnummer="1139" KundEigtNr="352" ObjektID="9717" ZuordnungsartID="5"/>
  <Zuordnungstabelle Zuordnungsnummer="1140" KundEigtNr="352" ObjektID="9718" ZuordnungsartID="5"/>
  <Zuordnungstabelle Zuordnungsnummer="1141" KundEigtNr="352" ObjektID="9719" ZuordnungsartID="5"/>
  <Zuordnungstabelle Zuordnungsnummer="1142" KundEigtNr="352" ObjektID="9720" ZuordnungsartID="5"/>
  <Zuordnungstabelle Zuordnungsnummer="1143" KundEigtNr="352" ObjektID="9697" ZuordnungsartID="5"/>
  <Zuordnungstabelle Zuordnungsnummer="1144" KundEigtNr="352" ObjektID="9721" ZuordnungsartID="5"/>
  <Zuordnungstabelle Zuordnungsnummer="1145" KundEigtNr="352" ObjektID="9722" ZuordnungsartID="5"/>
  <Zuordnungstabelle Zuordnungsnummer="1146" KundEigtNr="352" ObjektID="9723" ZuordnungsartID="5"/>
  <Zuordnungstabelle Zuordnungsnummer="1147" KundEigtNr="352" ObjektID="9724" ZuordnungsartID="5"/>
  <Zuordnungstabelle Zuordnungsnummer="1148" KundEigtNr="352" ObjektID="9725" ZuordnungsartID="5"/>
  <Zuordnungstabelle Zuordnungsnummer="1149" KundEigtNr="352" ObjektID="9726" ZuordnungsartID="5"/>
  <Zuordnungstabelle Zuordnungsnummer="1150" KundEigtNr="352" ObjektID="9727" ZuordnungsartID="5"/>
  <Zuordnungstabelle Zuordnungsnummer="1151" KundEigtNr="352" ObjektID="9728" ZuordnungsartID="5"/>
  <Zuordnungstabelle Zuordnungsnummer="1152" KundEigtNr="352" ObjektID="9730" ZuordnungsartID="5"/>
  <Zuordnungstabelle Zuordnungsnummer="1153" KundEigtNr="352" ObjektID="9731" ZuordnungsartID="5"/>
  <Zuordnungstabelle Zuordnungsnummer="1154" KundEigtNr="352" ObjektID="9732" ZuordnungsartID="5"/>
  <Zuordnungstabelle Zuordnungsnummer="1155" KundEigtNr="352" ObjektID="9733" ZuordnungsartID="5"/>
  <Zuordnungstabelle Zuordnungsnummer="1156" KundEigtNr="352" ObjektID="9734" ZuordnungsartID="5"/>
  <Zuordnungstabelle Zuordnungsnummer="1157" KundEigtNr="352" ObjektID="9735" ZuordnungsartID="5"/>
  <Zuordnungstabelle Zuordnungsnummer="1158" KundEigtNr="352" ObjektID="9736" ZuordnungsartID="5"/>
  <Zuordnungstabelle Zuordnungsnummer="1159" KundEigtNr="352" ObjektID="9737" ZuordnungsartID="5"/>
  <Zuordnungstabelle Zuordnungsnummer="1160" KundEigtNr="352" ObjektID="9738" ZuordnungsartID="5"/>
  <Zuordnungstabelle Zuordnungsnummer="1161" KundEigtNr="352" ObjektID="9739" ZuordnungsartID="5"/>
  <Zuordnungstabelle Zuordnungsnummer="1162" KundEigtNr="352" ObjektID="9740" ZuordnungsartID="5"/>
  <Zuordnungstabelle Zuordnungsnummer="1163" KundEigtNr="352" ObjektID="9741" ZuordnungsartID="5"/>
  <Zuordnungstabelle Zuordnungsnummer="1164" KundEigtNr="352" ObjektID="9742" ZuordnungsartID="5"/>
  <Zuordnungstabelle Zuordnungsnummer="1165" KundEigtNr="352" ObjektID="9743" ZuordnungsartID="5"/>
  <Zuordnungstabelle Zuordnungsnummer="1166" KundEigtNr="352" ObjektID="9744" ZuordnungsartID="5"/>
  <Zuordnungstabelle Zuordnungsnummer="1167" KundEigtNr="352" ObjektID="9745" ZuordnungsartID="5"/>
  <Zuordnungstabelle Zuordnungsnummer="1168" KundEigtNr="352" ObjektID="9746" ZuordnungsartID="5"/>
  <Zuordnungstabelle Zuordnungsnummer="1169" KundEigtNr="352" ObjektID="9747" ZuordnungsartID="5"/>
  <Zuordnungstabelle Zuordnungsnummer="1170" KundEigtNr="352" ObjektID="9748" ZuordnungsartID="5"/>
  <Zuordnungstabelle Zuordnungsnummer="1171" KundEigtNr="352" ObjektID="9749" ZuordnungsartID="5"/>
  <Zuordnungstabelle Zuordnungsnummer="1172" KundEigtNr="352" ObjektID="9750" ZuordnungsartID="5"/>
  <Zuordnungstabelle Zuordnungsnummer="1173" KundEigtNr="352" ObjektID="9751" ZuordnungsartID="5"/>
  <Zuordnungstabelle Zuordnungsnummer="1174" KundEigtNr="352" ObjektID="9752" ZuordnungsartID="5"/>
  <Zuordnungstabelle Zuordnungsnummer="1175" KundEigtNr="352" ObjektID="9753" ZuordnungsartID="5"/>
  <Zuordnungstabelle Zuordnungsnummer="1176" KundEigtNr="352" ObjektID="9754" ZuordnungsartID="5"/>
  <Zuordnungstabelle Zuordnungsnummer="1177" KundEigtNr="352" ObjektID="9755" ZuordnungsartID="5"/>
  <Zuordnungstabelle Zuordnungsnummer="1178" KundEigtNr="352" ObjektID="9756" ZuordnungsartID="5"/>
  <Zuordnungstabelle Zuordnungsnummer="1179" KundEigtNr="352" ObjektID="9757" ZuordnungsartID="5"/>
  <Zuordnungstabelle Zuordnungsnummer="1180" KundEigtNr="352" ObjektID="9758" ZuordnungsartID="5"/>
  <Zuordnungstabelle Zuordnungsnummer="1181" KundEigtNr="352" ObjektID="9759" ZuordnungsartID="5"/>
  <Zuordnungstabelle Zuordnungsnummer="1182" KundEigtNr="352" ObjektID="9760" ZuordnungsartID="5"/>
  <Zuordnungstabelle Zuordnungsnummer="1183" KundEigtNr="352" ObjektID="9761" ZuordnungsartID="5"/>
  <Zuordnungstabelle Zuordnungsnummer="1184" KundEigtNr="352" ObjektID="9762" ZuordnungsartID="5"/>
  <Zuordnungstabelle Zuordnungsnummer="1185" KundEigtNr="352" ObjektID="9763" ZuordnungsartID="5"/>
  <Zuordnungstabelle Zuordnungsnummer="1186" KundEigtNr="352" ObjektID="9764" ZuordnungsartID="5"/>
  <Zuordnungstabelle Zuordnungsnummer="1187" KundEigtNr="352" ObjektID="9765" ZuordnungsartID="5"/>
  <Zuordnungstabelle Zuordnungsnummer="1188" KundEigtNr="352" ObjektID="9766" ZuordnungsartID="5"/>
  <Zuordnungstabelle Zuordnungsnummer="1189" KundEigtNr="352" ObjektID="9767" ZuordnungsartID="5"/>
  <Zuordnungstabelle Zuordnungsnummer="1190" KundEigtNr="352" ObjektID="9768" ZuordnungsartID="5"/>
  <Zuordnungstabelle Zuordnungsnummer="1191" KundEigtNr="352" ObjektID="9769" ZuordnungsartID="5"/>
  <Zuordnungstabelle Zuordnungsnummer="1192" KundEigtNr="352" ObjektID="9770" ZuordnungsartID="5"/>
  <Zuordnungstabelle Zuordnungsnummer="1193" KundEigtNr="352" ObjektID="9771" ZuordnungsartID="5"/>
  <Zuordnungstabelle Zuordnungsnummer="1194" KundEigtNr="352" ObjektID="9772" ZuordnungsartID="5"/>
  <Zuordnungstabelle Zuordnungsnummer="1195" KundEigtNr="352" ObjektID="9773" ZuordnungsartID="5"/>
  <Zuordnungstabelle Zuordnungsnummer="1196" KundEigtNr="352" ObjektID="9774" ZuordnungsartID="5"/>
  <Zuordnungstabelle Zuordnungsnummer="1197" KundEigtNr="352" ObjektID="9775" ZuordnungsartID="5"/>
  <Zuordnungstabelle Zuordnungsnummer="1198" KundEigtNr="352" ObjektID="9776" ZuordnungsartID="5"/>
  <Zuordnungstabelle Zuordnungsnummer="1199" KundEigtNr="352" ObjektID="9777" ZuordnungsartID="5"/>
  <Zuordnungstabelle Zuordnungsnummer="1200" KundEigtNr="352" ObjektID="9778" ZuordnungsartID="5"/>
  <Zuordnungstabelle Zuordnungsnummer="1201" KundEigtNr="352" ObjektID="9779" ZuordnungsartID="5"/>
  <Zuordnungstabelle Zuordnungsnummer="1202" KundEigtNr="352" ObjektID="9780" ZuordnungsartID="5"/>
  <Zuordnungstabelle Zuordnungsnummer="1203" KundEigtNr="352" ObjektID="9781" ZuordnungsartID="5"/>
  <Zuordnungstabelle Zuordnungsnummer="1204" KundEigtNr="352" ObjektID="9782" ZuordnungsartID="5"/>
  <Zuordnungstabelle Zuordnungsnummer="1205" KundEigtNr="352" ObjektID="9783" ZuordnungsartID="5"/>
  <Zuordnungstabelle Zuordnungsnummer="1206" KundEigtNr="352" ObjektID="9784" ZuordnungsartID="5"/>
  <Zuordnungstabelle Zuordnungsnummer="1207" KundEigtNr="352" ObjektID="9785" ZuordnungsartID="5"/>
  <Zuordnungstabelle Zuordnungsnummer="1208" KundEigtNr="352" ObjektID="9785" ZuordnungsartID="5"/>
  <Zuordnungstabelle Zuordnungsnummer="1209" KundEigtNr="352" ObjektID="9786" ZuordnungsartID="5"/>
  <Zuordnungstabelle Zuordnungsnummer="1210" KundEigtNr="352" ObjektID="9787" ZuordnungsartID="5"/>
  <Zuordnungstabelle Zuordnungsnummer="1211" KundEigtNr="352" ObjektID="9788" ZuordnungsartID="5"/>
  <Zuordnungstabelle Zuordnungsnummer="1212" KundEigtNr="352" ObjektID="9789" ZuordnungsartID="5"/>
  <Zuordnungstabelle Zuordnungsnummer="1213" KundEigtNr="352" ObjektID="9790" ZuordnungsartID="5"/>
  <Zuordnungstabelle Zuordnungsnummer="1214" KundEigtNr="352" ObjektID="9791" ZuordnungsartID="5"/>
  <Zuordnungstabelle Zuordnungsnummer="1215" KundEigtNr="352" ObjektID="9792" ZuordnungsartID="5"/>
  <Zuordnungstabelle Zuordnungsnummer="1216" KundEigtNr="352" ObjektID="9793" ZuordnungsartID="5"/>
  <Zuordnungstabelle Zuordnungsnummer="1217" KundEigtNr="352" ObjektID="9794" ZuordnungsartID="5"/>
  <Zuordnungstabelle Zuordnungsnummer="1218" KundEigtNr="352" ObjektID="9795" ZuordnungsartID="5"/>
  <Zuordnungstabelle Zuordnungsnummer="1219" KundEigtNr="352" ObjektID="9795" ZuordnungsartID="5"/>
  <Zuordnungstabelle Zuordnungsnummer="1220" KundEigtNr="352" ObjektID="9796" ZuordnungsartID="5"/>
  <Zuordnungstabelle Zuordnungsnummer="1221" KundEigtNr="352" ObjektID="9797" ZuordnungsartID="5"/>
  <Zuordnungstabelle Zuordnungsnummer="1222" KundEigtNr="352" ObjektID="9798" ZuordnungsartID="5"/>
  <Zuordnungstabelle Zuordnungsnummer="1223" KundEigtNr="352" ObjektID="9799" ZuordnungsartID="5"/>
  <Zuordnungstabelle Zuordnungsnummer="1224" KundEigtNr="352" ObjektID="9800" ZuordnungsartID="5"/>
  <Zuordnungstabelle Zuordnungsnummer="1225" KundEigtNr="352" ObjektID="9801" ZuordnungsartID="5"/>
  <Zuordnungstabelle Zuordnungsnummer="1226" KundEigtNr="352" ObjektID="9802" ZuordnungsartID="5"/>
  <Zuordnungstabelle Zuordnungsnummer="1227" KundEigtNr="352" ObjektID="9803" ZuordnungsartID="5"/>
  <Zuordnungstabelle Zuordnungsnummer="1228" KundEigtNr="352" ObjektID="9804" ZuordnungsartID="5"/>
  <Zuordnungstabelle Zuordnungsnummer="1229" KundEigtNr="352" ObjektID="9805" ZuordnungsartID="5"/>
  <Zuordnungstabelle Zuordnungsnummer="1230" KundEigtNr="352" ObjektID="9806" ZuordnungsartID="5"/>
  <Zuordnungstabelle Zuordnungsnummer="1231" KundEigtNr="352" ObjektID="9807" ZuordnungsartID="5"/>
  <Zuordnungstabelle Zuordnungsnummer="1232" KundEigtNr="352" ObjektID="9808" ZuordnungsartID="5"/>
  <Zuordnungstabelle Zuordnungsnummer="1233" KundEigtNr="352" ObjektID="9809" ZuordnungsartID="5"/>
  <Zuordnungstabelle Zuordnungsnummer="1234" KundEigtNr="352" ObjektID="9810" ZuordnungsartID="5"/>
  <Zuordnungstabelle Zuordnungsnummer="1235" KundEigtNr="352" ObjektID="9811" ZuordnungsartID="5"/>
  <Zuordnungstabelle Zuordnungsnummer="1236" KundEigtNr="352" ObjektID="9812" ZuordnungsartID="5"/>
  <Zuordnungstabelle Zuordnungsnummer="1237" KundEigtNr="352" ObjektID="9813" ZuordnungsartID="5"/>
  <Zuordnungstabelle Zuordnungsnummer="1238" KundEigtNr="352" ObjektID="9814" ZuordnungsartID="5"/>
  <Zuordnungstabelle Zuordnungsnummer="1239" KundEigtNr="352" ObjektID="9815" ZuordnungsartID="5"/>
  <Zuordnungstabelle Zuordnungsnummer="1240" KundEigtNr="352" ObjektID="9816" ZuordnungsartID="5"/>
  <Zuordnungstabelle Zuordnungsnummer="1241" KundEigtNr="352" ObjektID="9817" ZuordnungsartID="5"/>
  <Zuordnungstabelle Zuordnungsnummer="1242" KundEigtNr="352" ObjektID="9818" ZuordnungsartID="5"/>
  <Zuordnungstabelle Zuordnungsnummer="1243" KundEigtNr="352" ObjektID="9819" ZuordnungsartID="5"/>
  <Zuordnungstabelle Zuordnungsnummer="1244" KundEigtNr="352" ObjektID="9820" ZuordnungsartID="5"/>
  <Zuordnungstabelle Zuordnungsnummer="1245" KundEigtNr="352" ObjektID="9821" ZuordnungsartID="5"/>
  <Zuordnungstabelle Zuordnungsnummer="1246" KundEigtNr="352" ObjektID="9822" ZuordnungsartID="5"/>
  <Zuordnungstabelle Zuordnungsnummer="1247" KundEigtNr="352" ObjektID="9823" ZuordnungsartID="5"/>
  <Zuordnungstabelle Zuordnungsnummer="1248" KundEigtNr="352" ObjektID="9824" ZuordnungsartID="5"/>
  <Zuordnungstabelle Zuordnungsnummer="1249" KundEigtNr="352" ObjektID="9825" ZuordnungsartID="5"/>
  <Zuordnungstabelle Zuordnungsnummer="1250" KundEigtNr="352" ObjektID="9826" ZuordnungsartID="5"/>
  <Zuordnungstabelle Zuordnungsnummer="1251" KundEigtNr="352" ObjektID="9827" ZuordnungsartID="5"/>
  <Zuordnungstabelle Zuordnungsnummer="1252" KundEigtNr="352" ObjektID="9828" ZuordnungsartID="5"/>
  <Zuordnungstabelle Zuordnungsnummer="1253" KundEigtNr="352" ObjektID="9829" ZuordnungsartID="5"/>
  <Zuordnungstabelle Zuordnungsnummer="1254" KundEigtNr="352" ObjektID="9830" ZuordnungsartID="5"/>
  <Zuordnungstabelle Zuordnungsnummer="1255" KundEigtNr="352" ObjektID="9831" ZuordnungsartID="5"/>
  <Zuordnungstabelle Zuordnungsnummer="1260" KundEigtNr="352" ObjektID="9836" ZuordnungsartID="5"/>
  <Zuordnungstabelle Zuordnungsnummer="1261" KundEigtNr="352" ObjektID="9837" ZuordnungsartID="5"/>
  <Zuordnungstabelle Zuordnungsnummer="1262" KundEigtNr="352" ObjektID="9838" ZuordnungsartID="5"/>
  <Zuordnungstabelle Zuordnungsnummer="1263" KundEigtNr="352" ObjektID="9839" ZuordnungsartID="5"/>
  <Zuordnungstabelle Zuordnungsnummer="1264" KundEigtNr="352" ObjektID="9840" ZuordnungsartID="5"/>
  <Zuordnungstabelle Zuordnungsnummer="1265" KundEigtNr="352" ObjektID="9841" ZuordnungsartID="5"/>
  <Zuordnungstabelle Zuordnungsnummer="1266" KundEigtNr="352" ObjektID="9842" ZuordnungsartID="5"/>
  <Zuordnungstabelle Zuordnungsnummer="1267" KundEigtNr="352" ObjektID="9843" ZuordnungsartID="5"/>
  <Zuordnungstabelle Zuordnungsnummer="1268" KundEigtNr="352" ObjektID="9844" ZuordnungsartID="5"/>
  <Zuordnungstabelle Zuordnungsnummer="1269" KundEigtNr="352" ObjektID="9845" ZuordnungsartID="5"/>
  <Zuordnungstabelle Zuordnungsnummer="1270" KundEigtNr="352" ObjektID="9846" ZuordnungsartID="5"/>
  <Zuordnungstabelle Zuordnungsnummer="1271" KundEigtNr="352" ObjektID="9847" ZuordnungsartID="5"/>
  <Zuordnungstabelle Zuordnungsnummer="1272" KundEigtNr="352" ObjektID="9848" ZuordnungsartID="5"/>
  <Zuordnungstabelle Zuordnungsnummer="1273" KundEigtNr="352" ObjektID="9849" ZuordnungsartID="5"/>
  <Zuordnungstabelle Zuordnungsnummer="1274" KundEigtNr="352" ObjektID="9850" ZuordnungsartID="5"/>
  <Zuordnungstabelle Zuordnungsnummer="1275" KundEigtNr="352" ObjektID="9851" ZuordnungsartID="5"/>
  <Zuordnungstabelle Zuordnungsnummer="1276" KundEigtNr="352" ObjektID="9852" ZuordnungsartID="5"/>
  <Zuordnungstabelle Zuordnungsnummer="1277" KundEigtNr="352" ObjektID="9853" ZuordnungsartID="5"/>
  <Zuordnungstabelle Zuordnungsnummer="1278" KundEigtNr="352" ObjektID="9854" ZuordnungsartID="5"/>
  <Zuordnungstabelle Zuordnungsnummer="1279" KundEigtNr="352" ObjektID="9855" ZuordnungsartID="5"/>
  <Zuordnungstabelle Zuordnungsnummer="1280" KundEigtNr="352" ObjektID="9567" ZuordnungsartID="5"/>
  <Zuordnungstabelle Zuordnungsnummer="1281" KundEigtNr="352" ObjektID="651" ZuordnungsartID="5"/>
  <Zuordnungstabelle Zuordnungsnummer="1282" KundEigtNr="352" ObjektID="9858" ZuordnungsartID="5"/>
  <Zuordnungstabelle Zuordnungsnummer="1283" KundEigtNr="352" ObjektID="9859" ZuordnungsartID="5"/>
  <Zuordnungstabelle Zuordnungsnummer="1284" KundEigtNr="352" ObjektID="9860" ZuordnungsartID="5"/>
  <Zuordnungstabelle Zuordnungsnummer="1285" KundEigtNr="352" ObjektID="9861" ZuordnungsartID="5"/>
  <Zuordnungstabelle Zuordnungsnummer="1286" KundEigtNr="352" ObjektID="9862" ZuordnungsartID="5"/>
  <Zuordnungstabelle Zuordnungsnummer="1287" KundEigtNr="352" ObjektID="9863" ZuordnungsartID="5"/>
  <Zuordnungstabelle Zuordnungsnummer="1288" KundEigtNr="352" ObjektID="9864" ZuordnungsartID="5"/>
  <Zuordnungstabelle Zuordnungsnummer="1289" KundEigtNr="352" ObjektID="9865" ZuordnungsartID="5"/>
  <Zuordnungstabelle Zuordnungsnummer="1290" KundEigtNr="352" ObjektID="9866" ZuordnungsartID="5"/>
  <Zuordnungstabelle Zuordnungsnummer="1291" KundEigtNr="352" ObjektID="9867" ZuordnungsartID="5"/>
  <Zuordnungstabelle Zuordnungsnummer="1292" KundEigtNr="352" ObjektID="9868" ZuordnungsartID="5"/>
  <Zuordnungstabelle Zuordnungsnummer="1293" KundEigtNr="352" ObjektID="9869" ZuordnungsartID="5"/>
  <Zuordnungstabelle Zuordnungsnummer="1294" KundEigtNr="352" ObjektID="9870" ZuordnungsartID="5"/>
  <Zuordnungstabelle Zuordnungsnummer="1295" KundEigtNr="352" ObjektID="9871" ZuordnungsartID="5"/>
  <Zuordnungstabelle Zuordnungsnummer="1296" KundEigtNr="352" ObjektID="9872" ZuordnungsartID="5"/>
  <Zuordnungstabelle Zuordnungsnummer="1297" KundEigtNr="352" ObjektID="9873" ZuordnungsartID="5"/>
  <Zuordnungstabelle Zuordnungsnummer="1298" KundEigtNr="352" ObjektID="9874" ZuordnungsartID="5"/>
  <Zuordnungstabelle Zuordnungsnummer="1299" KundEigtNr="352" ObjektID="9875" ZuordnungsartID="5"/>
  <Zuordnungstabelle Zuordnungsnummer="1300" KundEigtNr="352" ObjektID="9876" ZuordnungsartID="5"/>
  <Zuordnungstabelle Zuordnungsnummer="1301" KundEigtNr="352" ObjektID="9877" ZuordnungsartID="5"/>
  <Zuordnungstabelle Zuordnungsnummer="1302" KundEigtNr="352" ObjektID="9878" ZuordnungsartID="5"/>
  <Zuordnungstabelle Zuordnungsnummer="1303" KundEigtNr="352" ObjektID="9879" ZuordnungsartID="5"/>
  <Zuordnungstabelle Zuordnungsnummer="1304" KundEigtNr="352" ObjektID="9880" ZuordnungsartID="5"/>
  <Zuordnungstabelle Zuordnungsnummer="1305" KundEigtNr="352" ObjektID="9881" ZuordnungsartID="5"/>
  <Zuordnungstabelle Zuordnungsnummer="1306" KundEigtNr="352" ObjektID="9882" ZuordnungsartID="5"/>
  <Zuordnungstabelle Zuordnungsnummer="1307" KundEigtNr="352" ObjektID="9883" ZuordnungsartID="5"/>
  <Zuordnungstabelle Zuordnungsnummer="1308" KundEigtNr="352" ObjektID="9884" ZuordnungsartID="5"/>
  <Zuordnungstabelle Zuordnungsnummer="1309" KundEigtNr="352" ObjektID="9885" ZuordnungsartID="5"/>
  <Zuordnungstabelle Zuordnungsnummer="1310" KundEigtNr="352" ObjektID="9886" ZuordnungsartID="5"/>
  <Zuordnungstabelle Zuordnungsnummer="1311" KundEigtNr="352" ObjektID="9887" ZuordnungsartID="5"/>
  <Zuordnungstabelle Zuordnungsnummer="1312" KundEigtNr="352" ObjektID="9888" ZuordnungsartID="5"/>
  <Zuordnungstabelle Zuordnungsnummer="1313" KundEigtNr="352" ObjektID="9889" ZuordnungsartID="5"/>
  <Zuordnungstabelle Zuordnungsnummer="1314" KundEigtNr="352" ObjektID="9890" ZuordnungsartID="5"/>
  <Zuordnungstabelle Zuordnungsnummer="1315" KundEigtNr="352" ObjektID="9891" ZuordnungsartID="5"/>
  <Zuordnungstabelle Zuordnungsnummer="1316" KundEigtNr="352" ObjektID="9892" ZuordnungsartID="5"/>
  <Zuordnungstabelle Zuordnungsnummer="1317" KundEigtNr="352" ObjektID="9893" ZuordnungsartID="5"/>
  <Zuordnungstabelle Zuordnungsnummer="1318" KundEigtNr="352" ObjektID="9894" ZuordnungsartID="5"/>
  <Zuordnungstabelle Zuordnungsnummer="1319" KundEigtNr="352" ObjektID="9895" ZuordnungsartID="5"/>
  <Zuordnungstabelle Zuordnungsnummer="1320" KundEigtNr="352" ObjektID="9896" ZuordnungsartID="5"/>
  <Zuordnungstabelle Zuordnungsnummer="1321" KundEigtNr="352" ObjektID="9897" ZuordnungsartID="5"/>
  <Zuordnungstabelle Zuordnungsnummer="1322" KundEigtNr="352" ObjektID="9898" ZuordnungsartID="5"/>
  <Zuordnungstabelle Zuordnungsnummer="1323" KundEigtNr="352" ObjektID="9899" ZuordnungsartID="5"/>
  <Zuordnungstabelle Zuordnungsnummer="1324" KundEigtNr="352" ObjektID="9900" ZuordnungsartID="5"/>
  <Zuordnungstabelle Zuordnungsnummer="1325" KundEigtNr="352" ObjektID="9901" ZuordnungsartID="5"/>
  <Zuordnungstabelle Zuordnungsnummer="1326" KundEigtNr="352" ObjektID="9902" ZuordnungsartID="5"/>
  <Zuordnungstabelle Zuordnungsnummer="1327" KundEigtNr="352" ObjektID="9903" ZuordnungsartID="5"/>
  <Zuordnungstabelle Zuordnungsnummer="1328" KundEigtNr="352" ObjektID="9904" ZuordnungsartID="5"/>
  <Zuordnungstabelle Zuordnungsnummer="1329" KundEigtNr="352" ObjektID="9905" ZuordnungsartID="5"/>
  <Zuordnungstabelle Zuordnungsnummer="1330" KundEigtNr="352" ObjektID="9906" ZuordnungsartID="5"/>
  <Zuordnungstabelle Zuordnungsnummer="1331" KundEigtNr="352" ObjektID="9907" ZuordnungsartID="5"/>
  <Zuordnungstabelle Zuordnungsnummer="1332" KundEigtNr="352" ObjektID="9908" ZuordnungsartID="5"/>
  <Zuordnungstabelle Zuordnungsnummer="1333" KundEigtNr="352" ObjektID="9909" ZuordnungsartID="5"/>
  <Zuordnungstabelle Zuordnungsnummer="1334" KundEigtNr="352" ObjektID="9910" ZuordnungsartID="5"/>
  <Zuordnungstabelle Zuordnungsnummer="1335" KundEigtNr="352" ObjektID="9911" ZuordnungsartID="5"/>
  <Zuordnungstabelle Zuordnungsnummer="1336" KundEigtNr="352" ObjektID="9912" ZuordnungsartID="5"/>
  <Zuordnungstabelle Zuordnungsnummer="1337" KundEigtNr="352" ObjektID="9913" ZuordnungsartID="5"/>
  <Zuordnungstabelle Zuordnungsnummer="1338" KundEigtNr="352" ObjektID="9914" ZuordnungsartID="5"/>
  <Zuordnungstabelle Zuordnungsnummer="1339" KundEigtNr="352" ObjektID="9915" ZuordnungsartID="5"/>
  <Zuordnungstabelle Zuordnungsnummer="1340" KundEigtNr="352" ObjektID="9916" ZuordnungsartID="5"/>
  <Zuordnungstabelle Zuordnungsnummer="1341" KundEigtNr="352" ObjektID="9917" ZuordnungsartID="5"/>
  <Zuordnungstabelle Zuordnungsnummer="1342" KundEigtNr="352" ObjektID="9918" ZuordnungsartID="5"/>
  <Zuordnungstabelle Zuordnungsnummer="1343" KundEigtNr="352" ObjektID="9919" ZuordnungsartID="5"/>
  <Zuordnungstabelle Zuordnungsnummer="1344" KundEigtNr="352" ObjektID="9920" ZuordnungsartID="5"/>
  <Zuordnungstabelle Zuordnungsnummer="1345" KundEigtNr="352" ObjektID="9921" ZuordnungsartID="5"/>
  <Zuordnungstabelle Zuordnungsnummer="1346" KundEigtNr="352" ObjektID="9922" ZuordnungsartID="5"/>
  <Zuordnungstabelle Zuordnungsnummer="1347" KundEigtNr="352" ObjektID="9923" ZuordnungsartID="5"/>
  <Zuordnungstabelle Zuordnungsnummer="1348" KundEigtNr="352" ObjektID="9924" ZuordnungsartID="5"/>
  <Zuordnungstabelle Zuordnungsnummer="1349" KundEigtNr="352" ObjektID="9925" ZuordnungsartID="5"/>
  <Zuordnungstabelle Zuordnungsnummer="1350" KundEigtNr="352" ObjektID="9926" ZuordnungsartID="5"/>
  <Zuordnungstabelle Zuordnungsnummer="1351" KundEigtNr="352" ObjektID="9927" ZuordnungsartID="5"/>
  <Zuordnungstabelle Zuordnungsnummer="1352" KundEigtNr="352" ObjektID="9928" ZuordnungsartID="5"/>
  <Zuordnungstabelle Zuordnungsnummer="1353" KundEigtNr="352" ObjektID="9929" ZuordnungsartID="5"/>
  <Zuordnungstabelle Zuordnungsnummer="1354" KundEigtNr="352" ObjektID="5493" ZuordnungsartID="5"/>
  <Zuordnungstabelle Zuordnungsnummer="1355" KundEigtNr="352" ObjektID="5499" ZuordnungsartID="5"/>
  <Zuordnungstabelle Zuordnungsnummer="1356" KundEigtNr="352" ObjektID="5500" ZuordnungsartID="5"/>
  <Zuordnungstabelle Zuordnungsnummer="1357" KundEigtNr="352" ObjektID="5501" ZuordnungsartID="5"/>
  <Zuordnungstabelle Zuordnungsnummer="1360" KundEigtNr="352" ObjektID="9936" ZuordnungsartID="5"/>
  <Zuordnungstabelle Zuordnungsnummer="1361" KundEigtNr="352" ObjektID="9937" ZuordnungsartID="5"/>
  <Zuordnungstabelle Zuordnungsnummer="1362" KundEigtNr="352" ObjektID="9938" ZuordnungsartID="5"/>
  <Zuordnungstabelle Zuordnungsnummer="1363" KundEigtNr="352" ObjektID="9939" ZuordnungsartID="5"/>
  <Zuordnungstabelle Zuordnungsnummer="1364" KundEigtNr="352" ObjektID="9940" ZuordnungsartID="5"/>
  <Zuordnungstabelle Zuordnungsnummer="1365" KundEigtNr="352" ObjektID="9941" ZuordnungsartID="5"/>
  <Zuordnungstabelle Zuordnungsnummer="1366" KundEigtNr="352" ObjektID="9942" ZuordnungsartID="5"/>
  <Zuordnungstabelle Zuordnungsnummer="1367" KundEigtNr="352" ObjektID="9943" ZuordnungsartID="5"/>
  <Zuordnungstabelle Zuordnungsnummer="1368" KundEigtNr="352" ObjektID="9944" ZuordnungsartID="5"/>
  <Zuordnungstabelle Zuordnungsnummer="1369" KundEigtNr="352" ObjektID="9945" ZuordnungsartID="5"/>
  <Zuordnungstabelle Zuordnungsnummer="1370" KundEigtNr="352" ObjektID="9946" ZuordnungsartID="5"/>
  <Zuordnungstabelle Zuordnungsnummer="1371" KundEigtNr="352" ObjektID="9947" ZuordnungsartID="5"/>
  <Zuordnungstabelle Zuordnungsnummer="1372" KundEigtNr="352" ObjektID="9948" ZuordnungsartID="5"/>
  <Zuordnungstabelle Zuordnungsnummer="1373" KundEigtNr="352" ObjektID="9949" ZuordnungsartID="5"/>
  <Zuordnungstabelle Zuordnungsnummer="1374" KundEigtNr="352" ObjektID="9950" ZuordnungsartID="5"/>
  <Zuordnungstabelle Zuordnungsnummer="1375" KundEigtNr="352" ObjektID="9951" ZuordnungsartID="5"/>
  <Zuordnungstabelle Zuordnungsnummer="1376" KundEigtNr="352" ObjektID="9952" ZuordnungsartID="5"/>
  <Zuordnungstabelle Zuordnungsnummer="1377" KundEigtNr="352" ObjektID="9953" ZuordnungsartID="5"/>
  <Zuordnungstabelle Zuordnungsnummer="1378" KundEigtNr="352" ObjektID="9954" ZuordnungsartID="5"/>
  <Zuordnungstabelle Zuordnungsnummer="1379" KundEigtNr="352" ObjektID="9955" ZuordnungsartID="5"/>
  <Zuordnungstabelle Zuordnungsnummer="1380" KundEigtNr="352" ObjektID="9956" ZuordnungsartID="5"/>
  <Zuordnungstabelle Zuordnungsnummer="1381" KundEigtNr="352" ObjektID="9957" ZuordnungsartID="5"/>
  <Zuordnungstabelle Zuordnungsnummer="1382" KundEigtNr="352" ObjektID="9958" ZuordnungsartID="5"/>
  <Zuordnungstabelle Zuordnungsnummer="1383" KundEigtNr="352" ObjektID="9959" ZuordnungsartID="5"/>
  <Zuordnungstabelle Zuordnungsnummer="1384" KundEigtNr="352" ObjektID="9960" ZuordnungsartID="5"/>
  <Zuordnungstabelle Zuordnungsnummer="1385" KundEigtNr="352" ObjektID="9961" ZuordnungsartID="5"/>
  <Zuordnungstabelle Zuordnungsnummer="1386" KundEigtNr="352" ObjektID="9962" ZuordnungsartID="5"/>
  <Zuordnungstabelle Zuordnungsnummer="1387" KundEigtNr="352" ObjektID="9963" ZuordnungsartID="5"/>
  <Zuordnungstabelle Zuordnungsnummer="1388" KundEigtNr="352" ObjektID="9964" ZuordnungsartID="5"/>
  <Zuordnungstabelle Zuordnungsnummer="1389" KundEigtNr="352" ObjektID="9965" ZuordnungsartID="5"/>
  <Zuordnungstabelle Zuordnungsnummer="1390" KundEigtNr="352" ObjektID="9966" ZuordnungsartID="5"/>
  <Zuordnungstabelle Zuordnungsnummer="1391" KundEigtNr="352" ObjektID="9967" ZuordnungsartID="5"/>
  <Zuordnungstabelle Zuordnungsnummer="1392" KundEigtNr="352" ObjektID="9968" ZuordnungsartID="5"/>
  <Zuordnungstabelle Zuordnungsnummer="1393" KundEigtNr="352" ObjektID="9969" ZuordnungsartID="5"/>
  <Zuordnungstabelle Zuordnungsnummer="1394" KundEigtNr="352" ObjektID="9970" ZuordnungsartID="5"/>
  <Zuordnungstabelle Zuordnungsnummer="1395" KundEigtNr="352" ObjektID="9971" ZuordnungsartID="5"/>
  <Zuordnungstabelle Zuordnungsnummer="1396" KundEigtNr="352" ObjektID="9972" ZuordnungsartID="5"/>
  <Zuordnungstabelle Zuordnungsnummer="1397" KundEigtNr="352" ObjektID="9973" ZuordnungsartID="5"/>
  <Zuordnungstabelle Zuordnungsnummer="1398" KundEigtNr="352" ObjektID="9974" ZuordnungsartID="5"/>
  <Zuordnungstabelle Zuordnungsnummer="1399" KundEigtNr="352" ObjektID="9975" ZuordnungsartID="5"/>
  <Zuordnungstabelle Zuordnungsnummer="1400" KundEigtNr="352" ObjektID="9976" ZuordnungsartID="5"/>
  <Zuordnungstabelle Zuordnungsnummer="1401" KundEigtNr="352" ObjektID="9977" ZuordnungsartID="5"/>
  <Zuordnungstabelle Zuordnungsnummer="1402" KundEigtNr="352" ObjektID="9978" ZuordnungsartID="5"/>
  <Zuordnungstabelle Zuordnungsnummer="1403" KundEigtNr="352" ObjektID="9979" ZuordnungsartID="5"/>
  <Zuordnungstabelle Zuordnungsnummer="1404" KundEigtNr="352" ObjektID="9980" ZuordnungsartID="5"/>
  <Zuordnungstabelle Zuordnungsnummer="1405" KundEigtNr="352" ObjektID="9981" ZuordnungsartID="5"/>
  <Zuordnungstabelle Zuordnungsnummer="1406" KundEigtNr="352" ObjektID="9982" ZuordnungsartID="5"/>
  <Zuordnungstabelle Zuordnungsnummer="1407" KundEigtNr="352" ObjektID="9984" ZuordnungsartID="5"/>
  <Zuordnungstabelle Zuordnungsnummer="1408" KundEigtNr="352" ObjektID="9985" ZuordnungsartID="5"/>
  <Zuordnungstabelle Zuordnungsnummer="1409" KundEigtNr="352" ObjektID="9986" ZuordnungsartID="5"/>
  <Zuordnungstabelle Zuordnungsnummer="1410" KundEigtNr="352" ObjektID="9987" ZuordnungsartID="5"/>
  <Zuordnungstabelle Zuordnungsnummer="1411" KundEigtNr="352" ObjektID="9988" ZuordnungsartID="5"/>
  <Zuordnungstabelle Zuordnungsnummer="1412" KundEigtNr="352" ObjektID="9989" ZuordnungsartID="5"/>
  <Zuordnungstabelle Zuordnungsnummer="1413" KundEigtNr="352" ObjektID="9990" ZuordnungsartID="5"/>
  <Zuordnungstabelle Zuordnungsnummer="1414" KundEigtNr="352" ObjektID="9991" ZuordnungsartID="5"/>
  <Zuordnungstabelle Zuordnungsnummer="1415" KundEigtNr="352" ObjektID="9992" ZuordnungsartID="5"/>
  <Zuordnungstabelle Zuordnungsnummer="1416" KundEigtNr="352" ObjektID="9993" ZuordnungsartID="5"/>
  <Zuordnungstabelle Zuordnungsnummer="1417" KundEigtNr="352" ObjektID="9994" ZuordnungsartID="5"/>
  <Zuordnungstabelle Zuordnungsnummer="1418" KundEigtNr="352" ObjektID="9995" ZuordnungsartID="5"/>
  <Zuordnungstabelle Zuordnungsnummer="1419" KundEigtNr="352" ObjektID="9996" ZuordnungsartID="5"/>
  <Zuordnungstabelle Zuordnungsnummer="1420" KundEigtNr="352" ObjektID="9997" ZuordnungsartID="5"/>
  <Zuordnungstabelle Zuordnungsnummer="1421" KundEigtNr="352" ObjektID="9998" ZuordnungsartID="5"/>
  <Zuordnungstabelle Zuordnungsnummer="1422" KundEigtNr="352" ObjektID="9999" ZuordnungsartID="5"/>
  <Zuordnungstabelle Zuordnungsnummer="1423" KundEigtNr="352" ObjektID="10000" ZuordnungsartID="5"/>
  <Zuordnungstabelle Zuordnungsnummer="1424" KundEigtNr="352" ObjektID="10001" ZuordnungsartID="5"/>
  <Zuordnungstabelle Zuordnungsnummer="1425" KundEigtNr="352" ObjektID="10002" ZuordnungsartID="5"/>
  <Zuordnungstabelle Zuordnungsnummer="1426" KundEigtNr="352" ObjektID="10003" ZuordnungsartID="5"/>
  <Zuordnungstabelle Zuordnungsnummer="1427" KundEigtNr="352" ObjektID="10004" ZuordnungsartID="5"/>
  <Zuordnungstabelle Zuordnungsnummer="1428" KundEigtNr="352" ObjektID="10005" ZuordnungsartID="5"/>
  <Zuordnungstabelle Zuordnungsnummer="1429" KundEigtNr="352" ObjektID="10006" ZuordnungsartID="5"/>
  <Zuordnungstabelle Zuordnungsnummer="1430" KundEigtNr="352" ObjektID="10007" ZuordnungsartID="5"/>
  <Zuordnungstabelle Zuordnungsnummer="1431" KundEigtNr="352" ObjektID="10008" ZuordnungsartID="5"/>
  <Zuordnungstabelle Zuordnungsnummer="1432" KundEigtNr="352" ObjektID="10009" ZuordnungsartID="5"/>
  <Zuordnungstabelle Zuordnungsnummer="1433" KundEigtNr="352" ObjektID="10010" ZuordnungsartID="5"/>
  <Zuordnungstabelle Zuordnungsnummer="1434" KundEigtNr="352" ObjektID="10011" ZuordnungsartID="5"/>
  <Zuordnungstabelle Zuordnungsnummer="1435" KundEigtNr="352" ObjektID="10012" ZuordnungsartID="5"/>
  <Zuordnungstabelle Zuordnungsnummer="1436" KundEigtNr="352" ObjektID="10013" ZuordnungsartID="5"/>
  <Zuordnungstabelle Zuordnungsnummer="1437" KundEigtNr="352" ObjektID="10014" ZuordnungsartID="5"/>
  <Zuordnungstabelle Zuordnungsnummer="1438" KundEigtNr="352" ObjektID="10015" ZuordnungsartID="5"/>
  <Zuordnungstabelle Zuordnungsnummer="1439" KundEigtNr="352" ObjektID="10016" ZuordnungsartID="5"/>
  <Zuordnungstabelle Zuordnungsnummer="1440" KundEigtNr="352" ObjektID="10017" ZuordnungsartID="5"/>
  <Zuordnungstabelle Zuordnungsnummer="1441" KundEigtNr="352" ObjektID="10018" ZuordnungsartID="5"/>
  <Zuordnungstabelle Zuordnungsnummer="1442" KundEigtNr="352" ObjektID="10019" ZuordnungsartID="5"/>
  <Zuordnungstabelle Zuordnungsnummer="1443" KundEigtNr="352" ObjektID="10020" ZuordnungsartID="5"/>
  <Zuordnungstabelle Zuordnungsnummer="1444" KundEigtNr="352" ObjektID="10021" ZuordnungsartID="5"/>
  <Zuordnungstabelle Zuordnungsnummer="1445" KundEigtNr="352" ObjektID="10022" ZuordnungsartID="5"/>
  <Zuordnungstabelle Zuordnungsnummer="1446" KundEigtNr="352" ObjektID="10023" ZuordnungsartID="5"/>
  <Zuordnungstabelle Zuordnungsnummer="1447" KundEigtNr="352" ObjektID="10024" ZuordnungsartID="5"/>
  <Zuordnungstabelle Zuordnungsnummer="1448" KundEigtNr="352" ObjektID="10025" ZuordnungsartID="5"/>
  <Zuordnungstabelle Zuordnungsnummer="1449" KundEigtNr="352" ObjektID="10026" ZuordnungsartID="5"/>
  <Zuordnungstabelle Zuordnungsnummer="1450" KundEigtNr="352" ObjektID="10027" ZuordnungsartID="5"/>
  <Zuordnungstabelle Zuordnungsnummer="1451" KundEigtNr="352" ObjektID="10028" ZuordnungsartID="5"/>
  <Zuordnungstabelle Zuordnungsnummer="1452" KundEigtNr="352" ObjektID="10029" ZuordnungsartID="5"/>
  <Zuordnungstabelle Zuordnungsnummer="1453" KundEigtNr="352" ObjektID="10030" ZuordnungsartID="5"/>
  <Zuordnungstabelle Zuordnungsnummer="1454" KundEigtNr="352" ObjektID="10031" ZuordnungsartID="5"/>
  <Zuordnungstabelle Zuordnungsnummer="1463" KundEigtNr="352" ObjektID="361" ZuordnungsartID="5"/>
  <Zuordnungstabelle Zuordnungsnummer="1464" KundEigtNr="352" ObjektID="362" ZuordnungsartID="5"/>
  <Zuordnungstabelle Zuordnungsnummer="1465" KundEigtNr="352" ObjektID="328" ZuordnungsartID="5"/>
  <Zuordnungstabelle Zuordnungsnummer="1466" KundEigtNr="352" ObjektID="333" ZuordnungsartID="5"/>
  <Zuordnungstabelle Zuordnungsnummer="1467" KundEigtNr="352" ObjektID="334" ZuordnungsartID="5"/>
  <Zuordnungstabelle Zuordnungsnummer="1468" KundEigtNr="352" ObjektID="10032" ZuordnungsartID="5"/>
  <Zuordnungstabelle Zuordnungsnummer="1469" KundEigtNr="352" ObjektID="10033" ZuordnungsartID="5"/>
  <Zuordnungstabelle Zuordnungsnummer="1470" KundEigtNr="352" ObjektID="4516" ZuordnungsartID="5"/>
  <Zuordnungstabelle Zuordnungsnummer="1471" KundEigtNr="352" ObjektID="4520" ZuordnungsartID="5"/>
  <Zuordnungstabelle Zuordnungsnummer="1472" KundEigtNr="352" ObjektID="10034" ZuordnungsartID="5"/>
  <Zuordnungstabelle Zuordnungsnummer="1475" KundEigtNr="352" ObjektID="10035" ZuordnungsartID="5"/>
  <Zuordnungstabelle Zuordnungsnummer="1476" KundEigtNr="352" ObjektID="10036" ZuordnungsartID="5"/>
  <Zuordnungstabelle Zuordnungsnummer="1477" KundEigtNr="352" ObjektID="5248" ZuordnungsartID="5"/>
  <Zuordnungstabelle Zuordnungsnummer="1478" KundEigtNr="352" ObjektID="5247" ZuordnungsartID="5"/>
  <Zuordnungstabelle Zuordnungsnummer="1479" KundEigtNr="352" ObjektID="5246" ZuordnungsartID="5"/>
  <Zuordnungstabelle Zuordnungsnummer="1483" KundEigtNr="352" ObjektID="4854" ZuordnungsartID="5"/>
  <Zuordnungstabelle Zuordnungsnummer="1488" KundEigtNr="352" ObjektID="4578" ZuordnungsartID="5"/>
  <Zuordnungstabelle Zuordnungsnummer="1489" KundEigtNr="352" ObjektID="4579" ZuordnungsartID="5"/>
  <Zuordnungstabelle Zuordnungsnummer="1490" KundEigtNr="352" ObjektID="4581" ZuordnungsartID="5"/>
  <Zuordnungstabelle Zuordnungsnummer="1491" KundEigtNr="352" ObjektID="4582" ZuordnungsartID="5"/>
  <Zuordnungstabelle Zuordnungsnummer="1492" KundEigtNr="352" ObjektID="4583" ZuordnungsartID="5"/>
  <Zuordnungstabelle Zuordnungsnummer="1493" KundEigtNr="352" ObjektID="4547" ZuordnungsartID="5"/>
  <Zuordnungstabelle Zuordnungsnummer="1494" KundEigtNr="352" ObjektID="4548" ZuordnungsartID="5"/>
  <Zuordnungstabelle Zuordnungsnummer="1495" KundEigtNr="352" ObjektID="4569" ZuordnungsartID="5"/>
  <Zuordnungstabelle Zuordnungsnummer="1496" KundEigtNr="352" ObjektID="4568" ZuordnungsartID="5"/>
  <Zuordnungstabelle Zuordnungsnummer="1497" KundEigtNr="352" ObjektID="4567" ZuordnungsartID="5"/>
  <Zuordnungstabelle Zuordnungsnummer="1498" KundEigtNr="352" ObjektID="10037" ZuordnungsartID="5"/>
  <Zuordnungstabelle Zuordnungsnummer="1499" KundEigtNr="352" ObjektID="10038" ZuordnungsartID="5"/>
  <Zuordnungstabelle Zuordnungsnummer="1500" KundEigtNr="352" ObjektID="10039" ZuordnungsartID="5"/>
  <Zuordnungstabelle Zuordnungsnummer="1501" KundEigtNr="352" ObjektID="10040" ZuordnungsartID="5"/>
  <Zuordnungstabelle Zuordnungsnummer="1502" KundEigtNr="352" ObjektID="10041" ZuordnungsartID="5"/>
  <Zuordnungstabelle Zuordnungsnummer="1503" KundEigtNr="352" ObjektID="10042" ZuordnungsartID="5"/>
  <Zuordnungstabelle Zuordnungsnummer="1504" KundEigtNr="352" ObjektID="10043" ZuordnungsartID="5"/>
  <Zuordnungstabelle Zuordnungsnummer="1505" KundEigtNr="352" ObjektID="10044" ZuordnungsartID="5"/>
  <Zuordnungstabelle Zuordnungsnummer="1506" KundEigtNr="352" ObjektID="10045" ZuordnungsartID="5"/>
  <Zuordnungstabelle Zuordnungsnummer="1507" KundEigtNr="352" ObjektID="10046" ZuordnungsartID="5"/>
  <Zuordnungstabelle Zuordnungsnummer="1508" KundEigtNr="352" ObjektID="10047" ZuordnungsartID="5"/>
  <Zuordnungstabelle Zuordnungsnummer="1509" KundEigtNr="352" ObjektID="10048" ZuordnungsartID="5"/>
  <Zuordnungstabelle Zuordnungsnummer="1510" KundEigtNr="352" ObjektID="10049" ZuordnungsartID="5"/>
  <Zuordnungstabelle Zuordnungsnummer="1511" KundEigtNr="352" ObjektID="10050" ZuordnungsartID="5"/>
  <Zuordnungstabelle Zuordnungsnummer="1512" KundEigtNr="352" ObjektID="10051" ZuordnungsartID="5"/>
  <Zuordnungstabelle Zuordnungsnummer="1513" KundEigtNr="352" ObjektID="10052" ZuordnungsartID="5"/>
  <Zuordnungstabelle Zuordnungsnummer="1514" KundEigtNr="352" ObjektID="10053" ZuordnungsartID="5"/>
  <Zuordnungstabelle Zuordnungsnummer="1515" KundEigtNr="352" ObjektID="10054" ZuordnungsartID="5"/>
  <Zuordnungstabelle Zuordnungsnummer="1516" KundEigtNr="352" ObjektID="10055" ZuordnungsartID="5"/>
  <Zuordnungstabelle Zuordnungsnummer="1517" KundEigtNr="352" ObjektID="10056" ZuordnungsartID="5"/>
  <Zuordnungstabelle Zuordnungsnummer="1518" KundEigtNr="352" ObjektID="10057" ZuordnungsartID="5"/>
  <Zuordnungstabelle Zuordnungsnummer="1519" KundEigtNr="352" ObjektID="10058" ZuordnungsartID="5"/>
  <Zuordnungstabelle Zuordnungsnummer="1520" KundEigtNr="352" ObjektID="10059" ZuordnungsartID="5"/>
  <Zuordnungstabelle Zuordnungsnummer="1521" KundEigtNr="352" ObjektID="10060" ZuordnungsartID="5"/>
  <Zuordnungstabelle Zuordnungsnummer="1522" KundEigtNr="352" ObjektID="10061" ZuordnungsartID="5"/>
  <Zuordnungstabelle Zuordnungsnummer="1523" KundEigtNr="352" ObjektID="10062" ZuordnungsartID="5"/>
  <Zuordnungstabelle Zuordnungsnummer="1524" KundEigtNr="352" ObjektID="10063" ZuordnungsartID="5"/>
  <Zuordnungstabelle Zuordnungsnummer="1525" KundEigtNr="352" ObjektID="10064" ZuordnungsartID="5"/>
  <Zuordnungstabelle Zuordnungsnummer="1526" KundEigtNr="352" ObjektID="10065" ZuordnungsartID="5"/>
  <Zuordnungstabelle Zuordnungsnummer="1527" KundEigtNr="352" ObjektID="10066" ZuordnungsartID="5"/>
  <Zuordnungstabelle Zuordnungsnummer="1528" KundEigtNr="352" ObjektID="10067" ZuordnungsartID="5"/>
  <Zuordnungstabelle Zuordnungsnummer="1529" KundEigtNr="352" ObjektID="10068" ZuordnungsartID="5"/>
  <Zuordnungstabelle Zuordnungsnummer="1530" KundEigtNr="352" ObjektID="10069" ZuordnungsartID="5"/>
  <Zuordnungstabelle Zuordnungsnummer="1531" KundEigtNr="352" ObjektID="10070" ZuordnungsartID="5"/>
  <Zuordnungstabelle Zuordnungsnummer="1532" KundEigtNr="352" ObjektID="10071" ZuordnungsartID="5"/>
  <Zuordnungstabelle Zuordnungsnummer="1533" KundEigtNr="352" ObjektID="10072" ZuordnungsartID="5"/>
  <Zuordnungstabelle Zuordnungsnummer="1534" KundEigtNr="352" ObjektID="10073" ZuordnungsartID="5"/>
  <Zuordnungstabelle Zuordnungsnummer="1535" KundEigtNr="352" ObjektID="10074" ZuordnungsartID="5"/>
  <Zuordnungstabelle Zuordnungsnummer="1536" KundEigtNr="352" ObjektID="10075" ZuordnungsartID="5"/>
  <Zuordnungstabelle Zuordnungsnummer="1537" KundEigtNr="259" ObjektID="4460" ZuordnungsartID="5"/>
  <Zuordnungstabelle Zuordnungsnummer="1538" KundEigtNr="259" ObjektID="4461" ZuordnungsartID="5"/>
  <Zuordnungstabelle Zuordnungsnummer="1539" KundEigtNr="259" ObjektID="4484" ZuordnungsartID="5"/>
  <Zuordnungstabelle Zuordnungsnummer="1540" KundEigtNr="259" ObjektID="4449" ZuordnungsartID="5"/>
  <Zuordnungstabelle Zuordnungsnummer="1541" KundEigtNr="259" ObjektID="4450" ZuordnungsartID="5"/>
  <Zuordnungstabelle Zuordnungsnummer="1542" KundEigtNr="259" ObjektID="4447" ZuordnungsartID="5"/>
  <Zuordnungstabelle Zuordnungsnummer="1543" KundEigtNr="259" ObjektID="4448" ZuordnungsartID="5"/>
  <Zuordnungstabelle Zuordnungsnummer="1544" KundEigtNr="259" ObjektID="4537" ZuordnungsartID="5"/>
  <Zuordnungstabelle Zuordnungsnummer="1545" KundEigtNr="259" ObjektID="4586" ZuordnungsartID="5"/>
  <Zuordnungstabelle Zuordnungsnummer="1546" KundEigtNr="259" ObjektID="4585" ZuordnungsartID="5"/>
  <Zuordnungstabelle Zuordnungsnummer="1547" KundEigtNr="259" ObjektID="4584" ZuordnungsartID="5"/>
  <Zuordnungstabelle Zuordnungsnummer="1553" KundEigtNr="259" ObjektID="4892" ZuordnungsartID="5"/>
  <Zuordnungstabelle Zuordnungsnummer="1556" KundEigtNr="259" ObjektID="4879" ZuordnungsartID="5"/>
  <Zuordnungstabelle Zuordnungsnummer="1558" KundEigtNr="259" ObjektID="4876" ZuordnungsartID="5"/>
  <Zuordnungstabelle Zuordnungsnummer="1559" KundEigtNr="259" ObjektID="5724" ZuordnungsartID="5"/>
  <Zuordnungstabelle Zuordnungsnummer="1560" KundEigtNr="259" ObjektID="5723" ZuordnungsartID="5"/>
  <Zuordnungstabelle Zuordnungsnummer="1561" KundEigtNr="259" ObjektID="5722" ZuordnungsartID="5"/>
  <Zuordnungstabelle Zuordnungsnummer="1562" KundEigtNr="259" ObjektID="5716" ZuordnungsartID="5"/>
  <Zuordnungstabelle Zuordnungsnummer="1563" KundEigtNr="259" ObjektID="5715" ZuordnungsartID="5"/>
  <Zuordnungstabelle Zuordnungsnummer="1567" KundEigtNr="259" ObjektID="3344" ZuordnungsartID="5"/>
  <Zuordnungstabelle Zuordnungsnummer="1568" KundEigtNr="259" ObjektID="3345" ZuordnungsartID="5"/>
  <Zuordnungstabelle Zuordnungsnummer="1569" KundEigtNr="259" ObjektID="10078" ZuordnungsartID="5"/>
  <Zuordnungstabelle Zuordnungsnummer="1570" KundEigtNr="259" ObjektID="10076" ZuordnungsartID="5"/>
  <Zuordnungstabelle Zuordnungsnummer="1571" KundEigtNr="259" ObjektID="10077" ZuordnungsartID="5"/>
  <Zuordnungstabelle Zuordnungsnummer="1572" KundEigtNr="352" ObjektID="10079" ZuordnungsartID="5"/>
  <Zuordnungstabelle Zuordnungsnummer="1573" KundEigtNr="352" ObjektID="10080" ZuordnungsartID="5"/>
  <Zuordnungstabelle Zuordnungsnummer="1574" KundEigtNr="352" ObjektID="10081" ZuordnungsartID="5"/>
  <Zuordnungstabelle Zuordnungsnummer="1575" KundEigtNr="352" ObjektID="10082" ZuordnungsartID="5"/>
  <Zuordnungstabelle Zuordnungsnummer="1576" KundEigtNr="352" ObjektID="10083" ZuordnungsartID="5"/>
  <Zuordnungstabelle Zuordnungsnummer="1577" KundEigtNr="352" ObjektID="10084" ZuordnungsartID="5"/>
  <Zuordnungstabelle Zuordnungsnummer="1578" KundEigtNr="352" ObjektID="10085" ZuordnungsartID="5"/>
  <Zuordnungstabelle Zuordnungsnummer="1579" KundEigtNr="352" ObjektID="10086" ZuordnungsartID="5"/>
  <Zuordnungstabelle Zuordnungsnummer="1580" KundEigtNr="352" ObjektID="10087" ZuordnungsartID="5"/>
  <Zuordnungstabelle Zuordnungsnummer="1581" KundEigtNr="352" ObjektID="10088" ZuordnungsartID="5"/>
  <Zuordnungstabelle Zuordnungsnummer="1582" KundEigtNr="352" ObjektID="10089" ZuordnungsartID="5"/>
  <Zuordnungstabelle Zuordnungsnummer="1583" KundEigtNr="352" ObjektID="10090" ZuordnungsartID="5"/>
  <Zuordnungstabelle Zuordnungsnummer="1584" KundEigtNr="352" ObjektID="10091" ZuordnungsartID="5"/>
  <Zuordnungstabelle Zuordnungsnummer="1585" KundEigtNr="352" ObjektID="10092" ZuordnungsartID="5"/>
  <Zuordnungstabelle Zuordnungsnummer="1586" KundEigtNr="352" ObjektID="10093" ZuordnungsartID="5"/>
  <Zuordnungstabelle Zuordnungsnummer="1587" KundEigtNr="352" ObjektID="10094" ZuordnungsartID="5"/>
  <Zuordnungstabelle Zuordnungsnummer="1588" KundEigtNr="352" ObjektID="10095" ZuordnungsartID="5"/>
  <Zuordnungstabelle Zuordnungsnummer="1589" KundEigtNr="352" ObjektID="10096" ZuordnungsartID="5"/>
  <Zuordnungstabelle Zuordnungsnummer="1590" KundEigtNr="352" ObjektID="10097" ZuordnungsartID="5"/>
  <Zuordnungstabelle Zuordnungsnummer="1591" KundEigtNr="352" ObjektID="10098" ZuordnungsartID="5"/>
  <Zuordnungstabelle Zuordnungsnummer="1592" KundEigtNr="352" ObjektID="10099" ZuordnungsartID="5"/>
  <Zuordnungstabelle Zuordnungsnummer="1593" KundEigtNr="352" ObjektID="10100" ZuordnungsartID="5"/>
  <Zuordnungstabelle Zuordnungsnummer="1594" KundEigtNr="352" ObjektID="10101" ZuordnungsartID="5"/>
  <Zuordnungstabelle Zuordnungsnummer="1595" KundEigtNr="352" ObjektID="10102" ZuordnungsartID="5"/>
  <Zuordnungstabelle Zuordnungsnummer="1596" KundEigtNr="352" ObjektID="10103" ZuordnungsartID="5"/>
  <Zuordnungstabelle Zuordnungsnummer="1597" KundEigtNr="352" ObjektID="10104" ZuordnungsartID="5"/>
  <Zuordnungstabelle Zuordnungsnummer="1598" KundEigtNr="352" ObjektID="10105" ZuordnungsartID="5"/>
  <Zuordnungstabelle Zuordnungsnummer="1599" KundEigtNr="352" ObjektID="10106" ZuordnungsartID="5"/>
  <Zuordnungstabelle Zuordnungsnummer="1600" KundEigtNr="352" ObjektID="10107" ZuordnungsartID="5"/>
  <Zuordnungstabelle Zuordnungsnummer="1601" KundEigtNr="352" ObjektID="10108" ZuordnungsartID="5"/>
  <Zuordnungstabelle Zuordnungsnummer="1602" KundEigtNr="259" ObjektID="10109" ZuordnungsartID="5"/>
  <Zuordnungstabelle Zuordnungsnummer="1603" KundEigtNr="259" ObjektID="10110" ZuordnungsartID="5"/>
  <Zuordnungstabelle Zuordnungsnummer="1604" KundEigtNr="259" ObjektID="10111" ZuordnungsartID="5"/>
  <Zuordnungstabelle Zuordnungsnummer="1605" KundEigtNr="259" ObjektID="10112" ZuordnungsartID="5"/>
  <Zuordnungstabelle Zuordnungsnummer="1606" KundEigtNr="259" ObjektID="10113" ZuordnungsartID="5"/>
  <Zuordnungstabelle Zuordnungsnummer="1607" KundEigtNr="259" ObjektID="10114" ZuordnungsartID="5"/>
  <Zuordnungstabelle Zuordnungsnummer="1608" KundEigtNr="259" ObjektID="10115" ZuordnungsartID="5"/>
  <Zuordnungstabelle Zuordnungsnummer="1609" KundEigtNr="259" ObjektID="10116" ZuordnungsartID="5"/>
  <Zuordnungstabelle Zuordnungsnummer="1610" KundEigtNr="259" ObjektID="10117" ZuordnungsartID="5"/>
  <Zuordnungstabelle Zuordnungsnummer="1611" KundEigtNr="259" ObjektID="10118" ZuordnungsartID="5"/>
  <Zuordnungstabelle Zuordnungsnummer="1612" KundEigtNr="259" ObjektID="10119" ZuordnungsartID="5"/>
  <Zuordnungstabelle Zuordnungsnummer="1613" KundEigtNr="259" ObjektID="10120" ZuordnungsartID="5"/>
  <Zuordnungstabelle Zuordnungsnummer="1614" KundEigtNr="259" ObjektID="10121" ZuordnungsartID="5"/>
  <Zuordnungstabelle Zuordnungsnummer="1615" KundEigtNr="259" ObjektID="10122" ZuordnungsartID="5"/>
  <Zuordnungstabelle Zuordnungsnummer="1616" KundEigtNr="259" ObjektID="10123" ZuordnungsartID="5"/>
  <Zuordnungstabelle Zuordnungsnummer="1617" KundEigtNr="259" ObjektID="10124" ZuordnungsartID="5"/>
  <Zuordnungstabelle Zuordnungsnummer="1618" KundEigtNr="259" ObjektID="10125" ZuordnungsartID="5"/>
  <Zuordnungstabelle Zuordnungsnummer="1619" KundEigtNr="259" ObjektID="10126" ZuordnungsartID="5"/>
  <Zuordnungstabelle Zuordnungsnummer="1620" KundEigtNr="259" ObjektID="10127" ZuordnungsartID="5"/>
  <Zuordnungstabelle Zuordnungsnummer="1621" KundEigtNr="259" ObjektID="10128" ZuordnungsartID="5"/>
  <Zuordnungstabelle Zuordnungsnummer="1622" KundEigtNr="259" ObjektID="10129" ZuordnungsartID="5"/>
  <Zuordnungstabelle Zuordnungsnummer="1623" KundEigtNr="259" ObjektID="10130" ZuordnungsartID="5"/>
  <Zuordnungstabelle Zuordnungsnummer="1624" KundEigtNr="259" ObjektID="10131" ZuordnungsartID="5"/>
  <Zuordnungstabelle Zuordnungsnummer="1625" KundEigtNr="259" ObjektID="10132" ZuordnungsartID="5"/>
  <Zuordnungstabelle Zuordnungsnummer="1626" KundEigtNr="259" ObjektID="10133" ZuordnungsartID="5"/>
  <Zuordnungstabelle Zuordnungsnummer="1627" KundEigtNr="259" ObjektID="10134" ZuordnungsartID="5"/>
  <Zuordnungstabelle Zuordnungsnummer="1628" KundEigtNr="259" ObjektID="10135" ZuordnungsartID="5"/>
  <Zuordnungstabelle Zuordnungsnummer="1629" KundEigtNr="259" ObjektID="10136" ZuordnungsartID="5"/>
  <Zuordnungstabelle Zuordnungsnummer="1630" KundEigtNr="259" ObjektID="10137" ZuordnungsartID="5"/>
  <Zuordnungstabelle Zuordnungsnummer="1631" KundEigtNr="259" ObjektID="10138" ZuordnungsartID="5"/>
  <Zuordnungstabelle Zuordnungsnummer="1632" KundEigtNr="259" ObjektID="10139" ZuordnungsartID="5"/>
  <Zuordnungstabelle Zuordnungsnummer="1633" KundEigtNr="259" ObjektID="10140" ZuordnungsartID="5"/>
  <Zuordnungstabelle Zuordnungsnummer="1634" KundEigtNr="259" ObjektID="10141" ZuordnungsartID="5"/>
  <Zuordnungstabelle Zuordnungsnummer="1635" KundEigtNr="259" ObjektID="10142" ZuordnungsartID="5"/>
  <Zuordnungstabelle Zuordnungsnummer="1636" KundEigtNr="259" ObjektID="10143" ZuordnungsartID="5"/>
  <Zuordnungstabelle Zuordnungsnummer="1637" KundEigtNr="259" ObjektID="10143" ZuordnungsartID="5"/>
  <Zuordnungstabelle Zuordnungsnummer="1638" KundEigtNr="4978" ObjektID="10149" ZuordnungsartID="5"/>
  <Zuordnungstabelle Zuordnungsnummer="1639" KundEigtNr="4979" ObjektID="9530" ZuordnungsartID="5"/>
  <Zuordnungstabelle Zuordnungsnummer="1640" KundEigtNr="4973" ObjektID="9598" ZuordnungsartID="5"/>
  <Zuordnungstabelle Zuordnungsnummer="1641" KundEigtNr="2357" ObjektID="9100" ZuordnungsartID="5"/>
  <Zuordnungstabelle Zuordnungsnummer="1642" KundEigtNr="4982" ObjektID="10206" ZuordnungsartID="5"/>
  <Zuordnungstabelle Zuordnungsnummer="1643" KundEigtNr="4983" ObjektID="9505" ZuordnungsartID="5"/>
  <Zuordnungstabelle Zuordnungsnummer="1645" KundEigtNr="4984" ObjektID="9502" ZuordnungsartID="5"/>
  <Zuordnungstabelle Zuordnungsnummer="1646" KundEigtNr="4985" ObjektID="9499" ZuordnungsartID="5"/>
  <Zuordnungstabelle Zuordnungsnummer="1647" KundEigtNr="4986" ObjektID="9500" ZuordnungsartID="5"/>
  <Zuordnungstabelle Zuordnungsnummer="1649" KundEigtNr="4987" ObjektID="9501" ZuordnungsartID="5"/>
  <Zuordnungstabelle Zuordnungsnummer="1650" KundEigtNr="4988" ObjektID="9508" ZuordnungsartID="5"/>
  <Zuordnungstabelle Zuordnungsnummer="1651" KundEigtNr="4988" ObjektID="9507" ZuordnungsartID="5"/>
  <Zuordnungstabelle Zuordnungsnummer="1652" KundEigtNr="4988" ObjektID="9527" ZuordnungsartID="5"/>
  <Zuordnungstabelle Zuordnungsnummer="1653" KundEigtNr="4988" ObjektID="9526" ZuordnungsartID="5"/>
  <Zuordnungstabelle Zuordnungsnummer="1654" KundEigtNr="4989" ObjektID="9494" ZuordnungsartID="5"/>
  <Zuordnungstabelle Zuordnungsnummer="1655" KundEigtNr="4990" ObjektID="9509" ZuordnungsartID="5"/>
  <Zuordnungstabelle Zuordnungsnummer="1656" KundEigtNr="4991" ObjektID="9490" ZuordnungsartID="5"/>
  <Zuordnungstabelle Zuordnungsnummer="1657" KundEigtNr="4992" ObjektID="9515" ZuordnungsartID="5"/>
  <Zuordnungstabelle Zuordnungsnummer="1658" KundEigtNr="4993" ObjektID="9560" ZuordnungsartID="5"/>
  <Zuordnungstabelle Zuordnungsnummer="1659" KundEigtNr="259" ObjektID="10207" ZuordnungsartID="5"/>
  <Zuordnungstabelle Zuordnungsnummer="1660" KundEigtNr="4994" ObjektID="1632" ZuordnungsartID="5"/>
  <Zuordnungstabelle Zuordnungsnummer="1661" KundEigtNr="4994" ObjektID="1633" ZuordnungsartID="5"/>
  <Zuordnungstabelle Zuordnungsnummer="1662" KundEigtNr="4994" ObjektID="1634" ZuordnungsartID="5"/>
  <Zuordnungstabelle Zuordnungsnummer="1663" KundEigtNr="4994" ObjektID="1635" ZuordnungsartID="5"/>
  <Zuordnungstabelle Zuordnungsnummer="1664" KundEigtNr="4994" ObjektID="1636" ZuordnungsartID="5"/>
  <Zuordnungstabelle Zuordnungsnummer="1665" KundEigtNr="4994" ObjektID="1637" ZuordnungsartID="5"/>
  <Zuordnungstabelle Zuordnungsnummer="1666" KundEigtNr="4994" ObjektID="1638" ZuordnungsartID="5"/>
  <Zuordnungstabelle Zuordnungsnummer="1667" KundEigtNr="4994" ObjektID="1639" ZuordnungsartID="5"/>
  <Zuordnungstabelle Zuordnungsnummer="1668" KundEigtNr="4995" ObjektID="10221" ZuordnungsartID="5"/>
  <Zuordnungstabelle Zuordnungsnummer="1669" KundEigtNr="4997" ObjektID="9518" ZuordnungsartID="5"/>
  <Zuordnungstabelle Zuordnungsnummer="1670" KundEigtNr="4996" ObjektID="9493" ZuordnungsartID="5"/>
  <Zuordnungstabelle Zuordnungsnummer="1671" KundEigtNr="4996" ObjektID="9495" ZuordnungsartID="5"/>
  <Zuordnungstabelle Zuordnungsnummer="1672" KundEigtNr="4998" ObjektID="9520" ZuordnungsartID="5"/>
  <Zuordnungstabelle Zuordnungsnummer="1673" KundEigtNr="4998" ObjektID="9519" ZuordnungsartID="5"/>
  <Zuordnungstabelle Zuordnungsnummer="1674" KundEigtNr="4999" ObjektID="9542" ZuordnungsartID="5"/>
  <Zuordnungstabelle Zuordnungsnummer="1675" KundEigtNr="5000" ObjektID="9539" ZuordnungsartID="5"/>
  <Zuordnungstabelle Zuordnungsnummer="1676" KundEigtNr="5001" ObjektID="9521" ZuordnungsartID="5"/>
  <Zuordnungstabelle Zuordnungsnummer="1677" KundEigtNr="352" ObjektID="9535" ZuordnungsartID="5"/>
  <Zuordnungstabelle Zuordnungsnummer="1678" KundEigtNr="352" ObjektID="9534" ZuordnungsartID="5"/>
  <Zuordnungstabelle Zuordnungsnummer="1679" KundEigtNr="1144" ObjektID="9523" ZuordnungsartID="5"/>
  <Zuordnungstabelle Zuordnungsnummer="1680" KundEigtNr="2357" ObjektID="10196" ZuordnungsartID="5"/>
  <Zuordnungstabelle Zuordnungsnummer="1681" KundEigtNr="2357" ObjektID="10191" ZuordnungsartID="5"/>
  <Zuordnungstabelle Zuordnungsnummer="1682" KundEigtNr="2357" ObjektID="10192" ZuordnungsartID="5"/>
  <Zuordnungstabelle Zuordnungsnummer="1684" KundEigtNr="259" ObjektID="10222" ZuordnungsartID="5"/>
  <Zuordnungstabelle Zuordnungsnummer="1685" KundEigtNr="4995" ObjektID="10223" ZuordnungsartID="5"/>
  <Zuordnungstabelle Zuordnungsnummer="1687" KundEigtNr="5003" ObjektID="10225" ZuordnungsartID="5"/>
  <Zuordnungstabelle Zuordnungsnummer="1688" KundEigtNr="225" ObjektID="3199" ZuordnungsartID="1"/>
  <Zuordnungstabelle Zuordnungsnummer="1689" KundEigtNr="225" ObjektID="3695" ZuordnungsartID="1"/>
  <Zuordnungstabelle Zuordnungsnummer="1690" KundEigtNr="2068" ObjektID="3199" ZuordnungsartID="1"/>
  <Zuordnungstabelle Zuordnungsnummer="1691" KundEigtNr="2068" ObjektID="3695" ZuordnungsartID="1"/>
  <Zuordnungstabelle Zuordnungsnummer="1692" KundEigtNr="4313" ObjektID="1350" ZuordnungsartID="5"/>
  <Zuordnungstabelle Zuordnungsnummer="1693" KundEigtNr="259" ObjektID="6165" ZuordnungsartID="5"/>
  <Zuordnungstabelle Zuordnungsnummer="1694" KundEigtNr="259" ObjektID="6167" ZuordnungsartID="5"/>
  <Zuordnungstabelle Zuordnungsnummer="1695" KundEigtNr="259" ObjektID="6276" ZuordnungsartID="5"/>
  <Zuordnungstabelle Zuordnungsnummer="1696" KundEigtNr="259" ObjektID="6277" ZuordnungsartID="5"/>
  <Zuordnungstabelle Zuordnungsnummer="1697" KundEigtNr="259" ObjektID="6278" ZuordnungsartID="5"/>
  <Zuordnungstabelle Zuordnungsnummer="1698" KundEigtNr="259" ObjektID="2575" ZuordnungsartID="5"/>
  <Zuordnungstabelle Zuordnungsnummer="1699" KundEigtNr="5006" ObjektID="10226" ZuordnungsartID="5"/>
  <Zuordnungstabelle Zuordnungsnummer="1701" KundEigtNr="226" ObjektID="3200" ZuordnungsartID="1"/>
  <Zuordnungstabelle Zuordnungsnummer="1702" KundEigtNr="259" ObjektID="10260" ZuordnungsartID="5"/>
  <Zuordnungstabelle Zuordnungsnummer="1703" KundEigtNr="259" ObjektID="10267" ZuordnungsartID="5"/>
  <Zuordnungstabelle Zuordnungsnummer="1704" KundEigtNr="259" ObjektID="10268" ZuordnungsartID="5"/>
  <Zuordnungstabelle Zuordnungsnummer="1705" KundEigtNr="259" ObjektID="10269" ZuordnungsartID="5"/>
  <Zuordnungstabelle Zuordnungsnummer="1706" KundEigtNr="259" ObjektID="10270" ZuordnungsartID="5"/>
  <Zuordnungstabelle Zuordnungsnummer="1707" KundEigtNr="259" ObjektID="10271" ZuordnungsartID="5"/>
  <Zuordnungstabelle Zuordnungsnummer="1708" KundEigtNr="259" ObjektID="10272" ZuordnungsartID="5"/>
  <Zuordnungstabelle Zuordnungsnummer="1709" KundEigtNr="259" ObjektID="10273" ZuordnungsartID="5"/>
  <Zuordnungstabelle Zuordnungsnummer="1710" KundEigtNr="259" ObjektID="10274" ZuordnungsartID="5"/>
  <Zuordnungstabelle Zuordnungsnummer="1711" KundEigtNr="259" ObjektID="10275" ZuordnungsartID="5"/>
  <Zuordnungstabelle Zuordnungsnummer="1712" KundEigtNr="259" ObjektID="10276" ZuordnungsartID="5"/>
  <Zuordnungstabelle Zuordnungsnummer="1713" KundEigtNr="259" ObjektID="10277" ZuordnungsartID="5"/>
  <Zuordnungstabelle Zuordnungsnummer="1714" KundEigtNr="259" ObjektID="10278" ZuordnungsartID="5"/>
  <Zuordnungstabelle Zuordnungsnummer="1715" KundEigtNr="259" ObjektID="10279" ZuordnungsartID="5"/>
  <Zuordnungstabelle Zuordnungsnummer="1716" KundEigtNr="259" ObjektID="10280" ZuordnungsartID="5"/>
  <Zuordnungstabelle Zuordnungsnummer="1717" KundEigtNr="259" ObjektID="10281" ZuordnungsartID="5"/>
  <Zuordnungstabelle Zuordnungsnummer="1718" KundEigtNr="259" ObjektID="10282" ZuordnungsartID="5"/>
  <Zuordnungstabelle Zuordnungsnummer="1719" KundEigtNr="259" ObjektID="10283" ZuordnungsartID="5"/>
  <Zuordnungstabelle Zuordnungsnummer="1720" KundEigtNr="259" ObjektID="10284" ZuordnungsartID="5"/>
  <Zuordnungstabelle Zuordnungsnummer="1721" KundEigtNr="259" ObjektID="10285" ZuordnungsartID="5"/>
  <Zuordnungstabelle Zuordnungsnummer="1722" KundEigtNr="259" ObjektID="10286" ZuordnungsartID="5"/>
  <Zuordnungstabelle Zuordnungsnummer="1723" KundEigtNr="259" ObjektID="10287" ZuordnungsartID="5"/>
  <Zuordnungstabelle Zuordnungsnummer="1724" KundEigtNr="259" ObjektID="10288" ZuordnungsartID="5"/>
  <Zuordnungstabelle Zuordnungsnummer="1725" KundEigtNr="259" ObjektID="10289" ZuordnungsartID="5"/>
  <Zuordnungstabelle Zuordnungsnummer="1726" KundEigtNr="259" ObjektID="10290" ZuordnungsartID="5"/>
  <Zuordnungstabelle Zuordnungsnummer="1727" KundEigtNr="259" ObjektID="10291" ZuordnungsartID="5"/>
  <Zuordnungstabelle Zuordnungsnummer="1728" KundEigtNr="259" ObjektID="10292" ZuordnungsartID="5"/>
  <Zuordnungstabelle Zuordnungsnummer="1729" KundEigtNr="259" ObjektID="10293" ZuordnungsartID="5"/>
  <Zuordnungstabelle Zuordnungsnummer="1730" KundEigtNr="259" ObjektID="10294" ZuordnungsartID="5"/>
  <Zuordnungstabelle Zuordnungsnummer="1731" KundEigtNr="259" ObjektID="10295" ZuordnungsartID="5"/>
  <Zuordnungstabelle Zuordnungsnummer="1732" KundEigtNr="259" ObjektID="10296" ZuordnungsartID="5"/>
  <Zuordnungstabelle Zuordnungsnummer="1733" KundEigtNr="259" ObjektID="10297" ZuordnungsartID="5"/>
  <Zuordnungstabelle Zuordnungsnummer="1734" KundEigtNr="259" ObjektID="10298" ZuordnungsartID="5"/>
  <Zuordnungstabelle Zuordnungsnummer="1735" KundEigtNr="259" ObjektID="10299" ZuordnungsartID="5"/>
  <Zuordnungstabelle Zuordnungsnummer="1736" KundEigtNr="259" ObjektID="10300" ZuordnungsartID="5"/>
  <Zuordnungstabelle Zuordnungsnummer="1737" KundEigtNr="259" ObjektID="10301" ZuordnungsartID="5"/>
  <Zuordnungstabelle Zuordnungsnummer="1738" KundEigtNr="259" ObjektID="10302" ZuordnungsartID="5"/>
  <Zuordnungstabelle Zuordnungsnummer="1739" KundEigtNr="259" ObjektID="10303" ZuordnungsartID="5"/>
  <Zuordnungstabelle Zuordnungsnummer="1740" KundEigtNr="259" ObjektID="10304" ZuordnungsartID="5"/>
  <Zuordnungstabelle Zuordnungsnummer="1741" KundEigtNr="259" ObjektID="10305" ZuordnungsartID="5"/>
  <Zuordnungstabelle Zuordnungsnummer="1742" KundEigtNr="259" ObjektID="10306" ZuordnungsartID="5"/>
  <Zuordnungstabelle Zuordnungsnummer="1743" KundEigtNr="259" ObjektID="10307" ZuordnungsartID="5"/>
  <Zuordnungstabelle Zuordnungsnummer="1744" KundEigtNr="259" ObjektID="10308" ZuordnungsartID="5"/>
  <Zuordnungstabelle Zuordnungsnummer="1745" KundEigtNr="259" ObjektID="10309" ZuordnungsartID="5"/>
  <Zuordnungstabelle Zuordnungsnummer="1746" KundEigtNr="259" ObjektID="10310" ZuordnungsartID="5"/>
  <Zuordnungstabelle Zuordnungsnummer="1747" KundEigtNr="259" ObjektID="10311" ZuordnungsartID="5"/>
  <Zuordnungstabelle Zuordnungsnummer="1748" KundEigtNr="259" ObjektID="10312" ZuordnungsartID="5"/>
  <Zuordnungstabelle Zuordnungsnummer="1749" KundEigtNr="259" ObjektID="10313" ZuordnungsartID="5"/>
  <Zuordnungstabelle Zuordnungsnummer="1750" KundEigtNr="259" ObjektID="10314" ZuordnungsartID="5"/>
  <Zuordnungstabelle Zuordnungsnummer="1751" KundEigtNr="259" ObjektID="10315" ZuordnungsartID="5"/>
  <Zuordnungstabelle Zuordnungsnummer="1752" KundEigtNr="259" ObjektID="10316" ZuordnungsartID="5"/>
  <Zuordnungstabelle Zuordnungsnummer="1753" KundEigtNr="259" ObjektID="10317" ZuordnungsartID="5"/>
  <Zuordnungstabelle Zuordnungsnummer="1754" KundEigtNr="259" ObjektID="10318" ZuordnungsartID="5"/>
  <Zuordnungstabelle Zuordnungsnummer="1755" KundEigtNr="259" ObjektID="10319" ZuordnungsartID="5"/>
  <Zuordnungstabelle Zuordnungsnummer="1756" KundEigtNr="259" ObjektID="10320" ZuordnungsartID="5"/>
  <Zuordnungstabelle Zuordnungsnummer="1757" KundEigtNr="259" ObjektID="10321" ZuordnungsartID="5"/>
  <Zuordnungstabelle Zuordnungsnummer="1758" KundEigtNr="259" ObjektID="10322" ZuordnungsartID="5"/>
  <Zuordnungstabelle Zuordnungsnummer="1759" KundEigtNr="259" ObjektID="10323" ZuordnungsartID="5"/>
  <Zuordnungstabelle Zuordnungsnummer="1760" KundEigtNr="259" ObjektID="10324" ZuordnungsartID="5"/>
  <Zuordnungstabelle Zuordnungsnummer="1761" KundEigtNr="259" ObjektID="10325" ZuordnungsartID="5"/>
  <Zuordnungstabelle Zuordnungsnummer="1762" KundEigtNr="259" ObjektID="10326" ZuordnungsartID="5"/>
  <Zuordnungstabelle Zuordnungsnummer="1763" KundEigtNr="259" ObjektID="10327" ZuordnungsartID="5"/>
  <Zuordnungstabelle Zuordnungsnummer="1764" KundEigtNr="259" ObjektID="10328" ZuordnungsartID="5"/>
  <Zuordnungstabelle Zuordnungsnummer="1765" KundEigtNr="259" ObjektID="10329" ZuordnungsartID="5"/>
  <Zuordnungstabelle Zuordnungsnummer="1766" KundEigtNr="259" ObjektID="10330" ZuordnungsartID="5"/>
  <Zuordnungstabelle Zuordnungsnummer="1767" KundEigtNr="259" ObjektID="10331" ZuordnungsartID="5"/>
  <Zuordnungstabelle Zuordnungsnummer="1768" KundEigtNr="259" ObjektID="10332" ZuordnungsartID="5"/>
  <Zuordnungstabelle Zuordnungsnummer="1769" KundEigtNr="259" ObjektID="10333" ZuordnungsartID="5"/>
  <Zuordnungstabelle Zuordnungsnummer="1770" KundEigtNr="259" ObjektID="10334" ZuordnungsartID="5"/>
  <Zuordnungstabelle Zuordnungsnummer="1771" KundEigtNr="259" ObjektID="10335" ZuordnungsartID="5"/>
  <Zuordnungstabelle Zuordnungsnummer="1772" KundEigtNr="259" ObjektID="10336" ZuordnungsartID="5"/>
  <Zuordnungstabelle Zuordnungsnummer="1773" KundEigtNr="259" ObjektID="10337" ZuordnungsartID="5"/>
  <Zuordnungstabelle Zuordnungsnummer="1774" KundEigtNr="259" ObjektID="10338" ZuordnungsartID="5"/>
  <Zuordnungstabelle Zuordnungsnummer="1775" KundEigtNr="259" ObjektID="10339" ZuordnungsartID="5"/>
  <Zuordnungstabelle Zuordnungsnummer="1776" KundEigtNr="259" ObjektID="10340" ZuordnungsartID="5"/>
  <Zuordnungstabelle Zuordnungsnummer="1777" KundEigtNr="259" ObjektID="10341" ZuordnungsartID="5"/>
  <Zuordnungstabelle Zuordnungsnummer="1778" KundEigtNr="259" ObjektID="10342" ZuordnungsartID="5"/>
  <Zuordnungstabelle Zuordnungsnummer="1779" KundEigtNr="259" ObjektID="10343" ZuordnungsartID="5"/>
  <Zuordnungstabelle Zuordnungsnummer="1780" KundEigtNr="259" ObjektID="10344" ZuordnungsartID="5"/>
  <Zuordnungstabelle Zuordnungsnummer="1781" KundEigtNr="259" ObjektID="10345" ZuordnungsartID="5"/>
  <Zuordnungstabelle Zuordnungsnummer="1782" KundEigtNr="259" ObjektID="10346" ZuordnungsartID="5"/>
  <Zuordnungstabelle Zuordnungsnummer="1783" KundEigtNr="259" ObjektID="10347" ZuordnungsartID="5"/>
  <Zuordnungstabelle Zuordnungsnummer="1784" KundEigtNr="259" ObjektID="10348" ZuordnungsartID="5"/>
  <Zuordnungstabelle Zuordnungsnummer="1785" KundEigtNr="259" ObjektID="10349" ZuordnungsartID="5"/>
  <Zuordnungstabelle Zuordnungsnummer="1786" KundEigtNr="259" ObjektID="10350" ZuordnungsartID="5"/>
  <Zuordnungstabelle Zuordnungsnummer="1787" KundEigtNr="259" ObjektID="10351" ZuordnungsartID="5"/>
  <Zuordnungstabelle Zuordnungsnummer="1788" KundEigtNr="259" ObjektID="10352" ZuordnungsartID="5"/>
  <Zuordnungstabelle Zuordnungsnummer="1789" KundEigtNr="259" ObjektID="10353" ZuordnungsartID="5"/>
  <Zuordnungstabelle Zuordnungsnummer="1790" KundEigtNr="259" ObjektID="10354" ZuordnungsartID="5"/>
  <Zuordnungstabelle Zuordnungsnummer="1791" KundEigtNr="259" ObjektID="10355" ZuordnungsartID="5"/>
  <Zuordnungstabelle Zuordnungsnummer="1792" KundEigtNr="259" ObjektID="10356" ZuordnungsartID="5"/>
  <Zuordnungstabelle Zuordnungsnummer="1793" KundEigtNr="259" ObjektID="10357" ZuordnungsartID="5"/>
  <Zuordnungstabelle Zuordnungsnummer="1794" KundEigtNr="259" ObjektID="10358" ZuordnungsartID="5"/>
  <Zuordnungstabelle Zuordnungsnummer="1795" KundEigtNr="259" ObjektID="10359" ZuordnungsartID="5"/>
  <Zuordnungstabelle Zuordnungsnummer="1796" KundEigtNr="259" ObjektID="10360" ZuordnungsartID="5"/>
  <Zuordnungstabelle Zuordnungsnummer="1797" KundEigtNr="259" ObjektID="10361" ZuordnungsartID="5"/>
  <Zuordnungstabelle Zuordnungsnummer="1798" KundEigtNr="259" ObjektID="10362" ZuordnungsartID="5"/>
  <Zuordnungstabelle Zuordnungsnummer="1799" KundEigtNr="259" ObjektID="10363" ZuordnungsartID="5"/>
  <Zuordnungstabelle Zuordnungsnummer="1800" KundEigtNr="259" ObjektID="10364" ZuordnungsartID="5"/>
  <Zuordnungstabelle Zuordnungsnummer="1801" KundEigtNr="259" ObjektID="10365" ZuordnungsartID="5"/>
  <Zuordnungstabelle Zuordnungsnummer="1802" KundEigtNr="259" ObjektID="10366" ZuordnungsartID="5"/>
  <Zuordnungstabelle Zuordnungsnummer="1803" KundEigtNr="259" ObjektID="10367" ZuordnungsartID="5"/>
  <Zuordnungstabelle Zuordnungsnummer="1804" KundEigtNr="259" ObjektID="10368" ZuordnungsartID="5"/>
  <Zuordnungstabelle Zuordnungsnummer="1805" KundEigtNr="259" ObjektID="10369" ZuordnungsartID="5"/>
  <Zuordnungstabelle Zuordnungsnummer="1806" KundEigtNr="259" ObjektID="10370" ZuordnungsartID="5"/>
  <Zuordnungstabelle Zuordnungsnummer="1807" KundEigtNr="259" ObjektID="2575" ZuordnungsartID="5"/>
  <Zuordnungstabelle Zuordnungsnummer="1808" KundEigtNr="259" ObjektID="10261" ZuordnungsartID="5"/>
  <Zuordnungstabelle Zuordnungsnummer="1809" KundEigtNr="259" ObjektID="10262" ZuordnungsartID="5"/>
  <Zuordnungstabelle Zuordnungsnummer="1810" KundEigtNr="259" ObjektID="10263" ZuordnungsartID="5"/>
  <Zuordnungstabelle Zuordnungsnummer="1811" KundEigtNr="259" ObjektID="10264" ZuordnungsartID="5"/>
  <Zuordnungstabelle Zuordnungsnummer="1812" KundEigtNr="259" ObjektID="10265" ZuordnungsartID="5"/>
  <Zuordnungstabelle Zuordnungsnummer="1813" KundEigtNr="259" ObjektID="10266" ZuordnungsartID="5"/>
  <Zuordnungstabelle Zuordnungsnummer="1814" KundEigtNr="5008" ObjektID="3944" ZuordnungsartID="5"/>
  <Zuordnungstabelle Zuordnungsnummer="1815" KundEigtNr="5009" ObjektID="3895" ZuordnungsartID="5"/>
  <Zuordnungstabelle Zuordnungsnummer="1816" KundEigtNr="284" ObjektID="3923" ZuordnungsartID="5"/>
  <Zuordnungstabelle Zuordnungsnummer="1817" KundEigtNr="5010" ObjektID="3890" ZuordnungsartID="5"/>
  <Zuordnungstabelle Zuordnungsnummer="1818" KundEigtNr="5010" ObjektID="8945" ZuordnungsartID="5"/>
  <Zuordnungstabelle Zuordnungsnummer="1819" KundEigtNr="5011" ObjektID="3833" ZuordnungsartID="5"/>
  <Zuordnungstabelle Zuordnungsnummer="1820" KundEigtNr="284" ObjektID="3916" ZuordnungsartID="5"/>
  <Zuordnungstabelle Zuordnungsnummer="1822" KundEigtNr="5031" ObjektID="10227" ZuordnungsartID="5"/>
  <Zuordnungstabelle Zuordnungsnummer="1823" KundEigtNr="5044" ObjektID="10376" ZuordnungsartID="5"/>
  <Zuordnungstabelle Zuordnungsnummer="1825" KundEigtNr="5051" ObjektID="4358" ZuordnungsartID="5"/>
  <Zuordnungstabelle Zuordnungsnummer="1827" KundEigtNr="5052" ObjektID="10377" ZuordnungsartID="5"/>
  <Zuordnungstabelle Zuordnungsnummer="1828" KundEigtNr="5052" ObjektID="10378" ZuordnungsartID="5"/>
  <Zuordnungstabelle Zuordnungsnummer="1829" KundEigtNr="5052" ObjektID="10379" ZuordnungsartID="5"/>
  <Zuordnungstabelle Zuordnungsnummer="1830" KundEigtNr="5052" ObjektID="1977" ZuordnungsartID="5"/>
  <Zuordnungstabelle Zuordnungsnummer="1831" KundEigtNr="5052" ObjektID="10380" ZuordnungsartID="5"/>
  <Zuordnungstabelle Zuordnungsnummer="1832" KundEigtNr="5053" ObjektID="10381" ZuordnungsartID="5"/>
  <Zuordnungstabelle Zuordnungsnummer="1833" KundEigtNr="5053" ObjektID="10382" ZuordnungsartID="5"/>
  <Zuordnungstabelle Zuordnungsnummer="1834" KundEigtNr="5053" ObjektID="1976" ZuordnungsartID="5"/>
  <Zuordnungstabelle Zuordnungsnummer="1835" KundEigtNr="5054" ObjektID="10383" ZuordnungsartID="5"/>
  <Zuordnungstabelle Zuordnungsnummer="1836" KundEigtNr="5054" ObjektID="5119" ZuordnungsartID="5"/>
  <Zuordnungstabelle Zuordnungsnummer="1837" KundEigtNr="5054" ObjektID="10384" ZuordnungsartID="5"/>
  <Zuordnungstabelle Zuordnungsnummer="1838" KundEigtNr="133" ObjektID="10385" ZuordnungsartID="5"/>
  <Zuordnungstabelle Zuordnungsnummer="1839" KundEigtNr="133" ObjektID="3811" ZuordnungsartID="5"/>
  <Zuordnungstabelle Zuordnungsnummer="1840" KundEigtNr="133" ObjektID="10386" ZuordnungsartID="5"/>
  <Zuordnungstabelle Zuordnungsnummer="1841" KundEigtNr="133" ObjektID="10387" ZuordnungsartID="5"/>
  <Zuordnungstabelle Zuordnungsnummer="1842" KundEigtNr="133" ObjektID="10388" ZuordnungsartID="5"/>
  <Zuordnungstabelle Zuordnungsnummer="1843" KundEigtNr="133" ObjektID="10389" ZuordnungsartID="5"/>
  <Zuordnungstabelle Zuordnungsnummer="1844" KundEigtNr="3111" ObjektID="1702" ZuordnungsartID="5"/>
  <Zuordnungstabelle Zuordnungsnummer="1845" KundEigtNr="3111" ObjektID="10390" ZuordnungsartID="5"/>
  <Zuordnungstabelle Zuordnungsnummer="1846" KundEigtNr="3111" ObjektID="8483" ZuordnungsartID="5"/>
  <Zuordnungstabelle Zuordnungsnummer="1847" KundEigtNr="3111" ObjektID="8482" ZuordnungsartID="5"/>
  <Zuordnungstabelle Zuordnungsnummer="1848" KundEigtNr="3111" ObjektID="10391" ZuordnungsartID="5"/>
  <Zuordnungstabelle Zuordnungsnummer="1849" KundEigtNr="5055" ObjektID="10392" ZuordnungsartID="5"/>
  <Zuordnungstabelle Zuordnungsnummer="1850" KundEigtNr="5055" ObjektID="10393" ZuordnungsartID="5"/>
  <Zuordnungstabelle Zuordnungsnummer="1851" KundEigtNr="5055" ObjektID="10394" ZuordnungsartID="5"/>
  <Zuordnungstabelle Zuordnungsnummer="1852" KundEigtNr="5056" ObjektID="10236" ZuordnungsartID="5"/>
  <Zuordnungstabelle Zuordnungsnummer="1853" KundEigtNr="5057" ObjektID="10395" ZuordnungsartID="5"/>
  <Zuordnungstabelle Zuordnungsnummer="1854" KundEigtNr="5058" ObjektID="10396" ZuordnungsartID="5"/>
  <Zuordnungstabelle Zuordnungsnummer="1855" KundEigtNr="5059" ObjektID="10397" ZuordnungsartID="5"/>
  <Zuordnungstabelle Zuordnungsnummer="1856" KundEigtNr="5060" ObjektID="1721" ZuordnungsartID="5"/>
  <Zuordnungstabelle Zuordnungsnummer="1857" KundEigtNr="5061" ObjektID="10398" ZuordnungsartID="5"/>
  <Zuordnungstabelle Zuordnungsnummer="1858" KundEigtNr="5062" ObjektID="10399" ZuordnungsartID="5"/>
  <Zuordnungstabelle Zuordnungsnummer="1859" KundEigtNr="4930" ObjektID="10400" ZuordnungsartID="5"/>
  <Zuordnungstabelle Zuordnungsnummer="1861" KundEigtNr="5064" ObjektID="1496" ZuordnungsartID="5"/>
  <Zuordnungstabelle Zuordnungsnummer="1862" KundEigtNr="5065" ObjektID="10401" ZuordnungsartID="5"/>
  <Zuordnungstabelle Zuordnungsnummer="1863" KundEigtNr="5066" ObjektID="10402" ZuordnungsartID="5"/>
  <Zuordnungstabelle Zuordnungsnummer="1864" KundEigtNr="5066" ObjektID="10403" ZuordnungsartID="5"/>
  <Zuordnungstabelle Zuordnungsnummer="1865" KundEigtNr="5067" ObjektID="10404" ZuordnungsartID="5"/>
  <Zuordnungstabelle Zuordnungsnummer="1866" KundEigtNr="5068" ObjektID="10405" ZuordnungsartID="5"/>
  <Zuordnungstabelle Zuordnungsnummer="1867" KundEigtNr="5069" ObjektID="10406" ZuordnungsartID="5"/>
  <Zuordnungstabelle Zuordnungsnummer="1868" KundEigtNr="5070" ObjektID="2234" ZuordnungsartID="5"/>
  <Zuordnungstabelle Zuordnungsnummer="1869" KundEigtNr="5071" ObjektID="10407" ZuordnungsartID="5"/>
  <Zuordnungstabelle Zuordnungsnummer="1870" KundEigtNr="5072" ObjektID="10408" ZuordnungsartID="5"/>
  <Zuordnungstabelle Zuordnungsnummer="1871" KundEigtNr="5073" ObjektID="10409" ZuordnungsartID="5"/>
  <Zuordnungstabelle Zuordnungsnummer="1872" KundEigtNr="5074" ObjektID="10410" ZuordnungsartID="5"/>
  <Zuordnungstabelle Zuordnungsnummer="1873" KundEigtNr="5074" ObjektID="10411" ZuordnungsartID="5"/>
  <Zuordnungstabelle Zuordnungsnummer="1874" KundEigtNr="5075" ObjektID="10412" ZuordnungsartID="5"/>
  <Zuordnungstabelle Zuordnungsnummer="1875" KundEigtNr="5077" ObjektID="10413" ZuordnungsartID="1"/>
  <Zuordnungstabelle Zuordnungsnummer="1876" KundEigtNr="5076" ObjektID="10413" ZuordnungsartID="1"/>
  <Zuordnungstabelle Zuordnungsnummer="1877" KundEigtNr="5078" ObjektID="10414" ZuordnungsartID="5"/>
  <Zuordnungstabelle Zuordnungsnummer="1878" KundEigtNr="5079" ObjektID="3691" ZuordnungsartID="5"/>
  <Zuordnungstabelle Zuordnungsnummer="1879" KundEigtNr="5080" ObjektID="10415" ZuordnungsartID="5"/>
  <Zuordnungstabelle Zuordnungsnummer="1880" KundEigtNr="4513" ObjektID="10416" ZuordnungsartID="5"/>
  <Zuordnungstabelle Zuordnungsnummer="1881" KundEigtNr="5081" ObjektID="10417" ZuordnungsartID="5"/>
  <Zuordnungstabelle Zuordnungsnummer="1882" KundEigtNr="5082" ObjektID="10418" ZuordnungsartID="5"/>
  <Zuordnungstabelle Zuordnungsnummer="1883" KundEigtNr="5083" ObjektID="10419" ZuordnungsartID="5"/>
  <Zuordnungstabelle Zuordnungsnummer="1884" KundEigtNr="5084" ObjektID="10420" ZuordnungsartID="5"/>
  <Zuordnungstabelle Zuordnungsnummer="1885" KundEigtNr="5085" ObjektID="10421" ZuordnungsartID="5"/>
  <Zuordnungstabelle Zuordnungsnummer="1886" KundEigtNr="5085" ObjektID="10422" ZuordnungsartID="5"/>
  <Zuordnungstabelle Zuordnungsnummer="1887" KundEigtNr="5086" ObjektID="3478" ZuordnungsartID="5"/>
  <Zuordnungstabelle Zuordnungsnummer="1888" KundEigtNr="5087" ObjektID="10423" ZuordnungsartID="5"/>
  <Zuordnungstabelle Zuordnungsnummer="1889" KundEigtNr="5088" ObjektID="10424" ZuordnungsartID="5"/>
  <Zuordnungstabelle Zuordnungsnummer="1890" KundEigtNr="5088" ObjektID="10425" ZuordnungsartID="5"/>
  <Zuordnungstabelle Zuordnungsnummer="1891" KundEigtNr="5089" ObjektID="10427" ZuordnungsartID="5"/>
  <Zuordnungstabelle Zuordnungsnummer="1892" KundEigtNr="5090" ObjektID="4364" ZuordnungsartID="5"/>
  <Zuordnungstabelle Zuordnungsnummer="1893" KundEigtNr="5092" ObjektID="4361" ZuordnungsartID="5"/>
  <Zuordnungstabelle Zuordnungsnummer="1894" KundEigtNr="5093" ObjektID="4357" ZuordnungsartID="5"/>
  <Zuordnungstabelle Zuordnungsnummer="1895" KundEigtNr="5093" ObjektID="4356" ZuordnungsartID="5"/>
  <Zuordnungstabelle Zuordnungsnummer="1896" KundEigtNr="73" ObjektID="8763" ZuordnungsartID="5"/>
  <Zuordnungstabelle Zuordnungsnummer="1897" KundEigtNr="4150" ObjektID="4354" ZuordnungsartID="5"/>
  <Zuordnungstabelle Zuordnungsnummer="1898" KundEigtNr="4150" ObjektID="10373" ZuordnungsartID="5"/>
  <Zuordnungstabelle Zuordnungsnummer="1899" KundEigtNr="3672" ObjektID="8763" ZuordnungsartID="8"/>
  <Zuordnungstabelle Zuordnungsnummer="1900" KundEigtNr="5095" ObjektID="5815" ZuordnungsartID="5"/>
  <Zuordnungstabelle Zuordnungsnummer="1901" KundEigtNr="5096" ObjektID="10428" ZuordnungsartID="5"/>
  <Zuordnungstabelle Zuordnungsnummer="1902" KundEigtNr="5073" ObjektID="10429" ZuordnungsartID="5"/>
  <Zuordnungstabelle Zuordnungsnummer="1903" KundEigtNr="5073" ObjektID="4353" ZuordnungsartID="2"/>
  <Zuordnungstabelle Zuordnungsnummer="1904" KundEigtNr="5097" ObjektID="10430" ZuordnungsartID="5"/>
  <Zuordnungstabelle Zuordnungsnummer="1905" KundEigtNr="5098" ObjektID="6142" ZuordnungsartID="5"/>
  <Zuordnungstabelle Zuordnungsnummer="1906" KundEigtNr="5099" ObjektID="1527" ZuordnungsartID="5"/>
  <Zuordnungstabelle Zuordnungsnummer="1907" KundEigtNr="5100" ObjektID="10431" ZuordnungsartID="5"/>
  <Zuordnungstabelle Zuordnungsnummer="1908" KundEigtNr="5101" ObjektID="3017" ZuordnungsartID="5"/>
  <Zuordnungstabelle Zuordnungsnummer="1909" KundEigtNr="5102" ObjektID="2992" ZuordnungsartID="5"/>
  <Zuordnungstabelle Zuordnungsnummer="1910" KundEigtNr="5103" ObjektID="3170" ZuordnungsartID="5"/>
  <Zuordnungstabelle Zuordnungsnummer="1911" KundEigtNr="5104" ObjektID="5159" ZuordnungsartID="5"/>
  <Zuordnungstabelle Zuordnungsnummer="1912" KundEigtNr="5105" ObjektID="6210" ZuordnungsartID="5"/>
  <Zuordnungstabelle Zuordnungsnummer="1913" KundEigtNr="5106" ObjektID="10433" ZuordnungsartID="5"/>
  <Zuordnungstabelle Zuordnungsnummer="1914" KundEigtNr="5107" ObjektID="10434" ZuordnungsartID="5"/>
  <Zuordnungstabelle Zuordnungsnummer="1915" KundEigtNr="5108" ObjektID="10435" ZuordnungsartID="5"/>
  <Zuordnungstabelle Zuordnungsnummer="1917" KundEigtNr="5110" ObjektID="10436" ZuordnungsartID="5"/>
  <Zuordnungstabelle Zuordnungsnummer="1918" KundEigtNr="5111" ObjektID="10437" ZuordnungsartID="5"/>
  <Zuordnungstabelle Zuordnungsnummer="1919" KundEigtNr="5112" ObjektID="10438" ZuordnungsartID="5"/>
  <Zuordnungstabelle Zuordnungsnummer="1920" KundEigtNr="5113" ObjektID="10438" ZuordnungsartID="5"/>
  <Zuordnungstabelle Zuordnungsnummer="1921" KundEigtNr="5114" ObjektID="3981" ZuordnungsartID="5"/>
  <Zuordnungstabelle Zuordnungsnummer="1922" KundEigtNr="5115" ObjektID="3961" ZuordnungsartID="5"/>
  <Zuordnungstabelle Zuordnungsnummer="1923" KundEigtNr="5116" ObjektID="3961" ZuordnungsartID="5"/>
  <Zuordnungstabelle Zuordnungsnummer="1924" KundEigtNr="5117" ObjektID="4246" ZuordnungsartID="5"/>
  <Zuordnungstabelle Zuordnungsnummer="1925" KundEigtNr="5118" ObjektID="10439" ZuordnungsartID="5"/>
  <Zuordnungstabelle Zuordnungsnummer="1926" KundEigtNr="5119" ObjektID="10440" ZuordnungsartID="5"/>
  <Zuordnungstabelle Zuordnungsnummer="1927" KundEigtNr="5119" ObjektID="10441" ZuordnungsartID="5"/>
  <Zuordnungstabelle Zuordnungsnummer="1928" KundEigtNr="5120" ObjektID="1982" ZuordnungsartID="5"/>
  <Zuordnungstabelle Zuordnungsnummer="1929" KundEigtNr="5120" ObjektID="477" ZuordnungsartID="5"/>
  <Zuordnungstabelle Zuordnungsnummer="1930" KundEigtNr="5121" ObjektID="1793" ZuordnungsartID="5"/>
  <Zuordnungstabelle Zuordnungsnummer="1931" KundEigtNr="5122" ObjektID="10442" ZuordnungsartID="5"/>
  <Zuordnungstabelle Zuordnungsnummer="1932" KundEigtNr="5123" ObjektID="10443" ZuordnungsartID="5"/>
  <Zuordnungstabelle Zuordnungsnummer="1933" KundEigtNr="5124" ObjektID="10444" ZuordnungsartID="5"/>
  <Zuordnungstabelle Zuordnungsnummer="1934" KundEigtNr="5124" ObjektID="10445" ZuordnungsartID="5"/>
  <Zuordnungstabelle Zuordnungsnummer="1935" KundEigtNr="5124" ObjektID="10446" ZuordnungsartID="5"/>
  <Zuordnungstabelle Zuordnungsnummer="1936" KundEigtNr="5125" ObjektID="10447" ZuordnungsartID="2"/>
  <Zuordnungstabelle Zuordnungsnummer="1937" KundEigtNr="5125" ObjektID="10448" ZuordnungsartID="2"/>
  <Zuordnungstabelle Zuordnungsnummer="1938" KundEigtNr="5126" ObjektID="10449" ZuordnungsartID="1"/>
  <Zuordnungstabelle Zuordnungsnummer="1940" KundEigtNr="5126" ObjektID="10451" ZuordnungsartID="5"/>
  <Zuordnungstabelle Zuordnungsnummer="1941" KundEigtNr="5127" ObjektID="10452" ZuordnungsartID="5"/>
  <Zuordnungstabelle Zuordnungsnummer="1942" KundEigtNr="5128" ObjektID="10453" ZuordnungsartID="5"/>
  <Zuordnungstabelle Zuordnungsnummer="1943" KundEigtNr="5129" ObjektID="10454" ZuordnungsartID="5"/>
  <Zuordnungstabelle Zuordnungsnummer="1944" KundEigtNr="5130" ObjektID="10455" ZuordnungsartID="5"/>
  <Zuordnungstabelle Zuordnungsnummer="1945" KundEigtNr="5131" ObjektID="4006" ZuordnungsartID="5"/>
  <Zuordnungstabelle Zuordnungsnummer="1946" KundEigtNr="5130" ObjektID="10456" ZuordnungsartID="5"/>
  <Zuordnungstabelle Zuordnungsnummer="1947" KundEigtNr="5132" ObjektID="3861" ZuordnungsartID="1"/>
  <Zuordnungstabelle Zuordnungsnummer="1948" KundEigtNr="5133" ObjektID="3861" ZuordnungsartID="1"/>
  <Zuordnungstabelle Zuordnungsnummer="1949" KundEigtNr="5132" ObjektID="10457" ZuordnungsartID="1"/>
  <Zuordnungstabelle Zuordnungsnummer="1950" KundEigtNr="5133" ObjektID="10457" ZuordnungsartID="1"/>
  <Zuordnungstabelle Zuordnungsnummer="1951" KundEigtNr="5132" ObjektID="3860" ZuordnungsartID="1"/>
  <Zuordnungstabelle Zuordnungsnummer="1952" KundEigtNr="5133" ObjektID="3860" ZuordnungsartID="1"/>
  <Zuordnungstabelle Zuordnungsnummer="1953" KundEigtNr="5134" ObjektID="3959" ZuordnungsartID="5"/>
  <Zuordnungstabelle Zuordnungsnummer="1954" KundEigtNr="5135" ObjektID="10458" ZuordnungsartID="5"/>
  <Zuordnungstabelle Zuordnungsnummer="1955" KundEigtNr="5136" ObjektID="10459" ZuordnungsartID="5"/>
  <Zuordnungstabelle Zuordnungsnummer="1956" KundEigtNr="5137" ObjektID="4191" ZuordnungsartID="1"/>
  <Zuordnungstabelle Zuordnungsnummer="1957" KundEigtNr="5138" ObjektID="10460" ZuordnungsartID="5"/>
  <Zuordnungstabelle Zuordnungsnummer="1958" KundEigtNr="5138" ObjektID="10461" ZuordnungsartID="5"/>
  <Zuordnungstabelle Zuordnungsnummer="1959" KundEigtNr="5139" ObjektID="10462" ZuordnungsartID="5"/>
  <Zuordnungstabelle Zuordnungsnummer="1960" KundEigtNr="5140" ObjektID="10463" ZuordnungsartID="1"/>
  <Zuordnungstabelle Zuordnungsnummer="1961" KundEigtNr="5141" ObjektID="10464" ZuordnungsartID="5"/>
  <Zuordnungstabelle Zuordnungsnummer="1963" KundEigtNr="5143" ObjektID="2364" ZuordnungsartID="5"/>
  <Zuordnungstabelle Zuordnungsnummer="1964" KundEigtNr="5144" ObjektID="10170" ZuordnungsartID="1"/>
  <Zuordnungstabelle Zuordnungsnummer="1965" KundEigtNr="5145" ObjektID="10183" ZuordnungsartID="5"/>
  <Zuordnungstabelle Zuordnungsnummer="1966" KundEigtNr="5146" ObjektID="10466" ZuordnungsartID="5"/>
  <Zuordnungstabelle Zuordnungsnummer="1967" KundEigtNr="214" ObjektID="10467" ZuordnungsartID="5"/>
  <Zuordnungstabelle Zuordnungsnummer="1968" KundEigtNr="5147" ObjektID="10468" ZuordnungsartID="1"/>
  <Zuordnungstabelle Zuordnungsnummer="1969" KundEigtNr="5148" ObjektID="10468" ZuordnungsartID="5"/>
  <Zuordnungstabelle Zuordnungsnummer="1971" KundEigtNr="2110" ObjektID="10153" ZuordnungsartID="5"/>
  <Zuordnungstabelle Zuordnungsnummer="1972" KundEigtNr="2110" ObjektID="10154" ZuordnungsartID="5"/>
  <Zuordnungstabelle Zuordnungsnummer="1973" KundEigtNr="259" ObjektID="10471" ZuordnungsartID="1"/>
  <Zuordnungstabelle Zuordnungsnummer="1974" KundEigtNr="259" ObjektID="10472" ZuordnungsartID="1"/>
  <Zuordnungstabelle Zuordnungsnummer="1975" KundEigtNr="259" ObjektID="10473" ZuordnungsartID="1"/>
  <Zuordnungstabelle Zuordnungsnummer="1976" KundEigtNr="259" ObjektID="10474" ZuordnungsartID="1"/>
  <Zuordnungstabelle Zuordnungsnummer="1977" KundEigtNr="259" ObjektID="10475" ZuordnungsartID="1"/>
  <Zuordnungstabelle Zuordnungsnummer="1978" KundEigtNr="259" ObjektID="10476" ZuordnungsartID="1"/>
  <Zuordnungstabelle Zuordnungsnummer="1979" KundEigtNr="259" ObjektID="10477" ZuordnungsartID="1"/>
  <Zuordnungstabelle Zuordnungsnummer="1980" KundEigtNr="259" ObjektID="10478" ZuordnungsartID="1"/>
  <Zuordnungstabelle Zuordnungsnummer="1981" KundEigtNr="259" ObjektID="10479" ZuordnungsartID="1"/>
  <Zuordnungstabelle Zuordnungsnummer="1982" KundEigtNr="259" ObjektID="10480" ZuordnungsartID="1"/>
  <Zuordnungstabelle Zuordnungsnummer="1983" KundEigtNr="259" ObjektID="10481" ZuordnungsartID="1"/>
  <Zuordnungstabelle Zuordnungsnummer="1984" KundEigtNr="259" ObjektID="10482" ZuordnungsartID="1"/>
  <Zuordnungstabelle Zuordnungsnummer="1985" KundEigtNr="259" ObjektID="10483" ZuordnungsartID="1"/>
  <Zuordnungstabelle Zuordnungsnummer="1986" KundEigtNr="259" ObjektID="10484" ZuordnungsartID="1"/>
  <Zuordnungstabelle Zuordnungsnummer="1987" KundEigtNr="259" ObjektID="10485" ZuordnungsartID="1"/>
  <Zuordnungstabelle Zuordnungsnummer="1988" KundEigtNr="259" ObjektID="10486" ZuordnungsartID="1"/>
  <Zuordnungstabelle Zuordnungsnummer="1989" KundEigtNr="259" ObjektID="10487" ZuordnungsartID="1"/>
  <Zuordnungstabelle Zuordnungsnummer="1990" KundEigtNr="259" ObjektID="10488" ZuordnungsartID="1"/>
  <Zuordnungstabelle Zuordnungsnummer="1991" KundEigtNr="259" ObjektID="10489" ZuordnungsartID="1"/>
  <Zuordnungstabelle Zuordnungsnummer="1992" KundEigtNr="259" ObjektID="10490" ZuordnungsartID="1"/>
  <Zuordnungstabelle Zuordnungsnummer="1993" KundEigtNr="259" ObjektID="10491" ZuordnungsartID="1"/>
  <Zuordnungstabelle Zuordnungsnummer="1994" KundEigtNr="259" ObjektID="10492" ZuordnungsartID="1"/>
  <Zuordnungstabelle Zuordnungsnummer="1995" KundEigtNr="259" ObjektID="10493" ZuordnungsartID="1"/>
  <Zuordnungstabelle Zuordnungsnummer="1996" KundEigtNr="259" ObjektID="10494" ZuordnungsartID="1"/>
  <Zuordnungstabelle Zuordnungsnummer="1997" KundEigtNr="259" ObjektID="10495" ZuordnungsartID="1"/>
  <Zuordnungstabelle Zuordnungsnummer="1998" KundEigtNr="259" ObjektID="10496" ZuordnungsartID="1"/>
  <Zuordnungstabelle Zuordnungsnummer="1999" KundEigtNr="259" ObjektID="10497" ZuordnungsartID="1"/>
  <Zuordnungstabelle Zuordnungsnummer="2000" KundEigtNr="259" ObjektID="10498" ZuordnungsartID="1"/>
  <Zuordnungstabelle Zuordnungsnummer="2001" KundEigtNr="259" ObjektID="10499" ZuordnungsartID="1"/>
  <Zuordnungstabelle Zuordnungsnummer="2002" KundEigtNr="259" ObjektID="10500" ZuordnungsartID="1"/>
  <Zuordnungstabelle Zuordnungsnummer="2003" KundEigtNr="259" ObjektID="10501" ZuordnungsartID="1"/>
  <Zuordnungstabelle Zuordnungsnummer="2004" KundEigtNr="259" ObjektID="10502" ZuordnungsartID="1"/>
  <Zuordnungstabelle Zuordnungsnummer="2005" KundEigtNr="259" ObjektID="10503" ZuordnungsartID="1"/>
  <Zuordnungstabelle Zuordnungsnummer="2006" KundEigtNr="259" ObjektID="10504" ZuordnungsartID="1"/>
  <Zuordnungstabelle Zuordnungsnummer="2007" KundEigtNr="259" ObjektID="10505" ZuordnungsartID="1"/>
  <Zuordnungstabelle Zuordnungsnummer="2008" KundEigtNr="259" ObjektID="10506" ZuordnungsartID="1"/>
  <Zuordnungstabelle Zuordnungsnummer="2009" KundEigtNr="259" ObjektID="10507" ZuordnungsartID="1"/>
  <Zuordnungstabelle Zuordnungsnummer="2010" KundEigtNr="259" ObjektID="10508" ZuordnungsartID="1"/>
  <Zuordnungstabelle Zuordnungsnummer="2011" KundEigtNr="259" ObjektID="10509" ZuordnungsartID="1"/>
  <Zuordnungstabelle Zuordnungsnummer="2012" KundEigtNr="259" ObjektID="10510" ZuordnungsartID="1"/>
  <Zuordnungstabelle Zuordnungsnummer="2013" KundEigtNr="259" ObjektID="10511" ZuordnungsartID="1"/>
  <Zuordnungstabelle Zuordnungsnummer="2014" KundEigtNr="259" ObjektID="10512" ZuordnungsartID="1"/>
  <Zuordnungstabelle Zuordnungsnummer="2015" KundEigtNr="259" ObjektID="10513" ZuordnungsartID="1"/>
  <Zuordnungstabelle Zuordnungsnummer="2016" KundEigtNr="259" ObjektID="10514" ZuordnungsartID="1"/>
  <Zuordnungstabelle Zuordnungsnummer="2017" KundEigtNr="259" ObjektID="10515" ZuordnungsartID="1"/>
  <Zuordnungstabelle Zuordnungsnummer="2018" KundEigtNr="259" ObjektID="10516" ZuordnungsartID="1"/>
  <Zuordnungstabelle Zuordnungsnummer="2019" KundEigtNr="259" ObjektID="10517" ZuordnungsartID="1"/>
  <Zuordnungstabelle Zuordnungsnummer="2020" KundEigtNr="259" ObjektID="10518" ZuordnungsartID="1"/>
  <Zuordnungstabelle Zuordnungsnummer="2021" KundEigtNr="259" ObjektID="10519" ZuordnungsartID="1"/>
  <Zuordnungstabelle Zuordnungsnummer="2022" KundEigtNr="259" ObjektID="10520" ZuordnungsartID="1"/>
  <Zuordnungstabelle Zuordnungsnummer="2023" KundEigtNr="259" ObjektID="10521" ZuordnungsartID="1"/>
  <Zuordnungstabelle Zuordnungsnummer="2024" KundEigtNr="259" ObjektID="10522" ZuordnungsartID="1"/>
  <Zuordnungstabelle Zuordnungsnummer="2025" KundEigtNr="259" ObjektID="10523" ZuordnungsartID="1"/>
  <Zuordnungstabelle Zuordnungsnummer="2026" KundEigtNr="259" ObjektID="10524" ZuordnungsartID="1"/>
  <Zuordnungstabelle Zuordnungsnummer="2027" KundEigtNr="259" ObjektID="10525" ZuordnungsartID="1"/>
  <Zuordnungstabelle Zuordnungsnummer="2028" KundEigtNr="259" ObjektID="10526" ZuordnungsartID="1"/>
  <Zuordnungstabelle Zuordnungsnummer="2029" KundEigtNr="259" ObjektID="10527" ZuordnungsartID="1"/>
  <Zuordnungstabelle Zuordnungsnummer="2030" KundEigtNr="259" ObjektID="10528" ZuordnungsartID="1"/>
  <Zuordnungstabelle Zuordnungsnummer="2031" KundEigtNr="259" ObjektID="10529" ZuordnungsartID="1"/>
  <Zuordnungstabelle Zuordnungsnummer="2032" KundEigtNr="259" ObjektID="10525" ZuordnungsartID="1"/>
  <Zuordnungstabelle Zuordnungsnummer="2033" KundEigtNr="259" ObjektID="10531" ZuordnungsartID="1"/>
  <Zuordnungstabelle Zuordnungsnummer="2034" KundEigtNr="259" ObjektID="10532" ZuordnungsartID="1"/>
  <Zuordnungstabelle Zuordnungsnummer="2035" KundEigtNr="259" ObjektID="10533" ZuordnungsartID="1"/>
  <Zuordnungstabelle Zuordnungsnummer="2036" KundEigtNr="259" ObjektID="10534" ZuordnungsartID="1"/>
  <Zuordnungstabelle Zuordnungsnummer="2037" KundEigtNr="259" ObjektID="10535" ZuordnungsartID="1"/>
  <Zuordnungstabelle Zuordnungsnummer="2038" KundEigtNr="259" ObjektID="10536" ZuordnungsartID="1"/>
  <Zuordnungstabelle Zuordnungsnummer="2039" KundEigtNr="259" ObjektID="10537" ZuordnungsartID="1"/>
  <Zuordnungstabelle Zuordnungsnummer="2040" KundEigtNr="259" ObjektID="10538" ZuordnungsartID="1"/>
  <Zuordnungstabelle Zuordnungsnummer="2041" KundEigtNr="259" ObjektID="10539" ZuordnungsartID="1"/>
  <Zuordnungstabelle Zuordnungsnummer="2042" KundEigtNr="259" ObjektID="10540" ZuordnungsartID="1"/>
  <Zuordnungstabelle Zuordnungsnummer="2043" KundEigtNr="259" ObjektID="10541" ZuordnungsartID="1"/>
  <Zuordnungstabelle Zuordnungsnummer="2044" KundEigtNr="259" ObjektID="10542" ZuordnungsartID="1"/>
  <Zuordnungstabelle Zuordnungsnummer="2045" KundEigtNr="259" ObjektID="10543" ZuordnungsartID="1"/>
  <Zuordnungstabelle Zuordnungsnummer="2046" KundEigtNr="259" ObjektID="10544" ZuordnungsartID="1"/>
  <Zuordnungstabelle Zuordnungsnummer="2047" KundEigtNr="259" ObjektID="10545" ZuordnungsartID="1"/>
  <Zuordnungstabelle Zuordnungsnummer="2048" KundEigtNr="259" ObjektID="10546" ZuordnungsartID="1"/>
  <Zuordnungstabelle Zuordnungsnummer="2049" KundEigtNr="259" ObjektID="10547" ZuordnungsartID="1"/>
  <Zuordnungstabelle Zuordnungsnummer="2050" KundEigtNr="259" ObjektID="10548" ZuordnungsartID="1"/>
  <Zuordnungstabelle Zuordnungsnummer="2051" KundEigtNr="259" ObjektID="10549" ZuordnungsartID="1"/>
  <Zuordnungstabelle Zuordnungsnummer="2052" KundEigtNr="259" ObjektID="10550" ZuordnungsartID="1"/>
  <Zuordnungstabelle Zuordnungsnummer="2053" KundEigtNr="259" ObjektID="10551" ZuordnungsartID="1"/>
  <Zuordnungstabelle Zuordnungsnummer="2054" KundEigtNr="259" ObjektID="10552" ZuordnungsartID="1"/>
  <Zuordnungstabelle Zuordnungsnummer="2055" KundEigtNr="259" ObjektID="10553" ZuordnungsartID="1"/>
  <Zuordnungstabelle Zuordnungsnummer="2056" KundEigtNr="259" ObjektID="10554" ZuordnungsartID="1"/>
  <Zuordnungstabelle Zuordnungsnummer="2057" KundEigtNr="259" ObjektID="10555" ZuordnungsartID="1"/>
  <Zuordnungstabelle Zuordnungsnummer="2058" KundEigtNr="259" ObjektID="10556" ZuordnungsartID="1"/>
  <Zuordnungstabelle Zuordnungsnummer="2059" KundEigtNr="259" ObjektID="10557" ZuordnungsartID="1"/>
  <Zuordnungstabelle Zuordnungsnummer="2060" KundEigtNr="259" ObjektID="10558" ZuordnungsartID="1"/>
  <Zuordnungstabelle Zuordnungsnummer="2061" KundEigtNr="259" ObjektID="10559" ZuordnungsartID="1"/>
  <Zuordnungstabelle Zuordnungsnummer="2062" KundEigtNr="259" ObjektID="10560" ZuordnungsartID="1"/>
  <Zuordnungstabelle Zuordnungsnummer="2063" KundEigtNr="259" ObjektID="10561" ZuordnungsartID="1"/>
  <Zuordnungstabelle Zuordnungsnummer="2064" KundEigtNr="259" ObjektID="10562" ZuordnungsartID="1"/>
  <Zuordnungstabelle Zuordnungsnummer="2065" KundEigtNr="259" ObjektID="10563" ZuordnungsartID="1"/>
  <Zuordnungstabelle Zuordnungsnummer="2066" KundEigtNr="259" ObjektID="10564" ZuordnungsartID="1"/>
  <Zuordnungstabelle Zuordnungsnummer="2067" KundEigtNr="259" ObjektID="10565" ZuordnungsartID="1"/>
  <Zuordnungstabelle Zuordnungsnummer="2068" KundEigtNr="259" ObjektID="10566" ZuordnungsartID="1"/>
  <Zuordnungstabelle Zuordnungsnummer="2069" KundEigtNr="259" ObjektID="10567" ZuordnungsartID="1"/>
  <Zuordnungstabelle Zuordnungsnummer="2070" KundEigtNr="259" ObjektID="10568" ZuordnungsartID="1"/>
  <Zuordnungstabelle Zuordnungsnummer="2071" KundEigtNr="259" ObjektID="10569" ZuordnungsartID="1"/>
  <Zuordnungstabelle Zuordnungsnummer="2072" KundEigtNr="259" ObjektID="10570" ZuordnungsartID="1"/>
  <Zuordnungstabelle Zuordnungsnummer="2073" KundEigtNr="259" ObjektID="10571" ZuordnungsartID="1"/>
  <Zuordnungstabelle Zuordnungsnummer="2074" KundEigtNr="259" ObjektID="10572" ZuordnungsartID="1"/>
  <Zuordnungstabelle Zuordnungsnummer="2075" KundEigtNr="259" ObjektID="10573" ZuordnungsartID="1"/>
  <Zuordnungstabelle Zuordnungsnummer="2076" KundEigtNr="259" ObjektID="10574" ZuordnungsartID="1"/>
  <Zuordnungstabelle Zuordnungsnummer="2077" KundEigtNr="259" ObjektID="10575" ZuordnungsartID="1"/>
  <Zuordnungstabelle Zuordnungsnummer="2078" KundEigtNr="259" ObjektID="10576" ZuordnungsartID="1"/>
  <Zuordnungstabelle Zuordnungsnummer="2079" KundEigtNr="259" ObjektID="10577" ZuordnungsartID="1"/>
  <Zuordnungstabelle Zuordnungsnummer="2080" KundEigtNr="259" ObjektID="10578" ZuordnungsartID="1"/>
  <Zuordnungstabelle Zuordnungsnummer="2081" KundEigtNr="259" ObjektID="10579" ZuordnungsartID="1"/>
  <Zuordnungstabelle Zuordnungsnummer="2082" KundEigtNr="259" ObjektID="10580" ZuordnungsartID="1"/>
  <Zuordnungstabelle Zuordnungsnummer="2083" KundEigtNr="259" ObjektID="10581" ZuordnungsartID="1"/>
  <Zuordnungstabelle Zuordnungsnummer="2084" KundEigtNr="259" ObjektID="10582" ZuordnungsartID="1"/>
  <Zuordnungstabelle Zuordnungsnummer="2085" KundEigtNr="259" ObjektID="10583" ZuordnungsartID="1"/>
  <Zuordnungstabelle Zuordnungsnummer="2086" KundEigtNr="259" ObjektID="10584" ZuordnungsartID="1"/>
  <Zuordnungstabelle Zuordnungsnummer="2087" KundEigtNr="259" ObjektID="10585" ZuordnungsartID="1"/>
  <Zuordnungstabelle Zuordnungsnummer="2088" KundEigtNr="259" ObjektID="10586" ZuordnungsartID="1"/>
  <Zuordnungstabelle Zuordnungsnummer="2089" KundEigtNr="259" ObjektID="10587" ZuordnungsartID="1"/>
  <Zuordnungstabelle Zuordnungsnummer="2090" KundEigtNr="259" ObjektID="10588" ZuordnungsartID="1"/>
  <Zuordnungstabelle Zuordnungsnummer="2091" KundEigtNr="259" ObjektID="10589" ZuordnungsartID="1"/>
  <Zuordnungstabelle Zuordnungsnummer="2092" KundEigtNr="259" ObjektID="10590" ZuordnungsartID="1"/>
  <Zuordnungstabelle Zuordnungsnummer="2093" KundEigtNr="259" ObjektID="10591" ZuordnungsartID="1"/>
  <Zuordnungstabelle Zuordnungsnummer="2094" KundEigtNr="259" ObjektID="10592" ZuordnungsartID="1"/>
  <Zuordnungstabelle Zuordnungsnummer="2095" KundEigtNr="259" ObjektID="10593" ZuordnungsartID="1"/>
  <Zuordnungstabelle Zuordnungsnummer="2096" KundEigtNr="259" ObjektID="10594" ZuordnungsartID="1"/>
  <Zuordnungstabelle Zuordnungsnummer="2097" KundEigtNr="259" ObjektID="10595" ZuordnungsartID="1"/>
  <Zuordnungstabelle Zuordnungsnummer="2098" KundEigtNr="259" ObjektID="10596" ZuordnungsartID="1"/>
  <Zuordnungstabelle Zuordnungsnummer="2099" KundEigtNr="259" ObjektID="10597" ZuordnungsartID="1"/>
  <Zuordnungstabelle Zuordnungsnummer="2100" KundEigtNr="259" ObjektID="10598" ZuordnungsartID="1"/>
  <Zuordnungstabelle Zuordnungsnummer="2101" KundEigtNr="259" ObjektID="10599" ZuordnungsartID="1"/>
  <Zuordnungstabelle Zuordnungsnummer="2102" KundEigtNr="259" ObjektID="10600" ZuordnungsartID="1"/>
  <Zuordnungstabelle Zuordnungsnummer="2103" KundEigtNr="259" ObjektID="10601" ZuordnungsartID="1"/>
  <Zuordnungstabelle Zuordnungsnummer="2104" KundEigtNr="259" ObjektID="10602" ZuordnungsartID="1"/>
  <Zuordnungstabelle Zuordnungsnummer="2105" KundEigtNr="259" ObjektID="10603" ZuordnungsartID="1"/>
  <Zuordnungstabelle Zuordnungsnummer="2106" KundEigtNr="259" ObjektID="10604" ZuordnungsartID="1"/>
  <Zuordnungstabelle Zuordnungsnummer="2107" KundEigtNr="259" ObjektID="10605" ZuordnungsartID="1"/>
  <Zuordnungstabelle Zuordnungsnummer="2108" KundEigtNr="259" ObjektID="10606" ZuordnungsartID="1"/>
  <Zuordnungstabelle Zuordnungsnummer="2109" KundEigtNr="259" ObjektID="10607" ZuordnungsartID="1"/>
  <Zuordnungstabelle Zuordnungsnummer="2110" KundEigtNr="259" ObjektID="10608" ZuordnungsartID="1"/>
  <Zuordnungstabelle Zuordnungsnummer="2111" KundEigtNr="259" ObjektID="10609" ZuordnungsartID="1"/>
  <Zuordnungstabelle Zuordnungsnummer="2112" KundEigtNr="259" ObjektID="10610" ZuordnungsartID="1"/>
  <Zuordnungstabelle Zuordnungsnummer="2113" KundEigtNr="259" ObjektID="10611" ZuordnungsartID="1"/>
  <Zuordnungstabelle Zuordnungsnummer="2114" KundEigtNr="259" ObjektID="10612" ZuordnungsartID="1"/>
  <Zuordnungstabelle Zuordnungsnummer="2115" KundEigtNr="259" ObjektID="10613" ZuordnungsartID="1"/>
  <Zuordnungstabelle Zuordnungsnummer="2116" KundEigtNr="259" ObjektID="10614" ZuordnungsartID="1"/>
  <Zuordnungstabelle Zuordnungsnummer="2117" KundEigtNr="259" ObjektID="10615" ZuordnungsartID="1"/>
  <Zuordnungstabelle Zuordnungsnummer="2118" KundEigtNr="259" ObjektID="10616" ZuordnungsartID="1"/>
  <Zuordnungstabelle Zuordnungsnummer="2119" KundEigtNr="259" ObjektID="10617" ZuordnungsartID="1"/>
  <Zuordnungstabelle Zuordnungsnummer="2120" KundEigtNr="259" ObjektID="10618" ZuordnungsartID="1"/>
  <Zuordnungstabelle Zuordnungsnummer="2121" KundEigtNr="259" ObjektID="10619" ZuordnungsartID="1"/>
  <Zuordnungstabelle Zuordnungsnummer="2122" KundEigtNr="259" ObjektID="10620" ZuordnungsartID="1"/>
  <Zuordnungstabelle Zuordnungsnummer="2123" KundEigtNr="259" ObjektID="10621" ZuordnungsartID="1"/>
  <Zuordnungstabelle Zuordnungsnummer="2124" KundEigtNr="259" ObjektID="10622" ZuordnungsartID="1"/>
  <Zuordnungstabelle Zuordnungsnummer="2125" KundEigtNr="259" ObjektID="10623" ZuordnungsartID="1"/>
  <Zuordnungstabelle Zuordnungsnummer="2126" KundEigtNr="259" ObjektID="10624" ZuordnungsartID="1"/>
  <Zuordnungstabelle Zuordnungsnummer="2127" KundEigtNr="259" ObjektID="10625" ZuordnungsartID="1"/>
  <Zuordnungstabelle Zuordnungsnummer="2128" KundEigtNr="259" ObjektID="10626" ZuordnungsartID="1"/>
  <Zuordnungstabelle Zuordnungsnummer="2129" KundEigtNr="259" ObjektID="10627" ZuordnungsartID="1"/>
  <Zuordnungstabelle Zuordnungsnummer="2130" KundEigtNr="259" ObjektID="10628" ZuordnungsartID="1"/>
  <Zuordnungstabelle Zuordnungsnummer="2131" KundEigtNr="259" ObjektID="10629" ZuordnungsartID="1"/>
  <Zuordnungstabelle Zuordnungsnummer="2132" KundEigtNr="259" ObjektID="10630" ZuordnungsartID="1"/>
  <Zuordnungstabelle Zuordnungsnummer="2133" KundEigtNr="259" ObjektID="10631" ZuordnungsartID="1"/>
  <Zuordnungstabelle Zuordnungsnummer="2134" KundEigtNr="259" ObjektID="10632" ZuordnungsartID="1"/>
  <Zuordnungstabelle Zuordnungsnummer="2135" KundEigtNr="259" ObjektID="10633" ZuordnungsartID="1"/>
  <Zuordnungstabelle Zuordnungsnummer="2136" KundEigtNr="259" ObjektID="10634" ZuordnungsartID="1"/>
  <Zuordnungstabelle Zuordnungsnummer="2137" KundEigtNr="259" ObjektID="10635" ZuordnungsartID="1"/>
  <Zuordnungstabelle Zuordnungsnummer="2138" KundEigtNr="259" ObjektID="10636" ZuordnungsartID="1"/>
  <Zuordnungstabelle Zuordnungsnummer="2139" KundEigtNr="259" ObjektID="10637" ZuordnungsartID="1"/>
  <Zuordnungstabelle Zuordnungsnummer="2140" KundEigtNr="259" ObjektID="10638" ZuordnungsartID="1"/>
  <Zuordnungstabelle Zuordnungsnummer="2141" KundEigtNr="259" ObjektID="10639" ZuordnungsartID="1"/>
  <Zuordnungstabelle Zuordnungsnummer="2142" KundEigtNr="259" ObjektID="10640" ZuordnungsartID="1"/>
  <Zuordnungstabelle Zuordnungsnummer="2143" KundEigtNr="259" ObjektID="10641" ZuordnungsartID="1"/>
  <Zuordnungstabelle Zuordnungsnummer="2144" KundEigtNr="259" ObjektID="10642" ZuordnungsartID="1"/>
  <Zuordnungstabelle Zuordnungsnummer="2145" KundEigtNr="259" ObjektID="10643" ZuordnungsartID="1"/>
  <Zuordnungstabelle Zuordnungsnummer="2146" KundEigtNr="259" ObjektID="10644" ZuordnungsartID="1"/>
  <Zuordnungstabelle Zuordnungsnummer="2147" KundEigtNr="259" ObjektID="10645" ZuordnungsartID="1"/>
  <Zuordnungstabelle Zuordnungsnummer="2148" KundEigtNr="259" ObjektID="10646" ZuordnungsartID="1"/>
  <Zuordnungstabelle Zuordnungsnummer="2149" KundEigtNr="259" ObjektID="10647" ZuordnungsartID="1"/>
  <Zuordnungstabelle Zuordnungsnummer="2150" KundEigtNr="259" ObjektID="10648" ZuordnungsartID="1"/>
  <Zuordnungstabelle Zuordnungsnummer="2151" KundEigtNr="259" ObjektID="10649" ZuordnungsartID="1"/>
  <Zuordnungstabelle Zuordnungsnummer="2152" KundEigtNr="259" ObjektID="10650" ZuordnungsartID="1"/>
  <Zuordnungstabelle Zuordnungsnummer="2153" KundEigtNr="259" ObjektID="10651" ZuordnungsartID="1"/>
  <Zuordnungstabelle Zuordnungsnummer="2154" KundEigtNr="259" ObjektID="10652" ZuordnungsartID="1"/>
  <Zuordnungstabelle Zuordnungsnummer="2155" KundEigtNr="259" ObjektID="10653" ZuordnungsartID="1"/>
  <Zuordnungstabelle Zuordnungsnummer="2156" KundEigtNr="259" ObjektID="10654" ZuordnungsartID="1"/>
  <Zuordnungstabelle Zuordnungsnummer="2157" KundEigtNr="259" ObjektID="10655" ZuordnungsartID="1"/>
  <Zuordnungstabelle Zuordnungsnummer="2158" KundEigtNr="259" ObjektID="10656" ZuordnungsartID="1"/>
  <Zuordnungstabelle Zuordnungsnummer="2159" KundEigtNr="259" ObjektID="10657" ZuordnungsartID="1"/>
  <Zuordnungstabelle Zuordnungsnummer="2160" KundEigtNr="259" ObjektID="10658" ZuordnungsartID="1"/>
  <Zuordnungstabelle Zuordnungsnummer="2161" KundEigtNr="259" ObjektID="10659" ZuordnungsartID="1"/>
  <Zuordnungstabelle Zuordnungsnummer="2162" KundEigtNr="259" ObjektID="10660" ZuordnungsartID="1"/>
  <Zuordnungstabelle Zuordnungsnummer="2163" KundEigtNr="259" ObjektID="10661" ZuordnungsartID="1"/>
  <Zuordnungstabelle Zuordnungsnummer="2164" KundEigtNr="259" ObjektID="10662" ZuordnungsartID="1"/>
  <Zuordnungstabelle Zuordnungsnummer="2165" KundEigtNr="259" ObjektID="10663" ZuordnungsartID="1"/>
  <Zuordnungstabelle Zuordnungsnummer="2166" KundEigtNr="259" ObjektID="10664" ZuordnungsartID="1"/>
  <Zuordnungstabelle Zuordnungsnummer="2167" KundEigtNr="259" ObjektID="10665" ZuordnungsartID="1"/>
  <Zuordnungstabelle Zuordnungsnummer="2168" KundEigtNr="259" ObjektID="10666" ZuordnungsartID="1"/>
  <Zuordnungstabelle Zuordnungsnummer="2169" KundEigtNr="259" ObjektID="10667" ZuordnungsartID="1"/>
  <Zuordnungstabelle Zuordnungsnummer="2170" KundEigtNr="259" ObjektID="10668" ZuordnungsartID="1"/>
  <Zuordnungstabelle Zuordnungsnummer="2171" KundEigtNr="259" ObjektID="10669" ZuordnungsartID="1"/>
  <Zuordnungstabelle Zuordnungsnummer="2172" KundEigtNr="259" ObjektID="10670" ZuordnungsartID="1"/>
  <Zuordnungstabelle Zuordnungsnummer="2173" KundEigtNr="259" ObjektID="10671" ZuordnungsartID="1"/>
  <Zuordnungstabelle Zuordnungsnummer="2174" KundEigtNr="259" ObjektID="10672" ZuordnungsartID="1"/>
  <Zuordnungstabelle Zuordnungsnummer="2175" KundEigtNr="259" ObjektID="10673" ZuordnungsartID="1"/>
  <Zuordnungstabelle Zuordnungsnummer="2176" KundEigtNr="259" ObjektID="10674" ZuordnungsartID="1"/>
  <Zuordnungstabelle Zuordnungsnummer="2177" KundEigtNr="259" ObjektID="10675" ZuordnungsartID="1"/>
  <Zuordnungstabelle Zuordnungsnummer="2178" KundEigtNr="259" ObjektID="10676" ZuordnungsartID="1"/>
  <Zuordnungstabelle Zuordnungsnummer="2179" KundEigtNr="259" ObjektID="10677" ZuordnungsartID="1"/>
  <Zuordnungstabelle Zuordnungsnummer="2180" KundEigtNr="259" ObjektID="10678" ZuordnungsartID="1"/>
  <Zuordnungstabelle Zuordnungsnummer="2181" KundEigtNr="259" ObjektID="10679" ZuordnungsartID="1"/>
  <Zuordnungstabelle Zuordnungsnummer="2182" KundEigtNr="259" ObjektID="10680" ZuordnungsartID="1"/>
  <Zuordnungstabelle Zuordnungsnummer="2183" KundEigtNr="259" ObjektID="10681" ZuordnungsartID="1"/>
  <Zuordnungstabelle Zuordnungsnummer="2184" KundEigtNr="259" ObjektID="10682" ZuordnungsartID="1"/>
  <Zuordnungstabelle Zuordnungsnummer="2185" KundEigtNr="259" ObjektID="10683" ZuordnungsartID="1"/>
  <Zuordnungstabelle Zuordnungsnummer="2186" KundEigtNr="259" ObjektID="10684" ZuordnungsartID="1"/>
  <Zuordnungstabelle Zuordnungsnummer="2187" KundEigtNr="259" ObjektID="10685" ZuordnungsartID="1"/>
  <Zuordnungstabelle Zuordnungsnummer="2188" KundEigtNr="259" ObjektID="10686" ZuordnungsartID="1"/>
  <Zuordnungstabelle Zuordnungsnummer="2189" KundEigtNr="259" ObjektID="10687" ZuordnungsartID="1"/>
  <Zuordnungstabelle Zuordnungsnummer="2190" KundEigtNr="259" ObjektID="10688" ZuordnungsartID="1"/>
  <Zuordnungstabelle Zuordnungsnummer="2191" KundEigtNr="259" ObjektID="10689" ZuordnungsartID="1"/>
  <Zuordnungstabelle Zuordnungsnummer="2192" KundEigtNr="259" ObjektID="10690" ZuordnungsartID="1"/>
  <Zuordnungstabelle Zuordnungsnummer="2193" KundEigtNr="259" ObjektID="10691" ZuordnungsartID="1"/>
  <Zuordnungstabelle Zuordnungsnummer="2194" KundEigtNr="259" ObjektID="10692" ZuordnungsartID="1"/>
  <Zuordnungstabelle Zuordnungsnummer="2195" KundEigtNr="259" ObjektID="10693" ZuordnungsartID="1"/>
  <Zuordnungstabelle Zuordnungsnummer="2196" KundEigtNr="259" ObjektID="10694" ZuordnungsartID="1"/>
  <Zuordnungstabelle Zuordnungsnummer="2197" KundEigtNr="259" ObjektID="10695" ZuordnungsartID="1"/>
  <Zuordnungstabelle Zuordnungsnummer="2198" KundEigtNr="259" ObjektID="10696" ZuordnungsartID="1"/>
  <Zuordnungstabelle Zuordnungsnummer="2199" KundEigtNr="259" ObjektID="10697" ZuordnungsartID="1"/>
  <Zuordnungstabelle Zuordnungsnummer="2200" KundEigtNr="259" ObjektID="10698" ZuordnungsartID="1"/>
  <Zuordnungstabelle Zuordnungsnummer="2201" KundEigtNr="259" ObjektID="10699" ZuordnungsartID="1"/>
  <Zuordnungstabelle Zuordnungsnummer="2202" KundEigtNr="259" ObjektID="10700" ZuordnungsartID="1"/>
  <Zuordnungstabelle Zuordnungsnummer="2203" KundEigtNr="259" ObjektID="10701" ZuordnungsartID="1"/>
  <Zuordnungstabelle Zuordnungsnummer="2204" KundEigtNr="259" ObjektID="10702" ZuordnungsartID="1"/>
  <Zuordnungstabelle Zuordnungsnummer="2205" KundEigtNr="259" ObjektID="10703" ZuordnungsartID="1"/>
  <Zuordnungstabelle Zuordnungsnummer="2206" KundEigtNr="259" ObjektID="10704" ZuordnungsartID="1"/>
  <Zuordnungstabelle Zuordnungsnummer="2207" KundEigtNr="259" ObjektID="10705" ZuordnungsartID="1"/>
  <Zuordnungstabelle Zuordnungsnummer="2208" KundEigtNr="259" ObjektID="10706" ZuordnungsartID="1"/>
  <Zuordnungstabelle Zuordnungsnummer="2209" KundEigtNr="259" ObjektID="8906" ZuordnungsartID="5"/>
  <Zuordnungstabelle Zuordnungsnummer="2210" KundEigtNr="259" ObjektID="8907" ZuordnungsartID="5"/>
  <Zuordnungstabelle Zuordnungsnummer="2212" KundEigtNr="259" ObjektID="10707" ZuordnungsartID="5"/>
  <Zuordnungstabelle Zuordnungsnummer="2213" KundEigtNr="259" ObjektID="10708" ZuordnungsartID="5"/>
  <Zuordnungstabelle Zuordnungsnummer="2214" KundEigtNr="259" ObjektID="10709" ZuordnungsartID="5"/>
  <Zuordnungstabelle Zuordnungsnummer="2215" KundEigtNr="259" ObjektID="8908" ZuordnungsartID="5"/>
  <Zuordnungstabelle Zuordnungsnummer="2216" KundEigtNr="259" ObjektID="5848" ZuordnungsartID="5"/>
  <Zuordnungstabelle Zuordnungsnummer="2218" KundEigtNr="259" ObjektID="10711" ZuordnungsartID="5"/>
  <Zuordnungstabelle Zuordnungsnummer="2219" KundEigtNr="259" ObjektID="10712" ZuordnungsartID="5"/>
  <Zuordnungstabelle Zuordnungsnummer="2220" KundEigtNr="259" ObjektID="10713" ZuordnungsartID="5"/>
  <Zuordnungstabelle Zuordnungsnummer="2221" KundEigtNr="259" ObjektID="10714" ZuordnungsartID="5"/>
  <Zuordnungstabelle Zuordnungsnummer="2222" KundEigtNr="259" ObjektID="10715" ZuordnungsartID="5"/>
  <Zuordnungstabelle Zuordnungsnummer="2223" KundEigtNr="259" ObjektID="10716" ZuordnungsartID="5"/>
  <Zuordnungstabelle Zuordnungsnummer="2224" KundEigtNr="259" ObjektID="10717" ZuordnungsartID="5"/>
  <Zuordnungstabelle Zuordnungsnummer="2225" KundEigtNr="259" ObjektID="10718" ZuordnungsartID="5"/>
  <Zuordnungstabelle Zuordnungsnummer="2226" KundEigtNr="259" ObjektID="10719" ZuordnungsartID="5"/>
  <Zuordnungstabelle Zuordnungsnummer="2227" KundEigtNr="259" ObjektID="10720" ZuordnungsartID="5"/>
  <Zuordnungstabelle Zuordnungsnummer="2228" KundEigtNr="259" ObjektID="10721" ZuordnungsartID="5"/>
  <Zuordnungstabelle Zuordnungsnummer="2229" KundEigtNr="259" ObjektID="10722" ZuordnungsartID="5"/>
  <Zuordnungstabelle Zuordnungsnummer="2230" KundEigtNr="259" ObjektID="10723" ZuordnungsartID="5"/>
  <Zuordnungstabelle Zuordnungsnummer="2231" KundEigtNr="259" ObjektID="10724" ZuordnungsartID="5"/>
  <Zuordnungstabelle Zuordnungsnummer="2232" KundEigtNr="259" ObjektID="10725" ZuordnungsartID="5"/>
  <Zuordnungstabelle Zuordnungsnummer="2233" KundEigtNr="259" ObjektID="10726" ZuordnungsartID="5"/>
  <Zuordnungstabelle Zuordnungsnummer="2239" KundEigtNr="259" ObjektID="10733" ZuordnungsartID="5"/>
  <Zuordnungstabelle Zuordnungsnummer="2240" KundEigtNr="259" ObjektID="10734" ZuordnungsartID="5"/>
  <Zuordnungstabelle Zuordnungsnummer="2241" KundEigtNr="259" ObjektID="10735" ZuordnungsartID="5"/>
  <Zuordnungstabelle Zuordnungsnummer="2242" KundEigtNr="259" ObjektID="10736" ZuordnungsartID="5"/>
  <Zuordnungstabelle Zuordnungsnummer="2243" KundEigtNr="259" ObjektID="10737" ZuordnungsartID="5"/>
  <Zuordnungstabelle Zuordnungsnummer="2245" KundEigtNr="259" ObjektID="10739" ZuordnungsartID="5"/>
  <Zuordnungstabelle Zuordnungsnummer="2246" KundEigtNr="259" ObjektID="10740" ZuordnungsartID="5"/>
  <Zuordnungstabelle Zuordnungsnummer="2247" KundEigtNr="259" ObjektID="10741" ZuordnungsartID="5"/>
  <Zuordnungstabelle Zuordnungsnummer="2248" KundEigtNr="259" ObjektID="10742" ZuordnungsartID="5"/>
  <Zuordnungstabelle Zuordnungsnummer="2249" KundEigtNr="259" ObjektID="10743" ZuordnungsartID="5"/>
  <Zuordnungstabelle Zuordnungsnummer="2250" KundEigtNr="259" ObjektID="10738" ZuordnungsartID="5"/>
  <Zuordnungstabelle Zuordnungsnummer="2251" KundEigtNr="259" ObjektID="10744" ZuordnungsartID="5"/>
  <Zuordnungstabelle Zuordnungsnummer="2252" KundEigtNr="259" ObjektID="10745" ZuordnungsartID="5"/>
  <Zuordnungstabelle Zuordnungsnummer="2253" KundEigtNr="259" ObjektID="10746" ZuordnungsartID="5"/>
  <Zuordnungstabelle Zuordnungsnummer="2254" KundEigtNr="259" ObjektID="10747" ZuordnungsartID="5"/>
  <Zuordnungstabelle Zuordnungsnummer="2255" KundEigtNr="259" ObjektID="10748" ZuordnungsartID="5"/>
  <Zuordnungstabelle Zuordnungsnummer="2256" KundEigtNr="259" ObjektID="10749" ZuordnungsartID="5"/>
  <Zuordnungstabelle Zuordnungsnummer="2257" KundEigtNr="259" ObjektID="10750" ZuordnungsartID="5"/>
  <Zuordnungstabelle Zuordnungsnummer="2258" KundEigtNr="259" ObjektID="10751" ZuordnungsartID="5"/>
  <Zuordnungstabelle Zuordnungsnummer="2259" KundEigtNr="259" ObjektID="10752" ZuordnungsartID="5"/>
  <Zuordnungstabelle Zuordnungsnummer="2260" KundEigtNr="259" ObjektID="10753" ZuordnungsartID="5"/>
  <Zuordnungstabelle Zuordnungsnummer="2261" KundEigtNr="259" ObjektID="10754" ZuordnungsartID="5"/>
  <Zuordnungstabelle Zuordnungsnummer="2262" KundEigtNr="259" ObjektID="10755" ZuordnungsartID="5"/>
  <Zuordnungstabelle Zuordnungsnummer="2263" KundEigtNr="259" ObjektID="10756" ZuordnungsartID="5"/>
  <Zuordnungstabelle Zuordnungsnummer="2264" KundEigtNr="259" ObjektID="10757" ZuordnungsartID="5"/>
  <Zuordnungstabelle Zuordnungsnummer="2265" KundEigtNr="259" ObjektID="10758" ZuordnungsartID="5"/>
  <Zuordnungstabelle Zuordnungsnummer="2266" KundEigtNr="259" ObjektID="10759" ZuordnungsartID="5"/>
  <Zuordnungstabelle Zuordnungsnummer="2267" KundEigtNr="259" ObjektID="10760" ZuordnungsartID="5"/>
  <Zuordnungstabelle Zuordnungsnummer="2268" KundEigtNr="259" ObjektID="10761" ZuordnungsartID="5"/>
  <Zuordnungstabelle Zuordnungsnummer="2269" KundEigtNr="259" ObjektID="10762" ZuordnungsartID="5"/>
  <Zuordnungstabelle Zuordnungsnummer="2270" KundEigtNr="259" ObjektID="10763" ZuordnungsartID="5"/>
  <Zuordnungstabelle Zuordnungsnummer="2271" KundEigtNr="259" ObjektID="10764" ZuordnungsartID="5"/>
  <Zuordnungstabelle Zuordnungsnummer="2272" KundEigtNr="259" ObjektID="10765" ZuordnungsartID="5"/>
  <Zuordnungstabelle Zuordnungsnummer="2273" KundEigtNr="259" ObjektID="10766" ZuordnungsartID="5"/>
  <Zuordnungstabelle Zuordnungsnummer="2274" KundEigtNr="259" ObjektID="10767" ZuordnungsartID="5"/>
  <Zuordnungstabelle Zuordnungsnummer="2275" KundEigtNr="259" ObjektID="10768" ZuordnungsartID="5"/>
  <Zuordnungstabelle Zuordnungsnummer="2276" KundEigtNr="259" ObjektID="10769" ZuordnungsartID="5"/>
  <Zuordnungstabelle Zuordnungsnummer="2277" KundEigtNr="259" ObjektID="10770" ZuordnungsartID="5"/>
  <Zuordnungstabelle Zuordnungsnummer="2278" KundEigtNr="259" ObjektID="10771" ZuordnungsartID="5"/>
  <Zuordnungstabelle Zuordnungsnummer="2279" KundEigtNr="259" ObjektID="10772" ZuordnungsartID="5"/>
  <Zuordnungstabelle Zuordnungsnummer="2280" KundEigtNr="259" ObjektID="10773" ZuordnungsartID="5"/>
  <Zuordnungstabelle Zuordnungsnummer="2281" KundEigtNr="259" ObjektID="10774" ZuordnungsartID="5"/>
  <Zuordnungstabelle Zuordnungsnummer="2282" KundEigtNr="259" ObjektID="10775" ZuordnungsartID="5"/>
  <Zuordnungstabelle Zuordnungsnummer="2283" KundEigtNr="259" ObjektID="10776" ZuordnungsartID="5"/>
  <Zuordnungstabelle Zuordnungsnummer="2284" KundEigtNr="259" ObjektID="10777" ZuordnungsartID="5"/>
  <Zuordnungstabelle Zuordnungsnummer="2285" KundEigtNr="259" ObjektID="10778" ZuordnungsartID="5"/>
  <Zuordnungstabelle Zuordnungsnummer="2286" KundEigtNr="259" ObjektID="10779" ZuordnungsartID="5"/>
  <Zuordnungstabelle Zuordnungsnummer="2287" KundEigtNr="259" ObjektID="10780" ZuordnungsartID="5"/>
  <Zuordnungstabelle Zuordnungsnummer="2288" KundEigtNr="259" ObjektID="10781" ZuordnungsartID="5"/>
  <Zuordnungstabelle Zuordnungsnummer="2289" KundEigtNr="259" ObjektID="10782" ZuordnungsartID="5"/>
  <Zuordnungstabelle Zuordnungsnummer="2290" KundEigtNr="259" ObjektID="10783" ZuordnungsartID="5"/>
  <Zuordnungstabelle Zuordnungsnummer="2291" KundEigtNr="259" ObjektID="10784" ZuordnungsartID="5"/>
  <Zuordnungstabelle Zuordnungsnummer="2292" KundEigtNr="259" ObjektID="10785" ZuordnungsartID="5"/>
  <Zuordnungstabelle Zuordnungsnummer="2293" KundEigtNr="259" ObjektID="10786" ZuordnungsartID="5"/>
  <Zuordnungstabelle Zuordnungsnummer="2294" KundEigtNr="259" ObjektID="10787" ZuordnungsartID="5"/>
  <Zuordnungstabelle Zuordnungsnummer="2295" KundEigtNr="259" ObjektID="10788" ZuordnungsartID="5"/>
  <Zuordnungstabelle Zuordnungsnummer="2296" KundEigtNr="259" ObjektID="10789" ZuordnungsartID="5"/>
  <Zuordnungstabelle Zuordnungsnummer="2297" KundEigtNr="259" ObjektID="10790" ZuordnungsartID="5"/>
  <Zuordnungstabelle Zuordnungsnummer="2298" KundEigtNr="259" ObjektID="10791" ZuordnungsartID="5"/>
  <Zuordnungstabelle Zuordnungsnummer="2299" KundEigtNr="259" ObjektID="10792" ZuordnungsartID="5"/>
  <Zuordnungstabelle Zuordnungsnummer="2300" KundEigtNr="259" ObjektID="10793" ZuordnungsartID="5"/>
  <Zuordnungstabelle Zuordnungsnummer="2301" KundEigtNr="259" ObjektID="10794" ZuordnungsartID="5"/>
  <Zuordnungstabelle Zuordnungsnummer="2302" KundEigtNr="259" ObjektID="10795" ZuordnungsartID="5"/>
  <Zuordnungstabelle Zuordnungsnummer="2303" KundEigtNr="259" ObjektID="10796" ZuordnungsartID="5"/>
  <Zuordnungstabelle Zuordnungsnummer="2304" KundEigtNr="259" ObjektID="10797" ZuordnungsartID="5"/>
  <Zuordnungstabelle Zuordnungsnummer="2305" KundEigtNr="259" ObjektID="10798" ZuordnungsartID="5"/>
  <Zuordnungstabelle Zuordnungsnummer="2306" KundEigtNr="259" ObjektID="10799" ZuordnungsartID="5"/>
  <Zuordnungstabelle Zuordnungsnummer="2307" KundEigtNr="259" ObjektID="10800" ZuordnungsartID="5"/>
  <Zuordnungstabelle Zuordnungsnummer="2308" KundEigtNr="259" ObjektID="10801" ZuordnungsartID="5"/>
  <Zuordnungstabelle Zuordnungsnummer="2309" KundEigtNr="259" ObjektID="10802" ZuordnungsartID="5"/>
  <Zuordnungstabelle Zuordnungsnummer="2310" KundEigtNr="259" ObjektID="10803" ZuordnungsartID="5"/>
  <Zuordnungstabelle Zuordnungsnummer="2311" KundEigtNr="259" ObjektID="10804" ZuordnungsartID="5"/>
  <Zuordnungstabelle Zuordnungsnummer="2312" KundEigtNr="259" ObjektID="10805" ZuordnungsartID="5"/>
  <Zuordnungstabelle Zuordnungsnummer="2313" KundEigtNr="259" ObjektID="10806" ZuordnungsartID="5"/>
  <Zuordnungstabelle Zuordnungsnummer="2314" KundEigtNr="259" ObjektID="10807" ZuordnungsartID="5"/>
  <Zuordnungstabelle Zuordnungsnummer="2315" KundEigtNr="259" ObjektID="10808" ZuordnungsartID="5"/>
  <Zuordnungstabelle Zuordnungsnummer="2316" KundEigtNr="259" ObjektID="10809" ZuordnungsartID="5"/>
  <Zuordnungstabelle Zuordnungsnummer="2317" KundEigtNr="259" ObjektID="10810" ZuordnungsartID="5"/>
  <Zuordnungstabelle Zuordnungsnummer="2318" KundEigtNr="259" ObjektID="10811" ZuordnungsartID="5"/>
  <Zuordnungstabelle Zuordnungsnummer="2319" KundEigtNr="259" ObjektID="10812" ZuordnungsartID="5"/>
  <Zuordnungstabelle Zuordnungsnummer="2320" KundEigtNr="259" ObjektID="10813" ZuordnungsartID="5"/>
  <Zuordnungstabelle Zuordnungsnummer="2321" KundEigtNr="259" ObjektID="10814" ZuordnungsartID="5"/>
  <Zuordnungstabelle Zuordnungsnummer="2322" KundEigtNr="259" ObjektID="10815" ZuordnungsartID="5"/>
  <Zuordnungstabelle Zuordnungsnummer="2323" KundEigtNr="259" ObjektID="10816" ZuordnungsartID="5"/>
  <Zuordnungstabelle Zuordnungsnummer="2324" KundEigtNr="259" ObjektID="9570" ZuordnungsartID="5"/>
  <Zuordnungstabelle Zuordnungsnummer="2325" KundEigtNr="259" ObjektID="9570" ZuordnungsartID="5"/>
  <Zuordnungstabelle Zuordnungsnummer="2326" KundEigtNr="259" ObjektID="10818" ZuordnungsartID="5"/>
  <Zuordnungstabelle Zuordnungsnummer="2327" KundEigtNr="259" ObjektID="10819" ZuordnungsartID="5"/>
  <Zuordnungstabelle Zuordnungsnummer="2328" KundEigtNr="259" ObjektID="10820" ZuordnungsartID="5"/>
  <Zuordnungstabelle Zuordnungsnummer="2329" KundEigtNr="259" ObjektID="10821" ZuordnungsartID="5"/>
  <Zuordnungstabelle Zuordnungsnummer="2330" KundEigtNr="259" ObjektID="10822" ZuordnungsartID="5"/>
  <Zuordnungstabelle Zuordnungsnummer="2331" KundEigtNr="259" ObjektID="10823" ZuordnungsartID="5"/>
  <Zuordnungstabelle Zuordnungsnummer="2332" KundEigtNr="259" ObjektID="10824" ZuordnungsartID="5"/>
  <Zuordnungstabelle Zuordnungsnummer="2333" KundEigtNr="259" ObjektID="10825" ZuordnungsartID="5"/>
  <Zuordnungstabelle Zuordnungsnummer="2334" KundEigtNr="259" ObjektID="10826" ZuordnungsartID="5"/>
  <Zuordnungstabelle Zuordnungsnummer="2335" KundEigtNr="259" ObjektID="10827" ZuordnungsartID="5"/>
  <Zuordnungstabelle Zuordnungsnummer="2336" KundEigtNr="259" ObjektID="10828" ZuordnungsartID="5"/>
  <Zuordnungstabelle Zuordnungsnummer="2337" KundEigtNr="259" ObjektID="10829" ZuordnungsartID="5"/>
  <Zuordnungstabelle Zuordnungsnummer="2338" KundEigtNr="259" ObjektID="10830" ZuordnungsartID="5"/>
  <Zuordnungstabelle Zuordnungsnummer="2339" KundEigtNr="259" ObjektID="10831" ZuordnungsartID="5"/>
  <Zuordnungstabelle Zuordnungsnummer="2340" KundEigtNr="259" ObjektID="10832" ZuordnungsartID="5"/>
  <Zuordnungstabelle Zuordnungsnummer="2341" KundEigtNr="259" ObjektID="10833" ZuordnungsartID="5"/>
  <Zuordnungstabelle Zuordnungsnummer="2342" KundEigtNr="259" ObjektID="10834" ZuordnungsartID="5"/>
  <Zuordnungstabelle Zuordnungsnummer="2343" KundEigtNr="259" ObjektID="10835" ZuordnungsartID="5"/>
  <Zuordnungstabelle Zuordnungsnummer="2344" KundEigtNr="259" ObjektID="10836" ZuordnungsartID="5"/>
  <Zuordnungstabelle Zuordnungsnummer="2345" KundEigtNr="259" ObjektID="10837" ZuordnungsartID="5"/>
  <Zuordnungstabelle Zuordnungsnummer="2346" KundEigtNr="259" ObjektID="10838" ZuordnungsartID="5"/>
  <Zuordnungstabelle Zuordnungsnummer="2347" KundEigtNr="259" ObjektID="10839" ZuordnungsartID="5"/>
  <Zuordnungstabelle Zuordnungsnummer="2348" KundEigtNr="259" ObjektID="10840" ZuordnungsartID="5"/>
  <Zuordnungstabelle Zuordnungsnummer="2349" KundEigtNr="259" ObjektID="10841" ZuordnungsartID="5"/>
  <Zuordnungstabelle Zuordnungsnummer="2350" KundEigtNr="259" ObjektID="10842" ZuordnungsartID="5"/>
  <Zuordnungstabelle Zuordnungsnummer="2351" KundEigtNr="259" ObjektID="10843" ZuordnungsartID="5"/>
  <Zuordnungstabelle Zuordnungsnummer="2352" KundEigtNr="259" ObjektID="10844" ZuordnungsartID="5"/>
  <Zuordnungstabelle Zuordnungsnummer="2353" KundEigtNr="259" ObjektID="10845" ZuordnungsartID="5"/>
  <Zuordnungstabelle Zuordnungsnummer="2354" KundEigtNr="259" ObjektID="10846" ZuordnungsartID="5"/>
  <Zuordnungstabelle Zuordnungsnummer="2355" KundEigtNr="259" ObjektID="10847" ZuordnungsartID="5"/>
  <Zuordnungstabelle Zuordnungsnummer="2356" KundEigtNr="259" ObjektID="10848" ZuordnungsartID="5"/>
  <Zuordnungstabelle Zuordnungsnummer="2357" KundEigtNr="259" ObjektID="10849" ZuordnungsartID="5"/>
  <Zuordnungstabelle Zuordnungsnummer="2358" KundEigtNr="259" ObjektID="10850" ZuordnungsartID="5"/>
  <Zuordnungstabelle Zuordnungsnummer="2359" KundEigtNr="259" ObjektID="10851" ZuordnungsartID="5"/>
  <Zuordnungstabelle Zuordnungsnummer="2360" KundEigtNr="259" ObjektID="10852" ZuordnungsartID="5"/>
  <Zuordnungstabelle Zuordnungsnummer="2361" KundEigtNr="259" ObjektID="10853" ZuordnungsartID="5"/>
  <Zuordnungstabelle Zuordnungsnummer="2362" KundEigtNr="259" ObjektID="10854" ZuordnungsartID="5"/>
  <Zuordnungstabelle Zuordnungsnummer="2363" KundEigtNr="259" ObjektID="10855" ZuordnungsartID="5"/>
  <Zuordnungstabelle Zuordnungsnummer="2364" KundEigtNr="259" ObjektID="10856" ZuordnungsartID="5"/>
  <Zuordnungstabelle Zuordnungsnummer="2365" KundEigtNr="259" ObjektID="10857" ZuordnungsartID="5"/>
  <Zuordnungstabelle Zuordnungsnummer="2366" KundEigtNr="259" ObjektID="10858" ZuordnungsartID="5"/>
  <Zuordnungstabelle Zuordnungsnummer="2367" KundEigtNr="259" ObjektID="10859" ZuordnungsartID="5"/>
  <Zuordnungstabelle Zuordnungsnummer="2368" KundEigtNr="259" ObjektID="10860" ZuordnungsartID="5"/>
  <Zuordnungstabelle Zuordnungsnummer="2369" KundEigtNr="259" ObjektID="10861" ZuordnungsartID="5"/>
  <Zuordnungstabelle Zuordnungsnummer="2370" KundEigtNr="259" ObjektID="10862" ZuordnungsartID="5"/>
  <Zuordnungstabelle Zuordnungsnummer="2371" KundEigtNr="259" ObjektID="10863" ZuordnungsartID="5"/>
  <Zuordnungstabelle Zuordnungsnummer="2372" KundEigtNr="259" ObjektID="10864" ZuordnungsartID="5"/>
  <Zuordnungstabelle Zuordnungsnummer="2373" KundEigtNr="259" ObjektID="10865" ZuordnungsartID="5"/>
  <Zuordnungstabelle Zuordnungsnummer="2374" KundEigtNr="259" ObjektID="10866" ZuordnungsartID="5"/>
  <Zuordnungstabelle Zuordnungsnummer="2375" KundEigtNr="259" ObjektID="10867" ZuordnungsartID="5"/>
  <Zuordnungstabelle Zuordnungsnummer="2376" KundEigtNr="259" ObjektID="10868" ZuordnungsartID="5"/>
  <Zuordnungstabelle Zuordnungsnummer="2377" KundEigtNr="259" ObjektID="10869" ZuordnungsartID="5"/>
  <Zuordnungstabelle Zuordnungsnummer="2378" KundEigtNr="259" ObjektID="10870" ZuordnungsartID="5"/>
  <Zuordnungstabelle Zuordnungsnummer="2379" KundEigtNr="259" ObjektID="10871" ZuordnungsartID="5"/>
  <Zuordnungstabelle Zuordnungsnummer="2380" KundEigtNr="259" ObjektID="10872" ZuordnungsartID="5"/>
  <Zuordnungstabelle Zuordnungsnummer="2381" KundEigtNr="259" ObjektID="10873" ZuordnungsartID="5"/>
  <Zuordnungstabelle Zuordnungsnummer="2382" KundEigtNr="259" ObjektID="10874" ZuordnungsartID="5"/>
  <Zuordnungstabelle Zuordnungsnummer="2383" KundEigtNr="259" ObjektID="10875" ZuordnungsartID="5"/>
  <Zuordnungstabelle Zuordnungsnummer="2384" KundEigtNr="259" ObjektID="10876" ZuordnungsartID="5"/>
  <Zuordnungstabelle Zuordnungsnummer="2385" KundEigtNr="259" ObjektID="10877" ZuordnungsartID="5"/>
  <Zuordnungstabelle Zuordnungsnummer="2386" KundEigtNr="259" ObjektID="10878" ZuordnungsartID="5"/>
  <Zuordnungstabelle Zuordnungsnummer="2387" KundEigtNr="259" ObjektID="10879" ZuordnungsartID="5"/>
  <Zuordnungstabelle Zuordnungsnummer="2388" KundEigtNr="259" ObjektID="10880" ZuordnungsartID="5"/>
  <Zuordnungstabelle Zuordnungsnummer="2389" KundEigtNr="259" ObjektID="10881" ZuordnungsartID="5"/>
  <Zuordnungstabelle Zuordnungsnummer="2390" KundEigtNr="259" ObjektID="10882" ZuordnungsartID="5"/>
  <Zuordnungstabelle Zuordnungsnummer="2391" KundEigtNr="259" ObjektID="10883" ZuordnungsartID="5"/>
  <Zuordnungstabelle Zuordnungsnummer="2392" KundEigtNr="259" ObjektID="10884" ZuordnungsartID="5"/>
  <Zuordnungstabelle Zuordnungsnummer="2393" KundEigtNr="259" ObjektID="10885" ZuordnungsartID="5"/>
  <Zuordnungstabelle Zuordnungsnummer="2394" KundEigtNr="259" ObjektID="10886" ZuordnungsartID="5"/>
  <Zuordnungstabelle Zuordnungsnummer="2395" KundEigtNr="259" ObjektID="10887" ZuordnungsartID="5"/>
  <Zuordnungstabelle Zuordnungsnummer="2396" KundEigtNr="259" ObjektID="10888" ZuordnungsartID="5"/>
  <Zuordnungstabelle Zuordnungsnummer="2397" KundEigtNr="259" ObjektID="10889" ZuordnungsartID="5"/>
  <Zuordnungstabelle Zuordnungsnummer="2398" KundEigtNr="259" ObjektID="10890" ZuordnungsartID="5"/>
  <Zuordnungstabelle Zuordnungsnummer="2399" KundEigtNr="259" ObjektID="10891" ZuordnungsartID="5"/>
  <Zuordnungstabelle Zuordnungsnummer="2400" KundEigtNr="259" ObjektID="10892" ZuordnungsartID="5"/>
  <Zuordnungstabelle Zuordnungsnummer="2401" KundEigtNr="259" ObjektID="10893" ZuordnungsartID="5"/>
  <Zuordnungstabelle Zuordnungsnummer="2402" KundEigtNr="259" ObjektID="10894" ZuordnungsartID="5"/>
  <Zuordnungstabelle Zuordnungsnummer="2403" KundEigtNr="259" ObjektID="10895" ZuordnungsartID="5"/>
  <Zuordnungstabelle Zuordnungsnummer="2404" KundEigtNr="259" ObjektID="10896" ZuordnungsartID="5"/>
  <Zuordnungstabelle Zuordnungsnummer="2405" KundEigtNr="259" ObjektID="10897" ZuordnungsartID="5"/>
  <Zuordnungstabelle Zuordnungsnummer="2406" KundEigtNr="259" ObjektID="10898" ZuordnungsartID="5"/>
  <Zuordnungstabelle Zuordnungsnummer="2407" KundEigtNr="259" ObjektID="10899" ZuordnungsartID="5"/>
  <Zuordnungstabelle Zuordnungsnummer="2408" KundEigtNr="259" ObjektID="10900" ZuordnungsartID="5"/>
  <Zuordnungstabelle Zuordnungsnummer="2409" KundEigtNr="259" ObjektID="10901" ZuordnungsartID="5"/>
  <Zuordnungstabelle Zuordnungsnummer="2410" KundEigtNr="259" ObjektID="10902" ZuordnungsartID="5"/>
  <Zuordnungstabelle Zuordnungsnummer="2411" KundEigtNr="259" ObjektID="10903" ZuordnungsartID="5"/>
  <Zuordnungstabelle Zuordnungsnummer="2412" KundEigtNr="259" ObjektID="10904" ZuordnungsartID="5"/>
  <Zuordnungstabelle Zuordnungsnummer="2413" KundEigtNr="259" ObjektID="10905" ZuordnungsartID="5"/>
  <Zuordnungstabelle Zuordnungsnummer="2414" KundEigtNr="259" ObjektID="10906" ZuordnungsartID="5"/>
  <Zuordnungstabelle Zuordnungsnummer="2415" KundEigtNr="259" ObjektID="10907" ZuordnungsartID="5"/>
  <Zuordnungstabelle Zuordnungsnummer="2416" KundEigtNr="259" ObjektID="10908" ZuordnungsartID="5"/>
  <Zuordnungstabelle Zuordnungsnummer="2417" KundEigtNr="259" ObjektID="10909" ZuordnungsartID="5"/>
  <Zuordnungstabelle Zuordnungsnummer="2418" KundEigtNr="259" ObjektID="10910" ZuordnungsartID="5"/>
  <Zuordnungstabelle Zuordnungsnummer="2419" KundEigtNr="259" ObjektID="10911" ZuordnungsartID="5"/>
  <Zuordnungstabelle Zuordnungsnummer="2420" KundEigtNr="259" ObjektID="10912" ZuordnungsartID="5"/>
  <Zuordnungstabelle Zuordnungsnummer="2421" KundEigtNr="259" ObjektID="10913" ZuordnungsartID="5"/>
  <Zuordnungstabelle Zuordnungsnummer="2422" KundEigtNr="259" ObjektID="10914" ZuordnungsartID="5"/>
  <Zuordnungstabelle Zuordnungsnummer="2423" KundEigtNr="259" ObjektID="10915" ZuordnungsartID="5"/>
  <Zuordnungstabelle Zuordnungsnummer="2424" KundEigtNr="259" ObjektID="10916" ZuordnungsartID="5"/>
  <Zuordnungstabelle Zuordnungsnummer="2425" KundEigtNr="259" ObjektID="10917" ZuordnungsartID="5"/>
  <Zuordnungstabelle Zuordnungsnummer="2426" KundEigtNr="259" ObjektID="10918" ZuordnungsartID="5"/>
  <Zuordnungstabelle Zuordnungsnummer="2427" KundEigtNr="259" ObjektID="10919" ZuordnungsartID="5"/>
  <Zuordnungstabelle Zuordnungsnummer="2428" KundEigtNr="259" ObjektID="10920" ZuordnungsartID="5"/>
  <Zuordnungstabelle Zuordnungsnummer="2429" KundEigtNr="259" ObjektID="10921" ZuordnungsartID="5"/>
  <Zuordnungstabelle Zuordnungsnummer="2430" KundEigtNr="259" ObjektID="10922" ZuordnungsartID="5"/>
  <Zuordnungstabelle Zuordnungsnummer="2431" KundEigtNr="259" ObjektID="10923" ZuordnungsartID="5"/>
  <Zuordnungstabelle Zuordnungsnummer="2432" KundEigtNr="259" ObjektID="10924" ZuordnungsartID="5"/>
  <Zuordnungstabelle Zuordnungsnummer="2433" KundEigtNr="259" ObjektID="10925" ZuordnungsartID="5"/>
  <Zuordnungstabelle Zuordnungsnummer="2434" KundEigtNr="259" ObjektID="10926" ZuordnungsartID="5"/>
  <Zuordnungstabelle Zuordnungsnummer="2435" KundEigtNr="259" ObjektID="10927" ZuordnungsartID="5"/>
  <Zuordnungstabelle Zuordnungsnummer="2436" KundEigtNr="259" ObjektID="10928" ZuordnungsartID="5"/>
  <Zuordnungstabelle Zuordnungsnummer="2437" KundEigtNr="259" ObjektID="10929" ZuordnungsartID="5"/>
  <Zuordnungstabelle Zuordnungsnummer="2438" KundEigtNr="259" ObjektID="10930" ZuordnungsartID="5"/>
  <Zuordnungstabelle Zuordnungsnummer="2439" KundEigtNr="259" ObjektID="10931" ZuordnungsartID="5"/>
  <Zuordnungstabelle Zuordnungsnummer="2440" KundEigtNr="259" ObjektID="10932" ZuordnungsartID="5"/>
  <Zuordnungstabelle Zuordnungsnummer="2441" KundEigtNr="259" ObjektID="10933" ZuordnungsartID="5"/>
  <Zuordnungstabelle Zuordnungsnummer="2442" KundEigtNr="259" ObjektID="10934" ZuordnungsartID="5"/>
  <Zuordnungstabelle Zuordnungsnummer="2443" KundEigtNr="259" ObjektID="5765" ZuordnungsartID="5"/>
  <Zuordnungstabelle Zuordnungsnummer="2444" KundEigtNr="259" ObjektID="10935" ZuordnungsartID="5"/>
  <Zuordnungstabelle Zuordnungsnummer="2445" KundEigtNr="259" ObjektID="10936" ZuordnungsartID="5"/>
  <Zuordnungstabelle Zuordnungsnummer="2446" KundEigtNr="259" ObjektID="10937" ZuordnungsartID="5"/>
  <Zuordnungstabelle Zuordnungsnummer="2447" KundEigtNr="259" ObjektID="10938" ZuordnungsartID="5"/>
  <Zuordnungstabelle Zuordnungsnummer="2448" KundEigtNr="259" ObjektID="5849" ZuordnungsartID="5"/>
  <Zuordnungstabelle Zuordnungsnummer="2449" KundEigtNr="259" ObjektID="5850" ZuordnungsartID="5"/>
  <Zuordnungstabelle Zuordnungsnummer="2450" KundEigtNr="259" ObjektID="5851" ZuordnungsartID="5"/>
  <Zuordnungstabelle Zuordnungsnummer="2451" KundEigtNr="259" ObjektID="10939" ZuordnungsartID="5"/>
  <Zuordnungstabelle Zuordnungsnummer="2452" KundEigtNr="259" ObjektID="6027" ZuordnungsartID="5"/>
  <Zuordnungstabelle Zuordnungsnummer="2453" KundEigtNr="259" ObjektID="6029" ZuordnungsartID="5"/>
  <Zuordnungstabelle Zuordnungsnummer="2454" KundEigtNr="259" ObjektID="6031" ZuordnungsartID="5"/>
  <Zuordnungstabelle Zuordnungsnummer="2455" KundEigtNr="259" ObjektID="6033" ZuordnungsartID="5"/>
  <Zuordnungstabelle Zuordnungsnummer="2456" KundEigtNr="259" ObjektID="6035" ZuordnungsartID="5"/>
  <Zuordnungstabelle Zuordnungsnummer="2457" KundEigtNr="259" ObjektID="5975" ZuordnungsartID="5"/>
  <Zuordnungstabelle Zuordnungsnummer="2458" KundEigtNr="259" ObjektID="5977" ZuordnungsartID="5"/>
  <Zuordnungstabelle Zuordnungsnummer="2459" KundEigtNr="259" ObjektID="5979" ZuordnungsartID="5"/>
  <Zuordnungstabelle Zuordnungsnummer="2460" KundEigtNr="259" ObjektID="5981" ZuordnungsartID="5"/>
  <Zuordnungstabelle Zuordnungsnummer="2461" KundEigtNr="259" ObjektID="5794" ZuordnungsartID="5"/>
  <Zuordnungstabelle Zuordnungsnummer="2462" KundEigtNr="259" ObjektID="5795" ZuordnungsartID="5"/>
  <Zuordnungstabelle Zuordnungsnummer="2463" KundEigtNr="259" ObjektID="5796" ZuordnungsartID="5"/>
  <Zuordnungstabelle Zuordnungsnummer="2464" KundEigtNr="259" ObjektID="5782" ZuordnungsartID="5"/>
  <Zuordnungstabelle Zuordnungsnummer="2465" KundEigtNr="259" ObjektID="5783" ZuordnungsartID="5"/>
  <Zuordnungstabelle Zuordnungsnummer="2466" KundEigtNr="259" ObjektID="5784" ZuordnungsartID="5"/>
  <Zuordnungstabelle Zuordnungsnummer="2467" KundEigtNr="259" ObjektID="5786" ZuordnungsartID="5"/>
  <Zuordnungstabelle Zuordnungsnummer="2468" KundEigtNr="259" ObjektID="5785" ZuordnungsartID="5"/>
  <Zuordnungstabelle Zuordnungsnummer="2469" KundEigtNr="259" ObjektID="5787" ZuordnungsartID="5"/>
  <Zuordnungstabelle Zuordnungsnummer="2470" KundEigtNr="259" ObjektID="10940" ZuordnungsartID="5"/>
  <Zuordnungstabelle Zuordnungsnummer="2471" KundEigtNr="259" ObjektID="5788" ZuordnungsartID="5"/>
  <Zuordnungstabelle Zuordnungsnummer="2472" KundEigtNr="259" ObjektID="5789" ZuordnungsartID="5"/>
  <Zuordnungstabelle Zuordnungsnummer="2476" KundEigtNr="259" ObjektID="5875" ZuordnungsartID="5"/>
  <Zuordnungstabelle Zuordnungsnummer="2477" KundEigtNr="259" ObjektID="5876" ZuordnungsartID="5"/>
  <Zuordnungstabelle Zuordnungsnummer="2485" KundEigtNr="259" ObjektID="5879" ZuordnungsartID="5"/>
  <Zuordnungstabelle Zuordnungsnummer="2494" KundEigtNr="259" ObjektID="5791" ZuordnungsartID="5"/>
  <Zuordnungstabelle Zuordnungsnummer="2495" KundEigtNr="259" ObjektID="5792" ZuordnungsartID="5"/>
  <Zuordnungstabelle Zuordnungsnummer="2496" KundEigtNr="259" ObjektID="5793" ZuordnungsartID="5"/>
  <Zuordnungstabelle Zuordnungsnummer="2497" KundEigtNr="259" ObjektID="5877" ZuordnungsartID="5"/>
  <Zuordnungstabelle Zuordnungsnummer="2498" KundEigtNr="259" ObjektID="5878" ZuordnungsartID="5"/>
  <Zuordnungstabelle Zuordnungsnummer="2499" KundEigtNr="259" ObjektID="5880" ZuordnungsartID="5"/>
  <Zuordnungstabelle Zuordnungsnummer="2500" KundEigtNr="259" ObjektID="5881" ZuordnungsartID="5"/>
  <Zuordnungstabelle Zuordnungsnummer="2501" KundEigtNr="259" ObjektID="5882" ZuordnungsartID="5"/>
  <Zuordnungstabelle Zuordnungsnummer="2502" KundEigtNr="259" ObjektID="5983" ZuordnungsartID="5"/>
  <Zuordnungstabelle Zuordnungsnummer="2503" KundEigtNr="259" ObjektID="10960" ZuordnungsartID="5"/>
  <Zuordnungstabelle Zuordnungsnummer="2504" KundEigtNr="259" ObjektID="10961" ZuordnungsartID="5"/>
  <Zuordnungstabelle Zuordnungsnummer="2505" KundEigtNr="259" ObjektID="5790" ZuordnungsartID="5"/>
  <Zuordnungstabelle Zuordnungsnummer="2506" KundEigtNr="259" ObjektID="5937" ZuordnungsartID="5"/>
  <Zuordnungstabelle Zuordnungsnummer="2507" KundEigtNr="259" ObjektID="5862" ZuordnungsartID="5"/>
  <Zuordnungstabelle Zuordnungsnummer="2508" KundEigtNr="259" ObjektID="5866" ZuordnungsartID="5"/>
  <Zuordnungstabelle Zuordnungsnummer="2509" KundEigtNr="259" ObjektID="5870" ZuordnungsartID="5"/>
  <Zuordnungstabelle Zuordnungsnummer="2510" KundEigtNr="259" ObjektID="5863" ZuordnungsartID="5"/>
  <Zuordnungstabelle Zuordnungsnummer="2511" KundEigtNr="259" ObjektID="5867" ZuordnungsartID="5"/>
  <Zuordnungstabelle Zuordnungsnummer="2512" KundEigtNr="259" ObjektID="5864" ZuordnungsartID="5"/>
  <Zuordnungstabelle Zuordnungsnummer="2513" KundEigtNr="259" ObjektID="5865" ZuordnungsartID="5"/>
  <Zuordnungstabelle Zuordnungsnummer="2517" KundEigtNr="259" ObjektID="5868" ZuordnungsartID="5"/>
  <Zuordnungstabelle Zuordnungsnummer="2518" KundEigtNr="259" ObjektID="5869" ZuordnungsartID="5"/>
  <Zuordnungstabelle Zuordnungsnummer="2519" KundEigtNr="259" ObjektID="5871" ZuordnungsartID="5"/>
  <Zuordnungstabelle Zuordnungsnummer="2520" KundEigtNr="259" ObjektID="5873" ZuordnungsartID="5"/>
  <Zuordnungstabelle Zuordnungsnummer="2521" KundEigtNr="259" ObjektID="5872" ZuordnungsartID="5"/>
  <Zuordnungstabelle Zuordnungsnummer="2522" KundEigtNr="259" ObjektID="5884" ZuordnungsartID="5"/>
  <Zuordnungstabelle Zuordnungsnummer="2523" KundEigtNr="259" ObjektID="5761" ZuordnungsartID="5"/>
  <Zuordnungstabelle Zuordnungsnummer="2524" KundEigtNr="259" ObjektID="5762" ZuordnungsartID="5"/>
  <Zuordnungstabelle Zuordnungsnummer="2525" KundEigtNr="259" ObjektID="5763" ZuordnungsartID="5"/>
  <Zuordnungstabelle Zuordnungsnummer="2526" KundEigtNr="259" ObjektID="5834" ZuordnungsartID="5"/>
  <Zuordnungstabelle Zuordnungsnummer="2527" KundEigtNr="259" ObjektID="5835" ZuordnungsartID="5"/>
  <Zuordnungstabelle Zuordnungsnummer="2528" KundEigtNr="259" ObjektID="5836" ZuordnungsartID="5"/>
  <Zuordnungstabelle Zuordnungsnummer="2529" KundEigtNr="259" ObjektID="5837" ZuordnungsartID="5"/>
  <Zuordnungstabelle Zuordnungsnummer="2530" KundEigtNr="259" ObjektID="6059" ZuordnungsartID="5"/>
  <Zuordnungstabelle Zuordnungsnummer="2531" KundEigtNr="259" ObjektID="6060" ZuordnungsartID="5"/>
  <Zuordnungstabelle Zuordnungsnummer="2532" KundEigtNr="259" ObjektID="6061" ZuordnungsartID="5"/>
  <Zuordnungstabelle Zuordnungsnummer="2533" KundEigtNr="259" ObjektID="10966" ZuordnungsartID="5"/>
  <Zuordnungstabelle Zuordnungsnummer="2534" KundEigtNr="259" ObjektID="10967" ZuordnungsartID="5"/>
  <Zuordnungstabelle Zuordnungsnummer="2535" KundEigtNr="259" ObjektID="10968" ZuordnungsartID="5"/>
  <Zuordnungstabelle Zuordnungsnummer="2536" KundEigtNr="259" ObjektID="5912" ZuordnungsartID="5"/>
  <Zuordnungstabelle Zuordnungsnummer="2537" KundEigtNr="259" ObjektID="5913" ZuordnungsartID="5"/>
  <Zuordnungstabelle Zuordnungsnummer="2538" KundEigtNr="259" ObjektID="10969" ZuordnungsartID="5"/>
  <Zuordnungstabelle Zuordnungsnummer="2539" KundEigtNr="259" ObjektID="10970" ZuordnungsartID="5"/>
  <Zuordnungstabelle Zuordnungsnummer="2540" KundEigtNr="259" ObjektID="5914" ZuordnungsartID="5"/>
  <Zuordnungstabelle Zuordnungsnummer="2541" KundEigtNr="259" ObjektID="5915" ZuordnungsartID="5"/>
  <Zuordnungstabelle Zuordnungsnummer="2542" KundEigtNr="259" ObjektID="10971" ZuordnungsartID="5"/>
  <Zuordnungstabelle Zuordnungsnummer="2543" KundEigtNr="259" ObjektID="10972" ZuordnungsartID="5"/>
  <Zuordnungstabelle Zuordnungsnummer="2544" KundEigtNr="259" ObjektID="10973" ZuordnungsartID="5"/>
  <Zuordnungstabelle Zuordnungsnummer="2545" KundEigtNr="259" ObjektID="10974" ZuordnungsartID="5"/>
  <Zuordnungstabelle Zuordnungsnummer="2546" KundEigtNr="259" ObjektID="10975" ZuordnungsartID="5"/>
  <Zuordnungstabelle Zuordnungsnummer="2547" KundEigtNr="259" ObjektID="10976" ZuordnungsartID="5"/>
  <Zuordnungstabelle Zuordnungsnummer="2548" KundEigtNr="259" ObjektID="10977" ZuordnungsartID="5"/>
  <Zuordnungstabelle Zuordnungsnummer="2549" KundEigtNr="259" ObjektID="10978" ZuordnungsartID="5"/>
  <Zuordnungstabelle Zuordnungsnummer="2550" KundEigtNr="259" ObjektID="10979" ZuordnungsartID="5"/>
  <Zuordnungstabelle Zuordnungsnummer="2551" KundEigtNr="259" ObjektID="10980" ZuordnungsartID="5"/>
  <Zuordnungstabelle Zuordnungsnummer="2552" KundEigtNr="259" ObjektID="10981" ZuordnungsartID="5"/>
  <Zuordnungstabelle Zuordnungsnummer="2553" KundEigtNr="259" ObjektID="10982" ZuordnungsartID="5"/>
  <Zuordnungstabelle Zuordnungsnummer="2554" KundEigtNr="259" ObjektID="10983" ZuordnungsartID="5"/>
  <Zuordnungstabelle Zuordnungsnummer="2555" KundEigtNr="259" ObjektID="10984" ZuordnungsartID="5"/>
  <Zuordnungstabelle Zuordnungsnummer="2556" KundEigtNr="259" ObjektID="10985" ZuordnungsartID="5"/>
  <Zuordnungstabelle Zuordnungsnummer="2557" KundEigtNr="259" ObjektID="10986" ZuordnungsartID="5"/>
  <Zuordnungstabelle Zuordnungsnummer="2558" KundEigtNr="259" ObjektID="10987" ZuordnungsartID="5"/>
  <Zuordnungstabelle Zuordnungsnummer="2559" KundEigtNr="259" ObjektID="10988" ZuordnungsartID="5"/>
  <Zuordnungstabelle Zuordnungsnummer="2560" KundEigtNr="259" ObjektID="10989" ZuordnungsartID="5"/>
  <Zuordnungstabelle Zuordnungsnummer="2561" KundEigtNr="259" ObjektID="10990" ZuordnungsartID="5"/>
  <Zuordnungstabelle Zuordnungsnummer="2562" KundEigtNr="259" ObjektID="10991" ZuordnungsartID="5"/>
  <Zuordnungstabelle Zuordnungsnummer="2563" KundEigtNr="259" ObjektID="10992" ZuordnungsartID="5"/>
  <Zuordnungstabelle Zuordnungsnummer="2564" KundEigtNr="259" ObjektID="10993" ZuordnungsartID="5"/>
  <Zuordnungstabelle Zuordnungsnummer="2565" KundEigtNr="259" ObjektID="10994" ZuordnungsartID="5"/>
  <Zuordnungstabelle Zuordnungsnummer="2566" KundEigtNr="259" ObjektID="10995" ZuordnungsartID="5"/>
  <Zuordnungstabelle Zuordnungsnummer="2567" KundEigtNr="259" ObjektID="10996" ZuordnungsartID="5"/>
  <Zuordnungstabelle Zuordnungsnummer="2568" KundEigtNr="259" ObjektID="10997" ZuordnungsartID="5"/>
  <Zuordnungstabelle Zuordnungsnummer="2569" KundEigtNr="259" ObjektID="10998" ZuordnungsartID="5"/>
  <Zuordnungstabelle Zuordnungsnummer="2570" KundEigtNr="259" ObjektID="10999" ZuordnungsartID="5"/>
  <Zuordnungstabelle Zuordnungsnummer="2571" KundEigtNr="259" ObjektID="11000" ZuordnungsartID="5"/>
  <Zuordnungstabelle Zuordnungsnummer="2572" KundEigtNr="259" ObjektID="11001" ZuordnungsartID="5"/>
  <Zuordnungstabelle Zuordnungsnummer="2573" KundEigtNr="259" ObjektID="11002" ZuordnungsartID="5"/>
  <Zuordnungstabelle Zuordnungsnummer="2574" KundEigtNr="259" ObjektID="11003" ZuordnungsartID="5"/>
  <Zuordnungstabelle Zuordnungsnummer="2575" KundEigtNr="259" ObjektID="11004" ZuordnungsartID="5"/>
  <Zuordnungstabelle Zuordnungsnummer="2576" KundEigtNr="259" ObjektID="11005" ZuordnungsartID="5"/>
  <Zuordnungstabelle Zuordnungsnummer="2577" KundEigtNr="259" ObjektID="11006" ZuordnungsartID="5"/>
  <Zuordnungstabelle Zuordnungsnummer="2578" KundEigtNr="259" ObjektID="11007" ZuordnungsartID="5"/>
  <Zuordnungstabelle Zuordnungsnummer="2579" KundEigtNr="259" ObjektID="11008" ZuordnungsartID="5"/>
  <Zuordnungstabelle Zuordnungsnummer="2580" KundEigtNr="259" ObjektID="11009" ZuordnungsartID="5"/>
  <Zuordnungstabelle Zuordnungsnummer="2581" KundEigtNr="259" ObjektID="11010" ZuordnungsartID="5"/>
  <Zuordnungstabelle Zuordnungsnummer="2582" KundEigtNr="259" ObjektID="11011" ZuordnungsartID="5"/>
  <Zuordnungstabelle Zuordnungsnummer="2583" KundEigtNr="259" ObjektID="11012" ZuordnungsartID="5"/>
  <Zuordnungstabelle Zuordnungsnummer="2584" KundEigtNr="259" ObjektID="11013" ZuordnungsartID="5"/>
  <Zuordnungstabelle Zuordnungsnummer="2585" KundEigtNr="259" ObjektID="11014" ZuordnungsartID="5"/>
  <Zuordnungstabelle Zuordnungsnummer="2586" KundEigtNr="259" ObjektID="11015" ZuordnungsartID="5"/>
  <Zuordnungstabelle Zuordnungsnummer="2587" KundEigtNr="259" ObjektID="11016" ZuordnungsartID="5"/>
  <Zuordnungstabelle Zuordnungsnummer="2588" KundEigtNr="259" ObjektID="11017" ZuordnungsartID="5"/>
  <Zuordnungstabelle Zuordnungsnummer="2589" KundEigtNr="259" ObjektID="11018" ZuordnungsartID="5"/>
  <Zuordnungstabelle Zuordnungsnummer="2590" KundEigtNr="259" ObjektID="11019" ZuordnungsartID="5"/>
  <Zuordnungstabelle Zuordnungsnummer="2591" KundEigtNr="259" ObjektID="11020" ZuordnungsartID="5"/>
  <Zuordnungstabelle Zuordnungsnummer="2592" KundEigtNr="259" ObjektID="11021" ZuordnungsartID="5"/>
  <Zuordnungstabelle Zuordnungsnummer="2593" KundEigtNr="259" ObjektID="11022" ZuordnungsartID="5"/>
  <Zuordnungstabelle Zuordnungsnummer="2594" KundEigtNr="259" ObjektID="11023" ZuordnungsartID="5"/>
  <Zuordnungstabelle Zuordnungsnummer="2595" KundEigtNr="259" ObjektID="11024" ZuordnungsartID="5"/>
  <Zuordnungstabelle Zuordnungsnummer="2596" KundEigtNr="259" ObjektID="11025" ZuordnungsartID="5"/>
  <Zuordnungstabelle Zuordnungsnummer="2597" KundEigtNr="259" ObjektID="11026" ZuordnungsartID="5"/>
  <Zuordnungstabelle Zuordnungsnummer="2598" KundEigtNr="259" ObjektID="11027" ZuordnungsartID="5"/>
  <Zuordnungstabelle Zuordnungsnummer="2599" KundEigtNr="259" ObjektID="11028" ZuordnungsartID="5"/>
  <Zuordnungstabelle Zuordnungsnummer="2600" KundEigtNr="259" ObjektID="11029" ZuordnungsartID="5"/>
  <Zuordnungstabelle Zuordnungsnummer="2601" KundEigtNr="259" ObjektID="11030" ZuordnungsartID="5"/>
  <Zuordnungstabelle Zuordnungsnummer="2602" KundEigtNr="259" ObjektID="11031" ZuordnungsartID="5"/>
  <Zuordnungstabelle Zuordnungsnummer="2603" KundEigtNr="259" ObjektID="11032" ZuordnungsartID="5"/>
  <Zuordnungstabelle Zuordnungsnummer="2604" KundEigtNr="259" ObjektID="11033" ZuordnungsartID="5"/>
  <Zuordnungstabelle Zuordnungsnummer="2605" KundEigtNr="259" ObjektID="11034" ZuordnungsartID="5"/>
  <Zuordnungstabelle Zuordnungsnummer="2606" KundEigtNr="259" ObjektID="11035" ZuordnungsartID="5"/>
  <Zuordnungstabelle Zuordnungsnummer="2607" KundEigtNr="259" ObjektID="11036" ZuordnungsartID="5"/>
  <Zuordnungstabelle Zuordnungsnummer="2608" KundEigtNr="259" ObjektID="11037" ZuordnungsartID="5"/>
  <Zuordnungstabelle Zuordnungsnummer="2609" KundEigtNr="259" ObjektID="11038" ZuordnungsartID="5"/>
  <Zuordnungstabelle Zuordnungsnummer="2610" KundEigtNr="259" ObjektID="11039" ZuordnungsartID="5"/>
  <Zuordnungstabelle Zuordnungsnummer="2611" KundEigtNr="259" ObjektID="11040" ZuordnungsartID="5"/>
  <Zuordnungstabelle Zuordnungsnummer="2612" KundEigtNr="259" ObjektID="11041" ZuordnungsartID="5"/>
  <Zuordnungstabelle Zuordnungsnummer="2613" KundEigtNr="259" ObjektID="11042" ZuordnungsartID="5"/>
  <Zuordnungstabelle Zuordnungsnummer="2614" KundEigtNr="259" ObjektID="11043" ZuordnungsartID="5"/>
  <Zuordnungstabelle Zuordnungsnummer="2615" KundEigtNr="259" ObjektID="11044" ZuordnungsartID="5"/>
  <Zuordnungstabelle Zuordnungsnummer="2616" KundEigtNr="259" ObjektID="11045" ZuordnungsartID="5"/>
  <Zuordnungstabelle Zuordnungsnummer="2617" KundEigtNr="259" ObjektID="11046" ZuordnungsartID="5"/>
  <Zuordnungstabelle Zuordnungsnummer="2618" KundEigtNr="259" ObjektID="11047" ZuordnungsartID="5"/>
  <Zuordnungstabelle Zuordnungsnummer="2619" KundEigtNr="259" ObjektID="11048" ZuordnungsartID="5"/>
  <Zuordnungstabelle Zuordnungsnummer="2620" KundEigtNr="259" ObjektID="11049" ZuordnungsartID="5"/>
  <Zuordnungstabelle Zuordnungsnummer="2621" KundEigtNr="259" ObjektID="11050" ZuordnungsartID="5"/>
  <Zuordnungstabelle Zuordnungsnummer="2622" KundEigtNr="259" ObjektID="11051" ZuordnungsartID="5"/>
  <Zuordnungstabelle Zuordnungsnummer="2623" KundEigtNr="259" ObjektID="11052" ZuordnungsartID="5"/>
  <Zuordnungstabelle Zuordnungsnummer="2624" KundEigtNr="259" ObjektID="11053" ZuordnungsartID="5"/>
  <Zuordnungstabelle Zuordnungsnummer="2625" KundEigtNr="259" ObjektID="11054" ZuordnungsartID="5"/>
  <Zuordnungstabelle Zuordnungsnummer="2626" KundEigtNr="259" ObjektID="11055" ZuordnungsartID="5"/>
  <Zuordnungstabelle Zuordnungsnummer="2627" KundEigtNr="259" ObjektID="11056" ZuordnungsartID="5"/>
  <Zuordnungstabelle Zuordnungsnummer="2628" KundEigtNr="259" ObjektID="11057" ZuordnungsartID="5"/>
  <Zuordnungstabelle Zuordnungsnummer="2629" KundEigtNr="259" ObjektID="11058" ZuordnungsartID="5"/>
  <Zuordnungstabelle Zuordnungsnummer="2630" KundEigtNr="259" ObjektID="11059" ZuordnungsartID="5"/>
  <Zuordnungstabelle Zuordnungsnummer="2631" KundEigtNr="259" ObjektID="11060" ZuordnungsartID="5"/>
  <Zuordnungstabelle Zuordnungsnummer="2632" KundEigtNr="259" ObjektID="11061" ZuordnungsartID="5"/>
  <Zuordnungstabelle Zuordnungsnummer="2633" KundEigtNr="259" ObjektID="11062" ZuordnungsartID="5"/>
  <Zuordnungstabelle Zuordnungsnummer="2634" KundEigtNr="259" ObjektID="11063" ZuordnungsartID="5"/>
  <Zuordnungstabelle Zuordnungsnummer="2635" KundEigtNr="259" ObjektID="11064" ZuordnungsartID="5"/>
  <Zuordnungstabelle Zuordnungsnummer="2636" KundEigtNr="259" ObjektID="11065" ZuordnungsartID="5"/>
  <Zuordnungstabelle Zuordnungsnummer="2637" KundEigtNr="259" ObjektID="11066" ZuordnungsartID="5"/>
  <Zuordnungstabelle Zuordnungsnummer="2638" KundEigtNr="259" ObjektID="11067" ZuordnungsartID="5"/>
  <Zuordnungstabelle Zuordnungsnummer="2639" KundEigtNr="259" ObjektID="11068" ZuordnungsartID="5"/>
  <Zuordnungstabelle Zuordnungsnummer="2640" KundEigtNr="259" ObjektID="11069" ZuordnungsartID="5"/>
  <Zuordnungstabelle Zuordnungsnummer="2641" KundEigtNr="259" ObjektID="11070" ZuordnungsartID="5"/>
  <Zuordnungstabelle Zuordnungsnummer="2642" KundEigtNr="259" ObjektID="11071" ZuordnungsartID="5"/>
  <Zuordnungstabelle Zuordnungsnummer="2643" KundEigtNr="259" ObjektID="11072" ZuordnungsartID="5"/>
  <Zuordnungstabelle Zuordnungsnummer="2644" KundEigtNr="259" ObjektID="11073" ZuordnungsartID="5"/>
  <Zuordnungstabelle Zuordnungsnummer="2645" KundEigtNr="259" ObjektID="11074" ZuordnungsartID="5"/>
  <Zuordnungstabelle Zuordnungsnummer="2646" KundEigtNr="259" ObjektID="11075" ZuordnungsartID="5"/>
  <Zuordnungstabelle Zuordnungsnummer="2647" KundEigtNr="259" ObjektID="11076" ZuordnungsartID="5"/>
  <Zuordnungstabelle Zuordnungsnummer="2648" KundEigtNr="259" ObjektID="11077" ZuordnungsartID="5"/>
  <Zuordnungstabelle Zuordnungsnummer="2649" KundEigtNr="259" ObjektID="4237" ZuordnungsartID="5"/>
  <Zuordnungstabelle Zuordnungsnummer="2653" KundEigtNr="259" ObjektID="5739" ZuordnungsartID="5"/>
  <Zuordnungstabelle Zuordnungsnummer="2654" KundEigtNr="259" ObjektID="6075" ZuordnungsartID="5"/>
  <Zuordnungstabelle Zuordnungsnummer="2655" KundEigtNr="259" ObjektID="11078" ZuordnungsartID="5"/>
  <Zuordnungstabelle Zuordnungsnummer="2656" KundEigtNr="259" ObjektID="11079" ZuordnungsartID="5"/>
  <Zuordnungstabelle Zuordnungsnummer="2657" KundEigtNr="259" ObjektID="11080" ZuordnungsartID="5"/>
  <Zuordnungstabelle Zuordnungsnummer="2658" KundEigtNr="259" ObjektID="11081" ZuordnungsartID="5"/>
  <Zuordnungstabelle Zuordnungsnummer="2659" KundEigtNr="259" ObjektID="11082" ZuordnungsartID="5"/>
  <Zuordnungstabelle Zuordnungsnummer="2660" KundEigtNr="259" ObjektID="11083" ZuordnungsartID="5"/>
  <Zuordnungstabelle Zuordnungsnummer="2661" KundEigtNr="259" ObjektID="11084" ZuordnungsartID="5"/>
  <Zuordnungstabelle Zuordnungsnummer="2662" KundEigtNr="259" ObjektID="11085" ZuordnungsartID="5"/>
  <Zuordnungstabelle Zuordnungsnummer="2663" KundEigtNr="259" ObjektID="11086" ZuordnungsartID="5"/>
  <Zuordnungstabelle Zuordnungsnummer="2664" KundEigtNr="259" ObjektID="11087" ZuordnungsartID="5"/>
  <Zuordnungstabelle Zuordnungsnummer="2665" KundEigtNr="259" ObjektID="11088" ZuordnungsartID="5"/>
  <Zuordnungstabelle Zuordnungsnummer="2666" KundEigtNr="259" ObjektID="11089" ZuordnungsartID="5"/>
  <Zuordnungstabelle Zuordnungsnummer="2667" KundEigtNr="259" ObjektID="11090" ZuordnungsartID="5"/>
  <Zuordnungstabelle Zuordnungsnummer="2668" KundEigtNr="259" ObjektID="11091" ZuordnungsartID="5"/>
  <Zuordnungstabelle Zuordnungsnummer="2669" KundEigtNr="259" ObjektID="11092" ZuordnungsartID="5"/>
  <Zuordnungstabelle Zuordnungsnummer="2670" KundEigtNr="259" ObjektID="11093" ZuordnungsartID="5"/>
  <Zuordnungstabelle Zuordnungsnummer="2671" KundEigtNr="259" ObjektID="11094" ZuordnungsartID="5"/>
  <Zuordnungstabelle Zuordnungsnummer="2672" KundEigtNr="259" ObjektID="11095" ZuordnungsartID="5"/>
  <Zuordnungstabelle Zuordnungsnummer="2673" KundEigtNr="259" ObjektID="11096" ZuordnungsartID="5"/>
  <Zuordnungstabelle Zuordnungsnummer="2674" KundEigtNr="259" ObjektID="11097" ZuordnungsartID="5"/>
  <Zuordnungstabelle Zuordnungsnummer="2675" KundEigtNr="259" ObjektID="11098" ZuordnungsartID="5"/>
  <Zuordnungstabelle Zuordnungsnummer="2676" KundEigtNr="259" ObjektID="11099" ZuordnungsartID="5"/>
  <Zuordnungstabelle Zuordnungsnummer="2677" KundEigtNr="259" ObjektID="11100" ZuordnungsartID="5"/>
  <Zuordnungstabelle Zuordnungsnummer="2678" KundEigtNr="259" ObjektID="11101" ZuordnungsartID="5"/>
  <Zuordnungstabelle Zuordnungsnummer="2679" KundEigtNr="259" ObjektID="11102" ZuordnungsartID="5"/>
  <Zuordnungstabelle Zuordnungsnummer="2680" KundEigtNr="259" ObjektID="11103" ZuordnungsartID="5"/>
  <Zuordnungstabelle Zuordnungsnummer="2681" KundEigtNr="259" ObjektID="11104" ZuordnungsartID="5"/>
  <Zuordnungstabelle Zuordnungsnummer="2682" KundEigtNr="259" ObjektID="11105" ZuordnungsartID="5"/>
  <Zuordnungstabelle Zuordnungsnummer="2683" KundEigtNr="259" ObjektID="11106" ZuordnungsartID="5"/>
  <Zuordnungstabelle Zuordnungsnummer="2684" KundEigtNr="259" ObjektID="11107" ZuordnungsartID="5"/>
  <Zuordnungstabelle Zuordnungsnummer="2685" KundEigtNr="259" ObjektID="11108" ZuordnungsartID="5"/>
  <Zuordnungstabelle Zuordnungsnummer="2686" KundEigtNr="259" ObjektID="11109" ZuordnungsartID="5"/>
  <Zuordnungstabelle Zuordnungsnummer="2687" KundEigtNr="259" ObjektID="11110" ZuordnungsartID="5"/>
  <Zuordnungstabelle Zuordnungsnummer="2688" KundEigtNr="259" ObjektID="11111" ZuordnungsartID="5"/>
  <Zuordnungstabelle Zuordnungsnummer="2689" KundEigtNr="259" ObjektID="11112" ZuordnungsartID="5"/>
  <Zuordnungstabelle Zuordnungsnummer="2690" KundEigtNr="259" ObjektID="11113" ZuordnungsartID="5"/>
  <Zuordnungstabelle Zuordnungsnummer="2691" KundEigtNr="259" ObjektID="11114" ZuordnungsartID="5"/>
  <Zuordnungstabelle Zuordnungsnummer="2692" KundEigtNr="259" ObjektID="11115" ZuordnungsartID="5"/>
  <Zuordnungstabelle Zuordnungsnummer="2693" KundEigtNr="259" ObjektID="11116" ZuordnungsartID="5"/>
  <Zuordnungstabelle Zuordnungsnummer="2694" KundEigtNr="259" ObjektID="11117" ZuordnungsartID="5"/>
  <Zuordnungstabelle Zuordnungsnummer="2695" KundEigtNr="259" ObjektID="11118" ZuordnungsartID="5"/>
  <Zuordnungstabelle Zuordnungsnummer="2696" KundEigtNr="259" ObjektID="11119" ZuordnungsartID="5"/>
  <Zuordnungstabelle Zuordnungsnummer="2697" KundEigtNr="259" ObjektID="11120" ZuordnungsartID="5"/>
  <Zuordnungstabelle Zuordnungsnummer="2698" KundEigtNr="259" ObjektID="11121" ZuordnungsartID="5"/>
  <Zuordnungstabelle Zuordnungsnummer="2699" KundEigtNr="259" ObjektID="11122" ZuordnungsartID="5"/>
  <Zuordnungstabelle Zuordnungsnummer="2700" KundEigtNr="259" ObjektID="11123" ZuordnungsartID="5"/>
  <Zuordnungstabelle Zuordnungsnummer="2701" KundEigtNr="259" ObjektID="11124" ZuordnungsartID="5"/>
  <Zuordnungstabelle Zuordnungsnummer="2702" KundEigtNr="4817" ObjektID="11129" ZuordnungsartID="8"/>
  <Zuordnungstabelle Zuordnungsnummer="2704" KundEigtNr="4817" ObjektID="11131" ZuordnungsartID="5"/>
  <Zuordnungstabelle Zuordnungsnummer="2705" KundEigtNr="4817" ObjektID="11132" ZuordnungsartID="5"/>
  <Zuordnungstabelle Zuordnungsnummer="2706" KundEigtNr="4817" ObjektID="11133" ZuordnungsartID="5"/>
  <Zuordnungstabelle Zuordnungsnummer="2707" KundEigtNr="4817" ObjektID="11134" ZuordnungsartID="5"/>
  <Zuordnungstabelle Zuordnungsnummer="2708" KundEigtNr="1931" ObjektID="2769" ZuordnungsartID="5"/>
  <Zuordnungstabelle Zuordnungsnummer="2709" KundEigtNr="1931" ObjektID="11135" ZuordnungsartID="5"/>
  <Zuordnungstabelle Zuordnungsnummer="2710" KundEigtNr="1931" ObjektID="11136" ZuordnungsartID="5"/>
  <Zuordnungstabelle Zuordnungsnummer="2711" KundEigtNr="1931" ObjektID="11137" ZuordnungsartID="5"/>
  <Zuordnungstabelle Zuordnungsnummer="2712" KundEigtNr="1931" ObjektID="11138" ZuordnungsartID="5"/>
  <Zuordnungstabelle Zuordnungsnummer="2713" KundEigtNr="1931" ObjektID="11139" ZuordnungsartID="5"/>
  <Zuordnungstabelle Zuordnungsnummer="2714" KundEigtNr="1931" ObjektID="11140" ZuordnungsartID="5"/>
  <Zuordnungstabelle Zuordnungsnummer="2715" KundEigtNr="1931" ObjektID="11141" ZuordnungsartID="5"/>
  <Zuordnungstabelle Zuordnungsnummer="2716" KundEigtNr="1931" ObjektID="11142" ZuordnungsartID="5"/>
  <Zuordnungstabelle Zuordnungsnummer="2717" KundEigtNr="1931" ObjektID="11143" ZuordnungsartID="5"/>
  <Zuordnungstabelle Zuordnungsnummer="2718" KundEigtNr="1931" ObjektID="11144" ZuordnungsartID="5"/>
  <Zuordnungstabelle Zuordnungsnummer="2719" KundEigtNr="1931" ObjektID="11145" ZuordnungsartID="5"/>
  <Zuordnungstabelle Zuordnungsnummer="2720" KundEigtNr="1931" ObjektID="11146" ZuordnungsartID="5"/>
  <Zuordnungstabelle Zuordnungsnummer="2721" KundEigtNr="1931" ObjektID="1617" ZuordnungsartID="5"/>
  <Zuordnungstabelle Zuordnungsnummer="2722" KundEigtNr="1931" ObjektID="11147" ZuordnungsartID="5"/>
  <Zuordnungstabelle Zuordnungsnummer="2723" KundEigtNr="1931" ObjektID="11148" ZuordnungsartID="5"/>
  <Zuordnungstabelle Zuordnungsnummer="2724" KundEigtNr="1931" ObjektID="11149" ZuordnungsartID="5"/>
  <Zuordnungstabelle Zuordnungsnummer="2725" KundEigtNr="1931" ObjektID="11150" ZuordnungsartID="5"/>
  <Zuordnungstabelle Zuordnungsnummer="2726" KundEigtNr="1931" ObjektID="11151" ZuordnungsartID="5"/>
  <Zuordnungstabelle Zuordnungsnummer="2727" KundEigtNr="1931" ObjektID="9030" ZuordnungsartID="5"/>
  <Zuordnungstabelle Zuordnungsnummer="2728" KundEigtNr="1931" ObjektID="11152" ZuordnungsartID="5"/>
  <Zuordnungstabelle Zuordnungsnummer="2729" KundEigtNr="1931" ObjektID="11153" ZuordnungsartID="5"/>
  <Zuordnungstabelle Zuordnungsnummer="2730" KundEigtNr="1931" ObjektID="11154" ZuordnungsartID="5"/>
  <Zuordnungstabelle Zuordnungsnummer="2731" KundEigtNr="1931" ObjektID="2661" ZuordnungsartID="5"/>
  <Zuordnungstabelle Zuordnungsnummer="2732" KundEigtNr="1931" ObjektID="11155" ZuordnungsartID="5"/>
  <Zuordnungstabelle Zuordnungsnummer="2733" KundEigtNr="1931" ObjektID="11156" ZuordnungsartID="5"/>
  <Zuordnungstabelle Zuordnungsnummer="2734" KundEigtNr="1931" ObjektID="11157" ZuordnungsartID="5"/>
  <Zuordnungstabelle Zuordnungsnummer="2735" KundEigtNr="1931" ObjektID="11158" ZuordnungsartID="5"/>
  <Zuordnungstabelle Zuordnungsnummer="2736" KundEigtNr="1931" ObjektID="11159" ZuordnungsartID="5"/>
  <Zuordnungstabelle Zuordnungsnummer="2737" KundEigtNr="1931" ObjektID="3756" ZuordnungsartID="5"/>
  <Zuordnungstabelle Zuordnungsnummer="2738" KundEigtNr="1931" ObjektID="11160" ZuordnungsartID="5"/>
  <Zuordnungstabelle Zuordnungsnummer="2739" KundEigtNr="1931" ObjektID="11161" ZuordnungsartID="5"/>
  <Zuordnungstabelle Zuordnungsnummer="2740" KundEigtNr="1931" ObjektID="11162" ZuordnungsartID="5"/>
  <Zuordnungstabelle Zuordnungsnummer="2741" KundEigtNr="1931" ObjektID="11163" ZuordnungsartID="5"/>
  <Zuordnungstabelle Zuordnungsnummer="2742" KundEigtNr="1931" ObjektID="11164" ZuordnungsartID="5"/>
  <Zuordnungstabelle Zuordnungsnummer="2743" KundEigtNr="1931" ObjektID="11165" ZuordnungsartID="5"/>
  <Zuordnungstabelle Zuordnungsnummer="2744" KundEigtNr="1931" ObjektID="11166" ZuordnungsartID="5"/>
  <Zuordnungstabelle Zuordnungsnummer="2745" KundEigtNr="1931" ObjektID="11167" ZuordnungsartID="5"/>
  <Zuordnungstabelle Zuordnungsnummer="2746" KundEigtNr="1931" ObjektID="11168" ZuordnungsartID="5"/>
  <Zuordnungstabelle Zuordnungsnummer="2747" KundEigtNr="1931" ObjektID="11169" ZuordnungsartID="5"/>
  <Zuordnungstabelle Zuordnungsnummer="2748" KundEigtNr="1931" ObjektID="11170" ZuordnungsartID="5"/>
  <Zuordnungstabelle Zuordnungsnummer="2749" KundEigtNr="1931" ObjektID="11171" ZuordnungsartID="5"/>
  <Zuordnungstabelle Zuordnungsnummer="2750" KundEigtNr="1931" ObjektID="11172" ZuordnungsartID="5"/>
  <Zuordnungstabelle Zuordnungsnummer="2751" KundEigtNr="1931" ObjektID="11173" ZuordnungsartID="5"/>
  <Zuordnungstabelle Zuordnungsnummer="2752" KundEigtNr="1931" ObjektID="11174" ZuordnungsartID="5"/>
  <Zuordnungstabelle Zuordnungsnummer="2753" KundEigtNr="1931" ObjektID="11175" ZuordnungsartID="5"/>
  <Zuordnungstabelle Zuordnungsnummer="2754" KundEigtNr="1931" ObjektID="11176" ZuordnungsartID="5"/>
  <Zuordnungstabelle Zuordnungsnummer="2755" KundEigtNr="1931" ObjektID="11177" ZuordnungsartID="5"/>
  <Zuordnungstabelle Zuordnungsnummer="2756" KundEigtNr="1931" ObjektID="11178" ZuordnungsartID="5"/>
  <Zuordnungstabelle Zuordnungsnummer="2757" KundEigtNr="1931" ObjektID="11179" ZuordnungsartID="5"/>
  <Zuordnungstabelle Zuordnungsnummer="2758" KundEigtNr="1931" ObjektID="11180" ZuordnungsartID="5"/>
  <Zuordnungstabelle Zuordnungsnummer="2759" KundEigtNr="1931" ObjektID="11181" ZuordnungsartID="5"/>
  <Zuordnungstabelle Zuordnungsnummer="2760" KundEigtNr="1931" ObjektID="11182" ZuordnungsartID="5"/>
  <Zuordnungstabelle Zuordnungsnummer="2761" KundEigtNr="1931" ObjektID="11183" ZuordnungsartID="5"/>
  <Zuordnungstabelle Zuordnungsnummer="2762" KundEigtNr="1931" ObjektID="11184" ZuordnungsartID="5"/>
  <Zuordnungstabelle Zuordnungsnummer="2763" KundEigtNr="1931" ObjektID="11185" ZuordnungsartID="5"/>
  <Zuordnungstabelle Zuordnungsnummer="2764" KundEigtNr="1931" ObjektID="11186" ZuordnungsartID="5"/>
  <Zuordnungstabelle Zuordnungsnummer="2765" KundEigtNr="1931" ObjektID="11187" ZuordnungsartID="5"/>
  <Zuordnungstabelle Zuordnungsnummer="2766" KundEigtNr="1931" ObjektID="372" ZuordnungsartID="5"/>
  <Zuordnungstabelle Zuordnungsnummer="2767" KundEigtNr="1931" ObjektID="11188" ZuordnungsartID="5"/>
  <Zuordnungstabelle Zuordnungsnummer="2768" KundEigtNr="1931" ObjektID="11189" ZuordnungsartID="5"/>
  <Zuordnungstabelle Zuordnungsnummer="2769" KundEigtNr="1931" ObjektID="11190" ZuordnungsartID="5"/>
  <Zuordnungstabelle Zuordnungsnummer="2770" KundEigtNr="1931" ObjektID="11191" ZuordnungsartID="5"/>
  <Zuordnungstabelle Zuordnungsnummer="2771" KundEigtNr="5151" ObjektID="11192" ZuordnungsartID="5"/>
  <Zuordnungstabelle Zuordnungsnummer="2772" KundEigtNr="5151" ObjektID="11193" ZuordnungsartID="5"/>
  <Zuordnungstabelle Zuordnungsnummer="2773" KundEigtNr="5151" ObjektID="11194" ZuordnungsartID="5"/>
  <Zuordnungstabelle Zuordnungsnummer="2774" KundEigtNr="5151" ObjektID="11195" ZuordnungsartID="5"/>
  <Zuordnungstabelle Zuordnungsnummer="2775" KundEigtNr="5151" ObjektID="11196" ZuordnungsartID="5"/>
  <Zuordnungstabelle Zuordnungsnummer="2776" KundEigtNr="5151" ObjektID="11197" ZuordnungsartID="5"/>
  <Zuordnungstabelle Zuordnungsnummer="2778" KundEigtNr="5151" ObjektID="11199" ZuordnungsartID="8"/>
  <Zuordnungstabelle Zuordnungsnummer="2779" KundEigtNr="5151" ObjektID="11200" ZuordnungsartID="5"/>
  <Zuordnungstabelle Zuordnungsnummer="2780" KundEigtNr="5151" ObjektID="11201" ZuordnungsartID="5"/>
  <Zuordnungstabelle Zuordnungsnummer="2781" KundEigtNr="3643" ObjektID="10246" ZuordnungsartID="5"/>
  <Zuordnungstabelle Zuordnungsnummer="2782" KundEigtNr="3643" ObjektID="1328" ZuordnungsartID="5"/>
  <Zuordnungstabelle Zuordnungsnummer="2783" KundEigtNr="3643" ObjektID="1329" ZuordnungsartID="5"/>
  <Zuordnungstabelle Zuordnungsnummer="2784" KundEigtNr="118" ObjektID="4309" ZuordnungsartID="5"/>
  <Zuordnungstabelle Zuordnungsnummer="2785" KundEigtNr="118" ObjektID="3780" ZuordnungsartID="5"/>
  <Zuordnungstabelle Zuordnungsnummer="2786" KundEigtNr="118" ObjektID="11202" ZuordnungsartID="5"/>
  <Zuordnungstabelle Zuordnungsnummer="2787" KundEigtNr="5152" ObjektID="11203" ZuordnungsartID="5"/>
  <Zuordnungstabelle Zuordnungsnummer="2788" KundEigtNr="5152" ObjektID="11204" ZuordnungsartID="5"/>
  <Zuordnungstabelle Zuordnungsnummer="2789" KundEigtNr="5152" ObjektID="11205" ZuordnungsartID="5"/>
  <Zuordnungstabelle Zuordnungsnummer="2790" KundEigtNr="5152" ObjektID="11206" ZuordnungsartID="5"/>
  <Zuordnungstabelle Zuordnungsnummer="2791" KundEigtNr="5152" ObjektID="11207" ZuordnungsartID="5"/>
  <Zuordnungstabelle Zuordnungsnummer="2792" KundEigtNr="5152" ObjektID="11208" ZuordnungsartID="5"/>
  <Zuordnungstabelle Zuordnungsnummer="2793" KundEigtNr="5152" ObjektID="11209" ZuordnungsartID="5"/>
  <Zuordnungstabelle Zuordnungsnummer="2794" KundEigtNr="5152" ObjektID="11210" ZuordnungsartID="5"/>
  <Zuordnungstabelle Zuordnungsnummer="2795" KundEigtNr="5152" ObjektID="11211" ZuordnungsartID="5"/>
  <Zuordnungstabelle Zuordnungsnummer="2796" KundEigtNr="5153" ObjektID="11212" ZuordnungsartID="5"/>
  <Zuordnungstabelle Zuordnungsnummer="2797" KundEigtNr="5153" ObjektID="11213" ZuordnungsartID="5"/>
  <Zuordnungstabelle Zuordnungsnummer="2798" KundEigtNr="5153" ObjektID="11214" ZuordnungsartID="5"/>
  <Zuordnungstabelle Zuordnungsnummer="2799" KundEigtNr="5153" ObjektID="11215" ZuordnungsartID="5"/>
  <Zuordnungstabelle Zuordnungsnummer="2800" KundEigtNr="5153" ObjektID="11216" ZuordnungsartID="5"/>
  <Zuordnungstabelle Zuordnungsnummer="2801" KundEigtNr="5154" ObjektID="11217" ZuordnungsartID="5"/>
  <Zuordnungstabelle Zuordnungsnummer="2802" KundEigtNr="5154" ObjektID="11218" ZuordnungsartID="5"/>
  <Zuordnungstabelle Zuordnungsnummer="2803" KundEigtNr="5154" ObjektID="11219" ZuordnungsartID="5"/>
  <Zuordnungstabelle Zuordnungsnummer="2804" KundEigtNr="5154" ObjektID="11220" ZuordnungsartID="5"/>
  <Zuordnungstabelle Zuordnungsnummer="2805" KundEigtNr="5154" ObjektID="11221" ZuordnungsartID="5"/>
  <Zuordnungstabelle Zuordnungsnummer="2806" KundEigtNr="5154" ObjektID="11222" ZuordnungsartID="5"/>
  <Zuordnungstabelle Zuordnungsnummer="2807" KundEigtNr="5154" ObjektID="11223" ZuordnungsartID="5"/>
  <Zuordnungstabelle Zuordnungsnummer="2808" KundEigtNr="5154" ObjektID="11224" ZuordnungsartID="5"/>
  <Zuordnungstabelle Zuordnungsnummer="2809" KundEigtNr="5154" ObjektID="11225" ZuordnungsartID="5"/>
  <Zuordnungstabelle Zuordnungsnummer="2810" KundEigtNr="5154" ObjektID="11226" ZuordnungsartID="5"/>
  <Zuordnungstabelle Zuordnungsnummer="2811" KundEigtNr="5154" ObjektID="11227" ZuordnungsartID="5"/>
  <Zuordnungstabelle Zuordnungsnummer="2812" KundEigtNr="5154" ObjektID="11228" ZuordnungsartID="5"/>
  <Zuordnungstabelle Zuordnungsnummer="2813" KundEigtNr="5154" ObjektID="11229" ZuordnungsartID="5"/>
  <Zuordnungstabelle Zuordnungsnummer="2814" KundEigtNr="5155" ObjektID="3208" ZuordnungsartID="5"/>
  <Zuordnungstabelle Zuordnungsnummer="2815" KundEigtNr="5155" ObjektID="3207" ZuordnungsartID="5"/>
  <Zuordnungstabelle Zuordnungsnummer="2816" KundEigtNr="5155" ObjektID="3206" ZuordnungsartID="5"/>
  <Zuordnungstabelle Zuordnungsnummer="2817" KundEigtNr="5155" ObjektID="3205" ZuordnungsartID="5"/>
  <Zuordnungstabelle Zuordnungsnummer="2818" KundEigtNr="240" ObjektID="5919" ZuordnungsartID="5"/>
  <Zuordnungstabelle Zuordnungsnummer="2819" KundEigtNr="240" ObjektID="11230" ZuordnungsartID="5"/>
  <Zuordnungstabelle Zuordnungsnummer="2820" KundEigtNr="240" ObjektID="11231" ZuordnungsartID="5"/>
  <Zuordnungstabelle Zuordnungsnummer="2821" KundEigtNr="240" ObjektID="11232" ZuordnungsartID="5"/>
  <Zuordnungstabelle Zuordnungsnummer="2822" KundEigtNr="240" ObjektID="11233" ZuordnungsartID="5"/>
  <Zuordnungstabelle Zuordnungsnummer="2823" KundEigtNr="240" ObjektID="11234" ZuordnungsartID="5"/>
  <Zuordnungstabelle Zuordnungsnummer="2824" KundEigtNr="240" ObjektID="11235" ZuordnungsartID="5"/>
  <Zuordnungstabelle Zuordnungsnummer="2825" KundEigtNr="240" ObjektID="11236" ZuordnungsartID="5"/>
  <Zuordnungstabelle Zuordnungsnummer="2826" KundEigtNr="240" ObjektID="11237" ZuordnungsartID="5"/>
  <Zuordnungstabelle Zuordnungsnummer="2827" KundEigtNr="240" ObjektID="11238" ZuordnungsartID="5"/>
  <Zuordnungstabelle Zuordnungsnummer="2828" KundEigtNr="240" ObjektID="11239" ZuordnungsartID="5"/>
  <Zuordnungstabelle Zuordnungsnummer="2829" KundEigtNr="240" ObjektID="11240" ZuordnungsartID="5"/>
  <Zuordnungstabelle Zuordnungsnummer="2830" KundEigtNr="240" ObjektID="11241" ZuordnungsartID="5"/>
  <Zuordnungstabelle Zuordnungsnummer="2831" KundEigtNr="240" ObjektID="11242" ZuordnungsartID="5"/>
  <Zuordnungstabelle Zuordnungsnummer="2832" KundEigtNr="240" ObjektID="11243" ZuordnungsartID="5"/>
  <Zuordnungstabelle Zuordnungsnummer="2833" KundEigtNr="240" ObjektID="11244" ZuordnungsartID="5"/>
  <Zuordnungstabelle Zuordnungsnummer="2834" KundEigtNr="240" ObjektID="11245" ZuordnungsartID="5"/>
  <Zuordnungstabelle Zuordnungsnummer="2835" KundEigtNr="240" ObjektID="11246" ZuordnungsartID="5"/>
  <Zuordnungstabelle Zuordnungsnummer="2836" KundEigtNr="240" ObjektID="11247" ZuordnungsartID="5"/>
  <Zuordnungstabelle Zuordnungsnummer="2837" KundEigtNr="240" ObjektID="11248" ZuordnungsartID="5"/>
  <Zuordnungstabelle Zuordnungsnummer="2838" KundEigtNr="240" ObjektID="11249" ZuordnungsartID="5"/>
  <Zuordnungstabelle Zuordnungsnummer="2839" KundEigtNr="240" ObjektID="11250" ZuordnungsartID="5"/>
  <Zuordnungstabelle Zuordnungsnummer="2840" KundEigtNr="240" ObjektID="11251" ZuordnungsartID="5"/>
  <Zuordnungstabelle Zuordnungsnummer="2841" KundEigtNr="240" ObjektID="11252" ZuordnungsartID="5"/>
  <Zuordnungstabelle Zuordnungsnummer="2842" KundEigtNr="240" ObjektID="11253" ZuordnungsartID="5"/>
  <Zuordnungstabelle Zuordnungsnummer="2843" KundEigtNr="240" ObjektID="11254" ZuordnungsartID="5"/>
  <Zuordnungstabelle Zuordnungsnummer="2844" KundEigtNr="240" ObjektID="11255" ZuordnungsartID="5"/>
  <Zuordnungstabelle Zuordnungsnummer="2845" KundEigtNr="240" ObjektID="11256" ZuordnungsartID="5"/>
  <Zuordnungstabelle Zuordnungsnummer="2846" KundEigtNr="240" ObjektID="11257" ZuordnungsartID="5"/>
  <Zuordnungstabelle Zuordnungsnummer="2847" KundEigtNr="240" ObjektID="11258" ZuordnungsartID="5"/>
  <Zuordnungstabelle Zuordnungsnummer="2848" KundEigtNr="240" ObjektID="11259" ZuordnungsartID="5"/>
  <Zuordnungstabelle Zuordnungsnummer="2849" KundEigtNr="240" ObjektID="11260" ZuordnungsartID="5"/>
  <Zuordnungstabelle Zuordnungsnummer="2850" KundEigtNr="240" ObjektID="11261" ZuordnungsartID="5"/>
  <Zuordnungstabelle Zuordnungsnummer="2851" KundEigtNr="240" ObjektID="11262" ZuordnungsartID="5"/>
  <Zuordnungstabelle Zuordnungsnummer="2852" KundEigtNr="240" ObjektID="11263" ZuordnungsartID="5"/>
  <Zuordnungstabelle Zuordnungsnummer="2853" KundEigtNr="240" ObjektID="11264" ZuordnungsartID="5"/>
  <Zuordnungstabelle Zuordnungsnummer="2854" KundEigtNr="240" ObjektID="11265" ZuordnungsartID="5"/>
  <Zuordnungstabelle Zuordnungsnummer="2855" KundEigtNr="240" ObjektID="11266" ZuordnungsartID="5"/>
  <Zuordnungstabelle Zuordnungsnummer="2856" KundEigtNr="240" ObjektID="11267" ZuordnungsartID="5"/>
  <Zuordnungstabelle Zuordnungsnummer="2857" KundEigtNr="240" ObjektID="11268" ZuordnungsartID="5"/>
  <Zuordnungstabelle Zuordnungsnummer="2858" KundEigtNr="240" ObjektID="11269" ZuordnungsartID="5"/>
  <Zuordnungstabelle Zuordnungsnummer="2859" KundEigtNr="240" ObjektID="11270" ZuordnungsartID="5"/>
  <Zuordnungstabelle Zuordnungsnummer="2860" KundEigtNr="240" ObjektID="11271" ZuordnungsartID="5"/>
  <Zuordnungstabelle Zuordnungsnummer="2861" KundEigtNr="240" ObjektID="11272" ZuordnungsartID="5"/>
  <Zuordnungstabelle Zuordnungsnummer="2862" KundEigtNr="240" ObjektID="11273" ZuordnungsartID="5"/>
  <Zuordnungstabelle Zuordnungsnummer="2863" KundEigtNr="240" ObjektID="11274" ZuordnungsartID="5"/>
  <Zuordnungstabelle Zuordnungsnummer="2864" KundEigtNr="240" ObjektID="11275" ZuordnungsartID="5"/>
  <Zuordnungstabelle Zuordnungsnummer="2865" KundEigtNr="240" ObjektID="11276" ZuordnungsartID="5"/>
  <Zuordnungstabelle Zuordnungsnummer="2866" KundEigtNr="240" ObjektID="11277" ZuordnungsartID="5"/>
  <Zuordnungstabelle Zuordnungsnummer="2867" KundEigtNr="240" ObjektID="11278" ZuordnungsartID="5"/>
  <Zuordnungstabelle Zuordnungsnummer="2868" KundEigtNr="240" ObjektID="11279" ZuordnungsartID="5"/>
  <Zuordnungstabelle Zuordnungsnummer="2869" KundEigtNr="240" ObjektID="11280" ZuordnungsartID="5"/>
  <Zuordnungstabelle Zuordnungsnummer="2870" KundEigtNr="240" ObjektID="11281" ZuordnungsartID="5"/>
  <Zuordnungstabelle Zuordnungsnummer="2871" KundEigtNr="240" ObjektID="11282" ZuordnungsartID="5"/>
  <Zuordnungstabelle Zuordnungsnummer="2872" KundEigtNr="240" ObjektID="11283" ZuordnungsartID="5"/>
  <Zuordnungstabelle Zuordnungsnummer="2873" KundEigtNr="240" ObjektID="11284" ZuordnungsartID="5"/>
  <Zuordnungstabelle Zuordnungsnummer="2874" KundEigtNr="240" ObjektID="11285" ZuordnungsartID="5"/>
  <Zuordnungstabelle Zuordnungsnummer="2875" KundEigtNr="240" ObjektID="11286" ZuordnungsartID="5"/>
  <Zuordnungstabelle Zuordnungsnummer="2876" KundEigtNr="240" ObjektID="11287" ZuordnungsartID="5"/>
  <Zuordnungstabelle Zuordnungsnummer="2877" KundEigtNr="240" ObjektID="11288" ZuordnungsartID="5"/>
  <Zuordnungstabelle Zuordnungsnummer="2878" KundEigtNr="240" ObjektID="11289" ZuordnungsartID="5"/>
  <Zuordnungstabelle Zuordnungsnummer="2879" KundEigtNr="240" ObjektID="11290" ZuordnungsartID="5"/>
  <Zuordnungstabelle Zuordnungsnummer="2880" KundEigtNr="48" ObjektID="11291" ZuordnungsartID="5"/>
  <Zuordnungstabelle Zuordnungsnummer="2881" KundEigtNr="48" ObjektID="11292" ZuordnungsartID="5"/>
  <Zuordnungstabelle Zuordnungsnummer="2882" KundEigtNr="48" ObjektID="11293" ZuordnungsartID="5"/>
  <Zuordnungstabelle Zuordnungsnummer="2883" KundEigtNr="48" ObjektID="11294" ZuordnungsartID="5"/>
  <Zuordnungstabelle Zuordnungsnummer="2884" KundEigtNr="48" ObjektID="11295" ZuordnungsartID="5"/>
  <Zuordnungstabelle Zuordnungsnummer="2885" KundEigtNr="48" ObjektID="11296" ZuordnungsartID="5"/>
  <Zuordnungstabelle Zuordnungsnummer="2886" KundEigtNr="48" ObjektID="2848" ZuordnungsartID="5"/>
  <Zuordnungstabelle Zuordnungsnummer="2887" KundEigtNr="48" ObjektID="11297" ZuordnungsartID="5"/>
  <Zuordnungstabelle Zuordnungsnummer="2888" KundEigtNr="48" ObjektID="11298" ZuordnungsartID="5"/>
  <Zuordnungstabelle Zuordnungsnummer="2889" KundEigtNr="48" ObjektID="11299" ZuordnungsartID="5"/>
  <Zuordnungstabelle Zuordnungsnummer="2890" KundEigtNr="48" ObjektID="11300" ZuordnungsartID="5"/>
  <Zuordnungstabelle Zuordnungsnummer="2891" KundEigtNr="48" ObjektID="11301" ZuordnungsartID="5"/>
  <Zuordnungstabelle Zuordnungsnummer="2892" KundEigtNr="48" ObjektID="11302" ZuordnungsartID="5"/>
  <Zuordnungstabelle Zuordnungsnummer="2893" KundEigtNr="48" ObjektID="11303" ZuordnungsartID="5"/>
  <Zuordnungstabelle Zuordnungsnummer="2894" KundEigtNr="48" ObjektID="11304" ZuordnungsartID="5"/>
  <Zuordnungstabelle Zuordnungsnummer="2895" KundEigtNr="164" ObjektID="11305" ZuordnungsartID="5"/>
  <Zuordnungstabelle Zuordnungsnummer="2896" KundEigtNr="164" ObjektID="11306" ZuordnungsartID="5"/>
  <Zuordnungstabelle Zuordnungsnummer="2897" KundEigtNr="164" ObjektID="11307" ZuordnungsartID="5"/>
  <Zuordnungstabelle Zuordnungsnummer="2898" KundEigtNr="164" ObjektID="11308" ZuordnungsartID="5"/>
  <Zuordnungstabelle Zuordnungsnummer="2899" KundEigtNr="164" ObjektID="11309" ZuordnungsartID="5"/>
  <Zuordnungstabelle Zuordnungsnummer="2900" KundEigtNr="164" ObjektID="11310" ZuordnungsartID="5"/>
  <Zuordnungstabelle Zuordnungsnummer="2901" KundEigtNr="164" ObjektID="11311" ZuordnungsartID="5"/>
  <Zuordnungstabelle Zuordnungsnummer="2902" KundEigtNr="164" ObjektID="11312" ZuordnungsartID="5"/>
  <Zuordnungstabelle Zuordnungsnummer="2903" KundEigtNr="164" ObjektID="11313" ZuordnungsartID="5"/>
  <Zuordnungstabelle Zuordnungsnummer="2904" KundEigtNr="164" ObjektID="11314" ZuordnungsartID="5"/>
  <Zuordnungstabelle Zuordnungsnummer="2905" KundEigtNr="164" ObjektID="11315" ZuordnungsartID="5"/>
  <Zuordnungstabelle Zuordnungsnummer="2906" KundEigtNr="164" ObjektID="11316" ZuordnungsartID="5"/>
  <Zuordnungstabelle Zuordnungsnummer="2907" KundEigtNr="164" ObjektID="11317" ZuordnungsartID="5"/>
  <Zuordnungstabelle Zuordnungsnummer="2908" KundEigtNr="164" ObjektID="11318" ZuordnungsartID="5"/>
  <Zuordnungstabelle Zuordnungsnummer="2909" KundEigtNr="164" ObjektID="11319" ZuordnungsartID="5"/>
  <Zuordnungstabelle Zuordnungsnummer="2910" KundEigtNr="164" ObjektID="11320" ZuordnungsartID="5"/>
  <Zuordnungstabelle Zuordnungsnummer="2911" KundEigtNr="164" ObjektID="11321" ZuordnungsartID="5"/>
  <Zuordnungstabelle Zuordnungsnummer="2912" KundEigtNr="164" ObjektID="11322" ZuordnungsartID="5"/>
  <Zuordnungstabelle Zuordnungsnummer="2913" KundEigtNr="164" ObjektID="11323" ZuordnungsartID="5"/>
  <Zuordnungstabelle Zuordnungsnummer="2914" KundEigtNr="164" ObjektID="11324" ZuordnungsartID="5"/>
  <Zuordnungstabelle Zuordnungsnummer="2915" KundEigtNr="164" ObjektID="11325" ZuordnungsartID="5"/>
  <Zuordnungstabelle Zuordnungsnummer="2916" KundEigtNr="164" ObjektID="11326" ZuordnungsartID="5"/>
  <Zuordnungstabelle Zuordnungsnummer="2917" KundEigtNr="164" ObjektID="11327" ZuordnungsartID="5"/>
  <Zuordnungstabelle Zuordnungsnummer="2918" KundEigtNr="164" ObjektID="11328" ZuordnungsartID="5"/>
  <Zuordnungstabelle Zuordnungsnummer="2919" KundEigtNr="164" ObjektID="11329" ZuordnungsartID="5"/>
  <Zuordnungstabelle Zuordnungsnummer="2920" KundEigtNr="164" ObjektID="11330" ZuordnungsartID="5"/>
  <Zuordnungstabelle Zuordnungsnummer="2921" KundEigtNr="164" ObjektID="11331" ZuordnungsartID="5"/>
  <Zuordnungstabelle Zuordnungsnummer="2922" KundEigtNr="164" ObjektID="11332" ZuordnungsartID="5"/>
  <Zuordnungstabelle Zuordnungsnummer="2923" KundEigtNr="164" ObjektID="11333" ZuordnungsartID="5"/>
  <Zuordnungstabelle Zuordnungsnummer="2924" KundEigtNr="164" ObjektID="11334" ZuordnungsartID="5"/>
  <Zuordnungstabelle Zuordnungsnummer="2925" KundEigtNr="164" ObjektID="11335" ZuordnungsartID="5"/>
  <Zuordnungstabelle Zuordnungsnummer="2926" KundEigtNr="164" ObjektID="11336" ZuordnungsartID="5"/>
  <Zuordnungstabelle Zuordnungsnummer="2927" KundEigtNr="164" ObjektID="11337" ZuordnungsartID="5"/>
  <Zuordnungstabelle Zuordnungsnummer="2928" KundEigtNr="164" ObjektID="11338" ZuordnungsartID="5"/>
  <Zuordnungstabelle Zuordnungsnummer="2929" KundEigtNr="164" ObjektID="11339" ZuordnungsartID="5"/>
  <Zuordnungstabelle Zuordnungsnummer="2930" KundEigtNr="164" ObjektID="11340" ZuordnungsartID="5"/>
  <Zuordnungstabelle Zuordnungsnummer="2931" KundEigtNr="164" ObjektID="11341" ZuordnungsartID="5"/>
  <Zuordnungstabelle Zuordnungsnummer="2932" KundEigtNr="164" ObjektID="3419" ZuordnungsartID="5"/>
  <Zuordnungstabelle Zuordnungsnummer="2933" KundEigtNr="164" ObjektID="11342" ZuordnungsartID="5"/>
  <Zuordnungstabelle Zuordnungsnummer="2934" KundEigtNr="164" ObjektID="11343" ZuordnungsartID="5"/>
  <Zuordnungstabelle Zuordnungsnummer="2935" KundEigtNr="164" ObjektID="11344" ZuordnungsartID="5"/>
  <Zuordnungstabelle Zuordnungsnummer="2936" KundEigtNr="164" ObjektID="11345" ZuordnungsartID="5"/>
  <Zuordnungstabelle Zuordnungsnummer="2937" KundEigtNr="164" ObjektID="11346" ZuordnungsartID="5"/>
  <Zuordnungstabelle Zuordnungsnummer="2938" KundEigtNr="164" ObjektID="11347" ZuordnungsartID="5"/>
  <Zuordnungstabelle Zuordnungsnummer="2939" KundEigtNr="164" ObjektID="11348" ZuordnungsartID="5"/>
  <Zuordnungstabelle Zuordnungsnummer="2940" KundEigtNr="164" ObjektID="11349" ZuordnungsartID="5"/>
  <Zuordnungstabelle Zuordnungsnummer="2941" KundEigtNr="164" ObjektID="11350" ZuordnungsartID="5"/>
  <Zuordnungstabelle Zuordnungsnummer="2942" KundEigtNr="164" ObjektID="11351" ZuordnungsartID="5"/>
  <Zuordnungstabelle Zuordnungsnummer="2943" KundEigtNr="164" ObjektID="11352" ZuordnungsartID="5"/>
  <Zuordnungstabelle Zuordnungsnummer="2944" KundEigtNr="164" ObjektID="11353" ZuordnungsartID="5"/>
  <Zuordnungstabelle Zuordnungsnummer="2945" KundEigtNr="164" ObjektID="11354" ZuordnungsartID="5"/>
  <Zuordnungstabelle Zuordnungsnummer="2946" KundEigtNr="164" ObjektID="11355" ZuordnungsartID="5"/>
  <Zuordnungstabelle Zuordnungsnummer="2947" KundEigtNr="164" ObjektID="11356" ZuordnungsartID="5"/>
  <Zuordnungstabelle Zuordnungsnummer="2948" KundEigtNr="164" ObjektID="11357" ZuordnungsartID="5"/>
  <Zuordnungstabelle Zuordnungsnummer="2949" KundEigtNr="164" ObjektID="11358" ZuordnungsartID="5"/>
  <Zuordnungstabelle Zuordnungsnummer="2950" KundEigtNr="164" ObjektID="11359" ZuordnungsartID="5"/>
  <Zuordnungstabelle Zuordnungsnummer="2951" KundEigtNr="164" ObjektID="11360" ZuordnungsartID="5"/>
  <Zuordnungstabelle Zuordnungsnummer="2952" KundEigtNr="164" ObjektID="11361" ZuordnungsartID="5"/>
  <Zuordnungstabelle Zuordnungsnummer="2953" KundEigtNr="164" ObjektID="11362" ZuordnungsartID="5"/>
  <Zuordnungstabelle Zuordnungsnummer="2954" KundEigtNr="164" ObjektID="11363" ZuordnungsartID="5"/>
  <Zuordnungstabelle Zuordnungsnummer="2955" KundEigtNr="164" ObjektID="11364" ZuordnungsartID="5"/>
  <Zuordnungstabelle Zuordnungsnummer="2956" KundEigtNr="164" ObjektID="11365" ZuordnungsartID="5"/>
  <Zuordnungstabelle Zuordnungsnummer="2957" KundEigtNr="164" ObjektID="11366" ZuordnungsartID="5"/>
  <Zuordnungstabelle Zuordnungsnummer="2958" KundEigtNr="164" ObjektID="11367" ZuordnungsartID="5"/>
  <Zuordnungstabelle Zuordnungsnummer="2959" KundEigtNr="164" ObjektID="11368" ZuordnungsartID="5"/>
  <Zuordnungstabelle Zuordnungsnummer="2960" KundEigtNr="164" ObjektID="11369" ZuordnungsartID="5"/>
  <Zuordnungstabelle Zuordnungsnummer="2961" KundEigtNr="164" ObjektID="11370" ZuordnungsartID="5"/>
  <Zuordnungstabelle Zuordnungsnummer="2962" KundEigtNr="164" ObjektID="11371" ZuordnungsartID="5"/>
  <Zuordnungstabelle Zuordnungsnummer="2963" KundEigtNr="164" ObjektID="11372" ZuordnungsartID="5"/>
  <Zuordnungstabelle Zuordnungsnummer="2964" KundEigtNr="164" ObjektID="11373" ZuordnungsartID="5"/>
  <Zuordnungstabelle Zuordnungsnummer="2965" KundEigtNr="164" ObjektID="11374" ZuordnungsartID="5"/>
  <Zuordnungstabelle Zuordnungsnummer="2966" KundEigtNr="164" ObjektID="11375" ZuordnungsartID="5"/>
  <Zuordnungstabelle Zuordnungsnummer="2967" KundEigtNr="164" ObjektID="11376" ZuordnungsartID="5"/>
  <Zuordnungstabelle Zuordnungsnummer="2968" KundEigtNr="164" ObjektID="11377" ZuordnungsartID="5"/>
  <Zuordnungstabelle Zuordnungsnummer="2969" KundEigtNr="164" ObjektID="11378" ZuordnungsartID="5"/>
  <Zuordnungstabelle Zuordnungsnummer="2970" KundEigtNr="164" ObjektID="11379" ZuordnungsartID="5"/>
  <Zuordnungstabelle Zuordnungsnummer="2971" KundEigtNr="164" ObjektID="11380" ZuordnungsartID="5"/>
  <Zuordnungstabelle Zuordnungsnummer="2972" KundEigtNr="164" ObjektID="11381" ZuordnungsartID="5"/>
  <Zuordnungstabelle Zuordnungsnummer="2973" KundEigtNr="164" ObjektID="11382" ZuordnungsartID="5"/>
  <Zuordnungstabelle Zuordnungsnummer="2974" KundEigtNr="164" ObjektID="11383" ZuordnungsartID="5"/>
  <Zuordnungstabelle Zuordnungsnummer="2975" KundEigtNr="164" ObjektID="11384" ZuordnungsartID="5"/>
  <Zuordnungstabelle Zuordnungsnummer="2976" KundEigtNr="164" ObjektID="11385" ZuordnungsartID="5"/>
  <Zuordnungstabelle Zuordnungsnummer="2977" KundEigtNr="164" ObjektID="11386" ZuordnungsartID="5"/>
  <Zuordnungstabelle Zuordnungsnummer="2978" KundEigtNr="164" ObjektID="11387" ZuordnungsartID="5"/>
  <Zuordnungstabelle Zuordnungsnummer="2979" KundEigtNr="164" ObjektID="11388" ZuordnungsartID="5"/>
  <Zuordnungstabelle Zuordnungsnummer="2980" KundEigtNr="164" ObjektID="11389" ZuordnungsartID="5"/>
  <Zuordnungstabelle Zuordnungsnummer="2981" KundEigtNr="164" ObjektID="11390" ZuordnungsartID="5"/>
  <Zuordnungstabelle Zuordnungsnummer="2982" KundEigtNr="164" ObjektID="4493" ZuordnungsartID="5"/>
  <Zuordnungstabelle Zuordnungsnummer="2983" KundEigtNr="164" ObjektID="11391" ZuordnungsartID="5"/>
  <Zuordnungstabelle Zuordnungsnummer="2984" KundEigtNr="164" ObjektID="11392" ZuordnungsartID="5"/>
  <Zuordnungstabelle Zuordnungsnummer="2985" KundEigtNr="164" ObjektID="11393" ZuordnungsartID="5"/>
  <Zuordnungstabelle Zuordnungsnummer="2986" KundEigtNr="164" ObjektID="11394" ZuordnungsartID="5"/>
  <Zuordnungstabelle Zuordnungsnummer="2987" KundEigtNr="164" ObjektID="11395" ZuordnungsartID="5"/>
  <Zuordnungstabelle Zuordnungsnummer="2988" KundEigtNr="164" ObjektID="11396" ZuordnungsartID="5"/>
  <Zuordnungstabelle Zuordnungsnummer="2989" KundEigtNr="164" ObjektID="11397" ZuordnungsartID="5"/>
  <Zuordnungstabelle Zuordnungsnummer="2990" KundEigtNr="164" ObjektID="11398" ZuordnungsartID="5"/>
  <Zuordnungstabelle Zuordnungsnummer="2991" KundEigtNr="164" ObjektID="11399" ZuordnungsartID="5"/>
  <Zuordnungstabelle Zuordnungsnummer="2992" KundEigtNr="164" ObjektID="11400" ZuordnungsartID="5"/>
  <Zuordnungstabelle Zuordnungsnummer="2993" KundEigtNr="164" ObjektID="11401" ZuordnungsartID="5"/>
  <Zuordnungstabelle Zuordnungsnummer="2994" KundEigtNr="164" ObjektID="11402" ZuordnungsartID="5"/>
  <Zuordnungstabelle Zuordnungsnummer="2995" KundEigtNr="164" ObjektID="11403" ZuordnungsartID="5"/>
  <Zuordnungstabelle Zuordnungsnummer="2996" KundEigtNr="164" ObjektID="11404" ZuordnungsartID="5"/>
  <Zuordnungstabelle Zuordnungsnummer="2997" KundEigtNr="164" ObjektID="11405" ZuordnungsartID="5"/>
  <Zuordnungstabelle Zuordnungsnummer="2998" KundEigtNr="164" ObjektID="11406" ZuordnungsartID="5"/>
  <Zuordnungstabelle Zuordnungsnummer="2999" KundEigtNr="164" ObjektID="11407" ZuordnungsartID="5"/>
  <Zuordnungstabelle Zuordnungsnummer="3000" KundEigtNr="164" ObjektID="11408" ZuordnungsartID="5"/>
  <Zuordnungstabelle Zuordnungsnummer="3001" KundEigtNr="164" ObjektID="11409" ZuordnungsartID="5"/>
  <Zuordnungstabelle Zuordnungsnummer="3002" KundEigtNr="164" ObjektID="11410" ZuordnungsartID="5"/>
  <Zuordnungstabelle Zuordnungsnummer="3003" KundEigtNr="164" ObjektID="11411" ZuordnungsartID="5"/>
  <Zuordnungstabelle Zuordnungsnummer="3004" KundEigtNr="164" ObjektID="11412" ZuordnungsartID="5"/>
  <Zuordnungstabelle Zuordnungsnummer="3005" KundEigtNr="164" ObjektID="11413" ZuordnungsartID="5"/>
  <Zuordnungstabelle Zuordnungsnummer="3006" KundEigtNr="164" ObjektID="11414" ZuordnungsartID="5"/>
  <Zuordnungstabelle Zuordnungsnummer="3007" KundEigtNr="164" ObjektID="11415" ZuordnungsartID="5"/>
  <Zuordnungstabelle Zuordnungsnummer="3008" KundEigtNr="164" ObjektID="11416" ZuordnungsartID="5"/>
  <Zuordnungstabelle Zuordnungsnummer="3009" KundEigtNr="164" ObjektID="11417" ZuordnungsartID="5"/>
  <Zuordnungstabelle Zuordnungsnummer="3010" KundEigtNr="164" ObjektID="11418" ZuordnungsartID="5"/>
  <Zuordnungstabelle Zuordnungsnummer="3011" KundEigtNr="164" ObjektID="11419" ZuordnungsartID="5"/>
  <Zuordnungstabelle Zuordnungsnummer="3012" KundEigtNr="164" ObjektID="11420" ZuordnungsartID="5"/>
  <Zuordnungstabelle Zuordnungsnummer="3013" KundEigtNr="164" ObjektID="11421" ZuordnungsartID="5"/>
  <Zuordnungstabelle Zuordnungsnummer="3014" KundEigtNr="164" ObjektID="11422" ZuordnungsartID="5"/>
  <Zuordnungstabelle Zuordnungsnummer="3015" KundEigtNr="164" ObjektID="11423" ZuordnungsartID="5"/>
  <Zuordnungstabelle Zuordnungsnummer="3016" KundEigtNr="164" ObjektID="11424" ZuordnungsartID="5"/>
  <Zuordnungstabelle Zuordnungsnummer="3017" KundEigtNr="164" ObjektID="11425" ZuordnungsartID="5"/>
  <Zuordnungstabelle Zuordnungsnummer="3018" KundEigtNr="164" ObjektID="11426" ZuordnungsartID="5"/>
  <Zuordnungstabelle Zuordnungsnummer="3019" KundEigtNr="164" ObjektID="11427" ZuordnungsartID="5"/>
  <Zuordnungstabelle Zuordnungsnummer="3020" KundEigtNr="164" ObjektID="11428" ZuordnungsartID="5"/>
  <Zuordnungstabelle Zuordnungsnummer="3021" KundEigtNr="164" ObjektID="11429" ZuordnungsartID="5"/>
  <Zuordnungstabelle Zuordnungsnummer="3022" KundEigtNr="164" ObjektID="11430" ZuordnungsartID="5"/>
  <Zuordnungstabelle Zuordnungsnummer="3023" KundEigtNr="164" ObjektID="11431" ZuordnungsartID="5"/>
  <Zuordnungstabelle Zuordnungsnummer="3024" KundEigtNr="164" ObjektID="11432" ZuordnungsartID="5"/>
  <Zuordnungstabelle Zuordnungsnummer="3025" KundEigtNr="164" ObjektID="11433" ZuordnungsartID="5"/>
  <Zuordnungstabelle Zuordnungsnummer="3026" KundEigtNr="164" ObjektID="11434" ZuordnungsartID="5"/>
  <Zuordnungstabelle Zuordnungsnummer="3027" KundEigtNr="164" ObjektID="11435" ZuordnungsartID="5"/>
  <Zuordnungstabelle Zuordnungsnummer="3028" KundEigtNr="164" ObjektID="11436" ZuordnungsartID="5"/>
  <Zuordnungstabelle Zuordnungsnummer="3029" KundEigtNr="164" ObjektID="11437" ZuordnungsartID="5"/>
  <Zuordnungstabelle Zuordnungsnummer="3030" KundEigtNr="164" ObjektID="11438" ZuordnungsartID="5"/>
  <Zuordnungstabelle Zuordnungsnummer="3031" KundEigtNr="164" ObjektID="11439" ZuordnungsartID="5"/>
  <Zuordnungstabelle Zuordnungsnummer="3032" KundEigtNr="164" ObjektID="11440" ZuordnungsartID="5"/>
  <Zuordnungstabelle Zuordnungsnummer="3033" KundEigtNr="164" ObjektID="11441" ZuordnungsartID="5"/>
  <Zuordnungstabelle Zuordnungsnummer="3034" KundEigtNr="164" ObjektID="11442" ZuordnungsartID="5"/>
  <Zuordnungstabelle Zuordnungsnummer="3035" KundEigtNr="164" ObjektID="11443" ZuordnungsartID="5"/>
  <Zuordnungstabelle Zuordnungsnummer="3036" KundEigtNr="164" ObjektID="11444" ZuordnungsartID="5"/>
  <Zuordnungstabelle Zuordnungsnummer="3037" KundEigtNr="164" ObjektID="11445" ZuordnungsartID="5"/>
  <Zuordnungstabelle Zuordnungsnummer="3038" KundEigtNr="164" ObjektID="11446" ZuordnungsartID="5"/>
  <Zuordnungstabelle Zuordnungsnummer="3039" KundEigtNr="164" ObjektID="11447" ZuordnungsartID="5"/>
  <Zuordnungstabelle Zuordnungsnummer="3040" KundEigtNr="164" ObjektID="11448" ZuordnungsartID="5"/>
  <Zuordnungstabelle Zuordnungsnummer="3041" KundEigtNr="164" ObjektID="11449" ZuordnungsartID="5"/>
  <Zuordnungstabelle Zuordnungsnummer="3042" KundEigtNr="164" ObjektID="11450" ZuordnungsartID="5"/>
  <Zuordnungstabelle Zuordnungsnummer="3043" KundEigtNr="164" ObjektID="11451" ZuordnungsartID="5"/>
  <Zuordnungstabelle Zuordnungsnummer="3044" KundEigtNr="164" ObjektID="11452" ZuordnungsartID="5"/>
  <Zuordnungstabelle Zuordnungsnummer="3045" KundEigtNr="164" ObjektID="11453" ZuordnungsartID="5"/>
  <Zuordnungstabelle Zuordnungsnummer="3046" KundEigtNr="164" ObjektID="11454" ZuordnungsartID="5"/>
  <Zuordnungstabelle Zuordnungsnummer="3047" KundEigtNr="164" ObjektID="11455" ZuordnungsartID="5"/>
  <Zuordnungstabelle Zuordnungsnummer="3048" KundEigtNr="164" ObjektID="11456" ZuordnungsartID="5"/>
  <Zuordnungstabelle Zuordnungsnummer="3049" KundEigtNr="164" ObjektID="11457" ZuordnungsartID="5"/>
  <Zuordnungstabelle Zuordnungsnummer="3050" KundEigtNr="164" ObjektID="11458" ZuordnungsartID="5"/>
  <Zuordnungstabelle Zuordnungsnummer="3051" KundEigtNr="164" ObjektID="11459" ZuordnungsartID="5"/>
  <Zuordnungstabelle Zuordnungsnummer="3052" KundEigtNr="164" ObjektID="11460" ZuordnungsartID="5"/>
  <Zuordnungstabelle Zuordnungsnummer="3053" KundEigtNr="164" ObjektID="11461" ZuordnungsartID="5"/>
  <Zuordnungstabelle Zuordnungsnummer="3054" KundEigtNr="164" ObjektID="11462" ZuordnungsartID="5"/>
  <Zuordnungstabelle Zuordnungsnummer="3055" KundEigtNr="164" ObjektID="11463" ZuordnungsartID="5"/>
  <Zuordnungstabelle Zuordnungsnummer="3056" KundEigtNr="164" ObjektID="11464" ZuordnungsartID="5"/>
  <Zuordnungstabelle Zuordnungsnummer="3057" KundEigtNr="164" ObjektID="11465" ZuordnungsartID="5"/>
  <Zuordnungstabelle Zuordnungsnummer="3058" KundEigtNr="164" ObjektID="11466" ZuordnungsartID="5"/>
  <Zuordnungstabelle Zuordnungsnummer="3059" KundEigtNr="164" ObjektID="11467" ZuordnungsartID="5"/>
  <Zuordnungstabelle Zuordnungsnummer="3060" KundEigtNr="164" ObjektID="11468" ZuordnungsartID="5"/>
  <Zuordnungstabelle Zuordnungsnummer="3061" KundEigtNr="164" ObjektID="11469" ZuordnungsartID="5"/>
  <Zuordnungstabelle Zuordnungsnummer="3062" KundEigtNr="164" ObjektID="11470" ZuordnungsartID="5"/>
  <Zuordnungstabelle Zuordnungsnummer="3063" KundEigtNr="164" ObjektID="11471" ZuordnungsartID="5"/>
  <Zuordnungstabelle Zuordnungsnummer="3064" KundEigtNr="164" ObjektID="11472" ZuordnungsartID="5"/>
  <Zuordnungstabelle Zuordnungsnummer="3065" KundEigtNr="164" ObjektID="11473" ZuordnungsartID="5"/>
  <Zuordnungstabelle Zuordnungsnummer="3066" KundEigtNr="164" ObjektID="11474" ZuordnungsartID="5"/>
  <Zuordnungstabelle Zuordnungsnummer="3067" KundEigtNr="164" ObjektID="11475" ZuordnungsartID="5"/>
  <Zuordnungstabelle Zuordnungsnummer="3068" KundEigtNr="164" ObjektID="11476" ZuordnungsartID="5"/>
  <Zuordnungstabelle Zuordnungsnummer="3069" KundEigtNr="164" ObjektID="11477" ZuordnungsartID="5"/>
  <Zuordnungstabelle Zuordnungsnummer="3070" KundEigtNr="164" ObjektID="11478" ZuordnungsartID="5"/>
  <Zuordnungstabelle Zuordnungsnummer="3071" KundEigtNr="164" ObjektID="11479" ZuordnungsartID="5"/>
  <Zuordnungstabelle Zuordnungsnummer="3072" KundEigtNr="164" ObjektID="11480" ZuordnungsartID="5"/>
  <Zuordnungstabelle Zuordnungsnummer="3073" KundEigtNr="164" ObjektID="11481" ZuordnungsartID="5"/>
  <Zuordnungstabelle Zuordnungsnummer="3074" KundEigtNr="164" ObjektID="11482" ZuordnungsartID="5"/>
  <Zuordnungstabelle Zuordnungsnummer="3075" KundEigtNr="164" ObjektID="11483" ZuordnungsartID="5"/>
  <Zuordnungstabelle Zuordnungsnummer="3076" KundEigtNr="164" ObjektID="11484" ZuordnungsartID="5"/>
  <Zuordnungstabelle Zuordnungsnummer="3077" KundEigtNr="164" ObjektID="11485" ZuordnungsartID="5"/>
  <Zuordnungstabelle Zuordnungsnummer="3078" KundEigtNr="164" ObjektID="11486" ZuordnungsartID="5"/>
  <Zuordnungstabelle Zuordnungsnummer="3079" KundEigtNr="164" ObjektID="11487" ZuordnungsartID="5"/>
  <Zuordnungstabelle Zuordnungsnummer="3080" KundEigtNr="164" ObjektID="11488" ZuordnungsartID="5"/>
  <Zuordnungstabelle Zuordnungsnummer="3081" KundEigtNr="164" ObjektID="11489" ZuordnungsartID="5"/>
  <Zuordnungstabelle Zuordnungsnummer="3082" KundEigtNr="164" ObjektID="11490" ZuordnungsartID="5"/>
  <Zuordnungstabelle Zuordnungsnummer="3083" KundEigtNr="164" ObjektID="11491" ZuordnungsartID="5"/>
  <Zuordnungstabelle Zuordnungsnummer="3084" KundEigtNr="164" ObjektID="11492" ZuordnungsartID="5"/>
  <Zuordnungstabelle Zuordnungsnummer="3085" KundEigtNr="164" ObjektID="11493" ZuordnungsartID="5"/>
  <Zuordnungstabelle Zuordnungsnummer="3086" KundEigtNr="164" ObjektID="11494" ZuordnungsartID="5"/>
  <Zuordnungstabelle Zuordnungsnummer="3087" KundEigtNr="164" ObjektID="11495" ZuordnungsartID="5"/>
  <Zuordnungstabelle Zuordnungsnummer="3088" KundEigtNr="164" ObjektID="11496" ZuordnungsartID="5"/>
  <Zuordnungstabelle Zuordnungsnummer="3089" KundEigtNr="164" ObjektID="11497" ZuordnungsartID="5"/>
  <Zuordnungstabelle Zuordnungsnummer="3090" KundEigtNr="164" ObjektID="11498" ZuordnungsartID="5"/>
  <Zuordnungstabelle Zuordnungsnummer="3091" KundEigtNr="164" ObjektID="11499" ZuordnungsartID="5"/>
  <Zuordnungstabelle Zuordnungsnummer="3092" KundEigtNr="164" ObjektID="11500" ZuordnungsartID="5"/>
  <Zuordnungstabelle Zuordnungsnummer="3093" KundEigtNr="164" ObjektID="11501" ZuordnungsartID="5"/>
  <Zuordnungstabelle Zuordnungsnummer="3094" KundEigtNr="164" ObjektID="11502" ZuordnungsartID="5"/>
  <Zuordnungstabelle Zuordnungsnummer="3095" KundEigtNr="164" ObjektID="11503" ZuordnungsartID="5"/>
  <Zuordnungstabelle Zuordnungsnummer="3096" KundEigtNr="164" ObjektID="11504" ZuordnungsartID="5"/>
  <Zuordnungstabelle Zuordnungsnummer="3097" KundEigtNr="164" ObjektID="11505" ZuordnungsartID="5"/>
  <Zuordnungstabelle Zuordnungsnummer="3098" KundEigtNr="164" ObjektID="11506" ZuordnungsartID="5"/>
  <Zuordnungstabelle Zuordnungsnummer="3099" KundEigtNr="164" ObjektID="11507" ZuordnungsartID="5"/>
  <Zuordnungstabelle Zuordnungsnummer="3100" KundEigtNr="164" ObjektID="11508" ZuordnungsartID="5"/>
  <Zuordnungstabelle Zuordnungsnummer="3101" KundEigtNr="164" ObjektID="11509" ZuordnungsartID="5"/>
  <Zuordnungstabelle Zuordnungsnummer="3102" KundEigtNr="164" ObjektID="11510" ZuordnungsartID="5"/>
  <Zuordnungstabelle Zuordnungsnummer="3103" KundEigtNr="164" ObjektID="11511" ZuordnungsartID="5"/>
  <Zuordnungstabelle Zuordnungsnummer="3104" KundEigtNr="164" ObjektID="11512" ZuordnungsartID="5"/>
  <Zuordnungstabelle Zuordnungsnummer="3105" KundEigtNr="164" ObjektID="11513" ZuordnungsartID="5"/>
  <Zuordnungstabelle Zuordnungsnummer="3106" KundEigtNr="164" ObjektID="11514" ZuordnungsartID="5"/>
  <Zuordnungstabelle Zuordnungsnummer="3107" KundEigtNr="164" ObjektID="11515" ZuordnungsartID="5"/>
  <Zuordnungstabelle Zuordnungsnummer="3108" KundEigtNr="164" ObjektID="11516" ZuordnungsartID="5"/>
  <Zuordnungstabelle Zuordnungsnummer="3109" KundEigtNr="164" ObjektID="11517" ZuordnungsartID="5"/>
  <Zuordnungstabelle Zuordnungsnummer="3110" KundEigtNr="164" ObjektID="11518" ZuordnungsartID="5"/>
  <Zuordnungstabelle Zuordnungsnummer="3111" KundEigtNr="164" ObjektID="11519" ZuordnungsartID="5"/>
  <Zuordnungstabelle Zuordnungsnummer="3112" KundEigtNr="164" ObjektID="11520" ZuordnungsartID="5"/>
  <Zuordnungstabelle Zuordnungsnummer="3113" KundEigtNr="164" ObjektID="11521" ZuordnungsartID="5"/>
  <Zuordnungstabelle Zuordnungsnummer="3114" KundEigtNr="164" ObjektID="11522" ZuordnungsartID="5"/>
  <Zuordnungstabelle Zuordnungsnummer="3115" KundEigtNr="164" ObjektID="11523" ZuordnungsartID="5"/>
  <Zuordnungstabelle Zuordnungsnummer="3116" KundEigtNr="164" ObjektID="11524" ZuordnungsartID="5"/>
  <Zuordnungstabelle Zuordnungsnummer="3117" KundEigtNr="164" ObjektID="11525" ZuordnungsartID="5"/>
  <Zuordnungstabelle Zuordnungsnummer="3118" KundEigtNr="164" ObjektID="11526" ZuordnungsartID="5"/>
  <Zuordnungstabelle Zuordnungsnummer="3119" KundEigtNr="164" ObjektID="11527" ZuordnungsartID="5"/>
  <Zuordnungstabelle Zuordnungsnummer="3120" KundEigtNr="164" ObjektID="11528" ZuordnungsartID="5"/>
  <Zuordnungstabelle Zuordnungsnummer="3121" KundEigtNr="164" ObjektID="11529" ZuordnungsartID="5"/>
  <Zuordnungstabelle Zuordnungsnummer="3122" KundEigtNr="164" ObjektID="11530" ZuordnungsartID="5"/>
  <Zuordnungstabelle Zuordnungsnummer="3123" KundEigtNr="164" ObjektID="11531" ZuordnungsartID="5"/>
  <Zuordnungstabelle Zuordnungsnummer="3124" KundEigtNr="164" ObjektID="11532" ZuordnungsartID="5"/>
  <Zuordnungstabelle Zuordnungsnummer="3125" KundEigtNr="164" ObjektID="11533" ZuordnungsartID="5"/>
  <Zuordnungstabelle Zuordnungsnummer="3126" KundEigtNr="164" ObjektID="11534" ZuordnungsartID="5"/>
  <Zuordnungstabelle Zuordnungsnummer="3127" KundEigtNr="164" ObjektID="11535" ZuordnungsartID="5"/>
  <Zuordnungstabelle Zuordnungsnummer="3128" KundEigtNr="164" ObjektID="11536" ZuordnungsartID="5"/>
  <Zuordnungstabelle Zuordnungsnummer="3129" KundEigtNr="164" ObjektID="11537" ZuordnungsartID="5"/>
  <Zuordnungstabelle Zuordnungsnummer="3130" KundEigtNr="164" ObjektID="11538" ZuordnungsartID="5"/>
  <Zuordnungstabelle Zuordnungsnummer="3131" KundEigtNr="164" ObjektID="11539" ZuordnungsartID="5"/>
  <Zuordnungstabelle Zuordnungsnummer="3132" KundEigtNr="164" ObjektID="11540" ZuordnungsartID="5"/>
  <Zuordnungstabelle Zuordnungsnummer="3133" KundEigtNr="164" ObjektID="11541" ZuordnungsartID="5"/>
  <Zuordnungstabelle Zuordnungsnummer="3134" KundEigtNr="164" ObjektID="11542" ZuordnungsartID="5"/>
  <Zuordnungstabelle Zuordnungsnummer="3135" KundEigtNr="164" ObjektID="11543" ZuordnungsartID="5"/>
  <Zuordnungstabelle Zuordnungsnummer="3136" KundEigtNr="164" ObjektID="11544" ZuordnungsartID="5"/>
  <Zuordnungstabelle Zuordnungsnummer="3137" KundEigtNr="164" ObjektID="11545" ZuordnungsartID="5"/>
  <Zuordnungstabelle Zuordnungsnummer="3138" KundEigtNr="164" ObjektID="11546" ZuordnungsartID="5"/>
  <Zuordnungstabelle Zuordnungsnummer="3139" KundEigtNr="164" ObjektID="11547" ZuordnungsartID="5"/>
  <Zuordnungstabelle Zuordnungsnummer="3140" KundEigtNr="164" ObjektID="11548" ZuordnungsartID="5"/>
  <Zuordnungstabelle Zuordnungsnummer="3141" KundEigtNr="164" ObjektID="11549" ZuordnungsartID="5"/>
  <Zuordnungstabelle Zuordnungsnummer="3142" KundEigtNr="164" ObjektID="11550" ZuordnungsartID="5"/>
  <Zuordnungstabelle Zuordnungsnummer="3143" KundEigtNr="164" ObjektID="11551" ZuordnungsartID="5"/>
  <Zuordnungstabelle Zuordnungsnummer="3144" KundEigtNr="164" ObjektID="11552" ZuordnungsartID="5"/>
  <Zuordnungstabelle Zuordnungsnummer="3145" KundEigtNr="164" ObjektID="11553" ZuordnungsartID="5"/>
  <Zuordnungstabelle Zuordnungsnummer="3146" KundEigtNr="164" ObjektID="11554" ZuordnungsartID="5"/>
  <Zuordnungstabelle Zuordnungsnummer="3147" KundEigtNr="164" ObjektID="11555" ZuordnungsartID="5"/>
  <Zuordnungstabelle Zuordnungsnummer="3148" KundEigtNr="164" ObjektID="11556" ZuordnungsartID="5"/>
  <Zuordnungstabelle Zuordnungsnummer="3149" KundEigtNr="164" ObjektID="11557" ZuordnungsartID="5"/>
  <Zuordnungstabelle Zuordnungsnummer="3150" KundEigtNr="164" ObjektID="11558" ZuordnungsartID="5"/>
  <Zuordnungstabelle Zuordnungsnummer="3151" KundEigtNr="164" ObjektID="11559" ZuordnungsartID="5"/>
  <Zuordnungstabelle Zuordnungsnummer="3152" KundEigtNr="164" ObjektID="11560" ZuordnungsartID="5"/>
  <Zuordnungstabelle Zuordnungsnummer="3153" KundEigtNr="164" ObjektID="11561" ZuordnungsartID="5"/>
  <Zuordnungstabelle Zuordnungsnummer="3154" KundEigtNr="164" ObjektID="11562" ZuordnungsartID="5"/>
  <Zuordnungstabelle Zuordnungsnummer="3155" KundEigtNr="164" ObjektID="11563" ZuordnungsartID="5"/>
  <Zuordnungstabelle Zuordnungsnummer="3156" KundEigtNr="164" ObjektID="11564" ZuordnungsartID="5"/>
  <Zuordnungstabelle Zuordnungsnummer="3157" KundEigtNr="164" ObjektID="11565" ZuordnungsartID="5"/>
  <Zuordnungstabelle Zuordnungsnummer="3158" KundEigtNr="164" ObjektID="11566" ZuordnungsartID="5"/>
  <Zuordnungstabelle Zuordnungsnummer="3159" KundEigtNr="164" ObjektID="11567" ZuordnungsartID="5"/>
  <Zuordnungstabelle Zuordnungsnummer="3160" KundEigtNr="164" ObjektID="11568" ZuordnungsartID="5"/>
  <Zuordnungstabelle Zuordnungsnummer="3161" KundEigtNr="164" ObjektID="11569" ZuordnungsartID="5"/>
  <Zuordnungstabelle Zuordnungsnummer="3162" KundEigtNr="164" ObjektID="11570" ZuordnungsartID="5"/>
  <Zuordnungstabelle Zuordnungsnummer="3163" KundEigtNr="164" ObjektID="11571" ZuordnungsartID="5"/>
  <Zuordnungstabelle Zuordnungsnummer="3164" KundEigtNr="164" ObjektID="11572" ZuordnungsartID="5"/>
  <Zuordnungstabelle Zuordnungsnummer="3165" KundEigtNr="164" ObjektID="11573" ZuordnungsartID="5"/>
  <Zuordnungstabelle Zuordnungsnummer="3166" KundEigtNr="164" ObjektID="11574" ZuordnungsartID="5"/>
  <Zuordnungstabelle Zuordnungsnummer="3167" KundEigtNr="164" ObjektID="11575" ZuordnungsartID="5"/>
  <Zuordnungstabelle Zuordnungsnummer="3168" KundEigtNr="164" ObjektID="11576" ZuordnungsartID="5"/>
  <Zuordnungstabelle Zuordnungsnummer="3169" KundEigtNr="164" ObjektID="11577" ZuordnungsartID="5"/>
  <Zuordnungstabelle Zuordnungsnummer="3170" KundEigtNr="164" ObjektID="11578" ZuordnungsartID="5"/>
  <Zuordnungstabelle Zuordnungsnummer="3171" KundEigtNr="164" ObjektID="11579" ZuordnungsartID="5"/>
  <Zuordnungstabelle Zuordnungsnummer="3172" KundEigtNr="164" ObjektID="11580" ZuordnungsartID="5"/>
  <Zuordnungstabelle Zuordnungsnummer="3173" KundEigtNr="164" ObjektID="11581" ZuordnungsartID="5"/>
  <Zuordnungstabelle Zuordnungsnummer="3174" KundEigtNr="164" ObjektID="11582" ZuordnungsartID="5"/>
  <Zuordnungstabelle Zuordnungsnummer="3175" KundEigtNr="164" ObjektID="11583" ZuordnungsartID="5"/>
  <Zuordnungstabelle Zuordnungsnummer="3176" KundEigtNr="164" ObjektID="11584" ZuordnungsartID="5"/>
  <Zuordnungstabelle Zuordnungsnummer="3177" KundEigtNr="164" ObjektID="11585" ZuordnungsartID="5"/>
  <Zuordnungstabelle Zuordnungsnummer="3178" KundEigtNr="164" ObjektID="11586" ZuordnungsartID="5"/>
  <Zuordnungstabelle Zuordnungsnummer="3179" KundEigtNr="164" ObjektID="11587" ZuordnungsartID="5"/>
  <Zuordnungstabelle Zuordnungsnummer="3180" KundEigtNr="164" ObjektID="11588" ZuordnungsartID="5"/>
  <Zuordnungstabelle Zuordnungsnummer="3181" KundEigtNr="164" ObjektID="11589" ZuordnungsartID="5"/>
  <Zuordnungstabelle Zuordnungsnummer="3182" KundEigtNr="164" ObjektID="11590" ZuordnungsartID="5"/>
  <Zuordnungstabelle Zuordnungsnummer="3183" KundEigtNr="164" ObjektID="11591" ZuordnungsartID="5"/>
  <Zuordnungstabelle Zuordnungsnummer="3184" KundEigtNr="164" ObjektID="11592" ZuordnungsartID="5"/>
  <Zuordnungstabelle Zuordnungsnummer="3185" KundEigtNr="164" ObjektID="11593" ZuordnungsartID="5"/>
  <Zuordnungstabelle Zuordnungsnummer="3186" KundEigtNr="164" ObjektID="11594" ZuordnungsartID="5"/>
  <Zuordnungstabelle Zuordnungsnummer="3187" KundEigtNr="164" ObjektID="11595" ZuordnungsartID="5"/>
  <Zuordnungstabelle Zuordnungsnummer="3188" KundEigtNr="164" ObjektID="11596" ZuordnungsartID="5"/>
  <Zuordnungstabelle Zuordnungsnummer="3189" KundEigtNr="164" ObjektID="11597" ZuordnungsartID="5"/>
  <Zuordnungstabelle Zuordnungsnummer="3190" KundEigtNr="164" ObjektID="11598" ZuordnungsartID="5"/>
  <Zuordnungstabelle Zuordnungsnummer="3191" KundEigtNr="164" ObjektID="11599" ZuordnungsartID="5"/>
  <Zuordnungstabelle Zuordnungsnummer="3192" KundEigtNr="164" ObjektID="11600" ZuordnungsartID="5"/>
  <Zuordnungstabelle Zuordnungsnummer="3193" KundEigtNr="164" ObjektID="11601" ZuordnungsartID="5"/>
  <Zuordnungstabelle Zuordnungsnummer="3194" KundEigtNr="164" ObjektID="11602" ZuordnungsartID="5"/>
  <Zuordnungstabelle Zuordnungsnummer="3195" KundEigtNr="164" ObjektID="11603" ZuordnungsartID="5"/>
  <Zuordnungstabelle Zuordnungsnummer="3196" KundEigtNr="164" ObjektID="11604" ZuordnungsartID="5"/>
  <Zuordnungstabelle Zuordnungsnummer="3197" KundEigtNr="164" ObjektID="11605" ZuordnungsartID="5"/>
  <Zuordnungstabelle Zuordnungsnummer="3198" KundEigtNr="164" ObjektID="11606" ZuordnungsartID="5"/>
  <Zuordnungstabelle Zuordnungsnummer="3199" KundEigtNr="164" ObjektID="11607" ZuordnungsartID="5"/>
  <Zuordnungstabelle Zuordnungsnummer="3200" KundEigtNr="164" ObjektID="11608" ZuordnungsartID="5"/>
  <Zuordnungstabelle Zuordnungsnummer="3201" KundEigtNr="164" ObjektID="11609" ZuordnungsartID="5"/>
  <Zuordnungstabelle Zuordnungsnummer="3202" KundEigtNr="164" ObjektID="11610" ZuordnungsartID="5"/>
  <Zuordnungstabelle Zuordnungsnummer="3203" KundEigtNr="164" ObjektID="11611" ZuordnungsartID="5"/>
  <Zuordnungstabelle Zuordnungsnummer="3204" KundEigtNr="164" ObjektID="11612" ZuordnungsartID="5"/>
  <Zuordnungstabelle Zuordnungsnummer="3205" KundEigtNr="164" ObjektID="11613" ZuordnungsartID="5"/>
  <Zuordnungstabelle Zuordnungsnummer="3206" KundEigtNr="164" ObjektID="11614" ZuordnungsartID="5"/>
  <Zuordnungstabelle Zuordnungsnummer="3207" KundEigtNr="164" ObjektID="11615" ZuordnungsartID="5"/>
  <Zuordnungstabelle Zuordnungsnummer="3208" KundEigtNr="164" ObjektID="11616" ZuordnungsartID="5"/>
  <Zuordnungstabelle Zuordnungsnummer="3209" KundEigtNr="164" ObjektID="11617" ZuordnungsartID="5"/>
  <Zuordnungstabelle Zuordnungsnummer="3210" KundEigtNr="164" ObjektID="11618" ZuordnungsartID="5"/>
  <Zuordnungstabelle Zuordnungsnummer="3211" KundEigtNr="164" ObjektID="11619" ZuordnungsartID="5"/>
  <Zuordnungstabelle Zuordnungsnummer="3212" KundEigtNr="164" ObjektID="11620" ZuordnungsartID="5"/>
  <Zuordnungstabelle Zuordnungsnummer="3213" KundEigtNr="164" ObjektID="11621" ZuordnungsartID="5"/>
  <Zuordnungstabelle Zuordnungsnummer="3214" KundEigtNr="164" ObjektID="11622" ZuordnungsartID="5"/>
  <Zuordnungstabelle Zuordnungsnummer="3215" KundEigtNr="164" ObjektID="11623" ZuordnungsartID="5"/>
  <Zuordnungstabelle Zuordnungsnummer="3216" KundEigtNr="164" ObjektID="11624" ZuordnungsartID="5"/>
  <Zuordnungstabelle Zuordnungsnummer="3217" KundEigtNr="164" ObjektID="11625" ZuordnungsartID="5"/>
  <Zuordnungstabelle Zuordnungsnummer="3218" KundEigtNr="164" ObjektID="11626" ZuordnungsartID="5"/>
  <Zuordnungstabelle Zuordnungsnummer="3219" KundEigtNr="164" ObjektID="11627" ZuordnungsartID="5"/>
  <Zuordnungstabelle Zuordnungsnummer="3220" KundEigtNr="164" ObjektID="11628" ZuordnungsartID="5"/>
  <Zuordnungstabelle Zuordnungsnummer="3221" KundEigtNr="164" ObjektID="11629" ZuordnungsartID="5"/>
  <Zuordnungstabelle Zuordnungsnummer="3222" KundEigtNr="164" ObjektID="11630" ZuordnungsartID="5"/>
  <Zuordnungstabelle Zuordnungsnummer="3223" KundEigtNr="164" ObjektID="11631" ZuordnungsartID="5"/>
  <Zuordnungstabelle Zuordnungsnummer="3224" KundEigtNr="164" ObjektID="11632" ZuordnungsartID="5"/>
  <Zuordnungstabelle Zuordnungsnummer="3225" KundEigtNr="164" ObjektID="11633" ZuordnungsartID="5"/>
  <Zuordnungstabelle Zuordnungsnummer="3226" KundEigtNr="164" ObjektID="11634" ZuordnungsartID="5"/>
  <Zuordnungstabelle Zuordnungsnummer="3227" KundEigtNr="164" ObjektID="11635" ZuordnungsartID="5"/>
  <Zuordnungstabelle Zuordnungsnummer="3228" KundEigtNr="164" ObjektID="11636" ZuordnungsartID="5"/>
  <Zuordnungstabelle Zuordnungsnummer="3232" KundEigtNr="164" ObjektID="11640" ZuordnungsartID="5"/>
  <Zuordnungstabelle Zuordnungsnummer="3233" KundEigtNr="164" ObjektID="11641" ZuordnungsartID="5"/>
  <Zuordnungstabelle Zuordnungsnummer="3234" KundEigtNr="164" ObjektID="11642" ZuordnungsartID="5"/>
  <Zuordnungstabelle Zuordnungsnummer="3235" KundEigtNr="164" ObjektID="11643" ZuordnungsartID="5"/>
  <Zuordnungstabelle Zuordnungsnummer="3236" KundEigtNr="164" ObjektID="11644" ZuordnungsartID="5"/>
  <Zuordnungstabelle Zuordnungsnummer="3237" KundEigtNr="164" ObjektID="11645" ZuordnungsartID="5"/>
  <Zuordnungstabelle Zuordnungsnummer="3238" KundEigtNr="164" ObjektID="11646" ZuordnungsartID="5"/>
  <Zuordnungstabelle Zuordnungsnummer="3239" KundEigtNr="164" ObjektID="11647" ZuordnungsartID="5"/>
  <Zuordnungstabelle Zuordnungsnummer="3240" KundEigtNr="164" ObjektID="11648" ZuordnungsartID="5"/>
  <Zuordnungstabelle Zuordnungsnummer="3241" KundEigtNr="164" ObjektID="11649" ZuordnungsartID="5"/>
  <Zuordnungstabelle Zuordnungsnummer="3242" KundEigtNr="164" ObjektID="11650" ZuordnungsartID="5"/>
  <Zuordnungstabelle Zuordnungsnummer="3243" KundEigtNr="164" ObjektID="11651" ZuordnungsartID="5"/>
  <Zuordnungstabelle Zuordnungsnummer="3244" KundEigtNr="164" ObjektID="11652" ZuordnungsartID="5"/>
  <Zuordnungstabelle Zuordnungsnummer="3245" KundEigtNr="164" ObjektID="11653" ZuordnungsartID="5"/>
  <Zuordnungstabelle Zuordnungsnummer="3246" KundEigtNr="164" ObjektID="11654" ZuordnungsartID="5"/>
  <Zuordnungstabelle Zuordnungsnummer="3247" KundEigtNr="164" ObjektID="11655" ZuordnungsartID="5"/>
  <Zuordnungstabelle Zuordnungsnummer="3248" KundEigtNr="164" ObjektID="11656" ZuordnungsartID="5"/>
  <Zuordnungstabelle Zuordnungsnummer="3249" KundEigtNr="164" ObjektID="11657" ZuordnungsartID="5"/>
  <Zuordnungstabelle Zuordnungsnummer="3250" KundEigtNr="164" ObjektID="11658" ZuordnungsartID="5"/>
  <Zuordnungstabelle Zuordnungsnummer="3251" KundEigtNr="164" ObjektID="11659" ZuordnungsartID="5"/>
  <Zuordnungstabelle Zuordnungsnummer="3252" KundEigtNr="164" ObjektID="11660" ZuordnungsartID="5"/>
  <Zuordnungstabelle Zuordnungsnummer="3253" KundEigtNr="164" ObjektID="11661" ZuordnungsartID="5"/>
  <Zuordnungstabelle Zuordnungsnummer="3254" KundEigtNr="164" ObjektID="11662" ZuordnungsartID="5"/>
  <Zuordnungstabelle Zuordnungsnummer="3255" KundEigtNr="164" ObjektID="11663" ZuordnungsartID="5"/>
  <Zuordnungstabelle Zuordnungsnummer="3256" KundEigtNr="164" ObjektID="11664" ZuordnungsartID="5"/>
  <Zuordnungstabelle Zuordnungsnummer="3257" KundEigtNr="164" ObjektID="11665" ZuordnungsartID="5"/>
  <Zuordnungstabelle Zuordnungsnummer="3258" KundEigtNr="164" ObjektID="11666" ZuordnungsartID="5"/>
  <Zuordnungstabelle Zuordnungsnummer="3259" KundEigtNr="164" ObjektID="11667" ZuordnungsartID="5"/>
  <Zuordnungstabelle Zuordnungsnummer="3260" KundEigtNr="164" ObjektID="11668" ZuordnungsartID="5"/>
  <Zuordnungstabelle Zuordnungsnummer="3261" KundEigtNr="164" ObjektID="11669" ZuordnungsartID="5"/>
  <Zuordnungstabelle Zuordnungsnummer="3262" KundEigtNr="164" ObjektID="11670" ZuordnungsartID="5"/>
  <Zuordnungstabelle Zuordnungsnummer="3263" KundEigtNr="164" ObjektID="11671" ZuordnungsartID="5"/>
  <Zuordnungstabelle Zuordnungsnummer="3264" KundEigtNr="164" ObjektID="11672" ZuordnungsartID="5"/>
  <Zuordnungstabelle Zuordnungsnummer="3265" KundEigtNr="164" ObjektID="11673" ZuordnungsartID="5"/>
  <Zuordnungstabelle Zuordnungsnummer="3266" KundEigtNr="164" ObjektID="11674" ZuordnungsartID="5"/>
  <Zuordnungstabelle Zuordnungsnummer="3267" KundEigtNr="164" ObjektID="11675" ZuordnungsartID="5"/>
  <Zuordnungstabelle Zuordnungsnummer="3268" KundEigtNr="164" ObjektID="11676" ZuordnungsartID="5"/>
  <Zuordnungstabelle Zuordnungsnummer="3269" KundEigtNr="164" ObjektID="11677" ZuordnungsartID="5"/>
  <Zuordnungstabelle Zuordnungsnummer="3270" KundEigtNr="164" ObjektID="11678" ZuordnungsartID="5"/>
  <Zuordnungstabelle Zuordnungsnummer="3271" KundEigtNr="164" ObjektID="11679" ZuordnungsartID="5"/>
  <Zuordnungstabelle Zuordnungsnummer="3272" KundEigtNr="164" ObjektID="11680" ZuordnungsartID="5"/>
  <Zuordnungstabelle Zuordnungsnummer="3273" KundEigtNr="164" ObjektID="11681" ZuordnungsartID="5"/>
  <Zuordnungstabelle Zuordnungsnummer="3274" KundEigtNr="164" ObjektID="11682" ZuordnungsartID="5"/>
  <Zuordnungstabelle Zuordnungsnummer="3275" KundEigtNr="164" ObjektID="11683" ZuordnungsartID="5"/>
  <Zuordnungstabelle Zuordnungsnummer="3276" KundEigtNr="164" ObjektID="11684" ZuordnungsartID="5"/>
  <Zuordnungstabelle Zuordnungsnummer="3277" KundEigtNr="164" ObjektID="11685" ZuordnungsartID="5"/>
  <Zuordnungstabelle Zuordnungsnummer="3278" KundEigtNr="164" ObjektID="11686" ZuordnungsartID="5"/>
  <Zuordnungstabelle Zuordnungsnummer="3279" KundEigtNr="164" ObjektID="11687" ZuordnungsartID="5"/>
  <Zuordnungstabelle Zuordnungsnummer="3280" KundEigtNr="164" ObjektID="11688" ZuordnungsartID="5"/>
  <Zuordnungstabelle Zuordnungsnummer="3281" KundEigtNr="164" ObjektID="11689" ZuordnungsartID="5"/>
  <Zuordnungstabelle Zuordnungsnummer="3282" KundEigtNr="164" ObjektID="11690" ZuordnungsartID="5"/>
  <Zuordnungstabelle Zuordnungsnummer="3283" KundEigtNr="164" ObjektID="11691" ZuordnungsartID="5"/>
  <Zuordnungstabelle Zuordnungsnummer="3284" KundEigtNr="164" ObjektID="11692" ZuordnungsartID="5"/>
  <Zuordnungstabelle Zuordnungsnummer="3285" KundEigtNr="164" ObjektID="11693" ZuordnungsartID="5"/>
  <Zuordnungstabelle Zuordnungsnummer="3286" KundEigtNr="164" ObjektID="11694" ZuordnungsartID="5"/>
  <Zuordnungstabelle Zuordnungsnummer="3287" KundEigtNr="164" ObjektID="11695" ZuordnungsartID="5"/>
  <Zuordnungstabelle Zuordnungsnummer="3288" KundEigtNr="164" ObjektID="11696" ZuordnungsartID="5"/>
  <Zuordnungstabelle Zuordnungsnummer="3289" KundEigtNr="164" ObjektID="11697" ZuordnungsartID="5"/>
  <Zuordnungstabelle Zuordnungsnummer="3290" KundEigtNr="164" ObjektID="11698" ZuordnungsartID="5"/>
  <Zuordnungstabelle Zuordnungsnummer="3291" KundEigtNr="164" ObjektID="11699" ZuordnungsartID="5"/>
  <Zuordnungstabelle Zuordnungsnummer="3292" KundEigtNr="164" ObjektID="11700" ZuordnungsartID="5"/>
  <Zuordnungstabelle Zuordnungsnummer="3293" KundEigtNr="164" ObjektID="11701" ZuordnungsartID="5"/>
  <Zuordnungstabelle Zuordnungsnummer="3294" KundEigtNr="164" ObjektID="11702" ZuordnungsartID="5"/>
  <Zuordnungstabelle Zuordnungsnummer="3295" KundEigtNr="164" ObjektID="11703" ZuordnungsartID="5"/>
  <Zuordnungstabelle Zuordnungsnummer="3296" KundEigtNr="164" ObjektID="11704" ZuordnungsartID="5"/>
  <Zuordnungstabelle Zuordnungsnummer="3297" KundEigtNr="164" ObjektID="11705" ZuordnungsartID="5"/>
  <Zuordnungstabelle Zuordnungsnummer="3298" KundEigtNr="164" ObjektID="11706" ZuordnungsartID="5"/>
  <Zuordnungstabelle Zuordnungsnummer="3299" KundEigtNr="164" ObjektID="11707" ZuordnungsartID="5"/>
  <Zuordnungstabelle Zuordnungsnummer="3300" KundEigtNr="164" ObjektID="11708" ZuordnungsartID="5"/>
  <Zuordnungstabelle Zuordnungsnummer="3302" KundEigtNr="164" ObjektID="11710" ZuordnungsartID="5"/>
  <Zuordnungstabelle Zuordnungsnummer="3303" KundEigtNr="164" ObjektID="11711" ZuordnungsartID="5"/>
  <Zuordnungstabelle Zuordnungsnummer="3304" KundEigtNr="164" ObjektID="11712" ZuordnungsartID="5"/>
  <Zuordnungstabelle Zuordnungsnummer="3305" KundEigtNr="164" ObjektID="11713" ZuordnungsartID="5"/>
  <Zuordnungstabelle Zuordnungsnummer="3306" KundEigtNr="164" ObjektID="11714" ZuordnungsartID="5"/>
  <Zuordnungstabelle Zuordnungsnummer="3307" KundEigtNr="164" ObjektID="11715" ZuordnungsartID="5"/>
  <Zuordnungstabelle Zuordnungsnummer="3308" KundEigtNr="164" ObjektID="11716" ZuordnungsartID="5"/>
  <Zuordnungstabelle Zuordnungsnummer="3309" KundEigtNr="164" ObjektID="11717" ZuordnungsartID="5"/>
  <Zuordnungstabelle Zuordnungsnummer="3310" KundEigtNr="164" ObjektID="11718" ZuordnungsartID="5"/>
  <Zuordnungstabelle Zuordnungsnummer="3311" KundEigtNr="164" ObjektID="11719" ZuordnungsartID="5"/>
  <Zuordnungstabelle Zuordnungsnummer="3312" KundEigtNr="164" ObjektID="11720" ZuordnungsartID="5"/>
  <Zuordnungstabelle Zuordnungsnummer="3313" KundEigtNr="164" ObjektID="11721" ZuordnungsartID="5"/>
  <Zuordnungstabelle Zuordnungsnummer="3314" KundEigtNr="164" ObjektID="11722" ZuordnungsartID="5"/>
  <Zuordnungstabelle Zuordnungsnummer="3315" KundEigtNr="164" ObjektID="11723" ZuordnungsartID="5"/>
  <Zuordnungstabelle Zuordnungsnummer="3316" KundEigtNr="164" ObjektID="11724" ZuordnungsartID="5"/>
  <Zuordnungstabelle Zuordnungsnummer="3317" KundEigtNr="164" ObjektID="11725" ZuordnungsartID="5"/>
  <Zuordnungstabelle Zuordnungsnummer="3318" KundEigtNr="164" ObjektID="11726" ZuordnungsartID="5"/>
  <Zuordnungstabelle Zuordnungsnummer="3319" KundEigtNr="164" ObjektID="11727" ZuordnungsartID="5"/>
  <Zuordnungstabelle Zuordnungsnummer="3320" KundEigtNr="164" ObjektID="11728" ZuordnungsartID="5"/>
  <Zuordnungstabelle Zuordnungsnummer="3321" KundEigtNr="164" ObjektID="11729" ZuordnungsartID="5"/>
  <Zuordnungstabelle Zuordnungsnummer="3322" KundEigtNr="164" ObjektID="11730" ZuordnungsartID="5"/>
  <Zuordnungstabelle Zuordnungsnummer="3323" KundEigtNr="164" ObjektID="11731" ZuordnungsartID="5"/>
  <Zuordnungstabelle Zuordnungsnummer="3324" KundEigtNr="164" ObjektID="11732" ZuordnungsartID="5"/>
  <Zuordnungstabelle Zuordnungsnummer="3325" KundEigtNr="164" ObjektID="11733" ZuordnungsartID="5"/>
  <Zuordnungstabelle Zuordnungsnummer="3326" KundEigtNr="164" ObjektID="11734" ZuordnungsartID="5"/>
  <Zuordnungstabelle Zuordnungsnummer="3327" KundEigtNr="164" ObjektID="11735" ZuordnungsartID="5"/>
  <Zuordnungstabelle Zuordnungsnummer="3328" KundEigtNr="164" ObjektID="11736" ZuordnungsartID="5"/>
  <Zuordnungstabelle Zuordnungsnummer="3329" KundEigtNr="164" ObjektID="11737" ZuordnungsartID="5"/>
  <Zuordnungstabelle Zuordnungsnummer="3330" KundEigtNr="164" ObjektID="11738" ZuordnungsartID="5"/>
  <Zuordnungstabelle Zuordnungsnummer="3331" KundEigtNr="164" ObjektID="11739" ZuordnungsartID="5"/>
  <Zuordnungstabelle Zuordnungsnummer="3332" KundEigtNr="164" ObjektID="11740" ZuordnungsartID="5"/>
  <Zuordnungstabelle Zuordnungsnummer="3333" KundEigtNr="164" ObjektID="11741" ZuordnungsartID="5"/>
  <Zuordnungstabelle Zuordnungsnummer="3334" KundEigtNr="164" ObjektID="11742" ZuordnungsartID="5"/>
  <Zuordnungstabelle Zuordnungsnummer="3335" KundEigtNr="164" ObjektID="11743" ZuordnungsartID="5"/>
  <Zuordnungstabelle Zuordnungsnummer="3336" KundEigtNr="164" ObjektID="11744" ZuordnungsartID="5"/>
  <Zuordnungstabelle Zuordnungsnummer="3337" KundEigtNr="164" ObjektID="11745" ZuordnungsartID="5"/>
  <Zuordnungstabelle Zuordnungsnummer="3338" KundEigtNr="164" ObjektID="11746" ZuordnungsartID="5"/>
  <Zuordnungstabelle Zuordnungsnummer="3339" KundEigtNr="164" ObjektID="11747" ZuordnungsartID="5"/>
  <Zuordnungstabelle Zuordnungsnummer="3340" KundEigtNr="164" ObjektID="11748" ZuordnungsartID="5"/>
  <Zuordnungstabelle Zuordnungsnummer="3341" KundEigtNr="164" ObjektID="11749" ZuordnungsartID="5"/>
  <Zuordnungstabelle Zuordnungsnummer="3342" KundEigtNr="164" ObjektID="11750" ZuordnungsartID="5"/>
  <Zuordnungstabelle Zuordnungsnummer="3343" KundEigtNr="164" ObjektID="11751" ZuordnungsartID="5"/>
  <Zuordnungstabelle Zuordnungsnummer="3344" KundEigtNr="164" ObjektID="11752" ZuordnungsartID="5"/>
  <Zuordnungstabelle Zuordnungsnummer="3345" KundEigtNr="164" ObjektID="11753" ZuordnungsartID="5"/>
  <Zuordnungstabelle Zuordnungsnummer="3346" KundEigtNr="164" ObjektID="11754" ZuordnungsartID="5"/>
  <Zuordnungstabelle Zuordnungsnummer="3347" KundEigtNr="164" ObjektID="11755" ZuordnungsartID="5"/>
  <Zuordnungstabelle Zuordnungsnummer="3348" KundEigtNr="164" ObjektID="11756" ZuordnungsartID="5"/>
  <Zuordnungstabelle Zuordnungsnummer="3349" KundEigtNr="164" ObjektID="11757" ZuordnungsartID="5"/>
  <Zuordnungstabelle Zuordnungsnummer="3350" KundEigtNr="164" ObjektID="11758" ZuordnungsartID="5"/>
  <Zuordnungstabelle Zuordnungsnummer="3351" KundEigtNr="164" ObjektID="11759" ZuordnungsartID="5"/>
  <Zuordnungstabelle Zuordnungsnummer="3352" KundEigtNr="164" ObjektID="11760" ZuordnungsartID="5"/>
  <Zuordnungstabelle Zuordnungsnummer="3353" KundEigtNr="164" ObjektID="11761" ZuordnungsartID="5"/>
  <Zuordnungstabelle Zuordnungsnummer="3354" KundEigtNr="164" ObjektID="11762" ZuordnungsartID="5"/>
  <Zuordnungstabelle Zuordnungsnummer="3355" KundEigtNr="164" ObjektID="11763" ZuordnungsartID="5"/>
  <Zuordnungstabelle Zuordnungsnummer="3356" KundEigtNr="164" ObjektID="11764" ZuordnungsartID="5"/>
  <Zuordnungstabelle Zuordnungsnummer="3357" KundEigtNr="164" ObjektID="11765" ZuordnungsartID="5"/>
  <Zuordnungstabelle Zuordnungsnummer="3358" KundEigtNr="164" ObjektID="11766" ZuordnungsartID="5"/>
  <Zuordnungstabelle Zuordnungsnummer="3359" KundEigtNr="164" ObjektID="11767" ZuordnungsartID="5"/>
  <Zuordnungstabelle Zuordnungsnummer="3360" KundEigtNr="164" ObjektID="11768" ZuordnungsartID="5"/>
  <Zuordnungstabelle Zuordnungsnummer="3361" KundEigtNr="164" ObjektID="11769" ZuordnungsartID="5"/>
  <Zuordnungstabelle Zuordnungsnummer="3362" KundEigtNr="164" ObjektID="11770" ZuordnungsartID="5"/>
  <Zuordnungstabelle Zuordnungsnummer="3363" KundEigtNr="164" ObjektID="11771" ZuordnungsartID="5"/>
  <Zuordnungstabelle Zuordnungsnummer="3364" KundEigtNr="164" ObjektID="11772" ZuordnungsartID="5"/>
  <Zuordnungstabelle Zuordnungsnummer="3365" KundEigtNr="164" ObjektID="11773" ZuordnungsartID="5"/>
  <Zuordnungstabelle Zuordnungsnummer="3366" KundEigtNr="164" ObjektID="11774" ZuordnungsartID="5"/>
  <Zuordnungstabelle Zuordnungsnummer="3367" KundEigtNr="164" ObjektID="11775" ZuordnungsartID="5"/>
  <Zuordnungstabelle Zuordnungsnummer="3368" KundEigtNr="164" ObjektID="11776" ZuordnungsartID="5"/>
  <Zuordnungstabelle Zuordnungsnummer="3369" KundEigtNr="164" ObjektID="11777" ZuordnungsartID="5"/>
  <Zuordnungstabelle Zuordnungsnummer="3370" KundEigtNr="164" ObjektID="11778" ZuordnungsartID="5"/>
  <Zuordnungstabelle Zuordnungsnummer="3371" KundEigtNr="164" ObjektID="11779" ZuordnungsartID="5"/>
  <Zuordnungstabelle Zuordnungsnummer="3372" KundEigtNr="164" ObjektID="11780" ZuordnungsartID="5"/>
  <Zuordnungstabelle Zuordnungsnummer="3373" KundEigtNr="164" ObjektID="11781" ZuordnungsartID="5"/>
  <Zuordnungstabelle Zuordnungsnummer="3374" KundEigtNr="164" ObjektID="11782" ZuordnungsartID="5"/>
  <Zuordnungstabelle Zuordnungsnummer="3375" KundEigtNr="164" ObjektID="11783" ZuordnungsartID="5"/>
  <Zuordnungstabelle Zuordnungsnummer="3376" KundEigtNr="164" ObjektID="11784" ZuordnungsartID="5"/>
  <Zuordnungstabelle Zuordnungsnummer="3377" KundEigtNr="164" ObjektID="11785" ZuordnungsartID="5"/>
  <Zuordnungstabelle Zuordnungsnummer="3378" KundEigtNr="164" ObjektID="11786" ZuordnungsartID="5"/>
  <Zuordnungstabelle Zuordnungsnummer="3379" KundEigtNr="164" ObjektID="11787" ZuordnungsartID="5"/>
  <Zuordnungstabelle Zuordnungsnummer="3380" KundEigtNr="164" ObjektID="11788" ZuordnungsartID="5"/>
  <Zuordnungstabelle Zuordnungsnummer="3381" KundEigtNr="164" ObjektID="11789" ZuordnungsartID="5"/>
  <Zuordnungstabelle Zuordnungsnummer="3382" KundEigtNr="164" ObjektID="11790" ZuordnungsartID="5"/>
  <Zuordnungstabelle Zuordnungsnummer="3383" KundEigtNr="164" ObjektID="11791" ZuordnungsartID="5"/>
  <Zuordnungstabelle Zuordnungsnummer="3384" KundEigtNr="164" ObjektID="11792" ZuordnungsartID="5"/>
  <Zuordnungstabelle Zuordnungsnummer="3385" KundEigtNr="164" ObjektID="11793" ZuordnungsartID="5"/>
  <Zuordnungstabelle Zuordnungsnummer="3386" KundEigtNr="164" ObjektID="11794" ZuordnungsartID="5"/>
  <Zuordnungstabelle Zuordnungsnummer="3387" KundEigtNr="164" ObjektID="11795" ZuordnungsartID="5"/>
  <Zuordnungstabelle Zuordnungsnummer="3388" KundEigtNr="164" ObjektID="11796" ZuordnungsartID="5"/>
  <Zuordnungstabelle Zuordnungsnummer="3389" KundEigtNr="164" ObjektID="11797" ZuordnungsartID="5"/>
  <Zuordnungstabelle Zuordnungsnummer="3390" KundEigtNr="164" ObjektID="11798" ZuordnungsartID="5"/>
  <Zuordnungstabelle Zuordnungsnummer="3391" KundEigtNr="164" ObjektID="11799" ZuordnungsartID="5"/>
  <Zuordnungstabelle Zuordnungsnummer="3392" KundEigtNr="164" ObjektID="11800" ZuordnungsartID="5"/>
  <Zuordnungstabelle Zuordnungsnummer="3393" KundEigtNr="164" ObjektID="11801" ZuordnungsartID="5"/>
  <Zuordnungstabelle Zuordnungsnummer="3394" KundEigtNr="164" ObjektID="11802" ZuordnungsartID="5"/>
  <Zuordnungstabelle Zuordnungsnummer="3395" KundEigtNr="164" ObjektID="11803" ZuordnungsartID="5"/>
  <Zuordnungstabelle Zuordnungsnummer="3396" KundEigtNr="164" ObjektID="11804" ZuordnungsartID="5"/>
  <Zuordnungstabelle Zuordnungsnummer="3397" KundEigtNr="164" ObjektID="11805" ZuordnungsartID="5"/>
  <Zuordnungstabelle Zuordnungsnummer="3398" KundEigtNr="164" ObjektID="11806" ZuordnungsartID="5"/>
  <Zuordnungstabelle Zuordnungsnummer="3399" KundEigtNr="164" ObjektID="11807" ZuordnungsartID="5"/>
  <Zuordnungstabelle Zuordnungsnummer="3400" KundEigtNr="164" ObjektID="11808" ZuordnungsartID="5"/>
  <Zuordnungstabelle Zuordnungsnummer="3401" KundEigtNr="164" ObjektID="11809" ZuordnungsartID="5"/>
  <Zuordnungstabelle Zuordnungsnummer="3402" KundEigtNr="164" ObjektID="11810" ZuordnungsartID="5"/>
  <Zuordnungstabelle Zuordnungsnummer="3403" KundEigtNr="164" ObjektID="11811" ZuordnungsartID="5"/>
  <Zuordnungstabelle Zuordnungsnummer="3404" KundEigtNr="164" ObjektID="11812" ZuordnungsartID="5"/>
  <Zuordnungstabelle Zuordnungsnummer="3405" KundEigtNr="164" ObjektID="11813" ZuordnungsartID="5"/>
  <Zuordnungstabelle Zuordnungsnummer="3406" KundEigtNr="164" ObjektID="11814" ZuordnungsartID="5"/>
  <Zuordnungstabelle Zuordnungsnummer="3407" KundEigtNr="164" ObjektID="11815" ZuordnungsartID="5"/>
  <Zuordnungstabelle Zuordnungsnummer="3408" KundEigtNr="164" ObjektID="11816" ZuordnungsartID="5"/>
  <Zuordnungstabelle Zuordnungsnummer="3409" KundEigtNr="164" ObjektID="11817" ZuordnungsartID="5"/>
  <Zuordnungstabelle Zuordnungsnummer="3410" KundEigtNr="164" ObjektID="11818" ZuordnungsartID="5"/>
  <Zuordnungstabelle Zuordnungsnummer="3411" KundEigtNr="164" ObjektID="11819" ZuordnungsartID="5"/>
  <Zuordnungstabelle Zuordnungsnummer="3412" KundEigtNr="164" ObjektID="11820" ZuordnungsartID="5"/>
  <Zuordnungstabelle Zuordnungsnummer="3413" KundEigtNr="164" ObjektID="11821" ZuordnungsartID="5"/>
  <Zuordnungstabelle Zuordnungsnummer="3414" KundEigtNr="164" ObjektID="11822" ZuordnungsartID="5"/>
  <Zuordnungstabelle Zuordnungsnummer="3415" KundEigtNr="164" ObjektID="11823" ZuordnungsartID="5"/>
  <Zuordnungstabelle Zuordnungsnummer="3416" KundEigtNr="164" ObjektID="11824" ZuordnungsartID="5"/>
  <Zuordnungstabelle Zuordnungsnummer="3417" KundEigtNr="164" ObjektID="11825" ZuordnungsartID="5"/>
  <Zuordnungstabelle Zuordnungsnummer="3418" KundEigtNr="164" ObjektID="11826" ZuordnungsartID="5"/>
  <Zuordnungstabelle Zuordnungsnummer="3419" KundEigtNr="164" ObjektID="11827" ZuordnungsartID="5"/>
  <Zuordnungstabelle Zuordnungsnummer="3420" KundEigtNr="164" ObjektID="11828" ZuordnungsartID="5"/>
  <Zuordnungstabelle Zuordnungsnummer="3421" KundEigtNr="164" ObjektID="11829" ZuordnungsartID="5"/>
  <Zuordnungstabelle Zuordnungsnummer="3422" KundEigtNr="164" ObjektID="11830" ZuordnungsartID="5"/>
  <Zuordnungstabelle Zuordnungsnummer="3423" KundEigtNr="164" ObjektID="11831" ZuordnungsartID="5"/>
  <Zuordnungstabelle Zuordnungsnummer="3424" KundEigtNr="164" ObjektID="11832" ZuordnungsartID="5"/>
  <Zuordnungstabelle Zuordnungsnummer="3425" KundEigtNr="164" ObjektID="11833" ZuordnungsartID="5"/>
  <Zuordnungstabelle Zuordnungsnummer="3426" KundEigtNr="164" ObjektID="11834" ZuordnungsartID="5"/>
  <Zuordnungstabelle Zuordnungsnummer="3427" KundEigtNr="164" ObjektID="11835" ZuordnungsartID="5"/>
  <Zuordnungstabelle Zuordnungsnummer="3428" KundEigtNr="164" ObjektID="11836" ZuordnungsartID="5"/>
  <Zuordnungstabelle Zuordnungsnummer="3429" KundEigtNr="164" ObjektID="11837" ZuordnungsartID="5"/>
  <Zuordnungstabelle Zuordnungsnummer="3430" KundEigtNr="164" ObjektID="11838" ZuordnungsartID="5"/>
  <Zuordnungstabelle Zuordnungsnummer="3431" KundEigtNr="164" ObjektID="11839" ZuordnungsartID="5"/>
  <Zuordnungstabelle Zuordnungsnummer="3432" KundEigtNr="164" ObjektID="11840" ZuordnungsartID="5"/>
  <Zuordnungstabelle Zuordnungsnummer="3433" KundEigtNr="164" ObjektID="11841" ZuordnungsartID="5"/>
  <Zuordnungstabelle Zuordnungsnummer="3434" KundEigtNr="164" ObjektID="11842" ZuordnungsartID="5"/>
  <Zuordnungstabelle Zuordnungsnummer="3435" KundEigtNr="164" ObjektID="11843" ZuordnungsartID="5"/>
  <Zuordnungstabelle Zuordnungsnummer="3436" KundEigtNr="164" ObjektID="11844" ZuordnungsartID="5"/>
  <Zuordnungstabelle Zuordnungsnummer="3437" KundEigtNr="164" ObjektID="11845" ZuordnungsartID="5"/>
  <Zuordnungstabelle Zuordnungsnummer="3438" KundEigtNr="164" ObjektID="11846" ZuordnungsartID="5"/>
  <Zuordnungstabelle Zuordnungsnummer="3439" KundEigtNr="164" ObjektID="11847" ZuordnungsartID="5"/>
  <Zuordnungstabelle Zuordnungsnummer="3440" KundEigtNr="164" ObjektID="11848" ZuordnungsartID="5"/>
  <Zuordnungstabelle Zuordnungsnummer="3441" KundEigtNr="164" ObjektID="11849" ZuordnungsartID="5"/>
  <Zuordnungstabelle Zuordnungsnummer="3442" KundEigtNr="164" ObjektID="11850" ZuordnungsartID="5"/>
  <Zuordnungstabelle Zuordnungsnummer="3443" KundEigtNr="164" ObjektID="11851" ZuordnungsartID="5"/>
  <Zuordnungstabelle Zuordnungsnummer="3444" KundEigtNr="164" ObjektID="11852" ZuordnungsartID="5"/>
  <Zuordnungstabelle Zuordnungsnummer="3445" KundEigtNr="164" ObjektID="11853" ZuordnungsartID="5"/>
  <Zuordnungstabelle Zuordnungsnummer="3446" KundEigtNr="164" ObjektID="11854" ZuordnungsartID="5"/>
  <Zuordnungstabelle Zuordnungsnummer="3447" KundEigtNr="164" ObjektID="11855" ZuordnungsartID="5"/>
  <Zuordnungstabelle Zuordnungsnummer="3448" KundEigtNr="164" ObjektID="11856" ZuordnungsartID="5"/>
  <Zuordnungstabelle Zuordnungsnummer="3449" KundEigtNr="164" ObjektID="11857" ZuordnungsartID="5"/>
  <Zuordnungstabelle Zuordnungsnummer="3450" KundEigtNr="164" ObjektID="11858" ZuordnungsartID="5"/>
  <Zuordnungstabelle Zuordnungsnummer="3451" KundEigtNr="164" ObjektID="11859" ZuordnungsartID="5"/>
  <Zuordnungstabelle Zuordnungsnummer="3452" KundEigtNr="164" ObjektID="11860" ZuordnungsartID="5"/>
  <Zuordnungstabelle Zuordnungsnummer="3453" KundEigtNr="164" ObjektID="11861" ZuordnungsartID="5"/>
  <Zuordnungstabelle Zuordnungsnummer="3454" KundEigtNr="164" ObjektID="11862" ZuordnungsartID="5"/>
  <Zuordnungstabelle Zuordnungsnummer="3455" KundEigtNr="164" ObjektID="11863" ZuordnungsartID="5"/>
  <Zuordnungstabelle Zuordnungsnummer="3456" KundEigtNr="164" ObjektID="11864" ZuordnungsartID="5"/>
  <Zuordnungstabelle Zuordnungsnummer="3457" KundEigtNr="164" ObjektID="11865" ZuordnungsartID="5"/>
  <Zuordnungstabelle Zuordnungsnummer="3458" KundEigtNr="164" ObjektID="11866" ZuordnungsartID="5"/>
  <Zuordnungstabelle Zuordnungsnummer="3459" KundEigtNr="164" ObjektID="11867" ZuordnungsartID="5"/>
  <Zuordnungstabelle Zuordnungsnummer="3460" KundEigtNr="164" ObjektID="11868" ZuordnungsartID="5"/>
  <Zuordnungstabelle Zuordnungsnummer="3461" KundEigtNr="164" ObjektID="11869" ZuordnungsartID="5"/>
  <Zuordnungstabelle Zuordnungsnummer="3462" KundEigtNr="164" ObjektID="11870" ZuordnungsartID="5"/>
  <Zuordnungstabelle Zuordnungsnummer="3463" KundEigtNr="164" ObjektID="11871" ZuordnungsartID="5"/>
  <Zuordnungstabelle Zuordnungsnummer="3464" KundEigtNr="164" ObjektID="11872" ZuordnungsartID="5"/>
  <Zuordnungstabelle Zuordnungsnummer="3465" KundEigtNr="164" ObjektID="11873" ZuordnungsartID="5"/>
  <Zuordnungstabelle Zuordnungsnummer="3466" KundEigtNr="164" ObjektID="11874" ZuordnungsartID="5"/>
  <Zuordnungstabelle Zuordnungsnummer="3467" KundEigtNr="164" ObjektID="11875" ZuordnungsartID="5"/>
  <Zuordnungstabelle Zuordnungsnummer="3468" KundEigtNr="164" ObjektID="11876" ZuordnungsartID="5"/>
  <Zuordnungstabelle Zuordnungsnummer="3469" KundEigtNr="164" ObjektID="11877" ZuordnungsartID="5"/>
  <Zuordnungstabelle Zuordnungsnummer="3470" KundEigtNr="164" ObjektID="11878" ZuordnungsartID="5"/>
  <Zuordnungstabelle Zuordnungsnummer="3471" KundEigtNr="164" ObjektID="11879" ZuordnungsartID="5"/>
  <Zuordnungstabelle Zuordnungsnummer="3472" KundEigtNr="164" ObjektID="11880" ZuordnungsartID="5"/>
  <Zuordnungstabelle Zuordnungsnummer="3473" KundEigtNr="164" ObjektID="11881" ZuordnungsartID="5"/>
  <Zuordnungstabelle Zuordnungsnummer="3474" KundEigtNr="164" ObjektID="11882" ZuordnungsartID="5"/>
  <Zuordnungstabelle Zuordnungsnummer="3475" KundEigtNr="164" ObjektID="11883" ZuordnungsartID="5"/>
  <Zuordnungstabelle Zuordnungsnummer="3476" KundEigtNr="164" ObjektID="11884" ZuordnungsartID="5"/>
  <Zuordnungstabelle Zuordnungsnummer="3477" KundEigtNr="164" ObjektID="11885" ZuordnungsartID="5"/>
  <Zuordnungstabelle Zuordnungsnummer="3478" KundEigtNr="164" ObjektID="11886" ZuordnungsartID="5"/>
  <Zuordnungstabelle Zuordnungsnummer="3479" KundEigtNr="164" ObjektID="11887" ZuordnungsartID="5"/>
  <Zuordnungstabelle Zuordnungsnummer="3480" KundEigtNr="164" ObjektID="11888" ZuordnungsartID="5"/>
  <Zuordnungstabelle Zuordnungsnummer="3481" KundEigtNr="164" ObjektID="11889" ZuordnungsartID="5"/>
  <Zuordnungstabelle Zuordnungsnummer="3482" KundEigtNr="164" ObjektID="11890" ZuordnungsartID="5"/>
  <Zuordnungstabelle Zuordnungsnummer="3483" KundEigtNr="164" ObjektID="11891" ZuordnungsartID="5"/>
  <Zuordnungstabelle Zuordnungsnummer="3484" KundEigtNr="164" ObjektID="11892" ZuordnungsartID="5"/>
  <Zuordnungstabelle Zuordnungsnummer="3485" KundEigtNr="164" ObjektID="11893" ZuordnungsartID="5"/>
  <Zuordnungstabelle Zuordnungsnummer="3486" KundEigtNr="164" ObjektID="11894" ZuordnungsartID="5"/>
  <Zuordnungstabelle Zuordnungsnummer="3487" KundEigtNr="164" ObjektID="11895" ZuordnungsartID="5"/>
  <Zuordnungstabelle Zuordnungsnummer="3488" KundEigtNr="164" ObjektID="11896" ZuordnungsartID="5"/>
  <Zuordnungstabelle Zuordnungsnummer="3489" KundEigtNr="164" ObjektID="11897" ZuordnungsartID="5"/>
  <Zuordnungstabelle Zuordnungsnummer="3490" KundEigtNr="164" ObjektID="11898" ZuordnungsartID="5"/>
  <Zuordnungstabelle Zuordnungsnummer="3491" KundEigtNr="164" ObjektID="11899" ZuordnungsartID="5"/>
  <Zuordnungstabelle Zuordnungsnummer="3492" KundEigtNr="164" ObjektID="11900" ZuordnungsartID="5"/>
  <Zuordnungstabelle Zuordnungsnummer="3493" KundEigtNr="164" ObjektID="11901" ZuordnungsartID="5"/>
  <Zuordnungstabelle Zuordnungsnummer="3494" KundEigtNr="164" ObjektID="11902" ZuordnungsartID="5"/>
  <Zuordnungstabelle Zuordnungsnummer="3495" KundEigtNr="164" ObjektID="11903" ZuordnungsartID="5"/>
  <Zuordnungstabelle Zuordnungsnummer="3496" KundEigtNr="164" ObjektID="11904" ZuordnungsartID="5"/>
  <Zuordnungstabelle Zuordnungsnummer="3497" KundEigtNr="164" ObjektID="11905" ZuordnungsartID="5"/>
  <Zuordnungstabelle Zuordnungsnummer="3498" KundEigtNr="164" ObjektID="11906" ZuordnungsartID="5"/>
  <Zuordnungstabelle Zuordnungsnummer="3499" KundEigtNr="164" ObjektID="11907" ZuordnungsartID="5"/>
  <Zuordnungstabelle Zuordnungsnummer="3500" KundEigtNr="164" ObjektID="11908" ZuordnungsartID="5"/>
  <Zuordnungstabelle Zuordnungsnummer="3501" KundEigtNr="164" ObjektID="11909" ZuordnungsartID="5"/>
  <Zuordnungstabelle Zuordnungsnummer="3502" KundEigtNr="164" ObjektID="11910" ZuordnungsartID="5"/>
  <Zuordnungstabelle Zuordnungsnummer="3503" KundEigtNr="164" ObjektID="11911" ZuordnungsartID="5"/>
  <Zuordnungstabelle Zuordnungsnummer="3504" KundEigtNr="164" ObjektID="11912" ZuordnungsartID="5"/>
  <Zuordnungstabelle Zuordnungsnummer="3505" KundEigtNr="164" ObjektID="11913" ZuordnungsartID="5"/>
  <Zuordnungstabelle Zuordnungsnummer="3506" KundEigtNr="164" ObjektID="11914" ZuordnungsartID="5"/>
  <Zuordnungstabelle Zuordnungsnummer="3507" KundEigtNr="164" ObjektID="11915" ZuordnungsartID="5"/>
  <Zuordnungstabelle Zuordnungsnummer="3508" KundEigtNr="164" ObjektID="11916" ZuordnungsartID="5"/>
  <Zuordnungstabelle Zuordnungsnummer="3509" KundEigtNr="164" ObjektID="11917" ZuordnungsartID="5"/>
  <Zuordnungstabelle Zuordnungsnummer="3510" KundEigtNr="164" ObjektID="11918" ZuordnungsartID="5"/>
  <Zuordnungstabelle Zuordnungsnummer="3511" KundEigtNr="164" ObjektID="11919" ZuordnungsartID="5"/>
  <Zuordnungstabelle Zuordnungsnummer="3512" KundEigtNr="164" ObjektID="11920" ZuordnungsartID="5"/>
  <Zuordnungstabelle Zuordnungsnummer="3513" KundEigtNr="164" ObjektID="11921" ZuordnungsartID="5"/>
  <Zuordnungstabelle Zuordnungsnummer="3514" KundEigtNr="164" ObjektID="11922" ZuordnungsartID="5"/>
  <Zuordnungstabelle Zuordnungsnummer="3515" KundEigtNr="164" ObjektID="11923" ZuordnungsartID="5"/>
  <Zuordnungstabelle Zuordnungsnummer="3516" KundEigtNr="164" ObjektID="11924" ZuordnungsartID="5"/>
  <Zuordnungstabelle Zuordnungsnummer="3517" KundEigtNr="164" ObjektID="11925" ZuordnungsartID="5"/>
  <Zuordnungstabelle Zuordnungsnummer="3518" KundEigtNr="164" ObjektID="11926" ZuordnungsartID="5"/>
  <Zuordnungstabelle Zuordnungsnummer="3519" KundEigtNr="164" ObjektID="11927" ZuordnungsartID="5"/>
  <Zuordnungstabelle Zuordnungsnummer="3520" KundEigtNr="164" ObjektID="11928" ZuordnungsartID="5"/>
  <Zuordnungstabelle Zuordnungsnummer="3521" KundEigtNr="164" ObjektID="11929" ZuordnungsartID="5"/>
  <Zuordnungstabelle Zuordnungsnummer="3522" KundEigtNr="164" ObjektID="11930" ZuordnungsartID="5"/>
  <Zuordnungstabelle Zuordnungsnummer="3523" KundEigtNr="164" ObjektID="11931" ZuordnungsartID="5"/>
  <Zuordnungstabelle Zuordnungsnummer="3524" KundEigtNr="164" ObjektID="11932" ZuordnungsartID="5"/>
  <Zuordnungstabelle Zuordnungsnummer="3525" KundEigtNr="164" ObjektID="11933" ZuordnungsartID="5"/>
  <Zuordnungstabelle Zuordnungsnummer="3526" KundEigtNr="164" ObjektID="11934" ZuordnungsartID="5"/>
  <Zuordnungstabelle Zuordnungsnummer="3527" KundEigtNr="164" ObjektID="11935" ZuordnungsartID="5"/>
  <Zuordnungstabelle Zuordnungsnummer="3528" KundEigtNr="164" ObjektID="11936" ZuordnungsartID="5"/>
  <Zuordnungstabelle Zuordnungsnummer="3529" KundEigtNr="164" ObjektID="11937" ZuordnungsartID="5"/>
  <Zuordnungstabelle Zuordnungsnummer="3530" KundEigtNr="164" ObjektID="11938" ZuordnungsartID="5"/>
  <Zuordnungstabelle Zuordnungsnummer="3532" KundEigtNr="164" ObjektID="11939" ZuordnungsartID="5"/>
  <Zuordnungstabelle Zuordnungsnummer="3533" KundEigtNr="164" ObjektID="11940" ZuordnungsartID="5"/>
  <Zuordnungstabelle Zuordnungsnummer="3534" KundEigtNr="164" ObjektID="11941" ZuordnungsartID="5"/>
  <Zuordnungstabelle Zuordnungsnummer="3535" KundEigtNr="164" ObjektID="11942" ZuordnungsartID="5"/>
  <Zuordnungstabelle Zuordnungsnummer="3536" KundEigtNr="164" ObjektID="11943" ZuordnungsartID="5"/>
  <Zuordnungstabelle Zuordnungsnummer="3537" KundEigtNr="164" ObjektID="11944" ZuordnungsartID="5"/>
  <Zuordnungstabelle Zuordnungsnummer="3538" KundEigtNr="164" ObjektID="11945" ZuordnungsartID="5"/>
  <Zuordnungstabelle Zuordnungsnummer="3539" KundEigtNr="164" ObjektID="11946" ZuordnungsartID="5"/>
  <Zuordnungstabelle Zuordnungsnummer="3540" KundEigtNr="164" ObjektID="11947" ZuordnungsartID="5"/>
  <Zuordnungstabelle Zuordnungsnummer="3541" KundEigtNr="164" ObjektID="11948" ZuordnungsartID="5"/>
  <Zuordnungstabelle Zuordnungsnummer="3542" KundEigtNr="164" ObjektID="11949" ZuordnungsartID="5"/>
  <Zuordnungstabelle Zuordnungsnummer="3543" KundEigtNr="164" ObjektID="11950" ZuordnungsartID="5"/>
  <Zuordnungstabelle Zuordnungsnummer="3544" KundEigtNr="164" ObjektID="11951" ZuordnungsartID="5"/>
  <Zuordnungstabelle Zuordnungsnummer="3545" KundEigtNr="164" ObjektID="11952" ZuordnungsartID="5"/>
  <Zuordnungstabelle Zuordnungsnummer="3546" KundEigtNr="164" ObjektID="11953" ZuordnungsartID="5"/>
  <Zuordnungstabelle Zuordnungsnummer="3547" KundEigtNr="164" ObjektID="11954" ZuordnungsartID="5"/>
  <Zuordnungstabelle Zuordnungsnummer="3548" KundEigtNr="164" ObjektID="11955" ZuordnungsartID="5"/>
  <Zuordnungstabelle Zuordnungsnummer="3549" KundEigtNr="164" ObjektID="11956" ZuordnungsartID="5"/>
  <Zuordnungstabelle Zuordnungsnummer="3550" KundEigtNr="164" ObjektID="11957" ZuordnungsartID="5"/>
  <Zuordnungstabelle Zuordnungsnummer="3551" KundEigtNr="164" ObjektID="11958" ZuordnungsartID="5"/>
  <Zuordnungstabelle Zuordnungsnummer="3552" KundEigtNr="164" ObjektID="11959" ZuordnungsartID="5"/>
  <Zuordnungstabelle Zuordnungsnummer="3553" KundEigtNr="164" ObjektID="11960" ZuordnungsartID="5"/>
  <Zuordnungstabelle Zuordnungsnummer="3554" KundEigtNr="164" ObjektID="11961" ZuordnungsartID="5"/>
  <Zuordnungstabelle Zuordnungsnummer="3555" KundEigtNr="164" ObjektID="11962" ZuordnungsartID="5"/>
  <Zuordnungstabelle Zuordnungsnummer="3556" KundEigtNr="164" ObjektID="11963" ZuordnungsartID="5"/>
  <Zuordnungstabelle Zuordnungsnummer="3557" KundEigtNr="164" ObjektID="11964" ZuordnungsartID="5"/>
  <Zuordnungstabelle Zuordnungsnummer="3558" KundEigtNr="164" ObjektID="11965" ZuordnungsartID="5"/>
  <Zuordnungstabelle Zuordnungsnummer="3559" KundEigtNr="164" ObjektID="11966" ZuordnungsartID="5"/>
  <Zuordnungstabelle Zuordnungsnummer="3560" KundEigtNr="164" ObjektID="11967" ZuordnungsartID="5"/>
  <Zuordnungstabelle Zuordnungsnummer="3561" KundEigtNr="164" ObjektID="11968" ZuordnungsartID="5"/>
  <Zuordnungstabelle Zuordnungsnummer="3562" KundEigtNr="164" ObjektID="11969" ZuordnungsartID="5"/>
  <Zuordnungstabelle Zuordnungsnummer="3563" KundEigtNr="164" ObjektID="11970" ZuordnungsartID="5"/>
  <Zuordnungstabelle Zuordnungsnummer="3564" KundEigtNr="164" ObjektID="11971" ZuordnungsartID="5"/>
  <Zuordnungstabelle Zuordnungsnummer="3565" KundEigtNr="164" ObjektID="11972" ZuordnungsartID="5"/>
  <Zuordnungstabelle Zuordnungsnummer="3566" KundEigtNr="164" ObjektID="11973" ZuordnungsartID="5"/>
  <Zuordnungstabelle Zuordnungsnummer="3567" KundEigtNr="164" ObjektID="11974" ZuordnungsartID="5"/>
  <Zuordnungstabelle Zuordnungsnummer="3568" KundEigtNr="164" ObjektID="11975" ZuordnungsartID="5"/>
  <Zuordnungstabelle Zuordnungsnummer="3569" KundEigtNr="164" ObjektID="11976" ZuordnungsartID="5"/>
  <Zuordnungstabelle Zuordnungsnummer="3570" KundEigtNr="164" ObjektID="11977" ZuordnungsartID="5"/>
  <Zuordnungstabelle Zuordnungsnummer="3571" KundEigtNr="164" ObjektID="11978" ZuordnungsartID="5"/>
  <Zuordnungstabelle Zuordnungsnummer="3572" KundEigtNr="164" ObjektID="11979" ZuordnungsartID="5"/>
  <Zuordnungstabelle Zuordnungsnummer="3573" KundEigtNr="164" ObjektID="11980" ZuordnungsartID="5"/>
  <Zuordnungstabelle Zuordnungsnummer="3574" KundEigtNr="164" ObjektID="11981" ZuordnungsartID="5"/>
  <Zuordnungstabelle Zuordnungsnummer="3575" KundEigtNr="164" ObjektID="11982" ZuordnungsartID="5"/>
  <Zuordnungstabelle Zuordnungsnummer="3576" KundEigtNr="164" ObjektID="11983" ZuordnungsartID="5"/>
  <Zuordnungstabelle Zuordnungsnummer="3577" KundEigtNr="164" ObjektID="11984" ZuordnungsartID="5"/>
  <Zuordnungstabelle Zuordnungsnummer="3578" KundEigtNr="164" ObjektID="11985" ZuordnungsartID="5"/>
  <Zuordnungstabelle Zuordnungsnummer="3579" KundEigtNr="164" ObjektID="11986" ZuordnungsartID="5"/>
  <Zuordnungstabelle Zuordnungsnummer="3580" KundEigtNr="164" ObjektID="11987" ZuordnungsartID="5"/>
  <Zuordnungstabelle Zuordnungsnummer="3581" KundEigtNr="164" ObjektID="11988" ZuordnungsartID="5"/>
  <Zuordnungstabelle Zuordnungsnummer="3582" KundEigtNr="164" ObjektID="11989" ZuordnungsartID="5"/>
  <Zuordnungstabelle Zuordnungsnummer="3583" KundEigtNr="164" ObjektID="11990" ZuordnungsartID="5"/>
  <Zuordnungstabelle Zuordnungsnummer="3584" KundEigtNr="164" ObjektID="11991" ZuordnungsartID="5"/>
  <Zuordnungstabelle Zuordnungsnummer="3585" KundEigtNr="164" ObjektID="11992" ZuordnungsartID="5"/>
  <Zuordnungstabelle Zuordnungsnummer="3586" KundEigtNr="164" ObjektID="11993" ZuordnungsartID="5"/>
  <Zuordnungstabelle Zuordnungsnummer="3587" KundEigtNr="164" ObjektID="11994" ZuordnungsartID="5"/>
  <Zuordnungstabelle Zuordnungsnummer="3588" KundEigtNr="164" ObjektID="11995" ZuordnungsartID="5"/>
  <Zuordnungstabelle Zuordnungsnummer="3589" KundEigtNr="164" ObjektID="11996" ZuordnungsartID="5"/>
  <Zuordnungstabelle Zuordnungsnummer="3590" KundEigtNr="164" ObjektID="11997" ZuordnungsartID="5"/>
  <Zuordnungstabelle Zuordnungsnummer="3591" KundEigtNr="164" ObjektID="11998" ZuordnungsartID="5"/>
  <Zuordnungstabelle Zuordnungsnummer="3592" KundEigtNr="164" ObjektID="11999" ZuordnungsartID="5"/>
  <Zuordnungstabelle Zuordnungsnummer="3593" KundEigtNr="164" ObjektID="12000" ZuordnungsartID="5"/>
  <Zuordnungstabelle Zuordnungsnummer="3594" KundEigtNr="164" ObjektID="12001" ZuordnungsartID="5"/>
  <Zuordnungstabelle Zuordnungsnummer="3595" KundEigtNr="164" ObjektID="12002" ZuordnungsartID="5"/>
  <Zuordnungstabelle Zuordnungsnummer="3596" KundEigtNr="164" ObjektID="12003" ZuordnungsartID="5"/>
  <Zuordnungstabelle Zuordnungsnummer="3597" KundEigtNr="164" ObjektID="12004" ZuordnungsartID="5"/>
  <Zuordnungstabelle Zuordnungsnummer="3598" KundEigtNr="164" ObjektID="12005" ZuordnungsartID="5"/>
  <Zuordnungstabelle Zuordnungsnummer="3599" KundEigtNr="164" ObjektID="12006" ZuordnungsartID="5"/>
  <Zuordnungstabelle Zuordnungsnummer="3600" KundEigtNr="164" ObjektID="12007" ZuordnungsartID="5"/>
  <Zuordnungstabelle Zuordnungsnummer="3601" KundEigtNr="164" ObjektID="12008" ZuordnungsartID="5"/>
  <Zuordnungstabelle Zuordnungsnummer="3602" KundEigtNr="164" ObjektID="12009" ZuordnungsartID="5"/>
  <Zuordnungstabelle Zuordnungsnummer="3603" KundEigtNr="164" ObjektID="12010" ZuordnungsartID="5"/>
  <Zuordnungstabelle Zuordnungsnummer="3604" KundEigtNr="164" ObjektID="12011" ZuordnungsartID="5"/>
  <Zuordnungstabelle Zuordnungsnummer="3605" KundEigtNr="164" ObjektID="12012" ZuordnungsartID="5"/>
  <Zuordnungstabelle Zuordnungsnummer="3606" KundEigtNr="164" ObjektID="12013" ZuordnungsartID="5"/>
  <Zuordnungstabelle Zuordnungsnummer="3607" KundEigtNr="164" ObjektID="12014" ZuordnungsartID="5"/>
  <Zuordnungstabelle Zuordnungsnummer="3608" KundEigtNr="164" ObjektID="12015" ZuordnungsartID="5"/>
  <Zuordnungstabelle Zuordnungsnummer="3609" KundEigtNr="164" ObjektID="12016" ZuordnungsartID="5"/>
  <Zuordnungstabelle Zuordnungsnummer="3610" KundEigtNr="164" ObjektID="12017" ZuordnungsartID="5"/>
  <Zuordnungstabelle Zuordnungsnummer="3611" KundEigtNr="164" ObjektID="12018" ZuordnungsartID="5"/>
  <Zuordnungstabelle Zuordnungsnummer="3612" KundEigtNr="164" ObjektID="12019" ZuordnungsartID="5"/>
  <Zuordnungstabelle Zuordnungsnummer="3613" KundEigtNr="164" ObjektID="12020" ZuordnungsartID="5"/>
  <Zuordnungstabelle Zuordnungsnummer="3614" KundEigtNr="164" ObjektID="12021" ZuordnungsartID="5"/>
  <Zuordnungstabelle Zuordnungsnummer="3615" KundEigtNr="164" ObjektID="12022" ZuordnungsartID="5"/>
  <Zuordnungstabelle Zuordnungsnummer="3616" KundEigtNr="164" ObjektID="12023" ZuordnungsartID="5"/>
  <Zuordnungstabelle Zuordnungsnummer="3617" KundEigtNr="164" ObjektID="12024" ZuordnungsartID="5"/>
  <Zuordnungstabelle Zuordnungsnummer="3618" KundEigtNr="164" ObjektID="12025" ZuordnungsartID="5"/>
  <Zuordnungstabelle Zuordnungsnummer="3619" KundEigtNr="164" ObjektID="12026" ZuordnungsartID="5"/>
  <Zuordnungstabelle Zuordnungsnummer="3620" KundEigtNr="164" ObjektID="12027" ZuordnungsartID="5"/>
  <Zuordnungstabelle Zuordnungsnummer="3621" KundEigtNr="164" ObjektID="12028" ZuordnungsartID="5"/>
  <Zuordnungstabelle Zuordnungsnummer="3622" KundEigtNr="164" ObjektID="12029" ZuordnungsartID="5"/>
  <Zuordnungstabelle Zuordnungsnummer="3623" KundEigtNr="164" ObjektID="12030" ZuordnungsartID="5"/>
  <Zuordnungstabelle Zuordnungsnummer="3624" KundEigtNr="164" ObjektID="12031" ZuordnungsartID="5"/>
  <Zuordnungstabelle Zuordnungsnummer="3625" KundEigtNr="164" ObjektID="12032" ZuordnungsartID="5"/>
  <Zuordnungstabelle Zuordnungsnummer="3626" KundEigtNr="164" ObjektID="12033" ZuordnungsartID="5"/>
  <Zuordnungstabelle Zuordnungsnummer="3627" KundEigtNr="164" ObjektID="12034" ZuordnungsartID="5"/>
  <Zuordnungstabelle Zuordnungsnummer="3628" KundEigtNr="164" ObjektID="12035" ZuordnungsartID="5"/>
  <Zuordnungstabelle Zuordnungsnummer="3629" KundEigtNr="164" ObjektID="12036" ZuordnungsartID="5"/>
  <Zuordnungstabelle Zuordnungsnummer="3630" KundEigtNr="164" ObjektID="12037" ZuordnungsartID="5"/>
  <Zuordnungstabelle Zuordnungsnummer="3631" KundEigtNr="164" ObjektID="12038" ZuordnungsartID="5"/>
  <Zuordnungstabelle Zuordnungsnummer="3632" KundEigtNr="164" ObjektID="12039" ZuordnungsartID="5"/>
  <Zuordnungstabelle Zuordnungsnummer="3633" KundEigtNr="164" ObjektID="12040" ZuordnungsartID="5"/>
  <Zuordnungstabelle Zuordnungsnummer="3634" KundEigtNr="164" ObjektID="12041" ZuordnungsartID="5"/>
  <Zuordnungstabelle Zuordnungsnummer="3635" KundEigtNr="164" ObjektID="12042" ZuordnungsartID="5"/>
  <Zuordnungstabelle Zuordnungsnummer="3636" KundEigtNr="164" ObjektID="12043" ZuordnungsartID="5"/>
  <Zuordnungstabelle Zuordnungsnummer="3637" KundEigtNr="164" ObjektID="12044" ZuordnungsartID="5"/>
  <Zuordnungstabelle Zuordnungsnummer="3638" KundEigtNr="164" ObjektID="12045" ZuordnungsartID="5"/>
  <Zuordnungstabelle Zuordnungsnummer="3639" KundEigtNr="164" ObjektID="12046" ZuordnungsartID="5"/>
  <Zuordnungstabelle Zuordnungsnummer="3640" KundEigtNr="164" ObjektID="12047" ZuordnungsartID="5"/>
  <Zuordnungstabelle Zuordnungsnummer="3641" KundEigtNr="164" ObjektID="12048" ZuordnungsartID="5"/>
  <Zuordnungstabelle Zuordnungsnummer="3642" KundEigtNr="164" ObjektID="12049" ZuordnungsartID="5"/>
  <Zuordnungstabelle Zuordnungsnummer="3643" KundEigtNr="164" ObjektID="12050" ZuordnungsartID="5"/>
  <Zuordnungstabelle Zuordnungsnummer="3644" KundEigtNr="164" ObjektID="12051" ZuordnungsartID="5"/>
  <Zuordnungstabelle Zuordnungsnummer="3645" KundEigtNr="164" ObjektID="12052" ZuordnungsartID="5"/>
  <Zuordnungstabelle Zuordnungsnummer="3646" KundEigtNr="164" ObjektID="12053" ZuordnungsartID="5"/>
  <Zuordnungstabelle Zuordnungsnummer="3647" KundEigtNr="164" ObjektID="12054" ZuordnungsartID="5"/>
  <Zuordnungstabelle Zuordnungsnummer="3648" KundEigtNr="164" ObjektID="12055" ZuordnungsartID="5"/>
  <Zuordnungstabelle Zuordnungsnummer="3649" KundEigtNr="164" ObjektID="12056" ZuordnungsartID="5"/>
  <Zuordnungstabelle Zuordnungsnummer="3650" KundEigtNr="164" ObjektID="12057" ZuordnungsartID="5"/>
  <Zuordnungstabelle Zuordnungsnummer="3651" KundEigtNr="164" ObjektID="12058" ZuordnungsartID="5"/>
  <Zuordnungstabelle Zuordnungsnummer="3652" KundEigtNr="164" ObjektID="12059" ZuordnungsartID="5"/>
  <Zuordnungstabelle Zuordnungsnummer="3653" KundEigtNr="164" ObjektID="12060" ZuordnungsartID="5"/>
  <Zuordnungstabelle Zuordnungsnummer="3654" KundEigtNr="164" ObjektID="12061" ZuordnungsartID="5"/>
  <Zuordnungstabelle Zuordnungsnummer="3655" KundEigtNr="164" ObjektID="12062" ZuordnungsartID="5"/>
  <Zuordnungstabelle Zuordnungsnummer="3656" KundEigtNr="164" ObjektID="12063" ZuordnungsartID="8"/>
  <Zuordnungstabelle Zuordnungsnummer="3657" KundEigtNr="164" ObjektID="12064" ZuordnungsartID="5"/>
  <Zuordnungstabelle Zuordnungsnummer="3658" KundEigtNr="164" ObjektID="12065" ZuordnungsartID="5"/>
  <Zuordnungstabelle Zuordnungsnummer="3659" KundEigtNr="164" ObjektID="12066" ZuordnungsartID="5"/>
  <Zuordnungstabelle Zuordnungsnummer="3660" KundEigtNr="164" ObjektID="12067" ZuordnungsartID="5"/>
  <Zuordnungstabelle Zuordnungsnummer="3661" KundEigtNr="164" ObjektID="12068" ZuordnungsartID="5"/>
  <Zuordnungstabelle Zuordnungsnummer="3662" KundEigtNr="164" ObjektID="12069" ZuordnungsartID="5"/>
  <Zuordnungstabelle Zuordnungsnummer="3663" KundEigtNr="164" ObjektID="12070" ZuordnungsartID="5"/>
  <Zuordnungstabelle Zuordnungsnummer="3664" KundEigtNr="164" ObjektID="12071" ZuordnungsartID="5"/>
  <Zuordnungstabelle Zuordnungsnummer="3665" KundEigtNr="164" ObjektID="12072" ZuordnungsartID="5"/>
  <Zuordnungstabelle Zuordnungsnummer="3666" KundEigtNr="164" ObjektID="12073" ZuordnungsartID="5"/>
  <Zuordnungstabelle Zuordnungsnummer="3667" KundEigtNr="164" ObjektID="12074" ZuordnungsartID="5"/>
  <Zuordnungstabelle Zuordnungsnummer="3668" KundEigtNr="164" ObjektID="12075" ZuordnungsartID="5"/>
  <Zuordnungstabelle Zuordnungsnummer="3669" KundEigtNr="164" ObjektID="12076" ZuordnungsartID="5"/>
  <Zuordnungstabelle Zuordnungsnummer="3670" KundEigtNr="164" ObjektID="12077" ZuordnungsartID="5"/>
  <Zuordnungstabelle Zuordnungsnummer="3671" KundEigtNr="164" ObjektID="12078" ZuordnungsartID="5"/>
  <Zuordnungstabelle Zuordnungsnummer="3672" KundEigtNr="164" ObjektID="12079" ZuordnungsartID="5"/>
  <Zuordnungstabelle Zuordnungsnummer="3673" KundEigtNr="164" ObjektID="12080" ZuordnungsartID="5"/>
  <Zuordnungstabelle Zuordnungsnummer="3674" KundEigtNr="164" ObjektID="12081" ZuordnungsartID="5"/>
  <Zuordnungstabelle Zuordnungsnummer="3675" KundEigtNr="164" ObjektID="12082" ZuordnungsartID="5"/>
  <Zuordnungstabelle Zuordnungsnummer="3676" KundEigtNr="164" ObjektID="12083" ZuordnungsartID="5"/>
  <Zuordnungstabelle Zuordnungsnummer="3677" KundEigtNr="164" ObjektID="12084" ZuordnungsartID="5"/>
  <Zuordnungstabelle Zuordnungsnummer="3678" KundEigtNr="164" ObjektID="12085" ZuordnungsartID="5"/>
  <Zuordnungstabelle Zuordnungsnummer="3679" KundEigtNr="164" ObjektID="12086" ZuordnungsartID="5"/>
  <Zuordnungstabelle Zuordnungsnummer="3680" KundEigtNr="5158" ObjektID="12201" ZuordnungsartID="5"/>
  <Zuordnungstabelle Zuordnungsnummer="3683" KundEigtNr="5171" ObjektID="9605" ZuordnungsartID="5"/>
  <Zuordnungstabelle Zuordnungsnummer="3684" KundEigtNr="5172" ObjektID="9611" ZuordnungsartID="5"/>
  <Zuordnungstabelle Zuordnungsnummer="3685" KundEigtNr="5174" ObjektID="9606" ZuordnungsartID="5"/>
  <Zuordnungstabelle Zuordnungsnummer="3687" KundEigtNr="5175" ObjektID="9607" ZuordnungsartID="5"/>
  <Zuordnungstabelle Zuordnungsnummer="3688" KundEigtNr="5175" ObjektID="9609" ZuordnungsartID="5"/>
  <Zuordnungstabelle Zuordnungsnummer="3689" KundEigtNr="164" ObjektID="12206" ZuordnungsartID="5"/>
  <Zuordnungstabelle Zuordnungsnummer="3690" KundEigtNr="164" ObjektID="12207" ZuordnungsartID="5"/>
  <Zuordnungstabelle Zuordnungsnummer="3691" KundEigtNr="164" ObjektID="12208" ZuordnungsartID="5"/>
  <Zuordnungstabelle Zuordnungsnummer="3692" KundEigtNr="164" ObjektID="12209" ZuordnungsartID="5"/>
  <Zuordnungstabelle Zuordnungsnummer="3693" KundEigtNr="164" ObjektID="12210" ZuordnungsartID="5"/>
  <Zuordnungstabelle Zuordnungsnummer="3694" KundEigtNr="164" ObjektID="12211" ZuordnungsartID="5"/>
  <Zuordnungstabelle Zuordnungsnummer="3695" KundEigtNr="164" ObjektID="12212" ZuordnungsartID="5"/>
  <Zuordnungstabelle Zuordnungsnummer="3696" KundEigtNr="164" ObjektID="12213" ZuordnungsartID="5"/>
  <Zuordnungstabelle Zuordnungsnummer="3697" KundEigtNr="164" ObjektID="12214" ZuordnungsartID="5"/>
  <Zuordnungstabelle Zuordnungsnummer="3698" KundEigtNr="164" ObjektID="12215" ZuordnungsartID="5"/>
  <Zuordnungstabelle Zuordnungsnummer="3699" KundEigtNr="164" ObjektID="2598" ZuordnungsartID="5"/>
  <Zuordnungstabelle Zuordnungsnummer="3700" KundEigtNr="164" ObjektID="2613" ZuordnungsartID="5"/>
  <Zuordnungstabelle Zuordnungsnummer="3701" KundEigtNr="164" ObjektID="2621" ZuordnungsartID="5"/>
  <Zuordnungstabelle Zuordnungsnummer="3702" KundEigtNr="164" ObjektID="2675" ZuordnungsartID="5"/>
  <Zuordnungstabelle Zuordnungsnummer="3703" KundEigtNr="164" ObjektID="2668" ZuordnungsartID="5"/>
  <Zuordnungstabelle Zuordnungsnummer="3704" KundEigtNr="164" ObjektID="4299" ZuordnungsartID="5"/>
  <Zuordnungstabelle Zuordnungsnummer="3705" KundEigtNr="164" ObjektID="4300" ZuordnungsartID="5"/>
  <Zuordnungstabelle Zuordnungsnummer="3706" KundEigtNr="164" ObjektID="4301" ZuordnungsartID="5"/>
  <Zuordnungstabelle Zuordnungsnummer="3707" KundEigtNr="164" ObjektID="4302" ZuordnungsartID="5"/>
  <Zuordnungstabelle Zuordnungsnummer="3708" KundEigtNr="164" ObjektID="12216" ZuordnungsartID="5"/>
  <Zuordnungstabelle Zuordnungsnummer="3709" KundEigtNr="164" ObjektID="12217" ZuordnungsartID="5"/>
  <Zuordnungstabelle Zuordnungsnummer="3710" KundEigtNr="164" ObjektID="12218" ZuordnungsartID="5"/>
  <Zuordnungstabelle Zuordnungsnummer="3711" KundEigtNr="164" ObjektID="12219" ZuordnungsartID="5"/>
  <Zuordnungstabelle Zuordnungsnummer="3712" KundEigtNr="164" ObjektID="12220" ZuordnungsartID="5"/>
  <Zuordnungstabelle Zuordnungsnummer="3713" KundEigtNr="164" ObjektID="12221" ZuordnungsartID="5"/>
  <Zuordnungstabelle Zuordnungsnummer="3714" KundEigtNr="164" ObjektID="12222" ZuordnungsartID="5"/>
  <Zuordnungstabelle Zuordnungsnummer="3715" KundEigtNr="164" ObjektID="12223" ZuordnungsartID="5"/>
  <Zuordnungstabelle Zuordnungsnummer="3716" KundEigtNr="164" ObjektID="12224" ZuordnungsartID="5"/>
  <Zuordnungstabelle Zuordnungsnummer="3717" KundEigtNr="164" ObjektID="12225" ZuordnungsartID="5"/>
  <Zuordnungstabelle Zuordnungsnummer="3718" KundEigtNr="164" ObjektID="12226" ZuordnungsartID="5"/>
  <Zuordnungstabelle Zuordnungsnummer="3719" KundEigtNr="164" ObjektID="12227" ZuordnungsartID="5"/>
  <Zuordnungstabelle Zuordnungsnummer="3720" KundEigtNr="164" ObjektID="12228" ZuordnungsartID="5"/>
  <Zuordnungstabelle Zuordnungsnummer="3721" KundEigtNr="164" ObjektID="12229" ZuordnungsartID="5"/>
  <Zuordnungstabelle Zuordnungsnummer="3722" KundEigtNr="164" ObjektID="12230" ZuordnungsartID="5"/>
  <Zuordnungstabelle Zuordnungsnummer="3723" KundEigtNr="164" ObjektID="12231" ZuordnungsartID="5"/>
  <Zuordnungstabelle Zuordnungsnummer="3724" KundEigtNr="164" ObjektID="12232" ZuordnungsartID="5"/>
  <Zuordnungstabelle Zuordnungsnummer="3725" KundEigtNr="164" ObjektID="12233" ZuordnungsartID="5"/>
  <Zuordnungstabelle Zuordnungsnummer="3726" KundEigtNr="164" ObjektID="12234" ZuordnungsartID="5"/>
  <Zuordnungstabelle Zuordnungsnummer="3727" KundEigtNr="164" ObjektID="12235" ZuordnungsartID="5"/>
  <Zuordnungstabelle Zuordnungsnummer="3728" KundEigtNr="164" ObjektID="12236" ZuordnungsartID="5"/>
  <Zuordnungstabelle Zuordnungsnummer="3729" KundEigtNr="164" ObjektID="12237" ZuordnungsartID="5"/>
  <Zuordnungstabelle Zuordnungsnummer="3730" KundEigtNr="164" ObjektID="12238" ZuordnungsartID="5"/>
  <Zuordnungstabelle Zuordnungsnummer="3731" KundEigtNr="164" ObjektID="12239" ZuordnungsartID="5"/>
  <Zuordnungstabelle Zuordnungsnummer="3732" KundEigtNr="164" ObjektID="12240" ZuordnungsartID="5"/>
  <Zuordnungstabelle Zuordnungsnummer="3733" KundEigtNr="164" ObjektID="12241" ZuordnungsartID="5"/>
  <Zuordnungstabelle Zuordnungsnummer="3734" KundEigtNr="164" ObjektID="12242" ZuordnungsartID="5"/>
  <Zuordnungstabelle Zuordnungsnummer="3735" KundEigtNr="164" ObjektID="12243" ZuordnungsartID="5"/>
  <Zuordnungstabelle Zuordnungsnummer="3736" KundEigtNr="164" ObjektID="12244" ZuordnungsartID="5"/>
  <Zuordnungstabelle Zuordnungsnummer="3737" KundEigtNr="164" ObjektID="12245" ZuordnungsartID="5"/>
  <Zuordnungstabelle Zuordnungsnummer="3738" KundEigtNr="164" ObjektID="12246" ZuordnungsartID="5"/>
  <Zuordnungstabelle Zuordnungsnummer="3739" KundEigtNr="164" ObjektID="12247" ZuordnungsartID="5"/>
  <Zuordnungstabelle Zuordnungsnummer="3740" KundEigtNr="164" ObjektID="12248" ZuordnungsartID="5"/>
  <Zuordnungstabelle Zuordnungsnummer="3741" KundEigtNr="164" ObjektID="12249" ZuordnungsartID="5"/>
  <Zuordnungstabelle Zuordnungsnummer="3742" KundEigtNr="164" ObjektID="12250" ZuordnungsartID="5"/>
  <Zuordnungstabelle Zuordnungsnummer="3743" KundEigtNr="164" ObjektID="12251" ZuordnungsartID="5"/>
  <Zuordnungstabelle Zuordnungsnummer="3744" KundEigtNr="164" ObjektID="12252" ZuordnungsartID="5"/>
  <Zuordnungstabelle Zuordnungsnummer="3745" KundEigtNr="164" ObjektID="12253" ZuordnungsartID="5"/>
  <Zuordnungstabelle Zuordnungsnummer="3746" KundEigtNr="164" ObjektID="12254" ZuordnungsartID="5"/>
  <Zuordnungstabelle Zuordnungsnummer="3747" KundEigtNr="164" ObjektID="12255" ZuordnungsartID="5"/>
  <Zuordnungstabelle Zuordnungsnummer="3748" KundEigtNr="164" ObjektID="12256" ZuordnungsartID="5"/>
  <Zuordnungstabelle Zuordnungsnummer="3749" KundEigtNr="164" ObjektID="12257" ZuordnungsartID="5"/>
  <Zuordnungstabelle Zuordnungsnummer="3750" KundEigtNr="164" ObjektID="12258" ZuordnungsartID="5"/>
  <Zuordnungstabelle Zuordnungsnummer="3751" KundEigtNr="164" ObjektID="12259" ZuordnungsartID="5"/>
  <Zuordnungstabelle Zuordnungsnummer="3752" KundEigtNr="164" ObjektID="12260" ZuordnungsartID="5"/>
  <Zuordnungstabelle Zuordnungsnummer="3753" KundEigtNr="164" ObjektID="12261" ZuordnungsartID="5"/>
  <Zuordnungstabelle Zuordnungsnummer="3754" KundEigtNr="164" ObjektID="12262" ZuordnungsartID="5"/>
  <Zuordnungstabelle Zuordnungsnummer="3755" KundEigtNr="164" ObjektID="12263" ZuordnungsartID="5"/>
  <Zuordnungstabelle Zuordnungsnummer="3756" KundEigtNr="164" ObjektID="12264" ZuordnungsartID="5"/>
  <Zuordnungstabelle Zuordnungsnummer="3757" KundEigtNr="164" ObjektID="12265" ZuordnungsartID="5"/>
  <Zuordnungstabelle Zuordnungsnummer="3758" KundEigtNr="164" ObjektID="12266" ZuordnungsartID="5"/>
  <Zuordnungstabelle Zuordnungsnummer="3759" KundEigtNr="164" ObjektID="12267" ZuordnungsartID="5"/>
  <Zuordnungstabelle Zuordnungsnummer="3760" KundEigtNr="164" ObjektID="12268" ZuordnungsartID="5"/>
  <Zuordnungstabelle Zuordnungsnummer="3761" KundEigtNr="164" ObjektID="12269" ZuordnungsartID="5"/>
  <Zuordnungstabelle Zuordnungsnummer="3762" KundEigtNr="164" ObjektID="12270" ZuordnungsartID="5"/>
  <Zuordnungstabelle Zuordnungsnummer="3763" KundEigtNr="164" ObjektID="12271" ZuordnungsartID="5"/>
  <Zuordnungstabelle Zuordnungsnummer="3764" KundEigtNr="164" ObjektID="12272" ZuordnungsartID="5"/>
  <Zuordnungstabelle Zuordnungsnummer="3765" KundEigtNr="164" ObjektID="12273" ZuordnungsartID="5"/>
  <Zuordnungstabelle Zuordnungsnummer="3766" KundEigtNr="164" ObjektID="12274" ZuordnungsartID="5"/>
  <Zuordnungstabelle Zuordnungsnummer="3767" KundEigtNr="164" ObjektID="12275" ZuordnungsartID="5"/>
  <Zuordnungstabelle Zuordnungsnummer="3768" KundEigtNr="164" ObjektID="12276" ZuordnungsartID="5"/>
  <Zuordnungstabelle Zuordnungsnummer="3769" KundEigtNr="164" ObjektID="12277" ZuordnungsartID="5"/>
  <Zuordnungstabelle Zuordnungsnummer="3770" KundEigtNr="164" ObjektID="12278" ZuordnungsartID="5"/>
  <Zuordnungstabelle Zuordnungsnummer="3771" KundEigtNr="164" ObjektID="12279" ZuordnungsartID="5"/>
  <Zuordnungstabelle Zuordnungsnummer="3772" KundEigtNr="164" ObjektID="12280" ZuordnungsartID="5"/>
  <Zuordnungstabelle Zuordnungsnummer="3773" KundEigtNr="164" ObjektID="12281" ZuordnungsartID="5"/>
  <Zuordnungstabelle Zuordnungsnummer="3774" KundEigtNr="164" ObjektID="12282" ZuordnungsartID="5"/>
  <Zuordnungstabelle Zuordnungsnummer="3775" KundEigtNr="164" ObjektID="12283" ZuordnungsartID="5"/>
  <Zuordnungstabelle Zuordnungsnummer="3776" KundEigtNr="164" ObjektID="12284" ZuordnungsartID="5"/>
  <Zuordnungstabelle Zuordnungsnummer="3777" KundEigtNr="164" ObjektID="12285" ZuordnungsartID="5"/>
  <Zuordnungstabelle Zuordnungsnummer="3778" KundEigtNr="164" ObjektID="12286" ZuordnungsartID="5"/>
  <Zuordnungstabelle Zuordnungsnummer="3779" KundEigtNr="164" ObjektID="12287" ZuordnungsartID="5"/>
  <Zuordnungstabelle Zuordnungsnummer="3780" KundEigtNr="164" ObjektID="12288" ZuordnungsartID="5"/>
  <Zuordnungstabelle Zuordnungsnummer="3781" KundEigtNr="164" ObjektID="12289" ZuordnungsartID="5"/>
  <Zuordnungstabelle Zuordnungsnummer="3782" KundEigtNr="164" ObjektID="12290" ZuordnungsartID="5"/>
  <Zuordnungstabelle Zuordnungsnummer="3783" KundEigtNr="164" ObjektID="12291" ZuordnungsartID="5"/>
  <Zuordnungstabelle Zuordnungsnummer="3784" KundEigtNr="164" ObjektID="12292" ZuordnungsartID="5"/>
  <Zuordnungstabelle Zuordnungsnummer="3785" KundEigtNr="164" ObjektID="12293" ZuordnungsartID="5"/>
  <Zuordnungstabelle Zuordnungsnummer="3786" KundEigtNr="164" ObjektID="12294" ZuordnungsartID="5"/>
  <Zuordnungstabelle Zuordnungsnummer="3787" KundEigtNr="164" ObjektID="12295" ZuordnungsartID="5"/>
  <Zuordnungstabelle Zuordnungsnummer="3788" KundEigtNr="164" ObjektID="12296" ZuordnungsartID="5"/>
  <Zuordnungstabelle Zuordnungsnummer="3789" KundEigtNr="164" ObjektID="12297" ZuordnungsartID="5"/>
  <Zuordnungstabelle Zuordnungsnummer="3790" KundEigtNr="164" ObjektID="12298" ZuordnungsartID="5"/>
  <Zuordnungstabelle Zuordnungsnummer="3791" KundEigtNr="164" ObjektID="12299" ZuordnungsartID="5"/>
  <Zuordnungstabelle Zuordnungsnummer="3792" KundEigtNr="164" ObjektID="12300" ZuordnungsartID="5"/>
  <Zuordnungstabelle Zuordnungsnummer="3793" KundEigtNr="164" ObjektID="12301" ZuordnungsartID="5"/>
  <Zuordnungstabelle Zuordnungsnummer="3794" KundEigtNr="164" ObjektID="12302" ZuordnungsartID="5"/>
  <Zuordnungstabelle Zuordnungsnummer="3795" KundEigtNr="164" ObjektID="12303" ZuordnungsartID="5"/>
  <Zuordnungstabelle Zuordnungsnummer="3796" KundEigtNr="164" ObjektID="12304" ZuordnungsartID="5"/>
  <Zuordnungstabelle Zuordnungsnummer="3797" KundEigtNr="164" ObjektID="12305" ZuordnungsartID="5"/>
  <Zuordnungstabelle Zuordnungsnummer="3798" KundEigtNr="164" ObjektID="12306" ZuordnungsartID="5"/>
  <Zuordnungstabelle Zuordnungsnummer="3799" KundEigtNr="164" ObjektID="12307" ZuordnungsartID="5"/>
  <Zuordnungstabelle Zuordnungsnummer="3800" KundEigtNr="164" ObjektID="12308" ZuordnungsartID="5"/>
  <Zuordnungstabelle Zuordnungsnummer="3801" KundEigtNr="164" ObjektID="12309" ZuordnungsartID="5"/>
  <Zuordnungstabelle Zuordnungsnummer="3802" KundEigtNr="164" ObjektID="12310" ZuordnungsartID="5"/>
  <Zuordnungstabelle Zuordnungsnummer="3803" KundEigtNr="164" ObjektID="12311" ZuordnungsartID="5"/>
  <Zuordnungstabelle Zuordnungsnummer="3804" KundEigtNr="164" ObjektID="12312" ZuordnungsartID="5"/>
  <Zuordnungstabelle Zuordnungsnummer="3805" KundEigtNr="164" ObjektID="12313" ZuordnungsartID="5"/>
  <Zuordnungstabelle Zuordnungsnummer="3806" KundEigtNr="164" ObjektID="12314" ZuordnungsartID="5"/>
  <Zuordnungstabelle Zuordnungsnummer="3807" KundEigtNr="164" ObjektID="12315" ZuordnungsartID="5"/>
  <Zuordnungstabelle Zuordnungsnummer="3808" KundEigtNr="164" ObjektID="12316" ZuordnungsartID="5"/>
  <Zuordnungstabelle Zuordnungsnummer="3809" KundEigtNr="164" ObjektID="12317" ZuordnungsartID="5"/>
  <Zuordnungstabelle Zuordnungsnummer="3810" KundEigtNr="164" ObjektID="12318" ZuordnungsartID="5"/>
  <Zuordnungstabelle Zuordnungsnummer="3811" KundEigtNr="164" ObjektID="12319" ZuordnungsartID="5"/>
  <Zuordnungstabelle Zuordnungsnummer="3812" KundEigtNr="164" ObjektID="12320" ZuordnungsartID="5"/>
  <Zuordnungstabelle Zuordnungsnummer="3813" KundEigtNr="164" ObjektID="12321" ZuordnungsartID="5"/>
  <Zuordnungstabelle Zuordnungsnummer="3814" KundEigtNr="164" ObjektID="12322" ZuordnungsartID="5"/>
  <Zuordnungstabelle Zuordnungsnummer="3815" KundEigtNr="164" ObjektID="12323" ZuordnungsartID="5"/>
  <Zuordnungstabelle Zuordnungsnummer="3816" KundEigtNr="164" ObjektID="12324" ZuordnungsartID="5"/>
  <Zuordnungstabelle Zuordnungsnummer="3817" KundEigtNr="164" ObjektID="12325" ZuordnungsartID="5"/>
  <Zuordnungstabelle Zuordnungsnummer="3818" KundEigtNr="164" ObjektID="12326" ZuordnungsartID="5"/>
  <Zuordnungstabelle Zuordnungsnummer="3819" KundEigtNr="164" ObjektID="12327" ZuordnungsartID="5"/>
  <Zuordnungstabelle Zuordnungsnummer="3820" KundEigtNr="164" ObjektID="12328" ZuordnungsartID="5"/>
  <Zuordnungstabelle Zuordnungsnummer="3821" KundEigtNr="164" ObjektID="12329" ZuordnungsartID="5"/>
  <Zuordnungstabelle Zuordnungsnummer="3822" KundEigtNr="164" ObjektID="12330" ZuordnungsartID="5"/>
  <Zuordnungstabelle Zuordnungsnummer="3823" KundEigtNr="164" ObjektID="12331" ZuordnungsartID="5"/>
  <Zuordnungstabelle Zuordnungsnummer="3824" KundEigtNr="164" ObjektID="12332" ZuordnungsartID="5"/>
  <Zuordnungstabelle Zuordnungsnummer="3825" KundEigtNr="164" ObjektID="12333" ZuordnungsartID="5"/>
  <Zuordnungstabelle Zuordnungsnummer="3826" KundEigtNr="164" ObjektID="12334" ZuordnungsartID="5"/>
  <Zuordnungstabelle Zuordnungsnummer="3827" KundEigtNr="164" ObjektID="12335" ZuordnungsartID="5"/>
  <Zuordnungstabelle Zuordnungsnummer="3828" KundEigtNr="164" ObjektID="12336" ZuordnungsartID="5"/>
  <Zuordnungstabelle Zuordnungsnummer="3829" KundEigtNr="164" ObjektID="12337" ZuordnungsartID="5"/>
  <Zuordnungstabelle Zuordnungsnummer="3830" KundEigtNr="164" ObjektID="12338" ZuordnungsartID="5"/>
  <Zuordnungstabelle Zuordnungsnummer="3831" KundEigtNr="164" ObjektID="12339" ZuordnungsartID="5"/>
  <Zuordnungstabelle Zuordnungsnummer="3832" KundEigtNr="164" ObjektID="12340" ZuordnungsartID="5"/>
  <Zuordnungstabelle Zuordnungsnummer="3833" KundEigtNr="164" ObjektID="12341" ZuordnungsartID="5"/>
  <Zuordnungstabelle Zuordnungsnummer="3834" KundEigtNr="164" ObjektID="12342" ZuordnungsartID="5"/>
  <Zuordnungstabelle Zuordnungsnummer="3835" KundEigtNr="164" ObjektID="12343" ZuordnungsartID="5"/>
  <Zuordnungstabelle Zuordnungsnummer="3836" KundEigtNr="164" ObjektID="12344" ZuordnungsartID="5"/>
  <Zuordnungstabelle Zuordnungsnummer="3837" KundEigtNr="164" ObjektID="12345" ZuordnungsartID="5"/>
  <Zuordnungstabelle Zuordnungsnummer="3838" KundEigtNr="164" ObjektID="12346" ZuordnungsartID="5"/>
  <Zuordnungstabelle Zuordnungsnummer="3839" KundEigtNr="164" ObjektID="12347" ZuordnungsartID="5"/>
  <Zuordnungstabelle Zuordnungsnummer="3840" KundEigtNr="164" ObjektID="12348" ZuordnungsartID="5"/>
  <Zuordnungstabelle Zuordnungsnummer="3841" KundEigtNr="164" ObjektID="12349" ZuordnungsartID="5"/>
  <Zuordnungstabelle Zuordnungsnummer="3842" KundEigtNr="164" ObjektID="12350" ZuordnungsartID="5"/>
  <Zuordnungstabelle Zuordnungsnummer="3843" KundEigtNr="164" ObjektID="12351" ZuordnungsartID="5"/>
  <Zuordnungstabelle Zuordnungsnummer="3844" KundEigtNr="164" ObjektID="12352" ZuordnungsartID="5"/>
  <Zuordnungstabelle Zuordnungsnummer="3845" KundEigtNr="164" ObjektID="12353" ZuordnungsartID="5"/>
  <Zuordnungstabelle Zuordnungsnummer="3846" KundEigtNr="164" ObjektID="12354" ZuordnungsartID="5"/>
  <Zuordnungstabelle Zuordnungsnummer="3847" KundEigtNr="164" ObjektID="12355" ZuordnungsartID="5"/>
  <Zuordnungstabelle Zuordnungsnummer="3848" KundEigtNr="164" ObjektID="12356" ZuordnungsartID="5"/>
  <Zuordnungstabelle Zuordnungsnummer="3849" KundEigtNr="164" ObjektID="12357" ZuordnungsartID="5"/>
  <Zuordnungstabelle Zuordnungsnummer="3850" KundEigtNr="5050" ObjektID="4336" ZuordnungsartID="5"/>
  <Zuordnungstabelle Zuordnungsnummer="3851" KundEigtNr="5180" ObjektID="12358" ZuordnungsartID="5"/>
  <Zuordnungstabelle Zuordnungsnummer="3852" KundEigtNr="5189" ObjektID="12390" ZuordnungsartID="5"/>
  <Zuordnungstabelle Zuordnungsnummer="3853" KundEigtNr="5189" ObjektID="12391" ZuordnungsartID="5"/>
  <Zuordnungstabelle Zuordnungsnummer="3854" KundEigtNr="5189" ObjektID="12392" ZuordnungsartID="5"/>
  <Zuordnungstabelle Zuordnungsnummer="3855" KundEigtNr="5189" ObjektID="12393" ZuordnungsartID="5"/>
  <Zuordnungstabelle Zuordnungsnummer="3856" KundEigtNr="5189" ObjektID="12394" ZuordnungsartID="5"/>
  <Zuordnungstabelle Zuordnungsnummer="3857" KundEigtNr="5189" ObjektID="12395" ZuordnungsartID="5"/>
  <Zuordnungstabelle Zuordnungsnummer="3858" KundEigtNr="5189" ObjektID="12396" ZuordnungsartID="5"/>
  <Zuordnungstabelle Zuordnungsnummer="3859" KundEigtNr="5189" ObjektID="12397" ZuordnungsartID="5"/>
  <Zuordnungstabelle Zuordnungsnummer="3860" KundEigtNr="5189" ObjektID="12398" ZuordnungsartID="5"/>
  <Zuordnungstabelle Zuordnungsnummer="3861" KundEigtNr="5189" ObjektID="12399" ZuordnungsartID="5"/>
  <Zuordnungstabelle Zuordnungsnummer="3862" KundEigtNr="3773" ObjektID="12400" ZuordnungsartID="5"/>
  <Zuordnungstabelle Zuordnungsnummer="3863" KundEigtNr="3773" ObjektID="3976" ZuordnungsartID="5"/>
  <Zuordnungstabelle Zuordnungsnummer="3864" KundEigtNr="3773" ObjektID="1976" ZuordnungsartID="5"/>
  <Zuordnungstabelle Zuordnungsnummer="3865" KundEigtNr="240" ObjektID="12401" ZuordnungsartID="5"/>
  <Zuordnungstabelle Zuordnungsnummer="3866" KundEigtNr="240" ObjektID="12402" ZuordnungsartID="5"/>
  <Zuordnungstabelle Zuordnungsnummer="3867" KundEigtNr="240" ObjektID="12403" ZuordnungsartID="5"/>
  <Zuordnungstabelle Zuordnungsnummer="3868" KundEigtNr="240" ObjektID="12404" ZuordnungsartID="5"/>
  <Zuordnungstabelle Zuordnungsnummer="3869" KundEigtNr="240" ObjektID="12405" ZuordnungsartID="5"/>
  <Zuordnungstabelle Zuordnungsnummer="3870" KundEigtNr="240" ObjektID="12406" ZuordnungsartID="5"/>
  <Zuordnungstabelle Zuordnungsnummer="3871" KundEigtNr="240" ObjektID="12407" ZuordnungsartID="5"/>
  <Zuordnungstabelle Zuordnungsnummer="3872" KundEigtNr="240" ObjektID="12408" ZuordnungsartID="5"/>
  <Zuordnungstabelle Zuordnungsnummer="3873" KundEigtNr="240" ObjektID="12409" ZuordnungsartID="5"/>
  <Zuordnungstabelle Zuordnungsnummer="3874" KundEigtNr="240" ObjektID="12410" ZuordnungsartID="5"/>
  <Zuordnungstabelle Zuordnungsnummer="3875" KundEigtNr="240" ObjektID="12411" ZuordnungsartID="5"/>
  <Zuordnungstabelle Zuordnungsnummer="3876" KundEigtNr="240" ObjektID="12412" ZuordnungsartID="5"/>
  <Zuordnungstabelle Zuordnungsnummer="3877" KundEigtNr="240" ObjektID="12413" ZuordnungsartID="5"/>
  <Zuordnungstabelle Zuordnungsnummer="3878" KundEigtNr="240" ObjektID="12414" ZuordnungsartID="5"/>
  <Zuordnungstabelle Zuordnungsnummer="3879" KundEigtNr="240" ObjektID="12415" ZuordnungsartID="5"/>
  <Zuordnungstabelle Zuordnungsnummer="3880" KundEigtNr="240" ObjektID="12416" ZuordnungsartID="5"/>
  <Zuordnungstabelle Zuordnungsnummer="3881" KundEigtNr="240" ObjektID="12417" ZuordnungsartID="5"/>
  <Zuordnungstabelle Zuordnungsnummer="3882" KundEigtNr="240" ObjektID="12418" ZuordnungsartID="5"/>
  <Zuordnungstabelle Zuordnungsnummer="3883" KundEigtNr="240" ObjektID="12419" ZuordnungsartID="5"/>
  <Zuordnungstabelle Zuordnungsnummer="3884" KundEigtNr="240" ObjektID="12420" ZuordnungsartID="5"/>
  <Zuordnungstabelle Zuordnungsnummer="3885" KundEigtNr="240" ObjektID="12421" ZuordnungsartID="5"/>
  <Zuordnungstabelle Zuordnungsnummer="3886" KundEigtNr="240" ObjektID="12422" ZuordnungsartID="5"/>
  <Zuordnungstabelle Zuordnungsnummer="3887" KundEigtNr="240" ObjektID="12423" ZuordnungsartID="5"/>
  <Zuordnungstabelle Zuordnungsnummer="3888" KundEigtNr="240" ObjektID="12424" ZuordnungsartID="5"/>
  <Zuordnungstabelle Zuordnungsnummer="3889" KundEigtNr="240" ObjektID="12425" ZuordnungsartID="5"/>
  <Zuordnungstabelle Zuordnungsnummer="3890" KundEigtNr="240" ObjektID="12426" ZuordnungsartID="5"/>
  <Zuordnungstabelle Zuordnungsnummer="3891" KundEigtNr="240" ObjektID="12427" ZuordnungsartID="5"/>
  <Zuordnungstabelle Zuordnungsnummer="3892" KundEigtNr="240" ObjektID="12428" ZuordnungsartID="5"/>
  <Zuordnungstabelle Zuordnungsnummer="3893" KundEigtNr="240" ObjektID="8275" ZuordnungsartID="5"/>
  <Zuordnungstabelle Zuordnungsnummer="3894" KundEigtNr="240" ObjektID="8276" ZuordnungsartID="5"/>
  <Zuordnungstabelle Zuordnungsnummer="3895" KundEigtNr="240" ObjektID="8277" ZuordnungsartID="5"/>
  <Zuordnungstabelle Zuordnungsnummer="3896" KundEigtNr="240" ObjektID="8278" ZuordnungsartID="5"/>
  <Zuordnungstabelle Zuordnungsnummer="3897" KundEigtNr="240" ObjektID="8279" ZuordnungsartID="5"/>
  <Zuordnungstabelle Zuordnungsnummer="3898" KundEigtNr="240" ObjektID="8280" ZuordnungsartID="5"/>
  <Zuordnungstabelle Zuordnungsnummer="3899" KundEigtNr="240" ObjektID="8281" ZuordnungsartID="5"/>
  <Zuordnungstabelle Zuordnungsnummer="3900" KundEigtNr="240" ObjektID="8282" ZuordnungsartID="5"/>
  <Zuordnungstabelle Zuordnungsnummer="3901" KundEigtNr="240" ObjektID="12429" ZuordnungsartID="5"/>
  <Zuordnungstabelle Zuordnungsnummer="3902" KundEigtNr="240" ObjektID="12430" ZuordnungsartID="5"/>
  <Zuordnungstabelle Zuordnungsnummer="3903" KundEigtNr="240" ObjektID="12431" ZuordnungsartID="5"/>
  <Zuordnungstabelle Zuordnungsnummer="3904" KundEigtNr="240" ObjektID="12432" ZuordnungsartID="5"/>
  <Zuordnungstabelle Zuordnungsnummer="3905" KundEigtNr="240" ObjektID="12433" ZuordnungsartID="5"/>
  <Zuordnungstabelle Zuordnungsnummer="3906" KundEigtNr="240" ObjektID="12434" ZuordnungsartID="5"/>
  <Zuordnungstabelle Zuordnungsnummer="3907" KundEigtNr="240" ObjektID="12435" ZuordnungsartID="5"/>
  <Zuordnungstabelle Zuordnungsnummer="3908" KundEigtNr="240" ObjektID="12436" ZuordnungsartID="5"/>
  <Zuordnungstabelle Zuordnungsnummer="3909" KundEigtNr="240" ObjektID="12437" ZuordnungsartID="5"/>
  <Zuordnungstabelle Zuordnungsnummer="3910" KundEigtNr="240" ObjektID="12438" ZuordnungsartID="5"/>
  <Zuordnungstabelle Zuordnungsnummer="3911" KundEigtNr="240" ObjektID="12439" ZuordnungsartID="5"/>
  <Zuordnungstabelle Zuordnungsnummer="3912" KundEigtNr="240" ObjektID="12440" ZuordnungsartID="5"/>
  <Zuordnungstabelle Zuordnungsnummer="3913" KundEigtNr="240" ObjektID="12441" ZuordnungsartID="5"/>
  <Zuordnungstabelle Zuordnungsnummer="3914" KundEigtNr="240" ObjektID="12442" ZuordnungsartID="5"/>
  <Zuordnungstabelle Zuordnungsnummer="3915" KundEigtNr="49" ObjektID="12443" ZuordnungsartID="5"/>
  <Zuordnungstabelle Zuordnungsnummer="3916" KundEigtNr="49" ObjektID="5829" ZuordnungsartID="5"/>
  <Zuordnungstabelle Zuordnungsnummer="3917" KundEigtNr="49" ObjektID="12444" ZuordnungsartID="5"/>
  <Zuordnungstabelle Zuordnungsnummer="3918" KundEigtNr="49" ObjektID="12445" ZuordnungsartID="5"/>
  <Zuordnungstabelle Zuordnungsnummer="3919" KundEigtNr="49" ObjektID="12446" ZuordnungsartID="5"/>
  <Zuordnungstabelle Zuordnungsnummer="3920" KundEigtNr="49" ObjektID="12447" ZuordnungsartID="5"/>
  <Zuordnungstabelle Zuordnungsnummer="3921" KundEigtNr="49" ObjektID="12448" ZuordnungsartID="5"/>
  <Zuordnungstabelle Zuordnungsnummer="3922" KundEigtNr="49" ObjektID="12449" ZuordnungsartID="5"/>
  <Zuordnungstabelle Zuordnungsnummer="3923" KundEigtNr="49" ObjektID="12450" ZuordnungsartID="5"/>
  <Zuordnungstabelle Zuordnungsnummer="3924" KundEigtNr="49" ObjektID="12451" ZuordnungsartID="5"/>
  <Zuordnungstabelle Zuordnungsnummer="3925" KundEigtNr="49" ObjektID="12452" ZuordnungsartID="5"/>
  <Zuordnungstabelle Zuordnungsnummer="3926" KundEigtNr="49" ObjektID="12453" ZuordnungsartID="5"/>
  <Zuordnungstabelle Zuordnungsnummer="3927" KundEigtNr="49" ObjektID="12454" ZuordnungsartID="5"/>
  <Zuordnungstabelle Zuordnungsnummer="3928" KundEigtNr="49" ObjektID="12455" ZuordnungsartID="5"/>
  <Zuordnungstabelle Zuordnungsnummer="3929" KundEigtNr="49" ObjektID="12456" ZuordnungsartID="5"/>
  <Zuordnungstabelle Zuordnungsnummer="3930" KundEigtNr="49" ObjektID="12457" ZuordnungsartID="5"/>
  <Zuordnungstabelle Zuordnungsnummer="3931" KundEigtNr="49" ObjektID="12458" ZuordnungsartID="5"/>
  <Zuordnungstabelle Zuordnungsnummer="3932" KundEigtNr="49" ObjektID="12459" ZuordnungsartID="5"/>
  <Zuordnungstabelle Zuordnungsnummer="3933" KundEigtNr="49" ObjektID="12460" ZuordnungsartID="5"/>
  <Zuordnungstabelle Zuordnungsnummer="3934" KundEigtNr="49" ObjektID="12461" ZuordnungsartID="5"/>
  <Zuordnungstabelle Zuordnungsnummer="3935" KundEigtNr="49" ObjektID="12462" ZuordnungsartID="5"/>
  <Zuordnungstabelle Zuordnungsnummer="3936" KundEigtNr="49" ObjektID="12463" ZuordnungsartID="5"/>
  <Zuordnungstabelle Zuordnungsnummer="3937" KundEigtNr="49" ObjektID="12464" ZuordnungsartID="5"/>
  <Zuordnungstabelle Zuordnungsnummer="3938" KundEigtNr="49" ObjektID="12465" ZuordnungsartID="5"/>
  <Zuordnungstabelle Zuordnungsnummer="3939" KundEigtNr="49" ObjektID="12466" ZuordnungsartID="5"/>
  <Zuordnungstabelle Zuordnungsnummer="3940" KundEigtNr="49" ObjektID="12467" ZuordnungsartID="5"/>
  <Zuordnungstabelle Zuordnungsnummer="3941" KundEigtNr="49" ObjektID="12468" ZuordnungsartID="5"/>
  <Zuordnungstabelle Zuordnungsnummer="3942" KundEigtNr="49" ObjektID="12469" ZuordnungsartID="5"/>
  <Zuordnungstabelle Zuordnungsnummer="3943" KundEigtNr="49" ObjektID="12470" ZuordnungsartID="5"/>
  <Zuordnungstabelle Zuordnungsnummer="3944" KundEigtNr="49" ObjektID="12471" ZuordnungsartID="5"/>
  <Zuordnungstabelle Zuordnungsnummer="3945" KundEigtNr="49" ObjektID="12472" ZuordnungsartID="5"/>
  <Zuordnungstabelle Zuordnungsnummer="3946" KundEigtNr="49" ObjektID="5828" ZuordnungsartID="5"/>
  <Zuordnungstabelle Zuordnungsnummer="3949" KundEigtNr="49" ObjektID="5313" ZuordnungsartID="5"/>
  <Zuordnungstabelle Zuordnungsnummer="3950" KundEigtNr="49" ObjektID="4441" ZuordnungsartID="5"/>
  <Zuordnungstabelle Zuordnungsnummer="3951" KundEigtNr="49" ObjektID="5906" ZuordnungsartID="5"/>
  <Zuordnungstabelle Zuordnungsnummer="3952" KundEigtNr="49" ObjektID="12473" ZuordnungsartID="5"/>
  <Zuordnungstabelle Zuordnungsnummer="3953" KundEigtNr="49" ObjektID="12474" ZuordnungsartID="5"/>
  <Zuordnungstabelle Zuordnungsnummer="3954" KundEigtNr="49" ObjektID="12475" ZuordnungsartID="5"/>
  <Zuordnungstabelle Zuordnungsnummer="3955" KundEigtNr="49" ObjektID="12476" ZuordnungsartID="5"/>
  <Zuordnungstabelle Zuordnungsnummer="3956" KundEigtNr="49" ObjektID="5927" ZuordnungsartID="5"/>
  <Zuordnungstabelle Zuordnungsnummer="3957" KundEigtNr="49" ObjektID="5928" ZuordnungsartID="5"/>
  <Zuordnungstabelle Zuordnungsnummer="3958" KundEigtNr="49" ObjektID="5929" ZuordnungsartID="5"/>
  <Zuordnungstabelle Zuordnungsnummer="3959" KundEigtNr="49" ObjektID="5930" ZuordnungsartID="5"/>
  <Zuordnungstabelle Zuordnungsnummer="3960" KundEigtNr="49" ObjektID="5931" ZuordnungsartID="5"/>
  <Zuordnungstabelle Zuordnungsnummer="3961" KundEigtNr="49" ObjektID="12477" ZuordnungsartID="5"/>
  <Zuordnungstabelle Zuordnungsnummer="3962" KundEigtNr="49" ObjektID="12478" ZuordnungsartID="5"/>
  <Zuordnungstabelle Zuordnungsnummer="3963" KundEigtNr="49" ObjektID="12479" ZuordnungsartID="5"/>
  <Zuordnungstabelle Zuordnungsnummer="3964" KundEigtNr="49" ObjektID="12480" ZuordnungsartID="5"/>
  <Zuordnungstabelle Zuordnungsnummer="3965" KundEigtNr="49" ObjektID="12481" ZuordnungsartID="5"/>
  <Zuordnungstabelle Zuordnungsnummer="3966" KundEigtNr="49" ObjektID="12482" ZuordnungsartID="5"/>
  <Zuordnungstabelle Zuordnungsnummer="3967" KundEigtNr="49" ObjektID="12483" ZuordnungsartID="5"/>
  <Zuordnungstabelle Zuordnungsnummer="3968" KundEigtNr="49" ObjektID="12484" ZuordnungsartID="5"/>
  <Zuordnungstabelle Zuordnungsnummer="3969" KundEigtNr="49" ObjektID="12485" ZuordnungsartID="5"/>
  <Zuordnungstabelle Zuordnungsnummer="3970" KundEigtNr="49" ObjektID="12486" ZuordnungsartID="5"/>
  <Zuordnungstabelle Zuordnungsnummer="3971" KundEigtNr="49" ObjektID="12487" ZuordnungsartID="5"/>
  <Zuordnungstabelle Zuordnungsnummer="3972" KundEigtNr="49" ObjektID="12488" ZuordnungsartID="5"/>
  <Zuordnungstabelle Zuordnungsnummer="3973" KundEigtNr="49" ObjektID="12489" ZuordnungsartID="5"/>
  <Zuordnungstabelle Zuordnungsnummer="3974" KundEigtNr="49" ObjektID="12490" ZuordnungsartID="5"/>
  <Zuordnungstabelle Zuordnungsnummer="3975" KundEigtNr="49" ObjektID="12491" ZuordnungsartID="5"/>
  <Zuordnungstabelle Zuordnungsnummer="3976" KundEigtNr="49" ObjektID="12492" ZuordnungsartID="5"/>
  <Zuordnungstabelle Zuordnungsnummer="3977" KundEigtNr="49" ObjektID="12493" ZuordnungsartID="5"/>
  <Zuordnungstabelle Zuordnungsnummer="3978" KundEigtNr="49" ObjektID="12494" ZuordnungsartID="5"/>
  <Zuordnungstabelle Zuordnungsnummer="3979" KundEigtNr="49" ObjektID="12495" ZuordnungsartID="5"/>
  <Zuordnungstabelle Zuordnungsnummer="3980" KundEigtNr="49" ObjektID="12496" ZuordnungsartID="5"/>
  <Zuordnungstabelle Zuordnungsnummer="3981" KundEigtNr="49" ObjektID="12497" ZuordnungsartID="5"/>
  <Zuordnungstabelle Zuordnungsnummer="3982" KundEigtNr="49" ObjektID="12498" ZuordnungsartID="5"/>
  <Zuordnungstabelle Zuordnungsnummer="3983" KundEigtNr="49" ObjektID="12499" ZuordnungsartID="5"/>
  <Zuordnungstabelle Zuordnungsnummer="3984" KundEigtNr="49" ObjektID="12500" ZuordnungsartID="5"/>
  <Zuordnungstabelle Zuordnungsnummer="3985" KundEigtNr="49" ObjektID="12501" ZuordnungsartID="5"/>
  <Zuordnungstabelle Zuordnungsnummer="3986" KundEigtNr="49" ObjektID="12502" ZuordnungsartID="5"/>
  <Zuordnungstabelle Zuordnungsnummer="3987" KundEigtNr="49" ObjektID="12503" ZuordnungsartID="5"/>
  <Zuordnungstabelle Zuordnungsnummer="3988" KundEigtNr="49" ObjektID="12504" ZuordnungsartID="5"/>
  <Zuordnungstabelle Zuordnungsnummer="3989" KundEigtNr="49" ObjektID="12505" ZuordnungsartID="5"/>
  <Zuordnungstabelle Zuordnungsnummer="3990" KundEigtNr="49" ObjektID="12506" ZuordnungsartID="5"/>
  <Zuordnungstabelle Zuordnungsnummer="3991" KundEigtNr="49" ObjektID="12507" ZuordnungsartID="5"/>
  <Zuordnungstabelle Zuordnungsnummer="3992" KundEigtNr="49" ObjektID="12508" ZuordnungsartID="5"/>
  <Zuordnungstabelle Zuordnungsnummer="3993" KundEigtNr="49" ObjektID="12509" ZuordnungsartID="5"/>
  <Zuordnungstabelle Zuordnungsnummer="3994" KundEigtNr="49" ObjektID="12510" ZuordnungsartID="5"/>
  <Zuordnungstabelle Zuordnungsnummer="3995" KundEigtNr="49" ObjektID="12511" ZuordnungsartID="5"/>
  <Zuordnungstabelle Zuordnungsnummer="3996" KundEigtNr="49" ObjektID="12512" ZuordnungsartID="5"/>
  <Zuordnungstabelle Zuordnungsnummer="3997" KundEigtNr="49" ObjektID="12513" ZuordnungsartID="5"/>
  <Zuordnungstabelle Zuordnungsnummer="3998" KundEigtNr="49" ObjektID="3235" ZuordnungsartID="5"/>
  <Zuordnungstabelle Zuordnungsnummer="3999" KundEigtNr="49" ObjektID="12514" ZuordnungsartID="5"/>
  <Zuordnungstabelle Zuordnungsnummer="4000" KundEigtNr="49" ObjektID="12515" ZuordnungsartID="5"/>
  <Zuordnungstabelle Zuordnungsnummer="4001" KundEigtNr="49" ObjektID="12516" ZuordnungsartID="5"/>
  <Zuordnungstabelle Zuordnungsnummer="4002" KundEigtNr="49" ObjektID="12517" ZuordnungsartID="5"/>
  <Zuordnungstabelle Zuordnungsnummer="4003" KundEigtNr="49" ObjektID="12518" ZuordnungsartID="5"/>
  <Zuordnungstabelle Zuordnungsnummer="4004" KundEigtNr="49" ObjektID="12519" ZuordnungsartID="5"/>
  <Zuordnungstabelle Zuordnungsnummer="4005" KundEigtNr="49" ObjektID="12520" ZuordnungsartID="5"/>
  <Zuordnungstabelle Zuordnungsnummer="4006" KundEigtNr="49" ObjektID="12521" ZuordnungsartID="5"/>
  <Zuordnungstabelle Zuordnungsnummer="4013" KundEigtNr="49" ObjektID="4870" ZuordnungsartID="5"/>
  <Zuordnungstabelle Zuordnungsnummer="4017" KundEigtNr="49" ObjektID="928" ZuordnungsartID="5"/>
  <Zuordnungstabelle Zuordnungsnummer="4018" KundEigtNr="49" ObjektID="929" ZuordnungsartID="5"/>
  <Zuordnungstabelle Zuordnungsnummer="4019" KundEigtNr="49" ObjektID="930" ZuordnungsartID="5"/>
  <Zuordnungstabelle Zuordnungsnummer="4020" KundEigtNr="49" ObjektID="931" ZuordnungsartID="5"/>
  <Zuordnungstabelle Zuordnungsnummer="4021" KundEigtNr="49" ObjektID="12522" ZuordnungsartID="5"/>
  <Zuordnungstabelle Zuordnungsnummer="4022" KundEigtNr="49" ObjektID="12523" ZuordnungsartID="5"/>
  <Zuordnungstabelle Zuordnungsnummer="4023" KundEigtNr="49" ObjektID="12524" ZuordnungsartID="5"/>
  <Zuordnungstabelle Zuordnungsnummer="4024" KundEigtNr="49" ObjektID="12525" ZuordnungsartID="5"/>
  <Zuordnungstabelle Zuordnungsnummer="4025" KundEigtNr="49" ObjektID="12526" ZuordnungsartID="5"/>
  <Zuordnungstabelle Zuordnungsnummer="4026" KundEigtNr="49" ObjektID="12527" ZuordnungsartID="5"/>
  <Zuordnungstabelle Zuordnungsnummer="4027" KundEigtNr="49" ObjektID="12528" ZuordnungsartID="5"/>
  <Zuordnungstabelle Zuordnungsnummer="4028" KundEigtNr="49" ObjektID="12529" ZuordnungsartID="5"/>
  <Zuordnungstabelle Zuordnungsnummer="4029" KundEigtNr="49" ObjektID="12530" ZuordnungsartID="5"/>
  <Zuordnungstabelle Zuordnungsnummer="4030" KundEigtNr="49" ObjektID="12531" ZuordnungsartID="5"/>
  <Zuordnungstabelle Zuordnungsnummer="4031" KundEigtNr="49" ObjektID="12532" ZuordnungsartID="5"/>
  <Zuordnungstabelle Zuordnungsnummer="4032" KundEigtNr="49" ObjektID="12533" ZuordnungsartID="5"/>
  <Zuordnungstabelle Zuordnungsnummer="4033" KundEigtNr="49" ObjektID="12534" ZuordnungsartID="5"/>
  <Zuordnungstabelle Zuordnungsnummer="4034" KundEigtNr="49" ObjektID="12535" ZuordnungsartID="5"/>
  <Zuordnungstabelle Zuordnungsnummer="4035" KundEigtNr="49" ObjektID="12536" ZuordnungsartID="5"/>
  <Zuordnungstabelle Zuordnungsnummer="4036" KundEigtNr="49" ObjektID="12537" ZuordnungsartID="5"/>
  <Zuordnungstabelle Zuordnungsnummer="4037" KundEigtNr="49" ObjektID="12538" ZuordnungsartID="5"/>
  <Zuordnungstabelle Zuordnungsnummer="4038" KundEigtNr="49" ObjektID="12539" ZuordnungsartID="5"/>
  <Zuordnungstabelle Zuordnungsnummer="4039" KundEigtNr="49" ObjektID="12540" ZuordnungsartID="5"/>
  <Zuordnungstabelle Zuordnungsnummer="4040" KundEigtNr="49" ObjektID="12541" ZuordnungsartID="5"/>
  <Zuordnungstabelle Zuordnungsnummer="4041" KundEigtNr="49" ObjektID="12542" ZuordnungsartID="5"/>
  <Zuordnungstabelle Zuordnungsnummer="4042" KundEigtNr="49" ObjektID="12543" ZuordnungsartID="5"/>
  <Zuordnungstabelle Zuordnungsnummer="4043" KundEigtNr="49" ObjektID="12544" ZuordnungsartID="5"/>
  <Zuordnungstabelle Zuordnungsnummer="4044" KundEigtNr="49" ObjektID="12545" ZuordnungsartID="5"/>
  <Zuordnungstabelle Zuordnungsnummer="4045" KundEigtNr="49" ObjektID="12546" ZuordnungsartID="5"/>
  <Zuordnungstabelle Zuordnungsnummer="4046" KundEigtNr="49" ObjektID="12547" ZuordnungsartID="5"/>
  <Zuordnungstabelle Zuordnungsnummer="4047" KundEigtNr="49" ObjektID="12548" ZuordnungsartID="5"/>
  <Zuordnungstabelle Zuordnungsnummer="4048" KundEigtNr="49" ObjektID="12549" ZuordnungsartID="5"/>
  <Zuordnungstabelle Zuordnungsnummer="4049" KundEigtNr="49" ObjektID="12550" ZuordnungsartID="5"/>
  <Zuordnungstabelle Zuordnungsnummer="4050" KundEigtNr="49" ObjektID="12551" ZuordnungsartID="5"/>
  <Zuordnungstabelle Zuordnungsnummer="4051" KundEigtNr="49" ObjektID="12552" ZuordnungsartID="5"/>
  <Zuordnungstabelle Zuordnungsnummer="4052" KundEigtNr="49" ObjektID="12553" ZuordnungsartID="5"/>
  <Zuordnungstabelle Zuordnungsnummer="4053" KundEigtNr="49" ObjektID="12554" ZuordnungsartID="5"/>
  <Zuordnungstabelle Zuordnungsnummer="4054" KundEigtNr="49" ObjektID="12555" ZuordnungsartID="5"/>
  <Zuordnungstabelle Zuordnungsnummer="4055" KundEigtNr="49" ObjektID="12556" ZuordnungsartID="5"/>
  <Zuordnungstabelle Zuordnungsnummer="4056" KundEigtNr="49" ObjektID="12557" ZuordnungsartID="5"/>
  <Zuordnungstabelle Zuordnungsnummer="4057" KundEigtNr="49" ObjektID="12558" ZuordnungsartID="5"/>
  <Zuordnungstabelle Zuordnungsnummer="4058" KundEigtNr="49" ObjektID="12559" ZuordnungsartID="5"/>
  <Zuordnungstabelle Zuordnungsnummer="4059" KundEigtNr="49" ObjektID="12560" ZuordnungsartID="5"/>
  <Zuordnungstabelle Zuordnungsnummer="4060" KundEigtNr="49" ObjektID="12561" ZuordnungsartID="5"/>
  <Zuordnungstabelle Zuordnungsnummer="4061" KundEigtNr="49" ObjektID="12562" ZuordnungsartID="5"/>
  <Zuordnungstabelle Zuordnungsnummer="4062" KundEigtNr="49" ObjektID="12563" ZuordnungsartID="5"/>
  <Zuordnungstabelle Zuordnungsnummer="4063" KundEigtNr="49" ObjektID="12564" ZuordnungsartID="5"/>
  <Zuordnungstabelle Zuordnungsnummer="4064" KundEigtNr="49" ObjektID="12565" ZuordnungsartID="5"/>
  <Zuordnungstabelle Zuordnungsnummer="4065" KundEigtNr="49" ObjektID="12566" ZuordnungsartID="5"/>
  <Zuordnungstabelle Zuordnungsnummer="4066" KundEigtNr="49" ObjektID="12567" ZuordnungsartID="5"/>
  <Zuordnungstabelle Zuordnungsnummer="4067" KundEigtNr="49" ObjektID="12568" ZuordnungsartID="5"/>
  <Zuordnungstabelle Zuordnungsnummer="4068" KundEigtNr="49" ObjektID="12569" ZuordnungsartID="5"/>
  <Zuordnungstabelle Zuordnungsnummer="4069" KundEigtNr="49" ObjektID="12570" ZuordnungsartID="5"/>
  <Zuordnungstabelle Zuordnungsnummer="4070" KundEigtNr="49" ObjektID="12571" ZuordnungsartID="5"/>
  <Zuordnungstabelle Zuordnungsnummer="4071" KundEigtNr="49" ObjektID="6018" ZuordnungsartID="5"/>
  <Zuordnungstabelle Zuordnungsnummer="4072" KundEigtNr="49" ObjektID="12572" ZuordnungsartID="5"/>
  <Zuordnungstabelle Zuordnungsnummer="4073" KundEigtNr="49" ObjektID="6019" ZuordnungsartID="5"/>
  <Zuordnungstabelle Zuordnungsnummer="4074" KundEigtNr="49" ObjektID="4527" ZuordnungsartID="5"/>
  <Zuordnungstabelle Zuordnungsnummer="4075" KundEigtNr="49" ObjektID="4528" ZuordnungsartID="5"/>
  <Zuordnungstabelle Zuordnungsnummer="4076" KundEigtNr="49" ObjektID="12573" ZuordnungsartID="5"/>
  <Zuordnungstabelle Zuordnungsnummer="4077" KundEigtNr="49" ObjektID="12574" ZuordnungsartID="5"/>
  <Zuordnungstabelle Zuordnungsnummer="4078" KundEigtNr="49" ObjektID="6054" ZuordnungsartID="5"/>
  <Zuordnungstabelle Zuordnungsnummer="4079" KundEigtNr="49" ObjektID="6055" ZuordnungsartID="5"/>
  <Zuordnungstabelle Zuordnungsnummer="4080" KundEigtNr="49" ObjektID="6056" ZuordnungsartID="5"/>
  <Zuordnungstabelle Zuordnungsnummer="4081" KundEigtNr="49" ObjektID="6057" ZuordnungsartID="5"/>
  <Zuordnungstabelle Zuordnungsnummer="4082" KundEigtNr="49" ObjektID="12575" ZuordnungsartID="5"/>
  <Zuordnungstabelle Zuordnungsnummer="4084" KundEigtNr="49" ObjektID="4703" ZuordnungsartID="5"/>
  <Zuordnungstabelle Zuordnungsnummer="4085" KundEigtNr="49" ObjektID="4702" ZuordnungsartID="5"/>
  <Zuordnungstabelle Zuordnungsnummer="4086" KundEigtNr="49" ObjektID="4701" ZuordnungsartID="5"/>
  <Zuordnungstabelle Zuordnungsnummer="4088" KundEigtNr="49" ObjektID="4728" ZuordnungsartID="5"/>
  <Zuordnungstabelle Zuordnungsnummer="4089" KundEigtNr="49" ObjektID="4729" ZuordnungsartID="5"/>
  <Zuordnungstabelle Zuordnungsnummer="4090" KundEigtNr="5190" ObjektID="12576" ZuordnungsartID="5"/>
  <Zuordnungstabelle Zuordnungsnummer="4091" KundEigtNr="5190" ObjektID="12577" ZuordnungsartID="5"/>
  <Zuordnungstabelle Zuordnungsnummer="4092" KundEigtNr="5190" ObjektID="12578" ZuordnungsartID="5"/>
  <Zuordnungstabelle Zuordnungsnummer="4093" KundEigtNr="5190" ObjektID="12579" ZuordnungsartID="5"/>
  <Zuordnungstabelle Zuordnungsnummer="4094" KundEigtNr="5190" ObjektID="12580" ZuordnungsartID="5"/>
  <Zuordnungstabelle Zuordnungsnummer="4095" KundEigtNr="5190" ObjektID="12581" ZuordnungsartID="5"/>
  <Zuordnungstabelle Zuordnungsnummer="4096" KundEigtNr="5190" ObjektID="12582" ZuordnungsartID="5"/>
  <Zuordnungstabelle Zuordnungsnummer="4097" KundEigtNr="5190" ObjektID="12583" ZuordnungsartID="5"/>
  <Zuordnungstabelle Zuordnungsnummer="4098" KundEigtNr="5190" ObjektID="12584" ZuordnungsartID="5"/>
  <Zuordnungstabelle Zuordnungsnummer="4099" KundEigtNr="5190" ObjektID="12585" ZuordnungsartID="5"/>
  <Zuordnungstabelle Zuordnungsnummer="4100" KundEigtNr="5190" ObjektID="12586" ZuordnungsartID="5"/>
  <Zuordnungstabelle Zuordnungsnummer="4101" KundEigtNr="5190" ObjektID="12587" ZuordnungsartID="5"/>
  <Zuordnungstabelle Zuordnungsnummer="4102" KundEigtNr="5190" ObjektID="12588" ZuordnungsartID="5"/>
  <Zuordnungstabelle Zuordnungsnummer="4103" KundEigtNr="5190" ObjektID="12589" ZuordnungsartID="5"/>
  <Zuordnungstabelle Zuordnungsnummer="4104" KundEigtNr="5190" ObjektID="12590" ZuordnungsartID="5"/>
  <Zuordnungstabelle Zuordnungsnummer="4105" KundEigtNr="5190" ObjektID="12591" ZuordnungsartID="5"/>
  <Zuordnungstabelle Zuordnungsnummer="4106" KundEigtNr="5190" ObjektID="12592" ZuordnungsartID="5"/>
  <Zuordnungstabelle Zuordnungsnummer="4107" KundEigtNr="5190" ObjektID="12593" ZuordnungsartID="5"/>
  <Zuordnungstabelle Zuordnungsnummer="4108" KundEigtNr="5190" ObjektID="12594" ZuordnungsartID="5"/>
  <Zuordnungstabelle Zuordnungsnummer="4109" KundEigtNr="5190" ObjektID="12595" ZuordnungsartID="5"/>
  <Zuordnungstabelle Zuordnungsnummer="4110" KundEigtNr="5190" ObjektID="12596" ZuordnungsartID="5"/>
  <Zuordnungstabelle Zuordnungsnummer="4111" KundEigtNr="5190" ObjektID="12597" ZuordnungsartID="5"/>
  <Zuordnungstabelle Zuordnungsnummer="4112" KundEigtNr="5190" ObjektID="12598" ZuordnungsartID="8"/>
  <Zuordnungstabelle Zuordnungsnummer="4113" KundEigtNr="5190" ObjektID="12599" ZuordnungsartID="5"/>
  <Zuordnungstabelle Zuordnungsnummer="4114" KundEigtNr="5190" ObjektID="12600" ZuordnungsartID="5"/>
  <Zuordnungstabelle Zuordnungsnummer="4115" KundEigtNr="5190" ObjektID="12601" ZuordnungsartID="5"/>
  <Zuordnungstabelle Zuordnungsnummer="4116" KundEigtNr="5190" ObjektID="12602" ZuordnungsartID="5"/>
  <Zuordnungstabelle Zuordnungsnummer="4117" KundEigtNr="5190" ObjektID="12603" ZuordnungsartID="5"/>
  <Zuordnungstabelle Zuordnungsnummer="4118" KundEigtNr="5190" ObjektID="12604" ZuordnungsartID="5"/>
  <Zuordnungstabelle Zuordnungsnummer="4119" KundEigtNr="5191" ObjektID="3015" ZuordnungsartID="5"/>
  <Zuordnungstabelle Zuordnungsnummer="4120" KundEigtNr="5191" ObjektID="3030" ZuordnungsartID="5"/>
  <Zuordnungstabelle Zuordnungsnummer="4121" KundEigtNr="5191" ObjektID="12607" ZuordnungsartID="5"/>
  <Zuordnungstabelle Zuordnungsnummer="4122" KundEigtNr="5191" ObjektID="12608" ZuordnungsartID="5"/>
  <Zuordnungstabelle Zuordnungsnummer="4123" KundEigtNr="5191" ObjektID="12609" ZuordnungsartID="5"/>
  <Zuordnungstabelle Zuordnungsnummer="4125" KundEigtNr="5191" ObjektID="12610" ZuordnungsartID="5"/>
  <Zuordnungstabelle Zuordnungsnummer="4126" KundEigtNr="5191" ObjektID="12611" ZuordnungsartID="5"/>
  <Zuordnungstabelle Zuordnungsnummer="4127" KundEigtNr="5191" ObjektID="12612" ZuordnungsartID="5"/>
  <Zuordnungstabelle Zuordnungsnummer="4128" KundEigtNr="5191" ObjektID="12613" ZuordnungsartID="5"/>
  <Zuordnungstabelle Zuordnungsnummer="4129" KundEigtNr="5191" ObjektID="12614" ZuordnungsartID="5"/>
  <Zuordnungstabelle Zuordnungsnummer="4130" KundEigtNr="5191" ObjektID="12615" ZuordnungsartID="5"/>
  <Zuordnungstabelle Zuordnungsnummer="4131" KundEigtNr="5191" ObjektID="12616" ZuordnungsartID="5"/>
  <Zuordnungstabelle Zuordnungsnummer="4132" KundEigtNr="5191" ObjektID="12617" ZuordnungsartID="5"/>
  <Zuordnungstabelle Zuordnungsnummer="4133" KundEigtNr="5191" ObjektID="12618" ZuordnungsartID="5"/>
  <Zuordnungstabelle Zuordnungsnummer="4134" KundEigtNr="5191" ObjektID="12619" ZuordnungsartID="5"/>
  <Zuordnungstabelle Zuordnungsnummer="4135" KundEigtNr="5191" ObjektID="12620" ZuordnungsartID="5"/>
  <Zuordnungstabelle Zuordnungsnummer="4136" KundEigtNr="5191" ObjektID="12621" ZuordnungsartID="5"/>
  <Zuordnungstabelle Zuordnungsnummer="4137" KundEigtNr="5191" ObjektID="12622" ZuordnungsartID="5"/>
  <Zuordnungstabelle Zuordnungsnummer="4138" KundEigtNr="5191" ObjektID="12623" ZuordnungsartID="5"/>
  <Zuordnungstabelle Zuordnungsnummer="4139" KundEigtNr="5191" ObjektID="12624" ZuordnungsartID="5"/>
  <Zuordnungstabelle Zuordnungsnummer="4140" KundEigtNr="5191" ObjektID="12625" ZuordnungsartID="5"/>
  <Zuordnungstabelle Zuordnungsnummer="4141" KundEigtNr="5191" ObjektID="12626" ZuordnungsartID="5"/>
  <Zuordnungstabelle Zuordnungsnummer="4142" KundEigtNr="5191" ObjektID="12627" ZuordnungsartID="5"/>
  <Zuordnungstabelle Zuordnungsnummer="4143" KundEigtNr="5191" ObjektID="187" ZuordnungsartID="5"/>
  <Zuordnungstabelle Zuordnungsnummer="4144" KundEigtNr="5191" ObjektID="12628" ZuordnungsartID="5"/>
  <Zuordnungstabelle Zuordnungsnummer="4145" KundEigtNr="5191" ObjektID="12629" ZuordnungsartID="5"/>
  <Zuordnungstabelle Zuordnungsnummer="4146" KundEigtNr="5191" ObjektID="3383" ZuordnungsartID="5"/>
  <Zuordnungstabelle Zuordnungsnummer="4147" KundEigtNr="5191" ObjektID="3314" ZuordnungsartID="5"/>
  <Zuordnungstabelle Zuordnungsnummer="4148" KundEigtNr="5191" ObjektID="12630" ZuordnungsartID="5"/>
  <Zuordnungstabelle Zuordnungsnummer="4149" KundEigtNr="5191" ObjektID="12631" ZuordnungsartID="5"/>
  <Zuordnungstabelle Zuordnungsnummer="4150" KundEigtNr="5191" ObjektID="12632" ZuordnungsartID="5"/>
  <Zuordnungstabelle Zuordnungsnummer="4151" KundEigtNr="5191" ObjektID="12633" ZuordnungsartID="5"/>
  <Zuordnungstabelle Zuordnungsnummer="4152" KundEigtNr="5191" ObjektID="12634" ZuordnungsartID="5"/>
  <Zuordnungstabelle Zuordnungsnummer="4153" KundEigtNr="5191" ObjektID="12635" ZuordnungsartID="5"/>
  <Zuordnungstabelle Zuordnungsnummer="4154" KundEigtNr="5191" ObjektID="12636" ZuordnungsartID="5"/>
  <Zuordnungstabelle Zuordnungsnummer="4155" KundEigtNr="5191" ObjektID="12637" ZuordnungsartID="5"/>
  <Zuordnungstabelle Zuordnungsnummer="4156" KundEigtNr="5191" ObjektID="12638" ZuordnungsartID="5"/>
  <Zuordnungstabelle Zuordnungsnummer="4157" KundEigtNr="5191" ObjektID="12639" ZuordnungsartID="5"/>
  <Zuordnungstabelle Zuordnungsnummer="4158" KundEigtNr="5191" ObjektID="12640" ZuordnungsartID="5"/>
  <Zuordnungstabelle Zuordnungsnummer="4159" KundEigtNr="5191" ObjektID="12641" ZuordnungsartID="5"/>
  <Zuordnungstabelle Zuordnungsnummer="4160" KundEigtNr="5191" ObjektID="12642" ZuordnungsartID="5"/>
  <Zuordnungstabelle Zuordnungsnummer="4161" KundEigtNr="5191" ObjektID="12643" ZuordnungsartID="5"/>
  <Zuordnungstabelle Zuordnungsnummer="4162" KundEigtNr="5191" ObjektID="12644" ZuordnungsartID="5"/>
  <Zuordnungstabelle Zuordnungsnummer="4163" KundEigtNr="5191" ObjektID="3188" ZuordnungsartID="5"/>
  <Zuordnungstabelle Zuordnungsnummer="4164" KundEigtNr="5191" ObjektID="12645" ZuordnungsartID="5"/>
  <Zuordnungstabelle Zuordnungsnummer="4165" KundEigtNr="5191" ObjektID="12646" ZuordnungsartID="5"/>
  <Zuordnungstabelle Zuordnungsnummer="4166" KundEigtNr="5191" ObjektID="12647" ZuordnungsartID="5"/>
  <Zuordnungstabelle Zuordnungsnummer="4167" KundEigtNr="5191" ObjektID="12648" ZuordnungsartID="5"/>
  <Zuordnungstabelle Zuordnungsnummer="4168" KundEigtNr="5191" ObjektID="12649" ZuordnungsartID="5"/>
  <Zuordnungstabelle Zuordnungsnummer="4169" KundEigtNr="5191" ObjektID="12650" ZuordnungsartID="5"/>
  <Zuordnungstabelle Zuordnungsnummer="4170" KundEigtNr="5191" ObjektID="12651" ZuordnungsartID="5"/>
  <Zuordnungstabelle Zuordnungsnummer="4171" KundEigtNr="5191" ObjektID="12652" ZuordnungsartID="5"/>
  <Zuordnungstabelle Zuordnungsnummer="4172" KundEigtNr="5191" ObjektID="12653" ZuordnungsartID="5"/>
  <Zuordnungstabelle Zuordnungsnummer="4173" KundEigtNr="5191" ObjektID="12654" ZuordnungsartID="5"/>
  <Zuordnungstabelle Zuordnungsnummer="4174" KundEigtNr="5191" ObjektID="12655" ZuordnungsartID="5"/>
  <Zuordnungstabelle Zuordnungsnummer="4175" KundEigtNr="5191" ObjektID="12656" ZuordnungsartID="5"/>
  <Zuordnungstabelle Zuordnungsnummer="4176" KundEigtNr="5191" ObjektID="12657" ZuordnungsartID="5"/>
  <Zuordnungstabelle Zuordnungsnummer="4177" KundEigtNr="5191" ObjektID="12658" ZuordnungsartID="5"/>
  <Zuordnungstabelle Zuordnungsnummer="4178" KundEigtNr="5191" ObjektID="12659" ZuordnungsartID="5"/>
  <Zuordnungstabelle Zuordnungsnummer="4179" KundEigtNr="5191" ObjektID="12660" ZuordnungsartID="5"/>
  <Zuordnungstabelle Zuordnungsnummer="4180" KundEigtNr="5191" ObjektID="12661" ZuordnungsartID="5"/>
  <Zuordnungstabelle Zuordnungsnummer="4181" KundEigtNr="5191" ObjektID="12662" ZuordnungsartID="5"/>
  <Zuordnungstabelle Zuordnungsnummer="4182" KundEigtNr="5191" ObjektID="12663" ZuordnungsartID="5"/>
  <Zuordnungstabelle Zuordnungsnummer="4183" KundEigtNr="5191" ObjektID="12664" ZuordnungsartID="5"/>
  <Zuordnungstabelle Zuordnungsnummer="4184" KundEigtNr="5191" ObjektID="12665" ZuordnungsartID="5"/>
  <Zuordnungstabelle Zuordnungsnummer="4185" KundEigtNr="5191" ObjektID="12666" ZuordnungsartID="5"/>
  <Zuordnungstabelle Zuordnungsnummer="4186" KundEigtNr="5191" ObjektID="6119" ZuordnungsartID="5"/>
  <Zuordnungstabelle Zuordnungsnummer="4187" KundEigtNr="5191" ObjektID="12667" ZuordnungsartID="5"/>
  <Zuordnungstabelle Zuordnungsnummer="4188" KundEigtNr="5191" ObjektID="12668" ZuordnungsartID="5"/>
  <Zuordnungstabelle Zuordnungsnummer="4189" KundEigtNr="5191" ObjektID="1650" ZuordnungsartID="5"/>
  <Zuordnungstabelle Zuordnungsnummer="4191" KundEigtNr="5191" ObjektID="12670" ZuordnungsartID="5"/>
  <Zuordnungstabelle Zuordnungsnummer="4192" KundEigtNr="5191" ObjektID="12671" ZuordnungsartID="5"/>
  <Zuordnungstabelle Zuordnungsnummer="4193" KundEigtNr="5191" ObjektID="12672" ZuordnungsartID="5"/>
  <Zuordnungstabelle Zuordnungsnummer="4194" KundEigtNr="5191" ObjektID="12673" ZuordnungsartID="5"/>
  <Zuordnungstabelle Zuordnungsnummer="4195" KundEigtNr="5191" ObjektID="12674" ZuordnungsartID="5"/>
  <Zuordnungstabelle Zuordnungsnummer="4196" KundEigtNr="5191" ObjektID="12675" ZuordnungsartID="5"/>
  <Zuordnungstabelle Zuordnungsnummer="4197" KundEigtNr="5191" ObjektID="12676" ZuordnungsartID="5"/>
  <Zuordnungstabelle Zuordnungsnummer="4198" KundEigtNr="5191" ObjektID="12677" ZuordnungsartID="5"/>
  <Zuordnungstabelle Zuordnungsnummer="4199" KundEigtNr="5191" ObjektID="12678" ZuordnungsartID="5"/>
  <Zuordnungstabelle Zuordnungsnummer="4200" KundEigtNr="5191" ObjektID="12679" ZuordnungsartID="5"/>
  <Zuordnungstabelle Zuordnungsnummer="4201" KundEigtNr="5191" ObjektID="12680" ZuordnungsartID="5"/>
  <Zuordnungstabelle Zuordnungsnummer="4202" KundEigtNr="5191" ObjektID="12681" ZuordnungsartID="5"/>
  <Zuordnungstabelle Zuordnungsnummer="4203" KundEigtNr="5191" ObjektID="12682" ZuordnungsartID="5"/>
  <Zuordnungstabelle Zuordnungsnummer="4204" KundEigtNr="5191" ObjektID="12683" ZuordnungsartID="5"/>
  <Zuordnungstabelle Zuordnungsnummer="4205" KundEigtNr="5191" ObjektID="1779" ZuordnungsartID="5"/>
  <Zuordnungstabelle Zuordnungsnummer="4206" KundEigtNr="5191" ObjektID="12684" ZuordnungsartID="5"/>
  <Zuordnungstabelle Zuordnungsnummer="4207" KundEigtNr="5191" ObjektID="12685" ZuordnungsartID="5"/>
  <Zuordnungstabelle Zuordnungsnummer="4208" KundEigtNr="5191" ObjektID="12686" ZuordnungsartID="5"/>
  <Zuordnungstabelle Zuordnungsnummer="4209" KundEigtNr="5191" ObjektID="12687" ZuordnungsartID="5"/>
  <Zuordnungstabelle Zuordnungsnummer="4210" KundEigtNr="5191" ObjektID="12688" ZuordnungsartID="5"/>
  <Zuordnungstabelle Zuordnungsnummer="4211" KundEigtNr="5191" ObjektID="12689" ZuordnungsartID="5"/>
  <Zuordnungstabelle Zuordnungsnummer="4212" KundEigtNr="5191" ObjektID="12690" ZuordnungsartID="5"/>
  <Zuordnungstabelle Zuordnungsnummer="4213" KundEigtNr="5191" ObjektID="12691" ZuordnungsartID="5"/>
  <Zuordnungstabelle Zuordnungsnummer="4214" KundEigtNr="5191" ObjektID="12692" ZuordnungsartID="5"/>
  <Zuordnungstabelle Zuordnungsnummer="4215" KundEigtNr="5191" ObjektID="12693" ZuordnungsartID="5"/>
  <Zuordnungstabelle Zuordnungsnummer="4216" KundEigtNr="5191" ObjektID="12694" ZuordnungsartID="5"/>
  <Zuordnungstabelle Zuordnungsnummer="4217" KundEigtNr="5191" ObjektID="12695" ZuordnungsartID="5"/>
  <Zuordnungstabelle Zuordnungsnummer="4218" KundEigtNr="5191" ObjektID="12696" ZuordnungsartID="5"/>
  <Zuordnungstabelle Zuordnungsnummer="4219" KundEigtNr="5191" ObjektID="12697" ZuordnungsartID="5"/>
  <Zuordnungstabelle Zuordnungsnummer="4220" KundEigtNr="5191" ObjektID="12698" ZuordnungsartID="5"/>
  <Zuordnungstabelle Zuordnungsnummer="4221" KundEigtNr="5191" ObjektID="12699" ZuordnungsartID="5"/>
  <Zuordnungstabelle Zuordnungsnummer="4222" KundEigtNr="5191" ObjektID="12700" ZuordnungsartID="5"/>
  <Zuordnungstabelle Zuordnungsnummer="4223" KundEigtNr="5191" ObjektID="12701" ZuordnungsartID="5"/>
  <Zuordnungstabelle Zuordnungsnummer="4224" KundEigtNr="5191" ObjektID="12702" ZuordnungsartID="5"/>
  <Zuordnungstabelle Zuordnungsnummer="4225" KundEigtNr="5191" ObjektID="12703" ZuordnungsartID="5"/>
  <Zuordnungstabelle Zuordnungsnummer="4226" KundEigtNr="5191" ObjektID="12704" ZuordnungsartID="5"/>
  <Zuordnungstabelle Zuordnungsnummer="4227" KundEigtNr="5191" ObjektID="12705" ZuordnungsartID="5"/>
  <Zuordnungstabelle Zuordnungsnummer="4228" KundEigtNr="5191" ObjektID="12706" ZuordnungsartID="5"/>
  <Zuordnungstabelle Zuordnungsnummer="4229" KundEigtNr="5191" ObjektID="12707" ZuordnungsartID="5"/>
  <Zuordnungstabelle Zuordnungsnummer="4230" KundEigtNr="5191" ObjektID="3900" ZuordnungsartID="5"/>
  <Zuordnungstabelle Zuordnungsnummer="4231" KundEigtNr="5191" ObjektID="12708" ZuordnungsartID="5"/>
  <Zuordnungstabelle Zuordnungsnummer="4232" KundEigtNr="5191" ObjektID="12709" ZuordnungsartID="5"/>
  <Zuordnungstabelle Zuordnungsnummer="4233" KundEigtNr="5191" ObjektID="12710" ZuordnungsartID="5"/>
  <Zuordnungstabelle Zuordnungsnummer="4234" KundEigtNr="5191" ObjektID="12711" ZuordnungsartID="5"/>
  <Zuordnungstabelle Zuordnungsnummer="4235" KundEigtNr="5191" ObjektID="12712" ZuordnungsartID="5"/>
  <Zuordnungstabelle Zuordnungsnummer="4236" KundEigtNr="5191" ObjektID="12713" ZuordnungsartID="5"/>
  <Zuordnungstabelle Zuordnungsnummer="4237" KundEigtNr="5191" ObjektID="12714" ZuordnungsartID="5"/>
  <Zuordnungstabelle Zuordnungsnummer="4238" KundEigtNr="5191" ObjektID="12715" ZuordnungsartID="5"/>
  <Zuordnungstabelle Zuordnungsnummer="4239" KundEigtNr="5191" ObjektID="12716" ZuordnungsartID="5"/>
  <Zuordnungstabelle Zuordnungsnummer="4240" KundEigtNr="5191" ObjektID="12717" ZuordnungsartID="5"/>
  <Zuordnungstabelle Zuordnungsnummer="4241" KundEigtNr="5191" ObjektID="12718" ZuordnungsartID="5"/>
  <Zuordnungstabelle Zuordnungsnummer="4242" KundEigtNr="5191" ObjektID="12719" ZuordnungsartID="5"/>
  <Zuordnungstabelle Zuordnungsnummer="4243" KundEigtNr="5191" ObjektID="12720" ZuordnungsartID="5"/>
  <Zuordnungstabelle Zuordnungsnummer="4244" KundEigtNr="5191" ObjektID="12721" ZuordnungsartID="5"/>
  <Zuordnungstabelle Zuordnungsnummer="4245" KundEigtNr="5191" ObjektID="12722" ZuordnungsartID="5"/>
  <Zuordnungstabelle Zuordnungsnummer="4246" KundEigtNr="5191" ObjektID="12723" ZuordnungsartID="5"/>
  <Zuordnungstabelle Zuordnungsnummer="4247" KundEigtNr="5191" ObjektID="12724" ZuordnungsartID="5"/>
  <Zuordnungstabelle Zuordnungsnummer="4248" KundEigtNr="5191" ObjektID="12725" ZuordnungsartID="5"/>
  <Zuordnungstabelle Zuordnungsnummer="4249" KundEigtNr="5191" ObjektID="12726" ZuordnungsartID="5"/>
  <Zuordnungstabelle Zuordnungsnummer="4250" KundEigtNr="5191" ObjektID="3598" ZuordnungsartID="5"/>
  <Zuordnungstabelle Zuordnungsnummer="4251" KundEigtNr="5191" ObjektID="12727" ZuordnungsartID="5"/>
  <Zuordnungstabelle Zuordnungsnummer="4252" KundEigtNr="5191" ObjektID="3764" ZuordnungsartID="5"/>
  <Zuordnungstabelle Zuordnungsnummer="4253" KundEigtNr="5191" ObjektID="1801" ZuordnungsartID="5"/>
  <Zuordnungstabelle Zuordnungsnummer="4254" KundEigtNr="5191" ObjektID="12728" ZuordnungsartID="5"/>
  <Zuordnungstabelle Zuordnungsnummer="4255" KundEigtNr="5191" ObjektID="12729" ZuordnungsartID="5"/>
  <Zuordnungstabelle Zuordnungsnummer="4257" KundEigtNr="5191" ObjektID="12730" ZuordnungsartID="5"/>
  <Zuordnungstabelle Zuordnungsnummer="4258" KundEigtNr="5191" ObjektID="12731" ZuordnungsartID="5"/>
  <Zuordnungstabelle Zuordnungsnummer="4259" KundEigtNr="5191" ObjektID="12732" ZuordnungsartID="5"/>
  <Zuordnungstabelle Zuordnungsnummer="4260" KundEigtNr="5191" ObjektID="12733" ZuordnungsartID="5"/>
  <Zuordnungstabelle Zuordnungsnummer="4261" KundEigtNr="5191" ObjektID="12734" ZuordnungsartID="5"/>
  <Zuordnungstabelle Zuordnungsnummer="4262" KundEigtNr="5191" ObjektID="12735" ZuordnungsartID="5"/>
  <Zuordnungstabelle Zuordnungsnummer="4263" KundEigtNr="5191" ObjektID="12736" ZuordnungsartID="5"/>
  <Zuordnungstabelle Zuordnungsnummer="4264" KundEigtNr="5191" ObjektID="12737" ZuordnungsartID="5"/>
  <Zuordnungstabelle Zuordnungsnummer="4265" KundEigtNr="5191" ObjektID="12738" ZuordnungsartID="5"/>
  <Zuordnungstabelle Zuordnungsnummer="4266" KundEigtNr="5191" ObjektID="12739" ZuordnungsartID="5"/>
  <Zuordnungstabelle Zuordnungsnummer="4267" KundEigtNr="5191" ObjektID="12740" ZuordnungsartID="5"/>
  <Zuordnungstabelle Zuordnungsnummer="4268" KundEigtNr="5191" ObjektID="12741" ZuordnungsartID="5"/>
  <Zuordnungstabelle Zuordnungsnummer="4269" KundEigtNr="5191" ObjektID="12742" ZuordnungsartID="5"/>
  <Zuordnungstabelle Zuordnungsnummer="4270" KundEigtNr="5191" ObjektID="12743" ZuordnungsartID="5"/>
  <Zuordnungstabelle Zuordnungsnummer="4271" KundEigtNr="5191" ObjektID="5816" ZuordnungsartID="5"/>
  <Zuordnungstabelle Zuordnungsnummer="4272" KundEigtNr="5191" ObjektID="12744" ZuordnungsartID="5"/>
  <Zuordnungstabelle Zuordnungsnummer="4273" KundEigtNr="5191" ObjektID="12745" ZuordnungsartID="5"/>
  <Zuordnungstabelle Zuordnungsnummer="4274" KundEigtNr="5191" ObjektID="12746" ZuordnungsartID="5"/>
  <Zuordnungstabelle Zuordnungsnummer="4275" KundEigtNr="5191" ObjektID="12747" ZuordnungsartID="5"/>
  <Zuordnungstabelle Zuordnungsnummer="4276" KundEigtNr="5191" ObjektID="12748" ZuordnungsartID="5"/>
  <Zuordnungstabelle Zuordnungsnummer="4277" KundEigtNr="5191" ObjektID="12749" ZuordnungsartID="5"/>
  <Zuordnungstabelle Zuordnungsnummer="4278" KundEigtNr="5191" ObjektID="12750" ZuordnungsartID="5"/>
  <Zuordnungstabelle Zuordnungsnummer="4279" KundEigtNr="5191" ObjektID="12751" ZuordnungsartID="5"/>
  <Zuordnungstabelle Zuordnungsnummer="4280" KundEigtNr="5191" ObjektID="12752" ZuordnungsartID="5"/>
  <Zuordnungstabelle Zuordnungsnummer="4281" KundEigtNr="5191" ObjektID="12753" ZuordnungsartID="5"/>
  <Zuordnungstabelle Zuordnungsnummer="4282" KundEigtNr="5191" ObjektID="12754" ZuordnungsartID="5"/>
  <Zuordnungstabelle Zuordnungsnummer="4283" KundEigtNr="5191" ObjektID="12755" ZuordnungsartID="5"/>
  <Zuordnungstabelle Zuordnungsnummer="4284" KundEigtNr="5191" ObjektID="3370" ZuordnungsartID="5"/>
  <Zuordnungstabelle Zuordnungsnummer="4285" KundEigtNr="5191" ObjektID="3371" ZuordnungsartID="5"/>
  <Zuordnungstabelle Zuordnungsnummer="4286" KundEigtNr="5191" ObjektID="12756" ZuordnungsartID="5"/>
  <Zuordnungstabelle Zuordnungsnummer="4287" KundEigtNr="5191" ObjektID="12757" ZuordnungsartID="5"/>
  <Zuordnungstabelle Zuordnungsnummer="4288" KundEigtNr="5191" ObjektID="198" ZuordnungsartID="5"/>
  <Zuordnungstabelle Zuordnungsnummer="4289" KundEigtNr="5191" ObjektID="196" ZuordnungsartID="5"/>
  <Zuordnungstabelle Zuordnungsnummer="4290" KundEigtNr="5191" ObjektID="2607" ZuordnungsartID="5"/>
  <Zuordnungstabelle Zuordnungsnummer="4291" KundEigtNr="5191" ObjektID="12758" ZuordnungsartID="3"/>
  <Zuordnungstabelle Zuordnungsnummer="4292" KundEigtNr="5191" ObjektID="12759" ZuordnungsartID="5"/>
  <Zuordnungstabelle Zuordnungsnummer="4293" KundEigtNr="5191" ObjektID="12760" ZuordnungsartID="5"/>
  <Zuordnungstabelle Zuordnungsnummer="4294" KundEigtNr="5191" ObjektID="12761" ZuordnungsartID="5"/>
  <Zuordnungstabelle Zuordnungsnummer="4295" KundEigtNr="5191" ObjektID="12762" ZuordnungsartID="5"/>
  <Zuordnungstabelle Zuordnungsnummer="4296" KundEigtNr="5191" ObjektID="12763" ZuordnungsartID="5"/>
  <Zuordnungstabelle Zuordnungsnummer="4297" KundEigtNr="5191" ObjektID="12764" ZuordnungsartID="5"/>
  <Zuordnungstabelle Zuordnungsnummer="4298" KundEigtNr="5191" ObjektID="12765" ZuordnungsartID="5"/>
  <Zuordnungstabelle Zuordnungsnummer="4299" KundEigtNr="5191" ObjektID="12766" ZuordnungsartID="5"/>
  <Zuordnungstabelle Zuordnungsnummer="4300" KundEigtNr="5191" ObjektID="12767" ZuordnungsartID="5"/>
  <Zuordnungstabelle Zuordnungsnummer="4301" KundEigtNr="5191" ObjektID="12768" ZuordnungsartID="5"/>
  <Zuordnungstabelle Zuordnungsnummer="4302" KundEigtNr="5191" ObjektID="12769" ZuordnungsartID="5"/>
  <Zuordnungstabelle Zuordnungsnummer="4303" KundEigtNr="5191" ObjektID="3875" ZuordnungsartID="5"/>
  <Zuordnungstabelle Zuordnungsnummer="4304" KundEigtNr="5191" ObjektID="12770" ZuordnungsartID="5"/>
  <Zuordnungstabelle Zuordnungsnummer="4305" KundEigtNr="5191" ObjektID="12771" ZuordnungsartID="5"/>
  <Zuordnungstabelle Zuordnungsnummer="4306" KundEigtNr="5191" ObjektID="4120" ZuordnungsartID="5"/>
  <Zuordnungstabelle Zuordnungsnummer="4307" KundEigtNr="5191" ObjektID="4124" ZuordnungsartID="5"/>
  <Zuordnungstabelle Zuordnungsnummer="4308" KundEigtNr="5191" ObjektID="12772" ZuordnungsartID="5"/>
  <Zuordnungstabelle Zuordnungsnummer="4309" KundEigtNr="5191" ObjektID="12773" ZuordnungsartID="5"/>
  <Zuordnungstabelle Zuordnungsnummer="4310" KundEigtNr="5191" ObjektID="12774" ZuordnungsartID="5"/>
  <Zuordnungstabelle Zuordnungsnummer="4311" KundEigtNr="5191" ObjektID="12775" ZuordnungsartID="5"/>
  <Zuordnungstabelle Zuordnungsnummer="4312" KundEigtNr="5191" ObjektID="12776" ZuordnungsartID="5"/>
  <Zuordnungstabelle Zuordnungsnummer="4313" KundEigtNr="5191" ObjektID="12777" ZuordnungsartID="5"/>
  <Zuordnungstabelle Zuordnungsnummer="4314" KundEigtNr="5191" ObjektID="3872" ZuordnungsartID="5"/>
  <Zuordnungstabelle Zuordnungsnummer="4315" KundEigtNr="5191" ObjektID="3873" ZuordnungsartID="5"/>
  <Zuordnungstabelle Zuordnungsnummer="4316" KundEigtNr="5191" ObjektID="3874" ZuordnungsartID="5"/>
  <Zuordnungstabelle Zuordnungsnummer="4317" KundEigtNr="5191" ObjektID="12778" ZuordnungsartID="5"/>
  <Zuordnungstabelle Zuordnungsnummer="4318" KundEigtNr="5191" ObjektID="12779" ZuordnungsartID="5"/>
  <Zuordnungstabelle Zuordnungsnummer="4319" KundEigtNr="5191" ObjektID="12780" ZuordnungsartID="5"/>
  <Zuordnungstabelle Zuordnungsnummer="4320" KundEigtNr="5191" ObjektID="12781" ZuordnungsartID="5"/>
  <Zuordnungstabelle Zuordnungsnummer="4321" KundEigtNr="5191" ObjektID="12782" ZuordnungsartID="5"/>
  <Zuordnungstabelle Zuordnungsnummer="4322" KundEigtNr="5191" ObjektID="12783" ZuordnungsartID="5"/>
  <Zuordnungstabelle Zuordnungsnummer="4323" KundEigtNr="5191" ObjektID="12784" ZuordnungsartID="5"/>
  <Zuordnungstabelle Zuordnungsnummer="4324" KundEigtNr="5191" ObjektID="12785" ZuordnungsartID="5"/>
  <Zuordnungstabelle Zuordnungsnummer="4325" KundEigtNr="5191" ObjektID="12786" ZuordnungsartID="5"/>
  <Zuordnungstabelle Zuordnungsnummer="4326" KundEigtNr="5191" ObjektID="12787" ZuordnungsartID="5"/>
  <Zuordnungstabelle Zuordnungsnummer="4327" KundEigtNr="5191" ObjektID="12788" ZuordnungsartID="5"/>
  <Zuordnungstabelle Zuordnungsnummer="4328" KundEigtNr="5191" ObjektID="12789" ZuordnungsartID="5"/>
  <Zuordnungstabelle Zuordnungsnummer="4330" KundEigtNr="574" ObjektID="8341" ZuordnungsartID="5"/>
  <Zuordnungstabelle Zuordnungsnummer="4331" KundEigtNr="344" ObjektID="8341" ZuordnungsartID="2"/>
  <Zuordnungstabelle Zuordnungsnummer="4332" KundEigtNr="3211" ObjektID="6337" ZuordnungsartID="5"/>
  <Zuordnungstabelle Zuordnungsnummer="4333" KundEigtNr="3144" ObjektID="4294" ZuordnungsartID="5"/>
  <Zuordnungstabelle Zuordnungsnummer="4334" KundEigtNr="3854" ObjektID="3490" ZuordnungsartID="5"/>
  <Zuordnungstabelle Zuordnungsnummer="4335" KundEigtNr="3990" ObjektID="1334" ZuordnungsartID="1"/>
  <Zuordnungstabelle Zuordnungsnummer="4336" KundEigtNr="3407" ObjektID="8359" ZuordnungsartID="1"/>
  <Zuordnungstabelle Zuordnungsnummer="4337" KundEigtNr="999" ObjektID="8366" ZuordnungsartID="5"/>
  <Zuordnungstabelle Zuordnungsnummer="4338" KundEigtNr="1790" ObjektID="8367" ZuordnungsartID="5"/>
  <Zuordnungstabelle Zuordnungsnummer="4339" KundEigtNr="2570" ObjektID="8345" ZuordnungsartID="5"/>
  <Zuordnungstabelle Zuordnungsnummer="4340" KundEigtNr="1055" ObjektID="8374" ZuordnungsartID="5"/>
  <Zuordnungstabelle Zuordnungsnummer="4341" KundEigtNr="3144" ObjektID="2637" ZuordnungsartID="5"/>
  <Zuordnungstabelle Zuordnungsnummer="4342" KundEigtNr="4186" ObjektID="8406" ZuordnungsartID="8"/>
  <Zuordnungstabelle Zuordnungsnummer="4343" KundEigtNr="3842" ObjektID="8407" ZuordnungsartID="1"/>
  <Zuordnungstabelle Zuordnungsnummer="4344" KundEigtNr="1845" ObjektID="8411" ZuordnungsartID="5"/>
  <Zuordnungstabelle Zuordnungsnummer="4345" KundEigtNr="930" ObjektID="8420" ZuordnungsartID="5"/>
  <Zuordnungstabelle Zuordnungsnummer="4346" KundEigtNr="930" ObjektID="8421" ZuordnungsartID="5"/>
  <Zuordnungstabelle Zuordnungsnummer="4347" KundEigtNr="2682" ObjektID="8455" ZuordnungsartID="5"/>
  <Zuordnungstabelle Zuordnungsnummer="4348" KundEigtNr="1765" ObjektID="8477" ZuordnungsartID="5"/>
  <Zuordnungstabelle Zuordnungsnummer="4349" KundEigtNr="4164" ObjektID="8489" ZuordnungsartID="5"/>
  <Zuordnungstabelle Zuordnungsnummer="4350" KundEigtNr="2936" ObjektID="8511" ZuordnungsartID="5"/>
  <Zuordnungstabelle Zuordnungsnummer="4351" KundEigtNr="2235" ObjektID="8522" ZuordnungsartID="6"/>
  <Zuordnungstabelle Zuordnungsnummer="4354" KundEigtNr="1963" ObjektID="3447" ZuordnungsartID="1"/>
  <Zuordnungstabelle Zuordnungsnummer="4355" KundEigtNr="1600" ObjektID="8537" ZuordnungsartID="2"/>
  <Zuordnungstabelle Zuordnungsnummer="4356" KundEigtNr="966" ObjektID="3624" ZuordnungsartID="5"/>
  <Zuordnungstabelle Zuordnungsnummer="4357" KundEigtNr="2989" ObjektID="8567" ZuordnungsartID="5"/>
  <Zuordnungstabelle Zuordnungsnummer="4358" KundEigtNr="2989" ObjektID="3787" ZuordnungsartID="5"/>
  <Zuordnungstabelle Zuordnungsnummer="4360" KundEigtNr="2962" ObjektID="1310" ZuordnungsartID="2"/>
  <Zuordnungstabelle Zuordnungsnummer="4361" KundEigtNr="1996" ObjektID="1594" ZuordnungsartID="5"/>
  <Zuordnungstabelle Zuordnungsnummer="4362" KundEigtNr="429" ObjektID="1816" ZuordnungsartID="5"/>
  <Zuordnungstabelle Zuordnungsnummer="4363" KundEigtNr="3553" ObjektID="12790" ZuordnungsartID="5"/>
  <Zuordnungstabelle Zuordnungsnummer="4364" KundEigtNr="3553" ObjektID="8607" ZuordnungsartID="5"/>
  <Zuordnungstabelle Zuordnungsnummer="4365" KundEigtNr="3553" ObjektID="8608" ZuordnungsartID="5"/>
  <Zuordnungstabelle Zuordnungsnummer="4366" KundEigtNr="3553" ObjektID="8609" ZuordnungsartID="5"/>
  <Zuordnungstabelle Zuordnungsnummer="4367" KundEigtNr="3971" ObjektID="8610" ZuordnungsartID="5"/>
  <Zuordnungstabelle Zuordnungsnummer="4368" KundEigtNr="4150" ObjektID="3057" ZuordnungsartID="5"/>
  <Zuordnungstabelle Zuordnungsnummer="4369" KundEigtNr="4150" ObjektID="577" ZuordnungsartID="5"/>
  <Zuordnungstabelle Zuordnungsnummer="4370" KundEigtNr="4150" ObjektID="578" ZuordnungsartID="5"/>
  <Zuordnungstabelle Zuordnungsnummer="4371" KundEigtNr="3611" ObjektID="8644" ZuordnungsartID="5"/>
  <Zuordnungstabelle Zuordnungsnummer="4372" KundEigtNr="3342" ObjektID="8650" ZuordnungsartID="5"/>
  <Zuordnungstabelle Zuordnungsnummer="4373" KundEigtNr="3342" ObjektID="12791" ZuordnungsartID="5"/>
  <Zuordnungstabelle Zuordnungsnummer="4374" KundEigtNr="153" ObjektID="8671" ZuordnungsartID="5"/>
  <Zuordnungstabelle Zuordnungsnummer="4375" KundEigtNr="3263" ObjektID="2071" ZuordnungsartID="5"/>
  <Zuordnungstabelle Zuordnungsnummer="4376" KundEigtNr="153" ObjektID="8709" ZuordnungsartID="5"/>
  <Zuordnungstabelle Zuordnungsnummer="4377" KundEigtNr="153" ObjektID="8710" ZuordnungsartID="5"/>
  <Zuordnungstabelle Zuordnungsnummer="4378" KundEigtNr="153" ObjektID="8711" ZuordnungsartID="8"/>
  <Zuordnungstabelle Zuordnungsnummer="4379" KundEigtNr="3262" ObjektID="2641" ZuordnungsartID="5"/>
  <Zuordnungstabelle Zuordnungsnummer="4380" KundEigtNr="1931" ObjektID="3310" ZuordnungsartID="5"/>
  <Zuordnungstabelle Zuordnungsnummer="4381" KundEigtNr="1931" ObjektID="3311" ZuordnungsartID="8"/>
  <Zuordnungstabelle Zuordnungsnummer="4382" KundEigtNr="1890" ObjektID="8748" ZuordnungsartID="5"/>
  <Zuordnungstabelle Zuordnungsnummer="4383" KundEigtNr="1043" ObjektID="8755" ZuordnungsartID="5"/>
  <Zuordnungstabelle Zuordnungsnummer="4384" KundEigtNr="1991" ObjektID="1810" ZuordnungsartID="5"/>
  <Zuordnungstabelle Zuordnungsnummer="4385" KundEigtNr="1731" ObjektID="1803" ZuordnungsartID="5"/>
  <Zuordnungstabelle Zuordnungsnummer="4386" KundEigtNr="1731" ObjektID="1804" ZuordnungsartID="5"/>
  <Zuordnungstabelle Zuordnungsnummer="4387" KundEigtNr="3766" ObjektID="8801" ZuordnungsartID="5"/>
  <Zuordnungstabelle Zuordnungsnummer="4388" KundEigtNr="3832" ObjektID="6105" ZuordnungsartID="5"/>
  <Zuordnungstabelle Zuordnungsnummer="4389" KundEigtNr="2378" ObjektID="8817" ZuordnungsartID="5"/>
  <Zuordnungstabelle Zuordnungsnummer="4390" KundEigtNr="2378" ObjektID="12792" ZuordnungsartID="5"/>
  <Zuordnungstabelle Zuordnungsnummer="4391" KundEigtNr="2378" ObjektID="12793" ZuordnungsartID="5"/>
  <Zuordnungstabelle Zuordnungsnummer="4392" KundEigtNr="2378" ObjektID="12794" ZuordnungsartID="5"/>
  <Zuordnungstabelle Zuordnungsnummer="4393" KundEigtNr="2378" ObjektID="12795" ZuordnungsartID="5"/>
  <Zuordnungstabelle Zuordnungsnummer="4394" KundEigtNr="1934" ObjektID="8822" ZuordnungsartID="6"/>
  <Zuordnungstabelle Zuordnungsnummer="4395" KundEigtNr="1951" ObjektID="8823" ZuordnungsartID="5"/>
  <Zuordnungstabelle Zuordnungsnummer="4396" KundEigtNr="2923" ObjektID="8828" ZuordnungsartID="5"/>
  <Zuordnungstabelle Zuordnungsnummer="4397" KundEigtNr="3728" ObjektID="8829" ZuordnungsartID="5"/>
  <Zuordnungstabelle Zuordnungsnummer="4398" KundEigtNr="2123" ObjektID="8846" ZuordnungsartID="5"/>
  <Zuordnungstabelle Zuordnungsnummer="4399" KundEigtNr="1341" ObjektID="8468" ZuordnungsartID="5"/>
  <Zuordnungstabelle Zuordnungsnummer="4400" KundEigtNr="3770" ObjektID="8558" ZuordnungsartID="5"/>
  <Zuordnungstabelle Zuordnungsnummer="4401" KundEigtNr="3663" ObjektID="2237" ZuordnungsartID="5"/>
  <Zuordnungstabelle Zuordnungsnummer="4402" KundEigtNr="2921" ObjektID="8447" ZuordnungsartID="9"/>
  <Zuordnungstabelle Zuordnungsnummer="4403" KundEigtNr="358" ObjektID="8456" ZuordnungsartID="5"/>
  <Zuordnungstabelle Zuordnungsnummer="4404" KundEigtNr="17" ObjektID="8461" ZuordnungsartID="5"/>
  <Zuordnungstabelle Zuordnungsnummer="4405" KundEigtNr="353" ObjektID="3626" ZuordnungsartID="5"/>
  <Zuordnungstabelle Zuordnungsnummer="4406" KundEigtNr="353" ObjektID="3627" ZuordnungsartID="5"/>
  <Zuordnungstabelle Zuordnungsnummer="4407" KundEigtNr="2640" ObjektID="8470" ZuordnungsartID="5"/>
  <Zuordnungstabelle Zuordnungsnummer="4408" KundEigtNr="3297" ObjektID="8543" ZuordnungsartID="5"/>
  <Zuordnungstabelle Zuordnungsnummer="4409" KundEigtNr="2514" ObjektID="8550" ZuordnungsartID="5"/>
  <Zuordnungstabelle Zuordnungsnummer="4410" KundEigtNr="2514" ObjektID="8551" ZuordnungsartID="5"/>
  <Zuordnungstabelle Zuordnungsnummer="4411" KundEigtNr="2113" ObjektID="6171" ZuordnungsartID="5"/>
  <Zuordnungstabelle Zuordnungsnummer="4412" KundEigtNr="1923" ObjektID="8613" ZuordnungsartID="5"/>
  <Zuordnungstabelle Zuordnungsnummer="4413" KundEigtNr="5193" ObjektID="9097" ZuordnungsartID="5"/>
  <Zuordnungstabelle Zuordnungsnummer="4414" KundEigtNr="4453" ObjektID="36" ZuordnungsartID="5"/>
  <Zuordnungstabelle Zuordnungsnummer="4416" KundEigtNr="181" ObjektID="1574" ZuordnungsartID="5"/>
  <Zuordnungstabelle Zuordnungsnummer="4417" KundEigtNr="181" ObjektID="1575" ZuordnungsartID="5"/>
  <Zuordnungstabelle Zuordnungsnummer="4418" KundEigtNr="181" ObjektID="12797" ZuordnungsartID="5"/>
  <Zuordnungstabelle Zuordnungsnummer="4419" KundEigtNr="181" ObjektID="12798" ZuordnungsartID="5"/>
  <Zuordnungstabelle Zuordnungsnummer="4420" KundEigtNr="5196" ObjektID="12799" ZuordnungsartID="5"/>
  <Zuordnungstabelle Zuordnungsnummer="4421" KundEigtNr="5196" ObjektID="12800" ZuordnungsartID="5"/>
  <Zuordnungstabelle Zuordnungsnummer="4422" KundEigtNr="5196" ObjektID="12801" ZuordnungsartID="5"/>
  <Zuordnungstabelle Zuordnungsnummer="4423" KundEigtNr="5196" ObjektID="12802" ZuordnungsartID="5"/>
  <Zuordnungstabelle Zuordnungsnummer="4424" KundEigtNr="5196" ObjektID="12803" ZuordnungsartID="5"/>
  <Zuordnungstabelle Zuordnungsnummer="4425" KundEigtNr="5196" ObjektID="12804" ZuordnungsartID="5"/>
  <Zuordnungstabelle Zuordnungsnummer="4426" KundEigtNr="5196" ObjektID="12805" ZuordnungsartID="5"/>
  <Zuordnungstabelle Zuordnungsnummer="4427" KundEigtNr="5196" ObjektID="12806" ZuordnungsartID="5"/>
  <Zuordnungstabelle Zuordnungsnummer="4428" KundEigtNr="5197" ObjektID="12807" ZuordnungsartID="5"/>
  <Zuordnungstabelle Zuordnungsnummer="4429" KundEigtNr="5197" ObjektID="12808" ZuordnungsartID="5"/>
  <Zuordnungstabelle Zuordnungsnummer="4430" KundEigtNr="5197" ObjektID="12809" ZuordnungsartID="5"/>
  <Zuordnungstabelle Zuordnungsnummer="4431" KundEigtNr="5197" ObjektID="12810" ZuordnungsartID="5"/>
  <Zuordnungstabelle Zuordnungsnummer="4432" KundEigtNr="5197" ObjektID="12811" ZuordnungsartID="5"/>
  <Zuordnungstabelle Zuordnungsnummer="4433" KundEigtNr="5197" ObjektID="12812" ZuordnungsartID="5"/>
  <Zuordnungstabelle Zuordnungsnummer="4434" KundEigtNr="5197" ObjektID="12813" ZuordnungsartID="5"/>
  <Zuordnungstabelle Zuordnungsnummer="4435" KundEigtNr="5197" ObjektID="3373" ZuordnungsartID="5"/>
  <Zuordnungstabelle Zuordnungsnummer="4436" KundEigtNr="5197" ObjektID="3374" ZuordnungsartID="5"/>
  <Zuordnungstabelle Zuordnungsnummer="4437" KundEigtNr="5197" ObjektID="3375" ZuordnungsartID="5"/>
  <Zuordnungstabelle Zuordnungsnummer="4438" KundEigtNr="5197" ObjektID="12814" ZuordnungsartID="5"/>
  <Zuordnungstabelle Zuordnungsnummer="4439" KundEigtNr="5197" ObjektID="12815" ZuordnungsartID="5"/>
  <Zuordnungstabelle Zuordnungsnummer="4440" KundEigtNr="5197" ObjektID="12816" ZuordnungsartID="5"/>
  <Zuordnungstabelle Zuordnungsnummer="4441" KundEigtNr="5197" ObjektID="12817" ZuordnungsartID="5"/>
  <Zuordnungstabelle Zuordnungsnummer="4442" KundEigtNr="5197" ObjektID="12818" ZuordnungsartID="5"/>
  <Zuordnungstabelle Zuordnungsnummer="4443" KundEigtNr="5197" ObjektID="12819" ZuordnungsartID="5"/>
  <Zuordnungstabelle Zuordnungsnummer="4444" KundEigtNr="5197" ObjektID="12820" ZuordnungsartID="5"/>
  <Zuordnungstabelle Zuordnungsnummer="4445" KundEigtNr="5197" ObjektID="12821" ZuordnungsartID="5"/>
  <Zuordnungstabelle Zuordnungsnummer="4446" KundEigtNr="5197" ObjektID="12822" ZuordnungsartID="5"/>
  <Zuordnungstabelle Zuordnungsnummer="4448" KundEigtNr="5197" ObjektID="12823" ZuordnungsartID="5"/>
  <Zuordnungstabelle Zuordnungsnummer="4449" KundEigtNr="5197" ObjektID="12824" ZuordnungsartID="5"/>
  <Zuordnungstabelle Zuordnungsnummer="4450" KundEigtNr="5197" ObjektID="3527" ZuordnungsartID="5"/>
  <Zuordnungstabelle Zuordnungsnummer="4451" KundEigtNr="5197" ObjektID="3528" ZuordnungsartID="5"/>
  <Zuordnungstabelle Zuordnungsnummer="4452" KundEigtNr="5197" ObjektID="12825" ZuordnungsartID="5"/>
  <Zuordnungstabelle Zuordnungsnummer="4453" KundEigtNr="5197" ObjektID="3760" ZuordnungsartID="5"/>
  <Zuordnungstabelle Zuordnungsnummer="4454" KundEigtNr="5197" ObjektID="3749" ZuordnungsartID="5"/>
  <Zuordnungstabelle Zuordnungsnummer="4455" KundEigtNr="5197" ObjektID="12826" ZuordnungsartID="5"/>
  <Zuordnungstabelle Zuordnungsnummer="4456" KundEigtNr="5197" ObjektID="12827" ZuordnungsartID="5"/>
  <Zuordnungstabelle Zuordnungsnummer="4459" KundEigtNr="124" ObjektID="12828" ZuordnungsartID="5"/>
  <Zuordnungstabelle Zuordnungsnummer="4460" KundEigtNr="124" ObjektID="12829" ZuordnungsartID="5"/>
  <Zuordnungstabelle Zuordnungsnummer="4461" KundEigtNr="124" ObjektID="12830" ZuordnungsartID="5"/>
  <Zuordnungstabelle Zuordnungsnummer="4462" KundEigtNr="124" ObjektID="12831" ZuordnungsartID="5"/>
  <Zuordnungstabelle Zuordnungsnummer="4463" KundEigtNr="124" ObjektID="9836" ZuordnungsartID="5"/>
  <Zuordnungstabelle Zuordnungsnummer="4464" KundEigtNr="124" ObjektID="9837" ZuordnungsartID="5"/>
  <Zuordnungstabelle Zuordnungsnummer="4465" KundEigtNr="124" ObjektID="9839" ZuordnungsartID="5"/>
  <Zuordnungstabelle Zuordnungsnummer="4466" KundEigtNr="124" ObjektID="12832" ZuordnungsartID="5"/>
  <Zuordnungstabelle Zuordnungsnummer="4467" KundEigtNr="124" ObjektID="12833" ZuordnungsartID="5"/>
  <Zuordnungstabelle Zuordnungsnummer="4468" KundEigtNr="124" ObjektID="12834" ZuordnungsartID="5"/>
  <Zuordnungstabelle Zuordnungsnummer="4469" KundEigtNr="124" ObjektID="12835" ZuordnungsartID="5"/>
  <Zuordnungstabelle Zuordnungsnummer="4470" KundEigtNr="124" ObjektID="12836" ZuordnungsartID="5"/>
  <Zuordnungstabelle Zuordnungsnummer="4471" KundEigtNr="124" ObjektID="12837" ZuordnungsartID="5"/>
  <Zuordnungstabelle Zuordnungsnummer="4472" KundEigtNr="124" ObjektID="12838" ZuordnungsartID="5"/>
  <Zuordnungstabelle Zuordnungsnummer="4473" KundEigtNr="124" ObjektID="12839" ZuordnungsartID="5"/>
  <Zuordnungstabelle Zuordnungsnummer="4474" KundEigtNr="124" ObjektID="12840" ZuordnungsartID="5"/>
  <Zuordnungstabelle Zuordnungsnummer="4475" KundEigtNr="124" ObjektID="12841" ZuordnungsartID="8"/>
  <Zuordnungstabelle Zuordnungsnummer="4476" KundEigtNr="124" ObjektID="12842" ZuordnungsartID="5"/>
  <Zuordnungstabelle Zuordnungsnummer="4477" KundEigtNr="124" ObjektID="12843" ZuordnungsartID="5"/>
  <Zuordnungstabelle Zuordnungsnummer="4478" KundEigtNr="124" ObjektID="12844" ZuordnungsartID="5"/>
  <Zuordnungstabelle Zuordnungsnummer="4479" KundEigtNr="124" ObjektID="12845" ZuordnungsartID="5"/>
  <Zuordnungstabelle Zuordnungsnummer="4480" KundEigtNr="5198" ObjektID="12846" ZuordnungsartID="5"/>
  <Zuordnungstabelle Zuordnungsnummer="4481" KundEigtNr="5198" ObjektID="12847" ZuordnungsartID="5"/>
  <Zuordnungstabelle Zuordnungsnummer="4482" KundEigtNr="5198" ObjektID="12848" ZuordnungsartID="5"/>
  <Zuordnungstabelle Zuordnungsnummer="4483" KundEigtNr="5198" ObjektID="12849" ZuordnungsartID="5"/>
  <Zuordnungstabelle Zuordnungsnummer="4484" KundEigtNr="5198" ObjektID="12850" ZuordnungsartID="5"/>
  <Zuordnungstabelle Zuordnungsnummer="4485" KundEigtNr="5198" ObjektID="12851" ZuordnungsartID="5"/>
  <Zuordnungstabelle Zuordnungsnummer="4486" KundEigtNr="5198" ObjektID="12852" ZuordnungsartID="5"/>
  <Zuordnungstabelle Zuordnungsnummer="4487" KundEigtNr="5198" ObjektID="12853" ZuordnungsartID="5"/>
  <Zuordnungstabelle Zuordnungsnummer="4488" KundEigtNr="5198" ObjektID="12854" ZuordnungsartID="5"/>
  <Zuordnungstabelle Zuordnungsnummer="4489" KundEigtNr="5198" ObjektID="12855" ZuordnungsartID="5"/>
  <Zuordnungstabelle Zuordnungsnummer="4490" KundEigtNr="5199" ObjektID="871" ZuordnungsartID="5"/>
  <Zuordnungstabelle Zuordnungsnummer="4491" KundEigtNr="5199" ObjektID="872" ZuordnungsartID="5"/>
  <Zuordnungstabelle Zuordnungsnummer="4492" KundEigtNr="5199" ObjektID="12856" ZuordnungsartID="5"/>
  <Zuordnungstabelle Zuordnungsnummer="4493" KundEigtNr="5199" ObjektID="12857" ZuordnungsartID="5"/>
  <Zuordnungstabelle Zuordnungsnummer="4494" KundEigtNr="5199" ObjektID="12858" ZuordnungsartID="5"/>
  <Zuordnungstabelle Zuordnungsnummer="4495" KundEigtNr="5199" ObjektID="12859" ZuordnungsartID="5"/>
  <Zuordnungstabelle Zuordnungsnummer="4496" KundEigtNr="5199" ObjektID="12860" ZuordnungsartID="5"/>
  <Zuordnungstabelle Zuordnungsnummer="4497" KundEigtNr="5199" ObjektID="12861" ZuordnungsartID="5"/>
  <Zuordnungstabelle Zuordnungsnummer="4498" KundEigtNr="5199" ObjektID="12862" ZuordnungsartID="5"/>
  <Zuordnungstabelle Zuordnungsnummer="4499" KundEigtNr="5199" ObjektID="12863" ZuordnungsartID="5"/>
  <Zuordnungstabelle Zuordnungsnummer="4500" KundEigtNr="5199" ObjektID="12864" ZuordnungsartID="5"/>
  <Zuordnungstabelle Zuordnungsnummer="4501" KundEigtNr="5199" ObjektID="12865" ZuordnungsartID="5"/>
  <Zuordnungstabelle Zuordnungsnummer="4502" KundEigtNr="5199" ObjektID="12866" ZuordnungsartID="5"/>
  <Zuordnungstabelle Zuordnungsnummer="4503" KundEigtNr="5199" ObjektID="12867" ZuordnungsartID="5"/>
  <Zuordnungstabelle Zuordnungsnummer="4504" KundEigtNr="5199" ObjektID="12868" ZuordnungsartID="5"/>
  <Zuordnungstabelle Zuordnungsnummer="4505" KundEigtNr="5199" ObjektID="12869" ZuordnungsartID="5"/>
  <Zuordnungstabelle Zuordnungsnummer="4506" KundEigtNr="5199" ObjektID="12870" ZuordnungsartID="5"/>
  <Zuordnungstabelle Zuordnungsnummer="4507" KundEigtNr="5199" ObjektID="12871" ZuordnungsartID="5"/>
  <Zuordnungstabelle Zuordnungsnummer="4508" KundEigtNr="5199" ObjektID="12872" ZuordnungsartID="5"/>
  <Zuordnungstabelle Zuordnungsnummer="4509" KundEigtNr="5199" ObjektID="12873" ZuordnungsartID="5"/>
  <Zuordnungstabelle Zuordnungsnummer="4510" KundEigtNr="5199" ObjektID="12874" ZuordnungsartID="5"/>
  <Zuordnungstabelle Zuordnungsnummer="4511" KundEigtNr="5199" ObjektID="12875" ZuordnungsartID="5"/>
  <Zuordnungstabelle Zuordnungsnummer="4512" KundEigtNr="5199" ObjektID="12876" ZuordnungsartID="5"/>
  <Zuordnungstabelle Zuordnungsnummer="4513" KundEigtNr="5199" ObjektID="12877" ZuordnungsartID="5"/>
  <Zuordnungstabelle Zuordnungsnummer="4514" KundEigtNr="5199" ObjektID="12878" ZuordnungsartID="5"/>
  <Zuordnungstabelle Zuordnungsnummer="4515" KundEigtNr="5199" ObjektID="12879" ZuordnungsartID="5"/>
  <Zuordnungstabelle Zuordnungsnummer="4516" KundEigtNr="5199" ObjektID="12880" ZuordnungsartID="5"/>
  <Zuordnungstabelle Zuordnungsnummer="4517" KundEigtNr="5199" ObjektID="12881" ZuordnungsartID="5"/>
  <Zuordnungstabelle Zuordnungsnummer="4518" KundEigtNr="5199" ObjektID="12882" ZuordnungsartID="5"/>
  <Zuordnungstabelle Zuordnungsnummer="4519" KundEigtNr="5199" ObjektID="12883" ZuordnungsartID="5"/>
  <Zuordnungstabelle Zuordnungsnummer="4520" KundEigtNr="5199" ObjektID="12884" ZuordnungsartID="5"/>
  <Zuordnungstabelle Zuordnungsnummer="4521" KundEigtNr="5199" ObjektID="12885" ZuordnungsartID="5"/>
  <Zuordnungstabelle Zuordnungsnummer="4522" KundEigtNr="5199" ObjektID="12886" ZuordnungsartID="5"/>
  <Zuordnungstabelle Zuordnungsnummer="4523" KundEigtNr="5199" ObjektID="12887" ZuordnungsartID="5"/>
  <Zuordnungstabelle Zuordnungsnummer="4524" KundEigtNr="5199" ObjektID="12888" ZuordnungsartID="5"/>
  <Zuordnungstabelle Zuordnungsnummer="4525" KundEigtNr="5199" ObjektID="12889" ZuordnungsartID="5"/>
  <Zuordnungstabelle Zuordnungsnummer="4526" KundEigtNr="5199" ObjektID="12890" ZuordnungsartID="5"/>
  <Zuordnungstabelle Zuordnungsnummer="4527" KundEigtNr="5199" ObjektID="12891" ZuordnungsartID="5"/>
  <Zuordnungstabelle Zuordnungsnummer="4528" KundEigtNr="5199" ObjektID="12892" ZuordnungsartID="5"/>
  <Zuordnungstabelle Zuordnungsnummer="4529" KundEigtNr="5199" ObjektID="12893" ZuordnungsartID="5"/>
  <Zuordnungstabelle Zuordnungsnummer="4530" KundEigtNr="5199" ObjektID="12894" ZuordnungsartID="5"/>
  <Zuordnungstabelle Zuordnungsnummer="4531" KundEigtNr="5199" ObjektID="12895" ZuordnungsartID="5"/>
  <Zuordnungstabelle Zuordnungsnummer="4532" KundEigtNr="5199" ObjektID="12896" ZuordnungsartID="5"/>
  <Zuordnungstabelle Zuordnungsnummer="4533" KundEigtNr="5199" ObjektID="12897" ZuordnungsartID="5"/>
  <Zuordnungstabelle Zuordnungsnummer="4534" KundEigtNr="5199" ObjektID="12898" ZuordnungsartID="5"/>
  <Zuordnungstabelle Zuordnungsnummer="4535" KundEigtNr="5199" ObjektID="12899" ZuordnungsartID="5"/>
  <Zuordnungstabelle Zuordnungsnummer="4536" KundEigtNr="5199" ObjektID="12900" ZuordnungsartID="5"/>
  <Zuordnungstabelle Zuordnungsnummer="4537" KundEigtNr="5199" ObjektID="12901" ZuordnungsartID="5"/>
  <Zuordnungstabelle Zuordnungsnummer="4538" KundEigtNr="5199" ObjektID="12902" ZuordnungsartID="5"/>
  <Zuordnungstabelle Zuordnungsnummer="4539" KundEigtNr="5199" ObjektID="12903" ZuordnungsartID="5"/>
  <Zuordnungstabelle Zuordnungsnummer="4540" KundEigtNr="5200" ObjektID="12904" ZuordnungsartID="5"/>
  <Zuordnungstabelle Zuordnungsnummer="4541" KundEigtNr="5200" ObjektID="12905" ZuordnungsartID="5"/>
  <Zuordnungstabelle Zuordnungsnummer="4542" KundEigtNr="5200" ObjektID="12906" ZuordnungsartID="5"/>
  <Zuordnungstabelle Zuordnungsnummer="4543" KundEigtNr="5200" ObjektID="12907" ZuordnungsartID="5"/>
  <Zuordnungstabelle Zuordnungsnummer="4544" KundEigtNr="5200" ObjektID="12908" ZuordnungsartID="5"/>
  <Zuordnungstabelle Zuordnungsnummer="4545" KundEigtNr="5200" ObjektID="12909" ZuordnungsartID="5"/>
  <Zuordnungstabelle Zuordnungsnummer="4546" KundEigtNr="5200" ObjektID="12910" ZuordnungsartID="5"/>
  <Zuordnungstabelle Zuordnungsnummer="4547" KundEigtNr="5200" ObjektID="6149" ZuordnungsartID="5"/>
  <Zuordnungstabelle Zuordnungsnummer="4548" KundEigtNr="5200" ObjektID="6150" ZuordnungsartID="5"/>
  <Zuordnungstabelle Zuordnungsnummer="4549" KundEigtNr="5200" ObjektID="6151" ZuordnungsartID="5"/>
  <Zuordnungstabelle Zuordnungsnummer="4550" KundEigtNr="5200" ObjektID="12911" ZuordnungsartID="5"/>
  <Zuordnungstabelle Zuordnungsnummer="4551" KundEigtNr="5200" ObjektID="12912" ZuordnungsartID="5"/>
  <Zuordnungstabelle Zuordnungsnummer="4552" KundEigtNr="5200" ObjektID="12913" ZuordnungsartID="5"/>
  <Zuordnungstabelle Zuordnungsnummer="4553" KundEigtNr="5200" ObjektID="12914" ZuordnungsartID="5"/>
  <Zuordnungstabelle Zuordnungsnummer="4554" KundEigtNr="5200" ObjektID="12915" ZuordnungsartID="5"/>
  <Zuordnungstabelle Zuordnungsnummer="4555" KundEigtNr="5200" ObjektID="12916" ZuordnungsartID="5"/>
  <Zuordnungstabelle Zuordnungsnummer="4556" KundEigtNr="5200" ObjektID="12917" ZuordnungsartID="5"/>
  <Zuordnungstabelle Zuordnungsnummer="4557" KundEigtNr="5200" ObjektID="12918" ZuordnungsartID="5"/>
  <Zuordnungstabelle Zuordnungsnummer="4558" KundEigtNr="5200" ObjektID="12919" ZuordnungsartID="5"/>
  <Zuordnungstabelle Zuordnungsnummer="4559" KundEigtNr="5200" ObjektID="12920" ZuordnungsartID="5"/>
  <Zuordnungstabelle Zuordnungsnummer="4560" KundEigtNr="5200" ObjektID="12921" ZuordnungsartID="5"/>
  <Zuordnungstabelle Zuordnungsnummer="4561" KundEigtNr="5200" ObjektID="12922" ZuordnungsartID="5"/>
  <Zuordnungstabelle Zuordnungsnummer="4562" KundEigtNr="5200" ObjektID="12923" ZuordnungsartID="5"/>
  <Zuordnungstabelle Zuordnungsnummer="4563" KundEigtNr="5200" ObjektID="12924" ZuordnungsartID="5"/>
  <Zuordnungstabelle Zuordnungsnummer="4564" KundEigtNr="5200" ObjektID="12925" ZuordnungsartID="5"/>
  <Zuordnungstabelle Zuordnungsnummer="4565" KundEigtNr="5200" ObjektID="12926" ZuordnungsartID="5"/>
  <Zuordnungstabelle Zuordnungsnummer="4566" KundEigtNr="5200" ObjektID="12927" ZuordnungsartID="5"/>
  <Zuordnungstabelle Zuordnungsnummer="4567" KundEigtNr="5201" ObjektID="12928" ZuordnungsartID="5"/>
  <Zuordnungstabelle Zuordnungsnummer="4568" KundEigtNr="5201" ObjektID="9447" ZuordnungsartID="5"/>
  <Zuordnungstabelle Zuordnungsnummer="4569" KundEigtNr="5201" ObjektID="12929" ZuordnungsartID="5"/>
  <Zuordnungstabelle Zuordnungsnummer="4570" KundEigtNr="5201" ObjektID="12930" ZuordnungsartID="5"/>
  <Zuordnungstabelle Zuordnungsnummer="4571" KundEigtNr="5201" ObjektID="12931" ZuordnungsartID="5"/>
  <Zuordnungstabelle Zuordnungsnummer="4572" KundEigtNr="5201" ObjektID="12932" ZuordnungsartID="5"/>
  <Zuordnungstabelle Zuordnungsnummer="4573" KundEigtNr="5201" ObjektID="12933" ZuordnungsartID="5"/>
  <Zuordnungstabelle Zuordnungsnummer="4574" KundEigtNr="5201" ObjektID="12934" ZuordnungsartID="5"/>
  <Zuordnungstabelle Zuordnungsnummer="4575" KundEigtNr="5201" ObjektID="12935" ZuordnungsartID="5"/>
  <Zuordnungstabelle Zuordnungsnummer="4576" KundEigtNr="5201" ObjektID="12936" ZuordnungsartID="5"/>
  <Zuordnungstabelle Zuordnungsnummer="4577" KundEigtNr="327" ObjektID="12937" ZuordnungsartID="5"/>
  <Zuordnungstabelle Zuordnungsnummer="4578" KundEigtNr="327" ObjektID="12938" ZuordnungsartID="5"/>
  <Zuordnungstabelle Zuordnungsnummer="4579" KundEigtNr="327" ObjektID="12939" ZuordnungsartID="5"/>
  <Zuordnungstabelle Zuordnungsnummer="4580" KundEigtNr="327" ObjektID="12940" ZuordnungsartID="5"/>
  <Zuordnungstabelle Zuordnungsnummer="4581" KundEigtNr="327" ObjektID="12941" ZuordnungsartID="5"/>
  <Zuordnungstabelle Zuordnungsnummer="4582" KundEigtNr="327" ObjektID="12942" ZuordnungsartID="5"/>
  <Zuordnungstabelle Zuordnungsnummer="4583" KundEigtNr="327" ObjektID="3871" ZuordnungsartID="5"/>
  <Zuordnungstabelle Zuordnungsnummer="4584" KundEigtNr="327" ObjektID="12943" ZuordnungsartID="5"/>
  <Zuordnungstabelle Zuordnungsnummer="4585" KundEigtNr="327" ObjektID="12944" ZuordnungsartID="5"/>
  <Zuordnungstabelle Zuordnungsnummer="4586" KundEigtNr="327" ObjektID="12945" ZuordnungsartID="5"/>
  <Zuordnungstabelle Zuordnungsnummer="4587" KundEigtNr="327" ObjektID="12946" ZuordnungsartID="5"/>
  <Zuordnungstabelle Zuordnungsnummer="4588" KundEigtNr="327" ObjektID="12947" ZuordnungsartID="5"/>
  <Zuordnungstabelle Zuordnungsnummer="4589" KundEigtNr="327" ObjektID="12948" ZuordnungsartID="5"/>
  <Zuordnungstabelle Zuordnungsnummer="4590" KundEigtNr="327" ObjektID="12949" ZuordnungsartID="5"/>
  <Zuordnungstabelle Zuordnungsnummer="4591" KundEigtNr="327" ObjektID="12950" ZuordnungsartID="5"/>
  <Zuordnungstabelle Zuordnungsnummer="4592" KundEigtNr="327" ObjektID="12951" ZuordnungsartID="5"/>
  <Zuordnungstabelle Zuordnungsnummer="4593" KundEigtNr="327" ObjektID="12952" ZuordnungsartID="5"/>
  <Zuordnungstabelle Zuordnungsnummer="4594" KundEigtNr="327" ObjektID="12953" ZuordnungsartID="5"/>
  <Zuordnungstabelle Zuordnungsnummer="4595" KundEigtNr="327" ObjektID="12954" ZuordnungsartID="5"/>
  <Zuordnungstabelle Zuordnungsnummer="4596" KundEigtNr="327" ObjektID="12955" ZuordnungsartID="5"/>
  <Zuordnungstabelle Zuordnungsnummer="4597" KundEigtNr="327" ObjektID="12956" ZuordnungsartID="5"/>
  <Zuordnungstabelle Zuordnungsnummer="4598" KundEigtNr="327" ObjektID="12957" ZuordnungsartID="5"/>
  <Zuordnungstabelle Zuordnungsnummer="4599" KundEigtNr="327" ObjektID="12958" ZuordnungsartID="5"/>
  <Zuordnungstabelle Zuordnungsnummer="4600" KundEigtNr="327" ObjektID="12959" ZuordnungsartID="5"/>
  <Zuordnungstabelle Zuordnungsnummer="4601" KundEigtNr="327" ObjektID="12960" ZuordnungsartID="5"/>
  <Zuordnungstabelle Zuordnungsnummer="4602" KundEigtNr="327" ObjektID="12961" ZuordnungsartID="5"/>
  <Zuordnungstabelle Zuordnungsnummer="4603" KundEigtNr="327" ObjektID="12962" ZuordnungsartID="5"/>
  <Zuordnungstabelle Zuordnungsnummer="4604" KundEigtNr="327" ObjektID="12963" ZuordnungsartID="5"/>
  <Zuordnungstabelle Zuordnungsnummer="4605" KundEigtNr="327" ObjektID="12964" ZuordnungsartID="5"/>
  <Zuordnungstabelle Zuordnungsnummer="4606" KundEigtNr="327" ObjektID="12965" ZuordnungsartID="5"/>
  <Zuordnungstabelle Zuordnungsnummer="4607" KundEigtNr="327" ObjektID="12966" ZuordnungsartID="5"/>
  <Zuordnungstabelle Zuordnungsnummer="4608" KundEigtNr="327" ObjektID="12967" ZuordnungsartID="5"/>
  <Zuordnungstabelle Zuordnungsnummer="4609" KundEigtNr="327" ObjektID="12968" ZuordnungsartID="5"/>
  <Zuordnungstabelle Zuordnungsnummer="4610" KundEigtNr="5050" ObjektID="12978" ZuordnungsartID="5"/>
  <Zuordnungstabelle Zuordnungsnummer="4611" KundEigtNr="4253" ObjektID="12969" ZuordnungsartID="5"/>
  <Zuordnungstabelle Zuordnungsnummer="4612" KundEigtNr="5227" ObjektID="13038" ZuordnungsartID="5"/>
  <Zuordnungstabelle Zuordnungsnummer="4613" KundEigtNr="5230" ObjektID="13040" ZuordnungsartID="5"/>
  <Zuordnungstabelle Zuordnungsnummer="4614" KundEigtNr="687" ObjektID="13041" ZuordnungsartID="5"/>
  <Zuordnungstabelle Zuordnungsnummer="4615" KundEigtNr="687" ObjektID="13042" ZuordnungsartID="5"/>
  <Zuordnungstabelle Zuordnungsnummer="4616" KundEigtNr="72" ObjektID="13043" ZuordnungsartID="5"/>
  <Zuordnungstabelle Zuordnungsnummer="4617" KundEigtNr="2030" ObjektID="13045" ZuordnungsartID="5"/>
  <Zuordnungstabelle Zuordnungsnummer="4618" KundEigtNr="2030" ObjektID="2374" ZuordnungsartID="5"/>
  <Zuordnungstabelle Zuordnungsnummer="4619" KundEigtNr="4961" ObjektID="13046" ZuordnungsartID="5"/>
  <Zuordnungstabelle Zuordnungsnummer="4620" KundEigtNr="1421" ObjektID="13125" ZuordnungsartID="5"/>
  <Zuordnungstabelle Zuordnungsnummer="4621" KundEigtNr="5239" ObjektID="13130" ZuordnungsartID="5"/>
  <Zuordnungstabelle Zuordnungsnummer="4622" KundEigtNr="5242" ObjektID="4360" ZuordnungsartID="5"/>
  <Zuordnungstabelle Zuordnungsnummer="4625" KundEigtNr="5244" ObjektID="4338" ZuordnungsartID="5"/>
  <Zuordnungstabelle Zuordnungsnummer="4626" KundEigtNr="2570" ObjektID="13131" ZuordnungsartID="5"/>
  <Zuordnungstabelle Zuordnungsnummer="4627" KundEigtNr="2570" ObjektID="13132" ZuordnungsartID="5"/>
  <Zuordnungstabelle Zuordnungsnummer="4628" KundEigtNr="2570" ObjektID="13133" ZuordnungsartID="5"/>
  <Zuordnungstabelle Zuordnungsnummer="4629" KundEigtNr="2570" ObjektID="13164" ZuordnungsartID="5"/>
  <Zuordnungstabelle Zuordnungsnummer="4630" KundEigtNr="2570" ObjektID="13165" ZuordnungsartID="5"/>
  <Zuordnungstabelle Zuordnungsnummer="4631" KundEigtNr="5246" ObjektID="13166" ZuordnungsartID="5"/>
  <Zuordnungstabelle Zuordnungsnummer="4632" KundEigtNr="5247" ObjektID="13167" ZuordnungsartID="5"/>
  <Zuordnungstabelle Zuordnungsnummer="4634" KundEigtNr="5248" ObjektID="4366" ZuordnungsartID="5"/>
  <Zuordnungstabelle Zuordnungsnummer="4635" KundEigtNr="164" ObjektID="4363" ZuordnungsartID="5"/>
  <Zuordnungstabelle Zuordnungsnummer="4636" KundEigtNr="164" ObjektID="4362" ZuordnungsartID="5"/>
  <Zuordnungstabelle Zuordnungsnummer="4637" KundEigtNr="4844" ObjektID="4359" ZuordnungsartID="5"/>
  <Zuordnungstabelle Zuordnungsnummer="4638" KundEigtNr="129" ObjektID="4344" ZuordnungsartID="5"/>
  <Zuordnungstabelle Zuordnungsnummer="4639" KundEigtNr="42" ObjektID="4323" ZuordnungsartID="5"/>
  <Zuordnungstabelle Zuordnungsnummer="4640" KundEigtNr="612" ObjektID="612" ZuordnungsartID="5"/>
  <Zuordnungstabelle Zuordnungsnummer="4641" KundEigtNr="164" ObjektID="4340" ZuordnungsartID="8"/>
  <Zuordnungstabelle Zuordnungsnummer="4642" KundEigtNr="5252" ObjektID="13200" ZuordnungsartID="5"/>
  <Zuordnungstabelle Zuordnungsnummer="4643" KundEigtNr="5254" ObjektID="13201" ZuordnungsartID="5"/>
  <Zuordnungstabelle Zuordnungsnummer="4644" KundEigtNr="5262" ObjektID="13140" ZuordnungsartID="5"/>
  <Zuordnungstabelle Zuordnungsnummer="4645" KundEigtNr="5270" ObjektID="429" ZuordnungsartID="5"/>
  <Zuordnungstabelle Zuordnungsnummer="4646" KundEigtNr="5276" ObjektID="3446" ZuordnungsartID="5"/>
  <Zuordnungstabelle Zuordnungsnummer="4647" KundEigtNr="5286" ObjektID="13180" ZuordnungsartID="5"/>
  <Zuordnungstabelle Zuordnungsnummer="4648" KundEigtNr="880" ObjektID="13216" ZuordnungsartID="5"/>
  <Zuordnungstabelle Zuordnungsnummer="4649" KundEigtNr="5243" ObjektID="4347" ZuordnungsartID="8"/>
  <Zuordnungstabelle Zuordnungsnummer="4650" KundEigtNr="5300" ObjektID="13218" ZuordnungsartID="5"/>
  <Zuordnungstabelle Zuordnungsnummer="4651" KundEigtNr="5307" ObjektID="13234" ZuordnungsartID="5"/>
  <Zuordnungstabelle Zuordnungsnummer="4652" KundEigtNr="5309" ObjektID="13249" ZuordnungsartID="5"/>
  <Zuordnungstabelle Zuordnungsnummer="4653" KundEigtNr="2078" ObjektID="13252" ZuordnungsartID="5"/>
  <Zuordnungstabelle Zuordnungsnummer="4654" KundEigtNr="4153" ObjektID="2946" ZuordnungsartID="5"/>
  <Zuordnungstabelle Zuordnungsnummer="4655" KundEigtNr="516" ObjektID="13253" ZuordnungsartID="5"/>
  <Zuordnungstabelle Zuordnungsnummer="4656" KundEigtNr="516" ObjektID="13219" ZuordnungsartID="5"/>
  <Zuordnungstabelle Zuordnungsnummer="4657" KundEigtNr="5313" ObjektID="1699" ZuordnungsartID="5"/>
  <Zuordnungstabelle Zuordnungsnummer="4658" KundEigtNr="5314" ObjektID="13254" ZuordnungsartID="5"/>
  <Zuordnungstabelle Zuordnungsnummer="4659" KundEigtNr="5316" ObjektID="13255" ZuordnungsartID="5"/>
  <Zuordnungstabelle Zuordnungsnummer="4660" KundEigtNr="5092" ObjektID="13256" ZuordnungsartID="5"/>
  <Zuordnungstabelle Zuordnungsnummer="4661" KundEigtNr="2498" ObjektID="13257" ZuordnungsartID="5"/>
  <Zuordnungstabelle Zuordnungsnummer="4662" KundEigtNr="2498" ObjektID="13258" ZuordnungsartID="5"/>
  <Zuordnungstabelle Zuordnungsnummer="4663" KundEigtNr="2498" ObjektID="13259" ZuordnungsartID="5"/>
  <Zuordnungstabelle Zuordnungsnummer="4664" KundEigtNr="2580" ObjektID="2536" ZuordnungsartID="5"/>
  <Zuordnungstabelle Zuordnungsnummer="4665" KundEigtNr="5346" ObjektID="13260" ZuordnungsartID="5"/>
  <Zuordnungstabelle Zuordnungsnummer="4666" KundEigtNr="5360" ObjektID="13275" ZuordnungsartID="5"/>
  <Zuordnungstabelle Zuordnungsnummer="4667" KundEigtNr="5001" ObjektID="9521" ZuordnungsartID="5"/>
  <Zuordnungstabelle Zuordnungsnummer="4668" KundEigtNr="4185" ObjektID="13276" ZuordnungsartID="5"/>
  <Zuordnungstabelle Zuordnungsnummer="4669" KundEigtNr="5374" ObjektID="13277" ZuordnungsartID="8"/>
  <Zuordnungstabelle Zuordnungsnummer="4671" KundEigtNr="5377" ObjektID="13279" ZuordnungsartID="5"/>
  <Zuordnungstabelle Zuordnungsnummer="4672" KundEigtNr="153" ObjektID="9013" ZuordnungsartID="5"/>
  <Zuordnungstabelle Zuordnungsnummer="4673" KundEigtNr="5202" ObjektID="3325" ZuordnungsartID="5"/>
  <Zuordnungstabelle Zuordnungsnummer="4675" KundEigtNr="5377" ObjektID="13280" ZuordnungsartID="5"/>
  <Zuordnungstabelle Zuordnungsnummer="4676" KundEigtNr="5379" ObjektID="2381" ZuordnungsartID="5"/>
  <Zuordnungstabelle Zuordnungsnummer="4677" KundEigtNr="5385" ObjektID="13281" ZuordnungsartID="5"/>
  <Zuordnungstabelle Zuordnungsnummer="4678" KundEigtNr="5386" ObjektID="1281" ZuordnungsartID="5"/>
  <Zuordnungstabelle Zuordnungsnummer="4679" KundEigtNr="5386" ObjektID="13282" ZuordnungsartID="5"/>
  <Zuordnungstabelle Zuordnungsnummer="4680" KundEigtNr="5386" ObjektID="13283" ZuordnungsartID="5"/>
  <Zuordnungstabelle Zuordnungsnummer="4681" KundEigtNr="5386" ObjektID="13284" ZuordnungsartID="5"/>
  <Zuordnungstabelle Zuordnungsnummer="4682" KundEigtNr="5386" ObjektID="13285" ZuordnungsartID="5"/>
  <Zuordnungstabelle Zuordnungsnummer="4683" KundEigtNr="2154" ObjektID="13368" ZuordnungsartID="5"/>
  <Zuordnungstabelle Zuordnungsnummer="4684" KundEigtNr="5398" ObjektID="3624" ZuordnungsartID="5"/>
  <Zuordnungstabelle Zuordnungsnummer="4685" KundEigtNr="5402" ObjektID="13374" ZuordnungsartID="5"/>
  <Zuordnungstabelle Zuordnungsnummer="4686" KundEigtNr="2607" ObjektID="1688" ZuordnungsartID="5"/>
  <Zuordnungstabelle Zuordnungsnummer="4687" KundEigtNr="153" ObjektID="13375" ZuordnungsartID="5"/>
  <Zuordnungstabelle Zuordnungsnummer="4688" KundEigtNr="516" ObjektID="13253" ZuordnungsartID="5"/>
  <Zuordnungstabelle Zuordnungsnummer="4689" KundEigtNr="5415" ObjektID="13383" ZuordnungsartID="5"/>
  <Zuordnungstabelle Zuordnungsnummer="4690" KundEigtNr="516" ObjektID="13219" ZuordnungsartID="5"/>
  <Zuordnungstabelle Zuordnungsnummer="4691" KundEigtNr="5417" ObjektID="13385" ZuordnungsartID="5"/>
  <Zuordnungstabelle Zuordnungsnummer="4693" KundEigtNr="3553" ObjektID="13388" ZuordnungsartID="5"/>
  <Zuordnungstabelle Zuordnungsnummer="4694" KundEigtNr="1954" ObjektID="13389" ZuordnungsartID="5"/>
  <Zuordnungstabelle Zuordnungsnummer="4695" KundEigtNr="516" ObjektID="13386" ZuordnungsartID="5"/>
  <Zuordnungstabelle Zuordnungsnummer="4696" KundEigtNr="5311" ObjektID="6323" ZuordnungsartID="5"/>
  <Zuordnungstabelle Zuordnungsnummer="4697" KundEigtNr="5424" ObjektID="13392" ZuordnungsartID="5"/>
  <Zuordnungstabelle Zuordnungsnummer="4698" KundEigtNr="516" ObjektID="13384" ZuordnungsartID="5"/>
  <Zuordnungstabelle Zuordnungsnummer="4699" KundEigtNr="5428" ObjektID="13334" ZuordnungsartID="5"/>
  <Zuordnungstabelle Zuordnungsnummer="4700" KundEigtNr="5429" ObjektID="4334" ZuordnungsartID="5"/>
  <Zuordnungstabelle Zuordnungsnummer="4701" KundEigtNr="5430" ObjektID="4335" ZuordnungsartID="5"/>
  <Zuordnungstabelle Zuordnungsnummer="4702" KundEigtNr="5432" ObjektID="13393" ZuordnungsartID="5"/>
  <Zuordnungstabelle Zuordnungsnummer="4703" KundEigtNr="5433" ObjektID="13394" ZuordnungsartID="5"/>
  <Zuordnungstabelle Zuordnungsnummer="4704" KundEigtNr="151" ObjektID="4342" ZuordnungsartID="5"/>
  <Zuordnungstabelle Zuordnungsnummer="4705" KundEigtNr="5435" ObjektID="10374" ZuordnungsartID="5"/>
  <Zuordnungstabelle Zuordnungsnummer="4706" KundEigtNr="5434" ObjektID="4341" ZuordnungsartID="5"/>
  <Zuordnungstabelle Zuordnungsnummer="4707" KundEigtNr="5436" ObjektID="4333" ZuordnungsartID="5"/>
  <Zuordnungstabelle Zuordnungsnummer="4708" KundEigtNr="2514" ObjektID="4332" ZuordnungsartID="5"/>
  <Zuordnungstabelle Zuordnungsnummer="4709" KundEigtNr="5437" ObjektID="4326" ZuordnungsartID="5"/>
  <Zuordnungstabelle Zuordnungsnummer="4710" KundEigtNr="5438" ObjektID="4331" ZuordnungsartID="5"/>
  <Zuordnungstabelle Zuordnungsnummer="4711" KundEigtNr="5439" ObjektID="4330" ZuordnungsartID="5"/>
  <Zuordnungstabelle Zuordnungsnummer="4712" KundEigtNr="5440" ObjektID="4328" ZuordnungsartID="5"/>
  <Zuordnungstabelle Zuordnungsnummer="4713" KundEigtNr="5441" ObjektID="4352" ZuordnungsartID="5"/>
  <Zuordnungstabelle Zuordnungsnummer="4714" KundEigtNr="5442" ObjektID="4345" ZuordnungsartID="5"/>
  <Zuordnungstabelle Zuordnungsnummer="4715" KundEigtNr="5445" ObjektID="4367" ZuordnungsartID="5"/>
  <Zuordnungstabelle Zuordnungsnummer="4716" KundEigtNr="164" ObjektID="10372" ZuordnungsartID="5"/>
  <Zuordnungstabelle Zuordnungsnummer="4717" KundEigtNr="5448" ObjektID="4349" ZuordnungsartID="5"/>
  <Zuordnungstabelle Zuordnungsnummer="4718" KundEigtNr="5449" ObjektID="4346" ZuordnungsartID="5"/>
  <Zuordnungstabelle Zuordnungsnummer="4719" KundEigtNr="5450" ObjektID="4327" ZuordnungsartID="5"/>
  <Zuordnungstabelle Zuordnungsnummer="4720" KundEigtNr="5451" ObjektID="4329" ZuordnungsartID="5"/>
  <Zuordnungstabelle Zuordnungsnummer="4721" KundEigtNr="5452" ObjektID="4343" ZuordnungsartID="5"/>
  <Zuordnungstabelle Zuordnungsnummer="4722" KundEigtNr="5456" ObjektID="4324" ZuordnungsartID="5"/>
  <Zuordnungstabelle Zuordnungsnummer="4723" KundEigtNr="5435" ObjektID="4337" ZuordnungsartID="5"/>
  <Zuordnungstabelle Zuordnungsnummer="4724" KundEigtNr="4424" ObjektID="13395" ZuordnungsartID="5"/>
  <Zuordnungstabelle Zuordnungsnummer="4726" KundEigtNr="5159" ObjektID="5563" ZuordnungsartID="5"/>
  <Zuordnungstabelle Zuordnungsnummer="4727" KundEigtNr="5476" ObjektID="13415" ZuordnungsartID="5"/>
  <Zuordnungstabelle Zuordnungsnummer="4728" KundEigtNr="5477" ObjektID="13417" ZuordnungsartID="5"/>
  <Zuordnungstabelle Zuordnungsnummer="4729" KundEigtNr="2110" ObjektID="13420" ZuordnungsartID="5"/>
  <Zuordnungstabelle Zuordnungsnummer="4730" KundEigtNr="5478" ObjektID="13422" ZuordnungsartID="5"/>
  <Zuordnungstabelle Zuordnungsnummer="4731" KundEigtNr="5479" ObjektID="13406" ZuordnungsartID="5"/>
  <Zuordnungstabelle Zuordnungsnummer="4732" KundEigtNr="5481" ObjektID="13424" ZuordnungsartID="5"/>
  <Zuordnungstabelle Zuordnungsnummer="4733" KundEigtNr="5482" ObjektID="13425" ZuordnungsartID="5"/>
  <Zuordnungstabelle Zuordnungsnummer="4734" KundEigtNr="5483" ObjektID="13427" ZuordnungsartID="5"/>
  <Zuordnungstabelle Zuordnungsnummer="4735" KundEigtNr="1931" ObjektID="13429" ZuordnungsartID="5"/>
  <Zuordnungstabelle Zuordnungsnummer="4736" KundEigtNr="5484" ObjektID="13430" ZuordnungsartID="5"/>
  <Zuordnungstabelle Zuordnungsnummer="4737" KundEigtNr="3007" ObjektID="8884" ZuordnungsartID="5"/>
  <Zuordnungstabelle Zuordnungsnummer="4738" KundEigtNr="3007" ObjektID="8885" ZuordnungsartID="5"/>
  <Zuordnungstabelle Zuordnungsnummer="4739" KundEigtNr="3700" ObjektID="1814" ZuordnungsartID="5"/>
  <Zuordnungstabelle Zuordnungsnummer="4740" KundEigtNr="171" ObjektID="3404" ZuordnungsartID="5"/>
  <Zuordnungstabelle Zuordnungsnummer="4741" KundEigtNr="4094" ObjektID="42" ZuordnungsartID="5"/>
  <Zuordnungstabelle Zuordnungsnummer="4744" KundEigtNr="1979" ObjektID="4287" ZuordnungsartID="8"/>
  <Zuordnungstabelle Zuordnungsnummer="4745" KundEigtNr="5489" ObjektID="4287" ZuordnungsartID="5"/>
  <Zuordnungstabelle Zuordnungsnummer="4746" KundEigtNr="1686" ObjektID="8322" ZuordnungsartID="5"/>
  <Zuordnungstabelle Zuordnungsnummer="4747" KundEigtNr="3907" ObjektID="13453" ZuordnungsartID="5"/>
  <Zuordnungstabelle Zuordnungsnummer="4749" KundEigtNr="5497" ObjektID="13455" ZuordnungsartID="2"/>
  <Zuordnungstabelle Zuordnungsnummer="4750" KundEigtNr="5498" ObjektID="13196" ZuordnungsartID="5"/>
  <Zuordnungstabelle Zuordnungsnummer="4751" KundEigtNr="5498" ObjektID="13173" ZuordnungsartID="5"/>
  <Zuordnungstabelle Zuordnungsnummer="4752" KundEigtNr="5498" ObjektID="13452" ZuordnungsartID="5"/>
  <Zuordnungstabelle Zuordnungsnummer="4753" KundEigtNr="5498" ObjektID="13171" ZuordnungsartID="5"/>
  <Zuordnungstabelle Zuordnungsnummer="4754" KundEigtNr="5499" ObjektID="13456" ZuordnungsartID="5"/>
  <Zuordnungstabelle Zuordnungsnummer="4755" KundEigtNr="5500" ObjektID="1835" ZuordnungsartID="5"/>
  <Zuordnungstabelle Zuordnungsnummer="4756" KundEigtNr="5500" ObjektID="13396" ZuordnungsartID="5"/>
  <Zuordnungstabelle Zuordnungsnummer="4757" KundEigtNr="5500" ObjektID="1834" ZuordnungsartID="5"/>
  <Zuordnungstabelle Zuordnungsnummer="4758" KundEigtNr="5311" ObjektID="301" ZuordnungsartID="2"/>
  <Zuordnungstabelle Zuordnungsnummer="4759" KundEigtNr="5538" ObjektID="302" ZuordnungsartID="1"/>
  <Zuordnungstabelle Zuordnungsnummer="4760" KundEigtNr="5539" ObjektID="306" ZuordnungsartID="5"/>
  <Zuordnungstabelle Zuordnungsnummer="4761" KundEigtNr="5156" ObjektID="307" ZuordnungsartID="5"/>
  <Zuordnungstabelle Zuordnungsnummer="4762" KundEigtNr="5540" ObjektID="308" ZuordnungsartID="5"/>
  <Zuordnungstabelle Zuordnungsnummer="4763" KundEigtNr="5541" ObjektID="342" ZuordnungsartID="5"/>
  <Zuordnungstabelle Zuordnungsnummer="4764" KundEigtNr="5542" ObjektID="311" ZuordnungsartID="5"/>
  <Zuordnungstabelle Zuordnungsnummer="4766" KundEigtNr="5543" ObjektID="313" ZuordnungsartID="5"/>
  <Zuordnungstabelle Zuordnungsnummer="4767" KundEigtNr="5544" ObjektID="314" ZuordnungsartID="5"/>
  <Zuordnungstabelle Zuordnungsnummer="4768" KundEigtNr="5537" ObjektID="13513" ZuordnungsartID="5"/>
  <Zuordnungstabelle Zuordnungsnummer="4769" KundEigtNr="5545" ObjektID="5475" ZuordnungsartID="5"/>
  <Zuordnungstabelle Zuordnungsnummer="4770" KundEigtNr="5546" ObjektID="5477" ZuordnungsartID="2"/>
  <Zuordnungstabelle Zuordnungsnummer="4773" KundEigtNr="5548" ObjektID="5472" ZuordnungsartID="5"/>
  <Zuordnungstabelle Zuordnungsnummer="4774" KundEigtNr="5549" ObjektID="5471" ZuordnungsartID="2"/>
  <Zuordnungstabelle Zuordnungsnummer="4775" KundEigtNr="5550" ObjektID="13514" ZuordnungsartID="5"/>
  <Zuordnungstabelle Zuordnungsnummer="4776" KundEigtNr="1432" ObjektID="5479" ZuordnungsartID="5"/>
  <Zuordnungstabelle Zuordnungsnummer="4777" KundEigtNr="5552" ObjektID="304" ZuordnungsartID="5"/>
  <Zuordnungstabelle Zuordnungsnummer="4778" KundEigtNr="5554" ObjektID="312" ZuordnungsartID="5"/>
  <Zuordnungstabelle Zuordnungsnummer="4779" KundEigtNr="5555" ObjektID="5482" ZuordnungsartID="5"/>
  <Zuordnungstabelle Zuordnungsnummer="4781" KundEigtNr="284" ObjektID="13431" ZuordnungsartID="5"/>
  <Zuordnungstabelle Zuordnungsnummer="4782" KundEigtNr="1423" ObjektID="13484" ZuordnungsartID="2"/>
  <Zuordnungstabelle Zuordnungsnummer="4783" KundEigtNr="5560" ObjektID="13483" ZuordnungsartID="5"/>
  <Zuordnungstabelle Zuordnungsnummer="4784" KundEigtNr="5561" ObjektID="13482" ZuordnungsartID="5"/>
  <Zuordnungstabelle Zuordnungsnummer="4785" KundEigtNr="5562" ObjektID="13481" ZuordnungsartID="5"/>
  <Zuordnungstabelle Zuordnungsnummer="4786" KundEigtNr="5563" ObjektID="13480" ZuordnungsartID="5"/>
  <Zuordnungstabelle Zuordnungsnummer="4787" KundEigtNr="546" ObjektID="8777" ZuordnungsartID="5"/>
  <Zuordnungstabelle Zuordnungsnummer="4788" KundEigtNr="5564" ObjektID="13486" ZuordnungsartID="5"/>
  <Zuordnungstabelle Zuordnungsnummer="4789" KundEigtNr="5564" ObjektID="13487" ZuordnungsartID="5"/>
  <Zuordnungstabelle Zuordnungsnummer="4790" KundEigtNr="5564" ObjektID="13489" ZuordnungsartID="5"/>
  <Zuordnungstabelle Zuordnungsnummer="4791" KundEigtNr="5565" ObjektID="13488" ZuordnungsartID="5"/>
  <Zuordnungstabelle Zuordnungsnummer="4792" KundEigtNr="5566" ObjektID="13485" ZuordnungsartID="5"/>
  <Zuordnungstabelle Zuordnungsnummer="4793" KundEigtNr="5567" ObjektID="322" ZuordnungsartID="5"/>
  <Zuordnungstabelle Zuordnungsnummer="4794" KundEigtNr="5570" ObjektID="321" ZuordnungsartID="5"/>
  <Zuordnungstabelle Zuordnungsnummer="4795" KundEigtNr="5571" ObjektID="323" ZuordnungsartID="5"/>
  <Zuordnungstabelle Zuordnungsnummer="4796" KundEigtNr="5572" ObjektID="325" ZuordnungsartID="5"/>
  <Zuordnungstabelle Zuordnungsnummer="4797" KundEigtNr="4344" ObjektID="327" ZuordnungsartID="5"/>
  <Zuordnungstabelle Zuordnungsnummer="4798" KundEigtNr="2623" ObjektID="329" ZuordnungsartID="5"/>
  <Zuordnungstabelle Zuordnungsnummer="4799" KundEigtNr="5573" ObjektID="330" ZuordnungsartID="5"/>
  <Zuordnungstabelle Zuordnungsnummer="4800" KundEigtNr="5574" ObjektID="332" ZuordnungsartID="5"/>
  <Zuordnungstabelle Zuordnungsnummer="4801" KundEigtNr="5575" ObjektID="335" ZuordnungsartID="5"/>
  <Zuordnungstabelle Zuordnungsnummer="4802" KundEigtNr="5576" ObjektID="337" ZuordnungsartID="5"/>
  <Zuordnungstabelle Zuordnungsnummer="4803" KundEigtNr="5577" ObjektID="339" ZuordnungsartID="5"/>
  <Zuordnungstabelle Zuordnungsnummer="4804" KundEigtNr="5578" ObjektID="338" ZuordnungsartID="5"/>
  <Zuordnungstabelle Zuordnungsnummer="4805" KundEigtNr="5579" ObjektID="340" ZuordnungsartID="5"/>
  <Zuordnungstabelle Zuordnungsnummer="4806" KundEigtNr="5580" ObjektID="341" ZuordnungsartID="5"/>
  <Zuordnungstabelle Zuordnungsnummer="4807" KundEigtNr="5594" ObjektID="303" ZuordnungsartID="1"/>
  <Zuordnungstabelle Zuordnungsnummer="4808" KundEigtNr="2361" ObjektID="3514" ZuordnungsartID="5"/>
  <Zuordnungstabelle Zuordnungsnummer="4809" KundEigtNr="5595" ObjektID="13517" ZuordnungsartID="5"/>
  <Zuordnungstabelle Zuordnungsnummer="4810" KundEigtNr="5611" ObjektID="324" ZuordnungsartID="5"/>
  <Zuordnungstabelle Zuordnungsnummer="4811" KundEigtNr="5610" ObjektID="13518" ZuordnungsartID="5"/>
  <Zuordnungstabelle Zuordnungsnummer="4812" KundEigtNr="5612" ObjektID="336" ZuordnungsartID="5"/>
  <Zuordnungstabelle Zuordnungsnummer="4813" KundEigtNr="5615" ObjektID="8406" ZuordnungsartID="5"/>
  <Zuordnungstabelle Zuordnungsnummer="4817" KundEigtNr="5151" ObjektID="13522" ZuordnungsartID="5"/>
  <Zuordnungstabelle Zuordnungsnummer="4818" KundEigtNr="5151" ObjektID="13523" ZuordnungsartID="5"/>
  <Zuordnungstabelle Zuordnungsnummer="4819" KundEigtNr="5151" ObjektID="13524" ZuordnungsartID="5"/>
  <Zuordnungstabelle Zuordnungsnummer="4820" KundEigtNr="49" ObjektID="13519" ZuordnungsartID="5"/>
  <Zuordnungstabelle Zuordnungsnummer="4821" KundEigtNr="49" ObjektID="13520" ZuordnungsartID="5"/>
  <Zuordnungstabelle Zuordnungsnummer="4822" KundEigtNr="49" ObjektID="13521" ZuordnungsartID="5"/>
  <Zuordnungstabelle Zuordnungsnummer="4823" KundEigtNr="5616" ObjektID="13525" ZuordnungsartID="5"/>
  <Zuordnungstabelle Zuordnungsnummer="4824" KundEigtNr="5617" ObjektID="13526" ZuordnungsartID="5"/>
  <Zuordnungstabelle Zuordnungsnummer="4825" KundEigtNr="5618" ObjektID="13527" ZuordnungsartID="5"/>
  <Zuordnungstabelle Zuordnungsnummer="4826" KundEigtNr="5619" ObjektID="13528" ZuordnungsartID="5"/>
  <Zuordnungstabelle Zuordnungsnummer="4827" KundEigtNr="5620" ObjektID="13529" ZuordnungsartID="5"/>
  <Zuordnungstabelle Zuordnungsnummer="4828" KundEigtNr="5621" ObjektID="13530" ZuordnungsartID="5"/>
  <Zuordnungstabelle Zuordnungsnummer="4829" KundEigtNr="5622" ObjektID="13532" ZuordnungsartID="5"/>
  <Zuordnungstabelle Zuordnungsnummer="4830" KundEigtNr="5622" ObjektID="13533" ZuordnungsartID="5"/>
  <Zuordnungstabelle Zuordnungsnummer="4831" KundEigtNr="5623" ObjektID="13534" ZuordnungsartID="5"/>
  <Zuordnungstabelle Zuordnungsnummer="4832" KundEigtNr="23" ObjektID="13535" ZuordnungsartID="5"/>
  <Zuordnungstabelle Zuordnungsnummer="4834" KundEigtNr="5625" ObjektID="13539" ZuordnungsartID="5"/>
  <Zuordnungstabelle Zuordnungsnummer="4836" KundEigtNr="5627" ObjektID="13548" ZuordnungsartID="5"/>
  <Zuordnungstabelle Zuordnungsnummer="4837" KundEigtNr="5628" ObjektID="13549" ZuordnungsartID="5"/>
  <Zuordnungstabelle Zuordnungsnummer="4838" KundEigtNr="31" ObjektID="13551" ZuordnungsartID="5"/>
  <Zuordnungstabelle Zuordnungsnummer="4839" KundEigtNr="5514" ObjektID="13552" ZuordnungsartID="5"/>
  <Zuordnungstabelle Zuordnungsnummer="4840" KundEigtNr="200" ObjektID="13490" ZuordnungsartID="5"/>
  <Zuordnungstabelle Zuordnungsnummer="4841" KundEigtNr="5631" ObjektID="13371" ZuordnungsartID="5"/>
  <Zuordnungstabelle Zuordnungsnummer="4842" KundEigtNr="5633" ObjektID="13310" ZuordnungsartID="5"/>
  <Zuordnungstabelle Zuordnungsnummer="4843" KundEigtNr="5626" ObjektID="13543" ZuordnungsartID="8"/>
  <Zuordnungstabelle Zuordnungsnummer="4844" KundEigtNr="5636" ObjektID="422" ZuordnungsartID="5"/>
  <Zuordnungstabelle Zuordnungsnummer="4845" KundEigtNr="5637" ObjektID="424" ZuordnungsartID="5"/>
  <Zuordnungstabelle Zuordnungsnummer="4846" KundEigtNr="5638" ObjektID="423" ZuordnungsartID="5"/>
  <Zuordnungstabelle Zuordnungsnummer="4847" KundEigtNr="1302" ObjektID="426" ZuordnungsartID="5"/>
  <Zuordnungstabelle Zuordnungsnummer="4848" KundEigtNr="73" ObjektID="427" ZuordnungsartID="8"/>
  <Zuordnungstabelle Zuordnungsnummer="4849" KundEigtNr="5639" ObjektID="2393" ZuordnungsartID="5"/>
  <Zuordnungstabelle Zuordnungsnummer="4850" KundEigtNr="5649" ObjektID="13555" ZuordnungsartID="5"/>
  <Zuordnungstabelle Zuordnungsnummer="4851" KundEigtNr="5651" ObjektID="13553" ZuordnungsartID="5"/>
  <Zuordnungstabelle Zuordnungsnummer="4852" KundEigtNr="5652" ObjektID="13557" ZuordnungsartID="5"/>
  <Zuordnungstabelle Zuordnungsnummer="4853" KundEigtNr="5655" ObjektID="13559" ZuordnungsartID="5"/>
  <Zuordnungstabelle Zuordnungsnummer="4854" KundEigtNr="5656" ObjektID="13558" ZuordnungsartID="5"/>
  <Zuordnungstabelle Zuordnungsnummer="4856" KundEigtNr="5659" ObjektID="13560" ZuordnungsartID="5"/>
  <Zuordnungstabelle Zuordnungsnummer="4858" KundEigtNr="5151" ObjektID="11198" ZuordnungsartID="5"/>
  <Zuordnungstabelle Zuordnungsnummer="4859" KundEigtNr="465" ObjektID="523" ZuordnungsartID="5"/>
  <Zuordnungstabelle Zuordnungsnummer="4864" KundEigtNr="5670" ObjektID="536" ZuordnungsartID="5"/>
  <Zuordnungstabelle Zuordnungsnummer="4868" KundEigtNr="5684" ObjektID="13563" ZuordnungsartID="5"/>
  <Zuordnungstabelle Zuordnungsnummer="4869" KundEigtNr="5687" ObjektID="13564" ZuordnungsartID="5"/>
  <Zuordnungstabelle Zuordnungsnummer="4870" KundEigtNr="5690" ObjektID="437" ZuordnungsartID="5"/>
  <Zuordnungstabelle Zuordnungsnummer="4871" KundEigtNr="5691" ObjektID="445" ZuordnungsartID="5"/>
  <Zuordnungstabelle Zuordnungsnummer="4872" KundEigtNr="5692" ObjektID="201" ZuordnungsartID="5"/>
  <Zuordnungstabelle Zuordnungsnummer="4873" KundEigtNr="5693" ObjektID="2496" ZuordnungsartID="5"/>
  <Zuordnungstabelle Zuordnungsnummer="4874" KundEigtNr="5696" ObjektID="443" ZuordnungsartID="5"/>
  <Zuordnungstabelle Zuordnungsnummer="4875" KundEigtNr="5697" ObjektID="457" ZuordnungsartID="5"/>
  <Zuordnungstabelle Zuordnungsnummer="4877" KundEigtNr="5698" ObjektID="2423" ZuordnungsartID="8"/>
  <Zuordnungstabelle Zuordnungsnummer="4878" KundEigtNr="5699" ObjektID="2497" ZuordnungsartID="5"/>
  <Zuordnungstabelle Zuordnungsnummer="4880" KundEigtNr="5700" ObjektID="464" ZuordnungsartID="5"/>
  <Zuordnungstabelle Zuordnungsnummer="4881" KundEigtNr="5700" ObjektID="465" ZuordnungsartID="5"/>
  <Zuordnungstabelle Zuordnungsnummer="4882" KundEigtNr="5701" ObjektID="1630" ZuordnungsartID="5"/>
  <Zuordnungstabelle Zuordnungsnummer="4883" KundEigtNr="5707" ObjektID="13565" ZuordnungsartID="5"/>
  <Zuordnungstabelle Zuordnungsnummer="4884" KundEigtNr="5708" ObjektID="13566" ZuordnungsartID="5"/>
  <Zuordnungstabelle Zuordnungsnummer="4885" KundEigtNr="5709" ObjektID="13567" ZuordnungsartID="5"/>
  <Zuordnungstabelle Zuordnungsnummer="4886" KundEigtNr="5710" ObjektID="13568" ZuordnungsartID="5"/>
  <Zuordnungstabelle Zuordnungsnummer="4887" KundEigtNr="5096" ObjektID="10465" ZuordnungsartID="5"/>
  <Zuordnungstabelle Zuordnungsnummer="4888" KundEigtNr="5711" ObjektID="13575" ZuordnungsartID="5"/>
  <Zuordnungstabelle Zuordnungsnummer="4889" KundEigtNr="5712" ObjektID="13576" ZuordnungsartID="5"/>
  <Zuordnungstabelle Zuordnungsnummer="4890" KundEigtNr="5713" ObjektID="13578" ZuordnungsartID="5"/>
  <Zuordnungstabelle Zuordnungsnummer="4891" KundEigtNr="5714" ObjektID="13579" ZuordnungsartID="5"/>
  <Zuordnungstabelle Zuordnungsnummer="4892" KundEigtNr="5712" ObjektID="13586" ZuordnungsartID="5"/>
  <Zuordnungstabelle Zuordnungsnummer="4893" KundEigtNr="5096" ObjektID="13587" ZuordnungsartID="5"/>
  <Zuordnungstabelle Zuordnungsnummer="4894" KundEigtNr="5715" ObjektID="13588" ZuordnungsartID="5"/>
  <Zuordnungstabelle Zuordnungsnummer="4895" KundEigtNr="5151" ObjektID="13589" ZuordnungsartID="5"/>
  <Zuordnungstabelle Zuordnungsnummer="4896" KundEigtNr="5151" ObjektID="13590" ZuordnungsartID="5"/>
  <Zuordnungstabelle Zuordnungsnummer="4897" KundEigtNr="4344" ObjektID="13591" ZuordnungsartID="5"/>
  <Zuordnungstabelle Zuordnungsnummer="4898" KundEigtNr="5628" ObjektID="13592" ZuordnungsartID="8"/>
  <Zuordnungstabelle Zuordnungsnummer="4901" KundEigtNr="5718" ObjektID="5181" ZuordnungsartID="5"/>
  <Zuordnungstabelle Zuordnungsnummer="4902" KundEigtNr="5719" ObjektID="5173" ZuordnungsartID="5"/>
  <Zuordnungstabelle Zuordnungsnummer="4903" KundEigtNr="5720" ObjektID="5616" ZuordnungsartID="5"/>
  <Zuordnungstabelle Zuordnungsnummer="4904" KundEigtNr="5720" ObjektID="5617" ZuordnungsartID="5"/>
  <Zuordnungstabelle Zuordnungsnummer="4905" KundEigtNr="5721" ObjektID="5611" ZuordnungsartID="5"/>
  <Zuordnungstabelle Zuordnungsnummer="4907" KundEigtNr="5723" ObjektID="5631" ZuordnungsartID="5"/>
  <Zuordnungstabelle Zuordnungsnummer="4909" KundEigtNr="5725" ObjektID="5626" ZuordnungsartID="5"/>
  <Zuordnungstabelle Zuordnungsnummer="4910" KundEigtNr="5728" ObjektID="13594" ZuordnungsartID="5"/>
  <Zuordnungstabelle Zuordnungsnummer="4911" KundEigtNr="5735" ObjektID="13595" ZuordnungsartID="5"/>
  <Zuordnungstabelle Zuordnungsnummer="4912" KundEigtNr="4086" ObjektID="13596" ZuordnungsartID="5"/>
  <Zuordnungstabelle Zuordnungsnummer="4913" KundEigtNr="5737" ObjektID="4469" ZuordnungsartID="5"/>
  <Zuordnungstabelle Zuordnungsnummer="4914" KundEigtNr="5737" ObjektID="13597" ZuordnungsartID="5"/>
  <Zuordnungstabelle Zuordnungsnummer="4915" KundEigtNr="5737" ObjektID="13598" ZuordnungsartID="5"/>
  <Zuordnungstabelle Zuordnungsnummer="4916" KundEigtNr="5737" ObjektID="13599" ZuordnungsartID="5"/>
  <Zuordnungstabelle Zuordnungsnummer="4917" KundEigtNr="5737" ObjektID="4470" ZuordnungsartID="5"/>
  <Zuordnungstabelle Zuordnungsnummer="4918" KundEigtNr="5737" ObjektID="4471" ZuordnungsartID="5"/>
  <Zuordnungstabelle Zuordnungsnummer="4919" KundEigtNr="5737" ObjektID="4472" ZuordnungsartID="5"/>
  <Zuordnungstabelle Zuordnungsnummer="4920" KundEigtNr="5737" ObjektID="4473" ZuordnungsartID="5"/>
  <Zuordnungstabelle Zuordnungsnummer="4921" KundEigtNr="5739" ObjektID="4467" ZuordnungsartID="5"/>
  <Zuordnungstabelle Zuordnungsnummer="4922" KundEigtNr="5740" ObjektID="13600" ZuordnungsartID="5"/>
  <Zuordnungstabelle Zuordnungsnummer="4923" KundEigtNr="5744" ObjektID="13601" ZuordnungsartID="5"/>
  <Zuordnungstabelle Zuordnungsnummer="4924" KundEigtNr="5745" ObjektID="13605" ZuordnungsartID="5"/>
  <Zuordnungstabelle Zuordnungsnummer="4925" KundEigtNr="5746" ObjektID="13620" ZuordnungsartID="1"/>
  <Zuordnungstabelle Zuordnungsnummer="4926" KundEigtNr="5747" ObjektID="13624" ZuordnungsartID="5"/>
  <Zuordnungstabelle Zuordnungsnummer="4927" KundEigtNr="5747" ObjektID="13625" ZuordnungsartID="5"/>
  <Zuordnungstabelle Zuordnungsnummer="4928" KundEigtNr="5747" ObjektID="13627" ZuordnungsartID="5"/>
  <Zuordnungstabelle Zuordnungsnummer="4929" KundEigtNr="5748" ObjektID="13637" ZuordnungsartID="5"/>
  <Zuordnungstabelle Zuordnungsnummer="4930" KundEigtNr="5749" ObjektID="13638" ZuordnungsartID="5"/>
  <Zuordnungstabelle Zuordnungsnummer="4931" KundEigtNr="4043" ObjektID="1542" ZuordnungsartID="5"/>
  <Zuordnungstabelle Zuordnungsnummer="4932" KundEigtNr="5754" ObjektID="13639" ZuordnungsartID="5"/>
  <Zuordnungstabelle Zuordnungsnummer="4933" KundEigtNr="5755" ObjektID="13640" ZuordnungsartID="5"/>
  <Zuordnungstabelle Zuordnungsnummer="4934" KundEigtNr="5658" ObjektID="300" ZuordnungsartID="5"/>
  <Zuordnungstabelle Zuordnungsnummer="4935" KundEigtNr="5761" ObjektID="13641" ZuordnungsartID="5"/>
  <Zuordnungstabelle Zuordnungsnummer="4936" KundEigtNr="5767" ObjektID="1616" ZuordnungsartID="5"/>
  <Zuordnungstabelle Zuordnungsnummer="4937" KundEigtNr="5767" ObjektID="13642" ZuordnungsartID="5"/>
  <Zuordnungstabelle Zuordnungsnummer="4938" KundEigtNr="5767" ObjektID="13643" ZuordnungsartID="5"/>
  <Zuordnungstabelle Zuordnungsnummer="4939" KundEigtNr="5767" ObjektID="13644" ZuordnungsartID="5"/>
  <Zuordnungstabelle Zuordnungsnummer="4940" KundEigtNr="5772" ObjektID="13645" ZuordnungsartID="5"/>
  <Zuordnungstabelle Zuordnungsnummer="4941" KundEigtNr="5774" ObjektID="13646" ZuordnungsartID="5"/>
  <Zuordnungstabelle Zuordnungsnummer="4942" KundEigtNr="5775" ObjektID="13647" ZuordnungsartID="5"/>
  <Zuordnungstabelle Zuordnungsnummer="4943" KundEigtNr="5776" ObjektID="13648" ZuordnungsartID="5"/>
  <Zuordnungstabelle Zuordnungsnummer="4944" KundEigtNr="5783" ObjektID="13649" ZuordnungsartID="5"/>
  <Zuordnungstabelle Zuordnungsnummer="4945" KundEigtNr="1421" ObjektID="13358" ZuordnungsartID="5"/>
  <Zuordnungstabelle Zuordnungsnummer="4946" KundEigtNr="5784" ObjektID="13674" ZuordnungsartID="5"/>
  <Zuordnungstabelle Zuordnungsnummer="4947" KundEigtNr="5785" ObjektID="11125" ZuordnungsartID="5"/>
  <Zuordnungstabelle Zuordnungsnummer="4948" KundEigtNr="5786" ObjektID="13682" ZuordnungsartID="5"/>
  <Zuordnungstabelle Zuordnungsnummer="4949" KundEigtNr="5787" ObjektID="13683" ZuordnungsartID="5"/>
  <Zuordnungstabelle Zuordnungsnummer="4950" KundEigtNr="5788" ObjektID="13684" ZuordnungsartID="5"/>
  <Zuordnungstabelle Zuordnungsnummer="4951" KundEigtNr="5790" ObjektID="13751" ZuordnungsartID="5"/>
  <Zuordnungstabelle Zuordnungsnummer="4952" KundEigtNr="5791" ObjektID="13290" ZuordnungsartID="5"/>
  <Zuordnungstabelle Zuordnungsnummer="4953" KundEigtNr="5792" ObjektID="13752" ZuordnungsartID="5"/>
  <Zuordnungstabelle Zuordnungsnummer="4954" KundEigtNr="5793" ObjektID="13292" ZuordnungsartID="5"/>
  <Zuordnungstabelle Zuordnungsnummer="4955" KundEigtNr="5794" ObjektID="13293" ZuordnungsartID="5"/>
  <Zuordnungstabelle Zuordnungsnummer="4956" KundEigtNr="5795" ObjektID="13297" ZuordnungsartID="5"/>
  <Zuordnungstabelle Zuordnungsnummer="4957" KundEigtNr="5796" ObjektID="13298" ZuordnungsartID="5"/>
  <Zuordnungstabelle Zuordnungsnummer="4958" KundEigtNr="5797" ObjektID="13299" ZuordnungsartID="5"/>
  <Zuordnungstabelle Zuordnungsnummer="4959" KundEigtNr="5799" ObjektID="13753" ZuordnungsartID="5"/>
  <Zuordnungstabelle Zuordnungsnummer="4960" KundEigtNr="5798" ObjektID="13300" ZuordnungsartID="5"/>
  <Zuordnungstabelle Zuordnungsnummer="4962" KundEigtNr="5800" ObjektID="13303" ZuordnungsartID="5"/>
  <Zuordnungstabelle Zuordnungsnummer="4969" KundEigtNr="5546" ObjektID="5155" ZuordnungsartID="5"/>
  <Zuordnungstabelle Zuordnungsnummer="4971" KundEigtNr="5022" ObjektID="388" ZuordnungsartID="5"/>
  <Zuordnungstabelle Zuordnungsnummer="4972" KundEigtNr="5807" ObjektID="390" ZuordnungsartID="5"/>
  <Zuordnungstabelle Zuordnungsnummer="4973" KundEigtNr="5808" ObjektID="392" ZuordnungsartID="5"/>
  <Zuordnungstabelle Zuordnungsnummer="4974" KundEigtNr="5766" ObjektID="13758" ZuordnungsartID="5"/>
  <Zuordnungstabelle Zuordnungsnummer="4975" KundEigtNr="5847" ObjektID="446" ZuordnungsartID="5"/>
  <Zuordnungstabelle Zuordnungsnummer="4976" KundEigtNr="5848" ObjektID="449" ZuordnungsartID="5"/>
  <Zuordnungstabelle Zuordnungsnummer="4977" KundEigtNr="5849" ObjektID="452" ZuordnungsartID="5"/>
  <Zuordnungstabelle Zuordnungsnummer="4981" KundEigtNr="5648" ObjektID="458" ZuordnungsartID="5"/>
  <Zuordnungstabelle Zuordnungsnummer="4982" KundEigtNr="5854" ObjektID="461" ZuordnungsartID="5"/>
  <Zuordnungstabelle Zuordnungsnummer="4983" KundEigtNr="5854" ObjektID="462" ZuordnungsartID="5"/>
  <Zuordnungstabelle Zuordnungsnummer="4985" KundEigtNr="5855" ObjektID="460" ZuordnungsartID="5"/>
  <Zuordnungstabelle Zuordnungsnummer="4988" KundEigtNr="5698" ObjektID="10220" ZuordnungsartID="8"/>
  <Zuordnungstabelle Zuordnungsnummer="4989" KundEigtNr="5862" ObjektID="2500" ZuordnungsartID="5"/>
  <Zuordnungstabelle Zuordnungsnummer="4990" KundEigtNr="5862" ObjektID="13759" ZuordnungsartID="5"/>
  <Zuordnungstabelle Zuordnungsnummer="4991" KundEigtNr="5863" ObjektID="13828" ZuordnungsartID="5"/>
  <Zuordnungstabelle Zuordnungsnummer="4993" KundEigtNr="5864" ObjektID="5103" ZuordnungsartID="5"/>
  <Zuordnungstabelle Zuordnungsnummer="4995" KundEigtNr="3700" ObjektID="13909" ZuordnungsartID="5"/>
  <Zuordnungstabelle Zuordnungsnummer="4996" KundEigtNr="5866" ObjektID="13943" ZuordnungsartID="5"/>
  <Zuordnungstabelle Zuordnungsnummer="4997" KundEigtNr="5867" ObjektID="13946" ZuordnungsartID="5"/>
  <Zuordnungstabelle Zuordnungsnummer="4998" KundEigtNr="5867" ObjektID="13947" ZuordnungsartID="5"/>
  <Zuordnungstabelle Zuordnungsnummer="4999" KundEigtNr="5868" ObjektID="13956" ZuordnungsartID="5"/>
  <Zuordnungstabelle Zuordnungsnummer="5000" KundEigtNr="5869" ObjektID="13887" ZuordnungsartID="5"/>
  <Zuordnungstabelle Zuordnungsnummer="5001" KundEigtNr="5870" ObjektID="13894" ZuordnungsartID="5"/>
  <Zuordnungstabelle Zuordnungsnummer="5002" KundEigtNr="5871" ObjektID="13895" ZuordnungsartID="5"/>
  <Zuordnungstabelle Zuordnungsnummer="5003" KundEigtNr="5872" ObjektID="13912" ZuordnungsartID="5"/>
  <Zuordnungstabelle Zuordnungsnummer="5004" KundEigtNr="5873" ObjektID="13919" ZuordnungsartID="5"/>
  <Zuordnungstabelle Zuordnungsnummer="5005" KundEigtNr="5874" ObjektID="13925" ZuordnungsartID="5"/>
  <Zuordnungstabelle Zuordnungsnummer="5006" KundEigtNr="5875" ObjektID="13937" ZuordnungsartID="5"/>
  <Zuordnungstabelle Zuordnungsnummer="5007" KundEigtNr="5876" ObjektID="13966" ZuordnungsartID="5"/>
  <Zuordnungstabelle Zuordnungsnummer="5009" KundEigtNr="5877" ObjektID="13982" ZuordnungsartID="5"/>
  <Zuordnungstabelle Zuordnungsnummer="5010" KundEigtNr="5878" ObjektID="13991" ZuordnungsartID="5"/>
  <Zuordnungstabelle Zuordnungsnummer="5011" KundEigtNr="5879" ObjektID="13995" ZuordnungsartID="5"/>
  <Zuordnungstabelle Zuordnungsnummer="5012" KundEigtNr="5880" ObjektID="14004" ZuordnungsartID="5"/>
  <Zuordnungstabelle Zuordnungsnummer="5013" KundEigtNr="5880" ObjektID="14006" ZuordnungsartID="5"/>
  <Zuordnungstabelle Zuordnungsnummer="5014" KundEigtNr="5881" ObjektID="14020" ZuordnungsartID="5"/>
  <Zuordnungstabelle Zuordnungsnummer="5015" KundEigtNr="5873" ObjektID="14022" ZuordnungsartID="5"/>
  <Zuordnungstabelle Zuordnungsnummer="5016" KundEigtNr="5882" ObjektID="13676" ZuordnungsartID="5"/>
  <Zuordnungstabelle Zuordnungsnummer="5017" KundEigtNr="5883" ObjektID="13685" ZuordnungsartID="5"/>
  <Zuordnungstabelle Zuordnungsnummer="5018" KundEigtNr="5884" ObjektID="13686" ZuordnungsartID="5"/>
  <Zuordnungstabelle Zuordnungsnummer="5019" KundEigtNr="5894" ObjektID="14029" ZuordnungsartID="5"/>
  <Zuordnungstabelle Zuordnungsnummer="5020" KundEigtNr="164" ObjektID="14030" ZuordnungsartID="5"/>
  <Zuordnungstabelle Zuordnungsnummer="5021" KundEigtNr="5898" ObjektID="13693" ZuordnungsartID="5"/>
  <Zuordnungstabelle Zuordnungsnummer="5022" KundEigtNr="5899" ObjektID="13702" ZuordnungsartID="5"/>
  <Zuordnungstabelle Zuordnungsnummer="5023" KundEigtNr="5900" ObjektID="13706" ZuordnungsartID="5"/>
  <Zuordnungstabelle Zuordnungsnummer="5024" KundEigtNr="51" ObjektID="13707" ZuordnungsartID="5"/>
  <Zuordnungstabelle Zuordnungsnummer="5025" KundEigtNr="51" ObjektID="13708" ZuordnungsartID="5"/>
  <Zuordnungstabelle Zuordnungsnummer="5026" KundEigtNr="5901" ObjektID="13710" ZuordnungsartID="5"/>
  <Zuordnungstabelle Zuordnungsnummer="5027" KundEigtNr="5902" ObjektID="13712" ZuordnungsartID="5"/>
  <Zuordnungstabelle Zuordnungsnummer="5028" KundEigtNr="5903" ObjektID="13716" ZuordnungsartID="5"/>
  <Zuordnungstabelle Zuordnungsnummer="5029" KundEigtNr="5904" ObjektID="13744" ZuordnungsartID="5"/>
  <Zuordnungstabelle Zuordnungsnummer="5030" KundEigtNr="5904" ObjektID="13745" ZuordnungsartID="5"/>
  <Zuordnungstabelle Zuordnungsnummer="5031" KundEigtNr="5905" ObjektID="14031" ZuordnungsartID="5"/>
  <Zuordnungstabelle Zuordnungsnummer="5032" KundEigtNr="5906" ObjektID="14032" ZuordnungsartID="5"/>
  <Zuordnungstabelle Zuordnungsnummer="5033" KundEigtNr="5910" ObjektID="454" ZuordnungsartID="5"/>
  <Zuordnungstabelle Zuordnungsnummer="5035" KundEigtNr="5913" ObjektID="6090" ZuordnungsartID="5"/>
  <Zuordnungstabelle Zuordnungsnummer="5036" KundEigtNr="2233" ObjektID="14033" ZuordnungsartID="5"/>
  <Zuordnungstabelle Zuordnungsnummer="5037" KundEigtNr="2233" ObjektID="14034" ZuordnungsartID="5"/>
  <Zuordnungstabelle Zuordnungsnummer="5038" KundEigtNr="2233" ObjektID="14035" ZuordnungsartID="5"/>
  <Zuordnungstabelle Zuordnungsnummer="5039" KundEigtNr="2233" ObjektID="14036" ZuordnungsartID="5"/>
  <Zuordnungstabelle Zuordnungsnummer="5040" KundEigtNr="2233" ObjektID="14037" ZuordnungsartID="5"/>
  <Zuordnungstabelle Zuordnungsnummer="5047" KundEigtNr="5919" ObjektID="13305" ZuordnungsartID="5"/>
  <Zuordnungstabelle Zuordnungsnummer="5048" KundEigtNr="3773" ObjektID="14091" ZuordnungsartID="5"/>
  <Zuordnungstabelle Zuordnungsnummer="5049" KundEigtNr="3773" ObjektID="14092" ZuordnungsartID="5"/>
  <Zuordnungstabelle Zuordnungsnummer="5050" KundEigtNr="3773" ObjektID="14093" ZuordnungsartID="5"/>
  <Zuordnungstabelle Zuordnungsnummer="5051" KundEigtNr="3773" ObjektID="14094" ZuordnungsartID="5"/>
  <Zuordnungstabelle Zuordnungsnummer="5052" KundEigtNr="5941" ObjektID="14095" ZuordnungsartID="5"/>
  <Zuordnungstabelle Zuordnungsnummer="5053" KundEigtNr="5947" ObjektID="14046" ZuordnungsartID="5"/>
  <Zuordnungstabelle Zuordnungsnummer="5054" KundEigtNr="5948" ObjektID="14065" ZuordnungsartID="5"/>
  <Zuordnungstabelle Zuordnungsnummer="5055" KundEigtNr="5949" ObjektID="199" ZuordnungsartID="5"/>
  <Zuordnungstabelle Zuordnungsnummer="5056" KundEigtNr="5950" ObjektID="14069" ZuordnungsartID="5"/>
  <Zuordnungstabelle Zuordnungsnummer="5057" KundEigtNr="5951" ObjektID="14070" ZuordnungsartID="5"/>
  <Zuordnungstabelle Zuordnungsnummer="5058" KundEigtNr="5952" ObjektID="14074" ZuordnungsartID="5"/>
  <Zuordnungstabelle Zuordnungsnummer="5059" KundEigtNr="5953" ObjektID="14075" ZuordnungsartID="5"/>
  <Zuordnungstabelle Zuordnungsnummer="5061" KundEigtNr="2030" ObjektID="8233" ZuordnungsartID="5"/>
  <Zuordnungstabelle Zuordnungsnummer="5063" KundEigtNr="5956" ObjektID="14102" ZuordnungsartID="5"/>
  <Zuordnungstabelle Zuordnungsnummer="5064" KundEigtNr="5957" ObjektID="14122" ZuordnungsartID="5"/>
  <Zuordnungstabelle Zuordnungsnummer="5065" KundEigtNr="5960" ObjektID="14096" ZuordnungsartID="5"/>
  <Zuordnungstabelle Zuordnungsnummer="5066" KundEigtNr="1969" ObjektID="402" ZuordnungsartID="5"/>
  <Zuordnungstabelle Zuordnungsnummer="5067" KundEigtNr="5969" ObjektID="14163" ZuordnungsartID="5"/>
  <Zuordnungstabelle Zuordnungsnummer="5068" KundEigtNr="5970" ObjektID="393" ZuordnungsartID="5"/>
  <Zuordnungstabelle Zuordnungsnummer="5069" KundEigtNr="4817" ObjektID="397" ZuordnungsartID="5"/>
  <Zuordnungstabelle Zuordnungsnummer="5070" KundEigtNr="5971" ObjektID="400" ZuordnungsartID="5"/>
  <Zuordnungstabelle Zuordnungsnummer="5071" KundEigtNr="5972" ObjektID="403" ZuordnungsartID="5"/>
  <Zuordnungstabelle Zuordnungsnummer="5072" KundEigtNr="5973" ObjektID="404" ZuordnungsartID="5"/>
  <Zuordnungstabelle Zuordnungsnummer="5073" KundEigtNr="352" ObjektID="405" ZuordnungsartID="5"/>
  <Zuordnungstabelle Zuordnungsnummer="5074" KundEigtNr="352" ObjektID="406" ZuordnungsartID="5"/>
  <Zuordnungstabelle Zuordnungsnummer="5075" KundEigtNr="164" ObjektID="407" ZuordnungsartID="5"/>
  <Zuordnungstabelle Zuordnungsnummer="5076" KundEigtNr="164" ObjektID="409" ZuordnungsartID="5"/>
  <Zuordnungstabelle Zuordnungsnummer="5077" KundEigtNr="5707" ObjektID="13536" ZuordnungsartID="5"/>
  <Zuordnungstabelle Zuordnungsnummer="5078" KundEigtNr="5974" ObjektID="13541" ZuordnungsartID="5"/>
  <Zuordnungstabelle Zuordnungsnummer="5079" KundEigtNr="5975" ObjektID="13540" ZuordnungsartID="5"/>
  <Zuordnungstabelle Zuordnungsnummer="5087" KundEigtNr="1988" ObjektID="14222" ZuordnungsartID="5"/>
  <Zuordnungstabelle Zuordnungsnummer="5088" KundEigtNr="5988" ObjektID="14231" ZuordnungsartID="5"/>
  <Zuordnungstabelle Zuordnungsnummer="5090" KundEigtNr="5988" ObjektID="14233" ZuordnungsartID="5"/>
  <Zuordnungstabelle Zuordnungsnummer="5092" KundEigtNr="5989" ObjektID="14234" ZuordnungsartID="5"/>
  <Zuordnungstabelle Zuordnungsnummer="5093" KundEigtNr="5990" ObjektID="14235" ZuordnungsartID="5"/>
  <Zuordnungstabelle Zuordnungsnummer="5094" KundEigtNr="5625" ObjektID="14204" ZuordnungsartID="5"/>
  <Zuordnungstabelle Zuordnungsnummer="5095" KundEigtNr="5991" ObjektID="14206" ZuordnungsartID="5"/>
  <Zuordnungstabelle Zuordnungsnummer="5096" KundEigtNr="5992" ObjektID="14209" ZuordnungsartID="5"/>
  <Zuordnungstabelle Zuordnungsnummer="5098" KundEigtNr="5994" ObjektID="14044" ZuordnungsartID="5"/>
  <Zuordnungstabelle Zuordnungsnummer="5099" KundEigtNr="5995" ObjektID="14077" ZuordnungsartID="5"/>
  <Zuordnungstabelle Zuordnungsnummer="5100" KundEigtNr="6002" ObjektID="13592" ZuordnungsartID="5"/>
  <Zuordnungstabelle Zuordnungsnummer="5101" KundEigtNr="6003" ObjektID="13593" ZuordnungsartID="5"/>
  <Zuordnungstabelle Zuordnungsnummer="5102" KundEigtNr="1624" ObjektID="451" ZuordnungsartID="5"/>
  <Zuordnungstabelle Zuordnungsnummer="5103" KundEigtNr="6004" ObjektID="14244" ZuordnungsartID="5"/>
  <Zuordnungstabelle Zuordnungsnummer="5104" KundEigtNr="6008" ObjektID="14251" ZuordnungsartID="5"/>
  <Zuordnungstabelle Zuordnungsnummer="5105" KundEigtNr="6012" ObjektID="14288" ZuordnungsartID="5"/>
  <Zuordnungstabelle Zuordnungsnummer="5106" KundEigtNr="5998" ObjektID="14301" ZuordnungsartID="5"/>
  <Zuordnungstabelle Zuordnungsnummer="5107" KundEigtNr="6019" ObjektID="14250" ZuordnungsartID="5"/>
  <Zuordnungstabelle Zuordnungsnummer="5108" KundEigtNr="6020" ObjektID="14252" ZuordnungsartID="5"/>
  <Zuordnungstabelle Zuordnungsnummer="5109" KundEigtNr="6021" ObjektID="14058" ZuordnungsartID="5"/>
  <Zuordnungstabelle Zuordnungsnummer="5110" KundEigtNr="6022" ObjektID="14060" ZuordnungsartID="5"/>
  <Zuordnungstabelle Zuordnungsnummer="5111" KundEigtNr="6023" ObjektID="13885" ZuordnungsartID="5"/>
  <Zuordnungstabelle Zuordnungsnummer="5112" KundEigtNr="6024" ObjektID="13893" ZuordnungsartID="5"/>
  <Zuordnungstabelle Zuordnungsnummer="5113" KundEigtNr="6025" ObjektID="13897" ZuordnungsartID="5"/>
  <Zuordnungstabelle Zuordnungsnummer="5114" KundEigtNr="6026" ObjektID="13904" ZuordnungsartID="5"/>
  <Zuordnungstabelle Zuordnungsnummer="5115" KundEigtNr="6027" ObjektID="13905" ZuordnungsartID="5"/>
  <Zuordnungstabelle Zuordnungsnummer="5116" KundEigtNr="6028" ObjektID="13907" ZuordnungsartID="5"/>
  <Zuordnungstabelle Zuordnungsnummer="5117" KundEigtNr="6029" ObjektID="13922" ZuordnungsartID="5"/>
  <Zuordnungstabelle Zuordnungsnummer="5118" KundEigtNr="6030" ObjektID="13929" ZuordnungsartID="5"/>
  <Zuordnungstabelle Zuordnungsnummer="5119" KundEigtNr="2030" ObjektID="13932" ZuordnungsartID="5"/>
  <Zuordnungstabelle Zuordnungsnummer="5120" KundEigtNr="6031" ObjektID="13933" ZuordnungsartID="5"/>
  <Zuordnungstabelle Zuordnungsnummer="5121" KundEigtNr="6032" ObjektID="13939" ZuordnungsartID="5"/>
  <Zuordnungstabelle Zuordnungsnummer="5122" KundEigtNr="284" ObjektID="13951" ZuordnungsartID="5"/>
  <Zuordnungstabelle Zuordnungsnummer="5123" KundEigtNr="6033" ObjektID="13953" ZuordnungsartID="5"/>
  <Zuordnungstabelle Zuordnungsnummer="5124" KundEigtNr="49" ObjektID="13954" ZuordnungsartID="5"/>
  <Zuordnungstabelle Zuordnungsnummer="5125" KundEigtNr="5871" ObjektID="13958" ZuordnungsartID="5"/>
  <Zuordnungstabelle Zuordnungsnummer="5126" KundEigtNr="6034" ObjektID="6069" ZuordnungsartID="5"/>
  <Zuordnungstabelle Zuordnungsnummer="5127" KundEigtNr="6034" ObjektID="14303" ZuordnungsartID="5"/>
  <Zuordnungstabelle Zuordnungsnummer="5128" KundEigtNr="6034" ObjektID="14302" ZuordnungsartID="5"/>
  <Zuordnungstabelle Zuordnungsnummer="5129" KundEigtNr="807" ObjektID="14066" ZuordnungsartID="5"/>
  <Zuordnungstabelle Zuordnungsnummer="5130" KundEigtNr="6037" ObjektID="14304" ZuordnungsartID="5"/>
  <Zuordnungstabelle Zuordnungsnummer="5131" KundEigtNr="6050" ObjektID="14225" ZuordnungsartID="5"/>
  <Zuordnungstabelle Zuordnungsnummer="5132" KundEigtNr="6052" ObjektID="14306" ZuordnungsartID="5"/>
  <Zuordnungstabelle Zuordnungsnummer="5133" KundEigtNr="6053" ObjektID="13347" ZuordnungsartID="5"/>
  <Zuordnungstabelle Zuordnungsnummer="5134" KundEigtNr="6054" ObjektID="13348" ZuordnungsartID="5"/>
  <Zuordnungstabelle Zuordnungsnummer="5135" KundEigtNr="164" ObjektID="13349" ZuordnungsartID="5"/>
  <Zuordnungstabelle Zuordnungsnummer="5136" KundEigtNr="6055" ObjektID="13350" ZuordnungsartID="5"/>
  <Zuordnungstabelle Zuordnungsnummer="5137" KundEigtNr="6056" ObjektID="13352" ZuordnungsartID="5"/>
  <Zuordnungstabelle Zuordnungsnummer="5138" KundEigtNr="653" ObjektID="13354" ZuordnungsartID="5"/>
  <Zuordnungstabelle Zuordnungsnummer="5139" KundEigtNr="6057" ObjektID="13355" ZuordnungsartID="5"/>
  <Zuordnungstabelle Zuordnungsnummer="5140" KundEigtNr="6058" ObjektID="13357" ZuordnungsartID="5"/>
  <Zuordnungstabelle Zuordnungsnummer="5141" KundEigtNr="6059" ObjektID="13359" ZuordnungsartID="5"/>
  <Zuordnungstabelle Zuordnungsnummer="5142" KundEigtNr="5012" ObjektID="13362" ZuordnungsartID="5"/>
  <Zuordnungstabelle Zuordnungsnummer="5144" KundEigtNr="2700" ObjektID="1017" ZuordnungsartID="5"/>
  <Zuordnungstabelle Zuordnungsnummer="5145" KundEigtNr="6066" ObjektID="6333" ZuordnungsartID="5"/>
  <Zuordnungstabelle Zuordnungsnummer="5146" KundEigtNr="6070" ObjektID="14313" ZuordnungsartID="5"/>
  <Zuordnungstabelle Zuordnungsnummer="5147" KundEigtNr="5876" ObjektID="13964" ZuordnungsartID="5"/>
  <Zuordnungstabelle Zuordnungsnummer="5148" KundEigtNr="6078" ObjektID="13978" ZuordnungsartID="5"/>
  <Zuordnungstabelle Zuordnungsnummer="5149" KundEigtNr="6079" ObjektID="13987" ZuordnungsartID="5"/>
  <Zuordnungstabelle Zuordnungsnummer="5150" KundEigtNr="6081" ObjektID="13989" ZuordnungsartID="5"/>
  <Zuordnungstabelle Zuordnungsnummer="5151" KundEigtNr="6084" ObjektID="13990" ZuordnungsartID="5"/>
  <Zuordnungstabelle Zuordnungsnummer="5152" KundEigtNr="6086" ObjektID="13992" ZuordnungsartID="1"/>
  <Zuordnungstabelle Zuordnungsnummer="5153" KundEigtNr="6087" ObjektID="13992" ZuordnungsartID="1"/>
  <Zuordnungstabelle Zuordnungsnummer="5154" KundEigtNr="6087" ObjektID="13993" ZuordnungsartID="1"/>
  <Zuordnungstabelle Zuordnungsnummer="5155" KundEigtNr="6086" ObjektID="13993" ZuordnungsartID="1"/>
  <Zuordnungstabelle Zuordnungsnummer="5156" KundEigtNr="6086" ObjektID="13994" ZuordnungsartID="1"/>
  <Zuordnungstabelle Zuordnungsnummer="5157" KundEigtNr="6087" ObjektID="13994" ZuordnungsartID="1"/>
  <Zuordnungstabelle Zuordnungsnummer="5158" KundEigtNr="6088" ObjektID="14001" ZuordnungsartID="5"/>
  <Zuordnungstabelle Zuordnungsnummer="5159" KundEigtNr="5628" ObjektID="14007" ZuordnungsartID="5"/>
  <Zuordnungstabelle Zuordnungsnummer="5160" KundEigtNr="6034" ObjektID="14302" ZuordnungsartID="5"/>
  <Zuordnungstabelle Zuordnungsnummer="5161" KundEigtNr="6091" ObjektID="21" ZuordnungsartID="5"/>
  <Zuordnungstabelle Zuordnungsnummer="5162" KundEigtNr="5912" ObjektID="6087" ZuordnungsartID="5"/>
  <Zuordnungstabelle Zuordnungsnummer="5163" KundEigtNr="164" ObjektID="14017" ZuordnungsartID="5"/>
  <Zuordnungstabelle Zuordnungsnummer="5164" KundEigtNr="902" ObjektID="4271" ZuordnungsartID="5"/>
  <Zuordnungstabelle Zuordnungsnummer="5167" KundEigtNr="6111" ObjektID="14314" ZuordnungsartID="5"/>
  <Zuordnungstabelle Zuordnungsnummer="5168" KundEigtNr="6112" ObjektID="3692" ZuordnungsartID="5"/>
  <Zuordnungstabelle Zuordnungsnummer="5170" KundEigtNr="6114" ObjektID="3678" ZuordnungsartID="5"/>
  <Zuordnungstabelle Zuordnungsnummer="5171" KundEigtNr="6118" ObjektID="14315" ZuordnungsartID="5"/>
  <Zuordnungstabelle Zuordnungsnummer="5172" KundEigtNr="6120" ObjektID="3677" ZuordnungsartID="5"/>
  <Zuordnungstabelle Zuordnungsnummer="5173" KundEigtNr="6121" ObjektID="3680" ZuordnungsartID="5"/>
  <Zuordnungstabelle Zuordnungsnummer="5174" KundEigtNr="5311" ObjektID="14316" ZuordnungsartID="5"/>
  <Zuordnungstabelle Zuordnungsnummer="5175" KundEigtNr="6131" ObjektID="8714" ZuordnungsartID="5"/>
  <Zuordnungstabelle Zuordnungsnummer="5177" KundEigtNr="6134" ObjektID="14319" ZuordnungsartID="5"/>
  <Zuordnungstabelle Zuordnungsnummer="5178" KundEigtNr="6138" ObjektID="14321" ZuordnungsartID="5"/>
  <Zuordnungstabelle Zuordnungsnummer="5179" KundEigtNr="6140" ObjektID="14322" ZuordnungsartID="5"/>
  <Zuordnungstabelle Zuordnungsnummer="5180" KundEigtNr="6155" ObjektID="14323" ZuordnungsartID="5"/>
  <Zuordnungstabelle Zuordnungsnummer="5182" KundEigtNr="3120" ObjektID="3032" ZuordnungsartID="5"/>
  <Zuordnungstabelle Zuordnungsnummer="5183" KundEigtNr="6166" ObjektID="3690" ZuordnungsartID="5"/>
  <Zuordnungstabelle Zuordnungsnummer="5184" KundEigtNr="6170" ObjektID="14324" ZuordnungsartID="5"/>
  <Zuordnungstabelle Zuordnungsnummer="5185" KundEigtNr="6171" ObjektID="14325" ZuordnungsartID="8"/>
  <Zuordnungstabelle Zuordnungsnummer="5186" KundEigtNr="6187" ObjektID="14326" ZuordnungsartID="5"/>
  <Zuordnungstabelle Zuordnungsnummer="5187" KundEigtNr="6225" ObjektID="14360" ZuordnungsartID="5"/>
  <Zuordnungstabelle Zuordnungsnummer="5188" KundEigtNr="6227" ObjektID="14363" ZuordnungsartID="5"/>
  <Zuordnungstabelle Zuordnungsnummer="5189" KundEigtNr="6231" ObjektID="14364" ZuordnungsartID="5"/>
  <Zuordnungstabelle Zuordnungsnummer="5190" KundEigtNr="6237" ObjektID="14365" ZuordnungsartID="5"/>
  <Zuordnungstabelle Zuordnungsnummer="5191" KundEigtNr="5568" ObjektID="13516" ZuordnungsartID="5"/>
  <Zuordnungstabelle Zuordnungsnummer="5192" KundEigtNr="6310" ObjektID="14382" ZuordnungsartID="5"/>
  <Zuordnungstabelle Zuordnungsnummer="5193" KundEigtNr="6380" ObjektID="14495" ZuordnungsartID="5"/>
  <Zuordnungstabelle Zuordnungsnummer="5194" KundEigtNr="6481" ObjektID="14497" ZuordnungsartID="5"/>
  <Zuordnungstabelle Zuordnungsnummer="5196" KundEigtNr="5202" ObjektID="1985" ZuordnungsartID="5"/>
  <Zuordnungstabelle Zuordnungsnummer="5197" KundEigtNr="6495" ObjektID="14499" ZuordnungsartID="5"/>
  <Zuordnungstabelle Zuordnungsnummer="5198" KundEigtNr="6494" ObjektID="14500" ZuordnungsartID="5"/>
  <Zuordnungstabelle Zuordnungsnummer="5199" KundEigtNr="48" ObjektID="14263" ZuordnungsartID="5"/>
  <Zuordnungstabelle Zuordnungsnummer="5200" KundEigtNr="48" ObjektID="14264" ZuordnungsartID="5"/>
  <Zuordnungstabelle Zuordnungsnummer="5201" KundEigtNr="6515" ObjektID="14267" ZuordnungsartID="5"/>
  <Zuordnungstabelle Zuordnungsnummer="5202" KundEigtNr="6516" ObjektID="14268" ZuordnungsartID="5"/>
  <Zuordnungstabelle Zuordnungsnummer="5203" KundEigtNr="6517" ObjektID="14269" ZuordnungsartID="5"/>
  <Zuordnungstabelle Zuordnungsnummer="5204" KundEigtNr="6517" ObjektID="14271" ZuordnungsartID="5"/>
  <Zuordnungstabelle Zuordnungsnummer="5205" KundEigtNr="6520" ObjektID="14272" ZuordnungsartID="5"/>
  <Zuordnungstabelle Zuordnungsnummer="5206" KundEigtNr="3291" ObjektID="14273" ZuordnungsartID="5"/>
  <Zuordnungstabelle Zuordnungsnummer="5207" KundEigtNr="3291" ObjektID="14274" ZuordnungsartID="5"/>
  <Zuordnungstabelle Zuordnungsnummer="5208" KundEigtNr="6521" ObjektID="14275" ZuordnungsartID="5"/>
  <Zuordnungstabelle Zuordnungsnummer="5209" KundEigtNr="6523" ObjektID="13528" ZuordnungsartID="5"/>
  <Zuordnungstabelle Zuordnungsnummer="5210" KundEigtNr="6524" ObjektID="14280" ZuordnungsartID="5"/>
  <Zuordnungstabelle Zuordnungsnummer="5211" KundEigtNr="6526" ObjektID="14281" ZuordnungsartID="5"/>
  <Zuordnungstabelle Zuordnungsnummer="5212" KundEigtNr="6524" ObjektID="14282" ZuordnungsartID="5"/>
  <Zuordnungstabelle Zuordnungsnummer="5213" KundEigtNr="6528" ObjektID="14285" ZuordnungsartID="5"/>
  <Zuordnungstabelle Zuordnungsnummer="5214" KundEigtNr="6529" ObjektID="14286" ZuordnungsartID="5"/>
  <Zuordnungstabelle Zuordnungsnummer="5215" KundEigtNr="6530" ObjektID="14287" ZuordnungsartID="5"/>
  <Zuordnungstabelle Zuordnungsnummer="5216" KundEigtNr="6531" ObjektID="14289" ZuordnungsartID="5"/>
  <Zuordnungstabelle Zuordnungsnummer="5217" KundEigtNr="6533" ObjektID="14290" ZuordnungsartID="5"/>
  <Zuordnungstabelle Zuordnungsnummer="5218" KundEigtNr="6534" ObjektID="14293" ZuordnungsartID="5"/>
  <Zuordnungstabelle Zuordnungsnummer="5219" KundEigtNr="6535" ObjektID="14294" ZuordnungsartID="5"/>
  <Zuordnungstabelle Zuordnungsnummer="5220" KundEigtNr="51" ObjektID="14295" ZuordnungsartID="5"/>
  <Zuordnungstabelle Zuordnungsnummer="5221" KundEigtNr="6050" ObjektID="14296" ZuordnungsartID="5"/>
  <Zuordnungstabelle Zuordnungsnummer="5222" KundEigtNr="6536" ObjektID="14297" ZuordnungsartID="5"/>
  <Zuordnungstabelle Zuordnungsnummer="5224" KundEigtNr="6569" ObjektID="14502" ZuordnungsartID="5"/>
  <Zuordnungstabelle Zuordnungsnummer="5226" KundEigtNr="6575" ObjektID="14503" ZuordnungsartID="5"/>
  <Zuordnungstabelle Zuordnungsnummer="5230" KundEigtNr="6582" ObjektID="13678" ZuordnungsartID="4"/>
  <Zuordnungstabelle Zuordnungsnummer="5231" KundEigtNr="6583" ObjektID="13679" ZuordnungsartID="5"/>
  <Zuordnungstabelle Zuordnungsnummer="5232" KundEigtNr="6582" ObjektID="13680" ZuordnungsartID="6"/>
  <Zuordnungstabelle Zuordnungsnummer="5233" KundEigtNr="6584" ObjektID="13681" ZuordnungsartID="5"/>
  <Zuordnungstabelle Zuordnungsnummer="5234" KundEigtNr="6585" ObjektID="13695" ZuordnungsartID="5"/>
  <Zuordnungstabelle Zuordnungsnummer="5235" KundEigtNr="6586" ObjektID="13696" ZuordnungsartID="5"/>
  <Zuordnungstabelle Zuordnungsnummer="5236" KundEigtNr="6587" ObjektID="13698" ZuordnungsartID="5"/>
  <Zuordnungstabelle Zuordnungsnummer="5237" KundEigtNr="6588" ObjektID="14508" ZuordnungsartID="5"/>
  <Zuordnungstabelle Zuordnungsnummer="5238" KundEigtNr="6588" ObjektID="13699" ZuordnungsartID="5"/>
  <Zuordnungstabelle Zuordnungsnummer="5239" KundEigtNr="6588" ObjektID="13701" ZuordnungsartID="5"/>
  <Zuordnungstabelle Zuordnungsnummer="5240" KundEigtNr="6588" ObjektID="13703" ZuordnungsartID="5"/>
  <Zuordnungstabelle Zuordnungsnummer="5241" KundEigtNr="6589" ObjektID="13704" ZuordnungsartID="5"/>
  <Zuordnungstabelle Zuordnungsnummer="5242" KundEigtNr="6591" ObjektID="13709" ZuordnungsartID="5"/>
  <Zuordnungstabelle Zuordnungsnummer="5243" KundEigtNr="6590" ObjektID="14509" ZuordnungsartID="5"/>
  <Zuordnungstabelle Zuordnungsnummer="5244" KundEigtNr="6592" ObjektID="13711" ZuordnungsartID="5"/>
  <Zuordnungstabelle Zuordnungsnummer="5245" KundEigtNr="6593" ObjektID="13737" ZuordnungsartID="5"/>
  <Zuordnungstabelle Zuordnungsnummer="5246" KundEigtNr="6594" ObjektID="13738" ZuordnungsartID="5"/>
  <Zuordnungstabelle Zuordnungsnummer="5247" KundEigtNr="6595" ObjektID="13741" ZuordnungsartID="5"/>
  <Zuordnungstabelle Zuordnungsnummer="5248" KundEigtNr="6596" ObjektID="13742" ZuordnungsartID="5"/>
  <Zuordnungstabelle Zuordnungsnummer="5249" KundEigtNr="23" ObjektID="13749" ZuordnungsartID="5"/>
  <Zuordnungstabelle Zuordnungsnummer="5250" KundEigtNr="5628" ObjektID="13750" ZuordnungsartID="5"/>
  <Zuordnungstabelle Zuordnungsnummer="5254" KundEigtNr="6578" ObjektID="14515" ZuordnungsartID="5"/>
  <Zuordnungstabelle Zuordnungsnummer="5255" KundEigtNr="6603" ObjektID="14516" ZuordnungsartID="5"/>
  <Zuordnungstabelle Zuordnungsnummer="5257" KundEigtNr="6604" ObjektID="1351" ZuordnungsartID="5"/>
  <Zuordnungstabelle Zuordnungsnummer="5258" KundEigtNr="6588" ObjektID="14520" ZuordnungsartID="5"/>
  <Zuordnungstabelle Zuordnungsnummer="5259" KundEigtNr="6626" ObjektID="14292" ZuordnungsartID="5"/>
  <Zuordnungstabelle Zuordnungsnummer="5260" KundEigtNr="6652" ObjektID="14530" ZuordnungsartID="5"/>
  <Zuordnungstabelle Zuordnungsnummer="5261" KundEigtNr="6491" ObjektID="14531" ZuordnungsartID="5"/>
  <Zuordnungstabelle Zuordnungsnummer="5262" KundEigtNr="6660" ObjektID="13550" ZuordnungsartID="5"/>
  <Zuordnungstabelle Zuordnungsnummer="5263" KundEigtNr="4285" ObjektID="14536" ZuordnungsartID="5"/>
  <Zuordnungstabelle Zuordnungsnummer="5264" KundEigtNr="6662" ObjektID="14538" ZuordnungsartID="5"/>
  <Zuordnungstabelle Zuordnungsnummer="5265" KundEigtNr="6769" ObjektID="14539" ZuordnungsartID="5"/>
  <Zuordnungstabelle Zuordnungsnummer="5266" KundEigtNr="6771" ObjektID="14540" ZuordnungsartID="5"/>
  <Zuordnungstabelle Zuordnungsnummer="5267" KundEigtNr="6008" ObjektID="14251" ZuordnungsartID="5"/>
  <Zuordnungstabelle Zuordnungsnummer="5268" KundEigtNr="5699" ObjektID="3290" ZuordnungsartID="5"/>
  <Zuordnungstabelle Zuordnungsnummer="5269" KundEigtNr="4994" ObjektID="1677" ZuordnungsartID="5"/>
  <Zuordnungstabelle Zuordnungsnummer="5270" KundEigtNr="4994" ObjektID="10211" ZuordnungsartID="5"/>
  <Zuordnungstabelle Zuordnungsnummer="5271" KundEigtNr="4994" ObjektID="1676" ZuordnungsartID="5"/>
  <Zuordnungstabelle Zuordnungsnummer="5272" KundEigtNr="4994" ObjektID="10213" ZuordnungsartID="5"/>
  <Zuordnungstabelle Zuordnungsnummer="5273" KundEigtNr="4994" ObjektID="1675" ZuordnungsartID="5"/>
  <Zuordnungstabelle Zuordnungsnummer="5274" KundEigtNr="4994" ObjektID="1674" ZuordnungsartID="5"/>
  <Zuordnungstabelle Zuordnungsnummer="5275" KundEigtNr="4994" ObjektID="1673" ZuordnungsartID="5"/>
  <Zuordnungstabelle Zuordnungsnummer="5276" KundEigtNr="4994" ObjektID="10216" ZuordnungsartID="5"/>
  <Zuordnungstabelle Zuordnungsnummer="5277" KundEigtNr="4994" ObjektID="1672" ZuordnungsartID="5"/>
  <Zuordnungstabelle Zuordnungsnummer="5279" KundEigtNr="6792" ObjektID="14542" ZuordnungsartID="5"/>
  <Zuordnungstabelle Zuordnungsnummer="5280" KundEigtNr="5311" ObjektID="14543" ZuordnungsartID="5"/>
  <Zuordnungstabelle Zuordnungsnummer="5281" KundEigtNr="6816" ObjektID="5992" ZuordnungsartID="5"/>
  <Zuordnungstabelle Zuordnungsnummer="5283" KundEigtNr="5491" ObjektID="14545" ZuordnungsartID="5"/>
  <Zuordnungstabelle Zuordnungsnummer="5284" KundEigtNr="6823" ObjektID="14546" ZuordnungsartID="5"/>
  <Zuordnungstabelle Zuordnungsnummer="5285" KundEigtNr="477" ObjektID="14547" ZuordnungsartID="5"/>
  <Zuordnungstabelle Zuordnungsnummer="5286" KundEigtNr="6825" ObjektID="13334" ZuordnungsartID="5"/>
  <Zuordnungstabelle Zuordnungsnummer="5287" KundEigtNr="6842" ObjektID="6320" ZuordnungsartID="5"/>
  <Zuordnungstabelle Zuordnungsnummer="5288" KundEigtNr="6861" ObjektID="4807" ZuordnungsartID="5"/>
  <Zuordnungstabelle Zuordnungsnummer="5289" KundEigtNr="6862" ObjektID="14550" ZuordnungsartID="5"/>
  <Zuordnungstabelle Zuordnungsnummer="5290" KundEigtNr="6869" ObjektID="2422" ZuordnungsartID="5"/>
  <Zuordnungstabelle Zuordnungsnummer="5292" KundEigtNr="6887" ObjektID="14564" ZuordnungsartID="5"/>
  <Zuordnungstabelle Zuordnungsnummer="5293" KundEigtNr="6893" ObjektID="3287" ZuordnungsartID="5"/>
  <Zuordnungstabelle Zuordnungsnummer="5294" KundEigtNr="6894" ObjektID="3288" ZuordnungsartID="5"/>
  <Zuordnungstabelle Zuordnungsnummer="5295" KundEigtNr="6895" ObjektID="3294" ZuordnungsartID="5"/>
  <Zuordnungstabelle Zuordnungsnummer="5296" KundEigtNr="6896" ObjektID="14565" ZuordnungsartID="5"/>
  <Zuordnungstabelle Zuordnungsnummer="5297" KundEigtNr="6904" ObjektID="9173" ZuordnungsartID="5"/>
  <Zuordnungstabelle Zuordnungsnummer="5298" KundEigtNr="6911" ObjektID="14168" ZuordnungsartID="5"/>
  <Zuordnungstabelle Zuordnungsnummer="5299" KundEigtNr="6912" ObjektID="14568" ZuordnungsartID="5"/>
  <Zuordnungstabelle Zuordnungsnummer="5301" KundEigtNr="6916" ObjektID="14377" ZuordnungsartID="5"/>
  <Zuordnungstabelle Zuordnungsnummer="5302" KundEigtNr="6913" ObjektID="14569" ZuordnungsartID="5"/>
  <Zuordnungstabelle Zuordnungsnummer="5303" KundEigtNr="6917" ObjektID="14570" ZuordnungsartID="5"/>
  <Zuordnungstabelle Zuordnungsnummer="5304" KundEigtNr="6920" ObjektID="4061" ZuordnungsartID="5"/>
  <Zuordnungstabelle Zuordnungsnummer="5305" KundEigtNr="7032" ObjektID="14581" ZuordnungsartID="5"/>
  <Zuordnungstabelle Zuordnungsnummer="5306" KundEigtNr="7059" ObjektID="14441" ZuordnungsartID="5"/>
  <Zuordnungstabelle Zuordnungsnummer="5307" KundEigtNr="7071" ObjektID="14586" ZuordnungsartID="5"/>
  <Zuordnungstabelle Zuordnungsnummer="5308" KundEigtNr="7077" ObjektID="14587" ZuordnungsartID="5"/>
  <Zuordnungstabelle Zuordnungsnummer="5309" KundEigtNr="7079" ObjektID="14588" ZuordnungsartID="5"/>
  <Zuordnungstabelle Zuordnungsnummer="5310" KundEigtNr="7089" ObjektID="14590" ZuordnungsartID="5"/>
  <Zuordnungstabelle Zuordnungsnummer="5311" KundEigtNr="7092" ObjektID="14592" ZuordnungsartID="5"/>
  <Zuordnungstabelle Zuordnungsnummer="5312" KundEigtNr="7093" ObjektID="14593" ZuordnungsartID="5"/>
  <Zuordnungstabelle Zuordnungsnummer="5313" KundEigtNr="7104" ObjektID="14594" ZuordnungsartID="5"/>
  <Zuordnungstabelle Zuordnungsnummer="5314" KundEigtNr="7105" ObjektID="14595" ZuordnungsartID="5"/>
  <Zuordnungstabelle Zuordnungsnummer="5316" KundEigtNr="7111" ObjektID="14596" ZuordnungsartID="5"/>
  <Zuordnungstabelle Zuordnungsnummer="5317" KundEigtNr="862" ObjektID="1730" ZuordnungsartID="5"/>
  <Zuordnungstabelle Zuordnungsnummer="5318" KundEigtNr="7139" ObjektID="3682" ZuordnungsartID="5"/>
  <Zuordnungstabelle Zuordnungsnummer="5319" KundEigtNr="6998" ObjektID="14576" ZuordnungsartID="5"/>
  <Zuordnungstabelle Zuordnungsnummer="5320" KundEigtNr="7161" ObjektID="14598" ZuordnungsartID="5"/>
  <Zuordnungstabelle Zuordnungsnummer="5321" KundEigtNr="7169" ObjektID="14600" ZuordnungsartID="5"/>
  <Zuordnungstabelle Zuordnungsnummer="5322" KundEigtNr="7189" ObjektID="14601" ZuordnungsartID="5"/>
  <Zuordnungstabelle Zuordnungsnummer="5323" KundEigtNr="7190" ObjektID="14602" ZuordnungsartID="5"/>
  <Zuordnungstabelle Zuordnungsnummer="5324" KundEigtNr="7191" ObjektID="14603" ZuordnungsartID="5"/>
  <Zuordnungstabelle Zuordnungsnummer="5325" KundEigtNr="2030" ObjektID="2453" ZuordnungsartID="5"/>
  <Zuordnungstabelle Zuordnungsnummer="5326" KundEigtNr="7235" ObjektID="14605" ZuordnungsartID="5"/>
  <Zuordnungstabelle Zuordnungsnummer="5327" KundEigtNr="7245" ObjektID="10469" ZuordnungsartID="5"/>
  <Zuordnungstabelle Zuordnungsnummer="5328" KundEigtNr="223" ObjektID="2449" ZuordnungsartID="5"/>
  <Zuordnungstabelle Zuordnungsnummer="5330" KundEigtNr="7246" ObjektID="14599" ZuordnungsartID="5"/>
  <Zuordnungstabelle Zuordnungsnummer="5331" KundEigtNr="7246" ObjektID="2452" ZuordnungsartID="5"/>
  <Zuordnungstabelle Zuordnungsnummer="5332" KundEigtNr="7247" ObjektID="192" ZuordnungsartID="5"/>
  <Zuordnungstabelle Zuordnungsnummer="5333" KundEigtNr="7248" ObjektID="2455" ZuordnungsartID="5"/>
  <Zuordnungstabelle Zuordnungsnummer="5334" KundEigtNr="7249" ObjektID="2456" ZuordnungsartID="5"/>
  <Zuordnungstabelle Zuordnungsnummer="5335" KundEigtNr="7250" ObjektID="2458" ZuordnungsartID="5"/>
  <Zuordnungstabelle Zuordnungsnummer="5336" KundEigtNr="7251" ObjektID="2461" ZuordnungsartID="5"/>
  <Zuordnungstabelle Zuordnungsnummer="5337" KundEigtNr="7252" ObjektID="2446" ZuordnungsartID="5"/>
  <Zuordnungstabelle Zuordnungsnummer="5338" KundEigtNr="7000" ObjektID="4839" ZuordnungsartID="5"/>
  <Zuordnungstabelle Zuordnungsnummer="5339" KundEigtNr="7270" ObjektID="1376" ZuordnungsartID="5"/>
  <Zuordnungstabelle Zuordnungsnummer="5340" KundEigtNr="7273" ObjektID="14606" ZuordnungsartID="5"/>
  <Zuordnungstabelle Zuordnungsnummer="5341" KundEigtNr="6107" ObjektID="14607" ZuordnungsartID="5"/>
  <Zuordnungstabelle Zuordnungsnummer="5342" KundEigtNr="4086" ObjektID="13754" ZuordnungsartID="5"/>
  <Zuordnungstabelle Zuordnungsnummer="5343" KundEigtNr="7289" ObjektID="13537" ZuordnungsartID="5"/>
  <Zuordnungstabelle Zuordnungsnummer="5344" KundEigtNr="7318" ObjektID="14610" ZuordnungsartID="5"/>
  <Zuordnungstabelle Zuordnungsnummer="5346" KundEigtNr="2514" ObjektID="14305" ZuordnungsartID="5"/>
  <Zuordnungstabelle Zuordnungsnummer="5347" KundEigtNr="7091" ObjektID="14591" ZuordnungsartID="5"/>
  <Zuordnungstabelle Zuordnungsnummer="5348" KundEigtNr="6739" ObjektID="14647" ZuordnungsartID="5"/>
  <Zuordnungstabelle Zuordnungsnummer="5349" KundEigtNr="7090" ObjektID="14589" ZuordnungsartID="5"/>
  <Zuordnungstabelle Zuordnungsnummer="5350" KundEigtNr="7355" ObjektID="14636" ZuordnungsartID="5"/>
  <Zuordnungstabelle Zuordnungsnummer="5351" KundEigtNr="7370" ObjektID="13736" ZuordnungsartID="5"/>
  <Zuordnungstabelle Zuordnungsnummer="5352" KundEigtNr="7373" ObjektID="14676" ZuordnungsartID="5"/>
  <Zuordnungstabelle Zuordnungsnummer="5353" KundEigtNr="7375" ObjektID="1730" ZuordnungsartID="4"/>
  <Zuordnungstabelle Zuordnungsnummer="5354" KundEigtNr="1616" ObjektID="14246" ZuordnungsartID="5"/>
  <Zuordnungstabelle Zuordnungsnummer="5355" KundEigtNr="7380" ObjektID="14677" ZuordnungsartID="5"/>
  <Zuordnungstabelle Zuordnungsnummer="5356" KundEigtNr="5311" ObjektID="14527" ZuordnungsartID="5"/>
  <Zuordnungstabelle Zuordnungsnummer="5357" KundEigtNr="5311" ObjektID="14526" ZuordnungsartID="5"/>
  <Zuordnungstabelle Zuordnungsnummer="5360" KundEigtNr="5311" ObjektID="14523" ZuordnungsartID="5"/>
  <Zuordnungstabelle Zuordnungsnummer="5361" KundEigtNr="5311" ObjektID="14522" ZuordnungsartID="5"/>
  <Zuordnungstabelle Zuordnungsnummer="5362" KundEigtNr="5311" ObjektID="13661" ZuordnungsartID="5"/>
  <Zuordnungstabelle Zuordnungsnummer="5363" KundEigtNr="5311" ObjektID="13660" ZuordnungsartID="5"/>
  <Zuordnungstabelle Zuordnungsnummer="5364" KundEigtNr="5311" ObjektID="13659" ZuordnungsartID="5"/>
  <Zuordnungstabelle Zuordnungsnummer="5365" KundEigtNr="5311" ObjektID="14529" ZuordnungsartID="5"/>
  <Zuordnungstabelle Zuordnungsnummer="5366" KundEigtNr="5311" ObjektID="14528" ZuordnungsartID="5"/>
  <Zuordnungstabelle Zuordnungsnummer="5367" KundEigtNr="6974" ObjektID="3310" ZuordnungsartID="5"/>
  <Zuordnungstabelle Zuordnungsnummer="5368" KundEigtNr="6974" ObjektID="3311" ZuordnungsartID="5"/>
  <Zuordnungstabelle Zuordnungsnummer="5369" KundEigtNr="7389" ObjektID="4625" ZuordnungsartID="5"/>
  <Zuordnungstabelle Zuordnungsnummer="5370" KundEigtNr="7390" ObjektID="4643" ZuordnungsartID="5"/>
  <Zuordnungstabelle Zuordnungsnummer="5371" KundEigtNr="687" ObjektID="4642" ZuordnungsartID="5"/>
  <Zuordnungstabelle Zuordnungsnummer="5372" KundEigtNr="7391" ObjektID="4630" ZuordnungsartID="5"/>
  <Zuordnungstabelle Zuordnungsnummer="5373" KundEigtNr="7392" ObjektID="4629" ZuordnungsartID="5"/>
  <Zuordnungstabelle Zuordnungsnummer="5374" KundEigtNr="7393" ObjektID="4628" ZuordnungsartID="5"/>
  <Zuordnungstabelle Zuordnungsnummer="5375" KundEigtNr="2148" ObjektID="4644" ZuordnungsartID="5"/>
  <Zuordnungstabelle Zuordnungsnummer="5376" KundEigtNr="7394" ObjektID="4645" ZuordnungsartID="5"/>
  <Zuordnungstabelle Zuordnungsnummer="5377" KundEigtNr="7395" ObjektID="4640" ZuordnungsartID="5"/>
  <Zuordnungstabelle Zuordnungsnummer="5378" KundEigtNr="7396" ObjektID="4636" ZuordnungsartID="5"/>
  <Zuordnungstabelle Zuordnungsnummer="5379" KundEigtNr="7435" ObjektID="14678" ZuordnungsartID="5"/>
  <Zuordnungstabelle Zuordnungsnummer="5380" KundEigtNr="7440" ObjektID="14679" ZuordnungsartID="5"/>
  <Zuordnungstabelle Zuordnungsnummer="5381" KundEigtNr="7441" ObjektID="14553" ZuordnungsartID="5"/>
  <Zuordnungstabelle Zuordnungsnummer="5382" KundEigtNr="7446" ObjektID="14680" ZuordnungsartID="5"/>
  <Zuordnungstabelle Zuordnungsnummer="5383" KundEigtNr="7455" ObjektID="14681" ZuordnungsartID="5"/>
  <Zuordnungstabelle Zuordnungsnummer="5385" KundEigtNr="7460" ObjektID="14682" ZuordnungsartID="5"/>
  <Zuordnungstabelle Zuordnungsnummer="5386" KundEigtNr="7072" ObjektID="14584" ZuordnungsartID="5"/>
  <Zuordnungstabelle Zuordnungsnummer="5387" KundEigtNr="167" ObjektID="4627" ZuordnungsartID="5"/>
  <Zuordnungstabelle Zuordnungsnummer="5388" KundEigtNr="7472" ObjektID="4626" ZuordnungsartID="5"/>
  <Zuordnungstabelle Zuordnungsnummer="5389" KundEigtNr="183" ObjektID="4622" ZuordnungsartID="5"/>
  <Zuordnungstabelle Zuordnungsnummer="5391" KundEigtNr="7473" ObjektID="4637" ZuordnungsartID="5"/>
  <Zuordnungstabelle Zuordnungsnummer="5392" KundEigtNr="7515" ObjektID="14687" ZuordnungsartID="5"/>
  <Zuordnungstabelle Zuordnungsnummer="5393" KundEigtNr="3554" ObjektID="14688" ZuordnungsartID="5"/>
  <Zuordnungstabelle Zuordnungsnummer="5394" KundEigtNr="7517" ObjektID="14689" ZuordnungsartID="5"/>
  <Zuordnungstabelle Zuordnungsnummer="5395" KundEigtNr="7520" ObjektID="14690" ZuordnungsartID="5"/>
  <Zuordnungstabelle Zuordnungsnummer="5396" KundEigtNr="7522" ObjektID="14691" ZuordnungsartID="5"/>
  <Zuordnungstabelle Zuordnungsnummer="5397" KundEigtNr="7523" ObjektID="14692" ZuordnungsartID="5"/>
  <Zuordnungstabelle Zuordnungsnummer="5398" KundEigtNr="22" ObjektID="14719" ZuordnungsartID="5"/>
  <Zuordnungstabelle Zuordnungsnummer="5399" KundEigtNr="7535" ObjektID="14722" ZuordnungsartID="5"/>
  <Zuordnungstabelle Zuordnungsnummer="5400" KundEigtNr="7536" ObjektID="14723" ZuordnungsartID="5"/>
  <Zuordnungstabelle Zuordnungsnummer="5401" KundEigtNr="7541" ObjektID="14725" ZuordnungsartID="5"/>
  <Zuordnungstabelle Zuordnungsnummer="5402" KundEigtNr="7542" ObjektID="1522" ZuordnungsartID="5"/>
  <Zuordnungstabelle Zuordnungsnummer="5403" KundEigtNr="7554" ObjektID="14727" ZuordnungsartID="5"/>
  <Zuordnungstabelle Zuordnungsnummer="5404" KundEigtNr="7560" ObjektID="14728" ZuordnungsartID="5"/>
  <Zuordnungstabelle Zuordnungsnummer="5405" KundEigtNr="7161" ObjektID="13581" ZuordnungsartID="5"/>
  <Zuordnungstabelle Zuordnungsnummer="5406" KundEigtNr="7561" ObjektID="14729" ZuordnungsartID="5"/>
  <Zuordnungstabelle Zuordnungsnummer="5408" KundEigtNr="7560" ObjektID="14730" ZuordnungsartID="5"/>
  <Zuordnungstabelle Zuordnungsnummer="5409" KundEigtNr="7560" ObjektID="77" ZuordnungsartID="5"/>
  <Zuordnungstabelle Zuordnungsnummer="5410" KundEigtNr="7571" ObjektID="14731" ZuordnungsartID="5"/>
  <Zuordnungstabelle Zuordnungsnummer="5411" KundEigtNr="7573" ObjektID="14732" ZuordnungsartID="5"/>
  <Zuordnungstabelle Zuordnungsnummer="5412" KundEigtNr="7574" ObjektID="14715" ZuordnungsartID="5"/>
  <Zuordnungstabelle Zuordnungsnummer="5413" KundEigtNr="7574" ObjektID="14716" ZuordnungsartID="5"/>
  <Zuordnungstabelle Zuordnungsnummer="5414" KundEigtNr="7574" ObjektID="14717" ZuordnungsartID="5"/>
  <Zuordnungstabelle Zuordnungsnummer="5415" KundEigtNr="718" ObjektID="14721" ZuordnungsartID="5"/>
  <Zuordnungstabelle Zuordnungsnummer="5416" KundEigtNr="7575" ObjektID="14733" ZuordnungsartID="5"/>
  <Zuordnungstabelle Zuordnungsnummer="5417" KundEigtNr="7576" ObjektID="14734" ZuordnungsartID="5"/>
  <Zuordnungstabelle Zuordnungsnummer="5418" KundEigtNr="7577" ObjektID="12841" ZuordnungsartID="5"/>
  <Zuordnungstabelle Zuordnungsnummer="5419" KundEigtNr="3850" ObjektID="14743" ZuordnungsartID="5"/>
  <Zuordnungstabelle Zuordnungsnummer="5420" KundEigtNr="7560" ObjektID="14724" ZuordnungsartID="5"/>
  <Zuordnungstabelle Zuordnungsnummer="5421" KundEigtNr="7560" ObjektID="3481" ZuordnungsartID="5"/>
  <Zuordnungstabelle Zuordnungsnummer="5422" KundEigtNr="7585" ObjektID="14745" ZuordnungsartID="5"/>
  <Zuordnungstabelle Zuordnungsnummer="5423" KundEigtNr="6976" ObjektID="14350" ZuordnungsartID="5"/>
  <Zuordnungstabelle Zuordnungsnummer="5424" KundEigtNr="6651" ObjektID="5425" ZuordnungsartID="5"/>
  <Zuordnungstabelle Zuordnungsnummer="5425" KundEigtNr="7616" ObjektID="14746" ZuordnungsartID="5"/>
  <Zuordnungstabelle Zuordnungsnummer="5426" KundEigtNr="7624" ObjektID="14747" ZuordnungsartID="5"/>
  <Zuordnungstabelle Zuordnungsnummer="5427" KundEigtNr="7644" ObjektID="14748" ZuordnungsartID="5"/>
  <Zuordnungstabelle Zuordnungsnummer="5428" KundEigtNr="7651" ObjektID="14749" ZuordnungsartID="5"/>
  <Zuordnungstabelle Zuordnungsnummer="5429" KundEigtNr="5707" ObjektID="14750" ZuordnungsartID="5"/>
  <Zuordnungstabelle Zuordnungsnummer="5430" KundEigtNr="7666" ObjektID="14765" ZuordnungsartID="5"/>
  <Zuordnungstabelle Zuordnungsnummer="5431" KundEigtNr="7667" ObjektID="14766" ZuordnungsartID="5"/>
  <Zuordnungstabelle Zuordnungsnummer="5432" KundEigtNr="7675" ObjektID="14767" ZuordnungsartID="5"/>
  <Zuordnungstabelle Zuordnungsnummer="5433" KundEigtNr="7382" ObjektID="2134" ZuordnungsartID="5"/>
  <Zuordnungstabelle Zuordnungsnummer="5434" KundEigtNr="186" ObjektID="14768" ZuordnungsartID="8"/>
  <Zuordnungstabelle Zuordnungsnummer="5435" KundEigtNr="98" ObjektID="14769" ZuordnungsartID="5"/>
  <Zuordnungstabelle Zuordnungsnummer="5436" KundEigtNr="1548" ObjektID="14770" ZuordnungsartID="5"/>
  <Zuordnungstabelle Zuordnungsnummer="5437" KundEigtNr="153" ObjektID="13672" ZuordnungsartID="5"/>
  <Zuordnungstabelle Zuordnungsnummer="5438" KundEigtNr="153" ObjektID="13666" ZuordnungsartID="5"/>
  <Zuordnungstabelle Zuordnungsnummer="5439" KundEigtNr="153" ObjektID="13667" ZuordnungsartID="5"/>
  <Zuordnungstabelle Zuordnungsnummer="5440" KundEigtNr="153" ObjektID="13668" ZuordnungsartID="5"/>
  <Zuordnungstabelle Zuordnungsnummer="5441" KundEigtNr="153" ObjektID="13669" ZuordnungsartID="5"/>
  <Zuordnungstabelle Zuordnungsnummer="5442" KundEigtNr="153" ObjektID="13670" ZuordnungsartID="5"/>
  <Zuordnungstabelle Zuordnungsnummer="5443" KundEigtNr="153" ObjektID="13671" ZuordnungsartID="5"/>
  <Zuordnungstabelle Zuordnungsnummer="5444" KundEigtNr="7441" ObjektID="14764" ZuordnungsartID="5"/>
  <Zuordnungstabelle Zuordnungsnummer="5445" KundEigtNr="7441" ObjektID="14751" ZuordnungsartID="5"/>
  <Zuordnungstabelle Zuordnungsnummer="5446" KundEigtNr="7441" ObjektID="14752" ZuordnungsartID="8"/>
  <Zuordnungstabelle Zuordnungsnummer="5447" KundEigtNr="7441" ObjektID="14753" ZuordnungsartID="5"/>
  <Zuordnungstabelle Zuordnungsnummer="5448" KundEigtNr="7441" ObjektID="14754" ZuordnungsartID="5"/>
  <Zuordnungstabelle Zuordnungsnummer="5449" KundEigtNr="7441" ObjektID="14755" ZuordnungsartID="5"/>
  <Zuordnungstabelle Zuordnungsnummer="5450" KundEigtNr="7441" ObjektID="14756" ZuordnungsartID="5"/>
  <Zuordnungstabelle Zuordnungsnummer="5451" KundEigtNr="7441" ObjektID="14757" ZuordnungsartID="5"/>
  <Zuordnungstabelle Zuordnungsnummer="5452" KundEigtNr="7441" ObjektID="14758" ZuordnungsartID="5"/>
  <Zuordnungstabelle Zuordnungsnummer="5453" KundEigtNr="7441" ObjektID="14759" ZuordnungsartID="5"/>
  <Zuordnungstabelle Zuordnungsnummer="5454" KundEigtNr="7441" ObjektID="14760" ZuordnungsartID="5"/>
  <Zuordnungstabelle Zuordnungsnummer="5455" KundEigtNr="7441" ObjektID="14761" ZuordnungsartID="5"/>
  <Zuordnungstabelle Zuordnungsnummer="5456" KundEigtNr="7441" ObjektID="14762" ZuordnungsartID="5"/>
  <Zuordnungstabelle Zuordnungsnummer="5457" KundEigtNr="7441" ObjektID="14763" ZuordnungsartID="5"/>
  <Zuordnungstabelle Zuordnungsnummer="5458" KundEigtNr="7700" ObjektID="14375" ZuordnungsartID="5"/>
  <Zuordnungstabelle Zuordnungsnummer="5459" KundEigtNr="7710" ObjektID="14772" ZuordnungsartID="5"/>
  <Zuordnungstabelle Zuordnungsnummer="5460" KundEigtNr="7708" ObjektID="14773" ZuordnungsartID="5"/>
  <Zuordnungstabelle Zuordnungsnummer="5461" KundEigtNr="7713" ObjektID="14774" ZuordnungsartID="5"/>
  <Zuordnungstabelle Zuordnungsnummer="5462" KundEigtNr="1543" ObjektID="8652" ZuordnungsartID="5"/>
  <Zuordnungstabelle Zuordnungsnummer="5463" KundEigtNr="7745" ObjektID="14775" ZuordnungsartID="5"/>
  <Zuordnungstabelle Zuordnungsnummer="5464" KundEigtNr="7801" ObjektID="14776" ZuordnungsartID="5"/>
  <Zuordnungstabelle Zuordnungsnummer="5465" KundEigtNr="7383" ObjektID="4347" ZuordnungsartID="5"/>
  <Zuordnungstabelle Zuordnungsnummer="5466" KundEigtNr="7819" ObjektID="2780" ZuordnungsartID="5"/>
  <Zuordnungstabelle Zuordnungsnummer="5467" KundEigtNr="7826" ObjektID="14778" ZuordnungsartID="5"/>
  <Zuordnungstabelle Zuordnungsnummer="5468" KundEigtNr="7827" ObjektID="14779" ZuordnungsartID="5"/>
  <Zuordnungstabelle Zuordnungsnummer="5469" KundEigtNr="3359" ObjektID="6155" ZuordnungsartID="5"/>
  <Zuordnungstabelle Zuordnungsnummer="5470" KundEigtNr="7851" ObjektID="14780" ZuordnungsartID="5"/>
  <Zuordnungstabelle Zuordnungsnummer="5471" KundEigtNr="7852" ObjektID="14781" ZuordnungsartID="5"/>
  <Zuordnungstabelle Zuordnungsnummer="5472" KundEigtNr="6957" ObjektID="14782" ZuordnungsartID="5"/>
  <Zuordnungstabelle Zuordnungsnummer="5474" KundEigtNr="7866" ObjektID="14783" ZuordnungsartID="5"/>
  <Zuordnungstabelle Zuordnungsnummer="5475" KundEigtNr="7867" ObjektID="5741" ZuordnungsartID="5"/>
  <Zuordnungstabelle Zuordnungsnummer="5476" KundEigtNr="7868" ObjektID="14784" ZuordnungsartID="5"/>
  <Zuordnungstabelle Zuordnungsnummer="5478" KundEigtNr="4077" ObjektID="8539" ZuordnungsartID="5"/>
  <Zuordnungstabelle Zuordnungsnummer="5479" KundEigtNr="4077" ObjektID="14318" ZuordnungsartID="5"/>
  <Zuordnungstabelle Zuordnungsnummer="5480" KundEigtNr="7902" ObjektID="14785" ZuordnungsartID="5"/>
  <Zuordnungstabelle Zuordnungsnummer="5481" KundEigtNr="7907" ObjektID="14786" ZuordnungsartID="5"/>
  <Zuordnungstabelle Zuordnungsnummer="5482" KundEigtNr="2947" ObjektID="14787" ZuordnungsartID="5"/>
  <Zuordnungstabelle Zuordnungsnummer="5483" KundEigtNr="7910" ObjektID="14788" ZuordnungsartID="5"/>
  <Zuordnungstabelle Zuordnungsnummer="5484" KundEigtNr="7911" ObjektID="14789" ZuordnungsartID="5"/>
  <Zuordnungstabelle Zuordnungsnummer="5485" KundEigtNr="7937" ObjektID="14790" ZuordnungsartID="5"/>
  <Zuordnungstabelle Zuordnungsnummer="5486" KundEigtNr="5594" ObjektID="14554" ZuordnungsartID="5"/>
  <Zuordnungstabelle Zuordnungsnummer="5487" KundEigtNr="5594" ObjektID="13662" ZuordnungsartID="5"/>
  <Zuordnungstabelle Zuordnungsnummer="5488" KundEigtNr="5594" ObjektID="13663" ZuordnungsartID="5"/>
  <Zuordnungstabelle Zuordnungsnummer="5489" KundEigtNr="5594" ObjektID="13664" ZuordnungsartID="5"/>
  <Zuordnungstabelle Zuordnungsnummer="5490" KundEigtNr="5594" ObjektID="13665" ZuordnungsartID="5"/>
  <Zuordnungstabelle Zuordnungsnummer="5491" KundEigtNr="5594" ObjektID="14489" ZuordnungsartID="5"/>
  <Zuordnungstabelle Zuordnungsnummer="5492" KundEigtNr="5594" ObjektID="14490" ZuordnungsartID="5"/>
  <Zuordnungstabelle Zuordnungsnummer="5493" KundEigtNr="3217" ObjektID="14578" ZuordnungsartID="5"/>
  <Zuordnungstabelle Zuordnungsnummer="5494" KundEigtNr="7962" ObjektID="3653" ZuordnungsartID="5"/>
  <Zuordnungstabelle Zuordnungsnummer="5495" KundEigtNr="7983" ObjektID="14797" ZuordnungsartID="5"/>
  <Zuordnungstabelle Zuordnungsnummer="5496" KundEigtNr="6434" ObjektID="66" ZuordnungsartID="5"/>
  <Zuordnungstabelle Zuordnungsnummer="5497" KundEigtNr="7993" ObjektID="14798" ZuordnungsartID="5"/>
  <Zuordnungstabelle Zuordnungsnummer="5498" KundEigtNr="8001" ObjektID="14794" ZuordnungsartID="5"/>
  <Zuordnungstabelle Zuordnungsnummer="5499" KundEigtNr="8002" ObjektID="14793" ZuordnungsartID="5"/>
  <Zuordnungstabelle Zuordnungsnummer="5500" KundEigtNr="8004" ObjektID="14846" ZuordnungsartID="5"/>
  <Zuordnungstabelle Zuordnungsnummer="5501" KundEigtNr="8005" ObjektID="14847" ZuordnungsartID="4"/>
  <Zuordnungstabelle Zuordnungsnummer="5502" KundEigtNr="8066" ObjektID="14938" ZuordnungsartID="5"/>
  <Zuordnungstabelle Zuordnungsnummer="5503" KundEigtNr="8077" ObjektID="14939" ZuordnungsartID="5"/>
  <Zuordnungstabelle Zuordnungsnummer="5504" KundEigtNr="1979" ObjektID="14940" ZuordnungsartID="5"/>
  <Zuordnungstabelle Zuordnungsnummer="5505" KundEigtNr="8093" ObjektID="14941" ZuordnungsartID="5"/>
  <Zuordnungstabelle Zuordnungsnummer="5506" KundEigtNr="8096" ObjektID="13282" ZuordnungsartID="5"/>
  <Zuordnungstabelle Zuordnungsnummer="5507" KundEigtNr="8111" ObjektID="14946" ZuordnungsartID="5"/>
  <Zuordnungstabelle Zuordnungsnummer="5508" KundEigtNr="5377" ObjektID="14947" ZuordnungsartID="5"/>
  <Zuordnungstabelle Zuordnungsnummer="5509" KundEigtNr="8142" ObjektID="15005" ZuordnungsartID="5"/>
  <Zuordnungstabelle Zuordnungsnummer="5510" KundEigtNr="8145" ObjektID="15007" ZuordnungsartID="5"/>
  <Zuordnungstabelle Zuordnungsnummer="5511" KundEigtNr="8070" ObjektID="15008" ZuordnungsartID="5"/>
  <Zuordnungstabelle Zuordnungsnummer="5512" KundEigtNr="8070" ObjektID="15009" ZuordnungsartID="5"/>
  <Zuordnungstabelle Zuordnungsnummer="5513" KundEigtNr="8189" ObjektID="15010" ZuordnungsartID="5"/>
  <Zuordnungstabelle Zuordnungsnummer="5514" KundEigtNr="8192" ObjektID="14943" ZuordnungsartID="5"/>
  <Zuordnungstabelle Zuordnungsnummer="5515" KundEigtNr="7375" ObjektID="14943" ZuordnungsartID="4"/>
  <Zuordnungstabelle Zuordnungsnummer="5516" KundEigtNr="8204" ObjektID="15012" ZuordnungsartID="5"/>
  <Zuordnungstabelle Zuordnungsnummer="5517" KundEigtNr="8215" ObjektID="15013" ZuordnungsartID="5"/>
  <Zuordnungstabelle Zuordnungsnummer="5518" KundEigtNr="3554" ObjektID="15015" ZuordnungsartID="5"/>
  <Zuordnungstabelle Zuordnungsnummer="5519" KundEigtNr="8273" ObjektID="14949" ZuordnungsartID="5"/>
  <Zuordnungstabelle Zuordnungsnummer="5520" KundEigtNr="3291" ObjektID="11161" ZuordnungsartID="5"/>
  <Zuordnungstabelle Zuordnungsnummer="5521" KundEigtNr="2580" ObjektID="15016" ZuordnungsartID="5"/>
  <Zuordnungstabelle Zuordnungsnummer="5523" KundEigtNr="8319" ObjektID="15017" ZuordnungsartID="5"/>
  <Zuordnungstabelle Zuordnungsnummer="5524" KundEigtNr="8325" ObjektID="9597" ZuordnungsartID="5"/>
  <Zuordnungstabelle Zuordnungsnummer="5525" KundEigtNr="8337" ObjektID="15023" ZuordnungsartID="5"/>
  <Zuordnungstabelle Zuordnungsnummer="5526" KundEigtNr="8342" ObjektID="12487" ZuordnungsartID="5"/>
  <Zuordnungstabelle Zuordnungsnummer="5527" KundEigtNr="8357" ObjektID="15018" ZuordnungsartID="5"/>
  <Zuordnungstabelle Zuordnungsnummer="5528" KundEigtNr="8362" ObjektID="15024" ZuordnungsartID="5"/>
  <Zuordnungstabelle Zuordnungsnummer="5529" KundEigtNr="8365" ObjektID="15025" ZuordnungsartID="5"/>
  <Zuordnungstabelle Zuordnungsnummer="5530" KundEigtNr="8374" ObjektID="15040" ZuordnungsartID="5"/>
  <Zuordnungstabelle Zuordnungsnummer="5531" KundEigtNr="8375" ObjektID="15041" ZuordnungsartID="5"/>
  <Zuordnungstabelle Zuordnungsnummer="5532" KundEigtNr="8377" ObjektID="15042" ZuordnungsartID="5"/>
  <Zuordnungstabelle Zuordnungsnummer="5533" KundEigtNr="8401" ObjektID="15044" ZuordnungsartID="5"/>
  <Zuordnungstabelle Zuordnungsnummer="5535" KundEigtNr="4085" ObjektID="15045" ZuordnungsartID="5"/>
  <Zuordnungstabelle Zuordnungsnummer="5536" KundEigtNr="4085" ObjektID="15046" ZuordnungsartID="5"/>
  <Zuordnungstabelle Zuordnungsnummer="5537" KundEigtNr="3759" ObjektID="15047" ZuordnungsartID="5"/>
  <Zuordnungstabelle Zuordnungsnummer="5538" KundEigtNr="5311" ObjektID="15048" ZuordnungsartID="5"/>
  <Zuordnungstabelle Zuordnungsnummer="5539" KundEigtNr="3849" ObjektID="14259" ZuordnungsartID="5"/>
  <Zuordnungstabelle Zuordnungsnummer="5540" KundEigtNr="49" ObjektID="15049" ZuordnungsartID="5"/>
  <Zuordnungstabelle Zuordnungsnummer="5541" KundEigtNr="3849" ObjektID="1379" ZuordnungsartID="5"/>
  <Zuordnungstabelle Zuordnungsnummer="5542" KundEigtNr="6603" ObjektID="15050" ZuordnungsartID="5"/>
  <Zuordnungstabelle Zuordnungsnummer="5543" KundEigtNr="8435" ObjektID="15052" ZuordnungsartID="5"/>
  <Zuordnungstabelle Zuordnungsnummer="5544" KundEigtNr="8441" ObjektID="13306" ZuordnungsartID="5"/>
  <Zuordnungstabelle Zuordnungsnummer="5545" KundEigtNr="8442" ObjektID="13308" ZuordnungsartID="5"/>
  <Zuordnungstabelle Zuordnungsnummer="5546" KundEigtNr="5311" ObjektID="13309" ZuordnungsartID="5"/>
  <Zuordnungstabelle Zuordnungsnummer="5547" KundEigtNr="8443" ObjektID="13310" ZuordnungsartID="5"/>
  <Zuordnungstabelle Zuordnungsnummer="5548" KundEigtNr="8483" ObjektID="15053" ZuordnungsartID="5"/>
  <Zuordnungstabelle Zuordnungsnummer="5549" KundEigtNr="2580" ObjektID="15054" ZuordnungsartID="5"/>
  <Zuordnungstabelle Zuordnungsnummer="5550" KundEigtNr="2580" ObjektID="15055" ZuordnungsartID="5"/>
  <Zuordnungstabelle Zuordnungsnummer="5551" KundEigtNr="2580" ObjektID="15056" ZuordnungsartID="5"/>
  <Zuordnungstabelle Zuordnungsnummer="5552" KundEigtNr="8495" ObjektID="15057" ZuordnungsartID="5"/>
  <Zuordnungstabelle Zuordnungsnummer="5553" KundEigtNr="8527" ObjektID="15058" ZuordnungsartID="5"/>
  <Zuordnungstabelle Zuordnungsnummer="5554" KundEigtNr="8530" ObjektID="15059" ZuordnungsartID="5"/>
  <Zuordnungstabelle Zuordnungsnummer="5556" KundEigtNr="8556" ObjektID="15070" ZuordnungsartID="5"/>
  <Zuordnungstabelle Zuordnungsnummer="5557" KundEigtNr="5311" ObjektID="15072" ZuordnungsartID="5"/>
  <Zuordnungstabelle Zuordnungsnummer="5558" KundEigtNr="5311" ObjektID="15071" ZuordnungsartID="5"/>
  <Zuordnungstabelle Zuordnungsnummer="5559" KundEigtNr="5311" ObjektID="15078" ZuordnungsartID="5"/>
  <Zuordnungstabelle Zuordnungsnummer="5560" KundEigtNr="5311" ObjektID="15073" ZuordnungsartID="5"/>
  <Zuordnungstabelle Zuordnungsnummer="5561" KundEigtNr="5311" ObjektID="15074" ZuordnungsartID="5"/>
  <Zuordnungstabelle Zuordnungsnummer="5562" KundEigtNr="5311" ObjektID="15075" ZuordnungsartID="5"/>
  <Zuordnungstabelle Zuordnungsnummer="5563" KundEigtNr="5311" ObjektID="15076" ZuordnungsartID="5"/>
  <Zuordnungstabelle Zuordnungsnummer="5564" KundEigtNr="5311" ObjektID="15077" ZuordnungsartID="5"/>
  <Zuordnungstabelle Zuordnungsnummer="5565" KundEigtNr="8577" ObjektID="15079" ZuordnungsartID="5"/>
  <Zuordnungstabelle Zuordnungsnummer="5566" KundEigtNr="8603" ObjektID="5280" ZuordnungsartID="5"/>
  <Zuordnungstabelle Zuordnungsnummer="5567" KundEigtNr="8675" ObjektID="1820" ZuordnungsartID="5"/>
  <Zuordnungstabelle Zuordnungsnummer="5568" KundEigtNr="8676" ObjektID="15191" ZuordnungsartID="5"/>
  <Zuordnungstabelle Zuordnungsnummer="5569" KundEigtNr="8636" ObjektID="15192" ZuordnungsartID="5"/>
  <Zuordnungstabelle Zuordnungsnummer="5570" KundEigtNr="8683" ObjektID="15193" ZuordnungsartID="5"/>
  <Zuordnungstabelle Zuordnungsnummer="5571" KundEigtNr="8678" ObjektID="15194" ZuordnungsartID="5"/>
  <Zuordnungstabelle Zuordnungsnummer="5572" KundEigtNr="8679" ObjektID="15195" ZuordnungsartID="5"/>
  <Zuordnungstabelle Zuordnungsnummer="5573" KundEigtNr="8686" ObjektID="1545" ZuordnungsartID="5"/>
  <Zuordnungstabelle Zuordnungsnummer="5574" KundEigtNr="8677" ObjektID="15196" ZuordnungsartID="5"/>
  <Zuordnungstabelle Zuordnungsnummer="5575" KundEigtNr="8528" ObjektID="5962" ZuordnungsartID="5"/>
  <Zuordnungstabelle Zuordnungsnummer="5577" KundEigtNr="8726" ObjektID="15107" ZuordnungsartID="5"/>
  <Zuordnungstabelle Zuordnungsnummer="5578" KundEigtNr="8687" ObjektID="15197" ZuordnungsartID="5"/>
  <Zuordnungstabelle Zuordnungsnummer="5579" KundEigtNr="8709" ObjektID="15198" ZuordnungsartID="5"/>
  <Zuordnungstabelle Zuordnungsnummer="5580" KundEigtNr="8747" ObjektID="4088" ZuordnungsartID="5"/>
  <Zuordnungstabelle Zuordnungsnummer="5581" KundEigtNr="8748" ObjektID="4094" ZuordnungsartID="5"/>
  <Zuordnungstabelle Zuordnungsnummer="5582" KundEigtNr="8749" ObjektID="4092" ZuordnungsartID="5"/>
  <Zuordnungstabelle Zuordnungsnummer="5583" KundEigtNr="8799" ObjektID="9319" ZuordnungsartID="5"/>
  <Zuordnungstabelle Zuordnungsnummer="5585" KundEigtNr="8801" ObjektID="15200" ZuordnungsartID="5"/>
  <Zuordnungstabelle Zuordnungsnummer="5586" KundEigtNr="8802" ObjektID="15201" ZuordnungsartID="5"/>
  <Zuordnungstabelle Zuordnungsnummer="5587" KundEigtNr="8803" ObjektID="15202" ZuordnungsartID="5"/>
  <Zuordnungstabelle Zuordnungsnummer="5589" KundEigtNr="8813" ObjektID="15203" ZuordnungsartID="5"/>
  <Zuordnungstabelle Zuordnungsnummer="5590" KundEigtNr="8190" ObjektID="15225" ZuordnungsartID="5"/>
  <Zuordnungstabelle Zuordnungsnummer="5591" KundEigtNr="8822" ObjektID="5502" ZuordnungsartID="5"/>
  <Zuordnungstabelle Zuordnungsnummer="5592" KundEigtNr="8845" ObjektID="15207" ZuordnungsartID="5"/>
  <Zuordnungstabelle Zuordnungsnummer="5594" KundEigtNr="8857" ObjektID="15223" ZuordnungsartID="5"/>
  <Zuordnungstabelle Zuordnungsnummer="5595" KundEigtNr="8860" ObjektID="13311" ZuordnungsartID="1"/>
  <Zuordnungstabelle Zuordnungsnummer="5596" KundEigtNr="8858" ObjektID="15224" ZuordnungsartID="5"/>
  <Zuordnungstabelle Zuordnungsnummer="5597" KundEigtNr="8771" ObjektID="15342" ZuordnungsartID="5"/>
  <Zuordnungstabelle Zuordnungsnummer="5598" KundEigtNr="8923" ObjektID="15343" ZuordnungsartID="5"/>
  <Zuordnungstabelle Zuordnungsnummer="5599" KundEigtNr="8929" ObjektID="15206" ZuordnungsartID="5"/>
  <Zuordnungstabelle Zuordnungsnummer="5600" KundEigtNr="8931" ObjektID="15344" ZuordnungsartID="5"/>
  <Zuordnungstabelle Zuordnungsnummer="5601" KundEigtNr="8468" ObjektID="4123" ZuordnungsartID="5"/>
  <Zuordnungstabelle Zuordnungsnummer="5603" KundEigtNr="477" ObjektID="15345" ZuordnungsartID="5"/>
  <Zuordnungstabelle Zuordnungsnummer="5604" KundEigtNr="2110" ObjektID="15346" ZuordnungsartID="5"/>
  <Zuordnungstabelle Zuordnungsnummer="5605" KundEigtNr="4837" ObjektID="15133" ZuordnungsartID="5"/>
  <Zuordnungstabelle Zuordnungsnummer="5606" KundEigtNr="8954" ObjektID="15131" ZuordnungsartID="5"/>
  <Zuordnungstabelle Zuordnungsnummer="5607" KundEigtNr="164" ObjektID="15130" ZuordnungsartID="5"/>
  <Zuordnungstabelle Zuordnungsnummer="5608" KundEigtNr="164" ObjektID="15127" ZuordnungsartID="5"/>
  <Zuordnungstabelle Zuordnungsnummer="5609" KundEigtNr="164" ObjektID="15137" ZuordnungsartID="5"/>
  <Zuordnungstabelle Zuordnungsnummer="5610" KundEigtNr="5793" ObjektID="15132" ZuordnungsartID="5"/>
  <Zuordnungstabelle Zuordnungsnummer="5611" KundEigtNr="5793" ObjektID="15142" ZuordnungsartID="5"/>
  <Zuordnungstabelle Zuordnungsnummer="5612" KundEigtNr="5793" ObjektID="15141" ZuordnungsartID="5"/>
  <Zuordnungstabelle Zuordnungsnummer="5613" KundEigtNr="5793" ObjektID="15139" ZuordnungsartID="5"/>
  <Zuordnungstabelle Zuordnungsnummer="5614" KundEigtNr="3697" ObjektID="15053" ZuordnungsartID="5"/>
  <Zuordnungstabelle Zuordnungsnummer="5615" KundEigtNr="3339" ObjektID="15138" ZuordnungsartID="5"/>
  <Zuordnungstabelle Zuordnungsnummer="5616" KundEigtNr="8955" ObjektID="15135" ZuordnungsartID="5"/>
  <Zuordnungstabelle Zuordnungsnummer="5617" KundEigtNr="164" ObjektID="15134" ZuordnungsartID="5"/>
  <Zuordnungstabelle Zuordnungsnummer="5618" KundEigtNr="8956" ObjektID="2544" ZuordnungsartID="5"/>
  <Zuordnungstabelle Zuordnungsnummer="5619" KundEigtNr="8957" ObjektID="2545" ZuordnungsartID="5"/>
  <Zuordnungstabelle Zuordnungsnummer="5620" KundEigtNr="8958" ObjektID="2548" ZuordnungsartID="5"/>
  <Zuordnungstabelle Zuordnungsnummer="5621" KundEigtNr="8959" ObjektID="15350" ZuordnungsartID="5"/>
  <Zuordnungstabelle Zuordnungsnummer="5622" KundEigtNr="3111" ObjektID="175" ZuordnungsartID="5"/>
  <Zuordnungstabelle Zuordnungsnummer="5623" KundEigtNr="8960" ObjektID="2552" ZuordnungsartID="5"/>
  <Zuordnungstabelle Zuordnungsnummer="5624" KundEigtNr="687" ObjektID="2530" ZuordnungsartID="5"/>
  <Zuordnungstabelle Zuordnungsnummer="5625" KundEigtNr="8961" ObjektID="2531" ZuordnungsartID="5"/>
  <Zuordnungstabelle Zuordnungsnummer="5626" KundEigtNr="8961" ObjektID="2532" ZuordnungsartID="5"/>
  <Zuordnungstabelle Zuordnungsnummer="5627" KundEigtNr="243" ObjektID="2534" ZuordnungsartID="5"/>
  <Zuordnungstabelle Zuordnungsnummer="5628" KundEigtNr="8967" ObjektID="15351" ZuordnungsartID="5"/>
  <Zuordnungstabelle Zuordnungsnummer="5629" KundEigtNr="6526" ObjektID="2539" ZuordnungsartID="5"/>
  <Zuordnungstabelle Zuordnungsnummer="5630" KundEigtNr="8972" ObjektID="2538" ZuordnungsartID="5"/>
  <Zuordnungstabelle Zuordnungsnummer="5631" KundEigtNr="8973" ObjektID="2537" ZuordnungsartID="5"/>
  <Zuordnungstabelle Zuordnungsnummer="5632" KundEigtNr="8979" ObjektID="15352" ZuordnungsartID="5"/>
  <Zuordnungstabelle Zuordnungsnummer="5633" KundEigtNr="3953" ObjektID="8517" ZuordnungsartID="5"/>
  <Zuordnungstabelle Zuordnungsnummer="5634" KundEigtNr="7421" ObjektID="15353" ZuordnungsartID="5"/>
  <Zuordnungstabelle Zuordnungsnummer="5635" KundEigtNr="5994" ObjektID="14056" ZuordnungsartID="5"/>
  <Zuordnungstabelle Zuordnungsnummer="5636" KundEigtNr="7948" ObjektID="15377" ZuordnungsartID="8"/>
  <Zuordnungstabelle Zuordnungsnummer="5637" KundEigtNr="9002" ObjektID="15378" ZuordnungsartID="5"/>
  <Zuordnungstabelle Zuordnungsnummer="5638" KundEigtNr="2078" ObjektID="15379" ZuordnungsartID="5"/>
  <Zuordnungstabelle Zuordnungsnummer="5639" KundEigtNr="9032" ObjektID="5034" ZuordnungsartID="5"/>
  <Zuordnungstabelle Zuordnungsnummer="5640" KundEigtNr="9034" ObjektID="13285" ZuordnungsartID="5"/>
  <Zuordnungstabelle Zuordnungsnummer="5641" KundEigtNr="9035" ObjektID="15380" ZuordnungsartID="5"/>
  <Zuordnungstabelle Zuordnungsnummer="5642" KundEigtNr="9045" ObjektID="15080" ZuordnungsartID="5"/>
  <Zuordnungstabelle Zuordnungsnummer="5643" KundEigtNr="9049" ObjektID="4089" ZuordnungsartID="5"/>
  <Zuordnungstabelle Zuordnungsnummer="5644" KundEigtNr="1462" ObjektID="5513" ZuordnungsartID="5"/>
  <Zuordnungstabelle Zuordnungsnummer="5645" KundEigtNr="844" ObjektID="5489" ZuordnungsartID="5"/>
  <Zuordnungstabelle Zuordnungsnummer="5647" KundEigtNr="9063" ObjektID="15381" ZuordnungsartID="5"/>
  <Zuordnungstabelle Zuordnungsnummer="5648" KundEigtNr="9064" ObjektID="15382" ZuordnungsartID="5"/>
  <Zuordnungstabelle Zuordnungsnummer="5649" KundEigtNr="9066" ObjektID="15383" ZuordnungsartID="5"/>
  <Zuordnungstabelle Zuordnungsnummer="5650" KundEigtNr="9067" ObjektID="15384" ZuordnungsartID="5"/>
  <Zuordnungstabelle Zuordnungsnummer="5651" KundEigtNr="9069" ObjektID="15385" ZuordnungsartID="4"/>
  <Zuordnungstabelle Zuordnungsnummer="5652" KundEigtNr="9096" ObjektID="15386" ZuordnungsartID="5"/>
  <Zuordnungstabelle Zuordnungsnummer="5653" KundEigtNr="9104" ObjektID="15387" ZuordnungsartID="5"/>
  <Zuordnungstabelle Zuordnungsnummer="5654" KundEigtNr="9105" ObjektID="2448" ZuordnungsartID="5"/>
  <Zuordnungstabelle Zuordnungsnummer="5655" KundEigtNr="5793" ObjektID="15169" ZuordnungsartID="5"/>
  <Zuordnungstabelle Zuordnungsnummer="5656" KundEigtNr="9106" ObjektID="15170" ZuordnungsartID="5"/>
  <Zuordnungstabelle Zuordnungsnummer="5657" KundEigtNr="9107" ObjektID="15174" ZuordnungsartID="5"/>
  <Zuordnungstabelle Zuordnungsnummer="5658" KundEigtNr="9108" ObjektID="15171" ZuordnungsartID="5"/>
  <Zuordnungstabelle Zuordnungsnummer="5659" KundEigtNr="9109" ObjektID="15175" ZuordnungsartID="5"/>
  <Zuordnungstabelle Zuordnungsnummer="5660" KundEigtNr="9110" ObjektID="15177" ZuordnungsartID="5"/>
  <Zuordnungstabelle Zuordnungsnummer="5661" KundEigtNr="164" ObjektID="15187" ZuordnungsartID="5"/>
  <Zuordnungstabelle Zuordnungsnummer="5662" KundEigtNr="356" ObjektID="15178" ZuordnungsartID="5"/>
  <Zuordnungstabelle Zuordnungsnummer="5663" KundEigtNr="9111" ObjektID="15186" ZuordnungsartID="5"/>
  <Zuordnungstabelle Zuordnungsnummer="5664" KundEigtNr="9111" ObjektID="15185" ZuordnungsartID="5"/>
  <Zuordnungstabelle Zuordnungsnummer="5665" KundEigtNr="9112" ObjektID="15183" ZuordnungsartID="5"/>
  <Zuordnungstabelle Zuordnungsnummer="5666" KundEigtNr="9113" ObjektID="15182" ZuordnungsartID="5"/>
  <Zuordnungstabelle Zuordnungsnummer="5667" KundEigtNr="9113" ObjektID="15181" ZuordnungsartID="5"/>
  <Zuordnungstabelle Zuordnungsnummer="5668" KundEigtNr="9113" ObjektID="15180" ZuordnungsartID="5"/>
  <Zuordnungstabelle Zuordnungsnummer="5669" KundEigtNr="3339" ObjektID="15388" ZuordnungsartID="5"/>
  <Zuordnungstabelle Zuordnungsnummer="5670" KundEigtNr="9115" ObjektID="15389" ZuordnungsartID="5"/>
  <Zuordnungstabelle Zuordnungsnummer="5671" KundEigtNr="9116" ObjektID="15390" ZuordnungsartID="5"/>
  <Zuordnungstabelle Zuordnungsnummer="5672" KundEigtNr="9123" ObjektID="1618" ZuordnungsartID="5"/>
  <Zuordnungstabelle Zuordnungsnummer="5673" KundEigtNr="164" ObjektID="15152" ZuordnungsartID="5"/>
  <Zuordnungstabelle Zuordnungsnummer="5674" KundEigtNr="164" ObjektID="15151" ZuordnungsartID="5"/>
  <Zuordnungstabelle Zuordnungsnummer="5675" KundEigtNr="9126" ObjektID="15150" ZuordnungsartID="5"/>
  <Zuordnungstabelle Zuordnungsnummer="5676" KundEigtNr="9127" ObjektID="15149" ZuordnungsartID="5"/>
  <Zuordnungstabelle Zuordnungsnummer="5677" KundEigtNr="5793" ObjektID="15147" ZuordnungsartID="5"/>
  <Zuordnungstabelle Zuordnungsnummer="5678" KundEigtNr="5793" ObjektID="15146" ZuordnungsartID="5"/>
  <Zuordnungstabelle Zuordnungsnummer="5679" KundEigtNr="5793" ObjektID="15145" ZuordnungsartID="5"/>
  <Zuordnungstabelle Zuordnungsnummer="5680" KundEigtNr="5793" ObjektID="15144" ZuordnungsartID="5"/>
  <Zuordnungstabelle Zuordnungsnummer="5681" KundEigtNr="704" ObjektID="15172" ZuordnungsartID="5"/>
  <Zuordnungstabelle Zuordnungsnummer="5682" KundEigtNr="9128" ObjektID="15165" ZuordnungsartID="5"/>
  <Zuordnungstabelle Zuordnungsnummer="5683" KundEigtNr="9129" ObjektID="15161" ZuordnungsartID="5"/>
  <Zuordnungstabelle Zuordnungsnummer="5684" KundEigtNr="9131" ObjektID="15160" ZuordnungsartID="5"/>
  <Zuordnungstabelle Zuordnungsnummer="5685" KundEigtNr="5199" ObjektID="15159" ZuordnungsartID="5"/>
  <Zuordnungstabelle Zuordnungsnummer="5686" KundEigtNr="9132" ObjektID="15158" ZuordnungsartID="5"/>
  <Zuordnungstabelle Zuordnungsnummer="5687" KundEigtNr="9132" ObjektID="15157" ZuordnungsartID="5"/>
  <Zuordnungstabelle Zuordnungsnummer="5688" KundEigtNr="961" ObjektID="15156" ZuordnungsartID="5"/>
  <Zuordnungstabelle Zuordnungsnummer="5689" KundEigtNr="9133" ObjektID="15155" ZuordnungsartID="5"/>
  <Zuordnungstabelle Zuordnungsnummer="5690" KundEigtNr="9134" ObjektID="15370" ZuordnungsartID="5"/>
  <Zuordnungstabelle Zuordnungsnummer="5691" KundEigtNr="9135" ObjektID="15371" ZuordnungsartID="5"/>
  <Zuordnungstabelle Zuordnungsnummer="5692" KundEigtNr="9136" ObjektID="15367" ZuordnungsartID="5"/>
  <Zuordnungstabelle Zuordnungsnummer="5693" KundEigtNr="1421" ObjektID="15366" ZuordnungsartID="5"/>
  <Zuordnungstabelle Zuordnungsnummer="5694" KundEigtNr="9137" ObjektID="15373" ZuordnungsartID="5"/>
  <Zuordnungstabelle Zuordnungsnummer="5695" KundEigtNr="1421" ObjektID="15365" ZuordnungsartID="5"/>
  <Zuordnungstabelle Zuordnungsnummer="5696" KundEigtNr="9138" ObjektID="15374" ZuordnungsartID="5"/>
  <Zuordnungstabelle Zuordnungsnummer="5697" KundEigtNr="5511" ObjektID="15364" ZuordnungsartID="5"/>
  <Zuordnungstabelle Zuordnungsnummer="5698" KundEigtNr="9139" ObjektID="15375" ZuordnungsartID="5"/>
  <Zuordnungstabelle Zuordnungsnummer="5699" KundEigtNr="9140" ObjektID="15363" ZuordnungsartID="5"/>
  <Zuordnungstabelle Zuordnungsnummer="5700" KundEigtNr="9141" ObjektID="15355" ZuordnungsartID="5"/>
  <Zuordnungstabelle Zuordnungsnummer="5701" KundEigtNr="9142" ObjektID="15356" ZuordnungsartID="5"/>
  <Zuordnungstabelle Zuordnungsnummer="5702" KundEigtNr="5511" ObjektID="15359" ZuordnungsartID="5"/>
  <Zuordnungstabelle Zuordnungsnummer="5703" KundEigtNr="9143" ObjektID="15358" ZuordnungsartID="5"/>
  <Zuordnungstabelle Zuordnungsnummer="5704" KundEigtNr="9144" ObjektID="9379" ZuordnungsartID="5"/>
  <Zuordnungstabelle Zuordnungsnummer="5705" KundEigtNr="9145" ObjektID="15391" ZuordnungsartID="5"/>
  <Zuordnungstabelle Zuordnungsnummer="5706" KundEigtNr="9146" ObjektID="15392" ZuordnungsartID="5"/>
  <Zuordnungstabelle Zuordnungsnummer="5707" KundEigtNr="8765" ObjektID="15393" ZuordnungsartID="5"/>
  <Zuordnungstabelle Zuordnungsnummer="5708" KundEigtNr="8919" ObjektID="15394" ZuordnungsartID="5"/>
  <Zuordnungstabelle Zuordnungsnummer="5709" KundEigtNr="9170" ObjektID="15395" ZuordnungsartID="5"/>
  <Zuordnungstabelle Zuordnungsnummer="5710" KundEigtNr="9171" ObjektID="15396" ZuordnungsartID="5"/>
  <Zuordnungstabelle Zuordnungsnummer="5711" KundEigtNr="8558" ObjektID="15398" ZuordnungsartID="5"/>
  <Zuordnungstabelle Zuordnungsnummer="5712" KundEigtNr="9172" ObjektID="15397" ZuordnungsartID="5"/>
  <Zuordnungstabelle Zuordnungsnummer="5713" KundEigtNr="9173" ObjektID="4442" ZuordnungsartID="5"/>
  <Zuordnungstabelle Zuordnungsnummer="5714" KundEigtNr="9174" ObjektID="4443" ZuordnungsartID="5"/>
  <Zuordnungstabelle Zuordnungsnummer="5715" KundEigtNr="9175" ObjektID="4444" ZuordnungsartID="5"/>
  <Zuordnungstabelle Zuordnungsnummer="5716" KundEigtNr="9176" ObjektID="15399" ZuordnungsartID="5"/>
  <Zuordnungstabelle Zuordnungsnummer="5717" KundEigtNr="9177" ObjektID="14791" ZuordnungsartID="5"/>
  <Zuordnungstabelle Zuordnungsnummer="5718" KundEigtNr="9179" ObjektID="15400" ZuordnungsartID="5"/>
  <Zuordnungstabelle Zuordnungsnummer="5719" KundEigtNr="9180" ObjektID="15401" ZuordnungsartID="5"/>
  <Zuordnungstabelle Zuordnungsnummer="5720" KundEigtNr="8575" ObjektID="3705" ZuordnungsartID="5"/>
  <Zuordnungstabelle Zuordnungsnummer="5721" KundEigtNr="9192" ObjektID="15402" ZuordnungsartID="5"/>
  <Zuordnungstabelle Zuordnungsnummer="5722" KundEigtNr="9195" ObjektID="15403" ZuordnungsartID="5"/>
  <Zuordnungstabelle Zuordnungsnummer="5723" KundEigtNr="9177" ObjektID="15404" ZuordnungsartID="5"/>
  <Zuordnungstabelle Zuordnungsnummer="5724" KundEigtNr="6877" ObjektID="4183" ZuordnungsartID="5"/>
  <Zuordnungstabelle Zuordnungsnummer="5725" KundEigtNr="2697" ObjektID="15410" ZuordnungsartID="5"/>
  <Zuordnungstabelle Zuordnungsnummer="5726" KundEigtNr="9204" ObjektID="15465" ZuordnungsartID="5"/>
  <Zuordnungstabelle Zuordnungsnummer="5727" KundEigtNr="164" ObjektID="15491" ZuordnungsartID="5"/>
  <Zuordnungstabelle Zuordnungsnummer="5728" KundEigtNr="3339" ObjektID="15466" ZuordnungsartID="5"/>
  <Zuordnungstabelle Zuordnungsnummer="5729" KundEigtNr="9132" ObjektID="15190" ZuordnungsartID="5"/>
  <Zuordnungstabelle Zuordnungsnummer="5730" KundEigtNr="9205" ObjektID="15492" ZuordnungsartID="5"/>
  <Zuordnungstabelle Zuordnungsnummer="5731" KundEigtNr="9214" ObjektID="15493" ZuordnungsartID="5"/>
  <Zuordnungstabelle Zuordnungsnummer="5732" KundEigtNr="9217" ObjektID="15494" ZuordnungsartID="5"/>
  <Zuordnungstabelle Zuordnungsnummer="5733" KundEigtNr="9221" ObjektID="15495" ZuordnungsartID="5"/>
  <Zuordnungstabelle Zuordnungsnummer="5734" KundEigtNr="9225" ObjektID="15496" ZuordnungsartID="5"/>
  <Zuordnungstabelle Zuordnungsnummer="5735" KundEigtNr="9230" ObjektID="13064" ZuordnungsartID="5"/>
  <Zuordnungstabelle Zuordnungsnummer="5736" KundEigtNr="9244" ObjektID="15497" ZuordnungsartID="5"/>
  <Zuordnungstabelle Zuordnungsnummer="5737" KundEigtNr="9245" ObjektID="15498" ZuordnungsartID="5"/>
  <Zuordnungstabelle Zuordnungsnummer="5738" KundEigtNr="9265" ObjektID="14342" ZuordnungsartID="5"/>
  <Zuordnungstabelle Zuordnungsnummer="5739" KundEigtNr="9272" ObjektID="15019" ZuordnungsartID="5"/>
  <Zuordnungstabelle Zuordnungsnummer="5740" KundEigtNr="4247" ObjektID="869" ZuordnungsartID="5"/>
  <Zuordnungstabelle Zuordnungsnummer="5741" KundEigtNr="9298" ObjektID="15500" ZuordnungsartID="5"/>
  <Zuordnungstabelle Zuordnungsnummer="5742" KundEigtNr="9301" ObjektID="15501" ZuordnungsartID="5"/>
  <Zuordnungstabelle Zuordnungsnummer="5743" KundEigtNr="1128" ObjektID="13673" ZuordnungsartID="5"/>
  <Zuordnungstabelle Zuordnungsnummer="5744" KundEigtNr="1128" ObjektID="4081" ZuordnungsartID="5"/>
  <Zuordnungstabelle Zuordnungsnummer="5745" KundEigtNr="9306" ObjektID="15502" ZuordnungsartID="5"/>
  <Zuordnungstabelle Zuordnungsnummer="5746" KundEigtNr="3971" ObjektID="4541" ZuordnungsartID="5"/>
  <Zuordnungstabelle Zuordnungsnummer="5747" KundEigtNr="3263" ObjektID="15503" ZuordnungsartID="5"/>
  <Zuordnungstabelle Zuordnungsnummer="5748" KundEigtNr="9331" ObjektID="15504" ZuordnungsartID="5"/>
  <Zuordnungstabelle Zuordnungsnummer="5749" KundEigtNr="9336" ObjektID="15505" ZuordnungsartID="5"/>
  <Zuordnungstabelle Zuordnungsnummer="5750" KundEigtNr="9338" ObjektID="15505" ZuordnungsartID="6"/>
  <Zuordnungstabelle Zuordnungsnummer="5751" KundEigtNr="9339" ObjektID="15506" ZuordnungsartID="5"/>
  <Zuordnungstabelle Zuordnungsnummer="5752" KundEigtNr="9332" ObjektID="15508" ZuordnungsartID="5"/>
  <Zuordnungstabelle Zuordnungsnummer="5753" KundEigtNr="9371" ObjektID="15509" ZuordnungsartID="5"/>
  <Zuordnungstabelle Zuordnungsnummer="5754" KundEigtNr="9391" ObjektID="15510" ZuordnungsartID="5"/>
  <Zuordnungstabelle Zuordnungsnummer="5755" KundEigtNr="6034" ObjektID="15511" ZuordnungsartID="5"/>
  <Zuordnungstabelle Zuordnungsnummer="5756" KundEigtNr="1458" ObjektID="4080" ZuordnungsartID="5"/>
  <Zuordnungstabelle Zuordnungsnummer="5757" KundEigtNr="9405" ObjektID="15512" ZuordnungsartID="5"/>
  <Zuordnungstabelle Zuordnungsnummer="5758" KundEigtNr="48" ObjektID="14768" ZuordnungsartID="5"/>
  <Zuordnungstabelle Zuordnungsnummer="5759" KundEigtNr="9409" ObjektID="15513" ZuordnungsartID="5"/>
  <Zuordnungstabelle Zuordnungsnummer="5760" KundEigtNr="9410" ObjektID="15514" ZuordnungsartID="5"/>
  <Zuordnungstabelle Zuordnungsnummer="5761" KundEigtNr="9413" ObjektID="15515" ZuordnungsartID="5"/>
  <Zuordnungstabelle Zuordnungsnummer="5762" KundEigtNr="9422" ObjektID="15516" ZuordnungsartID="5"/>
  <Zuordnungstabelle Zuordnungsnummer="5763" KundEigtNr="9460" ObjektID="15528" ZuordnungsartID="5"/>
  <Zuordnungstabelle Zuordnungsnummer="5764" KundEigtNr="9461" ObjektID="15522" ZuordnungsartID="5"/>
  <Zuordnungstabelle Zuordnungsnummer="5765" KundEigtNr="9462" ObjektID="15519" ZuordnungsartID="5"/>
  <Zuordnungstabelle Zuordnungsnummer="5766" KundEigtNr="9463" ObjektID="15520" ZuordnungsartID="5"/>
  <Zuordnungstabelle Zuordnungsnummer="5767" KundEigtNr="9473" ObjektID="14325" ZuordnungsartID="5"/>
  <Zuordnungstabelle Zuordnungsnummer="5768" KundEigtNr="3547" ObjektID="8518" ZuordnungsartID="5"/>
  <Zuordnungstabelle Zuordnungsnummer="5769" KundEigtNr="9497" ObjektID="15535" ZuordnungsartID="5"/>
  <Zuordnungstabelle Zuordnungsnummer="5770" KundEigtNr="216" ObjektID="15536" ZuordnungsartID="5"/>
  <Zuordnungstabelle Zuordnungsnummer="5771" KundEigtNr="9508" ObjektID="15537" ZuordnungsartID="5"/>
  <Zuordnungstabelle Zuordnungsnummer="5772" KundEigtNr="9510" ObjektID="15538" ZuordnungsartID="5"/>
  <Zuordnungstabelle Zuordnungsnummer="5773" KundEigtNr="9511" ObjektID="15538" ZuordnungsartID="4"/>
  <Zuordnungstabelle Zuordnungsnummer="5774" KundEigtNr="9513" ObjektID="14699" ZuordnungsartID="5"/>
  <Zuordnungstabelle Zuordnungsnummer="5775" KundEigtNr="9536" ObjektID="15539" ZuordnungsartID="5"/>
  <Zuordnungstabelle Zuordnungsnummer="5776" KundEigtNr="9540" ObjektID="15542" ZuordnungsartID="5"/>
  <Zuordnungstabelle Zuordnungsnummer="5777" KundEigtNr="9544" ObjektID="15543" ZuordnungsartID="5"/>
  <Zuordnungstabelle Zuordnungsnummer="5778" KundEigtNr="2418" ObjektID="15544" ZuordnungsartID="5"/>
  <Zuordnungstabelle Zuordnungsnummer="5779" KundEigtNr="9562" ObjektID="15547" ZuordnungsartID="5"/>
  <Zuordnungstabelle Zuordnungsnummer="5780" KundEigtNr="9576" ObjektID="15554" ZuordnungsartID="5"/>
  <Zuordnungstabelle Zuordnungsnummer="5781" KundEigtNr="9577" ObjektID="15555" ZuordnungsartID="5"/>
  <Zuordnungstabelle Zuordnungsnummer="5782" KundEigtNr="9578" ObjektID="15556" ZuordnungsartID="5"/>
  <Zuordnungstabelle Zuordnungsnummer="5783" KundEigtNr="9579" ObjektID="15557" ZuordnungsartID="5"/>
  <Zuordnungstabelle Zuordnungsnummer="5784" KundEigtNr="9581" ObjektID="15558" ZuordnungsartID="5"/>
  <Zuordnungstabelle Zuordnungsnummer="5785" KundEigtNr="9582" ObjektID="15559" ZuordnungsartID="5"/>
  <Zuordnungstabelle Zuordnungsnummer="5786" KundEigtNr="9587" ObjektID="15562" ZuordnungsartID="5"/>
  <Zuordnungstabelle Zuordnungsnummer="5787" KundEigtNr="9589" ObjektID="15563" ZuordnungsartID="5"/>
  <Zuordnungstabelle Zuordnungsnummer="5788" KundEigtNr="9590" ObjektID="15564" ZuordnungsartID="5"/>
  <Zuordnungstabelle Zuordnungsnummer="5789" KundEigtNr="9591" ObjektID="15565" ZuordnungsartID="5"/>
  <Zuordnungstabelle Zuordnungsnummer="5790" KundEigtNr="8070" ObjektID="15566" ZuordnungsartID="5"/>
  <Zuordnungstabelle Zuordnungsnummer="5791" KundEigtNr="8070" ObjektID="15567" ZuordnungsartID="5"/>
  <Zuordnungstabelle Zuordnungsnummer="5792" KundEigtNr="9599" ObjektID="15568" ZuordnungsartID="5"/>
  <Zuordnungstabelle Zuordnungsnummer="5793" KundEigtNr="9603" ObjektID="14801" ZuordnungsartID="5"/>
  <Zuordnungstabelle Zuordnungsnummer="5794" KundEigtNr="9605" ObjektID="1431" ZuordnungsartID="5"/>
  <Zuordnungstabelle Zuordnungsnummer="5795" KundEigtNr="9609" ObjektID="15571" ZuordnungsartID="5"/>
  <Zuordnungstabelle Zuordnungsnummer="5796" KundEigtNr="9608" ObjektID="15572" ZuordnungsartID="5"/>
  <Zuordnungstabelle Zuordnungsnummer="5797" KundEigtNr="9543" ObjektID="15573" ZuordnungsartID="5"/>
  <Zuordnungstabelle Zuordnungsnummer="5798" KundEigtNr="9611" ObjektID="15560" ZuordnungsartID="5"/>
  <Zuordnungstabelle Zuordnungsnummer="5799" KundEigtNr="8705" ObjektID="15574" ZuordnungsartID="5"/>
  <Zuordnungstabelle Zuordnungsnummer="5800" KundEigtNr="9626" ObjektID="3943" ZuordnungsartID="5"/>
  <Zuordnungstabelle Zuordnungsnummer="5801" KundEigtNr="9627" ObjektID="15575" ZuordnungsartID="5"/>
  <Zuordnungstabelle Zuordnungsnummer="5802" KundEigtNr="9630" ObjektID="15576" ZuordnungsartID="5"/>
  <Zuordnungstabelle Zuordnungsnummer="5803" KundEigtNr="9601" ObjektID="15577" ZuordnungsartID="5"/>
  <Zuordnungstabelle Zuordnungsnummer="5804" KundEigtNr="9632" ObjektID="15580" ZuordnungsartID="5"/>
  <Zuordnungstabelle Zuordnungsnummer="5805" KundEigtNr="9633" ObjektID="15581" ZuordnungsartID="5"/>
  <Zuordnungstabelle Zuordnungsnummer="5806" KundEigtNr="9637" ObjektID="15582" ZuordnungsartID="5"/>
  <Zuordnungstabelle Zuordnungsnummer="5807" KundEigtNr="5190" ObjektID="15583" ZuordnungsartID="5"/>
  <Zuordnungstabelle Zuordnungsnummer="5808" KundEigtNr="9638" ObjektID="15584" ZuordnungsartID="5"/>
  <Zuordnungstabelle Zuordnungsnummer="5809" KundEigtNr="9647" ObjektID="4837" ZuordnungsartID="5"/>
  <Zuordnungstabelle Zuordnungsnummer="5810" KundEigtNr="9645" ObjektID="1390" ZuordnungsartID="5"/>
  <Zuordnungstabelle Zuordnungsnummer="5812" KundEigtNr="8448" ObjektID="15586" ZuordnungsartID="5"/>
  <Zuordnungstabelle Zuordnungsnummer="5813" KundEigtNr="3111" ObjektID="15588" ZuordnungsartID="5"/>
  <Zuordnungstabelle Zuordnungsnummer="5814" KundEigtNr="9587" ObjektID="15585" ZuordnungsartID="5"/>
  <Zuordnungstabelle Zuordnungsnummer="5815" KundEigtNr="9666" ObjektID="15589" ZuordnungsartID="5"/>
  <Zuordnungstabelle Zuordnungsnummer="5816" KundEigtNr="3026" ObjektID="15590" ZuordnungsartID="5"/>
  <Zuordnungstabelle Zuordnungsnummer="5817" KundEigtNr="6758" ObjektID="349" ZuordnungsartID="5"/>
  <Zuordnungstabelle Zuordnungsnummer="5818" KundEigtNr="9667" ObjektID="15591" ZuordnungsartID="5"/>
  <Zuordnungstabelle Zuordnungsnummer="5819" KundEigtNr="9670" ObjektID="1494" ZuordnungsartID="5"/>
  <Zuordnungstabelle Zuordnungsnummer="5820" KundEigtNr="9672" ObjektID="15592" ZuordnungsartID="5"/>
  <Zuordnungstabelle Zuordnungsnummer="5821" KundEigtNr="9673" ObjektID="15592" ZuordnungsartID="4"/>
  <Zuordnungstabelle Zuordnungsnummer="5822" KundEigtNr="9676" ObjektID="1035" ZuordnungsartID="5"/>
  <Zuordnungstabelle Zuordnungsnummer="5823" KundEigtNr="1126" ObjektID="3380" ZuordnungsartID="5"/>
  <Zuordnungstabelle Zuordnungsnummer="5824" KundEigtNr="9677" ObjektID="3380" ZuordnungsartID="4"/>
  <Zuordnungstabelle Zuordnungsnummer="5825" KundEigtNr="9679" ObjektID="15593" ZuordnungsartID="5"/>
  <Zuordnungstabelle Zuordnungsnummer="5826" KundEigtNr="9680" ObjektID="15594" ZuordnungsartID="5"/>
  <Zuordnungstabelle Zuordnungsnummer="5827" KundEigtNr="9681" ObjektID="10144" ZuordnungsartID="5"/>
  <Zuordnungstabelle Zuordnungsnummer="5828" KundEigtNr="9698" ObjektID="15595" ZuordnungsartID="5"/>
  <Zuordnungstabelle Zuordnungsnummer="5829" KundEigtNr="9713" ObjektID="3698" ZuordnungsartID="5"/>
  <Zuordnungstabelle Zuordnungsnummer="5830" KundEigtNr="9727" ObjektID="15597" ZuordnungsartID="5"/>
  <Zuordnungstabelle Zuordnungsnummer="5831" KundEigtNr="9735" ObjektID="13450" ZuordnungsartID="5"/>
  <Zuordnungstabelle Zuordnungsnummer="5832" KundEigtNr="9736" ObjektID="15621" ZuordnungsartID="5"/>
  <Zuordnungstabelle Zuordnungsnummer="5833" KundEigtNr="9738" ObjektID="15622" ZuordnungsartID="5"/>
  <Zuordnungstabelle Zuordnungsnummer="5834" KundEigtNr="9739" ObjektID="15623" ZuordnungsartID="5"/>
  <Zuordnungstabelle Zuordnungsnummer="5835" KundEigtNr="7441" ObjektID="15548" ZuordnungsartID="5"/>
  <Zuordnungstabelle Zuordnungsnummer="5836" KundEigtNr="9746" ObjektID="15624" ZuordnungsartID="5"/>
  <Zuordnungstabelle Zuordnungsnummer="5837" KundEigtNr="9747" ObjektID="15625" ZuordnungsartID="5"/>
  <Zuordnungstabelle Zuordnungsnummer="5838" KundEigtNr="9758" ObjektID="488" ZuordnungsartID="5"/>
  <Zuordnungstabelle Zuordnungsnummer="5839" KundEigtNr="7094" ObjektID="14544" ZuordnungsartID="5"/>
  <Zuordnungstabelle Zuordnungsnummer="5840" KundEigtNr="3291" ObjektID="15626" ZuordnungsartID="5"/>
  <Zuordnungstabelle Zuordnungsnummer="5841" KundEigtNr="9783" ObjektID="15627" ZuordnungsartID="5"/>
  <Zuordnungstabelle Zuordnungsnummer="5842" KundEigtNr="9792" ObjektID="488" ZuordnungsartID="5"/>
  <Zuordnungstabelle Zuordnungsnummer="5843" KundEigtNr="9795" ObjektID="15628" ZuordnungsartID="5"/>
  <Zuordnungstabelle Zuordnungsnummer="5844" KundEigtNr="9796" ObjektID="15629" ZuordnungsartID="5"/>
  <Zuordnungstabelle Zuordnungsnummer="5845" KundEigtNr="9797" ObjektID="15629" ZuordnungsartID="5"/>
  <Zuordnungstabelle Zuordnungsnummer="5846" KundEigtNr="9338" ObjektID="15630" ZuordnungsartID="5"/>
  <Zuordnungstabelle Zuordnungsnummer="5847" KundEigtNr="5736" ObjektID="15631" ZuordnungsartID="5"/>
  <Zuordnungstabelle Zuordnungsnummer="5848" KundEigtNr="5736" ObjektID="15632" ZuordnungsartID="5"/>
  <Zuordnungstabelle Zuordnungsnummer="5849" KundEigtNr="9806" ObjektID="15633" ZuordnungsartID="5"/>
  <Zuordnungstabelle Zuordnungsnummer="5850" KundEigtNr="9807" ObjektID="15634" ZuordnungsartID="5"/>
  <Zuordnungstabelle Zuordnungsnummer="5851" KundEigtNr="9630" ObjektID="15635" ZuordnungsartID="5"/>
  <Zuordnungstabelle Zuordnungsnummer="5852" KundEigtNr="5841" ObjektID="9262" ZuordnungsartID="5"/>
  <Zuordnungstabelle Zuordnungsnummer="5853" KundEigtNr="9822" ObjektID="15636" ZuordnungsartID="5"/>
  <Zuordnungstabelle Zuordnungsnummer="5854" KundEigtNr="9823" ObjektID="15637" ZuordnungsartID="5"/>
  <Zuordnungstabelle Zuordnungsnummer="5855" KundEigtNr="9824" ObjektID="15638" ZuordnungsartID="5"/>
  <Zuordnungstabelle Zuordnungsnummer="5856" KundEigtNr="9825" ObjektID="15639" ZuordnungsartID="5"/>
  <Zuordnungstabelle Zuordnungsnummer="5857" KundEigtNr="9829" ObjektID="15640" ZuordnungsartID="5"/>
  <Zuordnungstabelle Zuordnungsnummer="5858" KundEigtNr="9834" ObjektID="15641" ZuordnungsartID="5"/>
  <Zuordnungstabelle Zuordnungsnummer="5859" KundEigtNr="9836" ObjektID="15642" ZuordnungsartID="5"/>
  <Zuordnungstabelle Zuordnungsnummer="5860" KundEigtNr="9837" ObjektID="15643" ZuordnungsartID="5"/>
  <Zuordnungstabelle Zuordnungsnummer="5861" KundEigtNr="9838" ObjektID="15644" ZuordnungsartID="5"/>
  <Zuordnungstabelle Zuordnungsnummer="5862" KundEigtNr="9850" ObjektID="15645" ZuordnungsartID="5"/>
  <Zuordnungstabelle Zuordnungsnummer="5863" KundEigtNr="9851" ObjektID="15646" ZuordnungsartID="5"/>
  <Zuordnungstabelle Zuordnungsnummer="5864" KundEigtNr="9852" ObjektID="15647" ZuordnungsartID="5"/>
  <Zuordnungstabelle Zuordnungsnummer="5865" KundEigtNr="9853" ObjektID="15648" ZuordnungsartID="5"/>
  <Zuordnungstabelle Zuordnungsnummer="5866" KundEigtNr="8796" ObjektID="5208" ZuordnungsartID="5"/>
  <Zuordnungstabelle Zuordnungsnummer="5867" KundEigtNr="9855" ObjektID="2207" ZuordnungsartID="5"/>
  <Zuordnungstabelle Zuordnungsnummer="5868" KundEigtNr="9856" ObjektID="15649" ZuordnungsartID="5"/>
  <Zuordnungstabelle Zuordnungsnummer="5869" KundEigtNr="8593" ObjektID="15650" ZuordnungsartID="5"/>
  <Zuordnungstabelle Zuordnungsnummer="5870" KundEigtNr="9858" ObjektID="15651" ZuordnungsartID="5"/>
  <Zuordnungstabelle Zuordnungsnummer="5871" KundEigtNr="9861" ObjektID="3038" ZuordnungsartID="5"/>
  <Zuordnungstabelle Zuordnungsnummer="5872" KundEigtNr="9862" ObjektID="15652" ZuordnungsartID="5"/>
  <Zuordnungstabelle Zuordnungsnummer="5873" KundEigtNr="1462" ObjektID="12188" ZuordnungsartID="5"/>
  <Zuordnungstabelle Zuordnungsnummer="5875" KundEigtNr="2580" ObjektID="15653" ZuordnungsartID="5"/>
  <Zuordnungstabelle Zuordnungsnummer="5876" KundEigtNr="9885" ObjektID="4105" ZuordnungsartID="5"/>
  <Zuordnungstabelle Zuordnungsnummer="5877" KundEigtNr="9889" ObjektID="4705" ZuordnungsartID="5"/>
  <Zuordnungstabelle Zuordnungsnummer="5878" KundEigtNr="9739" ObjektID="15654" ZuordnungsartID="5"/>
  <Zuordnungstabelle Zuordnungsnummer="5879" KundEigtNr="9739" ObjektID="15655" ZuordnungsartID="5"/>
  <Zuordnungstabelle Zuordnungsnummer="5880" KundEigtNr="9899" ObjektID="15663" ZuordnungsartID="5"/>
  <Zuordnungstabelle Zuordnungsnummer="5881" KundEigtNr="9900" ObjektID="15662" ZuordnungsartID="5"/>
  <Zuordnungstabelle Zuordnungsnummer="5882" KundEigtNr="9903" ObjektID="13738" ZuordnungsartID="5"/>
  <Zuordnungstabelle Zuordnungsnummer="5883" KundEigtNr="9907" ObjektID="15661" ZuordnungsartID="5"/>
  <Zuordnungstabelle Zuordnungsnummer="5884" KundEigtNr="9907" ObjektID="15659" ZuordnungsartID="5"/>
  <Zuordnungstabelle Zuordnungsnummer="5885" KundEigtNr="9907" ObjektID="15660" ZuordnungsartID="5"/>
  <Zuordnungstabelle Zuordnungsnummer="5886" KundEigtNr="9921" ObjektID="2447" ZuordnungsartID="5"/>
  <Zuordnungstabelle Zuordnungsnummer="5887" KundEigtNr="9924" ObjektID="15666" ZuordnungsartID="5"/>
  <Zuordnungstabelle Zuordnungsnummer="5888" KundEigtNr="9925" ObjektID="15667" ZuordnungsartID="5"/>
  <Zuordnungstabelle Zuordnungsnummer="5889" KundEigtNr="9931" ObjektID="15668" ZuordnungsartID="5"/>
  <Zuordnungstabelle Zuordnungsnummer="5890" KundEigtNr="3971" ObjektID="14496" ZuordnungsartID="5"/>
  <Zuordnungstabelle Zuordnungsnummer="5892" KundEigtNr="9944" ObjektID="15669" ZuordnungsartID="5"/>
  <Zuordnungstabelle Zuordnungsnummer="5893" KundEigtNr="9964" ObjektID="15670" ZuordnungsartID="5"/>
  <Zuordnungstabelle Zuordnungsnummer="5894" KundEigtNr="2700" ObjektID="14521" ZuordnungsartID="5"/>
  <Zuordnungstabelle Zuordnungsnummer="5895" KundEigtNr="4898" ObjektID="3308" ZuordnungsartID="5"/>
  <Zuordnungstabelle Zuordnungsnummer="5896" KundEigtNr="4085" ObjektID="13316" ZuordnungsartID="5"/>
  <Zuordnungstabelle Zuordnungsnummer="5897" KundEigtNr="9977" ObjektID="15673" ZuordnungsartID="5"/>
  <Zuordnungstabelle Zuordnungsnummer="5898" KundEigtNr="6028" ObjektID="15674" ZuordnungsartID="5"/>
  <Zuordnungstabelle Zuordnungsnummer="5899" KundEigtNr="9984" ObjektID="15675" ZuordnungsartID="5"/>
  <Zuordnungstabelle Zuordnungsnummer="5901" KundEigtNr="10004" ObjektID="5504" ZuordnungsartID="5"/>
  <Zuordnungstabelle Zuordnungsnummer="5902" KundEigtNr="10005" ObjektID="5485" ZuordnungsartID="5"/>
  <Zuordnungstabelle Zuordnungsnummer="5903" KundEigtNr="10006" ObjektID="5486" ZuordnungsartID="5"/>
  <Zuordnungstabelle Zuordnungsnummer="5904" KundEigtNr="10007" ObjektID="5505" ZuordnungsartID="5"/>
  <Zuordnungstabelle Zuordnungsnummer="5905" KundEigtNr="10008" ObjektID="5507" ZuordnungsartID="5"/>
  <Zuordnungstabelle Zuordnungsnummer="5906" KundEigtNr="10009" ObjektID="5509" ZuordnungsartID="5"/>
  <Zuordnungstabelle Zuordnungsnummer="5907" KundEigtNr="10010" ObjektID="5512" ZuordnungsartID="5"/>
  <Zuordnungstabelle Zuordnungsnummer="5908" KundEigtNr="10015" ObjektID="15677" ZuordnungsartID="5"/>
  <Zuordnungstabelle Zuordnungsnummer="5909" KundEigtNr="45" ObjektID="4077" ZuordnungsartID="5"/>
  <Zuordnungstabelle Zuordnungsnummer="5910" KundEigtNr="10018" ObjektID="4267" ZuordnungsartID="5"/>
  <Zuordnungstabelle Zuordnungsnummer="5911" KundEigtNr="844" ObjektID="100" ZuordnungsartID="5"/>
  <Zuordnungstabelle Zuordnungsnummer="5913" KundEigtNr="10020" ObjektID="4225" ZuordnungsartID="5"/>
  <Zuordnungstabelle Zuordnungsnummer="5914" KundEigtNr="10022" ObjektID="4086" ZuordnungsartID="5"/>
  <Zuordnungstabelle Zuordnungsnummer="5915" KundEigtNr="10023" ObjektID="4085" ZuordnungsartID="5"/>
  <Zuordnungstabelle Zuordnungsnummer="5917" KundEigtNr="10027" ObjektID="4082" ZuordnungsartID="5"/>
  <Zuordnungstabelle Zuordnungsnummer="5918" KundEigtNr="1128" ObjektID="13261" ZuordnungsartID="5"/>
  <Zuordnungstabelle Zuordnungsnummer="5919" KundEigtNr="10029" ObjektID="15656" ZuordnungsartID="5"/>
  <Zuordnungstabelle Zuordnungsnummer="5920" KundEigtNr="10035" ObjektID="15678" ZuordnungsartID="5"/>
  <Zuordnungstabelle Zuordnungsnummer="5921" KundEigtNr="10044" ObjektID="15679" ZuordnungsartID="5"/>
  <Zuordnungstabelle Zuordnungsnummer="5923" KundEigtNr="9160" ObjektID="15680" ZuordnungsartID="5"/>
  <Zuordnungstabelle Zuordnungsnummer="5924" KundEigtNr="4085" ObjektID="15681" ZuordnungsartID="5"/>
  <Zuordnungstabelle Zuordnungsnummer="5925" KundEigtNr="10085" ObjektID="15684" ZuordnungsartID="5"/>
  <Zuordnungstabelle Zuordnungsnummer="5926" KundEigtNr="10087" ObjektID="15685" ZuordnungsartID="5"/>
  <Zuordnungstabelle Zuordnungsnummer="5927" KundEigtNr="10094" ObjektID="5024" ZuordnungsartID="5"/>
  <Zuordnungstabelle Zuordnungsnummer="5928" KundEigtNr="10095" ObjektID="1274" ZuordnungsartID="5"/>
  <Zuordnungstabelle Zuordnungsnummer="5929" KundEigtNr="10096" ObjektID="15687" ZuordnungsartID="5"/>
  <Zuordnungstabelle Zuordnungsnummer="5930" KundEigtNr="10098" ObjektID="15688" ZuordnungsartID="5"/>
  <Zuordnungstabelle Zuordnungsnummer="5931" KundEigtNr="10104" ObjektID="15686" ZuordnungsartID="5"/>
  <Zuordnungstabelle Zuordnungsnummer="5932" KundEigtNr="10114" ObjektID="1556" ZuordnungsartID="5"/>
  <Zuordnungstabelle Zuordnungsnummer="5933" KundEigtNr="10124" ObjektID="2909" ZuordnungsartID="5"/>
  <Zuordnungstabelle Zuordnungsnummer="5934" KundEigtNr="10125" ObjektID="15692" ZuordnungsartID="5"/>
  <Zuordnungstabelle Zuordnungsnummer="5936" KundEigtNr="2947" ObjektID="15693" ZuordnungsartID="5"/>
  <Zuordnungstabelle Zuordnungsnummer="5937" KundEigtNr="2947" ObjektID="15690" ZuordnungsartID="5"/>
  <Zuordnungstabelle Zuordnungsnummer="5938" KundEigtNr="10148" ObjektID="15694" ZuordnungsartID="5"/>
  <Zuordnungstabelle Zuordnungsnummer="5939" KundEigtNr="10116" ObjektID="15695" ZuordnungsartID="5"/>
  <Zuordnungstabelle Zuordnungsnummer="5940" KundEigtNr="9818" ObjektID="15696" ZuordnungsartID="5"/>
  <Zuordnungstabelle Zuordnungsnummer="5941" KundEigtNr="10172" ObjektID="4366" ZuordnungsartID="5"/>
  <Zuordnungstabelle Zuordnungsnummer="5942" KundEigtNr="1149" ObjektID="14056" ZuordnungsartID="5"/>
  <Zuordnungstabelle Zuordnungsnummer="5943" KundEigtNr="10158" ObjektID="14695" ZuordnungsartID="5"/>
  <Zuordnungstabelle Zuordnungsnummer="5944" KundEigtNr="10180" ObjektID="14335" ZuordnungsartID="5"/>
  <Zuordnungstabelle Zuordnungsnummer="5945" KundEigtNr="10182" ObjektID="15713" ZuordnungsartID="5"/>
  <Zuordnungstabelle Zuordnungsnummer="5946" KundEigtNr="10185" ObjektID="15714" ZuordnungsartID="5"/>
  <Zuordnungstabelle Zuordnungsnummer="5947" KundEigtNr="10184" ObjektID="15715" ZuordnungsartID="5"/>
  <Zuordnungstabelle Zuordnungsnummer="5948" KundEigtNr="9829" ObjektID="15716" ZuordnungsartID="5"/>
  <Zuordnungstabelle Zuordnungsnummer="5949" KundEigtNr="10111" ObjektID="15718" ZuordnungsartID="5"/>
  <Zuordnungstabelle Zuordnungsnummer="5950" KundEigtNr="10254" ObjektID="15719" ZuordnungsartID="5"/>
  <Zuordnungstabelle Zuordnungsnummer="5951" KundEigtNr="5573" ObjektID="15724" ZuordnungsartID="5"/>
  <Zuordnungstabelle Zuordnungsnummer="5952" KundEigtNr="10263" ObjektID="15725" ZuordnungsartID="5"/>
  <Zuordnungstabelle Zuordnungsnummer="5953" KundEigtNr="10269" ObjektID="15726" ZuordnungsartID="5"/>
  <Zuordnungstabelle Zuordnungsnummer="5954" KundEigtNr="10278" ObjektID="4319" ZuordnungsartID="5"/>
  <Zuordnungstabelle Zuordnungsnummer="5955" KundEigtNr="10290" ObjektID="15727" ZuordnungsartID="5"/>
  <Zuordnungstabelle Zuordnungsnummer="5956" KundEigtNr="10302" ObjektID="15728" ZuordnungsartID="5"/>
  <Zuordnungstabelle Zuordnungsnummer="5957" KundEigtNr="10303" ObjektID="15729" ZuordnungsartID="5"/>
  <Zuordnungstabelle Zuordnungsnummer="5958" KundEigtNr="10305" ObjektID="15730" ZuordnungsartID="5"/>
  <Zuordnungstabelle Zuordnungsnummer="5959" KundEigtNr="10313" ObjektID="15731" ZuordnungsartID="5"/>
  <Zuordnungstabelle Zuordnungsnummer="5960" KundEigtNr="10359" ObjektID="4094" ZuordnungsartID="5"/>
  <Zuordnungstabelle Zuordnungsnummer="5961" KundEigtNr="10397" ObjektID="4542" ZuordnungsartID="5"/>
  <Zuordnungstabelle Zuordnungsnummer="5962" KundEigtNr="10404" ObjektID="15732" ZuordnungsartID="5"/>
  <Zuordnungstabelle Zuordnungsnummer="5963" KundEigtNr="10408" ObjektID="15736" ZuordnungsartID="5"/>
  <Zuordnungstabelle Zuordnungsnummer="5964" KundEigtNr="10421" ObjektID="15737" ZuordnungsartID="5"/>
  <Zuordnungstabelle Zuordnungsnummer="5965" KundEigtNr="8593" ObjektID="15738" ZuordnungsartID="5"/>
  <Zuordnungstabelle Zuordnungsnummer="5966" KundEigtNr="10426" ObjektID="15739" ZuordnungsartID="5"/>
  <Zuordnungstabelle Zuordnungsnummer="5967" KundEigtNr="10426" ObjektID="15734" ZuordnungsartID="5"/>
  <Zuordnungstabelle Zuordnungsnummer="5968" KundEigtNr="10430" ObjektID="1742" ZuordnungsartID="5"/>
  <Zuordnungstabelle Zuordnungsnummer="5969" KundEigtNr="10444" ObjektID="15740" ZuordnungsartID="5"/>
  <Zuordnungstabelle Zuordnungsnummer="5970" KundEigtNr="10447" ObjektID="4164" ZuordnungsartID="5"/>
  <Zuordnungstabelle Zuordnungsnummer="5971" KundEigtNr="10448" ObjektID="15741" ZuordnungsartID="5"/>
  <Zuordnungstabelle Zuordnungsnummer="5972" KundEigtNr="8593" ObjektID="15742" ZuordnungsartID="5"/>
  <Zuordnungstabelle Zuordnungsnummer="5973" KundEigtNr="8593" ObjektID="15743" ZuordnungsartID="5"/>
  <Zuordnungstabelle Zuordnungsnummer="5974" KundEigtNr="237" ObjektID="12946" ZuordnungsartID="5"/>
  <Zuordnungstabelle Zuordnungsnummer="5975" KundEigtNr="237" ObjektID="12947" ZuordnungsartID="5"/>
  <Zuordnungstabelle Zuordnungsnummer="5976" KundEigtNr="237" ObjektID="12948" ZuordnungsartID="5"/>
  <Zuordnungstabelle Zuordnungsnummer="5977" KundEigtNr="10489" ObjektID="15744" ZuordnungsartID="5"/>
  <Zuordnungstabelle Zuordnungsnummer="5978" KundEigtNr="10430" ObjektID="15746" ZuordnungsartID="5"/>
  <Zuordnungstabelle Zuordnungsnummer="5979" KundEigtNr="10430" ObjektID="15745" ZuordnungsartID="5"/>
  <Zuordnungstabelle Zuordnungsnummer="5980" KundEigtNr="10506" ObjektID="15747" ZuordnungsartID="5"/>
  <Zuordnungstabelle Zuordnungsnummer="5981" KundEigtNr="10515" ObjektID="15748" ZuordnungsartID="5"/>
  <Zuordnungstabelle Zuordnungsnummer="5982" KundEigtNr="10519" ObjektID="15749" ZuordnungsartID="5"/>
  <Zuordnungstabelle Zuordnungsnummer="5983" KundEigtNr="10520" ObjektID="15753" ZuordnungsartID="5"/>
  <Zuordnungstabelle Zuordnungsnummer="5984" KundEigtNr="10537" ObjektID="15754" ZuordnungsartID="5"/>
  <Zuordnungstabelle Zuordnungsnummer="5985" KundEigtNr="10540" ObjektID="15755" ZuordnungsartID="5"/>
  <Zuordnungstabelle Zuordnungsnummer="5986" KundEigtNr="10573" ObjektID="3214" ZuordnungsartID="5"/>
  <Zuordnungstabelle Zuordnungsnummer="5987" KundEigtNr="10574" ObjektID="3215" ZuordnungsartID="5"/>
  <Zuordnungstabelle Zuordnungsnummer="5988" KundEigtNr="10575" ObjektID="3216" ZuordnungsartID="5"/>
  <Zuordnungstabelle Zuordnungsnummer="5989" KundEigtNr="10576" ObjektID="3217" ZuordnungsartID="5"/>
  <Zuordnungstabelle Zuordnungsnummer="5990" KundEigtNr="10577" ObjektID="3213" ZuordnungsartID="5"/>
  <Zuordnungstabelle Zuordnungsnummer="5991" KundEigtNr="10578" ObjektID="3212" ZuordnungsartID="5"/>
  <Zuordnungstabelle Zuordnungsnummer="5992" KundEigtNr="10579" ObjektID="3211" ZuordnungsartID="5"/>
  <Zuordnungstabelle Zuordnungsnummer="5993" KundEigtNr="10580" ObjektID="3210" ZuordnungsartID="5"/>
  <Zuordnungstabelle Zuordnungsnummer="5994" KundEigtNr="10581" ObjektID="3221" ZuordnungsartID="5"/>
  <Zuordnungstabelle Zuordnungsnummer="5995" KundEigtNr="10582" ObjektID="3222" ZuordnungsartID="5"/>
  <Zuordnungstabelle Zuordnungsnummer="5996" KundEigtNr="10583" ObjektID="3226" ZuordnungsartID="5"/>
  <Zuordnungstabelle Zuordnungsnummer="5997" KundEigtNr="10584" ObjektID="3230" ZuordnungsartID="5"/>
  <Zuordnungstabelle Zuordnungsnummer="5998" KundEigtNr="1094" ObjektID="3201" ZuordnungsartID="5"/>
  <Zuordnungstabelle Zuordnungsnummer="5999" KundEigtNr="10586" ObjektID="4276" ZuordnungsartID="5"/>
  <Zuordnungstabelle Zuordnungsnummer="6000" KundEigtNr="10594" ObjektID="2454" ZuordnungsartID="5"/>
  <Zuordnungstabelle Zuordnungsnummer="6001" KundEigtNr="10599" ObjektID="15880" ZuordnungsartID="5"/>
  <Zuordnungstabelle Zuordnungsnummer="6002" KundEigtNr="10615" ObjektID="9287" ZuordnungsartID="5"/>
  <Zuordnungstabelle Zuordnungsnummer="6003" KundEigtNr="10622" ObjektID="15881" ZuordnungsartID="5"/>
  <Zuordnungstabelle Zuordnungsnummer="6004" KundEigtNr="10635" ObjektID="4287" ZuordnungsartID="5"/>
  <Zuordnungstabelle Zuordnungsnummer="6005" KundEigtNr="3111" ObjektID="1008" ZuordnungsartID="5"/>
  <Zuordnungstabelle Zuordnungsnummer="6006" KundEigtNr="10690" ObjektID="15883" ZuordnungsartID="5"/>
  <Zuordnungstabelle Zuordnungsnummer="6007" KundEigtNr="10690" ObjektID="15884" ZuordnungsartID="5"/>
  <Zuordnungstabelle Zuordnungsnummer="6008" KundEigtNr="10690" ObjektID="15885" ZuordnungsartID="5"/>
  <Zuordnungstabelle Zuordnungsnummer="6010" KundEigtNr="10712" ObjektID="13688" ZuordnungsartID="5"/>
  <Zuordnungstabelle Zuordnungsnummer="6011" KundEigtNr="10657" ObjektID="15886" ZuordnungsartID="5"/>
  <Zuordnungstabelle Zuordnungsnummer="6013" KundEigtNr="10823" ObjektID="15893" ZuordnungsartID="5"/>
  <Zuordnungstabelle Zuordnungsnummer="6014" KundEigtNr="6139" ObjektID="15895" ZuordnungsartID="5"/>
  <Zuordnungstabelle Zuordnungsnummer="6015" KundEigtNr="10850" ObjektID="15896" ZuordnungsartID="5"/>
  <Zuordnungstabelle Zuordnungsnummer="6016" KundEigtNr="10639" ObjektID="3766" ZuordnungsartID="5"/>
  <Zuordnungstabelle Zuordnungsnummer="6017" KundEigtNr="7039" ObjektID="15898" ZuordnungsartID="5"/>
  <Zuordnungstabelle Zuordnungsnummer="6018" KundEigtNr="10861" ObjektID="15899" ZuordnungsartID="5"/>
  <Zuordnungstabelle Zuordnungsnummer="6019" KundEigtNr="10870" ObjektID="15900" ZuordnungsartID="5"/>
  <Zuordnungstabelle Zuordnungsnummer="6020" KundEigtNr="10880" ObjektID="15901" ZuordnungsartID="5"/>
  <Zuordnungstabelle Zuordnungsnummer="6021" KundEigtNr="10890" ObjektID="15902" ZuordnungsartID="5"/>
  <Zuordnungstabelle Zuordnungsnummer="6022" KundEigtNr="10890" ObjektID="15903" ZuordnungsartID="5"/>
  <Zuordnungstabelle Zuordnungsnummer="6023" KundEigtNr="10891" ObjektID="15894" ZuordnungsartID="5"/>
  <Zuordnungstabelle Zuordnungsnummer="6024" KundEigtNr="10909" ObjektID="15904" ZuordnungsartID="5"/>
  <Zuordnungstabelle Zuordnungsnummer="6025" KundEigtNr="10938" ObjektID="15907" ZuordnungsartID="5"/>
  <Zuordnungstabelle Zuordnungsnummer="6026" KundEigtNr="3554" ObjektID="15906" ZuordnungsartID="5"/>
  <Zuordnungstabelle Zuordnungsnummer="6028" KundEigtNr="9900" ObjektID="15908" ZuordnungsartID="5"/>
  <Zuordnungstabelle Zuordnungsnummer="6029" KundEigtNr="10974" ObjektID="15797" ZuordnungsartID="5"/>
  <Zuordnungstabelle Zuordnungsnummer="6030" KundEigtNr="3612" ObjektID="8378" ZuordnungsartID="5"/>
  <Zuordnungstabelle Zuordnungsnummer="6031" KundEigtNr="10392" ObjektID="1453" ZuordnungsartID="5"/>
  <Zuordnungstabelle Zuordnungsnummer="6032" KundEigtNr="7609" ObjektID="1697" ZuordnungsartID="5"/>
  <Zuordnungstabelle Zuordnungsnummer="6033" KundEigtNr="10980" ObjektID="15909" ZuordnungsartID="5"/>
  <Zuordnungstabelle Zuordnungsnummer="6034" KundEigtNr="10981" ObjektID="2460" ZuordnungsartID="5"/>
  <Zuordnungstabelle Zuordnungsnummer="6035" KundEigtNr="10982" ObjektID="15910" ZuordnungsartID="5"/>
  <Zuordnungstabelle Zuordnungsnummer="6037" KundEigtNr="3887" ObjektID="15377" ZuordnungsartID="6"/>
  <Zuordnungstabelle Zuordnungsnummer="6038" KundEigtNr="3887" ObjektID="15912" ZuordnungsartID="6"/>
  <Zuordnungstabelle Zuordnungsnummer="6039" KundEigtNr="10998" ObjektID="15913" ZuordnungsartID="5"/>
  <Zuordnungstabelle Zuordnungsnummer="6040" KundEigtNr="10999" ObjektID="4491" ZuordnungsartID="5"/>
  <Zuordnungstabelle Zuordnungsnummer="6041" KundEigtNr="11000" ObjektID="15914" ZuordnungsartID="5"/>
  <Zuordnungstabelle Zuordnungsnummer="6042" KundEigtNr="11001" ObjektID="2450" ZuordnungsartID="5"/>
  <Zuordnungstabelle Zuordnungsnummer="6043" KundEigtNr="11002" ObjektID="1414" ZuordnungsartID="5"/>
  <Zuordnungstabelle Zuordnungsnummer="6044" KundEigtNr="11047" ObjektID="15917" ZuordnungsartID="5"/>
  <Zuordnungstabelle Zuordnungsnummer="6045" KundEigtNr="11060" ObjektID="15918" ZuordnungsartID="5"/>
  <Zuordnungstabelle Zuordnungsnummer="6046" KundEigtNr="11073" ObjektID="15916" ZuordnungsartID="5"/>
  <Zuordnungstabelle Zuordnungsnummer="6047" KundEigtNr="10908" ObjektID="2150" ZuordnungsartID="5"/>
  <Zuordnungstabelle Zuordnungsnummer="6048" KundEigtNr="11008" ObjektID="15613" ZuordnungsartID="5"/>
  <Zuordnungstabelle Zuordnungsnummer="6049" KundEigtNr="11076" ObjektID="15919" ZuordnungsartID="5"/>
  <Zuordnungstabelle Zuordnungsnummer="6050" KundEigtNr="11098" ObjektID="15920" ZuordnungsartID="5"/>
  <Zuordnungstabelle Zuordnungsnummer="6051" KundEigtNr="11100" ObjektID="15921" ZuordnungsartID="5"/>
  <Zuordnungstabelle Zuordnungsnummer="6052" KundEigtNr="8987" ObjektID="15922" ZuordnungsartID="5"/>
  <Zuordnungstabelle Zuordnungsnummer="6053" KundEigtNr="11016" ObjektID="15923" ZuordnungsartID="5"/>
  <Zuordnungstabelle Zuordnungsnummer="6054" KundEigtNr="6851" ObjektID="4530" ZuordnungsartID="8"/>
  <Zuordnungstabelle Zuordnungsnummer="6055" KundEigtNr="11101" ObjektID="4530" ZuordnungsartID="5"/>
  <Zuordnungstabelle Zuordnungsnummer="6056" KundEigtNr="9423" ObjektID="15924" ZuordnungsartID="5"/>
  <Zuordnungstabelle Zuordnungsnummer="6057" KundEigtNr="11102" ObjektID="427" ZuordnungsartID="5"/>
  <Zuordnungstabelle Zuordnungsnummer="6058" KundEigtNr="11100" ObjektID="14224" ZuordnungsartID="8"/>
  <Zuordnungstabelle Zuordnungsnummer="6059" KundEigtNr="11103" ObjektID="1447" ZuordnungsartID="5"/>
  <Zuordnungstabelle Zuordnungsnummer="6060" KundEigtNr="11075" ObjektID="15925" ZuordnungsartID="5"/>
  <Zuordnungstabelle Zuordnungsnummer="6061" KundEigtNr="11123" ObjektID="1300" ZuordnungsartID="5"/>
  <Zuordnungstabelle Zuordnungsnummer="6062" KundEigtNr="11010" ObjektID="3909" ZuordnungsartID="5"/>
  <Zuordnungstabelle Zuordnungsnummer="6066" KundEigtNr="11021" ObjektID="1560" ZuordnungsartID="5"/>
  <Zuordnungstabelle Zuordnungsnummer="6067" KundEigtNr="9423" ObjektID="15926" ZuordnungsartID="5"/>
  <Zuordnungstabelle Zuordnungsnummer="6068" KundEigtNr="11100" ObjektID="15930" ZuordnungsartID="5"/>
  <Zuordnungstabelle Zuordnungsnummer="6069" KundEigtNr="49" ObjektID="1571" ZuordnungsartID="5"/>
  <Zuordnungstabelle Zuordnungsnummer="6070" KundEigtNr="11147" ObjektID="15915" ZuordnungsartID="5"/>
  <Zuordnungstabelle Zuordnungsnummer="6071" KundEigtNr="11126" ObjektID="15928" ZuordnungsartID="5"/>
  <Zuordnungstabelle Zuordnungsnummer="6072" KundEigtNr="11017" ObjektID="1464" ZuordnungsartID="5"/>
  <Zuordnungstabelle Zuordnungsnummer="6074" KundEigtNr="149" ObjektID="15934" ZuordnungsartID="5"/>
  <Zuordnungstabelle Zuordnungsnummer="6075" KundEigtNr="11164" ObjektID="15931" ZuordnungsartID="5"/>
  <Zuordnungstabelle Zuordnungsnummer="6076" KundEigtNr="10910" ObjektID="15935" ZuordnungsartID="5"/>
  <Zuordnungstabelle Zuordnungsnummer="6077" KundEigtNr="11167" ObjektID="4438" ZuordnungsartID="5"/>
  <Zuordnungstabelle Zuordnungsnummer="6078" KundEigtNr="11173" ObjektID="15" ZuordnungsartID="5"/>
  <Zuordnungstabelle Zuordnungsnummer="6079" KundEigtNr="11085" ObjektID="15937" ZuordnungsartID="5"/>
  <Zuordnungstabelle Zuordnungsnummer="6080" KundEigtNr="11060" ObjektID="15940" ZuordnungsartID="5"/>
  <Zuordnungstabelle Zuordnungsnummer="6081" KundEigtNr="11215" ObjektID="15941" ZuordnungsartID="5"/>
  <Zuordnungstabelle Zuordnungsnummer="6082" KundEigtNr="11218" ObjektID="15932" ZuordnungsartID="5"/>
  <Zuordnungstabelle Zuordnungsnummer="6083" KundEigtNr="11223" ObjektID="15942" ZuordnungsartID="5"/>
  <Zuordnungstabelle Zuordnungsnummer="6084" KundEigtNr="11241" ObjektID="14347" ZuordnungsartID="5"/>
  <Zuordnungstabelle Zuordnungsnummer="6085" KundEigtNr="11242" ObjektID="15944" ZuordnungsartID="5"/>
  <Zuordnungstabelle Zuordnungsnummer="6086" KundEigtNr="8791" ObjektID="3996" ZuordnungsartID="5"/>
  <Zuordnungstabelle Zuordnungsnummer="6087" KundEigtNr="11302" ObjektID="15947" ZuordnungsartID="5"/>
  <Zuordnungstabelle Zuordnungsnummer="6088" KundEigtNr="11241" ObjektID="15949" ZuordnungsartID="5"/>
  <Zuordnungstabelle Zuordnungsnummer="6089" KundEigtNr="11314" ObjektID="15950" ZuordnungsartID="5"/>
  <Zuordnungstabelle Zuordnungsnummer="6090" KundEigtNr="11314" ObjektID="15951" ZuordnungsartID="5"/>
  <Zuordnungstabelle Zuordnungsnummer="6092" KundEigtNr="11184" ObjektID="15952" ZuordnungsartID="5"/>
  <Zuordnungstabelle Zuordnungsnummer="6093" KundEigtNr="10394" ObjektID="15945" ZuordnungsartID="5"/>
  <Zuordnungstabelle Zuordnungsnummer="6094" KundEigtNr="11232" ObjektID="15478" ZuordnungsartID="5"/>
  <Zuordnungstabelle Zuordnungsnummer="6095" KundEigtNr="11232" ObjektID="15479" ZuordnungsartID="5"/>
  <Zuordnungstabelle Zuordnungsnummer="6096" KundEigtNr="11356" ObjektID="2128" ZuordnungsartID="5"/>
  <Zuordnungstabelle Zuordnungsnummer="6097" KundEigtNr="11356" ObjektID="2129" ZuordnungsartID="5"/>
  <Zuordnungstabelle Zuordnungsnummer="6098" KundEigtNr="11362" ObjektID="3681" ZuordnungsartID="8"/>
  <Zuordnungstabelle Zuordnungsnummer="6099" KundEigtNr="11372" ObjektID="2131" ZuordnungsartID="5"/>
  <Zuordnungstabelle Zuordnungsnummer="6100" KundEigtNr="11373" ObjektID="2135" ZuordnungsartID="5"/>
  <Zuordnungstabelle Zuordnungsnummer="6101" KundEigtNr="11374" ObjektID="2163" ZuordnungsartID="5"/>
  <Zuordnungstabelle Zuordnungsnummer="6102" KundEigtNr="11375" ObjektID="15954" ZuordnungsartID="5"/>
  <Zuordnungstabelle Zuordnungsnummer="6103" KundEigtNr="11417" ObjektID="15955" ZuordnungsartID="5"/>
  <Zuordnungstabelle Zuordnungsnummer="6104" KundEigtNr="11426" ObjektID="15956" ZuordnungsartID="5"/>
  <Zuordnungstabelle Zuordnungsnummer="6105" KundEigtNr="11418" ObjektID="15948" ZuordnungsartID="5"/>
  <Zuordnungstabelle Zuordnungsnummer="6106" KundEigtNr="11427" ObjektID="15946" ZuordnungsartID="5"/>
  <Zuordnungstabelle Zuordnungsnummer="6107" KundEigtNr="11362" ObjektID="15957" ZuordnungsartID="5"/>
  <Zuordnungstabelle Zuordnungsnummer="6108" KundEigtNr="11029" ObjektID="15958" ZuordnungsartID="5"/>
  <Zuordnungstabelle Zuordnungsnummer="6109" KundEigtNr="9616" ObjektID="11199" ZuordnungsartID="5"/>
  <Zuordnungstabelle Zuordnungsnummer="6110" KundEigtNr="11469" ObjektID="15961" ZuordnungsartID="5"/>
  <Zuordnungstabelle Zuordnungsnummer="6111" KundEigtNr="11481" ObjektID="2147" ZuordnungsartID="5"/>
  <Zuordnungstabelle Zuordnungsnummer="6112" KundEigtNr="11482" ObjektID="2120" ZuordnungsartID="1"/>
  <Zuordnungstabelle Zuordnungsnummer="6113" KundEigtNr="11483" ObjektID="2120" ZuordnungsartID="6"/>
  <Zuordnungstabelle Zuordnungsnummer="6114" KundEigtNr="11484" ObjektID="2138" ZuordnungsartID="5"/>
  <Zuordnungstabelle Zuordnungsnummer="6115" KundEigtNr="11500" ObjektID="15963" ZuordnungsartID="5"/>
  <Zuordnungstabelle Zuordnungsnummer="6116" KundEigtNr="11551" ObjektID="15964" ZuordnungsartID="5"/>
  <Zuordnungstabelle Zuordnungsnummer="6117" KundEigtNr="11558" ObjektID="15965" ZuordnungsartID="5"/>
  <Zuordnungstabelle Zuordnungsnummer="6118" KundEigtNr="11576" ObjektID="15966" ZuordnungsartID="5"/>
  <Zuordnungstabelle Zuordnungsnummer="6119" KundEigtNr="3236" ObjektID="8725" ZuordnungsartID="5"/>
  <Zuordnungstabelle Zuordnungsnummer="6120" KundEigtNr="11578" ObjektID="15967" ZuordnungsartID="5"/>
  <Zuordnungstabelle Zuordnungsnummer="6121" KundEigtNr="11597" ObjektID="15968" ZuordnungsartID="5"/>
  <Zuordnungstabelle Zuordnungsnummer="6122" KundEigtNr="11598" ObjektID="15969" ZuordnungsartID="5"/>
  <Zuordnungstabelle Zuordnungsnummer="6123" KundEigtNr="2071" ObjektID="15970" ZuordnungsartID="5"/>
  <Zuordnungstabelle Zuordnungsnummer="6124" KundEigtNr="2071" ObjektID="15971" ZuordnungsartID="5"/>
  <Zuordnungstabelle Zuordnungsnummer="6125" KundEigtNr="11599" ObjektID="15540" ZuordnungsartID="5"/>
  <Zuordnungstabelle Zuordnungsnummer="6126" KundEigtNr="11605" ObjektID="15972" ZuordnungsartID="5"/>
  <Zuordnungstabelle Zuordnungsnummer="6127" KundEigtNr="11606" ObjektID="15973" ZuordnungsartID="5"/>
  <Zuordnungstabelle Zuordnungsnummer="6128" KundEigtNr="10909" ObjektID="15974" ZuordnungsartID="5"/>
  <Zuordnungstabelle Zuordnungsnummer="6129" KundEigtNr="9900" ObjektID="15976" ZuordnungsartID="5"/>
  <Zuordnungstabelle Zuordnungsnummer="6130" KundEigtNr="9900" ObjektID="15977" ZuordnungsartID="5"/>
  <Zuordnungstabelle Zuordnungsnummer="6131" KundEigtNr="10664" ObjektID="1381" ZuordnungsartID="5"/>
  <Zuordnungstabelle Zuordnungsnummer="6132" KundEigtNr="9767" ObjektID="15978" ZuordnungsartID="5"/>
  <Zuordnungstabelle Zuordnungsnummer="6133" KundEigtNr="11610" ObjektID="15979" ZuordnungsartID="5"/>
  <Zuordnungstabelle Zuordnungsnummer="6134" KundEigtNr="11611" ObjektID="15980" ZuordnungsartID="5"/>
  <Zuordnungstabelle Zuordnungsnummer="6135" KundEigtNr="11611" ObjektID="15981" ZuordnungsartID="5"/>
  <Zuordnungstabelle Zuordnungsnummer="6136" KundEigtNr="11617" ObjektID="15983" ZuordnungsartID="5"/>
  <Zuordnungstabelle Zuordnungsnummer="6137" KundEigtNr="11618" ObjektID="15985" ZuordnungsartID="5"/>
  <Zuordnungstabelle Zuordnungsnummer="6138" KundEigtNr="11011" ObjektID="5032" ZuordnungsartID="5"/>
  <Zuordnungstabelle Zuordnungsnummer="6139" KundEigtNr="11622" ObjektID="15986" ZuordnungsartID="5"/>
  <Zuordnungstabelle Zuordnungsnummer="6140" KundEigtNr="11626" ObjektID="63" ZuordnungsartID="5"/>
  <Zuordnungstabelle Zuordnungsnummer="6141" KundEigtNr="11635" ObjektID="15987" ZuordnungsartID="5"/>
  <Zuordnungstabelle Zuordnungsnummer="6142" KundEigtNr="11634" ObjektID="15988" ZuordnungsartID="5"/>
  <Zuordnungstabelle Zuordnungsnummer="6143" KundEigtNr="11637" ObjektID="15989" ZuordnungsartID="5"/>
  <Zuordnungstabelle Zuordnungsnummer="6144" KundEigtNr="11636" ObjektID="15990" ZuordnungsartID="5"/>
  <Zuordnungstabelle Zuordnungsnummer="6145" KundEigtNr="11645" ObjektID="15991" ZuordnungsartID="5"/>
  <Zuordnungstabelle Zuordnungsnummer="6146" KundEigtNr="11648" ObjektID="1240" ZuordnungsartID="5"/>
  <Zuordnungstabelle Zuordnungsnummer="6147" KundEigtNr="20519" ObjektID="4704" ZuordnungsartID="8"/>
  <Zuordnungstabelle Zuordnungsnummer="6148" KundEigtNr="11384" ObjektID="15992" ZuordnungsartID="5"/>
  <Zuordnungstabelle Zuordnungsnummer="6149" KundEigtNr="11653" ObjektID="15993" ZuordnungsartID="5"/>
  <Zuordnungstabelle Zuordnungsnummer="6150" KundEigtNr="11654" ObjektID="15994" ZuordnungsartID="5"/>
  <Zuordnungstabelle Zuordnungsnummer="6151" KundEigtNr="7463" ObjektID="15995" ZuordnungsartID="5"/>
  <Zuordnungstabelle Zuordnungsnummer="6152" KundEigtNr="5304" ObjektID="1019" ZuordnungsartID="8"/>
  <Zuordnungstabelle Zuordnungsnummer="6153" KundEigtNr="11655" ObjektID="15996" ZuordnungsartID="5"/>
  <Zuordnungstabelle Zuordnungsnummer="6154" KundEigtNr="11655" ObjektID="15997" ZuordnungsartID="5"/>
  <Zuordnungstabelle Zuordnungsnummer="6155" KundEigtNr="11655" ObjektID="15998" ZuordnungsartID="5"/>
  <Zuordnungstabelle Zuordnungsnummer="6156" KundEigtNr="11656" ObjektID="14187" ZuordnungsartID="5"/>
  <Zuordnungstabelle Zuordnungsnummer="6157" KundEigtNr="11657" ObjektID="15962" ZuordnungsartID="5"/>
  <Zuordnungstabelle Zuordnungsnummer="6158" KundEigtNr="11659" ObjektID="15999" ZuordnungsartID="5"/>
  <Zuordnungstabelle Zuordnungsnummer="6159" KundEigtNr="11691" ObjektID="16000" ZuordnungsartID="5"/>
  <Zuordnungstabelle Zuordnungsnummer="6160" KundEigtNr="11699" ObjektID="15984" ZuordnungsartID="5"/>
  <Zuordnungstabelle Zuordnungsnummer="6161" KundEigtNr="10139" ObjektID="16001" ZuordnungsartID="5"/>
  <Zuordnungstabelle Zuordnungsnummer="6162" KundEigtNr="9274" ObjektID="16003" ZuordnungsartID="5"/>
  <Zuordnungstabelle Zuordnungsnummer="6163" KundEigtNr="11729" ObjektID="16004" ZuordnungsartID="5"/>
  <Zuordnungstabelle Zuordnungsnummer="6164" KundEigtNr="11730" ObjektID="16005" ZuordnungsartID="5"/>
  <Zuordnungstabelle Zuordnungsnummer="6165" KundEigtNr="11676" ObjektID="16002" ZuordnungsartID="5"/>
  <Zuordnungstabelle Zuordnungsnummer="6166" KundEigtNr="11695" ObjektID="3258" ZuordnungsartID="5"/>
  <Zuordnungstabelle Zuordnungsnummer="6167" KundEigtNr="9880" ObjektID="14336" ZuordnungsartID="5"/>
  <Zuordnungstabelle Zuordnungsnummer="6168" KundEigtNr="11697" ObjektID="2442" ZuordnungsartID="5"/>
  <Zuordnungstabelle Zuordnungsnummer="6169" KundEigtNr="11674" ObjektID="16006" ZuordnungsartID="5"/>
  <Zuordnungstabelle Zuordnungsnummer="6170" KundEigtNr="11674" ObjektID="16007" ZuordnungsartID="5"/>
  <Zuordnungstabelle Zuordnungsnummer="6171" KundEigtNr="11742" ObjektID="16008" ZuordnungsartID="5"/>
  <Zuordnungstabelle Zuordnungsnummer="6172" KundEigtNr="11749" ObjektID="16009" ZuordnungsartID="5"/>
  <Zuordnungstabelle Zuordnungsnummer="6173" KundEigtNr="11774" ObjektID="16010" ZuordnungsartID="5"/>
  <Zuordnungstabelle Zuordnungsnummer="6174" KundEigtNr="11733" ObjektID="16011" ZuordnungsartID="5"/>
  <Zuordnungstabelle Zuordnungsnummer="6175" KundEigtNr="11744" ObjektID="16012" ZuordnungsartID="5"/>
  <Zuordnungstabelle Zuordnungsnummer="6176" KundEigtNr="11783" ObjektID="16013" ZuordnungsartID="5"/>
  <Zuordnungstabelle Zuordnungsnummer="6177" KundEigtNr="11767" ObjektID="16014" ZuordnungsartID="5"/>
  <Zuordnungstabelle Zuordnungsnummer="6178" KundEigtNr="11813" ObjektID="16015" ZuordnungsartID="5"/>
  <Zuordnungstabelle Zuordnungsnummer="6179" KundEigtNr="11814" ObjektID="16015" ZuordnungsartID="5"/>
  <Zuordnungstabelle Zuordnungsnummer="6180" KundEigtNr="2078" ObjektID="13272" ZuordnungsartID="5"/>
  <Zuordnungstabelle Zuordnungsnummer="6181" KundEigtNr="2078" ObjektID="16016" ZuordnungsartID="5"/>
  <Zuordnungstabelle Zuordnungsnummer="6182" KundEigtNr="11832" ObjektID="3228" ZuordnungsartID="5"/>
  <Zuordnungstabelle Zuordnungsnummer="6183" KundEigtNr="11832" ObjektID="3227" ZuordnungsartID="5"/>
  <Zuordnungstabelle Zuordnungsnummer="6184" KundEigtNr="11837" ObjektID="16017" ZuordnungsartID="5"/>
  <Zuordnungstabelle Zuordnungsnummer="6185" KundEigtNr="11762" ObjektID="16018" ZuordnungsartID="5"/>
  <Zuordnungstabelle Zuordnungsnummer="6186" KundEigtNr="11795" ObjektID="16019" ZuordnungsartID="5"/>
  <Zuordnungstabelle Zuordnungsnummer="6187" KundEigtNr="11019" ObjektID="15722" ZuordnungsartID="5"/>
  <Zuordnungstabelle Zuordnungsnummer="6188" KundEigtNr="5625" ObjektID="14203" ZuordnungsartID="5"/>
  <Zuordnungstabelle Zuordnungsnummer="6189" KundEigtNr="11850" ObjektID="5962" ZuordnungsartID="5"/>
  <Zuordnungstabelle Zuordnungsnummer="6190" KundEigtNr="11793" ObjektID="16020" ZuordnungsartID="5"/>
  <Zuordnungstabelle Zuordnungsnummer="6191" KundEigtNr="11855" ObjektID="16021" ZuordnungsartID="5"/>
  <Zuordnungstabelle Zuordnungsnummer="6192" KundEigtNr="11858" ObjektID="16022" ZuordnungsartID="5"/>
  <Zuordnungstabelle Zuordnungsnummer="6193" KundEigtNr="9681" ObjektID="16023" ZuordnungsartID="5"/>
  <Zuordnungstabelle Zuordnungsnummer="6194" KundEigtNr="11890" ObjektID="15960" ZuordnungsartID="5"/>
  <Zuordnungstabelle Zuordnungsnummer="6195" KundEigtNr="11892" ObjektID="16024" ZuordnungsartID="5"/>
  <Zuordnungstabelle Zuordnungsnummer="6196" KundEigtNr="11892" ObjektID="16025" ZuordnungsartID="5"/>
  <Zuordnungstabelle Zuordnungsnummer="6197" KundEigtNr="11794" ObjektID="16026" ZuordnungsartID="5"/>
  <Zuordnungstabelle Zuordnungsnummer="6198" KundEigtNr="11891" ObjektID="16027" ZuordnungsartID="5"/>
  <Zuordnungstabelle Zuordnungsnummer="6199" KundEigtNr="11788" ObjektID="16028" ZuordnungsartID="5"/>
  <Zuordnungstabelle Zuordnungsnummer="6200" KundEigtNr="11648" ObjektID="16029" ZuordnungsartID="5"/>
  <Zuordnungstabelle Zuordnungsnummer="6201" KundEigtNr="11901" ObjektID="16030" ZuordnungsartID="5"/>
  <Zuordnungstabelle Zuordnungsnummer="6202" KundEigtNr="11682" ObjektID="16031" ZuordnungsartID="5"/>
  <Zuordnungstabelle Zuordnungsnummer="6203" KundEigtNr="11759" ObjektID="16032" ZuordnungsartID="5"/>
  <Zuordnungstabelle Zuordnungsnummer="6204" KundEigtNr="11865" ObjektID="16033" ZuordnungsartID="5"/>
  <Zuordnungstabelle Zuordnungsnummer="6205" KundEigtNr="758" ObjektID="16034" ZuordnungsartID="5"/>
  <Zuordnungstabelle Zuordnungsnummer="6206" KundEigtNr="11959" ObjektID="16035" ZuordnungsartID="5"/>
  <Zuordnungstabelle Zuordnungsnummer="6207" KundEigtNr="11876" ObjektID="16036" ZuordnungsartID="5"/>
  <Zuordnungstabelle Zuordnungsnummer="6208" KundEigtNr="11906" ObjektID="16037" ZuordnungsartID="5"/>
  <Zuordnungstabelle Zuordnungsnummer="6209" KundEigtNr="11971" ObjektID="15930" ZuordnungsartID="1"/>
  <Zuordnungstabelle Zuordnungsnummer="6210" KundEigtNr="11971" ObjektID="15921" ZuordnungsartID="1"/>
  <Zuordnungstabelle Zuordnungsnummer="6211" KundEigtNr="11655" ObjektID="16039" ZuordnungsartID="5"/>
  <Zuordnungstabelle Zuordnungsnummer="6212" KundEigtNr="11761" ObjektID="16040" ZuordnungsartID="5"/>
  <Zuordnungstabelle Zuordnungsnummer="6213" KundEigtNr="11948" ObjektID="16041" ZuordnungsartID="5"/>
  <Zuordnungstabelle Zuordnungsnummer="6214" KundEigtNr="11977" ObjektID="16042" ZuordnungsartID="5"/>
  <Zuordnungstabelle Zuordnungsnummer="6216" KundEigtNr="12026" ObjektID="4059" ZuordnungsartID="5"/>
  <Zuordnungstabelle Zuordnungsnummer="6217" KundEigtNr="11985" ObjektID="4059" ZuordnungsartID="6"/>
  <Zuordnungstabelle Zuordnungsnummer="6218" KundEigtNr="11967" ObjektID="16043" ZuordnungsartID="5"/>
  <Zuordnungstabelle Zuordnungsnummer="6219" KundEigtNr="11869" ObjektID="16044" ZuordnungsartID="5"/>
  <Zuordnungstabelle Zuordnungsnummer="6220" KundEigtNr="11979" ObjektID="16045" ZuordnungsartID="5"/>
  <Zuordnungstabelle Zuordnungsnummer="6221" KundEigtNr="11979" ObjektID="16046" ZuordnungsartID="5"/>
  <Zuordnungstabelle Zuordnungsnummer="6222" KundEigtNr="11976" ObjektID="16047" ZuordnungsartID="5"/>
  <Zuordnungstabelle Zuordnungsnummer="6223" KundEigtNr="6879" ObjektID="9510" ZuordnungsartID="5"/>
  <Zuordnungstabelle Zuordnungsnummer="6224" KundEigtNr="10968" ObjektID="2018" ZuordnungsartID="5"/>
  <Zuordnungstabelle Zuordnungsnummer="6225" KundEigtNr="11988" ObjektID="14453" ZuordnungsartID="5"/>
  <Zuordnungstabelle Zuordnungsnummer="6226" KundEigtNr="11962" ObjektID="5916" ZuordnungsartID="5"/>
  <Zuordnungstabelle Zuordnungsnummer="6227" KundEigtNr="11939" ObjektID="16048" ZuordnungsartID="5"/>
  <Zuordnungstabelle Zuordnungsnummer="6228" KundEigtNr="11801" ObjektID="16049" ZuordnungsartID="5"/>
  <Zuordnungstabelle Zuordnungsnummer="6229" KundEigtNr="10223" ObjektID="16050" ZuordnungsartID="5"/>
  <Zuordnungstabelle Zuordnungsnummer="6230" KundEigtNr="12053" ObjektID="2018" ZuordnungsartID="5"/>
  <Zuordnungstabelle Zuordnungsnummer="6231" KundEigtNr="12059" ObjektID="16051" ZuordnungsartID="5"/>
  <Zuordnungstabelle Zuordnungsnummer="6232" KundEigtNr="11550" ObjektID="15959" ZuordnungsartID="5"/>
  <Zuordnungstabelle Zuordnungsnummer="6233" KundEigtNr="11784" ObjektID="16052" ZuordnungsartID="5"/>
  <Zuordnungstabelle Zuordnungsnummer="6234" KundEigtNr="8593" ObjektID="16053" ZuordnungsartID="5"/>
  <Zuordnungstabelle Zuordnungsnummer="6235" KundEigtNr="11911" ObjektID="11129" ZuordnungsartID="5"/>
  <Zuordnungstabelle Zuordnungsnummer="6236" KundEigtNr="12093" ObjektID="2384" ZuordnungsartID="5"/>
  <Zuordnungstabelle Zuordnungsnummer="6237" KundEigtNr="12106" ObjektID="16054" ZuordnungsartID="5"/>
  <Zuordnungstabelle Zuordnungsnummer="6238" KundEigtNr="12149" ObjektID="16055" ZuordnungsartID="5"/>
  <Zuordnungstabelle Zuordnungsnummer="6239" KundEigtNr="12153" ObjektID="16056" ZuordnungsartID="5"/>
  <Zuordnungstabelle Zuordnungsnummer="6240" KundEigtNr="12166" ObjektID="16057" ZuordnungsartID="5"/>
  <Zuordnungstabelle Zuordnungsnummer="6242" KundEigtNr="10908" ObjektID="16058" ZuordnungsartID="5"/>
  <Zuordnungstabelle Zuordnungsnummer="6243" KundEigtNr="12198" ObjektID="16059" ZuordnungsartID="5"/>
  <Zuordnungstabelle Zuordnungsnummer="6244" KundEigtNr="12277" ObjektID="16060" ZuordnungsartID="5"/>
  <Zuordnungstabelle Zuordnungsnummer="6245" KundEigtNr="12193" ObjektID="16061" ZuordnungsartID="5"/>
  <Zuordnungstabelle Zuordnungsnummer="6246" KundEigtNr="12307" ObjektID="3477" ZuordnungsartID="5"/>
  <Zuordnungstabelle Zuordnungsnummer="6247" KundEigtNr="11875" ObjektID="16062" ZuordnungsartID="5"/>
  <Zuordnungstabelle Zuordnungsnummer="6248" KundEigtNr="12308" ObjektID="14752" ZuordnungsartID="5"/>
  <Zuordnungstabelle Zuordnungsnummer="6249" KundEigtNr="11990" ObjektID="16063" ZuordnungsartID="5"/>
  <Zuordnungstabelle Zuordnungsnummer="6250" KundEigtNr="12265" ObjektID="16064" ZuordnungsartID="5"/>
  <Zuordnungstabelle Zuordnungsnummer="6251" KundEigtNr="12310" ObjektID="16065" ZuordnungsartID="5"/>
  <Zuordnungstabelle Zuordnungsnummer="6252" KundEigtNr="2380" ObjektID="14956" ZuordnungsartID="5"/>
  <Zuordnungstabelle Zuordnungsnummer="6253" KundEigtNr="12321" ObjektID="16067" ZuordnungsartID="5"/>
  <Zuordnungstabelle Zuordnungsnummer="6254" KundEigtNr="12337" ObjektID="16068" ZuordnungsartID="5"/>
  <Zuordnungstabelle Zuordnungsnummer="6255" KundEigtNr="12392" ObjektID="16069" ZuordnungsartID="5"/>
  <Zuordnungstabelle Zuordnungsnummer="6256" KundEigtNr="12377" ObjektID="16070" ZuordnungsartID="5"/>
  <Zuordnungstabelle Zuordnungsnummer="6257" KundEigtNr="12377" ObjektID="16071" ZuordnungsartID="5"/>
  <Zuordnungstabelle Zuordnungsnummer="6258" KundEigtNr="1497" ObjektID="866" ZuordnungsartID="5"/>
  <Zuordnungstabelle Zuordnungsnummer="6259" KundEigtNr="12487" ObjektID="16072" ZuordnungsartID="5"/>
  <Zuordnungstabelle Zuordnungsnummer="6260" KundEigtNr="12448" ObjektID="16073" ZuordnungsartID="5"/>
  <Zuordnungstabelle Zuordnungsnummer="6261" KundEigtNr="12540" ObjektID="1029" ZuordnungsartID="5"/>
  <Zuordnungstabelle Zuordnungsnummer="6262" KundEigtNr="12469" ObjektID="2567" ZuordnungsartID="5"/>
  <Zuordnungstabelle Zuordnungsnummer="6263" KundEigtNr="5254" ObjektID="16074" ZuordnungsartID="5"/>
  <Zuordnungstabelle Zuordnungsnummer="6265" KundEigtNr="3476" ObjektID="16075" ZuordnungsartID="5"/>
  <Zuordnungstabelle Zuordnungsnummer="6266" KundEigtNr="12407" ObjektID="16076" ZuordnungsartID="5"/>
  <Zuordnungstabelle Zuordnungsnummer="6267" KundEigtNr="12617" ObjektID="2031" ZuordnungsartID="5"/>
  <Zuordnungstabelle Zuordnungsnummer="6268" KundEigtNr="12617" ObjektID="16077" ZuordnungsartID="5"/>
  <Zuordnungstabelle Zuordnungsnummer="6269" KundEigtNr="12637" ObjektID="16078" ZuordnungsartID="5"/>
  <Zuordnungstabelle Zuordnungsnummer="6270" KundEigtNr="12644" ObjektID="16079" ZuordnungsartID="5"/>
  <Zuordnungstabelle Zuordnungsnummer="6271" KundEigtNr="12652" ObjektID="16080" ZuordnungsartID="5"/>
  <Zuordnungstabelle Zuordnungsnummer="6272" KundEigtNr="12401" ObjektID="16081" ZuordnungsartID="5"/>
  <Zuordnungstabelle Zuordnungsnummer="6273" KundEigtNr="12519" ObjektID="6037" ZuordnungsartID="5"/>
  <Zuordnungstabelle Zuordnungsnummer="6274" KundEigtNr="12655" ObjektID="16082" ZuordnungsartID="5"/>
  <Zuordnungstabelle Zuordnungsnummer="6275" KundEigtNr="12657" ObjektID="13992" ZuordnungsartID="5"/>
  <Zuordnungstabelle Zuordnungsnummer="6276" KundEigtNr="12568" ObjektID="16083" ZuordnungsartID="5"/>
  <Zuordnungstabelle Zuordnungsnummer="6277" KundEigtNr="12672" ObjektID="16084" ZuordnungsartID="5"/>
  <Zuordnungstabelle Zuordnungsnummer="6278" KundEigtNr="12674" ObjektID="16085" ZuordnungsartID="5"/>
  <Zuordnungstabelle Zuordnungsnummer="6279" KundEigtNr="12684" ObjektID="16086" ZuordnungsartID="5"/>
  <Zuordnungstabelle Zuordnungsnummer="6280" KundEigtNr="12692" ObjektID="14334" ZuordnungsartID="5"/>
  <Zuordnungstabelle Zuordnungsnummer="6281" KundEigtNr="11085" ObjektID="16087" ZuordnungsartID="5"/>
  <Zuordnungstabelle Zuordnungsnummer="6282" KundEigtNr="12542" ObjektID="16088" ZuordnungsartID="5"/>
  <Zuordnungstabelle Zuordnungsnummer="6283" KundEigtNr="12639" ObjektID="3224" ZuordnungsartID="5"/>
  <Zuordnungstabelle Zuordnungsnummer="6284" KundEigtNr="12624" ObjektID="16089" ZuordnungsartID="5"/>
  <Zuordnungstabelle Zuordnungsnummer="6285" KundEigtNr="11601" ObjektID="16090" ZuordnungsartID="5"/>
  <Zuordnungstabelle Zuordnungsnummer="6286" KundEigtNr="12632" ObjektID="3687" ZuordnungsartID="5"/>
  <Zuordnungstabelle Zuordnungsnummer="6287" KundEigtNr="12712" ObjektID="4635" ZuordnungsartID="5"/>
  <Zuordnungstabelle Zuordnungsnummer="6288" KundEigtNr="12626" ObjektID="16091" ZuordnungsartID="5"/>
  <Zuordnungstabelle Zuordnungsnummer="6289" KundEigtNr="12723" ObjektID="16092" ZuordnungsartID="5"/>
  <Zuordnungstabelle Zuordnungsnummer="6290" KundEigtNr="12614" ObjektID="16094" ZuordnungsartID="5"/>
  <Zuordnungstabelle Zuordnungsnummer="6291" KundEigtNr="12738" ObjektID="16095" ZuordnungsartID="5"/>
  <Zuordnungstabelle Zuordnungsnummer="6292" KundEigtNr="6293" ObjektID="16096" ZuordnungsartID="5"/>
  <Zuordnungstabelle Zuordnungsnummer="6293" KundEigtNr="12644" ObjektID="16098" ZuordnungsartID="5"/>
  <Zuordnungstabelle Zuordnungsnummer="6294" KundEigtNr="12801" ObjektID="14373" ZuordnungsartID="5"/>
  <Zuordnungstabelle Zuordnungsnummer="6295" KundEigtNr="10916" ObjektID="16107" ZuordnungsartID="5"/>
  <Zuordnungstabelle Zuordnungsnummer="6296" KundEigtNr="12807" ObjektID="16108" ZuordnungsartID="5"/>
  <Zuordnungstabelle Zuordnungsnummer="6297" KundEigtNr="12746" ObjektID="16109" ZuordnungsartID="5"/>
  <Zuordnungstabelle Zuordnungsnummer="6298" KundEigtNr="12820" ObjektID="16110" ZuordnungsartID="5"/>
  <Zuordnungstabelle Zuordnungsnummer="6301" KundEigtNr="10197" ObjektID="14327" ZuordnungsartID="5"/>
  <Zuordnungstabelle Zuordnungsnummer="6302" KundEigtNr="12688" ObjektID="16112" ZuordnungsartID="5"/>
  <Zuordnungstabelle Zuordnungsnummer="6303" KundEigtNr="12640" ObjektID="5420" ZuordnungsartID="5"/>
  <Zuordnungstabelle Zuordnungsnummer="6304" KundEigtNr="12686" ObjektID="16113" ZuordnungsartID="5"/>
  <Zuordnungstabelle Zuordnungsnummer="6305" KundEigtNr="12857" ObjektID="16114" ZuordnungsartID="5"/>
  <Zuordnungstabelle Zuordnungsnummer="6306" KundEigtNr="12630" ObjektID="16115" ZuordnungsartID="5"/>
  <Zuordnungstabelle Zuordnungsnummer="6307" KundEigtNr="12856" ObjektID="16116" ZuordnungsartID="5"/>
  <Zuordnungstabelle Zuordnungsnummer="6308" KundEigtNr="12883" ObjektID="4235" ZuordnungsartID="5"/>
  <Zuordnungstabelle Zuordnungsnummer="6309" KundEigtNr="12853" ObjektID="16118" ZuordnungsartID="5"/>
  <Zuordnungstabelle Zuordnungsnummer="6310" KundEigtNr="12951" ObjektID="16120" ZuordnungsartID="5"/>
  <Zuordnungstabelle Zuordnungsnummer="6311" KundEigtNr="12954" ObjektID="3313" ZuordnungsartID="5"/>
  <Zuordnungstabelle Zuordnungsnummer="6312" KundEigtNr="12953" ObjektID="16117" ZuordnungsartID="5"/>
  <Zuordnungstabelle Zuordnungsnummer="6313" KundEigtNr="12619" ObjektID="1734" ZuordnungsartID="5"/>
  <Zuordnungstabelle Zuordnungsnummer="6314" KundEigtNr="12808" ObjektID="16125" ZuordnungsartID="5"/>
  <Zuordnungstabelle Zuordnungsnummer="6315" KundEigtNr="2071" ObjektID="16121" ZuordnungsartID="5"/>
  <Zuordnungstabelle Zuordnungsnummer="6316" KundEigtNr="12864" ObjektID="1440" ZuordnungsartID="5"/>
  <Zuordnungstabelle Zuordnungsnummer="6317" KundEigtNr="12870" ObjektID="16126" ZuordnungsartID="5"/>
  <Zuordnungstabelle Zuordnungsnummer="6318" KundEigtNr="12874" ObjektID="8697" ZuordnungsartID="5"/>
  <Zuordnungstabelle Zuordnungsnummer="6319" KundEigtNr="12969" ObjektID="16127" ZuordnungsartID="5"/>
  <Zuordnungstabelle Zuordnungsnummer="6320" KundEigtNr="12969" ObjektID="16124" ZuordnungsartID="5"/>
  <Zuordnungstabelle Zuordnungsnummer="6321" KundEigtNr="12970" ObjektID="16119" ZuordnungsartID="5"/>
  <Zuordnungstabelle Zuordnungsnummer="6322" KundEigtNr="12973" ObjektID="16129" ZuordnungsartID="6"/>
  <Zuordnungstabelle Zuordnungsnummer="6323" KundEigtNr="12915" ObjektID="16130" ZuordnungsartID="5"/>
  <Zuordnungstabelle Zuordnungsnummer="6324" KundEigtNr="12961" ObjektID="16131" ZuordnungsartID="5"/>
  <Zuordnungstabelle Zuordnungsnummer="6325" KundEigtNr="12841" ObjektID="16123" ZuordnungsartID="5"/>
  <Zuordnungstabelle Zuordnungsnummer="6326" KundEigtNr="5304" ObjektID="16136" ZuordnungsartID="8"/>
  <Zuordnungstabelle Zuordnungsnummer="6327" KundEigtNr="12814" ObjektID="16133" ZuordnungsartID="5"/>
  <Zuordnungstabelle Zuordnungsnummer="6328" KundEigtNr="12999" ObjektID="14255" ZuordnungsartID="5"/>
  <Zuordnungstabelle Zuordnungsnummer="6329" KundEigtNr="13000" ObjektID="12961" ZuordnungsartID="5"/>
  <Zuordnungstabelle Zuordnungsnummer="6330" KundEigtNr="12931" ObjektID="16138" ZuordnungsartID="5"/>
  <Zuordnungstabelle Zuordnungsnummer="6331" KundEigtNr="13023" ObjektID="16135" ZuordnungsartID="5"/>
  <Zuordnungstabelle Zuordnungsnummer="6332" KundEigtNr="12943" ObjektID="16139" ZuordnungsartID="5"/>
  <Zuordnungstabelle Zuordnungsnummer="6334" KundEigtNr="13011" ObjektID="16141" ZuordnungsartID="5"/>
  <Zuordnungstabelle Zuordnungsnummer="6335" KundEigtNr="1520" ObjektID="13749" ZuordnungsartID="5"/>
  <Zuordnungstabelle Zuordnungsnummer="6336" KundEigtNr="12689" ObjektID="16142" ZuordnungsartID="5"/>
  <Zuordnungstabelle Zuordnungsnummer="6337" KundEigtNr="1520" ObjektID="16143" ZuordnungsartID="5"/>
  <Zuordnungstabelle Zuordnungsnummer="6338" KundEigtNr="12916" ObjektID="16132" ZuordnungsartID="5"/>
  <Zuordnungstabelle Zuordnungsnummer="6339" KundEigtNr="13076" ObjektID="5428" ZuordnungsartID="5"/>
  <Zuordnungstabelle Zuordnungsnummer="6340" KundEigtNr="12470" ObjektID="16144" ZuordnungsartID="5"/>
  <Zuordnungstabelle Zuordnungsnummer="6341" KundEigtNr="1520" ObjektID="13535" ZuordnungsartID="5"/>
  <Zuordnungstabelle Zuordnungsnummer="6342" KundEigtNr="12990" ObjektID="16145" ZuordnungsartID="5"/>
  <Zuordnungstabelle Zuordnungsnummer="6343" KundEigtNr="13081" ObjektID="16146" ZuordnungsartID="5"/>
  <Zuordnungstabelle Zuordnungsnummer="6344" KundEigtNr="12915" ObjektID="16147" ZuordnungsartID="5"/>
  <Zuordnungstabelle Zuordnungsnummer="6346" KundEigtNr="12911" ObjektID="16140" ZuordnungsartID="5"/>
  <Zuordnungstabelle Zuordnungsnummer="6347" KundEigtNr="13110" ObjektID="16149" ZuordnungsartID="5"/>
  <Zuordnungstabelle Zuordnungsnummer="6348" KundEigtNr="13065" ObjektID="16148" ZuordnungsartID="5"/>
  <Zuordnungstabelle Zuordnungsnummer="6349" KundEigtNr="12623" ObjektID="1575" ZuordnungsartID="5"/>
  <Zuordnungstabelle Zuordnungsnummer="6350" KundEigtNr="13123" ObjektID="16150" ZuordnungsartID="5"/>
  <Zuordnungstabelle Zuordnungsnummer="6351" KundEigtNr="13090" ObjektID="3930" ZuordnungsartID="5"/>
  <Zuordnungstabelle Zuordnungsnummer="6352" KundEigtNr="13091" ObjektID="3881" ZuordnungsartID="5"/>
  <Zuordnungstabelle Zuordnungsnummer="6353" KundEigtNr="13139" ObjektID="16151" ZuordnungsartID="5"/>
  <Zuordnungstabelle Zuordnungsnummer="6354" KundEigtNr="13139" ObjektID="16152" ZuordnungsartID="5"/>
  <Zuordnungstabelle Zuordnungsnummer="6355" KundEigtNr="12643" ObjektID="16154" ZuordnungsartID="5"/>
  <Zuordnungstabelle Zuordnungsnummer="6356" KundEigtNr="11648" ObjektID="16155" ZuordnungsartID="5"/>
  <Zuordnungstabelle Zuordnungsnummer="6357" KundEigtNr="5304" ObjektID="16156" ZuordnungsartID="8"/>
  <Zuordnungstabelle Zuordnungsnummer="6358" KundEigtNr="13193" ObjektID="16157" ZuordnungsartID="5"/>
  <Zuordnungstabelle Zuordnungsnummer="6360" KundEigtNr="12519" ObjektID="16159" ZuordnungsartID="5"/>
  <Zuordnungstabelle Zuordnungsnummer="6361" KundEigtNr="12519" ObjektID="16160" ZuordnungsartID="5"/>
  <Zuordnungstabelle Zuordnungsnummer="6362" KundEigtNr="12519" ObjektID="16161" ZuordnungsartID="5"/>
  <Zuordnungstabelle Zuordnungsnummer="6363" KundEigtNr="76" ObjektID="8689" ZuordnungsartID="5"/>
  <Zuordnungstabelle Zuordnungsnummer="6364" KundEigtNr="12562" ObjektID="16168" ZuordnungsartID="5"/>
  <Zuordnungstabelle Zuordnungsnummer="6365" KundEigtNr="13257" ObjektID="16172" ZuordnungsartID="5"/>
  <Zuordnungstabelle Zuordnungsnummer="6366" KundEigtNr="13259" ObjektID="3020" ZuordnungsartID="5"/>
  <Zuordnungstabelle Zuordnungsnummer="6367" KundEigtNr="13220" ObjektID="16174" ZuordnungsartID="5"/>
  <Zuordnungstabelle Zuordnungsnummer="6368" KundEigtNr="13148" ObjektID="16163" ZuordnungsartID="5"/>
  <Zuordnungstabelle Zuordnungsnummer="6369" KundEigtNr="13286" ObjektID="16175" ZuordnungsartID="5"/>
  <Zuordnungstabelle Zuordnungsnummer="6370" KundEigtNr="7980" ObjektID="16169" ZuordnungsartID="5"/>
  <Zuordnungstabelle Zuordnungsnummer="6371" KundEigtNr="12913" ObjektID="16166" ZuordnungsartID="5"/>
  <Zuordnungstabelle Zuordnungsnummer="6372" KundEigtNr="12993" ObjektID="16162" ZuordnungsartID="5"/>
  <Zuordnungstabelle Zuordnungsnummer="6373" KundEigtNr="13151" ObjektID="16176" ZuordnungsartID="5"/>
  <Zuordnungstabelle Zuordnungsnummer="6374" KundEigtNr="13280" ObjektID="16177" ZuordnungsartID="5"/>
  <Zuordnungstabelle Zuordnungsnummer="6375" KundEigtNr="13157" ObjektID="16179" ZuordnungsartID="5"/>
  <Zuordnungstabelle Zuordnungsnummer="6376" KundEigtNr="13327" ObjektID="16180" ZuordnungsartID="5"/>
  <Zuordnungstabelle Zuordnungsnummer="6377" KundEigtNr="12622" ObjektID="5798" ZuordnungsartID="5"/>
  <Zuordnungstabelle Zuordnungsnummer="6378" KundEigtNr="13316" ObjektID="16183" ZuordnungsartID="5"/>
  <Zuordnungstabelle Zuordnungsnummer="6379" KundEigtNr="13352" ObjektID="1019" ZuordnungsartID="5"/>
  <Zuordnungstabelle Zuordnungsnummer="6380" KundEigtNr="13352" ObjektID="16136" ZuordnungsartID="5"/>
  <Zuordnungstabelle Zuordnungsnummer="6381" KundEigtNr="13352" ObjektID="16156" ZuordnungsartID="5"/>
  <Zuordnungstabelle Zuordnungsnummer="6382" KundEigtNr="13356" ObjektID="16173" ZuordnungsartID="5"/>
  <Zuordnungstabelle Zuordnungsnummer="6383" KundEigtNr="13315" ObjektID="16184" ZuordnungsartID="5"/>
  <Zuordnungstabelle Zuordnungsnummer="6384" KundEigtNr="3263" ObjektID="15897" ZuordnungsartID="5"/>
  <Zuordnungstabelle Zuordnungsnummer="6385" KundEigtNr="959" ObjektID="8298" ZuordnungsartID="5"/>
  <Zuordnungstabelle Zuordnungsnummer="6386" KundEigtNr="13380" ObjektID="16185" ZuordnungsartID="5"/>
  <Zuordnungstabelle Zuordnungsnummer="6387" KundEigtNr="13349" ObjektID="12063" ZuordnungsartID="5"/>
  <Zuordnungstabelle Zuordnungsnummer="6388" KundEigtNr="13425" ObjektID="4639" ZuordnungsartID="5"/>
  <Zuordnungstabelle Zuordnungsnummer="6389" KundEigtNr="13427" ObjektID="14721" ZuordnungsartID="5"/>
  <Zuordnungstabelle Zuordnungsnummer="6390" KundEigtNr="13434" ObjektID="1463" ZuordnungsartID="5"/>
  <Zuordnungstabelle Zuordnungsnummer="6391" KundEigtNr="12852" ObjektID="16122" ZuordnungsartID="5"/>
  <Zuordnungstabelle Zuordnungsnummer="6392" KundEigtNr="13436" ObjektID="16193" ZuordnungsartID="5"/>
  <Zuordnungstabelle Zuordnungsnummer="6393" KundEigtNr="13376" ObjektID="16194" ZuordnungsartID="5"/>
  <Zuordnungstabelle Zuordnungsnummer="6394" KundEigtNr="13375" ObjektID="16195" ZuordnungsartID="5"/>
  <Zuordnungstabelle Zuordnungsnummer="6395" KundEigtNr="13351" ObjektID="13360" ZuordnungsartID="5"/>
  <Zuordnungstabelle Zuordnungsnummer="6396" KundEigtNr="13341" ObjektID="16196" ZuordnungsartID="5"/>
  <Zuordnungstabelle Zuordnungsnummer="6397" KundEigtNr="13437" ObjektID="16197" ZuordnungsartID="5"/>
  <Zuordnungstabelle Zuordnungsnummer="6398" KundEigtNr="13317" ObjektID="16198" ZuordnungsartID="5"/>
  <Zuordnungstabelle Zuordnungsnummer="6399" KundEigtNr="13319" ObjektID="16199" ZuordnungsartID="5"/>
  <Zuordnungstabelle Zuordnungsnummer="6400" KundEigtNr="13281" ObjektID="16200" ZuordnungsartID="5"/>
  <Zuordnungstabelle Zuordnungsnummer="6401" KundEigtNr="13275" ObjektID="16178" ZuordnungsartID="5"/>
  <Zuordnungstabelle Zuordnungsnummer="6402" KundEigtNr="13273" ObjektID="16201" ZuordnungsartID="5"/>
  <Zuordnungstabelle Zuordnungsnummer="6403" KundEigtNr="13218" ObjektID="16202" ZuordnungsartID="5"/>
  <Zuordnungstabelle Zuordnungsnummer="6404" KundEigtNr="13438" ObjektID="16203" ZuordnungsartID="5"/>
  <Zuordnungstabelle Zuordnungsnummer="6405" KundEigtNr="12192" ObjektID="16204" ZuordnungsartID="5"/>
  <Zuordnungstabelle Zuordnungsnummer="6406" KundEigtNr="13150" ObjektID="16165" ZuordnungsartID="5"/>
  <Zuordnungstabelle Zuordnungsnummer="6407" KundEigtNr="13144" ObjektID="16164" ZuordnungsartID="5"/>
  <Zuordnungstabelle Zuordnungsnummer="6408" KundEigtNr="13439" ObjektID="16205" ZuordnungsartID="5"/>
  <Zuordnungstabelle Zuordnungsnummer="6409" KundEigtNr="13440" ObjektID="16206" ZuordnungsartID="5"/>
  <Zuordnungstabelle Zuordnungsnummer="6410" KundEigtNr="12991" ObjektID="16207" ZuordnungsartID="5"/>
  <Zuordnungstabelle Zuordnungsnummer="6411" KundEigtNr="12842" ObjektID="16208" ZuordnungsartID="5"/>
  <Zuordnungstabelle Zuordnungsnummer="6412" KundEigtNr="12191" ObjektID="16209" ZuordnungsartID="5"/>
  <Zuordnungstabelle Zuordnungsnummer="6413" KundEigtNr="13441" ObjektID="16210" ZuordnungsartID="5"/>
  <Zuordnungstabelle Zuordnungsnummer="6414" KundEigtNr="13442" ObjektID="16211" ZuordnungsartID="5"/>
  <Zuordnungstabelle Zuordnungsnummer="6415" KundEigtNr="11949" ObjektID="16212" ZuordnungsartID="5"/>
  <Zuordnungstabelle Zuordnungsnummer="6416" KundEigtNr="11825" ObjektID="16213" ZuordnungsartID="5"/>
  <Zuordnungstabelle Zuordnungsnummer="6417" KundEigtNr="11711" ObjektID="16186" ZuordnungsartID="5"/>
  <Zuordnungstabelle Zuordnungsnummer="6418" KundEigtNr="12012" ObjektID="16214" ZuordnungsartID="5"/>
  <Zuordnungstabelle Zuordnungsnummer="6419" KundEigtNr="13443" ObjektID="16215" ZuordnungsartID="5"/>
  <Zuordnungstabelle Zuordnungsnummer="6420" KundEigtNr="13444" ObjektID="16216" ZuordnungsartID="5"/>
  <Zuordnungstabelle Zuordnungsnummer="6421" KundEigtNr="11459" ObjektID="16217" ZuordnungsartID="5"/>
  <Zuordnungstabelle Zuordnungsnummer="6422" KundEigtNr="9900" ObjektID="16220" ZuordnungsartID="5"/>
  <Zuordnungstabelle Zuordnungsnummer="6423" KundEigtNr="13413" ObjektID="16221" ZuordnungsartID="5"/>
  <Zuordnungstabelle Zuordnungsnummer="6424" KundEigtNr="13414" ObjektID="16219" ZuordnungsartID="5"/>
  <Zuordnungstabelle Zuordnungsnummer="6425" KundEigtNr="13345" ObjektID="16188" ZuordnungsartID="5"/>
  <Zuordnungstabelle Zuordnungsnummer="6426" KundEigtNr="13415" ObjektID="16223" ZuordnungsartID="5"/>
  <Zuordnungstabelle Zuordnungsnummer="6427" KundEigtNr="13464" ObjektID="16224" ZuordnungsartID="5"/>
  <Zuordnungstabelle Zuordnungsnummer="6428" KundEigtNr="2233" ObjektID="16228" ZuordnungsartID="5"/>
  <Zuordnungstabelle Zuordnungsnummer="6429" KundEigtNr="13501" ObjektID="16229" ZuordnungsartID="5"/>
  <Zuordnungstabelle Zuordnungsnummer="6430" KundEigtNr="13564" ObjektID="16230" ZuordnungsartID="5"/>
  <Zuordnungstabelle Zuordnungsnummer="6431" KundEigtNr="13565" ObjektID="9011" ZuordnungsartID="5"/>
  <Zuordnungstabelle Zuordnungsnummer="6432" KundEigtNr="13571" ObjektID="16226" ZuordnungsartID="5"/>
  <Zuordnungstabelle Zuordnungsnummer="6433" KundEigtNr="13470" ObjektID="16251" ZuordnungsartID="5"/>
  <Zuordnungstabelle Zuordnungsnummer="6434" KundEigtNr="13585" ObjektID="16252" ZuordnungsartID="5"/>
  <Zuordnungstabelle Zuordnungsnummer="6435" KundEigtNr="13597" ObjektID="16253" ZuordnungsartID="5"/>
  <Zuordnungstabelle Zuordnungsnummer="6436" KundEigtNr="443" ObjektID="14362" ZuordnungsartID="5"/>
  <Zuordnungstabelle Zuordnungsnummer="6437" KundEigtNr="13511" ObjektID="16254" ZuordnungsartID="5"/>
  <Zuordnungstabelle Zuordnungsnummer="6438" KundEigtNr="13615" ObjektID="16256" ZuordnungsartID="5"/>
  <Zuordnungstabelle Zuordnungsnummer="6439" KundEigtNr="13544" ObjektID="16255" ZuordnungsartID="5"/>
  <Zuordnungstabelle Zuordnungsnummer="6440" KundEigtNr="2233" ObjektID="16257" ZuordnungsartID="5"/>
  <Zuordnungstabelle Zuordnungsnummer="6441" KundEigtNr="13638" ObjektID="10240" ZuordnungsartID="5"/>
  <Zuordnungstabelle Zuordnungsnummer="6442" KundEigtNr="13639" ObjektID="16258" ZuordnungsartID="5"/>
  <Zuordnungstabelle Zuordnungsnummer="6443" KundEigtNr="13656" ObjektID="16218" ZuordnungsartID="5"/>
  <Zuordnungstabelle Zuordnungsnummer="6444" KundEigtNr="13544" ObjektID="16260" ZuordnungsartID="5"/>
  <Zuordnungstabelle Zuordnungsnummer="6445" KundEigtNr="13669" ObjektID="16261" ZuordnungsartID="5"/>
  <Zuordnungstabelle Zuordnungsnummer="6446" KundEigtNr="13670" ObjektID="4160" ZuordnungsartID="5"/>
  <Zuordnungstabelle Zuordnungsnummer="6447" KundEigtNr="13697" ObjektID="3244" ZuordnungsartID="5"/>
  <Zuordnungstabelle Zuordnungsnummer="6448" KundEigtNr="13700" ObjektID="16265" ZuordnungsartID="5"/>
  <Zuordnungstabelle Zuordnungsnummer="6449" KundEigtNr="13701" ObjektID="16266" ZuordnungsartID="5"/>
  <Zuordnungstabelle Zuordnungsnummer="6450" KundEigtNr="13702" ObjektID="239" ZuordnungsartID="5"/>
  <Zuordnungstabelle Zuordnungsnummer="6451" KundEigtNr="13711" ObjektID="16267" ZuordnungsartID="5"/>
  <Zuordnungstabelle Zuordnungsnummer="6452" KundEigtNr="13736" ObjektID="16269" ZuordnungsartID="5"/>
  <Zuordnungstabelle Zuordnungsnummer="6453" KundEigtNr="13632" ObjektID="16270" ZuordnungsartID="5"/>
  <Zuordnungstabelle Zuordnungsnummer="6454" KundEigtNr="76" ObjektID="16271" ZuordnungsartID="5"/>
  <Zuordnungstabelle Zuordnungsnummer="6455" KundEigtNr="13743" ObjektID="10200" ZuordnungsartID="5"/>
  <Zuordnungstabelle Zuordnungsnummer="6456" KundEigtNr="13744" ObjektID="2364" ZuordnungsartID="5"/>
  <Zuordnungstabelle Zuordnungsnummer="6457" KundEigtNr="1104" ObjektID="16268" ZuordnungsartID="5"/>
  <Zuordnungstabelle Zuordnungsnummer="6458" KundEigtNr="1104" ObjektID="16272" ZuordnungsartID="5"/>
  <Zuordnungstabelle Zuordnungsnummer="6459" KundEigtNr="971" ObjektID="820" ZuordnungsartID="5"/>
  <Zuordnungstabelle Zuordnungsnummer="6460" KundEigtNr="13631" ObjektID="16273" ZuordnungsartID="5"/>
  <Zuordnungstabelle Zuordnungsnummer="6461" KundEigtNr="13634" ObjektID="16274" ZuordnungsartID="5"/>
  <Zuordnungstabelle Zuordnungsnummer="6462" KundEigtNr="13717" ObjektID="16275" ZuordnungsartID="5"/>
  <Zuordnungstabelle Zuordnungsnummer="6463" KundEigtNr="13714" ObjektID="16276" ZuordnungsartID="5"/>
  <Zuordnungstabelle Zuordnungsnummer="6464" KundEigtNr="13835" ObjektID="6126" ZuordnungsartID="5"/>
  <Zuordnungstabelle Zuordnungsnummer="6465" KundEigtNr="13786" ObjektID="16277" ZuordnungsartID="5"/>
  <Zuordnungstabelle Zuordnungsnummer="6466" KundEigtNr="13850" ObjektID="892" ZuordnungsartID="5"/>
  <Zuordnungstabelle Zuordnungsnummer="6467" KundEigtNr="13851" ObjektID="906" ZuordnungsartID="5"/>
  <Zuordnungstabelle Zuordnungsnummer="6468" KundEigtNr="2240" ObjektID="10175" ZuordnungsartID="5"/>
  <Zuordnungstabelle Zuordnungsnummer="6469" KundEigtNr="13784" ObjektID="16278" ZuordnungsartID="5"/>
  <Zuordnungstabelle Zuordnungsnummer="6470" KundEigtNr="11577" ObjektID="16279" ZuordnungsartID="5"/>
  <Zuordnungstabelle Zuordnungsnummer="6471" KundEigtNr="1104" ObjektID="12139" ZuordnungsartID="5"/>
  <Zuordnungstabelle Zuordnungsnummer="6472" KundEigtNr="13904" ObjektID="16280" ZuordnungsartID="5"/>
  <Zuordnungstabelle Zuordnungsnummer="6473" KundEigtNr="13936" ObjektID="16285" ZuordnungsartID="5"/>
  <Zuordnungstabelle Zuordnungsnummer="6474" KundEigtNr="13817" ObjektID="16286" ZuordnungsartID="5"/>
  <Zuordnungstabelle Zuordnungsnummer="6475" KundEigtNr="13880" ObjektID="16291" ZuordnungsartID="5"/>
  <Zuordnungstabelle Zuordnungsnummer="6476" KundEigtNr="13764" ObjektID="16284" ZuordnungsartID="5"/>
  <Zuordnungstabelle Zuordnungsnummer="6477" KundEigtNr="12744" ObjektID="16287" ZuordnungsartID="5"/>
  <Zuordnungstabelle Zuordnungsnummer="6478" KundEigtNr="10001" ObjektID="16292" ZuordnungsartID="5"/>
  <Zuordnungstabelle Zuordnungsnummer="6479" KundEigtNr="13978" ObjektID="16289" ZuordnungsartID="5"/>
  <Zuordnungstabelle Zuordnungsnummer="6480" KundEigtNr="13979" ObjektID="16293" ZuordnungsartID="5"/>
  <Zuordnungstabelle Zuordnungsnummer="6481" KundEigtNr="13980" ObjektID="16294" ZuordnungsartID="5"/>
  <Zuordnungstabelle Zuordnungsnummer="6482" KundEigtNr="13983" ObjektID="16296" ZuordnungsartID="5"/>
  <Zuordnungstabelle Zuordnungsnummer="6483" KundEigtNr="13811" ObjektID="16297" ZuordnungsartID="5"/>
  <Zuordnungstabelle Zuordnungsnummer="6484" KundEigtNr="13991" ObjektID="16299" ZuordnungsartID="5"/>
  <Zuordnungstabelle Zuordnungsnummer="6485" KundEigtNr="13844" ObjektID="14356" ZuordnungsartID="5"/>
  <Zuordnungstabelle Zuordnungsnummer="6486" KundEigtNr="13085" ObjektID="16300" ZuordnungsartID="5"/>
  <Zuordnungstabelle Zuordnungsnummer="6487" KundEigtNr="13898" ObjektID="16301" ZuordnungsartID="5"/>
  <Zuordnungstabelle Zuordnungsnummer="6488" KundEigtNr="13821" ObjektID="3444" ZuordnungsartID="5"/>
  <Zuordnungstabelle Zuordnungsnummer="6489" KundEigtNr="13964" ObjektID="16328" ZuordnungsartID="5"/>
  <Zuordnungstabelle Zuordnungsnummer="6490" KundEigtNr="14085" ObjektID="16329" ZuordnungsartID="5"/>
  <Zuordnungstabelle Zuordnungsnummer="6491" KundEigtNr="14097" ObjektID="16331" ZuordnungsartID="5"/>
  <Zuordnungstabelle Zuordnungsnummer="6492" KundEigtNr="14096" ObjektID="1682" ZuordnungsartID="5"/>
  <Zuordnungstabelle Zuordnungsnummer="6493" KundEigtNr="14099" ObjektID="16332" ZuordnungsartID="5"/>
  <Zuordnungstabelle Zuordnungsnummer="6494" KundEigtNr="12461" ObjektID="16283" ZuordnungsartID="5"/>
  <Zuordnungstabelle Zuordnungsnummer="6495" KundEigtNr="14117" ObjektID="16330" ZuordnungsartID="5"/>
  <Zuordnungstabelle Zuordnungsnummer="6496" KundEigtNr="12954" ObjektID="16333" ZuordnungsartID="5"/>
  <Zuordnungstabelle Zuordnungsnummer="6497" KundEigtNr="11878" ObjektID="16334" ZuordnungsartID="5"/>
  <Zuordnungstabelle Zuordnungsnummer="6498" KundEigtNr="14162" ObjektID="16336" ZuordnungsartID="5"/>
  <Zuordnungstabelle Zuordnungsnummer="6499" KundEigtNr="13847" ObjektID="16335" ZuordnungsartID="5"/>
  <Zuordnungstabelle Zuordnungsnummer="6500" KundEigtNr="3849" ObjektID="16339" ZuordnungsartID="5"/>
  <Zuordnungstabelle Zuordnungsnummer="6501" KundEigtNr="12867" ObjektID="4715" ZuordnungsartID="5"/>
  <Zuordnungstabelle Zuordnungsnummer="6502" KundEigtNr="14094" ObjektID="1434" ZuordnungsartID="5"/>
  <Zuordnungstabelle Zuordnungsnummer="6503" KundEigtNr="13980" ObjektID="16341" ZuordnungsartID="5"/>
  <Zuordnungstabelle Zuordnungsnummer="6504" KundEigtNr="13321" ObjektID="16239" ZuordnungsartID="5"/>
  <Zuordnungstabelle Zuordnungsnummer="6505" KundEigtNr="13321" ObjektID="16345" ZuordnungsartID="5"/>
  <Zuordnungstabelle Zuordnungsnummer="6506" KundEigtNr="13321" ObjektID="16346" ZuordnungsartID="5"/>
  <Zuordnungstabelle Zuordnungsnummer="6507" KundEigtNr="13321" ObjektID="16347" ZuordnungsartID="5"/>
  <Zuordnungstabelle Zuordnungsnummer="6508" KundEigtNr="13321" ObjektID="16348" ZuordnungsartID="5"/>
  <Zuordnungstabelle Zuordnungsnummer="6509" KundEigtNr="13321" ObjektID="16349" ZuordnungsartID="5"/>
  <Zuordnungstabelle Zuordnungsnummer="6510" KundEigtNr="13321" ObjektID="16350" ZuordnungsartID="5"/>
  <Zuordnungstabelle Zuordnungsnummer="6511" KundEigtNr="14222" ObjektID="16342" ZuordnungsartID="5"/>
  <Zuordnungstabelle Zuordnungsnummer="6512" KundEigtNr="14238" ObjektID="16343" ZuordnungsartID="5"/>
  <Zuordnungstabelle Zuordnungsnummer="6513" KundEigtNr="14273" ObjektID="16377" ZuordnungsartID="5"/>
  <Zuordnungstabelle Zuordnungsnummer="6514" KundEigtNr="14275" ObjektID="16378" ZuordnungsartID="5"/>
  <Zuordnungstabelle Zuordnungsnummer="6515" KundEigtNr="14275" ObjektID="16379" ZuordnungsartID="5"/>
  <Zuordnungstabelle Zuordnungsnummer="6516" KundEigtNr="14294" ObjektID="16380" ZuordnungsartID="5"/>
  <Zuordnungstabelle Zuordnungsnummer="6517" KundEigtNr="14297" ObjektID="16381" ZuordnungsartID="5"/>
  <Zuordnungstabelle Zuordnungsnummer="6518" KundEigtNr="14298" ObjektID="16382" ZuordnungsartID="5"/>
  <Zuordnungstabelle Zuordnungsnummer="6519" KundEigtNr="2233" ObjektID="2687" ZuordnungsartID="5"/>
  <Zuordnungstabelle Zuordnungsnummer="6520" KundEigtNr="14304" ObjektID="13963" ZuordnungsartID="5"/>
  <Zuordnungstabelle Zuordnungsnummer="6521" KundEigtNr="14308" ObjektID="16351" ZuordnungsartID="5"/>
  <Zuordnungstabelle Zuordnungsnummer="6522" KundEigtNr="2233" ObjektID="16385" ZuordnungsartID="5"/>
  <Zuordnungstabelle Zuordnungsnummer="6523" KundEigtNr="14311" ObjektID="16386" ZuordnungsartID="5"/>
  <Zuordnungstabelle Zuordnungsnummer="6524" KundEigtNr="14312" ObjektID="16383" ZuordnungsartID="5"/>
  <Zuordnungstabelle Zuordnungsnummer="6525" KundEigtNr="14313" ObjektID="91" ZuordnungsartID="5"/>
  <Zuordnungstabelle Zuordnungsnummer="6526" KundEigtNr="14357" ObjektID="16388" ZuordnungsartID="5"/>
  <Zuordnungstabelle Zuordnungsnummer="6527" KundEigtNr="13309" ObjektID="3853" ZuordnungsartID="5"/>
  <Zuordnungstabelle Zuordnungsnummer="6528" KundEigtNr="14368" ObjektID="16389" ZuordnungsartID="5"/>
  <Zuordnungstabelle Zuordnungsnummer="6529" KundEigtNr="14324" ObjektID="16390" ZuordnungsartID="5"/>
  <Zuordnungstabelle Zuordnungsnummer="6530" KundEigtNr="14371" ObjektID="16391" ZuordnungsartID="5"/>
  <Zuordnungstabelle Zuordnungsnummer="6531" KundEigtNr="14376" ObjektID="14464" ZuordnungsartID="5"/>
  <Zuordnungstabelle Zuordnungsnummer="6532" KundEigtNr="14377" ObjektID="16392" ZuordnungsartID="5"/>
  <Zuordnungstabelle Zuordnungsnummer="6533" KundEigtNr="14377" ObjektID="16393" ZuordnungsartID="5"/>
  <Zuordnungstabelle Zuordnungsnummer="6535" KundEigtNr="14322" ObjektID="16396" ZuordnungsartID="5"/>
  <Zuordnungstabelle Zuordnungsnummer="6536" KundEigtNr="14415" ObjektID="16181" ZuordnungsartID="5"/>
  <Zuordnungstabelle Zuordnungsnummer="6537" KundEigtNr="14406" ObjektID="908" ZuordnungsartID="5"/>
  <Zuordnungstabelle Zuordnungsnummer="6538" KundEigtNr="14316" ObjektID="16398" ZuordnungsartID="5"/>
  <Zuordnungstabelle Zuordnungsnummer="6539" KundEigtNr="14425" ObjektID="1549" ZuordnungsartID="5"/>
  <Zuordnungstabelle Zuordnungsnummer="6540" KundEigtNr="14426" ObjektID="16344" ZuordnungsartID="5"/>
  <Zuordnungstabelle Zuordnungsnummer="6541" KundEigtNr="14427" ObjektID="16397" ZuordnungsartID="5"/>
  <Zuordnungstabelle Zuordnungsnummer="6542" KundEigtNr="13713" ObjektID="14229" ZuordnungsartID="5"/>
  <Zuordnungstabelle Zuordnungsnummer="6543" KundEigtNr="3508" ObjektID="16399" ZuordnungsartID="5"/>
  <Zuordnungstabelle Zuordnungsnummer="6544" KundEigtNr="14453" ObjektID="16400" ZuordnungsartID="5"/>
  <Zuordnungstabelle Zuordnungsnummer="6545" KundEigtNr="12954" ObjektID="16401" ZuordnungsartID="5"/>
  <Zuordnungstabelle Zuordnungsnummer="6546" KundEigtNr="13820" ObjektID="1849" ZuordnungsartID="5"/>
  <Zuordnungstabelle Zuordnungsnummer="6547" KundEigtNr="14493" ObjektID="16395" ZuordnungsartID="5"/>
  <Zuordnungstabelle Zuordnungsnummer="6548" KundEigtNr="13421" ObjektID="16394" ZuordnungsartID="5"/>
  <Zuordnungstabelle Zuordnungsnummer="6549" KundEigtNr="14343" ObjektID="16403" ZuordnungsartID="5"/>
  <Zuordnungstabelle Zuordnungsnummer="6550" KundEigtNr="14317" ObjektID="16404" ZuordnungsartID="5"/>
  <Zuordnungstabelle Zuordnungsnummer="6551" KundEigtNr="216" ObjektID="4210" ZuordnungsartID="5"/>
  <Zuordnungstabelle Zuordnungsnummer="6552" KundEigtNr="14506" ObjektID="1379" ZuordnungsartID="5"/>
  <Zuordnungstabelle Zuordnungsnummer="6553" KundEigtNr="14503" ObjektID="16405" ZuordnungsartID="5"/>
  <Zuordnungstabelle Zuordnungsnummer="6554" KundEigtNr="11908" ObjektID="16406" ZuordnungsartID="5"/>
  <Zuordnungstabelle Zuordnungsnummer="6555" KundEigtNr="14501" ObjektID="16407" ZuordnungsartID="5"/>
  <Zuordnungstabelle Zuordnungsnummer="6556" KundEigtNr="14445" ObjektID="3223" ZuordnungsartID="5"/>
  <Zuordnungstabelle Zuordnungsnummer="6557" KundEigtNr="13160" ObjektID="16408" ZuordnungsartID="5"/>
  <Zuordnungstabelle Zuordnungsnummer="6558" KundEigtNr="14523" ObjektID="16409" ZuordnungsartID="5"/>
  <Zuordnungstabelle Zuordnungsnummer="6559" KundEigtNr="2233" ObjektID="16410" ZuordnungsartID="5"/>
  <Zuordnungstabelle Zuordnungsnummer="6560" KundEigtNr="14294" ObjektID="14955" ZuordnungsartID="5"/>
  <Zuordnungstabelle Zuordnungsnummer="6561" KundEigtNr="14528" ObjektID="16411" ZuordnungsartID="5"/>
  <Zuordnungstabelle Zuordnungsnummer="6562" KundEigtNr="14535" ObjektID="16412" ZuordnungsartID="5"/>
  <Zuordnungstabelle Zuordnungsnummer="6563" KundEigtNr="14615" ObjektID="14731" ZuordnungsartID="5"/>
  <Zuordnungstabelle Zuordnungsnummer="6564" KundEigtNr="14560" ObjektID="16413" ZuordnungsartID="5"/>
  <Zuordnungstabelle Zuordnungsnummer="6565" KundEigtNr="2233" ObjektID="2635" ZuordnungsartID="5"/>
  <Zuordnungstabelle Zuordnungsnummer="6566" KundEigtNr="2233" ObjektID="13245" ZuordnungsartID="5"/>
  <Zuordnungstabelle Zuordnungsnummer="6567" KundEigtNr="2233" ObjektID="2638" ZuordnungsartID="5"/>
  <Zuordnungstabelle Zuordnungsnummer="6568" KundEigtNr="14502" ObjektID="12485" ZuordnungsartID="5"/>
  <Zuordnungstabelle Zuordnungsnummer="6569" KundEigtNr="14632" ObjektID="16415" ZuordnungsartID="5"/>
  <Zuordnungstabelle Zuordnungsnummer="6570" KundEigtNr="8621" ObjektID="16416" ZuordnungsartID="5"/>
  <Zuordnungstabelle Zuordnungsnummer="6571" KundEigtNr="7503" ObjektID="16417" ZuordnungsartID="5"/>
  <Zuordnungstabelle Zuordnungsnummer="6572" KundEigtNr="7774" ObjektID="16419" ZuordnungsartID="5"/>
  <Zuordnungstabelle Zuordnungsnummer="6573" KundEigtNr="14489" ObjektID="16414" ZuordnungsartID="5"/>
  <Zuordnungstabelle Zuordnungsnummer="6574" KundEigtNr="14504" ObjektID="14799" ZuordnungsartID="5"/>
  <Zuordnungstabelle Zuordnungsnummer="6575" KundEigtNr="12565" ObjektID="16420" ZuordnungsartID="5"/>
  <Zuordnungstabelle Zuordnungsnummer="6576" KundEigtNr="12565" ObjektID="16421" ZuordnungsartID="5"/>
  <Zuordnungstabelle Zuordnungsnummer="6577" KundEigtNr="14716" ObjektID="16423" ZuordnungsartID="5"/>
  <Zuordnungstabelle Zuordnungsnummer="6578" KundEigtNr="14768" ObjektID="9539" ZuordnungsartID="5"/>
  <Zuordnungstabelle Zuordnungsnummer="6579" KundEigtNr="14795" ObjektID="16427" ZuordnungsartID="5"/>
  <Zuordnungstabelle Zuordnungsnummer="6580" KundEigtNr="14534" ObjektID="16428" ZuordnungsartID="5"/>
  <Zuordnungstabelle Zuordnungsnummer="6581" KundEigtNr="14797" ObjektID="16429" ZuordnungsartID="5"/>
  <Zuordnungstabelle Zuordnungsnummer="6582" KundEigtNr="14446" ObjektID="16430" ZuordnungsartID="5"/>
  <Zuordnungstabelle Zuordnungsnummer="6583" KundEigtNr="2233" ObjektID="16262" ZuordnungsartID="5"/>
  <Zuordnungstabelle Zuordnungsnummer="6584" KundEigtNr="14811" ObjektID="16431" ZuordnungsartID="5"/>
  <Zuordnungstabelle Zuordnungsnummer="6585" KundEigtNr="14811" ObjektID="16432" ZuordnungsartID="5"/>
  <Zuordnungstabelle Zuordnungsnummer="6586" KundEigtNr="14684" ObjektID="14441" ZuordnungsartID="5"/>
  <Zuordnungstabelle Zuordnungsnummer="6587" KundEigtNr="14693" ObjektID="16433" ZuordnungsartID="5"/>
  <Zuordnungstabelle Zuordnungsnummer="6588" KundEigtNr="14249" ObjektID="16434" ZuordnungsartID="5"/>
  <Zuordnungstabelle Zuordnungsnummer="6589" KundEigtNr="14848" ObjektID="16435" ZuordnungsartID="5"/>
  <Zuordnungstabelle Zuordnungsnummer="6590" KundEigtNr="14850" ObjektID="16436" ZuordnungsartID="5"/>
  <Zuordnungstabelle Zuordnungsnummer="6591" KundEigtNr="14852" ObjektID="13326" ZuordnungsartID="5"/>
  <Zuordnungstabelle Zuordnungsnummer="6592" KundEigtNr="11908" ObjektID="16438" ZuordnungsartID="5"/>
  <Zuordnungstabelle Zuordnungsnummer="6593" KundEigtNr="14886" ObjektID="16425" ZuordnungsartID="5"/>
  <Zuordnungstabelle Zuordnungsnummer="6594" KundEigtNr="14889" ObjektID="16337" ZuordnungsartID="5"/>
  <Zuordnungstabelle Zuordnungsnummer="6595" KundEigtNr="14890" ObjektID="16439" ZuordnungsartID="5"/>
  <Zuordnungstabelle Zuordnungsnummer="6596" KundEigtNr="14814" ObjektID="16440" ZuordnungsartID="5"/>
  <Zuordnungstabelle Zuordnungsnummer="6597" KundEigtNr="8513" ObjektID="3042" ZuordnungsartID="5"/>
  <Zuordnungstabelle Zuordnungsnummer="6598" KundEigtNr="14730" ObjektID="16441" ZuordnungsartID="5"/>
  <Zuordnungstabelle Zuordnungsnummer="6599" KundEigtNr="14909" ObjektID="13302" ZuordnungsartID="5"/>
  <Zuordnungstabelle Zuordnungsnummer="6600" KundEigtNr="14819" ObjektID="16442" ZuordnungsartID="5"/>
  <Zuordnungstabelle Zuordnungsnummer="6601" KundEigtNr="14769" ObjektID="16443" ZuordnungsartID="5"/>
  <Zuordnungstabelle Zuordnungsnummer="6602" KundEigtNr="14910" ObjektID="16444" ZuordnungsartID="5"/>
  <Zuordnungstabelle Zuordnungsnummer="6603" KundEigtNr="14762" ObjektID="16445" ZuordnungsartID="5"/>
  <Zuordnungstabelle Zuordnungsnummer="6604" KundEigtNr="14710" ObjektID="16426" ZuordnungsartID="5"/>
  <Zuordnungstabelle Zuordnungsnummer="6605" KundEigtNr="14759" ObjektID="5963" ZuordnungsartID="5"/>
  <Zuordnungstabelle Zuordnungsnummer="6606" KundEigtNr="14937" ObjektID="16446" ZuordnungsartID="5"/>
  <Zuordnungstabelle Zuordnungsnummer="6607" KundEigtNr="14954" ObjektID="16447" ZuordnungsartID="5"/>
  <Zuordnungstabelle Zuordnungsnummer="6608" KundEigtNr="3759" ObjektID="16448" ZuordnungsartID="5"/>
  <Zuordnungstabelle Zuordnungsnummer="6609" KundEigtNr="3759" ObjektID="3089" ZuordnungsartID="5"/>
  <Zuordnungstabelle Zuordnungsnummer="6610" KundEigtNr="3759" ObjektID="3090" ZuordnungsartID="5"/>
  <Zuordnungstabelle Zuordnungsnummer="6611" KundEigtNr="3759" ObjektID="3091" ZuordnungsartID="5"/>
  <Zuordnungstabelle Zuordnungsnummer="6612" KundEigtNr="3759" ObjektID="3092" ZuordnungsartID="5"/>
  <Zuordnungstabelle Zuordnungsnummer="6613" KundEigtNr="3759" ObjektID="3093" ZuordnungsartID="5"/>
  <Zuordnungstabelle Zuordnungsnummer="6614" KundEigtNr="3759" ObjektID="3094" ZuordnungsartID="5"/>
  <Zuordnungstabelle Zuordnungsnummer="6615" KundEigtNr="3759" ObjektID="3096" ZuordnungsartID="5"/>
  <Zuordnungstabelle Zuordnungsnummer="6616" KundEigtNr="3759" ObjektID="3097" ZuordnungsartID="5"/>
  <Zuordnungstabelle Zuordnungsnummer="6617" KundEigtNr="3759" ObjektID="3098" ZuordnungsartID="5"/>
  <Zuordnungstabelle Zuordnungsnummer="6618" KundEigtNr="3759" ObjektID="3099" ZuordnungsartID="8"/>
  <Zuordnungstabelle Zuordnungsnummer="6619" KundEigtNr="3759" ObjektID="3100" ZuordnungsartID="5"/>
  <Zuordnungstabelle Zuordnungsnummer="6620" KundEigtNr="3759" ObjektID="3101" ZuordnungsartID="5"/>
  <Zuordnungstabelle Zuordnungsnummer="6621" KundEigtNr="3759" ObjektID="3102" ZuordnungsartID="5"/>
  <Zuordnungstabelle Zuordnungsnummer="6622" KundEigtNr="3759" ObjektID="3103" ZuordnungsartID="5"/>
  <Zuordnungstabelle Zuordnungsnummer="6623" KundEigtNr="3759" ObjektID="3104" ZuordnungsartID="5"/>
  <Zuordnungstabelle Zuordnungsnummer="6624" KundEigtNr="3759" ObjektID="3105" ZuordnungsartID="5"/>
  <Zuordnungstabelle Zuordnungsnummer="6625" KundEigtNr="3759" ObjektID="16449" ZuordnungsartID="5"/>
  <Zuordnungstabelle Zuordnungsnummer="6626" KundEigtNr="3759" ObjektID="16450" ZuordnungsartID="5"/>
  <Zuordnungstabelle Zuordnungsnummer="6627" KundEigtNr="3759" ObjektID="16451" ZuordnungsartID="5"/>
  <Zuordnungstabelle Zuordnungsnummer="6628" KundEigtNr="8211" ObjektID="16452" ZuordnungsartID="5"/>
  <Zuordnungstabelle Zuordnungsnummer="6629" KundEigtNr="11637" ObjektID="583" ZuordnungsartID="5"/>
  <Zuordnungstabelle Zuordnungsnummer="6630" KundEigtNr="14965" ObjektID="12365" ZuordnungsartID="5"/>
  <Zuordnungstabelle Zuordnungsnummer="6631" KundEigtNr="14966" ObjektID="13340" ZuordnungsartID="5"/>
  <Zuordnungstabelle Zuordnungsnummer="6632" KundEigtNr="14967" ObjektID="16454" ZuordnungsartID="5"/>
  <Zuordnungstabelle Zuordnungsnummer="6633" KundEigtNr="14969" ObjektID="16456" ZuordnungsartID="5"/>
  <Zuordnungstabelle Zuordnungsnummer="6634" KundEigtNr="14761" ObjektID="13207" ZuordnungsartID="5"/>
  <Zuordnungstabelle Zuordnungsnummer="6635" KundEigtNr="14972" ObjektID="14468" ZuordnungsartID="5"/>
  <Zuordnungstabelle Zuordnungsnummer="6636" KundEigtNr="14973" ObjektID="16457" ZuordnungsartID="5"/>
  <Zuordnungstabelle Zuordnungsnummer="6637" KundEigtNr="14973" ObjektID="16458" ZuordnungsartID="5"/>
  <Zuordnungstabelle Zuordnungsnummer="6638" KundEigtNr="14644" ObjektID="16459" ZuordnungsartID="5"/>
  <Zuordnungstabelle Zuordnungsnummer="6639" KundEigtNr="14944" ObjektID="16460" ZuordnungsartID="5"/>
  <Zuordnungstabelle Zuordnungsnummer="6640" KundEigtNr="14939" ObjektID="5263" ZuordnungsartID="5"/>
  <Zuordnungstabelle Zuordnungsnummer="6641" KundEigtNr="14645" ObjektID="16461" ZuordnungsartID="5"/>
  <Zuordnungstabelle Zuordnungsnummer="6642" KundEigtNr="14907" ObjektID="206" ZuordnungsartID="5"/>
  <Zuordnungstabelle Zuordnungsnummer="6643" KundEigtNr="14881" ObjektID="16462" ZuordnungsartID="5"/>
  <Zuordnungstabelle Zuordnungsnummer="6644" KundEigtNr="15016" ObjektID="16463" ZuordnungsartID="5"/>
  <Zuordnungstabelle Zuordnungsnummer="6645" KundEigtNr="8983" ObjektID="13310" ZuordnungsartID="5"/>
  <Zuordnungstabelle Zuordnungsnummer="6646" KundEigtNr="15016" ObjektID="16464" ZuordnungsartID="5"/>
  <Zuordnungstabelle Zuordnungsnummer="6647" KundEigtNr="15022" ObjektID="14444" ZuordnungsartID="5"/>
  <Zuordnungstabelle Zuordnungsnummer="6648" KundEigtNr="15030" ObjektID="980" ZuordnungsartID="5"/>
  <Zuordnungstabelle Zuordnungsnummer="6649" KundEigtNr="15037" ObjektID="14455" ZuordnungsartID="5"/>
  <Zuordnungstabelle Zuordnungsnummer="6650" KundEigtNr="13948" ObjektID="16465" ZuordnungsartID="5"/>
  <Zuordnungstabelle Zuordnungsnummer="6651" KundEigtNr="7350" ObjektID="16466" ZuordnungsartID="5"/>
  <Zuordnungstabelle Zuordnungsnummer="6652" KundEigtNr="15090" ObjektID="16467" ZuordnungsartID="5"/>
  <Zuordnungstabelle Zuordnungsnummer="6653" KundEigtNr="1128" ObjektID="16298" ZuordnungsartID="5"/>
  <Zuordnungstabelle Zuordnungsnummer="6654" KundEigtNr="15102" ObjektID="14800" ZuordnungsartID="5"/>
  <Zuordnungstabelle Zuordnungsnummer="6655" KundEigtNr="15053" ObjektID="16469" ZuordnungsartID="5"/>
  <Zuordnungstabelle Zuordnungsnummer="6656" KundEigtNr="15065" ObjektID="16470" ZuordnungsartID="5"/>
  <Zuordnungstabelle Zuordnungsnummer="6657" KundEigtNr="15065" ObjektID="16471" ZuordnungsartID="5"/>
  <Zuordnungstabelle Zuordnungsnummer="6658" KundEigtNr="15047" ObjektID="16472" ZuordnungsartID="5"/>
  <Zuordnungstabelle Zuordnungsnummer="6659" KundEigtNr="15136" ObjektID="16473" ZuordnungsartID="5"/>
  <Zuordnungstabelle Zuordnungsnummer="6660" KundEigtNr="15141" ObjektID="16474" ZuordnungsartID="5"/>
  <Zuordnungstabelle Zuordnungsnummer="6661" KundEigtNr="15158" ObjektID="16475" ZuordnungsartID="5"/>
  <Zuordnungstabelle Zuordnungsnummer="6662" KundEigtNr="15159" ObjektID="16476" ZuordnungsartID="5"/>
  <Zuordnungstabelle Zuordnungsnummer="6663" KundEigtNr="15166" ObjektID="9491" ZuordnungsartID="5"/>
  <Zuordnungstabelle Zuordnungsnummer="6664" KundEigtNr="15166" ObjektID="9560" ZuordnungsartID="5"/>
  <Zuordnungstabelle Zuordnungsnummer="6665" KundEigtNr="15166" ObjektID="16478" ZuordnungsartID="5"/>
  <Zuordnungstabelle Zuordnungsnummer="6666" KundEigtNr="15166" ObjektID="16479" ZuordnungsartID="5"/>
  <Zuordnungstabelle Zuordnungsnummer="6667" KundEigtNr="15171" ObjektID="1835" ZuordnungsartID="5"/>
  <Zuordnungstabelle Zuordnungsnummer="6668" KundEigtNr="15166" ObjektID="16480" ZuordnungsartID="5"/>
  <Zuordnungstabelle Zuordnungsnummer="6669" KundEigtNr="15166" ObjektID="16481" ZuordnungsartID="5"/>
  <Zuordnungstabelle Zuordnungsnummer="6670" KundEigtNr="14727" ObjektID="16482" ZuordnungsartID="5"/>
  <Zuordnungstabelle Zuordnungsnummer="6671" KundEigtNr="15122" ObjektID="16483" ZuordnungsartID="5"/>
  <Zuordnungstabelle Zuordnungsnummer="6672" KundEigtNr="15041" ObjektID="16484" ZuordnungsartID="5"/>
  <Zuordnungstabelle Zuordnungsnummer="6673" KundEigtNr="15166" ObjektID="16485" ZuordnungsartID="5"/>
  <Zuordnungstabelle Zuordnungsnummer="6674" KundEigtNr="15214" ObjektID="16477" ZuordnungsartID="5"/>
  <Zuordnungstabelle Zuordnungsnummer="6675" KundEigtNr="14546" ObjektID="16486" ZuordnungsartID="5"/>
  <Zuordnungstabelle Zuordnungsnummer="6676" KundEigtNr="15153" ObjektID="16487" ZuordnungsartID="5"/>
  <Zuordnungstabelle Zuordnungsnummer="6677" KundEigtNr="15146" ObjektID="16488" ZuordnungsartID="5"/>
  <Zuordnungstabelle Zuordnungsnummer="6678" KundEigtNr="15224" ObjektID="1182" ZuordnungsartID="5"/>
  <Zuordnungstabelle Zuordnungsnummer="6679" KundEigtNr="15235" ObjektID="13342" ZuordnungsartID="5"/>
  <Zuordnungstabelle Zuordnungsnummer="6680" KundEigtNr="15244" ObjektID="16489" ZuordnungsartID="5"/>
  <Zuordnungstabelle Zuordnungsnummer="6681" KundEigtNr="15294" ObjektID="16490" ZuordnungsartID="5"/>
  <Zuordnungstabelle Zuordnungsnummer="6682" KundEigtNr="2580" ObjektID="16030" ZuordnungsartID="5"/>
  <Zuordnungstabelle Zuordnungsnummer="6683" KundEigtNr="15185" ObjektID="16491" ZuordnungsartID="5"/>
  <Zuordnungstabelle Zuordnungsnummer="6684" KundEigtNr="15340" ObjektID="16492" ZuordnungsartID="5"/>
  <Zuordnungstabelle Zuordnungsnummer="6685" KundEigtNr="15339" ObjektID="16493" ZuordnungsartID="5"/>
  <Zuordnungstabelle Zuordnungsnummer="6686" KundEigtNr="15349" ObjektID="16496" ZuordnungsartID="5"/>
  <Zuordnungstabelle Zuordnungsnummer="6687" KundEigtNr="2233" ObjektID="16263" ZuordnungsartID="5"/>
  <Zuordnungstabelle Zuordnungsnummer="6688" KundEigtNr="15147" ObjektID="16497" ZuordnungsartID="5"/>
  <Zuordnungstabelle Zuordnungsnummer="6689" KundEigtNr="15357" ObjektID="16498" ZuordnungsartID="5"/>
  <Zuordnungstabelle Zuordnungsnummer="6690" KundEigtNr="15362" ObjektID="16494" ZuordnungsartID="5"/>
  <Zuordnungstabelle Zuordnungsnummer="6691" KundEigtNr="15380" ObjektID="16500" ZuordnungsartID="5"/>
  <Zuordnungstabelle Zuordnungsnummer="6692" KundEigtNr="15264" ObjektID="16501" ZuordnungsartID="5"/>
  <Zuordnungstabelle Zuordnungsnummer="6694" KundEigtNr="15385" ObjektID="4019" ZuordnungsartID="5"/>
  <Zuordnungstabelle Zuordnungsnummer="6695" KundEigtNr="15049" ObjektID="16502" ZuordnungsartID="5"/>
  <Zuordnungstabelle Zuordnungsnummer="6696" KundEigtNr="15457" ObjektID="16503" ZuordnungsartID="5"/>
  <Zuordnungstabelle Zuordnungsnummer="6697" KundEigtNr="15464" ObjektID="13684" ZuordnungsartID="5"/>
  <Zuordnungstabelle Zuordnungsnummer="6698" KundEigtNr="15474" ObjektID="16504" ZuordnungsartID="5"/>
  <Zuordnungstabelle Zuordnungsnummer="6699" KundEigtNr="15436" ObjektID="16505" ZuordnungsartID="5"/>
  <Zuordnungstabelle Zuordnungsnummer="6700" KundEigtNr="15494" ObjektID="3685" ZuordnungsartID="8"/>
  <Zuordnungstabelle Zuordnungsnummer="6701" KundEigtNr="14724" ObjektID="16506" ZuordnungsartID="5"/>
  <Zuordnungstabelle Zuordnungsnummer="6702" KundEigtNr="15497" ObjektID="16402" ZuordnungsartID="5"/>
  <Zuordnungstabelle Zuordnungsnummer="6703" KundEigtNr="15498" ObjektID="16507" ZuordnungsartID="5"/>
  <Zuordnungstabelle Zuordnungsnummer="6704" KundEigtNr="15500" ObjektID="16508" ZuordnungsartID="5"/>
  <Zuordnungstabelle Zuordnungsnummer="6705" KundEigtNr="15374" ObjektID="16509" ZuordnungsartID="5"/>
  <Zuordnungstabelle Zuordnungsnummer="6706" KundEigtNr="15508" ObjektID="16510" ZuordnungsartID="5"/>
  <Zuordnungstabelle Zuordnungsnummer="6707" KundEigtNr="15451" ObjektID="16511" ZuordnungsartID="5"/>
  <Zuordnungstabelle Zuordnungsnummer="6708" KundEigtNr="15551" ObjektID="306" ZuordnungsartID="5"/>
  <Zuordnungstabelle Zuordnungsnummer="6709" KundEigtNr="15557" ObjektID="16513" ZuordnungsartID="5"/>
  <Zuordnungstabelle Zuordnungsnummer="6710" KundEigtNr="15567" ObjektID="16514" ZuordnungsartID="5"/>
  <Zuordnungstabelle Zuordnungsnummer="6711" KundEigtNr="15580" ObjektID="14241" ZuordnungsartID="5"/>
  <Zuordnungstabelle Zuordnungsnummer="6712" KundEigtNr="15610" ObjektID="16519" ZuordnungsartID="5"/>
  <Zuordnungstabelle Zuordnungsnummer="6713" KundEigtNr="15607" ObjektID="16520" ZuordnungsartID="5"/>
  <Zuordnungstabelle Zuordnungsnummer="6714" KundEigtNr="15617" ObjektID="16521" ZuordnungsartID="5"/>
  <Zuordnungstabelle Zuordnungsnummer="6715" KundEigtNr="15632" ObjektID="16523" ZuordnungsartID="5"/>
  <Zuordnungstabelle Zuordnungsnummer="6716" KundEigtNr="15535" ObjektID="16524" ZuordnungsartID="5"/>
  <Zuordnungstabelle Zuordnungsnummer="6717" KundEigtNr="15618" ObjektID="16525" ZuordnungsartID="5"/>
  <Zuordnungstabelle Zuordnungsnummer="6718" KundEigtNr="15743" ObjektID="16526" ZuordnungsartID="5"/>
  <Zuordnungstabelle Zuordnungsnummer="6719" KundEigtNr="15744" ObjektID="16527" ZuordnungsartID="5"/>
  <Zuordnungstabelle Zuordnungsnummer="6720" KundEigtNr="15745" ObjektID="16528" ZuordnungsartID="5"/>
  <Zuordnungstabelle Zuordnungsnummer="6721" KundEigtNr="15754" ObjektID="16529" ZuordnungsartID="5"/>
  <Zuordnungstabelle Zuordnungsnummer="6722" KundEigtNr="15759" ObjektID="10154" ZuordnungsartID="5"/>
  <Zuordnungstabelle Zuordnungsnummer="6723" KundEigtNr="6979" ObjektID="14575" ZuordnungsartID="5"/>
  <Zuordnungstabelle Zuordnungsnummer="6724" KundEigtNr="15760" ObjektID="2345" ZuordnungsartID="5"/>
  <Zuordnungstabelle Zuordnungsnummer="6725" KundEigtNr="15653" ObjektID="16530" ZuordnungsartID="5"/>
  <Zuordnungstabelle Zuordnungsnummer="6726" KundEigtNr="15784" ObjektID="16531" ZuordnungsartID="5"/>
  <Zuordnungstabelle Zuordnungsnummer="6727" KundEigtNr="15789" ObjektID="16532" ZuordnungsartID="5"/>
  <Zuordnungstabelle Zuordnungsnummer="6728" KundEigtNr="15788" ObjektID="16533" ZuordnungsartID="5"/>
  <Zuordnungstabelle Zuordnungsnummer="6729" KundEigtNr="15787" ObjektID="14340" ZuordnungsartID="5"/>
  <Zuordnungstabelle Zuordnungsnummer="6730" KundEigtNr="15785" ObjektID="16535" ZuordnungsartID="5"/>
  <Zuordnungstabelle Zuordnungsnummer="6731" KundEigtNr="15785" ObjektID="16534" ZuordnungsartID="5"/>
  <Zuordnungstabelle Zuordnungsnummer="6732" KundEigtNr="15786" ObjektID="14374" ZuordnungsartID="5"/>
  <Zuordnungstabelle Zuordnungsnummer="6733" KundEigtNr="15806" ObjektID="16536" ZuordnungsartID="5"/>
  <Zuordnungstabelle Zuordnungsnummer="6734" KundEigtNr="15807" ObjektID="16537" ZuordnungsartID="5"/>
  <Zuordnungstabelle Zuordnungsnummer="6735" KundEigtNr="15808" ObjektID="16538" ZuordnungsartID="5"/>
  <Zuordnungstabelle Zuordnungsnummer="6736" KundEigtNr="15808" ObjektID="16539" ZuordnungsartID="5"/>
  <Zuordnungstabelle Zuordnungsnummer="6737" KundEigtNr="15819" ObjektID="15705" ZuordnungsartID="5"/>
  <Zuordnungstabelle Zuordnungsnummer="6738" KundEigtNr="14527" ObjektID="16540" ZuordnungsartID="5"/>
  <Zuordnungstabelle Zuordnungsnummer="6739" KundEigtNr="15848" ObjektID="16541" ZuordnungsartID="5"/>
  <Zuordnungstabelle Zuordnungsnummer="6740" KundEigtNr="15874" ObjektID="16542" ZuordnungsartID="5"/>
  <Zuordnungstabelle Zuordnungsnummer="6741" KundEigtNr="15875" ObjektID="16543" ZuordnungsartID="5"/>
  <Zuordnungstabelle Zuordnungsnummer="6742" KundEigtNr="15879" ObjektID="16545" ZuordnungsartID="5"/>
  <Zuordnungstabelle Zuordnungsnummer="6743" KundEigtNr="15786" ObjektID="16546" ZuordnungsartID="5"/>
  <Zuordnungstabelle Zuordnungsnummer="6744" KundEigtNr="15917" ObjektID="16547" ZuordnungsartID="5"/>
  <Zuordnungstabelle Zuordnungsnummer="6745" KundEigtNr="15945" ObjektID="16548" ZuordnungsartID="5"/>
  <Zuordnungstabelle Zuordnungsnummer="6746" KundEigtNr="15461" ObjektID="16549" ZuordnungsartID="5"/>
  <Zuordnungstabelle Zuordnungsnummer="6747" KundEigtNr="15732" ObjektID="428" ZuordnungsartID="5"/>
  <Zuordnungstabelle Zuordnungsnummer="6748" KundEigtNr="15982" ObjektID="16550" ZuordnungsartID="5"/>
  <Zuordnungstabelle Zuordnungsnummer="6749" KundEigtNr="15835" ObjektID="6171" ZuordnungsartID="5"/>
  <Zuordnungstabelle Zuordnungsnummer="6750" KundEigtNr="15788" ObjektID="16551" ZuordnungsartID="5"/>
  <Zuordnungstabelle Zuordnungsnummer="6751" KundEigtNr="15985" ObjektID="16552" ZuordnungsartID="5"/>
  <Zuordnungstabelle Zuordnungsnummer="6752" KundEigtNr="15987" ObjektID="16553" ZuordnungsartID="5"/>
  <Zuordnungstabelle Zuordnungsnummer="6753" KundEigtNr="15904" ObjektID="3913" ZuordnungsartID="5"/>
  <Zuordnungstabelle Zuordnungsnummer="6754" KundEigtNr="1453" ObjektID="8815" ZuordnungsartID="5"/>
  <Zuordnungstabelle Zuordnungsnummer="6755" KundEigtNr="8834" ObjektID="14553" ZuordnungsartID="5"/>
  <Zuordnungstabelle Zuordnungsnummer="6757" KundEigtNr="15837" ObjektID="16554" ZuordnungsartID="5"/>
  <Zuordnungstabelle Zuordnungsnummer="6758" KundEigtNr="15837" ObjektID="16555" ZuordnungsartID="5"/>
  <Zuordnungstabelle Zuordnungsnummer="6759" KundEigtNr="15837" ObjektID="16556" ZuordnungsartID="5"/>
  <Zuordnungstabelle Zuordnungsnummer="6760" KundEigtNr="16026" ObjektID="16557" ZuordnungsartID="5"/>
  <Zuordnungstabelle Zuordnungsnummer="6761" KundEigtNr="16028" ObjektID="16558" ZuordnungsartID="5"/>
  <Zuordnungstabelle Zuordnungsnummer="6762" KundEigtNr="15905" ObjektID="16559" ZuordnungsartID="5"/>
  <Zuordnungstabelle Zuordnungsnummer="6763" KundEigtNr="16026" ObjektID="16560" ZuordnungsartID="5"/>
  <Zuordnungstabelle Zuordnungsnummer="6764" KundEigtNr="16026" ObjektID="16561" ZuordnungsartID="5"/>
  <Zuordnungstabelle Zuordnungsnummer="6765" KundEigtNr="16026" ObjektID="16562" ZuordnungsartID="5"/>
  <Zuordnungstabelle Zuordnungsnummer="6767" KundEigtNr="15822" ObjektID="16564" ZuordnungsartID="5"/>
  <Zuordnungstabelle Zuordnungsnummer="6768" KundEigtNr="15755" ObjektID="13686" ZuordnungsartID="5"/>
  <Zuordnungstabelle Zuordnungsnummer="6769" KundEigtNr="16056" ObjektID="16565" ZuordnungsartID="5"/>
  <Zuordnungstabelle Zuordnungsnummer="6770" KundEigtNr="16058" ObjektID="16566" ZuordnungsartID="5"/>
  <Zuordnungstabelle Zuordnungsnummer="6771" KundEigtNr="15970" ObjektID="16567" ZuordnungsartID="5"/>
  <Zuordnungstabelle Zuordnungsnummer="6772" KundEigtNr="15979" ObjektID="16568" ZuordnungsartID="5"/>
  <Zuordnungstabelle Zuordnungsnummer="6773" KundEigtNr="16131" ObjektID="16570" ZuordnungsartID="5"/>
  <Zuordnungstabelle Zuordnungsnummer="6774" KundEigtNr="15943" ObjektID="16571" ZuordnungsartID="5"/>
  <Zuordnungstabelle Zuordnungsnummer="6775" KundEigtNr="16139" ObjektID="16572" ZuordnungsartID="5"/>
  <Zuordnungstabelle Zuordnungsnummer="6776" KundEigtNr="16084" ObjektID="13205" ZuordnungsartID="5"/>
  <Zuordnungstabelle Zuordnungsnummer="6777" KundEigtNr="16144" ObjektID="16573" ZuordnungsartID="5"/>
  <Zuordnungstabelle Zuordnungsnummer="6778" KundEigtNr="15690" ObjektID="16574" ZuordnungsartID="5"/>
  <Zuordnungstabelle Zuordnungsnummer="6779" KundEigtNr="16085" ObjektID="4202" ZuordnungsartID="5"/>
  <Zuordnungstabelle Zuordnungsnummer="6780" KundEigtNr="16115" ObjektID="2040" ZuordnungsartID="5"/>
  <Zuordnungstabelle Zuordnungsnummer="6781" KundEigtNr="16161" ObjektID="16575" ZuordnungsartID="5"/>
  <Zuordnungstabelle Zuordnungsnummer="6782" KundEigtNr="16112" ObjektID="16576" ZuordnungsartID="5"/>
  <Zuordnungstabelle Zuordnungsnummer="6783" KundEigtNr="16117" ObjektID="16577" ZuordnungsartID="5"/>
  <Zuordnungstabelle Zuordnungsnummer="6784" KundEigtNr="16119" ObjektID="2710" ZuordnungsartID="5"/>
  <Zuordnungstabelle Zuordnungsnummer="6785" KundEigtNr="16220" ObjektID="16578" ZuordnungsartID="5"/>
  <Zuordnungstabelle Zuordnungsnummer="6786" KundEigtNr="16231" ObjektID="16579" ZuordnungsartID="5"/>
  <Zuordnungstabelle Zuordnungsnummer="6787" KundEigtNr="13321" ObjektID="16581" ZuordnungsartID="5"/>
  <Zuordnungstabelle Zuordnungsnummer="6788" KundEigtNr="16287" ObjektID="16583" ZuordnungsartID="5"/>
  <Zuordnungstabelle Zuordnungsnummer="6789" KundEigtNr="16193" ObjektID="16582" ZuordnungsartID="5"/>
  <Zuordnungstabelle Zuordnungsnummer="6790" KundEigtNr="9660" ObjektID="463" ZuordnungsartID="5"/>
  <Zuordnungstabelle Zuordnungsnummer="6791" KundEigtNr="16307" ObjektID="16584" ZuordnungsartID="5"/>
  <Zuordnungstabelle Zuordnungsnummer="6792" KundEigtNr="16287" ObjektID="16585" ZuordnungsartID="5"/>
  <Zuordnungstabelle Zuordnungsnummer="6793" KundEigtNr="16256" ObjektID="16586" ZuordnungsartID="5"/>
  <Zuordnungstabelle Zuordnungsnummer="6794" KundEigtNr="16269" ObjektID="16587" ZuordnungsartID="5"/>
  <Zuordnungstabelle Zuordnungsnummer="6795" KundEigtNr="16332" ObjektID="5426" ZuordnungsartID="5"/>
  <Zuordnungstabelle Zuordnungsnummer="6796" KundEigtNr="16335" ObjektID="16588" ZuordnungsartID="5"/>
  <Zuordnungstabelle Zuordnungsnummer="6797" KundEigtNr="16329" ObjektID="16589" ZuordnungsartID="5"/>
  <Zuordnungstabelle Zuordnungsnummer="6798" KundEigtNr="16346" ObjektID="16590" ZuordnungsartID="5"/>
  <Zuordnungstabelle Zuordnungsnummer="6799" KundEigtNr="16259" ObjektID="16591" ZuordnungsartID="5"/>
  <Zuordnungstabelle Zuordnungsnummer="6800" KundEigtNr="16039" ObjektID="1562" ZuordnungsartID="5"/>
  <Zuordnungstabelle Zuordnungsnummer="6801" KundEigtNr="14317" ObjektID="16592" ZuordnungsartID="5"/>
  <Zuordnungstabelle Zuordnungsnummer="6802" KundEigtNr="16287" ObjektID="16593" ZuordnungsartID="5"/>
  <Zuordnungstabelle Zuordnungsnummer="6803" KundEigtNr="16353" ObjektID="16594" ZuordnungsartID="5"/>
  <Zuordnungstabelle Zuordnungsnummer="6804" KundEigtNr="16110" ObjektID="16595" ZuordnungsartID="5"/>
  <Zuordnungstabelle Zuordnungsnummer="6805" KundEigtNr="16361" ObjektID="16596" ZuordnungsartID="5"/>
  <Zuordnungstabelle Zuordnungsnummer="6806" KundEigtNr="16307" ObjektID="16597" ZuordnungsartID="5"/>
  <Zuordnungstabelle Zuordnungsnummer="6844" KundEigtNr="17594" ObjektID="16599" ZuordnungsartID="5"/>
  <Zuordnungstabelle Zuordnungsnummer="6845" KundEigtNr="17619" ObjektID="16601" ZuordnungsartID="5"/>
  <Zuordnungstabelle Zuordnungsnummer="6846" KundEigtNr="15201" ObjektID="16602" ZuordnungsartID="5"/>
  <Zuordnungstabelle Zuordnungsnummer="6847" KundEigtNr="17639" ObjektID="5421" ZuordnungsartID="5"/>
  <Zuordnungstabelle Zuordnungsnummer="6848" KundEigtNr="17606" ObjektID="16603" ZuordnungsartID="5"/>
  <Zuordnungstabelle Zuordnungsnummer="6849" KundEigtNr="16371" ObjektID="16604" ZuordnungsartID="5"/>
  <Zuordnungstabelle Zuordnungsnummer="6850" KundEigtNr="17563" ObjektID="16605" ZuordnungsartID="5"/>
  <Zuordnungstabelle Zuordnungsnummer="6851" KundEigtNr="15960" ObjektID="16606" ZuordnungsartID="5"/>
  <Zuordnungstabelle Zuordnungsnummer="6852" KundEigtNr="15201" ObjektID="16600" ZuordnungsartID="5"/>
  <Zuordnungstabelle Zuordnungsnummer="6853" KundEigtNr="16390" ObjektID="16607" ZuordnungsartID="5"/>
  <Zuordnungstabelle Zuordnungsnummer="6854" KundEigtNr="17655" ObjektID="16608" ZuordnungsartID="5"/>
  <Zuordnungstabelle Zuordnungsnummer="6855" KundEigtNr="17659" ObjektID="16609" ZuordnungsartID="5"/>
  <Zuordnungstabelle Zuordnungsnummer="6856" KundEigtNr="17660" ObjektID="16598" ZuordnungsartID="5"/>
  <Zuordnungstabelle Zuordnungsnummer="6857" KundEigtNr="15827" ObjektID="16613" ZuordnungsartID="5"/>
  <Zuordnungstabelle Zuordnungsnummer="6858" KundEigtNr="16377" ObjektID="16614" ZuordnungsartID="5"/>
  <Zuordnungstabelle Zuordnungsnummer="6859" KundEigtNr="7791" ObjektID="14553" ZuordnungsartID="5"/>
  <Zuordnungstabelle Zuordnungsnummer="6860" KundEigtNr="16043" ObjektID="16615" ZuordnungsartID="5"/>
  <Zuordnungstabelle Zuordnungsnummer="6861" KundEigtNr="17672" ObjektID="16616" ZuordnungsartID="5"/>
  <Zuordnungstabelle Zuordnungsnummer="6862" KundEigtNr="17687" ObjektID="16618" ZuordnungsartID="5"/>
  <Zuordnungstabelle Zuordnungsnummer="6863" KundEigtNr="15828" ObjektID="16619" ZuordnungsartID="5"/>
  <Zuordnungstabelle Zuordnungsnummer="6864" KundEigtNr="13129" ObjektID="16495" ZuordnungsartID="5"/>
  <Zuordnungstabelle Zuordnungsnummer="6865" KundEigtNr="17661" ObjektID="16620" ZuordnungsartID="5"/>
  <Zuordnungstabelle Zuordnungsnummer="6866" KundEigtNr="17731" ObjektID="16621" ZuordnungsartID="5"/>
  <Zuordnungstabelle Zuordnungsnummer="6867" KundEigtNr="17731" ObjektID="16622" ZuordnungsartID="5"/>
  <Zuordnungstabelle Zuordnungsnummer="6868" KundEigtNr="17735" ObjektID="16623" ZuordnungsartID="5"/>
  <Zuordnungstabelle Zuordnungsnummer="6869" KundEigtNr="17750" ObjektID="2806" ZuordnungsartID="5"/>
  <Zuordnungstabelle Zuordnungsnummer="6870" KundEigtNr="9554" ObjektID="16624" ZuordnungsartID="5"/>
  <Zuordnungstabelle Zuordnungsnummer="6871" KundEigtNr="17753" ObjektID="16628" ZuordnungsartID="5"/>
  <Zuordnungstabelle Zuordnungsnummer="6872" KundEigtNr="17755" ObjektID="16629" ZuordnungsartID="5"/>
  <Zuordnungstabelle Zuordnungsnummer="6873" KundEigtNr="2972" ObjektID="16630" ZuordnungsartID="5"/>
  <Zuordnungstabelle Zuordnungsnummer="6874" KundEigtNr="9554" ObjektID="16625" ZuordnungsartID="5"/>
  <Zuordnungstabelle Zuordnungsnummer="6875" KundEigtNr="9554" ObjektID="16626" ZuordnungsartID="5"/>
  <Zuordnungstabelle Zuordnungsnummer="6876" KundEigtNr="9554" ObjektID="16627" ZuordnungsartID="5"/>
  <Zuordnungstabelle Zuordnungsnummer="6877" KundEigtNr="17775" ObjektID="16631" ZuordnungsartID="5"/>
  <Zuordnungstabelle Zuordnungsnummer="6878" KundEigtNr="17774" ObjektID="16632" ZuordnungsartID="5"/>
  <Zuordnungstabelle Zuordnungsnummer="6879" KundEigtNr="17773" ObjektID="16633" ZuordnungsartID="5"/>
  <Zuordnungstabelle Zuordnungsnummer="6880" KundEigtNr="17654" ObjektID="16634" ZuordnungsartID="5"/>
  <Zuordnungstabelle Zuordnungsnummer="6881" KundEigtNr="17772" ObjektID="16635" ZuordnungsartID="5"/>
  <Zuordnungstabelle Zuordnungsnummer="6882" KundEigtNr="16078" ObjektID="16636" ZuordnungsartID="5"/>
  <Zuordnungstabelle Zuordnungsnummer="6883" KundEigtNr="13967" ObjektID="16637" ZuordnungsartID="5"/>
  <Zuordnungstabelle Zuordnungsnummer="6884" KundEigtNr="17801" ObjektID="16638" ZuordnungsartID="5"/>
  <Zuordnungstabelle Zuordnungsnummer="6885" KundEigtNr="17811" ObjektID="16639" ZuordnungsartID="5"/>
  <Zuordnungstabelle Zuordnungsnummer="6886" KundEigtNr="17811" ObjektID="16640" ZuordnungsartID="5"/>
  <Zuordnungstabelle Zuordnungsnummer="6887" KundEigtNr="5377" ObjektID="16641" ZuordnungsartID="5"/>
  <Zuordnungstabelle Zuordnungsnummer="6888" KundEigtNr="5377" ObjektID="16642" ZuordnungsartID="5"/>
  <Zuordnungstabelle Zuordnungsnummer="6889" KundEigtNr="5377" ObjektID="16643" ZuordnungsartID="5"/>
  <Zuordnungstabelle Zuordnungsnummer="6890" KundEigtNr="5377" ObjektID="16644" ZuordnungsartID="5"/>
  <Zuordnungstabelle Zuordnungsnummer="6891" KundEigtNr="5377" ObjektID="16645" ZuordnungsartID="5"/>
  <Zuordnungstabelle Zuordnungsnummer="6892" KundEigtNr="5377" ObjektID="16646" ZuordnungsartID="5"/>
  <Zuordnungstabelle Zuordnungsnummer="6893" KundEigtNr="5377" ObjektID="16647" ZuordnungsartID="5"/>
  <Zuordnungstabelle Zuordnungsnummer="6894" KundEigtNr="5377" ObjektID="16648" ZuordnungsartID="5"/>
  <Zuordnungstabelle Zuordnungsnummer="6895" KundEigtNr="5377" ObjektID="16649" ZuordnungsartID="5"/>
  <Zuordnungstabelle Zuordnungsnummer="6896" KundEigtNr="5377" ObjektID="16650" ZuordnungsartID="5"/>
  <Zuordnungstabelle Zuordnungsnummer="6897" KundEigtNr="5377" ObjektID="16651" ZuordnungsartID="5"/>
  <Zuordnungstabelle Zuordnungsnummer="6898" KundEigtNr="5377" ObjektID="16652" ZuordnungsartID="5"/>
  <Zuordnungstabelle Zuordnungsnummer="6899" KundEigtNr="5377" ObjektID="16653" ZuordnungsartID="5"/>
  <Zuordnungstabelle Zuordnungsnummer="6900" KundEigtNr="5377" ObjektID="16654" ZuordnungsartID="5"/>
  <Zuordnungstabelle Zuordnungsnummer="6901" KundEigtNr="5377" ObjektID="16655" ZuordnungsartID="5"/>
  <Zuordnungstabelle Zuordnungsnummer="6902" KundEigtNr="5377" ObjektID="16656" ZuordnungsartID="5"/>
  <Zuordnungstabelle Zuordnungsnummer="6903" KundEigtNr="5377" ObjektID="16657" ZuordnungsartID="5"/>
  <Zuordnungstabelle Zuordnungsnummer="6904" KundEigtNr="5377" ObjektID="16658" ZuordnungsartID="5"/>
  <Zuordnungstabelle Zuordnungsnummer="6905" KundEigtNr="5377" ObjektID="16659" ZuordnungsartID="5"/>
  <Zuordnungstabelle Zuordnungsnummer="6906" KundEigtNr="5377" ObjektID="16660" ZuordnungsartID="5"/>
  <Zuordnungstabelle Zuordnungsnummer="6907" KundEigtNr="5377" ObjektID="16661" ZuordnungsartID="5"/>
  <Zuordnungstabelle Zuordnungsnummer="6908" KundEigtNr="5377" ObjektID="16662" ZuordnungsartID="5"/>
  <Zuordnungstabelle Zuordnungsnummer="6909" KundEigtNr="17669" ObjektID="16663" ZuordnungsartID="5"/>
  <Zuordnungstabelle Zuordnungsnummer="6910" KundEigtNr="5377" ObjektID="16665" ZuordnungsartID="5"/>
  <Zuordnungstabelle Zuordnungsnummer="6911" KundEigtNr="5377" ObjektID="16666" ZuordnungsartID="5"/>
  <Zuordnungstabelle Zuordnungsnummer="6912" KundEigtNr="5377" ObjektID="16667" ZuordnungsartID="5"/>
  <Zuordnungstabelle Zuordnungsnummer="6913" KundEigtNr="5377" ObjektID="16668" ZuordnungsartID="5"/>
  <Zuordnungstabelle Zuordnungsnummer="6914" KundEigtNr="5377" ObjektID="16669" ZuordnungsartID="5"/>
  <Zuordnungstabelle Zuordnungsnummer="6915" KundEigtNr="5377" ObjektID="16670" ZuordnungsartID="5"/>
  <Zuordnungstabelle Zuordnungsnummer="6916" KundEigtNr="5377" ObjektID="16671" ZuordnungsartID="5"/>
  <Zuordnungstabelle Zuordnungsnummer="6917" KundEigtNr="5377" ObjektID="16672" ZuordnungsartID="5"/>
  <Zuordnungstabelle Zuordnungsnummer="6918" KundEigtNr="5377" ObjektID="16673" ZuordnungsartID="5"/>
  <Zuordnungstabelle Zuordnungsnummer="6919" KundEigtNr="5377" ObjektID="16674" ZuordnungsartID="5"/>
  <Zuordnungstabelle Zuordnungsnummer="6920" KundEigtNr="17782" ObjektID="16675" ZuordnungsartID="5"/>
  <Zuordnungstabelle Zuordnungsnummer="6921" KundEigtNr="15699" ObjektID="10168" ZuordnungsartID="5"/>
  <Zuordnungstabelle Zuordnungsnummer="6922" KundEigtNr="17795" ObjektID="16676" ZuordnungsartID="5"/>
  <Zuordnungstabelle Zuordnungsnummer="6923" KundEigtNr="17978" ObjektID="16677" ZuordnungsartID="5"/>
  <Zuordnungstabelle Zuordnungsnummer="6924" KundEigtNr="17986" ObjektID="16678" ZuordnungsartID="5"/>
  <Zuordnungstabelle Zuordnungsnummer="6925" KundEigtNr="17992" ObjektID="16679" ZuordnungsartID="5"/>
  <Zuordnungstabelle Zuordnungsnummer="6926" KundEigtNr="17592" ObjektID="16680" ZuordnungsartID="5"/>
  <Zuordnungstabelle Zuordnungsnummer="6927" KundEigtNr="17895" ObjektID="13232" ZuordnungsartID="5"/>
  <Zuordnungstabelle Zuordnungsnummer="6928" KundEigtNr="16370" ObjektID="16681" ZuordnungsartID="5"/>
  <Zuordnungstabelle Zuordnungsnummer="6929" KundEigtNr="17592" ObjektID="16682" ZuordnungsartID="5"/>
  <Zuordnungstabelle Zuordnungsnummer="6930" KundEigtNr="16018" ObjektID="16683" ZuordnungsartID="5"/>
  <Zuordnungstabelle Zuordnungsnummer="6931" KundEigtNr="17896" ObjektID="16684" ZuordnungsartID="5"/>
  <Zuordnungstabelle Zuordnungsnummer="6932" KundEigtNr="18057" ObjektID="16687" ZuordnungsartID="5"/>
  <Zuordnungstabelle Zuordnungsnummer="6933" KundEigtNr="18018" ObjektID="16688" ZuordnungsartID="5"/>
  <Zuordnungstabelle Zuordnungsnummer="6934" KundEigtNr="17555" ObjektID="16689" ZuordnungsartID="5"/>
  <Zuordnungstabelle Zuordnungsnummer="6935" KundEigtNr="18093" ObjektID="16690" ZuordnungsartID="5"/>
  <Zuordnungstabelle Zuordnungsnummer="6936" KundEigtNr="18094" ObjektID="16691" ZuordnungsartID="5"/>
  <Zuordnungstabelle Zuordnungsnummer="6937" KundEigtNr="18099" ObjektID="16692" ZuordnungsartID="5"/>
  <Zuordnungstabelle Zuordnungsnummer="6938" KundEigtNr="18100" ObjektID="3739" ZuordnungsartID="5"/>
  <Zuordnungstabelle Zuordnungsnummer="6939" KundEigtNr="16257" ObjektID="16694" ZuordnungsartID="5"/>
  <Zuordnungstabelle Zuordnungsnummer="6940" KundEigtNr="18101" ObjektID="16695" ZuordnungsartID="5"/>
  <Zuordnungstabelle Zuordnungsnummer="6941" KundEigtNr="18013" ObjektID="16696" ZuordnungsartID="5"/>
  <Zuordnungstabelle Zuordnungsnummer="6942" KundEigtNr="18128" ObjektID="16699" ZuordnungsartID="5"/>
  <Zuordnungstabelle Zuordnungsnummer="6943" KundEigtNr="18040" ObjektID="2443" ZuordnungsartID="5"/>
  <Zuordnungstabelle Zuordnungsnummer="6944" KundEigtNr="18148" ObjektID="16700" ZuordnungsartID="5"/>
  <Zuordnungstabelle Zuordnungsnummer="6945" KundEigtNr="10166" ObjektID="14345" ZuordnungsartID="5"/>
  <Zuordnungstabelle Zuordnungsnummer="6946" KundEigtNr="17799" ObjektID="16701" ZuordnungsartID="5"/>
  <Zuordnungstabelle Zuordnungsnummer="6947" KundEigtNr="17631" ObjektID="16703" ZuordnungsartID="5"/>
  <Zuordnungstabelle Zuordnungsnummer="6948" KundEigtNr="18171" ObjektID="16698" ZuordnungsartID="5"/>
  <Zuordnungstabelle Zuordnungsnummer="6949" KundEigtNr="18196" ObjektID="16697" ZuordnungsartID="5"/>
  <Zuordnungstabelle Zuordnungsnummer="6950" KundEigtNr="18197" ObjektID="16705" ZuordnungsartID="5"/>
  <Zuordnungstabelle Zuordnungsnummer="6951" KundEigtNr="18203" ObjektID="16704" ZuordnungsartID="5"/>
  <Zuordnungstabelle Zuordnungsnummer="6952" KundEigtNr="18154" ObjektID="16707" ZuordnungsartID="5"/>
  <Zuordnungstabelle Zuordnungsnummer="6953" KundEigtNr="9231" ObjektID="16708" ZuordnungsartID="5"/>
  <Zuordnungstabelle Zuordnungsnummer="6954" KundEigtNr="17855" ObjektID="16711" ZuordnungsartID="5"/>
  <Zuordnungstabelle Zuordnungsnummer="6955" KundEigtNr="17855" ObjektID="16712" ZuordnungsartID="5"/>
  <Zuordnungstabelle Zuordnungsnummer="6956" KundEigtNr="17855" ObjektID="16713" ZuordnungsartID="5"/>
  <Zuordnungstabelle Zuordnungsnummer="6957" KundEigtNr="18292" ObjektID="16715" ZuordnungsartID="5"/>
  <Zuordnungstabelle Zuordnungsnummer="6958" KundEigtNr="18315" ObjektID="16717" ZuordnungsartID="5"/>
  <Zuordnungstabelle Zuordnungsnummer="6959" KundEigtNr="18317" ObjektID="16718" ZuordnungsartID="5"/>
  <Zuordnungstabelle Zuordnungsnummer="6960" KundEigtNr="18332" ObjektID="16714" ZuordnungsartID="5"/>
  <Zuordnungstabelle Zuordnungsnummer="6961" KundEigtNr="18300" ObjektID="16719" ZuordnungsartID="5"/>
  <Zuordnungstabelle Zuordnungsnummer="6962" KundEigtNr="18347" ObjektID="16721" ZuordnungsartID="5"/>
  <Zuordnungstabelle Zuordnungsnummer="6963" KundEigtNr="14371" ObjektID="16722" ZuordnungsartID="5"/>
  <Zuordnungstabelle Zuordnungsnummer="6964" KundEigtNr="14326" ObjektID="16723" ZuordnungsartID="5"/>
  <Zuordnungstabelle Zuordnungsnummer="6965" KundEigtNr="18358" ObjektID="16724" ZuordnungsartID="5"/>
  <Zuordnungstabelle Zuordnungsnummer="6966" KundEigtNr="18368" ObjektID="14337" ZuordnungsartID="5"/>
  <Zuordnungstabelle Zuordnungsnummer="6967" KundEigtNr="18260" ObjektID="14331" ZuordnungsartID="5"/>
  <Zuordnungstabelle Zuordnungsnummer="6968" KundEigtNr="18369" ObjektID="16726" ZuordnungsartID="5"/>
  <Zuordnungstabelle Zuordnungsnummer="6969" KundEigtNr="18304" ObjektID="16727" ZuordnungsartID="5"/>
  <Zuordnungstabelle Zuordnungsnummer="6970" KundEigtNr="12088" ObjektID="16728" ZuordnungsartID="5"/>
  <Zuordnungstabelle Zuordnungsnummer="6971" KundEigtNr="18387" ObjektID="16729" ZuordnungsartID="5"/>
  <Zuordnungstabelle Zuordnungsnummer="6972" KundEigtNr="17645" ObjektID="16730" ZuordnungsartID="5"/>
  <Zuordnungstabelle Zuordnungsnummer="6973" KundEigtNr="18400" ObjektID="16731" ZuordnungsartID="5"/>
  <Zuordnungstabelle Zuordnungsnummer="6974" KundEigtNr="18338" ObjektID="16732" ZuordnungsartID="5"/>
  <Zuordnungstabelle Zuordnungsnummer="6975" KundEigtNr="18412" ObjektID="16736" ZuordnungsartID="5"/>
  <Zuordnungstabelle Zuordnungsnummer="6976" KundEigtNr="12518" ObjektID="16737" ZuordnungsartID="5"/>
  <Zuordnungstabelle Zuordnungsnummer="6977" KundEigtNr="18440" ObjektID="16739" ZuordnungsartID="5"/>
  <Zuordnungstabelle Zuordnungsnummer="6978" KundEigtNr="18442" ObjektID="16741" ZuordnungsartID="5"/>
  <Zuordnungstabelle Zuordnungsnummer="6979" KundEigtNr="18399" ObjektID="16742" ZuordnungsartID="5"/>
  <Zuordnungstabelle Zuordnungsnummer="6980" KundEigtNr="18397" ObjektID="16743" ZuordnungsartID="5"/>
  <Zuordnungstabelle Zuordnungsnummer="6981" KundEigtNr="18443" ObjektID="16744" ZuordnungsartID="5"/>
  <Zuordnungstabelle Zuordnungsnummer="6982" KundEigtNr="17933" ObjektID="16734" ZuordnungsartID="5"/>
  <Zuordnungstabelle Zuordnungsnummer="6983" KundEigtNr="18366" ObjektID="2293" ZuordnungsartID="5"/>
  <Zuordnungstabelle Zuordnungsnummer="6984" KundEigtNr="18449" ObjektID="16720" ZuordnungsartID="5"/>
  <Zuordnungstabelle Zuordnungsnummer="6985" KundEigtNr="18452" ObjektID="16745" ZuordnungsartID="5"/>
  <Zuordnungstabelle Zuordnungsnummer="6986" KundEigtNr="13931" ObjektID="16747" ZuordnungsartID="5"/>
  <Zuordnungstabelle Zuordnungsnummer="6987" KundEigtNr="18458" ObjektID="16740" ZuordnungsartID="5"/>
  <Zuordnungstabelle Zuordnungsnummer="6988" KundEigtNr="18459" ObjektID="16738" ZuordnungsartID="5"/>
  <Zuordnungstabelle Zuordnungsnummer="6989" KundEigtNr="18461" ObjektID="16748" ZuordnungsartID="5"/>
  <Zuordnungstabelle Zuordnungsnummer="6990" KundEigtNr="18452" ObjektID="16750" ZuordnungsartID="5"/>
  <Zuordnungstabelle Zuordnungsnummer="6991" KundEigtNr="8448" ObjektID="16751" ZuordnungsartID="5"/>
  <Zuordnungstabelle Zuordnungsnummer="6992" KundEigtNr="8448" ObjektID="16752" ZuordnungsartID="5"/>
  <Zuordnungstabelle Zuordnungsnummer="6993" KundEigtNr="8448" ObjektID="16753" ZuordnungsartID="5"/>
  <Zuordnungstabelle Zuordnungsnummer="6994" KundEigtNr="8448" ObjektID="16754" ZuordnungsartID="5"/>
  <Zuordnungstabelle Zuordnungsnummer="6995" KundEigtNr="18481" ObjektID="16755" ZuordnungsartID="5"/>
  <Zuordnungstabelle Zuordnungsnummer="6996" KundEigtNr="18537" ObjektID="16758" ZuordnungsartID="5"/>
  <Zuordnungstabelle Zuordnungsnummer="6997" KundEigtNr="18551" ObjektID="16716" ZuordnungsartID="5"/>
  <Zuordnungstabelle Zuordnungsnummer="6998" KundEigtNr="18555" ObjektID="16756" ZuordnungsartID="5"/>
  <Zuordnungstabelle Zuordnungsnummer="6999" KundEigtNr="18555" ObjektID="16749" ZuordnungsartID="5"/>
  <Zuordnungstabelle Zuordnungsnummer="7000" KundEigtNr="18571" ObjektID="16759" ZuordnungsartID="5"/>
  <Zuordnungstabelle Zuordnungsnummer="7001" KundEigtNr="18394" ObjektID="16760" ZuordnungsartID="5"/>
  <Zuordnungstabelle Zuordnungsnummer="7002" KundEigtNr="18572" ObjektID="2907" ZuordnungsartID="5"/>
  <Zuordnungstabelle Zuordnungsnummer="7003" KundEigtNr="15271" ObjektID="16761" ZuordnungsartID="5"/>
  <Zuordnungstabelle Zuordnungsnummer="7004" KundEigtNr="18585" ObjektID="16762" ZuordnungsartID="5"/>
  <Zuordnungstabelle Zuordnungsnummer="7005" KundEigtNr="18512" ObjektID="16763" ZuordnungsartID="5"/>
  <Zuordnungstabelle Zuordnungsnummer="7006" KundEigtNr="16373" ObjektID="16764" ZuordnungsartID="5"/>
  <Zuordnungstabelle Zuordnungsnummer="7007" KundEigtNr="18593" ObjektID="16746" ZuordnungsartID="5"/>
  <Zuordnungstabelle Zuordnungsnummer="7008" KundEigtNr="18596" ObjektID="6257" ZuordnungsartID="5"/>
  <Zuordnungstabelle Zuordnungsnummer="7009" KundEigtNr="18540" ObjektID="16766" ZuordnungsartID="5"/>
  <Zuordnungstabelle Zuordnungsnummer="7010" KundEigtNr="1489" ObjektID="16515" ZuordnungsartID="5"/>
  <Zuordnungstabelle Zuordnungsnummer="7011" KundEigtNr="1489" ObjektID="16767" ZuordnungsartID="5"/>
  <Zuordnungstabelle Zuordnungsnummer="7012" KundEigtNr="18622" ObjektID="16768" ZuordnungsartID="5"/>
  <Zuordnungstabelle Zuordnungsnummer="7013" KundEigtNr="5219" ObjektID="16769" ZuordnungsartID="5"/>
  <Zuordnungstabelle Zuordnungsnummer="7014" KundEigtNr="18631" ObjektID="16770" ZuordnungsartID="5"/>
  <Zuordnungstabelle Zuordnungsnummer="7015" KundEigtNr="18536" ObjektID="16771" ZuordnungsartID="5"/>
  <Zuordnungstabelle Zuordnungsnummer="7016" KundEigtNr="14904" ObjektID="16772" ZuordnungsartID="5"/>
  <Zuordnungstabelle Zuordnungsnummer="7017" KundEigtNr="14904" ObjektID="16773" ZuordnungsartID="5"/>
  <Zuordnungstabelle Zuordnungsnummer="7018" KundEigtNr="18495" ObjektID="16774" ZuordnungsartID="5"/>
  <Zuordnungstabelle Zuordnungsnummer="7019" KundEigtNr="18650" ObjektID="16775" ZuordnungsartID="5"/>
  <Zuordnungstabelle Zuordnungsnummer="7020" KundEigtNr="18653" ObjektID="1744" ZuordnungsartID="8"/>
  <Zuordnungstabelle Zuordnungsnummer="7021" KundEigtNr="18658" ObjektID="16781" ZuordnungsartID="5"/>
  <Zuordnungstabelle Zuordnungsnummer="7022" KundEigtNr="18658" ObjektID="16782" ZuordnungsartID="5"/>
  <Zuordnungstabelle Zuordnungsnummer="7023" KundEigtNr="18563" ObjektID="16783" ZuordnungsartID="5"/>
  <Zuordnungstabelle Zuordnungsnummer="7024" KundEigtNr="18563" ObjektID="16784" ZuordnungsartID="5"/>
  <Zuordnungstabelle Zuordnungsnummer="7025" KundEigtNr="18667" ObjektID="16785" ZuordnungsartID="5"/>
  <Zuordnungstabelle Zuordnungsnummer="7026" KundEigtNr="1489" ObjektID="16517" ZuordnungsartID="5"/>
  <Zuordnungstabelle Zuordnungsnummer="7027" KundEigtNr="15172" ObjektID="16780" ZuordnungsartID="5"/>
  <Zuordnungstabelle Zuordnungsnummer="7028" KundEigtNr="18671" ObjektID="16776" ZuordnungsartID="5"/>
  <Zuordnungstabelle Zuordnungsnummer="7029" KundEigtNr="18520" ObjektID="16786" ZuordnungsartID="5"/>
  <Zuordnungstabelle Zuordnungsnummer="7030" KundEigtNr="18679" ObjektID="16787" ZuordnungsartID="5"/>
  <Zuordnungstabelle Zuordnungsnummer="7031" KundEigtNr="8448" ObjektID="16788" ZuordnungsartID="5"/>
  <Zuordnungstabelle Zuordnungsnummer="7032" KundEigtNr="16109" ObjektID="5901" ZuordnungsartID="5"/>
  <Zuordnungstabelle Zuordnungsnummer="7033" KundEigtNr="18681" ObjektID="16789" ZuordnungsartID="5"/>
  <Zuordnungstabelle Zuordnungsnummer="7034" KundEigtNr="18683" ObjektID="16790" ZuordnungsartID="5"/>
  <Zuordnungstabelle Zuordnungsnummer="7035" KundEigtNr="18507" ObjektID="16791" ZuordnungsartID="5"/>
  <Zuordnungstabelle Zuordnungsnummer="7036" KundEigtNr="18503" ObjektID="16792" ZuordnungsartID="5"/>
  <Zuordnungstabelle Zuordnungsnummer="7037" KundEigtNr="1489" ObjektID="3898" ZuordnungsartID="5"/>
  <Zuordnungstabelle Zuordnungsnummer="7038" KundEigtNr="18685" ObjektID="16796" ZuordnungsartID="5"/>
  <Zuordnungstabelle Zuordnungsnummer="7039" KundEigtNr="18666" ObjektID="16799" ZuordnungsartID="5"/>
  <Zuordnungstabelle Zuordnungsnummer="7040" KundEigtNr="18010" ObjektID="16801" ZuordnungsartID="5"/>
  <Zuordnungstabelle Zuordnungsnummer="7041" KundEigtNr="18694" ObjektID="16800" ZuordnungsartID="5"/>
  <Zuordnungstabelle Zuordnungsnummer="7042" KundEigtNr="18704" ObjektID="16798" ZuordnungsartID="5"/>
  <Zuordnungstabelle Zuordnungsnummer="7043" KundEigtNr="17710" ObjektID="16802" ZuordnungsartID="5"/>
  <Zuordnungstabelle Zuordnungsnummer="7044" KundEigtNr="18709" ObjektID="16778" ZuordnungsartID="5"/>
  <Zuordnungstabelle Zuordnungsnummer="7045" KundEigtNr="8287" ObjektID="16803" ZuordnungsartID="5"/>
  <Zuordnungstabelle Zuordnungsnummer="7046" KundEigtNr="18600" ObjektID="16804" ZuordnungsartID="5"/>
  <Zuordnungstabelle Zuordnungsnummer="7047" KundEigtNr="18654" ObjektID="16806" ZuordnungsartID="5"/>
  <Zuordnungstabelle Zuordnungsnummer="7048" KundEigtNr="18731" ObjektID="16807" ZuordnungsartID="5"/>
  <Zuordnungstabelle Zuordnungsnummer="7049" KundEigtNr="8448" ObjektID="16808" ZuordnungsartID="5"/>
  <Zuordnungstabelle Zuordnungsnummer="7050" KundEigtNr="18607" ObjektID="16809" ZuordnungsartID="5"/>
  <Zuordnungstabelle Zuordnungsnummer="7051" KundEigtNr="18599" ObjektID="16795" ZuordnungsartID="5"/>
  <Zuordnungstabelle Zuordnungsnummer="7052" KundEigtNr="16166" ObjektID="16810" ZuordnungsartID="5"/>
  <Zuordnungstabelle Zuordnungsnummer="7053" KundEigtNr="18613" ObjektID="16811" ZuordnungsartID="5"/>
  <Zuordnungstabelle Zuordnungsnummer="7054" KundEigtNr="18711" ObjektID="16813" ZuordnungsartID="5"/>
  <Zuordnungstabelle Zuordnungsnummer="7055" KundEigtNr="18765" ObjektID="16814" ZuordnungsartID="5"/>
  <Zuordnungstabelle Zuordnungsnummer="7056" KundEigtNr="18772" ObjektID="16815" ZuordnungsartID="5"/>
  <Zuordnungstabelle Zuordnungsnummer="7057" KundEigtNr="18657" ObjektID="16816" ZuordnungsartID="5"/>
  <Zuordnungstabelle Zuordnungsnummer="7058" KundEigtNr="18783" ObjektID="16817" ZuordnungsartID="5"/>
  <Zuordnungstabelle Zuordnungsnummer="7059" KundEigtNr="18783" ObjektID="16818" ZuordnungsartID="5"/>
  <Zuordnungstabelle Zuordnungsnummer="7060" KundEigtNr="14442" ObjektID="1043" ZuordnungsartID="5"/>
  <Zuordnungstabelle Zuordnungsnummer="7061" KundEigtNr="18808" ObjektID="16821" ZuordnungsartID="5"/>
  <Zuordnungstabelle Zuordnungsnummer="7062" KundEigtNr="18814" ObjektID="16797" ZuordnungsartID="5"/>
  <Zuordnungstabelle Zuordnungsnummer="7063" KundEigtNr="18815" ObjektID="16819" ZuordnungsartID="5"/>
  <Zuordnungstabelle Zuordnungsnummer="7064" KundEigtNr="18606" ObjektID="16822" ZuordnungsartID="5"/>
  <Zuordnungstabelle Zuordnungsnummer="7065" KundEigtNr="18659" ObjektID="4194" ZuordnungsartID="5"/>
  <Zuordnungstabelle Zuordnungsnummer="7066" KundEigtNr="18880" ObjektID="16823" ZuordnungsartID="5"/>
  <Zuordnungstabelle Zuordnungsnummer="7067" KundEigtNr="18887" ObjektID="16820" ZuordnungsartID="5"/>
  <Zuordnungstabelle Zuordnungsnummer="7068" KundEigtNr="18891" ObjektID="16824" ZuordnungsartID="5"/>
  <Zuordnungstabelle Zuordnungsnummer="7070" KundEigtNr="18931" ObjektID="16830" ZuordnungsartID="5"/>
  <Zuordnungstabelle Zuordnungsnummer="7071" KundEigtNr="17968" ObjektID="16828" ZuordnungsartID="5"/>
  <Zuordnungstabelle Zuordnungsnummer="7072" KundEigtNr="18934" ObjektID="16831" ZuordnungsartID="5"/>
  <Zuordnungstabelle Zuordnungsnummer="7073" KundEigtNr="18056" ObjektID="16833" ZuordnungsartID="5"/>
  <Zuordnungstabelle Zuordnungsnummer="7074" KundEigtNr="18863" ObjektID="16834" ZuordnungsartID="5"/>
  <Zuordnungstabelle Zuordnungsnummer="7075" KundEigtNr="18950" ObjektID="16835" ZuordnungsartID="5"/>
  <Zuordnungstabelle Zuordnungsnummer="7076" KundEigtNr="13921" ObjektID="16836" ZuordnungsartID="5"/>
  <Zuordnungstabelle Zuordnungsnummer="7077" KundEigtNr="1489" ObjektID="13535" ZuordnungsartID="5"/>
  <Zuordnungstabelle Zuordnungsnummer="7078" KundEigtNr="1489" ObjektID="16838" ZuordnungsartID="5"/>
  <Zuordnungstabelle Zuordnungsnummer="7079" KundEigtNr="1489" ObjektID="16839" ZuordnungsartID="5"/>
  <Zuordnungstabelle Zuordnungsnummer="7080" KundEigtNr="18968" ObjektID="985" ZuordnungsartID="5"/>
  <Zuordnungstabelle Zuordnungsnummer="7081" KundEigtNr="18911" ObjektID="16841" ZuordnungsartID="5"/>
  <Zuordnungstabelle Zuordnungsnummer="7082" KundEigtNr="18975" ObjektID="16842" ZuordnungsartID="5"/>
  <Zuordnungstabelle Zuordnungsnummer="7083" KundEigtNr="18858" ObjektID="16843" ZuordnungsartID="5"/>
  <Zuordnungstabelle Zuordnungsnummer="7084" KundEigtNr="18977" ObjektID="16829" ZuordnungsartID="5"/>
  <Zuordnungstabelle Zuordnungsnummer="7085" KundEigtNr="18865" ObjektID="16438" ZuordnungsartID="5"/>
  <Zuordnungstabelle Zuordnungsnummer="7086" KundEigtNr="18980" ObjektID="16844" ZuordnungsartID="5"/>
  <Zuordnungstabelle Zuordnungsnummer="7087" KundEigtNr="18912" ObjektID="16845" ZuordnungsartID="5"/>
  <Zuordnungstabelle Zuordnungsnummer="7088" KundEigtNr="18989" ObjektID="16826" ZuordnungsartID="5"/>
  <Zuordnungstabelle Zuordnungsnummer="7089" KundEigtNr="19022" ObjektID="16846" ZuordnungsartID="5"/>
  <Zuordnungstabelle Zuordnungsnummer="7090" KundEigtNr="19030" ObjektID="16840" ZuordnungsartID="5"/>
  <Zuordnungstabelle Zuordnungsnummer="7091" KundEigtNr="1489" ObjektID="16848" ZuordnungsartID="5"/>
  <Zuordnungstabelle Zuordnungsnummer="7092" KundEigtNr="1489" ObjektID="16849" ZuordnungsartID="5"/>
  <Zuordnungstabelle Zuordnungsnummer="7093" KundEigtNr="19058" ObjektID="16850" ZuordnungsartID="5"/>
  <Zuordnungstabelle Zuordnungsnummer="7094" KundEigtNr="19059" ObjektID="16851" ZuordnungsartID="5"/>
  <Zuordnungstabelle Zuordnungsnummer="7095" KundEigtNr="19067" ObjektID="16852" ZuordnungsartID="5"/>
  <Zuordnungstabelle Zuordnungsnummer="7096" KundEigtNr="19067" ObjektID="16853" ZuordnungsartID="5"/>
  <Zuordnungstabelle Zuordnungsnummer="7097" KundEigtNr="14248" ObjektID="16854" ZuordnungsartID="5"/>
  <Zuordnungstabelle Zuordnungsnummer="7098" KundEigtNr="14248" ObjektID="16855" ZuordnungsartID="5"/>
  <Zuordnungstabelle Zuordnungsnummer="7099" KundEigtNr="18823" ObjektID="15493" ZuordnungsartID="5"/>
  <Zuordnungstabelle Zuordnungsnummer="7100" KundEigtNr="19082" ObjektID="16856" ZuordnungsartID="5"/>
  <Zuordnungstabelle Zuordnungsnummer="7101" KundEigtNr="19098" ObjektID="16857" ZuordnungsartID="5"/>
  <Zuordnungstabelle Zuordnungsnummer="7102" KundEigtNr="19098" ObjektID="16858" ZuordnungsartID="5"/>
  <Zuordnungstabelle Zuordnungsnummer="7103" KundEigtNr="19106" ObjektID="16859" ZuordnungsartID="5"/>
  <Zuordnungstabelle Zuordnungsnummer="7104" KundEigtNr="19110" ObjektID="16860" ZuordnungsartID="5"/>
  <Zuordnungstabelle Zuordnungsnummer="7105" KundEigtNr="19125" ObjektID="16861" ZuordnungsartID="5"/>
  <Zuordnungstabelle Zuordnungsnummer="7106" KundEigtNr="19126" ObjektID="16862" ZuordnungsartID="5"/>
  <Zuordnungstabelle Zuordnungsnummer="7107" KundEigtNr="6172" ObjektID="14851" ZuordnungsartID="5"/>
  <Zuordnungstabelle Zuordnungsnummer="7108" KundEigtNr="19099" ObjektID="16863" ZuordnungsartID="5"/>
  <Zuordnungstabelle Zuordnungsnummer="7109" KundEigtNr="19094" ObjektID="16864" ZuordnungsartID="5"/>
  <Zuordnungstabelle Zuordnungsnummer="7110" KundEigtNr="19156" ObjektID="16865" ZuordnungsartID="5"/>
  <Zuordnungstabelle Zuordnungsnummer="7111" KundEigtNr="19160" ObjektID="16866" ZuordnungsartID="5"/>
  <Zuordnungstabelle Zuordnungsnummer="7112" KundEigtNr="19161" ObjektID="16867" ZuordnungsartID="5"/>
  <Zuordnungstabelle Zuordnungsnummer="7113" KundEigtNr="19163" ObjektID="16868" ZuordnungsartID="5"/>
  <Zuordnungstabelle Zuordnungsnummer="7114" KundEigtNr="17605" ObjektID="16869" ZuordnungsartID="5"/>
  <Zuordnungstabelle Zuordnungsnummer="7115" KundEigtNr="19166" ObjektID="16870" ZuordnungsartID="5"/>
  <Zuordnungstabelle Zuordnungsnummer="7116" KundEigtNr="19177" ObjektID="16872" ZuordnungsartID="5"/>
  <Zuordnungstabelle Zuordnungsnummer="7117" KundEigtNr="1890" ObjektID="6208" ZuordnungsartID="5"/>
  <Zuordnungstabelle Zuordnungsnummer="7118" KundEigtNr="1890" ObjektID="16873" ZuordnungsartID="5"/>
  <Zuordnungstabelle Zuordnungsnummer="7119" KundEigtNr="8070" ObjektID="11343" ZuordnungsartID="5"/>
  <Zuordnungstabelle Zuordnungsnummer="7120" KundEigtNr="971" ObjektID="16874" ZuordnungsartID="5"/>
  <Zuordnungstabelle Zuordnungsnummer="7121" KundEigtNr="19190" ObjektID="16875" ZuordnungsartID="5"/>
  <Zuordnungstabelle Zuordnungsnummer="7122" KundEigtNr="19193" ObjektID="16876" ZuordnungsartID="5"/>
  <Zuordnungstabelle Zuordnungsnummer="7123" KundEigtNr="15837" ObjektID="16877" ZuordnungsartID="5"/>
  <Zuordnungstabelle Zuordnungsnummer="7124" KundEigtNr="19206" ObjektID="14698" ZuordnungsartID="5"/>
  <Zuordnungstabelle Zuordnungsnummer="7125" KundEigtNr="19207" ObjektID="16878" ZuordnungsartID="5"/>
  <Zuordnungstabelle Zuordnungsnummer="7126" KundEigtNr="19210" ObjektID="16879" ZuordnungsartID="5"/>
  <Zuordnungstabelle Zuordnungsnummer="7127" KundEigtNr="19206" ObjektID="14795" ZuordnungsartID="5"/>
  <Zuordnungstabelle Zuordnungsnummer="7128" KundEigtNr="14248" ObjektID="16880" ZuordnungsartID="5"/>
  <Zuordnungstabelle Zuordnungsnummer="7129" KundEigtNr="19134" ObjektID="16882" ZuordnungsartID="5"/>
  <Zuordnungstabelle Zuordnungsnummer="7131" KundEigtNr="19244" ObjektID="16884" ZuordnungsartID="5"/>
  <Zuordnungstabelle Zuordnungsnummer="7132" KundEigtNr="19250" ObjektID="16883" ZuordnungsartID="5"/>
  <Zuordnungstabelle Zuordnungsnummer="7133" KundEigtNr="19253" ObjektID="16885" ZuordnungsartID="5"/>
  <Zuordnungstabelle Zuordnungsnummer="7134" KundEigtNr="19269" ObjektID="3753" ZuordnungsartID="5"/>
  <Zuordnungstabelle Zuordnungsnummer="7135" KundEigtNr="3500" ObjektID="16886" ZuordnungsartID="5"/>
  <Zuordnungstabelle Zuordnungsnummer="7136" KundEigtNr="19271" ObjektID="16887" ZuordnungsartID="5"/>
  <Zuordnungstabelle Zuordnungsnummer="7137" KundEigtNr="8023" ObjektID="16888" ZuordnungsartID="5"/>
  <Zuordnungstabelle Zuordnungsnummer="7138" KundEigtNr="19277" ObjektID="4179" ZuordnungsartID="5"/>
  <Zuordnungstabelle Zuordnungsnummer="7139" KundEigtNr="19260" ObjektID="16889" ZuordnungsartID="5"/>
  <Zuordnungstabelle Zuordnungsnummer="7140" KundEigtNr="19283" ObjektID="16890" ZuordnungsartID="5"/>
  <Zuordnungstabelle Zuordnungsnummer="7141" KundEigtNr="19292" ObjektID="16891" ZuordnungsartID="5"/>
  <Zuordnungstabelle Zuordnungsnummer="7142" KundEigtNr="19293" ObjektID="16892" ZuordnungsartID="5"/>
  <Zuordnungstabelle Zuordnungsnummer="7143" KundEigtNr="19307" ObjektID="16805" ZuordnungsartID="5"/>
  <Zuordnungstabelle Zuordnungsnummer="7144" KundEigtNr="19019" ObjektID="16893" ZuordnungsartID="5"/>
  <Zuordnungstabelle Zuordnungsnummer="7145" KundEigtNr="15436" ObjektID="16894" ZuordnungsartID="5"/>
  <Zuordnungstabelle Zuordnungsnummer="7146" KundEigtNr="13914" ObjektID="16895" ZuordnungsartID="5"/>
  <Zuordnungstabelle Zuordnungsnummer="7147" KundEigtNr="19322" ObjektID="16896" ZuordnungsartID="5"/>
  <Zuordnungstabelle Zuordnungsnummer="7148" KundEigtNr="19326" ObjektID="16897" ZuordnungsartID="5"/>
  <Zuordnungstabelle Zuordnungsnummer="7149" KundEigtNr="19332" ObjektID="2805" ZuordnungsartID="5"/>
  <Zuordnungstabelle Zuordnungsnummer="7150" KundEigtNr="2682" ObjektID="16898" ZuordnungsartID="5"/>
  <Zuordnungstabelle Zuordnungsnummer="7151" KundEigtNr="19363" ObjektID="16899" ZuordnungsartID="5"/>
  <Zuordnungstabelle Zuordnungsnummer="7152" KundEigtNr="19364" ObjektID="3423" ZuordnungsartID="5"/>
  <Zuordnungstabelle Zuordnungsnummer="7153" KundEigtNr="19030" ObjektID="16901" ZuordnungsartID="5"/>
  <Zuordnungstabelle Zuordnungsnummer="7154" KundEigtNr="19030" ObjektID="16900" ZuordnungsartID="5"/>
  <Zuordnungstabelle Zuordnungsnummer="7155" KundEigtNr="19366" ObjektID="16902" ZuordnungsartID="5"/>
  <Zuordnungstabelle Zuordnungsnummer="7156" KundEigtNr="19047" ObjektID="16903" ZuordnungsartID="5"/>
  <Zuordnungstabelle Zuordnungsnummer="7157" KundEigtNr="19375" ObjektID="16904" ZuordnungsartID="5"/>
  <Zuordnungstabelle Zuordnungsnummer="7158" KundEigtNr="7626" ObjektID="16905" ZuordnungsartID="5"/>
  <Zuordnungstabelle Zuordnungsnummer="7159" KundEigtNr="19119" ObjektID="3966" ZuordnungsartID="5"/>
  <Zuordnungstabelle Zuordnungsnummer="7160" KundEigtNr="19411" ObjektID="16906" ZuordnungsartID="5"/>
  <Zuordnungstabelle Zuordnungsnummer="7161" KundEigtNr="19416" ObjektID="16907" ZuordnungsartID="5"/>
  <Zuordnungstabelle Zuordnungsnummer="7162" KundEigtNr="19422" ObjektID="16908" ZuordnungsartID="5"/>
  <Zuordnungstabelle Zuordnungsnummer="7163" KundEigtNr="19423" ObjektID="16909" ZuordnungsartID="5"/>
  <Zuordnungstabelle Zuordnungsnummer="7164" KundEigtNr="19431" ObjektID="16910" ZuordnungsartID="5"/>
  <Zuordnungstabelle Zuordnungsnummer="7165" KundEigtNr="19256" ObjektID="16911" ZuordnungsartID="5"/>
  <Zuordnungstabelle Zuordnungsnummer="7166" KundEigtNr="19436" ObjektID="16912" ZuordnungsartID="5"/>
  <Zuordnungstabelle Zuordnungsnummer="7167" KundEigtNr="19444" ObjektID="16913" ZuordnungsartID="5"/>
  <Zuordnungstabelle Zuordnungsnummer="7168" KundEigtNr="19463" ObjektID="16914" ZuordnungsartID="5"/>
  <Zuordnungstabelle Zuordnungsnummer="7169" KundEigtNr="8297" ObjektID="16915" ZuordnungsartID="5"/>
  <Zuordnungstabelle Zuordnungsnummer="7170" KundEigtNr="19495" ObjektID="16916" ZuordnungsartID="5"/>
  <Zuordnungstabelle Zuordnungsnummer="7171" KundEigtNr="19496" ObjektID="16917" ZuordnungsartID="5"/>
  <Zuordnungstabelle Zuordnungsnummer="7172" KundEigtNr="19512" ObjektID="8644" ZuordnungsartID="5"/>
  <Zuordnungstabelle Zuordnungsnummer="7173" KundEigtNr="19050" ObjektID="16918" ZuordnungsartID="5"/>
  <Zuordnungstabelle Zuordnungsnummer="7174" KundEigtNr="19522" ObjektID="16919" ZuordnungsartID="5"/>
  <Zuordnungstabelle Zuordnungsnummer="7175" KundEigtNr="19523" ObjektID="16920" ZuordnungsartID="5"/>
  <Zuordnungstabelle Zuordnungsnummer="7176" KundEigtNr="1934" ObjektID="13940" ZuordnungsartID="5"/>
  <Zuordnungstabelle Zuordnungsnummer="7177" KundEigtNr="19525" ObjektID="16921" ZuordnungsartID="5"/>
  <Zuordnungstabelle Zuordnungsnummer="7178" KundEigtNr="19542" ObjektID="16922" ZuordnungsartID="5"/>
  <Zuordnungstabelle Zuordnungsnummer="7179" KundEigtNr="1489" ObjektID="16923" ZuordnungsartID="5"/>
  <Zuordnungstabelle Zuordnungsnummer="7180" KundEigtNr="1489" ObjektID="16924" ZuordnungsartID="5"/>
  <Zuordnungstabelle Zuordnungsnummer="7181" KundEigtNr="1489" ObjektID="16925" ZuordnungsartID="5"/>
  <Zuordnungstabelle Zuordnungsnummer="7182" KundEigtNr="19474" ObjektID="16926" ZuordnungsartID="5"/>
  <Zuordnungstabelle Zuordnungsnummer="7183" KundEigtNr="1489" ObjektID="16927" ZuordnungsartID="5"/>
  <Zuordnungstabelle Zuordnungsnummer="7184" KundEigtNr="18595" ObjektID="16928" ZuordnungsartID="5"/>
  <Zuordnungstabelle Zuordnungsnummer="7185" KundEigtNr="19582" ObjektID="16929" ZuordnungsartID="5"/>
  <Zuordnungstabelle Zuordnungsnummer="7186" KundEigtNr="19594" ObjektID="16930" ZuordnungsartID="5"/>
  <Zuordnungstabelle Zuordnungsnummer="7187" KundEigtNr="19401" ObjektID="4787" ZuordnungsartID="5"/>
  <Zuordnungstabelle Zuordnungsnummer="7188" KundEigtNr="19607" ObjektID="16931" ZuordnungsartID="5"/>
  <Zuordnungstabelle Zuordnungsnummer="7189" KundEigtNr="19609" ObjektID="16932" ZuordnungsartID="5"/>
  <Zuordnungstabelle Zuordnungsnummer="7190" KundEigtNr="19610" ObjektID="16933" ZuordnungsartID="5"/>
  <Zuordnungstabelle Zuordnungsnummer="7191" KundEigtNr="18783" ObjektID="16934" ZuordnungsartID="11"/>
  <Zuordnungstabelle Zuordnungsnummer="7192" KundEigtNr="19614" ObjektID="16935" ZuordnungsartID="5"/>
  <Zuordnungstabelle Zuordnungsnummer="7193" KundEigtNr="19501" ObjektID="16936" ZuordnungsartID="5"/>
  <Zuordnungstabelle Zuordnungsnummer="7194" KundEigtNr="19618" ObjektID="16937" ZuordnungsartID="5"/>
  <Zuordnungstabelle Zuordnungsnummer="7195" KundEigtNr="19620" ObjektID="16938" ZuordnungsartID="5"/>
  <Zuordnungstabelle Zuordnungsnummer="7196" KundEigtNr="19631" ObjektID="16939" ZuordnungsartID="5"/>
  <Zuordnungstabelle Zuordnungsnummer="7197" KundEigtNr="19638" ObjektID="16940" ZuordnungsartID="5"/>
  <Zuordnungstabelle Zuordnungsnummer="7198" KundEigtNr="19643" ObjektID="16941" ZuordnungsartID="5"/>
  <Zuordnungstabelle Zuordnungsnummer="7199" KundEigtNr="12455" ObjektID="16942" ZuordnungsartID="5"/>
  <Zuordnungstabelle Zuordnungsnummer="7200" KundEigtNr="19642" ObjektID="10179" ZuordnungsartID="5"/>
  <Zuordnungstabelle Zuordnungsnummer="7201" KundEigtNr="19680" ObjektID="16943" ZuordnungsartID="5"/>
  <Zuordnungstabelle Zuordnungsnummer="7202" KundEigtNr="11146" ObjektID="16944" ZuordnungsartID="5"/>
  <Zuordnungstabelle Zuordnungsnummer="7203" KundEigtNr="1605" ObjektID="16945" ZuordnungsartID="5"/>
  <Zuordnungstabelle Zuordnungsnummer="7204" KundEigtNr="19688" ObjektID="16946" ZuordnungsartID="5"/>
  <Zuordnungstabelle Zuordnungsnummer="7205" KundEigtNr="15440" ObjektID="16947" ZuordnungsartID="5"/>
  <Zuordnungstabelle Zuordnungsnummer="7206" KundEigtNr="19696" ObjektID="16949" ZuordnungsartID="5"/>
  <Zuordnungstabelle Zuordnungsnummer="7207" KundEigtNr="19703" ObjektID="16950" ZuordnungsartID="5"/>
  <Zuordnungstabelle Zuordnungsnummer="7208" KundEigtNr="19708" ObjektID="16951" ZuordnungsartID="5"/>
  <Zuordnungstabelle Zuordnungsnummer="7209" KundEigtNr="19713" ObjektID="16952" ZuordnungsartID="5"/>
  <Zuordnungstabelle Zuordnungsnummer="7210" KundEigtNr="19725" ObjektID="16953" ZuordnungsartID="5"/>
  <Zuordnungstabelle Zuordnungsnummer="7211" KundEigtNr="19724" ObjektID="2151" ZuordnungsartID="5"/>
  <Zuordnungstabelle Zuordnungsnummer="7212" KundEigtNr="18475" ObjektID="16954" ZuordnungsartID="5"/>
  <Zuordnungstabelle Zuordnungsnummer="7213" KundEigtNr="14676" ObjektID="14253" ZuordnungsartID="5"/>
  <Zuordnungstabelle Zuordnungsnummer="7214" KundEigtNr="19729" ObjektID="16955" ZuordnungsartID="5"/>
  <Zuordnungstabelle Zuordnungsnummer="7215" KundEigtNr="19734" ObjektID="16956" ZuordnungsartID="5"/>
  <Zuordnungstabelle Zuordnungsnummer="7216" KundEigtNr="19742" ObjektID="16957" ZuordnungsartID="5"/>
  <Zuordnungstabelle Zuordnungsnummer="7218" KundEigtNr="19744" ObjektID="16958" ZuordnungsartID="5"/>
  <Zuordnungstabelle Zuordnungsnummer="7219" KundEigtNr="19743" ObjektID="16959" ZuordnungsartID="5"/>
  <Zuordnungstabelle Zuordnungsnummer="7220" KundEigtNr="19744" ObjektID="16959" ZuordnungsartID="5"/>
  <Zuordnungstabelle Zuordnungsnummer="7221" KundEigtNr="19746" ObjektID="1744" ZuordnungsartID="5"/>
  <Zuordnungstabelle Zuordnungsnummer="7222" KundEigtNr="19746" ObjektID="16962" ZuordnungsartID="5"/>
  <Zuordnungstabelle Zuordnungsnummer="7223" KundEigtNr="19747" ObjektID="1744" ZuordnungsartID="5"/>
  <Zuordnungstabelle Zuordnungsnummer="7224" KundEigtNr="19747" ObjektID="16961" ZuordnungsartID="5"/>
  <Zuordnungstabelle Zuordnungsnummer="7225" KundEigtNr="19761" ObjektID="16963" ZuordnungsartID="6"/>
  <Zuordnungstabelle Zuordnungsnummer="7226" KundEigtNr="14400" ObjektID="16964" ZuordnungsartID="5"/>
  <Zuordnungstabelle Zuordnungsnummer="7227" KundEigtNr="19796" ObjektID="925" ZuordnungsartID="5"/>
  <Zuordnungstabelle Zuordnungsnummer="7228" KundEigtNr="1510" ObjektID="3491" ZuordnungsartID="5"/>
  <Zuordnungstabelle Zuordnungsnummer="7229" KundEigtNr="1510" ObjektID="16965" ZuordnungsartID="5"/>
  <Zuordnungstabelle Zuordnungsnummer="7230" KundEigtNr="8105" ObjektID="16967" ZuordnungsartID="5"/>
  <Zuordnungstabelle Zuordnungsnummer="7231" KundEigtNr="19803" ObjektID="16968" ZuordnungsartID="5"/>
  <Zuordnungstabelle Zuordnungsnummer="7232" KundEigtNr="3759" ObjektID="16969" ZuordnungsartID="5"/>
  <Zuordnungstabelle Zuordnungsnummer="7233" KundEigtNr="19815" ObjektID="16970" ZuordnungsartID="5"/>
  <Zuordnungstabelle Zuordnungsnummer="7234" KundEigtNr="19818" ObjektID="16971" ZuordnungsartID="5"/>
  <Zuordnungstabelle Zuordnungsnummer="7235" KundEigtNr="19820" ObjektID="2019" ZuordnungsartID="5"/>
  <Zuordnungstabelle Zuordnungsnummer="7236" KundEigtNr="19674" ObjektID="16972" ZuordnungsartID="5"/>
  <Zuordnungstabelle Zuordnungsnummer="7237" KundEigtNr="19804" ObjektID="14353" ZuordnungsartID="5"/>
  <Zuordnungstabelle Zuordnungsnummer="7238" KundEigtNr="19804" ObjektID="16973" ZuordnungsartID="5"/>
  <Zuordnungstabelle Zuordnungsnummer="7239" KundEigtNr="19804" ObjektID="16974" ZuordnungsartID="5"/>
  <Zuordnungstabelle Zuordnungsnummer="7240" KundEigtNr="19819" ObjektID="16975" ZuordnungsartID="5"/>
  <Zuordnungstabelle Zuordnungsnummer="7241" KundEigtNr="19848" ObjektID="16976" ZuordnungsartID="5"/>
  <Zuordnungstabelle Zuordnungsnummer="7242" KundEigtNr="19855" ObjektID="16977" ZuordnungsartID="5"/>
  <Zuordnungstabelle Zuordnungsnummer="7243" KundEigtNr="19861" ObjektID="16978" ZuordnungsartID="5"/>
  <Zuordnungstabelle Zuordnungsnummer="7244" KundEigtNr="19864" ObjektID="16979" ZuordnungsartID="5"/>
  <Zuordnungstabelle Zuordnungsnummer="7245" KundEigtNr="19868" ObjektID="16980" ZuordnungsartID="5"/>
  <Zuordnungstabelle Zuordnungsnummer="7246" KundEigtNr="19880" ObjektID="16981" ZuordnungsartID="5"/>
  <Zuordnungstabelle Zuordnungsnummer="7247" KundEigtNr="19881" ObjektID="16982" ZuordnungsartID="5"/>
  <Zuordnungstabelle Zuordnungsnummer="7248" KundEigtNr="19886" ObjektID="16983" ZuordnungsartID="5"/>
  <Zuordnungstabelle Zuordnungsnummer="7249" KundEigtNr="19890" ObjektID="16984" ZuordnungsartID="5"/>
  <Zuordnungstabelle Zuordnungsnummer="7250" KundEigtNr="19899" ObjektID="16985" ZuordnungsartID="5"/>
  <Zuordnungstabelle Zuordnungsnummer="7251" KundEigtNr="19900" ObjektID="3878" ZuordnungsartID="5"/>
  <Zuordnungstabelle Zuordnungsnummer="7252" KundEigtNr="19901" ObjektID="16986" ZuordnungsartID="5"/>
  <Zuordnungstabelle Zuordnungsnummer="7253" KundEigtNr="19906" ObjektID="1787" ZuordnungsartID="5"/>
  <Zuordnungstabelle Zuordnungsnummer="7254" KundEigtNr="19907" ObjektID="16987" ZuordnungsartID="5"/>
  <Zuordnungstabelle Zuordnungsnummer="7255" KundEigtNr="2378" ObjektID="16988" ZuordnungsartID="5"/>
  <Zuordnungstabelle Zuordnungsnummer="7256" KundEigtNr="2378" ObjektID="16989" ZuordnungsartID="5"/>
  <Zuordnungstabelle Zuordnungsnummer="7257" KundEigtNr="19915" ObjektID="16990" ZuordnungsartID="5"/>
  <Zuordnungstabelle Zuordnungsnummer="7258" KundEigtNr="19928" ObjektID="16991" ZuordnungsartID="5"/>
  <Zuordnungstabelle Zuordnungsnummer="7259" KundEigtNr="19929" ObjektID="16992" ZuordnungsartID="5"/>
  <Zuordnungstabelle Zuordnungsnummer="7260" KundEigtNr="19942" ObjektID="16993" ZuordnungsartID="5"/>
  <Zuordnungstabelle Zuordnungsnummer="7261" KundEigtNr="19871" ObjektID="16994" ZuordnungsartID="5"/>
  <Zuordnungstabelle Zuordnungsnummer="7262" KundEigtNr="19871" ObjektID="16995" ZuordnungsartID="5"/>
  <Zuordnungstabelle Zuordnungsnummer="7263" KundEigtNr="19871" ObjektID="16996" ZuordnungsartID="5"/>
  <Zuordnungstabelle Zuordnungsnummer="7264" KundEigtNr="19871" ObjektID="16997" ZuordnungsartID="5"/>
  <Zuordnungstabelle Zuordnungsnummer="7265" KundEigtNr="19871" ObjektID="16998" ZuordnungsartID="5"/>
  <Zuordnungstabelle Zuordnungsnummer="7266" KundEigtNr="19956" ObjektID="16999" ZuordnungsartID="5"/>
  <Zuordnungstabelle Zuordnungsnummer="7267" KundEigtNr="15259" ObjektID="17000" ZuordnungsartID="5"/>
  <Zuordnungstabelle Zuordnungsnummer="7268" KundEigtNr="15259" ObjektID="17001" ZuordnungsartID="5"/>
  <Zuordnungstabelle Zuordnungsnummer="7269" KundEigtNr="15259" ObjektID="17002" ZuordnungsartID="5"/>
  <Zuordnungstabelle Zuordnungsnummer="7270" KundEigtNr="19964" ObjektID="17003" ZuordnungsartID="5"/>
  <Zuordnungstabelle Zuordnungsnummer="7271" KundEigtNr="18333" ObjektID="17004" ZuordnungsartID="5"/>
  <Zuordnungstabelle Zuordnungsnummer="7272" KundEigtNr="9127" ObjektID="17005" ZuordnungsartID="5"/>
  <Zuordnungstabelle Zuordnungsnummer="7273" KundEigtNr="19969" ObjektID="6163" ZuordnungsartID="5"/>
  <Zuordnungstabelle Zuordnungsnummer="7274" KundEigtNr="19972" ObjektID="17006" ZuordnungsartID="5"/>
  <Zuordnungstabelle Zuordnungsnummer="7275" KundEigtNr="19975" ObjektID="17007" ZuordnungsartID="5"/>
  <Zuordnungstabelle Zuordnungsnummer="7276" KundEigtNr="19977" ObjektID="17008" ZuordnungsartID="5"/>
  <Zuordnungstabelle Zuordnungsnummer="7277" KundEigtNr="18333" ObjektID="17009" ZuordnungsartID="5"/>
  <Zuordnungstabelle Zuordnungsnummer="7278" KundEigtNr="18333" ObjektID="17010" ZuordnungsartID="5"/>
  <Zuordnungstabelle Zuordnungsnummer="7279" KundEigtNr="19994" ObjektID="17011" ZuordnungsartID="5"/>
  <Zuordnungstabelle Zuordnungsnummer="7280" KundEigtNr="19997" ObjektID="17012" ZuordnungsartID="5"/>
  <Zuordnungstabelle Zuordnungsnummer="7281" KundEigtNr="20000" ObjektID="17013" ZuordnungsartID="5"/>
  <Zuordnungstabelle Zuordnungsnummer="7282" KundEigtNr="20007" ObjektID="17014" ZuordnungsartID="5"/>
  <Zuordnungstabelle Zuordnungsnummer="7283" KundEigtNr="20010" ObjektID="17015" ZuordnungsartID="5"/>
  <Zuordnungstabelle Zuordnungsnummer="7284" KundEigtNr="20013" ObjektID="17016" ZuordnungsartID="5"/>
  <Zuordnungstabelle Zuordnungsnummer="7285" KundEigtNr="20013" ObjektID="17017" ZuordnungsartID="5"/>
  <Zuordnungstabelle Zuordnungsnummer="7286" KundEigtNr="20013" ObjektID="17018" ZuordnungsartID="5"/>
  <Zuordnungstabelle Zuordnungsnummer="7287" KundEigtNr="20015" ObjektID="17019" ZuordnungsartID="5"/>
  <Zuordnungstabelle Zuordnungsnummer="7288" KundEigtNr="20024" ObjektID="17020" ZuordnungsartID="5"/>
  <Zuordnungstabelle Zuordnungsnummer="7289" KundEigtNr="20027" ObjektID="17021" ZuordnungsartID="5"/>
  <Zuordnungstabelle Zuordnungsnummer="7290" KundEigtNr="5377" ObjektID="17022" ZuordnungsartID="5"/>
  <Zuordnungstabelle Zuordnungsnummer="7291" KundEigtNr="5377" ObjektID="17023" ZuordnungsartID="5"/>
  <Zuordnungstabelle Zuordnungsnummer="7292" KundEigtNr="5377" ObjektID="17024" ZuordnungsartID="5"/>
  <Zuordnungstabelle Zuordnungsnummer="7293" KundEigtNr="5377" ObjektID="17025" ZuordnungsartID="5"/>
  <Zuordnungstabelle Zuordnungsnummer="7294" KundEigtNr="5377" ObjektID="17026" ZuordnungsartID="5"/>
  <Zuordnungstabelle Zuordnungsnummer="7295" KundEigtNr="5377" ObjektID="17027" ZuordnungsartID="5"/>
  <Zuordnungstabelle Zuordnungsnummer="7296" KundEigtNr="5377" ObjektID="17028" ZuordnungsartID="5"/>
  <Zuordnungstabelle Zuordnungsnummer="7297" KundEigtNr="5377" ObjektID="17029" ZuordnungsartID="5"/>
  <Zuordnungstabelle Zuordnungsnummer="7298" KundEigtNr="5377" ObjektID="17030" ZuordnungsartID="5"/>
  <Zuordnungstabelle Zuordnungsnummer="7299" KundEigtNr="5377" ObjektID="17031" ZuordnungsartID="5"/>
  <Zuordnungstabelle Zuordnungsnummer="7300" KundEigtNr="5377" ObjektID="17032" ZuordnungsartID="5"/>
  <Zuordnungstabelle Zuordnungsnummer="7301" KundEigtNr="5377" ObjektID="17033" ZuordnungsartID="5"/>
  <Zuordnungstabelle Zuordnungsnummer="7302" KundEigtNr="20034" ObjektID="14816" ZuordnungsartID="5"/>
  <Zuordnungstabelle Zuordnungsnummer="7303" KundEigtNr="20035" ObjektID="17034" ZuordnungsartID="5"/>
  <Zuordnungstabelle Zuordnungsnummer="7304" KundEigtNr="10999" ObjektID="17035" ZuordnungsartID="5"/>
  <Zuordnungstabelle Zuordnungsnummer="7305" KundEigtNr="20047" ObjektID="17036" ZuordnungsartID="5"/>
  <Zuordnungstabelle Zuordnungsnummer="7306" KundEigtNr="5377" ObjektID="17037" ZuordnungsartID="5"/>
  <Zuordnungstabelle Zuordnungsnummer="7307" KundEigtNr="5377" ObjektID="17038" ZuordnungsartID="5"/>
  <Zuordnungstabelle Zuordnungsnummer="7308" KundEigtNr="5377" ObjektID="17040" ZuordnungsartID="5"/>
  <Zuordnungstabelle Zuordnungsnummer="7309" KundEigtNr="5377" ObjektID="17041" ZuordnungsartID="5"/>
  <Zuordnungstabelle Zuordnungsnummer="7310" KundEigtNr="5377" ObjektID="17042" ZuordnungsartID="5"/>
  <Zuordnungstabelle Zuordnungsnummer="7311" KundEigtNr="5377" ObjektID="17043" ZuordnungsartID="5"/>
  <Zuordnungstabelle Zuordnungsnummer="7312" KundEigtNr="5377" ObjektID="17044" ZuordnungsartID="5"/>
  <Zuordnungstabelle Zuordnungsnummer="7313" KundEigtNr="5377" ObjektID="17045" ZuordnungsartID="5"/>
  <Zuordnungstabelle Zuordnungsnummer="7314" KundEigtNr="5377" ObjektID="17046" ZuordnungsartID="5"/>
  <Zuordnungstabelle Zuordnungsnummer="7315" KundEigtNr="5377" ObjektID="17047" ZuordnungsartID="5"/>
  <Zuordnungstabelle Zuordnungsnummer="7316" KundEigtNr="5377" ObjektID="17048" ZuordnungsartID="5"/>
  <Zuordnungstabelle Zuordnungsnummer="7317" KundEigtNr="5377" ObjektID="17049" ZuordnungsartID="5"/>
  <Zuordnungstabelle Zuordnungsnummer="7318" KundEigtNr="5377" ObjektID="17050" ZuordnungsartID="5"/>
  <Zuordnungstabelle Zuordnungsnummer="7319" KundEigtNr="5377" ObjektID="17051" ZuordnungsartID="5"/>
  <Zuordnungstabelle Zuordnungsnummer="7320" KundEigtNr="5377" ObjektID="17052" ZuordnungsartID="5"/>
  <Zuordnungstabelle Zuordnungsnummer="7321" KundEigtNr="20050" ObjektID="17053" ZuordnungsartID="5"/>
  <Zuordnungstabelle Zuordnungsnummer="7322" KundEigtNr="20052" ObjektID="17054" ZuordnungsartID="5"/>
  <Zuordnungstabelle Zuordnungsnummer="7323" KundEigtNr="16167" ObjektID="17055" ZuordnungsartID="5"/>
  <Zuordnungstabelle Zuordnungsnummer="7324" KundEigtNr="20056" ObjektID="17056" ZuordnungsartID="5"/>
  <Zuordnungstabelle Zuordnungsnummer="7325" KundEigtNr="20057" ObjektID="17057" ZuordnungsartID="5"/>
  <Zuordnungstabelle Zuordnungsnummer="7326" KundEigtNr="20058" ObjektID="17058" ZuordnungsartID="5"/>
  <Zuordnungstabelle Zuordnungsnummer="7327" KundEigtNr="20059" ObjektID="17059" ZuordnungsartID="5"/>
  <Zuordnungstabelle Zuordnungsnummer="7328" KundEigtNr="20060" ObjektID="17060" ZuordnungsartID="5"/>
  <Zuordnungstabelle Zuordnungsnummer="7329" KundEigtNr="20061" ObjektID="17061" ZuordnungsartID="5"/>
  <Zuordnungstabelle Zuordnungsnummer="7330" KundEigtNr="20066" ObjektID="17062" ZuordnungsartID="5"/>
  <Zuordnungstabelle Zuordnungsnummer="7331" KundEigtNr="20079" ObjektID="17063" ZuordnungsartID="5"/>
  <Zuordnungstabelle Zuordnungsnummer="7332" KundEigtNr="20090" ObjektID="14696" ZuordnungsartID="5"/>
  <Zuordnungstabelle Zuordnungsnummer="7333" KundEigtNr="20103" ObjektID="17064" ZuordnungsartID="5"/>
  <Zuordnungstabelle Zuordnungsnummer="7334" KundEigtNr="19117" ObjektID="17065" ZuordnungsartID="5"/>
  <Zuordnungstabelle Zuordnungsnummer="7335" KundEigtNr="20111" ObjektID="17066" ZuordnungsartID="5"/>
  <Zuordnungstabelle Zuordnungsnummer="7336" KundEigtNr="20115" ObjektID="17067" ZuordnungsartID="5"/>
  <Zuordnungstabelle Zuordnungsnummer="7337" KundEigtNr="20124" ObjektID="17069" ZuordnungsartID="5"/>
  <Zuordnungstabelle Zuordnungsnummer="7338" KundEigtNr="10796" ObjektID="17070" ZuordnungsartID="5"/>
  <Zuordnungstabelle Zuordnungsnummer="7339" KundEigtNr="7854" ObjektID="3852" ZuordnungsartID="5"/>
  <Zuordnungstabelle Zuordnungsnummer="7340" KundEigtNr="20130" ObjektID="17072" ZuordnungsartID="5"/>
  <Zuordnungstabelle Zuordnungsnummer="7341" KundEigtNr="1072" ObjektID="17073" ZuordnungsartID="5"/>
  <Zuordnungstabelle Zuordnungsnummer="7342" KundEigtNr="18721" ObjektID="16812" ZuordnungsartID="5"/>
  <Zuordnungstabelle Zuordnungsnummer="7343" KundEigtNr="20171" ObjektID="17074" ZuordnungsartID="5"/>
  <Zuordnungstabelle Zuordnungsnummer="7344" KundEigtNr="20171" ObjektID="17075" ZuordnungsartID="5"/>
  <Zuordnungstabelle Zuordnungsnummer="7345" KundEigtNr="20171" ObjektID="17076" ZuordnungsartID="5"/>
  <Zuordnungstabelle Zuordnungsnummer="7346" KundEigtNr="463" ObjektID="17077" ZuordnungsartID="5"/>
  <Zuordnungstabelle Zuordnungsnummer="7347" KundEigtNr="20192" ObjektID="17078" ZuordnungsartID="5"/>
  <Zuordnungstabelle Zuordnungsnummer="7348" KundEigtNr="20193" ObjektID="17079" ZuordnungsartID="5"/>
  <Zuordnungstabelle Zuordnungsnummer="7349" KundEigtNr="2583" ObjektID="771" ZuordnungsartID="5"/>
  <Zuordnungstabelle Zuordnungsnummer="7350" KundEigtNr="20205" ObjektID="14259" ZuordnungsartID="5"/>
  <Zuordnungstabelle Zuordnungsnummer="7351" KundEigtNr="20216" ObjektID="17080" ZuordnungsartID="5"/>
  <Zuordnungstabelle Zuordnungsnummer="7352" KundEigtNr="20230" ObjektID="17081" ZuordnungsartID="5"/>
  <Zuordnungstabelle Zuordnungsnummer="7353" KundEigtNr="20232" ObjektID="17082" ZuordnungsartID="5"/>
  <Zuordnungstabelle Zuordnungsnummer="7354" KundEigtNr="20233" ObjektID="17083" ZuordnungsartID="5"/>
  <Zuordnungstabelle Zuordnungsnummer="7355" KundEigtNr="20234" ObjektID="17084" ZuordnungsartID="5"/>
  <Zuordnungstabelle Zuordnungsnummer="7356" KundEigtNr="20235" ObjektID="17085" ZuordnungsartID="5"/>
  <Zuordnungstabelle Zuordnungsnummer="7357" KundEigtNr="20236" ObjektID="17086" ZuordnungsartID="5"/>
  <Zuordnungstabelle Zuordnungsnummer="7358" KundEigtNr="20237" ObjektID="17087" ZuordnungsartID="5"/>
  <Zuordnungstabelle Zuordnungsnummer="7359" KundEigtNr="20242" ObjektID="17088" ZuordnungsartID="5"/>
  <Zuordnungstabelle Zuordnungsnummer="7360" KundEigtNr="20249" ObjektID="17089" ZuordnungsartID="5"/>
  <Zuordnungstabelle Zuordnungsnummer="7361" KundEigtNr="18519" ObjektID="17090" ZuordnungsartID="5"/>
  <Zuordnungstabelle Zuordnungsnummer="7362" KundEigtNr="15151" ObjektID="17091" ZuordnungsartID="5"/>
  <Zuordnungstabelle Zuordnungsnummer="7363" KundEigtNr="20254" ObjektID="17092" ZuordnungsartID="5"/>
  <Zuordnungstabelle Zuordnungsnummer="7364" KundEigtNr="20256" ObjektID="17093" ZuordnungsartID="5"/>
  <Zuordnungstabelle Zuordnungsnummer="7365" KundEigtNr="20263" ObjektID="17094" ZuordnungsartID="5"/>
  <Zuordnungstabelle Zuordnungsnummer="7366" KundEigtNr="20286" ObjektID="17095" ZuordnungsartID="5"/>
  <Zuordnungstabelle Zuordnungsnummer="7367" KundEigtNr="6338" ObjektID="771" ZuordnungsartID="5"/>
  <Zuordnungstabelle Zuordnungsnummer="7368" KundEigtNr="20317" ObjektID="16249" ZuordnungsartID="5"/>
  <Zuordnungstabelle Zuordnungsnummer="7369" KundEigtNr="20318" ObjektID="16249" ZuordnungsartID="5"/>
  <Zuordnungstabelle Zuordnungsnummer="7370" KundEigtNr="20320" ObjektID="17096" ZuordnungsartID="5"/>
  <Zuordnungstabelle Zuordnungsnummer="7371" KundEigtNr="12856" ObjektID="17097" ZuordnungsartID="5"/>
  <Zuordnungstabelle Zuordnungsnummer="7372" KundEigtNr="12856" ObjektID="4784" ZuordnungsartID="5"/>
  <Zuordnungstabelle Zuordnungsnummer="7373" KundEigtNr="20336" ObjektID="17098" ZuordnungsartID="5"/>
  <Zuordnungstabelle Zuordnungsnummer="7374" KundEigtNr="20340" ObjektID="17099" ZuordnungsartID="5"/>
  <Zuordnungstabelle Zuordnungsnummer="7375" KundEigtNr="20345" ObjektID="17100" ZuordnungsartID="5"/>
  <Zuordnungstabelle Zuordnungsnummer="7376" KundEigtNr="20348" ObjektID="13752" ZuordnungsartID="5"/>
  <Zuordnungstabelle Zuordnungsnummer="7377" KundEigtNr="20358" ObjektID="17101" ZuordnungsartID="5"/>
  <Zuordnungstabelle Zuordnungsnummer="7379" KundEigtNr="20265" ObjektID="17102" ZuordnungsartID="5"/>
  <Zuordnungstabelle Zuordnungsnummer="7380" KundEigtNr="20362" ObjektID="17103" ZuordnungsartID="5"/>
  <Zuordnungstabelle Zuordnungsnummer="7381" KundEigtNr="20190" ObjektID="17104" ZuordnungsartID="5"/>
  <Zuordnungstabelle Zuordnungsnummer="7382" KundEigtNr="20400" ObjektID="17105" ZuordnungsartID="5"/>
  <Zuordnungstabelle Zuordnungsnummer="7383" KundEigtNr="20308" ObjektID="17106" ZuordnungsartID="5"/>
  <Zuordnungstabelle Zuordnungsnummer="7384" KundEigtNr="20290" ObjektID="17107" ZuordnungsartID="5"/>
  <Zuordnungstabelle Zuordnungsnummer="7385" KundEigtNr="9054" ObjektID="17108" ZuordnungsartID="5"/>
  <Zuordnungstabelle Zuordnungsnummer="7386" KundEigtNr="20406" ObjektID="17109" ZuordnungsartID="5"/>
  <Zuordnungstabelle Zuordnungsnummer="7387" KundEigtNr="20407" ObjektID="1435" ZuordnungsartID="5"/>
  <Zuordnungstabelle Zuordnungsnummer="7388" KundEigtNr="20410" ObjektID="13129" ZuordnungsartID="5"/>
  <Zuordnungstabelle Zuordnungsnummer="7389" KundEigtNr="14904" ObjektID="4785" ZuordnungsartID="5"/>
  <Zuordnungstabelle Zuordnungsnummer="7390" KundEigtNr="19643" ObjektID="17110" ZuordnungsartID="5"/>
  <Zuordnungstabelle Zuordnungsnummer="7391" KundEigtNr="3818" ObjektID="17111" ZuordnungsartID="5"/>
  <Zuordnungstabelle Zuordnungsnummer="7392" KundEigtNr="20063" ObjektID="17112" ZuordnungsartID="5"/>
  <Zuordnungstabelle Zuordnungsnummer="7393" KundEigtNr="20417" ObjektID="17113" ZuordnungsartID="5"/>
  <Zuordnungstabelle Zuordnungsnummer="7394" KundEigtNr="20427" ObjektID="17114" ZuordnungsartID="5"/>
  <Zuordnungstabelle Zuordnungsnummer="7395" KundEigtNr="20208" ObjektID="17115" ZuordnungsartID="5"/>
  <Zuordnungstabelle Zuordnungsnummer="7396" KundEigtNr="16" ObjektID="16963" ZuordnungsartID="5"/>
  <Zuordnungstabelle Zuordnungsnummer="7398" KundEigtNr="20380" ObjektID="17116" ZuordnungsartID="5"/>
  <Zuordnungstabelle Zuordnungsnummer="7399" KundEigtNr="20478" ObjektID="3401" ZuordnungsartID="5"/>
  <Zuordnungstabelle Zuordnungsnummer="7400" KundEigtNr="20484" ObjektID="17117" ZuordnungsartID="5"/>
  <Zuordnungstabelle Zuordnungsnummer="7402" KundEigtNr="20232" ObjektID="17119" ZuordnungsartID="5"/>
  <Zuordnungstabelle Zuordnungsnummer="7403" KundEigtNr="20506" ObjektID="17120" ZuordnungsartID="5"/>
  <Zuordnungstabelle Zuordnungsnummer="7404" KundEigtNr="216" ObjektID="17121" ZuordnungsartID="5"/>
  <Zuordnungstabelle Zuordnungsnummer="7405" KundEigtNr="216" ObjektID="17122" ZuordnungsartID="5"/>
  <Zuordnungstabelle Zuordnungsnummer="7406" KundEigtNr="20274" ObjektID="17123" ZuordnungsartID="5"/>
  <Zuordnungstabelle Zuordnungsnummer="7407" KundEigtNr="20512" ObjektID="13445" ZuordnungsartID="5"/>
  <Zuordnungstabelle Zuordnungsnummer="7408" KundEigtNr="20512" ObjektID="17124" ZuordnungsartID="5"/>
  <Zuordnungstabelle Zuordnungsnummer="7409" KundEigtNr="20512" ObjektID="17125" ZuordnungsartID="5"/>
  <Zuordnungstabelle Zuordnungsnummer="7410" KundEigtNr="20512" ObjektID="17126" ZuordnungsartID="5"/>
  <Zuordnungstabelle Zuordnungsnummer="7411" KundEigtNr="17665" ObjektID="17127" ZuordnungsartID="5"/>
  <Zuordnungstabelle Zuordnungsnummer="7412" KundEigtNr="20469" ObjektID="17128" ZuordnungsartID="5"/>
  <Zuordnungstabelle Zuordnungsnummer="7413" KundEigtNr="20518" ObjektID="17129" ZuordnungsartID="5"/>
  <Zuordnungstabelle Zuordnungsnummer="7414" KundEigtNr="20464" ObjektID="17130" ZuordnungsartID="5"/>
  <Zuordnungstabelle Zuordnungsnummer="7415" KundEigtNr="20519" ObjektID="17131" ZuordnungsartID="8"/>
  <Zuordnungstabelle Zuordnungsnummer="7416" KundEigtNr="20264" ObjektID="17132" ZuordnungsartID="5"/>
  <Zuordnungstabelle Zuordnungsnummer="7417" KundEigtNr="20280" ObjektID="17133" ZuordnungsartID="5"/>
  <Zuordnungstabelle Zuordnungsnummer="7418" KundEigtNr="20527" ObjektID="17134" ZuordnungsartID="5"/>
  <Zuordnungstabelle Zuordnungsnummer="7420" KundEigtNr="20519" ObjektID="17135" ZuordnungsartID="5"/>
  <Zuordnungstabelle Zuordnungsnummer="7421" KundEigtNr="20519" ObjektID="17136" ZuordnungsartID="5"/>
  <Zuordnungstabelle Zuordnungsnummer="7422" KundEigtNr="20519" ObjektID="17137" ZuordnungsartID="5"/>
  <Zuordnungstabelle Zuordnungsnummer="7423" KundEigtNr="20542" ObjektID="17138" ZuordnungsartID="5"/>
  <Zuordnungstabelle Zuordnungsnummer="7424" KundEigtNr="20287" ObjektID="17139" ZuordnungsartID="5"/>
  <Zuordnungstabelle Zuordnungsnummer="7425" KundEigtNr="83" ObjektID="1889" ZuordnungsartID="5"/>
  <Zuordnungstabelle Zuordnungsnummer="7426" KundEigtNr="2293" ObjektID="17140" ZuordnungsartID="5"/>
  <Zuordnungstabelle Zuordnungsnummer="7427" KundEigtNr="18958" ObjektID="17141" ZuordnungsartID="5"/>
  <Zuordnungstabelle Zuordnungsnummer="7428" KundEigtNr="20569" ObjektID="17142" ZuordnungsartID="5"/>
  <Zuordnungstabelle Zuordnungsnummer="7429" KundEigtNr="20577" ObjektID="13000" ZuordnungsartID="5"/>
  <Zuordnungstabelle Zuordnungsnummer="7430" KundEigtNr="20594" ObjektID="3671" ZuordnungsartID="5"/>
  <Zuordnungstabelle Zuordnungsnummer="7431" KundEigtNr="20601" ObjektID="17143" ZuordnungsartID="5"/>
  <Zuordnungstabelle Zuordnungsnummer="7432" KundEigtNr="19675" ObjektID="17144" ZuordnungsartID="5"/>
  <Zuordnungstabelle Zuordnungsnummer="7433" KundEigtNr="20558" ObjektID="17145" ZuordnungsartID="5"/>
  <Zuordnungstabelle Zuordnungsnummer="7434" KundEigtNr="20452" ObjektID="4314" ZuordnungsartID="5"/>
  <Zuordnungstabelle Zuordnungsnummer="7435" KundEigtNr="20620" ObjektID="17146" ZuordnungsartID="5"/>
  <Zuordnungstabelle Zuordnungsnummer="7436" KundEigtNr="20621" ObjektID="17147" ZuordnungsartID="5"/>
  <Zuordnungstabelle Zuordnungsnummer="7437" KundEigtNr="20624" ObjektID="17148" ZuordnungsartID="5"/>
  <Zuordnungstabelle Zuordnungsnummer="7438" KundEigtNr="20535" ObjektID="17149" ZuordnungsartID="5"/>
  <Zuordnungstabelle Zuordnungsnummer="7439" KundEigtNr="20545" ObjektID="12602" ZuordnungsartID="5"/>
  <Zuordnungstabelle Zuordnungsnummer="7440" KundEigtNr="20556" ObjektID="17150" ZuordnungsartID="5"/>
  <Zuordnungstabelle Zuordnungsnummer="7441" KundEigtNr="5670" ObjektID="17151" ZuordnungsartID="5"/>
  <Zuordnungstabelle Zuordnungsnummer="7442" KundEigtNr="20626" ObjektID="17152" ZuordnungsartID="5"/>
  <Zuordnungstabelle Zuordnungsnummer="7443" KundEigtNr="20637" ObjektID="17153" ZuordnungsartID="5"/>
  <Zuordnungstabelle Zuordnungsnummer="7444" KundEigtNr="9394" ObjektID="17154" ZuordnungsartID="5"/>
  <Zuordnungstabelle Zuordnungsnummer="7445" KundEigtNr="20655" ObjektID="15963" ZuordnungsartID="5"/>
  <Zuordnungstabelle Zuordnungsnummer="7446" KundEigtNr="20554" ObjektID="5839" ZuordnungsartID="5"/>
  <Zuordnungstabelle Zuordnungsnummer="7447" KundEigtNr="20533" ObjektID="3518" ZuordnungsartID="5"/>
  <Zuordnungstabelle Zuordnungsnummer="7448" KundEigtNr="20656" ObjektID="17155" ZuordnungsartID="5"/>
  <Zuordnungstabelle Zuordnungsnummer="7449" KundEigtNr="20657" ObjektID="17156" ZuordnungsartID="5"/>
  <Zuordnungstabelle Zuordnungsnummer="7450" KundEigtNr="20658" ObjektID="17157" ZuordnungsartID="5"/>
  <Zuordnungstabelle Zuordnungsnummer="7451" KundEigtNr="20659" ObjektID="17158" ZuordnungsartID="5"/>
  <Zuordnungstabelle Zuordnungsnummer="7452" KundEigtNr="20666" ObjektID="10186" ZuordnungsartID="5"/>
  <Zuordnungstabelle Zuordnungsnummer="7453" KundEigtNr="20666" ObjektID="17159" ZuordnungsartID="5"/>
  <Zuordnungstabelle Zuordnungsnummer="7454" KundEigtNr="20555" ObjektID="17160" ZuordnungsartID="5"/>
  <Zuordnungstabelle Zuordnungsnummer="7455" KundEigtNr="20561" ObjektID="17161" ZuordnungsartID="5"/>
  <Zuordnungstabelle Zuordnungsnummer="7456" KundEigtNr="20685" ObjektID="17162" ZuordnungsartID="5"/>
  <Zuordnungstabelle Zuordnungsnummer="7457" KundEigtNr="20702" ObjektID="17163" ZuordnungsartID="5"/>
  <Zuordnungstabelle Zuordnungsnummer="7458" KundEigtNr="20705" ObjektID="17164" ZuordnungsartID="5"/>
  <Zuordnungstabelle Zuordnungsnummer="7459" KundEigtNr="20706" ObjektID="17165" ZuordnungsartID="5"/>
  <Zuordnungstabelle Zuordnungsnummer="7460" KundEigtNr="20724" ObjektID="1015" ZuordnungsartID="5"/>
  <Zuordnungstabelle Zuordnungsnummer="7461" KundEigtNr="20654" ObjektID="17166" ZuordnungsartID="5"/>
  <Zuordnungstabelle Zuordnungsnummer="7462" KundEigtNr="20654" ObjektID="17167" ZuordnungsartID="5"/>
  <Zuordnungstabelle Zuordnungsnummer="7463" KundEigtNr="20733" ObjektID="17168" ZuordnungsartID="5"/>
  <Zuordnungstabelle Zuordnungsnummer="7464" KundEigtNr="20733" ObjektID="17169" ZuordnungsartID="5"/>
  <Zuordnungstabelle Zuordnungsnummer="7465" KundEigtNr="20733" ObjektID="17170" ZuordnungsartID="5"/>
  <Zuordnungstabelle Zuordnungsnummer="7466" KundEigtNr="20733" ObjektID="17171" ZuordnungsartID="5"/>
  <Zuordnungstabelle Zuordnungsnummer="7467" KundEigtNr="20733" ObjektID="17172" ZuordnungsartID="5"/>
  <Zuordnungstabelle Zuordnungsnummer="7468" KundEigtNr="20733" ObjektID="17173" ZuordnungsartID="5"/>
  <Zuordnungstabelle Zuordnungsnummer="7469" KundEigtNr="20733" ObjektID="17174" ZuordnungsartID="5"/>
  <Zuordnungstabelle Zuordnungsnummer="7470" KundEigtNr="20733" ObjektID="17175" ZuordnungsartID="5"/>
  <Zuordnungstabelle Zuordnungsnummer="7471" KundEigtNr="20733" ObjektID="17176" ZuordnungsartID="5"/>
  <Zuordnungstabelle Zuordnungsnummer="7472" KundEigtNr="20733" ObjektID="17177" ZuordnungsartID="5"/>
  <Zuordnungstabelle Zuordnungsnummer="7473" KundEigtNr="20760" ObjektID="17178" ZuordnungsartID="5"/>
  <Zuordnungstabelle Zuordnungsnummer="7474" KundEigtNr="20763" ObjektID="17179" ZuordnungsartID="5"/>
  <Zuordnungstabelle Zuordnungsnummer="7475" KundEigtNr="20769" ObjektID="17180" ZuordnungsartID="5"/>
  <Zuordnungstabelle Zuordnungsnummer="7476" KundEigtNr="20775" ObjektID="17181" ZuordnungsartID="5"/>
  <Zuordnungstabelle Zuordnungsnummer="7477" KundEigtNr="20777" ObjektID="17182" ZuordnungsartID="5"/>
  <Zuordnungstabelle Zuordnungsnummer="7478" KundEigtNr="20743" ObjektID="17184" ZuordnungsartID="5"/>
  <Zuordnungstabelle Zuordnungsnummer="7479" KundEigtNr="20787" ObjektID="15208" ZuordnungsartID="5"/>
  <Zuordnungstabelle Zuordnungsnummer="7480" KundEigtNr="20790" ObjektID="17185" ZuordnungsartID="5"/>
  <Zuordnungstabelle Zuordnungsnummer="7481" KundEigtNr="20793" ObjektID="17186" ZuordnungsartID="5"/>
  <Zuordnungstabelle Zuordnungsnummer="7482" KundEigtNr="20794" ObjektID="17187" ZuordnungsartID="5"/>
  <Zuordnungstabelle Zuordnungsnummer="7485" KundEigtNr="20742" ObjektID="16743" ZuordnungsartID="5"/>
  <Zuordnungstabelle Zuordnungsnummer="7486" KundEigtNr="20829" ObjektID="17189" ZuordnungsartID="5"/>
  <Zuordnungstabelle Zuordnungsnummer="7487" KundEigtNr="20543" ObjektID="17190" ZuordnungsartID="5"/>
  <Zuordnungstabelle Zuordnungsnummer="7488" KundEigtNr="20797" ObjektID="1612" ZuordnungsartID="5"/>
  <Zuordnungstabelle Zuordnungsnummer="7489" KundEigtNr="10275" ObjektID="2263" ZuordnungsartID="8"/>
  <Zuordnungstabelle Zuordnungsnummer="7490" KundEigtNr="20392" ObjektID="17191" ZuordnungsartID="5"/>
  <Zuordnungstabelle Zuordnungsnummer="7491" KundEigtNr="20818" ObjektID="17192" ZuordnungsartID="5"/>
  <Zuordnungstabelle Zuordnungsnummer="7492" KundEigtNr="20809" ObjektID="1228" ZuordnungsartID="5"/>
  <Zuordnungstabelle Zuordnungsnummer="7493" KundEigtNr="20846" ObjektID="13559" ZuordnungsartID="5"/>
  <Zuordnungstabelle Zuordnungsnummer="7494" KundEigtNr="20853" ObjektID="4464" ZuordnungsartID="5"/>
  <Zuordnungstabelle Zuordnungsnummer="7495" KundEigtNr="20856" ObjektID="17193" ZuordnungsartID="5"/>
  <Zuordnungstabelle Zuordnungsnummer="7496" KundEigtNr="20738" ObjektID="17194" ZuordnungsartID="5"/>
  <Zuordnungstabelle Zuordnungsnummer="7497" KundEigtNr="20871" ObjektID="1552" ZuordnungsartID="5"/>
  <Zuordnungstabelle Zuordnungsnummer="7498" KundEigtNr="20872" ObjektID="2069" ZuordnungsartID="5"/>
  <Zuordnungstabelle Zuordnungsnummer="7499" KundEigtNr="20874" ObjektID="17195" ZuordnungsartID="5"/>
  <Zuordnungstabelle Zuordnungsnummer="7500" KundEigtNr="20875" ObjektID="17196" ZuordnungsartID="5"/>
  <Zuordnungstabelle Zuordnungsnummer="7501" KundEigtNr="19143" ObjektID="65" ZuordnungsartID="5"/>
  <Zuordnungstabelle Zuordnungsnummer="7502" KundEigtNr="20889" ObjektID="17197" ZuordnungsartID="5"/>
  <Zuordnungstabelle Zuordnungsnummer="7503" KundEigtNr="20613" ObjektID="17198" ZuordnungsartID="5"/>
  <Zuordnungstabelle Zuordnungsnummer="7504" KundEigtNr="20890" ObjektID="17199" ZuordnungsartID="5"/>
  <Zuordnungstabelle Zuordnungsnummer="7505" KundEigtNr="20800" ObjektID="17200" ZuordnungsartID="5"/>
  <Zuordnungstabelle Zuordnungsnummer="7507" KundEigtNr="20918" ObjektID="17201" ZuordnungsartID="5"/>
  <Zuordnungstabelle Zuordnungsnummer="7508" KundEigtNr="20926" ObjektID="17202" ZuordnungsartID="5"/>
  <Zuordnungstabelle Zuordnungsnummer="7509" KundEigtNr="20931" ObjektID="17203" ZuordnungsartID="5"/>
  <Zuordnungstabelle Zuordnungsnummer="7510" KundEigtNr="20939" ObjektID="17204" ZuordnungsartID="5"/>
  <Zuordnungstabelle Zuordnungsnummer="7511" KundEigtNr="20954" ObjektID="17205" ZuordnungsartID="5"/>
  <Zuordnungstabelle Zuordnungsnummer="7512" KundEigtNr="15259" ObjektID="17206" ZuordnungsartID="5"/>
  <Zuordnungstabelle Zuordnungsnummer="7513" KundEigtNr="20960" ObjektID="17207" ZuordnungsartID="5"/>
  <Zuordnungstabelle Zuordnungsnummer="7514" KundEigtNr="20961" ObjektID="17208" ZuordnungsartID="5"/>
  <Zuordnungstabelle Zuordnungsnummer="7515" KundEigtNr="20967" ObjektID="14713" ZuordnungsartID="5"/>
  <Zuordnungstabelle Zuordnungsnummer="7516" KundEigtNr="18128" ObjektID="17209" ZuordnungsartID="5"/>
  <Zuordnungstabelle Zuordnungsnummer="7517" KundEigtNr="20952" ObjektID="17210" ZuordnungsartID="5"/>
  <Zuordnungstabelle Zuordnungsnummer="7518" KundEigtNr="21040" ObjektID="17211" ZuordnungsartID="5"/>
  <Zuordnungstabelle Zuordnungsnummer="7519" KundEigtNr="21042" ObjektID="17212" ZuordnungsartID="5"/>
  <Zuordnungstabelle Zuordnungsnummer="7520" KundEigtNr="20335" ObjektID="17213" ZuordnungsartID="5"/>
  <Zuordnungstabelle Zuordnungsnummer="7521" KundEigtNr="20815" ObjektID="17214" ZuordnungsartID="5"/>
  <Zuordnungstabelle Zuordnungsnummer="7522" KundEigtNr="20986" ObjektID="17215" ZuordnungsartID="5"/>
  <Zuordnungstabelle Zuordnungsnummer="7523" KundEigtNr="20335" ObjektID="17216" ZuordnungsartID="5"/>
  <Zuordnungstabelle Zuordnungsnummer="7524" KundEigtNr="1206" ObjektID="17217" ZuordnungsartID="5"/>
  <Zuordnungstabelle Zuordnungsnummer="7525" KundEigtNr="21067" ObjektID="17218" ZuordnungsartID="5"/>
  <Zuordnungstabelle Zuordnungsnummer="7526" KundEigtNr="21078" ObjektID="17219" ZuordnungsartID="5"/>
  <Zuordnungstabelle Zuordnungsnummer="7527" KundEigtNr="21079" ObjektID="17220" ZuordnungsartID="5"/>
  <Zuordnungstabelle Zuordnungsnummer="7528" KundEigtNr="20189" ObjektID="17221" ZuordnungsartID="5"/>
  <Zuordnungstabelle Zuordnungsnummer="7529" KundEigtNr="21081" ObjektID="17222" ZuordnungsartID="5"/>
  <Zuordnungstabelle Zuordnungsnummer="7530" KundEigtNr="21082" ObjektID="17223" ZuordnungsartID="5"/>
  <Zuordnungstabelle Zuordnungsnummer="7532" KundEigtNr="20994" ObjektID="17224" ZuordnungsartID="5"/>
  <Zuordnungstabelle Zuordnungsnummer="7533" KundEigtNr="21091" ObjektID="17225" ZuordnungsartID="5"/>
  <Zuordnungstabelle Zuordnungsnummer="7534" KundEigtNr="21099" ObjektID="17226" ZuordnungsartID="5"/>
  <Zuordnungstabelle Zuordnungsnummer="7535" KundEigtNr="8070" ObjektID="14214" ZuordnungsartID="5"/>
  <Zuordnungstabelle Zuordnungsnummer="7536" KundEigtNr="20387" ObjektID="17227" ZuordnungsartID="5"/>
  <Zuordnungstabelle Zuordnungsnummer="7537" KundEigtNr="21051" ObjektID="17228" ZuordnungsartID="5"/>
  <Zuordnungstabelle Zuordnungsnummer="7538" KundEigtNr="21134" ObjektID="17229" ZuordnungsartID="5"/>
  <Zuordnungstabelle Zuordnungsnummer="7539" KundEigtNr="21135" ObjektID="17230" ZuordnungsartID="5"/>
  <Zuordnungstabelle Zuordnungsnummer="7540" KundEigtNr="21136" ObjektID="17231" ZuordnungsartID="5"/>
  <Zuordnungstabelle Zuordnungsnummer="7541" KundEigtNr="21147" ObjektID="17232" ZuordnungsartID="5"/>
  <Zuordnungstabelle Zuordnungsnummer="7542" KundEigtNr="20387" ObjektID="17233" ZuordnungsartID="5"/>
  <Zuordnungstabelle Zuordnungsnummer="7543" KundEigtNr="21168" ObjektID="17234" ZuordnungsartID="5"/>
  <Zuordnungstabelle Zuordnungsnummer="7544" KundEigtNr="21178" ObjektID="17235" ZuordnungsartID="5"/>
  <Zuordnungstabelle Zuordnungsnummer="7545" KundEigtNr="21115" ObjektID="17236" ZuordnungsartID="5"/>
  <Zuordnungstabelle Zuordnungsnummer="7546" KundEigtNr="14619" ObjektID="3740" ZuordnungsartID="5"/>
  <Zuordnungstabelle Zuordnungsnummer="7547" KundEigtNr="20116" ObjektID="17237" ZuordnungsartID="5"/>
  <Zuordnungstabelle Zuordnungsnummer="7548" KundEigtNr="21155" ObjektID="17238" ZuordnungsartID="5"/>
  <Zuordnungstabelle Zuordnungsnummer="7549" KundEigtNr="20945" ObjektID="17239" ZuordnungsartID="5"/>
  <Zuordnungstabelle Zuordnungsnummer="7550" KundEigtNr="21195" ObjektID="17240" ZuordnungsartID="5"/>
  <Zuordnungstabelle Zuordnungsnummer="7551" KundEigtNr="21197" ObjektID="17241" ZuordnungsartID="5"/>
  <Zuordnungstabelle Zuordnungsnummer="7552" KundEigtNr="21196" ObjektID="17242" ZuordnungsartID="5"/>
  <Zuordnungstabelle Zuordnungsnummer="7553" KundEigtNr="21201" ObjektID="17243" ZuordnungsartID="5"/>
  <Zuordnungstabelle Zuordnungsnummer="7554" KundEigtNr="21204" ObjektID="17244" ZuordnungsartID="5"/>
  <Zuordnungstabelle Zuordnungsnummer="7555" KundEigtNr="21208" ObjektID="17245" ZuordnungsartID="5"/>
  <Zuordnungstabelle Zuordnungsnummer="7556" KundEigtNr="21209" ObjektID="17246" ZuordnungsartID="5"/>
  <Zuordnungstabelle Zuordnungsnummer="7557" KundEigtNr="14558" ObjektID="5990" ZuordnungsartID="5"/>
  <Zuordnungstabelle Zuordnungsnummer="7558" KundEigtNr="21210" ObjektID="12061" ZuordnungsartID="5"/>
  <Zuordnungstabelle Zuordnungsnummer="7559" KundEigtNr="19396" ObjektID="17247" ZuordnungsartID="5"/>
  <Zuordnungstabelle Zuordnungsnummer="7560" KundEigtNr="21112" ObjektID="17248" ZuordnungsartID="5"/>
  <Zuordnungstabelle Zuordnungsnummer="7561" KundEigtNr="21212" ObjektID="17249" ZuordnungsartID="5"/>
  <Zuordnungstabelle Zuordnungsnummer="7562" KundEigtNr="21214" ObjektID="17250" ZuordnungsartID="5"/>
  <Zuordnungstabelle Zuordnungsnummer="7563" KundEigtNr="21119" ObjektID="17251" ZuordnungsartID="5"/>
  <Zuordnungstabelle Zuordnungsnummer="7564" KundEigtNr="21216" ObjektID="17252" ZuordnungsartID="5"/>
  <Zuordnungstabelle Zuordnungsnummer="7565" KundEigtNr="21241" ObjektID="17253" ZuordnungsartID="5"/>
  <Zuordnungstabelle Zuordnungsnummer="7566" KundEigtNr="21252" ObjektID="17254" ZuordnungsartID="5"/>
  <Zuordnungstabelle Zuordnungsnummer="7567" KundEigtNr="21050" ObjektID="17255" ZuordnungsartID="5"/>
  <Zuordnungstabelle Zuordnungsnummer="7568" KundEigtNr="21254" ObjektID="17256" ZuordnungsartID="5"/>
  <Zuordnungstabelle Zuordnungsnummer="7569" KundEigtNr="13171" ObjektID="2752" ZuordnungsartID="5"/>
  <Zuordnungstabelle Zuordnungsnummer="7570" KundEigtNr="21103" ObjektID="17257" ZuordnungsartID="5"/>
  <Zuordnungstabelle Zuordnungsnummer="7571" KundEigtNr="21231" ObjektID="17258" ZuordnungsartID="5"/>
  <Zuordnungstabelle Zuordnungsnummer="7572" KundEigtNr="21282" ObjektID="13200" ZuordnungsartID="5"/>
  <Zuordnungstabelle Zuordnungsnummer="7573" KundEigtNr="21277" ObjektID="17259" ZuordnungsartID="5"/>
  <Zuordnungstabelle Zuordnungsnummer="7574" KundEigtNr="21310" ObjektID="17260" ZuordnungsartID="5"/>
  <Zuordnungstabelle Zuordnungsnummer="7575" KundEigtNr="21319" ObjektID="17261" ZuordnungsartID="5"/>
  <Zuordnungstabelle Zuordnungsnummer="7576" KundEigtNr="21331" ObjektID="17262" ZuordnungsartID="5"/>
  <Zuordnungstabelle Zuordnungsnummer="7577" KundEigtNr="21308" ObjektID="17263" ZuordnungsartID="5"/>
  <Zuordnungstabelle Zuordnungsnummer="7578" KundEigtNr="21308" ObjektID="17264" ZuordnungsartID="5"/>
  <Zuordnungstabelle Zuordnungsnummer="7579" KundEigtNr="21297" ObjektID="17265" ZuordnungsartID="5"/>
  <Zuordnungstabelle Zuordnungsnummer="7580" KundEigtNr="21333" ObjektID="17266" ZuordnungsartID="5"/>
  <Zuordnungstabelle Zuordnungsnummer="7581" KundEigtNr="21209" ObjektID="17267" ZuordnungsartID="5"/>
  <Zuordnungstabelle Zuordnungsnummer="7582" KundEigtNr="19144" ObjektID="17268" ZuordnungsartID="5"/>
  <Zuordnungstabelle Zuordnungsnummer="7583" KundEigtNr="13846" ObjektID="17269" ZuordnungsartID="5"/>
  <Zuordnungstabelle Zuordnungsnummer="7584" KundEigtNr="21311" ObjektID="17271" ZuordnungsartID="5"/>
  <Zuordnungstabelle Zuordnungsnummer="7585" KundEigtNr="21311" ObjektID="17272" ZuordnungsartID="5"/>
  <Zuordnungstabelle Zuordnungsnummer="7586" KundEigtNr="21311" ObjektID="17273" ZuordnungsartID="5"/>
  <Zuordnungstabelle Zuordnungsnummer="7587" KundEigtNr="21276" ObjektID="17274" ZuordnungsartID="5"/>
  <Zuordnungstabelle Zuordnungsnummer="7588" KundEigtNr="21369" ObjektID="4125" ZuordnungsartID="5"/>
  <Zuordnungstabelle Zuordnungsnummer="7589" KundEigtNr="21300" ObjektID="17275" ZuordnungsartID="5"/>
  <Zuordnungstabelle Zuordnungsnummer="7590" KundEigtNr="18099" ObjektID="15027" ZuordnungsartID="5"/>
  <Zuordnungstabelle Zuordnungsnummer="7591" KundEigtNr="21422" ObjektID="17276" ZuordnungsartID="5"/>
  <Zuordnungstabelle Zuordnungsnummer="7593" KundEigtNr="21439" ObjektID="17277" ZuordnungsartID="5"/>
  <Zuordnungstabelle Zuordnungsnummer="7594" KundEigtNr="21439" ObjektID="17278" ZuordnungsartID="5"/>
  <Zuordnungstabelle Zuordnungsnummer="7595" KundEigtNr="21439" ObjektID="17279" ZuordnungsartID="5"/>
  <Zuordnungstabelle Zuordnungsnummer="7596" KundEigtNr="21447" ObjektID="17280" ZuordnungsartID="5"/>
  <Zuordnungstabelle Zuordnungsnummer="7597" KundEigtNr="20750" ObjektID="17281" ZuordnungsartID="5"/>
  <Zuordnungstabelle Zuordnungsnummer="7598" KundEigtNr="21471" ObjektID="17282" ZuordnungsartID="5"/>
  <Zuordnungstabelle Zuordnungsnummer="7599" KundEigtNr="21459" ObjektID="78" ZuordnungsartID="5"/>
  <Zuordnungstabelle Zuordnungsnummer="7600" KundEigtNr="16152" ObjektID="17283" ZuordnungsartID="5"/>
  <Zuordnungstabelle Zuordnungsnummer="7601" KundEigtNr="18618" ObjektID="17284" ZuordnungsartID="5"/>
  <Zuordnungstabelle Zuordnungsnummer="7602" KundEigtNr="21484" ObjektID="17285" ZuordnungsartID="5"/>
  <Zuordnungstabelle Zuordnungsnummer="7603" KundEigtNr="20467" ObjektID="17286" ZuordnungsartID="5"/>
  <Zuordnungstabelle Zuordnungsnummer="7604" KundEigtNr="21406" ObjektID="17287" ZuordnungsartID="5"/>
  <Zuordnungstabelle Zuordnungsnummer="7605" KundEigtNr="21544" ObjektID="17288" ZuordnungsartID="5"/>
  <Zuordnungstabelle Zuordnungsnummer="7606" KundEigtNr="11123" ObjektID="17289" ZuordnungsartID="5"/>
  <Zuordnungstabelle Zuordnungsnummer="7607" KundEigtNr="9681" ObjektID="17290" ZuordnungsartID="5"/>
  <Zuordnungstabelle Zuordnungsnummer="7608" KundEigtNr="21598" ObjektID="17291" ZuordnungsartID="5"/>
  <Zuordnungstabelle Zuordnungsnummer="7609" KundEigtNr="20460" ObjektID="17292" ZuordnungsartID="5"/>
  <Zuordnungstabelle Zuordnungsnummer="7610" KundEigtNr="21604" ObjektID="17293" ZuordnungsartID="5"/>
  <Zuordnungstabelle Zuordnungsnummer="7611" KundEigtNr="21607" ObjektID="17294" ZuordnungsartID="5"/>
  <Zuordnungstabelle Zuordnungsnummer="7612" KundEigtNr="21228" ObjektID="17295" ZuordnungsartID="5"/>
  <Zuordnungstabelle Zuordnungsnummer="7613" KundEigtNr="222" ObjektID="17296" ZuordnungsartID="5"/>
  <Zuordnungstabelle Zuordnungsnummer="7614" KundEigtNr="21613" ObjektID="17297" ZuordnungsartID="5"/>
  <Zuordnungstabelle Zuordnungsnummer="7615" KundEigtNr="21614" ObjektID="11425" ZuordnungsartID="5"/>
  <Zuordnungstabelle Zuordnungsnummer="7616" KundEigtNr="21627" ObjektID="10169" ZuordnungsartID="5"/>
  <Zuordnungstabelle Zuordnungsnummer="7617" KundEigtNr="21114" ObjektID="14850" ZuordnungsartID="5"/>
  <Zuordnungstabelle Zuordnungsnummer="7618" KundEigtNr="21631" ObjektID="17298" ZuordnungsartID="5"/>
  <Zuordnungstabelle Zuordnungsnummer="7619" KundEigtNr="21648" ObjektID="17299" ZuordnungsartID="5"/>
  <Zuordnungstabelle Zuordnungsnummer="7620" KundEigtNr="21649" ObjektID="17300" ZuordnungsartID="5"/>
  <Zuordnungstabelle Zuordnungsnummer="7621" KundEigtNr="21677" ObjektID="17301" ZuordnungsartID="5"/>
  <Zuordnungstabelle Zuordnungsnummer="7622" KundEigtNr="19620" ObjektID="17302" ZuordnungsartID="5"/>
  <Zuordnungstabelle Zuordnungsnummer="7623" KundEigtNr="19616" ObjektID="17303" ZuordnungsartID="5"/>
  <Zuordnungstabelle Zuordnungsnummer="7624" KundEigtNr="21671" ObjektID="1001" ZuordnungsartID="5"/>
  <Zuordnungstabelle Zuordnungsnummer="7625" KundEigtNr="21232" ObjektID="17304" ZuordnungsartID="5"/>
  <Zuordnungstabelle Zuordnungsnummer="7626" KundEigtNr="21064" ObjektID="17305" ZuordnungsartID="5"/>
  <Zuordnungstabelle Zuordnungsnummer="7627" KundEigtNr="13544" ObjektID="17306" ZuordnungsartID="5"/>
  <Zuordnungstabelle Zuordnungsnummer="7628" KundEigtNr="21693" ObjektID="17307" ZuordnungsartID="5"/>
  <Zuordnungstabelle Zuordnungsnummer="7629" KundEigtNr="21651" ObjektID="17308" ZuordnungsartID="5"/>
  <Zuordnungstabelle Zuordnungsnummer="7630" KundEigtNr="21707" ObjektID="14920" ZuordnungsartID="5"/>
  <Zuordnungstabelle Zuordnungsnummer="7631" KundEigtNr="21714" ObjektID="17309" ZuordnungsartID="5"/>
  <Zuordnungstabelle Zuordnungsnummer="7632" KundEigtNr="21717" ObjektID="17310" ZuordnungsartID="5"/>
  <Zuordnungstabelle Zuordnungsnummer="7633" KundEigtNr="10930" ObjektID="17311" ZuordnungsartID="5"/>
  <Zuordnungstabelle Zuordnungsnummer="7634" KundEigtNr="21718" ObjektID="17312" ZuordnungsartID="5"/>
  <Zuordnungstabelle Zuordnungsnummer="7635" KundEigtNr="21659" ObjektID="17313" ZuordnungsartID="5"/>
  <Zuordnungstabelle Zuordnungsnummer="7636" KundEigtNr="21640" ObjektID="17314" ZuordnungsartID="5"/>
  <Zuordnungstabelle Zuordnungsnummer="7637" KundEigtNr="21742" ObjektID="17315" ZuordnungsartID="5"/>
  <Zuordnungstabelle Zuordnungsnummer="7638" KundEigtNr="21745" ObjektID="17316" ZuordnungsartID="5"/>
  <Zuordnungstabelle Zuordnungsnummer="7639" KundEigtNr="15058" ObjektID="17317" ZuordnungsartID="5"/>
  <Zuordnungstabelle Zuordnungsnummer="7640" KundEigtNr="21760" ObjektID="17318" ZuordnungsartID="5"/>
  <Zuordnungstabelle Zuordnungsnummer="7641" KundEigtNr="21720" ObjektID="17319" ZuordnungsartID="5"/>
  <Zuordnungstabelle Zuordnungsnummer="7642" KundEigtNr="21642" ObjektID="17320" ZuordnungsartID="5"/>
  <Zuordnungstabelle Zuordnungsnummer="7643" KundEigtNr="21577" ObjektID="13029" ZuordnungsartID="5"/>
  <Zuordnungstabelle Zuordnungsnummer="7644" KundEigtNr="21780" ObjektID="2325" ZuordnungsartID="5"/>
  <Zuordnungstabelle Zuordnungsnummer="7645" KundEigtNr="15408" ObjektID="17321" ZuordnungsartID="5"/>
  <Zuordnungstabelle Zuordnungsnummer="7646" KundEigtNr="31" ObjektID="13231" ZuordnungsartID="5"/>
  <Zuordnungstabelle Zuordnungsnummer="7647" KundEigtNr="21818" ObjektID="17322" ZuordnungsartID="5"/>
  <Zuordnungstabelle Zuordnungsnummer="7648" KundEigtNr="21828" ObjektID="17323" ZuordnungsartID="5"/>
  <Zuordnungstabelle Zuordnungsnummer="7649" KundEigtNr="21848" ObjektID="17324" ZuordnungsartID="5"/>
  <Zuordnungstabelle Zuordnungsnummer="7650" KundEigtNr="21588" ObjektID="17325" ZuordnungsartID="5"/>
  <Zuordnungstabelle Zuordnungsnummer="7651" KundEigtNr="21870" ObjektID="17326" ZuordnungsartID="5"/>
  <Zuordnungstabelle Zuordnungsnummer="7652" KundEigtNr="21884" ObjektID="3702" ZuordnungsartID="5"/>
  <Zuordnungstabelle Zuordnungsnummer="7653" KundEigtNr="21885" ObjektID="17327" ZuordnungsartID="5"/>
  <Zuordnungstabelle Zuordnungsnummer="7654" KundEigtNr="21838" ObjektID="17328" ZuordnungsartID="5"/>
  <Zuordnungstabelle Zuordnungsnummer="7655" KundEigtNr="21887" ObjektID="17329" ZuordnungsartID="5"/>
  <Zuordnungstabelle Zuordnungsnummer="7656" KundEigtNr="19264" ObjektID="17330" ZuordnungsartID="5"/>
  <Zuordnungstabelle Zuordnungsnummer="7657" KundEigtNr="21794" ObjektID="17331" ZuordnungsartID="5"/>
  <Zuordnungstabelle Zuordnungsnummer="7658" KundEigtNr="21865" ObjektID="17332" ZuordnungsartID="5"/>
  <Zuordnungstabelle Zuordnungsnummer="7659" KundEigtNr="18750" ObjektID="17333" ZuordnungsartID="5"/>
  <Zuordnungstabelle Zuordnungsnummer="7660" KundEigtNr="21839" ObjektID="17334" ZuordnungsartID="5"/>
  <Zuordnungstabelle Zuordnungsnummer="7661" KundEigtNr="21900" ObjektID="16765" ZuordnungsartID="5"/>
  <Zuordnungstabelle Zuordnungsnummer="7662" KundEigtNr="21912" ObjektID="17335" ZuordnungsartID="5"/>
  <Zuordnungstabelle Zuordnungsnummer="7663" KundEigtNr="10179" ObjektID="17336" ZuordnungsartID="5"/>
  <Zuordnungstabelle Zuordnungsnummer="7664" KundEigtNr="21948" ObjektID="17337" ZuordnungsartID="5"/>
  <Zuordnungstabelle Zuordnungsnummer="7665" KundEigtNr="21950" ObjektID="17338" ZuordnungsartID="5"/>
  <Zuordnungstabelle Zuordnungsnummer="7666" KundEigtNr="21835" ObjektID="17339" ZuordnungsartID="5"/>
  <Zuordnungstabelle Zuordnungsnummer="7667" KundEigtNr="21834" ObjektID="17340" ZuordnungsartID="5"/>
  <Zuordnungstabelle Zuordnungsnummer="7668" KundEigtNr="21898" ObjektID="17341" ZuordnungsartID="5"/>
  <Zuordnungstabelle Zuordnungsnummer="7669" KundEigtNr="21935" ObjektID="17342" ZuordnungsartID="5"/>
  <Zuordnungstabelle Zuordnungsnummer="7670" KundEigtNr="21859" ObjektID="17343" ZuordnungsartID="5"/>
  <Zuordnungstabelle Zuordnungsnummer="7671" KundEigtNr="16" ObjektID="8690" ZuordnungsartID="5"/>
  <Zuordnungstabelle Zuordnungsnummer="7672" KundEigtNr="21934" ObjektID="17344" ZuordnungsartID="5"/>
  <Zuordnungstabelle Zuordnungsnummer="7673" KundEigtNr="22036" ObjektID="17345" ZuordnungsartID="5"/>
  <Zuordnungstabelle Zuordnungsnummer="7674" KundEigtNr="22050" ObjektID="17346" ZuordnungsartID="5"/>
  <Zuordnungstabelle Zuordnungsnummer="7675" KundEigtNr="21996" ObjektID="17347" ZuordnungsartID="5"/>
  <Zuordnungstabelle Zuordnungsnummer="7676" KundEigtNr="22087" ObjektID="17348" ZuordnungsartID="5"/>
  <Zuordnungstabelle Zuordnungsnummer="7677" KundEigtNr="22093" ObjektID="1144" ZuordnungsartID="5"/>
  <Zuordnungstabelle Zuordnungsnummer="7678" KundEigtNr="21954" ObjektID="17349" ZuordnungsartID="5"/>
  <Zuordnungstabelle Zuordnungsnummer="7680" KundEigtNr="21975" ObjektID="17350" ZuordnungsartID="5"/>
  <Zuordnungstabelle Zuordnungsnummer="7681" KundEigtNr="22139" ObjektID="17351" ZuordnungsartID="5"/>
  <Zuordnungstabelle Zuordnungsnummer="7682" KundEigtNr="22138" ObjektID="17352" ZuordnungsartID="5"/>
  <Zuordnungstabelle Zuordnungsnummer="7683" KundEigtNr="22137" ObjektID="17353" ZuordnungsartID="5"/>
  <Zuordnungstabelle Zuordnungsnummer="7684" KundEigtNr="22098" ObjektID="17354" ZuordnungsartID="5"/>
  <Zuordnungstabelle Zuordnungsnummer="7685" KundEigtNr="22162" ObjektID="17355" ZuordnungsartID="5"/>
  <Zuordnungstabelle Zuordnungsnummer="7686" KundEigtNr="22106" ObjektID="17356" ZuordnungsartID="5"/>
  <Zuordnungstabelle Zuordnungsnummer="7687" KundEigtNr="22104" ObjektID="17357" ZuordnungsartID="5"/>
  <Zuordnungstabelle Zuordnungsnummer="7688" KundEigtNr="5868" ObjektID="13996" ZuordnungsartID="5"/>
  <Zuordnungstabelle Zuordnungsnummer="7689" KundEigtNr="19718" ObjektID="17358" ZuordnungsartID="5"/>
  <Zuordnungstabelle Zuordnungsnummer="7690" KundEigtNr="22103" ObjektID="17359" ZuordnungsartID="5"/>
  <Zuordnungstabelle Zuordnungsnummer="7691" KundEigtNr="20857" ObjektID="17360" ZuordnungsartID="5"/>
  <Zuordnungstabelle Zuordnungsnummer="7692" KundEigtNr="20374" ObjektID="17361" ZuordnungsartID="5"/>
  <Zuordnungstabelle Zuordnungsnummer="7693" KundEigtNr="22226" ObjektID="17362" ZuordnungsartID="5"/>
  <Zuordnungstabelle Zuordnungsnummer="7694" KundEigtNr="22227" ObjektID="17363" ZuordnungsartID="5"/>
  <Zuordnungstabelle Zuordnungsnummer="7695" KundEigtNr="21754" ObjektID="17364" ZuordnungsartID="5"/>
  <Zuordnungstabelle Zuordnungsnummer="7696" KundEigtNr="20607" ObjektID="17365" ZuordnungsartID="5"/>
  <Zuordnungstabelle Zuordnungsnummer="7697" KundEigtNr="22262" ObjektID="17366" ZuordnungsartID="5"/>
  <Zuordnungstabelle Zuordnungsnummer="7698" KundEigtNr="22108" ObjektID="17367" ZuordnungsartID="5"/>
  <Zuordnungstabelle Zuordnungsnummer="7699" KundEigtNr="22273" ObjektID="17368" ZuordnungsartID="5"/>
  <Zuordnungstabelle Zuordnungsnummer="7700" KundEigtNr="22272" ObjektID="1544" ZuordnungsartID="5"/>
  <Zuordnungstabelle Zuordnungsnummer="7701" KundEigtNr="22197" ObjektID="17369" ZuordnungsartID="5"/>
  <Zuordnungstabelle Zuordnungsnummer="7702" KundEigtNr="22278" ObjektID="17370" ZuordnungsartID="5"/>
  <Zuordnungstabelle Zuordnungsnummer="7703" KundEigtNr="22279" ObjektID="17371" ZuordnungsartID="5"/>
  <Zuordnungstabelle Zuordnungsnummer="7704" KundEigtNr="18724" ObjektID="17372" ZuordnungsartID="5"/>
  <Zuordnungstabelle Zuordnungsnummer="7705" KundEigtNr="22155" ObjektID="17373" ZuordnungsartID="5"/>
  <Zuordnungstabelle Zuordnungsnummer="7706" KundEigtNr="22290" ObjektID="17374" ZuordnungsartID="5"/>
  <Zuordnungstabelle Zuordnungsnummer="7707" KundEigtNr="22217" ObjektID="17375" ZuordnungsartID="5"/>
  <Zuordnungstabelle Zuordnungsnummer="7708" KundEigtNr="22300" ObjektID="17376" ZuordnungsartID="5"/>
  <Zuordnungstabelle Zuordnungsnummer="7709" KundEigtNr="22301" ObjektID="17377" ZuordnungsartID="5"/>
  <Zuordnungstabelle Zuordnungsnummer="7710" KundEigtNr="22305" ObjektID="17378" ZuordnungsartID="5"/>
  <Zuordnungstabelle Zuordnungsnummer="7711" KundEigtNr="22307" ObjektID="17379" ZuordnungsartID="5"/>
  <Zuordnungstabelle Zuordnungsnummer="7712" KundEigtNr="2964" ObjektID="17380" ZuordnungsartID="5"/>
  <Zuordnungstabelle Zuordnungsnummer="7713" KundEigtNr="22321" ObjektID="17381" ZuordnungsartID="5"/>
  <Zuordnungstabelle Zuordnungsnummer="7714" KundEigtNr="22329" ObjektID="17382" ZuordnungsartID="5"/>
  <Zuordnungstabelle Zuordnungsnummer="7715" KundEigtNr="22266" ObjektID="17383" ZuordnungsartID="5"/>
  <Zuordnungstabelle Zuordnungsnummer="7716" KundEigtNr="22270" ObjektID="17384" ZuordnungsartID="5"/>
  <Zuordnungstabelle Zuordnungsnummer="7718" KundEigtNr="22349" ObjektID="17385" ZuordnungsartID="5"/>
  <Zuordnungstabelle Zuordnungsnummer="7719" KundEigtNr="22314" ObjektID="17386" ZuordnungsartID="5"/>
  <Zuordnungstabelle Zuordnungsnummer="7720" KundEigtNr="22327" ObjektID="17387" ZuordnungsartID="5"/>
  <Zuordnungstabelle Zuordnungsnummer="7721" KundEigtNr="22381" ObjektID="17388" ZuordnungsartID="5"/>
  <Zuordnungstabelle Zuordnungsnummer="7722" KundEigtNr="22315" ObjektID="15437" ZuordnungsartID="5"/>
  <Zuordnungstabelle Zuordnungsnummer="7723" KundEigtNr="22402" ObjektID="17389" ZuordnungsartID="5"/>
  <Zuordnungstabelle Zuordnungsnummer="7724" KundEigtNr="22459" ObjektID="17390" ZuordnungsartID="5"/>
  <Zuordnungstabelle Zuordnungsnummer="7725" KundEigtNr="22462" ObjektID="17391" ZuordnungsartID="5"/>
  <Zuordnungstabelle Zuordnungsnummer="7726" KundEigtNr="22485" ObjektID="17392" ZuordnungsartID="5"/>
  <Zuordnungstabelle Zuordnungsnummer="7727" KundEigtNr="22486" ObjektID="17393" ZuordnungsartID="5"/>
  <Zuordnungstabelle Zuordnungsnummer="7728" KundEigtNr="7626" ObjektID="17394" ZuordnungsartID="5"/>
  <Zuordnungstabelle Zuordnungsnummer="7729" KundEigtNr="22341" ObjektID="17395" ZuordnungsartID="5"/>
  <Zuordnungstabelle Zuordnungsnummer="7730" KundEigtNr="22157" ObjektID="17396" ZuordnungsartID="5"/>
  <Zuordnungstabelle Zuordnungsnummer="7731" KundEigtNr="22491" ObjektID="17397" ZuordnungsartID="5"/>
  <Zuordnungstabelle Zuordnungsnummer="7732" KundEigtNr="22473" ObjektID="16990" ZuordnungsartID="5"/>
  <Zuordnungstabelle Zuordnungsnummer="7733" KundEigtNr="22497" ObjektID="3544" ZuordnungsartID="5"/>
  <Zuordnungstabelle Zuordnungsnummer="7734" KundEigtNr="15058" ObjektID="1401" ZuordnungsartID="5"/>
  <Zuordnungstabelle Zuordnungsnummer="7735" KundEigtNr="22122" ObjektID="17398" ZuordnungsartID="5"/>
  <Zuordnungstabelle Zuordnungsnummer="7736" KundEigtNr="7966" ObjektID="17399" ZuordnungsartID="5"/>
  <Zuordnungstabelle Zuordnungsnummer="7737" KundEigtNr="3217" ObjektID="17400" ZuordnungsartID="5"/>
  <Zuordnungstabelle Zuordnungsnummer="7738" KundEigtNr="22541" ObjektID="17401" ZuordnungsartID="5"/>
  <Zuordnungstabelle Zuordnungsnummer="7739" KundEigtNr="22556" ObjektID="17402" ZuordnungsartID="5"/>
  <Zuordnungstabelle Zuordnungsnummer="7740" KundEigtNr="22535" ObjektID="17403" ZuordnungsartID="5"/>
  <Zuordnungstabelle Zuordnungsnummer="7741" KundEigtNr="22474" ObjektID="17404" ZuordnungsartID="5"/>
  <Zuordnungstabelle Zuordnungsnummer="7742" KundEigtNr="5602" ObjektID="17405" ZuordnungsartID="5"/>
  <Zuordnungstabelle Zuordnungsnummer="7743" KundEigtNr="5602" ObjektID="17406" ZuordnungsartID="5"/>
  <Zuordnungstabelle Zuordnungsnummer="7744" KundEigtNr="9894" ObjektID="17407" ZuordnungsartID="5"/>
  <Zuordnungstabelle Zuordnungsnummer="7745" KundEigtNr="22572" ObjektID="17408" ZuordnungsartID="5"/>
  <Zuordnungstabelle Zuordnungsnummer="7746" KundEigtNr="22572" ObjektID="17409" ZuordnungsartID="5"/>
  <Zuordnungstabelle Zuordnungsnummer="7747" KundEigtNr="22631" ObjektID="17410" ZuordnungsartID="5"/>
  <Zuordnungstabelle Zuordnungsnummer="7748" KundEigtNr="18658" ObjektID="17411" ZuordnungsartID="5"/>
  <Zuordnungstabelle Zuordnungsnummer="7749" KundEigtNr="18658" ObjektID="17412" ZuordnungsartID="5"/>
  <Zuordnungstabelle Zuordnungsnummer="7750" KundEigtNr="22525" ObjektID="17413" ZuordnungsartID="5"/>
  <Zuordnungstabelle Zuordnungsnummer="7751" KundEigtNr="22525" ObjektID="17414" ZuordnungsartID="5"/>
  <Zuordnungstabelle Zuordnungsnummer="7752" KundEigtNr="22645" ObjektID="17416" ZuordnungsartID="5"/>
  <Zuordnungstabelle Zuordnungsnummer="7753" KundEigtNr="21118" ObjektID="17417" ZuordnungsartID="5"/>
  <Zuordnungstabelle Zuordnungsnummer="7754" KundEigtNr="22662" ObjektID="17418" ZuordnungsartID="5"/>
  <Zuordnungstabelle Zuordnungsnummer="7755" KundEigtNr="15150" ObjektID="17419" ZuordnungsartID="5"/>
  <Zuordnungstabelle Zuordnungsnummer="7756" KundEigtNr="22476" ObjektID="17420" ZuordnungsartID="5"/>
  <Zuordnungstabelle Zuordnungsnummer="7757" KundEigtNr="22671" ObjektID="17421" ZuordnungsartID="5"/>
  <Zuordnungstabelle Zuordnungsnummer="7758" KundEigtNr="22672" ObjektID="17422" ZuordnungsartID="5"/>
  <Zuordnungstabelle Zuordnungsnummer="7759" KundEigtNr="22674" ObjektID="17423" ZuordnungsartID="5"/>
  <Zuordnungstabelle Zuordnungsnummer="7760" KundEigtNr="22675" ObjektID="17424" ZuordnungsartID="5"/>
  <Zuordnungstabelle Zuordnungsnummer="7761" KundEigtNr="22685" ObjektID="17425" ZuordnungsartID="5"/>
  <Zuordnungstabelle Zuordnungsnummer="7762" KundEigtNr="22699" ObjektID="17426" ZuordnungsartID="5"/>
  <Zuordnungstabelle Zuordnungsnummer="7763" KundEigtNr="11992" ObjektID="17427" ZuordnungsartID="5"/>
  <Zuordnungstabelle Zuordnungsnummer="7764" KundEigtNr="22714" ObjektID="17428" ZuordnungsartID="5"/>
  <Zuordnungstabelle Zuordnungsnummer="7765" KundEigtNr="22719" ObjektID="2988" ZuordnungsartID="5"/>
  <Zuordnungstabelle Zuordnungsnummer="7766" KundEigtNr="3470" ObjektID="4247" ZuordnungsartID="5"/>
  <Zuordnungstabelle Zuordnungsnummer="7767" KundEigtNr="22690" ObjektID="17429" ZuordnungsartID="5"/>
  <Zuordnungstabelle Zuordnungsnummer="7768" KundEigtNr="2113" ObjektID="17430" ZuordnungsartID="5"/>
  <Zuordnungstabelle Zuordnungsnummer="7769" KundEigtNr="22689" ObjektID="17431" ZuordnungsartID="5"/>
  <Zuordnungstabelle Zuordnungsnummer="7770" KundEigtNr="22731" ObjektID="17432" ZuordnungsartID="5"/>
  <Zuordnungstabelle Zuordnungsnummer="7771" KundEigtNr="22734" ObjektID="17433" ZuordnungsartID="5"/>
  <Zuordnungstabelle Zuordnungsnummer="7772" KundEigtNr="22688" ObjektID="17434" ZuordnungsartID="5"/>
  <Zuordnungstabelle Zuordnungsnummer="7773" KundEigtNr="22746" ObjektID="17435" ZuordnungsartID="5"/>
  <Zuordnungstabelle Zuordnungsnummer="7774" KundEigtNr="22749" ObjektID="17436" ZuordnungsartID="5"/>
  <Zuordnungstabelle Zuordnungsnummer="7775" KundEigtNr="22766" ObjektID="6332" ZuordnungsartID="5"/>
  <Zuordnungstabelle Zuordnungsnummer="7776" KundEigtNr="20757" ObjektID="17438" ZuordnungsartID="5"/>
  <Zuordnungstabelle Zuordnungsnummer="7777" KundEigtNr="22775" ObjektID="17439" ZuordnungsartID="5"/>
  <Zuordnungstabelle Zuordnungsnummer="7778" KundEigtNr="22692" ObjektID="17440" ZuordnungsartID="5"/>
  <Zuordnungstabelle Zuordnungsnummer="7779" KundEigtNr="13427" ObjektID="17441" ZuordnungsartID="5"/>
  <Zuordnungstabelle Zuordnungsnummer="7780" KundEigtNr="10392" ObjektID="17442" ZuordnungsartID="5"/>
  <Zuordnungstabelle Zuordnungsnummer="7781" KundEigtNr="22475" ObjektID="17443" ZuordnungsartID="5"/>
  <Zuordnungstabelle Zuordnungsnummer="7782" KundEigtNr="22791" ObjektID="17444" ZuordnungsartID="5"/>
  <Zuordnungstabelle Zuordnungsnummer="7783" KundEigtNr="13639" ObjektID="1630" ZuordnungsartID="5"/>
  <Zuordnungstabelle Zuordnungsnummer="7784" KundEigtNr="21756" ObjektID="17445" ZuordnungsartID="5"/>
  <Zuordnungstabelle Zuordnungsnummer="7785" KundEigtNr="15417" ObjektID="17446" ZuordnungsartID="5"/>
  <Zuordnungstabelle Zuordnungsnummer="7786" KundEigtNr="22807" ObjektID="17447" ZuordnungsartID="5"/>
  <Zuordnungstabelle Zuordnungsnummer="7787" KundEigtNr="22818" ObjektID="2183" ZuordnungsartID="5"/>
  <Zuordnungstabelle Zuordnungsnummer="7788" KundEigtNr="22762" ObjektID="17448" ZuordnungsartID="5"/>
  <Zuordnungstabelle Zuordnungsnummer="7789" KundEigtNr="22771" ObjektID="17449" ZuordnungsartID="5"/>
  <Zuordnungstabelle Zuordnungsnummer="7790" KundEigtNr="22815" ObjektID="17450" ZuordnungsartID="5"/>
  <Zuordnungstabelle Zuordnungsnummer="7791" KundEigtNr="11979" ObjektID="17451" ZuordnungsartID="5"/>
  <Zuordnungstabelle Zuordnungsnummer="7792" KundEigtNr="22865" ObjektID="17452" ZuordnungsartID="5"/>
  <Zuordnungstabelle Zuordnungsnummer="7793" KundEigtNr="22873" ObjektID="17453" ZuordnungsartID="5"/>
  <Zuordnungstabelle Zuordnungsnummer="7794" KundEigtNr="22332" ObjektID="17454" ZuordnungsartID="5"/>
  <Zuordnungstabelle Zuordnungsnummer="7796" KundEigtNr="22898" ObjektID="17455" ZuordnungsartID="5"/>
  <Zuordnungstabelle Zuordnungsnummer="7797" KundEigtNr="22901" ObjektID="17456" ZuordnungsartID="5"/>
  <Zuordnungstabelle Zuordnungsnummer="7798" KundEigtNr="22931" ObjektID="17457" ZuordnungsartID="5"/>
  <Zuordnungstabelle Zuordnungsnummer="7799" KundEigtNr="19151" ObjektID="17458" ZuordnungsartID="5"/>
  <Zuordnungstabelle Zuordnungsnummer="7800" KundEigtNr="22953" ObjektID="17459" ZuordnungsartID="5"/>
  <Zuordnungstabelle Zuordnungsnummer="7801" KundEigtNr="21786" ObjektID="17460" ZuordnungsartID="5"/>
  <Zuordnungstabelle Zuordnungsnummer="7802" KundEigtNr="22956" ObjektID="13253" ZuordnungsartID="5"/>
  <Zuordnungstabelle Zuordnungsnummer="7803" KundEigtNr="21937" ObjektID="17461" ZuordnungsartID="5"/>
  <Zuordnungstabelle Zuordnungsnummer="7804" KundEigtNr="22880" ObjektID="17462" ZuordnungsartID="5"/>
  <Zuordnungstabelle Zuordnungsnummer="7805" KundEigtNr="22956" ObjektID="17463" ZuordnungsartID="5"/>
  <Zuordnungstabelle Zuordnungsnummer="7806" KundEigtNr="22675" ObjektID="17464" ZuordnungsartID="5"/>
  <Zuordnungstabelle Zuordnungsnummer="7807" KundEigtNr="22973" ObjektID="17465" ZuordnungsartID="5"/>
  <Zuordnungstabelle Zuordnungsnummer="7808" KundEigtNr="22975" ObjektID="17466" ZuordnungsartID="5"/>
  <Zuordnungstabelle Zuordnungsnummer="7809" KundEigtNr="21512" ObjektID="5426" ZuordnungsartID="5"/>
  <Zuordnungstabelle Zuordnungsnummer="7810" KundEigtNr="22982" ObjektID="17467" ZuordnungsartID="5"/>
  <Zuordnungstabelle Zuordnungsnummer="7811" KundEigtNr="22991" ObjektID="17468" ZuordnungsartID="5"/>
  <Zuordnungstabelle Zuordnungsnummer="7812" KundEigtNr="23001" ObjektID="5496" ZuordnungsartID="5"/>
  <Zuordnungstabelle Zuordnungsnummer="7813" KundEigtNr="14904" ObjektID="17469" ZuordnungsartID="5"/>
  <Zuordnungstabelle Zuordnungsnummer="7814" KundEigtNr="22934" ObjektID="17470" ZuordnungsartID="5"/>
  <Zuordnungstabelle Zuordnungsnummer="7815" KundEigtNr="22985" ObjektID="17471" ZuordnungsartID="5"/>
  <Zuordnungstabelle Zuordnungsnummer="7816" KundEigtNr="21232" ObjektID="17472" ZuordnungsartID="5"/>
  <Zuordnungstabelle Zuordnungsnummer="7817" KundEigtNr="22917" ObjektID="17473" ZuordnungsartID="5"/>
  <Zuordnungstabelle Zuordnungsnummer="7818" KundEigtNr="23042" ObjektID="17474" ZuordnungsartID="5"/>
  <Zuordnungstabelle Zuordnungsnummer="7819" KundEigtNr="22920" ObjektID="1743" ZuordnungsartID="5"/>
  <Zuordnungstabelle Zuordnungsnummer="7820" KundEigtNr="23099" ObjektID="13089" ZuordnungsartID="5"/>
  <Zuordnungstabelle Zuordnungsnummer="7821" KundEigtNr="23026" ObjektID="17475" ZuordnungsartID="5"/>
  <Zuordnungstabelle Zuordnungsnummer="7822" KundEigtNr="22916" ObjektID="17476" ZuordnungsartID="5"/>
  <Zuordnungstabelle Zuordnungsnummer="7823" KundEigtNr="23123" ObjektID="17477" ZuordnungsartID="5"/>
  <Zuordnungstabelle Zuordnungsnummer="7824" KundEigtNr="23085" ObjektID="13952" ZuordnungsartID="5"/>
  <Zuordnungstabelle Zuordnungsnummer="7825" KundEigtNr="22911" ObjektID="17478" ZuordnungsartID="5"/>
  <Zuordnungstabelle Zuordnungsnummer="7826" KundEigtNr="22911" ObjektID="17479" ZuordnungsartID="5"/>
  <Zuordnungstabelle Zuordnungsnummer="7827" KundEigtNr="20421" ObjektID="17480" ZuordnungsartID="5"/>
  <Zuordnungstabelle Zuordnungsnummer="7828" KundEigtNr="22907" ObjektID="17481" ZuordnungsartID="5"/>
  <Zuordnungstabelle Zuordnungsnummer="7829" KundEigtNr="23191" ObjektID="17482" ZuordnungsartID="5"/>
  <Zuordnungstabelle Zuordnungsnummer="7830" KundEigtNr="22769" ObjektID="13356" ZuordnungsartID="5"/>
  <Zuordnungstabelle Zuordnungsnummer="7831" KundEigtNr="23219" ObjektID="17483" ZuordnungsartID="5"/>
  <Zuordnungstabelle Zuordnungsnummer="7832" KundEigtNr="23238" ObjektID="17484" ZuordnungsartID="5"/>
  <Zuordnungstabelle Zuordnungsnummer="7833" KundEigtNr="23147" ObjektID="17485" ZuordnungsartID="5"/>
  <Zuordnungstabelle Zuordnungsnummer="7834" KundEigtNr="23157" ObjektID="17486" ZuordnungsartID="5"/>
  <Zuordnungstabelle Zuordnungsnummer="7835" KundEigtNr="23248" ObjektID="16452" ZuordnungsartID="5"/>
  <Zuordnungstabelle Zuordnungsnummer="7836" KundEigtNr="15632" ObjektID="17487" ZuordnungsartID="5"/>
  <Zuordnungstabelle Zuordnungsnummer="7837" KundEigtNr="23252" ObjektID="17488" ZuordnungsartID="5"/>
  <Zuordnungstabelle Zuordnungsnummer="7838" KundEigtNr="23150" ObjektID="17489" ZuordnungsartID="5"/>
  <Zuordnungstabelle Zuordnungsnummer="7839" KundEigtNr="23270" ObjektID="17490" ZuordnungsartID="5"/>
  <Zuordnungstabelle Zuordnungsnummer="7840" KundEigtNr="23159" ObjektID="17491" ZuordnungsartID="5"/>
  <Zuordnungstabelle Zuordnungsnummer="7841" KundEigtNr="23286" ObjektID="17492" ZuordnungsartID="5"/>
  <Zuordnungstabelle Zuordnungsnummer="7843" KundEigtNr="23286" ObjektID="17494" ZuordnungsartID="5"/>
  <Zuordnungstabelle Zuordnungsnummer="7844" KundEigtNr="23260" ObjektID="17495" ZuordnungsartID="5"/>
  <Zuordnungstabelle Zuordnungsnummer="7845" KundEigtNr="22757" ObjektID="17496" ZuordnungsartID="5"/>
  <Zuordnungstabelle Zuordnungsnummer="7846" KundEigtNr="23317" ObjektID="17497" ZuordnungsartID="5"/>
  <Zuordnungstabelle Zuordnungsnummer="7847" KundEigtNr="22932" ObjektID="17498" ZuordnungsartID="5"/>
  <Zuordnungstabelle Zuordnungsnummer="7848" KundEigtNr="23331" ObjektID="17499" ZuordnungsartID="5"/>
  <Zuordnungstabelle Zuordnungsnummer="7849" KundEigtNr="23335" ObjektID="17500" ZuordnungsartID="5"/>
  <Zuordnungstabelle Zuordnungsnummer="7850" KundEigtNr="23352" ObjektID="17501" ZuordnungsartID="5"/>
  <Zuordnungstabelle Zuordnungsnummer="7851" KundEigtNr="20807" ObjektID="17502" ZuordnungsartID="5"/>
  <Zuordnungstabelle Zuordnungsnummer="7852" KundEigtNr="23392" ObjektID="13403" ZuordnungsartID="5"/>
  <Zuordnungstabelle Zuordnungsnummer="7853" KundEigtNr="23411" ObjektID="17503" ZuordnungsartID="5"/>
  <Zuordnungstabelle Zuordnungsnummer="7854" KundEigtNr="6963" ObjektID="17504" ZuordnungsartID="5"/>
  <Zuordnungstabelle Zuordnungsnummer="7855" KundEigtNr="23446" ObjektID="17505" ZuordnungsartID="5"/>
  <Zuordnungstabelle Zuordnungsnummer="7856" KundEigtNr="23381" ObjektID="17506" ZuordnungsartID="5"/>
  <Zuordnungstabelle Zuordnungsnummer="7857" KundEigtNr="23454" ObjektID="16320" ZuordnungsartID="5"/>
  <Zuordnungstabelle Zuordnungsnummer="7858" KundEigtNr="23457" ObjektID="17507" ZuordnungsartID="5"/>
  <Zuordnungstabelle Zuordnungsnummer="7859" KundEigtNr="23354" ObjektID="2048" ZuordnungsartID="5"/>
  <Zuordnungstabelle Zuordnungsnummer="7860" KundEigtNr="23473" ObjektID="17508" ZuordnungsartID="5"/>
  <Zuordnungstabelle Zuordnungsnummer="7861" KundEigtNr="23494" ObjektID="17509" ZuordnungsartID="5"/>
  <Zuordnungstabelle Zuordnungsnummer="7862" KundEigtNr="1510" ObjektID="17510" ZuordnungsartID="5"/>
  <Zuordnungstabelle Zuordnungsnummer="7863" KundEigtNr="23504" ObjektID="17511" ZuordnungsartID="5"/>
  <Zuordnungstabelle Zuordnungsnummer="7865" KundEigtNr="23146" ObjektID="17513" ZuordnungsartID="5"/>
  <Zuordnungstabelle Zuordnungsnummer="7866" KundEigtNr="13531" ObjektID="17514" ZuordnungsartID="5"/>
  <Zuordnungstabelle Zuordnungsnummer="7867" KundEigtNr="23471" ObjektID="17515" ZuordnungsartID="5"/>
  <Zuordnungstabelle Zuordnungsnummer="7868" KundEigtNr="23472" ObjektID="17516" ZuordnungsartID="5"/>
  <Zuordnungstabelle Zuordnungsnummer="7869" KundEigtNr="22938" ObjektID="17517" ZuordnungsartID="5"/>
  <Zuordnungstabelle Zuordnungsnummer="7870" KundEigtNr="23588" ObjektID="17518" ZuordnungsartID="5"/>
  <Zuordnungstabelle Zuordnungsnummer="7871" KundEigtNr="23600" ObjektID="1091" ZuordnungsartID="5"/>
  <Zuordnungstabelle Zuordnungsnummer="7872" KundEigtNr="20294" ObjektID="17519" ZuordnungsartID="5"/>
  <Zuordnungstabelle Zuordnungsnummer="7873" KundEigtNr="23605" ObjektID="17520" ZuordnungsartID="5"/>
  <Zuordnungstabelle Zuordnungsnummer="7874" KundEigtNr="23610" ObjektID="16637" ZuordnungsartID="5"/>
  <Zuordnungstabelle Zuordnungsnummer="7875" KundEigtNr="23655" ObjektID="17521" ZuordnungsartID="5"/>
  <Zuordnungstabelle Zuordnungsnummer="7876" KundEigtNr="23671" ObjektID="17522" ZuordnungsartID="5"/>
  <Zuordnungstabelle Zuordnungsnummer="7877" KundEigtNr="23672" ObjektID="17523" ZuordnungsartID="5"/>
  <Zuordnungstabelle Zuordnungsnummer="7878" KundEigtNr="12856" ObjektID="17524" ZuordnungsartID="5"/>
  <Zuordnungstabelle Zuordnungsnummer="7879" KundEigtNr="23115" ObjektID="17525" ZuordnungsartID="5"/>
  <Zuordnungstabelle Zuordnungsnummer="7880" KundEigtNr="23629" ObjektID="17526" ZuordnungsartID="5"/>
  <Zuordnungstabelle Zuordnungsnummer="7881" KundEigtNr="23019" ObjektID="17527" ZuordnungsartID="5"/>
  <Zuordnungstabelle Zuordnungsnummer="7882" KundEigtNr="23689" ObjektID="17528" ZuordnungsartID="5"/>
  <Zuordnungstabelle Zuordnungsnummer="7883" KundEigtNr="23583" ObjektID="17529" ZuordnungsartID="5"/>
  <Zuordnungstabelle Zuordnungsnummer="7884" KundEigtNr="23661" ObjektID="13766" ZuordnungsartID="5"/>
  <Zuordnungstabelle Zuordnungsnummer="7885" KundEigtNr="23646" ObjektID="17530" ZuordnungsartID="5"/>
  <Zuordnungstabelle Zuordnungsnummer="7886" KundEigtNr="22675" ObjektID="17531" ZuordnungsartID="5"/>
  <Zuordnungstabelle Zuordnungsnummer="7887" KundEigtNr="23770" ObjektID="17532" ZuordnungsartID="5"/>
  <Zuordnungstabelle Zuordnungsnummer="7888" KundEigtNr="23631" ObjektID="17533" ZuordnungsartID="5"/>
  <Zuordnungstabelle Zuordnungsnummer="7889" KundEigtNr="23790" ObjektID="15281" ZuordnungsartID="5"/>
  <Zuordnungstabelle Zuordnungsnummer="7890" KundEigtNr="23738" ObjektID="17534" ZuordnungsartID="5"/>
  <Zuordnungstabelle Zuordnungsnummer="7891" KundEigtNr="23750" ObjektID="17535" ZuordnungsartID="5"/>
  <Zuordnungstabelle Zuordnungsnummer="7892" KundEigtNr="21649" ObjektID="17536" ZuordnungsartID="5"/>
  <Zuordnungstabelle Zuordnungsnummer="7893" KundEigtNr="23817" ObjektID="17537" ZuordnungsartID="5"/>
  <Zuordnungstabelle Zuordnungsnummer="7894" KundEigtNr="23824" ObjektID="5513" ZuordnungsartID="5"/>
  <Zuordnungstabelle Zuordnungsnummer="7895" KundEigtNr="23826" ObjektID="14964" ZuordnungsartID="5"/>
  <Zuordnungstabelle Zuordnungsnummer="7896" KundEigtNr="23856" ObjektID="17538" ZuordnungsartID="5"/>
  <Zuordnungstabelle Zuordnungsnummer="7897" KundEigtNr="23857" ObjektID="17539" ZuordnungsartID="5"/>
  <Zuordnungstabelle Zuordnungsnummer="7898" KundEigtNr="21082" ObjektID="17540" ZuordnungsartID="5"/>
  <Zuordnungstabelle Zuordnungsnummer="7899" KundEigtNr="23860" ObjektID="17541" ZuordnungsartID="5"/>
  <Zuordnungstabelle Zuordnungsnummer="7900" KundEigtNr="23867" ObjektID="17542" ZuordnungsartID="5"/>
  <Zuordnungstabelle Zuordnungsnummer="7901" KundEigtNr="23868" ObjektID="13547" ZuordnungsartID="5"/>
  <Zuordnungstabelle Zuordnungsnummer="7902" KundEigtNr="23900" ObjektID="17543" ZuordnungsartID="5"/>
  <Zuordnungstabelle Zuordnungsnummer="7903" KundEigtNr="23933" ObjektID="17544" ZuordnungsartID="5"/>
  <Zuordnungstabelle Zuordnungsnummer="7904" KundEigtNr="23937" ObjektID="17545" ZuordnungsartID="5"/>
  <Zuordnungstabelle Zuordnungsnummer="7905" KundEigtNr="23680" ObjektID="17546" ZuordnungsartID="5"/>
  <Zuordnungstabelle Zuordnungsnummer="7906" KundEigtNr="23844" ObjektID="17547" ZuordnungsartID="5"/>
  <Zuordnungstabelle Zuordnungsnummer="7907" KundEigtNr="23980" ObjektID="2047" ZuordnungsartID="5"/>
  <Zuordnungstabelle Zuordnungsnummer="7908" KundEigtNr="13282" ObjektID="17548" ZuordnungsartID="5"/>
  <Zuordnungstabelle Zuordnungsnummer="7909" KundEigtNr="23828" ObjektID="17549" ZuordnungsartID="5"/>
  <Zuordnungstabelle Zuordnungsnummer="7910" KundEigtNr="23881" ObjektID="17550" ZuordnungsartID="5"/>
  <Zuordnungstabelle Zuordnungsnummer="7911" KundEigtNr="24020" ObjektID="17551" ZuordnungsartID="5"/>
  <Zuordnungstabelle Zuordnungsnummer="7912" KundEigtNr="24020" ObjektID="17552" ZuordnungsartID="5"/>
  <Zuordnungstabelle Zuordnungsnummer="7913" KundEigtNr="24022" ObjektID="17553" ZuordnungsartID="5"/>
  <Zuordnungstabelle Zuordnungsnummer="7914" KundEigtNr="23888" ObjektID="17554" ZuordnungsartID="5"/>
  <Zuordnungstabelle Zuordnungsnummer="7915" KundEigtNr="24045" ObjektID="17555" ZuordnungsartID="5"/>
  <Zuordnungstabelle Zuordnungsnummer="7916" KundEigtNr="24057" ObjektID="17556" ZuordnungsartID="5"/>
  <Zuordnungstabelle Zuordnungsnummer="7917" KundEigtNr="11007" ObjektID="17557" ZuordnungsartID="5"/>
  <Zuordnungstabelle Zuordnungsnummer="7918" KundEigtNr="24039" ObjektID="17558" ZuordnungsartID="5"/>
  <Zuordnungstabelle Zuordnungsnummer="7919" KundEigtNr="24080" ObjektID="17559" ZuordnungsartID="5"/>
  <Zuordnungstabelle Zuordnungsnummer="7920" KundEigtNr="23960" ObjektID="17560" ZuordnungsartID="5"/>
  <Zuordnungstabelle Zuordnungsnummer="7921" KundEigtNr="24099" ObjektID="17561" ZuordnungsartID="5"/>
  <Zuordnungstabelle Zuordnungsnummer="7922" KundEigtNr="24035" ObjektID="17562" ZuordnungsartID="5"/>
  <Zuordnungstabelle Zuordnungsnummer="7923" KundEigtNr="24112" ObjektID="17563" ZuordnungsartID="5"/>
  <Zuordnungstabelle Zuordnungsnummer="7924" KundEigtNr="21052" ObjektID="17564" ZuordnungsartID="5"/>
  <Zuordnungstabelle Zuordnungsnummer="7925" KundEigtNr="21052" ObjektID="17565" ZuordnungsartID="5"/>
  <Zuordnungstabelle Zuordnungsnummer="7926" KundEigtNr="21052" ObjektID="17566" ZuordnungsartID="5"/>
  <Zuordnungstabelle Zuordnungsnummer="7927" KundEigtNr="18366" ObjektID="17567" ZuordnungsartID="5"/>
  <Zuordnungstabelle Zuordnungsnummer="7928" KundEigtNr="18765" ObjektID="17567" ZuordnungsartID="5"/>
  <Zuordnungstabelle Zuordnungsnummer="7929" KundEigtNr="24131" ObjektID="17568" ZuordnungsartID="5"/>
  <Zuordnungstabelle Zuordnungsnummer="7930" KundEigtNr="24132" ObjektID="17569" ZuordnungsartID="5"/>
  <Zuordnungstabelle Zuordnungsnummer="7931" KundEigtNr="24137" ObjektID="17570" ZuordnungsartID="5"/>
  <Zuordnungstabelle Zuordnungsnummer="7932" KundEigtNr="13921" ObjektID="17571" ZuordnungsartID="5"/>
  <Zuordnungstabelle Zuordnungsnummer="7933" KundEigtNr="24139" ObjektID="17572" ZuordnungsartID="5"/>
  <Zuordnungstabelle Zuordnungsnummer="7934" KundEigtNr="24138" ObjektID="8711" ZuordnungsartID="5"/>
  <Zuordnungstabelle Zuordnungsnummer="7935" KundEigtNr="24057" ObjektID="17573" ZuordnungsartID="5"/>
  <Zuordnungstabelle Zuordnungsnummer="7936" KundEigtNr="24147" ObjektID="3816" ZuordnungsartID="5"/>
  <Zuordnungstabelle Zuordnungsnummer="7937" KundEigtNr="24181" ObjektID="17574" ZuordnungsartID="5"/>
  <Zuordnungstabelle Zuordnungsnummer="7938" KundEigtNr="24217" ObjektID="17575" ZuordnungsartID="5"/>
  <Zuordnungstabelle Zuordnungsnummer="7939" KundEigtNr="1515" ObjektID="17576" ZuordnungsartID="5"/>
  <Zuordnungstabelle Zuordnungsnummer="7940" KundEigtNr="24233" ObjektID="17577" ZuordnungsartID="5"/>
  <Zuordnungstabelle Zuordnungsnummer="7941" KundEigtNr="24190" ObjektID="17578" ZuordnungsartID="5"/>
  <Zuordnungstabelle Zuordnungsnummer="7942" KundEigtNr="24154" ObjektID="17579" ZuordnungsartID="5"/>
  <Zuordnungstabelle Zuordnungsnummer="7943" KundEigtNr="24020" ObjektID="17580" ZuordnungsartID="5"/>
  <Zuordnungstabelle Zuordnungsnummer="7944" KundEigtNr="24263" ObjektID="17581" ZuordnungsartID="5"/>
  <Zuordnungstabelle Zuordnungsnummer="7945" KundEigtNr="24172" ObjektID="17582" ZuordnungsartID="5"/>
  <Zuordnungstabelle Zuordnungsnummer="7946" KundEigtNr="24205" ObjektID="17583" ZuordnungsartID="5"/>
  <Zuordnungstabelle Zuordnungsnummer="7947" KundEigtNr="24238" ObjektID="17584" ZuordnungsartID="5"/>
  <Zuordnungstabelle Zuordnungsnummer="7948" KundEigtNr="13008" ObjektID="17585" ZuordnungsartID="5"/>
  <Zuordnungstabelle Zuordnungsnummer="7949" KundEigtNr="24203" ObjektID="17586" ZuordnungsartID="5"/>
  <Zuordnungstabelle Zuordnungsnummer="7950" KundEigtNr="24311" ObjektID="17587" ZuordnungsartID="5"/>
  <Zuordnungstabelle Zuordnungsnummer="7951" KundEigtNr="7626" ObjektID="17588" ZuordnungsartID="5"/>
  <Zuordnungstabelle Zuordnungsnummer="7952" KundEigtNr="24311" ObjektID="17589" ZuordnungsartID="5"/>
  <Zuordnungstabelle Zuordnungsnummer="7953" KundEigtNr="24372" ObjektID="17590" ZuordnungsartID="5"/>
  <Zuordnungstabelle Zuordnungsnummer="7954" KundEigtNr="24377" ObjektID="17591" ZuordnungsartID="5"/>
  <Zuordnungstabelle Zuordnungsnummer="7955" KundEigtNr="24316" ObjektID="17592" ZuordnungsartID="5"/>
  <Zuordnungstabelle Zuordnungsnummer="7956" KundEigtNr="24307" ObjektID="17593" ZuordnungsartID="5"/>
  <Zuordnungstabelle Zuordnungsnummer="7957" KundEigtNr="24405" ObjektID="14496" ZuordnungsartID="5"/>
  <Zuordnungstabelle Zuordnungsnummer="7958" KundEigtNr="24414" ObjektID="17594" ZuordnungsartID="5"/>
  <Zuordnungstabelle Zuordnungsnummer="7959" KundEigtNr="24329" ObjektID="17595" ZuordnungsartID="5"/>
  <Zuordnungstabelle Zuordnungsnummer="7960" KundEigtNr="24151" ObjektID="17596" ZuordnungsartID="5"/>
  <Zuordnungstabelle Zuordnungsnummer="7961" KundEigtNr="24354" ObjektID="17597" ZuordnungsartID="5"/>
  <Zuordnungstabelle Zuordnungsnummer="7962" KundEigtNr="14371" ObjektID="17598" ZuordnungsartID="5"/>
  <Zuordnungstabelle Zuordnungsnummer="7963" KundEigtNr="24443" ObjektID="17599" ZuordnungsartID="5"/>
  <Zuordnungstabelle Zuordnungsnummer="7964" KundEigtNr="24460" ObjektID="17600" ZuordnungsartID="5"/>
  <Zuordnungstabelle Zuordnungsnummer="7965" KundEigtNr="1934" ObjektID="17601" ZuordnungsartID="5"/>
  <Zuordnungstabelle Zuordnungsnummer="7966" KundEigtNr="24464" ObjektID="17602" ZuordnungsartID="5"/>
  <Zuordnungstabelle Zuordnungsnummer="7967" KundEigtNr="21634" ObjektID="17603" ZuordnungsartID="5"/>
  <Zuordnungstabelle Zuordnungsnummer="7968" KundEigtNr="24468" ObjektID="17604" ZuordnungsartID="5"/>
  <Zuordnungstabelle Zuordnungsnummer="7969" KundEigtNr="21052" ObjektID="17605" ZuordnungsartID="5"/>
  <Zuordnungstabelle Zuordnungsnummer="7970" KundEigtNr="21913" ObjektID="3246" ZuordnungsartID="5"/>
  <Zuordnungstabelle Zuordnungsnummer="7971" KundEigtNr="24487" ObjektID="2749" ZuordnungsartID="5"/>
  <Zuordnungstabelle Zuordnungsnummer="7972" KundEigtNr="1934" ObjektID="17606" ZuordnungsartID="5"/>
  <Zuordnungstabelle Zuordnungsnummer="7973" KundEigtNr="24494" ObjektID="17607" ZuordnungsartID="5"/>
  <Zuordnungstabelle Zuordnungsnummer="7974" KundEigtNr="10278" ObjektID="17608" ZuordnungsartID="5"/>
  <Zuordnungstabelle Zuordnungsnummer="7975" KundEigtNr="10278" ObjektID="17607" ZuordnungsartID="5"/>
  <Zuordnungstabelle Zuordnungsnummer="7976" KundEigtNr="24507" ObjektID="17609" ZuordnungsartID="5"/>
  <Zuordnungstabelle Zuordnungsnummer="7977" KundEigtNr="24454" ObjektID="17610" ZuordnungsartID="5"/>
  <Zuordnungstabelle Zuordnungsnummer="7978" KundEigtNr="24492" ObjektID="17611" ZuordnungsartID="5"/>
  <Zuordnungstabelle Zuordnungsnummer="7979" KundEigtNr="24513" ObjektID="17612" ZuordnungsartID="5"/>
  <Zuordnungstabelle Zuordnungsnummer="7980" KundEigtNr="24538" ObjektID="17631" ZuordnungsartID="5"/>
  <Zuordnungstabelle Zuordnungsnummer="7981" KundEigtNr="24477" ObjektID="17632" ZuordnungsartID="5"/>
  <Zuordnungstabelle Zuordnungsnummer="7982" KundEigtNr="24517" ObjektID="13332" ZuordnungsartID="5"/>
  <Zuordnungstabelle Zuordnungsnummer="7983" KundEigtNr="19746" ObjektID="16961" ZuordnungsartID="5"/>
  <Zuordnungstabelle Zuordnungsnummer="7984" KundEigtNr="24555" ObjektID="17636" ZuordnungsartID="5"/>
  <Zuordnungstabelle Zuordnungsnummer="7985" KundEigtNr="23957" ObjektID="17637" ZuordnungsartID="5"/>
  <Zuordnungstabelle Zuordnungsnummer="7986" KundEigtNr="24490" ObjektID="17638" ZuordnungsartID="5"/>
  <Zuordnungstabelle Zuordnungsnummer="7987" KundEigtNr="24027" ObjektID="17639" ZuordnungsartID="5"/>
  <Zuordnungstabelle Zuordnungsnummer="7988" KundEigtNr="24572" ObjektID="17641" ZuordnungsartID="5"/>
  <Zuordnungstabelle Zuordnungsnummer="7989" KundEigtNr="24576" ObjektID="3198" ZuordnungsartID="5"/>
  <Zuordnungstabelle Zuordnungsnummer="7990" KundEigtNr="24581" ObjektID="17634" ZuordnungsartID="5"/>
  <Zuordnungstabelle Zuordnungsnummer="7991" KundEigtNr="19748" ObjektID="17642" ZuordnungsartID="5"/>
  <Zuordnungstabelle Zuordnungsnummer="7992" KundEigtNr="24541" ObjektID="17643" ZuordnungsartID="5"/>
  <Zuordnungstabelle Zuordnungsnummer="7993" KundEigtNr="24599" ObjektID="17644" ZuordnungsartID="5"/>
  <Zuordnungstabelle Zuordnungsnummer="7994" KundEigtNr="24609" ObjektID="15571" ZuordnungsartID="5"/>
  <Zuordnungstabelle Zuordnungsnummer="7996" KundEigtNr="24625" ObjektID="17645" ZuordnungsartID="5"/>
  <Zuordnungstabelle Zuordnungsnummer="7997" KundEigtNr="18373" ObjektID="17646" ZuordnungsartID="5"/>
  <Zuordnungstabelle Zuordnungsnummer="7998" KundEigtNr="24642" ObjektID="17647" ZuordnungsartID="5"/>
  <Zuordnungstabelle Zuordnungsnummer="7999" KundEigtNr="24645" ObjektID="17648" ZuordnungsartID="5"/>
  <Zuordnungstabelle Zuordnungsnummer="8000" KundEigtNr="24395" ObjektID="17649" ZuordnungsartID="5"/>
  <Zuordnungstabelle Zuordnungsnummer="8001" KundEigtNr="24679" ObjektID="17650" ZuordnungsartID="5"/>
  <Zuordnungstabelle Zuordnungsnummer="8002" KundEigtNr="24710" ObjektID="17651" ZuordnungsartID="5"/>
  <Zuordnungstabelle Zuordnungsnummer="8003" KundEigtNr="24724" ObjektID="17652" ZuordnungsartID="5"/>
  <Zuordnungstabelle Zuordnungsnummer="8004" KundEigtNr="24726" ObjektID="17653" ZuordnungsartID="5"/>
  <Zuordnungstabelle Zuordnungsnummer="8005" KundEigtNr="24734" ObjektID="17654" ZuordnungsartID="5"/>
  <Zuordnungstabelle Zuordnungsnummer="8006" KundEigtNr="648" ObjektID="8407" ZuordnungsartID="5"/>
  <Zuordnungstabelle Zuordnungsnummer="8007" KundEigtNr="10761" ObjektID="17655" ZuordnungsartID="5"/>
  <Zuordnungstabelle Zuordnungsnummer="8008" KundEigtNr="24740" ObjektID="270" ZuordnungsartID="5"/>
  <Zuordnungstabelle Zuordnungsnummer="8009" KundEigtNr="24750" ObjektID="17656" ZuordnungsartID="5"/>
  <Zuordnungstabelle Zuordnungsnummer="8010" KundEigtNr="5508" ObjektID="15420" ZuordnungsartID="5"/>
  <Zuordnungstabelle Zuordnungsnummer="8011" KundEigtNr="24770" ObjektID="17657" ZuordnungsartID="5"/>
  <Zuordnungstabelle Zuordnungsnummer="8012" KundEigtNr="24771" ObjektID="17658" ZuordnungsartID="5"/>
  <Zuordnungstabelle Zuordnungsnummer="8013" KundEigtNr="24776" ObjektID="17659" ZuordnungsartID="5"/>
  <Zuordnungstabelle Zuordnungsnummer="8014" KundEigtNr="1477" ObjektID="17660" ZuordnungsartID="5"/>
  <Zuordnungstabelle Zuordnungsnummer="8015" KundEigtNr="24772" ObjektID="5729" ZuordnungsartID="5"/>
  <Zuordnungstabelle Zuordnungsnummer="8017" KundEigtNr="24772" ObjektID="17661" ZuordnungsartID="5"/>
  <Zuordnungstabelle Zuordnungsnummer="8018" KundEigtNr="24772" ObjektID="17296" ZuordnungsartID="5"/>
  <Zuordnungstabelle Zuordnungsnummer="8019" KundEigtNr="24772" ObjektID="17662" ZuordnungsartID="5"/>
  <Zuordnungstabelle Zuordnungsnummer="8020" KundEigtNr="24772" ObjektID="17663" ZuordnungsartID="5"/>
  <Zuordnungstabelle Zuordnungsnummer="8021" KundEigtNr="24772" ObjektID="17664" ZuordnungsartID="5"/>
  <Zuordnungstabelle Zuordnungsnummer="8022" KundEigtNr="5597" ObjektID="17665" ZuordnungsartID="5"/>
  <Zuordnungstabelle Zuordnungsnummer="8023" KundEigtNr="5597" ObjektID="17666" ZuordnungsartID="5"/>
  <Zuordnungstabelle Zuordnungsnummer="8024" KundEigtNr="5597" ObjektID="17667" ZuordnungsartID="5"/>
  <Zuordnungstabelle Zuordnungsnummer="8025" KundEigtNr="5597" ObjektID="17668" ZuordnungsartID="5"/>
  <Zuordnungstabelle Zuordnungsnummer="8026" KundEigtNr="5597" ObjektID="17669" ZuordnungsartID="5"/>
  <Zuordnungstabelle Zuordnungsnummer="8027" KundEigtNr="24742" ObjektID="17670" ZuordnungsartID="5"/>
  <Zuordnungstabelle Zuordnungsnummer="8028" KundEigtNr="24611" ObjektID="17671" ZuordnungsartID="5"/>
  <Zuordnungstabelle Zuordnungsnummer="8029" KundEigtNr="22569" ObjektID="17672" ZuordnungsartID="5"/>
  <Zuordnungstabelle Zuordnungsnummer="8030" KundEigtNr="24744" ObjektID="17673" ZuordnungsartID="5"/>
  <Zuordnungstabelle Zuordnungsnummer="8031" KundEigtNr="24801" ObjektID="2932" ZuordnungsartID="5"/>
  <Zuordnungstabelle Zuordnungsnummer="8032" KundEigtNr="2030" ObjektID="300" ZuordnungsartID="5"/>
  <Zuordnungstabelle Zuordnungsnummer="8033" KundEigtNr="23768" ObjektID="3202" ZuordnungsartID="5"/>
  <Zuordnungstabelle Zuordnungsnummer="8034" KundEigtNr="24772" ObjektID="17674" ZuordnungsartID="5"/>
  <Zuordnungstabelle Zuordnungsnummer="8035" KundEigtNr="24836" ObjektID="3685" ZuordnungsartID="5"/>
  <Zuordnungstabelle Zuordnungsnummer="8036" KundEigtNr="6157" ObjektID="17676" ZuordnungsartID="8"/>
  <Zuordnungstabelle Zuordnungsnummer="8037" KundEigtNr="28193" ObjektID="17677" ZuordnungsartID="8"/>
  <Zuordnungstabelle Zuordnungsnummer="8038" KundEigtNr="6157" ObjektID="17677" ZuordnungsartID="5"/>
  <Zuordnungstabelle Zuordnungsnummer="8039" KundEigtNr="28193" ObjektID="17678" ZuordnungsartID="5"/>
  <Zuordnungstabelle Zuordnungsnummer="8040" KundEigtNr="28193" ObjektID="17679" ZuordnungsartID="5"/>
  <Zuordnungstabelle Zuordnungsnummer="8041" KundEigtNr="28193" ObjektID="17680" ZuordnungsartID="5"/>
  <Zuordnungstabelle Zuordnungsnummer="8042" KundEigtNr="28194" ObjektID="312" ZuordnungsartID="1"/>
  <Zuordnungstabelle Zuordnungsnummer="8043" KundEigtNr="28194" ObjektID="17681" ZuordnungsartID="5"/>
  <Zuordnungstabelle Zuordnungsnummer="8044" KundEigtNr="28195" ObjektID="17682" ZuordnungsartID="5"/>
  <Zuordnungstabelle Zuordnungsnummer="8045" KundEigtNr="28196" ObjektID="312" ZuordnungsartID="1"/>
  <Zuordnungstabelle Zuordnungsnummer="8046" KundEigtNr="28197" ObjektID="17683" ZuordnungsartID="5"/>
  <Zuordnungstabelle Zuordnungsnummer="8047" KundEigtNr="1149" ObjektID="17685" ZuordnungsartID="5"/>
  <Zuordnungstabelle Zuordnungsnummer="8048" KundEigtNr="6557" ObjektID="17686" ZuordnungsartID="5"/>
  <Zuordnungstabelle Zuordnungsnummer="8049" KundEigtNr="25847" ObjektID="17693" ZuordnungsartID="5"/>
  <Zuordnungstabelle Zuordnungsnummer="8050" KundEigtNr="26175" ObjektID="17694" ZuordnungsartID="5"/>
  <Zuordnungstabelle Zuordnungsnummer="8051" KundEigtNr="25844" ObjektID="17695" ZuordnungsartID="5"/>
  <Zuordnungstabelle Zuordnungsnummer="8052" KundEigtNr="28201" ObjektID="17696" ZuordnungsartID="5"/>
  <Zuordnungstabelle Zuordnungsnummer="8053" KundEigtNr="9900" ObjektID="17697" ZuordnungsartID="5"/>
  <Zuordnungstabelle Zuordnungsnummer="8054" KundEigtNr="28203" ObjektID="17698" ZuordnungsartID="11"/>
  <Zuordnungstabelle Zuordnungsnummer="8055" KundEigtNr="24912" ObjektID="17699" ZuordnungsartID="7"/>
  <Zuordnungstabelle Zuordnungsnummer="8056" KundEigtNr="28204" ObjektID="17699" ZuordnungsartID="9"/>
  <Zuordnungstabelle Zuordnungsnummer="8057" KundEigtNr="24912" ObjektID="17701" ZuordnungsartID="7"/>
  <Zuordnungstabelle Zuordnungsnummer="8058" KundEigtNr="28204" ObjektID="17701" ZuordnungsartID="9"/>
  <Zuordnungstabelle Zuordnungsnummer="8059" KundEigtNr="25388" ObjektID="831" ZuordnungsartID="1"/>
  <Zuordnungstabelle Zuordnungsnummer="8060" KundEigtNr="3697" ObjektID="13083" ZuordnungsartID="5"/>
  <Zuordnungstabelle Zuordnungsnummer="8061" KundEigtNr="25420" ObjektID="17702" ZuordnungsartID="5"/>
  <Zuordnungstabelle Zuordnungsnummer="8062" KundEigtNr="25103" ObjektID="17703" ZuordnungsartID="5"/>
  <Zuordnungstabelle Zuordnungsnummer="8063" KundEigtNr="24912" ObjektID="17704" ZuordnungsartID="7"/>
  <Zuordnungstabelle Zuordnungsnummer="8064" KundEigtNr="16" ObjektID="17704" ZuordnungsartID="2"/>
  <Zuordnungstabelle Zuordnungsnummer="8065" KundEigtNr="13256" ObjektID="17705" ZuordnungsartID="5"/>
  <Zuordnungstabelle Zuordnungsnummer="8066" KundEigtNr="25132" ObjektID="17706" ZuordnungsartID="2"/>
  <Zuordnungstabelle Zuordnungsnummer="8067" KundEigtNr="18497" ObjektID="17707" ZuordnungsartID="5"/>
  <Zuordnungstabelle Zuordnungsnummer="8068" KundEigtNr="1934" ObjektID="17708" ZuordnungsartID="7"/>
  <Zuordnungstabelle Zuordnungsnummer="8069" KundEigtNr="26239" ObjektID="17709" ZuordnungsartID="5"/>
  <Zuordnungstabelle Zuordnungsnummer="8070" KundEigtNr="26431" ObjektID="17101" ZuordnungsartID="5"/>
  <Zuordnungstabelle Zuordnungsnummer="8071" KundEigtNr="28232" ObjektID="17710" ZuordnungsartID="5"/>
  <Zuordnungstabelle Zuordnungsnummer="8072" KundEigtNr="28233" ObjektID="17711" ZuordnungsartID="5"/>
  <Zuordnungstabelle Zuordnungsnummer="8073" KundEigtNr="28233" ObjektID="17712" ZuordnungsartID="5"/>
  <Zuordnungstabelle Zuordnungsnummer="8074" KundEigtNr="28234" ObjektID="17713" ZuordnungsartID="5"/>
  <Zuordnungstabelle Zuordnungsnummer="8075" KundEigtNr="5624" ObjektID="17714" ZuordnungsartID="5"/>
  <Zuordnungstabelle Zuordnungsnummer="8076" KundEigtNr="28233" ObjektID="17715" ZuordnungsartID="5"/>
  <Zuordnungstabelle Zuordnungsnummer="8077" KundEigtNr="28233" ObjektID="17716" ZuordnungsartID="5"/>
  <Zuordnungstabelle Zuordnungsnummer="8078" KundEigtNr="28235" ObjektID="17717" ZuordnungsartID="6"/>
  <Zuordnungstabelle Zuordnungsnummer="8079" KundEigtNr="28252" ObjektID="17734" ZuordnungsartID="1"/>
  <Zuordnungstabelle Zuordnungsnummer="8080" KundEigtNr="28253" ObjektID="17735" ZuordnungsartID="5"/>
  <Zuordnungstabelle Zuordnungsnummer="8081" KundEigtNr="5624" ObjektID="12946" ZuordnungsartID="5"/>
  <Zuordnungstabelle Zuordnungsnummer="8082" KundEigtNr="5624" ObjektID="12947" ZuordnungsartID="5"/>
  <Zuordnungstabelle Zuordnungsnummer="8083" KundEigtNr="5624" ObjektID="12948" ZuordnungsartID="5"/>
  <Zuordnungstabelle Zuordnungsnummer="8084" KundEigtNr="2110" ObjektID="17736" ZuordnungsartID="5"/>
  <Zuordnungstabelle Zuordnungsnummer="8085" KundEigtNr="8958" ObjektID="17737" ZuordnungsartID="5"/>
  <Zuordnungstabelle Zuordnungsnummer="8086" KundEigtNr="2092" ObjektID="879" ZuordnungsartID="5"/>
  <Zuordnungstabelle Zuordnungsnummer="8087" KundEigtNr="20422" ObjektID="12850" ZuordnungsartID="5"/>
  <Zuordnungstabelle Zuordnungsnummer="8088" KundEigtNr="28254" ObjektID="17738" ZuordnungsartID="5"/>
  <Zuordnungstabelle Zuordnungsnummer="8089" KundEigtNr="28255" ObjektID="17739" ZuordnungsartID="5"/>
  <Zuordnungstabelle Zuordnungsnummer="8090" KundEigtNr="28233" ObjektID="17740" ZuordnungsartID="6"/>
  <Zuordnungstabelle Zuordnungsnummer="8091" KundEigtNr="23913" ObjektID="17741" ZuordnungsartID="1"/>
  <Zuordnungstabelle Zuordnungsnummer="8092" KundEigtNr="28256" ObjektID="16682" ZuordnungsartID="5"/>
  <Zuordnungstabelle Zuordnungsnummer="8093" KundEigtNr="28257" ObjektID="6331" ZuordnungsartID="5"/>
  <Zuordnungstabelle Zuordnungsnummer="8094" KundEigtNr="28258" ObjektID="13342" ZuordnungsartID="1"/>
  <Zuordnungstabelle Zuordnungsnummer="8095" KundEigtNr="28233" ObjektID="17742" ZuordnungsartID="5"/>
  <Zuordnungstabelle Zuordnungsnummer="8096" KundEigtNr="28429" ObjektID="17743" ZuordnungsartID="5"/>
  <Zuordnungstabelle Zuordnungsnummer="8097" KundEigtNr="28429" ObjektID="1702" ZuordnungsartID="5"/>
  <Zuordnungstabelle Zuordnungsnummer="8098" KundEigtNr="28430" ObjektID="17744" ZuordnungsartID="5"/>
  <Zuordnungstabelle Zuordnungsnummer="8099" KundEigtNr="27368" ObjektID="17745" ZuordnungsartID="5"/>
  <Zuordnungstabelle Zuordnungsnummer="8100" KundEigtNr="28233" ObjektID="17746" ZuordnungsartID="5"/>
  <Zuordnungstabelle Zuordnungsnummer="8101" KundEigtNr="28431" ObjektID="17747" ZuordnungsartID="4"/>
  <Zuordnungstabelle Zuordnungsnummer="8102" KundEigtNr="28431" ObjektID="13170" ZuordnungsartID="5"/>
  <Zuordnungstabelle Zuordnungsnummer="8103" KundEigtNr="5844" ObjektID="17622" ZuordnungsartID="11"/>
  <Zuordnungstabelle Zuordnungsnummer="8104" KundEigtNr="28429" ObjektID="17748" ZuordnungsartID="5"/>
  <Zuordnungstabelle Zuordnungsnummer="8105" KundEigtNr="28432" ObjektID="17749" ZuordnungsartID="5"/>
  <Zuordnungstabelle Zuordnungsnummer="8106" KundEigtNr="28218" ObjektID="10163" ZuordnungsartID="5"/>
  <Zuordnungstabelle Zuordnungsnummer="8107" KundEigtNr="28433" ObjektID="3439" ZuordnungsartID="11"/>
  <Zuordnungstabelle Zuordnungsnummer="8108" KundEigtNr="28434" ObjektID="17750" ZuordnungsartID="5"/>
  <Zuordnungstabelle Zuordnungsnummer="8109" KundEigtNr="28432" ObjektID="17751" ZuordnungsartID="5"/>
  <Zuordnungstabelle Zuordnungsnummer="8110" KundEigtNr="28432" ObjektID="17752" ZuordnungsartID="5"/>
  <Zuordnungstabelle Zuordnungsnummer="8111" KundEigtNr="28432" ObjektID="9414" ZuordnungsartID="11"/>
  <Zuordnungstabelle Zuordnungsnummer="8112" KundEigtNr="28432" ObjektID="9208" ZuordnungsartID="11"/>
  <Zuordnungstabelle Zuordnungsnummer="8113" KundEigtNr="28432" ObjektID="9413" ZuordnungsartID="11"/>
  <Zuordnungstabelle Zuordnungsnummer="8114" KundEigtNr="26732" ObjektID="17753" ZuordnungsartID="5"/>
  <Zuordnungstabelle Zuordnungsnummer="8115" KundEigtNr="153" ObjektID="13911" ZuordnungsartID="5"/>
  <Zuordnungstabelle Zuordnungsnummer="8116" KundEigtNr="153" ObjektID="13914" ZuordnungsartID="5"/>
  <Zuordnungstabelle Zuordnungsnummer="8117" KundEigtNr="28435" ObjektID="1768" ZuordnungsartID="11"/>
  <Zuordnungstabelle Zuordnungsnummer="8118" KundEigtNr="28436" ObjektID="17754" ZuordnungsartID="5"/>
  <Zuordnungstabelle Zuordnungsnummer="8119" KundEigtNr="28436" ObjektID="17755" ZuordnungsartID="5"/>
  <Zuordnungstabelle Zuordnungsnummer="8120" KundEigtNr="153" ObjektID="17756" ZuordnungsartID="5"/>
  <Zuordnungstabelle Zuordnungsnummer="8121" KundEigtNr="28437" ObjektID="17758" ZuordnungsartID="5"/>
  <Zuordnungstabelle Zuordnungsnummer="8122" KundEigtNr="28438" ObjektID="17759" ZuordnungsartID="5"/>
  <Zuordnungstabelle Zuordnungsnummer="8123" KundEigtNr="28439" ObjektID="17760" ZuordnungsartID="5"/>
  <Zuordnungstabelle Zuordnungsnummer="8124" KundEigtNr="28441" ObjektID="2368" ZuordnungsartID="5"/>
  <Zuordnungstabelle Zuordnungsnummer="8125" KundEigtNr="28448" ObjektID="6354" ZuordnungsartID="5"/>
  <Zuordnungstabelle Zuordnungsnummer="8126" KundEigtNr="28448" ObjektID="6355" ZuordnungsartID="5"/>
  <Zuordnungstabelle Zuordnungsnummer="8127" KundEigtNr="28449" ObjektID="6352" ZuordnungsartID="5"/>
  <Zuordnungstabelle Zuordnungsnummer="8128" KundEigtNr="28459" ObjektID="17766" ZuordnungsartID="5"/>
  <Zuordnungstabelle Zuordnungsnummer="8129" KundEigtNr="28461" ObjektID="17772" ZuordnungsartID="5"/>
  <Zuordnungstabelle Zuordnungsnummer="8130" KundEigtNr="28480" ObjektID="17773" ZuordnungsartID="5"/>
  <Zuordnungstabelle Zuordnungsnummer="8131" KundEigtNr="28481" ObjektID="17774" ZuordnungsartID="5"/>
  <Zuordnungstabelle Zuordnungsnummer="8132" KundEigtNr="28484" ObjektID="17775" ZuordnungsartID="5"/>
  <Zuordnungstabelle Zuordnungsnummer="8133" KundEigtNr="9123" ObjektID="3773" ZuordnungsartID="5"/>
  <Zuordnungstabelle Zuordnungsnummer="8134" KundEigtNr="28486" ObjektID="17776" ZuordnungsartID="3"/>
  <Zuordnungstabelle Zuordnungsnummer="8135" KundEigtNr="28499" ObjektID="17785" ZuordnungsartID="4"/>
  <Zuordnungstabelle Zuordnungsnummer="8136" KundEigtNr="28500" ObjektID="17786" ZuordnungsartID="5"/>
  <Zuordnungstabelle Zuordnungsnummer="8137" KundEigtNr="28201" ObjektID="17789" ZuordnungsartID="5"/>
  <Zuordnungstabelle Zuordnungsnummer="8138" KundEigtNr="28477" ObjektID="17790" ZuordnungsartID="2"/>
  <Zuordnungstabelle Zuordnungsnummer="8139" KundEigtNr="28505" ObjektID="17791" ZuordnungsartID="2"/>
  <Zuordnungstabelle Zuordnungsnummer="8140" KundEigtNr="28495" ObjektID="10189" ZuordnungsartID="5"/>
  <Zuordnungstabelle Zuordnungsnummer="8141" KundEigtNr="28506" ObjektID="13328" ZuordnungsartID="5"/>
  <Zuordnungstabelle Zuordnungsnummer="8142" KundEigtNr="27636" ObjektID="17792" ZuordnungsartID="5"/>
  <Zuordnungstabelle Zuordnungsnummer="8143" KundEigtNr="28508" ObjektID="17793" ZuordnungsartID="5"/>
  <Zuordnungstabelle Zuordnungsnummer="8144" KundEigtNr="28484" ObjektID="17794" ZuordnungsartID="5"/>
  <Zuordnungstabelle Zuordnungsnummer="8145" KundEigtNr="28509" ObjektID="17795" ZuordnungsartID="5"/>
  <Zuordnungstabelle Zuordnungsnummer="8146" KundEigtNr="28511" ObjektID="2500" ZuordnungsartID="5"/>
  <Zuordnungstabelle Zuordnungsnummer="8147" KundEigtNr="7577" ObjektID="17796" ZuordnungsartID="5"/>
  <Zuordnungstabelle Zuordnungsnummer="8148" KundEigtNr="28513" ObjektID="13600" ZuordnungsartID="3"/>
  <Zuordnungstabelle Zuordnungsnummer="8149" KundEigtNr="28514" ObjektID="17797" ZuordnungsartID="3"/>
  <Zuordnungstabelle Zuordnungsnummer="8150" KundEigtNr="28515" ObjektID="17798" ZuordnungsartID="3"/>
  <Zuordnungstabelle Zuordnungsnummer="8151" KundEigtNr="28516" ObjektID="17799" ZuordnungsartID="5"/>
  <Zuordnungstabelle Zuordnungsnummer="8152" KundEigtNr="28518" ObjektID="1755" ZuordnungsartID="5"/>
  <Zuordnungstabelle Zuordnungsnummer="8153" KundEigtNr="28519" ObjektID="14467" ZuordnungsartID="3"/>
  <Zuordnungstabelle Zuordnungsnummer="8154" KundEigtNr="28520" ObjektID="17801" ZuordnungsartID="5"/>
  <Zuordnungstabelle Zuordnungsnummer="8155" KundEigtNr="28521" ObjektID="17802" ZuordnungsartID="5"/>
  <Zuordnungstabelle Zuordnungsnummer="8156" KundEigtNr="28522" ObjektID="17803" ZuordnungsartID="3"/>
  <Zuordnungstabelle Zuordnungsnummer="8157" KundEigtNr="28524" ObjektID="571" ZuordnungsartID="5"/>
  <Zuordnungstabelle Zuordnungsnummer="8158" KundEigtNr="28516" ObjektID="17804" ZuordnungsartID="5"/>
  <Zuordnungstabelle Zuordnungsnummer="8159" KundEigtNr="28525" ObjektID="17805" ZuordnungsartID="3"/>
  <Zuordnungstabelle Zuordnungsnummer="8160" KundEigtNr="28516" ObjektID="17806" ZuordnungsartID="5"/>
  <Zuordnungstabelle Zuordnungsnummer="8161" KundEigtNr="28526" ObjektID="12832" ZuordnungsartID="5"/>
  <Zuordnungstabelle Zuordnungsnummer="8162" KundEigtNr="28527" ObjektID="12947" ZuordnungsartID="5"/>
  <Zuordnungstabelle Zuordnungsnummer="8163" KundEigtNr="28527" ObjektID="17807" ZuordnungsartID="5"/>
  <Zuordnungstabelle Zuordnungsnummer="8164" KundEigtNr="28516" ObjektID="17808" ZuordnungsartID="5"/>
  <Zuordnungstabelle Zuordnungsnummer="8165" KundEigtNr="1953" ObjektID="17809" ZuordnungsartID="3"/>
  <Zuordnungstabelle Zuordnungsnummer="8166" KundEigtNr="28516" ObjektID="17810" ZuordnungsartID="5"/>
  <Zuordnungstabelle Zuordnungsnummer="8167" KundEigtNr="28528" ObjektID="1735" ZuordnungsartID="9"/>
  <Zuordnungstabelle Zuordnungsnummer="8168" KundEigtNr="28547" ObjektID="4003" ZuordnungsartID="3"/>
  <Zuordnungstabelle Zuordnungsnummer="8169" KundEigtNr="28551" ObjektID="17811" ZuordnungsartID="5"/>
  <Zuordnungstabelle Zuordnungsnummer="8170" KundEigtNr="28516" ObjektID="17812" ZuordnungsartID="5"/>
  <Zuordnungstabelle Zuordnungsnummer="8171" KundEigtNr="28548" ObjektID="17813" ZuordnungsartID="3"/>
  <Zuordnungstabelle Zuordnungsnummer="8172" KundEigtNr="28548" ObjektID="17814" ZuordnungsartID="3"/>
  <Zuordnungstabelle Zuordnungsnummer="8173" KundEigtNr="3512" ObjektID="17815" ZuordnungsartID="5"/>
  <Zuordnungstabelle Zuordnungsnummer="8174" KundEigtNr="28516" ObjektID="17816" ZuordnungsartID="5"/>
  <Zuordnungstabelle Zuordnungsnummer="8175" KundEigtNr="28516" ObjektID="17817" ZuordnungsartID="5"/>
  <Zuordnungstabelle Zuordnungsnummer="8176" KundEigtNr="28554" ObjektID="11242" ZuordnungsartID="5"/>
  <Zuordnungstabelle Zuordnungsnummer="8177" KundEigtNr="824" ObjektID="17818" ZuordnungsartID="5"/>
  <Zuordnungstabelle Zuordnungsnummer="8178" KundEigtNr="28555" ObjektID="17819" ZuordnungsartID="3"/>
  <Zuordnungstabelle Zuordnungsnummer="8179" KundEigtNr="28556" ObjektID="17820" ZuordnungsartID="5"/>
  <Zuordnungstabelle Zuordnungsnummer="8180" KundEigtNr="28516" ObjektID="17821" ZuordnungsartID="5"/>
  <Zuordnungstabelle Zuordnungsnummer="8181" KundEigtNr="28516" ObjektID="17822" ZuordnungsartID="5"/>
  <Zuordnungstabelle Zuordnungsnummer="8182" KundEigtNr="28557" ObjektID="3770" ZuordnungsartID="3"/>
  <Zuordnungstabelle Zuordnungsnummer="8183" KundEigtNr="28558" ObjektID="17823" ZuordnungsartID="3"/>
  <Zuordnungstabelle Zuordnungsnummer="8184" KundEigtNr="28559" ObjektID="17825" ZuordnungsartID="3"/>
  <Zuordnungstabelle Zuordnungsnummer="8185" KundEigtNr="28560" ObjektID="17826" ZuordnungsartID="5"/>
  <Zuordnungstabelle Zuordnungsnummer="8186" KundEigtNr="28563" ObjektID="3770" ZuordnungsartID="5"/>
  <Zuordnungstabelle Zuordnungsnummer="8187" KundEigtNr="28516" ObjektID="17827" ZuordnungsartID="5"/>
  <Zuordnungstabelle Zuordnungsnummer="8188" KundEigtNr="28516" ObjektID="4201" ZuordnungsartID="5"/>
  <Zuordnungstabelle Zuordnungsnummer="8189" KundEigtNr="28477" ObjektID="17830" ZuordnungsartID="5"/>
  <Zuordnungstabelle Zuordnungsnummer="8190" KundEigtNr="28564" ObjektID="17831" ZuordnungsartID="3"/>
  <Zuordnungstabelle Zuordnungsnummer="8191" KundEigtNr="28565" ObjektID="17832" ZuordnungsartID="5"/>
  <Zuordnungstabelle Zuordnungsnummer="8192" KundEigtNr="28566" ObjektID="17833" ZuordnungsartID="5"/>
  <Zuordnungstabelle Zuordnungsnummer="8193" KundEigtNr="5199" ObjektID="12902" ZuordnungsartID="5"/>
  <Zuordnungstabelle Zuordnungsnummer="8194" KundEigtNr="28567" ObjektID="17834" ZuordnungsartID="5"/>
  <Zuordnungstabelle Zuordnungsnummer="8195" KundEigtNr="259" ObjektID="17835" ZuordnungsartID="5"/>
  <Zuordnungstabelle Zuordnungsnummer="8196" KundEigtNr="259" ObjektID="17836" ZuordnungsartID="5"/>
  <Zuordnungstabelle Zuordnungsnummer="8197" KundEigtNr="28570" ObjektID="17837" ZuordnungsartID="5"/>
  <Zuordnungstabelle Zuordnungsnummer="8198" KundEigtNr="28477" ObjektID="17838" ZuordnungsartID="5"/>
  <Zuordnungstabelle Zuordnungsnummer="8199" KundEigtNr="28477" ObjektID="5729" ZuordnungsartID="5"/>
  <Zuordnungstabelle Zuordnungsnummer="8200" KundEigtNr="28551" ObjektID="17844" ZuordnungsartID="5"/>
  <Zuordnungstabelle Zuordnungsnummer="8201" KundEigtNr="3039" ObjektID="17847" ZuordnungsartID="5"/>
  <Zuordnungstabelle Zuordnungsnummer="8202" KundEigtNr="23695" ObjektID="17818" ZuordnungsartID="5"/>
  <Zuordnungstabelle Zuordnungsnummer="8203" KundEigtNr="28575" ObjektID="17846" ZuordnungsartID="5"/>
  <Zuordnungstabelle Zuordnungsnummer="8204" KundEigtNr="28574" ObjektID="17843" ZuordnungsartID="5"/>
  <Zuordnungstabelle Zuordnungsnummer="8205" KundEigtNr="28577" ObjektID="16322" ZuordnungsartID="5"/>
  <Zuordnungstabelle Zuordnungsnummer="8206" KundEigtNr="28577" ObjektID="17848" ZuordnungsartID="5"/>
  <Zuordnungstabelle Zuordnungsnummer="8207" KundEigtNr="2532" ObjektID="17849" ZuordnungsartID="5"/>
  <Zuordnungstabelle Zuordnungsnummer="8208" KundEigtNr="6034" ObjektID="17850" ZuordnungsartID="5"/>
  <Zuordnungstabelle Zuordnungsnummer="8209" KundEigtNr="90" ObjektID="17851" ZuordnungsartID="5"/>
  <Zuordnungstabelle Zuordnungsnummer="8210" KundEigtNr="28582" ObjektID="17840" ZuordnungsartID="5"/>
  <Zuordnungstabelle Zuordnungsnummer="8211" KundEigtNr="28525" ObjektID="9093" ZuordnungsartID="5"/>
  <Zuordnungstabelle Zuordnungsnummer="8212" KundEigtNr="48" ObjektID="17853" ZuordnungsartID="5"/>
  <Zuordnungstabelle Zuordnungsnummer="8213" KundEigtNr="28584" ObjektID="4809" ZuordnungsartID="11"/>
  <Zuordnungstabelle Zuordnungsnummer="8214" KundEigtNr="28585" ObjektID="4847" ZuordnungsartID="11"/>
  <Zuordnungstabelle Zuordnungsnummer="8215" KundEigtNr="28586" ObjektID="17854" ZuordnungsartID="11"/>
  <Zuordnungstabelle Zuordnungsnummer="8216" KundEigtNr="28526" ObjektID="17856" ZuordnungsartID="5"/>
  <Zuordnungstabelle Zuordnungsnummer="8217" KundEigtNr="28587" ObjektID="17857" ZuordnungsartID="5"/>
  <Zuordnungstabelle Zuordnungsnummer="8218" KundEigtNr="28588" ObjektID="17858" ZuordnungsartID="5"/>
  <Zuordnungstabelle Zuordnungsnummer="8219" KundEigtNr="5699" ObjektID="1084" ZuordnungsartID="5"/>
  <Zuordnungstabelle Zuordnungsnummer="8220" KundEigtNr="28589" ObjektID="17859" ZuordnungsartID="1"/>
  <Zuordnungstabelle Zuordnungsnummer="8221" KundEigtNr="28589" ObjektID="13358" ZuordnungsartID="1"/>
  <Zuordnungstabelle Zuordnungsnummer="8222" KundEigtNr="28589" ObjektID="13125" ZuordnungsartID="1"/>
  <Zuordnungstabelle Zuordnungsnummer="8223" KundEigtNr="28566" ObjektID="5830" ZuordnungsartID="5"/>
  <Zuordnungstabelle Zuordnungsnummer="8224" KundEigtNr="28505" ObjektID="17861" ZuordnungsartID="5"/>
  <Zuordnungstabelle Zuordnungsnummer="8225" KundEigtNr="8951" ObjektID="17862" ZuordnungsartID="5"/>
  <Zuordnungstabelle Zuordnungsnummer="8226" KundEigtNr="28520" ObjektID="17863" ZuordnungsartID="5"/>
  <Zuordnungstabelle Zuordnungsnummer="8227" KundEigtNr="28595" ObjektID="17864" ZuordnungsartID="11"/>
  <Zuordnungstabelle Zuordnungsnummer="8228" KundEigtNr="28201" ObjektID="17787" ZuordnungsartID="5"/>
  <Zuordnungstabelle Zuordnungsnummer="8229" KundEigtNr="9554" ObjektID="17881" ZuordnungsartID="5"/>
  <Zuordnungstabelle Zuordnungsnummer="8230" KundEigtNr="769" ObjektID="17894" ZuordnungsartID="5"/>
  <Zuordnungstabelle Zuordnungsnummer="8231" KundEigtNr="28825" ObjektID="13972" ZuordnungsartID="5"/>
  <Zuordnungstabelle Zuordnungsnummer="8232" KundEigtNr="28516" ObjektID="18070" ZuordnungsartID="5"/>
  <Zuordnungstabelle Zuordnungsnummer="8233" KundEigtNr="28516" ObjektID="18071" ZuordnungsartID="5"/>
  <Zuordnungstabelle Zuordnungsnummer="8234" KundEigtNr="28685" ObjektID="18073" ZuordnungsartID="11"/>
  <Zuordnungstabelle Zuordnungsnummer="8235" KundEigtNr="28676" ObjektID="18074" ZuordnungsartID="5"/>
  <Zuordnungstabelle Zuordnungsnummer="8236" KundEigtNr="28676" ObjektID="18081" ZuordnungsartID="5"/>
  <Zuordnungstabelle Zuordnungsnummer="8237" KundEigtNr="28516" ObjektID="18082" ZuordnungsartID="5"/>
  <Zuordnungstabelle Zuordnungsnummer="8238" KundEigtNr="38" ObjektID="18084" ZuordnungsartID="5"/>
  <Zuordnungstabelle Zuordnungsnummer="8239" KundEigtNr="15755" ObjektID="18094" ZuordnungsartID="5"/>
  <Zuordnungstabelle Zuordnungsnummer="8240" KundEigtNr="28516" ObjektID="18102" ZuordnungsartID="5"/>
  <Zuordnungstabelle Zuordnungsnummer="8241" KundEigtNr="164" ObjektID="18104" ZuordnungsartID="5"/>
  <Zuordnungstabelle Zuordnungsnummer="8242" KundEigtNr="28676" ObjektID="18106" ZuordnungsartID="5"/>
  <Zuordnungstabelle Zuordnungsnummer="8243" KundEigtNr="28826" ObjektID="18111" ZuordnungsartID="11"/>
  <Zuordnungstabelle Zuordnungsnummer="8244" KundEigtNr="1953" ObjektID="18116" ZuordnungsartID="11"/>
  <Zuordnungstabelle Zuordnungsnummer="8245" KundEigtNr="28708" ObjektID="18120" ZuordnungsartID="5"/>
  <Zuordnungstabelle Zuordnungsnummer="8246" KundEigtNr="28527" ObjektID="18121" ZuordnungsartID="5"/>
  <Zuordnungstabelle Zuordnungsnummer="8247" KundEigtNr="28527" ObjektID="18122" ZuordnungsartID="5"/>
  <Zuordnungstabelle Zuordnungsnummer="8248" KundEigtNr="259" ObjektID="18123" ZuordnungsartID="5"/>
  <Zuordnungstabelle Zuordnungsnummer="8249" KundEigtNr="28403" ObjektID="18128" ZuordnungsartID="11"/>
  <Zuordnungstabelle Zuordnungsnummer="8250" KundEigtNr="28516" ObjektID="18131" ZuordnungsartID="5"/>
  <Zuordnungstabelle Zuordnungsnummer="8251" KundEigtNr="28516" ObjektID="18132" ZuordnungsartID="5"/>
  <Zuordnungstabelle Zuordnungsnummer="8252" KundEigtNr="28516" ObjektID="18133" ZuordnungsartID="5"/>
  <Zuordnungstabelle Zuordnungsnummer="8253" KundEigtNr="28667" ObjektID="12461" ZuordnungsartID="11"/>
  <Zuordnungstabelle Zuordnungsnummer="8254" KundEigtNr="28828" ObjektID="18135" ZuordnungsartID="5"/>
  <Zuordnungstabelle Zuordnungsnummer="8255" KundEigtNr="28667" ObjektID="6020" ZuordnungsartID="5"/>
  <Zuordnungstabelle Zuordnungsnummer="8256" KundEigtNr="3512" ObjektID="18138" ZuordnungsartID="5"/>
  <Zuordnungstabelle Zuordnungsnummer="8257" KundEigtNr="28828" ObjektID="831" ZuordnungsartID="5"/>
  <Zuordnungstabelle Zuordnungsnummer="8258" KundEigtNr="28830" ObjektID="18142" ZuordnungsartID="5"/>
  <Zuordnungstabelle Zuordnungsnummer="8259" KundEigtNr="24580" ObjektID="18143" ZuordnungsartID="5"/>
  <Zuordnungstabelle Zuordnungsnummer="8260" KundEigtNr="28780" ObjektID="3636" ZuordnungsartID="5"/>
  <Zuordnungstabelle Zuordnungsnummer="8261" KundEigtNr="28511" ObjektID="18145" ZuordnungsartID="11"/>
  <Zuordnungstabelle Zuordnungsnummer="8262" KundEigtNr="28516" ObjektID="18146" ZuordnungsartID="5"/>
  <Zuordnungstabelle Zuordnungsnummer="8263" KundEigtNr="28831" ObjektID="18147" ZuordnungsartID="11"/>
  <Zuordnungstabelle Zuordnungsnummer="8264" KundEigtNr="10575" ObjektID="18151" ZuordnungsartID="11"/>
  <Zuordnungstabelle Zuordnungsnummer="8265" KundEigtNr="28667" ObjektID="12569" ZuordnungsartID="11"/>
  <Zuordnungstabelle Zuordnungsnummer="8266" KundEigtNr="28516" ObjektID="18153" ZuordnungsartID="11"/>
  <Zuordnungstabelle Zuordnungsnummer="8267" KundEigtNr="28667" ObjektID="12464" ZuordnungsartID="11"/>
  <Zuordnungstabelle Zuordnungsnummer="8268" KundEigtNr="259" ObjektID="18154" ZuordnungsartID="5"/>
  <Zuordnungstabelle Zuordnungsnummer="8269" KundEigtNr="28667" ObjektID="12460" ZuordnungsartID="11"/>
  <Zuordnungstabelle Zuordnungsnummer="8270" KundEigtNr="28667" ObjektID="18155" ZuordnungsartID="11"/>
  <Zuordnungstabelle Zuordnungsnummer="8271" KundEigtNr="28516" ObjektID="18156" ZuordnungsartID="5"/>
  <Zuordnungstabelle Zuordnungsnummer="8272" KundEigtNr="28835" ObjektID="13071" ZuordnungsartID="11"/>
  <Zuordnungstabelle Zuordnungsnummer="8273" KundEigtNr="28522" ObjektID="18163" ZuordnungsartID="5"/>
  <Zuordnungstabelle Zuordnungsnummer="8274" KundEigtNr="28755" ObjektID="12629" ZuordnungsartID="11"/>
  <Zuordnungstabelle Zuordnungsnummer="8275" KundEigtNr="28667" ObjektID="18166" ZuordnungsartID="11"/>
  <Zuordnungstabelle Zuordnungsnummer="8276" KundEigtNr="28667" ObjektID="12502" ZuordnungsartID="11"/>
  <Zuordnungstabelle Zuordnungsnummer="8277" KundEigtNr="28667" ObjektID="12567" ZuordnungsartID="11"/>
  <Zuordnungstabelle Zuordnungsnummer="8278" KundEigtNr="28667" ObjektID="18167" ZuordnungsartID="11"/>
  <Zuordnungstabelle Zuordnungsnummer="8279" KundEigtNr="5311" ObjektID="3515" ZuordnungsartID="11"/>
  <Zuordnungstabelle Zuordnungsnummer="8280" KundEigtNr="5311" ObjektID="18168" ZuordnungsartID="11"/>
  <Zuordnungstabelle Zuordnungsnummer="8281" KundEigtNr="5311" ObjektID="18169" ZuordnungsartID="11"/>
  <Zuordnungstabelle Zuordnungsnummer="8282" KundEigtNr="28837" ObjektID="18170" ZuordnungsartID="11"/>
  <Zuordnungstabelle Zuordnungsnummer="8283" KundEigtNr="28566" ObjektID="5831" ZuordnungsartID="11"/>
  <Zuordnungstabelle Zuordnungsnummer="8284" KundEigtNr="1953" ObjektID="18172" ZuordnungsartID="11"/>
  <Zuordnungstabelle Zuordnungsnummer="8285" KundEigtNr="28838" ObjektID="18175" ZuordnungsartID="11"/>
  <Zuordnungstabelle Zuordnungsnummer="8286" KundEigtNr="21333" ObjektID="4791" ZuordnungsartID="11"/>
  <Zuordnungstabelle Zuordnungsnummer="8287" KundEigtNr="5699" ObjektID="18177" ZuordnungsartID="5"/>
  <Zuordnungstabelle Zuordnungsnummer="8288" KundEigtNr="5199" ObjektID="18179" ZuordnungsartID="5"/>
  <Zuordnungstabelle Zuordnungsnummer="8289" KundEigtNr="4994" ObjektID="5824" ZuordnungsartID="11"/>
  <Zuordnungstabelle Zuordnungsnummer="8290" KundEigtNr="4994" ObjektID="18181" ZuordnungsartID="11"/>
  <Zuordnungstabelle Zuordnungsnummer="8291" KundEigtNr="28516" ObjektID="18182" ZuordnungsartID="5"/>
  <Zuordnungstabelle Zuordnungsnummer="8292" KundEigtNr="28516" ObjektID="18183" ZuordnungsartID="5"/>
  <Zuordnungstabelle Zuordnungsnummer="8293" KundEigtNr="28651" ObjektID="18185" ZuordnungsartID="11"/>
  <Zuordnungstabelle Zuordnungsnummer="8294" KundEigtNr="4994" ObjektID="18189" ZuordnungsartID="11"/>
  <Zuordnungstabelle Zuordnungsnummer="8295" KundEigtNr="4994" ObjektID="18190" ZuordnungsartID="11"/>
  <Zuordnungstabelle Zuordnungsnummer="8296" KundEigtNr="4994" ObjektID="18191" ZuordnungsartID="11"/>
  <Zuordnungstabelle Zuordnungsnummer="8297" KundEigtNr="28516" ObjektID="18192" ZuordnungsartID="11"/>
  <Zuordnungstabelle Zuordnungsnummer="8298" KundEigtNr="5747" ObjektID="18193" ZuordnungsartID="5"/>
  <Zuordnungstabelle Zuordnungsnummer="8299" KundEigtNr="5747" ObjektID="18194" ZuordnungsartID="5"/>
  <Zuordnungstabelle Zuordnungsnummer="8300" KundEigtNr="28745" ObjektID="18195" ZuordnungsartID="11"/>
  <Zuordnungstabelle Zuordnungsnummer="8301" KundEigtNr="98" ObjektID="18196" ZuordnungsartID="5"/>
  <Zuordnungstabelle Zuordnungsnummer="8302" KundEigtNr="28667" ObjektID="18197" ZuordnungsartID="11"/>
  <Zuordnungstabelle Zuordnungsnummer="8303" KundEigtNr="15909" ObjektID="18198" ZuordnungsartID="11"/>
  <Zuordnungstabelle Zuordnungsnummer="8304" KundEigtNr="28840" ObjektID="18200" ZuordnungsartID="11"/>
  <Zuordnungstabelle Zuordnungsnummer="8305" KundEigtNr="28667" ObjektID="12496" ZuordnungsartID="11"/>
  <Zuordnungstabelle Zuordnungsnummer="8306" KundEigtNr="28751" ObjektID="11487" ZuordnungsartID="11"/>
  <Zuordnungstabelle Zuordnungsnummer="8307" KundEigtNr="28751" ObjektID="11891" ZuordnungsartID="11"/>
  <Zuordnungstabelle Zuordnungsnummer="8308" KundEigtNr="28841" ObjektID="18202" ZuordnungsartID="11"/>
  <Zuordnungstabelle Zuordnungsnummer="8309" KundEigtNr="28745" ObjektID="18203" ZuordnungsartID="11"/>
  <Zuordnungstabelle Zuordnungsnummer="8310" KundEigtNr="28667" ObjektID="12538" ZuordnungsartID="11"/>
  <Zuordnungstabelle Zuordnungsnummer="8311" KundEigtNr="28667" ObjektID="12533" ZuordnungsartID="11"/>
  <Zuordnungstabelle Zuordnungsnummer="8312" KundEigtNr="38" ObjektID="18205" ZuordnungsartID="5"/>
  <Zuordnungstabelle Zuordnungsnummer="8313" KundEigtNr="28845" ObjektID="18187" ZuordnungsartID="5"/>
  <Zuordnungstabelle Zuordnungsnummer="8314" KundEigtNr="90" ObjektID="4048" ZuordnungsartID="11"/>
  <Zuordnungstabelle Zuordnungsnummer="8315" KundEigtNr="28827" ObjektID="18206" ZuordnungsartID="5"/>
  <Zuordnungstabelle Zuordnungsnummer="8316" KundEigtNr="28846" ObjektID="3022" ZuordnungsartID="2"/>
  <Zuordnungstabelle Zuordnungsnummer="8317" KundEigtNr="28847" ObjektID="17660" ZuordnungsartID="11"/>
  <Zuordnungstabelle Zuordnungsnummer="8318" KundEigtNr="28632" ObjektID="1484" ZuordnungsartID="3"/>
  <Zuordnungstabelle Zuordnungsnummer="8319" KundEigtNr="28670" ObjektID="18208" ZuordnungsartID="3"/>
  <Zuordnungstabelle Zuordnungsnummer="8320" KundEigtNr="28819" ObjektID="18212" ZuordnungsartID="2"/>
  <Zuordnungstabelle Zuordnungsnummer="8321" KundEigtNr="28660" ObjektID="1700" ZuordnungsartID="3"/>
  <Zuordnungstabelle Zuordnungsnummer="8322" KundEigtNr="769" ObjektID="18213" ZuordnungsartID="5"/>
  <Zuordnungstabelle Zuordnungsnummer="8323" KundEigtNr="742" ObjektID="18215" ZuordnungsartID="11"/>
  <Zuordnungstabelle Zuordnungsnummer="8324" KundEigtNr="28852" ObjektID="13172" ZuordnungsartID="11"/>
  <Zuordnungstabelle Zuordnungsnummer="8325" KundEigtNr="28853" ObjektID="18216" ZuordnungsartID="5"/>
  <Zuordnungstabelle Zuordnungsnummer="8326" KundEigtNr="28761" ObjektID="18217" ZuordnungsartID="3"/>
  <Zuordnungstabelle Zuordnungsnummer="8327" KundEigtNr="28855" ObjektID="18220" ZuordnungsartID="11"/>
  <Zuordnungstabelle Zuordnungsnummer="8328" KundEigtNr="3039" ObjektID="18160" ZuordnungsartID="5"/>
  <Zuordnungstabelle Zuordnungsnummer="8329" KundEigtNr="28857" ObjektID="17928" ZuordnungsartID="1"/>
  <Zuordnungstabelle Zuordnungsnummer="8330" KundEigtNr="28780" ObjektID="18225" ZuordnungsartID="1"/>
  <Zuordnungstabelle Zuordnungsnummer="8331" KundEigtNr="28864" ObjektID="9484" ZuordnungsartID="5"/>
  <Zuordnungstabelle Zuordnungsnummer="8332" KundEigtNr="11470" ObjektID="18231" ZuordnungsartID="5"/>
  <Zuordnungstabelle Zuordnungsnummer="8333" KundEigtNr="28866" ObjektID="18232" ZuordnungsartID="11"/>
  <Zuordnungstabelle Zuordnungsnummer="8334" KundEigtNr="28514" ObjektID="18233" ZuordnungsartID="11"/>
  <Zuordnungstabelle Zuordnungsnummer="8335" KundEigtNr="28776" ObjektID="17978" ZuordnungsartID="5"/>
  <Zuordnungstabelle Zuordnungsnummer="8336" KundEigtNr="28869" ObjektID="18237" ZuordnungsartID="5"/>
  <Zuordnungstabelle Zuordnungsnummer="8337" KundEigtNr="28686" ObjektID="18238" ZuordnungsartID="11"/>
  <Zuordnungstabelle Zuordnungsnummer="8338" KundEigtNr="28726" ObjektID="18040" ZuordnungsartID="11"/>
  <Zuordnungstabelle Zuordnungsnummer="8339" KundEigtNr="9113" ObjektID="18124" ZuordnungsartID="11"/>
  <Zuordnungstabelle Zuordnungsnummer="8340" KundEigtNr="28511" ObjektID="18241" ZuordnungsartID="1"/>
  <Zuordnungstabelle Zuordnungsnummer="8341" KundEigtNr="28821" ObjektID="6333" ZuordnungsartID="11"/>
  <Zuordnungstabelle Zuordnungsnummer="8342" KundEigtNr="28821" ObjektID="6333" ZuordnungsartID="11"/>
  <Zuordnungstabelle Zuordnungsnummer="8343" KundEigtNr="28514" ObjektID="18243" ZuordnungsartID="5"/>
  <Zuordnungstabelle Zuordnungsnummer="8344" KundEigtNr="28735" ObjektID="321" ZuordnungsartID="11"/>
  <Zuordnungstabelle Zuordnungsnummer="8345" KundEigtNr="28870" ObjektID="2475" ZuordnungsartID="5"/>
  <Zuordnungstabelle Zuordnungsnummer="8346" KundEigtNr="28873" ObjektID="18246" ZuordnungsartID="5"/>
  <Zuordnungstabelle Zuordnungsnummer="8347" KundEigtNr="29277" ObjektID="3788" ZuordnungsartID="5"/>
  <Zuordnungstabelle Zuordnungsnummer="8348" KundEigtNr="28875" ObjektID="18247" ZuordnungsartID="5"/>
  <Zuordnungstabelle Zuordnungsnummer="8349" KundEigtNr="28878" ObjektID="18248" ZuordnungsartID="11"/>
  <Zuordnungstabelle Zuordnungsnummer="8350" KundEigtNr="28879" ObjektID="3275" ZuordnungsartID="11"/>
  <Zuordnungstabelle Zuordnungsnummer="8351" KundEigtNr="28880" ObjektID="18067" ZuordnungsartID="5"/>
  <Zuordnungstabelle Zuordnungsnummer="8352" KundEigtNr="28881" ObjektID="17883" ZuordnungsartID="11"/>
  <Zuordnungstabelle Zuordnungsnummer="8353" KundEigtNr="28882" ObjektID="18249" ZuordnungsartID="11"/>
  <Zuordnungstabelle Zuordnungsnummer="8354" KundEigtNr="28872" ObjektID="18245" ZuordnungsartID="5"/>
  <Zuordnungstabelle Zuordnungsnummer="8355" KundEigtNr="28869" ObjektID="18252" ZuordnungsartID="5"/>
  <Zuordnungstabelle Zuordnungsnummer="8356" KundEigtNr="28890" ObjektID="4462" ZuordnungsartID="5"/>
  <Zuordnungstabelle Zuordnungsnummer="8357" KundEigtNr="28890" ObjektID="4463" ZuordnungsartID="5"/>
  <Zuordnungstabelle Zuordnungsnummer="8358" KundEigtNr="28684" ObjektID="3672" ZuordnungsartID="11"/>
  <Zuordnungstabelle Zuordnungsnummer="8359" KundEigtNr="28899" ObjektID="18258" ZuordnungsartID="11"/>
  <Zuordnungstabelle Zuordnungsnummer="8360" KundEigtNr="28900" ObjektID="18259" ZuordnungsartID="5"/>
  <Zuordnungstabelle Zuordnungsnummer="8361" KundEigtNr="2030" ObjektID="2327" ZuordnungsartID="5"/>
  <Zuordnungstabelle Zuordnungsnummer="8362" KundEigtNr="28901" ObjektID="12497" ZuordnungsartID="11"/>
  <Zuordnungstabelle Zuordnungsnummer="8363" KundEigtNr="18013" ObjektID="18022" ZuordnungsartID="11"/>
  <Zuordnungstabelle Zuordnungsnummer="8364" KundEigtNr="28654" ObjektID="1288" ZuordnungsartID="5"/>
  <Zuordnungstabelle Zuordnungsnummer="8365" KundEigtNr="28903" ObjektID="17994" ZuordnungsartID="11"/>
  <Zuordnungstabelle Zuordnungsnummer="8366" KundEigtNr="28905" ObjektID="18020" ZuordnungsartID="11"/>
  <Zuordnungstabelle Zuordnungsnummer="8367" KundEigtNr="28906" ObjektID="18260" ZuordnungsartID="11"/>
  <Zuordnungstabelle Zuordnungsnummer="8368" KundEigtNr="28907" ObjektID="18056" ZuordnungsartID="5"/>
  <Zuordnungstabelle Zuordnungsnummer="8369" KundEigtNr="28870" ObjektID="18261" ZuordnungsartID="5"/>
  <Zuordnungstabelle Zuordnungsnummer="8370" KundEigtNr="28908" ObjektID="1371" ZuordnungsartID="11"/>
  <Zuordnungstabelle Zuordnungsnummer="8371" KundEigtNr="28554" ObjektID="18267" ZuordnungsartID="11"/>
  <Zuordnungstabelle Zuordnungsnummer="8372" KundEigtNr="28924" ObjektID="18272" ZuordnungsartID="11"/>
  <Zuordnungstabelle Zuordnungsnummer="8373" KundEigtNr="28926" ObjektID="18276" ZuordnungsartID="5"/>
  <Zuordnungstabelle Zuordnungsnummer="8374" KundEigtNr="28927" ObjektID="18277" ZuordnungsartID="5"/>
  <Zuordnungstabelle Zuordnungsnummer="8375" KundEigtNr="28931" ObjektID="18280" ZuordnungsartID="11"/>
  <Zuordnungstabelle Zuordnungsnummer="8376" KundEigtNr="28932" ObjektID="18281" ZuordnungsartID="5"/>
  <Zuordnungstabelle Zuordnungsnummer="8377" KundEigtNr="28933" ObjektID="18283" ZuordnungsartID="5"/>
  <Zuordnungstabelle Zuordnungsnummer="8378" KundEigtNr="28937" ObjektID="18284" ZuordnungsartID="11"/>
  <Zuordnungstabelle Zuordnungsnummer="8379" KundEigtNr="28938" ObjektID="15350" ZuordnungsartID="3"/>
  <Zuordnungstabelle Zuordnungsnummer="8380" KundEigtNr="28939" ObjektID="18286" ZuordnungsartID="3"/>
  <Zuordnungstabelle Zuordnungsnummer="8381" KundEigtNr="1446" ObjektID="18287" ZuordnungsartID="11"/>
  <Zuordnungstabelle Zuordnungsnummer="8382" KundEigtNr="28942" ObjektID="18290" ZuordnungsartID="11"/>
  <Zuordnungstabelle Zuordnungsnummer="8383" KundEigtNr="7651" ObjektID="18291" ZuordnungsartID="5"/>
  <Zuordnungstabelle Zuordnungsnummer="8384" KundEigtNr="28946" ObjektID="18293" ZuordnungsartID="11"/>
  <Zuordnungstabelle Zuordnungsnummer="8385" KundEigtNr="28948" ObjektID="18295" ZuordnungsartID="5"/>
  <Zuordnungstabelle Zuordnungsnummer="8386" KundEigtNr="28949" ObjektID="18298" ZuordnungsartID="11"/>
  <Zuordnungstabelle Zuordnungsnummer="8387" KundEigtNr="5286" ObjektID="13180" ZuordnungsartID="11"/>
  <Zuordnungstabelle Zuordnungsnummer="8388" KundEigtNr="28952" ObjektID="18299" ZuordnungsartID="5"/>
  <Zuordnungstabelle Zuordnungsnummer="8389" KundEigtNr="28953" ObjektID="18300" ZuordnungsartID="5"/>
  <Zuordnungstabelle Zuordnungsnummer="8390" KundEigtNr="28956" ObjektID="17756" ZuordnungsartID="11"/>
  <Zuordnungstabelle Zuordnungsnummer="8391" KundEigtNr="28961" ObjektID="18304" ZuordnungsartID="11"/>
  <Zuordnungstabelle Zuordnungsnummer="8392" KundEigtNr="28970" ObjektID="18311" ZuordnungsartID="5"/>
  <Zuordnungstabelle Zuordnungsnummer="8393" KundEigtNr="28971" ObjektID="18313" ZuordnungsartID="11"/>
  <Zuordnungstabelle Zuordnungsnummer="8394" KundEigtNr="28972" ObjektID="18314" ZuordnungsartID="5"/>
  <Zuordnungstabelle Zuordnungsnummer="8395" KundEigtNr="8992" ObjektID="18126" ZuordnungsartID="11"/>
  <Zuordnungstabelle Zuordnungsnummer="8396" KundEigtNr="28973" ObjektID="18318" ZuordnungsartID="11"/>
  <Zuordnungstabelle Zuordnungsnummer="8397" KundEigtNr="28976" ObjektID="18322" ZuordnungsartID="11"/>
  <Zuordnungstabelle Zuordnungsnummer="8398" KundEigtNr="17898" ObjektID="18323" ZuordnungsartID="5"/>
  <Zuordnungstabelle Zuordnungsnummer="8399" KundEigtNr="28977" ObjektID="18324" ZuordnungsartID="11"/>
  <Zuordnungstabelle Zuordnungsnummer="8400" KundEigtNr="28519" ObjektID="2926" ZuordnungsartID="3"/>
  <Zuordnungstabelle Zuordnungsnummer="8401" KundEigtNr="28982" ObjektID="18330" ZuordnungsartID="11"/>
  <Zuordnungstabelle Zuordnungsnummer="8402" KundEigtNr="28983" ObjektID="18331" ZuordnungsartID="11"/>
  <Zuordnungstabelle Zuordnungsnummer="8403" KundEigtNr="28984" ObjektID="18333" ZuordnungsartID="11"/>
  <Zuordnungstabelle Zuordnungsnummer="8404" KundEigtNr="28986" ObjektID="18334" ZuordnungsartID="11"/>
  <Zuordnungstabelle Zuordnungsnummer="8405" KundEigtNr="28993" ObjektID="18341" ZuordnungsartID="11"/>
  <Zuordnungstabelle Zuordnungsnummer="8406" KundEigtNr="28558" ObjektID="18343" ZuordnungsartID="11"/>
  <Zuordnungstabelle Zuordnungsnummer="8407" KundEigtNr="4988" ObjektID="18345" ZuordnungsartID="5"/>
  <Zuordnungstabelle Zuordnungsnummer="8408" KundEigtNr="28440" ObjektID="12975" ZuordnungsartID="5"/>
  <Zuordnungstabelle Zuordnungsnummer="8409" KundEigtNr="28931" ObjektID="18353" ZuordnungsartID="5"/>
  <Zuordnungstabelle Zuordnungsnummer="8410" KundEigtNr="28763" ObjektID="18354" ZuordnungsartID="5"/>
  <Zuordnungstabelle Zuordnungsnummer="8411" KundEigtNr="28860" ObjektID="18223" ZuordnungsartID="1"/>
  <Zuordnungstabelle Zuordnungsnummer="8412" KundEigtNr="29003" ObjektID="18355" ZuordnungsartID="11"/>
  <Zuordnungstabelle Zuordnungsnummer="8413" KundEigtNr="29005" ObjektID="18358" ZuordnungsartID="11"/>
  <Zuordnungstabelle Zuordnungsnummer="8414" KundEigtNr="29006" ObjektID="1417" ZuordnungsartID="11"/>
  <Zuordnungstabelle Zuordnungsnummer="8415" KundEigtNr="29010" ObjektID="18363" ZuordnungsartID="11"/>
  <Zuordnungstabelle Zuordnungsnummer="8416" KundEigtNr="28896" ObjektID="18365" ZuordnungsartID="11"/>
  <Zuordnungstabelle Zuordnungsnummer="8417" KundEigtNr="28780" ObjektID="17984" ZuordnungsartID="5"/>
  <Zuordnungstabelle Zuordnungsnummer="8418" KundEigtNr="29015" ObjektID="18368" ZuordnungsartID="5"/>
  <Zuordnungstabelle Zuordnungsnummer="8419" KundEigtNr="29015" ObjektID="18369" ZuordnungsartID="11"/>
  <Zuordnungstabelle Zuordnungsnummer="8420" KundEigtNr="28566" ObjektID="18371" ZuordnungsartID="5"/>
  <Zuordnungstabelle Zuordnungsnummer="8421" KundEigtNr="15755" ObjektID="18374" ZuordnungsartID="5"/>
  <Zuordnungstabelle Zuordnungsnummer="8422" KundEigtNr="28527" ObjektID="18375" ZuordnungsartID="5"/>
  <Zuordnungstabelle Zuordnungsnummer="8423" KundEigtNr="29021" ObjektID="17262" ZuordnungsartID="11"/>
  <Zuordnungstabelle Zuordnungsnummer="8424" KundEigtNr="29022" ObjektID="5734" ZuordnungsartID="11"/>
  <Zuordnungstabelle Zuordnungsnummer="8425" KundEigtNr="29024" ObjektID="385" ZuordnungsartID="11"/>
  <Zuordnungstabelle Zuordnungsnummer="8426" KundEigtNr="29027" ObjektID="18303" ZuordnungsartID="5"/>
  <Zuordnungstabelle Zuordnungsnummer="8427" KundEigtNr="29029" ObjektID="2759" ZuordnungsartID="3"/>
  <Zuordnungstabelle Zuordnungsnummer="8428" KundEigtNr="18029" ObjektID="2635" ZuordnungsartID="11"/>
  <Zuordnungstabelle Zuordnungsnummer="8429" KundEigtNr="28566" ObjektID="18388" ZuordnungsartID="5"/>
  <Zuordnungstabelle Zuordnungsnummer="8430" KundEigtNr="28566" ObjektID="18389" ZuordnungsartID="5"/>
  <Zuordnungstabelle Zuordnungsnummer="8431" KundEigtNr="29032" ObjektID="18297" ZuordnungsartID="5"/>
  <Zuordnungstabelle Zuordnungsnummer="8432" KundEigtNr="29006" ObjektID="1417" ZuordnungsartID="5"/>
  <Zuordnungstabelle Zuordnungsnummer="8433" KundEigtNr="28758" ObjektID="17947" ZuordnungsartID="11"/>
  <Zuordnungstabelle Zuordnungsnummer="8434" KundEigtNr="28588" ObjektID="18397" ZuordnungsartID="5"/>
  <Zuordnungstabelle Zuordnungsnummer="8435" KundEigtNr="23840" ObjektID="18399" ZuordnungsartID="5"/>
  <Zuordnungstabelle Zuordnungsnummer="8436" KundEigtNr="29037" ObjektID="4170" ZuordnungsartID="5"/>
  <Zuordnungstabelle Zuordnungsnummer="8437" KundEigtNr="29038" ObjektID="18401" ZuordnungsartID="11"/>
  <Zuordnungstabelle Zuordnungsnummer="8438" KundEigtNr="29039" ObjektID="18402" ZuordnungsartID="5"/>
  <Zuordnungstabelle Zuordnungsnummer="8439" KundEigtNr="29040" ObjektID="5908" ZuordnungsartID="5"/>
  <Zuordnungstabelle Zuordnungsnummer="8440" KundEigtNr="6222" ObjektID="18403" ZuordnungsartID="5"/>
  <Zuordnungstabelle Zuordnungsnummer="8441" KundEigtNr="29042" ObjektID="18408" ZuordnungsartID="5"/>
  <Zuordnungstabelle Zuordnungsnummer="8442" KundEigtNr="3983" ObjektID="2022" ZuordnungsartID="5"/>
  <Zuordnungstabelle Zuordnungsnummer="8443" KundEigtNr="28875" ObjektID="1511" ZuordnungsartID="11"/>
  <Zuordnungstabelle Zuordnungsnummer="8444" KundEigtNr="29048" ObjektID="18060" ZuordnungsartID="5"/>
  <Zuordnungstabelle Zuordnungsnummer="8445" KundEigtNr="29049" ObjektID="18415" ZuordnungsartID="11"/>
  <Zuordnungstabelle Zuordnungsnummer="8446" KundEigtNr="28554" ObjektID="18267" ZuordnungsartID="11"/>
  <Zuordnungstabelle Zuordnungsnummer="8447" KundEigtNr="29051" ObjektID="337" ZuordnungsartID="11"/>
  <Zuordnungstabelle Zuordnungsnummer="8448" KundEigtNr="28924" ObjektID="2641" ZuordnungsartID="11"/>
  <Zuordnungstabelle Zuordnungsnummer="8449" KundEigtNr="29053" ObjektID="18407" ZuordnungsartID="11"/>
  <Zuordnungstabelle Zuordnungsnummer="8450" KundEigtNr="29054" ObjektID="18423" ZuordnungsartID="11"/>
  <Zuordnungstabelle Zuordnungsnummer="8451" KundEigtNr="29059" ObjektID="18425" ZuordnungsartID="11"/>
  <Zuordnungstabelle Zuordnungsnummer="8452" KundEigtNr="29018" ObjektID="14371" ZuordnungsartID="11"/>
  <Zuordnungstabelle Zuordnungsnummer="8453" KundEigtNr="28690" ObjektID="18426" ZuordnungsartID="5"/>
  <Zuordnungstabelle Zuordnungsnummer="8454" KundEigtNr="29028" ObjektID="18427" ZuordnungsartID="5"/>
  <Zuordnungstabelle Zuordnungsnummer="8455" KundEigtNr="29028" ObjektID="18428" ZuordnungsartID="5"/>
  <Zuordnungstabelle Zuordnungsnummer="8456" KundEigtNr="29028" ObjektID="18429" ZuordnungsartID="5"/>
  <Zuordnungstabelle Zuordnungsnummer="8457" KundEigtNr="29028" ObjektID="18430" ZuordnungsartID="5"/>
  <Zuordnungstabelle Zuordnungsnummer="8458" KundEigtNr="29028" ObjektID="18431" ZuordnungsartID="5"/>
  <Zuordnungstabelle Zuordnungsnummer="8459" KundEigtNr="29028" ObjektID="18432" ZuordnungsartID="5"/>
  <Zuordnungstabelle Zuordnungsnummer="8460" KundEigtNr="28912" ObjektID="18264" ZuordnungsartID="5"/>
  <Zuordnungstabelle Zuordnungsnummer="8461" KundEigtNr="28962" ObjektID="12468" ZuordnungsartID="5"/>
  <Zuordnungstabelle Zuordnungsnummer="8462" KundEigtNr="28963" ObjektID="18306" ZuordnungsartID="5"/>
  <Zuordnungstabelle Zuordnungsnummer="8463" KundEigtNr="28813" ObjektID="18024" ZuordnungsartID="5"/>
  <Zuordnungstabelle Zuordnungsnummer="8464" KundEigtNr="48" ObjektID="18305" ZuordnungsartID="5"/>
  <Zuordnungstabelle Zuordnungsnummer="8465" KundEigtNr="164" ObjektID="17986" ZuordnungsartID="5"/>
  <Zuordnungstabelle Zuordnungsnummer="8466" KundEigtNr="28516" ObjektID="3099" ZuordnungsartID="5"/>
  <Zuordnungstabelle Zuordnungsnummer="8467" KundEigtNr="28896" ObjektID="18257" ZuordnungsartID="5"/>
  <Zuordnungstabelle Zuordnungsnummer="8468" KundEigtNr="29022" ObjektID="5735" ZuordnungsartID="5"/>
  <Zuordnungstabelle Zuordnungsnummer="8469" KundEigtNr="28968" ObjektID="18310" ZuordnungsartID="9"/>
  <Zuordnungstabelle Zuordnungsnummer="8470" KundEigtNr="5202" ObjektID="3325" ZuordnungsartID="5"/>
  <Zuordnungstabelle Zuordnungsnummer="8471" KundEigtNr="10764" ObjektID="18302" ZuordnungsartID="5"/>
  <Zuordnungstabelle Zuordnungsnummer="8472" KundEigtNr="10764" ObjektID="1508" ZuordnungsartID="5"/>
  <Zuordnungstabelle Zuordnungsnummer="8473" KundEigtNr="29064" ObjektID="2069" ZuordnungsartID="11"/>
  <Zuordnungstabelle Zuordnungsnummer="8474" KundEigtNr="769" ObjektID="18447" ZuordnungsartID="5"/>
  <Zuordnungstabelle Zuordnungsnummer="8475" KundEigtNr="6485" ObjektID="18450" ZuordnungsartID="11"/>
  <Zuordnungstabelle Zuordnungsnummer="8476" KundEigtNr="29073" ObjektID="18451" ZuordnungsartID="11"/>
  <Zuordnungstabelle Zuordnungsnummer="8477" KundEigtNr="29074" ObjektID="18453" ZuordnungsartID="11"/>
  <Zuordnungstabelle Zuordnungsnummer="8478" KundEigtNr="28982" ObjektID="818" ZuordnungsartID="11"/>
  <Zuordnungstabelle Zuordnungsnummer="8479" KundEigtNr="29075" ObjektID="18454" ZuordnungsartID="3"/>
  <Zuordnungstabelle Zuordnungsnummer="8480" KundEigtNr="9194" ObjektID="18457" ZuordnungsartID="5"/>
  <Zuordnungstabelle Zuordnungsnummer="8481" KundEigtNr="9554" ObjektID="18460" ZuordnungsartID="5"/>
  <Zuordnungstabelle Zuordnungsnummer="8482" KundEigtNr="5156" ObjektID="18461" ZuordnungsartID="5"/>
  <Zuordnungstabelle Zuordnungsnummer="8483" KundEigtNr="29079" ObjektID="18466" ZuordnungsartID="11"/>
  <Zuordnungstabelle Zuordnungsnummer="8484" KundEigtNr="29062" ObjektID="18434" ZuordnungsartID="5"/>
  <Zuordnungstabelle Zuordnungsnummer="8485" KundEigtNr="20562" ObjektID="18255" ZuordnungsartID="5"/>
  <Zuordnungstabelle Zuordnungsnummer="8486" KundEigtNr="20562" ObjektID="18439" ZuordnungsartID="5"/>
  <Zuordnungstabelle Zuordnungsnummer="8487" KundEigtNr="29084" ObjektID="18475" ZuordnungsartID="11"/>
  <Zuordnungstabelle Zuordnungsnummer="8488" KundEigtNr="90" ObjektID="18478" ZuordnungsartID="5"/>
  <Zuordnungstabelle Zuordnungsnummer="8489" KundEigtNr="29087" ObjektID="18315" ZuordnungsartID="5"/>
  <Zuordnungstabelle Zuordnungsnummer="8490" KundEigtNr="29088" ObjektID="14331" ZuordnungsartID="5"/>
  <Zuordnungstabelle Zuordnungsnummer="8491" KundEigtNr="28925" ObjektID="18383" ZuordnungsartID="6"/>
  <Zuordnungstabelle Zuordnungsnummer="8492" KundEigtNr="28792" ObjektID="17999" ZuordnungsartID="5"/>
  <Zuordnungstabelle Zuordnungsnummer="8493" KundEigtNr="28798" ObjektID="18013" ZuordnungsartID="5"/>
  <Zuordnungstabelle Zuordnungsnummer="8494" KundEigtNr="29089" ObjektID="17884" ZuordnungsartID="5"/>
  <Zuordnungstabelle Zuordnungsnummer="8495" KundEigtNr="13673" ObjektID="17939" ZuordnungsartID="5"/>
  <Zuordnungstabelle Zuordnungsnummer="8496" KundEigtNr="29088" ObjektID="18500" ZuordnungsartID="5"/>
  <Zuordnungstabelle Zuordnungsnummer="8497" KundEigtNr="28733" ObjektID="17916" ZuordnungsartID="5"/>
  <Zuordnungstabelle Zuordnungsnummer="8498" KundEigtNr="29083" ObjektID="12757" ZuordnungsartID="5"/>
  <Zuordnungstabelle Zuordnungsnummer="8499" KundEigtNr="26155" ObjektID="18054" ZuordnungsartID="5"/>
  <Zuordnungstabelle Zuordnungsnummer="8500" KundEigtNr="29068" ObjektID="18444" ZuordnungsartID="5"/>
  <Zuordnungstabelle Zuordnungsnummer="8501" KundEigtNr="29107" ObjektID="18499" ZuordnungsartID="4"/>
  <Zuordnungstabelle Zuordnungsnummer="8502" KundEigtNr="29078" ObjektID="18465" ZuordnungsartID="5"/>
  <Zuordnungstabelle Zuordnungsnummer="8503" KundEigtNr="29099" ObjektID="18492" ZuordnungsartID="5"/>
  <Zuordnungstabelle Zuordnungsnummer="8504" KundEigtNr="29108" ObjektID="18332" ZuordnungsartID="5"/>
  <Zuordnungstabelle Zuordnungsnummer="8505" KundEigtNr="29101" ObjektID="18494" ZuordnungsartID="5"/>
  <Zuordnungstabelle Zuordnungsnummer="8506" KundEigtNr="29109" ObjektID="18459" ZuordnungsartID="5"/>
  <Zuordnungstabelle Zuordnungsnummer="8507" KundEigtNr="29111" ObjektID="18045" ZuordnungsartID="5"/>
  <Zuordnungstabelle Zuordnungsnummer="8508" KundEigtNr="28973" ObjektID="18318" ZuordnungsartID="5"/>
  <Zuordnungstabelle Zuordnungsnummer="8509" KundEigtNr="28854" ObjektID="13906" ZuordnungsartID="5"/>
  <Zuordnungstabelle Zuordnungsnummer="8510" KundEigtNr="28854" ObjektID="13908" ZuordnungsartID="5"/>
  <Zuordnungstabelle Zuordnungsnummer="8511" KundEigtNr="29114" ObjektID="18384" ZuordnungsartID="5"/>
  <Zuordnungstabelle Zuordnungsnummer="8512" KundEigtNr="29053" ObjektID="18407" ZuordnungsartID="5"/>
  <Zuordnungstabelle Zuordnungsnummer="8513" KundEigtNr="29137" ObjektID="18422" ZuordnungsartID="5"/>
  <Zuordnungstabelle Zuordnungsnummer="8514" KundEigtNr="29035" ObjektID="18398" ZuordnungsartID="5"/>
  <Zuordnungstabelle Zuordnungsnummer="8515" KundEigtNr="29146" ObjektID="3983" ZuordnungsartID="5"/>
  <Zuordnungstabelle Zuordnungsnummer="8516" KundEigtNr="29065" ObjektID="18442" ZuordnungsartID="5"/>
  <Zuordnungstabelle Zuordnungsnummer="8517" KundEigtNr="3039" ObjektID="3263" ZuordnungsartID="5"/>
  <Zuordnungstabelle Zuordnungsnummer="8518" KundEigtNr="3039" ObjektID="17847" ZuordnungsartID="5"/>
  <Zuordnungstabelle Zuordnungsnummer="8519" KundEigtNr="29153" ObjektID="18413" ZuordnungsartID="5"/>
  <Zuordnungstabelle Zuordnungsnummer="8520" KundEigtNr="28938" ObjektID="18527" ZuordnungsartID="3"/>
  <Zuordnungstabelle Zuordnungsnummer="8521" KundEigtNr="28920" ObjektID="18268" ZuordnungsartID="5"/>
  <Zuordnungstabelle Zuordnungsnummer="8522" KundEigtNr="28676" ObjektID="5729" ZuordnungsartID="5"/>
  <Zuordnungstabelle Zuordnungsnummer="8523" KundEigtNr="28676" ObjektID="592" ZuordnungsartID="5"/>
  <Zuordnungstabelle Zuordnungsnummer="8524" KundEigtNr="28676" ObjektID="17661" ZuordnungsartID="5"/>
  <Zuordnungstabelle Zuordnungsnummer="8525" KundEigtNr="28676" ObjektID="4338" ZuordnungsartID="5"/>
  <Zuordnungstabelle Zuordnungsnummer="8526" KundEigtNr="28676" ObjektID="18550" ZuordnungsartID="5"/>
  <Zuordnungstabelle Zuordnungsnummer="8527" KundEigtNr="28299" ObjektID="18509" ZuordnungsartID="5"/>
  <Zuordnungstabelle Zuordnungsnummer="8528" KundEigtNr="29125" ObjektID="4849" ZuordnungsartID="5"/>
  <Zuordnungstabelle Zuordnungsnummer="8529" KundEigtNr="29103" ObjektID="18497" ZuordnungsartID="5"/>
  <Zuordnungstabelle Zuordnungsnummer="8530" KundEigtNr="1713" ObjektID="18037" ZuordnungsartID="5"/>
  <Zuordnungstabelle Zuordnungsnummer="8531" KundEigtNr="29183" ObjektID="18482" ZuordnungsartID="2"/>
  <Zuordnungstabelle Zuordnungsnummer="8532" KundEigtNr="29126" ObjektID="18517" ZuordnungsartID="5"/>
  <Zuordnungstabelle Zuordnungsnummer="8533" KundEigtNr="29135" ObjektID="18522" ZuordnungsartID="5"/>
  <Zuordnungstabelle Zuordnungsnummer="8534" KundEigtNr="27853" ObjektID="4364" ZuordnungsartID="5"/>
  <Zuordnungstabelle Zuordnungsnummer="8535" KundEigtNr="29157" ObjektID="18553" ZuordnungsartID="5"/>
  <Zuordnungstabelle Zuordnungsnummer="8536" KundEigtNr="28906" ObjektID="18336" ZuordnungsartID="5"/>
  <Zuordnungstabelle Zuordnungsnummer="8537" KundEigtNr="29116" ObjektID="470" ZuordnungsartID="5"/>
  <Zuordnungstabelle Zuordnungsnummer="8538" KundEigtNr="29190" ObjektID="18266" ZuordnungsartID="5"/>
  <Zuordnungstabelle Zuordnungsnummer="8539" KundEigtNr="29043" ObjektID="18410" ZuordnungsartID="5"/>
  <Zuordnungstabelle Zuordnungsnummer="8540" KundEigtNr="29192" ObjektID="18348" ZuordnungsartID="5"/>
  <Zuordnungstabelle Zuordnungsnummer="8541" KundEigtNr="3039" ObjektID="18541" ZuordnungsartID="5"/>
  <Zuordnungstabelle Zuordnungsnummer="8542" KundEigtNr="29156" ObjektID="18551" ZuordnungsartID="5"/>
  <Zuordnungstabelle Zuordnungsnummer="8543" KundEigtNr="29184" ObjektID="13918" ZuordnungsartID="5"/>
  <Zuordnungstabelle Zuordnungsnummer="8544" KundEigtNr="29117" ObjektID="18505" ZuordnungsartID="5"/>
  <Zuordnungstabelle Zuordnungsnummer="8545" KundEigtNr="29117" ObjektID="6143" ZuordnungsartID="5"/>
  <Zuordnungstabelle Zuordnungsnummer="8546" KundEigtNr="29187" ObjektID="18588" ZuordnungsartID="5"/>
  <Zuordnungstabelle Zuordnungsnummer="8547" KundEigtNr="7644" ObjektID="18591" ZuordnungsartID="5"/>
  <Zuordnungstabelle Zuordnungsnummer="8548" KundEigtNr="29167" ObjektID="18041" ZuordnungsartID="5"/>
  <Zuordnungstabelle Zuordnungsnummer="8549" KundEigtNr="29250" ObjektID="18629" ZuordnungsartID="5"/>
  <Zuordnungstabelle Zuordnungsnummer="8550" KundEigtNr="29189" ObjektID="18592" ZuordnungsartID="5"/>
  <Zuordnungstabelle Zuordnungsnummer="8551" KundEigtNr="29177" ObjektID="18578" ZuordnungsartID="5"/>
  <Zuordnungstabelle Zuordnungsnummer="8552" KundEigtNr="29217" ObjektID="4575" ZuordnungsartID="3"/>
  <Zuordnungstabelle Zuordnungsnummer="8553" KundEigtNr="29262" ObjektID="18496" ZuordnungsartID="5"/>
  <Zuordnungstabelle Zuordnungsnummer="8554" KundEigtNr="29155" ObjektID="3024" ZuordnungsartID="5"/>
  <Zuordnungstabelle Zuordnungsnummer="8555" KundEigtNr="29127" ObjektID="18674" ZuordnungsartID="5"/>
  <Zuordnungstabelle Zuordnungsnummer="8556" KundEigtNr="29225" ObjektID="18641" ZuordnungsartID="5"/>
  <Zuordnungstabelle Zuordnungsnummer="8557" KundEigtNr="29198" ObjektID="18611" ZuordnungsartID="5"/>
  <Zuordnungstabelle Zuordnungsnummer="8558" KundEigtNr="29274" ObjektID="2654" ZuordnungsartID="5"/>
  <Zuordnungstabelle Zuordnungsnummer="8559" KundEigtNr="29254" ObjektID="18661" ZuordnungsartID="5"/>
  <Zuordnungstabelle Zuordnungsnummer="8560" KundEigtNr="29226" ObjektID="4564" ZuordnungsartID="5"/>
  <Zuordnungstabelle Zuordnungsnummer="8561" KundEigtNr="29252" ObjektID="18658" ZuordnungsartID="5"/>
  <Zuordnungstabelle Zuordnungsnummer="8562" KundEigtNr="29119" ObjektID="18508" ZuordnungsartID="5"/>
  <Zuordnungstabelle Zuordnungsnummer="8563" KundEigtNr="29072" ObjektID="18598" ZuordnungsartID="5"/>
  <Zuordnungstabelle Zuordnungsnummer="8564" KundEigtNr="29045" ObjektID="18412" ZuordnungsartID="5"/>
  <Zuordnungstabelle Zuordnungsnummer="8565" KundEigtNr="29267" ObjektID="4064" ZuordnungsartID="9"/>
  <Zuordnungstabelle Zuordnungsnummer="8566" KundEigtNr="29193" ObjektID="18600" ZuordnungsartID="5"/>
  <Zuordnungstabelle Zuordnungsnummer="8567" KundEigtNr="29193" ObjektID="18711" ZuordnungsartID="5"/>
  <Zuordnungstabelle Zuordnungsnummer="8568" KundEigtNr="29298" ObjektID="8447" ZuordnungsartID="5"/>
  <Zuordnungstabelle Zuordnungsnummer="8569" KundEigtNr="29087" ObjektID="2750" ZuordnungsartID="5"/>
  <Zuordnungstabelle Zuordnungsnummer="8570" KundEigtNr="29301" ObjektID="18728" ZuordnungsartID="5"/>
  <Zuordnungstabelle Zuordnungsnummer="8571" KundEigtNr="29295" ObjektID="12847" ZuordnungsartID="5"/>
  <Zuordnungstabelle Zuordnungsnummer="8572" KundEigtNr="9171" ObjektID="18673" ZuordnungsartID="5"/>
  <Zuordnungstabelle Zuordnungsnummer="8573" KundEigtNr="28930" ObjektID="18279" ZuordnungsartID="2"/>
  <Zuordnungstabelle Zuordnungsnummer="8574" KundEigtNr="10815" ObjektID="13609" ZuordnungsartID="5"/>
  <Zuordnungstabelle Zuordnungsnummer="8575" KundEigtNr="10815" ObjektID="18390" ZuordnungsartID="5"/>
  <Zuordnungstabelle Zuordnungsnummer="8576" KundEigtNr="29286" ObjektID="18717" ZuordnungsartID="5"/>
  <Zuordnungstabelle Zuordnungsnummer="8577" KundEigtNr="29296" ObjektID="5959" ZuordnungsartID="5"/>
  <Zuordnungstabelle Zuordnungsnummer="8578" KundEigtNr="29321" ObjektID="18349" ZuordnungsartID="5"/>
  <Zuordnungstabelle Zuordnungsnummer="8579" KundEigtNr="20767" ObjektID="18349" ZuordnungsartID="11"/>
  <Zuordnungstabelle Zuordnungsnummer="8580" KundEigtNr="28564" ObjektID="3433" ZuordnungsartID="5"/>
  <Zuordnungstabelle Zuordnungsnummer="8581" KundEigtNr="29320" ObjektID="18613" ZuordnungsartID="5"/>
  <Zuordnungstabelle Zuordnungsnummer="8582" KundEigtNr="29185" ObjektID="18585" ZuordnungsartID="5"/>
  <Zuordnungstabelle Zuordnungsnummer="8583" KundEigtNr="29263" ObjektID="18679" ZuordnungsartID="5"/>
  <Zuordnungstabelle Zuordnungsnummer="8584" KundEigtNr="29272" ObjektID="18041" ZuordnungsartID="5"/>
  <Zuordnungstabelle Zuordnungsnummer="8585" KundEigtNr="29322" ObjektID="18607" ZuordnungsartID="5"/>
  <Zuordnungstabelle Zuordnungsnummer="8586" KundEigtNr="29242" ObjektID="18648" ZuordnungsartID="5"/>
  <Zuordnungstabelle Zuordnungsnummer="8587" KundEigtNr="29303" ObjektID="18764" ZuordnungsartID="5"/>
  <Zuordnungstabelle Zuordnungsnummer="8588" KundEigtNr="29302" ObjektID="18736" ZuordnungsartID="6"/>
  <Zuordnungstabelle Zuordnungsnummer="8589" KundEigtNr="29323" ObjektID="2264" ZuordnungsartID="6"/>
  <Zuordnungstabelle Zuordnungsnummer="8590" KundEigtNr="29324" ObjektID="928" ZuordnungsartID="5"/>
  <Zuordnungstabelle Zuordnungsnummer="8591" KundEigtNr="29325" ObjektID="17933" ZuordnungsartID="5"/>
  <Zuordnungstabelle Zuordnungsnummer="8592" KundEigtNr="29340" ObjektID="18722" ZuordnungsartID="5"/>
  <Zuordnungstabelle Zuordnungsnummer="8593" KundEigtNr="29195" ObjektID="18399" ZuordnungsartID="5"/>
  <Zuordnungstabelle Zuordnungsnummer="8594" KundEigtNr="3039" ObjektID="18657" ZuordnungsartID="5"/>
  <Zuordnungstabelle Zuordnungsnummer="8595" KundEigtNr="8474" ObjektID="18765" ZuordnungsartID="5"/>
  <Zuordnungstabelle Zuordnungsnummer="8596" KundEigtNr="28926" ObjektID="18824" ZuordnungsartID="5"/>
  <Zuordnungstabelle Zuordnungsnummer="8597" KundEigtNr="29179" ObjektID="2483" ZuordnungsartID="5"/>
  <Zuordnungstabelle Zuordnungsnummer="8598" KundEigtNr="29062" ObjektID="18621" ZuordnungsartID="5"/>
  <Zuordnungstabelle Zuordnungsnummer="8599" KundEigtNr="29062" ObjektID="18642" ZuordnungsartID="5"/>
  <Zuordnungstabelle Zuordnungsnummer="8600" KundEigtNr="4515" ObjektID="16153" ZuordnungsartID="5"/>
  <Zuordnungstabelle Zuordnungsnummer="8601" KundEigtNr="23655" ObjektID="15665" ZuordnungsartID="5"/>
  <Zuordnungstabelle Zuordnungsnummer="8602" KundEigtNr="769" ObjektID="18835" ZuordnungsartID="5"/>
  <Zuordnungstabelle Zuordnungsnummer="8603" KundEigtNr="29371" ObjektID="18716" ZuordnungsartID="5"/>
  <Zuordnungstabelle Zuordnungsnummer="8604" KundEigtNr="29344" ObjektID="18795" ZuordnungsartID="5"/>
  <Zuordnungstabelle Zuordnungsnummer="8605" KundEigtNr="29293" ObjektID="18727" ZuordnungsartID="5"/>
  <Zuordnungstabelle Zuordnungsnummer="8606" KundEigtNr="29373" ObjektID="1702" ZuordnungsartID="5"/>
  <Zuordnungstabelle Zuordnungsnummer="8607" KundEigtNr="29376" ObjektID="18888" ZuordnungsartID="5"/>
  <Zuordnungstabelle Zuordnungsnummer="8608" KundEigtNr="29390" ObjektID="2888" ZuordnungsartID="5"/>
  <Zuordnungstabelle Zuordnungsnummer="8609" KundEigtNr="29394" ObjektID="13641" ZuordnungsartID="5"/>
  <Zuordnungstabelle Zuordnungsnummer="8610" KundEigtNr="29398" ObjektID="3351" ZuordnungsartID="5"/>
  <Zuordnungstabelle Zuordnungsnummer="8611" KundEigtNr="29377" ObjektID="18889" ZuordnungsartID="5"/>
  <Zuordnungstabelle Zuordnungsnummer="8612" KundEigtNr="9132" ObjektID="18926" ZuordnungsartID="5"/>
  <Zuordnungstabelle Zuordnungsnummer="8613" KundEigtNr="29463" ObjektID="18983" ZuordnungsartID="1"/>
  <Zuordnungstabelle Zuordnungsnummer="8614" KundEigtNr="29343" ObjektID="18793" ZuordnungsartID="5"/>
  <Zuordnungstabelle Zuordnungsnummer="8615" KundEigtNr="6576" ObjektID="16934" ZuordnungsartID="5"/>
  <Zuordnungstabelle Zuordnungsnummer="8616" KundEigtNr="28976" ObjektID="18872" ZuordnungsartID="11"/>
  <Zuordnungstabelle Zuordnungsnummer="8617" KundEigtNr="29081" ObjektID="18816" ZuordnungsartID="1"/>
  <Zuordnungstabelle Zuordnungsnummer="8618" KundEigtNr="29081" ObjektID="19053" ZuordnungsartID="5"/>
  <Zuordnungstabelle Zuordnungsnummer="8619" KundEigtNr="29407" ObjektID="18937" ZuordnungsartID="5"/>
  <Zuordnungstabelle Zuordnungsnummer="8620" KundEigtNr="29408" ObjektID="1217" ZuordnungsartID="5"/>
  <Zuordnungstabelle Zuordnungsnummer="8621" KundEigtNr="29442" ObjektID="18968" ZuordnungsartID="5"/>
  <Zuordnungstabelle Zuordnungsnummer="8622" KundEigtNr="29510" ObjektID="19032" ZuordnungsartID="5"/>
  <Zuordnungstabelle Zuordnungsnummer="8623" KundEigtNr="29460" ObjektID="18981" ZuordnungsartID="5"/>
  <Zuordnungstabelle Zuordnungsnummer="8624" KundEigtNr="1219" ObjektID="18873" ZuordnungsartID="5"/>
  <Zuordnungstabelle Zuordnungsnummer="8625" KundEigtNr="29562" ObjektID="13982" ZuordnungsartID="5"/>
  <Zuordnungstabelle Zuordnungsnummer="8626" KundEigtNr="29524" ObjektID="19048" ZuordnungsartID="5"/>
  <Zuordnungstabelle Zuordnungsnummer="8627" KundEigtNr="29473" ObjektID="1581" ZuordnungsartID="5"/>
  <Zuordnungstabelle Zuordnungsnummer="8628" KundEigtNr="29449" ObjektID="18972" ZuordnungsartID="5"/>
  <Zuordnungstabelle Zuordnungsnummer="8629" KundEigtNr="29496" ObjektID="19026" ZuordnungsartID="5"/>
  <Zuordnungstabelle Zuordnungsnummer="8630" KundEigtNr="29409" ObjektID="18940" ZuordnungsartID="5"/>
  <Zuordnungstabelle Zuordnungsnummer="8631" KundEigtNr="29409" ObjektID="18940" ZuordnungsartID="5"/>
  <Zuordnungstabelle Zuordnungsnummer="8632" KundEigtNr="29589" ObjektID="19091" ZuordnungsartID="5"/>
  <Zuordnungstabelle Zuordnungsnummer="8633" KundEigtNr="29703" ObjektID="19159" ZuordnungsartID="5"/>
  <Zuordnungstabelle Zuordnungsnummer="8634" KundEigtNr="29715" ObjektID="18118" ZuordnungsartID="5"/>
  <Zuordnungstabelle Zuordnungsnummer="8635" KundEigtNr="15280" ObjektID="18545" ZuordnungsartID="6"/>
  <Zuordnungstabelle Zuordnungsnummer="8636" KundEigtNr="15280" ObjektID="18544" ZuordnungsartID="7"/>
  <Zuordnungstabelle Zuordnungsnummer="8637" KundEigtNr="15280" ObjektID="18544" ZuordnungsartID="6"/>
  <Zuordnungstabelle Zuordnungsnummer="8638" KundEigtNr="15280" ObjektID="18546" ZuordnungsartID="6"/>
  <Zuordnungstabelle Zuordnungsnummer="8639" KundEigtNr="15280" ObjektID="18547" ZuordnungsartID="6"/>
  <Zuordnungstabelle Zuordnungsnummer="8640" KundEigtNr="1688" ObjektID="18974" ZuordnungsartID="5"/>
  <Zuordnungstabelle Zuordnungsnummer="8641" KundEigtNr="13709" ObjektID="19106" ZuordnungsartID="5"/>
  <Zuordnungstabelle Zuordnungsnummer="8642" KundEigtNr="29353" ObjektID="13298" ZuordnungsartID="5"/>
  <Zuordnungstabelle Zuordnungsnummer="8643" KundEigtNr="30043" ObjektID="19450" ZuordnungsartID="5"/>
  <Zuordnungstabelle Zuordnungsnummer="8644" KundEigtNr="30043" ObjektID="19200" ZuordnungsartID="5"/>
  <Zuordnungstabelle Zuordnungsnummer="8645" KundEigtNr="30127" ObjektID="9150" ZuordnungsartID="5"/>
  <Zuordnungstabelle Zuordnungsnummer="8646" KundEigtNr="30133" ObjektID="19394" ZuordnungsartID="5"/>
  <Zuordnungstabelle Zuordnungsnummer="8647" KundEigtNr="28401" ObjektID="8533" ZuordnungsartID="5"/>
  <Zuordnungstabelle Zuordnungsnummer="8648" KundEigtNr="29665" ObjektID="19173" ZuordnungsartID="5"/>
  <Zuordnungstabelle Zuordnungsnummer="8649" KundEigtNr="22435" ObjektID="18481" ZuordnungsartID="5"/>
  <Zuordnungstabelle Zuordnungsnummer="8650" KundEigtNr="29873" ObjektID="19549" ZuordnungsartID="5"/>
</dataset>
