<?xml version='1.0' encoding='UTF-8'?>
<dataset>
  <Angebote AngNr="RH100" AngKurzBeschreibung="Wohn- und Geschäftshaus" AngLagebeschreibung="List" AngAufDatum="1996-02-28" AngStatus="2" Konditionen="kon" AnzANG="0"/>
  <Angebote AngNr="RH104" AngKurzBeschreibung="Bürohaus" AngLagebeschreibung="im Hindenburgviertel" AngAufDatum="1996-03-19" AngStatus="2" Konditionen="kon" AnzANG="1"/>
  <Angebote AngNr="RH96" AngKurzBeschreibung="Baugrundstück" AngLagebeschreibung="Augustenstraße/Leonhardtstraße" AngAufDatum="1996-02-23" AngStatus="2" Konditionen="kon" AnzANG="0"/>
  <Angebote AngNr="RH95" AngKurzBeschreibung="Baugrundstück" AngAufDatum="1996-02-23" AngStatus="2" Konditionen="kon" AnzANG="0"/>
  <Angebote AngNr="RH97" AngKurzBeschreibung="Baugrundstück" AngLagebeschreibung="Adolfstraße/Kommandanturstr." AngAufDatum="1996-02-23" AngStatus="2" Konditionen="kon" AnzANG="0"/>
  <Angebote AngNr="EI86" AngKurzBeschreibung="5-Zimmer-Eigentumswohnung" AngLagebeschreibung="in der List" AngAufDatum="1996-02-23" AngStatus="2" Konditionen="kon" AnzANG="0"/>
  <Angebote AngNr="EI84" AngKurzBeschreibung="Neubau von Eigentumswohnungen" AngAufDatum="1996-02-07" AngStatus="2" Konditionen="kon" AnzANG="0"/>
  <Angebote AngNr="RH99" AngKurzBeschreibung="Büroflächen" AngAufDatum="1996-02-27" AngStatus="2" Konditionen="kon" AnzANG="0"/>
  <Angebote AngNr="BP56" AngKurzBeschreibung="Bauplatz" AngLagebeschreibung="h" AngAufDatum="1998-02-21" AngStatus="2" Konditionen="kon" AnzANG="1"/>
  <Angebote AngNr="HS87" AngKurzBeschreibung="Villa" AngAufDatum="1996-02-28" AngStatus="2" Konditionen="kon" AnzANG="0"/>
  <Angebote AngNr="HS88" AngKurzBeschreibung="1-Familienhaus mit Einlieger-Whg." AngAufDatum="1996-02-29" AngStatus="2" Konditionen="kon" AnzANG="0"/>
  <Angebote AngNr="HS89" AngKurzBeschreibung="2-Familienhaus" AngLagebeschreibung="in Sarstedt" AngAufDatum="1996-03-07" AngStatus="2" Konditionen="kon" AnzANG="0"/>
  <Angebote AngNr="RG101" AngKurzBeschreibung="Baugrundstück" AngAufDatum="1998-02-21" AngStatus="2" Konditionen="kon" AnzANG="0"/>
  <Angebote AngNr="RH102" AngKurzBeschreibung="Büro- und Geschäftshaus" AngLagebeschreibung="Zoo" AngAufDatum="1996-03-12" AngStatus="2" Konditionen="kon" AnzANG="1"/>
  <Angebote AngNr="VB103" AngKurzBeschreibung="Bürofläche" AngAufDatum="1997-03-15" AngStatus="2" Konditionen="kon" AnzANG="0"/>
  <Angebote AngNr="EI90" AngKurzBeschreibung="3-Zimmer-Eigentumswohnung" AngLagebeschreibung="Zentrum" AngAufDatum="1996-03-18" AngStatus="2" Konditionen="kon" AnzANG="0"/>
  <Angebote AngNr="RH87" AngKurzBeschreibung="Mehrfamilienhaus" AngLagebeschreibung="Wohn- und Geschäftshaus mit 16 WE und 2 Gewerbeeinheiten" AngAufDatum="1996-01-17" AngStatus="2" Konditionen="kon" AnzANG="1"/>
  <Angebote AngNr="BP80" AngKurzBeschreibung="Bauplatz" AngAufDatum="1998-02-21" AngStatus="2" Konditionen="kon" AnzANG="0"/>
  <Angebote AngNr="HS78" AngKurzBeschreibung="DHH mit Garage" AngAufDatum="1995-10-25" AngStatus="2" Konditionen="kon" AnzANG="0"/>
  <Angebote AngNr="HS82" AngKurzBeschreibung="Reihenendhaus" AngLagebeschreibung="mit Garage" AngAufDatum="1996-01-16" AngStatus="2" Konditionen="kon" AnzANG="0"/>
  <Angebote AngNr="RH83" AngKurzBeschreibung="Büro- und Geschäftshaus" AngAufDatum="1996-01-17" AngStatus="2" Konditionen="kon" AnzANG="0"/>
  <Angebote AngNr="RH84" AngKurzBeschreibung="Mehrfamilienhaus" AngAufDatum="1996-01-17" AngStatus="2" Konditionen="kon" AnzANG="0"/>
  <Angebote AngNr="EI85" AngKurzBeschreibung="Maisonette-Wohnung mit Dachterrasse" AngLagebeschreibung="Hannover - Zoo" AngAufDatum="1996-02-23" AngStatus="2" Konditionen="kon" AnzANG="1"/>
  <Angebote AngNr="RH86" AngKurzBeschreibung="Mehrfamilienhaus" AngLagebeschreibung="(10 Familien)" AngAufDatum="1996-01-17" AngStatus="2" Konditionen="kon" AnzANG="1"/>
  <Angebote AngNr="BP79" AngKurzBeschreibung="2 Bauplätze" AngAufDatum="1998-02-21" AngStatus="2" Konditionen="kon" AnzANG="0"/>
  <Angebote AngNr="RH88" AngKurzBeschreibung="Mehrfamilienhaus" AngLagebeschreibung="(12 Familien)" AngAufDatum="1996-01-17" AngStatus="2" Konditionen="kon" AnzANG="1"/>
  <Angebote AngNr="RH89" AngKurzBeschreibung="Mehrfamilienhaus" AngLagebeschreibung="Wohn-und Geschäftshaus mit 2 Läden und 10 Geschäftseinheiten" AngAufDatum="1996-01-17" AngStatus="2" Konditionen="kon" AnzANG="1"/>
  <Angebote AngNr="RH90" AngKurzBeschreibung="Mehrfamilienhaus" AngLagebeschreibung="10-Familienhaus" AngAufDatum="1996-01-17" AngStatus="2" Konditionen="kon" AnzANG="2"/>
  <Angebote AngNr="RH91" AngKurzBeschreibung="Mehrfamilienhaus" AngLagebeschreibung="8-Familien und 3 Gewerbeeinheiten" AngAufDatum="1996-01-17" AngStatus="2" Konditionen="kon" AnzANG="1"/>
  <Angebote AngNr="RH92" AngKurzBeschreibung="Wohn- und Geschäftshaus" AngLagebeschreibung="in Vahrenwald" AngAufDatum="1996-01-29" AngStatus="2" Konditionen="kon" AnzANG="0"/>
  <Angebote AngNr="RH93" AngKurzBeschreibung="Mehrfamilienhaus" AngLagebeschreibung="in der List" AngAufDatum="1996-01-29" AngStatus="2" Konditionen="kon" AnzANG="0"/>
  <Angebote AngNr="RH94" AngKurzBeschreibung="Altenheim" AngLagebeschreibung="Hannover - Calenberger Neustadt" AngAufDatum="1996-01-31" AngStatus="2" Konditionen="kon" AnzANG="2"/>
  <Angebote AngNr="HS83" AngKurzBeschreibung="Stadthaus" AngLagebeschreibung="in der Südstadt" AngAufDatum="1996-02-01" AngStatus="2" Konditionen="kon" AnzANG="0"/>
  <Angebote AngNr="RH85" AngKurzBeschreibung="Mehrfamilienhaus" AngLagebeschreibung="(15 Familien)" AngAufDatum="1996-01-17" AngStatus="2" Konditionen="kon" AnzANG="1"/>
  <Angebote AngNr="BP92" AngKurzBeschreibung="Bauplatz" AngLagebeschreibung="in der Wedemark" AngAufDatum="1998-02-21" AngStatus="2" Konditionen="kon" AnzANG="1"/>
  <Angebote AngNr="HS93" AngKurzBeschreibung="freistehendes 1-2 Familienhaus" AngLagebeschreibung="sfsfs" AngAufDatum="1996-03-28" AngStatus="2" Konditionen="kon" AnzANG="1"/>
  <Angebote AngNr="RH101" AngKurzBeschreibung="Büro und Wohnhaus" AngLagebeschreibung="Zoo Viertel" AngAufDatum="1996-04-01" AngStatus="2" Konditionen="kon" AnzANG="0"/>
  <Angebote AngNr="HS91" AngKurzBeschreibung="Reihenmittelhaus" AngLagebeschreibung="in Celle" AngAufDatum="1996-03-19" AngStatus="2" Konditionen="kon" AnzANG="0"/>
  <Angebote AngNr="HS95" AngKurzBeschreibung="Einfamilienhaus mit Garage" AngLagebeschreibung="Hannover - Heideviertel" AngAufDatum="1996-06-03" AngStatus="2" Konditionen="kon" AnzANG="0"/>
  <Angebote AngNr="RH105" AngKurzBeschreibung="Wohn-und Geschäftshaus" AngAufDatum="1996-06-04" AngStatus="2" Konditionen="kon" AnzANG="0"/>
  <Angebote AngNr="EI99" AngKurzBeschreibung="3- Zimmer-Eigentumswohnung mit Balkon" AngAufDatum="1996-06-04" AngStatus="2" Konditionen="kon" AnzANG="0"/>
  <Angebote AngNr="EI100" AngKurzBeschreibung="2-Zimmer-Eigentumswohnung mit Balkon" AngAufDatum="1996-06-04" AngStatus="2" Konditionen="kon" AnzANG="0"/>
  <Angebote AngNr="EI101" AngKurzBeschreibung="4-Zimmer-Eigentumswohnung mit Balkon" AngAufDatum="1996-06-04" AngStatus="2" Konditionen="kon" AnzANG="0"/>
  <Angebote AngNr="RH106" AngKurzBeschreibung="10-Familienhaus mit Gewerbeanteil" AngAufDatum="1996-06-13" AngStatus="2" Konditionen="kon" AnzANG="0"/>
  <Angebote AngNr="RH107" AngKurzBeschreibung="2 Mehrfamilienhäuser" AngAufDatum="1996-06-13" AngStatus="2" Konditionen="kon" AnzANG="0"/>
  <Angebote AngNr="RH108" AngKurzBeschreibung="Wohn-und Geschäftshaus" AngLagebeschreibung="Hannover - List" AngAufDatum="1996-06-13" AngStatus="2" Konditionen="kon" AnzANG="1"/>
  <Angebote AngNr="RH109" AngKurzBeschreibung="8 Familienhaus mit Gewerbe" AngLagebeschreibung="Hannover-List" AngAufDatum="1996-06-13" AngStatus="2" Konditionen="kon" AnzANG="1"/>
  <Angebote AngNr="HS104" AngKurzBeschreibung="Verkleidetes Einfamilienhaus mit Doppelgarage" AngAufDatum="1996-06-13" AngStatus="2" Konditionen="kon" AnzANG="0"/>
  <Angebote AngNr="HS106" AngKurzBeschreibung="Idyllisch gelegener Walmdachbungalow" AngAufDatum="1996-06-13" AngStatus="2" Konditionen="kon" AnzANG="0"/>
  <Angebote AngNr="HS107" AngKurzBeschreibung="1-2-Familienhaus mit angrenzendem Bauplatz" AngLagebeschreibung="Isernhagen HB" AngAufDatum="1996-06-17" AngStatus="2" Konditionen="kon" AnzANG="0"/>
  <Angebote AngNr="EI108" AngKurzBeschreibung="6-Zimmer-Eigentumswohnung" AngLagebeschreibung="Hannover List" AngAufDatum="1996-06-17" AngStatus="2" Konditionen="kon" AnzANG="0"/>
  <Angebote AngNr="EI109" AngKurzBeschreibung="4-Zimmer-Eigentumswohnung" AngLagebeschreibung="Hannover City" AngAufDatum="1996-06-17" AngStatus="2" Konditionen="kon" AnzANG="0"/>
  <Angebote AngNr="EI105" AngKurzBeschreibung="5- Zimmer-Eigentumswohnung mit Kamin und Kachelofen" AngAufDatum="1996-06-19" AngStatus="2" Konditionen="kon" AnzANG="0"/>
  <Angebote AngNr="HS110" AngKurzBeschreibung="Einfamilienhaus mit 2 Garagen" AngLagebeschreibung="Lehrte / OT.Ahlten" AngAufDatum="1996-06-19" AngStatus="2" Konditionen="kon" AnzANG="0"/>
  <Angebote AngNr="RH27" AngKurzBeschreibung="Wohnanlage" AngLagebeschreibung="südwestlicher Stadtteil von Hannover" AngAufDatum="1996-06-19" AngStatus="2" Konditionen="kon" AnzANG="1"/>
  <Angebote AngNr="RH2" AngKurzBeschreibung="Mehrfamilienhaus" AngLagebeschreibung="In Ricklingen" AngAufDatum="1996-06-21" AngStatus="2" Konditionen="kon" AnzANG="0"/>
  <Angebote AngNr="EI103" AngKurzBeschreibung="3 1/2 Zimmer-Eigentumswohnung" AngLagebeschreibung="2 2/2 Fimmer-Eigentumswohnung" AngAufDatum="1996-06-21" AngStatus="2" Konditionen="kon" AnzANG="0"/>
  <Angebote AngNr="EI102" AngKurzBeschreibung="1 1/2 Zimmer-Eigentumswohnung" AngAufDatum="1996-06-21" AngStatus="2" Konditionen="kon" AnzANG="0"/>
  <Angebote AngNr="EI63" AngKurzBeschreibung="Luxus-ETW mit Balkon und Terrasse" AngAufDatum="1996-06-21" AngStatus="2" Konditionen="kon" AnzANG="0"/>
  <Angebote AngNr="EI47" AngKurzBeschreibung="Exklusive Eigentumswohnung" AngAufDatum="1996-06-21" AngStatus="2" Konditionen="kon" AnzANG="0"/>
  <Angebote AngNr="HS1" AngKurzBeschreibung="Fachwerkhaus" AngLagebeschreibung="Uetze" AngAufDatum="1996-06-21" AngStatus="2" Konditionen="kon" AnzANG="1"/>
  <Angebote AngNr="HS3" AngKurzBeschreibung="2 Familienhaus" AngAufDatum="1996-06-21" AngStatus="2" Konditionen="kon" AnzANG="0"/>
  <Angebote AngNr="HS17" AngKurzBeschreibung="Stilvolles Wohnhaus mit Büroetage" AngLagebeschreibung="Hannover-Bult" AngAufDatum="1996-06-21" AngStatus="2" Konditionen="kon" AnzANG="1"/>
  <Angebote AngNr="HS22" AngKurzBeschreibung="Luxus-Einfamilienhaus mit Hallenschwimmbad" AngLagebeschreibung="Hannover-Bothfeld" AngAufDatum="1996-06-21" AngStatus="2" Konditionen="kon" AnzANG="0"/>
  <Angebote AngNr="HS23" AngKurzBeschreibung="Wohnhaus" AngLagebeschreibung="Hannover-Bothfeld" AngAufDatum="1996-06-21" AngStatus="2" Konditionen="kon" AnzANG="0"/>
  <Angebote AngNr="HS32" AngKurzBeschreibung="Einfamilien-Doppelhaushälfte mit Doppelgarage" AngLagebeschreibung="Hannover - Bothfeld" AngAufDatum="1996-06-21" AngStatus="2" Konditionen="kon" AnzANG="1"/>
  <Angebote AngNr="HS37" AngKurzBeschreibung="Einfamilienhaus auf traumhaft schönem Grundstück" AngLagebeschreibung="mit Hallenschwimmbad" AngAufDatum="1996-06-21" AngStatus="2" Konditionen="kon" AnzANG="0"/>
  <Angebote AngNr="HS38" AngKurzBeschreibung="Einfamilienhaus mit Garage" AngLagebeschreibung="Lehrte-Hämelerwald" AngAufDatum="1996-06-21" AngStatus="2" Konditionen="kon" AnzANG="0"/>
  <Angebote AngNr="HS39" AngKurzBeschreibung="2-Familienhaus mit Doppelgarage" AngLagebeschreibung="Wennigsen" AngAufDatum="1996-06-21" AngStatus="2" Konditionen="kon" AnzANG="0"/>
  <Angebote AngNr="EI111" AngKurzBeschreibung="5-Zimmer-Eigentumswohnung mit 2 Bädern und Balkon" AngLagebeschreibung="Hannover Bothfeld" AngAufDatum="1996-06-22" AngStatus="2" Konditionen="kon" AnzANG="1"/>
  <Angebote AngNr="HS112" AngKurzBeschreibung="Zweifamilienhaus mit Carport" AngLagebeschreibung="Lehrte, OT Ahlten" AngAufDatum="1996-06-22" AngStatus="2" Konditionen="kon" AnzANG="1"/>
  <Angebote AngNr="HS44" AngKurzBeschreibung="Stilvolles Einfamilienhaus mit Garage" AngLagebeschreibung="Hanover-Bucholz" AngAufDatum="1996-06-24" AngStatus="2" Konditionen="kon" AnzANG="0"/>
  <Angebote AngNr="HS51" AngKurzBeschreibung="Winkelwalmdachbungalow mit Doppelgarage" AngLagebeschreibung="Lehrte Immensen" AngAufDatum="1996-06-24" AngStatus="2" Konditionen="kon" AnzANG="0"/>
  <Angebote AngNr="HS60" AngKurzBeschreibung="Einfamilienhaus mit Einliegerwohnung" AngLagebeschreibung="Hannover- Bemerode" AngAufDatum="1996-06-24" AngStatus="2" Konditionen="kon" AnzANG="0"/>
  <Angebote AngNr="HS66" AngKurzBeschreibung="Anwesen mit EFH, 5 Pferdeboxen" AngLagebeschreibung="Bissendorf-Wietze" AngAufDatum="1996-06-24" AngStatus="2" Konditionen="kon" AnzANG="0"/>
  <Angebote AngNr="HS72" AngKurzBeschreibung="2 Familienhaus mit Doppelgarage und Swimmingpool" AngLagebeschreibung="Hannover-West, Harenberg" AngAufDatum="1996-06-24" AngStatus="2" Konditionen="kon" AnzANG="0"/>
  <Angebote AngNr="HS94" AngKurzBeschreibung="Wohn-und Geschäftshaus" AngLagebeschreibung="Hannover-Kleefeld" AngAufDatum="1996-06-24" AngStatus="2" Konditionen="kon" AnzANG="0"/>
  <Angebote AngNr="HS96" AngKurzBeschreibung="Reihenmittelhaus mit Garage" AngLagebeschreibung="Hannover - Buchholz" AngAufDatum="1996-06-24" AngStatus="2" Konditionen="kon" AnzANG="0"/>
  <Angebote AngNr="HS97" AngKurzBeschreibung="Großzügiges anspruchvolles Einfamilienmhaus" AngLagebeschreibung="Hannover-Buchholz" AngAufDatum="1996-06-24" AngStatus="2" Konditionen="kon" AnzANG="0"/>
  <Angebote AngNr="EI113" AngKurzBeschreibung="5-Zimmer-Eigentumswohnung" AngLagebeschreibung="Ruhige Seitenstraße direkt am Lister Platz" AngAufDatum="1996-06-24" AngStatus="2" Konditionen="kon" AnzANG="0"/>
  <Angebote AngNr="EI114" AngKurzBeschreibung="Luxus-Eigentumswohnungen" AngLagebeschreibung="In aller bester Lage am Aegi" AngAufDatum="1996-06-26" AngStatus="2" Konditionen="kon" AnzANG="0"/>
  <Angebote AngNr="EI115" AngKurzBeschreibung="3 1/2 - Zimmer Eigentumswohnung" AngLagebeschreibung="Hannover-List" AngAufDatum="1996-06-26" AngStatus="2" Konditionen="kon" AnzANG="0"/>
  <Angebote AngNr="HS116" AngKurzBeschreibung="Einfamilienhaus mit sep. Einliegerwohnung" AngLagebeschreibung="zwischen Bothfeld und Vahrenheide" AngAufDatum="1996-06-26" AngStatus="2" Konditionen="kon" AnzANG="0"/>
  <Angebote AngNr="RH110" AngKurzBeschreibung="Mehrfamilienhaus" AngLagebeschreibung="Calenberger Neustadt" AngAufDatum="1996-06-26" AngStatus="2" Konditionen="kon" AnzANG="0"/>
  <Angebote AngNr="HS117" AngKurzBeschreibung="Außergewöhnliches Einfamilienhaus mit Einliegerwohnung" AngLagebeschreibung="Isernhagen / OT Altwarmbüchen" AngAufDatum="1996-06-26" AngStatus="2" Konditionen="kon" AnzANG="0"/>
  <Angebote AngNr="RH111" AngKurzBeschreibung="Wohn- und Geschäftshaus" AngAufDatum="1996-06-27" AngStatus="2" Konditionen="kon" AnzANG="0"/>
  <Angebote AngNr="RH112" AngKurzBeschreibung="2 Büro- und Werkstattgebäude" AngLagebeschreibung="Gewerbegebiet Alter Flughafen" AngAufDatum="1996-06-27" AngStatus="2" Konditionen="kon" AnzANG="1"/>
  <Angebote AngNr="RH113" AngKurzBeschreibung="Wohn- und Geschäftshaus" AngLagebeschreibung="Hannover - Calenberger Neustadt" AngAufDatum="1996-06-27" AngStatus="2" Konditionen="kon" AnzANG="1"/>
  <Angebote AngNr="VGO10" AngKurzBeschreibung="Gewerbeanwesen" AngLagebeschreibung="Ronnenberg / Empelde" AngAufDatum="1998-02-21" AngStatus="2" Konditionen="kon" AnzANG="0"/>
  <Angebote AngNr="EI119" AngKurzBeschreibung="5 Zimmer ETW mit großem Balkon" AngLagebeschreibung="Hannover List" AngAufDatum="1996-06-28" AngStatus="2" Konditionen="kon" AnzANG="0"/>
  <Angebote AngNr="RH114" AngKurzBeschreibung="12-Familienhaus" AngLagebeschreibung="Hannover - Limmer" AngAufDatum="1996-07-01" AngStatus="2" Konditionen="kon" AnzANG="0"/>
  <Angebote AngNr="RH115" AngKurzBeschreibung="14-Familienhaus" AngLagebeschreibung="Hannover - Linden/Süd" AngAufDatum="1996-07-01" AngStatus="2" Konditionen="kon" AnzANG="0"/>
  <Angebote AngNr="RH116" AngKurzBeschreibung="Mehrfamilienhaus" AngLagebeschreibung="Hannover - Nordstadt" AngAufDatum="1996-07-01" AngStatus="2" Konditionen="kon" AnzANG="0"/>
  <Angebote AngNr="RH117" AngKurzBeschreibung="Wohn-/Geschäftshaus Kirchhorst" AngAufDatum="1996-07-03" AngStatus="2" Konditionen="kon" AnzANG="0"/>
  <Angebote AngNr="RH118" AngKurzBeschreibung="Wohn-/Geschäftshaus Hannover - List" AngAufDatum="1996-07-03" AngStatus="2" Konditionen="kon" AnzANG="0"/>
  <Angebote AngNr="RH119" AngKurzBeschreibung="Wohn-/Geschäftshaus Hannover -List" AngAufDatum="1996-07-03" AngStatus="2" Konditionen="kon" AnzANG="0"/>
  <Angebote AngNr="RH120" AngKurzBeschreibung="Mehrfamilienhaus" AngLagebeschreibung="Hannover - Mittelfeld" AngAufDatum="1996-07-04" AngStatus="2" Konditionen="kon" AnzANG="1"/>
  <Angebote AngNr="HS120" AngKurzBeschreibung="Bauplatz" AngLagebeschreibung="Lehrte - Hämelerwald" AngAufDatum="1996-07-04" AngStatus="2" Konditionen="kon" AnzANG="1"/>
  <Angebote AngNr="HS121" AngKurzBeschreibung="Weideland mit Fischteich" AngLagebeschreibung="Ortsrand Eltze/ bei Uetze" AngAufDatum="1996-07-04" AngStatus="2" Konditionen="kon" AnzANG="0"/>
  <Angebote AngNr="HS126" AngKurzBeschreibung="Herrschaftliches Anwesen" AngLagebeschreibung="Absolut ruhiges Anwesen in der Wedemark mit Pferdekoppel" AngAufDatum="1996-07-05" AngStatus="2" Konditionen="kon" AnzANG="0"/>
  <Angebote AngNr="HS125" AngKurzBeschreibung="Wunderschönes Einfamilienhaus Nähe Maschsee" AngLagebeschreibung="absolut ruhige Lage in begrünter Umgebung" AngAufDatum="1996-07-05" AngStatus="2" Konditionen="kon" AnzANG="0"/>
  <Angebote AngNr="HS124" AngKurzBeschreibung="Reihenhaus mit Garage" AngLagebeschreibung="Hannover - zwischen Vahrenheide und Bothfeld" AngAufDatum="1996-07-05" AngStatus="2" Konditionen="kon" AnzANG="0"/>
  <Angebote AngNr="HS123" AngKurzBeschreibung="Walmdachbungalow mit Garage" AngLagebeschreibung="Springe - OT Völksen" AngAufDatum="1996-07-05" AngStatus="2" Konditionen="kon" AnzANG="0"/>
  <Angebote AngNr="HS122" AngKurzBeschreibung="Residenz mit 2 Häusern, 4 Garagen, 2 Carports, mehreren" AngLagebeschreibung="PKW Stellplätzen, Hallenschwimmbad usw." AngAufDatum="1996-07-05" AngStatus="2" Konditionen="kon" AnzANG="0"/>
  <Angebote AngNr="RH121" AngKurzBeschreibung="2 Mehfamilienhäuser" AngLagebeschreibung="in Hannover-Vinnhorst" AngAufDatum="1996-07-09" AngStatus="2" Konditionen="kon" AnzANG="0"/>
  <Angebote AngNr="EI127" AngKurzBeschreibung="4-Zimmer-Eigentumswohnung mit Dachterrasse" AngLagebeschreibung="Ruhige Lage Hannover-List" AngAufDatum="1996-07-11" AngStatus="2" Konditionen="kon" AnzANG="0"/>
  <Angebote AngNr="RH122" AngKurzBeschreibung="Mehrfamilienhaus" AngLagebeschreibung="Calenberger Neustadt" AngAufDatum="1996-07-11" AngStatus="2" Konditionen="kon" AnzANG="1"/>
  <Angebote AngNr="HS128" AngKurzBeschreibung="Einfamilienhaus" AngLagebeschreibung="in Arnum" AngAufDatum="1996-07-12" AngStatus="2" Konditionen="kon" AnzANG="0"/>
  <Angebote AngNr="HS130" AngKurzBeschreibung="Luxus-Einfamilienhaus mit Garage" AngAufDatum="1996-07-17" AngStatus="2" Konditionen="kon" AnzANG="0"/>
  <Angebote AngNr="HS131" AngKurzBeschreibung="Stilvolle Villa mit Garage" AngAufDatum="1996-07-17" AngStatus="2" Konditionen="kon" AnzANG="0"/>
  <Angebote AngNr="EI129" AngKurzBeschreibung="2-3 Zimmer-Eigentumswohnung" AngLagebeschreibung="Hannover - List" AngAufDatum="1996-07-22" AngStatus="2" Konditionen="kon" AnzANG="0"/>
  <Angebote AngNr="HS132" AngKurzBeschreibung="Großzügiger Landsitz" AngLagebeschreibung="Barsinghausen" AngAufDatum="1996-07-23" AngStatus="2" Konditionen="kon" AnzANG="1"/>
  <Angebote AngNr="BP133" AngKurzBeschreibung="Bauplatz" AngLagebeschreibung="Burgdorf" AngAufDatum="1998-02-21" AngStatus="2" Konditionen="kon" AnzANG="0"/>
  <Angebote AngNr="RH123" AngKurzBeschreibung="Wohn- und Bürohaus" AngLagebeschreibung="Hannover - Buchholz" AngAufDatum="1996-07-25" AngStatus="2" Konditionen="kon" AnzANG="0"/>
  <Angebote AngNr="RH124" AngKurzBeschreibung="Mehrfamilienhaus mit 153 WE" AngLagebeschreibung="45768 Marl" AngAufDatum="1996-07-25" AngStatus="2" Konditionen="kon" AnzANG="0"/>
  <Angebote AngNr="BP134" AngKurzBeschreibung="Bauplatz" AngLagebeschreibung="Hannover-Buchholz" AngAufDatum="1998-02-21" AngStatus="2" Konditionen="kon" AnzANG="1"/>
  <Angebote AngNr="HS135" AngKurzBeschreibung="Sehr schönes Einfamilienhaus" AngLagebeschreibung="Hannover - Sahlkamp" AngAufDatum="1996-07-30" AngStatus="2" Konditionen="kon" AnzANG="1"/>
  <Angebote AngNr="HS139" AngKurzBeschreibung="Stadtvilla" AngLagebeschreibung="Hanover-Südstadt, direkt an der Eilenriede" AngAufDatum="1996-08-01" AngStatus="2" Konditionen="kon" AnzANG="0"/>
  <Angebote AngNr="RH125" AngKurzBeschreibung="Mehrfamilienhaus mit Büro" AngLagebeschreibung="Hannover - List" AngAufDatum="1996-08-01" AngStatus="2" Konditionen="kon" AnzANG="0"/>
  <Angebote AngNr="HS138" AngKurzBeschreibung="Gewerblich nutzbares Ein-bis Zweifamilienhaus mir Garage" AngLagebeschreibung="Langenhagen" AngAufDatum="1996-08-02" AngStatus="2" Konditionen="kon" AnzANG="0"/>
  <Angebote AngNr="HS137" AngKurzBeschreibung="Repräsentative Villa aus der Gründerzeit" AngLagebeschreibung="Hannover - beste Lage -Eilenriede" AngAufDatum="1996-08-02" AngStatus="2" Konditionen="kon" AnzANG="0"/>
  <Angebote AngNr="HS136" AngKurzBeschreibung="Top. renovierte Jugendstilvilla" AngLagebeschreibung="Hannover - Waldhausen" AngAufDatum="1996-08-02" AngStatus="2" Konditionen="kon" AnzANG="0"/>
  <Angebote AngNr="HS140" AngKurzBeschreibung="Winkelbungalow mit Carport" AngLagebeschreibung="ca. 20 km nordöstlich von Hannover - Hänigsen" AngAufDatum="1996-08-07" AngStatus="2" Konditionen="kon" AnzANG="0"/>
  <Angebote AngNr="HS141" AngKurzBeschreibung="Stilvolles Einfamilienhaus der fünfziger Jahre" AngLagebeschreibung="Hannover - Waldhausen" AngAufDatum="1996-08-07" AngStatus="2" Konditionen="kon" AnzANG="0"/>
  <Angebote AngNr="BP142" AngKurzBeschreibung="Bauplatz für ein Doppelhaus" AngLagebeschreibung="Empelde - Ronnenberg" AngAufDatum="1998-02-21" AngStatus="2" Konditionen="kon" AnzANG="1"/>
  <Angebote AngNr="EI143" AngKurzBeschreibung="2-Zimmer-Eigentumswohnung mit Wintergarten" AngLagebeschreibung="Hannover-Ricklingen" AngAufDatum="1996-08-12" AngStatus="2" Konditionen="kon" AnzANG="0"/>
  <Angebote AngNr="EI144" AngKurzBeschreibung="5-Zimmer-Eigentumswohnung mit Balkon" AngLagebeschreibung="Ruhige Seitenstr. Nähe Lister Meile" AngAufDatum="1996-08-12" AngStatus="2" Konditionen="kon" AnzANG="0"/>
  <Angebote AngNr="HS145" AngKurzBeschreibung="Repräsentative Stadtvilla mit Dachterrasse" AngLagebeschreibung="Hannover - Hindenburgviertel" AngAufDatum="1996-08-14" AngStatus="2" Konditionen="kon" AnzANG="0"/>
  <Angebote AngNr="HS146" AngKurzBeschreibung="Großz. Stadthaus mit Dachterrasse" AngLagebeschreibung="Hannover - Hindenburgviertel" AngAufDatum="1996-08-14" AngStatus="2" Konditionen="kon" AnzANG="0"/>
  <Angebote AngNr="RH126" AngKurzBeschreibung="Wohn- und Geschäftshaus" AngLagebeschreibung="Hannover - List" AngAufDatum="1996-08-14" AngStatus="2" Konditionen="kon" AnzANG="1"/>
  <Angebote AngNr="RH127" AngKurzBeschreibung="Wohn- und Bürohaus" AngLagebeschreibung="Hannover-Zooviertel" AngAufDatum="1996-08-15" AngStatus="2" Konditionen="kon" AnzANG="0"/>
  <Angebote AngNr="EI147" AngKurzBeschreibung="5-Zimmer-Komfort-Eigentumswohnung mit Garage" AngLagebeschreibung="Hannover - List" AngAufDatum="1996-08-15" AngStatus="2" Konditionen="kon" AnzANG="0"/>
  <Angebote AngNr="RH128" AngKurzBeschreibung="Wohn- und Geschäftshaus" AngLagebeschreibung="Hannover - Vinnhorst" AngAufDatum="1996-08-16" AngStatus="2" Konditionen="kon" AnzANG="0"/>
  <Angebote AngNr="RH129" AngKurzBeschreibung="Wohn- und Geschäftshaus" AngLagebeschreibung="Hannover - Ahlem" AngAufDatum="1996-08-16" AngStatus="2" Konditionen="kon" AnzANG="0"/>
  <Angebote AngNr="RH130" AngKurzBeschreibung="Mehrfamilienhaus" AngLagebeschreibung="Hannover Ricklingen" AngAufDatum="1996-08-20" AngStatus="2" Konditionen="kon" AnzANG="0"/>
  <Angebote AngNr="RH131" AngKurzBeschreibung="Wohnhaus mit Büro und Ladenteil" AngLagebeschreibung="Hannover - Hainholz" AngAufDatum="1996-08-20" AngStatus="2" Konditionen="kon" AnzANG="1"/>
  <Angebote AngNr="RH132" AngKurzBeschreibung="5-Familienhaus mit Bauplatz" AngLagebeschreibung="Langenhagen - OT Engelbostel" AngAufDatum="1996-08-29" AngStatus="2" Konditionen="kon" AnzANG="1"/>
  <Angebote AngNr="HS148" AngKurzBeschreibung="Reihenhaus mit Stellplatz" AngLagebeschreibung="Hannover - Buchholz" AngAufDatum="1996-08-30" AngStatus="2" Konditionen="kon" AnzANG="0"/>
  <Angebote AngNr="RH134" AngKurzBeschreibung="8-Familienhaus" AngLagebeschreibung="in List" AngAufDatum="1996-09-04" AngStatus="2" Konditionen="kon" AnzANG="0"/>
  <Angebote AngNr="RH133" AngKurzBeschreibung="20-Familienhaus" AngLagebeschreibung="in Lehrte" AngAufDatum="1996-09-05" AngStatus="2" Konditionen="kon" AnzANG="1"/>
  <Angebote AngNr="VH011" AngKurzBeschreibung="Speditionshalle" AngLagebeschreibung="Langenhagen, OT Godshorn" AngAufDatum="1996-09-05" AngStatus="2" Konditionen="kon" AnzANG="2"/>
  <Angebote AngNr="HS149" AngKurzBeschreibung="EFH mit 2 Garagen" AngAufDatum="1996-09-17" AngStatus="2" Konditionen="kon" AnzANG="0"/>
  <Angebote AngNr="RH135" AngKurzBeschreibung="Wohn- und Geschäftshaus" AngAufDatum="1996-09-18" AngStatus="2" Konditionen="kon" AnzANG="0"/>
  <Angebote AngNr="RG137" AngKurzBeschreibung="Grundstück" AngAufDatum="1998-02-21" AngStatus="2" Konditionen="kon" AnzANG="0"/>
  <Angebote AngNr="RH136" AngKurzBeschreibung="Wohn- und Geschäftshaus" AngLagebeschreibung="Hannover - Linden/Süd" AngAufDatum="1996-09-20" AngStatus="2" Konditionen="kon" AnzANG="1"/>
  <Angebote AngNr="HS152" AngKurzBeschreibung="4-Zimmer-Eigentumswohnung mit Garagenstellplatz" AngAufDatum="1996-09-25" AngStatus="2" Konditionen="kon" AnzANG="0"/>
  <Angebote AngNr="EI152" AngKurzBeschreibung="4-Zimmer-Eigentumswohnung mit Garagenstellplatz" AngLagebeschreibung="Hannover - Buchholz" AngAufDatum="1996-09-25" AngStatus="2" Konditionen="kon" AnzANG="1"/>
  <Angebote AngNr="EI157" AngKurzBeschreibung="2-Zimmer-Eigentumswohnung" AngAufDatum="1996-10-01" AngStatus="2" Konditionen="kon" AnzANG="0"/>
  <Angebote AngNr="EI156" AngKurzBeschreibung="2-Zimmer-Eigentumswohnung" AngAufDatum="1996-10-01" AngStatus="2" Konditionen="kon" AnzANG="0"/>
  <Angebote AngNr="HS155" AngKurzBeschreibung="Einfamilienhaus in absolut ruhiger Lage" AngAufDatum="1996-10-01" AngStatus="2" Konditionen="kon" AnzANG="0"/>
  <Angebote AngNr="HS153" AngKurzBeschreibung="Einfamilienhaus mit Garage" AngAufDatum="1996-10-01" AngStatus="2" Konditionen="kon" AnzANG="0"/>
  <Angebote AngNr="HS154" AngKurzBeschreibung="Freistehendes Einfamilienhaus" AngAufDatum="1996-10-01" AngStatus="2" Konditionen="kon" AnzANG="0"/>
  <Angebote AngNr="EI158" AngKurzBeschreibung="2-Zimmer-Eigentumswohnung" AngAufDatum="1996-10-02" AngStatus="2" Konditionen="kon" AnzANG="0"/>
  <Angebote AngNr="EI159" AngKurzBeschreibung="2-Zimmer-Eigentumswohnung" AngAufDatum="1996-10-02" AngStatus="2" Konditionen="kon" AnzANG="0"/>
  <Angebote AngNr="EI160" AngKurzBeschreibung="2-Zimmer-Eigentumswohnung" AngAufDatum="1996-10-02" AngStatus="2" Konditionen="kon" AnzANG="0"/>
  <Angebote AngNr="EI161" AngKurzBeschreibung="2-Zimmer-Eigentumswohnung" AngAufDatum="1996-10-02" AngStatus="2" Konditionen="kon" AnzANG="0"/>
  <Angebote AngNr="EI162" AngKurzBeschreibung="ausbaufähiges Dachgeschoß" AngAufDatum="1996-10-02" AngStatus="2" Konditionen="kon" AnzANG="0"/>
  <Angebote AngNr="RH138" AngKurzBeschreibung="Mehrfamilienhaus" AngLagebeschreibung="Hannover - Nordstadt" AngAufDatum="1996-10-05" AngStatus="2" Konditionen="kon" AnzANG="2"/>
  <Angebote AngNr="EI163" AngKurzBeschreibung="ETW" AngLagebeschreibung="Maisonette Wohnung" AngAufDatum="1996-10-07" AngStatus="2" Konditionen="kon" AnzANG="0"/>
  <Angebote AngNr="HS164" AngKurzBeschreibung="Einfamilienhaus mit Garage" AngLagebeschreibung="Lehrte - OT Hämelerwald" AngAufDatum="1996-10-08" AngStatus="2" Konditionen="kon" AnzANG="1"/>
  <Angebote AngNr="VB12" AngKurzBeschreibung="Bürogebäude" AngLagebeschreibung="Hannover - Südstadt" AngAufDatum="1997-03-21" AngStatus="2" Konditionen="kon" AnzANG="0"/>
  <Angebote AngNr="VB13" AngKurzBeschreibung="Büroräume" AngLagebeschreibung="Hannover - Zentrum" AngAufDatum="1998-02-21" AngStatus="2" Konditionen="kon" AnzANG="0"/>
  <Angebote AngNr="HS150" AngKurzBeschreibung="Großzügiges Reihenhaus mit Garage" AngAufDatum="1996-10-15" AngStatus="2" Konditionen="kon" AnzANG="0"/>
  <Angebote AngNr="HS151" AngKurzBeschreibung="Zweifamilienhaus mit Doppelgarage" AngLagebeschreibung="Hannover - Kirchrode" AngAufDatum="1996-10-16" AngStatus="2" Konditionen="kon" AnzANG="0"/>
  <Angebote AngNr="EI165" AngKurzBeschreibung="6-Zimmer-Eigentumswohnung" AngLagebeschreibung="Hannover - Zooviertel" AngAufDatum="1996-10-16" AngStatus="2" Konditionen="kon" AnzANG="0"/>
  <Angebote AngNr="HS166" AngKurzBeschreibung="Großzügiges Einfamilienhaus mit 2 Garagen" AngLagebeschreibung="Hannover - Kirchrode" AngAufDatum="1996-10-23" AngStatus="2" Konditionen="kon" AnzANG="0"/>
  <Angebote AngNr="EI167" AngKurzBeschreibung="Penthouse / Maisonette" AngLagebeschreibung="Hannover - Anderten" AngAufDatum="1996-10-24" AngStatus="2" Konditionen="kon" AnzANG="0"/>
  <Angebote AngNr="VB014" AngKurzBeschreibung="Büroetage" AngLagebeschreibung="Hannover - Zooviertel" AngAufDatum="1996-10-24" AngStatus="2" Konditionen="kon" AnzANG="0"/>
  <Angebote AngNr="EI18" AngKurzBeschreibung="5-Zimmer-Eigentumswohnung" AngLagebeschreibung="Hannover - List, Malerviertel" AngAufDatum="1997-09-24" AngStatus="2" Konditionen="kon" AnzANG="0"/>
  <Angebote AngNr="EI168 A" AngKurzBeschreibung="3-Zimmer-Dachgeschoß Wohnung mit ausbaufähigem Dachboden" AngLagebeschreibung="Hannover - List, Malerviertel" AngAufDatum="1996-10-25" AngStatus="2" Konditionen="kon" AnzANG="0"/>
  <Angebote AngNr="VB15" AngKurzBeschreibung="2 Büroetagen" AngLagebeschreibung="Hannover - List" AngAufDatum="1998-02-21" AngStatus="2" Konditionen="kon" AnzANG="0"/>
  <Angebote AngNr="EI169" AngKurzBeschreibung="Penthouse" AngLagebeschreibung="Langenhagen am Stadtpark" AngAufDatum="1996-10-31" AngStatus="2" Konditionen="kon" AnzANG="0"/>
  <Angebote AngNr="EI170" AngKurzBeschreibung="7-Zimmer-Eigentumswohnung / Maisonette" AngLagebeschreibung="Südstadt - Am Maschpark" AngAufDatum="1996-10-31" AngStatus="2" Konditionen="kon" AnzANG="0"/>
  <Angebote AngNr="RH140" AngKurzBeschreibung="Wohn- und Geschäftshaus" AngLagebeschreibung="Hannover - Herrenhausen" AngAufDatum="1996-11-01" AngStatus="2" Konditionen="kon" AnzANG="0"/>
  <Angebote AngNr="RH141" AngKurzBeschreibung="7-Familienhaus mit Gewerbe" AngLagebeschreibung="Hannover-Linden/Nord" AngAufDatum="1996-11-01" AngStatus="2" Konditionen="kon" AnzANG="1"/>
  <Angebote AngNr="HS171" AngKurzBeschreibung="Großzügiges, modernes Einfamilienhaus als DHH mit Garage" AngLagebeschreibung="Hannover - Isernhagen OT Kirchhorst" AngAufDatum="1996-11-06" AngStatus="2" Konditionen="kon" AnzANG="0"/>
  <Angebote AngNr="HS172" AngKurzBeschreibung="2-Familienhaus mit Doppelgarage" AngLagebeschreibung="Uetze bei Burgdorf" AngAufDatum="1996-11-11" AngStatus="2" Konditionen="kon" AnzANG="0"/>
  <Angebote AngNr="HS173" AngKurzBeschreibung="Einfamilienhaus mit Garage" AngLagebeschreibung="Hannover - Döhren Seelhorst" AngAufDatum="1996-11-12" AngStatus="2" Konditionen="kon" AnzANG="0"/>
  <Angebote AngNr="RH142" AngKurzBeschreibung="Mehrfamilienhaus" AngLagebeschreibung="Hannover-Ricklingen" AngAufDatum="1996-11-14" AngStatus="2" Konditionen="kon" AnzANG="2"/>
  <Angebote AngNr="HS174" AngKurzBeschreibung="Einfamilienhaus (Endhaus)" AngLagebeschreibung="Hannover - Herrenhausen" AngAufDatum="1996-11-19" AngStatus="2" Konditionen="kon" AnzANG="0"/>
  <Angebote AngNr="VL16" AngKurzBeschreibung="Laden" AngLagebeschreibung="Hannover - Zooviertel" AngAufDatum="1998-02-21" AngStatus="2" Konditionen="kon" AnzANG="0"/>
  <Angebote AngNr="VL17" AngKurzBeschreibung="Laden" AngLagebeschreibung="Hannover / Linden-Mitte" AngAufDatum="1997-04-03" AngStatus="2" Konditionen="kon" AnzANG="0"/>
  <Angebote AngNr="VL18" AngKurzBeschreibung="Laden" AngLagebeschreibung="Hannover/Linden-Mitte" AngAufDatum="1998-02-21" AngStatus="2" Konditionen="kon" AnzANG="0"/>
  <Angebote AngNr="EI175" AngKurzBeschreibung="7-Zimmer-Eigentumswohnung" AngLagebeschreibung="Hannover - Nähe Lister Platz" AngAufDatum="1996-11-22" AngStatus="2" Konditionen="kon" AnzANG="1"/>
  <Angebote AngNr="EI176" AngKurzBeschreibung="3 1/2-Zimmer-Dachgeschoß-Eigentumswohnung" AngLagebeschreibung="Hannover - Südstadt" AngAufDatum="1996-11-25" AngStatus="2" Konditionen="kon" AnzANG="0"/>
  <Angebote AngNr="VL19" AngKurzBeschreibung="Laden" AngLagebeschreibung="Hannover/ Linden-Mitte" AngAufDatum="1998-02-21" AngStatus="2" Konditionen="kon" AnzANG="0"/>
  <Angebote AngNr="VB20" AngKurzBeschreibung="Büroetage" AngLagebeschreibung="Hannover - List" AngAufDatum="1997-04-07" AngStatus="2" Konditionen="kon" AnzANG="0"/>
  <Angebote AngNr="RH143" AngKurzBeschreibung="9-Familienhaus" AngLagebeschreibung="Lehrte" AngAufDatum="1996-11-27" AngStatus="2" Konditionen="kon" AnzANG="0"/>
  <Angebote AngNr="VB21" AngKurzBeschreibung="Büroetage" AngLagebeschreibung="Hannover / Zentrum-Aegi" AngAufDatum="1997-04-09" AngStatus="2" Konditionen="kon" AnzANG="0"/>
  <Angebote AngNr="VL22" AngKurzBeschreibung="Laden" AngLagebeschreibung="Hannover - Südstadt" AngAufDatum="1998-02-21" AngStatus="2" Konditionen="kon" AnzANG="0"/>
  <Angebote AngNr="VL23" AngKurzBeschreibung="Laden" AngLagebeschreibung="Lister Meile (Oststadt)" AngAufDatum="1998-02-21" AngStatus="2" Konditionen="kon" AnzANG="0"/>
  <Angebote AngNr="EI177" AngKurzBeschreibung="2 Dachgeschoß-Wohnungen mit Ausbaureserve" AngLagebeschreibung="Hannover List" AngAufDatum="1996-11-29" AngStatus="2" Konditionen="kon" AnzANG="2"/>
  <Angebote AngNr="VB24" AngKurzBeschreibung="Dachgeschoßatelier mit Wohnbereich" AngLagebeschreibung="Hannover- Zooviertel" AngAufDatum="1997-04-14" AngStatus="2" Konditionen="kon" AnzANG="0"/>
  <Angebote AngNr="VB25" AngKurzBeschreibung="Büroetage" AngLagebeschreibung="Hannover Opernplatz mit Blick auf das Opernhaus" AngAufDatum="1998-02-21" AngStatus="2" Konditionen="kon" AnzANG="0"/>
  <Angebote AngNr="VL26" AngKurzBeschreibung="Laden" AngLagebeschreibung="Hannover - Zentrum" AngAufDatum="1998-02-21" AngStatus="2" Konditionen="kon" AnzANG="0"/>
  <Angebote AngNr="VL27" AngKurzBeschreibung="Laden" AngLagebeschreibung="Hannover - Norstadt" AngAufDatum="1998-02-21" AngStatus="2" Konditionen="kon" AnzANG="0"/>
  <Angebote AngNr="EI178" AngKurzBeschreibung="3-Zimmer-Eigentumswohnung" AngLagebeschreibung="Hannover - List" AngAufDatum="1996-12-06" AngStatus="2" Konditionen="kon" AnzANG="0"/>
  <Angebote AngNr="VB28" AngKurzBeschreibung="Büroetage" AngLagebeschreibung="Hannover - List" AngAufDatum="1997-04-07" AngStatus="2" Konditionen="kon" AnzANG="0"/>
  <Angebote AngNr="HS178" AngKurzBeschreibung="Einfamilienhaus (Endhaus) mit Doppelgarage" AngLagebeschreibung="Hannover-Buchholz" AngAufDatum="1996-12-10" AngStatus="2" Konditionen="kon" AnzANG="0"/>
  <Angebote AngNr="HS179" AngKurzBeschreibung="Top gepflegtes Einfamilienhaus mit Balkon und Carport" AngLagebeschreibung="Lehrte - Hämelerwald Süd" AngAufDatum="1996-12-10" AngStatus="2" Konditionen="kon" AnzANG="0"/>
  <Angebote AngNr="VL29" AngKurzBeschreibung="Laden" AngLagebeschreibung="Calenberger Neustadt" AngAufDatum="1996-06-27" AngStatus="2" Konditionen="kon" AnzANG="0"/>
  <Angebote AngNr="VB30" AngKurzBeschreibung="Büroetage" AngLagebeschreibung="Hannover - List" AngAufDatum="1998-02-21" AngStatus="2" Konditionen="kon" AnzANG="0"/>
  <Angebote AngNr="VL31" AngKurzBeschreibung="Laden" AngLagebeschreibung="Hannover - Zentrum" AngAufDatum="1998-02-21" AngStatus="2" Konditionen="kon" AnzANG="0"/>
  <Angebote AngNr="VB32" AngKurzBeschreibung="Bürofläche" AngLagebeschreibung="Hannover - Nordstadt, Nähe Christuskirche" AngAufDatum="1998-02-21" AngStatus="2" Konditionen="kon" AnzANG="0"/>
  <Angebote AngNr="VB33" AngKurzBeschreibung="Bürohaus" AngLagebeschreibung="Hannover - Buchholz" AngAufDatum="1996-07-25" AngStatus="2" Konditionen="kon" AnzANG="0"/>
  <Angebote AngNr="VL34" AngKurzBeschreibung="Laden" AngLagebeschreibung="Hannover - Linden Mitte" AngAufDatum="1998-02-21" AngStatus="2" Konditionen="kon" AnzANG="0"/>
  <Angebote AngNr="VB35" AngKurzBeschreibung="Bürofläche" AngLagebeschreibung="Hannover - Hildesheimerstr. - Nähe Aegi" AngAufDatum="1997-04-09" AngStatus="2" Konditionen="kon" AnzANG="0"/>
  <Angebote AngNr="VL36" AngKurzBeschreibung="Laden" AngLagebeschreibung="Hannover-Zentrum" AngAufDatum="1997-05-13" AngStatus="2" Konditionen="kon" AnzANG="0"/>
  <Angebote AngNr="VB37" AngKurzBeschreibung="Geschäfts- und Wohnhaus" AngLagebeschreibung="Zentrum Burgwedel" AngAufDatum="1998-02-21" AngStatus="2" Konditionen="kon" AnzANG="0"/>
  <Angebote AngNr="VB38" AngKurzBeschreibung="Büroetage" AngLagebeschreibung="Hannover -List / Nähe Vier Grenzen" AngAufDatum="1998-02-21" AngStatus="2" Konditionen="kon" AnzANG="0"/>
  <Angebote AngNr="EI180" AngKurzBeschreibung="2-Zimmer-Eigentumswohnung" AngLagebeschreibung="Hannover - List, Nähe Spannhagengarten" AngAufDatum="1997-01-08" AngStatus="2" Konditionen="kon" AnzANG="1"/>
  <Angebote AngNr="EI181" AngKurzBeschreibung="4-Zimmer-Eigentumswohnung" AngLagebeschreibung="Hannover - Südstadt" AngAufDatum="1997-01-09" AngStatus="2" Konditionen="kon" AnzANG="0"/>
  <Angebote AngNr="VL39" AngKurzBeschreibung="Laden- Restaurant" AngLagebeschreibung="Calenberger Neustadt" AngAufDatum="1998-02-21" AngStatus="2" Konditionen="kon" AnzANG="0"/>
  <Angebote AngNr="WO182" AngKurzBeschreibung="2-Zimmer-Mietwohnung" AngLagebeschreibung="Hannover - List, Nähe Spannhagengarten" AngAufDatum="1997-01-09" AngStatus="2" Konditionen="kon" AnzANG="1"/>
  <Angebote AngNr="VL40" AngKurzBeschreibung="Laden im Zentrum" AngAufDatum="1998-02-21" AngStatus="2" Konditionen="kon" AnzANG="0"/>
  <Angebote AngNr="HS183" AngKurzBeschreibung="Einfamilienhaus mit Gartenhaus" AngLagebeschreibung="Hannover Nord - Wedemark" AngAufDatum="1997-01-11" AngStatus="2" Konditionen="kon" AnzANG="0"/>
  <Angebote AngNr="HS184" AngKurzBeschreibung="Doppelhaushäfte/ Erstbezug 05/97" AngLagebeschreibung="Lehrte - Hämelerwald" AngAufDatum="1997-01-15" AngStatus="2" Konditionen="kon" AnzANG="0"/>
  <Angebote AngNr="VL41" AngKurzBeschreibung="Laden" AngLagebeschreibung="Hannover - Linden/Süd" AngAufDatum="1998-02-21" AngStatus="2" Konditionen="kon" AnzANG="0"/>
  <Angebote AngNr="RH144" AngKurzBeschreibung="zwei Mehrfamilienhäuser" AngLagebeschreibung="Hannover" AngAufDatum="1997-01-15" AngStatus="2" Konditionen="kon" AnzANG="1"/>
  <Angebote AngNr="RH145" AngKurzBeschreibung="Mehrfamilienhaus" AngLagebeschreibung="Hannover - Bemerode" AngAufDatum="1997-01-20" AngStatus="2" Konditionen="kon" AnzANG="1"/>
  <Angebote AngNr="VL42" AngKurzBeschreibung="Bistro" AngLagebeschreibung="Hannover-Zentrum" AngAufDatum="1998-02-21" AngStatus="2" Konditionen="kon" AnzANG="0"/>
  <Angebote AngNr="VB43" AngKurzBeschreibung="Bürofläche" AngLagebeschreibung="Büroetage Eilenriede - Zooviertel" AngAufDatum="1997-04-07" AngStatus="2" Konditionen="kon" AnzANG="0"/>
  <Angebote AngNr="VB44" AngKurzBeschreibung="Büroetage" AngLagebeschreibung="Büroetage im Zentrum von Hannover" AngAufDatum="1998-02-21" AngStatus="2" Konditionen="kon" AnzANG="0"/>
  <Angebote AngNr="VB45" AngKurzBeschreibung="Bürofläche" AngLagebeschreibung="Zooviertel - Eilenriede" AngAufDatum="1997-04-07" AngStatus="2" Konditionen="kon" AnzANG="0"/>
  <Angebote AngNr="VB46" AngKurzBeschreibung="Praxis-/Büroetage" AngLagebeschreibung="Hannover - List" AngAufDatum="1997-04-04" AngStatus="2" Konditionen="kon" AnzANG="0"/>
  <Angebote AngNr="VL047" AngKurzBeschreibung="Laden" AngLagebeschreibung="Hannover - Calenberger Neustadt" AngAufDatum="1997-01-22" AngStatus="2" Konditionen="kon" AnzANG="0"/>
  <Angebote AngNr="WO185" AngKurzBeschreibung="3-Zimmer-Mietwohnung" AngLagebeschreibung="Langenhagen - Näher Berliner Platz" AngAufDatum="1997-01-23" AngStatus="2" Konditionen="kon" AnzANG="0"/>
  <Angebote AngNr="VB48" AngKurzBeschreibung="Bürofläche" AngLagebeschreibung="Eilenriede - Zooviertel" AngAufDatum="1997-04-17" AngStatus="2" Konditionen="kon" AnzANG="0"/>
  <Angebote AngNr="VL49" AngKurzBeschreibung="Laden" AngLagebeschreibung="Hannover - Nordstadt" AngAufDatum="1998-02-21" AngStatus="2" Konditionen="kon" AnzANG="0"/>
  <Angebote AngNr="VL50" AngKurzBeschreibung="Laden" AngLagebeschreibung="Hannover-Vahrenwald" AngAufDatum="1998-02-21" AngStatus="2" Konditionen="kon" AnzANG="0"/>
  <Angebote AngNr="VL51" AngKurzBeschreibung="Pizza-Bringdienst" AngLagebeschreibung="Hannover - Wülfel" AngAufDatum="1998-02-21" AngStatus="2" Konditionen="kon" AnzANG="0"/>
  <Angebote AngNr="VH52" AngKurzBeschreibung="Lagerhalle" AngLagebeschreibung="Hannover-Anderten" AngAufDatum="1998-02-21" AngStatus="2" Konditionen="kon" AnzANG="0"/>
  <Angebote AngNr="VH53" AngKurzBeschreibung="Lagerhalle" AngLagebeschreibung="Hannover - Vinhorst" AngAufDatum="1998-02-21" AngStatus="2" Konditionen="kon" AnzANG="0"/>
  <Angebote AngNr="VB54" AngKurzBeschreibung="Büroetage/ Gewerbefläche" AngLagebeschreibung="Hannover Nordstadt" AngAufDatum="1998-02-21" AngStatus="2" Konditionen="kon" AnzANG="0"/>
  <Angebote AngNr="VL55" AngKurzBeschreibung="Restaurant" AngLagebeschreibung="Hannover - Oststadt" AngAufDatum="1998-02-21" AngStatus="2" Konditionen="kon" AnzANG="0"/>
  <Angebote AngNr="RH146" AngKurzBeschreibung="3-Familienhaus" AngLagebeschreibung="Hannover - Zoo" AngAufDatum="1997-02-04" AngStatus="2" Konditionen="kon" AnzANG="0"/>
  <Angebote AngNr="VB56" AngKurzBeschreibung="Bürofläche" AngLagebeschreibung="Hannover - Lister Platz" AngAufDatum="1998-02-21" AngStatus="2" Konditionen="kon" AnzANG="0"/>
  <Angebote AngNr="VL57" AngKurzBeschreibung="Laden" AngLagebeschreibung="Linden-Süd" AngAufDatum="1998-02-21" AngStatus="2" Konditionen="kon" AnzANG="0"/>
  <Angebote AngNr="HS186" AngKurzBeschreibung="Gemütliches Reihenhaus mit Garage" AngLagebeschreibung="Ronnenberg bei Hannover" AngAufDatum="1997-02-07" AngStatus="2" Konditionen="kon" AnzANG="0"/>
  <Angebote AngNr="HS187" AngKurzBeschreibung="Zweifamilienhaus mit Garage" AngLagebeschreibung="Hannover, Alt-Laatzen" AngAufDatum="1997-02-07" AngStatus="2" Konditionen="kon" AnzANG="1"/>
  <Angebote AngNr="VL58" AngKurzBeschreibung="Laden" AngLagebeschreibung="Hannover-Zentrum" AngAufDatum="1998-02-21" AngStatus="2" Konditionen="kon" AnzANG="0"/>
  <Angebote AngNr="RH147" AngKurzBeschreibung="Bürohaus" AngLagebeschreibung="Hannover - Bult" AngAufDatum="1997-02-10" AngStatus="2" Konditionen="kon" AnzANG="0"/>
  <Angebote AngNr="VB59" AngKurzBeschreibung="Bürofläche" AngLagebeschreibung="Hannover - Vahrenwald" AngAufDatum="1998-02-21" AngStatus="2" Konditionen="kon" AnzANG="0"/>
  <Angebote AngNr="VB60" AngKurzBeschreibung="Bürofläche" AngLagebeschreibung="Hannover - Oststadt" AngAufDatum="1997-04-07" AngStatus="2" Konditionen="kon" AnzANG="0"/>
  <Angebote AngNr="VB61" AngKurzBeschreibung="Büro" AngLagebeschreibung="Hannover - Mitte" AngAufDatum="1998-02-21" AngStatus="2" Konditionen="kon" AnzANG="0"/>
  <Angebote AngNr="VL62" AngKurzBeschreibung="Eck-Laden" AngLagebeschreibung="Hannover - Linden/Nord" AngAufDatum="1998-02-21" AngStatus="2" Konditionen="kon" AnzANG="0"/>
  <Angebote AngNr="VB63" AngKurzBeschreibung="Büroflächen" AngLagebeschreibung="Hannover - Mitte" AngAufDatum="1998-02-21" AngStatus="2" Konditionen="kon" AnzANG="0"/>
  <Angebote AngNr="VB64" AngKurzBeschreibung="Büroflächen" AngLagebeschreibung="Hannover - Mitte" AngAufDatum="1998-02-21" AngStatus="2" Konditionen="kon" AnzANG="0"/>
  <Angebote AngNr="VB65" AngKurzBeschreibung="Bürofläche" AngLagebeschreibung="Hannover - Mitte" AngAufDatum="1998-02-21" AngStatus="2" Konditionen="kon" AnzANG="0"/>
  <Angebote AngNr="VB66" AngKurzBeschreibung="Büroflächen" AngLagebeschreibung="Hannover - Mitte" AngAufDatum="1998-02-21" AngStatus="2" Konditionen="kon" AnzANG="0"/>
  <Angebote AngNr="HS188" AngKurzBeschreibung="Reihenhaus" AngLagebeschreibung="Hannover - Empelde" AngAufDatum="1997-02-12" AngStatus="2" Konditionen="kon" AnzANG="0"/>
  <Angebote AngNr="HS189" AngKurzBeschreibung="Reihenendhaus mit Garage" AngLagebeschreibung="Empelde bei Hannover" AngAufDatum="1997-02-12" AngStatus="2" Konditionen="kon" AnzANG="0"/>
  <Angebote AngNr="HS190" AngKurzBeschreibung="Doppelhaushälfte mit Garage" AngLagebeschreibung="Hemmingen OT Devese" AngAufDatum="1997-02-12" AngStatus="2" Konditionen="kon" AnzANG="0"/>
  <Angebote AngNr="IH148" AngKurzBeschreibung="Industrie Hallen" AngLagebeschreibung="Gewerbegebiet Hainholz" AngAufDatum="1998-02-21" AngStatus="2" Konditionen="kon" AnzANG="1"/>
  <Angebote AngNr="VB67" AngKurzBeschreibung="Büroetage" AngLagebeschreibung="Hannover - List/Eilenriede" AngAufDatum="1997-03-18" AngStatus="2" Konditionen="kon" AnzANG="0"/>
  <Angebote AngNr="VL68" AngKurzBeschreibung="Frisörgeschäft" AngLagebeschreibung="Hannover - Vahrenwald" AngAufDatum="1998-02-21" AngStatus="2" Konditionen="kon" AnzANG="0"/>
  <Angebote AngNr="VL69" AngKurzBeschreibung="Laden" AngLagebeschreibung="Hannover - Döhren" AngAufDatum="1997-10-17" AngStatus="2" Konditionen="kon" AnzANG="0"/>
  <Angebote AngNr="VB70" AngKurzBeschreibung="Büroflächen" AngLagebeschreibung="Hannover- Kleefeld" AngAufDatum="1998-02-21" AngStatus="2" Konditionen="kon" AnzANG="0"/>
  <Angebote AngNr="VB71" AngKurzBeschreibung="Bürofläche" AngLagebeschreibung="Hannover - Lahe" AngAufDatum="1998-02-21" AngStatus="2" Konditionen="kon" AnzANG="0"/>
  <Angebote AngNr="VB72" AngKurzBeschreibung="Büro- und Gewerbefläche - Neubau" AngLagebeschreibung="Hannover - Vahrenwald" AngAufDatum="1997-09-30" AngStatus="2" Konditionen="kon" AnzANG="0"/>
  <Angebote AngNr="HS191" AngKurzBeschreibung="Doppelhaushälfte mit Doppelgarage" AngLagebeschreibung="Oberricklingen" AngAufDatum="1997-02-14" AngStatus="2" Konditionen="kon" AnzANG="0"/>
  <Angebote AngNr="HS192" AngKurzBeschreibung="Großzügiges Stadthaus mit Garage" AngLagebeschreibung="Hannover - Zooviertel" AngAufDatum="1997-02-14" AngStatus="2" Konditionen="kon" AnzANG="0"/>
  <Angebote AngNr="EI193" AngKurzBeschreibung="6-Zimmer-Eigentumswohnung" AngLagebeschreibung="List Nähe Wedekindplatz" AngAufDatum="1997-02-14" AngStatus="2" Konditionen="kon" AnzANG="0"/>
  <Angebote AngNr="VB73" AngKurzBeschreibung="Bürofläche" AngLagebeschreibung="Hannover - Bothfeld" AngAufDatum="1998-02-21" AngStatus="2" Konditionen="kon" AnzANG="0"/>
  <Angebote AngNr="HS194" AngKurzBeschreibung="Reihenhaus" AngLagebeschreibung="Ruhige, zentrale Lage" AngAufDatum="1997-02-18" AngStatus="2" Konditionen="kon" AnzANG="0"/>
  <Angebote AngNr="VL74" AngKurzBeschreibung="2 Läden" AngLagebeschreibung="Hannover - Zentrum" AngAufDatum="1997-03-18" AngStatus="2" Konditionen="kon" AnzANG="0"/>
  <Angebote AngNr="VB75" AngKurzBeschreibung="Büroflächen" AngLagebeschreibung="Hannover - Vahrenwald" AngAufDatum="1998-02-21" AngStatus="2" Konditionen="kon" AnzANG="0"/>
  <Angebote AngNr="VL76" AngKurzBeschreibung="Laden" AngLagebeschreibung="Hannover - Oststadt" AngAufDatum="1997-03-24" AngStatus="2" Konditionen="kon" AnzANG="0"/>
  <Angebote AngNr="VB77" AngKurzBeschreibung="Bürofläche" AngLagebeschreibung="Hannover - Linden-Mitte" AngAufDatum="1998-02-21" AngStatus="2" Konditionen="kon" AnzANG="0"/>
  <Angebote AngNr="VB78" AngKurzBeschreibung="Bürofläche" AngLagebeschreibung="Hannover - Lahe" AngAufDatum="1997-03-06" AngStatus="2" Konditionen="kon" AnzANG="0"/>
  <Angebote AngNr="EI195" AngKurzBeschreibung="4-Zimmer- und 2- Zimmer- Eigentumswohnung" AngLagebeschreibung="Hannover - List" AngAufDatum="1997-02-20" AngStatus="2" Konditionen="kon" AnzANG="2"/>
  <Angebote AngNr="VB79" AngKurzBeschreibung="Büroflächen" AngLagebeschreibung="Hannover - Vahrenheide" AngAufDatum="1998-02-21" AngStatus="2" Konditionen="kon" AnzANG="0"/>
  <Angebote AngNr="VL80" AngKurzBeschreibung="Laden" AngLagebeschreibung="Hannover - Oststadt" AngAufDatum="1997-05-13" AngStatus="2" Konditionen="kon" AnzANG="0"/>
  <Angebote AngNr="RH149" AngKurzBeschreibung="Mehrfamilienhaus" AngLagebeschreibung="Hannover - Badenstedt" AngAufDatum="1997-02-26" AngStatus="2" Konditionen="kon" AnzANG="1"/>
  <Angebote AngNr="VB81" AngKurzBeschreibung="Bürofläche" AngLagebeschreibung="Hannover - Steuerndieb/Eilenriede" AngAufDatum="1998-02-21" AngStatus="2" Konditionen="kon" AnzANG="0"/>
  <Angebote AngNr="EI196" AngKurzBeschreibung="4-Zimmer-Eigentumswohnung" AngLagebeschreibung="Hannover - Nähe Wedekindplatz" AngAufDatum="1997-02-26" AngStatus="2" Konditionen="kon" AnzANG="0"/>
  <Angebote AngNr="VL82" AngKurzBeschreibung="Laden" AngLagebeschreibung="Hannover - Oststadt" AngAufDatum="1997-10-21" AngStatus="2" Konditionen="kon" AnzANG="0"/>
  <Angebote AngNr="WO197" AngKurzBeschreibung="4-5 Zimmer-Dachgeschoßwohnung" AngLagebeschreibung="Hannover - List/ Nähe Wedekindplatz" AngAufDatum="1997-02-28" AngStatus="2" Konditionen="kon" AnzANG="0"/>
  <Angebote AngNr="VB83" AngKurzBeschreibung="Büro - Laden" AngLagebeschreibung="Nordstadt - Nähe Christuskirche" AngAufDatum="1998-02-21" AngStatus="2" Konditionen="kon" AnzANG="0"/>
  <Angebote AngNr="VB84" AngKurzBeschreibung="Büro" AngLagebeschreibung="Hannover - Waldhausen" AngAufDatum="1998-02-21" AngStatus="2" Konditionen="kon" AnzANG="0"/>
  <Angebote AngNr="VB85" AngKurzBeschreibung="Repräsentatives Schloß" AngLagebeschreibung="Östlich von Celle" AngAufDatum="1998-02-21" AngStatus="2" Konditionen="kon" AnzANG="0"/>
  <Angebote AngNr="VB86" AngKurzBeschreibung="Bürofläche" AngLagebeschreibung="Hannover - City" AngAufDatum="1998-02-21" AngStatus="2" Konditionen="kon" AnzANG="0"/>
  <Angebote AngNr="VL87" AngKurzBeschreibung="Blumengeschäft" AngLagebeschreibung="Hannover - Vahrenwald" AngAufDatum="1998-02-21" AngStatus="2" Konditionen="kon" AnzANG="0"/>
  <Angebote AngNr="RH150" AngKurzBeschreibung="Mehrfamilienhaus" AngLagebeschreibung="Laatzen" AngAufDatum="1997-03-04" AngStatus="2" Konditionen="kon" AnzANG="1"/>
  <Angebote AngNr="BP198" AngKurzBeschreibung="Bauplätze in der Wedemark" AngAufDatum="1998-02-21" AngStatus="2" Konditionen="kon" AnzANG="0"/>
  <Angebote AngNr="VB88" AngKurzBeschreibung="Bürofläche" AngLagebeschreibung="Hannover - Zentrum / Nähe Schiffgraben" AngAufDatum="1998-02-21" AngStatus="2" Konditionen="kon" AnzANG="0"/>
  <Angebote AngNr="VB89" AngKurzBeschreibung="Bürofläche" AngLagebeschreibung="Hannover - List" AngAufDatum="1997-10-22" AngStatus="2" Konditionen="kon" AnzANG="0"/>
  <Angebote AngNr="VL90" AngKurzBeschreibung="Laden" AngLagebeschreibung="Hannover - Südstadt" AngAufDatum="1997-04-09" AngStatus="2" Konditionen="kon" AnzANG="0"/>
  <Angebote AngNr="RH151" AngKurzBeschreibung="Mehrfamilienhaus" AngLagebeschreibung="Hannover - Vahrenwald" AngAufDatum="1997-03-05" AngStatus="2" Konditionen="kon" AnzANG="1"/>
  <Angebote AngNr="RH152" AngKurzBeschreibung="12-Familienhaus mit Restaurant und Garagenhof" AngLagebeschreibung="Hannover - Groß Buchholz" AngAufDatum="1997-03-05" AngStatus="2" Konditionen="kon" AnzANG="1"/>
  <Angebote AngNr="VB91" AngKurzBeschreibung="Bürofläche" AngLagebeschreibung="Hannover - List" AngAufDatum="1998-02-21" AngStatus="2" Konditionen="kon" AnzANG="0"/>
  <Angebote AngNr="RH153" AngKurzBeschreibung="Wohn- und Geschäftshaus" AngLagebeschreibung="Hannover - Calenberger Neustadt" AngAufDatum="1997-03-06" AngStatus="2" Konditionen="kon" AnzANG="1"/>
  <Angebote AngNr="RH154" AngKurzBeschreibung="Bürohaus" AngLagebeschreibung="Hannover - Lahe" AngAufDatum="1997-03-06" AngStatus="2" Konditionen="kon" AnzANG="1"/>
  <Angebote AngNr="VL92" AngKurzBeschreibung="Bistro" AngLagebeschreibung="Hannover - Vahrenwald" AngAufDatum="1998-02-21" AngStatus="2" Konditionen="kon" AnzANG="0"/>
  <Angebote AngNr="EI199" AngKurzBeschreibung="2-Zimmer-Eigentumswohnungen" AngLagebeschreibung="Hannover - List" AngAufDatum="1997-03-06" AngStatus="2" Konditionen="kon" AnzANG="0"/>
  <Angebote AngNr="VB93" AngKurzBeschreibung="Büroflächen" AngLagebeschreibung="Hannover - Vahrenwald" AngAufDatum="1998-02-21" AngStatus="2" Konditionen="kon" AnzANG="0"/>
  <Angebote AngNr="VL94" AngKurzBeschreibung="Laden" AngLagebeschreibung="Hannover - Südstadt" AngAufDatum="1998-02-21" AngStatus="2" Konditionen="kon" AnzANG="0"/>
  <Angebote AngNr="VB95" AngKurzBeschreibung="Büroflächen" AngLagebeschreibung="Hannover - Laatzen" AngAufDatum="1998-02-21" AngStatus="2" Konditionen="kon" AnzANG="0"/>
  <Angebote AngNr="VB96" AngKurzBeschreibung="Büroflächen" AngLagebeschreibung="Hannover - Laatzen" AngAufDatum="1998-02-21" AngStatus="2" Konditionen="kon" AnzANG="0"/>
  <Angebote AngNr="VB97" AngKurzBeschreibung="Büroflächen" AngLagebeschreibung="Hannover - Mitte" AngAufDatum="1998-02-21" AngStatus="2" Konditionen="kon" AnzANG="0"/>
  <Angebote AngNr="VL098" AngKurzBeschreibung="Laden- bzw. Verkaufsfläche" AngLagebeschreibung="Hannover - Laatzen" AngAufDatum="1997-03-12" AngStatus="2" Konditionen="kon" AnzANG="0"/>
  <Angebote AngNr="VB099" AngKurzBeschreibung="Büro" AngLagebeschreibung="Hannover - Badenstedt" AngAufDatum="1997-03-12" AngStatus="2" Konditionen="kon" AnzANG="0"/>
  <Angebote AngNr="WO201" AngKurzBeschreibung="4-Zimmer-Wohnung" AngLagebeschreibung="Hannover - Buchholz" AngAufDatum="1997-03-12" AngStatus="2" Konditionen="kon" AnzANG="0"/>
  <Angebote AngNr="RH155" AngKurzBeschreibung="Geschäftshaus" AngLagebeschreibung="Hannover - Zentrum" AngAufDatum="1997-03-12" AngStatus="2" Konditionen="kon" AnzANG="0"/>
  <Angebote AngNr="HS202" AngKurzBeschreibung="Stadthaus" AngLagebeschreibung="Hannover - Zooviertel" AngAufDatum="1997-03-12" AngStatus="2" Konditionen="kon" AnzANG="0"/>
  <Angebote AngNr="VL100" AngKurzBeschreibung="Laden" AngLagebeschreibung="Hannover-Zentrum" AngAufDatum="1997-03-12" AngStatus="2" Konditionen="kon" AnzANG="0"/>
  <Angebote AngNr="VL101" AngKurzBeschreibung="Laden" AngLagebeschreibung="Hannover - List" AngAufDatum="1997-03-13" AngStatus="2" Konditionen="kon" AnzANG="0"/>
  <Angebote AngNr="VL102" AngKurzBeschreibung="Ladenlokal" AngLagebeschreibung="Hannover-Zentrum" AngAufDatum="1997-03-14" AngStatus="2" Konditionen="kon" AnzANG="0"/>
  <Angebote AngNr="VB104" AngKurzBeschreibung="Bürofläche" AngLagebeschreibung="Hannover - List" AngAufDatum="1997-03-17" AngStatus="2" Konditionen="kon" AnzANG="0"/>
  <Angebote AngNr="WO200" AngKurzBeschreibung="4-Zimmer-Mietwohnung" AngLagebeschreibung="Isernhagen /Altwarmbüchen" AngAufDatum="1997-03-18" AngStatus="2" Konditionen="kon" AnzANG="1"/>
  <Angebote AngNr="VH105" AngKurzBeschreibung="Halle mit Bürotrakt" AngLagebeschreibung="Hannover - Hainholz" AngAufDatum="1997-03-18" AngStatus="2" Konditionen="kon" AnzANG="0"/>
  <Angebote AngNr="VB106" AngKurzBeschreibung="Büro" AngLagebeschreibung="Hannover - Heideviertel" AngAufDatum="1997-03-19" AngStatus="2" Konditionen="kon" AnzANG="0"/>
  <Angebote AngNr="HS203" AngKurzBeschreibung="Ländliches Anwesen - Ideal für Pferdehaltung" AngLagebeschreibung="Wedemark" AngAufDatum="1997-03-20" AngStatus="2" Konditionen="kon" AnzANG="0"/>
  <Angebote AngNr="VL107" AngKurzBeschreibung="Laden" AngLagebeschreibung="Hannover - Linden/Nord" AngAufDatum="1997-03-21" AngStatus="2" Konditionen="kon" AnzANG="0"/>
  <Angebote AngNr="HS204" AngKurzBeschreibung="Reihenhaus mit Garage" AngLagebeschreibung="Laatzen - Gleidingen" AngAufDatum="1997-03-21" AngStatus="2" Konditionen="kon" AnzANG="0"/>
  <Angebote AngNr="RH156" AngKurzBeschreibung="Wohn-und Geschäftshaus" AngLagebeschreibung="Hannover -Vahrenwald" AngAufDatum="1997-03-24" AngStatus="2" Konditionen="kon" AnzANG="1"/>
  <Angebote AngNr="Vl108" AngKurzBeschreibung="Ladenlokal, zuvor Fleischerei" AngLagebeschreibung="Hannover - Herrenhausen" AngAufDatum="1997-03-26" AngStatus="2" Konditionen="kon" AnzANG="0"/>
  <Angebote AngNr="BP205" AngKurzBeschreibung="Bauplatz" AngLagebeschreibung="Lehrte / Hämelerwald" AngAufDatum="1998-02-21" AngStatus="2" Konditionen="kon" AnzANG="0"/>
  <Angebote AngNr="RH157" AngKurzBeschreibung="Geschäftshaus" AngLagebeschreibung="Hannover - List" AngAufDatum="1997-03-26" AngStatus="2" Konditionen="kon" AnzANG="2"/>
  <Angebote AngNr="RH158" AngKurzBeschreibung="Geschätshaus" AngLagebeschreibung="Hannover - List" AngAufDatum="1997-03-26" AngStatus="2" Konditionen="kon" AnzANG="0"/>
  <Angebote AngNr="EI206" AngKurzBeschreibung="5 Zimmer-Eigentumswohnung mit 2 Balkonen" AngLagebeschreibung="Hannover - List" AngAufDatum="1997-04-01" AngStatus="2" Konditionen="kon" AnzANG="1"/>
  <Angebote AngNr="VL109" AngKurzBeschreibung="Laden" AngLagebeschreibung="Hannover - Vahrenheide" AngAufDatum="1997-04-02" AngStatus="2" Konditionen="kon" AnzANG="0"/>
  <Angebote AngNr="HS207" AngKurzBeschreibung="Reihenendhaus" AngLagebeschreibung="Isernhagen KB" AngAufDatum="1997-04-02" AngStatus="2" Konditionen="kon" AnzANG="0"/>
  <Angebote AngNr="VB110" AngKurzBeschreibung="Büro" AngLagebeschreibung="Hannover-Vahrenwald" AngAufDatum="1997-04-02" AngStatus="2" Konditionen="kon" AnzANG="0"/>
  <Angebote AngNr="VL111" AngKurzBeschreibung="Laden" AngLagebeschreibung="Hannover - List" AngAufDatum="1997-04-02" AngStatus="2" Konditionen="kon" AnzANG="0"/>
  <Angebote AngNr="VL112" AngKurzBeschreibung="Laden" AngLagebeschreibung="Hannover - Linden/Mitte" AngAufDatum="1997-04-03" AngStatus="2" Konditionen="kon" AnzANG="0"/>
  <Angebote AngNr="VL113" AngKurzBeschreibung="2 Läden" AngLagebeschreibung="Hannover - Südstadt" AngAufDatum="1997-04-04" AngStatus="2" Konditionen="kon" AnzANG="0"/>
  <Angebote AngNr="VB114" AngKurzBeschreibung="Büroflächen" AngLagebeschreibung="Hannover - Bemerode" AngAufDatum="1997-04-04" AngStatus="2" Konditionen="kon" AnzANG="0"/>
  <Angebote AngNr="VB115" AngKurzBeschreibung="Büroflächen" AngLagebeschreibung="Hannover - Mitte" AngAufDatum="1997-04-04" AngStatus="2" Konditionen="kon" AnzANG="0"/>
  <Angebote AngNr="RH159" AngKurzBeschreibung="Mehrfamilienhaus" AngLagebeschreibung="Hannover - List" AngAufDatum="1997-04-08" AngStatus="2" Konditionen="kon" AnzANG="1"/>
  <Angebote AngNr="VL116" AngKurzBeschreibung="Laden" AngLagebeschreibung="Hannover - List" AngAufDatum="1997-04-08" AngStatus="2" Konditionen="kon" AnzANG="0"/>
  <Angebote AngNr="EI208" AngKurzBeschreibung="3-Zimmer-Eigentumswohnung" AngLagebeschreibung="Hannover - List" AngAufDatum="1997-04-09" AngStatus="2" Konditionen="kon" AnzANG="0"/>
  <Angebote AngNr="WO209" AngKurzBeschreibung="1-Zimmer-Mietwohnung" AngLagebeschreibung="Hannover - Döhren" AngAufDatum="1997-04-09" AngStatus="2" Konditionen="kon" AnzANG="0"/>
  <Angebote AngNr="EI210" AngKurzBeschreibung="3-Zimmer-Eigentumswohnung" AngLagebeschreibung="Langenhagen - Wiesenau" AngAufDatum="1997-04-10" AngStatus="2" Konditionen="kon" AnzANG="0"/>
  <Angebote AngNr="VL117" AngKurzBeschreibung="Laden" AngLagebeschreibung="Hannover - List" AngAufDatum="1997-04-11" AngStatus="2" Konditionen="kon" AnzANG="0"/>
  <Angebote AngNr="VL118" AngKurzBeschreibung="Laden" AngLagebeschreibung="Hannover - Mitte" AngAufDatum="1997-04-11" AngStatus="2" Konditionen="kon" AnzANG="0"/>
  <Angebote AngNr="VB119" AngKurzBeschreibung="Büroflächen" AngLagebeschreibung="Hannover - Mitte" AngAufDatum="1997-04-11" AngStatus="2" Konditionen="kon" AnzANG="0"/>
  <Angebote AngNr="HS211" AngKurzBeschreibung="1-Familienhaus" AngLagebeschreibung="Isernhagen" AngAufDatum="1997-04-14" AngStatus="2" Konditionen="kon" AnzANG="0"/>
  <Angebote AngNr="HS212" AngKurzBeschreibung="Reihenhaus mit Blick auf Wald und Wiese" AngLagebeschreibung="Lehrte / OT Hämelerwald" AngAufDatum="1997-04-16" AngStatus="2" Konditionen="kon" AnzANG="0"/>
  <Angebote AngNr="HS213" AngKurzBeschreibung="Fachwerkhaus" AngLagebeschreibung="Burgdorf" AngAufDatum="1997-04-18" AngStatus="2" Konditionen="kon" AnzANG="1"/>
  <Angebote AngNr="VL120" AngKurzBeschreibung="Laden" AngLagebeschreibung="Hannover - Linden/Nord" AngAufDatum="1997-04-22" AngStatus="2" Konditionen="kon" AnzANG="0"/>
  <Angebote AngNr="RH160" AngKurzBeschreibung="Wohn- und Geschäftshaus" AngLagebeschreibung="Hannover - Nordstadt" AngAufDatum="1997-04-28" AngStatus="2" Konditionen="kon" AnzANG="0"/>
  <Angebote AngNr="RH161" AngKurzBeschreibung="Bürohaus" AngLagebeschreibung="Hannover - Südstadt" AngAufDatum="1997-04-28" AngStatus="2" Konditionen="kon" AnzANG="1"/>
  <Angebote AngNr="HS214" AngKurzBeschreibung="4 Doppelhaushälften" AngLagebeschreibung="Lehrte / Sievershausen" AngAufDatum="1997-05-06" AngStatus="2" Konditionen="kon" AnzANG="1"/>
  <Angebote AngNr="HS215" AngKurzBeschreibung="Großzügiges Anwesen mit Doppelgarage" AngLagebeschreibung="Hannover - Nähe MHH" AngAufDatum="1997-05-06" AngStatus="2" Konditionen="kon" AnzANG="0"/>
  <Angebote AngNr="HS216" AngKurzBeschreibung="Einfamilienhaus mit Doppelgarage" AngLagebeschreibung="Isernhagen KB" AngAufDatum="1997-05-06" AngStatus="2" Konditionen="kon" AnzANG="0"/>
  <Angebote AngNr="RH162" AngKurzBeschreibung="Büro- und Wohnhaus" AngLagebeschreibung="Hannover - Oststadt" AngAufDatum="1997-05-06" AngStatus="2" Konditionen="kon" AnzANG="1"/>
  <Angebote AngNr="EI217" AngKurzBeschreibung="3-Zimmer-Eigentumswohnung" AngLagebeschreibung="Hannover - List" AngAufDatum="1997-05-06" AngStatus="2" Konditionen="kon" AnzANG="0"/>
  <Angebote AngNr="HS218" AngKurzBeschreibung="Ein- bis Zweifamilienhaus mit Garage und Carport" AngLagebeschreibung="Hannover - Herrenhausen" AngAufDatum="1997-05-07" AngStatus="2" Konditionen="kon" AnzANG="0"/>
  <Angebote AngNr="HS219" AngKurzBeschreibung="Stadthaus mit Garage" AngLagebeschreibung="Hannover/ Alt-Wettbergen" AngAufDatum="1997-05-07" AngStatus="2" Konditionen="kon" AnzANG="1"/>
  <Angebote AngNr="RH163" AngKurzBeschreibung="Mehrfamilienhaus" AngLagebeschreibung="Hannover - List" AngAufDatum="1997-05-14" AngStatus="2" Konditionen="kon" AnzANG="0"/>
  <Angebote AngNr="HS220" AngKurzBeschreibung="Doppelhaushälfte mit Carport" AngLagebeschreibung="Hannover - Misburg" AngAufDatum="1997-05-14" AngStatus="2" Konditionen="kon" AnzANG="1"/>
  <Angebote AngNr="RH164" AngKurzBeschreibung="Wohn- und Geschäftshaus" AngLagebeschreibung="Hannover - Mitte" AngAufDatum="1997-05-15" AngStatus="2" Konditionen="kon" AnzANG="1"/>
  <Angebote AngNr="RH165" AngKurzBeschreibung="Mehrfamilienhaus" AngLagebeschreibung="Garbsen / Berenbostel" AngAufDatum="1997-05-15" AngStatus="2" Konditionen="kon" AnzANG="0"/>
  <Angebote AngNr="RH166" AngKurzBeschreibung="Mehrfamilienhaus" AngLagebeschreibung="Hannover - Linden/Mitte" AngAufDatum="1997-05-20" AngStatus="2" Konditionen="kon" AnzANG="2"/>
  <Angebote AngNr="HS221" AngKurzBeschreibung="Doppelhaushälfte" AngLagebeschreibung="Hannover - Misburg" AngAufDatum="1997-05-23" AngStatus="2" Konditionen="kon" AnzANG="0"/>
  <Angebote AngNr="HS222" AngKurzBeschreibung="Einfamilienhaus mit Komfort" AngLagebeschreibung="Isernhagen HB" AngAufDatum="1997-05-27" AngStatus="2" Konditionen="kon" AnzANG="0"/>
  <Angebote AngNr="VL121" AngKurzBeschreibung="Eckladen" AngLagebeschreibung="Hannover-Wülfel" AngAufDatum="1997-05-27" AngStatus="2" Konditionen="kon" AnzANG="0"/>
  <Angebote AngNr="VL122" AngKurzBeschreibung="Laden" AngLagebeschreibung="Hannover-Südstadt" AngAufDatum="1997-05-28" AngStatus="2" Konditionen="kon" AnzANG="0"/>
  <Angebote AngNr="EI223" AngKurzBeschreibung="2 Zimmer-Eigentumswohnung" AngLagebeschreibung="Hannover-List" AngAufDatum="1997-05-28" AngStatus="2" Konditionen="kon" AnzANG="0"/>
  <Angebote AngNr="EI224" AngKurzBeschreibung="5-Zimmer-Eigentumswohnung" AngLagebeschreibung="Hannover - List" AngAufDatum="1997-05-29" AngStatus="2" Konditionen="kon" AnzANG="0"/>
  <Angebote AngNr="EI225" AngKurzBeschreibung="4-Zimmer-Eigentumswohnung" AngLagebeschreibung="Hannover - List/Vahrenwald" AngAufDatum="1997-05-29" AngStatus="2" Konditionen="kon" AnzANG="0"/>
  <Angebote AngNr="WO226" AngKurzBeschreibung="3-Zimmer-Mietwohnung" AngLagebeschreibung="Hannover - Kirchrode" AngAufDatum="1997-05-29" AngStatus="2" Konditionen="kon" AnzANG="0"/>
  <Angebote AngNr="EI227" AngKurzBeschreibung="5-Zimmer-Eigentumswohnung" AngLagebeschreibung="Hannover - Südstadt" AngAufDatum="1997-05-30" AngStatus="2" Konditionen="kon" AnzANG="0"/>
  <Angebote AngNr="WO228" AngKurzBeschreibung="3-Zimmer-Mietwohnung" AngLagebeschreibung="Hannover - Bothfeld" AngAufDatum="1997-05-30" AngStatus="2" Konditionen="kon" AnzANG="0"/>
  <Angebote AngNr="EI229" AngKurzBeschreibung="3-Zimmer-Eigentumswohnung" AngLagebeschreibung="Südstadt" AngAufDatum="1997-06-03" AngStatus="2" Konditionen="kon" AnzANG="0"/>
  <Angebote AngNr="HS230" AngKurzBeschreibung="Einfamilienhaus für hohe Ansprüche" AngLagebeschreibung="Isernhagen NB" AngAufDatum="1997-06-03" AngStatus="2" Konditionen="kon" AnzANG="1"/>
  <Angebote AngNr="EI231" AngKurzBeschreibung="5-6 Zimmer-Eigentumswohnung" AngLagebeschreibung="List-Nähe Wedekindplatz" AngAufDatum="1997-06-03" AngStatus="2" Konditionen="kon" AnzANG="0"/>
  <Angebote AngNr="HS233" AngKurzBeschreibung="Reihenmittelhaus" AngLagebeschreibung="Hannover-Bothfeld" AngAufDatum="1997-06-04" AngStatus="2" Konditionen="kon" AnzANG="0"/>
  <Angebote AngNr="EI234" AngKurzBeschreibung="3 Zimmer-Eigentumswohnung" AngLagebeschreibung="Hannover-Kirchrode" AngAufDatum="1997-06-04" AngStatus="2" Konditionen="kon" AnzANG="0"/>
  <Angebote AngNr="HS235" AngKurzBeschreibung="Traumhaftes schönes Anwesen in Burgwedel" AngLagebeschreibung="Burgwedel" AngAufDatum="1997-06-04" AngStatus="2" Konditionen="kon" AnzANG="0"/>
  <Angebote AngNr="VB123" AngKurzBeschreibung="Bürofläche" AngLagebeschreibung="Hannover-Oststadt" AngAufDatum="1997-06-04" AngStatus="2" Konditionen="kon" AnzANG="0"/>
  <Angebote AngNr="EI236" AngKurzBeschreibung="3-4 Zimmer-Eigentumswohnung" AngLagebeschreibung="Hannover - Kleefeld" AngAufDatum="1997-06-05" AngStatus="2" Konditionen="kon" AnzANG="0"/>
  <Angebote AngNr="RH167" AngKurzBeschreibung="Bürohaus" AngLagebeschreibung="Hannover - Südstadt" AngAufDatum="1997-06-09" AngStatus="2" Konditionen="kon" AnzANG="0"/>
  <Angebote AngNr="HS237" AngKurzBeschreibung="Einfamilienhaus auf Traumgrundstück" AngLagebeschreibung="Isernhagen - Süd" AngAufDatum="1997-06-10" AngStatus="2" Konditionen="kon" AnzANG="1"/>
  <Angebote AngNr="EI238" AngKurzBeschreibung="3-Zimmer-Eigentumswohnung" AngLagebeschreibung="Hannover - Hindenburgviertel" AngAufDatum="1997-06-10" AngStatus="2" Konditionen="kon" AnzANG="0"/>
  <Angebote AngNr="HS239" AngKurzBeschreibung="Einfamilienhaus mit Doppel-Garage" AngLagebeschreibung="Lehrte / OT Arpke" AngAufDatum="1997-06-10" AngStatus="2" Konditionen="kon" AnzANG="1"/>
  <Angebote AngNr="HS240" AngKurzBeschreibung="Einfamilienhaus im Bungalowstil mit Doppelgarage" AngLagebeschreibung="Hohenhameln / OT Mehrum" AngAufDatum="1997-06-10" AngStatus="2" Konditionen="kon" AnzANG="1"/>
  <Angebote AngNr="VL124" AngKurzBeschreibung="Laden" AngLagebeschreibung="Hannover - Vahrenwald" AngAufDatum="1997-06-11" AngStatus="2" Konditionen="kon" AnzANG="0"/>
  <Angebote AngNr="VL125" AngKurzBeschreibung="Laden" AngLagebeschreibung="Hannover - Oberricklingen" AngAufDatum="1997-06-11" AngStatus="2" Konditionen="kon" AnzANG="0"/>
  <Angebote AngNr="HS241" AngKurzBeschreibung="1-2 Familienhaus" AngLagebeschreibung="Langenhagen - Krähenwinkel" AngAufDatum="1997-06-13" AngStatus="2" Konditionen="kon" AnzANG="1"/>
  <Angebote AngNr="RH168" AngKurzBeschreibung="Büro- und Geschäftshaus" AngLagebeschreibung="Hannover - Südstadt" AngAufDatum="1997-06-13" AngStatus="2" Konditionen="kon" AnzANG="0"/>
  <Angebote AngNr="RH169" AngKurzBeschreibung="9-Familienhaus" AngLagebeschreibung="Hannover / Linden-Nord" AngAufDatum="1997-06-16" AngStatus="2" Konditionen="kon" AnzANG="0"/>
  <Angebote AngNr="VL126" AngKurzBeschreibung="Laden" AngLagebeschreibung="Hannover- Zentrum" AngAufDatum="1997-06-16" AngStatus="2" Konditionen="kon" AnzANG="0"/>
  <Angebote AngNr="HS242" AngKurzBeschreibung="Einfamilienhaus auf großzügigem Grundstück" AngLagebeschreibung="Sehnde" AngAufDatum="1997-06-16" AngStatus="2" Konditionen="kon" AnzANG="1"/>
  <Angebote AngNr="HS243" AngKurzBeschreibung="Amerikanischer Bungalow" AngLagebeschreibung="Fuhrberg" AngAufDatum="1997-06-16" AngStatus="2" Konditionen="kon" AnzANG="0"/>
  <Angebote AngNr="HS244" AngKurzBeschreibung="Reihenmittelhaus mit Garage" AngLagebeschreibung="Groß Buchholz" AngAufDatum="1997-06-16" AngStatus="2" Konditionen="kon" AnzANG="0"/>
  <Angebote AngNr="RH170" AngKurzBeschreibung="Wohn- und Geschäftshaus" AngLagebeschreibung="Hannover - Nordstadt" AngAufDatum="1997-06-17" AngStatus="2" Konditionen="kon" AnzANG="1"/>
  <Angebote AngNr="HS245" AngKurzBeschreibung="Doppelhaushälfte" AngLagebeschreibung="Ehlershausen" AngAufDatum="1997-06-18" AngStatus="2" Konditionen="kon" AnzANG="0"/>
  <Angebote AngNr="BP246" AngKurzBeschreibung="Bauplatz" AngLagebeschreibung="Lehrte / Hämelerwald Am Waldsee" AngAufDatum="1998-02-21" AngStatus="2" Konditionen="kon" AnzANG="0"/>
  <Angebote AngNr="HS247" AngKurzBeschreibung="Reihenhaus" AngLagebeschreibung="Isernhagen FB" AngAufDatum="1997-06-19" AngStatus="2" Konditionen="kon" AnzANG="0"/>
  <Angebote AngNr="VL128" AngKurzBeschreibung="Laden" AngLagebeschreibung="Hannover - Herrenhausen" AngAufDatum="1997-06-20" AngStatus="2" Konditionen="kon" AnzANG="0"/>
  <Angebote AngNr="VL129" AngKurzBeschreibung="Laden" AngLagebeschreibung="Hannover - Mittelfeld" AngAufDatum="1997-06-20" AngStatus="2" Konditionen="kon" AnzANG="0"/>
  <Angebote AngNr="RH171" AngKurzBeschreibung="Wohn- und Bürohaus" AngLagebeschreibung="Hannover - Sahlkamp" AngAufDatum="1997-06-20" AngStatus="2" Konditionen="kon" AnzANG="0"/>
  <Angebote AngNr="VB130" AngKurzBeschreibung="Büroflächen" AngLagebeschreibung="Hannover - Mitte" AngAufDatum="1997-06-20" AngStatus="2" Konditionen="kon" AnzANG="0"/>
  <Angebote AngNr="HS248" AngKurzBeschreibung="Einfamilienhaus mit Doppelgarage" AngLagebeschreibung="Langenhagen" AngAufDatum="1997-06-20" AngStatus="2" Konditionen="kon" AnzANG="1"/>
  <Angebote AngNr="RH172" AngKurzBeschreibung="Mehrfamilienhaus" AngLagebeschreibung="Hannover - Südstadt" AngAufDatum="1997-06-23" AngStatus="2" Konditionen="kon" AnzANG="0"/>
  <Angebote AngNr="HS249" AngKurzBeschreibung="Einfamilienhaus" AngLagebeschreibung="Hannover - Waldheim/Seelhorst" AngAufDatum="1997-06-23" AngStatus="2" Konditionen="kon" AnzANG="0"/>
  <Angebote AngNr="EI250" AngKurzBeschreibung="2-Zimmer-Eigentumswohnung" AngLagebeschreibung="Hannover - Südstadt" AngAufDatum="1997-06-24" AngStatus="2" Konditionen="kon" AnzANG="0"/>
  <Angebote AngNr="VL127" AngKurzBeschreibung="Ladenfläche" AngLagebeschreibung="Garbsen" AngAufDatum="1997-06-24" AngStatus="2" Konditionen="kon" AnzANG="0"/>
  <Angebote AngNr="HS251" AngKurzBeschreibung="Einfamilienhaus" AngLagebeschreibung="Hannover - Buchholz" AngAufDatum="1997-06-25" AngStatus="2" Konditionen="kon" AnzANG="1"/>
  <Angebote AngNr="HS252" AngKurzBeschreibung="2-Familienhaus" AngLagebeschreibung="Wedemark" AngAufDatum="1997-06-26" AngStatus="2" Konditionen="kon" AnzANG="1"/>
  <Angebote AngNr="VL131" AngKurzBeschreibung="Laden" AngLagebeschreibung="Hannover - Zentrum" AngAufDatum="1997-06-26" AngStatus="2" Konditionen="kon" AnzANG="0"/>
  <Angebote AngNr="VL132" AngKurzBeschreibung="Restaurant mit Wohnung" AngLagebeschreibung="Hannover - Oststadt" AngAufDatum="1997-06-27" AngStatus="2" Konditionen="kon" AnzANG="0"/>
  <Angebote AngNr="HS253" AngKurzBeschreibung="Winkelbungalow mit Doppelgarage" AngLagebeschreibung="Burgdorf - Hänigsen" AngAufDatum="1997-06-27" AngStatus="2" Konditionen="kon" AnzANG="0"/>
  <Angebote AngNr="Ei254" AngKurzBeschreibung="3-4 Zimmer-Eigentumswohnung" AngLagebeschreibung="Hannover - Südstadt" AngAufDatum="1997-06-27" AngStatus="2" Konditionen="kon" AnzANG="0"/>
  <Angebote AngNr="VL133" AngKurzBeschreibung="Laden, z.Zt. Jeans-Boutique" AngLagebeschreibung="Hannover - Vahrenheide" AngAufDatum="1997-07-01" AngStatus="2" Konditionen="kon" AnzANG="0"/>
  <Angebote AngNr="EI255" AngKurzBeschreibung="2-Zimmer-Eigentumswohnung" AngLagebeschreibung="Hannover - Nähe Lister Platz" AngAufDatum="1997-07-02" AngStatus="2" Konditionen="kon" AnzANG="1"/>
  <Angebote AngNr="EI256" AngKurzBeschreibung="2-Zimmer-Eigentumswohnung" AngLagebeschreibung="Hannover - List" AngAufDatum="1997-07-03" AngStatus="2" Konditionen="kon" AnzANG="0"/>
  <Angebote AngNr="VB134" AngKurzBeschreibung="Büro" AngLagebeschreibung="Hannover - Mitte" AngAufDatum="1997-07-03" AngStatus="2" Konditionen="kon" AnzANG="0"/>
  <Angebote AngNr="VL135" AngKurzBeschreibung="Laden" AngLagebeschreibung="Hannover - Oststadt" AngAufDatum="1997-07-03" AngStatus="2" Konditionen="kon" AnzANG="0"/>
  <Angebote AngNr="EI257" AngKurzBeschreibung="2-Zimmer-Eigentumswohnung" AngLagebeschreibung="Hannover - List" AngAufDatum="1997-07-03" AngStatus="2" Konditionen="kon" AnzANG="0"/>
  <Angebote AngNr="RH173" AngKurzBeschreibung="Fabrikgebäude" AngLagebeschreibung="Hannover - Südstadt" AngAufDatum="1997-07-04" AngStatus="2" Konditionen="kon" AnzANG="0"/>
  <Angebote AngNr="HS258" AngKurzBeschreibung="Kettenbungalow (Endhaus) mit Garage" AngLagebeschreibung="Hannover - Ricklingen" AngAufDatum="1997-07-05" AngStatus="2" Konditionen="kon" AnzANG="0"/>
  <Angebote AngNr="EI259" AngKurzBeschreibung="2-Zimmer-Eigentumswohnung" AngLagebeschreibung="Hannover - List" AngAufDatum="1997-07-05" AngStatus="2" Konditionen="kon" AnzANG="0"/>
  <Angebote AngNr="EI260" AngKurzBeschreibung="4-Zimmer-Penthouse-Wohnung" AngLagebeschreibung="Hannover - List" AngAufDatum="1997-07-05" AngStatus="2" Konditionen="kon" AnzANG="0"/>
  <Angebote AngNr="VL136" AngKurzBeschreibung="Laden" AngLagebeschreibung="Hannover - Ricklingen" AngAufDatum="1997-07-07" AngStatus="2" Konditionen="kon" AnzANG="0"/>
  <Angebote AngNr="VB137" AngKurzBeschreibung="Büro" AngLagebeschreibung="Hannover - Mitte" AngAufDatum="1997-07-07" AngStatus="2" Konditionen="kon" AnzANG="0"/>
  <Angebote AngNr="HS261" AngKurzBeschreibung="Doppelhaushälfte mit Doppelgarage" AngLagebeschreibung="Hannover - Misburg" AngAufDatum="1997-07-07" AngStatus="2" Konditionen="kon" AnzANG="0"/>
  <Angebote AngNr="RH174" AngKurzBeschreibung="Mehrfamilienhaus" AngLagebeschreibung="Hannover - List" AngAufDatum="1997-07-08" AngStatus="2" Konditionen="kon" AnzANG="0"/>
  <Angebote AngNr="RH175" AngKurzBeschreibung="Wohn- und Geschäftshaus" AngLagebeschreibung="Hannover - List / Lister Meile" AngAufDatum="1997-07-09" AngStatus="2" Konditionen="kon" AnzANG="0"/>
  <Angebote AngNr="HS262" AngKurzBeschreibung="Reihenmittelhaus" AngLagebeschreibung="Arnum" AngAufDatum="1997-07-09" AngStatus="2" Konditionen="kon" AnzANG="0"/>
  <Angebote AngNr="HS263" AngKurzBeschreibung="2-Familienhaus" AngLagebeschreibung="Isernhagen" AngAufDatum="1997-07-10" AngStatus="2" Konditionen="kon" AnzANG="0"/>
  <Angebote AngNr="EI264" AngKurzBeschreibung="3-Zimmer-Eigentumswohnung" AngLagebeschreibung="Hannover - List" AngAufDatum="1997-07-10" AngStatus="2" Konditionen="kon" AnzANG="0"/>
  <Angebote AngNr="RH176" AngKurzBeschreibung="Mehrfamilienhaus" AngLagebeschreibung="Hannover - Wülfel" AngAufDatum="1997-07-11" AngStatus="2" Konditionen="kon" AnzANG="1"/>
  <Angebote AngNr="RH177" AngKurzBeschreibung="Hotels- und Gaststättengebäude" AngLagebeschreibung="Hannover - List" AngAufDatum="1997-07-11" AngStatus="2" Konditionen="kon" AnzANG="1"/>
  <Angebote AngNr="EI265" AngKurzBeschreibung="1-Zimmer-Appartement" AngLagebeschreibung="Hannover - Ricklingen" AngAufDatum="1997-07-15" AngStatus="2" Konditionen="kon" AnzANG="0"/>
  <Angebote AngNr="HS266" AngKurzBeschreibung="Reihenendhaus mit Flair" AngLagebeschreibung="Harkenbleck" AngAufDatum="1997-07-15" AngStatus="2" Konditionen="kon" AnzANG="1"/>
  <Angebote AngNr="WO267" AngKurzBeschreibung="Großzügiges 1-2 Familienhaus mit Garage" AngLagebeschreibung="Zwischen Hannover - Celle in Eicklingen" AngAufDatum="1997-07-16" AngStatus="2" Konditionen="kon" AnzANG="0"/>
  <Angebote AngNr="WO268" AngKurzBeschreibung="4-Zimmer-Mietwohnung" AngLagebeschreibung="List" AngAufDatum="1997-07-19" AngStatus="2" Konditionen="kon" AnzANG="0"/>
  <Angebote AngNr="WO269" AngKurzBeschreibung="2-Zimmer-Mietwohnung" AngLagebeschreibung="Hannover - List" AngAufDatum="1997-07-21" AngStatus="2" Konditionen="kon" AnzANG="0"/>
  <Angebote AngNr="VL138" AngKurzBeschreibung="Laden" AngLagebeschreibung="Hannover - Limmer" AngAufDatum="1997-07-22" AngStatus="2" Konditionen="kon" AnzANG="0"/>
  <Angebote AngNr="VL139" AngKurzBeschreibung="Büro / Laden" AngLagebeschreibung="Hannover - Nordstadt" AngAufDatum="1997-07-22" AngStatus="2" Konditionen="kon" AnzANG="0"/>
  <Angebote AngNr="VB140" AngKurzBeschreibung="Büro- Praxisflächen" AngLagebeschreibung="Garbsen" AngAufDatum="1997-07-23" AngStatus="2" Konditionen="kon" AnzANG="0"/>
  <Angebote AngNr="RG 178" AngKurzBeschreibung="Wohn- und Gewerbegrundstück" AngLagebeschreibung="Hannover - Südstadt" AngAufDatum="1997-07-23" AngStatus="2" Konditionen="kon" AnzANG="0"/>
  <Angebote AngNr="VL141" AngKurzBeschreibung="Verkaufsstand" AngLagebeschreibung="Hannover - Zentrum" AngAufDatum="1997-07-24" AngStatus="2" Konditionen="kon" AnzANG="0"/>
  <Angebote AngNr="VB142" AngKurzBeschreibung="Büro" AngLagebeschreibung="Hannover - Mitte" AngAufDatum="1997-07-25" AngStatus="2" Konditionen="kon" AnzANG="0"/>
  <Angebote AngNr="RH179" AngKurzBeschreibung="Mehrfamilienhaus" AngLagebeschreibung="Hannover - Groß Buchholz" AngAufDatum="1997-07-25" AngStatus="2" Konditionen="kon" AnzANG="0"/>
  <Angebote AngNr="EI270" AngKurzBeschreibung="1-Zimmer-Appartement" AngLagebeschreibung="Langenhagen - Krähenwinkel" AngAufDatum="1997-07-28" AngStatus="2" Konditionen="kon" AnzANG="0"/>
  <Angebote AngNr="WO271" AngKurzBeschreibung="2-Zimmer-Mietwohnung" AngLagebeschreibung="Hannover - List" AngAufDatum="1997-07-29" AngStatus="2" Konditionen="kon" AnzANG="0"/>
  <Angebote AngNr="HS272" AngKurzBeschreibung="Doppelhaushälfte mit Doppelgarage" AngLagebeschreibung="Großburgwedel" AngAufDatum="1997-07-30" AngStatus="2" Konditionen="kon" AnzANG="0"/>
  <Angebote AngNr="HS273" AngKurzBeschreibung="Doppelhaushälfte" AngLagebeschreibung="Hannover - Vahrenheide" AngAufDatum="1997-07-30" AngStatus="2" Konditionen="kon" AnzANG="1"/>
  <Angebote AngNr="WO274" AngKurzBeschreibung="3-Zimmer-Mietwohnung" AngLagebeschreibung="Langenhagen - Wiesenau" AngAufDatum="1997-07-31" AngStatus="2" Konditionen="kon" AnzANG="0"/>
  <Angebote AngNr="HS275" AngKurzBeschreibung="Gartenhofhaus" AngLagebeschreibung="Hannover - Bemerode" AngAufDatum="1997-07-31" AngStatus="2" Konditionen="kon" AnzANG="0"/>
  <Angebote AngNr="HS276" AngKurzBeschreibung="Einfamilienhaus im Grünen" AngLagebeschreibung="Klein Burgwedel" AngAufDatum="1997-08-01" AngStatus="2" Konditionen="kon" AnzANG="0"/>
  <Angebote AngNr="EI277" AngKurzBeschreibung="2-3 Zimmer-Eigentumswohnung" AngLagebeschreibung="Hannover - Döhren" AngAufDatum="1997-08-06" AngStatus="2" Konditionen="kon" AnzANG="0"/>
  <Angebote AngNr="HS278" AngKurzBeschreibung="Doppelhaushäfte mit 2 Terrassen" AngLagebeschreibung="Hannover-Bothfeld" AngAufDatum="1997-08-08" AngStatus="2" Konditionen="kon" AnzANG="0"/>
  <Angebote AngNr="HS279" AngKurzBeschreibung="Stilvolles, top renoviertes EFH mit Garage" AngLagebeschreibung="Hannover-Badenstedt-Afrikaviertel" AngAufDatum="1997-08-08" AngStatus="2" Konditionen="kon" AnzANG="1"/>
  <Angebote AngNr="EI280" AngKurzBeschreibung="5-Zimmer-Eigentumswohnung" AngLagebeschreibung="Hannover-List" AngAufDatum="1997-08-14" AngStatus="2" Konditionen="kon" AnzANG="0"/>
  <Angebote AngNr="RH180" AngKurzBeschreibung="3 Mehrfamilienhäuser" AngLagebeschreibung="Hannover-Groß Bucholz" AngAufDatum="1997-08-14" AngStatus="2" Konditionen="kon" AnzANG="0"/>
  <Angebote AngNr="RH181" AngKurzBeschreibung="Mehrfamilienhaus" AngLagebeschreibung="Linden-Süd" AngAufDatum="1997-08-15" AngStatus="2" Konditionen="kon" AnzANG="1"/>
  <Angebote AngNr="VH143" AngKurzBeschreibung="Lagerfläche" AngLagebeschreibung="Hannover - Oststadt" AngAufDatum="1997-08-19" AngStatus="2" Konditionen="kon" AnzANG="0"/>
  <Angebote AngNr="EI281" AngKurzBeschreibung="Dachgeschoßwohnung mit Dachterrasse" AngLagebeschreibung="Hannover - Buchholz" AngAufDatum="1997-08-20" AngStatus="2" Konditionen="kon" AnzANG="0"/>
  <Angebote AngNr="EI282" AngKurzBeschreibung="Galeriewohnung mit Dachterasse" AngLagebeschreibung="Hanover-Kleefeld" AngAufDatum="1997-08-20" AngStatus="2" Konditionen="kon" AnzANG="1"/>
  <Angebote AngNr="VL144" AngKurzBeschreibung="Ladengeschäft" AngLagebeschreibung="Hannover - Linden Süd - Lindener Marktplatz" AngAufDatum="1997-08-23" AngStatus="2" Konditionen="kon" AnzANG="0"/>
  <Angebote AngNr="VL145" AngKurzBeschreibung="Ladengeschäft, z.Zt. Reisebüro" AngLagebeschreibung="Hannover-Oststadt-Nähe Lister Platz" AngAufDatum="1997-08-27" AngStatus="2" Konditionen="kon" AnzANG="0"/>
  <Angebote AngNr="RH182" AngKurzBeschreibung="Repräsentatives Wohn-und Bürohaus" AngLagebeschreibung="Hannover - Mitte" AngAufDatum="1997-08-28" AngStatus="2" Konditionen="kon" AnzANG="2"/>
  <Angebote AngNr="HS283" AngKurzBeschreibung="Doppelhaushälfte" AngLagebeschreibung="Hannover - Buchholz" AngAufDatum="1997-09-01" AngStatus="2" Konditionen="kon" AnzANG="1"/>
  <Angebote AngNr="WO284" AngKurzBeschreibung="2-4 Zimmer-Mietwohnung" AngLagebeschreibung="Hannover - Buchholz" AngAufDatum="1997-09-01" AngStatus="2" Konditionen="kon" AnzANG="0"/>
  <Angebote AngNr="EI285" AngKurzBeschreibung="5-Zimmer-Eigentumswohnung" AngLagebeschreibung="Hannover - List/ Musikerviertel" AngAufDatum="1997-09-01" AngStatus="2" Konditionen="kon" AnzANG="0"/>
  <Angebote AngNr="HS286" AngKurzBeschreibung="Top ausgestattetes Reihenhaus" AngLagebeschreibung="Hannover - Lahe" AngAufDatum="1997-09-03" AngStatus="2" Konditionen="kon" AnzANG="1"/>
  <Angebote AngNr="HS287" AngKurzBeschreibung="Villa" AngLagebeschreibung="Hannover - Zooviertel" AngAufDatum="1997-09-03" AngStatus="2" Konditionen="kon" AnzANG="1"/>
  <Angebote AngNr="EI288" AngKurzBeschreibung="3-Zimmer-Eigentumswohnung" AngLagebeschreibung="Hannover - Bothfeld" AngAufDatum="1997-09-03" AngStatus="2" Konditionen="kon" AnzANG="0"/>
  <Angebote AngNr="VL146" AngKurzBeschreibung="Laden" AngLagebeschreibung="Hannover - Nordstadt" AngAufDatum="1997-09-03" AngStatus="2" Konditionen="kon" AnzANG="0"/>
  <Angebote AngNr="RH183" AngKurzBeschreibung="Mehrfamilienhaus" AngLagebeschreibung="Hannover - List" AngAufDatum="1997-09-03" AngStatus="2" Konditionen="kon" AnzANG="0"/>
  <Angebote AngNr="EI289" AngKurzBeschreibung="3-Zimmer-Eigentumswohnung" AngLagebeschreibung="Hannover - List" AngAufDatum="1997-09-03" AngStatus="2" Konditionen="kon" AnzANG="0"/>
  <Angebote AngNr="VL147" AngKurzBeschreibung="Ladengeschäft" AngLagebeschreibung="Hannover-Oststadt, Nähe Weißekreutzplatz" AngAufDatum="1997-09-09" AngStatus="2" Konditionen="kon" AnzANG="0"/>
  <Angebote AngNr="VB148" AngKurzBeschreibung="Büroflächen" AngLagebeschreibung="Hannover - Zooviertel" AngAufDatum="1997-09-10" AngStatus="2" Konditionen="kon" AnzANG="0"/>
  <Angebote AngNr="HS290" AngKurzBeschreibung="Großzügiges Anwesen in herrlicher Lage" AngLagebeschreibung="Wedemark - Bissendorf" AngAufDatum="1997-09-10" AngStatus="2" Konditionen="kon" AnzANG="0"/>
  <Angebote AngNr="EI291" AngKurzBeschreibung="3-Zimmer-Wohnung" AngLagebeschreibung="Hannover - Döhren" AngAufDatum="1997-09-11" AngStatus="2" Konditionen="kon" AnzANG="0"/>
  <Angebote AngNr="VL149" AngKurzBeschreibung="Laden" AngLagebeschreibung="Hannover - Oststadt" AngAufDatum="1997-09-11" AngStatus="2" Konditionen="kon" AnzANG="0"/>
  <Angebote AngNr="WO292" AngKurzBeschreibung="4-Zimmer-Mietwohnung" AngLagebeschreibung="Hannover - Buchholz" AngAufDatum="1997-09-11" AngStatus="2" Konditionen="kon" AnzANG="0"/>
  <Angebote AngNr="WO293" AngKurzBeschreibung="4-Zimmer-Mietwohnung" AngLagebeschreibung="Hannover - Buchholz" AngAufDatum="1997-09-11" AngStatus="2" Konditionen="kon" AnzANG="0"/>
  <Angebote AngNr="VL150" AngKurzBeschreibung="Laden" AngLagebeschreibung="Isernhagen - Süd" AngAufDatum="1997-09-12" AngStatus="2" Konditionen="kon" AnzANG="0"/>
  <Angebote AngNr="WO294" AngKurzBeschreibung="Atelier-Wohnung" AngLagebeschreibung="Hannover - Steuerndieb" AngAufDatum="1997-09-12" AngStatus="2" Konditionen="kon" AnzANG="0"/>
  <Angebote AngNr="VB151" AngKurzBeschreibung="Bürohaus" AngLagebeschreibung="Hannover - Südstadt" AngAufDatum="1997-09-12" AngStatus="2" Konditionen="kon" AnzANG="0"/>
  <Angebote AngNr="EI295" AngKurzBeschreibung="4-Zimmer-Eigentumswohnung" AngLagebeschreibung="Hannover - Döhren" AngAufDatum="1997-09-15" AngStatus="2" Konditionen="kon" AnzANG="1"/>
  <Angebote AngNr="RH184" AngKurzBeschreibung="Wohn-/Geschäftshaus" AngLagebeschreibung="Hannover - Linden" AngAufDatum="1997-09-16" AngStatus="2" Konditionen="kon" AnzANG="1"/>
  <Angebote AngNr="EI296" AngKurzBeschreibung="4-geschossiges Wohnhaus mit Penthouse" AngLagebeschreibung="Hannover - Burg" AngAufDatum="1997-09-16" AngStatus="2" Konditionen="kon" AnzANG="0"/>
  <Angebote AngNr="RH185" AngKurzBeschreibung="Fachwerkhaus, Wohn- und Geschäftshaus" AngLagebeschreibung="Im Zentrum von Quedlinburg" AngAufDatum="1997-09-18" AngStatus="2" Konditionen="kon" AnzANG="0"/>
  <Angebote AngNr="HS297" AngKurzBeschreibung="Resthof mit Stallungen" AngLagebeschreibung="Bergen / Umland" AngAufDatum="1997-09-19" AngStatus="2" Konditionen="kon" AnzANG="0"/>
  <Angebote AngNr="EI298" AngKurzBeschreibung="3-Zimmer-Eigentumswohnung" AngLagebeschreibung="Hannover - List" AngAufDatum="1997-09-19" AngStatus="2" Konditionen="kon" AnzANG="0"/>
  <Angebote AngNr="RH186" AngKurzBeschreibung="Mehrfamilienhaus" AngLagebeschreibung="Hannover - Südstadt" AngAufDatum="1997-09-19" AngStatus="2" Konditionen="kon" AnzANG="1"/>
  <Angebote AngNr="WO299" AngKurzBeschreibung="1-Zimmer-Mietwohnung" AngLagebeschreibung="Hannover - Hainholz" AngAufDatum="1997-09-22" AngStatus="2" Konditionen="kon" AnzANG="0"/>
  <Angebote AngNr="VL152" AngKurzBeschreibung="Laden" AngLagebeschreibung="Isernhagen - Süd" AngAufDatum="1997-09-25" AngStatus="2" Konditionen="kon" AnzANG="0"/>
  <Angebote AngNr="RH187" AngKurzBeschreibung="Wohn- und Bürohaus" AngLagebeschreibung="Hannover/ Philosophenviertel" AngAufDatum="1997-09-26" AngStatus="2" Konditionen="kon" AnzANG="1"/>
  <Angebote AngNr="RH188" AngKurzBeschreibung="Wohn- und Geschäftshaus" AngLagebeschreibung="Magdeburg" AngAufDatum="1997-09-26" AngStatus="2" Konditionen="kon" AnzANG="0"/>
  <Angebote AngNr="VB153" AngKurzBeschreibung="Bürofläche" AngLagebeschreibung="Hannover - Linden" AngAufDatum="1997-09-29" AngStatus="2" Konditionen="kon" AnzANG="0"/>
  <Angebote AngNr="EI300" AngKurzBeschreibung="2-Zimmer-Eigentumswohnung" AngLagebeschreibung="Hannover - List" AngAufDatum="1997-09-29" AngStatus="2" Konditionen="kon" AnzANG="0"/>
  <Angebote AngNr="RH189" AngKurzBeschreibung="Bürohaus" AngLagebeschreibung="Hannover - Vahrenwald" AngAufDatum="1997-09-30" AngStatus="2" Konditionen="kon" AnzANG="1"/>
  <Angebote AngNr="HS301" AngKurzBeschreibung="Reihenmittelhaus" AngLagebeschreibung="Hemmingen - Westerfeld" AngAufDatum="1997-10-01" AngStatus="2" Konditionen="kon" AnzANG="0"/>
  <Angebote AngNr="VL154" AngKurzBeschreibung="Laden" AngLagebeschreibung="Hannover - Oststadt" AngAufDatum="1997-10-08" AngStatus="2" Konditionen="kon" AnzANG="0"/>
  <Angebote AngNr="RH190" AngKurzBeschreibung="Wohn-/Bürohaus" AngLagebeschreibung="Hannover- Oststadt" AngAufDatum="1997-10-08" AngStatus="2" Konditionen="kon" AnzANG="0"/>
  <Angebote AngNr="WO302" AngKurzBeschreibung="1-Zimmer-Dachgeschoß-Wohnung" AngLagebeschreibung="Hannover - Mitte" AngAufDatum="1997-10-08" AngStatus="2" Konditionen="kon" AnzANG="0"/>
  <Angebote AngNr="WO303" AngKurzBeschreibung="5-Zimmer-Mietwohnung" AngLagebeschreibung="Hannover - List" AngAufDatum="1997-10-08" AngStatus="2" Konditionen="kon" AnzANG="0"/>
  <Angebote AngNr="WO304" AngKurzBeschreibung="5-Zimmer-Mietwohnung" AngLagebeschreibung="Hannover- List" AngAufDatum="1997-10-09" AngStatus="2" Konditionen="kon" AnzANG="0"/>
  <Angebote AngNr="RH191" AngKurzBeschreibung="Wohn- und Geschäftshaus" AngLagebeschreibung="Hannover - Südstadt" AngAufDatum="1997-10-09" AngStatus="2" Konditionen="kon" AnzANG="0"/>
  <Angebote AngNr="HS305" AngKurzBeschreibung="1-2 Familienhaus mit Carport" AngLagebeschreibung="Ronnenberg" AngAufDatum="1997-10-10" AngStatus="2" Konditionen="kon" AnzANG="0"/>
  <Angebote AngNr="EI306" AngKurzBeschreibung="4-Zimmer- Eigentumswohnung" AngLagebeschreibung="Hannover- List" AngAufDatum="1997-10-10" AngStatus="2" Konditionen="kon" AnzANG="0"/>
  <Angebote AngNr="VL155" AngKurzBeschreibung="Laden" AngLagebeschreibung="Hannover - Badenstedt" AngAufDatum="1997-10-13" AngStatus="2" Konditionen="kon" AnzANG="0"/>
  <Angebote AngNr="HS307" AngKurzBeschreibung="2-Familienhaus mit Einliegerwohnung" AngLagebeschreibung="Langenhagen bei Hannover" AngAufDatum="1997-10-13" AngStatus="2" Konditionen="kon" AnzANG="0"/>
  <Angebote AngNr="WO308" AngKurzBeschreibung="3-Zimmer-Mietwohnung" AngLagebeschreibung="Hannover - Kirchrode" AngAufDatum="1997-10-13" AngStatus="2" Konditionen="kon" AnzANG="1"/>
  <Angebote AngNr="RH192" AngKurzBeschreibung="Wohn- und Gewerbehaus" AngLagebeschreibung="Hannover - Oststadt" AngAufDatum="1997-10-14" AngStatus="2" Konditionen="kon" AnzANG="1"/>
  <Angebote AngNr="HS309" AngKurzBeschreibung="Doppelhaushälfte" AngLagebeschreibung="Sarstedt" AngAufDatum="1997-10-15" AngStatus="2" Konditionen="kon" AnzANG="0"/>
  <Angebote AngNr="VB156" AngKurzBeschreibung="Bürofläche" AngLagebeschreibung="Hannover - Mitte" AngAufDatum="1997-10-15" AngStatus="2" Konditionen="kon" AnzANG="0"/>
  <Angebote AngNr="VL157" AngKurzBeschreibung="Laden" AngLagebeschreibung="Hannover - Zentrum" AngAufDatum="1997-10-15" AngStatus="2" Konditionen="kon" AnzANG="0"/>
  <Angebote AngNr="VL158" AngKurzBeschreibung="Laden" AngLagebeschreibung="Hannover- Zentrum" AngAufDatum="1997-10-15" AngStatus="2" Konditionen="kon" AnzANG="0"/>
  <Angebote AngNr="VL159" AngKurzBeschreibung="Laden" AngLagebeschreibung="Hannover - Döhren" AngAufDatum="1997-10-17" AngStatus="2" Konditionen="kon" AnzANG="0"/>
  <Angebote AngNr="WO310" AngKurzBeschreibung="3-Zimmer-Mietwohnung" AngLagebeschreibung="Hannover - Zooviertel" AngAufDatum="1997-10-17" AngStatus="2" Konditionen="kon" AnzANG="0"/>
  <Angebote AngNr="VB160" AngKurzBeschreibung="Büroflächen" AngLagebeschreibung="Hannover - Zentrum" AngAufDatum="1997-10-17" AngStatus="2" Konditionen="kon" AnzANG="0"/>
  <Angebote AngNr="EI311" AngKurzBeschreibung="Penthouse" AngLagebeschreibung="Hannover - Alt/Ricklingen" AngAufDatum="1997-10-21" AngStatus="2" Konditionen="kon" AnzANG="0"/>
  <Angebote AngNr="VL161" AngKurzBeschreibung="Laden" AngLagebeschreibung="Hannover - List" AngAufDatum="1997-10-21" AngStatus="2" Konditionen="kon" AnzANG="0"/>
  <Angebote AngNr="WO312" AngKurzBeschreibung="4-Zimmer-Mietwohnung" AngLagebeschreibung="Großburgwedel" AngAufDatum="1997-10-21" AngStatus="2" Konditionen="kon" AnzANG="0"/>
  <Angebote AngNr="WO313" AngKurzBeschreibung="6-Zimmer-Mietwohnung" AngLagebeschreibung="Hannover - Kleefeld" AngAufDatum="1997-10-21" AngStatus="2" Konditionen="kon" AnzANG="0"/>
  <Angebote AngNr="WO314" AngKurzBeschreibung="Penthouse" AngLagebeschreibung="Hannover - Buchholz" AngAufDatum="1997-10-21" AngStatus="2" Konditionen="kon" AnzANG="0"/>
  <Angebote AngNr="WO316" AngKurzBeschreibung="2-Zimmer-Mietwohnung" AngLagebeschreibung="Altwarmbüchen" AngAufDatum="1997-10-22" AngStatus="2" Konditionen="kon" AnzANG="0"/>
  <Angebote AngNr="HS317" AngKurzBeschreibung="Einfamilienhaus mit Garage" AngLagebeschreibung="Hannover - Misburg" AngAufDatum="1997-10-23" AngStatus="2" Konditionen="kon" AnzANG="0"/>
  <Angebote AngNr="WO318" AngKurzBeschreibung="3-4 Zimmer- Penthouse Wohnung" AngLagebeschreibung="Hannover/Alt-Ricklingen" AngAufDatum="1997-10-24" AngStatus="2" Konditionen="kon" AnzANG="0"/>
  <Angebote AngNr="EI319" AngKurzBeschreibung="2-Zimmer-Eigentumswohnung" AngLagebeschreibung="Hannover - List" AngAufDatum="1997-10-27" AngStatus="2" Konditionen="kon" AnzANG="1"/>
  <Angebote AngNr="RH193" AngKurzBeschreibung="Lagerei mit Wohnung" AngLagebeschreibung="Hannover - Oststadt" AngAufDatum="1997-10-27" AngStatus="2" Konditionen="kon" AnzANG="0"/>
  <Angebote AngNr="EI320" AngKurzBeschreibung="3-Zimmer-Eigentumswohnung" AngLagebeschreibung="Hannover - Wettbergen" AngAufDatum="1997-10-30" AngStatus="2" Konditionen="kon" AnzANG="0"/>
  <Angebote AngNr="VB162" AngKurzBeschreibung="Büroflächen" AngLagebeschreibung="Hannover- Döhren" AngAufDatum="1997-10-31" AngStatus="2" Konditionen="kon" AnzANG="0"/>
  <Angebote AngNr="VL163" AngKurzBeschreibung="Eckladen" AngLagebeschreibung="Hannover- Linden/ Nord" AngAufDatum="1997-10-31" AngStatus="2" Konditionen="kon" AnzANG="0"/>
  <Angebote AngNr="VL164" AngKurzBeschreibung="Laden" AngLagebeschreibung="Hannover - Linden" AngAufDatum="1997-11-03" AngStatus="2" Konditionen="kon" AnzANG="0"/>
  <Angebote AngNr="HS321" AngKurzBeschreibung="Einfamilienhaus mit Carport" AngLagebeschreibung="Hannover- Harenberg" AngAufDatum="1997-11-03" AngStatus="2" Konditionen="kon" AnzANG="1"/>
  <Angebote AngNr="WO322" AngKurzBeschreibung="4-Zimmer-Mietwohnung" AngLagebeschreibung="Hannover -Buchholz" AngAufDatum="1997-11-03" AngStatus="2" Konditionen="kon" AnzANG="0"/>
  <Angebote AngNr="WO323" AngKurzBeschreibung="4-Zimmer-Mietwohnung" AngLagebeschreibung="Hannover - Buchholz" AngAufDatum="1997-11-03" AngStatus="2" Konditionen="kon" AnzANG="0"/>
  <Angebote AngNr="HS324" AngKurzBeschreibung="Stadtvilla" AngLagebeschreibung="Hannover - List" AngAufDatum="1997-11-04" AngStatus="2" Konditionen="kon" AnzANG="0"/>
  <Angebote AngNr="HS325" AngKurzBeschreibung="Reihenhaus" AngLagebeschreibung="Isernhagen" AngAufDatum="1997-11-04" AngStatus="2" Konditionen="kon" AnzANG="0"/>
  <Angebote AngNr="HS326" AngKurzBeschreibung="Reihenmittelhaus" AngLagebeschreibung="Isernhagen" AngAufDatum="1997-11-04" AngStatus="2" Konditionen="kon" AnzANG="0"/>
  <Angebote AngNr="HS327" AngKurzBeschreibung="Doppelhaushälfte" AngLagebeschreibung="Eicklingen" AngAufDatum="1997-11-04" AngStatus="2" Konditionen="kon" AnzANG="0"/>
  <Angebote AngNr="VL165" AngKurzBeschreibung="Schaukastenhälfte" AngLagebeschreibung="Hannover - Zentrum" AngAufDatum="1997-11-04" AngStatus="2" Konditionen="kon" AnzANG="0"/>
  <Angebote AngNr="RH195" AngKurzBeschreibung="Büro- und Lagerhaus" AngLagebeschreibung="Großburgwedel" AngAufDatum="1997-11-05" AngStatus="2" Konditionen="kon" AnzANG="0"/>
  <Angebote AngNr="HS328" AngKurzBeschreibung="Reihenendhaus" AngLagebeschreibung="Hannover - Heideviertel" AngAufDatum="1997-11-05" AngStatus="2" Konditionen="kon" AnzANG="1"/>
  <Angebote AngNr="WO329" AngKurzBeschreibung="3-Zimmer-Mietwohnung" AngLagebeschreibung="Altwarmbüchen" AngAufDatum="1997-11-05" AngStatus="2" Konditionen="kon" AnzANG="0"/>
  <Angebote AngNr="HS330" AngKurzBeschreibung="Einfamilienhaus" AngLagebeschreibung="Hannover - Bemerode" AngAufDatum="1997-11-06" AngStatus="2" Konditionen="kon" AnzANG="0"/>
  <Angebote AngNr="RH196" AngKurzBeschreibung="Wohn-und Geschäftshaus" AngLagebeschreibung="Hannover - Vahrenwald" AngAufDatum="1997-11-06" AngStatus="2" Konditionen="kon" AnzANG="1"/>
  <Angebote AngNr="EI331" AngKurzBeschreibung="1-Zimmer-Eigentumswohnung" AngLagebeschreibung="Hannover - Wettbergen" AngAufDatum="1997-11-07" AngStatus="2" Konditionen="kon" AnzANG="0"/>
  <Angebote AngNr="HS332" AngKurzBeschreibung="Einfamilienhaus mit Einlieger-Appartement" AngLagebeschreibung="Isernhagen" AngAufDatum="1997-11-07" AngStatus="2" Konditionen="kon" AnzANG="0"/>
  <Angebote AngNr="EI333" AngKurzBeschreibung="3-Zimmer-Eigentumswohnung" AngLagebeschreibung="Hannover - Ricklingen" AngAufDatum="1997-11-11" AngStatus="2" Konditionen="kon" AnzANG="1"/>
  <Angebote AngNr="VL166" AngKurzBeschreibung="Schnellrestaurant mit Werkswohnung" AngLagebeschreibung="Hannover - Altstadt" AngAufDatum="1997-11-11" AngStatus="2" Konditionen="kon" AnzANG="0"/>
  <Angebote AngNr="HS334" AngKurzBeschreibung="2- Familienhaus mit Doppelgarage" AngLagebeschreibung="Ronnenberg OT Empelde" AngAufDatum="1997-11-18" AngStatus="2" Konditionen="kon" AnzANG="0"/>
  <Angebote AngNr="RH197" AngKurzBeschreibung="Mehrfamilienhaus" AngLagebeschreibung="Hannover - Vahrenwald" AngAufDatum="1997-11-19" AngStatus="2" Konditionen="kon" AnzANG="0"/>
  <Angebote AngNr="RH198" AngKurzBeschreibung="Wohn- und Geschäftshaus" AngLagebeschreibung="Hannover - Vahrenwald" AngAufDatum="1997-11-19" AngStatus="2" Konditionen="kon" AnzANG="0"/>
  <Angebote AngNr="WO335" AngKurzBeschreibung="3-Zimmer-Mietwohnung" AngLagebeschreibung="Großburgwedel" AngAufDatum="1997-11-19" AngStatus="2" Konditionen="kon" AnzANG="0"/>
  <Angebote AngNr="HS336" AngKurzBeschreibung="Fachwerkhaus" AngLagebeschreibung="Barsinghausen" AngAufDatum="1997-11-20" AngStatus="2" Konditionen="kon" AnzANG="1"/>
  <Angebote AngNr="WO337" AngKurzBeschreibung="Reihenendhaus" AngLagebeschreibung="Hannover- Bemerode" AngAufDatum="1997-11-24" AngStatus="2" Konditionen="kon" AnzANG="0"/>
  <Angebote AngNr="EI338" AngKurzBeschreibung="4-Zimmer-Eigentumswohnung" AngLagebeschreibung="Hannover - Südstadt" AngAufDatum="1997-12-12" AngStatus="2" Konditionen="kon" AnzANG="1"/>
  <Angebote AngNr="RH199" AngKurzBeschreibung="Mehrfamilienhaus" AngLagebeschreibung="Bennigsen" AngAufDatum="1998-02-21" AngStatus="2" Konditionen="kon" AnzANG="0"/>
  <Angebote AngNr="EI339" AngKurzBeschreibung="3-Zimmer-Eigentumswohnung" AngLagebeschreibung="Hannover - Ricklingen" AngAufDatum="1998-02-21" AngStatus="2" Konditionen="kon" AnzANG="0"/>
  <Angebote AngNr="EI340" AngKurzBeschreibung="2 x 3-Zimmer-Eigentumswohnungen" AngLagebeschreibung="Hannover - Kleefeld" AngAufDatum="1998-02-21" AngStatus="2" Konditionen="kon" AnzANG="0"/>
  <Angebote AngNr="HS341" AngKurzBeschreibung="Reihenendhaus" AngLagebeschreibung="Hannover - Heideviertel" AngAufDatum="1998-02-21" AngStatus="2" Konditionen="kon" AnzANG="0"/>
  <Angebote AngNr="RH200" AngKurzBeschreibung="Mehrfamilienhaus" AngLagebeschreibung="Hannover / Linden-Süd" AngAufDatum="1998-02-21" AngStatus="2" Konditionen="kon" AnzANG="0"/>
  <Angebote AngNr="RH201" AngKurzBeschreibung="Mehrfamilienhaus" AngLagebeschreibung="Leipzig" AngAufDatum="1998-02-21" AngStatus="2" Konditionen="kon" AnzANG="0"/>
  <Angebote AngNr="WO342" AngKurzBeschreibung="3 1/2-Zimmer-Wohnung" AngLagebeschreibung="Hannover - Oststadt" AngAufDatum="1998-02-21" AngStatus="2" Konditionen="kon" AnzANG="0"/>
  <Angebote AngNr="EI343" AngKurzBeschreibung="3-Zimmer-Eigentumswohnung" AngLagebeschreibung="Hannover - Wettbergen" AngAufDatum="1998-02-21" AngStatus="2" Konditionen="kon" AnzANG="0"/>
  <Angebote AngNr="EI344" AngKurzBeschreibung="4-Zimmer-Eigentumswohnung" AngLagebeschreibung="Hannover - Wettbergen" AngAufDatum="1998-02-21" AngStatus="2" Konditionen="kon" AnzANG="0"/>
  <Angebote AngNr="EI345" AngKurzBeschreibung="1-Zimmer-Eigentumswohnung" AngLagebeschreibung="Hannover - Wettbergen" AngAufDatum="1998-02-21" AngStatus="2" Konditionen="kon" AnzANG="0"/>
  <Angebote AngNr="RH202" AngKurzBeschreibung="Hotel- und Gaststättengebäude" AngLagebeschreibung="Wietze bei Celle" AngAufDatum="1997-12-02" AngStatus="2" Konditionen="kon" AnzANG="1"/>
  <Angebote AngNr="RH203" AngKurzBeschreibung="Mehrfamilienhaus" AngLagebeschreibung="Hannover - Kleefeld" AngAufDatum="1997-03-12" AngStatus="2" Konditionen="kon" AnzANG="1"/>
  <Angebote AngNr="VB167" AngKurzBeschreibung="Bürofläche" AngLagebeschreibung="Hannover - Linden" AngAufDatum="1997-12-09" AngStatus="2" Konditionen="kon" AnzANG="0"/>
  <Angebote AngNr="VB168" AngKurzBeschreibung="Büro" AngLagebeschreibung="Hannover - Nähe GEHA - Platz" AngAufDatum="1997-12-09" AngStatus="2" Konditionen="kon" AnzANG="0"/>
  <Angebote AngNr="WO346" AngKurzBeschreibung="3-Zimmer-Mietwohnung" AngLagebeschreibung="Hannover - Oststadt" AngAufDatum="1998-02-21" AngStatus="2" Konditionen="kon" AnzANG="0"/>
  <Angebote AngNr="HS348" AngKurzBeschreibung="2-Familienhaus" AngLagebeschreibung="Mellendorf/Wedemark" AngAufDatum="1998-01-05" AngStatus="2" Konditionen="kon" AnzANG="1"/>
  <Angebote AngNr="WO349" AngKurzBeschreibung="3-Zimmer-Mietwohnung" AngLagebeschreibung="Hannover - Nordstadt" AngAufDatum="1998-01-07" AngStatus="2" Konditionen="kon" AnzANG="0"/>
  <Angebote AngNr="WO350" AngKurzBeschreibung="3-Zimmer-Mietwohnung" AngLagebeschreibung="Hannover - Nordstadt" AngAufDatum="1998-01-07" AngStatus="2" Konditionen="kon" AnzANG="0"/>
  <Angebote AngNr="WO351" AngKurzBeschreibung="3-Zimmer-Mietwohnung" AngLagebeschreibung="Hannover - Herrenhausen" AngAufDatum="1998-01-07" AngStatus="2" Konditionen="kon" AnzANG="0"/>
  <Angebote AngNr="WO352" AngKurzBeschreibung="3-Zimmer-Mietwohnung" AngLagebeschreibung="Hannover - Herrenhausen" AngAufDatum="1998-01-07" AngStatus="2" Konditionen="kon" AnzANG="0"/>
  <Angebote AngNr="WO353" AngKurzBeschreibung="3 + 1- Zimmer-Mietwohnung" AngLagebeschreibung="Hannover - Herrenhausen" AngAufDatum="1998-01-07" AngStatus="2" Konditionen="kon" AnzANG="0"/>
  <Angebote AngNr="VL173" AngKurzBeschreibung="Ladenfläche" AngLagebeschreibung="Hannover - List" AngAufDatum="1998-01-08" AngStatus="2" Konditionen="kon" AnzANG="0"/>
  <Angebote AngNr="EI347" AngKurzBeschreibung="1-Zimmer-Wohnung" AngLagebeschreibung="Hannover-Nordstadt" AngAufDatum="1998-01-09" AngStatus="2" Konditionen="kon" AnzANG="0"/>
  <Angebote AngNr="HS355" AngKurzBeschreibung="Luxus-Villa mit Doppel-Garage" AngLagebeschreibung="Garbsen" AngAufDatum="1998-01-09" AngStatus="2" Konditionen="kon" AnzANG="0"/>
  <Angebote AngNr="RH204" AngKurzBeschreibung="Lebensmittelmarkt" AngLagebeschreibung="Schwarmstedt" AngAufDatum="1998-01-09" AngStatus="2" Konditionen="kon" AnzANG="2"/>
  <Angebote AngNr="RH205" AngKurzBeschreibung="Supermarkt" AngLagebeschreibung="Horn-Bad Meinberg" AngAufDatum="1998-01-09" AngStatus="2" Konditionen="kon" AnzANG="1"/>
  <Angebote AngNr="RH206" AngKurzBeschreibung="Supermarkt" AngLagebeschreibung="Obernkirchen" AngAufDatum="1998-01-09" AngStatus="2" Konditionen="kon" AnzANG="0"/>
  <Angebote AngNr="RH207" AngKurzBeschreibung="Grundstück" AngLagebeschreibung="Mallorca Capdepera" AngAufDatum="1998-01-09" AngStatus="2" Konditionen="kon" AnzANG="0"/>
  <Angebote AngNr="RH208" AngKurzBeschreibung="Renoviertes Fachwerkhaus" AngLagebeschreibung="Isernhagen" AngAufDatum="1998-01-09" AngStatus="2" Konditionen="kon" AnzANG="0"/>
  <Angebote AngNr="RH209" AngKurzBeschreibung="Geschäftshaus" AngLagebeschreibung="List" AngAufDatum="1998-01-09" AngStatus="2" Konditionen="kon" AnzANG="0"/>
  <Angebote AngNr="VB171" AngKurzBeschreibung="Büroetagen" AngLagebeschreibung="Hannover-List/Oststadt" AngAufDatum="1998-01-10" AngStatus="2" Konditionen="kon" AnzANG="0"/>
  <Angebote AngNr="VL170" AngKurzBeschreibung="Laden" AngLagebeschreibung="Hannover-Mitte" AngAufDatum="1998-01-10" AngStatus="2" Konditionen="kon" AnzANG="0"/>
  <Angebote AngNr="VB169" AngKurzBeschreibung="Bürofläche" AngLagebeschreibung="Hannover-Zentrum" AngAufDatum="1998-01-10" AngStatus="2" Konditionen="kon" AnzANG="0"/>
  <Angebote AngNr="VL172" AngKurzBeschreibung="Büro-Laden" AngLagebeschreibung="Nordstadt" AngAufDatum="1998-01-12" AngStatus="2" Konditionen="kon" AnzANG="0"/>
  <Angebote AngNr="WO354" AngKurzBeschreibung="2-Zimmer-Mietwohnung" AngLagebeschreibung="Hannover - Oststadt" AngAufDatum="1998-01-12" AngStatus="2" Konditionen="kon" AnzANG="0"/>
  <Angebote AngNr="HS356" AngKurzBeschreibung="Einfamilienhaus mit Garage" AngLagebeschreibung="Altwarmbüchen" AngAufDatum="1998-01-13" AngStatus="2" Konditionen="kon" AnzANG="0"/>
  <Angebote AngNr="VB174" AngKurzBeschreibung="Wohn-/ Büroräume" AngLagebeschreibung="Hannover - Bothfeld" AngAufDatum="1998-01-14" AngStatus="2" Konditionen="kon" AnzANG="0"/>
  <Angebote AngNr="VL175" AngKurzBeschreibung="Restaurant" AngLagebeschreibung="Hannover - Oststadt" AngAufDatum="1998-01-19" AngStatus="2" Konditionen="kon" AnzANG="0"/>
  <Angebote AngNr="WO357" AngKurzBeschreibung="Einfamilienhaus" AngLagebeschreibung="Barsinghausen - Egestorf" AngAufDatum="1998-01-21" AngStatus="2" Konditionen="kon" AnzANG="1"/>
  <Angebote AngNr="VL176" AngKurzBeschreibung="2 Läden" AngLagebeschreibung="Hannover - Innenstadt" AngAufDatum="1998-01-21" AngStatus="2" Konditionen="kon" AnzANG="0"/>
  <Angebote AngNr="RH211" AngKurzBeschreibung="11-Familienhaus" AngLagebeschreibung="Groß-Buchholz" AngAufDatum="1998-01-21" AngStatus="2" Konditionen="kon" AnzANG="3"/>
  <Angebote AngNr="RH212" AngKurzBeschreibung="17-Familienhaus" AngLagebeschreibung="Hannover - Nordstadt" AngAufDatum="1998-01-21" AngStatus="2" Konditionen="kon" AnzANG="0"/>
  <Angebote AngNr="RH210" AngKurzBeschreibung="Wohn- und Geschäftshaus" AngLagebeschreibung="Hannover - List" AngAufDatum="1998-01-21" AngStatus="2" Konditionen="kon" AnzANG="1"/>
  <Angebote AngNr="RH213" AngKurzBeschreibung="24-Familienhaus" AngLagebeschreibung="Laatzen" AngAufDatum="1998-01-21" AngStatus="2" Konditionen="kon" AnzANG="1"/>
  <Angebote AngNr="RH214" AngKurzBeschreibung="Wohnanlage für 49 Wohneinheiten" AngLagebeschreibung="Alt-Laatzen" AngAufDatum="1998-01-22" AngStatus="2" Konditionen="kon" AnzANG="1"/>
  <Angebote AngNr="WO358" AngKurzBeschreibung="3-Zimmer-Penthousewohnung" AngLagebeschreibung="Hannover - Wettbergen" AngAufDatum="1998-01-22" AngStatus="2" Konditionen="kon" AnzANG="0"/>
  <Angebote AngNr="RH215" AngKurzBeschreibung="6-Familienhaus" AngLagebeschreibung="Langenhagen - Wiesenau" AngAufDatum="1998-01-23" AngStatus="2" Konditionen="kon" AnzANG="0"/>
  <Angebote AngNr="RH216" AngKurzBeschreibung="5-Familienhaus" AngLagebeschreibung="Hannover - Hainholz" AngAufDatum="1998-01-23" AngStatus="2" Konditionen="kon" AnzANG="1"/>
  <Angebote AngNr="HS359" AngKurzBeschreibung="Einfamilienhaus mit Garage" AngLagebeschreibung="Hannover - Davenstedt" AngAufDatum="1998-01-26" AngStatus="2" Konditionen="kon" AnzANG="0"/>
  <Angebote AngNr="VL177" AngKurzBeschreibung="Restaurant" AngLagebeschreibung="Hannover - Zentrum" AngAufDatum="1998-01-27" AngStatus="2" Konditionen="kon" AnzANG="0"/>
  <Angebote AngNr="VB178" AngKurzBeschreibung="Laden / Büro" AngLagebeschreibung="Hannover - Herrenhausen" AngAufDatum="1998-01-27" AngStatus="2" Konditionen="kon" AnzANG="0"/>
  <Angebote AngNr="HS360" AngKurzBeschreibung="Reihenhaus" AngLagebeschreibung="Hannover - Bothfeld" AngAufDatum="1998-01-27" AngStatus="2" Konditionen="kon" AnzANG="0"/>
  <Angebote AngNr="WO361" AngKurzBeschreibung="Reihenhaus" AngLagebeschreibung="Hannover - Bothfeld" AngAufDatum="1998-01-28" AngStatus="2" Konditionen="kon" AnzANG="0"/>
  <Angebote AngNr="WO362" AngKurzBeschreibung="1-Zimmer-Mietwohnung" AngLagebeschreibung="Hannover - Buchholz" AngAufDatum="1998-01-28" AngStatus="2" Konditionen="kon" AnzANG="1"/>
  <Angebote AngNr="EI363" AngKurzBeschreibung="3-Zimmer-Eigentumswohnung" AngLagebeschreibung="Hannover - Südstadt" AngAufDatum="1998-01-29" AngStatus="2" Konditionen="kon" AnzANG="1"/>
  <Angebote AngNr="HS364" AngKurzBeschreibung="Bungalow mit Garage" AngLagebeschreibung="Hannover - Kirchrode" AngAufDatum="1998-01-29" AngStatus="2" Konditionen="kon" AnzANG="0"/>
  <Angebote AngNr="EI365" AngKurzBeschreibung="3-Zimmer-Eigentumswohnung" AngLagebeschreibung="Hannover - Südstadt" AngAufDatum="1998-01-29" AngStatus="2" Konditionen="kon" AnzANG="0"/>
  <Angebote AngNr="EI366" AngKurzBeschreibung="3 1/2 - Zimmer-Eigentumswohnung" AngLagebeschreibung="Hannover - Kirchrode" AngAufDatum="1998-01-30" AngStatus="2" Konditionen="kon" AnzANG="0"/>
  <Angebote AngNr="EI367" AngKurzBeschreibung="5-Zimmer-Eigentumswohnung" AngLagebeschreibung="Hannover - Oststadt" AngAufDatum="1998-02-04" AngStatus="2" Konditionen="kon" AnzANG="0"/>
  <Angebote AngNr="HS368" AngKurzBeschreibung="Großzügiges Einfamilienhaus mit Garage" AngLagebeschreibung="Langenhagen OT" AngAufDatum="1998-02-05" AngStatus="2" Konditionen="kon" AnzANG="0"/>
  <Angebote AngNr="WO369" AngKurzBeschreibung="2-Zimmer-Mietwohnung" AngLagebeschreibung="Hannover-Döhren" AngAufDatum="1998-02-05" AngStatus="2" Konditionen="kon" AnzANG="0"/>
  <Angebote AngNr="EI370" AngKurzBeschreibung="3-Zimmer-Eigentumswohnung" AngLagebeschreibung="Garbsen - Berenbostel" AngAufDatum="1998-02-05" AngStatus="2" Konditionen="kon" AnzANG="0"/>
  <Angebote AngNr="WO371" AngKurzBeschreibung="3-Zimmer-Mietwohnung" AngLagebeschreibung="Hannover - Heideviertel" AngAufDatum="1998-02-09" AngStatus="2" Konditionen="kon" AnzANG="0"/>
  <Angebote AngNr="EI372" AngKurzBeschreibung="4-Zimmer-Eigentumswohnung" AngLagebeschreibung="Hannover - Döhren" AngAufDatum="1998-02-09" AngStatus="2" Konditionen="kon" AnzANG="0"/>
  <Angebote AngNr="RH217" AngKurzBeschreibung="11-Familienhaus" AngLagebeschreibung="Hannover - List" AngAufDatum="1998-02-11" AngStatus="2" Konditionen="kon" AnzANG="0"/>
  <Angebote AngNr="EI373" AngKurzBeschreibung="2-3 Zimmer-Eigentumswohnung" AngLagebeschreibung="Hannover - Nordstadt, Nähe Uni" AngAufDatum="1998-02-12" AngStatus="2" Konditionen="kon" AnzANG="0"/>
  <Angebote AngNr="HS374" AngKurzBeschreibung="Stadtvilla" AngLagebeschreibung="Hannover - Kleefeld" AngAufDatum="1998-02-12" AngStatus="2" Konditionen="kon" AnzANG="0"/>
  <Angebote AngNr="RG207" AngKurzBeschreibung="Grundstück" AngLagebeschreibung="Mallorca, Nähe Capdepera" AngAufDatum="1998-02-13" AngStatus="2" Konditionen="kon" AnzANG="0"/>
  <Angebote AngNr="RG178" AngKurzBeschreibung="Grundstück" AngLagebeschreibung="Hannover-Südstadt" AngAufDatum="1998-02-13" AngStatus="2" Konditionen="kon" AnzANG="0"/>
  <Angebote AngNr="EI375" AngKurzBeschreibung="4-Zimmer-Eigentumswohnung" AngLagebeschreibung="Hannover - Südstadt" AngAufDatum="1998-02-16" AngStatus="2" Konditionen="kon" AnzANG="0"/>
  <Angebote AngNr="RH219" AngKurzBeschreibung="Büro- und Geschäftshaus" AngLagebeschreibung="Hannover - List" AngAufDatum="1998-02-17" AngStatus="2" Konditionen="kon" AnzANG="0"/>
  <Angebote AngNr="HS376" AngKurzBeschreibung="Reihenhaus" AngLagebeschreibung="Hannover - Ricklingen" AngAufDatum="1998-02-20" AngStatus="2" Konditionen="kon" AnzANG="0"/>
  <Angebote AngNr="HS377" AngKurzBeschreibung="Reihenhaus mit Garage" AngLagebeschreibung="Hannover - nordwestlicher Stadtrand" AngAufDatum="1998-02-20" AngStatus="2" Konditionen="kon" AnzANG="0"/>
  <Angebote AngNr="HS378" AngKurzBeschreibung="Winkelbungalow mit Garage" AngLagebeschreibung="Hannover - westlicher Stadtrand / Ronnenberg" AngAufDatum="1998-02-20" AngStatus="2" Konditionen="kon" AnzANG="0"/>
  <Angebote AngNr="HS379" AngKurzBeschreibung="Reihenhaus mit Garage und Carport" AngLagebeschreibung="Isernhagen - Süd" AngAufDatum="1998-02-23" AngStatus="2" Konditionen="kon" AnzANG="1"/>
  <Angebote AngNr="WO380" AngKurzBeschreibung="3-Zimmer-Mietwohnung" AngLagebeschreibung="Hannover - Südstadt" AngAufDatum="1998-02-23" AngStatus="2" Konditionen="kon" AnzANG="0"/>
  <Angebote AngNr="WO381" AngKurzBeschreibung="4-Zimmer-Mietwohnung" AngLagebeschreibung="Hannover - List" AngAufDatum="1998-02-24" AngStatus="2" Konditionen="kon" AnzANG="0"/>
  <Angebote AngNr="HS382" AngKurzBeschreibung="Reihenmittelhaus" AngLagebeschreibung="Langenhagen / an der Stadtgrenze zu Hannover, Nähe Berliner Platz" AngAufDatum="1998-02-24" AngStatus="2" Konditionen="kon" AnzANG="0"/>
  <Angebote AngNr="RH220" AngKurzBeschreibung="Wohn- und Gewerbegrundstück" AngLagebeschreibung="Hannover - List" AngAufDatum="1998-02-25" AngStatus="2" Konditionen="kon" AnzANG="3"/>
  <Angebote AngNr="RH221" AngKurzBeschreibung="7-Familienhaus mit Büroanbau" AngLagebeschreibung="Hannover - Döhren" AngAufDatum="1998-02-25" AngStatus="2" Konditionen="kon" AnzANG="1"/>
  <Angebote AngNr="EI383" AngKurzBeschreibung="3  Eigentumswohnungen" AngLagebeschreibung="Hannover - Philosophenviertel" AngAufDatum="1998-02-27" AngStatus="2" Konditionen="profre" AnzANG="1"/>
  <Angebote AngNr="WO384" AngKurzBeschreibung="Doppelgarage" AngLagebeschreibung="Hannover - Oststadt" AngAufDatum="1998-03-04" AngStatus="2" Konditionen="kon" AnzANG="0"/>
  <Angebote AngNr="RH222" AngKurzBeschreibung="9-Familienhaus" AngLagebeschreibung="Hannover - Limmer" AngAufDatum="1998-03-04" AngStatus="2" Konditionen="kon" AnzANG="0"/>
  <Angebote AngNr="WO385" AngKurzBeschreibung="2-Zimmer-Dachgeschoß-Mietwohnung" AngLagebeschreibung="Hannover - Mitte" AngAufDatum="1998-03-06" AngStatus="2" Konditionen="kon" AnzANG="0"/>
  <Angebote AngNr="WO386" AngKurzBeschreibung="2-Zimmer-Appartement" AngLagebeschreibung="Hannover - List" AngAufDatum="1998-03-06" AngStatus="2" Konditionen="kon" AnzANG="0"/>
  <Angebote AngNr="WO387" AngKurzBeschreibung="3-Zimmer-Mietwohnung im 1.OG" AngLagebeschreibung="Hannover - Südstadt" AngAufDatum="1998-03-10" AngStatus="2" Konditionen="kon" AnzANG="0"/>
  <Angebote AngNr="WO388" AngKurzBeschreibung="2-Zimmer-Mietwohnung" AngLagebeschreibung="Hannover - Nordstadt" AngAufDatum="1998-03-11" AngStatus="2" Konditionen="kon" AnzANG="0"/>
  <Angebote AngNr="HS389" AngKurzBeschreibung="1-Familienhaus" AngLagebeschreibung="Langenhagen" AngAufDatum="1998-03-11" AngStatus="2" Konditionen="kon" AnzANG="0"/>
  <Angebote AngNr="HS390" AngKurzBeschreibung="1-2 Familienhaus mit Garage" AngLagebeschreibung="Garben OT Horst" AngAufDatum="1998-03-11" AngStatus="2" Konditionen="kon" AnzANG="0"/>
  <Angebote AngNr="WO391" AngKurzBeschreibung="5-Zimmer-Mietwohnung" AngLagebeschreibung="Hannover - Zentrum" AngAufDatum="1998-03-12" AngStatus="2" Konditionen="kon" AnzANG="0"/>
  <Angebote AngNr="HS392" AngKurzBeschreibung="Großzügiges, repräsentatives Anwesen in idyllischer Lage" AngLagebeschreibung="Hannover - Heideviertel" AngAufDatum="1998-03-13" AngStatus="2" Konditionen="kon" AnzANG="1"/>
  <Angebote AngNr="HS393" AngKurzBeschreibung="Reihenhaus mit Garage" AngLagebeschreibung="Laatzen" AngAufDatum="1998-03-16" AngStatus="2" Konditionen="kon" AnzANG="1"/>
  <Angebote AngNr="RH223" AngKurzBeschreibung="5-Familienhaus" AngLagebeschreibung="Seelze - OT Letter" AngAufDatum="1998-03-16" AngStatus="2" Konditionen="kon" AnzANG="0"/>
  <Angebote AngNr="EI394" AngKurzBeschreibung="1-Zimmer-Eigentumswohnung" AngLagebeschreibung="Garbsen - Berenbostel Nähe Schwimmbad" AngAufDatum="1998-03-17" AngStatus="2" Konditionen="kon" AnzANG="0"/>
  <Angebote AngNr="RH224" AngKurzBeschreibung="8-Familienhaus" AngLagebeschreibung="Letter" AngAufDatum="1998-03-18" AngStatus="2" Konditionen="kon" AnzANG="0"/>
  <Angebote AngNr="HS395" AngKurzBeschreibung="Winkelbungalow mit einer Einliegerwohnung" AngLagebeschreibung="Springe - OT Lüdersen" AngAufDatum="1998-03-18" AngStatus="2" Konditionen="kon" AnzANG="0"/>
  <Angebote AngNr="HS396" AngKurzBeschreibung="Doppelhaushälfte" AngLagebeschreibung="Seelze - OT Almhorst" AngAufDatum="1998-03-19" AngStatus="2" Konditionen="kon" AnzANG="0"/>
  <Angebote AngNr="HS397" AngKurzBeschreibung="Einfamilienhaus mit Garage" AngLagebeschreibung="Hannover - Bemerode" AngAufDatum="1998-03-21" AngStatus="2" Konditionen="kon" AnzANG="0"/>
  <Angebote AngNr="HS398" AngKurzBeschreibung="Atriumbungalow mit Garage" AngLagebeschreibung="Hannover - Bemerode" AngAufDatum="1998-03-21" AngStatus="2" Konditionen="kon" AnzANG="1"/>
  <Angebote AngNr="HS399" AngKurzBeschreibung="Reiheneindhaus mit versetzten Wohnebenen und Doppelgarage" AngLagebeschreibung="Laatzen / Grasdorf" AngAufDatum="1998-03-21" AngStatus="2" Konditionen="kon" AnzANG="0"/>
  <Angebote AngNr="WO400" AngKurzBeschreibung="3-Zimmer-Mietwohnung" AngLagebeschreibung="Hannover - List" AngAufDatum="1998-03-24" AngStatus="2" Konditionen="kon" AnzANG="0"/>
  <Angebote AngNr="RH225" AngKurzBeschreibung="4-Familienhaus" AngLagebeschreibung="Langenhagen" AngAufDatum="1998-03-26" AngStatus="2" Konditionen="kon" AnzANG="1"/>
  <Angebote AngNr="EI401" AngKurzBeschreibung="3-Zimmer-Maisonettewohnung" AngLagebeschreibung="Laatzen - Nähe LVA" AngAufDatum="1998-03-27" AngStatus="2" Konditionen="kon" AnzANG="0"/>
  <Angebote AngNr="WO402" AngKurzBeschreibung="3-Zimmer-DG-Wohnung" AngLagebeschreibung="Hannover-Kirchrode" AngAufDatum="1998-03-27" AngStatus="2" Konditionen="kon" AnzANG="0"/>
  <Angebote AngNr="WO403" AngKurzBeschreibung="3-Zimmer-Dachgeschoß-Wohnung" AngLagebeschreibung="Hannover - Kirchrode" AngAufDatum="1998-04-01" AngStatus="2" Konditionen="kon" AnzANG="0"/>
  <Angebote AngNr="HS404" AngKurzBeschreibung="2-Familienhaus mit 2 Garagen" AngLagebeschreibung="Hemmingen OT Arnum" AngAufDatum="1998-04-03" AngStatus="2" Konditionen="kon" AnzANG="0"/>
  <Angebote AngNr="HS405" AngKurzBeschreibung="Reihenmittelhaus" AngLagebeschreibung="Hannover - Waldheim" AngAufDatum="1998-04-06" AngStatus="2" Konditionen="kon" AnzANG="0"/>
  <Angebote AngNr="HS406" AngKurzBeschreibung="1-Familienhaus mit 2 Garagen" AngLagebeschreibung="Langenhagen - Godshorn" AngAufDatum="1998-04-06" AngStatus="2" Konditionen="kon" AnzANG="1"/>
  <Angebote AngNr="HS407" AngKurzBeschreibung="Luxus-Einfamilienhaus" AngLagebeschreibung="Gehrden - OT" AngAufDatum="1998-04-07" AngStatus="2" Konditionen="kon" AnzANG="1"/>
  <Angebote AngNr="RH226" AngKurzBeschreibung="Bürohaus" AngLagebeschreibung="Hindenburgviertel" AngAufDatum="1998-04-14" AngStatus="2" Konditionen="kon" AnzANG="1"/>
  <Angebote AngNr="EI408" AngKurzBeschreibung="1-2 Zimmer-Eigentumswohnungen" AngLagebeschreibung="Garbsen - Berenbostel" AngAufDatum="1998-04-15" AngStatus="2" Konditionen="kon" AnzANG="10"/>
  <Angebote AngNr="HS409" AngKurzBeschreibung="1-Familienhaus in top Lage mit Doppel-Garage" AngLagebeschreibung="Isernhagen - Süd" AngAufDatum="1998-04-15" AngStatus="2" Konditionen="kon" AnzANG="1"/>
  <Angebote AngNr="RH227" AngKurzBeschreibung="Büro- und Geschäftshaus" AngLagebeschreibung="Hannover - List" AngAufDatum="1998-04-16" AngStatus="2" Konditionen="kon" AnzANG="1"/>
  <Angebote AngNr="EI410" AngKurzBeschreibung="3 1/2-Zimmer-Eigentumswohnung" AngLagebeschreibung="Hannover - List" AngAufDatum="1998-04-16" AngStatus="2" Konditionen="kon" AnzANG="0"/>
  <Angebote AngNr="HS411" AngKurzBeschreibung="Ein- bis Zweifamilienhaus" AngLagebeschreibung="Hannover - Döhren" AngAufDatum="1998-04-17" AngStatus="2" Konditionen="kon" AnzANG="1"/>
  <Angebote AngNr="HS412" AngKurzBeschreibung="Reihenmittelhaus mit Garage" AngLagebeschreibung="Wettbergen - West" AngAufDatum="1998-04-20" AngStatus="2" Konditionen="kon" AnzANG="0"/>
  <Angebote AngNr="HS413" AngKurzBeschreibung="Reihenendhaus mit Garage" AngLagebeschreibung="Großburgwedel" AngAufDatum="1998-04-21" AngStatus="2" Konditionen="kon" AnzANG="0"/>
  <Angebote AngNr="EI414" AngKurzBeschreibung="4-Zimmer-Eigentumswohnung" AngLagebeschreibung="Hannover - Südstadt" AngAufDatum="1998-04-21" AngStatus="2" Konditionen="kon" AnzANG="1"/>
  <Angebote AngNr="RH228" AngKurzBeschreibung="Wohn- und Geschäftshaus" AngLagebeschreibung="Alt Laatzen" AngAufDatum="1998-04-22" AngStatus="2" Konditionen="kon" AnzANG="1"/>
  <Angebote AngNr="RH229" AngKurzBeschreibung="Wohn- und Geschäftshaus" AngLagebeschreibung="Hannover - Nordstadt" AngAufDatum="1998-04-23" AngStatus="2" Konditionen="kon" AnzANG="0"/>
  <Angebote AngNr="EI415" AngKurzBeschreibung="5-Zimmer-Eigentumswohnung" AngLagebeschreibung="Hannover - List" AngAufDatum="1998-04-23" AngStatus="2" Konditionen="kon" AnzANG="1"/>
  <Angebote AngNr="HS416" AngKurzBeschreibung="Reihenendhaus mit Carport" AngLagebeschreibung="Lehrte / Hämelerwald Süd" AngAufDatum="1998-04-24" AngStatus="2" Konditionen="kon" AnzANG="1"/>
  <Angebote AngNr="HS417" AngKurzBeschreibung="Außergewöhnliches Einfamilienhaus mit Garage" AngLagebeschreibung="Hannover - Badenstedt" AngAufDatum="1998-04-27" AngStatus="2" Konditionen="kon" AnzANG="1"/>
  <Angebote AngNr="RH230" AngKurzBeschreibung="Gewerbegrundstück mit Lagerhalle" AngLagebeschreibung="Laatzen - unmittelbar bei der Messe" AngAufDatum="1998-04-27" AngStatus="2" Konditionen="kon" AnzANG="1"/>
  <Angebote AngNr="EI418" AngKurzBeschreibung="2-Zimmer-Eigentumswohnung" AngLagebeschreibung="Hannover - Oststadt" AngAufDatum="1998-04-28" AngStatus="2" Konditionen="kon" AnzANG="1"/>
  <Angebote AngNr="WO419" AngKurzBeschreibung="4-Zimmer-Dachgeschoß Wohnung" AngLagebeschreibung="Hannover - Badenstedt" AngAufDatum="1998-04-29" AngStatus="2" Konditionen="kon" AnzANG="0"/>
  <Angebote AngNr="RH231" AngKurzBeschreibung="Einfamilienhaus mit Laden und Werkstatt" AngLagebeschreibung="Alt Garbsen" AngAufDatum="1998-04-29" AngStatus="2" Konditionen="kon" AnzANG="0"/>
  <Angebote AngNr="RH232" AngKurzBeschreibung="Mehrfamilienhaus" AngLagebeschreibung="Hannover - Stöcken" AngAufDatum="1998-04-30" AngStatus="2" Konditionen="kon" AnzANG="1"/>
  <Angebote AngNr="RH233" AngKurzBeschreibung="9-Familienhaus mit Restaurant" AngLagebeschreibung="Hannover - Ricklingen" AngAufDatum="1998-04-30" AngStatus="2" Konditionen="kon" AnzANG="1"/>
  <Angebote AngNr="HS420" AngKurzBeschreibung="1-Familienhaus" AngLagebeschreibung="Hannover - Badenstedt" AngAufDatum="1998-05-04" AngStatus="2" Konditionen="kon" AnzANG="0"/>
  <Angebote AngNr="HS421" AngKurzBeschreibung="1-2 Familienhaus mit Doppelgarage" AngLagebeschreibung="Alt-Garbsen" AngAufDatum="1998-05-04" AngStatus="2" Konditionen="kon" AnzANG="1"/>
  <Angebote AngNr="HS422" AngKurzBeschreibung="Einfamilienhaus mit Garage und Carport" AngLagebeschreibung="Hemmingen Westerfeld" AngAufDatum="1998-05-05" AngStatus="2" Konditionen="kon" AnzANG="1"/>
  <Angebote AngNr="RH234" AngKurzBeschreibung="Mehrfamilienhaus" AngLagebeschreibung="Hannover - Kleefeld" AngAufDatum="1998-05-06" AngStatus="2" Konditionen="kon" AnzANG="1"/>
  <Angebote AngNr="EI423" AngKurzBeschreibung="3-Zimmer-Eigentumswohnung" AngLagebeschreibung="Hannover - List / Nähe De-Häen-Platz" AngAufDatum="1998-05-06" AngStatus="2" Konditionen="kon" AnzANG="0"/>
  <Angebote AngNr="WO424" AngKurzBeschreibung="Reihenendhaus" AngLagebeschreibung="Großburgwedel" AngAufDatum="1998-05-07" AngStatus="2" Konditionen="kon" AnzANG="0"/>
  <Angebote AngNr="HS425" AngKurzBeschreibung="Reihenmittelhaus" AngLagebeschreibung="Großburgwedel" AngAufDatum="1998-05-08" AngStatus="2" Konditionen="kon" AnzANG="0"/>
  <Angebote AngNr="RG235" AngKurzBeschreibung="Grundstück für 9 Reihenhäuser" AngLagebeschreibung="Elze" AngAufDatum="1998-05-08" AngStatus="2" Konditionen="kon" AnzANG="1"/>
  <Angebote AngNr="RH236" AngKurzBeschreibung="7-Familienhaus mit Gewerbeeinheit" AngLagebeschreibung="Hannover - List" AngAufDatum="1998-05-11" AngStatus="2" Konditionen="kon" AnzANG="0"/>
  <Angebote AngNr="HS426" AngKurzBeschreibung="Top saniertes Haus aus den Dreißigern mit Garage" AngLagebeschreibung="Hannover - Pelikanviertel" AngAufDatum="1998-05-11" AngStatus="2" Konditionen="kon" AnzANG="1"/>
  <Angebote AngNr="RH237" AngKurzBeschreibung="1-2 Familienhaus mit Scheune" AngLagebeschreibung="Nordstemmen" AngAufDatum="1998-05-13" AngStatus="2" Konditionen="kon" AnzANG="1"/>
  <Angebote AngNr="HS427" AngKurzBeschreibung="1-Familien-Okal-Haus m. Garage u. Einliegerwohnung" AngLagebeschreibung="Hemmingen - OT Hiddestorf" AngAufDatum="1998-05-14" AngStatus="2" Konditionen="kon" AnzANG="1"/>
  <Angebote AngNr="HS428" AngKurzBeschreibung="Reihenendhaus mit Stellplatz" AngLagebeschreibung="Ronnenberg - Empelde" AngAufDatum="1998-05-18" AngStatus="2" Konditionen="kon" AnzANG="0"/>
  <Angebote AngNr="HS429" AngKurzBeschreibung="Reihenmittelhaus mit Einstellplatz" AngLagebeschreibung="Wettbergen" AngAufDatum="1998-05-19" AngStatus="2" Konditionen="kon" AnzANG="1"/>
  <Angebote AngNr="RH238" AngKurzBeschreibung="15-Familienhaus" AngLagebeschreibung="Hannover - Nordstadt" AngAufDatum="1998-05-22" AngStatus="2" Konditionen="kon" AnzANG="1"/>
  <Angebote AngNr="RH239" AngKurzBeschreibung="Villa mit Grundstück" AngLagebeschreibung="Mardorf / Am Steinhuder Meer" AngAufDatum="1998-05-26" AngStatus="2" Konditionen="kon" AnzANG="3"/>
  <Angebote AngNr="EI430" AngKurzBeschreibung="3-Zimmer-Eigentumswohnung" AngLagebeschreibung="Hannover - Mitte" AngAufDatum="1998-05-26" AngStatus="2" Konditionen="kon" AnzANG="0"/>
  <Angebote AngNr="WO431" AngKurzBeschreibung="3 1/2 - Zimmer-Mietwohnung" AngLagebeschreibung="Hannover - Südstadt" AngAufDatum="1998-05-26" AngStatus="2" Konditionen="kon" AnzANG="0"/>
  <Angebote AngNr="WO432" AngKurzBeschreibung="3-Zimmer-Mietwohnung" AngLagebeschreibung="Hannover - Oststadt" AngAufDatum="1998-05-26" AngStatus="2" Konditionen="kon" AnzANG="1"/>
  <Angebote AngNr="WO433" AngKurzBeschreibung="2 x 2-Zimmer-Mietwohnung" AngLagebeschreibung="Hannover - Hainholz" AngAufDatum="1998-05-26" AngStatus="2" Konditionen="kon" AnzANG="0"/>
  <Angebote AngNr="WO434" AngKurzBeschreibung="2 1/2-Zimmerwohnung" AngLagebeschreibung="Hannover - Oststadt" AngAufDatum="1998-05-27" AngStatus="2" Konditionen="kon" AnzANG="0"/>
  <Angebote AngNr="HS435" AngKurzBeschreibung="Reihenmittelhaus mit Garage" AngLagebeschreibung="Laatzen Mitte" AngAufDatum="1998-06-03" AngStatus="2" Konditionen="kon" AnzANG="0"/>
  <Angebote AngNr="RG240" AngKurzBeschreibung="Gewerbegrundstück für Büroansiedlung" AngLagebeschreibung="Hannover - Vahrenwald" AngAufDatum="1998-06-03" AngStatus="2" Konditionen="kon" AnzANG="1"/>
  <Angebote AngNr="RH242" AngKurzBeschreibung="Bürogrundstück" AngLagebeschreibung="Hannover - Bult" AngAufDatum="1998-06-03" AngStatus="2" Konditionen="kon" AnzANG="1"/>
  <Angebote AngNr="RH243" AngKurzBeschreibung="Bürogrundstück" AngLagebeschreibung="Hannover - Wülfel" AngAufDatum="1998-06-03" AngStatus="2" Konditionen="kon" AnzANG="1"/>
  <Angebote AngNr="RH241" AngKurzBeschreibung="Büro- und Geschäftshaus" AngLagebeschreibung="Hannover - Vahrenwald" AngAufDatum="1998-06-04" AngStatus="2" Konditionen="kon" AnzANG="1"/>
  <Angebote AngNr="RG244" AngKurzBeschreibung="Büro- und Gewerbegrundstück" AngLagebeschreibung="Hannover - Nordstadt" AngAufDatum="1998-06-04" AngStatus="2" Konditionen="kon" AnzANG="1"/>
  <Angebote AngNr="EI436" AngKurzBeschreibung="2-Zimmer-Eigentumswohnung" AngLagebeschreibung="Hannover - Ricklingen" AngAufDatum="1998-06-04" AngStatus="2" Konditionen="kon" AnzANG="0"/>
  <Angebote AngNr="HS437" AngKurzBeschreibung="Doppelhaushälfte mit 2 Wohneinheiten" AngLagebeschreibung="Hannover - Misburg/Nord" AngAufDatum="1998-06-04" AngStatus="2" Konditionen="kon" AnzANG="1"/>
  <Angebote AngNr="RH245" AngKurzBeschreibung="14-Familienhaus" AngLagebeschreibung="Hannover - List" AngAufDatum="1998-06-05" AngStatus="2" Konditionen="kon" AnzANG="1"/>
  <Angebote AngNr="EI438" AngKurzBeschreibung="3-Zimmer-Eigentumswohnung" AngLagebeschreibung="Hannover - Linden" AngAufDatum="1998-06-08" AngStatus="2" Konditionen="kon" AnzANG="0"/>
  <Angebote AngNr="HS439" AngKurzBeschreibung="Luxus-Villa mit 2 Garagen" AngLagebeschreibung="Schloß Ricklingen" AngAufDatum="1998-06-08" AngStatus="2" Konditionen="kon" AnzANG="1"/>
  <Angebote AngNr="RH246" AngKurzBeschreibung="Wohn- und Geschäftshaus" AngLagebeschreibung="Hannover - Nordstadt" AngAufDatum="1998-06-08" AngStatus="2" Konditionen="kon" AnzANG="1"/>
  <Angebote AngNr="EI440" AngKurzBeschreibung="2-Zimmer-Eigentumswohnung" AngLagebeschreibung="Hannover - List/Oststadt" AngAufDatum="1998-06-09" AngStatus="2" Konditionen="kon" AnzANG="0"/>
  <Angebote AngNr="EI441" AngKurzBeschreibung="3-Zimmer-Eigentumswohnung" AngLagebeschreibung="Hannover - Nähe Goetheplatz" AngAufDatum="1998-06-10" AngStatus="2" Konditionen="kon" AnzANG="0"/>
  <Angebote AngNr="RH247" AngKurzBeschreibung="7-Familienhaus" AngLagebeschreibung="Hannover-Ricklingen" AngAufDatum="1998-06-15" AngStatus="2" Konditionen="kon" AnzANG="1"/>
  <Angebote AngNr="RH248" AngKurzBeschreibung="Wohn- Büro- und Geschäftshaus" AngLagebeschreibung="Hannover -Oststadt" AngAufDatum="1998-06-16" AngStatus="2" Konditionen="kon" AnzANG="1"/>
  <Angebote AngNr="HS442" AngKurzBeschreibung="1-2 Familienhaus mit Doppelgarage" AngLagebeschreibung="Alt-Wettbergen" AngAufDatum="1998-06-16" AngStatus="2" Konditionen="kon" AnzANG="0"/>
  <Angebote AngNr="HS443" AngKurzBeschreibung="Luxus-Einfamilienhaus mit Garage für 3 PKW`s" AngLagebeschreibung="Hemmingen" AngAufDatum="1998-06-17" AngStatus="2" Konditionen="kon" AnzANG="1"/>
  <Angebote AngNr="HS444" AngKurzBeschreibung="Stadthaus aus den 30ern" AngLagebeschreibung="Hannover - Döhren" AngAufDatum="1998-06-17" AngStatus="2" Konditionen="kon" AnzANG="0"/>
  <Angebote AngNr="HS445" AngKurzBeschreibung="Doppelhaushälfte" AngLagebeschreibung="Gehrden OT" AngAufDatum="1998-06-17" AngStatus="2" Konditionen="profre" AnzANG="1"/>
  <Angebote AngNr="EI446" AngKurzBeschreibung="5-Zimmer-Eigentumswohnung" AngLagebeschreibung="Hannover - Oststadt" AngAufDatum="1998-06-18" AngStatus="2" Konditionen="kon" AnzANG="0"/>
  <Angebote AngNr="HS447" AngKurzBeschreibung="Einfamilienhaus mit Garage auf großem Grundstück mit Garage" AngLagebeschreibung="Hannover - Bornumer Holz" AngAufDatum="1998-06-18" AngStatus="2" Konditionen="kon" AnzANG="1"/>
  <Angebote AngNr="HS448" AngKurzBeschreibung="Einfamilienhaus mit Doppelgarage" AngLagebeschreibung="Großburgwedel" AngAufDatum="1998-06-22" AngStatus="2" Konditionen="kon" AnzANG="0"/>
  <Angebote AngNr="RH249" AngKurzBeschreibung="Wohn- Büro- und Geschäftshaus" AngLagebeschreibung="Hannover - Zentrum" AngAufDatum="1998-06-25" AngStatus="2" Konditionen="kon" AnzANG="1"/>
  <Angebote AngNr="HS449" AngKurzBeschreibung="Bungalow in absolut idyllischer, ruhiger Lage mit Garage" AngLagebeschreibung="Hannover - Alt Bemerode" AngAufDatum="1998-06-29" AngStatus="2" Konditionen="kon" AnzANG="0"/>
  <Angebote AngNr="EI450" AngKurzBeschreibung="3-Zimmer-Eigentumswohnung" AngLagebeschreibung="Hannover - Limmer" AngAufDatum="1998-07-02" AngStatus="2" Konditionen="kon" AnzANG="0"/>
  <Angebote AngNr="RH250" AngKurzBeschreibung="Mehrfamilienhaus" AngLagebeschreibung="Hannover - Döhren" AngAufDatum="1998-07-06" AngStatus="2" Konditionen="kon" AnzANG="1"/>
  <Angebote AngNr="HS451" AngKurzBeschreibung="Zwei  1-Familienhäuser mit Geschäft" AngLagebeschreibung="Fußgängerzone Springe" AngAufDatum="1998-07-07" AngStatus="2" Konditionen="kon" AnzANG="0"/>
  <Angebote AngNr="HS452" AngKurzBeschreibung="Reihenmittelhäuser" AngLagebeschreibung="Isernhagen HB" AngAufDatum="1998-07-08" AngStatus="2" Konditionen="profre" AnzANG="1"/>
  <Angebote AngNr="EI453" AngKurzBeschreibung="5-6 Zimmer-Eigentumswohnung" AngLagebeschreibung="Hannover - Oststadt" AngAufDatum="1998-07-09" AngStatus="2" Konditionen="kon" AnzANG="1"/>
  <Angebote AngNr="RH251" AngKurzBeschreibung="Wohn- Geschäfts- und Bürohaus" AngLagebeschreibung="Isernhagen - HB" AngAufDatum="1998-07-09" AngStatus="2" Konditionen="profre" AnzANG="1"/>
  <Angebote AngNr="RH252" AngKurzBeschreibung="Wohn-und Geschäftshaus" AngLagebeschreibung="Neustadt" AngAufDatum="1998-07-10" AngStatus="2" Konditionen="kon" AnzANG="1"/>
  <Angebote AngNr="HS454" AngKurzBeschreibung="Reihenendhaus" AngLagebeschreibung="Hannover - Bemerode" AngAufDatum="1998-07-13" AngStatus="2" Konditionen="kon" AnzANG="0"/>
  <Angebote AngNr="RH253" AngKurzBeschreibung="Tankstellen-Grundstück" AngLagebeschreibung="Neustadt -Rbg." AngAufDatum="1998-07-15" AngStatus="2" Konditionen="kon" AnzANG="0"/>
  <Angebote AngNr="EI455" AngKurzBeschreibung="2-4 Zimmer-Eigentumswohnungen" AngLagebeschreibung="Hannover - Limmer" AngAufDatum="1998-07-15" AngStatus="2" Konditionen="kon" AnzANG="9"/>
  <Angebote AngNr="RH254" AngKurzBeschreibung="2-Familienhaus" AngLagebeschreibung="Hannover-Zentrum" AngAufDatum="1998-07-17" AngStatus="2" Konditionen="kon" AnzANG="0"/>
  <Angebote AngNr="HS456" AngKurzBeschreibung="Luxushaus mit Doppelgarage" AngLagebeschreibung="Traumhaft ruhige Lage am Stadtrand von Hannover" AngAufDatum="1998-07-17" AngStatus="2" Konditionen="kon" AnzANG="0"/>
  <Angebote AngNr="RH255" AngKurzBeschreibung="Wohn- und Geschäftshaus" AngLagebeschreibung="Hannover - Linden/Mitte" AngAufDatum="1998-07-20" AngStatus="2" Konditionen="kon" AnzANG="0"/>
  <Angebote AngNr="HS457" AngKurzBeschreibung="Doppelhaushälfte mit Einstellplatz" AngLagebeschreibung="Hemmingen OT Devese" AngAufDatum="1998-07-20" AngStatus="2" Konditionen="kon" AnzANG="1"/>
  <Angebote AngNr="RH256" AngKurzBeschreibung="Gewerbeobjekt (Halle mit angrenzendem Bürobereich)" AngLagebeschreibung="Berenbostel" AngAufDatum="1998-07-20" AngStatus="2" Konditionen="kon" AnzANG="1"/>
  <Angebote AngNr="HS458" AngKurzBeschreibung="Großzügiges Anwesen in ländlicher Idylle" AngLagebeschreibung="Am Rande der Wedemark - Helstorf" AngAufDatum="1998-07-20" AngStatus="2" Konditionen="kon" AnzANG="1"/>
  <Angebote AngNr="RH257" AngKurzBeschreibung="Wohn- und Geschäftshaus" AngLagebeschreibung="Arnum" AngAufDatum="1998-07-21" AngStatus="2" Konditionen="kon" AnzANG="0"/>
  <Angebote AngNr="EI459" AngKurzBeschreibung="Mehrere Eigentumswohnungen im sanierten Mehrfamilienhaus" AngLagebeschreibung="Hannover - Südstadt" AngAufDatum="1998-07-21" AngStatus="2" Konditionen="profre" AnzANG="11"/>
  <Angebote AngNr="HS460" AngKurzBeschreibung="Großzügiges Anwesen mit 3 Garagen" AngLagebeschreibung="Hannover - Kirchrode" AngAufDatum="1998-07-21" AngStatus="2" Konditionen="kon" AnzANG="1"/>
  <Angebote AngNr="RH258" AngKurzBeschreibung="Wohn- und Geschäftshaus" AngLagebeschreibung="Hannover - Linden/Mitte" AngAufDatum="1998-07-22" AngStatus="2" Konditionen="kon" AnzANG="0"/>
  <Angebote AngNr="RH259" AngKurzBeschreibung="Mehrfamilienhaus" AngLagebeschreibung="Hannover - Linden/Nord" AngAufDatum="1998-07-23" AngStatus="2" Konditionen="kon" AnzANG="1"/>
  <Angebote AngNr="HS461" AngKurzBeschreibung="1-2 Familienhaus mit Garage" AngLagebeschreibung="Hannover - Kirchrode" AngAufDatum="1998-07-24" AngStatus="2" Konditionen="kon" AnzANG="1"/>
  <Angebote AngNr="HS462" AngKurzBeschreibung="Einfamilienhaus mit Einliegerwohnung" AngLagebeschreibung="Hannover - Bothfeld" AngAufDatum="1998-07-24" AngStatus="2" Konditionen="kon" AnzANG="1"/>
  <Angebote AngNr="RH260" AngKurzBeschreibung="Mehrfamilienhaus" AngLagebeschreibung="Nordstadt" AngAufDatum="1998-07-29" AngStatus="2" Konditionen="kon" AnzANG="1"/>
  <Angebote AngNr="RH261" AngKurzBeschreibung="Wohn-und Geschätshaus" AngLagebeschreibung="Hannover-Mitte" AngAufDatum="1998-08-03" AngStatus="2" Konditionen="kon" AnzANG="1"/>
  <Angebote AngNr="RH262" AngKurzBeschreibung="Wohn- und Geschäftshaus" AngLagebeschreibung="Hannover-Mitte" AngAufDatum="1998-08-03" AngStatus="2" Konditionen="kon" AnzANG="1"/>
  <Angebote AngNr="HS463" AngKurzBeschreibung="Top ausgestattete DHH in angenehmer Wohngegend" AngLagebeschreibung="Hemmingen/Arnum" AngAufDatum="1998-08-04" AngStatus="2" Konditionen="kon" AnzANG="0"/>
  <Angebote AngNr="HS465" AngKurzBeschreibung="Einfamilienhaus mit großer Garage" AngLagebeschreibung="Isernhagen-Kirchhorst" AngAufDatum="1998-08-06" AngStatus="2" Konditionen="kon" AnzANG="1"/>
  <Angebote AngNr="HS464" AngKurzBeschreibung="Einfamilienhaus mir Doppel-Garage" AngLagebeschreibung="Isernhagen-Süd" AngAufDatum="1998-08-06" AngStatus="2" Konditionen="kon" AnzANG="1"/>
  <Angebote AngNr="HS467" AngKurzBeschreibung="Anwesen mit schönem Landhaus, Garagen, Pferdestall usw." AngLagebeschreibung="Südlich des Steinhuder Meeres - zw. Wunstorf u. Sachsenhagen" AngAufDatum="1998-08-06" AngStatus="2" Konditionen="kon" AnzANG="0"/>
  <Angebote AngNr="RH263" AngKurzBeschreibung="Büro- und Geschäftshaus" AngLagebeschreibung="Hannover Mitte" AngAufDatum="1998-08-07" AngStatus="2" Konditionen="kon" AnzANG="0"/>
  <Angebote AngNr="RH265" AngKurzBeschreibung="12-Familienhaus" AngLagebeschreibung="Ricklingen" AngAufDatum="1998-08-07" AngStatus="2" Konditionen="kon" AnzANG="1"/>
  <Angebote AngNr="RH267" AngKurzBeschreibung="8-Familienhaus" AngLagebeschreibung="Ricklingen" AngAufDatum="1998-08-07" AngStatus="2" Konditionen="kon" AnzANG="1"/>
  <Angebote AngNr="RH266" AngKurzBeschreibung="11-Familienhaus" AngLagebeschreibung="Ricklingen" AngAufDatum="1998-08-07" AngStatus="2" Konditionen="kon" AnzANG="1"/>
  <Angebote AngNr="RH264" AngKurzBeschreibung="7-Familienhaus" AngLagebeschreibung="Ricklingen" AngAufDatum="1998-08-07" AngStatus="2" Konditionen="kon" AnzANG="1"/>
  <Angebote AngNr="HS466" AngKurzBeschreibung="Walmdachbungalow mit Garage und Carport" AngLagebeschreibung="Hambühren - OT Ovelgönne" AngAufDatum="1998-08-07" AngStatus="2" Konditionen="kon" AnzANG="1"/>
  <Angebote AngNr="HS468" AngKurzBeschreibung="Bungalow" AngLagebeschreibung="Hannover - Kleefeld (Heideviertel)" AngAufDatum="1998-08-10" AngStatus="2" Konditionen="kon" AnzANG="1"/>
  <Angebote AngNr="HS469" AngKurzBeschreibung="Einfamilienhaus mit Garage u. Carport" AngLagebeschreibung="Isernhagen OT" AngAufDatum="1998-08-18" AngStatus="2" Konditionen="kon" AnzANG="1"/>
  <Angebote AngNr="HS470" AngKurzBeschreibung="Einfamilienhaus ( HUF- Fachwerkhaus) mit Garage" AngLagebeschreibung="Großburgwedel" AngAufDatum="1998-08-21" AngStatus="2" Konditionen="kon" AnzANG="0"/>
  <Angebote AngNr="EI471" AngKurzBeschreibung="2-Zimmer-Eigentumswohnung und 6-Zimmer-Eigentumswohnung" AngLagebeschreibung="Hannover - List   Nähe Bonifatiusplatz" AngAufDatum="1998-08-24" AngStatus="2" Konditionen="kon" AnzANG="8"/>
  <Angebote AngNr="HS472" AngKurzBeschreibung="Einfamilienhaus auf idyllischem Grundstück - Am Wald" AngLagebeschreibung="In der Wedemark" AngAufDatum="1998-08-24" AngStatus="2" Konditionen="kon" AnzANG="1"/>
  <Angebote AngNr="HS473" AngKurzBeschreibung="Einfamilienhaus mit 3 Garagen für 4 PKW`s" AngLagebeschreibung="Langenhagen OT Krähenwinkel" AngAufDatum="1998-08-25" AngStatus="2" Konditionen="kon" AnzANG="1"/>
  <Angebote AngNr="RH268" AngKurzBeschreibung="Mehrfamilienhaus" AngLagebeschreibung="Hannover - Linden" AngAufDatum="1998-08-27" AngStatus="2" Konditionen="kon" AnzANG="1"/>
  <Angebote AngNr="RH270" AngKurzBeschreibung="Mehrfamilien-Wohnhaus" AngLagebeschreibung="Hannover - Südstadt" AngAufDatum="1998-08-27" AngStatus="2" Konditionen="kon" AnzANG="0"/>
  <Angebote AngNr="HS474" AngKurzBeschreibung="Fachwerkanwesen (ehemalige Hofstelle) mit 2 Stellplätzen" AngLagebeschreibung="Hemmingen / Am Landschaftsschutzgebiet" AngAufDatum="1998-09-01" AngStatus="2" Konditionen="kon" AnzANG="1"/>
  <Angebote AngNr="HS475" AngKurzBeschreibung="Stadthaus mit Garage" AngLagebeschreibung="Hannover - Kleefeld" AngAufDatum="1998-09-01" AngStatus="2" Konditionen="kon" AnzANG="0"/>
  <Angebote AngNr="RH271" AngKurzBeschreibung="Mehrfamilien-Wohnhaus" AngLagebeschreibung="Hannover - Südstadt" AngAufDatum="1998-09-01" AngStatus="2" Konditionen="kon" AnzANG="1"/>
  <Angebote AngNr="EI476" AngKurzBeschreibung="Eigentumswohnung" AngLagebeschreibung="Hannover - Limmer" AngAufDatum="1998-09-02" AngStatus="2" Konditionen="kon" AnzANG="1"/>
  <Angebote AngNr="HS477" AngKurzBeschreibung="Einfamilienhaus mit Garage" AngLagebeschreibung="Hannover - Misburg" AngAufDatum="1998-09-02" AngStatus="2" Konditionen="kon" AnzANG="0"/>
  <Angebote AngNr="HS478" AngKurzBeschreibung="2-Familienhaus mit Garage" AngLagebeschreibung="Langenhagen OT" AngAufDatum="1998-09-02" AngStatus="2" Konditionen="kon" AnzANG="1"/>
  <Angebote AngNr="RH273" AngKurzBeschreibung="2 GmbH`s" AngLagebeschreibung="Hannover und Berlin" AngAufDatum="1998-09-07" AngStatus="2" Konditionen="kon" AnzANG="1"/>
  <Angebote AngNr="HS479" AngKurzBeschreibung="1-Familien-Okal-Haus" AngLagebeschreibung="Hemmingen - OT Arnum" AngAufDatum="1998-09-10" AngStatus="2" Konditionen="kon" AnzANG="0"/>
  <Angebote AngNr="RH274" AngKurzBeschreibung="Bürohaus" AngLagebeschreibung="Hannover - Mittelfeld" AngAufDatum="1998-09-11" AngStatus="2" Konditionen="kon" AnzANG="1"/>
  <Angebote AngNr="RH275" AngKurzBeschreibung="Geschäftshaus" AngLagebeschreibung="Hannover - Südstadt" AngAufDatum="1998-09-14" AngStatus="2" Konditionen="kon" AnzANG="3"/>
  <Angebote AngNr="HS480" AngKurzBeschreibung="Anwesen in der Wedemark" AngLagebeschreibung="Idyllisches, ruhiges Wohngebiet" AngAufDatum="1998-09-15" AngStatus="2" Konditionen="kon" AnzANG="0"/>
  <Angebote AngNr="HS481" AngKurzBeschreibung="Einfamilienhaus mit Garage" AngLagebeschreibung="Hemmingen" AngAufDatum="1998-09-16" AngStatus="2" Konditionen="kon" AnzANG="1"/>
  <Angebote AngNr="EI482" AngKurzBeschreibung="Zwei  1-Zimmer-Appartements" AngLagebeschreibung="Hannover - Ahlem" AngAufDatum="1998-09-16" AngStatus="2" Konditionen="profre" AnzANG="2"/>
  <Angebote AngNr="RH276" AngKurzBeschreibung="15-Familienhaus" AngLagebeschreibung="Hannover - Linden/Süd" AngAufDatum="1998-09-17" AngStatus="2" Konditionen="kon" AnzANG="1"/>
  <Angebote AngNr="HS483" AngKurzBeschreibung="2-geschossige Doppelhaushälfte mit 2 Garagen" AngLagebeschreibung="Hannover - Davenstedt" AngAufDatum="1998-09-21" AngStatus="2" Konditionen="kon" AnzANG="1"/>
  <Angebote AngNr="HS484" AngKurzBeschreibung="Einfamilienhaus mit Einliegerwohnung" AngLagebeschreibung="Gehrden - OT Leveste" AngAufDatum="1998-09-21" AngStatus="2" Konditionen="kon" AnzANG="1"/>
  <Angebote AngNr="HS485" AngKurzBeschreibung="Einfamilienhaus mit Einliegerwohnung" AngLagebeschreibung="Ehlershausen" AngAufDatum="1998-09-24" AngStatus="2" Konditionen="kon" AnzANG="1"/>
  <Angebote AngNr="EI486" AngKurzBeschreibung="4-Zimmer-Eigentumswohnung" AngLagebeschreibung="Hannover - List" AngAufDatum="1998-09-24" AngStatus="2" Konditionen="kon" AnzANG="1"/>
  <Angebote AngNr="RH277" AngKurzBeschreibung="18-Familienhaus mit kleinem Gewerbe" AngLagebeschreibung="Hannover - List" AngAufDatum="1998-09-25" AngStatus="2" Konditionen="kon" AnzANG="1"/>
  <Angebote AngNr="HS487" AngKurzBeschreibung="1-2 Familienhaus mit Carport" AngLagebeschreibung="Hannover - Döhren" AngAufDatum="1998-09-28" AngStatus="2" Konditionen="kon" AnzANG="1"/>
  <Angebote AngNr="HS488" AngKurzBeschreibung="Doppelhaushälfte mit PKW Stellplatz" AngLagebeschreibung="Langenhagen-Godshorn" AngAufDatum="1998-10-01" AngStatus="2" Konditionen="kon" AnzANG="1"/>
  <Angebote AngNr="HS489" AngKurzBeschreibung="Lux.Anwesen in der Nähe des Golfplatzes Mit Doppelgarage und Doppelcarport" AngLagebeschreibung="Großburgwedel/Engensen" AngAufDatum="1998-10-02" AngStatus="2" Konditionen="kon" AnzANG="1"/>
  <Angebote AngNr="RH278" AngKurzBeschreibung="Bürohaus mit Nebengebäude" AngLagebeschreibung="Zooviertel" AngAufDatum="1998-10-02" AngStatus="2" Konditionen="kon" AnzANG="0"/>
  <Angebote AngNr="RG279" AngKurzBeschreibung="Gewerbegrundstück" AngLagebeschreibung="Garbsen-Nord" AngAufDatum="1998-10-05" AngStatus="2" Konditionen="kon" AnzANG="1"/>
  <Angebote AngNr="HS490" AngKurzBeschreibung="Einfamilienhaus mit Doppelgarage" AngLagebeschreibung="Wedemark / OT Hellendorf" AngAufDatum="1998-10-05" AngStatus="2" Konditionen="kon" AnzANG="0"/>
  <Angebote AngNr="HS491" AngKurzBeschreibung="Einfamilienhaus mit Doppelgarage" AngLagebeschreibung="Isernhagen - Süd" AngAufDatum="1998-10-05" AngStatus="2" Konditionen="kon" AnzANG="1"/>
  <Angebote AngNr="HS492" AngKurzBeschreibung="Bungalow mit Doppelcarport" AngLagebeschreibung="Garbsen OT" AngAufDatum="1998-10-07" AngStatus="2" Konditionen="kon" AnzANG="0"/>
  <Angebote AngNr="HS493" AngKurzBeschreibung="Einfamilienhaus mit Einliegerappartement, Garage und 2 Stellplätzen" AngLagebeschreibung="Barsinghausen - Egestorf" AngAufDatum="1998-10-08" AngStatus="2" Konditionen="kon" AnzANG="1"/>
  <Angebote AngNr="RH280" AngKurzBeschreibung="Supermarkt (Teileigentum)" AngLagebeschreibung="Hannover - Vahrenwald" AngAufDatum="1998-10-08" AngStatus="2" Konditionen="kon" AnzANG="1"/>
  <Angebote AngNr="HS494" AngKurzBeschreibung="Doppelhaushälfte mit Garage" AngLagebeschreibung="Hannover - Oberricklingen" AngAufDatum="1998-10-08" AngStatus="2" Konditionen="kon" AnzANG="1"/>
  <Angebote AngNr="HS495" AngKurzBeschreibung="Doppelhaushälfte mit Garage" AngLagebeschreibung="Empelde" AngAufDatum="1998-10-13" AngStatus="2" Konditionen="kon" AnzANG="0"/>
  <Angebote AngNr="HS496" AngKurzBeschreibung="2-Familienhaus mit Garage" AngLagebeschreibung="Hannover - Kirchrode" AngAufDatum="1998-10-19" AngStatus="2" Konditionen="kon" AnzANG="0"/>
  <Angebote AngNr="HS497" AngKurzBeschreibung="Einfamilienhaus mit Garage" AngLagebeschreibung="Garbsen  OT Frielingen" AngAufDatum="1998-10-20" AngStatus="2" Konditionen="kon" AnzANG="0"/>
  <Angebote AngNr="HS498" AngKurzBeschreibung="Reihenmittelhaus mit Garage" AngLagebeschreibung="Alt-Garbsen" AngAufDatum="1998-10-20" AngStatus="2" Konditionen="kon" AnzANG="0"/>
  <Angebote AngNr="RH281" AngKurzBeschreibung="Mehrfamilienhaus" AngLagebeschreibung="Hannover - Nordstadt" AngAufDatum="1998-10-21" AngStatus="2" Konditionen="kon" AnzANG="1"/>
  <Angebote AngNr="EI499" AngKurzBeschreibung="9 Eigentumswohnungen (zwischen 2 und 4-Zimmer und 1 Gewerbeeinheit)" AngLagebeschreibung="Hannover - Linden/Nord" AngAufDatum="1998-10-22" AngStatus="2" Konditionen="kon" AnzANG="9"/>
  <Angebote AngNr="EI500" AngKurzBeschreibung="7-Zimmer-Eigentumswohnung" AngLagebeschreibung="Oststadt" AngAufDatum="1998-10-23" AngStatus="2" Konditionen="kon" AnzANG="1"/>
  <Angebote AngNr="HS501" AngKurzBeschreibung="Einfamilienhaus mit Garage" AngLagebeschreibung="Hannover - Bothfeld" AngAufDatum="1998-10-26" AngStatus="2" Konditionen="kon" AnzANG="1"/>
  <Angebote AngNr="EI502" AngKurzBeschreibung="3-Zimmer-Eigentumswohnung" AngLagebeschreibung="Hannover- List" AngAufDatum="1998-10-27" AngStatus="2" Konditionen="kon" AnzANG="1"/>
  <Angebote AngNr="EI503" AngKurzBeschreibung="3-Zimmer-Eigentumswohnung" AngLagebeschreibung="Hannover - Zentrum" AngAufDatum="1998-10-27" AngStatus="2" Konditionen="kon" AnzANG="1"/>
  <Angebote AngNr="RH282" AngKurzBeschreibung="Wohn- und Geschäftshaus" AngLagebeschreibung="Hannover - Südstadt" AngAufDatum="1998-10-27" AngStatus="2" Konditionen="kon" AnzANG="0"/>
  <Angebote AngNr="EI504" AngKurzBeschreibung="3-Zimmer-Eigentumswohnung" AngLagebeschreibung="Hannover - Linden/Mitte" AngAufDatum="1998-10-28" AngStatus="2" Konditionen="kon" AnzANG="0"/>
  <Angebote AngNr="EI505" AngKurzBeschreibung="3-Zimmer-Eigentumswohnung" AngLagebeschreibung="Hannover - List" AngAufDatum="1998-10-29" AngStatus="2" Konditionen="kon" AnzANG="1"/>
  <Angebote AngNr="EI506" AngKurzBeschreibung="7-Zimmer-Eigentumswohnung" AngLagebeschreibung="Hannover-Oststadt" AngAufDatum="1998-10-30" AngStatus="2" Konditionen="kon" AnzANG="1"/>
  <Angebote AngNr="EI507" AngKurzBeschreibung="5½ -Zimmer-Eigentumswohnung" AngLagebeschreibung="Hannover - List" AngAufDatum="1998-11-02" AngStatus="2" Konditionen="kon" AnzANG="1"/>
  <Angebote AngNr="HS508" AngKurzBeschreibung="Reihenmittelhaus mit Garage" AngLagebeschreibung="Empelde" AngAufDatum="1998-11-03" AngStatus="2" Konditionen="kon" AnzANG="0"/>
  <Angebote AngNr="RH283" AngKurzBeschreibung="16 Familienhaus" AngLagebeschreibung="Südstadt" AngAufDatum="1998-11-04" AngStatus="2" Konditionen="kon" AnzANG="1"/>
  <Angebote AngNr="HS509" AngKurzBeschreibung="Reihenmittelhaus" AngLagebeschreibung="Langenhagen" AngAufDatum="1998-11-05" AngStatus="2" Konditionen="kon" AnzANG="1"/>
  <Angebote AngNr="EI510" AngKurzBeschreibung="2-Zimmer-Eigentumswohnung" AngLagebeschreibung="Hannover - Kirchrode" AngAufDatum="1998-11-09" AngStatus="2" Konditionen="kon" AnzANG="1"/>
  <Angebote AngNr="HS511" AngKurzBeschreibung="Reihenmittelhaus mit Garage" AngLagebeschreibung="Hannover - Bemerode/Süd" AngAufDatum="1998-11-10" AngStatus="2" Konditionen="kon" AnzANG="1"/>
  <Angebote AngNr="HS512" AngKurzBeschreibung="Penthouse-Wohnung" AngLagebeschreibung="Hannover-List" AngAufDatum="1998-11-11" AngStatus="2" Konditionen="kon" AnzANG="1"/>
  <Angebote AngNr="EI513" AngKurzBeschreibung="3 1/2 und 4-Zimmer-Eigentumswohnung" AngLagebeschreibung="Hannover - Zooviertel" AngAufDatum="1998-11-12" AngStatus="2" Konditionen="kon" AnzANG="2"/>
  <Angebote AngNr="EI512" AngKurzBeschreibung="Penthouse-Wohnung" AngLagebeschreibung="Hannover - List" AngAufDatum="1998-11-12" AngStatus="2" Konditionen="kon" AnzANG="2"/>
  <Angebote AngNr="EI514" AngKurzBeschreibung="1-Zimmer-Eigentumswohnung" AngLagebeschreibung="Hannover-Davenstedt" AngAufDatum="1998-11-16" AngStatus="2" Konditionen="kon" AnzANG="1"/>
  <Angebote AngNr="RH284" AngKurzBeschreibung="1 Wohn- und Geschäftshaus, 1 Mehrfamilien-Wohnhaus" AngLagebeschreibung="Hannover" AngAufDatum="1998-11-16" AngStatus="2" Konditionen="kon" AnzANG="2"/>
  <Angebote AngNr="RH285" AngKurzBeschreibung="Wohn- und Geschäftshaus" AngLagebeschreibung="Hannover-Vahrenwald" AngAufDatum="1998-11-17" AngStatus="2" Konditionen="kon" AnzANG="1"/>
  <Angebote AngNr="EI515" AngKurzBeschreibung="6-Zimmer-Eigentumswohnung" AngLagebeschreibung="Hannover - Nordstadt" AngAufDatum="1998-11-23" AngStatus="2" Konditionen="kon" AnzANG="0"/>
  <Angebote AngNr="EI516" AngKurzBeschreibung="4-Zimmer-Eigentumswohnung" AngLagebeschreibung="Hannover - List" AngAufDatum="1998-11-23" AngStatus="2" Konditionen="kon" AnzANG="1"/>
  <Angebote AngNr="HS517" AngKurzBeschreibung="Einfamilienbungalow in guter Stadtlage" AngLagebeschreibung="Hannover-Ricklingen" AngAufDatum="1998-11-23" AngStatus="2" Konditionen="kon" AnzANG="1"/>
  <Angebote AngNr="RH286" AngKurzBeschreibung="11-Familienhaus" AngLagebeschreibung="Alt-Laatzen" AngAufDatum="1998-11-25" AngStatus="2" Konditionen="kon" AnzANG="1"/>
  <Angebote AngNr="EI518" AngKurzBeschreibung="3-Zimmer-Eigentumswohnung" AngLagebeschreibung="Hannover - Buchholz" AngAufDatum="1998-11-25" AngStatus="2" Konditionen="kon" AnzANG="1"/>
  <Angebote AngNr="EI519" AngKurzBeschreibung="3-Zimmer-Eigentumswohnung" AngLagebeschreibung="Hannover - Leineinsel" AngAufDatum="1998-11-26" AngStatus="2" Konditionen="kon" AnzANG="1"/>
  <Angebote AngNr="HS520" AngKurzBeschreibung="Einfamilienhaus mit Garage und Stellplatz in allerbester, herrlicher Wohnlage" AngLagebeschreibung="Wedemark - Bissendorf" AngAufDatum="1998-11-30" AngStatus="2" Konditionen="kon" AnzANG="1"/>
  <Angebote AngNr="HS521" AngKurzBeschreibung="Einfamilienhaus-Bungalow mit Garage" AngLagebeschreibung="Hannover - Waldheim" AngAufDatum="1998-11-30" AngStatus="2" Konditionen="kon" AnzANG="1"/>
  <Angebote AngNr="RH287" AngKurzBeschreibung="Wohn-und-Geschäftshaus" AngLagebeschreibung="Vahrenwald" AngAufDatum="2011-08-10" AngStatus="2" Konditionen="kon" AnzANG="1"/>
  <Angebote AngNr="RH763" AngKurzBeschreibung="Wohn-und-Geschäftshaus" AngLagebeschreibung="Calenberger Neustadt" AngAufDatum="2011-08-10" AngStatus="2" Konditionen="kon" AnzANG="1"/>
  <Angebote AngNr="EI522" AngKurzBeschreibung="4-5 Zimmer-Eigentumswohnung" AngLagebeschreibung="Hannover - List" AngAufDatum="1998-12-02" AngStatus="2" Konditionen="kon" AnzANG="1"/>
  <Angebote AngNr="EI523" AngKurzBeschreibung="7-Zimmer-Eigentumswohnung" AngLagebeschreibung="Hannover-List" AngAufDatum="1998-12-03" AngStatus="2" Konditionen="kon" AnzANG="1"/>
  <Angebote AngNr="HS524" AngKurzBeschreibung="Einfamilienhaus in allerbester, ruhiger Wohnlage" AngLagebeschreibung="Hannover Süd / An der Leine" AngAufDatum="1998-12-04" AngStatus="2" Konditionen="kon" AnzANG="1"/>
  <Angebote AngNr="HS525" AngKurzBeschreibung="Haus aus den Dreißigern" AngLagebeschreibung="Hannover - Nähe Kanal" AngAufDatum="1998-12-04" AngStatus="2" Konditionen="kon" AnzANG="1"/>
  <Angebote AngNr="HS526" AngKurzBeschreibung="Lux. Einfamilienhaus mit Doppelgarage in begehrter Wohnlage" AngLagebeschreibung="Isernhagen /OT" AngAufDatum="1998-12-08" AngStatus="2" Konditionen="kon" AnzANG="1"/>
  <Angebote AngNr="EI527" AngKurzBeschreibung="4 - Eigentumswohnung" AngLagebeschreibung="Leineinsel" AngAufDatum="1998-12-16" AngStatus="2" Konditionen="kon" AnzANG="1"/>
  <Angebote AngNr="RH288" AngKurzBeschreibung="Gewerbegrundstück" AngLagebeschreibung="Hannover - Ricklingen" AngAufDatum="1998-12-16" AngStatus="2" Konditionen="kon" AnzANG="1"/>
  <Angebote AngNr="EI528" AngKurzBeschreibung="3 Zimmereigentumswohnung" AngLagebeschreibung="List" AngAufDatum="1998-12-18" AngStatus="2" Konditionen="kon" AnzANG="0"/>
  <Angebote AngNr="EI529" AngKurzBeschreibung="3-Zimmer-Eigentumswohnung" AngLagebeschreibung="Hannover - Döhren/Leinewehr" AngAufDatum="1998-12-22" AngStatus="2" Konditionen="kon" AnzANG="1"/>
  <Angebote AngNr="HS530" AngKurzBeschreibung="Jugendstilvilla" AngLagebeschreibung="Gehrden OT. Everloh" AngAufDatum="1999-01-18" AngStatus="2" Konditionen="kon" AnzANG="1"/>
  <Angebote AngNr="HS531" AngKurzBeschreibung="Reihenmittelhaus mit Garage" AngLagebeschreibung="Hannover/Heideviertel" AngAufDatum="1999-01-27" AngStatus="2" Konditionen="kon" AnzANG="1"/>
  <Angebote AngNr="HS532" AngKurzBeschreibung="Ein- bis Zweifamilienhaus" AngLagebeschreibung="Herrenhausen" AngAufDatum="1999-02-09" AngStatus="2" Konditionen="kon" AnzANG="1"/>
  <Angebote AngNr="EI533" AngKurzBeschreibung="3- Zimmer Eigentumswohnung" AngLagebeschreibung="Döhren - Leineinsel" AngAufDatum="1999-02-11" AngStatus="2" Konditionen="kon" AnzANG="1"/>
  <Angebote AngNr="HS534" AngKurzBeschreibung="Wohneigentum als Einfamilienhaus integriert in  Eigentümeranlage" AngLagebeschreibung="Hannover - Nähe Lister Meile" AngAufDatum="1999-02-11" AngStatus="2" Konditionen="kon" AnzANG="1"/>
  <Angebote AngNr="HS535" AngKurzBeschreibung="Reihenendhaus mit Garage" AngLagebeschreibung="Hannover-Davenstedt" AngAufDatum="1999-02-12" AngStatus="2" Konditionen="kon" AnzANG="0"/>
  <Angebote AngNr="HS536" AngKurzBeschreibung="Bungalow mit Garage" AngLagebeschreibung="Langenhagen" AngAufDatum="1999-02-12" AngStatus="2" Konditionen="kon" AnzANG="1"/>
  <Angebote AngNr="EI538" AngKurzBeschreibung="2- Zimmereigentumswohnung" AngLagebeschreibung="Hannover List" AngAufDatum="1999-02-16" AngStatus="2" Konditionen="kon" AnzANG="0"/>
  <Angebote AngNr="EI537" AngKurzBeschreibung="3- Zimmereigentumswohnung /  3. OG  /  Loggia Nord" AngLagebeschreibung="Hannover List" AngAufDatum="1999-02-17" AngStatus="2" Konditionen="kon" AnzANG="1"/>
  <Angebote AngNr="HS540" AngKurzBeschreibung="Doppelhaushälfte mit Nebengebäude" AngLagebeschreibung="Anderten" AngAufDatum="1999-02-18" AngStatus="2" Konditionen="kon" AnzANG="1"/>
  <Angebote AngNr="EI539" AngKurzBeschreibung="2- Zimmer- Eigentumswohnung" AngLagebeschreibung="List" AngAufDatum="1999-02-18" AngStatus="2" Konditionen="kon" AnzANG="1"/>
  <Angebote AngNr="RH289" AngKurzBeschreibung="Geschäftshaus" AngLagebeschreibung="Hannover - List" AngAufDatum="1999-02-19" AngStatus="2" Konditionen="kon" AnzANG="1"/>
  <Angebote AngNr="EI541" AngKurzBeschreibung="2- Zimmereigentumswohnung   4. Stock" AngLagebeschreibung="Südstadt, Nähe Geibelplatz" AngAufDatum="1999-02-22" AngStatus="2" Konditionen="kon" AnzANG="2"/>
  <Angebote AngNr="EI542" AngKurzBeschreibung="3- Zimmereigentumswohnung / Blk." AngLagebeschreibung="Hannover / Südstadt/Stephansplatz" AngAufDatum="1999-02-22" AngStatus="2" Konditionen="kon" AnzANG="1"/>
  <Angebote AngNr="EI543" AngKurzBeschreibung="3- Zimmer- Eigentumswohnung" AngLagebeschreibung="Döhren / Am Leinewehr" AngAufDatum="1999-02-24" AngStatus="2" Konditionen="kon" AnzANG="1"/>
  <Angebote AngNr="EI544" AngKurzBeschreibung="4½-Zimmereigentumswohnung" AngLagebeschreibung="Maschsee" AngAufDatum="1999-02-26" AngStatus="2" Konditionen="kon" AnzANG="1"/>
  <Angebote AngNr="HS545" AngKurzBeschreibung="Einfamilienhaus mit Garage" AngLagebeschreibung="Brünnighausen" AngAufDatum="1999-03-02" AngStatus="2" Konditionen="kon" AnzANG="1"/>
  <Angebote AngNr="HS546" AngKurzBeschreibung="Jugendstilvilla mit Kutscherhaus" AngLagebeschreibung="Hannover- Waldhausen" AngAufDatum="1999-03-04" AngStatus="2" Konditionen="kon" AnzANG="1"/>
  <Angebote AngNr="HS547" AngKurzBeschreibung="Reihenendhaus mit Carport" AngLagebeschreibung="Hannover- Bemerode" AngAufDatum="1999-03-11" AngStatus="2" Konditionen="kon" AnzANG="1"/>
  <Angebote AngNr="HS548" AngKurzBeschreibung="Reihenhaus mit Garage" AngLagebeschreibung="Stadt Sehnde" AngAufDatum="1999-03-11" AngStatus="2" Konditionen="kon" AnzANG="1"/>
  <Angebote AngNr="RH290" AngKurzBeschreibung="Mehrfamilienhaus" AngLagebeschreibung="Hannover - Südstadt" AngAufDatum="1999-03-12" AngStatus="2" Konditionen="kon" AnzANG="1"/>
  <Angebote AngNr="RH291" AngKurzBeschreibung="Wohn- und Geschäftshaus" AngLagebeschreibung="List" AngAufDatum="1999-03-15" AngStatus="2" Konditionen="kon" AnzANG="1"/>
  <Angebote AngNr="HS549" AngKurzBeschreibung="Einfamilienhaus mit Einliegerwohnung und Garage" AngLagebeschreibung="Barsinghausen" AngAufDatum="1999-03-19" AngStatus="2" Konditionen="kon" AnzANG="1"/>
  <Angebote AngNr="RH292" AngKurzBeschreibung="Mehrfamilienhaus" AngLagebeschreibung="Südstadt" AngAufDatum="1999-03-19" AngStatus="2" Konditionen="kon" AnzANG="1"/>
  <Angebote AngNr="EI550" AngKurzBeschreibung="2- Zimmer- Eigentumswohnung" AngLagebeschreibung="Hannover - List" AngAufDatum="1999-03-23" AngStatus="2" Konditionen="kon" AnzANG="1"/>
  <Angebote AngNr="EI552" AngKurzBeschreibung="3-Zimmer- Eigentumswohnung" AngLagebeschreibung="Hannover-Mitte, Nähe Goseriede" AngAufDatum="1999-03-26" AngStatus="2" Konditionen="kon" AnzANG="2"/>
  <Angebote AngNr="EI551" AngKurzBeschreibung="2-Zimmer- Eigentumswohnung" AngLagebeschreibung="Hannover" AngAufDatum="1999-03-26" AngStatus="2" Konditionen="kon" AnzANG="1"/>
  <Angebote AngNr="RH293" AngKurzBeschreibung="10 Familienhaus" AngLagebeschreibung="Linden-Nord" AngAufDatum="1999-03-26" AngStatus="2" Konditionen="kon" AnzANG="1"/>
  <Angebote AngNr="EI553" AngKurzBeschreibung="2-Zimmer- Eigentumswohnung" AngLagebeschreibung="Hannover-Südstadt" AngAufDatum="1999-03-29" AngStatus="2" Konditionen="kon" AnzANG="1"/>
  <Angebote AngNr="EI554" AngKurzBeschreibung="2- Zimmer- Eigentumswohnung" AngLagebeschreibung="Hannover-List" AngAufDatum="1999-03-31" AngStatus="2" Konditionen="kon" AnzANG="1"/>
  <Angebote AngNr="EI555" AngKurzBeschreibung="3-Zimmer- Wohnung" AngLagebeschreibung="List - Nähe Bonifatiusplatz" AngAufDatum="1999-03-31" AngStatus="2" Konditionen="kon" AnzANG="1"/>
  <Angebote AngNr="EI556" AngKurzBeschreibung="3-Zimmer-Eigentumswohnung" AngLagebeschreibung="Hannover - Oststadt" AngAufDatum="1999-04-08" AngStatus="2" Konditionen="kon" AnzANG="1"/>
  <Angebote AngNr="HS557" AngKurzBeschreibung="Einfamilienhaus mit Garage" AngLagebeschreibung="Kirchrode" AngAufDatum="1999-04-09" AngStatus="2" Konditionen="kon" AnzANG="1"/>
  <Angebote AngNr="HS558" AngKurzBeschreibung="Repräsentatives, beeindruckendes Anwesen in allerbester Wohnlage" AngLagebeschreibung="Hannover - Kirchrode" AngAufDatum="1999-04-12" AngStatus="2" Konditionen="kon" AnzANG="1"/>
  <Angebote AngNr="HS559" AngKurzBeschreibung="Einfamilienhaus mit Einliegerwohnung, 1 Garage" AngLagebeschreibung="Kirchrode, beste Wohnlage" AngAufDatum="1999-04-13" AngStatus="2" Konditionen="kon" AnzANG="1"/>
  <Angebote AngNr="EI560" AngKurzBeschreibung="3-Zimmer-Eigentumswohnung" AngLagebeschreibung="Hannover-Waldheim" AngAufDatum="1999-04-13" AngStatus="2" Konditionen="kon" AnzANG="0"/>
  <Angebote AngNr="EI563" AngKurzBeschreibung="3 Zimmer-Eigentumswohnung" AngLagebeschreibung="Hannover Döhren" AngAufDatum="1999-04-14" AngStatus="2" Konditionen="kon" AnzANG="1"/>
  <Angebote AngNr="EI564" AngKurzBeschreibung="3-1/2 Zimmer-Eigentumswohnung" AngLagebeschreibung="Hannover- Südstadt" AngAufDatum="1999-04-14" AngStatus="2" Konditionen="kon" AnzANG="1"/>
  <Angebote AngNr="EI562" AngKurzBeschreibung="2-Zimmer-Eigentumswohnung 2. Stock links" AngLagebeschreibung="Hannover Döhren - Leineinsel" AngAufDatum="1999-04-14" AngStatus="2" Konditionen="kon" AnzANG="1"/>
  <Angebote AngNr="HS565" AngKurzBeschreibung="RMH mit Stellplatz" AngLagebeschreibung="Hannover Wettbergen - Dänisches Viertel" AngAufDatum="1999-04-14" AngStatus="2" Konditionen="kon" AnzANG="1"/>
  <Angebote AngNr="HS561" AngKurzBeschreibung="RMH mit Garage" AngLagebeschreibung="Sehnde - angenehmes Wohngebiet" AngAufDatum="1999-04-14" AngStatus="2" Konditionen="kon" AnzANG="1"/>
  <Angebote AngNr="EI566" AngKurzBeschreibung="3 ½-Zimmer-Eigentumswohnung im Dachgeschoß" AngLagebeschreibung="Hannover List" AngAufDatum="1999-04-15" AngStatus="2" Konditionen="kon" AnzANG="1"/>
  <Angebote AngNr="HS567" AngKurzBeschreibung="Einfamilienhaus direkt am Deister" AngLagebeschreibung="Barsinghausen" AngAufDatum="1999-04-19" AngStatus="2" Konditionen="kon" AnzANG="1"/>
  <Angebote AngNr="HS568" AngKurzBeschreibung="Einfamilienhaus mit Einliegerwohnung, Carport" AngLagebeschreibung="Garbsen/Berenbostel" AngAufDatum="1999-04-26" AngStatus="2" Konditionen="kon" AnzANG="1"/>
  <Angebote AngNr="EI569" AngKurzBeschreibung="6½-Zimmer-Eigentumswohnung" AngLagebeschreibung="Hannover - Oststadt" AngAufDatum="1999-04-27" AngStatus="2" Konditionen="kon" AnzANG="1"/>
  <Angebote AngNr="HS570" AngKurzBeschreibung="Sehr geräumiges Dreifamilienhaus" AngLagebeschreibung=" Ronnenberg, OT Linderte" AngAufDatum="1999-04-27" AngStatus="2" Konditionen="kon" AnzANG="1"/>
  <Angebote AngNr="EI571" AngKurzBeschreibung="2-Zimmer-Eigentumswohnung" AngLagebeschreibung="Hannover - List" AngAufDatum="1999-04-29" AngStatus="2" Konditionen="kon" AnzANG="1"/>
  <Angebote AngNr="EI572" AngKurzBeschreibung="1-Zimmer-Eigentumswohnung" AngLagebeschreibung="Hannover" AngAufDatum="1999-04-30" AngStatus="2" Konditionen="kon" AnzANG="1"/>
  <Angebote AngNr="HS573" AngKurzBeschreibung="Doppelhaushälfte" AngLagebeschreibung="Hemmingen Westerfeld" AngAufDatum="1999-05-07" AngStatus="2" Konditionen="kon" AnzANG="1"/>
  <Angebote AngNr="RH294" AngKurzBeschreibung="8-Familien-Wohnhaus" AngLagebeschreibung="Hannover-Südstadt" AngAufDatum="1999-05-11" AngStatus="2" Konditionen="kon" AnzANG="1"/>
  <Angebote AngNr="HS574" AngKurzBeschreibung="Doppelhaushälfte mit Garage" AngLagebeschreibung="Hannover-Waldheim" AngAufDatum="1999-05-11" AngStatus="2" Konditionen="kon" AnzANG="1"/>
  <Angebote AngNr="HS577" AngKurzBeschreibung="Großzügiges Architektenhaus mit Doppelgarage" AngLagebeschreibung="Hohenhameln" AngAufDatum="1999-05-12" AngStatus="2" Konditionen="kon" AnzANG="1"/>
  <Angebote AngNr="HS576" AngKurzBeschreibung="Reihenendhaus mit Garageneinstellplatz" AngLagebeschreibung="Groß-Buchholz" AngAufDatum="1999-05-12" AngStatus="2" Konditionen="kon" AnzANG="1"/>
  <Angebote AngNr="HS575" AngKurzBeschreibung="Einfamilienhausbungalow mit Doppelcarport und einer großen Garage" AngLagebeschreibung="Großburgwedel" AngAufDatum="1999-05-12" AngStatus="2" Konditionen="kon" AnzANG="1"/>
  <Angebote AngNr="HS578" AngKurzBeschreibung="Stadthaus" AngLagebeschreibung="Hannover - Sahlkamp" AngAufDatum="1999-05-13" AngStatus="2" Konditionen="kon" AnzANG="1"/>
  <Angebote AngNr="HS579" AngKurzBeschreibung="modernes Reihenendhaus" AngLagebeschreibung="Laatzen / OT Rethen" AngAufDatum="1999-05-15" AngStatus="2" Konditionen="kon" AnzANG="1"/>
  <Angebote AngNr="EI585" AngKurzBeschreibung="2 Zimmer Eigentumswohnung" AngLagebeschreibung="Hannover-Südstadt" AngAufDatum="1999-05-18" AngStatus="2" Konditionen="kon" AnzANG="1"/>
  <Angebote AngNr="HS580" AngKurzBeschreibung="Doppelhaushälfte" AngLagebeschreibung="Hannover-Bothfeld" AngAufDatum="1999-05-19" AngStatus="2" Konditionen="kon" AnzANG="1"/>
  <Angebote AngNr="HS581" AngKurzBeschreibung="Doppelhaushälfte" AngLagebeschreibung="Hannover-Bothfeld" AngAufDatum="1999-05-19" AngStatus="2" Konditionen="kon" AnzANG="1"/>
  <Angebote AngNr="HS582" AngKurzBeschreibung="Doppelhaushälfte mit Garage und Doppelcarport" AngLagebeschreibung="Isernhagen OT" AngAufDatum="1999-05-19" AngStatus="2" Konditionen="kon" AnzANG="1"/>
  <Angebote AngNr="HS583" AngKurzBeschreibung="Reihenendhaus mit Garage" AngLagebeschreibung="Langenhagen" AngAufDatum="1999-05-20" AngStatus="2" Konditionen="kon" AnzANG="1"/>
  <Angebote AngNr="HS584" AngKurzBeschreibung="Einfamilienhaus mit Einliegerwohnung Garage + Carport" AngLagebeschreibung="Garbsen OT Osterwald" AngAufDatum="1999-05-20" AngStatus="2" Konditionen="kon" AnzANG="1"/>
  <Angebote AngNr="HS586" AngKurzBeschreibung="Einfamilienhaus in Reihe gebaut mit versetzten Wohnebenen" AngLagebeschreibung="Isernhagen / OT Altwarmbüchen" AngAufDatum="1999-05-20" AngStatus="2" Konditionen="kon" AnzANG="1"/>
  <Angebote AngNr="HS587" AngKurzBeschreibung="Einfamilienhaus mit Doppelgarage" AngLagebeschreibung="Engensen/Burgwedel" AngAufDatum="1999-05-20" AngStatus="2" Konditionen="kon" AnzANG="1"/>
  <Angebote AngNr="EI588" AngKurzBeschreibung="4 Zimmer-Eigentumswohnung" AngLagebeschreibung="Hannover-List, Nähe Eilenriede" AngAufDatum="1999-05-21" AngStatus="2" Konditionen="kon" AnzANG="1"/>
  <Angebote AngNr="EI589" AngKurzBeschreibung="4-Zimmer-Eigentumswohnung" AngLagebeschreibung="Hannover-List" AngAufDatum="1999-05-21" AngStatus="2" Konditionen="kon" AnzANG="1"/>
  <Angebote AngNr="EI590" AngKurzBeschreibung="3-Zimmer-Eigentumswohnung" AngLagebeschreibung="Hannover-Oststadt" AngAufDatum="1999-06-01" AngStatus="2" Konditionen="kon" AnzANG="1"/>
  <Angebote AngNr="HS591" AngKurzBeschreibung="Reihenmittelhaus mit Stellplatz" AngLagebeschreibung="Ronnenberg" AngAufDatum="1999-06-02" AngStatus="2" Konditionen="kon" AnzANG="1"/>
  <Angebote AngNr="HS592" AngKurzBeschreibung="Exklusive Doppelhaushälfte in allerbester Wohnlage mit Garage" AngLagebeschreibung="Hannover-Steuerndieb" AngAufDatum="1999-06-04" AngStatus="2" Konditionen="kon" AnzANG="1"/>
  <Angebote AngNr="HS593" AngKurzBeschreibung="Einfamilienhaus in Reihe gebaut mit Garage und Stellplatz" AngLagebeschreibung="Hannover-Wettbergen/West" AngAufDatum="1999-06-04" AngStatus="2" Konditionen="kon" AnzANG="1"/>
  <Angebote AngNr="HS594" AngKurzBeschreibung="Einfamilienhaus mit Doppelgarage (verklinkert)" AngLagebeschreibung="Wedemark-Resse" AngAufDatum="1999-06-04" AngStatus="2" Konditionen="kon" AnzANG="1"/>
  <Angebote AngNr="HS595" AngKurzBeschreibung="Doppelhaushälfte mit Garage" AngLagebeschreibung="Ronnenberg, OT Empelde" AngAufDatum="1999-06-08" AngStatus="2" Konditionen="kon" AnzANG="1"/>
  <Angebote AngNr="EI596" AngKurzBeschreibung="3-Zimmer-Eigentumswohnung" AngLagebeschreibung="Döhren, Nähe Maschsee" AngAufDatum="1999-06-08" AngStatus="2" Konditionen="kon" AnzANG="1"/>
  <Angebote AngNr="RH295" AngKurzBeschreibung="Wohn- und Geschäftshaus" AngLagebeschreibung="Hannover-Oststadt" AngAufDatum="1999-06-10" AngStatus="2" Konditionen="kon" AnzANG="1"/>
  <Angebote AngNr="HS597" AngKurzBeschreibung="großzügiges Einfamilienhaus mit Einliegerwohnung, Garage" AngLagebeschreibung="Hannover-Bothfeld" AngAufDatum="1999-06-10" AngStatus="2" Konditionen="kon" AnzANG="1"/>
  <Angebote AngNr="EI598" AngKurzBeschreibung="2-Zimmer-Eigentumswohnung" AngLagebeschreibung="Hannover-Südstadt" AngAufDatum="1999-06-11" AngStatus="2" Konditionen="kon" AnzANG="1"/>
  <Angebote AngNr="EI599" AngKurzBeschreibung="2-Zimmer-Eigentumswohnung" AngLagebeschreibung="Hannover-Südstadt, Nahe Maschsee" AngAufDatum="1999-06-14" AngStatus="2" Konditionen="kon" AnzANG="1"/>
  <Angebote AngNr="HS600" AngKurzBeschreibung="Einfamilienhaus mit Deister-Blick" AngLagebeschreibung="Barsinghausen-Egestorf" AngAufDatum="1999-06-16" AngStatus="2" Konditionen="kon" AnzANG="1"/>
  <Angebote AngNr="EI601" AngKurzBeschreibung="3-Zimmer-Eigentumswohnung" AngLagebeschreibung="Hannover-List, unmittelbare Nähe zur Eilenriede" AngAufDatum="1999-06-17" AngStatus="2" Konditionen="kon" AnzANG="1"/>
  <Angebote AngNr="RH296" AngKurzBeschreibung="Bürohaus" AngLagebeschreibung="Hannover-Lahe" AngAufDatum="1999-06-17" AngStatus="2" Konditionen="kon" AnzANG="1"/>
  <Angebote AngNr="HS602" AngKurzBeschreibung="Exklusives Reihenmittelhaus mit Garage am Rand des Benther Berges" AngLagebeschreibung="Benthe" AngAufDatum="1999-06-21" AngStatus="2" Konditionen="kon" AnzANG="1"/>
  <Angebote AngNr="HS603" AngKurzBeschreibung="Historisches Fachwerkhaus auf großem Anwesen" AngLagebeschreibung="Isernhagen OT" AngAufDatum="1999-06-22" AngStatus="2" Konditionen="kon" AnzANG="1"/>
  <Angebote AngNr="EI604" AngKurzBeschreibung="3½-Zimmer-Eigentumswohnung" AngLagebeschreibung="Hannover-Südstadt, Nähe Maschsee" AngAufDatum="1999-06-23" AngStatus="2" Konditionen="kon" AnzANG="1"/>
  <Angebote AngNr="EI605" AngKurzBeschreibung="2-Zimmer-Eigentumswohnung" AngLagebeschreibung="Hannover-Südstadt" AngAufDatum="1999-06-23" AngStatus="2" Konditionen="kon" AnzANG="1"/>
  <Angebote AngNr="HS606" AngKurzBeschreibung="Reihenmittelhaus mit Garage" AngLagebeschreibung="Hannover-Lahe" AngAufDatum="1999-06-24" AngStatus="2" Konditionen="kon" AnzANG="1"/>
  <Angebote AngNr="EI607" AngKurzBeschreibung="Dachgeschoß-Eigentumswohnung" AngLagebeschreibung="Hannover-Döhren, Nähe Maschsee" AngAufDatum="1999-06-29" AngStatus="2" Konditionen="kon" AnzANG="1"/>
  <Angebote AngNr="EI608" AngKurzBeschreibung="3½-Zimmer-Eigentumswohnung" AngLagebeschreibung="Langenhagen" AngAufDatum="1999-06-29" AngStatus="2" Konditionen="kon" AnzANG="1"/>
  <Angebote AngNr="HS609" AngKurzBeschreibung="Historisches Bauernhaus mit sep. Einliegerwohnung, -amtlich anerkanntes Baudenkmal-" AngLagebeschreibung="Hannover-Ricklingen  -altes Dorf-" AngAufDatum="1999-06-30" AngStatus="2" Konditionen="kon" AnzANG="1"/>
  <Angebote AngNr="HS610" AngKurzBeschreibung="Einfamilienhaus" AngLagebeschreibung="Otternhagen" AngAufDatum="1999-06-30" AngStatus="2" Konditionen="kon" AnzANG="1"/>
  <Angebote AngNr="EI611" AngKurzBeschreibung="4-Zimmer-Eigentumswohnung" AngLagebeschreibung="Hannover-Nordstadt, Uninähe" AngAufDatum="1999-07-01" AngStatus="2" Konditionen="kon" AnzANG="1"/>
  <Angebote AngNr="HS612" AngKurzBeschreibung="Reihenmittelhaus mit Garage" AngLagebeschreibung="Hannover - Davenstedt" AngAufDatum="1999-07-01" AngStatus="2" Konditionen="kon" AnzANG="1"/>
  <Angebote AngNr="EI613" AngKurzBeschreibung="5-Zimmer-Eigentumswohnung" AngLagebeschreibung="Hannover-Linden, Nähe Lindener Markt" AngAufDatum="1999-07-06" AngStatus="2" Konditionen="kon" AnzANG="1"/>
  <Angebote AngNr="EI614" AngKurzBeschreibung="5-Zimmer-Eigentumswohnung" AngLagebeschreibung="Hannover - Nähe Wedekindplatz" AngAufDatum="1999-07-06" AngStatus="2" Konditionen="kon" AnzANG="1"/>
  <Angebote AngNr="HS615" AngKurzBeschreibung="Einfamilienhaus mit 2 Einliegerwohnungen" AngLagebeschreibung="Stadthagen" AngAufDatum="1999-07-06" AngStatus="2" Konditionen="kon" AnzANG="1"/>
  <Angebote AngNr="HS616" AngKurzBeschreibung="Einfamilienhaus" AngLagebeschreibung="Gehrden" AngAufDatum="1999-07-07" AngStatus="2" Konditionen="kon" AnzANG="1"/>
  <Angebote AngNr="HS617" AngKurzBeschreibung="Bungalow mit Einliegerwohnung und Garage in Expo-Nähe" AngLagebeschreibung="Hemmingen-Hiddestorf" AngAufDatum="1999-07-07" AngStatus="2" Konditionen="kon" AnzANG="1"/>
  <Angebote AngNr="HS618" AngKurzBeschreibung="Reihenmittelhaus mit Garage" AngLagebeschreibung="Hannover - Groß Buchholz" AngAufDatum="1999-07-07" AngStatus="2" Konditionen="kon" AnzANG="1"/>
  <Angebote AngNr="EI619" AngKurzBeschreibung="2-Zimmer-Eigentumswohnung" AngLagebeschreibung="Hannover-List" AngAufDatum="1999-07-12" AngStatus="2" Konditionen="kon" AnzANG="1"/>
  <Angebote AngNr="EI620" AngKurzBeschreibung="3-Zimmer-Eigentumswohnung" AngLagebeschreibung="Hannover-Mitte" AngAufDatum="1999-07-12" AngStatus="2" Konditionen="kon" AnzANG="1"/>
  <Angebote AngNr="EI621" AngKurzBeschreibung="2-Zimmer-Eigentumswohnung  mit Reihenhauscharakter" AngLagebeschreibung="Hannover - Groß Buchholz" AngAufDatum="1999-07-13" AngStatus="2" Konditionen="kon" AnzANG="1"/>
  <Angebote AngNr="EI622" AngKurzBeschreibung="3-Zimmer-Eigentumswohnung" AngLagebeschreibung="Hannover-Oststadt, Nähe Lister Meile" AngAufDatum="1999-07-14" AngStatus="2" Konditionen="kon" AnzANG="1"/>
  <Angebote AngNr="EI623" AngKurzBeschreibung="2-Zimmer-Eigentumswohnung" AngLagebeschreibung="Hannover-Südstadt, Nähe Maschsee" AngAufDatum="1999-07-14" AngStatus="2" Konditionen="kon" AnzANG="1"/>
  <Angebote AngNr="HS624" AngKurzBeschreibung="Einfamilienhaus mit Doppelgarage" AngLagebeschreibung="Wedemark/Mellendorf" AngAufDatum="1999-07-14" AngStatus="2" Konditionen="kon" AnzANG="1"/>
  <Angebote AngNr="EI625" AngKurzBeschreibung="1- und 2-Zimmer-Eigentumswohnungen" AngLagebeschreibung="Hannover-Oststadt, Nähe Eilenriede" AngAufDatum="1999-07-15" AngStatus="2" Konditionen="kon" AnzANG="2"/>
  <Angebote AngNr="HS626" AngKurzBeschreibung="Wohn- und Geschäftshaus mit Hallenbad + Penthouse" AngLagebeschreibung="Absolut ruhige Lage Nähe Herrenhäuser Gärten - Uneinsehbarer Park - Grundstück direkt an der Leine" AngAufDatum="1999-07-15" AngStatus="2" Konditionen="kon" AnzANG="1"/>
  <Angebote AngNr="HS627" AngKurzBeschreibung="Lux. Einfamilienhaus mit großer Garage in allerbester Wohnlage von Kirchrode" AngLagebeschreibung="Hannover - Kirchrode" AngAufDatum="1999-07-16" AngStatus="2" Konditionen="kon" AnzANG="1"/>
  <Angebote AngNr="EI628" AngKurzBeschreibung="3- und 4-Zimmer-Eigentumswohnungen" AngLagebeschreibung="Hannover - Linden" AngAufDatum="1999-07-19" AngStatus="2" Konditionen="kon" AnzANG="2"/>
  <Angebote AngNr="EI629" AngKurzBeschreibung="3-Zimmer-Eigentumswohnung" AngLagebeschreibung="Hannover - Linden, Nähe Deister Platz" AngAufDatum="1999-07-19" AngStatus="2" Konditionen="kon" AnzANG="1"/>
  <Angebote AngNr="EI630" AngKurzBeschreibung="5-Zimmer-Eigentumswohnung" AngLagebeschreibung="Hannover-List" AngAufDatum="1999-07-21" AngStatus="2" Konditionen="kon" AnzANG="1"/>
  <Angebote AngNr="HS631" AngKurzBeschreibung="1-2 Familienhaus mit 2 Garagen und 1 Carport" AngLagebeschreibung="Alt Garbsen" AngAufDatum="1999-07-26" AngStatus="2" Konditionen="kon" AnzANG="1"/>
  <Angebote AngNr="HS632" AngKurzBeschreibung="Neubau eines Bungalow mit 1 Stellplatz" AngLagebeschreibung="Hambühren - Ovelgönne" AngAufDatum="1999-07-26" AngStatus="2" Konditionen="kon" AnzANG="1"/>
  <Angebote AngNr="HS633" AngKurzBeschreibung="Büro- und Wohnhaus mit Doppelgarage als Niedrigenergiehaus" AngLagebeschreibung="Isernhagen FB" AngAufDatum="1999-07-27" AngStatus="2" Konditionen="kon" AnzANG="1"/>
  <Angebote AngNr="HS634" AngKurzBeschreibung="Reihenmittelhaus in bevorzugter Lage" AngLagebeschreibung="Hannover - Kirchrode" AngAufDatum="1999-07-29" AngStatus="2" Konditionen="kon" AnzANG="1"/>
  <Angebote AngNr="EI635" AngKurzBeschreibung="4-Zimmer-Eigentumswohnung (lt. Grundbuch: 2 x 2 Zimmer ETW, Whg. Nr. 9 u. 10)" AngLagebeschreibung="Hannover - Südstadt zentrale, sehr gute und ruhige Wohnlage in unmittelbarer Nähe zum Maschsee" AngAufDatum="1999-08-02" AngStatus="2" Konditionen="profre" AnzANG="16"/>
  <Angebote AngNr="HS636" AngKurzBeschreibung="Doppelhaushälfte mit Carport" AngLagebeschreibung="Hemmingen OT Arnum" AngAufDatum="1999-08-03" AngStatus="2" Konditionen="kon" AnzANG="1"/>
  <Angebote AngNr="RH297" AngKurzBeschreibung="Geschäftshaus" AngLagebeschreibung="Hannover - Nordstadt" AngAufDatum="1999-08-03" AngStatus="2" Konditionen="kon" AnzANG="1"/>
  <Angebote AngNr="HS637" AngKurzBeschreibung="Stilvolles, 2 geschossiges Haus aus dem Jahre 1929 im Bauhausstil" AngLagebeschreibung="Lehrte - zentrumsnah" AngAufDatum="1999-08-04" AngStatus="2" Konditionen="kon" AnzANG="1"/>
  <Angebote AngNr="EI638" AngKurzBeschreibung="3 Zimmer-Eigentumswohnung mit 2 Balkonen" AngLagebeschreibung="Hannover - Oststadt" AngAufDatum="1999-08-04" AngStatus="2" Konditionen="kon" AnzANG="1"/>
  <Angebote AngNr="RH298" AngKurzBeschreibung="Wohn- und Geschäftshaus" AngLagebeschreibung="Hannover - Döhren" AngAufDatum="1999-08-05" AngStatus="2" Konditionen="kon" AnzANG="1"/>
  <Angebote AngNr="RH299" AngKurzBeschreibung="Mehrfamilienhaus" AngLagebeschreibung="Hannover - Linden/Nord" AngAufDatum="1999-08-06" AngStatus="2" Konditionen="kon" AnzANG="1"/>
  <Angebote AngNr="HS639" AngKurzBeschreibung="Reihenendhaus mit Garage, teilunterkellert" AngLagebeschreibung="Hannover - Groß Buchholz" AngAufDatum="1999-08-06" AngStatus="2" Konditionen="kon" AnzANG="1"/>
  <Angebote AngNr="EI640" AngKurzBeschreibung="2-Zimmer-Eigentumswohnung" AngLagebeschreibung="Hannover - Döhren/Leineinsel" AngAufDatum="1999-08-10" AngStatus="2" Konditionen="kon" AnzANG="1"/>
  <Angebote AngNr="HS641" AngKurzBeschreibung="Einfamilienhaus mit 2 Garagen" AngLagebeschreibung="Sehnde" AngAufDatum="1999-08-12" AngStatus="2" Konditionen="kon" AnzANG="1"/>
  <Angebote AngNr="HS642" AngKurzBeschreibung="Hinterhofhaus" AngLagebeschreibung="Hannover - Kleefeld" AngAufDatum="1999-08-12" AngStatus="2" Konditionen="kon" AnzANG="1"/>
  <Angebote AngNr="HS643" AngKurzBeschreibung="Reihenmittelhaus mit Garage" AngLagebeschreibung="Garbsen, OT Havelse" AngAufDatum="1999-08-12" AngStatus="2" Konditionen="kon" AnzANG="1"/>
  <Angebote AngNr="HS644" AngKurzBeschreibung="Stilvolles 2-Familienhaus mit Doppelgarage" AngLagebeschreibung="Langenhagen / Am Brinker Park" AngAufDatum="1999-08-16" AngStatus="2" Konditionen="kon" AnzANG="1"/>
  <Angebote AngNr="HS645" AngKurzBeschreibung="Einfamilienhaus mit Garage" AngLagebeschreibung="Hemmingen - Arnum" AngAufDatum="1999-08-16" AngStatus="2" Konditionen="kon" AnzANG="1"/>
  <Angebote AngNr="HS646" AngKurzBeschreibung="Reihenendhaus mit Carport" AngLagebeschreibung="Hemmingen - Arnum" AngAufDatum="1999-08-23" AngStatus="2" Konditionen="kon" AnzANG="1"/>
  <Angebote AngNr="EI647" AngKurzBeschreibung="2-Zimmer-Eigentumswohnung" AngLagebeschreibung="Hannover - Oststadt" AngAufDatum="1999-08-25" AngStatus="2" Konditionen="kon" AnzANG="1"/>
  <Angebote AngNr="RH300" AngKurzBeschreibung="Bürogebäude mit angrenzender Lagerhalle" AngLagebeschreibung="Hannover - Vahrenwald" AngAufDatum="1999-08-26" AngStatus="2" Konditionen="kon" AnzANG="1"/>
  <Angebote AngNr="HS648" AngKurzBeschreibung="Einfamilienhaus mit Einliegerwohnung und Garage" AngLagebeschreibung="Barsinghausen" AngAufDatum="1999-08-26" AngStatus="2" Konditionen="kon" AnzANG="1"/>
  <Angebote AngNr="HS649" AngKurzBeschreibung="Exklusives Einfamilienhaus mit Doppelgarage" AngLagebeschreibung="Isernhagen NB" AngAufDatum="1999-08-31" AngStatus="2" Konditionen="kon" AnzANG="1"/>
  <Angebote AngNr="HS650" AngKurzBeschreibung="Doppelhaushälfte mit Einstellplatz" AngLagebeschreibung="Hannover - Davenstedt" AngAufDatum="1999-08-31" AngStatus="2" Konditionen="kon" AnzANG="1"/>
  <Angebote AngNr="HS651" AngKurzBeschreibung="Einfamilienhaus mit Einliegerwohnung und Doppelgarage" AngLagebeschreibung="Sarstedt" AngAufDatum="1999-08-31" AngStatus="2" Konditionen="kon" AnzANG="1"/>
  <Angebote AngNr="EI652" AngKurzBeschreibung="3-Zimmer-Eigentumswohnung" AngLagebeschreibung="Hannover - List" AngAufDatum="1999-09-01" AngStatus="2" Konditionen="kon" AnzANG="1"/>
  <Angebote AngNr="EI653" AngKurzBeschreibung="5½-Zimmer-Maisonette-Wohnung" AngLagebeschreibung="Hannover - Südstadt" AngAufDatum="1999-09-02" AngStatus="2" Konditionen="kon" AnzANG="1"/>
  <Angebote AngNr="EI654" AngKurzBeschreibung="2-Zimmer-Eigentumswohnung" AngLagebeschreibung="Hannover - List" AngAufDatum="1999-09-02" AngStatus="2" Konditionen="kon" AnzANG="1"/>
  <Angebote AngNr="EI655" AngKurzBeschreibung="2½-Zimmer-DG-Eigentumswohnung" AngLagebeschreibung="Hannover - List" AngAufDatum="1999-09-02" AngStatus="2" Konditionen="kon" AnzANG="1"/>
  <Angebote AngNr="EI656" AngKurzBeschreibung="4½ Zimmer-Eigentumswohnung" AngLagebeschreibung="Hannover - List  -   in unmittelbarer Nähe zur Eilenriede" AngAufDatum="1999-09-02" AngStatus="2" Konditionen="kon" AnzANG="1"/>
  <Angebote AngNr="HS657" AngKurzBeschreibung="Einfamilienhaus" AngLagebeschreibung="Langenhagen" AngAufDatum="1999-09-08" AngStatus="2" Konditionen="kon" AnzANG="1"/>
  <Angebote AngNr="HS658" AngKurzBeschreibung="Einfamilienhaus mit Einliegerwohnung, Garage und parkähnlichen Grundstück" AngLagebeschreibung="Hambühren OT Ovelgönne" AngAufDatum="1999-09-09" AngStatus="2" Konditionen="kon" AnzANG="1"/>
  <Angebote AngNr="HS659" AngKurzBeschreibung="Exklusives 2-Familienhaus mit Garage" AngLagebeschreibung="Ronnenberg" AngAufDatum="1999-09-09" AngStatus="2" Konditionen="kon" AnzANG="1"/>
  <Angebote AngNr="HS660" AngKurzBeschreibung="Liebevoll restaurierte Jugendstilvilla" AngLagebeschreibung="Großburgwedel" AngAufDatum="1999-09-09" AngStatus="2" Konditionen="kon" AnzANG="1"/>
  <Angebote AngNr="EI661" AngKurzBeschreibung="4-Zimmer-Eigentumswohnung" AngLagebeschreibung="Hannover - List" AngAufDatum="1999-09-09" AngStatus="2" Konditionen="kon" AnzANG="1"/>
  <Angebote AngNr="EI662" AngKurzBeschreibung="2-Zimmer-Eigentumswohnung" AngLagebeschreibung="Hannover - Oststadt / An der Eilenriede" AngAufDatum="1999-09-14" AngStatus="2" Konditionen="kon" AnzANG="1"/>
  <Angebote AngNr="RH301" AngKurzBeschreibung="Baugrundstück (gemischt - genutzt)" AngLagebeschreibung="Hannover - Südstadt" AngAufDatum="1999-09-20" AngStatus="2" Konditionen="kon" AnzANG="1"/>
  <Angebote AngNr="HS663" AngKurzBeschreibung="Außergewöhnliches REH umgeben von riesiger Gartenanlage" AngLagebeschreibung="Südöstl. von Hannover / Sehnde" AngAufDatum="1999-09-21" AngStatus="2" Konditionen="kon" AnzANG="1"/>
  <Angebote AngNr="EI665" AngKurzBeschreibung="5-Zimmer-Eigentumswohnung" AngLagebeschreibung="Hannover - Oststadt" AngAufDatum="1999-09-22" AngStatus="2" Konditionen="kon" AnzANG="1"/>
  <Angebote AngNr="HS664" AngKurzBeschreibung="Großzügiges Einfamilienhaus in Reihe gebaut, direkt am Stadtpark" AngLagebeschreibung="Langenhagen" AngAufDatum="1999-09-23" AngStatus="2" Konditionen="kon" AnzANG="1"/>
  <Angebote AngNr="EI666" AngKurzBeschreibung="3-Zimmer-Eigentumswohnung" AngLagebeschreibung="Hannover - Döhren, Nähe Uhrturm" AngAufDatum="1999-09-23" AngStatus="2" Konditionen="kon" AnzANG="1"/>
  <Angebote AngNr="EI667" AngKurzBeschreibung="3-Zimmer-Maisonette-Eigentumswohnung" AngLagebeschreibung="Hannover - Döhren" AngAufDatum="1999-09-23" AngStatus="2" Konditionen="kon" AnzANG="1"/>
  <Angebote AngNr="HS668" AngKurzBeschreibung="Dreifamilienhaus + Gewerbefläche" AngLagebeschreibung="Ronnenberg" AngAufDatum="1999-09-24" AngStatus="2" Konditionen="kon" AnzANG="1"/>
  <Angebote AngNr="HS669" AngKurzBeschreibung="Villa aus der Jahrhundertwende mit Park und Tennisplatz" AngLagebeschreibung="südlich von Hannover" AngAufDatum="1999-09-24" AngStatus="2" Konditionen="kon" AnzANG="1"/>
  <Angebote AngNr="HS670" AngKurzBeschreibung="Zweifamilienhaus mit 2 Garagen + Carport für Wohnmobil" AngLagebeschreibung="Garbsen, OT Havelse" AngAufDatum="1999-10-04" AngStatus="2" Konditionen="kon" AnzANG="1"/>
  <Angebote AngNr="HS671" AngKurzBeschreibung="Herrenhaus mit Nebengebäuden (ehem. Hofstelle)" AngLagebeschreibung="südlich von Hannover" AngAufDatum="1999-10-05" AngStatus="2" Konditionen="kon" AnzANG="1"/>
  <Angebote AngNr="RH302" AngKurzBeschreibung="Wohn- und Geschäftshaus" AngLagebeschreibung="Hannover - Mitte" AngAufDatum="1999-10-05" AngStatus="2" Konditionen="kon" AnzANG="1"/>
  <Angebote AngNr="EI672" AngKurzBeschreibung="3-Zimmer-Eigentumswohnung" AngLagebeschreibung="Hannover - Südstadt" AngAufDatum="1999-10-06" AngStatus="2" Konditionen="kon" AnzANG="1"/>
  <Angebote AngNr="RH303" AngKurzBeschreibung="Mehrfamilienhaus" AngLagebeschreibung="Hannover - Limmer" AngAufDatum="1999-10-07" AngStatus="2" Konditionen="kon" AnzANG="1"/>
  <Angebote AngNr="HS673" AngKurzBeschreibung="Reihenendhaus in ruhiger Lage" AngLagebeschreibung="Hannover - Mittelfeld" AngAufDatum="1999-10-11" AngStatus="2" Konditionen="kon" AnzANG="1"/>
  <Angebote AngNr="RH304" AngKurzBeschreibung="Stadtvilla" AngLagebeschreibung="Hannover - Kirchrode" AngAufDatum="1999-10-12" AngStatus="2" Konditionen="profre" AnzANG="1"/>
  <Angebote AngNr="HS674" AngKurzBeschreibung="Exclusive Doppelhaushälfte in allerbester Wohnlage mit Garage" AngLagebeschreibung="Hannover - Steuerndieb" AngAufDatum="1999-10-12" AngStatus="2" Konditionen="kon" AnzANG="1"/>
  <Angebote AngNr="HS675" AngKurzBeschreibung="Einfamilienhaus - Bungalow mit Doppelgarage in allerbester Wohnlage" AngLagebeschreibung="Hannover - Kirchrode" AngAufDatum="1999-10-14" AngStatus="2" Konditionen="kon" AnzANG="1"/>
  <Angebote AngNr="HS676" AngKurzBeschreibung="großzügiges Haus aus den dreißiger Jahren mit Garage" AngLagebeschreibung="Ronnenberg OT Empelde" AngAufDatum="1999-10-15" AngStatus="2" Konditionen="kon" AnzANG="1"/>
  <Angebote AngNr="RH305" AngKurzBeschreibung="Baugrundstück" AngLagebeschreibung="Hannover - Vahrenheide" AngAufDatum="1999-10-18" AngStatus="2" Konditionen="kon" AnzANG="2"/>
  <Angebote AngNr="RH306" AngKurzBeschreibung="Baugrundstück" AngLagebeschreibung="Hannover - Bothfeld" AngAufDatum="1999-10-18" AngStatus="2" Konditionen="kon" AnzANG="1"/>
  <Angebote AngNr="HS677" AngKurzBeschreibung="Zweifamilienhaus mit Doppelgarage und 1 Stellplatz" AngLagebeschreibung="Lehrte - Arpke" AngAufDatum="1999-10-19" AngStatus="2" Konditionen="kon" AnzANG="1"/>
  <Angebote AngNr="HS678" AngKurzBeschreibung="Luxuriöses Architektenhaus mit Park und Doppelgarage" AngLagebeschreibung="Isernhagen HB" AngAufDatum="1999-10-20" AngStatus="2" Konditionen="profre" AnzANG="1"/>
  <Angebote AngNr="HS679" AngKurzBeschreibung="Reihenhaus mit Garage" AngLagebeschreibung="Großburgwedel" AngAufDatum="1999-10-22" AngStatus="2" Konditionen="kon" AnzANG="1"/>
  <Angebote AngNr="EI680" AngKurzBeschreibung="3-Zimmer-Eigentumswohnung" AngLagebeschreibung="Hannover - Döhren, Nähe Maschsee" AngAufDatum="1999-10-25" AngStatus="2" Konditionen="kon" AnzANG="1"/>
  <Angebote AngNr="EI681" AngKurzBeschreibung="4-5 Zimmer-Dachgeschoß-Eigentumswohnung" AngLagebeschreibung="Hannover - List / Nähe Wedekindplatz" AngAufDatum="1999-10-29" AngStatus="2" Konditionen="kon" AnzANG="1"/>
  <Angebote AngNr="EI682" AngKurzBeschreibung="2-Zimmer-Eigentumswohnung" AngLagebeschreibung="Hannover - Südstadt" AngAufDatum="1999-11-02" AngStatus="2" Konditionen="kon" AnzANG="1"/>
  <Angebote AngNr="RH307" AngKurzBeschreibung="Mehrfamilien - Wohnhaus" AngLagebeschreibung="Hannover - Zooviertel" AngAufDatum="1999-11-02" AngStatus="2" Konditionen="kon" AnzANG="1"/>
  <Angebote AngNr="RH308" AngKurzBeschreibung="Mehrfamilienhaus" AngLagebeschreibung="Hannover - Oststadt" AngAufDatum="1999-11-02" AngStatus="2" Konditionen="kon" AnzANG="1"/>
  <Angebote AngNr="RH309" AngKurzBeschreibung="Mehrfamilienhaus" AngLagebeschreibung="Hannover - Mitte" AngAufDatum="1999-11-02" AngStatus="2" Konditionen="kon" AnzANG="1"/>
  <Angebote AngNr="EI683" AngKurzBeschreibung="5-Zimmer-Eigentumswohnung" AngLagebeschreibung="Hannover - Oststadt" AngAufDatum="1999-11-03" AngStatus="2" Konditionen="kon" AnzANG="1"/>
  <Angebote AngNr="HS0" AngKurzBeschreibung="Gesuche" AngLagebeschreibung="Häuser" AngAufDatum="1999-11-03" AngStatus="2" Konditionen="kon" AnzANG="1"/>
  <Angebote AngNr="EI684" AngKurzBeschreibung="3½-Zimmer-Maisonettewohnung, Neuausbau, Erstbezug" AngLagebeschreibung="Hannover - Südstadt" AngAufDatum="1999-11-03" AngStatus="2" Konditionen="kon" AnzANG="1"/>
  <Angebote AngNr="HS685" AngKurzBeschreibung="Reihenmittelhaus in ruhiger Lage" AngLagebeschreibung="Hannover - Vahrenheide" AngAufDatum="1999-11-04" AngStatus="2" Konditionen="kon" AnzANG="1"/>
  <Angebote AngNr="EI686" AngKurzBeschreibung="2-Zimmer-Eigentumswohnung mit Balkon" AngLagebeschreibung="Hannover - Döhren" AngAufDatum="1999-11-05" AngStatus="2" Konditionen="kon" AnzANG="1"/>
  <Angebote AngNr="EI687" AngKurzBeschreibung="3-Zimmer-Eigentumswohnung" AngLagebeschreibung="Hannover - List" AngAufDatum="1999-11-10" AngStatus="2" Konditionen="kon" AnzANG="1"/>
  <Angebote AngNr="HS688" AngKurzBeschreibung="Reihenendhaus mit Garage" AngLagebeschreibung="Hannover - Alt-Wettbergen" AngAufDatum="1999-11-10" AngStatus="2" Konditionen="kon" AnzANG="1"/>
  <Angebote AngNr="HS689" AngKurzBeschreibung="Reihenendhaus  mit Vollkeller und Garage" AngLagebeschreibung="Hannover - Seelhorst" AngAufDatum="1999-11-10" AngStatus="2" Konditionen="kon" AnzANG="1"/>
  <Angebote AngNr="HS690" AngKurzBeschreibung="Doppelhaushälfte" AngLagebeschreibung="Hannover - Lahe" AngAufDatum="1999-11-12" AngStatus="2" Konditionen="kon" AnzANG="1"/>
  <Angebote AngNr="HS691" AngKurzBeschreibung="Reihenmittelhaus" AngLagebeschreibung="Hemmingen OT Arnum" AngAufDatum="1999-11-12" AngStatus="2" Konditionen="kon" AnzANG="1"/>
  <Angebote AngNr="HS692" AngKurzBeschreibung="Denkmalgeschützte Windmühle, Nutzung z. Z. als Einfamilienhaus mit Garage und Nebengebäude" AngLagebeschreibung="Hannover - Kirchrode/Anderten" AngAufDatum="1999-11-12" AngStatus="2" Konditionen="kon" AnzANG="1"/>
  <Angebote AngNr="EI693" AngKurzBeschreibung="2-3 Zimmer Maisonette Wohnung mit Dachterrasse" AngLagebeschreibung="Hannover - Südstadt, Nähe Aegi" AngAufDatum="1999-11-16" AngStatus="2" Konditionen="kon" AnzANG="1"/>
  <Angebote AngNr="EI694" AngKurzBeschreibung="4-Zimmer-Eigentumswohnung" AngLagebeschreibung="Hannover - List" AngAufDatum="1999-11-16" AngStatus="2" Konditionen="kon" AnzANG="1"/>
  <Angebote AngNr="EI695" AngKurzBeschreibung="3-Zimmereigentumswohnung mit Balkon" AngLagebeschreibung="Hannover-Südstadt" AngAufDatum="1999-11-20" AngStatus="2" Konditionen="kon" AnzANG="1"/>
  <Angebote AngNr="HS693" AngKurzBeschreibung="Stilvolles Stadthaus mit Garage" AngLagebeschreibung="Hannover - Südstadt" AngAufDatum="1999-11-22" AngStatus="2" Konditionen="kon" AnzANG="1"/>
  <Angebote AngNr="RH310" AngKurzBeschreibung="Mehrfamilien-Wohnhaus" AngLagebeschreibung="Hannover - Linden/Nord" AngAufDatum="1999-11-30" AngStatus="2" Konditionen="kon" AnzANG="1"/>
  <Angebote AngNr="RH311" AngKurzBeschreibung="Mehrfamilienhäuser" AngLagebeschreibung="Hannover - Südstadt" AngAufDatum="1999-11-30" AngStatus="2" Konditionen="kon" AnzANG="3"/>
  <Angebote AngNr="HS694" AngKurzBeschreibung="Sanierte Doppelhaushälfte mit Garage" AngLagebeschreibung="Hannover - Ledeburg" AngAufDatum="1999-12-01" AngStatus="2" Konditionen="kon" AnzANG="1"/>
  <Angebote AngNr="HS695" AngKurzBeschreibung="Wohneigentum als exklusives Einfamilienhaus integriert in eine Eigentümeranlage" AngLagebeschreibung="Hannover - Nähe Lister Meile/Eilenriede" AngAufDatum="1999-12-07" AngStatus="2" Konditionen="kon" AnzANG="1"/>
  <Angebote AngNr="HS696" AngKurzBeschreibung="Horizontale Doppelhaushälfte mit Doppelgarage" AngLagebeschreibung="Hannover - Lahe" AngAufDatum="1999-12-08" AngStatus="2" Konditionen="kon" AnzANG="1"/>
  <Angebote AngNr="EI696" AngKurzBeschreibung="3-Zimmer-Eigentumswohnung" AngLagebeschreibung="Hannover - Vahrenwald" AngAufDatum="1999-12-14" AngStatus="2" Konditionen="kon" AnzANG="1"/>
  <Angebote AngNr="HS697" AngKurzBeschreibung="Exklusives Einfamilienhaus mit Einliegerwohnung und Garage in sehr guter Wohnlage" AngLagebeschreibung="Hannover - Kirchrode" AngAufDatum="1999-12-15" AngStatus="2" Konditionen="kon" AnzANG="1"/>
  <Angebote AngNr="RH314" AngKurzBeschreibung="Mehrfamilienwohnhaus, 11 Wohnungen, voll unterkellert" AngLagebeschreibung="Hannover - Oststadt" AngAufDatum="1999-12-15" AngStatus="2" Konditionen="kon" AnzANG="1"/>
  <Angebote AngNr="EI697" AngKurzBeschreibung="9 Eigentumswohnungen (2 bis 4 Zimmer)" AngLagebeschreibung="Hannover - Linden" AngAufDatum="1999-12-16" AngStatus="2" Konditionen="profre" AnzANG="9"/>
  <Angebote AngNr="HS698" AngKurzBeschreibung="Doppelhaushälfte mit Garage" AngLagebeschreibung="Hannover - Misburg" AngAufDatum="1999-12-20" AngStatus="2" Konditionen="kon" AnzANG="1"/>
  <Angebote AngNr="EI698" AngKurzBeschreibung="2½ Zimmer-Maisonettewohnung mit Galerieetage und Dachterrasse" AngLagebeschreibung="Hannover - Vahrenwald/List" AngAufDatum="2000-01-05" AngStatus="2" Konditionen="kon" AnzANG="1"/>
  <Angebote AngNr="HS699" AngKurzBeschreibung="Exklusives Anwesen in allerbester Wohnlage mit Garage" AngLagebeschreibung="Hannover - Steuerndieb" AngAufDatum="2000-01-11" AngStatus="2" Konditionen="kon" AnzANG="1"/>
  <Angebote AngNr="HS700" AngKurzBeschreibung="Freistehendes Stadthaus in ruhiger Zentrumslage" AngLagebeschreibung="Hannover/List" AngAufDatum="2000-01-19" AngStatus="2" Konditionen="kon" AnzANG="1"/>
  <Angebote AngNr="HS701" AngKurzBeschreibung="Einfamilienhaus mit Doppelgarage" AngLagebeschreibung="Hannover - Davenstedt" AngAufDatum="2000-01-19" AngStatus="2" Konditionen="kon" AnzANG="1"/>
  <Angebote AngNr="EI699" AngKurzBeschreibung="5-Zimmer-Eigentumswohnung" AngLagebeschreibung="Hannover - Linden/Mitte" AngAufDatum="2000-01-20" AngStatus="2" Konditionen="kon" AnzANG="1"/>
  <Angebote AngNr="HS704" AngKurzBeschreibung="Winkelbungalow mit Carport" AngLagebeschreibung="Laatzen" AngAufDatum="2000-01-20" AngStatus="2" Konditionen="kon" AnzANG="1"/>
  <Angebote AngNr="HS702" AngKurzBeschreibung="Modernes Reihenhaus mit Garage" AngLagebeschreibung="Hannover-Wettbergen" AngAufDatum="2000-01-20" AngStatus="2" Konditionen="kon" AnzANG="1"/>
  <Angebote AngNr="HS703" AngKurzBeschreibung="Reihenmittelhaus mit Vollkeller und Garage" AngLagebeschreibung="Empelde / ruhige Lage" AngAufDatum="2000-01-21" AngStatus="2" Konditionen="kon" AnzANG="1"/>
  <Angebote AngNr="EI700" AngKurzBeschreibung="3-Zimmer-Eigentumswohnung" AngLagebeschreibung="Hannover-Oststadt/Nähe Eilenriede" AngAufDatum="2000-01-21" AngStatus="2" Konditionen="kon" AnzANG="1"/>
  <Angebote AngNr="RH315" AngKurzBeschreibung="Mehrfamilienhaus" AngLagebeschreibung="Seelze/Letter" AngAufDatum="2000-01-21" AngStatus="2" Konditionen="kon" AnzANG="1"/>
  <Angebote AngNr="RH312" AngKurzBeschreibung="Mehrfamilienhaus" AngLagebeschreibung="Hannover - Vahrenwald" AngAufDatum="2000-01-25" AngStatus="2" Konditionen="kon" AnzANG="1"/>
  <Angebote AngNr="EI701" AngKurzBeschreibung="2-3 Zimmer-Eigentumswohnung" AngLagebeschreibung="Hannover - Zoo" AngAufDatum="2000-01-26" AngStatus="2" Konditionen="kon" AnzANG="1"/>
  <Angebote AngNr="RH316" AngKurzBeschreibung="Mehrfamilienhaus" AngLagebeschreibung="Hannover - Linden/Nord" AngAufDatum="2000-01-26" AngStatus="2" Konditionen="kon" AnzANG="1"/>
  <Angebote AngNr="HS705" AngKurzBeschreibung="Doppelhaushälfte mit Garage" AngLagebeschreibung="westlich von Hannover und Gehrden, Langreder" AngAufDatum="2000-01-28" AngStatus="2" Konditionen="kon" AnzANG="1"/>
  <Angebote AngNr="HS706" AngKurzBeschreibung="Reihenmittelhaus" AngLagebeschreibung="Hannover - Alt-Wettbergen" AngAufDatum="2000-01-28" AngStatus="2" Konditionen="kon" AnzANG="1"/>
  <Angebote AngNr="HS707" AngKurzBeschreibung="Doppelhaushälfte mit Garage" AngLagebeschreibung="Hannover - Waldheim" AngAufDatum="2000-02-02" AngStatus="2" Konditionen="kon" AnzANG="1"/>
  <Angebote AngNr="HS708" AngKurzBeschreibung="Reihenendhaus mit Carport" AngLagebeschreibung="Hemmingen, OT Arnum" AngAufDatum="2000-02-02" AngStatus="2" Konditionen="kon" AnzANG="1"/>
  <Angebote AngNr="HS709" AngKurzBeschreibung="Reihenendhaus mit Carport und Garage" AngLagebeschreibung="Lehrte - Hämelerwald" AngAufDatum="2000-02-03" AngStatus="2" Konditionen="kon" AnzANG="1"/>
  <Angebote AngNr="HS710" AngKurzBeschreibung="1-2 Familienhaus" AngLagebeschreibung="Hannover - Groß Buchholz" AngAufDatum="2000-02-03" AngStatus="2" Konditionen="kon" AnzANG="1"/>
  <Angebote AngNr="HS711" AngKurzBeschreibung="Stilvolles Fachwerkhaus mit Doppelcarport" AngLagebeschreibung="Lehrte - Arpke" AngAufDatum="2000-02-03" AngStatus="2" Konditionen="kon" AnzANG="1"/>
  <Angebote AngNr="HS712" AngKurzBeschreibung="Einfamilienhaus" AngLagebeschreibung="Pattensen, OT Jeinsen" AngAufDatum="2000-02-04" AngStatus="2" Konditionen="kon" AnzANG="1"/>
  <Angebote AngNr="EI702" AngKurzBeschreibung="3-Zimmer-Eigentumswohnung" AngLagebeschreibung="Hannover - Kirchrode" AngAufDatum="2000-02-07" AngStatus="2" Konditionen="kon" AnzANG="1"/>
  <Angebote AngNr="RH317" AngKurzBeschreibung="Mehrfamilien - Wohnhaus" AngLagebeschreibung="Hannover - List" AngAufDatum="2000-02-07" AngStatus="2" Konditionen="kon" AnzANG="1"/>
  <Angebote AngNr="HS713" AngKurzBeschreibung="Stadthaus in der Gartenstadt" AngLagebeschreibung="Hannover - Kleefeld" AngAufDatum="2000-02-09" AngStatus="2" Konditionen="kon" AnzANG="1"/>
  <Angebote AngNr="HS714" AngKurzBeschreibung="Reihenendhaus mit Tiefgaragenplatz" AngLagebeschreibung="Hannover - Mühlenberg/Empelde" AngAufDatum="2000-02-09" AngStatus="2" Konditionen="kon" AnzANG="1"/>
  <Angebote AngNr="EI703" AngKurzBeschreibung="3-Zimmer-Eigentumswohnung" AngLagebeschreibung="Hannover - Döhren" AngAufDatum="2000-02-09" AngStatus="2" Konditionen="kon" AnzANG="1"/>
  <Angebote AngNr="HS716" AngKurzBeschreibung="Reihenendhaus mit Garage" AngLagebeschreibung="Hannover - Vahrenheide" AngAufDatum="2000-02-16" AngStatus="2" Konditionen="kon" AnzANG="1"/>
  <Angebote AngNr="HS717" AngKurzBeschreibung="Einfamilienhaus mit Garage in absolut ruhiger Lage" AngLagebeschreibung="Isernhagen OT" AngAufDatum="2000-02-16" AngStatus="2" Konditionen="kon" AnzANG="1"/>
  <Angebote AngNr="HS718" AngKurzBeschreibung="Stadtvilla im Jugendstil" AngLagebeschreibung="Hannover - Kleefeld / Philosophenviertel" AngAufDatum="2000-02-17" AngStatus="2" Konditionen="kon" AnzANG="1"/>
  <Angebote AngNr="HS719" AngKurzBeschreibung="Reihenmittelhaus" AngLagebeschreibung="Hannover - Heideviertel" AngAufDatum="2000-02-18" AngStatus="2" Konditionen="kon" AnzANG="1"/>
  <Angebote AngNr="EI704" AngKurzBeschreibung="3-Zimmer-Eigentumswohnung" AngLagebeschreibung="Hannover - List" AngAufDatum="2000-02-21" AngStatus="2" Konditionen="kon" AnzANG="1"/>
  <Angebote AngNr="EI705" AngKurzBeschreibung="5-Zimmer-Maisonette-Wohnung im 4. OG und Dachgeschoß" AngLagebeschreibung="Hannover - List / Nähe Lister Platz" AngAufDatum="2000-02-21" AngStatus="2" Konditionen="kon" AnzANG="1"/>
  <Angebote AngNr="HS720" AngKurzBeschreibung="Wohneigentum als exklusives Einfamilienhaus integriert in eine Eigentümeranlage mit Doppelcarport" AngLagebeschreibung="Isernhagen NB" AngAufDatum="2000-02-22" AngStatus="2" Konditionen="kon" AnzANG="1"/>
  <Angebote AngNr="EI706" AngKurzBeschreibung="4-5 Zimmer-Eigentumswohnung" AngLagebeschreibung="Hannover - Südstadt" AngAufDatum="2000-02-22" AngStatus="2" Konditionen="profre" AnzANG="1"/>
  <Angebote AngNr="HS721" AngKurzBeschreibung="Einfamilienhaus mit 3 Carports und Waldgrundstück" AngLagebeschreibung="Burgwedel - Thönse" AngAufDatum="2000-02-23" AngStatus="2" Konditionen="kon" AnzANG="1"/>
  <Angebote AngNr="RH318" AngKurzBeschreibung="Bürohaus mit Hallenbad" AngLagebeschreibung="Hannover - Calenberger Neustadt" AngAufDatum="2000-02-23" AngStatus="2" Konditionen="kon" AnzANG="1"/>
  <Angebote AngNr="HS722" AngKurzBeschreibung="Stilvolle Stadtvilla mit großer Garage in zentrumsnaher Wohnlage" AngLagebeschreibung="Hannover - Alte Bult" AngAufDatum="2000-02-25" AngStatus="2" Konditionen="kon" AnzANG="1"/>
  <Angebote AngNr="HS723" AngKurzBeschreibung="Rarität - Top ausgestattetes, freistehendes Ein- bis Zweifamilienhaus mit Garage und Stellplatz" AngLagebeschreibung="Hannover - Waldhausen" AngAufDatum="2000-02-25" AngStatus="2" Konditionen="kon" AnzANG="1"/>
  <Angebote AngNr="HS724" AngKurzBeschreibung="Reihenmittelhaus in idyllischer Lage direkt am See und LSG" AngLagebeschreibung="Hannover - Bothfeld" AngAufDatum="2000-02-29" AngStatus="2" Konditionen="kon" AnzANG="1"/>
  <Angebote AngNr="RH319" AngKurzBeschreibung="Mehrfamilien-Wohnhaus" AngLagebeschreibung="Hannover - Südstadt" AngAufDatum="2000-03-01" AngStatus="2" Konditionen="kon" AnzANG="1"/>
  <Angebote AngNr="RH320" AngKurzBeschreibung="Baugrundstück / unerschlossen" AngLagebeschreibung="Barsinghausen / OT Großgoltern" AngAufDatum="2000-03-02" AngStatus="2" Konditionen="kon" AnzANG="1"/>
  <Angebote AngNr="HS725" AngKurzBeschreibung="Doppelhaushälfte" AngLagebeschreibung="Gehrden / Northen" AngAufDatum="2000-03-09" AngStatus="2" Konditionen="kon" AnzANG="1"/>
  <Angebote AngNr="RH321" AngKurzBeschreibung="Mehrfamilienhaus" AngLagebeschreibung="Hannover - List - sehr gute Lage, direkt an der Eilenriede" AngAufDatum="2000-03-10" AngStatus="2" Konditionen="kon" AnzANG="1"/>
  <Angebote AngNr="HS726" AngKurzBeschreibung="Stilvolles Stadthaus mit Garage in zentrumsnaher Lage" AngLagebeschreibung="Hannover - Alte Bult" AngAufDatum="2000-03-10" AngStatus="2" Konditionen="kon" AnzANG="1"/>
  <Angebote AngNr="HS727" AngKurzBeschreibung="Dreifamilienhaus mit 2 Garagen" AngLagebeschreibung="Hannover - Heideviertel" AngAufDatum="2000-03-10" AngStatus="2" Konditionen="kon" AnzANG="1"/>
  <Angebote AngNr="RH322" AngKurzBeschreibung="Mehrfamilienhaus" AngLagebeschreibung="Hannover - Hainholz" AngAufDatum="2000-03-13" AngStatus="2" Konditionen="kon" AnzANG="1"/>
  <Angebote AngNr="HS728" AngKurzBeschreibung="Einfamilienhaus" AngLagebeschreibung="Hannover - Linden/Nord" AngAufDatum="2000-03-13" AngStatus="2" Konditionen="kon" AnzANG="1"/>
  <Angebote AngNr="HS729" AngKurzBeschreibung="Bungalow mit großer Garage in ruhiger Wohnlage von Kirchrode" AngLagebeschreibung="Hannover - Kirchrode" AngAufDatum="2000-03-16" AngStatus="2" Konditionen="kon" AnzANG="1"/>
  <Angebote AngNr="HS730" AngKurzBeschreibung="Reihenmittelhaus mit Garage" AngLagebeschreibung="Hannover - Bemerode" AngAufDatum="2000-03-16" AngStatus="2" Konditionen="kon" AnzANG="1"/>
  <Angebote AngNr="EI707" AngKurzBeschreibung="2-Zimmer-Dachgeschoßwohnung" AngLagebeschreibung="Hannover - Linden/Mitte   /    Nähe: Von-Alten-Garten" AngAufDatum="2000-03-17" AngStatus="2" Konditionen="kon" AnzANG="1"/>
  <Angebote AngNr="HS731" AngKurzBeschreibung="Reihenendhaus" AngLagebeschreibung="Großburgwedel" AngAufDatum="2000-03-17" AngStatus="2" Konditionen="kon" AnzANG="1"/>
  <Angebote AngNr="HS732" AngKurzBeschreibung="Winkelbungalow mit Garage" AngLagebeschreibung="Großburgwedel" AngAufDatum="2000-03-17" AngStatus="2" Konditionen="kon" AnzANG="1"/>
  <Angebote AngNr="HS733" AngKurzBeschreibung="Exklusiver Atrium-Bungalow mit Garage" AngLagebeschreibung="Hannover - Groß Buchholz" AngAufDatum="2000-03-21" AngStatus="2" Konditionen="kon" AnzANG="1"/>
  <Angebote AngNr="HS734" AngKurzBeschreibung="Einfamilienhaus mit Garage in guter Wohnlage" AngLagebeschreibung="Hannover - Kirchrode" AngAufDatum="2000-03-21" AngStatus="2" Konditionen="kon" AnzANG="1"/>
  <Angebote AngNr="HS735" AngKurzBeschreibung="Winkelbungalow mit Garage, ruhige Lage am Stadtrand von Hannover, ca. 15 Min. zum Hauptbahnhof" AngLagebeschreibung="Langenhagen - Neue Bult" AngAufDatum="2000-03-22" AngStatus="2" Konditionen="kon" AnzANG="1"/>
  <Angebote AngNr="HS736" AngKurzBeschreibung="Ein- bis Zweifamilienhaus mit Garage in ruhiger Lage" AngLagebeschreibung="Bissendorf" AngAufDatum="2000-03-23" AngStatus="2" Konditionen="kon" AnzANG="1"/>
  <Angebote AngNr="EI708" AngKurzBeschreibung="4-5-Zimmer-Eigentumswohnung / Büro" AngLagebeschreibung="Hannover - List / Nähe Eilenriede und Lister Platz" AngAufDatum="2000-03-23" AngStatus="2" Konditionen="kon" AnzANG="1"/>
  <Angebote AngNr="HS737" AngKurzBeschreibung="Reihenhaus mit Stellplatz" AngLagebeschreibung="Hemmingen - Westerfeld" AngAufDatum="2000-03-24" AngStatus="2" Konditionen="kon" AnzANG="1"/>
  <Angebote AngNr="HS738" AngKurzBeschreibung="Doppelhaushälfte direkt am Landschaftsschutzgebiet mit 2 Garagen" AngLagebeschreibung="Hemmingen - Wilkenburg" AngAufDatum="2000-03-24" AngStatus="2" Konditionen="kon" AnzANG="1"/>
  <Angebote AngNr="HS739" AngKurzBeschreibung="Reihenhaus in ruhiger, familienfreundlicher Wohngegend" AngLagebeschreibung="Garbsen - Berenbostel" AngAufDatum="2000-03-24" AngStatus="2" Konditionen="kon" AnzANG="1"/>
  <Angebote AngNr="EI709" AngKurzBeschreibung="6-Zimmer-Maisonette-Eigentumswohnung" AngLagebeschreibung="Hannover - Döhren" AngAufDatum="2000-03-24" AngStatus="2" Konditionen="kon" AnzANG="1"/>
  <Angebote AngNr="HS740" AngKurzBeschreibung="Herrschaftliches Anwesen in großzügiger Parkanlage mit Gästehaus und Nebengebäuden" AngLagebeschreibung="Nördlicher Landkreis Hannover" AngAufDatum="2000-03-24" AngStatus="2" Konditionen="kon" AnzANG="1"/>
  <Angebote AngNr="HS741" AngKurzBeschreibung="Einfamilienhaus mit Wintergarten und Garage" AngLagebeschreibung="Hannover - Sahlkamp" AngAufDatum="2000-03-30" AngStatus="2" Konditionen="kon" AnzANG="1"/>
  <Angebote AngNr="HS742" AngKurzBeschreibung="Zweifamilienhaus mit Garage" AngLagebeschreibung="Isernhagen, OT Altwarmbüchen" AngAufDatum="2000-03-30" AngStatus="2" Konditionen="kon" AnzANG="1"/>
  <Angebote AngNr="EI710" AngKurzBeschreibung="6-Zimmer-Eigentumswohnung" AngLagebeschreibung="Hannover - Waldhausen" AngAufDatum="2000-03-30" AngStatus="2" Konditionen="kon" AnzANG="1"/>
  <Angebote AngNr="HS743" AngKurzBeschreibung="Einfamilienhaus mit Garage" AngLagebeschreibung="Barsinghausen, OT Großgoltern" AngAufDatum="2000-03-31" AngStatus="2" Konditionen="kon" AnzANG="1"/>
  <Angebote AngNr="HS744" AngKurzBeschreibung="Doppelhaushälfte mit Garage" AngLagebeschreibung="Hannover - Bemerode/Süd" AngAufDatum="2000-03-31" AngStatus="2" Konditionen="kon" AnzANG="1"/>
  <Angebote AngNr="HS745" AngKurzBeschreibung="Doppelhaushälfte mit Garage" AngLagebeschreibung="Hannover - Badenstedt" AngAufDatum="2000-04-03" AngStatus="2" Konditionen="kon" AnzANG="1"/>
  <Angebote AngNr="EI711" AngKurzBeschreibung="5½-Zimmer-Eigentumswohnung" AngLagebeschreibung="Hannover - List" AngAufDatum="2000-04-03" AngStatus="2" Konditionen="kon" AnzANG="1"/>
  <Angebote AngNr="HS746" AngKurzBeschreibung="Einfamilienhaus mit Einliegerwohnung und Garage" AngLagebeschreibung="Hannover - Wettbergen" AngAufDatum="2000-04-03" AngStatus="2" Konditionen="kon" AnzANG="1"/>
  <Angebote AngNr="RH323" AngKurzBeschreibung="Mehrfamilienhaus (13 Wohneinheiten, 1 Gewerbe)" AngLagebeschreibung="Hannover - Vahrenwald" AngAufDatum="2000-04-04" AngStatus="2" Konditionen="kon" AnzANG="1"/>
  <Angebote AngNr="EI712" AngKurzBeschreibung="3-Zimmer-Eigentumswohnung, alternativ 3-Zimmer-Mietwohnung" AngLagebeschreibung="Hannover - Döhren / Nähe Uhrturm" AngAufDatum="2000-04-05" AngStatus="2" Konditionen="kon" AnzANG="1"/>
  <Angebote AngNr="EI713" AngKurzBeschreibung="4-Zimmer-Maisonette-Eigentumswohnung" AngLagebeschreibung="Hannover - Südstadt" AngAufDatum="2000-04-05" AngStatus="2" Konditionen="kon" AnzANG="1"/>
  <Angebote AngNr="RH324" AngKurzBeschreibung="Mehrfamilienhaus" AngLagebeschreibung="Hannover - Linden/Nord" AngAufDatum="2000-04-05" AngStatus="2" Konditionen="kon" AnzANG="1"/>
  <Angebote AngNr="HS747" AngKurzBeschreibung="Reihenendhaus mit Garage" AngLagebeschreibung="Langenhagen - Neue Bult" AngAufDatum="2000-04-07" AngStatus="2" Konditionen="kon" AnzANG="1"/>
  <Angebote AngNr="HS748" AngKurzBeschreibung="Einfamilienhaus mit Garage" AngLagebeschreibung="Wennigsen" AngAufDatum="2000-04-11" AngStatus="2" Konditionen="kon" AnzANG="1"/>
  <Angebote AngNr="HS749" AngKurzBeschreibung="Bungalow" AngLagebeschreibung="Hannover - Kirchrode/Anderten" AngAufDatum="2000-04-11" AngStatus="2" Konditionen="kon" AnzANG="1"/>
  <Angebote AngNr="HS750" AngKurzBeschreibung="Exklusives Ein- bis Zweifamilienhaus mit Garage" AngLagebeschreibung="Ronnenberg" AngAufDatum="2000-04-12" AngStatus="2" Konditionen="kon" AnzANG="1"/>
  <Angebote AngNr="EI714" AngKurzBeschreibung="3-Zimmer-Eigentumswohnung" AngLagebeschreibung="Hannover - Mitte" AngAufDatum="2000-04-13" AngStatus="2" Konditionen="kon" AnzANG="1"/>
  <Angebote AngNr="RH325" AngKurzBeschreibung="Bürohaus mit Nebengebäude" AngLagebeschreibung="Hannover - Zooviertel" AngAufDatum="2000-04-19" AngStatus="2" Konditionen="kon" AnzANG="1"/>
  <Angebote AngNr="HS751" AngKurzBeschreibung="Historisches Ein- bis Zweifamilienhaus mit Anbau und Erweiterungsmöglichkeiten" AngLagebeschreibung="Hannover - Kirchrode" AngAufDatum="2000-04-20" AngStatus="2" Konditionen="kon" AnzANG="1"/>
  <Angebote AngNr="HS752" AngKurzBeschreibung="Historisches Ein- bis Zweifamilienhaus mit Nebengebäude und Garage in ruhiger und zentraler Lage" AngLagebeschreibung="Pattensen" AngAufDatum="2000-04-20" AngStatus="2" Konditionen="kon" AnzANG="1"/>
  <Angebote AngNr="EI715" AngKurzBeschreibung="2-Zimmer-Eigentumswohnung" AngLagebeschreibung="Hannover - Döhren/Leineinsel" AngAufDatum="2000-05-02" AngStatus="2" Konditionen="kon" AnzANG="1"/>
  <Angebote AngNr="EI716" AngKurzBeschreibung="3-Zimmer-Eigentumswohnung" AngLagebeschreibung="Hannover - List" AngAufDatum="2000-05-03" AngStatus="2" Konditionen="kon" AnzANG="1"/>
  <Angebote AngNr="RH326" AngKurzBeschreibung="Bürohaus mit 4 Wohnungen" AngLagebeschreibung="Hannover - Zooviertel" AngAufDatum="2000-05-09" AngStatus="2" Konditionen="kon" AnzANG="1"/>
  <Angebote AngNr="EI717" AngKurzBeschreibung="4-Zimmer-Eigentumswohnung" AngLagebeschreibung="Hannover - Südstadt" AngAufDatum="2000-05-10" AngStatus="2" Konditionen="kon" AnzANG="1"/>
  <Angebote AngNr="HS753" AngKurzBeschreibung="Exklusives Einfamilienhaus mit Doppelgarage" AngLagebeschreibung="Barsinghausen - Egestorf" AngAufDatum="2000-05-12" AngStatus="2" Konditionen="kon" AnzANG="1"/>
  <Angebote AngNr="HS754" AngKurzBeschreibung="Reihenendbungalow in sehr schöner und ruhiger Lage mit Einliegerwohnung" AngLagebeschreibung="Hannover - Ricklingen" AngAufDatum="2000-05-12" AngStatus="2" Konditionen="kon" AnzANG="1"/>
  <Angebote AngNr="HS755" AngKurzBeschreibung="Ländliches Anwesen in absolut ruhiger Lage, Nähe Golfplatz" AngLagebeschreibung="Langenhagen - Maspe" AngAufDatum="2000-05-17" AngStatus="2" Konditionen="kon" AnzANG="2"/>
  <Angebote AngNr="HS756" AngKurzBeschreibung="Bungalow mit Doppelgarage" AngLagebeschreibung="Hannover - Kirchrode" AngAufDatum="2000-05-21" AngStatus="2" Konditionen="kon" AnzANG="1"/>
  <Angebote AngNr="HS757" AngKurzBeschreibung="Walmdachbungalow in absolut ruhiger Lage mit Garage und Carport" AngLagebeschreibung="Burgdorf OT Ehlershausen" AngAufDatum="2000-05-21" AngStatus="2" Konditionen="kon" AnzANG="1"/>
  <Angebote AngNr="HS758" AngKurzBeschreibung="Einfamilienhaus mit Garage für 2 PKW" AngLagebeschreibung="Barsinghausen - OT Egestorf" AngAufDatum="2000-05-21" AngStatus="2" Konditionen="kon" AnzANG="1"/>
  <Angebote AngNr="RH327" AngKurzBeschreibung="4-Familienhaus" AngLagebeschreibung="Clausthal-Zellerfeld" AngAufDatum="2000-05-21" AngStatus="2" Konditionen="kon" AnzANG="1"/>
  <Angebote AngNr="HS759" AngKurzBeschreibung="Stilvolle Gründerzeitvilla" AngLagebeschreibung="Hannover - Waldhausen" AngAufDatum="2000-05-24" AngStatus="2" Konditionen="kon" AnzANG="1"/>
  <Angebote AngNr="HS760" AngKurzBeschreibung="1-2 Familienhaus mit 2 Garagen" AngLagebeschreibung="Gehrden" AngAufDatum="2000-05-30" AngStatus="2" Konditionen="kon" AnzANG="1"/>
  <Angebote AngNr="EI718" AngKurzBeschreibung="4-Zimmer-Eigentumswohnung" AngLagebeschreibung="Hannover - List" AngAufDatum="2000-06-06" AngStatus="2" Konditionen="kon" AnzANG="1"/>
  <Angebote AngNr="HS761" AngKurzBeschreibung="Zweifamilienhaus mit Garage und Baugrundstück" AngLagebeschreibung="Hannover - Lahe" AngAufDatum="2000-06-07" AngStatus="2" Konditionen="kon" AnzANG="1"/>
  <Angebote AngNr="RH328" AngKurzBeschreibung="Hotel und Bungalow mit Parkgrundstück" AngLagebeschreibung="Hannover - Lahe" AngAufDatum="2000-06-08" AngStatus="2" Konditionen="kon" AnzANG="1"/>
  <Angebote AngNr="HS762" AngKurzBeschreibung="Einfamilienhaus - Fachwerk mit Doppelcarport" AngLagebeschreibung="Großburgwedel" AngAufDatum="2000-06-08" AngStatus="2" Konditionen="kon" AnzANG="1"/>
  <Angebote AngNr="RH329" AngKurzBeschreibung="Wohn- und Geschäftshaus" AngLagebeschreibung="Hannover - Südstadt" AngAufDatum="2000-06-14" AngStatus="2" Konditionen="kon" AnzANG="1"/>
  <Angebote AngNr="HS763" AngKurzBeschreibung="Reihenmittelhaus mit Garage" AngLagebeschreibung="Hannover - Süd / Leinemasch" AngAufDatum="2000-06-16" AngStatus="2" Konditionen="kon" AnzANG="1"/>
  <Angebote AngNr="HS764" AngKurzBeschreibung="repräsentatives Schloß" AngLagebeschreibung="östlich von Celle" AngAufDatum="2000-06-28" AngStatus="2" Konditionen="kon" AnzANG="1"/>
  <Angebote AngNr="HS765" AngKurzBeschreibung="Ein- bis Zweifamilienhaus mit 2 Garagen in Ortsrandlage" AngLagebeschreibung="Garbsen - OT" AngAufDatum="2000-06-28" AngStatus="2" Konditionen="kon" AnzANG="1"/>
  <Angebote AngNr="HS766" AngKurzBeschreibung="Luxus-Architektenhaus - super modern mit 4 Garagen" AngLagebeschreibung="Hannover - Nähe Zoo und Eilenriede" AngAufDatum="2000-06-28" AngStatus="2" Konditionen="kon" AnzANG="1"/>
  <Angebote AngNr="EI719" AngKurzBeschreibung="2-3 Zimmer-Eigentumswohnung" AngLagebeschreibung="Hannover - Döhren" AngAufDatum="2000-06-29" AngStatus="2" Konditionen="kon" AnzANG="1"/>
  <Angebote AngNr="HS767" AngKurzBeschreibung="Reihenhaus mit Garage" AngLagebeschreibung="Hannover - Seelhorst" AngAufDatum="2000-06-29" AngStatus="2" Konditionen="kon" AnzANG="1"/>
  <Angebote AngNr="EI720" AngKurzBeschreibung="3-Zimmer-Eigentumswohnung" AngLagebeschreibung="Hannover - Döhren / Nähe Uhrturm" AngAufDatum="2000-06-29" AngStatus="2" Konditionen="kon" AnzANG="1"/>
  <Angebote AngNr="EI721" AngKurzBeschreibung="3-Zimmer-Eigentumswohnung" AngLagebeschreibung="Hannover - List, Spannhagengarten" AngAufDatum="2000-07-06" AngStatus="2" Konditionen="kon" AnzANG="1"/>
  <Angebote AngNr="HS768" AngKurzBeschreibung="Einfamilienhaus mit Garage" AngLagebeschreibung="Alt-Garbsen" AngAufDatum="2000-07-07" AngStatus="2" Konditionen="kon" AnzANG="1"/>
  <Angebote AngNr="HS770" AngKurzBeschreibung="Repräsentatives Einfamilienhaus mit Doppelgarage (ca. 65 m²) in ländlicher Idylle" AngLagebeschreibung="Laatzen - OT Oesselse" AngAufDatum="2000-07-07" AngStatus="2" Konditionen="kon" AnzANG="1"/>
  <Angebote AngNr="HS771" AngKurzBeschreibung="Winkelbungalow mit Garage" AngLagebeschreibung="Hannover - Kirchrode" AngAufDatum="2000-07-07" AngStatus="2" Konditionen="kon" AnzANG="1"/>
  <Angebote AngNr="EI722" AngKurzBeschreibung="2-Zimmer-Eigentumswohnung" AngLagebeschreibung="Hannover - Döhren/Leineinsel" AngAufDatum="2000-07-12" AngStatus="2" Konditionen="kon" AnzANG="1"/>
  <Angebote AngNr="HS772" AngKurzBeschreibung="Einfamilienhaus" AngLagebeschreibung="Burgwedel, OT Wettmar" AngAufDatum="2000-07-18" AngStatus="2" Konditionen="kon" AnzANG="1"/>
  <Angebote AngNr="HS773" AngKurzBeschreibung="Reihenmittelhaus - ruhige Lage" AngLagebeschreibung="Isernhagen HB" AngAufDatum="2000-07-18" AngStatus="2" Konditionen="kon" AnzANG="1"/>
  <Angebote AngNr="HS774" AngKurzBeschreibung="Einfamilienhaus" AngLagebeschreibung="Isernhagen NB" AngAufDatum="2000-07-18" AngStatus="2" Konditionen="kon" AnzANG="1"/>
  <Angebote AngNr="HS775" AngKurzBeschreibung="Großzügiges Reihenhaus mit Vollkeller" AngLagebeschreibung="Hannover - West / Empelde (nicht am See)" AngAufDatum="2000-07-19" AngStatus="2" Konditionen="kon" AnzANG="1"/>
  <Angebote AngNr="HS776" AngKurzBeschreibung="Einfamilienhaus mit Doppelcarport" AngLagebeschreibung="Lehrte" AngAufDatum="2000-07-19" AngStatus="2" Konditionen="kon" AnzANG="1"/>
  <Angebote AngNr="HS777" AngKurzBeschreibung="Doppelhaushälfte in Bemerode mit Garage" AngLagebeschreibung="Hannover - Alt-Bemerode" AngAufDatum="2000-07-19" AngStatus="2" Konditionen="kon" AnzANG="1"/>
  <Angebote AngNr="HS778" AngKurzBeschreibung="Reihenhaus mit Garage" AngLagebeschreibung="Hannover - Bothfeld / Alte Heide" AngAufDatum="2000-07-20" AngStatus="2" Konditionen="kon" AnzANG="2"/>
  <Angebote AngNr="HS779" AngKurzBeschreibung="Doppelhaushälfte mit Garage" AngLagebeschreibung="Hannover - Davenstedt" AngAufDatum="2000-07-21" AngStatus="2" Konditionen="kon" AnzANG="1"/>
  <Angebote AngNr="HS780" AngKurzBeschreibung="Reihenmittelhaus mit Stellplatz" AngLagebeschreibung="Wedemark" AngAufDatum="2000-07-21" AngStatus="2" Konditionen="kon" AnzANG="1"/>
  <Angebote AngNr="HS781" AngKurzBeschreibung="Ein- bis Zweifamilienhaus" AngLagebeschreibung="Wedemark - Bissendorf-Wietze" AngAufDatum="2000-07-21" AngStatus="2" Konditionen="kon" AnzANG="1"/>
  <Angebote AngNr="RH330" AngKurzBeschreibung="Baugrundstück" AngLagebeschreibung="Hannover - Vahrenheide" AngAufDatum="2000-07-21" AngStatus="2" Konditionen="kon" AnzANG="1"/>
  <Angebote AngNr="HS782" AngKurzBeschreibung="Reihenhaus mit 2 Stellplätzen" AngLagebeschreibung="Laatzen, OT Gleidingen" AngAufDatum="2000-07-25" AngStatus="2" Konditionen="kon" AnzANG="1"/>
  <Angebote AngNr="EI723" AngKurzBeschreibung="3-Zimmer-Eigentumswohnung" AngLagebeschreibung="Hannover - List / Spannhagengarten" AngAufDatum="2000-07-25" AngStatus="2" Konditionen="kon" AnzANG="1"/>
  <Angebote AngNr="EI724" AngKurzBeschreibung="6-Zimmer-Eigentumswohnung" AngLagebeschreibung="Hannover - List" AngAufDatum="2000-07-26" AngStatus="2" Konditionen="kon" AnzANG="1"/>
  <Angebote AngNr="HS784" AngKurzBeschreibung="Einfamilienhaus mit Carport" AngLagebeschreibung="Seelze - Letter" AngAufDatum="2000-07-27" AngStatus="2" Konditionen="kon" AnzANG="1"/>
  <Angebote AngNr="HS783" AngKurzBeschreibung="Exklusives Einfamilienhaus mit großer Garage und Carport" AngLagebeschreibung="Lehrte, OT Arpke" AngAufDatum="2000-07-27" AngStatus="2" Konditionen="kon" AnzANG="1"/>
  <Angebote AngNr="HS769" AngKurzBeschreibung="Zweifamilienhaus mit Gewerbefläche, Garage, Doppelcarport und 4 Stellplätze" AngLagebeschreibung="Alt-Garbsen" AngAufDatum="2000-07-27" AngStatus="2" Konditionen="kon" AnzANG="1"/>
  <Angebote AngNr="HS785" AngKurzBeschreibung="Historische Villa mit weitläufigem Parkgrundstück und Garagenanlage sowie Nebengebäuden" AngLagebeschreibung="Burgdorf, OT Otze" AngAufDatum="2000-07-27" AngStatus="2" Konditionen="kon" AnzANG="1"/>
  <Angebote AngNr="EI725" AngKurzBeschreibung="4-Zimmer-Eigentumswohnung" AngLagebeschreibung="Hannover - Südstadt" AngAufDatum="2000-07-28" AngStatus="2" Konditionen="kon" AnzANG="1"/>
  <Angebote AngNr="EI726" AngKurzBeschreibung="2½-Zimmer-Eigentumswohnung" AngLagebeschreibung="Hannover - List" AngAufDatum="2000-08-01" AngStatus="2" Konditionen="kon" AnzANG="1"/>
  <Angebote AngNr="RH331" AngKurzBeschreibung="Gewerbe (Lager/Werkstatt/Büro = früher teilweise als Autohaus genutzt)" AngLagebeschreibung="Laatzen - in unmittelbarer Messenähe" AngAufDatum="2000-08-01" AngStatus="2" Konditionen="kon" AnzANG="1"/>
  <Angebote AngNr="HS786" AngKurzBeschreibung="Doppelhaushälfte als Energiesparhaus mit Garage" AngLagebeschreibung="Hannover - Buchholz" AngAufDatum="2000-08-01" AngStatus="2" Konditionen="kon" AnzANG="2"/>
  <Angebote AngNr="HS787" AngKurzBeschreibung="Bungalow mit Garage" AngLagebeschreibung="Hemmingen OT" AngAufDatum="2000-08-01" AngStatus="2" Konditionen="kon" AnzANG="1"/>
  <Angebote AngNr="HS788" AngKurzBeschreibung="Stilvolle Stadtvilla an der Eilenriede / Philosophenviertel" AngLagebeschreibung="Hannover - Kleefeld" AngAufDatum="2000-08-01" AngStatus="2" Konditionen="kon" AnzANG="1"/>
  <Angebote AngNr="RH332" AngKurzBeschreibung="Bürogebäude" AngLagebeschreibung="Hannover - Südstadt" AngAufDatum="2000-08-02" AngStatus="2" Konditionen="kon" AnzANG="1"/>
  <Angebote AngNr="EI727" AngKurzBeschreibung="2-Zimmer-Eigentumswohnung" AngLagebeschreibung="Hannover - Kirchrode" AngAufDatum="2000-08-03" AngStatus="2" Konditionen="kon" AnzANG="1"/>
  <Angebote AngNr="RH333" AngKurzBeschreibung="2 Mehrfamilienhäuser mit 24 Wohneinheiten" AngLagebeschreibung="Hannover - Hainholz / Nähe Schulenburger Landstraße" AngAufDatum="2000-08-03" AngStatus="2" Konditionen="kon" AnzANG="1"/>
  <Angebote AngNr="HS789" AngKurzBeschreibung="Freistehendes Einfamilienhaus mit zusätzl. 2 Zimmer, Küche, Bad als Einliegerwohnung im Souterrain" AngLagebeschreibung="Hannover - Kleefeld / Philosphenviertel" AngAufDatum="2000-08-03" AngStatus="2" Konditionen="kon" AnzANG="1"/>
  <Angebote AngNr="EI728" AngKurzBeschreibung="3-Zimmer-Eigentumswohnung" AngLagebeschreibung="Hannover-List" AngAufDatum="2000-08-07" AngStatus="2" Konditionen="kon" AnzANG="1"/>
  <Angebote AngNr="EI729" AngKurzBeschreibung="4-5 Zimmer-Eigentumswohnung mit Gartenzugang" AngLagebeschreibung="Hannover - List / Nähe Wedekindplatz" AngAufDatum="2000-08-07" AngStatus="2" Konditionen="kon" AnzANG="1"/>
  <Angebote AngNr="EI730" AngKurzBeschreibung="3-Zimmer-Eigentumswohnung" AngLagebeschreibung="Hannover - List" AngAufDatum="2000-08-07" AngStatus="2" Konditionen="kon" AnzANG="1"/>
  <Angebote AngNr="RH334" AngKurzBeschreibung="Mehrfamilienhaus" AngLagebeschreibung="Hannover- Nordstadt" AngAufDatum="2000-08-07" AngStatus="2" Konditionen="kon" AnzANG="1"/>
  <Angebote AngNr="RH335" AngKurzBeschreibung="Wohn- und Geschäftshaus" AngLagebeschreibung="Lamspringe" AngAufDatum="2000-08-08" AngStatus="2" Konditionen="kon" AnzANG="1"/>
  <Angebote AngNr="HS790" AngKurzBeschreibung="Doppelhaushälfte" AngLagebeschreibung="Ronnenberg" AngAufDatum="2000-08-09" AngStatus="2" Konditionen="kon" AnzANG="1"/>
  <Angebote AngNr="EI731" AngKurzBeschreibung="4-Zimmer-Eigentumswohnung" AngLagebeschreibung="Hannover - Waldheim" AngAufDatum="2000-08-09" AngStatus="2" Konditionen="kon" AnzANG="1"/>
  <Angebote AngNr="EI732" AngKurzBeschreibung="3-Zimmer-Maisonette-Eigentumswohnung im Dachgeschoß, Aufzug im Haus" AngLagebeschreibung="Hannover - List / Nähe Lister Platz" AngAufDatum="2000-08-09" AngStatus="2" Konditionen="kon" AnzANG="1"/>
  <Angebote AngNr="RH336" AngKurzBeschreibung="Gewerbehalle" AngLagebeschreibung="Sarstedt" AngAufDatum="2000-08-09" AngStatus="2" Konditionen="kon" AnzANG="1"/>
  <Angebote AngNr="EI733" AngKurzBeschreibung="2-Zimmer-Eigentumswohnung" AngLagebeschreibung="Hannover - List" AngAufDatum="2000-08-10" AngStatus="2" Konditionen="kon" AnzANG="1"/>
  <Angebote AngNr="RH337" AngKurzBeschreibung="Bürogebäude mit Lagerhalle" AngLagebeschreibung="Lehrte, OT Ahlten" AngAufDatum="2000-08-10" AngStatus="2" Konditionen="kon" AnzANG="1"/>
  <Angebote AngNr="EI735" AngKurzBeschreibung="7-Zimmer-Eigentumswohnung - Wohn-Gewerbe-Einheit mit Wintergarten im Hochparterre" AngLagebeschreibung="Hannover - Zoo / Hindenburgviertel" AngAufDatum="2000-08-11" AngStatus="2" Konditionen="kon" AnzANG="1"/>
  <Angebote AngNr="RH338" AngKurzBeschreibung="Wohn- und Geschäftshaus" AngLagebeschreibung="Hannover - Mitte" AngAufDatum="2000-08-11" AngStatus="2" Konditionen="kon" AnzANG="1"/>
  <Angebote AngNr="EI734" AngKurzBeschreibung="3-Zimmer-Eigentumswohnung" AngLagebeschreibung="Hannover - List" AngAufDatum="2000-08-11" AngStatus="2" Konditionen="kon" AnzANG="1"/>
  <Angebote AngNr="EI736" AngKurzBeschreibung="3-Zimmer-Eigentumswohnung" AngLagebeschreibung="Hannover - Döhren" AngAufDatum="2000-08-11" AngStatus="2" Konditionen="kon" AnzANG="1"/>
  <Angebote AngNr="EI737" AngKurzBeschreibung="Praxisräume" AngLagebeschreibung="Hannover - Zoo" AngAufDatum="2000-08-11" AngStatus="2" Konditionen="kon" AnzANG="1"/>
  <Angebote AngNr="EI738" AngKurzBeschreibung="3-Zimmer-Eigentumswohnung" AngLagebeschreibung="Hannover - Südstadt" AngAufDatum="2000-08-14" AngStatus="2" Konditionen="kon" AnzANG="1"/>
  <Angebote AngNr="EI739" AngKurzBeschreibung="2-Zimmer-Eigentumswohnung  mit Dachgeschoßausbaumöglichkeit" AngLagebeschreibung="Hannover - List / Nähe Lister Platz" AngAufDatum="2000-08-16" AngStatus="2" Konditionen="kon" AnzANG="1"/>
  <Angebote AngNr="RH339" AngKurzBeschreibung="Mehrfamilienhaus" AngLagebeschreibung="Hannover - Burg / Nähe Haltenhoffstraße" AngAufDatum="2000-08-21" AngStatus="2" Konditionen="kon" AnzANG="1"/>
  <Angebote AngNr="RH340" AngKurzBeschreibung="Mehrfamilienhaus mit Ladengeschäft" AngLagebeschreibung="Hannover - Mitte / Altstadt" AngAufDatum="2000-08-21" AngStatus="2" Konditionen="kon" AnzANG="1"/>
  <Angebote AngNr="EI740" AngKurzBeschreibung="5-Zimmer-Eigentumswohnung" AngLagebeschreibung="Hannover-Waldhausen" AngAufDatum="2000-08-22" AngStatus="2" Konditionen="kon" AnzANG="1"/>
  <Angebote AngNr="RH342" AngKurzBeschreibung="2 Mehrfamilienhäuser" AngLagebeschreibung="Hannover-Südstadt" AngAufDatum="2000-08-22" AngStatus="2" Konditionen="kon" AnzANG="1"/>
  <Angebote AngNr="RH341" AngKurzBeschreibung="Geschäftshaus" AngLagebeschreibung="Hannover-Nordstadt" AngAufDatum="2000-08-22" AngStatus="2" Konditionen="kon" AnzANG="1"/>
  <Angebote AngNr="HS791" AngKurzBeschreibung="Einfamilienhaus" AngLagebeschreibung="Hannover - Nord / Wedemark" AngAufDatum="2000-08-22" AngStatus="2" Konditionen="kon" AnzANG="3"/>
  <Angebote AngNr="RH343" AngKurzBeschreibung="Mehrfamilienhaus" AngLagebeschreibung="Hannover - Südstadt, Nähe Maschsee" AngAufDatum="2000-08-24" AngStatus="2" Konditionen="kon" AnzANG="1"/>
  <Angebote AngNr="HS792" AngKurzBeschreibung="Einfamilienhaus mit 2 Garagen und Einliegerwohnung" AngLagebeschreibung="Langenhagen - Krähenwinkel" AngAufDatum="2000-08-28" AngStatus="2" Konditionen="kon" AnzANG="1"/>
  <Angebote AngNr="HS793" AngKurzBeschreibung="Zweifamilienhaus / Architektenhaus" AngLagebeschreibung="Hannover - Bemerode" AngAufDatum="2000-08-28" AngStatus="2" Konditionen="kon" AnzANG="1"/>
  <Angebote AngNr="RH344" AngKurzBeschreibung="Mehrfamilienhaus" AngLagebeschreibung="Hannover - Oststadt" AngAufDatum="2000-08-28" AngStatus="2" Konditionen="kon" AnzANG="1"/>
  <Angebote AngNr="HS794" AngKurzBeschreibung="Einfamilien-Winkelbungalow mit Garage" AngLagebeschreibung="Hannover-Kirchrode" AngAufDatum="2000-08-31" AngStatus="2" Konditionen="kon" AnzANG="1"/>
  <Angebote AngNr="EI741" AngKurzBeschreibung="3-Zimmer-Eigentumswohnung" AngLagebeschreibung="Hannover - Südstadt" AngAufDatum="2000-09-04" AngStatus="2" Konditionen="kon" AnzANG="1"/>
  <Angebote AngNr="RH345" AngKurzBeschreibung="Mehrfamilienhaus mit Gaststätte" AngLagebeschreibung="Hannover - Linden/Nord" AngAufDatum="2000-09-05" AngStatus="2" Konditionen="kon" AnzANG="1"/>
  <Angebote AngNr="EI742" AngKurzBeschreibung="3½-Zimmer-Eigentumswohnung" AngLagebeschreibung="Hannover - Waldhausen" AngAufDatum="2000-09-07" AngStatus="2" Konditionen="kon" AnzANG="1"/>
  <Angebote AngNr="HS795" AngKurzBeschreibung="Stilvolles Anwesen mit parkähnlichem Grundstück, Garage" AngLagebeschreibung="Hannover - Kleefeld" AngAufDatum="2000-09-07" AngStatus="2" Konditionen="kon" AnzANG="1"/>
  <Angebote AngNr="HS796" AngKurzBeschreibung="Einfamilienhaus mit Garage" AngLagebeschreibung="Burgdorf, OT Ehlershausen" AngAufDatum="2000-09-07" AngStatus="2" Konditionen="kon" AnzANG="1"/>
  <Angebote AngNr="RH346" AngKurzBeschreibung="2 Mehrfamilienhäuser" AngLagebeschreibung="Hannover - Döhren" AngAufDatum="2000-09-08" AngStatus="2" Konditionen="kon" AnzANG="2"/>
  <Angebote AngNr="HS797" AngKurzBeschreibung="Einfamilienhaus mit gehobener Ausstattung in Steinhude, 5 min. vom Steinhuder Meer" AngLagebeschreibung="Wunstorf, OT Steinhude" AngAufDatum="2000-09-11" AngStatus="2" Konditionen="kon" AnzANG="1"/>
  <Angebote AngNr="HS798" AngKurzBeschreibung="Walmdach-Winkelbungalow mit Doppelcarport" AngLagebeschreibung="Hannover - Großbuchholz / Grenze Heideviertel" AngAufDatum="2000-09-11" AngStatus="2" Konditionen="kon" AnzANG="1"/>
  <Angebote AngNr="EI743" AngKurzBeschreibung="3-Zimmer-Eigentumswohnung" AngLagebeschreibung="Hannover - Waldhausen" AngAufDatum="2000-09-12" AngStatus="2" Konditionen="kon" AnzANG="1"/>
  <Angebote AngNr="HS799" AngKurzBeschreibung="Außergewöhnliches Einfamilienhaus mit Garage" AngLagebeschreibung="Ruhiges, alteingewachsenes Wohngebiet in Großburgwedel" AngAufDatum="2000-09-13" AngStatus="2" Konditionen="kon" AnzANG="1"/>
  <Angebote AngNr="HS800" AngKurzBeschreibung="Einfamilienhaus mit Einliegerwohnung und Doppelgarage" AngLagebeschreibung="Hannover - Döhren/Seelhorst" AngAufDatum="2000-09-13" AngStatus="2" Konditionen="kon" AnzANG="1"/>
  <Angebote AngNr="HS801" AngKurzBeschreibung="1-2 Familienhaus mit Tiefgarage für 3 PKW" AngLagebeschreibung="Ronnenberg, OT Benthe" AngAufDatum="2000-09-14" AngStatus="2" Konditionen="kon" AnzANG="1"/>
  <Angebote AngNr="HS802" AngKurzBeschreibung="3-Ständer Fachwerkhaus als Baudenkmal / Neubau im Jahr 2000 mit Doppelgarage" AngLagebeschreibung="Hannover/Nord - Wedemark" AngAufDatum="2000-09-14" AngStatus="2" Konditionen="kon" AnzANG="1"/>
  <Angebote AngNr="HS803" AngKurzBeschreibung="1-2 Familienhaus mit zusätzlicher Einliegerwohnung im Souterrain" AngLagebeschreibung="Garbsen - Mitte" AngAufDatum="2000-09-14" AngStatus="2" Konditionen="kon" AnzANG="2"/>
  <Angebote AngNr="HS805" AngKurzBeschreibung="Repräsentativer Bungalow mit separater Einliegerwohnung, Praxis, Kanzlei oder Agentur, Doppelgarage" AngLagebeschreibung="Hannover / Nordost, nach Burgdorf in Hänigsen" AngAufDatum="2000-09-15" AngStatus="2" Konditionen="kon" AnzANG="1"/>
  <Angebote AngNr="HS806" AngKurzBeschreibung="Großzügiges Einfamilienhaus mit Doppelgarage / Neubau" AngLagebeschreibung="Hannover Nord/Ost - Burgdorf OT" AngAufDatum="2000-09-15" AngStatus="2" Konditionen="kon" AnzANG="1"/>
  <Angebote AngNr="HS807" AngKurzBeschreibung="Doppelhaushälfte mit Garage und Stellplatz" AngLagebeschreibung="Hannover - Badenstedt" AngAufDatum="2000-09-15" AngStatus="2" Konditionen="kon" AnzANG="1"/>
  <Angebote AngNr="HS808" AngKurzBeschreibung="Exklusives Einfamilienhaus mit Doppel- und Einzelgarage" AngLagebeschreibung="Garbsen, OT Osterwald" AngAufDatum="2000-09-18" AngStatus="2" Konditionen="kon" AnzANG="1"/>
  <Angebote AngNr="HS809" AngKurzBeschreibung="Stilvolles, großzügiges Einfamilienhaus mit 2 Garagen" AngLagebeschreibung="Hannover - Misburg, absolut ruhige, begrünte Lage" AngAufDatum="2000-09-19" AngStatus="2" Konditionen="kon" AnzANG="1"/>
  <Angebote AngNr="HS810" AngKurzBeschreibung="Bungalow mit Garage" AngLagebeschreibung="Traumhaft schöne Lage in Hemmingen-Westerfeld am Naturschutzgebiet" AngAufDatum="2000-09-19" AngStatus="2" Konditionen="kon" AnzANG="1"/>
  <Angebote AngNr="HS811" AngKurzBeschreibung="Modernisiertes und saniertes Einfamilienhaus mit 2 Garagen" AngLagebeschreibung="Isernhagen, OT Altwarmbüchen" AngAufDatum="2000-09-19" AngStatus="2" Konditionen="kon" AnzANG="1"/>
  <Angebote AngNr="HS812" AngKurzBeschreibung="Modernes Haus in allerbester Wohnanlage mit Doppelcarport" AngLagebeschreibung="Ortsrandlage von Großburgwedel" AngAufDatum="2000-09-19" AngStatus="2" Konditionen="kon" AnzANG="1"/>
  <Angebote AngNr="EI744" AngKurzBeschreibung="3-4-Zimmer-Eigentumswohnung" AngLagebeschreibung="Hannover - List / Musikerviertel" AngAufDatum="2000-09-19" AngStatus="2" Konditionen="kon" AnzANG="1"/>
  <Angebote AngNr="EI745" AngKurzBeschreibung="4½-Zimmer-Eigentumswohnung" AngLagebeschreibung="Hannover - Oststadt" AngAufDatum="2000-09-19" AngStatus="2" Konditionen="kon" AnzANG="1"/>
  <Angebote AngNr="EI746" AngKurzBeschreibung="4-Zimmer-Maisonette-Wohnung im 4. OG und Dachgeschoß" AngLagebeschreibung="Hannover - Südstadt" AngAufDatum="2000-09-19" AngStatus="2" Konditionen="kon" AnzANG="1"/>
  <Angebote AngNr="RH347" AngKurzBeschreibung="Repräsentative Villa mit Bürohaus" AngLagebeschreibung="Hannover - Zooviertel" AngAufDatum="2000-09-20" AngStatus="2" Konditionen="kon" AnzANG="1"/>
  <Angebote AngNr="EI747" AngKurzBeschreibung="2-Zimmer-Eigentumswohnung" AngLagebeschreibung="Hannover - Döhren/Leineinsel" AngAufDatum="2000-09-20" AngStatus="2" Konditionen="kon" AnzANG="1"/>
  <Angebote AngNr="EI748" AngKurzBeschreibung="5-Zimmer-Eigentumswohnung" AngLagebeschreibung="Hannover - List" AngAufDatum="2000-09-20" AngStatus="2" Konditionen="kon" AnzANG="1"/>
  <Angebote AngNr="HS813" AngKurzBeschreibung="Exklusive Doppelhaushälfte mit Doppelgarage" AngLagebeschreibung="Barsinghausen" AngAufDatum="2000-09-21" AngStatus="2" Konditionen="kon" AnzANG="1"/>
  <Angebote AngNr="RH348" AngKurzBeschreibung="Mehrfamilienhaus" AngLagebeschreibung="Seelze, OT Letter" AngAufDatum="2000-09-21" AngStatus="2" Konditionen="kon" AnzANG="1"/>
  <Angebote AngNr="RH349" AngKurzBeschreibung="Wohn- und Geschäftshaus" AngLagebeschreibung="Hannover - Vahrenwald" AngAufDatum="2000-09-26" AngStatus="2" Konditionen="kon" AnzANG="1"/>
  <Angebote AngNr="RH350" AngKurzBeschreibung="Mehrfamilienhaus" AngLagebeschreibung="Hannover - Misburg" AngAufDatum="2000-09-26" AngStatus="2" Konditionen="kon" AnzANG="1"/>
  <Angebote AngNr="EI749" AngKurzBeschreibung="5-Zimmer-Eigentumswohnung - Penthouse" AngLagebeschreibung="Hannover - List, Nähe Bonifatiusplatz" AngAufDatum="2000-09-26" AngStatus="2" Konditionen="kon" AnzANG="1"/>
  <Angebote AngNr="EI750" AngKurzBeschreibung="4-Zimmer-Eigentumswohnung" AngLagebeschreibung="Hannover - List / Nähe Moltkeplatz" AngAufDatum="2000-09-27" AngStatus="2" Konditionen="kon" AnzANG="1"/>
  <Angebote AngNr="RH351" AngKurzBeschreibung="Büro- und Geschäftshaus" AngLagebeschreibung="Großburgwedel" AngAufDatum="2000-09-29" AngStatus="2" Konditionen="kon" AnzANG="1"/>
  <Angebote AngNr="RH352" AngKurzBeschreibung="Wohn- und Geschäftshaus" AngLagebeschreibung="Hannover - Ahlem" AngAufDatum="2000-09-29" AngStatus="2" Konditionen="kon" AnzANG="1"/>
  <Angebote AngNr="RH353" AngKurzBeschreibung="Bürohaus" AngLagebeschreibung="Hannover - Südstadt" AngAufDatum="2000-09-29" AngStatus="2" Konditionen="kon" AnzANG="1"/>
  <Angebote AngNr="RH354" AngKurzBeschreibung="Wohn- und Geschäftshaus" AngLagebeschreibung="Hannover - Nordstadt" AngAufDatum="2000-10-04" AngStatus="2" Konditionen="kon" AnzANG="1"/>
  <Angebote AngNr="RH355" AngKurzBeschreibung="Wohn- und Geschäftshaus" AngLagebeschreibung="Hannover - Limmer" AngAufDatum="2000-10-04" AngStatus="2" Konditionen="kon" AnzANG="2"/>
  <Angebote AngNr="EI751" AngKurzBeschreibung="3-Zimmer-Eigentumswohnung" AngLagebeschreibung="Hannover - Oststadt" AngAufDatum="2000-10-06" AngStatus="2" Konditionen="kon" AnzANG="1"/>
  <Angebote AngNr="HS815" AngKurzBeschreibung="Einfamilienhaus mit Einliegerwohnung und 2 Garagen" AngLagebeschreibung="Hannover - Buchholz / Nähe Kanal Meersmannufer" AngAufDatum="2000-10-06" AngStatus="2" Konditionen="kon" AnzANG="1"/>
  <Angebote AngNr="HS814" AngKurzBeschreibung="Gepflegtes Haus aus den Dreißigern als Doppelhaushälfte mit Garage" AngLagebeschreibung="Hannover - Kirchrode (Zentrum)" AngAufDatum="2000-10-06" AngStatus="2" Konditionen="kon" AnzANG="1"/>
  <Angebote AngNr="RH356" AngKurzBeschreibung="Wohn- und Geschäftshaus" AngLagebeschreibung="Hannover - Wülfel" AngAufDatum="2000-10-10" AngStatus="2" Konditionen="kon" AnzANG="1"/>
  <Angebote AngNr="RH357" AngKurzBeschreibung="Wohn- und Geschäftshaus" AngLagebeschreibung="Hannover - Mitte" AngAufDatum="2000-10-13" AngStatus="2" Konditionen="kon" AnzANG="1"/>
  <Angebote AngNr="HS816" AngKurzBeschreibung="Doppelhaushälfte mit Garage" AngLagebeschreibung="Hannover - Anderten" AngAufDatum="2000-10-13" AngStatus="2" Konditionen="kon" AnzANG="1"/>
  <Angebote AngNr="HS817" AngKurzBeschreibung="Einfamilienhaus mit Einliegerwohnung, Garage und Carport" AngLagebeschreibung="Isernhagen/Süd" AngAufDatum="2000-10-17" AngStatus="2" Konditionen="kon" AnzANG="1"/>
  <Angebote AngNr="RH358" AngKurzBeschreibung="Mehrfamilienhaus" AngLagebeschreibung="Hannover - Linden/Nord" AngAufDatum="2000-10-19" AngStatus="2" Konditionen="kon" AnzANG="1"/>
  <Angebote AngNr="HS818" AngKurzBeschreibung="Großzügiges Wohnhaus mit Büro und Montageräumen" AngLagebeschreibung="Hannover - Ahlem" AngAufDatum="2000-10-24" AngStatus="2" Konditionen="kon" AnzANG="1"/>
  <Angebote AngNr="RH359" AngKurzBeschreibung="Mehrfamilienhaus" AngLagebeschreibung="Hannover - Südstadt" AngAufDatum="2000-10-24" AngStatus="2" Konditionen="kon" AnzANG="1"/>
  <Angebote AngNr="HS819" AngKurzBeschreibung="Einfamilienhaus mit Doppelgarage" AngLagebeschreibung="Isernhagen-Süd" AngAufDatum="2000-10-26" AngStatus="2" Konditionen="kon" AnzANG="1"/>
  <Angebote AngNr="EI752" AngKurzBeschreibung="3-Zimmer-Eigentumswohnungen" AngLagebeschreibung="Hannover - Zooviertel" AngAufDatum="2000-10-31" AngStatus="2" Konditionen="kon" AnzANG="1"/>
  <Angebote AngNr="RH360" AngKurzBeschreibung="Mehrfamilienhaus" AngLagebeschreibung="Garbsen, OT Berenbostel" AngAufDatum="2000-11-03" AngStatus="2" Konditionen="kon" AnzANG="1"/>
  <Angebote AngNr="RH361" AngKurzBeschreibung="Yachthafen" AngLagebeschreibung="Schleswig" AngAufDatum="2000-11-03" AngStatus="2" Konditionen="kon" AnzANG="1"/>
  <Angebote AngNr="HS820" AngKurzBeschreibung="Einfamilienhaus in ökologischer Bauweise - gesundes Wohnen im Niedrigenergiehaus" AngLagebeschreibung="Top Lage - Direkt am Deister - Wennigsen OT" AngAufDatum="2000-11-07" AngStatus="2" Konditionen="kon" AnzANG="1"/>
  <Angebote AngNr="EI753" AngKurzBeschreibung="4-Zimmer-Eigentumswohnung" AngLagebeschreibung="Hannover - List / Nähe Bonifatiusplatz" AngAufDatum="2000-11-07" AngStatus="2" Konditionen="kon" AnzANG="1"/>
  <Angebote AngNr="HS821" AngKurzBeschreibung="Winkelbungalow mit Garage" AngLagebeschreibung="Lehrte OT" AngAufDatum="2000-11-08" AngStatus="2" Konditionen="kon" AnzANG="1"/>
  <Angebote AngNr="RH362" AngKurzBeschreibung="Wohn- und Geschäftshaus" AngLagebeschreibung="Hannover - Südstadt" AngAufDatum="2000-11-10" AngStatus="2" Konditionen="kon" AnzANG="1"/>
  <Angebote AngNr="HS822" AngKurzBeschreibung="Einfamilienhaus" AngLagebeschreibung="Isernhagen KB" AngAufDatum="2000-11-15" AngStatus="2" Konditionen="kon" AnzANG="1"/>
  <Angebote AngNr="RH363" AngKurzBeschreibung="Supermarkt" AngLagebeschreibung="Müden / Aller" AngAufDatum="2000-11-16" AngStatus="2" Konditionen="kon" AnzANG="1"/>
  <Angebote AngNr="EI754" AngKurzBeschreibung="5-Zimmer-Maisonette-Eigentumswohnung" AngLagebeschreibung="Hannover - List / Eilenriede" AngAufDatum="2000-11-17" AngStatus="2" Konditionen="kon" AnzANG="1"/>
  <Angebote AngNr="EI755" AngKurzBeschreibung="4-Zimmer-Eigentumswohnung" AngLagebeschreibung="Hannover - List" AngAufDatum="2000-11-17" AngStatus="2" Konditionen="kon" AnzANG="1"/>
  <Angebote AngNr="HS823" AngKurzBeschreibung="Stadthaus in Reihe gebaut mit Garage" AngLagebeschreibung="Hannover - Davenstedt" AngAufDatum="2000-11-17" AngStatus="2" Konditionen="kon" AnzANG="1"/>
  <Angebote AngNr="HS824" AngKurzBeschreibung="Reihenmittelhaus in absolut ruhiger Wohnlage" AngLagebeschreibung="Hanover - Anderten" AngAufDatum="2000-11-17" AngStatus="2" Konditionen="kon" AnzANG="1"/>
  <Angebote AngNr="RH364" AngKurzBeschreibung="Wohn- und Geschäftshaus mit Nebengebäude" AngLagebeschreibung="Hannover - Anderten" AngAufDatum="2000-11-21" AngStatus="2" Konditionen="kon" AnzANG="1"/>
  <Angebote AngNr="EI756" AngKurzBeschreibung="3-Zimmer-Eigentumswohnung" AngLagebeschreibung="Hannover - Oststadt / Nähe Eilenriede" AngAufDatum="2000-11-23" AngStatus="2" Konditionen="kon" AnzANG="1"/>
  <Angebote AngNr="EI757" AngKurzBeschreibung="3-Zimmer-DG-Galeriewohnung" AngLagebeschreibung="Hannover - List" AngAufDatum="2000-11-28" AngStatus="2" Konditionen="kon" AnzANG="1"/>
  <Angebote AngNr="HS825" AngKurzBeschreibung="Zweifamilienhaus mit 2 Garagen" AngLagebeschreibung="Hannover - Bemerode" AngAufDatum="2000-11-28" AngStatus="2" Konditionen="kon" AnzANG="1"/>
  <Angebote AngNr="EI758" AngKurzBeschreibung="4-Zimmer-Eigentumswohnung" AngLagebeschreibung="Hannover - List" AngAufDatum="2000-12-04" AngStatus="2" Konditionen="kon" AnzANG="1"/>
  <Angebote AngNr="HS826" AngKurzBeschreibung="Herrschaftliche Villa am Wald" AngLagebeschreibung="Alt Gehrden" AngAufDatum="2000-12-05" AngStatus="2" Konditionen="kon" AnzANG="1"/>
  <Angebote AngNr="HS827" AngKurzBeschreibung="Idyllisch gelegenes, großzügiges Einfamilienhaus mit Schwimmhalle, Sauna und Doppelgarage" AngLagebeschreibung="Isernhagen HB" AngAufDatum="2000-12-08" AngStatus="2" Konditionen="kon" AnzANG="1"/>
  <Angebote AngNr="HS828" AngKurzBeschreibung="Anwesen in idyllischer Ortsrand- und Waldrandlage nördlich von Hannover/westlich von Celle" AngLagebeschreibung="Hambühren" AngAufDatum="2000-12-11" AngStatus="2" Konditionen="kon" AnzANG="1"/>
  <Angebote AngNr="HS829" AngKurzBeschreibung="Großzügiges Reihenmittelhaus mit 2 Stellplätzen" AngLagebeschreibung="Sehnde / Ortsrandlage Nähe Kanal und Yachthafen" AngAufDatum="2000-12-12" AngStatus="2" Konditionen="kon" AnzANG="1"/>
  <Angebote AngNr="RH365" AngKurzBeschreibung="Geschäftshaus (mit Wohngebäude)" AngLagebeschreibung="Hannover - Mitte" AngAufDatum="2000-12-13" AngStatus="2" Konditionen="kon" AnzANG="1"/>
  <Angebote AngNr="EI759" AngKurzBeschreibung="2-Zimmer-Eigentumswohnung" AngLagebeschreibung="Hannover - Döhren, Nähe Uhrturm" AngAufDatum="2000-12-18" AngStatus="2" Konditionen="kon" AnzANG="1"/>
  <Angebote AngNr="EI760" AngKurzBeschreibung="3-Zimmer-Maisonettenwohnung" AngLagebeschreibung="Hannover - Döhren, Leineinsel" AngAufDatum="2000-12-18" AngStatus="2" Konditionen="kon" AnzANG="1"/>
  <Angebote AngNr="RH366" AngKurzBeschreibung="Bürogebäude" AngLagebeschreibung="Lehrte" AngAufDatum="2000-12-19" AngStatus="2" Konditionen="kon" AnzANG="1"/>
  <Angebote AngNr="EI761" AngKurzBeschreibung="3-Zimmer-Galeriewohnung" AngLagebeschreibung="Hannover - List / Malerviertel" AngAufDatum="2000-12-19" AngStatus="2" Konditionen="kon" AnzANG="1"/>
  <Angebote AngNr="EI762" AngKurzBeschreibung="5-Zimmer-Eigentumswohnung" AngLagebeschreibung="Hannover - List / Nähe Lister Platz" AngAufDatum="2000-12-28" AngStatus="2" Konditionen="kon" AnzANG="1"/>
  <Angebote AngNr="HS830" AngKurzBeschreibung="Charmantes Reihenendhaus mit Garage" AngLagebeschreibung="Garbsen" AngAufDatum="2001-01-17" AngStatus="2" Konditionen="kon" AnzANG="1"/>
  <Angebote AngNr="EI763" AngKurzBeschreibung="3-4-Zimmer-Eigentumswohnung" AngLagebeschreibung="Hannover - Davenstedt" AngAufDatum="2001-01-17" AngStatus="2" Konditionen="kon" AnzANG="1"/>
  <Angebote AngNr="HS832" AngKurzBeschreibung="Ein- bis Zweifamilienhaus mit 3 Garagen" AngLagebeschreibung="Alt-Laatzen" AngAufDatum="2001-01-19" AngStatus="2" Konditionen="kon" AnzANG="1"/>
  <Angebote AngNr="HS833" AngKurzBeschreibung="Kettenbungalow mit versetzten Wohnebenen" AngLagebeschreibung="Alt-Laatzen" AngAufDatum="2001-01-19" AngStatus="2" Konditionen="kon" AnzANG="1"/>
  <Angebote AngNr="HS834" AngKurzBeschreibung="Top saniertes, modern ausgestattetes Zweifamilienhaus in allerbester Wohnlage" AngLagebeschreibung="Hannover - Isernhagen-Süd" AngAufDatum="2001-01-22" AngStatus="2" Konditionen="kon" AnzANG="1"/>
  <Angebote AngNr="RH367" AngKurzBeschreibung="Krankenhaus" AngLagebeschreibung="Hannover - Zoo" AngAufDatum="2001-01-22" AngStatus="2" Konditionen="kon" AnzANG="1"/>
  <Angebote AngNr="HS835" AngKurzBeschreibung="Reihenendhaus mit 2 Garagen" AngLagebeschreibung="Hemmingen OT / unverbaute ruhige Lage mit Deisterblick" AngAufDatum="2001-01-23" AngStatus="2" Konditionen="kon" AnzANG="1"/>
  <Angebote AngNr="HS836" AngKurzBeschreibung="Einfamilienhaus mit Garage und Stellplatz" AngLagebeschreibung="Wunstorf - zwischen Hannover und Steinhuder Meer" AngAufDatum="2001-01-24" AngStatus="2" Konditionen="kon" AnzANG="1"/>
  <Angebote AngNr="HS837" AngKurzBeschreibung="Einfamilienhaus evtl. mit 2 Einliegerappartements und Garage -für höchste Wohnansprüche-" AngLagebeschreibung="Celle - Landkreis" AngAufDatum="2001-01-24" AngStatus="2" Konditionen="kon" AnzANG="1"/>
  <Angebote AngNr="RH368" AngKurzBeschreibung="Gaststätte mit Kegelbahn" AngLagebeschreibung="Springe, OT Bennigsen" AngAufDatum="2001-01-24" AngStatus="2" Konditionen="kon" AnzANG="1"/>
  <Angebote AngNr="EI764" AngKurzBeschreibung="2-Zimmer-Eigentumswohnung im 3. OG (Dachgeschoß)" AngLagebeschreibung="Lehrte / östl. Landkreis Hannover" AngAufDatum="2001-01-25" AngStatus="2" Konditionen="kon" AnzANG="1"/>
  <Angebote AngNr="RH369" AngKurzBeschreibung="Mehrfamilien-Wohnhaus" AngLagebeschreibung="Hannover - List" AngAufDatum="2001-01-31" AngStatus="2" Konditionen="kon" AnzANG="1"/>
  <Angebote AngNr="EI765" AngKurzBeschreibung="3-4-Zimmer-Eigentumswohnung" AngLagebeschreibung="Hannover - List" AngAufDatum="2001-02-06" AngStatus="2" Konditionen="kon" AnzANG="1"/>
  <Angebote AngNr="HS838" AngKurzBeschreibung="Einfamilienhaus" AngLagebeschreibung="Wedemark, OT Brelingen" AngAufDatum="2001-02-08" AngStatus="2" Konditionen="kon" AnzANG="1"/>
  <Angebote AngNr="HS839" AngKurzBeschreibung="Einfamilienhaus im skandinavischen Baustil mit Garage und Carport" AngLagebeschreibung="Garbsen (im Bereich Märchenstraße, 5 min. zu Fuß zum Real usw.)" AngAufDatum="2001-02-09" AngStatus="2" Konditionen="kon" AnzANG="1"/>
  <Angebote AngNr="RH370" AngKurzBeschreibung="Historisches Fachwerkhaus" AngLagebeschreibung="Isernhagen HB" AngAufDatum="2001-02-13" AngStatus="2" Konditionen="kon" AnzANG="2"/>
  <Angebote AngNr="RH372" AngKurzBeschreibung="Büro- und Praxisgebäude" AngLagebeschreibung="Springe" AngAufDatum="2001-02-13" AngStatus="2" Konditionen="kon" AnzANG="1"/>
  <Angebote AngNr="RH371" AngKurzBeschreibung="Hotel mit Nebengebäuden" AngLagebeschreibung="Laatzen OT Gleidingen" AngAufDatum="2001-02-13" AngStatus="2" Konditionen="kon" AnzANG="1"/>
  <Angebote AngNr="EI766" AngKurzBeschreibung="7-Zimmer-Eigentumswohnung" AngLagebeschreibung="Hannover - List, Nähe Lister Platz" AngAufDatum="2001-02-13" AngStatus="2" Konditionen="kon" AnzANG="3"/>
  <Angebote AngNr="HS840" AngKurzBeschreibung="Zweifamilienhaus mit Doppelgarage" AngLagebeschreibung="Isernhagen OT Kirchhorst" AngAufDatum="2001-02-15" AngStatus="2" Konditionen="kon" AnzANG="1"/>
  <Angebote AngNr="EI767" AngKurzBeschreibung="4-Zimmer-Eigentumswohnung" AngLagebeschreibung="Hannover - Südstadt" AngAufDatum="2001-02-19" AngStatus="2" Konditionen="kon" AnzANG="1"/>
  <Angebote AngNr="HS841" AngKurzBeschreibung="Behagliches Einfamilienhaus mit Garage" AngLagebeschreibung="Hannover - Bothfeld, Kugelfangtrift" AngAufDatum="2001-02-19" AngStatus="2" Konditionen="kon" AnzANG="1"/>
  <Angebote AngNr="HS842" AngKurzBeschreibung="Fachwerkhaus" AngLagebeschreibung="Hannover - Bothfeld" AngAufDatum="2001-02-20" AngStatus="2" Konditionen="kon" AnzANG="1"/>
  <Angebote AngNr="RH373" AngKurzBeschreibung="Wohnanlage mit insgesamt 100 Wohneinheiten" AngLagebeschreibung="Hannover - List" AngAufDatum="2001-02-22" AngStatus="2" Konditionen="kon" AnzANG="3"/>
  <Angebote AngNr="HS843" AngKurzBeschreibung="Reihenmittelhaus" AngLagebeschreibung="Hannover - Südstadt" AngAufDatum="2001-02-26" AngStatus="2" Konditionen="profre" AnzANG="1"/>
  <Angebote AngNr="HS844" AngKurzBeschreibung="Repräsentativer Bungalow für höchste Wohnansprüche" AngLagebeschreibung="Hannover - Nähe Zoo und Eilenriede" AngAufDatum="2001-03-01" AngStatus="2" Konditionen="kon" AnzANG="1"/>
  <Angebote AngNr="HS845" AngKurzBeschreibung="Absolut gepflegtes, idyllisches Anwesen" AngLagebeschreibung="Langenhagen , OT Engelbostel" AngAufDatum="2001-03-01" AngStatus="2" Konditionen="kon" AnzANG="1"/>
  <Angebote AngNr="HS846" AngKurzBeschreibung="Komfortables Stadthaus auf versetzten Wohnebenen, 2 Balkone, Terrasse, Garage" AngLagebeschreibung="Isernhagen, OT Altwarmbüchen" AngAufDatum="2001-03-01" AngStatus="2" Konditionen="profre" AnzANG="1"/>
  <Angebote AngNr="EI768" AngKurzBeschreibung="4-Zimmer-Eigentumswohnung" AngLagebeschreibung="Hannover - Oststadt" AngAufDatum="2001-03-01" AngStatus="2" Konditionen="kon" AnzANG="1"/>
  <Angebote AngNr="HS847" AngKurzBeschreibung="Großzügiges Einfamilienhaus mit Doppelgarage und Hallenschwimmbad" AngLagebeschreibung="Langenhagen / Nähe Paracelsusklinik und Silbersee" AngAufDatum="2001-03-07" AngStatus="2" Konditionen="kon" AnzANG="1"/>
  <Angebote AngNr="HS848" AngKurzBeschreibung="Zweifamilienhaus mit 2 Garagen in schöner Wohngegend von Berenbostel" AngLagebeschreibung="Garbsen, OT Berenbostel" AngAufDatum="2001-03-07" AngStatus="2" Konditionen="kon" AnzANG="1"/>
  <Angebote AngNr="EI769" AngKurzBeschreibung="4-5-Zimmer-Eigentumswohnung" AngLagebeschreibung="Hannover - Oststadt" AngAufDatum="2001-03-15" AngStatus="2" Konditionen="kon" AnzANG="1"/>
  <Angebote AngNr="HS849" AngKurzBeschreibung="Top sanierter Walmdachbungalow mit Garage und Carport" AngLagebeschreibung="Burgdorf - idyllische, ruhige Ortsrandlage" AngAufDatum="2001-03-16" AngStatus="2" Konditionen="kon" AnzANG="1"/>
  <Angebote AngNr="EI770" AngKurzBeschreibung="Top sanierte, einmalige 6-Zimmer-Maisonettewohnung" AngLagebeschreibung="Hannover - Waldhausen" AngAufDatum="2001-03-21" AngStatus="2" Konditionen="kon" AnzANG="1"/>
  <Angebote AngNr="HS850" AngKurzBeschreibung="Großzügiges Zweifamilienhaus" AngLagebeschreibung="Hannover - Bemerode" AngAufDatum="2001-03-22" AngStatus="2" Konditionen="kon" AnzANG="1"/>
  <Angebote AngNr="RH374" AngKurzBeschreibung="Mehrfamilienhaus" AngLagebeschreibung="Hannover - Vahrenwald" AngAufDatum="2001-03-26" AngStatus="2" Konditionen="kon" AnzANG="1"/>
  <Angebote AngNr="RH375" AngKurzBeschreibung="Mehrfamilienhaus mit Gewerbeeinheit" AngLagebeschreibung="Hannover - Vahrenwald" AngAufDatum="2001-04-05" AngStatus="2" Konditionen="kon" AnzANG="1"/>
  <Angebote AngNr="RH376" AngKurzBeschreibung="Mehrfamilienhaus" AngLagebeschreibung="Hannover - Nordstadt" AngAufDatum="2001-04-06" AngStatus="2" Konditionen="kon" AnzANG="1"/>
  <Angebote AngNr="RH377" AngKurzBeschreibung="Mehrfamilienhaus" AngLagebeschreibung="Hannover - Linden/Nord" AngAufDatum="2001-04-06" AngStatus="2" Konditionen="kon" AnzANG="1"/>
  <Angebote AngNr="RH378" AngKurzBeschreibung="Mehrfamilienhaus" AngLagebeschreibung="Hannover - Linden/Süd" AngAufDatum="2001-04-06" AngStatus="2" Konditionen="kon" AnzANG="1"/>
  <Angebote AngNr="HS851" AngKurzBeschreibung="Zweifamilienhaus mit 2 Garagen" AngLagebeschreibung="Hannover - Südstadt ( Nähe Maschsee)" AngAufDatum="2001-04-10" AngStatus="2" Konditionen="kon" AnzANG="1"/>
  <Angebote AngNr="EI771" AngKurzBeschreibung="5-Zimmer-Eigentumswohnung - Maisonette" AngLagebeschreibung="Laatzen / Lange Weihe" AngAufDatum="2001-04-17" AngStatus="2" Konditionen="kon" AnzANG="1"/>
  <Angebote AngNr="HS852" AngKurzBeschreibung="Exklusives Einfamilienhaus mit luxuriöser Ausstattung" AngLagebeschreibung="Isernhagen, OT Altwarmbüchen" AngAufDatum="2001-05-04" AngStatus="2" Konditionen="kon" AnzANG="1"/>
  <Angebote AngNr="HS853" AngKurzBeschreibung="Reihenendhaus mit Garage" AngLagebeschreibung="Hannover - Buchholz, nähe Oststadtkrankenhaus" AngAufDatum="2001-05-08" AngStatus="2" Konditionen="kon" AnzANG="1"/>
  <Angebote AngNr="HS854" AngKurzBeschreibung="Apartes Stadthaus mit Garage" AngLagebeschreibung="Hannover - Döhren" AngAufDatum="2001-05-10" AngStatus="2" Konditionen="kon" AnzANG="1"/>
  <Angebote AngNr="EI772" AngKurzBeschreibung="6-Zimmer-Eigentumswohnung" AngLagebeschreibung="Hannover - List" AngAufDatum="2001-05-11" AngStatus="2" Konditionen="kon" AnzANG="1"/>
  <Angebote AngNr="HS855" AngKurzBeschreibung="Doppelhaushälfte mit Stellplatz" AngLagebeschreibung="Empelde" AngAufDatum="2001-05-11" AngStatus="2" Konditionen="kon" AnzANG="1"/>
  <Angebote AngNr="HS856" AngKurzBeschreibung="Reihenhaus mit Garage" AngLagebeschreibung="Seelze/Harenberg" AngAufDatum="2001-05-14" AngStatus="2" Konditionen="kon" AnzANG="1"/>
  <Angebote AngNr="HS857" AngKurzBeschreibung="Stilvolle Stadtvilla an der Eilenriede/Philosophenviertel mit Garage" AngLagebeschreibung="Hannover - Kleefeld" AngAufDatum="2001-05-15" AngStatus="2" Konditionen="kon" AnzANG="1"/>
  <Angebote AngNr="HS858" AngKurzBeschreibung="Einfamilienhaus im Landhausstil" AngLagebeschreibung="Wennigsen -  OT Holtensen" AngAufDatum="2001-05-17" AngStatus="2" Konditionen="kon" AnzANG="1"/>
  <Angebote AngNr="RH379" AngKurzBeschreibung="Hotel Garni" AngLagebeschreibung="Hemmingen, OT Westerfeld" AngAufDatum="2001-05-19" AngStatus="2" Konditionen="kon" AnzANG="1"/>
  <Angebote AngNr="HS859" AngKurzBeschreibung="Einfamilienhaus mit Einliegerwohnung und gewerblichem Anbau" AngLagebeschreibung="Isernhagen  OT Altwarmbüchen" AngAufDatum="2001-05-19" AngStatus="2" Konditionen="kon" AnzANG="1"/>
  <Angebote AngNr="EI773" AngKurzBeschreibung="3-4 Zimmer-Dachgeschoßwohnung" AngLagebeschreibung="Hannover - Südstadt" AngAufDatum="2001-05-22" AngStatus="2" Konditionen="kon" AnzANG="1"/>
  <Angebote AngNr="EI774" AngKurzBeschreibung="3-Zimmer-Eigentumswohnung" AngLagebeschreibung="Hannover - Oststadt" AngAufDatum="2001-05-31" AngStatus="2" Konditionen="kon" AnzANG="1"/>
  <Angebote AngNr="RH380" AngKurzBeschreibung="Mehrfamilienhaus" AngLagebeschreibung="Hannover - Wettbergen" AngAufDatum="2001-06-01" AngStatus="2" Konditionen="kon" AnzANG="1"/>
  <Angebote AngNr="EI775" AngKurzBeschreibung="3-4-Zimmer-Eigentumswohnung" AngLagebeschreibung="Hannover - Oststadt / Nähe Wedekindplatz" AngAufDatum="2001-06-01" AngStatus="2" Konditionen="kon" AnzANG="1"/>
  <Angebote AngNr="HS860" AngKurzBeschreibung="Großzügiges Reihenhaus mit Garage" AngLagebeschreibung="Hannover - Wettbergen/West" AngAufDatum="2001-06-21" AngStatus="2" Konditionen="kon" AnzANG="1"/>
  <Angebote AngNr="HS861" AngKurzBeschreibung="Einfamilienhaus mit Doppelgarage" AngLagebeschreibung="Wedemark OT. Resse" AngAufDatum="2001-06-25" AngStatus="2" Konditionen="kon" AnzANG="2"/>
  <Angebote AngNr="HS862" AngKurzBeschreibung="Einfamilienhaus mit Garage" AngLagebeschreibung="Laatzen-Rethen" AngAufDatum="2001-06-26" AngStatus="2" Konditionen="kon" AnzANG="1"/>
  <Angebote AngNr="HS864" AngKurzBeschreibung="modernes, familienfreundliches Einfamilienhaus mit Charme" AngLagebeschreibung="Hannover - Badenstedt" AngAufDatum="2001-06-29" AngStatus="2" Konditionen="kon" AnzANG="1"/>
  <Angebote AngNr="HS863" AngKurzBeschreibung="Einfamilienhaus mit Garage" AngLagebeschreibung="Hannover - Wettbergen" AngAufDatum="2001-06-29" AngStatus="2" Konditionen="kon" AnzANG="1"/>
  <Angebote AngNr="EI776" AngKurzBeschreibung="2½-Zimmer-Eigentumswohnung" AngLagebeschreibung="Hannover - Oststadt / Gretchenstraße" AngAufDatum="2001-06-29" AngStatus="2" Konditionen="kon" AnzANG="1"/>
  <Angebote AngNr="EI777" AngKurzBeschreibung="3-4 Zimmer Eigentumswohnung" AngLagebeschreibung="Hannover - Südstadt / Nähe Bertha-von-Suttner-Platz" AngAufDatum="2001-07-03" AngStatus="2" Konditionen="kon" AnzANG="1"/>
  <Angebote AngNr="HS865" AngKurzBeschreibung="Schicke Doppelhaushälfte mit Carport" AngLagebeschreibung="Ronnenberg - Benthe" AngAufDatum="2001-07-03" AngStatus="2" Konditionen="kon" AnzANG="1"/>
  <Angebote AngNr="HS866" AngKurzBeschreibung="Modernes Reihenhaus mit Garage" AngLagebeschreibung="Ronnenberg - Empelde" AngAufDatum="2001-07-04" AngStatus="2" Konditionen="kon" AnzANG="1"/>
  <Angebote AngNr="EI778" AngKurzBeschreibung="4½ - Zimmer-Eigentumswohnung-Maisonette" AngLagebeschreibung="Hannover - Südstadt" AngAufDatum="2001-07-04" AngStatus="2" Konditionen="kon" AnzANG="1"/>
  <Angebote AngNr="EI779" AngKurzBeschreibung="3-4 Zimmer-Maisonettenwohnung mit Balkon und Dachterrasse" AngLagebeschreibung="Hannover - List" AngAufDatum="2001-07-04" AngStatus="2" Konditionen="kon" AnzANG="1"/>
  <Angebote AngNr="EI780" AngKurzBeschreibung="3-4 Zimmer Eigentumswohnung im Dachgeschoß" AngLagebeschreibung="Hannover - Südstadt / Nähe Maschsee" AngAufDatum="2001-07-04" AngStatus="2" Konditionen="kon" AnzANG="1"/>
  <Angebote AngNr="EI781" AngKurzBeschreibung="2-Zimmereigentumswohnung / Penthouse" AngLagebeschreibung="Hannover - Südstadt / Nähe Maschsee" AngAufDatum="2001-07-06" AngStatus="2" Konditionen="kon" AnzANG="1"/>
  <Angebote AngNr="HS867" AngKurzBeschreibung="Top saniertes Einfamilienhaus mit Garage" AngLagebeschreibung="Hannover - Waldheim" AngAufDatum="2001-07-09" AngStatus="2" Konditionen="kon" AnzANG="1"/>
  <Angebote AngNr="RH381" AngKurzBeschreibung="2 Wohn- und Geschäftshäuser" AngLagebeschreibung="Hannover - List" AngAufDatum="2001-07-11" AngStatus="2" Konditionen="kon" AnzANG="2"/>
  <Angebote AngNr="HS868" AngKurzBeschreibung="Familienfreundlicher Reihenbungalow mit Garage" AngLagebeschreibung="Hannover - Davenstedt" AngAufDatum="2001-07-11" AngStatus="2" Konditionen="kon" AnzANG="1"/>
  <Angebote AngNr="EI782" AngKurzBeschreibung="5-Zimmer-Eigentumswohnung" AngLagebeschreibung="Hannover - Nordstadt" AngAufDatum="2001-07-11" AngStatus="2" Konditionen="kon" AnzANG="1"/>
  <Angebote AngNr="HS869" AngKurzBeschreibung="Repräsentatives Zweifamilienhaus mit 2 Garagen u. 2 Stellplätzen in ländlicher Idylle" AngLagebeschreibung="Laatzen, OT Oesselse" AngAufDatum="2001-07-19" AngStatus="2" Konditionen="kon" AnzANG="1"/>
  <Angebote AngNr="HS870" AngKurzBeschreibung="Modernes Ein- bis Zweifamilienhaus mit Carport" AngLagebeschreibung="Ronnenberg" AngAufDatum="2001-07-20" AngStatus="2" Konditionen="kon" AnzANG="1"/>
  <Angebote AngNr="HS871" AngKurzBeschreibung="Reihenhaus mit Garage in angenehmer, ruhiger Wohnlage" AngLagebeschreibung="Hannover - Bothfeld" AngAufDatum="2001-07-23" AngStatus="2" Konditionen="kon" AnzANG="1"/>
  <Angebote AngNr="EI783" AngKurzBeschreibung="4-Zimmer-Eigentumswohnung" AngLagebeschreibung="Hannover - List / Nähe Moltkeplatz" AngAufDatum="2001-07-24" AngStatus="2" Konditionen="kon" AnzANG="1"/>
  <Angebote AngNr="HS872" AngKurzBeschreibung="Großzügiges Ein- bis Zweifamilienhaus mit Garage" AngLagebeschreibung="Pattensen, OT Schulenburg" AngAufDatum="2001-08-07" AngStatus="2" Konditionen="kon" AnzANG="1"/>
  <Angebote AngNr="EI784" AngKurzBeschreibung="3-Zimmer-Eigentumswohnung - Maisonette" AngLagebeschreibung="Hannover - Döhren / Leineinsel" AngAufDatum="2001-08-08" AngStatus="2" Konditionen="kon" AnzANG="1"/>
  <Angebote AngNr="HS873" AngKurzBeschreibung="Walmdachbungalow mit überdachter Einfahrt und 2 Garagen" AngLagebeschreibung="Lehrte" AngAufDatum="2001-08-09" AngStatus="2" Konditionen="kon" AnzANG="2"/>
  <Angebote AngNr="HS874" AngKurzBeschreibung="Einfamilienhaus mit 2 Garagen" AngLagebeschreibung="Lehrte" AngAufDatum="2001-08-09" AngStatus="2" Konditionen="kon" AnzANG="2"/>
  <Angebote AngNr="HS875" AngKurzBeschreibung="Einfamilienhaus mit Einliegerwohnung" AngLagebeschreibung="Lehrte" AngAufDatum="2001-08-10" AngStatus="2" Konditionen="kon" AnzANG="1"/>
  <Angebote AngNr="RH382" AngKurzBeschreibung="Mehrfamilienhaus" AngLagebeschreibung="Hannover - Linden/Nord" AngAufDatum="2001-08-13" AngStatus="2" Konditionen="kon" AnzANG="2"/>
  <Angebote AngNr="RH383" AngKurzBeschreibung="2 Werkstattgebäude" AngLagebeschreibung="Hannover - Südstadt" AngAufDatum="2001-08-17" AngStatus="2" Konditionen="kon" AnzANG="1"/>
  <Angebote AngNr="HS876" AngKurzBeschreibung="Einfamilienhaus mit Doppelgarage und Carport" AngLagebeschreibung="Langenhagen" AngAufDatum="2001-08-27" AngStatus="2" Konditionen="kon" AnzANG="1"/>
  <Angebote AngNr="HS877" AngKurzBeschreibung="Stilvoller Winkelbungalow mit Doppelgarage und Praxisräumen" AngLagebeschreibung="Hannover - Heideviertel" AngAufDatum="2001-08-27" AngStatus="2" Konditionen="kon" AnzANG="1"/>
  <Angebote AngNr="HS878" AngKurzBeschreibung="Einfamilienhaus mit Garage" AngLagebeschreibung="Langenhagen, OT Krähenwinkel" AngAufDatum="2001-08-27" AngStatus="2" Konditionen="kon" AnzANG="1"/>
  <Angebote AngNr="HS879" AngKurzBeschreibung="Reihenendhaus mit 2 Carports" AngLagebeschreibung="Ronnenberg" AngAufDatum="2001-08-27" AngStatus="2" Konditionen="kon" AnzANG="1"/>
  <Angebote AngNr="EI785" AngKurzBeschreibung="4-Zimmer-Eigentumswohnung" AngLagebeschreibung="Hannover - List / Nähe Lister Platz" AngAufDatum="2001-08-27" AngStatus="2" Konditionen="kon" AnzANG="1"/>
  <Angebote AngNr="HS880" AngKurzBeschreibung="Aparter Ein- bis Zweifamilienbungalow mit Garage und Carport" AngLagebeschreibung="Hannover - Alt-Wettbergen" AngAufDatum="2001-08-28" AngStatus="2" Konditionen="kon" AnzANG="1"/>
  <Angebote AngNr="EI786" AngKurzBeschreibung="4-5-Zimmer-Eigentumswohnung" AngLagebeschreibung="Hannover - Südstadt / Nähe Maschsee" AngAufDatum="2001-09-03" AngStatus="2" Konditionen="kon" AnzANG="1"/>
  <Angebote AngNr="HS881" AngKurzBeschreibung="Ein- bis Zweifamilienhaus im Landhausstil mit Doppelgarage" AngLagebeschreibung="Hannover - Isernhagen-Süd" AngAufDatum="2001-09-05" AngStatus="2" Konditionen="kon" AnzANG="1"/>
  <Angebote AngNr="HS882" AngKurzBeschreibung="Ein- bis Zweifamilienhaus mit Doppelgarage" AngLagebeschreibung="Garbsen, OT Horst" AngAufDatum="2001-09-11" AngStatus="2" Konditionen="kon" AnzANG="1"/>
  <Angebote AngNr="HS883" AngKurzBeschreibung="Familienfreundliches Einfamilienhaus mit Doppelgarage" AngLagebeschreibung="Hemmingen- OT Arnum" AngAufDatum="2001-09-25" AngStatus="2" Konditionen="kon" AnzANG="1"/>
  <Angebote AngNr="HS884" AngKurzBeschreibung="Modernes Reihenendhaus mit großer Garage" AngLagebeschreibung="Gehrden" AngAufDatum="2001-09-25" AngStatus="2" Konditionen="kon" AnzANG="1"/>
  <Angebote AngNr="HS885" AngKurzBeschreibung="Stadthaus" AngLagebeschreibung="Hannover - Kleefeld / Philosophenviertel" AngAufDatum="2001-09-27" AngStatus="2" Konditionen="kon" AnzANG="1"/>
  <Angebote AngNr="HS886" AngKurzBeschreibung="Einfamilienhaus mit Garage" AngLagebeschreibung="Hannover - Davenstedt" AngAufDatum="2001-10-02" AngStatus="2" Konditionen="kon" AnzANG="1"/>
  <Angebote AngNr="HS887" AngKurzBeschreibung="Einfamilienhaus mit Garage und Carport" AngLagebeschreibung="Seelze/Harenberg" AngAufDatum="2001-10-04" AngStatus="2" Konditionen="kon" AnzANG="1"/>
  <Angebote AngNr="HS888" AngKurzBeschreibung="Doppelhaushälfte mit Doppelgarage" AngLagebeschreibung="Sehnde/ OT Ilten" AngAufDatum="2001-10-09" AngStatus="2" Konditionen="kon" AnzANG="1"/>
  <Angebote AngNr="RH384" AngKurzBeschreibung="Mehrfamilienhaus mit Gewerbeanteil" AngLagebeschreibung="Nienburg" AngAufDatum="2001-10-09" AngStatus="2" Konditionen="kon" AnzANG="2"/>
  <Angebote AngNr="HS889" AngKurzBeschreibung="Einfamilienhaus mit Einliegerwohnung" AngLagebeschreibung="Garbsen-Berenbostel" AngAufDatum="2001-10-09" AngStatus="2" Konditionen="kon" AnzANG="1"/>
  <Angebote AngNr="HS890" AngKurzBeschreibung="Stilvolles-außergewöhnliches Einfamilienhaus mit Doppelgarage" AngLagebeschreibung="Ruhiges alteingewachsenes Wohngebiet in Großburgwedel" AngAufDatum="2001-10-10" AngStatus="2" Konditionen="kon" AnzANG="1"/>
  <Angebote AngNr="HS891" AngKurzBeschreibung="Gemütliches Einfamilienhaus mit Garage am Landschaftsschutzgebiet" AngLagebeschreibung="Hemmingen- Westefeld,  Altes Dorf" AngAufDatum="2001-10-10" AngStatus="2" Konditionen="kon" AnzANG="1"/>
  <Angebote AngNr="EI788" AngKurzBeschreibung="3-Zimmer-Maisonettenwohnung" AngLagebeschreibung="Hannover - Lister Meile" AngAufDatum="2001-10-10" AngStatus="2" Konditionen="kon" AnzANG="1"/>
  <Angebote AngNr="EI787" AngKurzBeschreibung="3-Zimmer-Eigentumswohnung" AngLagebeschreibung="Hannover - Südstadt Nähe Bertha-von-Suttner-Platz" AngAufDatum="2001-10-10" AngStatus="2" Konditionen="kon" AnzANG="1"/>
  <Angebote AngNr="EI789" AngKurzBeschreibung="4-Zimmer-Maisonettenwohnung" AngLagebeschreibung="Hannover - Lister Meile" AngAufDatum="2001-10-10" AngStatus="2" Konditionen="kon" AnzANG="1"/>
  <Angebote AngNr="EI790" AngKurzBeschreibung="5-Zimmereigentumswohnung" AngLagebeschreibung="Hannover - Lister Meile" AngAufDatum="2001-10-10" AngStatus="2" Konditionen="kon" AnzANG="1"/>
  <Angebote AngNr="EI791" AngKurzBeschreibung="Neuwertige-Komfort-Eigentumswohnung" AngLagebeschreibung="Hannover - Südstadt in Zentrumsnähe" AngAufDatum="2001-10-11" AngStatus="2" Konditionen="kon" AnzANG="1"/>
  <Angebote AngNr="EI793" AngKurzBeschreibung="5-Zimmer-Eigentumswohnung" AngLagebeschreibung="Hannover - Oststadt" AngAufDatum="2001-10-12" AngStatus="2" Konditionen="kon" AnzANG="1"/>
  <Angebote AngNr="HS892" AngKurzBeschreibung="Reihenendhaus" AngLagebeschreibung="Langenhagen-Godshorn" AngAufDatum="2001-10-12" AngStatus="2" Konditionen="kon" AnzANG="1"/>
  <Angebote AngNr="EI792" AngKurzBeschreibung="3-4-Zimmer-Dachgeschoß-Maisonette" AngLagebeschreibung="Hannover - Südstadt" AngAufDatum="2001-10-12" AngStatus="2" Konditionen="kon" AnzANG="1"/>
  <Angebote AngNr="HS895" AngKurzBeschreibung="Atrium-Bungalow oder Gartenhofbungalow" AngLagebeschreibung="Laatzen OT-Gleidingen" AngAufDatum="2001-10-15" AngStatus="2" Konditionen="kon" AnzANG="1"/>
  <Angebote AngNr="HS894" AngKurzBeschreibung="Einfamilienhaus mit Garage" AngLagebeschreibung="Isernhagen NB" AngAufDatum="2001-10-16" AngStatus="2" Konditionen="kon" AnzANG="1"/>
  <Angebote AngNr="HS893" AngKurzBeschreibung="modernes Reihenhaus" AngLagebeschreibung="Ronnenberg - Empelde" AngAufDatum="2001-10-16" AngStatus="2" Konditionen="kon" AnzANG="1"/>
  <Angebote AngNr="RH386" AngKurzBeschreibung="Mehrfamilienhaus mit Nebengebäude" AngLagebeschreibung="Gehrden" AngAufDatum="2001-10-16" AngStatus="2" Konditionen="kon" AnzANG="1"/>
  <Angebote AngNr="RH385" AngKurzBeschreibung="Mehrfamilienhaus" AngLagebeschreibung="Seelze" AngAufDatum="2001-10-16" AngStatus="2" Konditionen="kon" AnzANG="1"/>
  <Angebote AngNr="RH387" AngKurzBeschreibung="Mehrfamilienhaus" AngLagebeschreibung="Hannover - Südstadt" AngAufDatum="2001-10-17" AngStatus="2" Konditionen="kon" AnzANG="1"/>
  <Angebote AngNr="HS896" AngKurzBeschreibung="Fachwerk-Doppelhaushälfte" AngLagebeschreibung="Ronneberg OT Benthe" AngAufDatum="2001-10-19" AngStatus="2" Konditionen="kon" AnzANG="1"/>
  <Angebote AngNr="EI794" AngKurzBeschreibung="Luxuriöse 3-Zimmer-Eigentumswohnung" AngLagebeschreibung="Hannover - List, Nähe Moltkeplatz" AngAufDatum="2001-10-23" AngStatus="2" Konditionen="kon" AnzANG="1"/>
  <Angebote AngNr="EI795" AngKurzBeschreibung="3-½ Zimmer- Eigentumswohnung" AngLagebeschreibung="Südstadt - Nähe Maschsee" AngAufDatum="2001-10-23" AngStatus="2" Konditionen="kon" AnzANG="1"/>
  <Angebote AngNr="HS897" AngKurzBeschreibung="Doppelhaushälfte mit Garage" AngLagebeschreibung="Laatzen-Mitte" AngAufDatum="2001-10-23" AngStatus="2" Konditionen="kon" AnzANG="1"/>
  <Angebote AngNr="HS898" AngKurzBeschreibung="Neuwertiges Reihenhaus" AngLagebeschreibung="Hannover - Kronsberg" AngAufDatum="2001-10-26" AngStatus="2" Konditionen="kon" AnzANG="1"/>
  <Angebote AngNr="EI796" AngKurzBeschreibung="Zwei 3-Zimmer-Eigentumswohnungen, 6-Zimmer-Maisonette" AngLagebeschreibung="Hannover - Zooviertel" AngAufDatum="2001-10-29" AngStatus="2" Konditionen="kon" AnzANG="1"/>
  <Angebote AngNr="HS899" AngKurzBeschreibung="Reihenendhaus mit Garage und Wintergarten" AngLagebeschreibung="Lehrte" AngAufDatum="2001-10-30" AngStatus="2" Konditionen="kon" AnzANG="1"/>
  <Angebote AngNr="HS384" AngKurzBeschreibung="Mehrfamilienhaus" AngLagebeschreibung="Südstadt" AngAufDatum="2001-10-30" AngStatus="2" Konditionen="kon" AnzANG="1"/>
  <Angebote AngNr="HS900" AngKurzBeschreibung="Doppelhaushälfte mit Garage und Stellplatz" AngLagebeschreibung="Hannover Bothfeld" AngAufDatum="2001-10-30" AngStatus="2" Konditionen="kon" AnzANG="1"/>
  <Angebote AngNr="RH388" AngKurzBeschreibung="Mehrfamilienhaus" AngLagebeschreibung="Hannover - Südstadt" AngAufDatum="2001-11-01" AngStatus="2" Konditionen="kon" AnzANG="1"/>
  <Angebote AngNr="HS901" AngKurzBeschreibung="Freundliches, großzügiges Einfamilienhaus mit Doppelgarage" AngLagebeschreibung="Ronnenberg" AngAufDatum="2001-11-02" AngStatus="2" Konditionen="kon" AnzANG="1"/>
  <Angebote AngNr="EI801" AngKurzBeschreibung="4-Zimmermainonette" AngLagebeschreibung="Ricklingen" AngAufDatum="2001-10-28" AngStatus="2" Konditionen="kon" AnzANG="1"/>
  <Angebote AngNr="EI800" AngKurzBeschreibung="6-Zimmereigentumswohnung" AngLagebeschreibung="Oststadt" AngAufDatum="2001-10-28" AngStatus="2" Konditionen="kon" AnzANG="1"/>
  <Angebote AngNr="EI799" AngKurzBeschreibung="4 ½-Zimmereigentumswohnung" AngLagebeschreibung="Südstadt/Zoo" AngAufDatum="2001-10-28" AngStatus="2" Konditionen="kon" AnzANG="1"/>
  <Angebote AngNr="EI798" AngKurzBeschreibung="4-Zimmereigentumswohnung" AngLagebeschreibung="Leineinsel" AngAufDatum="2001-10-28" AngStatus="2" Konditionen="kon" AnzANG="1"/>
  <Angebote AngNr="EI797" AngKurzBeschreibung="4-Zimmer-Eigentumswohnung" AngLagebeschreibung="Hannover - List / Spannhagengarten" AngAufDatum="2001-10-28" AngStatus="2" Konditionen="kon" AnzANG="1"/>
  <Angebote AngNr="EI802" AngKurzBeschreibung="5-Zimmer-Eigentumswohnung" AngLagebeschreibung="Hannover - List / Nähe Lister Meile" AngAufDatum="2001-11-05" AngStatus="2" Konditionen="kon" AnzANG="1"/>
  <Angebote AngNr="EI803" AngKurzBeschreibung="4-5 Zimmer-Eigentumswohnung" AngLagebeschreibung="Ricklingen-Nähe Ricklinger Teich" AngAufDatum="2001-11-08" AngStatus="2" Konditionen="kon" AnzANG="1"/>
  <Angebote AngNr="HS902" AngKurzBeschreibung="Reihenmittelhaus in Groß- Buchholz- Nähe MHH mit Garage" AngLagebeschreibung="Groß-Buchholz" AngAufDatum="2001-11-09" AngStatus="2" Konditionen="kon" AnzANG="1"/>
  <Angebote AngNr="HS903" AngKurzBeschreibung="Doppelhaushälfte" AngLagebeschreibung="Hannover-Bothfeld" AngAufDatum="2001-11-09" AngStatus="2" Konditionen="kon" AnzANG="1"/>
  <Angebote AngNr="HS904" AngKurzBeschreibung="Luxuriöses Einfamilienhaus mit Schwimmbad und Doppelgarage" AngLagebeschreibung="Hannover - Kirchrode" AngAufDatum="2001-11-12" AngStatus="2" Konditionen="kon" AnzANG="1"/>
  <Angebote AngNr="EI804" AngKurzBeschreibung="3 Zimmer-Eigentumswohnung" AngLagebeschreibung="Oststadt" AngAufDatum="2001-11-14" AngStatus="2" Konditionen="kon" AnzANG="1"/>
  <Angebote AngNr="EI806" AngKurzBeschreibung="2 Zimmer-Eigentumswohnung" AngLagebeschreibung="Hannover-List" AngAufDatum="2001-11-14" AngStatus="2" Konditionen="kon" AnzANG="1"/>
  <Angebote AngNr="HS905" AngKurzBeschreibung="Einfamilienhaus" AngLagebeschreibung="Isernhagen/Altwarmbüchen" AngAufDatum="2001-11-16" AngStatus="2" Konditionen="kon" AnzANG="1"/>
  <Angebote AngNr="HS906" AngKurzBeschreibung="Luxuriöses Einfamilienhaus in sehr guter Lage" AngLagebeschreibung="Langenhagen/Godshorn" AngAufDatum="2001-11-16" AngStatus="2" Konditionen="kon" AnzANG="1"/>
  <Angebote AngNr="EI805" AngKurzBeschreibung="5 - Zimmer - Eigentumswohnung" AngLagebeschreibung="List - Nähe Wedekindplatz" AngAufDatum="2001-11-17" AngStatus="2" Konditionen="kon" AnzANG="1"/>
  <Angebote AngNr="RH389" AngKurzBeschreibung="Mehrfamilienhaus" AngLagebeschreibung="Hannover - Südstadt" AngAufDatum="2001-11-19" AngStatus="2" Konditionen="kon" AnzANG="1"/>
  <Angebote AngNr="RH390" AngKurzBeschreibung="20-Familien-Wohnhaus" AngLagebeschreibung="Hannover-Südstadt" AngAufDatum="2001-11-19" AngStatus="2" Konditionen="kon" AnzANG="1"/>
  <Angebote AngNr="EI807" AngKurzBeschreibung="1-Zimmer-Apartment mit Panoramablick" AngLagebeschreibung="Hannover - Zooviertel" AngAufDatum="2001-11-21" AngStatus="2" Konditionen="kon" AnzANG="1"/>
  <Angebote AngNr="RH391" AngKurzBeschreibung="Mehrfamilienhaus" AngLagebeschreibung="Südstadt" AngAufDatum="2001-11-22" AngStatus="2" Konditionen="kon" AnzANG="1"/>
  <Angebote AngNr="HS908" AngKurzBeschreibung="Reihenendhaus mit Garage" AngLagebeschreibung="Garbsen, OT Osterwald" AngAufDatum="2001-11-23" AngStatus="2" Konditionen="kon" AnzANG="2"/>
  <Angebote AngNr="HS907" AngKurzBeschreibung="Reihenendhaus" AngLagebeschreibung="Hannover-Vinnhorst" AngAufDatum="2001-11-24" AngStatus="2" Konditionen="kon" AnzANG="1"/>
  <Angebote AngNr="HS909" AngKurzBeschreibung="Gepflegtes Reihenhaus" AngLagebeschreibung="Hannover - Wettbergen" AngAufDatum="2001-11-24" AngStatus="2" Konditionen="kon" AnzANG="1"/>
  <Angebote AngNr="HS910" AngKurzBeschreibung="Einfamilienhaus" AngLagebeschreibung="Laatzen - OT Rethen" AngAufDatum="2001-11-24" AngStatus="2" Konditionen="kon" AnzANG="1"/>
  <Angebote AngNr="EI808" AngKurzBeschreibung="4-Zimmer-Eigentumswohnung" AngLagebeschreibung="Hannover - Zooviertel / Top Lage" AngAufDatum="2001-11-24" AngStatus="2" Konditionen="kon" AnzANG="1"/>
  <Angebote AngNr="RH392" AngKurzBeschreibung="Wohn- und Geschäftshaus" AngLagebeschreibung="Hannover - Mitte" AngAufDatum="2001-11-26" AngStatus="2" Konditionen="kon" AnzANG="1"/>
  <Angebote AngNr="HS911" AngKurzBeschreibung="Reihenhaus" AngLagebeschreibung="Langenhagen" AngAufDatum="2001-11-27" AngStatus="2" Konditionen="kon" AnzANG="1"/>
  <Angebote AngNr="HS912" AngKurzBeschreibung="Reihenmittelhaus" AngLagebeschreibung="Hannover - Groß-Buchholz" AngAufDatum="2001-11-28" AngStatus="2" Konditionen="kon" AnzANG="1"/>
  <Angebote AngNr="EI809" AngKurzBeschreibung="Traumhafte Penthouse-Wohnung" AngLagebeschreibung="Hannover - Waldhausen" AngAufDatum="2001-12-03" AngStatus="2" Konditionen="kon" AnzANG="1"/>
  <Angebote AngNr="HS913" AngKurzBeschreibung="Reihenhaus auf versetzten Ebenen mit Garage" AngLagebeschreibung="Hemmingen - Westerfeld (Altes Dorf)" AngAufDatum="2001-12-04" AngStatus="2" Konditionen="kon" AnzANG="1"/>
  <Angebote AngNr="EI810" AngKurzBeschreibung="2-Zimmer-Eigentumswohnung" AngLagebeschreibung="Hannover - Misburg" AngAufDatum="2001-12-04" AngStatus="2" Konditionen="kon" AnzANG="1"/>
  <Angebote AngNr="EI811" AngKurzBeschreibung="4-5-Zimmer-Eigentumswohnung" AngLagebeschreibung="Hannover - Döhren/Wülfel" AngAufDatum="2001-12-04" AngStatus="2" Konditionen="kon" AnzANG="1"/>
  <Angebote AngNr="EI812" AngKurzBeschreibung="1-Zimmer-Apartement" AngLagebeschreibung="Südstadt" AngAufDatum="2001-12-05" AngStatus="2" Konditionen="kon" AnzANG="1"/>
  <Angebote AngNr="EI813" AngKurzBeschreibung="2-Zimmer-Eigentumswohnung" AngLagebeschreibung="Südstadt" AngAufDatum="2001-12-05" AngStatus="2" Konditionen="kon" AnzANG="1"/>
  <Angebote AngNr="EI814" AngKurzBeschreibung="2-Zimmer-Eigentumswohnung" AngLagebeschreibung="Hannover - Südstadt" AngAufDatum="2001-12-05" AngStatus="2" Konditionen="kon" AnzANG="1"/>
  <Angebote AngNr="EI815" AngKurzBeschreibung="3-Zimmer-Eigentumswohnung" AngLagebeschreibung="Hannover - Südstadt" AngAufDatum="2001-12-05" AngStatus="2" Konditionen="kon" AnzANG="1"/>
  <Angebote AngNr="HS914" AngKurzBeschreibung="Großzügiges Ein- bis Zweifamilienhaus mit Garage" AngLagebeschreibung="Hemmingen, OT Westerfeld" AngAufDatum="2001-12-10" AngStatus="2" Konditionen="kon" AnzANG="1"/>
  <Angebote AngNr="EI816" AngKurzBeschreibung="5-Zimmer-Eigentumswohnung" AngLagebeschreibung="Hannover - Südstadt / Nähe Stephansplatz" AngAufDatum="2001-12-13" AngStatus="2" Konditionen="kon" AnzANG="1"/>
  <Angebote AngNr="HS915" AngKurzBeschreibung="Modernes Reihenendhaus mit Doppel-Carport in grüner Umgebung" AngLagebeschreibung="Pattensen" AngAufDatum="2001-12-14" AngStatus="2" Konditionen="kon" AnzANG="1"/>
  <Angebote AngNr="EI817" AngKurzBeschreibung="3-Zimmer-Eigentumswohnung" AngLagebeschreibung="Hannover - Vahrenwald/List  Am Vahrenwalder Park" AngAufDatum="2001-12-17" AngStatus="2" Konditionen="kon" AnzANG="2"/>
  <Angebote AngNr="EI821" AngKurzBeschreibung="6-Zimmer-Eigentumswohnung" AngLagebeschreibung="Hannover - Oststadt / Nähe Eilenriede" AngAufDatum="2001-12-19" AngStatus="2" Konditionen="kon" AnzANG="1"/>
  <Angebote AngNr="EI822" AngKurzBeschreibung="5-Zimmer-Eigentumswohnung" AngLagebeschreibung="Hannover-List" AngAufDatum="2001-12-20" AngStatus="2" Konditionen="kon" AnzANG="1"/>
  <Angebote AngNr="HS916" AngKurzBeschreibung="Neuwertiges Einfamilienhaus" AngLagebeschreibung="Pattensen OT Reden" AngAufDatum="2001-12-20" AngStatus="2" Konditionen="kon" AnzANG="1"/>
  <Angebote AngNr="EI820" AngKurzBeschreibung="5-Zimmer-Eigentumswohnung" AngLagebeschreibung="Hannover-Davenstedt" AngAufDatum="2002-01-07" AngStatus="2" Konditionen="kon" AnzANG="1"/>
  <Angebote AngNr="EI818" AngKurzBeschreibung="2-Zimmer-Dachgeschoßwohnung" AngLagebeschreibung="Hannover-List" AngAufDatum="2002-01-07" AngStatus="2" Konditionen="kon" AnzANG="1"/>
  <Angebote AngNr="RH393" AngKurzBeschreibung="Appartmenthaus &quot;Betreutes Wohnen&quot;" AngLagebeschreibung="Hannover - Kleefeld" AngAufDatum="2002-01-07" AngStatus="2" Konditionen="kon" AnzANG="1"/>
  <Angebote AngNr="EI819" AngKurzBeschreibung="4-Zimmer-Eigentumswohnung" AngLagebeschreibung="Hannover - Linden/Mitte" AngAufDatum="2002-01-07" AngStatus="2" Konditionen="kon" AnzANG="1"/>
  <Angebote AngNr="EI824" AngKurzBeschreibung="4-Zimmer-Eigentumswohnung" AngLagebeschreibung="Hannover-Zooviertel" AngAufDatum="2002-01-08" AngStatus="2" Konditionen="kon" AnzANG="1"/>
  <Angebote AngNr="EI823" AngKurzBeschreibung="6-Zimmer-Eigentumswohnung" AngLagebeschreibung="Hannover-List" AngAufDatum="2002-01-08" AngStatus="2" Konditionen="kon" AnzANG="1"/>
  <Angebote AngNr="EI825" AngKurzBeschreibung="2-3-Zimmer-Eigentumswohnung" AngLagebeschreibung="Hannover-Misburg" AngAufDatum="2002-01-08" AngStatus="2" Konditionen="kon" AnzANG="1"/>
  <Angebote AngNr="RH394" AngKurzBeschreibung="Mehrfamilienhaus" AngLagebeschreibung="Hannover-Oststadt (Eilenriedenähe)" AngAufDatum="2002-01-09" AngStatus="2" Konditionen="kon" AnzANG="1"/>
  <Angebote AngNr="HS917" AngKurzBeschreibung="Apartes Architektenhaus mit Garage" AngLagebeschreibung="Pattensen" AngAufDatum="2002-01-09" AngStatus="2" Konditionen="kon" AnzANG="1"/>
  <Angebote AngNr="EI826" AngKurzBeschreibung="2-3-Zimmer-Komfort-Eigentumswohnung" AngLagebeschreibung="Hannover - Zooviertel / Eilenriede" AngAufDatum="2002-01-11" AngStatus="2" Konditionen="kon" AnzANG="1"/>
  <Angebote AngNr="EI828" AngKurzBeschreibung="4-Zimmer-Eigentumswohnung" AngLagebeschreibung="Hannover - List / Eilenriede" AngAufDatum="2002-01-16" AngStatus="2" Konditionen="kon" AnzANG="1"/>
  <Angebote AngNr="HS918" AngKurzBeschreibung="Einfamilienhaus in idyllischer Lage" AngLagebeschreibung="Gartenstadt Lohne" AngAufDatum="2002-01-17" AngStatus="2" Konditionen="kon" AnzANG="1"/>
  <Angebote AngNr="HS919" AngKurzBeschreibung="Bungalow integriert in eine Wohneigentümeranlage (Terrassenhaus)" AngLagebeschreibung="Hannover - Wettbergen" AngAufDatum="2002-01-18" AngStatus="2" Konditionen="kon" AnzANG="1"/>
  <Angebote AngNr="HS920" AngKurzBeschreibung="Familienfreundliches Einfamilienhaus mit Garage" AngLagebeschreibung="Großburgwedel" AngAufDatum="2002-01-21" AngStatus="2" Konditionen="kon" AnzANG="1"/>
  <Angebote AngNr="EI827" AngKurzBeschreibung="2-3 Zimmer-Eigentumswohnung" AngLagebeschreibung="Hannover-Nordstadt" AngAufDatum="2002-01-24" AngStatus="2" Konditionen="kon" AnzANG="1"/>
  <Angebote AngNr="HS921" AngKurzBeschreibung="Exklusives Wohnensemble in exponierter Lage" AngLagebeschreibung="Hannover - Kirchrode" AngAufDatum="2002-02-01" AngStatus="2" Konditionen="kon" AnzANG="1"/>
  <Angebote AngNr="HS922" AngKurzBeschreibung="Einfamilienhaus mit Garage und Stellplatz" AngLagebeschreibung="Hannover-Misburg" AngAufDatum="2002-02-01" AngStatus="2" Konditionen="kon" AnzANG="1"/>
  <Angebote AngNr="EI829" AngKurzBeschreibung="3-Zimmer-Eigentumswohnung" AngLagebeschreibung="Hannover-Misburg" AngAufDatum="2002-02-05" AngStatus="2" Konditionen="kon" AnzANG="1"/>
  <Angebote AngNr="HS923" AngKurzBeschreibung="Reihenendhaus auf versetzten Ebenen mit PKW-Stellplatz" AngLagebeschreibung="Gartenstadt Lohne" AngAufDatum="2002-02-07" AngStatus="2" Konditionen="kon" AnzANG="1"/>
  <Angebote AngNr="RH395" AngKurzBeschreibung="Mehrfamilienhaus" AngLagebeschreibung="Linden-Mitte" AngAufDatum="2002-02-13" AngStatus="2" Konditionen="kon" AnzANG="1"/>
  <Angebote AngNr="HS924" AngKurzBeschreibung="Reihenmittelhaus" AngLagebeschreibung="Ronnenberg" AngAufDatum="2002-02-13" AngStatus="2" Konditionen="kon" AnzANG="1"/>
  <Angebote AngNr="EI831" AngKurzBeschreibung="2-Zimmer-Eigentumswohnung" AngLagebeschreibung="Hannover - Südstadt" AngAufDatum="2002-02-13" AngStatus="2" Konditionen="kon" AnzANG="1"/>
  <Angebote AngNr="HS925" AngKurzBeschreibung="Großzügiges Einfamilienhaus mit Garage und Doppelcarport" AngLagebeschreibung="Hannover - Wettbergen" AngAufDatum="2002-02-13" AngStatus="2" Konditionen="kon" AnzANG="1"/>
  <Angebote AngNr="EI830" AngKurzBeschreibung="3-Zimmer-Eigentumswohnung mit großer Wohnküche" AngLagebeschreibung="Hannover - Südstadt" AngAufDatum="2002-02-14" AngStatus="2" Konditionen="kon" AnzANG="1"/>
  <Angebote AngNr="HS926" AngKurzBeschreibung="Charmantes Reihenhaus mit Garage" AngLagebeschreibung="Isernhagen-Altwarmbüchen" AngAufDatum="2002-02-14" AngStatus="2" Konditionen="kon" AnzANG="1"/>
  <Angebote AngNr="HS927" AngKurzBeschreibung="Charmantes Reihenhaus" AngLagebeschreibung="Hannover-Zooviertel" AngAufDatum="2002-02-15" AngStatus="2" Konditionen="kon" AnzANG="1"/>
  <Angebote AngNr="HS929" AngKurzBeschreibung="Gemütliches RMH in ruhiger, stadtnaher Lage auf sonnigem Grundstück" AngLagebeschreibung="Hannover-Oberricklingen" AngAufDatum="2002-02-20" AngStatus="2" Konditionen="kon" AnzANG="1"/>
  <Angebote AngNr="HS930" AngKurzBeschreibung="Reihenhaus mit Garage" AngLagebeschreibung="Langenhagen-Mitte" AngAufDatum="2002-02-21" AngStatus="2" Konditionen="kon" AnzANG="1"/>
  <Angebote AngNr="HS931" AngKurzBeschreibung="Reihenmittelhaus mit Garage" AngLagebeschreibung="Hannover-Bornum" AngAufDatum="2002-02-22" AngStatus="2" Konditionen="kon" AnzANG="1"/>
  <Angebote AngNr="HS932" AngKurzBeschreibung="Einfamilienhaus mit Garage" AngLagebeschreibung="Laatzen-Rethen" AngAufDatum="2002-02-25" AngStatus="2" Konditionen="kon" AnzANG="1"/>
  <Angebote AngNr="HS933" AngKurzBeschreibung="Reihenmittelhaus mit Garage" AngLagebeschreibung="Laatzen-Rethen" AngAufDatum="2002-02-26" AngStatus="2" Konditionen="kon" AnzANG="1"/>
  <Angebote AngNr="RH396" AngKurzBeschreibung="Appartementhaus" AngLagebeschreibung="Laatzen" AngAufDatum="2002-02-27" AngStatus="2" Konditionen="kon" AnzANG="1"/>
  <Angebote AngNr="EI832" AngKurzBeschreibung="3-Zimmer-Eigentumswohnung" AngLagebeschreibung="Hannover-Ricklingen" AngAufDatum="2002-03-05" AngStatus="2" Konditionen="kon" AnzANG="1"/>
  <Angebote AngNr="EI833" AngKurzBeschreibung="2-Zimmer-Eigentumswohnung" AngLagebeschreibung="Hannover - Zooviertel" AngAufDatum="2002-03-06" AngStatus="2" Konditionen="kon" AnzANG="1"/>
  <Angebote AngNr="EI834" AngKurzBeschreibung="3-Zimmer-Eigentumswohnung" AngLagebeschreibung="Hannover-Mitte" AngAufDatum="2002-03-07" AngStatus="2" Konditionen="kon" AnzANG="1"/>
  <Angebote AngNr="EI835" AngKurzBeschreibung="5-6-Zimmer-Penthouse" AngLagebeschreibung="Hannover - Heideviertel" AngAufDatum="2002-03-07" AngStatus="2" Konditionen="kon" AnzANG="1"/>
  <Angebote AngNr="EI836" AngKurzBeschreibung="5-Zimmer-Eigentumswohnung" AngLagebeschreibung="Hannover - List" AngAufDatum="2002-03-08" AngStatus="2" Konditionen="kon" AnzANG="1"/>
  <Angebote AngNr="HS934" AngKurzBeschreibung="Interessantes Einfamilienhaus auf versetzten Ebenen" AngLagebeschreibung="Sarstedt" AngAufDatum="2002-03-12" AngStatus="2" Konditionen="kon" AnzANG="1"/>
  <Angebote AngNr="HS928" AngKurzBeschreibung="1-2-Familien-Haus im Bungalowstil mit Garage" AngLagebeschreibung="Hannover-Herrenhausen (Ledeburg)" AngAufDatum="2002-03-13" AngStatus="2" Konditionen="kon" AnzANG="1"/>
  <Angebote AngNr="EI837" AngKurzBeschreibung="3-Zimmer-Eigentumswohnung" AngLagebeschreibung="Hannover - Oststadt" AngAufDatum="2002-03-19" AngStatus="2" Konditionen="kon" AnzANG="1"/>
  <Angebote AngNr="EI838" AngKurzBeschreibung="3-Zimmer-Eigentumswohnung" AngLagebeschreibung="Hannover-Oststadt" AngAufDatum="2002-03-19" AngStatus="2" Konditionen="kon" AnzANG="1"/>
  <Angebote AngNr="EI839" AngKurzBeschreibung="2-Zimmer-Eigentumswohnung" AngLagebeschreibung="Hannover-Hainholz" AngAufDatum="2002-03-20" AngStatus="2" Konditionen="kon" AnzANG="1"/>
  <Angebote AngNr="EI840" AngKurzBeschreibung="3-4 - Zimmer-Penthouse mit Gemeinschaftspool" AngLagebeschreibung="Hannover - Anderten" AngAufDatum="2002-03-21" AngStatus="2" Konditionen="kon" AnzANG="2"/>
  <Angebote AngNr="EI841" AngKurzBeschreibung="3-Zimmer-Eigentumswohnung" AngLagebeschreibung="Hannover - Nordstadt" AngAufDatum="2002-03-22" AngStatus="2" Konditionen="kon" AnzANG="1"/>
  <Angebote AngNr="EI842" AngKurzBeschreibung="5-Zimmer-Maisonettewohnung" AngLagebeschreibung="Hannover - Linden" AngAufDatum="2002-03-22" AngStatus="2" Konditionen="kon" AnzANG="1"/>
  <Angebote AngNr="EI843" AngKurzBeschreibung="3-Zimmer-Eigentumswohnung" AngLagebeschreibung="Hannover - List" AngAufDatum="2002-03-22" AngStatus="2" Konditionen="kon" AnzANG="1"/>
  <Angebote AngNr="HS935" AngKurzBeschreibung="Ein- bis Zweifamilienhaus mit Carport" AngLagebeschreibung="Garbsen, OT Berenbostel" AngAufDatum="2002-03-22" AngStatus="2" Konditionen="kon" AnzANG="1"/>
  <Angebote AngNr="EI844" AngKurzBeschreibung="2-3-Zimmer-Eigentumswohnung" AngLagebeschreibung="Hannover - Ahlem" AngAufDatum="2002-03-22" AngStatus="2" Konditionen="kon" AnzANG="1"/>
  <Angebote AngNr="HS936" AngKurzBeschreibung="Architekten-DHH mit Garage" AngLagebeschreibung="Hannover - Bothfeld" AngAufDatum="2002-03-25" AngStatus="2" Konditionen="kon" AnzANG="1"/>
  <Angebote AngNr="HS937" AngKurzBeschreibung="Einfamilienhaus mit Garage" AngLagebeschreibung="Hannover - Heideviertel" AngAufDatum="2002-03-25" AngStatus="2" Konditionen="kon" AnzANG="1"/>
  <Angebote AngNr="HS938" AngKurzBeschreibung="Walmdach -  Bungalow" AngLagebeschreibung="Garbsen, OT Stelingen" AngAufDatum="2002-03-25" AngStatus="2" Konditionen="kon" AnzANG="1"/>
  <Angebote AngNr="EI845" AngKurzBeschreibung="5-Zimmer-Eigentumswohnung" AngLagebeschreibung="Hannover - Waldhausen" AngAufDatum="2002-03-26" AngStatus="2" Konditionen="kon" AnzANG="1"/>
  <Angebote AngNr="EI846" AngKurzBeschreibung="2-Zimmer-Eigentumswohnung mit großer Terrasse" AngLagebeschreibung="Hannover - Döhren/Leineinsel" AngAufDatum="2002-03-27" AngStatus="2" Konditionen="kon" AnzANG="1"/>
  <Angebote AngNr="EI847" AngKurzBeschreibung="3-Zimmer-Eigentumswohnung" AngLagebeschreibung="Hannover - List" AngAufDatum="2002-03-27" AngStatus="2" Konditionen="kon" AnzANG="1"/>
  <Angebote AngNr="HS939" AngKurzBeschreibung="Zweifamilienhaus mit 2 Garagen" AngLagebeschreibung="Hannover - Ledeburg" AngAufDatum="2002-03-28" AngStatus="2" Konditionen="kon" AnzANG="1"/>
  <Angebote AngNr="EI848" AngKurzBeschreibung="2-Zimmer-Eigentumswohnung" AngLagebeschreibung="Hannover - List" AngAufDatum="2002-04-03" AngStatus="2" Konditionen="kon" AnzANG="1"/>
  <Angebote AngNr="EI849" AngKurzBeschreibung="4-Zimmer-Eigentumswohnung" AngLagebeschreibung="Hannover - Mittelfeld / Nähe Messe" AngAufDatum="2002-04-03" AngStatus="2" Konditionen="kon" AnzANG="1"/>
  <Angebote AngNr="EI850" AngKurzBeschreibung="2-Zimmer-Eigentumswohnung" AngLagebeschreibung="Hannover - Oststadt" AngAufDatum="2002-04-03" AngStatus="2" Konditionen="kon" AnzANG="1"/>
  <Angebote AngNr="EI851" AngKurzBeschreibung="4-5-Zimmer-Eigentumswohnung" AngLagebeschreibung="Hannover - List" AngAufDatum="2002-04-04" AngStatus="2" Konditionen="kon" AnzANG="1"/>
  <Angebote AngNr="EI852" AngKurzBeschreibung="2-Zimmer-Eigentumswohnung" AngLagebeschreibung="Hannover - List" AngAufDatum="2002-04-05" AngStatus="2" Konditionen="kon" AnzANG="1"/>
  <Angebote AngNr="EI853" AngKurzBeschreibung="3-Zimmer-Eigentumswohnung" AngLagebeschreibung="Hannover - Sahlkamp" AngAufDatum="2002-04-05" AngStatus="2" Konditionen="kon" AnzANG="1"/>
  <Angebote AngNr="EI854" AngKurzBeschreibung="4-Zimmer-Maisonettenwohnung" AngLagebeschreibung="Laatzen, OT Rethen" AngAufDatum="2002-04-05" AngStatus="2" Konditionen="kon" AnzANG="1"/>
  <Angebote AngNr="HS940" AngKurzBeschreibung="Apartes Einfamilienhaus in allerbester Wohnlage" AngLagebeschreibung="Hemmingen, Nähe Ricklinger Holz" AngAufDatum="2002-04-09" AngStatus="2" Konditionen="kon" AnzANG="1"/>
  <Angebote AngNr="EI855" AngKurzBeschreibung="2-Zimmer-Eigentumswohnung" AngLagebeschreibung="Hannover - Vahrenwald" AngAufDatum="2002-04-09" AngStatus="2" Konditionen="kon" AnzANG="1"/>
  <Angebote AngNr="EI856" AngKurzBeschreibung="2-Zimmer-Eigentumswohnung" AngLagebeschreibung="Hannover - Döhren" AngAufDatum="2002-04-18" AngStatus="2" Konditionen="kon" AnzANG="1"/>
  <Angebote AngNr="EI857" AngKurzBeschreibung="3-Zimmer-Eigentumswohnung" AngLagebeschreibung="Hannover - Bothfeld" AngAufDatum="2002-04-19" AngStatus="2" Konditionen="kon" AnzANG="1"/>
  <Angebote AngNr="HS941" AngKurzBeschreibung="Apartes Reihenmittelhaus mit Garage in begehrter Wohnlage" AngLagebeschreibung="Isernhagen - Altwarmbüchen" AngAufDatum="2002-04-19" AngStatus="2" Konditionen="kon" AnzANG="1"/>
  <Angebote AngNr="HS942" AngKurzBeschreibung="Doppelhaushälfte mit Garage" AngLagebeschreibung="Lehrte" AngAufDatum="2002-04-19" AngStatus="2" Konditionen="kon" AnzANG="1"/>
  <Angebote AngNr="EI864" AngKurzBeschreibung="3-Zimmer-Eigentumswohnung" AngLagebeschreibung="Hannover - Döhren / Leineinsel" AngAufDatum="2002-04-23" AngStatus="2" Konditionen="kon" AnzANG="1"/>
  <Angebote AngNr="EI858" AngKurzBeschreibung="2-Zimmer-Eigentumswohnung" AngLagebeschreibung="Hannover - Linden/Süd" AngAufDatum="2002-04-23" AngStatus="2" Konditionen="kon" AnzANG="1"/>
  <Angebote AngNr="EI863" AngKurzBeschreibung="3-Zimmer-Eigentumswohnung" AngLagebeschreibung="Hannover - Kleefeld" AngAufDatum="2002-04-23" AngStatus="2" Konditionen="kon" AnzANG="1"/>
  <Angebote AngNr="EI859" AngKurzBeschreibung="2½-Zimmer-Eigentumswohnung" AngLagebeschreibung="Hannover - List" AngAufDatum="2002-04-23" AngStatus="2" Konditionen="kon" AnzANG="1"/>
  <Angebote AngNr="EI860" AngKurzBeschreibung="2-Zimmer-Eigentumswohnung" AngLagebeschreibung="Hannover - List" AngAufDatum="2002-04-23" AngStatus="2" Konditionen="kon" AnzANG="1"/>
  <Angebote AngNr="EI861" AngKurzBeschreibung="4-Zimmer-Eigentumswohnung" AngLagebeschreibung="Hannover - Buchholz" AngAufDatum="2002-04-23" AngStatus="2" Konditionen="kon" AnzANG="1"/>
  <Angebote AngNr="EI862" AngKurzBeschreibung="2-Zimmer-Eigentumswohnung" AngLagebeschreibung="Hannover - Misburg/Nord" AngAufDatum="2002-04-23" AngStatus="2" Konditionen="kon" AnzANG="1"/>
  <Angebote AngNr="EI865" AngKurzBeschreibung="3-Zimmer-Eigentumswohnung" AngLagebeschreibung="Hannover - List" AngAufDatum="2002-04-26" AngStatus="2" Konditionen="kon" AnzANG="1"/>
  <Angebote AngNr="RH397" AngKurzBeschreibung="Grundstücke für Reihenhausbebauung" AngLagebeschreibung="Empelde" AngAufDatum="2002-05-06" AngStatus="2" Konditionen="kon" AnzANG="1"/>
  <Angebote AngNr="EI866" AngKurzBeschreibung="5-Zimmer-Dachgeschoßwohnung" AngLagebeschreibung="Hannover - Zentrum" AngAufDatum="2002-05-07" AngStatus="2" Konditionen="kon" AnzANG="1"/>
  <Angebote AngNr="EI867" AngKurzBeschreibung="4-Zimmer-Eigentumswohnung" AngLagebeschreibung="Hannover - Bothfeld" AngAufDatum="2002-05-07" AngStatus="2" Konditionen="kon" AnzANG="1"/>
  <Angebote AngNr="EI868" AngKurzBeschreibung="5-Zimmer-Eigentumswohnung" AngLagebeschreibung="Hannover - Oststadt" AngAufDatum="2002-05-07" AngStatus="2" Konditionen="kon" AnzANG="1"/>
  <Angebote AngNr="HS943" AngKurzBeschreibung="Großzügiges Ein- bis Zweifamilienhaus mit Garage auf schönem, sonnigen Grundstück" AngLagebeschreibung="Hannover - Sahlkamp" AngAufDatum="2002-05-07" AngStatus="2" Konditionen="kon" AnzANG="1"/>
  <Angebote AngNr="EI869" AngKurzBeschreibung="5-Zimmer-Maisonette-Eigentumswohnung" AngLagebeschreibung="Hannover - Südstadt" AngAufDatum="2002-05-08" AngStatus="2" Konditionen="kon" AnzANG="1"/>
  <Angebote AngNr="EI872" AngKurzBeschreibung="2-Zimmer-Eigentumswohnung" AngLagebeschreibung="Hannover - List" AngAufDatum="2002-05-08" AngStatus="2" Konditionen="kon" AnzANG="1"/>
  <Angebote AngNr="EI871" AngKurzBeschreibung="3-Zimmer-Eigentumswohnung" AngLagebeschreibung="Hannover - Kleefeld" AngAufDatum="2002-05-08" AngStatus="2" Konditionen="kon" AnzANG="1"/>
  <Angebote AngNr="EI870" AngKurzBeschreibung="3-Zimmer-Eigentumswohnung" AngLagebeschreibung="Hannover - Groß-Buchholz" AngAufDatum="2002-05-08" AngStatus="2" Konditionen="kon" AnzANG="1"/>
  <Angebote AngNr="RH398" AngKurzBeschreibung="Bauplatz" AngLagebeschreibung="Hannover-Misburg" AngAufDatum="2002-05-08" AngStatus="2" Konditionen="kon" AnzANG="1"/>
  <Angebote AngNr="HS944" AngKurzBeschreibung="Wunderschönes Einfamilienhaus auf sonnigem Grundstück" AngLagebeschreibung="Hannover - Ricklingen/Wettbergen" AngAufDatum="2002-05-08" AngStatus="2" Konditionen="kon" AnzANG="1"/>
  <Angebote AngNr="HS945" AngKurzBeschreibung="Großzügiges Reihenendhaus mit Garage" AngLagebeschreibung="Garbsen - Auf der Horst" AngAufDatum="2002-05-14" AngStatus="2" Konditionen="kon" AnzANG="1"/>
  <Angebote AngNr="EI873" AngKurzBeschreibung="3-Zimmer-Eigentumswohnung" AngLagebeschreibung="Hannover - Zooviertel" AngAufDatum="2002-05-14" AngStatus="2" Konditionen="kon" AnzANG="1"/>
  <Angebote AngNr="HS946" AngKurzBeschreibung="Außergewöhnliches, komfortables Holzhaus" AngLagebeschreibung="Garbsen, OT Osterwald" AngAufDatum="2002-05-15" AngStatus="2" Konditionen="kon" AnzANG="1"/>
  <Angebote AngNr="EI874" AngKurzBeschreibung="3-Zimmer-Eigentumswohnung" AngLagebeschreibung="Hannover - Südstadt" AngAufDatum="2002-05-15" AngStatus="2" Konditionen="kon" AnzANG="1"/>
  <Angebote AngNr="EI875" AngKurzBeschreibung="4-Zimmer-Eigentumswohnung" AngLagebeschreibung="Hannover - Misburg/Nord" AngAufDatum="2002-05-15" AngStatus="2" Konditionen="kon" AnzANG="1"/>
  <Angebote AngNr="EI876" AngKurzBeschreibung="3½-Zimmer-Eigentumswohnung" AngLagebeschreibung="Hannover - Groß Buchholz" AngAufDatum="2002-05-15" AngStatus="2" Konditionen="kon" AnzANG="1"/>
  <Angebote AngNr="EI877" AngKurzBeschreibung="3-Zimmer-Eigentumswohnung" AngLagebeschreibung="Hannover - Zentrum" AngAufDatum="2002-05-16" AngStatus="2" Konditionen="kon" AnzANG="1"/>
  <Angebote AngNr="EI878" AngKurzBeschreibung="3-Zimmer-Eigentumswohnung" AngLagebeschreibung="Hemmingen, OT Arnum" AngAufDatum="2002-05-17" AngStatus="2" Konditionen="kon" AnzANG="1"/>
  <Angebote AngNr="EI879" AngKurzBeschreibung="4-5-Zimmer-Eigentumswohnung" AngLagebeschreibung="Hannover - List" AngAufDatum="2002-05-21" AngStatus="2" Konditionen="kon" AnzANG="1"/>
  <Angebote AngNr="EI880" AngKurzBeschreibung="4-Zimmer-Eigentumswohnung" AngLagebeschreibung="Ronnenberg" AngAufDatum="2002-05-22" AngStatus="2" Konditionen="kon" AnzANG="1"/>
  <Angebote AngNr="RH399" AngKurzBeschreibung="3 Mehrfamilien-Wohnhäuser" AngLagebeschreibung="Hannover - Südstadt" AngAufDatum="2002-05-23" AngStatus="2" Konditionen="kon" AnzANG="3"/>
  <Angebote AngNr="RH400" AngKurzBeschreibung="12-Familien-Wohnhaus" AngLagebeschreibung="Hannover - Südstadt" AngAufDatum="2002-05-23" AngStatus="2" Konditionen="kon" AnzANG="1"/>
  <Angebote AngNr="HS947" AngKurzBeschreibung="Repräsentatives Einfamilienhaus mit Doppelgarage auf Traumgrundstück" AngLagebeschreibung="Wedemark, OT Bissendorf/Wietze" AngAufDatum="2002-05-23" AngStatus="2" Konditionen="kon" AnzANG="1"/>
  <Angebote AngNr="HS948" AngKurzBeschreibung="Modernes Einfamilienhaus mit Garage" AngLagebeschreibung="Lehrte" AngAufDatum="2002-05-28" AngStatus="2" Konditionen="kon" AnzANG="1"/>
  <Angebote AngNr="EI881" AngKurzBeschreibung="3-Zimmer-Eigentumswohnung" AngLagebeschreibung="Hannover - Döhren" AngAufDatum="2002-05-28" AngStatus="2" Konditionen="kon" AnzANG="1"/>
  <Angebote AngNr="HS949" AngKurzBeschreibung="Großzügiger Bungalow mit Einliegerwohnung auf sonnigem Grundstück" AngLagebeschreibung="Hannover - Buchholz / Nähe Oststadt-Krankenhaus" AngAufDatum="2002-05-29" AngStatus="2" Konditionen="kon" AnzANG="1"/>
  <Angebote AngNr="EI882" AngKurzBeschreibung="4-Zimmer-DG-Eigentumswohnung" AngLagebeschreibung="Hannover - Zooviertel" AngAufDatum="2002-05-29" AngStatus="2" Konditionen="kon" AnzANG="1"/>
  <Angebote AngNr="HS950" AngKurzBeschreibung="Wunderschönes Einfamilienhaus mit Garage auf Traumgrundstück" AngLagebeschreibung="Hannover - Buchholz" AngAufDatum="2002-05-30" AngStatus="2" Konditionen="kon" AnzANG="1"/>
  <Angebote AngNr="HS951" AngKurzBeschreibung="Großzügiges Ein- bis Zweifamilienhaus mit Garage und Carport" AngLagebeschreibung="Garbsen, OT Berenbostel" AngAufDatum="2002-05-31" AngStatus="2" Konditionen="kon" AnzANG="1"/>
  <Angebote AngNr="HS952" AngKurzBeschreibung="Großzügiges Reihenhaus mit Garage in begehrter Wohnlage" AngLagebeschreibung="Laatzen - Mitte" AngAufDatum="2002-06-04" AngStatus="2" Konditionen="kon" AnzANG="1"/>
  <Angebote AngNr="EI883" AngKurzBeschreibung="3-Zimmer-Eigentumswohnung" AngLagebeschreibung="Hannover - Oststadt / Nähe Eilenriede" AngAufDatum="2002-06-04" AngStatus="2" Konditionen="kon" AnzANG="1"/>
  <Angebote AngNr="EI884" AngKurzBeschreibung="3-Zimmer-Maisonette mit großer Terrasse" AngLagebeschreibung="Hannover - Oststadt / Nähe Eilenriede" AngAufDatum="2002-06-04" AngStatus="2" Konditionen="kon" AnzANG="1"/>
  <Angebote AngNr="EI885" AngKurzBeschreibung="3-Zimmer-Eigentumswohnung" AngLagebeschreibung="Hannover - List" AngAufDatum="2002-06-05" AngStatus="2" Konditionen="kon" AnzANG="1"/>
  <Angebote AngNr="EI886" AngKurzBeschreibung="3-Zimmer-Eigentumswohnung" AngLagebeschreibung="Hannover - List" AngAufDatum="2002-06-05" AngStatus="2" Konditionen="kon" AnzANG="1"/>
  <Angebote AngNr="RH401" AngKurzBeschreibung="Gewerbeobjekt (Tankstelle mit angrenzenden Gewerbebauten) und Wohnhaus" AngLagebeschreibung="Wunstorf" AngAufDatum="2002-06-06" AngStatus="2" Konditionen="kon" AnzANG="2"/>
  <Angebote AngNr="HS953" AngKurzBeschreibung="Einfamilienhaus in ruhiger Lage und voll erschlossenem Baugrundstück" AngLagebeschreibung="Wedemark, OT Resse" AngAufDatum="2002-06-10" AngStatus="2" Konditionen="kon" AnzANG="1"/>
  <Angebote AngNr="EI888" AngKurzBeschreibung="6-Zimmer-Eigentumswohnung" AngLagebeschreibung="Hannover - Zooviertel" AngAufDatum="2002-06-12" AngStatus="2" Konditionen="kon" AnzANG="1"/>
  <Angebote AngNr="EI887" AngKurzBeschreibung="6-Zimmer-Maisonette-Eigentumswohnung" AngLagebeschreibung="Hannover - Zooviertel" AngAufDatum="2002-06-12" AngStatus="2" Konditionen="kon" AnzANG="1"/>
  <Angebote AngNr="EI889" AngKurzBeschreibung="4-Zimmer-Eigentumswohnung" AngLagebeschreibung="Hannover - Südstadt" AngAufDatum="2002-06-12" AngStatus="2" Konditionen="kon" AnzANG="1"/>
  <Angebote AngNr="EI890" AngKurzBeschreibung="4-Zimmer-Eigentumswohnung" AngLagebeschreibung="Hannover - Nordstadt" AngAufDatum="2002-06-14" AngStatus="2" Konditionen="kon" AnzANG="1"/>
  <Angebote AngNr="EI891" AngKurzBeschreibung="3-Zimmer-Eigentumswohnung" AngLagebeschreibung="Hannover - List" AngAufDatum="2002-06-14" AngStatus="2" Konditionen="kon" AnzANG="1"/>
  <Angebote AngNr="EI892" AngKurzBeschreibung="2-Zimmer-Eigentumswohnung" AngLagebeschreibung="Hannover - List" AngAufDatum="2002-06-14" AngStatus="2" Konditionen="kon" AnzANG="1"/>
  <Angebote AngNr="EI893" AngKurzBeschreibung="1-Zimmer-Eigentumswohnung" AngLagebeschreibung="Hannover - List" AngAufDatum="2002-06-14" AngStatus="2" Konditionen="kon" AnzANG="1"/>
  <Angebote AngNr="EI894" AngKurzBeschreibung="5-Zimmer-Eigentumswohnung mit Garten" AngLagebeschreibung="Hannover - Oststadt / Nähe Wedekindplatz" AngAufDatum="2002-06-19" AngStatus="2" Konditionen="kon" AnzANG="1"/>
  <Angebote AngNr="HS954" AngKurzBeschreibung="Idyllisches Anwesen auf Traumgrundstück" AngLagebeschreibung="Hannover - Isernhagen-Süd" AngAufDatum="2002-06-21" AngStatus="2" Konditionen="kon" AnzANG="1"/>
  <Angebote AngNr="HS955" AngKurzBeschreibung="Einfamilienhaus in sehr schöner ruhiger Lage mit Garage" AngLagebeschreibung="Wedemark, OT Negenborn" AngAufDatum="2002-06-24" AngStatus="2" Konditionen="kon" AnzANG="1"/>
  <Angebote AngNr="EI895" AngKurzBeschreibung="4-Zimmer-Eigentumswohnung" AngLagebeschreibung="Hannover - List" AngAufDatum="2002-06-24" AngStatus="2" Konditionen="kon" AnzANG="1"/>
  <Angebote AngNr="HS956" AngKurzBeschreibung="Großzügiges Reihenhaus mit Garage" AngLagebeschreibung="Hemmingen, OT Arnum" AngAufDatum="2002-06-25" AngStatus="2" Konditionen="kon" AnzANG="1"/>
  <Angebote AngNr="HS957" AngKurzBeschreibung="Schönes Einfamilienhaus mit Garage" AngLagebeschreibung="Seelze, OT Gümmer" AngAufDatum="2002-06-26" AngStatus="2" Konditionen="kon" AnzANG="1"/>
  <Angebote AngNr="HS958" AngKurzBeschreibung="Winkelbungalow mit Flachdach und Garage" AngLagebeschreibung="Wennigsen" AngAufDatum="2002-06-26" AngStatus="2" Konditionen="kon" AnzANG="1"/>
  <Angebote AngNr="HS959" AngKurzBeschreibung="Gepflegtes Zweifamilienhaus mit Doppelgarage" AngLagebeschreibung="Langenhagen" AngAufDatum="2002-06-27" AngStatus="2" Konditionen="kon" AnzANG="1"/>
  <Angebote AngNr="HS960" AngKurzBeschreibung="Doppelhaushälfte (Neubau) mit Garage" AngLagebeschreibung="Barsinghausen, OT Egestorf" AngAufDatum="2002-07-01" AngStatus="2" Konditionen="kon" AnzANG="1"/>
  <Angebote AngNr="EI896" AngKurzBeschreibung="4-Zimmer-Eigentumswohnung" AngLagebeschreibung="Laatzen, OT Rethen" AngAufDatum="2002-07-02" AngStatus="2" Konditionen="kon" AnzANG="1"/>
  <Angebote AngNr="HS961" AngKurzBeschreibung="Großzügiges Stadthaus auf wunderschönem Grundstück" AngLagebeschreibung="Hannover - Isernhagen/Süd" AngAufDatum="2002-07-03" AngStatus="2" Konditionen="kon" AnzANG="1"/>
  <Angebote AngNr="EI897" AngKurzBeschreibung="4-Zimmer-Eigentumswohnung" AngLagebeschreibung="Hannover - List" AngAufDatum="2002-07-03" AngStatus="2" Konditionen="kon" AnzANG="1"/>
  <Angebote AngNr="HS962" AngKurzBeschreibung="Einfamilienhaus mit Garage" AngLagebeschreibung="Wennigsen, OT Degersen" AngAufDatum="2002-07-08" AngStatus="2" Konditionen="kon" AnzANG="1"/>
  <Angebote AngNr="HS963" AngKurzBeschreibung="Gemütliches Einfamilienhaus mit Carport" AngLagebeschreibung="Sehnde, OT Ilten" AngAufDatum="2002-07-10" AngStatus="2" Konditionen="kon" AnzANG="1"/>
  <Angebote AngNr="HS964" AngKurzBeschreibung="Reihenmittelhaus mit Vollkeller und Garage" AngLagebeschreibung="Hannover - Badenstedt" AngAufDatum="2002-07-17" AngStatus="2" Konditionen="kon" AnzANG="1"/>
  <Angebote AngNr="EI898" AngKurzBeschreibung="2-Zimmer-Eigentumswohnung" AngLagebeschreibung="Hannover - Südstadt" AngAufDatum="2002-07-23" AngStatus="2" Konditionen="kon" AnzANG="1"/>
  <Angebote AngNr="HS965" AngKurzBeschreibung="Reihenendhaus" AngLagebeschreibung="Wedemark, OT Resse" AngAufDatum="2002-07-23" AngStatus="2" Konditionen="kon" AnzANG="1"/>
  <Angebote AngNr="EI899" AngKurzBeschreibung="3-Zimmer-Eigentumswohnung" AngLagebeschreibung="Hannover - List" AngAufDatum="2002-07-23" AngStatus="2" Konditionen="kon" AnzANG="1"/>
  <Angebote AngNr="EI900" AngKurzBeschreibung="4-Zimmer-Eigentumswohnung" AngLagebeschreibung="Hannover - Südstadt / Nähe Maschsee" AngAufDatum="2002-07-23" AngStatus="2" Konditionen="kon" AnzANG="1"/>
  <Angebote AngNr="EI901" AngKurzBeschreibung="4-Zimmer-Maisonetten-Eigentumswohnung" AngLagebeschreibung="Hannover - List / Moltkeplatz" AngAufDatum="2002-07-24" AngStatus="2" Konditionen="kon" AnzANG="1"/>
  <Angebote AngNr="EI902" AngKurzBeschreibung="3-4-Zimmer-Eigentumswohnung" AngLagebeschreibung="Hannover - Sahlkamp" AngAufDatum="2002-07-24" AngStatus="2" Konditionen="kon" AnzANG="1"/>
  <Angebote AngNr="EI903" AngKurzBeschreibung="3-Zimmer-Eigentumswohnung" AngLagebeschreibung="Hannover - Linden/Nord" AngAufDatum="2002-07-25" AngStatus="2" Konditionen="kon" AnzANG="1"/>
  <Angebote AngNr="EI904" AngKurzBeschreibung="Dachmaisonette" AngLagebeschreibung="Hannover - List" AngAufDatum="2002-07-26" AngStatus="2" Konditionen="kon" AnzANG="1"/>
  <Angebote AngNr="HS966" AngKurzBeschreibung="Reihenendhaus in hochwertiger Ausstattung mit großer Garage" AngLagebeschreibung="Isernhagen, OT Neuwarmbüchen" AngAufDatum="2002-07-31" AngStatus="2" Konditionen="kon" AnzANG="1"/>
  <Angebote AngNr="HS967" AngKurzBeschreibung="Einfamilienhaus" AngLagebeschreibung="Barsinghausen, OT Egestorf" AngAufDatum="2002-08-02" AngStatus="2" Konditionen="kon" AnzANG="1"/>
  <Angebote AngNr="HS970" AngKurzBeschreibung="Reihenendhaus mit Garage" AngLagebeschreibung="Hannover-Misburg" AngAufDatum="2002-08-09" AngStatus="2" Konditionen="kon" AnzANG="1"/>
  <Angebote AngNr="HS969" AngKurzBeschreibung="Ein- bis Zweifamilienhaus" AngLagebeschreibung="Barsinghausen" AngAufDatum="2002-08-09" AngStatus="2" Konditionen="kon" AnzANG="1"/>
  <Angebote AngNr="HS968" AngKurzBeschreibung="Großzügiges Einfamilienhaus mit Garage" AngLagebeschreibung="Langenhagen, OT Godshorn" AngAufDatum="2002-08-09" AngStatus="2" Konditionen="kon" AnzANG="1"/>
  <Angebote AngNr="RH402" AngKurzBeschreibung="Mehrfamilienhaus mit 8 Wohneinheiten" AngLagebeschreibung="Hannover - Linden/Süd" AngAufDatum="2002-08-13" AngStatus="2" Konditionen="kon" AnzANG="1"/>
  <Angebote AngNr="HS971" AngKurzBeschreibung="Einfamilienhaus mit Garage" AngLagebeschreibung="Rehburg-Loccum, OT Winzlar" AngAufDatum="2002-08-14" AngStatus="2" Konditionen="kon" AnzANG="1"/>
  <Angebote AngNr="EI905" AngKurzBeschreibung="4-Zimmer-Eigentumswohnung" AngLagebeschreibung="Hannover - Döhren / Leineinsel" AngAufDatum="2002-08-14" AngStatus="2" Konditionen="kon" AnzANG="1"/>
  <Angebote AngNr="RH403" AngKurzBeschreibung="Studentenwohnheim mit 22 Zimmer mit Büroanbau" AngLagebeschreibung="Hannover - Döhren" AngAufDatum="2002-08-14" AngStatus="2" Konditionen="kon" AnzANG="1"/>
  <Angebote AngNr="HS972" AngKurzBeschreibung="Ständerfachwerkhaus mit Doppelcarport" AngLagebeschreibung="Isernhagen-Altwarmbüchen" AngAufDatum="2002-08-15" AngStatus="2" Konditionen="kon" AnzANG="1"/>
  <Angebote AngNr="EI906" AngKurzBeschreibung="3-Zimmer-Eigentumswohnung" AngLagebeschreibung="Südstadt" AngAufDatum="2002-08-19" AngStatus="2" Konditionen="kon" AnzANG="1"/>
  <Angebote AngNr="RH404" AngKurzBeschreibung="Wohn- und Geschäftshaus" AngLagebeschreibung="Laatzen" AngAufDatum="2002-08-19" AngStatus="2" Konditionen="kon" AnzANG="1"/>
  <Angebote AngNr="HS973" AngKurzBeschreibung="3-Familienhaus mit 3 Garagen" AngLagebeschreibung="Hemmingen" AngAufDatum="2002-08-20" AngStatus="2" Konditionen="kon" AnzANG="1"/>
  <Angebote AngNr="EI907" AngKurzBeschreibung="3-Zimmer-Eigentumswohnung" AngLagebeschreibung="Hannover-Leineinsel" AngAufDatum="2002-08-21" AngStatus="2" Konditionen="kon" AnzANG="1"/>
  <Angebote AngNr="EI908" AngKurzBeschreibung="3-Zimmer-Eigentumswohnung" AngLagebeschreibung="Hannover-List/Spannhagengarten" AngAufDatum="2002-08-21" AngStatus="2" Konditionen="kon" AnzANG="1"/>
  <Angebote AngNr="RH405" AngKurzBeschreibung="3-Familienhaus" AngLagebeschreibung="Hannover-Südstadt" AngAufDatum="2002-08-23" AngStatus="2" Konditionen="kon" AnzANG="1"/>
  <Angebote AngNr="EI909" AngKurzBeschreibung="3-Zimmer-Eigentumswohnung" AngLagebeschreibung="Hannover - Nordstadt" AngAufDatum="2002-08-26" AngStatus="2" Konditionen="kon" AnzANG="1"/>
  <Angebote AngNr="RH406" AngKurzBeschreibung="Mehrfamilienwohnhaus" AngLagebeschreibung="Hannover - Linden/Süd" AngAufDatum="2002-08-27" AngStatus="2" Konditionen="kon" AnzANG="1"/>
  <Angebote AngNr="RH407" AngKurzBeschreibung="Mehrfamilienhaus" AngLagebeschreibung="Hannover - Mitte" AngAufDatum="2002-08-27" AngStatus="2" Konditionen="kon" AnzANG="1"/>
  <Angebote AngNr="RH408" AngKurzBeschreibung="Wohn- und Geschäftshaus" AngLagebeschreibung="Hannover - Linden/Mitte" AngAufDatum="2002-08-27" AngStatus="2" Konditionen="kon" AnzANG="1"/>
  <Angebote AngNr="HS974" AngKurzBeschreibung="Großzügiges, grundsolides Ein- bis Zweifamilienhaus mit Garage in sehr guter Wohnlage" AngLagebeschreibung="Hemmingen, OT Westerfeld" AngAufDatum="2002-08-29" AngStatus="2" Konditionen="kon" AnzANG="1"/>
  <Angebote AngNr="EI910" AngKurzBeschreibung="1-Zimmer-Eigentumswohnung" AngLagebeschreibung="Hannover - Nordstadt" AngAufDatum="2002-08-30" AngStatus="2" Konditionen="kon" AnzANG="1"/>
  <Angebote AngNr="EI911" AngKurzBeschreibung="3-Zimmer-Eigentumswohnung" AngLagebeschreibung="Hannover - Südstadt" AngAufDatum="2002-08-30" AngStatus="2" Konditionen="kon" AnzANG="1"/>
  <Angebote AngNr="EI912" AngKurzBeschreibung="4-5-Zimmer-DG-Eigentumswohnung" AngLagebeschreibung="Hannover - Südstadt" AngAufDatum="2002-08-30" AngStatus="2" Konditionen="kon" AnzANG="1"/>
  <Angebote AngNr="EI913" AngKurzBeschreibung="3-Zimmer-Eigentumswohnung" AngLagebeschreibung="Hannover - Südstadt / Zentrum" AngAufDatum="2002-09-04" AngStatus="2" Konditionen="kon" AnzANG="1"/>
  <Angebote AngNr="EI914" AngKurzBeschreibung="2½-Zimmer-Eigentumswohnung" AngLagebeschreibung="Hannover - Südstadt" AngAufDatum="2002-09-04" AngStatus="2" Konditionen="kon" AnzANG="1"/>
  <Angebote AngNr="EI915" AngKurzBeschreibung="2-Zimmer-Eigentumswohnung" AngLagebeschreibung="Hannover - Sahlkamp" AngAufDatum="2002-09-04" AngStatus="2" Konditionen="kon" AnzANG="1"/>
  <Angebote AngNr="EI916" AngKurzBeschreibung="2-Zimmer-Eigentumswohnung" AngLagebeschreibung="Hannover - Oststadt" AngAufDatum="2002-09-04" AngStatus="2" Konditionen="kon" AnzANG="1"/>
  <Angebote AngNr="EI917" AngKurzBeschreibung="3-Zimmer-Eigentumswohnung" AngLagebeschreibung="Hannover - Döhren / Nähe Maschsee" AngAufDatum="2002-09-05" AngStatus="2" Konditionen="kon" AnzANG="1"/>
  <Angebote AngNr="RH409" AngKurzBeschreibung="Mehrfamilienhaus" AngLagebeschreibung="Hannover - Ricklingen" AngAufDatum="2002-09-10" AngStatus="2" Konditionen="kon" AnzANG="1"/>
  <Angebote AngNr="HS975" AngKurzBeschreibung="Schönes, neuwertiges Einfamilienhaus mit Doppelgarage" AngLagebeschreibung="Lehrte, OT Ahlten" AngAufDatum="2002-09-11" AngStatus="2" Konditionen="kon" AnzANG="1"/>
  <Angebote AngNr="EI919" AngKurzBeschreibung="6-Zimmer-Eigentumswohnung" AngLagebeschreibung="Hannover - Oststadt / Nähe Wedekindplatz" AngAufDatum="2002-09-12" AngStatus="2" Konditionen="kon" AnzANG="1"/>
  <Angebote AngNr="RH410" AngKurzBeschreibung="Wohn- und Geschäftshaus" AngLagebeschreibung="Hannover - Oststadt" AngAufDatum="2002-09-12" AngStatus="2" Konditionen="kon" AnzANG="1"/>
  <Angebote AngNr="EI920" AngKurzBeschreibung="5-Zimmer-Maisonettenwohnung" AngLagebeschreibung="Hannover - Oststadt" AngAufDatum="2002-09-12" AngStatus="2" Konditionen="kon" AnzANG="1"/>
  <Angebote AngNr="EI921" AngKurzBeschreibung="Zwei 3-Zimmer-Eigentumswohnungen" AngLagebeschreibung="Hannover - Südstadt" AngAufDatum="2002-09-12" AngStatus="2" Konditionen="kon" AnzANG="1"/>
  <Angebote AngNr="EI922" AngKurzBeschreibung="Zwei 3-Zimmer-Eigentumswohnungen" AngLagebeschreibung="Hannover - Südstadt" AngAufDatum="2002-09-12" AngStatus="2" Konditionen="kon" AnzANG="1"/>
  <Angebote AngNr="EI918" AngKurzBeschreibung="1½-Zimmer-Eigentumswohnung" AngLagebeschreibung="Hannover - Zooviertel" AngAufDatum="2002-09-12" AngStatus="2" Konditionen="kon" AnzANG="1"/>
  <Angebote AngNr="HS976" AngKurzBeschreibung="Großzügiger Winkelbungalow mit Garage" AngLagebeschreibung="Ronnenberg" AngAufDatum="2002-09-12" AngStatus="2" Konditionen="kon" AnzANG="1"/>
  <Angebote AngNr="HS977" AngKurzBeschreibung="Ein- bis Zweifamilienhaus mit Doppelgarage" AngLagebeschreibung="Garbsen, OT Stelingen" AngAufDatum="2002-09-12" AngStatus="2" Konditionen="kon" AnzANG="1"/>
  <Angebote AngNr="EI923" AngKurzBeschreibung="3-Zimmer-Eigentumswohnung" AngLagebeschreibung="Hannover - Sahlkamp" AngAufDatum="2002-09-12" AngStatus="2" Konditionen="kon" AnzANG="1"/>
  <Angebote AngNr="EI924" AngKurzBeschreibung="3-Zimmer-Eigentumswohnung" AngLagebeschreibung="Hannover - Groß Buchholz" AngAufDatum="2002-09-17" AngStatus="2" Konditionen="kon" AnzANG="1"/>
  <Angebote AngNr="EI925" AngKurzBeschreibung="3-Zimmer-Eigentumswohnung" AngLagebeschreibung="Hannover - Zooviertel" AngAufDatum="2002-09-25" AngStatus="2" Konditionen="kon" AnzANG="1"/>
  <Angebote AngNr="HS978" AngKurzBeschreibung="Reihenendhaus" AngLagebeschreibung="Wedemark, OT Mellendorf" AngAufDatum="2002-09-26" AngStatus="2" Konditionen="kon" AnzANG="1"/>
  <Angebote AngNr="RH411" AngKurzBeschreibung="Wohn- und Geschäftshaus" AngLagebeschreibung="Hannover - List" AngAufDatum="2002-10-02" AngStatus="2" Konditionen="kon" AnzANG="1"/>
  <Angebote AngNr="HS979" AngKurzBeschreibung="Top saniertes Reihenhaus auf versetzten Ebenen in stadtnaher, ruhiger Lage mit Garage" AngLagebeschreibung="Hannover - Oberricklingen" AngAufDatum="2002-10-07" AngStatus="2" Konditionen="kon" AnzANG="1"/>
  <Angebote AngNr="BP980" AngKurzBeschreibung="Bauplätze in begehrter, sonniger Lage" AngLagebeschreibung="Hannover - Isernhagen-Süd" AngAufDatum="2002-10-08" AngStatus="2" Konditionen="kon" AnzANG="1"/>
  <Angebote AngNr="RH412" AngKurzBeschreibung="Mehrfamilienhaus mit 12 Wohneinheiten" AngLagebeschreibung="Seelze, OT Letter" AngAufDatum="2002-10-08" AngStatus="2" Konditionen="kon" AnzANG="1"/>
  <Angebote AngNr="EI926" AngKurzBeschreibung="2-Zimmer-Eigentumswohnung" AngLagebeschreibung="Hannover - Kleefeld, Nähe MHH" AngAufDatum="2002-10-08" AngStatus="2" Konditionen="kon" AnzANG="1"/>
  <Angebote AngNr="EI927" AngKurzBeschreibung="3-Zimmer-Eigentumswohnung" AngLagebeschreibung="Hannover - Anderten" AngAufDatum="2002-10-11" AngStatus="2" Konditionen="kon" AnzANG="1"/>
  <Angebote AngNr="HS981" AngKurzBeschreibung="Reihenhaus" AngLagebeschreibung="Hannover-Oberricklingen" AngAufDatum="2002-10-14" AngStatus="2" Konditionen="kon" AnzANG="1"/>
  <Angebote AngNr="EI928" AngKurzBeschreibung="5-Zimmer-Eigentumswohnung" AngLagebeschreibung="Hannover-List" AngAufDatum="2002-10-15" AngStatus="2" Konditionen="kon" AnzANG="1"/>
  <Angebote AngNr="HS982" AngKurzBeschreibung="Gepflegtes neuwertiges Reihenmittelhaus" AngLagebeschreibung="Hemmingen-Arnum" AngAufDatum="2002-10-16" AngStatus="2" Konditionen="kon" AnzANG="1"/>
  <Angebote AngNr="HS983" AngKurzBeschreibung="Einfamilienhaus" AngLagebeschreibung="Hannover - Vinnhorst" AngAufDatum="2002-10-16" AngStatus="2" Konditionen="kon" AnzANG="1"/>
  <Angebote AngNr="HS984" AngKurzBeschreibung="Reihenmittelhaus" AngLagebeschreibung="Burgwedel/Großburgwedel" AngAufDatum="2002-10-16" AngStatus="2" Konditionen="kon" AnzANG="1"/>
  <Angebote AngNr="HS985" AngKurzBeschreibung="Bungalow" AngLagebeschreibung="Hannover - Anderten" AngAufDatum="2002-10-16" AngStatus="2" Konditionen="kon" AnzANG="1"/>
  <Angebote AngNr="RH413" AngKurzBeschreibung="Mehrfamilienhaus" AngLagebeschreibung="Hannover - Nordstadt/Herrenhäuser Gärten" AngAufDatum="2002-10-16" AngStatus="2" Konditionen="kon" AnzANG="1"/>
  <Angebote AngNr="EI929" AngKurzBeschreibung="3-Zimmer-Eigentumswohnung" AngLagebeschreibung="Hannover - Misburg" AngAufDatum="2002-10-17" AngStatus="2" Konditionen="kon" AnzANG="1"/>
  <Angebote AngNr="EI930" AngKurzBeschreibung="4-Zimmer-Eigentumswohnung" AngLagebeschreibung="Hannover - Ricklingen" AngAufDatum="2002-10-18" AngStatus="2" Konditionen="kon" AnzANG="1"/>
  <Angebote AngNr="EI931" AngKurzBeschreibung="4-Zimmer-Eigentumswohnung" AngLagebeschreibung="Hannover-Döhren/Leineinsel" AngAufDatum="2002-10-18" AngStatus="2" Konditionen="kon" AnzANG="1"/>
  <Angebote AngNr="HS986" AngKurzBeschreibung="Reihenendhaus" AngLagebeschreibung="Hannover - Anderten am Kanal" AngAufDatum="2002-10-18" AngStatus="2" Konditionen="kon" AnzANG="1"/>
  <Angebote AngNr="EI932" AngKurzBeschreibung="3-Zimmer-Eigentumswohnung" AngLagebeschreibung="Hannover - Vahrenwald" AngAufDatum="2002-10-22" AngStatus="2" Konditionen="kon" AnzANG="1"/>
  <Angebote AngNr="HS987" AngKurzBeschreibung="Reihenhaus" AngLagebeschreibung="Isernhagen FB" AngAufDatum="2002-10-23" AngStatus="2" Konditionen="kon" AnzANG="1"/>
  <Angebote AngNr="EI933" AngKurzBeschreibung="4-Zimmer-Eigentumswohnung" AngLagebeschreibung="Hannover - Calenberger Neustadt" AngAufDatum="2002-10-24" AngStatus="2" Konditionen="kon" AnzANG="1"/>
  <Angebote AngNr="HS988" AngKurzBeschreibung="Sehr gepflegte Doppelhaushälfte mit schönen Grundstück" AngLagebeschreibung="Hannover - Anderten" AngAufDatum="2002-10-29" AngStatus="2" Konditionen="kon" AnzANG="1"/>
  <Angebote AngNr="EI935" AngKurzBeschreibung="3 - Zimmer - Eigentumswohnung" AngLagebeschreibung="Hannover - Laatzen" AngAufDatum="2002-10-30" AngStatus="2" Konditionen="kon" AnzANG="1"/>
  <Angebote AngNr="EI934" AngKurzBeschreibung="5-Zimmer-Eigentumswohnung" AngLagebeschreibung="Hannover - List" AngAufDatum="2002-10-31" AngStatus="2" Konditionen="kon" AnzANG="1"/>
  <Angebote AngNr="HS989" AngKurzBeschreibung="REH mit 2 Garagen" AngLagebeschreibung="Wedemark, OT Mellendorf" AngAufDatum="2002-10-31" AngStatus="2" Konditionen="kon" AnzANG="1"/>
  <Angebote AngNr="EI937" AngKurzBeschreibung="2-Zimmer-Eigentumswohnung" AngLagebeschreibung="Hannover - Ricklingen" AngAufDatum="2002-11-04" AngStatus="2" Konditionen="kon" AnzANG="1"/>
  <Angebote AngNr="EI938" AngKurzBeschreibung="4-Zimmer-Eigentumswohnung" AngLagebeschreibung="Neustadt" AngAufDatum="2002-11-04" AngStatus="2" Konditionen="kon" AnzANG="1"/>
  <Angebote AngNr="EI936" AngKurzBeschreibung="5-6-Zimmereigentumswohnung" AngLagebeschreibung="Hannover - Zentrum" AngAufDatum="2002-11-04" AngStatus="2" Konditionen="kon" AnzANG="1"/>
  <Angebote AngNr="HS990" AngKurzBeschreibung="Energiespar-Reihenmittelhaus für 2 junge Leute" AngLagebeschreibung="Langenhagen" AngAufDatum="2002-11-05" AngStatus="2" Konditionen="kon" AnzANG="1"/>
  <Angebote AngNr="EI939" AngKurzBeschreibung="3-Zimmer-Eigentumswohnung" AngLagebeschreibung="Hemmingen, OT Arnum" AngAufDatum="2002-11-07" AngStatus="2" Konditionen="kon" AnzANG="1"/>
  <Angebote AngNr="EI940" AngKurzBeschreibung="5-Zimmer-Eigentumswohnung" AngLagebeschreibung="Hannover - List, Nähe Moltkeplatz" AngAufDatum="2002-11-07" AngStatus="2" Konditionen="kon" AnzANG="1"/>
  <Angebote AngNr="RH414" AngKurzBeschreibung="Mehrfamilienhaus mit 6 Wohneinheiten" AngLagebeschreibung="Hannover - Döhren" AngAufDatum="2002-11-08" AngStatus="2" Konditionen="kon" AnzANG="1"/>
  <Angebote AngNr="EI943" AngKurzBeschreibung="3-Zimmer-Eigentumswohnung" AngLagebeschreibung="Hannover - List / Nähe Lister Kirchweg" AngAufDatum="2002-11-12" AngStatus="2" Konditionen="kon" AnzANG="1"/>
  <Angebote AngNr="EI944" AngKurzBeschreibung="5-Zimmer-Eigentumswohnung" AngLagebeschreibung="Hannover - List / Nähe Moltkeplatz" AngAufDatum="2002-11-13" AngStatus="2" Konditionen="kon" AnzANG="1"/>
  <Angebote AngNr="EI941" AngKurzBeschreibung="5-Zimmer-Eigentumswohnung" AngLagebeschreibung="Hannover - Herrenhausen" AngAufDatum="2002-11-13" AngStatus="2" Konditionen="kon" AnzANG="1"/>
  <Angebote AngNr="EI942" AngKurzBeschreibung="4- und 5-Zimmer-Eigentumswohnung" AngLagebeschreibung="Hannover - Herrenhausen" AngAufDatum="2002-11-13" AngStatus="2" Konditionen="kon" AnzANG="1"/>
  <Angebote AngNr="EI945" AngKurzBeschreibung="2-Zimmer-Eigentumswohnung" AngLagebeschreibung="Hannover - Linden/Mitte" AngAufDatum="2002-11-15" AngStatus="2" Konditionen="profre" AnzANG="1"/>
  <Angebote AngNr="EI946" AngKurzBeschreibung="2-Zimmer-Eigentumswohnung" AngLagebeschreibung="Hannover - Linden/Mitte" AngAufDatum="2002-11-15" AngStatus="2" Konditionen="kon" AnzANG="1"/>
  <Angebote AngNr="EI947" AngKurzBeschreibung="2-Zimmer-Eigentumswohnung" AngLagebeschreibung="Hannover - Linden/Mitte" AngAufDatum="2002-11-15" AngStatus="2" Konditionen="kon" AnzANG="1"/>
  <Angebote AngNr="EI948" AngKurzBeschreibung="3-Zimmer-Eigentumswohnung" AngLagebeschreibung="Hannover - Linden/Mitte" AngAufDatum="2002-11-15" AngStatus="2" Konditionen="kon" AnzANG="1"/>
  <Angebote AngNr="EI949" AngKurzBeschreibung="3-Zimmer-Eigentumswohnung" AngLagebeschreibung="Hannover - Linden/Mitte" AngAufDatum="2002-11-15" AngStatus="2" Konditionen="kon" AnzANG="1"/>
  <Angebote AngNr="EI950" AngKurzBeschreibung="3-Zimmer-Eigentumswohnung" AngLagebeschreibung="Hannover - Linden/Mitte" AngAufDatum="2002-11-15" AngStatus="2" Konditionen="kon" AnzANG="1"/>
  <Angebote AngNr="EI951" AngKurzBeschreibung="3-Zimmer-Eigentumswohnung" AngLagebeschreibung="Hannover - Linden/Mitte" AngAufDatum="2002-11-15" AngStatus="2" Konditionen="kon" AnzANG="2"/>
  <Angebote AngNr="HS991" AngKurzBeschreibung="Doppelhaushälfte mit Garage" AngLagebeschreibung="Pattensen" AngAufDatum="2002-11-15" AngStatus="2" Konditionen="kon" AnzANG="1"/>
  <Angebote AngNr="HS992" AngKurzBeschreibung="Reihenmittelhaus mit Vollkeller und Garage" AngLagebeschreibung="Laatzen, Nähe LVA" AngAufDatum="2002-11-19" AngStatus="2" Konditionen="kon" AnzANG="1"/>
  <Angebote AngNr="HS993" AngKurzBeschreibung="Reihenhaus für 2 auf versetzten Ebenen" AngLagebeschreibung="Laatzen, OT Gleidingen" AngAufDatum="2002-11-22" AngStatus="2" Konditionen="kon" AnzANG="1"/>
  <Angebote AngNr="EI952" AngKurzBeschreibung="3-Zimmer-Eigentumswohnung" AngLagebeschreibung="Hannover - List" AngAufDatum="2002-11-22" AngStatus="2" Konditionen="kon" AnzANG="1"/>
  <Angebote AngNr="EI953" AngKurzBeschreibung="2-Zimmer-Eigentumswohnung" AngLagebeschreibung="Hannover - List" AngAufDatum="2002-11-22" AngStatus="2" Konditionen="kon" AnzANG="1"/>
  <Angebote AngNr="EI954" AngKurzBeschreibung="2-Zimmer-Eigentumswohnung" AngLagebeschreibung="Hannover - List" AngAufDatum="2002-11-22" AngStatus="2" Konditionen="kon" AnzANG="1"/>
  <Angebote AngNr="EI955" AngKurzBeschreibung="2-Zimmer-Eigentumswohnung" AngLagebeschreibung="Hannover - List" AngAufDatum="2002-11-22" AngStatus="2" Konditionen="kon" AnzANG="1"/>
  <Angebote AngNr="EI956" AngKurzBeschreibung="2-Zimmer-Eigentumswohnung" AngLagebeschreibung="Hannover - List" AngAufDatum="2002-11-22" AngStatus="2" Konditionen="kon" AnzANG="1"/>
  <Angebote AngNr="EI957" AngKurzBeschreibung="2-Zimmer-Eigentumswohnung" AngLagebeschreibung="Hannover - List" AngAufDatum="2002-11-22" AngStatus="2" Konditionen="kon" AnzANG="1"/>
  <Angebote AngNr="EI958" AngKurzBeschreibung="6-Zimmer-Penthouse oder auch als Büro geeignet" AngLagebeschreibung="Hannover - Döhren" AngAufDatum="2002-11-26" AngStatus="2" Konditionen="kon" AnzANG="2"/>
  <Angebote AngNr="HS994" AngKurzBeschreibung="Schönes Reihenhaus auf versetzten Ebenen mit Garage" AngLagebeschreibung="Wedemark, OT Resse" AngAufDatum="2002-11-27" AngStatus="2" Konditionen="kon" AnzANG="1"/>
  <Angebote AngNr="RH415" AngKurzBeschreibung="Geschäftshaus - Gewerbeobjekt" AngLagebeschreibung="Hannover - Mitte" AngAufDatum="2002-11-27" AngStatus="2" Konditionen="kon" AnzANG="1"/>
  <Angebote AngNr="RH416" AngKurzBeschreibung="Mehrfamilienhaus 15 WE + 2 Gewerbeeinheiten" AngLagebeschreibung="Hannover - Linden/Süd" AngAufDatum="2002-11-27" AngStatus="2" Konditionen="kon" AnzANG="1"/>
  <Angebote AngNr="RH417" AngKurzBeschreibung="Mehrfamilienhaus - 1 Gewerbeeinheit" AngLagebeschreibung="Hannover - Badenstedt" AngAufDatum="2002-11-28" AngStatus="2" Konditionen="kon" AnzANG="1"/>
  <Angebote AngNr="RH418" AngKurzBeschreibung="Mehrfamilienhaus mit 10 Wohneinheiten" AngLagebeschreibung="Hannover - Linden/Süd" AngAufDatum="2002-11-29" AngStatus="2" Konditionen="kon" AnzANG="1"/>
  <Angebote AngNr="RH419" AngKurzBeschreibung="Mehrfamilienhaus" AngLagebeschreibung="Hannover - Vahrenwald" AngAufDatum="2002-11-29" AngStatus="2" Konditionen="kon" AnzANG="1"/>
  <Angebote AngNr="HS995" AngKurzBeschreibung="Top gepflegtes Reihenmittelhaus mit Vollkeller" AngLagebeschreibung="Ronnenberg" AngAufDatum="2002-11-29" AngStatus="2" Konditionen="kon" AnzANG="1"/>
  <Angebote AngNr="RH420" AngKurzBeschreibung="Mehrfamilienhaus" AngLagebeschreibung="Hannover - Vahrenwald" AngAufDatum="2002-12-03" AngStatus="2" Konditionen="kon" AnzANG="1"/>
  <Angebote AngNr="EI959" AngKurzBeschreibung="3-Zimmer-Eigentumswohnung" AngLagebeschreibung="Hannover - List / Nähe Moltkeplatz" AngAufDatum="2002-12-04" AngStatus="2" Konditionen="kon" AnzANG="1"/>
  <Angebote AngNr="HS996" AngKurzBeschreibung="Renovierungs- und sanierungsbedürftiger Bungalow mit großem Grundstück und Garage" AngLagebeschreibung="Hannover - Ricklingen / sehr gute bevorzugte Lage" AngAufDatum="2002-12-04" AngStatus="2" Konditionen="kon" AnzANG="1"/>
  <Angebote AngNr="EI960" AngKurzBeschreibung="2-Zimmer-Eigentumswohnung" AngLagebeschreibung="Hannover - Südstadt" AngAufDatum="2002-12-04" AngStatus="2" Konditionen="kon" AnzANG="1"/>
  <Angebote AngNr="EI961" AngKurzBeschreibung="3-Zimmer-Eigentumswohnung" AngLagebeschreibung="Hannover - Linden/Mitte" AngAufDatum="2002-12-04" AngStatus="2" Konditionen="kon" AnzANG="1"/>
  <Angebote AngNr="RH421" AngKurzBeschreibung="Mehrfamilienhaus" AngLagebeschreibung="Hannover - Südstadt" AngAufDatum="2002-12-05" AngStatus="2" Konditionen="kon" AnzANG="2"/>
  <Angebote AngNr="EI962" AngKurzBeschreibung="5-Zimmer-Eigentumswohnung" AngLagebeschreibung="Hannover - Südstadt" AngAufDatum="2002-12-05" AngStatus="2" Konditionen="kon" AnzANG="1"/>
  <Angebote AngNr="EI963" AngKurzBeschreibung="2-Zimmer-Eigentumswohnung" AngLagebeschreibung="Hannover - Zooviertel" AngAufDatum="2002-12-05" AngStatus="2" Konditionen="kon" AnzANG="1"/>
  <Angebote AngNr="EI964" AngKurzBeschreibung="2-Zimmer-Eigentumswohnung" AngLagebeschreibung="Hannover - Zooviertel" AngAufDatum="2002-12-05" AngStatus="2" Konditionen="kon" AnzANG="1"/>
  <Angebote AngNr="EI965" AngKurzBeschreibung="4-Zimmer-Eigentumswohnung" AngLagebeschreibung="Hannover - Zooviertel" AngAufDatum="2002-12-05" AngStatus="2" Konditionen="kon" AnzANG="1"/>
  <Angebote AngNr="EI966" AngKurzBeschreibung="4-Zimmer-Maisonettenwohnung im EG und 1.OG" AngLagebeschreibung="Laatzen" AngAufDatum="2002-12-09" AngStatus="2" Konditionen="kon" AnzANG="1"/>
  <Angebote AngNr="HS997" AngKurzBeschreibung="Reihenendhaus mit 2 Garagen" AngLagebeschreibung="Ronnenberg-Ihme-Roloven" AngAufDatum="2002-12-11" AngStatus="2" Konditionen="kon" AnzANG="1"/>
  <Angebote AngNr="EI967" AngKurzBeschreibung="3-Zimmer-Eigentumswohnung" AngLagebeschreibung="Hannover - Zooviertel" AngAufDatum="2002-12-11" AngStatus="2" Konditionen="kon" AnzANG="1"/>
  <Angebote AngNr="EI968" AngKurzBeschreibung="3-Zimmer-Eigentumswohnung" AngLagebeschreibung="Misburg" AngAufDatum="2002-12-12" AngStatus="2" Konditionen="kon" AnzANG="1"/>
  <Angebote AngNr="HS998" AngKurzBeschreibung="3-Fam-Haus mit schönen Eckgrundstück und 3 Garagen" AngLagebeschreibung="Hannover - Wülfel" AngAufDatum="2002-12-13" AngStatus="2" Konditionen="kon" AnzANG="1"/>
  <Angebote AngNr="HS999" AngKurzBeschreibung="Schönes Einfamilienhaus mit Vollkeller und Garage" AngLagebeschreibung="Hannover - Bothfeld" AngAufDatum="2002-12-16" AngStatus="2" Konditionen="kon" AnzANG="1"/>
  <Angebote AngNr="EI969" AngKurzBeschreibung="2- Zimmer-Eigentumswohnung" AngLagebeschreibung="Hannover-Südstadt" AngAufDatum="2002-12-16" AngStatus="2" Konditionen="kon" AnzANG="1"/>
  <Angebote AngNr="RH422" AngKurzBeschreibung="Mehrfamilienhaus" AngLagebeschreibung="Hannover - Ricklingen" AngAufDatum="2002-12-19" AngStatus="2" Konditionen="kon" AnzANG="1"/>
  <Angebote AngNr="EI971" AngKurzBeschreibung="2-Zimmer-Eigentumswohnung" AngLagebeschreibung="Hannover-List" AngAufDatum="2002-12-19" AngStatus="2" Konditionen="kon" AnzANG="1"/>
  <Angebote AngNr="EI972" AngKurzBeschreibung="5-6-Zimmer-Eigentumswohnung" AngLagebeschreibung="Hannover - Zentrum" AngAufDatum="2002-12-19" AngStatus="2" Konditionen="kon" AnzANG="1"/>
  <Angebote AngNr="EI970" AngKurzBeschreibung="4-Zimmer-Eigentumswohnung" AngLagebeschreibung="Nähe Lister Meile" AngAufDatum="2002-12-27" AngStatus="2" Konditionen="kon" AnzANG="1"/>
  <Angebote AngNr="HS1002" AngKurzBeschreibung="Großes Zwei-Familienhaus mit 3 Garagen" AngLagebeschreibung="Hannover-Waldheim" AngAufDatum="2003-01-02" AngStatus="2" Konditionen="kon" AnzANG="1"/>
  <Angebote AngNr="HS1001" AngKurzBeschreibung="Großzügiges EFH mit schönem Grundstück" AngLagebeschreibung="Hannover - Isernhagen-Süd, Top Lage" AngAufDatum="2003-01-02" AngStatus="2" Konditionen="kon" AnzANG="1"/>
  <Angebote AngNr="HS1000" AngKurzBeschreibung="Grundsolides Reihenendhaus mit Vollkeller und Garage" AngLagebeschreibung="Sehnde" AngAufDatum="2003-01-06" AngStatus="2" Konditionen="kon" AnzANG="1"/>
  <Angebote AngNr="EI973" AngKurzBeschreibung="3- und 4-Zimmer-Eigentumswohnung" AngLagebeschreibung="Hannover - List" AngAufDatum="2003-01-06" AngStatus="2" Konditionen="kon" AnzANG="1"/>
  <Angebote AngNr="EI974" AngKurzBeschreibung="3-Zimmer-Eigentumswohnung" AngLagebeschreibung="Hannover - Südstadt" AngAufDatum="2003-01-07" AngStatus="2" Konditionen="kon" AnzANG="1"/>
  <Angebote AngNr="EI975" AngKurzBeschreibung="3-Zimmer-Eigentumswohnung" AngLagebeschreibung="Hannover - Oststadt" AngAufDatum="2003-01-07" AngStatus="2" Konditionen="kon" AnzANG="1"/>
  <Angebote AngNr="EI976" AngKurzBeschreibung="3-Zimmer-Eigentumswohnung" AngLagebeschreibung="Hannover - Oststadt" AngAufDatum="2003-01-07" AngStatus="2" Konditionen="kon" AnzANG="1"/>
  <Angebote AngNr="RH423" AngKurzBeschreibung="Wohn- und Geschäftshaus" AngLagebeschreibung="Hannover - Südstadt" AngAufDatum="2003-01-09" AngStatus="2" Konditionen="kon" AnzANG="1"/>
  <Angebote AngNr="EI977" AngKurzBeschreibung="2-Zimmer-Dachgeschoßwohnung" AngLagebeschreibung="Hannover - Südstadt" AngAufDatum="2003-01-09" AngStatus="2" Konditionen="kon" AnzANG="1"/>
  <Angebote AngNr="EI978" AngKurzBeschreibung="3-Zimmer-Dachgeschoßwohnung" AngLagebeschreibung="Hannover - List" AngAufDatum="2003-01-09" AngStatus="2" Konditionen="kon" AnzANG="1"/>
  <Angebote AngNr="EI979" AngKurzBeschreibung="4-Zimmer-Eigentumswohnung" AngLagebeschreibung="Hannover - Ricklingen, Göttinger Hof" AngAufDatum="2003-01-09" AngStatus="2" Konditionen="kon" AnzANG="1"/>
  <Angebote AngNr="EI980" AngKurzBeschreibung="2-Zimmer-Eigentumswohnung" AngLagebeschreibung="Hannover - Wettbergen" AngAufDatum="2003-01-09" AngStatus="2" Konditionen="kon" AnzANG="1"/>
  <Angebote AngNr="RH424" AngKurzBeschreibung="Mehrfamilienhaus" AngLagebeschreibung="Hannover - Linden/Süd" AngAufDatum="2003-01-10" AngStatus="2" Konditionen="kon" AnzANG="1"/>
  <Angebote AngNr="EI981" AngKurzBeschreibung="3-Zimmer-Eigentumswohnung" AngLagebeschreibung="Laatzen" AngAufDatum="2003-01-13" AngStatus="2" Konditionen="kon" AnzANG="1"/>
  <Angebote AngNr="EI982" AngKurzBeschreibung="3-Zimmer-Eigentumswohnung" AngLagebeschreibung="Laatzen" AngAufDatum="2003-01-14" AngStatus="2" Konditionen="kon" AnzANG="1"/>
  <Angebote AngNr="RH425" AngKurzBeschreibung="Büro und 2 Wohneinheiten" AngLagebeschreibung="Hannover - Calenberger Neustadt" AngAufDatum="2003-01-14" AngStatus="2" Konditionen="kon" AnzANG="1"/>
  <Angebote AngNr="EI983" AngKurzBeschreibung="3-Zimmer-Eigentumswohnung" AngLagebeschreibung="Hannover - Linden/Süd" AngAufDatum="2003-01-15" AngStatus="2" Konditionen="kon" AnzANG="1"/>
  <Angebote AngNr="RH426" AngKurzBeschreibung="2 Mehrfamilienhäuser" AngLagebeschreibung="Hannover - Linden/Süd" AngAufDatum="2003-01-15" AngStatus="2" Konditionen="kon" AnzANG="2"/>
  <Angebote AngNr="RH427" AngKurzBeschreibung="Wohn- und Geschäftshaus" AngLagebeschreibung="Hannover - Linden/Süd" AngAufDatum="2003-01-15" AngStatus="2" Konditionen="kon" AnzANG="1"/>
  <Angebote AngNr="RH428" AngKurzBeschreibung="Wohn- und Geschäftshaus" AngLagebeschreibung="Hannover - Linden/Süd" AngAufDatum="2003-01-15" AngStatus="2" Konditionen="kon" AnzANG="1"/>
  <Angebote AngNr="EI984" AngKurzBeschreibung="3-Zimmer-Eigentumswohnung" AngLagebeschreibung="Hannover - Döhren" AngAufDatum="2003-01-15" AngStatus="2" Konditionen="kon" AnzANG="1"/>
  <Angebote AngNr="EI985" AngKurzBeschreibung="4-Zimmer-Eigentumswohnung" AngLagebeschreibung="Hannover - Wettbergen" AngAufDatum="2003-01-16" AngStatus="2" Konditionen="kon" AnzANG="1"/>
  <Angebote AngNr="EI986" AngKurzBeschreibung="3-Zimmer-Eigentumswohnung" AngLagebeschreibung="Hemmingen, OT Arnum" AngAufDatum="2003-01-16" AngStatus="2" Konditionen="kon" AnzANG="1"/>
  <Angebote AngNr="HS1003" AngKurzBeschreibung="Einfamilienhaus mit Garage" AngLagebeschreibung="Sehnde" AngAufDatum="2003-01-17" AngStatus="2" Konditionen="kon" AnzANG="1"/>
  <Angebote AngNr="HS1004" AngKurzBeschreibung="Ein- bis Zweifamilienhaus mit Garage" AngLagebeschreibung="Garbsen, OT Berenbostel" AngAufDatum="2003-01-17" AngStatus="2" Konditionen="kon" AnzANG="1"/>
  <Angebote AngNr="HS1005" AngKurzBeschreibung="Reihenendhaus mit Vollkeller und Garage" AngLagebeschreibung="Pattensen" AngAufDatum="2003-01-17" AngStatus="2" Konditionen="kon" AnzANG="1"/>
  <Angebote AngNr="EI987" AngKurzBeschreibung="3-Zimmer-Eigentumswohnung" AngLagebeschreibung="Hannover - List / Spannhagengarten" AngAufDatum="2003-01-17" AngStatus="2" Konditionen="kon" AnzANG="1"/>
  <Angebote AngNr="HS1006" AngKurzBeschreibung="Grundstück mit Altbestand" AngLagebeschreibung="Langenhagen-Wiesenau sehr gute Wohnlage" AngAufDatum="2003-01-18" AngStatus="2" Konditionen="kon" AnzANG="2"/>
  <Angebote AngNr="HS1007" AngKurzBeschreibung="Bauernhaus mit 2 Wohneinheiten, Garage und Carport" AngLagebeschreibung="Neustadt" AngAufDatum="2003-01-22" AngStatus="2" Konditionen="kon" AnzANG="1"/>
  <Angebote AngNr="RH429" AngKurzBeschreibung="Wohn- und Geschäftshaus" AngLagebeschreibung="Hannover - Döhren" AngAufDatum="2003-01-24" AngStatus="2" Konditionen="kon" AnzANG="1"/>
  <Angebote AngNr="EI988" AngKurzBeschreibung="3-Zimmer-Eigentumswohnung" AngLagebeschreibung="Langenhagen" AngAufDatum="2003-01-27" AngStatus="2" Konditionen="kon" AnzANG="1"/>
  <Angebote AngNr="EI989" AngKurzBeschreibung="3-Zimmer-Eigentumswohnung" AngLagebeschreibung="Langenhagen, OT Godshorn" AngAufDatum="2003-01-27" AngStatus="2" Konditionen="kon" AnzANG="1"/>
  <Angebote AngNr="HS1008" AngKurzBeschreibung="Doppelhaushälfte mit Garage" AngLagebeschreibung="Sehnde, OT Bolzum" AngAufDatum="2003-01-27" AngStatus="2" Konditionen="kon" AnzANG="1"/>
  <Angebote AngNr="EI990" AngKurzBeschreibung="2-Zimmer-Eigentumswohnung" AngLagebeschreibung="Hannover - Nordstadt" AngAufDatum="2003-01-28" AngStatus="2" Konditionen="kon" AnzANG="1"/>
  <Angebote AngNr="RH430" AngKurzBeschreibung="2 Mehrfamilienhäuser" AngLagebeschreibung="Hannover - Linden/Süd" AngAufDatum="2003-01-28" AngStatus="2" Konditionen="kon" AnzANG="1"/>
  <Angebote AngNr="HS1009" AngKurzBeschreibung="Reihenhaus mit Garage" AngLagebeschreibung="Garbsen - Mitte" AngAufDatum="2003-01-29" AngStatus="2" Konditionen="kon" AnzANG="1"/>
  <Angebote AngNr="HS1010" AngKurzBeschreibung="Großes Einfamilienhaus mit 2-Zimmer-Einliegerwohnung und Garage" AngLagebeschreibung="Sehnde, OT Ilten" AngAufDatum="2003-01-29" AngStatus="2" Konditionen="kon" AnzANG="1"/>
  <Angebote AngNr="HS1011" AngKurzBeschreibung="Großzügiges Einfamilienhaus mit Kamin und Garage auf schönem Grundstück" AngLagebeschreibung="Sehnde" AngAufDatum="2003-01-31" AngStatus="2" Konditionen="kon" AnzANG="1"/>
  <Angebote AngNr="HS1012" AngKurzBeschreibung="Großzügiger, gepflegter Bungalow" AngLagebeschreibung="Sehnde" AngAufDatum="2003-01-31" AngStatus="2" Konditionen="kon" AnzANG="1"/>
  <Angebote AngNr="EI991" AngKurzBeschreibung="2-Zimmer-Eigentumswohnung" AngLagebeschreibung="Hannover - Ahlem" AngAufDatum="2003-02-04" AngStatus="2" Konditionen="kon" AnzANG="1"/>
  <Angebote AngNr="HS1013" AngKurzBeschreibung="Reihenendhaus mit Garage und Gartenhaus" AngLagebeschreibung="Laatzen, OT Rethen" AngAufDatum="2003-02-04" AngStatus="2" Konditionen="kon" AnzANG="1"/>
  <Angebote AngNr="RH431" AngKurzBeschreibung="Mehrfamilienhaus" AngLagebeschreibung="Hannover - Linden/Nord" AngAufDatum="2003-02-04" AngStatus="2" Konditionen="kon" AnzANG="1"/>
  <Angebote AngNr="HS1014" AngKurzBeschreibung="Großes Einfamilienhaus  mit Garage auf schönem Grundstück" AngLagebeschreibung="Hannover - Badenstedt" AngAufDatum="2003-02-04" AngStatus="2" Konditionen="kon" AnzANG="1"/>
  <Angebote AngNr="RH432" AngKurzBeschreibung="Villa (Originalzustand)" AngLagebeschreibung="Hannover - Groß Buchholz" AngAufDatum="2003-02-05" AngStatus="2" Konditionen="kon" AnzANG="1"/>
  <Angebote AngNr="HS1015" AngKurzBeschreibung="Neuwertiges Einfamilienhaus mit Wintergarten" AngLagebeschreibung="Sehnde, OT Evern" AngAufDatum="2003-02-06" AngStatus="2" Konditionen="kon" AnzANG="1"/>
  <Angebote AngNr="EI992" AngKurzBeschreibung="3½-Zimmer-Eigentumswohnung" AngLagebeschreibung="Hannover - List" AngAufDatum="2003-02-06" AngStatus="2" Konditionen="kon" AnzANG="1"/>
  <Angebote AngNr="EI993" AngKurzBeschreibung="2-Zimmer-Eigentumswohnung" AngLagebeschreibung="Laatzen" AngAufDatum="2003-02-06" AngStatus="2" Konditionen="kon" AnzANG="1"/>
  <Angebote AngNr="EI994" AngKurzBeschreibung="4-Zimmer-Eigentumswohnung" AngLagebeschreibung="Garbsen, OT Schloß Ricklingen" AngAufDatum="2003-02-06" AngStatus="2" Konditionen="kon" AnzANG="1"/>
  <Angebote AngNr="EI995" AngKurzBeschreibung="3-Zimmer-Eigentumswohnung" AngLagebeschreibung="Langenhagen" AngAufDatum="2003-02-06" AngStatus="2" Konditionen="kon" AnzANG="1"/>
  <Angebote AngNr="EI996" AngKurzBeschreibung="4½-Zimmer-Eigentumswohnung" AngLagebeschreibung="Langenhagen" AngAufDatum="2003-02-06" AngStatus="2" Konditionen="kon" AnzANG="1"/>
  <Angebote AngNr="EI997" AngKurzBeschreibung="3-Zimmer-Eigentumswohnung" AngLagebeschreibung="Hannover - Heideviertel" AngAufDatum="2003-02-07" AngStatus="2" Konditionen="kon" AnzANG="1"/>
  <Angebote AngNr="HS1016" AngKurzBeschreibung="Zweifamilienhaus mit ausgebautem Vollkeller" AngLagebeschreibung="Garbsen, OT Osterwald" AngAufDatum="2003-02-07" AngStatus="2" Konditionen="kon" AnzANG="1"/>
  <Angebote AngNr="EI998" AngKurzBeschreibung="3-Zimmer-Eigentumswohnung" AngLagebeschreibung="Hannover - Vahrenwald" AngAufDatum="2003-02-10" AngStatus="2" Konditionen="kon" AnzANG="1"/>
  <Angebote AngNr="EI999" AngKurzBeschreibung="2-Zimmer-Eigentumswohnung" AngLagebeschreibung="Garbsen, OT Osterwald u.E." AngAufDatum="2003-02-10" AngStatus="2" Konditionen="kon" AnzANG="1"/>
  <Angebote AngNr="EI1000" AngKurzBeschreibung="3-Zimmer-Eigentumswohnung" AngLagebeschreibung="Hannover - Südstadt" AngAufDatum="2003-02-11" AngStatus="2" Konditionen="kon" AnzANG="1"/>
  <Angebote AngNr="RH433" AngKurzBeschreibung="Wohnanlage mit 205 Wohneinheiten" AngLagebeschreibung="Hannover - List" AngAufDatum="2003-02-11" AngStatus="2" Konditionen="kon" AnzANG="21"/>
  <Angebote AngNr="EI1001" AngKurzBeschreibung="3-Zimmer-Eigentumswohnung" AngLagebeschreibung="Hannover - Groß-Buchholz" AngAufDatum="2003-02-11" AngStatus="2" Konditionen="kon" AnzANG="1"/>
  <Angebote AngNr="RH434" AngKurzBeschreibung="Wohn- und Geschäftshaus" AngLagebeschreibung="Hannover - Südstadt" AngAufDatum="2003-02-12" AngStatus="2" Konditionen="kon" AnzANG="1"/>
  <Angebote AngNr="HS1017" AngKurzBeschreibung="Top gepflegtes Reihenmittelhaus mit Stellplatz" AngLagebeschreibung="Sehnde, OT Klein Bolzum" AngAufDatum="2003-02-13" AngStatus="2" Konditionen="kon" AnzANG="1"/>
  <Angebote AngNr="HS1018" AngKurzBeschreibung="Repräsentatives Ein- bis Zweifamilienhaus mit Einliegerwohnung" AngLagebeschreibung="Wennigsen, OT Bredenbeck" AngAufDatum="2003-02-13" AngStatus="2" Konditionen="kon" AnzANG="1"/>
  <Angebote AngNr="EI1002" AngKurzBeschreibung="3-Zimmer-Eigentumswohnung" AngLagebeschreibung="Hannover - Linden/Nord" AngAufDatum="2003-02-14" AngStatus="2" Konditionen="kon" AnzANG="1"/>
  <Angebote AngNr="EI1003" AngKurzBeschreibung="2-Zimmer-Eigentumswohnung" AngLagebeschreibung="Hannover - Stöcken" AngAufDatum="2003-02-14" AngStatus="2" Konditionen="kon" AnzANG="1"/>
  <Angebote AngNr="HS1019" AngKurzBeschreibung="Reihenendhaus mit Vollkeller und Garage" AngLagebeschreibung="Pattensen" AngAufDatum="2003-02-19" AngStatus="2" Konditionen="kon" AnzANG="1"/>
  <Angebote AngNr="HS1020" AngKurzBeschreibung="Großes Ein- bis Zweifamilienhaus mit Vollkeller und Garage" AngLagebeschreibung="Hannover - List (Malerviertel)" AngAufDatum="2003-02-19" AngStatus="2" Konditionen="kon" AnzANG="1"/>
  <Angebote AngNr="EI1004" AngKurzBeschreibung="2-Zimmer-Eigentumswohnung" AngLagebeschreibung="Hannover - Groß-Buchholz" AngAufDatum="2003-02-19" AngStatus="2" Konditionen="kon" AnzANG="1"/>
  <Angebote AngNr="EI1005" AngKurzBeschreibung="4-Zimmer-Eigentumswohnung" AngLagebeschreibung="Hannover - Oststadt" AngAufDatum="2003-02-19" AngStatus="2" Konditionen="kon" AnzANG="1"/>
  <Angebote AngNr="EI1006" AngKurzBeschreibung="3-Zimmer-Eigentumswohnung" AngLagebeschreibung="Hannover - Südstadt" AngAufDatum="2003-02-20" AngStatus="2" Konditionen="kon" AnzANG="1"/>
  <Angebote AngNr="RH435" AngKurzBeschreibung="Mehrfamilienhaus" AngLagebeschreibung="Hannover - Döhren" AngAufDatum="2003-02-21" AngStatus="2" Konditionen="kon" AnzANG="2"/>
  <Angebote AngNr="EI1007" AngKurzBeschreibung="3-Zimmer-Eigentumswohnung" AngLagebeschreibung="Hannover - List" AngAufDatum="2003-02-24" AngStatus="2" Konditionen="kon" AnzANG="1"/>
  <Angebote AngNr="EI1008" AngKurzBeschreibung="4-5-Zimmer-Eigentumswohnung" AngLagebeschreibung="Hannover - Kirchrode" AngAufDatum="2003-02-26" AngStatus="2" Konditionen="kon" AnzANG="1"/>
  <Angebote AngNr="HS1021" AngKurzBeschreibung="Exklusive Doppelhaushälfte mit Vollkeller und Doppelgarage" AngLagebeschreibung="Hannover - Kirchrode" AngAufDatum="2003-02-27" AngStatus="2" Konditionen="kon" AnzANG="1"/>
  <Angebote AngNr="HS1022" AngKurzBeschreibung="Reihenendhaus mit Vollkeller und Garage" AngLagebeschreibung="Garbsen - Mitte" AngAufDatum="2003-02-27" AngStatus="2" Konditionen="kon" AnzANG="1"/>
  <Angebote AngNr="HS1023" AngKurzBeschreibung="Zweifamilienhaus" AngLagebeschreibung="Hannover - Groß Buchholz / Top Lage am Steuerndieb" AngAufDatum="2003-02-28" AngStatus="2" Konditionen="kon" AnzANG="2"/>
  <Angebote AngNr="HS1024" AngKurzBeschreibung="Grundstück mit Altbestand" AngLagebeschreibung="Hannover - Groß-Buchholz" AngAufDatum="2003-02-28" AngStatus="2" Konditionen="kon" AnzANG="1"/>
  <Angebote AngNr="EI1009" AngKurzBeschreibung="3-Zimmer-Eigentumswohung" AngLagebeschreibung="Hannover - List, Spannhagengarten" AngAufDatum="2003-02-28" AngStatus="2" Konditionen="kon" AnzANG="1"/>
  <Angebote AngNr="EI1010" AngKurzBeschreibung="2-Zimmer-Eigentumswohnung" AngLagebeschreibung="Hannover - Zooviertel" AngAufDatum="2003-03-04" AngStatus="2" Konditionen="kon" AnzANG="1"/>
  <Angebote AngNr="HS1025" AngKurzBeschreibung="2 Doppelhaushälften, Neubau, Erstbezug" AngLagebeschreibung="Sehnde, OT Ilten" AngAufDatum="2003-03-04" AngStatus="2" Konditionen="kon" AnzANG="2"/>
  <Angebote AngNr="HS1026" AngKurzBeschreibung="Reihenmittelhaus mit Einstellplatz" AngLagebeschreibung="Laatzen, OT Rethen" AngAufDatum="2003-03-04" AngStatus="2" Konditionen="kon" AnzANG="1"/>
  <Angebote AngNr="HS1027" AngKurzBeschreibung="Reihenendhaus mit Vollkeller und Garage" AngLagebeschreibung="Garbsen, OT Altgarbsen" AngAufDatum="2003-03-04" AngStatus="2" Konditionen="kon" AnzANG="1"/>
  <Angebote AngNr="EI1011" AngKurzBeschreibung="3½-Zimmer-Maisonetten-Wohnung" AngLagebeschreibung="Hannover - Südstadt" AngAufDatum="2003-03-06" AngStatus="2" Konditionen="kon" AnzANG="1"/>
  <Angebote AngNr="HS1028" AngKurzBeschreibung="Reihenhaus mit Gewährleistung bis 2004, Carport" AngLagebeschreibung="Hemmingen, OT Arnum" AngAufDatum="2003-03-06" AngStatus="2" Konditionen="kon" AnzANG="1"/>
  <Angebote AngNr="RH436" AngKurzBeschreibung="Wohn- und Geschäftshaus" AngLagebeschreibung="Hannover - Döhren" AngAufDatum="2003-03-06" AngStatus="2" Konditionen="kon" AnzANG="2"/>
  <Angebote AngNr="RH440" AngKurzBeschreibung="Mehrfamilienhaus" AngLagebeschreibung="Hannover - Calenberger Neustadt" AngAufDatum="2003-03-07" AngStatus="2" Konditionen="kon" AnzANG="1"/>
  <Angebote AngNr="RH437" AngKurzBeschreibung="Wohn- und Geschäftshaus" AngLagebeschreibung="Hannover - Nordstadt" AngAufDatum="2003-03-07" AngStatus="2" Konditionen="kon" AnzANG="1"/>
  <Angebote AngNr="EI1012" AngKurzBeschreibung="7-Zimmer-Eigentumswohnung" AngLagebeschreibung="Hannover - Oststadt" AngAufDatum="2003-03-07" AngStatus="2" Konditionen="kon" AnzANG="1"/>
  <Angebote AngNr="RH439" AngKurzBeschreibung="2 Mehrfamilienhäuser" AngLagebeschreibung="Hannover - Limmer" AngAufDatum="2003-03-10" AngStatus="2" Konditionen="kon" AnzANG="2"/>
  <Angebote AngNr="HS1029" AngKurzBeschreibung="Friesenhaus mit Keller" AngLagebeschreibung="Hannover - Alt-Bothfeld" AngAufDatum="2003-03-10" AngStatus="2" Konditionen="kon" AnzANG="1"/>
  <Angebote AngNr="HS1030" AngKurzBeschreibung="Reihenhaus mit Keller und Wintergarten" AngLagebeschreibung="Hannover - Groß-Buchholz" AngAufDatum="2003-03-10" AngStatus="2" Konditionen="kon" AnzANG="1"/>
  <Angebote AngNr="HS1031" AngKurzBeschreibung="Reihenmittelhaus mit Garage" AngLagebeschreibung="Ronnenberg" AngAufDatum="2003-03-11" AngStatus="2" Konditionen="kon" AnzANG="1"/>
  <Angebote AngNr="RH438" AngKurzBeschreibung="Wohn- und Geschäftshaus" AngLagebeschreibung="Hannover - Limmer" AngAufDatum="2003-03-11" AngStatus="2" Konditionen="kon" AnzANG="1"/>
  <Angebote AngNr="HS1032" AngKurzBeschreibung="Reihenmittelhaus auf schönem Grundstück mit Wintergarten und Garage" AngLagebeschreibung="Hemmingen, OT Harkenbleck" AngAufDatum="2003-03-11" AngStatus="2" Konditionen="kon" AnzANG="1"/>
  <Angebote AngNr="EI1013" AngKurzBeschreibung="4-Zimmer-Eigentumswohnung" AngLagebeschreibung="Laatzen" AngAufDatum="2003-03-11" AngStatus="2" Konditionen="kon" AnzANG="1"/>
  <Angebote AngNr="EI1014" AngKurzBeschreibung="2-Zimmer-Eigentumswohnung" AngLagebeschreibung="Hannover - Vahrenwald" AngAufDatum="2003-03-12" AngStatus="2" Konditionen="kon" AnzANG="1"/>
  <Angebote AngNr="EI1015" AngKurzBeschreibung="2-3-Zimmer-Eigentumswohnung" AngLagebeschreibung="Hannover - Ricklingen" AngAufDatum="2003-03-12" AngStatus="2" Konditionen="kon" AnzANG="1"/>
  <Angebote AngNr="EI1016" AngKurzBeschreibung="3-Zimmer-Eigentumswohnung" AngLagebeschreibung="Hannover - Zooviertel" AngAufDatum="2003-03-12" AngStatus="2" Konditionen="kon" AnzANG="1"/>
  <Angebote AngNr="RH441" AngKurzBeschreibung="Mehrfamilienhaus" AngLagebeschreibung="Hannover - Südstadt" AngAufDatum="2003-03-13" AngStatus="2" Konditionen="kon" AnzANG="1"/>
  <Angebote AngNr="HS1033" AngKurzBeschreibung="Winkelbungalow mit Garage im Keller" AngLagebeschreibung="Wennigsen, OT Wennigser Mark" AngAufDatum="2003-03-14" AngStatus="2" Konditionen="kon" AnzANG="1"/>
  <Angebote AngNr="HS1034" AngKurzBeschreibung="Ein- bis Zweifamilienhaus mit Vollkeller und 3 Garagen" AngLagebeschreibung="Garbsen, OT Berenbostel" AngAufDatum="2003-03-19" AngStatus="2" Konditionen="kon" AnzANG="1"/>
  <Angebote AngNr="RH442" AngKurzBeschreibung="Repräsentatives Mehrfamilenhaus  in der List" AngLagebeschreibung="Hannover - List" AngAufDatum="2003-03-20" AngStatus="2" Konditionen="kon" AnzANG="1"/>
  <Angebote AngNr="HS1035" AngKurzBeschreibung="Pfiffiges Reihenmittelhaus mit Teilkeller und Garage" AngLagebeschreibung="Sarstedt" AngAufDatum="2003-03-20" AngStatus="2" Konditionen="kon" AnzANG="1"/>
  <Angebote AngNr="HS1036" AngKurzBeschreibung="Sanierte Doppelhaushälfte mit Garage in ruhiger Lage" AngLagebeschreibung="Hannover - Groß-Buchholz" AngAufDatum="2003-03-25" AngStatus="2" Konditionen="kon" AnzANG="1"/>
  <Angebote AngNr="HS1037" AngKurzBeschreibung="Doppelhaushälfte mit Vollkeller" AngLagebeschreibung="Hannover - Bothfeld" AngAufDatum="2003-03-25" AngStatus="2" Konditionen="kon" AnzANG="1"/>
  <Angebote AngNr="EI1017" AngKurzBeschreibung="4-Zimmer-Eigentumswohnung" AngLagebeschreibung="Hannover - Anderten" AngAufDatum="2003-03-26" AngStatus="2" Konditionen="kon" AnzANG="1"/>
  <Angebote AngNr="EI1018" AngKurzBeschreibung="3-Zimmer-Eigentumswohnung" AngLagebeschreibung="Hannover - Bothfeld" AngAufDatum="2003-03-26" AngStatus="2" Konditionen="kon" AnzANG="1"/>
  <Angebote AngNr="HS1038" AngKurzBeschreibung="Exklusives Einfamilienhaus mit Garage" AngLagebeschreibung="Garbsen, OT Meyenfeld" AngAufDatum="2003-03-26" AngStatus="2" Konditionen="kon" AnzANG="1"/>
  <Angebote AngNr="HS1039" AngKurzBeschreibung="Einfamilienhaus mit 3 Garagen" AngLagebeschreibung="Wunstorf, OT Luthe" AngAufDatum="2003-03-27" AngStatus="2" Konditionen="kon" AnzANG="1"/>
  <Angebote AngNr="HS1040" AngKurzBeschreibung="Reihenhaus mit Carport in ruhiger Lage" AngLagebeschreibung="Wunstorf" AngAufDatum="2003-03-27" AngStatus="2" Konditionen="kon" AnzANG="1"/>
  <Angebote AngNr="HS1041" AngKurzBeschreibung="Reihenhaus mit 2 Garagen" AngLagebeschreibung="Gute Wohnlage in Sehnde" AngAufDatum="2003-04-02" AngStatus="2" Konditionen="kon" AnzANG="1"/>
  <Angebote AngNr="EI1019" AngKurzBeschreibung="4-Zimmer-Eigentumswohnung" AngLagebeschreibung="Hannover - Südstadt" AngAufDatum="2003-04-04" AngStatus="2" Konditionen="kon" AnzANG="1"/>
  <Angebote AngNr="RH443" AngKurzBeschreibung="Wohn- und Geschäftshaus" AngLagebeschreibung="Hannover - Linden/Nord" AngAufDatum="2003-04-04" AngStatus="2" Konditionen="kon" AnzANG="1"/>
  <Angebote AngNr="EI1020" AngKurzBeschreibung="3-Zimmer-Eigentumswohnung mit Garage" AngLagebeschreibung="Laatzen (Nord)" AngAufDatum="2003-04-07" AngStatus="2" Konditionen="kon" AnzANG="1"/>
  <Angebote AngNr="EI1021" AngKurzBeschreibung="3-Zimmer-Eigentumswohnung" AngLagebeschreibung="Hannover - Groß-Buchholz" AngAufDatum="2003-04-07" AngStatus="2" Konditionen="kon" AnzANG="1"/>
  <Angebote AngNr="EI1022" AngKurzBeschreibung="3½-Zimmer-DG-Eigentumswohnung" AngLagebeschreibung="Hannover - List" AngAufDatum="2003-04-08" AngStatus="2" Konditionen="kon" AnzANG="1"/>
  <Angebote AngNr="HS1042" AngKurzBeschreibung="Repräsentatives großzügiges Einfamilienhaus mit Schwimmbad" AngLagebeschreibung="Hannover - Isernhagen-Süd" AngAufDatum="2003-04-08" AngStatus="2" Konditionen="kon" AnzANG="1"/>
  <Angebote AngNr="EI1023" AngKurzBeschreibung="maisonettenartige 2-3-Zimmer-Eigentumswohnung" AngLagebeschreibung="Hannover - Bothfeld" AngAufDatum="2003-04-08" AngStatus="2" Konditionen="kon" AnzANG="1"/>
  <Angebote AngNr="EI1024" AngKurzBeschreibung="2-Zimmer-Eigentumswohnung" AngLagebeschreibung="Hannover - Stöcken" AngAufDatum="2003-04-08" AngStatus="2" Konditionen="kon" AnzANG="1"/>
  <Angebote AngNr="EI1025" AngKurzBeschreibung="3-Zimmer-Eigentumswohnung" AngLagebeschreibung="Hannover - Groß-Buchholz" AngAufDatum="2003-04-09" AngStatus="2" Konditionen="kon" AnzANG="1"/>
  <Angebote AngNr="HS1043" AngKurzBeschreibung="Reihenendhaus mit Vollkeller und Doppelgarage" AngLagebeschreibung="Ronnenberg" AngAufDatum="2003-04-10" AngStatus="2" Konditionen="kon" AnzANG="1"/>
  <Angebote AngNr="HS1044" AngKurzBeschreibung="Exklusive Doppelhaushälfte mit Garage, Energiesparhaus" AngLagebeschreibung="Barsinghausen" AngAufDatum="2003-04-11" AngStatus="2" Konditionen="kon" AnzANG="1"/>
  <Angebote AngNr="BP1045" AngKurzBeschreibung="Baugrundstück" AngLagebeschreibung="Hannover - Groß-Buchholz" AngAufDatum="2003-04-14" AngStatus="2" Konditionen="kon" AnzANG="1"/>
  <Angebote AngNr="HS1046" AngKurzBeschreibung="Kleines Einfamilienhaus mit Garage und Einliegerwohnung" AngLagebeschreibung="Hannover - Groß-Buchholz" AngAufDatum="2003-04-15" AngStatus="2" Konditionen="kon" AnzANG="1"/>
  <Angebote AngNr="RH444" AngKurzBeschreibung="Bürohaus und Verwaltungsgebäude" AngLagebeschreibung="Hannover - Zoo" AngAufDatum="2003-04-16" AngStatus="2" Konditionen="kon" AnzANG="1"/>
  <Angebote AngNr="HS1047" AngKurzBeschreibung="Gepflegtes Einfamilienhaus auf wunderschönem, idyllischen Grundstück" AngLagebeschreibung="Langenhagen" AngAufDatum="2003-04-23" AngStatus="2" Konditionen="kon" AnzANG="1"/>
  <Angebote AngNr="HS1048" AngKurzBeschreibung="Neuwertige Doppelhaushälfte" AngLagebeschreibung="Sehnde" AngAufDatum="2003-04-23" AngStatus="2" Konditionen="kon" AnzANG="1"/>
  <Angebote AngNr="HS1049" AngKurzBeschreibung="Reihenmittelhaus mit Vollkeller und Garage" AngLagebeschreibung="Hemmingen, OT Harkenbleck" AngAufDatum="2003-04-23" AngStatus="2" Konditionen="kon" AnzANG="1"/>
  <Angebote AngNr="EI1026" AngKurzBeschreibung="2-Zimmer-Eigentumswohnung" AngLagebeschreibung="Hannover - Linden/Süd" AngAufDatum="2003-04-25" AngStatus="2" Konditionen="kon" AnzANG="1"/>
  <Angebote AngNr="EI1027" AngKurzBeschreibung="5-Zimmer-Eigentumswohnung mit Sanierungsverpflichtung" AngLagebeschreibung="Hannover - Linden/Süd" AngAufDatum="2003-04-28" AngStatus="2" Konditionen="kon" AnzANG="1"/>
  <Angebote AngNr="EI1028" AngKurzBeschreibung="2½-Zimmer- Eigentumswohnung" AngLagebeschreibung="Hannover - Oberricklingen" AngAufDatum="2003-04-28" AngStatus="2" Konditionen="kon" AnzANG="1"/>
  <Angebote AngNr="EI1029" AngKurzBeschreibung="2-Zimmer-Eigentumswohnung" AngLagebeschreibung="Hannover - Oberricklingen" AngAufDatum="2003-05-06" AngStatus="2" Konditionen="kon" AnzANG="1"/>
  <Angebote AngNr="EI1030" AngKurzBeschreibung="4-Zimmer-Eigentumswohnung" AngLagebeschreibung="Hannover - Heideviertel" AngAufDatum="2003-05-06" AngStatus="2" Konditionen="kon" AnzANG="1"/>
  <Angebote AngNr="EI1031" AngKurzBeschreibung="2-Zimmer-Eigentumswohnung" AngLagebeschreibung="Hannover - Kirchrode" AngAufDatum="2003-05-06" AngStatus="2" Konditionen="kon" AnzANG="1"/>
  <Angebote AngNr="EI1032" AngKurzBeschreibung="4-Zimmer-Eigentumswohnung" AngLagebeschreibung="Hannover - Bult" AngAufDatum="2003-05-06" AngStatus="2" Konditionen="kon" AnzANG="1"/>
  <Angebote AngNr="HS1050" AngKurzBeschreibung="Reihenendhaus mit Nebengebäude und Vollkeller" AngLagebeschreibung="Garbsen, OT Alt-Garbsen" AngAufDatum="2003-05-07" AngStatus="2" Konditionen="kon" AnzANG="1"/>
  <Angebote AngNr="EI1033" AngKurzBeschreibung="4½-Zimmer-Eigentumswohnung" AngLagebeschreibung="Hannover - List" AngAufDatum="2003-05-08" AngStatus="2" Konditionen="kon" AnzANG="1"/>
  <Angebote AngNr="HS1051" AngKurzBeschreibung="sehr geräumiges Dreifamilienhaus" AngLagebeschreibung="Ronnenberg, OT Linderte" AngAufDatum="2003-05-08" AngStatus="2" Konditionen="kon" AnzANG="1"/>
  <Angebote AngNr="HS1052" AngKurzBeschreibung="Außergewöhnlich gut ausgestattetes Reihenhaus mit Doppelgarage" AngLagebeschreibung="Wunstorf" AngAufDatum="2003-05-08" AngStatus="2" Konditionen="kon" AnzANG="1"/>
  <Angebote AngNr="RH445" AngKurzBeschreibung="Mehrfamilienhaus" AngLagebeschreibung="Hannover - Oststadt" AngAufDatum="2003-05-09" AngStatus="2" Konditionen="kon" AnzANG="1"/>
  <Angebote AngNr="HS1053" AngKurzBeschreibung="Einfamilienhaus mit Garage" AngLagebeschreibung="Lehrte" AngAufDatum="2003-05-13" AngStatus="2" Konditionen="kon" AnzANG="1"/>
  <Angebote AngNr="EI1036" AngKurzBeschreibung="2-Zimmer-Eigentumswohnung" AngLagebeschreibung="Hannover - Badenstedt" AngAufDatum="2003-05-13" AngStatus="2" Konditionen="kon" AnzANG="1"/>
  <Angebote AngNr="EI1034" AngKurzBeschreibung="5-Zimmer-Eigentumswohnung" AngLagebeschreibung="Isernhagen HB" AngAufDatum="2003-05-13" AngStatus="2" Konditionen="kon" AnzANG="2"/>
  <Angebote AngNr="EI1035" AngKurzBeschreibung="4-Zimmer-Eigentumsweohnung" AngLagebeschreibung="Hannover-Döhren / Leineinsel" AngAufDatum="2003-05-13" AngStatus="2" Konditionen="kon" AnzANG="1"/>
  <Angebote AngNr="EI1037" AngKurzBeschreibung="3-Zimmer-Eigentumswohnung" AngLagebeschreibung="Hannover-Döhren / Leineinsel" AngAufDatum="2003-05-13" AngStatus="2" Konditionen="kon" AnzANG="1"/>
  <Angebote AngNr="EI1038" AngKurzBeschreibung="1-Zimmer-Eigentumswohnung" AngLagebeschreibung="Hannover-Velber" AngAufDatum="2003-05-14" AngStatus="2" Konditionen="kon" AnzANG="2"/>
  <Angebote AngNr="EI1039" AngKurzBeschreibung="1- Zimmer-Eigentumswohnung" AngLagebeschreibung="Hannover - Buchholz" AngAufDatum="2003-05-15" AngStatus="2" Konditionen="kon" AnzANG="1"/>
  <Angebote AngNr="EI1040" AngKurzBeschreibung="5-Zimmer ETW auf zwei Ebenen mit sehr großen Keller (55 m²)" AngLagebeschreibung="Hannover-Bothfeld" AngAufDatum="2003-05-15" AngStatus="2" Konditionen="kon" AnzANG="1"/>
  <Angebote AngNr="EI1041" AngKurzBeschreibung="5-Zimmer- Maisonette- Eigentumswohnung mit Sauna" AngLagebeschreibung="Hannover - Bothfeld" AngAufDatum="2003-05-15" AngStatus="2" Konditionen="kon" AnzANG="1"/>
  <Angebote AngNr="RH446" AngKurzBeschreibung="Wohn- und Geschäftshaus mit 4 Garagen" AngLagebeschreibung="Hannover - Südstadt" AngAufDatum="2003-05-16" AngStatus="2" Konditionen="kon" AnzANG="1"/>
  <Angebote AngNr="EI1043" AngKurzBeschreibung="3-Zimmer-Eigentumswohnung mit Balkon" AngLagebeschreibung="Hannover - Misburg" AngAufDatum="2003-05-17" AngStatus="2" Konditionen="kon" AnzANG="1"/>
  <Angebote AngNr="RH447" AngKurzBeschreibung="Wohn- und Geschäftshaus" AngLagebeschreibung="Hannover - Döhren" AngAufDatum="2003-05-19" AngStatus="2" Konditionen="kon" AnzANG="1"/>
  <Angebote AngNr="HS1054" AngKurzBeschreibung="Reihenendhaus mit Vollkeller und Doppelcarport" AngLagebeschreibung="Empelde, Wohnpark am See" AngAufDatum="2003-05-19" AngStatus="2" Konditionen="kon" AnzANG="1"/>
  <Angebote AngNr="HS1055" AngKurzBeschreibung="Reihenmittelhaus mit Vollkeller" AngLagebeschreibung="Empelde" AngAufDatum="2003-05-19" AngStatus="2" Konditionen="kon" AnzANG="1"/>
  <Angebote AngNr="EI1044" AngKurzBeschreibung="1-Zimmer-Eigentumswohnung" AngLagebeschreibung="Hannover - Vahrenheide" AngAufDatum="2003-05-20" AngStatus="2" Konditionen="kon" AnzANG="1"/>
  <Angebote AngNr="EI1045" AngKurzBeschreibung="3 - Zimmer-Eigentumswohnung" AngLagebeschreibung="Hannover - Döhren, Leineinsel" AngAufDatum="2003-05-22" AngStatus="2" Konditionen="kon" AnzANG="1"/>
  <Angebote AngNr="HS1056" AngKurzBeschreibung="Reihenmittelhaus mit Vollkeller und Carport" AngLagebeschreibung="Ronnenberg, OT Empelde" AngAufDatum="2003-05-26" AngStatus="2" Konditionen="kon" AnzANG="1"/>
  <Angebote AngNr="EI1047" AngKurzBeschreibung="2-Zimmer-Eigentumswohnung" AngLagebeschreibung="Hannover - Groß-Buchholz" AngAufDatum="2003-05-27" AngStatus="2" Konditionen="kon" AnzANG="1"/>
  <Angebote AngNr="EI1048" AngKurzBeschreibung="2-Zimmer-Eigentumswohnung" AngLagebeschreibung="Hannover - Waldhausen" AngAufDatum="2003-05-27" AngStatus="2" Konditionen="kon" AnzANG="1"/>
  <Angebote AngNr="EI1049" AngKurzBeschreibung="3-Zimmer-Eigentumswohnung" AngLagebeschreibung="Hannover - Oststadt" AngAufDatum="2003-05-27" AngStatus="2" Konditionen="kon" AnzANG="1"/>
  <Angebote AngNr="EI1050" AngKurzBeschreibung="3-Zimmer-Eigentumswohnung" AngLagebeschreibung="Hannover - Ahlem" AngAufDatum="2003-05-28" AngStatus="2" Konditionen="kon" AnzANG="1"/>
  <Angebote AngNr="EI1051" AngKurzBeschreibung="3-Zimmer-Eigentumswohnung" AngLagebeschreibung="Hannover - Südstadt" AngAufDatum="2003-05-28" AngStatus="2" Konditionen="kon" AnzANG="1"/>
  <Angebote AngNr="EI1052" AngKurzBeschreibung="4-Zimmer-Eigentumswohnung" AngLagebeschreibung="Hannover - Groß-Buchholz" AngAufDatum="2003-05-28" AngStatus="2" Konditionen="kon" AnzANG="2"/>
  <Angebote AngNr="EI1053" AngKurzBeschreibung="1-Zimmer-Eigentumswohnung" AngLagebeschreibung="Hannover - Heideviertel" AngAufDatum="2003-05-28" AngStatus="2" Konditionen="kon" AnzANG="1"/>
  <Angebote AngNr="EI1054" AngKurzBeschreibung="2-Zimmer-Eigentumswohnung" AngLagebeschreibung="Hannover - Vahrenwald / List" AngAufDatum="2003-05-28" AngStatus="2" Konditionen="kon" AnzANG="1"/>
  <Angebote AngNr="WO1046" AngKurzBeschreibung="Reihenendhaus mit Keller und 2 Stockwerken" AngLagebeschreibung="Hannover - Bemerode" AngAufDatum="2003-05-28" AngStatus="2" Konditionen="kon" AnzANG="1"/>
  <Angebote AngNr="WO1042" AngKurzBeschreibung="2-Zimmer-Mietwohnung mit Balkon" AngLagebeschreibung="Hannover - Südstadt - Toplage Maschpark - Haarstraße" AngAufDatum="2003-05-30" AngStatus="2" Konditionen="kon" AnzANG="1"/>
  <Angebote AngNr="RH448" AngKurzBeschreibung="Mehrfamilienhaus" AngLagebeschreibung="Hannover - Südstadt" AngAufDatum="2003-05-30" AngStatus="2" Konditionen="kon" AnzANG="1"/>
  <Angebote AngNr="EI1055" AngKurzBeschreibung="4-Zimmer-Eigentumswohnung" AngLagebeschreibung="Hannover - Calenberger Neustadt" AngAufDatum="2003-06-02" AngStatus="2" Konditionen="kon" AnzANG="1"/>
  <Angebote AngNr="EI1056" AngKurzBeschreibung="4-Zimmer-Eigentumswohnung" AngLagebeschreibung="Hannover - Calenberger Neustadt" AngAufDatum="2003-06-02" AngStatus="2" Konditionen="kon" AnzANG="1"/>
  <Angebote AngNr="EI1057" AngKurzBeschreibung="4-Zimmer-Eigentumswohnung" AngLagebeschreibung="Hannover - Calenberger Neustadt" AngAufDatum="2003-06-02" AngStatus="2" Konditionen="kon" AnzANG="1"/>
  <Angebote AngNr="EI1058" AngKurzBeschreibung="Dachgeschoß und Spitzboden" AngLagebeschreibung="Hannover - Calenberger Neustadt" AngAufDatum="2003-06-02" AngStatus="2" Konditionen="kon" AnzANG="1"/>
  <Angebote AngNr="HS1057" AngKurzBeschreibung="Reihenendhaus, Erstbezug" AngLagebeschreibung="Ronnenberg, OT Empelde" AngAufDatum="2003-06-03" AngStatus="2" Konditionen="kon" AnzANG="1"/>
  <Angebote AngNr="EI1059" AngKurzBeschreibung="3½-Zimmer-Eigentumswohnung" AngLagebeschreibung="Langenhagen - Nähe Silbersee" AngAufDatum="2003-06-03" AngStatus="2" Konditionen="kon" AnzANG="1"/>
  <Angebote AngNr="EI1060" AngKurzBeschreibung="2-Zimmer-Eigentumswohnung" AngLagebeschreibung="Hannover - Nordstadt / Nähe Christuskirche" AngAufDatum="2003-06-03" AngStatus="2" Konditionen="kon" AnzANG="1"/>
  <Angebote AngNr="HS1058" AngKurzBeschreibung="Reihenendhaus, Erstbezug" AngLagebeschreibung="Ronnenberg, OT Empelde" AngAufDatum="2003-06-04" AngStatus="2" Konditionen="kon" AnzANG="1"/>
  <Angebote AngNr="HS1059" AngKurzBeschreibung="Reihenmittelhaus, Erstbezug" AngLagebeschreibung="Ronnenberg, OT Empelde" AngAufDatum="2003-06-04" AngStatus="2" Konditionen="kon" AnzANG="1"/>
  <Angebote AngNr="HS1060" AngKurzBeschreibung="Reihenendhaus, Erstbezug" AngLagebeschreibung="Ronnenberg, OT Empelde" AngAufDatum="2003-06-04" AngStatus="2" Konditionen="kon" AnzANG="1"/>
  <Angebote AngNr="EI1061" AngKurzBeschreibung="4- Zimmer- Eigentumswohnung mit Süd- West- Balkon" AngLagebeschreibung="Hannover - List" AngAufDatum="2003-06-05" AngStatus="2" Konditionen="kon" AnzANG="1"/>
  <Angebote AngNr="EI1062" AngKurzBeschreibung="1½-Zimmer-Eigentumswohnung" AngLagebeschreibung="Hannover - Sahlkamp" AngAufDatum="2003-06-05" AngStatus="2" Konditionen="kon" AnzANG="1"/>
  <Angebote AngNr="RH449" AngKurzBeschreibung="Mehrfamilienhaus" AngLagebeschreibung="Hannover - Südstadt" AngAufDatum="2003-06-05" AngStatus="2" Konditionen="kon" AnzANG="1"/>
  <Angebote AngNr="HS1061" AngKurzBeschreibung="2 Doppelhäuser mit Vollkeller und Garage" AngLagebeschreibung="Hannover - Döhren/Seelhorst" AngAufDatum="2003-06-06" AngStatus="2" Konditionen="kon" AnzANG="1"/>
  <Angebote AngNr="HS1062" AngKurzBeschreibung="Exklusives Einfamilienhaus mit Vollkeller" AngLagebeschreibung="Wunstorf, OT Luthe" AngAufDatum="2003-06-10" AngStatus="2" Konditionen="kon" AnzANG="1"/>
  <Angebote AngNr="HS1063" AngKurzBeschreibung="Doppelhaushälfte mit Garage und Carport" AngLagebeschreibung="Isernhagen, OT Gartenstadt Lohne" AngAufDatum="2003-06-10" AngStatus="2" Konditionen="kon" AnzANG="1"/>
  <Angebote AngNr="EI1063" AngKurzBeschreibung="3-Zimmer-Eigentumswohnung" AngLagebeschreibung="Hemmingen, OT Arnum" AngAufDatum="2003-06-16" AngStatus="2" Konditionen="kon" AnzANG="1"/>
  <Angebote AngNr="HS1064" AngKurzBeschreibung="Einfamilienhaus mit Vollkeller und Garage" AngLagebeschreibung="Wennigsen, OT Degersen" AngAufDatum="2003-06-17" AngStatus="2" Konditionen="kon" AnzANG="1"/>
  <Angebote AngNr="EI1065" AngKurzBeschreibung="2-Zimmer-Eigentumswohnung" AngLagebeschreibung="Hannover - Ricklingen" AngAufDatum="2003-06-17" AngStatus="2" Konditionen="kon" AnzANG="1"/>
  <Angebote AngNr="EI1066" AngKurzBeschreibung="2½-Zimmer-Eigentumswohnung" AngLagebeschreibung="Hannover - Hainholz" AngAufDatum="2003-06-17" AngStatus="2" Konditionen="kon" AnzANG="1"/>
  <Angebote AngNr="EI1064" AngKurzBeschreibung="2-Zimmer-Eigentumswohnung" AngLagebeschreibung="Hannover - Linden/Nord" AngAufDatum="2003-06-17" AngStatus="2" Konditionen="kon" AnzANG="1"/>
  <Angebote AngNr="EI1067" AngKurzBeschreibung="4-Zimmer-Eigentumswohnung" AngLagebeschreibung="Hannover - Groß-Buchholz" AngAufDatum="2003-06-17" AngStatus="2" Konditionen="kon" AnzANG="1"/>
  <Angebote AngNr="EI1068" AngKurzBeschreibung="2-Zimmer-Eigentumswohnung" AngLagebeschreibung="Hannover - Anderten" AngAufDatum="2003-06-18" AngStatus="2" Konditionen="kon" AnzANG="1"/>
  <Angebote AngNr="EI1069" AngKurzBeschreibung="3-Zimmer-Eigentumswohnung mit Balkon" AngLagebeschreibung="Hannover - Oststadt" AngAufDatum="2003-06-19" AngStatus="2" Konditionen="kon" AnzANG="1"/>
  <Angebote AngNr="EI1070" AngKurzBeschreibung="3-Zimmer-Eigentumswohnung" AngLagebeschreibung="Hannover - Südstadt" AngAufDatum="2003-06-19" AngStatus="2" Konditionen="kon" AnzANG="1"/>
  <Angebote AngNr="HS1065" AngKurzBeschreibung="Einfamilienhaus mit Garage auf idyllischem Grundstück" AngLagebeschreibung="Garbsen, OT Schloß Ricklingen" AngAufDatum="2003-06-19" AngStatus="2" Konditionen="kon" AnzANG="1"/>
  <Angebote AngNr="EI1072" AngKurzBeschreibung="3-Zimmer-Eigentumswohnung" AngLagebeschreibung="Hannover - Linden/Nord" AngAufDatum="2003-06-24" AngStatus="2" Konditionen="kon" AnzANG="1"/>
  <Angebote AngNr="EI1073" AngKurzBeschreibung="3-Zimmer-Eigentumswohnung" AngLagebeschreibung="Hannover - Bothfeld" AngAufDatum="2003-06-25" AngStatus="2" Konditionen="kon" AnzANG="1"/>
  <Angebote AngNr="EI1071" AngKurzBeschreibung="4-Zimmer-Eigentumswohnung" AngLagebeschreibung="Hannover - Linden" AngAufDatum="2003-06-25" AngStatus="2" Konditionen="kon" AnzANG="1"/>
  <Angebote AngNr="EI1074" AngKurzBeschreibung="2-Zimmer-Eigentumswohnung" AngLagebeschreibung="Hannover - Südstadt" AngAufDatum="2003-06-25" AngStatus="2" Konditionen="kon" AnzANG="1"/>
  <Angebote AngNr="EI1075" AngKurzBeschreibung="2-Zimmer-Eigentumswohnung" AngLagebeschreibung="Hannover - Südstadt" AngAufDatum="2003-06-26" AngStatus="2" Konditionen="kon" AnzANG="1"/>
  <Angebote AngNr="HS1066" AngKurzBeschreibung="Einfamilienhaus mit Doppelgarage" AngLagebeschreibung="Rehburg-Loccum" AngAufDatum="2003-06-27" AngStatus="2" Konditionen="kon" AnzANG="1"/>
  <Angebote AngNr="EI1076" AngKurzBeschreibung="3-, 4- und7-Zimmer-Eigentumswohnungen" AngLagebeschreibung="Hannover - Linden/Nord" AngAufDatum="2003-07-02" AngStatus="2" Konditionen="kon" AnzANG="2"/>
  <Angebote AngNr="EI1077" AngKurzBeschreibung="2½-Zimmer-Eigentumswohnung" AngLagebeschreibung="Langenhagen" AngAufDatum="2003-07-02" AngStatus="2" Konditionen="kon" AnzANG="1"/>
  <Angebote AngNr="EI1080" AngKurzBeschreibung="3-Zimmer-Eigentumswohnung" AngLagebeschreibung="Hannover - Oststadt" AngAufDatum="2003-07-03" AngStatus="2" Konditionen="kon" AnzANG="1"/>
  <Angebote AngNr="EI1078" AngKurzBeschreibung="4-Zimmer-Eigentumswohnung" AngLagebeschreibung="Hannover - Linden/Nord" AngAufDatum="2003-07-04" AngStatus="2" Konditionen="kon" AnzANG="1"/>
  <Angebote AngNr="EI1079" AngKurzBeschreibung="7-Zimmer-Eigentumswohnung" AngLagebeschreibung="Hannover - Linden/Nord" AngAufDatum="2003-07-04" AngStatus="2" Konditionen="kon" AnzANG="1"/>
  <Angebote AngNr="EI1082" AngKurzBeschreibung="3-Zimmer-Eigentumswohnung" AngLagebeschreibung="Hannover - Davenstedt" AngAufDatum="2003-07-07" AngStatus="2" Konditionen="kon" AnzANG="1"/>
  <Angebote AngNr="EI1083" AngKurzBeschreibung="2-Zimmer-Eigentumswohnung" AngLagebeschreibung="Hannover - Badenstedt" AngAufDatum="2003-07-07" AngStatus="2" Konditionen="kon" AnzANG="1"/>
  <Angebote AngNr="HS1067" AngKurzBeschreibung="Wohnhaus mit Arztpraxis, Vollkeller und Garage" AngLagebeschreibung="Gehrden" AngAufDatum="2003-07-07" AngStatus="2" Konditionen="kon" AnzANG="1"/>
  <Angebote AngNr="EI1081" AngKurzBeschreibung="4-Zimmer-Eigentumswohnung" AngLagebeschreibung="Hannover - Bemerode" AngAufDatum="2003-07-07" AngStatus="2" Konditionen="kon" AnzANG="1"/>
  <Angebote AngNr="HS1068" AngKurzBeschreibung="Exklusiver Bungalow mit Doppelgarage" AngLagebeschreibung="Hannover - Misburg/Nord (am Misburger Wald)" AngAufDatum="2003-07-08" AngStatus="2" Konditionen="kon" AnzANG="1"/>
  <Angebote AngNr="EI1084" AngKurzBeschreibung="3-Zimmer-Eigentumswohnung" AngLagebeschreibung="Hannover - Nordstadt" AngAufDatum="2003-07-08" AngStatus="2" Konditionen="kon" AnzANG="1"/>
  <Angebote AngNr="EI1085" AngKurzBeschreibung="3-Zimmer-Eigentumswohnung" AngLagebeschreibung="Hannover - Oststadt" AngAufDatum="2003-07-08" AngStatus="2" Konditionen="kon" AnzANG="1"/>
  <Angebote AngNr="EI1086" AngKurzBeschreibung="3-Zimmer-Eigentumswohnung" AngLagebeschreibung="Hannover - List" AngAufDatum="2003-07-08" AngStatus="2" Konditionen="kon" AnzANG="1"/>
  <Angebote AngNr="HS1069" AngKurzBeschreibung="Zweifamilienhaus mit Garage und Keller" AngLagebeschreibung="Langenhagen, OT Brink" AngAufDatum="2003-07-08" AngStatus="2" Konditionen="kon" AnzANG="1"/>
  <Angebote AngNr="EI1087" AngKurzBeschreibung="2-Zimmer-Eigentumswohnung" AngLagebeschreibung="Hannover - Mittelfeld" AngAufDatum="2003-07-08" AngStatus="2" Konditionen="kon" AnzANG="1"/>
  <Angebote AngNr="HS1070" AngKurzBeschreibung="Einfamilienhaus mit Betriebsgelände" AngLagebeschreibung="Wunstorf, OT" AngAufDatum="2003-07-09" AngStatus="2" Konditionen="kon" AnzANG="1"/>
  <Angebote AngNr="RH450" AngKurzBeschreibung="Mehrfamilienhaus" AngLagebeschreibung="Hannover - Ricklingen" AngAufDatum="2003-07-09" AngStatus="2" Konditionen="kon" AnzANG="2"/>
  <Angebote AngNr="HS1071" AngKurzBeschreibung="Doppelhaushälfte auf versetzten Ebenen mit Carport" AngLagebeschreibung="Hannover - Anderten" AngAufDatum="2003-07-15" AngStatus="2" Konditionen="kon" AnzANG="1"/>
  <Angebote AngNr="RH451" AngKurzBeschreibung="Wohn- und Geschäftshaus" AngLagebeschreibung="Hannover - Herrenhausen" AngAufDatum="2003-07-18" AngStatus="2" Konditionen="kon" AnzANG="1"/>
  <Angebote AngNr="EI1088" AngKurzBeschreibung="2-Zimmer-Eigentumswohnung" AngLagebeschreibung="Hannover - Sahlkamp" AngAufDatum="2003-07-21" AngStatus="2" Konditionen="kon" AnzANG="1"/>
  <Angebote AngNr="EI1089" AngKurzBeschreibung="2-Zimmer-Eigentumswohnung" AngLagebeschreibung="Hannover - List" AngAufDatum="2003-07-22" AngStatus="2" Konditionen="kon" AnzANG="1"/>
  <Angebote AngNr="EI1090" AngKurzBeschreibung="4-Zimmer-Eigentumswohnung" AngLagebeschreibung="Hannover - Ahlem" AngAufDatum="2003-07-22" AngStatus="2" Konditionen="kon" AnzANG="1"/>
  <Angebote AngNr="EI1091" AngKurzBeschreibung="1-Zimmer-Eigentumswohnung" AngLagebeschreibung="Hannover - Zoo" AngAufDatum="2003-07-22" AngStatus="2" Konditionen="kon" AnzANG="1"/>
  <Angebote AngNr="EI1092" AngKurzBeschreibung="3-Zimmer-Eigentumswohnung" AngLagebeschreibung="Hannover - Wettbergen" AngAufDatum="2003-07-22" AngStatus="2" Konditionen="kon" AnzANG="1"/>
  <Angebote AngNr="HS1072" AngKurzBeschreibung="Fast neue Doppelhaushälfte auf versetzten Ebenen" AngLagebeschreibung="Wennigsen, OT Degersen" AngAufDatum="2003-07-23" AngStatus="2" Konditionen="kon" AnzANG="1"/>
  <Angebote AngNr="HS1073" AngKurzBeschreibung="Reihenhaus mit Einliegerwohnung und Garage" AngLagebeschreibung="Hannover - Bemerode / bevorzugte Wohnlage" AngAufDatum="2003-07-23" AngStatus="2" Konditionen="kon" AnzANG="1"/>
  <Angebote AngNr="EI1093" AngKurzBeschreibung="3-Zimmer-Eigentumswohnung" AngLagebeschreibung="Laatzen" AngAufDatum="2003-07-23" AngStatus="2" Konditionen="kon" AnzANG="1"/>
  <Angebote AngNr="HS1074" AngKurzBeschreibung="Doppelhaushälfte mit Vollkeller und Carport" AngLagebeschreibung="Laatzen, OT Gleidingen" AngAufDatum="2003-07-23" AngStatus="2" Konditionen="kon" AnzANG="1"/>
  <Angebote AngNr="HS1075" AngKurzBeschreibung="Einfamilienhaus mit Vollkeller und Garage" AngLagebeschreibung="Wunstorf, OT Luthe" AngAufDatum="2003-07-23" AngStatus="2" Konditionen="kon" AnzANG="1"/>
  <Angebote AngNr="HS1076" AngKurzBeschreibung="Top gepflegter, sanierter, großzügiger Bungalow mit Vollkeller und zwei Garagen" AngLagebeschreibung="Garbsen, OT Stelingen" AngAufDatum="2003-07-23" AngStatus="2" Konditionen="kon" AnzANG="1"/>
  <Angebote AngNr="EI1094" AngKurzBeschreibung="1-Zimmer-Eigentumswohnung" AngLagebeschreibung="Laatzen" AngAufDatum="2003-07-24" AngStatus="2" Konditionen="kon" AnzANG="1"/>
  <Angebote AngNr="EI1095" AngKurzBeschreibung="2-Zimmer-Eigentumswohnung" AngLagebeschreibung="Hannover - Wettbergen" AngAufDatum="2003-07-24" AngStatus="2" Konditionen="kon" AnzANG="1"/>
  <Angebote AngNr="EI1096" AngKurzBeschreibung="2-Zimmer-Eigentumswohnung" AngLagebeschreibung="Hannover - Südstadt" AngAufDatum="2003-07-24" AngStatus="2" Konditionen="kon" AnzANG="1"/>
  <Angebote AngNr="HS1077" AngKurzBeschreibung="Reihenhaus mit Vollkeller" AngLagebeschreibung="Ronnenberg" AngAufDatum="2003-07-24" AngStatus="2" Konditionen="kon" AnzANG="1"/>
  <Angebote AngNr="HS1078" AngKurzBeschreibung="Großzügiges Einfamilienhaus mit Vollkeller und Garage" AngLagebeschreibung="Garbsen, OT Meyenfeld" AngAufDatum="2003-07-25" AngStatus="2" Konditionen="kon" AnzANG="1"/>
  <Angebote AngNr="EI1097" AngKurzBeschreibung="2-Zimmer-ETW" AngLagebeschreibung="Hannover-Wettbergen" AngAufDatum="2003-07-28" AngStatus="2" Konditionen="kon" AnzANG="1"/>
  <Angebote AngNr="EI1098" AngKurzBeschreibung="3- Zimmer-Eigentumswohnung" AngLagebeschreibung="Hannover - Badenstedt" AngAufDatum="2003-07-30" AngStatus="2" Konditionen="kon" AnzANG="1"/>
  <Angebote AngNr="HS1080" AngKurzBeschreibung="Reihenendhaus mit Carport" AngLagebeschreibung="Hemmingen, OT Arnum" AngAufDatum="2003-07-30" AngStatus="2" Konditionen="kon" AnzANG="1"/>
  <Angebote AngNr="EI1099" AngKurzBeschreibung="4-Zimmer-Maisonette-Eigentumswohnung" AngLagebeschreibung="Hannover - Oststadt / Nähe Wedekindplatz" AngAufDatum="2003-07-30" AngStatus="2" Konditionen="kon" AnzANG="1"/>
  <Angebote AngNr="RH452" AngKurzBeschreibung="Mehrfamilienhaus" AngLagebeschreibung="Hannover - Ricklingen" AngAufDatum="2003-07-31" AngStatus="2" Konditionen="kon" AnzANG="2"/>
  <Angebote AngNr="HS1079" AngKurzBeschreibung="Doppelhaushälfte mit Keller und Carport" AngLagebeschreibung="Hemmingen - Arnum" AngAufDatum="2003-08-01" AngStatus="2" Konditionen="kon" AnzANG="1"/>
  <Angebote AngNr="EI1100" AngKurzBeschreibung="2-Zimmer-Eigentumswohnung" AngLagebeschreibung="Hannover - Linden/Nord" AngAufDatum="2003-08-04" AngStatus="2" Konditionen="kon" AnzANG="1"/>
  <Angebote AngNr="RH453" AngKurzBeschreibung="Wohnanlage mit 44 Wohneinheiten" AngLagebeschreibung="Hannover - Döhren" AngAufDatum="2003-08-04" AngStatus="2" Konditionen="kon" AnzANG="4"/>
  <Angebote AngNr="HS1081" AngKurzBeschreibung="Außergewöhnlich gut geschnittenes Reihenhaus mit Vollkeller und zwei Garagen" AngLagebeschreibung="Wunstorf" AngAufDatum="2003-08-04" AngStatus="2" Konditionen="kon" AnzANG="1"/>
  <Angebote AngNr="HS1082" AngKurzBeschreibung="Einfamilienhaus mit Einliegerwohnung" AngLagebeschreibung="Seelze, OT Lohnde" AngAufDatum="2003-08-04" AngStatus="2" Konditionen="kon" AnzANG="1"/>
  <Angebote AngNr="EI1101" AngKurzBeschreibung="5-Zimmer-Maisonette-Eigentumswohnung" AngLagebeschreibung="Hannover - List" AngAufDatum="2003-08-05" AngStatus="2" Konditionen="kon" AnzANG="1"/>
  <Angebote AngNr="EI1102" AngKurzBeschreibung="1½-Zimmer-Eigentumswohnung" AngLagebeschreibung="Hannover - Linden/Nord" AngAufDatum="2003-08-06" AngStatus="2" Konditionen="kon" AnzANG="1"/>
  <Angebote AngNr="HS1083" AngKurzBeschreibung="Zweifamilienhaus mit Vollkeller und 2 Garagen" AngLagebeschreibung="Pattensen" AngAufDatum="2003-08-06" AngStatus="2" Konditionen="kon" AnzANG="1"/>
  <Angebote AngNr="HS1084" AngKurzBeschreibung="Zweifamilienhaus mit Vollkeller und Garage" AngLagebeschreibung="Wennigsen, OT Degersen" AngAufDatum="2003-08-06" AngStatus="2" Konditionen="kon" AnzANG="1"/>
  <Angebote AngNr="HS1085" AngKurzBeschreibung="Doppelhaushälfte mit Vollkeller und Sauna" AngLagebeschreibung="Hannover - Lahe" AngAufDatum="2003-08-06" AngStatus="2" Konditionen="kon" AnzANG="1"/>
  <Angebote AngNr="HS1086" AngKurzBeschreibung="Architekten-Doppelhaushälfte mit Vollkeller und Garage" AngLagebeschreibung="Laatzen" AngAufDatum="2003-08-06" AngStatus="2" Konditionen="kon" AnzANG="1"/>
  <Angebote AngNr="EI1103" AngKurzBeschreibung="3-Zimmer-Eigentumswohnung" AngLagebeschreibung="Hannover - Kirchrode" AngAufDatum="2003-08-06" AngStatus="2" Konditionen="kon" AnzANG="1"/>
  <Angebote AngNr="EI1104" AngKurzBeschreibung="3-Zimmer-Eigentumswohnung" AngLagebeschreibung="Hannover - Misburg/Nord" AngAufDatum="2003-08-07" AngStatus="2" Konditionen="kon" AnzANG="1"/>
  <Angebote AngNr="HS1087" AngKurzBeschreibung="Neuwertige Doppelhaushälfte mit gutem Preis/Leistungsverhältnis" AngLagebeschreibung="Sarstedt" AngAufDatum="2003-08-08" AngStatus="2" Konditionen="kon" AnzANG="1"/>
  <Angebote AngNr="EI1105" AngKurzBeschreibung="2-Zimmer-Eigentumswohnungen" AngLagebeschreibung="Hannover - Linden/Nord" AngAufDatum="2003-08-08" AngStatus="2" Konditionen="kon" AnzANG="1"/>
  <Angebote AngNr="EI1106" AngKurzBeschreibung="2-Zimmer-Eigentumswohnungen" AngLagebeschreibung="Hannover - Linden/Mitte" AngAufDatum="2003-08-08" AngStatus="2" Konditionen="kon" AnzANG="1"/>
  <Angebote AngNr="EI1107" AngKurzBeschreibung="3-Zimmer-Eigentumswohnung" AngLagebeschreibung="Hannover - Bemerode" AngAufDatum="2003-08-12" AngStatus="2" Konditionen="kon2" AnzANG="1"/>
  <Angebote AngNr="EI1108" AngKurzBeschreibung="3-Zimmer-Eigentumswohnung" AngLagebeschreibung="Hannover - Bemerode" AngAufDatum="2003-08-12" AngStatus="2" Konditionen="kon" AnzANG="1"/>
  <Angebote AngNr="EI1109" AngKurzBeschreibung="3-Zimmer-Eigentumswohnung" AngLagebeschreibung="Hannover - Bemerode" AngAufDatum="2003-08-12" AngStatus="2" Konditionen="kon" AnzANG="1"/>
  <Angebote AngNr="EI1110" AngKurzBeschreibung="4-Zimmer-Eigentumswohnung" AngLagebeschreibung="Hannover - Bemerode" AngAufDatum="2003-08-12" AngStatus="2" Konditionen="kon" AnzANG="1"/>
  <Angebote AngNr="EI1111" AngKurzBeschreibung="2-Zimmer-Eigentumswohnung" AngLagebeschreibung="Hannover - Bemerode" AngAufDatum="2003-08-12" AngStatus="2" Konditionen="kon" AnzANG="1"/>
  <Angebote AngNr="EI1112" AngKurzBeschreibung="4-Zimmer-Eigentumswohnung" AngLagebeschreibung="Hannover - Bemerode" AngAufDatum="2003-08-12" AngStatus="2" Konditionen="kon" AnzANG="1"/>
  <Angebote AngNr="EI1113" AngKurzBeschreibung="3-Zimmer-Eigentumswohnung" AngLagebeschreibung="Hannover - Bemerode" AngAufDatum="2003-08-12" AngStatus="2" Konditionen="kon" AnzANG="1"/>
  <Angebote AngNr="EI1114" AngKurzBeschreibung="3-Zimmer-Eigentumswohnung" AngLagebeschreibung="Hannover - Bemerode" AngAufDatum="2003-08-12" AngStatus="2" Konditionen="kon" AnzANG="1"/>
  <Angebote AngNr="EI1115" AngKurzBeschreibung="2-Zimmer-Eigentumswohnung" AngLagebeschreibung="Hannover - Bemerode" AngAufDatum="2003-08-12" AngStatus="2" Konditionen="kon" AnzANG="1"/>
  <Angebote AngNr="EI1116" AngKurzBeschreibung="4-Zimmer-Eigentumswohnung" AngLagebeschreibung="Hannover - Bemerode" AngAufDatum="2003-08-12" AngStatus="2" Konditionen="kon" AnzANG="1"/>
  <Angebote AngNr="EI1117" AngKurzBeschreibung="2-Zimmer-Eigentumswohnung" AngLagebeschreibung="Hannover - Bemerode" AngAufDatum="2003-08-12" AngStatus="2" Konditionen="kon" AnzANG="1"/>
  <Angebote AngNr="EI1118" AngKurzBeschreibung="4-Zimmer-Eigentumswohnung" AngLagebeschreibung="Hannover - Bemerode" AngAufDatum="2003-08-12" AngStatus="2" Konditionen="kon" AnzANG="1"/>
  <Angebote AngNr="EI1119" AngKurzBeschreibung="3-Zimmer-Eigentumswohnung" AngLagebeschreibung="Hannover - Bemerode" AngAufDatum="2003-08-12" AngStatus="2" Konditionen="kon" AnzANG="1"/>
  <Angebote AngNr="EI1120" AngKurzBeschreibung="4-Zimmer-Eigentumswohnung" AngLagebeschreibung="Hannover - Bemerode" AngAufDatum="2003-08-12" AngStatus="2" Konditionen="kon" AnzANG="1"/>
  <Angebote AngNr="EI1121" AngKurzBeschreibung="2-Zimmer-Eigentumswohnung" AngLagebeschreibung="Hannover - Bemerode" AngAufDatum="2003-08-12" AngStatus="2" Konditionen="kon" AnzANG="1"/>
  <Angebote AngNr="EI1122" AngKurzBeschreibung="2-Zimmer-Eigentumswohnung" AngLagebeschreibung="Hannover - Bemerode" AngAufDatum="2003-08-12" AngStatus="2" Konditionen="kon" AnzANG="1"/>
  <Angebote AngNr="EI1123" AngKurzBeschreibung="3-Zimmer-Eigentumswohnung" AngLagebeschreibung="Hannover - Bemerode" AngAufDatum="2003-08-12" AngStatus="2" Konditionen="kon" AnzANG="1"/>
  <Angebote AngNr="EI1124" AngKurzBeschreibung="3-Zimmer-Eigentumswohnung" AngLagebeschreibung="Hannover - Bemerode" AngAufDatum="2003-08-12" AngStatus="2" Konditionen="kon" AnzANG="1"/>
  <Angebote AngNr="EI1125" AngKurzBeschreibung="4-Zimmer-Eigentumswohnung" AngLagebeschreibung="Hannover - Bemerode" AngAufDatum="2003-08-12" AngStatus="2" Konditionen="kon" AnzANG="1"/>
  <Angebote AngNr="EI1126" AngKurzBeschreibung="3-Zimmer-Eigentumswohnung" AngLagebeschreibung="Hannover - Bemerode" AngAufDatum="2003-08-12" AngStatus="2" Konditionen="kon" AnzANG="1"/>
  <Angebote AngNr="EI1127" AngKurzBeschreibung="4-Zimmer-Eigentumswohnung" AngLagebeschreibung="Hannover - Bemerode" AngAufDatum="2003-08-12" AngStatus="2" Konditionen="kon" AnzANG="1"/>
  <Angebote AngNr="EI1128" AngKurzBeschreibung="3-Zimmer-Eigentumswohnung" AngLagebeschreibung="Hannover - Bemerode" AngAufDatum="2003-08-12" AngStatus="2" Konditionen="kon" AnzANG="1"/>
  <Angebote AngNr="EI1129" AngKurzBeschreibung="4-Zimmer-Eigentumswohnung" AngLagebeschreibung="Hannover - Bornum" AngAufDatum="2003-08-13" AngStatus="2" Konditionen="kon" AnzANG="1"/>
  <Angebote AngNr="EI1130" AngKurzBeschreibung="3-Zimmer-Eigentumswohnung" AngLagebeschreibung="Hannover - Bothfeld" AngAufDatum="2003-08-14" AngStatus="2" Konditionen="kon2" AnzANG="1"/>
  <Angebote AngNr="EI1131" AngKurzBeschreibung="3-Zimmer-Eigentumswohnung" AngLagebeschreibung="Hannover - Bothfeld" AngAufDatum="2003-08-14" AngStatus="2" Konditionen="kon" AnzANG="1"/>
  <Angebote AngNr="EI1132" AngKurzBeschreibung="4-Zimmer-Eigentumswohnung" AngLagebeschreibung="Hannover - Bothfeld" AngAufDatum="2003-08-14" AngStatus="2" Konditionen="kon" AnzANG="1"/>
  <Angebote AngNr="EI1133" AngKurzBeschreibung="3-Zimmer-Eigentumswohnung" AngLagebeschreibung="Hannover - Bothfeld" AngAufDatum="2003-08-14" AngStatus="2" Konditionen="kon" AnzANG="1"/>
  <Angebote AngNr="EI1134" AngKurzBeschreibung="3-Zimmer-Eigentumswohnung" AngLagebeschreibung="Hannover - Bothfeld" AngAufDatum="2003-08-14" AngStatus="2" Konditionen="kon" AnzANG="1"/>
  <Angebote AngNr="EI1135" AngKurzBeschreibung="3-Zimmer-Eigentumswohnung" AngLagebeschreibung="Hannover - Bothfeld" AngAufDatum="2003-08-14" AngStatus="2" Konditionen="kon" AnzANG="1"/>
  <Angebote AngNr="EI1136" AngKurzBeschreibung="3-Zimmer-Eigentumswohnung" AngLagebeschreibung="Hannover - Bothfeld" AngAufDatum="2003-08-14" AngStatus="2" Konditionen="kon" AnzANG="1"/>
  <Angebote AngNr="EI1137" AngKurzBeschreibung="3-Zimmer-Eigentumswohnung" AngLagebeschreibung="Hannover - Bothfeld" AngAufDatum="2003-08-14" AngStatus="2" Konditionen="kon" AnzANG="1"/>
  <Angebote AngNr="EI1138" AngKurzBeschreibung="4-Zimmer-Eigentumswohnung" AngLagebeschreibung="Hannover - Bothfeld" AngAufDatum="2003-08-14" AngStatus="2" Konditionen="kon" AnzANG="1"/>
  <Angebote AngNr="EI1139" AngKurzBeschreibung="3-Zimmer-Eigentumswohnung" AngLagebeschreibung="Hannover - Bothfeld" AngAufDatum="2003-08-14" AngStatus="2" Konditionen="kon" AnzANG="1"/>
  <Angebote AngNr="EI1140" AngKurzBeschreibung="4-Zimmer-Eigentumswohnung" AngLagebeschreibung="Hannover - Bothfeld" AngAufDatum="2003-08-14" AngStatus="2" Konditionen="kon" AnzANG="1"/>
  <Angebote AngNr="EI1141" AngKurzBeschreibung="3-Zimmer-Eigentumswohnung" AngLagebeschreibung="Hannover - Bothfeld" AngAufDatum="2003-08-14" AngStatus="2" Konditionen="kon" AnzANG="1"/>
  <Angebote AngNr="EI1142" AngKurzBeschreibung="2-Zimmer-Eigentumswohnung" AngLagebeschreibung="Hannover - Linden/Nord" AngAufDatum="2003-08-19" AngStatus="2" Konditionen="kon" AnzANG="1"/>
  <Angebote AngNr="RH454" AngKurzBeschreibung="Repräsentatives Mehrfamilienhaus" AngLagebeschreibung="Hannover - List" AngAufDatum="2003-08-26" AngStatus="2" Konditionen="kon" AnzANG="1"/>
  <Angebote AngNr="HS1088" AngKurzBeschreibung="Großzügiges Reihenhaus mit Einliegerwohnung, Keller und Garage" AngLagebeschreibung="Laatzen - Össelse" AngAufDatum="2003-08-27" AngStatus="2" Konditionen="kon" AnzANG="1"/>
  <Angebote AngNr="HS1089" AngKurzBeschreibung="Wundervolles Einfamilienhaus mit Garage auf traumhaftem Grundstück" AngLagebeschreibung="Isernhagen NB" AngAufDatum="2003-08-27" AngStatus="2" Konditionen="kon" AnzANG="1"/>
  <Angebote AngNr="HS1090" AngKurzBeschreibung="Großzügiges Einfamilienhaus mit Garage und Teilkeller" AngLagebeschreibung="Hannover - Misburg" AngAufDatum="2003-08-28" AngStatus="2" Konditionen="kon" AnzANG="1"/>
  <Angebote AngNr="HS1091" AngKurzBeschreibung="Exklusives Einfamilienhaus mit Doppelgarage und Nebengebäude" AngLagebeschreibung="Burgdorf" AngAufDatum="2003-08-28" AngStatus="2" Konditionen="kon" AnzANG="1"/>
  <Angebote AngNr="RH455" AngKurzBeschreibung="Wohn- und Geschäftshaus" AngLagebeschreibung="Hannover - Herrenhausen" AngAufDatum="2003-08-29" AngStatus="2" Konditionen="kon" AnzANG="2"/>
  <Angebote AngNr="EI1143" AngKurzBeschreibung="2-Zimmer-Eigentumswohnung" AngLagebeschreibung="Hannover - Linden/Süd" AngAufDatum="2003-08-30" AngStatus="2" Konditionen="kon" AnzANG="1"/>
  <Angebote AngNr="EI1144" AngKurzBeschreibung="1-Zimmer-Eigentumswohnung" AngLagebeschreibung="Hannover - Sahlkamp" AngAufDatum="2003-09-01" AngStatus="2" Konditionen="kon" AnzANG="1"/>
  <Angebote AngNr="EI1146" AngKurzBeschreibung="3-Zimmer-Eigentumswohnung" AngLagebeschreibung="Langenhagen - Nähe Silbersee" AngAufDatum="2003-09-02" AngStatus="2" Konditionen="kon" AnzANG="1"/>
  <Angebote AngNr="EI1147" AngKurzBeschreibung="4-Zimmer-Eigentumswohnung" AngLagebeschreibung="Hannover - Calenberger Neustadt" AngAufDatum="2003-09-02" AngStatus="2" Konditionen="kon" AnzANG="1"/>
  <Angebote AngNr="EI1145" AngKurzBeschreibung="2-Zimmer-Eigentumswohnung" AngLagebeschreibung="Hannover - Döhren" AngAufDatum="2003-09-03" AngStatus="2" Konditionen="kon" AnzANG="1"/>
  <Angebote AngNr="EI1148" AngKurzBeschreibung="3-Zimmer-Eigentumswohnung" AngLagebeschreibung="Hannover - Misburg/Nord" AngAufDatum="2003-09-05" AngStatus="2" Konditionen="kon" AnzANG="1"/>
  <Angebote AngNr="HS1092" AngKurzBeschreibung="Reihenendhaus mit Vollkeller und Garage" AngLagebeschreibung="Langenhagen" AngAufDatum="2003-09-05" AngStatus="2" Konditionen="kon" AnzANG="1"/>
  <Angebote AngNr="EI1149" AngKurzBeschreibung="3-Zimmer-Eigentumswohnung" AngLagebeschreibung="Laatzen-Mitte" AngAufDatum="2003-09-09" AngStatus="2" Konditionen="kon" AnzANG="1"/>
  <Angebote AngNr="EI1150" AngKurzBeschreibung="1-Zimmer-Eigentumswohnung" AngLagebeschreibung="Hannover - Wülfel" AngAufDatum="2003-09-09" AngStatus="2" Konditionen="kon" AnzANG="2"/>
  <Angebote AngNr="EI1151" AngKurzBeschreibung="4-Zimmer-Eigentumswohnung" AngLagebeschreibung="Hannover - Bemerode" AngAufDatum="2003-09-09" AngStatus="2" Konditionen="kon" AnzANG="1"/>
  <Angebote AngNr="EI1152" AngKurzBeschreibung="3-Zimmer-Eigentumswohnung" AngLagebeschreibung="Hannover - List" AngAufDatum="2003-09-09" AngStatus="2" Konditionen="kon" AnzANG="1"/>
  <Angebote AngNr="EI1153" AngKurzBeschreibung="3-Zimmer-Eigentumswohnung" AngLagebeschreibung="Hannover - Sahlkamp" AngAufDatum="2003-09-09" AngStatus="2" Konditionen="kon" AnzANG="1"/>
  <Angebote AngNr="EI1154" AngKurzBeschreibung="2-Zimmer-Eigentumswohnung" AngLagebeschreibung="Hannover - Misburg/Nord" AngAufDatum="2003-09-09" AngStatus="2" Konditionen="kon" AnzANG="1"/>
  <Angebote AngNr="HS1093" AngKurzBeschreibung="Reihenmittelhaus in Toplage" AngLagebeschreibung="Hannover - Döhren an der Leineaue" AngAufDatum="2003-09-13" AngStatus="2" Konditionen="kon" AnzANG="1"/>
  <Angebote AngNr="HS1094" AngKurzBeschreibung="Reihenhaus mit Garage" AngLagebeschreibung="Hannover - Groß-Buchholz" AngAufDatum="2003-09-15" AngStatus="2" Konditionen="kon" AnzANG="1"/>
  <Angebote AngNr="EI1155" AngKurzBeschreibung="2-Zimmer-Eigentumswohnung" AngLagebeschreibung="Hannover - Oststadt" AngAufDatum="2003-09-16" AngStatus="2" Konditionen="kon" AnzANG="1"/>
  <Angebote AngNr="EI1156" AngKurzBeschreibung="3-Zimmer-Eigentumswohnung" AngLagebeschreibung="Hannover - Döhren/Leineinsel" AngAufDatum="2003-09-16" AngStatus="2" Konditionen="kon" AnzANG="1"/>
  <Angebote AngNr="EI1157" AngKurzBeschreibung="3-Zimmer-Eigentumswohnung" AngLagebeschreibung="Hannover - Döhren/Leineinsel" AngAufDatum="2003-09-16" AngStatus="2" Konditionen="kon" AnzANG="1"/>
  <Angebote AngNr="HS1095" AngKurzBeschreibung="Top Doppelhaushälfte mit Vollkeller , Garage und Einliegerwohnung" AngLagebeschreibung="Hannover - Misburg / bevorzugte Lage" AngAufDatum="2003-09-17" AngStatus="2" Konditionen="kon" AnzANG="1"/>
  <Angebote AngNr="HS1096" AngKurzBeschreibung="Doppelaushälfte mit Vollkeller und Garage" AngLagebeschreibung="Sarstedt" AngAufDatum="2003-09-18" AngStatus="2" Konditionen="kon" AnzANG="1"/>
  <Angebote AngNr="HS1097" AngKurzBeschreibung="Repräsentative Villa für höchste Ansprüche" AngLagebeschreibung="Hannover - Isernhagen-Süd" AngAufDatum="2003-09-19" AngStatus="2" Konditionen="kon" AnzANG="1"/>
  <Angebote AngNr="HS1098" AngKurzBeschreibung="Exklusive Doppelhaushälfte mit Garage und Keller" AngLagebeschreibung="Hannover - Kirchrode" AngAufDatum="2003-09-23" AngStatus="2" Konditionen="kon" AnzANG="1"/>
  <Angebote AngNr="HS1099" AngKurzBeschreibung="Renovierte Doppelhaushälfte für die kleine Familie" AngLagebeschreibung="Hannover - Bothfeld" AngAufDatum="2003-09-23" AngStatus="2" Konditionen="kon" AnzANG="1"/>
  <Angebote AngNr="HS1100" AngKurzBeschreibung="Top gepflegtes Zweifamilienhaus mit Vollkeller" AngLagebeschreibung="Garbsen - Mitte / sehr ruhige grüne Lage" AngAufDatum="2003-09-23" AngStatus="2" Konditionen="kon" AnzANG="1"/>
  <Angebote AngNr="EI1158" AngKurzBeschreibung="2-Zimmer-Eigentumswohnung" AngLagebeschreibung="Langenhagen" AngAufDatum="2003-09-24" AngStatus="2" Konditionen="kon" AnzANG="1"/>
  <Angebote AngNr="EI1159" AngKurzBeschreibung="3-Zimmer-Eigentumswohnung" AngLagebeschreibung="Hannover - Anderten" AngAufDatum="2003-09-25" AngStatus="2" Konditionen="kon" AnzANG="1"/>
  <Angebote AngNr="EI1160" AngKurzBeschreibung="4-Zimmer-Eigentumswohnung" AngLagebeschreibung="Hannover - Vinnhorst" AngAufDatum="2003-09-25" AngStatus="2" Konditionen="kon" AnzANG="1"/>
  <Angebote AngNr="EI1161" AngKurzBeschreibung="5-Zimmer-Eigentumswohnung" AngLagebeschreibung="Hannover - Vinnhorst" AngAufDatum="2003-09-25" AngStatus="2" Konditionen="kon" AnzANG="1"/>
  <Angebote AngNr="EI1162" AngKurzBeschreibung="2-Zimmer-Eigentumswohnung" AngLagebeschreibung="Hannover - Vinnhorst" AngAufDatum="2003-09-25" AngStatus="2" Konditionen="kon" AnzANG="1"/>
  <Angebote AngNr="EI1163" AngKurzBeschreibung="3-Zimmer-Eigentumswohnung" AngLagebeschreibung="Hannover - Ahlem" AngAufDatum="2003-10-08" AngStatus="2" Konditionen="kon" AnzANG="1"/>
  <Angebote AngNr="HS1101" AngKurzBeschreibung="Grundsolides Einfamilienhaus mit Vollkeller und Garage" AngLagebeschreibung="Pattensen" AngAufDatum="2003-10-09" AngStatus="2" Konditionen="kon" AnzANG="1"/>
  <Angebote AngNr="HS1102" AngKurzBeschreibung="Doppelhaushälfte mit Sauna und Garage" AngLagebeschreibung="Hannover - Lahe" AngAufDatum="2003-10-09" AngStatus="2" Konditionen="kon" AnzANG="1"/>
  <Angebote AngNr="EI1164" AngKurzBeschreibung="1½-Zimmer verbunden mit 1-Zimmer-Eigentumswohnung Dachausbau" AngLagebeschreibung="Pattensen" AngAufDatum="2003-10-13" AngStatus="2" Konditionen="kon" AnzANG="1"/>
  <Angebote AngNr="EI1165" AngKurzBeschreibung="3-Zimmer-Eigentumswohnung" AngLagebeschreibung="Hannover - List" AngAufDatum="2003-10-15" AngStatus="2" Konditionen="kon" AnzANG="1"/>
  <Angebote AngNr="HS1103" AngKurzBeschreibung="Reizvolles Reihenendhaus mit Vollkeller und Garage in traumhafter Lage" AngLagebeschreibung="Seelze, OT Velber" AngAufDatum="2003-10-15" AngStatus="2" Konditionen="kon" AnzANG="1"/>
  <Angebote AngNr="RH456" AngKurzBeschreibung="Geschäftshaus" AngLagebeschreibung="Hannover - Vahrenwald" AngAufDatum="2003-10-16" AngStatus="2" Konditionen="kon" AnzANG="1"/>
  <Angebote AngNr="EI1166" AngKurzBeschreibung="3-Zimmer-Eigentumswohnung" AngLagebeschreibung="Hannover - Bothfeld" AngAufDatum="2003-10-17" AngStatus="2" Konditionen="kon" AnzANG="1"/>
  <Angebote AngNr="EI1167" AngKurzBeschreibung="4-Zimmer-Eigentumswohnung" AngLagebeschreibung="Hannover - Kirchrode" AngAufDatum="2003-10-17" AngStatus="2" Konditionen="kon" AnzANG="1"/>
  <Angebote AngNr="EI1168" AngKurzBeschreibung="4-Zimmer-Eigentumswohnung" AngLagebeschreibung="Hannover - Döhren / Leineinsel" AngAufDatum="2003-10-20" AngStatus="2" Konditionen="kon" AnzANG="1"/>
  <Angebote AngNr="EI1169" AngKurzBeschreibung="2-Zimmer vermietete Eigentumswohnung - Kapitalanlage" AngLagebeschreibung="Hannover - Döhren / Leineinsel" AngAufDatum="2003-10-20" AngStatus="2" Konditionen="kon" AnzANG="1"/>
  <Angebote AngNr="EI1170" AngKurzBeschreibung="2-Zimmer-Eigentumswohnung" AngLagebeschreibung="Hannover - Döhren / Leineinsel" AngAufDatum="2003-10-20" AngStatus="2" Konditionen="kon" AnzANG="1"/>
  <Angebote AngNr="EI1171" AngKurzBeschreibung="3-Zimmer-Eigentumswohnung" AngLagebeschreibung="Langenhagen" AngAufDatum="2003-10-20" AngStatus="2" Konditionen="kon" AnzANG="1"/>
  <Angebote AngNr="EI1172" AngKurzBeschreibung="4-Zimmer-Eigentumswohnung" AngLagebeschreibung="Hemmingen" AngAufDatum="2003-10-20" AngStatus="2" Konditionen="kon" AnzANG="1"/>
  <Angebote AngNr="EI1173" AngKurzBeschreibung="3-Zimmer-Eigentumswohnung" AngLagebeschreibung="Langenhagen, OT Kaltenweide" AngAufDatum="2003-10-21" AngStatus="2" Konditionen="kon" AnzANG="1"/>
  <Angebote AngNr="RH457" AngKurzBeschreibung="Wohn- und Geschäftshaus" AngLagebeschreibung="Hannover - Mitte" AngAufDatum="2003-10-21" AngStatus="2" Konditionen="kon" AnzANG="1"/>
  <Angebote AngNr="EI1174" AngKurzBeschreibung="4½-Zimmer-Maisonetten-Eigentumswohnung" AngLagebeschreibung="Laatzen - Mitte" AngAufDatum="2003-10-21" AngStatus="2" Konditionen="kon" AnzANG="1"/>
  <Angebote AngNr="RH458" AngKurzBeschreibung="Mehrfamilienhaus" AngLagebeschreibung="Hannover - Nordstadt" AngAufDatum="2003-10-22" AngStatus="2" Konditionen="kon" AnzANG="1"/>
  <Angebote AngNr="EI1175" AngKurzBeschreibung="3-Zimmer-Eigentumswohnung" AngLagebeschreibung="Langenhagen" AngAufDatum="2003-10-22" AngStatus="2" Konditionen="kon" AnzANG="1"/>
  <Angebote AngNr="EI1176" AngKurzBeschreibung="3½-Zimmer-Eigentumswohnung" AngLagebeschreibung="Hannover - Groß-Buchholz" AngAufDatum="2003-10-22" AngStatus="2" Konditionen="kon" AnzANG="1"/>
  <Angebote AngNr="EI1177" AngKurzBeschreibung="4-Zimmer-Eigentumswohnung" AngLagebeschreibung="Hannover - Mitte" AngAufDatum="2003-10-24" AngStatus="2" Konditionen="kon" AnzANG="1"/>
  <Angebote AngNr="EI1178" AngKurzBeschreibung="3-Zimmer-Eigentumswohnung" AngLagebeschreibung="Hannover - Stöcken / Nähe Kreutzriede" AngAufDatum="2003-10-28" AngStatus="2" Konditionen="kon" AnzANG="1"/>
  <Angebote AngNr="HS1104" AngKurzBeschreibung="Modernes Einfamilienhaus in ruhiger Hinterhausbebauung" AngLagebeschreibung="Langenhagen" AngAufDatum="2003-10-29" AngStatus="2" Konditionen="kon" AnzANG="1"/>
  <Angebote AngNr="EI1179" AngKurzBeschreibung="1-Zimmer-Eigentumswohnung" AngLagebeschreibung="Hannover - Misburg" AngAufDatum="2003-10-29" AngStatus="2" Konditionen="kon" AnzANG="1"/>
  <Angebote AngNr="EI1180" AngKurzBeschreibung="3½-Zimmer-Eigentumswohnung" AngLagebeschreibung="Isernhagen, OT Altwarmbüchen" AngAufDatum="2003-10-29" AngStatus="2" Konditionen="kon" AnzANG="1"/>
  <Angebote AngNr="EI1181" AngKurzBeschreibung="1½-Zimmer-Eigentumswohnung" AngLagebeschreibung="Hannover - Linden / Mitte" AngAufDatum="2003-10-29" AngStatus="2" Konditionen="kon" AnzANG="1"/>
  <Angebote AngNr="EI1182" AngKurzBeschreibung="4-Zimmer-Eigentumswohnung (Penthouse)" AngLagebeschreibung="Hannover - Herrenhausen" AngAufDatum="2003-10-29" AngStatus="2" Konditionen="kon" AnzANG="1"/>
  <Angebote AngNr="HS1105" AngKurzBeschreibung="Gartenhofbungalow mit Garage" AngLagebeschreibung="Hannover - Groß-Buchholz" AngAufDatum="2003-10-29" AngStatus="2" Konditionen="kon" AnzANG="1"/>
  <Angebote AngNr="EI1183" AngKurzBeschreibung="3-Zimmer-Eigentumswohnung mit Spitzboden" AngLagebeschreibung="Hannover - Linden/Mitte" AngAufDatum="2003-10-30" AngStatus="2" Konditionen="kon" AnzANG="1"/>
  <Angebote AngNr="HS1106" AngKurzBeschreibung="Zweifamilienhaus" AngLagebeschreibung="Laatzen, OT Ingeln / Össelse" AngAufDatum="2003-10-30" AngStatus="2" Konditionen="kon" AnzANG="1"/>
  <Angebote AngNr="EI1184" AngKurzBeschreibung="4-Zimmer-Eigentumswohnung" AngLagebeschreibung="Pattensen" AngAufDatum="2003-10-31" AngStatus="2" Konditionen="kon" AnzANG="2"/>
  <Angebote AngNr="HS1107" AngKurzBeschreibung="Einfamilienhaus mit Vollkeller und Garage" AngLagebeschreibung="Hannover - Bemerode / Emslandviertel" AngAufDatum="2003-11-03" AngStatus="2" Konditionen="kon" AnzANG="1"/>
  <Angebote AngNr="HS1108" AngKurzBeschreibung="Solide Doppelhaushälfte mit Vollkeller" AngLagebeschreibung="Hannover - Anderten" AngAufDatum="2003-11-03" AngStatus="2" Konditionen="kon" AnzANG="1"/>
  <Angebote AngNr="HS1109" AngKurzBeschreibung="Bauernhaus" AngLagebeschreibung="Sehnde, OT Wehmingen" AngAufDatum="2003-11-03" AngStatus="2" Konditionen="kon" AnzANG="1"/>
  <Angebote AngNr="HS1110" AngKurzBeschreibung="Reihenhaus mit Vollkeller und Garage" AngLagebeschreibung="Hannover - Misburg / Heideviertel" AngAufDatum="2003-11-03" AngStatus="2" Konditionen="kon" AnzANG="1"/>
  <Angebote AngNr="EI1185" AngKurzBeschreibung="4-Zimmer-Eigentumswohnung" AngLagebeschreibung="Hannover - Oststadt" AngAufDatum="2003-11-04" AngStatus="2" Konditionen="kon" AnzANG="1"/>
  <Angebote AngNr="EI1186" AngKurzBeschreibung="3-Zimmer-Eigentumswohnung" AngLagebeschreibung="Hannover - Oststadt" AngAufDatum="2003-11-04" AngStatus="2" Konditionen="kon" AnzANG="1"/>
  <Angebote AngNr="EI1187" AngKurzBeschreibung="4-Zimmer-Eigentumswohnung" AngLagebeschreibung="Hannover - Nordstadt" AngAufDatum="2003-11-04" AngStatus="2" Konditionen="kon" AnzANG="1"/>
  <Angebote AngNr="EI1188" AngKurzBeschreibung="Dachgeschoß unausgebaut mit Baugenehmigung" AngLagebeschreibung="Hannover - Nordstadt" AngAufDatum="2003-11-04" AngStatus="2" Konditionen="kon" AnzANG="1"/>
  <Angebote AngNr="EI1189" AngKurzBeschreibung="2-Zimmer-Eigentumswohnung" AngLagebeschreibung="Laatzen" AngAufDatum="2003-11-04" AngStatus="2" Konditionen="kon" AnzANG="1"/>
  <Angebote AngNr="HS1111" AngKurzBeschreibung="Eindrucksvolles Einfamilienhaus mit kleiner Praxis auf herrlichem Grundstück" AngLagebeschreibung="Hannover - Kirchrode" AngAufDatum="2003-11-10" AngStatus="2" Konditionen="kon" AnzANG="1"/>
  <Angebote AngNr="HS1112" AngKurzBeschreibung="Einfamilienhaus auf großem Grundstück" AngLagebeschreibung="Hemmingen" AngAufDatum="2003-11-11" AngStatus="2" Konditionen="kon" AnzANG="1"/>
  <Angebote AngNr="HS1113" AngKurzBeschreibung="Außergewöhnlich großes Reihenendhaus" AngLagebeschreibung="Laatzen, OT Rethen" AngAufDatum="2003-11-12" AngStatus="2" Konditionen="kon" AnzANG="1"/>
  <Angebote AngNr="HS1114" AngKurzBeschreibung="Ein außergewöhnliches Haus!" AngLagebeschreibung="Sarstedt - Sonnenberg" AngAufDatum="2003-11-12" AngStatus="2" Konditionen="kon" AnzANG="1"/>
  <Angebote AngNr="RH459" AngKurzBeschreibung="Repräsentatives Mehrfamilienhaus in der List" AngLagebeschreibung="Hannover - List" AngAufDatum="2003-11-12" AngStatus="2" Konditionen="kon" AnzANG="1"/>
  <Angebote AngNr="EI1190" AngKurzBeschreibung="1½-Zimmer-Eigentumswohnung" AngLagebeschreibung="Hannover - Döhren" AngAufDatum="2003-11-13" AngStatus="2" Konditionen="kon" AnzANG="1"/>
  <Angebote AngNr="EI1191" AngKurzBeschreibung="3-Zimmer-Eigentumswohnung" AngLagebeschreibung="Hannover - Linden / Mitte" AngAufDatum="2003-11-13" AngStatus="2" Konditionen="kon" AnzANG="1"/>
  <Angebote AngNr="EI1192" AngKurzBeschreibung="5-Zimmer-Eigentumswohnung" AngLagebeschreibung="Hannover - List" AngAufDatum="2003-11-13" AngStatus="2" Konditionen="kon" AnzANG="1"/>
  <Angebote AngNr="HS1115" AngKurzBeschreibung="Modernes Reihenhaus mit Carport" AngLagebeschreibung="Wunstorf" AngAufDatum="2003-11-14" AngStatus="2" Konditionen="kon" AnzANG="1"/>
  <Angebote AngNr="HS1116" AngKurzBeschreibung="Doppelhaushälfte" AngLagebeschreibung="Laatzen, OT Rethen" AngAufDatum="2003-11-17" AngStatus="2" Konditionen="kon" AnzANG="1"/>
  <Angebote AngNr="EI1193" AngKurzBeschreibung="1-Zimmer-Eigentumswohnung" AngLagebeschreibung="Hannover - Badenstedt" AngAufDatum="2003-11-17" AngStatus="2" Konditionen="kon" AnzANG="1"/>
  <Angebote AngNr="EI1194" AngKurzBeschreibung="1-Zimmer-Eigentumswohnung" AngLagebeschreibung="Hannover - Oststadt" AngAufDatum="2003-11-17" AngStatus="2" Konditionen="kon" AnzANG="1"/>
  <Angebote AngNr="HS1117" AngKurzBeschreibung="Reihenhaus" AngLagebeschreibung="Burgdorf" AngAufDatum="2003-11-18" AngStatus="2" Konditionen="kon" AnzANG="1"/>
  <Angebote AngNr="RH460" AngKurzBeschreibung="Repräsentatives Mehrfamilienhaus" AngLagebeschreibung="Hannover - Südstadt" AngAufDatum="2003-11-18" AngStatus="2" Konditionen="kon" AnzANG="1"/>
  <Angebote AngNr="EI1195" AngKurzBeschreibung="3-Zimmer-Eigentumswohnung" AngLagebeschreibung="Pattensen" AngAufDatum="2003-11-19" AngStatus="2" Konditionen="kon" AnzANG="1"/>
  <Angebote AngNr="EI1196" AngKurzBeschreibung="3-Zimmer-Eigentumswohnung" AngLagebeschreibung="Hannover - Südstadt" AngAufDatum="2003-11-19" AngStatus="2" Konditionen="kon" AnzANG="1"/>
  <Angebote AngNr="EI1197" AngKurzBeschreibung="4-Zimmer-Eigentumswohnung (Maisonette)" AngLagebeschreibung="Hannover - Südstadt" AngAufDatum="2003-11-19" AngStatus="2" Konditionen="kon" AnzANG="1"/>
  <Angebote AngNr="HS1118" AngKurzBeschreibung="Einzigartiges Einfamilienhaus mit ganz besonderer Ausstattung" AngLagebeschreibung="Sehnde" AngAufDatum="2003-11-19" AngStatus="2" Konditionen="kon" AnzANG="1"/>
  <Angebote AngNr="RH461" AngKurzBeschreibung="Mehrfamilienhaus" AngLagebeschreibung="Hannover - Bothfeld" AngAufDatum="2003-11-20" AngStatus="2" Konditionen="kon" AnzANG="1"/>
  <Angebote AngNr="EI1198" AngKurzBeschreibung="3½-Zimmer-Eigentumswohnung" AngLagebeschreibung="Hannover - Döhren" AngAufDatum="2003-11-20" AngStatus="2" Konditionen="kon" AnzANG="1"/>
  <Angebote AngNr="EI1199" AngKurzBeschreibung="1-Zimmer-Eigentumswohnung" AngLagebeschreibung="Hannover - Misburg" AngAufDatum="2003-11-20" AngStatus="2" Konditionen="kon2" AnzANG="1"/>
  <Angebote AngNr="EI1200" AngKurzBeschreibung="3-Zimmer-Eigentumswohnung" AngLagebeschreibung="Hannover - Südstadt" AngAufDatum="2003-11-20" AngStatus="2" Konditionen="kon" AnzANG="1"/>
  <Angebote AngNr="EI1201" AngKurzBeschreibung="3-Zimmer-Eigentumswohnung" AngLagebeschreibung="Hannover - Südstadt" AngAufDatum="2003-11-20" AngStatus="2" Konditionen="kon" AnzANG="1"/>
  <Angebote AngNr="RH462" AngKurzBeschreibung="Mehrfamilienhaus" AngLagebeschreibung="Hannover - Nordstadt" AngAufDatum="2003-11-24" AngStatus="2" Konditionen="kon" AnzANG="1"/>
  <Angebote AngNr="HS1119" AngKurzBeschreibung="Reihenhaus mit Einliegerwohnung" AngLagebeschreibung="Laatzen" AngAufDatum="2003-11-24" AngStatus="2" Konditionen="kon" AnzANG="1"/>
  <Angebote AngNr="EI1202" AngKurzBeschreibung="1-Zimmer-Eigentumswohnung" AngLagebeschreibung="Hannover - Oststadt" AngAufDatum="2003-11-25" AngStatus="2" Konditionen="kon" AnzANG="1"/>
  <Angebote AngNr="EI1204" AngKurzBeschreibung="4-Zimmer-Eigentumswohnung" AngLagebeschreibung="Hannover - Groß-Buchholz" AngAufDatum="2003-11-25" AngStatus="2" Konditionen="kon" AnzANG="1"/>
  <Angebote AngNr="EI1203" AngKurzBeschreibung="2-Zimmer-Eigentumswohnung" AngLagebeschreibung="Hannover - Ricklingen" AngAufDatum="2003-11-25" AngStatus="2" Konditionen="kon" AnzANG="1"/>
  <Angebote AngNr="EI1205" AngKurzBeschreibung="2-Zimmer-Eigentumswohnung" AngLagebeschreibung="Hannover - Kirchrode" AngAufDatum="2003-11-25" AngStatus="2" Konditionen="kon" AnzANG="1"/>
  <Angebote AngNr="EI1206" AngKurzBeschreibung="3-4 Zimmer Eigentumswohnung im Dachgeschoss zum Selbstausbau" AngLagebeschreibung="Hannover - Südstadt" AngAufDatum="2003-11-26" AngStatus="2" Konditionen="kon" AnzANG="1"/>
  <Angebote AngNr="HS1120" AngKurzBeschreibung="Reihenhaus auf versezten Ebenen" AngLagebeschreibung="Sehnde" AngAufDatum="2003-11-26" AngStatus="2" Konditionen="kon" AnzANG="1"/>
  <Angebote AngNr="HS1121" AngKurzBeschreibung="Geräumiges Reihenendhaus mit Vollkeller und Garage" AngLagebeschreibung="Wunstorf" AngAufDatum="2003-11-26" AngStatus="2" Konditionen="kon" AnzANG="1"/>
  <Angebote AngNr="EI1207" AngKurzBeschreibung="4-Zimmer-Eigentumswohnung mit Souterrain" AngLagebeschreibung="Hannover - Anderten" AngAufDatum="2003-11-27" AngStatus="2" Konditionen="kon" AnzANG="1"/>
  <Angebote AngNr="EI1208" AngKurzBeschreibung="3-Zimmer-Eigentumswohnung" AngLagebeschreibung="Hemmingen, OT Arnum" AngAufDatum="2003-11-27" AngStatus="2" Konditionen="kon" AnzANG="1"/>
  <Angebote AngNr="EI1209" AngKurzBeschreibung="Eigentumswohnungen mit DG zum Selbstausbau" AngLagebeschreibung="Hannover - Linden / Mitte" AngAufDatum="2003-11-27" AngStatus="2" Konditionen="kon" AnzANG="1"/>
  <Angebote AngNr="EI1210" AngKurzBeschreibung="2-Zimmer-Eigentumswohnung" AngLagebeschreibung="Hannover - List" AngAufDatum="2003-11-27" AngStatus="2" Konditionen="kon" AnzANG="1"/>
  <Angebote AngNr="HS1122" AngKurzBeschreibung="Grundsolides Reihenendhaus mit Vollkeller und Garage" AngLagebeschreibung="Hemmingen, OT Arnum" AngAufDatum="2003-11-27" AngStatus="2" Konditionen="kon" AnzANG="1"/>
  <Angebote AngNr="HS1123" AngKurzBeschreibung="Gepflegtes Einfamilienhaus mit Vollkeller und Garage" AngLagebeschreibung="Sarstedt" AngAufDatum="2003-11-27" AngStatus="2" Konditionen="kon" AnzANG="1"/>
  <Angebote AngNr="EI1211" AngKurzBeschreibung="3-Zimmer-Eigentumswohnung" AngLagebeschreibung="Laatzen" AngAufDatum="2003-11-27" AngStatus="2" Konditionen="kon" AnzANG="1"/>
  <Angebote AngNr="EI1212" AngKurzBeschreibung="2-Zimmer-Eigentumswohnung" AngLagebeschreibung="Hannover - Badenstedt" AngAufDatum="2003-11-27" AngStatus="2" Konditionen="kon" AnzANG="1"/>
  <Angebote AngNr="EI1213" AngKurzBeschreibung="Zwei Eigentumswohnungen, zwei ausbaufähige Dachgeschosse" AngLagebeschreibung="Hannover - List" AngAufDatum="2003-11-28" AngStatus="2" Konditionen="kon" AnzANG="1"/>
  <Angebote AngNr="HS1124" AngKurzBeschreibung="Sehr gepflegtes, neuwertiges Einfamilienhaus mit Vollkeller und Garage" AngLagebeschreibung="Pattensen" AngAufDatum="2003-11-28" AngStatus="2" Konditionen="kon" AnzANG="1"/>
  <Angebote AngNr="EI1214" AngKurzBeschreibung="2-Zimmer-Eigentumswohnung" AngLagebeschreibung="Hannover - Misburg" AngAufDatum="2003-12-01" AngStatus="2" Konditionen="kon" AnzANG="1"/>
  <Angebote AngNr="EI1215" AngKurzBeschreibung="3-Zimmer-Eigentumswohnung" AngLagebeschreibung="Pattensen" AngAufDatum="2003-12-01" AngStatus="2" Konditionen="kon" AnzANG="1"/>
  <Angebote AngNr="HS1125" AngKurzBeschreibung="Gemütliches Reihenhaus" AngLagebeschreibung="Hannover - Heideviertel" AngAufDatum="2003-12-02" AngStatus="2" Konditionen="kon" AnzANG="1"/>
  <Angebote AngNr="HS1126" AngKurzBeschreibung="Ein Doppelhaus mit 2 Wohnungen und Doppelgarage" AngLagebeschreibung="Hemmingen, OT Wilkenburg" AngAufDatum="2003-12-02" AngStatus="2" Konditionen="kon" AnzANG="1"/>
  <Angebote AngNr="HS1127" AngKurzBeschreibung="Grundsolide Doppelhaushälfte mit Vollkeller und Garage" AngLagebeschreibung="Hannover - Alte Bult" AngAufDatum="2003-12-03" AngStatus="2" Konditionen="kon" AnzANG="1"/>
  <Angebote AngNr="EI1216" AngKurzBeschreibung="4-Zimmer-Eigentumswohnung" AngLagebeschreibung="Laatzen" AngAufDatum="2003-12-03" AngStatus="2" Konditionen="kon" AnzANG="1"/>
  <Angebote AngNr="HS1128" AngKurzBeschreibung="Großes Zweifamilienhaus mit 2 Garagen" AngLagebeschreibung="Garbsen, OT Schloß Ricklingen" AngAufDatum="2003-12-03" AngStatus="2" Konditionen="kon" AnzANG="1"/>
  <Angebote AngNr="EI1217" AngKurzBeschreibung="4-Zimmer-Eigentumswohnung" AngLagebeschreibung="Hannover - Wettbergen" AngAufDatum="2003-12-03" AngStatus="2" Konditionen="kon" AnzANG="1"/>
  <Angebote AngNr="HS1129" AngKurzBeschreibung="Großzügiges Einfamilienhaus mit Garage und Vollkeller auf sehr gepflegtem Grundstück" AngLagebeschreibung="Gehrden" AngAufDatum="2003-12-03" AngStatus="2" Konditionen="kon" AnzANG="1"/>
  <Angebote AngNr="RH463" AngKurzBeschreibung="Mehrfamilienhaus" AngLagebeschreibung="Hannover - Limmer" AngAufDatum="2003-12-04" AngStatus="2" Konditionen="kon" AnzANG="1"/>
  <Angebote AngNr="EI1218" AngKurzBeschreibung="3-Zimmer-Eigentumswohnung" AngLagebeschreibung="Hannover - Bothfeld" AngAufDatum="2003-12-04" AngStatus="2" Konditionen="kon" AnzANG="1"/>
  <Angebote AngNr="EI1219" AngKurzBeschreibung="3-Zimmer-Eigentumswohnung" AngLagebeschreibung="Hannover - Kleefeld / Nähe Schaperplatz" AngAufDatum="2003-12-04" AngStatus="2" Konditionen="kon" AnzANG="1"/>
  <Angebote AngNr="EI1220" AngKurzBeschreibung="3-Zimmer-Eigentumswohnung" AngLagebeschreibung="Hannover - Bothfeld" AngAufDatum="2003-12-04" AngStatus="2" Konditionen="kon" AnzANG="1"/>
  <Angebote AngNr="EI1221" AngKurzBeschreibung="3-Zimmer-Eigentumswohnung" AngLagebeschreibung="Isernhagen - HB" AngAufDatum="2003-12-04" AngStatus="2" Konditionen="kon" AnzANG="1"/>
  <Angebote AngNr="HS1130" AngKurzBeschreibung="Wiederaufgebautes Fachwerkhaus mit Einliegerwohnung und Garage" AngLagebeschreibung="Sarstedt, OT Gödringen" AngAufDatum="2003-12-05" AngStatus="2" Konditionen="kon" AnzANG="1"/>
  <Angebote AngNr="HS1131" AngKurzBeschreibung="Großzügiges Reihenmittelhaus mit Garage" AngLagebeschreibung="Sarstedt" AngAufDatum="2003-12-06" AngStatus="2" Konditionen="kon" AnzANG="1"/>
  <Angebote AngNr="HS1132" AngKurzBeschreibung="Gemütliche Doppelhaushälfte mit Garage und Vollkeller" AngLagebeschreibung="Hannover - Groß-Buchholz" AngAufDatum="2003-12-08" AngStatus="2" Konditionen="kon" AnzANG="1"/>
  <Angebote AngNr="HS1133" AngKurzBeschreibung="Reihenmittelhaus mit Vollkeller und Garage" AngLagebeschreibung="Wunstorf" AngAufDatum="2003-12-09" AngStatus="2" Konditionen="kon" AnzANG="1"/>
  <Angebote AngNr="EI1222" AngKurzBeschreibung="3-Zimmer-Eigentumswohnung mit Spitzboden" AngLagebeschreibung="Hannover - Linden/Mitte" AngAufDatum="2003-12-10" AngStatus="2" Konditionen="kon" AnzANG="1"/>
  <Angebote AngNr="EI1223" AngKurzBeschreibung="4 - Zimmer-Eigentumswohnung" AngLagebeschreibung="Ronnenberg" AngAufDatum="2003-12-10" AngStatus="2" Konditionen="kon" AnzANG="1"/>
  <Angebote AngNr="RH464" AngKurzBeschreibung="Repräsentative Mehrfamilienhäuser" AngLagebeschreibung="Hannover - Herrenhausen" AngAufDatum="2003-12-15" AngStatus="2" Konditionen="kon" AnzANG="1"/>
  <Angebote AngNr="RH465" AngKurzBeschreibung="Repräsentatives Mehrfamilienhaus" AngLagebeschreibung="Hannover - Nordstadt" AngAufDatum="2003-12-15" AngStatus="2" Konditionen="kon" AnzANG="1"/>
  <Angebote AngNr="HS1134" AngKurzBeschreibung="Außergewöhnliches Stadthaus in exponierter Lage" AngLagebeschreibung="Hannover - Zooviertel" AngAufDatum="2003-12-16" AngStatus="2" Konditionen="kon" AnzANG="1"/>
  <Angebote AngNr="HS1135" AngKurzBeschreibung="Exklusives Einfamilienhaus mit Garage auf wunderschönem Grundstück" AngLagebeschreibung="Hannover - Bothfeld" AngAufDatum="2003-12-17" AngStatus="2" Konditionen="kon" AnzANG="1"/>
  <Angebote AngNr="HS1136" AngKurzBeschreibung="Großzügiges Einfamilienhaus mit Vollkeller, Garage und Carport" AngLagebeschreibung="Burgdorf" AngAufDatum="2003-12-18" AngStatus="2" Konditionen="kon" AnzANG="1"/>
  <Angebote AngNr="HS1137" AngKurzBeschreibung="Exklusives, großzügige Einfamilienhaus auf traumhaftem Grundstück mit Doppelgarage" AngLagebeschreibung="Burgdorf" AngAufDatum="2003-12-18" AngStatus="2" Konditionen="kon" AnzANG="1"/>
  <Angebote AngNr="EI1224" AngKurzBeschreibung="3-Zimmer-Eigentumswohnung" AngLagebeschreibung="Hannover - Döhren" AngAufDatum="2003-12-22" AngStatus="2" Konditionen="kon" AnzANG="1"/>
  <Angebote AngNr="EI1225" AngKurzBeschreibung="3-Zimmer-Eigentumswohnung" AngLagebeschreibung="Hannover - Südstadt" AngAufDatum="2003-12-22" AngStatus="2" Konditionen="kon" AnzANG="1"/>
  <Angebote AngNr="HS1138" AngKurzBeschreibung="Einfamilienhaus mit Vollkeller und Garage" AngLagebeschreibung="Burgdorf" AngAufDatum="2004-01-06" AngStatus="2" Konditionen="kon" AnzANG="1"/>
  <Angebote AngNr="HS1139" AngKurzBeschreibung="Einfamilienhaus mit Vollkeller und Garage" AngLagebeschreibung="Hannover - Mittelfeld" AngAufDatum="2004-01-06" AngStatus="2" Konditionen="kon" AnzANG="1"/>
  <Angebote AngNr="EI1226" AngKurzBeschreibung="3-Zimmer-Eigentumswohnung" AngLagebeschreibung="Hannover - Bothfeld" AngAufDatum="2004-01-07" AngStatus="2" Konditionen="kon" AnzANG="1"/>
  <Angebote AngNr="EI1227" AngKurzBeschreibung="7-Zimmer-Eigentumswohnung" AngLagebeschreibung="Hannover - List" AngAufDatum="2004-01-09" AngStatus="2" Konditionen="kon" AnzANG="1"/>
  <Angebote AngNr="HS1140" AngKurzBeschreibung="Bungalow mit Teilkeller, Garage und Ausbaureserve" AngLagebeschreibung="Burgdorf" AngAufDatum="2004-01-13" AngStatus="2" Konditionen="kon" AnzANG="1"/>
  <Angebote AngNr="HS1141" AngKurzBeschreibung="Reihenhaus mit Studio und Vollkeller" AngLagebeschreibung="Hemmingen, OT Arnum" AngAufDatum="2004-01-13" AngStatus="2" Konditionen="kon" AnzANG="1"/>
  <Angebote AngNr="HS1142" AngKurzBeschreibung="Exklusive Doppelhaushälfte mit Garage" AngLagebeschreibung="Hemmingen, OT Arnum" AngAufDatum="2004-01-13" AngStatus="2" Konditionen="kon" AnzANG="1"/>
  <Angebote AngNr="EI1228" AngKurzBeschreibung="2-Zimmer-Eigentumwohnung" AngLagebeschreibung="Hannover - Anderten" AngAufDatum="2004-01-14" AngStatus="2" Konditionen="kon" AnzANG="1"/>
  <Angebote AngNr="EI1229" AngKurzBeschreibung="3-Zimmer-Eigentumswohnung" AngLagebeschreibung="Laatzen, OT Rethen" AngAufDatum="2004-01-14" AngStatus="2" Konditionen="kon" AnzANG="1"/>
  <Angebote AngNr="EI1231" AngKurzBeschreibung="3-Zimmer-Eigentumswohnung" AngLagebeschreibung="Hemmingen, OT Arnum" AngAufDatum="2004-01-14" AngStatus="2" Konditionen="kon" AnzANG="1"/>
  <Angebote AngNr="RH466" AngKurzBeschreibung="Mehrfamilienhaus in ruhiger Lage" AngLagebeschreibung="Hannover - Linden" AngAufDatum="2004-01-15" AngStatus="2" Konditionen="kon" AnzANG="1"/>
  <Angebote AngNr="EI1230" AngKurzBeschreibung="2-Zimmer-Eigentumswohnung" AngLagebeschreibung="Hannover - Südstadt" AngAufDatum="2004-01-16" AngStatus="2" Konditionen="profre" AnzANG="1"/>
  <Angebote AngNr="EI1232" AngKurzBeschreibung="3-Zimmer-Eigentumswohnung" AngLagebeschreibung="Hannover - Südstadt" AngAufDatum="2004-01-16" AngStatus="2" Konditionen="kon" AnzANG="1"/>
  <Angebote AngNr="EI1233" AngKurzBeschreibung="2-Zimmer-Eigentumswohnung" AngLagebeschreibung="Hannover - Südstadt" AngAufDatum="2004-01-16" AngStatus="2" Konditionen="kon" AnzANG="1"/>
  <Angebote AngNr="EI1234" AngKurzBeschreibung="4-Zimmer-Eigentumswohnung" AngLagebeschreibung="Hannover - List" AngAufDatum="2004-01-16" AngStatus="2" Konditionen="kon" AnzANG="1"/>
  <Angebote AngNr="EI1235" AngKurzBeschreibung="3-Zimmer-Eigentumswohnung" AngLagebeschreibung="Hannover - Sahlkamp" AngAufDatum="2004-01-19" AngStatus="2" Konditionen="kon" AnzANG="1"/>
  <Angebote AngNr="HS1143" AngKurzBeschreibung="Reihenendhaus mit Studio und Vollkeller" AngLagebeschreibung="Hannover - Bothfeld" AngAufDatum="2004-01-20" AngStatus="2" Konditionen="kon" AnzANG="1"/>
  <Angebote AngNr="EI1236" AngKurzBeschreibung="3-Zimmer-Eigentumswohnung" AngLagebeschreibung="Ronnenberg, OT Empelde" AngAufDatum="2004-01-20" AngStatus="2" Konditionen="kon" AnzANG="1"/>
  <Angebote AngNr="HS1144" AngKurzBeschreibung="Reihenhaus mit Dachstudio" AngLagebeschreibung="Hemmingen, OT Arnum" AngAufDatum="2004-01-20" AngStatus="2" Konditionen="kon" AnzANG="1"/>
  <Angebote AngNr="EI1237" AngKurzBeschreibung="2-Zimmer-Eigentumswohnung" AngLagebeschreibung="Hannover - Ahlem" AngAufDatum="2004-01-21" AngStatus="2" Konditionen="kon" AnzANG="1"/>
  <Angebote AngNr="EI1238" AngKurzBeschreibung="2-Zimmer-Eigentumswohnung" AngLagebeschreibung="Hannover - List / Spannhagengarten" AngAufDatum="2004-01-21" AngStatus="2" Konditionen="kon" AnzANG="1"/>
  <Angebote AngNr="EI1239" AngKurzBeschreibung="4-Zimmer-Eigentumswohnung" AngLagebeschreibung="Isernhagen, OT Altwarmbüchen" AngAufDatum="2004-01-22" AngStatus="2" Konditionen="kon" AnzANG="1"/>
  <Angebote AngNr="HS1145" AngKurzBeschreibung="Zweifamilienhaus mit Vollkeller auf großem Grundstück" AngLagebeschreibung="Burgdorf" AngAufDatum="2004-01-22" AngStatus="2" Konditionen="kon" AnzANG="1"/>
  <Angebote AngNr="HS1146" AngKurzBeschreibung="Doppelhaushälfte mit Vollkeller und Doppelgarage" AngLagebeschreibung="Hannover - Davenstedt" AngAufDatum="2004-01-27" AngStatus="2" Konditionen="kon" AnzANG="1"/>
  <Angebote AngNr="HS1147" AngKurzBeschreibung="Außergewöhnliches Anwesen für Anspruchsvolle" AngLagebeschreibung="Lehrte - Oase im Zentrum" AngAufDatum="2004-01-28" AngStatus="2" Konditionen="kon" AnzANG="1"/>
  <Angebote AngNr="EI1240" AngKurzBeschreibung="1-Zimmer-Eigentumswohnung" AngLagebeschreibung="Hannover - Südstadt" AngAufDatum="2004-01-28" AngStatus="2" Konditionen="profre" AnzANG="1"/>
  <Angebote AngNr="EI1241" AngKurzBeschreibung="1-Zimmer-Eigentumswohnung" AngLagebeschreibung="Hannover - Südstadt" AngAufDatum="2004-01-28" AngStatus="2" Konditionen="kon" AnzANG="1"/>
  <Angebote AngNr="EI1242" AngKurzBeschreibung="1-Zimmer-Eigentumswohnung" AngLagebeschreibung="Hannover - Südstadt" AngAufDatum="2004-01-28" AngStatus="2" Konditionen="kon" AnzANG="1"/>
  <Angebote AngNr="HS1148" AngKurzBeschreibung="Reihenendhaus mit Teilkeller und Garage" AngLagebeschreibung="Ronnenberg" AngAufDatum="2004-01-29" AngStatus="2" Konditionen="kon" AnzANG="1"/>
  <Angebote AngNr="HS1149" AngKurzBeschreibung="Reihenendhaus mit Teilkeller und Garage" AngLagebeschreibung="Ronnenberg" AngAufDatum="2004-01-29" AngStatus="2" Konditionen="kon" AnzANG="1"/>
  <Angebote AngNr="HS1150" AngKurzBeschreibung="Doppelhaushälfte" AngLagebeschreibung="Sarstedt" AngAufDatum="2004-01-30" AngStatus="2" Konditionen="kon" AnzANG="1"/>
  <Angebote AngNr="HS1151" AngKurzBeschreibung="Doppelhaushälfte" AngLagebeschreibung="Sarstedt" AngAufDatum="2004-01-30" AngStatus="2" Konditionen="kon" AnzANG="1"/>
  <Angebote AngNr="HS1152" AngKurzBeschreibung="Reihenhaus mit toller Ausstattung" AngLagebeschreibung="Sehnde, OT Höver" AngAufDatum="2004-01-30" AngStatus="2" Konditionen="kon" AnzANG="1"/>
  <Angebote AngNr="HS1153" AngKurzBeschreibung="Reihenmittelhaus mit toller Ausstattung" AngLagebeschreibung="Sehnde, OT Höver" AngAufDatum="2004-02-02" AngStatus="2" Konditionen="kon" AnzANG="1"/>
  <Angebote AngNr="BP1154" AngKurzBeschreibung="Teilbares Grundstück mit Altbestand" AngLagebeschreibung="Hannover - Wettbergen" AngAufDatum="2004-02-02" AngStatus="2" Konditionen="kon" AnzANG="1"/>
  <Angebote AngNr="HS1155" AngKurzBeschreibung="Gepflegter Bungalow mit Doppelgarage" AngLagebeschreibung="Ronnenberg" AngAufDatum="2004-02-02" AngStatus="2" Konditionen="kon" AnzANG="1"/>
  <Angebote AngNr="HS1156" AngKurzBeschreibung="Modernes Einfamilienhaus mit Doppelgarage" AngLagebeschreibung="Sehnde, OT Höver" AngAufDatum="2004-02-03" AngStatus="2" Konditionen="kon" AnzANG="1"/>
  <Angebote AngNr="HS1157" AngKurzBeschreibung="XXL-Reihenendhaus mit feinster Ausstattung" AngLagebeschreibung="Sehnde, OT Höver" AngAufDatum="2004-02-03" AngStatus="2" Konditionen="kon" AnzANG="1"/>
  <Angebote AngNr="HS1158" AngKurzBeschreibung="Schönes Reihenhaus mit 5 Zimmern" AngLagebeschreibung="Laatzen, OT Rethen" AngAufDatum="2004-02-03" AngStatus="2" Konditionen="kon" AnzANG="1"/>
  <Angebote AngNr="HS1159" AngKurzBeschreibung="Flachdachbungalow in bester Lage mit Vollkeller und Garage" AngLagebeschreibung="Hannover - Kirchrode" AngAufDatum="2004-02-03" AngStatus="2" Konditionen="kon" AnzANG="1"/>
  <Angebote AngNr="RH467" AngKurzBeschreibung="Mehrfamilienhaus" AngLagebeschreibung="Ronnenberg, OT Weetzen" AngAufDatum="2004-02-04" AngStatus="2" Konditionen="kon" AnzANG="1"/>
  <Angebote AngNr="HS1160" AngKurzBeschreibung="Reihenhaus in hervorragender Lage mit Carport" AngLagebeschreibung="Hannover - Wettbergen" AngAufDatum="2004-02-04" AngStatus="2" Konditionen="kon" AnzANG="1"/>
  <Angebote AngNr="EI1243" AngKurzBeschreibung="4-Zimmer-Eigentumswohnung" AngLagebeschreibung="Hannover - Südstadt" AngAufDatum="2004-02-05" AngStatus="2" Konditionen="kon" AnzANG="1"/>
  <Angebote AngNr="HS1161" AngKurzBeschreibung="Modernes Einfamilienhaus mit Einliegerwohnung und Garage" AngLagebeschreibung="Ronnenberg, OT Empelde" AngAufDatum="2004-02-05" AngStatus="2" Konditionen="kon" AnzANG="1"/>
  <Angebote AngNr="HS1162" AngKurzBeschreibung="Einfamilienhaus mit Garage und großem Garten" AngLagebeschreibung="Hannover - Kleefeld" AngAufDatum="2004-02-09" AngStatus="2" Konditionen="kon" AnzANG="1"/>
  <Angebote AngNr="HS1163" AngKurzBeschreibung="Traumhaftes Einfamilienhaus mit Einliegerwohnung im DG" AngLagebeschreibung="Sarstedt" AngAufDatum="2004-02-10" AngStatus="2" Konditionen="kon" AnzANG="1"/>
  <Angebote AngNr="HS1164" AngKurzBeschreibung="Einfamilienhaus mit Garage und Garten" AngLagebeschreibung="Burgdorf" AngAufDatum="2004-02-10" AngStatus="2" Konditionen="kon" AnzANG="1"/>
  <Angebote AngNr="HS1165" AngKurzBeschreibung="Reihenhaus mit Garage und Keller in traumhafter Lage" AngLagebeschreibung="Seelze, OT Letter - direkt an den Leinewiesen" AngAufDatum="2004-02-10" AngStatus="2" Konditionen="kon" AnzANG="1"/>
  <Angebote AngNr="RH468" AngKurzBeschreibung="Mehrfamilienhaus" AngLagebeschreibung="Hannover - Südstadt" AngAufDatum="2004-02-10" AngStatus="2" Konditionen="kon" AnzANG="2"/>
  <Angebote AngNr="EI1244" AngKurzBeschreibung="4-Zimmer-Eigentumswohnung" AngLagebeschreibung="Hemmingen, OT Arnum" AngAufDatum="2004-02-11" AngStatus="2" Konditionen="kon" AnzANG="1"/>
  <Angebote AngNr="EI1245" AngKurzBeschreibung="2½-Zimmer-Eigentumswohnung" AngLagebeschreibung="Hannover - Nordstadt" AngAufDatum="2004-02-11" AngStatus="2" Konditionen="kon" AnzANG="1"/>
  <Angebote AngNr="HS1166" AngKurzBeschreibung="Reihenmittelhaus mit Garage" AngLagebeschreibung="Langenhagen" AngAufDatum="2004-02-12" AngStatus="2" Konditionen="kon" AnzANG="1"/>
  <Angebote AngNr="EI1246" AngKurzBeschreibung="4-Zimmer-Eigentumswohnung" AngLagebeschreibung="Hannover - Südstadt" AngAufDatum="2004-02-12" AngStatus="2" Konditionen="kon" AnzANG="1"/>
  <Angebote AngNr="EI1247" AngKurzBeschreibung="Dachboden zum Ausbau für zwei 3-Zimmer-Eigentumswohnungen" AngLagebeschreibung="Hannover - Herrenhausen" AngAufDatum="2004-02-12" AngStatus="2" Konditionen="kon" AnzANG="1"/>
  <Angebote AngNr="RH469" AngKurzBeschreibung="Wohnanlage" AngLagebeschreibung="Hannover - Heideviertel" AngAufDatum="2004-02-12" AngStatus="2" Konditionen="kon" AnzANG="3"/>
  <Angebote AngNr="EI1248" AngKurzBeschreibung="3-Zimmer-Eigentumswohnung" AngLagebeschreibung="Hannover - Zooviertel" AngAufDatum="2004-02-12" AngStatus="2" Konditionen="kon" AnzANG="1"/>
  <Angebote AngNr="EI1249" AngKurzBeschreibung="4-Zimmer-Eigentumswohnung" AngLagebeschreibung="Hannover - List" AngAufDatum="2004-02-13" AngStatus="2" Konditionen="kon" AnzANG="1"/>
  <Angebote AngNr="HS1167" AngKurzBeschreibung="Einfamilienhaus mit Garage und Garten" AngLagebeschreibung="Burgdorf, OT Ehlershausen" AngAufDatum="2004-02-13" AngStatus="2" Konditionen="kon" AnzANG="1"/>
  <Angebote AngNr="EI1250" AngKurzBeschreibung="4-Zimmer-Eigentumswohnung" AngLagebeschreibung="Hannover - Calenberger Neustadt" AngAufDatum="2004-02-13" AngStatus="2" Konditionen="kon" AnzANG="1"/>
  <Angebote AngNr="EI1251" AngKurzBeschreibung="2-Zimmer-Eigentumswohnung" AngLagebeschreibung="Hannover - Döhren" AngAufDatum="2004-02-17" AngStatus="2" Konditionen="kon" AnzANG="2"/>
  <Angebote AngNr="EI1252" AngKurzBeschreibung="2½-Zimmer-Eigentumswohnung" AngLagebeschreibung="Hannover - Oststadt" AngAufDatum="2004-02-17" AngStatus="2" Konditionen="kon" AnzANG="1"/>
  <Angebote AngNr="EI1253" AngKurzBeschreibung="3-Zimmer-Eigentumswohnung + 1 Zimmer im DG" AngLagebeschreibung="Pattensen" AngAufDatum="2004-02-17" AngStatus="2" Konditionen="kon" AnzANG="1"/>
  <Angebote AngNr="HS1168" AngKurzBeschreibung="Reihenmittelhaus für höchste Ansprüche" AngLagebeschreibung="Sehnde, OT Höver" AngAufDatum="2004-02-17" AngStatus="2" Konditionen="kon" AnzANG="1"/>
  <Angebote AngNr="EI1254" AngKurzBeschreibung="2-Zimmer-Eigentumswohnung" AngLagebeschreibung="Ronnenberg, OT Empelde" AngAufDatum="2004-02-18" AngStatus="2" Konditionen="kon" AnzANG="1"/>
  <Angebote AngNr="EI1255" AngKurzBeschreibung="4-Zimmer-Eigentumswohnung" AngLagebeschreibung="Hannover - List" AngAufDatum="2004-02-23" AngStatus="2" Konditionen="kon" AnzANG="1"/>
  <Angebote AngNr="EI1256" AngKurzBeschreibung="3-Zimmer-Eigentumswohnung" AngLagebeschreibung="Hannover - List / Spannhagengarten" AngAufDatum="2004-02-23" AngStatus="2" Konditionen="kon" AnzANG="1"/>
  <Angebote AngNr="HS1169" AngKurzBeschreibung="Grundsolides Einfamilienhaus mit Doppelgarage und Vollkeller" AngLagebeschreibung="Wunstorf" AngAufDatum="2004-02-23" AngStatus="2" Konditionen="kon" AnzANG="1"/>
  <Angebote AngNr="HS1170" AngKurzBeschreibung="Bungalow mit feinster Ausstattung" AngLagebeschreibung="Pattensen" AngAufDatum="2004-02-24" AngStatus="2" Konditionen="kon" AnzANG="1"/>
  <Angebote AngNr="EI1257" AngKurzBeschreibung="5½-Zimmer-Eigentumswohnung (Maisonette)" AngLagebeschreibung="Hannover - Oststadt" AngAufDatum="2004-02-26" AngStatus="2" Konditionen="kon" AnzANG="1"/>
  <Angebote AngNr="HS1171" AngKurzBeschreibung="Niveauvolle Doppelhaushälfte mit Vollkeller" AngLagebeschreibung="Pattensen" AngAufDatum="2004-02-26" AngStatus="2" Konditionen="kon" AnzANG="1"/>
  <Angebote AngNr="HS1172" AngKurzBeschreibung="Einfamilienhaus mit Garage" AngLagebeschreibung="Gehrden, OT Leveste" AngAufDatum="2004-02-26" AngStatus="2" Konditionen="kon" AnzANG="1"/>
  <Angebote AngNr="RH470" AngKurzBeschreibung="Mehrfamilienhaus" AngLagebeschreibung="Hannover - Südstadt" AngAufDatum="2004-02-27" AngStatus="2" Konditionen="kon" AnzANG="1"/>
  <Angebote AngNr="HS1173" AngKurzBeschreibung="Attraktives Einfamilienhaus in Massivbauweise" AngLagebeschreibung="Lehrte" AngAufDatum="2004-03-01" AngStatus="2" Konditionen="kon" AnzANG="1"/>
  <Angebote AngNr="HS1174" AngKurzBeschreibung="Außergewöhnliche Doppelhaushälfte mit Carport am Rande des LSG" AngLagebeschreibung="Garbsen, OT Schloß Ricklingen" AngAufDatum="2004-03-01" AngStatus="2" Konditionen="kon" AnzANG="1"/>
  <Angebote AngNr="HS1175" AngKurzBeschreibung="Gepflegtes Einfamilienhaus mit durchdachtem Grundriß" AngLagebeschreibung="Garbsen, OT Berenbostel" AngAufDatum="2004-03-02" AngStatus="2" Konditionen="kon" AnzANG="1"/>
  <Angebote AngNr="HS1176" AngKurzBeschreibung="Neuwertiges, modern ausgestattetes Reihenmittelhaus" AngLagebeschreibung="Langenhagen, OT Engelbostel" AngAufDatum="2004-03-02" AngStatus="2" Konditionen="kon" AnzANG="1"/>
  <Angebote AngNr="HS1177" AngKurzBeschreibung="Einfamilienhaus mit Einliegerwohnung" AngLagebeschreibung="Barsinghausen" AngAufDatum="2004-03-04" AngStatus="2" Konditionen="kon" AnzANG="1"/>
  <Angebote AngNr="EI1258" AngKurzBeschreibung="3-Zimmer-Eigentumswohnung" AngLagebeschreibung="Hannover - Groß-Buchholz" AngAufDatum="2004-03-04" AngStatus="2" Konditionen="kon" AnzANG="1"/>
  <Angebote AngNr="EI1259" AngKurzBeschreibung="3-Zimmer-Eigentumswohnung" AngLagebeschreibung="Langenhagen" AngAufDatum="2004-03-04" AngStatus="2" Konditionen="kon" AnzANG="1"/>
  <Angebote AngNr="RH471" AngKurzBeschreibung="Wohn- und Geschäftshaus" AngLagebeschreibung="Hannover - Südstadt" AngAufDatum="2004-03-04" AngStatus="2" Konditionen="kon" AnzANG="1"/>
  <Angebote AngNr="EI1260" AngKurzBeschreibung="2-Zimmer-Eigentumswohnung" AngLagebeschreibung="Hannover - Bothfeld" AngAufDatum="2004-03-04" AngStatus="2" Konditionen="kon" AnzANG="1"/>
  <Angebote AngNr="HS1178" AngKurzBeschreibung="Attraktiver Gartenhof-Bungalow als Niedrigenergiehaus" AngLagebeschreibung="Hemmingen, OT Arnum" AngAufDatum="2004-03-04" AngStatus="2" Konditionen="kon" AnzANG="1"/>
  <Angebote AngNr="EI1261" AngKurzBeschreibung="1-Zimmer-Eigentumswohnung" AngLagebeschreibung="Hannover - Linden / Nord" AngAufDatum="2004-03-05" AngStatus="2" Konditionen="kon" AnzANG="1"/>
  <Angebote AngNr="RH472" AngKurzBeschreibung="Mehrfamilienhaus" AngLagebeschreibung="Sehnde, OT Klein Lobke" AngAufDatum="2004-03-09" AngStatus="2" Konditionen="kon" AnzANG="1"/>
  <Angebote AngNr="EI1262" AngKurzBeschreibung="1-Zimmer-Eigentumswohnung" AngLagebeschreibung="Hannover - Südstadt" AngAufDatum="2004-03-11" AngStatus="2" Konditionen="kon" AnzANG="1"/>
  <Angebote AngNr="EI1263" AngKurzBeschreibung="5-Zimmer-Eigentumswohnung" AngLagebeschreibung="Hannover - Linden / Nord" AngAufDatum="2004-03-11" AngStatus="2" Konditionen="kon" AnzANG="1"/>
  <Angebote AngNr="RH473" AngKurzBeschreibung="Wohnhaus mit kleinem Bistro" AngLagebeschreibung="Lehrte" AngAufDatum="2004-03-12" AngStatus="2" Konditionen="kon" AnzANG="2"/>
  <Angebote AngNr="EI1264" AngKurzBeschreibung="3-Zimmer-Eigentumswohnung" AngLagebeschreibung="Hannover - Bothfeld" AngAufDatum="2004-03-12" AngStatus="2" Konditionen="kon" AnzANG="1"/>
  <Angebote AngNr="EI1265" AngKurzBeschreibung="3-Zimmer-Eigentumswohnung" AngLagebeschreibung="Isernhagen, OT Altwarmbüchen" AngAufDatum="2004-03-12" AngStatus="2" Konditionen="kon" AnzANG="1"/>
  <Angebote AngNr="HS1179" AngKurzBeschreibung="Reihenhaus in ruhiger Wohnlage" AngLagebeschreibung="Hannover - Misburg / Nord" AngAufDatum="2004-03-12" AngStatus="2" Konditionen="kon" AnzANG="1"/>
  <Angebote AngNr="HS1180" AngKurzBeschreibung="Lichtdurchflutetes Zweifamilien-Architektenhaus mit Top-Ausstattung mit separatem Dachstudio" AngLagebeschreibung="Ronnenberg, OT Empelde" AngAufDatum="2004-03-12" AngStatus="2" Konditionen="kon" AnzANG="1"/>
  <Angebote AngNr="EI1266" AngKurzBeschreibung="3-Zimmer-Eigentumswohnung" AngLagebeschreibung="Hannover - List" AngAufDatum="2004-03-18" AngStatus="2" Konditionen="kon" AnzANG="1"/>
  <Angebote AngNr="HS1181" AngKurzBeschreibung="Gemütliches Reihenendhaus in ruhiger Wohnlage" AngLagebeschreibung="Langenhagen, Nahe Neue Bult" AngAufDatum="2004-03-18" AngStatus="2" Konditionen="kon" AnzANG="1"/>
  <Angebote AngNr="HS1182" AngKurzBeschreibung="Gepflegter Bungalow auf traumhaftem Grundstück" AngLagebeschreibung="Wunstorf" AngAufDatum="2004-03-18" AngStatus="2" Konditionen="kon" AnzANG="1"/>
  <Angebote AngNr="HS1183" AngKurzBeschreibung="Bungalow in traumhafter Lage mit 2 Einliegerwohnungen und Garage" AngLagebeschreibung="Burgwedel" AngAufDatum="2004-03-18" AngStatus="2" Konditionen="kon" AnzANG="1"/>
  <Angebote AngNr="HS1184" AngKurzBeschreibung="Grundsolides Einfamilienhaus mit Vollkeller und Garage" AngLagebeschreibung="Hannover - Bothfeld" AngAufDatum="2004-03-19" AngStatus="2" Konditionen="kon" AnzANG="1"/>
  <Angebote AngNr="HS1185" AngKurzBeschreibung="Reihenhaus mit interessanter Giebelarchitektur und versetzten Ebenen" AngLagebeschreibung="Garbsen, OT Mitte" AngAufDatum="2004-03-22" AngStatus="2" Konditionen="kon" AnzANG="1"/>
  <Angebote AngNr="HS1186" AngKurzBeschreibung="Grundsolides Einfamilienhaus, komplett saniert mit hochwertiger Wärmedämmung" AngLagebeschreibung="Pattensen" AngAufDatum="2004-03-22" AngStatus="2" Konditionen="kon" AnzANG="1"/>
  <Angebote AngNr="HS1187" AngKurzBeschreibung="Attraktive Doppelhaushälfte mit hochwertiger Ausstattung und großer Garage" AngLagebeschreibung="Isernhagen, OT Altwarmbüchen" AngAufDatum="2004-03-22" AngStatus="2" Konditionen="kon" AnzANG="1"/>
  <Angebote AngNr="RH474" AngKurzBeschreibung="Mehrfamilienhaus" AngLagebeschreibung="Hannover - Limmer" AngAufDatum="2004-03-25" AngStatus="2" Konditionen="kon" AnzANG="1"/>
  <Angebote AngNr="EI1267" AngKurzBeschreibung="4-Zimmer-Eigentumswohnung (Maisonette)" AngLagebeschreibung="Hannover - Südstadt" AngAufDatum="2004-03-26" AngStatus="2" Konditionen="kon" AnzANG="1"/>
  <Angebote AngNr="EI1268" AngKurzBeschreibung="4-Zimmer-Eigentumswohnung (Maisonette)" AngLagebeschreibung="Hannover - Südstadt" AngAufDatum="2004-03-26" AngStatus="2" Konditionen="kon" AnzANG="1"/>
  <Angebote AngNr="HS1188" AngKurzBeschreibung="Exklusiver Bungalow in Bestlage mit Vollkeller und 2 Garagen" AngLagebeschreibung="Hannover - Kirchrode" AngAufDatum="2004-03-30" AngStatus="2" Konditionen="kon" AnzANG="1"/>
  <Angebote AngNr="HS1189" AngKurzBeschreibung="Solides Reihenendhaus mit Vollkeller und Garage" AngLagebeschreibung="Hannover - Wettbergen" AngAufDatum="2004-03-31" AngStatus="2" Konditionen="kon" AnzANG="1"/>
  <Angebote AngNr="EI1269" AngKurzBeschreibung="7-Zimmer-Eigentumswohnung" AngLagebeschreibung="Hannover - Nordstadt" AngAufDatum="2004-03-31" AngStatus="2" Konditionen="kon" AnzANG="1"/>
  <Angebote AngNr="EI1270" AngKurzBeschreibung="3-Zimmer-Eigentumswohnung" AngLagebeschreibung="Laatzen, OT Gleidingen" AngAufDatum="2004-03-31" AngStatus="2" Konditionen="kon" AnzANG="1"/>
  <Angebote AngNr="HS1190" AngKurzBeschreibung="Einfamilienhaus im Landhausstil mit Vollkeller, Garage und Carport" AngLagebeschreibung="Lehrte, OT Ahlten" AngAufDatum="2004-04-01" AngStatus="2" Konditionen="kon" AnzANG="1"/>
  <Angebote AngNr="RH475" AngKurzBeschreibung="Mehrfamilienhaus in Top-Lage" AngLagebeschreibung="Hannover - Südstadt" AngAufDatum="2004-04-02" AngStatus="2" Konditionen="kon" AnzANG="1"/>
  <Angebote AngNr="EI1271" AngKurzBeschreibung="3-Zimmer-Eigentumswohnung" AngLagebeschreibung="Laatzen, OT Rethen" AngAufDatum="2004-04-07" AngStatus="2" Konditionen="kon" AnzANG="1"/>
  <Angebote AngNr="EI1272" AngKurzBeschreibung="1-Zimmer-Eigentumswohnung" AngLagebeschreibung="Hannover - Südstadt" AngAufDatum="2004-04-13" AngStatus="2" Konditionen="kon" AnzANG="1"/>
  <Angebote AngNr="EI1273" AngKurzBeschreibung="1-Zimmer-Eigentumswohnung" AngLagebeschreibung="Hannover - Südstadt" AngAufDatum="2004-04-13" AngStatus="2" Konditionen="kon" AnzANG="1"/>
  <Angebote AngNr="EI1274" AngKurzBeschreibung="1-Zimmer-Eigentumswohnung" AngLagebeschreibung="Hannover - Südstadt" AngAufDatum="2004-04-13" AngStatus="2" Konditionen="kon" AnzANG="1"/>
  <Angebote AngNr="EI1275" AngKurzBeschreibung="1-Zimmer-Eigentumswohnung" AngLagebeschreibung="Hannover - Südstadt" AngAufDatum="2004-04-13" AngStatus="2" Konditionen="kon" AnzANG="1"/>
  <Angebote AngNr="EI1276" AngKurzBeschreibung="3-Zimmer-Eigentumswohnung" AngLagebeschreibung="Hannover - Vahrenwald" AngAufDatum="2004-04-14" AngStatus="2" Konditionen="kon" AnzANG="1"/>
  <Angebote AngNr="EI1277" AngKurzBeschreibung="1-Zimmer-Eigentumswohnung" AngLagebeschreibung="Hannover - Südstadt" AngAufDatum="2004-04-15" AngStatus="2" Konditionen="kon" AnzANG="1"/>
  <Angebote AngNr="EI1278" AngKurzBeschreibung="2-Zimmer-Eigentumswohnung" AngLagebeschreibung="Hemmingen, OT Arnum" AngAufDatum="2004-04-15" AngStatus="2" Konditionen="kon" AnzANG="1"/>
  <Angebote AngNr="HS1191" AngKurzBeschreibung="Familienfreundliches Reihenhaus mit Vollkeller und Garage" AngLagebeschreibung="Hannover - Bemerode" AngAufDatum="2004-04-16" AngStatus="2" Konditionen="kon" AnzANG="1"/>
  <Angebote AngNr="HS1192" AngKurzBeschreibung="Grundsolides Einfamilienhaus mit Garage" AngLagebeschreibung="Hannover - Seelhorst" AngAufDatum="2004-04-16" AngStatus="2" Konditionen="kon" AnzANG="1"/>
  <Angebote AngNr="EI1279" AngKurzBeschreibung="3-Zimmer-Eigentumswohnung" AngLagebeschreibung="Hannover - List" AngAufDatum="2004-04-19" AngStatus="2" Konditionen="kon" AnzANG="1"/>
  <Angebote AngNr="HS1193" AngKurzBeschreibung="Reihenendhaus mit Vollkeller und Garage" AngLagebeschreibung="Ronnenberg, OT Benthe" AngAufDatum="2004-04-20" AngStatus="2" Konditionen="kon" AnzANG="1"/>
  <Angebote AngNr="HS1194" AngKurzBeschreibung="Familienfreundliches Reihenendhaus mit Vollkeller auf sonnigem Eckgrundstück" AngLagebeschreibung="Ronnenberg, OT Weetzen" AngAufDatum="2004-04-21" AngStatus="2" Konditionen="kon" AnzANG="1"/>
  <Angebote AngNr="RH476" AngKurzBeschreibung="Mehrfamilienhaus" AngLagebeschreibung="Hannover - Stöcken" AngAufDatum="2004-04-21" AngStatus="2" Konditionen="kon" AnzANG="1"/>
  <Angebote AngNr="RH477" AngKurzBeschreibung="Wohn- und Geschäftshaus" AngLagebeschreibung="Hannover - Linden / Mitte" AngAufDatum="2004-04-21" AngStatus="2" Konditionen="kon" AnzANG="1"/>
  <Angebote AngNr="HS1195" AngKurzBeschreibung="Exklusive Doppelhaushäfte mit Garage" AngLagebeschreibung="Hemmingen, OT Arnum" AngAufDatum="2004-04-21" AngStatus="2" Konditionen="kon" AnzANG="1"/>
  <Angebote AngNr="EI1280" AngKurzBeschreibung="2-Zimmer-Eigentumswohnung" AngLagebeschreibung="Laatzen" AngAufDatum="2004-04-22" AngStatus="2" Konditionen="kon" AnzANG="1"/>
  <Angebote AngNr="HS1196" AngKurzBeschreibung="Reihenendhaus mit 2 Stellplätzen" AngLagebeschreibung="Hannover - Bothfeld" AngAufDatum="2004-04-22" AngStatus="2" Konditionen="kon" AnzANG="1"/>
  <Angebote AngNr="HS1197" AngKurzBeschreibung="Zweifamilienhaus mit Keller und 2 Garagen" AngLagebeschreibung="Hannover - Misburg / Nord" AngAufDatum="2004-04-22" AngStatus="2" Konditionen="kon" AnzANG="1"/>
  <Angebote AngNr="EI1281" AngKurzBeschreibung="3-Zimmer-Eigentumswohnung" AngLagebeschreibung="Hannover - Groß Buchholz" AngAufDatum="2004-04-27" AngStatus="2" Konditionen="kon" AnzANG="1"/>
  <Angebote AngNr="HS1198" AngKurzBeschreibung="Exklusives weißes Traumhaus mit Vollkeller und Doppelgarage im großen Blumengarten" AngLagebeschreibung="Hannover - Kirchrode" AngAufDatum="2004-04-29" AngStatus="2" Konditionen="kon" AnzANG="1"/>
  <Angebote AngNr="EI1282" AngKurzBeschreibung="4-Zimmer-Eigentumswohnung (Maisonette)" AngLagebeschreibung="Hannover - List" AngAufDatum="2004-05-04" AngStatus="2" Konditionen="kon" AnzANG="1"/>
  <Angebote AngNr="HS1199" AngKurzBeschreibung="Nostalgische Stadtvilla Nähe Tiergarten" AngLagebeschreibung="Hannover - Anderten" AngAufDatum="2004-05-04" AngStatus="2" Konditionen="kon" AnzANG="1"/>
  <Angebote AngNr="HS1200" AngKurzBeschreibung="Gemütlicher Gartenhof-Bungalow mit Teilkeller und Garage" AngLagebeschreibung="Hannover - Marienwerder" AngAufDatum="2004-05-04" AngStatus="2" Konditionen="kon" AnzANG="1"/>
  <Angebote AngNr="EI1283" AngKurzBeschreibung="5-Zimmer-Eigentumswohnung" AngLagebeschreibung="Hannover - Südstadt" AngAufDatum="2004-05-04" AngStatus="2" Konditionen="kon" AnzANG="1"/>
  <Angebote AngNr="HS1201" AngKurzBeschreibung="Doppelhaushälfte in Super-Lage mit Keller und Stellplatz" AngLagebeschreibung="Hannover - Kleefeld" AngAufDatum="2004-05-05" AngStatus="2" Konditionen="kon" AnzANG="1"/>
  <Angebote AngNr="RH478" AngKurzBeschreibung="Mehrfamilienhaus" AngLagebeschreibung="Hannover - Herrenhausen" AngAufDatum="2004-05-05" AngStatus="2" Konditionen="kon" AnzANG="1"/>
  <Angebote AngNr="EI1284" AngKurzBeschreibung="4-Zimmer-Eigentumswohnung (ausbaufähig zur Maisonette)" AngLagebeschreibung="Hannover - Vahrenwald / List" AngAufDatum="2004-05-06" AngStatus="2" Konditionen="kon" AnzANG="1"/>
  <Angebote AngNr="RH479" AngKurzBeschreibung="Mehrfamilienhaus" AngLagebeschreibung="Hannover - Ahlem" AngAufDatum="2004-05-06" AngStatus="2" Konditionen="kon" AnzANG="1"/>
  <Angebote AngNr="RH480" AngKurzBeschreibung="Wohn- und Geschäftshaus" AngLagebeschreibung="Hannover - Linden / Nord" AngAufDatum="2004-05-06" AngStatus="2" Konditionen="kon" AnzANG="1"/>
  <Angebote AngNr="EI1285" AngKurzBeschreibung="2-Zimmer-Eigentumswohnung" AngLagebeschreibung="Hannover - List" AngAufDatum="2004-05-10" AngStatus="2" Konditionen="kon" AnzANG="1"/>
  <Angebote AngNr="HS1202" AngKurzBeschreibung="Gepflegtes Einfamilienhaus mit Doppelgarage" AngLagebeschreibung="Burgdorf, OT Sorgensen" AngAufDatum="2004-05-11" AngStatus="2" Konditionen="kon" AnzANG="1"/>
  <Angebote AngNr="HS1203" AngKurzBeschreibung="Ökologisch angepaßtes Niedrigenergiehaus mit Garage und Carport" AngLagebeschreibung="Garbsen, OT Berenbostel" AngAufDatum="2004-05-12" AngStatus="2" Konditionen="kon" AnzANG="1"/>
  <Angebote AngNr="EI1286" AngKurzBeschreibung="3-Zimmer-Eigentumswohnung" AngLagebeschreibung="Hannover - Oststadt" AngAufDatum="2004-05-12" AngStatus="2" Konditionen="kon" AnzANG="1"/>
  <Angebote AngNr="EI1287" AngKurzBeschreibung="5-Zimmer-Eigentumswohnung" AngLagebeschreibung="Hannover - Groß-Buchholz" AngAufDatum="2004-05-12" AngStatus="2" Konditionen="kon" AnzANG="1"/>
  <Angebote AngNr="EI1288" AngKurzBeschreibung="3-Zimmer-Eigentumswohnung" AngLagebeschreibung="Hannover - Südstadt / Maschseenähe" AngAufDatum="2004-05-12" AngStatus="2" Konditionen="kon" AnzANG="1"/>
  <Angebote AngNr="HS1204" AngKurzBeschreibung="Außergewöhnlich großes, individuelles gut ausgestattetes Einfamilienhaus mit Vollkeller und Garage" AngLagebeschreibung="Barsinghausen, OT Kirchdorf" AngAufDatum="2004-05-13" AngStatus="2" Konditionen="kon" AnzANG="2"/>
  <Angebote AngNr="EI1289" AngKurzBeschreibung="2½-Zimmer-Eigentumswohnung" AngLagebeschreibung="Hannover - Mittelfeld" AngAufDatum="2004-05-14" AngStatus="2" Konditionen="kon" AnzANG="1"/>
  <Angebote AngNr="EI1290" AngKurzBeschreibung="3-Zimmer-Eigentumswohnung" AngLagebeschreibung="Hannover - List/Vahrenwald" AngAufDatum="2004-05-14" AngStatus="2" Konditionen="kon" AnzANG="1"/>
  <Angebote AngNr="EI1291" AngKurzBeschreibung="3-Zimmer-Eigentumswohnung" AngLagebeschreibung="Hannover - List/Vahrenwald" AngAufDatum="2004-05-14" AngStatus="2" Konditionen="kon" AnzANG="1"/>
  <Angebote AngNr="EI1292" AngKurzBeschreibung="6-Zimmer-Eigentumswohnung" AngLagebeschreibung="Hannover - List/Vahrenwald" AngAufDatum="2004-05-14" AngStatus="2" Konditionen="kon" AnzANG="1"/>
  <Angebote AngNr="EI1293" AngKurzBeschreibung="1-Zimmer-Eigentumswohnung" AngLagebeschreibung="Hannover - Oststadt" AngAufDatum="2004-05-17" AngStatus="2" Konditionen="kon" AnzANG="1"/>
  <Angebote AngNr="EI1294" AngKurzBeschreibung="1-Zimmer-Eigentumswohnung" AngLagebeschreibung="Hannover - Oststadt" AngAufDatum="2004-05-17" AngStatus="2" Konditionen="kon" AnzANG="1"/>
  <Angebote AngNr="EI1295" AngKurzBeschreibung="1-Zimmer-Eigentumswohnung zur Eigennutzung oder Kapitalanlage" AngLagebeschreibung="Hannover - Oststadt" AngAufDatum="2004-05-18" AngStatus="2" Konditionen="kon" AnzANG="1"/>
  <Angebote AngNr="EI1296" AngKurzBeschreibung="1-Zimmer-Eigentumswohnung zur Kapitalanlage" AngLagebeschreibung="Hannover - Oststadt" AngAufDatum="2004-05-18" AngStatus="2" Konditionen="kon" AnzANG="1"/>
  <Angebote AngNr="RH481" AngKurzBeschreibung="Wohn- und Geschäftshaus" AngLagebeschreibung="Hannover - Stöcken" AngAufDatum="2004-05-19" AngStatus="2" Konditionen="kon" AnzANG="1"/>
  <Angebote AngNr="RH482" AngKurzBeschreibung="Mehrfamilienhaus" AngLagebeschreibung="Hannover - Linden" AngAufDatum="2004-05-19" AngStatus="2" Konditionen="kon" AnzANG="1"/>
  <Angebote AngNr="EI1305" AngKurzBeschreibung="4-Zimmer-Eigentumswohnung" AngLagebeschreibung="Hannover - Zoo" AngAufDatum="2004-05-25" AngStatus="2" Konditionen="kon" AnzANG="1"/>
  <Angebote AngNr="EI1303" AngKurzBeschreibung="5-Zimmer-Penthouse-Wohnung" AngLagebeschreibung="Hannover - Calenberger Neustadt" AngAufDatum="2004-05-25" AngStatus="2" Konditionen="kon" AnzANG="1"/>
  <Angebote AngNr="EI1304" AngKurzBeschreibung="3-Zimmer-Eigentumswohnung" AngLagebeschreibung="Hannover - Calenberger Neustadt" AngAufDatum="2004-05-25" AngStatus="2" Konditionen="kon" AnzANG="1"/>
  <Angebote AngNr="HS1205" AngKurzBeschreibung="Rohbau eines Top - Anwesens mit Teilkeller und 3 Garagen auf 3000 m² Grundstück" AngLagebeschreibung="Hannover - Kirchrode" AngAufDatum="2004-05-26" AngStatus="2" Konditionen="kon" AnzANG="1"/>
  <Angebote AngNr="EI1306" AngKurzBeschreibung="4-Zimmer-Eigentumswohnung" AngLagebeschreibung="Hannover - Heideviertel" AngAufDatum="2004-05-26" AngStatus="2" Konditionen="kon" AnzANG="1"/>
  <Angebote AngNr="RH483" AngKurzBeschreibung="Wohnanlage" AngLagebeschreibung="Hannover - Ahlem" AngAufDatum="2004-05-27" AngStatus="2" Konditionen="kon" AnzANG="1"/>
  <Angebote AngNr="HS1206" AngKurzBeschreibung="Romantische Waldidylle, Winkelbungalow mit Vollkeller, Garage und Carport" AngLagebeschreibung="Burgwedel, OT Kleinburgwedel - Heidewinkel" AngAufDatum="2004-05-28" AngStatus="2" Konditionen="kon" AnzANG="1"/>
  <Angebote AngNr="HS1207" AngKurzBeschreibung="Gepflegter Bungalow mit Keller auf sehr schönem Grundstück" AngLagebeschreibung="Lehrte" AngAufDatum="2004-05-28" AngStatus="2" Konditionen="kon" AnzANG="1"/>
  <Angebote AngNr="EI1308" AngKurzBeschreibung="1-Zimmer-Eigentumswohnung" AngLagebeschreibung="Hannover - Bornum" AngAufDatum="2004-05-28" AngStatus="2" Konditionen="kon" AnzANG="1"/>
  <Angebote AngNr="EI1307" AngKurzBeschreibung="2½-Zimmer-Eigentumswohnung" AngLagebeschreibung="Hannover - Oststadt" AngAufDatum="2004-05-28" AngStatus="2" Konditionen="kon" AnzANG="1"/>
  <Angebote AngNr="EI1309" AngKurzBeschreibung="6-Zimmer-Eigentumswohnung" AngLagebeschreibung="Hannover - Döhren / Leineinsel" AngAufDatum="2004-05-28" AngStatus="2" Konditionen="kon" AnzANG="1"/>
  <Angebote AngNr="EI1310" AngKurzBeschreibung="4-Zimmer-Eigentumswohnung" AngLagebeschreibung="Hannover - Döhren / Leineinsel" AngAufDatum="2004-05-28" AngStatus="2" Konditionen="kon" AnzANG="1"/>
  <Angebote AngNr="EI1311" AngKurzBeschreibung="10-Zimmer-Eigentumswohnung" AngLagebeschreibung="Hannover - Döhren / Leineinsel" AngAufDatum="2004-05-28" AngStatus="2" Konditionen="kon" AnzANG="1"/>
  <Angebote AngNr="EI1297" AngKurzBeschreibung="2-Zimmer-Eigentumswohnung" AngLagebeschreibung="Hannover - Stöcken" AngAufDatum="2004-05-29" AngStatus="2" Konditionen="kon" AnzANG="1"/>
  <Angebote AngNr="HS1208" AngKurzBeschreibung="Gepflegtes Einfamilienhaus mit Garage und 2 Carports" AngLagebeschreibung="Burgwedel, OT Kleinburgwedel - Heidewinkel" AngAufDatum="2004-06-02" AngStatus="2" Konditionen="kon" AnzANG="1"/>
  <Angebote AngNr="HS1209" AngKurzBeschreibung="Zentral gelegenes Einfamilienhaus für Anspruchsvolle mit Doppelgarage und Vollkeller" AngLagebeschreibung="Burgwedel, OT Großburgwedel" AngAufDatum="2004-06-02" AngStatus="2" Konditionen="kon" AnzANG="1"/>
  <Angebote AngNr="EI1312" AngKurzBeschreibung="2-Zimmer-Eigentumswohnung" AngLagebeschreibung="Hannover - Bothfeld" AngAufDatum="2004-06-03" AngStatus="2" Konditionen="kon" AnzANG="1"/>
  <Angebote AngNr="EI1313" AngKurzBeschreibung="2½-Zimmer-Eigentumswohnung" AngLagebeschreibung="Hannover - List" AngAufDatum="2004-06-03" AngStatus="2" Konditionen="kon" AnzANG="1"/>
  <Angebote AngNr="EI1314" AngKurzBeschreibung="4½-Zimmer-Eigentumswohnung" AngLagebeschreibung="Hannover - Stöcken" AngAufDatum="2004-06-03" AngStatus="2" Konditionen="kon" AnzANG="1"/>
  <Angebote AngNr="HS1210" AngKurzBeschreibung="Doppelhaushälfte mit Vollkeller, Garage und 2 Stellplätzen" AngLagebeschreibung="Hannover - Misburg" AngAufDatum="2004-06-07" AngStatus="2" Konditionen="kon" AnzANG="1"/>
  <Angebote AngNr="HS1211" AngKurzBeschreibung="Gepflegter Walmdachbungalow mit Garage" AngLagebeschreibung="Burgwedel, OT Großburgwedel" AngAufDatum="2004-06-07" AngStatus="2" Konditionen="kon" AnzANG="1"/>
  <Angebote AngNr="HS1212" AngKurzBeschreibung="Pfiffiges Reihenendhaus mit Carport" AngLagebeschreibung="Isernhagen, OT Neuwarmbüchen" AngAufDatum="2004-06-07" AngStatus="2" Konditionen="kon" AnzANG="1"/>
  <Angebote AngNr="EI1315" AngKurzBeschreibung="2-Zimmer-Eigentumswohnung" AngLagebeschreibung="Hannover - Mittelfeld" AngAufDatum="2004-06-08" AngStatus="2" Konditionen="kon" AnzANG="1"/>
  <Angebote AngNr="EI1316" AngKurzBeschreibung="3-Zimmer-Eigentumswohnung" AngLagebeschreibung="Hannover - Oststadt" AngAufDatum="2004-06-08" AngStatus="2" Konditionen="kon" AnzANG="1"/>
  <Angebote AngNr="EI1317" AngKurzBeschreibung="2-Zimmer-Eigentumswohnung" AngLagebeschreibung="Hannover - List / Vahrenwald" AngAufDatum="2004-06-08" AngStatus="2" Konditionen="kon" AnzANG="1"/>
  <Angebote AngNr="HS1213" AngKurzBeschreibung="Für Pferdeliebhaber - Fachwerk-Einfamilienhaus mit Doppelcarport" AngLagebeschreibung="Pattensen, OT Koldingen" AngAufDatum="2004-06-09" AngStatus="2" Konditionen="kon" AnzANG="1"/>
  <Angebote AngNr="RH485" AngKurzBeschreibung="Mehrfamilienhaus in sehr guter Lage" AngLagebeschreibung="Hannover - Oststadt  Zoo" AngAufDatum="2004-06-09" AngStatus="2" Konditionen="kon" AnzANG="1"/>
  <Angebote AngNr="RH484" AngKurzBeschreibung="Mehrfamilienhaus" AngLagebeschreibung="Hannover - Linden / Nord" AngAufDatum="2004-06-09" AngStatus="2" Konditionen="kon" AnzANG="1"/>
  <Angebote AngNr="EI1318" AngKurzBeschreibung="5-Zimmer-Eigentumswohnung" AngLagebeschreibung="Sehnde, OT Bilm" AngAufDatum="2004-06-10" AngStatus="2" Konditionen="kon" AnzANG="1"/>
  <Angebote AngNr="EI1319" AngKurzBeschreibung="2-Zimmer-Eigentumswohnung" AngLagebeschreibung="Sehnde, OT Bilm" AngAufDatum="2004-06-10" AngStatus="2" Konditionen="kon" AnzANG="1"/>
  <Angebote AngNr="EI1320" AngKurzBeschreibung="3-Zimmer-Eigentumswohnung" AngLagebeschreibung="Hannover - List / Spannhagengarten" AngAufDatum="2004-06-11" AngStatus="2" Konditionen="kon" AnzANG="1"/>
  <Angebote AngNr="HS1214" AngKurzBeschreibung="Bungalow mit Garage und 2 Stellplätzen" AngLagebeschreibung="Hannover - Anderten" AngAufDatum="2004-06-11" AngStatus="2" Konditionen="kon" AnzANG="1"/>
  <Angebote AngNr="HS1215" AngKurzBeschreibung="Exklusiver Winkelbungalow mit Doppelgarage und ausgebautem Souterrain" AngLagebeschreibung="Wunstorf, OT Luthe" AngAufDatum="2004-06-11" AngStatus="2" Konditionen="kon" AnzANG="1"/>
  <Angebote AngNr="HS1216" AngKurzBeschreibung="Großzügiges Reihenhaus mit Vollkeller und Garage" AngLagebeschreibung="Wunstorf, OT Luthe" AngAufDatum="2004-06-14" AngStatus="2" Konditionen="kon" AnzANG="1"/>
  <Angebote AngNr="EI1298" AngKurzBeschreibung="2-Zimmer-Eigentumswohnung" AngLagebeschreibung="Hannover - Stöcken" AngAufDatum="2004-06-14" AngStatus="2" Konditionen="kon" AnzANG="1"/>
  <Angebote AngNr="EI1299" AngKurzBeschreibung="2-Zimmer-Eigentumswohnung" AngLagebeschreibung="Hannover - Stöcken" AngAufDatum="2004-06-14" AngStatus="2" Konditionen="kon" AnzANG="1"/>
  <Angebote AngNr="EI1300" AngKurzBeschreibung="2-Zimmer-Eigentumswohnung" AngLagebeschreibung="Hannover - Stöcken" AngAufDatum="2004-06-14" AngStatus="2" Konditionen="kon" AnzANG="1"/>
  <Angebote AngNr="EI1301" AngKurzBeschreibung="2-Zimmer-Eigentumswohnung" AngLagebeschreibung="Hannover - Stöcken" AngAufDatum="2004-06-14" AngStatus="2" Konditionen="kon" AnzANG="1"/>
  <Angebote AngNr="EI1302" AngKurzBeschreibung="2-Zimmer-Eigentumswohnung" AngLagebeschreibung="Hannover - Stöcken" AngAufDatum="2004-06-14" AngStatus="2" Konditionen="kon" AnzANG="1"/>
  <Angebote AngNr="HS1217" AngKurzBeschreibung="Zweifamilienhaus in gehobener Ausstattung mit Doppelgarage und ausgebautem Souterrain" AngLagebeschreibung="Wunstorf, OT Steinhude / Nähe Badeinsel" AngAufDatum="2004-06-15" AngStatus="2" Konditionen="kon" AnzANG="1"/>
  <Angebote AngNr="EI1321" AngKurzBeschreibung="4-Zimmer-Eigentumswohnung Maisonette (Whg. 7)" AngLagebeschreibung="Hannover - Groß Buchholz / List" AngAufDatum="2004-06-15" AngStatus="2" Konditionen="kon" AnzANG="1"/>
  <Angebote AngNr="EI1322" AngKurzBeschreibung="4-Zimmer-Eigentumswohnung Maisonette (Whg. 8)" AngLagebeschreibung="Hannover - Groß Buchholz / List" AngAufDatum="2004-06-15" AngStatus="2" Konditionen="kon" AnzANG="1"/>
  <Angebote AngNr="EI1323" AngKurzBeschreibung="3-Zimmer-Eigentumswohnung (Whg. 6)" AngLagebeschreibung="Hannover - Groß Buchholz / List" AngAufDatum="2004-06-15" AngStatus="2" Konditionen="kon" AnzANG="1"/>
  <Angebote AngNr="HS1218" AngKurzBeschreibung="Gepflegtes Reihenhaus auf versetzten Ebenen mit Teilkeller und Garage" AngLagebeschreibung="Hannover - Wettbergen" AngAufDatum="2004-06-16" AngStatus="2" Konditionen="kon" AnzANG="1"/>
  <Angebote AngNr="RH486" AngKurzBeschreibung="Mehrfamilienhaus" AngLagebeschreibung="Hannover - Südstadt" AngAufDatum="2004-06-16" AngStatus="2" Konditionen="kon" AnzANG="1"/>
  <Angebote AngNr="RH487" AngKurzBeschreibung="Mehrfamilienhaus im Jugendstil" AngLagebeschreibung="Lehrte" AngAufDatum="2004-06-16" AngStatus="2" Konditionen="kon" AnzANG="1"/>
  <Angebote AngNr="EI1324" AngKurzBeschreibung="4-Zimmer-Eigentumswohnung" AngLagebeschreibung="Hannover - Südstadt" AngAufDatum="2004-06-17" AngStatus="2" Konditionen="kon" AnzANG="1"/>
  <Angebote AngNr="EI1325" AngKurzBeschreibung="2-Zimmer-Eigentumswohnung" AngLagebeschreibung="Hannover - List" AngAufDatum="2004-06-17" AngStatus="2" Konditionen="kon" AnzANG="1"/>
  <Angebote AngNr="EI1326" AngKurzBeschreibung="1½-Zimmer-Eigentumswohnung" AngLagebeschreibung="Hannover - Ahlem" AngAufDatum="2004-06-17" AngStatus="2" Konditionen="kon" AnzANG="1"/>
  <Angebote AngNr="HS1219" AngKurzBeschreibung="Top renoviertes Einfamilienhaus mit Vollkeller, Einliegerwohnung und Doppelgarage" AngLagebeschreibung="Laatzen, OT Alt Laatzen" AngAufDatum="2004-06-18" AngStatus="2" Konditionen="kon" AnzANG="1"/>
  <Angebote AngNr="RH488" AngKurzBeschreibung="Zwei Mehrfamilienhäuser" AngLagebeschreibung="Hannover - Südstadt" AngAufDatum="2004-06-18" AngStatus="2" Konditionen="kon" AnzANG="2"/>
  <Angebote AngNr="RH489" AngKurzBeschreibung="Mehrfamilienhaus mit Hinterhaus" AngLagebeschreibung="Hannover - Nordstadt" AngAufDatum="2004-06-21" AngStatus="2" Konditionen="kon" AnzANG="2"/>
  <Angebote AngNr="EI1327" AngKurzBeschreibung="4-Zimmer-Eigentumswohnung" AngLagebeschreibung="Isernhagen, OT Altwarmbüchen (Vogelviertel)" AngAufDatum="2004-06-21" AngStatus="2" Konditionen="kon" AnzANG="1"/>
  <Angebote AngNr="HS1220" AngKurzBeschreibung="Exklusives Reihenhaus mit Keller und Garage" AngLagebeschreibung="Hannover - Sahlkamp" AngAufDatum="2004-06-22" AngStatus="2" Konditionen="kon" AnzANG="1"/>
  <Angebote AngNr="HS1221" AngKurzBeschreibung="Top saniertes, repräsentatives Einfamilienhaus mit Vollkeller, Doppelgarage und Dachstudio" AngLagebeschreibung="Hannover - Groß-Buchholz" AngAufDatum="2004-06-22" AngStatus="2" Konditionen="kon" AnzANG="1"/>
  <Angebote AngNr="EI1328" AngKurzBeschreibung="4-Zimmer-Eigentumswohnung" AngLagebeschreibung="Hannover - List / Dichterviertel" AngAufDatum="2004-06-23" AngStatus="2" Konditionen="kon" AnzANG="1"/>
  <Angebote AngNr="EI1329" AngKurzBeschreibung="4-Zimmer-Eigentumswohnung" AngLagebeschreibung="Hannover - Südstadt" AngAufDatum="2004-06-23" AngStatus="2" Konditionen="kon" AnzANG="1"/>
  <Angebote AngNr="EI1330" AngKurzBeschreibung="2-Zimmer-Eigentumswohnung (Neubau)" AngLagebeschreibung="Langenhagen, OT Schulenburg" AngAufDatum="2004-06-23" AngStatus="2" Konditionen="kon" AnzANG="1"/>
  <Angebote AngNr="EI1331" AngKurzBeschreibung="4-Zimmer-Eigentumswohnung (Neubau)" AngLagebeschreibung="Langenhagen, OT Schulenburg" AngAufDatum="2004-06-23" AngStatus="2" Konditionen="kon" AnzANG="1"/>
  <Angebote AngNr="EI1332" AngKurzBeschreibung="5-Zimmer-Eigentumswohnung (Neubau)" AngLagebeschreibung="Langenhagen, OT Schulenburg" AngAufDatum="2004-06-23" AngStatus="2" Konditionen="kon" AnzANG="1"/>
  <Angebote AngNr="HS1222" AngKurzBeschreibung="Architektenhaus mit Vollkeller und Doppelgarage" AngLagebeschreibung="Laatzen, OT Grasdorf" AngAufDatum="2004-06-24" AngStatus="2" Konditionen="kon" AnzANG="1"/>
  <Angebote AngNr="HS1223" AngKurzBeschreibung="Gemütliche Doppelhaushälfte mit Carport" AngLagebeschreibung="Burgdorf, OT Ehlershausen" AngAufDatum="2004-06-28" AngStatus="2" Konditionen="kon" AnzANG="1"/>
  <Angebote AngNr="EI1333" AngKurzBeschreibung="4-Zimmer-Eigentumswohnung" AngLagebeschreibung="Hannover - Bothfeld" AngAufDatum="2004-06-28" AngStatus="2" Konditionen="kon" AnzANG="1"/>
  <Angebote AngNr="EI1334" AngKurzBeschreibung="2-Zimmer-Eigentumswohnung" AngLagebeschreibung="Hannover - Bothfeld" AngAufDatum="2004-06-28" AngStatus="2" Konditionen="kon" AnzANG="1"/>
  <Angebote AngNr="EI1335" AngKurzBeschreibung="4-Zimmer-Eigentumswohnung" AngLagebeschreibung="Hannover - Bothfeld" AngAufDatum="2004-06-28" AngStatus="2" Konditionen="kon" AnzANG="1"/>
  <Angebote AngNr="EI1336" AngKurzBeschreibung="2-Zimmer-Eigentumswohnung" AngLagebeschreibung="Hannover - Bothfeld" AngAufDatum="2004-06-28" AngStatus="2" Konditionen="kon" AnzANG="1"/>
  <Angebote AngNr="EI1337" AngKurzBeschreibung="4-Zimmer-Eigentumswohnung" AngLagebeschreibung="Hannover - Bothfeld" AngAufDatum="2004-06-28" AngStatus="2" Konditionen="kon" AnzANG="1"/>
  <Angebote AngNr="EI1338" AngKurzBeschreibung="4-Zimmer-Eigentumswohnung" AngLagebeschreibung="Hannover - Bothfeld" AngAufDatum="2004-06-28" AngStatus="2" Konditionen="kon" AnzANG="1"/>
  <Angebote AngNr="EI1339" AngKurzBeschreibung="4-Zimmer-Eigentumswohnung" AngLagebeschreibung="Hannover - Bothfeld" AngAufDatum="2004-06-28" AngStatus="2" Konditionen="kon" AnzANG="1"/>
  <Angebote AngNr="EI1340" AngKurzBeschreibung="3-Zimmer-Eigentumswohnung" AngLagebeschreibung="Hannover - Bothfeld" AngAufDatum="2004-06-28" AngStatus="2" Konditionen="kon" AnzANG="1"/>
  <Angebote AngNr="EI1341" AngKurzBeschreibung="3-Zimmer-Eigentumswohnung" AngLagebeschreibung="Hannover - Bothfeld" AngAufDatum="2004-06-28" AngStatus="2" Konditionen="kon" AnzANG="1"/>
  <Angebote AngNr="EI1342" AngKurzBeschreibung="3-Zimmer-Eigentumswohnung" AngLagebeschreibung="Hannover - Bothfeld" AngAufDatum="2004-06-28" AngStatus="2" Konditionen="kon" AnzANG="1"/>
  <Angebote AngNr="EI1343" AngKurzBeschreibung="3-Zimmer-Eigentumswohnung" AngLagebeschreibung="Hannover - Bothfeld" AngAufDatum="2004-06-28" AngStatus="2" Konditionen="kon" AnzANG="1"/>
  <Angebote AngNr="EI1344" AngKurzBeschreibung="3-Zimmer-Eigentumswohnung" AngLagebeschreibung="Hannover - Bothfeld" AngAufDatum="2004-06-28" AngStatus="2" Konditionen="kon" AnzANG="1"/>
  <Angebote AngNr="EI1345" AngKurzBeschreibung="3-Zimmer-Eigentumswohnung" AngLagebeschreibung="Hannover - Bothfeld" AngAufDatum="2004-06-28" AngStatus="2" Konditionen="kon" AnzANG="1"/>
  <Angebote AngNr="EI1346" AngKurzBeschreibung="4-Zimmer-Eigentumswohnung" AngLagebeschreibung="Hannover - Südstadt" AngAufDatum="2004-06-29" AngStatus="2" Konditionen="kon" AnzANG="1"/>
  <Angebote AngNr="EI1347" AngKurzBeschreibung="1½-Zimmer-Eigentumswohnung" AngLagebeschreibung="Hannover - Südstadt" AngAufDatum="2004-06-29" AngStatus="2" Konditionen="kon" AnzANG="1"/>
  <Angebote AngNr="EI1348" AngKurzBeschreibung="4-Zimmer-Eigentumswohnung" AngLagebeschreibung="Hannover - List" AngAufDatum="2004-06-30" AngStatus="2" Konditionen="kon" AnzANG="1"/>
  <Angebote AngNr="EI1349" AngKurzBeschreibung="4-Zimmer-Eigentumswohnung" AngLagebeschreibung="Hannover - List" AngAufDatum="2004-06-30" AngStatus="2" Konditionen="kon" AnzANG="1"/>
  <Angebote AngNr="EI1350" AngKurzBeschreibung="3-Zimmer-Eigentumswohnung" AngLagebeschreibung="Isernhagen HB" AngAufDatum="2004-06-30" AngStatus="2" Konditionen="kon2" AnzANG="1"/>
  <Angebote AngNr="EI1351" AngKurzBeschreibung="4-Zimmer-Eigentumswohnung" AngLagebeschreibung="Isernhagen HB" AngAufDatum="2004-06-30" AngStatus="2" Konditionen="kon" AnzANG="1"/>
  <Angebote AngNr="EI1352" AngKurzBeschreibung="3-Zimmer-Eigentumswohnung" AngLagebeschreibung="Isernhagen HB" AngAufDatum="2004-06-30" AngStatus="2" Konditionen="kon" AnzANG="1"/>
  <Angebote AngNr="EI1353" AngKurzBeschreibung="4-Zimmer-Eigentumswohnung" AngLagebeschreibung="Isernhagen HB" AngAufDatum="2004-06-30" AngStatus="2" Konditionen="kon" AnzANG="1"/>
  <Angebote AngNr="EI1354" AngKurzBeschreibung="3-Zimmer-Eigentumswohnung" AngLagebeschreibung="Isernhagen HB" AngAufDatum="2004-06-30" AngStatus="2" Konditionen="kon" AnzANG="1"/>
  <Angebote AngNr="EI1355" AngKurzBeschreibung="2-Zimmer-Eigentumswohnung" AngLagebeschreibung="Isernhagen HB" AngAufDatum="2004-06-30" AngStatus="2" Konditionen="kon" AnzANG="1"/>
  <Angebote AngNr="EI1356" AngKurzBeschreibung="3-Zimmer-Eigentumswohnung" AngLagebeschreibung="Isernhagen HB" AngAufDatum="2004-06-30" AngStatus="2" Konditionen="kon" AnzANG="1"/>
  <Angebote AngNr="EI1357" AngKurzBeschreibung="3-Zimmer-Eigentumswohnung" AngLagebeschreibung="Isernhagen HB" AngAufDatum="2004-06-30" AngStatus="2" Konditionen="kon" AnzANG="1"/>
  <Angebote AngNr="EI1358" AngKurzBeschreibung="2-Zimmer-Eigentumswohnung" AngLagebeschreibung="Isernhagen HB" AngAufDatum="2004-06-30" AngStatus="2" Konditionen="kon" AnzANG="1"/>
  <Angebote AngNr="EI1359" AngKurzBeschreibung="4-Zimmer-Eigentumswohnung" AngLagebeschreibung="Isernhagen HB" AngAufDatum="2004-06-30" AngStatus="2" Konditionen="kon" AnzANG="1"/>
  <Angebote AngNr="EI1360" AngKurzBeschreibung="3-Zimmer-Eigentumswohnung" AngLagebeschreibung="Isernhagen HB" AngAufDatum="2004-06-30" AngStatus="2" Konditionen="kon" AnzANG="1"/>
  <Angebote AngNr="EI1361" AngKurzBeschreibung="3-Zimmer-Eigentumswohnung" AngLagebeschreibung="Isernhagen HB" AngAufDatum="2004-06-30" AngStatus="2" Konditionen="kon" AnzANG="1"/>
  <Angebote AngNr="EI1362" AngKurzBeschreibung="3-Zimmer-Eigentumswohnung" AngLagebeschreibung="Isernhagen HB" AngAufDatum="2004-06-30" AngStatus="2" Konditionen="kon" AnzANG="1"/>
  <Angebote AngNr="EI1363" AngKurzBeschreibung="3-Zimmer-Eigentumswohnung" AngLagebeschreibung="Isernhagen HB" AngAufDatum="2004-06-30" AngStatus="2" Konditionen="kon" AnzANG="1"/>
  <Angebote AngNr="EI1364" AngKurzBeschreibung="2-Zimmer-Eigentumswohnung" AngLagebeschreibung="Isernhagen HB" AngAufDatum="2004-06-30" AngStatus="2" Konditionen="kon" AnzANG="1"/>
  <Angebote AngNr="EI1365" AngKurzBeschreibung="3-Zimmer-Eigentumswohnung" AngLagebeschreibung="Isernhagen HB" AngAufDatum="2004-06-30" AngStatus="2" Konditionen="kon" AnzANG="1"/>
  <Angebote AngNr="EI1366" AngKurzBeschreibung="3-Zimmer-Eigentumswohnung" AngLagebeschreibung="Isernhagen HB" AngAufDatum="2004-06-30" AngStatus="2" Konditionen="kon" AnzANG="1"/>
  <Angebote AngNr="EI1367" AngKurzBeschreibung="4-Zimmer-Eigentumswohnung" AngLagebeschreibung="Isernhagen HB" AngAufDatum="2004-06-30" AngStatus="2" Konditionen="kon" AnzANG="1"/>
  <Angebote AngNr="HS1224" AngKurzBeschreibung="Großzügige, top ausgestattete Doppelhaushälfte mit Vollkeller" AngLagebeschreibung="Pattensen" AngAufDatum="2004-06-30" AngStatus="2" Konditionen="kon" AnzANG="1"/>
  <Angebote AngNr="HS1225" AngKurzBeschreibung="Gemütliches Einfamilienhaus mit Wintergarten und Carport" AngLagebeschreibung="Hannover - Seelhorst" AngAufDatum="2004-06-30" AngStatus="2" Konditionen="kon" AnzANG="1"/>
  <Angebote AngNr="HS1226" AngKurzBeschreibung="Doppelhaushälfte mit Keller und Garage sowie 3 Stellplätze" AngLagebeschreibung="Hannover - Bothfeld" AngAufDatum="2004-07-01" AngStatus="2" Konditionen="kon" AnzANG="1"/>
  <Angebote AngNr="HS1227" AngKurzBeschreibung="Einfamilienhaus mit Einliegerwohnung, Vollkeller, Garage und 2 Stellplätzen" AngLagebeschreibung="Burgdorf, OT Ehlershausen" AngAufDatum="2004-07-01" AngStatus="2" Konditionen="kon" AnzANG="1"/>
  <Angebote AngNr="RH490" AngKurzBeschreibung="Wohn- und Geschäftshaus mit Lagerhalle" AngLagebeschreibung="Gehrden" AngAufDatum="2004-07-01" AngStatus="2" Konditionen="kon" AnzANG="1"/>
  <Angebote AngNr="EI1368" AngKurzBeschreibung="3-Zimmer-Eigentumswohnung" AngLagebeschreibung="Hannover - Nordstadt" AngAufDatum="2004-07-01" AngStatus="2" Konditionen="kon" AnzANG="1"/>
  <Angebote AngNr="EI1369" AngKurzBeschreibung="2-Zimmer-Eigentumswohnung" AngLagebeschreibung="Hannover - Wettbergen" AngAufDatum="2004-07-01" AngStatus="2" Konditionen="kon" AnzANG="1"/>
  <Angebote AngNr="HS1228" AngKurzBeschreibung="Gepflegtes Reihenendhaus mit Keller, Garage und Stellplatz" AngLagebeschreibung="Wunstorf, OT Luthe" AngAufDatum="2004-07-01" AngStatus="2" Konditionen="kon" AnzANG="1"/>
  <Angebote AngNr="HS1229" AngKurzBeschreibung="Einfamilienhaus mit Vollkeller" AngLagebeschreibung="Hannover - Misburg" AngAufDatum="2004-07-01" AngStatus="2" Konditionen="kon" AnzANG="1"/>
  <Angebote AngNr="HS1230" AngKurzBeschreibung="Grundsolides Einfamilienhaus mit Einliegerwohnung, 4 Garagen und 3 Stellplätzen" AngLagebeschreibung="Wunstorf, OT Luthe" AngAufDatum="2004-07-05" AngStatus="2" Konditionen="kon" AnzANG="1"/>
  <Angebote AngNr="EI1370" AngKurzBeschreibung="2-Zimmer-Eigentumswohnung" AngLagebeschreibung="Hannover - Misburg" AngAufDatum="2004-07-06" AngStatus="2" Konditionen="kon" AnzANG="1"/>
  <Angebote AngNr="EI1371" AngKurzBeschreibung="4-Zimmer-Eigentumswohnung" AngLagebeschreibung="Hannover - Döhren" AngAufDatum="2004-07-08" AngStatus="2" Konditionen="kon" AnzANG="1"/>
  <Angebote AngNr="EI1372" AngKurzBeschreibung="2-Zimmer-Eigentumswohnung" AngLagebeschreibung="Hannover - Misburg / Nord" AngAufDatum="2004-07-13" AngStatus="2" Konditionen="kon" AnzANG="1"/>
  <Angebote AngNr="EI1373" AngKurzBeschreibung="3-Zimmer-Eigentumswohnung" AngLagebeschreibung="Hannover - Sahlkamp" AngAufDatum="2004-07-13" AngStatus="2" Konditionen="kon" AnzANG="1"/>
  <Angebote AngNr="HS1231" AngKurzBeschreibung="Neuwertige gepflegte Doppelhaushälfte" AngLagebeschreibung="Hannover - Bothfeld" AngAufDatum="2004-07-13" AngStatus="2" Konditionen="kon" AnzANG="1"/>
  <Angebote AngNr="HS1232" AngKurzBeschreibung="Solides, sachliches Reihenhaus mit guter Raumaufteilung" AngLagebeschreibung="Burgdorf" AngAufDatum="2004-07-13" AngStatus="2" Konditionen="kon" AnzANG="1"/>
  <Angebote AngNr="HS1233" AngKurzBeschreibung="Grundsolides großzügiges Ein- bis Zweifamilienhaus mit Schwimmbad, Vollkeller und 2 Doppelgaragen" AngLagebeschreibung="Hemmingen" AngAufDatum="2004-07-15" AngStatus="2" Konditionen="kon" AnzANG="1"/>
  <Angebote AngNr="HS1234" AngKurzBeschreibung="Einfamilienhaus mit Einliegerwohnung, Keller und Garage" AngLagebeschreibung="Garbsen, OT Schloß Ricklingen" AngAufDatum="2004-07-15" AngStatus="2" Konditionen="kon" AnzANG="1"/>
  <Angebote AngNr="EI1374" AngKurzBeschreibung="4-Zimmer-Eigentumswohnung mit Gartenzugang" AngLagebeschreibung="Hannover - List / Nähe Lister Kirche" AngAufDatum="2004-07-16" AngStatus="2" Konditionen="kon" AnzANG="1"/>
  <Angebote AngNr="HS1235" AngKurzBeschreibung="Stilvolles Einfamilienhaus mit Souterrain und Garage" AngLagebeschreibung="Hemmingen, OT Harkenbleck" AngAufDatum="2004-07-16" AngStatus="2" Konditionen="kon" AnzANG="1"/>
  <Angebote AngNr="HS1236" AngKurzBeschreibung="Neuwertige Doppelhaushälfte mit Vollkeller auf kleinem Grundstück" AngLagebeschreibung="Hannover - Döhren / Seelhorst" AngAufDatum="2004-07-21" AngStatus="2" Konditionen="kon" AnzANG="1"/>
  <Angebote AngNr="HS1237" AngKurzBeschreibung="Sehr kuschelige Doppelhaushälfte mit Vollkeller und Garage" AngLagebeschreibung="Hannover - Lahe" AngAufDatum="2004-07-22" AngStatus="2" Konditionen="kon" AnzANG="1"/>
  <Angebote AngNr="EI1375" AngKurzBeschreibung="4-Zimmer-Eigentumswohnung" AngLagebeschreibung="Hannover - Zoo" AngAufDatum="2004-07-26" AngStatus="2" Konditionen="kon35" AnzANG="1"/>
  <Angebote AngNr="EI1376" AngKurzBeschreibung="4-Zimmer-Eigentumswohnung" AngLagebeschreibung="Hannover - Zoo" AngAufDatum="2004-07-26" AngStatus="2" Konditionen="kon35" AnzANG="1"/>
  <Angebote AngNr="EI1377" AngKurzBeschreibung="4-Zimmer-Eigentumswohnung" AngLagebeschreibung="Hannover - Zoo" AngAufDatum="2004-07-26" AngStatus="2" Konditionen="kon35" AnzANG="1"/>
  <Angebote AngNr="EI1378" AngKurzBeschreibung="4-Zimmer-Eigentumswohnung" AngLagebeschreibung="Hannover - Linden-Mitte" AngAufDatum="2004-07-28" AngStatus="2" Konditionen="kon" AnzANG="1"/>
  <Angebote AngNr="EI1379" AngKurzBeschreibung="4-Zimmer-Maisonette-Eigentumswohnung" AngLagebeschreibung="Hannover - Misburg" AngAufDatum="2004-07-28" AngStatus="2" Konditionen="kon" AnzANG="1"/>
  <Angebote AngNr="EI1380" AngKurzBeschreibung="4-Zimmer-Eigentumswohnung" AngLagebeschreibung="Hannover - Südstadt / Geibelplatz" AngAufDatum="2004-07-30" AngStatus="2" Konditionen="kon" AnzANG="1"/>
  <Angebote AngNr="EI1381" AngKurzBeschreibung="3-Zimmer-Eigentumswohnung" AngLagebeschreibung="Laatzen" AngAufDatum="2004-08-02" AngStatus="2" Konditionen="kon" AnzANG="1"/>
  <Angebote AngNr="EI1382" AngKurzBeschreibung="3-Zimmer-Eigentumswohnung" AngLagebeschreibung="Hannover - Bemerode" AngAufDatum="2004-08-03" AngStatus="2" Konditionen="kon" AnzANG="1"/>
  <Angebote AngNr="EI1383" AngKurzBeschreibung="4-Zimmer-Eigentumswohnung" AngLagebeschreibung="Hannover - Linden-Mitte" AngAufDatum="2004-08-03" AngStatus="2" Konditionen="kon" AnzANG="1"/>
  <Angebote AngNr="EI1384" AngKurzBeschreibung="1-Zimmer-Eigentumswohnung" AngLagebeschreibung="Hannover - Döhren" AngAufDatum="2004-08-04" AngStatus="2" Konditionen="kon" AnzANG="1"/>
  <Angebote AngNr="EI1385" AngKurzBeschreibung="4-Zimmer-Eigentumswohnung" AngLagebeschreibung="Langenhagen" AngAufDatum="2004-08-04" AngStatus="2" Konditionen="kon" AnzANG="1"/>
  <Angebote AngNr="EI1386" AngKurzBeschreibung="2½-Zimmer-Eigentumswohnung" AngLagebeschreibung="Laatzen-Mitte" AngAufDatum="2004-08-05" AngStatus="2" Konditionen="kon" AnzANG="1"/>
  <Angebote AngNr="HS1238" AngKurzBeschreibung="Stilvolle Stadtvilla mit Schwimmhalle auf traumhaften Grundstück" AngLagebeschreibung="Hannover - List / Malerviertel" AngAufDatum="2004-08-05" AngStatus="2" Konditionen="kon" AnzANG="1"/>
  <Angebote AngNr="HS1239" AngKurzBeschreibung="Gepflegtes Einfamilienhaus mit Doppelgarage" AngLagebeschreibung="Isernhagen, OT Altwarmbüchen" AngAufDatum="2004-08-09" AngStatus="2" Konditionen="kon" AnzANG="1"/>
  <Angebote AngNr="EI1387" AngKurzBeschreibung="2½-Zimmer-Eigentumswohnung" AngLagebeschreibung="Hannover - Südstadt" AngAufDatum="2004-08-09" AngStatus="2" Konditionen="kon" AnzANG="1"/>
  <Angebote AngNr="HS1240" AngKurzBeschreibung="Großzügiges, sehr gepflegtes Einfamilienhaus mit Vollkeller und 2 Garagen" AngLagebeschreibung="Burgdorf" AngAufDatum="2004-08-10" AngStatus="2" Konditionen="kon" AnzANG="1"/>
  <Angebote AngNr="HS1241" AngKurzBeschreibung="Wohn- und Bürohaus aus der Gründerzeit" AngLagebeschreibung="Hannover - Zooviertel" AngAufDatum="2004-08-11" AngStatus="2" Konditionen="kon" AnzANG="1"/>
  <Angebote AngNr="EI1388" AngKurzBeschreibung="3-Zimmer-Eigentumswohnung" AngLagebeschreibung="Hannover - Südstadt" AngAufDatum="2004-08-12" AngStatus="2" Konditionen="kon" AnzANG="1"/>
  <Angebote AngNr="EI1389" AngKurzBeschreibung="4-Zimmer-Eigentumswohnung" AngLagebeschreibung="Hannover-List" AngAufDatum="2004-08-12" AngStatus="2" Konditionen="kon" AnzANG="1"/>
  <Angebote AngNr="EI1390" AngKurzBeschreibung="2-Zimmer-Eigentumswohnung" AngLagebeschreibung="Hannover-Anderten" AngAufDatum="2004-08-12" AngStatus="2" Konditionen="kon" AnzANG="1"/>
  <Angebote AngNr="HS1242" AngKurzBeschreibung="Gepflegtes Einfamilienhaus mit großer Garage" AngLagebeschreibung="Isernhagen, OT Altwarmbüchen" AngAufDatum="2004-08-13" AngStatus="2" Konditionen="kon" AnzANG="1"/>
  <Angebote AngNr="EI1391" AngKurzBeschreibung="2-Zimmer-Eigentumswohnung" AngLagebeschreibung="Hannover - Nordstadt" AngAufDatum="2004-08-16" AngStatus="2" Konditionen="kon" AnzANG="1"/>
  <Angebote AngNr="EI1392" AngKurzBeschreibung="1-Zimmer-Eigentumswohnung" AngLagebeschreibung="Hannover-Misburg" AngAufDatum="2004-08-16" AngStatus="2" Konditionen="kon" AnzANG="1"/>
  <Angebote AngNr="EI1393" AngKurzBeschreibung="3-Zimmer-Eigentumswohnung" AngLagebeschreibung="Hannover-Bothfeld" AngAufDatum="2004-08-16" AngStatus="2" Konditionen="kon" AnzANG="1"/>
  <Angebote AngNr="EI1394" AngKurzBeschreibung="2 ½ - Zimmer-Eigentumswohnung" AngLagebeschreibung="Hannover - Nordstadt" AngAufDatum="2004-08-17" AngStatus="2" Konditionen="kon" AnzANG="1"/>
  <Angebote AngNr="HS1243" AngKurzBeschreibung="Gepflegter Gartenhofbungalow mit Garage" AngLagebeschreibung="Burgwedel, OT Großburgwedel" AngAufDatum="2004-08-18" AngStatus="2" Konditionen="kon" AnzANG="1"/>
  <Angebote AngNr="EI1395" AngKurzBeschreibung="4-Zimmer-Eigentumswohnung" AngLagebeschreibung="Hannover - Sahlkamp" AngAufDatum="2004-08-19" AngStatus="2" Konditionen="kon" AnzANG="1"/>
  <Angebote AngNr="EI1396" AngKurzBeschreibung="4-Zimmer-Eigentumswohnung" AngLagebeschreibung="Hannover - Südstadt" AngAufDatum="2004-08-19" AngStatus="2" Konditionen="kon" AnzANG="1"/>
  <Angebote AngNr="EI1397" AngKurzBeschreibung="5-Zimmer-Eigentumswohnung" AngLagebeschreibung="Hannover - List" AngAufDatum="2004-08-19" AngStatus="2" Konditionen="kon" AnzANG="1"/>
  <Angebote AngNr="EI1398" AngKurzBeschreibung="1-Zimmer-Eigentumswohnung" AngLagebeschreibung="Hannover - Linden-Nord" AngAufDatum="2004-08-20" AngStatus="2" Konditionen="kon" AnzANG="1"/>
  <Angebote AngNr="EI1399" AngKurzBeschreibung="4-Zimmer-Eigentumswohnung" AngLagebeschreibung="Hannover - List" AngAufDatum="2004-08-20" AngStatus="2" Konditionen="kon" AnzANG="1"/>
  <Angebote AngNr="EI1400" AngKurzBeschreibung="3-Zimmer-Eigentumswohnung" AngLagebeschreibung="Hannover - Groß Buchholz" AngAufDatum="2004-08-20" AngStatus="2" Konditionen="kon" AnzANG="1"/>
  <Angebote AngNr="RH491" AngKurzBeschreibung="Mehrfamilienhaus" AngLagebeschreibung="Hannover - Linden-Nord" AngAufDatum="2004-08-20" AngStatus="2" Konditionen="kon" AnzANG="1"/>
  <Angebote AngNr="EI1401" AngKurzBeschreibung="1½-Zimmer-Eigentumswohnung" AngLagebeschreibung="Hannover - Südstadt" AngAufDatum="2004-08-20" AngStatus="2" Konditionen="kon" AnzANG="1"/>
  <Angebote AngNr="HS1244" AngKurzBeschreibung="Neuwertiges, sehr gepflegtes Reihenendhaus mit Teilkeller und Carport" AngLagebeschreibung="Wedemark - Bissendorf" AngAufDatum="2004-08-23" AngStatus="2" Konditionen="kon" AnzANG="1"/>
  <Angebote AngNr="HS1245" AngKurzBeschreibung="Großzügiges Einfamilienhaus mit Vollkeller und Garage" AngLagebeschreibung="Lehrte Musikerviertel" AngAufDatum="2004-08-23" AngStatus="2" Konditionen="kon" AnzANG="1"/>
  <Angebote AngNr="EI1402" AngKurzBeschreibung="3-Zimmer-Eigentumswohnung" AngLagebeschreibung="Hemmingen - Westerfeld" AngAufDatum="2004-08-24" AngStatus="2" Konditionen="kon" AnzANG="1"/>
  <Angebote AngNr="RH492" AngKurzBeschreibung="Schulungszentrum mit Hotel und Bürofläche" AngLagebeschreibung="Hannover - Vahrenwald" AngAufDatum="2004-08-24" AngStatus="2" Konditionen="kon" AnzANG="1"/>
  <Angebote AngNr="EI1403" AngKurzBeschreibung="3-Zimmer-Eigentumswohnung" AngLagebeschreibung="Hannover - Südstadt" AngAufDatum="2004-08-25" AngStatus="2" Konditionen="kon" AnzANG="1"/>
  <Angebote AngNr="HS1246" AngKurzBeschreibung="Reihenendhaus mit Sanierungsbedarf, Keller und Garage auf großem Grundstück" AngLagebeschreibung="Hannover-Bothfeld" AngAufDatum="2004-08-27" AngStatus="2" Konditionen="kon" AnzANG="1"/>
  <Angebote AngNr="RH493" AngKurzBeschreibung="Mehrfamilienhaus und Einfamilienhaus" AngLagebeschreibung="Hannover - Kleefeld" AngAufDatum="2004-08-30" AngStatus="2" Konditionen="kon" AnzANG="1"/>
  <Angebote AngNr="HS1247" AngKurzBeschreibung="Lichtdurchflutetes, großzügiges Architektenhaus mit Vollkeller und Carport" AngLagebeschreibung="Hemmingen" AngAufDatum="2004-08-30" AngStatus="2" Konditionen="kon" AnzANG="1"/>
  <Angebote AngNr="EI1404" AngKurzBeschreibung="2-Zimmer-Eigentumswohnung" AngLagebeschreibung="Hannover - Calenberger Neustadt" AngAufDatum="2004-08-31" AngStatus="2" Konditionen="kon" AnzANG="1"/>
  <Angebote AngNr="EI1405" AngKurzBeschreibung="3-Zimmer-Eigentumswohnung" AngLagebeschreibung="Hannover - LInden-Mitte" AngAufDatum="2004-08-31" AngStatus="2" Konditionen="kon" AnzANG="1"/>
  <Angebote AngNr="EI1406" AngKurzBeschreibung="9-Zimmer-Eigentumswohnung" AngLagebeschreibung="Hannover - List" AngAufDatum="2004-09-02" AngStatus="2" Konditionen="kon" AnzANG="1"/>
  <Angebote AngNr="EI1407" AngKurzBeschreibung="2-Zimmer-Eigentumswohnung" AngLagebeschreibung="Hannover - Südstadt" AngAufDatum="2004-09-03" AngStatus="2" Konditionen="kon" AnzANG="1"/>
  <Angebote AngNr="EI1408" AngKurzBeschreibung="5-Zimmer-Eigentumswohnung" AngLagebeschreibung="Hannover - Südstadt" AngAufDatum="2004-09-03" AngStatus="2" Konditionen="kon" AnzANG="1"/>
  <Angebote AngNr="EI1409" AngKurzBeschreibung="3-Zimmer-Eigentumswohnung" AngLagebeschreibung="Hannover - Sahlkamp" AngAufDatum="2004-09-03" AngStatus="2" Konditionen="kon" AnzANG="1"/>
  <Angebote AngNr="EI1410" AngKurzBeschreibung="8-Zimmer-Eigentumswohnung" AngLagebeschreibung="Hannover - Waldhausen" AngAufDatum="2004-09-06" AngStatus="2" Konditionen="kon" AnzANG="1"/>
  <Angebote AngNr="EI1411" AngKurzBeschreibung="6-Zimmer-Eigentumswohnung" AngLagebeschreibung="Hannover - Waldhausen" AngAufDatum="2004-09-06" AngStatus="2" Konditionen="kon" AnzANG="1"/>
  <Angebote AngNr="EI1412" AngKurzBeschreibung="6-Zimmer-Eigentumswohnung" AngLagebeschreibung="Hannover - Waldhausen" AngAufDatum="2004-09-06" AngStatus="2" Konditionen="kon" AnzANG="1"/>
  <Angebote AngNr="EI1413" AngKurzBeschreibung="3-Zimmer-Eigentumswohnung" AngLagebeschreibung="Hannover - Waldhausen" AngAufDatum="2004-09-06" AngStatus="2" Konditionen="kon" AnzANG="1"/>
  <Angebote AngNr="EI1414" AngKurzBeschreibung="3-Zimmer-Eigentumswohnung" AngLagebeschreibung="Hannover - Linden-Süd" AngAufDatum="2004-09-06" AngStatus="2" Konditionen="kon" AnzANG="1"/>
  <Angebote AngNr="EI1415" AngKurzBeschreibung="5-Zimmer-Eigentumswohnung" AngLagebeschreibung="Hannover - Sahlkamp" AngAufDatum="2004-09-06" AngStatus="2" Konditionen="kon" AnzANG="1"/>
  <Angebote AngNr="EI1416" AngKurzBeschreibung="3-Zimmer-Eigentumswohnung" AngLagebeschreibung="Laatzen" AngAufDatum="2004-09-06" AngStatus="2" Konditionen="kon" AnzANG="1"/>
  <Angebote AngNr="EI1417" AngKurzBeschreibung="3-Zimmer-Eigentumswohnung" AngLagebeschreibung="Hannover - Ricklingen / Nähe Ricklinger Teich" AngAufDatum="2004-09-06" AngStatus="2" Konditionen="kon" AnzANG="1"/>
  <Angebote AngNr="EI1418" AngKurzBeschreibung="3-Zimmer-Eigentumswohnung" AngLagebeschreibung="Hannover - List / Nähe Moltkeplatz" AngAufDatum="2004-09-06" AngStatus="2" Konditionen="kon" AnzANG="1"/>
  <Angebote AngNr="EI1419" AngKurzBeschreibung="1-Zimmer-Eigentumswohnung" AngLagebeschreibung="Hannover - Südstadt" AngAufDatum="2004-09-07" AngStatus="2" Konditionen="kon" AnzANG="1"/>
  <Angebote AngNr="EI1420" AngKurzBeschreibung="4-Zimmer-Eigentumswohnung" AngLagebeschreibung="Hannover-Anderten" AngAufDatum="2004-09-07" AngStatus="2" Konditionen="kon" AnzANG="1"/>
  <Angebote AngNr="HS1248" AngKurzBeschreibung="Gepflegte Doppelhaushälfte mit Carport und Gerätehaus" AngLagebeschreibung="Hannover - Bemerode" AngAufDatum="2004-09-07" AngStatus="2" Konditionen="kon" AnzANG="1"/>
  <Angebote AngNr="RH494" AngKurzBeschreibung="Mehrfamilienhaus" AngLagebeschreibung="Hannover - List" AngAufDatum="2004-09-08" AngStatus="2" Konditionen="kon" AnzANG="1"/>
  <Angebote AngNr="EI1421" AngKurzBeschreibung="1-Zimmer-Appartement-Eigentumswohnung" AngLagebeschreibung="Hannover - Kleefeld" AngAufDatum="2004-09-08" AngStatus="2" Konditionen="kon" AnzANG="1"/>
  <Angebote AngNr="EI1422" AngKurzBeschreibung="2-Zimmer-Eigentumswohnung" AngLagebeschreibung="Hannover - Kleefeld" AngAufDatum="2004-09-08" AngStatus="2" Konditionen="kon" AnzANG="1"/>
  <Angebote AngNr="EI1423" AngKurzBeschreibung="1-Zimmer-Eigentumswohnung" AngLagebeschreibung="Hannover - Kleefeld" AngAufDatum="2004-09-08" AngStatus="2" Konditionen="kon" AnzANG="1"/>
  <Angebote AngNr="EI1424" AngKurzBeschreibung="2-Zimmer-Eigentumswohnung" AngLagebeschreibung="Hannover - Kleefeld" AngAufDatum="2004-09-08" AngStatus="2" Konditionen="kon" AnzANG="1"/>
  <Angebote AngNr="EI1425" AngKurzBeschreibung="2-Zimmer-Eigentumswohnung" AngLagebeschreibung="Laatzen" AngAufDatum="2004-09-08" AngStatus="2" Konditionen="kon" AnzANG="1"/>
  <Angebote AngNr="EI1426" AngKurzBeschreibung="1-Zimmer-Eigentumswohnung" AngLagebeschreibung="Langenhagen" AngAufDatum="2004-09-08" AngStatus="2" Konditionen="kon" AnzANG="1"/>
  <Angebote AngNr="EI1427" AngKurzBeschreibung="3-Zimmer-Eigentumswohnung" AngLagebeschreibung="Hannover - Oststadt" AngAufDatum="2004-09-09" AngStatus="2" Konditionen="kon" AnzANG="1"/>
  <Angebote AngNr="RH495" AngKurzBeschreibung="Wohn- und Geschäftshaus" AngLagebeschreibung="Hannover - Nordstadt" AngAufDatum="2004-09-09" AngStatus="2" Konditionen="kon" AnzANG="1"/>
  <Angebote AngNr="RH496" AngKurzBeschreibung="Wohn- und Geschäftshaus" AngLagebeschreibung="Hannover - Nordstadt" AngAufDatum="2004-09-09" AngStatus="2" Konditionen="kon" AnzANG="1"/>
  <Angebote AngNr="HS1249" AngKurzBeschreibung="Doppelhaushälfte im Landhausstil mit ausgebautem Souterrain und Carport" AngLagebeschreibung="Seelze OT Almhorst" AngAufDatum="2004-09-10" AngStatus="2" Konditionen="kon" AnzANG="1"/>
  <Angebote AngNr="EI1428" AngKurzBeschreibung="2-Zimmer-Eigentumswohnung" AngLagebeschreibung="Hannover - Vahrenwald" AngAufDatum="2004-09-10" AngStatus="2" Konditionen="kon" AnzANG="1"/>
  <Angebote AngNr="RH497" AngKurzBeschreibung="Wohn- und Geschäftshaus" AngLagebeschreibung="Hannover - List" AngAufDatum="2004-09-15" AngStatus="2" Konditionen="kon" AnzANG="1"/>
  <Angebote AngNr="HS1250" AngKurzBeschreibung="Grundsolides Einfamilienhaus mit Einliegerwohnung, Vollkeller und Doppelgarage" AngLagebeschreibung="Garbsen, OT Mitte" AngAufDatum="2004-09-16" AngStatus="2" Konditionen="kon" AnzANG="1"/>
  <Angebote AngNr="EI1429" AngKurzBeschreibung="1-Zimmer-Eigentumswohnung" AngLagebeschreibung="Hannover - Ricklingen" AngAufDatum="2004-09-17" AngStatus="2" Konditionen="kon" AnzANG="1"/>
  <Angebote AngNr="EI1430" AngKurzBeschreibung="3-Zimmer-Eigentumswohnung" AngLagebeschreibung="Hannover - Südstadt" AngAufDatum="2004-09-17" AngStatus="2" Konditionen="kon" AnzANG="1"/>
  <Angebote AngNr="EI1431" AngKurzBeschreibung="1-Zimmer-Eigentumswohnung" AngLagebeschreibung="Hannover - List / Vahrenwald" AngAufDatum="2004-09-17" AngStatus="2" Konditionen="kon" AnzANG="1"/>
  <Angebote AngNr="HS1251" AngKurzBeschreibung="Neuwertiges Einfamilienhaus mit Garage" AngLagebeschreibung="Hemmingen, OT Hiddestorf" AngAufDatum="2004-09-17" AngStatus="2" Konditionen="kon" AnzANG="1"/>
  <Angebote AngNr="HS1252" AngKurzBeschreibung="Gepflegtes Einfamilienhaus mit Vollkeller" AngLagebeschreibung="Langenhagen, OT Kaltenweide" AngAufDatum="2004-09-17" AngStatus="2" Konditionen="kon" AnzANG="1"/>
  <Angebote AngNr="HS1253" AngKurzBeschreibung="Einfamilienhaus mit Einliegerwohnung in Reihe gebaut mit Vollkeller und Carport" AngLagebeschreibung="Hannover - Bemerode" AngAufDatum="2004-09-20" AngStatus="2" Konditionen="kon" AnzANG="1"/>
  <Angebote AngNr="EI1432" AngKurzBeschreibung="3-Zimmer-Eigentumswohnung" AngLagebeschreibung="Hannover - Groß Buchholz" AngAufDatum="2004-09-20" AngStatus="2" Konditionen="kon" AnzANG="1"/>
  <Angebote AngNr="EI1433" AngKurzBeschreibung="4-Zimmer-Eigentumswohnung" AngLagebeschreibung="Hannover - Davenstedt" AngAufDatum="2004-09-20" AngStatus="2" Konditionen="kon" AnzANG="1"/>
  <Angebote AngNr="EI1434" AngKurzBeschreibung="2-Zimmer-Eigentumswohnung" AngLagebeschreibung="Hannover - Südstadt" AngAufDatum="2004-09-20" AngStatus="2" Konditionen="kon" AnzANG="1"/>
  <Angebote AngNr="EI1435" AngKurzBeschreibung="3-Zimmer-Eigentumswohnung" AngLagebeschreibung="Hannover - Mitte" AngAufDatum="2004-09-20" AngStatus="2" Konditionen="kon" AnzANG="1"/>
  <Angebote AngNr="RH498" AngKurzBeschreibung="Wohn- und Geschäftshaus" AngLagebeschreibung="Hannover - Calenberger Neustadt" AngAufDatum="2004-09-21" AngStatus="2" Konditionen="kon" AnzANG="1"/>
  <Angebote AngNr="HS1254" AngKurzBeschreibung="Reihenmittelhaus mit Keller und Carport" AngLagebeschreibung="Hannover - Heideviertel" AngAufDatum="2004-09-21" AngStatus="2" Konditionen="kon" AnzANG="1"/>
  <Angebote AngNr="EI1436" AngKurzBeschreibung="3-Zimmer-Eigentumswohnung" AngLagebeschreibung="Hannover - Oberricklingen" AngAufDatum="2004-09-22" AngStatus="2" Konditionen="kon" AnzANG="1"/>
  <Angebote AngNr="RH499" AngKurzBeschreibung="Mehrfamilienhaus" AngLagebeschreibung="Hannover - Südstadt" AngAufDatum="2004-09-22" AngStatus="2" Konditionen="kon" AnzANG="1"/>
  <Angebote AngNr="HS1255" AngKurzBeschreibung="Attraktives Einfamilienhaus mit Einliegerwohnung, Doppelgarage und ausgebautem Souterrain" AngLagebeschreibung="Garbsen - OT Horst" AngAufDatum="2004-09-22" AngStatus="2" Konditionen="kon" AnzANG="1"/>
  <Angebote AngNr="EI1437" AngKurzBeschreibung="2-Zimmer-Eigentumswohnung" AngLagebeschreibung="Hannover - List" AngAufDatum="2004-09-22" AngStatus="2" Konditionen="kon" AnzANG="1"/>
  <Angebote AngNr="EI1438" AngKurzBeschreibung="1-Zimmer-Eigentumswohnung" AngLagebeschreibung="Hannover - Calenberger Neustadt" AngAufDatum="2004-09-22" AngStatus="2" Konditionen="kon" AnzANG="1"/>
  <Angebote AngNr="EI1439" AngKurzBeschreibung="3½-Zimmer-Eigentumswohnung" AngLagebeschreibung="Hannover - Südstadt" AngAufDatum="2004-09-23" AngStatus="2" Konditionen="kon" AnzANG="1"/>
  <Angebote AngNr="HS1256" AngKurzBeschreibung="Großzügiges Zweifamilienhaus mit Vollkeller, Doppelgarage und Nebengebäuden" AngLagebeschreibung="Wedemark, OT Bissendorf" AngAufDatum="2004-09-23" AngStatus="2" Konditionen="kon" AnzANG="1"/>
  <Angebote AngNr="HS1257" AngKurzBeschreibung="Gepflegter Winkelbungalow mit ausgebautem Souterrain und Garage" AngLagebeschreibung="Hagenburg" AngAufDatum="2004-09-23" AngStatus="2" Konditionen="kon" AnzANG="1"/>
  <Angebote AngNr="HS1258" AngKurzBeschreibung="Neuwertiges Reihenhaus mit Studio und Garage" AngLagebeschreibung="Hannover - Groß Buchholz" AngAufDatum="2004-09-23" AngStatus="2" Konditionen="kon" AnzANG="1"/>
  <Angebote AngNr="EI1440" AngKurzBeschreibung="3-Zimmer-Eigentumswohnung" AngLagebeschreibung="Hannover - List" AngAufDatum="2004-09-24" AngStatus="2" Konditionen="kon" AnzANG="1"/>
  <Angebote AngNr="EI1441" AngKurzBeschreibung="5-Zimmer-Eigentumswohnung" AngLagebeschreibung="Hannover - List" AngAufDatum="2004-09-24" AngStatus="2" Konditionen="kon" AnzANG="1"/>
  <Angebote AngNr="EI1443" AngKurzBeschreibung="2-Zimmer-Eigentumswohnung" AngLagebeschreibung="Langenhagen" AngAufDatum="2004-09-27" AngStatus="2" Konditionen="kon" AnzANG="1"/>
  <Angebote AngNr="EI1442" AngKurzBeschreibung="4-Zimmer-Eigentumswohnung" AngLagebeschreibung="Hannover - List" AngAufDatum="2004-09-28" AngStatus="2" Konditionen="kon" AnzANG="1"/>
  <Angebote AngNr="HS1259" AngKurzBeschreibung="Geräumiges Reihenendhaus mit Vollkeller und großem Grundstück" AngLagebeschreibung="Burgwedel - Großburgwedel" AngAufDatum="2004-09-29" AngStatus="2" Konditionen="kon" AnzANG="1"/>
  <Angebote AngNr="RH500" AngKurzBeschreibung="Mehrfamilienhaus" AngLagebeschreibung="Hannover - Ricklingen" AngAufDatum="2004-09-30" AngStatus="2" Konditionen="kon" AnzANG="1"/>
  <Angebote AngNr="HS1260" AngKurzBeschreibung="Sehr gepflegtes Einfamilienhaus mit Vollkeller und Garage" AngLagebeschreibung="Ronnenberg - Weetzen" AngAufDatum="2004-09-30" AngStatus="2" Konditionen="kon" AnzANG="1"/>
  <Angebote AngNr="HS1261" AngKurzBeschreibung="Gemütliches Reihenendhaus mit Vollkeller" AngLagebeschreibung="Hannover - Heideviertel" AngAufDatum="2004-09-30" AngStatus="2" Konditionen="kon" AnzANG="1"/>
  <Angebote AngNr="RH501" AngKurzBeschreibung="Wohn- und Geschäftshaus mit Garage" AngLagebeschreibung="Hannover - Zooviertel" AngAufDatum="2004-10-04" AngStatus="2" Konditionen="kon" AnzANG="1"/>
  <Angebote AngNr="EI1444" AngKurzBeschreibung="3-Zimmer-Eigentumswohnung" AngLagebeschreibung="Hannover - Mitte" AngAufDatum="2004-10-05" AngStatus="2" Konditionen="kon" AnzANG="1"/>
  <Angebote AngNr="EI1445" AngKurzBeschreibung="6-Zimmer-Eigentumswohnung" AngLagebeschreibung="Hannover - Mitte" AngAufDatum="2004-10-05" AngStatus="2" Konditionen="kon" AnzANG="1"/>
  <Angebote AngNr="RH502" AngKurzBeschreibung="Wohnanlage" AngLagebeschreibung="Garbsen" AngAufDatum="2004-10-06" AngStatus="2" Konditionen="kon" AnzANG="3"/>
  <Angebote AngNr="RH503" AngKurzBeschreibung="Wohnanlage" AngLagebeschreibung="Wahlstedt - Nähe Hamburg" AngAufDatum="2004-10-06" AngStatus="2" Konditionen="kon" AnzANG="7"/>
  <Angebote AngNr="HS1262" AngKurzBeschreibung="Grundsolider Walmdachbungalow mit Vollkeller und Doppelgarage" AngLagebeschreibung="Isernhagen, OT Altwarmbüchen" AngAufDatum="2004-10-07" AngStatus="2" Konditionen="kon" AnzANG="1"/>
  <Angebote AngNr="EI1446" AngKurzBeschreibung="4-Zimmer-Eigentumswohnung" AngLagebeschreibung="Hannover - Anderten" AngAufDatum="2004-10-07" AngStatus="2" Konditionen="kon" AnzANG="1"/>
  <Angebote AngNr="EI1447" AngKurzBeschreibung="2-Zimmer-Eigentumswohnung" AngLagebeschreibung="Hannover - Kirchrode" AngAufDatum="2004-10-07" AngStatus="2" Konditionen="kon" AnzANG="1"/>
  <Angebote AngNr="EI1448" AngKurzBeschreibung="6-Zimmer-Eigentumswohnung" AngLagebeschreibung="Hannover - Burg" AngAufDatum="2004-10-08" AngStatus="2" Konditionen="kon" AnzANG="1"/>
  <Angebote AngNr="EI1449" AngKurzBeschreibung="4-Zimmer-Eigentumswohnung" AngLagebeschreibung="Hannover - List" AngAufDatum="2004-10-11" AngStatus="2" Konditionen="kon" AnzANG="1"/>
  <Angebote AngNr="EI1450" AngKurzBeschreibung="2-Zimmer-Eigentumswohnung" AngLagebeschreibung="Hannover - List" AngAufDatum="2004-10-11" AngStatus="2" Konditionen="kon" AnzANG="1"/>
  <Angebote AngNr="EI1451" AngKurzBeschreibung="3-Zimmer-Eigentumswohnung" AngLagebeschreibung="Hannover - Mittelfeld" AngAufDatum="2004-10-12" AngStatus="2" Konditionen="kon" AnzANG="1"/>
  <Angebote AngNr="EI1452" AngKurzBeschreibung="4-Zimmer-Eigentumswohnung" AngLagebeschreibung="Hannover - Linden-Mitte" AngAufDatum="2004-10-12" AngStatus="2" Konditionen="kon" AnzANG="1"/>
  <Angebote AngNr="EI1453" AngKurzBeschreibung="5-Zimmer-Eigentumswohnung" AngLagebeschreibung="Hannover - Nordstadt" AngAufDatum="2004-10-12" AngStatus="2" Konditionen="kon" AnzANG="1"/>
  <Angebote AngNr="EI1454" AngKurzBeschreibung="3-Zimmer-Eigentumswohnung" AngLagebeschreibung="Hannover - Wülfel" AngAufDatum="2004-10-13" AngStatus="2" Konditionen="kon" AnzANG="1"/>
  <Angebote AngNr="EI1455" AngKurzBeschreibung="1-Zimmer-Eigentumswohnung" AngLagebeschreibung="Hannover - Linden-Mitte" AngAufDatum="2004-10-13" AngStatus="2" Konditionen="kon" AnzANG="1"/>
  <Angebote AngNr="EI1456" AngKurzBeschreibung="3-Zimmer-Eigentumswohnung" AngLagebeschreibung="Hannover - Vahrenheide" AngAufDatum="2004-10-15" AngStatus="2" Konditionen="kon" AnzANG="1"/>
  <Angebote AngNr="RH504" AngKurzBeschreibung="Geschäftshaus" AngLagebeschreibung="Hannover - Oststadt" AngAufDatum="2004-10-15" AngStatus="2" Konditionen="kon" AnzANG="1"/>
  <Angebote AngNr="HS1263" AngKurzBeschreibung="Einfamilienhaus mit Platz, Luft und Land" AngLagebeschreibung="Pattensen, OT Koldingen" AngAufDatum="2004-10-18" AngStatus="2" Konditionen="kon" AnzANG="1"/>
  <Angebote AngNr="EI1457" AngKurzBeschreibung="3-Zimmer-Eigentumswohnung" AngLagebeschreibung="Hannover - Linden-Mitte" AngAufDatum="2004-10-19" AngStatus="2" Konditionen="kon" AnzANG="1"/>
  <Angebote AngNr="EI1458" AngKurzBeschreibung="2-Zimmer-Eigentumswohnung" AngLagebeschreibung="Hannover - Zoo" AngAufDatum="2004-10-19" AngStatus="2" Konditionen="kon" AnzANG="1"/>
  <Angebote AngNr="EI1459" AngKurzBeschreibung="3-Zimmer-Eigentumswohnung" AngLagebeschreibung="Hannover - Ahlem" AngAufDatum="2004-10-19" AngStatus="2" Konditionen="kon" AnzANG="1"/>
  <Angebote AngNr="HS1264" AngKurzBeschreibung="Gepflegte Doppelhaushäfte mit Garage und ausgebautem Souterrain" AngLagebeschreibung="Garbsen, OT Berenbostel" AngAufDatum="2004-10-19" AngStatus="2" Konditionen="kon" AnzANG="1"/>
  <Angebote AngNr="EI1460" AngKurzBeschreibung="1-Zimmer-Eigentumswohnung" AngLagebeschreibung="Hannover - Südstadt" AngAufDatum="2004-10-21" AngStatus="2" Konditionen="kon" AnzANG="1"/>
  <Angebote AngNr="EI1461" AngKurzBeschreibung="3-Zimmer-Eigentumswohnung" AngLagebeschreibung="Hannover - Oststadt" AngAufDatum="2004-10-21" AngStatus="2" Konditionen="kon" AnzANG="1"/>
  <Angebote AngNr="EI1462" AngKurzBeschreibung="2-Zimmer-Eigentumswohnung" AngLagebeschreibung="Hannover - Oststadt" AngAufDatum="2004-10-21" AngStatus="2" Konditionen="kon" AnzANG="1"/>
  <Angebote AngNr="EI1463" AngKurzBeschreibung="3-Zimmer-Eigentumswohnung" AngLagebeschreibung="Hannover - Wülfel" AngAufDatum="2004-10-21" AngStatus="2" Konditionen="kon" AnzANG="1"/>
  <Angebote AngNr="HS1265" AngKurzBeschreibung="Doppelhaushälfte mit schönem Eckgrundstück und Renovierungsbedarf" AngLagebeschreibung="Hannover - Misburg" AngAufDatum="2004-10-21" AngStatus="2" Konditionen="kon" AnzANG="1"/>
  <Angebote AngNr="EI1464" AngKurzBeschreibung="3-Zimmer-Eigentumswohnung" AngLagebeschreibung="Hannover - Oststadt" AngAufDatum="2004-10-25" AngStatus="2" Konditionen="kon" AnzANG="1"/>
  <Angebote AngNr="EI1465" AngKurzBeschreibung="3-Zimmer-Eigentumswohnung" AngLagebeschreibung="Hannover - Bothfeld" AngAufDatum="2004-10-25" AngStatus="2" Konditionen="kon" AnzANG="1"/>
  <Angebote AngNr="EI1466" AngKurzBeschreibung="3-Zimmer-Eigentumswohnung" AngLagebeschreibung="Hannover - Groß Buchholz" AngAufDatum="2004-10-25" AngStatus="2" Konditionen="kon" AnzANG="1"/>
  <Angebote AngNr="HS1266" AngKurzBeschreibung="Grundsolider Winkelbungalow mit ausgebautem Souterrain, Garage und Carport" AngLagebeschreibung="Neustadt, OT Mardorf" AngAufDatum="2004-10-25" AngStatus="2" Konditionen="kon" AnzANG="1"/>
  <Angebote AngNr="EI1467" AngKurzBeschreibung="1-Zimmer-Eigentumswohnung" AngLagebeschreibung="Ronnenberg, OT Empelde" AngAufDatum="2004-10-27" AngStatus="2" Konditionen="kon" AnzANG="1"/>
  <Angebote AngNr="EI1468" AngKurzBeschreibung="2-Zimmer-Eigentumswohnung" AngLagebeschreibung="Hannover - List" AngAufDatum="2004-10-27" AngStatus="2" Konditionen="kon" AnzANG="1"/>
  <Angebote AngNr="EI1469" AngKurzBeschreibung="3-Zimmer-Eigentumswohnung" AngLagebeschreibung="Hannover - Döhren" AngAufDatum="2004-11-01" AngStatus="2" Konditionen="kon" AnzANG="1"/>
  <Angebote AngNr="RH505" AngKurzBeschreibung="Wohn- und Geschäftshaus" AngLagebeschreibung="Isernhagen, OT Altwarmbüchen" AngAufDatum="2004-11-01" AngStatus="2" Konditionen="kon" AnzANG="1"/>
  <Angebote AngNr="EI1471" AngKurzBeschreibung="3-Zimmer-Eigentumswohnung" AngLagebeschreibung="Hannover - Südstadt" AngAufDatum="2004-11-02" AngStatus="2" Konditionen="kon" AnzANG="1"/>
  <Angebote AngNr="EI1470" AngKurzBeschreibung="1-Zimmer-Eigentumswohnung" AngLagebeschreibung="Hannover - Linden-Süd" AngAufDatum="2004-11-02" AngStatus="2" Konditionen="kon" AnzANG="1"/>
  <Angebote AngNr="EI1472" AngKurzBeschreibung="3-Zimmer-Eigentumswohnung" AngLagebeschreibung="Hannover - Groß Buchholz / List" AngAufDatum="2004-11-04" AngStatus="2" Konditionen="kon" AnzANG="1"/>
  <Angebote AngNr="RH506" AngKurzBeschreibung="Mehrfamilienhaus" AngLagebeschreibung="Laatzen, OT Rethen" AngAufDatum="2004-11-05" AngStatus="2" Konditionen="kon" AnzANG="1"/>
  <Angebote AngNr="EI1473" AngKurzBeschreibung="1-Zimmer-Eigentumswohnung" AngLagebeschreibung="Hannover - List" AngAufDatum="2004-11-05" AngStatus="2" Konditionen="kon" AnzANG="1"/>
  <Angebote AngNr="HS1267" AngKurzBeschreibung="Reihenendhaus mit TG-Stellplatz" AngLagebeschreibung="Hannover - Döhren" AngAufDatum="2004-11-05" AngStatus="2" Konditionen="kon" AnzANG="1"/>
  <Angebote AngNr="HS1268" AngKurzBeschreibung="Reihenendhaus mit Garage" AngLagebeschreibung="Hannover - Groß-Buchholz" AngAufDatum="2004-11-09" AngStatus="2" Konditionen="kon" AnzANG="1"/>
  <Angebote AngNr="EI1474" AngKurzBeschreibung="3-Zimmer-Eigentumswohnung" AngLagebeschreibung="Hannover - List" AngAufDatum="2004-11-11" AngStatus="2" Konditionen="kon" AnzANG="1"/>
  <Angebote AngNr="RH507" AngKurzBeschreibung="Mehrfamilienhaus" AngLagebeschreibung="Hannover - Alt Ricklingen" AngAufDatum="2004-11-12" AngStatus="2" Konditionen="kon" AnzANG="1"/>
  <Angebote AngNr="EI1475" AngKurzBeschreibung="3½-Zimmer-Eigentumswohnung" AngLagebeschreibung="Hannover - Sahlkamp" AngAufDatum="2004-11-16" AngStatus="2" Konditionen="kon" AnzANG="1"/>
  <Angebote AngNr="RH508" AngKurzBeschreibung="Wohn- und Geschäftshaus" AngLagebeschreibung="Hannover - Calenberger Neustadt" AngAufDatum="2004-11-17" AngStatus="2" Konditionen="kon" AnzANG="1"/>
  <Angebote AngNr="EI1476" AngKurzBeschreibung="3-Zimmer-Eigentumswohnung" AngLagebeschreibung="Hannover - Südstadt" AngAufDatum="2004-11-17" AngStatus="2" Konditionen="kon" AnzANG="1"/>
  <Angebote AngNr="EI1477" AngKurzBeschreibung="3-Zimmer-Eigentumswohnung" AngLagebeschreibung="Hannover - Kirchrode" AngAufDatum="2004-11-17" AngStatus="2" Konditionen="kon" AnzANG="1"/>
  <Angebote AngNr="EI1480" AngKurzBeschreibung="4-Zimmer-Penthouse-Eigentumswohnung" AngLagebeschreibung="Hannover - Vahrenwald" AngAufDatum="2004-11-17" AngStatus="2" Konditionen="kon" AnzANG="1"/>
  <Angebote AngNr="EI1478" AngKurzBeschreibung="3-Zimmer-Eigentumswohnung" AngLagebeschreibung="Hannover - List" AngAufDatum="2004-11-18" AngStatus="2" Konditionen="kon" AnzANG="1"/>
  <Angebote AngNr="EI1479" AngKurzBeschreibung="3-Zimmer-Eigentumswohnung" AngLagebeschreibung="Hannover - Hainholz" AngAufDatum="2004-11-18" AngStatus="2" Konditionen="kon" AnzANG="1"/>
  <Angebote AngNr="HS1269" AngKurzBeschreibung="Fachwerkhaus mit Büro, 2 Garagen und Stellplätze" AngLagebeschreibung="Burgwedel, OT Großburgwedel" AngAufDatum="2004-11-18" AngStatus="2" Konditionen="kon" AnzANG="1"/>
  <Angebote AngNr="HS1270" AngKurzBeschreibung="Reihenmittelhaus mit Grage auf schönem Grundstück" AngLagebeschreibung="Hannover - Wettbergen" AngAufDatum="2004-11-18" AngStatus="2" Konditionen="kon" AnzANG="1"/>
  <Angebote AngNr="EI1481" AngKurzBeschreibung="2-Zimmer-Eigentumswohnung" AngLagebeschreibung="Hannover - Groß-Buchholz" AngAufDatum="2004-11-19" AngStatus="2" Konditionen="kon" AnzANG="1"/>
  <Angebote AngNr="HS1271" AngKurzBeschreibung="Doppelhaushälfte, Erstbezug" AngLagebeschreibung="Burgdorf" AngAufDatum="2004-11-19" AngStatus="2" Konditionen="kon" AnzANG="1"/>
  <Angebote AngNr="HS1272" AngKurzBeschreibung="Reihenendbungalow mit teilausgebautem Souterrain und Garage" AngLagebeschreibung="Hannover - Vinnhorst" AngAufDatum="2004-11-19" AngStatus="2" Konditionen="kon" AnzANG="1"/>
  <Angebote AngNr="EI1482" AngKurzBeschreibung="3-Zimmer-Eigentumswohnung" AngLagebeschreibung="Hannover - Vahrenwald/List" AngAufDatum="2004-11-22" AngStatus="2" Konditionen="kon" AnzANG="1"/>
  <Angebote AngNr="EI1483" AngKurzBeschreibung="4-Zimmer-Eigentumswohnung" AngLagebeschreibung="Hannover - Vahrenwald" AngAufDatum="2004-11-22" AngStatus="2" Konditionen="kon" AnzANG="1"/>
  <Angebote AngNr="EI1484" AngKurzBeschreibung="1-Zimmer-Eigentumswohnung" AngLagebeschreibung="Hannover - Davenstedt" AngAufDatum="2004-11-22" AngStatus="2" Konditionen="kon" AnzANG="1"/>
  <Angebote AngNr="HS1273" AngKurzBeschreibung="Reihenmittelhaus, Erstbezug mit Stellplatz" AngLagebeschreibung="Barsinghausen" AngAufDatum="2004-11-23" AngStatus="2" Konditionen="kon" AnzANG="1"/>
  <Angebote AngNr="RH509" AngKurzBeschreibung="Mehrfamilienhaus" AngLagebeschreibung="Hannover - Südstadt" AngAufDatum="2004-11-24" AngStatus="2" Konditionen="kon" AnzANG="1"/>
  <Angebote AngNr="HS1274" AngKurzBeschreibung="Grundsolides Einfamilienhaus mit Keller, Garage und Carport" AngLagebeschreibung="Seelze, OT Dedensen" AngAufDatum="2004-11-25" AngStatus="2" Konditionen="kon" AnzANG="2"/>
  <Angebote AngNr="EI1485" AngKurzBeschreibung="4-Zimmer-Eigentumswohnung" AngLagebeschreibung="Hannover - Döhren" AngAufDatum="2004-11-26" AngStatus="2" Konditionen="kon" AnzANG="1"/>
  <Angebote AngNr="EI1486" AngKurzBeschreibung="2-Zimmer-Eigentumswohnung" AngLagebeschreibung="Hannover - Wettbergen" AngAufDatum="2004-11-26" AngStatus="2" Konditionen="kon" AnzANG="1"/>
  <Angebote AngNr="EI1487" AngKurzBeschreibung="4-Zimmer-Eigentumswohnung" AngLagebeschreibung="Hannover - Groß-Buchholz" AngAufDatum="2004-11-26" AngStatus="2" Konditionen="kon" AnzANG="1"/>
  <Angebote AngNr="EI1488" AngKurzBeschreibung="4-Zimmer-Eigentumswohnung" AngLagebeschreibung="Hannover - Misburg" AngAufDatum="2004-11-26" AngStatus="2" Konditionen="kon" AnzANG="1"/>
  <Angebote AngNr="HS1275" AngKurzBeschreibung="Einfamilienhaus mit Einliegerwohnung, Vollkeller und Doppelgarage" AngLagebeschreibung="Isernhagen, OT Neuwarmbüchen" AngAufDatum="2004-11-26" AngStatus="2" Konditionen="kon" AnzANG="1"/>
  <Angebote AngNr="EI1489" AngKurzBeschreibung="4-Zimmer-Eigentumswohnung (Maisonette)" AngLagebeschreibung="Hannover - Oststadt" AngAufDatum="2004-11-29" AngStatus="2" Konditionen="kon" AnzANG="1"/>
  <Angebote AngNr="RH510" AngKurzBeschreibung="Wohnhaus" AngLagebeschreibung="Hannover - Oststadt" AngAufDatum="2004-11-29" AngStatus="2" Konditionen="kon" AnzANG="1"/>
  <Angebote AngNr="HS1276" AngKurzBeschreibung="Zweifamilienhaus mit Keller und Garage" AngLagebeschreibung="Hannover - Wettbergen/West" AngAufDatum="2004-11-30" AngStatus="2" Konditionen="kon" AnzANG="1"/>
  <Angebote AngNr="HS1277" AngKurzBeschreibung="Grundsolides Reihenmittelhaus mit Keller und Garage" AngLagebeschreibung="Langenhagen - Nahe Neue Bult" AngAufDatum="2004-11-30" AngStatus="2" Konditionen="kon" AnzANG="1"/>
  <Angebote AngNr="EI1490" AngKurzBeschreibung="3-Zimmer-Eigentumswohnung" AngLagebeschreibung="Hannover - Bothfeld" AngAufDatum="2004-12-02" AngStatus="2" Konditionen="kon" AnzANG="1"/>
  <Angebote AngNr="RH511" AngKurzBeschreibung="Mehrfamilienhaus" AngLagebeschreibung="Hannover - Ricklingen" AngAufDatum="2004-12-02" AngStatus="2" Konditionen="kon" AnzANG="1"/>
  <Angebote AngNr="EI1491" AngKurzBeschreibung="2-Zimmer-Eigentumswohnung" AngLagebeschreibung="Hannover - Ahlem" AngAufDatum="2004-12-02" AngStatus="2" Konditionen="kon" AnzANG="1"/>
  <Angebote AngNr="EI1492" AngKurzBeschreibung="2-Zimmer-Eigentumswohnung" AngLagebeschreibung="Hannover - List" AngAufDatum="2004-12-02" AngStatus="2" Konditionen="kon" AnzANG="1"/>
  <Angebote AngNr="EI1493" AngKurzBeschreibung="4-Zimmer-Eigentumswohnung" AngLagebeschreibung="Hannover - List" AngAufDatum="2004-12-03" AngStatus="2" Konditionen="kon" AnzANG="1"/>
  <Angebote AngNr="HS1278" AngKurzBeschreibung="Reihenhaus mit Vollkeller und Studio" AngLagebeschreibung="Laatzen, OT Gleidingen" AngAufDatum="2004-12-03" AngStatus="2" Konditionen="kon" AnzANG="1"/>
  <Angebote AngNr="EI1494" AngKurzBeschreibung="3-Zimmer-Eigentumswohnung mit Weitblick über Hannover" AngLagebeschreibung="Hannover - Bothfeld" AngAufDatum="2004-12-03" AngStatus="2" Konditionen="kon" AnzANG="1"/>
  <Angebote AngNr="EI1495" AngKurzBeschreibung="3-Zimmer-Eigentumswohnung" AngLagebeschreibung="Laatzen" AngAufDatum="2004-12-03" AngStatus="2" Konditionen="kon" AnzANG="1"/>
  <Angebote AngNr="EI1496" AngKurzBeschreibung="2-Zimmer-Eigentumswohnung" AngLagebeschreibung="Laatzen" AngAufDatum="2004-12-03" AngStatus="2" Konditionen="kon" AnzANG="1"/>
  <Angebote AngNr="EI1497" AngKurzBeschreibung="3-Zimmer-Eigentumswohnung" AngLagebeschreibung="Hannover - Kirchrode" AngAufDatum="2004-12-06" AngStatus="2" Konditionen="kon" AnzANG="1"/>
  <Angebote AngNr="EI1498" AngKurzBeschreibung="4-Zimmer-Eigentumswohnung" AngLagebeschreibung="Laatzen" AngAufDatum="2004-12-06" AngStatus="2" Konditionen="kon" AnzANG="1"/>
  <Angebote AngNr="EI1499" AngKurzBeschreibung="2-Zimmer-Eigentumswohnung" AngLagebeschreibung="Hannover - List" AngAufDatum="2004-12-06" AngStatus="2" Konditionen="kon" AnzANG="1"/>
  <Angebote AngNr="EI1500" AngKurzBeschreibung="3-Zimmer-Eigentumswohnung" AngLagebeschreibung="Hannover - Vahrenheide" AngAufDatum="2004-12-06" AngStatus="2" Konditionen="kon" AnzANG="1"/>
  <Angebote AngNr="EI1501" AngKurzBeschreibung="2½-Zimmer-Eigentumswohnung" AngLagebeschreibung="Hannover - Oberricklingen" AngAufDatum="2004-12-06" AngStatus="2" Konditionen="kon" AnzANG="1"/>
  <Angebote AngNr="EI1503" AngKurzBeschreibung="4-Zimmer-Eigentumswohnung" AngLagebeschreibung="Hannover - Bemerode" AngAufDatum="2004-12-06" AngStatus="2" Konditionen="kon" AnzANG="1"/>
  <Angebote AngNr="EI1504" AngKurzBeschreibung="3-Zimmer-Eigentumswohnung" AngLagebeschreibung="Ronnenberg, OT Empelde" AngAufDatum="2004-12-06" AngStatus="2" Konditionen="kon" AnzANG="1"/>
  <Angebote AngNr="HS1279" AngKurzBeschreibung="Gepflegtes Reihenhaus auf versetzten Ebenen mit Teilkeller" AngLagebeschreibung="Laatzen, OT Gleidingen" AngAufDatum="2004-12-06" AngStatus="2" Konditionen="kon" AnzANG="1"/>
  <Angebote AngNr="EI1502" AngKurzBeschreibung="4-Zimmer-Eigentumswohnung" AngLagebeschreibung="Hannover - Misburg / Nord" AngAufDatum="2004-12-06" AngStatus="2" Konditionen="kon" AnzANG="1"/>
  <Angebote AngNr="HS1280" AngKurzBeschreibung="Reihenhaus mit Vollkeller und Studio" AngLagebeschreibung="Wennigsen, OT Degersen" AngAufDatum="2004-12-06" AngStatus="2" Konditionen="kon" AnzANG="1"/>
  <Angebote AngNr="EI1505" AngKurzBeschreibung="2-Zimmer-Eigentumswohnung" AngLagebeschreibung="Hannover - Misburg-Nord" AngAufDatum="2004-12-08" AngStatus="2" Konditionen="kon" AnzANG="1"/>
  <Angebote AngNr="HS1281" AngKurzBeschreibung="Grundsolides Einfamilienhaus mit ausgebautem Souterrain und Garage" AngLagebeschreibung="Garbsen, OT Mitte" AngAufDatum="2004-12-13" AngStatus="2" Konditionen="kon" AnzANG="1"/>
  <Angebote AngNr="EI1506" AngKurzBeschreibung="2-Zimmer-Eigentumswohnung" AngLagebeschreibung="Hannover - Linden-Nord" AngAufDatum="2004-12-13" AngStatus="2" Konditionen="kon" AnzANG="1"/>
  <Angebote AngNr="RH512" AngKurzBeschreibung="Wohnanlage" AngLagebeschreibung="Garbsen, OT Osterwald" AngAufDatum="2004-12-13" AngStatus="2" Konditionen="kon" AnzANG="9"/>
  <Angebote AngNr="EI1507" AngKurzBeschreibung="4-Zimmer-Eigentumswohnung" AngLagebeschreibung="Hannover - Anderten" AngAufDatum="2004-12-13" AngStatus="2" Konditionen="kon" AnzANG="1"/>
  <Angebote AngNr="EI1508" AngKurzBeschreibung="3-Zimmer-Eigentumswohnung" AngLagebeschreibung="Hannover - Oststadt" AngAufDatum="2004-12-13" AngStatus="2" Konditionen="kon" AnzANG="1"/>
  <Angebote AngNr="EI1509" AngKurzBeschreibung="1½-Zimmer-Eigentumswohnung" AngLagebeschreibung="Laatzen" AngAufDatum="2004-12-13" AngStatus="2" Konditionen="kon" AnzANG="1"/>
  <Angebote AngNr="EI1510" AngKurzBeschreibung="3-Zimmer-Eigentumswohnung" AngLagebeschreibung="Hannover - Groß-Buchholz" AngAufDatum="2004-12-14" AngStatus="2" Konditionen="kon" AnzANG="1"/>
  <Angebote AngNr="EI1511" AngKurzBeschreibung="3-Zimmer-Eigentumswohnung" AngLagebeschreibung="Hannover - Linden-Nord" AngAufDatum="2004-12-16" AngStatus="2" Konditionen="kon" AnzANG="1"/>
  <Angebote AngNr="EI1512" AngKurzBeschreibung="4-Zimmer-Eigentumswohnung" AngLagebeschreibung="Hannover - Wettbergen" AngAufDatum="2004-12-17" AngStatus="2" Konditionen="kon" AnzANG="1"/>
  <Angebote AngNr="EI1513" AngKurzBeschreibung="3-Zimmer-Eigentumswohnung" AngLagebeschreibung="Hannover - Kirchrode" AngAufDatum="2004-12-20" AngStatus="2" Konditionen="kon" AnzANG="1"/>
  <Angebote AngNr="EI1514" AngKurzBeschreibung="3-Zimmer-Eigentumswohnung" AngLagebeschreibung="Hannover - Vahrenheide" AngAufDatum="2004-12-20" AngStatus="2" Konditionen="kon" AnzANG="1"/>
  <Angebote AngNr="RH513" AngKurzBeschreibung="Mehrfamilienhaus" AngLagebeschreibung="Hannover - Hainholz" AngAufDatum="2004-12-20" AngStatus="2" Konditionen="kon" AnzANG="1"/>
  <Angebote AngNr="EI1515" AngKurzBeschreibung="2-Zimmer-Eigentumswohnung" AngLagebeschreibung="Hannover - Döhren" AngAufDatum="2004-12-21" AngStatus="2" Konditionen="kon" AnzANG="1"/>
  <Angebote AngNr="EI1516" AngKurzBeschreibung="2-Zimmer-Eigentumswohnung" AngLagebeschreibung="Hannover - Nordstadt" AngAufDatum="2004-12-21" AngStatus="2" Konditionen="kon" AnzANG="1"/>
  <Angebote AngNr="HS1282" AngKurzBeschreibung="Gepflegtes Reihenhaus mit Teilkeller und Garage" AngLagebeschreibung="Burgwedel, OT Großburgwedel" AngAufDatum="2004-12-22" AngStatus="2" Konditionen="kon" AnzANG="1"/>
  <Angebote AngNr="EI1517" AngKurzBeschreibung="4-Zimmer-Eigentumswohnung" AngLagebeschreibung="Langenhagen" AngAufDatum="2004-12-22" AngStatus="2" Konditionen="kon" AnzANG="1"/>
  <Angebote AngNr="EI1518" AngKurzBeschreibung="2-Zimmer-Eigentumswohnung" AngLagebeschreibung="Laatzen" AngAufDatum="2004-12-22" AngStatus="2" Konditionen="kon" AnzANG="1"/>
  <Angebote AngNr="EI1519" AngKurzBeschreibung="3-Zimmer-Eigentumswohnung" AngLagebeschreibung="Hannover - Groß-Buchholz" AngAufDatum="2004-12-28" AngStatus="2" Konditionen="kon" AnzANG="1"/>
  <Angebote AngNr="EI1520" AngKurzBeschreibung="3-Zimmer-Eigentumswohnung" AngLagebeschreibung="Hannover - Linden-Nord" AngAufDatum="2004-12-28" AngStatus="2" Konditionen="kon" AnzANG="1"/>
  <Angebote AngNr="EI1521" AngKurzBeschreibung="2½-Zimmer-Eigentumswohnung" AngLagebeschreibung="Hannover - Davenstedt" AngAufDatum="2004-12-29" AngStatus="2" Konditionen="kon" AnzANG="1"/>
  <Angebote AngNr="EI1522" AngKurzBeschreibung="3-Zimmer-Eigentumswohnung" AngLagebeschreibung="Hannover - Vahrenheide" AngAufDatum="2005-01-04" AngStatus="2" Konditionen="kon" AnzANG="1"/>
  <Angebote AngNr="EI1523" AngKurzBeschreibung="3-Zimmer-Eigentumswohnung" AngLagebeschreibung="Hannover - List" AngAufDatum="2005-01-04" AngStatus="2" Konditionen="kon" AnzANG="1"/>
  <Angebote AngNr="HS1283" AngKurzBeschreibung="Neuwertiges, sehr gepflegtes Reihenendhaus in schöner Wohnanlage" AngLagebeschreibung="Sehnde, OT Ilten" AngAufDatum="2005-01-07" AngStatus="2" Konditionen="kon" AnzANG="1"/>
  <Angebote AngNr="RH514" AngKurzBeschreibung="Mehrfamilienhaus" AngLagebeschreibung="Hannover - Döhren" AngAufDatum="2005-01-10" AngStatus="2" Konditionen="kon" AnzANG="1"/>
  <Angebote AngNr="HS1284" AngKurzBeschreibung="Einfamilienhaus mit Garage" AngLagebeschreibung="Pattensen, OT Schulenburg" AngAufDatum="2005-01-11" AngStatus="2" Konditionen="kon" AnzANG="1"/>
  <Angebote AngNr="HS1285" AngKurzBeschreibung="Reihenendhaus mit Stellplatz, Erstbezug" AngLagebeschreibung="Barsinghausen" AngAufDatum="2005-01-13" AngStatus="2" Konditionen="kon" AnzANG="1"/>
  <Angebote AngNr="HS1286" AngKurzBeschreibung="Reihenendhaus mit Stellplatz, Erstbezug" AngLagebeschreibung="Barsinghausen" AngAufDatum="2005-01-13" AngStatus="2" Konditionen="kon" AnzANG="1"/>
  <Angebote AngNr="HS1287" AngKurzBeschreibung="Reihenendhaus mit Stellplatz, Erstbezug" AngLagebeschreibung="Barsinghausen" AngAufDatum="2005-01-13" AngStatus="2" Konditionen="kon" AnzANG="1"/>
  <Angebote AngNr="HS1288" AngKurzBeschreibung="Doppelhaushälfte mit Stellplatz, Erstbezug" AngLagebeschreibung="Barsinghausen" AngAufDatum="2005-01-13" AngStatus="2" Konditionen="kon" AnzANG="1"/>
  <Angebote AngNr="EI1524" AngKurzBeschreibung="3-Zimmer-Eigentumswohnung" AngLagebeschreibung="Hannover - Südstadt" AngAufDatum="2005-01-14" AngStatus="2" Konditionen="kon" AnzANG="1"/>
  <Angebote AngNr="EI1525" AngKurzBeschreibung="3-Zimmer-Eigentumswohnung" AngLagebeschreibung="Hannover - Herrenhausen" AngAufDatum="2005-01-14" AngStatus="2" Konditionen="kon" AnzANG="1"/>
  <Angebote AngNr="EI1527" AngKurzBeschreibung="5-Zimmer-Eigentumswohnung" AngLagebeschreibung="Hannover-List" AngAufDatum="2005-01-17" AngStatus="2" Konditionen="kon" AnzANG="1"/>
  <Angebote AngNr="EI1526" AngKurzBeschreibung="3-Zimmer-Eigentumswohnung" AngLagebeschreibung="Hannover - Oststadt" AngAufDatum="2005-01-17" AngStatus="2" Konditionen="kon" AnzANG="1"/>
  <Angebote AngNr="EI1528" AngKurzBeschreibung="4-Zimmer-Eigentumswohnung" AngLagebeschreibung="Hannover - Nordstadt" AngAufDatum="2005-01-18" AngStatus="2" Konditionen="kon" AnzANG="1"/>
  <Angebote AngNr="HS1289" AngKurzBeschreibung="Top gepflegtes Einfamilienhaus mit Garage" AngLagebeschreibung="Burgwedel, OT Großburgwedel" AngAufDatum="2005-01-19" AngStatus="2" Konditionen="kon" AnzANG="1"/>
  <Angebote AngNr="EI1529" AngKurzBeschreibung="3-Zimmer-Eigentumswohnung" AngLagebeschreibung="Hannover - Döhren an der Leinemasch!" AngAufDatum="2005-01-19" AngStatus="2" Konditionen="kon" AnzANG="1"/>
  <Angebote AngNr="EI1530" AngKurzBeschreibung="3-Zimmer-Eigentumswohnung" AngLagebeschreibung="Hannover - Bemerode" AngAufDatum="2005-01-19" AngStatus="2" Konditionen="kon" AnzANG="1"/>
  <Angebote AngNr="EI1531" AngKurzBeschreibung="3-Zimmer-Eigentumswohnung" AngLagebeschreibung="Langenhagen" AngAufDatum="2005-01-24" AngStatus="2" Konditionen="kon" AnzANG="1"/>
  <Angebote AngNr="EI1534" AngKurzBeschreibung="3-Zimmer-Eigentumswohnung" AngLagebeschreibung="Hannover - Südstadt" AngAufDatum="2005-01-27" AngStatus="2" Konditionen="kon" AnzANG="1"/>
  <Angebote AngNr="EI1533" AngKurzBeschreibung="7-Zimmer-Eigentumswohnung (Maisonette)" AngLagebeschreibung="Hannover - Oststadt" AngAufDatum="2005-01-27" AngStatus="2" Konditionen="kon" AnzANG="1"/>
  <Angebote AngNr="EI1532" AngKurzBeschreibung="1-Zimmer-Eigentumswohnung" AngLagebeschreibung="Hannover - Zooviertel" AngAufDatum="2005-01-27" AngStatus="2" Konditionen="kon" AnzANG="1"/>
  <Angebote AngNr="HS1290" AngKurzBeschreibung="Einfamilienhaus mit Einliegerwohnung und Garage" AngLagebeschreibung="Hemmingen - Westerfeld" AngAufDatum="2005-02-02" AngStatus="2" Konditionen="kon" AnzANG="1"/>
  <Angebote AngNr="EI1535" AngKurzBeschreibung="2-Zimmer-Eigentumswohnung" AngLagebeschreibung="Hannover - List" AngAufDatum="2005-02-03" AngStatus="2" Konditionen="kon" AnzANG="1"/>
  <Angebote AngNr="HS1291" AngKurzBeschreibung="Einfamilienhaus mit Carport" AngLagebeschreibung="Laatzen - Mitte" AngAufDatum="2005-02-03" AngStatus="2" Konditionen="kon" AnzANG="1"/>
  <Angebote AngNr="HS1292" AngKurzBeschreibung="Zweifamilienhaus mit Vollkeller, 2 Garagen und Studio" AngLagebeschreibung="Hannover - Sahlkamp" AngAufDatum="2005-02-04" AngStatus="2" Konditionen="kon" AnzANG="1"/>
  <Angebote AngNr="HS1293" AngKurzBeschreibung="Einfamilienhaus mit Einliegerwohnung und Doppel-Carport" AngLagebeschreibung="Hannover - Groß-Buchholz" AngAufDatum="2005-02-04" AngStatus="2" Konditionen="kon" AnzANG="1"/>
  <Angebote AngNr="EI1536" AngKurzBeschreibung="2-Zimmer-Eigentumswohnung" AngLagebeschreibung="Hannover - Mitte" AngAufDatum="2005-02-04" AngStatus="2" Konditionen="kon" AnzANG="1"/>
  <Angebote AngNr="EI1537" AngKurzBeschreibung="3-Zimmer-Eigentumswohnung" AngLagebeschreibung="Hannover - List" AngAufDatum="2005-02-08" AngStatus="2" Konditionen="kon" AnzANG="1"/>
  <Angebote AngNr="EI1538" AngKurzBeschreibung="3-Zimmer-Eigentumswohnung" AngLagebeschreibung="Hannover - Südstadt" AngAufDatum="2005-02-08" AngStatus="2" Konditionen="kon" AnzANG="1"/>
  <Angebote AngNr="HS1294" AngKurzBeschreibung="Reihenhaus mit Einliegerwohnung" AngLagebeschreibung="Hannover - Bult" AngAufDatum="2005-02-08" AngStatus="2" Konditionen="kon" AnzANG="1"/>
  <Angebote AngNr="EI1539" AngKurzBeschreibung="3½-Zimmer-Eigentumswohnung (Maisonette)" AngLagebeschreibung="Hannover - List" AngAufDatum="2005-02-09" AngStatus="2" Konditionen="kon" AnzANG="1"/>
  <Angebote AngNr="EI1540" AngKurzBeschreibung="2-Zimmer-Eigentumswohnung" AngLagebeschreibung="Hannover - Herrenhausen" AngAufDatum="2005-02-09" AngStatus="2" Konditionen="kon" AnzANG="1"/>
  <Angebote AngNr="HS1296" AngKurzBeschreibung="Großzügiges Einfamilienhaus mit Garage" AngLagebeschreibung="Burgdorf" AngAufDatum="2005-02-11" AngStatus="2" Konditionen="kon" AnzANG="1"/>
  <Angebote AngNr="HS1295" AngKurzBeschreibung="Zweifamilienhaus mit Garage" AngLagebeschreibung="Hannover - Misburg" AngAufDatum="2005-02-11" AngStatus="2" Konditionen="kon" AnzANG="1"/>
  <Angebote AngNr="EI1541" AngKurzBeschreibung="3-Zimmer-Eigentumswohnung" AngLagebeschreibung="Hannover - Oberricklingen" AngAufDatum="2005-02-14" AngStatus="2" Konditionen="kon" AnzANG="1"/>
  <Angebote AngNr="EI1542" AngKurzBeschreibung="3-Zimmer-Eigentumswohnung" AngLagebeschreibung="Hannover - Zooviertel" AngAufDatum="2005-02-14" AngStatus="2" Konditionen="kon" AnzANG="1"/>
  <Angebote AngNr="EI1543" AngKurzBeschreibung="3-Zimmer-Eigentumswohnung" AngLagebeschreibung="Hannover - Linden" AngAufDatum="2005-02-14" AngStatus="2" Konditionen="kon" AnzANG="1"/>
  <Angebote AngNr="EI1544" AngKurzBeschreibung="5-Zimmer-Eigentumswohnung (Maisonette)" AngLagebeschreibung="Hannover - Groß-Buchholz" AngAufDatum="2005-02-14" AngStatus="2" Konditionen="kon" AnzANG="1"/>
  <Angebote AngNr="EI1545" AngKurzBeschreibung="2½-Zimmer-Eigentumswohnung" AngLagebeschreibung="Hannover - Nordstadt" AngAufDatum="2005-02-14" AngStatus="2" Konditionen="kon" AnzANG="1"/>
  <Angebote AngNr="EI1546" AngKurzBeschreibung="3-Zimmer-Eigentumswohnung" AngLagebeschreibung="Hannover - Ricklingen" AngAufDatum="2005-02-15" AngStatus="2" Konditionen="kon" AnzANG="1"/>
  <Angebote AngNr="EI1547" AngKurzBeschreibung="2-Zimmer-Eigentumswohnung" AngLagebeschreibung="Hannover - Oststadt" AngAufDatum="2005-02-15" AngStatus="2" Konditionen="kon" AnzANG="1"/>
  <Angebote AngNr="EI1548" AngKurzBeschreibung="5-Zimmer-Eigentumswohnung" AngLagebeschreibung="Hannover - List" AngAufDatum="2005-02-15" AngStatus="2" Konditionen="kon" AnzANG="1"/>
  <Angebote AngNr="RH515" AngKurzBeschreibung="Wohn- und Geschäftshaus" AngLagebeschreibung="Hannover - Döhren" AngAufDatum="2005-02-16" AngStatus="2" Konditionen="kon" AnzANG="1"/>
  <Angebote AngNr="HS1297" AngKurzBeschreibung="Exklusives, neuwertiges Architektenhaus mit Garage" AngLagebeschreibung="Hemmingen, OT Westerfeld" AngAufDatum="2005-02-16" AngStatus="2" Konditionen="kon" AnzANG="1"/>
  <Angebote AngNr="HS1298" AngKurzBeschreibung="Idyllisches Zweifamilienhaus mit Einliegerwohnung und Stellplätzen" AngLagebeschreibung="Wunstorf, OT Luthe" AngAufDatum="2005-02-16" AngStatus="2" Konditionen="kon" AnzANG="1"/>
  <Angebote AngNr="HS1299" AngKurzBeschreibung="Komfortable Doppelhaushälfte mit Carport und 2 Stellplätzen" AngLagebeschreibung="Hannover - Kirchrode" AngAufDatum="2005-02-16" AngStatus="2" Konditionen="kon" AnzANG="1"/>
  <Angebote AngNr="HS1300" AngKurzBeschreibung="Geräumiges Einfamilienhaus mit Garage" AngLagebeschreibung="Wunstorf, OT Luthe" AngAufDatum="2005-02-16" AngStatus="2" Konditionen="kon" AnzANG="1"/>
  <Angebote AngNr="EI1549" AngKurzBeschreibung="3-Zimmer-Eigentumswohnung" AngLagebeschreibung="Hannover - Nordstadt" AngAufDatum="2005-02-17" AngStatus="2" Konditionen="kon" AnzANG="1"/>
  <Angebote AngNr="EI1550" AngKurzBeschreibung="3-Zimmer-Eigentumswohnung" AngLagebeschreibung="Hannover - Misburg-Nord" AngAufDatum="2005-02-18" AngStatus="2" Konditionen="kon" AnzANG="1"/>
  <Angebote AngNr="EI1551" AngKurzBeschreibung="3½-Zimmer-Eigentumswohnung (Maisonette)" AngLagebeschreibung="Hannover - Misburg-Nord" AngAufDatum="2005-02-18" AngStatus="2" Konditionen="kon" AnzANG="1"/>
  <Angebote AngNr="HS1301" AngKurzBeschreibung="Grundsolides Einfamilienhaus mit Vollkeller und Carport" AngLagebeschreibung="Laatzen, OT Ingeln" AngAufDatum="2005-02-18" AngStatus="2" Konditionen="kon" AnzANG="1"/>
  <Angebote AngNr="EI1552" AngKurzBeschreibung="Dachboden ausbaubar als 3-Zimmer-Eigentumswohnung" AngLagebeschreibung="Hannover - Badenstedt" AngAufDatum="2005-02-18" AngStatus="2" Konditionen="kon" AnzANG="1"/>
  <Angebote AngNr="EI1553" AngKurzBeschreibung="2-Zimmer-Eigentumswohnung" AngLagebeschreibung="Hannover - Sahlkamp" AngAufDatum="2005-02-21" AngStatus="2" Konditionen="kon" AnzANG="1"/>
  <Angebote AngNr="EI1554" AngKurzBeschreibung="3-Zimmer-Eigentumswohnung" AngLagebeschreibung="Hannover - Bothfeld" AngAufDatum="2005-02-21" AngStatus="2" Konditionen="kon" AnzANG="1"/>
  <Angebote AngNr="EI1555" AngKurzBeschreibung="5-Zimmer-Eigentumswohnung" AngLagebeschreibung="Hannover - Isernhagen-Süd" AngAufDatum="2005-02-22" AngStatus="2" Konditionen="kon" AnzANG="1"/>
  <Angebote AngNr="EI1556" AngKurzBeschreibung="1-Zimmer-Eigentumswohnung" AngLagebeschreibung="Hannover - Calenberger Neustadt" AngAufDatum="2005-02-22" AngStatus="2" Konditionen="kon" AnzANG="1"/>
  <Angebote AngNr="HS1302" AngKurzBeschreibung="Einfamilienhaus mit Doppelgarage" AngLagebeschreibung="Garbsen, OT Schloß Ricklingen" AngAufDatum="2005-02-23" AngStatus="2" Konditionen="kon" AnzANG="1"/>
  <Angebote AngNr="RH516" AngKurzBeschreibung="Wohn- und Geschäftshaus" AngLagebeschreibung="Hannover - Linden" AngAufDatum="2005-02-24" AngStatus="2" Konditionen="kon" AnzANG="1"/>
  <Angebote AngNr="HS1303" AngKurzBeschreibung="Grundsolides Einfamilienhaus mit Garage und Stellplatz" AngLagebeschreibung="Hannover - Groß-Buchholz" AngAufDatum="2005-02-28" AngStatus="2" Konditionen="kon" AnzANG="1"/>
  <Angebote AngNr="EI1557" AngKurzBeschreibung="7-Zimmer-Eigentumswohnung" AngLagebeschreibung="Hannover - Vahrenheide" AngAufDatum="2005-03-01" AngStatus="2" Konditionen="kon" AnzANG="1"/>
  <Angebote AngNr="HS1304" AngKurzBeschreibung="Doppelhaushälfte, massiv gebaut mit separatem Zugang" AngLagebeschreibung="Hemmingen, OT Arnum" AngAufDatum="2005-03-02" AngStatus="2" Konditionen="kon" AnzANG="1"/>
  <Angebote AngNr="EI1558" AngKurzBeschreibung="1-Zimmer-Eigentumswohnung" AngLagebeschreibung="Hannover - Zoo" AngAufDatum="2005-03-02" AngStatus="2" Konditionen="kon" AnzANG="1"/>
  <Angebote AngNr="HS1305" AngKurzBeschreibung="Großzügiges, exklusives Reihenendhaus mit Garage" AngLagebeschreibung="Hannover - Bothfeld" AngAufDatum="2005-03-04" AngStatus="2" Konditionen="kon" AnzANG="1"/>
  <Angebote AngNr="EI1559" AngKurzBeschreibung="2-Zimmer-Eigentumswohnung" AngLagebeschreibung="Hannover - List" AngAufDatum="2005-03-07" AngStatus="2" Konditionen="kon" AnzANG="1"/>
  <Angebote AngNr="EI1560" AngKurzBeschreibung="3-Zimmer-Eigentumswohnung" AngLagebeschreibung="Hannover - Davenstedt" AngAufDatum="2005-03-07" AngStatus="2" Konditionen="kon" AnzANG="1"/>
  <Angebote AngNr="EI1561" AngKurzBeschreibung="3-Zimmer-Eigentumswohnung" AngLagebeschreibung="Laatzen - Mitte" AngAufDatum="2005-03-08" AngStatus="2" Konditionen="kon" AnzANG="1"/>
  <Angebote AngNr="EI1562" AngKurzBeschreibung="2-Zimmer-Eigentumswohnung" AngLagebeschreibung="Hannover - Ricklingen" AngAufDatum="2005-03-08" AngStatus="2" Konditionen="kon" AnzANG="1"/>
  <Angebote AngNr="EI1563" AngKurzBeschreibung="2-Zimmer-Eigentumswohnung" AngLagebeschreibung="Hannover - Stöcken" AngAufDatum="2005-03-08" AngStatus="2" Konditionen="kon" AnzANG="1"/>
  <Angebote AngNr="EI1564" AngKurzBeschreibung="4-Zimmer-Eigentumswohnung (Maisonette) im Reihenhaus" AngLagebeschreibung="Laatzen - Mitte" AngAufDatum="2005-03-08" AngStatus="2" Konditionen="kon" AnzANG="1"/>
  <Angebote AngNr="HS1306" AngKurzBeschreibung="Großzügiges Reihenhaus mit Vollkeller und Garage im Haus" AngLagebeschreibung="Garbsen, OT Frielingen" AngAufDatum="2005-03-08" AngStatus="2" Konditionen="kon" AnzANG="1"/>
  <Angebote AngNr="EI1565" AngKurzBeschreibung="3-Zimmer-Eigentumswohnung" AngLagebeschreibung="Hannover - Südstadt" AngAufDatum="2005-03-08" AngStatus="2" Konditionen="kon" AnzANG="1"/>
  <Angebote AngNr="EI1566" AngKurzBeschreibung="3-Zimmer-Eigentumswohnung" AngLagebeschreibung="Hannover - Wülfel" AngAufDatum="2005-03-09" AngStatus="2" Konditionen="kon" AnzANG="1"/>
  <Angebote AngNr="HS1307" AngKurzBeschreibung="Einfamilienhaus mit Einliegerwohnung und Garage" AngLagebeschreibung="Burgdorf" AngAufDatum="2005-03-10" AngStatus="2" Konditionen="kon" AnzANG="1"/>
  <Angebote AngNr="RH517" AngKurzBeschreibung="Wohn- und Geschäftshaus" AngLagebeschreibung="Hannover - Nordstadt" AngAufDatum="2005-03-10" AngStatus="2" Konditionen="kon" AnzANG="1"/>
  <Angebote AngNr="HS1308" AngKurzBeschreibung="Gemütliches Einfamilienhaus auf tollem Eckgrundstück" AngLagebeschreibung="Garbsen, OT Osterwald" AngAufDatum="2005-03-11" AngStatus="2" Konditionen="kon" AnzANG="1"/>
  <Angebote AngNr="EI1567" AngKurzBeschreibung="2-Zimmer-Eigentumswohnung" AngLagebeschreibung="Hannover - Bothfeld" AngAufDatum="2005-03-14" AngStatus="2" Konditionen="kon" AnzANG="1"/>
  <Angebote AngNr="HS1309" AngKurzBeschreibung="Außergewöhnliches Einfamilienhaus mit Doppelgarage in top Lage" AngLagebeschreibung="Seelze, OT Velber" AngAufDatum="2005-03-15" AngStatus="2" Konditionen="kon" AnzANG="1"/>
  <Angebote AngNr="HS1310" AngKurzBeschreibung="Einfamilienbungalow mit Vollkeller" AngLagebeschreibung="Wedemark, OT Brelingen" AngAufDatum="2005-03-16" AngStatus="2" Konditionen="kon" AnzANG="1"/>
  <Angebote AngNr="EI1568" AngKurzBeschreibung="2-Zimmer-Eigentumswohnung" AngLagebeschreibung="Hannover - Calenberger Neustadt" AngAufDatum="2005-03-17" AngStatus="2" Konditionen="kon" AnzANG="1"/>
  <Angebote AngNr="EI1569" AngKurzBeschreibung="2-Zimmer-Eigentumswohnung" AngLagebeschreibung="Hannover - Wettbergen" AngAufDatum="2005-03-17" AngStatus="2" Konditionen="kon" AnzANG="1"/>
  <Angebote AngNr="HS1311" AngKurzBeschreibung="Modernisierte Doppelhaushälfte mit Vollkeller und Garage" AngLagebeschreibung="Hannover - Ricklingen" AngAufDatum="2005-03-17" AngStatus="2" Konditionen="kon" AnzANG="1"/>
  <Angebote AngNr="EI1570" AngKurzBeschreibung="3-Zimmer-Eigentumswohnung" AngLagebeschreibung="Isernhagen, OT Altwarmbüchen" AngAufDatum="2005-03-21" AngStatus="2" Konditionen="kon" AnzANG="1"/>
  <Angebote AngNr="HS1312" AngKurzBeschreibung="Gemütliches Reihenendhaus mit großer Garage" AngLagebeschreibung="Barsinghausen, OT Egestorf" AngAufDatum="2005-03-22" AngStatus="2" Konditionen="kon" AnzANG="1"/>
  <Angebote AngNr="RH518" AngKurzBeschreibung="Wohn- und Geschäftshaus" AngLagebeschreibung="Hannover - Limmer" AngAufDatum="2005-03-23" AngStatus="2" Konditionen="kon" AnzANG="1"/>
  <Angebote AngNr="EI1571" AngKurzBeschreibung="3-Zimmer-Eigentumswohnung" AngLagebeschreibung="Hannover - Döhren" AngAufDatum="2005-03-23" AngStatus="2" Konditionen="kon" AnzANG="1"/>
  <Angebote AngNr="HS1313" AngKurzBeschreibung="Ein- bis Zweifamilienhaus mit 10 Zimmern und Garage" AngLagebeschreibung="Garbsen, OT Berenbostel" AngAufDatum="2005-03-24" AngStatus="2" Konditionen="kon" AnzANG="1"/>
  <Angebote AngNr="HS1314" AngKurzBeschreibung="Ein Traum direkt am Meer" AngLagebeschreibung="Wunstorf, OT Großenheidorn" AngAufDatum="2005-03-29" AngStatus="2" Konditionen="kon" AnzANG="1"/>
  <Angebote AngNr="HS1315" AngKurzBeschreibung="Gemütliches Einfamilienhaus mit Doppelcarport" AngLagebeschreibung="Wunstorf" AngAufDatum="2005-03-29" AngStatus="2" Konditionen="kon" AnzANG="1"/>
  <Angebote AngNr="EI1572" AngKurzBeschreibung="4-Zimmer-Eigentumswohnung" AngLagebeschreibung="Hannover - Calenberger Neustadt" AngAufDatum="2005-03-30" AngStatus="2" Konditionen="kon" AnzANG="1"/>
  <Angebote AngNr="HS1316" AngKurzBeschreibung="Grundsolide Doppelhaushälfte, Neubau, Erstbezug" AngLagebeschreibung="Burgdorf, OT Ehlershausen" AngAufDatum="2005-04-01" AngStatus="2" Konditionen="kon" AnzANG="2"/>
  <Angebote AngNr="EI1573" AngKurzBeschreibung="3-Zimmer-Eigentumswohnung" AngLagebeschreibung="Hannover - List" AngAufDatum="2005-04-01" AngStatus="2" Konditionen="kon" AnzANG="1"/>
  <Angebote AngNr="EI1574" AngKurzBeschreibung="1-Zimmer-Eigentumswohnung" AngLagebeschreibung="Hannover - Südstadt" AngAufDatum="2005-04-05" AngStatus="2" Konditionen="kon" AnzANG="1"/>
  <Angebote AngNr="HS1317" AngKurzBeschreibung="Gemütliches Reihenhaus mit kleinem Garten" AngLagebeschreibung="Hannover - Mittelfeld" AngAufDatum="2005-04-05" AngStatus="2" Konditionen="kon" AnzANG="1"/>
  <Angebote AngNr="EI1577" AngKurzBeschreibung="3-Zimmer-Eigentumswohnung" AngLagebeschreibung="Hannover - Nordstadt" AngAufDatum="2005-04-06" AngStatus="2" Konditionen="kon" AnzANG="1"/>
  <Angebote AngNr="EI1576" AngKurzBeschreibung="1-Zimmer-Eigentumswohnung" AngLagebeschreibung="Hannover - Ricklingen" AngAufDatum="2005-04-06" AngStatus="2" Konditionen="kon" AnzANG="1"/>
  <Angebote AngNr="EI1575" AngKurzBeschreibung="3-Zimmer-Eigentumswohnung" AngLagebeschreibung="Hannover - Badenstedt" AngAufDatum="2005-04-06" AngStatus="2" Konditionen="kon" AnzANG="1"/>
  <Angebote AngNr="EI1578" AngKurzBeschreibung="1-Zimmer-Eigentumswohnung" AngLagebeschreibung="Langenhagen" AngAufDatum="2005-04-06" AngStatus="2" Konditionen="kon" AnzANG="1"/>
  <Angebote AngNr="RH519" AngKurzBeschreibung="Wohnhaus" AngLagebeschreibung="Ronnenberg, OT Empelde" AngAufDatum="2005-04-08" AngStatus="2" Konditionen="kon" AnzANG="1"/>
  <Angebote AngNr="EI1579" AngKurzBeschreibung="3-Zimmer-Eigentumswohnung" AngLagebeschreibung="Hannover - List / Vahrenwald" AngAufDatum="2005-04-08" AngStatus="2" Konditionen="kon" AnzANG="1"/>
  <Angebote AngNr="EI1580" AngKurzBeschreibung="2-Zimmer-Eigentumswohnung" AngLagebeschreibung="Ronnenberg, OT Empelde" AngAufDatum="2005-04-11" AngStatus="2" Konditionen="kon" AnzANG="1"/>
  <Angebote AngNr="RH520" AngKurzBeschreibung="Mehrfamilienhaus" AngLagebeschreibung="Hannover - Südstadt" AngAufDatum="2005-04-11" AngStatus="2" Konditionen="kon" AnzANG="1"/>
  <Angebote AngNr="EI1581" AngKurzBeschreibung="3-Zimmer-Eigentumswohnung" AngLagebeschreibung="Hannover - Ahlem" AngAufDatum="2005-04-11" AngStatus="2" Konditionen="kon" AnzANG="1"/>
  <Angebote AngNr="EI1582" AngKurzBeschreibung="2-Zimmer-Eigentumswohnung" AngLagebeschreibung="Hannover - Linden-Nord" AngAufDatum="2005-04-12" AngStatus="2" Konditionen="kon" AnzANG="1"/>
  <Angebote AngNr="EI1583" AngKurzBeschreibung="2-Zimmer-Eigentumswohnung" AngLagebeschreibung="Hannover - Wettbergen" AngAufDatum="2005-04-14" AngStatus="2" Konditionen="kon" AnzANG="1"/>
  <Angebote AngNr="HS1318" AngKurzBeschreibung="Gemütliches Reihenhaus mit Garage und Stellplatz" AngLagebeschreibung="Wennigsen, OT Degersen" AngAufDatum="2005-04-14" AngStatus="2" Konditionen="kon" AnzANG="1"/>
  <Angebote AngNr="RH521" AngKurzBeschreibung="Mehrfamilienhaus" AngLagebeschreibung="Seelze, OT Letter" AngAufDatum="2005-04-15" AngStatus="2" Konditionen="kon" AnzANG="1"/>
  <Angebote AngNr="EI1584" AngKurzBeschreibung="3-Zimmer-Eigentumswohnung" AngLagebeschreibung="Hannover - Groß Buchholz" AngAufDatum="2005-04-15" AngStatus="2" Konditionen="kon" AnzANG="1"/>
  <Angebote AngNr="EI1585" AngKurzBeschreibung="1-Zimmer-Eigentumswohnung" AngLagebeschreibung="Laatzen" AngAufDatum="2005-04-15" AngStatus="2" Konditionen="kon" AnzANG="1"/>
  <Angebote AngNr="EI1586" AngKurzBeschreibung="2-Zimmer-Eigentumswohnung" AngLagebeschreibung="Hannover - Döhren" AngAufDatum="2005-04-15" AngStatus="2" Konditionen="kon" AnzANG="1"/>
  <Angebote AngNr="EI1587" AngKurzBeschreibung="2-Zimmer-Eigentumswohnung" AngLagebeschreibung="Hannover - Zoo" AngAufDatum="2005-04-19" AngStatus="2" Konditionen="kon" AnzANG="1"/>
  <Angebote AngNr="EI1588" AngKurzBeschreibung="3-Zimmer-Eigentumswohnung" AngLagebeschreibung="Ronnenberg, OT Empelde" AngAufDatum="2005-04-19" AngStatus="2" Konditionen="kon" AnzANG="1"/>
  <Angebote AngNr="EI1589" AngKurzBeschreibung="4-Zimmer-Eigentumswohnung" AngLagebeschreibung="Langenhagen" AngAufDatum="2005-04-19" AngStatus="2" Konditionen="kon" AnzANG="1"/>
  <Angebote AngNr="EI1590" AngKurzBeschreibung="3-Zimmer-Eigentumswohnung" AngLagebeschreibung="Hannover - List" AngAufDatum="2005-04-19" AngStatus="2" Konditionen="kon" AnzANG="1"/>
  <Angebote AngNr="HS1319" AngKurzBeschreibung="Familienfreundliches Doppelhaus mit Carport" AngLagebeschreibung="Sehnde, OT Ilten" AngAufDatum="2005-04-20" AngStatus="2" Konditionen="kon" AnzANG="1"/>
  <Angebote AngNr="EI1591" AngKurzBeschreibung="4½- Zimmer-Eigentumswohnung" AngLagebeschreibung="Hannover - Seelhorst / Waldheim" AngAufDatum="2005-04-20" AngStatus="2" Konditionen="kon" AnzANG="1"/>
  <Angebote AngNr="HS1320" AngKurzBeschreibung="Neuwertiges Stadthaus (Reihenhaus) im Neubaugebiet" AngLagebeschreibung="Laatzen, OT Rethen" AngAufDatum="2005-04-20" AngStatus="2" Konditionen="kon" AnzANG="1"/>
  <Angebote AngNr="HS1321" AngKurzBeschreibung="Modernes Reihenhaus mit Garage" AngLagebeschreibung="Wedemark, OT Mellendorf" AngAufDatum="2005-04-21" AngStatus="2" Konditionen="kon" AnzANG="1"/>
  <Angebote AngNr="EI1592" AngKurzBeschreibung="2-Zimmer-Eigentumswohnung" AngLagebeschreibung="Hannover - List" AngAufDatum="2005-04-21" AngStatus="2" Konditionen="kon" AnzANG="1"/>
  <Angebote AngNr="HS1322" AngKurzBeschreibung="Außergewöhnliches Reihenhaus mit Vollkeller und Stellplatz" AngLagebeschreibung="Laatzen, OT Rethen" AngAufDatum="2005-04-22" AngStatus="2" Konditionen="kon" AnzANG="1"/>
  <Angebote AngNr="EI1593" AngKurzBeschreibung="4-Zimmer-Eigentumswohnung" AngLagebeschreibung="Hannover - Misburg Nord" AngAufDatum="2005-04-22" AngStatus="2" Konditionen="kon" AnzANG="1"/>
  <Angebote AngNr="HS1323" AngKurzBeschreibung="Komfortable Doppelhaushälfte mit versetzten Ebenen" AngLagebeschreibung="Isernhagen, OT Altwarmbüchen" AngAufDatum="2005-04-25" AngStatus="2" Konditionen="kon" AnzANG="1"/>
  <Angebote AngNr="EI1594" AngKurzBeschreibung="3-Zimmer-Eigentumswohnung" AngLagebeschreibung="Hannover - Nordstadt" AngAufDatum="2005-04-26" AngStatus="2" Konditionen="kon" AnzANG="1"/>
  <Angebote AngNr="EI1595" AngKurzBeschreibung="4-Zimmer-Eigentumswohnung" AngLagebeschreibung="Hannover - Sahlkamp" AngAufDatum="2005-04-26" AngStatus="2" Konditionen="kon" AnzANG="1"/>
  <Angebote AngNr="BP1324" AngKurzBeschreibung="Baugrundstück" AngLagebeschreibung="Wunstorf, OT Luthe" AngAufDatum="2005-04-27" AngStatus="2" Konditionen="kon" AnzANG="1"/>
  <Angebote AngNr="HS1325" AngKurzBeschreibung="Neuwertiges, verklinkertes Reihenhaus in ruhiger Lage" AngLagebeschreibung="Lehrte" AngAufDatum="2005-04-27" AngStatus="2" Konditionen="kon" AnzANG="1"/>
  <Angebote AngNr="HS1326" AngKurzBeschreibung="Attraktives Einfamilienhaus mit Carport" AngLagebeschreibung="Sehnde, OT Ilten" AngAufDatum="2005-04-28" AngStatus="2" Konditionen="kon" AnzANG="1"/>
  <Angebote AngNr="HS1327" AngKurzBeschreibung="Exklusives Ein- bis Zweifamilienhaus mit überdachten Terrassen und Doppelgarage" AngLagebeschreibung="Wedemark, OT Scherenbostel am LSG" AngAufDatum="2005-04-28" AngStatus="2" Konditionen="kon" AnzANG="1"/>
  <Angebote AngNr="HS1328" AngKurzBeschreibung="Exklusives Ein- bis Zweifamilienhaus mit Schwimmhalle" AngLagebeschreibung="Lehrte, OT Steinwedel" AngAufDatum="2005-04-29" AngStatus="2" Konditionen="kon" AnzANG="1"/>
  <Angebote AngNr="EI1596" AngKurzBeschreibung="3-Zimmer-Eigentumswohnung" AngLagebeschreibung="Hannover - List" AngAufDatum="2005-04-29" AngStatus="2" Konditionen="kon" AnzANG="1"/>
  <Angebote AngNr="HS1329" AngKurzBeschreibung="Aufwändig renoviertes Einfamilienhaus mit Einliegerwohnung" AngLagebeschreibung="Wedemark, OT Scherenbostel" AngAufDatum="2005-05-02" AngStatus="2" Konditionen="kon" AnzANG="1"/>
  <Angebote AngNr="EI1597" AngKurzBeschreibung="3-Zimmer-Eigentumswohnung" AngLagebeschreibung="Hannover - Kirchrode" AngAufDatum="2005-05-03" AngStatus="2" Konditionen="kon" AnzANG="1"/>
  <Angebote AngNr="HS1330" AngKurzBeschreibung="Modernes Reihenhaus in Top Zustand" AngLagebeschreibung="Laatzen, OT Össelse" AngAufDatum="2005-05-04" AngStatus="2" Konditionen="kon" AnzANG="1"/>
  <Angebote AngNr="EI1598" AngKurzBeschreibung="3-Zimmer-Eigentumswohnung" AngLagebeschreibung="Hannover - Döhren" AngAufDatum="2005-05-04" AngStatus="2" Konditionen="kon" AnzANG="1"/>
  <Angebote AngNr="EI1599" AngKurzBeschreibung="3-Zimmer-Eigentumswohnung" AngLagebeschreibung="Hannover - Nordstadt" AngAufDatum="2005-05-09" AngStatus="2" Konditionen="kon" AnzANG="1"/>
  <Angebote AngNr="EI1600" AngKurzBeschreibung="3-Zimmer-Eigentumswohnung" AngLagebeschreibung="Hannover - Südstadt" AngAufDatum="2005-05-11" AngStatus="2" Konditionen="kon" AnzANG="1"/>
  <Angebote AngNr="RH522" AngKurzBeschreibung="Mehrfamilienhaus" AngLagebeschreibung="Hannover - Ricklingen" AngAufDatum="2005-05-11" AngStatus="2" Konditionen="kon" AnzANG="1"/>
  <Angebote AngNr="EI1601" AngKurzBeschreibung="3-Zimmer-Eigentumswohnung" AngLagebeschreibung="Laatzen - Mitte" AngAufDatum="2005-05-12" AngStatus="2" Konditionen="kon" AnzANG="1"/>
  <Angebote AngNr="HS1331" AngKurzBeschreibung="Neuwertiges Einfamilienhaus mit zum Ausbau vorbereiteten Dachgeschoß" AngLagebeschreibung="Hohenhameln, OT Mehrum" AngAufDatum="2005-05-13" AngStatus="2" Konditionen="kon" AnzANG="1"/>
  <Angebote AngNr="EI1602" AngKurzBeschreibung="2-Zimmer-Eigentumswohnung" AngLagebeschreibung="Hannover - Misburg" AngAufDatum="2005-05-17" AngStatus="2" Konditionen="kon" AnzANG="1"/>
  <Angebote AngNr="HS1332" AngKurzBeschreibung="Repräsentatives Einfamilienhaus für gehobene Ansprüche" AngLagebeschreibung="Sehnde, OT Höver" AngAufDatum="2005-05-18" AngStatus="2" Konditionen="kon" AnzANG="1"/>
  <Angebote AngNr="EI1603" AngKurzBeschreibung="6-Zimmer-Eigentumswohnung" AngLagebeschreibung="Ronnenberg, OT Empelde" AngAufDatum="2005-05-19" AngStatus="2" Konditionen="kon" AnzANG="1"/>
  <Angebote AngNr="EI1604" AngKurzBeschreibung="3-Zimmer-Eigentumswohnung" AngLagebeschreibung="Ronnenberg, OT Empelde" AngAufDatum="2005-05-19" AngStatus="2" Konditionen="kon" AnzANG="1"/>
  <Angebote AngNr="EI1605" AngKurzBeschreibung="2-Zimmer-Eigentumswohnung" AngLagebeschreibung="Hannover - Bothfeld" AngAufDatum="2005-05-19" AngStatus="2" Konditionen="kon" AnzANG="1"/>
  <Angebote AngNr="EI1606" AngKurzBeschreibung="3-Zimmer-Eigentumswohnung" AngLagebeschreibung="Hannover - Bothfeld" AngAufDatum="2005-05-19" AngStatus="2" Konditionen="kon" AnzANG="1"/>
  <Angebote AngNr="EI1607" AngKurzBeschreibung="4-Zimmer-Eigentumswohnung" AngLagebeschreibung="Hannover - Nordstadt" AngAufDatum="2005-05-19" AngStatus="2" Konditionen="kon" AnzANG="1"/>
  <Angebote AngNr="EI1608" AngKurzBeschreibung="3-Zimmer-Eigentumswohnung" AngLagebeschreibung="Hannover - List" AngAufDatum="2005-05-20" AngStatus="2" Konditionen="kon" AnzANG="1"/>
  <Angebote AngNr="EI1609" AngKurzBeschreibung="2-Zimmer-Eigentumswohnung" AngLagebeschreibung="Hannover - Calenberger Neustadt" AngAufDatum="2005-05-23" AngStatus="2" Konditionen="kon" AnzANG="1"/>
  <Angebote AngNr="EI1610" AngKurzBeschreibung="Dachboden zum Ausbau zu einer 3-Zimmer-Wohnung" AngLagebeschreibung="Hannover - List" AngAufDatum="2005-05-23" AngStatus="2" Konditionen="kon" AnzANG="1"/>
  <Angebote AngNr="HS1333" AngKurzBeschreibung="Modernes Einfamilienhaus mit Vollkeller und Gewerbeobjekt" AngLagebeschreibung="Hemmingen, OT Westerfeld" AngAufDatum="2005-05-23" AngStatus="2" Konditionen="kon" AnzANG="1"/>
  <Angebote AngNr="RH523" AngKurzBeschreibung="Mehrfamlienhaus" AngLagebeschreibung="Hannover - Mitte" AngAufDatum="2005-05-23" AngStatus="2" Konditionen="kon" AnzANG="1"/>
  <Angebote AngNr="HS1334" AngKurzBeschreibung="Gemütliches Kettenhaus mit Balkon, Vollkeller und Garage" AngLagebeschreibung="Lehrte" AngAufDatum="2005-05-23" AngStatus="2" Konditionen="kon" AnzANG="1"/>
  <Angebote AngNr="EI1611" AngKurzBeschreibung="1-Zimmer-Eigentumswohnung" AngLagebeschreibung="Hannover - Döhren" AngAufDatum="2005-05-26" AngStatus="2" Konditionen="kon" AnzANG="1"/>
  <Angebote AngNr="HS1335" AngKurzBeschreibung="Großzügiges Ein- bis Zweifamilienhaus mit Doppelgarage" AngLagebeschreibung="Garbsen, OT Heitlingen" AngAufDatum="2005-05-26" AngStatus="2" Konditionen="kon" AnzANG="1"/>
  <Angebote AngNr="EI1612" AngKurzBeschreibung="4-Zimmer-Eigentumswohnung" AngLagebeschreibung="Hannover - Wettbergen" AngAufDatum="2005-05-30" AngStatus="2" Konditionen="kon" AnzANG="1"/>
  <Angebote AngNr="EI1613" AngKurzBeschreibung="4-Zimmer-Eigentumswohnung" AngLagebeschreibung="Langenhagen" AngAufDatum="2005-06-02" AngStatus="2" Konditionen="kon" AnzANG="1"/>
  <Angebote AngNr="EI1614" AngKurzBeschreibung="2½-Zimmer-Eigentumswohnung" AngLagebeschreibung="Hannover - Bothfeld" AngAufDatum="2005-06-02" AngStatus="2" Konditionen="kon" AnzANG="1"/>
  <Angebote AngNr="HS1336" AngKurzBeschreibung="Villenbauplatz mit eigenen Park" AngLagebeschreibung="Wedemark" AngAufDatum="2005-06-07" AngStatus="2" Konditionen="kon" AnzANG="1"/>
  <Angebote AngNr="EI1615" AngKurzBeschreibung="4-Zimmer-Eigentumswohnung" AngLagebeschreibung="Hannover - Badenstedt" AngAufDatum="2005-06-07" AngStatus="2" Konditionen="kon" AnzANG="1"/>
  <Angebote AngNr="HS1337" AngKurzBeschreibung="Repräsentatives Landhaus für gehobene Ansprüche" AngLagebeschreibung="Hannover - Isernhagen-Süd" AngAufDatum="2005-06-08" AngStatus="2" Konditionen="kon" AnzANG="1"/>
  <Angebote AngNr="EI1616" AngKurzBeschreibung="5-Zimmer-Eigentumswohnung" AngLagebeschreibung="Hannover - Kleefeld" AngAufDatum="2005-06-09" AngStatus="2" Konditionen="kon" AnzANG="1"/>
  <Angebote AngNr="EI1617" AngKurzBeschreibung="4-Zimmer-Eigentumswohnung" AngLagebeschreibung="Hannover - Sahlkamp" AngAufDatum="2005-06-09" AngStatus="2" Konditionen="kon" AnzANG="2"/>
  <Angebote AngNr="EI1618" AngKurzBeschreibung="2½-Zimmer-Eigentumswohnung" AngLagebeschreibung="Hannover - Mittelfeld" AngAufDatum="2005-06-10" AngStatus="2" Konditionen="kon" AnzANG="1"/>
  <Angebote AngNr="HS1338" AngKurzBeschreibung="Gemütliche Doppelhaushälfte mit Stellplatz" AngLagebeschreibung="Isernhagen-NB" AngAufDatum="2005-06-13" AngStatus="2" Konditionen="kon" AnzANG="1"/>
  <Angebote AngNr="EI1620" AngKurzBeschreibung="3½-Zimmer-Eigentumswohnung" AngLagebeschreibung="Hannover - Groß-Buchholz" AngAufDatum="2005-06-14" AngStatus="2" Konditionen="kon" AnzANG="1"/>
  <Angebote AngNr="EI1619" AngKurzBeschreibung="4-Zimmer-Eigentumswohnung" AngLagebeschreibung="Hannover - Badenstedt" AngAufDatum="2005-06-14" AngStatus="2" Konditionen="kon" AnzANG="1"/>
  <Angebote AngNr="EI1621" AngKurzBeschreibung="3-Zimmer-Eigentumswohnung" AngLagebeschreibung="Hannover - Groß-Buchholz" AngAufDatum="2005-06-15" AngStatus="2" Konditionen="kon" AnzANG="1"/>
  <Angebote AngNr="EI1622" AngKurzBeschreibung="1½-Zimmer-Eigentumswohnung" AngLagebeschreibung="Hannover - Ahlem" AngAufDatum="2005-06-15" AngStatus="2" Konditionen="kon" AnzANG="1"/>
  <Angebote AngNr="EI1623" AngKurzBeschreibung="3-Zimmer-Eigentumswohnung" AngLagebeschreibung="Hannover - Döhren" AngAufDatum="2005-06-15" AngStatus="2" Konditionen="kon" AnzANG="1"/>
  <Angebote AngNr="EI1624" AngKurzBeschreibung="3-Zimmer-Eigentumswohnung" AngLagebeschreibung="Hannover - Südstadt" AngAufDatum="2005-06-15" AngStatus="2" Konditionen="kon" AnzANG="1"/>
  <Angebote AngNr="HS1339" AngKurzBeschreibung="Reihenhaus mit Balkon und Stellplatz" AngLagebeschreibung="Seelze" AngAufDatum="2005-06-15" AngStatus="2" Konditionen="kon" AnzANG="1"/>
  <Angebote AngNr="EI1625" AngKurzBeschreibung="4-Zimmer-Eigentumswohnung" AngLagebeschreibung="Hannover - Groß-Buchholz" AngAufDatum="2005-06-16" AngStatus="2" Konditionen="kon" AnzANG="1"/>
  <Angebote AngNr="EI1626" AngKurzBeschreibung="3-Zimmer-Eigentumswohnung" AngLagebeschreibung="Hannover - Heideviertel" AngAufDatum="2005-06-16" AngStatus="2" Konditionen="kon" AnzANG="1"/>
  <Angebote AngNr="EI1627" AngKurzBeschreibung="2-Zimmer-Eigentumswohnung" AngLagebeschreibung="Hannover - Bult" AngAufDatum="2005-06-21" AngStatus="2" Konditionen="kon" AnzANG="1"/>
  <Angebote AngNr="EI1628" AngKurzBeschreibung="4-Zimmer-Eigentumswohnung" AngLagebeschreibung="Hannover - List" AngAufDatum="2005-06-21" AngStatus="2" Konditionen="kon" AnzANG="1"/>
  <Angebote AngNr="EI1629" AngKurzBeschreibung="3-Zimmer-Eigentumswohnung (DG-Maisonette)" AngLagebeschreibung="Hannover - List" AngAufDatum="2005-06-21" AngStatus="2" Konditionen="kon" AnzANG="1"/>
  <Angebote AngNr="EI1630" AngKurzBeschreibung="4-Zimmer-Eigentumswohnung" AngLagebeschreibung="Hannover - List" AngAufDatum="2005-06-21" AngStatus="2" Konditionen="kon" AnzANG="1"/>
  <Angebote AngNr="EI1631" AngKurzBeschreibung="1-Zimmer-Eigentumswohnung" AngLagebeschreibung="Hannover - Oststadt" AngAufDatum="2005-06-22" AngStatus="2" Konditionen="kon" AnzANG="1"/>
  <Angebote AngNr="EI1632" AngKurzBeschreibung="4-Zimmer-Eigentumswohnung" AngLagebeschreibung="Hannover - Südstadt" AngAufDatum="2005-06-23" AngStatus="2" Konditionen="kon" AnzANG="1"/>
  <Angebote AngNr="EI1633" AngKurzBeschreibung="5-Zimmer-Eigentumswohnung" AngLagebeschreibung="Hannover - Oberricklingen" AngAufDatum="2005-06-23" AngStatus="2" Konditionen="kon" AnzANG="1"/>
  <Angebote AngNr="HS1340" AngKurzBeschreibung="Exklusives Reihenhaus mit Vollkeller und Stellplatz" AngLagebeschreibung="Wunstorf, OT Luthe" AngAufDatum="2005-06-23" AngStatus="2" Konditionen="kon" AnzANG="1"/>
  <Angebote AngNr="EI1634" AngKurzBeschreibung="2-Zimmer-Eigentumswohnung" AngLagebeschreibung="Hannover - Misburg-Nord" AngAufDatum="2005-06-23" AngStatus="2" Konditionen="kon" AnzANG="1"/>
  <Angebote AngNr="HS1341" AngKurzBeschreibung="Großzügiges Reihenhaus mit viel Charme" AngLagebeschreibung="Hannover - Alt-Wettbergen" AngAufDatum="2005-06-27" AngStatus="2" Konditionen="kon" AnzANG="1"/>
  <Angebote AngNr="EI1635" AngKurzBeschreibung="4-Zimmer-Eigentumswohnung" AngLagebeschreibung="Hannover - Nordstadt" AngAufDatum="2005-06-27" AngStatus="2" Konditionen="kon" AnzANG="1"/>
  <Angebote AngNr="HS1342" AngKurzBeschreibung="Einfamilienhaus mit Einliegerwohnung" AngLagebeschreibung="Lehrte" AngAufDatum="2005-06-28" AngStatus="2" Konditionen="kon" AnzANG="1"/>
  <Angebote AngNr="RH524" AngKurzBeschreibung="Repräsentatives Villengebäude" AngLagebeschreibung="Hannover - Waldhausen" AngAufDatum="2005-06-28" AngStatus="2" Konditionen="kon" AnzANG="1"/>
  <Angebote AngNr="EI1636" AngKurzBeschreibung="4-Zimmer-Eigentumswohnung" AngLagebeschreibung="Isernhagen, OT Altwarmbüchen" AngAufDatum="2005-06-29" AngStatus="2" Konditionen="kon" AnzANG="1"/>
  <Angebote AngNr="EI1637" AngKurzBeschreibung="5-Zimmer-Eigentumswohnung" AngLagebeschreibung="Hannover - List" AngAufDatum="2005-06-29" AngStatus="2" Konditionen="kon" AnzANG="1"/>
  <Angebote AngNr="EI1638" AngKurzBeschreibung="2-Zimmer-Eigentumswohnung" AngLagebeschreibung="Hannover - Bothfeld" AngAufDatum="2005-06-29" AngStatus="2" Konditionen="kon" AnzANG="1"/>
  <Angebote AngNr="EI1639" AngKurzBeschreibung="4-Zimmer-Eigentumswohnung" AngLagebeschreibung="Hannover - List" AngAufDatum="2005-06-30" AngStatus="2" Konditionen="kon" AnzANG="1"/>
  <Angebote AngNr="EI1640" AngKurzBeschreibung="3-Zimmer-Eigentumswohnung" AngLagebeschreibung="Hannover - Südstadt" AngAufDatum="2005-06-30" AngStatus="2" Konditionen="kon" AnzANG="1"/>
  <Angebote AngNr="HS1343" AngKurzBeschreibung="Top gepflegtes Reihenhaus mit Carport" AngLagebeschreibung="Hannover - Wettbergen-West" AngAufDatum="2005-07-01" AngStatus="2" Konditionen="kon" AnzANG="1"/>
  <Angebote AngNr="RH525" AngKurzBeschreibung="Villa im Zooviertel" AngLagebeschreibung="Hannover - Zooviertel" AngAufDatum="2005-07-01" AngStatus="2" Konditionen="kon" AnzANG="1"/>
  <Angebote AngNr="EI1641" AngKurzBeschreibung="3-Zimmer-Eigentumswohnung" AngLagebeschreibung="Hannover - Mitte" AngAufDatum="2005-07-01" AngStatus="2" Konditionen="kon" AnzANG="1"/>
  <Angebote AngNr="EI1642" AngKurzBeschreibung="3½-Zimmer-Eigentumswohnung" AngLagebeschreibung="Hannover - Bothfeld" AngAufDatum="2005-07-04" AngStatus="2" Konditionen="kon" AnzANG="1"/>
  <Angebote AngNr="EI1643" AngKurzBeschreibung="3-Zimmer-Eigentumswohnung" AngLagebeschreibung="Hannover - Nordstadt" AngAufDatum="2005-07-04" AngStatus="2" Konditionen="kon" AnzANG="1"/>
  <Angebote AngNr="EI1644" AngKurzBeschreibung="3-Zimmer-Eigentumswohnung" AngLagebeschreibung="Hannover - Oststadt" AngAufDatum="2005-07-05" AngStatus="2" Konditionen="kon" AnzANG="1"/>
  <Angebote AngNr="HS1345" AngKurzBeschreibung="Neuwertiges Reihenendhaus mit ausgebautem Dachgeschoß, Vollkeller und Garage" AngLagebeschreibung="Laatzen, OT Gleidingen" AngAufDatum="2005-07-06" AngStatus="2" Konditionen="kon" AnzANG="1"/>
  <Angebote AngNr="EI1645" AngKurzBeschreibung="3-Zimmer-Eigentumswohnung" AngLagebeschreibung="Hannover - Linden-Mitte" AngAufDatum="2005-07-06" AngStatus="2" Konditionen="kon" AnzANG="1"/>
  <Angebote AngNr="EI1646" AngKurzBeschreibung="3-Zimmer-Eigentumswohnung" AngLagebeschreibung="Hannover - Döhren" AngAufDatum="2005-07-06" AngStatus="2" Konditionen="kon" AnzANG="1"/>
  <Angebote AngNr="HS1344" AngKurzBeschreibung="Gemütliches Reihenhaus mit Garage" AngLagebeschreibung="Barsinghausen, OT Egestorf" AngAufDatum="2005-07-08" AngStatus="2" Konditionen="kon" AnzANG="1"/>
  <Angebote AngNr="EI1647" AngKurzBeschreibung="3-Zimmer-Eigentumswohnung" AngLagebeschreibung="Hannover - Linden-Mitte" AngAufDatum="2005-07-11" AngStatus="2" Konditionen="kon" AnzANG="1"/>
  <Angebote AngNr="EI1648" AngKurzBeschreibung="3½-Zimmer-Eigentumswohnung" AngLagebeschreibung="Hannover - Kirchrode" AngAufDatum="2005-07-12" AngStatus="2" Konditionen="kon" AnzANG="1"/>
  <Angebote AngNr="EI1649" AngKurzBeschreibung="3-Zimmer-Eigentumswohnung" AngLagebeschreibung="Hannover - Zooviertel" AngAufDatum="2005-07-13" AngStatus="2" Konditionen="kon" AnzANG="1"/>
  <Angebote AngNr="EI1650" AngKurzBeschreibung="3-Zimmer-Eigentumswohnung" AngLagebeschreibung="Hannover - Misburg-Nord" AngAufDatum="2005-07-13" AngStatus="2" Konditionen="kon" AnzANG="1"/>
  <Angebote AngNr="EI1651" AngKurzBeschreibung="2-Zimmer-Eigentumswohnung" AngLagebeschreibung="Hannover - List" AngAufDatum="2005-07-14" AngStatus="2" Konditionen="kon" AnzANG="1"/>
  <Angebote AngNr="HS1346" AngKurzBeschreibung="Geräumiges Einfamilienhaus mit Garage" AngLagebeschreibung="Isernhagen, OT Altwarmbüchen" AngAufDatum="2005-07-15" AngStatus="2" Konditionen="kon" AnzANG="1"/>
  <Angebote AngNr="HS1347" AngKurzBeschreibung="Neuwertiges Reihenhaus im mediteranen Ambiente" AngLagebeschreibung="Lehrte, OT Ahlten" AngAufDatum="2005-07-18" AngStatus="2" Konditionen="kon" AnzANG="1"/>
  <Angebote AngNr="EI1652" AngKurzBeschreibung="3-Zimmer-Eigentumswohnung" AngLagebeschreibung="Hannover - Vahrenwald" AngAufDatum="2005-07-19" AngStatus="2" Konditionen="kon" AnzANG="1"/>
  <Angebote AngNr="EI1653" AngKurzBeschreibung="3-Zimmer-Loft (Maisonette)" AngLagebeschreibung="Hannover - List" AngAufDatum="2005-07-19" AngStatus="2" Konditionen="kon" AnzANG="1"/>
  <Angebote AngNr="EI1654" AngKurzBeschreibung="3-Zimmer-Eigentumswohnung" AngLagebeschreibung="Hannover - Vahrenwald/List" AngAufDatum="2005-07-19" AngStatus="2" Konditionen="kon" AnzANG="1"/>
  <Angebote AngNr="EI1655" AngKurzBeschreibung="3½-Zimmer-Eigentumswohnung" AngLagebeschreibung="Hannover - Nordstadt" AngAufDatum="2005-07-19" AngStatus="2" Konditionen="kon" AnzANG="1"/>
  <Angebote AngNr="RH526" AngKurzBeschreibung="Mehrfamilienhaus mit Gewerbe" AngLagebeschreibung="Hannover - Mitte" AngAufDatum="2005-07-19" AngStatus="2" Konditionen="kon" AnzANG="1"/>
  <Angebote AngNr="EI1656" AngKurzBeschreibung="6-Zimmer-Maisonettenwohnung" AngLagebeschreibung="Hannover - List" AngAufDatum="2005-07-20" AngStatus="2" Konditionen="kon" AnzANG="1"/>
  <Angebote AngNr="HS1349" AngKurzBeschreibung="Gepflegtes Zweifamilienhaus mit Doppelgarage" AngLagebeschreibung="Burgdorf" AngAufDatum="2005-07-21" AngStatus="2" Konditionen="kon" AnzANG="1"/>
  <Angebote AngNr="EI1657" AngKurzBeschreibung="Dachboden zum Ausbau einer 4-Zimmer-Wohnung" AngLagebeschreibung="Hannover - Linden-Süd" AngAufDatum="2005-07-21" AngStatus="2" Konditionen="kon" AnzANG="1"/>
  <Angebote AngNr="HS1348" AngKurzBeschreibung="Gepflegtes Reihenhaus mit 2 Terrassen und 2 Stellplätzen" AngLagebeschreibung="Hannover - Alt-Wettbergen" AngAufDatum="2005-07-21" AngStatus="2" Konditionen="kon" AnzANG="1"/>
  <Angebote AngNr="EI1658" AngKurzBeschreibung="2-Zimmer-Eigentumswohnung" AngLagebeschreibung="Hannover - Bothfeld" AngAufDatum="2005-07-21" AngStatus="2" Konditionen="kon" AnzANG="1"/>
  <Angebote AngNr="EI1659" AngKurzBeschreibung="2-Zimmer-Eigentumswohnung" AngLagebeschreibung="Hannover - Vahrenwald" AngAufDatum="2005-07-22" AngStatus="2" Konditionen="kon" AnzANG="1"/>
  <Angebote AngNr="EI1660" AngKurzBeschreibung="5-Zimmer-Eigentumswohnung" AngLagebeschreibung="Hannover - List" AngAufDatum="2005-07-22" AngStatus="2" Konditionen="kon" AnzANG="1"/>
  <Angebote AngNr="EI1661" AngKurzBeschreibung="4½-Zimmer-Eigentumswohnung" AngLagebeschreibung="Hannover - Misburg-Nord" AngAufDatum="2005-07-22" AngStatus="2" Konditionen="kon" AnzANG="1"/>
  <Angebote AngNr="EI1662" AngKurzBeschreibung="3-Zimmer-Eigentumswohnung" AngLagebeschreibung="Langenhagen" AngAufDatum="2005-07-25" AngStatus="2" Konditionen="kon" AnzANG="1"/>
  <Angebote AngNr="EI1663" AngKurzBeschreibung="3-Zimmer-Eigentumswohnung" AngLagebeschreibung="Hannover - List" AngAufDatum="2005-07-26" AngStatus="2" Konditionen="kon" AnzANG="1"/>
  <Angebote AngNr="EI1664" AngKurzBeschreibung="3-Zimmer-Dachgeschoss-Maisonette-Wohnung" AngLagebeschreibung="Hannover - List" AngAufDatum="2005-07-26" AngStatus="2" Konditionen="kon" AnzANG="1"/>
  <Angebote AngNr="EI1665" AngKurzBeschreibung="2-Zimmer-Eigentumswohnung" AngLagebeschreibung="Hannover - Groß-Buchholz" AngAufDatum="2005-07-27" AngStatus="2" Konditionen="kon" AnzANG="1"/>
  <Angebote AngNr="HS1350" AngKurzBeschreibung="Senioren- und behindertengerechtes Reihenhaus" AngLagebeschreibung="Hannover - Bemerode" AngAufDatum="2005-07-27" AngStatus="2" Konditionen="kon" AnzANG="1"/>
  <Angebote AngNr="EI1666" AngKurzBeschreibung="4-Zimmer-Eigentumswohnung" AngLagebeschreibung="Hannover - Linden-Nord" AngAufDatum="2005-07-28" AngStatus="2" Konditionen="kon" AnzANG="1"/>
  <Angebote AngNr="EI1667" AngKurzBeschreibung="3-Zimmer-Eigentumswohnung" AngLagebeschreibung="Hannover - Oststadt / Nähe Emmichplatz" AngAufDatum="2005-07-28" AngStatus="2" Konditionen="kon" AnzANG="1"/>
  <Angebote AngNr="HS1351" AngKurzBeschreibung="Großzügiges Ein- bis Zweifamilienhaus mit Doppelgarage" AngLagebeschreibung="Pattensen, OT Koldingen" AngAufDatum="2005-07-29" AngStatus="2" Konditionen="kon" AnzANG="1"/>
  <Angebote AngNr="EI1668" AngKurzBeschreibung="4-Zimmer-Eigentumswohnung" AngLagebeschreibung="Hannover - Oststadt" AngAufDatum="2005-08-02" AngStatus="2" Konditionen="kon" AnzANG="1"/>
  <Angebote AngNr="EI1669" AngKurzBeschreibung="2-½-Zimmer-Eigentumswohnung" AngLagebeschreibung="Hannover - Zoo" AngAufDatum="2005-08-05" AngStatus="2" Konditionen="kon" AnzANG="1"/>
  <Angebote AngNr="EI1671" AngKurzBeschreibung="3-Zimmer-Eigentumswohnung" AngLagebeschreibung="Hannover - Oststadt" AngAufDatum="2005-08-05" AngStatus="2" Konditionen="kon" AnzANG="1"/>
  <Angebote AngNr="EI1670" AngKurzBeschreibung="3-Zimmer-Eigentumswohnung" AngLagebeschreibung="Hannover - Seelhorst" AngAufDatum="2005-08-05" AngStatus="2" Konditionen="kon" AnzANG="1"/>
  <Angebote AngNr="RH527" AngKurzBeschreibung="Wohnhaus" AngLagebeschreibung="Hannover - Südstadt" AngAufDatum="2005-08-09" AngStatus="2" Konditionen="kon" AnzANG="1"/>
  <Angebote AngNr="HS1352" AngKurzBeschreibung="Reihenendhaus mit Stellplatz" AngLagebeschreibung="Sehnde" AngAufDatum="2005-08-09" AngStatus="2" Konditionen="kon" AnzANG="1"/>
  <Angebote AngNr="HS1353" AngKurzBeschreibung="Außergewöhnliches Mehrfamilienhaus in idyllischer Ortsrandlage am LSG" AngLagebeschreibung="Wennigsen, OT Bredenbeck" AngAufDatum="2005-08-10" AngStatus="2" Konditionen="kon" AnzANG="1"/>
  <Angebote AngNr="EI1672" AngKurzBeschreibung="3-Zimmer-Eigentumswohnung" AngLagebeschreibung="Hannover - Südstadt" AngAufDatum="2005-08-10" AngStatus="2" Konditionen="kon" AnzANG="1"/>
  <Angebote AngNr="EI1673" AngKurzBeschreibung="1½- Zimmer-Eigentumswohnung" AngLagebeschreibung="Hannover - Vahrenwald (Nähe Vahrenwalder Platz)" AngAufDatum="2005-08-12" AngStatus="2" Konditionen="kon" AnzANG="1"/>
  <Angebote AngNr="HS1354" AngKurzBeschreibung="Reihenhaus mit viel Charme in Top-Lage mit Carport" AngLagebeschreibung="Garbsen, OT Mitte" AngAufDatum="2005-08-15" AngStatus="2" Konditionen="kon" AnzANG="1"/>
  <Angebote AngNr="HS1355" AngKurzBeschreibung="Einfamilienhaus auf idyllischem Grundstück mit Garage" AngLagebeschreibung="Garbsen, OT Horst" AngAufDatum="2005-08-16" AngStatus="2" Konditionen="kon" AnzANG="1"/>
  <Angebote AngNr="HS1356" AngKurzBeschreibung="Anspruchsvolles Wohnen in hervorragender Lage" AngLagebeschreibung="Hannover - Alt-Wettbergen" AngAufDatum="2005-08-16" AngStatus="2" Konditionen="kon" AnzANG="1"/>
  <Angebote AngNr="EI1674" AngKurzBeschreibung="2½-Zimmer-Eigentumswohnung" AngLagebeschreibung="Hannover - Linden-Nord" AngAufDatum="2005-08-16" AngStatus="2" Konditionen="kon" AnzANG="1"/>
  <Angebote AngNr="HS1357" AngKurzBeschreibung="Neuwertiges Blockbohlenholzhaus mit Carport" AngLagebeschreibung="Sarstedt" AngAufDatum="2005-08-22" AngStatus="2" Konditionen="kon" AnzANG="1"/>
  <Angebote AngNr="BP1358" AngKurzBeschreibung="Baugrundstück" AngLagebeschreibung="Wunstorf, OT Luthe" AngAufDatum="2005-08-23" AngStatus="2" Konditionen="kon" AnzANG="1"/>
  <Angebote AngNr="EI1675" AngKurzBeschreibung="2-Zimmer-Eigentumswohnung (Maisonette)" AngLagebeschreibung="Hannover - List / Vahrenwald" AngAufDatum="2005-08-24" AngStatus="2" Konditionen="kon" AnzANG="1"/>
  <Angebote AngNr="EI1676" AngKurzBeschreibung="4½-Zimmer-Eigentumswohnung" AngLagebeschreibung="Hannover - Nordstadt" AngAufDatum="2005-08-24" AngStatus="2" Konditionen="kon" AnzANG="1"/>
  <Angebote AngNr="EI1677" AngKurzBeschreibung="3-Zimmer-Eigentumswohnung" AngLagebeschreibung="Hannover - Groß-Buchholz" AngAufDatum="2005-08-24" AngStatus="2" Konditionen="kon" AnzANG="1"/>
  <Angebote AngNr="EI1678" AngKurzBeschreibung="3-Zimmer-Eigentumswohnung" AngLagebeschreibung="Hannover - Linden-Süd" AngAufDatum="2005-08-24" AngStatus="2" Konditionen="kon" AnzANG="1"/>
  <Angebote AngNr="HS1359" AngKurzBeschreibung="Gepflegtes Reihenhaus mit 2 Terrassen und Garage" AngLagebeschreibung="Hannover - Stöcken" AngAufDatum="2005-08-24" AngStatus="2" Konditionen="kon" AnzANG="1"/>
  <Angebote AngNr="EI1679" AngKurzBeschreibung="3-Zimmer-Eigentumswohnung" AngLagebeschreibung="Hannover - Südstadt" AngAufDatum="2005-08-25" AngStatus="2" Konditionen="kon" AnzANG="1"/>
  <Angebote AngNr="EI1680" AngKurzBeschreibung="4-Zimmer-Eigentumswohnung" AngLagebeschreibung="Hannover - Waldheim" AngAufDatum="2005-08-26" AngStatus="2" Konditionen="kon" AnzANG="1"/>
  <Angebote AngNr="EI1681" AngKurzBeschreibung="5-Zimmer-Penthouse-Eigentumswohnung" AngLagebeschreibung="Laatzen - Mitte" AngAufDatum="2005-08-26" AngStatus="2" Konditionen="kon" AnzANG="1"/>
  <Angebote AngNr="HS1360" AngKurzBeschreibung="Exklusive Doppelhaushälfte mit Doppelcarport" AngLagebeschreibung="Laatzen, OT Rethen" AngAufDatum="2005-08-29" AngStatus="2" Konditionen="kon" AnzANG="1"/>
  <Angebote AngNr="HS1361" AngKurzBeschreibung="Top Reihenendhaus mit Glaserker" AngLagebeschreibung="Laatzen, OT Rethen" AngAufDatum="2005-08-30" AngStatus="2" Konditionen="kon" AnzANG="1"/>
  <Angebote AngNr="EI1682" AngKurzBeschreibung="4-Zimmer-Eigentumswohnung (Maisonette)" AngLagebeschreibung="Hannover - Misburg" AngAufDatum="2005-08-30" AngStatus="2" Konditionen="kon" AnzANG="1"/>
  <Angebote AngNr="HS1362" AngKurzBeschreibung="Ein- bis Zweifamilienhaus mit Vollkeller und Nebengebäude" AngLagebeschreibung="Lehrte" AngAufDatum="2005-08-31" AngStatus="2" Konditionen="kon" AnzANG="1"/>
  <Angebote AngNr="EI1683" AngKurzBeschreibung="2-Zimmer-Eigentumswohnung" AngLagebeschreibung="Hannover - Wettbergen" AngAufDatum="2005-09-01" AngStatus="2" Konditionen="kon" AnzANG="1"/>
  <Angebote AngNr="EI1684" AngKurzBeschreibung="3-Zimmer-Eigentumswohnung" AngLagebeschreibung="Hannover - Calenberger Neustadt" AngAufDatum="2005-09-02" AngStatus="2" Konditionen="kon" AnzANG="1"/>
  <Angebote AngNr="EI1685" AngKurzBeschreibung="3-Zimmer-Eigentumswohnung" AngLagebeschreibung="Langenhagen" AngAufDatum="2005-09-02" AngStatus="2" Konditionen="kon" AnzANG="1"/>
  <Angebote AngNr="EI1686" AngKurzBeschreibung="3½-Zimmer-Eigentumswohnung" AngLagebeschreibung="Hannover - Groß-Buchholz" AngAufDatum="2005-09-05" AngStatus="2" Konditionen="kon" AnzANG="1"/>
  <Angebote AngNr="EI1687" AngKurzBeschreibung="2-Zimmer-Eigentumswohnung" AngLagebeschreibung="Hannover - Anderten" AngAufDatum="2005-09-07" AngStatus="2" Konditionen="kon" AnzANG="1"/>
  <Angebote AngNr="EI1688" AngKurzBeschreibung="1-Zimmer-Eigentumswohnung ( Appartement)" AngLagebeschreibung="Hannover - Waldhausen" AngAufDatum="2005-09-07" AngStatus="2" Konditionen="kon" AnzANG="1"/>
  <Angebote AngNr="HS1363" AngKurzBeschreibung="Individuelles Einfamilienhaus mit Vollkeller und Doppelgarage" AngLagebeschreibung="Laatzen, OT Oesselse" AngAufDatum="2005-09-08" AngStatus="2" Konditionen="kon" AnzANG="1"/>
  <Angebote AngNr="HS1364" AngKurzBeschreibung="Dreifamilienhaus" AngLagebeschreibung="Hemmingen" AngAufDatum="2005-09-12" AngStatus="2" Konditionen="kon" AnzANG="1"/>
  <Angebote AngNr="RH529" AngKurzBeschreibung="Ladenpassage" AngLagebeschreibung="Hannover - List" AngAufDatum="2005-09-13" AngStatus="2" Konditionen="kon" AnzANG="1"/>
  <Angebote AngNr="HS1365" AngKurzBeschreibung="Neuwertiger Gartenhofbungalow mit Flair" AngLagebeschreibung="Laatzen" AngAufDatum="2005-09-15" AngStatus="2" Konditionen="kon" AnzANG="1"/>
  <Angebote AngNr="EI1689" AngKurzBeschreibung="3-Zimmer-Eigentumswohnung" AngLagebeschreibung="Hannover - Herrenhausen" AngAufDatum="2005-09-15" AngStatus="2" Konditionen="kon" AnzANG="1"/>
  <Angebote AngNr="HS1366" AngKurzBeschreibung="Reihenhaus mit Balkon und Garage" AngLagebeschreibung="Burgwedel, OT Großburgwedel" AngAufDatum="2005-09-16" AngStatus="2" Konditionen="kon" AnzANG="1"/>
  <Angebote AngNr="EI1690" AngKurzBeschreibung="3-Zimmer-Eigentumswohnung" AngLagebeschreibung="Hannover - Oststadt" AngAufDatum="2005-09-19" AngStatus="2" Konditionen="kon" AnzANG="1"/>
  <Angebote AngNr="EI1691" AngKurzBeschreibung="2-Zimmer-Eigentumswohnung" AngLagebeschreibung="Hannover - Linden-Mitte" AngAufDatum="2005-09-20" AngStatus="2" Konditionen="kon" AnzANG="1"/>
  <Angebote AngNr="HS1367" AngKurzBeschreibung="Großzügiges Ein- bis Zweifamilienhaus auf schönem, sonnigen Grundstück" AngLagebeschreibung="Hannover - Bothfeld" AngAufDatum="2005-09-20" AngStatus="2" Konditionen="kon" AnzANG="1"/>
  <Angebote AngNr="EI1692" AngKurzBeschreibung="3-Zimmer-Eigentumswohnung" AngLagebeschreibung="Hannover - Calenberger Neustadt" AngAufDatum="2005-09-21" AngStatus="2" Konditionen="kon" AnzANG="1"/>
  <Angebote AngNr="HS1368" AngKurzBeschreibung="Atriumbungalow mit Pool und Garage" AngLagebeschreibung="Laatzen, OT Rethen" AngAufDatum="2005-09-21" AngStatus="2" Konditionen="kon" AnzANG="1"/>
  <Angebote AngNr="EI1693" AngKurzBeschreibung="5-Zimmer-Eigentumswohnung" AngLagebeschreibung="Hannover - Linden-Mitte" AngAufDatum="2005-09-23" AngStatus="2" Konditionen="kon" AnzANG="1"/>
  <Angebote AngNr="EI1694" AngKurzBeschreibung="2-Zimmer-Eigentumswohnung" AngLagebeschreibung="Hannover - Oberricklingen" AngAufDatum="2005-09-26" AngStatus="2" Konditionen="kon" AnzANG="1"/>
  <Angebote AngNr="EI1695" AngKurzBeschreibung="3-Zimmer-Eigentumswohnung" AngLagebeschreibung="Laatzen - Rethen" AngAufDatum="2005-09-27" AngStatus="2" Konditionen="kon" AnzANG="1"/>
  <Angebote AngNr="EI1697" AngKurzBeschreibung="3-Zimmer-Eigentumswohnung" AngLagebeschreibung="Laatzen" AngAufDatum="2005-09-27" AngStatus="2" Konditionen="kon" AnzANG="1"/>
  <Angebote AngNr="EI1696" AngKurzBeschreibung="3-Zimmer-Eigentumswohnung" AngLagebeschreibung="Hannover - Misburg-Nord" AngAufDatum="2005-09-27" AngStatus="2" Konditionen="kon" AnzANG="1"/>
  <Angebote AngNr="EI1698" AngKurzBeschreibung="3-Zimmer-Eigentumswohnung" AngLagebeschreibung="Hannover - Wettbergen" AngAufDatum="2005-09-28" AngStatus="2" Konditionen="kon" AnzANG="1"/>
  <Angebote AngNr="EI1699" AngKurzBeschreibung="5-Zimmer-Eigentumswohnung (Maisonette)" AngLagebeschreibung="Hannover - Groß-Buchholz" AngAufDatum="2005-09-29" AngStatus="2" Konditionen="kon" AnzANG="1"/>
  <Angebote AngNr="HS1369" AngKurzBeschreibung="Zeitgemäßes Wohnen auf einer Ebene mit Vollkeller und Garage" AngLagebeschreibung="Sehnde, OT Ilten" AngAufDatum="2005-09-30" AngStatus="2" Konditionen="kon" AnzANG="1"/>
  <Angebote AngNr="EI1700" AngKurzBeschreibung="2-Zimmer-Eigentumswohnung" AngLagebeschreibung="Hannover - Nordstadt" AngAufDatum="2005-10-04" AngStatus="2" Konditionen="kon" AnzANG="1"/>
  <Angebote AngNr="EI1701" AngKurzBeschreibung="3-Zimmer-Eigentumswohnung" AngLagebeschreibung="Hannover - Ricklingen" AngAufDatum="2005-10-04" AngStatus="2" Konditionen="kon" AnzANG="1"/>
  <Angebote AngNr="EI1702" AngKurzBeschreibung="4-Zimmer-Eigentumswohnung" AngLagebeschreibung="Hannover - Nordstadt" AngAufDatum="2005-10-05" AngStatus="2" Konditionen="kon" AnzANG="1"/>
  <Angebote AngNr="EI1703" AngKurzBeschreibung="3-Zimmer-Eigentumswohnung" AngLagebeschreibung="Hannover - Misburg" AngAufDatum="2005-10-05" AngStatus="2" Konditionen="kon" AnzANG="1"/>
  <Angebote AngNr="EI1704" AngKurzBeschreibung="3-Zimmer-Eigentumswohnung" AngLagebeschreibung="Hannover - Bothfeld" AngAufDatum="2005-10-10" AngStatus="2" Konditionen="kon" AnzANG="1"/>
  <Angebote AngNr="RH530" AngKurzBeschreibung="Geschäftshaus" AngLagebeschreibung="Hannover - Mitte" AngAufDatum="2005-10-10" AngStatus="2" Konditionen="kon" AnzANG="1"/>
  <Angebote AngNr="EI1705" AngKurzBeschreibung="2-Zimmer-Eigentumswohnung" AngLagebeschreibung="Hannover - Waldhausen" AngAufDatum="2005-10-11" AngStatus="2" Konditionen="kon" AnzANG="1"/>
  <Angebote AngNr="EI1706" AngKurzBeschreibung="2-Zimmer-Eigentumswohnung" AngLagebeschreibung="Langenhagen, OT Godshorn" AngAufDatum="2005-10-11" AngStatus="2" Konditionen="kon" AnzANG="1"/>
  <Angebote AngNr="EI1707" AngKurzBeschreibung="5-Zimmer-Galeriewohnung" AngLagebeschreibung="Hannover - Südstadt" AngAufDatum="2005-10-11" AngStatus="2" Konditionen="kon" AnzANG="1"/>
  <Angebote AngNr="EI1708" AngKurzBeschreibung="1-Zimmer-Eigentumswohnung" AngLagebeschreibung="Hannover - Linden-Mitte" AngAufDatum="2005-10-12" AngStatus="2" Konditionen="kon" AnzANG="1"/>
  <Angebote AngNr="EI1709" AngKurzBeschreibung="3-Zimmer-Eigentumswohnung" AngLagebeschreibung="Laatzen - Mitte" AngAufDatum="2005-10-12" AngStatus="2" Konditionen="kon" AnzANG="1"/>
  <Angebote AngNr="HS1370" AngKurzBeschreibung="Modernes Reihenhaus" AngLagebeschreibung="Barsinghausen, OT Egestorf" AngAufDatum="2005-10-12" AngStatus="2" Konditionen="kon" AnzANG="1"/>
  <Angebote AngNr="HS1371" AngKurzBeschreibung="Gepflegtes Stadthaus mit Wintergarten" AngLagebeschreibung="Hannover - Oberricklingen" AngAufDatum="2005-10-12" AngStatus="2" Konditionen="kon" AnzANG="1"/>
  <Angebote AngNr="EI1710" AngKurzBeschreibung="4-Zimmer-Eigentumswohnung" AngLagebeschreibung="Hannover - Linden-Mitte" AngAufDatum="2005-10-14" AngStatus="2" Konditionen="kon" AnzANG="1"/>
  <Angebote AngNr="EI1711" AngKurzBeschreibung="4-Zimmer-Eigentumswohnung" AngLagebeschreibung="Isernhagen, OT Altwarmbüchen" AngAufDatum="2005-10-14" AngStatus="2" Konditionen="kon" AnzANG="1"/>
  <Angebote AngNr="EI1712" AngKurzBeschreibung="1½-Zimmer-Eigentumswohnung" AngLagebeschreibung="Hannover - Groß-Buchholz" AngAufDatum="2005-10-14" AngStatus="2" Konditionen="kon" AnzANG="1"/>
  <Angebote AngNr="EI1713" AngKurzBeschreibung="4½-Zimmer-Eigentumswohnung" AngLagebeschreibung="Langenhagen" AngAufDatum="2005-10-19" AngStatus="2" Konditionen="kon" AnzANG="1"/>
  <Angebote AngNr="HS1372" AngKurzBeschreibung="Großzügiges, solides Stadthaus mit Vollkeller und Garage" AngLagebeschreibung="Lehrte" AngAufDatum="2005-10-19" AngStatus="2" Konditionen="kon" AnzANG="1"/>
  <Angebote AngNr="EI1714" AngKurzBeschreibung="3-Zimmer-Eigentumswohnung" AngLagebeschreibung="Hannover - Herrenhausen" AngAufDatum="2005-10-20" AngStatus="2" Konditionen="kon" AnzANG="1"/>
  <Angebote AngNr="EI1715" AngKurzBeschreibung="2-Zimmer-Eigentumswohnung" AngLagebeschreibung="Hannover - Mühlenberg" AngAufDatum="2005-10-24" AngStatus="2" Konditionen="kon" AnzANG="1"/>
  <Angebote AngNr="EI1716" AngKurzBeschreibung="3-Zimmer-Eigentumswohnung" AngLagebeschreibung="Hannover - Bult" AngAufDatum="2005-10-24" AngStatus="2" Konditionen="kon" AnzANG="1"/>
  <Angebote AngNr="RH531" AngKurzBeschreibung="Wohn- und Geschäftshaus" AngLagebeschreibung="Hannover - Calenberger Neustadt" AngAufDatum="2005-10-24" AngStatus="2" Konditionen="kon" AnzANG="1"/>
  <Angebote AngNr="HS1373" AngKurzBeschreibung="Gemütliches Reihenendhaus mit Garage" AngLagebeschreibung="Pattensen" AngAufDatum="2005-10-25" AngStatus="2" Konditionen="kon" AnzANG="1"/>
  <Angebote AngNr="HS1374" AngKurzBeschreibung="Zweifamilienhaus mit Doppelgarage" AngLagebeschreibung="Uetze, OT Hänigsen" AngAufDatum="2005-10-26" AngStatus="2" Konditionen="kon" AnzANG="1"/>
  <Angebote AngNr="HS1375" AngKurzBeschreibung="Großzügiges, top modernisiertes Einfamilienhaus mit Keller, Garage und Carport" AngLagebeschreibung="Langenhagen" AngAufDatum="2005-10-26" AngStatus="2" Konditionen="kon" AnzANG="1"/>
  <Angebote AngNr="EI1717" AngKurzBeschreibung="3-Zimmer-Maisonette mit Süd-Dachterrasse" AngLagebeschreibung="Hannover - List" AngAufDatum="2005-10-26" AngStatus="2" Konditionen="kon" AnzANG="1"/>
  <Angebote AngNr="EI1718" AngKurzBeschreibung="3-Zimmer-Maisonettewohnung" AngLagebeschreibung="Hannover - List" AngAufDatum="2005-10-27" AngStatus="2" Konditionen="kon" AnzANG="1"/>
  <Angebote AngNr="HS1376" AngKurzBeschreibung="Stadthaus im Zooviertel" AngLagebeschreibung="Hannover - Zoo" AngAufDatum="2005-10-27" AngStatus="2" Konditionen="kon" AnzANG="1"/>
  <Angebote AngNr="RH532" AngKurzBeschreibung="Mehrfamilienhaus" AngLagebeschreibung="Hannover - Linden-Nord" AngAufDatum="2005-10-31" AngStatus="2" Konditionen="kon" AnzANG="2"/>
  <Angebote AngNr="RH533" AngKurzBeschreibung="Mehrfamilienhaus" AngLagebeschreibung="Hannover - Heideviertel" AngAufDatum="2005-11-01" AngStatus="2" Konditionen="kon" AnzANG="1"/>
  <Angebote AngNr="BP534" AngKurzBeschreibung="Baugrundstück" AngLagebeschreibung="Wedemark" AngAufDatum="2005-11-01" AngStatus="2" Konditionen="kon" AnzANG="1"/>
  <Angebote AngNr="EI1719" AngKurzBeschreibung="1-Zimmer-Eigentumswohnung" AngLagebeschreibung="Langenhagen" AngAufDatum="2005-11-01" AngStatus="2" Konditionen="kon" AnzANG="1"/>
  <Angebote AngNr="HS1377" AngKurzBeschreibung="Großzügiges Reihenhaus mit Garage" AngLagebeschreibung="Hemmingen, OT Arnum" AngAufDatum="2005-11-01" AngStatus="2" Konditionen="kon" AnzANG="1"/>
  <Angebote AngNr="EI1720" AngKurzBeschreibung="3-Zimmer-Eigentumswohnung" AngLagebeschreibung="Laatzen, OT Rethen" AngAufDatum="2005-11-02" AngStatus="2" Konditionen="kon" AnzANG="1"/>
  <Angebote AngNr="EI1721" AngKurzBeschreibung="2-Zimmer-Eigentumswohnung" AngLagebeschreibung="Hannover - Südstadt" AngAufDatum="2005-11-02" AngStatus="2" Konditionen="kon" AnzANG="1"/>
  <Angebote AngNr="EI1722" AngKurzBeschreibung="4-Zimmer-Eigentumswohnung" AngLagebeschreibung="Hannover - Herrenhausen" AngAufDatum="2005-11-03" AngStatus="2" Konditionen="kon" AnzANG="1"/>
  <Angebote AngNr="HS1378" AngKurzBeschreibung="Landhaus mit exzellenter Ausstattung und Doppelgarage auf großem Grundstück" AngLagebeschreibung="Pattensen" AngAufDatum="2005-11-08" AngStatus="2" Konditionen="kon" AnzANG="1"/>
  <Angebote AngNr="EI1723" AngKurzBeschreibung="2-Zimmer-Eigentumswohnung" AngLagebeschreibung="Hemmingen, OT Westerfeld" AngAufDatum="2005-11-08" AngStatus="2" Konditionen="kon" AnzANG="1"/>
  <Angebote AngNr="EI1724" AngKurzBeschreibung="3-Zimmer-Eigentumswohnung" AngLagebeschreibung="Langenhagen" AngAufDatum="2005-11-09" AngStatus="2" Konditionen="kon" AnzANG="1"/>
  <Angebote AngNr="EI1725" AngKurzBeschreibung="3-Zimmer-Eigentumswohnung" AngLagebeschreibung="Hannover - Oststadt" AngAufDatum="2005-11-11" AngStatus="2" Konditionen="kon" AnzANG="1"/>
  <Angebote AngNr="HS1379" AngKurzBeschreibung="Großzügiges Stadthaus im Fachwerkstil" AngLagebeschreibung="Burgdorf" AngAufDatum="2005-11-15" AngStatus="2" Konditionen="kon" AnzANG="1"/>
  <Angebote AngNr="EI1726" AngKurzBeschreibung="3-Zimmer-Eigentumswohnung" AngLagebeschreibung="Hannover - Davenstedt" AngAufDatum="2005-11-15" AngStatus="2" Konditionen="kon" AnzANG="1"/>
  <Angebote AngNr="EI1727" AngKurzBeschreibung="4-Zimmer-Eigentumswohnung" AngLagebeschreibung="Hannover - Mitte" AngAufDatum="2005-11-16" AngStatus="2" Konditionen="kon" AnzANG="1"/>
  <Angebote AngNr="HS1380" AngKurzBeschreibung="Reihenhaus mit großzügiger Aufteilung" AngLagebeschreibung="Garbsen, OT Mitte" AngAufDatum="2005-11-16" AngStatus="2" Konditionen="kon" AnzANG="1"/>
  <Angebote AngNr="HS1381" AngKurzBeschreibung="Doppelhaushälfte mit Carport" AngLagebeschreibung="Hannover - Wülferode" AngAufDatum="2005-11-16" AngStatus="2" Konditionen="kon" AnzANG="1"/>
  <Angebote AngNr="HS1382" AngKurzBeschreibung="Gemütliches Reihenhaus in Top Zustand" AngLagebeschreibung="Hannover - Misburg" AngAufDatum="2005-11-17" AngStatus="2" Konditionen="kon" AnzANG="1"/>
  <Angebote AngNr="EI1728" AngKurzBeschreibung="1, 2 und 4-Zimmer-Eigentumswohnungen" AngLagebeschreibung="Langenhagen, OT Godshorn" AngAufDatum="2005-11-18" AngStatus="2" Konditionen="kon" AnzANG="1"/>
  <Angebote AngNr="HS1383" AngKurzBeschreibung="Reihenendhaus" AngLagebeschreibung="Hannover - Heideviertel" AngAufDatum="2005-11-21" AngStatus="2" Konditionen="kon" AnzANG="1"/>
  <Angebote AngNr="EI1729" AngKurzBeschreibung="3-Zimmer-Eigentumswohnung" AngLagebeschreibung="Hannover - Wettbergen" AngAufDatum="2005-11-21" AngStatus="2" Konditionen="kon" AnzANG="1"/>
  <Angebote AngNr="EI1730" AngKurzBeschreibung="3-Zimmer-Eigentumswohnung" AngLagebeschreibung="Hannover - Döhren" AngAufDatum="2005-11-22" AngStatus="2" Konditionen="kon" AnzANG="1"/>
  <Angebote AngNr="HS1384" AngKurzBeschreibung="Reihenendhaus mit Garage" AngLagebeschreibung="Barsinghausen, OT Egestorf" AngAufDatum="2005-11-22" AngStatus="2" Konditionen="kon" AnzANG="1"/>
  <Angebote AngNr="HS1385" AngKurzBeschreibung="Exklusives Architektenhaus im Toskana-Stil in exponierter Lage" AngLagebeschreibung="Burgdorf, OT" AngAufDatum="2005-11-23" AngStatus="2" Konditionen="kon" AnzANG="1"/>
  <Angebote AngNr="EI1731" AngKurzBeschreibung="3-Zimmer-Eigentumswohnung" AngLagebeschreibung="Hannover - Hainholz" AngAufDatum="2005-11-24" AngStatus="2" Konditionen="kon" AnzANG="1"/>
  <Angebote AngNr="EI1732" AngKurzBeschreibung="2-Zimmer-Eigentumswohnung" AngLagebeschreibung="Hannover - Vahrenwald" AngAufDatum="2005-11-25" AngStatus="2" Konditionen="kon" AnzANG="1"/>
  <Angebote AngNr="HS1386" AngKurzBeschreibung="Modernes Haus im Haus! 2 Wohnebenen, 2 Dachterrassen" AngLagebeschreibung="Hemmingen, OT Westerfeld" AngAufDatum="2005-11-25" AngStatus="2" Konditionen="kon" AnzANG="1"/>
  <Angebote AngNr="EI1733" AngKurzBeschreibung="3-Zimmer-Eigentumswohnung mit Spitzboden" AngLagebeschreibung="Hannover - Linden/Mitte" AngAufDatum="2005-11-28" AngStatus="2" Konditionen="kon" AnzANG="1"/>
  <Angebote AngNr="EI1734" AngKurzBeschreibung="3 - Zimmer - Eigentumswohnung" AngLagebeschreibung="Hannover - Linden/Mitte" AngAufDatum="2005-11-28" AngStatus="2" Konditionen="kon" AnzANG="1"/>
  <Angebote AngNr="HS1387" AngKurzBeschreibung="Ein bis Zweifamilienhaus nit Garage in Top Lage" AngLagebeschreibung="Großburgwedel" AngAufDatum="2005-11-28" AngStatus="2" Konditionen="kon" AnzANG="1"/>
  <Angebote AngNr="HS1388" AngKurzBeschreibung="Grosszügiges Ein - Zweifamilienhaus mit Garage" AngLagebeschreibung="Garbsen, OT Berenbostel" AngAufDatum="2005-11-28" AngStatus="2" Konditionen="kon" AnzANG="1"/>
  <Angebote AngNr="HS1389" AngKurzBeschreibung="Komfortables REH mit Kamin auf idyllischem, großen Grundstück" AngLagebeschreibung="Barsinghausen, OT Egestorf" AngAufDatum="2005-11-29" AngStatus="2" Konditionen="kon" AnzANG="1"/>
  <Angebote AngNr="HS1390" AngKurzBeschreibung="Doppelhaushälfte mit traumhaften Blick ins Grüne" AngLagebeschreibung="Hemmingen, OT Devese" AngAufDatum="2005-11-29" AngStatus="2" Konditionen="kon" AnzANG="1"/>
  <Angebote AngNr="EI1735" AngKurzBeschreibung="4-Zimmer-Eigentumswohnung" AngLagebeschreibung="Hannover - Groß-Buchholz" AngAufDatum="2005-11-29" AngStatus="2" Konditionen="kon" AnzANG="1"/>
  <Angebote AngNr="EI1736" AngKurzBeschreibung="3-Zimmer-Eigentumswohnung" AngLagebeschreibung="Hannover - Groß-Buchholz" AngAufDatum="2005-11-29" AngStatus="2" Konditionen="kon" AnzANG="1"/>
  <Angebote AngNr="EI1737" AngKurzBeschreibung="1-Zimmer-Eigentumswohnung" AngLagebeschreibung="Langenhagen-Godshorn" AngAufDatum="2005-11-29" AngStatus="2" Konditionen="kon" AnzANG="1"/>
  <Angebote AngNr="EI1738" AngKurzBeschreibung="3- Zimmer- Eigentumswohnung" AngLagebeschreibung="Hannover - Vahrenwald" AngAufDatum="2005-11-30" AngStatus="2" Konditionen="kon" AnzANG="1"/>
  <Angebote AngNr="HS1391" AngKurzBeschreibung="1 - 2 Familienhaus mit Doppelgarage und Vollkeller" AngLagebeschreibung="Garbsen, OT Osterwald" AngAufDatum="2005-12-01" AngStatus="2" Konditionen="kon" AnzANG="1"/>
  <Angebote AngNr="RH535" AngKurzBeschreibung="Mehrfamilienhaus" AngLagebeschreibung="Hannover - Ricklingen" AngAufDatum="2005-12-01" AngStatus="2" Konditionen="kon" AnzANG="1"/>
  <Angebote AngNr="HS1392" AngKurzBeschreibung="Modernes Reihenhaus mit Garage" AngLagebeschreibung="Hannover - Lahe" AngAufDatum="2005-12-02" AngStatus="2" Konditionen="kon" AnzANG="1"/>
  <Angebote AngNr="EI1739" AngKurzBeschreibung="3-Zimmer-Eigentumswohnung" AngLagebeschreibung="Hannover - Linden-Mitte" AngAufDatum="2005-12-07" AngStatus="2" Konditionen="kon" AnzANG="1"/>
  <Angebote AngNr="EI1740" AngKurzBeschreibung="3½-Zimmer-Eigentumswohnung" AngLagebeschreibung="Hannover - Südstadt" AngAufDatum="2005-12-07" AngStatus="2" Konditionen="kon" AnzANG="1"/>
  <Angebote AngNr="EI1741" AngKurzBeschreibung="2-Zimmer-Eigentumswohnung" AngLagebeschreibung="Hannover - Südstadt" AngAufDatum="2005-12-07" AngStatus="2" Konditionen="kon" AnzANG="1"/>
  <Angebote AngNr="HS1393" AngKurzBeschreibung="Grundsolides Ein- bis Zweifamilienhaus mit 3 Garagen in sehr guter Wohnlage" AngLagebeschreibung="Hemmingen, OT Westerfeld" AngAufDatum="2005-12-07" AngStatus="2" Konditionen="kon" AnzANG="1"/>
  <Angebote AngNr="EI1742" AngKurzBeschreibung="4-Zimmer-Eigentumswohnung" AngLagebeschreibung="Hannover - Mitte" AngAufDatum="2005-12-08" AngStatus="2" Konditionen="kon" AnzANG="1"/>
  <Angebote AngNr="HS1394" AngKurzBeschreibung="Landhausvilla mit Garage in Top Lage" AngLagebeschreibung="Garbsen, OT Meyenfeld" AngAufDatum="2005-12-12" AngStatus="2" Konditionen="kon" AnzANG="1"/>
  <Angebote AngNr="HS1395" AngKurzBeschreibung="Gartenhofbungalow mit etwas Renovierungsbedarf" AngLagebeschreibung="Springe" AngAufDatum="2005-12-12" AngStatus="2" Konditionen="kon" AnzANG="1"/>
  <Angebote AngNr="HS1396" AngKurzBeschreibung="Neuwertiges, verklinkertes Reihenhaus in ruhiger Lage" AngLagebeschreibung="Lehrte" AngAufDatum="2005-12-13" AngStatus="2" Konditionen="kon" AnzANG="1"/>
  <Angebote AngNr="HS1398" AngKurzBeschreibung="Reihenmittelhaus mit Wintergarten - beschauliche Ruhe inklusive" AngLagebeschreibung="Sehnde, OT Ilten" AngAufDatum="2005-12-15" AngStatus="2" Konditionen="kon" AnzANG="1"/>
  <Angebote AngNr="HS1399" AngKurzBeschreibung="Reihenhaus mit Garage in Top Lage" AngLagebeschreibung="Barsinghausen" AngAufDatum="2005-12-15" AngStatus="2" Konditionen="kon" AnzANG="1"/>
  <Angebote AngNr="EI1743" AngKurzBeschreibung="2-Zimmer-Eigentumswohnung" AngLagebeschreibung="Hannover - Linden-Mitte" AngAufDatum="2005-12-16" AngStatus="2" Konditionen="kon" AnzANG="1"/>
  <Angebote AngNr="HS1400" AngKurzBeschreibung="Neuwertiges Einfamilienhaus mit Wintergarten und Carport auf großem Grundstück" AngLagebeschreibung="Lehrte" AngAufDatum="2005-12-19" AngStatus="2" Konditionen="kon" AnzANG="1"/>
  <Angebote AngNr="HS1401" AngKurzBeschreibung="Einfamilienhaus mit Garage" AngLagebeschreibung="Sehnde, OT Rethmar" AngAufDatum="2005-12-20" AngStatus="2" Konditionen="kon" AnzANG="1"/>
  <Angebote AngNr="HS1403" AngKurzBeschreibung="Lichtdurchflutetes Zweifamilienarchitektenhaus in absoluter Top-Ausstattung mit separatem Dachstudio" AngLagebeschreibung="Ronnenberg, OT Empelde" AngAufDatum="2005-12-20" AngStatus="2" Konditionen="kon" AnzANG="1"/>
  <Angebote AngNr="HS1402" AngKurzBeschreibung="Doppelhaus mit Carport" AngLagebeschreibung="Sehnde, OT Rethmar" AngAufDatum="2005-12-21" AngStatus="2" Konditionen="kon" AnzANG="1"/>
  <Angebote AngNr="HS1404" AngKurzBeschreibung="Doppelhaushälfte in exzellentem Zustand" AngLagebeschreibung="Hannover - Oberricklingen" AngAufDatum="2005-12-21" AngStatus="2" Konditionen="kon" AnzANG="1"/>
  <Angebote AngNr="HS1405" AngKurzBeschreibung="Landhausvilla auf parkartigem Grundstück in exponierter Lage" AngLagebeschreibung="Hemmingen, OT Westerfeld" AngAufDatum="2005-12-22" AngStatus="2" Konditionen="kon" AnzANG="1"/>
  <Angebote AngNr="EI1744" AngKurzBeschreibung="3-Zimmer-Eigentumswohnung" AngLagebeschreibung="Hannover - Groß-Buchholz" AngAufDatum="2005-12-22" AngStatus="2" Konditionen="kon" AnzANG="1"/>
  <Angebote AngNr="EI1745" AngKurzBeschreibung="4-Zimmer-Eigentumswohnung" AngLagebeschreibung="Laatzen" AngAufDatum="2005-12-29" AngStatus="2" Konditionen="kon" AnzANG="1"/>
  <Angebote AngNr="HS1406" AngKurzBeschreibung="Großzügiges Einfamilienhaus mit Garage" AngLagebeschreibung="Isernhagen, OT Kirchhorst" AngAufDatum="2006-01-02" AngStatus="2" Konditionen="kon" AnzANG="1"/>
  <Angebote AngNr="EI1746" AngKurzBeschreibung="4½-Zimmer-Eigentumswohnung" AngLagebeschreibung="Hannover - Linden-Mitte" AngAufDatum="2006-01-02" AngStatus="2" Konditionen="kon" AnzANG="1"/>
  <Angebote AngNr="HS1407" AngKurzBeschreibung="Komfortables Schwedenhaus mit Doppelcarport auf traumhaftem Grundstück" AngLagebeschreibung="Burgwedel, OT Kleinburgwedel" AngAufDatum="2006-01-03" AngStatus="2" Konditionen="kon" AnzANG="1"/>
  <Angebote AngNr="EI1747" AngKurzBeschreibung="2-Zimmer-Eigentumswohnung" AngLagebeschreibung="Hannover - Oststadt" AngAufDatum="2006-01-04" AngStatus="2" Konditionen="kon" AnzANG="1"/>
  <Angebote AngNr="HS1408" AngKurzBeschreibung="Einfamilienhaus im Herzen von Burgdorf" AngLagebeschreibung="Burgdorf" AngAufDatum="2006-01-04" AngStatus="2" Konditionen="kon" AnzANG="1"/>
  <Angebote AngNr="HS1409" AngKurzBeschreibung="Einfamilienhaus am Steinhuder Meer" AngLagebeschreibung="Wunstorf, OT Steinhude" AngAufDatum="2006-01-04" AngStatus="2" Konditionen="kon" AnzANG="1"/>
  <Angebote AngNr="EI1748" AngKurzBeschreibung="2-Zimmer-Eigentumswohnung" AngLagebeschreibung="Laatzen, OT Rethen" AngAufDatum="2006-01-05" AngStatus="2" Konditionen="kon" AnzANG="1"/>
  <Angebote AngNr="EI1749" AngKurzBeschreibung="6-Zimmer-Eigentumswohnung" AngLagebeschreibung="Hannover - Zoo" AngAufDatum="2006-01-06" AngStatus="2" Konditionen="kon" AnzANG="1"/>
  <Angebote AngNr="EI1750" AngKurzBeschreibung="4½-Zimmer-Eigentumswohnung" AngLagebeschreibung="Hannover - List" AngAufDatum="2006-01-09" AngStatus="2" Konditionen="kon" AnzANG="1"/>
  <Angebote AngNr="EI1751" AngKurzBeschreibung="4-Zimmer-Eigentumswohnung" AngLagebeschreibung="Hannover - Ricklingen" AngAufDatum="2006-01-11" AngStatus="2" Konditionen="kon" AnzANG="1"/>
  <Angebote AngNr="EI1752" AngKurzBeschreibung="2-Zimmer-Eigentumswohnung" AngLagebeschreibung="Laatzen" AngAufDatum="2006-01-11" AngStatus="2" Konditionen="kon" AnzANG="1"/>
  <Angebote AngNr="HS1410" AngKurzBeschreibung="Exklusive Doppelhaushälfte mit Garage" AngLagebeschreibung="Lehrte, OT Ahlten" AngAufDatum="2006-01-12" AngStatus="2" Konditionen="kon" AnzANG="1"/>
  <Angebote AngNr="EI1753" AngKurzBeschreibung="3-Zimmer-Eigentumswohnung" AngLagebeschreibung="Langenhagen" AngAufDatum="2006-01-12" AngStatus="2" Konditionen="kon" AnzANG="1"/>
  <Angebote AngNr="EI1754" AngKurzBeschreibung="2-Zimmer-Eigentumswohnung" AngLagebeschreibung="Hannover - Groß-Buchholz" AngAufDatum="2006-01-13" AngStatus="2" Konditionen="kon" AnzANG="1"/>
  <Angebote AngNr="EI1755" AngKurzBeschreibung="3- bis 4-Zimmer-Eigentumswohnung auf zwei Ebenen" AngLagebeschreibung="Hemmingen, OT Westerfeld" AngAufDatum="2006-01-13" AngStatus="2" Konditionen="kon" AnzANG="1"/>
  <Angebote AngNr="EI1756" AngKurzBeschreibung="3-Zimmer-Eigentumswohnung mit Garten" AngLagebeschreibung="Hannover - Südstadt" AngAufDatum="2006-01-13" AngStatus="2" Konditionen="kon" AnzANG="1"/>
  <Angebote AngNr="EI1757" AngKurzBeschreibung="2-Zimmer-Eigentumswohnung" AngLagebeschreibung="Hannover - Oststadt" AngAufDatum="2006-01-17" AngStatus="2" Konditionen="kon" AnzANG="1"/>
  <Angebote AngNr="EI1758" AngKurzBeschreibung="2-Zimmer-Eigentumswohnung" AngLagebeschreibung="Hannover - Vinnhorst" AngAufDatum="2006-01-17" AngStatus="2" Konditionen="kon" AnzANG="1"/>
  <Angebote AngNr="RH536" AngKurzBeschreibung="Baulücke zur Bebauung in allgemeinem Wohngebiet bzw. Mischgebiet" AngLagebeschreibung="Hannover - Nordstadt" AngAufDatum="2006-01-18" AngStatus="2" Konditionen="kon" AnzANG="2"/>
  <Angebote AngNr="EI1759" AngKurzBeschreibung="2-Zimmer-Eigentumswohnung" AngLagebeschreibung="Hannover - Stöcken" AngAufDatum="2006-01-19" AngStatus="2" Konditionen="kon" AnzANG="1"/>
  <Angebote AngNr="EI1760" AngKurzBeschreibung="3-Zimmer-Eigentumswohnung" AngLagebeschreibung="Hannover - Ledeburg (Nähe Spannriede)" AngAufDatum="2006-01-19" AngStatus="2" Konditionen="kon" AnzANG="1"/>
  <Angebote AngNr="EI1761" AngKurzBeschreibung="3½-Zimmer-Eigentumswohnung" AngLagebeschreibung="Hannover - Zoo" AngAufDatum="2006-01-20" AngStatus="2" Konditionen="kon" AnzANG="1"/>
  <Angebote AngNr="HS1411" AngKurzBeschreibung="Einfamilienhaus mit Dachterrasse und Carport" AngLagebeschreibung="Burgdorf, OT Ehlershausen" AngAufDatum="2006-01-20" AngStatus="2" Konditionen="kon" AnzANG="1"/>
  <Angebote AngNr="EI1762" AngKurzBeschreibung="3-Zimmer-Eigentumswohnung" AngLagebeschreibung="Hannover - Marienwerder" AngAufDatum="2006-01-25" AngStatus="2" Konditionen="kon" AnzANG="1"/>
  <Angebote AngNr="HS1412" AngKurzBeschreibung="Ein- bis Zweifamilienhaus auf sonnigem Grundstück" AngLagebeschreibung="Wunstorf, OT Luthe" AngAufDatum="2006-01-25" AngStatus="2" Konditionen="kon" AnzANG="1"/>
  <Angebote AngNr="RH537" AngKurzBeschreibung="Mehrfamilienhaus" AngLagebeschreibung="Hannover - Linden-Nord" AngAufDatum="2006-01-26" AngStatus="2" Konditionen="kon" AnzANG="1"/>
  <Angebote AngNr="EI1763" AngKurzBeschreibung="1-Zimmer-Eigentumswohnung" AngLagebeschreibung="Hannover - Oststadt" AngAufDatum="2006-01-26" AngStatus="2" Konditionen="kon" AnzANG="1"/>
  <Angebote AngNr="HS1413" AngKurzBeschreibung="Grundsolides Ein- bis Zweifamilienhaus auf weitläufigem, sonnigen Grundstück" AngLagebeschreibung="Hannover - Bothfeld" AngAufDatum="2006-01-26" AngStatus="2" Konditionen="kon" AnzANG="1"/>
  <Angebote AngNr="HS1414" AngKurzBeschreibung="Großzügiges Einfamilienhaus mit Garage" AngLagebeschreibung="Hannover - Ledeburg" AngAufDatum="2006-01-27" AngStatus="2" Konditionen="kon" AnzANG="1"/>
  <Angebote AngNr="EI1764" AngKurzBeschreibung="3-Zimmer-Eigentumswohnung" AngLagebeschreibung="Hannover - Vinnhorst" AngAufDatum="2006-01-27" AngStatus="2" Konditionen="kon" AnzANG="1"/>
  <Angebote AngNr="EI1765" AngKurzBeschreibung="3-Zimmer-Eigentumswohnung" AngLagebeschreibung="Hannover - Nordstadt" AngAufDatum="2006-01-30" AngStatus="2" Konditionen="kon" AnzANG="1"/>
  <Angebote AngNr="EI1766" AngKurzBeschreibung="2-Zimmer-Eigentumswohnung" AngLagebeschreibung="Hannover - List" AngAufDatum="2006-01-31" AngStatus="2" Konditionen="kon" AnzANG="1"/>
  <Angebote AngNr="RH538" AngKurzBeschreibung="Mehrfamilienhaus" AngLagebeschreibung="Hannover - Limmer" AngAufDatum="2006-02-01" AngStatus="2" Konditionen="kon" AnzANG="1"/>
  <Angebote AngNr="EI1767" AngKurzBeschreibung="4-Zimmer-Maisonette-Eigentumswohnung" AngLagebeschreibung="Hannover - Wettbergen" AngAufDatum="2006-02-01" AngStatus="2" Konditionen="kon" AnzANG="1"/>
  <Angebote AngNr="EI1768" AngKurzBeschreibung="1-Zimmer-Eigentumswohnung" AngLagebeschreibung="Hannover - Davenstedt" AngAufDatum="2006-02-02" AngStatus="2" Konditionen="kon" AnzANG="1"/>
  <Angebote AngNr="EI1769" AngKurzBeschreibung="3-Zimmer-Eigentumswohnung" AngLagebeschreibung="Hannover - Misburg-Nord" AngAufDatum="2006-02-06" AngStatus="2" Konditionen="kon" AnzANG="1"/>
  <Angebote AngNr="HS1416" AngKurzBeschreibung="Einfamilienhaus mit Carport" AngLagebeschreibung="Seelze, OT Letter" AngAufDatum="2006-02-06" AngStatus="2" Konditionen="kon" AnzANG="1"/>
  <Angebote AngNr="HS1417" AngKurzBeschreibung="Exklusives Reihenendhaus mit Carport" AngLagebeschreibung="Hemmingen, OT Arnum" AngAufDatum="2006-02-07" AngStatus="2" Konditionen="kon" AnzANG="1"/>
  <Angebote AngNr="HS1418" AngKurzBeschreibung="Luxus-Anwesen für Pferdeliebhaber" AngLagebeschreibung="Garbsen, OT" AngAufDatum="2006-02-08" AngStatus="2" Konditionen="kon" AnzANG="1"/>
  <Angebote AngNr="HS1419" AngKurzBeschreibung="Doppelhaushälfte im Landhausstil mit zwei überdachten Balkonen" AngLagebeschreibung="Sehnde, OT Müllingen" AngAufDatum="2006-02-09" AngStatus="2" Konditionen="kon" AnzANG="1"/>
  <Angebote AngNr="EI1770" AngKurzBeschreibung="3-Zimmer-Eigentumswohnung" AngLagebeschreibung="Hannover - Ledeburg" AngAufDatum="2006-02-10" AngStatus="2" Konditionen="kon" AnzANG="1"/>
  <Angebote AngNr="HS1420" AngKurzBeschreibung="Einfamilienhaus" AngLagebeschreibung="Hemmingen, OT Harkenbleck" AngAufDatum="2006-02-10" AngStatus="2" Konditionen="kon" AnzANG="1"/>
  <Angebote AngNr="RH539" AngKurzBeschreibung="Wohn- und Geschäftshaus" AngLagebeschreibung="Hannover - Calenberger Neustadt" AngAufDatum="2006-02-14" AngStatus="2" Konditionen="kon" AnzANG="1"/>
  <Angebote AngNr="EI1771" AngKurzBeschreibung="2-Zimmer-Eigentumswohnung" AngLagebeschreibung="Hannover - Mitte" AngAufDatum="2006-02-14" AngStatus="2" Konditionen="kon" AnzANG="1"/>
  <Angebote AngNr="HS1421" AngKurzBeschreibung="Modernes Reihenmittelhaus mit Stellplatz" AngLagebeschreibung="Seelze, OT Lathwehren" AngAufDatum="2006-02-16" AngStatus="2" Konditionen="kon" AnzANG="1"/>
  <Angebote AngNr="EI1772" AngKurzBeschreibung="2½-Zimmer-Eigentumswohnung" AngLagebeschreibung="Hannover - Südstadt" AngAufDatum="2006-02-17" AngStatus="2" Konditionen="kon" AnzANG="1"/>
  <Angebote AngNr="HS1422" AngKurzBeschreibung="Top renoviertes Doppelhaus in exponierter Lage auf schönem Grundstück" AngLagebeschreibung="Hannover - Oberricklingen" AngAufDatum="2006-02-21" AngStatus="2" Konditionen="kon" AnzANG="1"/>
  <Angebote AngNr="RH540" AngKurzBeschreibung="Büro-Lager-Anlage" AngLagebeschreibung="Hemmingen" AngAufDatum="2006-02-21" AngStatus="2" Konditionen="kon" AnzANG="1"/>
  <Angebote AngNr="HS1423" AngKurzBeschreibung="Bauernhaus mit Charme und Charakter" AngLagebeschreibung="Isernhagen HB" AngAufDatum="2006-02-21" AngStatus="2" Konditionen="kon" AnzANG="1"/>
  <Angebote AngNr="RH541" AngKurzBeschreibung="Mehrfamilienhaus" AngLagebeschreibung="Hannover - Hainholz" AngAufDatum="2006-02-22" AngStatus="2" Konditionen="kon" AnzANG="1"/>
  <Angebote AngNr="EI1773" AngKurzBeschreibung="2½-Zimmer-Eigentumswohnung" AngLagebeschreibung="Hannover - Limmer" AngAufDatum="2006-02-23" AngStatus="2" Konditionen="kon" AnzANG="1"/>
  <Angebote AngNr="EI1774" AngKurzBeschreibung="4-Zimmer-Eigentumswohnung" AngLagebeschreibung="Laatzen" AngAufDatum="2006-02-27" AngStatus="2" Konditionen="kon" AnzANG="1"/>
  <Angebote AngNr="HS1424" AngKurzBeschreibung="Gartenhofhaus mit Vollkeller und Garage" AngLagebeschreibung="Laatzen, OT Grasdorf" AngAufDatum="2006-02-28" AngStatus="2" Konditionen="kon" AnzANG="1"/>
  <Angebote AngNr="RH542" AngKurzBeschreibung="6 Mehrfamilienhäuser" AngLagebeschreibung="Hannover und Laatzen" AngAufDatum="2006-02-28" AngStatus="2" Konditionen="kon" AnzANG="7"/>
  <Angebote AngNr="RH543" AngKurzBeschreibung="Mehrfamilienhaus" AngLagebeschreibung="Seelze, OT Gümmer" AngAufDatum="2006-02-28" AngStatus="2" Konditionen="kon" AnzANG="5"/>
  <Angebote AngNr="HS1425" AngKurzBeschreibung="Modernisiertes Reihenhaus mit Garage" AngLagebeschreibung="Hannover - Heideviertel" AngAufDatum="2006-03-01" AngStatus="2" Konditionen="kon" AnzANG="1"/>
  <Angebote AngNr="EI1775" AngKurzBeschreibung="4-Zimmer-Eigentumswohnung" AngLagebeschreibung="Hannover - Buchholz" AngAufDatum="2006-03-01" AngStatus="2" Konditionen="kon" AnzANG="1"/>
  <Angebote AngNr="HS1426" AngKurzBeschreibung="Reihenmittelhaus in ruhiger, zentraler Lage" AngLagebeschreibung="Hannover - Vahrenheide" AngAufDatum="2006-03-01" AngStatus="2" Konditionen="kon" AnzANG="1"/>
  <Angebote AngNr="HS1427" AngKurzBeschreibung="Doppelhaushälfte im Landhausstil mit Doppelcarport" AngLagebeschreibung="Langenhagen" AngAufDatum="2006-03-02" AngStatus="2" Konditionen="kon" AnzANG="1"/>
  <Angebote AngNr="RH544" AngKurzBeschreibung="Wohn- und Geschäftshaus" AngLagebeschreibung="Hannover - Linden-Nord" AngAufDatum="2006-03-02" AngStatus="2" Konditionen="kon" AnzANG="1"/>
  <Angebote AngNr="EI1776" AngKurzBeschreibung="1½-Zimmer-Eigentumswohnung" AngLagebeschreibung="Hannover - List" AngAufDatum="2006-03-02" AngStatus="2" Konditionen="kon" AnzANG="1"/>
  <Angebote AngNr="RH546" AngKurzBeschreibung="18-Familienhaus mit kleinem Gewerbe" AngLagebeschreibung="Hannover - List" AngAufDatum="2006-03-03" AngStatus="2" Konditionen="kon" AnzANG="1"/>
  <Angebote AngNr="EI1777" AngKurzBeschreibung="4 - Zimmer - Eigentumswohnung" AngLagebeschreibung="Hannover - List" AngAufDatum="2006-03-07" AngStatus="2" Konditionen="kon" AnzANG="1"/>
  <Angebote AngNr="RH547" AngKurzBeschreibung="3 - Familienhaus" AngLagebeschreibung="Hannover - Heideviertel" AngAufDatum="2006-03-07" AngStatus="2" Konditionen="kon" AnzANG="1"/>
  <Angebote AngNr="RH802" AngKurzBeschreibung="Mehrfamilienhaus" AngLagebeschreibung="Seelze" AngAufDatum="2011-08-01" AngStatus="2" Konditionen="kon" AnzANG="1"/>
  <Angebote AngNr="RH549" AngKurzBeschreibung="Wohnanlage" AngLagebeschreibung="Misburg-Nord" AngAufDatum="2011-08-08" AngStatus="2" Konditionen="kon" AnzANG="1"/>
  <Angebote AngNr="RH552" AngKurzBeschreibung="Mehrfamilienhaus" AngLagebeschreibung="Oststadt" AngAufDatum="2011-08-09" AngStatus="2" Konditionen="kon" AnzANG="1"/>
  <Angebote AngNr="RH555" AngKurzBeschreibung="Wohn-und-Geschäftshaus" AngLagebeschreibung="Döhren" AngAufDatum="2011-08-09" AngStatus="2" Konditionen="kon" AnzANG="1"/>
  <Angebote AngNr="RH553" AngKurzBeschreibung="Bürohaus" AngLagebeschreibung="Zentrum" AngAufDatum="2011-08-09" AngStatus="2" Konditionen="kon" AnzANG="1"/>
  <Angebote AngNr="RH548" AngKurzBeschreibung="Mehrfamilienhaus mit Halle" AngLagebeschreibung="Zentrum" AngAufDatum="2011-08-09" AngStatus="2" Konditionen="kon" AnzANG="1"/>
  <Angebote AngNr="XXX" AngKurzBeschreibung="XXX" AngLagebeschreibung="XXX" AngAufDatum="2011-09-02" AngStatus="2" Konditionen="kon" AnzANG="1"/>
  <Angebote AngNr="RH550" AngKurzBeschreibung="Büro-und-Geschäftshaus" AngLagebeschreibung="Döhren" AngAufDatum="2011-08-10" AngStatus="2" Konditionen="kon" AnzANG="1"/>
  <Angebote AngNr="RH785" AngKurzBeschreibung="Wohn-und-Geschäftshaus" AngLagebeschreibung="Zentrum" AngAufDatum="2011-08-10" AngStatus="2" Konditionen="kon" AnzANG="1"/>
  <Angebote AngNr="RH765" AngKurzBeschreibung="Mehrfamilienhaus" AngLagebeschreibung="Oststadt" AngAufDatum="2011-08-10" AngStatus="2" Konditionen="kon" AnzANG="1"/>
  <Angebote AngNr="RH756" AngKurzBeschreibung="Mehrfamilienhaus" AngLagebeschreibung="Alt-Laatzen" AngAufDatum="2011-08-10" AngStatus="2" Konditionen="kon" AnzANG="1"/>
  <Angebote AngNr="RH574" AngKurzBeschreibung="Altenheim" AngLagebeschreibung="Misburg-Nord" AngAufDatum="2011-08-17" AngStatus="2" Konditionen="kon" AnzANG="1"/>
  <Angebote AngNr="RH573" AngKurzBeschreibung="Wohn-und-Bürohaus" AngLagebeschreibung="Zoo" AngAufDatum="2011-08-20" AngStatus="2" Konditionen="kon" AnzANG="1"/>
  <Angebote AngNr="RH572" AngKurzBeschreibung="Bürohaus" AngLagebeschreibung="Zentrum" AngAufDatum="2011-08-20" AngStatus="2" Konditionen="kon" AnzANG="1"/>
  <Angebote AngNr="RH571" AngKurzBeschreibung="Mehrfamilienhaus" AngLagebeschreibung="Linden-Süd" AngAufDatum="2011-08-23" AngStatus="2" Konditionen="kon" AnzANG="1"/>
  <Angebote AngNr="RH568" AngKurzBeschreibung="Mehrfamilienhaus" AngLagebeschreibung="Bothfeld" AngAufDatum="2011-08-23" AngStatus="2" Konditionen="kon" AnzANG="1"/>
  <Angebote AngNr="RH567" AngKurzBeschreibung="Wohn-und-Bürohaus" AngLagebeschreibung="Nordstadt" AngAufDatum="2011-08-23" AngStatus="2" Konditionen="kon" AnzANG="1"/>
  <Angebote AngNr="RH563" AngKurzBeschreibung="Mehrfamilienhaus" AngLagebeschreibung="Linden-Mitte" AngAufDatum="2011-08-23" AngStatus="2" Konditionen="kon" AnzANG="1"/>
  <Angebote AngNr="RH562" AngKurzBeschreibung="Wohn-und-Geschäftshaus" AngLagebeschreibung="Bad Nenndorf" AngAufDatum="2011-08-23" AngStatus="2" Konditionen="kon" AnzANG="1"/>
  <Angebote AngNr="RH561" AngKurzBeschreibung="Wohn-und" AngLagebeschreibung="Südstadt" AngAufDatum="2011-08-23" AngStatus="2" Konditionen="kon" AnzANG="1"/>
  <Angebote AngNr="RH560" AngKurzBeschreibung="Grundstück" AngLagebeschreibung="Ronnenberg" AngAufDatum="2011-08-23" AngStatus="2" Konditionen="kon" AnzANG="1"/>
  <Angebote AngNr="RH559" AngKurzBeschreibung="Mehrfamilienhaus" AngLagebeschreibung="Hannover" AngAufDatum="2011-08-23" AngStatus="2" Konditionen="kon" AnzANG="1"/>
  <Angebote AngNr="RH558" AngKurzBeschreibung="Mehrfamilienhaus" AngLagebeschreibung="Magdeburg" AngAufDatum="2011-08-23" AngStatus="2" Konditionen="kon" AnzANG="1"/>
  <Angebote AngNr="RH557" AngKurzBeschreibung="Wohn-und-Geschäftshaus" AngLagebeschreibung="Zentrum" AngAufDatum="2011-08-23" AngStatus="2" Konditionen="kon" AnzANG="1"/>
  <Angebote AngNr="RH556" AngKurzBeschreibung="Mehrfamilienhaus" AngLagebeschreibung="Hainholz" AngAufDatum="2011-08-23" AngStatus="2" Konditionen="kon" AnzANG="1"/>
  <Angebote AngNr="RH551" AngKurzBeschreibung="Wohn-und-Geschäftshaus" AngLagebeschreibung="Vahrenwald" AngAufDatum="2011-09-02" AngStatus="2" Konditionen="kon" AnzANG="1"/>
  <Angebote AngNr="RH646" AngKurzBeschreibung="Mehrfamilienhaus" AngLagebeschreibung="Südstadt" AngAufDatum="2011-09-02" AngStatus="2" Konditionen="kon" AnzANG="1"/>
  <Angebote AngNr="RH647" AngKurzBeschreibung="Bürohäuser" AngLagebeschreibung="Berlin,Bonn" AngAufDatum="2011-09-02" AngStatus="2" Konditionen="kon" AnzANG="1"/>
  <Angebote AngNr="RH645" AngKurzBeschreibung="Mehrfamilienhaus" AngLagebeschreibung="Döhren" AngAufDatum="2011-09-02" AngStatus="2" Konditionen="kon" AnzANG="1"/>
  <Angebote AngNr="RH643" AngKurzBeschreibung="Wohnanlage" AngLagebeschreibung="Mühlenberg" AngAufDatum="2011-09-02" AngStatus="2" Konditionen="kon" AnzANG="1"/>
  <Angebote AngNr="RH642" AngKurzBeschreibung="Wohnungsportfolio" AngLagebeschreibung="Hamburg" AngAufDatum="2011-09-02" AngStatus="2" Konditionen="kon" AnzANG="1"/>
  <Angebote AngNr="RH639" AngKurzBeschreibung="Büro-und Gewerbeobjekt" AngLagebeschreibung="Zwickau" AngAufDatum="2011-09-02" AngStatus="2" Konditionen="kon" AnzANG="1"/>
  <Angebote AngNr="RH637" AngKurzBeschreibung="Gewerbepark" AngLagebeschreibung="Elmshorn" AngAufDatum="2011-09-02" AngStatus="2" Konditionen="kon" AnzANG="1"/>
  <Angebote AngNr="RH633" AngKurzBeschreibung="Wohn-und Geschäftshaus" AngLagebeschreibung="Mitte" AngAufDatum="2011-09-08" AngStatus="2" Konditionen="kon" AnzANG="1"/>
  <Angebote AngNr="RH632" AngKurzBeschreibung="Mehrfamilienhaus" AngLagebeschreibung="Döhren" AngAufDatum="2011-09-09" AngStatus="2" Konditionen="kon" AnzANG="1"/>
  <Angebote AngNr="RH631" AngKurzBeschreibung="Mehrfamilienhaus" AngLagebeschreibung="List" AngAufDatum="2011-09-09" AngStatus="2" Konditionen="kon" AnzANG="1"/>
  <Angebote AngNr="RH652" AngKurzBeschreibung="10 Eigentumswohnungen" AngLagebeschreibung="Bult" AngAufDatum="2011-09-10" AngStatus="2" Konditionen="kon" AnzANG="1"/>
  <Angebote AngNr="RH612" AngKurzBeschreibung="Wohn-und Geschäftshaus" AngLagebeschreibung="Wettbergen" AngAufDatum="2011-09-10" AngStatus="2" Konditionen="kon" AnzANG="1"/>
  <Angebote AngNr="RH610" AngKurzBeschreibung="Wohn-und Geschäftshaus" AngLagebeschreibung="Zoo" AngAufDatum="2011-09-10" AngStatus="2" Konditionen="kon" AnzANG="1"/>
  <Angebote AngNr="RH611" AngKurzBeschreibung="Mehrfamilienhaus" AngLagebeschreibung="Misburg-Süd" AngAufDatum="2011-09-10" AngStatus="2" Konditionen="kon" AnzANG="1"/>
  <Angebote AngNr="RH629" AngKurzBeschreibung="Wohn-und Geschäftshaus" AngLagebeschreibung="Zentrum" AngAufDatum="2011-09-10" AngStatus="2" Konditionen="kon" AnzANG="1"/>
  <Angebote AngNr="RH625" AngKurzBeschreibung="Wohn-und Geschäftshaus" AngLagebeschreibung="Braunschweig-Zentrum" AngAufDatum="2011-09-10" AngStatus="2" Konditionen="kon" AnzANG="1"/>
  <Angebote AngNr="RH620" AngKurzBeschreibung="Alten-und Pflegeheim" AngLagebeschreibung="Braunschweig" AngAufDatum="2011-09-10" AngStatus="2" Konditionen="kon" AnzANG="1"/>
  <Angebote AngNr="RH619" AngKurzBeschreibung="Mehrfamilienhäuser" AngLagebeschreibung="List" AngAufDatum="2011-09-10" AngStatus="2" Konditionen="kon" AnzANG="1"/>
  <Angebote AngNr="RH618" AngKurzBeschreibung="Mehrfamilienhaus" AngLagebeschreibung="Oststadt" AngAufDatum="2011-09-10" AngStatus="2" Konditionen="kon" AnzANG="1"/>
  <Angebote AngNr="RH617" AngKurzBeschreibung="Wohn-und Geschäftshaus" AngLagebeschreibung="Herrenhausen" AngAufDatum="2011-09-10" AngStatus="2" Konditionen="kon" AnzANG="1"/>
  <Angebote AngNr="RH616" AngKurzBeschreibung="Wohn-und Geschäftshaus" AngLagebeschreibung="Calenberger Neustadt" AngAufDatum="2011-09-10" AngStatus="2" Konditionen="kon" AnzANG="1"/>
  <Angebote AngNr="RH613" AngKurzBeschreibung="Mehrfamilienhaus" AngLagebeschreibung="Linden-Nord" AngAufDatum="2011-09-10" AngStatus="2" Konditionen="kon" AnzANG="1"/>
  <Angebote AngNr="RH675" AngKurzBeschreibung="Handelszentrum" AngLagebeschreibung="Leinfelden" AngAufDatum="2011-10-05" AngStatus="2" Konditionen="kon" AnzANG="1"/>
  <Angebote AngNr="RH674" AngKurzBeschreibung="Büro-und-Gewerbekomplex" AngLagebeschreibung="Hannover" AngAufDatum="2011-10-05" AngStatus="2" Konditionen="kon" AnzANG="1"/>
  <Angebote AngNr="RH673" AngKurzBeschreibung="Geschäftshaus" AngLagebeschreibung="List" AngAufDatum="2011-10-05" AngStatus="2" Konditionen="kon" AnzANG="1"/>
  <Angebote AngNr="RH672" AngKurzBeschreibung="Grundstück" AngLagebeschreibung="Hellendorf" AngAufDatum="2011-10-05" AngStatus="2" Konditionen="kon" AnzANG="1"/>
  <Angebote AngNr="RH670" AngKurzBeschreibung="Mehrfamilienhaus" AngLagebeschreibung="Hannover" AngAufDatum="2011-10-05" AngStatus="2" Konditionen="kon" AnzANG="1"/>
  <Angebote AngNr="RH669" AngKurzBeschreibung="Gewerbepark" AngLagebeschreibung="Weingarten" AngAufDatum="2011-10-05" AngStatus="2" Konditionen="kon" AnzANG="1"/>
  <Angebote AngNr="RH668" AngKurzBeschreibung="Mehrfamilienhaus" AngLagebeschreibung="Pattensen" AngAufDatum="2011-10-05" AngStatus="2" Konditionen="kon" AnzANG="1"/>
  <Angebote AngNr="RH667" AngKurzBeschreibung="Wohn-und-Geschäftshaus" AngLagebeschreibung="Ricklingen" AngAufDatum="2011-10-06" AngStatus="2" Konditionen="kon" AnzANG="1"/>
  <Angebote AngNr="RH666" AngKurzBeschreibung="Mehrfamilienhaus" AngLagebeschreibung="Nordstadt" AngAufDatum="2011-10-06" AngStatus="2" Konditionen="kon" AnzANG="1"/>
  <Angebote AngNr="RH660" AngKurzBeschreibung="Wohnanlage" AngLagebeschreibung="Garbsen" AngAufDatum="2011-10-07" AngStatus="2" Konditionen="kon" AnzANG="1"/>
  <Angebote AngNr="RH661" AngKurzBeschreibung="Bürohaus" AngLagebeschreibung="Südstadt" AngAufDatum="2011-10-07" AngStatus="2" Konditionen="kon" AnzANG="1"/>
  <Angebote AngNr="RH662" AngKurzBeschreibung="Wohnanlage" AngLagebeschreibung="Burgdorf" AngAufDatum="2011-10-07" AngStatus="2" Konditionen="kon" AnzANG="1"/>
  <Angebote AngNr="RH663" AngKurzBeschreibung="Mehrfamilienhaus" AngLagebeschreibung="Voßstraße" AngAufDatum="2011-10-07" AngStatus="2" Konditionen="kon" AnzANG="1"/>
  <Angebote AngNr="RH664" AngKurzBeschreibung="Wohn-und-Geschäftshaus" AngLagebeschreibung="Calenberger Neustadt" AngAufDatum="2011-10-07" AngStatus="2" Konditionen="kon" AnzANG="1"/>
  <Angebote AngNr="RH655" AngKurzBeschreibung="Mehrfamilienhaus" AngLagebeschreibung="Zentrum" AngAufDatum="2011-10-07" AngStatus="2" Konditionen="kon" AnzANG="1"/>
  <Angebote AngNr="RH659" AngKurzBeschreibung="Wohnanlage" AngLagebeschreibung="Roderbruch" AngAufDatum="2011-10-07" AngStatus="2" Konditionen="kon" AnzANG="1"/>
  <Angebote AngNr="RH658" AngKurzBeschreibung="Bürohaus" AngLagebeschreibung="Zentrum" AngAufDatum="2011-10-07" AngStatus="2" Konditionen="kon" AnzANG="1"/>
  <Angebote AngNr="RH656" AngKurzBeschreibung="Paket" AngLagebeschreibung="Gelsenkirchen" AngAufDatum="2011-10-07" AngStatus="2" Konditionen="kon" AnzANG="1"/>
  <Angebote AngNr="RH653" AngKurzBeschreibung="Mehrfamilienhaus" AngLagebeschreibung="Südstadt" AngAufDatum="2011-10-07" AngStatus="2" Konditionen="kon" AnzANG="1"/>
  <Angebote AngNr="RH685" AngKurzBeschreibung="Bürhaus" AngLagebeschreibung="Oststadt" AngAufDatum="2011-10-07" AngStatus="2" Konditionen="kon" AnzANG="1"/>
  <Angebote AngNr="RH683" AngKurzBeschreibung="Mehrfamilienhaus" AngLagebeschreibung="Berlin" AngAufDatum="2011-10-07" AngStatus="2" Konditionen="kon" AnzANG="1"/>
  <Angebote AngNr="RH682" AngKurzBeschreibung="Mehrfamilienhaus" AngLagebeschreibung="Berlin" AngAufDatum="2011-10-07" AngStatus="2" Konditionen="kon" AnzANG="1"/>
  <Angebote AngNr="RH679" AngKurzBeschreibung="Mehrfamilienhaus" AngLagebeschreibung="Zentrum" AngAufDatum="2011-10-07" AngStatus="2" Konditionen="kon" AnzANG="1"/>
  <Angebote AngNr="RH677" AngKurzBeschreibung="Wohn-und-Geschäftshaus" AngLagebeschreibung="Linden-Mitte" AngAufDatum="2011-10-07" AngStatus="2" Konditionen="kon" AnzANG="1"/>
  <Angebote AngNr="RH676" AngKurzBeschreibung="Mehrfamilienhaus" AngLagebeschreibung="Garbsen" AngAufDatum="2011-10-07" AngStatus="2" Konditionen="kon" AnzANG="1"/>
  <Angebote AngNr="RH678" AngKurzBeschreibung="Wohnanlage" AngLagebeschreibung="Lohfelden" AngAufDatum="2011-10-07" AngStatus="2" Konditionen="kon" AnzANG="1"/>
  <Angebote AngNr="RH1000" AngKurzBeschreibung="Wohnanlage" AngLagebeschreibung="Hannover-Stöcken" AngAufDatum="2012-06-16" AngStatus="2" Konditionen="kon" AnzANG="1"/>
  <Angebote AngNr="RH1001" AngKurzBeschreibung="Wohnanlage" AngLagebeschreibung="Essen" AngAufDatum="2012-06-16" AngStatus="2" Konditionen="kon" AnzANG="1"/>
  <Angebote AngNr="RH1002" AngKurzBeschreibung="Wohnhaus" AngLagebeschreibung="Essen" AngAufDatum="2012-06-16" AngStatus="2" Konditionen="kon" AnzANG="1"/>
  <Angebote AngNr="RH1003" AngKurzBeschreibung="Wohnanlage" AngLagebeschreibung="Paderborn" AngAufDatum="2012-06-16" AngStatus="2" Konditionen="kon" AnzANG="1"/>
  <Angebote AngNr="RH1004" AngKurzBeschreibung="Wohnanlage" AngLagebeschreibung="Frankfurt a. Main" AngAufDatum="2012-06-16" AngStatus="1" Konditionen="kon" AnzANG="1"/>
  <Angebote AngNr="RH1005" AngKurzBeschreibung="Wohnanlage" AngLagebeschreibung="Nümbrecht" AngAufDatum="2012-06-16" AngStatus="1" Konditionen="kon" AnzANG="1"/>
  <Angebote AngNr="RH1006" AngKurzBeschreibung="Gewerbepark" AngLagebeschreibung="Berlin-Grünau" AngAufDatum="2012-06-16" AngStatus="2" Konditionen="kon" AnzANG="1"/>
  <Angebote AngNr="RH1007" AngKurzBeschreibung="Büroobjekt" AngLagebeschreibung="Berlin-Grünau" AngAufDatum="2012-06-16" AngStatus="2" Konditionen="kon" AnzANG="1"/>
  <Angebote AngNr="RH1008" AngKurzBeschreibung="Wohn-und-Geschäftshaus" AngLagebeschreibung="Hannover-Zentrum" AngAufDatum="2012-08-23" AngStatus="1" Konditionen="kon" AnzANG="1"/>
  <Angebote AngNr="RH1009" AngKurzBeschreibung="Mehrfamilienhaus" AngLagebeschreibung="Hannover-Misburg" AngAufDatum="2012-08-23" AngStatus="2" Konditionen="kon" AnzANG="1"/>
  <Angebote AngNr="RH1010" AngKurzBeschreibung="Mehrfamilienhaus" AngLagebeschreibung="Burgdorf" AngAufDatum="2012-08-23" AngStatus="1" Konditionen="kon" AnzANG="1"/>
  <Angebote AngNr="RH1011" AngKurzBeschreibung="Wohn-und Geschäftshaus" AngLagebeschreibung="Hannover-Oststadt" AngAufDatum="2012-08-29" AngStatus="2" Konditionen="kon" AnzANG="1"/>
  <Angebote AngNr="RH1012" AngKurzBeschreibung="Wohnkomplex" AngLagebeschreibung="Porta Westfalica" AngAufDatum="2012-08-30" AngStatus="1" Konditionen="kon" AnzANG="1"/>
  <Angebote AngNr="RH1013" AngKurzBeschreibung="Mehrfamilienhaus" AngLagebeschreibung="Hannover-Kleefeld" AngAufDatum="2012-09-17" AngStatus="2" Konditionen="kon" AnzANG="1"/>
  <Angebote AngNr="RH1014" AngKurzBeschreibung="Wohn-und Gewerbeobjekt" AngLagebeschreibung="Hannover - Südstadt" AngAufDatum="2012-11-06" AngStatus="2" Konditionen="kon" AnzANG="1"/>
  <Angebote AngNr="RH1015" AngKurzBeschreibung="12-Familienhaus mit Restaurant und Garagenhof" AngLagebeschreibung="Hannover - Groß Buchholz" AngAufDatum="2012-11-06" AngStatus="1" Konditionen="kon" AnzANG="1"/>
  <Angebote AngNr="RH1016" AngKurzBeschreibung="12-Familienhaus" AngLagebeschreibung="List - Hannover" AngAufDatum="2012-11-08" AngStatus="2" Konditionen="kon" AnzANG="1"/>
  <Angebote AngNr="RH1017" AngKurzBeschreibung="Haus mit 33 Appartements" AngLagebeschreibung="Hannover-Limmer" AngAufDatum="2012-12-11" AngStatus="1" Konditionen="kon" AnzANG="1"/>
  <Angebote AngNr="RH1018" AngKurzBeschreibung="Haus mit 24 Appartements und 18 Garagen" AngLagebeschreibung="Hannover-Hainholz" AngAufDatum="2012-12-19" AngStatus="1" Konditionen="kon" AnzANG="1"/>
  <Angebote AngNr="RH1019" AngKurzBeschreibung="6-Familienhaus und 5 Garagen" AngLagebeschreibung="Hannover-Badenstedt" AngAufDatum="2012-12-22" AngStatus="1" Konditionen="kon" AnzANG="1"/>
  <Angebote AngNr="RH1020" AngKurzBeschreibung="Mehrfamilienhaus mit Gewerbe" AngLagebeschreibung="Hannover-List" AngAufDatum="2013-01-19" AngStatus="1" Konditionen="kon" AnzANG="1"/>
  <Angebote AngNr="RH1021" AngKurzBeschreibung="7-Familienhaus" AngLagebeschreibung="Hannover-Bothfeld" AngAufDatum="2013-01-28" AngStatus="1" Konditionen="kon" AnzANG="1"/>
  <Angebote AngNr="RH1022" AngKurzBeschreibung="Wohn-und Geschäftshaus" AngLagebeschreibung="Hannover-Ricklingen" AngAufDatum="2013-01-28" AngStatus="2" Konditionen="kon" AnzANG="1"/>
  <Angebote AngNr="RH1023" AngKurzBeschreibung="Dachgeschosswohnungen" AngLagebeschreibung="Hannover- Mittelfeld" AngAufDatum="2013-01-29" AngStatus="1" Konditionen="kon" AnzANG="1"/>
  <Angebote AngNr="RH1024" AngKurzBeschreibung="Wohn-und Geschäftshaus" AngLagebeschreibung="Hannover-Ricklingen" AngAufDatum="2013-02-01" AngStatus="2" Konditionen="kon" AnzANG="1"/>
  <Angebote AngNr="RH1025" AngKurzBeschreibung="3-Familienhaus" AngLagebeschreibung="Groß-Buchholz" AngAufDatum="2013-02-08" AngStatus="1" Konditionen="kon" AnzANG="1"/>
  <Angebote AngNr="RH1026" AngKurzBeschreibung="14-Familienhaus" AngLagebeschreibung="Hannover Misburg-Süd" AngAufDatum="2013-02-27" AngStatus="1" Konditionen="kon" AnzANG="1"/>
  <Angebote AngNr="RH1027" AngKurzBeschreibung="Mehrfamilienhaus" AngLagebeschreibung="Wolfen" AngAufDatum="2013-02-28" AngStatus="1" Konditionen="kon" AnzANG="1"/>
  <Angebote AngNr="RH1029" AngKurzBeschreibung="2-Zimmerdachgeschoßeigentumswohnung" AngLagebeschreibung="Hannover Stöcken" AngAufDatum="2013-03-01" AngStatus="1" Konditionen="kon" AnzANG="1"/>
  <Angebote AngNr="RH1028" AngKurzBeschreibung="3-Zimmereigentumswohnung" AngLagebeschreibung="Hannover Klein-Buchholz" AngAufDatum="2013-03-01" AngStatus="1" Konditionen="kon" AnzANG="1"/>
  <Angebote AngNr="RH1030" AngKurzBeschreibung="Wohnen und Gewerbe" AngLagebeschreibung="Hannover Misburg-Nord" AngAufDatum="2013-03-05" AngStatus="1" Konditionen="kon" AnzANG="1"/>
  <Angebote AngNr="RH1031" AngKurzBeschreibung="Fachmarktzentrum" AngLagebeschreibung="Altwarmbüchen" AngAufDatum="2013-03-19" AngStatus="1" Konditionen="kon" AnzANG="1"/>
  <Angebote AngNr="RH1032" AngKurzBeschreibung="4-Familienhaus" AngLagebeschreibung="Hannover Misburg-Nord" AngAufDatum="2013-03-23" AngStatus="2" Konditionen="kon" AnzANG="1"/>
  <Angebote AngNr="RH1034" AngKurzBeschreibung="9-Familienhaus" AngLagebeschreibung="Ahlem" AngAufDatum="2013-04-18" AngStatus="2" Konditionen="kon" AnzANG="1"/>
  <Angebote AngNr="RH1033" AngKurzBeschreibung="6-Familienhaus" AngLagebeschreibung="Misburg-Nord" AngAufDatum="2013-04-17" AngStatus="1" Konditionen="kon" AnzANG="1"/>
  <Angebote AngNr="RH1035" AngKurzBeschreibung="Beschreibung" AngLagebeschreibung="Stargard Szcenzinski" AngAufDatum="2013-05-16" AngStatus="1" Konditionen="kon" AnzANG="1"/>
  <Angebote AngNr="RH1036" AngKurzBeschreibung="Wohn-und Geschäftshaus" AngLagebeschreibung="Linden-Mitte" AngAufDatum="2013-05-16" AngStatus="2" Konditionen="kon" AnzANG="1"/>
  <Angebote AngNr="RH1037" AngKurzBeschreibung="Mehrfamilienhaus mit Gewerbe" AngLagebeschreibung="Calenberger Neustadt" AngAufDatum="2013-05-21" AngStatus="1" Konditionen="kon" AnzANG="1"/>
  <Angebote AngNr="RH1038" AngKurzBeschreibung="3 Mehrfamilienhäuser" AngLagebeschreibung="Laatzen-Rethen" AngAufDatum="2013-06-11" AngStatus="1" Konditionen="kon" AnzANG="1"/>
  <Angebote AngNr="RH1039" AngKurzBeschreibung="Wald-Wiese-Ackergrundstück" AngLagebeschreibung="Antoniewo-Le?niczówka" AngAufDatum="2013-08-09" AngStatus="1" Konditionen="kon" AnzANG="1"/>
  <Angebote AngNr="EI2000" AngKurzBeschreibung="1-Zimmerappartement" AngLagebeschreibung="Heideviertel - Hannover" AngAufDatum="2013-09-04" AngStatus="1" Konditionen="kon" AnzANG="1"/>
  <Angebote AngNr="EI2001" AngKurzBeschreibung="2,5-Zimmerappartement" AngLagebeschreibung="Hannover - Mittelfeld" AngAufDatum="2013-09-05" AngStatus="1" Konditionen="kon" AnzANG="1"/>
  <Angebote AngNr="EI2002" AngKurzBeschreibung="3-Zimmereigentumswohnung" AngLagebeschreibung="Herrenhausen" AngAufDatum="2013-09-05" AngStatus="1" Konditionen="kon" AnzANG="1"/>
  <Angebote AngNr="HS2000" AngKurzBeschreibung="Einfamilienhaus mit 2 Einliegerwohnungen" AngLagebeschreibung="Hannover - Anderten" AngAufDatum="2013-09-12" AngStatus="1" Konditionen="kon" AnzANG="1"/>
  <Angebote AngNr="HS2001" AngKurzBeschreibung="3-Familienhaus" AngLagebeschreibung="Waldhausen" AngAufDatum="2014-04-01" AngStatus="1" Konditionen="kon" AnzANG="1"/>
  <Angebote AngNr="RH1040" AngKurzBeschreibung="7-Familienhaus" AngLagebeschreibung="Ricklingen" AngAufDatum="2014-04-01" AngStatus="1" Konditionen="kon" AnzANG="1"/>
  <Angebote AngNr="RH1041" AngKurzBeschreibung="Wohn-Bürokomplex" AngLagebeschreibung="Calenberger Neustadt" AngAufDatum="2014-04-25" AngStatus="1" Konditionen="kon" AnzANG="1"/>
  <Angebote AngNr="Braun" AngKurzBeschreibung="Beschreibung" AngLagebeschreibung="Lagebeschreibung" AngAufDatum="2014-04-28" AngStatus="1" Konditionen="kon" AnzANG="1"/>
  <Angebote AngNr="EI2003" AngKurzBeschreibung="Beschreibung" AngLagebeschreibung="Lagebeschreibung" AngAufDatum="2014-05-09" AngStatus="1" Konditionen="kon" AnzANG="1"/>
  <Angebote AngNr="EI2004" AngKurzBeschreibung="Beschreibung" AngLagebeschreibung="Lagebeschreibung" AngAufDatum="2014-05-09" AngStatus="1" Konditionen="kon" AnzANG="1"/>
  <Angebote AngNr="EI2005" AngKurzBeschreibung="Beschreibung" AngLagebeschreibung="Lagebeschreibung" AngAufDatum="2014-05-09" AngStatus="1" Konditionen="kon" AnzANG="1"/>
  <Angebote AngNr="RH1042" AngKurzBeschreibung="Beschreibung" AngLagebeschreibung="Lagebeschreibung" AngAufDatum="2014-05-09" AngStatus="1" Konditionen="kon" AnzANG="1"/>
</dataset>
