<?xml version='1.0' encoding='UTF-8'?>
<dataset>
  <XTyp XTypNr="1" XTypKuerzel="XN" XVor="XBrief" XTypmitExposee="1" Betreff="Angebot ohne Adresse nach Kontakt"/>
  <XTyp XTypNr="2" XTypKuerzel="X20" XVor="XBrief" XTypmitExposee="1"/>
  <XTyp XTypNr="3" XTypKuerzel="X21" XVor="XBrief" XTypmitExposee="1" Betreff="weiteres Angebot"/>
  <XTyp XTypNr="4" XTypKuerzel="X22" XVor="XBrief" XTypmitExposee="1"/>
  <XTyp XTypNr="5" XTypKuerzel="X23" XVor="XBrief" XTypmitExposee="1"/>
  <XTyp XTypNr="6" XTypKuerzel="X24" XVor="XBrief" XTypmitExposee="1"/>
  <XTyp XTypNr="7" XTypKuerzel="X2M" XVor="XBrief" XTypmitExposee="1" Betreff="mündlich erteiltes Angebot"/>
  <XTyp XTypNr="8" XTypKuerzel="X2U" XVor="XBrief" XTypmitExposee="0" Betreff="Unterlagen"/>
  <XTyp XTypNr="9" XTypKuerzel="XADR" XVor="XBrief" XTypmitExposee="0"/>
  <XTyp XTypNr="10" XTypKuerzel="XADRM" XVor="XBrief" XTypmitExposee="0"/>
  <XTyp XTypNr="11" XTypKuerzel="XNminus" XVor="XBrief" XTypmitExposee="1"/>
  <XTyp XTypNr="12" XTypKuerzel="X2B" XVor="XBrief" XTypmitExposee="1"/>
  <XTyp XTypNr="14" XTypKuerzel="XCH" XVor="XBrief&#09;&#09;&#09;" XTypmitExposee="0"/>
  <XTyp XTypNr="15" XTypKuerzel="XEGEB" XVor="XBrief" XTypmitExposee="0" Betreff="ein Kunde hat ein Gebot abgegeben"/>
  <XTyp XTypNr="16" XTypKuerzel="X2Bplus" XVor="XBrief" XTypmitExposee="1"/>
  <XTyp XTypNr="17" XTypKuerzel="XNM" XVor="XBrief" XTypmitExposee="1" Betreff="Angebot mit Adresse nach Kontakt"/>
  <XTyp XTypNr="18" XTypKuerzel="XNMPlus" XVor="XBrief" XTypmitExposee="1" Betreff="Angebot mit Adresse nach Kontakt und Zusatzangebot"/>
  <XTyp XTypNr="19" XTypKuerzel="XNB" XVor="XBrief" XTypmitExposee="1"/>
  <XTyp XTypNr="22" XTypKuerzel="XNBminus" XVor="Xbrief" XTypmitExposee="1"/>
  <XTyp XTypNr="23" XTypKuerzel="X25" XVor="Xbrief" XTypmitExposee="1"/>
  <XTyp XTypNr="24" XTypKuerzel="XNBplus" XVor="Xbrief" XTypmitExposee="1"/>
  <XTyp XTypNr="25" XTypKuerzel="XNBmp" XVor="Xbrief" XTypmitExposee="1"/>
  <XTyp XTypNr="26" XTypKuerzel="XNO" XVor="Xbrief" XTypmitExposee="1"/>
  <XTyp XTypNr="27" XTypKuerzel="XB" XVor="Xbrief" XTypmitExposee="1"/>
  <XTyp XTypNr="28" XTypKuerzel="XS" XVor="Xbrief" XTypmitExposee="1"/>
  <XTyp XTypNr="29" XTypKuerzel="XSB2" XVor="Xbrief" XTypmitExposee="1"/>
  <XTyp XTypNr="30" XTypKuerzel="XTEL1" XVor="Xbrief" XTypmitExposee="1"/>
  <XTyp XTypNr="31" XTypKuerzel="XTEL2" XVor="Xbrief" XTypmitExposee="1"/>
  <XTyp XTypNr="32" XTypKuerzel="XL" XVor="Xbrief" XTypmitExposee="1"/>
  <XTyp XTypNr="33" XTypKuerzel="XGEB" XVor="Xbrief" XTypmitExposee="1"/>
  <XTyp XTypNr="34" XTypKuerzel="XEIG" XVor="XBrief" XTypmitExposee="1" Betreff="Exposee an Eigentümer zur Kontrolle"/>
  <XTyp XTypNr="35" XTypKuerzel="XEIGV" XVor="Xbrief" XTypmitExposee="1"/>
  <XTyp XTypNr="36" XTypKuerzel="XCHG" XVor="Xbrief" XTypmitExposee="1"/>
  <XTyp XTypNr="37" XTypKuerzel="XCW" XVor="Xbrief" XTypmitExposee="1"/>
  <XTyp XTypNr="38" XTypKuerzel="XIND" XVor="XBrief" XTypmitExposee="0" Betreff="individueller Brief"/>
  <XTyp XTypNr="39" XTypKuerzel="XEIGI" XVor="Xbrief" XTypmitExposee="1"/>
  <XTyp XTypNr="40" XTypKuerzel="XNMMinus" XVor="XBrief" XTypmitExposee="1"/>
  <XTyp XTypNr="41" XTypKuerzel="X2Bminus" XVor="Xbrief" XTypmitExposee="1"/>
  <XTyp XTypNr="42" XTypKuerzel="X2Bmp" XVor="Xbrief" XTypmitExposee="1"/>
  <XTyp XTypNr="43" XTypKuerzel="X2MMinus" XVor="XBrief" XTypmitExposee="1" Betreff="Angebote mit Adressen nach mündlicher Absprache nicht interessant"/>
  <XTyp XTypNr="45" XTypKuerzel="SPN" XVor="Xbrief" XTypmitExposee="1"/>
  <XTyp XTypNr="46" XTypKuerzel="BEIG" XVor="Xbrief" XTypmitExposee="1"/>
  <XTyp XTypNr="47" XTypKuerzel="BETW" XVor="XBrief" XTypmitExposee="0"/>
  <XTyp XTypNr="48" XTypKuerzel="BEEIG" XVor="Xbrief" XTypmitExposee="1"/>
  <XTyp XTypNr="49" XTypKuerzel="Bang" XVor="Xbrief" XTypmitExposee="1"/>
  <XTyp XTypNr="50" XTypKuerzel="XFAX" XVor="Xbrief" XTypmitExposee="1"/>
  <XTyp XTypNr="51" XTypKuerzel="XAng" XVor="Xbrief" XTypmitExposee="1"/>
  <XTyp XTypNr="52" XTypKuerzel="XHAZ" XVor="Xbrief" XTypmitExposee="1"/>
  <XTyp XTypNr="54" XTypKuerzel="Xhazi" XVor="Xbrief" XTypmitExposee="1"/>
  <XTyp XTypNr="55" XTypKuerzel="BHS" XVor="Xbrief" XTypmitExposee="1"/>
  <XTyp XTypNr="56" XTypKuerzel="XFirm" XVor="Xbrief" XTypmitExposee="1"/>
  <XTyp XTypNr="57" XTypKuerzel="X2P" XVor="XBrief" XTypmitExposee="0" Betreff="Preisänderung"/>
  <XTyp XTypNr="58" XTypKuerzel="XAE" XVor="Xbrief" XTypmitExposee="1"/>
  <XTyp XTypNr="59" XTypKuerzel="BHEIG" XVor="Xbrief" XTypmitExposee="1"/>
  <XTyp XTypNr="60" XTypKuerzel="XFOC" XVor="Xbrief" XTypmitExposee="1"/>
  <XTyp XTypNr="61" XTypKuerzel="BAB" XVor="Xbrief" XTypmitExposee="1"/>
  <XTyp XTypNr="62" XTypKuerzel="BAEIG" XVor="Xbrief" XTypmitExposee="1"/>
  <XTyp XTypNr="63" XTypKuerzel="E21" XVor="Xbrief" XTypmitExposee="1"/>
  <XTyp XTypNr="64" XTypKuerzel="BREIG" XVor="Xbrief" XTypmitExposee="1"/>
  <XTyp XTypNr="65" XTypKuerzel="BHS2" XVor="Xbrief" XTypmitExposee="1"/>
  <XTyp XTypNr="66" XTypKuerzel="XFaxS" XVor="Xbrief" XTypmitExposee="1"/>
  <XTyp XTypNr="68" XTypKuerzel="XNMK" XVor="Xbrief" XTypmitExposee="1"/>
  <XTyp XTypNr="70" XTypKuerzel="X2MK" XVor="Xbrief" XTypmitExposee="1"/>
  <XTyp XTypNr="71" XTypKuerzel="XNMK" XVor="Xbrief" XTypmitExposee="1"/>
  <XTyp XTypNr="72" XTypKuerzel="BAEIG1" XVor="Xbrief" XTypmitExposee="1"/>
  <XTyp XTypNr="73" XTypKuerzel="X2MW" XVor="Xbrief" XTypmitExposee="1"/>
  <XTyp XTypNr="74" XTypKuerzel="XNMW" XVor="Xbrief" XTypmitExposee="1"/>
  <XTyp XTypNr="75" XTypKuerzel="X2Mc" XVor="Xbrief" XTypmitExposee="1"/>
  <XTyp XTypNr="76" XTypKuerzel="XNMc" XVor="Xbrief" XTypmitExposee="1"/>
  <XTyp XTypNr="78" XTypKuerzel="XGER" XVor="Xbrief" XTypmitExposee="1"/>
  <XTyp XTypNr="79" XTypKuerzel="XHEIN" XVor="Xbrief" XTypmitExposee="1"/>
  <XTyp XTypNr="80" XTypKuerzel="XHOEV" XVor="Xbrief" XTypmitExposee="1"/>
  <XTyp XTypNr="81" XTypKuerzel="XGRIMM" XVor="Xbrief" XTypmitExposee="1"/>
  <XTyp XTypNr="100" XTypKuerzel="XYZ" XVor="XBrief" XTypmitExposee="0" Betreff="Firmenvorstellung"/>
  <XTyp XTypNr="101" XTypKuerzel="XXX" XVor="XBrief" XTypmitExposee="0"/>
  <XTyp XTypNr="102" XTypKuerzel="XRAM" XVor="XBrief" XTypmitExposee="0" Betreff="bereits telefonisch mitgeteiltes Kaufinteresse"/>
  <XTyp XTypNr="103" XTypKuerzel="XRA" XVor="XBrief" XTypmitExposee="0" Betreff="Kaufinteresse"/>
  <XTyp XTypNr="104" XTypKuerzel="XIND" XVor="XBrief" XTypmitExposee="0"/>
  <XTyp XTypNr="105" XTypKuerzel="XEIG" XVor="XBrief" XTypmitExposee="1"/>
  <XTyp XTypNr="106" XTypKuerzel="EANKAN" XVor="XBrief" XTypmitExposee="0"/>
  <XTyp XTypNr="21" XTypKuerzel="X2MPlus" XVor="XBrief" XTypmitExposee="1" Betreff="Angebote mit Adressen nach mündlicher Absprache"/>
  <XTyp XTypNr="13" XTypKuerzel="XBST" XVor="XBrief" XTypmitExposee="0" Betreff="Bestätigung eines Besichtigungtermins"/>
  <XTyp XTypNr="20" XTypKuerzel="XNBmp" XVor="Xbrief" XTypmitExposee="1"/>
  <XTyp XTypNr="107" XTypKuerzel="XNM-" XVor="XBrief" XTypmitExposee="1" Betreff="fehlerhaftes Exposee"/>
  <XTyp XTypNr="108" XTypKuerzel="XRech" XVor="XBriefohne" XTypmitExposee="0"/>
  <XTyp XTypNr="109" XTypKuerzel="BPRAEETW" XVor="XBrief" XTypmitExposee="0" Betreff="Firmenvorstellung und Bewerbung um Vermarktung Ihrer Eigentumswohnung "/>
  <XTyp XTypNr="110" XTypKuerzel="XWart" XVor="XBriefohne" XTypmitExposee="0"/>
  <Angstatus StatusID="1" Statustext="aktiv&#xD;"/>
  <Angstatus StatusID="2" Statustext="nicht aktiv&#xD;"/>
  <Angstatus StatusID="3" Statustext="in Arbeit&#xD;"/>
  <Angstatus StatusID="4" Statustext="Wiedervorlage&#xD;"/>
  <Eigentuemertyp TypNr="1" Typenbeschreibung="Eigentümer in Gemeinschaft"/>
  <Eigentuemertyp TypNr="2" Typenbeschreibung="Verwalter"/>
  <Eigentuemertyp TypNr="3" Typenbeschreibung="Vermieter"/>
  <Eigentuemertyp TypNr="4" Typenbeschreibung="Bevollmächtigter"/>
  <Eigentuemertyp TypNr="5" Typenbeschreibung="alleiniger Eigentümer"/>
  <Eigentuemertyp TypNr="6" Typenbeschreibung="Beauftragter des Eigentümers"/>
  <Eigentuemertyp TypNr="7" Typenbeschreibung="Konkursverwalter"/>
  <Eigentuemertyp TypNr="8" Typenbeschreibung="keine Beziehung mehr"/>
  <Eigentuemertyp TypNr="9" Typenbeschreibung="Mieter"/>
  <Eigentuemertyp TypNr="10" Typenbeschreibung="Aufteiler"/>
  <Eigentuemertyp TypNr="11" Typenbeschreibung="Unbekannt"/>
  <Eigtstatus Eigt_Status_ID="1" Eigt_Status_Text="Daten aktuell"/>
  <Eigtstatus Eigt_Status_ID="2" Eigt_Status_Text="Telefonnummern stimmen nicht"/>
  <Eigtstatus Eigt_Status_ID="3" Eigt_Status_Text="Adresse stimmt nicht"/>
  <Emailbriefe EmailBrief="xxx" Subject="Neue Firma"/>
  <Emailbriefe EmailBrief="xram" Subject="bereits telefonisch mitgeteiltes Kaufinteresse"/>
  <Emailbriefe EmailBrief="xra" Subject="Kaufinteresse"/>
  <Emailbriefe EmailBrief="xyz" Subject="Firmenvorstellung"/>
  <Emailbriefe EmailBrief="xn" Subject="Angebot ohne Adresse nach Kontakt"/>
  <Emailbriefe EmailBrief="xnm" Subject="Angebot mit Adresse nach Kontakt"/>
  <Emailbriefe EmailBrief="xind" Subject="individueller Brief"/>
  <Emailbriefe EmailBrief="xeig" Subject="Eigentümerbrief"/>
  <Emailbriefe EmailBrief="xegeb" Subject="ein Kunde hat ein Gebot abgegeben"/>
  <Emailbriefe EmailBrief="eankan" Subject="Informationsangebot"/>
  <Emailbriefe EmailBrief="x2m" Subject="mündlich erteiltes Angebot"/>
  <Emailbriefe EmailBrief="xnmplus" Subject="Angebot mit Adresse nach Kontakt und Zusatzangebot"/>
  <Emailbriefe EmailBrief="x2u" Subject="Unterlagen"/>
  <Emailbriefe EmailBrief="x21" Subject="weiteres Angebot"/>
  <Emailbriefe EmailBrief="x2p" Subject="Preisänderung"/>
  <Emailbriefe EmailBrief="x2mminus" Subject="mündlich erteiltes Angebot ohne Interesse"/>
  <Emailbriefe EmailBrief="xnm-" Subject="fehlerhaftes Exposee"/>
  <Emailbriefe EmailBrief="x2mplus" Subject="Angebote mit Adressen nach mündlicher Absprache"/>
  <Emailbriefe EmailBrief="xbst" Subject="Bestätigung eines Besichtigungtermins"/>
  <Emailbriefe EmailBrief="bpraeetw" Subject="Firmenvorstellung und Bewerbung um Eigentumswohnung"/>
  <Emailbriefe EmailBrief="xwart" Subject="Bei der von Ihnen angeforderten Immobilie gibt es Abklärungsbedarf"/>
  <Emailbriefe EmailBrief="xnmminus" Subject="Nachweis- bzw. Vermittlungstätigkeit"/>
  <Konditionen KonID="kon" Kontext="Provision normal 5%"/>
  <Konditionen KonID="kon2" Kontext="Provision normal 2%"/>
  <Konditionen KonID="kon35" Kontext="Provision 3,5%"/>
  <Konditionen KonID="profre" Kontext="provisionsfrei"/>
  <Kundenart KundenArtNr="1" KundenArt="Kauft Renditeobjekt" Kundenkuerzel="RH"/>
  <Kundenart KundenArtNr="2" KundenArt="Kauft Eigentumswohnung" Kundenkuerzel="EI"/>
  <Kundenart KundenArtNr="3" KundenArt="Mietet Laden" Kundenkuerzel="VL"/>
  <Kundenart KundenArtNr="4" KundenArt="Mietet Wohnung" Kundenkuerzel="WO"/>
  <Kundenart KundenArtNr="5" KundenArt="Mietet Büro" Kundenkuerzel="VB"/>
  <Kundenart KundenArtNr="8" KundenArt="Kauft Haus" Kundenkuerzel="HS"/>
  <Kundenart KundenArtNr="14" KundenArt="Kauft Gewerbeobjekt" Kundenkuerzel="GW"/>
  <Kundenart KundenArtNr="16" KundenArt="Unbekannt" Kundenkuerzel="UN"/>
  <Kundenart KundenArtNr="17" KundenArt="Kauft Bauplatz" Kundenkuerzel="BP"/>
  <Kundenart KundenArtNr="29" KundenArt="Objektgeber" Kundenkuerzel="OB"/>
  <Kundenart KundenArtNr="31" KundenArt="Kauft Spanienimmobilie" Kundenkuerzel="SP"/>
  <Land LandID="2" LandName="Schweiz" Kennzeichen="CH"/>
  <Land LandID="3" LandName="Österreich" Kennzeichen="AU"/>
  <Land LandID="4" LandName="Niederlanden" Kennzeichen="NL"/>
  <Land LandID="5" LandName="USA" Kennzeichen="USA"/>
  <Land LandID="6" LandName="Spanien" Kennzeichen="ES"/>
  <Land LandID="7" LandName="Italien" Kennzeichen="I"/>
  <Land LandID="8" LandName="Frankreich" Kennzeichen="F"/>
  <Land LandID="9" LandName="Dänemark" Kennzeichen="DK"/>
  <Land LandID="10" LandName="Israel" Kennzeichen="ISR"/>
  <Land LandID="11" LandName="Großbritannien" Kennzeichen="GB"/>
  <Land LandID="12" LandName="VR China" Kennzeichen="CHI"/>
  <Land LandID="13" LandName="Schweden" Kennzeichen="S"/>
  <Land LandID="18" LandName="Türkei" Kennzeichen="TK"/>
  <Land LandID="19" LandName="Belgien" Kennzeichen="B"/>
  <Land LandID="20" LandName="Ungarn" Kennzeichen="H"/>
  <Land LandID="28" LandName="Deutschland" Kennzeichen="D"/>
  <Land LandID="29" LandName="Irland" Kennzeichen="IRL"/>
  <Land LandID="30" LandName="Luxemburg" Kennzeichen="L"/>
  <Land LandID="31" LandName="Mexico" Kennzeichen="MEX"/>
  <Land LandID="32" LandName="Mazedonien" Kennzeichen="MK"/>
  <Land LandID="33" LandName="Polen" Kennzeichen="Pl"/>
  <Land LandID="34" LandName="unbekannt"/>
  <Land LandID="35" LandName="Norwegen" Kennzeichen="NO"/>
  <Objarttyp id="1" typentext="Mietwohnungen"/>
  <Objarttyp id="2" typentext="Renditeobjekte"/>
  <Objarttyp id="3" typentext="Büromiete"/>
  <Objarttyp id="4" typentext="Eigentumswohnungen"/>
  <Objektarten ObjektartID="1" OBJARTKurz="MFH" OBJARTName="Mehrfamilienhaus" OBJARTTyp="0" Doppelbelegung="0"/>
  <Objektarten ObjektartID="3" OBJARTKurz="ETB" OBJARTName="Eigentumsbüro 1.OG links" OBJARTTyp="0" Doppelbelegung="1"/>
  <Objektarten ObjektartID="4" OBJARTKurz="ETG" OBJARTName="Eigentumsgeschäft EG Mitte" OBJARTTyp="0" Doppelbelegung="1"/>
  <Objektarten ObjektartID="5" OBJARTKurz="WGH" OBJARTName="Wohn-und-Geschäftshaus" OBJARTTyp="0" Doppelbelegung="0"/>
  <Objektarten ObjektartID="8" OBJARTKurz="EFH" OBJARTName="Einfamilienhaus" OBJARTTyp="0" Doppelbelegung="0"/>
  <Objektarten ObjektartID="9" OBJARTKurz="BHS" OBJARTName="Bürohaus" OBJARTTyp="0" Doppelbelegung="0"/>
  <Objektarten ObjektartID="10" OBJARTKurz="GRD" OBJARTName="Grundstück" OBJARTTyp="0" Doppelbelegung="0"/>
  <Objektarten ObjektartID="11" OBJARTKurz="GEW" OBJARTName="Gewerbeobjekt" OBJARTTyp="0" Doppelbelegung="0"/>
  <Objektarten ObjektartID="12" OBJARTKurz="1ZEr" OBJARTName="1-Zimmereigentumswohnung EG rechts" OBJARTTyp="0" Doppelbelegung="1"/>
  <Objektarten ObjektartID="13" OBJARTKurz="2ZEr" OBJARTName="2-Zimmereigentumswohnung EG rechts" OBJARTTyp="0" Doppelbelegung="1"/>
  <Objektarten ObjektartID="14" OBJARTKurz="3ZEr" OBJARTName="3-Zimmereigentumswohnung EG rechts" OBJARTTyp="0" Doppelbelegung="1"/>
  <Objektarten ObjektartID="15" OBJARTKurz="4ZEr" OBJARTName="4-Zimmereigentumswohnung EG rechts" OBJARTTyp="0" Doppelbelegung="1"/>
  <Objektarten ObjektartID="16" OBJARTKurz="5ZEr" OBJARTName="5-Zimmereigentumswohnung EG rechts" OBJARTTyp="0" Doppelbelegung="1"/>
  <Objektarten ObjektartID="17" OBJARTKurz="6ZEr" OBJARTName="6-Zimmereigentumswohnung EG rechts" OBJARTTyp="0" Doppelbelegung="1"/>
  <Objektarten ObjektartID="18" OBJARTKurz="VIL" OBJARTName="Villa" OBJARTTyp="0" Doppelbelegung="0"/>
  <Objektarten ObjektartID="20" OBJARTKurz="ZWE" OBJARTName="Zweifamilienhaus" OBJARTTyp="0" Doppelbelegung="0"/>
  <Objektarten ObjektartID="21" OBJARTKurz="RMH" OBJARTName="Reihenmittelhaus" OBJARTTyp="0" Doppelbelegung="0"/>
  <Objektarten ObjektartID="22" OBJARTKurz="REH" OBJARTName="Reihenendhaus" OBJARTTyp="0" Doppelbelegung="0"/>
  <Objektarten ObjektartID="23" OBJARTKurz="WIB" OBJARTName="Winkelbungalow" OBJARTTyp="0" Doppelbelegung="0"/>
  <Objektarten ObjektartID="24" OBJARTKurz="DHH" OBJARTName="Doppelhaushälfte" OBJARTTyp="0" Doppelbelegung="1"/>
  <Objektarten ObjektartID="25" OBJARTKurz="GEH" OBJARTName="Geschäftshaus" OBJARTTyp="0" Doppelbelegung="0"/>
  <Objektarten ObjektartID="26" OBJARTKurz="HAL" OBJARTName="Halle" OBJARTTyp="0" Doppelbelegung="1"/>
  <Objektarten ObjektartID="28" OBJARTKurz="SUP" OBJARTName="Supermarkt" OBJARTTyp="0" Doppelbelegung="0"/>
  <Objektarten ObjektartID="35" OBJARTKurz="ALT" OBJARTName="Altenheim" OBJARTTyp="0" Doppelbelegung="0"/>
  <Objektarten ObjektartID="36" OBJARTKurz="BWO" OBJARTName="Büro-und Wohnhaus" OBJARTTyp="0" Doppelbelegung="0"/>
  <Objektarten ObjektartID="37" OBJARTKurz="BGH" OBJARTName="Büro-und Geschäftshaus" OBJARTTyp="0" Doppelbelegung="0"/>
  <Objektarten ObjektartID="38" OBJARTKurz="BWG" OBJARTName="Büro-,Wohn-und Geschäftshaus" OBJARTTyp="0" Doppelbelegung="0"/>
  <Objektarten ObjektartID="39" OBJARTKurz="1ZEr" OBJARTName="1-Zimmereigentumswohnung EG rechts" OBJARTTyp="0" Doppelbelegung="1"/>
  <Objektarten ObjektartID="45" OBJARTKurz="7ZEr" OBJARTName="7-Zimmereigentumswohnung EG rechts" OBJARTTyp="0" Doppelbelegung="1"/>
  <Objektarten ObjektartID="46" OBJARTKurz="1ZEm" OBJARTName="1-Zimmereigentumswohnung EG Mitte" OBJARTTyp="0" Doppelbelegung="1"/>
  <Objektarten ObjektartID="47" OBJARTKurz="2ZEm" OBJARTName="2-Zimmereigentumswohnung EG Mitte" OBJARTTyp="0" Doppelbelegung="1"/>
  <Objektarten ObjektartID="48" OBJARTKurz="3ZEm" OBJARTName="3-Zimmereigentumswohnung EG Mitte" OBJARTTyp="0" Doppelbelegung="1"/>
  <Objektarten ObjektartID="49" OBJARTKurz="4ZEm" OBJARTName="4-Zimmereigentumswohnung EG Mitte" OBJARTTyp="0" Doppelbelegung="1"/>
  <Objektarten ObjektartID="50" OBJARTKurz="5ZEm" OBJARTName="5-Zimmereigentumswohnung EG Mitte" OBJARTTyp="0" Doppelbelegung="1"/>
  <Objektarten ObjektartID="51" OBJARTKurz="6ZEm" OBJARTName="6-Zimmereigentumswohnung EG Mitte" OBJARTTyp="0" Doppelbelegung="1"/>
  <Objektarten ObjektartID="52" OBJARTKurz="7ZEm" OBJARTName="7-Zimmereigentumswohnung EG Mitte" OBJARTTyp="0" Doppelbelegung="1"/>
  <Objektarten ObjektartID="53" OBJARTKurz="1ZEl" OBJARTName="1-Zimmereigentumswohnung EG links" OBJARTTyp="0" Doppelbelegung="1"/>
  <Objektarten ObjektartID="54" OBJARTKurz="2ZEl" OBJARTName="2-Zimmereigentumswohnung EG links" OBJARTTyp="0" Doppelbelegung="1"/>
  <Objektarten ObjektartID="55" OBJARTKurz="3ZEl" OBJARTName="3-Zimmereigentumswohnung EG links" OBJARTTyp="0" Doppelbelegung="1"/>
  <Objektarten ObjektartID="56" OBJARTKurz="4ZEl" OBJARTName="4-Zimmereigentumswohnung EG links" OBJARTTyp="0" Doppelbelegung="1"/>
  <Objektarten ObjektartID="57" OBJARTKurz="5ZEl" OBJARTName="5-Zimmereigentumswohnung EG links" OBJARTTyp="0" Doppelbelegung="1"/>
  <Objektarten ObjektartID="58" OBJARTKurz="6ZEl" OBJARTName="6-Zimmereigentumswohnung EG links" OBJARTTyp="0" Doppelbelegung="1"/>
  <Objektarten ObjektartID="59" OBJARTKurz="7ZEl" OBJARTName="7-Zimmereigentumswohnung EG links" OBJARTTyp="0" Doppelbelegung="1"/>
  <Objektarten ObjektartID="60" OBJARTKurz="1Z1Sr" OBJARTName="1-Zimmereigentumswohnung 1.Stock rechts" OBJARTTyp="0" Doppelbelegung="1"/>
  <Objektarten ObjektartID="61" OBJARTKurz="2Z1Sr" OBJARTName="2-Zimmereigentumswohnung 1.Stock rechts" OBJARTTyp="0" Doppelbelegung="1"/>
  <Objektarten ObjektartID="62" OBJARTKurz="3Z1Sr" OBJARTName="3-Zimmereigentumswohnung 1.Stock rechts" OBJARTTyp="0" Doppelbelegung="1"/>
  <Objektarten ObjektartID="63" OBJARTKurz="4Z1Sr" OBJARTName="4-Zimmereigentumswohnung 1.Stock rechts" OBJARTTyp="0" Doppelbelegung="1"/>
  <Objektarten ObjektartID="64" OBJARTKurz="5Z1Sr" OBJARTName="5-Zimmereigentumswohnung 1.Stock rechts" OBJARTTyp="0" Doppelbelegung="1"/>
  <Objektarten ObjektartID="65" OBJARTKurz="6Z1Sr" OBJARTName="6-Zimmereigentumswohnung 1.Stock rechts" OBJARTTyp="0" Doppelbelegung="1"/>
  <Objektarten ObjektartID="66" OBJARTKurz="7Z1Sr" OBJARTName="7-Zimmereigentumswohnung 1.Stock rechts" OBJARTTyp="0" Doppelbelegung="1"/>
  <Objektarten ObjektartID="67" OBJARTKurz="1Z1Sm" OBJARTName="1-Zimmereigentumswohnung 1.Stock Mitte" OBJARTTyp="0" Doppelbelegung="1"/>
  <Objektarten ObjektartID="68" OBJARTKurz="2Z1Sm" OBJARTName="2-Zimmereigentumswohnung 1.Stock Mitte" OBJARTTyp="0" Doppelbelegung="1"/>
  <Objektarten ObjektartID="69" OBJARTKurz="3Z1Sm" OBJARTName="3-Zimmereigentumswohnung 1.Stock Mitte" OBJARTTyp="0" Doppelbelegung="1"/>
  <Objektarten ObjektartID="70" OBJARTKurz="4Z1Sm" OBJARTName="4-Zimmereigentumswohnung 1.Stock Mitte" OBJARTTyp="0" Doppelbelegung="1"/>
  <Objektarten ObjektartID="71" OBJARTKurz="5Z1Sm" OBJARTName="5-Zimmereigentumswohnung 1.Stock Mitte" OBJARTTyp="0" Doppelbelegung="1"/>
  <Objektarten ObjektartID="72" OBJARTKurz="6Z1Sm" OBJARTName="6-Zimmereigentumswohnung 1.Stock Mitte" OBJARTTyp="0" Doppelbelegung="1"/>
  <Objektarten ObjektartID="73" OBJARTKurz="7Z1Sm" OBJARTName="7-Zimmereigentumswohnung 1.Stock Mitte" OBJARTTyp="0" Doppelbelegung="1"/>
  <Objektarten ObjektartID="74" OBJARTKurz="1Z1Sl" OBJARTName="1-Zimmereigentumswohnung 1.Stock links" OBJARTTyp="0" Doppelbelegung="1"/>
  <Objektarten ObjektartID="75" OBJARTKurz="2Z1Sl" OBJARTName="2-Zimmereigentumswohnung 1.Stock links" OBJARTTyp="0" Doppelbelegung="1"/>
  <Objektarten ObjektartID="76" OBJARTKurz="3Z1Sl" OBJARTName="3-Zimmereigentumswohnung 1.Stock links" OBJARTTyp="0" Doppelbelegung="1"/>
  <Objektarten ObjektartID="77" OBJARTKurz="4Z1Sl" OBJARTName="4-Zimmereigentumswohnung 1.Stock links" OBJARTTyp="0" Doppelbelegung="1"/>
  <Objektarten ObjektartID="78" OBJARTKurz="5Z1Sl" OBJARTName="5-Zimmereigentumswohnung 1.Stock links" OBJARTTyp="0" Doppelbelegung="1"/>
  <Objektarten ObjektartID="79" OBJARTKurz="6Z1Sl" OBJARTName="6-Zimmereigentumswohnung 1.Stock links" OBJARTTyp="0" Doppelbelegung="1"/>
  <Objektarten ObjektartID="80" OBJARTKurz="7Z1Sl" OBJARTName="7-Zimmereigentumswohnung 1.Stock links" OBJARTTyp="0" Doppelbelegung="1"/>
  <Objektarten ObjektartID="81" OBJARTKurz="1Z2Sr" OBJARTName="1-Zimmereigentumswohnung 2.Stock rechts" OBJARTTyp="0" Doppelbelegung="1"/>
  <Objektarten ObjektartID="82" OBJARTKurz="2Z2Sr" OBJARTName="2-Zimmereigentumswohnung 2.Stock rechts" OBJARTTyp="0" Doppelbelegung="1"/>
  <Objektarten ObjektartID="83" OBJARTKurz="3Z2Sr" OBJARTName="3-Zimmereigentumswohnung 2.Stock rechts" OBJARTTyp="0" Doppelbelegung="1"/>
  <Objektarten ObjektartID="84" OBJARTKurz="4Z2Sr" OBJARTName="4-Zimmereigentumswohnung 2.Stock rechts" OBJARTTyp="0" Doppelbelegung="1"/>
  <Objektarten ObjektartID="85" OBJARTKurz="5Z2Sr" OBJARTName="5-Zimmereigentumswohnung 2.Stock rechts" OBJARTTyp="0" Doppelbelegung="1"/>
  <Objektarten ObjektartID="86" OBJARTKurz="6Z2Sr" OBJARTName="6-Zimmereigentumswohnung 2.Stock rechts" OBJARTTyp="0" Doppelbelegung="1"/>
  <Objektarten ObjektartID="87" OBJARTKurz="7Z2Sr" OBJARTName="7-Zimmereigentumswohnung 2.Stock rechts" OBJARTTyp="0" Doppelbelegung="1"/>
  <Objektarten ObjektartID="88" OBJARTKurz="1Z2Sm" OBJARTName="1-Zimmereigentumswohnung 2.Stock Mitte" OBJARTTyp="0" Doppelbelegung="1"/>
  <Objektarten ObjektartID="89" OBJARTKurz="2Z2Sm" OBJARTName="2-Zimmereigentumswohnung 2.Stock Mitte" OBJARTTyp="0" Doppelbelegung="1"/>
  <Objektarten ObjektartID="90" OBJARTKurz="3Z2Sm" OBJARTName="3-Zimmereigentumswohnung 2.Stock Mitte" OBJARTTyp="0" Doppelbelegung="1"/>
  <Objektarten ObjektartID="91" OBJARTKurz="4Z2Sm" OBJARTName="4-Zimmereigentumswohnung 2.Stock Mitte" OBJARTTyp="0" Doppelbelegung="1"/>
  <Objektarten ObjektartID="92" OBJARTKurz="5Z2Sm" OBJARTName="5-Zimmereigentumswohnung 2.Stock Mitte" OBJARTTyp="0" Doppelbelegung="1"/>
  <Objektarten ObjektartID="93" OBJARTKurz="6Z2Sm" OBJARTName="6-Zimmereigentumswohnung 2.Stock Mitte" OBJARTTyp="0" Doppelbelegung="1"/>
  <Objektarten ObjektartID="94" OBJARTKurz="7Z2Sm" OBJARTName="7-Zimmereigentumswohnung 2.Stock Mitte" OBJARTTyp="0" Doppelbelegung="1"/>
  <Objektarten ObjektartID="95" OBJARTKurz="1Z2Sl" OBJARTName="1-Zimmereigentumswohnung 2.Stock links" OBJARTTyp="0" Doppelbelegung="1"/>
  <Objektarten ObjektartID="96" OBJARTKurz="2Z2Sl" OBJARTName="2-Zimmereigentumswohnung 2.Stock links" OBJARTTyp="0" Doppelbelegung="1"/>
  <Objektarten ObjektartID="97" OBJARTKurz="3Z2Sl" OBJARTName="3-Zimmereigentumswohnung 2.Stock links" OBJARTTyp="0" Doppelbelegung="1"/>
  <Objektarten ObjektartID="98" OBJARTKurz="4Z2Sl" OBJARTName="4-Zimmereigentumswohnung 2.Stock links" OBJARTTyp="0" Doppelbelegung="1"/>
  <Objektarten ObjektartID="99" OBJARTKurz="5Z2Sl" OBJARTName="5-Zimmereigentumswohnung 2.Stock links" OBJARTTyp="0" Doppelbelegung="1"/>
  <Objektarten ObjektartID="100" OBJARTKurz="6Z2Sl" OBJARTName="6-Zimmereigentumswohnung 2.Stock links" OBJARTTyp="0" Doppelbelegung="1"/>
  <Objektarten ObjektartID="101" OBJARTKurz="7Z2Sl" OBJARTName="7-Zimmereigentumswohnung 2.Stock links" OBJARTTyp="0" Doppelbelegung="1"/>
  <Objektarten ObjektartID="102" OBJARTKurz="1Z3Sr" OBJARTName="1-Zimmereigentumswohnung 3.Stock rechts" OBJARTTyp="0" Doppelbelegung="1"/>
  <Objektarten ObjektartID="103" OBJARTKurz="2Z4Sr" OBJARTName="2-Zimmereigentumswohnung 3.Stock rechts" OBJARTTyp="0" Doppelbelegung="1"/>
  <Objektarten ObjektartID="104" OBJARTKurz="3Z3Sr" OBJARTName="3-Zimmereigentumswohnung 3.Stock rechts" OBJARTTyp="0" Doppelbelegung="1"/>
  <Objektarten ObjektartID="105" OBJARTKurz="4Z3Sr" OBJARTName="4-Zimmereigentumswohnung 3.Stock rechts" OBJARTTyp="0" Doppelbelegung="1"/>
  <Objektarten ObjektartID="106" OBJARTKurz="5Z3Sr" OBJARTName="5-Zimmereigentumswohnung 3.Stock rechts" OBJARTTyp="0" Doppelbelegung="1"/>
  <Objektarten ObjektartID="107" OBJARTKurz="6Z3Sr" OBJARTName="6-Zimmereigentumswohnung 3.Stock rechts" OBJARTTyp="0" Doppelbelegung="1"/>
  <Objektarten ObjektartID="108" OBJARTKurz="7Z3Sr" OBJARTName="7-Zimmereigentumswohnung 3.Stock rechts" OBJARTTyp="0" Doppelbelegung="1"/>
  <Objektarten ObjektartID="109" OBJARTKurz="1Z3Sm" OBJARTName="1-Zimmereigentumswohnung 3.Stock Mitte" OBJARTTyp="0" Doppelbelegung="1"/>
  <Objektarten ObjektartID="110" OBJARTKurz="2Z3Sm" OBJARTName="2-Zimmereigentumswohnung 3.Stock Mitte" OBJARTTyp="0" Doppelbelegung="1"/>
  <Objektarten ObjektartID="111" OBJARTKurz="3Z3Sm" OBJARTName="3-Zimmereigentumswohnung 3.Stock Mitte" OBJARTTyp="0" Doppelbelegung="1"/>
  <Objektarten ObjektartID="112" OBJARTKurz="4Z3Sm" OBJARTName="4-Zimmereigentumswohnung 3.Stock Mitte" OBJARTTyp="0" Doppelbelegung="1"/>
  <Objektarten ObjektartID="113" OBJARTKurz="5Z3Sm" OBJARTName="5-Zimmereigentumswohnung 3.Stock Mitte" OBJARTTyp="0" Doppelbelegung="1"/>
  <Objektarten ObjektartID="114" OBJARTKurz="6Z3Sm" OBJARTName="6-Zimmereigentumswohnung 3.Stock Mitte" OBJARTTyp="0" Doppelbelegung="1"/>
  <Objektarten ObjektartID="115" OBJARTKurz="7Z3Sm" OBJARTName="7-Zimmereigentumswohnung 3.Stock Mitte" OBJARTTyp="0" Doppelbelegung="1"/>
  <Objektarten ObjektartID="116" OBJARTKurz="1Z3Sl" OBJARTName="1-Zimmereigentumswohnung 3.Stock links" OBJARTTyp="0" Doppelbelegung="1"/>
  <Objektarten ObjektartID="117" OBJARTKurz="2Z3Sl" OBJARTName="2-Zimmereigentumswohnung 3.Stock links" OBJARTTyp="0" Doppelbelegung="1"/>
  <Objektarten ObjektartID="118" OBJARTKurz="3Z3Sl" OBJARTName="3-Zimmereigentumswohnung 3.Stock links" OBJARTTyp="0" Doppelbelegung="1"/>
  <Objektarten ObjektartID="119" OBJARTKurz="4Z3Sl" OBJARTName="4-Zimmereigentumswohnung 3.Stock links" OBJARTTyp="0" Doppelbelegung="1"/>
  <Objektarten ObjektartID="120" OBJARTKurz="5Z3Sl" OBJARTName="5-Zimmereigentumswohnung 3.Stock links" OBJARTTyp="0" Doppelbelegung="1"/>
  <Objektarten ObjektartID="121" OBJARTKurz="6Z3Sl" OBJARTName="6-Zimmereigentumswohnung 3.Stock links" OBJARTTyp="0" Doppelbelegung="1"/>
  <Objektarten ObjektartID="122" OBJARTKurz="7Z3Sl" OBJARTName="7-Zimmereigentumswohnung 3.Stock links" OBJARTTyp="0" Doppelbelegung="1"/>
  <Objektarten ObjektartID="123" OBJARTKurz="1Z4Sr" OBJARTName="1-Zimmereigentumswohnung 4.Stock rechts" OBJARTTyp="0" Doppelbelegung="1"/>
  <Objektarten ObjektartID="124" OBJARTKurz="2Z4Sr" OBJARTName="2-Zimmereigentumswohnung 4.Stock rechts" OBJARTTyp="0" Doppelbelegung="1"/>
  <Objektarten ObjektartID="125" OBJARTKurz="3Z4Sr" OBJARTName="3-Zimmereigentumswohnung 4.Stock rechts" OBJARTTyp="0" Doppelbelegung="1"/>
  <Objektarten ObjektartID="126" OBJARTKurz="4Z4Sr" OBJARTName="4-Zimmereigentumswohnung 4.Stock rechts" OBJARTTyp="0" Doppelbelegung="1"/>
  <Objektarten ObjektartID="127" OBJARTKurz="5Z4Sr" OBJARTName="5-Zimmereigentumswohnung 4.Stock rechts" OBJARTTyp="0" Doppelbelegung="1"/>
  <Objektarten ObjektartID="128" OBJARTKurz="6Z4Sr" OBJARTName="6-Zimmereigentumswohnung 4.Stock rechts" OBJARTTyp="0" Doppelbelegung="1"/>
  <Objektarten ObjektartID="129" OBJARTKurz="7Z4Sr" OBJARTName="7-Zimmereigentumswohnung 4.Stock rechts" OBJARTTyp="0" Doppelbelegung="1"/>
  <Objektarten ObjektartID="130" OBJARTKurz="1Z4Sm" OBJARTName="1-Zimmereigentumswohnung 4.Stock Mitte" OBJARTTyp="0" Doppelbelegung="1"/>
  <Objektarten ObjektartID="131" OBJARTKurz="2Z4Sm" OBJARTName="2-Zimmereigentumswohnung 4.Stock Mitte" OBJARTTyp="0" Doppelbelegung="1"/>
  <Objektarten ObjektartID="132" OBJARTKurz="3Z4Sm" OBJARTName="3-Zimmereigentumswohnung 4.Stock Mitte" OBJARTTyp="0" Doppelbelegung="1"/>
  <Objektarten ObjektartID="133" OBJARTKurz="4Z4Sm" OBJARTName="4-Zimmereigentumswohnung 4.Stock Mitte" OBJARTTyp="0" Doppelbelegung="1"/>
  <Objektarten ObjektartID="134" OBJARTKurz="5Z4Sm" OBJARTName="5-Zimmereigentumswohnung 4.Stock Mitte" OBJARTTyp="0" Doppelbelegung="1"/>
  <Objektarten ObjektartID="135" OBJARTKurz="6Z4Sm" OBJARTName="6-Zimmereigentumswohnung 4.Stock Mitte" OBJARTTyp="0" Doppelbelegung="1"/>
  <Objektarten ObjektartID="136" OBJARTKurz="7Z4Sm" OBJARTName="7-Zimmereigentumswohnung 4.Stock Mitte" OBJARTTyp="0" Doppelbelegung="1"/>
  <Objektarten ObjektartID="137" OBJARTKurz="1Z4Sl" OBJARTName="1-Zimmereigentumswohnung 4.Stock links" OBJARTTyp="0" Doppelbelegung="1"/>
  <Objektarten ObjektartID="138" OBJARTKurz="2Z4Sl" OBJARTName="2-Zimmereigentumswohnung 4.Stock links" OBJARTTyp="0" Doppelbelegung="1"/>
  <Objektarten ObjektartID="139" OBJARTKurz="3Z4Sl" OBJARTName="3-Zimmereigentumswohnung 4.Stock links" OBJARTTyp="0" Doppelbelegung="1"/>
  <Objektarten ObjektartID="140" OBJARTKurz="4Z4Sl" OBJARTName="4-Zimmereigentumswohnung 4.Stock links" OBJARTTyp="0" Doppelbelegung="1"/>
  <Objektarten ObjektartID="141" OBJARTKurz="5Z4Sl" OBJARTName="5-Zimmereigentumswohnung 4.Stock links" OBJARTTyp="0" Doppelbelegung="1"/>
  <Objektarten ObjektartID="142" OBJARTKurz="6Z4Sl" OBJARTName="6-Zimmereigentumswohnung 4.Stock links" OBJARTTyp="0" Doppelbelegung="1"/>
  <Objektarten ObjektartID="143" OBJARTKurz="7Z4Sl" OBJARTName="7-Zimmereigentumswohnung 4.Stock links" OBJARTTyp="0" Doppelbelegung="1"/>
  <Objektarten ObjektartID="144" OBJARTKurz="1Z5Sr" OBJARTName="1-Zimmereigentumswohnung 5.Stock rechts" OBJARTTyp="0" Doppelbelegung="1"/>
  <Objektarten ObjektartID="145" OBJARTKurz="2Z5Sr" OBJARTName="2-Zimmereigentumswohnung 5.Stock rechts" OBJARTTyp="0" Doppelbelegung="1"/>
  <Objektarten ObjektartID="146" OBJARTKurz="3Z5Sr" OBJARTName="3-Zimmereigentumswohnung 5.Stock rechts" OBJARTTyp="0" Doppelbelegung="1"/>
  <Objektarten ObjektartID="147" OBJARTKurz="4Z5Sr" OBJARTName="4-Zimmereigentumswohnung 5.Stock rechts" OBJARTTyp="0" Doppelbelegung="1"/>
  <Objektarten ObjektartID="148" OBJARTKurz="5Z5Sr" OBJARTName="5-Zimmereigentumswohnung 5.Stock rechts" OBJARTTyp="0" Doppelbelegung="1"/>
  <Objektarten ObjektartID="149" OBJARTKurz="6Z5Sr" OBJARTName="6-Zimmereigentumswohnung 5.Stock rechts" OBJARTTyp="0" Doppelbelegung="1"/>
  <Objektarten ObjektartID="150" OBJARTKurz="7Z5Sr" OBJARTName="7-Zimmereigentumswohnung 5.Stock rechts" OBJARTTyp="0" Doppelbelegung="1"/>
  <Objektarten ObjektartID="151" OBJARTKurz="1Z5Sm" OBJARTName="1-Zimmereigentumswohnung 5.Stock Mitte" OBJARTTyp="0" Doppelbelegung="1"/>
  <Objektarten ObjektartID="152" OBJARTKurz="2Z5Sm" OBJARTName="2-Zimmereigentumswohnung 5.Stock Mitte" OBJARTTyp="0" Doppelbelegung="1"/>
  <Objektarten ObjektartID="153" OBJARTKurz="3Z5Sm" OBJARTName="3-Zimmereigentumswohnung 5.Stock Mitte" OBJARTTyp="0" Doppelbelegung="1"/>
  <Objektarten ObjektartID="154" OBJARTKurz="4Z5Sm" OBJARTName="4-Zimmereigentumswohnung 5.Stock Mitte" OBJARTTyp="0" Doppelbelegung="1"/>
  <Objektarten ObjektartID="155" OBJARTKurz="5Z5Sm" OBJARTName="5-Zimmereigentumswohnung 5.Stock Mitte" OBJARTTyp="0" Doppelbelegung="1"/>
  <Objektarten ObjektartID="156" OBJARTKurz="6Z5Sm" OBJARTName="6-Zimmereigentumswohnung 5.Stock Mitte" OBJARTTyp="0" Doppelbelegung="1"/>
  <Objektarten ObjektartID="157" OBJARTKurz="7Z5Sm" OBJARTName="7-Zimmereigentumswohnung 5.Stock Mitte" OBJARTTyp="0" Doppelbelegung="1"/>
  <Objektarten ObjektartID="158" OBJARTKurz="1Z5Sl" OBJARTName="1-Zimmereigentumswohnung 5.Stock links" OBJARTTyp="0" Doppelbelegung="1"/>
  <Objektarten ObjektartID="159" OBJARTKurz="2Z5Sl" OBJARTName="2-Zimmereigentumswohnung 5.Stock links" OBJARTTyp="0" Doppelbelegung="1"/>
  <Objektarten ObjektartID="160" OBJARTKurz="3Z5Sl" OBJARTName="3-Zimmereigentumswohnung 5.Stock links" OBJARTTyp="0" Doppelbelegung="1"/>
  <Objektarten ObjektartID="161" OBJARTKurz="4Z5Sl" OBJARTName="4-Zimmereigentumswohnung 5.Stock links" OBJARTTyp="0" Doppelbelegung="1"/>
  <Objektarten ObjektartID="162" OBJARTKurz="5Z5Sl" OBJARTName="5-Zimmereigentumswohnung 5.Stock links" OBJARTTyp="0" Doppelbelegung="1"/>
  <Objektarten ObjektartID="163" OBJARTKurz="6Z5Sl" OBJARTName="6-Zimmereigentumswohnung 5.Stock links" OBJARTTyp="0" Doppelbelegung="1"/>
  <Objektarten ObjektartID="164" OBJARTKurz="7Z5Sl" OBJARTName="7-Zimmereigentumswohnung 5.Stock links" OBJARTTyp="0" Doppelbelegung="1"/>
  <Objektarten ObjektartID="165" OBJARTKurz="1Z2S" OBJARTName="1 Zimmereigentumswohnung 2.Stock" OBJARTTyp="0" Doppelbelegung="1"/>
  <Objektarten ObjektartID="166" OBJARTKurz="5Z1S" OBJARTName="5-Zimmereigentumswohnung 1.Stock" OBJARTTyp="0" Doppelbelegung="1"/>
  <Objektarten ObjektartID="167" OBJARTKurz="3Z1S" OBJARTName="3-Zimmereigentumswohnung 1.Stock" OBJARTTyp="0" Doppelbelegung="1"/>
  <Objektarten ObjektartID="168" OBJARTKurz="4Z4S" OBJARTName="4-Zimmereigentumswohnung 4.Stock" OBJARTTyp="0" Doppelbelegung="1"/>
  <Objektarten ObjektartID="169" OBJARTKurz="3Z4S" OBJARTName="3-Zimmereigentumswohnung 4.Stock" OBJARTTyp="0" Doppelbelegung="1"/>
  <Objektarten ObjektartID="170" OBJARTKurz="5Z2S" OBJARTName="5-Zimmereigentumswohnung 2.Stock" OBJARTTyp="0" Doppelbelegung="1"/>
  <Objektarten ObjektartID="171" OBJARTKurz="3ZE" OBJARTName="3-Zimmereigentumswohnung Erdgeschoß" OBJARTTyp="0" Doppelbelegung="1"/>
  <Objektarten ObjektartID="172" OBJARTKurz="3ZE" OBJARTName="3-Zimmereigentumswohnung Erdgeschoß" OBJARTTyp="0" Doppelbelegung="1"/>
  <Objektarten ObjektartID="173" OBJARTKurz="3ZE" OBJARTName="3-Zimmereigentumswohnung EG" OBJARTTyp="0" Doppelbelegung="1"/>
  <Objektarten ObjektartID="174" OBJARTKurz="6Z3S" OBJARTName="6-Zimmereigentumswohnung 3.Stock" OBJARTTyp="0" Doppelbelegung="1"/>
  <Objektarten ObjektartID="175" OBJARTKurz="2ZD" OBJARTName="2-Zimmereigentumswohnung Dachgeschoß" OBJARTTyp="0" Doppelbelegung="1"/>
  <Objektarten ObjektartID="176" OBJARTKurz="RH" OBJARTName="Reihenhaus" OBJARTTyp="0" Doppelbelegung="0"/>
  <Objektarten ObjektartID="177" OBJARTKurz="ETW" OBJARTName="Eigentumswohnungen" OBJARTTyp="0" Doppelbelegung="0"/>
  <Objektarten ObjektartID="178" OBJARTKurz="WBUN" OBJARTName="Walmdachbungalow" OBJARTTyp="0" Doppelbelegung="0"/>
  <Objektarten ObjektartID="179" OBJARTKurz="5Z3S" OBJARTName="5-Zimmereigentumswohnung 3.Stock" OBJARTTyp="0" Doppelbelegung="1"/>
  <Objektarten ObjektartID="180" OBJARTKurz="2ZK" OBJARTName="2-Zimmereigentumswohnung Keller" OBJARTTyp="0" Doppelbelegung="1"/>
  <Objektarten ObjektartID="181" OBJARTKurz="2ZEml" OBJARTName="2-Zimmereigentumswohnung EG Mitte links" OBJARTTyp="0" Doppelbelegung="1"/>
  <Objektarten ObjektartID="182" OBJARTKurz="2Z2Sml" OBJARTName="2-Zimmereigentumswohnung 2.Stock Mitte links" OBJARTTyp="0" Doppelbelegung="1"/>
  <Objektarten ObjektartID="183" OBJARTKurz="2ZDmr" OBJARTName="2-Zimmereigentumswohnung DG Mitte rechts" OBJARTTyp="0" Doppelbelegung="1"/>
  <Objektarten ObjektartID="184" OBJARTKurz="1ZDr" OBJARTName="1-Zimmereigetumswohnung DG rechts" OBJARTTyp="0" Doppelbelegung="1"/>
  <Objektarten ObjektartID="185" OBJARTKurz="2Z1Sml" OBJARTName="2-Zimmereigentumswohnung 1.Stock Mitte links" OBJARTTyp="0" Doppelbelegung="1"/>
  <Objektarten ObjektartID="186" OBJARTKurz="5ZE" OBJARTName="5-Zimmereigentumswohnung EG" OBJARTTyp="0" Doppelbelegung="1"/>
  <Objektarten ObjektartID="187" OBJARTKurz="6Z2Sh" OBJARTName="6-Zimmereigentumswohnung 2.Stock hinten" OBJARTTyp="0" Doppelbelegung="1"/>
  <Objektarten ObjektartID="188" OBJARTKurz="2ZDl" OBJARTName="2-Zimmereigentumswohnung DG links" OBJARTTyp="0" Doppelbelegung="1"/>
  <Objektarten ObjektartID="189" OBJARTKurz="2ZDr" OBJARTName="2-Zimmereigentumswohnung DG rechts" OBJARTTyp="0" Doppelbelegung="1"/>
  <Objektarten ObjektartID="190" OBJARTKurz="4ZDl" OBJARTName="4-Zimmereigentumswohnung DG links" OBJARTTyp="0" Doppelbelegung="1"/>
  <Objektarten ObjektartID="191" OBJARTKurz="4ZDr" OBJARTName="4-Zimmereigentumswohnung DG rechts" OBJARTTyp="0" Doppelbelegung="1"/>
  <Objektarten ObjektartID="192" OBJARTKurz="7ZE" OBJARTName="7-Zimmereigentumswohnung EG" OBJARTTyp="0" Doppelbelegung="1"/>
  <Objektarten ObjektartID="193" OBJARTKurz="7Z7Sr" OBJARTName="7-Zimmereigentumswohnung 7.Stock rechts" OBJARTTyp="0" Doppelbelegung="1"/>
  <Objektarten ObjektartID="194" OBJARTKurz="4Z7Sr" OBJARTName="4-Zimmereigentumswohnung 7.Stock rechts" OBJARTTyp="0" Doppelbelegung="1"/>
  <Objektarten ObjektartID="195" OBJARTKurz="1Z3S" OBJARTName="1-Zimmereigentumswohnung 3.Stock" OBJARTTyp="0" Doppelbelegung="1"/>
  <Objektarten ObjektartID="196" OBJARTKurz="1Z4S" OBJARTName="1-Zimmereigentumswohnung 4.Stock" OBJARTTyp="0" Doppelbelegung="1"/>
  <Objektarten ObjektartID="197" OBJARTKurz="3ZD" OBJARTName="3-Zimmereigentumswohnung Dachgeschoß" OBJARTTyp="0" Doppelbelegung="1"/>
  <Objektarten ObjektartID="198" OBJARTKurz="4Z1Srm" OBJARTName="4-Zimmereigentumswohnung 1.Stock rechts Mitte" OBJARTTyp="0" Doppelbelegung="1"/>
  <Objektarten ObjektartID="199" OBJARTKurz="7Z2Sh" OBJARTName="7-Zimmereigentumswohnung 2.Stock hinten" OBJARTTyp="0" Doppelbelegung="1"/>
  <Objektarten ObjektartID="200" OBJARTKurz="4Z1S" OBJARTName="4-Zimmereigentumswohnung 1.Stock" OBJARTTyp="0" Doppelbelegung="1"/>
  <Objektarten ObjektartID="201" OBJARTKurz="3Z2S" OBJARTName="3-Zimmereigentumswohnung 2.Stock" OBJARTTyp="0" Doppelbelegung="1"/>
  <Objektarten ObjektartID="202" OBJARTKurz="3ZDr" OBJARTName="3-Zimmereigentumswohnung Dachgeschoß rechts" OBJARTTyp="0" Doppelbelegung="1"/>
  <Objektarten ObjektartID="203" OBJARTKurz="2ZDm" OBJARTName="2-Zimmereigentumswohnung Dachgeschoß Mitte" OBJARTTyp="0" Doppelbelegung="1"/>
  <Objektarten ObjektartID="204" OBJARTKurz="7Z3S" OBJARTName="7-Zimmereigentumswohnung 3.Stock" OBJARTTyp="0" Doppelbelegung="1"/>
  <Objektarten ObjektartID="206" OBJARTKurz="5½Z4Sr" OBJARTName="5 1/2-Zimmereigentumswohnung 4.Stock rechts" OBJARTTyp="0" Doppelbelegung="1"/>
  <Objektarten ObjektartID="207" OBJARTKurz="3ZPl" OBJARTName="3-Zimmerpenthouseeigentumswohnung links" OBJARTTyp="0" Doppelbelegung="1"/>
  <Objektarten ObjektartID="208" OBJARTKurz="3½ZE" OBJARTName="3 1/2-Zimmereigentumswohnung Erdgeschoß" OBJARTTyp="0" Doppelbelegung="1"/>
  <Objektarten ObjektartID="209" OBJARTKurz="5ZErG" OBJARTName="5-Zimmereigentumsgeschäft Erdgeschoß rechts" OBJARTTyp="0" Doppelbelegung="1"/>
  <Objektarten ObjektartID="210" OBJARTKurz="GWG" OBJARTName="Gewerbegrundstück" OBJARTTyp="0" Doppelbelegung="0"/>
  <Objektarten ObjektartID="211" OBJARTKurz="7Z1S" OBJARTName="7-Zimmereigentumswohnung 1.Stock" OBJARTTyp="0" Doppelbelegung="1"/>
  <Objektarten ObjektartID="212" OBJARTKurz="2Z1Sv" OBJARTName="2-Zimmereigentumswohnung 1.Stock vorne" OBJARTTyp="0" Doppelbelegung="1"/>
  <Objektarten ObjektartID="213" OBJARTKurz="4Z2Sv" OBJARTName="4-Zimmereigentumswohnung 2.Stock vorne" OBJARTTyp="0" Doppelbelegung="1"/>
  <Objektarten ObjektartID="214" OBJARTKurz="3Z3Sv" OBJARTName="3-Zimmereigentumswohnung 3.Stock vorne" OBJARTTyp="0" Doppelbelegung="1"/>
  <Objektarten ObjektartID="215" OBJARTKurz="2Z4Sh" OBJARTName="2-Zimmereigentumswohnung 4.Stock hinten" OBJARTTyp="0" Doppelbelegung="1"/>
  <Objektarten ObjektartID="216" OBJARTKurz="3Z1Sv" OBJARTName="3-Zimmereigentumswohnung 1.Stock vorne" OBJARTTyp="0" Doppelbelegung="1"/>
  <Objektarten ObjektartID="217" OBJARTKurz="2Z2Sh" OBJARTName="2-Zimmereigentumswohnung 2.Stock hinten" OBJARTTyp="0" Doppelbelegung="1"/>
  <Objektarten ObjektartID="219" OBJARTKurz="4½Z2Sl" OBJARTName="4½-Zimmereigentumswohnung 2.Stock links" OBJARTTyp="0" Doppelbelegung="1"/>
  <Objektarten ObjektartID="220" OBJARTKurz="GEWEH" OBJARTName="Teileigentum Gewerbe Erdgeschoß Hof" OBJARTTyp="0" Doppelbelegung="1"/>
  <Objektarten ObjektartID="221" OBJARTKurz="3½Z4S" OBJARTName="3½-Zimmereigentumswohnung 4.Stock" OBJARTTyp="0" Doppelbelegung="1"/>
  <Objektarten ObjektartID="222" OBJARTKurz="6½Z1S" OBJARTName="6½-Zimmereigentumswohnung 1.Stock" OBJARTTyp="0" Doppelbelegung="1"/>
  <Objektarten ObjektartID="223" OBJARTKurz="3½Z1S" OBJARTName="3½-Zimmereigentumswohnung 1. Stock" OBJARTTyp="0" Doppelbelegung="1"/>
  <Objektarten ObjektartID="224" OBJARTKurz="2ZEmr" OBJARTName="2-Zimmereigentumswohnung EG Mitte rechts" OBJARTTyp="0" Doppelbelegung="1"/>
  <Objektarten ObjektartID="225" OBJARTKurz="2Z1Smr" OBJARTName="2-Zimmereigentumswohnung 1. Stock Mitte rechts" OBJARTTyp="0" Doppelbelegung="1"/>
  <Objektarten ObjektartID="226" OBJARTKurz="2Z2Smr" OBJARTName="2-Zimmereigentumswohnung 2. Stock Mitte rechts" OBJARTTyp="0" Doppelbelegung="1"/>
  <Objektarten ObjektartID="227" OBJARTKurz="3ZDl" OBJARTName="3-Zimmereigentumswohnung Dachgeschoß links" OBJARTTyp="0" Doppelbelegung="1"/>
  <Objektarten ObjektartID="228" OBJARTKurz="4½Z4S" OBJARTName="4½-Zimmereigentumswohnung 4. Stock" OBJARTTyp="0" Doppelbelegung="1"/>
  <Objektarten ObjektartID="229" OBJARTKurz="2Z4S" OBJARTName="2 Zimmereigentumswohnung 4. Stock" OBJARTTyp="0" Doppelbelegung="1"/>
  <Objektarten ObjektartID="230" OBJARTKurz="2½Z3Sr" OBJARTName="2½-Zimmereigentumswohnung 3. Stock rechts" OBJARTTyp="0" Doppelbelegung="1"/>
  <Objektarten ObjektartID="231" OBJARTKurz="5½Z4Sl" OBJARTName="5½-Zimmereigentumswohnung 4. Stock links" OBJARTTyp="0" Doppelbelegung="1"/>
  <Objektarten ObjektartID="233" OBJARTKurz="3FH" OBJARTName="Dreifamilienhaus" OBJARTTyp="0" Doppelbelegung="0"/>
  <Objektarten ObjektartID="235" OBJARTKurz="4Z8Sr" OBJARTName="4-Zimmereigentumswohnung 8.Stock rechts" OBJARTTyp="0" Doppelbelegung="1"/>
  <Objektarten ObjektartID="237" OBJARTKurz="4ZD" OBJARTName="4-Zimmereigentumswohnung DG" OBJARTTyp="0" Doppelbelegung="1"/>
  <Objektarten ObjektartID="238" OBJARTKurz="3½Z3Sr" OBJARTName="3½-Zimmereigentumswohnung 3. Stock rechts" OBJARTTyp="0" Doppelbelegung="1"/>
  <Objektarten ObjektartID="239" OBJARTKurz="2½ZEr" OBJARTName="2½-Zimmereigentumswohnung EG rechts" OBJARTTyp="0" Doppelbelegung="1"/>
  <Objektarten ObjektartID="240" OBJARTKurz="2½ZEl" OBJARTName="2½-Zimmereigentumswohnung EG links" OBJARTTyp="0" Doppelbelegung="1"/>
  <Objektarten ObjektartID="241" OBJARTKurz="2½Z2Sr" OBJARTName="2½-Zimmereigentumswohnung 2. Stock rechts" OBJARTTyp="0" Doppelbelegung="1"/>
  <Objektarten ObjektartID="242" OBJARTKurz="2½Z2Sl" OBJARTName="2½-Zimmereigentumswohnung 2.Stock links" OBJARTTyp="0" Doppelbelegung="1"/>
  <Objektarten ObjektartID="243" OBJARTKurz="2½Z3Sl" OBJARTName="2½-Zimmereigentumswohnung 3.Stock links" OBJARTTyp="0" Doppelbelegung="1"/>
  <Objektarten ObjektartID="244" OBJARTKurz="2½Z4Sr" OBJARTName="2½-Zimmereigentumswohnung 4.Stock rechts" OBJARTTyp="0" Doppelbelegung="1"/>
  <Objektarten ObjektartID="245" OBJARTKurz="5½1Sr" OBJARTName="5½-Zimmereigentumswohnung 1.Stock rechts" OBJARTTyp="0" Doppelbelegung="1"/>
  <Objektarten ObjektartID="246" OBJARTKurz="3ZETW" OBJARTName="3Zimmer-Eigentumswohnung" OBJARTTyp="0" Doppelbelegung="1"/>
  <Objektarten ObjektartID="247" OBJARTKurz="4ZSv" OBJARTName="4-Zimmereigentumswohnung 2. Stock vorne" OBJARTTyp="0" Doppelbelegung="1"/>
  <Objektarten ObjektartID="248" OBJARTKurz="3Z2Sh" OBJARTName="3-Zimmereigentumswohnung 2.Stock hinten" OBJARTTyp="0" Doppelbelegung="1"/>
  <Objektarten ObjektartID="249" OBJARTKurz="7Z2S" OBJARTName="7-Zimmereigentumswohnung 2.Stock" OBJARTTyp="0" Doppelbelegung="1"/>
  <Objektarten ObjektartID="250" OBJARTKurz="6Z2S" OBJARTName="6-Zimmereigentumswohnung 2.Stock" OBJARTTyp="0" Doppelbelegung="1"/>
  <Objektarten ObjektartID="251" OBJARTKurz="8Z2S" OBJARTName="8-Zimmereigentumswohnung 2. Stock" OBJARTTyp="0" Doppelbelegung="1"/>
  <Objektarten ObjektartID="252" OBJARTKurz="4½Z3Sl" OBJARTName="4½-Zimmereigentumswohnung 3.Stock links" OBJARTTyp="0" Doppelbelegung="1"/>
  <Objektarten ObjektartID="253" OBJARTKurz="5Z7S1" OBJARTName="5-Zimmereigentumswohnung 7.OG erste Wohnung" OBJARTTyp="0" Doppelbelegung="1"/>
  <Objektarten ObjektartID="254" OBJARTKurz="2Z6S" OBJARTName="2-Zimmereigentumswohnung 6.Stock" OBJARTTyp="0" Doppelbelegung="1"/>
  <Objektarten ObjektartID="255" OBJARTKurz="2Z8S" OBJARTName="2-Zimmer-Eigentumswohnung 8. Stock" OBJARTTyp="0" Doppelbelegung="1"/>
  <Objektarten ObjektartID="257" OBJARTKurz="HS1048" OBJARTName="Neuwertige Doppelhaushälfte" OBJARTTyp="0" Doppelbelegung="1"/>
  <Objektarten ObjektartID="258" OBJARTKurz="3Z4SD" OBJARTName="3-Zimmereigentumswohnung 4.Stock Dachgeschoß" OBJARTTyp="0" Doppelbelegung="1"/>
  <Objektarten ObjektartID="260" OBJARTKurz="3Z3SMD" OBJARTName="3-Zimmereigentumswohnung 3.Stock DG-Maisonette" OBJARTTyp="0" Doppelbelegung="1"/>
  <Objektarten ObjektartID="261" OBJARTKurz="5Z5SMD" OBJARTName="5-Zimmereigentumswohnung 5.Stock DG-Maisonette" OBJARTTyp="0" Doppelbelegung="1"/>
  <Objektarten ObjektartID="262" OBJARTKurz="2Z4SD" OBJARTName="2-Zimmereigentumswohnung 4.Stock Dachgeschoß" OBJARTTyp="0" Doppelbelegung="1"/>
  <Objektarten ObjektartID="263" OBJARTKurz="4Z11S" OBJARTName="4-Zimmer-Eigentumswohnung 11.OG" OBJARTTyp="0" Doppelbelegung="1"/>
  <Objektarten ObjektartID="264" OBJARTKurz="10ZEG" OBJARTName="10-Zimmereigentumswohnung EG" OBJARTTyp="0" Doppelbelegung="1"/>
  <Objektarten ObjektartID="265" OBJARTKurz="9Z5S" OBJARTName="9-Zimmereigentumswohnung 5. Stock" OBJARTTyp="0" Doppelbelegung="1"/>
  <Objektarten ObjektartID="266" OBJARTKurz="1Z7SD" OBJARTName="1-Zimmer-Eigentumswohnung 7.Stock Dach" OBJARTTyp="0" Doppelbelegung="1"/>
  <Objektarten ObjektartID="267" OBJARTKurz="1-Zi.-6 OG" OBJARTName="1-Zimmereigentumswohnung, 6. OG" OBJARTTyp="0" Doppelbelegung="1"/>
  <Objektarten ObjektartID="268" OBJARTKurz="1Z6S" OBJARTName="1-Zimmereigentumswohnung 6.Stock" OBJARTTyp="0" Doppelbelegung="1"/>
  <Objektarten ObjektartID="269" OBJARTKurz="3Z7S" OBJARTName="3-Zimmer-Eigentumswohnung, 7. Stock" OBJARTTyp="0" Doppelbelegung="1"/>
  <Objektarten ObjektartID="270" OBJARTKurz="2 1/2-Zi" OBJARTName="2 1/2-Zimmer-Eigentumswohnung DG" OBJARTTyp="0" Doppelbelegung="1"/>
  <Objektarten ObjektartID="271" OBJARTKurz="EKZ" OBJARTName="Einkaufszentrum" OBJARTTyp="0" Doppelbelegung="0"/>
  <Objektsuch ObjektsuchID="1" Suchtext="kein Kontakt"/>
  <Objektsuch ObjektsuchID="2" Suchtext="kein Verkauf oder Vermietung"/>
  <Objektsuch ObjektsuchID="3" Suchtext="Verkauf oder Vermietung in Zukunft"/>
  <Objektsuch ObjektsuchID="4" Suchtext="Verkauf oder Vermietung durch anderen Makler"/>
  <Objektsuch ObjektsuchID="5" Suchtext="Verkauf oder Vermietung durch uns"/>
  <Objektsuch ObjektsuchID="6" Suchtext="Verkauft oder vermietet selbst"/>
  <Objektsuch ObjektsuchID="7" Suchtext="Verkauf oder Vermietung durch uns in Zukunft"/>
  <Objektsuch ObjektsuchID="8" Suchtext="Haus nicht existent"/>
  <Objektsuch ObjektsuchID="9" Suchtext="Ordner ohne Focus"/>
  <Orte OrtID="1" OrtName="Hannover" LandID="28"/>
  <Orte OrtID="2" OrtName="Barsinghausen" OrtPLZ="30890" LandID="28"/>
  <Orte OrtID="3" OrtName="Ronnenberg" OrtPLZ="30952" LandID="28"/>
  <Orte OrtID="4" OrtName="Lehrte" OrtPLZ="31275" LandID="28"/>
  <Orte OrtID="5" OrtName="Gehrden" OrtPLZ="30989" LandID="28"/>
  <Orte OrtID="6" OrtName="Seelze" OrtPLZ="30926" LandID="28"/>
  <Orte OrtID="7" OrtName="Peine" LandID="28"/>
  <Orte OrtID="8" OrtName="Braunschweig" LandID="28"/>
  <Orte OrtID="9" OrtName="Hildesheim" LandID="28"/>
  <Orte OrtID="10" OrtName="Salzgitter" OrtPLZ="" LandID="28"/>
  <Orte OrtID="11" OrtName="Kassel" LandID="28"/>
  <Orte OrtID="13" OrtName="Hemmingen" OrtPLZ="30966" LandID="28"/>
  <Orte OrtID="14" OrtName="Apelern" OrtPLZ="31552" LandID="28"/>
  <Orte OrtID="16" OrtName="Freiburg im Breisgau" OrtPLZ="" LandID="28"/>
  <Orte OrtID="17" OrtName="Köln" OrtPLZ="" LandID="28"/>
  <Orte OrtID="18" OrtName="Berlin" LandID="28"/>
  <Orte OrtID="19" OrtName="Hameln" LandID="28"/>
  <Orte OrtID="20" OrtName="Burgdorf" OrtPLZ="31303" LandID="28"/>
  <Orte OrtID="21" OrtName="Isernhagen" OrtPLZ="30916" LandID="28"/>
  <Orte OrtID="22" OrtName="Neustadt" OrtPLZ="31535" LandID="28"/>
  <Orte OrtID="24" OrtName="Lauenau" OrtPLZ="31867" LandID="28"/>
  <Orte OrtID="25" OrtName="Wedemark" OrtPLZ="30900" LandID="28"/>
  <Orte OrtID="26" OrtName="Bonn" LandID="28"/>
  <Orte OrtID="27" OrtName="Langenhagen" OrtPLZ="" LandID="28"/>
  <Orte OrtID="30" OrtName="Rehburg-Loccum" OrtPLZ="31547" LandID="28"/>
  <Orte OrtID="31" OrtName="Werlaburgdorf" OrtPLZ="38315" LandID="28"/>
  <Orte OrtID="32" OrtName="Stadthagen" OrtPLZ="31655" LandID="28"/>
  <Orte OrtID="33" OrtName="Grevenbroich" OrtPLZ="" LandID="28"/>
  <Orte OrtID="34" OrtName="Bennigsen" OrtPLZ="31832" LandID="28"/>
  <Orte OrtID="36" OrtName="Rehden" OrtPLZ="31039" LandID="28"/>
  <Orte OrtID="37" OrtName="Hessisch Oldendorf" OrtPLZ="31840" LandID="28"/>
  <Orte OrtID="39" OrtName="Hamburg" LandID="28"/>
  <Orte OrtID="40" OrtName="Burgwedel" OrtPLZ="30938" LandID="28"/>
  <Orte OrtID="41" OrtName="Frankfurt am Main" OrtPLZ="" LandID="28"/>
  <Orte OrtID="42" OrtName="Essen" LandID="28"/>
  <Orte OrtID="44" OrtName="Lilienthal" OrtPLZ="" LandID="28"/>
  <Orte OrtID="45" OrtName="Münster" OrtPLZ="" LandID="28"/>
  <Orte OrtID="46" OrtName="Bad Soden" OrtPLZ="" LandID="28"/>
  <Orte OrtID="47" OrtName="Mörfelden-Walldorf" OrtPLZ="64546" LandID="28"/>
  <Orte OrtID="48" OrtName="Füssen" OrtPLZ="" LandID="28"/>
  <Orte OrtID="49" OrtName="Karlsruhe" OrtPLZ="" LandID="28"/>
  <Orte OrtID="50" OrtName="Wiesbaden" OrtPLZ="" LandID="28"/>
  <Orte OrtID="51" OrtName="Bierbergen" OrtPLZ="" LandID="28"/>
  <Orte OrtID="52" OrtName="Porta Westfalica" OrtPLZ="32457" LandID="28"/>
  <Orte OrtID="53" OrtName="Schwelm/Westfalen" OrtPLZ="" LandID="28"/>
  <Orte OrtID="54" OrtName="Haverlah" OrtPLZ="38275" LandID="28"/>
  <Orte OrtID="55" OrtName="Diekholzen" OrtPLZ="31199" LandID="28"/>
  <Orte OrtID="72" OrtName="Aachen" LandID="28"/>
  <Orte OrtID="73" OrtName="Adendorf" LandID="28"/>
  <Orte OrtID="74" OrtName="Alfeld" OrtPLZ="" LandID="28"/>
  <Orte OrtID="75" OrtName="Alfter" OrtPLZ="" LandID="28"/>
  <Orte OrtID="76" OrtName="Algermissen" OrtPLZ="" LandID="28"/>
  <Orte OrtID="78" OrtName="Amöneburg" OrtPLZ="" LandID="28"/>
  <Orte OrtID="79" OrtName="Arnum" OrtPLZ="" LandID="28"/>
  <Orte OrtID="81" OrtName="Auetal" OrtPLZ="" LandID="28"/>
  <Orte OrtID="82" OrtName="Auhagen" OrtPLZ="" LandID="28"/>
  <Orte OrtID="83" OrtName="Bad Gandersheim" OrtPLZ="" LandID="28"/>
  <Orte OrtID="84" OrtName="Bad Harzburg" OrtPLZ="" LandID="28"/>
  <Orte OrtID="85" OrtName="Bad Homburg" OrtPLZ="" LandID="28"/>
  <Orte OrtID="86" OrtName="Bad Lauterberg" OrtPLZ="" LandID="28"/>
  <Orte OrtID="87" OrtName="Bad Liebenzell" OrtPLZ="" LandID="28"/>
  <Orte OrtID="88" OrtName="Bad Lippspringe" OrtPLZ="" LandID="28"/>
  <Orte OrtID="89" OrtName="Bad Münder" OrtPLZ="31848" LandID="28"/>
  <Orte OrtID="91" OrtName="Bad Nenndorf" LandID="28"/>
  <Orte OrtID="93" OrtName="Bad Neuenahr-Ahrweiler" OrtPLZ="53474" LandID="28"/>
  <Orte OrtID="94" OrtName="Bad Pyrmont" OrtPLZ="" LandID="28"/>
  <Orte OrtID="95" OrtName="Bad Salzdetfurth" OrtPLZ="" LandID="28"/>
  <Orte OrtID="97" OrtName="Bad Zwischenahn" OrtPLZ="" LandID="28"/>
  <Orte OrtID="98" OrtName="Baden Baden" OrtPLZ="" LandID="28"/>
  <Orte OrtID="99" OrtName="Beckum" OrtPLZ="" LandID="28"/>
  <Orte OrtID="100" OrtName="Bergen" OrtPLZ="" LandID="28"/>
  <Orte OrtID="101" OrtName="Bielefeld" OrtPLZ="" LandID="28"/>
  <Orte OrtID="102" OrtName="Binnen" OrtPLZ="" LandID="28"/>
  <Orte OrtID="103" OrtName="Bobingen" OrtPLZ="" LandID="28"/>
  <Orte OrtID="104" OrtName="Bochum" OrtPLZ="" LandID="28"/>
  <Orte OrtID="105" OrtName="Bodenwerder" OrtPLZ="" LandID="28"/>
  <Orte OrtID="106" OrtName="Bopfingen" OrtPLZ="" LandID="28"/>
  <Orte OrtID="107" OrtName="Bottrop" OrtPLZ="" LandID="28"/>
  <Orte OrtID="108" OrtName="Bovenden" OrtPLZ="" LandID="28"/>
  <Orte OrtID="109" OrtName="Bremen" LandID="28"/>
  <Orte OrtID="110" OrtName="Bremerhaven" OrtPLZ="" LandID="28"/>
  <Orte OrtID="111" OrtName="Buchholz" OrtPLZ="" LandID="28"/>
  <Orte OrtID="112" OrtName="Bückeburg" OrtPLZ="" LandID="28"/>
  <Orte OrtID="114" OrtName="Calberlah" OrtPLZ="" LandID="28"/>
  <Orte OrtID="115" OrtName="Celle" LandID="28"/>
  <Orte OrtID="116" OrtName="Celle-Westercelle" OrtPLZ="" LandID="28"/>
  <Orte OrtID="117" OrtName="Coppenbrügge" OrtPLZ="" LandID="28"/>
  <Orte OrtID="118" OrtName="Darmstadt" OrtPLZ="" LandID="28"/>
  <Orte OrtID="119" OrtName="Delligsen" OrtPLZ="" LandID="28"/>
  <Orte OrtID="120" OrtName="Delmenhorst" OrtPLZ="" LandID="28"/>
  <Orte OrtID="121" OrtName="Detmold" OrtPLZ="" LandID="28"/>
  <Orte OrtID="122" OrtName="Dietenbach" OrtPLZ="" LandID="28"/>
  <Orte OrtID="123" OrtName="Donaueschingen" OrtPLZ="" LandID="28"/>
  <Orte OrtID="124" OrtName="Dorfen" OrtPLZ="" LandID="28"/>
  <Orte OrtID="125" OrtName="Dortmund" LandID="28"/>
  <Orte OrtID="126" OrtName="Düdinghausen" OrtPLZ="" LandID="28"/>
  <Orte OrtID="127" OrtName="Düsseldorf" LandID="28"/>
  <Orte OrtID="128" OrtName="Edemissen" OrtPLZ="" LandID="28"/>
  <Orte OrtID="129" OrtName="Egeln" OrtPLZ="" LandID="28"/>
  <Orte OrtID="130" OrtName="Ehingen" OrtPLZ="" LandID="28"/>
  <Orte OrtID="131" OrtName="Eich" OrtPLZ="" LandID="28"/>
  <Orte OrtID="132" OrtName="Eicklingen" OrtPLZ="" LandID="28"/>
  <Orte OrtID="133" OrtName="Einbeck" OrtPLZ="" LandID="28"/>
  <Orte OrtID="134" OrtName="Elmshorn" LandID="28"/>
  <Orte OrtID="135" OrtName="Elze" OrtPLZ="" LandID="28"/>
  <Orte OrtID="136" OrtName="Engensen" OrtPLZ="" LandID="28"/>
  <Orte OrtID="137" OrtName="Espelkamp" OrtPLZ="" LandID="28"/>
  <Orte OrtID="138" OrtName="Extertal" OrtPLZ="" LandID="28"/>
  <Orte OrtID="139" OrtName="Fahrdorf" OrtPLZ="" LandID="28"/>
  <Orte OrtID="140" OrtName="Flensburg" LandID="28"/>
  <Orte OrtID="145" OrtName="Freden" OrtPLZ="" LandID="28"/>
  <Orte OrtID="147" OrtName="Fuhrberg" OrtPLZ="" LandID="28"/>
  <Orte OrtID="148" OrtName="Fuldatal" OrtPLZ="" LandID="28"/>
  <Orte OrtID="149" OrtName="Garbsen" LandID="28"/>
  <Orte OrtID="152" OrtName="Giesen" OrtPLZ="31180" LandID="28"/>
  <Orte OrtID="154" OrtName="Gießen" OrtPLZ="" LandID="28"/>
  <Orte OrtID="155" OrtName="Gifhorn" OrtPLZ="" LandID="28"/>
  <Orte OrtID="156" OrtName="Göppingen" OrtPLZ="" LandID="28"/>
  <Orte OrtID="157" OrtName="Goslar" OrtPLZ="" LandID="28"/>
  <Orte OrtID="158" OrtName="Göttingen" OrtPLZ="" LandID="28"/>
  <Orte OrtID="159" OrtName="Grasberg" OrtPLZ="" LandID="28"/>
  <Orte OrtID="1464" OrtName="Bad Bentheim" LandID="28"/>
  <Orte OrtID="161" OrtName="Großensee" OrtPLZ="" LandID="28"/>
  <Orte OrtID="162" OrtName="Großkönigsförde" OrtPLZ="" LandID="28"/>
  <Orte OrtID="163" OrtName="Grümweg" OrtPLZ="" LandID="28"/>
  <Orte OrtID="164" OrtName="Hambühren" OrtPLZ="" LandID="28"/>
  <Orte OrtID="165" OrtName="Hamm" LandID="28"/>
  <Orte OrtID="166" OrtName="Hängisen" OrtPLZ="31311" LandID="28"/>
  <Orte OrtID="171" OrtName="Salzwedel" OrtPLZ="29410" LandID="28"/>
  <Orte OrtID="172" OrtName="Harsewinkel" OrtPLZ="" LandID="28"/>
  <Orte OrtID="173" OrtName="Harsum" OrtPLZ="" LandID="28"/>
  <Orte OrtID="174" OrtName="Haste" OrtPLZ="" LandID="28"/>
  <Orte OrtID="175" OrtName="Heiligenhafen" OrtPLZ="" LandID="28"/>
  <Orte OrtID="176" OrtName="Helmstedt" OrtPLZ="" LandID="28"/>
  <Orte OrtID="178" OrtName="Herford" OrtPLZ="" LandID="28"/>
  <Orte OrtID="179" OrtName="Herrenberg" OrtPLZ="" LandID="28"/>
  <Orte OrtID="180" OrtName="Hettstedt" OrtPLZ="" LandID="28"/>
  <Orte OrtID="181" OrtName="Heusenstamm" OrtPLZ="" LandID="28"/>
  <Orte OrtID="182" OrtName="Hillerse" OrtPLZ="" LandID="28"/>
  <Orte OrtID="183" OrtName="Hofheim" OrtPLZ="" LandID="28"/>
  <Orte OrtID="184" OrtName="Hofheim / Ts." OrtPLZ="" LandID="28"/>
  <Orte OrtID="185" OrtName="Hohenhameln" LandID="28"/>
  <Orte OrtID="186" OrtName="Hördt" OrtPLZ="" LandID="28"/>
  <Orte OrtID="187" OrtName="Höxter" OrtPLZ="" LandID="28"/>
  <Orte OrtID="188" OrtName="Hoya" OrtPLZ="" LandID="28"/>
  <Orte OrtID="192" OrtName="Karlsbad" OrtPLZ="" LandID="28"/>
  <Orte OrtID="193" OrtName="Kerpen" OrtPLZ="" LandID="28"/>
  <Orte OrtID="194" OrtName="Kiel" LandID="28"/>
  <Orte OrtID="195" OrtName="Kirchbrak" OrtPLZ="" LandID="28"/>
  <Orte OrtID="196" OrtName="Kissing" OrtPLZ="" LandID="28"/>
  <Orte OrtID="197" OrtName="Köthen" OrtPLZ="" LandID="28"/>
  <Orte OrtID="198" OrtName="Krefeld" OrtPLZ="" LandID="28"/>
  <Orte OrtID="199" OrtName="Kronberg" OrtPLZ="" LandID="28"/>
  <Orte OrtID="200" OrtName="Laatzen" OrtPLZ="30880" LandID="28"/>
  <Orte OrtID="202" OrtName="Langenapel" OrtPLZ="" LandID="28"/>
  <Orte OrtID="203" OrtName="Langlingen" OrtPLZ="" LandID="28"/>
  <Orte OrtID="204" OrtName="Lehre" OrtPLZ="" LandID="28"/>
  <Orte OrtID="207" OrtName="Leifferde/Dalldorf" OrtPLZ="" LandID="28"/>
  <Orte OrtID="208" OrtName="Leipzig" LandID="28"/>
  <Orte OrtID="209" OrtName="Leonberg" OrtPLZ="" LandID="28"/>
  <Orte OrtID="210" OrtName="Liekwegen" OrtPLZ="" LandID="28"/>
  <Orte OrtID="211" OrtName="Lindwedel" OrtPLZ="" LandID="28"/>
  <Orte OrtID="212" OrtName="Lingen" OrtPLZ="" LandID="28"/>
  <Orte OrtID="213" OrtName="Löhne" OrtPLZ="" LandID="28"/>
  <Orte OrtID="214" OrtName="Lübeck" OrtPLZ="" LandID="28"/>
  <Orte OrtID="216" OrtName="Magdeburg" LandID="28"/>
  <Orte OrtID="217" OrtName="Meine" OrtPLZ="" LandID="28"/>
  <Orte OrtID="218" OrtName="Mellendorf" OrtPLZ="" LandID="28"/>
  <Orte OrtID="219" OrtName="Messenkamp" OrtPLZ="" LandID="28"/>
  <Orte OrtID="220" OrtName="Metzingen" OrtPLZ="" LandID="28"/>
  <Orte OrtID="221" OrtName="Mödesse" OrtPLZ="" LandID="28"/>
  <Orte OrtID="222" OrtName="Mönchengladbach" OrtPLZ="" LandID="28"/>
  <Orte OrtID="224" OrtName="Müden" OrtPLZ="" LandID="28"/>
  <Orte OrtID="225" OrtName="München" LandID="28"/>
  <Orte OrtID="226" OrtName="Murnau" OrtPLZ="" LandID="28"/>
  <Orte OrtID="227" OrtName="Neu-Anspach" OrtPLZ="" LandID="28"/>
  <Orte OrtID="228" OrtName="Neuendettelsau" OrtPLZ="" LandID="28"/>
  <Orte OrtID="231" OrtName="Neumünster" OrtPLZ="" LandID="28"/>
  <Orte OrtID="232" OrtName="Neuss" OrtPLZ="" LandID="28"/>
  <Orte OrtID="235" OrtName="Niederndodeleben" OrtPLZ="" LandID="28"/>
  <Orte OrtID="237" OrtName="Nienburg/Weser" OrtPLZ="31582" LandID="28"/>
  <Orte OrtID="238" OrtName="Norderstedt" OrtPLZ="" LandID="28"/>
  <Orte OrtID="239" OrtName="Nordheim" OrtPLZ="" LandID="28"/>
  <Orte OrtID="240" OrtName="Nordhorn" OrtPLZ="" LandID="28"/>
  <Orte OrtID="241" OrtName="Nordstemmen" OrtPLZ="" LandID="28"/>
  <Orte OrtID="242" OrtName="Northeim" OrtPLZ="" LandID="28"/>
  <Orte OrtID="243" OrtName="Nürnberg" OrtPLZ="" LandID="28"/>
  <Orte OrtID="244" OrtName="Nürnberg Schwarzenbrück" OrtPLZ="" LandID="28"/>
  <Orte OrtID="245" OrtName="Obermarschacht" OrtPLZ="" LandID="28"/>
  <Orte OrtID="246" OrtName="Obernkirchen" OrtPLZ="" LandID="28"/>
  <Orte OrtID="247" OrtName="Oese / Post Basdahl" OrtPLZ="" LandID="28"/>
  <Orte OrtID="248" OrtName="Oldenburg" LandID="28"/>
  <Orte OrtID="249" OrtName="Osnabrück" LandID="28"/>
  <Orte OrtID="250" OrtName="Overath" OrtPLZ="" LandID="28"/>
  <Orte OrtID="251" OrtName="Oyten" OrtPLZ="" LandID="28"/>
  <Orte OrtID="252" OrtName="Paderborn" OrtPLZ="" LandID="28"/>
  <Orte OrtID="253" OrtName="Pattensen" OrtPLZ="30982" LandID="28"/>
  <Orte OrtID="255" OrtName="Pforzheim" OrtPLZ="" LandID="28"/>
  <Orte OrtID="256" OrtName="Pulheim" OrtPLZ="" LandID="28"/>
  <Orte OrtID="257" OrtName="Regensburg" OrtPLZ="" LandID="28"/>
  <Orte OrtID="258" OrtName="Reinbek" OrtPLZ="" LandID="28"/>
  <Orte OrtID="259" OrtName="Rellingen" OrtPLZ="" LandID="28"/>
  <Orte OrtID="260" OrtName="Rheurdt" OrtPLZ="" LandID="28"/>
  <Orte OrtID="261" OrtName="Rhüden" OrtPLZ="" LandID="28"/>
  <Orte OrtID="262" OrtName="Rinteln" OrtPLZ="" LandID="28"/>
  <Orte OrtID="263" OrtName="Rodenberg" OrtPLZ="" LandID="28"/>
  <Orte OrtID="264" OrtName="Rosenheim" OrtPLZ="" LandID="28"/>
  <Orte OrtID="265" OrtName="Rothenburg" OrtPLZ="" LandID="28"/>
  <Orte OrtID="266" OrtName="Sachsenhagen" OrtPLZ="" LandID="28"/>
  <Orte OrtID="267" OrtName="Salzhemmendorf" OrtPLZ="" LandID="28"/>
  <Orte OrtID="268" OrtName="Sarstedt" LandID="28"/>
  <Orte OrtID="269" OrtName="Schellerten" OrtPLZ="" LandID="28"/>
  <Orte OrtID="270" OrtName="Schenefeld" OrtPLZ="" LandID="28"/>
  <Orte OrtID="271" OrtName="Schönkirchen" OrtPLZ="" LandID="28"/>
  <Orte OrtID="272" OrtName="Schwabach" OrtPLZ="" LandID="28"/>
  <Orte OrtID="273" OrtName="Schwarmstedt" OrtPLZ="" LandID="28"/>
  <Orte OrtID="275" OrtName="Seesen" OrtPLZ="" LandID="28"/>
  <Orte OrtID="276" OrtName="Sehnde" LandID="28"/>
  <Orte OrtID="277" OrtName="Solingen" OrtPLZ="" LandID="28"/>
  <Orte OrtID="278" OrtName="Springe" OrtPLZ="31832" LandID="28"/>
  <Orte OrtID="281" OrtName="Stade" OrtPLZ="" LandID="28"/>
  <Orte OrtID="282" OrtName="Stadtoldendorf" OrtPLZ="" LandID="28"/>
  <Orte OrtID="284" OrtName="Steinfeld" OrtPLZ="" LandID="28"/>
  <Orte OrtID="285" OrtName="Stöckse" OrtPLZ="" LandID="28"/>
  <Orte OrtID="286" OrtName="Stuhr" OrtPLZ="" LandID="28"/>
  <Orte OrtID="287" OrtName="Stuttgart" LandID="28"/>
  <Orte OrtID="288" OrtName="Swisthal" OrtPLZ="" LandID="28"/>
  <Orte OrtID="289" OrtName="Syke" OrtPLZ="" LandID="28"/>
  <Orte OrtID="290" OrtName="Thum" OrtPLZ="" LandID="28"/>
  <Orte OrtID="291" OrtName="Trebel" OrtPLZ="" LandID="28"/>
  <Orte OrtID="292" OrtName="Trier" OrtPLZ="" LandID="28"/>
  <Orte OrtID="293" OrtName="Uetersen" OrtPLZ="" LandID="28"/>
  <Orte OrtID="294" OrtName="Uetze" OrtPLZ="31311" LandID="28"/>
  <Orte OrtID="296" OrtName="Unterföhring" OrtPLZ="" LandID="28"/>
  <Orte OrtID="297" OrtName="Unterlüß" OrtPLZ="" LandID="28"/>
  <Orte OrtID="1501" OrtName="Haibach" LandID="28"/>
  <Orte OrtID="299" OrtName="Verden" LandID="28"/>
  <Orte OrtID="300" OrtName="Versmold" OrtPLZ="" LandID="28"/>
  <Orte OrtID="301" OrtName="Vienenburg" OrtPLZ="" LandID="28"/>
  <Orte OrtID="302" OrtName="Wahltorf" OrtPLZ="" LandID="28"/>
  <Orte OrtID="303" OrtName="Wallerau" OrtPLZ="" LandID="28"/>
  <Orte OrtID="304" OrtName="Walsrode" LandID="28"/>
  <Orte OrtID="305" OrtName="Wardenburg" OrtPLZ="" LandID="28"/>
  <Orte OrtID="306" OrtName="Wendelburg" LandID="28"/>
  <Orte OrtID="307" OrtName="Wennigsen" OrtPLZ="" LandID="28"/>
  <Orte OrtID="308" OrtName="Wetter" OrtPLZ="" LandID="28"/>
  <Orte OrtID="309" OrtName="Weyhe" OrtPLZ="" LandID="28"/>
  <Orte OrtID="310" OrtName="Wienhausen" OrtPLZ="" LandID="28"/>
  <Orte OrtID="311" OrtName="Wietze" OrtPLZ="" LandID="28"/>
  <Orte OrtID="312" OrtName="Wilhelmshaven" LandID="28"/>
  <Orte OrtID="313" OrtName="Wittingen" OrtPLZ="" LandID="28"/>
  <Orte OrtID="314" OrtName="Wolfenbüttel" OrtPLZ="" LandID="28"/>
  <Orte OrtID="315" OrtName="Wolfsburg" OrtPLZ="" LandID="28"/>
  <Orte OrtID="316" OrtName="Wölpinghausen" OrtPLZ="" LandID="28"/>
  <Orte OrtID="317" OrtName="Worbswede" OrtPLZ="" LandID="28"/>
  <Orte OrtID="318" OrtName="Wriedel" OrtPLZ="" LandID="28"/>
  <Orte OrtID="319" OrtName="Wunstorf" LandID="28"/>
  <Orte OrtID="320" OrtName="Wuppertal" LandID="28"/>
  <Orte OrtID="321" OrtName="Ystad/Schweden" OrtPLZ="27121" LandID="13"/>
  <Orte OrtID="322" OrtName="Zarpen" OrtPLZ="" LandID="28"/>
  <Orte OrtID="323" OrtName="Zeitz" OrtPLZ="" LandID="28"/>
  <Orte OrtID="324" OrtName="Zwickau" LandID="28"/>
  <Orte OrtID="325" OrtName="Ehlershausen" OrtPLZ="" LandID="28"/>
  <Orte OrtID="326" OrtName="Eldingen" OrtPLZ="" LandID="28"/>
  <Orte OrtID="328" OrtName="Harkenbleck" OrtPLZ="" LandID="28"/>
  <Orte OrtID="329" OrtName="Heisterberghof" OrtPLZ="" LandID="28"/>
  <Orte OrtID="1463" OrtName="Gorleben" OrtPLZ="29475" LandID="28"/>
  <Orte OrtID="332" OrtName="Kirchhorst" OrtPLZ="" LandID="28"/>
  <Orte OrtID="335" OrtName="Marl" OrtPLZ="" LandID="28"/>
  <Orte OrtID="336" OrtName="Quedlinburg" OrtPLZ="" LandID="28"/>
  <Orte OrtID="338" OrtName="Horn-Bad Meinberg" OrtPLZ="32805" LandID="28"/>
  <Orte OrtID="340" OrtName="Oebisfelde" OrtPLZ="39646" LandID="28"/>
  <Orte OrtID="351" OrtName="Offenbach a.M." OrtPLZ="" LandID="28"/>
  <Orte OrtID="352" OrtName="Wesel" OrtPLZ="46485" LandID="28"/>
  <Orte OrtID="353" OrtName="Ratingen" OrtPLZ="" LandID="28"/>
  <Orte OrtID="354" OrtName="Königstein" OrtPLZ="" LandID="28"/>
  <Orte OrtID="355" OrtName="Augsburg" OrtPLZ="" LandID="28"/>
  <Orte OrtID="356" OrtName="Raubling" OrtPLZ="" LandID="28"/>
  <Orte OrtID="357" OrtName="Hahnheim" OrtPLZ="55278" LandID="28"/>
  <Orte OrtID="358" OrtName="Hagenburg" OrtPLZ="31558" LandID="28"/>
  <Orte OrtID="359" OrtName="Olfen" OrtPLZ="59339" LandID="28"/>
  <Orte OrtID="365" OrtName="Starnberg" OrtPLZ="82319" LandID="28"/>
  <Orte OrtID="366" OrtName="Capdepera, Mallorca" LandID="6"/>
  <Orte OrtID="367" OrtName="Bad Bederkesa" OrtPLZ="27624" LandID="28"/>
  <Orte OrtID="368" OrtName="Munster" OrtPLZ="29633" LandID="28"/>
  <Orte OrtID="369" OrtName="Hilden" OrtPLZ="40721" LandID="28"/>
  <Orte OrtID="371" OrtName="Tauge Arpen" OrtPLZ="26689" LandID="28"/>
  <Orte OrtID="375" OrtName="Winsen/Aller" OrtPLZ="29308" LandID="28"/>
  <Orte OrtID="376" OrtName="Lüneburg" OrtPLZ="21335" LandID="28"/>
  <Orte OrtID="378" OrtName="Ganderkesee" OrtPLZ="27777" LandID="28"/>
  <Orte OrtID="379" OrtName="Rastede" OrtPLZ="" LandID="28"/>
  <Orte OrtID="380" OrtName="Meerbusch" OrtPLZ="40670" LandID="28"/>
  <Orte OrtID="382" OrtName="Wohltorf" OrtPLZ="21521" LandID="28"/>
  <Orte OrtID="384" OrtName="Oberhausen" OrtPLZ="" LandID="28"/>
  <Orte OrtID="385" OrtName="Frankfurt a.d.O." OrtPLZ="15230" LandID="28"/>
  <Orte OrtID="386" OrtName="Mülheim (an der Ruhr)" OrtPLZ="" LandID="28"/>
  <Orte OrtID="388" OrtName="Wachtberg" OrtPLZ="" LandID="28"/>
  <Orte OrtID="389" OrtName="Quarnbek" OrtPLZ="" LandID="28"/>
  <Orte OrtID="398" OrtName="Pfinztal" OrtPLZ="76327" LandID="28"/>
  <Orte OrtID="399" OrtName="Schleswig" OrtPLZ="" LandID="28"/>
  <Orte OrtID="400" OrtName="Quickborn" OrtPLZ="25452" LandID="28"/>
  <Orte OrtID="401" OrtName="Wehrheim" OrtPLZ="61273" LandID="28"/>
  <Orte OrtID="402" OrtName="Everode" OrtPLZ="31085" LandID="28"/>
  <Orte OrtID="403" OrtName="Uelzen" OrtPLZ="" LandID="28"/>
  <Orte OrtID="404" OrtName="Erkelenz" OrtPLZ="" LandID="28"/>
  <Orte OrtID="405" OrtName="Reinach" OrtPLZ="" LandID="28"/>
  <Orte OrtID="406" OrtName="Frechen" OrtPLZ="" LandID="28"/>
  <Orte OrtID="407" OrtName="Swisttal" OrtPLZ="53913" LandID="28"/>
  <Orte OrtID="408" OrtName="Wiesloch" OrtPLZ="69168" LandID="28"/>
  <Orte OrtID="410" OrtName="Mardorf" OrtPLZ="" LandID="28"/>
  <Orte OrtID="411" OrtName="Mardof" OrtPLZ="31535" LandID="28"/>
  <Orte OrtID="412" OrtName="Eschwege" OrtPLZ="37269" LandID="28"/>
  <Orte OrtID="413" OrtName="Brannenburg" OrtPLZ="83098" LandID="28"/>
  <Orte OrtID="414" OrtName="Würzburg" OrtPLZ="97074" LandID="28"/>
  <Orte OrtID="415" OrtName="Meppen" OrtPLZ="49716" LandID="28"/>
  <Orte OrtID="416" OrtName="Berenbostel" OrtPLZ="30827" LandID="28"/>
  <Orte OrtID="417" OrtName="Wendisch" OrtPLZ="21403" LandID="28"/>
  <Orte OrtID="418" OrtName="Hankelsbüttel" OrtPLZ="29386" LandID="28"/>
  <Orte OrtID="421" OrtName="Eschershausen" OrtPLZ="37632" LandID="28"/>
  <Orte OrtID="422" OrtName="Wendhausen" OrtPLZ="38165" LandID="28"/>
  <Orte OrtID="423" OrtName="Putzbrunn" OrtPLZ="85640" LandID="28"/>
  <Orte OrtID="425" OrtName="Hohenbrunn" OrtPLZ="" LandID="28"/>
  <Orte OrtID="426" OrtName="Bingen" OrtPLZ="55411" LandID="28"/>
  <Orte OrtID="427" OrtName="Denkte" OrtPLZ="38321" LandID="28"/>
  <Orte OrtID="428" OrtName="Meschede" OrtPLZ="59872" LandID="28"/>
  <Orte OrtID="429" OrtName="Geldersheim" OrtPLZ="" LandID="28"/>
  <Orte OrtID="430" OrtName="Nienhagen" OrtPLZ="29336" LandID="28"/>
  <Orte OrtID="431" OrtName="Brüggen" OrtPLZ="41379" LandID="28"/>
  <Orte OrtID="432" OrtName="Bissendorf" OrtPLZ="30900" LandID="28"/>
  <Orte OrtID="433" OrtName="Mannheim" OrtPLZ="68309" LandID="28"/>
  <Orte OrtID="434" OrtName="Borken" OrtPLZ="46325" LandID="28"/>
  <Orte OrtID="435" OrtName="Wöllersheim" OrtPLZ="31195" LandID="28"/>
  <Orte OrtID="437" OrtName="Ilsede" OrtPLZ="" LandID="28"/>
  <Orte OrtID="438" OrtName="Brebach-Fechingen" OrtPLZ="" LandID="28"/>
  <Orte OrtID="439" OrtName="Brakel" OrtPLZ="33034" LandID="28"/>
  <Orte OrtID="440" OrtName="Vettweiß" OrtPLZ="52391" LandID="28"/>
  <Orte OrtID="442" OrtName="Backnag" OrtPLZ="71522" LandID="28"/>
  <Orte OrtID="443" OrtName="Aerzen" OrtPLZ="31855" LandID="28"/>
  <Orte OrtID="444" OrtName="Braunlage" OrtPLZ="" LandID="28"/>
  <Orte OrtID="445" OrtName="Bad Reynhausen" OrtPLZ="" LandID="28"/>
  <Orte OrtID="446" OrtName="Rimbach" OrtPLZ="" LandID="28"/>
  <Orte OrtID="447" OrtName="Kirchgellersen" OrtPLZ="" LandID="28"/>
  <Orte OrtID="448" OrtName="Karlstein a.M." OrtPLZ="" LandID="28"/>
  <Orte OrtID="449" OrtName="Holzgerlingen" OrtPLZ="" LandID="28"/>
  <Orte OrtID="450" OrtName="Hassel" OrtPLZ="27324" LandID="28"/>
  <Orte OrtID="451" OrtName="Baden Weiler" OrtPLZ="79410" LandID="28"/>
  <Orte OrtID="452" OrtName="Leer" OrtPLZ="26789" LandID="28"/>
  <Orte OrtID="453" OrtName="Bubenreuth" OrtPLZ="91088" LandID="28"/>
  <Orte OrtID="454" OrtName="Elbe" OrtPLZ="38274" LandID="28"/>
  <Orte OrtID="456" OrtName="Marklohe" OrtPLZ="31608" LandID="28"/>
  <Orte OrtID="457" OrtName="Hatten" OrtPLZ="26209" LandID="28"/>
  <Orte OrtID="458" OrtName="Schneeheide" OrtPLZ="29664" LandID="28"/>
  <Orte OrtID="459" OrtName="Boll" OrtPLZ="73087" LandID="28"/>
  <Orte OrtID="460" OrtName="Gilten" OrtPLZ="29690" LandID="28"/>
  <Orte OrtID="462" OrtName="Rehburg - Loccum" OrtPLZ="35470" LandID="28"/>
  <Orte OrtID="463" OrtName="Aurich" OrtPLZ="26605" LandID="28"/>
  <Orte OrtID="464" OrtName="Eime" OrtPLZ="31036" LandID="28"/>
  <Orte OrtID="465" OrtName="Schwerte" OrtPLZ="58239" LandID="28"/>
  <Orte OrtID="466" OrtName="Berkerode" OrtPLZ="38173" LandID="28"/>
  <Orte OrtID="467" OrtName="Olching" OrtPLZ="82140" LandID="28"/>
  <Orte OrtID="468" OrtName="Nienstädt" OrtPLZ="31688" LandID="28"/>
  <Orte OrtID="469" OrtName="Heuerßen" OrtPLZ="31700" LandID="28"/>
  <Orte OrtID="471" OrtName="Bad Fallingbostel" OrtPLZ="29683" LandID="28"/>
  <Orte OrtID="472" OrtName="Heide" OrtPLZ="25746" LandID="28"/>
  <Orte OrtID="473" OrtName="Erkerrode" OrtPLZ="38173" LandID="28"/>
  <Orte OrtID="475" OrtName="Wahlstedt" OrtPLZ="23812" LandID="28"/>
  <Orte OrtID="476" OrtName="Calberlah/Jelpke" OrtPLZ="38547" LandID="28"/>
  <Orte OrtID="477" OrtName="Helpsen" OrtPLZ="31691" LandID="28"/>
  <Orte OrtID="479" OrtName="Cremlingen" OrtPLZ="38162" LandID="28"/>
  <Orte OrtID="480" OrtName="Lengede" OrtPLZ="38268" LandID="28"/>
  <Orte OrtID="481" OrtName="Großenheidorn" OrtPLZ="31515" LandID="28"/>
  <Orte OrtID="482" OrtName="Scharnhorst" OrtPLZ="29348" LandID="28"/>
  <Orte OrtID="483" OrtName="Salzgitter-Lebenstedt" OrtPLZ="38226" LandID="28"/>
  <Orte OrtID="484" OrtName="Vordorf" OrtPLZ="38533" LandID="28"/>
  <Orte OrtID="485" OrtName="Hiddenausen" OrtPLZ="32112" LandID="28"/>
  <Orte OrtID="486" OrtName="Vechelde" OrtPLZ="38159" LandID="28"/>
  <Orte OrtID="487" OrtName="Kurmmhörn" OrtPLZ="26736" LandID="28"/>
  <Orte OrtID="488" OrtName="Wolfhagen" OrtPLZ="34466" LandID="28"/>
  <Orte OrtID="489" OrtName="Landwehr" OrtPLZ="31087" LandID="28"/>
  <Orte OrtID="490" OrtName="Wingst" OrtPLZ="21789" LandID="28"/>
  <Orte OrtID="491" OrtName="Lachendorf" OrtPLZ="29331" LandID="28"/>
  <Orte OrtID="492" OrtName="Rötgesbüttel" OrtPLZ="38531" LandID="28"/>
  <Orte OrtID="493" OrtName="Clausthal-Zellerfeld" OrtPLZ="38678" LandID="28"/>
  <Orte OrtID="494" OrtName="Gerensleben" OrtPLZ="38384" LandID="28"/>
  <Orte OrtID="495" OrtName="Borsum" OrtPLZ="31177" LandID="28"/>
  <Orte OrtID="496" OrtName="Königslutter" OrtPLZ="38154" LandID="28"/>
  <Orte OrtID="497" OrtName="Adelheidsdorf" OrtPLZ="29352" LandID="28"/>
  <Orte OrtID="499" OrtName="Suthfeld" OrtPLZ="31555" LandID="28"/>
  <Orte OrtID="501" OrtName="Hohnhorst" OrtPLZ="31559" LandID="28"/>
  <Orte OrtID="502" OrtName="Hainholz" OrtPLZ="30165" LandID="28"/>
  <Orte OrtID="503" OrtName="Wegener" OrtPLZ="" LandID="28"/>
  <Orte OrtID="504" OrtName="Harmsdorf" OrtPLZ="" LandID="28"/>
  <Orte OrtID="505" OrtName="Harmstorf" OrtPLZ="21228" LandID="28"/>
  <Orte OrtID="507" OrtName="Wedel" OrtPLZ="22880" LandID="28"/>
  <Orte OrtID="508" OrtName="Winsen/Luhe" OrtPLZ="" LandID="28"/>
  <Orte OrtID="509" OrtName="Kisdorf" OrtPLZ="" LandID="28"/>
  <Orte OrtID="510" OrtName="Halstenbek" OrtPLZ="25469" LandID="28"/>
  <Orte OrtID="511" OrtName="Brokdorf" OrtPLZ="25576" LandID="28"/>
  <Orte OrtID="512" OrtName="Minden" OrtPLZ="32425" LandID="28"/>
  <Orte OrtID="513" OrtName="Rothenbek" OrtPLZ="22958" LandID="28"/>
  <Orte OrtID="514" OrtName="Süpplingen" OrtPLZ="38373" LandID="28"/>
  <Orte OrtID="515" OrtName="Grünendeich" OrtPLZ="21720" LandID="28"/>
  <Orte OrtID="516" OrtName="Adersheim" OrtPLZ="38304" LandID="28"/>
  <Orte OrtID="517" OrtName="Pollhagen" OrtPLZ="31718" LandID="28"/>
  <Orte OrtID="518" OrtName="Kaltenkirchen" OrtPLZ="24568" LandID="28"/>
  <Orte OrtID="519" OrtName="Neetze" OrtPLZ="21398" LandID="28"/>
  <Orte OrtID="520" OrtName="Luschendorf" OrtPLZ="23689" LandID="28"/>
  <Orte OrtID="521" OrtName="Gütersloh" OrtPLZ="33335" LandID="28"/>
  <Orte OrtID="523" OrtName="Keltern" OrtPLZ="" LandID="28"/>
  <Orte OrtID="524" OrtName="Schallstadt/Mengen" OrtPLZ="79227" LandID="28"/>
  <Orte OrtID="525" OrtName="Sulingen" OrtPLZ="" LandID="28"/>
  <Orte OrtID="526" OrtName="Otternhagen" OrtPLZ="31535" LandID="28"/>
  <Orte OrtID="527" OrtName="Buchholz/Aller" OrtPLZ="29690" LandID="28"/>
  <Orte OrtID="528" OrtName="Burgdorf - Hohenassel" OrtPLZ="38272" LandID="28"/>
  <Orte OrtID="529" OrtName="Tornesch" OrtPLZ="25436" LandID="28"/>
  <Orte OrtID="530" OrtName="Holste" OrtPLZ="27729" LandID="28"/>
  <Orte OrtID="531" OrtName="Dittelsheim-Heßloch" OrtPLZ="67596" LandID="28"/>
  <Orte OrtID="532" OrtName="Kiebitzreihe" OrtPLZ="25368" LandID="28"/>
  <Orte OrtID="533" OrtName="Schwaig" OrtPLZ="90571" LandID="28"/>
  <Orte OrtID="534" OrtName="Buxtehude" OrtPLZ="21614" LandID="28"/>
  <Orte OrtID="535" OrtName="Bönningstedt" OrtPLZ="25474" LandID="28"/>
  <Orte OrtID="536" OrtName="Rotenburg" OrtPLZ="27356" LandID="28"/>
  <Orte OrtID="538" OrtName="Uehrde" OrtPLZ="38170" LandID="28"/>
  <Orte OrtID="539" OrtName="Holm" OrtPLZ="25488" LandID="28"/>
  <Orte OrtID="540" OrtName="Hülsede" OrtPLZ="31867" LandID="28"/>
  <Orte OrtID="541" OrtName="Leopoldshöhe" OrtPLZ="33818" LandID="28"/>
  <Orte OrtID="542" OrtName="Bendestorf" OrtPLZ="21227" LandID="28"/>
  <Orte OrtID="543" OrtName="Techau" OrtPLZ="23689" LandID="28"/>
  <Orte OrtID="544" OrtName="Kayhude" OrtPLZ="23863" LandID="28"/>
  <Orte OrtID="545" OrtName="Föckbek" OrtPLZ="24787" LandID="28"/>
  <Orte OrtID="546" OrtName="Jever" OrtPLZ="26441" LandID="28"/>
  <Orte OrtID="547" OrtName="Großwissbeck" OrtPLZ="38464" LandID="28"/>
  <Orte OrtID="548" OrtName="Wolfshagen" OrtPLZ="38685" LandID="28"/>
  <Orte OrtID="549" OrtName="Seevetal" OrtPLZ="21220" LandID="28"/>
  <Orte OrtID="550" OrtName="Welle" OrtPLZ="21361" LandID="28"/>
  <Orte OrtID="551" OrtName="Georgsmarienhütte" OrtPLZ="49124" LandID="28"/>
  <Orte OrtID="552" OrtName="Bullenkuhlen" OrtPLZ="25355" LandID="28"/>
  <Orte OrtID="553" OrtName="Suderode" OrtPLZ="38835" LandID="28"/>
  <Orte OrtID="555" OrtName="Osterholz-Scharmbeck" OrtPLZ="27711" LandID="28"/>
  <Orte OrtID="556" OrtName="Langelsheim" OrtPLZ="38685" LandID="28"/>
  <Orte OrtID="557" OrtName="Neukloster" OrtPLZ="23992" LandID="28"/>
  <Orte OrtID="558" OrtName="Harsefeld" OrtPLZ="21698" LandID="28"/>
  <Orte OrtID="559" OrtName="Dettum" OrtPLZ="38173" LandID="28"/>
  <Orte OrtID="560" OrtName="Kummerfeld" OrtPLZ="25495" LandID="28"/>
  <Orte OrtID="561" OrtName="Soltau" OrtPLZ="29614" LandID="28"/>
  <Orte OrtID="562" OrtName="Liebenburg" OrtPLZ="38704" LandID="28"/>
  <Orte OrtID="563" OrtName="Lüchow" OrtPLZ="29439" LandID="28"/>
  <Orte OrtID="564" OrtName="Uthlede" OrtPLZ="27628" LandID="28"/>
  <Orte OrtID="565" OrtName="Westerland" OrtPLZ="25980" LandID="28"/>
  <Orte OrtID="566" OrtName="Mainz" OrtPLZ="55130" LandID="28"/>
  <Orte OrtID="567" OrtName="Vögelsen" OrtPLZ="21360" LandID="28"/>
  <Orte OrtID="569" OrtName="Erftstadt" OrtPLZ="" LandID="28"/>
  <Orte OrtID="570" OrtName="Gessertshausen" OrtPLZ="86459" LandID="28"/>
  <Orte OrtID="571" OrtName="Ellerau" OrtPLZ="25479" LandID="28"/>
  <Orte OrtID="572" OrtName="Ahbergen" LandID="28"/>
  <Orte OrtID="573" OrtName="Ahrbergen" OrtPLZ="31180" LandID="28"/>
  <Orte OrtID="574" OrtName="Baddeckenstedt" OrtPLZ="38271" LandID="28"/>
  <Orte OrtID="575" OrtName="Achim" OrtPLZ="28832" LandID="28"/>
  <Orte OrtID="576" OrtName="Lütjensee" OrtPLZ="22952" LandID="28"/>
  <Orte OrtID="577" OrtName="Holzminden" OrtPLZ="37603" LandID="28"/>
  <Orte OrtID="578" OrtName="Marburg" OrtPLZ="35039" LandID="28"/>
  <Orte OrtID="579" OrtName="Barßel" OrtPLZ="26676" LandID="28"/>
  <Orte OrtID="580" OrtName="Jesteburg" OrtPLZ="21266" LandID="28"/>
  <Orte OrtID="581" OrtName="Denzlingen" OrtPLZ="79221" LandID="28"/>
  <Orte OrtID="582" OrtName="Emmerthal" OrtPLZ="31860" LandID="28"/>
  <Orte OrtID="583" OrtName="Friedrichsdorf" OrtPLZ="61381" LandID="28"/>
  <Orte OrtID="584" OrtName="Hohenhorn" OrtPLZ="21526" LandID="28"/>
  <Orte OrtID="585" OrtName="Hanstedt" OrtPLZ="21271" LandID="28"/>
  <Orte OrtID="586" OrtName="Riemerling" OrtPLZ="85521" LandID="28"/>
  <Orte OrtID="587" OrtName="Heidenau" OrtPLZ="21258" LandID="28"/>
  <Orte OrtID="588" OrtName="Bergisch Gladbach" OrtPLZ="51427" LandID="28"/>
  <Orte OrtID="589" OrtName="Faßberg" OrtPLZ="29328" LandID="28"/>
  <Orte OrtID="590" OrtName="Bramstedt" OrtPLZ="27628" LandID="28"/>
  <Orte OrtID="592" OrtName="Timmendorfer Strand" OrtPLZ="23669" LandID="28"/>
  <Orte OrtID="593" OrtName="Wathlingen" OrtPLZ="29339" LandID="28"/>
  <Orte OrtID="595" OrtName="Schladen" OrtPLZ="38315" LandID="28"/>
  <Orte OrtID="596" OrtName="Käselow" OrtPLZ="18276" LandID="28"/>
  <Orte OrtID="597" OrtName="Gräfelfing" LandID="28"/>
  <Orte OrtID="598" OrtName="Mühlheim an der Ruhr" OrtPLZ="45478" LandID="28"/>
  <Orte OrtID="599" OrtName="Harst" OrtPLZ="" LandID="28"/>
  <Orte OrtID="600" OrtName="Petershagen" OrtPLZ="32469" LandID="28"/>
  <Orte OrtID="601" OrtName="Schneverdingen" OrtPLZ="29640" LandID="28"/>
  <Orte OrtID="602" OrtName="Halle" OrtPLZ="33790" LandID="28"/>
  <Orte OrtID="603" OrtName="Rottach-Egern" OrtPLZ="83700" LandID="28"/>
  <Orte OrtID="604" OrtName="Fürstenau" OrtPLZ="49584" LandID="28"/>
  <Orte OrtID="605" OrtName="Grethen" OrtPLZ="29690" LandID="28"/>
  <Orte OrtID="606" OrtName="Stotternheim" OrtPLZ="99195" LandID="28"/>
  <Orte OrtID="607" OrtName="Hilpoltstein" OrtPLZ="91161" LandID="28"/>
  <Orte OrtID="608" OrtName="Duderstadt" OrtPLZ="37115" LandID="28"/>
  <Orte OrtID="610" OrtName="Essel" OrtPLZ="29690" LandID="28"/>
  <Orte OrtID="611" OrtName="Roßbach" OrtPLZ="53547" LandID="28"/>
  <Orte OrtID="612" OrtName="Hagen" OrtPLZ="58006" LandID="28"/>
  <Orte OrtID="613" OrtName="Rhede" OrtPLZ="46414" LandID="28"/>
  <Orte OrtID="614" OrtName="Bad Oeynhausen" OrtPLZ="32549" LandID="28"/>
  <Orte OrtID="615" OrtName="Coppengrave" OrtPLZ="31091" LandID="28"/>
  <Orte OrtID="616" OrtName="Hinterzarten" OrtPLZ="79856" LandID="28"/>
  <Orte OrtID="617" OrtName="Bockenem" OrtPLZ="31167" LandID="28"/>
  <Orte OrtID="619" OrtName="Kreuzau" OrtPLZ="52372" LandID="28"/>
  <Orte OrtID="621" OrtName="Heidelberg" OrtPLZ="69126" LandID="28"/>
  <Orte OrtID="622" OrtName="Gleichamberg" OrtPLZ="98646" LandID="28"/>
  <Orte OrtID="623" OrtName="Scheeßel" OrtPLZ="27383" LandID="28"/>
  <Orte OrtID="624" OrtName="Aindling" OrtPLZ="86447" LandID="28"/>
  <Orte OrtID="625" OrtName="Bröckel" OrtPLZ="29356" LandID="28"/>
  <Orte OrtID="626" OrtName="Reinfeld" OrtPLZ="23858" LandID="28"/>
  <Orte OrtID="627" OrtName="Meinersen" OrtPLZ="38536" LandID="28"/>
  <Orte OrtID="628" OrtName="Wezenbeek-Oppem" OrtPLZ="" LandID="28"/>
  <Orte OrtID="629" OrtName="Lutherstadt Eisleben" OrtPLZ="06295" LandID="28"/>
  <Orte OrtID="630" OrtName="Bamberg" OrtPLZ="96049" LandID="28"/>
  <Orte OrtID="631" OrtName="Ohne" OrtPLZ="48465" LandID="28"/>
  <Orte OrtID="632" OrtName="Bad Wimpfen" OrtPLZ="74206" LandID="28"/>
  <Orte OrtID="634" OrtName="Kleve" OrtPLZ="47533" LandID="28"/>
  <Orte OrtID="635" OrtName="Herleshausen" OrtPLZ="" LandID="28"/>
  <Orte OrtID="636" OrtName="Lamspringe" OrtPLZ="31195" LandID="28"/>
  <Orte OrtID="637" OrtName="Bad Schwartau" OrtPLZ="" LandID="28"/>
  <Orte OrtID="638" OrtName="Gera" OrtPLZ="" LandID="28"/>
  <Orte OrtID="639" OrtName="Mandelbachtal" OrtPLZ="" LandID="28"/>
  <Orte OrtID="640" OrtName="Neu-Isenburg" OrtPLZ="63238" LandID="28"/>
  <Orte OrtID="642" OrtName="Flörsheim" OrtPLZ="65439" LandID="28"/>
  <Orte OrtID="643" OrtName="Ulm" OrtPLZ="" LandID="28"/>
  <Orte OrtID="644" OrtName="Salzbergen" OrtPLZ="48499" LandID="28"/>
  <Orte OrtID="645" OrtName="Gronau" OrtPLZ="31028" LandID="28"/>
  <Orte OrtID="646" OrtName="Moosach" OrtPLZ="85665" LandID="28"/>
  <Orte OrtID="647" OrtName="Barmstedt" OrtPLZ="25355" LandID="28"/>
  <Orte OrtID="649" OrtName="Maintal" OrtPLZ="63477" LandID="28"/>
  <Orte OrtID="650" OrtName="Viersen" OrtPLZ="41749" LandID="28"/>
  <Orte OrtID="651" OrtName="Sindelfingen" OrtPLZ="71067" LandID="28"/>
  <Orte OrtID="652" OrtName="Erfurt" OrtPLZ="99099" LandID="28"/>
  <Orte OrtID="653" OrtName="Lennestadt" OrtPLZ="57368" LandID="28"/>
  <Orte OrtID="654" OrtName="Mühlheim" OrtPLZ="63165" LandID="28"/>
  <Orte OrtID="655" OrtName="Saint Clou" OrtPLZ="92210" LandID="8"/>
  <Orte OrtID="656" OrtName="Bremervörde" OrtPLZ="27439" LandID="28"/>
  <Orte OrtID="658" OrtName="Mönkeberg" OrtPLZ="24248" LandID="28"/>
  <Orte OrtID="659" OrtName="Preetz" OrtPLZ="24211" LandID="28"/>
  <Orte OrtID="660" OrtName="Duisburg" OrtPLZ="47119" LandID="28"/>
  <Orte OrtID="661" OrtName="Hamberge" OrtPLZ="27729" LandID="28"/>
  <Orte OrtID="662" OrtName="Erding" OrtPLZ="85435" LandID="28"/>
  <Orte OrtID="663" OrtName="Hodenhagen" OrtPLZ="29693" LandID="28"/>
  <Orte OrtID="664" OrtName="Alzenau" OrtPLZ="" LandID="28"/>
  <Orte OrtID="665" OrtName="Reiskirchen" OrtPLZ="" LandID="28"/>
  <Orte OrtID="666" OrtName="Passau" OrtPLZ="" LandID="28"/>
  <Orte OrtID="667" OrtName="Bad Bevensen" OrtPLZ="29549" LandID="28"/>
  <Orte OrtID="668" OrtName="Dübendorf" OrtPLZ="8600" LandID="28"/>
  <Orte OrtID="669" OrtName="Osterode" LandID="28"/>
  <Orte OrtID="670" OrtName="Birkengrase" OrtPLZ="" LandID="28"/>
  <Orte OrtID="672" OrtName="Sinzheim" OrtPLZ="76547" LandID="28"/>
  <Orte OrtID="673" OrtName="Ittingen" OrtPLZ="3063" LandID="28"/>
  <Orte OrtID="674" OrtName="Kienberg" OrtPLZ="4468" LandID="28"/>
  <Orte OrtID="675" OrtName="Alsbach" OrtPLZ="64665" LandID="28"/>
  <Orte OrtID="676" OrtName="Neufahrn" OrtPLZ="85375" LandID="28"/>
  <Orte OrtID="677" OrtName="Höfer" OrtPLZ="29361" LandID="28"/>
  <Orte OrtID="678" OrtName="Grünwald" OrtPLZ="82031" LandID="28"/>
  <Orte OrtID="679" OrtName="Samkow" OrtPLZ="19217" LandID="28"/>
  <Orte OrtID="680" OrtName="Weiden" OrtPLZ="92637" LandID="28"/>
  <Orte OrtID="681" OrtName="Riepen" OrtPLZ="31542" LandID="28"/>
  <Orte OrtID="682" OrtName="Twistringen" OrtPLZ="27239" LandID="28"/>
  <Orte OrtID="683" OrtName="Potsdam" OrtPLZ="14478" LandID="28"/>
  <Orte OrtID="685" OrtName="Seeheim- Jungenheim" OrtPLZ="64342" LandID="28"/>
  <Orte OrtID="686" OrtName="Rödersheim" OrtPLZ="67127" LandID="28"/>
  <Orte OrtID="687" OrtName="Aschaffenburg" OrtPLZ="63739" LandID="28"/>
  <Orte OrtID="688" OrtName="Le Mans cedex 1" OrtPLZ="72003" LandID="8"/>
  <Orte OrtID="689" OrtName="Asperg" OrtPLZ="71679" LandID="28"/>
  <Orte OrtID="690" OrtName="Estorf" OrtPLZ="31629" LandID="28"/>
  <Orte OrtID="691" OrtName="Usingen" OrtPLZ="61250" LandID="28"/>
  <Orte OrtID="692" OrtName="Pliezhausen" OrtPLZ="72124" LandID="28"/>
  <Orte OrtID="693" OrtName="Linden" OrtPLZ="" LandID="28"/>
  <Orte OrtID="694" OrtName="Kassl" OrtPLZ="" LandID="28"/>
  <Orte OrtID="696" OrtName="Kaiserslautern" OrtPLZ="67661" LandID="28"/>
  <Orte OrtID="698" OrtName="Bad Salzuflen" OrtPLZ="32108" LandID="28"/>
  <Orte OrtID="699" OrtName="Bensheim" OrtPLZ="64625" LandID="28"/>
  <Orte OrtID="700" OrtName="Leopoldshafen" OrtPLZ="" LandID="28"/>
  <Orte OrtID="701" OrtName="Eggenstein-Leopoldshafen" OrtPLZ="" LandID="28"/>
  <Orte OrtID="702" OrtName="Ihlow" OrtPLZ="26632" LandID="28"/>
  <Orte OrtID="703" OrtName="Kraainem" OrtPLZ="B-1950" LandID="28"/>
  <Orte OrtID="705" OrtName="Erkrath" OrtPLZ="40699" LandID="28"/>
  <Orte OrtID="706" OrtName="Katlenburg-Lindau" OrtPLZ="37191" LandID="28"/>
  <Orte OrtID="708" OrtName="Verl" OrtPLZ="33415" LandID="28"/>
  <Orte OrtID="709" OrtName="Eppstein" OrtPLZ="65817" LandID="28"/>
  <Orte OrtID="710" OrtName="Suderburg" OrtPLZ="29556" LandID="28"/>
  <Orte OrtID="711" OrtName="Ascona" OrtPLZ="6612" LandID="28"/>
  <Orte OrtID="712" OrtName="Kelkheim" OrtPLZ="" LandID="28"/>
  <Orte OrtID="713" OrtName="La Wantzenau" LandID="8"/>
  <Orte OrtID="714" OrtName="Heilbronn" OrtPLZ="74080" LandID="28"/>
  <Orte OrtID="715" OrtName="St. Andreasberg" OrtPLZ="37444" LandID="28"/>
  <Orte OrtID="716" OrtName="Rosdorf" OrtPLZ="37124" LandID="28"/>
  <Orte OrtID="717" OrtName="Schalksmühle" OrtPLZ="58579" LandID="28"/>
  <Orte OrtID="720" OrtName="Rühen" OrtPLZ="38471" LandID="28"/>
  <Orte OrtID="721" OrtName="Halle/Saale" OrtPLZ="" LandID="28"/>
  <Orte OrtID="722" OrtName="Puchheim" OrtPLZ="" LandID="28"/>
  <Orte OrtID="725" OrtName="Lorrach" OrtPLZ="79539" LandID="28"/>
  <Orte OrtID="726" OrtName="Resse" OrtPLZ="30900" LandID="28"/>
  <Orte OrtID="727" OrtName="Lindhorst" OrtPLZ="31698" LandID="28"/>
  <Orte OrtID="728" OrtName="Dreieich" OrtPLZ="63303" LandID="28"/>
  <Orte OrtID="729" OrtName="Eckernförde" OrtPLZ="" LandID="28"/>
  <Orte OrtID="732" OrtName="Ochtrup" OrtPLZ="48607" LandID="28"/>
  <Orte OrtID="733" OrtName="Holenberg" OrtPLZ="37642" LandID="28"/>
  <Orte OrtID="734" OrtName="Hademstorf" OrtPLZ="29693" LandID="28"/>
  <Orte OrtID="735" OrtName="Lich" OrtPLZ="35423" LandID="28"/>
  <Orte OrtID="736" OrtName="Emersleben" OrtPLZ="38822" LandID="28"/>
  <Orte OrtID="737" OrtName="Randersacker" OrtPLZ="97236" LandID="28"/>
  <Orte OrtID="738" OrtName="Bad Essen" OrtPLZ="49152" LandID="28"/>
  <Orte OrtID="739" OrtName="Dielmissen" OrtPLZ="37633" LandID="28"/>
  <Orte OrtID="740" OrtName="Pfullingen" OrtPLZ="" LandID="28"/>
  <Orte OrtID="741" OrtName="Mölln" OrtPLZ="23879" LandID="28"/>
  <Orte OrtID="742" OrtName="San Luis Potosi SLP C.P. 78090" OrtPLZ="Mexico" LandID="31"/>
  <Orte OrtID="743" OrtName="Fritzlar" OrtPLZ="34560" LandID="28"/>
  <Orte OrtID="746" OrtName="Gordowswille" OrtPLZ="" LandID="28"/>
  <Orte OrtID="747" OrtName="Zerbst" OrtPLZ="39261" LandID="28"/>
  <Orte OrtID="748" OrtName="Neusäß" OrtPLZ="86356" LandID="28"/>
  <Orte OrtID="749" OrtName="Bruchhausen-Villsen" OrtPLZ="27305" LandID="28"/>
  <Orte OrtID="750" OrtName="Weißenbrunn" OrtPLZ="96369" LandID="28"/>
  <Orte OrtID="751" OrtName="Niedernhausen" OrtPLZ="" LandID="28"/>
  <Orte OrtID="752" OrtName="Bad Nauheim" OrtPLZ="61231" LandID="28"/>
  <Orte OrtID="753" OrtName="Cuxhaven" OrtPLZ="27478" LandID="28"/>
  <Orte OrtID="754" OrtName="Grünenplan" OrtPLZ="31073" LandID="28"/>
  <Orte OrtID="755" OrtName="Bad Filbel" OrtPLZ="" LandID="28"/>
  <Orte OrtID="756" OrtName="Herzberg" OrtPLZ="" LandID="28"/>
  <Orte OrtID="757" OrtName="Röthenbach" OrtPLZ="" LandID="28"/>
  <Orte OrtID="758" OrtName="Wattenscheid" OrtPLZ="" LandID="28"/>
  <Orte OrtID="759" OrtName="Wertheim" OrtPLZ="" LandID="28"/>
  <Orte OrtID="761" OrtName="Blaubeuren" OrtPLZ="" LandID="28"/>
  <Orte OrtID="763" OrtName="Gandesbergen" OrtPLZ="" LandID="28"/>
  <Orte OrtID="764" OrtName="Puttbus" OrtPLZ="" LandID="28"/>
  <Orte OrtID="765" OrtName="Konstanz" OrtPLZ="" LandID="28"/>
  <Orte OrtID="767" OrtName="Korbach" OrtPLZ="34497" LandID="28"/>
  <Orte OrtID="768" OrtName="Sibbesse" OrtPLZ="31079" LandID="28"/>
  <Orte OrtID="769" OrtName="Neunrade" OrtPLZ="58809" LandID="28"/>
  <Orte OrtID="770" OrtName="Weinheim" OrtPLZ="" LandID="28"/>
  <Orte OrtID="771" OrtName="Moers" OrtPLZ="" LandID="28"/>
  <Orte OrtID="772" OrtName="Wasbüttel" OrtPLZ="" LandID="28"/>
  <Orte OrtID="773" OrtName="Söhlde" OrtPLZ="" LandID="28"/>
  <Orte OrtID="774" OrtName="Gauting" OrtPLZ="" LandID="28"/>
  <Orte OrtID="775" OrtName="Altenstadt" OrtPLZ="63674" LandID="28"/>
  <Orte OrtID="776" OrtName="Forest Row" OrtPLZ="" LandID="28"/>
  <Orte OrtID="777" OrtName="Ludwigsburg" OrtPLZ="71640" LandID="28"/>
  <Orte OrtID="778" OrtName="Randburg" OrtPLZ="" LandID="28"/>
  <Orte OrtID="780" OrtName="Newton MA 02459" LandID="5"/>
  <Orte OrtID="781" OrtName="Wilsum" OrtPLZ="" LandID="28"/>
  <Orte OrtID="782" OrtName="Quierschied" OrtPLZ="" LandID="28"/>
  <Orte OrtID="783" OrtName="Unterbiberg" OrtPLZ="" LandID="28"/>
  <Orte OrtID="784" OrtName="Lahstedt" OrtPLZ="" LandID="28"/>
  <Orte OrtID="786" OrtName="Cölbe" OrtPLZ="35091" LandID="28"/>
  <Orte OrtID="787" OrtName="Bissee" OrtPLZ="24582" LandID="28"/>
  <Orte OrtID="789" OrtName="Berkel-Enschot" OrtPLZ="5056XN" LandID="28"/>
  <Orte OrtID="791" OrtName="Grasbrunn" OrtPLZ="85630" LandID="28"/>
  <Orte OrtID="792" OrtName="Klein-Winternheim" OrtPLZ="55270" LandID="28"/>
  <Orte OrtID="793" OrtName="Rathlingen" OrtPLZ="29339" LandID="28"/>
  <Orte OrtID="794" OrtName="Drestedt" OrtPLZ="21279" LandID="28"/>
  <Orte OrtID="796" OrtName="Alfeld(Leine)" OrtPLZ="" LandID="28"/>
  <Orte OrtID="797" OrtName="Bad Berleburg" OrtPLZ="57319" LandID="28"/>
  <Orte OrtID="798" OrtName="Willich" OrtPLZ="47877" LandID="28"/>
  <Orte OrtID="799" OrtName="Stolzenau" OrtPLZ="31592" LandID="28"/>
  <Orte OrtID="800" OrtName="USA Chesterfield, MO. 63005" OrtPLZ="1" LandID="5"/>
  <Orte OrtID="801" OrtName="Poeschendorf" OrtPLZ="25560" LandID="28"/>
  <Orte OrtID="802" OrtName="england" OrtPLZ="" LandID="28"/>
  <Orte OrtID="803" OrtName="Tübingen" OrtPLZ="72076" LandID="28"/>
  <Orte OrtID="804" OrtName="Linkenhain-Hochstetten" OrtPLZ="76351" LandID="28"/>
  <Orte OrtID="805" OrtName="Hankensbüttel" OrtPLZ="" LandID="28"/>
  <Orte OrtID="806" OrtName="Langwedel" OrtPLZ="27299" LandID="28"/>
  <Orte OrtID="807" OrtName="Koblenz" OrtPLZ="56075" LandID="28"/>
  <Orte OrtID="808" OrtName="Tostedt" OrtPLZ="" LandID="28"/>
  <Orte OrtID="809" OrtName="Lorsbach" OrtPLZ="65719" LandID="28"/>
  <Orte OrtID="811" OrtName="Puschendorf" OrtPLZ="90617" LandID="28"/>
  <Orte OrtID="812" OrtName="Bad Eilsen" OrtPLZ="31707" LandID="28"/>
  <Orte OrtID="813" OrtName="Friedland" OrtPLZ="37133" LandID="28"/>
  <Orte OrtID="814" OrtName="Wittlich" OrtPLZ="54516" LandID="28"/>
  <Orte OrtID="815" OrtName="Alzey" OrtPLZ="55232" LandID="28"/>
  <Orte OrtID="816" OrtName="Krempermoor" OrtPLZ="25569" LandID="28"/>
  <Orte OrtID="817" OrtName="Schalkmühle" OrtPLZ="58579" LandID="28"/>
  <Orte OrtID="818" OrtName="Troisdorf" OrtPLZ="" LandID="28"/>
  <Orte OrtID="819" OrtName="Berzhausen" OrtPLZ="57632" LandID="28"/>
  <Orte OrtID="820" OrtName="Holle b. Hildesheim" OrtPLZ="31188" LandID="28"/>
  <Orte OrtID="821" OrtName="Töging" OrtPLZ="84513" LandID="28"/>
  <Orte OrtID="822" OrtName="Ahnsbeck" OrtPLZ="29353" LandID="28"/>
  <Orte OrtID="823" OrtName="Lüdersfeld" OrtPLZ="31702" LandID="28"/>
  <Orte OrtID="824" OrtName="Ahrensburg" OrtPLZ="22926" LandID="28"/>
  <Orte OrtID="825" OrtName="Wulfsen" OrtPLZ="" LandID="28"/>
  <Orte OrtID="826" OrtName="Ettlingen" OrtPLZ="76275" LandID="28"/>
  <Orte OrtID="827" OrtName="Radeberg" OrtPLZ="01454" LandID="28"/>
  <Orte OrtID="828" OrtName="Grethem" OrtPLZ="" LandID="28"/>
  <Orte OrtID="829" OrtName="westerkappeln" OrtPLZ="" LandID="28"/>
  <Orte OrtID="831" OrtName="Flonheim" OrtPLZ="55237" LandID="28"/>
  <Orte OrtID="832" OrtName="Altenholz" OrtPLZ="24161" LandID="28"/>
  <Orte OrtID="833" OrtName="Schliersee" OrtPLZ="83727" LandID="28"/>
  <Orte OrtID="834" OrtName="Ilten" OrtPLZ="" LandID="28"/>
  <Orte OrtID="835" OrtName="Limburg" OrtPLZ="65549" LandID="28"/>
  <Orte OrtID="836" OrtName="Belgern" OrtPLZ="04874" LandID="28"/>
  <Orte OrtID="837" OrtName="Nübbel" OrtPLZ="24809" LandID="28"/>
  <Orte OrtID="838" OrtName="Bad Wörishofen" OrtPLZ="" LandID="28"/>
  <Orte OrtID="839" OrtName="Königswinter" OrtPLZ="53639" LandID="28"/>
  <Orte OrtID="840" OrtName="Hopsten" OrtPLZ="48496" LandID="28"/>
  <Orte OrtID="842" OrtName="Rodewald" OrtPLZ="31637" LandID="28"/>
  <Orte OrtID="843" OrtName="Dorstadt" OrtPLZ="" LandID="28"/>
  <Orte OrtID="844" OrtName="Ontario / Oakville" LandID="5"/>
  <Orte OrtID="846" OrtName="Waldems" OrtPLZ="65529" LandID="28"/>
  <Orte OrtID="847" OrtName="Gerstungen" OrtPLZ="99834" LandID="28"/>
  <Orte OrtID="849" OrtName="Isenbüttel" OrtPLZ="" LandID="28"/>
  <Orte OrtID="850" OrtName="Zürich" OrtPLZ="8047" LandID="28"/>
  <Orte OrtID="851" OrtName="Beckedorf" OrtPLZ="31699" LandID="28"/>
  <Orte OrtID="852" OrtName="Aumühle" OrtPLZ="21521" LandID="28"/>
  <Orte OrtID="853" OrtName="Hückeswagen" OrtPLZ="42499" LandID="28"/>
  <Orte OrtID="854" OrtName="Hong Kong" LandID="12"/>
  <Orte OrtID="855" OrtName="Dahlenburg" OrtPLZ="21368" LandID="28"/>
  <Orte OrtID="856" OrtName="Lippstadt" OrtPLZ="" LandID="28"/>
  <Orte OrtID="857" OrtName="Warburg" OrtPLZ="" LandID="28"/>
  <Orte OrtID="858" OrtName="Unterhaching" OrtPLZ="" LandID="28"/>
  <Orte OrtID="859" OrtName="Dassow" OrtPLZ="" LandID="28"/>
  <Orte OrtID="860" OrtName="Sprockhövel" OrtPLZ="" LandID="28"/>
  <Orte OrtID="861" OrtName="Oststeinbek" OrtPLZ="" LandID="28"/>
  <Orte OrtID="862" OrtName="Lüdenscheid" OrtPLZ="" LandID="28"/>
  <Orte OrtID="863" OrtName="Hannoversch-Münden" OrtPLZ="34346" LandID="28"/>
  <Orte OrtID="864" OrtName="Bebra" OrtPLZ="" LandID="28"/>
  <Orte OrtID="865" OrtName="Grafenau" OrtPLZ="" LandID="28"/>
  <Orte OrtID="866" OrtName="Gröbenzell" OrtPLZ="82194" LandID="28"/>
  <Orte OrtID="867" OrtName="Westerwalsede" OrtPLZ="" LandID="28"/>
  <Orte OrtID="868" OrtName="Werz,Hans" OrtPLZ="" LandID="28"/>
  <Orte OrtID="869" OrtName="USA-OH43147 Pickerington" LandID="5"/>
  <Orte OrtID="870" OrtName="Euskirchen" OrtPLZ="53881" LandID="28"/>
  <Orte OrtID="871" OrtName="Ahrensdorf" OrtPLZ="14974" LandID="28"/>
  <Orte OrtID="872" OrtName="Diedersdorf" OrtPLZ="" LandID="28"/>
  <Orte OrtID="873" OrtName="Heuenßen" OrtPLZ="" LandID="28"/>
  <Orte OrtID="874" OrtName="Herrsching" OrtPLZ="" LandID="28"/>
  <Orte OrtID="875" OrtName="Wallenhorst" OrtPLZ="" LandID="28"/>
  <Orte OrtID="877" OrtName="Flöthe" OrtPLZ="" LandID="28"/>
  <Orte OrtID="879" OrtName="Helsingborg" OrtPLZ="" LandID="28"/>
  <Orte OrtID="880" OrtName="Steinhorst" OrtPLZ="" LandID="28"/>
  <Orte OrtID="881" OrtName="Tangermünde" OrtPLZ="" LandID="28"/>
  <Orte OrtID="882" OrtName="Breitung" OrtPLZ="98597" LandID="28"/>
  <Orte OrtID="883" OrtName="Wildeshausen" OrtPLZ="" LandID="28"/>
  <Orte OrtID="885" OrtName="Witten" OrtPLZ="" LandID="28"/>
  <Orte OrtID="886" OrtName="Glattzentrum" OrtPLZ="" LandID="28"/>
  <Orte OrtID="887" OrtName="Pohle" OrtPLZ="" LandID="28"/>
  <Orte OrtID="888" OrtName="Vellberg" OrtPLZ="" LandID="28"/>
  <Orte OrtID="889" OrtName="Sankt Augustin" OrtPLZ="" LandID="28"/>
  <Orte OrtID="890" OrtName="Wittmar" OrtPLZ="" LandID="28"/>
  <Orte OrtID="891" OrtName="Schwülper" OrtPLZ="" LandID="28"/>
  <Orte OrtID="892" OrtName="Weyhausen" OrtPLZ="38554" LandID="28"/>
  <Orte OrtID="893" OrtName="Sinsheim" OrtPLZ="" LandID="28"/>
  <Orte OrtID="894" OrtName="Dobersdorf/Holst" OrtPLZ="" LandID="28"/>
  <Orte OrtID="895" OrtName="Eschborn" OrtPLZ="" LandID="28"/>
  <Orte OrtID="896" OrtName="Werl" OrtPLZ="" LandID="28"/>
  <Orte OrtID="897" OrtName="Recklinghausen" OrtPLZ="" LandID="28"/>
  <Orte OrtID="898" OrtName="Papenburg" OrtPLZ="" LandID="28"/>
  <Orte OrtID="899" OrtName="Greifswald" OrtPLZ="" LandID="28"/>
  <Orte OrtID="900" OrtName="Jena" OrtPLZ="" LandID="28"/>
  <Orte OrtID="901" OrtName="Mettmann" OrtPLZ="" LandID="28"/>
  <Orte OrtID="902" OrtName="Bermuda" OrtPLZ="" LandID="28"/>
  <Orte OrtID="903" OrtName="Soulhampton" LandID="11"/>
  <Orte OrtID="904" OrtName="Krummhörn" OrtPLZ="" LandID="28"/>
  <Orte OrtID="905" OrtName="Ennepetal" OrtPLZ="58256" LandID="28"/>
  <Orte OrtID="906" OrtName="Wackernheim" OrtPLZ="" LandID="28"/>
  <Orte OrtID="907" OrtName="Steyerberg" OrtPLZ="" LandID="28"/>
  <Orte OrtID="908" OrtName="Maßbach" OrtPLZ="97711" LandID="28"/>
  <Orte OrtID="909" OrtName="Lengerich" OrtPLZ="" LandID="28"/>
  <Orte OrtID="910" OrtName="Stegen" OrtPLZ="79252" LandID="28"/>
  <Orte OrtID="911" OrtName="Lüdinghausen" OrtPLZ="" LandID="28"/>
  <Orte OrtID="912" OrtName="Frellstedt" OrtPLZ="" LandID="28"/>
  <Orte OrtID="913" OrtName="Vahlberg b Schöppenstedt" OrtPLZ="38170" LandID="28"/>
  <Orte OrtID="914" OrtName="Westfeld" OrtPLZ="" LandID="28"/>
  <Orte OrtID="915" OrtName="Bassum" OrtPLZ="" LandID="28"/>
  <Orte OrtID="916" OrtName="Ravensburg" OrtPLZ="" LandID="28"/>
  <Orte OrtID="917" OrtName="Bretten" OrtPLZ="" LandID="28"/>
  <Orte OrtID="918" OrtName="Dielheim" OrtPLZ="" LandID="28"/>
  <Orte OrtID="919" OrtName="Münsing" OrtPLZ="" LandID="28"/>
  <Orte OrtID="920" OrtName="Meckenheim" OrtPLZ="" LandID="28"/>
  <Orte OrtID="921" OrtName="Meckenheim" OrtPLZ="53333" LandID="28"/>
  <Orte OrtID="922" OrtName="Taunusstein" OrtPLZ="65232" LandID="28"/>
  <Orte OrtID="923" OrtName="Wischhafen" OrtPLZ="" LandID="28"/>
  <Orte OrtID="924" OrtName="Los Angeles /USA" LandID="5"/>
  <Orte OrtID="925" OrtName="Visselhövede" OrtPLZ="" LandID="28"/>
  <Orte OrtID="926" OrtName="Haan" OrtPLZ="" LandID="28"/>
  <Orte OrtID="927" OrtName="Sassenburg" OrtPLZ="" LandID="28"/>
  <Orte OrtID="928" OrtName="Milano" OrtPLZ="" LandID="28"/>
  <Orte OrtID="929" OrtName="Markt Schwaben" OrtPLZ="" LandID="28"/>
  <Orte OrtID="930" OrtName="Neuenburg" OrtPLZ="" LandID="28"/>
  <Orte OrtID="931" OrtName="Dossenheim" OrtPLZ="" LandID="28"/>
  <Orte OrtID="932" OrtName="Fürstenwalde" OrtPLZ="" LandID="28"/>
  <Orte OrtID="933" OrtName="Diepholz" OrtPLZ="" LandID="28"/>
  <Orte OrtID="934" OrtName="Bornheim" OrtPLZ="" LandID="28"/>
  <Orte OrtID="935" OrtName="Eine" OrtPLZ="31036" LandID="28"/>
  <Orte OrtID="936" OrtName="Deggendorf" OrtPLZ="94469" LandID="28"/>
  <Orte OrtID="937" OrtName="ötigheim" OrtPLZ="" LandID="28"/>
  <Orte OrtID="938" OrtName="Wentorf" OrtPLZ="" LandID="28"/>
  <Orte OrtID="939" OrtName="Diestelow" OrtPLZ="19399" LandID="28"/>
  <Orte OrtID="940" OrtName="Waarkirchen" OrtPLZ="83666" LandID="28"/>
  <Orte OrtID="941" OrtName="Bergheim" OrtPLZ="" LandID="28"/>
  <Orte OrtID="942" OrtName="Eisingen" OrtPLZ="" LandID="28"/>
  <Orte OrtID="943" OrtName="Leverkusen" OrtPLZ="51377" LandID="28"/>
  <Orte OrtID="945" OrtName="Bartholomä" OrtPLZ="" LandID="28"/>
  <Orte OrtID="946" OrtName="Adelebsen" LandID="28"/>
  <Orte OrtID="947" OrtName="Elzach" OrtPLZ="" LandID="28"/>
  <Orte OrtID="948" OrtName="Hoyershausen" OrtPLZ="31093" LandID="28"/>
  <Orte OrtID="949" OrtName="Niedernwöhren" OrtPLZ="" LandID="28"/>
  <Orte OrtID="950" OrtName="Hardegsen" OrtPLZ="" LandID="28"/>
  <Orte OrtID="951" OrtName="Sudwalde" OrtPLZ="" LandID="28"/>
  <Orte OrtID="952" OrtName="Salzkotten" OrtPLZ="" LandID="28"/>
  <Orte OrtID="953" OrtName="Bünde" OrtPLZ="" LandID="28"/>
  <Orte OrtID="954" OrtName="Wendlingen" OrtPLZ="" LandID="28"/>
  <Orte OrtID="955" OrtName="Flörsbachtal" OrtPLZ="" LandID="28"/>
  <Orte OrtID="956" OrtName="Despetal" OrtPLZ="" LandID="28"/>
  <Orte OrtID="957" OrtName="Linsengericht" OrtPLZ="63589" LandID="28"/>
  <Orte OrtID="958" OrtName="Saarlouis" OrtPLZ="66740" LandID="28"/>
  <Orte OrtID="960" OrtName="Tribuswinkel" OrtPLZ="" LandID="28"/>
  <Orte OrtID="961" OrtName="Rehburg" OrtPLZ="31547" LandID="28"/>
  <Orte OrtID="962" OrtName="Luxembourg Stadt" OrtPLZ="L-2172" LandID="30"/>
  <Orte OrtID="965" OrtName="Woltershausen" OrtPLZ="" LandID="28"/>
  <Orte OrtID="966" OrtName="Elskop" OrtPLZ="" LandID="28"/>
  <Orte OrtID="967" OrtName="Überlingen" LandID="28"/>
  <Orte OrtID="968" OrtName="Porsau" OrtPLZ="38470" LandID="28"/>
  <Orte OrtID="969" OrtName="Kirchhain" OrtPLZ="35274" LandID="28"/>
  <Orte OrtID="970" OrtName="Suddendorf" OrtPLZ="48465" LandID="28"/>
  <Orte OrtID="971" OrtName="Rüdershausen" OrtPLZ="" LandID="28"/>
  <Orte OrtID="972" OrtName="Proseken" OrtPLZ="23968" LandID="28"/>
  <Orte OrtID="973" OrtName="Barntrup" OrtPLZ="" LandID="28"/>
  <Orte OrtID="974" OrtName="Aldenhoven" OrtPLZ="" LandID="28"/>
  <Orte OrtID="975" OrtName="Hausham" OrtPLZ="" LandID="28"/>
  <Orte OrtID="976" OrtName="Häuslingen" OrtPLZ="" LandID="28"/>
  <Orte OrtID="977" OrtName="Altdorf" OrtPLZ="" LandID="28"/>
  <Orte OrtID="978" OrtName="Tangstedt" OrtPLZ="" LandID="28"/>
  <Orte OrtID="979" OrtName="Wangerland" OrtPLZ="" LandID="28"/>
  <Orte OrtID="980" OrtName="Lutter am Barenberge" OrtPLZ="38729" LandID="28"/>
  <Orte OrtID="981" OrtName="Coburg" OrtPLZ="" LandID="28"/>
  <Orte OrtID="982" OrtName="Eichenau" OrtPLZ="" LandID="28"/>
  <Orte OrtID="983" OrtName="Kleinmachnow" OrtPLZ="" LandID="28"/>
  <Orte OrtID="984" OrtName="Fröndenberg" OrtPLZ="" LandID="28"/>
  <Orte OrtID="985" OrtName="Friedrichroda" OrtPLZ="" LandID="28"/>
  <Orte OrtID="986" OrtName="Handorf" OrtPLZ="" LandID="28"/>
  <Orte OrtID="987" OrtName="Lahr" OrtPLZ="" LandID="28"/>
  <Orte OrtID="988" OrtName="Ahlen" LandID="28"/>
  <Orte OrtID="989" OrtName="Hückelhoven" OrtPLZ="" LandID="28"/>
  <Orte OrtID="990" OrtName="Bad Zwesten" OrtPLZ="" LandID="28"/>
  <Orte OrtID="991" OrtName="Wulsbüttel" OrtPLZ="" LandID="28"/>
  <Orte OrtID="992" OrtName="Schiffdorf" OrtPLZ="" LandID="28"/>
  <Orte OrtID="993" OrtName="Dresden" OrtPLZ="" LandID="28"/>
  <Orte OrtID="994" OrtName="J. D. Eibergen" OrtPLZ="" LandID="28"/>
  <Orte OrtID="995" OrtName="Kaarst" OrtPLZ="" LandID="28"/>
  <Orte OrtID="996" OrtName="Bad Grund" OrtPLZ="37539" LandID="28"/>
  <Orte OrtID="997" OrtName="Singen" OrtPLZ="" LandID="28"/>
  <Orte OrtID="999" OrtName="St. Wendel" OrtPLZ="" LandID="28"/>
  <Orte OrtID="1000" OrtName="Elsfleth" OrtPLZ="" LandID="28"/>
  <Orte OrtID="1001" OrtName="Luzern" OrtPLZ="" LandID="28"/>
  <Orte OrtID="1002" OrtName="Remscheid" OrtPLZ="" LandID="28"/>
  <Orte OrtID="1003" OrtName="Grefrath" OrtPLZ="47929" LandID="28"/>
  <Orte OrtID="1004" OrtName="Wallenfels" OrtPLZ="96346" LandID="28"/>
  <Orte OrtID="1005" OrtName="Pahlen" OrtPLZ="25794" LandID="28"/>
  <Orte OrtID="1007" OrtName="Freising" OrtPLZ="" LandID="28"/>
  <Orte OrtID="1008" OrtName="Montviri" OrtPLZ="" LandID="28"/>
  <Orte OrtID="1009" OrtName="Edewecht" OrtPLZ="" LandID="28"/>
  <Orte OrtID="1010" OrtName="Oschersleben" OrtPLZ="" LandID="28"/>
  <Orte OrtID="1011" OrtName="Wermelskirchen" OrtPLZ="" LandID="28"/>
  <Orte OrtID="1012" OrtName="Hohenaverbergen" OrtPLZ="" LandID="28"/>
  <Orte OrtID="1013" OrtName="Wichita Falls" OrtPLZ="" LandID="28"/>
  <Orte OrtID="1014" OrtName="Diemen" OrtPLZ="" LandID="28"/>
  <Orte OrtID="1015" OrtName="Roses" OrtPLZ="" LandID="28"/>
  <Orte OrtID="1016" OrtName="Nordenham" OrtPLZ="" LandID="28"/>
  <Orte OrtID="1017" OrtName="Xanten" OrtPLZ="" LandID="28"/>
  <Orte OrtID="1018" OrtName="Ludwigshafen" OrtPLZ="" LandID="28"/>
  <Orte OrtID="1019" OrtName="Neckargemünd" OrtPLZ="" LandID="28"/>
  <Orte OrtID="1020" OrtName="Berkatal" OrtPLZ="" LandID="28"/>
  <Orte OrtID="1021" OrtName="Ilvesheim" OrtPLZ="" LandID="28"/>
  <Orte OrtID="1022" OrtName="Böblingen" OrtPLZ="" LandID="28"/>
  <Orte OrtID="1023" OrtName="Deutsch Evern" OrtPLZ="" LandID="28"/>
  <Orte OrtID="1024" OrtName="Südbrookmerland" OrtPLZ="" LandID="28"/>
  <Orte OrtID="1025" OrtName="Ditzingen" OrtPLZ="" LandID="28"/>
  <Orte OrtID="1026" OrtName="Baiersdorf" OrtPLZ="" LandID="28"/>
  <Orte OrtID="1027" OrtName="Schmitten" OrtPLZ="" LandID="28"/>
  <Orte OrtID="1028" OrtName="Balge" OrtPLZ="" LandID="28"/>
  <Orte OrtID="1030" OrtName="Groß-Zimmern" OrtPLZ="" LandID="28"/>
  <Orte OrtID="1031" OrtName="Wittmund" OrtPLZ="" LandID="28"/>
  <Orte OrtID="1032" OrtName="Ahlden" LandID="28"/>
  <Orte OrtID="1033" OrtName="Burgberg" OrtPLZ="" LandID="28"/>
  <Orte OrtID="1034" OrtName="Kronau" OrtPLZ="" LandID="28"/>
  <Orte OrtID="1035" OrtName="Großkarolinenfeld" OrtPLZ="83109" LandID="28"/>
  <Orte OrtID="1036" OrtName="Nordhhausen" OrtPLZ="" LandID="28"/>
  <Orte OrtID="1037" OrtName="Hürth" OrtPLZ="" LandID="28"/>
  <Orte OrtID="1038" OrtName="Hesel" OrtPLZ="" LandID="28"/>
  <Orte OrtID="1039" OrtName="Melle" OrtPLZ="" LandID="28"/>
  <Orte OrtID="1040" OrtName="Dietzenbach" OrtPLZ="" LandID="28"/>
  <Orte OrtID="1041" OrtName="Lochum" OrtPLZ="" LandID="28"/>
  <Orte OrtID="1042" OrtName="Rheden" OrtPLZ="" LandID="28"/>
  <Orte OrtID="1043" OrtName="Ellerhoop" OrtPLZ="" LandID="28"/>
  <Orte OrtID="1044" OrtName="Aystetten" OrtPLZ="" LandID="28"/>
  <Orte OrtID="1045" OrtName="Iserlohn" OrtPLZ="" LandID="28"/>
  <Orte OrtID="1047" OrtName="Frankenfeld" OrtPLZ="" LandID="28"/>
  <Orte OrtID="1048" OrtName="Norden" OrtPLZ="" LandID="28"/>
  <Orte OrtID="1049" OrtName="Dahlwitz-Hoppegarten" OrtPLZ="" LandID="28"/>
  <Orte OrtID="1050" OrtName="Ingolstadt" OrtPLZ="" LandID="28"/>
  <Orte OrtID="1051" OrtName="Lemgo" OrtPLZ="" LandID="28"/>
  <Orte OrtID="1052" OrtName="Icking" OrtPLZ="" LandID="28"/>
  <Orte OrtID="1053" OrtName="Weilburg" OrtPLZ="" LandID="28"/>
  <Orte OrtID="1054" OrtName="Vechta" OrtPLZ="" LandID="28"/>
  <Orte OrtID="1055" OrtName="Emden" OrtPLZ="" LandID="28"/>
  <Orte OrtID="1056" OrtName="Neckarsulm" OrtPLZ="" LandID="28"/>
  <Orte OrtID="1057" OrtName="Königsberg i Bay." OrtPLZ="" LandID="28"/>
  <Orte OrtID="1058" OrtName="Blomberg" OrtPLZ="" LandID="28"/>
  <Orte OrtID="1059" OrtName="Wittenberge" OrtPLZ="19322" LandID="28"/>
  <Orte OrtID="1060" OrtName="Germaringen" OrtPLZ="" LandID="28"/>
  <Orte OrtID="1061" OrtName="Gladbeck" OrtPLZ="" LandID="28"/>
  <Orte OrtID="1062" OrtName="Harpstedt" OrtPLZ="" LandID="28"/>
  <Orte OrtID="1063" OrtName="Hammah" OrtPLZ="" LandID="28"/>
  <Orte OrtID="1064" OrtName="Koserow" OrtPLZ="" LandID="28"/>
  <Orte OrtID="1065" OrtName="Melsungen" OrtPLZ="" LandID="28"/>
  <Orte OrtID="1066" OrtName="Rüthen" OrtPLZ="" LandID="28"/>
  <Orte OrtID="1067" OrtName="Dissen" OrtPLZ="" LandID="28"/>
  <Orte OrtID="1068" OrtName="Damp" OrtPLZ="" LandID="28"/>
  <Orte OrtID="1069" OrtName="Meiningen" OrtPLZ="" LandID="28"/>
  <Orte OrtID="1070" OrtName="Enschede" OrtPLZ="" LandID="28"/>
  <Orte OrtID="1072" OrtName="Las Palmas de G. C." LandID="6"/>
  <Orte OrtID="1073" OrtName="Alpen" OrtPLZ="" LandID="28"/>
  <Orte OrtID="1074" OrtName="Saerbeck" OrtPLZ="" LandID="28"/>
  <Orte OrtID="1077" OrtName="Sondershausen" OrtPLZ="" LandID="28"/>
  <Orte OrtID="1078" OrtName="Auenwald" OrtPLZ="" LandID="28"/>
  <Orte OrtID="1079" OrtName="Dallgow" OrtPLZ="" LandID="28"/>
  <Orte OrtID="1081" OrtName="Glienicke" OrtPLZ="16548" LandID="28"/>
  <Orte OrtID="1082" OrtName="Dünsen" OrtPLZ="" LandID="28"/>
  <Orte OrtID="1083" OrtName="Prestwood" OrtPLZ="HP16 OPZ" LandID="28"/>
  <Orte OrtID="1084" OrtName="Langen" OrtPLZ="" LandID="28"/>
  <Orte OrtID="1085" OrtName="Niedau" OrtPLZ="CH-2560" LandID="28"/>
  <Orte OrtID="1086" OrtName="Bad Kösen" OrtPLZ="" LandID="28"/>
  <Orte OrtID="1087" OrtName="Haslemere" OrtPLZ="" LandID="28"/>
  <Orte OrtID="1088" OrtName="Seeburg" OrtPLZ="14476" LandID="28"/>
  <Orte OrtID="1089" OrtName="Diepenau" OrtPLZ="" LandID="28"/>
  <Orte OrtID="1090" OrtName="Niestetal" OrtPLZ="" LandID="28"/>
  <Orte OrtID="1091" OrtName="Ober-Mörlen" OrtPLZ="" LandID="28"/>
  <Orte OrtID="1092" OrtName="Hofgeismar" OrtPLZ="34369" LandID="28"/>
  <Orte OrtID="1093" OrtName="Langenfeld" OrtPLZ="40764" LandID="28"/>
  <Orte OrtID="1094" OrtName="Liebenau" OrtPLZ="31618" LandID="28"/>
  <Orte OrtID="1096" OrtName="Lauenbrück" OrtPLZ="" LandID="28"/>
  <Orte OrtID="1097" OrtName="Kleinwolmsdorf" OrtPLZ="" LandID="28"/>
  <Orte OrtID="1098" OrtName="Aberdeen" OrtPLZ="AB-125XL" LandID="11"/>
  <Orte OrtID="1099" OrtName="Babenhausen" OrtPLZ="" LandID="28"/>
  <Orte OrtID="1100" OrtName="Monschau" OrtPLZ="" LandID="28"/>
  <Orte OrtID="1101" OrtName="Uchte" OrtPLZ="31600" LandID="28"/>
  <Orte OrtID="1102" OrtName="Ottersberg" OrtPLZ="28870" LandID="28"/>
  <Orte OrtID="1103" OrtName="Binder" OrtPLZ="38271" LandID="28"/>
  <Orte OrtID="1104" OrtName="Habach" OrtPLZ="82392" LandID="28"/>
  <Orte OrtID="1105" OrtName="Soltendieck" OrtPLZ="29594" LandID="28"/>
  <Orte OrtID="1106" OrtName="Leese" OrtPLZ="31633" LandID="28"/>
  <Orte OrtID="1107" OrtName="Neuburg" OrtPLZ="86633" LandID="28"/>
  <Orte OrtID="1108" OrtName="Bindlach" OrtPLZ="95463" LandID="28"/>
  <Orte OrtID="1110" OrtName="Behringen" OrtPLZ="" LandID="28"/>
  <Orte OrtID="1111" OrtName="Endingen (Am Kaiserstuhl)" OrtPLZ="79346" LandID="28"/>
  <Orte OrtID="1112" OrtName="Steimbke" OrtPLZ="" LandID="28"/>
  <Orte OrtID="1113" OrtName="Tuchenbach" OrtPLZ="90587" LandID="28"/>
  <Orte OrtID="1114" OrtName="Adenbüttel" LandID="28"/>
  <Orte OrtID="1115" OrtName="Burg" OrtPLZ="" LandID="28"/>
  <Orte OrtID="1116" OrtName="Neukirchen-Vluyn" OrtPLZ="" LandID="28"/>
  <Orte OrtID="1117" OrtName="Lohfelden" LandID="28"/>
  <Orte OrtID="1118" OrtName="Heist" OrtPLZ="" LandID="28"/>
  <Orte OrtID="1119" OrtName="Itzehoe" OrtPLZ="" LandID="28"/>
  <Orte OrtID="1120" OrtName="Rethem" OrtPLZ="27336" LandID="28"/>
  <Orte OrtID="1121" OrtName="Mohnhorst" OrtPLZ="31559" LandID="28"/>
  <Orte OrtID="1123" OrtName="Howell, MI, USA" OrtPLZ="48843" LandID="5"/>
  <Orte OrtID="1124" OrtName="Skopje" OrtPLZ="1000" LandID="32"/>
  <Orte OrtID="1125" OrtName="Belm" OrtPLZ="" LandID="28"/>
  <Orte OrtID="1126" OrtName="Wahrenholz" OrtPLZ="" LandID="28"/>
  <Orte OrtID="1127" OrtName="Esslingen" OrtPLZ="" LandID="28"/>
  <Orte OrtID="1128" OrtName="Aschersleben" OrtPLZ="" LandID="28"/>
  <Orte OrtID="1129" OrtName="Visbeck" OrtPLZ="49429" LandID="28"/>
  <Orte OrtID="1130" OrtName="Basel" OrtPLZ="CH-04053" LandID="28"/>
  <Orte OrtID="1131" OrtName="Tuchheim /Magdeburg" OrtPLZ="39307" LandID="28"/>
  <Orte OrtID="1132" OrtName="Waldenbuch" OrtPLZ="71111" LandID="28"/>
  <Orte OrtID="1133" OrtName="Rambin" OrtPLZ="18573" LandID="28"/>
  <Orte OrtID="1134" OrtName="Kirchlinteln" OrtPLZ="27308" LandID="28"/>
  <Orte OrtID="1135" OrtName="Bruxelles" OrtPLZ="B-1170" LandID="19"/>
  <Orte OrtID="1136" OrtName="Rostock" OrtPLZ="" LandID="28"/>
  <Orte OrtID="1137" OrtName="Kandel" OrtPLZ="" LandID="28"/>
  <Orte OrtID="1138" OrtName="Duingen" LandID="28"/>
  <Orte OrtID="1139" OrtName="Arden, NC, USA" LandID="5"/>
  <Orte OrtID="1140" OrtName="Saarbrücken" OrtPLZ="66119" LandID="28"/>
  <Orte OrtID="1141" OrtName="Borne" OrtPLZ="" LandID="28"/>
  <Orte OrtID="1142" OrtName="Werther" OrtPLZ="" LandID="28"/>
  <Orte OrtID="1143" OrtName="Hermannsburg" LandID="28"/>
  <Orte OrtID="1144" OrtName="Villingen-Schwenningen" OrtPLZ="78052" LandID="28"/>
  <Orte OrtID="1145" OrtName="Königs Wusterhausen" OrtPLZ="" LandID="28"/>
  <Orte OrtID="1146" OrtName="Thalwil" OrtPLZ="CH - 8800" LandID="28"/>
  <Orte OrtID="1147" OrtName="Plettenberg" OrtPLZ="" LandID="28"/>
  <Orte OrtID="1148" OrtName="Raden" OrtPLZ="32369" LandID="28"/>
  <Orte OrtID="1149" OrtName="Maxsain" OrtPLZ="56244" LandID="28"/>
  <Orte OrtID="1150" OrtName="Seligenstadt" OrtPLZ="" LandID="28"/>
  <Orte OrtID="1151" OrtName="Schlangenbad" OrtPLZ="" LandID="28"/>
  <Orte OrtID="1152" OrtName="Hennef" OrtPLZ="" LandID="28"/>
  <Orte OrtID="1153" OrtName="Travemünde" OrtPLZ="23570" LandID="28"/>
  <Orte OrtID="1155" OrtName="Herborn" OrtPLZ="35745" LandID="28"/>
  <Orte OrtID="1156" OrtName="Neuenhagen" OrtPLZ="" LandID="28"/>
  <Orte OrtID="1157" OrtName="Erlensee" OrtPLZ="" LandID="28"/>
  <Orte OrtID="1158" OrtName="Steinhagen" OrtPLZ="" LandID="28"/>
  <Orte OrtID="1159" OrtName="Bietigheim-Bissingen" OrtPLZ="74321" LandID="28"/>
  <Orte OrtID="1160" OrtName="Heinade" OrtPLZ="37627" LandID="28"/>
  <Orte OrtID="1161" OrtName="Egaa" OrtPLZ="" LandID="28"/>
  <Orte OrtID="1162" OrtName="Framersheim" OrtPLZ="55234" LandID="28"/>
  <Orte OrtID="1163" OrtName="Oberweis" OrtPLZ="" LandID="28"/>
  <Orte OrtID="1164" OrtName="Haselau" OrtPLZ="" LandID="28"/>
  <Orte OrtID="1165" OrtName="Welden" OrtPLZ="" LandID="28"/>
  <Orte OrtID="1166" OrtName="Bad Karlshafen" OrtPLZ="" LandID="28"/>
  <Orte OrtID="1167" OrtName="Eltville" LandID="8"/>
  <Orte OrtID="1168" OrtName="Feldafing" OrtPLZ="82340" LandID="28"/>
  <Orte OrtID="1169" OrtName="Pfaffenhofen" OrtPLZ="85276" LandID="28"/>
  <Orte OrtID="1173" OrtName="Emmering" OrtPLZ="82275" LandID="28"/>
  <Orte OrtID="1174" OrtName="Feldkirchen-Westerham" OrtPLZ="" LandID="28"/>
  <Orte OrtID="1175" OrtName="Eberbach" OrtPLZ="" LandID="28"/>
  <Orte OrtID="1177" OrtName="Altenau" OrtPLZ="" LandID="28"/>
  <Orte OrtID="1180" OrtName="Lage" OrtPLZ="32791" LandID="28"/>
  <Orte OrtID="1181" OrtName="Süstedt" OrtPLZ="" LandID="28"/>
  <Orte OrtID="1182" OrtName="Vellmar" OrtPLZ="" LandID="28"/>
  <Orte OrtID="1183" OrtName="Hilders" OrtPLZ="" LandID="28"/>
  <Orte OrtID="1184" OrtName="Schweringen" OrtPLZ="" LandID="28"/>
  <Orte OrtID="1185" OrtName="Lohmar" OrtPLZ="" LandID="28"/>
  <Orte OrtID="1186" OrtName="Sant Cugat del Valles" OrtPLZ="E-08173" LandID="28"/>
  <Orte OrtID="1189" OrtName="Moorrege" OrtPLZ="" LandID="28"/>
  <Orte OrtID="1190" OrtName="Egestorf" OrtPLZ="" LandID="28"/>
  <Orte OrtID="1191" OrtName="Västra Frölunda" LandID="13"/>
  <Orte OrtID="1192" OrtName="Dümmer" OrtPLZ="" LandID="28"/>
  <Orte OrtID="1193" OrtName="Linz" LandID="3"/>
  <Orte OrtID="1194" OrtName="Flintbek" OrtPLZ="" LandID="28"/>
  <Orte OrtID="1195" OrtName="Husum" OrtPLZ="" LandID="28"/>
  <Orte OrtID="1196" OrtName="Neuenstein" OrtPLZ="" LandID="28"/>
  <Orte OrtID="1197" OrtName="Pinneberg" OrtPLZ="" LandID="28"/>
  <Orte OrtID="1198" OrtName="Hude" OrtPLZ="" LandID="28"/>
  <Orte OrtID="1199" OrtName="Haltern" OrtPLZ="" LandID="28"/>
  <Orte OrtID="1200" OrtName="Budapest" LandID="20"/>
  <Orte OrtID="1201" OrtName="Wettenberg" OrtPLZ="" LandID="28"/>
  <Orte OrtID="1202" OrtName="Hattingen" OrtPLZ="" LandID="28"/>
  <Orte OrtID="1203" OrtName="Dorum" OrtPLZ="27632" LandID="28"/>
  <Orte OrtID="1204" OrtName="Regstrup" OrtPLZ="" LandID="28"/>
  <Orte OrtID="1205" OrtName="Kirchheim" OrtPLZ="" LandID="28"/>
  <Orte OrtID="1206" OrtName="Grasleben" OrtPLZ="38368" LandID="28"/>
  <Orte OrtID="1208" OrtName="Fuldabrück" OrtPLZ="" LandID="28"/>
  <Orte OrtID="1209" OrtName="sükow" OrtPLZ="" LandID="28"/>
  <Orte OrtID="1210" OrtName="Ratzeburg" OrtPLZ="" LandID="28"/>
  <Orte OrtID="1211" OrtName="Sukow" OrtPLZ="" LandID="28"/>
  <Orte OrtID="1212" OrtName="Kitzingen" OrtPLZ="" LandID="28"/>
  <Orte OrtID="1213" OrtName="Walldorf" OrtPLZ="" LandID="28"/>
  <Orte OrtID="1214" OrtName="Künzell" OrtPLZ="" LandID="28"/>
  <Orte OrtID="1215" OrtName="Arnsgereuth" OrtPLZ="" LandID="28"/>
  <Orte OrtID="1216" OrtName="Hinte" OrtPLZ="" LandID="28"/>
  <Orte OrtID="1217" OrtName="Kakenstorf" OrtPLZ="" LandID="28"/>
  <Orte OrtID="1218" OrtName="Weil am Rhein" OrtPLZ="79576" LandID="28"/>
  <Orte OrtID="1219" OrtName="Neverin" OrtPLZ="" LandID="28"/>
  <Orte OrtID="1220" OrtName="Eichenzell" OrtPLZ="" LandID="28"/>
  <Orte OrtID="1221" OrtName="Alsbach-Hähnlein" OrtPLZ="" LandID="28"/>
  <Orte OrtID="1222" OrtName="Leubnitz" OrtPLZ="" LandID="28"/>
  <Orte OrtID="1223" OrtName="Schonungen" OrtPLZ="97453" LandID="28"/>
  <Orte OrtID="1224" OrtName="Madrid" OrtPLZ="" LandID="28"/>
  <Orte OrtID="1225" OrtName="Hemmingstedt" OrtPLZ="" LandID="28"/>
  <Orte OrtID="1226" OrtName="Großefehn" OrtPLZ="" LandID="28"/>
  <Orte OrtID="1227" OrtName="Hirschberg" OrtPLZ="" LandID="28"/>
  <Orte OrtID="1228" OrtName="Bockhorn" OrtPLZ="" LandID="28"/>
  <Orte OrtID="1229" OrtName="Much" OrtPLZ="" LandID="28"/>
  <Orte OrtID="1230" OrtName="Cloppenburg" OrtPLZ="" LandID="28"/>
  <Orte OrtID="1231" OrtName="Annaberg-Buchholz" OrtPLZ="" LandID="28"/>
  <Orte OrtID="1233" OrtName="Lünen" LandID="28"/>
  <Orte OrtID="1234" OrtName="Killester Dublin 5" LandID="29"/>
  <Orte OrtID="1235" OrtName="Ankara" LandID="18"/>
  <Orte OrtID="1236" OrtName="Hohen Neuendorf" OrtPLZ="" LandID="28"/>
  <Orte OrtID="1237" OrtName="Sangerhausen" OrtPLZ="" LandID="28"/>
  <Orte OrtID="1238" OrtName="Dillenburg" OrtPLZ="" LandID="28"/>
  <Orte OrtID="1241" OrtName="Meilen" OrtPLZ="" LandID="28"/>
  <Orte OrtID="1242" OrtName="Artà" LandID="6"/>
  <Orte OrtID="1243" OrtName="Wallerau" LandID="2"/>
  <Orte OrtID="1244" OrtName="Neuilly s.S." LandID="8"/>
  <Orte OrtID="1245" OrtName="Westerstede" LandID="28"/>
  <Orte OrtID="1246" OrtName="Ütze" LandID="28"/>
  <Orte OrtID="1247" OrtName="Östringen" LandID="28"/>
  <Orte OrtID="1248" OrtName="Croissy sur Seine" LandID="8"/>
  <Orte OrtID="1249" OrtName="Kienberg" LandID="2"/>
  <Orte OrtID="1250" OrtName="Rocquencourt" LandID="8"/>
  <Orte OrtID="1251" OrtName="Gordowswille" LandID="5"/>
  <Orte OrtID="1252" OrtName="Ascona" LandID="2"/>
  <Orte OrtID="1253" OrtName="Chur" LandID="2"/>
  <Orte OrtID="1254" OrtName="Castell de Fels" LandID="6"/>
  <Orte OrtID="1255" OrtName="London - Twickenham" LandID="11"/>
  <Orte OrtID="1256" OrtName="Forest Row" LandID="11"/>
  <Orte OrtID="1257" OrtName="Rye" LandID="5"/>
  <Orte OrtID="1258" OrtName="Phoenix MD" LandID="5"/>
  <Orte OrtID="1259" OrtName="Cannes" LandID="8"/>
  <Orte OrtID="1260" OrtName="Glattzentrum" LandID="2"/>
  <Orte OrtID="1261" OrtName="Paris" LandID="8"/>
  <Orte OrtID="1262" OrtName="Tribuswinkel" LandID="3"/>
  <Orte OrtID="1263" OrtName="Milano" LandID="7"/>
  <Orte OrtID="1264" OrtName="London" LandID="11"/>
  <Orte OrtID="1265" OrtName="Wichita Falls" LandID="5"/>
  <Orte OrtID="1266" OrtName="Diemen" LandID="4"/>
  <Orte OrtID="1267" OrtName="Roses" LandID="6"/>
  <Orte OrtID="1268" OrtName="Überlingen" LandID="28"/>
  <Orte OrtID="1269" OrtName="J. D. Eibergen" LandID="4"/>
  <Orte OrtID="1270" OrtName="San Giuliano Milanese" LandID="7"/>
  <Orte OrtID="1271" OrtName="Luzern" LandID="2"/>
  <Orte OrtID="1272" OrtName="Basel" LandID="2"/>
  <Orte OrtID="1273" OrtName="Thalwil" LandID="2"/>
  <Orte OrtID="1274" OrtName="Enschede" LandID="4"/>
  <Orte OrtID="1275" OrtName="Aigremont" LandID="8"/>
  <Orte OrtID="1276" OrtName="Noord Scharwoude" LandID="4"/>
  <Orte OrtID="1277" OrtName="Las Palmas de G. C." LandID="6"/>
  <Orte OrtID="1278" OrtName="Niedau" LandID="2"/>
  <Orte OrtID="1279" OrtName="Lluchmajor" LandID="6"/>
  <Orte OrtID="1280" OrtName="Regstrup" LandID="9"/>
  <Orte OrtID="1281" OrtName="Linz" LandID="3"/>
  <Orte OrtID="1282" OrtName="Madrid" LandID="6"/>
  <Orte OrtID="1283" OrtName="Egaa" LandID="9"/>
  <Orte OrtID="1284" OrtName="Viborg" LandID="9"/>
  <Orte OrtID="1285" OrtName="Cogolin" LandID="8"/>
  <Orte OrtID="1286" OrtName="Sant Cugat del Valles" LandID="6"/>
  <Orte OrtID="1287" OrtName="Sevilla" LandID="6"/>
  <Orte OrtID="1288" OrtName="Holle" LandID="28"/>
  <Orte OrtID="1289" OrtName="Amsterdam" LandID="4"/>
  <Orte OrtID="1290" OrtName="Hespe" LandID="28"/>
  <Orte OrtID="1291" OrtName="Richmond TW" LandID="11"/>
  <Orte OrtID="1292" OrtName="Herzebrock-Clarholz" LandID="28"/>
  <Orte OrtID="1293" OrtName="Rullstorf" LandID="28"/>
  <Orte OrtID="1294" OrtName="Nortorf" LandID="28"/>
  <Orte OrtID="1295" OrtName="Winsen" LandID="28"/>
  <Orte OrtID="1296" OrtName="Rastorf" LandID="28"/>
  <Orte OrtID="1297" OrtName="Spenge" LandID="28"/>
  <Orte OrtID="1298" OrtName="New York" LandID="5"/>
  <Orte OrtID="1299" OrtName="Röckingen" LandID="28"/>
  <Orte OrtID="1300" OrtName="Landshut" LandID="28"/>
  <Orte OrtID="1301" OrtName="Bodensee" LandID="28"/>
  <Orte OrtID="1302" OrtName="Krailling" LandID="28"/>
  <Orte OrtID="1303" OrtName="Mülheim" LandID="28"/>
  <Orte OrtID="1304" OrtName="Hahausen" LandID="28"/>
  <Orte OrtID="1305" OrtName="Stahnsdorf" LandID="28"/>
  <Orte OrtID="1306" OrtName="Lutherstadt Wittenberg" LandID="28"/>
  <Orte OrtID="1307" OrtName="Möhnesee" LandID="28"/>
  <Orte OrtID="1308" OrtName="Zwingenberg" LandID="28"/>
  <Orte OrtID="1309" OrtName="Tutzing" LandID="28"/>
  <Orte OrtID="1310" OrtName="Rot am See" LandID="28"/>
  <Orte OrtID="1311" OrtName="Trossingen" LandID="28"/>
  <Orte OrtID="1312" OrtName="Nienburg" LandID="28"/>
  <Orte OrtID="1313" OrtName="Benthe" LandID="28"/>
  <Orte OrtID="1314" OrtName="Frankfurt" LandID="28"/>
  <Orte OrtID="1315" OrtName="Unna" LandID="28"/>
  <Orte OrtID="1316" OrtName="Ankum" LandID="28"/>
  <Orte OrtID="1317" OrtName="Maikammer" LandID="28"/>
  <Orte OrtID="1318" OrtName="Sickte" LandID="28"/>
  <Orte OrtID="1319" OrtName="Putzbrunnen" LandID="28"/>
  <Orte OrtID="1320" OrtName="Alkmaar" LandID="4"/>
  <Orte OrtID="1321" OrtName="Meilen" LandID="2"/>
  <Orte OrtID="1322" OrtName="Jonage" LandID="8"/>
  <Orte OrtID="1323" OrtName="Risum-Lindholm" LandID="28"/>
  <Orte OrtID="1324" OrtName="Dassel" LandID="28"/>
  <Orte OrtID="1325" OrtName="Oberderdingen" LandID="28"/>
  <Orte OrtID="1326" OrtName="AP-Nisse" LandID="4"/>
  <Orte OrtID="1327" OrtName="Benshausen" LandID="28"/>
  <Orte OrtID="1328" OrtName="Dudenhofen" LandID="28"/>
  <Orte OrtID="1329" OrtName="Herdecke" LandID="28"/>
  <Orte OrtID="1330" OrtName="Puerto de la Cruz" LandID="6"/>
  <Orte OrtID="1331" OrtName="Melbeck" LandID="28"/>
  <Orte OrtID="1332" OrtName="Pastetten" LandID="28"/>
  <Orte OrtID="1333" OrtName="Westoverledingen" LandID="28"/>
  <Orte OrtID="1334" OrtName="Arnsberg" LandID="28"/>
  <Orte OrtID="1335" OrtName="Altenberge" LandID="28"/>
  <Orte OrtID="1336" OrtName="Emmendingen" LandID="28"/>
  <Orte OrtID="1337" OrtName="Bleckede" LandID="28"/>
  <Orte OrtID="1338" OrtName="Trittau" LandID="28"/>
  <Orte OrtID="1339" OrtName="Varel" LandID="28"/>
  <Orte OrtID="1340" OrtName="Malsch" LandID="28"/>
  <Orte OrtID="1341" OrtName="Wrohm" LandID="28"/>
  <Orte OrtID="1342" OrtName="Suzhou" LandID="12"/>
  <Orte OrtID="1343" OrtName="Elmenhorst/Lichtenhagen" LandID="28"/>
  <Orte OrtID="1344" OrtName="Kopenhagen" LandID="9"/>
  <Orte OrtID="1345" OrtName="Graben-Neudorf" LandID="28"/>
  <Orte OrtID="1346" OrtName="Zeven" LandID="28"/>
  <Orte OrtID="1347" OrtName="Guest" LandID="28"/>
  <Orte OrtID="1348" OrtName="Herning" LandID="9"/>
  <Orte OrtID="1349" OrtName="Hann. Münden" LandID="28"/>
  <Orte OrtID="1350" OrtName="Oelde" LandID="28"/>
  <Orte OrtID="1351" OrtName="Enkenbach-Alsenborn" LandID="28"/>
  <Orte OrtID="1352" OrtName="Fahrenzhausen" LandID="28"/>
  <Orte OrtID="1353" OrtName="Chemnitz" LandID="28"/>
  <Orte OrtID="1354" OrtName="Old Saybrook, CT" LandID="5"/>
  <Orte OrtID="1355" OrtName="Bad Hersfeld" LandID="28"/>
  <Orte OrtID="1356" OrtName="Oberhaching" LandID="28"/>
  <Orte OrtID="1357" OrtName="Weisenheim am Sand" LandID="28"/>
  <Orte OrtID="1358" OrtName="Zug" LandID="2"/>
  <Orte OrtID="1359" OrtName="Scheden" LandID="28"/>
  <Orte OrtID="1360" OrtName="Obertraubling" LandID="28"/>
  <Orte OrtID="1361" OrtName="Bury-Edmund" LandID="11"/>
  <Orte OrtID="1362" OrtName="Nörten-Hardenberg" LandID="28"/>
  <Orte OrtID="1363" OrtName="Sylt-Ost" LandID="28"/>
  <Orte OrtID="1364" OrtName="Zürich" LandID="2"/>
  <Orte OrtID="1365" OrtName="Erlangen" LandID="28"/>
  <Orte OrtID="1366" OrtName="Monheim" LandID="28"/>
  <Orte OrtID="1367" OrtName="Bayreuth" LandID="28"/>
  <Orte OrtID="1368" OrtName="Hehlen" LandID="28"/>
  <Orte OrtID="1369" OrtName="Visbek" LandID="28"/>
  <Orte OrtID="1370" OrtName="Wees" LandID="28"/>
  <Orte OrtID="1371" OrtName="Steinhude" LandID="28"/>
  <Orte OrtID="1372" OrtName="Großhansdorf" LandID="28"/>
  <Orte OrtID="1373" OrtName="Maisach" LandID="28"/>
  <Orte OrtID="1374" OrtName="Nideggen" LandID="28"/>
  <Orte OrtID="1375" OrtName="Orry la Ville" LandID="8"/>
  <Orte OrtID="1376" OrtName="Osterburken" LandID="28"/>
  <Orte OrtID="1377" OrtName="Gommern" LandID="28"/>
  <Orte OrtID="1378" OrtName="Ochtendung" LandID="28"/>
  <Orte OrtID="1379" OrtName="Arles" LandID="8"/>
  <Orte OrtID="1380" OrtName="Butzbach" LandID="28"/>
  <Orte OrtID="1381" OrtName="Los Giganties" LandID="6"/>
  <Orte OrtID="1382" OrtName="Moringen" LandID="28"/>
  <Orte OrtID="1383" OrtName="Dangard" LandID="9"/>
  <Orte OrtID="1384" OrtName="Winzenburg" LandID="28"/>
  <Orte OrtID="1385" OrtName="Pinar de Campo Verde" LandID="6"/>
  <Orte OrtID="1386" OrtName="Betheln" LandID="28"/>
  <Orte OrtID="1387" OrtName="Letter" LandID="28"/>
  <Orte OrtID="1388" OrtName="Heikendorf" LandID="28"/>
  <Orte OrtID="1389" OrtName="Brilon" LandID="28"/>
  <Orte OrtID="1390" OrtName="Schöppenstedt" LandID="28"/>
  <Orte OrtID="1391" OrtName="Saulheim" LandID="28"/>
  <Orte OrtID="1392" OrtName="ES Noordwijk" LandID="4"/>
  <Orte OrtID="1393" OrtName="Bad Vilbel" LandID="28"/>
  <Orte OrtID="1394" OrtName="Pöcking" LandID="28"/>
  <Orte OrtID="1395" OrtName="Bramsche" LandID="28"/>
  <Orte OrtID="1396" OrtName="Hermeskeil" LandID="28"/>
  <Orte OrtID="1397" OrtName="Staffhorst" LandID="28"/>
  <Orte OrtID="1398" OrtName="Löningen" LandID="28"/>
  <Orte OrtID="1399" OrtName="Engelskirchen" LandID="28"/>
  <Orte OrtID="1400" OrtName="Kronenburg" OrtPLZ="53949" LandID="28"/>
  <Orte OrtID="1403" OrtName="Kröslin" OrtPLZ="17440" LandID="28"/>
  <Orte OrtID="1404" OrtName="Bregenz" LandID="3"/>
  <Orte OrtID="1405" OrtName="Walddorfhäslach" LandID="28"/>
  <Orte OrtID="1406" OrtName="Bad Bramstedt" LandID="28"/>
  <Orte OrtID="1407" OrtName="Hademstorf" LandID="28"/>
  <Orte OrtID="1408" OrtName="Buch" LandID="28"/>
  <Orte OrtID="1409" OrtName="Ummen" LandID="28"/>
  <Orte OrtID="1410" OrtName="Büchen" LandID="28"/>
  <Orte OrtID="1411" OrtName="Rüdersdorf" LandID="28"/>
  <Orte OrtID="1412" OrtName="Pampow" LandID="28"/>
  <Orte OrtID="1413" OrtName="Blankenfelde" LandID="28"/>
  <Orte OrtID="1414" OrtName="Leinfelden-Echterdingen" LandID="28"/>
  <Orte OrtID="1415" OrtName="Apeldoorn" LandID="4"/>
  <Orte OrtID="1416" OrtName="Bad Langensalza" LandID="28"/>
  <Orte OrtID="1417" OrtName="Oerlinghausen" LandID="28"/>
  <Orte OrtID="1418" OrtName="Uslar" LandID="28"/>
  <Orte OrtID="1419" OrtName="Derning" LandID="9"/>
  <Orte OrtID="1420" OrtName="Neuendorf" LandID="28"/>
  <Orte OrtID="1421" OrtName="Bad Driburg" LandID="28"/>
  <Orte OrtID="1422" OrtName="Ahrensfelde" LandID="28"/>
  <Orte OrtID="1423" OrtName="Dortrecht" LandID="4"/>
  <Orte OrtID="1424" OrtName="Ellingen" LandID="28"/>
  <Orte OrtID="1425" OrtName="Hellendorf" OrtPLZ="30900" LandID="28"/>
  <Orte OrtID="1426" OrtName="Weingarten" OrtPLZ="88250" LandID="28"/>
  <Orte OrtID="1427" OrtName="Gelsenkirchen" LandID="28"/>
  <Orte OrtID="1428" OrtName="Wejle" LandID="9"/>
  <Orte OrtID="1429" OrtName="Wenningstedt" LandID="28"/>
  <Orte OrtID="1430" OrtName="Pullach" LandID="28"/>
  <Orte OrtID="1431" OrtName="Nümbrecht" OrtPLZ="51588" LandID="28"/>
  <Orte OrtID="1434" OrtName="Wendeburg-Neubrück" LandID="28"/>
  <Orte OrtID="1435" OrtName="Beverstedt" LandID="28"/>
  <Orte OrtID="1436" OrtName="Breda" OrtPLZ="4834 XT" LandID="4"/>
  <Orte OrtID="1437" OrtName="Windeck / Sieg" LandID="28"/>
  <Orte OrtID="1438" OrtName="Baden" LandID="3"/>
  <Orte OrtID="1439" OrtName="Fulda" LandID="28"/>
  <Orte OrtID="1440" OrtName="Oldendorf/Holste" OrtPLZ="27729" LandID="28"/>
  <Orte OrtID="1441" OrtName="Leimen" LandID="28"/>
  <Orte OrtID="1442" OrtName="Lübbecke" LandID="28"/>
  <Orte OrtID="1443" OrtName="Kaufungen" LandID="28"/>
  <Orte OrtID="1444" OrtName="Düren" LandID="28"/>
  <Orte OrtID="1445" OrtName="Göbenzell" LandID="28"/>
  <Orte OrtID="1446" OrtName="Löhne" LandID="28"/>
  <Orte OrtID="1447" OrtName="Prien" LandID="28"/>
  <Orte OrtID="1448" OrtName="Dorfen" LandID="28"/>
  <Orte OrtID="1449" OrtName="Nienstedt" LandID="28"/>
  <Orte OrtID="1450" OrtName="Heppenheim" LandID="28"/>
  <Orte OrtID="1451" OrtName="Gröden" LandID="28"/>
  <Orte OrtID="1452" OrtName="Jork-Borstel" LandID="28"/>
  <Orte OrtID="1453" OrtName="Haar" LandID="28"/>
  <Orte OrtID="1454" OrtName="Arnstadt" LandID="28"/>
  <Orte OrtID="1455" OrtName="Rödermark" LandID="28"/>
  <Orte OrtID="1456" OrtName="Egelsbach" LandID="28"/>
  <Orte OrtID="1457" OrtName="Lenne" LandID="28"/>
  <Orte OrtID="1458" OrtName="Remseck" LandID="28"/>
  <Orte OrtID="1459" OrtName="Rüsselsheim" LandID="28"/>
  <Orte OrtID="1460" OrtName="Obertshausen" LandID="28"/>
  <Orte OrtID="1461" OrtName="Bomlitz" LandID="28"/>
  <Orte OrtID="1462" OrtName="Wolfen" LandID="28"/>
  <Orte OrtID="1465" OrtName="Handeloh" OrtPLZ="21256" LandID="28"/>
  <Orte OrtID="1466" OrtName="laufenburg" LandID="28"/>
  <Orte OrtID="1467" OrtName="Dorsten" LandID="28"/>
  <Orte OrtID="1468" OrtName="Reutlingen" LandID="28"/>
  <Orte OrtID="1469" OrtName="Radolfzell" LandID="28"/>
  <Orte OrtID="1470" OrtName="Hämeler Wald" LandID="28"/>
  <Orte OrtID="1471" OrtName="Waiblingen" LandID="28"/>
  <Orte OrtID="1472" OrtName="Bad Müstereifel" LandID="28"/>
  <Orte OrtID="1473" OrtName="Stargard Szczecinski" OrtPLZ="73-110" LandID="33"/>
  <Orte OrtID="1474" OrtName="Bad Wildungen" LandID="28"/>
  <Orte OrtID="1475" OrtName="Giese" LandID="28"/>
  <Orte OrtID="1476" OrtName="unbekannt" LandID="34"/>
  <Orte OrtID="1477" OrtName="unbekannt" LandID="28"/>
  <Orte OrtID="1478" OrtName="Antoniewo-Le?niczówka" LandID="33"/>
  <Orte OrtID="1479" OrtName="Mehle" LandID="28"/>
  <Orte OrtID="1480" OrtName="Neuhof" LandID="28"/>
  <Orte OrtID="1481" OrtName="Gernlinden" LandID="28"/>
  <Orte OrtID="1482" OrtName="Bad Oldesloe" LandID="28"/>
  <Orte OrtID="1485" OrtName="Radenthein" LandID="3"/>
  <Orte OrtID="1486" OrtName="Windhausen" LandID="28"/>
  <Orte OrtID="1487" OrtName="Heere" LandID="28"/>
  <Orte OrtID="1488" OrtName="Sandhausen" LandID="28"/>
  <Orte OrtID="1489" OrtName="Eckernförde" LandID="20"/>
  <Orte OrtID="1490" OrtName="Kehl" LandID="28"/>
  <Orte OrtID="1491" OrtName="Los Altos, CA, USA" LandID="5"/>
  <Orte OrtID="1492" OrtName="Lier" LandID="35"/>
  <Orte OrtID="1493" OrtName="Wien" LandID="3"/>
  <Orte OrtID="1494" OrtName="Ramlingen" LandID="28"/>
  <Orte OrtID="1495" OrtName="Narbonne" LandID="8"/>
  <Orte OrtID="1496" OrtName="Billerbeck" LandID="28"/>
  <Orte OrtID="1497" OrtName="Bad Blenhorst" LandID="28"/>
  <Orte OrtID="1498" OrtName="San Bartolome de Tirajana Urb. Monte Leon" LandID="6"/>
  <Orte OrtID="1500" OrtName="Schlüchtern" LandID="28"/>
  <Status StatusNr="1" Statustext="aktuell" StatusKuerzel="+"/>
  <Status StatusNr="3" Statustext="nicht aktuell" StatusKuerzel="-"/>
  <Status StatusNr="12" Statustext="Zentralkartei" StatusKuerzel="-"/>
  <Status StatusNr="17" Statustext="gesperrt" StatusKuerzel="-"/>
  <Status StatusNr="18" Statustext="in Arbeit" StatusKuerzel="?"/>
  <Status StatusNr="19" Statustext="Makler" StatusKuerzel="-"/>
  <Strassen StrID="71" StrName="Bettinastraße" StrPLZ="14193" OrtID="18" Merkmal="1" Planquadrat="N&#xD;"/>
  <Strassen StrID="72" StrName="Reichsstraße" StrPLZ="14052" OrtID="18" Merkmal="1" Planquadrat="N&#xD;"/>
  <Strassen StrID="73" StrName="Straße zum Löwen" StrPLZ="14109" OrtID="18" Merkmal="1" Planquadrat="N&#xD;"/>
  <Strassen StrID="74" StrName="Koblenzer Straße" StrHausBereich="1-3,50-56,66-Ende,67-Ende" StrPLZ="53177" OrtID="26" Merkmal="1" Planquadrat="N&#xD;"/>
  <Strassen StrID="75" StrName="Koblenzer Straße" StrHausBereich="2-48, 5-65, 58-64" StrPLZ="53173" OrtID="26" Merkmal="1" Planquadrat="N&#xD;"/>
  <Strassen StrID="76" StrName="Fichtestraße" StrPLZ="31303" OrtID="20" Merkmal="1" Planquadrat="N&#xD;"/>
  <Strassen StrID="78" StrName="Felsenkellerweg" StrPLZ="31787" OrtID="19" Merkmal="1" Planquadrat="N&#xD;"/>
  <Strassen StrID="79" StrName="Adolf-Ey-Straße" StrPLZ="30519" OrtID="1" Merkmal="1" Planquadrat="N&#xD;"/>
  <Strassen StrID="82" StrName="Auf dem Lärchenberge" StrPLZ="30161" OrtID="1" Merkmal="1" Planquadrat="N&#xD;"/>
  <Strassen StrID="90" StrName="Georgstraße" StrPLZ="30159" OrtID="1" Merkmal="1" Planquadrat="N&#xD;"/>
  <Strassen StrID="101" StrName="Oskar-Winter-Straße" StrPLZ="30161" OrtID="1" Merkmal="1" Planquadrat="N&#xD;"/>
  <Strassen StrID="111" StrName="Im Dorffeld" StrPLZ="30966" OrtID="13" Merkmal="1" Planquadrat="N&#xD;"/>
  <Strassen StrID="112" StrName="Harkenblecker Weg" StrPLZ="30966" OrtID="13" Merkmal="1" Planquadrat="N&#xD;"/>
  <Strassen StrID="113" StrName="Alter Reiterhof" StrPLZ="30916" OrtID="21" Merkmal="1" Planquadrat="N&#xD;"/>
  <Strassen StrID="115" StrName="Hirschkamp" StrPLZ="30916" OrtID="21" Merkmal="1" Planquadrat="N&#xD;"/>
  <Strassen StrID="116" StrName="Gereonshof" StrPLZ="50670" OrtID="17" Merkmal="1" Planquadrat="N&#xD;"/>
  <Strassen StrID="117" StrName="Kananohe" StrPLZ="30855" OrtID="27" Merkmal="1" Planquadrat="N&#xD;"/>
  <Strassen StrID="118" StrName="Unterer Triftweg" StrPLZ="31867" OrtID="24" Merkmal="1" Planquadrat="N&#xD;"/>
  <Strassen StrID="119" StrName="Hinter den Gärten" StrPLZ="31535" OrtID="22" Merkmal="1" Planquadrat="N&#xD;"/>
  <Strassen StrID="120" StrName="Windmühlenstraße" StrPLZ="31535" OrtID="22" Merkmal="1" Planquadrat="N&#xD;"/>
  <Strassen StrID="121" StrName="Weidendamm" StrPLZ="31547" OrtID="30" Merkmal="1" Planquadrat="N&#xD;"/>
  <Strassen StrID="122" StrName="Obernstraße" StrPLZ="31655" OrtID="32" Merkmal="1" Planquadrat="N&#xD;"/>
  <Strassen StrID="123" StrName="Robert-Stolz-Weg" StrPLZ="30900" OrtID="25" Merkmal="1" Planquadrat="N&#xD;"/>
  <Strassen StrID="124" StrName="Rügener Weg" StrPLZ="30900" OrtID="25" Merkmal="1" Planquadrat="N&#xD;"/>
  <Strassen StrID="131" StrName="Schirnerstraße" StrPLZ="41515" OrtID="33" Merkmal="1" Planquadrat="N&#xD;"/>
  <Strassen StrID="132" StrName="Mathias Claudius Straße" StrPLZ="30989" OrtID="5" Merkmal="1" Planquadrat="N&#xD;"/>
  <Strassen StrID="147" StrName="Soorenweg" StrPLZ="30916" OrtID="21" Merkmal="1" Planquadrat="N&#xD;"/>
  <Strassen StrID="148" StrName="Ackerstraße" StrPLZ="30163" OrtID="1" Merkmal="1" Planquadrat="N&#xD;"/>
  <Strassen StrID="153" StrName="Auf dem Windmühlenberge" StrPLZ="30916" OrtID="1" Merkmal="1" Planquadrat="N&#xD;"/>
  <Strassen StrID="155" StrName="Wilhelm-Busch-Straße" StrPLZ="31832" OrtID="34" Merkmal="1" Planquadrat="N&#xD;"/>
  <Strassen StrID="159" StrName="Jakobistraße" StrPLZ="30163" OrtID="1" Merkmal="1" Planquadrat="N&#xD;"/>
  <Strassen StrID="164" StrName="Domhof" StrPLZ="31134" OrtID="9" Merkmal="1" Planquadrat="N&#xD;"/>
  <Strassen StrID="167" StrName="Breite Lade" StrPLZ="31275" OrtID="4" Merkmal="1" Planquadrat="N&#xD;"/>
  <Strassen StrID="168" StrName="Hansastraße" StrPLZ="30952" OrtID="3" Merkmal="1" Planquadrat="N&#xD;"/>
  <Strassen StrID="169" StrName="Im Mitteldorf" StrPLZ="21039" OrtID="36" Merkmal="1" Planquadrat="N&#xD;"/>
  <Strassen StrID="193" StrName="Hemeringer Straße" StrPLZ="31840" OrtID="37" Merkmal="1" Planquadrat="N&#xD;"/>
  <Strassen StrID="201" StrName="Kiefernstraße" StrPLZ="30855" OrtID="27" Merkmal="1" Planquadrat="N&#xD;"/>
  <Strassen StrID="205" StrName="Große Rosenstraße" StrPLZ="34117" OrtID="11" Merkmal="1" Planquadrat="N&#xD;"/>
  <Strassen StrID="208" StrName="Hengstweg" StrPLZ="30952" OrtID="3" Merkmal="1" Planquadrat="N&#xD;"/>
  <Strassen StrID="211" StrName="Brauhausstieg" StrPLZ="20048" OrtID="39" Merkmal="1" Planquadrat="N&#xD;"/>
  <Strassen StrID="212" StrName="Sattelhof" StrPLZ="30851" OrtID="27" Merkmal="1" Planquadrat="N&#xD;"/>
  <Strassen StrID="213" StrName="Auf der Strenge" StrPLZ="22397" OrtID="39" Merkmal="1" Planquadrat="N&#xD;"/>
  <Strassen StrID="221" StrName="Im Mitteldorf" StrPLZ="30938" OrtID="40" Merkmal="1" Planquadrat="N&#xD;"/>
  <Strassen StrID="232" StrName="Skarlitzer Straße" StrPLZ="10997" OrtID="18" Merkmal="1" Planquadrat="N&#xD;"/>
  <Strassen StrID="246" StrName="Lyoner Straße" StrPLZ="60528" OrtID="41" Merkmal="1" Planquadrat="N&#xD;"/>
  <Strassen StrID="253" StrName="Albertstraße" StrPLZ="30451" OrtID="1" Merkmal="1" Planquadrat="N&#xD;"/>
  <Strassen StrID="254" StrName="Am Hasselteich" StrPLZ="38104" OrtID="8" Merkmal="1" Planquadrat="N&#xD;"/>
  <Strassen StrID="255" StrName="Greifwaldstraße" StrPLZ="38124" OrtID="8" Merkmal="1" Planquadrat="N&#xD;"/>
  <Strassen StrID="260" StrName="Hackenberghang" StrPLZ="45133" OrtID="42" Merkmal="1" Planquadrat="N&#xD;"/>
  <Strassen StrID="262" StrName="Truper Deich" StrPLZ="28865" OrtID="44" Merkmal="1" Planquadrat="N&#xD;"/>
  <Strassen StrID="268" StrName="Finkenweg" StrPLZ="31303" OrtID="20" Merkmal="1" Planquadrat="N&#xD;"/>
  <Strassen StrID="270" StrName="Eiermarkt" StrPLZ="30938" OrtID="40" Merkmal="1" Planquadrat="N&#xD;"/>
  <Strassen StrID="274" StrName="Wagenfeldstraße" StrPLZ="48147" OrtID="45" Merkmal="1" Planquadrat="N&#xD;"/>
  <Strassen StrID="281" StrName="Am Haag" StrPLZ="65812" OrtID="46" Merkmal="1" Planquadrat="N&#xD;"/>
  <Strassen StrID="285" StrName="Am Rübenberge" StrPLZ="38104" OrtID="8" Merkmal="1" Planquadrat="N&#xD;"/>
  <Strassen StrID="286" StrName="Alandweg" StrPLZ="30179" OrtID="1" Merkmal="1" Planquadrat="N&#xD;"/>
  <Strassen StrID="288" StrName="Panoramaweg" StrPLZ="87629" OrtID="48" Merkmal="1" Planquadrat="N&#xD;"/>
  <Strassen StrID="290" StrName="Postfach" StrPLZ="76112" OrtID="49" Merkmal="1" Planquadrat="N&#xD;"/>
  <Strassen StrID="291" StrName="Große Bergstraße" StrPLZ="30989" OrtID="5" Merkmal="1" Planquadrat="N&#xD;"/>
  <Strassen StrID="294" StrName="Alvenslebenstraße" StrPLZ="30163" OrtID="1" Merkmal="1" Planquadrat="N&#xD;"/>
  <Strassen StrID="299" StrName="Rüdesheimer Straße" StrPLZ="65197" OrtID="50" Merkmal="1" Planquadrat="N&#xD;"/>
  <Strassen StrID="309" StrName="Im Bruche" StrPLZ="30900" OrtID="25" Merkmal="1" Planquadrat="N&#xD;"/>
  <Strassen StrID="311" StrName="Allmersstraße" StrPLZ="30173" OrtID="1" Merkmal="1" Planquadrat="N&#xD;"/>
  <Strassen StrID="312" StrName="Mittelstraße" StrPLZ="31249" OrtID="51" Merkmal="1" Planquadrat="N&#xD;"/>
  <Strassen StrID="317" StrName="Saarbrückener Straße" StrPLZ="38116" OrtID="8" Merkmal="1" Planquadrat="N&#xD;"/>
  <Strassen StrID="319" StrName="Walsroder Straße" StrPLZ="30853" OrtID="27" Merkmal="1" Planquadrat="N&#xD;"/>
  <Strassen StrID="323" StrName="Haseweg" StrPLZ="30853" OrtID="27" Merkmal="1" Planquadrat="N&#xD;"/>
  <Strassen StrID="324" StrName="Barkhausener Weg" StrPLZ="32457" OrtID="52" Merkmal="1" Planquadrat="N&#xD;"/>
  <Strassen StrID="330" StrName="Galmeiweg" StrPLZ="58332" OrtID="53" Merkmal="1" Planquadrat="N&#xD;"/>
  <Strassen StrID="331" StrName="Bahnhofstraße" StrPLZ="58332" OrtID="53" Merkmal="1" Planquadrat="N&#xD;"/>
  <Strassen StrID="344" StrName="Hannoversche Straße" StrPLZ="30916" OrtID="21" Merkmal="1" Planquadrat="N&#xD;"/>
  <Strassen StrID="360" StrName="Hauptstraße" StrPLZ="38275" OrtID="54" Merkmal="1" Planquadrat="N&#xD;"/>
  <Strassen StrID="371" StrName="Lindenkamp" StrPLZ="31199" OrtID="55" Merkmal="1" Planquadrat="N&#xD;"/>
  <Strassen StrID="375" StrName="Elbeweg" StrPLZ="30926" OrtID="6" Merkmal="1" Planquadrat="N&#xD;"/>
  <Strassen StrID="381" StrName="Jürgenweg" StrPLZ="30419" OrtID="1" Merkmal="1" Planquadrat="N&#xD;"/>
  <Strassen StrID="382" StrName="Böcklinplatz" StrPLZ="30177" OrtID="1" Merkmal="1" Planquadrat="N&#xD;"/>
  <Strassen StrID="435" StrName="Borkumer Straße" StrPLZ="30163" OrtID="1" Merkmal="1" Planquadrat="N&#xD;"/>
  <Strassen StrID="456" StrName="Abelmannstraße" StrPLZ="30519" OrtID="1" Merkmal="1" Planquadrat="N&#xD;"/>
  <Strassen StrID="2813" StrName="1. Koppelweg" StrPLZ="38518" OrtID="155" Merkmal="1" Planquadrat="N&#xD;"/>
  <Strassen StrID="2814" StrName="20 Rue Saint Pere" StrPLZ="F 92200" OrtID="1244" Merkmal="1" Planquadrat="N"/>
  <Strassen StrID="2815" StrName="Aalgrund" StrPLZ="31275" OrtID="4" Merkmal="1" Planquadrat="N&#xD;"/>
  <Strassen StrID="2816" StrName="Ackerrain" StrPLZ="30938" OrtID="40" Merkmal="1" Planquadrat="N&#xD;"/>
  <Strassen StrID="2817" StrName="Adalbert-Stifter-Straße" StrPLZ="30655" OrtID="1" Merkmal="1" Planquadrat="N&#xD;"/>
  <Strassen StrID="2818" StrName="Adalbert-Stifter-Straße" StrPLZ="38239" OrtID="10" Merkmal="1" Planquadrat="N&#xD;"/>
  <Strassen StrID="2819" StrName="Adelheidstraße" StrPLZ="30171" OrtID="1" Merkmal="1" Planquadrat="N&#xD;"/>
  <Strassen StrID="2821" StrName="Adenauerring" StrPLZ="81737" OrtID="225" Merkmal="1" Planquadrat="N&#xD;"/>
  <Strassen StrID="2822" StrName="Aegidientorplatz" StrPLZ="30159" OrtID="1" Merkmal="1" Planquadrat="N&#xD;"/>
  <Strassen StrID="2823" StrName="Agricolastraße" StrPLZ="30952" OrtID="3" Merkmal="1" Planquadrat="N&#xD;"/>
  <Strassen StrID="2824" StrName="Ahltener Straße" StrPLZ="31275" OrtID="4" Merkmal="1" Planquadrat="N&#xD;"/>
  <Strassen StrID="2825" StrName="Ahornstraße" StrPLZ="30855" OrtID="27" Merkmal="1" Planquadrat="N&#xD;"/>
  <Strassen StrID="2827" StrName="Ahornstraße" StrPLZ="31224" OrtID="7" Merkmal="1" Planquadrat="N&#xD;"/>
  <Strassen StrID="2829" StrName="Akeleiweg" StrPLZ="30655" OrtID="1" Merkmal="1" Planquadrat="N&#xD;"/>
  <Strassen StrID="2830" StrName="Alagrund" StrPLZ="31275" OrtID="4" Merkmal="1" Planquadrat="N&#xD;"/>
  <Strassen StrID="2833" StrName="Albert-Schweitzer-Straße" StrPLZ="38226" OrtID="10" Merkmal="1" Planquadrat="N&#xD;"/>
  <Strassen StrID="2834" StrName="Albrechtstraße" StrPLZ="30627" OrtID="1" Merkmal="1" Planquadrat="N&#xD;"/>
  <Strassen StrID="2835" StrName="Alemannstraße" StrPLZ="30161" OrtID="1" Merkmal="1" Planquadrat="N&#xD;"/>
  <Strassen StrID="2836" StrName="Alemannstraße" StrPLZ="30165" OrtID="1" Merkmal="1" Planquadrat="N&#xD;"/>
  <Strassen StrID="2837" StrName="Alfriede Marioth Straße" StrPLZ="31137" OrtID="9" Merkmal="1" Planquadrat="N&#xD;"/>
  <Strassen StrID="2838" StrName="Allbrecht Dürer Straße" StrPLZ="31675" OrtID="112" Merkmal="1" Planquadrat="N&#xD;"/>
  <Strassen StrID="2840" StrName="Alleestraße" StrPLZ="30167" OrtID="1" Merkmal="1" Planquadrat="N&#xD;"/>
  <Strassen StrID="2841" StrName="Allensteiner Straße" StrPLZ="31848" OrtID="89" Merkmal="1" Planquadrat="N&#xD;"/>
  <Strassen StrID="2842" StrName="Allerriede" StrPLZ="31234" OrtID="221" Merkmal="1" Planquadrat="N&#xD;"/>
  <Strassen StrID="2843" StrName="Allerstraße" StrPLZ="29323" OrtID="311" Merkmal="1" Planquadrat="N&#xD;"/>
  <Strassen StrID="2844" StrName="Allerweg" StrPLZ="29690" OrtID="111" Merkmal="1" Planquadrat="N&#xD;"/>
  <Strassen StrID="2845" StrName="Allerweg" StrPLZ="30449" OrtID="1" Merkmal="1" Planquadrat="N&#xD;"/>
  <Strassen StrID="2846" StrName="Allerweg" StrPLZ="30851" OrtID="27" Merkmal="1" Planquadrat="N&#xD;"/>
  <Strassen StrID="2847" StrName="Alstertor" StrPLZ="20095" OrtID="39" Merkmal="1" Planquadrat="N&#xD;"/>
  <Strassen StrID="2848" StrName="Alt Godshorn" StrPLZ="30855" OrtID="27" Merkmal="1" Planquadrat="N&#xD;"/>
  <Strassen StrID="2850" StrName="Alt Groß Hehlen" StrPLZ="29229" OrtID="115" Merkmal="1" Planquadrat="N&#xD;"/>
  <Strassen StrID="2852" StrName="Alte Döhrener Straße" StrHausBereich="1-23,2-26" StrPLZ="30169" OrtID="1" Merkmal="1" Planquadrat="N&#xD;"/>
  <Strassen StrID="2854" StrName="Alte Grenze" StrPLZ="29221" OrtID="115" Merkmal="1" Planquadrat="N&#xD;"/>
  <Strassen StrID="2856" StrName="Alte Herrenhäuser Straße" StrPLZ="30419" OrtID="1" Merkmal="1" Planquadrat="N&#xD;"/>
  <Strassen StrID="2857" StrName="Alte Stöckener Straße" StrPLZ="30419" OrtID="1" Merkmal="1" Planquadrat="N&#xD;"/>
  <Strassen StrID="2861" StrName="Altenbekener Damm" StrPLZ="30173" OrtID="1" Merkmal="1" Planquadrat="N&#xD;"/>
  <Strassen StrID="2862" StrName="Altenhorst" StrPLZ="30855" OrtID="27" Merkmal="1" Planquadrat="N&#xD;"/>
  <Strassen StrID="2863" StrName="Alter Flughafen" StrPLZ="30179" OrtID="1" Merkmal="1" Planquadrat="N&#xD;"/>
  <Strassen StrID="2864" StrName="Alter Mühlenkamp" StrPLZ="30659" OrtID="1" Merkmal="1" Planquadrat="N&#xD;"/>
  <Strassen StrID="2865" StrName="Alter Mühlhabinger Weg" StrPLZ="82418" OrtID="226" Merkmal="1" Planquadrat="N&#xD;"/>
  <Strassen StrID="2866" StrName="Alter-Sonnenberg-Weg" StrPLZ="31084" OrtID="145" Merkmal="1" Planquadrat="N&#xD;"/>
  <Strassen StrID="2867" StrName="Altes Dorf" StrPLZ="30455" OrtID="1" Merkmal="1" Planquadrat="N&#xD;"/>
  <Strassen StrID="2868" StrName="Am alten Freyhof" StrPLZ="30900" OrtID="25" Merkmal="1" Planquadrat="N&#xD;"/>
  <Strassen StrID="2869" StrName="Am Alten Saupark" StrPLZ="30629" OrtID="1" Merkmal="1" Planquadrat="N&#xD;"/>
  <Strassen StrID="2870" StrName="Am Bahnhof" StrPLZ="32457" OrtID="52" Merkmal="1" Planquadrat="N&#xD;"/>
  <Strassen StrID="2871" StrName="Am Bökenkampshof" StrPLZ="33619" OrtID="101" Merkmal="1" Planquadrat="N&#xD;"/>
  <Strassen StrID="2872" StrName="Am Bornberg" StrPLZ="30938" OrtID="40" Merkmal="1" Planquadrat="N&#xD;"/>
  <Strassen StrID="2873" StrName="Am Brunnen" StrPLZ="30974" OrtID="307" Merkmal="1" Planquadrat="N&#xD;"/>
  <Strassen StrID="2875" StrName="Am Bürgerpark" StrPLZ="31157" OrtID="268" Merkmal="1" Planquadrat="N&#xD;"/>
  <Strassen StrID="2877" StrName="Am Dornbusch" StrPLZ="31275" OrtID="4" Merkmal="1" Planquadrat="N&#xD;"/>
  <Strassen StrID="2878" StrName="Am Eckbusch" StrPLZ="42113" OrtID="320" Merkmal="1" Planquadrat="N"/>
  <Strassen StrID="2879" StrName="Am Eichtal" StrPLZ="76771" OrtID="186" Merkmal="1" Planquadrat="N&#xD;"/>
  <Strassen StrID="2881" StrName="Am Falbenholzweg" StrPLZ="91124" OrtID="272" Merkmal="1" Planquadrat="N&#xD;"/>
  <Strassen StrID="2882" StrName="Am Fischhaus" StrPLZ="91541" OrtID="265" Merkmal="1" Planquadrat="N&#xD;"/>
  <Strassen StrID="2884" StrName="Am Forsthaus" StrPLZ="29565" OrtID="318" Merkmal="1" Planquadrat="N&#xD;"/>
  <Strassen StrID="2885" StrName="Am Forsthaus" StrPLZ="30890" OrtID="2" Merkmal="1" Planquadrat="N&#xD;"/>
  <Strassen StrID="2887" StrName="Am Gehrkamp" StrPLZ="31275" OrtID="4" Merkmal="1" Planquadrat="N&#xD;"/>
  <Strassen StrID="2888" StrName="Am Gogericht" StrPLZ="30855" OrtID="27" Merkmal="1" Planquadrat="N&#xD;"/>
  <Strassen StrID="2889" StrName="Am Goldenen Acker" StrPLZ="31832" OrtID="278" Merkmal="1" Planquadrat="N&#xD;"/>
  <Strassen StrID="2892" StrName="Am Grünen Weg" StrPLZ="50259" OrtID="256" Merkmal="1" Planquadrat="N&#xD;"/>
  <Strassen StrID="2893" StrName="Am Gut" StrPLZ="30989" OrtID="5" Merkmal="1" Planquadrat="N&#xD;"/>
  <Strassen StrID="2894" StrName="Am Hahnen" StrPLZ="34132" OrtID="11" Merkmal="1" Planquadrat="N&#xD;"/>
  <Strassen StrID="2895" StrName="Am Hang" StrPLZ="30880" OrtID="200" Merkmal="1" Planquadrat="N&#xD;"/>
  <Strassen StrID="2897" StrName="Am Heiligen Grabe" StrPLZ="38640" OrtID="157" Merkmal="1" Planquadrat="N&#xD;"/>
  <Strassen StrID="2900" StrName="Am Holze" StrPLZ="30926" OrtID="6" Merkmal="1" Planquadrat="N&#xD;"/>
  <Strassen StrID="2901" StrName="Am Hopfengarten" StrPLZ="30900" OrtID="25" Merkmal="1" Planquadrat="N&#xD;"/>
  <Strassen StrID="2902" StrName="Am Johannisberg" StrPLZ="53474" OrtID="93" Merkmal="1" Planquadrat="N&#xD;"/>
  <Strassen StrID="2903" StrName="Am Kalkofen" StrPLZ="30926" OrtID="6" Merkmal="1" Planquadrat="N&#xD;"/>
  <Strassen StrID="2904" StrName="Am Kampe" StrPLZ="31535" OrtID="22" Merkmal="1" Planquadrat="N&#xD;"/>
  <Strassen StrID="2918" StrName="Am Lotzenwald" StrPLZ="65719" OrtID="184" Merkmal="1" Planquadrat="N&#xD;"/>
  <Strassen StrID="2919" StrName="Am Markt" StrPLZ="31655" OrtID="32" Merkmal="1" Planquadrat="N&#xD;"/>
  <Strassen StrID="2923" StrName="Am Mergelberg" StrPLZ="30900" OrtID="25" Merkmal="1" Planquadrat="N&#xD;"/>
  <Strassen StrID="2924" StrName="Am Messeweg" StrPLZ="30880" OrtID="1" Merkmal="1" Planquadrat="N&#xD;"/>
  <Strassen StrID="2925" StrName="Am Mesterwinkel" StrPLZ="30952" OrtID="3" Merkmal="1" Planquadrat="N&#xD;"/>
  <Strassen StrID="2927" StrName="Am Moore" StrPLZ="30855" OrtID="27" Merkmal="1" Planquadrat="N&#xD;"/>
  <Strassen StrID="2928" StrName="Am Mühlenfeld" StrPLZ="30938" OrtID="40" Merkmal="1" Planquadrat="N&#xD;"/>
  <Strassen StrID="2932" StrName="Am Oberstenhof" StrPLZ="31675" OrtID="112" Merkmal="1" Planquadrat="N&#xD;"/>
  <Strassen StrID="2933" StrName="Am Ohlhorstberge" StrPLZ="29202" OrtID="116" Merkmal="1" Planquadrat="N&#xD;"/>
  <Strassen StrID="2934" StrName="Am Ortfelde" StrPLZ="30916" OrtID="21" Merkmal="1" Planquadrat="N&#xD;"/>
  <Strassen StrID="2935" StrName="Am Petersberg" StrPLZ="33619" OrtID="101" Merkmal="1" Planquadrat="N&#xD;"/>
  <Strassen StrID="2937" StrName="Am Pfarrlandplatz" StrPLZ="30451" OrtID="1" Merkmal="1" Planquadrat="N&#xD;"/>
  <Strassen StrID="2938" StrName="Am Pferdemarkt" StrPLZ="30853" OrtID="27" Merkmal="1" Planquadrat="N&#xD;"/>
  <Strassen StrID="2939" StrName="Am Potthof" StrPLZ="30880" OrtID="200" Merkmal="1" Planquadrat="N&#xD;"/>
  <Strassen StrID="2940" StrName="Am Pregel" StrPLZ="31275" OrtID="4" Merkmal="1" Planquadrat="N&#xD;"/>
  <Strassen StrID="2941" StrName="Am Ricklinger Holze" StrPLZ="30966" OrtID="13" Merkmal="1" Planquadrat="N&#xD;"/>
  <Strassen StrID="2942" StrName="Am Ricklinger Holze" StrPLZ="30966" OrtID="1" Merkmal="1" Planquadrat="N&#xD;"/>
  <Strassen StrID="2943" StrName="Am Rohrbach" StrPLZ="31619" OrtID="102" Merkmal="1" Planquadrat="N&#xD;"/>
  <Strassen StrID="2946" StrName="Am Sandberge" StrPLZ="31515" OrtID="319" Merkmal="1" Planquadrat="N&#xD;"/>
  <Strassen StrID="2947" StrName="Am Schachtacker" StrPLZ="31311" OrtID="294" Merkmal="1" Planquadrat="N&#xD;"/>
  <Strassen StrID="2948" StrName="Am Schafanger" StrPLZ="30890" OrtID="2" Merkmal="1" Planquadrat="N&#xD;"/>
  <Strassen StrID="2951" StrName="Am See" StrPLZ="30952" OrtID="3" Merkmal="1" Planquadrat="N&#xD;"/>
  <Strassen StrID="2955" StrName="Am Sommerberg" StrPLZ="78166" OrtID="123" Merkmal="1" Planquadrat="N&#xD;"/>
  <Strassen StrID="2956" StrName="Am Sperrtor" StrPLZ="30823" OrtID="149" Merkmal="1" Planquadrat="N&#xD;"/>
  <Strassen StrID="2957" StrName="Am Sportplatz" StrPLZ="27318" OrtID="188" Merkmal="1" Planquadrat="N&#xD;"/>
  <Strassen StrID="2961" StrName="Am Teichfeld" StrPLZ="30890" OrtID="2" Merkmal="1" Planquadrat="N&#xD;"/>
  <Strassen StrID="2963" StrName="Am Wald" StrPLZ="31710" OrtID="111" Merkmal="1" Planquadrat="N&#xD;"/>
  <Strassen StrID="2964" StrName="Am Wäldchen" StrPLZ="30916" OrtID="21" Merkmal="1" Planquadrat="N&#xD;"/>
  <Strassen StrID="2965" StrName="Am Walde" StrPLZ="31710" OrtID="111" Merkmal="1" Planquadrat="N&#xD;"/>
  <Strassen StrID="2966" StrName="Am Waldsee" StrPLZ="31275" OrtID="4" Merkmal="1" Planquadrat="N&#xD;"/>
  <Strassen StrID="2967" StrName="Am Waldteich" StrPLZ="30952" OrtID="3" Merkmal="1" Planquadrat="N&#xD;"/>
  <Strassen StrID="2968" StrName="Am Wehrbusch" StrPLZ="30880" OrtID="200" Merkmal="1" Planquadrat="N&#xD;"/>
  <Strassen StrID="2969" StrName="Am Weidengarten" StrPLZ="61476" OrtID="199" Merkmal="1" Planquadrat="N&#xD;"/>
  <Strassen StrID="2970" StrName="Am Wienkamp" StrPLZ="30916" OrtID="21" Merkmal="1" Planquadrat="N&#xD;"/>
  <Strassen StrID="2972" StrName="Am Windbusch" StrPLZ="32758" OrtID="121" Merkmal="1" Planquadrat="N&#xD;"/>
  <Strassen StrID="2973" StrName="Am Winkelberge" StrPLZ="30826" OrtID="149" Merkmal="1" Planquadrat="N&#xD;"/>
  <Strassen StrID="2975" StrName="Am Zoo" StrPLZ="38124" OrtID="8" Merkmal="1" Planquadrat="N&#xD;"/>
  <Strassen StrID="2977" StrName="Amselweg" StrPLZ="31157" OrtID="268" Merkmal="1" Planquadrat="N&#xD;"/>
  <Strassen StrID="2978" StrName="Amselweg" StrPLZ="31515" OrtID="319" Merkmal="1" Planquadrat="N&#xD;"/>
  <Strassen StrID="2979" StrName="Amtberg" StrPLZ="30982" OrtID="253" Merkmal="1" Planquadrat="N&#xD;"/>
  <Strassen StrID="2980" StrName="An dem Pfade" StrPLZ="31515" OrtID="319" Merkmal="1" Planquadrat="N&#xD;"/>
  <Strassen StrID="2981" StrName="An der Alster" StrPLZ="20083" OrtID="39" Merkmal="1" Planquadrat="N&#xD;"/>
  <Strassen StrID="2983" StrName="An der Aue" StrPLZ="31249" OrtID="185" Merkmal="1" Planquadrat="N&#xD;"/>
  <Strassen StrID="2994" StrName="An der Riehe" StrPLZ="30916" OrtID="21" Merkmal="1" Planquadrat="N&#xD;"/>
  <Strassen StrID="2998" StrName="An der Trift" StrPLZ="30827" OrtID="149" Merkmal="1" Planquadrat="N&#xD;"/>
  <Strassen StrID="3000" StrName="An der Worth" StrPLZ="30966" OrtID="13" Merkmal="1" Planquadrat="N&#xD;"/>
  <Strassen StrID="3001" StrName="An Mußmanns Haube" StrPLZ="30419" OrtID="1" Merkmal="1" Planquadrat="N&#xD;"/>
  <Strassen StrID="3003" StrName="Anecampstraße" StrPLZ="30539" OrtID="1" Merkmal="1" Planquadrat="N&#xD;"/>
  <Strassen StrID="3004" StrName="Angerburger Allee" StrPLZ="14055" OrtID="18" Merkmal="1" Planquadrat="N&#xD;"/>
  <Strassen StrID="3006" StrName="Annabergerstraße" StrPLZ="9419" OrtID="290" Merkmal="1" Planquadrat="N&#xD;"/>
  <Strassen StrID="3008" StrName="Anton-Freytag-Straße" StrPLZ="30823" OrtID="149" Merkmal="1" Planquadrat="N&#xD;"/>
  <Strassen StrID="3009" StrName="Antonianger" StrPLZ="31061" OrtID="74" Merkmal="1" Planquadrat="N&#xD;"/>
  <Strassen StrID="3014" StrName="Arberstraße" StrPLZ="71083" OrtID="179" Merkmal="1" Planquadrat="N&#xD;"/>
  <Strassen StrID="3019" StrName="Arnumer Kirchstraße" StrPLZ="30966" OrtID="13" Merkmal="1" Planquadrat="N&#xD;"/>
  <Strassen StrID="3020" StrName="Asphalweg" StrPLZ="30916" OrtID="21" Merkmal="1" Planquadrat="N&#xD;"/>
  <Strassen StrID="3021" StrName="Asternstraße" StrPLZ="30880" OrtID="200" Merkmal="1" Planquadrat="N&#xD;"/>
  <Strassen StrID="3022" StrName="Rathenaustraße" StrPLZ="30853" OrtID="27" Merkmal="1" Planquadrat="N&#xD;"/>
  <Strassen StrID="3023" StrName="Auecampstraße" StrPLZ="30539" OrtID="1" Merkmal="1" Planquadrat="N&#xD;"/>
  <Strassen StrID="3029" StrName="Auf dem großen Kampe" StrPLZ="30900" OrtID="25" Merkmal="1" Planquadrat="N&#xD;"/>
  <Strassen StrID="3030" StrName="Auf dem Heeßel" StrPLZ="31275" OrtID="4" Merkmal="1" Planquadrat="N&#xD;"/>
  <Strassen StrID="3032" StrName="Auf dem Kronsberg" StrPLZ="30827" OrtID="149" Merkmal="1" Planquadrat="N&#xD;"/>
  <Strassen StrID="3038" StrName="Auf dem Rußkampe" StrPLZ="30855" OrtID="27" Merkmal="1" Planquadrat="N&#xD;"/>
  <Strassen StrID="3039" StrName="Auf dem Stehen" StrPLZ="30459" OrtID="1" Merkmal="1" Planquadrat="N&#xD;"/>
  <Strassen StrID="3040" StrName="Auf dem Windmühlenberg" StrPLZ="30916" OrtID="21" Merkmal="1" Planquadrat="N&#xD;"/>
  <Strassen StrID="3041" StrName="Auf der Dahne" StrPLZ="31553" OrtID="126" Merkmal="1" Planquadrat="N&#xD;"/>
  <Strassen StrID="3042" StrName="Auf der Heide" StrPLZ="30916" OrtID="21" Merkmal="1" Planquadrat="N&#xD;"/>
  <Strassen StrID="3043" StrName="Auf der Horst" StrPLZ="31547" OrtID="30" Merkmal="1" Planquadrat="N&#xD;"/>
  <Strassen StrID="3045" StrName="Auf der Papenburg" StrPLZ="30459" OrtID="1" Merkmal="1" Planquadrat="N&#xD;"/>
  <Strassen StrID="3046" StrName="Auf der Reith" StrPLZ="31515" OrtID="319" Merkmal="1" Planquadrat="N&#xD;"/>
  <Strassen StrID="3047" StrName="Auf der Silber" StrPLZ="30826" OrtID="149" Merkmal="1" Planquadrat="N&#xD;"/>
  <Strassen StrID="3048" StrName="Auf der Worth" StrPLZ="30855" OrtID="27" Merkmal="1" Planquadrat="N&#xD;"/>
  <Strassen StrID="3050" StrName="Aug.-Bebel-Straße" StrPLZ="21029" OrtID="39" Merkmal="1" Planquadrat="N&#xD;"/>
  <Strassen StrID="3051" StrName="Augsburger Straße" StrPLZ="28876" OrtID="251" Merkmal="1" Planquadrat="N&#xD;"/>
  <Strassen StrID="3052" StrName="August-Bebel-Straße" StrPLZ="30851" OrtID="27" Merkmal="1" Planquadrat="N&#xD;"/>
  <Strassen StrID="3053" StrName="August-Schaper-Str" StrPLZ="30880" OrtID="200" Merkmal="1" Planquadrat="N&#xD;"/>
  <Strassen StrID="3056" StrName="Bachstelzenring" StrPLZ="30916" OrtID="21" Merkmal="1" Planquadrat="N&#xD;"/>
  <Strassen StrID="3057" StrName="Bachstraße" StrPLZ="30966" OrtID="13" Merkmal="1" Planquadrat="N&#xD;"/>
  <Strassen StrID="3058" StrName="Bachstraße" StrPLZ="30989" OrtID="5" Merkmal="1" Planquadrat="N&#xD;"/>
  <Strassen StrID="3059" StrName="Bachstraße" StrPLZ="31303" OrtID="20" Merkmal="1" Planquadrat="N&#xD;"/>
  <Strassen StrID="3062" StrName="Badenstedter Straße" StrHausBereich="40-128,53-129" StrPLZ="30453" OrtID="1" Merkmal="1" Planquadrat="N&#xD;"/>
  <Strassen StrID="3066" StrName="Bahnhofstraße" StrPLZ="28816" OrtID="286" Merkmal="1" Planquadrat="N&#xD;"/>
  <Strassen StrID="3068" StrName="Bahnhofstraße" StrPLZ="30890" OrtID="2" Merkmal="1" Planquadrat="N&#xD;"/>
  <Strassen StrID="3070" StrName="Bahnhofstraße" StrPLZ="31275" OrtID="4" Merkmal="1" Planquadrat="N&#xD;"/>
  <Strassen StrID="3071" StrName="Bahnhofstraße" StrPLZ="31737" OrtID="262" Merkmal="1" Planquadrat="N&#xD;"/>
  <Strassen StrID="3072" StrName="Bahnhofstraße" StrPLZ="37627" OrtID="282" Merkmal="1" Planquadrat="N&#xD;"/>
  <Strassen StrID="3075" StrName="Balleweg" StrPLZ="CH-8832" OrtID="303" Merkmal="1" Planquadrat="N&#xD;"/>
  <Strassen StrID="3079" StrName="Barnefeldstraße" StrPLZ="31515" OrtID="319" Merkmal="1" Planquadrat="N&#xD;"/>
  <Strassen StrID="3080" StrName="Bartensteiner Straße" StrPLZ="28329" OrtID="109" Merkmal="1" Planquadrat="N&#xD;"/>
  <Strassen StrID="3083" StrName="Basler Straße" StrPLZ="61281" OrtID="85" Merkmal="1" Planquadrat="N&#xD;"/>
  <Strassen StrID="3084" StrName="Battenser Garten" StrPLZ="30952" OrtID="3" Merkmal="1" Planquadrat="N&#xD;"/>
  <Strassen StrID="3085" StrName="Bauernstraße" StrPLZ="31275" OrtID="4" Merkmal="1" Planquadrat="N&#xD;"/>
  <Strassen StrID="3086" StrName="Baumgarten" StrPLZ="30966" OrtID="13" Merkmal="1" Planquadrat="N&#xD;"/>
  <Strassen StrID="3091" StrName="Bayernstraße" StrPLZ="30855" OrtID="27" Merkmal="1" Planquadrat="N&#xD;"/>
  <Strassen StrID="3092" StrName="Beckerwiese" StrPLZ="30851" OrtID="27" Merkmal="1" Planquadrat="N&#xD;"/>
  <Strassen StrID="3093" StrName="Becklingen" StrPLZ="29303" OrtID="100" Merkmal="1" Planquadrat="N&#xD;"/>
  <Strassen StrID="3097" StrName="Beethovenstraße" StrPLZ="31157" OrtID="268" Merkmal="1" Planquadrat="N&#xD;"/>
  <Strassen StrID="3098" StrName="Beethovenstraße" StrPLZ="31535" OrtID="22" Merkmal="1" Planquadrat="N&#xD;"/>
  <Strassen StrID="3099" StrName="Beethovenstraße" StrPLZ="37085" OrtID="158" Merkmal="1" Planquadrat="N&#xD;"/>
  <Strassen StrID="3102" StrName="Bei der Mühle" StrPLZ="30880" OrtID="200" Merkmal="1" Planquadrat="N&#xD;"/>
  <Strassen StrID="3103" StrName="Beinstorffweg" StrPLZ="30457" OrtID="1" Merkmal="1" Planquadrat="N&#xD;"/>
  <Strassen StrID="3108" StrName="Bennewitzstraße" StrPLZ="30163" OrtID="1" Merkmal="1" Planquadrat="N&#xD;"/>
  <Strassen StrID="3109" StrName="Bennigser Weg" StrPLZ="31832" OrtID="278" Merkmal="1" Planquadrat="N&#xD;"/>
  <Strassen StrID="3110" StrName="Benroder Straße" StrPLZ="31311" OrtID="294" Merkmal="1" Planquadrat="N&#xD;"/>
  <Strassen StrID="3115" StrName="Berenbosteler Straße" StrPLZ="30900" OrtID="25" Merkmal="1" Planquadrat="N&#xD;"/>
  <Strassen StrID="3119" StrName="Bergkammstraße" StrPLZ="30453" OrtID="1" Merkmal="1" Planquadrat="N&#xD;"/>
  <Strassen StrID="3120" StrName="Bergmannstraße" StrPLZ="49439" OrtID="284" Merkmal="1" Planquadrat="N&#xD;"/>
  <Strassen StrID="3121" StrName="Bergstraße" StrPLZ="38542" OrtID="207" Merkmal="1" Planquadrat="N&#xD;"/>
  <Strassen StrID="3122" StrName="Bergstraße" StrPLZ="30823" OrtID="149" Merkmal="1" Planquadrat="N&#xD;"/>
  <Strassen StrID="3123" StrName="Bergstraße" StrPLZ="30938" OrtID="40" Merkmal="1" Planquadrat="N&#xD;"/>
  <Strassen StrID="3127" StrName="Berliner Straße" StrPLZ="13507" OrtID="18" Merkmal="1" Planquadrat="N&#xD;"/>
  <Strassen StrID="3130" StrName="Berliner Straße" StrPLZ="30926" OrtID="6" Merkmal="1" Planquadrat="N&#xD;"/>
  <Strassen StrID="3132" StrName="Berliner Straße" StrPLZ="30966" OrtID="13" Merkmal="1" Planquadrat="N&#xD;"/>
  <Strassen StrID="3133" StrName="Berliner Straße" StrPLZ="31275" OrtID="4" Merkmal="1" Planquadrat="N&#xD;"/>
  <Strassen StrID="3134" StrName="Berliner Straße" StrPLZ="60311" OrtID="41" Merkmal="1" Planquadrat="N&#xD;"/>
  <Strassen StrID="3135" StrName="Berliner Weg" StrPLZ="29328" OrtID="224" Merkmal="1" Planquadrat="N&#xD;"/>
  <Strassen StrID="3136" StrName="Bernsteinstraße" StrPLZ="30916" OrtID="21" Merkmal="1" Planquadrat="N&#xD;"/>
  <Strassen StrID="3137" StrName="Bernwardstraße" StrPLZ="30519" OrtID="1" Merkmal="1" Planquadrat="N&#xD;"/>
  <Strassen StrID="3138" StrName="Bertelmannstraße" StrPLZ="30539" OrtID="1" Merkmal="1" Planquadrat="N&#xD;"/>
  <Strassen StrID="3141" StrName="Besselhof" StrPLZ="30966" OrtID="13" Merkmal="1" Planquadrat="N&#xD;"/>
  <Strassen StrID="3143" StrName="Bierweg" StrPLZ="30974" OrtID="307" Merkmal="1" Planquadrat="N&#xD;"/>
  <Strassen StrID="3144" StrName="Merowingerstraße" StrPLZ="40219" OrtID="127" Merkmal="1" Planquadrat="N&#xD;"/>
  <Strassen StrID="3145" StrName="Bilmer Garten" StrPLZ="30880" OrtID="200" Merkmal="1" Planquadrat="N&#xD;"/>
  <Strassen StrID="3146" StrName="Binsenweg" StrPLZ="30916" OrtID="21" Merkmal="1" Planquadrat="N&#xD;"/>
  <Strassen StrID="3147" StrName="Birkenallee" StrPLZ="30855" OrtID="27" Merkmal="1" Planquadrat="N&#xD;"/>
  <Strassen StrID="3148" StrName="Birkenkamp" StrPLZ="30900" OrtID="25" Merkmal="1" Planquadrat="N&#xD;"/>
  <Strassen StrID="3150" StrName="Birkenweg" StrPLZ="30974" OrtID="307" Merkmal="1" Planquadrat="N&#xD;"/>
  <Strassen StrID="3152" StrName="Birkenweg" StrPLZ="30926" OrtID="6" Merkmal="1" Planquadrat="N&#xD;"/>
  <Strassen StrID="3153" StrName="Birkenweg" StrPLZ="30966" OrtID="13" Merkmal="1" Planquadrat="N&#xD;"/>
  <Strassen StrID="3154" StrName="Birkenweg" StrPLZ="39120" OrtID="216" Merkmal="1" Planquadrat="N&#xD;"/>
  <Strassen StrID="3155" StrName="Bischof Gerhard Straße" StrPLZ="31174" OrtID="269" Merkmal="1" Planquadrat="N&#xD;"/>
  <Strassen StrID="3158" StrName="Bleckenweg" StrPLZ="29227" OrtID="115" Merkmal="1" Planquadrat="N&#xD;"/>
  <Strassen StrID="3160" StrName="Bleibtreustraße" StrPLZ="10623" OrtID="18" Merkmal="1" Planquadrat="N&#xD;"/>
  <Strassen StrID="3161" StrName="Bleichenstraße" StrPLZ="31137" OrtID="9" Merkmal="1" Planquadrat="N&#xD;"/>
  <Strassen StrID="3162" StrName="Bleicherstraße" StrPLZ="31137" OrtID="9" Merkmal="1" Planquadrat="N&#xD;"/>
  <Strassen StrID="3163" StrName="Bleichgang" StrPLZ="21680" OrtID="281" Merkmal="1" Planquadrat="N&#xD;"/>
  <Strassen StrID="3164" StrName="Blingertstraße" StrPLZ="65191" OrtID="50" Merkmal="1" Planquadrat="N&#xD;"/>
  <Strassen StrID="3165" StrName="Blumenau" StrPLZ="22089" OrtID="39" Merkmal="1" Planquadrat="N&#xD;"/>
  <Strassen StrID="3171" StrName="Blumenstraße" StrPLZ="30952" OrtID="3" Merkmal="1" Planquadrat="N&#xD;"/>
  <Strassen StrID="3172" StrName="Blumenweg" StrPLZ="30855" OrtID="27" Merkmal="1" Planquadrat="N&#xD;"/>
  <Strassen StrID="3173" StrName="Blumenweg" StrPLZ="30900" OrtID="25" Merkmal="1" Planquadrat="N&#xD;"/>
  <Strassen StrID="3176" StrName="Bockstraße" StrPLZ="30966" OrtID="13" Merkmal="1" Planquadrat="N&#xD;"/>
  <Strassen StrID="3181" StrName="Bodeweg" StrPLZ="30851" OrtID="27" Merkmal="1" Planquadrat="N&#xD;"/>
  <Strassen StrID="3185" StrName="Bokmannweg" StrPLZ="30659" OrtID="1" Merkmal="1" Planquadrat="N&#xD;"/>
  <Strassen StrID="3188" StrName="Bommersheimer Weg" StrPLZ="61348" OrtID="85" Merkmal="1" Planquadrat="N&#xD;"/>
  <Strassen StrID="3189" StrName="Bommersheimer-Weg" StrPLZ="61348" OrtID="85" Merkmal="1" Planquadrat="N&#xD;"/>
  <Strassen StrID="3191" StrName="Bonhoefferstraße" StrPLZ="30926" OrtID="6" Merkmal="1" Planquadrat="N&#xD;"/>
  <Strassen StrID="3193" StrName="Bönnigser Straße" StrPLZ="30974" OrtID="307" Merkmal="1" Planquadrat="N&#xD;"/>
  <Strassen StrID="3195" StrName="Börie" StrPLZ="30966" OrtID="13" Merkmal="1" Planquadrat="N&#xD;"/>
  <Strassen StrID="3202" StrName="Böttcherstraße" StrPLZ="21365" OrtID="73" Merkmal="1" Planquadrat="N&#xD;"/>
  <Strassen StrID="3204" StrName="Box" StrPLZ="27100" OrtID="321" Merkmal="1" Planquadrat="N"/>
  <Strassen StrID="3207" StrName="Brakenberg" StrPLZ="32699" OrtID="138" Merkmal="1" Planquadrat="N&#xD;"/>
  <Strassen StrID="3208" StrName="Bramfelder Chaussee" StrPLZ="22177" OrtID="39" Merkmal="1" Planquadrat="N&#xD;"/>
  <Strassen StrID="3209" StrName="Brandenburger Straße" StrPLZ="30855" OrtID="27" Merkmal="1" Planquadrat="N&#xD;"/>
  <Strassen StrID="3210" StrName="Brandenburger Straße" StrPLZ="31655" OrtID="32" Merkmal="1" Planquadrat="N&#xD;"/>
  <Strassen StrID="3215" StrName="Brandmoor" StrPLZ="30826" OrtID="149" Merkmal="1" Planquadrat="N&#xD;"/>
  <Strassen StrID="3216" StrName="Braunschweiger Straße" StrPLZ="38176" OrtID="306" Merkmal="1" Planquadrat="N"/>
  <Strassen StrID="3218" StrName="Braunstraße" StrPLZ="30916" OrtID="21" Merkmal="1" Planquadrat="N&#xD;"/>
  <Strassen StrID="3219" StrName="Bräutigamsweg" StrPLZ="30974" OrtID="307" Merkmal="1" Planquadrat="N&#xD;"/>
  <Strassen StrID="3223" StrName="Breite Riede" StrPLZ="31275" OrtID="4" Merkmal="1" Planquadrat="N&#xD;"/>
  <Strassen StrID="3225" StrName="Breite Straße" StrPLZ="30966" OrtID="13" Merkmal="1" Planquadrat="N&#xD;"/>
  <Strassen StrID="3226" StrName="Breite Straße" StrPLZ="38272" OrtID="20" Merkmal="1" Planquadrat="N&#xD;"/>
  <Strassen StrID="3227" StrName="Breite Straße" StrPLZ="38640" OrtID="157" Merkmal="1" Planquadrat="N&#xD;"/>
  <Strassen StrID="3230" StrName="Bremer Straße" StrPLZ="30880" OrtID="200" Merkmal="1" Planquadrat="N&#xD;"/>
  <Strassen StrID="3231" StrName="Brenninger Straße" StrPLZ="53913" OrtID="288" Merkmal="1" Planquadrat="N&#xD;"/>
  <Strassen StrID="3232" StrName="Brettdorfer Moor" StrPLZ="27726" OrtID="317" Merkmal="1" Planquadrat="N&#xD;"/>
  <Strassen StrID="3233" StrName="Brinkstraße" StrPLZ="31275" OrtID="4" Merkmal="1" Planquadrat="N&#xD;"/>
  <Strassen StrID="3234" StrName="Brombeerkamp" StrPLZ="30938" OrtID="40" Merkmal="1" Planquadrat="N&#xD;"/>
  <Strassen StrID="3235" StrName="Bromberger Weg" StrPLZ="30938" OrtID="40" Merkmal="1" Planquadrat="N&#xD;"/>
  <Strassen StrID="3237" StrName="Brösselweg" StrPLZ="31787" OrtID="19" Merkmal="1" Planquadrat="N&#xD;"/>
  <Strassen StrID="3238" StrName="Bruchweg" StrPLZ="30966" OrtID="13" Merkmal="1" Planquadrat="N&#xD;"/>
  <Strassen StrID="3241" StrName="Brucknerstraße" StrPLZ="31275" OrtID="4" Merkmal="1" Planquadrat="N&#xD;"/>
  <Strassen StrID="3244" StrName="Brunirode" StrPLZ="30880" OrtID="200" Merkmal="1" Planquadrat="N&#xD;"/>
  <Strassen StrID="3246" StrName="Brüxer Straße" StrPLZ="48529" OrtID="240" Merkmal="1" Planquadrat="N&#xD;"/>
  <Strassen StrID="3247" StrName="Backhausstraße" StrPLZ="30890" OrtID="2" Merkmal="1" Planquadrat="N&#xD;"/>
  <Strassen StrID="3248" StrName="Buchenhain" StrPLZ="30938" OrtID="40" Merkmal="1" Planquadrat="N&#xD;"/>
  <Strassen StrID="3249" StrName="Buchenlandstraße" StrPLZ="38228" OrtID="10" Merkmal="1" Planquadrat="N&#xD;"/>
  <Strassen StrID="3250" StrName="Buchenweg" StrPLZ="30855" OrtID="27" Merkmal="1" Planquadrat="N&#xD;"/>
  <Strassen StrID="3251" StrName="Buchenweg" StrPLZ="30989" OrtID="5" Merkmal="1" Planquadrat="N&#xD;"/>
  <Strassen StrID="3252" StrName="Buchenweg" StrPLZ="31157" OrtID="268" Merkmal="1" Planquadrat="N&#xD;"/>
  <Strassen StrID="3253" StrName="Buchfinkenweg" StrPLZ="31515" OrtID="319" Merkmal="1" Planquadrat="N&#xD;"/>
  <Strassen StrID="3255" StrName="Bügelstraße" StrPLZ="64283" OrtID="118" Merkmal="1" Planquadrat="N&#xD;"/>
  <Strassen StrID="3256" StrName="Bugenhagenstraße" StrPLZ="38118" OrtID="8" Merkmal="1" Planquadrat="N&#xD;"/>
  <Strassen StrID="3258" StrName="Büntefeldstraße" StrPLZ="30952" OrtID="3" Merkmal="1" Planquadrat="N&#xD;"/>
  <Strassen StrID="3261" StrName="Burgdorfer Straße" StrPLZ="30938" OrtID="20" Merkmal="1" Planquadrat="N&#xD;"/>
  <Strassen StrID="3262" StrName="Burgdorfer Straße" StrPLZ="30938" OrtID="40" Merkmal="1" Planquadrat="N&#xD;"/>
  <Strassen StrID="3263" StrName="Bürgermeister-Fink-Straße" StrPLZ="30169" OrtID="1" Merkmal="0" Planquadrat="N11&#xD;"/>
  <Strassen StrID="3265" StrName="Bürgerstraße" StrPLZ="31275" OrtID="4" Merkmal="1" Planquadrat="N&#xD;"/>
  <Strassen StrID="3266" StrName="Burgfeld" StrPLZ="30989" OrtID="1" Merkmal="1" Planquadrat="N&#xD;"/>
  <Strassen StrID="3267" StrName="Burglahweg" StrPLZ="38315" OrtID="31" Merkmal="1" Planquadrat="N&#xD;"/>
  <Strassen StrID="3268" StrName="Burgstraße" StrPLZ="29410" OrtID="171" Merkmal="1" Planquadrat="N&#xD;"/>
  <Strassen StrID="3270" StrName="Burgstraße" StrPLZ="30826" OrtID="149" Merkmal="1" Planquadrat="N&#xD;"/>
  <Strassen StrID="3273" StrName="Burgwedeler Straße" StrPLZ="30916" OrtID="21" Merkmal="1" Planquadrat="N&#xD;"/>
  <Strassen StrID="3275" StrName="Burgwedeler Straße" StrPLZ="30960" OrtID="25" Merkmal="1" Planquadrat="N&#xD;"/>
  <Strassen StrID="3282" StrName="Calenberger Straße" StrPLZ="30823" OrtID="149" Merkmal="1" Planquadrat="N&#xD;"/>
  <Strassen StrID="3285" StrName="Carl-Zeiss-Straße" StrPLZ="31177" OrtID="173" Merkmal="1" Planquadrat="N&#xD;"/>
  <Strassen StrID="3286" StrName="Celler Weg" StrPLZ="30855" OrtID="27" Merkmal="1" Planquadrat="N&#xD;"/>
  <Strassen StrID="3287" StrName="Celler Weg" StrPLZ="38518" OrtID="155" Merkmal="1" Planquadrat="N&#xD;"/>
  <Strassen StrID="3288" StrName="Chalottenburger Straße" StrPLZ="30982" OrtID="253" Merkmal="1" Planquadrat="N&#xD;"/>
  <Strassen StrID="3291" StrName="Cicerostraße" StrPLZ="10709" OrtID="18" Merkmal="1" Planquadrat="N&#xD;"/>
  <Strassen StrID="3293" StrName="Clusberg" StrPLZ="30855" OrtID="27" Merkmal="1" Planquadrat="N&#xD;"/>
  <Strassen StrID="3294" StrName="Corinthstraße" StrPLZ="30827" OrtID="149" Merkmal="1" Planquadrat="N&#xD;"/>
  <Strassen StrID="3298" StrName="Dachsbau" StrPLZ="31275" OrtID="4" Merkmal="1" Planquadrat="N&#xD;"/>
  <Strassen StrID="3299" StrName="Dahlenbergweg" StrPLZ="38259" OrtID="10" Merkmal="1" Planquadrat="N&#xD;"/>
  <Strassen StrID="3300" StrName="Dahlenholz" StrPLZ="21077" OrtID="39" Merkmal="1" Planquadrat="N&#xD;"/>
  <Strassen StrID="3301" StrName="Dahlienweg" StrPLZ="30916" OrtID="21" Merkmal="1" Planquadrat="N&#xD;"/>
  <Strassen StrID="3304" StrName="Dammstraße" StrPLZ="30938" OrtID="40" Merkmal="1" Planquadrat="N&#xD;"/>
  <Strassen StrID="3306" StrName="Danziger Straße" StrPLZ="31303" OrtID="20" Merkmal="1" Planquadrat="N&#xD;"/>
  <Strassen StrID="3312" StrName="Dehlbrückstraße" StrPLZ="28209" OrtID="109" Merkmal="1" Planquadrat="N&#xD;"/>
  <Strassen StrID="3313" StrName="Deisterblick" StrPLZ="30890" OrtID="2" Merkmal="1" Planquadrat="N&#xD;"/>
  <Strassen StrID="3315" StrName="Deisterstraße" StrPLZ="30974" OrtID="307" Merkmal="1" Planquadrat="N&#xD;"/>
  <Strassen StrID="3319" StrName="Deveserstraße" StrPLZ="30966" OrtID="13" Merkmal="1" Planquadrat="Deve"/>
  <Strassen StrID="3327" StrName="Dieselstraße" StrPLZ="72555" OrtID="220" Merkmal="1" Planquadrat="N&#xD;"/>
  <Strassen StrID="3328" StrName="Dieterichsstraße" StrPLZ="30159" OrtID="1" Merkmal="1" Planquadrat="N&#xD;"/>
  <Strassen StrID="3330" StrName="Dietrichstraße" StrPLZ="31303" OrtID="20" Merkmal="1" Planquadrat="N&#xD;"/>
  <Strassen StrID="3332" StrName="Dollartweg" StrPLZ="30851" OrtID="1" Merkmal="1" Planquadrat="N&#xD;"/>
  <Strassen StrID="3333" StrName="Dollartweg" StrPLZ="30851" OrtID="27" Merkmal="1" Planquadrat="N&#xD;"/>
  <Strassen StrID="3336" StrName="Dorfangerweg" StrPLZ="85774" OrtID="296" Merkmal="1" Planquadrat="N&#xD;"/>
  <Strassen StrID="3338" StrName="Dorfstraße" StrPLZ="30916" OrtID="21" Merkmal="1" Planquadrat="N&#xD;"/>
  <Strassen StrID="3339" StrName="Dorfstraße" StrPLZ="31559" OrtID="174" Merkmal="1" Planquadrat="N&#xD;"/>
  <Strassen StrID="3340" StrName="Dorfstraße" StrPLZ="53125" OrtID="26" Merkmal="1" Planquadrat="N&#xD;"/>
  <Strassen StrID="3342" StrName="Dr. Jasper Straße" StrPLZ="31073" OrtID="119" Merkmal="1" Planquadrat="N&#xD;"/>
  <Strassen StrID="3343" StrName="Dr.-Albert-David-Straße" StrPLZ="30938" OrtID="40" Merkmal="1" Planquadrat="N&#xD;"/>
  <Strassen StrID="3346" StrName="Dreischeweg" StrPLZ="31137" OrtID="9" Merkmal="1" Planquadrat="N&#xD;"/>
  <Strassen StrID="3349" StrName="Drosselweg" StrPLZ="30974" OrtID="307" Merkmal="1" Planquadrat="N&#xD;"/>
  <Strassen StrID="3350" StrName="Duclairstraße" StrPLZ="30952" OrtID="3" Merkmal="1" Planquadrat="N&#xD;"/>
  <Strassen StrID="3351" StrName="Duderstädterweg" StrPLZ="31303" OrtID="20" Merkmal="1" Planquadrat="N&#xD;"/>
  <Strassen StrID="3354" StrName="Dürerring" StrPLZ="31275" OrtID="4" Merkmal="1" Planquadrat="N&#xD;"/>
  <Strassen StrID="3355" StrName="Dürerstraße" StrPLZ="30916" OrtID="21" Merkmal="1" Planquadrat="N&#xD;"/>
  <Strassen StrID="3357" StrName="Ebereschenweg" StrPLZ="30657" OrtID="1" Merkmal="1" Planquadrat="N&#xD;"/>
  <Strassen StrID="3361" StrName="Edelgrasweg" StrPLZ="31275" OrtID="4" Merkmal="1" Planquadrat="N&#xD;"/>
  <Strassen StrID="3362" StrName="Edelhof" StrPLZ="38690" OrtID="301" Merkmal="1" Planquadrat="N&#xD;"/>
  <Strassen StrID="3365" StrName="Egestorfer Straße" StrPLZ="30890" OrtID="2" Merkmal="1" Planquadrat="N&#xD;"/>
  <Strassen StrID="3366" StrName="Egestorffstraße" StrPLZ="30449" OrtID="1" Merkmal="1" Planquadrat="N&#xD;"/>
  <Strassen StrID="3372" StrName="Eichelhäherweg" StrPLZ="31303" OrtID="20" Merkmal="1" Planquadrat="N&#xD;"/>
  <Strassen StrID="3374" StrName="Eichenallee" StrPLZ="21521" OrtID="302" Merkmal="1" Planquadrat="N&#xD;"/>
  <Strassen StrID="3375" StrName="Eichendorffstraße" StrPLZ="22587" OrtID="39" Merkmal="1" Planquadrat="N&#xD;"/>
  <Strassen StrID="3378" StrName="Eichenstraße" StrPLZ="31174" OrtID="269" Merkmal="1" Planquadrat="N&#xD;"/>
  <Strassen StrID="3379" StrName="Eichenwaldstraße" StrPLZ="65193" OrtID="50" Merkmal="1" Planquadrat="N&#xD;"/>
  <Strassen StrID="3384" StrName="Eichstraße" StrPLZ="30855" OrtID="27" Merkmal="1" Planquadrat="N&#xD;"/>
  <Strassen StrID="3385" StrName="Eichstraße" StrPLZ="30880" OrtID="200" Merkmal="1" Planquadrat="N&#xD;"/>
  <Strassen StrID="3386" StrName="Eidnerstraße" StrPLZ="31275" OrtID="4" Merkmal="1" Planquadrat="N&#xD;"/>
  <Strassen StrID="3387" StrName="Eikersweg" StrPLZ="31275" OrtID="4" Merkmal="1" Planquadrat="N&#xD;"/>
  <Strassen StrID="3389" StrName="Eiselenweg" StrPLZ="30851" OrtID="27" Merkmal="1" Planquadrat="N&#xD;"/>
  <Strassen StrID="3391" StrName="Elbinger Straße" StrPLZ="31275" OrtID="4" Merkmal="1" Planquadrat="N&#xD;"/>
  <Strassen StrID="3392" StrName="Elbuferstraße" StrPLZ="21436" OrtID="245" Merkmal="1" Planquadrat="N&#xD;"/>
  <Strassen StrID="3396" StrName="Elli-Heus-Knapp-Straße" StrPLZ="37075" OrtID="158" Merkmal="1" Planquadrat="N&#xD;"/>
  <Strassen StrID="3399" StrName="Elsternkamp" StrPLZ="38104" OrtID="8" Merkmal="1" Planquadrat="N&#xD;"/>
  <Strassen StrID="3401" StrName="Emil-von-Behring-Straße" StrPLZ="30952" OrtID="3" Merkmal="1" Planquadrat="N&#xD;"/>
  <Strassen StrID="3406" StrName="Engenser Straße" StrPLZ="30938" OrtID="40" Merkmal="1" Planquadrat="N&#xD;"/>
  <Strassen StrID="3407" StrName="Engerode" StrPLZ="30880" OrtID="200" Merkmal="1" Planquadrat="N&#xD;"/>
  <Strassen StrID="3409" StrName="Erdfällenstraße" StrPLZ="31812" OrtID="94" Merkmal="1" Planquadrat="N&#xD;"/>
  <Strassen StrID="3410" StrName="Erich-Kästner-Straße" StrPLZ="30926" OrtID="6" Merkmal="1" Planquadrat="N&#xD;"/>
  <Strassen StrID="3414" StrName="Erlengrund" StrPLZ="30858" OrtID="27" Merkmal="1" Planquadrat="N&#xD;"/>
  <Strassen StrID="3415" StrName="Erlenweg" StrPLZ="30827" OrtID="149" Merkmal="1" Planquadrat="N&#xD;"/>
  <Strassen StrID="3418" StrName="Ernst-Kohlrautz-Straße" StrPLZ="30827" OrtID="1" Merkmal="1" Planquadrat="N&#xD;"/>
  <Strassen StrID="3419" StrName="Ernst-Reuter-Straße" StrPLZ="30880" OrtID="200" Merkmal="1" Planquadrat="N&#xD;"/>
  <Strassen StrID="3420" StrName="Ernst-Wiechert-Str" StrPLZ="30826" OrtID="149" Merkmal="1" Planquadrat="N&#xD;"/>
  <Strassen StrID="3421" StrName="Ersestraße" StrPLZ="31234" OrtID="128" Merkmal="1" Planquadrat="N&#xD;"/>
  <Strassen StrID="3425" StrName="Espenweg" StrPLZ="30900" OrtID="25" Merkmal="1" Planquadrat="N&#xD;"/>
  <Strassen StrID="3429" StrName="Evershorster Straße" StrPLZ="30855" OrtID="27" Merkmal="1" Planquadrat="N&#xD;"/>
  <Strassen StrID="3431" StrName="Fabrikstraße" StrPLZ="31191" OrtID="76" Merkmal="1" Planquadrat="N&#xD;"/>
  <Strassen StrID="3434" StrName="Fallingbosteler Straße" StrPLZ="30855" OrtID="27" Merkmal="1" Planquadrat="N&#xD;"/>
  <Strassen StrID="3435" StrName="Farngrund" StrPLZ="31275" OrtID="4" Merkmal="1" Planquadrat="N&#xD;"/>
  <Strassen StrID="3436" StrName="Feldmark" StrPLZ="26389" OrtID="312" Merkmal="1" Planquadrat="N"/>
  <Strassen StrID="3437" StrName="Feldstraße" StrPLZ="29690" OrtID="273" Merkmal="1" Planquadrat="N&#xD;"/>
  <Strassen StrID="3438" StrName="Feldstraße" StrPLZ="30823" OrtID="149" Merkmal="1" Planquadrat="N&#xD;"/>
  <Strassen StrID="3439" StrName="Hansering" StrPLZ="31141" OrtID="9" Merkmal="1" Planquadrat="N&#xD;"/>
  <Strassen StrID="3454" StrName="Ferrenberg" StrPLZ="51491" OrtID="250" Merkmal="1" Planquadrat="N&#xD;"/>
  <Strassen StrID="3456" StrName="Feuerdornweg" StrPLZ="31275" OrtID="4" Merkmal="1" Planquadrat="N&#xD;"/>
  <Strassen StrID="3457" StrName="Fichtenstraße" StrPLZ="30855" OrtID="27" Merkmal="1" Planquadrat="N&#xD;"/>
  <Strassen StrID="3459" StrName="Fichtestraße" StrPLZ="65719" OrtID="183" Merkmal="1" Planquadrat="N&#xD;"/>
  <Strassen StrID="3461" StrName="Finkenstraße" StrPLZ="44869" OrtID="104" Merkmal="1" Planquadrat="N&#xD;"/>
  <Strassen StrID="3462" StrName="Finkenweg" StrPLZ="30880" OrtID="200" Merkmal="1" Planquadrat="N&#xD;"/>
  <Strassen StrID="3465" StrName="Fliederstraße" StrPLZ="31171" OrtID="241" Merkmal="1" Planquadrat="N&#xD;"/>
  <Strassen StrID="3468" StrName="Föhrenkamp" StrPLZ="31303" OrtID="20" Merkmal="1" Planquadrat="N&#xD;"/>
  <Strassen StrID="3469" StrName="Fontanestraße" StrPLZ="38304" OrtID="314" Merkmal="1" Planquadrat="N&#xD;"/>
  <Strassen StrID="3472" StrName="Forellenweg" StrPLZ="31275" OrtID="4" Merkmal="1" Planquadrat="N&#xD;"/>
  <Strassen StrID="3474" StrName="Försterstraße" StrPLZ="31275" OrtID="4" Merkmal="1" Planquadrat="N&#xD;"/>
  <Strassen StrID="3475" StrName="Forstweg" StrPLZ="29313" OrtID="164" Merkmal="1" Planquadrat="N&#xD;"/>
  <Strassen StrID="3476" StrName="Fortwängler Straße" StrPLZ="70195" OrtID="287" Merkmal="1" Planquadrat="N&#xD;"/>
  <Strassen StrID="3477" StrName="Fössestraße" StrPLZ="30926" OrtID="6" Merkmal="1" Planquadrat="N&#xD;"/>
  <Strassen StrID="3478" StrName="Franz Hitze Straße" StrPLZ="33102" OrtID="252" Merkmal="1" Planquadrat="N&#xD;"/>
  <Strassen StrID="3486" StrName="Freiherr v. Stein Straße" StrPLZ="30926" OrtID="6" Merkmal="1" Planquadrat="N&#xD;"/>
  <Strassen StrID="3489" StrName="Freiligrathstraße" StrPLZ="6712" OrtID="323" Merkmal="1" Planquadrat="N&#xD;"/>
  <Strassen StrID="3490" StrName="Freimarkt" StrPLZ="6333" OrtID="180" Merkmal="1" Planquadrat="N&#xD;"/>
  <Strassen StrID="3494" StrName="Freytagstraße" StrPLZ="30169" OrtID="1" Merkmal="1" Planquadrat="N&#xD;"/>
  <Strassen StrID="3496" StrName="Friedhofstraße" StrPLZ="30880" OrtID="200" Merkmal="1" Planquadrat="N&#xD;"/>
  <Strassen StrID="3498" StrName="Friedrich-Ebert-Anlage" StrPLZ="60325" OrtID="41" Merkmal="1" Planquadrat="N&#xD;"/>
  <Strassen StrID="3500" StrName="Friedrich-Ebert-Straße" StrPLZ="30851" OrtID="27" Merkmal="1" Planquadrat="N&#xD;"/>
  <Strassen StrID="3502" StrName="Friedrich-Rodehorst-Straße" StrPLZ="30966" OrtID="13" Merkmal="1" Planquadrat="N&#xD;"/>
  <Strassen StrID="3503" StrName="Friedrichstraße" StrPLZ="31171" OrtID="241" Merkmal="1" Planquadrat="N&#xD;"/>
  <Strassen StrID="3506" StrName="Friesenstraße" StrPLZ="39108" OrtID="216" Merkmal="1" Planquadrat="N&#xD;"/>
  <Strassen StrID="3509" StrName="Fritz-Rehm-Straße" StrPLZ="31008" OrtID="135" Merkmal="1" Planquadrat="N&#xD;"/>
  <Strassen StrID="3512" StrName="Fröbelweg" StrPLZ="30853" OrtID="27" Merkmal="1" Planquadrat="N&#xD;"/>
  <Strassen StrID="3515" StrName="Frühlingstraße" StrPLZ="86399" OrtID="103" Merkmal="1" Planquadrat="N&#xD;"/>
  <Strassen StrID="3517" StrName="Fuchswinkel" StrPLZ="30952" OrtID="3" Merkmal="1" Planquadrat="N&#xD;"/>
  <Strassen StrID="3518" StrName="Fuhlsbütteler Weg" StrPLZ="30853" OrtID="27" Merkmal="1" Planquadrat="N&#xD;"/>
  <Strassen StrID="3520" StrName="Fuhrenkamp" StrPLZ="30890" OrtID="2" Merkmal="1" Planquadrat="N&#xD;"/>
  <Strassen StrID="3521" StrName="Fuhrenkamp" StrPLZ="30916" OrtID="21" Merkmal="1" Planquadrat="N&#xD;"/>
  <Strassen StrID="3522" StrName="Füllenfeldstraße" StrPLZ="30916" OrtID="21" Merkmal="1" Planquadrat="N&#xD;"/>
  <Strassen StrID="3525" StrName="Gallbergstieg" StrPLZ="31137" OrtID="9" Merkmal="1" Planquadrat="N&#xD;"/>
  <Strassen StrID="3528" StrName="Gardestraße" StrPLZ="32339" OrtID="137" Merkmal="1" Planquadrat="N&#xD;"/>
  <Strassen StrID="3530" StrName="Gartenstraße" StrPLZ="31311" OrtID="294" Merkmal="1" Planquadrat="N"/>
  <Strassen StrID="3531" StrName="Gartenstraße" StrPLZ="30974" OrtID="307" Merkmal="1" Planquadrat="N&#xD;"/>
  <Strassen StrID="3532" StrName="Gartenstraße" StrPLZ="31303" OrtID="20" Merkmal="1" Planquadrat="N&#xD;"/>
  <Strassen StrID="3533" StrName="Gartenstraße" StrPLZ="31535" OrtID="22" Merkmal="1" Planquadrat="N&#xD;"/>
  <Strassen StrID="3534" StrName="Gartenstraße" StrPLZ="84405" OrtID="124" Merkmal="1" Planquadrat="N&#xD;"/>
  <Strassen StrID="3535" StrName="Gartenweg" StrPLZ="30916" OrtID="21" Merkmal="1" Planquadrat="N&#xD;"/>
  <Strassen StrID="3536" StrName="Gartenweg" StrPLZ="30952" OrtID="3" Merkmal="1" Planquadrat="N&#xD;"/>
  <Strassen StrID="3541" StrName="Georg-Reinecke-Straße" StrPLZ="31553" OrtID="266" Merkmal="1" Planquadrat="N&#xD;"/>
  <Strassen StrID="3544" StrName="Gereonshof" StrPLZ="50597" OrtID="17" Merkmal="1" Planquadrat="N&#xD;"/>
  <Strassen StrID="3545" StrName="Gerhard-Hauptmann-Straße" StrPLZ="30629" OrtID="1" Merkmal="1" Planquadrat="N&#xD;"/>
  <Strassen StrID="3547" StrName="Gerickestraße" StrPLZ="31303" OrtID="20" Merkmal="1" Planquadrat="N&#xD;"/>
  <Strassen StrID="3549" StrName="Gerlinghaus" StrPLZ="50597" OrtID="17" Merkmal="1" Planquadrat="N&#xD;"/>
  <Strassen StrID="3550" StrName="Germ.-Hauptm.-Platz" StrPLZ="31303" OrtID="20" Merkmal="1" Planquadrat="N&#xD;"/>
  <Strassen StrID="3551" StrName="Germaniastraße" StrPLZ="31275" OrtID="4" Merkmal="1" Planquadrat="N&#xD;"/>
  <Strassen StrID="3555" StrName="Gertsertsweg" StrPLZ="30629" OrtID="1" Merkmal="1" Planquadrat="N&#xD;"/>
  <Strassen StrID="3559" StrName="Gewerbestraße" StrPLZ="31275" OrtID="4" Merkmal="1" Planquadrat="N&#xD;"/>
  <Strassen StrID="3561" StrName="Giesebrechtstraße" StrPLZ="10629" OrtID="18" Merkmal="1" Planquadrat="N&#xD;"/>
  <Strassen StrID="3562" StrName="Gieseckenkamp" StrPLZ="30851" OrtID="27" Merkmal="1" Planquadrat="N&#xD;"/>
  <Strassen StrID="3563" StrName="Giesener Straße" StrPLZ="31157" OrtID="268" Merkmal="1" Planquadrat="N&#xD;"/>
  <Strassen StrID="3566" StrName="Ginsterweg" StrPLZ="30880" OrtID="200" Merkmal="1" Planquadrat="N&#xD;"/>
  <Strassen StrID="3568" StrName="Glockenheide" StrPLZ="30916" OrtID="21" Merkmal="1" Planquadrat="N&#xD;"/>
  <Strassen StrID="3569" StrName="Glück-Auf-Straße" StrPLZ="30952" OrtID="3" Merkmal="1" Planquadrat="N&#xD;"/>
  <Strassen StrID="3575" StrName="Goethestraße" StrPLZ="30952" OrtID="3" Merkmal="1" Planquadrat="N&#xD;"/>
  <Strassen StrID="3580" StrName="Görlitzer Straße" StrPLZ="31020" OrtID="267" Merkmal="1" Planquadrat="N&#xD;"/>
  <Strassen StrID="3582" StrName="Goslarische Straße" StrPLZ="38667" OrtID="84" Merkmal="1" Planquadrat="N&#xD;"/>
  <Strassen StrID="3583" StrName="Göttinger Landstraße" StrPLZ="30966" OrtID="13" Merkmal="1" Planquadrat="N&#xD;"/>
  <Strassen StrID="3584" StrName="Göttinger Straße" StrPLZ="37154" OrtID="242" Merkmal="1" Planquadrat="N&#xD;"/>
  <Strassen StrID="3587" StrName="Graacher Straße" StrPLZ="12247" OrtID="18" Merkmal="1" Planquadrat="N&#xD;"/>
  <Strassen StrID="3589" StrName="Graf-Adolf-Straße" StrPLZ="40210" OrtID="127" Merkmal="1" Planquadrat="N&#xD;"/>
  <Strassen StrID="3590" StrName="Grafhornstraße" StrPLZ="31275" OrtID="4" Merkmal="1" Planquadrat="N&#xD;"/>
  <Strassen StrID="3591" StrName="Graf-von-Molkteweg" StrPLZ="61267" OrtID="227" Merkmal="1" Planquadrat="N&#xD;"/>
  <Strassen StrID="3593" StrName="Granatstraße" StrPLZ="30823" OrtID="149" Merkmal="1" Planquadrat="N&#xD;"/>
  <Strassen StrID="3594" StrName="Grandweg" StrPLZ="30982" OrtID="253" Merkmal="1" Planquadrat="N&#xD;"/>
  <Strassen StrID="3595" StrName="Graugansweg" StrPLZ="30916" OrtID="1" Merkmal="1" Planquadrat="N&#xD;"/>
  <Strassen StrID="3611" StrName="Große Straße" StrPLZ="27283" OrtID="299" Merkmal="1" Planquadrat="N"/>
  <Strassen StrID="3612" StrName="Große Straße" StrPLZ="30989" OrtID="5" Merkmal="1" Planquadrat="N&#xD;"/>
  <Strassen StrID="3614" StrName="Großkölnstraße" StrPLZ="52062" OrtID="72" Merkmal="1" Planquadrat="N&#xD;"/>
  <Strassen StrID="3619" StrName="Grunewaldstraße" StrPLZ="46236" OrtID="107" Merkmal="1" Planquadrat="N&#xD;"/>
  <Strassen StrID="3621" StrName="Guizettistraße" StrPLZ="29221" OrtID="115" Merkmal="1" Planquadrat="N&#xD;"/>
  <Strassen StrID="3624" StrName="Gumbinner Weg" StrPLZ="30657" OrtID="1" Merkmal="1" Planquadrat="N&#xD;"/>
  <Strassen StrID="3627" StrName="Gutenbergstraße" StrPLZ="24941" OrtID="140" Merkmal="1" Planquadrat="N"/>
  <Strassen StrID="3628" StrName="Gutenbergstraße" StrPLZ="30823" OrtID="149" Merkmal="1" Planquadrat="N&#xD;"/>
  <Strassen StrID="3629" StrName="Gutenbergstraße" StrPLZ="31157" OrtID="268" Merkmal="1" Planquadrat="N&#xD;"/>
  <Strassen StrID="3630" StrName="Gutenbergstraße" StrPLZ="31303" OrtID="20" Merkmal="1" Planquadrat="N&#xD;"/>
  <Strassen StrID="3636" StrName="Haberkamp" StrPLZ="30916" OrtID="21" Merkmal="1" Planquadrat="N&#xD;"/>
  <Strassen StrID="3637" StrName="Habichtshorst" StrPLZ="31275" OrtID="4" Merkmal="1" Planquadrat="N&#xD;"/>
  <Strassen StrID="3639" StrName="Hachenhausen" StrPLZ="37581" OrtID="83" Merkmal="1" Planquadrat="N&#xD;"/>
  <Strassen StrID="3640" StrName="Hackethalstraße" StrPLZ="30851" OrtID="27" Merkmal="1" Planquadrat="N&#xD;"/>
  <Strassen StrID="3641" StrName="Hackhauser Straße" StrPLZ="42697" OrtID="277" Merkmal="1" Planquadrat="N&#xD;"/>
  <Strassen StrID="3642" StrName="Haffweg" StrPLZ="30916" OrtID="21" Merkmal="1" Planquadrat="N&#xD;"/>
  <Strassen StrID="3643" StrName="Hagenmarkt" StrPLZ="31224" OrtID="7" Merkmal="1" Planquadrat="N&#xD;"/>
  <Strassen StrID="3645" StrName="Hahnenkamp" StrPLZ="30966" OrtID="13" Merkmal="1" Planquadrat="N&#xD;"/>
  <Strassen StrID="3648" StrName="Harkenblecker Straße" StrPLZ="30880" OrtID="200" Merkmal="1" Planquadrat="N&#xD;"/>
  <Strassen StrID="3654" StrName="Hamburger Straße" StrPLZ="50969" OrtID="17" Merkmal="1" Planquadrat="N&#xD;"/>
  <Strassen StrID="3655" StrName="Hämelerwalder Straße" StrPLZ="31275" OrtID="4" Merkmal="1" Planquadrat="N&#xD;"/>
  <Strassen StrID="3657" StrName="Hamelnerstraße" StrPLZ="30974" OrtID="307" Merkmal="1" Planquadrat="N&#xD;"/>
  <Strassen StrID="3662" StrName="Hannoversche Straße" StrPLZ="30926" OrtID="6" Merkmal="1" Planquadrat="N&#xD;"/>
  <Strassen StrID="3663" StrName="Hannoversche Straße" StrPLZ="31848" OrtID="89" Merkmal="1" Planquadrat="N&#xD;"/>
  <Strassen StrID="3665" StrName="Hans Böckler Straße" StrPLZ="30851" OrtID="27" Merkmal="1" Planquadrat="N&#xD;"/>
  <Strassen StrID="3666" StrName="Hansaring" StrPLZ="50670" OrtID="17" Merkmal="1" Planquadrat="N&#xD;"/>
  <Strassen StrID="3670" StrName="Hans-Sachs-Weg" StrPLZ="29690" OrtID="211" Merkmal="1" Planquadrat="N&#xD;"/>
  <Strassen StrID="3672" StrName="Hans-Sachs-Weg" StrPLZ="30880" OrtID="200" Merkmal="1" Planquadrat="N&#xD;"/>
  <Strassen StrID="3676" StrName="Harvestehuder Weg" StrPLZ="20149" OrtID="39" Merkmal="1" Planquadrat="N&#xD;"/>
  <Strassen StrID="3677" StrName="Harzblick" StrPLZ="38122" OrtID="8" Merkmal="1" Planquadrat="N&#xD;"/>
  <Strassen StrID="3679" StrName="Harzweg" StrPLZ="30851" OrtID="27" Merkmal="1" Planquadrat="N&#xD;"/>
  <Strassen StrID="3680" StrName="Haselhof" StrPLZ="30916" OrtID="21" Merkmal="1" Planquadrat="N&#xD;"/>
  <Strassen StrID="3681" StrName="Haselnußweg" StrPLZ="31275" OrtID="4" Merkmal="1" Planquadrat="N&#xD;"/>
  <Strassen StrID="3683" StrName="Haasemannstraße" StrPLZ="30449" OrtID="1" Merkmal="1" Planquadrat="N&#xD;"/>
  <Strassen StrID="3685" StrName="Hasselstraße" StrPLZ="40599" OrtID="127" Merkmal="1" Planquadrat="N&#xD;"/>
  <Strassen StrID="3686" StrName="Haßlocher Straße" StrPLZ="30853" OrtID="27" Merkmal="1" Planquadrat="N&#xD;"/>
  <Strassen StrID="3690" StrName="Hauptstraße" StrPLZ="30826" OrtID="149" Merkmal="1" Planquadrat="N&#xD;"/>
  <Strassen StrID="3691" StrName="Hauptstraße" StrPLZ="30916" OrtID="21" Merkmal="1" Planquadrat="N&#xD;"/>
  <Strassen StrID="3692" StrName="Hauptstraße" StrPLZ="31180" OrtID="152" Merkmal="1" Planquadrat="N&#xD;"/>
  <Strassen StrID="3693" StrName="Hauptstraße" StrPLZ="31275" OrtID="4" Merkmal="1" Planquadrat="N&#xD;"/>
  <Strassen StrID="3694" StrName="Hauptstraße" StrPLZ="31303" OrtID="20" Merkmal="1" Planquadrat="N&#xD;"/>
  <Strassen StrID="3695" StrName="Hauptstraße" StrPLZ="31515" OrtID="319" Merkmal="1" Planquadrat="N&#xD;"/>
  <Strassen StrID="3696" StrName="Hauptstraße" StrPLZ="31542" OrtID="91" Merkmal="1" Planquadrat="N&#xD;"/>
  <Strassen StrID="3697" StrName="Hauptstraße" StrPLZ="31832" OrtID="278" Merkmal="1" Planquadrat="N&#xD;"/>
  <Strassen StrID="3699" StrName="Hauptstraße" StrPLZ="38110" OrtID="8" Merkmal="1" Planquadrat="N&#xD;"/>
  <Strassen StrID="3700" StrName="Hauptstraße" StrPLZ="38165" OrtID="204" Merkmal="1" Planquadrat="N&#xD;"/>
  <Strassen StrID="3701" StrName="Hauptstraße" StrPLZ="45129" OrtID="42" Merkmal="1" Planquadrat="N&#xD;"/>
  <Strassen StrID="3703" StrName="Hechtweg" StrPLZ="31275" OrtID="4" Merkmal="1" Planquadrat="N&#xD;"/>
  <Strassen StrID="3704" StrName="Heckenweg" StrPLZ="30900" OrtID="25" Merkmal="1" Planquadrat="N&#xD;"/>
  <Strassen StrID="3708" StrName="Hegelstraße" StrPLZ="30890" OrtID="2" Merkmal="1" Planquadrat="N&#xD;"/>
  <Strassen StrID="3709" StrName="Heidegrund" StrPLZ="31275" OrtID="4" Merkmal="1" Planquadrat="N&#xD;"/>
  <Strassen StrID="3711" StrName="Heidestraße" StrPLZ="30855" OrtID="27" Merkmal="1" Planquadrat="N&#xD;"/>
  <Strassen StrID="3712" StrName="Heideweg" StrPLZ="30827" OrtID="149" Merkmal="1" Planquadrat="N&#xD;"/>
  <Strassen StrID="3715" StrName="Heidornerstraße" StrPLZ="31515" OrtID="319" Merkmal="1" Planquadrat="N&#xD;"/>
  <Strassen StrID="3716" StrName="Heilbronner Straße" StrPLZ="70191" OrtID="287" Merkmal="1" Planquadrat="N&#xD;"/>
  <Strassen StrID="3718" StrName="Heiligenbeiler Straße" StrPLZ="31303" OrtID="20" Merkmal="1" Planquadrat="N&#xD;"/>
  <Strassen StrID="3719" StrName="Heiligenstraße" StrPLZ="30173" OrtID="1" Merkmal="1" Planquadrat="N&#xD;"/>
  <Strassen StrID="3722" StrName="Heinrich-Beensen-Straße" StrPLZ="30926" OrtID="6" Merkmal="1" Planquadrat="N&#xD;"/>
  <Strassen StrID="3724" StrName="Heinrich-Heine-Straße" StrPLZ="30952" OrtID="3" Merkmal="1" Planquadrat="N&#xD;"/>
  <Strassen StrID="3728" StrName="Heinrichstraße" StrPLZ="31785" OrtID="19" Merkmal="1" Planquadrat="N&#xD;"/>
  <Strassen StrID="3729" StrName="Heinrichstraße" StrPLZ="26160" OrtID="97" Merkmal="1" Planquadrat="N&#xD;"/>
  <Strassen StrID="3730" StrName="Heinrichstraße" StrPLZ="31303" OrtID="20" Merkmal="1" Planquadrat="N&#xD;"/>
  <Strassen StrID="3731" StrName="Heinrich-von-Kleist-Straße" StrPLZ="61350" OrtID="85" Merkmal="1" Planquadrat="N&#xD;"/>
  <Strassen StrID="3735" StrName="Heisterkamp" StrPLZ="30916" OrtID="21" Merkmal="1" Planquadrat="N&#xD;"/>
  <Strassen StrID="3737" StrName="Helkenstraße" StrPLZ="29690" OrtID="211" Merkmal="1" Planquadrat="N&#xD;"/>
  <Strassen StrID="3746" StrName="Herbert Weichmann Straße" StrPLZ="22085" OrtID="39" Merkmal="1" Planquadrat="N&#xD;"/>
  <Strassen StrID="3748" StrName="Herderstraße" StrPLZ="31141" OrtID="9" Merkmal="1" Planquadrat="N&#xD;"/>
  <Strassen StrID="3749" StrName="Hermann Löns Straße" StrPLZ="30900" OrtID="218" Merkmal="1" Planquadrat="N&#xD;"/>
  <Strassen StrID="3751" StrName="Hermann-Löns-Straße" StrPLZ="30827" OrtID="149" Merkmal="1" Planquadrat="N&#xD;"/>
  <Strassen StrID="3752" StrName="Hermann-Löns-Straße" StrPLZ="30989" OrtID="5" Merkmal="1" Planquadrat="N&#xD;"/>
  <Strassen StrID="3753" StrName="Hermannstraße" StrPLZ="60318" OrtID="41" Merkmal="1" Planquadrat="N&#xD;"/>
  <Strassen StrID="3757" StrName="Herrenwiesen" StrPLZ="30916" OrtID="21" Merkmal="1" Planquadrat="N&#xD;"/>
  <Strassen StrID="3760" StrName="Herzog Wilhelm Straße" StrPLZ="31515" OrtID="319" Merkmal="1" Planquadrat="N&#xD;"/>
  <Strassen StrID="3761" StrName="Herzog-Johann-Straße" StrPLZ="81245" OrtID="225" Merkmal="1" Planquadrat="N&#xD;"/>
  <Strassen StrID="3762" StrName="Hesemannstraße" StrPLZ="30655" OrtID="1" Merkmal="1" Planquadrat="N&#xD;"/>
  <Strassen StrID="3763" StrName="Hesternwinkel" StrPLZ="30657" OrtID="1" Merkmal="1" Planquadrat="N&#xD;"/>
  <Strassen StrID="3764" StrName="Hiddestorfer Straße" StrPLZ="30966" OrtID="13" Merkmal="1" Planquadrat="N&#xD;"/>
  <Strassen StrID="3765" StrName="Hiddestorfer Straße" StrPLZ="31832" OrtID="278" Merkmal="1" Planquadrat="N&#xD;"/>
  <Strassen StrID="3768" StrName="Hildesheimer Straße" StrPLZ="30880" OrtID="200" Merkmal="1" Planquadrat="N&#xD;"/>
  <Strassen StrID="3769" StrName="Hildesheimer Straße" StrPLZ="31226" OrtID="7" Merkmal="1" Planquadrat="N&#xD;"/>
  <Strassen StrID="3770" StrName="Hildesheimer Straße" StrPLZ="31275" OrtID="4" Merkmal="1" Planquadrat="N&#xD;"/>
  <Strassen StrID="3774" StrName="Hindenburgstraße" StrPLZ="30851" OrtID="27" Merkmal="1" Planquadrat="N&#xD;"/>
  <Strassen StrID="3781" StrName="Hinter dem Knick" StrPLZ="38229" OrtID="10" Merkmal="1" Planquadrat="N&#xD;"/>
  <Strassen StrID="3782" StrName="Hinter den Höfen" StrPLZ="30916" OrtID="21" Merkmal="1" Planquadrat="N&#xD;"/>
  <Strassen StrID="3783" StrName="Hinter den Höfen" StrPLZ="30938" OrtID="40" Merkmal="1" Planquadrat="N&#xD;"/>
  <Strassen StrID="3784" StrName="Hinter den langen Höfen" StrPLZ="31275" OrtID="4" Merkmal="1" Planquadrat="N&#xD;"/>
  <Strassen StrID="3785" StrName="Hinter den Wiesen" StrPLZ="30974" OrtID="307" Merkmal="1" Planquadrat="N&#xD;"/>
  <Strassen StrID="3788" StrName="Hirschauer Straße" StrPLZ="80538" OrtID="225" Merkmal="1" Planquadrat="N&#xD;"/>
  <Strassen StrID="3789" StrName="Hirschdamm" StrPLZ="30900" OrtID="25" Merkmal="1" Planquadrat="N&#xD;"/>
  <Strassen StrID="3790" StrName="Hirschgraben" StrPLZ="22089" OrtID="39" Merkmal="1" Planquadrat="N&#xD;"/>
  <Strassen StrID="3791" StrName="Hirtenweg" StrPLZ="21335" OrtID="376" Merkmal="1" Planquadrat="N&#xD;"/>
  <Strassen StrID="3794" StrName="Hof Stegenbusch" StrPLZ="23730" OrtID="163" Merkmal="1" Planquadrat="N&#xD;"/>
  <Strassen StrID="3798" StrName="Hof-Königsförde" StrPLZ="24214" OrtID="162" Merkmal="1" Planquadrat="N&#xD;"/>
  <Strassen StrID="3800" StrName="Hohe Bergstraße" StrPLZ="63150" OrtID="181" Merkmal="1" Planquadrat="N&#xD;"/>
  <Strassen StrID="3801" StrName="Hohe Feldstraße" StrPLZ="31319" OrtID="276" Merkmal="1" Planquadrat="N&#xD;"/>
  <Strassen StrID="3802" StrName="Hohenhorster Kirchweg" StrPLZ="30916" OrtID="21" Merkmal="1" Planquadrat="N&#xD;"/>
  <Strassen StrID="3803" StrName="Hohenrode" StrPLZ="30880" OrtID="200" Merkmal="1" Planquadrat="N&#xD;"/>
  <Strassen StrID="3805" StrName="Hoher Kamp" StrPLZ="30855" OrtID="27" Merkmal="1" Planquadrat="N&#xD;"/>
  <Strassen StrID="3806" StrName="Hohes Feld" StrPLZ="30966" OrtID="13" Merkmal="1" Planquadrat="N&#xD;"/>
  <Strassen StrID="3808" StrName="Hohestraße" StrPLZ="50667" OrtID="17" Merkmal="1" Planquadrat="N&#xD;"/>
  <Strassen StrID="3809" StrName="Hohler Graben" StrPLZ="37077" OrtID="158" Merkmal="1" Planquadrat="N&#xD;"/>
  <Strassen StrID="3810" StrName="Hohmannstraße" StrPLZ="30952" OrtID="3" Merkmal="1" Planquadrat="N&#xD;"/>
  <Strassen StrID="3812" StrName="Holmblick" StrPLZ="24857" OrtID="139" Merkmal="1" Planquadrat="N&#xD;"/>
  <Strassen StrID="3815" StrName="Holunderstraße" StrPLZ="30855" OrtID="27" Merkmal="1" Planquadrat="N&#xD;"/>
  <Strassen StrID="3818" StrName="Höninger Weg" StrPLZ="50969" OrtID="17" Merkmal="1" Planquadrat="N&#xD;"/>
  <Strassen StrID="3819" StrName="Hooverstraße" StrPLZ="76228" OrtID="49" Merkmal="1" Planquadrat="N&#xD;"/>
  <Strassen StrID="3820" StrName="Hopfenstraße" StrPLZ="24103" OrtID="194" Merkmal="1" Planquadrat="N"/>
  <Strassen StrID="3821" StrName="Hoppegartenring" StrPLZ="30853" OrtID="27" Merkmal="1" Planquadrat="N&#xD;"/>
  <Strassen StrID="3822" StrName="Horbeller Straße" StrPLZ="50858" OrtID="17" Merkmal="1" Planquadrat="N&#xD;"/>
  <Strassen StrID="3823" StrName="Horner Straße" StrPLZ="30853" OrtID="27" Merkmal="1" Planquadrat="N&#xD;"/>
  <Strassen StrID="3824" StrName="Hornstraße" StrPLZ="30989" OrtID="5" Merkmal="1" Planquadrat="N&#xD;"/>
  <Strassen StrID="3825" StrName="Hörstenerstraße" StrPLZ="21079" OrtID="39" Merkmal="1" Planquadrat="N&#xD;"/>
  <Strassen StrID="3826" StrName="Hortberg" StrPLZ="29358" OrtID="132" Merkmal="1" Planquadrat="N&#xD;"/>
  <Strassen StrID="3827" StrName="Hostmannstraße" StrPLZ="29221" OrtID="115" Merkmal="1" Planquadrat="N&#xD;"/>
  <Strassen StrID="3828" StrName="Hövestraße" StrPLZ="30926" OrtID="6" Merkmal="1" Planquadrat="N&#xD;"/>
  <Strassen StrID="3829" StrName="Hubertusstraße" StrPLZ="30853" OrtID="27" Merkmal="1" Planquadrat="N&#xD;"/>
  <Strassen StrID="3830" StrName="Hubertusstraße" StrPLZ="31275" OrtID="4" Merkmal="1" Planquadrat="N&#xD;"/>
  <Strassen StrID="3831" StrName="Hubertusstraße" StrPLZ="80639" OrtID="225" Merkmal="1" Planquadrat="N&#xD;"/>
  <Strassen StrID="3835" StrName="Hüttenkoppel" StrPLZ="24539" OrtID="231" Merkmal="1" Planquadrat="N&#xD;"/>
  <Strassen StrID="3837" StrName="Hüttenstraße" StrPLZ="31655" OrtID="32" Merkmal="1" Planquadrat="N&#xD;"/>
  <Strassen StrID="3838" StrName="Huttwiler Weg" StrPLZ="13407" OrtID="18" Merkmal="1" Planquadrat="N&#xD;"/>
  <Strassen StrID="3839" StrName="Ichendorferstraße" StrPLZ="50169" OrtID="193" Merkmal="1" Planquadrat="N&#xD;"/>
  <Strassen StrID="3844" StrName="Ihmer Straße" StrPLZ="30966" OrtID="13" Merkmal="1" Planquadrat="N&#xD;"/>
  <Strassen StrID="3848" StrName="Iltener Straße" StrPLZ="31275" OrtID="4" Merkmal="1" Planquadrat="N&#xD;"/>
  <Strassen StrID="3849" StrName="Im Alten Krug" StrPLZ="33729" OrtID="101" Merkmal="1" Planquadrat="N&#xD;"/>
  <Strassen StrID="3852" StrName="Im Bultfeld" StrPLZ="30966" OrtID="13" Merkmal="1" Planquadrat="N&#xD;"/>
  <Strassen StrID="3854" StrName="Im Dorfe" StrPLZ="30890" OrtID="2" Merkmal="1" Planquadrat="N&#xD;"/>
  <Strassen StrID="3857" StrName="Im Finkenweg" StrPLZ="29364" OrtID="203" Merkmal="1" Planquadrat="N&#xD;"/>
  <Strassen StrID="3858" StrName="Im Gehäge" StrPLZ="30853" OrtID="27" Merkmal="1" Planquadrat="N&#xD;"/>
  <Strassen StrID="3859" StrName="Im Goldfeld" StrPLZ="30952" OrtID="3" Merkmal="1" Planquadrat="N&#xD;"/>
  <Strassen StrID="3861" StrName="Im großen Bergfeld" StrPLZ="30989" OrtID="5" Merkmal="1" Planquadrat="N&#xD;"/>
  <Strassen StrID="3863" StrName="Im Grund" StrPLZ="30916" OrtID="21" Merkmal="1" Planquadrat="N&#xD;"/>
  <Strassen StrID="3864" StrName="Im Grund" StrPLZ="31275" OrtID="4" Merkmal="1" Planquadrat="N&#xD;"/>
  <Strassen StrID="3865" StrName="Im Grunde" StrPLZ="31582" OrtID="237" Merkmal="1" Planquadrat="N&#xD;"/>
  <Strassen StrID="3866" StrName="Im Händelweg" StrPLZ="30989" OrtID="5" Merkmal="1" Planquadrat="N&#xD;"/>
  <Strassen StrID="3869" StrName="Im Hellerloh" StrPLZ="30952" OrtID="3" Merkmal="1" Planquadrat="N&#xD;"/>
  <Strassen StrID="3870" StrName="Im Hohen Felde" StrPLZ="30853" OrtID="27" Merkmal="1" Planquadrat="N&#xD;"/>
  <Strassen StrID="3873" StrName="Im Kleifeld" StrPLZ="31275" OrtID="4" Merkmal="1" Planquadrat="N&#xD;"/>
  <Strassen StrID="3875" StrName="Im Klewergarten" StrPLZ="30449" OrtID="1" Merkmal="1" Planquadrat="N&#xD;"/>
  <Strassen StrID="3876" StrName="Im Kreuzbusch" StrPLZ="30926" OrtID="6" Merkmal="1" Planquadrat="N&#xD;"/>
  <Strassen StrID="3877" StrName="Im Krugfeld" StrPLZ="30982" OrtID="253" Merkmal="1" Planquadrat="N&#xD;"/>
  <Strassen StrID="3878" StrName="Im Kühlen Grunde" StrPLZ="26203" OrtID="305" Merkmal="1" Planquadrat="N&#xD;"/>
  <Strassen StrID="3879" StrName="Im Landerfeld" StrPLZ="31848" OrtID="89" Merkmal="1" Planquadrat="N&#xD;"/>
  <Strassen StrID="3881" StrName="Im Meierort" StrPLZ="30826" OrtID="149" Merkmal="1" Planquadrat="N&#xD;"/>
  <Strassen StrID="3884" StrName="Im Mühlenfelde" StrPLZ="30982" OrtID="253" Merkmal="1" Planquadrat="N&#xD;"/>
  <Strassen StrID="3885" StrName="Im Rosenhaag" StrPLZ="30916" OrtID="1" Merkmal="1" Planquadrat="N&#xD;"/>
  <Strassen StrID="3887" StrName="Im Stadtfelde" StrPLZ="31655" OrtID="32" Merkmal="1" Planquadrat="N&#xD;"/>
  <Strassen StrID="3888" StrName="Im Steerfeld" StrPLZ="30989" OrtID="5" Merkmal="1" Planquadrat="N&#xD;"/>
  <Strassen StrID="3889" StrName="Im Steinkamp" StrPLZ="30938" OrtID="40" Merkmal="1" Planquadrat="N&#xD;"/>
  <Strassen StrID="3890" StrName="Im Tannengrund" StrPLZ="30900" OrtID="25" Merkmal="1" Planquadrat="N&#xD;"/>
  <Strassen StrID="3891" StrName="Im Vorfelde" StrPLZ="30916" OrtID="21" Merkmal="1" Planquadrat="N&#xD;"/>
  <Strassen StrID="3892" StrName="Im Wiesengrund" StrPLZ="31234" OrtID="128" Merkmal="1" Planquadrat="N&#xD;"/>
  <Strassen StrID="3893" StrName="Im Wiesengrund" StrPLZ="31275" OrtID="4" Merkmal="1" Planquadrat="N&#xD;"/>
  <Strassen StrID="3896" StrName="Im Winkel" StrPLZ="31535" OrtID="22" Merkmal="1" Planquadrat="N&#xD;"/>
  <Strassen StrID="3897" StrName="Im Wöhren" StrPLZ="30900" OrtID="25" Merkmal="1" Planquadrat="N&#xD;"/>
  <Strassen StrID="3899" StrName="Im Zwinger" StrPLZ="71229" OrtID="209" Merkmal="1" Planquadrat="N&#xD;"/>
  <Strassen StrID="3900" StrName="Imkersweg" StrPLZ="31311" OrtID="294" Merkmal="1" Planquadrat="N&#xD;"/>
  <Strassen StrID="3901" StrName="Im-Koken-Hof" StrPLZ="31137" OrtID="9" Merkmal="1" Planquadrat="N&#xD;"/>
  <Strassen StrID="3904" StrName="Immenweg" StrPLZ="30938" OrtID="40" Merkmal="1" Planquadrat="N&#xD;"/>
  <Strassen StrID="3905" StrName="Immhoffstraße" StrPLZ="30853" OrtID="27" Merkmal="1" Planquadrat="N&#xD;"/>
  <Strassen StrID="3906" StrName="In dem Schneidergarten" StrPLZ="76307" OrtID="192" Merkmal="1" Planquadrat="N&#xD;"/>
  <Strassen StrID="3907" StrName="In den Birken" StrPLZ="42113" OrtID="320" Merkmal="1" Planquadrat="N"/>
  <Strassen StrID="3908" StrName="In den Kolkwiesen" StrPLZ="30851" OrtID="27" Merkmal="1" Planquadrat="N&#xD;"/>
  <Strassen StrID="3911" StrName="In der Heide" StrPLZ="31515" OrtID="319" Merkmal="1" Planquadrat="N&#xD;"/>
  <Strassen StrID="3912" StrName="In der Meinworth" StrPLZ="30938" OrtID="40" Merkmal="1" Planquadrat="N&#xD;"/>
  <Strassen StrID="3915" StrName="In Seefeld" StrPLZ="31552" OrtID="263" Merkmal="1" Planquadrat="N&#xD;"/>
  <Strassen StrID="3918" StrName="Insterburger Straße" StrPLZ="31275" OrtID="4" Merkmal="1" Planquadrat="N&#xD;"/>
  <Strassen StrID="3919" StrName="Isenkamp" StrPLZ="30916" OrtID="21" Merkmal="1" Planquadrat="N&#xD;"/>
  <Strassen StrID="3920" StrName="Isernhagener Straße" StrPLZ="30929" OrtID="40" Merkmal="1" Planquadrat="N&#xD;"/>
  <Strassen StrID="3924" StrName="Jahnstraße" StrPLZ="30851" OrtID="27" Merkmal="1" Planquadrat="N&#xD;"/>
  <Strassen StrID="3925" StrName="Jahnstraße" StrPLZ="8058" OrtID="324" Merkmal="1" Planquadrat="N"/>
  <Strassen StrID="3927" StrName="Jakordenstraße" StrPLZ="50668" OrtID="17" Merkmal="1" Planquadrat="N&#xD;"/>
  <Strassen StrID="3928" StrName="Johannisburger Weg" StrPLZ="31175" OrtID="268" Merkmal="1" Planquadrat="N&#xD;"/>
  <Strassen StrID="3933" StrName="Jupiterstraße" StrPLZ="30925" OrtID="3" Merkmal="1" Planquadrat="N&#xD;"/>
  <Strassen StrID="3936" StrName="Kaiserstraße" StrPLZ="31311" OrtID="294" Merkmal="1" Planquadrat="N&#xD;"/>
  <Strassen StrID="3937" StrName="Kaiserstraße" StrPLZ="60329" OrtID="41" Merkmal="1" Planquadrat="N&#xD;"/>
  <Strassen StrID="3938" StrName="Kaldenkirdener Straße" StrPLZ="41063" OrtID="222" Merkmal="1" Planquadrat="N&#xD;"/>
  <Strassen StrID="3939" StrName="Kaltenweide" StrPLZ="25335" OrtID="134" Merkmal="1" Planquadrat="N"/>
  <Strassen StrID="3941" StrName="Kamphöhe" StrPLZ="22946" OrtID="161" Merkmal="1" Planquadrat="N&#xD;"/>
  <Strassen StrID="3942" StrName="Kampstraße" StrPLZ="30629" OrtID="1" Merkmal="1" Planquadrat="N&#xD;"/>
  <Strassen StrID="3943" StrName="Kampstraße" StrPLZ="31275" OrtID="4" Merkmal="1" Planquadrat="N&#xD;"/>
  <Strassen StrID="3944" StrName="Kampstraße" StrPLZ="31542" OrtID="91" Merkmal="1" Planquadrat="N&#xD;"/>
  <Strassen StrID="3947" StrName="Kantstraße" StrPLZ="10625" OrtID="18" Merkmal="1" Planquadrat="N&#xD;"/>
  <Strassen StrID="3948" StrName="Kantstraße" StrPLZ="31275" OrtID="4" Merkmal="1" Planquadrat="N&#xD;"/>
  <Strassen StrID="3949" StrName="Kantstraße" StrPLZ="33775" OrtID="300" Merkmal="1" Planquadrat="N&#xD;"/>
  <Strassen StrID="3952" StrName="Kapellenstraße" StrPLZ="31275" OrtID="4" Merkmal="1" Planquadrat="N&#xD;"/>
  <Strassen StrID="3953" StrName="Kapellenweg" StrPLZ="29358" OrtID="132" Merkmal="1" Planquadrat="N&#xD;"/>
  <Strassen StrID="3954" StrName="Kapmans Hof" StrPLZ="31785" OrtID="19" Merkmal="1" Planquadrat="N&#xD;"/>
  <Strassen StrID="3957" StrName="Kapstadtring" StrPLZ="22297" OrtID="39" Merkmal="1" Planquadrat="N&#xD;"/>
  <Strassen StrID="3958" StrName="Karl-Kellner-Straße" StrPLZ="30853" OrtID="27" Merkmal="1" Planquadrat="N&#xD;"/>
  <Strassen StrID="3962" StrName="Karl-Serbent-Straße" StrPLZ="30952" OrtID="3" Merkmal="1" Planquadrat="N&#xD;"/>
  <Strassen StrID="3963" StrName="Karlsruher Straße" StrPLZ="30880" OrtID="200" Merkmal="1" Planquadrat="N&#xD;"/>
  <Strassen StrID="3968" StrName="Karmeliterweg" StrPLZ="13465" OrtID="18" Merkmal="1" Planquadrat="N&#xD;"/>
  <Strassen StrID="3969" StrName="Kärntner Platz" StrPLZ="30519" OrtID="1" Merkmal="1" Planquadrat="N&#xD;"/>
  <Strassen StrID="3970" StrName="Karpfengasse" StrPLZ="31275" OrtID="4" Merkmal="1" Planquadrat="N&#xD;"/>
  <Strassen StrID="3972" StrName="Kastanienweg" StrPLZ="30916" OrtID="21" Merkmal="1" Planquadrat="N&#xD;"/>
  <Strassen StrID="3974" StrName="Kästnerstraße" StrPLZ="31162" OrtID="95" Merkmal="1" Planquadrat="N&#xD;"/>
  <Strassen StrID="3976" StrName="Katzenwiesenring" StrPLZ="38259" OrtID="10" Merkmal="1" Planquadrat="N&#xD;"/>
  <Strassen StrID="3977" StrName="Katzenwinkel" StrPLZ="30966" OrtID="13" Merkmal="1" Planquadrat="N&#xD;"/>
  <Strassen StrID="3980" StrName="Krendelstraße" StrPLZ="30916" OrtID="21" Merkmal="1" Planquadrat="N&#xD;"/>
  <Strassen StrID="3984" StrName="Keukendiek" StrPLZ="24323" OrtID="271" Merkmal="1" Planquadrat="N&#xD;"/>
  <Strassen StrID="3985" StrName="Kibitzeck" StrPLZ="30952" OrtID="3" Merkmal="1" Planquadrat="N&#xD;"/>
  <Strassen StrID="3988" StrName="Kiebitzweg" StrPLZ="29304" OrtID="203" Merkmal="1" Planquadrat="N&#xD;"/>
  <Strassen StrID="3989" StrName="Kiebitzweg" StrPLZ="30880" OrtID="200" Merkmal="1" Planquadrat="N&#xD;"/>
  <Strassen StrID="3990" StrName="Kiesstraße" StrPLZ="60486" OrtID="41" Merkmal="1" Planquadrat="N&#xD;"/>
  <Strassen StrID="3991" StrName="Kirchenfeldweg" StrPLZ="31157" OrtID="268" Merkmal="1" Planquadrat="N&#xD;"/>
  <Strassen StrID="3992" StrName="Kirchplatz" StrPLZ="30853" OrtID="27" Merkmal="1" Planquadrat="N&#xD;"/>
  <Strassen StrID="3996" StrName="Kirchstraße" StrPLZ="30855" OrtID="27" Merkmal="1" Planquadrat="N&#xD;"/>
  <Strassen StrID="3997" StrName="Kirchstraße" StrPLZ="30982" OrtID="253" Merkmal="1" Planquadrat="N&#xD;"/>
  <Strassen StrID="3998" StrName="Kirchstraße" StrPLZ="31199" OrtID="55" Merkmal="1" Planquadrat="N&#xD;"/>
  <Strassen StrID="4001" StrName="Klärchenstraße" StrPLZ="22299" OrtID="39" Merkmal="1" Planquadrat="N&#xD;"/>
  <Strassen StrID="4009" StrName="Kleifeld" StrPLZ="31275" OrtID="4" Merkmal="1" Planquadrat="N&#xD;"/>
  <Strassen StrID="4011" StrName="Kleinburgwedeler Straße" StrPLZ="30938" OrtID="40" Merkmal="1" Planquadrat="N&#xD;"/>
  <Strassen StrID="4012" StrName="Kleinburgwedeler Weg" StrPLZ="30938" OrtID="40" Merkmal="1" Planquadrat="N&#xD;"/>
  <Strassen StrID="4014" StrName="Kleine Feldstraße" StrPLZ="30952" OrtID="3" Merkmal="1" Planquadrat="N&#xD;"/>
  <Strassen StrID="4015" StrName="Kleine Straße" StrPLZ="30826" OrtID="149" Merkmal="1" Planquadrat="N&#xD;"/>
  <Strassen StrID="4016" StrName="Kleiner Zimmerhof" StrPLZ="38300" OrtID="314" Merkmal="1" Planquadrat="N&#xD;"/>
  <Strassen StrID="4018" StrName="Kleines Feld" StrPLZ="30966" OrtID="13" Merkmal="1" Planquadrat="N&#xD;"/>
  <Strassen StrID="4020" StrName="Kleiststraße" StrPLZ="30916" OrtID="21" Merkmal="1" Planquadrat="N&#xD;"/>
  <Strassen StrID="4022" StrName="Kloppstockstraße" StrPLZ="30827" OrtID="149" Merkmal="1" Planquadrat="N&#xD;"/>
  <Strassen StrID="4023" StrName="Klopstockstraße" StrPLZ="30177" OrtID="1" Merkmal="1" Planquadrat="N&#xD;"/>
  <Strassen StrID="4024" StrName="Klostersiedlung" StrPLZ="39435" OrtID="129" Merkmal="1" Planquadrat="N&#xD;"/>
  <Strassen StrID="4026" StrName="Klußweg" StrPLZ="30982" OrtID="253" Merkmal="1" Planquadrat="N&#xD;"/>
  <Strassen StrID="4027" StrName="Knappenweg" StrPLZ="31275" OrtID="4" Merkmal="1" Planquadrat="N&#xD;"/>
  <Strassen StrID="4032" StrName="Knulenweg" StrPLZ="87671" OrtID="187" Merkmal="1" Planquadrat="N&#xD;"/>
  <Strassen StrID="4036" StrName="Kohlberger Straße" StrPLZ="31275" OrtID="4" Merkmal="1" Planquadrat="N&#xD;"/>
  <Strassen StrID="4038" StrName="Kokenhorststraße" StrPLZ="30938" OrtID="40" Merkmal="1" Planquadrat="N&#xD;"/>
  <Strassen StrID="4040" StrName="Kolberger Straße" StrPLZ="31275" OrtID="4" Merkmal="1" Planquadrat="N&#xD;"/>
  <Strassen StrID="4041" StrName="Kolberger Straße" StrPLZ="31319" OrtID="276" Merkmal="1" Planquadrat="N&#xD;"/>
  <Strassen StrID="4045" StrName="Köllingsmoor" StrPLZ="30855" OrtID="27" Merkmal="1" Planquadrat="N&#xD;"/>
  <Strassen StrID="4049" StrName="König-Ludwig-Straße" StrPLZ="31515" OrtID="319" Merkmal="1" Planquadrat="N&#xD;"/>
  <Strassen StrID="4050" StrName="Königsallee" StrPLZ="44799" OrtID="104" Merkmal="1" Planquadrat="N&#xD;"/>
  <Strassen StrID="4051" StrName="Königsberger Straße" StrPLZ="30900" OrtID="25" Merkmal="1" Planquadrat="N&#xD;"/>
  <Strassen StrID="4052" StrName="Königsberger Straße" StrPLZ="30916" OrtID="21" Merkmal="1" Planquadrat="N&#xD;"/>
  <Strassen StrID="4056" StrName="Konrad-Adenauer-Straße" StrPLZ="30853" OrtID="27" Merkmal="1" Planquadrat="N&#xD;"/>
  <Strassen StrID="4062" StrName="Kopernikusstraße" StrPLZ="30952" OrtID="3" Merkmal="1" Planquadrat="N&#xD;"/>
  <Strassen StrID="4066" StrName="Kortumstraße" StrPLZ="44787" OrtID="104" Merkmal="1" Planquadrat="N&#xD;"/>
  <Strassen StrID="4068" StrName="Kramberg" StrPLZ="37120" OrtID="108" Merkmal="1" Planquadrat="N&#xD;"/>
  <Strassen StrID="4069" StrName="Kramerstraße" StrPLZ="30159" OrtID="1" Merkmal="1" Planquadrat="N&#xD;"/>
  <Strassen StrID="4070" StrName="Kranichring" StrPLZ="30916" OrtID="21" Merkmal="1" Planquadrat="N&#xD;"/>
  <Strassen StrID="4071" StrName="Kranichweg" StrPLZ="30916" OrtID="21" Merkmal="1" Planquadrat="N&#xD;"/>
  <Strassen StrID="4076" StrName="Kreuzkamp" StrPLZ="30890" OrtID="2" Merkmal="1" Planquadrat="N&#xD;"/>
  <Strassen StrID="4077" StrName="Kreuzkamp" StrPLZ="31275" OrtID="4" Merkmal="1" Planquadrat="N&#xD;"/>
  <Strassen StrID="4079" StrName="Krohnstraße" StrPLZ="32756" OrtID="121" Merkmal="1" Planquadrat="N&#xD;"/>
  <Strassen StrID="4082" StrName="Kröpcke-Passage" StrPLZ="30159" OrtID="1" Merkmal="1" Planquadrat="N&#xD;"/>
  <Strassen StrID="4083" StrName="Kuhlkamp" StrPLZ="31275" OrtID="4" Merkmal="1" Planquadrat="N&#xD;"/>
  <Strassen StrID="4084" StrName="Kunigundenstraße" StrPLZ="12105" OrtID="18" Merkmal="1" Planquadrat="N&#xD;"/>
  <Strassen StrID="4085" StrName="Kurt - Schuhmacher - Str" StrPLZ="30825" OrtID="149" Merkmal="1" Planquadrat="N&#xD;"/>
  <Strassen StrID="4086" StrName="Kurt-Schuhmacher Straße" StrPLZ="38102" OrtID="8" Merkmal="1" Planquadrat="N&#xD;"/>
  <Strassen StrID="4089" StrName="Kurt-Schumacher-Straße" StrPLZ="34117" OrtID="11" Merkmal="1" Planquadrat="N&#xD;"/>
  <Strassen StrID="4090" StrName="Kurt-Wiechert-Allee" StrPLZ="30625" OrtID="1" Merkmal="1" Planquadrat="N&#xD;"/>
  <Strassen StrID="4091" StrName="Kurzer Kamp" StrPLZ="30926" OrtID="6" Merkmal="1" Planquadrat="N&#xD;"/>
  <Strassen StrID="4093" StrName="Ladeholzstraße" StrPLZ="31319" OrtID="276" Merkmal="1" Planquadrat="N&#xD;"/>
  <Strassen StrID="4095" StrName="Lahriede" StrPLZ="30916" OrtID="1" Merkmal="1" Planquadrat="N&#xD;"/>
  <Strassen StrID="4096" StrName="Lahriede" StrPLZ="30916" OrtID="21" Merkmal="1" Planquadrat="N&#xD;"/>
  <Strassen StrID="4098" StrName="Landgestütsstraße" StrPLZ="29221" OrtID="115" Merkmal="1" Planquadrat="N&#xD;"/>
  <Strassen StrID="4101" StrName="Lange Feld Straße" StrPLZ="30559" OrtID="1" Merkmal="1" Planquadrat="N&#xD;"/>
  <Strassen StrID="4102" StrName="Lange-Feld-Straße" StrPLZ="30926" OrtID="6" Merkmal="1" Planquadrat="N&#xD;"/>
  <Strassen StrID="4104" StrName="Lange Reihe" StrPLZ="20099" OrtID="39" Merkmal="1" Planquadrat="N&#xD;"/>
  <Strassen StrID="4105" StrName="Lange Straße" StrPLZ="31848" OrtID="89" Merkmal="1" Planquadrat="N&#xD;"/>
  <Strassen StrID="4107" StrName="Lange Weihe" StrPLZ="30880" OrtID="200" Merkmal="1" Planquadrat="N&#xD;"/>
  <Strassen StrID="4108" StrName="Lange Wiese" StrPLZ="30966" OrtID="13" Merkmal="1" Planquadrat="N&#xD;"/>
  <Strassen StrID="4111" StrName="Lägenfeldstraße" StrPLZ="30952" OrtID="3" Merkmal="1" Planquadrat="N&#xD;"/>
  <Strassen StrID="4113" StrName="Langer Bruch" StrPLZ="30966" OrtID="13" Merkmal="1" Planquadrat="N&#xD;"/>
  <Strassen StrID="4121" StrName="Leharstraße" StrPLZ="38442" OrtID="315" Merkmal="1" Planquadrat="N&#xD;"/>
  <Strassen StrID="4124" StrName="Lehmkamp" StrPLZ="31199" OrtID="55" Merkmal="1" Planquadrat="N&#xD;"/>
  <Strassen StrID="4125" StrName="Lehnbachstraße" StrPLZ="30655" OrtID="1" Merkmal="1" Planquadrat="N&#xD;"/>
  <Strassen StrID="4126" StrName="Lehnhast" StrPLZ="31542" OrtID="91" Merkmal="1" Planquadrat="N&#xD;"/>
  <Strassen StrID="4128" StrName="Lehrter Straße" StrPLZ="30880" OrtID="200" Merkmal="1" Planquadrat="N&#xD;"/>
  <Strassen StrID="4131" StrName="Leibnitzstraße" StrPLZ="31535" OrtID="22" Merkmal="1" Planquadrat="N&#xD;"/>
  <Strassen StrID="4132" StrName="Leibnitzweg" StrPLZ="31303" OrtID="20" Merkmal="1" Planquadrat="N&#xD;"/>
  <Strassen StrID="4134" StrName="Leinenweberstraße" StrPLZ="31515" OrtID="319" Merkmal="1" Planquadrat="N&#xD;"/>
  <Strassen StrID="4135" StrName="Leineweg" StrPLZ="30916" OrtID="21" Merkmal="1" Planquadrat="N&#xD;"/>
  <Strassen StrID="4137" StrName="Leinstraße" StrPLZ="31535" OrtID="22" Merkmal="1" Planquadrat="N&#xD;"/>
  <Strassen StrID="4138" StrName="Leipziger Straße" StrPLZ="10117" OrtID="18" Merkmal="1" Planquadrat="N&#xD;"/>
  <Strassen StrID="4141" StrName="Leistikowweg" StrPLZ="30655" OrtID="1" Merkmal="1" Planquadrat="N&#xD;"/>
  <Strassen StrID="4142" StrName="Lekarstraße" StrPLZ="38442" OrtID="315" Merkmal="1" Planquadrat="N&#xD;"/>
  <Strassen StrID="4148" StrName="Lerchenstraße" StrPLZ="14089" OrtID="18" Merkmal="1" Planquadrat="N&#xD;"/>
  <Strassen StrID="4149" StrName="Lerchenstraße" StrPLZ="27749" OrtID="120" Merkmal="1" Planquadrat="N&#xD;"/>
  <Strassen StrID="4150" StrName="Lerchenstraße" StrPLZ="73441" OrtID="106" Merkmal="1" Planquadrat="N&#xD;"/>
  <Strassen StrID="4152" StrName="Lettenfeldstraße" StrPLZ="90592" OrtID="244" Merkmal="1" Planquadrat="N&#xD;"/>
  <Strassen StrID="4154" StrName="Leuschner Straße" StrPLZ="31303" OrtID="20" Merkmal="1" Planquadrat="N&#xD;"/>
  <Strassen StrID="4157" StrName="Lichtenhorster Straße" StrPLZ="31637" OrtID="842" Merkmal="1" Planquadrat="N&#xD;"/>
  <Strassen StrID="4159" StrName="Liebermannstraße" StrPLZ="30827" OrtID="149" Merkmal="1" Planquadrat="N&#xD;"/>
  <Strassen StrID="4160" StrName="Liebigstraße" StrPLZ="30926" OrtID="6" Merkmal="1" Planquadrat="N&#xD;"/>
  <Strassen StrID="4165" StrName="Lilienthalstraße" StrPLZ="28879" OrtID="159" Merkmal="1" Planquadrat="N&#xD;"/>
  <Strassen StrID="4167" StrName="Lilienweg" StrPLZ="30139" OrtID="40" Merkmal="1" Planquadrat="N&#xD;"/>
  <Strassen StrID="4175" StrName="Lindenstraße" StrPLZ="30827" OrtID="149" Merkmal="1" Planquadrat="N&#xD;"/>
  <Strassen StrID="4176" StrName="Lindenstraße" StrPLZ="31683" OrtID="246" Merkmal="1" Planquadrat="N&#xD;"/>
  <Strassen StrID="4177" StrName="Lindenstraße" StrPLZ="81545" OrtID="225" Merkmal="1" Planquadrat="N&#xD;"/>
  <Strassen StrID="4178" StrName="Lindenstraße" StrPLZ="930167" OrtID="235" Merkmal="1" Planquadrat="N&#xD;"/>
  <Strassen StrID="4179" StrName="Lindenweg" StrPLZ="30966" OrtID="13" Merkmal="1" Planquadrat="N&#xD;"/>
  <Strassen StrID="4180" StrName="Linderter Weg" StrPLZ="31832" OrtID="278" Merkmal="1" Planquadrat="N&#xD;"/>
  <Strassen StrID="4181" StrName="Lissingstraße" StrPLZ="30163" OrtID="1" Merkmal="1" Planquadrat="N&#xD;"/>
  <Strassen StrID="4188" StrName="Lobker Straße" StrPLZ="31319" OrtID="276" Merkmal="1" Planquadrat="N&#xD;"/>
  <Strassen StrID="4189" StrName="Lohwiesenring" StrPLZ="30900" OrtID="25" Merkmal="1" Planquadrat="N&#xD;"/>
  <Strassen StrID="4191" StrName="Lönsweg" StrPLZ="29690" OrtID="211" Merkmal="1" Planquadrat="N&#xD;"/>
  <Strassen StrID="4192" StrName="Lönsweg" StrPLZ="37431" OrtID="86" Merkmal="1" Planquadrat="N&#xD;"/>
  <Strassen StrID="4193" StrName="Lonswinkel" StrPLZ="30900" OrtID="25" Merkmal="1" Planquadrat="N&#xD;"/>
  <Strassen StrID="4195" StrName="Lortzingstraße" StrPLZ="30880" OrtID="200" Merkmal="1" Planquadrat="N&#xD;"/>
  <Strassen StrID="4199" StrName="Lotzestraße" StrPLZ="37083" OrtID="158" Merkmal="1" Planquadrat="N&#xD;"/>
  <Strassen StrID="4200" StrName="Louise-Schröder-Straße" StrPLZ="30627" OrtID="1" Merkmal="1" Planquadrat="N&#xD;"/>
  <Strassen StrID="4202" StrName="Luchsweg" StrPLZ="75378" OrtID="87" Merkmal="1" Planquadrat="N&#xD;"/>
  <Strassen StrID="4205" StrName="Ludwig-Thoma-Straße" StrPLZ="30916" OrtID="21" Merkmal="1" Planquadrat="N&#xD;"/>
  <Strassen StrID="4206" StrName="Luisenstraße" StrPLZ="30826" OrtID="149" Merkmal="1" Planquadrat="N&#xD;"/>
  <Strassen StrID="4207" StrName="Luise-Schröder-Straße" StrPLZ="30627" OrtID="1" Merkmal="1" Planquadrat="N&#xD;"/>
  <Strassen StrID="4208" StrName="Lüneburger Weg" StrPLZ="30900" OrtID="25" Merkmal="1" Planquadrat="N&#xD;"/>
  <Strassen StrID="4213" StrName="Machandelweg" StrPLZ="30900" OrtID="25" Merkmal="1" Planquadrat="N&#xD;"/>
  <Strassen StrID="4214" StrName="Magdeburgerstraße" StrPLZ="6366" OrtID="197" Merkmal="1" Planquadrat="N&#xD;"/>
  <Strassen StrID="4217" StrName="Mahlerstraße" StrPLZ="30989" OrtID="5" Merkmal="1" Planquadrat="N&#xD;"/>
  <Strassen StrID="4218" StrName="Mahlsdorferweg" StrPLZ="30179" OrtID="1" Merkmal="1" Planquadrat="N&#xD;"/>
  <Strassen StrID="4221" StrName="Mandelslohstraße" StrPLZ="30826" OrtID="149" Merkmal="1" Planquadrat="N&#xD;"/>
  <Strassen StrID="4222" StrName="Märchenstraße" StrPLZ="30823" OrtID="149" Merkmal="1" Planquadrat="N&#xD;"/>
  <Strassen StrID="4223" StrName="Margarethenstraße" StrPLZ="30826" OrtID="149" Merkmal="1" Planquadrat="N&#xD;"/>
  <Strassen StrID="4225" StrName="Marienstraße" StrPLZ="38104" OrtID="8" Merkmal="1" Planquadrat="N&#xD;"/>
  <Strassen StrID="4226" StrName="Marienthaler Straße" StrPLZ="20535" OrtID="39" Merkmal="1" Planquadrat="N&#xD;"/>
  <Strassen StrID="4227" StrName="Markstraße" StrPLZ="30880" OrtID="200" Merkmal="1" Planquadrat="N&#xD;"/>
  <Strassen StrID="4228" StrName="Markt" StrPLZ="29221" OrtID="115" Merkmal="1" Planquadrat="N&#xD;"/>
  <Strassen StrID="4229" StrName="Marktplatz" StrPLZ="30880" OrtID="200" Merkmal="1" Planquadrat="N&#xD;"/>
  <Strassen StrID="4231" StrName="Marktstraße" StrPLZ="31303" OrtID="20" Merkmal="1" Planquadrat="N&#xD;"/>
  <Strassen StrID="4232" StrName="Marktstraße" StrPLZ="31535" OrtID="22" Merkmal="1" Planquadrat="N&#xD;"/>
  <Strassen StrID="4233" StrName="Marquardplatz" StrPLZ="23554" OrtID="214" Merkmal="1" Planquadrat="N&#xD;"/>
  <Strassen StrID="4234" StrName="Marris-Mühlenweg" StrPLZ="31303" OrtID="20" Merkmal="1" Planquadrat="N&#xD;"/>
  <Strassen StrID="4238" StrName="Maschstraße" StrPLZ="31137" OrtID="9" Merkmal="1" Planquadrat="N&#xD;"/>
  <Strassen StrID="4239" StrName="Maschweg" StrPLZ="29227" OrtID="115" Merkmal="1" Planquadrat="N&#xD;"/>
  <Strassen StrID="4241" StrName="Masurenweg" StrPLZ="30926" OrtID="6" Merkmal="1" Planquadrat="N&#xD;"/>
  <Strassen StrID="4244" StrName="Matthias-Claudius-Straße" StrPLZ="25462" OrtID="259" Merkmal="1" Planquadrat="N&#xD;"/>
  <Strassen StrID="4246" StrName="Max-Born-Weg" StrPLZ="30880" OrtID="200" Merkmal="1" Planquadrat="N&#xD;"/>
  <Strassen StrID="4248" StrName="Maximilianstraße" StrPLZ="80538" OrtID="225" Merkmal="1" Planquadrat="N&#xD;"/>
  <Strassen StrID="4249" StrName="Maximilianstraße" StrPLZ="93047" OrtID="257" Merkmal="1" Planquadrat="N&#xD;"/>
  <Strassen StrID="4251" StrName="Max-Reger-Weg" StrPLZ="31157" OrtID="268" Merkmal="1" Planquadrat="N&#xD;"/>
  <Strassen StrID="4254" StrName="Medebacher Weg" StrPLZ="13507" OrtID="18" Merkmal="1" Planquadrat="N&#xD;"/>
  <Strassen StrID="4255" StrName="Medefelder Straße" StrPLZ="31832" OrtID="278" Merkmal="1" Planquadrat="N&#xD;"/>
  <Strassen StrID="4258" StrName="Meisenweg" StrPLZ="37431" OrtID="86" Merkmal="1" Planquadrat="N&#xD;"/>
  <Strassen StrID="4260" StrName="Meitzer Straße" StrPLZ="30900" OrtID="25" Merkmal="1" Planquadrat="N&#xD;"/>
  <Strassen StrID="4261" StrName="Meitzer Weg" StrPLZ="30938" OrtID="40" Merkmal="1" Planquadrat="N&#xD;"/>
  <Strassen StrID="4263" StrName="Mellinger Straße" StrPLZ="31141" OrtID="9" Merkmal="1" Planquadrat="N&#xD;"/>
  <Strassen StrID="4265" StrName="Memeler Straße" StrPLZ="31867" OrtID="24" Merkmal="1" Planquadrat="N&#xD;"/>
  <Strassen StrID="4274" StrName="Mergenthaler Straße" StrPLZ="30880" OrtID="200" Merkmal="1" Planquadrat="N&#xD;"/>
  <Strassen StrID="4275" StrName="Mertz Straße" StrPLZ="30163" OrtID="1" Merkmal="1" Planquadrat="N&#xD;"/>
  <Strassen StrID="4280" StrName="Milanweg" StrPLZ="31303" OrtID="20" Merkmal="1" Planquadrat="N&#xD;"/>
  <Strassen StrID="4283" StrName="Mittelstraße" StrPLZ="30982" OrtID="253" Merkmal="1" Planquadrat="N&#xD;"/>
  <Strassen StrID="4285" StrName="Mittelstraße" StrPLZ="31249" OrtID="185" Merkmal="1" Planquadrat="N&#xD;"/>
  <Strassen StrID="4286" StrName="Mittelstraße" StrPLZ="31832" OrtID="278" Merkmal="1" Planquadrat="N&#xD;"/>
  <Strassen StrID="4291" StrName="Merowingerstraße" StrPLZ="40077" OrtID="127" Merkmal="1" Planquadrat="N&#xD;"/>
  <Strassen StrID="4293" StrName="Moorgarten" StrPLZ="30938" OrtID="40" Merkmal="1" Planquadrat="N&#xD;"/>
  <Strassen StrID="4295" StrName="Moorstraße" StrPLZ="30916" OrtID="21" Merkmal="1" Planquadrat="N&#xD;"/>
  <Strassen StrID="4296" StrName="Moorstraße" StrPLZ="31303" OrtID="20" Merkmal="1" Planquadrat="N&#xD;"/>
  <Strassen StrID="4299" StrName="Moulineauxplatz" StrPLZ="30966" OrtID="13" Merkmal="1" Planquadrat="N&#xD;"/>
  <Strassen StrID="4300" StrName="Möwenkamp" StrPLZ="30916" OrtID="21" Merkmal="1" Planquadrat="N&#xD;"/>
  <Strassen StrID="4303" StrName="Mozartstraße" StrPLZ="30823" OrtID="149" Merkmal="1" Planquadrat="N&#xD;"/>
  <Strassen StrID="4304" StrName="Mozartstraße" StrPLZ="30900" OrtID="25" Merkmal="1" Planquadrat="N&#xD;"/>
  <Strassen StrID="4305" StrName="Müdener Straße" StrPLZ="29345" OrtID="297" Merkmal="1" Planquadrat="N&#xD;"/>
  <Strassen StrID="4308" StrName="Mühlenkamp" StrPLZ="30419" OrtID="1" Merkmal="1" Planquadrat="N&#xD;"/>
  <Strassen StrID="4309" StrName="Mühlenkamp" StrPLZ="31863" OrtID="117" Merkmal="1" Planquadrat="N&#xD;"/>
  <Strassen StrID="4310" StrName="Mühlenstraße" StrPLZ="31737" OrtID="262" Merkmal="1" Planquadrat="N&#xD;"/>
  <Strassen StrID="4311" StrName="Mühlenstraße" StrPLZ="38547" OrtID="114" Merkmal="1" Planquadrat="N&#xD;"/>
  <Strassen StrID="4312" StrName="Mühlenweg" StrPLZ="30826" OrtID="149" Merkmal="1" Planquadrat="N&#xD;"/>
  <Strassen StrID="4313" StrName="Müllerweg" StrPLZ="30900" OrtID="25" Merkmal="1" Planquadrat="N&#xD;"/>
  <Strassen StrID="4315" StrName="Müllinger Straße" StrPLZ="31319" OrtID="276" Merkmal="1" Planquadrat="N&#xD;"/>
  <Strassen StrID="4316" StrName="Müllinger Weg" StrPLZ="30880" OrtID="200" Merkmal="1" Planquadrat="N&#xD;"/>
  <Strassen StrID="4317" StrName="Münchhausenstraße" StrPLZ="31749" OrtID="81" Merkmal="1" Planquadrat="N&#xD;"/>
  <Strassen StrID="4318" StrName="Mündersche Straße" StrPLZ="31848" OrtID="89" Merkmal="1" Planquadrat="N&#xD;"/>
  <Strassen StrID="4326" StrName="Nelkenweg" StrPLZ="30855" OrtID="27" Merkmal="1" Planquadrat="N&#xD;"/>
  <Strassen StrID="4327" StrName="Nenndorfer Straße" StrPLZ="30989" OrtID="5" Merkmal="1" Planquadrat="N&#xD;"/>
  <Strassen StrID="4330" StrName="Neuenhöferallee" StrPLZ="50935" OrtID="17" Merkmal="1" Planquadrat="N&#xD;"/>
  <Strassen StrID="4331" StrName="Neustadtring" StrPLZ="38114" OrtID="8" Merkmal="1" Planquadrat="N&#xD;"/>
  <Strassen StrID="4332" StrName="Neuwarmbüchener Straße" StrPLZ="30916" OrtID="21" Merkmal="1" Planquadrat="N&#xD;"/>
  <Strassen StrID="4333" StrName="Nibelungenstraße" StrPLZ="63128" OrtID="122" Merkmal="1" Planquadrat="N&#xD;"/>
  <Strassen StrID="4335" StrName="Niebelungenring" StrPLZ="67575" OrtID="131" Merkmal="1" Planquadrat="N&#xD;"/>
  <Strassen StrID="4337" StrName="Niederrader Allee" StrPLZ="30853" OrtID="1" Merkmal="1" Planquadrat="N&#xD;"/>
  <Strassen StrID="4338" StrName="Niederrader Allee" StrPLZ="30853" OrtID="27" Merkmal="1" Planquadrat="N&#xD;"/>
  <Strassen StrID="4340" StrName="Nienburger Straße" StrPLZ="29323" OrtID="311" Merkmal="1" Planquadrat="N&#xD;"/>
  <Strassen StrID="4342" StrName="Nienburger Straße" StrPLZ="31638" OrtID="285" Merkmal="1" Planquadrat="N&#xD;"/>
  <Strassen StrID="4344" StrName="Nienstädter Straße" StrPLZ="30890" OrtID="2" Merkmal="1" Planquadrat="N&#xD;"/>
  <Strassen StrID="4348" StrName="Nogatweg" StrPLZ="30916" OrtID="21" Merkmal="1" Planquadrat="N&#xD;"/>
  <Strassen StrID="4356" StrName="Nordstraße" StrPLZ="31303" OrtID="20" Merkmal="1" Planquadrat="N&#xD;"/>
  <Strassen StrID="4357" StrName="Normannische Straße" StrPLZ="30952" OrtID="3" Merkmal="1" Planquadrat="N&#xD;"/>
  <Strassen StrID="4358" StrName="Nussbergstraße" StrPLZ="38102" OrtID="8" Merkmal="1" Planquadrat="N&#xD;"/>
  <Strassen StrID="4362" StrName="Oberaustraße" StrPLZ="83026" OrtID="264" Merkmal="1" Planquadrat="N&#xD;"/>
  <Strassen StrID="4363" StrName="Oberberger Weg" StrPLZ="58300" OrtID="308" Merkmal="1" Planquadrat="N&#xD;"/>
  <Strassen StrID="4364" StrName="Obersand" StrPLZ="38527" OrtID="217" Merkmal="1" Planquadrat="N&#xD;"/>
  <Strassen StrID="4366" StrName="Oberwall" StrPLZ="42289" OrtID="320" Merkmal="1" Planquadrat="N"/>
  <Strassen StrID="4367" StrName="Oberzvererner Straße" StrPLZ="34132" OrtID="11" Merkmal="1" Planquadrat="N&#xD;"/>
  <Strassen StrID="4368" StrName="Ochsenzoller Straße" StrPLZ="22848" OrtID="238" Merkmal="1" Planquadrat="N&#xD;"/>
  <Strassen StrID="4371" StrName="Oelerser Straße" StrPLZ="31275" OrtID="4" Merkmal="1" Planquadrat="N&#xD;"/>
  <Strassen StrID="4374" StrName="Oestbergweg" StrPLZ="30559" OrtID="1" Merkmal="1" Planquadrat="N&#xD;"/>
  <Strassen StrID="4376" StrName="Offlandstraße" StrPLZ="30169" OrtID="1" Merkmal="1" Planquadrat="N&#xD;"/>
  <Strassen StrID="4377" StrName="Ohlendorfweg" StrPLZ="31515" OrtID="319" Merkmal="1" Planquadrat="N&#xD;"/>
  <Strassen StrID="4382" StrName="Opelstraße" StrPLZ="30916" OrtID="21" Merkmal="1" Planquadrat="N&#xD;"/>
  <Strassen StrID="4383" StrName="Oppelner Straße" StrPLZ="31311" OrtID="294" Merkmal="1" Planquadrat="N&#xD;"/>
  <Strassen StrID="4384" StrName="Oppersheide" StrPLZ="30916" OrtID="21" Merkmal="1" Planquadrat="N&#xD;"/>
  <Strassen StrID="4385" StrName="Oranienstraße" StrPLZ="10999" OrtID="18" Merkmal="1" Planquadrat="N&#xD;"/>
  <Strassen StrID="4386" StrName="Ossannastraße" StrPLZ="80999" OrtID="225" Merkmal="1" Planquadrat="N&#xD;"/>
  <Strassen StrID="4389" StrName="Ostdeutsche Straße" StrPLZ="31319" OrtID="276" Merkmal="1" Planquadrat="N&#xD;"/>
  <Strassen StrID="4390" StrName="Osterbrooksweg" StrPLZ="22869" OrtID="270" Merkmal="1" Planquadrat="N&#xD;"/>
  <Strassen StrID="4396" StrName="Ostermunzeler Straße" StrPLZ="30890" OrtID="2" Merkmal="1" Planquadrat="N&#xD;"/>
  <Strassen StrID="4398" StrName="Osterstraße" StrPLZ="31319" OrtID="276" Merkmal="1" Planquadrat="N&#xD;"/>
  <Strassen StrID="4401" StrName="Ostlandring" StrPLZ="31303" OrtID="20" Merkmal="1" Planquadrat="N&#xD;"/>
  <Strassen StrID="4402" StrName="Ostlandstraße" StrPLZ="29342" OrtID="310" Merkmal="1" Planquadrat="N&#xD;"/>
  <Strassen StrID="4405" StrName="Othrichstraße" StrPLZ="39128" OrtID="216" Merkmal="1" Planquadrat="N&#xD;"/>
  <Strassen StrID="4408" StrName="Otternhagener Straße" StrPLZ="31535" OrtID="22" Merkmal="1" Planquadrat="N&#xD;"/>
  <Strassen StrID="4409" StrName="Otto-Koke-Weg" StrPLZ="30938" OrtID="40" Merkmal="1" Planquadrat="N&#xD;"/>
  <Strassen StrID="4411" StrName="Otto-von-Guericke-Straße" StrPLZ="39104" OrtID="216" Merkmal="1" Planquadrat="N&#xD;"/>
  <Strassen StrID="4417" StrName="Papendieksfeld" StrPLZ="30966" OrtID="13" Merkmal="1" Planquadrat="N&#xD;"/>
  <Strassen StrID="4421" StrName="Paradies" StrPLZ="30890" OrtID="2" Merkmal="1" Planquadrat="N&#xD;"/>
  <Strassen StrID="4422" StrName="Parkallee" StrPLZ="20144" OrtID="39" Merkmal="1" Planquadrat="N&#xD;"/>
  <Strassen StrID="4423" StrName="Parkstraße" StrPLZ="30952" OrtID="3" Merkmal="1" Planquadrat="N&#xD;"/>
  <Strassen StrID="4424" StrName="Parkstraße" StrPLZ="49027" OrtID="249" Merkmal="1" Planquadrat="N&#xD;"/>
  <Strassen StrID="4429" StrName="Pattenser Feldweg" StrPLZ="30966" OrtID="13" Merkmal="1" Planquadrat="N&#xD;"/>
  <Strassen StrID="4431" StrName="Paul-Ehrlich-Straße" StrPLZ="30952" OrtID="3" Merkmal="1" Planquadrat="N&#xD;"/>
  <Strassen StrID="4432" StrName="Paulinenstraße" StrPLZ="32756" OrtID="121" Merkmal="1" Planquadrat="N&#xD;"/>
  <Strassen StrID="4437" StrName="Pelikanstraße" StrPLZ="30827" OrtID="149" Merkmal="1" Planquadrat="N&#xD;"/>
  <Strassen StrID="4438" StrName="Pestalozzistraße" StrPLZ="30451" OrtID="1" Merkmal="1" Planquadrat="N&#xD;"/>
  <Strassen StrID="4449" StrName="Pinkvosshof" StrPLZ="30900" OrtID="25" Merkmal="1" Planquadrat="N&#xD;"/>
  <Strassen StrID="4451" StrName="Platanenallee" StrPLZ="14050" OrtID="18" Merkmal="1" Planquadrat="N&#xD;"/>
  <Strassen StrID="4461" StrName="Porschestraße" StrPLZ="30926" OrtID="6" Merkmal="1" Planquadrat="N&#xD;"/>
  <Strassen StrID="4462" StrName="Porschestraße" StrPLZ="38112" OrtID="8" Merkmal="1" Planquadrat="N&#xD;"/>
  <Strassen StrID="4464" StrName="Postfach" StrPLZ="30002" OrtID="1" Merkmal="1" Planquadrat="N&#xD;"/>
  <Strassen StrID="4465" StrName="Postfach" StrPLZ="30016" OrtID="1" Merkmal="1" Planquadrat="N&#xD;"/>
  <Strassen StrID="4466" StrName="Postfach" StrPLZ="30025" OrtID="1" Merkmal="1" Planquadrat="N&#xD;"/>
  <Strassen StrID="4467" StrName="Postfach" StrPLZ="30029" OrtID="1" Merkmal="1" Planquadrat="N&#xD;"/>
  <Strassen StrID="4468" StrName="Postfach" StrPLZ="30030" OrtID="1" Merkmal="1" Planquadrat="N&#xD;"/>
  <Strassen StrID="4469" StrName="Postfach" StrPLZ="30034" OrtID="1" Merkmal="1" Planquadrat="N&#xD;"/>
  <Strassen StrID="4470" StrName="Postfach" StrPLZ="30055" OrtID="1" Merkmal="1" Planquadrat="N&#xD;"/>
  <Strassen StrID="4471" StrName="Postfach" StrPLZ="30064" OrtID="1" Merkmal="1" Planquadrat="N&#xD;"/>
  <Strassen StrID="4472" StrName="Postfach" StrPLZ="30159" OrtID="1" Merkmal="1" Planquadrat="N&#xD;"/>
  <Strassen StrID="4473" StrName="Postfach" StrPLZ="30604" OrtID="1" Merkmal="1" Planquadrat="N&#xD;"/>
  <Strassen StrID="4474" StrName="Postfach" StrPLZ="30857" OrtID="200" Merkmal="1" Planquadrat="N&#xD;"/>
  <Strassen StrID="4475" StrName="Postfach" StrPLZ="30876" OrtID="200" Merkmal="1" Planquadrat="N&#xD;"/>
  <Strassen StrID="4476" StrName="Postfach" StrPLZ="30941" OrtID="3" Merkmal="1" Planquadrat="N&#xD;"/>
  <Strassen StrID="4477" StrName="Postfach" StrPLZ="30968" OrtID="307" Merkmal="1" Planquadrat="N&#xD;"/>
  <Strassen StrID="4478" StrName="Postfach" StrPLZ="31151" OrtID="268" Merkmal="1" Planquadrat="N&#xD;"/>
  <Strassen StrID="4479" StrName="Postfach" StrPLZ="31753" OrtID="19" Merkmal="1" Planquadrat="N&#xD;"/>
  <Strassen StrID="4480" StrName="Postfach" StrPLZ="33418" OrtID="172" Merkmal="1" Planquadrat="N&#xD;"/>
  <Strassen StrID="4481" StrName="Postfach" StrPLZ="37616" OrtID="105" Merkmal="1" Planquadrat="N&#xD;"/>
  <Strassen StrID="4482" StrName="Postfach" StrPLZ="86427" OrtID="196" Merkmal="1" Planquadrat="N&#xD;"/>
  <Strassen StrID="4483" StrName="Postfach" StrPLZ="89573" OrtID="130" Merkmal="1" Planquadrat="N&#xD;"/>
  <Strassen StrID="4484" StrName="Postfach" StrPLZ="60498" OrtID="41" Merkmal="1" Planquadrat="N&#xD;"/>
  <Strassen StrID="4486" StrName="Poststraße" StrPLZ="30584" OrtID="213" Merkmal="1" Planquadrat="N&#xD;"/>
  <Strassen StrID="4487" StrName="Potsdamer Straße" StrPLZ="31867" OrtID="24" Merkmal="1" Planquadrat="N&#xD;"/>
  <Strassen StrID="4488" StrName="Pöttjerwinkel" StrPLZ="30890" OrtID="2" Merkmal="1" Planquadrat="N&#xD;"/>
  <Strassen StrID="4489" StrName="Pregelstraße" StrPLZ="53127" OrtID="26" Merkmal="1" Planquadrat="N&#xD;"/>
  <Strassen StrID="4491" StrName="Prinz-Friedrich-Karl-Straße" StrPLZ="44135" OrtID="125" Merkmal="1" Planquadrat="N&#xD;"/>
  <Strassen StrID="4492" StrName="Prof.-Plühr-Straße" StrPLZ="31319" OrtID="276" Merkmal="1" Planquadrat="N&#xD;"/>
  <Strassen StrID="4501" StrName="Rabenhorst" StrPLZ="31582" OrtID="237" Merkmal="1" Planquadrat="N&#xD;"/>
  <Strassen StrID="4502" StrName="Raiffeisenstraße" StrPLZ="30938" OrtID="40" Merkmal="1" Planquadrat="N&#xD;"/>
  <Strassen StrID="4508" StrName="Rauhe Gasse" StrPLZ="29223" OrtID="115" Merkmal="1" Planquadrat="N&#xD;"/>
  <Strassen StrID="4509" StrName="Rauhe Wiese" StrPLZ="31171" OrtID="241" Merkmal="1" Planquadrat="N&#xD;"/>
  <Strassen StrID="4510" StrName="Raulsweg" StrPLZ="30916" OrtID="21" Merkmal="1" Planquadrat="N&#xD;"/>
  <Strassen StrID="4515" StrName="Ravensbergerstraße" StrPLZ="32584" OrtID="213" Merkmal="1" Planquadrat="N&#xD;"/>
  <Strassen StrID="4518" StrName="Reetzer Straße" StrPLZ="31515" OrtID="319" Merkmal="1" Planquadrat="N&#xD;"/>
  <Strassen StrID="4520" StrName="Reginastraße" StrPLZ="34119" OrtID="11" Merkmal="1" Planquadrat="N&#xD;"/>
  <Strassen StrID="4523" StrName="Rehre" StrPLZ="30823" OrtID="149" Merkmal="1" Planquadrat="N&#xD;"/>
  <Strassen StrID="4525" StrName="Reinfelder Straße" StrPLZ="23619" OrtID="322" Merkmal="1" Planquadrat="N&#xD;"/>
  <Strassen StrID="4527" StrName="Remscheider Straße" StrPLZ="47807" OrtID="198" Merkmal="1" Planquadrat="N&#xD;"/>
  <Strassen StrID="4528" StrName="Rene- Schickele- Straße" StrPLZ="79117" OrtID="16" Merkmal="1" Planquadrat="N&#xD;"/>
  <Strassen StrID="4530" StrName="Resser Straße" StrPLZ="30855" OrtID="27" Merkmal="1" Planquadrat="N&#xD;"/>
  <Strassen StrID="4533" StrName="Reuterdamm" StrPLZ="30853" OrtID="27" Merkmal="1" Planquadrat="N&#xD;"/>
  <Strassen StrID="4534" StrName="Rheinstraße" StrPLZ="64283" OrtID="118" Merkmal="1" Planquadrat="N&#xD;"/>
  <Strassen StrID="4536" StrName="Richard Wagner Straße" StrPLZ="31157" OrtID="268" Merkmal="1" Planquadrat="N&#xD;"/>
  <Strassen StrID="4540" StrName="Richterweg" StrPLZ="31275" OrtID="4" Merkmal="1" Planquadrat="N&#xD;"/>
  <Strassen StrID="4542" StrName="Ricklefsstraße" StrPLZ="29227" OrtID="115" Merkmal="1" Planquadrat="N&#xD;"/>
  <Strassen StrID="4545" StrName="Rikheyweg" StrPLZ="31371" OrtID="9" Merkmal="1" Planquadrat="N&#xD;"/>
  <Strassen StrID="4546" StrName="Ringslebenstraße" StrPLZ="12353" OrtID="18" Merkmal="1" Planquadrat="N&#xD;"/>
  <Strassen StrID="4548" StrName="Rintelner Straße" StrPLZ="31737" OrtID="262" Merkmal="1" Planquadrat="N&#xD;"/>
  <Strassen StrID="4552" StrName="Rittershausstraße" StrPLZ="65187" OrtID="50" Merkmal="1" Planquadrat="N&#xD;"/>
  <Strassen StrID="4553" StrName="Ritterstraße" StrPLZ="30880" OrtID="200" Merkmal="1" Planquadrat="N&#xD;"/>
  <Strassen StrID="4555" StrName="Robert- Koch- Straße" StrPLZ="30853" OrtID="27" Merkmal="1" Planquadrat="N&#xD;"/>
  <Strassen StrID="4557" StrName="Robert-Koch-Straße" StrPLZ="30826" OrtID="149" Merkmal="1" Planquadrat="N&#xD;"/>
  <Strassen StrID="4558" StrName="Robert-Koch-Straße" StrPLZ="30952" OrtID="3" Merkmal="1" Planquadrat="N&#xD;"/>
  <Strassen StrID="4559" StrName="Robert-Stolz-Straße" StrPLZ="40470" OrtID="127" Merkmal="1" Planquadrat="N&#xD;"/>
  <Strassen StrID="4560" StrName="Robertusstraße" StrPLZ="31275" OrtID="4" Merkmal="1" Planquadrat="N&#xD;"/>
  <Strassen StrID="4561" StrName="Robert-Weise-Straße" StrPLZ="30952" OrtID="3" Merkmal="1" Planquadrat="N&#xD;"/>
  <Strassen StrID="4564" StrName="Roggenkamp" StrPLZ="30851" OrtID="27" Merkmal="1" Planquadrat="N&#xD;"/>
  <Strassen StrID="4565" StrName="Römerstraße" StrPLZ="41462" OrtID="232" Merkmal="1" Planquadrat="N&#xD;"/>
  <Strassen StrID="4570" StrName="Röse" StrPLZ="31832" OrtID="278" Merkmal="1" Planquadrat="N&#xD;"/>
  <Strassen StrID="4573" StrName="Rosenstraße" StrPLZ="30916" OrtID="21" Merkmal="1" Planquadrat="N&#xD;"/>
  <Strassen StrID="4574" StrName="Rosenweg" StrPLZ="30926" OrtID="6" Merkmal="1" Planquadrat="N&#xD;"/>
  <Strassen StrID="4579" StrName="Rotebühlstr" StrPLZ="70178" OrtID="287" Merkmal="1" Planquadrat="N&#xD;"/>
  <Strassen StrID="4583" StrName="Rothenseerstraße" StrPLZ="39106" OrtID="216" Merkmal="1" Planquadrat="N&#xD;"/>
  <Strassen StrID="4584" StrName="Rotkehlchenweg" StrPLZ="31228" OrtID="7" Merkmal="1" Planquadrat="N&#xD;"/>
  <Strassen StrID="4586" StrName="Rubensstraße" StrPLZ="30916" OrtID="21" Merkmal="1" Planquadrat="N&#xD;"/>
  <Strassen StrID="4591" StrName="Rue St. Pierre" StrPLZ="F 992200" OrtID="1244" Merkmal="1" Planquadrat="N"/>
  <Strassen StrID="4596" StrName="Rundeel" StrPLZ="31535" OrtID="22" Merkmal="1" Planquadrat="N&#xD;"/>
  <Strassen StrID="4599" StrName="Rutenbergstraße" StrPLZ="31177" OrtID="173" Merkmal="1" Planquadrat="N&#xD;"/>
  <Strassen StrID="4601" StrName="Saarstraße" StrPLZ="30966" OrtID="13" Merkmal="1" Planquadrat="N&#xD;"/>
  <Strassen StrID="4602" StrName="Saarweg" StrPLZ="30851" OrtID="27" Merkmal="1" Planquadrat="N&#xD;"/>
  <Strassen StrID="4603" StrName="Sachsenring" StrPLZ="31137" OrtID="9" Merkmal="1" Planquadrat="N&#xD;"/>
  <Strassen StrID="4605" StrName="Sadanstraße" StrPLZ="30161" OrtID="1" Merkmal="1" Planquadrat="N&#xD;"/>
  <Strassen StrID="4607" StrName="Sägemühlenstraße" StrPLZ="31311" OrtID="294" Merkmal="1" Planquadrat="N&#xD;"/>
  <Strassen StrID="4609" StrName="Salamanderweg" StrPLZ="31275" OrtID="4" Merkmal="1" Planquadrat="N&#xD;"/>
  <Strassen StrID="4612" StrName="Salinenstraße" StrPLZ="30952" OrtID="3" Merkmal="1" Planquadrat="N&#xD;"/>
  <Strassen StrID="4616" StrName="Sanddornstraße" StrPLZ="30855" OrtID="27" Merkmal="1" Planquadrat="N&#xD;"/>
  <Strassen StrID="4617" StrName="Sanddornstraße" StrPLZ="30885" OrtID="27" Merkmal="1" Planquadrat="N&#xD;"/>
  <Strassen StrID="4618" StrName="Sängergasse" StrPLZ="31319" OrtID="276" Merkmal="1" Planquadrat="N&#xD;"/>
  <Strassen StrID="4619" StrName="Sängerstraße" StrPLZ="31319" OrtID="276" Merkmal="1" Planquadrat="N&#xD;"/>
  <Strassen StrID="4622" StrName="Scabellstraße" StrPLZ="14109" OrtID="18" Merkmal="1" Planquadrat="N&#xD;"/>
  <Strassen StrID="4624" StrName="Schadowstraße" StrPLZ="40212" OrtID="127" Merkmal="1" Planquadrat="N&#xD;"/>
  <Strassen StrID="4625" StrName="Schäfergassee" StrPLZ="60313" OrtID="41" Merkmal="1" Planquadrat="N&#xD;"/>
  <Strassen StrID="4626" StrName="Schäfer-Struck-Weg" StrPLZ="30823" OrtID="149" Merkmal="1" Planquadrat="N&#xD;"/>
  <Strassen StrID="4627" StrName="Schäferweg" StrPLZ="30926" OrtID="6" Merkmal="1" Planquadrat="N&#xD;"/>
  <Strassen StrID="4629" StrName="Scharfweg" StrPLZ="31840" OrtID="37" Merkmal="1" Planquadrat="N&#xD;"/>
  <Strassen StrID="4631" StrName="Schaumburger Landstraße" StrPLZ="31556" OrtID="316" Merkmal="1" Planquadrat="N&#xD;"/>
  <Strassen StrID="4633" StrName="Schedenpfad" StrPLZ="61348" OrtID="85" Merkmal="1" Planquadrat="N&#xD;"/>
  <Strassen StrID="4635" StrName="Scheelenkamp" StrPLZ="30827" OrtID="149" Merkmal="1" Planquadrat="N&#xD;"/>
  <Strassen StrID="4640" StrName="Schieranger" StrPLZ="31832" OrtID="278" Merkmal="1" Planquadrat="N&#xD;"/>
  <Strassen StrID="4642" StrName="Schierkenring" StrPLZ="38543" OrtID="182" Merkmal="1" Planquadrat="N&#xD;"/>
  <Strassen StrID="4644" StrName="Schilfweg" StrPLZ="30952" OrtID="3" Merkmal="1" Planquadrat="N&#xD;"/>
  <Strassen StrID="4645" StrName="Schilfkamp" StrPLZ="31275" OrtID="4" Merkmal="1" Planquadrat="N&#xD;"/>
  <Strassen StrID="4646" StrName="Schillerstraße" StrPLZ="27570" OrtID="110" Merkmal="1" Planquadrat="N&#xD;"/>
  <Strassen StrID="4647" StrName="Schillerstraße" StrPLZ="29413" OrtID="202" Merkmal="1" Planquadrat="N&#xD;"/>
  <Strassen StrID="4648" StrName="Schillerstraße" StrPLZ="30926" OrtID="6" Merkmal="1" Planquadrat="N&#xD;"/>
  <Strassen StrID="4649" StrName="Schillerstraße" StrPLZ="30952" OrtID="3" Merkmal="1" Planquadrat="N&#xD;"/>
  <Strassen StrID="4650" StrName="Schlackenstraße" StrPLZ="38723" OrtID="261" Merkmal="1" Planquadrat="N&#xD;"/>
  <Strassen StrID="4653" StrName="Schlehenstraße" StrPLZ="31515" OrtID="319" Merkmal="1" Planquadrat="N&#xD;"/>
  <Strassen StrID="4654" StrName="Schlehenweg" StrPLZ="30855" OrtID="27" Merkmal="1" Planquadrat="N&#xD;"/>
  <Strassen StrID="4655" StrName="Schlenderhanweg" StrPLZ="30853" OrtID="27" Merkmal="1" Planquadrat="N&#xD;"/>
  <Strassen StrID="4656" StrName="Schlesierdamm" StrPLZ="30916" OrtID="21" Merkmal="1" Planquadrat="N&#xD;"/>
  <Strassen StrID="4658" StrName="Schlesierstraße" StrPLZ="31535" OrtID="22" Merkmal="1" Planquadrat="N&#xD;"/>
  <Strassen StrID="4660" StrName="Schlichlingswiesen" StrPLZ="30826" OrtID="149" Merkmal="1" Planquadrat="N&#xD;"/>
  <Strassen StrID="4662" StrName="Schmiedeberger Straße" StrPLZ="30952" OrtID="3" Merkmal="1" Planquadrat="N&#xD;"/>
  <Strassen StrID="4663" StrName="Schmiedestraße" StrPLZ="29494" OrtID="291" Merkmal="1" Planquadrat="N&#xD;"/>
  <Strassen StrID="4664" StrName="Schmiedestraße" StrPLZ="30900" OrtID="25" Merkmal="1" Planquadrat="N&#xD;"/>
  <Strassen StrID="4665" StrName="Schmiedestraße" StrPLZ="30938" OrtID="40" Merkmal="1" Planquadrat="N&#xD;"/>
  <Strassen StrID="4667" StrName="Schneeballweg" StrPLZ="31275" OrtID="4" Merkmal="1" Planquadrat="N&#xD;"/>
  <Strassen StrID="4668" StrName="Schneekoppenweg" StrPLZ="30916" OrtID="21" Merkmal="1" Planquadrat="N&#xD;"/>
  <Strassen StrID="4669" StrName="Schneermannshof" StrPLZ="30900" OrtID="25" Merkmal="1" Planquadrat="N&#xD;"/>
  <Strassen StrID="4670" StrName="Schneermannshof" StrPLZ="30916" OrtID="21" Merkmal="1" Planquadrat="N&#xD;"/>
  <Strassen StrID="4677" StrName="Schönwasserstraße" StrPLZ="47800" OrtID="198" Merkmal="1" Planquadrat="N&#xD;"/>
  <Strassen StrID="4681" StrName="Schröderstammen" StrPLZ="25436" OrtID="293" Merkmal="1" Planquadrat="N&#xD;"/>
  <Strassen StrID="4686" StrName="Schulenkamp" StrPLZ="30827" OrtID="149" Merkmal="1" Planquadrat="N&#xD;"/>
  <Strassen StrID="4687" StrName="Schülerstieg" StrPLZ="37081" OrtID="158" Merkmal="1" Planquadrat="N&#xD;"/>
  <Strassen StrID="4688" StrName="Schülerstraße" StrPLZ="32756" OrtID="121" Merkmal="1" Planquadrat="N&#xD;"/>
  <Strassen StrID="4689" StrName="Schulstraße" StrPLZ="30890" OrtID="2" Merkmal="1" Planquadrat="N&#xD;"/>
  <Strassen StrID="4690" StrName="Schulstraße" StrPLZ="31688" OrtID="210" Merkmal="1" Planquadrat="N&#xD;"/>
  <Strassen StrID="4691" StrName="Schulwall" StrPLZ="38300" OrtID="314" Merkmal="1" Planquadrat="N&#xD;"/>
  <Strassen StrID="4692" StrName="Schulweg" StrPLZ="47509" OrtID="260" Merkmal="1" Planquadrat="N&#xD;"/>
  <Strassen StrID="4694" StrName="Schumacherstraße" StrPLZ="30826" OrtID="149" Merkmal="1" Planquadrat="N&#xD;"/>
  <Strassen StrID="4695" StrName="Schumannstraße" StrPLZ="31157" OrtID="268" Merkmal="1" Planquadrat="N&#xD;"/>
  <Strassen StrID="4698" StrName="Schwalbenweg" StrPLZ="64546" OrtID="47" Merkmal="1" Planquadrat="N&#xD;"/>
  <Strassen StrID="4699" StrName="Schwalbenwinkel" StrPLZ="31789" OrtID="19" Merkmal="1" Planquadrat="N&#xD;"/>
  <Strassen StrID="4701" StrName="Schwankamp" StrPLZ="30916" OrtID="21" Merkmal="1" Planquadrat="N&#xD;"/>
  <Strassen StrID="4704" StrName="Schwarzerweg" StrPLZ="31789" OrtID="19" Merkmal="1" Planquadrat="N&#xD;"/>
  <Strassen StrID="4706" StrName="Schwindstraße" StrPLZ="60325" OrtID="41" Merkmal="1" Planquadrat="N&#xD;"/>
  <Strassen StrID="4707" StrName="Sebastianstraße" StrPLZ="53474" OrtID="93" Merkmal="1" Planquadrat="N&#xD;"/>
  <Strassen StrID="4709" StrName="Sedanplatz" StrPLZ="31275" OrtID="4" Merkmal="1" Planquadrat="N&#xD;"/>
  <Strassen StrID="4710" StrName="Seehorst" StrPLZ="31311" OrtID="294" Merkmal="1" Planquadrat="N&#xD;"/>
  <Strassen StrID="4711" StrName="Seelhop" StrPLZ="29358" OrtID="132" Merkmal="1" Planquadrat="N&#xD;"/>
  <Strassen StrID="4713" StrName="Seestraße" StrPLZ="30916" OrtID="21" Merkmal="1" Planquadrat="N&#xD;"/>
  <Strassen StrID="4715" StrName="Sehnder Straße" StrPLZ="31319" OrtID="276" Merkmal="1" Planquadrat="N&#xD;"/>
  <Strassen StrID="4718" StrName="Sennieweg" StrPLZ="30966" OrtID="13" Merkmal="1" Planquadrat="N&#xD;"/>
  <Strassen StrID="4719" StrName="Sensburger Ring" StrPLZ="31141" OrtID="9" Merkmal="1" Planquadrat="N&#xD;"/>
  <Strassen StrID="4722" StrName="Sidonienstraße" StrPLZ="38118" OrtID="8" Merkmal="1" Planquadrat="N&#xD;"/>
  <Strassen StrID="4723" StrName="Siebenhäuserstraße" StrPLZ="28857" OrtID="289" Merkmal="1" Planquadrat="N&#xD;"/>
  <Strassen StrID="4724" StrName="Sieben-Trappen-Straße" StrPLZ="30952" OrtID="3" Merkmal="1" Planquadrat="N&#xD;"/>
  <Strassen StrID="4725" StrName="Sieberger Straße" StrPLZ="28844" OrtID="309" Merkmal="1" Planquadrat="N&#xD;"/>
  <Strassen StrID="4726" StrName="Siecum" StrPLZ="30966" OrtID="13" Merkmal="1" Planquadrat="N&#xD;"/>
  <Strassen StrID="4728" StrName="Siemensstraße" StrPLZ="30827" OrtID="149" Merkmal="1" Planquadrat="N&#xD;"/>
  <Strassen StrID="4729" StrName="Sievershausener Straße" StrPLZ="31275" OrtID="4" Merkmal="1" Planquadrat="N&#xD;"/>
  <Strassen StrID="4730" StrName="Silberkuhlenstraße" StrPLZ="30938" OrtID="40" Merkmal="1" Planquadrat="N&#xD;"/>
  <Strassen StrID="4731" StrName="Silberkuhlenstraße" StrPLZ="30938" OrtID="136" Merkmal="1" Planquadrat="N&#xD;"/>
  <Strassen StrID="4733" StrName="Simrockstraße" StrPLZ="22589" OrtID="39" Merkmal="1" Planquadrat="N&#xD;"/>
  <Strassen StrID="4740" StrName="Soltauer Straße" StrPLZ="30625" OrtID="1" Merkmal="1" Planquadrat="N&#xD;"/>
  <Strassen StrID="4743" StrName="Sonnenweg" StrPLZ="31275" OrtID="4" Merkmal="1" Planquadrat="N&#xD;"/>
  <Strassen StrID="4744" StrName="Sonnenweg" StrPLZ="34508" OrtID="313" Merkmal="1" Planquadrat="N&#xD;"/>
  <Strassen StrID="4745" StrName="Sophienkamp" StrPLZ="30916" OrtID="21" Merkmal="1" Planquadrat="N&#xD;"/>
  <Strassen StrID="4746" StrName="Sorgerstraße" StrPLZ="31275" OrtID="4" Merkmal="1" Planquadrat="N&#xD;"/>
  <Strassen StrID="4747" StrName="Söseweg" StrPLZ="30851" OrtID="27" Merkmal="1" Planquadrat="N&#xD;"/>
  <Strassen StrID="4749" StrName="Spanndauer Weg" StrPLZ="31141" OrtID="9" Merkmal="1" Planquadrat="N&#xD;"/>
  <Strassen StrID="4756" StrName="Sperbergasse" StrPLZ="31303" OrtID="20" Merkmal="1" Planquadrat="N&#xD;"/>
  <Strassen StrID="4757" StrName="Sperlingsweg" StrPLZ="30827" OrtID="149" Merkmal="1" Planquadrat="N&#xD;"/>
  <Strassen StrID="4758" StrName="Spielburg" StrPLZ="30890" OrtID="2" Merkmal="1" Planquadrat="N&#xD;"/>
  <Strassen StrID="4762" StrName="Spitzwegstraße" StrPLZ="30916" OrtID="21" Merkmal="1" Planquadrat="N&#xD;"/>
  <Strassen StrID="4763" StrName="Spörckenstraße" StrPLZ="29221" OrtID="115" Merkmal="1" Planquadrat="N&#xD;"/>
  <Strassen StrID="4764" StrName="Sportzenwiese" StrPLZ="99359" OrtID="39" Merkmal="1" Planquadrat="N&#xD;"/>
  <Strassen StrID="4766" StrName="St. Anna-Platz" StrPLZ="80538" OrtID="225" Merkmal="1" Planquadrat="N&#xD;"/>
  <Strassen StrID="4767" StrName="St.-Andreas-Straße" StrPLZ="31832" OrtID="278" Merkmal="1" Planquadrat="N&#xD;"/>
  <Strassen StrID="4768" StrName="St.-Cajetan-Straße" StrPLZ="81669" OrtID="225" Merkmal="1" Planquadrat="N&#xD;"/>
  <Strassen StrID="4769" StrName="Stachgrund" StrPLZ="30900" OrtID="25" Merkmal="1" Planquadrat="N&#xD;"/>
  <Strassen StrID="4770" StrName="Stackmannstraße" StrPLZ="31275" OrtID="4" Merkmal="1" Planquadrat="N&#xD;"/>
  <Strassen StrID="4772" StrName="Stadthofer Straße" StrPLZ="76530" OrtID="98" Merkmal="1" Planquadrat="N&#xD;"/>
  <Strassen StrID="4774" StrName="Stadtweg" StrPLZ="30855" OrtID="27" Merkmal="1" Planquadrat="N&#xD;"/>
  <Strassen StrID="4779" StrName="Starenweg" StrPLZ="31275" OrtID="4" Merkmal="1" Planquadrat="N&#xD;"/>
  <Strassen StrID="4782" StrName="Statlinerstraße" StrPLZ="30880" OrtID="200" Merkmal="1" Planquadrat="N&#xD;"/>
  <Strassen StrID="4784" StrName="Steiler Weg" StrPLZ="32049" OrtID="178" Merkmal="1" Planquadrat="N&#xD;"/>
  <Strassen StrID="4787" StrName="Steinberg" StrPLZ="31832" OrtID="278" Merkmal="1" Planquadrat="N&#xD;"/>
  <Strassen StrID="4789" StrName="Steinbockgasse" StrPLZ="30823" OrtID="149" Merkmal="1" Planquadrat="N&#xD;"/>
  <Strassen StrID="4790" StrName="Steinekengang" StrPLZ="30938" OrtID="40" Merkmal="1" Planquadrat="N&#xD;"/>
  <Strassen StrID="4791" StrName="Steinfeldstraße" StrPLZ="30826" OrtID="149" Merkmal="1" Planquadrat="N&#xD;"/>
  <Strassen StrID="4792" StrName="Steinfurther Weg" StrPLZ="24113" OrtID="194" Merkmal="1" Planquadrat="N"/>
  <Strassen StrID="4793" StrName="Steinfurtriede" StrPLZ="31275" OrtID="4" Merkmal="1" Planquadrat="N&#xD;"/>
  <Strassen StrID="4794" StrName="Steinkamp" StrPLZ="31303" OrtID="20" Merkmal="1" Planquadrat="N&#xD;"/>
  <Strassen StrID="4798" StrName="Steintorfeld" StrPLZ="30989" OrtID="5" Merkmal="1" Planquadrat="N&#xD;"/>
  <Strassen StrID="4800" StrName="Steinweg" StrPLZ="30880" OrtID="200" Merkmal="1" Planquadrat="N&#xD;"/>
  <Strassen StrID="4801" StrName="Steinweg" StrPLZ="38723" OrtID="275" Merkmal="1" Planquadrat="N&#xD;"/>
  <Strassen StrID="4802" StrName="Steinwerder Kirchweg" StrPLZ="31275" OrtID="4" Merkmal="1" Planquadrat="N&#xD;"/>
  <Strassen StrID="4803" StrName="Steller Straße" StrPLZ="30916" OrtID="21" Merkmal="1" Planquadrat="N&#xD;"/>
  <Strassen StrID="4804" StrName="Stemmer Straße" StrPLZ="30926" OrtID="6" Merkmal="1" Planquadrat="N&#xD;"/>
  <Strassen StrID="4809" StrName="Sternstraße" StrPLZ="59269" OrtID="99" Merkmal="1" Planquadrat="N&#xD;"/>
  <Strassen StrID="4810" StrName="Stettiner Straße" StrPLZ="31311" OrtID="294" Merkmal="1" Planquadrat="N&#xD;"/>
  <Strassen StrID="4812" StrName="Stiller Winkel" StrPLZ="30900" OrtID="25" Merkmal="1" Planquadrat="N&#xD;"/>
  <Strassen StrID="4813" StrName="Stillestraße" StrPLZ="30916" OrtID="21" Merkmal="1" Planquadrat="N&#xD;"/>
  <Strassen StrID="4816" StrName="Stöckener Straße" StrPLZ="30855" OrtID="27" Merkmal="1" Planquadrat="N&#xD;"/>
  <Strassen StrID="4817" StrName="Stolberger Straße" StrPLZ="50603" OrtID="17" Merkmal="1" Planquadrat="N&#xD;"/>
  <Strassen StrID="4818" StrName="Stolberger Straße" StrPLZ="50933" OrtID="17" Merkmal="1" Planquadrat="N&#xD;"/>
  <Strassen StrID="4822" StrName="Storchenwiese" StrPLZ="30938" OrtID="40" Merkmal="1" Planquadrat="N&#xD;"/>
  <Strassen StrID="4823" StrName="Storchenwiese" StrPLZ="30938" OrtID="40" Merkmal="1" Planquadrat="N&#xD;"/>
  <Strassen StrID="4826" StrName="Stormstraße" StrPLZ="31157" OrtID="268" Merkmal="1" Planquadrat="N&#xD;"/>
  <Strassen StrID="4827" StrName="Stöttebrüggerstraße" StrPLZ="30952" OrtID="3" Merkmal="1" Planquadrat="N&#xD;"/>
  <Strassen StrID="4829" StrName="Straße 341" StrPLZ="13591" OrtID="18" Merkmal="1" Planquadrat="N&#xD;"/>
  <Strassen StrID="4830" StrName="Straße des Großen Freien" StrPLZ="31319" OrtID="276" Merkmal="1" Planquadrat="N&#xD;"/>
  <Strassen StrID="4832" StrName="Stresemannstraße" StrPLZ="59067" OrtID="165" Merkmal="1" Planquadrat="N"/>
  <Strassen StrID="4836" StrName="Stückenfeldstraße" StrPLZ="30880" OrtID="200" Merkmal="1" Planquadrat="N&#xD;"/>
  <Strassen StrID="4838" StrName="Südring" StrPLZ="31311" OrtID="294" Merkmal="1" Planquadrat="N&#xD;"/>
  <Strassen StrID="4840" StrName="Süerser Weg" StrPLZ="30974" OrtID="307" Merkmal="1" Planquadrat="N&#xD;"/>
  <Strassen StrID="4842" StrName="Sülldorfer Kirchenweg" StrPLZ="20099" OrtID="39" Merkmal="1" Planquadrat="N&#xD;"/>
  <Strassen StrID="4843" StrName="Sulzbodenstraße" StrPLZ="30559" OrtID="1" Merkmal="1" Planquadrat="N&#xD;"/>
  <Strassen StrID="4847" StrName="Talstraße" StrPLZ="30880" OrtID="200" Merkmal="1" Planquadrat="N&#xD;"/>
  <Strassen StrID="4848" StrName="Tannenallee" StrPLZ="21465" OrtID="258" Merkmal="1" Planquadrat="N&#xD;"/>
  <Strassen StrID="4849" StrName="Tannenbergstraße" StrPLZ="30982" OrtID="253" Merkmal="1" Planquadrat="N&#xD;"/>
  <Strassen StrID="4850" StrName="Tannenbergweg" StrPLZ="30938" OrtID="40" Merkmal="1" Planquadrat="N&#xD;"/>
  <Strassen StrID="4852" StrName="Tannenweg" StrPLZ="30974" OrtID="307" Merkmal="1" Planquadrat="N&#xD;"/>
  <Strassen StrID="4853" StrName="Tannenweg" StrPLZ="31535" OrtID="22" Merkmal="1" Planquadrat="N&#xD;"/>
  <Strassen StrID="4854" StrName="Tappenstraße" StrPLZ="31134" OrtID="9" Merkmal="1" Planquadrat="N&#xD;"/>
  <Strassen StrID="4855" StrName="Taunusweg" StrPLZ="30851" OrtID="27" Merkmal="1" Planquadrat="N&#xD;"/>
  <Strassen StrID="4858" StrName="Teichstraße" StrPLZ="31141" OrtID="9" Merkmal="1" Planquadrat="N&#xD;"/>
  <Strassen StrID="4859" StrName="Tempelhofer Straße" StrPLZ="30853" OrtID="27" Merkmal="1" Planquadrat="N&#xD;"/>
  <Strassen StrID="4862" StrName="Tetjus-Tügel-Weg" StrPLZ="27432" OrtID="247" Merkmal="1" Planquadrat="N&#xD;"/>
  <Strassen StrID="4866" StrName="Theodor-Fontane-Straße" StrPLZ="30589" OrtID="5" Merkmal="1" Planquadrat="N&#xD;"/>
  <Strassen StrID="4868" StrName="Theodor-Heuss-Straße" StrPLZ="64287" OrtID="118" Merkmal="1" Planquadrat="N&#xD;"/>
  <Strassen StrID="4870" StrName="Thieboldsgasse" StrPLZ="50676" OrtID="17" Merkmal="1" Planquadrat="N&#xD;"/>
  <Strassen StrID="4872" StrName="Thomas-Dehler-Straße" StrPLZ="81737" OrtID="225" Merkmal="1" Planquadrat="N&#xD;"/>
  <Strassen StrID="4873" StrName="Thönser Straße" StrPLZ="30938" OrtID="40" Merkmal="1" Planquadrat="N&#xD;"/>
  <Strassen StrID="4879" StrName="Tiefenriede" StrPLZ="31275" OrtID="4" Merkmal="1" Planquadrat="N&#xD;"/>
  <Strassen StrID="4880" StrName="Tielenweg" StrPLZ="31234" OrtID="128" Merkmal="1" Planquadrat="N&#xD;"/>
  <Strassen StrID="4882" StrName="Tiergartenstraße" StrPLZ="30926" OrtID="6" Merkmal="1" Planquadrat="N&#xD;"/>
  <Strassen StrID="4893" StrName="Transformatorweg" StrPLZ="30916" OrtID="21" Merkmal="1" Planquadrat="N&#xD;"/>
  <Strassen StrID="4897" StrName="Trifftweg" StrPLZ="38850" OrtID="176" Merkmal="1" Planquadrat="N&#xD;"/>
  <Strassen StrID="4900" StrName="Trübauer Weg" StrPLZ="73033" OrtID="156" Merkmal="1" Planquadrat="N&#xD;"/>
  <Strassen StrID="4901" StrName="Tuchmacherweg" StrPLZ="31303" OrtID="20" Merkmal="1" Planquadrat="N&#xD;"/>
  <Strassen StrID="4904" StrName="Twenge Weg" StrPLZ="30855" OrtID="27" Merkmal="1" Planquadrat="N&#xD;"/>
  <Strassen StrID="4906" StrName="Ãœber dem Dorf" StrPLZ="30989" OrtID="5" Merkmal="1" Planquadrat="N&#xD;"/>
  <Strassen StrID="4907" StrName="Uerweg" StrPLZ="30952" OrtID="3" Merkmal="1" Planquadrat="N&#xD;"/>
  <Strassen StrID="4908" StrName="Uferweg" StrPLZ="31180" OrtID="152" Merkmal="1" Planquadrat="N&#xD;"/>
  <Strassen StrID="4911" StrName="Uhlenkamp" StrPLZ="30916" OrtID="21" Merkmal="1" Planquadrat="N&#xD;"/>
  <Strassen StrID="4915" StrName="Ulmenweg" StrPLZ="31275" OrtID="4" Merkmal="1" Planquadrat="N&#xD;"/>
  <Strassen StrID="4916" StrName="Universitätsstraße" StrPLZ="44799" OrtID="104" Merkmal="1" Planquadrat="N&#xD;"/>
  <Strassen StrID="4917" StrName="Unter dem Spring" StrPLZ="31228" OrtID="7" Merkmal="1" Planquadrat="N&#xD;"/>
  <Strassen StrID="4918" StrName="Unter den Eichen" StrPLZ="30938" OrtID="40" Merkmal="1" Planquadrat="N&#xD;"/>
  <Strassen StrID="4919" StrName="Unter den Tannen" StrPLZ="31832" OrtID="278" Merkmal="1" Planquadrat="N&#xD;"/>
  <Strassen StrID="4920" StrName="Unterdorf" StrPLZ="53347" OrtID="75" Merkmal="1" Planquadrat="N&#xD;"/>
  <Strassen StrID="4923" StrName="Utermöhlestraße" StrPLZ="31135" OrtID="9" Merkmal="1" Planquadrat="N&#xD;"/>
  <Strassen StrID="4929" StrName="Veckenhagener Straße" StrPLZ="34233" OrtID="148" Merkmal="1" Planquadrat="N&#xD;"/>
  <Strassen StrID="4930" StrName="Viatisstraße" StrPLZ="90480" OrtID="243" Merkmal="1" Planquadrat="N&#xD;"/>
  <Strassen StrID="4935" StrName="Vogelkamp" StrPLZ="30974" OrtID="307" Merkmal="1" Planquadrat="N&#xD;"/>
  <Strassen StrID="4937" StrName="Volkers Hof" StrPLZ="30890" OrtID="2" Merkmal="1" Planquadrat="N&#xD;"/>
  <Strassen StrID="4941" StrName="Von-Alten-Straße" StrPLZ="30938" OrtID="40" Merkmal="1" Planquadrat="N&#xD;"/>
  <Strassen StrID="4942" StrName="Von-Alten-Straße" StrPLZ="30938" OrtID="40" Merkmal="1" Planquadrat="N&#xD;"/>
  <Strassen StrID="4943" StrName="Von-Ebner-Eschenbach-Ring" StrPLZ="38446" OrtID="315" Merkmal="1" Planquadrat="N&#xD;"/>
  <Strassen StrID="4944" StrName="Von-Eltz-Straße" StrPLZ="30938" OrtID="40" Merkmal="1" Planquadrat="N&#xD;"/>
  <Strassen StrID="4945" StrName="Von-Uttensen-Straße" StrPLZ="31311" OrtID="294" Merkmal="1" Planquadrat="N&#xD;"/>
  <Strassen StrID="4946" StrName="Vor dem Berge" StrPLZ="31553" OrtID="82" Merkmal="1" Planquadrat="N&#xD;"/>
  <Strassen StrID="4947" StrName="Vor dem Celler Tor" StrPLZ="31303" OrtID="20" Merkmal="1" Planquadrat="N&#xD;"/>
  <Strassen StrID="4948" StrName="Vor dem Graben" StrPLZ="30916" OrtID="21" Merkmal="1" Planquadrat="N&#xD;"/>
  <Strassen StrID="4949" StrName="Vor dem Heeßel" StrPLZ="31275" OrtID="4" Merkmal="1" Planquadrat="N&#xD;"/>
  <Strassen StrID="4950" StrName="Vor den Ackern" StrPLZ="30826" OrtID="149" Merkmal="1" Planquadrat="N&#xD;"/>
  <Strassen StrID="4951" StrName="Vor den Furchen" StrPLZ="31157" OrtID="268" Merkmal="1" Planquadrat="N&#xD;"/>
  <Strassen StrID="4952" StrName="Vor den Höfen" StrPLZ="30916" OrtID="21" Merkmal="1" Planquadrat="N&#xD;"/>
  <Strassen StrID="4953" StrName="Vor den Kämpen" StrPLZ="30851" OrtID="27" Merkmal="1" Planquadrat="N&#xD;"/>
  <Strassen StrID="4954" StrName="Vorgelbeckerstraße" StrPLZ="37574" OrtID="133" Merkmal="1" Planquadrat="N&#xD;"/>
  <Strassen StrID="4955" StrName="Vorwerkstraße" StrPLZ="30989" OrtID="5" Merkmal="1" Planquadrat="N&#xD;"/>
  <Strassen StrID="4956" StrName="Voßbergring" StrPLZ="45259" OrtID="42" Merkmal="1" Planquadrat="N&#xD;"/>
  <Strassen StrID="4957" StrName="Wabenweg" StrPLZ="26125" OrtID="248" Merkmal="1" Planquadrat="N"/>
  <Strassen StrID="4958" StrName="Wacholderweg" StrPLZ="30880" OrtID="200" Merkmal="1" Planquadrat="N&#xD;"/>
  <Strassen StrID="4959" StrName="Waimarer Straße" StrPLZ="31319" OrtID="276" Merkmal="1" Planquadrat="N&#xD;"/>
  <Strassen StrID="4960" StrName="Waisenhausdamm" StrPLZ="38100" OrtID="8" Merkmal="1" Planquadrat="N&#xD;"/>
  <Strassen StrID="4965" StrName="Waldsteig" StrPLZ="91564" OrtID="228" Merkmal="1" Planquadrat="N&#xD;"/>
  <Strassen StrID="4967" StrName="Waldstraße" StrPLZ="30974" OrtID="307" Merkmal="1" Planquadrat="N&#xD;"/>
  <Strassen StrID="4968" StrName="Waldstraße" StrPLZ="35287" OrtID="78" Merkmal="1" Planquadrat="N&#xD;"/>
  <Strassen StrID="4969" StrName="Waldstraße" StrPLZ="4105" OrtID="208" Merkmal="1" Planquadrat="N"/>
  <Strassen StrID="4973" StrName="Walsroder Straße" StrPLZ="30851" OrtID="27" Merkmal="1" Planquadrat="N&#xD;"/>
  <Strassen StrID="4977" StrName="Waltersweg" StrPLZ="30916" OrtID="21" Merkmal="1" Planquadrat="N&#xD;"/>
  <Strassen StrID="4982" StrName="Waterkampstraße" StrPLZ="31234" OrtID="128" Merkmal="1" Planquadrat="N&#xD;"/>
  <Strassen StrID="4985" StrName="Weberstraße" StrPLZ="31787" OrtID="19" Merkmal="1" Planquadrat="N&#xD;"/>
  <Strassen StrID="4986" StrName="Weberstraße" StrPLZ="60318" OrtID="41" Merkmal="1" Planquadrat="N&#xD;"/>
  <Strassen StrID="4991" StrName="Wedemarkstraße" StrPLZ="30855" OrtID="27" Merkmal="1" Planquadrat="N&#xD;"/>
  <Strassen StrID="4993" StrName="Weetzener Landstraße" StrPLZ="30966" OrtID="13" Merkmal="1" Planquadrat="N&#xD;"/>
  <Strassen StrID="4997" StrName="Weidenstraße" StrPLZ="30916" OrtID="21" Merkmal="1" Planquadrat="N&#xD;"/>
  <Strassen StrID="4998" StrName="Weidenstraße" StrPLZ="31582" OrtID="237" Merkmal="1" Planquadrat="N&#xD;"/>
  <Strassen StrID="4999" StrName="Weidestraße" StrPLZ="23774" OrtID="175" Merkmal="1" Planquadrat="N&#xD;"/>
  <Strassen StrID="5004" StrName="Weilersbachweg" StrPLZ="79100" OrtID="16" Merkmal="1" Planquadrat="N&#xD;"/>
  <Strassen StrID="5009" StrName="Welfenallee" StrPLZ="29225" OrtID="115" Merkmal="1" Planquadrat="N&#xD;"/>
  <Strassen StrID="5012" StrName="Wennebosteler Kirchweg" StrPLZ="30900" OrtID="25" Merkmal="1" Planquadrat="N&#xD;"/>
  <Strassen StrID="5013" StrName="Wennigser Straße" StrPLZ="30974" OrtID="307" Merkmal="1" Planquadrat="N&#xD;"/>
  <Strassen StrID="5014" StrName="Werlahweg" StrPLZ="30916" OrtID="21" Merkmal="1" Planquadrat="N&#xD;"/>
  <Strassen StrID="5015" StrName="Werner-von-Siemens-Straße" StrPLZ="30974" OrtID="307" Merkmal="1" Planquadrat="N&#xD;"/>
  <Strassen StrID="5017" StrName="Westenholz" StrPLZ="29664" OrtID="304" Merkmal="1" Planquadrat="N&#xD;"/>
  <Strassen StrID="5018" StrName="Westerbach" StrPLZ="37671" OrtID="187" Merkmal="1" Planquadrat="N&#xD;"/>
  <Strassen StrID="5019" StrName="Westerbraker Straße" StrPLZ="37619" OrtID="195" Merkmal="1" Planquadrat="N&#xD;"/>
  <Strassen StrID="5020" StrName="Westerende" StrPLZ="31275" OrtID="4" Merkmal="1" Planquadrat="N&#xD;"/>
  <Strassen StrID="5022" StrName="Westerwinkel" StrPLZ="30926" OrtID="6" Merkmal="1" Planquadrat="N&#xD;"/>
  <Strassen StrID="5023" StrName="Westfalendamm" StrPLZ="44141" OrtID="125" Merkmal="1" Planquadrat="N&#xD;"/>
  <Strassen StrID="5026" StrName="Wetzler Hasenpfad" StrPLZ="60598" OrtID="41" Merkmal="1" Planquadrat="N&#xD;"/>
  <Strassen StrID="5028" StrName="Widdergasse" StrPLZ="30823" OrtID="149" Merkmal="1" Planquadrat="N&#xD;"/>
  <Strassen StrID="5031" StrName="Wielohweg" StrPLZ="30938" OrtID="147" Merkmal="1" Planquadrat="N&#xD;"/>
  <Strassen StrID="5033" StrName="Wiesenstraße" StrPLZ="30880" OrtID="200" Merkmal="1" Planquadrat="N&#xD;"/>
  <Strassen StrID="5035" StrName="Wieterfeld" StrPLZ="37154" OrtID="239" Merkmal="1" Planquadrat="N&#xD;"/>
  <Strassen StrID="5038" StrName="Wiksheide" StrPLZ="30459" OrtID="1" Merkmal="1" Planquadrat="N&#xD;"/>
  <Strassen StrID="5039" StrName="Wildkanzelweg" StrPLZ="13465" OrtID="18" Merkmal="1" Planquadrat="N&#xD;"/>
  <Strassen StrID="5040" StrName="Wilferdinger Straße" StrPLZ="75179" OrtID="255" Merkmal="1" Planquadrat="N&#xD;"/>
  <Strassen StrID="5043" StrName="Wilhelm-Busch-Straße" StrPLZ="30989" OrtID="5" Merkmal="1" Planquadrat="N&#xD;"/>
  <Strassen StrID="5044" StrName="Wilhelm-Henzen-Straße" StrPLZ="31275" OrtID="4" Merkmal="1" Planquadrat="N&#xD;"/>
  <Strassen StrID="5045" StrName="Wilhelmstraße" StrPLZ="35392" OrtID="154" Merkmal="1" Planquadrat="N&#xD;"/>
  <Strassen StrID="5046" StrName="Wilhelm-Straße" StrPLZ="79098" OrtID="16" Merkmal="1" Planquadrat="N&#xD;"/>
  <Strassen StrID="5051" StrName="Windmühlenstraße" StrPLZ="31311" OrtID="294" Merkmal="1" Planquadrat="N&#xD;"/>
  <Strassen StrID="5052" StrName="Windmühlenstraße" StrPLZ="31655" OrtID="32" Merkmal="1" Planquadrat="N&#xD;"/>
  <Strassen StrID="5054" StrName="Winzeldorfer Weg" StrPLZ="20251" OrtID="39" Merkmal="1" Planquadrat="N&#xD;"/>
  <Strassen StrID="5059" StrName="Wohldamm" StrPLZ="30855" OrtID="27" Merkmal="1" Planquadrat="N&#xD;"/>
  <Strassen StrID="5060" StrName="Wöhrbergweg" StrPLZ="31234" OrtID="128" Merkmal="1" Planquadrat="N&#xD;"/>
  <Strassen StrID="5063" StrName="Wollgartenstraße" StrPLZ="31303" OrtID="20" Merkmal="1" Planquadrat="N&#xD;"/>
  <Strassen StrID="5064" StrName="Wrangelstraße" StrPLZ="24539" OrtID="231" Merkmal="1" Planquadrat="N&#xD;"/>
  <Strassen StrID="5065" StrName="Wülfelroder Straße" StrPLZ="30880" OrtID="200" Merkmal="1" Planquadrat="N&#xD;"/>
  <Strassen StrID="5069" StrName="Wullwinkel" StrPLZ="30823" OrtID="149" Merkmal="1" Planquadrat="N&#xD;"/>
  <Strassen StrID="5073" StrName="Wunstorfer Straße" StrPLZ="31535" OrtID="22" Merkmal="1" Planquadrat="N&#xD;"/>
  <Strassen StrID="5074" StrName="Würzburger Straße" StrPLZ="30880" OrtID="200" Merkmal="1" Planquadrat="N&#xD;"/>
  <Strassen StrID="5075" StrName="Yobstkamp" StrPLZ="30855" OrtID="27" Merkmal="1" Planquadrat="N&#xD;"/>
  <Strassen StrID="5077" StrName="Zehlendorfer Straße" StrPLZ="30982" OrtID="253" Merkmal="1" Planquadrat="N&#xD;"/>
  <Strassen StrID="5078" StrName="Zehntweg" StrPLZ="30827" OrtID="149" Merkmal="1" Planquadrat="N&#xD;"/>
  <Strassen StrID="5081" StrName="Zeißstraße" StrPLZ="30916" OrtID="21" Merkmal="1" Planquadrat="N&#xD;"/>
  <Strassen StrID="5083" StrName="Zeughausstraße" StrPLZ="54292" OrtID="292" Merkmal="1" Planquadrat="N&#xD;"/>
  <Strassen StrID="5084" StrName="Ziegeleistraße" StrPLZ="30880" OrtID="200" Merkmal="1" Planquadrat="N&#xD;"/>
  <Strassen StrID="5085" StrName="Ziegeleiweg" StrPLZ="30900" OrtID="25" Merkmal="1" Planquadrat="N&#xD;"/>
  <Strassen StrID="5088" StrName="Zilleweg" StrPLZ="31303" OrtID="20" Merkmal="1" Planquadrat="N&#xD;"/>
  <Strassen StrID="5089" StrName="Zimmermannweg" StrPLZ="30539" OrtID="1" Merkmal="1" Planquadrat="N&#xD;"/>
  <Strassen StrID="5090" StrName="Zingel" StrPLZ="31134" OrtID="9" Merkmal="1" Planquadrat="N&#xD;"/>
  <Strassen StrID="5093" StrName="Zollinland" StrPLZ="27576" OrtID="110" Merkmal="1" Planquadrat="N&#xD;"/>
  <Strassen StrID="5094" StrName="Zum Ackern" StrPLZ="31275" OrtID="4" Merkmal="1" Planquadrat="N&#xD;"/>
  <Strassen StrID="5095" StrName="Zum Blauen See" StrPLZ="31275" OrtID="4" Merkmal="1" Planquadrat="N&#xD;"/>
  <Strassen StrID="5096" StrName="Zum großen Freien" StrPLZ="31275" OrtID="4" Merkmal="1" Planquadrat="N&#xD;"/>
  <Strassen StrID="5097" StrName="Zum Gut Herzford" StrPLZ="49808" OrtID="212" Merkmal="1" Planquadrat="N&#xD;"/>
  <Strassen StrID="5098" StrName="Zum Hämelerwald" StrPLZ="31275" OrtID="4" Merkmal="1" Planquadrat="N&#xD;"/>
  <Strassen StrID="5099" StrName="Zum Moore" StrPLZ="31191" OrtID="76" Merkmal="1" Planquadrat="N&#xD;"/>
  <Strassen StrID="5100" StrName="Zum Oberntor" StrPLZ="31832" OrtID="278" Merkmal="1" Planquadrat="N&#xD;"/>
  <Strassen StrID="5101" StrName="Zum See" StrPLZ="33175" OrtID="88" Merkmal="1" Planquadrat="N&#xD;"/>
  <Strassen StrID="5103" StrName="Zur Hasselklink" StrPLZ="29229" OrtID="115" Merkmal="1" Planquadrat="N&#xD;"/>
  <Strassen StrID="5104" StrName="Zur Papenkuhle" StrPLZ="31303" OrtID="20" Merkmal="1" Planquadrat="N&#xD;"/>
  <Strassen StrID="5105" StrName="Zur St. Georg Kapelle" StrPLZ="31867" OrtID="219" Merkmal="1" Planquadrat="N&#xD;"/>
  <Strassen StrID="5107" StrName="Zur Wildtränke" StrPLZ="31275" OrtID="4" Merkmal="1" Planquadrat="N&#xD;"/>
  <Strassen StrID="5121" StrName="Albert- Schweizer-Straße" StrPLZ="30880" OrtID="200" Merkmal="1" Planquadrat="N&#xD;"/>
  <Strassen StrID="5122" StrName="Alter Postweg" StrPLZ="30900" OrtID="25" Merkmal="1" Planquadrat="N&#xD;"/>
  <Strassen StrID="5125" StrName="Am Markt" StrPLZ="30938" OrtID="40" Merkmal="1" Planquadrat="N&#xD;"/>
  <Strassen StrID="5126" StrName="Am Pfarrkamp" StrPLZ="31832" OrtID="278" Merkmal="1" Planquadrat="N&#xD;"/>
  <Strassen StrID="5127" StrName="Amselweg" StrPLZ="30900" OrtID="25" Merkmal="1" Planquadrat="N&#xD;"/>
  <Strassen StrID="5128" StrName="An der Eiche" OrtID="329" Merkmal="1" Planquadrat="N&#xD;"/>
  <Strassen StrID="5129" StrName="An der Zuckerfabrik" StrPLZ="31832" OrtID="34" Merkmal="1" Planquadrat="N&#xD;"/>
  <Strassen StrID="5130" StrName="Auf der Horst" StrPLZ="30823" OrtID="149" Merkmal="1" Planquadrat="N&#xD;"/>
  <Strassen StrID="5131" StrName="Bargfelder Straße" StrPLZ="29351" OrtID="326" Merkmal="1" Planquadrat="N&#xD;"/>
  <Strassen StrID="5132" StrName="Beerenweg" StrPLZ="31275" OrtID="4" Merkmal="1" Planquadrat="N&#xD;"/>
  <Strassen StrID="5134" StrName="Berenbosteler Straße" StrPLZ="30823" OrtID="149" Merkmal="1" Planquadrat="N&#xD;"/>
  <Strassen StrID="5135" StrName="Bergstraße" StrPLZ="45768" OrtID="335" Merkmal="1" Planquadrat="N&#xD;"/>
  <Strassen StrID="5136" StrName="Binsenweg" StrPLZ="30916" OrtID="332" Merkmal="1" Planquadrat="N&#xD;"/>
  <Strassen StrID="5137" StrName="Birkenweg" StrPLZ="30827" OrtID="149" Merkmal="1" Planquadrat="N&#xD;"/>
  <Strassen StrID="5138" StrName="Bodetalweg" StrPLZ="30419" OrtID="1" Merkmal="1" Planquadrat="N&#xD;"/>
  <Strassen StrID="5139" StrName="Böhmsche Wiesen" StrPLZ="30926" OrtID="6" Merkmal="1" Planquadrat="N&#xD;"/>
  <Strassen StrID="5141" StrName="Breite Straße" StrPLZ="6484" OrtID="336" Merkmal="1" Planquadrat="N&#xD;"/>
  <Strassen StrID="5143" StrName="Bussardweg" StrPLZ="30900" OrtID="25" Merkmal="1" Planquadrat="N&#xD;"/>
  <Strassen StrID="5146" StrName="Dormannstraße" StrPLZ="30459" OrtID="1" Merkmal="1" Planquadrat="N&#xD;"/>
  <Strassen StrID="5149" StrName="Ehlersstraße" StrPLZ="30853" OrtID="27" Merkmal="1" Planquadrat="N&#xD;"/>
  <Strassen StrID="5152" StrName="Erst-Kohlrautz-Straße" StrPLZ="30827" OrtID="149" Merkmal="1" Planquadrat="N&#xD;"/>
  <Strassen StrID="5154" StrName="Feldstraße" StrPLZ="31275" OrtID="4" Merkmal="1" Planquadrat="N&#xD;"/>
  <Strassen StrID="5159" StrName="Friederikenplatz" StrPLZ="30169" OrtID="1" Merkmal="1" Planquadrat="N&#xD;"/>
  <Strassen StrID="5161" StrName="Fritz-Reuter-Straße" StrPLZ="30916" OrtID="21" Merkmal="1" Planquadrat="N&#xD;"/>
  <Strassen StrID="5162" StrName="Georgstraße" StrPLZ="30827" OrtID="149" Merkmal="1" Planquadrat="N&#xD;"/>
  <Strassen StrID="5163" StrName="Gertrud-Kochanowski-Weg" StrPLZ="30966" OrtID="13" Merkmal="1" Planquadrat="N&#xD;"/>
  <Strassen StrID="5166" StrName="Gubiner Straße" StrPLZ="30880" OrtID="200" Merkmal="1" Planquadrat="N&#xD;"/>
  <Strassen StrID="5168" StrName="Hainhäuser Weg" StrPLZ="30855" OrtID="27" Merkmal="1" Planquadrat="N&#xD;"/>
  <Strassen StrID="5169" StrName="Hannoversche Straße" StrPLZ="30938" OrtID="40" Merkmal="1" Planquadrat="N&#xD;"/>
  <Strassen StrID="5172" StrName="Heideweg" StrPLZ="30916" OrtID="325" Merkmal="1" Planquadrat="N&#xD;"/>
  <Strassen StrID="5174" StrName="Heisterkamp" StrPLZ="30966" OrtID="13" Merkmal="1" Planquadrat="N&#xD;"/>
  <Strassen StrID="5182" StrName="Im Walde" StrPLZ="30900" OrtID="25" Merkmal="1" Planquadrat="N&#xD;"/>
  <Strassen StrID="5184" StrName="Im Weidengrund" StrPLZ="31275" OrtID="4" Merkmal="1" Planquadrat="N&#xD;"/>
  <Strassen StrID="5185" StrName="In den Kämmern" StrPLZ="31303" OrtID="20" Merkmal="1" Planquadrat="N&#xD;"/>
  <Strassen StrID="5186" StrName="In der Tiefenriede" StrPLZ="30173" OrtID="1" Merkmal="1" Planquadrat="N&#xD;"/>
  <Strassen StrID="5187" StrName="Julius-Fengler-Straße" StrPLZ="30880" OrtID="200" Merkmal="1" Planquadrat="N&#xD;"/>
  <Strassen StrID="5189" StrName="Katzenwinkel" StrPLZ="30966" OrtID="328" Merkmal="1" Planquadrat="N&#xD;"/>
  <Strassen StrID="5191" StrName="Kirchlahe" StrPLZ="31275" OrtID="4" Merkmal="1" Planquadrat="N&#xD;"/>
  <Strassen StrID="5192" StrName="Köhlerheide" StrPLZ="31275" OrtID="4" Merkmal="1" Planquadrat="N&#xD;"/>
  <Strassen StrID="5193" StrName="Krähenbergstraße" StrPLZ="30855" OrtID="27" Merkmal="1" Planquadrat="N&#xD;"/>
  <Strassen StrID="5195" StrName="Lachnerring" StrPLZ="31177" OrtID="9" Merkmal="1" Planquadrat="N&#xD;"/>
  <Strassen StrID="5201" StrName="Lortzingweg" StrPLZ="30880" OrtID="200" Merkmal="1" Planquadrat="N&#xD;"/>
  <Strassen StrID="5205" StrName="Mühlenweg" StrPLZ="29358" OrtID="132" Merkmal="1" Planquadrat="N&#xD;"/>
  <Strassen StrID="5211" StrName="Richtung Ortsausgang Uetze" StrPLZ="31311" OrtID="294" Merkmal="1" Planquadrat="N&#xD;"/>
  <Strassen StrID="5212" StrName="Rudolf-Diesel-Straße" StrPLZ="31311" OrtID="294" Merkmal="1" Planquadrat="N&#xD;"/>
  <Strassen StrID="5214" StrName="Sandweg" StrPLZ="31275" OrtID="4" Merkmal="1" Planquadrat="N&#xD;"/>
  <Strassen StrID="5216" StrName="Schachtstraße" StrPLZ="4155" OrtID="208" Merkmal="1" Planquadrat="N"/>
  <Strassen StrID="5221" StrName="Seerosenstraße" StrPLZ="30916" OrtID="21" Merkmal="1" Planquadrat="N&#xD;"/>
  <Strassen StrID="5222" StrName="Sonnenallee" StrPLZ="30916" OrtID="21" Merkmal="1" Planquadrat="N&#xD;"/>
  <Strassen StrID="5223" StrName="Sonnenweg" StrPLZ="30851" OrtID="27" Merkmal="1" Planquadrat="N&#xD;"/>
  <Strassen StrID="5227" StrName="Steinwedeler Kirchweg" StrPLZ="31275" OrtID="4" Merkmal="1" Planquadrat="N&#xD;"/>
  <Strassen StrID="5228" StrName="Sternstraße" StrPLZ="39104" OrtID="216" Merkmal="1" Planquadrat="N&#xD;"/>
  <Strassen StrID="5234" StrName="Walsroder Straße" StrPLZ="30855" OrtID="27" Merkmal="1" Planquadrat="N&#xD;"/>
  <Strassen StrID="5237" StrName="Weidenweg" StrPLZ="30952" OrtID="3" Merkmal="1" Planquadrat="N&#xD;"/>
  <Strassen StrID="5238" StrName="Witten Legden" StrPLZ="31311" OrtID="166" Merkmal="1" Planquadrat="N&#xD;"/>
  <Strassen StrID="5464" StrName="Im Bauverein" StrPLZ="30926" OrtID="6" Merkmal="1" Planquadrat="N&#xD;"/>
  <Strassen StrID="5510" StrName="Postfach" StrPLZ="38501" OrtID="155" Merkmal="1" Planquadrat="N&#xD;"/>
  <Strassen StrID="5515" StrName="Velsterstraße" StrPLZ="30952" OrtID="3" Merkmal="1" Planquadrat="N&#xD;"/>
  <Strassen StrID="5517" StrName="Walshausen" StrPLZ="31162" OrtID="95" Merkmal="1" Planquadrat="N&#xD;"/>
  <Strassen StrID="5518" StrName="Berliner Straße" StrPLZ="30952" OrtID="3" Merkmal="1" Planquadrat="N&#xD;"/>
  <Strassen StrID="5519" StrName="Grenzheide" StrPLZ="30853" OrtID="27" Merkmal="1" Planquadrat="N&#xD;"/>
  <Strassen StrID="5520" StrName="Eulenkamp" StrPLZ="30966" OrtID="13" Merkmal="1" Planquadrat="N&#xD;"/>
  <Strassen StrID="5522" StrName="Vogel von Falkensteinstraße" StrPLZ="48151" OrtID="45" Merkmal="1" Planquadrat="N&#xD;"/>
  <Strassen StrID="5524" StrName="Edith-Stein-Straße" StrPLZ="30823" OrtID="149" Merkmal="1" Planquadrat="N&#xD;"/>
  <Strassen StrID="5525" StrName="Celler Straße" StrPLZ="29690" OrtID="273" Merkmal="1" Planquadrat="N&#xD;"/>
  <Strassen StrID="5526" StrName="Bahnhofstraße" StrPLZ="32805" OrtID="338" Merkmal="1" Planquadrat="N&#xD;"/>
  <Strassen StrID="5527" StrName="Vehlener Straße" StrPLZ="31683" OrtID="246" Merkmal="1" Planquadrat="N&#xD;"/>
  <Strassen StrID="5530" StrName="Aachener Straße" StrPLZ="30173" OrtID="1" Merkmal="1" Planquadrat="N&#xD;"/>
  <Strassen StrID="5531" StrName="Aalborghof" StrPLZ="30457" OrtID="1" Merkmal="1" Planquadrat="N&#xD;"/>
  <Strassen StrID="5532" StrName="Aarhushof" StrPLZ="30457" OrtID="1" Merkmal="1" Planquadrat="N&#xD;"/>
  <Strassen StrID="5533" StrName="Abbestraße" StrPLZ="30519" OrtID="1" Merkmal="1" Planquadrat="N&#xD;"/>
  <Strassen StrID="5534" StrName="Achenbachstraße" StrPLZ="30655" OrtID="1" Merkmal="1" Planquadrat="N&#xD;"/>
  <Strassen StrID="5535" StrName="Achtermannweg" StrPLZ="30419" OrtID="1" Merkmal="1" Planquadrat="N&#xD;"/>
  <Strassen StrID="5537" StrName="Ackerweg" StrPLZ="30657" OrtID="1" Merkmal="1" Planquadrat="N&#xD;"/>
  <Strassen StrID="5538" StrName="Adenauerallee" StrPLZ="30175" OrtID="1" Merkmal="1" Planquadrat="N&#xD;"/>
  <Strassen StrID="5539" StrName="Adickesstraße" StrPLZ="30173" OrtID="1" Merkmal="1" Planquadrat="N&#xD;"/>
  <Strassen StrID="5542" StrName="Adolfstraße" StrPLZ="30169" OrtID="1" Merkmal="1" Planquadrat="N&#xD;"/>
  <Strassen StrID="5543" StrName="Aegidiendamm" StrPLZ="30169" OrtID="1" Merkmal="1" Planquadrat="N&#xD;"/>
  <Strassen StrID="5544" StrName="Aegidienkirchhof" StrPLZ="30159" OrtID="1" Merkmal="1" Planquadrat="N&#xD;"/>
  <Strassen StrID="5545" StrName="Agnes-Asche-Weg" StrPLZ="30457" OrtID="1" Merkmal="1" Planquadrat="N&#xD;"/>
  <Strassen StrID="5546" StrName="Ahldener Straße" StrPLZ="30625" OrtID="1" Merkmal="1" Planquadrat="N&#xD;"/>
  <Strassen StrID="5547" StrName="Am Ahlemer Holz" StrPLZ="30453" OrtID="1" Merkmal="1" Planquadrat="N&#xD;"/>
  <Strassen StrID="5548" StrName="Ahlemer Straße" StrPLZ="30451" OrtID="1" Merkmal="1" Planquadrat="N&#xD;"/>
  <Strassen StrID="5549" StrName="Ahlemer Turm" StrPLZ="30453" OrtID="1" Merkmal="1" Planquadrat="N&#xD;"/>
  <Strassen StrID="5550" StrName="Ahlemer Waldstraße" StrPLZ="30453" OrtID="1" Merkmal="1" Planquadrat="N&#xD;"/>
  <Strassen StrID="5551" StrName="Ahltener Weg" StrPLZ="30419" OrtID="1" Merkmal="1" Planquadrat="N&#xD;"/>
  <Strassen StrID="5552" StrName="Ahornstraße" StrPLZ="30519" OrtID="1" Merkmal="1" Planquadrat="N&#xD;"/>
  <Strassen StrID="5553" StrName="Ahrbergstraße" StrPLZ="30449" OrtID="1" Merkmal="1" Planquadrat="N&#xD;"/>
  <Strassen StrID="5555" StrName="Ahrensburger Straße" StrPLZ="30659" OrtID="1" Merkmal="1" Planquadrat="N&#xD;"/>
  <Strassen StrID="5556" StrName="Akazienstraße" StrPLZ="30169" OrtID="1" Merkmal="1" Planquadrat="N&#xD;"/>
  <Strassen StrID="5557" StrName="Alabasterweg" StrPLZ="30455" OrtID="1" Merkmal="1" Planquadrat="N&#xD;"/>
  <Strassen StrID="5558" StrName="Albert-Niemann-Straße" StrPLZ="30171" OrtID="1" Merkmal="1" Planquadrat="N&#xD;"/>
  <Strassen StrID="5559" StrName="Albert-Schweitzer-Hof" StrPLZ="30559" OrtID="1" Merkmal="1" Planquadrat="N&#xD;"/>
  <Strassen StrID="5560" StrName="Albrecht-Schaeffer-Weg" StrPLZ="30455" OrtID="1" Merkmal="1" Planquadrat="N&#xD;"/>
  <Strassen StrID="5561" StrName="Alexander-Aue-Weg" StrPLZ="30453" OrtID="1" Merkmal="1" Planquadrat="N&#xD;"/>
  <Strassen StrID="5562" StrName="Alexanderstraße" StrPLZ="30159" OrtID="1" Merkmal="1" Planquadrat="N&#xD;"/>
  <Strassen StrID="5563" StrName="Alexis-Carrel-Straße" StrPLZ="30625" OrtID="1" Merkmal="1" Planquadrat="N&#xD;"/>
  <Strassen StrID="5565" StrName="Alfred-Wilm-Straße" StrPLZ="30453" OrtID="1" Merkmal="1" Planquadrat="N&#xD;"/>
  <Strassen StrID="5566" StrName="Algermissener Straße" StrPLZ="30519" OrtID="1" Merkmal="1" Planquadrat="N&#xD;"/>
  <Strassen StrID="5567" StrName="Alleehof" StrPLZ="30167" OrtID="1" Merkmal="1" Planquadrat="N&#xD;"/>
  <Strassen StrID="5568" StrName="Allensteiner Weg" StrPLZ="30657" OrtID="1" Merkmal="1" Planquadrat="N&#xD;"/>
  <Strassen StrID="5570" StrName="Allerstraße" StrPLZ="30519" OrtID="1" Merkmal="1" Planquadrat="N&#xD;"/>
  <Strassen StrID="5572" StrName="Almrothstraße" StrPLZ="30519" OrtID="1" Merkmal="1" Planquadrat="N&#xD;"/>
  <Strassen StrID="5573" StrName="Alpershof" StrPLZ="30455" OrtID="1" Merkmal="1" Planquadrat="N&#xD;"/>
  <Strassen StrID="5574" StrName="Alt-Vinnhorst" StrPLZ="30419" OrtID="1" Merkmal="1" Planquadrat="N&#xD;"/>
  <Strassen StrID="5575" StrName="Alte Celler Heerstraße" StrPLZ="30161" OrtID="1" Merkmal="1" Planquadrat="N&#xD;"/>
  <Strassen StrID="5576" StrName="Alte Döhrener Straße" StrHausBereich="25-Ende,28-Ende" StrPLZ="30173" OrtID="1" Merkmal="1" Planquadrat="N&#xD;"/>
  <Strassen StrID="5577" StrName="Alte Gehägestraße" StrPLZ="30627" OrtID="1" Merkmal="1" Planquadrat="N&#xD;"/>
  <Strassen StrID="5578" StrName="Alte Heide" StrPLZ="30657" OrtID="1" Merkmal="1" Planquadrat="N&#xD;"/>
  <Strassen StrID="5579" StrName="Alte Kronsbergstraße" StrPLZ="30521" OrtID="1" Merkmal="1" Planquadrat="N&#xD;"/>
  <Strassen StrID="5580" StrName="Alte Peiner Heerstraße" StrHausBereich="1-149,2-148" StrPLZ="30659" OrtID="1" Merkmal="1" Planquadrat="N&#xD;"/>
  <Strassen StrID="5581" StrName="Alte Peiner Heerstraße" StrHausBereich="150-160,170" StrPLZ="30629" OrtID="1" Merkmal="1" Planquadrat="N&#xD;"/>
  <Strassen StrID="5582" StrName="Alte Schmiede" StrPLZ="30629" OrtID="1" Merkmal="1" Planquadrat="N&#xD;"/>
  <Strassen StrID="5583" StrName="Alte Speicherstraße" StrPLZ="30453" OrtID="1" Merkmal="1" Planquadrat="N&#xD;"/>
  <Strassen StrID="5584" StrName="Alte Ziegelei" StrPLZ="30419" OrtID="1" Merkmal="1" Planquadrat="N&#xD;"/>
  <Strassen StrID="5587" StrName="Am Alten Forsthaus" StrPLZ="30629" OrtID="1" Merkmal="1" Planquadrat="N&#xD;"/>
  <Strassen StrID="5588" StrName="Am Alten Friedhof" StrPLZ="30629" OrtID="1" Merkmal="1" Planquadrat="N&#xD;"/>
  <Strassen StrID="5589" StrName="Am Alten Gehäge" StrPLZ="30657" OrtID="1" Merkmal="1" Planquadrat="N&#xD;"/>
  <Strassen StrID="5592" StrName="Altenauer Weg" StrPLZ="30419" OrtID="1" Merkmal="1" Planquadrat="N&#xD;"/>
  <Strassen StrID="5594" StrName="Altmarkhof" StrPLZ="30179" OrtID="1" Merkmal="1" Planquadrat="N&#xD;"/>
  <Strassen StrID="5595" StrName="Alveser Weg" StrPLZ="30419" OrtID="1" Merkmal="1" Planquadrat="N&#xD;"/>
  <Strassen StrID="5596" StrName="Am Ahlemer Turm" StrPLZ="30453" OrtID="1" Merkmal="1" Planquadrat="N&#xD;"/>
  <Strassen StrID="5599" StrName="Am Annateich" StrPLZ="30625" OrtID="1" Merkmal="1" Planquadrat="N&#xD;"/>
  <Strassen StrID="5600" StrName="Am Archiv" StrPLZ="30169" OrtID="1" Merkmal="1" Planquadrat="N&#xD;"/>
  <Strassen StrID="5601" StrName="Am Asphaltberge" StrPLZ="30453" OrtID="1" Merkmal="1" Planquadrat="N&#xD;"/>
  <Strassen StrID="5602" StrName="Am Bache" StrPLZ="30559" OrtID="1" Merkmal="1" Planquadrat="N&#xD;"/>
  <Strassen StrID="5603" StrName="Am Bahndamm" StrPLZ="30453" OrtID="1" Merkmal="1" Planquadrat="N&#xD;"/>
  <Strassen StrID="5604" StrName="Am Birkenwäldchen" StrPLZ="30629" OrtID="1" Merkmal="1" Planquadrat="N&#xD;"/>
  <Strassen StrID="5605" StrName="Am Blauen See" StrPLZ="30629" OrtID="1" Merkmal="1" Planquadrat="N&#xD;"/>
  <Strassen StrID="5606" StrName="Am Bokemahle" StrPLZ="30171" OrtID="1" Merkmal="1" Planquadrat="N&#xD;"/>
  <Strassen StrID="5607" StrName="Am Brabrinke" StrPLZ="30519" OrtID="1" Merkmal="1" Planquadrat="N&#xD;"/>
  <Strassen StrID="5608" StrName="Am Brambusch" StrPLZ="30657" OrtID="1" Merkmal="1" Planquadrat="N&#xD;"/>
  <Strassen StrID="5609" StrName="Am Brinker Hafen" StrPLZ="30179" OrtID="1" Merkmal="1" Planquadrat="N&#xD;"/>
  <Strassen StrID="5610" StrName="Am Brombeerhag" StrPLZ="30459" OrtID="1" Merkmal="1" Planquadrat="N&#xD;"/>
  <Strassen StrID="5611" StrName="Am Brückenhaus" StrPLZ="30519" OrtID="1" Merkmal="1" Planquadrat="N&#xD;"/>
  <Strassen StrID="5612" StrName="Am Büchenberge" StrPLZ="30453" OrtID="1" Merkmal="1" Planquadrat="N&#xD;"/>
  <Strassen StrID="5613" StrName="Am Deichhof" StrPLZ="30459" OrtID="1" Merkmal="1" Planquadrat="N&#xD;"/>
  <Strassen StrID="5614" StrName="Am Dennenkamp" StrPLZ="30521" OrtID="1" Merkmal="1" Planquadrat="N&#xD;"/>
  <Strassen StrID="5615" StrName="Am Dornbusch" StrPLZ="30453" OrtID="1" Merkmal="1" Planquadrat="N&#xD;"/>
  <Strassen StrID="5616" StrName="Am Edelhofe" StrPLZ="30459" OrtID="1" Merkmal="1" Planquadrat="N&#xD;"/>
  <Strassen StrID="5617" StrName="Am Eikskamp" StrPLZ="30453" OrtID="1" Merkmal="1" Planquadrat="N&#xD;"/>
  <Strassen StrID="5619" StrName="Am Eisenwerk" StrPLZ="30519" OrtID="1" Merkmal="1" Planquadrat="N&#xD;"/>
  <Strassen StrID="5620" StrName="Am Fahrhorstfelde" StrPLZ="30629" OrtID="1" Merkmal="1" Planquadrat="N&#xD;"/>
  <Strassen StrID="5621" StrName="Am Fasanenbusch" StrPLZ="30657" OrtID="1" Merkmal="1" Planquadrat="N&#xD;"/>
  <Strassen StrID="5622" StrName="Am Finkenherd" StrPLZ="30459" OrtID="1" Merkmal="1" Planquadrat="N&#xD;"/>
  <Strassen StrID="5623" StrName="Am Flachsgraben" StrPLZ="30657" OrtID="1" Merkmal="1" Planquadrat="N&#xD;"/>
  <Strassen StrID="5624" StrName="Am Flöth" StrPLZ="30629" OrtID="1" Merkmal="1" Planquadrat="N&#xD;"/>
  <Strassen StrID="5625" StrName="Am Forstkamp" StrPLZ="30629" OrtID="1" Merkmal="1" Planquadrat="N&#xD;"/>
  <Strassen StrID="5626" StrName="Am Freihof" StrPLZ="30657" OrtID="1" Merkmal="1" Planquadrat="N&#xD;"/>
  <Strassen StrID="5627" StrName="Am Friedenstal" StrPLZ="30627" OrtID="1" Merkmal="1" Planquadrat="N&#xD;"/>
  <Strassen StrID="5628" StrName="Am Fuhrenkampe" StrPLZ="30419" OrtID="1" Merkmal="1" Planquadrat="N&#xD;"/>
  <Strassen StrID="5629" StrName="Am Gänsebusch" StrPLZ="30559" OrtID="1" Merkmal="1" Planquadrat="N&#xD;"/>
  <Strassen StrID="5630" StrName="Am Gehrlskamp" StrPLZ="30419" OrtID="1" Merkmal="1" Planquadrat="N&#xD;"/>
  <Strassen StrID="5631" StrName="Am Gernsschen Acker" StrPLZ="30659" OrtID="1" Merkmal="1" Planquadrat="N&#xD;"/>
  <Strassen StrID="5632" StrName="Am Ginsterbusch" StrPLZ="30459" OrtID="1" Merkmal="1" Planquadrat="N&#xD;"/>
  <Strassen StrID="5633" StrName="Am Graswege" StrPLZ="30169" OrtID="1" Merkmal="0" Planquadrat="N11&#xD;"/>
  <Strassen StrID="5635" StrName="Am Großen Garten" StrHausBereich="26-Ende, 27-Ende" StrPLZ="30167" OrtID="1" Merkmal="1" Planquadrat="N&#xD;"/>
  <Strassen StrID="5636" StrName="Am Großen Kampe" StrPLZ="30629" OrtID="1" Merkmal="1" Planquadrat="N&#xD;"/>
  <Strassen StrID="5637" StrName="Am Großmarkt" StrPLZ="30453" OrtID="1" Merkmal="1" Planquadrat="N&#xD;"/>
  <Strassen StrID="5638" StrName="Am Grünen Hagen" StrPLZ="30459" OrtID="1" Merkmal="1" Planquadrat="N&#xD;"/>
  <Strassen StrID="5639" StrName="Am Gutspark" StrPLZ="30539" OrtID="1" Merkmal="1" Planquadrat="N&#xD;"/>
  <Strassen StrID="5640" StrName="Am Hafen" StrPLZ="30269" OrtID="1" Merkmal="1" Planquadrat="N&#xD;"/>
  <Strassen StrID="5641" StrName="Am Hagen" StrPLZ="30627" OrtID="1" Merkmal="1" Planquadrat="N&#xD;"/>
  <Strassen StrID="5642" StrName="Am Haselbusch" StrPLZ="30459" OrtID="1" Merkmal="1" Planquadrat="N&#xD;"/>
  <Strassen StrID="5643" StrName="Am Hasenwinkel" StrPLZ="30419" OrtID="1" Merkmal="1" Planquadrat="N&#xD;"/>
  <Strassen StrID="5644" StrName="Am Heisterholze" StrPLZ="30559" OrtID="1" Merkmal="1" Planquadrat="N&#xD;"/>
  <Strassen StrID="5645" StrName="Am Herrenhäuser Bahnhof" StrPLZ="30419" OrtID="1" Merkmal="1" Planquadrat="N&#xD;"/>
  <Strassen StrID="5647" StrName="Am Hirtenbach" StrPLZ="30457" OrtID="1" Merkmal="1" Planquadrat="N&#xD;"/>
  <Strassen StrID="5648" StrName="Am Hohen Ufer" StrPLZ="30159" OrtID="1" Merkmal="1" Planquadrat="N&#xD;"/>
  <Strassen StrID="5649" StrName="Am Holderbusch" StrPLZ="30657" OrtID="1" Merkmal="1" Planquadrat="N&#xD;"/>
  <Strassen StrID="5650" StrName="Am Holunder" StrPLZ="30459" OrtID="1" Merkmal="1" Planquadrat="N&#xD;"/>
  <Strassen StrID="5651" StrName="Am Holzgraben" StrPLZ="30161" OrtID="1" Merkmal="1" Planquadrat="N&#xD;"/>
  <Strassen StrID="5652" StrName="Am Hopfengraben" StrPLZ="30165" OrtID="1" Merkmal="1" Planquadrat="N&#xD;"/>
  <Strassen StrID="5653" StrName="Am Ihlpohl" StrPLZ="30453" OrtID="1" Merkmal="1" Planquadrat="N&#xD;"/>
  <Strassen StrID="5654" StrName="Am Ihmeufer" StrPLZ="30449" OrtID="1" Merkmal="1" Planquadrat="N&#xD;"/>
  <Strassen StrID="5655" StrName="Am Immenkampe" StrPLZ="30455" OrtID="1" Merkmal="1" Planquadrat="N&#xD;"/>
  <Strassen StrID="5656" StrName="Am Jagdstall" StrPLZ="30179" OrtID="1" Merkmal="1" Planquadrat="N&#xD;"/>
  <Strassen StrID="5657" StrName="Am Judenkirchhof" StrPLZ="30167" OrtID="1" Merkmal="1" Planquadrat="N&#xD;"/>
  <Strassen StrID="5658" StrName="Am Jungfernplan" StrPLZ="30171" OrtID="1" Merkmal="1" Planquadrat="N&#xD;"/>
  <Strassen StrID="5659" StrName="Am Kalkbruche" StrPLZ="30455" OrtID="1" Merkmal="1" Planquadrat="N&#xD;"/>
  <Strassen StrID="5660" StrName="Am Kanal" StrPLZ="30559" OrtID="1" Merkmal="1" Planquadrat="N&#xD;"/>
  <Strassen StrID="5661" StrName="Am Kanonenwall" StrPLZ="30169" OrtID="1" Merkmal="1" Planquadrat="N&#xD;"/>
  <Strassen StrID="5662" StrName="Am Kastanienhof" StrPLZ="30459" OrtID="1" Merkmal="1" Planquadrat="N&#xD;"/>
  <Strassen StrID="5663" StrName="Am Kiffkampe" StrPLZ="30459" OrtID="1" Merkmal="1" Planquadrat="N&#xD;"/>
  <Strassen StrID="5664" StrName="Am Kindergarten" StrPLZ="30559" OrtID="1" Merkmal="1" Planquadrat="N&#xD;"/>
  <Strassen StrID="5665" StrName="Am Klagesmarkt" StrPLZ="30159" OrtID="1" Merkmal="1" Planquadrat="N&#xD;"/>
  <Strassen StrID="5666" StrName="Am Kläperberg" StrPLZ="30167" OrtID="1" Merkmal="1" Planquadrat="N&#xD;"/>
  <Strassen StrID="5667" StrName="Am Kleinen Felde" StrPLZ="30167" OrtID="1" Merkmal="1" Planquadrat="N&#xD;"/>
  <Strassen StrID="5668" StrName="Am Kleinen Teich" StrPLZ="30519" OrtID="1" Merkmal="1" Planquadrat="N&#xD;"/>
  <Strassen StrID="5669" StrName="Am Kronsberg" StrPLZ="30539" OrtID="1" Merkmal="1" Planquadrat="N&#xD;"/>
  <Strassen StrID="5670" StrName="Am Küchengarten" StrPLZ="30449" OrtID="1" Merkmal="1" Planquadrat="N&#xD;"/>
  <Strassen StrID="5671" StrName="Am Landwehrgraben" StrPLZ="30519" OrtID="1" Merkmal="1" Planquadrat="N&#xD;"/>
  <Strassen StrID="5672" StrName="Am Langen Berge" StrPLZ="30457" OrtID="1" Merkmal="1" Planquadrat="N&#xD;"/>
  <Strassen StrID="5673" StrName="Am Langen Kampe" StrPLZ="30655" OrtID="1" Merkmal="1" Planquadrat="N&#xD;"/>
  <Strassen StrID="5674" StrName="Am Lebersood" StrPLZ="30453" OrtID="1" Merkmal="1" Planquadrat="N&#xD;"/>
  <Strassen StrID="5675" StrName="Am Leineufer" StrPLZ="30419" OrtID="1" Merkmal="1" Planquadrat="N&#xD;"/>
  <Strassen StrID="5676" StrName="Am Leinewehr" StrPLZ="30519" OrtID="1" Merkmal="1" Planquadrat="N&#xD;"/>
  <Strassen StrID="5677" StrName="Am Lindener Berge" StrPLZ="30449" OrtID="1" Merkmal="1" Planquadrat="N&#xD;"/>
  <Strassen StrID="5678" StrName="Am Lindener Hafen" StrPLZ="30453" OrtID="1" Merkmal="1" Planquadrat="N&#xD;"/>
  <Strassen StrID="5679" StrName="Am Lindenhofe" StrPLZ="30519" OrtID="1" Merkmal="1" Planquadrat="N&#xD;"/>
  <Strassen StrID="5680" StrName="Am Lister Bad" StrPLZ="30179" OrtID="1" Merkmal="1" Planquadrat="N&#xD;"/>
  <Strassen StrID="5681" StrName="Am Listholze" StrPLZ="30177" OrtID="1" Merkmal="1" Planquadrat="N&#xD;"/>
  <Strassen StrID="5682" StrName="Am Lohgraben" StrPLZ="30455" OrtID="1" Merkmal="1" Planquadrat="N&#xD;"/>
  <Strassen StrID="5683" StrName="Am Markte" StrPLZ="30159" OrtID="1" Merkmal="1" Planquadrat="N&#xD;"/>
  <Strassen StrID="5684" StrName="Am Marstall" StrPLZ="30159" OrtID="1" Merkmal="1" Planquadrat="N&#xD;"/>
  <Strassen StrID="5685" StrName="Am Mittelfelde" StrPLZ="30519" OrtID="1" Merkmal="1" Planquadrat="N&#xD;"/>
  <Strassen StrID="5686" StrName="Am Moritzwinkel" StrPLZ="30167" OrtID="1" Merkmal="1" Planquadrat="N&#xD;"/>
  <Strassen StrID="5687" StrName="Am Mühlenberge" StrPLZ="30539" OrtID="1" Merkmal="1" Planquadrat="N&#xD;"/>
  <Strassen StrID="5688" StrName="Am Neuen Acker" StrPLZ="30453" OrtID="1" Merkmal="1" Planquadrat="N&#xD;"/>
  <Strassen StrID="5689" StrName="Am Nordfeld" StrPLZ="30629" OrtID="1" Merkmal="1" Planquadrat="N&#xD;"/>
  <Strassen StrID="5690" StrName="Am Nordhang" StrPLZ="30453" OrtID="1" Merkmal="1" Planquadrat="N&#xD;"/>
  <Strassen StrID="5691" StrName="Am Obstgarten" StrPLZ="30629" OrtID="1" Merkmal="1" Planquadrat="N&#xD;"/>
  <Strassen StrID="5692" StrName="Am Papehof" StrPLZ="30459" OrtID="1" Merkmal="1" Planquadrat="N&#xD;"/>
  <Strassen StrID="5693" StrName="Am Pferdeturm" StrPLZ="30625" OrtID="1" Merkmal="1" Planquadrat="N&#xD;"/>
  <Strassen StrID="5694" StrName="Am Plessenfelde" StrPLZ="30659" OrtID="1" Merkmal="1" Planquadrat="N&#xD;"/>
  <Strassen StrID="5695" StrName="Am Puttenser Felde" StrPLZ="30167" OrtID="1" Merkmal="1" Planquadrat="N&#xD;"/>
  <Strassen StrID="5696" StrName="Am Rohgraben" StrPLZ="30559" OrtID="1" Merkmal="1" Planquadrat="N&#xD;"/>
  <Strassen StrID="5697" StrName="Am Rotdorn" StrPLZ="30657" OrtID="1" Merkmal="1" Planquadrat="N&#xD;"/>
  <Strassen StrID="5698" StrName="Am Rotdorn" StrPLZ="30459" OrtID="1" Merkmal="1" Planquadrat="N&#xD;"/>
  <Strassen StrID="5699" StrName="Am Sandberge" StrPLZ="30539" OrtID="1" Merkmal="1" Planquadrat="N&#xD;"/>
  <Strassen StrID="5700" StrName="Am Sauerwinkel" StrPLZ="30459" OrtID="1" Merkmal="1" Planquadrat="N&#xD;"/>
  <Strassen StrID="5701" StrName="Am Schafwinkel" StrPLZ="30519" OrtID="1" Merkmal="1" Planquadrat="N&#xD;"/>
  <Strassen StrID="5702" StrName="Am Schatzkampe" StrHausBereich="1-3,2,31-33,32" StrPLZ="30161" OrtID="1" Merkmal="1" Planquadrat="N&#xD;"/>
  <Strassen StrID="5703" StrName="Am Schatzkampe" StrHausBereich="4-30,5-29" StrPLZ="30163" OrtID="1" Merkmal="1" Planquadrat="N&#xD;"/>
  <Strassen StrID="5704" StrName="Am Schlehenbusch" StrPLZ="30657" OrtID="1" Merkmal="1" Planquadrat="N&#xD;"/>
  <Strassen StrID="5705" StrName="Am Schmuckplatz" StrPLZ="30419" OrtID="1" Merkmal="1" Planquadrat="N&#xD;"/>
  <Strassen StrID="5706" StrName="Am Schützenplatz" StrPLZ="30169" OrtID="1" Merkmal="1" Planquadrat="N&#xD;"/>
  <Strassen StrID="5707" StrName="Am Seelberg" StrPLZ="30629" OrtID="1" Merkmal="1" Planquadrat="N&#xD;"/>
  <Strassen StrID="5708" StrName="Am Soltekampe" StrPLZ="30455" OrtID="1" Merkmal="1" Planquadrat="N&#xD;"/>
  <Strassen StrID="5709" StrName="Am Sool" StrPLZ="30629" OrtID="1" Merkmal="1" Planquadrat="N&#xD;"/>
  <Strassen StrID="5710" StrName="Am Spargelacker" StrPLZ="30539" OrtID="1" Merkmal="1" Planquadrat="N&#xD;"/>
  <Strassen StrID="5711" StrName="Am Spielfelde" StrPLZ="30449" OrtID="1" Merkmal="1" Planquadrat="N&#xD;"/>
  <Strassen StrID="5712" StrName="Am Stadtrand" StrPLZ="30627" OrtID="1" Merkmal="1" Planquadrat="N&#xD;"/>
  <Strassen StrID="5713" StrName="Am Steinbruch" StrPLZ="30449" OrtID="1" Merkmal="1" Planquadrat="N&#xD;"/>
  <Strassen StrID="5714" StrName="Am Steintor" StrPLZ="30159" OrtID="1" Merkmal="1" Planquadrat="N&#xD;"/>
  <Strassen StrID="5715" StrName="Am Stöckener Bach" StrPLZ="30419" OrtID="1" Merkmal="1" Planquadrat="N&#xD;"/>
  <Strassen StrID="5716" StrName="Am Südbahnhof" StrPLZ="30171" OrtID="1" Merkmal="1" Planquadrat="N&#xD;"/>
  <Strassen StrID="5717" StrName="Am Südhang" StrPLZ="30453" OrtID="1" Merkmal="1" Planquadrat="N&#xD;"/>
  <Strassen StrID="5718" StrName="Am Sünderkamp" StrPLZ="30629" OrtID="1" Merkmal="1" Planquadrat="N&#xD;"/>
  <Strassen StrID="5719" StrName="Am Tannenkamp" StrPLZ="30419" OrtID="1" Merkmal="1" Planquadrat="N&#xD;"/>
  <Strassen StrID="5720" StrName="Am Taubenfelde" StrPLZ="30159" OrtID="1" Merkmal="1" Planquadrat="N&#xD;"/>
  <Strassen StrID="5721" StrName="Am Tiergarten" StrPLZ="30559" OrtID="1" Merkmal="1" Planquadrat="N&#xD;"/>
  <Strassen StrID="5723" StrName="Am Tüv" StrPLZ="30519" OrtID="1" Merkmal="1" Planquadrat="N&#xD;"/>
  <Strassen StrID="5724" StrName="Am Uhrturm" StrPLZ="30519" OrtID="1" Merkmal="1" Planquadrat="N&#xD;"/>
  <Strassen StrID="5725" StrName="Am Urnenfeld" StrPLZ="30453" OrtID="1" Merkmal="1" Planquadrat="N&#xD;"/>
  <Strassen StrID="5726" StrName="Am Wachholder" StrPLZ="30459" OrtID="1" Merkmal="1" Planquadrat="N&#xD;"/>
  <Strassen StrID="5727" StrName="Am Wäldchen" StrPLZ="30657" OrtID="1" Merkmal="1" Planquadrat="N&#xD;"/>
  <Strassen StrID="5728" StrName="Am Waldwinkel" StrPLZ="30629" OrtID="1" Merkmal="1" Planquadrat="N&#xD;"/>
  <Strassen StrID="5729" StrName="Am Wasserturm" StrPLZ="30629" OrtID="1" Merkmal="1" Planquadrat="N&#xD;"/>
  <Strassen StrID="5730" StrName="Am Waterlooplatz" StrPLZ="30169" OrtID="1" Merkmal="1" Planquadrat="N&#xD;"/>
  <Strassen StrID="5731" StrName="Am Weißdorn" StrPLZ="30459" OrtID="1" Merkmal="1" Planquadrat="N&#xD;"/>
  <Strassen StrID="5732" StrName="Am Welfenplatz" StrPLZ="30161" OrtID="1" Merkmal="1" Planquadrat="N&#xD;"/>
  <Strassen StrID="5733" StrName="Am Wiesengarten" StrPLZ="30539" OrtID="1" Merkmal="1" Planquadrat="N&#xD;"/>
  <Strassen StrID="5734" StrName="Am Wildpfad" StrPLZ="30657" OrtID="1" Merkmal="1" Planquadrat="N&#xD;"/>
  <Strassen StrID="5735" StrName="Am Winkelberge" StrPLZ="30419" OrtID="1" Merkmal="1" Planquadrat="N&#xD;"/>
  <Strassen StrID="5736" StrName="Am Wöhren" StrPLZ="30559" OrtID="1" Merkmal="1" Planquadrat="N&#xD;"/>
  <Strassen StrID="5737" StrName="Am Wullwinkel" StrPLZ="30459" OrtID="1" Merkmal="1" Planquadrat="N&#xD;"/>
  <Strassen StrID="5738" StrName="Amelungshof" StrPLZ="30519" OrtID="1" Merkmal="1" Planquadrat="N&#xD;"/>
  <Strassen StrID="5739" StrName="Amerikaplatz" StrPLZ="30519" OrtID="1" Merkmal="1" Planquadrat="N&#xD;"/>
  <Strassen StrID="5740" StrName="Amselgasse" StrPLZ="30455" OrtID="1" Merkmal="1" Planquadrat="N&#xD;"/>
  <Strassen StrID="5741" StrName="Amundsenweg" StrPLZ="30655" OrtID="1" Merkmal="1" Planquadrat="N&#xD;"/>
  <Strassen StrID="5742" StrName="An den Deichwiesen" StrPLZ="30659" OrtID="1" Merkmal="1" Planquadrat="N&#xD;"/>
  <Strassen StrID="5743" StrName="An den Eichhölzern" StrPLZ="30459" OrtID="1" Merkmal="1" Planquadrat="N&#xD;"/>
  <Strassen StrID="5744" StrName="An den Hilligenwöhren" StrPLZ="30657" OrtID="1" Merkmal="1" Planquadrat="N&#xD;"/>
  <Strassen StrID="5745" StrName="An den Maschwiesen" StrPLZ="30519" OrtID="1" Merkmal="1" Planquadrat="N&#xD;"/>
  <Strassen StrID="5746" StrName="An den Papenstücken" StrPLZ="30455" OrtID="1" Merkmal="1" Planquadrat="N&#xD;"/>
  <Strassen StrID="5747" StrName="An den Sportplätzen" StrPLZ="30457" OrtID="1" Merkmal="1" Planquadrat="N&#xD;"/>
  <Strassen StrID="5748" StrName="An der Alten Fabrik" StrPLZ="30629" OrtID="1" Merkmal="1" Planquadrat="N&#xD;"/>
  <Strassen StrID="5749" StrName="An der Apostelkirche" StrPLZ="30161" OrtID="1" Merkmal="1" Planquadrat="N&#xD;"/>
  <Strassen StrID="5750" StrName="An der Bahn" StrPLZ="30559" OrtID="1" Merkmal="1" Planquadrat="N&#xD;"/>
  <Strassen StrID="5751" StrName="An der Bauerwiese" StrPLZ="30459" OrtID="1" Merkmal="1" Planquadrat="N&#xD;"/>
  <Strassen StrID="5752" StrName="An der Bismarckschule" StrPLZ="30173" OrtID="1" Merkmal="1" Planquadrat="N&#xD;"/>
  <Strassen StrID="5753" StrName="An der Brauerei" StrPLZ="30559" OrtID="1" Merkmal="1" Planquadrat="N&#xD;"/>
  <Strassen StrID="5754" StrName="An der Breiten Wiese" StrPLZ="30625" OrtID="1" Merkmal="1" Planquadrat="N&#xD;"/>
  <Strassen StrID="5755" StrName="An der Christuskirche" StrPLZ="30167" OrtID="1" Merkmal="1" Planquadrat="N&#xD;"/>
  <Strassen StrID="5756" StrName="An der Dornenhecke" StrPLZ="30459" OrtID="1" Merkmal="1" Planquadrat="N&#xD;"/>
  <Strassen StrID="5757" StrName="An der Engesohde" StrPLZ="30173" OrtID="1" Merkmal="1" Planquadrat="N&#xD;"/>
  <Strassen StrID="5758" StrName="An der Erlöserkirche" StrPLZ="30449" OrtID="1" Merkmal="1" Planquadrat="N&#xD;"/>
  <Strassen StrID="5759" StrName="An der Feldmark" StrPLZ="30453" OrtID="1" Merkmal="1" Planquadrat="N&#xD;"/>
  <Strassen StrID="5763" StrName="An der Graft" StrPLZ="30167" OrtID="1" Merkmal="1" Planquadrat="N&#xD;"/>
  <Strassen StrID="5764" StrName="An der Hast" StrPLZ="30559" OrtID="1" Merkmal="1" Planquadrat="N&#xD;"/>
  <Strassen StrID="5765" StrName="An der Johanniskirche" StrPLZ="30629" OrtID="1" Merkmal="1" Planquadrat="N&#xD;"/>
  <Strassen StrID="5766" StrName="An der Kirche" StrPLZ="30457" OrtID="1" Merkmal="1" Planquadrat="N&#xD;"/>
  <Strassen StrID="5767" StrName="An der Lister Kirche" StrPLZ="30163" OrtID="1" Merkmal="1" Planquadrat="N&#xD;"/>
  <Strassen StrID="5768" StrName="An der Lutherkirche" StrPLZ="30167" OrtID="1" Merkmal="1" Planquadrat="N&#xD;"/>
  <Strassen StrID="5769" StrName="An der Markuskirche" StrPLZ="30163" OrtID="1" Merkmal="1" Planquadrat="N&#xD;"/>
  <Strassen StrID="5770" StrName="An der Martinskirche" StrPLZ="30449" OrtID="1" Merkmal="1" Planquadrat="N&#xD;"/>
  <Strassen StrID="5771" StrName="An der Oberen Marsch" StrPLZ="30419" OrtID="1" Merkmal="1" Planquadrat="N&#xD;"/>
  <Strassen StrID="5772" StrName="An der Quelle" StrPLZ="30539" OrtID="1" Merkmal="1" Planquadrat="N&#xD;"/>
  <Strassen StrID="5773" StrName="An der Questenhorst" StrPLZ="30173" OrtID="1" Merkmal="1" Planquadrat="N&#xD;"/>
  <Strassen StrID="5774" StrName="An der Schafbahn" StrPLZ="30559" OrtID="1" Merkmal="1" Planquadrat="N&#xD;"/>
  <Strassen StrID="5775" StrName="An der Schleuse" StrPLZ="30559" OrtID="1" Merkmal="1" Planquadrat="N&#xD;"/>
  <Strassen StrID="5776" StrName="An der Schule" StrPLZ="30539" OrtID="1" Merkmal="1" Planquadrat="N&#xD;"/>
  <Strassen StrID="5777" StrName="An der Schwarzen Riede" StrPLZ="30657" OrtID="1" Merkmal="1" Planquadrat="N&#xD;"/>
  <Strassen StrID="5778" StrName="An der Silberkuhle" StrPLZ="30655" OrtID="1" Merkmal="1" Planquadrat="N&#xD;"/>
  <Strassen StrID="5779" StrName="An der Strangriede" StrPLZ="30167" OrtID="1" Merkmal="1" Planquadrat="N&#xD;"/>
  <Strassen StrID="5780" StrName="An der Tiefenriede" StrPLZ="30173" OrtID="1" Merkmal="1" Planquadrat="N&#xD;"/>
  <Strassen StrID="5781" StrName="An der Trift" StrPLZ="30559" OrtID="1" Merkmal="1" Planquadrat="N&#xD;"/>
  <Strassen StrID="5782" StrName="An der Vogelweide" StrPLZ="30459" OrtID="1" Merkmal="1" Planquadrat="N&#xD;"/>
  <Strassen StrID="5783" StrName="An der Weide" StrPLZ="30173" OrtID="1" Merkmal="1" Planquadrat="N&#xD;"/>
  <Strassen StrID="5784" StrName="An der Wietze" StrPLZ="30657" OrtID="1" Merkmal="1" Planquadrat="N&#xD;"/>
  <Strassen StrID="5785" StrName="An der Wollebahn" StrPLZ="30519" OrtID="1" Merkmal="1" Planquadrat="N&#xD;"/>
  <Strassen StrID="5786" StrName="An der Mußmannshaube" StrPLZ="30419" OrtID="1" Merkmal="1" Planquadrat="N&#xD;"/>
  <Strassen StrID="5787" StrName="An Reineckes Eichen" StrPLZ="30659" OrtID="1" Merkmal="1" Planquadrat="N&#xD;"/>
  <Strassen StrID="5789" StrName="Andersenstraße" StrPLZ="30177" OrtID="1" Merkmal="1" Planquadrat="N&#xD;"/>
  <Strassen StrID="5790" StrName="Andertensche Wiese" StrPLZ="30169" OrtID="1" Merkmal="1" Planquadrat="N&#xD;"/>
  <Strassen StrID="5791" StrName="Anderter Schützenplatz" StrPLZ="30559" OrtID="1" Merkmal="1" Planquadrat="N&#xD;"/>
  <Strassen StrID="5792" StrName="Anderter Straße" StrHausBereich="1-95,2-96" StrPLZ="30629" OrtID="1" Merkmal="1" Planquadrat="N&#xD;"/>
  <Strassen StrID="5793" StrName="Anderter Straße" StrHausBereich="98-140,97-137" StrPLZ="30559" OrtID="1" Merkmal="1" Planquadrat="N&#xD;"/>
  <Strassen StrID="5794" StrName="Andreasstraße" StrPLZ="30159" OrtID="1" Merkmal="1" Planquadrat="N&#xD;"/>
  <Strassen StrID="5795" StrName="Andreas-Hermes-Platz" StrPLZ="30161" OrtID="1" Merkmal="1" Planquadrat="N&#xD;"/>
  <Strassen StrID="5796" StrName="Am Andreashof" StrPLZ="30419" OrtID="1" Merkmal="1" Planquadrat="N&#xD;"/>
  <Strassen StrID="5798" StrName="Bemeroder Anger" StrPLZ="30539" OrtID="1" Merkmal="1" Planquadrat="N&#xD;"/>
  <Strassen StrID="5800" StrName="Angerstraße" StrPLZ="30161" OrtID="1" Merkmal="1" Planquadrat="N&#xD;"/>
  <Strassen StrID="5801" StrName="Angerstraße" StrPLZ="30539" OrtID="1" Merkmal="1" Planquadrat="N&#xD;"/>
  <Strassen StrID="5802" StrName="Anhalter Hof" StrPLZ="30179" OrtID="1" Merkmal="1" Planquadrat="N&#xD;"/>
  <Strassen StrID="5803" StrName="Anna-Siemens-Weg" StrPLZ="30173" OrtID="1" Merkmal="1" Planquadrat="N&#xD;"/>
  <Strassen StrID="5804" StrName="Anne-Frank-Weg" StrPLZ="30457" OrtID="1" Merkmal="1" Planquadrat="N&#xD;"/>
  <Strassen StrID="5805" StrName="Annenstraße" StrPLZ="30171" OrtID="1" Merkmal="1" Planquadrat="N&#xD;"/>
  <Strassen StrID="5806" StrName="Annette-Kolb-Straße" StrPLZ="30629" OrtID="1" Merkmal="1" Planquadrat="N&#xD;"/>
  <Strassen StrID="5807" StrName="Antoniusweg" StrPLZ="30655" OrtID="1" Merkmal="1" Planquadrat="N&#xD;"/>
  <Strassen StrID="5808" StrName="Anzengruberstraße" StrPLZ="30655" OrtID="1" Merkmal="1" Planquadrat="N&#xD;"/>
  <Strassen StrID="5809" StrName="Apenrader Straße" StrPLZ="30165" OrtID="1" Merkmal="1" Planquadrat="N&#xD;"/>
  <Strassen StrID="5810" StrName="Apfelgarten" StrPLZ="30539" OrtID="1" Merkmal="1" Planquadrat="N&#xD;"/>
  <Strassen StrID="5811" StrName="Appelstraße" StrPLZ="30167" OrtID="1" Merkmal="1" Planquadrat="N&#xD;"/>
  <Strassen StrID="5812" StrName="Archivstraße" StrPLZ="30169" OrtID="1" Merkmal="1" Planquadrat="N&#xD;"/>
  <Strassen StrID="5813" StrName="Arensborgstraße" StrPLZ="30625" OrtID="1" Merkmal="1" Planquadrat="N&#xD;"/>
  <Strassen StrID="5814" StrName="Arndtstraße" StrPLZ="30167" OrtID="1" Merkmal="1" Planquadrat="N&#xD;"/>
  <Strassen StrID="5815" StrName="Arnimstraße" StrPLZ="30625" OrtID="1" Merkmal="1" Planquadrat="N&#xD;"/>
  <Strassen StrID="5816" StrName="Arnoldstraße" StrPLZ="30519" OrtID="1" Merkmal="1" Planquadrat="N&#xD;"/>
  <Strassen StrID="5817" StrName="Arnswaldstraße" StrPLZ="30159" OrtID="1" Merkmal="1" Planquadrat="N&#xD;"/>
  <Strassen StrID="5818" StrName="Arnumer Weg" StrPLZ="30459" OrtID="1" Merkmal="1" Planquadrat="N&#xD;"/>
  <Strassen StrID="5819" StrName="Arthur-Menge-Ufer" StrPLZ="30169" OrtID="1" Merkmal="1" Planquadrat="N&#xD;"/>
  <Strassen StrID="5820" StrName="Aschendorfer Straße" StrPLZ="30539" OrtID="1" Merkmal="1" Planquadrat="N&#xD;"/>
  <Strassen StrID="5821" StrName="Ashwin-von-Roden-Weg" StrPLZ="30539" OrtID="1" Merkmal="1" Planquadrat="N&#xD;"/>
  <Strassen StrID="5822" StrName="Asplundweg" StrPLZ="30559" OrtID="1" Merkmal="1" Planquadrat="N&#xD;"/>
  <Strassen StrID="5823" StrName="Asseburgstraße" StrPLZ="30451" OrtID="1" Merkmal="1" Planquadrat="N&#xD;"/>
  <Strassen StrID="5824" StrName="Asternstraße" StrPLZ="30167" OrtID="1" Merkmal="1" Planquadrat="N&#xD;"/>
  <Strassen StrID="5825" StrName="Aubryweg" StrPLZ="30629" OrtID="1" Merkmal="1" Planquadrat="N&#xD;"/>
  <Strassen StrID="5826" StrName="Auerhahnhof" StrPLZ="30455" OrtID="1" Merkmal="1" Planquadrat="N&#xD;"/>
  <Strassen StrID="5827" StrName="Auestraße" StrPLZ="30449" OrtID="1" Merkmal="1" Planquadrat="N&#xD;"/>
  <Strassen StrID="5828" StrName="Auf dem Brinke" StrPLZ="30453" OrtID="1" Merkmal="1" Planquadrat="N&#xD;"/>
  <Strassen StrID="5829" StrName="Auf dem Dorn" StrPLZ="30165" OrtID="1" Merkmal="1" Planquadrat="N&#xD;"/>
  <Strassen StrID="5830" StrName="Auf dem Emmerberge" StrPLZ="30169" OrtID="1" Merkmal="1" Planquadrat="N&#xD;"/>
  <Strassen StrID="5831" StrName="Auf dem Grethel" StrPLZ="30457" OrtID="1" Merkmal="1" Planquadrat="N&#xD;"/>
  <Strassen StrID="5832" StrName="Auf dem Hagen" StrPLZ="30457" OrtID="1" Merkmal="1" Planquadrat="N&#xD;"/>
  <Strassen StrID="5833" StrName="Auf dem Hollen" StrPLZ="30165" OrtID="1" Merkmal="1" Planquadrat="N&#xD;"/>
  <Strassen StrID="5834" StrName="Auf dem Kampe" StrPLZ="30457" OrtID="1" Merkmal="1" Planquadrat="N&#xD;"/>
  <Strassen StrID="5836" StrName="Auf dem Limbrinke" StrPLZ="30657" OrtID="1" Merkmal="1" Planquadrat="N&#xD;"/>
  <Strassen StrID="5837" StrName="Auf dem Loh" StrPLZ="30167" OrtID="1" Merkmal="1" Planquadrat="N&#xD;"/>
  <Strassen StrID="5838" StrName="Auf dem Rohe" StrPLZ="30459" OrtID="1" Merkmal="1" Planquadrat="N&#xD;"/>
  <Strassen StrID="5839" StrName="Auf den Kirchstücken" StrPLZ="30455" OrtID="1" Merkmal="1" Planquadrat="N&#xD;"/>
  <Strassen StrID="5840" StrName="Auf den Kräken" StrPLZ="30659" OrtID="1" Merkmal="1" Planquadrat="N&#xD;"/>
  <Strassen StrID="5841" StrName="Auf der Horst" StrPLZ="30419" OrtID="1" Merkmal="1" Planquadrat="N&#xD;"/>
  <Strassen StrID="5842" StrName="Auf der Kiewisch" StrPLZ="30457" OrtID="1" Merkmal="1" Planquadrat="N&#xD;"/>
  <Strassen StrID="5843" StrName="Auf der Klappenburg" StrPLZ="30419" OrtID="1" Merkmal="1" Planquadrat="N&#xD;"/>
  <Strassen StrID="5844" StrName="Auf der Kuhbühre" StrPLZ="30455" OrtID="1" Merkmal="1" Planquadrat="N&#xD;"/>
  <Strassen StrID="5846" StrName="Auf der Spannriede" StrPLZ="30419" OrtID="1" Merkmal="1" Planquadrat="N&#xD;"/>
  <Strassen StrID="5847" StrName="Auf der Worth" StrPLZ="30459" OrtID="1" Merkmal="1" Planquadrat="N&#xD;"/>
  <Strassen StrID="5848" StrName="Aufhäuserstraße" StrPLZ="30457" OrtID="1" Merkmal="1" Planquadrat="N&#xD;"/>
  <Strassen StrID="5849" StrName="August-Holweg-Platz" StrPLZ="30459" OrtID="1" Merkmal="1" Planquadrat="N&#xD;"/>
  <Strassen StrID="5850" StrName="Augustenstraße" StrPLZ="30161" OrtID="1" Merkmal="1" Planquadrat="N&#xD;"/>
  <Strassen StrID="5851" StrName="Augustinerweg" StrPLZ="30419" OrtID="1" Merkmal="1" Planquadrat="N&#xD;"/>
  <Strassen StrID="5852" StrName="Aussiger Wende" StrPLZ="30559" OrtID="1" Merkmal="1" Planquadrat="N&#xD;"/>
  <Strassen StrID="5853" StrName="Auwiese" StrPLZ="30419" OrtID="1" Merkmal="1" Planquadrat="N&#xD;"/>
  <Strassen StrID="5854" StrName="Bachstelzenweg" StrPLZ="30627" OrtID="1" Merkmal="1" Planquadrat="N&#xD;"/>
  <Strassen StrID="5855" StrName="Bachstraße" StrPLZ="30167" OrtID="1" Merkmal="1" Planquadrat="N&#xD;"/>
  <Strassen StrID="5856" StrName="Bäckerstraße" StrPLZ="30169" OrtID="1" Merkmal="1" Planquadrat="N&#xD;"/>
  <Strassen StrID="5857" StrName="Backhausenweg" StrPLZ="30519" OrtID="1" Merkmal="1" Planquadrat="N&#xD;"/>
  <Strassen StrID="5858" StrName="Bad Salzbrunner Straße" StrPLZ="30539" OrtID="1" Merkmal="1" Planquadrat="N&#xD;"/>
  <Strassen StrID="5859" StrName="Badenstedter Straße" StrHausBereich="131-219,158-220" StrPLZ="30455" OrtID="1" Merkmal="1" Planquadrat="N&#xD;"/>
  <Strassen StrID="5860" StrName="Badenstedter Straße" StrHausBereich="2-28,3-41" StrPLZ="30449" OrtID="1" Merkmal="1" Planquadrat="N&#xD;"/>
  <Strassen StrID="5861" StrName="Bahnhofstraße" StrPLZ="30159" OrtID="1" Merkmal="1" Planquadrat="N&#xD;"/>
  <Strassen StrID="5862" StrName="Bahnriehe" StrPLZ="30179" OrtID="1" Merkmal="1" Planquadrat="N&#xD;"/>
  <Strassen StrID="5863" StrName="Bahnstrift" StrPLZ="30179" OrtID="1" Merkmal="1" Planquadrat="N&#xD;"/>
  <Strassen StrID="5864" StrName="Bailleuxweg" StrPLZ="30629" OrtID="1" Merkmal="1" Planquadrat="N&#xD;"/>
  <Strassen StrID="5865" StrName="Baldeniusstraße" StrPLZ="30419" OrtID="1" Merkmal="1" Planquadrat="N&#xD;"/>
  <Strassen StrID="5866" StrName="Baldurstraße" StrPLZ="30657" OrtID="1" Merkmal="1" Planquadrat="N&#xD;"/>
  <Strassen StrID="5867" StrName="Balkehof" StrPLZ="30659" OrtID="1" Merkmal="1" Planquadrat="N&#xD;"/>
  <Strassen StrID="5868" StrName="Ballhofstraße" StrPLZ="30159" OrtID="1" Merkmal="1" Planquadrat="N&#xD;"/>
  <Strassen StrID="5869" StrName="Bandelstraße" StrPLZ="30171" OrtID="1" Merkmal="1" Planquadrat="N&#xD;"/>
  <Strassen StrID="5870" StrName="Bangemannweg" StrPLZ="30459" OrtID="1" Merkmal="1" Planquadrat="N&#xD;"/>
  <Strassen StrID="5871" StrName="Bardowicker Straße" StrPLZ="30449" OrtID="1" Merkmal="1" Planquadrat="N&#xD;"/>
  <Strassen StrID="5872" StrName="Baringstraße" StrPLZ="30159" OrtID="1" Merkmal="1" Planquadrat="N&#xD;"/>
  <Strassen StrID="5873" StrName="Barlachhof" StrPLZ="30659" OrtID="1" Merkmal="1" Planquadrat="N&#xD;"/>
  <Strassen StrID="5874" StrName="Barsinghäuser Straße" StrPLZ="30459" OrtID="1" Merkmal="1" Planquadrat="N&#xD;"/>
  <Strassen StrID="5875" StrName="Bartold-Knaust-Straße" StrPLZ="30459" OrtID="1" Merkmal="1" Planquadrat="N&#xD;"/>
  <Strassen StrID="5876" StrName="Bartweg" StrPLZ="30453" OrtID="1" Merkmal="1" Planquadrat="N&#xD;"/>
  <Strassen StrID="5877" StrName="Basaltweg" StrPLZ="30455" OrtID="1" Merkmal="1" Planquadrat="N&#xD;"/>
  <Strassen StrID="5878" StrName="Bäteweg" StrPLZ="30167" OrtID="1" Merkmal="1" Planquadrat="N&#xD;"/>
  <Strassen StrID="5879" StrName="Baulenwiese" StrPLZ="30657" OrtID="1" Merkmal="1" Planquadrat="N&#xD;"/>
  <Strassen StrID="5880" StrName="Bauleweg" StrPLZ="30519" OrtID="1" Merkmal="1" Planquadrat="N&#xD;"/>
  <Strassen StrID="5881" StrName="Baumbachstraße" StrPLZ="30163" OrtID="1" Merkmal="1" Planquadrat="N&#xD;"/>
  <Strassen StrID="5882" StrName="Baumgartenstraße" StrPLZ="30419" OrtID="1" Merkmal="1" Planquadrat="N&#xD;"/>
  <Strassen StrID="5883" StrName="Baumschulenallee" StrPLZ="30625" OrtID="1" Merkmal="1" Planquadrat="N&#xD;"/>
  <Strassen StrID="5884" StrName="Baumstraße" StrPLZ="30171" OrtID="1" Merkmal="1" Planquadrat="N&#xD;"/>
  <Strassen StrID="5885" StrName="Bautzener Hof" StrPLZ="30519" OrtID="1" Merkmal="1" Planquadrat="N&#xD;"/>
  <Strassen StrID="5886" StrName="Bauvereinsweg" StrPLZ="30419" OrtID="1" Merkmal="1" Planquadrat="N&#xD;"/>
  <Strassen StrID="5887" StrName="Bauweg" StrPLZ="30453" OrtID="1" Merkmal="1" Planquadrat="N&#xD;"/>
  <Strassen StrID="5888" StrName="Baxmannweg" StrPLZ="30453" OrtID="1" Merkmal="1" Planquadrat="N&#xD;"/>
  <Strassen StrID="5889" StrName="Bebelstraße" StrPLZ="30459" OrtID="1" Merkmal="1" Planquadrat="N&#xD;"/>
  <Strassen StrID="5890" StrName="Beckmannhof" StrPLZ="30659" OrtID="1" Merkmal="1" Planquadrat="N&#xD;"/>
  <Strassen StrID="5891" StrName="Beckstraße" StrPLZ="30457" OrtID="1" Merkmal="1" Planquadrat="N&#xD;"/>
  <Strassen StrID="5892" StrName="Beekehof" StrPLZ="30459" OrtID="1" Merkmal="1" Planquadrat="N&#xD;"/>
  <Strassen StrID="5893" StrName="Beekestraße" StrPLZ="30459" OrtID="1" Merkmal="1" Planquadrat="N&#xD;"/>
  <Strassen StrID="5894" StrName="Beethovenstraße" StrPLZ="30449" OrtID="1" Merkmal="1" Planquadrat="N&#xD;"/>
  <Strassen StrID="5895" StrName="Behaimweg" StrPLZ="30519" OrtID="1" Merkmal="1" Planquadrat="N&#xD;"/>
  <Strassen StrID="5896" StrName="Behnsenstraße" StrPLZ="30449" OrtID="1" Merkmal="1" Planquadrat="N&#xD;"/>
  <Strassen StrID="5897" StrName="Behnstraße" StrPLZ="30519" OrtID="1" Merkmal="1" Planquadrat="N&#xD;"/>
  <Strassen StrID="5898" StrName="Behringweg" StrPLZ="30655" OrtID="1" Merkmal="1" Planquadrat="N&#xD;"/>
  <Strassen StrID="5899" StrName="Beiersdorfstraße" StrPLZ="30165" OrtID="1" Merkmal="1" Planquadrat="N&#xD;"/>
  <Strassen StrID="5900" StrName="Bellstieg" StrPLZ="30419" OrtID="1" Merkmal="1" Planquadrat="N&#xD;"/>
  <Strassen StrID="5901" StrName="Bella Vista" StrPLZ="30169" OrtID="1" Merkmal="1" Planquadrat="N&#xD;"/>
  <Strassen StrID="5902" StrName="Bemeroder Rathausplatz" StrPLZ="30539" OrtID="1" Merkmal="1" Planquadrat="N&#xD;"/>
  <Strassen StrID="5903" StrName="Bemeroder Straße" StrHausBereich="1-75,2-70" StrPLZ="30559" OrtID="1" Merkmal="1" Planquadrat="N&#xD;"/>
  <Strassen StrID="5904" StrName="Bemeroder Straße" StrHausBereich="72-Ende,77-Ende" StrPLZ="30539" OrtID="1" Merkmal="1" Planquadrat="N&#xD;"/>
  <Strassen StrID="5905" StrName="Bendixweg" StrPLZ="30659" OrtID="1" Merkmal="1" Planquadrat="N&#xD;"/>
  <Strassen StrID="5906" StrName="Beneckeallee" StrPLZ="30419" OrtID="1" Merkmal="1" Planquadrat="N&#xD;"/>
  <Strassen StrID="5907" StrName="Benedessenweg" StrPLZ="30459" OrtID="1" Merkmal="1" Planquadrat="N&#xD;"/>
  <Strassen StrID="5908" StrName="Benno-Ohnesorg-Brücke" StrPLZ="30169" OrtID="1" Merkmal="1" Planquadrat="N&#xD;"/>
  <Strassen StrID="5909" StrName="Bennostraße" StrPLZ="30451" OrtID="1" Merkmal="1" Planquadrat="N&#xD;"/>
  <Strassen StrID="5910" StrName="Bentheimer Straße" StrPLZ="30539" OrtID="1" Merkmal="1" Planquadrat="N&#xD;"/>
  <Strassen StrID="5911" StrName="Benther-Berg-Straße" StrPLZ="30455" OrtID="1" Merkmal="1" Planquadrat="N&#xD;"/>
  <Strassen StrID="5912" StrName="Benzweg" StrPLZ="30165" OrtID="1" Merkmal="1" Planquadrat="N&#xD;"/>
  <Strassen StrID="5913" StrName="Berckhusenstraße" StrPLZ="30625" OrtID="1" Merkmal="1" Planquadrat="N&#xD;"/>
  <Strassen StrID="5914" StrName="Berdingstraße" StrPLZ="30451" OrtID="1" Merkmal="1" Planquadrat="N&#xD;"/>
  <Strassen StrID="5915" StrName="Bergener Straße" StrPLZ="30625" OrtID="1" Merkmal="1" Planquadrat="N&#xD;"/>
  <Strassen StrID="5916" StrName="Bergfeldstraße" StrPLZ="30457" OrtID="1" Merkmal="1" Planquadrat="N&#xD;"/>
  <Strassen StrID="5917" StrName="Berggartenstraße" StrPLZ="30419" OrtID="1" Merkmal="1" Planquadrat="N&#xD;"/>
  <Strassen StrID="5918" StrName="Bergiusstraße" StrPLZ="30655" OrtID="1" Merkmal="1" Planquadrat="N&#xD;"/>
  <Strassen StrID="5919" StrName="Berkammstraße" StrPLZ="30453" OrtID="1" Merkmal="1" Planquadrat="N&#xD;"/>
  <Strassen StrID="5920" StrName="Bergmannstraße" StrPLZ="30159" OrtID="1" Merkmal="1" Planquadrat="N&#xD;"/>
  <Strassen StrID="5921" StrName="Bergstraße" StrPLZ="30539" OrtID="1" Merkmal="1" Planquadrat="N&#xD;"/>
  <Strassen StrID="5922" StrName="Bergstraße" StrPLZ="30457" OrtID="1" Merkmal="1" Planquadrat="N&#xD;"/>
  <Strassen StrID="5923" StrName="Berkelmannweg" StrPLZ="30559" OrtID="1" Merkmal="1" Planquadrat="N&#xD;"/>
  <Strassen StrID="5924" StrName="Berkelmannstraße" StrPLZ="30539" OrtID="1" Merkmal="1" Planquadrat="N&#xD;"/>
  <Strassen StrID="5925" StrName="Berkowitzweg" StrPLZ="30655" OrtID="1" Merkmal="1" Planquadrat="N&#xD;"/>
  <Strassen StrID="5926" StrName="Berlageweg" StrPLZ="30559" OrtID="1" Merkmal="1" Planquadrat="N&#xD;"/>
  <Strassen StrID="5927" StrName="Berliner Allee" StrPLZ="30175" OrtID="1" Merkmal="1" Planquadrat="N&#xD;"/>
  <Strassen StrID="5928" StrName="Berliner Straße" StrPLZ="30457" OrtID="1" Merkmal="1" Planquadrat="N&#xD;"/>
  <Strassen StrID="5929" StrName="Bernadotte-Allee" StrPLZ="30177" OrtID="1" Merkmal="1" Planquadrat="N&#xD;"/>
  <Strassen StrID="5930" StrName="Bernadisstraße" StrPLZ="30457" OrtID="1" Merkmal="1" Planquadrat="N&#xD;"/>
  <Strassen StrID="5931" StrName="Bernburger Straße" StrPLZ="30629" OrtID="1" Merkmal="1" Planquadrat="N&#xD;"/>
  <Strassen StrID="5932" StrName="Berhard-Caspar-Straße" StrPLZ="30453" OrtID="1" Merkmal="1" Planquadrat="N&#xD;"/>
  <Strassen StrID="5933" StrName="Bernhard-Jördens-Weg" StrPLZ="30519" OrtID="1" Merkmal="1" Planquadrat="N&#xD;"/>
  <Strassen StrID="5934" StrName="Bernstorffweg" StrPLZ="30457" OrtID="1" Merkmal="1" Planquadrat="N&#xD;"/>
  <Strassen StrID="5936" StrName="Berwardstraße" StrPLZ="30519" OrtID="1" Merkmal="1" Planquadrat="N&#xD;"/>
  <Strassen StrID="5937" StrName="Bertastraße" StrPLZ="30159" OrtID="1" Merkmal="1" Planquadrat="N&#xD;"/>
  <Strassen StrID="5938" StrName="Bertha-von-Suttner-Platz" StrPLZ="30173" OrtID="1" Merkmal="1" Planquadrat="N&#xD;"/>
  <Strassen StrID="5939" StrName="Berthold-Lange-Straße" StrPLZ="30559" OrtID="1" Merkmal="1" Planquadrat="N&#xD;"/>
  <Strassen StrID="5940" StrName="Bertramstraße" StrPLZ="30165" OrtID="1" Merkmal="1" Planquadrat="N&#xD;"/>
  <Strassen StrID="5941" StrName="Besselstraße" StrPLZ="30519" OrtID="1" Merkmal="1" Planquadrat="N&#xD;"/>
  <Strassen StrID="5942" StrName="Bessemerstraße" StrPLZ="30177" OrtID="1" Merkmal="1" Planquadrat="N&#xD;"/>
  <Strassen StrID="5943" StrName="Bethlehemplatz" StrPLZ="30451" OrtID="1" Merkmal="1" Planquadrat="N&#xD;"/>
  <Strassen StrID="5944" StrName="Bethlehemstraße" StrPLZ="30451" OrtID="1" Merkmal="1" Planquadrat="N&#xD;"/>
  <Strassen StrID="5945" StrName="Bettenser Straße" StrPLZ="30459" OrtID="1" Merkmal="1" Planquadrat="N&#xD;"/>
  <Strassen StrID="5946" StrName="Beuermannstraße" StrPLZ="30169" OrtID="1" Merkmal="1" Planquadrat="N&#xD;"/>
  <Strassen StrID="5947" StrName="Beulhausenweg" StrPLZ="30419" OrtID="1" Merkmal="1" Planquadrat="N&#xD;"/>
  <Strassen StrID="5948" StrName="Beuthener Straße" StrPLZ="30519" OrtID="1" Merkmal="1" Planquadrat="N&#xD;"/>
  <Strassen StrID="5949" StrName="Bevenser Weg" StrPLZ="30625" OrtID="1" Merkmal="1" Planquadrat="N&#xD;"/>
  <Strassen StrID="5950" StrName="Bidonisstraße" StrPLZ="30559" OrtID="1" Merkmal="1" Planquadrat="N&#xD;"/>
  <Strassen StrID="5951" StrName="Bienenweide" StrPLZ="30657" OrtID="1" Merkmal="1" Planquadrat="N&#xD;"/>
  <Strassen StrID="5952" StrName="Biener Busch" StrPLZ="30539" OrtID="1" Merkmal="1" Planquadrat="N&#xD;"/>
  <Strassen StrID="5953" StrName="Bierweg" StrPLZ="30459" OrtID="1" Merkmal="1" Planquadrat="N&#xD;"/>
  <Strassen StrID="5954" StrName="Biesterstraße" StrPLZ="30163" OrtID="1" Merkmal="1" Planquadrat="N&#xD;"/>
  <Strassen StrID="5955" StrName="Billweg" StrPLZ="30171" OrtID="1" Merkmal="1" Planquadrat="N&#xD;"/>
  <Strassen StrID="5956" StrName="Billungstraße" StrPLZ="30449" OrtID="1" Merkmal="1" Planquadrat="N&#xD;"/>
  <Strassen StrID="5957" StrName="Bindingweg" StrPLZ="30539" OrtID="1" Merkmal="1" Planquadrat="N&#xD;"/>
  <Strassen StrID="5958" StrName="Birkenstraße" StrPLZ="30171" OrtID="1" Merkmal="1" Planquadrat="N&#xD;"/>
  <Strassen StrID="5959" StrName="Birkenweg" StrPLZ="30657" OrtID="1" Merkmal="1" Planquadrat="N&#xD;"/>
  <Strassen StrID="5960" StrName="Birkenweg" StrPLZ="30457" OrtID="1" Merkmal="1" Planquadrat="N&#xD;"/>
  <Strassen StrID="5961" StrName="Birkhahnhof" StrPLZ="30455" OrtID="1" Merkmal="1" Planquadrat="N&#xD;"/>
  <Strassen StrID="5962" StrName="Birnengarten" StrPLZ="30539" OrtID="1" Merkmal="1" Planquadrat="N&#xD;"/>
  <Strassen StrID="5963" StrName="Bischof-von-Ketteler-Straße" StrPLZ="30657" OrtID="1" Merkmal="1" Planquadrat="N&#xD;"/>
  <Strassen StrID="5975" StrName="Erdmannstraße" StrPLZ="10827" OrtID="18" Merkmal="1" Planquadrat="N&#xD;"/>
  <Strassen StrID="5976" StrName="Niendorferstraße" StrPLZ="39646" OrtID="340" Merkmal="1" Planquadrat="N&#xD;"/>
  <Strassen StrID="5978" StrName="Mühlenstraße" StrPLZ="31234" OrtID="128" Merkmal="1" Planquadrat="N&#xD;"/>
  <Strassen StrID="5979" StrName="Distelkamp" StrPLZ="30459" OrtID="1" Merkmal="1" Planquadrat="N&#xD;"/>
  <Strassen StrID="5981" StrName="Ernst-Grote-Straße" StrPLZ="30916" OrtID="21" Merkmal="1" Planquadrat="N&#xD;"/>
  <Strassen StrID="5983" StrName="Bischofsholer Damm" StrPLZ="30173" OrtID="1" Merkmal="1" Planquadrat="N&#xD;"/>
  <Strassen StrID="5984" StrName="Bismarckstraße" StrPLZ="30173" OrtID="1" Merkmal="1" Planquadrat="N&#xD;"/>
  <Strassen StrID="5985" StrName="Bispinger Weg" StrPLZ="30625" OrtID="1" Merkmal="1" Planquadrat="N&#xD;"/>
  <Strassen StrID="5986" StrName="Bissendorfer Straße" StrPLZ="30625" OrtID="1" Merkmal="1" Planquadrat="N&#xD;"/>
  <Strassen StrID="5987" StrName="Bleekstraße" StrPLZ="30559" OrtID="1" Merkmal="1" Planquadrat="N&#xD;"/>
  <Strassen StrID="5988" StrName="Bleichenstraße" StrPLZ="30169" OrtID="1" Merkmal="1" Planquadrat="N&#xD;"/>
  <Strassen StrID="5989" StrName="Bleidornstraße" StrPLZ="30655" OrtID="1" Merkmal="1" Planquadrat="N&#xD;"/>
  <Strassen StrID="5990" StrName="Blomeweg" StrPLZ="30625" OrtID="1" Merkmal="1" Planquadrat="N&#xD;"/>
  <Strassen StrID="5991" StrName="Blücherstraße" StrPLZ="30175" OrtID="1" Merkmal="1" Planquadrat="N&#xD;"/>
  <Strassen StrID="5992" StrName="Blumenauer Straße" StrPLZ="30449" OrtID="1" Merkmal="1" Planquadrat="N&#xD;"/>
  <Strassen StrID="5993" StrName="Blumenhagenstraße" StrPLZ="30167" OrtID="1" Merkmal="1" Planquadrat="N&#xD;"/>
  <Strassen StrID="5994" StrName="Blumenstraße" StrPLZ="30159" OrtID="1" Merkmal="1" Planquadrat="N&#xD;"/>
  <Strassen StrID="5995" StrName="Blumhardthof" StrPLZ="30625" OrtID="1" Merkmal="1" Planquadrat="N&#xD;"/>
  <Strassen StrID="5996" StrName="Blumhardtstraße" StrPLZ="30625" OrtID="1" Merkmal="1" Planquadrat="N&#xD;"/>
  <Strassen StrID="5997" StrName="Boberweg" StrPLZ="30559" OrtID="1" Merkmal="1" Planquadrat="N&#xD;"/>
  <Strassen StrID="5998" StrName="Böckerstraße" StrPLZ="30659" OrtID="1" Merkmal="1" Planquadrat="N&#xD;"/>
  <Strassen StrID="6000" StrName="Bockmerholzstraße" StrPLZ="30539" OrtID="1" Merkmal="1" Planquadrat="N&#xD;"/>
  <Strassen StrID="6001" StrName="Bocksdorn" StrPLZ="30655" OrtID="1" Merkmal="1" Planquadrat="N&#xD;"/>
  <Strassen StrID="6002" StrName="Bödekerstraße" StrPLZ="30161" OrtID="1" Merkmal="1" Planquadrat="N&#xD;"/>
  <Strassen StrID="6003" StrName="Bodenstabstraße" StrPLZ="30453" OrtID="1" Merkmal="1" Planquadrat="N&#xD;"/>
  <Strassen StrID="6004" StrName="Bodenstedtstraße" StrPLZ="30173" OrtID="1" Merkmal="1" Planquadrat="N&#xD;"/>
  <Strassen StrID="6005" StrName="Bodestraße" StrPLZ="30167" OrtID="1" Merkmal="1" Planquadrat="N&#xD;"/>
  <Strassen StrID="6006" StrName="Bodetalstraße" StrPLZ="30419" OrtID="1" Merkmal="1" Planquadrat="N&#xD;"/>
  <Strassen StrID="6007" StrName="Boelckestraße" StrPLZ="30163" OrtID="1" Merkmal="1" Planquadrat="N&#xD;"/>
  <Strassen StrID="6008" StrName="Bogenstraße" StrPLZ="30165" OrtID="1" Merkmal="1" Planquadrat="N&#xD;"/>
  <Strassen StrID="6009" StrName="Böhlaustraße" StrPLZ="30629" OrtID="1" Merkmal="1" Planquadrat="N&#xD;"/>
  <Strassen StrID="6010" StrName="Bohlendamm" StrPLZ="30159" OrtID="1" Merkmal="1" Planquadrat="N&#xD;"/>
  <Strassen StrID="6011" StrName="Böhmerstraße" StrPLZ="30173" OrtID="1" Merkmal="1" Planquadrat="N&#xD;"/>
  <Strassen StrID="6012" StrName="Böhmerwaldstraße" StrPLZ="30559" OrtID="1" Merkmal="1" Planquadrat="N&#xD;"/>
  <Strassen StrID="6013" StrName="Bohnhorststraße" StrPLZ="30165" OrtID="1" Merkmal="1" Planquadrat="N&#xD;"/>
  <Strassen StrID="6014" StrName="Boiestraße" StrPLZ="30177" OrtID="1" Merkmal="1" Planquadrat="N&#xD;"/>
  <Strassen StrID="6015" StrName="Bollnäser Straße" StrPLZ="30629" OrtID="1" Merkmal="1" Planquadrat="N&#xD;"/>
  <Strassen StrID="6016" StrName="Bölschestraße" StrPLZ="30173" OrtID="1" Merkmal="1" Planquadrat="N&#xD;"/>
  <Strassen StrID="6017" StrName="Bolzumer Straße" StrPLZ="30519" OrtID="1" Merkmal="1" Planquadrat="N&#xD;"/>
  <Strassen StrID="6018" StrName="Bömelburgstraße" StrPLZ="30165" OrtID="1" Merkmal="1" Planquadrat="N&#xD;"/>
  <Strassen StrID="6019" StrName="Bomgarstraße" StrPLZ="30419" OrtID="1" Merkmal="1" Planquadrat="N&#xD;"/>
  <Strassen StrID="6020" StrName="Bomhauerstraße" StrPLZ="30625" OrtID="1" Merkmal="1" Planquadrat="N&#xD;"/>
  <Strassen StrID="6021" StrName="Bonatzweg" StrPLZ="30559" OrtID="1" Merkmal="1" Planquadrat="N&#xD;"/>
  <Strassen StrID="6022" StrName="Bonhoefferstraße" StrPLZ="30457" OrtID="1" Merkmal="1" Planquadrat="N&#xD;"/>
  <Strassen StrID="6023" StrName="Bonifatiusplatz" StrPLZ="30161" OrtID="1" Merkmal="1" Planquadrat="N&#xD;"/>
  <Strassen StrID="6024" StrName="Bonner Straße" StrPLZ="30173" OrtID="1" Merkmal="1" Planquadrat="N&#xD;"/>
  <Strassen StrID="6025" StrName="Borcherstraße" StrPLZ="30559" OrtID="1" Merkmal="1" Planquadrat="N&#xD;"/>
  <Strassen StrID="6026" StrName="Borgentrickstraße" StrPLZ="30519" OrtID="1" Merkmal="1" Planquadrat="N&#xD;"/>
  <Strassen StrID="6027" StrName="Börgerstraße" StrPLZ="30539" OrtID="1" Merkmal="1" Planquadrat="N&#xD;"/>
  <Strassen StrID="6028" StrName="Borglingstraße" StrPLZ="30419" OrtID="1" Merkmal="1" Planquadrat="N&#xD;"/>
  <Strassen StrID="6030" StrName="Bormannweg" StrPLZ="30659" OrtID="1" Merkmal="1" Planquadrat="N&#xD;"/>
  <Strassen StrID="6031" StrName="Börnestraße" StrPLZ="30173" OrtID="1" Merkmal="1" Planquadrat="N&#xD;"/>
  <Strassen StrID="6032" StrName="Bornhof" StrPLZ="30627" OrtID="1" Merkmal="1" Planquadrat="N&#xD;"/>
  <Strassen StrID="6033" StrName="Bornholmer Weg" StrPLZ="30457" OrtID="1" Merkmal="1" Planquadrat="N&#xD;"/>
  <Strassen StrID="6034" StrName="Bornumer Straße" StrHausBereich="1-29,2-28" StrPLZ="30449" OrtID="1" Merkmal="1" Planquadrat="N&#xD;"/>
  <Strassen StrID="6035" StrName="Bornumer Straße" StrHausBereich="66-168,141-151" StrPLZ="30453" OrtID="1" Merkmal="1" Planquadrat="N&#xD;"/>
  <Strassen StrID="6036" StrName="Bornumer Weg" StrPLZ="30457" OrtID="1" Merkmal="1" Planquadrat="N&#xD;"/>
  <Strassen StrID="6037" StrName="Börriestraße" StrPLZ="30519" OrtID="1" Merkmal="1" Planquadrat="N&#xD;"/>
  <Strassen StrID="6038" StrName="Borsigweg" StrPLZ="30165" OrtID="1" Merkmal="1" Planquadrat="N&#xD;"/>
  <Strassen StrID="6039" StrName="Börsmannstraße" StrPLZ="30419" OrtID="1" Merkmal="1" Planquadrat="N&#xD;"/>
  <Strassen StrID="6040" StrName="Borstelmannstraße" StrPLZ="30539" OrtID="1" Merkmal="1" Planquadrat="N&#xD;"/>
  <Strassen StrID="6041" StrName="Boschhoh" StrPLZ="30655" OrtID="1" Merkmal="1" Planquadrat="N&#xD;"/>
  <Strassen StrID="6042" StrName="Boßdorfstraße" StrPLZ="30655" OrtID="1" Merkmal="1" Planquadrat="N&#xD;"/>
  <Strassen StrID="6043" StrName="Bothfelder Anger" StrPLZ="30659" OrtID="1" Merkmal="1" Planquadrat="N&#xD;"/>
  <Strassen StrID="6044" StrName="Bothfelder Kirchweg" StrPLZ="30659" OrtID="1" Merkmal="1" Planquadrat="N&#xD;"/>
  <Strassen StrID="6045" StrName="Bothfelder Straße" StrPLZ="30177" OrtID="1" Merkmal="1" Planquadrat="N&#xD;"/>
  <Strassen StrID="6046" StrName="Bothmerstraße" StrPLZ="30519" OrtID="1" Merkmal="1" Planquadrat="N&#xD;"/>
  <Strassen StrID="6047" StrName="Böttcherstraße" StrPLZ="30419" OrtID="1" Merkmal="1" Planquadrat="N&#xD;"/>
  <Strassen StrID="6048" StrName="Bozener Straße" StrPLZ="30519" OrtID="1" Merkmal="1" Planquadrat="N&#xD;"/>
  <Strassen StrID="6049" StrName="Braaschweg" StrPLZ="30659" OrtID="1" Merkmal="1" Planquadrat="N&#xD;"/>
  <Strassen StrID="6050" StrName="Brabeckstraße" StrHausBereich="1-49,2-96" StrPLZ="30559" OrtID="1" Merkmal="1" Planquadrat="N&#xD;"/>
  <Strassen StrID="6051" StrName="Brabeckstraße" StrHausBereich="51-Ende,98-Ende" StrPLZ="30539" OrtID="1" Merkmal="1" Planquadrat="N&#xD;"/>
  <Strassen StrID="6052" StrName="Brachvogelweg" StrPLZ="30455" OrtID="1" Merkmal="1" Planquadrat="N&#xD;"/>
  <Strassen StrID="6053" StrName="Brackebuschstraße" StrPLZ="30451" OrtID="1" Merkmal="1" Planquadrat="N&#xD;"/>
  <Strassen StrID="6054" StrName="Brahmsstraße" StrPLZ="30177" OrtID="1" Merkmal="1" Planquadrat="N&#xD;"/>
  <Strassen StrID="6055" StrName="Brakestraße" StrPLZ="30559" OrtID="1" Merkmal="1" Planquadrat="N&#xD;"/>
  <Strassen StrID="6056" StrName="Brandensteinstraße" StrPLZ="30519" OrtID="1" Merkmal="1" Planquadrat="N&#xD;"/>
  <Strassen StrID="6057" StrName="Brandestraße" StrPLZ="30519" OrtID="1" Merkmal="1" Planquadrat="N&#xD;"/>
  <Strassen StrID="6058" StrName="Brandmeierstraße" StrPLZ="30655" OrtID="1" Merkmal="1" Planquadrat="N&#xD;"/>
  <Strassen StrID="6059" StrName="Brandriede" StrPLZ="30419" OrtID="1" Merkmal="1" Planquadrat="N&#xD;"/>
  <Strassen StrID="6060" StrName="Brandstraße" StrPLZ="30169" OrtID="1" Merkmal="1" Planquadrat="N&#xD;"/>
  <Strassen StrID="6061" StrName="Brauhofstraße" StrPLZ="30449" OrtID="1" Merkmal="1" Planquadrat="N&#xD;"/>
  <Strassen StrID="6062" StrName="Braunschweiger Straße" StrPLZ="30173" OrtID="1" Merkmal="1" Planquadrat="N&#xD;"/>
  <Strassen StrID="6063" StrName="Braunstraße" StrPLZ="30169" OrtID="1" Merkmal="1" Planquadrat="N&#xD;"/>
  <Strassen StrID="6064" StrName="Bredenbecker Straße" StrPLZ="30449" OrtID="1" Merkmal="1" Planquadrat="N&#xD;"/>
  <Strassen StrID="6065" StrName="Bregenzer Straße" StrPLZ="30519" OrtID="1" Merkmal="1" Planquadrat="N&#xD;"/>
  <Strassen StrID="6066" StrName="Brehmhof" StrPLZ="30173" OrtID="1" Merkmal="1" Planquadrat="N&#xD;"/>
  <Strassen StrID="6067" StrName="Brehmstraße" StrPLZ="30173" OrtID="1" Merkmal="1" Planquadrat="N&#xD;"/>
  <Strassen StrID="6068" StrName="Breite Straße" StrPLZ="30159" OrtID="1" Merkmal="1" Planquadrat="N&#xD;"/>
  <Strassen StrID="6069" StrName="Breithauptstraße" StrPLZ="30625" OrtID="1" Merkmal="1" Planquadrat="N&#xD;"/>
  <Strassen StrID="6070" StrName="Breitzkeweg" StrPLZ="30457" OrtID="1" Merkmal="1" Planquadrat="N&#xD;"/>
  <Strassen StrID="6071" StrName="Brelinger Hof" StrPLZ="30625" OrtID="1" Merkmal="1" Planquadrat="N&#xD;"/>
  <Strassen StrID="6072" StrName="Bremer Straße" StrPLZ="30419" OrtID="1" Merkmal="1" Planquadrat="N&#xD;"/>
  <Strassen StrID="6073" StrName="Brentanostraße" StrPLZ="30625" OrtID="1" Merkmal="1" Planquadrat="N&#xD;"/>
  <Strassen StrID="6074" StrName="Breslauer Straße" StrPLZ="30519" OrtID="1" Merkmal="1" Planquadrat="N&#xD;"/>
  <Strassen StrID="6075" StrName="Brieger Weg" StrPLZ="30519" OrtID="1" Merkmal="1" Planquadrat="N&#xD;"/>
  <Strassen StrID="6076" StrName="Brinckmannstraße" StrPLZ="30177" OrtID="1" Merkmal="1" Planquadrat="N&#xD;"/>
  <Strassen StrID="6077" StrName="Brinkwiesen" StrPLZ="30657" OrtID="1" Merkmal="1" Planquadrat="N&#xD;"/>
  <Strassen StrID="6078" StrName="Bristoler Straße" StrPLZ="30175" OrtID="1" Merkmal="1" Planquadrat="N&#xD;"/>
  <Strassen StrID="6079" StrName="Brockenweg" StrPLZ="30419" OrtID="1" Merkmal="1" Planquadrat="N&#xD;"/>
  <Strassen StrID="6080" StrName="Bromberger Straße" StrPLZ="30659" OrtID="1" Merkmal="1" Planquadrat="N&#xD;"/>
  <Strassen StrID="6081" StrName="Bronsartstraße" StrPLZ="30161" OrtID="1" Merkmal="1" Planquadrat="N&#xD;"/>
  <Strassen StrID="6082" StrName="Broyanstraße" StrPLZ="30419" OrtID="1" Merkmal="1" Planquadrat="N&#xD;"/>
  <Strassen StrID="6083" StrName="Brucknerring" StrPLZ="30629" OrtID="1" Merkmal="1" Planquadrat="N&#xD;"/>
  <Strassen StrID="6084" StrName="Brückstraße" StrPLZ="30519" OrtID="1" Merkmal="1" Planquadrat="N&#xD;"/>
  <Strassen StrID="6085" StrName="Brüder-Grimm-Weg" StrPLZ="30453" OrtID="1" Merkmal="1" Planquadrat="N&#xD;"/>
  <Strassen StrID="6086" StrName="Brüderstraße" StrPLZ="30159" OrtID="1" Merkmal="1" Planquadrat="N&#xD;"/>
  <Strassen StrID="6087" StrName="Brüggemannhof" StrPLZ="30167" OrtID="1" Merkmal="1" Planquadrat="N&#xD;"/>
  <Strassen StrID="6088" StrName="Brühlstraße" StrPLZ="30169" OrtID="1" Merkmal="1" Planquadrat="N&#xD;"/>
  <Strassen StrID="6089" StrName="Brunekamp" StrPLZ="30657" OrtID="1" Merkmal="1" Planquadrat="N&#xD;"/>
  <Strassen StrID="6090" StrName="Brunhildenweg" StrPLZ="30455" OrtID="1" Merkmal="1" Planquadrat="N&#xD;"/>
  <Strassen StrID="6091" StrName="Brunnenstraße" StrPLZ="30453" OrtID="1" Merkmal="1" Planquadrat="N&#xD;"/>
  <Strassen StrID="6092" StrName="Brunnentreff Mittelfeld" StrPLZ="30519" OrtID="1" Merkmal="1" Planquadrat="N&#xD;"/>
  <Strassen StrID="6093" StrName="Brüsseler Straße" StrPLZ="30539" OrtID="1" Merkmal="1" Planquadrat="N&#xD;"/>
  <Strassen StrID="6094" StrName="Buchenhain" StrPLZ="30629" OrtID="1" Merkmal="1" Planquadrat="N&#xD;"/>
  <Strassen StrID="6095" StrName="Buchenplan" StrPLZ="30655" OrtID="1" Merkmal="1" Planquadrat="N&#xD;"/>
  <Strassen StrID="6096" StrName="Buchholzer Straße" StrHausBereich="1-85,2-86" StrPLZ="30629" OrtID="1" Merkmal="1" Planquadrat="N&#xD;"/>
  <Strassen StrID="6097" StrName="Buchholzer Straße" StrHausBereich="100" StrPLZ="30655" OrtID="1" Merkmal="1" Planquadrat="N&#xD;"/>
  <Strassen StrID="6098" StrName="Buchnerstraße" StrPLZ="30627" OrtID="1" Merkmal="1" Planquadrat="N&#xD;"/>
  <Strassen StrID="6099" StrName="Buchweizenfeld" StrPLZ="30657" OrtID="1" Merkmal="1" Planquadrat="N&#xD;"/>
  <Strassen StrID="6100" StrName="Bückeburger Allee" StrHausBereich="2-2A" StrPLZ="30459" OrtID="1" Merkmal="1" Planquadrat="N&#xD;"/>
  <Strassen StrID="6101" StrName="Bückeburger Allee" StrHausBereich="7" StrPLZ="30453" OrtID="1" Merkmal="1" Planquadrat="N&#xD;"/>
  <Strassen StrID="6102" StrName="Buddeweg" StrPLZ="30419" OrtID="1" Merkmal="1" Planquadrat="N&#xD;"/>
  <Strassen StrID="6103" StrName="Bugenhagenstraße" StrPLZ="30165" OrtID="1" Merkmal="1" Planquadrat="N&#xD;"/>
  <Strassen StrID="6105" StrName="Bülowstraße" StrPLZ="30163" OrtID="1" Merkmal="1" Planquadrat="N&#xD;"/>
  <Strassen StrID="6106" StrName="Bultstraße" StrPLZ="30159" OrtID="1" Merkmal="1" Planquadrat="N&#xD;"/>
  <Strassen StrID="6107" StrName="Bunnenbergstraße" StrPLZ="30165" OrtID="1" Merkmal="1" Planquadrat="N&#xD;"/>
  <Strassen StrID="6108" StrName="Bunsenstraße" StrPLZ="30163" OrtID="1" Merkmal="1" Planquadrat="N&#xD;"/>
  <Strassen StrID="6109" StrName="Bünteroder Straße" StrPLZ="30559" OrtID="1" Merkmal="1" Planquadrat="N&#xD;"/>
  <Strassen StrID="6110" StrName="Bünteweg" StrPLZ="30559" OrtID="1" Merkmal="1" Planquadrat="N&#xD;"/>
  <Strassen StrID="6111" StrName="Bunzlauer Weg" StrPLZ="30519" OrtID="1" Merkmal="1" Planquadrat="N&#xD;"/>
  <Strassen StrID="6112" StrName="Burckhardtstraße" StrPLZ="30163" OrtID="1" Merkmal="1" Planquadrat="N&#xD;"/>
  <Strassen StrID="6113" StrName="Burgdorfer Damm" StrPLZ="30625" OrtID="1" Merkmal="1" Planquadrat="N&#xD;"/>
  <Strassen StrID="6115" StrName="Bürgermeister-Pott-Weg" StrPLZ="30161" OrtID="1" Merkmal="1" Planquadrat="N&#xD;"/>
  <Strassen StrID="6116" StrName="Bürgermeister-Stümpel-Weg" StrPLZ="30457" OrtID="1" Merkmal="1" Planquadrat="N&#xD;"/>
  <Strassen StrID="6117" StrName="Bürgerstraße" StrPLZ="30161" OrtID="1" Merkmal="1" Planquadrat="N&#xD;"/>
  <Strassen StrID="6118" StrName="Burgstraße" StrPLZ="30159" OrtID="1" Merkmal="1" Planquadrat="N&#xD;"/>
  <Strassen StrID="6119" StrName="Burgundische Straße" StrPLZ="30455" OrtID="1" Merkmal="1" Planquadrat="N&#xD;"/>
  <Strassen StrID="6120" StrName="Burgwedeler Straße" StrPLZ="30657" OrtID="1" Merkmal="1" Planquadrat="N&#xD;"/>
  <Strassen StrID="6121" StrName="Burgweg" StrPLZ="30419" OrtID="1" Merkmal="1" Planquadrat="N&#xD;"/>
  <Strassen StrID="6122" StrName="Buschriede" StrPLZ="30419" OrtID="1" Merkmal="1" Planquadrat="N&#xD;"/>
  <Strassen StrID="6123" StrName="Bussardweg" StrPLZ="30629" OrtID="1" Merkmal="1" Planquadrat="N&#xD;"/>
  <Strassen StrID="6124" StrName="Bussestraße" StrPLZ="30655" OrtID="1" Merkmal="1" Planquadrat="N&#xD;"/>
  <Strassen StrID="6125" StrName="Bussilliatweg" StrPLZ="30419" OrtID="1" Merkmal="1" Planquadrat="N&#xD;"/>
  <Strassen StrID="6126" StrName="Büssingweg" StrPLZ="30165" OrtID="1" Merkmal="1" Planquadrat="N&#xD;"/>
  <Strassen StrID="6127" StrName="Butanstraße" StrPLZ="30419" OrtID="1" Merkmal="1" Planquadrat="N&#xD;"/>
  <Strassen StrID="6128" StrName="Büteroder Weg" StrPLZ="30539" OrtID="1" Merkmal="1" Planquadrat="N&#xD;"/>
  <Strassen StrID="6129" StrName="Bütersworthstraße" StrPLZ="30161" OrtID="1" Merkmal="1" Planquadrat="N&#xD;"/>
  <Strassen StrID="6130" StrName="Büttnerstraße" StrPLZ="30165" OrtID="1" Merkmal="1" Planquadrat="N&#xD;"/>
  <Strassen StrID="6131" StrName="Cäcilienstraße" StrPLZ="30519" OrtID="1" Merkmal="1" Planquadrat="N&#xD;"/>
  <Strassen StrID="6132" StrName="Callinstraße" StrPLZ="30167" OrtID="1" Merkmal="1" Planquadrat="N&#xD;"/>
  <Strassen StrID="6133" StrName="Calenberger Straße" StrPLZ="30169" OrtID="1" Merkmal="1" Planquadrat="N&#xD;"/>
  <Strassen StrID="6134" StrName="Cambridgeweg" StrPLZ="30163" OrtID="1" Merkmal="1" Planquadrat="N&#xD;"/>
  <Strassen StrID="6135" StrName="Canarisweg" StrPLZ="30457" OrtID="1" Merkmal="1" Planquadrat="N&#xD;"/>
  <Strassen StrID="6136" StrName="Carl-Buderus-Straße" StrPLZ="30455" OrtID="1" Merkmal="1" Planquadrat="N&#xD;"/>
  <Strassen StrID="6137" StrName="Carl-Hornemann-Straße" StrPLZ="30177" OrtID="1" Merkmal="1" Planquadrat="N&#xD;"/>
  <Strassen StrID="6138" StrName="Carl-Loges-Straße" StrPLZ="30657" OrtID="1" Merkmal="1" Planquadrat="N&#xD;"/>
  <Strassen StrID="6139" StrName="Carl-Neuberg-Straße" StrPLZ="30625" OrtID="1" Merkmal="1" Planquadrat="N&#xD;"/>
  <Strassen StrID="6140" StrName="Carlo-Schmid-Allee" StrPLZ="30455" OrtID="1" Merkmal="1" Planquadrat="N&#xD;"/>
  <Strassen StrID="6141" StrName="Celler Straße" StrPLZ="30161" OrtID="1" Merkmal="1" Planquadrat="N&#xD;"/>
  <Strassen StrID="6142" StrName="Chamissostraße" StrPLZ="30165" OrtID="1" Merkmal="1" Planquadrat="N&#xD;"/>
  <Strassen StrID="6143" StrName="Charlottenstraße" StrPLZ="30449" OrtID="1" Merkmal="1" Planquadrat="N&#xD;"/>
  <Strassen StrID="6144" StrName="Chemnitzer Straße" StrPLZ="30179" OrtID="1" Merkmal="1" Planquadrat="N&#xD;"/>
  <Strassen StrID="6145" StrName="Christel-Keppler-Weg" StrPLZ="30453" OrtID="1" Merkmal="1" Planquadrat="N&#xD;"/>
  <Strassen StrID="6146" StrName="Christian-Flemes-Weg" StrPLZ="30657" OrtID="1" Merkmal="1" Planquadrat="N&#xD;"/>
  <Strassen StrID="6147" StrName="Christianplatz" StrPLZ="30459" OrtID="1" Merkmal="1" Planquadrat="N&#xD;"/>
  <Strassen StrID="6148" StrName="Cillienstraße" StrPLZ="30165" OrtID="1" Merkmal="1" Planquadrat="N&#xD;"/>
  <Strassen StrID="6149" StrName="Claudiusstraße" StrPLZ="30519" OrtID="1" Merkmal="1" Planquadrat="N&#xD;"/>
  <Strassen StrID="6150" StrName="Clausewitzstraße" StrPLZ="30175" OrtID="1" Merkmal="1" Planquadrat="N&#xD;"/>
  <Strassen StrID="6151" StrName="Clausthaler Weg" StrPLZ="30419" OrtID="1" Merkmal="1" Planquadrat="N&#xD;"/>
  <Strassen StrID="6152" StrName="Clemensstraße" StrPLZ="30169" OrtID="1" Merkmal="1" Planquadrat="N&#xD;"/>
  <Strassen StrID="6153" StrName="Clemenswerther Weg" StrPLZ="30539" OrtID="1" Merkmal="1" Planquadrat="N&#xD;"/>
  <Strassen StrID="6154" StrName="Colmarstraße" StrPLZ="30559" OrtID="1" Merkmal="1" Planquadrat="N&#xD;"/>
  <Strassen StrID="6155" StrName="Colshornweg" StrPLZ="30629" OrtID="1" Merkmal="1" Planquadrat="N&#xD;"/>
  <Strassen StrID="6156" StrName="Comeniusstraße" StrPLZ="30451" OrtID="1" Merkmal="1" Planquadrat="N&#xD;"/>
  <Strassen StrID="6157" StrName="Constantinstraße" StrPLZ="30177" OrtID="1" Merkmal="1" Planquadrat="N&#xD;"/>
  <Strassen StrID="6158" StrName="Continentalplatz" StrPLZ="30165" OrtID="1" Merkmal="1" Planquadrat="N&#xD;"/>
  <Strassen StrID="6159" StrName="Continentalstraße" StrPLZ="30627" OrtID="1" Merkmal="1" Planquadrat="N&#xD;"/>
  <Strassen StrID="6160" StrName="Cordweg" StrPLZ="30419" OrtID="1" Merkmal="1" Planquadrat="N&#xD;"/>
  <Strassen StrID="6161" StrName="Corinthstraße" StrPLZ="30655" OrtID="1" Merkmal="1" Planquadrat="N&#xD;"/>
  <Strassen StrID="6162" StrName="Corneliusstraße" StrPLZ="30655" OrtID="1" Merkmal="1" Planquadrat="N&#xD;"/>
  <Strassen StrID="6163" StrName="Corrensweg" StrPLZ="30627" OrtID="1" Merkmal="1" Planquadrat="N&#xD;"/>
  <Strassen StrID="6164" StrName="Corvinusweg" StrPLZ="30159" OrtID="1" Merkmal="1" Planquadrat="N&#xD;"/>
  <Strassen StrID="6165" StrName="Cranachstraße" StrPLZ="30177" OrtID="1" Merkmal="1" Planquadrat="N&#xD;"/>
  <Strassen StrID="6166" StrName="Cranzer Weg" StrPLZ="30657" OrtID="1" Merkmal="1" Planquadrat="N&#xD;"/>
  <Strassen StrID="6167" StrName="Crappiusstraße" StrPLZ="30625" OrtID="1" Merkmal="1" Planquadrat="N&#xD;"/>
  <Strassen StrID="6168" StrName="Crednerhof" StrPLZ="30455" OrtID="1" Merkmal="1" Planquadrat="N&#xD;"/>
  <Strassen StrID="6169" StrName="Croppstraße" StrPLZ="30629" OrtID="1" Merkmal="1" Planquadrat="N&#xD;"/>
  <Strassen StrID="6170" StrName="Crusiusstraße" StrPLZ="30419" OrtID="1" Merkmal="1" Planquadrat="N&#xD;"/>
  <Strassen StrID="6171" StrName="Crystallstraße" StrPLZ="30419" OrtID="1" Merkmal="1" Planquadrat="N&#xD;"/>
  <Strassen StrID="6172" StrName="Culemannstraße" StrPLZ="30169" OrtID="1" Merkmal="1" Planquadrat="N&#xD;"/>
  <Strassen StrID="6173" StrName="Culemeyertrift" StrPLZ="30419" OrtID="1" Merkmal="1" Planquadrat="N&#xD;"/>
  <Strassen StrID="6174" StrName="Curiehof" StrPLZ="30627" OrtID="1" Merkmal="1" Planquadrat="N&#xD;"/>
  <Strassen StrID="6175" StrName="Cuxhafener Hof" StrPLZ="30419" OrtID="1" Merkmal="1" Planquadrat="N&#xD;"/>
  <Strassen StrID="6176" StrName="Dachenhausenstraße" StrPLZ="30169" OrtID="1" Merkmal="1" Planquadrat="N&#xD;"/>
  <Strassen StrID="6177" StrName="Dachstrift" StrPLZ="30657" OrtID="1" Merkmal="1" Planquadrat="N&#xD;"/>
  <Strassen StrID="6178" StrName="Dahlgrünweg" StrPLZ="30659" OrtID="1" Merkmal="1" Planquadrat="N&#xD;"/>
  <Strassen StrID="6179" StrName="Dahnstraße" StrPLZ="30177" OrtID="1" Merkmal="1" Planquadrat="N&#xD;"/>
  <Strassen StrID="6180" StrName="Daimlerstraße" StrPLZ="30165" OrtID="1" Merkmal="1" Planquadrat="N&#xD;"/>
  <Strassen StrID="6181" StrName="Dalemstraße" StrPLZ="30451" OrtID="1" Merkmal="1" Planquadrat="N&#xD;"/>
  <Strassen StrID="6182" StrName="Damaschkestraße" StrPLZ="30659" OrtID="1" Merkmal="1" Planquadrat="N&#xD;"/>
  <Strassen StrID="6183" StrName="Dammannstraße" StrPLZ="30173" OrtID="1" Merkmal="1" Planquadrat="N&#xD;"/>
  <Strassen StrID="6184" StrName="Dammstraße" StrPLZ="30419" OrtID="1" Merkmal="1" Planquadrat="N&#xD;"/>
  <Strassen StrID="6185" StrName="Dangersstraße" StrPLZ="30419" OrtID="1" Merkmal="1" Planquadrat="N&#xD;"/>
  <Strassen StrID="6186" StrName="Dannenbergstraße" StrPLZ="30459" OrtID="1" Merkmal="1" Planquadrat="N&#xD;"/>
  <Strassen StrID="6187" StrName="Danziger Straße" StrPLZ="30457" OrtID="1" Merkmal="1" Planquadrat="N&#xD;"/>
  <Strassen StrID="6188" StrName="Darwinstraße" StrPLZ="30165" OrtID="1" Merkmal="1" Planquadrat="N&#xD;"/>
  <Strassen StrID="6189" StrName="Das Mühlenfeld" StrPLZ="30627" OrtID="1" Merkmal="1" Planquadrat="N&#xD;"/>
  <Strassen StrID="6190" StrName="Däumlingweg" StrPLZ="30179" OrtID="1" Merkmal="1" Planquadrat="N&#xD;"/>
  <Strassen StrID="6191" StrName="Davenstedter Holz" StrPLZ="30455" OrtID="1" Merkmal="1" Planquadrat="N&#xD;"/>
  <Strassen StrID="6192" StrName="Davenstedter Markt" StrPLZ="30455" OrtID="1" Merkmal="1" Planquadrat="N&#xD;"/>
  <Strassen StrID="6193" StrName="Davenstedter Platz" StrPLZ="30455" OrtID="1" Merkmal="1" Planquadrat="N&#xD;"/>
  <Strassen StrID="6194" StrName="Davenstedter Straße" StrHausBereich="154-252,183-282" StrPLZ="30455" OrtID="1" Merkmal="1" Planquadrat="N&#xD;"/>
  <Strassen StrID="6195" StrName="Davenstedter Straße" StrHausBereich="3-47,4-58" StrPLZ="30449" OrtID="1" Merkmal="1" Planquadrat="N&#xD;"/>
  <Strassen StrID="6196" StrName="Davenstedter Straße" StrHausBereich="60-152,61-159" StrPLZ="30453" OrtID="1" Merkmal="1" Planquadrat="N&#xD;"/>
  <Strassen StrID="6197" StrName="De-Haen-Platz" StrPLZ="30163" OrtID="1" Merkmal="1" Planquadrat="N&#xD;"/>
  <Strassen StrID="6198" StrName="De-Vries-Hof" StrPLZ="30627" OrtID="1" Merkmal="1" Planquadrat="N&#xD;"/>
  <Strassen StrID="6199" StrName="Debberoder Straße" StrPLZ="30539" OrtID="1" Merkmal="1" Planquadrat="N&#xD;"/>
  <Strassen StrID="6200" StrName="Defreggerstraße" StrPLZ="30655" OrtID="1" Merkmal="1" Planquadrat="N&#xD;"/>
  <Strassen StrID="6201" StrName="Deichmannstraße" StrPLZ="30163" OrtID="1" Merkmal="1" Planquadrat="N&#xD;"/>
  <Strassen StrID="6202" StrName="Deimeweg" StrPLZ="30559" OrtID="1" Merkmal="1" Planquadrat="N&#xD;"/>
  <Strassen StrID="6203" StrName="Deisterplatz" StrPLZ="30453" OrtID="1" Merkmal="1" Planquadrat="N&#xD;"/>
  <Strassen StrID="6204" StrName="Deisterstraße" StrPLZ="30449" OrtID="1" Merkmal="1" Planquadrat="N&#xD;"/>
  <Strassen StrID="6205" StrName="Delpweg" StrPLZ="30457" OrtID="1" Merkmal="1" Planquadrat="N&#xD;"/>
  <Strassen StrID="6206" StrName="Denickeweg" StrPLZ="30629" OrtID="1" Merkmal="1" Planquadrat="N&#xD;"/>
  <Strassen StrID="6207" StrName="Dennewitzstraße" StrPLZ="30163" OrtID="1" Merkmal="1" Planquadrat="N&#xD;"/>
  <Strassen StrID="6208" StrName="Derfflingerstraße" StrPLZ="30161" OrtID="1" Merkmal="1" Planquadrat="N&#xD;"/>
  <Strassen StrID="6209" StrName="Dessauerstraße" StrPLZ="30161" OrtID="1" Merkmal="1" Planquadrat="N&#xD;"/>
  <Strassen StrID="6210" StrName="Detmoldstraße" StrPLZ="30171" OrtID="1" Merkmal="1" Planquadrat="N&#xD;"/>
  <Strassen StrID="6211" StrName="Deveser Straße" StrPLZ="30457" OrtID="1" Merkmal="1" Planquadrat="N&#xD;"/>
  <Strassen StrID="6212" StrName="Devonweg" StrPLZ="30455" OrtID="1" Merkmal="1" Planquadrat="N&#xD;"/>
  <Strassen StrID="6213" StrName="Devrientstraße" StrPLZ="30173" OrtID="1" Merkmal="1" Planquadrat="N&#xD;"/>
  <Strassen StrID="6214" StrName="Dickensstraße" StrPLZ="30175" OrtID="1" Merkmal="1" Planquadrat="N&#xD;"/>
  <Strassen StrID="6215" StrName="Dieckbornstraße" StrPLZ="30449" OrtID="1" Merkmal="1" Planquadrat="N&#xD;"/>
  <Strassen StrID="6216" StrName="Dieckmannstraße" StrPLZ="30171" OrtID="1" Merkmal="1" Planquadrat="N&#xD;"/>
  <Strassen StrID="6217" StrName="Diedenhofener Straße" StrPLZ="30559" OrtID="1" Merkmal="1" Planquadrat="N&#xD;"/>
  <Strassen StrID="6218" StrName="Dienemannhof" StrPLZ="30455" OrtID="1" Merkmal="1" Planquadrat="N&#xD;"/>
  <Strassen StrID="6219" StrName="Dieselstraße" StrPLZ="30453" OrtID="1" Merkmal="1" Planquadrat="N&#xD;"/>
  <Strassen StrID="6220" StrName="Diesterwegstraße" StrPLZ="30455" OrtID="1" Merkmal="1" Planquadrat="N&#xD;"/>
  <Strassen StrID="6222" StrName="Dietger-Ederhof-Weg" StrPLZ="30629" OrtID="1" Merkmal="1" Planquadrat="N&#xD;"/>
  <Strassen StrID="6223" StrName="Dingelstedtstraße" StrPLZ="30657" OrtID="1" Merkmal="1" Planquadrat="N&#xD;"/>
  <Strassen StrID="6224" StrName="Distelborn" StrPLZ="30457" OrtID="1" Merkmal="1" Planquadrat="N&#xD;"/>
  <Strassen StrID="6226" StrName="Ditterker Straße" StrPLZ="30459" OrtID="1" Merkmal="1" Planquadrat="N&#xD;"/>
  <Strassen StrID="6227" StrName="Dittmerstraße" StrPLZ="30519" OrtID="1" Merkmal="1" Planquadrat="N&#xD;"/>
  <Strassen StrID="6228" StrName="Döbbeckehof" StrPLZ="30659" OrtID="1" Merkmal="1" Planquadrat="N&#xD;"/>
  <Strassen StrID="6229" StrName="Döbbeckestraße" StrPLZ="30419" OrtID="1" Merkmal="1" Planquadrat="N&#xD;"/>
  <Strassen StrID="6230" StrName="Doggerweg" StrPLZ="30455" OrtID="1" Merkmal="1" Planquadrat="N&#xD;"/>
  <Strassen StrID="6231" StrName="Dohmeyers Weg" StrPLZ="30625" OrtID="1" Merkmal="1" Planquadrat="N&#xD;"/>
  <Strassen StrID="6232" StrName="Dohnanyiweg" StrPLZ="30457" OrtID="1" Merkmal="1" Planquadrat="N&#xD;"/>
  <Strassen StrID="6233" StrName="Döhrbruch" StrPLZ="30559" OrtID="1" Merkmal="1" Planquadrat="N&#xD;"/>
  <Strassen StrID="6234" StrName="Döhrener Brücke" StrPLZ="30519" OrtID="1" Merkmal="1" Planquadrat="N&#xD;"/>
  <Strassen StrID="6235" StrName="Döhrener Masch" StrPLZ="30519" OrtID="1" Merkmal="1" Planquadrat="N&#xD;"/>
  <Strassen StrID="6237" StrName="Döhrener Mühle" StrPLZ="30519" OrtID="1" Merkmal="1" Planquadrat="N&#xD;"/>
  <Strassen StrID="6238" StrName="Döhrener-Wolle-Platz" StrPLZ="30519" OrtID="1" Merkmal="1" Planquadrat="N&#xD;"/>
  <Strassen StrID="6239" StrName="Dölfesweg" StrPLZ="30659" OrtID="1" Merkmal="1" Planquadrat="N&#xD;"/>
  <Strassen StrID="6240" StrName="Dolomitweg" StrPLZ="30455" OrtID="1" Merkmal="1" Planquadrat="N&#xD;"/>
  <Strassen StrID="6241" StrName="Domagkweg" StrPLZ="30627" OrtID="1" Merkmal="1" Planquadrat="N&#xD;"/>
  <Strassen StrID="6242" StrName="Dömitzer Straße" StrPLZ="30625" OrtID="1" Merkmal="1" Planquadrat="N&#xD;"/>
  <Strassen StrID="6243" StrName="Don-Bosco-Weg" StrPLZ="30627" OrtID="1" Merkmal="1" Planquadrat="N&#xD;"/>
  <Strassen StrID="6244" StrName="Donarweg" StrPLZ="30657" OrtID="1" Merkmal="1" Planquadrat="N&#xD;"/>
  <Strassen StrID="6245" StrName="Donaustraße" StrPLZ="30519" OrtID="1" Merkmal="1" Planquadrat="N&#xD;"/>
  <Strassen StrID="6246" StrName="Dopmeyerhof" StrPLZ="30655" OrtID="1" Merkmal="1" Planquadrat="N&#xD;"/>
  <Strassen StrID="6247" StrName="Dorfmarkhof" StrPLZ="30625" OrtID="1" Merkmal="1" Planquadrat="N&#xD;"/>
  <Strassen StrID="6248" StrName="Dorfstraße" StrPLZ="30519" OrtID="1" Merkmal="1" Planquadrat="N&#xD;"/>
  <Strassen StrID="6249" StrName="Dorfmannstraße" StrPLZ="30459" OrtID="1" Merkmal="1" Planquadrat="N&#xD;"/>
  <Strassen StrID="6250" StrName="Dörnbergstraße" StrPLZ="30161" OrtID="1" Merkmal="1" Planquadrat="N&#xD;"/>
  <Strassen StrID="6251" StrName="Dornierstraße" StrPLZ="30179" OrtID="1" Merkmal="1" Planquadrat="N&#xD;"/>
  <Strassen StrID="6252" StrName="Dorninge" StrPLZ="30419" OrtID="1" Merkmal="1" Planquadrat="N&#xD;"/>
  <Strassen StrID="6253" StrName="Dornröschenweg" StrPLZ="30179" OrtID="1" Merkmal="1" Planquadrat="N&#xD;"/>
  <Strassen StrID="6254" StrName="Dorotheenstraße" StrPLZ="30419" OrtID="1" Merkmal="1" Planquadrat="N&#xD;"/>
  <Strassen StrID="6255" StrName="Dorpater Straße" StrPLZ="30419" OrtID="1" Merkmal="1" Planquadrat="N&#xD;"/>
  <Strassen StrID="6256" StrName="Dörpefeld" StrPLZ="30419" OrtID="1" Merkmal="1" Planquadrat="N&#xD;"/>
  <Strassen StrID="6257" StrName="Dörriesplatz" StrPLZ="30625" OrtID="1" Merkmal="1" Planquadrat="N&#xD;"/>
  <Strassen StrID="6258" StrName="Drachenfeld" StrPLZ="30627" OrtID="1" Merkmal="1" Planquadrat="N&#xD;"/>
  <Strassen StrID="6259" StrName="Dragonerstraße" StrHausBereich="1-15,2-24" StrPLZ="30165" OrtID="1" Merkmal="1" Planquadrat="N&#xD;"/>
  <Strassen StrID="6260" StrName="Dragonerstaße" StrHausBereich="17-Ende,26-Ende" StrPLZ="30163" OrtID="1" Merkmal="1" Planquadrat="N&#xD;"/>
  <Strassen StrID="6261" StrName="Dreibirkenweg" StrPLZ="30539" OrtID="1" Merkmal="1" Planquadrat="N&#xD;"/>
  <Strassen StrID="6262" StrName="Dreihornstraße" StrPLZ="30659" OrtID="1" Merkmal="1" Planquadrat="N&#xD;"/>
  <Strassen StrID="6263" StrName="Dreikreuzenstraße" StrPLZ="30449" OrtID="1" Merkmal="1" Planquadrat="N&#xD;"/>
  <Strassen StrID="6264" StrName="Drenkriede" StrPLZ="30657" OrtID="1" Merkmal="1" Planquadrat="N&#xD;"/>
  <Strassen StrID="6265" StrName="Dresdener Straße" StrPLZ="30179" OrtID="1" Merkmal="1" Planquadrat="N&#xD;"/>
  <Strassen StrID="6266" StrName="Drewenzweg" StrPLZ="30559" OrtID="1" Merkmal="1" Planquadrat="N&#xD;"/>
  <Strassen StrID="6267" StrName="Dreyerstraße" StrPLZ="30169" OrtID="1" Merkmal="1" Planquadrat="N&#xD;"/>
  <Strassen StrID="6268" StrName="Droehnenstraße" StrPLZ="30455" OrtID="1" Merkmal="1" Planquadrat="N&#xD;"/>
  <Strassen StrID="6269" StrName="Drosselbartweg" StrPLZ="30179" OrtID="1" Merkmal="1" Planquadrat="N&#xD;"/>
  <Strassen StrID="6270" StrName="Drosselgasse" StrPLZ="30455" OrtID="1" Merkmal="1" Planquadrat="N&#xD;"/>
  <Strassen StrID="6271" StrName="Drosselweg" StrPLZ="30559" OrtID="1" Merkmal="1" Planquadrat="N&#xD;"/>
  <Strassen StrID="6272" StrName="Drostestraße" StrPLZ="30161" OrtID="1" Merkmal="1" Planquadrat="N&#xD;"/>
  <Strassen StrID="6273" StrName="Dudweilerstraße" StrPLZ="30559" OrtID="1" Merkmal="1" Planquadrat="N&#xD;"/>
  <Strassen StrID="6274" StrName="Duisburger Straße" StrPLZ="30173" OrtID="1" Merkmal="1" Planquadrat="N&#xD;"/>
  <Strassen StrID="6275" StrName="Dunantstraße" StrPLZ="30179" OrtID="1" Merkmal="1" Planquadrat="N&#xD;"/>
  <Strassen StrID="6276" StrName="Dünenweg" StrPLZ="30419" OrtID="1" Merkmal="1" Planquadrat="N&#xD;"/>
  <Strassen StrID="6277" StrName="Dunkelberggang" StrPLZ="30449" OrtID="1" Merkmal="1" Planquadrat="N&#xD;"/>
  <Strassen StrID="6278" StrName="Dürerstraße" StrPLZ="30171" OrtID="1" Merkmal="1" Planquadrat="N&#xD;"/>
  <Strassen StrID="6279" StrName="Dürerweg" StrPLZ="30457" OrtID="1" Merkmal="1" Planquadrat="N&#xD;"/>
  <Strassen StrID="6280" StrName="Düsternstraße" StrPLZ="30459" OrtID="1" Merkmal="1" Planquadrat="N&#xD;"/>
  <Strassen StrID="6281" StrName="Duvehof" StrPLZ="30169" OrtID="1" Merkmal="1" Planquadrat="N&#xD;"/>
  <Strassen StrID="6282" StrName="Ebelingstraße" StrPLZ="30659" OrtID="1" Merkmal="1" Planquadrat="N&#xD;"/>
  <Strassen StrID="6283" StrName="Ebellstraße" StrPLZ="30625" OrtID="1" Merkmal="1" Planquadrat="N&#xD;"/>
  <Strassen StrID="6285" StrName="Eberswalder Straße" StrPLZ="30629" OrtID="1" Merkmal="1" Planquadrat="N&#xD;"/>
  <Strassen StrID="6286" StrName="Ebhardtstraße" StrPLZ="30159" OrtID="1" Merkmal="1" Planquadrat="N&#xD;"/>
  <Strassen StrID="6287" StrName="Ebstorfer Weg" StrPLZ="30625" OrtID="1" Merkmal="1" Planquadrat="N&#xD;"/>
  <Strassen StrID="6288" StrName="Echternfeld" StrPLZ="30657" OrtID="1" Merkmal="1" Planquadrat="N&#xD;"/>
  <Strassen StrID="6289" StrName="Echterngrund" StrPLZ="30657" OrtID="1" Merkmal="1" Planquadrat="N&#xD;"/>
  <Strassen StrID="6290" StrName="Eckenerstraße" StrPLZ="30179" OrtID="1" Merkmal="1" Planquadrat="N&#xD;"/>
  <Strassen StrID="6291" StrName="Eckermannstraße" StrPLZ="30625" OrtID="1" Merkmal="1" Planquadrat="N&#xD;"/>
  <Strassen StrID="6292" StrName="Eckerstraße" StrPLZ="30161" OrtID="1" Merkmal="1" Planquadrat="N&#xD;"/>
  <Strassen StrID="6293" StrName="Edenstraße" StrHausBereich="1-37,2-42" StrPLZ="30161" OrtID="1" Merkmal="1" Planquadrat="N&#xD;"/>
  <Strassen StrID="6294" StrName="Edenstraße" StrHausBereich="39-Ende,44-Ende" StrPLZ="30163" OrtID="1" Merkmal="1" Planquadrat="N&#xD;"/>
  <Strassen StrID="6295" StrName="Edisonweg" StrPLZ="30519" OrtID="1" Merkmal="1" Planquadrat="N&#xD;"/>
  <Strassen StrID="6296" StrName="Edwin-Oppler-Weg" StrPLZ="30167" OrtID="1" Merkmal="1" Planquadrat="N&#xD;"/>
  <Strassen StrID="6297" StrName="Efeuhof" StrPLZ="30655" OrtID="1" Merkmal="1" Planquadrat="N&#xD;"/>
  <Strassen StrID="6298" StrName="Egerweg" StrPLZ="30559" OrtID="1" Merkmal="1" Planquadrat="N&#xD;"/>
  <Strassen StrID="6299" StrName="Eggewiese" StrPLZ="30449" OrtID="1" Merkmal="1" Planquadrat="N&#xD;"/>
  <Strassen StrID="6300" StrName="Ehlvershof" StrPLZ="30419" OrtID="1" Merkmal="1" Planquadrat="N&#xD;"/>
  <Strassen StrID="6301" StrName="Ehrfeldstraße" StrPLZ="30539" OrtID="1" Merkmal="1" Planquadrat="N&#xD;"/>
  <Strassen StrID="6302" StrName="Ehrhartstraße" StrPLZ="30455" OrtID="1" Merkmal="1" Planquadrat="N&#xD;"/>
  <Strassen StrID="6303" StrName="Ehrlichweg" StrPLZ="30655" OrtID="1" Merkmal="1" Planquadrat="N&#xD;"/>
  <Strassen StrID="6304" StrName="Eibenweg" StrPLZ="30419" OrtID="1" Merkmal="1" Planquadrat="N&#xD;"/>
  <Strassen StrID="6305" StrName="Eichelkampstraße" StrPLZ="30519" OrtID="1" Merkmal="1" Planquadrat="N&#xD;"/>
  <Strassen StrID="6306" StrName="Eichenbrink" StrPLZ="30453" OrtID="1" Merkmal="1" Planquadrat="N&#xD;"/>
  <Strassen StrID="6307" StrName="Eichendorffstraße" StrPLZ="30629" OrtID="1" Merkmal="1" Planquadrat="N&#xD;"/>
  <Strassen StrID="6308" StrName="Eichendorffstraße" StrPLZ="30175" OrtID="1" Merkmal="1" Planquadrat="N&#xD;"/>
  <Strassen StrID="6309" StrName="Eichenfeldstraße" StrPLZ="30455" OrtID="1" Merkmal="1" Planquadrat="N&#xD;"/>
  <Strassen StrID="6310" StrName="Eichenplan" StrPLZ="30655" OrtID="1" Merkmal="1" Planquadrat="N&#xD;"/>
  <Strassen StrID="6311" StrName="Eichenweg" StrPLZ="30659" OrtID="1" Merkmal="1" Planquadrat="N&#xD;"/>
  <Strassen StrID="6312" StrName="Eichhörnchensteg" StrPLZ="30657" OrtID="1" Merkmal="1" Planquadrat="N&#xD;"/>
  <Strassen StrID="6313" StrName="Eichsfelder Straße" StrPLZ="30419" OrtID="1" Merkmal="1" Planquadrat="N&#xD;"/>
  <Strassen StrID="6314" StrName="Eichstraße" StrPLZ="30161" OrtID="1" Merkmal="1" Planquadrat="N&#xD;"/>
  <Strassen StrID="6315" StrName="Eickenriede" StrPLZ="30459" OrtID="1" Merkmal="1" Planquadrat="N&#xD;"/>
  <Strassen StrID="6316" StrName="Eifelweg" StrPLZ="30657" OrtID="1" Merkmal="1" Planquadrat="N&#xD;"/>
  <Strassen StrID="6317" StrName="Eilersweg" StrPLZ="30419" OrtID="1" Merkmal="1" Planquadrat="N&#xD;"/>
  <Strassen StrID="6318" StrName="Eilser Masch" StrPLZ="30419" OrtID="1" Merkmal="1" Planquadrat="N&#xD;"/>
  <Strassen StrID="6319" StrName="Eimbeckhäuser Straße" StrPLZ="30459" OrtID="1" Merkmal="1" Planquadrat="N&#xD;"/>
  <Strassen StrID="6320" StrName="Einbecker Straße" StrPLZ="30419" OrtID="1" Merkmal="1" Planquadrat="N&#xD;"/>
  <Strassen StrID="6321" StrName="Einemstraße" StrPLZ="30163" OrtID="1" Merkmal="1" Planquadrat="N&#xD;"/>
  <Strassen StrID="6322" StrName="Einsteinstraße" StrPLZ="30659" OrtID="1" Merkmal="1" Planquadrat="N&#xD;"/>
  <Strassen StrID="6323" StrName="Eintrachtweg" StrPLZ="30173" OrtID="1" Merkmal="1" Planquadrat="N&#xD;"/>
  <Strassen StrID="6324" StrName="Eisenacher Weg" StrPLZ="30179" OrtID="1" Merkmal="1" Planquadrat="N&#xD;"/>
  <Strassen StrID="6325" StrName="Eisenbartweg" StrPLZ="30655" OrtID="1" Merkmal="1" Planquadrat="N&#xD;"/>
  <Strassen StrID="6326" StrName="Eisteichweg" StrPLZ="30559" OrtID="1" Merkmal="1" Planquadrat="N&#xD;"/>
  <Strassen StrID="6327" StrName="Elsternhag" StrPLZ="30627" OrtID="1" Merkmal="1" Planquadrat="N&#xD;"/>
  <Strassen StrID="6328" StrName="Elbestraße" StrPLZ="30419" OrtID="1" Merkmal="1" Planquadrat="N&#xD;"/>
  <Strassen StrID="6329" StrName="Elbinger Weg" StrPLZ="30657" OrtID="1" Merkmal="1" Planquadrat="N&#xD;"/>
  <Strassen StrID="6330" StrName="Eleonorenstraße" StrPLZ="30449" OrtID="1" Merkmal="1" Planquadrat="N&#xD;"/>
  <Strassen StrID="6331" StrName="Elfenweg" StrPLZ="30179" OrtID="1" Merkmal="1" Planquadrat="N&#xD;"/>
  <Strassen StrID="6332" StrName="Elisabethstraße" StrPLZ="30559" OrtID="1" Merkmal="1" Planquadrat="N&#xD;"/>
  <Strassen StrID="6333" StrName="Elisenstraße" StrPLZ="30451" OrtID="1" Merkmal="1" Planquadrat="N&#xD;"/>
  <Strassen StrID="6334" StrName="Elkartallee" StrPLZ="30173" OrtID="1" Merkmal="1" Planquadrat="N&#xD;"/>
  <Strassen StrID="6335" StrName="Ellernstraße" StrPLZ="30175" OrtID="1" Merkmal="1" Planquadrat="N&#xD;"/>
  <Strassen StrID="6336" StrName="Elmstraße" StrPLZ="30657" OrtID="1" Merkmal="1" Planquadrat="N&#xD;"/>
  <Strassen StrID="6337" StrName="Elsa-Brandström-Straße" StrPLZ="30543" OrtID="1" Merkmal="1" Planquadrat="N&#xD;"/>
  <Strassen StrID="6338" StrName="Elsenborner Straße" StrPLZ="30519" OrtID="1" Merkmal="1" Planquadrat="N&#xD;"/>
  <Strassen StrID="6339" StrName="Elsternbusch" StrPLZ="30657" OrtID="1" Merkmal="1" Planquadrat="N&#xD;"/>
  <Strassen StrID="6340" StrName="Emdenstraße" StrPLZ="30167" OrtID="1" Merkmal="1" Planquadrat="N&#xD;"/>
  <Strassen StrID="6341" StrName="Emil-Meyer-Straße" StrPLZ="30165" OrtID="1" Merkmal="1" Planquadrat="N&#xD;"/>
  <Strassen StrID="6342" StrName="Emil-Nolde-Weg" StrPLZ="30659" OrtID="1" Merkmal="1" Planquadrat="N&#xD;"/>
  <Strassen StrID="6343" StrName="Emma-Vogel-Weg" StrPLZ="30419" OrtID="1" Merkmal="1" Planquadrat="N&#xD;"/>
  <Strassen StrID="6344" StrName="Emmichplatz" StrPLZ="30175" OrtID="1" Merkmal="1" Planquadrat="N&#xD;"/>
  <Strassen StrID="6345" StrName="Empelder Straße" StrPLZ="30455" OrtID="1" Merkmal="1" Planquadrat="N&#xD;"/>
  <Strassen StrID="6346" StrName="Emscherweg" StrPLZ="30629" OrtID="1" Merkmal="1" Planquadrat="N&#xD;"/>
  <Strassen StrID="6347" StrName="Emslandstraße" StrPLZ="30539" OrtID="1" Merkmal="1" Planquadrat="N&#xD;"/>
  <Strassen StrID="6348" StrName="Emsstraße" StrPLZ="30519" OrtID="1" Merkmal="1" Planquadrat="N&#xD;"/>
  <Strassen StrID="6349" StrName="Enckestraße" StrPLZ="30519" OrtID="1" Merkmal="1" Planquadrat="N&#xD;"/>
  <Strassen StrID="6350" StrName="Engelbosteler Damm" StrPLZ="30167" OrtID="1" Merkmal="1" Planquadrat="N&#xD;"/>
  <Strassen StrID="6351" StrName="Engelhardstraße" StrPLZ="30173" OrtID="1" Merkmal="1" Planquadrat="N&#xD;"/>
  <Strassen StrID="6352" StrName="Engelsburg" StrPLZ="30629" OrtID="1" Merkmal="1" Planquadrat="N&#xD;"/>
  <Strassen StrID="6353" StrName="Entenfangweg" StrPLZ="30419" OrtID="1" Merkmal="1" Planquadrat="N&#xD;"/>
  <Strassen StrID="6354" StrName="Enthorststraße" StrPLZ="30539" OrtID="1" Merkmal="1" Planquadrat="N&#xD;"/>
  <Strassen StrID="6355" StrName="Epiweg" StrPLZ="30453" OrtID="1" Merkmal="1" Planquadrat="N&#xD;"/>
  <Strassen StrID="6356" StrName="Eppersstraße" StrPLZ="30453" OrtID="1" Merkmal="1" Planquadrat="N&#xD;"/>
  <Strassen StrID="6357" StrName="Erderstraße" StrPLZ="30451" OrtID="1" Merkmal="1" Planquadrat="N&#xD;"/>
  <Strassen StrID="6358" StrName="Erfurter Weg" StrPLZ="30179" OrtID="1" Merkmal="1" Planquadrat="N&#xD;"/>
  <Strassen StrID="6359" StrName="Erich-Klabunde-Hof" StrPLZ="30419" OrtID="1" Merkmal="1" Planquadrat="N&#xD;"/>
  <Strassen StrID="6360" StrName="Erich-Linstaedt-Hof" StrPLZ="30457" OrtID="1" Merkmal="1" Planquadrat="N&#xD;"/>
  <Strassen StrID="6361" StrName="Erich-Wegner-Weg" StrPLZ="30173" OrtID="1" Merkmal="1" Planquadrat="N&#xD;"/>
  <Strassen StrID="6362" StrName="Erichstraße" StrPLZ="30449" OrtID="1" Merkmal="1" Planquadrat="N&#xD;"/>
  <Strassen StrID="6363" StrName="Erikastraße" StrPLZ="30419" OrtID="1" Merkmal="1" Planquadrat="N&#xD;"/>
  <Strassen StrID="6364" StrName="Erlenstieg" StrPLZ="30657" OrtID="1" Merkmal="1" Planquadrat="N&#xD;"/>
  <Strassen StrID="6365" StrName="Erlenweg" StrPLZ="30419" OrtID="1" Merkmal="1" Planquadrat="N&#xD;"/>
  <Strassen StrID="6366" StrName="Ermanweg" StrPLZ="30659" OrtID="1" Merkmal="1" Planquadrat="N&#xD;"/>
  <Strassen StrID="6367" StrName="Ermlander Weg" StrPLZ="30453" OrtID="1" Merkmal="1" Planquadrat="N&#xD;"/>
  <Strassen StrID="6368" StrName="Ernst-August-Platz" StrPLZ="30159" OrtID="1" Merkmal="1" Planquadrat="N&#xD;"/>
  <Strassen StrID="6369" StrName="Ernst-Bähre-Straße" StrPLZ="30453" OrtID="1" Merkmal="1" Planquadrat="N&#xD;"/>
  <Strassen StrID="6370" StrName="Ernst-Cammann-Straße" StrPLZ="30453" OrtID="1" Merkmal="1" Planquadrat="N&#xD;"/>
  <Strassen StrID="6371" StrName="Ernst-Ebeling-Straße" StrPLZ="30539" OrtID="1" Merkmal="1" Planquadrat="N&#xD;"/>
  <Strassen StrID="6372" StrName="Ernst-Eiselen-Straße" StrPLZ="30165" OrtID="1" Merkmal="1" Planquadrat="N&#xD;"/>
  <Strassen StrID="6373" StrName="Ernststraße" StrPLZ="30559" OrtID="1" Merkmal="1" Planquadrat="N&#xD;"/>
  <Strassen StrID="6374" StrName="Erwinstraße" StrPLZ="30175" OrtID="1" Merkmal="1" Planquadrat="N&#xD;"/>
  <Strassen StrID="6375" StrName="Erythropelstraße" StrPLZ="30519" OrtID="1" Merkmal="1" Planquadrat="N&#xD;"/>
  <Strassen StrID="6376" StrName="Eschenbachstraße" StrPLZ="30629" OrtID="1" Merkmal="1" Planquadrat="N&#xD;"/>
  <Strassen StrID="6377" StrName="Eschenplan" StrPLZ="30629" OrtID="1" Merkmal="1" Planquadrat="N&#xD;"/>
  <Strassen StrID="6378" StrName="Escherstraße" StrPLZ="30159" OrtID="1" Merkmal="1" Planquadrat="N&#xD;"/>
  <Strassen StrID="6379" StrName="Espenhof" StrPLZ="30659" OrtID="1" Merkmal="1" Planquadrat="N&#xD;"/>
  <Strassen StrID="6380" StrName="Esperantostraße" StrPLZ="30519" OrtID="1" Merkmal="1" Planquadrat="N&#xD;"/>
  <Strassen StrID="6381" StrName="Essener Straße" StrPLZ="30173" OrtID="1" Merkmal="1" Planquadrat="N&#xD;"/>
  <Strassen StrID="6382" StrName="Eulenkamp" StrPLZ="30657" OrtID="1" Merkmal="1" Planquadrat="N&#xD;"/>
  <Strassen StrID="6383" StrName="Eulenspiegelweg" StrPLZ="30179" OrtID="1" Merkmal="1" Planquadrat="N&#xD;"/>
  <Strassen StrID="6384" StrName="Eulerstraße" StrPLZ="30163" OrtID="1" Merkmal="1" Planquadrat="N&#xD;"/>
  <Strassen StrID="6385" StrName="Eupener Straße" StrPLZ="30519" OrtID="1" Merkmal="1" Planquadrat="N&#xD;"/>
  <Strassen StrID="6386" StrName="Europaplatz" StrPLZ="30519" OrtID="1" Merkmal="1" Planquadrat="N&#xD;"/>
  <Strassen StrID="6387" StrName="Ewige Weide" StrPLZ="30659" OrtID="1" Merkmal="1" Planquadrat="N&#xD;"/>
  <Strassen StrID="6388" StrName="Eylauer Weg" StrPLZ="30657" OrtID="1" Merkmal="1" Planquadrat="N&#xD;"/>
  <Strassen StrID="6389" StrName="Fahlbuschbrücke" StrPLZ="30457" OrtID="1" Merkmal="1" Planquadrat="N&#xD;"/>
  <Strassen StrID="6390" StrName="Falkenstraße" StrPLZ="30449" OrtID="1" Merkmal="1" Planquadrat="N&#xD;"/>
  <Strassen StrID="6391" StrName="Falkenhorst" StrPLZ="30419" OrtID="1" Merkmal="1" Planquadrat="N&#xD;"/>
  <Strassen StrID="6392" StrName="Fallingbosteler Straße" StrPLZ="30625" OrtID="1" Merkmal="1" Planquadrat="N&#xD;"/>
  <Strassen StrID="6393" StrName="Färberstraße" StrPLZ="30453" OrtID="1" Merkmal="1" Planquadrat="N&#xD;"/>
  <Strassen StrID="6394" StrName="Farnstieg" StrPLZ="30657" OrtID="1" Merkmal="1" Planquadrat="N&#xD;"/>
  <Strassen StrID="6395" StrName="Fehrenwinkel" StrPLZ="30655" OrtID="1" Merkmal="1" Planquadrat="N&#xD;"/>
  <Strassen StrID="6396" StrName="Fehrsweg" StrPLZ="30655" OrtID="1" Merkmal="1" Planquadrat="N&#xD;"/>
  <Strassen StrID="6397" StrName="Feldstraße" StrPLZ="30171" OrtID="1" Merkmal="1" Planquadrat="N&#xD;"/>
  <Strassen StrID="6398" StrName="Feldmannhof" StrPLZ="30419" OrtID="1" Merkmal="1" Planquadrat="N&#xD;"/>
  <Strassen StrID="6399" StrName="Feldspatweg" StrPLZ="30455" OrtID="1" Merkmal="1" Planquadrat="N&#xD;"/>
  <Strassen StrID="6400" StrName="Fellgiebelstraße" StrPLZ="30457" OrtID="1" Merkmal="1" Planquadrat="N&#xD;"/>
  <Strassen StrID="6401" StrName="Fenskestraße" StrPLZ="30165" OrtID="1" Merkmal="1" Planquadrat="N&#xD;"/>
  <Strassen StrID="6402" StrName="Fenskeweg" StrPLZ="30165" OrtID="1" Merkmal="1" Planquadrat="N&#xD;"/>
  <Strassen StrID="6403" StrName="Feodor-Lynen-Straße" StrPLZ="30625" OrtID="1" Merkmal="1" Planquadrat="N&#xD;"/>
  <Strassen StrID="6404" StrName="Ferdinand-Wallbrecht-Straße" StrPLZ="30163" OrtID="1" Merkmal="1" Planquadrat="N&#xD;"/>
  <Strassen StrID="6405" StrName="Ferdinand-Wilhelm-Fricke-Weg" StrPLZ="30169" OrtID="1" Merkmal="1" Planquadrat="N&#xD;"/>
  <Strassen StrID="6406" StrName="Ferdinandstraße" StrPLZ="30175" OrtID="1" Merkmal="1" Planquadrat="N&#xD;"/>
  <Strassen StrID="6407" StrName="Fernroder Straße" StrPLZ="30161" OrtID="1" Merkmal="1" Planquadrat="N&#xD;"/>
  <Strassen StrID="6408" StrName="Feuerbachstraße" StrPLZ="30655" OrtID="1" Merkmal="1" Planquadrat="N&#xD;"/>
  <Strassen StrID="6409" StrName="Feuerdorn" StrPLZ="30655" OrtID="1" Merkmal="1" Planquadrat="N&#xD;"/>
  <Strassen StrID="6410" StrName="Feuersteinweg" StrPLZ="30455" OrtID="1" Merkmal="1" Planquadrat="N&#xD;"/>
  <Strassen StrID="6411" StrName="Feuerwehrstraße" StrPLZ="30169" OrtID="1" Merkmal="1" Planquadrat="N&#xD;"/>
  <Strassen StrID="6412" StrName="Fichtenweg" StrPLZ="30457" OrtID="1" Merkmal="1" Planquadrat="N&#xD;"/>
  <Strassen StrID="6413" StrName="Fichtestraße" StrPLZ="30625" OrtID="1" Merkmal="1" Planquadrat="N&#xD;"/>
  <Strassen StrID="6414" StrName="Fiedelerplatz" StrPLZ="30519" OrtID="1" Merkmal="1" Planquadrat="N&#xD;"/>
  <Strassen StrID="6415" StrName="Fiedelerstraße" StrPLZ="30519" OrtID="1" Merkmal="1" Planquadrat="N&#xD;"/>
  <Strassen StrID="6416" StrName="Findstellenweg" StrPLZ="30629" OrtID="1" Merkmal="1" Planquadrat="N&#xD;"/>
  <Strassen StrID="6417" StrName="Finkengasse" StrPLZ="30627" OrtID="1" Merkmal="1" Planquadrat="N&#xD;"/>
  <Strassen StrID="6418" StrName="Finkenhof" StrPLZ="30627" OrtID="1" Merkmal="1" Planquadrat="N&#xD;"/>
  <Strassen StrID="6419" StrName="Fischerhof" StrPLZ="30449" OrtID="1" Merkmal="1" Planquadrat="N&#xD;"/>
  <Strassen StrID="6420" StrName="Fischerstraße" StrPLZ="30167" OrtID="1" Merkmal="1" Planquadrat="N&#xD;"/>
  <Strassen StrID="6421" StrName="Fischteichweg" StrPLZ="30419" OrtID="1" Merkmal="1" Planquadrat="N&#xD;"/>
  <Strassen StrID="6422" StrName="Flachsrottenweg" StrPLZ="30539" OrtID="1" Merkmal="1" Planquadrat="N&#xD;"/>
  <Strassen StrID="6423" StrName="Flebbestraße" StrPLZ="30519" OrtID="1" Merkmal="1" Planquadrat="N&#xD;"/>
  <Strassen StrID="6424" StrName="Flebbeweg" StrPLZ="30453" OrtID="1" Merkmal="1" Planquadrat="N&#xD;"/>
  <Strassen StrID="6425" StrName="Flemesstraße" StrPLZ="30419" OrtID="1" Merkmal="1" Planquadrat="N&#xD;"/>
  <Strassen StrID="6426" StrName="Flemmingstraße" StrPLZ="30419" OrtID="1" Merkmal="1" Planquadrat="N&#xD;"/>
  <Strassen StrID="6427" StrName="Flensburger Straße" StrPLZ="30165" OrtID="1" Merkmal="1" Planquadrat="N&#xD;"/>
  <Strassen StrID="6428" StrName="Fliederstraße" StrPLZ="30167" OrtID="1" Merkmal="1" Planquadrat="N&#xD;"/>
  <Strassen StrID="6429" StrName="Fliegerstraße" StrPLZ="30179" OrtID="1" Merkmal="1" Planquadrat="N&#xD;"/>
  <Strassen StrID="6430" StrName="Flintweg" StrPLZ="30455" OrtID="1" Merkmal="1" Planquadrat="N&#xD;"/>
  <Strassen StrID="6431" StrName="Flohrgang" StrPLZ="30455" OrtID="1" Merkmal="1" Planquadrat="N&#xD;"/>
  <Strassen StrID="6432" StrName="Flöthwiesen" StrPLZ="30657" OrtID="1" Merkmal="1" Planquadrat="N&#xD;"/>
  <Strassen StrID="6433" StrName="Flügeldamm" StrPLZ="30419" OrtID="1" Merkmal="1" Planquadrat="N&#xD;"/>
  <Strassen StrID="6434" StrName="Flüggestraße" StrPLZ="30161" OrtID="1" Merkmal="1" Planquadrat="N&#xD;"/>
  <Strassen StrID="6435" StrName="Flurstraße" StrPLZ="30629" OrtID="1" Merkmal="1" Planquadrat="N&#xD;"/>
  <Strassen StrID="6436" StrName="Föhrenwinkel" StrPLZ="30657" OrtID="1" Merkmal="1" Planquadrat="N&#xD;"/>
  <Strassen StrID="6437" StrName="Fontainestraße" StrPLZ="30519" OrtID="1" Merkmal="1" Planquadrat="N&#xD;"/>
  <Strassen StrID="6438" StrName="Forbacher Straße" StrPLZ="30559" OrtID="1" Merkmal="1" Planquadrat="N&#xD;"/>
  <Strassen StrID="6439" StrName="Forssmannweg" StrPLZ="30627" OrtID="1" Merkmal="1" Planquadrat="N&#xD;"/>
  <Strassen StrID="6440" StrName="Forstgrund" StrPLZ="30629" OrtID="1" Merkmal="1" Planquadrat="N&#xD;"/>
  <Strassen StrID="6441" StrName="Fortunastraße" StrPLZ="30451" OrtID="1" Merkmal="1" Planquadrat="N&#xD;"/>
  <Strassen StrID="6442" StrName="Fössestraße" StrHausBereich="1-83,2-52" StrPLZ="30451" OrtID="1" Merkmal="1" Planquadrat="N&#xD;"/>
  <Strassen StrID="6443" StrName="Fössestraße" StrHausBereich="54-Ende,85-Ende" StrPLZ="30453" OrtID="1" Merkmal="1" Planquadrat="N&#xD;"/>
  <Strassen StrID="6444" StrName="Fösseweg" StrPLZ="30453" OrtID="1" Merkmal="1" Planquadrat="N&#xD;"/>
  <Strassen StrID="6445" StrName="Franckestraße" StrPLZ="30165" OrtID="1" Merkmal="1" Planquadrat="N&#xD;"/>
  <Strassen StrID="6446" StrName="Frankenfeldstraße" StrPLZ="30519" OrtID="1" Merkmal="1" Planquadrat="N&#xD;"/>
  <Strassen StrID="6447" StrName="Frankfurter Allee" StrPLZ="30459" OrtID="1" Merkmal="1" Planquadrat="N&#xD;"/>
  <Strassen StrID="6448" StrName="Fränkische Straße" StrPLZ="30455" OrtID="1" Merkmal="1" Planquadrat="N&#xD;"/>
  <Strassen StrID="6449" StrName="Fränklinstraße" StrPLZ="30177" OrtID="1" Merkmal="1" Planquadrat="N&#xD;"/>
  <Strassen StrID="6450" StrName="Franz-Bork-Straße" StrPLZ="30163" OrtID="1" Merkmal="1" Planquadrat="N&#xD;"/>
  <Strassen StrID="6451" StrName="Franz-Nause-Straße" StrPLZ="30453" OrtID="1" Merkmal="1" Planquadrat="N&#xD;"/>
  <Strassen StrID="6452" StrName="Franzensbader Hof" StrPLZ="30559" OrtID="1" Merkmal="1" Planquadrat="N&#xD;"/>
  <Strassen StrID="6453" StrName="Franziusweg" StrPLZ="30167" OrtID="1" Merkmal="1" Planquadrat="N&#xD;"/>
  <Strassen StrID="6454" StrName="Franzstraße" StrPLZ="30449" OrtID="1" Merkmal="1" Planquadrat="N&#xD;"/>
  <Strassen StrID="6455" StrName="Fraunhoferstraße" StrPLZ="30163" OrtID="1" Merkmal="1" Planquadrat="N&#xD;"/>
  <Strassen StrID="6456" StrName="Freboldstraße" StrPLZ="30455" OrtID="1" Merkmal="1" Planquadrat="N&#xD;"/>
  <Strassen StrID="6457" StrName="Freiberger Hof" StrPLZ="30179" OrtID="1" Merkmal="1" Planquadrat="N&#xD;"/>
  <Strassen StrID="6458" StrName="Freidingstraße" StrPLZ="30559" OrtID="1" Merkmal="1" Planquadrat="N&#xD;"/>
  <Strassen StrID="6459" StrName="Freienwalder Straße" StrPLZ="30629" OrtID="1" Merkmal="1" Planquadrat="N&#xD;"/>
  <Strassen StrID="6460" StrName="Freihorstfeld" StrPLZ="30559" OrtID="1" Merkmal="1" Planquadrat="N&#xD;"/>
  <Strassen StrID="6461" StrName="Freiligrathstraße" StrPLZ="30171" OrtID="1" Merkmal="1" Planquadrat="N&#xD;"/>
  <Strassen StrID="6462" StrName="Frenssenufer" StrPLZ="30655" OrtID="1" Merkmal="1" Planquadrat="N&#xD;"/>
  <Strassen StrID="6463" StrName="Frenswegengang" StrPLZ="30539" OrtID="1" Merkmal="1" Planquadrat="N&#xD;"/>
  <Strassen StrID="6464" StrName="Frerener Weg" StrPLZ="30359" OrtID="1" Merkmal="1" Planquadrat="N&#xD;"/>
  <Strassen StrID="6465" StrName="Frerkingweg" StrPLZ="30455" OrtID="1" Merkmal="1" Planquadrat="N&#xD;"/>
  <Strassen StrID="6466" StrName="Freudenthalstraße" StrPLZ="30419" OrtID="1" Merkmal="1" Planquadrat="N&#xD;"/>
  <Strassen StrID="6467" StrName="Freundallee" StrPLZ="30173" OrtID="1" Merkmal="1" Planquadrat="N&#xD;"/>
  <Strassen StrID="6469" StrName="Frickastraße" StrPLZ="30657" OrtID="1" Merkmal="1" Planquadrat="N&#xD;"/>
  <Strassen StrID="6470" StrName="Fridastraße" StrPLZ="30161" OrtID="1" Merkmal="1" Planquadrat="N&#xD;"/>
  <Strassen StrID="6471" StrName="Friedel-Gewecke-Weg" StrPLZ="30459" OrtID="1" Merkmal="1" Planquadrat="N&#xD;"/>
  <Strassen StrID="6472" StrName="Friedenauer Straße" StrPLZ="30419" OrtID="1" Merkmal="1" Planquadrat="N&#xD;"/>
  <Strassen StrID="6473" StrName="Friedenstraße" StrPLZ="30175" OrtID="1" Merkmal="1" Planquadrat="N&#xD;"/>
  <Strassen StrID="6475" StrName="Friedhofsallee" StrPLZ="30519" OrtID="1" Merkmal="1" Planquadrat="N&#xD;"/>
  <Strassen StrID="6476" StrName="Friedhofstraße" StrPLZ="30453" OrtID="1" Merkmal="1" Planquadrat="N&#xD;"/>
  <Strassen StrID="6477" StrName="Friedländer Weg" StrPLZ="30459" OrtID="1" Merkmal="1" Planquadrat="N&#xD;"/>
  <Strassen StrID="6478" StrName="Friedrich-Ebert-Platz" StrPLZ="30459" OrtID="1" Merkmal="1" Planquadrat="N&#xD;"/>
  <Strassen StrID="6479" StrName="Friedrich-Ebert-Straße" StrPLZ="30459" OrtID="1" Merkmal="1" Planquadrat="N&#xD;"/>
  <Strassen StrID="6480" StrName="Friedrich-Heeren-Straße" StrPLZ="30161" OrtID="1" Merkmal="1" Planquadrat="N&#xD;"/>
  <Strassen StrID="6481" StrName="Friedrich-Heller-Straße" StrPLZ="30455" OrtID="1" Merkmal="1" Planquadrat="N&#xD;"/>
  <Strassen StrID="6482" StrName="Friedrich-Klug-Straße" StrPLZ="30419" OrtID="1" Merkmal="1" Planquadrat="N&#xD;"/>
  <Strassen StrID="6483" StrName="Friedrich-Knoblauch-Weg" OrtID="1" Merkmal="1" Planquadrat="N&#xD;"/>
  <Strassen StrID="6484" StrName="Friedrich-Lehner-Weg" StrPLZ="30167" OrtID="1" Merkmal="1" Planquadrat="N&#xD;"/>
  <Strassen StrID="6485" StrName="Friedrich-Rasche-Winkel" StrPLZ="30455" OrtID="1" Merkmal="1" Planquadrat="N&#xD;"/>
  <Strassen StrID="6486" StrName="Friedrich-Silcher-Straße" StrPLZ="30173" OrtID="1" Merkmal="1" Planquadrat="N&#xD;"/>
  <Strassen StrID="6487" StrName="Friedrichstraße" StrPLZ="30169" OrtID="1" Merkmal="1" Planquadrat="N&#xD;"/>
  <Strassen StrID="6488" StrName="Friedrichstraße" StrPLZ="30457" OrtID="1" Merkmal="1" Planquadrat="N&#xD;"/>
  <Strassen StrID="6489" StrName="Friedrichswall" StrPLZ="30159" OrtID="1" Merkmal="1" Planquadrat="N&#xD;"/>
  <Strassen StrID="6490" StrName="Friesenstraße" StrPLZ="30161" OrtID="1" Merkmal="1" Planquadrat="N&#xD;"/>
  <Strassen StrID="6491" StrName="Fritz-Behrens-Allee" OrtID="1" Merkmal="1" Planquadrat="N&#xD;"/>
  <Strassen StrID="6492" StrName="Fritz-Beindorff-Allee" StrPLZ="30177" OrtID="1" Merkmal="1" Planquadrat="N&#xD;"/>
  <Strassen StrID="6493" StrName="Fritz-Goy-Weg" StrPLZ="30657" OrtID="1" Merkmal="1" Planquadrat="N&#xD;"/>
  <Strassen StrID="6494" StrName="Fritz-Reuter-Weg" StrPLZ="30453" OrtID="1" Merkmal="1" Planquadrat="N&#xD;"/>
  <Strassen StrID="6495" StrName="Fritz-Schwerdtfeger-Weg" StrPLZ="30657" OrtID="1" Merkmal="1" Planquadrat="N&#xD;"/>
  <Strassen StrID="6496" StrName="Fröbelstraße" StrPLZ="30451" OrtID="1" Merkmal="1" Planquadrat="N&#xD;"/>
  <Strassen StrID="6497" StrName="Frobeniusweg" StrPLZ="30455" OrtID="1" Merkmal="1" Planquadrat="N&#xD;"/>
  <Strassen StrID="6498" StrName="Frobösestraße" StrPLZ="30519" OrtID="1" Merkmal="1" Planquadrat="N&#xD;"/>
  <Strassen StrID="6499" StrName="Frohnauweg" StrPLZ="30179" OrtID="1" Merkmal="1" Planquadrat="N&#xD;"/>
  <Strassen StrID="6500" StrName="Frömmlingstraße" StrPLZ="30655" OrtID="1" Merkmal="1" Planquadrat="N&#xD;"/>
  <Strassen StrID="6501" StrName="Froschkönigweg" StrPLZ="30179" OrtID="1" Merkmal="1" Planquadrat="N&#xD;"/>
  <Strassen StrID="6502" StrName="Fuchsrain" StrPLZ="30657" OrtID="1" Merkmal="1" Planquadrat="N&#xD;"/>
  <Strassen StrID="6503" StrName="Fuhrberger Straße" StrPLZ="30625" OrtID="1" Merkmal="1" Planquadrat="N&#xD;"/>
  <Strassen StrID="6504" StrName="Fuhrbleek" StrPLZ="30657" OrtID="1" Merkmal="1" Planquadrat="N&#xD;"/>
  <Strassen StrID="6505" StrName="Fuhrenplan" StrPLZ="30655" OrtID="1" Merkmal="1" Planquadrat="N&#xD;"/>
  <Strassen StrID="6506" StrName="Fuhsestraße" StrPLZ="30419" OrtID="1" Merkmal="1" Planquadrat="N&#xD;"/>
  <Strassen StrID="6507" StrName="Fuldaer Wende" StrPLZ="30419" OrtID="1" Merkmal="1" Planquadrat="N&#xD;"/>
  <Strassen StrID="6508" StrName="Fundstraße" StrPLZ="30161" OrtID="1" Merkmal="1" Planquadrat="N&#xD;"/>
  <Strassen StrID="6509" StrName="Fürstenwalder Straße" StrPLZ="30629" OrtID="1" Merkmal="1" Planquadrat="N&#xD;"/>
  <Strassen StrID="6510" StrName="Gabelsbergerstraße" StrPLZ="30163" OrtID="1" Merkmal="1" Planquadrat="N&#xD;"/>
  <Strassen StrID="6511" StrName="Gaffkyweg" StrPLZ="30655" OrtID="1" Merkmal="1" Planquadrat="N&#xD;"/>
  <Strassen StrID="6512" StrName="Gaimweg" StrPLZ="30559" OrtID="1" Merkmal="1" Planquadrat="N&#xD;"/>
  <Strassen StrID="6513" StrName="Galerie-Luise" StrPLZ="30159" OrtID="1" Merkmal="1" Planquadrat="N&#xD;"/>
  <Strassen StrID="6514" StrName="Gandhistraße" StrPLZ="30559" OrtID="1" Merkmal="1" Planquadrat="N&#xD;"/>
  <Strassen StrID="6515" StrName="Ganghoferstraße" StrPLZ="30177" OrtID="1" Merkmal="1" Planquadrat="N&#xD;"/>
  <Strassen StrID="6516" StrName="Gänseanger" StrPLZ="30519" OrtID="1" Merkmal="1" Planquadrat="N&#xD;"/>
  <Strassen StrID="6517" StrName="Gänselieselweg" StrPLZ="30179" OrtID="1" Merkmal="1" Planquadrat="N&#xD;"/>
  <Strassen StrID="6518" StrName="Garbeweg" StrPLZ="30655" OrtID="1" Merkmal="1" Planquadrat="N&#xD;"/>
  <Strassen StrID="6519" StrName="Garbsener Landstraße" StrPLZ="30419" OrtID="1" Merkmal="1" Planquadrat="N&#xD;"/>
  <Strassen StrID="6520" StrName="Garkenburgstraße" StrPLZ="30519" OrtID="1" Merkmal="1" Planquadrat="N&#xD;"/>
  <Strassen StrID="6521" StrName="Gartenallee" StrPLZ="30449" OrtID="1" Merkmal="1" Planquadrat="N&#xD;"/>
  <Strassen StrID="6522" StrName="Gartenheimstraße" StrPLZ="30659" OrtID="1" Merkmal="1" Planquadrat="N&#xD;"/>
  <Strassen StrID="6523" StrName="Gartenstraße" StrPLZ="30453" OrtID="1" Merkmal="1" Planquadrat="N&#xD;"/>
  <Strassen StrID="6524" StrName="Gartenstraße" StrPLZ="30161" OrtID="1" Merkmal="1" Planquadrat="N&#xD;"/>
  <Strassen StrID="6525" StrName="Gärtnerweg" StrPLZ="30539" OrtID="1" Merkmal="1" Planquadrat="N&#xD;"/>
  <Strassen StrID="6526" StrName="Garvensstraße" StrPLZ="30519" OrtID="1" Merkmal="1" Planquadrat="N&#xD;"/>
  <Strassen StrID="6527" StrName="Gaußstraße" StrPLZ="30167" OrtID="1" Merkmal="1" Planquadrat="N&#xD;"/>
  <Strassen StrID="6528" StrName="Gedrathof" StrPLZ="30659" OrtID="1" Merkmal="1" Planquadrat="N&#xD;"/>
  <Strassen StrID="6529" StrName="Geestemünder Weg" StrPLZ="30419" OrtID="1" Merkmal="1" Planquadrat="N&#xD;"/>
  <Strassen StrID="6530" StrName="Gehägestraße" StrPLZ="30655" OrtID="1" Merkmal="1" Planquadrat="N&#xD;"/>
  <Strassen StrID="6531" StrName="Gehaplatz" OrtID="1" Merkmal="1" Planquadrat="N&#xD;"/>
  <Strassen StrID="6532" StrName="Gehrdener Straße" StrPLZ="30459" OrtID="1" Merkmal="1" Planquadrat="N&#xD;"/>
  <Strassen StrID="6533" StrName="Geibelplatz" StrPLZ="30173" OrtID="1" Merkmal="1" Planquadrat="N&#xD;"/>
  <Strassen StrID="6534" StrName="Geibelstraße" StrPLZ="30173" OrtID="1" Merkmal="1" Planquadrat="N&#xD;"/>
  <Strassen StrID="6535" StrName="Gellertstraße" StrPLZ="30175" OrtID="1" Merkmal="1" Planquadrat="N&#xD;"/>
  <Strassen StrID="6536" StrName="Gemeindeholzstraße" StrPLZ="30419" OrtID="1" Merkmal="1" Planquadrat="N&#xD;"/>
  <Strassen StrID="6537" StrName="General-Wever-Straße" StrPLZ="30657" OrtID="1" Merkmal="1" Planquadrat="N&#xD;"/>
  <Strassen StrID="6538" StrName="Georg-Büchner-Straße" StrPLZ="30559" OrtID="1" Merkmal="1" Planquadrat="N&#xD;"/>
  <Strassen StrID="6539" StrName="Georg-Westinghouse-Weg" StrPLZ="30453" OrtID="1" Merkmal="1" Planquadrat="N&#xD;"/>
  <Strassen StrID="6540" StrName="Georgengarten" StrPLZ="30167" OrtID="1" Merkmal="1" Planquadrat="N&#xD;"/>
  <Strassen StrID="6541" StrName="Georgsplatz" StrPLZ="30159" OrtID="1" Merkmal="1" Planquadrat="N&#xD;"/>
  <Strassen StrID="6543" StrName="Georgswall" StrPLZ="30159" OrtID="1" Merkmal="1" Planquadrat="N&#xD;"/>
  <Strassen StrID="6544" StrName="Gerberstraße" StrPLZ="30169" OrtID="1" Merkmal="1" Planquadrat="N&#xD;"/>
  <Strassen StrID="6545" StrName="Gerbarndstraße" StrPLZ="30559" OrtID="1" Merkmal="1" Planquadrat="N&#xD;"/>
  <Strassen StrID="6546" StrName="Gerdingstraße" StrPLZ="30539" OrtID="1" Merkmal="1" Planquadrat="N&#xD;"/>
  <Strassen StrID="6547" StrName="Gerhard-von-Frankenberg-Weg" OrtID="1" Merkmal="1" Planquadrat="N&#xD;"/>
  <Strassen StrID="6548" StrName="Gerhardtstraße" StrPLZ="30167" OrtID="1" Merkmal="1" Planquadrat="N&#xD;"/>
  <Strassen StrID="6549" StrName="Gerhart-Hauptmann-Straße" StrPLZ="30629" OrtID="1" Merkmal="1" Planquadrat="N&#xD;"/>
  <Strassen StrID="6550" StrName="Gerhart-Hauptmann-Weg" StrPLZ="30659" OrtID="1" Merkmal="1" Planquadrat="N&#xD;"/>
  <Strassen StrID="6551" StrName="Gerlachstraße" StrPLZ="30173" OrtID="1" Merkmal="1" Planquadrat="N&#xD;"/>
  <Strassen StrID="6552" StrName="Gerloffstraße" StrPLZ="30559" OrtID="1" Merkmal="1" Planquadrat="N&#xD;"/>
  <Strassen StrID="6553" StrName="Gernsstraße" StrPLZ="30659" OrtID="1" Merkmal="1" Planquadrat="N&#xD;"/>
  <Strassen StrID="6554" StrName="Gerrit-Engelke-Straße" StrPLZ="30177" OrtID="1" Merkmal="1" Planquadrat="N&#xD;"/>
  <Strassen StrID="6555" StrName="Gerstäckerstraße" StrPLZ="30177" OrtID="1" Merkmal="1" Planquadrat="N&#xD;"/>
  <Strassen StrID="6556" StrName="Gertrud-Bäumer-Weg" StrPLZ="30173" OrtID="1" Merkmal="1" Planquadrat="N&#xD;"/>
  <Strassen StrID="6557" StrName="Gertrud-Greising-Weg" StrPLZ="30177" OrtID="1" Merkmal="1" Planquadrat="N&#xD;"/>
  <Strassen StrID="6559" StrName="Geseniusweg" StrPLZ="30625" OrtID="1" Merkmal="1" Planquadrat="N&#xD;"/>
  <Strassen StrID="6560" StrName="Gesmannstraße" StrPLZ="30459" OrtID="1" Merkmal="1" Planquadrat="N&#xD;"/>
  <Strassen StrID="6561" StrName="Geveker Kamp" StrHausBereich="1-53,2-54" StrPLZ="30455" OrtID="1" Merkmal="1" Planquadrat="N&#xD;"/>
  <Strassen StrID="6562" StrName="Geveker Kamp" StrHausBereich="56-72,61-77" StrPLZ="30453" OrtID="1" Merkmal="1" Planquadrat="N&#xD;"/>
  <Strassen StrID="6563" StrName="Geyerstraße" StrPLZ="30519" OrtID="1" Merkmal="1" Planquadrat="N&#xD;"/>
  <Strassen StrID="6564" StrName="Gibraltarweg" StrPLZ="30163" OrtID="1" Merkmal="1" Planquadrat="N&#xD;"/>
  <Strassen StrID="6565" StrName="Gieseckeweg" StrPLZ="30659" OrtID="1" Merkmal="1" Planquadrat="N&#xD;"/>
  <Strassen StrID="6566" StrName="Gifhorner Straße" StrPLZ="30625" OrtID="1" Merkmal="1" Planquadrat="N&#xD;"/>
  <Strassen StrID="6567" StrName="Gimpelsteg" StrPLZ="30627" OrtID="1" Merkmal="1" Planquadrat="N&#xD;"/>
  <Strassen StrID="6568" StrName="Gimseweg" StrPLZ="30539" OrtID="1" Merkmal="1" Planquadrat="N&#xD;"/>
  <Strassen StrID="6569" StrName="Girlitzpark" StrPLZ="30627" OrtID="1" Merkmal="1" Planquadrat="N&#xD;"/>
  <Strassen StrID="6570" StrName="Giselherweg" StrPLZ="30455" OrtID="1" Merkmal="1" Planquadrat="N&#xD;"/>
  <Strassen StrID="6571" StrName="Glashüttenstraße" StrPLZ="30165" OrtID="1" Merkmal="1" Planquadrat="N&#xD;"/>
  <Strassen StrID="6572" StrName="Glatzer Straße" StrPLZ="30519" OrtID="1" Merkmal="1" Planquadrat="N&#xD;"/>
  <Strassen StrID="6573" StrName="Gleidinger Straße" StrPLZ="30519" OrtID="1" Merkmal="1" Planquadrat="N&#xD;"/>
  <Strassen StrID="6574" StrName="Gleiwitzer Straße" StrPLZ="30519" OrtID="1" Merkmal="1" Planquadrat="N&#xD;"/>
  <Strassen StrID="6575" StrName="Glimmerweg" StrPLZ="30455" OrtID="1" Merkmal="1" Planquadrat="N&#xD;"/>
  <Strassen StrID="6576" StrName="Glockseestraße" StrPLZ="30169" OrtID="1" Merkmal="1" Planquadrat="N&#xD;"/>
  <Strassen StrID="6577" StrName="Gloedenhof" StrPLZ="30457" OrtID="1" Merkmal="1" Planquadrat="N&#xD;"/>
  <Strassen StrID="6578" StrName="Glogauer Weg" StrPLZ="30519" OrtID="1" Merkmal="1" Planquadrat="N&#xD;"/>
  <Strassen StrID="6579" StrName="Glücksburger Weg" StrPLZ="30165" OrtID="1" Merkmal="1" Planquadrat="N&#xD;"/>
  <Strassen StrID="6580" StrName="Glünderstraße" StrPLZ="30167" OrtID="1" Merkmal="1" Planquadrat="N&#xD;"/>
  <Strassen StrID="6581" StrName="Gneisenaustraße" StrPLZ="30175" OrtID="1" Merkmal="1" Planquadrat="N&#xD;"/>
  <Strassen StrID="6582" StrName="Gneiststraße" StrPLZ="30169" OrtID="1" Merkmal="1" Planquadrat="N&#xD;"/>
  <Strassen StrID="6583" StrName="Gnesener Weg" StrPLZ="30659" OrtID="1" Merkmal="1" Planquadrat="N&#xD;"/>
  <Strassen StrID="6584" StrName="Göbelstraße" StrPLZ="30163" OrtID="1" Merkmal="1" Planquadrat="N&#xD;"/>
  <Strassen StrID="6585" StrName="Godehardistraße" StrPLZ="30449" OrtID="1" Merkmal="1" Planquadrat="N&#xD;"/>
  <Strassen StrID="6586" StrName="Gödekeweg" StrPLZ="30419" OrtID="1" Merkmal="1" Planquadrat="N&#xD;"/>
  <Strassen StrID="6587" StrName="Godshorner Damm" StrPLZ="30419" OrtID="1" Merkmal="1" Planquadrat="N&#xD;"/>
  <Strassen StrID="6588" StrName="Goebenstraße" StrHausBereich="1-11,2-10,39-45,40-46" StrPLZ="30161" OrtID="1" Merkmal="1" Planquadrat="N&#xD;"/>
  <Strassen StrID="6589" StrName="Goebenstraße" StrHausBereich="12-38,13-37" StrPLZ="30163" OrtID="1" Merkmal="1" Planquadrat="N&#xD;"/>
  <Strassen StrID="6590" StrName="Goerdelerstraße" StrPLZ="30457" OrtID="1" Merkmal="1" Planquadrat="N&#xD;"/>
  <Strassen StrID="6591" StrName="Goetheplatz" StrPLZ="30169" OrtID="1" Merkmal="1" Planquadrat="N&#xD;"/>
  <Strassen StrID="6592" StrName="Goethestraße" StrPLZ="30169" OrtID="1" Merkmal="1" Planquadrat="N&#xD;"/>
  <Strassen StrID="6593" StrName="Goethestraße" StrPLZ="30457" OrtID="1" Merkmal="1" Planquadrat="N"/>
  <Strassen StrID="6594" StrName="Göhrdestraße" StrPLZ="30161" OrtID="1" Merkmal="1" Planquadrat="N&#xD;"/>
  <Strassen StrID="6595" StrName="Göingweg" StrPLZ="30419" OrtID="1" Merkmal="1" Planquadrat="N&#xD;"/>
  <Strassen StrID="6596" StrName="Goldener Winkel" StrPLZ="30159" OrtID="1" Merkmal="1" Planquadrat="N&#xD;"/>
  <Strassen StrID="6597" StrName="Goldmarieweg" StrPLZ="30179" OrtID="1" Merkmal="1" Planquadrat="N&#xD;"/>
  <Strassen StrID="6598" StrName="Gölenkamp" StrPLZ="30539" OrtID="1" Merkmal="1" Planquadrat="N&#xD;"/>
  <Strassen StrID="6599" StrName="Gollstraße" StrPLZ="30559" OrtID="1" Merkmal="1" Planquadrat="N&#xD;"/>
  <Strassen StrID="6600" StrName="Golternstraße" StrPLZ="30455" OrtID="1" Merkmal="1" Planquadrat="N&#xD;"/>
  <Strassen StrID="6601" StrName="Gorch-Fock-Straße" StrPLZ="30177" OrtID="1" Merkmal="1" Planquadrat="N&#xD;"/>
  <Strassen StrID="6602" StrName="Görlitzer Hof" StrPLZ="30519" OrtID="1" Merkmal="1" Planquadrat="N&#xD;"/>
  <Strassen StrID="6603" StrName="Goseriede" StrPLZ="30159" OrtID="1" Merkmal="1" Planquadrat="N&#xD;"/>
  <Strassen StrID="6604" StrName="Gosewischstraße" StrPLZ="30419" OrtID="1" Merkmal="1" Planquadrat="N&#xD;"/>
  <Strassen StrID="6605" StrName="Goslarsche Straße" StrPLZ="30419" OrtID="1" Merkmal="1" Planquadrat="N&#xD;"/>
  <Strassen StrID="6606" StrName="Gothaer Straße" StrPLZ="30179" OrtID="1" Merkmal="1" Planquadrat="N&#xD;"/>
  <Strassen StrID="6607" StrName="Gottfried-Keller-Straße" StrPLZ="30655" OrtID="1" Merkmal="1" Planquadrat="N&#xD;"/>
  <Strassen StrID="6608" StrName="Göttinger Chaussee" StrHausBereich="1-77,12-76" StrPLZ="30453" OrtID="1" Merkmal="1" Planquadrat="N&#xD;"/>
  <Strassen StrID="6609" StrName="Göttinger Chaussee" StrHausBereich="78-280,83-281" StrPLZ="30459" OrtID="1" Merkmal="1" Planquadrat="N&#xD;"/>
  <Strassen StrID="6610" StrName="Göttinger Hof" StrPLZ="30453" OrtID="1" Merkmal="1" Planquadrat="N&#xD;"/>
  <Strassen StrID="6611" StrName="Göttinger Straße" StrPLZ="30449" OrtID="1" Merkmal="1" Planquadrat="N&#xD;"/>
  <Strassen StrID="6612" StrName="Götzstraße" StrPLZ="30629" OrtID="1" Merkmal="1" Planquadrat="N&#xD;"/>
  <Strassen StrID="6613" StrName="Grabbestraße" StrPLZ="30165" OrtID="1" Merkmal="0" Planquadrat="M8&#xD;&#xA;"/>
  <Strassen StrID="6615" StrName="Gradestraße" StrPLZ="30163" OrtID="1" Merkmal="1" Planquadrat="N&#xD;"/>
  <Strassen StrID="6616" StrName="Graefenhainweg" StrPLZ="30519" OrtID="1" Merkmal="1" Planquadrat="N&#xD;"/>
  <Strassen StrID="6617" StrName="Grahnstraße" StrPLZ="30165" OrtID="1" Merkmal="1" Planquadrat="N&#xD;"/>
  <Strassen StrID="6618" StrName="Grambartstraße" StrPLZ="30165" OrtID="1" Merkmal="1" Planquadrat="N&#xD;"/>
  <Strassen StrID="6619" StrName="Grandeweg" StrPLZ="30457" OrtID="1" Merkmal="1" Planquadrat="N&#xD;"/>
  <Strassen StrID="6620" StrName="Granitweg" StrPLZ="30455" OrtID="1" Merkmal="1" Planquadrat="N&#xD;"/>
  <Strassen StrID="6621" StrName="Grasdorfer Straße" StrPLZ="30519" OrtID="1" Merkmal="1" Planquadrat="N&#xD;"/>
  <Strassen StrID="6622" StrName="Grasekamp" StrPLZ="30539" OrtID="1" Merkmal="1" Planquadrat="N&#xD;"/>
  <Strassen StrID="6623" StrName="Gräserweg" StrPLZ="30519" OrtID="1" Merkmal="1" Planquadrat="N&#xD;"/>
  <Strassen StrID="6624" StrName="Grashöfe" StrPLZ="30419" OrtID="1" Merkmal="1" Planquadrat="N&#xD;"/>
  <Strassen StrID="6625" StrName="Graudenzer Weg" StrPLZ="30659" OrtID="1" Merkmal="1" Planquadrat="N&#xD;"/>
  <Strassen StrID="6626" StrName="Grävemeyerstraße" StrPLZ="30519" OrtID="1" Merkmal="1" Planquadrat="N&#xD;"/>
  <Strassen StrID="6627" StrName="Grazer Straße" StrPLZ="30519" OrtID="1" Merkmal="1" Planquadrat="N&#xD;"/>
  <Strassen StrID="6628" StrName="Grebenberg" StrPLZ="30419" OrtID="1" Merkmal="1" Planquadrat="N&#xD;"/>
  <Strassen StrID="6629" StrName="Gredelfeldstraße" StrPLZ="30459" OrtID="1" Merkmal="1" Planquadrat="N&#xD;"/>
  <Strassen StrID="6630" StrName="Gredelhof" StrPLZ="30459" OrtID="1" Merkmal="1" Planquadrat="N&#xD;"/>
  <Strassen StrID="6631" StrName="Greifswalderstraße" StrPLZ="30629" OrtID="1" Merkmal="1" Planquadrat="N&#xD;"/>
  <Strassen StrID="6632" StrName="Greitheweg" StrPLZ="30559" OrtID="1" Merkmal="1" Planquadrat="N&#xD;"/>
  <Strassen StrID="6633" StrName="Greizkuhle" StrPLZ="30459" OrtID="1" Merkmal="1" Planquadrat="N&#xD;"/>
  <Strassen StrID="6634" StrName="Grenzstraße" StrPLZ="30627" OrtID="1" Merkmal="1" Planquadrat="N&#xD;"/>
  <Strassen StrID="6635" StrName="Grenzweg" StrPLZ="30165" OrtID="1" Merkmal="1" Planquadrat="N&#xD;"/>
  <Strassen StrID="6636" StrName="Gretchenstraße" StrPLZ="30161" OrtID="1" Merkmal="1" Planquadrat="N&#xD;"/>
  <Strassen StrID="6637" StrName="Gretelriede" StrPLZ="30419" OrtID="1" Merkmal="1" Planquadrat="N&#xD;"/>
  <Strassen StrID="6638" StrName="Grethe-Jürgens-Straße" StrPLZ="30655" OrtID="1" Merkmal="1" Planquadrat="N&#xD;"/>
  <Strassen StrID="6639" StrName="Grillparzerstraße" StrPLZ="30655" OrtID="1" Merkmal="1" Planquadrat="N&#xD;"/>
  <Strassen StrID="6640" StrName="Grimmstraße" StrPLZ="30171" OrtID="1" Merkmal="1" Planquadrat="N&#xD;"/>
  <Strassen StrID="6641" StrName="Grimsehlweg" StrPLZ="30659" OrtID="1" Merkmal="1" Planquadrat="N&#xD;"/>
  <Strassen StrID="6642" StrName="Grindelhof" StrPLZ="30419" OrtID="1" Merkmal="1" Planquadrat="N&#xD;"/>
  <Strassen StrID="6643" StrName="Gronostraße" StrPLZ="30459" OrtID="1" Merkmal="1" Planquadrat="N&#xD;"/>
  <Strassen StrID="6644" StrName="Gropiusstraße" StrPLZ="30559" OrtID="1" Merkmal="1" Planquadrat="N&#xD;"/>
  <Strassen StrID="6645" StrName="Groß-Buchholzer-Kirchweg" StrPLZ="30655" OrtID="1" Merkmal="1" Planquadrat="N&#xD;"/>
  <Strassen StrID="6647" StrName="Große Barlinge" StrPLZ="30171" OrtID="1" Merkmal="1" Planquadrat="N&#xD;"/>
  <Strassen StrID="6648" StrName="Große Düwelstraße" StrPLZ="30171" OrtID="1" Merkmal="1" Planquadrat="N&#xD;"/>
  <Strassen StrID="6649" StrName="Große Heide" StrPLZ="30657" OrtID="1" Merkmal="1" Planquadrat="N&#xD;"/>
  <Strassen StrID="6650" StrName="Große Packhofstraße" StrPLZ="30159" OrtID="1" Merkmal="1" Planquadrat="N&#xD;"/>
  <Strassen StrID="6651" StrName="Große Pfahlstraße" StrPLZ="30161" OrtID="1" Merkmal="1" Planquadrat="N&#xD;"/>
  <Strassen StrID="6652" StrName="Große Pranke" StrPLZ="30419" OrtID="1" Merkmal="1" Planquadrat="N&#xD;"/>
  <Strassen StrID="6653" StrName="Große Straße" StrPLZ="30453" OrtID="1" Merkmal="1" Planquadrat="N&#xD;"/>
  <Strassen StrID="6654" StrName="Großer Hillen" StrPLZ="30559" OrtID="1" Merkmal="1" Planquadrat="N&#xD;"/>
  <Strassen StrID="6655" StrName="Großer Kolonnenweg" StrHausBereich="1-21,2-20" StrPLZ="30163" OrtID="1" Merkmal="1" Planquadrat="N&#xD;"/>
  <Strassen StrID="6656" StrName="Großer Kolonnenweg" StrHausBereich="22-Ende,23-Ende" StrPLZ="30179" OrtID="1" Merkmal="1" Planquadrat="N&#xD;"/>
  <Strassen StrID="6657" StrName="Großkopfstraße" StrPLZ="30449" OrtID="1" Merkmal="1" Planquadrat="N&#xD;"/>
  <Strassen StrID="6658" StrName="Großweg" StrPLZ="30457" OrtID="1" Merkmal="1" Planquadrat="N&#xD;"/>
  <Strassen StrID="6659" StrName="Grotefendstraße" StrPLZ="30167" OrtID="1" Merkmal="1" Planquadrat="N&#xD;"/>
  <Strassen StrID="6660" StrName="Grotestraße" StrPLZ="30451" OrtID="1" Merkmal="1" Planquadrat="N&#xD;"/>
  <Strassen StrID="6661" StrName="Grünaustraße" StrPLZ="30455" OrtID="1" Merkmal="1" Planquadrat="N&#xD;"/>
  <Strassen StrID="6662" StrName="Grünberger Weg" StrPLZ="30519" OrtID="1" Merkmal="1" Planquadrat="N&#xD;"/>
  <Strassen StrID="6663" StrName="Grüne Aue" StrPLZ="30559" OrtID="1" Merkmal="1" Planquadrat="N&#xD;"/>
  <Strassen StrID="6664" StrName="Grüner Brink" StrPLZ="30453" OrtID="1" Merkmal="1" Planquadrat="N&#xD;"/>
  <Strassen StrID="6665" StrName="Grünewaldstraße" StrPLZ="30177" OrtID="1" Merkmal="1" Planquadrat="N&#xD;"/>
  <Strassen StrID="6666" StrName="Grünlinde" StrPLZ="30459" OrtID="1" Merkmal="1" Planquadrat="N&#xD;"/>
  <Strassen StrID="6667" StrName="Grupenstraße" StrPLZ="30159" OrtID="1" Merkmal="1" Planquadrat="N&#xD;"/>
  <Strassen StrID="6668" StrName="Gubener Weg" StrPLZ="30519" OrtID="1" Merkmal="1" Planquadrat="N&#xD;"/>
  <Strassen StrID="6669" StrName="Guerickestraße" StrPLZ="30655" OrtID="1" Merkmal="1" Planquadrat="N&#xD;"/>
  <Strassen StrID="6670" StrName="Gulbranssonweg" StrPLZ="30655" OrtID="1" Merkmal="1" Planquadrat="N&#xD;"/>
  <Strassen StrID="6672" StrName="Gundelachweg" StrPLZ="30519" OrtID="1" Merkmal="1" Planquadrat="N&#xD;"/>
  <Strassen StrID="6673" StrName="Gundelrebe" StrPLZ="30655" OrtID="1" Merkmal="1" Planquadrat="N&#xD;"/>
  <Strassen StrID="6674" StrName="Günselweg" StrPLZ="30629" OrtID="1" Merkmal="1" Planquadrat="N&#xD;"/>
  <Strassen StrID="6675" StrName="Günther-Wagner-Allee" StrPLZ="30177" OrtID="1" Merkmal="1" Planquadrat="N&#xD;"/>
  <Strassen StrID="6676" StrName="Güntherstraße" StrPLZ="30519" OrtID="1" Merkmal="1" Planquadrat="N&#xD;"/>
  <Strassen StrID="6677" StrName="Gusindeweg" StrPLZ="30163" OrtID="1" Merkmal="1" Planquadrat="N&#xD;"/>
  <Strassen StrID="6678" StrName="Gustav-Adolf-Straße" StrPLZ="30167" OrtID="1" Merkmal="1" Planquadrat="N&#xD;"/>
  <Strassen StrID="6679" StrName="Gustav-Brandt-Straße" StrPLZ="30173" OrtID="1" Merkmal="1" Planquadrat="N&#xD;"/>
  <Strassen StrID="6680" StrName="Gustav-Bratke-Allee" StrPLZ="30169" OrtID="1" Merkmal="1" Planquadrat="N&#xD;"/>
  <Strassen StrID="6681" StrName="Gustav-Bratke-Straße" StrPLZ="30629" OrtID="1" Merkmal="1" Planquadrat="N&#xD;"/>
  <Strassen StrID="6682" StrName="Gustav-Schenk-Weg" StrPLZ="30455" OrtID="1" Merkmal="1" Planquadrat="N&#xD;"/>
  <Strassen StrID="6683" StrName="Gutenberghof" StrPLZ="30159" OrtID="1" Merkmal="1" Planquadrat="N&#xD;"/>
  <Strassen StrID="6684" StrName="Guts-Muths-Straße" StrPLZ="30165" OrtID="1" Merkmal="1" Planquadrat="N&#xD;"/>
  <Strassen StrID="6685" StrName="Gutsweg" StrPLZ="30419" OrtID="1" Merkmal="1" Planquadrat="N&#xD;"/>
  <Strassen StrID="6686" StrName="Haarstraße" StrPLZ="30169" OrtID="1" Merkmal="1" Planquadrat="N&#xD;"/>
  <Strassen StrID="6688" StrName="Haasenstraße" StrPLZ="30159" OrtID="1" Merkmal="1" Planquadrat="N&#xD;"/>
  <Strassen StrID="6689" StrName="Haberhof" StrPLZ="30655" OrtID="1" Merkmal="1" Planquadrat="N&#xD;"/>
  <Strassen StrID="6690" StrName="Habermannweg" StrPLZ="30457" OrtID="1" Merkmal="1" Planquadrat="N&#xD;"/>
  <Strassen StrID="6691" StrName="Habichtshorststraße" StrPLZ="30655" OrtID="1" Merkmal="1" Planquadrat="N&#xD;"/>
  <Strassen StrID="6692" StrName="Hackethalstraße" StrPLZ="30179" OrtID="1" Merkmal="1" Planquadrat="N&#xD;"/>
  <Strassen StrID="6693" StrName="Haeckelstraße" StrPLZ="30173" OrtID="1" Merkmal="1" Planquadrat="N&#xD;"/>
  <Strassen StrID="6694" StrName="Hagebuttenweg" StrPLZ="30657" OrtID="1" Merkmal="1" Planquadrat="N&#xD;"/>
  <Strassen StrID="6695" StrName="Hagedornweg" StrPLZ="30559" OrtID="1" Merkmal="1" Planquadrat="N&#xD;"/>
  <Strassen StrID="6696" StrName="Hagenbleckstraße" StrPLZ="30455" OrtID="1" Merkmal="1" Planquadrat="N&#xD;"/>
  <Strassen StrID="6697" StrName="Hagenstraße" StrPLZ="30161" OrtID="1" Merkmal="1" Planquadrat="N&#xD;"/>
  <Strassen StrID="6698" StrName="Hägenstraße" StrPLZ="30559" OrtID="1" Merkmal="1" Planquadrat="N&#xD;"/>
  <Strassen StrID="6699" StrName="Hägerweg" StrPLZ="30659" OrtID="1" Merkmal="1" Planquadrat="N&#xD;"/>
  <Strassen StrID="6700" StrName="Hägewiesen" StrPLZ="30657" OrtID="1" Merkmal="1" Planquadrat="N&#xD;"/>
  <Strassen StrID="6701" StrName="Hahnemannweg" StrPLZ="30655" OrtID="1" Merkmal="1" Planquadrat="N&#xD;"/>
  <Strassen StrID="6702" StrName="Hahnenschrei" StrPLZ="30657" OrtID="1" Merkmal="1" Planquadrat="N&#xD;"/>
  <Strassen StrID="6703" StrName="Hahnenseestraße" StrPLZ="30455" OrtID="1" Merkmal="1" Planquadrat="N&#xD;"/>
  <Strassen StrID="6704" StrName="Hahnensteg" StrPLZ="30459" OrtID="1" Merkmal="1" Planquadrat="N&#xD;"/>
  <Strassen StrID="6705" StrName="Hahnenstraße" StrPLZ="30167" OrtID="1" Merkmal="1" Planquadrat="N&#xD;"/>
  <Strassen StrID="6706" StrName="Hainhölzer Straße" StrPLZ="30159" OrtID="1" Merkmal="1" Planquadrat="N&#xD;"/>
  <Strassen StrID="6707" StrName="Halberstadtweg" StrPLZ="30659" OrtID="1" Merkmal="1" Planquadrat="N&#xD;"/>
  <Strassen StrID="6708" StrName="Halkettstraße" StrPLZ="30165" OrtID="1" Merkmal="1" Planquadrat="N&#xD;"/>
  <Strassen StrID="6709" StrName="Hallermunder Straße" StrPLZ="30449" OrtID="1" Merkmal="1" Planquadrat="N&#xD;"/>
  <Strassen StrID="6710" StrName="Hallerstraße" StrPLZ="30161" OrtID="1" Merkmal="1" Planquadrat="N&#xD;"/>
  <Strassen StrID="6711" StrName="Hallesche Straße" StrPLZ="30179" OrtID="1" Merkmal="1" Planquadrat="N&#xD;"/>
  <Strassen StrID="6712" StrName="Haltenhoffstraße" StrHausBereich="1-75A,2-94" StrPLZ="30167" OrtID="1" Merkmal="1" Planquadrat="N&#xD;"/>
  <Strassen StrID="6713" StrName="Haltenhoffstraße" StrHausBereich="159-Ende,154-Ende" StrPLZ="30419" OrtID="1" Merkmal="1" Planquadrat="N&#xD;"/>
  <Strassen StrID="6714" StrName="Hamburger Allee" StrPLZ="30161" OrtID="1" Merkmal="1" Planquadrat="N&#xD;"/>
  <Strassen StrID="6715" StrName="Hamelner Chaussee" StrPLZ="30457" OrtID="1" Merkmal="1" Planquadrat="N&#xD;"/>
  <Strassen StrID="6716" StrName="Hammersteinstraße" StrPLZ="30177" OrtID="1" Merkmal="1" Planquadrat="N&#xD;"/>
  <Strassen StrID="6717" StrName="Hammhof" StrPLZ="30455" OrtID="1" Merkmal="1" Planquadrat="N&#xD;"/>
  <Strassen StrID="6718" StrName="Hamstergrund" StrPLZ="30657" OrtID="1" Merkmal="1" Planquadrat="N&#xD;"/>
  <Strassen StrID="6719" StrName="Hamsunstraße" StrPLZ="30655" OrtID="1" Merkmal="1" Planquadrat="N&#xD;"/>
  <Strassen StrID="6720" StrName="Händelstraße" StrPLZ="30177" OrtID="1" Merkmal="1" Planquadrat="N&#xD;"/>
  <Strassen StrID="6721" StrName="Hanebuthwinkel" StrPLZ="30655" OrtID="1" Merkmal="1" Planquadrat="N&#xD;"/>
  <Strassen StrID="6722" StrName="Hangstraße" StrPLZ="30457" OrtID="1" Merkmal="1" Planquadrat="N&#xD;"/>
  <Strassen StrID="6723" StrName="Hannah-Arendt-Weg" StrPLZ="30455" OrtID="1" Merkmal="1" Planquadrat="N&#xD;"/>
  <Strassen StrID="6724" StrName="Hannoversche Straße" StrHausBereich="1-95a,2-90a" StrPLZ="30629" OrtID="1" Merkmal="1" Planquadrat="N&#xD;"/>
  <Strassen StrID="6725" StrName="Hannoversche Straße" StrHausBereich="92-128,97-143" StrPLZ="30627" OrtID="1" Merkmal="1" Planquadrat="N&#xD;"/>
  <Strassen StrID="6726" StrName="Hanns-Lilje-Platz" StrPLZ="30159" OrtID="1" Merkmal="1" Planquadrat="N&#xD;"/>
  <Strassen StrID="6727" StrName="Hanomagstraße" StrPLZ="30449" OrtID="1" Merkmal="1" Planquadrat="N&#xD;"/>
  <Strassen StrID="6728" StrName="Hans-Böckler-Allee" StrPLZ="30173" OrtID="1" Merkmal="1" Planquadrat="N&#xD;"/>
  <Strassen StrID="6729" StrName="Hans-Eyl-Straße" StrPLZ="30519" OrtID="1" Merkmal="1" Planquadrat="N&#xD;"/>
  <Strassen StrID="6730" StrName="Hans-Joachim-Toll-Weg" StrPLZ="30455" OrtID="1" Merkmal="1" Planquadrat="N&#xD;"/>
  <Strassen StrID="6731" StrName="Hans-Krebs-Straße" StrPLZ="30625" OrtID="1" Merkmal="1" Planquadrat="N&#xD;"/>
  <Strassen StrID="6732" StrName="Hans-Paulmann-Straße" StrPLZ="30453" OrtID="1" Merkmal="1" Planquadrat="N&#xD;"/>
  <Strassen StrID="6733" StrName="Hans-Sachs-Weg" StrPLZ="30519" OrtID="1" Merkmal="1" Planquadrat="N&#xD;"/>
  <Strassen StrID="6734" StrName="Hansastraße" StrPLZ="30419" OrtID="1" Merkmal="1" Planquadrat="N&#xD;"/>
  <Strassen StrID="6735" StrName="Hänselriede" StrPLZ="30419" OrtID="1" Merkmal="1" Planquadrat="N&#xD;"/>
  <Strassen StrID="6736" StrName="Hansinckstraße" StrPLZ="30655" OrtID="1" Merkmal="1" Planquadrat="N&#xD;"/>
  <Strassen StrID="6737" StrName="Hansteinstraße" StrPLZ="30419" OrtID="1" Merkmal="1" Planquadrat="N&#xD;"/>
  <Strassen StrID="6738" StrName="Hapenwiesen" OrtID="1" Merkmal="1" Planquadrat="N&#xD;"/>
  <Strassen StrID="6739" StrName="Hapkeweg" StrPLZ="30519" OrtID="1" Merkmal="1" Planquadrat="N&#xD;"/>
  <Strassen StrID="6740" StrName="Harburger Hof" StrPLZ="30419" OrtID="1" Merkmal="1" Planquadrat="N&#xD;"/>
  <Strassen StrID="6741" StrName="Hardenbergstraße" StrPLZ="30169" OrtID="1" Merkmal="1" Planquadrat="N&#xD;"/>
  <Strassen StrID="6742" StrName="Harenberger Straße" StrHausBereich="1-51,4-184,161-193" StrPLZ="30453" OrtID="1" Merkmal="1" Planquadrat="N&#xD;"/>
  <Strassen StrID="6743" StrName="Harener Hof" StrPLZ="30539" OrtID="1" Merkmal="1" Planquadrat="N&#xD;"/>
  <Strassen StrID="6744" StrName="Harnischstraße" StrPLZ="30163" OrtID="1" Merkmal="1" Planquadrat="N&#xD;"/>
  <Strassen StrID="6745" StrName="Harryweg" StrPLZ="30453" OrtID="1" Merkmal="1" Planquadrat="N&#xD;"/>
  <Strassen StrID="6746" StrName="Harsumer Straße" StrPLZ="30519" OrtID="1" Merkmal="1" Planquadrat="N&#xD;"/>
  <Strassen StrID="6747" StrName="Hartenbrakenstraße" StrPLZ="30659" OrtID="1" Merkmal="1" Planquadrat="N&#xD;"/>
  <Strassen StrID="6748" StrName="Hartestraße" StrPLZ="30539" OrtID="1" Merkmal="1" Planquadrat="N&#xD;"/>
  <Strassen StrID="6749" StrName="Hartmannstraße" StrPLZ="30559" OrtID="1" Merkmal="1" Planquadrat="N&#xD;"/>
  <Strassen StrID="6750" StrName="Hartmannstraße" StrPLZ="30171" OrtID="1" Merkmal="1" Planquadrat="N&#xD;"/>
  <Strassen StrID="6751" StrName="Hartungstraße" StrPLZ="30419" OrtID="1" Merkmal="1" Planquadrat="N&#xD;"/>
  <Strassen StrID="6752" StrName="Hartwigstraße" StrPLZ="30169" OrtID="1" Merkmal="1" Planquadrat="N&#xD;"/>
  <Strassen StrID="6753" StrName="Harzburger Platz" StrPLZ="30419" OrtID="1" Merkmal="1" Planquadrat="N&#xD;"/>
  <Strassen StrID="6754" StrName="Harzburger Straße" StrPLZ="30419" OrtID="1" Merkmal="1" Planquadrat="N&#xD;"/>
  <Strassen StrID="6755" StrName="Haselnußweg" StrPLZ="30629" OrtID="1" Merkmal="1" Planquadrat="N&#xD;"/>
  <Strassen StrID="6756" StrName="Haselünner Straße" StrPLZ="30539" OrtID="1" Merkmal="1" Planquadrat="N&#xD;"/>
  <Strassen StrID="6757" StrName="Hasenberg" StrPLZ="30419" OrtID="1" Merkmal="1" Planquadrat="N&#xD;"/>
  <Strassen StrID="6758" StrName="Hasenplan" StrPLZ="30657" OrtID="1" Merkmal="1" Planquadrat="N&#xD;"/>
  <Strassen StrID="6759" StrName="Hasenwinkel" StrPLZ="30629" OrtID="1" Merkmal="1" Planquadrat="N&#xD;"/>
  <Strassen StrID="6760" StrName="Haspelfelder Weg" StrPLZ="30173" OrtID="1" Merkmal="1" Planquadrat="N&#xD;"/>
  <Strassen StrID="6761" StrName="Haspelmathstraße" StrPLZ="30449" OrtID="1" Merkmal="1" Planquadrat="N&#xD;"/>
  <Strassen StrID="6762" StrName="Hasselhof" StrPLZ="30457" OrtID="1" Merkmal="1" Planquadrat="N&#xD;"/>
  <Strassen StrID="6763" StrName="Haubergstraße" StrPLZ="30625" OrtID="1" Merkmal="1" Planquadrat="N&#xD;"/>
  <Strassen StrID="6764" StrName="Hauffstraße" StrPLZ="30177" OrtID="1" Merkmal="1" Planquadrat="N&#xD;"/>
  <Strassen StrID="6765" StrName="Hauptstraße" StrPLZ="30457" OrtID="1" Merkmal="1" Planquadrat="N&#xD;"/>
  <Strassen StrID="6766" StrName="Hausmannstraße" StrPLZ="30159" OrtID="1" Merkmal="1" Planquadrat="N&#xD;"/>
  <Strassen StrID="6767" StrName="Havelweg" StrPLZ="30559" OrtID="1" Merkmal="1" Planquadrat="N&#xD;"/>
  <Strassen StrID="6768" StrName="Havemannstraße" StrPLZ="30165" OrtID="1" Merkmal="1" Planquadrat="N&#xD;"/>
  <Strassen StrID="6769" StrName="Haydnstraße" StrPLZ="30659" OrtID="1" Merkmal="1" Planquadrat="N&#xD;"/>
  <Strassen StrID="6770" StrName="Hebbelstraße" StrHausBereich="1-53,2-22" StrPLZ="30177" OrtID="1" Merkmal="1" Planquadrat="N&#xD;"/>
  <Strassen StrID="6771" StrName="Hebbelstraße" StrHausBereich="42-42k,55-89" StrPLZ="30179" OrtID="1" Merkmal="1" Planquadrat="N&#xD;"/>
  <Strassen StrID="6772" StrName="Heckenrosengang" StrPLZ="30657" OrtID="1" Merkmal="1" Planquadrat="N&#xD;"/>
  <Strassen StrID="6773" StrName="Hedwigstraße" StrPLZ="30159" OrtID="1" Merkmal="1" Planquadrat="N&#xD;"/>
  <Strassen StrID="6774" StrName="Hedwigsweg" StrPLZ="30539" OrtID="1" Merkmal="1" Planquadrat="N&#xD;"/>
  <Strassen StrID="6775" StrName="Heesestraße" StrPLZ="30449" OrtID="1" Merkmal="1" Planquadrat="N&#xD;"/>
  <Strassen StrID="6776" StrName="Heesternwinkel" StrPLZ="30657" OrtID="1" Merkmal="1" Planquadrat="N&#xD;"/>
  <Strassen StrID="6777" StrName="Hegebläch" StrPLZ="30419" OrtID="1" Merkmal="1" Planquadrat="N&#xD;"/>
  <Strassen StrID="6778" StrName="Hegefeldstraße" StrPLZ="30559" OrtID="1" Merkmal="1" Planquadrat="N&#xD;"/>
  <Strassen StrID="6779" StrName="Hegelstraße" StrPLZ="30625" OrtID="1" Merkmal="1" Planquadrat="N&#xD;"/>
  <Strassen StrID="6780" StrName="Heidegrün" StrPLZ="30179" OrtID="1" Merkmal="1" Planquadrat="N&#xD;"/>
  <Strassen StrID="6781" StrName="Heidelbeerweg" StrPLZ="30657" OrtID="1" Merkmal="1" Planquadrat="N&#xD;"/>
  <Strassen StrID="6782" StrName="Heidering" StrPLZ="30625" OrtID="1" Merkmal="1" Planquadrat="N&#xD;"/>
  <Strassen StrID="6783" StrName="Heidewinkel" StrPLZ="30659" OrtID="1" Merkmal="1" Planquadrat="N&#xD;"/>
  <Strassen StrID="6784" StrName="Heidjerhof" StrPLZ="30625" OrtID="1" Merkmal="1" Planquadrat="N&#xD;"/>
  <Strassen StrID="6785" StrName="Heidkampsee" StrPLZ="30659" OrtID="1" Merkmal="1" Planquadrat="N&#xD;"/>
  <Strassen StrID="6786" StrName="Heidornstraße" StrPLZ="30171" OrtID="1" Merkmal="1" Planquadrat="N&#xD;"/>
  <Strassen StrID="6787" StrName="Heiligerstraße" StrPLZ="30159" OrtID="1" Merkmal="1" Planquadrat="N&#xD;"/>
  <Strassen StrID="6788" StrName="Heiligengeiststraße" StrPLZ="30173" OrtID="1" Merkmal="1" Planquadrat="N&#xD;"/>
  <Strassen StrID="6789" StrName="Heilsbergerstraße" StrPLZ="30657" OrtID="1" Merkmal="1" Planquadrat="N&#xD;"/>
  <Strassen StrID="6790" StrName="Heimatweg" StrPLZ="30419" OrtID="1" Merkmal="1" Planquadrat="N&#xD;"/>
  <Strassen StrID="6791" StrName="Heimburgstraße" StrPLZ="30455" OrtID="1" Merkmal="1" Planquadrat="N&#xD;"/>
  <Strassen StrID="6792" StrName="Heimchenstraße" StrPLZ="30625" OrtID="1" Merkmal="1" Planquadrat="N&#xD;"/>
  <Strassen StrID="6793" StrName="Heimstättenstraße" StrPLZ="30659" OrtID="1" Merkmal="1" Planquadrat="N&#xD;"/>
  <Strassen StrID="6794" StrName="Heimstraße" StrPLZ="30539" OrtID="1" Merkmal="1" Planquadrat="N&#xD;"/>
  <Strassen StrID="6795" StrName="Heinemannhof" StrPLZ="30559" OrtID="1" Merkmal="1" Planquadrat="N&#xD;"/>
  <Strassen StrID="6796" StrName="Heinersdorfweg" StrPLZ="30179" OrtID="1" Merkmal="1" Planquadrat="N&#xD;"/>
  <Strassen StrID="6797" StrName="Heinischer Hof" StrPLZ="30419" OrtID="1" Merkmal="1" Planquadrat="N&#xD;"/>
  <Strassen StrID="6798" StrName="Heinrich-Heine-Ring" StrPLZ="30629" OrtID="1" Merkmal="1" Planquadrat="N&#xD;"/>
  <Strassen StrID="6799" StrName="Heinrich-Bock-Hof" StrPLZ="30459" OrtID="1" Merkmal="1" Planquadrat="N&#xD;"/>
  <Strassen StrID="6800" StrName="Heinrich-Heine-Platz" StrPLZ="30173" OrtID="1" Merkmal="1" Planquadrat="N&#xD;"/>
  <Strassen StrID="6801" StrName="Heinrich-Heine-Straße" StrPLZ="30173" OrtID="1" Merkmal="1" Planquadrat="N&#xD;"/>
  <Strassen StrID="6802" StrName="Heinrich-Hoff-Straße" StrPLZ="30453" OrtID="1" Merkmal="1" Planquadrat="N&#xD;"/>
  <Strassen StrID="6803" StrName="Heinrich-Jasper-Weg" StrPLZ="30457" OrtID="1" Merkmal="1" Planquadrat="N&#xD;"/>
  <Strassen StrID="6804" StrName="Heinrich-Kirchweger-Platz" StrPLZ="30165" OrtID="1" Merkmal="1" Planquadrat="N&#xD;"/>
  <Strassen StrID="6805" StrName="Heinrich-Köhler-Hof" StrPLZ="30165" OrtID="1" Merkmal="1" Planquadrat="N&#xD;"/>
  <Strassen StrID="6806" StrName="Heinrich-Kümmel-Straße" StrPLZ="30169" OrtID="1" Merkmal="1" Planquadrat="N&#xD;"/>
  <Strassen StrID="6807" StrName="Heinrich-Lange-Straße" StrPLZ="30419" OrtID="1" Merkmal="1" Planquadrat="N&#xD;"/>
  <Strassen StrID="6808" StrName="Heinrich-Meister-Allee" StrPLZ="30459" OrtID="1" Merkmal="1" Planquadrat="N&#xD;"/>
  <Strassen StrID="6809" StrName="Heinrich-Möhle-Weg" StrPLZ="30659" OrtID="1" Merkmal="1" Planquadrat="N&#xD;"/>
  <Strassen StrID="6810" StrName="Heinrich-Stamme-Straße" StrPLZ="30171" OrtID="1" Merkmal="1" Planquadrat="N&#xD;"/>
  <Strassen StrID="6811" StrName="Heinrichstraße" StrPLZ="30629" OrtID="1" Merkmal="1" Planquadrat="N&#xD;"/>
  <Strassen StrID="6812" StrName="Heinrichstraße" StrPLZ="30175" OrtID="1" Merkmal="1" Planquadrat="N&#xD;"/>
  <Strassen StrID="6813" StrName="Heinrichstraße" StrPLZ="30457" OrtID="1" Merkmal="1" Planquadrat="N&#xD;"/>
  <Strassen StrID="6814" StrName="Heintzestraße" StrPLZ="30519" OrtID="1" Merkmal="1" Planquadrat="N&#xD;"/>
  <Strassen StrID="6815" StrName="Heinzelmännchenweg" StrPLZ="30179" OrtID="1" Merkmal="1" Planquadrat="N&#xD;"/>
  <Strassen StrID="6816" StrName="Heiseder Straße" StrPLZ="30519" OrtID="1" Merkmal="1" Planquadrat="N&#xD;"/>
  <Strassen StrID="6817" StrName="Heisenbergstraße" StrPLZ="30627" OrtID="1" Merkmal="1" Planquadrat="N&#xD;"/>
  <Strassen StrID="6818" StrName="Heisenstraße" StrPLZ="30167" OrtID="1" Merkmal="1" Planquadrat="N&#xD;"/>
  <Strassen StrID="6819" StrName="Heisterbergallee" StrPLZ="30453" OrtID="1" Merkmal="1" Planquadrat="N&#xD;"/>
  <Strassen StrID="6820" StrName="Heisterholzwinkel" StrPLZ="30559" OrtID="1" Merkmal="1" Planquadrat="N&#xD;"/>
  <Strassen StrID="6821" StrName="Heitlinger Straße" StrPLZ="30419" OrtID="1" Merkmal="1" Planquadrat="N&#xD;"/>
  <Strassen StrID="6822" StrName="Helene-Weber-Brücke" OrtID="1" Merkmal="1" Planquadrat="N&#xD;"/>
  <Strassen StrID="6823" StrName="Helenenstraße" StrPLZ="30519" OrtID="1" Merkmal="1" Planquadrat="N&#xD;"/>
  <Strassen StrID="6824" StrName="Helgoländer Straße" StrPLZ="30163" OrtID="1" Merkmal="1" Planquadrat="N&#xD;"/>
  <Strassen StrID="6825" StrName="Helmholtzstraße" StrPLZ="30165" OrtID="1" Merkmal="1" Planquadrat="N&#xD;"/>
  <Strassen StrID="6826" StrName="Helmkestraße" StrPLZ="30165" OrtID="1" Merkmal="1" Planquadrat="N&#xD;"/>
  <Strassen StrID="6827" StrName="Helmstedter Straße" StrPLZ="30519" OrtID="1" Merkmal="1" Planquadrat="N&#xD;"/>
  <Strassen StrID="6828" StrName="Helstorfer Straße" StrPLZ="30625" OrtID="1" Merkmal="1" Planquadrat="N&#xD;"/>
  <Strassen StrID="6829" StrName="Helwingerodestraße" StrPLZ="30559" OrtID="1" Merkmal="1" Planquadrat="N&#xD;"/>
  <Strassen StrID="6830" StrName="Hemelingstraße" StrPLZ="30419" OrtID="1" Merkmal="1" Planquadrat="N&#xD;"/>
  <Strassen StrID="6831" StrName="Hemminger Kirchweg" StrPLZ="30459" OrtID="1" Merkmal="1" Planquadrat="N&#xD;"/>
  <Strassen StrID="6832" StrName="Hemminger Weg" StrPLZ="30459" OrtID="1" Merkmal="1" Planquadrat="N&#xD;"/>
  <Strassen StrID="6833" StrName="Henckellweg" StrPLZ="30459" OrtID="1" Merkmal="1" Planquadrat="N&#xD;"/>
  <Strassen StrID="6834" StrName="Hengstmannstraße" StrPLZ="30449" OrtID="1" Merkmal="1" Planquadrat="N&#xD;"/>
  <Strassen StrID="6835" StrName="Henleinweg" StrPLZ="30519" OrtID="1" Merkmal="1" Planquadrat="N&#xD;"/>
  <Strassen StrID="6836" StrName="Henniesruh" StrPLZ="30655" OrtID="1" Merkmal="1" Planquadrat="N&#xD;"/>
  <Strassen StrID="6837" StrName="Hennigestraße" StrPLZ="30451" OrtID="1" Merkmal="1" Planquadrat="N&#xD;"/>
  <Strassen StrID="6838" StrName="Henry-Lüders-Straße" StrPLZ="30161" OrtID="1" Merkmal="1" Planquadrat="N&#xD;"/>
  <Strassen StrID="6839" StrName="Henschelweg" StrPLZ="30165" OrtID="1" Merkmal="1" Planquadrat="N&#xD;"/>
  <Strassen StrID="6840" StrName="Henzeweg" StrPLZ="30455" OrtID="1" Merkmal="1" Planquadrat="N&#xD;"/>
  <Strassen StrID="6841" StrName="Herbartstraße" StrPLZ="30451" OrtID="1" Merkmal="1" Planquadrat="N&#xD;"/>
  <Strassen StrID="6842" StrName="Herderstraße" StrPLZ="30559" OrtID="1" Merkmal="1" Planquadrat="N&#xD;"/>
  <Strassen StrID="6843" StrName="Herderstraße" StrPLZ="30625" OrtID="1" Merkmal="1" Planquadrat="N&#xD;"/>
  <Strassen StrID="6844" StrName="Herforder Straße" StrPLZ="30459" OrtID="1" Merkmal="1" Planquadrat="N&#xD;"/>
  <Strassen StrID="6845" StrName="Herkuleshof" StrPLZ="30419" OrtID="1" Merkmal="1" Planquadrat="N&#xD;"/>
  <Strassen StrID="6846" StrName="Hermann-Bahlsen-Allee" StrPLZ="30655" OrtID="1" Merkmal="1" Planquadrat="N&#xD;"/>
  <Strassen StrID="6847" StrName="Hermann-Ehlers-Allee" StrPLZ="30455" OrtID="1" Merkmal="1" Planquadrat="N&#xD;"/>
  <Strassen StrID="6848" StrName="Hermann-Gebauer-Weg" StrPLZ="30177" OrtID="1" Merkmal="1" Planquadrat="N&#xD;"/>
  <Strassen StrID="6849" StrName="Hermann-Guthe-Straße" StrPLZ="30519" OrtID="1" Merkmal="1" Planquadrat="N&#xD;"/>
  <Strassen StrID="6850" StrName="Hermann-Hesse-Straße" StrPLZ="30539" OrtID="1" Merkmal="1" Planquadrat="N&#xD;"/>
  <Strassen StrID="6851" StrName="Hermann-Löns-Park" StrPLZ="30559" OrtID="1" Merkmal="1" Planquadrat="N&#xD;"/>
  <Strassen StrID="6852" StrName="Hermannsburger Damm" StrPLZ="30625" OrtID="1" Merkmal="1" Planquadrat="N&#xD;"/>
  <Strassen StrID="6853" StrName="Hermannstraße" StrPLZ="30457" OrtID="1" Merkmal="1" Planquadrat="N&#xD;"/>
  <Strassen StrID="6854" StrName="Hermenweg" StrPLZ="30419" OrtID="1" Merkmal="1" Planquadrat="N&#xD;"/>
  <Strassen StrID="6855" StrName="Herninghof" StrPLZ="30457" OrtID="1" Merkmal="1" Planquadrat="N&#xD;"/>
  <Strassen StrID="6856" StrName="Herrenhäuser Allee" StrPLZ="30167" OrtID="1" Merkmal="1" Planquadrat="N&#xD;"/>
  <Strassen StrID="6857" StrName="Herrenhäuser Kirchweg" StrPLZ="30167" OrtID="1" Merkmal="1" Planquadrat="N&#xD;"/>
  <Strassen StrID="6858" StrName="Herrenhäuser Straße" StrPLZ="30419" OrtID="1" Merkmal="1" Planquadrat="N&#xD;"/>
  <Strassen StrID="6859" StrName="Herrenstraße" StrPLZ="30159" OrtID="1" Merkmal="1" Planquadrat="N&#xD;"/>
  <Strassen StrID="6860" StrName="Herschelstraße" StrPLZ="30159" OrtID="1" Merkmal="1" Planquadrat="N&#xD;"/>
  <Strassen StrID="6861" StrName="Herthastraße" StrPLZ="30559" OrtID="1" Merkmal="1" Planquadrat="N&#xD;"/>
  <Strassen StrID="6862" StrName="Hertzstraße" StrPLZ="30163" OrtID="1" Merkmal="1" Planquadrat="N&#xD;"/>
  <Strassen StrID="6863" StrName="Herzlaker Straße" StrPLZ="30539" OrtID="1" Merkmal="1" Planquadrat="N&#xD;"/>
  <Strassen StrID="6864" StrName="Herzogsborn" StrPLZ="30453" OrtID="1" Merkmal="1" Planquadrat="N&#xD;"/>
  <Strassen StrID="6866" StrName="Heseper-Moor-Weg" StrPLZ="30539" OrtID="1" Merkmal="1" Planquadrat="N&#xD;"/>
  <Strassen StrID="6867" StrName="Hespenkamp" StrPLZ="30419" OrtID="1" Merkmal="1" Planquadrat="N&#xD;"/>
  <Strassen StrID="6868" StrName="Heuerstraße" StrPLZ="30519" OrtID="1" Merkmal="1" Planquadrat="N&#xD;"/>
  <Strassen StrID="6869" StrName="Heusingerstraße" StrPLZ="30419" OrtID="1" Merkmal="1" Planquadrat="N&#xD;"/>
  <Strassen StrID="6870" StrName="Heveliusstraße" StrPLZ="30519" OrtID="1" Merkmal="1" Planquadrat="N&#xD;"/>
  <Strassen StrID="6871" StrName="Heyden-Linden-Straße" StrPLZ="30163" OrtID="1" Merkmal="1" Planquadrat="N&#xD;"/>
  <Strassen StrID="6872" StrName="Heymesstraße" StrPLZ="30539" OrtID="1" Merkmal="1" Planquadrat="N&#xD;"/>
  <Strassen StrID="6873" StrName="Hildeboldstraße" StrPLZ="30455" OrtID="1" Merkmal="1" Planquadrat="N&#xD;"/>
  <Strassen StrID="6874" StrName="Hildesheimer Straße" StrHausBereich="1-89,2-92" StrPLZ="30169" OrtID="1" Merkmal="1" Planquadrat="N&#xD;"/>
  <Strassen StrID="6875" StrName="Hildesheimer Straße" StrHausBereich="192-432,193-451" StrPLZ="30519" OrtID="1" Merkmal="1" Planquadrat="N&#xD;"/>
  <Strassen StrID="6876" StrName="Hildesheimer Straße" StrHausBereich="91-191,94-190" StrPLZ="30173" OrtID="1" Merkmal="1" Planquadrat="N&#xD;"/>
  <Strassen StrID="6877" StrName="Hilshof" StrPLZ="30419" OrtID="1" Merkmal="1" Planquadrat="N&#xD;"/>
  <Strassen StrID="6878" StrName="Hindenburgstraße" StrPLZ="30175" OrtID="1" Merkmal="1" Planquadrat="N&#xD;"/>
  <Strassen StrID="6879" StrName="Hinrich-Wilhelm-Kopf-Platz" StrPLZ="30159" OrtID="1" Merkmal="1" Planquadrat="N&#xD;"/>
  <Strassen StrID="6880" StrName="Hinrichsring" StrPLZ="30177" OrtID="1" Merkmal="1" Planquadrat="N&#xD;"/>
  <Strassen StrID="6881" StrName="Hinter dem Dorfe" StrPLZ="30539" OrtID="1" Merkmal="1" Planquadrat="N&#xD;"/>
  <Strassen StrID="6882" StrName="Hinter dem Holze" StrPLZ="30539" OrtID="1" Merkmal="1" Planquadrat="N&#xD;"/>
  <Strassen StrID="6883" StrName="Hinter dem Kampe" StrPLZ="30659" OrtID="1" Merkmal="1" Planquadrat="N&#xD;"/>
  <Strassen StrID="6884" StrName="Hinter der Alten Burg" StrPLZ="30629" OrtID="1" Merkmal="1" Planquadrat="N&#xD;"/>
  <Strassen StrID="6885" StrName="Hintere Schöneworth" StrPLZ="30167" OrtID="1" Merkmal="1" Planquadrat="N&#xD;"/>
  <Strassen StrID="6886" StrName="Hintzehof" StrPLZ="30659" OrtID="1" Merkmal="1" Planquadrat="N&#xD;"/>
  <Strassen StrID="6887" StrName="Hinüberstraße" StrPLZ="30175" OrtID="1" Merkmal="1" Planquadrat="N&#xD;"/>
  <Strassen StrID="6888" StrName="Hirschanger" StrPLZ="30559" OrtID="1" Merkmal="1" Planquadrat="N&#xD;"/>
  <Strassen StrID="6889" StrName="Hirschberger Straße" StrPLZ="30627" OrtID="1" Merkmal="1" Planquadrat="N&#xD;"/>
  <Strassen StrID="6890" StrName="Hirschberger Weg" StrPLZ="30519" OrtID="1" Merkmal="1" Planquadrat="N&#xD;"/>
  <Strassen StrID="6891" StrName="Hirtenweg" StrPLZ="30163" OrtID="1" Merkmal="1" Planquadrat="N&#xD;"/>
  <Strassen StrID="6892" StrName="Hischestraße" StrPLZ="30165" OrtID="1" Merkmal="1" Planquadrat="N&#xD;"/>
  <Strassen StrID="6893" StrName="Hitzackerweg" StrPLZ="30625" OrtID="1" Merkmal="1" Planquadrat="N&#xD;"/>
  <Strassen StrID="6894" StrName="Hodlerweg" StrPLZ="30177" OrtID="1" Merkmal="1" Planquadrat="N&#xD;"/>
  <Strassen StrID="6895" StrName="Hofackerstraße" StrPLZ="30457" OrtID="1" Merkmal="1" Planquadrat="N&#xD;"/>
  <Strassen StrID="6896" StrName="Höfestraße" StrPLZ="30163" OrtID="1" Merkmal="1" Planquadrat="N&#xD;"/>
  <Strassen StrID="6897" StrName="Hoffman-von-Fallersleben-Straße" StrPLZ="30659" OrtID="1" Merkmal="1" Planquadrat="N&#xD;"/>
  <Strassen StrID="6898" StrName="Hoffmannshof" StrPLZ="30659" OrtID="1" Merkmal="1" Planquadrat="N&#xD;"/>
  <Strassen StrID="6899" StrName="Hoffstraße" StrPLZ="30419" OrtID="1" Merkmal="1" Planquadrat="N&#xD;"/>
  <Strassen StrID="6900" StrName="Hofhäuserweg" StrPLZ="30539" OrtID="1" Merkmal="1" Planquadrat="N&#xD;"/>
  <Strassen StrID="6901" StrName="Hoflage" StrPLZ="30539" OrtID="1" Merkmal="1" Planquadrat="N&#xD;"/>
  <Strassen StrID="6902" StrName="Hogrefestraße" StrPLZ="30419" OrtID="1" Merkmal="1" Planquadrat="N&#xD;"/>
  <Strassen StrID="6903" StrName="Hohe Linde" StrPLZ="30519" OrtID="1" Merkmal="1" Planquadrat="N&#xD;"/>
  <Strassen StrID="6904" StrName="Hohe Straße" StrPLZ="30449" OrtID="1" Merkmal="1" Planquadrat="N&#xD;"/>
  <Strassen StrID="6905" StrName="Hohensteinweg" StrPLZ="30419" OrtID="1" Merkmal="1" Planquadrat="N&#xD;"/>
  <Strassen StrID="6906" StrName="Hohenzollernstraße" StrPLZ="30161" OrtID="1" Merkmal="1" Planquadrat="N&#xD;"/>
  <Strassen StrID="6907" StrName="Hoher Weg" StrPLZ="30519" OrtID="1" Merkmal="1" Planquadrat="N&#xD;"/>
  <Strassen StrID="6908" StrName="Holbeinstraße" StrPLZ="30177" OrtID="1" Merkmal="1" Planquadrat="N&#xD;"/>
  <Strassen StrID="6909" StrName="Hölderlinstraße" StrPLZ="30625" OrtID="1" Merkmal="1" Planquadrat="N&#xD;"/>
  <Strassen StrID="6910" StrName="Hollerithallee" StrPLZ="30419" OrtID="1" Merkmal="1" Planquadrat="N&#xD;"/>
  <Strassen StrID="6911" StrName="Holleweg" StrPLZ="30455" OrtID="1" Merkmal="1" Planquadrat="N&#xD;"/>
  <Strassen StrID="6912" StrName="Holscherstraße" StrPLZ="30161" OrtID="1" Merkmal="1" Planquadrat="N&#xD;"/>
  <Strassen StrID="6913" StrName="Holteistraße" StrPLZ="30175" OrtID="1" Merkmal="1" Planquadrat="N&#xD;"/>
  <Strassen StrID="6914" StrName="Holtenser Weg" StrPLZ="30459" OrtID="1" Merkmal="1" Planquadrat="N&#xD;"/>
  <Strassen StrID="6915" StrName="Holthusenstraße" StrPLZ="30519" OrtID="1" Merkmal="1" Planquadrat="N&#xD;"/>
  <Strassen StrID="6916" StrName="Höltystraße" StrPLZ="30171" OrtID="1" Merkmal="1" Planquadrat="N&#xD;"/>
  <Strassen StrID="6917" StrName="Holzmarkt" StrPLZ="30159" OrtID="1" Merkmal="1" Planquadrat="N&#xD;"/>
  <Strassen StrID="6918" StrName="Holzrehre" StrPLZ="30453" OrtID="1" Merkmal="1" Planquadrat="N&#xD;"/>
  <Strassen StrID="6919" StrName="Holzstraße" StrPLZ="30453" OrtID="1" Merkmal="1" Planquadrat="N&#xD;"/>
  <Strassen StrID="6920" StrName="Holzwiesen" StrPLZ="30179" OrtID="1" Merkmal="1" Planquadrat="N&#xD;"/>
  <Strassen StrID="6921" StrName="Homburgweg" StrPLZ="30559" OrtID="1" Merkmal="1" Planquadrat="N&#xD;"/>
  <Strassen StrID="6922" StrName="Hooverweg" StrPLZ="30519" OrtID="1" Merkmal="1" Planquadrat="N&#xD;"/>
  <Strassen StrID="6923" StrName="Höpfnerstraße" StrPLZ="30459" OrtID="1" Merkmal="1" Planquadrat="N&#xD;"/>
  <Strassen StrID="6924" StrName="Hoppenstedtstraße" StrPLZ="30173" OrtID="1" Merkmal="1" Planquadrat="N&#xD;"/>
  <Strassen StrID="6925" StrName="Hoppestraße" StrPLZ="30625" OrtID="1" Merkmal="1" Planquadrat="N&#xD;"/>
  <Strassen StrID="6926" StrName="Hornemannweg" StrPLZ="30167" OrtID="1" Merkmal="1" Planquadrat="N&#xD;"/>
  <Strassen StrID="6927" StrName="Hornweg" StrPLZ="30457" OrtID="1" Merkmal="1" Planquadrat="N&#xD;"/>
  <Strassen StrID="6928" StrName="Höversche Straße" StrPLZ="30559" OrtID="1" Merkmal="1" Planquadrat="N&#xD;"/>
  <Strassen StrID="6929" StrName="Hoyerstraße" StrPLZ="30539" OrtID="1" Merkmal="1" Planquadrat="N&#xD;"/>
  <Strassen StrID="6930" StrName="Hübenerweg" StrPLZ="30457" OrtID="1" Merkmal="1" Planquadrat="N&#xD;"/>
  <Strassen StrID="6931" StrName="Huberstraße" StrPLZ="30627" OrtID="1" Merkmal="1" Planquadrat="N&#xD;"/>
  <Strassen StrID="6932" StrName="Hubertusstraße" StrPLZ="30163" OrtID="1" Merkmal="1" Planquadrat="N&#xD;"/>
  <Strassen StrID="6933" StrName="Hudeplan" StrPLZ="30453" OrtID="1" Merkmal="1" Planquadrat="N&#xD;"/>
  <Strassen StrID="6934" StrName="Huesmannhof" StrPLZ="30455" OrtID="1" Merkmal="1" Planquadrat="N&#xD;"/>
  <Strassen StrID="6935" StrName="Hufelandstraße" StrPLZ="30453" OrtID="1" Merkmal="1" Planquadrat="N&#xD;"/>
  <Strassen StrID="6936" StrName="Hugo-Preuß-Straße" StrPLZ="30459" OrtID="1" Merkmal="1" Planquadrat="N&#xD;"/>
  <Strassen StrID="6937" StrName="Humboldtstraße" StrPLZ="30169" OrtID="1" Merkmal="1" Planquadrat="N&#xD;"/>
  <Strassen StrID="6938" StrName="Hümmlingweg" StrPLZ="30539" OrtID="1" Merkmal="1" Planquadrat="N&#xD;"/>
  <Strassen StrID="6939" StrName="Hunaeusstraße" StrPLZ="30177" OrtID="1" Merkmal="1" Planquadrat="N&#xD;"/>
  <Strassen StrID="6940" StrName="Hunsrückweg" StrPLZ="30657" OrtID="1" Merkmal="1" Planquadrat="N&#xD;"/>
  <Strassen StrID="6941" StrName="Hurlebuschweg" StrPLZ="30453" OrtID="1" Merkmal="1" Planquadrat="N&#xD;"/>
  <Strassen StrID="6942" StrName="Husarenstraße" StrPLZ="30163" OrtID="1" Merkmal="1" Planquadrat="N&#xD;"/>
  <Strassen StrID="6943" StrName="Husumer Weg" StrPLZ="30165" OrtID="1" Merkmal="1" Planquadrat="N&#xD;"/>
  <Strassen StrID="6944" StrName="Hüttenstraße" StrPLZ="30165" OrtID="1" Merkmal="1" Planquadrat="N&#xD;"/>
  <Strassen StrID="6946" StrName="Untere Wieme" StrPLZ="31863" OrtID="117" Merkmal="1" Planquadrat="N&#xD;"/>
  <Strassen StrID="6950" StrName="Mariendorfer Weg" StrPLZ="12051" OrtID="18" Merkmal="1" Planquadrat="N&#xD;"/>
  <Strassen StrID="6951" StrName="Borsigstraße" StrPLZ="30916" OrtID="21" Merkmal="1" Planquadrat="N&#xD;"/>
  <Strassen StrID="6952" StrName="Heinkenstraße" StrPLZ="30851" OrtID="27" Merkmal="1" Planquadrat="N&#xD;"/>
  <Strassen StrID="6953" StrName="Ibykusweg" StrPLZ="30629" OrtID="1" Merkmal="1" Planquadrat="N&#xD;"/>
  <Strassen StrID="6954" StrName="Ifflandstraße" StrPLZ="30169" OrtID="1" Merkmal="1" Planquadrat="N&#xD;"/>
  <Strassen StrID="6955" StrName="Igelgrund" StrPLZ="30419" OrtID="1" Merkmal="1" Planquadrat="N&#xD;"/>
  <Strassen StrID="6956" StrName="Ihmepassage" StrPLZ="30449" OrtID="1" Merkmal="1" Planquadrat="N&#xD;"/>
  <Strassen StrID="6957" StrName="Ihmeplatz" StrPLZ="30449" OrtID="1" Merkmal="1" Planquadrat="N&#xD;"/>
  <Strassen StrID="6958" StrName="Ihmer Straße" StrPLZ="30457" OrtID="1" Merkmal="1" Planquadrat="N&#xD;"/>
  <Strassen StrID="6959" StrName="Ikarusallee" StrPLZ="30179" OrtID="1" Merkmal="1" Planquadrat="N&#xD;"/>
  <Strassen StrID="6960" StrName="Illerweg" StrPLZ="30519" OrtID="1" Merkmal="1" Planquadrat="N&#xD;"/>
  <Strassen StrID="6961" StrName="Illmenauer Weg" StrPLZ="30179" OrtID="1" Merkmal="1" Planquadrat="N&#xD;"/>
  <Strassen StrID="6962" StrName="Ilsenburger Weg" StrPLZ="30419" OrtID="1" Merkmal="1" Planquadrat="N&#xD;"/>
  <Strassen StrID="6963" StrName="Iltener Straße" StrPLZ="30519" OrtID="1" Merkmal="1" Planquadrat="N&#xD;"/>
  <Strassen StrID="6964" StrName="Im Born" StrPLZ="30455" OrtID="1" Merkmal="1" Planquadrat="N&#xD;"/>
  <Strassen StrID="6965" StrName="Im Bruche" StrPLZ="30519" OrtID="1" Merkmal="1" Planquadrat="N&#xD;"/>
  <Strassen StrID="6966" StrName="Im Bruchkampe" StrPLZ="30455" OrtID="1" Merkmal="1" Planquadrat="N&#xD;"/>
  <Strassen StrID="6967" StrName="Im Bruchkampe" StrPLZ="30629" OrtID="1" Merkmal="1" Planquadrat="N&#xD;"/>
  <Strassen StrID="6968" StrName="Im Buchenfelde" StrPLZ="30539" OrtID="1" Merkmal="1" Planquadrat="N&#xD;"/>
  <Strassen StrID="6969" StrName="Im Büntefelde" StrPLZ="30559" OrtID="1" Merkmal="1" Planquadrat="N&#xD;"/>
  <Strassen StrID="6970" StrName="Im Dorfe" StrPLZ="30453" OrtID="1" Merkmal="1" Planquadrat="N&#xD;"/>
  <Strassen StrID="6971" StrName="Im Dornbusch" StrPLZ="30657" OrtID="1" Merkmal="1" Planquadrat="N&#xD;"/>
  <Strassen StrID="6972" StrName="Im Eichholz" StrPLZ="30657" OrtID="1" Merkmal="1" Planquadrat="N&#xD;"/>
  <Strassen StrID="6973" StrName="Im Gosewinkel" StrPLZ="30627" OrtID="1" Merkmal="1" Planquadrat="N&#xD;"/>
  <Strassen StrID="6974" StrName="Im Großen Büchenfeld" StrPLZ="30453" OrtID="1" Merkmal="1" Planquadrat="N&#xD;"/>
  <Strassen StrID="6975" StrName="Im Großen Freien" StrPLZ="30559" OrtID="1" Merkmal="1" Planquadrat="N&#xD;"/>
  <Strassen StrID="6976" StrName="Im Hasenwinkel" StrPLZ="30457" OrtID="1" Merkmal="1" Planquadrat="N&#xD;"/>
  <Strassen StrID="6977" StrName="Im Haspelfelde" StrPLZ="30173" OrtID="1" Merkmal="1" Planquadrat="N&#xD;"/>
  <Strassen StrID="6978" StrName="Im Heckenweg" StrPLZ="30419" OrtID="1" Merkmal="1" Planquadrat="N&#xD;"/>
  <Strassen StrID="6979" StrName="Im Heidkampe" StrPLZ="30659" OrtID="1" Merkmal="1" Planquadrat="N&#xD;"/>
  <Strassen StrID="6980" StrName="Im Heimfrieden" StrPLZ="30627" OrtID="1" Merkmal="1" Planquadrat="N&#xD;"/>
  <Strassen StrID="6981" StrName="Im Hellerloh" StrPLZ="30457" OrtID="1" Merkmal="1" Planquadrat="N&#xD;"/>
  <Strassen StrID="6982" StrName="Im Kamp" StrPLZ="30657" OrtID="1" Merkmal="1" Planquadrat="N&#xD;"/>
  <Strassen StrID="6983" StrName="Im Kleinen Bruche" StrPLZ="30455" OrtID="1" Merkmal="1" Planquadrat="N&#xD;"/>
  <Strassen StrID="6984" StrName="Im Klingenkampe" StrPLZ="30659" OrtID="1" Merkmal="1" Planquadrat="N&#xD;"/>
  <Strassen StrID="6985" StrName="Im Kreuzkampe" StrPLZ="30655" OrtID="1" Merkmal="1" Planquadrat="N&#xD;"/>
  <Strassen StrID="6986" StrName="Im Krummen Sieke" StrPLZ="30419" OrtID="1" Merkmal="1" Planquadrat="N&#xD;"/>
  <Strassen StrID="6987" StrName="Im Lämpchen" StrPLZ="30459" OrtID="1" Merkmal="1" Planquadrat="N&#xD;"/>
  <Strassen StrID="6988" StrName="Im Lohfelde" StrPLZ="30453" OrtID="1" Merkmal="1" Planquadrat="N&#xD;"/>
  <Strassen StrID="6989" StrName="Im Moore" StrPLZ="30167" OrtID="1" Merkmal="1" Planquadrat="N&#xD;"/>
  <Strassen StrID="6990" StrName="Im Myrtenkranz" StrPLZ="30629" OrtID="1" Merkmal="1" Planquadrat="N&#xD;"/>
  <Strassen StrID="6991" StrName="Im Othfelde" StrPLZ="30165" OrtID="1" Merkmal="1" Planquadrat="N&#xD;"/>
  <Strassen StrID="6992" StrName="Im Rehwinkel" StrPLZ="30559" OrtID="1" Merkmal="1" Planquadrat="N&#xD;"/>
  <Strassen StrID="6993" StrName="Im Rehwinkel" StrPLZ="30457" OrtID="1" Merkmal="1" Planquadrat="N&#xD;"/>
  <Strassen StrID="6994" StrName="Im Reihpiepenfelde" StrPLZ="30455" OrtID="1" Merkmal="1" Planquadrat="N&#xD;"/>
  <Strassen StrID="6995" StrName="Im Rispengras" StrPLZ="30659" OrtID="1" Merkmal="1" Planquadrat="N&#xD;"/>
  <Strassen StrID="6996" StrName="Im Roggenfelde" StrPLZ="30419" OrtID="1" Merkmal="1" Planquadrat="N&#xD;"/>
  <Strassen StrID="6997" StrName="Im Seefelde" StrPLZ="30457" OrtID="1" Merkmal="1" Planquadrat="N&#xD;"/>
  <Strassen StrID="6998" StrName="Im Spitzen Ort" StrPLZ="30419" OrtID="1" Merkmal="1" Planquadrat="N&#xD;"/>
  <Strassen StrID="6999" StrName="Im Straugras" StrPLZ="30659" OrtID="1" Merkmal="1" Planquadrat="N&#xD;"/>
  <Strassen StrID="7000" StrName="Im Süstren" StrPLZ="30457" OrtID="1" Merkmal="1" Planquadrat="N&#xD;"/>
  <Strassen StrID="7001" StrName="Im Töge" StrPLZ="30169" OrtID="1" Merkmal="1" Planquadrat="N&#xD;"/>
  <Strassen StrID="7002" StrName="Im Töpferort" StrPLZ="30457" OrtID="1" Merkmal="1" Planquadrat="N&#xD;"/>
  <Strassen StrID="7003" StrName="Im Triftfelde" StrPLZ="30519" OrtID="1" Merkmal="1" Planquadrat="N&#xD;"/>
  <Strassen StrID="7004" StrName="Im Wiesengrunde" StrPLZ="30657" OrtID="1" Merkmal="1" Planquadrat="N&#xD;"/>
  <Strassen StrID="7005" StrName="Im Wiesenhof" StrPLZ="30559" OrtID="1" Merkmal="1" Planquadrat="N&#xD;"/>
  <Strassen StrID="7006" StrName="Im Wiesenkampe" StrPLZ="30659" OrtID="1" Merkmal="1" Planquadrat="N&#xD;"/>
  <Strassen StrID="7007" StrName="Im Wolfskampe" StrPLZ="30539" OrtID="1" Merkmal="1" Planquadrat="N&#xD;"/>
  <Strassen StrID="7008" StrName="Im Wollgrase" StrPLZ="30657" OrtID="1" Merkmal="1" Planquadrat="N&#xD;"/>
  <Strassen StrID="7009" StrName="Im Wölpfelde" StrPLZ="30519" OrtID="1" Merkmal="1" Planquadrat="N&#xD;"/>
  <Strassen StrID="7010" StrName="Im Zittergras" StrPLZ="30659" OrtID="1" Merkmal="1" Planquadrat="N&#xD;"/>
  <Strassen StrID="7011" StrName="Imkerweg" StrPLZ="30629" OrtID="1" Merkmal="1" Planquadrat="N&#xD;"/>
  <Strassen StrID="7012" StrName="Immelmannstraße" StrPLZ="30419" OrtID="1" Merkmal="1" Planquadrat="N&#xD;"/>
  <Strassen StrID="7013" StrName="Immengarten" StrPLZ="30177" OrtID="1" Merkmal="1" Planquadrat="N&#xD;"/>
  <Strassen StrID="7014" StrName="Immermannstraße" StrPLZ="30177" OrtID="1" Merkmal="1" Planquadrat="N&#xD;"/>
  <Strassen StrID="7015" StrName="In den Binsen" StrPLZ="30659" OrtID="1" Merkmal="1" Planquadrat="N&#xD;"/>
  <Strassen StrID="7016" StrName="In den Fuhren" StrPLZ="30629" OrtID="1" Merkmal="1" Planquadrat="N&#xD;"/>
  <Strassen StrID="7017" StrName="In den Heestern" StrPLZ="30657" OrtID="1" Merkmal="1" Planquadrat="N&#xD;"/>
  <Strassen StrID="7018" StrName="In den Kämpen" StrPLZ="30167" OrtID="1" Merkmal="1" Planquadrat="N&#xD;"/>
  <Strassen StrID="7019" StrName="In den Laher Höfen" StrPLZ="30659" OrtID="1" Merkmal="1" Planquadrat="N&#xD;"/>
  <Strassen StrID="7020" StrName="In den Seeackern" StrPLZ="30457" OrtID="1" Merkmal="1" Planquadrat="N&#xD;"/>
  <Strassen StrID="7021" StrName="In den Seggen" StrPLZ="30659" OrtID="1" Merkmal="1" Planquadrat="N&#xD;"/>
  <Strassen StrID="7022" StrName="In den Sieben Stücken" StrPLZ="30655" OrtID="1" Merkmal="1" Planquadrat="N&#xD;"/>
  <Strassen StrID="7023" StrName="In den Siekwiesen" StrPLZ="30539" OrtID="1" Merkmal="1" Planquadrat="N&#xD;"/>
  <Strassen StrID="7024" StrName="In der Bebie" StrPLZ="30539" OrtID="1" Merkmal="1" Planquadrat="N&#xD;"/>
  <Strassen StrID="7025" StrName="In der Bruchheide" StrPLZ="30419" OrtID="1" Merkmal="1" Planquadrat="N&#xD;"/>
  <Strassen StrID="7026" StrName="In der Flage" StrPLZ="30167" OrtID="1" Merkmal="1" Planquadrat="N&#xD;"/>
  <Strassen StrID="7027" StrName="In der Rehre" StrPLZ="30457" OrtID="1" Merkmal="1" Planquadrat="N&#xD;"/>
  <Strassen StrID="7028" StrName="In der Reuterwiese" StrPLZ="30453" OrtID="1" Merkmal="1" Planquadrat="N&#xD;"/>
  <Strassen StrID="7029" StrName="In der Steinbreite" StrPLZ="30455" OrtID="1" Merkmal="1" Planquadrat="N&#xD;"/>
  <Strassen StrID="7030" StrName="In der Steinriede" StrPLZ="30161" OrtID="1" Merkmal="1" Planquadrat="N&#xD;"/>
  <Strassen StrID="7031" StrName="In der Steintormasch" StrPLZ="30167" OrtID="1" Merkmal="1" Planquadrat="N&#xD;"/>
  <Strassen StrID="7032" StrName="Industrieweg" StrPLZ="30419" OrtID="1" Merkmal="1" Planquadrat="N&#xD;"/>
  <Strassen StrID="7033" StrName="Innersteweg" StrPLZ="30419" OrtID="1" Merkmal="1" Planquadrat="N&#xD;"/>
  <Strassen StrID="7034" StrName="Innsbrucker Straße" StrPLZ="30519" OrtID="1" Merkmal="1" Planquadrat="N&#xD;"/>
  <Strassen StrID="7035" StrName="Innstraße" StrPLZ="30519" OrtID="1" Merkmal="1" Planquadrat="N&#xD;"/>
  <Strassen StrID="7036" StrName="Insterburger Weg" StrPLZ="30657" OrtID="1" Merkmal="1" Planquadrat="N&#xD;"/>
  <Strassen StrID="7037" StrName="Insterweg" StrPLZ="30559" OrtID="1" Merkmal="1" Planquadrat="N&#xD;"/>
  <Strassen StrID="7038" StrName="Isarstraße" StrPLZ="30519" OrtID="1" Merkmal="1" Planquadrat="N&#xD;"/>
  <Strassen StrID="7039" StrName="Isernhagener Straße" StrHausBereich="1-41,2-48" StrPLZ="30161" OrtID="1" Merkmal="1" Planquadrat="N&#xD;"/>
  <Strassen StrID="7040" StrName="Isernhagener Straße" StrHausBereich="43-Ende,50-Ende" StrPLZ="30163" OrtID="1" Merkmal="1" Planquadrat="N&#xD;"/>
  <Strassen StrID="7041" StrName="Issendorffstraße" StrPLZ="30625" OrtID="1" Merkmal="1" Planquadrat="N&#xD;"/>
  <Strassen StrID="7042" StrName="Ithstraße" StrPLZ="30419" OrtID="1" Merkmal="1" Planquadrat="N&#xD;"/>
  <Strassen StrID="7043" StrName="Jacobsenweg" StrPLZ="30559" OrtID="1" Merkmal="1" Planquadrat="N&#xD;"/>
  <Strassen StrID="7044" StrName="Jacobsstraße" StrPLZ="30449" OrtID="1" Merkmal="1" Planquadrat="N&#xD;"/>
  <Strassen StrID="7045" StrName="Jädekamp" StrPLZ="30419" OrtID="1" Merkmal="1" Planquadrat="N&#xD;"/>
  <Strassen StrID="7046" StrName="Jägerstieg" StrPLZ="30657" OrtID="1" Merkmal="1" Planquadrat="N&#xD;"/>
  <Strassen StrID="7047" StrName="Jägerstraße" StrPLZ="30167" OrtID="1" Merkmal="1" Planquadrat="N&#xD;"/>
  <Strassen StrID="7048" StrName="Jahnplatz" StrPLZ="30165" OrtID="1" Merkmal="1" Planquadrat="N&#xD;"/>
  <Strassen StrID="7050" StrName="Janusz-Korczak-Allee" StrPLZ="30173" OrtID="1" Merkmal="1" Planquadrat="N&#xD;"/>
  <Strassen StrID="7051" StrName="Jasminweg" StrPLZ="30419" OrtID="1" Merkmal="1" Planquadrat="N&#xD;"/>
  <Strassen StrID="7052" StrName="Jathostraße" StrPLZ="30163" OrtID="1" Merkmal="1" Planquadrat="N&#xD;"/>
  <Strassen StrID="7053" StrName="Jenaer Weg" StrPLZ="30179" OrtID="1" Merkmal="1" Planquadrat="N&#xD;"/>
  <Strassen StrID="7054" StrName="Joachimstraße" StrPLZ="30159" OrtID="1" Merkmal="1" Planquadrat="N&#xD;"/>
  <Strassen StrID="7055" StrName="Jobstweg" StrPLZ="30419" OrtID="1" Merkmal="1" Planquadrat="N&#xD;"/>
  <Strassen StrID="7056" StrName="Johannes-Lau-Hof" StrPLZ="30165" OrtID="1" Merkmal="1" Planquadrat="N&#xD;"/>
  <Strassen StrID="7057" StrName="Johannes-Schüler-Weg" StrPLZ="30657" OrtID="1" Merkmal="1" Planquadrat="N&#xD;"/>
  <Strassen StrID="7058" StrName="Johannishof" StrPLZ="30159" OrtID="1" Merkmal="1" Planquadrat="N&#xD;"/>
  <Strassen StrID="7059" StrName="Johannssentraße" StrPLZ="30459" OrtID="1" Merkmal="1" Planquadrat="N&#xD;"/>
  <Strassen StrID="7060" StrName="John-Mott-Hof" StrPLZ="30627" OrtID="1" Merkmal="1" Planquadrat="N&#xD;"/>
  <Strassen StrID="7061" StrName="Jöhrensstraße" StrPLZ="30559" OrtID="1" Merkmal="1" Planquadrat="N&#xD;"/>
  <Strassen StrID="7062" StrName="Jordanstraße" StrPLZ="30173" OrtID="1" Merkmal="1" Planquadrat="N&#xD;"/>
  <Strassen StrID="7063" StrName="Jorindeweg" StrPLZ="30179" OrtID="1" Merkmal="1" Planquadrat="N&#xD;"/>
  <Strassen StrID="7064" StrName="Jörnshof" StrPLZ="30655" OrtID="1" Merkmal="1" Planquadrat="N&#xD;"/>
  <Strassen StrID="7065" StrName="Juglerstraße" StrPLZ="30625" OrtID="1" Merkmal="1" Planquadrat="N&#xD;"/>
  <Strassen StrID="7066" StrName="Juister Weg" StrPLZ="30163" OrtID="1" Merkmal="1" Planquadrat="N&#xD;"/>
  <Strassen StrID="7067" StrName="Julius-Brecht-Straße" StrPLZ="30627" OrtID="1" Merkmal="1" Planquadrat="N&#xD;"/>
  <Strassen StrID="7068" StrName="Julius-Leber-Weg" StrPLZ="30457" OrtID="1" Merkmal="1" Planquadrat="N&#xD;"/>
  <Strassen StrID="7069" StrName="Junkersstraße" StrPLZ="30179" OrtID="1" Merkmal="1" Planquadrat="N&#xD;"/>
  <Strassen StrID="7070" StrName="Juraweg" StrPLZ="30455" OrtID="1" Merkmal="1" Planquadrat="N&#xD;"/>
  <Strassen StrID="7072" StrName="Justus-Garten-Brücke" OrtID="1" Merkmal="1" Planquadrat="N&#xD;"/>
  <Strassen StrID="7073" StrName="Jütlandstraße" StrPLZ="30457" OrtID="1" Merkmal="1" Planquadrat="N&#xD;"/>
  <Strassen StrID="7074" StrName="Kabelkamp" StrPLZ="30179" OrtID="1" Merkmal="1" Planquadrat="N&#xD;"/>
  <Strassen StrID="7075" StrName="Kafkastraße" StrPLZ="30629" OrtID="1" Merkmal="1" Planquadrat="N&#xD;"/>
  <Strassen StrID="7076" StrName="Kahlendamm" StrPLZ="30657" OrtID="1" Merkmal="1" Planquadrat="N&#xD;"/>
  <Strassen StrID="7077" StrName="Kaiser-Wilhelm-Straße" StrPLZ="30559" OrtID="1" Merkmal="1" Planquadrat="N&#xD;"/>
  <Strassen StrID="7078" StrName="Kaiserallee" StrPLZ="30175" OrtID="1" Merkmal="1" Planquadrat="N&#xD;"/>
  <Strassen StrID="7079" StrName="Kalabisstraße" StrPLZ="30419" OrtID="1" Merkmal="1" Planquadrat="N&#xD;"/>
  <Strassen StrID="7080" StrName="Kalmiaweg" StrPLZ="30627" OrtID="1" Merkmal="1" Planquadrat="N&#xD;"/>
  <Strassen StrID="7081" StrName="Kambriumweg" StrPLZ="30455" OrtID="1" Merkmal="1" Planquadrat="N&#xD;"/>
  <Strassen StrID="7082" StrName="Kamenzer Weg" StrPLZ="30519" OrtID="1" Merkmal="1" Planquadrat="N&#xD;"/>
  <Strassen StrID="7083" StrName="Kamerunweg" StrPLZ="30455" OrtID="1" Merkmal="1" Planquadrat="N&#xD;"/>
  <Strassen StrID="7084" StrName="Kammweg" StrPLZ="30519" OrtID="1" Merkmal="1" Planquadrat="N&#xD;"/>
  <Strassen StrID="7085" StrName="Kampsriede" StrPLZ="30659" OrtID="1" Merkmal="1" Planquadrat="N&#xD;"/>
  <Strassen StrID="7087" StrName="Kanalstraße" StrPLZ="30629" OrtID="1" Merkmal="1" Planquadrat="N&#xD;"/>
  <Strassen StrID="7088" StrName="Kanalstraße" StrPLZ="30159" OrtID="1" Merkmal="1" Planquadrat="N&#xD;"/>
  <Strassen StrID="7089" StrName="Kansteinweg" StrPLZ="30419" OrtID="1" Merkmal="1" Planquadrat="N&#xD;"/>
  <Strassen StrID="7090" StrName="Kantplatz" StrPLZ="30625" OrtID="1" Merkmal="1" Planquadrat="N&#xD;"/>
  <Strassen StrID="7091" StrName="Kantstraße" StrPLZ="30625" OrtID="1" Merkmal="1" Planquadrat="N&#xD;"/>
  <Strassen StrID="7092" StrName="Kapellenbrink" StrPLZ="30655" OrtID="1" Merkmal="1" Planquadrat="N&#xD;"/>
  <Strassen StrID="7093" StrName="Kapellenplatz" StrPLZ="30539" OrtID="1" Merkmal="1" Planquadrat="N&#xD;"/>
  <Strassen StrID="7094" StrName="Kapellenstraße" StrPLZ="30625" OrtID="1" Merkmal="1" Planquadrat="N&#xD;"/>
  <Strassen StrID="7095" StrName="Kapellenweg" StrPLZ="30455" OrtID="1" Merkmal="1" Planquadrat="N&#xD;"/>
  <Strassen StrID="7096" StrName="Kapitän-von-Müller-Straße" StrPLZ="30167" OrtID="1" Merkmal="1" Planquadrat="N&#xD;"/>
  <Strassen StrID="7097" StrName="Kaplanstraße" StrPLZ="30449" OrtID="1" Merkmal="1" Planquadrat="N&#xD;"/>
  <Strassen StrID="7098" StrName="Kappisweg" StrPLZ="30655" OrtID="1" Merkmal="1" Planquadrat="N&#xD;"/>
  <Strassen StrID="7099" StrName="Karbonweg" StrPLZ="30455" OrtID="1" Merkmal="1" Planquadrat="N&#xD;"/>
  <Strassen StrID="7100" StrName="Kardinal-Galen-Hof" StrPLZ="30457" OrtID="1" Merkmal="1" Planquadrat="N&#xD;"/>
  <Strassen StrID="7101" StrName="Karl-Drechsler-Weg" StrPLZ="30657" OrtID="1" Merkmal="1" Planquadrat="N&#xD;"/>
  <Strassen StrID="7102" StrName="Karl-Hinze-Weg" StrPLZ="30453" OrtID="1" Merkmal="1" Planquadrat="N&#xD;"/>
  <Strassen StrID="7103" StrName="Karl-Hofmann-Weg" StrPLZ="30457" OrtID="1" Merkmal="1" Planquadrat="N&#xD;"/>
  <Strassen StrID="7104" StrName="Karl-Imhoff-Weg" StrPLZ="30165" OrtID="1" Merkmal="1" Planquadrat="N&#xD;"/>
  <Strassen StrID="7105" StrName="Karl-Jakob-Hirsch-Weg" StrPLZ="30455" OrtID="1" Merkmal="1" Planquadrat="N&#xD;"/>
  <Strassen StrID="7106" StrName="Karl-König-Platz" StrPLZ="30165" OrtID="1" Merkmal="1" Planquadrat="N&#xD;"/>
  <Strassen StrID="7107" StrName="Karl-Kraut-Straße" StrPLZ="30177" OrtID="1" Merkmal="1" Planquadrat="N&#xD;"/>
  <Strassen StrID="7108" StrName="Karl-Legien-Straße" StrPLZ="30521" OrtID="1" Merkmal="1" Planquadrat="N&#xD;"/>
  <Strassen StrID="7109" StrName="Karl-Ludwig-Schleich-Weg" StrPLZ="30655" OrtID="1" Merkmal="1" Planquadrat="N&#xD;"/>
  <Strassen StrID="7110" StrName="Karl-Schurz-Weg" StrPLZ="30519" OrtID="1" Merkmal="1" Planquadrat="N&#xD;"/>
  <Strassen StrID="7111" StrName="Karl-Thiele-Weg" StrHausBereich="1-39,2-40" StrPLZ="30169" OrtID="1" Merkmal="1" Planquadrat="N&#xD;"/>
  <Strassen StrID="7112" StrName="Karl-Thiele-Weg" StrHausBereich="41" StrPLZ="30519" OrtID="1" Merkmal="1" Planquadrat="N&#xD;"/>
  <Strassen StrID="7113" StrName="Karl-Thürmer-Weg" StrPLZ="30455" OrtID="1" Merkmal="1" Planquadrat="N&#xD;"/>
  <Strassen StrID="7114" StrName="Karl-Wiechert-Allee" StrPLZ="30625" OrtID="1" Merkmal="1" Planquadrat="N&#xD;"/>
  <Strassen StrID="7116" StrName="Karlsbader Straße" StrPLZ="30559" OrtID="1" Merkmal="1" Planquadrat="N&#xD;"/>
  <Strassen StrID="7117" StrName="Karlsruher Straße" StrPLZ="30519" OrtID="1" Merkmal="1" Planquadrat="N&#xD;"/>
  <Strassen StrID="7118" StrName="Karlstraße" StrPLZ="30559" OrtID="1" Merkmal="1" Planquadrat="N&#xD;"/>
  <Strassen StrID="7119" StrName="Karlstraße" StrPLZ="30457" OrtID="1" Merkmal="1" Planquadrat="N&#xD;"/>
  <Strassen StrID="7120" StrName="Karmarschstraße" StrPLZ="30159" OrtID="1" Merkmal="1" Planquadrat="N&#xD;"/>
  <Strassen StrID="7122" StrName="Karolinenstraße" StrPLZ="30159" OrtID="1" Merkmal="1" Planquadrat="N&#xD;"/>
  <Strassen StrID="7123" StrName="Kasseler Straße" StrPLZ="30419" OrtID="1" Merkmal="1" Planquadrat="N&#xD;"/>
  <Strassen StrID="7124" StrName="Kastanienallee" StrPLZ="30519" OrtID="1" Merkmal="1" Planquadrat="N&#xD;"/>
  <Strassen StrID="7125" StrName="Kastanienweg" StrPLZ="30457" OrtID="1" Merkmal="1" Planquadrat="N&#xD;"/>
  <Strassen StrID="7126" StrName="Katalonienweg" StrPLZ="30163" OrtID="1" Merkmal="1" Planquadrat="N&#xD;"/>
  <Strassen StrID="7127" StrName="Katharina-Petersen-Weg" StrPLZ="30657" OrtID="1" Merkmal="1" Planquadrat="N&#xD;"/>
  <Strassen StrID="7128" StrName="Käthe-Kollwitz-Weg" StrPLZ="30173" OrtID="1" Merkmal="1" Planquadrat="N&#xD;"/>
  <Strassen StrID="7129" StrName="Käthe-Steinitz-Straße" StrPLZ="30655" OrtID="1" Merkmal="1" Planquadrat="N&#xD;"/>
  <Strassen StrID="7130" StrName="Katzenwinkel" StrPLZ="30539" OrtID="1" Merkmal="1" Planquadrat="N&#xD;"/>
  <Strassen StrID="7131" StrName="Kaulbachstraße" StrPLZ="30625" OrtID="1" Merkmal="1" Planquadrat="N&#xD;"/>
  <Strassen StrID="7132" StrName="Kauzenwinkel" StrPLZ="30627" OrtID="1" Merkmal="1" Planquadrat="N&#xD;"/>
  <Strassen StrID="7133" StrName="Kelbshof" StrPLZ="30539" OrtID="1" Merkmal="1" Planquadrat="N&#xD;"/>
  <Strassen StrID="7134" StrName="Keplerstraße" StrPLZ="30165" OrtID="1" Merkmal="1" Planquadrat="N&#xD;"/>
  <Strassen StrID="7135" StrName="Kerbelweg" StrPLZ="30629" OrtID="1" Merkmal="1" Planquadrat="N&#xD;"/>
  <Strassen StrID="7136" StrName="Kerstingstraße" StrPLZ="30173" OrtID="1" Merkmal="1" Planquadrat="N&#xD;"/>
  <Strassen StrID="7137" StrName="Kesselstraße" StrPLZ="30453" OrtID="1" Merkmal="1" Planquadrat="N&#xD;"/>
  <Strassen StrID="7138" StrName="Kestnerstraße" StrPLZ="30159" OrtID="1" Merkmal="1" Planquadrat="N&#xD;"/>
  <Strassen StrID="7139" StrName="Kettlerweg" StrPLZ="30519" OrtID="1" Merkmal="1" Planquadrat="N&#xD;"/>
  <Strassen StrID="7140" StrName="Keuperweg" StrPLZ="30455" OrtID="1" Merkmal="1" Planquadrat="N&#xD;"/>
  <Strassen StrID="7141" StrName="Kiebitzrain" StrPLZ="30657" OrtID="1" Merkmal="1" Planquadrat="N&#xD;"/>
  <Strassen StrID="7142" StrName="Kiefernpfad" StrPLZ="30657" OrtID="1" Merkmal="1" Planquadrat="N&#xD;"/>
  <Strassen StrID="7143" StrName="Kiefkampstraße" StrPLZ="30629" OrtID="1" Merkmal="1" Planquadrat="N&#xD;"/>
  <Strassen StrID="7144" StrName="Kiepertstraße" StrPLZ="30419" OrtID="1" Merkmal="1" Planquadrat="N&#xD;"/>
  <Strassen StrID="7145" StrName="Kiephof" StrPLZ="30457" OrtID="1" Merkmal="1" Planquadrat="N&#xD;"/>
  <Strassen StrID="7146" StrName="Kieselgrund" StrPLZ="30455" OrtID="1" Merkmal="1" Planquadrat="N&#xD;"/>
  <Strassen StrID="7147" StrName="Kieselgurweg" StrPLZ="30455" OrtID="1" Merkmal="1" Planquadrat="N&#xD;"/>
  <Strassen StrID="7148" StrName="Kippstraße" StrPLZ="30173" OrtID="1" Merkmal="1" Planquadrat="N&#xD;"/>
  <Strassen StrID="7149" StrName="Kirchbichler Straße" StrPLZ="30539" OrtID="1" Merkmal="1" Planquadrat="N&#xD;"/>
  <Strassen StrID="7150" StrName="Kirchhöfnerstraße" StrPLZ="30453" OrtID="1" Merkmal="1" Planquadrat="N&#xD;"/>
  <Strassen StrID="7151" StrName="Kirchhorster Straße" StrPLZ="30659" OrtID="1" Merkmal="1" Planquadrat="N&#xD;"/>
  <Strassen StrID="7152" StrName="Kirchnerweg" StrPLZ="30457" OrtID="1" Merkmal="1" Planquadrat="N&#xD;"/>
  <Strassen StrID="7153" StrName="Kirchröder Straße" StrHausBereich="1-63,14-42,66-106,2-64,67-107" StrPLZ="30625" OrtID="1" Merkmal="1" Planquadrat="N&#xD;"/>
  <Strassen StrID="7154" StrName="Kirchröder Straße" StrHausBereich="46-47" StrPLZ="30559" OrtID="1" Merkmal="1" Planquadrat="N&#xD;"/>
  <Strassen StrID="7155" StrName="Kirchstraße" StrPLZ="30449" OrtID="1" Merkmal="1" Planquadrat="N&#xD;"/>
  <Strassen StrID="7156" StrName="Kirchwender Straße" StrPLZ="30175" OrtID="1" Merkmal="1" Planquadrat="N&#xD;"/>
  <Strassen StrID="7157" StrName="Kirschgarten" StrPLZ="30539" OrtID="1" Merkmal="1" Planquadrat="N&#xD;"/>
  <Strassen StrID="7158" StrName="Klabundestraße" StrPLZ="30627" OrtID="1" Merkmal="1" Planquadrat="N&#xD;"/>
  <Strassen StrID="7159" StrName="Klagenfurter Straße" StrPLZ="30519" OrtID="1" Merkmal="1" Planquadrat="N&#xD;"/>
  <Strassen StrID="7160" StrName="Klaskamp" StrPLZ="30419" OrtID="1" Merkmal="1" Planquadrat="N&#xD;"/>
  <Strassen StrID="7161" StrName="Klaus-Groth-Straße" StrPLZ="30655" OrtID="1" Merkmal="1" Planquadrat="N&#xD;"/>
  <Strassen StrID="7162" StrName="Klausenerweg" StrPLZ="30519" OrtID="1" Merkmal="1" Planquadrat="N&#xD;"/>
  <Strassen StrID="7163" StrName="Klausingweg" StrPLZ="30457" OrtID="1" Merkmal="1" Planquadrat="N&#xD;"/>
  <Strassen StrID="7164" StrName="Kleefelder Straße" StrPLZ="30175" OrtID="1" Merkmal="1" Planquadrat="N&#xD;"/>
  <Strassen StrID="7165" StrName="Kleestraße" StrPLZ="30625" OrtID="1" Merkmal="1" Planquadrat="N&#xD;"/>
  <Strassen StrID="7166" StrName="Kleiberweg" StrPLZ="30627" OrtID="1" Merkmal="1" Planquadrat="N&#xD;"/>
  <Strassen StrID="7167" StrName="Kleiestraße" StrPLZ="30539" OrtID="1" Merkmal="1" Planquadrat="N&#xD;"/>
  <Strassen StrID="7168" StrName="Klein-Buchholzer-Kirchweg" StrPLZ="30659" OrtID="1" Merkmal="1" Planquadrat="N&#xD;"/>
  <Strassen StrID="7169" StrName="Kleine Düwelstraße" StrPLZ="30171" OrtID="1" Merkmal="1" Planquadrat="N&#xD;"/>
  <Strassen StrID="7170" StrName="Kleine Heide" StrPLZ="30659" OrtID="1" Merkmal="1" Planquadrat="N&#xD;"/>
  <Strassen StrID="7172" StrName="Kleine Pfahlstraße" StrPLZ="30161" OrtID="1" Merkmal="1" Planquadrat="N&#xD;"/>
  <Strassen StrID="7173" StrName="Kleiner Hillen" StrPLZ="30559" OrtID="1" Merkmal="1" Planquadrat="N&#xD;"/>
  <Strassen StrID="7174" StrName="Kleiner Holzhägen" StrPLZ="30559" OrtID="1" Merkmal="1" Planquadrat="N&#xD;"/>
  <Strassen StrID="7175" StrName="Kleinertstraße" StrPLZ="30627" OrtID="1" Merkmal="1" Planquadrat="N&#xD;"/>
  <Strassen StrID="7176" StrName="Kleiststraße" StrPLZ="30163" OrtID="1" Merkmal="0" Planquadrat="N8&#xD;&#xA;"/>
  <Strassen StrID="7178" StrName="Klingemannweg" StrPLZ="30519" OrtID="1" Merkmal="1" Planquadrat="N&#xD;"/>
  <Strassen StrID="7179" StrName="Klingenkamphof" StrPLZ="30659" OrtID="1" Merkmal="1" Planquadrat="N&#xD;"/>
  <Strassen StrID="7180" StrName="Klingenthal" StrPLZ="30179" OrtID="1" Merkmal="1" Planquadrat="N&#xD;"/>
  <Strassen StrID="7181" StrName="Klingerplatz" StrPLZ="30655" OrtID="1" Merkmal="1" Planquadrat="N&#xD;"/>
  <Strassen StrID="7182" StrName="Klingerstraße" StrPLZ="30655" OrtID="1" Merkmal="1" Planquadrat="N&#xD;"/>
  <Strassen StrID="7183" StrName="Klingsöhrstraße" StrPLZ="30659" OrtID="1" Merkmal="1" Planquadrat="N&#xD;"/>
  <Strassen StrID="7184" StrName="Linkerfuesstraße" StrPLZ="30519" OrtID="1" Merkmal="1" Planquadrat="N&#xD;"/>
  <Strassen StrID="7185" StrName="Klohestraße" StrPLZ="30519" OrtID="1" Merkmal="1" Planquadrat="N&#xD;"/>
  <Strassen StrID="7187" StrName="Klostergang" StrPLZ="30159" OrtID="1" Merkmal="1" Planquadrat="N&#xD;"/>
  <Strassen StrID="7188" StrName="Klusmannstraße" StrPLZ="30459" OrtID="1" Merkmal="1" Planquadrat="N&#xD;"/>
  <Strassen StrID="7189" StrName="Knauerweg" StrPLZ="30629" OrtID="1" Merkmal="1" Planquadrat="N&#xD;"/>
  <Strassen StrID="7190" StrName="Kneippweg" StrPLZ="30459" OrtID="1" Merkmal="1" Planquadrat="N&#xD;"/>
  <Strassen StrID="7191" StrName="Kniestraße" StrPLZ="30167" OrtID="1" Merkmal="1" Planquadrat="N&#xD;"/>
  <Strassen StrID="7192" StrName="Kniggestraße" StrPLZ="30167" OrtID="1" Merkmal="1" Planquadrat="N&#xD;"/>
  <Strassen StrID="7193" StrName="Knochenhauerstraße" StrPLZ="30159" OrtID="1" Merkmal="1" Planquadrat="N&#xD;"/>
  <Strassen StrID="7194" StrName="Knoevenagelweg" StrPLZ="30165" OrtID="1" Merkmal="1" Planquadrat="N&#xD;"/>
  <Strassen StrID="7195" StrName="Köbelinger Markt" StrPLZ="30159" OrtID="1" Merkmal="1" Planquadrat="N&#xD;"/>
  <Strassen StrID="7196" StrName="Köbelingerstraße" StrPLZ="30159" OrtID="1" Merkmal="1" Planquadrat="N&#xD;"/>
  <Strassen StrID="7197" StrName="Koblenzer Straße" StrPLZ="30173" OrtID="1" Merkmal="1" Planquadrat="N&#xD;"/>
  <Strassen StrID="7198" StrName="Köcherstraße" StrPLZ="30519" OrtID="1" Merkmal="1" Planquadrat="N&#xD;"/>
  <Strassen StrID="7199" StrName="Kochstraße" StrPLZ="30451" OrtID="1" Merkmal="1" Planquadrat="N&#xD;"/>
  <Strassen StrID="7200" StrName="Kohlrauschstraße" StrPLZ="30161" OrtID="1" Merkmal="1" Planquadrat="N&#xD;"/>
  <Strassen StrID="7201" StrName="Kohnestraße" StrPLZ="30559" OrtID="1" Merkmal="1" Planquadrat="N&#xD;"/>
  <Strassen StrID="7202" StrName="Köhnsenstraße" StrPLZ="30419" OrtID="1" Merkmal="1" Planquadrat="N&#xD;"/>
  <Strassen StrID="7203" StrName="Kokenstraße" StrPLZ="30159" OrtID="1" Merkmal="1" Planquadrat="N&#xD;"/>
  <Strassen StrID="7204" StrName="Kolbergstraße" StrPLZ="30175" OrtID="1" Merkmal="1" Planquadrat="N&#xD;"/>
  <Strassen StrID="7205" StrName="Kolbeweg" StrPLZ="30655" OrtID="1" Merkmal="1" Planquadrat="N&#xD;"/>
  <Strassen StrID="7206" StrName="Koldemeyerweg" StrPLZ="30519" OrtID="1" Merkmal="1" Planquadrat="N&#xD;"/>
  <Strassen StrID="7207" StrName="Koldinger Straße" StrPLZ="30459" OrtID="1" Merkmal="1" Planquadrat="N&#xD;"/>
  <Strassen StrID="7208" StrName="Kolkhof" StrPLZ="30419" OrtID="1" Merkmal="1" Planquadrat="N&#xD;"/>
  <Strassen StrID="7209" StrName="Kollenrodtstraße" StrHausBereich="1-7,2-6,61-69,62-70" StrPLZ="30161" OrtID="1" Merkmal="1" Planquadrat="N&#xD;"/>
  <Strassen StrID="7210" StrName="Kollenrodtstraße" StrHausBereich="8-60,9-59" StrPLZ="30163" OrtID="1" Merkmal="0" Planquadrat="N&#xD;"/>
  <Strassen StrID="7211" StrName="Kolpingstraße" StrPLZ="30455" OrtID="1" Merkmal="1" Planquadrat="N&#xD;"/>
  <Strassen StrID="7212" StrName="Kolumbusstraße" StrPLZ="30519" OrtID="1" Merkmal="1" Planquadrat="N&#xD;"/>
  <Strassen StrID="7213" StrName="Kommandanturstraße" StrPLZ="30169" OrtID="1" Merkmal="1" Planquadrat="N&#xD;"/>
  <Strassen StrID="7214" StrName="Konerdingstraße" StrPLZ="30539" OrtID="1" Merkmal="1" Planquadrat="N&#xD;"/>
  <Strassen StrID="7215" StrName="Königsberger Ring" StrPLZ="30559" OrtID="1" Merkmal="1" Planquadrat="N&#xD;"/>
  <Strassen StrID="7216" StrName="Königsberger Straße" StrPLZ="30657" OrtID="1" Merkmal="1" Planquadrat="N&#xD;"/>
  <Strassen StrID="7217" StrName="Königskinderweg" StrPLZ="30179" OrtID="1" Merkmal="1" Planquadrat="N&#xD;"/>
  <Strassen StrID="7218" StrName="Königstraße" StrPLZ="30175" OrtID="1" Merkmal="1" Planquadrat="N&#xD;"/>
  <Strassen StrID="7219" StrName="Königsworther Platz" StrPLZ="30167" OrtID="1" Merkmal="1" Planquadrat="N&#xD;"/>
  <Strassen StrID="7220" StrName="Königsworther Straße" StrPLZ="30167" OrtID="1" Merkmal="1" Planquadrat="N&#xD;"/>
  <Strassen StrID="7221" StrName="Konkordiastraße" StrPLZ="30449" OrtID="1" Merkmal="1" Planquadrat="N&#xD;"/>
  <Strassen StrID="7222" StrName="Konrad-Hänisch-Straße" StrPLZ="30459" OrtID="1" Merkmal="1" Planquadrat="N&#xD;"/>
  <Strassen StrID="7223" StrName="Konrad-Lorenz-Platz" StrPLZ="30627" OrtID="1" Merkmal="1" Planquadrat="N&#xD;"/>
  <Strassen StrID="7224" StrName="Konradstraße" StrPLZ="30457" OrtID="1" Merkmal="1" Planquadrat="N&#xD;"/>
  <Strassen StrID="7225" StrName="Kopenhagener Straße" StrPLZ="30457" OrtID="1" Merkmal="1" Planquadrat="N&#xD;"/>
  <Strassen StrID="7226" StrName="Köpenickweg" StrPLZ="30179" OrtID="1" Merkmal="1" Planquadrat="N&#xD;"/>
  <Strassen StrID="7227" StrName="Kopernikusstraße" StrHausBereich="1-5,2-16" StrPLZ="30167" OrtID="1" Merkmal="1" Planquadrat="N&#xD;"/>
  <Strassen StrID="7228" StrName="Kopernikusstraße" StrHausBereich="7-Ende,18-Ende" StrPLZ="30165" OrtID="1" Merkmal="1" Planquadrat="N&#xD;"/>
  <Strassen StrID="7229" StrName="Koppelweg" StrPLZ="30655" OrtID="1" Merkmal="1" Planquadrat="N&#xD;"/>
  <Strassen StrID="7230" StrName="Korallenweg" StrPLZ="30455" OrtID="1" Merkmal="1" Planquadrat="N&#xD;"/>
  <Strassen StrID="7231" StrName="Körnerstraße" StrPLZ="30159" OrtID="1" Merkmal="1" Planquadrat="N&#xD;"/>
  <Strassen StrID="7232" StrName="Kornradenstraße" StrPLZ="30419" OrtID="1" Merkmal="1" Planquadrat="N&#xD;"/>
  <Strassen StrID="7233" StrName="Kornstraße" StrPLZ="30167" OrtID="1" Merkmal="1" Planquadrat="N&#xD;"/>
  <Strassen StrID="7234" StrName="Körtingsdorf" StrPLZ="30455" OrtID="1" Merkmal="1" Planquadrat="N&#xD;"/>
  <Strassen StrID="7235" StrName="Körtingsdorfer Weg" StrPLZ="30455" OrtID="1" Merkmal="1" Planquadrat="N&#xD;"/>
  <Strassen StrID="7236" StrName="Körtingstraße" StrPLZ="30161" OrtID="1" Merkmal="1" Planquadrat="N&#xD;"/>
  <Strassen StrID="7237" StrName="Kortumstraße" StrPLZ="30171" OrtID="1" Merkmal="1" Planquadrat="N&#xD;"/>
  <Strassen StrID="7238" StrName="Köslinger Weg" StrPLZ="30627" OrtID="1" Merkmal="1" Planquadrat="N&#xD;"/>
  <Strassen StrID="7239" StrName="Kosselhof" StrPLZ="30627" OrtID="1" Merkmal="1" Planquadrat="N&#xD;"/>
  <Strassen StrID="7240" StrName="Kothöferdamm" StrPLZ="30177" OrtID="1" Merkmal="1" Planquadrat="N&#xD;"/>
  <Strassen StrID="7241" StrName="Kötnerhof" StrPLZ="30559" OrtID="1" Merkmal="1" Planquadrat="N&#xD;"/>
  <Strassen StrID="7242" StrName="Kötnerholzweg" StrPLZ="30451" OrtID="1" Merkmal="1" Planquadrat="N&#xD;"/>
  <Strassen StrID="7243" StrName="Krackeweg" StrPLZ="30559" OrtID="1" Merkmal="1" Planquadrat="N&#xD;"/>
  <Strassen StrID="7244" StrName="Krähenberg" StrPLZ="30659" OrtID="1" Merkmal="1" Planquadrat="N&#xD;"/>
  <Strassen StrID="7246" StrName="Kranckestraße" StrPLZ="30161" OrtID="1" Merkmal="1" Planquadrat="N&#xD;"/>
  <Strassen StrID="7247" StrName="Kranichzug" StrPLZ="30627" OrtID="1" Merkmal="1" Planquadrat="N&#xD;"/>
  <Strassen StrID="7248" StrName="Krasseltweg" StrPLZ="30657" OrtID="1" Merkmal="1" Planquadrat="N&#xD;"/>
  <Strassen StrID="7249" StrName="Krausenstraße" StrPLZ="30171" OrtID="1" Merkmal="1" Planquadrat="N&#xD;"/>
  <Strassen StrID="7250" StrName="Kreideweg" StrPLZ="30455" OrtID="1" Merkmal="1" Planquadrat="N&#xD;"/>
  <Strassen StrID="7251" StrName="Kreipeweg" StrPLZ="30459" OrtID="1" Merkmal="1" Planquadrat="N&#xD;"/>
  <Strassen StrID="7252" StrName="Kreisstraße" StrPLZ="30629" OrtID="1" Merkmal="1" Planquadrat="N&#xD;"/>
  <Strassen StrID="7253" StrName="Krepenstraße" StrPLZ="30165" OrtID="1" Merkmal="1" Planquadrat="N&#xD;"/>
  <Strassen StrID="7254" StrName="Kretschmerhof" StrPLZ="30655" OrtID="1" Merkmal="1" Planquadrat="N&#xD;"/>
  <Strassen StrID="7255" StrName="Kreuzburger Weg" StrPLZ="30519" OrtID="1" Merkmal="1" Planquadrat="N&#xD;"/>
  <Strassen StrID="7256" StrName="Kreuzdorn" StrPLZ="30655" OrtID="1" Merkmal="1" Planquadrat="N&#xD;"/>
  <Strassen StrID="7257" StrName="Kreuzkämpe" StrPLZ="30657" OrtID="1" Merkmal="1" Planquadrat="N&#xD;"/>
  <Strassen StrID="7258" StrName="Kreuzkirchhof" StrPLZ="30159" OrtID="1" Merkmal="1" Planquadrat="N&#xD;"/>
  <Strassen StrID="7259" StrName="Kreuzriede" StrPLZ="30419" OrtID="1" Merkmal="1" Planquadrat="N&#xD;"/>
  <Strassen StrID="7260" StrName="Kreuzstraße" StrPLZ="30159" OrtID="1" Merkmal="1" Planquadrat="N&#xD;"/>
  <Strassen StrID="7261" StrName="Kriegerstraße" StrPLZ="30161" OrtID="1" Merkmal="1" Planquadrat="N&#xD;"/>
  <Strassen StrID="7262" StrName="Kriemhildenweg" StrPLZ="30455" OrtID="1" Merkmal="1" Planquadrat="N&#xD;"/>
  <Strassen StrID="7263" StrName="Kronenstraße" StrPLZ="30161" OrtID="1" Merkmal="1" Planquadrat="N&#xD;"/>
  <Strassen StrID="7264" StrName="Kronsberger Straße" StrPLZ="30559" OrtID="1" Merkmal="1" Planquadrat="N&#xD;"/>
  <Strassen StrID="7265" StrName="Kröpcke" StrPLZ="30159" OrtID="1" Merkmal="1" Planquadrat="N&#xD;"/>
  <Strassen StrID="7266" StrName="Krosigkstraße" StrPLZ="30163" OrtID="1" Merkmal="1" Planquadrat="N&#xD;"/>
  <Strassen StrID="7267" StrName="Krugstraße" StrPLZ="30453" OrtID="1" Merkmal="1" Planquadrat="N&#xD;"/>
  <Strassen StrID="7268" StrName="Krumme Straße" StrPLZ="30559" OrtID="1" Merkmal="1" Planquadrat="N&#xD;"/>
  <Strassen StrID="7269" StrName="Kruschhof" StrPLZ="30455" OrtID="1" Merkmal="1" Planquadrat="N&#xD;"/>
  <Strassen StrID="7270" StrName="Kubinhof" StrPLZ="30655" OrtID="1" Merkmal="1" Planquadrat="N&#xD;"/>
  <Strassen StrID="7271" StrName="Küchengartenstraße" StrPLZ="30449" OrtID="1" Merkmal="1" Planquadrat="N&#xD;"/>
  <Strassen StrID="7272" StrName="Kückstraße" StrPLZ="30539" OrtID="1" Merkmal="1" Planquadrat="N&#xD;"/>
  <Strassen StrID="7273" StrName="Kuckucksbusch" StrPLZ="30627" OrtID="1" Merkmal="1" Planquadrat="N&#xD;"/>
  <Strassen StrID="7274" StrName="Kuenzerweg" StrPLZ="30457" OrtID="1" Merkmal="1" Planquadrat="N&#xD;"/>
  <Strassen StrID="7275" StrName="Kugelfangtrift" StrHausBereich="1-59,2-60" StrPLZ="30179" OrtID="1" Merkmal="1" Planquadrat="N&#xD;"/>
  <Strassen StrID="7276" StrName="Kugelfangtrift" StrHausBereich="61-Ende,62-Ende" StrPLZ="30657" OrtID="1" Merkmal="1" Planquadrat="N&#xD;"/>
  <Strassen StrID="7277" StrName="Kuhleger" StrPLZ="30539" OrtID="1" Merkmal="1" Planquadrat="N&#xD;"/>
  <Strassen StrID="7278" StrName="Kühnsstraße" StrPLZ="30559" OrtID="1" Merkmal="1" Planquadrat="N&#xD;"/>
  <Strassen StrID="7279" StrName="Külfweg" StrPLZ="30419" OrtID="1" Merkmal="1" Planquadrat="N&#xD;"/>
  <Strassen StrID="7280" StrName="Kulmer Weg" StrPLZ="30659" OrtID="1" Merkmal="1" Planquadrat="N&#xD;"/>
  <Strassen StrID="7281" StrName="Kurländer Weg" StrPLZ="30419" OrtID="1" Merkmal="1" Planquadrat="N&#xD;"/>
  <Strassen StrID="7282" StrName="Kurt-Schumacher-Ring" StrPLZ="30627" OrtID="1" Merkmal="1" Planquadrat="N&#xD;"/>
  <Strassen StrID="7283" StrName="Kurt-Schumacher-Straße" StrPLZ="30159" OrtID="1" Merkmal="1" Planquadrat="N&#xD;"/>
  <Strassen StrID="7284" StrName="Kurt-Schwitters-Platz" StrPLZ="30169" OrtID="1" Merkmal="1" Planquadrat="N&#xD;"/>
  <Strassen StrID="7285" StrName="Kurt-Willkomm-Weg" StrPLZ="30457" OrtID="1" Merkmal="1" Planquadrat="N&#xD;"/>
  <Strassen StrID="7286" StrName="Kurze Straße" StrPLZ="30629" OrtID="1" Merkmal="1" Planquadrat="N&#xD;"/>
  <Strassen StrID="7287" StrName="Kurze-Kamp-Straße" StrPLZ="30659" OrtID="1" Merkmal="1" Planquadrat="N&#xD;"/>
  <Strassen StrID="7288" StrName="Küsterstraße" StrPLZ="30519" OrtID="1" Merkmal="1" Planquadrat="N&#xD;"/>
  <Strassen StrID="7289" StrName="Küstriner Straße" StrPLZ="30453" OrtID="1" Merkmal="1" Planquadrat="N&#xD;"/>
  <Strassen StrID="7290" StrName="Laatzener Straße" StrPLZ="30539" OrtID="1" Merkmal="1" Planquadrat="N&#xD;"/>
  <Strassen StrID="7291" StrName="Lagerstraße" StrPLZ="30453" OrtID="1" Merkmal="1" Planquadrat="N&#xD;"/>
  <Strassen StrID="7292" StrName="Laher Heide" StrPLZ="30659" OrtID="1" Merkmal="1" Planquadrat="N&#xD;"/>
  <Strassen StrID="7293" StrName="Laher Kirchweg" StrPLZ="30659" OrtID="1" Merkmal="1" Planquadrat="N&#xD;"/>
  <Strassen StrID="7294" StrName="Laher-Feld-Straße" StrPLZ="30659" OrtID="1" Merkmal="1" Planquadrat="N&#xD;"/>
  <Strassen StrID="7295" StrName="Lahwiesen" StrPLZ="30659" OrtID="1" Merkmal="1" Planquadrat="N&#xD;"/>
  <Strassen StrID="7296" StrName="Lammstraße" StrPLZ="30161" OrtID="1" Merkmal="1" Planquadrat="N&#xD;"/>
  <Strassen StrID="7297" StrName="Lampestraße" StrPLZ="30449" OrtID="1" Merkmal="1" Planquadrat="N&#xD;"/>
  <Strassen StrID="7298" StrName="Landsberger Weg" StrPLZ="30453" OrtID="1" Merkmal="1" Planquadrat="N&#xD;"/>
  <Strassen StrID="7299" StrName="Landschaftsstraße" StrPLZ="30159" OrtID="1" Merkmal="1" Planquadrat="N&#xD;"/>
  <Strassen StrID="7300" StrName="Landwehrkreisel" OrtID="1" Merkmal="1" Planquadrat="N&#xD;"/>
  <Strassen StrID="7301" StrName="Landwehrstraße" StrPLZ="30519" OrtID="1" Merkmal="1" Planquadrat="N&#xD;"/>
  <Strassen StrID="7302" StrName="Lange Laube" StrPLZ="30159" OrtID="1" Merkmal="1" Planquadrat="N&#xD;"/>
  <Strassen StrID="7303" StrName="Lange Rade" StrPLZ="30627" OrtID="1" Merkmal="1" Planquadrat="N&#xD;"/>
  <Strassen StrID="7304" StrName="Lange Straße" StrPLZ="30559" OrtID="1" Merkmal="1" Planquadrat="N&#xD;"/>
  <Strassen StrID="7305" StrName="Lange-Feld-Straße" StrPLZ="30559" OrtID="1" Merkmal="1" Planquadrat="N&#xD;"/>
  <Strassen StrID="7306" StrName="Lange-Hop-Straße" StrHausBereich="1-131,2-138" StrPLZ="30559" OrtID="1" Merkmal="1" Planquadrat="N&#xD;"/>
  <Strassen StrID="7307" StrName="Lange-Hop-Straße" StrHausBereich="133-Ende,140-Ende" StrPLZ="30539" OrtID="1" Merkmal="1" Planquadrat="N&#xD;"/>
  <Strassen StrID="7308" StrName="Langenforther Straße" StrPLZ="30657" OrtID="1" Merkmal="1" Planquadrat="N&#xD;"/>
  <Strassen StrID="7309" StrName="Langensalzastraße" StrPLZ="30169" OrtID="1" Merkmal="1" Planquadrat="N&#xD;"/>
  <Strassen StrID="7310" StrName="Langrederstraße" StrPLZ="30455" OrtID="1" Merkmal="1" Planquadrat="N&#xD;"/>
  <Strassen StrID="7311" StrName="Lankwitzweg" StrPLZ="30179" OrtID="1" Merkmal="1" Planquadrat="N&#xD;"/>
  <Strassen StrID="7312" StrName="Laportestraße" StrPLZ="30449" OrtID="1" Merkmal="1" Planquadrat="N&#xD;"/>
  <Strassen StrID="7313" StrName="Lärchenstraße" StrPLZ="30161" OrtID="1" Merkmal="1" Planquadrat="N&#xD;"/>
  <Strassen StrID="7314" StrName="Lärchenweg" StrPLZ="30457" OrtID="1" Merkmal="1" Planquadrat="N&#xD;"/>
  <Strassen StrID="7315" StrName="Lathusenstraße" StrPLZ="30625" OrtID="1" Merkmal="1" Planquadrat="N&#xD;"/>
  <Strassen StrID="7316" StrName="Laubaner Weg" StrPLZ="30519" OrtID="1" Merkmal="1" Planquadrat="N&#xD;"/>
  <Strassen StrID="7317" StrName="Lauckerthof" StrPLZ="30419" OrtID="1" Merkmal="1" Planquadrat="N&#xD;"/>
  <Strassen StrID="7318" StrName="Lauenauer Straße" StrPLZ="30459" OrtID="1" Merkmal="1" Planquadrat="N&#xD;"/>
  <Strassen StrID="7319" StrName="Lauenburger Hof" StrPLZ="30625" OrtID="1" Merkmal="1" Planquadrat="N&#xD;"/>
  <Strassen StrID="7320" StrName="Läuferweg" StrPLZ="30655" OrtID="1" Merkmal="1" Planquadrat="N&#xD;"/>
  <Strassen StrID="7321" StrName="Laurinweg" StrPLZ="30179" OrtID="1" Merkmal="1" Planquadrat="N&#xD;"/>
  <Strassen StrID="7322" StrName="Lausitzer Wende" StrPLZ="30559" OrtID="1" Merkmal="1" Planquadrat="N&#xD;"/>
  <Strassen StrID="7323" StrName="Lavaterhof" StrPLZ="30519" OrtID="1" Merkmal="1" Planquadrat="N&#xD;"/>
  <Strassen StrID="7324" StrName="Lavendelweg" StrPLZ="30655" OrtID="1" Merkmal="1" Planquadrat="N&#xD;"/>
  <Strassen StrID="7325" StrName="Lavesallee" StrPLZ="30169" OrtID="1" Merkmal="1" Planquadrat="N&#xD;"/>
  <Strassen StrID="7326" StrName="Lavesstraße" StrPLZ="30159" OrtID="1" Merkmal="1" Planquadrat="N&#xD;"/>
  <Strassen StrID="7327" StrName="Lebaweg" StrPLZ="30559" OrtID="1" Merkmal="1" Planquadrat="N&#xD;"/>
  <Strassen StrID="7328" StrName="Lechstraße" StrPLZ="30519" OrtID="1" Merkmal="1" Planquadrat="N&#xD;"/>
  <Strassen StrID="7329" StrName="Leddinweg" StrPLZ="30627" OrtID="1" Merkmal="1" Planquadrat="N&#xD;"/>
  <Strassen StrID="7330" StrName="Legienstraße" StrPLZ="30165" OrtID="1" Merkmal="1" Planquadrat="N&#xD;"/>
  <Strassen StrID="7331" StrName="Leharweg" StrPLZ="30453" OrtID="1" Merkmal="1" Planquadrat="N&#xD;"/>
  <Strassen StrID="7332" StrName="Lehmannstraße" StrPLZ="30455" OrtID="1" Merkmal="1" Planquadrat="N&#xD;"/>
  <Strassen StrID="7333" StrName="Lehrter Platz" StrPLZ="30519" OrtID="1" Merkmal="1" Planquadrat="N&#xD;"/>
  <Strassen StrID="7334" StrName="Lehrter Straße" StrPLZ="30559" OrtID="1" Merkmal="1" Planquadrat="N&#xD;"/>
  <Strassen StrID="7335" StrName="Lehzenstraße" StrPLZ="30169" OrtID="1" Merkmal="1" Planquadrat="N&#xD;"/>
  <Strassen StrID="7336" StrName="Leiblstraße" StrPLZ="30655" OrtID="1" Merkmal="1" Planquadrat="N&#xD;"/>
  <Strassen StrID="7337" StrName="Leibnizufer" StrPLZ="30169" OrtID="1" Merkmal="1" Planquadrat="N&#xD;"/>
  <Strassen StrID="7338" StrName="Leierhof" StrPLZ="30419" OrtID="1" Merkmal="1" Planquadrat="N&#xD;"/>
  <Strassen StrID="7339" StrName="Leinaustraße" StrPLZ="30451" OrtID="1" Merkmal="1" Planquadrat="N&#xD;"/>
  <Strassen StrID="7340" StrName="Leineinsel" StrPLZ="30519" OrtID="1" Merkmal="1" Planquadrat="N&#xD;"/>
  <Strassen StrID="7341" StrName="Leinhäuser Weg" StrPLZ="30419" OrtID="1" Merkmal="1" Planquadrat="N&#xD;"/>
  <Strassen StrID="7342" StrName="Leinstraße" StrPLZ="30159" OrtID="1" Merkmal="1" Planquadrat="N&#xD;"/>
  <Strassen StrID="7343" StrName="Leipziger Straße" StrPLZ="30179" OrtID="1" Merkmal="1" Planquadrat="N&#xD;"/>
  <Strassen StrID="7344" StrName="Leipziger Straße" StrPLZ="30457" OrtID="1" Merkmal="1" Planquadrat="N&#xD;"/>
  <Strassen StrID="7345" StrName="Leisewitzstraße" StrPLZ="30175" OrtID="1" Merkmal="1" Planquadrat="N&#xD;"/>
  <Strassen StrID="7347" StrName="Lemförder Straße" StrPLZ="30169" OrtID="1" Merkmal="1" Planquadrat="N&#xD;"/>
  <Strassen StrID="7348" StrName="Lenaustraße" StrPLZ="30169" OrtID="1" Merkmal="1" Planquadrat="N&#xD;"/>
  <Strassen StrID="7349" StrName="Lenbachplatz" StrPLZ="30655" OrtID="1" Merkmal="1" Planquadrat="N&#xD;"/>
  <Strassen StrID="7350" StrName="Lenbachstraße" StrPLZ="30655" OrtID="1" Merkmal="1" Planquadrat="N&#xD;"/>
  <Strassen StrID="7351" StrName="Lengerichhof" StrPLZ="30539" OrtID="1" Merkmal="1" Planquadrat="N&#xD;"/>
  <Strassen StrID="7352" StrName="Lenther Chaussee" StrPLZ="30455" OrtID="1" Merkmal="1" Planquadrat="N&#xD;"/>
  <Strassen StrID="7353" StrName="Lenther Straße" StrPLZ="30455" OrtID="1" Merkmal="1" Planquadrat="N&#xD;"/>
  <Strassen StrID="7354" StrName="Lenzbergweg" StrPLZ="30519" OrtID="1" Merkmal="1" Planquadrat="N&#xD;"/>
  <Strassen StrID="7355" StrName="Leo-Rosenblatt-Weg" StrPLZ="30453" OrtID="1" Merkmal="1" Planquadrat="N&#xD;"/>
  <Strassen StrID="7356" StrName="Leonhardtstraße" StrPLZ="30175" OrtID="1" Merkmal="1" Planquadrat="N&#xD;"/>
  <Strassen StrID="7357" StrName="Lerchenfeldstraße" StrPLZ="30539" OrtID="1" Merkmal="1" Planquadrat="N&#xD;"/>
  <Strassen StrID="7358" StrName="Lerchenort" StrPLZ="30657" OrtID="1" Merkmal="1" Planquadrat="N&#xD;"/>
  <Strassen StrID="7359" StrName="Lerchenstieg" StrPLZ="30657" OrtID="1" Merkmal="1" Planquadrat="N&#xD;"/>
  <Strassen StrID="7360" StrName="Lessingstraße" StrPLZ="30159" OrtID="1" Merkmal="1" Planquadrat="N&#xD;"/>
  <Strassen StrID="7361" StrName="Lessingstraße" StrPLZ="30457" OrtID="1" Merkmal="1" Planquadrat="N&#xD;"/>
  <Strassen StrID="7362" StrName="Letterhausweg" StrPLZ="30519" OrtID="1" Merkmal="1" Planquadrat="N&#xD;"/>
  <Strassen StrID="7363" StrName="Letterstraße" StrPLZ="30419" OrtID="1" Merkmal="1" Planquadrat="N&#xD;"/>
  <Strassen StrID="7364" StrName="Letterweg" StrPLZ="30453" OrtID="1" Merkmal="1" Planquadrat="N&#xD;"/>
  <Strassen StrID="7365" StrName="Lettow-Vorbeck-Allee" StrPLZ="30455" OrtID="1" Merkmal="1" Planquadrat="N&#xD;"/>
  <Strassen StrID="7366" StrName="Leuninger Straße" StrPLZ="30457" OrtID="1" Merkmal="1" Planquadrat="N&#xD;"/>
  <Strassen StrID="7367" StrName="Leunisweg" StrPLZ="30559" OrtID="1" Merkmal="1" Planquadrat="N&#xD;"/>
  <Strassen StrID="7368" StrName="Leuschnerstraße" StrPLZ="30457" OrtID="1" Merkmal="1" Planquadrat="N&#xD;"/>
  <Strassen StrID="7369" StrName="Levester Straße" StrPLZ="30459" OrtID="1" Merkmal="1" Planquadrat="N&#xD;"/>
  <Strassen StrID="7370" StrName="Leynemannweg" StrPLZ="30539" OrtID="1" Merkmal="1" Planquadrat="N&#xD;"/>
  <Strassen StrID="7371" StrName="Liasweg" StrPLZ="30455" OrtID="1" Merkmal="1" Planquadrat="N&#xD;"/>
  <Strassen StrID="7372" StrName="Lichtenbergplatz" StrPLZ="30449" OrtID="1" Merkmal="1" Planquadrat="N&#xD;"/>
  <Strassen StrID="7373" StrName="Lichtenradeweg" StrPLZ="30179" OrtID="1" Merkmal="1" Planquadrat="N&#xD;"/>
  <Strassen StrID="7374" StrName="Liebermannstraße" StrPLZ="30625" OrtID="1" Merkmal="1" Planquadrat="N&#xD;"/>
  <Strassen StrID="7375" StrName="Liebigstraße" StrPLZ="30163" OrtID="1" Merkmal="1" Planquadrat="N&#xD;"/>
  <Strassen StrID="7376" StrName="Liebrechtstraße" StrPLZ="30559" OrtID="1" Merkmal="1" Planquadrat="N&#xD;"/>
  <Strassen StrID="7377" StrName="Liebrechtstraße" StrPLZ="30519" OrtID="1" Merkmal="1" Planquadrat="N&#xD;"/>
  <Strassen StrID="7378" StrName="Liegnitzer Weg" StrPLZ="30519" OrtID="1" Merkmal="1" Planquadrat="N&#xD;"/>
  <Strassen StrID="7379" StrName="Liepmannstraße" StrHausBereich="1-5" StrPLZ="30451" OrtID="1" Merkmal="1" Planquadrat="N&#xD;"/>
  <Strassen StrID="7380" StrName="Liepmannstraße" StrHausBereich="6-34,7-35" StrPLZ="30453" OrtID="1" Merkmal="1" Planquadrat="N&#xD;"/>
  <Strassen StrID="7381" StrName="Ligusterweg" StrPLZ="30419" OrtID="1" Merkmal="1" Planquadrat="N&#xD;"/>
  <Strassen StrID="7382" StrName="Liliencronplatz" StrPLZ="30177" OrtID="1" Merkmal="1" Planquadrat="N&#xD;"/>
  <Strassen StrID="7383" StrName="Liliencronstraße" StrPLZ="30177" OrtID="1" Merkmal="1" Planquadrat="N&#xD;"/>
  <Strassen StrID="7384" StrName="Lilienstraße" StrPLZ="30167" OrtID="1" Merkmal="1" Planquadrat="N&#xD;"/>
  <Strassen StrID="7385" StrName="Lilienthalstraße" StrPLZ="30179" OrtID="1" Merkmal="1" Planquadrat="N&#xD;"/>
  <Strassen StrID="7386" StrName="Limburgstraße" StrPLZ="30159" OrtID="1" Merkmal="1" Planquadrat="N&#xD;"/>
  <Strassen StrID="7387" StrName="Limmerbrunnen" StrPLZ="30453" OrtID="1" Merkmal="1" Planquadrat="N&#xD;"/>
  <Strassen StrID="7388" StrName="Limmerstraße" StrPLZ="30451" OrtID="1" Merkmal="1" Planquadrat="N&#xD;"/>
  <Strassen StrID="7389" StrName="Lincolnweg" StrPLZ="30519" OrtID="1" Merkmal="1" Planquadrat="N&#xD;"/>
  <Strassen StrID="7390" StrName="Lindemannallee" StrPLZ="30173" OrtID="1" Merkmal="1" Planquadrat="N&#xD;"/>
  <Strassen StrID="7391" StrName="Lindenallee" StrPLZ="30657" OrtID="1" Merkmal="1" Planquadrat="N&#xD;"/>
  <Strassen StrID="7392" StrName="Lindener Marktplatz" StrPLZ="30449" OrtID="1" Merkmal="1" Planquadrat="N&#xD;"/>
  <Strassen StrID="7393" StrName="Lindener Weg" StrPLZ="30453" OrtID="1" Merkmal="1" Planquadrat="N&#xD;"/>
  <Strassen StrID="7394" StrName="Lindenplan" StrPLZ="30655" OrtID="1" Merkmal="1" Planquadrat="N&#xD;"/>
  <Strassen StrID="7395" StrName="Lindenstraße" StrPLZ="30559" OrtID="1" Merkmal="1" Planquadrat="N&#xD;"/>
  <Strassen StrID="7396" StrName="Lindenweg" StrPLZ="30457" OrtID="1" Merkmal="1" Planquadrat="N&#xD;"/>
  <Strassen StrID="7397" StrName="Linneworth" StrPLZ="30539" OrtID="1" Merkmal="1" Planquadrat="N&#xD;"/>
  <Strassen StrID="7398" StrName="Linsingenstraße" StrPLZ="30163" OrtID="1" Merkmal="1" Planquadrat="N&#xD;"/>
  <Strassen StrID="7399" StrName="Linzer Straße" StrPLZ="30519" OrtID="1" Merkmal="1" Planquadrat="N&#xD;"/>
  <Strassen StrID="7400" StrName="Lippertweg" StrPLZ="30419" OrtID="1" Merkmal="1" Planquadrat="N&#xD;"/>
  <Strassen StrID="7401" StrName="Lisbethstraße" StrPLZ="30161" OrtID="1" Merkmal="1" Planquadrat="N&#xD;"/>
  <Strassen StrID="7402" StrName="Lister Damm" StrHausBereich="1-65,2-42" StrPLZ="30163" OrtID="1" Merkmal="1" Planquadrat="N&#xD;"/>
  <Strassen StrID="7403" StrName="Lister Damm" StrHausBereich="44-Ende,69-Ende" StrPLZ="30179" OrtID="1" Merkmal="1" Planquadrat="N&#xD;"/>
  <Strassen StrID="7404" StrName="Lister Kirchweg" StrHausBereich="1-79c,2-36b" StrPLZ="30163" OrtID="1" Merkmal="1" Planquadrat="N&#xD;"/>
  <Strassen StrID="7405" StrName="Lister Kirchweg" StrHausBereich="38-Ende,81-Ende" StrPLZ="30177" OrtID="1" Merkmal="1" Planquadrat="N&#xD;"/>
  <Strassen StrID="7406" StrName="Lister Meile" StrPLZ="30161" OrtID="1" Merkmal="1" Planquadrat="N&#xD;"/>
  <Strassen StrID="7407" StrName="Lister Platz" StrPLZ="30163" OrtID="1" Merkmal="1" Planquadrat="N&#xD;"/>
  <Strassen StrID="7408" StrName="Lister Straße" StrPLZ="30163" OrtID="1" Merkmal="1" Planquadrat="N&#xD;"/>
  <Strassen StrID="7409" StrName="Loccumer Straße" StrPLZ="30519" OrtID="1" Merkmal="1" Planquadrat="N&#xD;"/>
  <Strassen StrID="7410" StrName="Lodemannweg" StrPLZ="30459" OrtID="1" Merkmal="1" Planquadrat="N&#xD;"/>
  <Strassen StrID="7411" StrName="Lodyweg" StrPLZ="30167" OrtID="1" Merkmal="1" Planquadrat="N&#xD;"/>
  <Strassen StrID="7412" StrName="Löfflerweg" StrPLZ="30655" OrtID="1" Merkmal="1" Planquadrat="N&#xD;"/>
  <Strassen StrID="7413" StrName="Lohfeldweg" StrPLZ="30459" OrtID="1" Merkmal="1" Planquadrat="N&#xD;"/>
  <Strassen StrID="7414" StrName="Lohgrund" StrPLZ="30453" OrtID="1" Merkmal="1" Planquadrat="N&#xD;"/>
  <Strassen StrID="7415" StrName="Lohkamp" StrPLZ="30453" OrtID="1" Merkmal="1" Planquadrat="N&#xD;"/>
  <Strassen StrID="7416" StrName="Lohmeyerhof" StrPLZ="30459" OrtID="1" Merkmal="1" Planquadrat="N&#xD;"/>
  <Strassen StrID="7417" StrName="Lohweg" StrPLZ="30559" OrtID="1" Merkmal="1" Planquadrat="N&#xD;"/>
  <Strassen StrID="7418" StrName="Lönsstraße" StrPLZ="30175" OrtID="1" Merkmal="1" Planquadrat="N&#xD;"/>
  <Strassen StrID="7419" StrName="Lönsweg" StrPLZ="30457" OrtID="1" Merkmal="1" Planquadrat="N&#xD;"/>
  <Strassen StrID="7420" StrName="Loosweg" StrPLZ="30559" OrtID="1" Merkmal="1" Planquadrat="N&#xD;"/>
  <Strassen StrID="7421" StrName="Löpentinstraße" StrPLZ="30419" OrtID="1" Merkmal="1" Planquadrat="N&#xD;"/>
  <Strassen StrID="7422" StrName="Lortzingstraße" StrPLZ="30177" OrtID="1" Merkmal="1" Planquadrat="N&#xD;"/>
  <Strassen StrID="7423" StrName="Loruper Weg" StrPLZ="30539" OrtID="1" Merkmal="1" Planquadrat="N&#xD;"/>
  <Strassen StrID="7424" StrName="Lothringer Straße" StrPLZ="30559" OrtID="1" Merkmal="1" Planquadrat="N&#xD;"/>
  <Strassen StrID="7426" StrName="Löwenstraße" StrPLZ="30175" OrtID="1" Merkmal="1" Planquadrat="N&#xD;"/>
  <Strassen StrID="7427" StrName="Löwenzahnweg" StrPLZ="30657" OrtID="1" Merkmal="1" Planquadrat="N&#xD;"/>
  <Strassen StrID="7428" StrName="Lubowitzweg" StrPLZ="30539" OrtID="1" Merkmal="1" Planquadrat="N&#xD;"/>
  <Strassen StrID="7429" StrName="Lüchower Straße" StrPLZ="30625" OrtID="1" Merkmal="1" Planquadrat="N&#xD;"/>
  <Strassen StrID="7430" StrName="Luckenwalder Straße" StrPLZ="30629" OrtID="1" Merkmal="1" Planquadrat="N&#xD;"/>
  <Strassen StrID="7431" StrName="Lüdenstraße" StrPLZ="30451" OrtID="1" Merkmal="1" Planquadrat="N&#xD;"/>
  <Strassen StrID="7432" StrName="Lüderitzwinkel" StrPLZ="30559" OrtID="1" Merkmal="1" Planquadrat="N&#xD;"/>
  <Strassen StrID="7433" StrName="Lüderweg" StrPLZ="30419" OrtID="1" Merkmal="1" Planquadrat="N&#xD;"/>
  <Strassen StrID="7434" StrName="Ludolf-Ahrens-Straße" StrPLZ="30625" OrtID="1" Merkmal="1" Planquadrat="N&#xD;"/>
  <Strassen StrID="7435" StrName="Ludwig-Barnay-Straße" StrPLZ="30175" OrtID="1" Merkmal="1" Planquadrat="N&#xD;"/>
  <Strassen StrID="7436" StrName="Ludwig-Bruns-Straße" StrPLZ="30175" OrtID="1" Merkmal="1" Planquadrat="N&#xD;"/>
  <Strassen StrID="7437" StrName="Ludwig-Gleue-Weg" StrPLZ="30453" OrtID="1" Merkmal="1" Planquadrat="N&#xD;"/>
  <Strassen StrID="7438" StrName="Ludwig-Jahn-Straße" StrPLZ="30629" OrtID="1" Merkmal="1" Planquadrat="N&#xD;"/>
  <Strassen StrID="7439" StrName="Ludwig-Richter-Straße" StrPLZ="30455" OrtID="1" Merkmal="1" Planquadrat="N&#xD;"/>
  <Strassen StrID="7440" StrName="Ludwig-Sievers-Ring" StrPLZ="30659" OrtID="1" Merkmal="1" Planquadrat="N&#xD;"/>
  <Strassen StrID="7441" StrName="Ludwigsaue" StrPLZ="30657" OrtID="1" Merkmal="1" Planquadrat="N&#xD;"/>
  <Strassen StrID="7442" StrName="Ludwigstraße" StrPLZ="30161" OrtID="1" Merkmal="1" Planquadrat="N&#xD;"/>
  <Strassen StrID="7443" StrName="Lüerstraße" StrPLZ="30175" OrtID="1" Merkmal="1" Planquadrat="N&#xD;"/>
  <Strassen StrID="7444" StrName="Luhnenstraße" StrPLZ="30559" OrtID="1" Merkmal="1" Planquadrat="N&#xD;"/>
  <Strassen StrID="7445" StrName="Lühnische Straße" StrPLZ="30455" OrtID="1" Merkmal="1" Planquadrat="N&#xD;"/>
  <Strassen StrID="7446" StrName="Luise-Blume-Straße" StrPLZ="30659" OrtID="1" Merkmal="1" Planquadrat="N&#xD;"/>
  <Strassen StrID="7447" StrName="Luisenstraße" StrPLZ="30159" OrtID="1" Merkmal="1" Planquadrat="N&#xD;"/>
  <Strassen StrID="7448" StrName="Lülfingweg" StrPLZ="30519" OrtID="1" Merkmal="1" Planquadrat="N&#xD;"/>
  <Strassen StrID="7449" StrName="Lundenweg" StrPLZ="30539" OrtID="1" Merkmal="1" Planquadrat="N&#xD;"/>
  <Strassen StrID="7450" StrName="Lüneburger Damm" StrPLZ="30625" OrtID="1" Merkmal="1" Planquadrat="N&#xD;"/>
  <Strassen StrID="7451" StrName="Lüssenhopstraße" StrPLZ="30419" OrtID="1" Merkmal="1" Planquadrat="N&#xD;"/>
  <Strassen StrID="7452" StrName="Lütgertweg" StrPLZ="30419" OrtID="1" Merkmal="1" Planquadrat="N&#xD;"/>
  <Strassen StrID="7453" StrName="Lutherstraße" StrPLZ="30171" OrtID="1" Merkmal="0" Planquadrat="O11&#xD;"/>
  <Strassen StrID="7455" StrName="Lützerodestraße" StrPLZ="30161" OrtID="1" Merkmal="1" Planquadrat="N&#xD;"/>
  <Strassen StrID="7456" StrName="Lützowstraße" StrPLZ="30159" OrtID="1" Merkmal="1" Planquadrat="N&#xD;"/>
  <Strassen StrID="7457" StrName="Lyckweg" StrPLZ="30657" OrtID="1" Merkmal="1" Planquadrat="N&#xD;"/>
  <Strassen StrID="7458" StrName="Lyraweg" StrPLZ="30455" OrtID="1" Merkmal="1" Planquadrat="N&#xD;"/>
  <Strassen StrID="7459" StrName="Maaßweg" StrPLZ="30457" OrtID="1" Merkmal="1" Planquadrat="N&#xD;"/>
  <Strassen StrID="7460" StrName="Machandelweg" StrPLZ="30419" OrtID="1" Merkmal="1" Planquadrat="N&#xD;"/>
  <Strassen StrID="7461" StrName="Mädlerstraße" StrPLZ="30519" OrtID="1" Merkmal="1" Planquadrat="N&#xD;"/>
  <Strassen StrID="7462" StrName="Magdeburger Straße" StrPLZ="30179" OrtID="1" Merkmal="1" Planquadrat="N&#xD;"/>
  <Strassen StrID="7463" StrName="Magnusstraße" StrPLZ="30449" OrtID="1" Merkmal="1" Planquadrat="N&#xD;"/>
  <Strassen StrID="7464" StrName="Mahlsdorfweg" StrPLZ="30179" OrtID="1" Merkmal="1" Planquadrat="N&#xD;"/>
  <Strassen StrID="7465" StrName="Mainzer Straße" StrPLZ="30173" OrtID="1" Merkmal="1" Planquadrat="N&#xD;"/>
  <Strassen StrID="7466" StrName="Malagaweg" StrPLZ="30163" OrtID="1" Merkmal="1" Planquadrat="N&#xD;"/>
  <Strassen StrID="7467" StrName="Mallnitzstraße" StrPLZ="30519" OrtID="1" Merkmal="1" Planquadrat="N&#xD;"/>
  <Strassen StrID="7468" StrName="Malmedyer Straße" StrPLZ="30519" OrtID="1" Merkmal="1" Planquadrat="N&#xD;"/>
  <Strassen StrID="7469" StrName="Malmweg" StrPLZ="30455" OrtID="1" Merkmal="1" Planquadrat="N&#xD;"/>
  <Strassen StrID="7470" StrName="Malortiestraße" StrPLZ="30419" OrtID="1" Merkmal="1" Planquadrat="N&#xD;"/>
  <Strassen StrID="7471" StrName="Mandelslohstraße" StrPLZ="30419" OrtID="1" Merkmal="1" Planquadrat="N&#xD;"/>
  <Strassen StrID="7472" StrName="Maneckestraße" StrPLZ="30625" OrtID="1" Merkmal="1" Planquadrat="N&#xD;"/>
  <Strassen StrID="7473" StrName="Manele-Süss-Weg" StrPLZ="30457" OrtID="1" Merkmal="1" Planquadrat="N&#xD;"/>
  <Strassen StrID="7474" StrName="Mansfeldstraße" StrPLZ="30459" OrtID="1" Merkmal="1" Planquadrat="N&#xD;"/>
  <Strassen StrID="7475" StrName="Manteuffelstraße" StrPLZ="30163" OrtID="1" Merkmal="1" Planquadrat="N&#xD;"/>
  <Strassen StrID="7476" StrName="Marahrensweg" StrPLZ="30519" OrtID="1" Merkmal="1" Planquadrat="N&#xD;"/>
  <Strassen StrID="7477" StrName="Mardalstraße" StrPLZ="30559" OrtID="1" Merkmal="1" Planquadrat="N&#xD;"/>
  <Strassen StrID="7478" StrName="Marienbader Straße" StrPLZ="30559" OrtID="1" Merkmal="1" Planquadrat="N&#xD;"/>
  <Strassen StrID="7479" StrName="Marienburger Weg" StrPLZ="30659" OrtID="1" Merkmal="1" Planquadrat="N&#xD;"/>
  <Strassen StrID="7480" StrName="Marienstraße" StrPLZ="30171" OrtID="1" Merkmal="1" Planquadrat="N&#xD;"/>
  <Strassen StrID="7481" StrName="Marienwerderstraße" StrPLZ="30449" OrtID="1" Merkmal="1" Planquadrat="N&#xD;"/>
  <Strassen StrID="7482" StrName="Markgrafstraße" StrPLZ="30419" OrtID="1" Merkmal="1" Planquadrat="N&#xD;"/>
  <Strassen StrID="7483" StrName="Märkischer Weg" StrPLZ="30179" OrtID="1" Merkmal="1" Planquadrat="N&#xD;"/>
  <Strassen StrID="7484" StrName="Marktstraße" StrPLZ="30159" OrtID="1" Merkmal="1" Planquadrat="N&#xD;"/>
  <Strassen StrID="7485" StrName="Mars-la-Tour-Straße" StrPLZ="30175" OrtID="1" Merkmal="1" Planquadrat="N&#xD;"/>
  <Strassen StrID="7486" StrName="Marschnerstraße" StrPLZ="30167" OrtID="1" Merkmal="1" Planquadrat="N&#xD;"/>
  <Strassen StrID="7487" StrName="Martensplatz" StrPLZ="30459" OrtID="1" Merkmal="1" Planquadrat="N&#xD;"/>
  <Strassen StrID="7488" StrName="Marthastraße" StrPLZ="30519" OrtID="1" Merkmal="1" Planquadrat="N&#xD;"/>
  <Strassen StrID="7489" StrName="Martinihof" StrPLZ="30455" OrtID="1" Merkmal="1" Planquadrat="N&#xD;"/>
  <Strassen StrID="7490" StrName="Martinstraße" StrPLZ="30659" OrtID="1" Merkmal="1" Planquadrat="N&#xD;"/>
  <Strassen StrID="7491" StrName="Mary-Wigmann-Weg" StrPLZ="30657" OrtID="1" Merkmal="1" Planquadrat="N&#xD;"/>
  <Strassen StrID="7492" StrName="Maschstraße" StrPLZ="30169" OrtID="1" Merkmal="1" Planquadrat="N&#xD;"/>
  <Strassen StrID="7493" StrName="Maßmannstraße" StrPLZ="30165" OrtID="1" Merkmal="1" Planquadrat="N&#xD;"/>
  <Strassen StrID="7494" StrName="Masurenweg" StrPLZ="30163" OrtID="1" Merkmal="1" Planquadrat="N&#xD;"/>
  <Strassen StrID="7495" StrName="Mathildenstraße" StrPLZ="30451" OrtID="1" Merkmal="1" Planquadrat="N&#xD;"/>
  <Strassen StrID="7496" StrName="Mattfeldstraße" StrPLZ="30455" OrtID="1" Merkmal="1" Planquadrat="N&#xD;"/>
  <Strassen StrID="7497" StrName="Matthäikirchstraße" StrPLZ="30519" OrtID="1" Merkmal="1" Planquadrat="N&#xD;"/>
  <Strassen StrID="7498" StrName="Matthiasstraße" StrPLZ="30177" OrtID="1" Merkmal="1" Planquadrat="N&#xD;"/>
  <Strassen StrID="7499" StrName="Max-Eyth-Straße" StrPLZ="30173" OrtID="1" Merkmal="1" Planquadrat="N&#xD;"/>
  <Strassen StrID="7500" StrName="Max-Kuhlemann-Platz" StrPLZ="30559" OrtID="1" Merkmal="1" Planquadrat="N&#xD;"/>
  <Strassen StrID="7501" StrName="Max-Kuhlemann-Straße" StrPLZ="30559" OrtID="1" Merkmal="1" Planquadrat="N&#xD;"/>
  <Strassen StrID="7502" StrName="Max-von-Laue-Ring" StrPLZ="30627" OrtID="1" Merkmal="1" Planquadrat="N&#xD;"/>
  <Strassen StrID="7503" StrName="Meckauerweg" StrPLZ="30629" OrtID="1" Merkmal="1" Planquadrat="N&#xD;"/>
  <Strassen StrID="7504" StrName="Mecklenburger Straße" StrPLZ="30625" OrtID="1" Merkmal="1" Planquadrat="N&#xD;"/>
  <Strassen StrID="7505" StrName="Mecklenheidestraße" StrPLZ="30419" OrtID="1" Merkmal="1" Planquadrat="N&#xD;"/>
  <Strassen StrID="7506" StrName="Meelbaumstraße" StrPLZ="30165" OrtID="1" Merkmal="1" Planquadrat="N&#xD;"/>
  <Strassen StrID="7507" StrName="Meersmannufer" StrPLZ="30655" OrtID="1" Merkmal="1" Planquadrat="N&#xD;"/>
  <Strassen StrID="7508" StrName="Meffertstraße" StrPLZ="30659" OrtID="1" Merkmal="1" Planquadrat="N&#xD;"/>
  <Strassen StrID="7509" StrName="Mehlstraße" StrPLZ="30159" OrtID="1" Merkmal="1" Planquadrat="N&#xD;"/>
  <Strassen StrID="7510" StrName="Meierwiesen" StrPLZ="30657" OrtID="1" Merkmal="1" Planquadrat="N&#xD;"/>
  <Strassen StrID="7511" StrName="Meisenwinkel" StrPLZ="30459" OrtID="1" Merkmal="1" Planquadrat="N&#xD;"/>
  <Strassen StrID="7512" StrName="Meißener Hof" StrPLZ="30179" OrtID="1" Merkmal="1" Planquadrat="N&#xD;"/>
  <Strassen StrID="7513" StrName="Meitnerstraße" StrPLZ="30627" OrtID="1" Merkmal="1" Planquadrat="N&#xD;"/>
  <Strassen StrID="7514" StrName="Melanchthonstraße" StrPLZ="30165" OrtID="1" Merkmal="1" Planquadrat="N&#xD;"/>
  <Strassen StrID="7515" StrName="Meldaustraße" StrPLZ="30419" OrtID="1" Merkmal="1" Planquadrat="N&#xD;"/>
  <Strassen StrID="7516" StrName="Mellendorfer Straße" StrPLZ="30625" OrtID="1" Merkmal="1" Planquadrat="N&#xD;"/>
  <Strassen StrID="7517" StrName="Memeler Straße" StrPLZ="30657" OrtID="1" Merkmal="1" Planquadrat="N&#xD;"/>
  <Strassen StrID="7518" StrName="Mendelssohnstraße" StrPLZ="30173" OrtID="1" Merkmal="1" Planquadrat="N&#xD;"/>
  <Strassen StrID="7519" StrName="Mendelweg" StrPLZ="30627" OrtID="1" Merkmal="1" Planquadrat="N&#xD;"/>
  <Strassen StrID="7520" StrName="Mengendamm" StrPLZ="30177" OrtID="1" Merkmal="1" Planquadrat="N&#xD;"/>
  <Strassen StrID="7521" StrName="Menschingstraße" StrPLZ="30173" OrtID="1" Merkmal="1" Planquadrat="N&#xD;"/>
  <Strassen StrID="7522" StrName="Menzelstraße" StrPLZ="30459" OrtID="1" Merkmal="1" Planquadrat="N&#xD;"/>
  <Strassen StrID="7523" StrName="Meppener Straße" StrPLZ="30539" OrtID="1" Merkmal="1" Planquadrat="N&#xD;"/>
  <Strassen StrID="7524" StrName="Meraner Straße" StrPLZ="30519" OrtID="1" Merkmal="1" Planquadrat="N&#xD;"/>
  <Strassen StrID="7525" StrName="Mercedesstraße" StrPLZ="30453" OrtID="1" Merkmal="1" Planquadrat="N&#xD;"/>
  <Strassen StrID="7526" StrName="Merckerstraße" StrPLZ="30629" OrtID="1" Merkmal="1" Planquadrat="N&#xD;"/>
  <Strassen StrID="7527" StrName="Mergenthalerweg" StrPLZ="30519" OrtID="1" Merkmal="1" Planquadrat="N&#xD;"/>
  <Strassen StrID="7528" StrName="Merianweg" StrPLZ="30655" OrtID="1" Merkmal="1" Planquadrat="N&#xD;"/>
  <Strassen StrID="7529" StrName="Merkurstraße" StrPLZ="30419" OrtID="1" Merkmal="1" Planquadrat="N&#xD;"/>
  <Strassen StrID="7530" StrName="Merlinweg" StrPLZ="30629" OrtID="1" Merkmal="1" Planquadrat="N&#xD;"/>
  <Strassen StrID="7531" StrName="Merziger Straße" StrPLZ="30559" OrtID="1" Merkmal="1" Planquadrat="N&#xD;"/>
  <Strassen StrID="7532" StrName="Mesmerweg" StrPLZ="30655" OrtID="1" Merkmal="1" Planquadrat="N&#xD;"/>
  <Strassen StrID="7533" StrName="Messegelände" StrPLZ="30521" OrtID="1" Merkmal="1" Planquadrat="N&#xD;"/>
  <Strassen StrID="7534" StrName="Meterstraße" StrPLZ="30169" OrtID="1" Merkmal="1" Planquadrat="N&#xD;"/>
  <Strassen StrID="7535" StrName="Mettlacher Straße" StrPLZ="30559" OrtID="1" Merkmal="1" Planquadrat="N&#xD;"/>
  <Strassen StrID="7536" StrName="Metzer Straße" StrPLZ="30559" OrtID="1" Merkmal="1" Planquadrat="N&#xD;"/>
  <Strassen StrID="7537" StrName="Metzhof" StrPLZ="30659" OrtID="1" Merkmal="1" Planquadrat="N&#xD;"/>
  <Strassen StrID="7538" StrName="Meyenfeldstraße" StrPLZ="30419" OrtID="1" Merkmal="1" Planquadrat="N&#xD;"/>
  <Strassen StrID="7539" StrName="Meyerhofweg" StrPLZ="30655" OrtID="1" Merkmal="1" Planquadrat="N&#xD;"/>
  <Strassen StrID="7540" StrName="Meyers Garten" StrPLZ="30629" OrtID="1" Merkmal="1" Planquadrat="N&#xD;"/>
  <Strassen StrID="7541" StrName="Michaelisweg" StrPLZ="30419" OrtID="1" Merkmal="1" Planquadrat="N&#xD;"/>
  <Strassen StrID="7542" StrName="Miegelweg" StrPLZ="30455" OrtID="1" Merkmal="1" Planquadrat="N&#xD;"/>
  <Strassen StrID="7543" StrName="Milanstraße" StrPLZ="30627" OrtID="1" Merkmal="1" Planquadrat="N&#xD;"/>
  <Strassen StrID="7544" StrName="Milchgang" StrPLZ="30449" OrtID="1" Merkmal="1" Planquadrat="N&#xD;"/>
  <Strassen StrID="7545" StrName="Militscher Weg" StrPLZ="30519" OrtID="1" Merkmal="1" Planquadrat="N&#xD;"/>
  <Strassen StrID="7546" StrName="Mimmi-Fuhlrott-Gang" StrPLZ="30449" OrtID="1" Merkmal="1" Planquadrat="N&#xD;"/>
  <Strassen StrID="7547" StrName="Minister-Stüve-Straße" StrPLZ="30449" OrtID="1" Merkmal="1" Planquadrat="N&#xD;"/>
  <Strassen StrID="7548" StrName="Mirabellengarten" StrPLZ="30539" OrtID="1" Merkmal="1" Planquadrat="N&#xD;"/>
  <Strassen StrID="7549" StrName="Misburger Straße" StrPLZ="30625" OrtID="1" Merkmal="1" Planquadrat="N&#xD;"/>
  <Strassen StrID="7550" StrName="Mispelweg" StrPLZ="30419" OrtID="1" Merkmal="1" Planquadrat="N&#xD;"/>
  <Strassen StrID="7551" StrName="Mithoffstraße" StrPLZ="30159" OrtID="1" Merkmal="1" Planquadrat="N&#xD;"/>
  <Strassen StrID="7552" StrName="Mittelstraße" StrPLZ="30169" OrtID="1" Merkmal="1" Planquadrat="N&#xD;"/>
  <Strassen StrID="7553" StrName="Möckernstraße" StrPLZ="30163" OrtID="1" Merkmal="1" Planquadrat="N&#xD;"/>
  <Strassen StrID="7554" StrName="Modersohnweg" StrPLZ="30173" OrtID="1" Merkmal="1" Planquadrat="N&#xD;"/>
  <Strassen StrID="7555" StrName="Moeviusweg" StrPLZ="30629" OrtID="1" Merkmal="1" Planquadrat="N&#xD;"/>
  <Strassen StrID="7556" StrName="Mogelkenstraße" StrPLZ="30165" OrtID="1" Merkmal="1" Planquadrat="N&#xD;"/>
  <Strassen StrID="7557" StrName="Mohrmannstraße" StrPLZ="30167" OrtID="1" Merkmal="1" Planquadrat="N&#xD;"/>
  <Strassen StrID="7558" StrName="Molanusweg" StrPLZ="30559" OrtID="1" Merkmal="1" Planquadrat="N&#xD;"/>
  <Strassen StrID="7559" StrName="Moldauweg" StrPLZ="30559" OrtID="1" Merkmal="1" Planquadrat="N&#xD;"/>
  <Strassen StrID="7560" StrName="Molthanstraße" StrPLZ="30169" OrtID="1" Merkmal="1" Planquadrat="N&#xD;"/>
  <Strassen StrID="7561" StrName="Moltkeplatz" StrPLZ="30163" OrtID="1" Merkmal="1" Planquadrat="N&#xD;"/>
  <Strassen StrID="7562" StrName="Mommsenstraße" StrHausBereich="1-5,2-6,38-Ende,39-Ende" StrPLZ="30169" OrtID="1" Merkmal="1" Planquadrat="N&#xD;"/>
  <Strassen StrID="7563" StrName="Mommsenstraße" StrHausBereich="7-37a,8-36" StrPLZ="30173" OrtID="1" Merkmal="1" Planquadrat="N&#xD;"/>
  <Strassen StrID="7564" StrName="Mönchekamp" StrPLZ="30457" OrtID="1" Merkmal="1" Planquadrat="N&#xD;"/>
  <Strassen StrID="7565" StrName="Mönckebergallee" StrPLZ="30453" OrtID="1" Merkmal="1" Planquadrat="N&#xD;"/>
  <Strassen StrID="7566" StrName="Mönnighof" StrPLZ="30627" OrtID="1" Merkmal="1" Planquadrat="N&#xD;"/>
  <Strassen StrID="7567" StrName="Moocksgang" StrPLZ="30169" OrtID="1" Merkmal="1" Planquadrat="N&#xD;"/>
  <Strassen StrID="7568" StrName="Moorhoffstraße" StrPLZ="30419" OrtID="1" Merkmal="1" Planquadrat="N&#xD;"/>
  <Strassen StrID="7569" StrName="Moorkamp" StrPLZ="30165" OrtID="1" Merkmal="1" Planquadrat="N&#xD;"/>
  <Strassen StrID="7570" StrName="Moorwaldweg" StrPLZ="30659" OrtID="1" Merkmal="1" Planquadrat="N&#xD;"/>
  <Strassen StrID="7571" StrName="Moosbergstraße" StrPLZ="30419" OrtID="1" Merkmal="1" Planquadrat="N&#xD;"/>
  <Strassen StrID="7572" StrName="Moosweg" StrPLZ="30629" OrtID="1" Merkmal="1" Planquadrat="N&#xD;"/>
  <Strassen StrID="7573" StrName="Morgensternweg" StrPLZ="30419" OrtID="1" Merkmal="1" Planquadrat="N&#xD;"/>
  <Strassen StrID="7574" StrName="Mörikestraße" StrPLZ="30177" OrtID="1" Merkmal="1" Planquadrat="N&#xD;"/>
  <Strassen StrID="7575" StrName="Mörlinsstraße" StrPLZ="30539" OrtID="1" Merkmal="1" Planquadrat="N&#xD;"/>
  <Strassen StrID="7576" StrName="Morwegsgasse" StrPLZ="30167" OrtID="1" Merkmal="1" Planquadrat="N&#xD;"/>
  <Strassen StrID="7577" StrName="Moseldamm" StrPLZ="30657" OrtID="1" Merkmal="1" Planquadrat="N&#xD;"/>
  <Strassen StrID="7578" StrName="Möwengrund" StrPLZ="30627" OrtID="1" Merkmal="1" Planquadrat="N&#xD;"/>
  <Strassen StrID="7579" StrName="Mozartstraße" StrPLZ="30173" OrtID="1" Merkmal="1" Planquadrat="N&#xD;"/>
  <Strassen StrID="7580" StrName="Müdener Weg" StrPLZ="30625" OrtID="1" Merkmal="1" Planquadrat="N&#xD;"/>
  <Strassen StrID="7581" StrName="Mühenkamp" StrPLZ="30419" OrtID="1" Merkmal="1" Planquadrat="N&#xD;"/>
  <Strassen StrID="7582" StrName="Mühlenberger Markt" StrPLZ="30457" OrtID="1" Merkmal="1" Planquadrat="N&#xD;"/>
  <Strassen StrID="7583" StrName="Mühlenbergzentrum" StrPLZ="30457" OrtID="1" Merkmal="1" Planquadrat="N&#xD;"/>
  <Strassen StrID="7584" StrName="Mühlenholzweg" StrPLZ="30459" OrtID="1" Merkmal="1" Planquadrat="N&#xD;"/>
  <Strassen StrID="7585" StrName="Mühlenweg" StrPLZ="30629" OrtID="1" Merkmal="1" Planquadrat="N&#xD;"/>
  <Strassen StrID="7586" StrName="Müllinger Straße" StrPLZ="30519" OrtID="1" Merkmal="1" Planquadrat="N&#xD;"/>
  <Strassen StrID="7587" StrName="Münchener Straße" StrPLZ="30521" OrtID="1" Merkmal="1" Planquadrat="N&#xD;"/>
  <Strassen StrID="7588" StrName="Münchhausenstraße" StrPLZ="30625" OrtID="1" Merkmal="1" Planquadrat="N&#xD;"/>
  <Strassen StrID="7589" StrName="Münterstraße" StrPLZ="30419" OrtID="1" Merkmal="1" Planquadrat="N&#xD;"/>
  <Strassen StrID="7590" StrName="Munzeler Straße" StrPLZ="30459" OrtID="1" Merkmal="1" Planquadrat="N&#xD;"/>
  <Strassen StrID="7591" StrName="Münzstraße" StrPLZ="30159" OrtID="1" Merkmal="1" Planquadrat="N&#xD;"/>
  <Strassen StrID="7592" StrName="Musäusweg" StrPLZ="30519" OrtID="1" Merkmal="1" Planquadrat="N&#xD;"/>
  <Strassen StrID="7593" StrName="Muschelweg" StrPLZ="30455" OrtID="1" Merkmal="1" Planquadrat="N&#xD;"/>
  <Strassen StrID="7594" StrName="Mushop" StrPLZ="30539" OrtID="1" Merkmal="1" Planquadrat="N&#xD;"/>
  <Strassen StrID="7595" StrName="Muswiller Weg" StrPLZ="30625" OrtID="1" Merkmal="1" Planquadrat="N&#xD;"/>
  <Strassen StrID="7596" StrName="Muthesiusweg" StrPLZ="30559" OrtID="1" Merkmal="1" Planquadrat="N&#xD;"/>
  <Strassen StrID="7597" StrName="Nachmittagsweg" StrPLZ="30539" OrtID="1" Merkmal="1" Planquadrat="N&#xD;"/>
  <Strassen StrID="7598" StrName="Nachtbleek" StrPLZ="30457" OrtID="1" Merkmal="1" Planquadrat="N&#xD;"/>
  <Strassen StrID="7599" StrName="Nachtigallenweg" StrPLZ="30657" OrtID="1" Merkmal="1" Planquadrat="N&#xD;"/>
  <Strassen StrID="7600" StrName="Nachtigalstraße" StrPLZ="30173" OrtID="1" Merkmal="1" Planquadrat="N&#xD;"/>
  <Strassen StrID="7601" StrName="Nackenberger Straße" StrPLZ="30625" OrtID="1" Merkmal="1" Planquadrat="N&#xD;"/>
  <Strassen StrID="7602" StrName="Namedorfstraße" StrPLZ="30539" OrtID="1" Merkmal="1" Planquadrat="N&#xD;"/>
  <Strassen StrID="7603" StrName="Nansenufer" StrPLZ="30655" OrtID="1" Merkmal="1" Planquadrat="N&#xD;"/>
  <Strassen StrID="7604" StrName="Naugarder Weg" StrPLZ="30453" OrtID="1" Merkmal="1" Planquadrat="N&#xD;"/>
  <Strassen StrID="7605" StrName="Nauheimer Straße" StrPLZ="30455" OrtID="1" Merkmal="1" Planquadrat="N&#xD;"/>
  <Strassen StrID="7606" StrName="Neanderstraße" StrPLZ="30165" OrtID="1" Merkmal="1" Planquadrat="N&#xD;"/>
  <Strassen StrID="7607" StrName="Neckarstraße" StrPLZ="30519" OrtID="1" Merkmal="1" Planquadrat="N&#xD;"/>
  <Strassen StrID="7608" StrName="Nedderfeldstraße" StrPLZ="30451" OrtID="1" Merkmal="1" Planquadrat="N&#xD;"/>
  <Strassen StrID="7609" StrName="Negenstraße" StrPLZ="30453" OrtID="1" Merkmal="1" Planquadrat="N&#xD;"/>
  <Strassen StrID="7610" StrName="Neidenburger Weg" StrPLZ="30657" OrtID="1" Merkmal="1" Planquadrat="N&#xD;"/>
  <Strassen StrID="7611" StrName="Neisser Weg" StrPLZ="30519" OrtID="1" Merkmal="1" Planquadrat="N&#xD;"/>
  <Strassen StrID="7612" StrName="Nelkenstraße" StrPLZ="30167" OrtID="1" Merkmal="1" Planquadrat="N&#xD;"/>
  <Strassen StrID="7613" StrName="Nelkenweg" StrPLZ="30457" OrtID="1" Merkmal="1" Planquadrat="N&#xD;"/>
  <Strassen StrID="7614" StrName="Nenndorfer Chaussee" StrPLZ="30453" OrtID="1" Merkmal="1" Planquadrat="N&#xD;"/>
  <Strassen StrID="7615" StrName="Nenndorfer Platz" StrPLZ="30459" OrtID="1" Merkmal="1" Planquadrat="N&#xD;"/>
  <Strassen StrID="7616" StrName="Nestroyweg" StrPLZ="30173" OrtID="1" Merkmal="1" Planquadrat="N&#xD;"/>
  <Strassen StrID="7617" StrName="Nettelbeckstraße" StrPLZ="30175" OrtID="1" Merkmal="1" Planquadrat="N&#xD;"/>
  <Strassen StrID="7618" StrName="Nettemannstraße" StrPLZ="30459" OrtID="1" Merkmal="1" Planquadrat="N&#xD;"/>
  <Strassen StrID="7619" StrName="Netzeweg" StrPLZ="30559" OrtID="1" Merkmal="1" Planquadrat="N&#xD;"/>
  <Strassen StrID="7620" StrName="Neue Speicherstraße" StrPLZ="30453" OrtID="1" Merkmal="1" Planquadrat="N&#xD;"/>
  <Strassen StrID="7621" StrName="Neue Straße" StrPLZ="30457" OrtID="1" Merkmal="1" Planquadrat="N&#xD;"/>
  <Strassen StrID="7622" StrName="Neue Wietze" StrPLZ="30657" OrtID="1" Merkmal="1" Planquadrat="N&#xD;"/>
  <Strassen StrID="7623" StrName="Neue Land-Straße" StrHausBereich="1-Ende,10-Ende" StrPLZ="30655" OrtID="1" Merkmal="1" Planquadrat="N&#xD;"/>
  <Strassen StrID="7624" StrName="Neue-Land-Straße" StrHausBereich="2-8" StrPLZ="30625" OrtID="1" Merkmal="1" Planquadrat="N&#xD;"/>
  <Strassen StrID="7625" StrName="Neuer Weg" OrtID="1" Merkmal="1" Planquadrat="N&#xD;"/>
  <Strassen StrID="7626" StrName="Neuenkirchener Platz" StrPLZ="30559" OrtID="1" Merkmal="1" Planquadrat="N&#xD;"/>
  <Strassen StrID="7627" StrName="Neuenkirchener Straße" StrPLZ="30559" OrtID="1" Merkmal="1" Planquadrat="N&#xD;"/>
  <Strassen StrID="7628" StrName="Neustädter Kirchhof" StrPLZ="30169" OrtID="1" Merkmal="1" Planquadrat="N&#xD;"/>
  <Strassen StrID="7629" StrName="Neustädter Markt" StrPLZ="30169" OrtID="1" Merkmal="1" Planquadrat="N&#xD;"/>
  <Strassen StrID="7630" StrName="Neustädter Straße" StrPLZ="30169" OrtID="1" Merkmal="1" Planquadrat="N&#xD;"/>
  <Strassen StrID="7631" StrName="Nibelungenweg" StrPLZ="30455" OrtID="1" Merkmal="1" Planquadrat="N&#xD;"/>
  <Strassen StrID="7632" StrName="Niddener Weg" StrPLZ="30657" OrtID="1" Merkmal="1" Planquadrat="N&#xD;"/>
  <Strassen StrID="7633" StrName="Niederaue" StrPLZ="30419" OrtID="1" Merkmal="1" Planquadrat="N&#xD;"/>
  <Strassen StrID="7634" StrName="Niederfeldstraße" StrPLZ="30539" OrtID="1" Merkmal="1" Planquadrat="N&#xD;"/>
  <Strassen StrID="7635" StrName="Niedersachsenring" StrPLZ="30163" OrtID="1" Merkmal="1" Planquadrat="N&#xD;"/>
  <Strassen StrID="7636" StrName="Niemeyerstraße" StrPLZ="30449" OrtID="1" Merkmal="1" Planquadrat="N&#xD;"/>
  <Strassen StrID="7637" StrName="Nienburger Straße" StrPLZ="30167" OrtID="1" Merkmal="1" Planquadrat="N&#xD;"/>
  <Strassen StrID="7638" StrName="Nienhagener Straße" StrPLZ="30629" OrtID="1" Merkmal="1" Planquadrat="N&#xD;"/>
  <Strassen StrID="7639" StrName="Nieschlagstraße" StrPLZ="30449" OrtID="1" Merkmal="1" Planquadrat="N&#xD;"/>
  <Strassen StrID="7640" StrName="Niggemannweg" StrPLZ="30659" OrtID="1" Merkmal="1" Planquadrat="N&#xD;"/>
  <Strassen StrID="7641" StrName="Nikolaas-Tinbergen-Weg" StrPLZ="30627" OrtID="1" Merkmal="1" Planquadrat="N&#xD;"/>
  <Strassen StrID="7642" StrName="Nikolai-Fuchs-Straße" StrPLZ="30625" OrtID="1" Merkmal="1" Planquadrat="N&#xD;"/>
  <Strassen StrID="7643" StrName="Nikolaistraße" StrPLZ="30159" OrtID="1" Merkmal="1" Planquadrat="N&#xD;"/>
  <Strassen StrID="7644" StrName="Nobelring" StrPLZ="30627" OrtID="1" Merkmal="1" Planquadrat="N&#xD;"/>
  <Strassen StrID="7645" StrName="Nogatweg" StrPLZ="30559" OrtID="1" Merkmal="1" Planquadrat="N&#xD;"/>
  <Strassen StrID="7646" StrName="Nölkehof" StrPLZ="30459" OrtID="1" Merkmal="1" Planquadrat="N&#xD;"/>
  <Strassen StrID="7647" StrName="Nollendorfstraße" StrPLZ="30163" OrtID="1" Merkmal="1" Planquadrat="N&#xD;"/>
  <Strassen StrID="7648" StrName="Noltestraße" StrPLZ="30451" OrtID="1" Merkmal="1" Planquadrat="N&#xD;"/>
  <Strassen StrID="7649" StrName="Norderneyer Weg" StrPLZ="30163" OrtID="1" Merkmal="1" Planquadrat="N&#xD;"/>
  <Strassen StrID="7650" StrName="Nordfelder Reihe" StrPLZ="30159" OrtID="1" Merkmal="1" Planquadrat="N&#xD;"/>
  <Strassen StrID="7651" StrName="Nordfeldstraße" StrPLZ="30459" OrtID="1" Merkmal="1" Planquadrat="N&#xD;"/>
  <Strassen StrID="7652" StrName="Nordhorner Straße" StrPLZ="30539" OrtID="1" Merkmal="1" Planquadrat="N&#xD;"/>
  <Strassen StrID="7653" StrName="Nordmannpassage" StrPLZ="30159" OrtID="1" Merkmal="1" Planquadrat="N&#xD;"/>
  <Strassen StrID="7654" StrName="Nordring" StrPLZ="30163" OrtID="1" Merkmal="1" Planquadrat="N&#xD;"/>
  <Strassen StrID="7655" StrName="Nordwaldstraße" StrPLZ="30559" OrtID="1" Merkmal="1" Planquadrat="N&#xD;"/>
  <Strassen StrID="7656" StrName="Northeimer Wende" StrPLZ="30419" OrtID="1" Merkmal="1" Planquadrat="N&#xD;"/>
  <Strassen StrID="7657" StrName="Nötelweg" StrPLZ="30455" OrtID="1" Merkmal="1" Planquadrat="N&#xD;"/>
  <Strassen StrID="7658" StrName="Nottelmannufer" StrPLZ="30655" OrtID="1" Merkmal="1" Planquadrat="N&#xD;"/>
  <Strassen StrID="7659" StrName="Nußriede" StrPLZ="30627" OrtID="1" Merkmal="1" Planquadrat="N&#xD;"/>
  <Strassen StrID="7660" StrName="Obentrautstraße" StrPLZ="30419" OrtID="1" Merkmal="1" Planquadrat="N&#xD;"/>
  <Strassen StrID="7661" StrName="Obere Reihe" StrPLZ="30453" OrtID="1" Merkmal="1" Planquadrat="N&#xD;"/>
  <Strassen StrID="7662" StrName="Obere Ziegelei" StrPLZ="30453" OrtID="1" Merkmal="1" Planquadrat="N&#xD;"/>
  <Strassen StrID="7663" StrName="Oberstraße" StrPLZ="30167" OrtID="1" Merkmal="1" Planquadrat="N&#xD;"/>
  <Strassen StrID="7664" StrName="Odensehof" StrPLZ="30457" OrtID="1" Merkmal="1" Planquadrat="N&#xD;"/>
  <Strassen StrID="7665" StrName="Odenwaldstraße" StrPLZ="30657" OrtID="1" Merkmal="1" Planquadrat="N&#xD;"/>
  <Strassen StrID="7666" StrName="Odeonstraße" StrPLZ="30159" OrtID="1" Merkmal="1" Planquadrat="N&#xD;"/>
  <Strassen StrID="7667" StrName="Oderstraße" StrPLZ="30559" OrtID="1" Merkmal="1" Planquadrat="N&#xD;"/>
  <Strassen StrID="7668" StrName="Oderstraße" StrPLZ="30519" OrtID="1" Merkmal="1" Planquadrat="N&#xD;"/>
  <Strassen StrID="7669" StrName="Oehlkersweg" StrPLZ="30519" OrtID="1" Merkmal="1" Planquadrat="N&#xD;"/>
  <Strassen StrID="7670" StrName="Oeltzenstraße" StrPLZ="30169" OrtID="1" Merkmal="1" Planquadrat="N&#xD;"/>
  <Strassen StrID="7671" StrName="Oertzeweg" StrPLZ="30419" OrtID="1" Merkmal="1" Planquadrat="N&#xD;"/>
  <Strassen StrID="7672" StrName="Oesterleystraße" StrPLZ="30171" OrtID="1" Merkmal="1" Planquadrat="N&#xD;"/>
  <Strassen StrID="7673" StrName="Offenbachstraße" StrPLZ="30629" OrtID="1" Merkmal="1" Planquadrat="N&#xD;"/>
  <Strassen StrID="7674" StrName="Offensteinstraße" StrPLZ="30451" OrtID="1" Merkmal="1" Planquadrat="N&#xD;"/>
  <Strassen StrID="7675" StrName="Ohebruchstraße" StrPLZ="30419" OrtID="1" Merkmal="1" Planquadrat="N&#xD;"/>
  <Strassen StrID="7676" StrName="Ohedamm" StrPLZ="30459" OrtID="1" Merkmal="1" Planquadrat="N&#xD;"/>
  <Strassen StrID="7677" StrName="Ohefeldweg" StrPLZ="30559" OrtID="1" Merkmal="1" Planquadrat="N&#xD;"/>
  <Strassen StrID="7678" StrName="Ohestraße" StrPLZ="30169" OrtID="1" Merkmal="1" Planquadrat="N&#xD;"/>
  <Strassen StrID="7679" StrName="Ohlauer Straße" StrPLZ="30453" OrtID="1" Merkmal="1" Planquadrat="N&#xD;"/>
  <Strassen StrID="7680" StrName="Ohlendorfer Weg" StrPLZ="30459" OrtID="1" Merkmal="1" Planquadrat="N&#xD;"/>
  <Strassen StrID="7681" StrName="Oldekopstraße" StrPLZ="30659" OrtID="1" Merkmal="1" Planquadrat="N&#xD;"/>
  <Strassen StrID="7682" StrName="Oisseler Straße" StrPLZ="30559" OrtID="1" Merkmal="1" Planquadrat="N&#xD;"/>
  <Strassen StrID="7683" StrName="Okerweg" StrPLZ="30419" OrtID="1" Merkmal="1" Planquadrat="N&#xD;"/>
  <Strassen StrID="7684" StrName="Olbersstraße" StrPLZ="30519" OrtID="1" Merkmal="1" Planquadrat="N&#xD;"/>
  <Strassen StrID="7685" StrName="Olbrichtstraße" StrPLZ="30457" OrtID="1" Merkmal="1" Planquadrat="N&#xD;"/>
  <Strassen StrID="7686" StrName="Oldenburger Allee" StrPLZ="30659" OrtID="1" Merkmal="1" Planquadrat="N&#xD;"/>
  <Strassen StrID="7687" StrName="Oleanderweg" StrPLZ="30655" OrtID="1" Merkmal="1" Planquadrat="N&#xD;"/>
  <Strassen StrID="7688" StrName="Omptedastraße" StrPLZ="30165" OrtID="1" Merkmal="1" Planquadrat="N&#xD;"/>
  <Strassen StrID="7689" StrName="Onnengaweg" StrPLZ="30419" OrtID="1" Merkmal="1" Planquadrat="N&#xD;"/>
  <Strassen StrID="7690" StrName="Opernplatz" StrPLZ="30159" OrtID="1" Merkmal="1" Planquadrat="N&#xD;"/>
  <Strassen StrID="7691" StrName="Oppelner Weg" StrPLZ="30519" OrtID="1" Merkmal="1" Planquadrat="N&#xD;"/>
  <Strassen StrID="7692" StrName="Oppenbornstraße" StrPLZ="30559" OrtID="1" Merkmal="1" Planquadrat="N&#xD;"/>
  <Strassen StrID="7693" StrName="Ortmannweg" StrPLZ="30419" OrtID="1" Merkmal="1" Planquadrat="N&#xD;"/>
  <Strassen StrID="7694" StrName="Osnabrücker Straße" StrPLZ="30419" OrtID="1" Merkmal="1" Planquadrat="N&#xD;"/>
  <Strassen StrID="7695" StrName="Ossietzkyring" StrPLZ="30457" OrtID="1" Merkmal="1" Planquadrat="N&#xD;"/>
  <Strassen StrID="7696" StrName="Ostafrikastraße" StrPLZ="30455" OrtID="1" Merkmal="1" Planquadrat="N&#xD;"/>
  <Strassen StrID="7697" StrName="Ã–stbergweg" StrPLZ="30559" OrtID="1" Merkmal="1" Planquadrat="N&#xD;"/>
  <Strassen StrID="7698" StrName="Osterfelddamm" StrPLZ="30627" OrtID="1" Merkmal="1" Planquadrat="N&#xD;"/>
  <Strassen StrID="7699" StrName="Osterforth" StrPLZ="30659" OrtID="1" Merkmal="1" Planquadrat="N&#xD;"/>
  <Strassen StrID="7700" StrName="Ostergrube" StrPLZ="30559" OrtID="1" Merkmal="1" Planquadrat="N&#xD;"/>
  <Strassen StrID="7701" StrName="Ostermannstraße" StrPLZ="30171" OrtID="1" Merkmal="1" Planquadrat="N&#xD;"/>
  <Strassen StrID="7702" StrName="Ostermeierstraße" StrPLZ="30539" OrtID="1" Merkmal="1" Planquadrat="N&#xD;"/>
  <Strassen StrID="7703" StrName="Osteroder Weg" StrPLZ="30419" OrtID="1" Merkmal="1" Planquadrat="N&#xD;"/>
  <Strassen StrID="7704" StrName="Osterstraße" StrPLZ="30159" OrtID="1" Merkmal="1" Planquadrat="N&#xD;"/>
  <Strassen StrID="7705" StrName="Osterwalder Wende" StrPLZ="30419" OrtID="1" Merkmal="1" Planquadrat="N&#xD;"/>
  <Strassen StrID="7706" StrName="Ostfeldstraße" StrPLZ="30559" OrtID="1" Merkmal="1" Planquadrat="N&#xD;"/>
  <Strassen StrID="7707" StrName="Ostlandstraße" StrPLZ="30539" OrtID="1" Merkmal="1" Planquadrat="N&#xD;"/>
  <Strassen StrID="7708" StrName="Ostwender Straße" StrPLZ="30161" OrtID="1" Merkmal="1" Planquadrat="N&#xD;"/>
  <Strassen StrID="7709" StrName="Ottenshof" StrPLZ="30559" OrtID="1" Merkmal="1" Planquadrat="N&#xD;"/>
  <Strassen StrID="7710" StrName="Ottenstraße" StrPLZ="30451" OrtID="1" Merkmal="1" Planquadrat="N&#xD;"/>
  <Strassen StrID="7711" StrName="Otternplan" StrPLZ="30657" OrtID="1" Merkmal="1" Planquadrat="N&#xD;"/>
  <Strassen StrID="7712" StrName="Otto-Blum-Hof" StrPLZ="30419" OrtID="1" Merkmal="1" Planquadrat="N&#xD;"/>
  <Strassen StrID="7713" StrName="Otto-Brenner-Straße" StrPLZ="30159" OrtID="1" Merkmal="1" Planquadrat="N&#xD;"/>
  <Strassen StrID="7714" StrName="Otto-Rheinhold-Weg" StrPLZ="30165" OrtID="1" Merkmal="1" Planquadrat="N&#xD;"/>
  <Strassen StrID="7715" StrName="Otto-Wels-Straße" StrPLZ="30451" OrtID="1" Merkmal="1" Planquadrat="N&#xD;"/>
  <Strassen StrID="7716" StrName="Ottostraße" StrPLZ="30519" OrtID="1" Merkmal="1" Planquadrat="N&#xD;"/>
  <Strassen StrID="7717" StrName="Ottweilerstraße" StrPLZ="30559" OrtID="1" Merkmal="1" Planquadrat="N&#xD;"/>
  <Strassen StrID="7718" StrName="Overbeckstraße" StrPLZ="30177" OrtID="1" Merkmal="1" Planquadrat="N&#xD;"/>
  <Strassen StrID="7719" StrName="Owiedenfeldstraße" StrPLZ="30559" OrtID="1" Merkmal="1" Planquadrat="N&#xD;"/>
  <Strassen StrID="7720" StrName="Paderborner Straße" StrPLZ="30539" OrtID="1" Merkmal="1" Planquadrat="N&#xD;"/>
  <Strassen StrID="7721" StrName="Pagelsdorffweg" StrPLZ="30519" OrtID="1" Merkmal="1" Planquadrat="N&#xD;"/>
  <Strassen StrID="7722" StrName="Pagenstraße" StrPLZ="30519" OrtID="1" Merkmal="1" Planquadrat="N&#xD;"/>
  <Strassen StrID="7723" StrName="Palmstraße" StrPLZ="30419" OrtID="1" Merkmal="1" Planquadrat="N&#xD;"/>
  <Strassen StrID="7724" StrName="Pänner-Garbe-Weg" StrPLZ="30169" OrtID="1" Merkmal="1" Planquadrat="N&#xD;"/>
  <Strassen StrID="7725" StrName="Pänner-Schuster-Weg" StrPLZ="30519" OrtID="1" Merkmal="1" Planquadrat="N&#xD;"/>
  <Strassen StrID="7726" StrName="Papenstieg" StrPLZ="30171" OrtID="1" Merkmal="1" Planquadrat="N&#xD;"/>
  <Strassen StrID="7727" StrName="Pappelbrink" StrPLZ="30657" OrtID="1" Merkmal="1" Planquadrat="N&#xD;"/>
  <Strassen StrID="7728" StrName="Pappelteich" StrPLZ="30539" OrtID="1" Merkmal="1" Planquadrat="N&#xD;"/>
  <Strassen StrID="7729" StrName="Pappelweg" StrPLZ="30559" OrtID="1" Merkmal="1" Planquadrat="N&#xD;"/>
  <Strassen StrID="7730" StrName="Pappelweg" StrPLZ="30179" OrtID="1" Merkmal="1" Planquadrat="N&#xD;"/>
  <Strassen StrID="7731" StrName="Pappelwiese" StrPLZ="30655" OrtID="1" Merkmal="1" Planquadrat="N&#xD;"/>
  <Strassen StrID="7732" StrName="Paracelsusweg" StrPLZ="30655" OrtID="1" Merkmal="1" Planquadrat="N&#xD;"/>
  <Strassen StrID="7733" StrName="Parkstraße" StrPLZ="30453" OrtID="1" Merkmal="1" Planquadrat="N&#xD;"/>
  <Strassen StrID="7734" StrName="Parlweg" StrPLZ="30419" OrtID="1" Merkmal="1" Planquadrat="N&#xD;"/>
  <Strassen StrID="7735" StrName="Parsevalstraße" StrPLZ="30163" OrtID="1" Merkmal="1" Planquadrat="N&#xD;"/>
  <Strassen StrID="7736" StrName="Pascalstraße" StrPLZ="30419" OrtID="1" Merkmal="1" Planquadrat="N&#xD;"/>
  <Strassen StrID="7737" StrName="Pasemannweg" StrPLZ="30659" OrtID="1" Merkmal="1" Planquadrat="N&#xD;"/>
  <Strassen StrID="7738" StrName="Passargeweg" StrPLZ="30559" OrtID="1" Merkmal="1" Planquadrat="N&#xD;"/>
  <Strassen StrID="7739" StrName="Passerelle" StrPLZ="30159" OrtID="1" Merkmal="1" Planquadrat="N&#xD;"/>
  <Strassen StrID="7740" StrName="Paßweg" StrPLZ="30659" OrtID="1" Merkmal="1" Planquadrat="N&#xD;"/>
  <Strassen StrID="7741" StrName="Pasteurallee" StrPLZ="30655" OrtID="1" Merkmal="1" Planquadrat="N&#xD;"/>
  <Strassen StrID="7742" StrName="Pastor-Bartels-Weg" StrPLZ="30457" OrtID="1" Merkmal="1" Planquadrat="N&#xD;"/>
  <Strassen StrID="7743" StrName="Pastor-Gerhard-Dittrich-Weg" StrPLZ="30559" OrtID="1" Merkmal="1" Planquadrat="N&#xD;"/>
  <Strassen StrID="7744" StrName="Pastor-Jaeckel-Weg" OrtID="1" Merkmal="1" Planquadrat="N&#xD;"/>
  <Strassen StrID="7745" StrName="Pastor-Wehr-Weg" StrPLZ="30519" OrtID="1" Merkmal="1" Planquadrat="N&#xD;"/>
  <Strassen StrID="7746" StrName="Pater-Kolbe-Gang" StrPLZ="30457" OrtID="1" Merkmal="1" Planquadrat="N&#xD;"/>
  <Strassen StrID="7747" StrName="Paula-Nordhoff-Straße" StrPLZ="30629" OrtID="1" Merkmal="1" Planquadrat="N&#xD;"/>
  <Strassen StrID="7748" StrName="Paulingstraße" StrPLZ="30455" OrtID="1" Merkmal="1" Planquadrat="N&#xD;"/>
  <Strassen StrID="7749" StrName="Paulstraße" StrPLZ="30167" OrtID="1" Merkmal="1" Planquadrat="N&#xD;"/>
  <Strassen StrID="7750" StrName="Pavillonstraße" StrPLZ="30451" OrtID="1" Merkmal="1" Planquadrat="N&#xD;"/>
  <Strassen StrID="7751" StrName="Peiner Straße" StrPLZ="30519" OrtID="1" Merkmal="1" Planquadrat="N&#xD;"/>
  <Strassen StrID="7752" StrName="Pelikanstraße" StrPLZ="30177" OrtID="1" Merkmal="1" Planquadrat="N&#xD;"/>
  <Strassen StrID="7753" StrName="Peperfeld" StrPLZ="30457" OrtID="1" Merkmal="1" Planquadrat="N&#xD;"/>
  <Strassen StrID="7754" StrName="Perelsweg" StrPLZ="30457" OrtID="1" Merkmal="1" Planquadrat="N&#xD;"/>
  <Strassen StrID="7755" StrName="Perlstraße" StrPLZ="30161" OrtID="1" Merkmal="1" Planquadrat="N&#xD;"/>
  <Strassen StrID="7756" StrName="Permweg" StrPLZ="30455" OrtID="1" Merkmal="1" Planquadrat="N&#xD;"/>
  <Strassen StrID="7757" StrName="Pertzstraße" StrPLZ="30625" OrtID="1" Merkmal="1" Planquadrat="N&#xD;"/>
  <Strassen StrID="7759" StrName="Peter-Fechter-Ufer" OrtID="1" Merkmal="1" Planquadrat="N&#xD;"/>
  <Strassen StrID="7760" StrName="Peter-Köster-Straße" StrPLZ="30655" OrtID="1" Merkmal="1" Planquadrat="N&#xD;"/>
  <Strassen StrID="7761" StrName="Peter-Schneider-Weg" StrPLZ="30457" OrtID="1" Merkmal="1" Planquadrat="N&#xD;"/>
  <Strassen StrID="7762" StrName="Peter-Strasser-Allee" StrPLZ="30179" OrtID="1" Merkmal="1" Planquadrat="N&#xD;"/>
  <Strassen StrID="7763" StrName="Petremannstraße" StrPLZ="30455" OrtID="1" Merkmal="1" Planquadrat="N&#xD;"/>
  <Strassen StrID="7764" StrName="Petersilienstraße" StrPLZ="30559" OrtID="1" Merkmal="1" Planquadrat="N&#xD;"/>
  <Strassen StrID="7765" StrName="Petersstraße" StrPLZ="30165" OrtID="1" Merkmal="1" Planquadrat="N&#xD;"/>
  <Strassen StrID="7766" StrName="Peterswaldstraße" StrPLZ="30659" OrtID="1" Merkmal="1" Planquadrat="N&#xD;"/>
  <Strassen StrID="7767" StrName="Petit-Couronne-Straße" StrPLZ="30453" OrtID="1" Merkmal="1" Planquadrat="N&#xD;"/>
  <Strassen StrID="7768" StrName="Petristraße" StrPLZ="30449" OrtID="1" Merkmal="1" Planquadrat="N&#xD;"/>
  <Strassen StrID="7769" StrName="Pettenkoferstraße" StrPLZ="30165" OrtID="1" Merkmal="1" Planquadrat="N&#xD;"/>
  <Strassen StrID="7770" StrName="Pfalzstraße" StrPLZ="30173" OrtID="1" Merkmal="1" Planquadrat="N&#xD;"/>
  <Strassen StrID="7771" StrName="Pfarrlandplatz" StrPLZ="30451" OrtID="1" Merkmal="1" Planquadrat="N&#xD;"/>
  <Strassen StrID="7772" StrName="Pfarrlandstraße" StrPLZ="30451" OrtID="1" Merkmal="1" Planquadrat="N&#xD;"/>
  <Strassen StrID="7773" StrName="Pfarrstraße" StrPLZ="30459" OrtID="1" Merkmal="1" Planquadrat="N&#xD;"/>
  <Strassen StrID="7774" StrName="Pferdestraße" StrPLZ="30159" OrtID="1" Merkmal="1" Planquadrat="N&#xD;"/>
  <Strassen StrID="7775" StrName="Pferdeturm" OrtID="1" Merkmal="1" Planquadrat="N&#xD;"/>
  <Strassen StrID="7776" StrName="Pfitznerstraße" StrPLZ="30629" OrtID="1" Merkmal="1" Planquadrat="N&#xD;"/>
  <Strassen StrID="7777" StrName="Pflügerstraße" StrPLZ="30655" OrtID="1" Merkmal="1" Planquadrat="N&#xD;"/>
  <Strassen StrID="7778" StrName="Philipsbornstraße" StrPLZ="30165" OrtID="1" Merkmal="1" Planquadrat="N&#xD;"/>
  <Strassen StrID="7779" StrName="Pieperstraße" StrPLZ="30519" OrtID="1" Merkmal="1" Planquadrat="N&#xD;"/>
  <Strassen StrID="7780" StrName="Pilotystraße" StrPLZ="30173" OrtID="1" Merkmal="1" Planquadrat="N&#xD;"/>
  <Strassen StrID="7781" StrName="Pinkenburger Gang" StrPLZ="30655" OrtID="1" Merkmal="1" Planquadrat="N&#xD;"/>
  <Strassen StrID="7782" StrName="Pinkenburger Straße" StrPLZ="30655" OrtID="1" Merkmal="1" Planquadrat="N&#xD;"/>
  <Strassen StrID="7783" StrName="Pirmasenser Straße" StrPLZ="30559" OrtID="1" Merkmal="1" Planquadrat="N&#xD;"/>
  <Strassen StrID="7784" StrName="Pirolweg" StrPLZ="30627" OrtID="1" Merkmal="1" Planquadrat="N&#xD;"/>
  <Strassen StrID="7785" StrName="Planckstraße" StrPLZ="30169" OrtID="1" Merkmal="1" Planquadrat="N&#xD;"/>
  <Strassen StrID="7786" StrName="Planetenring" StrPLZ="30419" OrtID="1" Merkmal="1" Planquadrat="N&#xD;"/>
  <Strassen StrID="7787" StrName="Plantagenstraße" StrPLZ="30455" OrtID="1" Merkmal="1" Planquadrat="N&#xD;"/>
  <Strassen StrID="7788" StrName="Platanenhof" StrPLZ="30659" OrtID="1" Merkmal="1" Planquadrat="N&#xD;"/>
  <Strassen StrID="7789" StrName="Platenstraße" StrPLZ="30451" OrtID="1" Merkmal="1" Planquadrat="N&#xD;"/>
  <Strassen StrID="7790" StrName="Plathnerstraße" StrPLZ="30175" OrtID="1" Merkmal="1" Planquadrat="N&#xD;"/>
  <Strassen StrID="7791" StrName="Platz der Göttinger Sieben" StrPLZ="30159" OrtID="1" Merkmal="1" Planquadrat="N&#xD;"/>
  <Strassen StrID="7792" StrName="Platz der Kaufleute" StrPLZ="30175" OrtID="1" Merkmal="1" Planquadrat="N&#xD;"/>
  <Strassen StrID="7793" StrName="Plauener Straße" StrPLZ="30179" OrtID="1" Merkmal="1" Planquadrat="N&#xD;"/>
  <Strassen StrID="7794" StrName="Plengestraße" StrPLZ="30459" OrtID="1" Merkmal="1" Planquadrat="N&#xD;"/>
  <Strassen StrID="7795" StrName="Plettenbergstraße" StrPLZ="30457" OrtID="1" Merkmal="1" Planquadrat="N&#xD;"/>
  <Strassen StrID="7796" StrName="Plinkestraße" StrPLZ="30449" OrtID="1" Merkmal="1" Planquadrat="N&#xD;"/>
  <Strassen StrID="7797" StrName="Plüschowstraße" StrPLZ="30163" OrtID="1" Merkmal="1" Planquadrat="N&#xD;"/>
  <Strassen StrID="7798" StrName="Plutohof" StrPLZ="30419" OrtID="1" Merkmal="1" Planquadrat="N&#xD;"/>
  <Strassen StrID="7799" StrName="Podbielskistraße" StrHausBereich="1-37,2-34" StrPLZ="30163" OrtID="1" Merkmal="1" Planquadrat="N&#xD;"/>
  <Strassen StrID="7800" StrName="Podbielskistraße" StrHausBereich="217-301,230-344" StrPLZ="30655" OrtID="1" Merkmal="1" Planquadrat="N&#xD;"/>
  <Strassen StrID="7801" StrName="Podbielskistraße" StrHausBereich="311-339,348-400" StrPLZ="30659" OrtID="1" Merkmal="1" Planquadrat="N&#xD;"/>
  <Strassen StrID="7802" StrName="Podbielskistraße" StrHausBereich="36-216,39-215" StrPLZ="30177" OrtID="1" Merkmal="1" Planquadrat="N&#xD;"/>
  <Strassen StrID="7803" StrName="Poelzigweg" StrPLZ="30559" OrtID="1" Merkmal="1" Planquadrat="N&#xD;"/>
  <Strassen StrID="7804" StrName="Poggendiek" StrPLZ="30457" OrtID="1" Merkmal="1" Planquadrat="N&#xD;"/>
  <Strassen StrID="7805" StrName="Polziner Weg" StrPLZ="30627" OrtID="1" Merkmal="1" Planquadrat="N&#xD;"/>
  <Strassen StrID="7806" StrName="Pontenhof" StrPLZ="30519" OrtID="1" Merkmal="1" Planquadrat="N&#xD;"/>
  <Strassen StrID="7807" StrName="Porscheweg" StrPLZ="30165" OrtID="1" Merkmal="1" Planquadrat="N&#xD;"/>
  <Strassen StrID="7808" StrName="Porstweg" StrPLZ="30657" OrtID="1" Merkmal="1" Planquadrat="N&#xD;"/>
  <Strassen StrID="7809" StrName="Portlandstraße" StrPLZ="30629" OrtID="1" Merkmal="1" Planquadrat="N&#xD;"/>
  <Strassen StrID="7810" StrName="Posener Straße" StrPLZ="30659" OrtID="1" Merkmal="1" Planquadrat="N&#xD;"/>
  <Strassen StrID="7811" StrName="Posthornstraße" StrPLZ="30449" OrtID="1" Merkmal="1" Planquadrat="N&#xD;"/>
  <Strassen StrID="7812" StrName="Postkamp" StrPLZ="30159" OrtID="1" Merkmal="1" Planquadrat="N&#xD;"/>
  <Strassen StrID="7813" StrName="Potthof" StrPLZ="30159" OrtID="1" Merkmal="1" Planquadrat="N&#xD;"/>
  <Strassen StrID="7814" StrName="Praeteriusweg" StrPLZ="30655" OrtID="1" Merkmal="1" Planquadrat="N&#xD;"/>
  <Strassen StrID="7815" StrName="Prankeweg" StrPLZ="30419" OrtID="1" Merkmal="1" Planquadrat="N&#xD;"/>
  <Strassen StrID="7816" StrName="Pregelweg" StrPLZ="30559" OrtID="1" Merkmal="1" Planquadrat="N&#xD;"/>
  <Strassen StrID="7817" StrName="Prießweg" StrPLZ="30659" OrtID="1" Merkmal="1" Planquadrat="N&#xD;"/>
  <Strassen StrID="7818" StrName="Prinzenstraße" StrPLZ="30159" OrtID="1" Merkmal="1" Planquadrat="N&#xD;"/>
  <Strassen StrID="7819" StrName="Prüßentrift" StrPLZ="30657" OrtID="1" Merkmal="1" Planquadrat="N&#xD;"/>
  <Strassen StrID="7820" StrName="Prüßmannstraße" StrPLZ="30453" OrtID="1" Merkmal="1" Planquadrat="N&#xD;"/>
  <Strassen StrID="7821" StrName="Prußweg" StrPLZ="30165" OrtID="1" Merkmal="1" Planquadrat="N&#xD;"/>
  <Strassen StrID="7822" StrName="Pumpstraße" StrPLZ="30559" OrtID="1" Merkmal="1" Planquadrat="N&#xD;"/>
  <Strassen StrID="7823" StrName="Puritzweg" StrPLZ="30659" OrtID="1" Merkmal="1" Planquadrat="N&#xD;"/>
  <Strassen StrID="7824" StrName="Pyrmonter Straße" StrPLZ="30459" OrtID="1" Merkmal="1" Planquadrat="N&#xD;"/>
  <Strassen StrID="7825" StrName="Quantelholz" StrPLZ="30419" OrtID="1" Merkmal="1" Planquadrat="N&#xD;"/>
  <Strassen StrID="7826" StrName="Quarzweg" StrPLZ="30455" OrtID="1" Merkmal="1" Planquadrat="N&#xD;"/>
  <Strassen StrID="7827" StrName="Quedlinburger Weg" StrPLZ="30419" OrtID="1" Merkmal="1" Planquadrat="N&#xD;"/>
  <Strassen StrID="7828" StrName="Quellengrund" StrPLZ="30453" OrtID="1" Merkmal="1" Planquadrat="N&#xD;"/>
  <Strassen StrID="7829" StrName="Quendelring" StrPLZ="30655" OrtID="1" Merkmal="1" Planquadrat="N&#xD;"/>
  <Strassen StrID="7830" StrName="Querstraße" StrPLZ="30519" OrtID="1" Merkmal="1" Planquadrat="N&#xD;"/>
  <Strassen StrID="7831" StrName="Quirrestraße" StrPLZ="30451" OrtID="1" Merkmal="1" Planquadrat="N&#xD;"/>
  <Strassen StrID="7832" StrName="Quittengarten" StrPLZ="30539" OrtID="1" Merkmal="1" Planquadrat="N&#xD;"/>
  <Strassen StrID="7833" StrName="Raabestraße" StrPLZ="30177" OrtID="1" Merkmal="1" Planquadrat="N&#xD;"/>
  <Strassen StrID="7834" StrName="Rabenhorst" StrPLZ="30657" OrtID="1" Merkmal="1" Planquadrat="N&#xD;"/>
  <Strassen StrID="7835" StrName="Radebeuler Hof" StrPLZ="30179" OrtID="1" Merkmal="1" Planquadrat="N&#xD;"/>
  <Strassen StrID="7836" StrName="Raffaelstraße" StrPLZ="30177" OrtID="1" Merkmal="1" Planquadrat="N&#xD;"/>
  <Strassen StrID="7837" StrName="Rahlfskamp" StrPLZ="30659" OrtID="1" Merkmal="1" Planquadrat="N&#xD;"/>
  <Strassen StrID="7838" StrName="Raiffeisenstraße" StrPLZ="30161" OrtID="1" Merkmal="1" Planquadrat="N&#xD;"/>
  <Strassen StrID="7839" StrName="Raimundstraße" StrPLZ="30173" OrtID="1" Merkmal="1" Planquadrat="N&#xD;"/>
  <Strassen StrID="7840" StrName="Rambergstraße" StrPLZ="30161" OrtID="1" Merkmal="1" Planquadrat="N&#xD;"/>
  <Strassen StrID="7841" StrName="Rampenstraße" StrPLZ="30449" OrtID="1" Merkmal="1" Planquadrat="N&#xD;"/>
  <Strassen StrID="7842" StrName="Rankenstraße" StrPLZ="30419" OrtID="1" Merkmal="1" Planquadrat="N&#xD;"/>
  <Strassen StrID="7843" StrName="Rapunzelweg" StrPLZ="30179" OrtID="1" Merkmal="1" Planquadrat="N&#xD;"/>
  <Strassen StrID="7844" StrName="Raschplatz" StrPLZ="30161" OrtID="1" Merkmal="1" Planquadrat="N&#xD;"/>
  <Strassen StrID="7845" StrName="Raschplatzhochstraße" StrPLZ="30161" OrtID="1" Merkmal="1" Planquadrat="N&#xD;"/>
  <Strassen StrID="7846" StrName="Rathenaustraße" StrPLZ="30159" OrtID="1" Merkmal="1" Planquadrat="N&#xD;"/>
  <Strassen StrID="7847" StrName="Rathingstraße" StrPLZ="30559" OrtID="1" Merkmal="1" Planquadrat="N&#xD;"/>
  <Strassen StrID="7848" StrName="Ratiborer Weg" StrPLZ="30519" OrtID="1" Merkmal="1" Planquadrat="N&#xD;"/>
  <Strassen StrID="7849" StrName="Ratswiese" StrPLZ="30453" OrtID="1" Merkmal="1" Planquadrat="N&#xD;"/>
  <Strassen StrID="7850" StrName="Raupertstraße" StrPLZ="30539" OrtID="1" Merkmal="1" Planquadrat="N&#xD;"/>
  <Strassen StrID="7851" StrName="Rauschenplatstraße" StrPLZ="30659" OrtID="1" Merkmal="1" Planquadrat="N&#xD;"/>
  <Strassen StrID="7852" StrName="Rautenstraße" StrPLZ="30171" OrtID="1" Merkmal="1" Planquadrat="N&#xD;"/>
  <Strassen StrID="7853" StrName="Rebhuhnfeld" StrPLZ="30455" OrtID="1" Merkmal="1" Planquadrat="N&#xD;"/>
  <Strassen StrID="7854" StrName="Redeckerstraße" StrPLZ="30165" OrtID="1" Merkmal="1" Planquadrat="N&#xD;"/>
  <Strassen StrID="7855" StrName="Redenstraße" StrPLZ="30171" OrtID="1" Merkmal="1" Planquadrat="N&#xD;"/>
  <Strassen StrID="7856" StrName="Regaweg" StrPLZ="30559" OrtID="1" Merkmal="1" Planquadrat="N&#xD;"/>
  <Strassen StrID="7857" StrName="Regenwalder Straße" StrPLZ="30629" OrtID="1" Merkmal="1" Planquadrat="N&#xD;"/>
  <Strassen StrID="7858" StrName="Rehagen" StrPLZ="30165" OrtID="1" Merkmal="1" Planquadrat="N&#xD;"/>
  <Strassen StrID="7859" StrName="Rehbergstraße" StrPLZ="30173" OrtID="1" Merkmal="1" Planquadrat="N&#xD;"/>
  <Strassen StrID="7860" StrName="Rehbockstraße" StrPLZ="30167" OrtID="1" Merkmal="1" Planquadrat="N&#xD;"/>
  <Strassen StrID="7861" StrName="Rehmer Feld" StrPLZ="30655" OrtID="1" Merkmal="1" Planquadrat="N&#xD;"/>
  <Strassen StrID="7862" StrName="Rehwinkel" StrPLZ="30629" OrtID="1" Merkmal="1" Planquadrat="N&#xD;"/>
  <Strassen StrID="7863" StrName="Reichenberger Straße" StrPLZ="30559" OrtID="1" Merkmal="1" Planquadrat="N&#xD;"/>
  <Strassen StrID="7864" StrName="Reicherthof" StrPLZ="30457" OrtID="1" Merkmal="1" Planquadrat="N&#xD;"/>
  <Strassen StrID="7865" StrName="Reichhelmstraße" StrPLZ="30519" OrtID="1" Merkmal="1" Planquadrat="N&#xD;"/>
  <Strassen StrID="7866" StrName="Reichweinweg" StrPLZ="30457" OrtID="1" Merkmal="1" Planquadrat="N&#xD;"/>
  <Strassen StrID="7867" StrName="Reiherstieg" StrPLZ="30627" OrtID="1" Merkmal="1" Planquadrat="N&#xD;"/>
  <Strassen StrID="7868" StrName="Reinbothweg" StrPLZ="30519" OrtID="1" Merkmal="1" Planquadrat="N&#xD;"/>
  <Strassen StrID="7869" StrName="Reineckeweg" StrPLZ="30659" OrtID="1" Merkmal="1" Planquadrat="N&#xD;"/>
  <Strassen StrID="7870" StrName="Reinholdstraße" StrPLZ="30167" OrtID="1" Merkmal="1" Planquadrat="N&#xD;"/>
  <Strassen StrID="7871" StrName="Reitwallstraße" StrPLZ="30159" OrtID="1" Merkmal="1" Planquadrat="N&#xD;"/>
  <Strassen StrID="7872" StrName="Remarqueweg" StrPLZ="30455" OrtID="1" Merkmal="1" Planquadrat="N&#xD;"/>
  <Strassen StrID="7873" StrName="Rembrandtstraße" StrPLZ="30177" OrtID="1" Merkmal="1" Planquadrat="N&#xD;"/>
  <Strassen StrID="7874" StrName="Rembrandtweg" StrPLZ="30457" OrtID="1" Merkmal="1" Planquadrat="N&#xD;"/>
  <Strassen StrID="7875" StrName="Rendsburger Straße" StrPLZ="30659" OrtID="1" Merkmal="1" Planquadrat="N&#xD;"/>
  <Strassen StrID="7876" StrName="Renneberghof" StrPLZ="30659" OrtID="1" Merkmal="1" Planquadrat="N&#xD;"/>
  <Strassen StrID="7877" StrName="Reßmeyerhof" StrPLZ="30659" OrtID="1" Merkmal="1" Planquadrat="N&#xD;"/>
  <Strassen StrID="7878" StrName="Rethener Straße" StrPLZ="30519" OrtID="1" Merkmal="1" Planquadrat="N&#xD;"/>
  <Strassen StrID="7879" StrName="Reuterstraße" StrPLZ="30159" OrtID="1" Merkmal="1" Planquadrat="N&#xD;"/>
  <Strassen StrID="7880" StrName="Revaler Straße" StrPLZ="30419" OrtID="1" Merkmal="1" Planquadrat="N&#xD;"/>
  <Strassen StrID="7881" StrName="Rheinstraße" StrPLZ="30519" OrtID="1" Merkmal="1" Planquadrat="N&#xD;"/>
  <Strassen StrID="7882" StrName="Rhönweg" StrPLZ="30657" OrtID="1" Merkmal="1" Planquadrat="N&#xD;"/>
  <Strassen StrID="7883" StrName="Rhumeweg" StrPLZ="30419" OrtID="1" Merkmal="1" Planquadrat="N&#xD;"/>
  <Strassen StrID="7884" StrName="Ricarda-Huch-Weg" OrtID="1" Merkmal="1" Planquadrat="N&#xD;"/>
  <Strassen StrID="7885" StrName="Richard-Lattorf-Straße" StrPLZ="30453" OrtID="1" Merkmal="1" Planquadrat="N&#xD;"/>
  <Strassen StrID="7886" StrName="Richard-Partzsch-Weg" StrPLZ="30455" OrtID="1" Merkmal="1" Planquadrat="N&#xD;"/>
  <Strassen StrID="7887" StrName="Richard-Wagner-Straße" StrPLZ="30177" OrtID="1" Merkmal="1" Planquadrat="O8&#xD;&#xA;"/>
  <Strassen StrID="7889" StrName="Richartzstraße" StrPLZ="30519" OrtID="1" Merkmal="1" Planquadrat="N&#xD;"/>
  <Strassen StrID="7890" StrName="Richthofenstraße" StrPLZ="30163" OrtID="1" Merkmal="1" Planquadrat="N&#xD;"/>
  <Strassen StrID="7891" StrName="Ricklinger Kreisel" OrtID="1" Merkmal="1" Planquadrat="N&#xD;"/>
  <Strassen StrID="7892" StrName="Ricklinger Stadtweg" StrPLZ="30459" OrtID="1" Merkmal="1" Planquadrat="N&#xD;"/>
  <Strassen StrID="7893" StrName="Ricklinger Straße" StrPLZ="30449" OrtID="1" Merkmal="1" Planquadrat="N&#xD;"/>
  <Strassen StrID="7894" StrName="Riechersstraße" StrPLZ="30455" OrtID="1" Merkmal="1" Planquadrat="N&#xD;"/>
  <Strassen StrID="7895" StrName="Rieckenbergstraße" StrPLZ="30419" OrtID="1" Merkmal="1" Planquadrat="N&#xD;"/>
  <Strassen StrID="7896" StrName="Riedgrasweg" StrPLZ="30657" OrtID="1" Merkmal="1" Planquadrat="N&#xD;"/>
  <Strassen StrID="7897" StrName="Riepestraße" StrPLZ="30519" OrtID="1" Merkmal="1" Planquadrat="N&#xD;"/>
  <Strassen StrID="7898" StrName="Riethorst" StrPLZ="30659" OrtID="1" Merkmal="1" Planquadrat="N&#xD;"/>
  <Strassen StrID="7899" StrName="Rigaer Straße" StrPLZ="30419" OrtID="1" Merkmal="1" Planquadrat="N&#xD;"/>
  <Strassen StrID="7900" StrName="Rimpaustraße" StrPLZ="30173" OrtID="1" Merkmal="1" Planquadrat="N&#xD;"/>
  <Strassen StrID="7901" StrName="Ringelnatzweg" StrPLZ="30419" OrtID="1" Merkmal="1" Planquadrat="N&#xD;"/>
  <Strassen StrID="7902" StrName="Ringstraße" StrPLZ="30457" OrtID="1" Merkmal="1" Planquadrat="N&#xD;"/>
  <Strassen StrID="7903" StrName="Rintelner Straße" StrPLZ="30459" OrtID="1" Merkmal="1" Planquadrat="N&#xD;"/>
  <Strassen StrID="7904" StrName="Rischkamp" StrPLZ="30659" OrtID="1" Merkmal="1" Planquadrat="N&#xD;"/>
  <Strassen StrID="7905" StrName="Rischweg" StrPLZ="30559" OrtID="1" Merkmal="1" Planquadrat="N&#xD;"/>
  <Strassen StrID="7906" StrName="Rischwiesen" StrPLZ="30659" OrtID="1" Merkmal="1" Planquadrat="N&#xD;"/>
  <Strassen StrID="7907" StrName="Ritter-Brüning-Straße" StrPLZ="30449" OrtID="1" Merkmal="1" Planquadrat="N&#xD;"/>
  <Strassen StrID="7908" StrName="Ritterspornweg" StrPLZ="30655" OrtID="1" Merkmal="1" Planquadrat="N&#xD;"/>
  <Strassen StrID="7909" StrName="Ritterstraße" StrPLZ="30165" OrtID="1" Merkmal="1" Planquadrat="N&#xD;"/>
  <Strassen StrID="7910" StrName="Robert-Koch-Platz" StrPLZ="30173" OrtID="1" Merkmal="1" Planquadrat="N&#xD;"/>
  <Strassen StrID="7911" StrName="Robertstraße" StrPLZ="30161" OrtID="1" Merkmal="1" Planquadrat="N&#xD;"/>
  <Strassen StrID="7912" StrName="Röblingweg" StrPLZ="30519" OrtID="1" Merkmal="1" Planquadrat="N&#xD;"/>
  <Strassen StrID="7913" StrName="Rodbraken" StrPLZ="30459" OrtID="1" Merkmal="1" Planquadrat="N&#xD;"/>
  <Strassen StrID="7914" StrName="Rodbrakenhof" StrPLZ="30459" OrtID="1" Merkmal="1" Planquadrat="N&#xD;"/>
  <Strassen StrID="7915" StrName="Rodenberger Straße" StrPLZ="30459" OrtID="1" Merkmal="1" Planquadrat="N&#xD;"/>
  <Strassen StrID="7916" StrName="Rodenstraße" StrPLZ="30451" OrtID="1" Merkmal="1" Planquadrat="N&#xD;"/>
  <Strassen StrID="7917" StrName="Roderbruchmarkt" StrPLZ="30627" OrtID="1" Merkmal="1" Planquadrat="N&#xD;"/>
  <Strassen StrID="7918" StrName="Roderbruchstraße" StrPLZ="30655" OrtID="1" Merkmal="1" Planquadrat="N&#xD;"/>
  <Strassen StrID="7919" StrName="Rodewaldstraße" StrPLZ="30625" OrtID="1" Merkmal="1" Planquadrat="N&#xD;"/>
  <Strassen StrID="7920" StrName="Rodewinkel" StrPLZ="30627" OrtID="1" Merkmal="1" Planquadrat="N&#xD;"/>
  <Strassen StrID="7921" StrName="Roemerhof" StrPLZ="30455" OrtID="1" Merkmal="1" Planquadrat="N&#xD;"/>
  <Strassen StrID="7922" StrName="Roesebeckstraße" StrPLZ="30449" OrtID="1" Merkmal="1" Planquadrat="N&#xD;"/>
  <Strassen StrID="7923" StrName="Rohlfsstraße" StrPLZ="30455" OrtID="1" Merkmal="1" Planquadrat="N&#xD;"/>
  <Strassen StrID="7924" StrName="Röhrbeinweg" StrPLZ="30453" OrtID="1" Merkmal="1" Planquadrat="N&#xD;"/>
  <Strassen StrID="7925" StrName="Röhrichtweg" StrPLZ="30559" OrtID="1" Merkmal="1" Planquadrat="N&#xD;"/>
  <Strassen StrID="7926" StrName="Rohrskamp" StrPLZ="30459" OrtID="1" Merkmal="1" Planquadrat="N&#xD;"/>
  <Strassen StrID="7927" StrName="Rolandstraße" StrPLZ="30161" OrtID="1" Merkmal="1" Planquadrat="N&#xD;"/>
  <Strassen StrID="7928" StrName="Rominteweg" StrPLZ="30559" OrtID="1" Merkmal="1" Planquadrat="N&#xD;"/>
  <Strassen StrID="7929" StrName="Roncallihof" StrPLZ="30459" OrtID="1" Merkmal="1" Planquadrat="N&#xD;"/>
  <Strassen StrID="7930" StrName="Rönnegang" StrPLZ="30457" OrtID="1" Merkmal="1" Planquadrat="N&#xD;"/>
  <Strassen StrID="7931" StrName="Rönnehof" StrPLZ="30457" OrtID="1" Merkmal="1" Planquadrat="N&#xD;"/>
  <Strassen StrID="7932" StrName="Ronnenberger Straße" StrPLZ="30459" OrtID="1" Merkmal="1" Planquadrat="N&#xD;"/>
  <Strassen StrID="7933" StrName="Röntgenstraße" StrPLZ="30163" OrtID="1" Merkmal="1" Planquadrat="N&#xD;"/>
  <Strassen StrID="7934" StrName="Roonstraße" StrHausBereich="1-9,2-8,22-28,23-27" StrPLZ="30161" OrtID="1" Merkmal="1" Planquadrat="N&#xD;"/>
  <Strassen StrID="7935" StrName="Roonstraße" StrHausBereich="10-20,11-21" StrPLZ="30163" OrtID="1" Merkmal="1" Planquadrat="N&#xD;"/>
  <Strassen StrID="7936" StrName="Röpkestraße" StrPLZ="30173" OrtID="1" Merkmal="1" Planquadrat="N&#xD;"/>
  <Strassen StrID="7937" StrName="Roscherstraße" StrPLZ="30161" OrtID="1" Merkmal="1" Planquadrat="N&#xD;"/>
  <Strassen StrID="7938" StrName="Roseggerstraße" StrPLZ="30173" OrtID="1" Merkmal="1" Planquadrat="N&#xD;"/>
  <Strassen StrID="7939" StrName="Röselerstraße" StrPLZ="30159" OrtID="1" Merkmal="1" Planquadrat="N&#xD;"/>
  <Strassen StrID="7940" StrName="Rosemeyerstraße" StrPLZ="30459" OrtID="1" Merkmal="1" Planquadrat="N&#xD;"/>
  <Strassen StrID="7941" StrName="Rosenbergplatz" StrPLZ="30163" OrtID="1" Merkmal="1" Planquadrat="N&#xD;"/>
  <Strassen StrID="7942" StrName="Rosenbergstraße" StrPLZ="30163" OrtID="1" Merkmal="1" Planquadrat="N&#xD;"/>
  <Strassen StrID="7943" StrName="Rosenbuschgang" StrPLZ="30519" OrtID="1" Merkmal="1" Planquadrat="N&#xD;"/>
  <Strassen StrID="7944" StrName="Rosenbuschweg" StrPLZ="30453" OrtID="1" Merkmal="1" Planquadrat="N&#xD;"/>
  <Strassen StrID="7945" StrName="Rosenfeststraße" StrPLZ="30629" OrtID="1" Merkmal="1" Planquadrat="N&#xD;"/>
  <Strassen StrID="7946" StrName="Rosenrotweg" StrPLZ="30179" OrtID="1" Merkmal="1" Planquadrat="N&#xD;"/>
  <Strassen StrID="7947" StrName="Rosenstraße" StrPLZ="30159" OrtID="1" Merkmal="1" Planquadrat="N&#xD;"/>
  <Strassen StrID="7948" StrName="Rosenthalweg" StrPLZ="30655" OrtID="1" Merkmal="1" Planquadrat="N&#xD;"/>
  <Strassen StrID="7949" StrName="Rosenweg" StrPLZ="30627" OrtID="1" Merkmal="1" Planquadrat="N&#xD;"/>
  <Strassen StrID="7950" StrName="Rosenweg" StrPLZ="30457" OrtID="1" Merkmal="1" Planquadrat="N&#xD;"/>
  <Strassen StrID="7951" StrName="Roskildehof" StrPLZ="30457" OrtID="1" Merkmal="1" Planquadrat="N&#xD;"/>
  <Strassen StrID="7952" StrName="Rosmarinhof" StrPLZ="30169" OrtID="1" Merkmal="1" Planquadrat="N&#xD;"/>
  <Strassen StrID="7953" StrName="Rosmarinweg" OrtID="1" Merkmal="1" Planquadrat="N&#xD;"/>
  <Strassen StrID="7954" StrName="Rossiter Weg" StrPLZ="30657" OrtID="1" Merkmal="1" Planquadrat="N&#xD;"/>
  <Strassen StrID="7955" StrName="Roßkamphof" StrPLZ="30519" OrtID="1" Merkmal="1" Planquadrat="N&#xD;"/>
  <Strassen StrID="7956" StrName="Roßkampstraße" StrPLZ="30519" OrtID="1" Merkmal="1" Planquadrat="N&#xD;"/>
  <Strassen StrID="7957" StrName="Roßmühle" OrtID="1" Merkmal="1" Planquadrat="N&#xD;"/>
  <Strassen StrID="7958" StrName="Rostocker Straße" StrPLZ="30625" OrtID="1" Merkmal="1" Planquadrat="N&#xD;"/>
  <Strassen StrID="7959" StrName="Rote Reihe" StrPLZ="30169" OrtID="1" Merkmal="1" Planquadrat="N&#xD;"/>
  <Strassen StrID="7960" StrName="Rotekreuzstraße" StrPLZ="30627" OrtID="1" Merkmal="1" Planquadrat="N&#xD;"/>
  <Strassen StrID="7961" StrName="Rotenburger Straße" StrPLZ="30659" OrtID="1" Merkmal="1" Planquadrat="N&#xD;"/>
  <Strassen StrID="7962" StrName="Roter Sand" StrPLZ="30163" OrtID="1" Merkmal="1" Planquadrat="N&#xD;"/>
  <Strassen StrID="7963" StrName="Rotermundstraße" StrPLZ="30165" OrtID="1" Merkmal="1" Planquadrat="N&#xD;"/>
  <Strassen StrID="7964" StrName="Rothaarweg" StrPLZ="30657" OrtID="1" Merkmal="1" Planquadrat="N&#xD;"/>
  <Strassen StrID="7965" StrName="Rothenfelderstraße" StrPLZ="30455" OrtID="1" Merkmal="1" Planquadrat="N&#xD;"/>
  <Strassen StrID="7966" StrName="Rothwiese" StrPLZ="30559" OrtID="1" Merkmal="1" Planquadrat="N&#xD;"/>
  <Strassen StrID="7967" StrName="Rotkäppchenweg" StrPLZ="30179" OrtID="1" Merkmal="1" Planquadrat="N&#xD;"/>
  <Strassen StrID="7968" StrName="Rotkehlchenweg" StrPLZ="30627" OrtID="1" Merkmal="1" Planquadrat="N&#xD;"/>
  <Strassen StrID="7969" StrName="Röttgerstraße" StrPLZ="30451" OrtID="1" Merkmal="1" Planquadrat="N&#xD;"/>
  <Strassen StrID="7970" StrName="Rübekamp" StrPLZ="30165" OrtID="1" Merkmal="1" Planquadrat="N&#xD;"/>
  <Strassen StrID="7971" StrName="Rubensstraße" StrPLZ="30177" OrtID="1" Merkmal="1" Planquadrat="N&#xD;"/>
  <Strassen StrID="7972" StrName="Rübezahlplatz" StrPLZ="30519" OrtID="1" Merkmal="1" Planquadrat="N&#xD;"/>
  <Strassen StrID="7973" StrName="Rückertstraße" StrPLZ="30169" OrtID="1" Merkmal="1" Planquadrat="N&#xD;"/>
  <Strassen StrID="7974" StrName="Rüdenbergweg" StrPLZ="30519" OrtID="1" Merkmal="1" Planquadrat="N&#xD;"/>
  <Strassen StrID="7975" StrName="Rüdigerweg" StrPLZ="30455" OrtID="1" Merkmal="1" Planquadrat="N&#xD;"/>
  <Strassen StrID="7976" StrName="Rudolf-Diesel-Weg" StrPLZ="30419" OrtID="1" Merkmal="1" Planquadrat="N&#xD;"/>
  <Strassen StrID="7977" StrName="Rudolf-von-Bennigsen-Ufer" StrHausBereich="2,22" StrPLZ="30169" OrtID="1" Merkmal="1" Planquadrat="N&#xD;"/>
  <Strassen StrID="7978" StrName="Rudolf-von-Bennigsen-Ufer" StrHausBereich="6,70-70c" StrPLZ="30173" OrtID="1" Merkmal="1" Planquadrat="N&#xD;"/>
  <Strassen StrID="7979" StrName="Rudolf-von-Bennigsen-Ufer" StrHausBereich="81-81a" StrPLZ="30519" OrtID="1" Merkmal="1" Planquadrat="N&#xD;"/>
  <Strassen StrID="7980" StrName="Rudolfstraße" StrPLZ="30457" OrtID="1" Merkmal="1" Planquadrat="N&#xD;"/>
  <Strassen StrID="7981" StrName="Rudorffstraße" StrPLZ="30459" OrtID="1" Merkmal="1" Planquadrat="N&#xD;"/>
  <Strassen StrID="7982" StrName="Rügener Straße" StrPLZ="30419" OrtID="1" Merkmal="1" Planquadrat="N&#xD;"/>
  <Strassen StrID="7983" StrName="Rühlmannstraße" StrPLZ="30167" OrtID="1" Merkmal="1" Planquadrat="N&#xD;"/>
  <Strassen StrID="7984" StrName="Rühmkorffstraße" StrPLZ="30163" OrtID="1" Merkmal="1" Planquadrat="N&#xD;"/>
  <Strassen StrID="7985" StrName="Rumannstraße" StrPLZ="30161" OrtID="1" Merkmal="1" Planquadrat="N&#xD;"/>
  <Strassen StrID="7986" StrName="Rumpelstilzchenweg" StrPLZ="30179" OrtID="1" Merkmal="1" Planquadrat="N&#xD;"/>
  <Strassen StrID="7987" StrName="Rundestraße" StrPLZ="30161" OrtID="1" Merkmal="1" Planquadrat="N&#xD;"/>
  <Strassen StrID="7988" StrName="Rundshorn" StrPLZ="30419" OrtID="1" Merkmal="1" Planquadrat="N&#xD;"/>
  <Strassen StrID="7989" StrName="Rupsteinstraße" StrPLZ="30625" OrtID="1" Merkmal="1" Planquadrat="N&#xD;"/>
  <Strassen StrID="7990" StrName="Rüsterburg" StrPLZ="30173" OrtID="1" Merkmal="1" Planquadrat="N&#xD;"/>
  <Strassen StrID="7991" StrName="Rutenbergstraße" StrPLZ="30559" OrtID="1" Merkmal="1" Planquadrat="N&#xD;"/>
  <Strassen StrID="7992" StrName="Rüterwiese" StrPLZ="30539" OrtID="1" Merkmal="1" Planquadrat="N&#xD;"/>
  <Strassen StrID="7993" StrName="Leipziger Straße" StrPLZ="31303" OrtID="20" Merkmal="1" Planquadrat="N&#xD;"/>
  <Strassen StrID="7994" StrName="Oberbrunnerstraße" StrPLZ="81475" OrtID="225" Merkmal="1" Planquadrat="N&#xD;"/>
  <Strassen StrID="7995" StrName="Moorkamp" StrPLZ="30826" OrtID="149" Merkmal="1" Planquadrat="N&#xD;"/>
  <Strassen StrID="7996" StrName="Dorotheenstr." StrPLZ="22301" OrtID="39" Merkmal="1" Planquadrat="N&#xD;"/>
  <Strassen StrID="7997" StrName="Wilhelm-Hauff-Straße" StrPLZ="30880" OrtID="200" Merkmal="1" Planquadrat="N&#xD;"/>
  <Strassen StrID="7998" StrName="Steinbrecherstraße" StrPLZ="38106" OrtID="8" Merkmal="1" Planquadrat="N&#xD;"/>
  <Strassen StrID="7999" StrName="Weetzener Straße" StrPLZ="30989" OrtID="5" Merkmal="1" Planquadrat="N&#xD;"/>
  <Strassen StrID="8000" StrName="Werlohweg" StrPLZ="30916" OrtID="1" Merkmal="1" Planquadrat="N&#xD;"/>
  <Strassen StrID="8001" StrName="Friedrichstraße" StrPLZ="30890" OrtID="2" Merkmal="1" Planquadrat="N&#xD;"/>
  <Strassen StrID="8003" StrName="Obere Straße" StrPLZ="30890" OrtID="2" Merkmal="1" Planquadrat="N&#xD;"/>
  <Strassen StrID="8004" StrName="Hägerwisch" StrPLZ="30823" OrtID="149" Merkmal="1" Planquadrat="N&#xD;"/>
  <Strassen StrID="8005" StrName="Schürbusch" StrPLZ="48163" OrtID="45" Merkmal="1" Planquadrat="N&#xD;"/>
  <Strassen StrID="8006" StrName="Saaleweg" StrPLZ="30179" OrtID="1" Merkmal="1" Planquadrat="N&#xD;"/>
  <Strassen StrID="8007" StrName="Saarbrückener Straße" StrPLZ="30559" OrtID="1" Merkmal="1" Planquadrat="N&#xD;"/>
  <Strassen StrID="8008" StrName="Saarstraße" StrPLZ="30173" OrtID="1" Merkmal="1" Planquadrat="N&#xD;"/>
  <Strassen StrID="8009" StrName="Sachsenhain" StrPLZ="30657" OrtID="1" Merkmal="1" Planquadrat="N&#xD;"/>
  <Strassen StrID="8010" StrName="Sachsenhof" StrPLZ="30179" OrtID="1" Merkmal="1" Planquadrat="N&#xD;"/>
  <Strassen StrID="8011" StrName="Sackmannstraße" StrPLZ="30453" OrtID="1" Merkmal="1" Planquadrat="N&#xD;"/>
  <Strassen StrID="8012" StrName="Sadebuschstraße" StrPLZ="30419" OrtID="1" Merkmal="1" Planquadrat="N&#xD;"/>
  <Strassen StrID="8013" StrName="Safariweg" StrPLZ="30455" OrtID="1" Merkmal="1" Planquadrat="N&#xD;"/>
  <Strassen StrID="8014" StrName="Saganer Weg" StrPLZ="30519" OrtID="1" Merkmal="1" Planquadrat="N&#xD;"/>
  <Strassen StrID="8015" StrName="Sahlkamp" StrHausBereich="1-149,2-154" StrPLZ="30179" OrtID="1" Merkmal="1" Planquadrat="N&#xD;"/>
  <Strassen StrID="8016" StrName="Sahlkamp" StrHausBereich="151-Ende,156-Ende" StrPLZ="30657" OrtID="1" Merkmal="1" Planquadrat="N&#xD;"/>
  <Strassen StrID="8017" StrName="Sahlkampmarkt" StrPLZ="30657" OrtID="1" Merkmal="1" Planquadrat="N&#xD;"/>
  <Strassen StrID="8018" StrName="Salamancaweg" StrPLZ="30163" OrtID="1" Merkmal="1" Planquadrat="N&#xD;"/>
  <Strassen StrID="8019" StrName="Salbeiweg" StrPLZ="30659" OrtID="1" Merkmal="1" Planquadrat="N&#xD;"/>
  <Strassen StrID="8020" StrName="Saldernstraße" StrPLZ="30559" OrtID="1" Merkmal="1" Planquadrat="N&#xD;"/>
  <Strassen StrID="8021" StrName="Salfeldstraße" StrPLZ="30625" OrtID="1" Merkmal="1" Planquadrat="N&#xD;"/>
  <Strassen StrID="8022" StrName="Salinenstraße" StrPLZ="30455" OrtID="1" Merkmal="1" Planquadrat="N&#xD;"/>
  <Strassen StrID="8023" StrName="Sallstraße" StrPLZ="30171" OrtID="1" Merkmal="1" Planquadrat="N&#xD;"/>
  <Strassen StrID="8024" StrName="Salzburger Straße" StrPLZ="30519" OrtID="1" Merkmal="1" Planquadrat="N&#xD;"/>
  <Strassen StrID="8025" StrName="Salzdetfurther Straße" StrPLZ="30455" OrtID="1" Merkmal="1" Planquadrat="N&#xD;"/>
  <Strassen StrID="8026" StrName="Salzhemmendorfer Straße" StrPLZ="30455" OrtID="1" Merkmal="1" Planquadrat="N&#xD;"/>
  <Strassen StrID="8027" StrName="Salzmannstraße" StrPLZ="30451" OrtID="1" Merkmal="1" Planquadrat="N&#xD;"/>
  <Strassen StrID="8028" StrName="Salzwedeler Hof" StrPLZ="30179" OrtID="1" Merkmal="1" Planquadrat="N&#xD;"/>
  <Strassen StrID="8029" StrName="Salzwedeler Straße" StrPLZ="30179" OrtID="1" Merkmal="1" Planquadrat="N&#xD;"/>
  <Strassen StrID="8030" StrName="Salzweg" StrPLZ="30455" OrtID="1" Merkmal="1" Planquadrat="N&#xD;"/>
  <Strassen StrID="8031" StrName="Salzwiesen" StrPLZ="30455" OrtID="1" Merkmal="1" Planquadrat="N&#xD;"/>
  <Strassen StrID="8032" StrName="Samlandweg" StrPLZ="30657" OrtID="1" Merkmal="1" Planquadrat="N&#xD;"/>
  <Strassen StrID="8033" StrName="Samlandweg" StrPLZ="30627" OrtID="1" Merkmal="1" Planquadrat="N&#xD;"/>
  <Strassen StrID="8034" StrName="Sandbrink" StrPLZ="30657" OrtID="1" Merkmal="1" Planquadrat="N&#xD;"/>
  <Strassen StrID="8035" StrName="Sanddorn" StrPLZ="30655" OrtID="1" Merkmal="1" Planquadrat="N&#xD;"/>
  <Strassen StrID="8036" StrName="Sandsteinweg" StrPLZ="30455" OrtID="1" Merkmal="1" Planquadrat="N&#xD;"/>
  <Strassen StrID="8037" StrName="Sandstraße" StrPLZ="30629" OrtID="1" Merkmal="1" Planquadrat="N&#xD;"/>
  <Strassen StrID="8038" StrName="Sandstraße" StrPLZ="30167" OrtID="1" Merkmal="1" Planquadrat="N&#xD;"/>
  <Strassen StrID="8039" StrName="Sankt-Ingbert-Weg" StrPLZ="30559" OrtID="1" Merkmal="1" Planquadrat="N&#xD;"/>
  <Strassen StrID="8040" StrName="Sankt-Wendel-Weg" StrPLZ="30559" OrtID="1" Merkmal="1" Planquadrat="N&#xD;"/>
  <Strassen StrID="8041" StrName="Sarstedter Straße" StrPLZ="30519" OrtID="1" Merkmal="1" Planquadrat="N&#xD;"/>
  <Strassen StrID="8042" StrName="Sauerbruchweg" StrPLZ="30655" OrtID="1" Merkmal="1" Planquadrat="N&#xD;"/>
  <Strassen StrID="8043" StrName="Sauerdorn" StrPLZ="30655" OrtID="1" Merkmal="1" Planquadrat="N&#xD;"/>
  <Strassen StrID="8044" StrName="Sauerweinstraße" StrPLZ="30167" OrtID="1" Merkmal="1" Planquadrat="N&#xD;"/>
  <Strassen StrID="8045" StrName="Savannenweg" StrPLZ="30455" OrtID="1" Merkmal="1" Planquadrat="N&#xD;"/>
  <Strassen StrID="8046" StrName="Schachtebeckweg" StrPLZ="30165" OrtID="1" Merkmal="1" Planquadrat="N&#xD;"/>
  <Strassen StrID="8047" StrName="Schackstraße" StrPLZ="30175" OrtID="1" Merkmal="1" Planquadrat="N&#xD;"/>
  <Strassen StrID="8048" StrName="Schäferbergstraße" StrPLZ="30539" OrtID="1" Merkmal="1" Planquadrat="N&#xD;"/>
  <Strassen StrID="8049" StrName="Schäfertrift" StrPLZ="30657" OrtID="1" Merkmal="1" Planquadrat="N&#xD;"/>
  <Strassen StrID="8050" StrName="Schäferweg" StrPLZ="30655" OrtID="1" Merkmal="1" Planquadrat="N&#xD;"/>
  <Strassen StrID="8051" StrName="Schaperplatz" StrPLZ="30625" OrtID="1" Merkmal="1" Planquadrat="N&#xD;"/>
  <Strassen StrID="8052" StrName="Scharnhorststraße" StrPLZ="30175" OrtID="1" Merkmal="1" Planquadrat="N&#xD;"/>
  <Strassen StrID="8053" StrName="Scharnikaustraße" StrPLZ="30625" OrtID="1" Merkmal="1" Planquadrat="N&#xD;"/>
  <Strassen StrID="8054" StrName="Schaufelder Straße" StrPLZ="30167" OrtID="1" Merkmal="1" Planquadrat="N&#xD;"/>
  <Strassen StrID="8055" StrName="Schaumannweg" StrPLZ="30659" OrtID="1" Merkmal="1" Planquadrat="N&#xD;"/>
  <Strassen StrID="8056" StrName="Schaumburgstraße" StrPLZ="30419" OrtID="1" Merkmal="1" Planquadrat="N&#xD;"/>
  <Strassen StrID="8057" StrName="Scheelenkamp" StrPLZ="30165" OrtID="1" Merkmal="1" Planquadrat="N&#xD;"/>
  <Strassen StrID="8058" StrName="Scheffelfeld" StrPLZ="30657" OrtID="1" Merkmal="1" Planquadrat="N&#xD;"/>
  <Strassen StrID="8059" StrName="Scheffelstraße" StrPLZ="30167" OrtID="1" Merkmal="1" Planquadrat="N&#xD;"/>
  <Strassen StrID="8060" StrName="Scheibenstandsweg" StrPLZ="30559" OrtID="1" Merkmal="1" Planquadrat="N&#xD;"/>
  <Strassen StrID="8061" StrName="Scheidestraße" StrPLZ="30625" OrtID="1" Merkmal="1" Planquadrat="N&#xD;"/>
  <Strassen StrID="8062" StrName="Schellingstraße" StrPLZ="30625" OrtID="1" Merkmal="1" Planquadrat="N&#xD;"/>
  <Strassen StrID="8063" StrName="Schenkendorfstraße" StrPLZ="30177" OrtID="1" Merkmal="1" Planquadrat="N&#xD;"/>
  <Strassen StrID="8064" StrName="Schieferkamp" StrPLZ="30455" OrtID="1" Merkmal="1" Planquadrat="N&#xD;"/>
  <Strassen StrID="8065" StrName="Schierholzstraße" StrPLZ="30655" OrtID="1" Merkmal="1" Planquadrat="N&#xD;"/>
  <Strassen StrID="8066" StrName="Schierker Weg" StrPLZ="30419" OrtID="1" Merkmal="1" Planquadrat="N&#xD;"/>
  <Strassen StrID="8067" StrName="Schiffgraben" StrHausBereich="1-31,2-20" StrPLZ="30159" OrtID="1" Merkmal="1" Planquadrat="N&#xD;"/>
  <Strassen StrID="8068" StrName="Schiffgraben" StrHausBereich="22-48,33-61" StrPLZ="30175" OrtID="1" Merkmal="1" Planquadrat="N&#xD;"/>
  <Strassen StrID="8069" StrName="Schiffhornfeld" StrPLZ="30655" OrtID="1" Merkmal="1" Planquadrat="N&#xD;"/>
  <Strassen StrID="8070" StrName="Schildtstraße" StrPLZ="30455" OrtID="1" Merkmal="1" Planquadrat="N&#xD;"/>
  <Strassen StrID="8071" StrName="Schillerstraße" StrPLZ="30159" OrtID="1" Merkmal="1" Planquadrat="N&#xD;"/>
  <Strassen StrID="8072" StrName="Schillstraße" StrPLZ="30175" OrtID="1" Merkmal="1" Planquadrat="N&#xD;"/>
  <Strassen StrID="8073" StrName="Schipworden" StrPLZ="30627" OrtID="1" Merkmal="1" Planquadrat="N&#xD;"/>
  <Strassen StrID="8074" StrName="Schlägerstraße" StrPLZ="30171" OrtID="1" Merkmal="1" Planquadrat="N&#xD;"/>
  <Strassen StrID="8075" StrName="Schlangeweg" StrPLZ="30655" OrtID="1" Merkmal="1" Planquadrat="N&#xD;"/>
  <Strassen StrID="8076" StrName="Schlegelplatz" StrPLZ="30625" OrtID="1" Merkmal="1" Planquadrat="N&#xD;"/>
  <Strassen StrID="8077" StrName="Schlegelstraße" StrPLZ="30625" OrtID="1" Merkmal="1" Planquadrat="N&#xD;"/>
  <Strassen StrID="8078" StrName="Schleidenstraße" StrPLZ="30177" OrtID="1" Merkmal="1" Planquadrat="N&#xD;"/>
  <Strassen StrID="8079" StrName="Schleiermacherstraße" StrPLZ="30625" OrtID="1" Merkmal="1" Planquadrat="N&#xD;"/>
  <Strassen StrID="8080" StrName="Schleswiger Straße" StrPLZ="30165" OrtID="1" Merkmal="1" Planquadrat="N&#xD;"/>
  <Strassen StrID="8081" StrName="Schleusenweg" OrtID="1" Merkmal="1" Planquadrat="N&#xD;"/>
  <Strassen StrID="8082" StrName="Schlieffenstraße" StrPLZ="30419" OrtID="1" Merkmal="1" Planquadrat="N&#xD;"/>
  <Strassen StrID="8083" StrName="Schlorumpfsweg" StrPLZ="30453" OrtID="1" Merkmal="1" Planquadrat="N&#xD;"/>
  <Strassen StrID="8084" StrName="Schloßstraße" StrPLZ="30159" OrtID="1" Merkmal="1" Planquadrat="N&#xD;"/>
  <Strassen StrID="8085" StrName="Schloßwender Straße" StrPLZ="30159" OrtID="1" Merkmal="1" Planquadrat="N&#xD;"/>
  <Strassen StrID="8086" StrName="Schmale Wietze" StrPLZ="30629" OrtID="1" Merkmal="1" Planquadrat="N&#xD;"/>
  <Strassen StrID="8087" StrName="Schmedesweg" StrPLZ="30165" OrtID="1" Merkmal="1" Planquadrat="N&#xD;"/>
  <Strassen StrID="8088" StrName="Schmiedeberg" StrPLZ="30659" OrtID="1" Merkmal="1" Planquadrat="N&#xD;"/>
  <Strassen StrID="8089" StrName="Schmiedestraße" StrPLZ="30159" OrtID="1" Merkmal="1" Planquadrat="N&#xD;"/>
  <Strassen StrID="8090" StrName="Schmöckwitzweg" StrPLZ="30179" OrtID="1" Merkmal="1" Planquadrat="N&#xD;"/>
  <Strassen StrID="8091" StrName="Schnabelstraße" StrPLZ="30459" OrtID="1" Merkmal="1" Planquadrat="N&#xD;"/>
  <Strassen StrID="8092" StrName="Schneckenburgerstraße" StrPLZ="30177" OrtID="1" Merkmal="1" Planquadrat="N&#xD;"/>
  <Strassen StrID="8093" StrName="Schneewittchenweg" StrPLZ="30179" OrtID="1" Merkmal="1" Planquadrat="N&#xD;"/>
  <Strassen StrID="8094" StrName="Schneidemühler Weg" StrPLZ="30659" OrtID="1" Merkmal="1" Planquadrat="N&#xD;"/>
  <Strassen StrID="8095" StrName="Schneiderberg" StrPLZ="30167" OrtID="1" Merkmal="1" Planquadrat="N&#xD;"/>
  <Strassen StrID="8096" StrName="Schnepfenweg" StrPLZ="30455" OrtID="1" Merkmal="1" Planquadrat="N&#xD;"/>
  <Strassen StrID="8097" StrName="Schneppenhorststraße" StrPLZ="30457" OrtID="1" Merkmal="1" Planquadrat="N&#xD;"/>
  <Strassen StrID="8098" StrName="Schnuckentrift" StrPLZ="30657" OrtID="1" Merkmal="1" Planquadrat="N&#xD;"/>
  <Strassen StrID="8099" StrName="Scholandstraße" StrPLZ="30629" OrtID="1" Merkmal="1" Planquadrat="N&#xD;"/>
  <Strassen StrID="8100" StrName="Schollweg" StrPLZ="30457" OrtID="1" Merkmal="1" Planquadrat="N&#xD;"/>
  <Strassen StrID="8101" StrName="Scholvinstraße" StrPLZ="30159" OrtID="1" Merkmal="1" Planquadrat="N&#xD;"/>
  <Strassen StrID="8102" StrName="Schönbergstraße" StrPLZ="30419" OrtID="1" Merkmal="1" Planquadrat="N&#xD;"/>
  <Strassen StrID="8103" StrName="Schöndorfhof" StrPLZ="30455" OrtID="1" Merkmal="1" Planquadrat="N&#xD;"/>
  <Strassen StrID="8104" StrName="Schönebecker Allee" StrPLZ="30419" OrtID="1" Merkmal="1" Planquadrat="N&#xD;"/>
  <Strassen StrID="8105" StrName="Schopenhauerstraße" StrPLZ="30625" OrtID="1" Merkmal="1" Planquadrat="N&#xD;"/>
  <Strassen StrID="8106" StrName="Schörlingstraße" StrPLZ="30453" OrtID="1" Merkmal="1" Planquadrat="N&#xD;"/>
  <Strassen StrID="8107" StrName="Schraderstraße" StrPLZ="30167" OrtID="1" Merkmal="1" Planquadrat="N&#xD;"/>
  <Strassen StrID="8108" StrName="Schreberallee" OrtID="1" Merkmal="1" Planquadrat="N&#xD;"/>
  <Strassen StrID="8109" StrName="Schröterstraße" StrPLZ="30519" OrtID="1" Merkmal="1" Planquadrat="N&#xD;"/>
  <Strassen StrID="8110" StrName="Schubertstraße" StrPLZ="30161" OrtID="1" Merkmal="1" Planquadrat="N&#xD;"/>
  <Strassen StrID="8111" StrName="Schuchhardtweg" StrPLZ="30519" OrtID="1" Merkmal="1" Planquadrat="N&#xD;"/>
  <Strassen StrID="8112" StrName="Schuhstraße" StrPLZ="30159" OrtID="1" Merkmal="1" Planquadrat="N&#xD;"/>
  <Strassen StrID="8113" StrName="Schulenburger Landstraße" StrHausBereich="1-225,2-154,180-Ende" StrPLZ="30165" OrtID="1" Merkmal="1" Planquadrat="N&#xD;"/>
  <Strassen StrID="8114" StrName="Schulenburger Landstraße" StrHausBereich="227-Ende" StrPLZ="30419" OrtID="1" Merkmal="1" Planquadrat="N&#xD;"/>
  <Strassen StrID="8115" StrName="Schulwinkel" StrPLZ="30459" OrtID="1" Merkmal="1" Planquadrat="N&#xD;"/>
  <Strassen StrID="8116" StrName="Schulze-Delitzsch-Straße" StrPLZ="30625" OrtID="1" Merkmal="1" Planquadrat="N&#xD;"/>
  <Strassen StrID="8117" StrName="Schulzenstraße" StrPLZ="30167" OrtID="1" Merkmal="1" Planquadrat="N&#xD;"/>
  <Strassen StrID="8118" StrName="Schumannstraße" StrPLZ="30177" OrtID="1" Merkmal="1" Planquadrat="N&#xD;"/>
  <Strassen StrID="8119" StrName="Schumannweg" StrPLZ="30629" OrtID="1" Merkmal="1" Planquadrat="N&#xD;"/>
  <Strassen StrID="8120" StrName="Schünemannplatz" StrPLZ="30459" OrtID="1" Merkmal="1" Planquadrat="N&#xD;"/>
  <Strassen StrID="8121" StrName="Schuppertweg" StrPLZ="30179" OrtID="1" Merkmal="1" Planquadrat="N&#xD;"/>
  <Strassen StrID="8122" StrName="Schüttlerstraße" StrPLZ="30171" OrtID="1" Merkmal="1" Planquadrat="N&#xD;"/>
  <Strassen StrID="8123" StrName="Schüttdorfer Straße" StrPLZ="30539" OrtID="1" Merkmal="1" Planquadrat="N&#xD;"/>
  <Strassen StrID="8124" StrName="Schützenallee" StrPLZ="30519" OrtID="1" Merkmal="1" Planquadrat="N&#xD;"/>
  <Strassen StrID="8125" StrName="Schützenhausweg" OrtID="1" Merkmal="1" Planquadrat="N&#xD;"/>
  <Strassen StrID="8126" StrName="Schützenplatz" StrPLZ="30169" OrtID="1" Merkmal="1" Planquadrat="N&#xD;"/>
  <Strassen StrID="8127" StrName="Schützenstraße" StrPLZ="30161" OrtID="1" Merkmal="1" Planquadrat="N&#xD;"/>
  <Strassen StrID="8128" StrName="Schwalbenflucht" StrPLZ="30627" OrtID="1" Merkmal="1" Planquadrat="N&#xD;"/>
  <Strassen StrID="8129" StrName="Schwalenberger Straße" StrPLZ="30449" OrtID="1" Merkmal="1" Planquadrat="N&#xD;"/>
  <Strassen StrID="8130" StrName="Schwanenburgkreisel" OrtID="1" Merkmal="1" Planquadrat="N&#xD;"/>
  <Strassen StrID="8131" StrName="Schwanenring" StrPLZ="30627" OrtID="1" Merkmal="1" Planquadrat="N&#xD;"/>
  <Strassen StrID="8132" StrName="Schwarmstedter Straße" StrPLZ="30625" OrtID="1" Merkmal="1" Planquadrat="N&#xD;"/>
  <Strassen StrID="8133" StrName="Schwarzdorn" StrPLZ="30655" OrtID="1" Merkmal="1" Planquadrat="N&#xD;"/>
  <Strassen StrID="8134" StrName="Schwarze Flage" StrPLZ="30453" OrtID="1" Merkmal="1" Planquadrat="N&#xD;"/>
  <Strassen StrID="8135" StrName="Schwarze Heide" StrPLZ="30419" OrtID="1" Merkmal="1" Planquadrat="N&#xD;"/>
  <Strassen StrID="8136" StrName="Schwarze Worth" StrPLZ="30539" OrtID="1" Merkmal="1" Planquadrat="N&#xD;"/>
  <Strassen StrID="8137" StrName="Schwarzer Bär" StrPLZ="30449" OrtID="1" Merkmal="1" Planquadrat="N&#xD;"/>
  <Strassen StrID="8138" StrName="Schwarzer Weg" StrPLZ="30519" OrtID="1" Merkmal="1" Planquadrat="N&#xD;"/>
  <Strassen StrID="8139" StrName="Schwarzwaldstraße" StrPLZ="30657" OrtID="1" Merkmal="1" Planquadrat="N&#xD;"/>
  <Strassen StrID="8140" StrName="Schwedenpfad" StrPLZ="30459" OrtID="1" Merkmal="1" Planquadrat="N&#xD;"/>
  <Strassen StrID="8141" StrName="Schweidnitzer Weg" StrPLZ="30519" OrtID="1" Merkmal="1" Planquadrat="N&#xD;"/>
  <Strassen StrID="8142" StrName="Schwemannstraße" StrPLZ="30559" OrtID="1" Merkmal="1" Planquadrat="N&#xD;"/>
  <Strassen StrID="8143" StrName="Schwerdtmannweg" StrPLZ="30519" OrtID="1" Merkmal="1" Planquadrat="N&#xD;"/>
  <Strassen StrID="8144" StrName="Schweriner Platz" StrPLZ="30625" OrtID="1" Merkmal="1" Planquadrat="N&#xD;"/>
  <Strassen StrID="8145" StrName="Schweriner Straße" StrPLZ="30625" OrtID="1" Merkmal="1" Planquadrat="N&#xD;"/>
  <Strassen StrID="8146" StrName="Schwesternhausstraße" StrPLZ="30173" OrtID="1" Merkmal="1" Planquadrat="N&#xD;"/>
  <Strassen StrID="8147" StrName="Schwienbrücke" OrtID="1" Merkmal="1" Planquadrat="N&#xD;"/>
  <Strassen StrID="8148" StrName="Schwindstraße" StrPLZ="30177" OrtID="1" Merkmal="1" Planquadrat="N&#xD;"/>
  <Strassen StrID="8149" StrName="Seckbruchstraße" StrPLZ="30629" OrtID="1" Merkmal="1" Planquadrat="N&#xD;"/>
  <Strassen StrID="8150" StrName="Sedanstraße" StrPLZ="30161" OrtID="1" Merkmal="1" Planquadrat="N&#xD;"/>
  <Strassen StrID="8151" StrName="Seebachhof" StrPLZ="30455" OrtID="1" Merkmal="1" Planquadrat="N&#xD;"/>
  <Strassen StrID="8152" StrName="Seegershof" StrPLZ="30163" OrtID="1" Merkmal="1" Planquadrat="N&#xD;"/>
  <Strassen StrID="8153" StrName="Seelhorststraße" StrPLZ="30175" OrtID="1" Merkmal="1" Planquadrat="N&#xD;"/>
  <Strassen StrID="8154" StrName="Seestraße" StrPLZ="30171" OrtID="1" Merkmal="1" Planquadrat="N&#xD;"/>
  <Strassen StrID="8155" StrName="Sehnder Straße" StrPLZ="30559" OrtID="1" Merkmal="1" Planquadrat="N&#xD;"/>
  <Strassen StrID="8156" StrName="Giesener Straße" StrPLZ="30519" OrtID="1" Merkmal="1" Planquadrat="N&#xD;"/>
  <Strassen StrID="8157" StrName="Seidelbastweg" StrPLZ="30655" OrtID="1" Merkmal="1" Planquadrat="N&#xD;"/>
  <Strassen StrID="8158" StrName="Seidelstraße" StrPLZ="30163" OrtID="1" Merkmal="1" Planquadrat="N&#xD;"/>
  <Strassen StrID="8159" StrName="Seifeldstraße" StrPLZ="30449" OrtID="1" Merkmal="1" Planquadrat="N&#xD;"/>
  <Strassen StrID="8160" StrName="Seilerstraße" StrPLZ="30171" OrtID="1" Merkmal="1" Planquadrat="N&#xD;"/>
  <Strassen StrID="8161" StrName="Seilwinderstraße" StrPLZ="30159" OrtID="1" Merkmal="1" Planquadrat="N&#xD;"/>
  <Strassen StrID="8162" StrName="Seitzstraße" StrPLZ="30455" OrtID="1" Merkmal="1" Planquadrat="N&#xD;"/>
  <Strassen StrID="8163" StrName="Seligmannallee" StrPLZ="30173" OrtID="1" Merkmal="1" Planquadrat="N&#xD;"/>
  <Strassen StrID="8164" StrName="Selma-Lagerlöf-Weg" StrPLZ="30655" OrtID="1" Merkmal="1" Planquadrat="N&#xD;"/>
  <Strassen StrID="8165" StrName="Selmastraße" StrPLZ="30451" OrtID="1" Merkmal="1" Planquadrat="N&#xD;"/>
  <Strassen StrID="8166" StrName="Semmelweisweg" StrPLZ="30655" OrtID="1" Merkmal="1" Planquadrat="N&#xD;"/>
  <Strassen StrID="8167" StrName="Senator-Bauer-Straße" StrPLZ="30625" OrtID="1" Merkmal="1" Planquadrat="N&#xD;"/>
  <Strassen StrID="8168" StrName="Senator-Eggers-Weg" StrPLZ="30519" OrtID="1" Merkmal="1" Planquadrat="N&#xD;"/>
  <Strassen StrID="8169" StrName="Senefelderweg" StrPLZ="30519" OrtID="1" Merkmal="1" Planquadrat="N&#xD;"/>
  <Strassen StrID="8170" StrName="Senior-Blumenberg-Gang" StrPLZ="30159" OrtID="1" Merkmal="1" Planquadrat="N&#xD;"/>
  <Strassen StrID="8171" StrName="Sertürnerstraße" StrPLZ="30559" OrtID="1" Merkmal="1" Planquadrat="N&#xD;"/>
  <Strassen StrID="8172" StrName="Seufzerallee" OrtID="1" Merkmal="1" Planquadrat="N&#xD;"/>
  <Strassen StrID="8173" StrName="Seumestraße" StrPLZ="30161" OrtID="1" Merkmal="1" Planquadrat="N&#xD;"/>
  <Strassen StrID="8174" StrName="Sextrostraße" StrPLZ="30169" OrtID="1" Merkmal="1" Planquadrat="N&#xD;"/>
  <Strassen StrID="8175" StrName="Seydlitzstraße" StrPLZ="30161" OrtID="1" Merkmal="1" Planquadrat="N&#xD;"/>
  <Strassen StrID="8176" StrName="Shepton-Mallet-Ring" StrPLZ="30655" OrtID="1" Merkmal="1" Planquadrat="N&#xD;"/>
  <Strassen StrID="8177" StrName="Sibeliusweg" StrPLZ="30655" OrtID="1" Merkmal="1" Planquadrat="N&#xD;"/>
  <Strassen StrID="8178" StrName="Sichelstraße" StrPLZ="30453" OrtID="1" Merkmal="1" Planquadrat="N&#xD;"/>
  <Strassen StrID="8179" StrName="Sickenberghof" StrPLZ="30455" OrtID="1" Merkmal="1" Planquadrat="N&#xD;"/>
  <Strassen StrID="8180" StrName="Siebenschönweg" StrPLZ="30179" OrtID="1" Merkmal="1" Planquadrat="N&#xD;"/>
  <Strassen StrID="8181" StrName="Siebertalstraße" StrPLZ="30419" OrtID="1" Merkmal="1" Planquadrat="N&#xD;"/>
  <Strassen StrID="8182" StrName="Siebstraße" StrPLZ="30171" OrtID="1" Merkmal="1" Planquadrat="N&#xD;"/>
  <Strassen StrID="8183" StrName="Siedlerstraße" StrPLZ="30629" OrtID="1" Merkmal="1" Planquadrat="N&#xD;"/>
  <Strassen StrID="8184" StrName="Siegelweg" StrPLZ="30519" OrtID="1" Merkmal="1" Planquadrat="N&#xD;"/>
  <Strassen StrID="8185" StrName="Siegesstraße" StrPLZ="30175" OrtID="1" Merkmal="1" Planquadrat="N&#xD;"/>
  <Strassen StrID="8186" StrName="Siegfriedplatz" StrPLZ="30455" OrtID="1" Merkmal="1" Planquadrat="N&#xD;"/>
  <Strassen StrID="8187" StrName="Siegfriedweg" StrPLZ="30455" OrtID="1" Merkmal="1" Planquadrat="N&#xD;"/>
  <Strassen StrID="8188" StrName="Siegmundstraße" StrPLZ="30165" OrtID="1" Merkmal="1" Planquadrat="N&#xD;"/>
  <Strassen StrID="8189" StrName="Siemensstraße" StrPLZ="30173" OrtID="1" Merkmal="1" Planquadrat="N&#xD;"/>
  <Strassen StrID="8190" StrName="Siemerdingstraße" StrPLZ="30655" OrtID="1" Merkmal="1" Planquadrat="N&#xD;"/>
  <Strassen StrID="8191" StrName="Sievertstraße" StrPLZ="30625" OrtID="1" Merkmal="1" Planquadrat="N&#xD;"/>
  <Strassen StrID="8192" StrName="Silberstraße" StrPLZ="30655" OrtID="1" Merkmal="1" Planquadrat="N&#xD;"/>
  <Strassen StrID="8193" StrName="Silurweg" StrPLZ="30455" OrtID="1" Merkmal="1" Planquadrat="N&#xD;"/>
  <Strassen StrID="8194" StrName="Simrockstraße" StrPLZ="30171" OrtID="1" Merkmal="1" Planquadrat="N&#xD;"/>
  <Strassen StrID="8195" StrName="Sintenisweg" StrPLZ="30455" OrtID="1" Merkmal="1" Planquadrat="N&#xD;"/>
  <Strassen StrID="8196" StrName="Skagenhof" StrPLZ="30457" OrtID="1" Merkmal="1" Planquadrat="N&#xD;"/>
  <Strassen StrID="8197" StrName="Slevogtweg" StrPLZ="30177" OrtID="1" Merkmal="1" Planquadrat="N&#xD;"/>
  <Strassen StrID="8198" StrName="Slicherstraße" StrPLZ="30163" OrtID="1" Merkmal="1" Planquadrat="N&#xD;"/>
  <Strassen StrID="8199" StrName="Smalianwinkel" StrPLZ="30165" OrtID="1" Merkmal="1" Planquadrat="N&#xD;"/>
  <Strassen StrID="8200" StrName="Smetanaweg" StrPLZ="30559" OrtID="1" Merkmal="1" Planquadrat="N&#xD;"/>
  <Strassen StrID="8201" StrName="Sodenstraße" StrPLZ="30161" OrtID="1" Merkmal="1" Planquadrat="N&#xD;"/>
  <Strassen StrID="8202" StrName="Soetbrink" StrPLZ="30657" OrtID="1" Merkmal="1" Planquadrat="N&#xD;"/>
  <Strassen StrID="8203" StrName="Sögeler Straße" StrPLZ="30539" OrtID="1" Merkmal="1" Planquadrat="N&#xD;"/>
  <Strassen StrID="8204" StrName="Sohnreystraße" StrPLZ="30173" OrtID="1" Merkmal="1" Planquadrat="N&#xD;"/>
  <Strassen StrID="8205" StrName="Sohrenkamp" StrPLZ="30539" OrtID="1" Merkmal="1" Planquadrat="N&#xD;"/>
  <Strassen StrID="8206" StrName="Sokelantstraße" StrPLZ="30165" OrtID="1" Merkmal="1" Planquadrat="N&#xD;"/>
  <Strassen StrID="8207" StrName="Sollingstraße" StrPLZ="30419" OrtID="1" Merkmal="1" Planquadrat="N&#xD;"/>
  <Strassen StrID="8209" StrName="Sommerfeldstraße" StrPLZ="30419" OrtID="1" Merkmal="1" Planquadrat="N&#xD;"/>
  <Strassen StrID="8210" StrName="Sonderburger Straße" StrPLZ="30165" OrtID="1" Merkmal="1" Planquadrat="N&#xD;"/>
  <Strassen StrID="8211" StrName="Sonnenhagen" StrPLZ="30659" OrtID="1" Merkmal="1" Planquadrat="N&#xD;"/>
  <Strassen StrID="8212" StrName="Sonnenlandbrücke" OrtID="1" Merkmal="1" Planquadrat="N&#xD;"/>
  <Strassen StrID="8213" StrName="Sonnenscheinhof" StrPLZ="30455" OrtID="1" Merkmal="1" Planquadrat="N&#xD;"/>
  <Strassen StrID="8214" StrName="Sonnenweg" StrPLZ="30453" OrtID="1" Merkmal="1" Planquadrat="N&#xD;"/>
  <Strassen StrID="8215" StrName="Sonnenweg" StrPLZ="30171" OrtID="1" Merkmal="1" Planquadrat="N&#xD;"/>
  <Strassen StrID="8216" StrName="Sophienstraße" StrPLZ="30159" OrtID="1" Merkmal="1" Planquadrat="N&#xD;"/>
  <Strassen StrID="8217" StrName="Sorauer Weg" StrPLZ="30519" OrtID="1" Merkmal="1" Planquadrat="N&#xD;"/>
  <Strassen StrID="8218" StrName="Sorststraße" StrPLZ="30165" OrtID="1" Merkmal="1" Planquadrat="N&#xD;"/>
  <Strassen StrID="8219" StrName="Spangenbergstraße" StrPLZ="30453" OrtID="1" Merkmal="1" Planquadrat="N&#xD;"/>
  <Strassen StrID="8220" StrName="Spannhagengarten" StrPLZ="30655" OrtID="1" Merkmal="1" Planquadrat="N&#xD;"/>
  <Strassen StrID="8221" StrName="Spannhagenstraße" StrPLZ="30655" OrtID="1" Merkmal="1" Planquadrat="N&#xD;"/>
  <Strassen StrID="8222" StrName="Spanuthstraße" StrPLZ="30419" OrtID="1" Merkmal="1" Planquadrat="N&#xD;"/>
  <Strassen StrID="8223" StrName="Spargelstraße" StrPLZ="30419" OrtID="1" Merkmal="1" Planquadrat="N&#xD;"/>
  <Strassen StrID="8224" StrName="Spartanerstraße" StrPLZ="30519" OrtID="1" Merkmal="1" Planquadrat="N&#xD;"/>
  <Strassen StrID="8225" StrName="Späte Holzwiesen" StrPLZ="30519" OrtID="1" Merkmal="1" Planquadrat="N&#xD;"/>
  <Strassen StrID="8226" StrName="Spengemannweg" StrPLZ="30455" OrtID="1" Merkmal="1" Planquadrat="N&#xD;"/>
  <Strassen StrID="8227" StrName="Sperberweg" StrPLZ="30627" OrtID="1" Merkmal="1" Planquadrat="N&#xD;"/>
  <Strassen StrID="8228" StrName="Sperlingsfeld" StrPLZ="30627" OrtID="1" Merkmal="1" Planquadrat="N&#xD;"/>
  <Strassen StrID="8229" StrName="Sperlstraße" StrPLZ="30459" OrtID="1" Merkmal="1" Planquadrat="N&#xD;"/>
  <Strassen StrID="8230" StrName="Spessartweg" StrPLZ="30657" OrtID="1" Merkmal="1" Planquadrat="N&#xD;"/>
  <Strassen StrID="8231" StrName="Spichernstraße" StrPLZ="30161" OrtID="1" Merkmal="1" Planquadrat="N&#xD;"/>
  <Strassen StrID="8232" StrName="Spielhagenstraße" StrPLZ="30171" OrtID="1" Merkmal="1" Planquadrat="N&#xD;"/>
  <Strassen StrID="8233" StrName="Spierenweg" StrPLZ="30419" OrtID="1" Merkmal="1" Planquadrat="N&#xD;"/>
  <Strassen StrID="8234" StrName="Spilckerstraße" StrPLZ="30625" OrtID="1" Merkmal="1" Planquadrat="N&#xD;"/>
  <Strassen StrID="8235" StrName="Spinnereistraße" StrHausBereich="1-3" StrPLZ="30449" OrtID="1" Merkmal="1" Planquadrat="N&#xD;"/>
  <Strassen StrID="8236" StrName="Spinnereistraße" StrPLZ="30451" OrtID="1" Merkmal="1" Planquadrat="N&#xD;"/>
  <Strassen StrID="8237" StrName="Spinozastraße" StrPLZ="30625" OrtID="1" Merkmal="1" Planquadrat="N&#xD;"/>
  <Strassen StrID="8238" StrName="Spittastraße" StrPLZ="30519" OrtID="1" Merkmal="1" Planquadrat="N&#xD;"/>
  <Strassen StrID="8239" StrName="Spitzwegstraße" StrPLZ="30177" OrtID="1" Merkmal="1" Planquadrat="N&#xD;"/>
  <Strassen StrID="8240" StrName="Spitzwegwinkel" StrPLZ="30453" OrtID="1" Merkmal="1" Planquadrat="N&#xD;"/>
  <Strassen StrID="8241" StrName="Spitzwegwinkel" StrPLZ="30177" OrtID="1" Merkmal="1" Planquadrat="N&#xD;"/>
  <Strassen StrID="8242" StrName="Spohrstraße" StrPLZ="30177" OrtID="1" Merkmal="1" Planquadrat="N&#xD;"/>
  <Strassen StrID="8243" StrName="Spörckenstraße" StrPLZ="30419" OrtID="1" Merkmal="1" Planquadrat="N&#xD;"/>
  <Strassen StrID="8244" StrName="Sporlederweg" StrPLZ="30449" OrtID="1" Merkmal="1" Planquadrat="N&#xD;"/>
  <Strassen StrID="8245" StrName="Spreeweg" StrPLZ="30559" OrtID="1" Merkmal="1" Planquadrat="N&#xD;"/>
  <Strassen StrID="8246" StrName="Springer Straße" StrPLZ="30459" OrtID="1" Merkmal="1" Planquadrat="N&#xD;"/>
  <Strassen StrID="8247" StrName="Springrad" StrPLZ="30419" OrtID="1" Merkmal="1" Planquadrat="N&#xD;"/>
  <Strassen StrID="8248" StrName="Staakenweg" StrPLZ="30179" OrtID="1" Merkmal="1" Planquadrat="N&#xD;"/>
  <Strassen StrID="8249" StrName="Staatswiesenstraße" StrPLZ="30177" OrtID="1" Merkmal="1" Planquadrat="N&#xD;"/>
  <Strassen StrID="8250" StrName="Stadionbrücke" StrPLZ="30459" OrtID="1" Merkmal="1" Planquadrat="N&#xD;"/>
  <Strassen StrID="8251" StrName="Stadtfelddamm" StrPLZ="30625" OrtID="1" Merkmal="1" Planquadrat="N&#xD;"/>
  <Strassen StrID="8252" StrName="Stadtstraße" StrPLZ="30159" OrtID="1" Merkmal="1" Planquadrat="N&#xD;"/>
  <Strassen StrID="8253" StrName="Stahlstraße" StrPLZ="30559" OrtID="1" Merkmal="1" Planquadrat="N&#xD;"/>
  <Strassen StrID="8254" StrName="Stallupöner Weg" StrPLZ="30657" OrtID="1" Merkmal="1" Planquadrat="N&#xD;"/>
  <Strassen StrID="8255" StrName="Stammestraße" StrPLZ="30459" OrtID="1" Merkmal="1" Planquadrat="N&#xD;"/>
  <Strassen StrID="8256" StrName="Ständehausstraße" StrPLZ="30159" OrtID="1" Merkmal="1" Planquadrat="N&#xD;"/>
  <Strassen StrID="8257" StrName="Stapelweg" StrPLZ="30457" OrtID="1" Merkmal="1" Planquadrat="N&#xD;"/>
  <Strassen StrID="8258" StrName="Starenweg" StrPLZ="30455" OrtID="1" Merkmal="1" Planquadrat="N&#xD;"/>
  <Strassen StrID="8259" StrName="Stargarder Weg" StrPLZ="30659" OrtID="1" Merkmal="1" Planquadrat="N&#xD;"/>
  <Strassen StrID="8260" StrName="Stärkestraße" StrPLZ="30451" OrtID="1" Merkmal="1" Planquadrat="N&#xD;"/>
  <Strassen StrID="8261" StrName="Statiusweg" StrPLZ="30419" OrtID="1" Merkmal="1" Planquadrat="N&#xD;"/>
  <Strassen StrID="8262" StrName="Stauffenbergplatz" StrPLZ="30457" OrtID="1" Merkmal="1" Planquadrat="N&#xD;"/>
  <Strassen StrID="8263" StrName="Steckerstraße" StrPLZ="30459" OrtID="1" Merkmal="1" Planquadrat="N&#xD;"/>
  <Strassen StrID="8264" StrName="Stedebrink" StrPLZ="30559" OrtID="1" Merkmal="1" Planquadrat="N&#xD;"/>
  <Strassen StrID="8265" StrName="Steigertahlstraße" StrPLZ="30451" OrtID="1" Merkmal="1" Planquadrat="N&#xD;"/>
  <Strassen StrID="8266" StrName="Steigerwaldweg" StrPLZ="30657" OrtID="1" Merkmal="1" Planquadrat="N&#xD;"/>
  <Strassen StrID="8267" StrName="Steimbker Hof" StrPLZ="30625" OrtID="1" Merkmal="1" Planquadrat="N&#xD;"/>
  <Strassen StrID="8268" StrName="Steinbergstraße" StrPLZ="30559" OrtID="1" Merkmal="1" Planquadrat="N&#xD;"/>
  <Strassen StrID="8269" StrName="Steinbruchstraße" StrPLZ="30629" OrtID="1" Merkmal="1" Planquadrat="N&#xD;"/>
  <Strassen StrID="8270" StrName="Steinfeldstraße" StrPLZ="30453" OrtID="1" Merkmal="1" Planquadrat="N&#xD;"/>
  <Strassen StrID="8271" StrName="Steinhuder Straße" StrPLZ="30459" OrtID="1" Merkmal="1" Planquadrat="N&#xD;"/>
  <Strassen StrID="8272" StrName="Steinkampweg" StrPLZ="30539" OrtID="1" Merkmal="1" Planquadrat="N&#xD;"/>
  <Strassen StrID="8273" StrName="Steinmetzstraße" StrPLZ="30163" OrtID="1" Merkmal="1" Planquadrat="N&#xD;"/>
  <Strassen StrID="8274" StrName="Steinriede" OrtID="1" Merkmal="1" Planquadrat="N&#xD;"/>
  <Strassen StrID="8275" StrName="Steinrosenweg" StrPLZ="30655" OrtID="1" Merkmal="1" Planquadrat="N&#xD;"/>
  <Strassen StrID="8276" StrName="Steinstraße" StrPLZ="30453" OrtID="1" Merkmal="1" Planquadrat="N&#xD;"/>
  <Strassen StrID="8277" StrName="Steinstraße" StrPLZ="30559" OrtID="1" Merkmal="1" Planquadrat="N&#xD;"/>
  <Strassen StrID="8278" StrName="Steintorfeldstraße" StrPLZ="30161" OrtID="1" Merkmal="1" Planquadrat="N&#xD;"/>
  <Strassen StrID="8279" StrName="Steintorstraße" StrPLZ="30159" OrtID="1" Merkmal="1" Planquadrat="N&#xD;"/>
  <Strassen StrID="8280" StrName="Steinvorthhof" StrPLZ="30455" OrtID="1" Merkmal="1" Planquadrat="N&#xD;"/>
  <Strassen StrID="8281" StrName="Stelinger Straße" StrPLZ="30419" OrtID="1" Merkmal="1" Planquadrat="N&#xD;"/>
  <Strassen StrID="8282" StrName="Stemmer Weg" StrPLZ="30459" OrtID="1" Merkmal="1" Planquadrat="N&#xD;"/>
  <Strassen StrID="8283" StrName="Steneltstraße" StrPLZ="30655" OrtID="1" Merkmal="1" Planquadrat="N&#xD;"/>
  <Strassen StrID="8284" StrName="Stenhusenstraße" StrPLZ="30625" OrtID="1" Merkmal="1" Planquadrat="N&#xD;"/>
  <Strassen StrID="8285" StrName="Stensenweg" StrPLZ="30627" OrtID="1" Merkmal="1" Planquadrat="N&#xD;"/>
  <Strassen StrID="8286" StrName="Stephansplatz" StrPLZ="30171" OrtID="1" Merkmal="1" Planquadrat="N&#xD;"/>
  <Strassen StrID="8287" StrName="Stephanusstraße" StrPLZ="30449" OrtID="1" Merkmal="1" Planquadrat="N&#xD;"/>
  <Strassen StrID="8288" StrName="Sternheimweg" StrPLZ="30455" OrtID="1" Merkmal="1" Planquadrat="N&#xD;"/>
  <Strassen StrID="8289" StrName="Sterntalerweg" StrPLZ="30179" OrtID="1" Merkmal="1" Planquadrat="N&#xD;"/>
  <Strassen StrID="8290" StrName="Stettiner Weg" StrPLZ="30625" OrtID="1" Merkmal="1" Planquadrat="N&#xD;"/>
  <Strassen StrID="8291" StrName="Steubenweg" StrPLZ="30519" OrtID="1" Merkmal="1" Planquadrat="N&#xD;"/>
  <Strassen StrID="8292" StrName="Steuerndieb" StrPLZ="30655" OrtID="1" Merkmal="1" Planquadrat="N&#xD;"/>
  <Strassen StrID="8293" StrName="Stiegelmeyerstraße" StrPLZ="30519" OrtID="1" Merkmal="1" Planquadrat="N&#xD;"/>
  <Strassen StrID="8294" StrName="Stieglitzgang" StrPLZ="30627" OrtID="1" Merkmal="1" Planquadrat="N&#xD;"/>
  <Strassen StrID="8295" StrName="Stiftstraße" StrPLZ="30159" OrtID="1" Merkmal="1" Planquadrat="N&#xD;"/>
  <Strassen StrID="8296" StrName="Stiller Winkel" StrPLZ="30629" OrtID="1" Merkmal="1" Planquadrat="N&#xD;"/>
  <Strassen StrID="8297" StrName="Stilleweg" StrPLZ="30655" OrtID="1" Merkmal="1" Planquadrat="N&#xD;"/>
  <Strassen StrID="8298" StrName="Stöckener Straße" StrPLZ="30419" OrtID="1" Merkmal="1" Planquadrat="N&#xD;"/>
  <Strassen StrID="8299" StrName="Stockhardtweg" StrPLZ="30453" OrtID="1" Merkmal="1" Planquadrat="N&#xD;"/>
  <Strassen StrID="8300" StrName="Stockholmer Allee" StrPLZ="30539" OrtID="1" Merkmal="1" Planquadrat="N&#xD;"/>
  <Strassen StrID="8301" StrName="Stockmannstraße" StrPLZ="30451" OrtID="1" Merkmal="1" Planquadrat="N&#xD;"/>
  <Strassen StrID="8302" StrName="Stollenweg" StrPLZ="30453" OrtID="1" Merkmal="1" Planquadrat="N&#xD;"/>
  <Strassen StrID="8303" StrName="Stöltinghof" StrPLZ="30455" OrtID="1" Merkmal="1" Planquadrat="N&#xD;"/>
  <Strassen StrID="8304" StrName="Stolzenbergring" StrPLZ="30657" OrtID="1" Merkmal="1" Planquadrat="N&#xD;"/>
  <Strassen StrID="8305" StrName="Stolzestraße" StrPLZ="30171" OrtID="1" Merkmal="1" Planquadrat="N&#xD;"/>
  <Strassen StrID="8306" StrName="Storchendamm" StrPLZ="30629" OrtID="1" Merkmal="1" Planquadrat="N&#xD;"/>
  <Strassen StrID="8307" StrName="Storchenwiese" StrPLZ="30627" OrtID="1" Merkmal="1" Planquadrat="N&#xD;"/>
  <Strassen StrID="8308" StrName="Stormstraße" StrPLZ="30177" OrtID="1" Merkmal="1" Planquadrat="N&#xD;"/>
  <Strassen StrID="8309" StrName="Stralauweg" StrPLZ="30179" OrtID="1" Merkmal="1" Planquadrat="N&#xD;"/>
  <Strassen StrID="8310" StrName="Stralsunder Straße" StrPLZ="30457" OrtID="1" Merkmal="1" Planquadrat="N&#xD;"/>
  <Strassen StrID="8311" StrName="Strelitzer Weg" StrPLZ="30625" OrtID="1" Merkmal="1" Planquadrat="N&#xD;"/>
  <Strassen StrID="8312" StrName="Stresemannallee" StrPLZ="30173" OrtID="1" Merkmal="1" Planquadrat="N&#xD;"/>
  <Strassen StrID="8313" StrName="Striehlstraße" StrPLZ="30159" OrtID="1" Merkmal="1" Planquadrat="N&#xD;"/>
  <Strassen StrID="8314" StrName="Strindbergstraße" StrPLZ="30629" OrtID="1" Merkmal="1" Planquadrat="N&#xD;"/>
  <Strassen StrID="8315" StrName="Stromeyerstraße" StrPLZ="30163" OrtID="1" Merkmal="1" Planquadrat="N&#xD;"/>
  <Strassen StrID="8316" StrName="Strousbergstraße" StrPLZ="30449" OrtID="1" Merkmal="1" Planquadrat="N&#xD;"/>
  <Strassen StrID="8317" StrName="Struckmannhof" StrPLZ="30455" OrtID="1" Merkmal="1" Planquadrat="N&#xD;"/>
  <Strassen StrID="8318" StrName="Struckmeyerstraße" StrPLZ="30451" OrtID="1" Merkmal="1" Planquadrat="N&#xD;"/>
  <Strassen StrID="8319" StrName="Struthofstraße" StrPLZ="30419" OrtID="1" Merkmal="1" Planquadrat="N&#xD;"/>
  <Strassen StrID="8320" StrName="Stuckestraße" StrPLZ="30659" OrtID="1" Merkmal="1" Planquadrat="N&#xD;"/>
  <Strassen StrID="8321" StrName="Stümpkeweg" StrPLZ="30655" OrtID="1" Merkmal="1" Planquadrat="N&#xD;"/>
  <Strassen StrID="8322" StrName="Stünkelstraße" StrPLZ="30419" OrtID="1" Merkmal="1" Planquadrat="N&#xD;"/>
  <Strassen StrID="8323" StrName="Stüvestraße" StrPLZ="30173" OrtID="1" Merkmal="1" Planquadrat="N&#xD;"/>
  <Strassen StrID="8324" StrName="Suderloh" StrPLZ="30419" OrtID="1" Merkmal="1" Planquadrat="N&#xD;"/>
  <Strassen StrID="8325" StrName="Sudersenstraße" StrPLZ="30451" OrtID="1" Merkmal="1" Planquadrat="N&#xD;"/>
  <Strassen StrID="8326" StrName="Sudetenstraße" StrPLZ="30559" OrtID="1" Merkmal="1" Planquadrat="N&#xD;"/>
  <Strassen StrID="8327" StrName="Südfeldstraße" StrPLZ="30453" OrtID="1" Merkmal="1" Planquadrat="N&#xD;"/>
  <Strassen StrID="8328" StrName="Südstrücken" StrPLZ="30459" OrtID="1" Merkmal="1" Planquadrat="N&#xD;"/>
  <Strassen StrID="8329" StrName="Sulzbacher Straße" StrPLZ="30559" OrtID="1" Merkmal="1" Planquadrat="N&#xD;"/>
  <Strassen StrID="8330" StrName="Sunderhof" StrPLZ="30559" OrtID="1" Merkmal="1" Planquadrat="N&#xD;"/>
  <Strassen StrID="8331" StrName="Sündernstraße" StrPLZ="30657" OrtID="1" Merkmal="1" Planquadrat="N&#xD;"/>
  <Strassen StrID="8332" StrName="Süntelstraße" StrPLZ="30419" OrtID="1" Merkmal="1" Planquadrat="N&#xD;"/>
  <Strassen StrID="8333" StrName="Sure Wisch" StrPLZ="30625" OrtID="1" Merkmal="1" Planquadrat="N&#xD;"/>
  <Strassen StrID="8334" StrName="Süßeroder Straße" StrPLZ="30559" OrtID="1" Merkmal="1" Planquadrat="N&#xD;"/>
  <Strassen StrID="8335" StrName="Süßroder Weg" StrPLZ="30559" OrtID="1" Merkmal="1" Planquadrat="N&#xD;"/>
  <Strassen StrID="8336" StrName="Sutelstraße" StrPLZ="30659" OrtID="1" Merkmal="1" Planquadrat="N&#xD;"/>
  <Strassen StrID="8337" StrName="Suthwiesenstraße" StrPLZ="30519" OrtID="1" Merkmal="1" Planquadrat="N&#xD;"/>
  <Strassen StrID="8338" StrName="Suttnerweg" StrPLZ="30455" OrtID="1" Merkmal="1" Planquadrat="N&#xD;"/>
  <Strassen StrID="8339" StrName="Sven-Hedin-Straße" StrPLZ="30655" OrtID="1" Merkmal="1" Planquadrat="N&#xD;"/>
  <Strassen StrID="8340" StrName="Sylter Weg" StrPLZ="30163" OrtID="1" Merkmal="1" Planquadrat="N&#xD;"/>
  <Strassen StrID="8341" StrName="Talaverastraße" StrPLZ="30163" OrtID="1" Merkmal="1" Planquadrat="N&#xD;"/>
  <Strassen StrID="8342" StrName="Tannenbergallee" StrPLZ="30163" OrtID="1" Merkmal="1" Planquadrat="N&#xD;"/>
  <Strassen StrID="8343" StrName="Tannenweg" StrPLZ="30657" OrtID="1" Merkmal="1" Planquadrat="N&#xD;"/>
  <Strassen StrID="8344" StrName="Tattersall" StrPLZ="30175" OrtID="1" Merkmal="1" Planquadrat="N&#xD;"/>
  <Strassen StrID="8345" StrName="Taunusweg" StrPLZ="30657" OrtID="1" Merkmal="1" Planquadrat="N&#xD;"/>
  <Strassen StrID="8346" StrName="Tegelweg" StrPLZ="30179" OrtID="1" Merkmal="1" Planquadrat="N&#xD;"/>
  <Strassen StrID="8347" StrName="Tegtmeyerallee" StrPLZ="30453" OrtID="1" Merkmal="1" Planquadrat="N&#xD;"/>
  <Strassen StrID="8348" StrName="Tegtmeyerstraße" StrPLZ="30453" OrtID="1" Merkmal="1" Planquadrat="N&#xD;"/>
  <Strassen StrID="8349" StrName="Teichstraße" StrPLZ="30449" OrtID="1" Merkmal="1" Planquadrat="N&#xD;"/>
  <Strassen StrID="8350" StrName="Tempelhofweg" StrPLZ="30179" OrtID="1" Merkmal="1" Planquadrat="N&#xD;"/>
  <Strassen StrID="8351" StrName="Teplitzer Straße" StrPLZ="30559" OrtID="1" Merkmal="1" Planquadrat="N&#xD;"/>
  <Strassen StrID="8352" StrName="Tessenowweg" StrPLZ="30559" OrtID="1" Merkmal="1" Planquadrat="N&#xD;"/>
  <Strassen StrID="8353" StrName="Tewesweg" StrPLZ="30519" OrtID="1" Merkmal="1" Planquadrat="N&#xD;"/>
  <Strassen StrID="8354" StrName="Thaerstraße" StrPLZ="30519" OrtID="1" Merkmal="1" Planquadrat="N&#xD;"/>
  <Strassen StrID="8355" StrName="Thea-Bähnisch-Weg" StrPLZ="30657" OrtID="1" Merkmal="1" Planquadrat="N&#xD;"/>
  <Strassen StrID="8356" StrName="Theaterstraße" StrPLZ="30159" OrtID="1" Merkmal="1" Planquadrat="N&#xD;"/>
  <Strassen StrID="8357" StrName="Theo-Seifer-Straße" StrPLZ="30629" OrtID="1" Merkmal="1" Planquadrat="N&#xD;"/>
  <Strassen StrID="8358" StrName="Theodor-Heuss-Platz" StrPLZ="30175" OrtID="1" Merkmal="1" Planquadrat="N&#xD;"/>
  <Strassen StrID="8359" StrName="Theodor-Heuss-Ring" StrPLZ="30627" OrtID="1" Merkmal="1" Planquadrat="N&#xD;"/>
  <Strassen StrID="8360" StrName="Theodor-Krüger-Straße" StrPLZ="30167" OrtID="1" Merkmal="1" Planquadrat="N&#xD;"/>
  <Strassen StrID="8361" StrName="Theodor-Lessing-Platz" StrPLZ="30159" OrtID="1" Merkmal="1" Planquadrat="N&#xD;"/>
  <Strassen StrID="8362" StrName="Theodor-Lessing-Weg" StrPLZ="30559" OrtID="1" Merkmal="1" Planquadrat="N&#xD;"/>
  <Strassen StrID="8363" StrName="Theodorstraße" StrPLZ="30159" OrtID="1" Merkmal="1" Planquadrat="N&#xD;"/>
  <Strassen StrID="8364" StrName="Therese-Wittrock-Weg" StrPLZ="30357" OrtID="1" Merkmal="1" Planquadrat="N&#xD;"/>
  <Strassen StrID="8365" StrName="Thielenplatz" StrPLZ="30159" OrtID="1" Merkmal="1" Planquadrat="N&#xD;"/>
  <Strassen StrID="8366" StrName="Thieshof" StrPLZ="30659" OrtID="1" Merkmal="1" Planquadrat="N&#xD;"/>
  <Strassen StrID="8367" StrName="Thomas-Mann-Weg" StrPLZ="30659" OrtID="1" Merkmal="1" Planquadrat="N&#xD;"/>
  <Strassen StrID="8368" StrName="Thomastraße" StrPLZ="30177" OrtID="1" Merkmal="1" Planquadrat="N&#xD;"/>
  <Strassen StrID="8369" StrName="Thöneweg" StrPLZ="30449" OrtID="1" Merkmal="1" Planquadrat="N&#xD;"/>
  <Strassen StrID="8370" StrName="Thönser Straße" StrPLZ="30629" OrtID="1" Merkmal="1" Planquadrat="N&#xD;"/>
  <Strassen StrID="8371" StrName="Thorner Straße" StrPLZ="30659" OrtID="1" Merkmal="1" Planquadrat="N&#xD;"/>
  <Strassen StrID="8372" StrName="Thuler Weg" StrPLZ="30519" OrtID="1" Merkmal="1" Planquadrat="N&#xD;"/>
  <Strassen StrID="8373" StrName="Thüringer Straße" StrPLZ="30179" OrtID="1" Merkmal="1" Planquadrat="N&#xD;"/>
  <Strassen StrID="8374" StrName="Turnithistraße" StrPLZ="30519" OrtID="1" Merkmal="1" Planquadrat="N&#xD;"/>
  <Strassen StrID="8375" StrName="Tieckstraße" StrPLZ="30625" OrtID="1" Merkmal="1" Planquadrat="N&#xD;"/>
  <Strassen StrID="8376" StrName="Tiedgestraße" StrPLZ="30175" OrtID="1" Merkmal="1" Planquadrat="N&#xD;"/>
  <Strassen StrID="8377" StrName="Tiefe Riehe" StrPLZ="30629" OrtID="1" Merkmal="1" Planquadrat="N&#xD;"/>
  <Strassen StrID="8378" StrName="Tiefelstraße" StrPLZ="30453" OrtID="1" Merkmal="1" Planquadrat="N&#xD;"/>
  <Strassen StrID="8379" StrName="Tiefental" OrtID="1" Merkmal="1" Planquadrat="N&#xD;"/>
  <Strassen StrID="8380" StrName="Tiergartenstraße" StrPLZ="30559" OrtID="1" Merkmal="1" Planquadrat="N&#xD;"/>
  <Strassen StrID="8381" StrName="Tiestestraße" StrHausBereich="1-31,2-34" StrPLZ="30171" OrtID="1" Merkmal="1" Planquadrat="N&#xD;"/>
  <Strassen StrID="8382" StrName="Tiestestraße" StrHausBereich="33-Ende,36-Ende" StrPLZ="30173" OrtID="1" Merkmal="1" Planquadrat="N&#xD;"/>
  <Strassen StrID="8383" StrName="Tietlinger Weg" StrPLZ="30625" OrtID="1" Merkmal="1" Planquadrat="N&#xD;"/>
  <Strassen StrID="8384" StrName="Tillystraße" StrPLZ="30459" OrtID="1" Merkmal="1" Planquadrat="N&#xD;"/>
  <Strassen StrID="8385" StrName="Tilsiter Straße" StrPLZ="30657" OrtID="1" Merkmal="1" Planquadrat="N&#xD;"/>
  <Strassen StrID="8386" StrName="Timm-Kröger-Straße" StrPLZ="30177" OrtID="1" Merkmal="1" Planquadrat="N&#xD;"/>
  <Strassen StrID="8387" StrName="Timmendorffstraße" StrPLZ="30625" OrtID="1" Merkmal="1" Planquadrat="N&#xD;"/>
  <Strassen StrID="8388" StrName="Timmermannweg" StrPLZ="30539" OrtID="1" Merkmal="1" Planquadrat="N&#xD;"/>
  <Strassen StrID="8389" StrName="Tintengraben" StrPLZ="30177" OrtID="1" Merkmal="1" Planquadrat="N&#xD;"/>
  <Strassen StrID="8390" StrName="Tischbeinstraße" StrPLZ="30655" OrtID="1" Merkmal="1" Planquadrat="N&#xD;"/>
  <Strassen StrID="8391" StrName="Tivolistraße" StrPLZ="30161" OrtID="1" Merkmal="1" Planquadrat="N&#xD;"/>
  <Strassen StrID="8392" StrName="Tizianstraße" StrPLZ="30177" OrtID="1" Merkmal="1" Planquadrat="N&#xD;"/>
  <Strassen StrID="8393" StrName="Togoweg" StrPLZ="30455" OrtID="1" Merkmal="1" Planquadrat="N&#xD;"/>
  <Strassen StrID="8394" StrName="Tollenbrink" StrPLZ="30659" OrtID="1" Merkmal="1" Planquadrat="N&#xD;"/>
  <Strassen StrID="8395" StrName="Tonderner Straße" StrPLZ="30165" OrtID="1" Merkmal="1" Planquadrat="N&#xD;"/>
  <Strassen StrID="8396" StrName="Tönniesbergkreisel" OrtID="1" Merkmal="1" Planquadrat="N&#xD;"/>
  <Strassen StrID="8397" StrName="Tonstraße" StrPLZ="30449" OrtID="1" Merkmal="1" Planquadrat="N&#xD;"/>
  <Strassen StrID="8398" StrName="Torgarten" StrPLZ="30559" OrtID="1" Merkmal="1" Planquadrat="N&#xD;"/>
  <Strassen StrID="8399" StrName="Torgauer Weg" StrPLZ="30627" OrtID="1" Merkmal="1" Planquadrat="N&#xD;"/>
  <Strassen StrID="8400" StrName="Torstenssonstraße" StrPLZ="30459" OrtID="1" Merkmal="1" Planquadrat="N&#xD;"/>
  <Strassen StrID="8401" StrName="Torstraße" StrPLZ="30169" OrtID="1" Merkmal="1" Planquadrat="N&#xD;"/>
  <Strassen StrID="8402" StrName="Trageweg" StrPLZ="30163" OrtID="1" Merkmal="1" Planquadrat="N&#xD;"/>
  <Strassen StrID="8403" StrName="Trakehnerweg" StrPLZ="30657" OrtID="1" Merkmal="1" Planquadrat="N&#xD;"/>
  <Strassen StrID="8404" StrName="Trammplatz" StrPLZ="30159" OrtID="1" Merkmal="1" Planquadrat="N&#xD;"/>
  <Strassen StrID="8405" StrName="Trappenkehre" StrPLZ="30455" OrtID="1" Merkmal="1" Planquadrat="N&#xD;"/>
  <Strassen StrID="8406" StrName="Trautenauer Hof" StrPLZ="30559" OrtID="1" Merkmal="1" Planquadrat="N&#xD;"/>
  <Strassen StrID="8407" StrName="Treitschkestraße" StrPLZ="30165" OrtID="1" Merkmal="1" Planquadrat="N&#xD;"/>
  <Strassen StrID="8408" StrName="Treptowweg" StrPLZ="30179" OrtID="1" Merkmal="1" Planquadrat="N&#xD;"/>
  <Strassen StrID="8409" StrName="Tresckowstraße" StrPLZ="30457" OrtID="1" Merkmal="1" Planquadrat="N&#xD;"/>
  <Strassen StrID="8410" StrName="Trierer Straße" StrPLZ="30173" OrtID="1" Merkmal="1" Planquadrat="N&#xD;"/>
  <Strassen StrID="8411" StrName="Tripweg" StrPLZ="30627" OrtID="1" Merkmal="1" Planquadrat="N&#xD;"/>
  <Strassen StrID="8412" StrName="Trojanstraße" StrPLZ="30177" OrtID="1" Merkmal="1" Planquadrat="N&#xD;"/>
  <Strassen StrID="8413" StrName="Trollweg" StrPLZ="30419" OrtID="1" Merkmal="1" Planquadrat="N&#xD;"/>
  <Strassen StrID="8414" StrName="Tronjeweg" StrPLZ="30455" OrtID="1" Merkmal="1" Planquadrat="N&#xD;"/>
  <Strassen StrID="8415" StrName="Troschkestraße" StrPLZ="30163" OrtID="1" Merkmal="1" Planquadrat="N&#xD;"/>
  <Strassen StrID="8416" StrName="Troskeweg" StrPLZ="30419" OrtID="1" Merkmal="1" Planquadrat="N&#xD;"/>
  <Strassen StrID="8417" StrName="Tulpenstraße" StrPLZ="30167" OrtID="1" Merkmal="1" Planquadrat="N&#xD;"/>
  <Strassen StrID="8418" StrName="Tulpenweg" StrPLZ="30457" OrtID="1" Merkmal="1" Planquadrat="N&#xD;"/>
  <Strassen StrID="8419" StrName="Tunxdorfer Schleife" StrPLZ="30539" OrtID="1" Merkmal="1" Planquadrat="N&#xD;"/>
  <Strassen StrID="8420" StrName="Türkstraße" StrPLZ="30167" OrtID="1" Merkmal="1" Planquadrat="N&#xD;"/>
  <Strassen StrID="8421" StrName="Turmstraße" StrPLZ="30165" OrtID="1" Merkmal="1" Planquadrat="N&#xD;"/>
  <Strassen StrID="8422" StrName="Twedenweg" StrPLZ="30453" OrtID="1" Merkmal="1" Planquadrat="N&#xD;"/>
  <Strassen StrID="8423" StrName="Tweerbreite" StrPLZ="30419" OrtID="1" Merkmal="1" Planquadrat="N&#xD;"/>
  <Strassen StrID="8424" StrName="Ubbenstraße" StrPLZ="30159" OrtID="1" Merkmal="1" Planquadrat="N&#xD;"/>
  <Strassen StrID="8425" StrName="Uelzestraße" StrPLZ="30177" OrtID="1" Merkmal="1" Planquadrat="N&#xD;"/>
  <Strassen StrID="8426" StrName="Uferweg" StrPLZ="30559" OrtID="1" Merkmal="1" Planquadrat="N&#xD;"/>
  <Strassen StrID="8427" StrName="Uferzeile" StrPLZ="30627" OrtID="1" Merkmal="1" Planquadrat="N&#xD;"/>
  <Strassen StrID="8428" StrName="Uhdestraße" StrPLZ="30171" OrtID="1" Merkmal="1" Planquadrat="N&#xD;"/>
  <Strassen StrID="8429" StrName="Uhlandstraße" StrPLZ="30629" OrtID="1" Merkmal="1" Planquadrat="N&#xD;"/>
  <Strassen StrID="8430" StrName="Uhlandstraße" StrPLZ="30167" OrtID="1" Merkmal="1" Planquadrat="N&#xD;"/>
  <Strassen StrID="8431" StrName="Uhlemeyerstraße" StrPLZ="30175" OrtID="1" Merkmal="1" Planquadrat="N&#xD;"/>
  <Strassen StrID="8432" StrName="Uhlenbornstraße" StrPLZ="30453" OrtID="1" Merkmal="1" Planquadrat="N&#xD;"/>
  <Strassen StrID="8433" StrName="Uhlenhuthweg" StrPLZ="30655" OrtID="1" Merkmal="1" Planquadrat="N&#xD;"/>
  <Strassen StrID="8434" StrName="Uhlestraße" StrPLZ="30655" OrtID="1" Merkmal="1" Planquadrat="N&#xD;"/>
  <Strassen StrID="8435" StrName="Uhlhornstraße" StrPLZ="30625" OrtID="1" Merkmal="1" Planquadrat="N&#xD;"/>
  <Strassen StrID="8436" StrName="Ulenflucht" StrPLZ="30659" OrtID="1" Merkmal="1" Planquadrat="N&#xD;"/>
  <Strassen StrID="8437" StrName="Ulmenweg" StrPLZ="30457" OrtID="1" Merkmal="1" Planquadrat="N&#xD;"/>
  <Strassen StrID="8438" StrName="Ulmer Straße" StrPLZ="30519" OrtID="1" Merkmal="1" Planquadrat="N&#xD;"/>
  <Strassen StrID="8439" StrName="Ulrichstraße" StrPLZ="30161" OrtID="1" Merkmal="1" Planquadrat="N&#xD;"/>
  <Strassen StrID="8440" StrName="Ungerstraße" StrPLZ="30451" OrtID="1" Merkmal="1" Planquadrat="N&#xD;"/>
  <Strassen StrID="8441" StrName="Unstrutweg" StrPLZ="30179" OrtID="1" Merkmal="1" Planquadrat="N&#xD;"/>
  <Strassen StrID="8442" StrName="Unter den Birken" StrPLZ="30459" OrtID="1" Merkmal="1" Planquadrat="N&#xD;"/>
  <Strassen StrID="8443" StrName="Unter den Eichen" StrPLZ="30419" OrtID="1" Merkmal="1" Planquadrat="N&#xD;"/>
  <Strassen StrID="8444" StrName="Untere Reihe" StrPLZ="30453" OrtID="1" Merkmal="1" Planquadrat="N&#xD;"/>
  <Strassen StrID="8445" StrName="Unverzagtweg" StrPLZ="30519" OrtID="1" Merkmal="1" Planquadrat="N&#xD;"/>
  <Strassen StrID="8446" StrName="Uslarplatz" StrPLZ="30659" OrtID="1" Merkmal="1" Planquadrat="N&#xD;"/>
  <Strassen StrID="8447" StrName="Vahrenheider Markt" StrPLZ="30179" OrtID="1" Merkmal="1" Planquadrat="N&#xD;"/>
  <Strassen StrID="8448" StrName="Vahrenwalder Park" StrPLZ="30163" OrtID="1" Merkmal="1" Planquadrat="N&#xD;"/>
  <Strassen StrID="8449" StrName="Vahrenwalder Platz" StrPLZ="30165" OrtID="1" Merkmal="1" Planquadrat="N&#xD;"/>
  <Strassen StrID="8450" StrName="Vahrenwalder Straße" StrHausBereich="1-223,2-212" StrPLZ="30165" OrtID="1" Merkmal="1" Planquadrat="N&#xD;"/>
  <Strassen StrID="8451" StrName="Vahrenwalder Straße" StrHausBereich="214-Ende,225-Ende" StrPLZ="30179" OrtID="1" Merkmal="1" Planquadrat="N&#xD;"/>
  <Strassen StrID="8452" StrName="Valentinweg" StrPLZ="30453" OrtID="1" Merkmal="1" Planquadrat="N&#xD;"/>
  <Strassen StrID="8453" StrName="Van-Gogh-Weg" StrPLZ="30177" OrtID="1" Merkmal="1" Planquadrat="N&#xD;"/>
  <Strassen StrID="8454" StrName="Varrelheide" StrPLZ="30657" OrtID="1" Merkmal="1" Planquadrat="N&#xD;"/>
  <Strassen StrID="8455" StrName="Varrelheidering" StrPLZ="30659" OrtID="1" Merkmal="1" Planquadrat="N&#xD;"/>
  <Strassen StrID="8456" StrName="Varrelmannstraße" StrPLZ="30453" OrtID="1" Merkmal="1" Planquadrat="N&#xD;"/>
  <Strassen StrID="8457" StrName="Vechteweg" StrPLZ="30539" OrtID="1" Merkmal="1" Planquadrat="N&#xD;"/>
  <Strassen StrID="8458" StrName="Veilchenstraße" StrPLZ="30175" OrtID="1" Merkmal="1" Planquadrat="N&#xD;"/>
  <Strassen StrID="8459" StrName="Velberstraße" StrPLZ="30451" OrtID="1" Merkmal="1" Planquadrat="N&#xD;"/>
  <Strassen StrID="8460" StrName="Velvetstraße" StrPLZ="30451" OrtID="1" Merkmal="1" Planquadrat="N&#xD;"/>
  <Strassen StrID="8461" StrName="Vennweg" StrPLZ="30519" OrtID="1" Merkmal="1" Planquadrat="N&#xD;"/>
  <Strassen StrID="8462" StrName="Verdener Hof" StrPLZ="30419" OrtID="1" Merkmal="1" Planquadrat="N&#xD;"/>
  <Strassen StrID="8463" StrName="Verdener Platz" StrPLZ="30419" OrtID="1" Merkmal="1" Planquadrat="N&#xD;"/>
  <Strassen StrID="8464" StrName="Verdener Straße" StrPLZ="30419" OrtID="1" Merkmal="1" Planquadrat="N&#xD;"/>
  <Strassen StrID="8465" StrName="Vereinstraße" StrPLZ="30175" OrtID="1" Merkmal="1" Planquadrat="N&#xD;"/>
  <Strassen StrID="8466" StrName="Victor-Schulte-Straße" StrPLZ="30539" OrtID="1" Merkmal="1" Planquadrat="N&#xD;"/>
  <Strassen StrID="8467" StrName="Vier Grenzen" StrPLZ="30177" OrtID="1" Merkmal="1" Planquadrat="N&#xD;"/>
  <Strassen StrID="8468" StrName="Vierthalerweg" StrPLZ="30173" OrtID="1" Merkmal="1" Planquadrat="N&#xD;"/>
  <Strassen StrID="8469" StrName="Viethof" StrPLZ="30165" OrtID="1" Merkmal="1" Planquadrat="N&#xD;"/>
  <Strassen StrID="8470" StrName="Viktoria-Luise-Weg" OrtID="1" Merkmal="1" Planquadrat="N&#xD;"/>
  <Strassen StrID="8471" StrName="Viktoriastraße" StrPLZ="30451" OrtID="1" Merkmal="1" Planquadrat="N&#xD;"/>
  <Strassen StrID="8472" StrName="Vinnhorster Rathausplatz" StrPLZ="30419" OrtID="1" Merkmal="1" Planquadrat="N&#xD;"/>
  <Strassen StrID="8473" StrName="Vinnhorster Weg" StrHausBereich="1-171,2-148" StrPLZ="30419" OrtID="1" Merkmal="1" Planquadrat="N&#xD;"/>
  <Strassen StrID="8474" StrName="Vinnhorster Weg" StrHausBereich="150-160" StrPLZ="30165" OrtID="1" Merkmal="1" Planquadrat="N&#xD;"/>
  <Strassen StrID="8475" StrName="Vinzenzstraße" StrPLZ="30559" OrtID="1" Merkmal="1" Planquadrat="N&#xD;"/>
  <Strassen StrID="8476" StrName="Virchowweg" StrPLZ="30655" OrtID="1" Merkmal="1" Planquadrat="N&#xD;"/>
  <Strassen StrID="8477" StrName="Vogelsang" StrPLZ="30459" OrtID="1" Merkmal="1" Planquadrat="N&#xD;"/>
  <Strassen StrID="8478" StrName="Vogelsbergstraße" StrPLZ="30657" OrtID="1" Merkmal="1" Planquadrat="N&#xD;"/>
  <Strassen StrID="8479" StrName="Vogesort" StrPLZ="30457" OrtID="1" Merkmal="1" Planquadrat="N&#xD;"/>
  <Strassen StrID="8480" StrName="Vogtländer Hof" StrPLZ="30179" OrtID="1" Merkmal="1" Planquadrat="N&#xD;"/>
  <Strassen StrID="8481" StrName="Völgerstraße" StrPLZ="30519" OrtID="1" Merkmal="1" Planquadrat="N&#xD;"/>
  <Strassen StrID="8482" StrName="Volgersweg" StrPLZ="30175" OrtID="1" Merkmal="1" Planquadrat="N&#xD;"/>
  <Strassen StrID="8483" StrName="Völklinger Straße" StrPLZ="30559" OrtID="1" Merkmal="1" Planquadrat="N&#xD;"/>
  <Strassen StrID="8484" StrName="Voltastraße" StrPLZ="30165" OrtID="1" Merkmal="1" Planquadrat="N&#xD;"/>
  <Strassen StrID="8485" StrName="Voltmerstraße" StrPLZ="30165" OrtID="1" Merkmal="1" Planquadrat="N&#xD;"/>
  <Strassen StrID="8486" StrName="Von-Alten-Allee" StrPLZ="30449" OrtID="1" Merkmal="1" Planquadrat="N&#xD;"/>
  <Strassen StrID="8487" StrName="Von-Alten-Garten" StrPLZ="30449" OrtID="1" Merkmal="1" Planquadrat="N&#xD;"/>
  <Strassen StrID="8488" StrName="Von-der-Decken-Straße" StrPLZ="30163" OrtID="1" Merkmal="1" Planquadrat="N&#xD;"/>
  <Strassen StrID="8489" StrName="Von-Escherte-Straße" StrPLZ="30539" OrtID="1" Merkmal="1" Planquadrat="N&#xD;"/>
  <Strassen StrID="8490" StrName="Von-Graevemeyer-Weg" StrPLZ="30539" OrtID="1" Merkmal="1" Planquadrat="N&#xD;"/>
  <Strassen StrID="8491" StrName="Vor der Kornhast" StrPLZ="30459" OrtID="1" Merkmal="1" Planquadrat="N&#xD;"/>
  <Strassen StrID="8492" StrName="Vor der Seelhorst" StrPLZ="30519" OrtID="1" Merkmal="1" Planquadrat="N&#xD;"/>
  <Strassen StrID="8493" StrName="Vordere Schöneworth" StrPLZ="30167" OrtID="1" Merkmal="1" Planquadrat="N&#xD;"/>
  <Strassen StrID="8494" StrName="Vormbrockweg" StrPLZ="30659" OrtID="1" Merkmal="1" Planquadrat="N&#xD;"/>
  <Strassen StrID="8495" StrName="Voßstraße" StrHausBereich="1-47,2-52" StrPLZ="30161" OrtID="1" Merkmal="1" Planquadrat="N&#xD;"/>
  <Strassen StrID="8496" StrName="Voßstraße" StrHausBereich="49-Ende,54-Ende" StrPLZ="30163" OrtID="1" Merkmal="1" Planquadrat="N&#xD;"/>
  <Strassen StrID="8497" StrName="Wachendorfer Hain" StrPLZ="30539" OrtID="1" Merkmal="1" Planquadrat="N&#xD;"/>
  <Strassen StrID="8498" StrName="Wachsbleiche" StrPLZ="30449" OrtID="1" Merkmal="1" Planquadrat="N&#xD;"/>
  <Strassen StrID="8499" StrName="Wachtelstieg" StrPLZ="30455" OrtID="1" Merkmal="1" Planquadrat="N&#xD;"/>
  <Strassen StrID="8500" StrName="Wackenroderstraße" StrPLZ="30559" OrtID="1" Merkmal="1" Planquadrat="N&#xD;"/>
  <Strassen StrID="8501" StrName="Wagenerstraße" StrPLZ="30169" OrtID="1" Merkmal="1" Planquadrat="N&#xD;"/>
  <Strassen StrID="8502" StrName="Wagenfeldstraße" StrPLZ="30519" OrtID="1" Merkmal="1" Planquadrat="N&#xD;"/>
  <Strassen StrID="8503" StrName="Waldenburger Weg" StrPLZ="30519" OrtID="1" Merkmal="1" Planquadrat="N&#xD;"/>
  <Strassen StrID="8504" StrName="Walderseestraße" StrHausBereich="1-7,2-6" StrPLZ="30163" OrtID="1" Merkmal="1" Planquadrat="N&#xD;"/>
  <Strassen StrID="8505" StrName="Walderseestraße" StrHausBereich="8-Ende,9-Ende" StrPLZ="30177" OrtID="1" Merkmal="1" Planquadrat="N&#xD;"/>
  <Strassen StrID="8506" StrName="Waldhausenstraße" StrPLZ="30519" OrtID="1" Merkmal="1" Planquadrat="N&#xD;"/>
  <Strassen StrID="8507" StrName="Waldheimstraße" StrPLZ="30519" OrtID="1" Merkmal="1" Planquadrat="N&#xD;"/>
  <Strassen StrID="8508" StrName="Waldmeisterweg" StrPLZ="30655" OrtID="1" Merkmal="1" Planquadrat="N&#xD;"/>
  <Strassen StrID="8509" StrName="Waldstraße" StrPLZ="30163" OrtID="1" Merkmal="1" Planquadrat="N&#xD;"/>
  <Strassen StrID="8510" StrName="Waldstraße" StrPLZ="30629" OrtID="1" Merkmal="1" Planquadrat="N&#xD;"/>
  <Strassen StrID="8511" StrName="Wallensteinstraße" StrPLZ="30459" OrtID="1" Merkmal="1" Planquadrat="N&#xD;"/>
  <Strassen StrID="8512" StrName="Wallmodenstraße" StrPLZ="30625" OrtID="1" Merkmal="1" Planquadrat="N&#xD;"/>
  <Strassen StrID="8513" StrName="Walsroder Straße" StrPLZ="30625" OrtID="1" Merkmal="1" Planquadrat="N&#xD;"/>
  <Strassen StrID="8514" StrName="Walter-Flex-Straße" StrPLZ="30177" OrtID="1" Merkmal="1" Planquadrat="N&#xD;"/>
  <Strassen StrID="8515" StrName="Walter-Gieseking-Straße" StrPLZ="30159" OrtID="1" Merkmal="1" Planquadrat="N&#xD;"/>
  <Strassen StrID="8516" StrName="Walter-Großmann-Weg" OrtID="1" Merkmal="1" Planquadrat="N&#xD;"/>
  <Strassen StrID="8517" StrName="Wangenheimstraße" StrPLZ="30625" OrtID="1" Merkmal="1" Planquadrat="N&#xD;"/>
  <Strassen StrID="8518" StrName="Warburghof" StrPLZ="30627" OrtID="1" Merkmal="1" Planquadrat="N&#xD;"/>
  <Strassen StrID="8519" StrName="Warmbüchenkamp" StrPLZ="30159" OrtID="1" Merkmal="1" Planquadrat="N&#xD;"/>
  <Strassen StrID="8520" StrName="Warmbüchenstraße" StrPLZ="30159" OrtID="1" Merkmal="1" Planquadrat="N&#xD;"/>
  <Strassen StrID="8521" StrName="Warnemünder Weg" StrPLZ="30625" OrtID="1" Merkmal="1" Planquadrat="N&#xD;"/>
  <Strassen StrID="8522" StrName="Warstraße" StrPLZ="30167" OrtID="1" Merkmal="1" Planquadrat="N&#xD;"/>
  <Strassen StrID="8523" StrName="Wartburgstraße" StrPLZ="30179" OrtID="1" Merkmal="1" Planquadrat="N&#xD;"/>
  <Strassen StrID="8524" StrName="Wartheweg" StrPLZ="30559" OrtID="1" Merkmal="1" Planquadrat="N&#xD;"/>
  <Strassen StrID="8525" StrName="Washingtonweg" StrPLZ="30519" OrtID="1" Merkmal="1" Planquadrat="N&#xD;"/>
  <Strassen StrID="8526" StrName="Wasseler Straße" StrPLZ="30539" OrtID="1" Merkmal="1" Planquadrat="N&#xD;"/>
  <Strassen StrID="8527" StrName="Wasserkampstraße" StrPLZ="30559" OrtID="1" Merkmal="1" Planquadrat="N&#xD;"/>
  <Strassen StrID="8528" StrName="Wasserweg" StrPLZ="30559" OrtID="1" Merkmal="1" Planquadrat="N&#xD;"/>
  <Strassen StrID="8529" StrName="Waßmannstraße" StrPLZ="30459" OrtID="1" Merkmal="1" Planquadrat="N&#xD;"/>
  <Strassen StrID="8530" StrName="Waterlooplatz" StrPLZ="30169" OrtID="1" Merkmal="1" Planquadrat="N&#xD;"/>
  <Strassen StrID="8531" StrName="Waterloostraße" StrPLZ="30169" OrtID="1" Merkmal="1" Planquadrat="N&#xD;"/>
  <Strassen StrID="8532" StrName="Weberstraße" StrPLZ="30449" OrtID="1" Merkmal="1" Planquadrat="N&#xD;"/>
  <Strassen StrID="8533" StrName="Weberstraße" StrPLZ="30629" OrtID="1" Merkmal="1" Planquadrat="N&#xD;"/>
  <Strassen StrID="8534" StrName="Weckenstraße" StrPLZ="30451" OrtID="1" Merkmal="1" Planquadrat="N&#xD;"/>
  <Strassen StrID="8535" StrName="Weddigenufer" StrPLZ="30167" OrtID="1" Merkmal="1" Planquadrat="N&#xD;"/>
  <Strassen StrID="8536" StrName="Wedekindplatz" StrPLZ="30161" OrtID="1" Merkmal="1" Planquadrat="N&#xD;"/>
  <Strassen StrID="8537" StrName="Wedekindstraße" StrPLZ="30161" OrtID="1" Merkmal="1" Planquadrat="N&#xD;"/>
  <Strassen StrID="8538" StrName="Wedelstraße" StrPLZ="30163" OrtID="1" Merkmal="1" Planquadrat="N&#xD;"/>
  <Strassen StrID="8539" StrName="Wedemeyerstraße" StrPLZ="30173" OrtID="1" Merkmal="1" Planquadrat="N&#xD;"/>
  <Strassen StrID="8540" StrName="Wefelsestraße" StrPLZ="30419" OrtID="1" Merkmal="1" Planquadrat="N&#xD;"/>
  <Strassen StrID="8541" StrName="Wegahof" StrPLZ="30419" OrtID="1" Merkmal="1" Planquadrat="N&#xD;"/>
  <Strassen StrID="8542" StrName="Wegenerstraße" StrPLZ="30175" OrtID="1" Merkmal="1" Planquadrat="N&#xD;"/>
  <Strassen StrID="8543" StrName="Wegerichtrift" StrPLZ="30657" OrtID="1" Merkmal="1" Planquadrat="N&#xD;"/>
  <Strassen StrID="8544" StrName="Wegsfeld" StrPLZ="30455" OrtID="1" Merkmal="1" Planquadrat="N&#xD;"/>
  <Strassen StrID="8545" StrName="Wegsfeldhof" StrPLZ="30455" OrtID="1" Merkmal="1" Planquadrat="N&#xD;"/>
  <Strassen StrID="8546" StrName="Wehrhahnhof" StrPLZ="30519" OrtID="1" Merkmal="1" Planquadrat="N&#xD;"/>
  <Strassen StrID="8547" StrName="Wehrleweg" StrPLZ="30457" OrtID="1" Merkmal="1" Planquadrat="N&#xD;"/>
  <Strassen StrID="8548" StrName="Weichselstraße" StrPLZ="30559" OrtID="1" Merkmal="1" Planquadrat="N&#xD;"/>
  <Strassen StrID="8549" StrName="Weichselstraße" StrPLZ="30519" OrtID="1" Merkmal="1" Planquadrat="N&#xD;"/>
  <Strassen StrID="8550" StrName="Weidemannweg" StrPLZ="30453" OrtID="1" Merkmal="1" Planquadrat="N&#xD;"/>
  <Strassen StrID="8551" StrName="Weidendamm" StrPLZ="30167" OrtID="1" Merkmal="1" Planquadrat="N&#xD;"/>
  <Strassen StrID="8552" StrName="Weidengrund" StrPLZ="30657" OrtID="1" Merkmal="1" Planquadrat="N&#xD;"/>
  <Strassen StrID="8553" StrName="Weidengrundbrücke" StrPLZ="30519" OrtID="1" Merkmal="1" Planquadrat="N&#xD;"/>
  <Strassen StrID="8554" StrName="Weidestraße" StrPLZ="30453" OrtID="1" Merkmal="1" Planquadrat="N&#xD;"/>
  <Strassen StrID="8555" StrName="Weidetorkreisel" StrPLZ="30655" OrtID="1" Merkmal="1" Planquadrat="N&#xD;"/>
  <Strassen StrID="8556" StrName="Weidetorstraße" StrPLZ="30655" OrtID="1" Merkmal="1" Planquadrat="N&#xD;"/>
  <Strassen StrID="8557" StrName="Weidewinkel" StrPLZ="30627" OrtID="1" Merkmal="1" Planquadrat="N&#xD;"/>
  <Strassen StrID="8558" StrName="Weidkämpe" StrPLZ="30659" OrtID="1" Merkmal="1" Planquadrat="N&#xD;"/>
  <Strassen StrID="8559" StrName="Weidkampshaide" StrPLZ="30659" OrtID="1" Merkmal="1" Planquadrat="N&#xD;"/>
  <Strassen StrID="8560" StrName="Weimarer Allee" StrPLZ="30179" OrtID="1" Merkmal="1" Planquadrat="N&#xD;"/>
  <Strassen StrID="8561" StrName="Weinschenkweg" StrPLZ="30459" OrtID="1" Merkmal="1" Planquadrat="N&#xD;"/>
  <Strassen StrID="8562" StrName="Weinstraße" StrPLZ="30171" OrtID="1" Merkmal="1" Planquadrat="N&#xD;"/>
  <Strassen StrID="8563" StrName="Weirauchstraße" StrPLZ="30419" OrtID="1" Merkmal="1" Planquadrat="N&#xD;"/>
  <Strassen StrID="8564" StrName="Weiserweg" StrPLZ="30519" OrtID="1" Merkmal="1" Planquadrat="N&#xD;"/>
  <Strassen StrID="8565" StrName="Weißdornweg" StrPLZ="30519" OrtID="1" Merkmal="1" Planquadrat="N&#xD;"/>
  <Strassen StrID="8566" StrName="Weiße Erde" StrPLZ="30629" OrtID="1" Merkmal="1" Planquadrat="N&#xD;"/>
  <Strassen StrID="8567" StrName="Weiße Hube" StrPLZ="30519" OrtID="1" Merkmal="1" Planquadrat="N&#xD;"/>
  <Strassen StrID="8568" StrName="Weiße Rose" StrPLZ="30457" OrtID="1" Merkmal="1" Planquadrat="N&#xD;"/>
  <Strassen StrID="8569" StrName="Weißekreuzplatz" StrPLZ="30161" OrtID="1" Merkmal="1" Planquadrat="N&#xD;"/>
  <Strassen StrID="8570" StrName="Weißekreuzstraße" StrPLZ="30161" OrtID="1" Merkmal="1" Planquadrat="N&#xD;"/>
  <Strassen StrID="8571" StrName="Weißenburgstraße" StrPLZ="30161" OrtID="1" Merkmal="1" Planquadrat="N&#xD;"/>
  <Strassen StrID="8572" StrName="Weizenfeldstraße" StrPLZ="30419" OrtID="1" Merkmal="1" Planquadrat="N&#xD;"/>
  <Strassen StrID="8573" StrName="Welfengarten" StrPLZ="30167" OrtID="1" Merkmal="1" Planquadrat="N&#xD;"/>
  <Strassen StrID="8574" StrName="Welfenplatz" StrPLZ="30161" OrtID="1" Merkmal="1" Planquadrat="N&#xD;"/>
  <Strassen StrID="8575" StrName="Welfenstraße" StrPLZ="30161" OrtID="1" Merkmal="1" Planquadrat="N&#xD;"/>
  <Strassen StrID="8576" StrName="Welkersdorfer Weg" StrPLZ="30539" OrtID="1" Merkmal="1" Planquadrat="N&#xD;"/>
  <Strassen StrID="8577" StrName="Wellingtonweg" StrPLZ="30163" OrtID="1" Merkmal="1" Planquadrat="N&#xD;"/>
  <Strassen StrID="8578" StrName="Wendehagen" StrPLZ="30419" OrtID="1" Merkmal="1" Planquadrat="N&#xD;"/>
  <Strassen StrID="8579" StrName="Wenderoder Weg" StrPLZ="30559" OrtID="1" Merkmal="1" Planquadrat="N&#xD;"/>
  <Strassen StrID="8580" StrName="Wendersche Goge" StrPLZ="30559" OrtID="1" Merkmal="1" Planquadrat="N&#xD;"/>
  <Strassen StrID="8581" StrName="Wendtlandstraße" StrPLZ="30419" OrtID="1" Merkmal="1" Planquadrat="N&#xD;"/>
  <Strassen StrID="8582" StrName="Wennigser Straße" StrPLZ="30459" OrtID="1" Merkmal="1" Planquadrat="N&#xD;"/>
  <Strassen StrID="8583" StrName="Werderstraße" StrPLZ="30161" OrtID="1" Merkmal="1" Planquadrat="N&#xD;"/>
  <Strassen StrID="8584" StrName="Werfelstraße" StrPLZ="30629" OrtID="1" Merkmal="1" Planquadrat="N&#xD;"/>
  <Strassen StrID="8585" StrName="Werftstraße" StrPLZ="30163" OrtID="1" Merkmal="1" Planquadrat="N&#xD;"/>
  <Strassen StrID="8586" StrName="Werlhofweg" StrPLZ="30655" OrtID="1" Merkmal="1" Planquadrat="N&#xD;"/>
  <Strassen StrID="8587" StrName="Werner-Blumenberg-Weg" StrPLZ="30457" OrtID="1" Merkmal="1" Planquadrat="N&#xD;"/>
  <Strassen StrID="8588" StrName="Wernerstraße" StrPLZ="30519" OrtID="1" Merkmal="1" Planquadrat="N&#xD;"/>
  <Strassen StrID="8589" StrName="Wernigeroder Weg" StrPLZ="30419" OrtID="1" Merkmal="1" Planquadrat="N&#xD;"/>
  <Strassen StrID="8590" StrName="Werrastraße" StrPLZ="30519" OrtID="1" Merkmal="1" Planquadrat="N&#xD;"/>
  <Strassen StrID="8591" StrName="Wesenerweg" StrPLZ="30419" OrtID="1" Merkmal="1" Planquadrat="N&#xD;"/>
  <Strassen StrID="8592" StrName="Weserstraße" StrPLZ="30519" OrtID="1" Merkmal="1" Planquadrat="N&#xD;"/>
  <Strassen StrID="8593" StrName="Wespyhof" StrPLZ="30519" OrtID="1" Merkmal="1" Planquadrat="N&#xD;"/>
  <Strassen StrID="8594" StrName="Wesselstraße" StrPLZ="30449" OrtID="1" Merkmal="1" Planquadrat="N&#xD;"/>
  <Strassen StrID="8595" StrName="Westerfeldstraße" StrPLZ="30419" OrtID="1" Merkmal="1" Planquadrat="N&#xD;"/>
  <Strassen StrID="8596" StrName="Westermannweg" StrPLZ="30419" OrtID="1" Merkmal="1" Planquadrat="N&#xD;"/>
  <Strassen StrID="8597" StrName="Westerwaldstraße" StrPLZ="30657" OrtID="1" Merkmal="1" Planquadrat="N&#xD;"/>
  <Strassen StrID="8598" StrName="Westphalweg" StrPLZ="30655" OrtID="1" Merkmal="1" Planquadrat="N&#xD;"/>
  <Strassen StrID="8599" StrName="Westpreußenufer" StrPLZ="30659" OrtID="1" Merkmal="1" Planquadrat="N&#xD;"/>
  <Strassen StrID="8600" StrName="Westschnellweg" OrtID="1" Merkmal="1" Planquadrat="N&#xD;"/>
  <Strassen StrID="8601" StrName="Weststraße" StrPLZ="30519" OrtID="1" Merkmal="1" Planquadrat="N&#xD;"/>
  <Strassen StrID="8602" StrName="Wettberger Edelhof" StrPLZ="30457" OrtID="1" Merkmal="1" Planquadrat="N&#xD;"/>
  <Strassen StrID="8603" StrName="Wettberger Straße" StrPLZ="30459" OrtID="1" Merkmal="1" Planquadrat="N&#xD;"/>
  <Strassen StrID="8604" StrName="Wettinerweg" StrPLZ="30179" OrtID="1" Merkmal="1" Planquadrat="N&#xD;"/>
  <Strassen StrID="8605" StrName="Wichernstraße" StrPLZ="30455" OrtID="1" Merkmal="1" Planquadrat="N&#xD;"/>
  <Strassen StrID="8606" StrName="Wichmannstraße" StrPLZ="30519" OrtID="1" Merkmal="1" Planquadrat="N&#xD;"/>
  <Strassen StrID="8607" StrName="Wickopweg" OrtID="1" Merkmal="1" Planquadrat="N&#xD;"/>
  <Strassen StrID="8608" StrName="Widemannstraße" StrPLZ="30625" OrtID="1" Merkmal="1" Planquadrat="N&#xD;"/>
  <Strassen StrID="8609" StrName="Wiehbergpark" StrPLZ="30519" OrtID="1" Merkmal="1" Planquadrat="N&#xD;"/>
  <Strassen StrID="8610" StrName="Wiehbergstraße" StrPLZ="30519" OrtID="1" Merkmal="1" Planquadrat="N&#xD;"/>
  <Strassen StrID="8611" StrName="Wiehegrund" StrPLZ="30519" OrtID="1" Merkmal="1" Planquadrat="N&#xD;"/>
  <Strassen StrID="8612" StrName="Wiehenweg" StrPLZ="30657" OrtID="1" Merkmal="1" Planquadrat="N&#xD;"/>
  <Strassen StrID="8613" StrName="Wielandstraße" StrPLZ="30169" OrtID="1" Merkmal="1" Planquadrat="N&#xD;"/>
  <Strassen StrID="8614" StrName="Wiener Straße" StrPLZ="30519" OrtID="1" Merkmal="1" Planquadrat="N&#xD;"/>
  <Strassen StrID="8615" StrName="Wienhauser Wende" StrPLZ="30625" OrtID="1" Merkmal="1" Planquadrat="N&#xD;"/>
  <Strassen StrID="8616" StrName="Wieselpfad" StrPLZ="30657" OrtID="1" Merkmal="1" Planquadrat="N&#xD;"/>
  <Strassen StrID="8617" StrName="Wiesenauer Straße" StrPLZ="30179" OrtID="1" Merkmal="1" Planquadrat="N&#xD;"/>
  <Strassen StrID="8618" StrName="Wiesenstraße" StrPLZ="30169" OrtID="1" Merkmal="1" Planquadrat="N&#xD;"/>
  <Strassen StrID="8619" StrName="Wietzegraben" StrPLZ="30179" OrtID="1" Merkmal="1" Planquadrat="N&#xD;"/>
  <Strassen StrID="8620" StrName="Wietzendiek" StrPLZ="30657" OrtID="1" Merkmal="1" Planquadrat="N&#xD;"/>
  <Strassen StrID="8621" StrName="Wietzeufer" StrPLZ="30657" OrtID="1" Merkmal="1" Planquadrat="N&#xD;"/>
  <Strassen StrID="8622" StrName="Wildenbruchstraße" StrPLZ="30171" OrtID="1" Merkmal="1" Planquadrat="N&#xD;"/>
  <Strassen StrID="8623" StrName="Wildermuthweg" StrPLZ="30171" OrtID="1" Merkmal="1" Planquadrat="N&#xD;"/>
  <Strassen StrID="8624" StrName="Wildthagenhof" StrPLZ="30453" OrtID="1" Merkmal="1" Planquadrat="N&#xD;"/>
  <Strassen StrID="8625" StrName="Wildthagenweg" StrPLZ="30453" OrtID="1" Merkmal="1" Planquadrat="N&#xD;"/>
  <Strassen StrID="8626" StrName="Wilhelm-Bluhm-Straße" StrPLZ="30451" OrtID="1" Merkmal="1" Planquadrat="N&#xD;"/>
  <Strassen StrID="8627" StrName="Wilhelm-Bünte-Straße" StrPLZ="30173" OrtID="1" Merkmal="1" Planquadrat="N&#xD;"/>
  <Strassen StrID="8628" StrName="Wilhelm-Busch-Straße" StrPLZ="30629" OrtID="1" Merkmal="1" Planquadrat="N&#xD;"/>
  <Strassen StrID="8629" StrName="Wilhelm-Busch-Straße" StrPLZ="30167" OrtID="1" Merkmal="1" Planquadrat="N&#xD;"/>
  <Strassen StrID="8630" StrName="Wilhelm-Göhrs-Straße" StrPLZ="30539" OrtID="1" Merkmal="1" Planquadrat="N&#xD;"/>
  <Strassen StrID="8631" StrName="Wilhelm-Hahn-Weg" StrPLZ="30457" OrtID="1" Merkmal="1" Planquadrat="N&#xD;"/>
  <Strassen StrID="8632" StrName="Wilhelm-Kröger-Weg" StrPLZ="30453" OrtID="1" Merkmal="1" Planquadrat="N&#xD;"/>
  <Strassen StrID="8633" StrName="Wilhelm-Patsche-Winkel" StrPLZ="30657" OrtID="1" Merkmal="1" Planquadrat="N&#xD;"/>
  <Strassen StrID="8634" StrName="Wilhelm-Raabe-Weg" StrPLZ="30453" OrtID="1" Merkmal="1" Planquadrat="N&#xD;"/>
  <Strassen StrID="8635" StrName="Wilhelm-Tell-Straße" StrPLZ="30629" OrtID="1" Merkmal="1" Planquadrat="N&#xD;"/>
  <Strassen StrID="8636" StrName="Wilhelmshavener Straße" StrPLZ="30167" OrtID="1" Merkmal="1" Planquadrat="N&#xD;"/>
  <Strassen StrID="8637" StrName="Wilhelmstraße" StrPLZ="30171" OrtID="1" Merkmal="1" Planquadrat="N&#xD;"/>
  <Strassen StrID="8638" StrName="Wilhelmstraße" StrPLZ="30457" OrtID="1" Merkmal="1" Planquadrat="N&#xD;"/>
  <Strassen StrID="8639" StrName="Wilkenburger Straße" StrPLZ="30519" OrtID="1" Merkmal="1" Planquadrat="N&#xD;"/>
  <Strassen StrID="8640" StrName="Wilkeninghof" StrPLZ="30659" OrtID="1" Merkmal="1" Planquadrat="N&#xD;"/>
  <Strassen StrID="8641" StrName="Wilksheide" StrPLZ="30459" OrtID="1" Merkmal="1" Planquadrat="N&#xD;"/>
  <Strassen StrID="8642" StrName="Willestraße" StrPLZ="30173" OrtID="1" Merkmal="1" Planquadrat="N&#xD;"/>
  <Strassen StrID="8643" StrName="Willführstraße" StrPLZ="30459" OrtID="1" Merkmal="1" Planquadrat="N&#xD;"/>
  <Strassen StrID="8644" StrName="Willmerstraße" StrPLZ="30519" OrtID="1" Merkmal="1" Planquadrat="N&#xD;"/>
  <Strassen StrID="8645" StrName="Willy-Brandt-Allee" StrPLZ="30169" OrtID="1" Merkmal="1" Planquadrat="N&#xD;"/>
  <Strassen StrID="8646" StrName="Willy-Wendt-Weg" StrPLZ="30457" OrtID="1" Merkmal="1" Planquadrat="N&#xD;"/>
  <Strassen StrID="8647" StrName="Willy-Wissiak-Winkel" StrPLZ="30657" OrtID="1" Merkmal="1" Planquadrat="N&#xD;"/>
  <Strassen StrID="8648" StrName="Wilmersdorfweg" StrPLZ="30179" OrtID="1" Merkmal="1" Planquadrat="N&#xD;"/>
  <Strassen StrID="8649" StrName="Wilseder Weg" StrPLZ="30625" OrtID="1" Merkmal="1" Planquadrat="N&#xD;"/>
  <Strassen StrID="8650" StrName="Windaustraße" StrPLZ="30163" OrtID="1" Merkmal="1" Planquadrat="N&#xD;"/>
  <Strassen StrID="8651" StrName="Windheimstraße" StrPLZ="30451" OrtID="1" Merkmal="1" Planquadrat="N&#xD;"/>
  <Strassen StrID="8652" StrName="Winhukstraße" StrPLZ="30455" OrtID="1" Merkmal="1" Planquadrat="N&#xD;"/>
  <Strassen StrID="8653" StrName="Windmühlenstraße" StrPLZ="30159" OrtID="1" Merkmal="1" Planquadrat="N&#xD;"/>
  <Strassen StrID="8654" StrName="Windthorststraße" StrPLZ="30167" OrtID="1" Merkmal="1" Planquadrat="N&#xD;"/>
  <Strassen StrID="8655" StrName="Winkelriede" StrPLZ="30627" OrtID="1" Merkmal="1" Planquadrat="N&#xD;"/>
  <Strassen StrID="8656" StrName="Winkelstraße" StrPLZ="30559" OrtID="1" Merkmal="1" Planquadrat="N&#xD;"/>
  <Strassen StrID="8657" StrName="Winsener Straße" StrPLZ="30625" OrtID="1" Merkmal="1" Planquadrat="N&#xD;"/>
  <Strassen StrID="8658" StrName="Winzingerodeweg" StrPLZ="30559" OrtID="1" Merkmal="1" Planquadrat="N&#xD;"/>
  <Strassen StrID="8659" StrName="Wipperweg" StrPLZ="30559" OrtID="1" Merkmal="1" Planquadrat="N&#xD;"/>
  <Strassen StrID="8660" StrName="Wischkämpe" StrPLZ="30419" OrtID="1" Merkmal="1" Planquadrat="N&#xD;"/>
  <Strassen StrID="8661" StrName="Wismarer Straße" StrPLZ="30625" OrtID="1" Merkmal="1" Planquadrat="N&#xD;"/>
  <Strassen StrID="8662" StrName="Wißmannstraße" StrPLZ="30173" OrtID="1" Merkmal="1" Planquadrat="N&#xD;"/>
  <Strassen StrID="8663" StrName="Wittboldstraße" StrPLZ="30419" OrtID="1" Merkmal="1" Planquadrat="N&#xD;"/>
  <Strassen StrID="8664" StrName="Wittekamp" StrHausBereich="1-19,2-16" StrPLZ="30177" OrtID="1" Merkmal="1" Planquadrat="N&#xD;"/>
  <Strassen StrID="8665" StrName="Wittekamp" StrHausBereich="18-Ende,21-Ende" StrPLZ="30163" OrtID="1" Merkmal="1" Planquadrat="N&#xD;"/>
  <Strassen StrID="8666" StrName="Wittekindstraße" StrPLZ="30449" OrtID="1" Merkmal="1" Planquadrat="N&#xD;"/>
  <Strassen StrID="8667" StrName="Wittenberger Straße" StrPLZ="30179" OrtID="1" Merkmal="1" Planquadrat="N&#xD;"/>
  <Strassen StrID="8668" StrName="Wittinger Straße" StrPLZ="30629" OrtID="1" Merkmal="1" Planquadrat="N&#xD;"/>
  <Strassen StrID="8669" StrName="Witzendorffstraße" StrPLZ="30163" OrtID="1" Merkmal="1" Planquadrat="N&#xD;"/>
  <Strassen StrID="8670" StrName="Witzenlebenweg" StrPLZ="30457" OrtID="1" Merkmal="1" Planquadrat="N&#xD;"/>
  <Strassen StrID="8671" StrName="Woermannstraße" StrPLZ="30455" OrtID="1" Merkmal="1" Planquadrat="N&#xD;"/>
  <Strassen StrID="8672" StrName="Wohlenbergstraße" StrPLZ="30179" OrtID="1" Merkmal="1" Planquadrat="N&#xD;"/>
  <Strassen StrID="8673" StrName="Wöhlerstraße" StrPLZ="30163" OrtID="1" Merkmal="1" Planquadrat="N&#xD;"/>
  <Strassen StrID="8674" StrName="Wolstedthof" StrPLZ="30455" OrtID="1" Merkmal="1" Planquadrat="N&#xD;"/>
  <Strassen StrID="8675" StrName="Wolfenbütteler Straße" StrPLZ="30519" OrtID="1" Merkmal="1" Planquadrat="N&#xD;"/>
  <Strassen StrID="8676" StrName="Wolfsburger Damm" StrPLZ="30625" OrtID="1" Merkmal="1" Planquadrat="N&#xD;"/>
  <Strassen StrID="8677" StrName="Wolfskuhle" StrPLZ="30559" OrtID="1" Merkmal="1" Planquadrat="N&#xD;"/>
  <Strassen StrID="8678" StrName="Wolfstraße" StrPLZ="30519" OrtID="1" Merkmal="1" Planquadrat="N&#xD;"/>
  <Strassen StrID="8679" StrName="Wolkerhof" StrPLZ="30455" OrtID="1" Merkmal="1" Planquadrat="N&#xD;"/>
  <Strassen StrID="8680" StrName="Wolliner Winkel" StrPLZ="30627" OrtID="1" Merkmal="1" Planquadrat="N&#xD;"/>
  <Strassen StrID="8681" StrName="Wollkämmerei" StrPLZ="30519" OrtID="1" Merkmal="1" Planquadrat="N&#xD;"/>
  <Strassen StrID="8682" StrName="Wollweg" StrPLZ="30519" OrtID="1" Merkmal="1" Planquadrat="N&#xD;"/>
  <Strassen StrID="8683" StrName="Woltmannweg" StrPLZ="30559" OrtID="1" Merkmal="1" Planquadrat="N&#xD;"/>
  <Strassen StrID="8684" StrName="Wörthstraße" StrPLZ="30161" OrtID="1" Merkmal="1" Planquadrat="N&#xD;"/>
  <Strassen StrID="8685" StrName="Wredestraße" StrPLZ="30173" OrtID="1" Merkmal="1" Planquadrat="N&#xD;"/>
  <Strassen StrID="8686" StrName="Wülfeler Bruch" StrPLZ="30519" OrtID="1" Merkmal="1" Planquadrat="N&#xD;"/>
  <Strassen StrID="8687" StrName="Wülfeler Holzbrücke" StrPLZ="30519" OrtID="1" Merkmal="1" Planquadrat="N&#xD;"/>
  <Strassen StrID="8688" StrName="Wülfeler Straße" StrPLZ="30539" OrtID="1" Merkmal="1" Planquadrat="N&#xD;"/>
  <Strassen StrID="8689" StrName="Wülferoder Platz" StrPLZ="30539" OrtID="1" Merkmal="1" Planquadrat="N&#xD;"/>
  <Strassen StrID="8690" StrName="Wülferoder Straße" StrPLZ="30539" OrtID="1" Merkmal="1" Planquadrat="N&#xD;"/>
  <Strassen StrID="8691" StrName="Wülferoder Weg" StrPLZ="30539" OrtID="1" Merkmal="1" Planquadrat="N&#xD;"/>
  <Strassen StrID="8692" StrName="Wulfeshorn" StrPLZ="30455" OrtID="1" Merkmal="1" Planquadrat="N&#xD;"/>
  <Strassen StrID="8693" StrName="Wulfspark" StrPLZ="30559" OrtID="1" Merkmal="1" Planquadrat="N&#xD;"/>
  <Strassen StrID="8694" StrName="Wullanger" StrPLZ="30459" OrtID="1" Merkmal="1" Planquadrat="N&#xD;"/>
  <Strassen StrID="8695" StrName="Wunstorfer Landstraße" StrPLZ="30453" OrtID="1" Merkmal="1" Planquadrat="N&#xD;"/>
  <Strassen StrID="8696" StrName="Wunstorfer Straße" StrPLZ="30453" OrtID="1" Merkmal="1" Planquadrat="N&#xD;"/>
  <Strassen StrID="8697" StrName="Wurmbergweg" StrPLZ="30419" OrtID="1" Merkmal="1" Planquadrat="N&#xD;"/>
  <Strassen StrID="8698" StrName="Yorckstraße" StrPLZ="30161" OrtID="1" Merkmal="1" Planquadrat="N&#xD;"/>
  <Strassen StrID="8699" StrName="Zaunkönigweg" StrPLZ="30627" OrtID="1" Merkmal="1" Planquadrat="N&#xD;"/>
  <Strassen StrID="8700" StrName="Zechsteinweg" StrPLZ="30455" OrtID="1" Merkmal="1" Planquadrat="N&#xD;"/>
  <Strassen StrID="8701" StrName="Zehlendorfweg" StrPLZ="30179" OrtID="1" Merkmal="1" Planquadrat="N&#xD;"/>
  <Strassen StrID="8702" StrName="Zeisigweg" StrPLZ="30455" OrtID="1" Merkmal="1" Planquadrat="N&#xD;"/>
  <Strassen StrID="8703" StrName="Zeißstraße" StrPLZ="30519" OrtID="1" Merkmal="1" Planquadrat="N&#xD;"/>
  <Strassen StrID="8704" StrName="Zellerfelder Allee" StrPLZ="30419" OrtID="1" Merkmal="1" Planquadrat="N&#xD;"/>
  <Strassen StrID="8705" StrName="Zeppelinstraße" StrPLZ="30175" OrtID="1" Merkmal="1" Planquadrat="N&#xD;"/>
  <Strassen StrID="8706" StrName="Ziegelstraße" StrPLZ="30453" OrtID="1" Merkmal="1" Planquadrat="N&#xD;"/>
  <Strassen StrID="8707" StrName="Ziegelstraße" StrPLZ="30519" OrtID="1" Merkmal="1" Planquadrat="N&#xD;"/>
  <Strassen StrID="8708" StrName="Zieglerhof" StrPLZ="30655" OrtID="1" Merkmal="1" Planquadrat="N&#xD;"/>
  <Strassen StrID="8709" StrName="Ziesenißstraße" StrPLZ="30455" OrtID="1" Merkmal="1" Planquadrat="N&#xD;"/>
  <Strassen StrID="8710" StrName="Ziesenisweg" StrPLZ="30627" OrtID="1" Merkmal="1" Planquadrat="N&#xD;"/>
  <Strassen StrID="8711" StrName="Ziesingweg" StrPLZ="30419" OrtID="1" Merkmal="1" Planquadrat="N&#xD;"/>
  <Strassen StrID="8712" StrName="Zietenstraße" StrPLZ="30163" OrtID="1" Merkmal="1" Planquadrat="N&#xD;"/>
  <Strassen StrID="8713" StrName="Zilleweg" StrPLZ="30457" OrtID="1" Merkmal="1" Planquadrat="N&#xD;"/>
  <Strassen StrID="8714" StrName="Zimmermannstraße" StrPLZ="30453" OrtID="1" Merkmal="1" Planquadrat="N&#xD;"/>
  <Strassen StrID="8715" StrName="Zittauer Hof" StrPLZ="30519" OrtID="1" Merkmal="1" Planquadrat="N&#xD;"/>
  <Strassen StrID="8716" StrName="Zobtenweg" StrPLZ="30627" OrtID="1" Merkmal="1" Planquadrat="N&#xD;"/>
  <Strassen StrID="8717" StrName="Zu den Mergelbrüchen" StrPLZ="30559" OrtID="1" Merkmal="1" Planquadrat="N&#xD;"/>
  <Strassen StrID="8718" StrName="Zuckmayerstraße" StrPLZ="30453" OrtID="1" Merkmal="1" Planquadrat="N&#xD;"/>
  <Strassen StrID="8719" StrName="Zum Brookland" StrPLZ="30629" OrtID="1" Merkmal="1" Planquadrat="N&#xD;"/>
  <Strassen StrID="8720" StrName="Zum Brunnenhof" StrPLZ="30659" OrtID="1" Merkmal="1" Planquadrat="N&#xD;"/>
  <Strassen StrID="8721" StrName="Zum Schleusengrund" StrPLZ="30453" OrtID="1" Merkmal="1" Planquadrat="N&#xD;"/>
  <Strassen StrID="8722" StrName="Zur Hindenburgschleuse" StrPLZ="30559" OrtID="1" Merkmal="1" Planquadrat="N&#xD;"/>
  <Strassen StrID="8723" StrName="Zur Mühle" StrPLZ="30559" OrtID="1" Merkmal="1" Planquadrat="N&#xD;"/>
  <Strassen StrID="8724" StrName="Zur Stadtgärtnerei" StrPLZ="30657" OrtID="1" Merkmal="1" Planquadrat="N&#xD;"/>
  <Strassen StrID="8725" StrName="Zuschlagstraße" StrPLZ="30559" OrtID="1" Merkmal="1" Planquadrat="N&#xD;"/>
  <Strassen StrID="8726" StrName="Zweibrückener Straße" StrPLZ="30559" OrtID="1" Merkmal="1" Planquadrat="N&#xD;"/>
  <Strassen StrID="8727" StrName="Zwickauer Straße" StrPLZ="30179" OrtID="1" Merkmal="1" Planquadrat="N&#xD;"/>
  <Strassen StrID="8728" StrName="Zwinglistraße" StrPLZ="30171" OrtID="1" Merkmal="1" Planquadrat="N&#xD;"/>
  <Strassen StrID="8729" StrName="Jahnstraße" StrPLZ="30823" OrtID="149" Merkmal="1" Planquadrat="N&#xD;"/>
  <Strassen StrID="8730" StrName="Beethovenstraße" StrPLZ="30851" OrtID="27" Merkmal="1" Planquadrat="N&#xD;"/>
  <Strassen StrID="8731" StrName="Händelstraße" StrPLZ="30851" OrtID="27" Merkmal="1" Planquadrat="N&#xD;"/>
  <Strassen StrID="8735" StrName="Steinkamp" StrPLZ="30974" OrtID="307" Merkmal="1" Planquadrat="N&#xD;"/>
  <Strassen StrID="8736" StrName="Stichbruch" StrPLZ="30916" OrtID="21" Merkmal="1" Planquadrat="N&#xD;"/>
  <Strassen StrID="8737" StrName="Sollingweg" StrPLZ="30851" OrtID="27" Merkmal="1" Planquadrat="N&#xD;"/>
  <Strassen StrID="8738" StrName="Leipnitzstraße" StrPLZ="30890" OrtID="2" Merkmal="1" Planquadrat="N&#xD;"/>
  <Strassen StrID="8739" StrName="Wennigser Straße" StrPLZ="30890" OrtID="2" Merkmal="1" Planquadrat="N&#xD;"/>
  <Strassen StrID="8740" StrName="Landstraße" StrPLZ="30890" OrtID="2" Merkmal="1" Planquadrat="N&#xD;"/>
  <Strassen StrID="8741" StrName="Untergasse" StrPLZ="63075" OrtID="351" Merkmal="1" Planquadrat="N&#xD;"/>
  <Strassen StrID="8742" StrName="Kirchstraße" StrPLZ="29313" OrtID="164" Merkmal="1" Planquadrat="N&#xD;"/>
  <Strassen StrID="8743" StrName="Düstere Straße" StrPLZ="37073" OrtID="158" Merkmal="1" Planquadrat="N&#xD;"/>
  <Strassen StrID="8744" StrName="Die Heide" StrPLZ="30890" OrtID="2" Merkmal="1" Planquadrat="N&#xD;"/>
  <Strassen StrID="8745" StrName="Kornstraße" StrPLZ="80333" OrtID="225" Merkmal="1" Planquadrat="N&#xD;"/>
  <Strassen StrID="8746" StrName="Am Schafenstein" StrPLZ="40233" OrtID="127" Merkmal="1" Planquadrat="N&#xD;"/>
  <Strassen StrID="8747" StrName="Gerhart-Hauptmann-Straße" StrPLZ="30890" OrtID="2" Merkmal="1" Planquadrat="N&#xD;"/>
  <Strassen StrID="8748" StrName="Hinrich-Braasch-Straße" StrPLZ="30900" OrtID="25" Merkmal="1" Planquadrat="N&#xD;"/>
  <Strassen StrID="8749" StrName="Hugo-Riechers-Straße" StrPLZ="30900" OrtID="25" Merkmal="1" Planquadrat="N&#xD;"/>
  <Strassen StrID="8750" StrName="Fürstenbergstraße" StrPLZ="33102" OrtID="252" Merkmal="1" Planquadrat="N&#xD;"/>
  <Strassen StrID="8751" StrName="Bückeburger Straße" StrPLZ="31710" OrtID="111" Merkmal="1" Planquadrat="N&#xD;"/>
  <Strassen StrID="8752" StrName="Danziger Straße" StrPLZ="30938" OrtID="40" Merkmal="1" Planquadrat="N&#xD;"/>
  <Strassen StrID="8753" StrName="Bukumer Straße" StrPLZ="30880" OrtID="200" Merkmal="1" Planquadrat="N&#xD;"/>
  <Strassen StrID="8754" StrName="Molkereistraße" StrPLZ="31832" OrtID="278" Merkmal="1" Planquadrat="N&#xD;"/>
  <Strassen StrID="8755" StrName="Brunnenstraße" StrPLZ="30989" OrtID="5" Merkmal="1" Planquadrat="N&#xD;"/>
  <Strassen StrID="8756" StrName="Mirahof" StrPLZ="30823" OrtID="149" Merkmal="1" Planquadrat="N&#xD;"/>
  <Strassen StrID="8757" StrName="Färberkamp" StrPLZ="46485" OrtID="352" Merkmal="1" Planquadrat="N&#xD;"/>
  <Strassen StrID="8758" StrName="Marburger Straße" StrPLZ="10789" OrtID="18" Merkmal="1" Planquadrat="N&#xD;"/>
  <Strassen StrID="8759" StrName="Am Wall" StrPLZ="28195" OrtID="109" Merkmal="1" Planquadrat="N&#xD;"/>
  <Strassen StrID="8760" StrName="Zum Blauen See" StrPLZ="40878" OrtID="353" Merkmal="1" Planquadrat="N&#xD;"/>
  <Strassen StrID="8761" StrName="Frankfurter Straße" StrPLZ="61422" OrtID="354" Merkmal="1" Planquadrat="N&#xD;"/>
  <Strassen StrID="8762" StrName="Schaezlerstraße" StrPLZ="86150" OrtID="355" Merkmal="1" Planquadrat="N&#xD;"/>
  <Strassen StrID="8763" StrName="Hoppenbichlstraße" StrPLZ="83064" OrtID="356" Merkmal="1" Planquadrat="N&#xD;"/>
  <Strassen StrID="8764" StrName="Am Krummen Graben" StrPLZ="63150" OrtID="181" Merkmal="1" Planquadrat="N&#xD;"/>
  <Strassen StrID="8765" StrName="Große Bäckerstraße" StrPLZ="20095" OrtID="39" Merkmal="1" Planquadrat="N&#xD;"/>
  <Strassen StrID="8766" StrName="An der Pfingstweide" StrPLZ="55278" OrtID="357" Merkmal="1" Planquadrat="N&#xD;"/>
  <Strassen StrID="8767" StrName="Hattorfstraße" StrPLZ="31515" OrtID="319" Merkmal="1" Planquadrat="N&#xD;"/>
  <Strassen StrID="8768" StrName="Schierstraße" StrPLZ="31558" OrtID="358" Merkmal="1" Planquadrat="N&#xD;"/>
  <Strassen StrID="8769" StrName="Seeweg" StrPLZ="30827" OrtID="149" Merkmal="1" Planquadrat="N&#xD;"/>
  <Strassen StrID="8770" StrName="Drosselweg" StrPLZ="30880" OrtID="200" Merkmal="1" Planquadrat="N&#xD;"/>
  <Strassen StrID="8771" StrName="Hildesheimerstraße" StrPLZ="31177" OrtID="173" Merkmal="1" Planquadrat="N&#xD;"/>
  <Strassen StrID="8773" StrName="Nordstraße" StrPLZ="59399" OrtID="359" Merkmal="1" Planquadrat="N&#xD;"/>
  <Strassen StrID="8774" StrName="Ziegeleiweg" StrPLZ="31174" OrtID="269" Merkmal="1" Planquadrat="N&#xD;"/>
  <Strassen StrID="8775" StrName="Wietzering" StrPLZ="30855" OrtID="27" Merkmal="1" Planquadrat="N&#xD;"/>
  <Strassen StrID="8776" StrName="Bauernwiesenweg" StrPLZ="30952" OrtID="3" Merkmal="1" Planquadrat="N&#xD;"/>
  <Strassen StrID="8777" StrName="Theodor-Storm-Straße" StrPLZ="30827" OrtID="149" Merkmal="1" Planquadrat="N&#xD;"/>
  <Strassen StrID="8779" StrName="Schwalbenweg" StrPLZ="30826" OrtID="149" Merkmal="1" Planquadrat="N&#xD;"/>
  <Strassen StrID="8780" StrName="Schulstraße" StrPLZ="38446" OrtID="315" Merkmal="1" Planquadrat="N&#xD;"/>
  <Strassen StrID="8781" StrName="Saarstraße" StrPLZ="38116" OrtID="8" Merkmal="1" Planquadrat="N&#xD;"/>
  <Strassen StrID="8782" StrName="Elbchaussee" StrPLZ="22587" OrtID="39" Merkmal="1" Planquadrat="N&#xD;"/>
  <Strassen StrID="8783" StrName="Talleweg" StrPLZ="33104" OrtID="252" Merkmal="1" Planquadrat="N&#xD;"/>
  <Strassen StrID="8784" StrName="Altenauweg" StrPLZ="38302" OrtID="314" Merkmal="1" Planquadrat="N&#xD;"/>
  <Strassen StrID="8785" StrName="Dr.-Gessler-Straße" StrPLZ="93051" OrtID="257" Merkmal="1" Planquadrat="N&#xD;"/>
  <Strassen StrID="8786" StrName="Am Fuchsengraben" StrPLZ="82319" OrtID="365" Merkmal="1" Planquadrat="N&#xD;"/>
  <Strassen StrID="8788" StrName="Am Brink" StrPLZ="27624" OrtID="367" Merkmal="1" Planquadrat="N&#xD;"/>
  <Strassen StrID="8789" StrName="Parcela" StrPLZ="XXX" OrtID="366" Merkmal="1" Planquadrat="N"/>
  <Strassen StrID="8790" StrName="Am Tönniesberg" StrPLZ="30453" OrtID="1" Merkmal="1" Planquadrat="N&#xD;"/>
  <Strassen StrID="8791" StrName="Am Prinzenrain" StrPLZ="53127" OrtID="26" Merkmal="1" Planquadrat="N&#xD;"/>
  <Strassen StrID="8792" StrName="Rolandstraße" StrPLZ="50677" OrtID="17" Merkmal="1" Planquadrat="N&#xD;"/>
  <Strassen StrID="8793" StrName="Im Stöhe" StrPLZ="30826" OrtID="149" Merkmal="1" Planquadrat="N&#xD;"/>
  <Strassen StrID="8794" StrName="Ginsterweg" StrPLZ="30827" OrtID="149" Merkmal="1" Planquadrat="N&#xD;"/>
  <Strassen StrID="8795" StrName="Krümpel" StrPLZ="30823" OrtID="149" Merkmal="1" Planquadrat="N&#xD;"/>
  <Strassen StrID="8796" StrName="Schleienweg" StrPLZ="29633" OrtID="368" Merkmal="1" Planquadrat="N&#xD;"/>
  <Strassen StrID="8797" StrName="Redener Weg" StrPLZ="30982" OrtID="253" Merkmal="1" Planquadrat="N&#xD;"/>
  <Strassen StrID="8798" StrName="Otto-Hahn-Str." StrPLZ="30880" OrtID="200" Merkmal="1" Planquadrat="N&#xD;"/>
  <Strassen StrID="8799" StrName="Kanzleistraße" StrPLZ="29221" OrtID="115" Merkmal="1" Planquadrat="N&#xD;"/>
  <Strassen StrID="8800" StrName="Mühlenstr." StrPLZ="40721" OrtID="369" Merkmal="1" Planquadrat="N&#xD;"/>
  <Strassen StrID="8802" StrName="Rolover Kirchweg" StrPLZ="30952" OrtID="3" Merkmal="1" Planquadrat="N&#xD;"/>
  <Strassen StrID="8803" StrName="Boschweg" StrPLZ="30926" OrtID="6" Merkmal="1" Planquadrat="N&#xD;"/>
  <Strassen StrID="8804" StrName="Hinter dem Dorfe" StrPLZ="30952" OrtID="3" Merkmal="1" Planquadrat="N&#xD;"/>
  <Strassen StrID="8805" StrName="Im Rolover Kirchweg" StrPLZ="30952" OrtID="3" Merkmal="1" Planquadrat="N&#xD;"/>
  <Strassen StrID="8806" StrName="Goldener Winkel" StrPLZ="31319" OrtID="276" Merkmal="1" Planquadrat="N&#xD;"/>
  <Strassen StrID="8807" StrName="Unter den Eichen" StrPLZ="29690" OrtID="211" Merkmal="1" Planquadrat="N&#xD;"/>
  <Strassen StrID="8808" StrName="Birkenweg" StrPLZ="30916" OrtID="21" Merkmal="1" Planquadrat="N&#xD;"/>
  <Strassen StrID="8809" StrName="Schwarzer Weg" StrPLZ="31224" OrtID="7" Merkmal="1" Planquadrat="N&#xD;"/>
  <Strassen StrID="8810" StrName="Tegeler Straße" StrPLZ="30853" OrtID="27" Merkmal="1" Planquadrat="N&#xD;"/>
  <Strassen StrID="8811" StrName="Klintweg" StrPLZ="38527" OrtID="217" Merkmal="1" Planquadrat="N&#xD;"/>
  <Strassen StrID="8812" StrName="Bunnenbergstraße" StrPLZ="30823" OrtID="149" Merkmal="1" Planquadrat="N&#xD;"/>
  <Strassen StrID="8813" StrName="Hauptstraße" StrPLZ="26689" OrtID="371" Merkmal="1" Planquadrat="N&#xD;"/>
  <Strassen StrID="8814" StrName="Marathonallee" StrPLZ="14052" OrtID="18" Merkmal="1" Planquadrat="N&#xD;"/>
  <Strassen StrID="8815" StrName="Tietzenweg" StrPLZ="12203" OrtID="18" Merkmal="1" Planquadrat="N&#xD;"/>
  <Strassen StrID="8816" StrName="Solinger Straße" StrPLZ="10555" OrtID="18" Merkmal="1" Planquadrat="N&#xD;"/>
  <Strassen StrID="8818" StrName="Breslauer Straße" StrPLZ="29308" OrtID="375" Merkmal="1" Planquadrat="N&#xD;"/>
  <Strassen StrID="8821" StrName="Posener Straße" StrPLZ="30827" OrtID="149" Merkmal="1" Planquadrat="N&#xD;"/>
  <Strassen StrID="8823" StrName="Auf der Haube" StrPLZ="30826" OrtID="149" Merkmal="1" Planquadrat="N&#xD;"/>
  <Strassen StrID="8824" StrName="Planetenring" StrPLZ="30823" OrtID="149" Merkmal="1" Planquadrat="N&#xD;"/>
  <Strassen StrID="8825" StrName="Lindenstraße" StrPLZ="31535" OrtID="22" Merkmal="1" Planquadrat="N&#xD;"/>
  <Strassen StrID="8826" StrName="Theordor-Althof-Straße" StrPLZ="45133" OrtID="42" Merkmal="1" Planquadrat="N&#xD;"/>
  <Strassen StrID="8827" StrName="Engelkestraße" StrPLZ="30926" OrtID="6" Merkmal="1" Planquadrat="N&#xD;"/>
  <Strassen StrID="8828" StrName="Stephanusstraße" StrPLZ="30827" OrtID="149" Merkmal="1" Planquadrat="N&#xD;"/>
  <Strassen StrID="8829" StrName="Salzstraße" StrPLZ="21335" OrtID="376" Merkmal="1" Planquadrat="N&#xD;"/>
  <Strassen StrID="8830" StrName="Schulstraße" StrPLZ="30926" OrtID="6" Merkmal="1" Planquadrat="N&#xD;"/>
  <Strassen StrID="8831" StrName="Im Rischedahle" StrPLZ="30926" OrtID="6" Merkmal="1" Planquadrat="N&#xD;"/>
  <Strassen StrID="8832" StrName="Am Thie" StrPLZ="30880" OrtID="200" Merkmal="1" Planquadrat="N&#xD;"/>
  <Strassen StrID="8833" StrName="Jahnstraße" StrPLZ="31655" OrtID="32" Merkmal="1" Planquadrat="N&#xD;"/>
  <Strassen StrID="8835" StrName="Hellendorfer Kirchweg" StrPLZ="30900" OrtID="25" Merkmal="1" Planquadrat="N&#xD;"/>
  <Strassen StrID="8836" StrName="Theodorstraße" StrPLZ="30827" OrtID="149" Merkmal="1" Planquadrat="N&#xD;"/>
  <Strassen StrID="8837" StrName="Springer Landstraße" StrPLZ="31789" OrtID="19" Merkmal="1" Planquadrat="N&#xD;"/>
  <Strassen StrID="8838" StrName="Schützenplatz" StrPLZ="30926" OrtID="6" Merkmal="1" Planquadrat="N&#xD;"/>
  <Strassen StrID="8839" StrName="Ginsterweg" StrPLZ="31832" OrtID="278" Merkmal="1" Planquadrat="N&#xD;"/>
  <Strassen StrID="8840" StrName="Schlehenweg" StrPLZ="31832" OrtID="278" Merkmal="1" Planquadrat="N&#xD;"/>
  <Strassen StrID="8841" StrName="Fuchstrift" StrPLZ="30926" OrtID="6" Merkmal="1" Planquadrat="N&#xD;"/>
  <Strassen StrID="8842" StrName="Lerchenkamp" StrPLZ="30926" OrtID="6" Merkmal="1" Planquadrat="N&#xD;"/>
  <Strassen StrID="8843" StrName="Fritz-Schwerdtfeger-Weg" StrPLZ="30916" OrtID="21" Merkmal="1" Planquadrat="N&#xD;"/>
  <Strassen StrID="8844" StrName="Am Kamp" StrPLZ="30880" OrtID="200" Merkmal="1" Planquadrat="N&#xD;"/>
  <Strassen StrID="8845" StrName="Varrelweg" StrPLZ="30916" OrtID="21" Merkmal="1" Planquadrat="N&#xD;"/>
  <Strassen StrID="8846" StrName="Achterkamp" StrPLZ="27777" OrtID="378" Merkmal="1" Planquadrat="N&#xD;"/>
  <Strassen StrID="8847" StrName="Maschweg" StrPLZ="30966" OrtID="13" Merkmal="1" Planquadrat="N&#xD;"/>
  <Strassen StrID="8848" StrName="Schauenburgerstraße" StrPLZ="20095" OrtID="39" Merkmal="1" Planquadrat="N&#xD;"/>
  <Strassen StrID="8849" StrName="Rabenstraße" StrPLZ="20354" OrtID="39" Merkmal="1" Planquadrat="N&#xD;"/>
  <Strassen StrID="8850" StrName="Bockenheimer Landstraße" StrPLZ="60323" OrtID="41" Merkmal="1" Planquadrat="N&#xD;"/>
  <Strassen StrID="8851" StrName="Basteistraße" StrPLZ="53173" OrtID="26" Merkmal="1" Planquadrat="N&#xD;"/>
  <Strassen StrID="8852" StrName="Vorm Dorfe" StrPLZ="30966" OrtID="13" Merkmal="1" Planquadrat="N&#xD;"/>
  <Strassen StrID="8853" StrName="Am Dornbusch" StrPLZ="30800" OrtID="25" Merkmal="1" Planquadrat="N&#xD;"/>
  <Strassen StrID="8854" StrName="Heinrich-Heine-Straße" StrPLZ="38102" OrtID="8" Merkmal="1" Planquadrat="N&#xD;"/>
  <Strassen StrID="8855" StrName="Bahnhofstraße" StrPLZ="31134" OrtID="9" Merkmal="1" Planquadrat="N&#xD;"/>
  <Strassen StrID="8856" StrName="Düsseldorfer Straße" StrPLZ="10707" OrtID="18" Merkmal="1" Planquadrat="N&#xD;"/>
  <Strassen StrID="8857" StrName="Im Hasenwinkel" StrPLZ="30827" OrtID="149" Merkmal="1" Planquadrat="N&#xD;"/>
  <Strassen StrID="8858" StrName="Wagnerstraße" StrPLZ="30823" OrtID="149" Merkmal="1" Planquadrat="N&#xD;"/>
  <Strassen StrID="8860" StrName="Metjendorfer Straße" StrPLZ="26180" OrtID="379" Merkmal="1" Planquadrat="N&#xD;"/>
  <Strassen StrID="8861" StrName="Erstes Wartegäßchen" StrPLZ="60598" OrtID="41" Merkmal="1" Planquadrat="N&#xD;"/>
  <Strassen StrID="8862" StrName="Mollsfeld" StrPLZ="40670" OrtID="380" Merkmal="1" Planquadrat="N&#xD;"/>
  <Strassen StrID="8863" StrName="Rosenstraße" StrPLZ="30966" OrtID="13" Merkmal="1" Planquadrat="N&#xD;"/>
  <Strassen StrID="8864" StrName="Hammelstein" StrPLZ="31787" OrtID="19" Merkmal="1" Planquadrat="N&#xD;"/>
  <Strassen StrID="8865" StrName="Bahnhofstraße" StrPLZ="30926" OrtID="6" Merkmal="1" Planquadrat="N&#xD;"/>
  <Strassen StrID="8866" StrName="Heinrich-Lödding-Straße" StrPLZ="30823" OrtID="149" Merkmal="1" Planquadrat="N&#xD;"/>
  <Strassen StrID="8867" StrName="Am Acker" StrPLZ="30853" OrtID="27" Merkmal="1" Planquadrat="N&#xD;"/>
  <Strassen StrID="8868" StrName="Am Sonnenhang" StrPLZ="30989" OrtID="5" Merkmal="1" Planquadrat="N&#xD;"/>
  <Strassen StrID="8869" StrName="Eichenallee" StrPLZ="21521" OrtID="382" Merkmal="1" Planquadrat="N&#xD;"/>
  <Strassen StrID="8870" StrName="Söhrensen Weg" StrPLZ="22587" OrtID="39" Merkmal="1" Planquadrat="N&#xD;"/>
  <Strassen StrID="8871" StrName="Alsterufer" StrPLZ="20354" OrtID="39" Merkmal="1" Planquadrat="N&#xD;"/>
  <Strassen StrID="8872" StrName="Völklingerstraße" StrPLZ="40219" OrtID="127" Merkmal="1" Planquadrat="N&#xD;"/>
  <Strassen StrID="8873" StrName="Essener Straße" StrPLZ="46047" OrtID="384" Merkmal="1" Planquadrat="N&#xD;"/>
  <Strassen StrID="8874" StrName="Kaiserwerther Straße" StrPLZ="40882" OrtID="353" Merkmal="1" Planquadrat="N&#xD;"/>
  <Strassen StrID="8875" StrName="Kurhausstraße" StrPLZ="31542" OrtID="91" Merkmal="1" Planquadrat="N&#xD;"/>
  <Strassen StrID="8877" StrName="Kirchweg" StrPLZ="30900" OrtID="25" Merkmal="1" Planquadrat="N&#xD;"/>
  <Strassen StrID="8878" StrName="Wildenbruchstraße" StrPLZ="15230" OrtID="385" Merkmal="1" Planquadrat="N&#xD;"/>
  <Strassen StrID="8879" StrName="Friedrich-Ebert-Straße" StrPLZ="45473" OrtID="386" Merkmal="1" Planquadrat="N&#xD;"/>
  <Strassen StrID="8880" StrName="Mühlenstraße" StrPLZ="30938" OrtID="40" Merkmal="1" Planquadrat="N&#xD;"/>
  <Strassen StrID="8881" StrName="Hermann-Sievers-Weg" StrPLZ="30900" OrtID="25" Merkmal="1" Planquadrat="N&#xD;"/>
  <Strassen StrID="8882" StrName="Groß-Buchholzer Straße" StrPLZ="30655" OrtID="1" Merkmal="1" Planquadrat="N&#xD;"/>
  <Strassen StrID="8883" StrName="Winterhuder Weg" StrPLZ="22085" OrtID="39" Merkmal="1" Planquadrat="N&#xD;"/>
  <Strassen StrID="8884" StrName="Auf dem Grevel" StrPLZ="53343" OrtID="388" Merkmal="1" Planquadrat="N&#xD;"/>
  <Strassen StrID="8885" StrName="Lülingstraße" StrPLZ="31675" OrtID="112" Merkmal="1" Planquadrat="N&#xD;"/>
  <Strassen StrID="8886" StrName="Alte Bahnhofstraße" StrPLZ="31275" OrtID="4" Merkmal="1" Planquadrat="N&#xD;"/>
  <Strassen StrID="8887" StrName="Bernhard-Caspar-Straße" StrPLZ="30453" OrtID="1" Merkmal="1" Planquadrat="N&#xD;"/>
  <Strassen StrID="8888" StrName="Bachstraße" StrPLZ="30851" OrtID="27" Merkmal="1" Planquadrat="N&#xD;"/>
  <Strassen StrID="8889" StrName="Sonnenstraße" StrPLZ="80331" OrtID="225" Merkmal="1" Planquadrat="N&#xD;"/>
  <Strassen StrID="8890" StrName="Wümmehof" StrPLZ="30851" OrtID="27" Merkmal="1" Planquadrat="N&#xD;"/>
  <Strassen StrID="8892" StrName="Rajensdorf" StrPLZ="24107" OrtID="389" Merkmal="1" Planquadrat="N&#xD;"/>
  <Strassen StrID="8897" StrName="Im Kolke" StrPLZ="30826" OrtID="149" Merkmal="1" Planquadrat="N&#xD;"/>
  <Strassen StrID="8898" StrName="Im Hespe" StrPLZ="30827" OrtID="149" Merkmal="1" Planquadrat="N&#xD;"/>
  <Strassen StrID="8899" StrName="Rote Reihe" StrPLZ="30827" OrtID="149" Merkmal="1" Planquadrat="N&#xD;"/>
  <Strassen StrID="8900" StrName="Auf dem Kampe" StrPLZ="30827" OrtID="149" Merkmal="1" Planquadrat="N&#xD;"/>
  <Strassen StrID="8901" StrName="Uferstraße" StrPLZ="30926" OrtID="6" Merkmal="1" Planquadrat="N&#xD;"/>
  <Strassen StrID="8902" StrName="Fritz-Erler-Straße" StrPLZ="30926" OrtID="6" Merkmal="1" Planquadrat="N&#xD;"/>
  <Strassen StrID="8903" StrName="Elisabeth-Frucht-Straße" StrPLZ="30926" OrtID="6" Merkmal="1" Planquadrat="N&#xD;"/>
  <Strassen StrID="8904" StrName="Max-Planck-Straße" StrPLZ="31535" OrtID="22" Merkmal="1" Planquadrat="N&#xD;"/>
  <Strassen StrID="8905" StrName="Krummer Kamp" StrPLZ="30855" OrtID="27" Merkmal="1" Planquadrat="N&#xD;"/>
  <Strassen StrID="8906" StrName="Bachstraße" StrPLZ="31535" OrtID="22" Merkmal="1" Planquadrat="N&#xD;"/>
  <Strassen StrID="8907" StrName="Im Eschenweg" StrPLZ="30855" OrtID="27" Merkmal="1" Planquadrat="N&#xD;"/>
  <Strassen StrID="8908" StrName="Oppelner Straße" StrPLZ="30880" OrtID="200" Merkmal="1" Planquadrat="N&#xD;"/>
  <Strassen StrID="8909" StrName="Emil-von-Behring-Straße" StrPLZ="30853" OrtID="27" Merkmal="1" Planquadrat="N&#xD;"/>
  <Strassen StrID="8910" StrName="Im Stiegfeld" StrPLZ="31319" OrtID="276" Merkmal="1" Planquadrat="N&#xD;"/>
  <Strassen StrID="8911" StrName="Wesostraße" StrPLZ="76327" OrtID="398" Merkmal="1" Planquadrat="N&#xD;"/>
  <Strassen StrID="8912" StrName="Kochlandsweg" StrPLZ="30823" OrtID="149" Merkmal="1" Planquadrat="N&#xD;"/>
  <Strassen StrID="8913" StrName="Falkensteiner Straße" StrPLZ="61462" OrtID="354" Merkmal="1" Planquadrat="N&#xD;"/>
  <Strassen StrID="8915" StrName="Hugo-Amelung-Straße" StrPLZ="61462" OrtID="354" Merkmal="1" Planquadrat="N&#xD;"/>
  <Strassen StrID="8916" StrName="Am Schafbrinke" StrPLZ="30519" OrtID="1" Merkmal="1" Planquadrat="N&#xD;"/>
  <Strassen StrID="8917" StrName="Thomasstraße" StrPLZ="30926" OrtID="6" Merkmal="1" Planquadrat="N&#xD;"/>
  <Strassen StrID="8918" StrName="Goethestraße" StrPLZ="30827" OrtID="149" Merkmal="1" Planquadrat="N&#xD;"/>
  <Strassen StrID="8919" StrName="Adolf-Wissel-Straße" StrPLZ="30926" OrtID="6" Merkmal="1" Planquadrat="N&#xD;"/>
  <Strassen StrID="8920" StrName="Rehmenbreiten" StrPLZ="30966" OrtID="13" Merkmal="1" Planquadrat="N&#xD;"/>
  <Strassen StrID="8921" StrName="Vater Jahn Straße" StrPLZ="31275" OrtID="4" Merkmal="1" Planquadrat="N&#xD;"/>
  <Strassen StrID="8922" StrName="Philosophenring" StrPLZ="53177" OrtID="26" Merkmal="1" Planquadrat="N&#xD;"/>
  <Strassen StrID="8923" StrName="Eisenstraße" StrPLZ="30916" OrtID="21" Merkmal="1" Planquadrat="N&#xD;"/>
  <Strassen StrID="8924" StrName="Moltkestraße" StrPLZ="24837" OrtID="399" Merkmal="1" Planquadrat="N&#xD;"/>
  <Strassen StrID="8926" StrName="Klingenberg" StrPLZ="25452" OrtID="400" Merkmal="1" Planquadrat="N&#xD;"/>
  <Strassen StrID="8927" StrName="An der Kleinen Straße" StrPLZ="31535" OrtID="22" Merkmal="1" Planquadrat="N&#xD;"/>
  <Strassen StrID="8928" StrName="Schäfertrift" OrtID="135" Merkmal="1" Planquadrat="N&#xD;"/>
  <Strassen StrID="8929" StrName="Jägerweg" StrPLZ="38448" OrtID="315" Merkmal="1" Planquadrat="N&#xD;"/>
  <Strassen StrID="8930" StrName="Invalidenstraße" StrPLZ="10115" OrtID="18" Merkmal="1" Planquadrat="N&#xD;"/>
  <Strassen StrID="8931" StrName="Hornteichwiesen" StrPLZ="30938" OrtID="40" Merkmal="1" Planquadrat="N&#xD;"/>
  <Strassen StrID="8932" StrName="Feldstraße" StrPLZ="30938" OrtID="40" Merkmal="1" Planquadrat="N&#xD;"/>
  <Strassen StrID="8933" StrName="Sandwanne" StrPLZ="31171" OrtID="241" Merkmal="1" Planquadrat="N&#xD;"/>
  <Strassen StrID="8934" StrName="Neue Straße" StrPLZ="31134" OrtID="9" Merkmal="1" Planquadrat="N&#xD;"/>
  <Strassen StrID="8935" StrName="Ellerngrund" StrPLZ="31303" OrtID="20" Merkmal="1" Planquadrat="N&#xD;"/>
  <Strassen StrID="8936" StrName="Wintersteinstraße" StrPLZ="61273" OrtID="401" Merkmal="1" Planquadrat="N&#xD;"/>
  <Strassen StrID="8937" StrName="Im Siek" StrPLZ="31085" OrtID="402" Merkmal="1" Planquadrat="N&#xD;"/>
  <Strassen StrID="8938" StrName="Heinrich-Henstorf-Straße" StrPLZ="30900" OrtID="25" Merkmal="1" Planquadrat="N&#xD;"/>
  <Strassen StrID="8939" StrName="Gartenstraße" StrPLZ="31141" OrtID="9" Merkmal="1" Planquadrat="N&#xD;"/>
  <Strassen StrID="8940" StrName="Cosimastraße" StrPLZ="81927" OrtID="225" Merkmal="1" Planquadrat="N&#xD;"/>
  <Strassen StrID="8941" StrName="Ummilostraße" StrPLZ="31191" OrtID="76" Merkmal="1" Planquadrat="N&#xD;"/>
  <Strassen StrID="8942" StrName="Zum Klay" StrPLZ="31171" OrtID="241" Merkmal="1" Planquadrat="N&#xD;"/>
  <Strassen StrID="8943" StrName="Celler Straße" StrPLZ="29525" OrtID="403" Merkmal="1" Planquadrat="N&#xD;"/>
  <Strassen StrID="8944" StrName="Bürgermeister-Ewert-Straße" StrPLZ="30880" OrtID="200" Merkmal="1" Planquadrat="N&#xD;"/>
  <Strassen StrID="8945" StrName="Pfarrland" StrPLZ="30900" OrtID="25" Merkmal="1" Planquadrat="N&#xD;"/>
  <Strassen StrID="8946" StrName="Gartenstraße" StrPLZ="31542" OrtID="91" Merkmal="1" Planquadrat="N&#xD;"/>
  <Strassen StrID="8947" StrName="Im langen Felde" StrPLZ="30938" OrtID="40" Merkmal="1" Planquadrat="N&#xD;"/>
  <Strassen StrID="8948" StrName="Bussardhorst" StrPLZ="30823" OrtID="149" Merkmal="1" Planquadrat="N&#xD;"/>
  <Strassen StrID="8949" StrName="Im Riepenfelde" StrPLZ="30966" OrtID="13" Merkmal="1" Planquadrat="N&#xD;"/>
  <Strassen StrID="8950" StrName="Cardenap" StrPLZ="38518" OrtID="155" Merkmal="1" Planquadrat="N&#xD;"/>
  <Strassen StrID="8951" StrName="Linzer Straße" StrPLZ="30519" OrtID="200" Merkmal="1" Planquadrat="N&#xD;"/>
  <Strassen StrID="8952" StrName="Hartrehre" StrPLZ="30926" OrtID="6" Merkmal="1" Planquadrat="N&#xD;"/>
  <Strassen StrID="8953" StrName="Mergenfeld" StrPLZ="41812" OrtID="404" Merkmal="1" Planquadrat="N&#xD;"/>
  <Strassen StrID="8954" StrName="Venloer Straße" StrPLZ="50672" OrtID="17" Merkmal="1" Planquadrat="N&#xD;"/>
  <Strassen StrID="8955" StrName="Hilgerskamp" StrPLZ="30880" OrtID="200" Merkmal="1" Planquadrat="N&#xD;"/>
  <Strassen StrID="8956" StrName="Annastraße" StrPLZ="30826" OrtID="149" Merkmal="1" Planquadrat="N&#xD;"/>
  <Strassen StrID="8957" StrName="Allerweg" StrPLZ="30827" OrtID="149" Merkmal="1" Planquadrat="N&#xD;"/>
  <Strassen StrID="8958" StrName="Uferweg" StrPLZ="30952" OrtID="3" Merkmal="1" Planquadrat="N&#xD;"/>
  <Strassen StrID="8959" StrName="Am Westende" StrPLZ="31303" OrtID="20" Merkmal="1" Planquadrat="N&#xD;"/>
  <Strassen StrID="8960" StrName="Bergstraße" StrPLZ="31832" OrtID="278" Merkmal="1" Planquadrat="N&#xD;"/>
  <Strassen StrID="8961" StrName="Karolingerring" StrPLZ="50678" OrtID="17" Merkmal="1" Planquadrat="N&#xD;"/>
  <Strassen StrID="8962" StrName="An der Masch" StrPLZ="30880" OrtID="200" Merkmal="1" Planquadrat="N&#xD;"/>
  <Strassen StrID="8963" StrName="Hubackerweg" StrPLZ="CH4153" OrtID="405" Merkmal="1" Planquadrat="N&#xD;"/>
  <Strassen StrID="8964" StrName="Reiherweg" StrPLZ="30938" OrtID="40" Merkmal="1" Planquadrat="N&#xD;"/>
  <Strassen StrID="8966" StrName="Dr.-Tusch-Straße" StrPLZ="50226" OrtID="406" Merkmal="1" Planquadrat="N&#xD;"/>
  <Strassen StrID="8967" StrName="Brenniger Straße" StrPLZ="53913" OrtID="407" Merkmal="1" Planquadrat="N&#xD;"/>
  <Strassen StrID="8968" StrName="Breniger Straße" StrPLZ="53913" OrtID="407" Merkmal="1" Planquadrat="N&#xD;"/>
  <Strassen StrID="8969" StrName="Altenburgstraße" StrPLZ="26135" OrtID="248" Merkmal="1" Planquadrat="N"/>
  <Strassen StrID="8970" StrName="Am Karl-Peters-Platz" StrPLZ="30173" OrtID="1" Merkmal="1" Planquadrat="N&#xD;"/>
  <Strassen StrID="8972" StrName="Kreipke" StrPLZ="38350" OrtID="176" Merkmal="1" Planquadrat="N&#xD;"/>
  <Strassen StrID="8973" StrName="Am Römerbuckel" StrPLZ="69168" OrtID="408" Merkmal="1" Planquadrat="N&#xD;"/>
  <Strassen StrID="8974" StrName="Ãœberseering" StrPLZ="22297" OrtID="39" Merkmal="1" Planquadrat="N&#xD;"/>
  <Strassen StrID="8975" StrName="Bungeweg" StrPLZ="31535" OrtID="410" Merkmal="1" Planquadrat="N&#xD;"/>
  <Strassen StrID="8976" StrName="Im Jägerfeld" StrPLZ="31303" OrtID="20" Merkmal="1" Planquadrat="N&#xD;"/>
  <Strassen StrID="8977" StrName="Emma-Schünhoff-Weg" StrPLZ="30823" OrtID="149" Merkmal="1" Planquadrat="N&#xD;"/>
  <Strassen StrID="8978" StrName="Leinestraße" StrPLZ="30827" OrtID="149" Merkmal="1" Planquadrat="N&#xD;"/>
  <Strassen StrID="8979" StrName="Grandkuhle" StrPLZ="30823" OrtID="149" Merkmal="1" Planquadrat="N&#xD;"/>
  <Strassen StrID="8980" StrName="Grüne Aue" StrPLZ="31832" OrtID="278" Merkmal="1" Planquadrat="N&#xD;"/>
  <Strassen StrID="8981" StrName="Calenberger Straße" StrPLZ="30926" OrtID="6" Merkmal="1" Planquadrat="N&#xD;"/>
  <Strassen StrID="8982" StrName="Mangelgasse" StrPLZ="37269" OrtID="412" Merkmal="1" Planquadrat="N&#xD;"/>
  <Strassen StrID="8983" StrName="Arkturhof" StrPLZ="30823" OrtID="149" Merkmal="1" Planquadrat="N&#xD;"/>
  <Strassen StrID="8984" StrName="St. Margarethenweg" StrPLZ="83098" OrtID="413" Merkmal="1" Planquadrat="N&#xD;"/>
  <Strassen StrID="8985" StrName="Im Kiebitzmoor" StrPLZ="30823" OrtID="149" Merkmal="1" Planquadrat="N&#xD;"/>
  <Strassen StrID="8986" StrName="Am Eichenpark" StrPLZ="30823" OrtID="149" Merkmal="1" Planquadrat="N&#xD;"/>
  <Strassen StrID="8987" StrName="Steinweg" StrPLZ="38100" OrtID="8" Merkmal="1" Planquadrat="N&#xD;"/>
  <Strassen StrID="8988" StrName="Methfesselstraße" StrPLZ="97074" OrtID="414" Merkmal="1" Planquadrat="N&#xD;"/>
  <Strassen StrID="8989" StrName="Westfalenstraße" StrPLZ="30853" OrtID="27" Merkmal="1" Planquadrat="N&#xD;"/>
  <Strassen StrID="8990" StrName="Postfach" StrPLZ="49007" OrtID="249" Merkmal="1" Planquadrat="N&#xD;"/>
  <Strassen StrID="8991" StrName="Debberode" StrPLZ="30880" OrtID="200" Merkmal="1" Planquadrat="N&#xD;"/>
  <Strassen StrID="8992" StrName="Görresstraße" StrPLZ="49716" OrtID="415" Merkmal="1" Planquadrat="N&#xD;"/>
  <Strassen StrID="8993" StrName="Rehsprung" StrPLZ="31303" OrtID="20" Merkmal="1" Planquadrat="N&#xD;"/>
  <Strassen StrID="8994" StrName="Wiesengrund" StrPLZ="31191" OrtID="76" Merkmal="1" Planquadrat="N&#xD;"/>
  <Strassen StrID="8995" StrName="Finkenweg" StrPLZ="30826" OrtID="149" Merkmal="1" Planquadrat="N&#xD;"/>
  <Strassen StrID="8997" StrName="Kreuzfeld" StrPLZ="31787" OrtID="19" Merkmal="1" Planquadrat="N&#xD;"/>
  <Strassen StrID="8998" StrName="Moltkestraße" StrPLZ="30989" OrtID="5" Merkmal="1" Planquadrat="N&#xD;"/>
  <Strassen StrID="8999" StrName="Steinstraße" StrPLZ="31832" OrtID="278" Merkmal="1" Planquadrat="N&#xD;"/>
  <Strassen StrID="9000" StrName="Im Dorfe" StrPLZ="30989" OrtID="5" Merkmal="1" Planquadrat="N&#xD;"/>
  <Strassen StrID="9002" StrName="Klostergut Willerding" StrPLZ="21403" OrtID="417" Merkmal="1" Planquadrat="N&#xD;"/>
  <Strassen StrID="9003" StrName="Helenriede" StrPLZ="38515" OrtID="155" Merkmal="1" Planquadrat="N&#xD;"/>
  <Strassen StrID="9004" StrName="Moorweg" StrPLZ="30855" OrtID="27" Merkmal="1" Planquadrat="N&#xD;"/>
  <Strassen StrID="9005" StrName="Klewertweg" StrPLZ="30966" OrtID="13" Merkmal="1" Planquadrat="N&#xD;"/>
  <Strassen StrID="9006" StrName="Hoher Weg" StrPLZ="31134" OrtID="9" Merkmal="1" Planquadrat="N&#xD;"/>
  <Strassen StrID="9007" StrName="Fiernhagen" StrPLZ="30823" OrtID="149" Merkmal="1" Planquadrat="N&#xD;"/>
  <Strassen StrID="9008" StrName="Feldstraße" StrPLZ="29386" OrtID="418" Merkmal="1" Planquadrat="N&#xD;"/>
  <Strassen StrID="9009" StrName="Kurfürstenstraße" StrPLZ="46147" OrtID="384" Merkmal="1" Planquadrat="N&#xD;"/>
  <Strassen StrID="9010" StrName="Treuburgerstraße" StrPLZ="31515" OrtID="319" Merkmal="1" Planquadrat="N&#xD;"/>
  <Strassen StrID="9011" StrName="Brennereiweg" StrPLZ="30989" OrtID="5" Merkmal="1" Planquadrat="N&#xD;"/>
  <Strassen StrID="9012" StrName="Eichenweg" StrPLZ="30938" OrtID="40" Merkmal="1" Planquadrat="N&#xD;"/>
  <Strassen StrID="9013" StrName="Hugenottenstraße" StrPLZ="31785" OrtID="19" Merkmal="1" Planquadrat="N&#xD;"/>
  <Strassen StrID="9014" StrName="Am Meistersiek" StrPLZ="31848" OrtID="89" Merkmal="1" Planquadrat="N&#xD;"/>
  <Strassen StrID="9015" StrName="Soltaustraße" StrPLZ="31141" OrtID="9" Merkmal="1" Planquadrat="N&#xD;"/>
  <Strassen StrID="9016" StrName="Neuer Weg" StrPLZ="38302" OrtID="314" Merkmal="1" Planquadrat="N&#xD;"/>
  <Strassen StrID="9017" StrName="Reinskamp" StrPLZ="22117" OrtID="39" Merkmal="1" Planquadrat="N&#xD;"/>
  <Strassen StrID="9018" StrName="Höfestraße" StrPLZ="30926" OrtID="6" Merkmal="1" Planquadrat="N&#xD;"/>
  <Strassen StrID="9019" StrName="Siegburgerstraße" StrPLZ="40591" OrtID="127" Merkmal="1" Planquadrat="N&#xD;"/>
  <Strassen StrID="9020" StrName="Rehbocksweg" StrPLZ="30916" OrtID="21" Merkmal="1" Planquadrat="N&#xD;"/>
  <Strassen StrID="9021" StrName="Hagenburger Straße" StrPLZ="31515" OrtID="319" Merkmal="1" Planquadrat="N&#xD;"/>
  <Strassen StrID="9022" StrName="Schmiedebergerstraße" StrPLZ="30952" OrtID="3" Merkmal="1" Planquadrat="N&#xD;"/>
  <Strassen StrID="9023" StrName="Lindenstraße" StrPLZ="31832" OrtID="278" Merkmal="1" Planquadrat="N&#xD;"/>
  <Strassen StrID="9024" StrName="Aschenkrug" StrPLZ="31535" OrtID="22" Merkmal="1" Planquadrat="N&#xD;"/>
  <Strassen StrID="9025" StrName="Im Wehrfeld" StrPLZ="30989" OrtID="5" Merkmal="1" Planquadrat="N&#xD;"/>
  <Strassen StrID="9026" StrName="Maschweg" StrPLZ="29342" OrtID="310" Merkmal="1" Planquadrat="N&#xD;"/>
  <Strassen StrID="9027" StrName="Borselstraße" StrPLZ="22765" OrtID="39" Merkmal="1" Planquadrat="N&#xD;"/>
  <Strassen StrID="9028" StrName="In den Kampen" StrPLZ="30827" OrtID="149" Merkmal="1" Planquadrat="N&#xD;"/>
  <Strassen StrID="9030" StrName="Im Brassenwinkel" StrPLZ="31275" OrtID="4" Merkmal="1" Planquadrat="N&#xD;"/>
  <Strassen StrID="9031" StrName="Eckerweg" StrPLZ="30851" OrtID="27" Merkmal="1" Planquadrat="N&#xD;"/>
  <Strassen StrID="9033" StrName="Danziger Straße" StrPLZ="37632" OrtID="421" Merkmal="1" Planquadrat="N&#xD;"/>
  <Strassen StrID="9034" StrName="Grasweg" StrPLZ="30966" OrtID="13" Merkmal="1" Planquadrat="N&#xD;"/>
  <Strassen StrID="9035" StrName="Am Roggenkamp" StrPLZ="30966" OrtID="13" Merkmal="1" Planquadrat="N&#xD;"/>
  <Strassen StrID="9036" StrName="Göttinger Straße" StrPLZ="30966" OrtID="13" Merkmal="1" Planquadrat="N&#xD;"/>
  <Strassen StrID="9038" StrName="Im Tannenweg" StrPLZ="31535" OrtID="22" Merkmal="1" Planquadrat="N&#xD;"/>
  <Strassen StrID="9039" StrName="Im Dorffeld" StrPLZ="31303" OrtID="20" Merkmal="1" Planquadrat="N&#xD;"/>
  <Strassen StrID="9040" StrName="Lindenallee" StrPLZ="45127" OrtID="42" Merkmal="1" Planquadrat="N&#xD;"/>
  <Strassen StrID="9041" StrName="Hauptstraße" StrPLZ="38165" OrtID="422" Merkmal="1" Planquadrat="N&#xD;"/>
  <Strassen StrID="9042" StrName="Hertzstraße" StrPLZ="30827" OrtID="149" Merkmal="1" Planquadrat="N&#xD;"/>
  <Strassen StrID="9043" StrName="Hohebergstraße" StrPLZ="63150" OrtID="181" Merkmal="1" Planquadrat="N&#xD;"/>
  <Strassen StrID="9044" StrName="Postfach" StrPLZ="30901" OrtID="21" Merkmal="1" Planquadrat="N&#xD;"/>
  <Strassen StrID="9045" StrName="Hans-Henry-Jahnweg" StrPLZ="22085" OrtID="39" Merkmal="1" Planquadrat="N&#xD;"/>
  <Strassen StrID="9046" StrName="Schützenstraße" StrPLZ="10117" OrtID="18" Merkmal="1" Planquadrat="N&#xD;"/>
  <Strassen StrID="9047" StrName="Einsteinstraße" StrPLZ="30926" OrtID="6" Merkmal="1" Planquadrat="N&#xD;"/>
  <Strassen StrID="9049" StrName="Böhmeweg" StrPLZ="30851" OrtID="27" Merkmal="1" Planquadrat="N&#xD;"/>
  <Strassen StrID="9050" StrName="Kuhlfeld" StrPLZ="30952" OrtID="3" Merkmal="1" Planquadrat="N&#xD;"/>
  <Strassen StrID="9051" StrName="Hoher Eschenweg" StrPLZ="30966" OrtID="13" Merkmal="1" Planquadrat="N&#xD;"/>
  <Strassen StrID="9052" StrName="Hestergartenstraße" StrPLZ="31535" OrtID="22" Merkmal="1" Planquadrat="N&#xD;"/>
  <Strassen StrID="9053" StrName="Im Wieh" StrPLZ="30890" OrtID="2" Merkmal="1" Planquadrat="N&#xD;"/>
  <Strassen StrID="9054" StrName="Mittelweg" StrPLZ="20148" OrtID="39" Merkmal="1" Planquadrat="N&#xD;"/>
  <Strassen StrID="9055" StrName="Greifswalder Straße" StrPLZ="37120" OrtID="108" Merkmal="1" Planquadrat="N&#xD;"/>
  <Strassen StrID="9056" StrName="Am Wietzer Berg" StrPLZ="30900" OrtID="25" Merkmal="1" Planquadrat="N&#xD;"/>
  <Strassen StrID="9057" StrName="Am Wäldchen" StrPLZ="29313" OrtID="164" Merkmal="1" Planquadrat="N&#xD;"/>
  <Strassen StrID="9058" StrName="Kochstraße" StrPLZ="10969" OrtID="18" Merkmal="1" Planquadrat="N&#xD;"/>
  <Strassen StrID="9059" StrName="Königstraße" StrPLZ="28857" OrtID="289" Merkmal="1" Planquadrat="N&#xD;"/>
  <Strassen StrID="9060" StrName="Lange Straße" StrPLZ="27318" OrtID="188" Merkmal="1" Planquadrat="N&#xD;"/>
  <Strassen StrID="9061" StrName="Wernher-von-Braun-Straße" StrPLZ="85640" OrtID="423" Merkmal="1" Planquadrat="N&#xD;"/>
  <Strassen StrID="9062" StrName="Hornemannstraße" StrPLZ="31134" OrtID="9" Merkmal="1" Planquadrat="N&#xD;"/>
  <Strassen StrID="9063" StrName="Bussardstraße" StrPLZ="85662" OrtID="425" Merkmal="1" Planquadrat="N&#xD;"/>
  <Strassen StrID="9064" StrName="Bosteler Straße" StrPLZ="31535" OrtID="22" Merkmal="1" Planquadrat="N&#xD;"/>
  <Strassen StrID="9065" StrName="Linken Mühle" StrPLZ="32457" OrtID="52" Merkmal="1" Planquadrat="N&#xD;"/>
  <Strassen StrID="9066" StrName="Enseburgweg" StrPLZ="30826" OrtID="149" Merkmal="1" Planquadrat="N&#xD;"/>
  <Strassen StrID="9067" StrName="Münzkamp" StrPLZ="31535" OrtID="22" Merkmal="1" Planquadrat="N&#xD;"/>
  <Strassen StrID="9068" StrName="Rochusallee" StrPLZ="55411" OrtID="426" Merkmal="1" Planquadrat="N&#xD;"/>
  <Strassen StrID="9069" StrName="Hauptstraße" StrPLZ="31848" OrtID="89" Merkmal="1" Planquadrat="N&#xD;"/>
  <Strassen StrID="9070" StrName="Gunzelinweg" StrPLZ="38321" OrtID="427" Merkmal="1" Planquadrat="N&#xD;"/>
  <Strassen StrID="9071" StrName="Matzdorfer Weg" StrPLZ="30966" OrtID="13" Merkmal="1" Planquadrat="N&#xD;"/>
  <Strassen StrID="9072" StrName="Ramlinger Straße" StrPLZ="30938" OrtID="40" Merkmal="1" Planquadrat="N&#xD;"/>
  <Strassen StrID="9073" StrName="Dorfstraße" StrPLZ="31020" OrtID="267" Merkmal="1" Planquadrat="N&#xD;"/>
  <Strassen StrID="9074" StrName="Amselweg" StrPLZ="31249" OrtID="185" Merkmal="1" Planquadrat="N&#xD;"/>
  <Strassen StrID="9075" StrName="Walburgastraße" StrPLZ="59872" OrtID="428" Merkmal="1" Planquadrat="N&#xD;"/>
  <Strassen StrID="9076" StrName="Rosenweg" StrPLZ="30952" OrtID="3" Merkmal="1" Planquadrat="N&#xD;"/>
  <Strassen StrID="9077" StrName="Berliner Straße" StrPLZ="10715" OrtID="18" Merkmal="1" Planquadrat="N&#xD;"/>
  <Strassen StrID="9078" StrName="Marienstraße" StrPLZ="50859" OrtID="17" Merkmal="1" Planquadrat="N&#xD;"/>
  <Strassen StrID="9079" StrName="Krumme Straße" StrPLZ="30966" OrtID="13" Merkmal="1" Planquadrat="N&#xD;"/>
  <Strassen StrID="9080" StrName="Nienstädter Stadtweg" StrPLZ="30890" OrtID="2" Merkmal="1" Planquadrat="N&#xD;"/>
  <Strassen StrID="9081" StrName="Ludwig-Ehrhard-Straße" StrPLZ="30982" OrtID="253" Merkmal="1" Planquadrat="N&#xD;"/>
  <Strassen StrID="9082" StrName="Graf-Adolf-Straße" StrPLZ="40210" OrtID="17" Merkmal="1" Planquadrat="N&#xD;"/>
  <Strassen StrID="9083" StrName="Neue Waldstraße" StrPLZ="29308" OrtID="375" Merkmal="1" Planquadrat="N&#xD;"/>
  <Strassen StrID="9084" StrName="Entenfang" StrPLZ="30938" OrtID="40" Merkmal="1" Planquadrat="N&#xD;"/>
  <Strassen StrID="9085" StrName="Fichtenweg" StrPLZ="97505" OrtID="429" Merkmal="1" Planquadrat="N&#xD;"/>
  <Strassen StrID="9086" StrName="Hauptstraße" StrPLZ="30938" OrtID="40" Merkmal="1" Planquadrat="N&#xD;"/>
  <Strassen StrID="9087" StrName="Tulpenweg" StrPLZ="30900" OrtID="25" Merkmal="1" Planquadrat="N&#xD;"/>
  <Strassen StrID="9088" StrName="Irisweg" StrPLZ="30900" OrtID="25" Merkmal="1" Planquadrat="N&#xD;"/>
  <Strassen StrID="9089" StrName="Friedensallee" StrPLZ="30855" OrtID="27" Merkmal="1" Planquadrat="N&#xD;"/>
  <Strassen StrID="9090" StrName="Im Bruchfeld" StrPLZ="30989" OrtID="5" Merkmal="1" Planquadrat="N&#xD;"/>
  <Strassen StrID="9091" StrName="Breite Rehre" StrPLZ="30926" OrtID="6" Merkmal="1" Planquadrat="N&#xD;"/>
  <Strassen StrID="9092" StrName="Rebhuhnweg" StrPLZ="30952" OrtID="3" Merkmal="1" Planquadrat="N&#xD;"/>
  <Strassen StrID="9093" StrName="Häkenstraße" StrPLZ="30952" OrtID="3" Merkmal="1" Planquadrat="N&#xD;"/>
  <Strassen StrID="9095" StrName="Hohenheider Straße" StrPLZ="30900" OrtID="25" Merkmal="1" Planquadrat="N&#xD;"/>
  <Strassen StrID="9096" StrName="Im Beekefeld" StrPLZ="31535" OrtID="22" Merkmal="1" Planquadrat="N&#xD;"/>
  <Strassen StrID="9097" StrName="Adolf-Vorwerk-Straße" StrPLZ="42287" OrtID="320" Merkmal="1" Planquadrat="N"/>
  <Strassen StrID="9098" StrName="Birkhahnweg" StrPLZ="30855" OrtID="27" Merkmal="1" Planquadrat="N&#xD;"/>
  <Strassen StrID="9099" StrName="Niedernfeldstraße" StrPLZ="30890" OrtID="2" Merkmal="1" Planquadrat="N&#xD;"/>
  <Strassen StrID="9100" StrName="Friedhofstraße" StrPLZ="31515" OrtID="319" Merkmal="1" Planquadrat="N&#xD;"/>
  <Strassen StrID="9101" StrName="Feldblumenweg" StrPLZ="30826" OrtID="149" Merkmal="1" Planquadrat="N&#xD;"/>
  <Strassen StrID="9102" StrName="Spiegelbergstraße" StrPLZ="31244" OrtID="7" Merkmal="1" Planquadrat="N&#xD;"/>
  <Strassen StrID="9103" StrName="Schulstraße" StrPLZ="30938" OrtID="40" Merkmal="1" Planquadrat="N&#xD;"/>
  <Strassen StrID="9104" StrName="Lärchenkamp" StrPLZ="31832" OrtID="278" Merkmal="1" Planquadrat="N&#xD;"/>
  <Strassen StrID="9105" StrName="Gutenbergstraße" StrPLZ="70163" OrtID="287" Merkmal="1" Planquadrat="N&#xD;"/>
  <Strassen StrID="9106" StrName="Im Sieksfeld" StrPLZ="30966" OrtID="13" Merkmal="1" Planquadrat="N&#xD;"/>
  <Strassen StrID="9107" StrName="Haselweg" StrPLZ="30855" OrtID="27" Merkmal="1" Planquadrat="N&#xD;"/>
  <Strassen StrID="9108" StrName="Brauereiweg" StrPLZ="30989" OrtID="5" Merkmal="1" Planquadrat="N&#xD;"/>
  <Strassen StrID="9109" StrName="Hans-Henny-Jahnn-Weg" StrPLZ="22085" OrtID="39" Merkmal="1" Planquadrat="N&#xD;"/>
  <Strassen StrID="9110" StrName="Ackernstraße" StrPLZ="29336" OrtID="430" Merkmal="1" Planquadrat="N&#xD;"/>
  <Strassen StrID="9111" StrName="Kranichweg" StrPLZ="41379" OrtID="431" Merkmal="1" Planquadrat="N&#xD;"/>
  <Strassen StrID="9112" StrName="An der Kriegershecke" StrPLZ="50259" OrtID="256" Merkmal="1" Planquadrat="N&#xD;"/>
  <Strassen StrID="9113" StrName="Knibbeshof" StrPLZ="30900" OrtID="25" Merkmal="1" Planquadrat="N&#xD;"/>
  <Strassen StrID="9114" StrName="Gänsemarsch" StrPLZ="30966" OrtID="13" Merkmal="1" Planquadrat="N&#xD;"/>
  <Strassen StrID="9115" StrName="Wöhlerhof" StrPLZ="30900" OrtID="432" Merkmal="1" Planquadrat="N&#xD;"/>
  <Strassen StrID="9116" StrName="Weinheimer Straße" StrPLZ="68309" OrtID="433" Merkmal="1" Planquadrat="N&#xD;"/>
  <Strassen StrID="9117" StrName="Wakelkamp" StrPLZ="46325" OrtID="434" Merkmal="1" Planquadrat="N&#xD;"/>
  <Strassen StrID="9118" StrName="An der Schule" StrPLZ="30938" OrtID="40" Merkmal="1" Planquadrat="N&#xD;"/>
  <Strassen StrID="9119" StrName="Dorfstraße" StrPLZ="31157" OrtID="268" Merkmal="1" Planquadrat="N&#xD;"/>
  <Strassen StrID="9122" StrName="Kurt-Huber-Straße" StrPLZ="21337" OrtID="376" Merkmal="1" Planquadrat="N&#xD;"/>
  <Strassen StrID="9123" StrName="Spannweg" StrPLZ="30823" OrtID="149" Merkmal="1" Planquadrat="N&#xD;"/>
  <Strassen StrID="9124" StrName="Alte Ricklinger Straße" StrPLZ="30823" OrtID="149" Merkmal="1" Planquadrat="N&#xD;"/>
  <Strassen StrID="9125" StrName="Bullerbachstraße" StrPLZ="30890" OrtID="2" Merkmal="1" Planquadrat="N&#xD;"/>
  <Strassen StrID="9126" StrName="Aldenrathsweg" StrPLZ="22307" OrtID="39" Merkmal="1" Planquadrat="N&#xD;"/>
  <Strassen StrID="9127" StrName="Sandort" StrPLZ="22549" OrtID="39" Merkmal="1" Planquadrat="N&#xD;"/>
  <Strassen StrID="9128" StrName="Am Sportfeld" StrPLZ="30966" OrtID="13" Merkmal="1" Planquadrat="N&#xD;"/>
  <Strassen StrID="9129" StrName="Steinstraße" StrPLZ="30952" OrtID="3" Merkmal="1" Planquadrat="N&#xD;"/>
  <Strassen StrID="9130" StrName="Nymphenburger Straße" StrPLZ="80636" OrtID="225" Merkmal="1" Planquadrat="N&#xD;"/>
  <Strassen StrID="9131" StrName="Friedbergstraße" StrPLZ="14057" OrtID="18" Merkmal="1" Planquadrat="N&#xD;"/>
  <Strassen StrID="9132" StrName="Am Spalterhals" StrPLZ="30890" OrtID="2" Merkmal="1" Planquadrat="N&#xD;"/>
  <Strassen StrID="9133" StrName="In den Kaveln" StrPLZ="13437" OrtID="18" Merkmal="1" Planquadrat="N&#xD;"/>
  <Strassen StrID="9134" StrName="Elisabethstraße" StrPLZ="40217" OrtID="127" Merkmal="1" Planquadrat="N&#xD;"/>
  <Strassen StrID="9135" StrName="Richard-Strauss-Straße" StrPLZ="81679" OrtID="225" Merkmal="1" Planquadrat="N&#xD;"/>
  <Strassen StrID="9136" StrName="Am Hohen Brink" StrPLZ="30851" OrtID="27" Merkmal="1" Planquadrat="N&#xD;"/>
  <Strassen StrID="9137" StrName="Eichendorffstraße" StrPLZ="31177" OrtID="173" Merkmal="1" Planquadrat="N&#xD;"/>
  <Strassen StrID="9138" StrName="Sundernweg" StrPLZ="30966" OrtID="13" Merkmal="1" Planquadrat="N&#xD;"/>
  <Strassen StrID="9139" StrName="Hermann-Löns-Straße" StrPLZ="31275" OrtID="4" Merkmal="1" Planquadrat="N&#xD;"/>
  <Strassen StrID="9142" StrName="Eichendorffstraße" StrPLZ="30952" OrtID="3" Merkmal="1" Planquadrat="N&#xD;"/>
  <Strassen StrID="9143" StrName="Am Fleißgraben" StrPLZ="31311" OrtID="294" Merkmal="1" Planquadrat="N"/>
  <Strassen StrID="9144" StrName="Postfach" StrPLZ="20035" OrtID="39" Merkmal="1" Planquadrat="N&#xD;"/>
  <Strassen StrID="9145" StrName="Tulpenweg" StrPLZ="30952" OrtID="3" Merkmal="1" Planquadrat="N&#xD;"/>
  <Strassen StrID="9146" StrName="Keplerstraße" StrPLZ="30853" OrtID="27" Merkmal="1" Planquadrat="N&#xD;"/>
  <Strassen StrID="9147" StrName="Dorfstraße" StrPLZ="31241" OrtID="437" Merkmal="1" Planquadrat="N&#xD;"/>
  <Strassen StrID="9148" StrName="Saarbrückener Straße" StrPLZ="66130" OrtID="438" Merkmal="1" Planquadrat="N&#xD;"/>
  <Strassen StrID="9149" StrName="Auf dem Kiel" StrPLZ="30900" OrtID="25" Merkmal="1" Planquadrat="N&#xD;"/>
  <Strassen StrID="9150" StrName="Schillerstraße" StrPLZ="31275" OrtID="4" Merkmal="1" Planquadrat="N&#xD;"/>
  <Strassen StrID="9151" StrName="Ferdinand-Schultze-Straße" StrPLZ="13055" OrtID="18" Merkmal="1" Planquadrat="N&#xD;"/>
  <Strassen StrID="9152" StrName="Zum Lehmkamp" StrPLZ="30826" OrtID="149" Merkmal="1" Planquadrat="N&#xD;"/>
  <Strassen StrID="9153" StrName="Stegbrede" StrPLZ="33034" OrtID="439" Merkmal="1" Planquadrat="N&#xD;"/>
  <Strassen StrID="9154" StrName="Amandusstraße" StrPLZ="52391" OrtID="440" Merkmal="1" Planquadrat="N&#xD;"/>
  <Strassen StrID="9155" StrName="Mühlenbreite" StrPLZ="31848" OrtID="89" Merkmal="1" Planquadrat="N&#xD;"/>
  <Strassen StrID="9156" StrName="Am Fließgraben" StrPLZ="31311" OrtID="294" Merkmal="1" Planquadrat="N&#xD;"/>
  <Strassen StrID="9157" StrName="Butterborn" StrPLZ="31134" OrtID="9" Merkmal="1" Planquadrat="N&#xD;"/>
  <Strassen StrID="9158" StrName="Breimerwinkel" StrPLZ="30853" OrtID="27" Merkmal="1" Planquadrat="N&#xD;"/>
  <Strassen StrID="9159" StrName="Eulenkamp" StrPLZ="31303" OrtID="325" Merkmal="1" Planquadrat="N&#xD;"/>
  <Strassen StrID="9160" StrName="Käthe-Kollwitz-Ring" StrPLZ="38518" OrtID="155" Merkmal="1" Planquadrat="N&#xD;"/>
  <Strassen StrID="9161" StrName="Bäckerstieg" StrPLZ="31275" OrtID="4" Merkmal="1" Planquadrat="N&#xD;"/>
  <Strassen StrID="9162" StrName="Ottostraße" StrPLZ="30827" OrtID="149" Merkmal="1" Planquadrat="N&#xD;"/>
  <Strassen StrID="9163" StrName="Sandstraße" StrPLZ="30823" OrtID="149" Merkmal="1" Planquadrat="N&#xD;"/>
  <Strassen StrID="9164" StrName="Kalmusweg" StrPLZ="30952" OrtID="3" Merkmal="1" Planquadrat="N&#xD;"/>
  <Strassen StrID="9165" StrName="Hauptstraße" StrPLZ="30855" OrtID="27" Merkmal="1" Planquadrat="N&#xD;"/>
  <Strassen StrID="9166" StrName="Hildastraße" StrPLZ="76534" OrtID="98" Merkmal="1" Planquadrat="N&#xD;"/>
  <Strassen StrID="9167" StrName="Mühlenweg" StrPLZ="30938" OrtID="40" Merkmal="1" Planquadrat="N&#xD;"/>
  <Strassen StrID="9168" StrName="Rathausplatz" StrPLZ="30823" OrtID="149" Merkmal="1" Planquadrat="N&#xD;"/>
  <Strassen StrID="9169" StrName="Im Rehwinkel" StrPLZ="30827" OrtID="149" Merkmal="1" Planquadrat="N&#xD;"/>
  <Strassen StrID="9170" StrName="Sommerbosteler Straße" StrPLZ="30900" OrtID="25" Merkmal="1" Planquadrat="N&#xD;"/>
  <Strassen StrID="9171" StrName="Hinter der Burg" StrPLZ="31832" OrtID="278" Merkmal="1" Planquadrat="N&#xD;"/>
  <Strassen StrID="9172" StrName="Kantstraße" StrPLZ="30989" OrtID="5" Merkmal="1" Planquadrat="N&#xD;"/>
  <Strassen StrID="9173" StrName="Deidesheimer Straße" StrPLZ="14197" OrtID="18" Merkmal="1" Planquadrat="N&#xD;"/>
  <Strassen StrID="9174" StrName="Schützenstraße" StrPLZ="30826" OrtID="149" Merkmal="1" Planquadrat="N&#xD;"/>
  <Strassen StrID="9175" StrName="Bordenauer Straße" StrPLZ="30826" OrtID="149" Merkmal="1" Planquadrat="N&#xD;"/>
  <Strassen StrID="9176" StrName="Meierndorfer Mühlenweg" StrPLZ="22159" OrtID="39" Merkmal="1" Planquadrat="N&#xD;"/>
  <Strassen StrID="9177" StrName="Birkengrasebrink" StrPLZ="30890" OrtID="2" Merkmal="1" Planquadrat="N&#xD;"/>
  <Strassen StrID="9178" StrName="Berliner Straße" StrPLZ="30916" OrtID="21" Merkmal="1" Planquadrat="N&#xD;"/>
  <Strassen StrID="9179" StrName="Eugen-Adolff-Straße" StrPLZ="71522" OrtID="442" Merkmal="1" Planquadrat="N&#xD;"/>
  <Strassen StrID="9180" StrName="Auf dem Rade" StrPLZ="30952" OrtID="3" Merkmal="1" Planquadrat="N&#xD;"/>
  <Strassen StrID="9181" StrName="Grundstraße" StrPLZ="31683" OrtID="246" Merkmal="1" Planquadrat="N&#xD;"/>
  <Strassen StrID="9182" StrName="Westerfeldstraße" StrPLZ="30890" OrtID="2" Merkmal="1" Planquadrat="N&#xD;"/>
  <Strassen StrID="9184" StrName="Unterer Waldweg" StrPLZ="30974" OrtID="307" Merkmal="1" Planquadrat="N&#xD;"/>
  <Strassen StrID="9185" StrName="Neue Straße" StrPLZ="30880" OrtID="200" Merkmal="1" Planquadrat="N&#xD;"/>
  <Strassen StrID="9186" StrName="Waldparkstraße" StrPLZ="31275" OrtID="4" Merkmal="1" Planquadrat="N&#xD;"/>
  <Strassen StrID="9187" StrName="Bosselweg" StrPLZ="31535" OrtID="22" Merkmal="1" Planquadrat="N&#xD;"/>
  <Strassen StrID="9188" StrName="Steinweg" StrPLZ="30966" OrtID="13" Merkmal="1" Planquadrat="N&#xD;"/>
  <Strassen StrID="9189" StrName="Freien Gericht" StrPLZ="31303" OrtID="20" Merkmal="1" Planquadrat="N&#xD;"/>
  <Strassen StrID="9190" StrName="Bothfelder Straße" StrPLZ="30916" OrtID="21" Merkmal="1" Planquadrat="N&#xD;"/>
  <Strassen StrID="9191" StrName="Wichernstraße" StrPLZ="30938" OrtID="40" Merkmal="1" Planquadrat="N&#xD;"/>
  <Strassen StrID="9192" StrName="Lessingweg" StrPLZ="31855" OrtID="443" Merkmal="1" Planquadrat="N&#xD;"/>
  <Strassen StrID="9193" StrName="Fritz-Kuckuck-Straße" StrPLZ="30966" OrtID="13" Merkmal="1" Planquadrat="N&#xD;"/>
  <Strassen StrID="9194" StrName="Hermannstraße" StrPLZ="14163" OrtID="18" Merkmal="1" Planquadrat="N&#xD;"/>
  <Strassen StrID="9195" StrName="Nienstädter Straße" StrPLZ="31848" OrtID="89" Merkmal="1" Planquadrat="N&#xD;"/>
  <Strassen StrID="9196" StrName="Kneipweg" StrPLZ="31535" OrtID="22" Merkmal="1" Planquadrat="N&#xD;"/>
  <Strassen StrID="9197" StrName="Heidenkampsweg" StrPLZ="20097" OrtID="39" Merkmal="1" Planquadrat="N&#xD;"/>
  <Strassen StrID="9198" StrName="Dorfstraße" StrPLZ="30926" OrtID="6" Merkmal="1" Planquadrat="N&#xD;"/>
  <Strassen StrID="9199" StrName="Harzburger Straße" StrPLZ="38700" OrtID="444" Merkmal="1" Planquadrat="N&#xD;"/>
  <Strassen StrID="9200" StrName="Bernhard Ehlers Straße" StrPLZ="30880" OrtID="200" Merkmal="1" Planquadrat="N&#xD;"/>
  <Strassen StrID="9201" StrName="Am Wiesenthal" StrPLZ="32545" OrtID="445" Merkmal="1" Planquadrat="N&#xD;"/>
  <Strassen StrID="9202" StrName="Gernotstraße" StrPLZ="64668" OrtID="446" Merkmal="1" Planquadrat="N&#xD;"/>
  <Strassen StrID="9203" StrName="Vor der Hahle" StrPLZ="30916" OrtID="21" Merkmal="1" Planquadrat="N&#xD;"/>
  <Strassen StrID="9204" StrName="Am Wittremberg" StrPLZ="30900" OrtID="25" Merkmal="1" Planquadrat="N&#xD;"/>
  <Strassen StrID="9205" StrName="Kaliweg" StrPLZ="30952" OrtID="3" Merkmal="1" Planquadrat="N&#xD;"/>
  <Strassen StrID="9206" StrName="Fuchsberg" StrPLZ="21394" OrtID="447" Merkmal="1" Planquadrat="N&#xD;"/>
  <Strassen StrID="9207" StrName="Am Hümelsee" StrPLZ="63791" OrtID="448" Merkmal="1" Planquadrat="N&#xD;"/>
  <Strassen StrID="9208" StrName="Rückersweg" StrPLZ="20537" OrtID="39" Merkmal="1" Planquadrat="N&#xD;"/>
  <Strassen StrID="9209" StrName="Gut Brenneckenbrück" StrPLZ="38518" OrtID="155" Merkmal="1" Planquadrat="N&#xD;"/>
  <Strassen StrID="9210" StrName="Herrenkrugweg" StrPLZ="30853" OrtID="27" Merkmal="1" Planquadrat="N&#xD;"/>
  <Strassen StrID="9211" StrName="Möllerkamp" StrPLZ="30926" OrtID="6" Merkmal="1" Planquadrat="N&#xD;"/>
  <Strassen StrID="9212" StrName="Dorfstraße" StrPLZ="30855" OrtID="27" Merkmal="1" Planquadrat="N&#xD;"/>
  <Strassen StrID="9213" StrName="Borchersstraße" StrPLZ="30559" OrtID="1" Merkmal="1" Planquadrat="N&#xD;"/>
  <Strassen StrID="9214" StrName="Bürgermeister-Böke-Straße" StrPLZ="31812" OrtID="94" Merkmal="1" Planquadrat="N&#xD;"/>
  <Strassen StrID="9215" StrName="Mühlenbrink" StrPLZ="31789" OrtID="19" Merkmal="1" Planquadrat="N&#xD;"/>
  <Strassen StrID="9216" StrName="Judenpfad" StrPLZ="50996" OrtID="17" Merkmal="1" Planquadrat="N&#xD;"/>
  <Strassen StrID="9217" StrName="Aichtalstraße" StrPLZ="71088" OrtID="449" Merkmal="1" Planquadrat="N&#xD;"/>
  <Strassen StrID="9218" StrName="Bauernstraße" StrPLZ="28203" OrtID="109" Merkmal="1" Planquadrat="N&#xD;"/>
  <Strassen StrID="9219" StrName="Georg-Wolters-Straße" StrPLZ="38102" OrtID="8" Merkmal="1" Planquadrat="N&#xD;"/>
  <Strassen StrID="9220" StrName="Alte Aue" StrPLZ="30926" OrtID="6" Merkmal="1" Planquadrat="N&#xD;"/>
  <Strassen StrID="9221" StrName="In der Elisabeth-Frucht-Straße" StrPLZ="30926" OrtID="6" Merkmal="1" Planquadrat="N&#xD;"/>
  <Strassen StrID="9222" StrName="Bachstraße" StrPLZ="30880" OrtID="200" Merkmal="1" Planquadrat="N&#xD;"/>
  <Strassen StrID="9223" StrName="Dorfstraße" StrPLZ="30952" OrtID="3" Merkmal="1" Planquadrat="N&#xD;"/>
  <Strassen StrID="9224" StrName="Im Hasenfeld" StrPLZ="30952" OrtID="3" Merkmal="1" Planquadrat="N&#xD;"/>
  <Strassen StrID="9225" StrName="Brücherfeld" StrPLZ="44267" OrtID="125" Merkmal="1" Planquadrat="N&#xD;"/>
  <Strassen StrID="9226" StrName="Steinstraße" StrPLZ="30982" OrtID="253" Merkmal="1" Planquadrat="N&#xD;"/>
  <Strassen StrID="9227" StrName="Wolfsberg" StrPLZ="31832" OrtID="278" Merkmal="1" Planquadrat="N&#xD;"/>
  <Strassen StrID="9228" StrName="Parkweg" StrPLZ="29690" OrtID="273" Merkmal="1" Planquadrat="N&#xD;"/>
  <Strassen StrID="9229" StrName="Gartenstraße" StrPLZ="31785" OrtID="19" Merkmal="1" Planquadrat="N&#xD;"/>
  <Strassen StrID="9230" StrName="Jübberweg" StrPLZ="27324" OrtID="450" Merkmal="0" Planquadrat="N&#xD;"/>
  <Strassen StrID="9231" StrName="Potsdamer Straße" StrPLZ="30916" OrtID="21" Merkmal="1" Planquadrat="N&#xD;"/>
  <Strassen StrID="9232" StrName="Am Meierhof" StrPLZ="30900" OrtID="25" Merkmal="1" Planquadrat="N&#xD;"/>
  <Strassen StrID="9233" StrName="Am Rodelberg" StrPLZ="30952" OrtID="3" Merkmal="0" Planquadrat="N&#xD;"/>
  <Strassen StrID="9234" StrName="Carl-Orff-Weg" StrPLZ="31157" OrtID="268" Merkmal="0" Planquadrat="N&#xD;"/>
  <Strassen StrID="9235" StrName="Im Lohfeld" StrPLZ="30989" OrtID="5" Merkmal="0" Planquadrat="N&#xD;"/>
  <Strassen StrID="9236" StrName="Rüschstraße" StrPLZ="31840" OrtID="37" Merkmal="1" Planquadrat="N&#xD;"/>
  <Strassen StrID="9237" StrName="Grevenbleck" StrPLZ="30966" OrtID="13" Merkmal="1" Planquadrat="N&#xD;"/>
  <Strassen StrID="9238" StrName="Triftweg" StrPLZ="38350" OrtID="176" Merkmal="0" Planquadrat="N&#xD;"/>
  <Strassen StrID="9239" StrName="Bremer Straße" StrPLZ="30926" OrtID="6" Merkmal="0" Planquadrat="N&#xD;"/>
  <Strassen StrID="9240" StrName="Teichstraße" StrPLZ="31655" OrtID="32" Merkmal="1" Planquadrat="N&#xD;"/>
  <Strassen StrID="9241" StrName="Schloßplatz" StrPLZ="79410" OrtID="451" Merkmal="0" Planquadrat="N&#xD;"/>
  <Strassen StrID="9242" StrName="Lindenweg" StrPLZ="31559" OrtID="174" Merkmal="0" Planquadrat="N&#xD;"/>
  <Strassen StrID="9243" StrName="Kurfürstendamm" StrHausBereich="165-195,166-196,70-100,71-99" StrPLZ="10707" OrtID="18" Merkmal="0" Planquadrat="N&#xD;"/>
  <Strassen StrID="9244" StrName="Brandenburger Straße" StrPLZ="30952" OrtID="3" Merkmal="0" Planquadrat="N&#xD;"/>
  <Strassen StrID="9245" StrName="Kleiner Oldekamp" StrPLZ="26789" OrtID="452" Merkmal="0" Planquadrat="N&#xD;"/>
  <Strassen StrID="9246" StrName="Blumenauer Weg" StrPLZ="30926" OrtID="6" Merkmal="0" Planquadrat="N&#xD;"/>
  <Strassen StrID="9247" StrName="Saphirring" StrPLZ="30823" OrtID="149" Merkmal="0" Planquadrat="N&#xD;"/>
  <Strassen StrID="9248" StrName="Serinshof" StrPLZ="30823" OrtID="149" Merkmal="0" Planquadrat="N&#xD;"/>
  <Strassen StrID="9249" StrName="Falkenweg" StrPLZ="30880" OrtID="200" Merkmal="0" Planquadrat="N&#xD;"/>
  <Strassen StrID="9250" StrName="Kirchweg" StrPLZ="30823" OrtID="149" Merkmal="0" Planquadrat="N&#xD;"/>
  <Strassen StrID="9251" StrName="Mühlenbrinkstraße" StrPLZ="30823" OrtID="149" Merkmal="0" Planquadrat="N&#xD;"/>
  <Strassen StrID="9252" StrName="Kurzer Ging" StrPLZ="31832" OrtID="278" Merkmal="1" Planquadrat="N&#xD;"/>
  <Strassen StrID="9253" StrName="Theodor-Körner-Straße" StrPLZ="28203" OrtID="109" Merkmal="0" Planquadrat="N&#xD;"/>
  <Strassen StrID="9254" StrName="Mühlenberg" StrPLZ="37120" OrtID="108" Merkmal="1" Planquadrat="N&#xD;"/>
  <Strassen StrID="9256" StrName="Niedersachsenstraße" StrPLZ="30853" OrtID="27" Merkmal="0" Planquadrat="N&#xD;"/>
  <Strassen StrID="9257" StrName="Im Dorfe" StrPLZ="30966" OrtID="13" Merkmal="0" Planquadrat="N&#xD;"/>
  <Strassen StrID="9258" StrName="Dürerring" StrPLZ="31582" OrtID="237" Merkmal="0" Planquadrat="N&#xD;"/>
  <Strassen StrID="9259" StrName="Im Oberen Bruchweg" StrPLZ="30823" OrtID="149" Merkmal="0" Planquadrat="N&#xD;"/>
  <Strassen StrID="9260" StrName="Leinstraße" StrPLZ="30880" OrtID="200" Merkmal="0" Planquadrat="N&#xD;"/>
  <Strassen StrID="9261" StrName="Wilhelm-Henze-Straße" StrPLZ="31275" OrtID="4" Merkmal="0" Planquadrat="N&#xD;"/>
  <Strassen StrID="9262" StrName="Rosenhügel" StrPLZ="91088" OrtID="453" Merkmal="0" Planquadrat="N&#xD;"/>
  <Strassen StrID="9263" StrName="Hinter der Kirche" StrPLZ="31535" OrtID="22" Merkmal="0" Planquadrat="N&#xD;"/>
  <Strassen StrID="9264" StrName="Brücknerweg" StrPLZ="30880" OrtID="200" Merkmal="0" Planquadrat="N&#xD;"/>
  <Strassen StrID="9265" StrName="Karl-Wehler-Str." StrPLZ="31319" OrtID="276" Merkmal="0" Planquadrat="N&#xD;"/>
  <Strassen StrID="9266" StrName="Heegbarg" StrPLZ="22391" OrtID="39" Merkmal="0" Planquadrat="N&#xD;"/>
  <Strassen StrID="9267" StrName="Osterstraße" StrPLZ="38274" OrtID="454" Merkmal="0" Planquadrat="N&#xD;"/>
  <Strassen StrID="9268" StrName="Südring" StrPLZ="31226" OrtID="7" Merkmal="0" Planquadrat="N&#xD;"/>
  <Strassen StrID="9269" StrName="Lilienthalallee" StrPLZ="80939" OrtID="225" Merkmal="1" Planquadrat="N&#xD;"/>
  <Strassen StrID="9270" StrName="Hermann-Löns-Straße" StrPLZ="30880" OrtID="200" Merkmal="0" Planquadrat="N&#xD;"/>
  <Strassen StrID="9272" StrName="Neißeweg" StrPLZ="31608" OrtID="456" Merkmal="0" Planquadrat="N&#xD;"/>
  <Strassen StrID="9273" StrName="Gewerbepark" StrPLZ="26209" OrtID="457" Merkmal="0" Planquadrat="N&#xD;"/>
  <Strassen StrID="9274" StrName="Bahnhofstr." StrPLZ="31171" OrtID="241" Merkmal="0" Planquadrat="N&#xD;"/>
  <Strassen StrID="9275" StrName="Schneeheide" StrPLZ="29664" OrtID="304" Merkmal="0" Planquadrat="N&#xD;"/>
  <Strassen StrID="9277" StrName="Seeadlerring" StrPLZ="30916" OrtID="21" Merkmal="0" Planquadrat="N&#xD;"/>
  <Strassen StrID="9278" StrName="Storchenweg" StrPLZ="31275" OrtID="4" Merkmal="0" Planquadrat="N&#xD;"/>
  <Strassen StrID="9279" StrName="Porschestr." StrPLZ="30827" OrtID="149" Merkmal="0" Planquadrat="N&#xD;"/>
  <Strassen StrID="9280" StrName="Gleiwitzer Str." StrPLZ="31226" OrtID="7" Merkmal="0" Planquadrat="N&#xD;"/>
  <Strassen StrID="9281" StrName="Sauerbruchstr" StrPLZ="30853" OrtID="27" Merkmal="0" Planquadrat="N&#xD;"/>
  <Strassen StrID="9282" StrName="Hausgärten" StrPLZ="73087" OrtID="459" Merkmal="0" Planquadrat="N&#xD;"/>
  <Strassen StrID="9283" StrName="Großer Garten" StrPLZ="30938" OrtID="40" Merkmal="0" Planquadrat="N&#xD;"/>
  <Strassen StrID="9284" StrName="Osterfeld" StrPLZ="31135" OrtID="9" Merkmal="0" Planquadrat="N&#xD;"/>
  <Strassen StrID="9285" StrName="Osterwalder Straße" StrPLZ="30827" OrtID="149" Merkmal="0" Planquadrat="N&#xD;"/>
  <Strassen StrID="9286" StrName="Wilhelm-Raabe-Straße" StrPLZ="30826" OrtID="149" Merkmal="0" Planquadrat="N&#xD;"/>
  <Strassen StrID="9287" StrName="Tegeler Weg" StrPLZ="31832" OrtID="278" Merkmal="0" Planquadrat="N&#xD;"/>
  <Strassen StrID="9288" StrName="Kallbergstr." StrPLZ="31311" OrtID="294" Merkmal="0" Planquadrat="N&#xD;"/>
  <Strassen StrID="9289" StrName="Zum Dammfeld" StrPLZ="31832" OrtID="278" Merkmal="0" Planquadrat="N&#xD;"/>
  <Strassen StrID="9290" StrName="Lindenstr" StrPLZ="29690" OrtID="460" Merkmal="0" Planquadrat="N&#xD;"/>
  <Strassen StrID="9291" StrName="Fuhrberger Str." StrPLZ="30938" OrtID="40" Merkmal="0" Planquadrat="N&#xD;"/>
  <Strassen StrID="9292" StrName="Am Silberberg" StrPLZ="30926" OrtID="6" Merkmal="0" Planquadrat="N&#xD;"/>
  <Strassen StrID="9293" StrName="Eichhornstr." StrPLZ="10875" OrtID="18" Merkmal="0" Planquadrat="N&#xD;"/>
  <Strassen StrID="9294" StrName="Durlacherallee" StrPLZ="76137" OrtID="49" Merkmal="0" Planquadrat="N&#xD;"/>
  <Strassen StrID="9295" StrName="Hünefeldzeile" StrPLZ="12247" OrtID="18" Merkmal="0" Planquadrat="N&#xD;"/>
  <Strassen StrID="9296" StrName="Mühlentorstr." StrPLZ="35470" OrtID="462" Merkmal="0" Planquadrat="N&#xD;"/>
  <Strassen StrID="9297" StrName="Weizenkamp" StrPLZ="30916" OrtID="21" Merkmal="0" Planquadrat="N&#xD;"/>
  <Strassen StrID="9298" StrName="Wiesenhofstr." StrPLZ="31319" OrtID="276" Merkmal="0" Planquadrat="N&#xD;"/>
  <Strassen StrID="9299" StrName="Welfenweg" StrPLZ="31303" OrtID="20" Merkmal="0" Planquadrat="N&#xD;"/>
  <Strassen StrID="9300" StrName="Im Südfeld" StrPLZ="30952" OrtID="3" Merkmal="0" Planquadrat="N&#xD;"/>
  <Strassen StrID="9301" StrName="Extumer Weg" StrPLZ="26605" OrtID="463" Merkmal="0" Planquadrat="N&#xD;"/>
  <Strassen StrID="9302" StrName="Im Külffeld" StrPLZ="31036" OrtID="464" Merkmal="0" Planquadrat="N&#xD;"/>
  <Strassen StrID="9303" StrName="Unterm Schrick" StrPLZ="44797" OrtID="104" Merkmal="0" Planquadrat="N&#xD;"/>
  <Strassen StrID="9304" StrName="Porschestraße" StrPLZ="31135" OrtID="9" Merkmal="0" Planquadrat="N&#xD;"/>
  <Strassen StrID="9305" StrName="Karl - Gerharts - Straße" StrPLZ="58239" OrtID="465" Merkmal="0" Planquadrat="N&#xD;"/>
  <Strassen StrID="9308" StrName="Reitlingstraße" StrPLZ="38173" OrtID="466" Merkmal="0" Planquadrat="N&#xD;"/>
  <Strassen StrID="9309" StrName="Leddinring" StrPLZ="30916" OrtID="21" Merkmal="0" Planquadrat="N&#xD;"/>
  <Strassen StrID="9310" StrName="Echterdinger Hof" StrPLZ="30853" OrtID="27" Merkmal="0" Planquadrat="N&#xD;"/>
  <Strassen StrID="9311" StrName="Ritterstraße" StrPLZ="38100" OrtID="8" Merkmal="0" Planquadrat="N&#xD;"/>
  <Strassen StrID="9312" StrName="Pfarrstraße" StrPLZ="82140" OrtID="467" Merkmal="0" Planquadrat="N&#xD;"/>
  <Strassen StrID="9313" StrName="Hoher Holzweg" StrPLZ="30966" OrtID="13" Merkmal="0" Planquadrat="N&#xD;"/>
  <Strassen StrID="9314" StrName="Rathenaustraße" StrPLZ="31688" OrtID="468" Merkmal="0" Planquadrat="N&#xD;"/>
  <Strassen StrID="9315" StrName="Meßdorweg" StrPLZ="29323" OrtID="311" Merkmal="0" Planquadrat="N&#xD;"/>
  <Strassen StrID="9316" StrName="Am Badeteich" StrPLZ="29664" OrtID="304" Merkmal="0" Planquadrat="N&#xD;"/>
  <Strassen StrID="9317" StrName="Maschstrasse" StrPLZ="29690" OrtID="273" Merkmal="0" Planquadrat="N&#xD;"/>
  <Strassen StrID="9318" StrName="Burgdorfer Kirchweg" StrPLZ="31275" OrtID="4" Merkmal="0" Planquadrat="N&#xD;"/>
  <Strassen StrID="9319" StrName="Neue Straße" StrPLZ="31700" OrtID="469" Merkmal="0" Planquadrat="N&#xD;"/>
  <Strassen StrID="9321" StrName="Breslauer Straße" StrPLZ="31036" OrtID="464" Merkmal="0" Planquadrat="N&#xD;"/>
  <Strassen StrID="9322" StrName="Blumlage" StrPLZ="29221" OrtID="115" Merkmal="0" Planquadrat="N&#xD;"/>
  <Strassen StrID="9323" StrName="Mühlenfeld" StrPLZ="30853" OrtID="27" Merkmal="0" Planquadrat="N&#xD;"/>
  <Strassen StrID="9324" StrName="Soltauer Straße" StrPLZ="29683" OrtID="471" Merkmal="0" Planquadrat="N&#xD;"/>
  <Strassen StrID="9325" StrName="Bahnhofstraße" StrPLZ="25746" OrtID="472" Merkmal="0" Planquadrat="N&#xD;"/>
  <Strassen StrID="9326" StrName="Elbinger Straße" StrPLZ="30823" OrtID="149" Merkmal="0" Planquadrat="N&#xD;"/>
  <Strassen StrID="9327" StrName="Vogtei -Ruthe Straße" StrPLZ="31319" OrtID="276" Merkmal="0" Planquadrat="N&#xD;"/>
  <Strassen StrID="9328" StrName="Reitlingstraße" StrPLZ="38173" OrtID="473" Merkmal="0" Planquadrat="N&#xD;"/>
  <Strassen StrID="9329" StrName="Kreuzwippe" StrPLZ="30855" OrtID="27" Merkmal="0" Planquadrat="N&#xD;"/>
  <Strassen StrID="9330" StrName="Fuchsklint" StrPLZ="30916" OrtID="21" Merkmal="0" Planquadrat="N&#xD;"/>
  <Strassen StrID="9331" StrName="Grünewaldstraße" StrPLZ="38104" OrtID="8" Merkmal="0" Planquadrat="N&#xD;"/>
  <Strassen StrID="9332" StrName="Perlstraße" StrPLZ="30823" OrtID="149" Merkmal="0" Planquadrat="N&#xD;"/>
  <Strassen StrID="9333" StrName="Bruchstraße" StrPLZ="30952" OrtID="3" Merkmal="0" Planquadrat="N&#xD;"/>
  <Strassen StrID="9336" StrName="Stettiner Straße" StrPLZ="30916" OrtID="21" Merkmal="0" Planquadrat="N&#xD;"/>
  <Strassen StrID="9337" StrName="Händelstraße" StrPLZ="30823" OrtID="149" Merkmal="0" Planquadrat="N&#xD;"/>
  <Strassen StrID="9338" StrName="Barbarastraße" StrPLZ="30952" OrtID="3" Merkmal="0" Planquadrat="N&#xD;"/>
  <Strassen StrID="9339" StrName="Erikaweg" StrPLZ="30657" OrtID="1" Merkmal="0" Planquadrat="N&#xD;"/>
  <Strassen StrID="9340" StrName="Rosengarten" StrPLZ="31275" OrtID="4" Merkmal="0" Planquadrat="N&#xD;"/>
  <Strassen StrID="9341" StrName="Slevogtweg" StrPLZ="30827" OrtID="149" Merkmal="0" Planquadrat="N&#xD;"/>
  <Strassen StrID="9342" StrName="Amsbergring" StrPLZ="38667" OrtID="84" Merkmal="0" Planquadrat="N&#xD;"/>
  <Strassen StrID="9343" StrName="Wiesenweg" StrPLZ="30966" OrtID="13" Merkmal="0" Planquadrat="N&#xD;"/>
  <Strassen StrID="9344" StrName="Tieferkamp" StrPLZ="30826" OrtID="149" Merkmal="0" Planquadrat="N&#xD;"/>
  <Strassen StrID="9345" StrName="Beethovenring" StrPLZ="30989" OrtID="5" Merkmal="0" Planquadrat="N&#xD;"/>
  <Strassen StrID="9346" StrName="Weberstraße" StrPLZ="31157" OrtID="268" Merkmal="0" Planquadrat="N&#xD;"/>
  <Strassen StrID="9347" StrName="Milchstraße" StrPLZ="31275" OrtID="4" Merkmal="0" Planquadrat="N&#xD;"/>
  <Strassen StrID="9348" StrName="Osterholzweg" StrPLZ="30952" OrtID="3" Merkmal="0" Planquadrat="N&#xD;"/>
  <Strassen StrID="9349" StrName="Marktstraße" StrPLZ="30890" OrtID="2" Merkmal="0" Planquadrat="N&#xD;"/>
  <Strassen StrID="9350" StrName="Bergstraße" StrPLZ="30952" OrtID="3" Merkmal="0" Planquadrat="N&#xD;"/>
  <Strassen StrID="9351" StrName="Deutschbau" StrPLZ="40225" OrtID="127" Merkmal="0" Planquadrat="N&#xD;"/>
  <Strassen StrID="9352" StrName="Blocksberg" StrPLZ="23812" OrtID="475" Merkmal="0" Planquadrat="N&#xD;"/>
  <Strassen StrID="9353" StrName="Im Mailand" StrPLZ="30823" OrtID="149" Merkmal="0" Planquadrat="N&#xD;"/>
  <Strassen StrID="9354" StrName="Im Dorfe" StrPLZ="38547" OrtID="476" Merkmal="0" Planquadrat="N&#xD;"/>
  <Strassen StrID="9355" StrName="Sackstraße" StrPLZ="31691" OrtID="477" Merkmal="0" Planquadrat="N&#xD;"/>
  <Strassen StrID="9356" StrName="Heinrich-Beinsen-Straße" StrPLZ="31275" OrtID="4" Merkmal="0" Planquadrat="N&#xD;"/>
  <Strassen StrID="9358" StrName="Westfalenstraße" StrPLZ="30926" OrtID="6" Merkmal="0" Planquadrat="N&#xD;"/>
  <Strassen StrID="9359" StrName="Lange Straße" StrPLZ="30926" OrtID="6" Merkmal="0" Planquadrat="N&#xD;"/>
  <Strassen StrID="9360" StrName="Sorsumer Straße" StrPLZ="30989" OrtID="5" Merkmal="0" Planquadrat="N&#xD;"/>
  <Strassen StrID="9361" StrName="Blusenweg" StrPLZ="30916" OrtID="21" Merkmal="0" Planquadrat="N&#xD;"/>
  <Strassen StrID="9362" StrName="Lakefeldstraße" StrPLZ="30926" OrtID="6" Merkmal="0" Planquadrat="N&#xD;"/>
  <Strassen StrID="9363" StrName="Dorfstraße" StrPLZ="29690" OrtID="273" Merkmal="0" Planquadrat="N&#xD;"/>
  <Strassen StrID="9364" StrName="Kranichstraße" StrPLZ="31535" OrtID="22" Merkmal="1" Planquadrat="N&#xD;"/>
  <Strassen StrID="9365" StrName="Fröbelstraße" StrPLZ="30926" OrtID="6" Merkmal="1" Planquadrat="N&#xD;"/>
  <Strassen StrID="9366" StrName="Vor den Grashöfen" StrPLZ="38162" OrtID="479" Merkmal="0" Planquadrat="N&#xD;"/>
  <Strassen StrID="9367" StrName="Kaltenbornstraße" StrPLZ="30890" OrtID="2" Merkmal="0" Planquadrat="N&#xD;"/>
  <Strassen StrID="9368" StrName="Lutherstraße" StrPLZ="23568" OrtID="214" Merkmal="1" Planquadrat="N&#xD;"/>
  <Strassen StrID="9369" StrName="Domäne" StrPLZ="31552" OrtID="263" Merkmal="1" Planquadrat="N&#xD;"/>
  <Strassen StrID="9370" StrName="Bahnhofstraße" StrPLZ="33034" OrtID="439" Merkmal="1" Planquadrat="N&#xD;"/>
  <Strassen StrID="9371" StrName="Kiebitzwiese" StrPLZ="38268" OrtID="480" Merkmal="0" Planquadrat="N&#xD;"/>
  <Strassen StrID="9372" StrName="Dorfstraße" StrPLZ="31515" OrtID="481" Merkmal="0" Planquadrat="N&#xD;"/>
  <Strassen StrID="9373" StrName="Am Teiche" StrPLZ="38304" OrtID="314" Merkmal="0" Planquadrat="N&#xD;"/>
  <Strassen StrID="9374" StrName="Kirchdorfer Straße" StrPLZ="30974" OrtID="307" Merkmal="0" Planquadrat="N&#xD;"/>
  <Strassen StrID="9375" StrName="Spittakamp" StrPLZ="31234" OrtID="128" Merkmal="0" Planquadrat="N&#xD;"/>
  <Strassen StrID="9376" StrName="Fasanenweg" StrPLZ="30853" OrtID="27" Merkmal="0" Planquadrat="N&#xD;"/>
  <Strassen StrID="9377" StrName="Ahornweg" StrPLZ="30900" OrtID="25" Merkmal="0" Planquadrat="N&#xD;"/>
  <Strassen StrID="9378" StrName="Leinechaussee" StrPLZ="31515" OrtID="319" Merkmal="0" Planquadrat="N&#xD;"/>
  <Strassen StrID="9379" StrName="Lindemannstraße" StrPLZ="30952" OrtID="3" Merkmal="0" Planquadrat="N&#xD;"/>
  <Strassen StrID="9380" StrName="Beethovenweg" StrPLZ="31552" OrtID="263" Merkmal="0" Planquadrat="N&#xD;"/>
  <Strassen StrID="9381" StrName="Am Gehege" StrPLZ="29303" OrtID="100" Merkmal="0" Planquadrat="N&#xD;"/>
  <Strassen StrID="9382" StrName="Pickertsberg" StrPLZ="31515" OrtID="319" Merkmal="0" Planquadrat="N&#xD;"/>
  <Strassen StrID="9383" StrName="Vitrestraße" StrPLZ="38350" OrtID="176" Merkmal="0" Planquadrat="N&#xD;"/>
  <Strassen StrID="9384" StrName="Distelweg" StrPLZ="30890" OrtID="2" Merkmal="0" Planquadrat="N&#xD;"/>
  <Strassen StrID="9385" StrName="Auf dem Brink" StrPLZ="31535" OrtID="22" Merkmal="0" Planquadrat="N&#xD;"/>
  <Strassen StrID="9386" StrName="Rotdornweg" StrPLZ="29323" OrtID="311" Merkmal="0" Planquadrat="N&#xD;"/>
  <Strassen StrID="9387" StrName="Steingartenweg" StrPLZ="31275" OrtID="4" Merkmal="0" Planquadrat="N&#xD;"/>
  <Strassen StrID="9388" StrName="Ortskamp" StrPLZ="31832" OrtID="278" Merkmal="0" Planquadrat="N&#xD;"/>
  <Strassen StrID="9389" StrName="Langer Brink" StrPLZ="30880" OrtID="200" Merkmal="0" Planquadrat="N&#xD;"/>
  <Strassen StrID="9390" StrName="Dorfstraße" StrPLZ="31515" OrtID="319" Merkmal="0" Planquadrat="N&#xD;"/>
  <Strassen StrID="9391" StrName="Heinrich-Spoerl-Straße" StrPLZ="30880" OrtID="200" Merkmal="0" Planquadrat="N&#xD;"/>
  <Strassen StrID="9392" StrName="Brinkenweg" StrPLZ="30926" OrtID="6" Merkmal="0" Planquadrat="N&#xD;"/>
  <Strassen StrID="9393" StrName="Fuchsberg" StrPLZ="29348" OrtID="482" Merkmal="0" Planquadrat="N&#xD;"/>
  <Strassen StrID="9394" StrName="Bahnhofstraße" StrPLZ="29321" OrtID="311" Merkmal="0" Planquadrat="N&#xD;"/>
  <Strassen StrID="9395" StrName="Gartenstraße" StrPLZ="30989" OrtID="5" Merkmal="0" Planquadrat="N&#xD;"/>
  <Strassen StrID="9396" StrName="Posenerstraße" StrPLZ="29664" OrtID="304" Merkmal="0" Planquadrat="N&#xD;"/>
  <Strassen StrID="9397" StrName="Wathkumstraße" StrPLZ="31191" OrtID="76" Merkmal="0" Planquadrat="N&#xD;"/>
  <Strassen StrID="9398" StrName="Bismarkstraße" StrPLZ="38102" OrtID="8" Merkmal="0" Planquadrat="N&#xD;"/>
  <Strassen StrID="9399" StrName="Brucknerstraße" StrPLZ="38226" OrtID="483" Merkmal="0" Planquadrat="N&#xD;"/>
  <Strassen StrID="9400" StrName="Ellerbachstraße" StrPLZ="31834" OrtID="37" Merkmal="0" Planquadrat="N&#xD;"/>
  <Strassen StrID="9401" StrName="Boelckestraße" StrPLZ="31535" OrtID="22" Merkmal="0" Planquadrat="N&#xD;"/>
  <Strassen StrID="9402" StrName="Friedhofsweg" StrPLZ="31249" OrtID="185" Merkmal="0" Planquadrat="N&#xD;"/>
  <Strassen StrID="9403" StrName="Bahrwiese" StrPLZ="38533" OrtID="484" Merkmal="0" Planquadrat="N"/>
  <Strassen StrID="9404" StrName="Bennigsenplatz" StrPLZ="40474" OrtID="127" Merkmal="0" Planquadrat="N&#xD;"/>
  <Strassen StrID="9405" StrName="Chemnitzer Straße" StrPLZ="30952" OrtID="3" Merkmal="0" Planquadrat="N&#xD;"/>
  <Strassen StrID="9406" StrName="Postfach" StrPLZ="32112" OrtID="485" Merkmal="0" Planquadrat="N&#xD;"/>
  <Strassen StrID="9407" StrName="Schubertstraße" StrPLZ="31275" OrtID="4" Merkmal="0" Planquadrat="N&#xD;"/>
  <Strassen StrID="9408" StrName="Otto-Backhausstraße" StrPLZ="30890" OrtID="2" Merkmal="0" Planquadrat="N&#xD;"/>
  <Strassen StrID="9409" StrName="Hindenburgstraße" StrPLZ="38159" OrtID="486" Merkmal="0" Planquadrat="N"/>
  <Strassen StrID="9410" StrName="Jenastieg" StrPLZ="38124" OrtID="8" Merkmal="0" Planquadrat="N&#xD;"/>
  <Strassen StrID="9412" StrName="Heinrich-Reimerstraße" StrPLZ="26736" OrtID="487" Merkmal="0" Planquadrat="N&#xD;"/>
  <Strassen StrID="9413" StrName="Breite Straße" StrPLZ="31249" OrtID="185" Merkmal="0" Planquadrat="N&#xD;"/>
  <Strassen StrID="9414" StrName="Hans-Staden-Straße" StrPLZ="34466" OrtID="488" Merkmal="0" Planquadrat="N&#xD;"/>
  <Strassen StrID="9415" StrName="Pahlswinkel" StrPLZ="30826" OrtID="149" Merkmal="0" Planquadrat="N&#xD;"/>
  <Strassen StrID="9416" StrName="Am Dorfe" StrPLZ="31087" OrtID="489" Merkmal="0" Planquadrat="N&#xD;"/>
  <Strassen StrID="9417" StrName="Kirchstieg" StrPLZ="21789" OrtID="490" Merkmal="0" Planquadrat="N&#xD;"/>
  <Strassen StrID="9418" StrName="Ernst-von-Alten-Allee" StrPLZ="30966" OrtID="13" Merkmal="0" Planquadrat="N&#xD;"/>
  <Strassen StrID="9419" StrName="In der Blumenstraße" StrPLZ="29331" OrtID="491" Merkmal="0" Planquadrat="N&#xD;"/>
  <Strassen StrID="9420" StrName="Finkenweg" StrPLZ="30900" OrtID="25" Merkmal="0" Planquadrat="N&#xD;"/>
  <Strassen StrID="9421" StrName="Paschkeweg" StrPLZ="38228" OrtID="10" Merkmal="0" Planquadrat="N&#xD;"/>
  <Strassen StrID="9422" StrName="Joh.-Seb.-Bachstraße" StrPLZ="31180" OrtID="152" Merkmal="0" Planquadrat="N&#xD;"/>
  <Strassen StrID="9423" StrName="Ranesstraße" StrPLZ="30952" OrtID="3" Merkmal="0" Planquadrat="N&#xD;"/>
  <Strassen StrID="9424" StrName="Rohrwiesen" StrPLZ="31303" OrtID="20" Merkmal="0" Planquadrat="N&#xD;"/>
  <Strassen StrID="9425" StrName="Im Eschbruch" StrPLZ="30952" OrtID="3" Merkmal="0" Planquadrat="N&#xD;"/>
  <Strassen StrID="9426" StrName="Mehrkamp" StrPLZ="31249" OrtID="185" Merkmal="0" Planquadrat="N&#xD;"/>
  <Strassen StrID="9427" StrName="Am Reitplatz" StrPLZ="30855" OrtID="27" Merkmal="0" Planquadrat="N&#xD;"/>
  <Strassen StrID="9428" StrName="Bachstraße" StrPLZ="22083" OrtID="39" Merkmal="0" Planquadrat="N&#xD;"/>
  <Strassen StrID="9429" StrName="Alter Sportplatz" StrPLZ="31832" OrtID="278" Merkmal="0" Planquadrat="N&#xD;"/>
  <Strassen StrID="9430" StrName="Königsbergerstraße" StrPLZ="31020" OrtID="267" Merkmal="0" Planquadrat="N&#xD;"/>
  <Strassen StrID="9431" StrName="Am Rothbusch" StrPLZ="31319" OrtID="276" Merkmal="0" Planquadrat="N&#xD;"/>
  <Strassen StrID="9432" StrName="Zeppelinstraße" StrPLZ="30916" OrtID="21" Merkmal="0" Planquadrat="N&#xD;"/>
  <Strassen StrID="9433" StrName="Bettensergarten" StrPLZ="30159" OrtID="3" Merkmal="0" Planquadrat="N&#xD;"/>
  <Strassen StrID="9434" StrName="Nordwall" StrPLZ="31832" OrtID="278" Merkmal="0" Planquadrat="N&#xD;"/>
  <Strassen StrID="9435" StrName="Sandkamp" StrPLZ="38531" OrtID="492" Merkmal="0" Planquadrat="N&#xD;"/>
  <Strassen StrID="9436" StrName="An der Alten Mühle" StrPLZ="31515" OrtID="319" Merkmal="0" Planquadrat="N&#xD;"/>
  <Strassen StrID="9437" StrName="Fingerhutweg" StrPLZ="38678" OrtID="493" Merkmal="0" Planquadrat="N&#xD;"/>
  <Strassen StrID="9438" StrName="Alte Bahnhofstraße" StrPLZ="31515" OrtID="319" Merkmal="0" Planquadrat="N&#xD;"/>
  <Strassen StrID="9439" StrName="Jadeweg" StrPLZ="30916" OrtID="21" Merkmal="0" Planquadrat="N&#xD;"/>
  <Strassen StrID="9440" StrName="Teerhof" StrPLZ="28199" OrtID="109" Merkmal="0" Planquadrat="N&#xD;"/>
  <Strassen StrID="9441" StrName="Im Grasgarten" StrPLZ="31226" OrtID="7" Merkmal="0" Planquadrat="N&#xD;"/>
  <Strassen StrID="9442" StrName="Goethestraße" StrPLZ="38350" OrtID="176" Merkmal="0" Planquadrat="N&#xD;"/>
  <Strassen StrID="9443" StrName="Im Neuen Garten" StrPLZ="30900" OrtID="25" Merkmal="0" Planquadrat="N&#xD;"/>
  <Strassen StrID="9444" StrName="Am Hasenberg" StrPLZ="29690" OrtID="273" Merkmal="0" Planquadrat="N&#xD;"/>
  <Strassen StrID="9445" StrName="Weidenstraße" StrPLZ="30885" OrtID="27" Merkmal="0" Planquadrat="N&#xD;"/>
  <Strassen StrID="9446" StrName="Müggenwinkel" StrPLZ="30966" OrtID="13" Merkmal="0" Planquadrat="N&#xD;"/>
  <Strassen StrID="9447" StrName="Am Wietze Strand" StrPLZ="30900" OrtID="25" Merkmal="0" Planquadrat="N&#xD;"/>
  <Strassen StrID="9448" StrName="Breslauer Straße" StrPLZ="31303" OrtID="20" Merkmal="0" Planquadrat="N&#xD;"/>
  <Strassen StrID="9450" StrName="Im Ortfeld" StrPLZ="21394" OrtID="447" Merkmal="0" Planquadrat="N&#xD;"/>
  <Strassen StrID="9451" StrName="Reinekestraße" StrPLZ="30966" OrtID="13" Merkmal="0" Planquadrat="N&#xD;"/>
  <Strassen StrID="9452" StrName="Konsul-Kassel-Straße" StrPLZ="28357" OrtID="109" Merkmal="0" Planquadrat="N&#xD;"/>
  <Strassen StrID="9453" StrName="Lutterothstraße" StrPLZ="20555" OrtID="39" Merkmal="0" Planquadrat="N&#xD;"/>
  <Strassen StrID="9454" StrName="Lahnstraße" StrPLZ="30446" OrtID="315" Merkmal="0" Planquadrat="N&#xD;"/>
  <Strassen StrID="9455" StrName="Gibsmühlenweg" StrPLZ="38384" OrtID="494" Merkmal="0" Planquadrat="N&#xD;"/>
  <Strassen StrID="9456" StrName="Weimarstraße" StrPLZ="38124" OrtID="8" Merkmal="0" Planquadrat="N&#xD;"/>
  <Strassen StrID="9457" StrName="Königsbergerstraße" StrPLZ="31177" OrtID="495" Merkmal="0" Planquadrat="N&#xD;"/>
  <Strassen StrID="9458" StrName="Bresslauer Straße" StrPLZ="38440" OrtID="315" Merkmal="0" Planquadrat="N&#xD;"/>
  <Strassen StrID="9459" StrName="In den Schütten" StrPLZ="30890" OrtID="2" Merkmal="0" Planquadrat="N&#xD;"/>
  <Strassen StrID="9460" StrName="Kleitschestraße" StrPLZ="38448" OrtID="315" Merkmal="0" Planquadrat="N&#xD;"/>
  <Strassen StrID="9461" StrName="Nordring" StrPLZ="38259" OrtID="10" Merkmal="0" Planquadrat="N&#xD;"/>
  <Strassen StrID="9462" StrName="Nordstraße" StrPLZ="30926" OrtID="6" Merkmal="0" Planquadrat="N&#xD;"/>
  <Strassen StrID="9463" StrName="Hügelstraße" StrPLZ="31157" OrtID="268" Merkmal="0" Planquadrat="N&#xD;"/>
  <Strassen StrID="9464" StrName="In Luttmersen" StrPLZ="31535" OrtID="22" Merkmal="0" Planquadrat="N&#xD;"/>
  <Strassen StrID="9465" StrName="Postfach" StrPLZ="30953" OrtID="13" Merkmal="0" Planquadrat="N&#xD;"/>
  <Strassen StrID="9467" StrName="Wiesenstraße" StrPLZ="37073" OrtID="158" Merkmal="0" Planquadrat="N&#xD;"/>
  <Strassen StrID="9468" StrName="Schulstraße" StrPLZ="30952" OrtID="3" Merkmal="0" Planquadrat="N&#xD;"/>
  <Strassen StrID="9469" StrName="Arnulfstraße" StrPLZ="86157" OrtID="355" Merkmal="0" Planquadrat="N&#xD;"/>
  <Strassen StrID="9471" StrName="Im Kliengarten" StrPLZ="38162" OrtID="479" Merkmal="0" Planquadrat="N&#xD;"/>
  <Strassen StrID="9472" StrName="Elmblick" StrPLZ="38165" OrtID="204" Merkmal="0" Planquadrat="N&#xD;"/>
  <Strassen StrID="9473" StrName="Postfach" StrPLZ="30945" OrtID="3" Merkmal="0" Planquadrat="N&#xD;"/>
  <Strassen StrID="9474" StrName="Ernst-Kohlrautz-Straße" StrPLZ="30827" OrtID="149" Merkmal="0" Planquadrat="N&#xD;"/>
  <Strassen StrID="9475" StrName="Nolteweg" StrPLZ="30916" OrtID="21" Merkmal="0" Planquadrat="N&#xD;"/>
  <Strassen StrID="9476" StrName="Im Dorfe" StrPLZ="31303" OrtID="20" Merkmal="0" Planquadrat="N&#xD;"/>
  <Strassen StrID="9477" StrName="Amtland" StrPLZ="31547" OrtID="462" Merkmal="0" Planquadrat="N&#xD;"/>
  <Strassen StrID="9478" StrName="Buchenring" StrPLZ="38154" OrtID="496" Merkmal="0" Planquadrat="N&#xD;"/>
  <Strassen StrID="9479" StrName="Gewerbering" StrPLZ="29352" OrtID="497" Merkmal="0" Planquadrat="N"/>
  <Strassen StrID="9480" StrName="Silberkuhle" StrPLZ="30890" OrtID="2" Merkmal="0" Planquadrat="N&#xD;"/>
  <Strassen StrID="9481" StrName="Wilhelm-Busch-Str." StrPLZ="30890" OrtID="2" Merkmal="0" Planquadrat="N&#xD;"/>
  <Strassen StrID="9482" StrName="Buchenbrink" StrPLZ="30890" OrtID="2" Merkmal="0" Planquadrat="N&#xD;"/>
  <Strassen StrID="9483" StrName="Harenberger Straße" StrPLZ="30989" OrtID="5" Merkmal="0" Planquadrat="N&#xD;"/>
  <Strassen StrID="9484" StrName="Boschstraße" StrPLZ="30916" OrtID="21" Merkmal="0" Planquadrat="N&#xD;"/>
  <Strassen StrID="9485" StrName="Burgdorfer Straße" StrPLZ="30989" OrtID="5" Merkmal="0" Planquadrat="N&#xD;"/>
  <Strassen StrID="9486" StrName="Auf dem Brinkfeld" StrPLZ="31555" OrtID="499" Merkmal="0" Planquadrat="N&#xD;"/>
  <Strassen StrID="9487" StrName="Am Dorfbrunnen" StrPLZ="30989" OrtID="5" Merkmal="0" Planquadrat="N&#xD;"/>
  <Strassen StrID="9488" StrName="Schaftrift" StrPLZ="30952" OrtID="3" Merkmal="0" Planquadrat="N&#xD;"/>
  <Strassen StrID="9489" StrName="Normannenstraße" StrPLZ="30952" OrtID="3" Merkmal="0" Planquadrat="N&#xD;"/>
  <Strassen StrID="9490" StrName="Feldweg" StrPLZ="31559" OrtID="501" Merkmal="0" Planquadrat="N&#xD;"/>
  <Strassen StrID="9491" StrName="Rohrweg" StrPLZ="30952" OrtID="3" Merkmal="0" Planquadrat="N&#xD;"/>
  <Strassen StrID="9492" StrName="Kammstraße" StrPLZ="30926" OrtID="6" Merkmal="0" Planquadrat="N&#xD;"/>
  <Strassen StrID="9493" StrName="Goldkamp" StrPLZ="30916" OrtID="21" Merkmal="0" Planquadrat="N&#xD;"/>
  <Strassen StrID="9494" StrName="Benno Burg" StrPLZ="31139" OrtID="9" Merkmal="0" Planquadrat="N&#xD;"/>
  <Strassen StrID="9495" StrName="Südstraße" StrPLZ="38159" OrtID="486" Merkmal="0" Planquadrat="N"/>
  <Strassen StrID="9496" StrName="Robert-Bosch-Straße" StrPLZ="30989" OrtID="5" Merkmal="0" Planquadrat="N&#xD;"/>
  <Strassen StrID="9497" StrName="Am Hirtenbach" StrPLZ="30952" OrtID="3" Merkmal="0" Planquadrat="N&#xD;"/>
  <Strassen StrID="9498" StrName="Klewitzstraße" StrPLZ="39112" OrtID="216" Merkmal="0" Planquadrat="N&#xD;"/>
  <Strassen StrID="9499" StrName="Maschstraße" StrPLZ="38165" OrtID="204" Merkmal="0" Planquadrat="N&#xD;"/>
  <Strassen StrID="9500" StrName="Bergstraße" StrPLZ="30890" OrtID="2" Merkmal="0" Planquadrat="N&#xD;"/>
  <Strassen StrID="9501" StrName="Müllerkamp" StrPLZ="30926" OrtID="6" Merkmal="0" Planquadrat="N&#xD;"/>
  <Strassen StrID="9502" StrName="Erdbrandweg" StrPLZ="30938" OrtID="40" Merkmal="0" Planquadrat="N&#xD;"/>
  <Strassen StrID="9503" StrName="Hoher Weg" StrPLZ="31249" OrtID="185" Merkmal="0" Planquadrat="N&#xD;"/>
  <Strassen StrID="9504" StrName="Erdbrandweg" StrPLZ="30938" OrtID="40" Merkmal="0" Planquadrat="N&#xD;"/>
  <Strassen StrID="9505" StrName="Frida-Nadig-Straße" StrPLZ="30880" OrtID="200" Merkmal="0" Planquadrat="N&#xD;"/>
  <Strassen StrID="9506" StrName="Döteberger Straße" StrPLZ="30926" OrtID="6" Merkmal="0" Planquadrat="N&#xD;"/>
  <Strassen StrID="9507" StrName="Stadträr" StrPLZ="30952" OrtID="3" Merkmal="0" Planquadrat="N&#xD;"/>
  <Strassen StrID="9508" StrName="Bodelschwinghstraße" StrPLZ="38159" OrtID="486" Merkmal="0" Planquadrat="N"/>
  <Strassen StrID="9509" StrName="Haynstraße" StrPLZ="20249" OrtID="39" Merkmal="0" Planquadrat="N&#xD;"/>
  <Strassen StrID="9510" StrName="Tüllesamstraße" StrPLZ="80939" OrtID="225" Merkmal="0" Planquadrat="N&#xD;"/>
  <Strassen StrID="9511" StrName="Waldstraße" StrPLZ="31582" OrtID="237" Merkmal="0" Planquadrat="N&#xD;"/>
  <Strassen StrID="9512" StrName="Farrelweg" StrPLZ="30916" OrtID="21" Merkmal="0" Planquadrat="N&#xD;"/>
  <Strassen StrID="9513" StrName="Bassenbrink" StrPLZ="31552" OrtID="263" Merkmal="0" Planquadrat="N&#xD;"/>
  <Strassen StrID="9514" StrName="Romintenstraße" StrPLZ="38124" OrtID="8" Merkmal="0" Planquadrat="N&#xD;"/>
  <Strassen StrID="9515" StrName="Bömelburgstraße" StrPLZ="30165" OrtID="502" Merkmal="0" Planquadrat="N&#xD;"/>
  <Strassen StrID="9516" StrName="August-Voß-Straße" StrPLZ="30890" OrtID="2" Merkmal="0" Planquadrat="N&#xD;"/>
  <Strassen StrID="9517" StrName="Ascherslebener Straße" StrPLZ="39435" OrtID="129" Merkmal="0" Planquadrat="N&#xD;"/>
  <Strassen StrID="9518" StrName="Mühlenweg" StrPLZ="30938" OrtID="136" Merkmal="0" Planquadrat="N&#xD;"/>
  <Strassen StrID="9519" StrName="Bronzegasse" StrPLZ="30823" OrtID="149" Merkmal="0" Planquadrat="N&#xD;"/>
  <Strassen StrID="9520" StrName="Forsthaus Blumenhagen" StrPLZ="31867" OrtID="24" Merkmal="0" Planquadrat="N&#xD;"/>
  <Strassen StrID="9522" StrName="Schwäbisch-Hall-Straße" StrPLZ="28816" OrtID="286" Merkmal="0" Planquadrat="N&#xD;"/>
  <Strassen StrID="9523" StrName="Beekstraße" StrPLZ="21228" OrtID="505" Merkmal="0" Planquadrat="N&#xD;"/>
  <Strassen StrID="9524" StrName="Heidebrink" StrPLZ="31655" OrtID="32" Merkmal="0" Planquadrat="N&#xD;"/>
  <Strassen StrID="9525" StrName="An der Au" StrPLZ="22880" OrtID="507" Merkmal="0" Planquadrat="N&#xD;"/>
  <Strassen StrID="9526" StrName="Röngtenstraße" StrPLZ="31157" OrtID="268" Merkmal="0" Planquadrat="N&#xD;"/>
  <Strassen StrID="9527" StrName="Kieler Straße" StrPLZ="22525" OrtID="39" Merkmal="0" Planquadrat="N&#xD;"/>
  <Strassen StrID="9528" StrName="Eichenweg" StrPLZ="30855" OrtID="27" Merkmal="0" Planquadrat="N&#xD;"/>
  <Strassen StrID="9529" StrName="Bahnhofstraße" StrPLZ="31691" OrtID="477" Merkmal="0" Planquadrat="N&#xD;"/>
  <Strassen StrID="9530" StrName="Maisenweg" StrPLZ="21423" OrtID="508" Merkmal="0" Planquadrat="N&#xD;"/>
  <Strassen StrID="9531" StrName="Glashüttenweg" StrPLZ="24193" OrtID="509" Merkmal="0" Planquadrat="N&#xD;"/>
  <Strassen StrID="9532" StrName="Lindenallee" StrPLZ="23556" OrtID="214" Merkmal="0" Planquadrat="N&#xD;"/>
  <Strassen StrID="9533" StrName="Vogelbeerweg" StrPLZ="31787" OrtID="19" Merkmal="0" Planquadrat="N&#xD;"/>
  <Strassen StrID="9534" StrName="Calenberger Straße" StrPLZ="31515" OrtID="319" Merkmal="0" Planquadrat="N&#xD;"/>
  <Strassen StrID="9535" StrName="Bickbargen" StrPLZ="25469" OrtID="510" Merkmal="0" Planquadrat="N"/>
  <Strassen StrID="9536" StrName="Theodor-Lessing-Straße" StrPLZ="30823" OrtID="149" Merkmal="0" Planquadrat="N&#xD;"/>
  <Strassen StrID="9537" StrName="Nenndorfer Straße" StrPLZ="30890" OrtID="2" Merkmal="0" Planquadrat="N&#xD;"/>
  <Strassen StrID="9538" StrName="Mühlengrund" StrPLZ="25576" OrtID="511" Merkmal="0" Planquadrat="N&#xD;"/>
  <Strassen StrID="9539" StrName="Sommerweg" StrPLZ="31840" OrtID="37" Merkmal="0" Planquadrat="N&#xD;"/>
  <Strassen StrID="9540" StrName="Otternweg" StrPLZ="29313" OrtID="164" Merkmal="0" Planquadrat="N&#xD;"/>
  <Strassen StrID="9541" StrName="Schacht-Albert-Ring" StrPLZ="30952" OrtID="3" Merkmal="0" Planquadrat="N&#xD;"/>
  <Strassen StrID="9542" StrName="Postfach" StrPLZ="30921" OrtID="6" Merkmal="0" Planquadrat="N&#xD;"/>
  <Strassen StrID="9543" StrName="Marienstraße" StrPLZ="32425" OrtID="512" Merkmal="0" Planquadrat="N&#xD;"/>
  <Strassen StrID="9544" StrName="Madamenweg" StrPLZ="38120" OrtID="8" Merkmal="0" Planquadrat="N&#xD;"/>
  <Strassen StrID="9545" StrName="Im Moorgarten" StrPLZ="30823" OrtID="149" Merkmal="0" Planquadrat="N&#xD;"/>
  <Strassen StrID="9546" StrName="Am Buchenbrink" StrPLZ="31061" OrtID="74" Merkmal="0" Planquadrat="N&#xD;"/>
  <Strassen StrID="9547" StrName="Sachsenwaldstraße" StrPLZ="22958" OrtID="265" Merkmal="0" Planquadrat="N&#xD;"/>
  <Strassen StrID="9548" StrName="Sachsenwaldstraße" StrPLZ="22958" OrtID="513" Merkmal="0" Planquadrat="N&#xD;"/>
  <Strassen StrID="9549" StrName="In der Worth" StrPLZ="31832" OrtID="278" Merkmal="0" Planquadrat="N&#xD;"/>
  <Strassen StrID="9550" StrName="Gräfestraße" StrPLZ="04129" OrtID="208" Merkmal="0" Planquadrat="N"/>
  <Strassen StrID="9552" StrName="Malvenstraße" StrPLZ="30900" OrtID="25" Merkmal="0" Planquadrat="N&#xD;"/>
  <Strassen StrID="9553" StrName="Dornfeld" StrPLZ="30926" OrtID="6" Merkmal="0" Planquadrat="N&#xD;"/>
  <Strassen StrID="9554" StrName="Meisenweg" StrPLZ="31515" OrtID="319" Merkmal="0" Planquadrat="N&#xD;"/>
  <Strassen StrID="9555" StrName="Elisenhofstraße" StrPLZ="25451" OrtID="400" Merkmal="0" Planquadrat="N&#xD;"/>
  <Strassen StrID="9556" StrName="Schweriner Straße" StrPLZ="22143" OrtID="39" Merkmal="0" Planquadrat="N&#xD;"/>
  <Strassen StrID="9557" StrName="Stobenstraße" StrPLZ="38373" OrtID="514" Merkmal="0" Planquadrat="N&#xD;"/>
  <Strassen StrID="9558" StrName="Bornstraße" StrPLZ="20146" OrtID="39" Merkmal="0" Planquadrat="N&#xD;"/>
  <Strassen StrID="9559" StrName="Mirabellenweg" StrPLZ="21720" OrtID="515" Merkmal="0" Planquadrat="N&#xD;"/>
  <Strassen StrID="9560" StrName="Schmiedeklint" StrPLZ="38304" OrtID="516" Merkmal="0" Planquadrat="N&#xD;"/>
  <Strassen StrID="9561" StrName="Hauptstraße" StrPLZ="31718" OrtID="517" Merkmal="0" Planquadrat="N&#xD;"/>
  <Strassen StrID="9562" StrName="Memeler Straße" StrPLZ="30823" OrtID="149" Merkmal="0" Planquadrat="N&#xD;"/>
  <Strassen StrID="9563" StrName="Harzer Weg" StrPLZ="31559" OrtID="501" Merkmal="0" Planquadrat="N&#xD;"/>
  <Strassen StrID="9564" StrName="Heinrich von Stephan Straße" StrPLZ="38259" OrtID="10" Merkmal="0" Planquadrat="N&#xD;"/>
  <Strassen StrID="9565" StrName="Im Brook" StrPLZ="24568" OrtID="518" Merkmal="0" Planquadrat="N&#xD;"/>
  <Strassen StrID="9566" StrName="Lucienvörder Straße" StrPLZ="31134" OrtID="9" Merkmal="0" Planquadrat="N&#xD;"/>
  <Strassen StrID="9567" StrName="Wilhelm-Busch-Straße" StrPLZ="30851" OrtID="27" Merkmal="0" Planquadrat="N&#xD;"/>
  <Strassen StrID="9568" StrName="Klingenberg" StrPLZ="25451" OrtID="400" Merkmal="0" Planquadrat="N&#xD;"/>
  <Strassen StrID="9569" StrName="Le-Mele-Straße" StrPLZ="61462" OrtID="354" Merkmal="0" Planquadrat="N&#xD;"/>
  <Strassen StrID="9570" StrName="Vogelweide" StrPLZ="31275" OrtID="4" Merkmal="0" Planquadrat="N&#xD;"/>
  <Strassen StrID="9571" StrName="Bahndamm" StrPLZ="30853" OrtID="27" Merkmal="0" Planquadrat="N&#xD;"/>
  <Strassen StrID="9572" StrName="Honenberg" StrPLZ="21398" OrtID="519" Merkmal="0" Planquadrat="N&#xD;"/>
  <Strassen StrID="9573" StrName="Neue Rodenbeeke" StrPLZ="31832" OrtID="278" Merkmal="0" Planquadrat="N&#xD;"/>
  <Strassen StrID="9574" StrName="An der Kirche" StrPLZ="31311" OrtID="166" Merkmal="0" Planquadrat="N&#xD;"/>
  <Strassen StrID="9575" StrName="Am Biotop" StrPLZ="30926" OrtID="6" Merkmal="0" Planquadrat="N&#xD;"/>
  <Strassen StrID="9576" StrName="Krugstraße" StrPLZ="38268" OrtID="480" Merkmal="0" Planquadrat="N&#xD;"/>
  <Strassen StrID="9577" StrName="Kinzigstraße" StrPLZ="38120" OrtID="8" Merkmal="0" Planquadrat="N&#xD;"/>
  <Strassen StrID="9578" StrName="Kronstraße" StrPLZ="21684" OrtID="281" Merkmal="0" Planquadrat="N&#xD;"/>
  <Strassen StrID="9579" StrName="Oesselser Straße" StrPLZ="30880" OrtID="200" Merkmal="0" Planquadrat="N&#xD;"/>
  <Strassen StrID="9580" StrName="Brandenburger Straße" StrPLZ="30900" OrtID="25" Merkmal="0" Planquadrat="N&#xD;"/>
  <Strassen StrID="9581" StrName="Abbauernring" StrPLZ="30900" OrtID="25" Merkmal="0" Planquadrat="N&#xD;"/>
  <Strassen StrID="9582" StrName="Küchengarten" StrPLZ="31008" OrtID="135" Merkmal="0" Planquadrat="N&#xD;"/>
  <Strassen StrID="9583" StrName="Reher Weg" StrPLZ="31787" OrtID="19" Merkmal="0" Planquadrat="N&#xD;"/>
  <Strassen StrID="9584" StrName="Heerstraße" StrPLZ="30890" OrtID="2" Merkmal="0" Planquadrat="N&#xD;"/>
  <Strassen StrID="9586" StrName="Werkstraße" StrPLZ="29690" OrtID="273" Merkmal="0" Planquadrat="N&#xD;"/>
  <Strassen StrID="9587" StrName="Krögerstraße" StrPLZ="38124" OrtID="8" Merkmal="0" Planquadrat="N&#xD;"/>
  <Strassen StrID="9588" StrName="Glück-Auf-Straße" StrPLZ="30890" OrtID="2" Merkmal="0" Planquadrat="N&#xD;"/>
  <Strassen StrID="9589" StrName="Klaus-Groth-Weg" StrPLZ="30938" OrtID="40" Merkmal="0" Planquadrat="N&#xD;"/>
  <Strassen StrID="9590" StrName="Postfach" StrPLZ="28284" OrtID="109" Merkmal="0" Planquadrat="N&#xD;"/>
  <Strassen StrID="9591" StrName="Struckmannstraße" StrPLZ="31134" OrtID="9" Merkmal="0" Planquadrat="N&#xD;"/>
  <Strassen StrID="9592" StrName="Bergstraße" StrPLZ="23689" OrtID="520" Merkmal="0" Planquadrat="N&#xD;"/>
  <Strassen StrID="9593" StrName="Hohe Reihe" StrPLZ="22393" OrtID="39" Merkmal="0" Planquadrat="N&#xD;"/>
  <Strassen StrID="9594" StrName="Lange Straße" StrPLZ="30890" OrtID="2" Merkmal="0" Planquadrat="N&#xD;"/>
  <Strassen StrID="9595" StrName="Am Rotkamp" StrPLZ="30916" OrtID="21" Merkmal="0" Planquadrat="N&#xD;"/>
  <Strassen StrID="9596" StrName="Weberstraße" StrPLZ="31134" OrtID="9" Merkmal="0" Planquadrat="N&#xD;"/>
  <Strassen StrID="9597" StrName="Kirchweg" StrPLZ="34121" OrtID="11" Merkmal="0" Planquadrat="N&#xD;"/>
  <Strassen StrID="9599" StrName="Plantagenweg" StrPLZ="31515" OrtID="319" Merkmal="0" Planquadrat="N&#xD;"/>
  <Strassen StrID="9600" StrName="Im Hagen" StrPLZ="31311" OrtID="294" Merkmal="0" Planquadrat="N&#xD;"/>
  <Strassen StrID="9601" StrName="Langenkampstraße" StrPLZ="30890" OrtID="2" Merkmal="0" Planquadrat="N&#xD;"/>
  <Strassen StrID="9602" StrName="Osterstraße" StrPLZ="30890" OrtID="2" Merkmal="0" Planquadrat="N&#xD;"/>
  <Strassen StrID="9603" StrName="Wasseler Weg" StrPLZ="30880" OrtID="200" Merkmal="0" Planquadrat="N&#xD;"/>
  <Strassen StrID="9604" StrName="Wölckenstraße" StrPLZ="22393" OrtID="39" Merkmal="0" Planquadrat="N&#xD;"/>
  <Strassen StrID="9605" StrName="Einsteinstraße" StrPLZ="30890" OrtID="2" Merkmal="0" Planquadrat="N&#xD;"/>
  <Strassen StrID="9606" StrName="Danziger Straße" StrPLZ="37619" OrtID="105" Merkmal="0" Planquadrat="N&#xD;"/>
  <Strassen StrID="9607" StrName="Alsterblick" StrPLZ="22397" OrtID="39" Merkmal="0" Planquadrat="N&#xD;"/>
  <Strassen StrID="9608" StrName="Am Anger" StrPLZ="30926" OrtID="6" Merkmal="0" Planquadrat="N&#xD;"/>
  <Strassen StrID="9609" StrName="Wördenfeldstraße" StrPLZ="30890" OrtID="2" Merkmal="0" Planquadrat="N&#xD;"/>
  <Strassen StrID="9610" StrName="Steinweg" StrPLZ="31020" OrtID="267" Merkmal="0" Planquadrat="N&#xD;"/>
  <Strassen StrID="9611" StrName="Hasenwinkel" StrPLZ="31832" OrtID="278" Merkmal="0" Planquadrat="N&#xD;"/>
  <Strassen StrID="9612" StrName="Emil-Berliner-Straße" StrPLZ="30851" OrtID="27" Merkmal="0" Planquadrat="N&#xD;"/>
  <Strassen StrID="9613" StrName="Strepel" StrPLZ="32423" OrtID="512" Merkmal="0" Planquadrat="N&#xD;"/>
  <Strassen StrID="9614" StrName="Avenwedder Straße" StrPLZ="33335" OrtID="521" Merkmal="0" Planquadrat="N&#xD;"/>
  <Strassen StrID="9615" StrName="Kananoher Straße" StrPLZ="30855" OrtID="27" Merkmal="0" Planquadrat="N&#xD;"/>
  <Strassen StrID="9616" StrName="Ostertorstraße" StrPLZ="31157" OrtID="268" Merkmal="0" Planquadrat="N&#xD;"/>
  <Strassen StrID="9617" StrName="Graf-Stauffenberg-Straße" StrPLZ="30823" OrtID="149" Merkmal="0" Planquadrat="N&#xD;"/>
  <Strassen StrID="9618" StrName="Händelstraße" StrPLZ="29223" OrtID="115" Merkmal="0" Planquadrat="N&#xD;"/>
  <Strassen StrID="9619" StrName="Kampweg" StrPLZ="30823" OrtID="149" Merkmal="0" Planquadrat="N&#xD;"/>
  <Strassen StrID="9620" StrName="Kleinwäldele" StrPLZ="75210" OrtID="523" Merkmal="0" Planquadrat="N&#xD;"/>
  <Strassen StrID="9621" StrName="Höninghausstraße" StrPLZ="47809" OrtID="198" Merkmal="0" Planquadrat="N&#xD;"/>
  <Strassen StrID="9622" StrName="Schlesierstraße" StrPLZ="31139" OrtID="9" Merkmal="0" Planquadrat="N&#xD;"/>
  <Strassen StrID="9623" StrName="Erlenweg" StrPLZ="30966" OrtID="13" Merkmal="0" Planquadrat="N&#xD;"/>
  <Strassen StrID="9624" StrName="Ulmenweg" StrPLZ="21337" OrtID="376" Merkmal="0" Planquadrat="N&#xD;"/>
  <Strassen StrID="9625" StrName="Am Ochsenzoll" StrPLZ="22417" OrtID="39" Merkmal="0" Planquadrat="N&#xD;"/>
  <Strassen StrID="9626" StrName="Kreinsloger" StrPLZ="28777" OrtID="109" Merkmal="0" Planquadrat="N&#xD;"/>
  <Strassen StrID="9627" StrName="Fridjof-Nansen-Straße" StrPLZ="38108" OrtID="8" Merkmal="0" Planquadrat="N&#xD;"/>
  <Strassen StrID="9628" StrName="Henri-Dunant-Straße" StrPLZ="38108" OrtID="8" Merkmal="0" Planquadrat="N&#xD;"/>
  <Strassen StrID="9629" StrName="Alte Frankfurter Straße" StrPLZ="38122" OrtID="8" Merkmal="0" Planquadrat="N&#xD;"/>
  <Strassen StrID="9630" StrName="Tunibergstraße" StrPLZ="79227" OrtID="524" Merkmal="0" Planquadrat="N&#xD;"/>
  <Strassen StrID="9631" StrName="Im Winkelkamp" StrPLZ="31234" OrtID="128" Merkmal="0" Planquadrat="N&#xD;"/>
  <Strassen StrID="9632" StrName="Groß Lessen" StrPLZ="27232" OrtID="525" Merkmal="0" Planquadrat="N&#xD;"/>
  <Strassen StrID="9633" StrName="Köppenweg" StrPLZ="38228" OrtID="10" Merkmal="0" Planquadrat="N&#xD;"/>
  <Strassen StrID="9634" StrName="Gimpelsteg" StrPLZ="30625" OrtID="27" Merkmal="0" Planquadrat="N&#xD;"/>
  <Strassen StrID="9635" StrName="Dörtener Straße" StrPLZ="38644" OrtID="157" Merkmal="0" Planquadrat="N&#xD;"/>
  <Strassen StrID="9636" StrName="Postfach" StrPLZ="31763" OrtID="19" Merkmal="0" Planquadrat="N&#xD;"/>
  <Strassen StrID="9637" StrName="Rankestraße" StrPLZ="10789" OrtID="18" Merkmal="0" Planquadrat="N&#xD;"/>
  <Strassen StrID="9638" StrName="Magdeburger Straße" StrPLZ="38124" OrtID="8" Merkmal="0" Planquadrat="N&#xD;"/>
  <Strassen StrID="9639" StrName="Freimarkt 30" StrPLZ="06333" OrtID="180" Merkmal="0" Planquadrat="N&#xD;"/>
  <Strassen StrID="9642" StrName="Frankfurter Straße" StrPLZ="65178" OrtID="50" Merkmal="0" Planquadrat="N&#xD;"/>
  <Strassen StrID="9643" StrName="Kranichstraße" StrPLZ="31535" OrtID="526" Merkmal="0" Planquadrat="N&#xD;"/>
  <Strassen StrID="9644" StrName="Altenhofstraße" StrPLZ="30890" OrtID="2" Merkmal="0" Planquadrat="N&#xD;"/>
  <Strassen StrID="9645" StrName="Oberer Bruchweg" StrPLZ="30823" OrtID="149" Merkmal="0" Planquadrat="N&#xD;"/>
  <Strassen StrID="9646" StrName="Breekweg" StrPLZ="29690" OrtID="527" Merkmal="0" Planquadrat="N&#xD;"/>
  <Strassen StrID="9647" StrName="Brahmsstraße" StrPLZ="31141" OrtID="9" Merkmal="0" Planquadrat="N&#xD;"/>
  <Strassen StrID="9648" StrName="Hamburger Straße" StrPLZ="30880" OrtID="200" Merkmal="0" Planquadrat="N&#xD;"/>
  <Strassen StrID="9649" StrName="Merkelstraße" StrPLZ="37085" OrtID="158" Merkmal="0" Planquadrat="N&#xD;"/>
  <Strassen StrID="9650" StrName="Oppenheimstraße" StrPLZ="50668" OrtID="17" Merkmal="0" Planquadrat="N&#xD;"/>
  <Strassen StrID="9651" StrName="Mittelstraße" StrPLZ="38272" OrtID="528" Merkmal="0" Planquadrat="N&#xD;"/>
  <Strassen StrID="9652" StrName="Sonnenweg" StrPLZ="30966" OrtID="13" Merkmal="0" Planquadrat="N&#xD;"/>
  <Strassen StrID="9653" StrName="Seekamp" StrPLZ="25469" OrtID="510" Merkmal="0" Planquadrat="N"/>
  <Strassen StrID="9654" StrName="Pahlberg" StrPLZ="31303" OrtID="20" Merkmal="0" Planquadrat="N&#xD;"/>
  <Strassen StrID="9655" StrName="Am Dehnenberg" StrPLZ="31157" OrtID="268" Merkmal="0" Planquadrat="N&#xD;"/>
  <Strassen StrID="9656" StrName="Oberneulander Landstraße" StrPLZ="28355" OrtID="109" Merkmal="0" Planquadrat="N&#xD;"/>
  <Strassen StrID="9657" StrName="Mühlenweg" StrPLZ="28355" OrtID="109" Merkmal="0" Planquadrat="N&#xD;"/>
  <Strassen StrID="9658" StrName="Abbenser Straße" StrPLZ="1" OrtID="22" Merkmal="0" Planquadrat="N&#xD;"/>
  <Strassen StrID="9659" StrName="Abbenser Straße" StrPLZ="31535" OrtID="22" Merkmal="0" Planquadrat="N&#xD;"/>
  <Strassen StrID="9660" StrName="Zingstweg" StrPLZ="25436" OrtID="529" Merkmal="0" Planquadrat="N&#xD;"/>
  <Strassen StrID="9661" StrName="Diepholzer Straße" StrPLZ="27751" OrtID="120" Merkmal="0" Planquadrat="N&#xD;"/>
  <Strassen StrID="9662" StrName="Hauptstraße" StrPLZ="30900" OrtID="25" Merkmal="0" Planquadrat="N&#xD;"/>
  <Strassen StrID="9663" StrName="Wiesenweg" StrPLZ="31559" OrtID="174" Merkmal="0" Planquadrat="N&#xD;"/>
  <Strassen StrID="9664" StrName="Altes Dorf" StrPLZ="30900" OrtID="25" Merkmal="0" Planquadrat="N&#xD;"/>
  <Strassen StrID="9665" StrName="Probsthäger Straße" StrPLZ="31655" OrtID="32" Merkmal="0" Planquadrat="N&#xD;"/>
  <Strassen StrID="9666" StrName="Wagnerweg" StrPLZ="30989" OrtID="5" Merkmal="0" Planquadrat="N&#xD;"/>
  <Strassen StrID="9667" StrName="Ostertorstraße" StrPLZ="30966" OrtID="13" Merkmal="0" Planquadrat="N&#xD;"/>
  <Strassen StrID="9668" StrName="Oldendorfer Landstraße" StrPLZ="27729" OrtID="530" Merkmal="0" Planquadrat="N&#xD;"/>
  <Strassen StrID="9669" StrName="Sedanstraße" StrPLZ="31134" OrtID="9" Merkmal="0" Planquadrat="N&#xD;"/>
  <Strassen StrID="9670" StrName="Hohentorsheerstraße" StrPLZ="28199" OrtID="109" Merkmal="0" Planquadrat="N&#xD;"/>
  <Strassen StrID="9671" StrName="In den Edlen Weingärten" StrPLZ="67596" OrtID="531" Merkmal="0" Planquadrat="N&#xD;"/>
  <Strassen StrID="9673" StrName="Barsinghausener Straße" StrPLZ="30890" OrtID="2" Merkmal="0" Planquadrat="N&#xD;"/>
  <Strassen StrID="9674" StrName="Molderamweg" StrPLZ="37574" OrtID="133" Merkmal="0" Planquadrat="N&#xD;"/>
  <Strassen StrID="9675" StrName="Kurfürstendamm" StrHausBereich="101-139,102-138" StrPLZ="10711" OrtID="18" Merkmal="0" Planquadrat="N&#xD;"/>
  <Strassen StrID="9676" StrName="Kurfürstendamm" StrHausBereich="11-45,12-44,197-Ende,198-Ende" StrPLZ="10719" OrtID="18" Merkmal="0" Planquadrat="N&#xD;"/>
  <Strassen StrID="9677" StrName="Kurfürstendamm" StrHausBereich="140-164,141-163" StrPLZ="10709" OrtID="18" Merkmal="0" Planquadrat="N&#xD;"/>
  <Strassen StrID="9678" StrName="Dammstraße" StrPLZ="30989" OrtID="5" Merkmal="0" Planquadrat="N&#xD;"/>
  <Strassen StrID="9679" StrName="Berliner Straße" StrPLZ="80805" OrtID="225" Merkmal="0" Planquadrat="N&#xD;"/>
  <Strassen StrID="9680" StrName="Wilhlemitorwall" StrPLZ="38118" OrtID="8" Merkmal="0" Planquadrat="N&#xD;"/>
  <Strassen StrID="9681" StrName="Riedenweg" StrPLZ="27777" OrtID="378" Merkmal="0" Planquadrat="N&#xD;"/>
  <Strassen StrID="9682" StrName="Stresemannstraße" StrPLZ="22769" OrtID="39" Merkmal="0" Planquadrat="N&#xD;"/>
  <Strassen StrID="9683" StrName="Funkschneise" StrPLZ="28307" OrtID="109" Merkmal="0" Planquadrat="N&#xD;"/>
  <Strassen StrID="9684" StrName="Auf der Höhe" StrPLZ="31832" OrtID="278" Merkmal="0" Planquadrat="N&#xD;"/>
  <Strassen StrID="9685" StrName="Am Torfstich" StrPLZ="31234" OrtID="128" Merkmal="0" Planquadrat="N&#xD;"/>
  <Strassen StrID="9686" StrName="Loher Straße" StrPLZ="22149" OrtID="39" Merkmal="0" Planquadrat="N&#xD;"/>
  <Strassen StrID="9687" StrName="Vaenserweg" StrPLZ="21244" OrtID="111" Merkmal="0" Planquadrat="N&#xD;"/>
  <Strassen StrID="9688" StrName="Kuckucksweg" StrPLZ="25462" OrtID="259" Merkmal="0" Planquadrat="N&#xD;"/>
  <Strassen StrID="9689" StrName="Wilhelmitorwall" StrPLZ="38118" OrtID="8" Merkmal="0" Planquadrat="N&#xD;"/>
  <Strassen StrID="9690" StrName="Fontanestraße" StrPLZ="30900" OrtID="218" Merkmal="0" Planquadrat="N&#xD;"/>
  <Strassen StrID="9691" StrName="Sandkamp" StrPLZ="25368" OrtID="532" Merkmal="0" Planquadrat="N&#xD;"/>
  <Strassen StrID="9692" StrName="Dudweiler Straße" StrPLZ="28309" OrtID="109" Merkmal="0" Planquadrat="N&#xD;"/>
  <Strassen StrID="9693" StrName="Vor dem Oberntore" StrPLZ="31848" OrtID="89" Merkmal="0" Planquadrat="N&#xD;"/>
  <Strassen StrID="9694" StrName="Am Eichenrangen" StrPLZ="90571" OrtID="533" Merkmal="0" Planquadrat="N&#xD;"/>
  <Strassen StrID="9695" StrName="Gothaer Platz" StrPLZ="37083" OrtID="158" Merkmal="0" Planquadrat="N&#xD;"/>
  <Strassen StrID="9696" StrName="Jostmoor" StrPLZ="30900" OrtID="25" Merkmal="0" Planquadrat="N&#xD;"/>
  <Strassen StrID="9697" StrName="Flasswort" StrPLZ="30900" OrtID="25" Merkmal="0" Planquadrat="N&#xD;"/>
  <Strassen StrID="9698" StrName="Mathias-Claudius-Straße" StrPLZ="21614" OrtID="534" Merkmal="0" Planquadrat="N&#xD;"/>
  <Strassen StrID="9699" StrName="Leineweberstraße" StrPLZ="31191" OrtID="76" Merkmal="0" Planquadrat="N&#xD;"/>
  <Strassen StrID="9700" StrName="Am Bahndamm" StrPLZ="38259" OrtID="10" Merkmal="0" Planquadrat="N&#xD;"/>
  <Strassen StrID="9701" StrName="Oberhafenstraße" StrPLZ="20097" OrtID="39" Merkmal="0" Planquadrat="N&#xD;"/>
  <Strassen StrID="9702" StrName="Windmühlenstraße" StrPLZ="31832" OrtID="278" Merkmal="0" Planquadrat="N&#xD;"/>
  <Strassen StrID="9703" StrName="Knochenhauerstraße" StrPLZ="28195" OrtID="109" Merkmal="0" Planquadrat="N&#xD;"/>
  <Strassen StrID="9704" StrName="Lüttenredder" StrPLZ="22457" OrtID="39" Merkmal="0" Planquadrat="N&#xD;"/>
  <Strassen StrID="9705" StrName="Norderstedter Straße" StrPLZ="25474" OrtID="535" Merkmal="0" Planquadrat="N&#xD;"/>
  <Strassen StrID="9706" StrName="Dorfstraße" StrPLZ="38114" OrtID="8" Merkmal="0" Planquadrat="N&#xD;"/>
  <Strassen StrID="9707" StrName="Bergstedter Kirchenstraße" StrPLZ="22395" OrtID="39" Merkmal="0" Planquadrat="N&#xD;"/>
  <Strassen StrID="9708" StrName="Holwedestraße" StrPLZ="38118" OrtID="8" Merkmal="0" Planquadrat="N&#xD;"/>
  <Strassen StrID="9709" StrName="Ebertallee" StrPLZ="38104" OrtID="8" Merkmal="0" Planquadrat="N&#xD;"/>
  <Strassen StrID="9710" StrName="Im Wiesengrund" StrPLZ="27356" OrtID="536" Merkmal="0" Planquadrat="N&#xD;"/>
  <Strassen StrID="9711" StrName="Am Stadtrand" StrPLZ="22047" OrtID="39" Merkmal="0" Planquadrat="N&#xD;"/>
  <Strassen StrID="9712" StrName="Eulenstraße" StrPLZ="28857" OrtID="289" Merkmal="0" Planquadrat="N&#xD;"/>
  <Strassen StrID="9713" StrName="Rostocker Straße" StrPLZ="30823" OrtID="149" Merkmal="0" Planquadrat="N&#xD;"/>
  <Strassen StrID="9714" StrName="Friesenbergstraße" StrPLZ="76530" OrtID="98" Merkmal="0" Planquadrat="N&#xD;"/>
  <Strassen StrID="9715" StrName="Hauptstraße" StrPLZ="29313" OrtID="164" Merkmal="0" Planquadrat="N&#xD;"/>
  <Strassen StrID="9716" StrName="Ahornallee" StrPLZ="29313" OrtID="164" Merkmal="0" Planquadrat="N&#xD;"/>
  <Strassen StrID="9717" StrName="Inselburgweg" StrPLZ="30826" OrtID="149" Merkmal="0" Planquadrat="N&#xD;"/>
  <Strassen StrID="9718" StrName="Hartgerstraße" StrPLZ="38104" OrtID="8" Merkmal="0" Planquadrat="N&#xD;"/>
  <Strassen StrID="9719" StrName="Spinnerstraße" StrPLZ="38114" OrtID="8" Merkmal="0" Planquadrat="N&#xD;"/>
  <Strassen StrID="9720" StrName="Düstere-Eichen-Weg" StrPLZ="37073" OrtID="158" Merkmal="0" Planquadrat="N&#xD;"/>
  <Strassen StrID="9721" StrName="Am Lohner Hof" StrPLZ="30916" OrtID="21" Merkmal="0" Planquadrat="N&#xD;"/>
  <Strassen StrID="9722" StrName="Postfach" StrPLZ="30050" OrtID="1" Merkmal="0" Planquadrat="N&#xD;"/>
  <Strassen StrID="9723" StrName="Kirchenstieg" StrPLZ="21789" OrtID="490" Merkmal="0" Planquadrat="N&#xD;"/>
  <Strassen StrID="9724" StrName="Semmenstedter Straße" StrPLZ="38170" OrtID="538" Merkmal="0" Planquadrat="N&#xD;"/>
  <Strassen StrID="9725" StrName="Stöckheimer Straße" StrPLZ="38302" OrtID="314" Merkmal="0" Planquadrat="N&#xD;"/>
  <Strassen StrID="9726" StrName="Braunschweiger Straße" StrPLZ="30880" OrtID="200" Merkmal="0" Planquadrat="N&#xD;"/>
  <Strassen StrID="9727" StrName="Am Meierhof" StrPLZ="25488" OrtID="539" Merkmal="0" Planquadrat="N&#xD;"/>
  <Strassen StrID="9728" StrName="Pillauer Straße" StrPLZ="28816" OrtID="286" Merkmal="0" Planquadrat="N&#xD;"/>
  <Strassen StrID="9729" StrName="Bussenmühle" StrPLZ="31867" OrtID="540" Merkmal="0" Planquadrat="N&#xD;"/>
  <Strassen StrID="9730" StrName="Fettpottstraße" StrPLZ="33818" OrtID="541" Merkmal="0" Planquadrat="N&#xD;"/>
  <Strassen StrID="9731" StrName="Speckmannsweg" StrPLZ="30826" OrtID="149" Merkmal="0" Planquadrat="N&#xD;"/>
  <Strassen StrID="9732" StrName="Fasanenweg" StrPLZ="21227" OrtID="542" Merkmal="0" Planquadrat="N&#xD;"/>
  <Strassen StrID="9733" StrName="Alter Schwanenfelderweg" StrPLZ="38350" OrtID="176" Merkmal="0" Planquadrat="N&#xD;"/>
  <Strassen StrID="9734" StrName="Siedlung" StrPLZ="38300" OrtID="314" Merkmal="0" Planquadrat="N&#xD;"/>
  <Strassen StrID="9735" StrName="Gustav-Deetjeu-Allee" StrPLZ="28209" OrtID="109" Merkmal="0" Planquadrat="N&#xD;"/>
  <Strassen StrID="9736" StrName="Rohlsdorfer Weg" StrPLZ="23689" OrtID="543" Merkmal="0" Planquadrat="N&#xD;"/>
  <Strassen StrID="9737" StrName="Grüne Aue" StrPLZ="30880" OrtID="200" Merkmal="0" Planquadrat="N&#xD;"/>
  <Strassen StrID="9738" StrName="Hallerstraße" StrPLZ="31171" OrtID="241" Merkmal="0" Planquadrat="N&#xD;"/>
  <Strassen StrID="9739" StrName="Paul-Linke-Straße" StrPLZ="31535" OrtID="22" Merkmal="0" Planquadrat="N&#xD;"/>
  <Strassen StrID="9740" StrName="Bargteheider Straße" StrPLZ="22143" OrtID="39" Merkmal="0" Planquadrat="N&#xD;"/>
  <Strassen StrID="9741" StrName="Rubensweg" StrPLZ="30900" OrtID="25" Merkmal="0" Planquadrat="N&#xD;"/>
  <Strassen StrID="9742" StrName="Hachtingweg" StrPLZ="30916" OrtID="21" Merkmal="0" Planquadrat="N&#xD;"/>
  <Strassen StrID="9743" StrName="Löwenberger Straße" StrPLZ="30966" OrtID="13" Merkmal="0" Planquadrat="N&#xD;"/>
  <Strassen StrID="9744" StrName="Kranichweg" StrPLZ="30900" OrtID="25" Merkmal="0" Planquadrat="N&#xD;"/>
  <Strassen StrID="9745" StrName="Sollingstraße" StrPLZ="30966" OrtID="13" Merkmal="0" Planquadrat="N&#xD;"/>
  <Strassen StrID="9746" StrName="Eichenstraße" StrPLZ="31832" OrtID="278" Merkmal="0" Planquadrat="N&#xD;"/>
  <Strassen StrID="9747" StrName="Am Tie" StrPLZ="30880" OrtID="200" Merkmal="0" Planquadrat="N&#xD;"/>
  <Strassen StrID="9748" StrName="Sportallee" StrPLZ="22335" OrtID="39" Merkmal="0" Planquadrat="N&#xD;"/>
  <Strassen StrID="9749" StrName="Mindener Straße" StrPLZ="30890" OrtID="2" Merkmal="0" Planquadrat="N&#xD;"/>
  <Strassen StrID="9750" StrName="Schubertstraße" StrPLZ="38226" OrtID="10" Merkmal="0" Planquadrat="N&#xD;"/>
  <Strassen StrID="9751" StrName="Peiner Straße" StrPLZ="31319" OrtID="276" Merkmal="0" Planquadrat="N&#xD;"/>
  <Strassen StrID="9752" StrName="Im Felde" StrPLZ="30982" OrtID="253" Merkmal="0" Planquadrat="N&#xD;"/>
  <Strassen StrID="9753" StrName="Auf dem Spanne" StrPLZ="30823" OrtID="149" Merkmal="0" Planquadrat="N&#xD;"/>
  <Strassen StrID="9754" StrName="Kornweg" StrPLZ="23863" OrtID="544" Merkmal="0" Planquadrat="N&#xD;"/>
  <Strassen StrID="9755" StrName="Rutenbarg" StrPLZ="28879" OrtID="159" Merkmal="0" Planquadrat="N&#xD;"/>
  <Strassen StrID="9756" StrName="Ilkstraat" StrPLZ="22399" OrtID="39" Merkmal="0" Planquadrat="N&#xD;"/>
  <Strassen StrID="9757" StrName="Rotdornweg" StrPLZ="30966" OrtID="13" Merkmal="0" Planquadrat="N&#xD;"/>
  <Strassen StrID="9758" StrName="Grashof" StrPLZ="24787" OrtID="545" Merkmal="0" Planquadrat="N&#xD;"/>
  <Strassen StrID="9759" StrName="Schloß Ricklinger Straße" StrPLZ="31515" OrtID="319" Merkmal="0" Planquadrat="N&#xD;"/>
  <Strassen StrID="9760" StrName="Osterriedestraße" StrPLZ="30851" OrtID="27" Merkmal="0" Planquadrat="N&#xD;"/>
  <Strassen StrID="9761" StrName="Heinrich-Schütte-Straße" StrPLZ="26441" OrtID="546" Merkmal="0" Planquadrat="N&#xD;"/>
  <Strassen StrID="9762" StrName="Südstraße" StrPLZ="38100" OrtID="8" Merkmal="0" Planquadrat="N&#xD;"/>
  <Strassen StrID="9763" StrName="Kreinkoppe" StrPLZ="22399" OrtID="39" Merkmal="0" Planquadrat="N&#xD;"/>
  <Strassen StrID="9764" StrName="Blumenstraße" StrPLZ="30827" OrtID="149" Merkmal="0" Planquadrat="N&#xD;"/>
  <Strassen StrID="9765" StrName="Westlieke" StrPLZ="38464" OrtID="547" Merkmal="0" Planquadrat="N&#xD;"/>
  <Strassen StrID="9766" StrName="Seiffertstraße" StrPLZ="28359" OrtID="109" Merkmal="0" Planquadrat="N&#xD;"/>
  <Strassen StrID="9767" StrName="Senator-Theil-Straße" StrPLZ="28279" OrtID="109" Merkmal="0" Planquadrat="N&#xD;"/>
  <Strassen StrID="9768" StrName="Rohrwiese" StrPLZ="38685" OrtID="548" Merkmal="0" Planquadrat="N&#xD;"/>
  <Strassen StrID="9769" StrName="Wendische Straße" StrPLZ="23558" OrtID="214" Merkmal="0" Planquadrat="N&#xD;"/>
  <Strassen StrID="9770" StrName="Grafenberger Straße" StrPLZ="30853" OrtID="27" Merkmal="0" Planquadrat="N&#xD;"/>
  <Strassen StrID="9771" StrName="Eisvogelring" StrPLZ="30916" OrtID="21" Merkmal="0" Planquadrat="N&#xD;"/>
  <Strassen StrID="9772" StrName="Altmariensee" StrPLZ="31535" OrtID="22" Merkmal="0" Planquadrat="N&#xD;"/>
  <Strassen StrID="9773" StrName="Hinter der Brake" StrPLZ="30872" OrtID="149" Merkmal="0" Planquadrat="N&#xD;"/>
  <Strassen StrID="9774" StrName="Hinter der Brake" StrPLZ="30827" OrtID="149" Merkmal="0" Planquadrat="N&#xD;"/>
  <Strassen StrID="9775" StrName="Hinter der Brake" StrPLZ="30826" OrtID="149" Merkmal="0" Planquadrat="N&#xD;"/>
  <Strassen StrID="9776" StrName="Von Hardenbergstraße" StrPLZ="38165" OrtID="204" Merkmal="0" Planquadrat="N&#xD;"/>
  <Strassen StrID="9777" StrName="Speekenkamp" StrPLZ="38442" OrtID="315" Merkmal="0" Planquadrat="N&#xD;"/>
  <Strassen StrID="9778" StrName="Reinheimer Weg" StrPLZ="22589" OrtID="39" Merkmal="0" Planquadrat="N&#xD;"/>
  <Strassen StrID="9779" StrName="Schöne Aussicht" StrPLZ="21220" OrtID="549" Merkmal="0" Planquadrat="N&#xD;"/>
  <Strassen StrID="9780" StrName="Stinnweg" StrPLZ="21261" OrtID="550" Merkmal="0" Planquadrat="N&#xD;"/>
  <Strassen StrID="9781" StrName="Leineaue" StrPLZ="30982" OrtID="253" Merkmal="0" Planquadrat="N&#xD;"/>
  <Strassen StrID="9782" StrName="Am Walde" StrPLZ="30916" OrtID="21" Merkmal="0" Planquadrat="N&#xD;"/>
  <Strassen StrID="9783" StrName="Franz-Rabe-Straße" StrPLZ="25474" OrtID="535" Merkmal="0" Planquadrat="N&#xD;"/>
  <Strassen StrID="9784" StrName="Lorentstraße" StrPLZ="28309" OrtID="109" Merkmal="0" Planquadrat="N&#xD;"/>
  <Strassen StrID="9785" StrName="Wilhelm-Busch-Weg" StrPLZ="31542" OrtID="91" Merkmal="0" Planquadrat="N&#xD;"/>
  <Strassen StrID="9786" StrName="Hausstelle" StrPLZ="31515" OrtID="319" Merkmal="0" Planquadrat="N&#xD;"/>
  <Strassen StrID="9787" StrName="Schwedeldorfer Straße" StrPLZ="49124" OrtID="551" Merkmal="0" Planquadrat="N&#xD;"/>
  <Strassen StrID="9788" StrName="Stegemühlenweg" StrPLZ="37083" OrtID="158" Merkmal="0" Planquadrat="N&#xD;"/>
  <Strassen StrID="9789" StrName="Schulweg" StrPLZ="25355" OrtID="552" Merkmal="0" Planquadrat="N&#xD;"/>
  <Strassen StrID="9790" StrName="Haferkamp" StrPLZ="30938" OrtID="40" Merkmal="0" Planquadrat="N&#xD;"/>
  <Strassen StrID="9791" StrName="Barbarastraße" StrPLZ="30890" OrtID="2" Merkmal="0" Planquadrat="N&#xD;"/>
  <Strassen StrID="9792" StrName="Hinter den Höfen" StrPLZ="31542" OrtID="91" Merkmal="0" Planquadrat="N&#xD;"/>
  <Strassen StrID="9793" StrName="Luheweg" StrPLZ="30851" OrtID="27" Merkmal="0" Planquadrat="N&#xD;"/>
  <Strassen StrID="9794" StrName="Blankenburger Straße" StrPLZ="39118" OrtID="216" Merkmal="0" Planquadrat="N&#xD;"/>
  <Strassen StrID="9795" StrName="Boberweg" StrPLZ="30966" OrtID="13" Merkmal="0" Planquadrat="N&#xD;"/>
  <Strassen StrID="9796" StrName="Stettiner Straße" StrPLZ="31867" OrtID="24" Merkmal="0" Planquadrat="N&#xD;"/>
  <Strassen StrID="9797" StrName="Westerriede" StrPLZ="30966" OrtID="13" Merkmal="0" Planquadrat="N&#xD;"/>
  <Strassen StrID="9798" StrName="Weg nach Bühne" StrPLZ="38835" OrtID="553" Merkmal="0" Planquadrat="N&#xD;"/>
  <Strassen StrID="9799" StrName="Landwehrstraße" StrPLZ="30974" OrtID="307" Merkmal="0" Planquadrat="N&#xD;"/>
  <Strassen StrID="9800" StrName="Emenauweg" StrPLZ="30926" OrtID="6" Merkmal="0" Planquadrat="N&#xD;"/>
  <Strassen StrID="9801" StrName="Blütenweg" StrPLZ="29690" OrtID="211" Merkmal="0" Planquadrat="N&#xD;"/>
  <Strassen StrID="9802" StrName="Atlashof" StrPLZ="30823" OrtID="149" Merkmal="0" Planquadrat="N&#xD;"/>
  <Strassen StrID="9803" StrName="Leipziger Allee" StrPLZ="38300" OrtID="314" Merkmal="0" Planquadrat="N&#xD;"/>
  <Strassen StrID="9806" StrName="Schmiedestraße" StrPLZ="40878" OrtID="353" Merkmal="0" Planquadrat="N&#xD;"/>
  <Strassen StrID="9807" StrName="Luisenstraße" StrPLZ="27711" OrtID="555" Merkmal="0" Planquadrat="N&#xD;"/>
  <Strassen StrID="9808" StrName="Saselbergweg" StrPLZ="22395" OrtID="39" Merkmal="0" Planquadrat="N&#xD;"/>
  <Strassen StrID="9809" StrName="Heidehang" StrPLZ="38685" OrtID="556" Merkmal="0" Planquadrat="N&#xD;"/>
  <Strassen StrID="9810" StrName="Taubenweg" StrPLZ="21244" OrtID="111" Merkmal="0" Planquadrat="N&#xD;"/>
  <Strassen StrID="9811" StrName="Konrad-Reuter-Straße" StrPLZ="22393" OrtID="39" Merkmal="0" Planquadrat="N&#xD;"/>
  <Strassen StrID="9812" StrName="Deisterweg" StrPLZ="30851" OrtID="27" Merkmal="0" Planquadrat="N&#xD;"/>
  <Strassen StrID="9813" StrName="Boostedter Straße" StrPLZ="24539" OrtID="231" Merkmal="0" Planquadrat="N&#xD;"/>
  <Strassen StrID="9814" StrName="Hornstedter Weg" StrPLZ="28279" OrtID="109" Merkmal="0" Planquadrat="N&#xD;"/>
  <Strassen StrID="9815" StrName="Fasanenweg" StrPLZ="29313" OrtID="164" Merkmal="0" Planquadrat="N&#xD;"/>
  <Strassen StrID="9816" StrName="Bahnhofstraße" StrPLZ="30938" OrtID="40" Merkmal="0" Planquadrat="N&#xD;"/>
  <Strassen StrID="9817" StrName="Am Steinhof" StrPLZ="30890" OrtID="2" Merkmal="0" Planquadrat="N&#xD;"/>
  <Strassen StrID="9818" StrName="Theodor-Körner-Straße" StrPLZ="23992" OrtID="557" Merkmal="0" Planquadrat="N&#xD;"/>
  <Strassen StrID="9819" StrName="Sudetenstraße" StrPLZ="21698" OrtID="558" Merkmal="0" Planquadrat="N&#xD;"/>
  <Strassen StrID="9820" StrName="Deichgrafenweg" StrPLZ="22846" OrtID="238" Merkmal="0" Planquadrat="N&#xD;"/>
  <Strassen StrID="9821" StrName="Martin-Luther-Weg" StrPLZ="30916" OrtID="21" Merkmal="0" Planquadrat="N&#xD;"/>
  <Strassen StrID="9822" StrName="Am Loh" StrPLZ="31559" OrtID="174" Merkmal="0" Planquadrat="N&#xD;"/>
  <Strassen StrID="9823" StrName="Ellernstraße" StrPLZ="30890" OrtID="2" Merkmal="0" Planquadrat="N&#xD;"/>
  <Strassen StrID="9824" StrName="Kurzer Kamp" StrPLZ="22869" OrtID="270" Merkmal="0" Planquadrat="N&#xD;"/>
  <Strassen StrID="9825" StrName="Buchenberg" StrPLZ="38173" OrtID="559" Merkmal="0" Planquadrat="N&#xD;"/>
  <Strassen StrID="9826" StrName="Am Dillenkamp" StrPLZ="28777" OrtID="109" Merkmal="0" Planquadrat="N&#xD;"/>
  <Strassen StrID="9827" StrName="Meiergarten" StrPLZ="30952" OrtID="3" Merkmal="0" Planquadrat="N&#xD;"/>
  <Strassen StrID="9828" StrName="Sierichstraße" StrPLZ="22299" OrtID="39" Merkmal="0" Planquadrat="N&#xD;"/>
  <Strassen StrID="9829" StrName="Thomas-Mann-Straße" StrPLZ="38442" OrtID="315" Merkmal="0" Planquadrat="N&#xD;"/>
  <Strassen StrID="9830" StrName="Dorfstraße" StrPLZ="25495" OrtID="560" Merkmal="0" Planquadrat="N&#xD;"/>
  <Strassen StrID="9831" StrName="Bürgermeister-Ocker-Straße" StrPLZ="31655" OrtID="32" Merkmal="0" Planquadrat="N&#xD;"/>
  <Strassen StrID="9832" StrName="Saturnstraße" StrPLZ="30952" OrtID="3" Merkmal="0" Planquadrat="N&#xD;"/>
  <Strassen StrID="9833" StrName="Marktstraße" StrPLZ="29614" OrtID="561" Merkmal="0" Planquadrat="N&#xD;"/>
  <Strassen StrID="9834" StrName="Ammannstraße" StrPLZ="30823" OrtID="149" Merkmal="0" Planquadrat="N&#xD;"/>
  <Strassen StrID="9835" StrName="Bernd-Rosemeyer-Straße" StrPLZ="30880" OrtID="200" Merkmal="0" Planquadrat="N&#xD;"/>
  <Strassen StrID="9836" StrName="Obergutstraße" StrPLZ="31832" OrtID="278" Merkmal="0" Planquadrat="N&#xD;"/>
  <Strassen StrID="9837" StrName="Gleiwitzer Straße" StrPLZ="30916" OrtID="21" Merkmal="0" Planquadrat="N&#xD;"/>
  <Strassen StrID="9838" StrName="Händelstraße" StrPLZ="31275" OrtID="4" Merkmal="0" Planquadrat="N&#xD;"/>
  <Strassen StrID="9839" StrName="Burgberg" StrPLZ="38704" OrtID="562" Merkmal="0" Planquadrat="N&#xD;"/>
  <Strassen StrID="9840" StrName="Güldenboden" StrPLZ="29439" OrtID="563" Merkmal="0" Planquadrat="N&#xD;"/>
  <Strassen StrID="9841" StrName="Am Schützenweg" StrPLZ="27628" OrtID="564" Merkmal="0" Planquadrat="N&#xD;"/>
  <Strassen StrID="9842" StrName="Keitumer Chaussee" StrPLZ="25980" OrtID="565" Merkmal="0" Planquadrat="N&#xD;"/>
  <Strassen StrID="9843" StrName="Am Hegen" StrPLZ="22149" OrtID="39" Merkmal="0" Planquadrat="N&#xD;"/>
  <Strassen StrID="9844" StrName="Waimarer Straße" StrPLZ="30952" OrtID="3" Merkmal="0" Planquadrat="N&#xD;"/>
  <Strassen StrID="9845" StrName="Südoststraße" StrPLZ="55130" OrtID="566" Merkmal="0" Planquadrat="N&#xD;"/>
  <Strassen StrID="9846" StrName="Am Bergdahle" StrPLZ="30880" OrtID="200" Merkmal="0" Planquadrat="N&#xD;"/>
  <Strassen StrID="9847" StrName="An der Bauernwiese" StrPLZ="21360" OrtID="567" Merkmal="0" Planquadrat="N&#xD;"/>
  <Strassen StrID="9848" StrName="Am Trendelkamp" StrPLZ="31319" OrtID="276" Merkmal="0" Planquadrat="N&#xD;"/>
  <Strassen StrID="9849" StrName="Marienburger Straße" StrPLZ="38642" OrtID="157" Merkmal="0" Planquadrat="N&#xD;"/>
  <Strassen StrID="9850" StrName="Am Langenberg" StrPLZ="38667" OrtID="84" Merkmal="0" Planquadrat="N&#xD;"/>
  <Strassen StrID="9851" StrName="Erich-Ollenhauer-Straße" StrPLZ="38228" OrtID="10" Merkmal="0" Planquadrat="N&#xD;"/>
  <Strassen StrID="9852" StrName="Pfeiffers Garten" StrPLZ="30900" OrtID="25" Merkmal="0" Planquadrat="N&#xD;"/>
  <Strassen StrID="9853" StrName="Bauernvogtkoppel" StrPLZ="22393" OrtID="39" Merkmal="0" Planquadrat="N&#xD;"/>
  <Strassen StrID="9854" StrName="Karlstraße" StrPLZ="38300" OrtID="314" Merkmal="0" Planquadrat="N&#xD;"/>
  <Strassen StrID="9855" StrName="Alte Hannöversche Straße" StrPLZ="31001" OrtID="135" Merkmal="0" Planquadrat="N&#xD;"/>
  <Strassen StrID="9856" StrName="Schlunkweg" StrPLZ="50374" OrtID="569" Merkmal="0" Planquadrat="N&#xD;"/>
  <Strassen StrID="9857" StrName="Röntgenstraße" StrPLZ="30926" OrtID="149" Merkmal="0" Planquadrat="N&#xD;"/>
  <Strassen StrID="9858" StrName="Postfach" StrPLZ="30404" OrtID="1" Merkmal="0" Planquadrat="N&#xD;"/>
  <Strassen StrID="9859" StrName="Eichenstraße" StrPLZ="29664" OrtID="304" Merkmal="0" Planquadrat="N&#xD;"/>
  <Strassen StrID="9860" StrName="Tiefental" StrPLZ="30890" OrtID="2" Merkmal="0" Planquadrat="N&#xD;"/>
  <Strassen StrID="9861" StrName="Hannoversche Straße" StrPLZ="30855" OrtID="27" Merkmal="0" Planquadrat="N&#xD;"/>
  <Strassen StrID="9862" StrName="Am Steinberg" StrPLZ="86459" OrtID="570" Merkmal="0" Planquadrat="N&#xD;"/>
  <Strassen StrID="9863" StrName="Langenfeldstraße" StrPLZ="30827" OrtID="149" Merkmal="0" Planquadrat="N&#xD;"/>
  <Strassen StrID="9864" StrName="Oertzeweg" StrPLZ="30900" OrtID="25" Merkmal="0" Planquadrat="N&#xD;"/>
  <Strassen StrID="9865" StrName="Beekstraße" StrPLZ="30989" OrtID="5" Merkmal="0" Planquadrat="N&#xD;"/>
  <Strassen StrID="9866" StrName="Hülsdeller Weg" StrPLZ="40629" OrtID="127" Merkmal="0" Planquadrat="N&#xD;"/>
  <Strassen StrID="9867" StrName="Schomburgsweg" StrPLZ="30926" OrtID="6" Merkmal="0" Planquadrat="N&#xD;"/>
  <Strassen StrID="9868" StrName="Thiefeld" StrPLZ="30890" OrtID="2" Merkmal="0" Planquadrat="N&#xD;"/>
  <Strassen StrID="9869" StrName="Druckerstraße" StrPLZ="22117" OrtID="39" Merkmal="0" Planquadrat="N&#xD;"/>
  <Strassen StrID="9870" StrName="Julius-Bruhns-Straße" StrPLZ="28329" OrtID="109" Merkmal="0" Planquadrat="N&#xD;"/>
  <Strassen StrID="9871" StrName="Berliner Damm" StrPLZ="25479" OrtID="571" Merkmal="0" Planquadrat="N&#xD;"/>
  <Strassen StrID="9872" StrName="Metzer Straße" StrPLZ="28211" OrtID="109" Merkmal="0" Planquadrat="N&#xD;"/>
  <Strassen StrID="9873" StrName="Daimlerstraße" StrPLZ="22761" OrtID="39" Merkmal="0" Planquadrat="N&#xD;"/>
  <Strassen StrID="9874" StrName="Buchholzberg" StrPLZ="29229" OrtID="115" Merkmal="0" Planquadrat="N&#xD;"/>
  <Strassen StrID="9875" StrName="Hauptstraße" StrPLZ="30989" OrtID="5" Merkmal="0" Planquadrat="N&#xD;"/>
  <Strassen StrID="9876" StrName="Oserstraße" StrPLZ="28279" OrtID="109" Merkmal="0" Planquadrat="N&#xD;"/>
  <Strassen StrID="9877" StrName="Hanlah" StrPLZ="31001" OrtID="135" Merkmal="0" Planquadrat="N&#xD;"/>
  <Strassen StrID="9878" StrName="Kellermeyerweg" StrPLZ="31303" OrtID="20" Merkmal="0" Planquadrat="N&#xD;"/>
  <Strassen StrID="9879" StrName="Schöneberger Straße" StrPLZ="30982" OrtID="253" Merkmal="0" Planquadrat="N&#xD;"/>
  <Strassen StrID="9881" StrName="Alte Poststraße" OrtID="135" Merkmal="0" Planquadrat="N&#xD;"/>
  <Strassen StrID="9882" StrName="Alte Poststraße" OrtID="135" Merkmal="0" Planquadrat="N&#xD;"/>
  <Strassen StrID="9883" StrName="Alte Poststraße" OrtID="135" Merkmal="0" Planquadrat="N&#xD;"/>
  <Strassen StrID="9884" StrName="Alte Poststraße" OrtID="135" Merkmal="0" Planquadrat="N&#xD;"/>
  <Strassen StrID="9885" StrName="Alte Poststraße" StrPLZ="31001" OrtID="135" Merkmal="0" Planquadrat="N&#xD;"/>
  <Strassen StrID="9886" StrName="Koppelweg" StrPLZ="31515" OrtID="319" Merkmal="0" Planquadrat="N&#xD;"/>
  <Strassen StrID="9887" StrName="Johann-Sebastian-Bach-Straße" StrPLZ="31180" OrtID="573" Merkmal="0" Planquadrat="N&#xD;"/>
  <Strassen StrID="9888" StrName="Coesfelderstraße" StrPLZ="28327" OrtID="109" Merkmal="0" Planquadrat="N&#xD;"/>
  <Strassen StrID="9889" StrName="Neuer Kamp" StrPLZ="25451" OrtID="400" Merkmal="0" Planquadrat="N&#xD;"/>
  <Strassen StrID="9890" StrName="Zur Rast" StrPLZ="38271" OrtID="574" Merkmal="0" Planquadrat="N&#xD;"/>
  <Strassen StrID="9891" StrName="Badener Holz" StrPLZ="28832" OrtID="575" Merkmal="0" Planquadrat="N&#xD;"/>
  <Strassen StrID="9892" StrName="Heideweg" StrPLZ="22952" OrtID="576" Merkmal="0" Planquadrat="N&#xD;"/>
  <Strassen StrID="9893" StrName="Salzdahlumer Straße" StrPLZ="38126" OrtID="8" Merkmal="0" Planquadrat="N&#xD;"/>
  <Strassen StrID="9894" StrName="Hermann-Löns-Weg" StrPLZ="27711" OrtID="555" Merkmal="0" Planquadrat="N&#xD;"/>
  <Strassen StrID="9895" StrName="Schottweg" StrPLZ="22087" OrtID="39" Merkmal="0" Planquadrat="N&#xD;"/>
  <Strassen StrID="9896" StrName="Inselweg" StrPLZ="30890" OrtID="2" Merkmal="0" Planquadrat="N&#xD;"/>
  <Strassen StrID="9897" StrName="Lönsstraße" StrPLZ="30890" OrtID="2" Merkmal="0" Planquadrat="N&#xD;"/>
  <Strassen StrID="9898" StrName="Wiesenstraße" StrPLZ="30989" OrtID="5" Merkmal="0" Planquadrat="N&#xD;"/>
  <Strassen StrID="9899" StrName="Dahlemer Straße" StrPLZ="30982" OrtID="253" Merkmal="0" Planquadrat="N&#xD;"/>
  <Strassen StrID="9900" StrName="Paul-Linke-Weg" StrPLZ="31303" OrtID="20" Merkmal="0" Planquadrat="N&#xD;"/>
  <Strassen StrID="9901" StrName="Teichhuhnring" StrPLZ="30916" OrtID="21" Merkmal="0" Planquadrat="N&#xD;"/>
  <Strassen StrID="9902" StrName="Goseberg" StrPLZ="37603" OrtID="577" Merkmal="0" Planquadrat="N&#xD;"/>
  <Strassen StrID="9903" StrName="Sedemünder" StrPLZ="31832" OrtID="278" Merkmal="0" Planquadrat="N&#xD;"/>
  <Strassen StrID="9904" StrName="Eichendorffstraße" StrPLZ="35039" OrtID="578" Merkmal="0" Planquadrat="N&#xD;"/>
  <Strassen StrID="9905" StrName="Holunderweg" StrPLZ="31832" OrtID="278" Merkmal="0" Planquadrat="N&#xD;"/>
  <Strassen StrID="9906" StrName="Rennefeldstraße" StrPLZ="30952" OrtID="3" Merkmal="0" Planquadrat="N&#xD;"/>
  <Strassen StrID="9907" StrName="Brinkstraße" StrPLZ="30890" OrtID="2" Merkmal="0" Planquadrat="N&#xD;"/>
  <Strassen StrID="9908" StrName="Heitlinger Straße" StrPLZ="30827" OrtID="149" Merkmal="0" Planquadrat="N&#xD;"/>
  <Strassen StrID="9909" StrName="Imkers Weg" StrPLZ="31311" OrtID="294" Merkmal="0" Planquadrat="N"/>
  <Strassen StrID="9910" StrName="Gottfried-Keller-Straße" StrPLZ="30880" OrtID="200" Merkmal="0" Planquadrat="N&#xD;"/>
  <Strassen StrID="9911" StrName="Laubeichenfeld" StrPLZ="30966" OrtID="13" Merkmal="0" Planquadrat="N&#xD;"/>
  <Strassen StrID="9912" StrName="Harkebrügger Weg" StrPLZ="26676" OrtID="579" Merkmal="0" Planquadrat="N&#xD;"/>
  <Strassen StrID="9913" StrName="Kornstraße" StrPLZ="28201" OrtID="109" Merkmal="0" Planquadrat="N&#xD;"/>
  <Strassen StrID="9914" StrName="Hauptstraße" StrPLZ="21266" OrtID="580" Merkmal="0" Planquadrat="N&#xD;"/>
  <Strassen StrID="9915" StrName="Brunnenweg" StrPLZ="25436" OrtID="529" Merkmal="0" Planquadrat="N&#xD;"/>
  <Strassen StrID="9916" StrName="Feldbrunnenstraße" StrPLZ="20148" OrtID="39" Merkmal="0" Planquadrat="N&#xD;"/>
  <Strassen StrID="9917" StrName="Recknitzstraße" StrPLZ="22547" OrtID="39" Merkmal="0" Planquadrat="N&#xD;"/>
  <Strassen StrID="9918" StrName="Im Stiefel" OrtID="5" Merkmal="0" Planquadrat="N&#xD;"/>
  <Strassen StrID="9919" StrName="Im Stiefel" StrPLZ="30989" OrtID="5" Merkmal="0" Planquadrat="N&#xD;"/>
  <Strassen StrID="9920" StrName="Kramerstraße" StrPLZ="31542" OrtID="91" Merkmal="0" Planquadrat="N&#xD;"/>
  <Strassen StrID="9921" StrName="Wittekindallee" StrPLZ="32423" OrtID="512" Merkmal="0" Planquadrat="N&#xD;"/>
  <Strassen StrID="9922" StrName="Alter Gutshof" StrPLZ="30419" OrtID="1" Merkmal="0" Planquadrat="N&#xD;"/>
  <Strassen StrID="9923" StrName="In den Kämpen" StrPLZ="30827" OrtID="149" Merkmal="0" Planquadrat="N&#xD;"/>
  <Strassen StrID="9924" StrName="Schlachterstraße" StrPLZ="31275" OrtID="4" Merkmal="0" Planquadrat="N&#xD;"/>
  <Strassen StrID="9925" StrName="Alemannenstraße" StrPLZ="79221" OrtID="581" Merkmal="0" Planquadrat="N&#xD;"/>
  <Strassen StrID="9926" StrName="Ehrenbergstraße" StrPLZ="22767" OrtID="39" Merkmal="0" Planquadrat="N&#xD;"/>
  <Strassen StrID="9927" StrName="Baßbergerstraße" StrPLZ="31860" OrtID="582" Merkmal="0" Planquadrat="N&#xD;"/>
  <Strassen StrID="9928" StrName="Wilhelm-Windhorn-Straße" StrPLZ="30890" OrtID="2" Merkmal="0" Planquadrat="N&#xD;"/>
  <Strassen StrID="9929" StrName="Worthstraße" StrPLZ="30890" OrtID="2" Merkmal="0" Planquadrat="N&#xD;"/>
  <Strassen StrID="9930" StrName="Rebhuhnweg" StrPLZ="44225" OrtID="125" Merkmal="0" Planquadrat="N&#xD;"/>
  <Strassen StrID="9931" StrName="Glockenstraße" StrPLZ="30890" OrtID="2" Merkmal="0" Planquadrat="N&#xD;"/>
  <Strassen StrID="9932" StrName="Funkstellenweg" StrPLZ="24159" OrtID="194" Merkmal="0" Planquadrat="N"/>
  <Strassen StrID="9933" StrName="Kajen" StrPLZ="20459" OrtID="39" Merkmal="0" Planquadrat="N&#xD;"/>
  <Strassen StrID="9934" StrName="1848er Straße" StrPLZ="31840" OrtID="37" Merkmal="0" Planquadrat="N&#xD;"/>
  <Strassen StrID="9935" StrName="Am Vorwerk" StrPLZ="31303" OrtID="20" Merkmal="0" Planquadrat="N&#xD;"/>
  <Strassen StrID="9936" StrName="Marienstraße" StrPLZ="30890" OrtID="2" Merkmal="0" Planquadrat="N&#xD;"/>
  <Strassen StrID="9937" StrName="Zum Köpperner Tal" StrPLZ="61381" OrtID="583" Merkmal="0" Planquadrat="N&#xD;"/>
  <Strassen StrID="9938" StrName="Regeberg" StrPLZ="29225" OrtID="115" Merkmal="0" Planquadrat="N&#xD;"/>
  <Strassen StrID="9939" StrName="Mühlenstückenweg" StrPLZ="21526" OrtID="584" Merkmal="0" Planquadrat="N&#xD;"/>
  <Strassen StrID="9940" StrName="Jägerstraße" StrPLZ="31226" OrtID="7" Merkmal="0" Planquadrat="N&#xD;"/>
  <Strassen StrID="9941" StrName="Angerburger Straße" StrPLZ="31141" OrtID="9" Merkmal="0" Planquadrat="N&#xD;"/>
  <Strassen StrID="9942" StrName="Maurerstraße" StrPLZ="30916" OrtID="21" Merkmal="0" Planquadrat="N&#xD;"/>
  <Strassen StrID="9943" StrName="Sollingweg" StrPLZ="37627" OrtID="282" Merkmal="0" Planquadrat="N&#xD;"/>
  <Strassen StrID="9944" StrName="Delogstraße" StrPLZ="46483" OrtID="352" Merkmal="0" Planquadrat="N&#xD;"/>
  <Strassen StrID="9945" StrName="Beethovenstraße" StrPLZ="30966" OrtID="13" Merkmal="0" Planquadrat="N&#xD;"/>
  <Strassen StrID="9946" StrName="Am Eichhof" StrPLZ="27711" OrtID="555" Merkmal="0" Planquadrat="N&#xD;"/>
  <Strassen StrID="9947" StrName="Königsberger Straße" StrPLZ="21465" OrtID="258" Merkmal="0" Planquadrat="N&#xD;"/>
  <Strassen StrID="9948" StrName="Schierhorner Allee" StrPLZ="21271" OrtID="585" Merkmal="0" Planquadrat="N&#xD;"/>
  <Strassen StrID="9949" StrName="Amtstraße" StrPLZ="22149" OrtID="39" Merkmal="0" Planquadrat="N&#xD;"/>
  <Strassen StrID="9950" StrName="Branderiede" StrPLZ="30916" OrtID="21" Merkmal="0" Planquadrat="N&#xD;"/>
  <Strassen StrID="9951" StrName="Industriestraße" StrPLZ="30916" OrtID="21" Merkmal="0" Planquadrat="N&#xD;"/>
  <Strassen StrID="9952" StrName="In der Krakau" StrPLZ="30900" OrtID="25" Merkmal="0" Planquadrat="N&#xD;"/>
  <Strassen StrID="9953" StrName="Fahrnerstraße" StrPLZ="30853" OrtID="27" Merkmal="0" Planquadrat="N&#xD;"/>
  <Strassen StrID="9954" StrName="Von den Hagenweg" StrPLZ="24536" OrtID="231" Merkmal="0" Planquadrat="N&#xD;"/>
  <Strassen StrID="9955" StrName="Farlingsweg" StrPLZ="30826" OrtID="149" Merkmal="0" Planquadrat="N&#xD;"/>
  <Strassen StrID="9956" StrName="Katzbachstraße" StrPLZ="28211" OrtID="109" Merkmal="0" Planquadrat="N&#xD;"/>
  <Strassen StrID="9957" StrName="Am Botterbarg" StrPLZ="22589" OrtID="39" Merkmal="0" Planquadrat="N&#xD;"/>
  <Strassen StrID="9958" StrName="Turnerstraße" StrPLZ="28779" OrtID="109" Merkmal="0" Planquadrat="N&#xD;"/>
  <Strassen StrID="9959" StrName="Cranachstraße" StrPLZ="30916" OrtID="21" Merkmal="0" Planquadrat="N&#xD;"/>
  <Strassen StrID="9960" StrName="Buchenweg" StrPLZ="31303" OrtID="325" Merkmal="0" Planquadrat="N&#xD;"/>
  <Strassen StrID="9961" StrName="Bachstraße" StrPLZ="31157" OrtID="268" Merkmal="0" Planquadrat="N&#xD;"/>
  <Strassen StrID="9962" StrName="Rubinkamp" StrPLZ="30916" OrtID="21" Merkmal="0" Planquadrat="N&#xD;"/>
  <Strassen StrID="9963" StrName="Peiner Straße" StrPLZ="30880" OrtID="200" Merkmal="0" Planquadrat="N&#xD;"/>
  <Strassen StrID="9964" StrName="Wagnerweg" StrPLZ="30966" OrtID="13" Merkmal="0" Planquadrat="N&#xD;"/>
  <Strassen StrID="9965" StrName="Rudolph-Wittrock-Straße" StrPLZ="30823" OrtID="149" Merkmal="0" Planquadrat="N&#xD;"/>
  <Strassen StrID="9966" StrName="Wiedfeldstraße" StrPLZ="31008" OrtID="135" Merkmal="0" Planquadrat="N&#xD;"/>
  <Strassen StrID="9967" StrName="Humboldstraße" StrPLZ="28844" OrtID="309" Merkmal="0" Planquadrat="N&#xD;"/>
  <Strassen StrID="9968" StrName="Geranienstraße" StrPLZ="85521" OrtID="586" Merkmal="0" Planquadrat="N&#xD;"/>
  <Strassen StrID="9969" StrName="Kurze Straße" StrPLZ="21258" OrtID="587" Merkmal="0" Planquadrat="N&#xD;"/>
  <Strassen StrID="9970" StrName="Bahnhofstraße" StrPLZ="31008" OrtID="135" Merkmal="0" Planquadrat="N&#xD;"/>
  <Strassen StrID="9971" StrName="In der Horst" StrPLZ="30900" OrtID="25" Merkmal="0" Planquadrat="N&#xD;"/>
  <Strassen StrID="9972" StrName="An der Trieft" StrPLZ="30855" OrtID="27" Merkmal="0" Planquadrat="N&#xD;"/>
  <Strassen StrID="9973" StrName="Am Ufer" StrPLZ="51427" OrtID="588" Merkmal="0" Planquadrat="N&#xD;"/>
  <Strassen StrID="9974" StrName="Im Seefeld" StrPLZ="31552" OrtID="263" Merkmal="0" Planquadrat="N&#xD;"/>
  <Strassen StrID="9975" StrName="Schulstraße" StrPLZ="22869" OrtID="39" Merkmal="0" Planquadrat="N&#xD;"/>
  <Strassen StrID="9976" StrName="Schliekumer Straße" StrPLZ="31157" OrtID="268" Merkmal="0" Planquadrat="N&#xD;"/>
  <Strassen StrID="9977" StrName="Im Brüggefelde" StrPLZ="28279" OrtID="109" Merkmal="0" Planquadrat="N&#xD;"/>
  <Strassen StrID="9978" StrName="Steindamm" StrPLZ="29690" OrtID="273" Merkmal="0" Planquadrat="N&#xD;"/>
  <Strassen StrID="9979" StrName="Deisterstraße" OrtID="13" Merkmal="0" Planquadrat="N&#xD;"/>
  <Strassen StrID="9980" StrName="Deisterstraße" StrPLZ="30966" OrtID="13" Merkmal="0" Planquadrat="N&#xD;"/>
  <Strassen StrID="9981" StrName="Wilhelm-Kruse-Straße" StrPLZ="30890" OrtID="2" Merkmal="0" Planquadrat="N&#xD;"/>
  <Strassen StrID="9982" StrName="Lehrter Straße" StrPLZ="31275" OrtID="4" Merkmal="0" Planquadrat="N&#xD;"/>
  <Strassen StrID="9983" StrName="Ost-West-Straße" StrPLZ="31319" OrtID="276" Merkmal="0" Planquadrat="N&#xD;"/>
  <Strassen StrID="9984" StrName="Sandstraße" StrPLZ="29328" OrtID="589" Merkmal="0" Planquadrat="N&#xD;"/>
  <Strassen StrID="9985" StrName="Im Felde" StrPLZ="31303" OrtID="20" Merkmal="0" Planquadrat="N&#xD;"/>
  <Strassen StrID="9986" StrName="Michaelisweg" StrPLZ="30880" OrtID="200" Merkmal="0" Planquadrat="N&#xD;"/>
  <Strassen StrID="9987" StrName="Kampstraße" StrPLZ="27628" OrtID="590" Merkmal="0" Planquadrat="N&#xD;"/>
  <Strassen StrID="9988" StrName="Homburgstraße" StrPLZ="38116" OrtID="8" Merkmal="0" Planquadrat="N&#xD;"/>
  <Strassen StrID="9989" StrName="Nenndorfer Straße" StrPLZ="30952" OrtID="3" Merkmal="0" Planquadrat="N&#xD;"/>
  <Strassen StrID="9990" StrName="Zur Kloppenburg" StrPLZ="31867" OrtID="219" Merkmal="0" Planquadrat="N&#xD;"/>
  <Strassen StrID="9991" StrName="Schwachhauser Heerstraße" StrPLZ="28211" OrtID="109" Merkmal="0" Planquadrat="N&#xD;"/>
  <Strassen StrID="9992" StrName="Hermann-Kröger-Straße" StrPLZ="23669" OrtID="592" Merkmal="0" Planquadrat="N&#xD;"/>
  <Strassen StrID="9993" StrName="Riedelstraße" StrPLZ="29339" OrtID="593" Merkmal="0" Planquadrat="N&#xD;"/>
  <Strassen StrID="9994" StrName="Riedeweg" StrPLZ="30974" OrtID="307" Merkmal="0" Planquadrat="N&#xD;"/>
  <Strassen StrID="9995" StrName="Breiter Busch" StrPLZ="30926" OrtID="6" Merkmal="0" Planquadrat="N&#xD;"/>
  <Strassen StrID="9996" StrName="Herrmann Löns Weg" StrPLZ="30916" OrtID="21" Merkmal="0" Planquadrat="N&#xD;"/>
  <Strassen StrID="9997" StrName="Henighuser Straße" StrPLZ="31311" OrtID="294" Merkmal="0" Planquadrat="N&#xD;"/>
  <Strassen StrID="9998" StrName="Dresdener Straße" StrPLZ="30982" OrtID="253" Merkmal="0" Planquadrat="N&#xD;"/>
  <Strassen StrID="9999" StrName="Am Anstieg" StrPLZ="31061" OrtID="74" Merkmal="0" Planquadrat="N&#xD;"/>
  <Strassen StrID="10000" StrName="Schacht" StrPLZ="30890" OrtID="2" Merkmal="0" Planquadrat="N&#xD;"/>
  <Strassen StrID="10001" StrName="Postfach" StrPLZ="30013" OrtID="1" Merkmal="0" Planquadrat="N&#xD;"/>
  <Strassen StrID="10002" StrName="Eduard-Pfeiffer-Straße" StrPLZ="70192" OrtID="287" Merkmal="0" Planquadrat="N&#xD;"/>
  <Strassen StrID="10003" StrName="Vogelsangweg" StrPLZ="30890" OrtID="2" Merkmal="0" Planquadrat="N&#xD;"/>
  <Strassen StrID="10004" StrName="An der Embe" StrPLZ="27318" OrtID="188" Merkmal="0" Planquadrat="N&#xD;"/>
  <Strassen StrID="10005" StrName="Heilswannenweg" StrPLZ="31008" OrtID="135" Merkmal="0" Planquadrat="N&#xD;"/>
  <Strassen StrID="10006" StrName="Trakehnerstraße" StrPLZ="30916" OrtID="21" Merkmal="0" Planquadrat="N&#xD;"/>
  <Strassen StrID="10007" StrName="Am Erdbeerfeld" StrPLZ="30880" OrtID="200" Merkmal="0" Planquadrat="N&#xD;"/>
  <Strassen StrID="10008" StrName="Mühlenstraße" StrPLZ="31036" OrtID="464" Merkmal="0" Planquadrat="N&#xD;"/>
  <Strassen StrID="10009" StrName="Herrenhäuser Straße" StrPLZ="30938" OrtID="40" Merkmal="0" Planquadrat="N&#xD;"/>
  <Strassen StrID="10010" StrName="Am Ratsbauhof" StrPLZ="31134" OrtID="9" Merkmal="0" Planquadrat="N&#xD;"/>
  <Strassen StrID="10011" StrName="Mühleneck" StrPLZ="30952" OrtID="3" Merkmal="0" Planquadrat="N&#xD;"/>
  <Strassen StrID="10012" StrName="Hohes Feld" StrPLZ="30826" OrtID="149" Merkmal="0" Planquadrat="N&#xD;"/>
  <Strassen StrID="10013" StrName="Heinrich-Heine-Straße" StrPLZ="38440" OrtID="315" Merkmal="0" Planquadrat="N&#xD;"/>
  <Strassen StrID="10015" StrName="Pappelweg" StrPLZ="31311" OrtID="294" Merkmal="0" Planquadrat="N&#xD;"/>
  <Strassen StrID="10016" StrName="Lohbekstieg" StrPLZ="22529" OrtID="39" Merkmal="0" Planquadrat="N&#xD;"/>
  <Strassen StrID="10017" StrName="Gersauer Weg" StrPLZ="12205" OrtID="18" Merkmal="0" Planquadrat="N&#xD;"/>
  <Strassen StrID="10018" StrName="Neue Straße" StrPLZ="31008" OrtID="135" Merkmal="0" Planquadrat="N&#xD;"/>
  <Strassen StrID="10019" StrName="Otto-Lauffer-Straße" StrPLZ="37077" OrtID="158" Merkmal="0" Planquadrat="N&#xD;"/>
  <Strassen StrID="10020" StrName="Küsterstraße" StrPLZ="30926" OrtID="6" Merkmal="0" Planquadrat="N&#xD;"/>
  <Strassen StrID="10021" StrName="Ackerstraße" StrPLZ="30826" OrtID="149" Merkmal="0" Planquadrat="N&#xD;"/>
  <Strassen StrID="10022" StrName="Hermann-Löns-Straße" StrPLZ="30952" OrtID="3" Merkmal="0" Planquadrat="N&#xD;"/>
  <Strassen StrID="10023" StrName="Wassermühlenstraße" StrPLZ="30890" OrtID="2" Merkmal="0" Planquadrat="N&#xD;"/>
  <Strassen StrID="10024" StrName="Sonnenweg" StrPLZ="31559" OrtID="174" Merkmal="0" Planquadrat="N&#xD;"/>
  <Strassen StrID="10025" StrName="Postfach" StrPLZ="31288" OrtID="20" Merkmal="0" Planquadrat="N&#xD;"/>
  <Strassen StrID="10026" StrName="Rennenberg" StrPLZ="31020" OrtID="267" Merkmal="0" Planquadrat="N&#xD;"/>
  <Strassen StrID="10028" StrName="Heinrich-Wöhler-Straße" StrPLZ="31020" OrtID="267" Merkmal="0" Planquadrat="N&#xD;"/>
  <Strassen StrID="10029" StrName="Burgdorfer Straße" StrPLZ="31275" OrtID="4" Merkmal="0" Planquadrat="N&#xD;"/>
  <Strassen StrID="10030" StrName="Dachsgang" StrPLZ="31737" OrtID="262" Merkmal="0" Planquadrat="N&#xD;"/>
  <Strassen StrID="10033" StrName="Deisterstraße" StrPLZ="31848" OrtID="89" Merkmal="0" Planquadrat="N&#xD;"/>
  <Strassen StrID="10034" StrName="Dorfstraße" StrPLZ="30974" OrtID="307" Merkmal="0" Planquadrat="N&#xD;"/>
  <Strassen StrID="10035" StrName="Humboldstraße" StrPLZ="30952" OrtID="3" Merkmal="0" Planquadrat="N&#xD;"/>
  <Strassen StrID="10037" StrName="Kiebitzkamp" StrPLZ="29325" OrtID="497" Merkmal="0" Planquadrat="N&#xD;"/>
  <Strassen StrID="10038" StrName="Neue Straße" StrPLZ="38315" OrtID="595" Merkmal="0" Planquadrat="N&#xD;"/>
  <Strassen StrID="10039" StrName="Knochenhauerstraße" StrPLZ="30890" OrtID="2" Merkmal="0" Planquadrat="N&#xD;"/>
  <Strassen StrID="10040" StrName="Kurze Straße" StrPLZ="30982" OrtID="253" Merkmal="0" Planquadrat="N&#xD;"/>
  <Strassen StrID="10041" StrName="Bleckenstedter Straße" StrPLZ="31137" OrtID="9" Merkmal="0" Planquadrat="N&#xD;"/>
  <Strassen StrID="10043" StrName="Sehnder Straße" StrPLZ="31275" OrtID="4" Merkmal="0" Planquadrat="N&#xD;"/>
  <Strassen StrID="10044" StrName="In der Krugwiese" StrPLZ="30890" OrtID="2" Merkmal="0" Planquadrat="N&#xD;"/>
  <Strassen StrID="10045" StrName="Wurmbergstraße" StrPLZ="34130" OrtID="11" Merkmal="0" Planquadrat="N&#xD;"/>
  <Strassen StrID="10046" StrName="Münchhausenweg" StrPLZ="30890" OrtID="2" Merkmal="0" Planquadrat="N&#xD;"/>
  <Strassen StrID="10047" StrName="Burgweg" StrPLZ="38690" OrtID="301" Merkmal="0" Planquadrat="N&#xD;"/>
  <Strassen StrID="10048" StrName="Friedrich-Scholl-Platz" StrPLZ="76227" OrtID="49" Merkmal="0" Planquadrat="N&#xD;"/>
  <Strassen StrID="10049" StrName="Friedrich-Scholl-Platz" StrPLZ="76112" OrtID="49" Merkmal="0" Planquadrat="N&#xD;"/>
  <Strassen StrID="10050" StrName="Schlesische Straße" StrPLZ="31008" OrtID="135" Merkmal="0" Planquadrat="N&#xD;"/>
  <Strassen StrID="10051" StrName="In der Klewert" StrPLZ="30966" OrtID="13" Merkmal="0" Planquadrat="N&#xD;"/>
  <Strassen StrID="10052" StrName="Unter dem Spielberg" StrPLZ="31008" OrtID="135" Merkmal="0" Planquadrat="N&#xD;"/>
  <Strassen StrID="10053" StrName="Heisterbergallee" StrPLZ="30455" OrtID="1" Merkmal="0" Planquadrat="N&#xD;"/>
  <Strassen StrID="10054" StrName="Parkstraße" StrPLZ="30880" OrtID="200" Merkmal="0" Planquadrat="N&#xD;"/>
  <Strassen StrID="10055" StrName="Dorfstraße" StrPLZ="18276" OrtID="596" Merkmal="0" Planquadrat="N&#xD;"/>
  <Strassen StrID="10056" StrName="Salzdahlumer Straße" StrPLZ="38302" OrtID="314" Merkmal="0" Planquadrat="N&#xD;"/>
  <Strassen StrID="10057" StrName="Langefeldstraße" StrPLZ="30890" OrtID="2" Merkmal="0" Planquadrat="N&#xD;"/>
  <Strassen StrID="10058" StrName="Eimer Weg" StrPLZ="31008" OrtID="135" Merkmal="0" Planquadrat="N&#xD;"/>
  <Strassen StrID="10059" StrName="Wilhelm Raabe Straße" StrPLZ="31228" OrtID="7" Merkmal="0" Planquadrat="N&#xD;"/>
  <Strassen StrID="10060" StrName="Alter Postweg" StrPLZ="30938" OrtID="40" Merkmal="0" Planquadrat="N&#xD;"/>
  <Strassen StrID="10061" StrName="Bahnhofstraße" StrPLZ="82166" OrtID="597" Merkmal="0" Planquadrat="N"/>
  <Strassen StrID="10062" StrName="Mühlenweg" StrPLZ="30966" OrtID="13" Merkmal="0" Planquadrat="N&#xD;"/>
  <Strassen StrID="10063" StrName="Zaunkönigweg" StrPLZ="30826" OrtID="149" Merkmal="0" Planquadrat="N&#xD;"/>
  <Strassen StrID="10064" StrName="Postfach" StrPLZ="24826" OrtID="399" Merkmal="0" Planquadrat="N&#xD;"/>
  <Strassen StrID="10065" StrName="Hundsbuschstraße" StrPLZ="45478" OrtID="598" Merkmal="0" Planquadrat="N&#xD;"/>
  <Strassen StrID="10066" StrName="Am Steinbruch" StrPLZ="31162" OrtID="95" Merkmal="0" Planquadrat="N&#xD;"/>
  <Strassen StrID="10067" StrName="Breite Straße" StrPLZ="30890" OrtID="2" Merkmal="0" Planquadrat="N&#xD;"/>
  <Strassen StrID="10068" StrName="Händelstraße" StrPLZ="31303" OrtID="20" Merkmal="0" Planquadrat="N&#xD;"/>
  <Strassen StrID="10069" StrName="Dammühle" StrPLZ="30890" OrtID="2" Merkmal="0" Planquadrat="N&#xD;"/>
  <Strassen StrID="10070" StrName="Kattenbornstraße" OrtID="2" Merkmal="0" Planquadrat="N&#xD;"/>
  <Strassen StrID="10071" StrName="Heinrich-Schütz-Weg" StrPLZ="30966" OrtID="13" Merkmal="0" Planquadrat="N&#xD;"/>
  <Strassen StrID="10072" StrName="Lindenweg" OrtID="450" Merkmal="0" Planquadrat="N&#xD;"/>
  <Strassen StrID="10073" StrName="Dorfstraße" StrPLZ="19243" OrtID="599" Merkmal="0" Planquadrat="N&#xD;"/>
  <Strassen StrID="10074" StrName="Forstamtstraße" StrPLZ="30926" OrtID="6" Merkmal="0" Planquadrat="N&#xD;"/>
  <Strassen StrID="10075" StrName="Knickstraße" StrPLZ="30890" OrtID="2" Merkmal="0" Planquadrat="N&#xD;"/>
  <Strassen StrID="10076" StrName="Kastanienweg" StrPLZ="30880" OrtID="200" Merkmal="0" Planquadrat="N&#xD;"/>
  <Strassen StrID="10077" StrName="Weserhöhe" StrPLZ="32469" OrtID="600" Merkmal="0" Planquadrat="N&#xD;"/>
  <Strassen StrID="10078" StrName="Everner Straße" StrPLZ="31275" OrtID="4" Merkmal="0" Planquadrat="N&#xD;"/>
  <Strassen StrID="10079" StrName="Hastrastraße" StrPLZ="31303" OrtID="20" Merkmal="0" Planquadrat="N&#xD;"/>
  <Strassen StrID="10080" StrName="Gartenweg" StrPLZ="31319" OrtID="276" Merkmal="0" Planquadrat="N&#xD;"/>
  <Strassen StrID="10081" StrName="Heckenweg" StrPLZ="29640" OrtID="601" Merkmal="0" Planquadrat="N&#xD;"/>
  <Strassen StrID="10082" StrName="Vallstedter Weg" StrPLZ="38268" OrtID="480" Merkmal="0" Planquadrat="N&#xD;"/>
  <Strassen StrID="10083" StrName="Sebastian-Bach-Straße" StrPLZ="31141" OrtID="9" Merkmal="0" Planquadrat="N&#xD;"/>
  <Strassen StrID="10084" StrName="Retschystraße" StrPLZ="31303" OrtID="20" Merkmal="0" Planquadrat="N&#xD;"/>
  <Strassen StrID="10085" StrName="Albert-Sergel-Straße" StrPLZ="31224" OrtID="7" Merkmal="0" Planquadrat="N&#xD;"/>
  <Strassen StrID="10086" StrName="Nauheimer Straße" StrPLZ="70372" OrtID="287" Merkmal="0" Planquadrat="N&#xD;"/>
  <Strassen StrID="10087" StrName="Rotdornweg" StrPLZ="27232" OrtID="525" Merkmal="0" Planquadrat="N&#xD;"/>
  <Strassen StrID="10088" StrName="Wehrbusch" StrPLZ="31275" OrtID="4" Merkmal="0" Planquadrat="N&#xD;"/>
  <Strassen StrID="10089" StrName="Weetzener Straße" StrPLZ="30974" OrtID="307" Merkmal="0" Planquadrat="N&#xD;"/>
  <Strassen StrID="10090" StrName="Gartenstraße" StrPLZ="48147" OrtID="45" Merkmal="0" Planquadrat="N&#xD;"/>
  <Strassen StrID="10091" StrName="Holunderweg" StrPLZ="30938" OrtID="40" Merkmal="0" Planquadrat="N&#xD;"/>
  <Strassen StrID="10092" StrName="An der Berlebecke" StrPLZ="32760" OrtID="121" Merkmal="0" Planquadrat="N&#xD;"/>
  <Strassen StrID="10093" StrName="Heesewinkel" StrPLZ="29339" OrtID="593" Merkmal="0" Planquadrat="N&#xD;"/>
  <Strassen StrID="10094" StrName="Flemesstraße" StrPLZ="31787" OrtID="19" Merkmal="0" Planquadrat="N&#xD;"/>
  <Strassen StrID="10095" StrName="Rothenbaumchaussee" StrPLZ="20148" OrtID="39" Merkmal="0" Planquadrat="N&#xD;"/>
  <Strassen StrID="10096" StrName="Elmweg" StrPLZ="30851" OrtID="27" Merkmal="0" Planquadrat="N&#xD;"/>
  <Strassen StrID="10097" StrName="Bahnhofsstraße" StrPLZ="30916" OrtID="21" Merkmal="0" Planquadrat="N&#xD;"/>
  <Strassen StrID="10098" StrName="Weserweg" StrPLZ="30851" OrtID="27" Merkmal="0" Planquadrat="N&#xD;"/>
  <Strassen StrID="10099" StrName="Am Sportplatz" StrPLZ="30890" OrtID="2" Merkmal="0" Planquadrat="N&#xD;"/>
  <Strassen StrID="10100" StrName="Rotstraße" StrPLZ="38518" OrtID="155" Merkmal="0" Planquadrat="N&#xD;"/>
  <Strassen StrID="10101" StrName="Waldstraße" StrPLZ="30952" OrtID="3" Merkmal="0" Planquadrat="N&#xD;"/>
  <Strassen StrID="10102" StrName="Stenvortstraße" StrPLZ="20257" OrtID="39" Merkmal="0" Planquadrat="N&#xD;"/>
  <Strassen StrID="10103" StrName="Prinzenstraße" StrPLZ="32423" OrtID="512" Merkmal="0" Planquadrat="N&#xD;"/>
  <Strassen StrID="10104" StrName="Herrenkrugweg" StrPLZ="99999" OrtID="27" Merkmal="0" Planquadrat="N&#xD;"/>
  <Strassen StrID="10105" StrName="Zum Holzfelde" StrPLZ="31226" OrtID="7" Merkmal="0" Planquadrat="N&#xD;"/>
  <Strassen StrID="10106" StrName="Langer Acker" StrPLZ="33790" OrtID="602" Merkmal="0" Planquadrat="N&#xD;"/>
  <Strassen StrID="10107" StrName="Kurt-Schumacher-Allee" StrPLZ="30851" OrtID="27" Merkmal="0" Planquadrat="N&#xD;"/>
  <Strassen StrID="10108" StrName="Kißlinger Straße" StrPLZ="83700" OrtID="603" Merkmal="0" Planquadrat="N&#xD;"/>
  <Strassen StrID="10109" StrName="Meierkamp" StrPLZ="30982" OrtID="253" Merkmal="0" Planquadrat="N&#xD;"/>
  <Strassen StrID="10110" StrName="Meyerkamp" StrPLZ="30982" OrtID="253" Merkmal="0" Planquadrat="N&#xD;"/>
  <Strassen StrID="10111" StrName="Daimlerstraße" StrPLZ="38112" OrtID="8" Merkmal="0" Planquadrat="N&#xD;"/>
  <Strassen StrID="10112" StrName="Kurt-Huber-Straße" StrPLZ="28327" OrtID="109" Merkmal="1" Planquadrat="N&#xD;"/>
  <Strassen StrID="10113" StrName="Auf dem Horne" StrPLZ="30982" OrtID="253" Merkmal="1" Planquadrat="N&#xD;"/>
  <Strassen StrID="10114" StrName="Hauptstraße" StrPLZ="31832" OrtID="34" Merkmal="1" Planquadrat="N&#xD;"/>
  <Strassen StrID="10115" StrName="Sprossenweg" StrPLZ="31303" OrtID="20" Merkmal="1" Planquadrat="N&#xD;"/>
  <Strassen StrID="10116" StrName="Schachtenbeck" StrPLZ="37581" OrtID="83" Merkmal="1" Planquadrat="N&#xD;"/>
  <Strassen StrID="10117" StrName="Am Mühlenfelde" StrPLZ="31171" OrtID="241" Merkmal="1" Planquadrat="N&#xD;"/>
  <Strassen StrID="10118" StrName="Marktstraße" StrPLZ="31249" OrtID="185" Merkmal="1" Planquadrat="N&#xD;"/>
  <Strassen StrID="10119" StrName="Iländerhöhe" StrPLZ="45239" OrtID="42" Merkmal="1" Planquadrat="Ilä|"/>
  <Strassen StrID="10121" StrName="Kantstraße" StrPLZ="30826" OrtID="149" Merkmal="1" Planquadrat="N&#xD;"/>
  <Strassen StrID="10122" StrName="Hinterkampstraße" StrPLZ="30890" OrtID="2" Merkmal="1" Planquadrat="N&#xD;"/>
  <Strassen StrID="10123" StrName="Bei St. Georgen" StrPLZ="31134" OrtID="9" Merkmal="1" Planquadrat="N&#xD;"/>
  <Strassen StrID="10124" StrName="In den Marktgärten" StrPLZ="31319" OrtID="276" Merkmal="1" Planquadrat="N&#xD;"/>
  <Strassen StrID="10125" StrName="Graumannsweg" StrPLZ="22087" OrtID="39" Merkmal="1" Planquadrat="N&#xD;"/>
  <Strassen StrID="10126" StrName="Beerbuschweg" StrPLZ="31303" OrtID="20" Merkmal="1" Planquadrat="N&#xD;"/>
  <Strassen StrID="10127" StrName="Holzfeldweg" StrPLZ="31180" OrtID="152" Merkmal="1" Planquadrat="N&#xD;"/>
  <Strassen StrID="10128" StrName="Hannoversche Straße" StrPLZ="30989" OrtID="5" Merkmal="1" Planquadrat="N&#xD;"/>
  <Strassen StrID="10129" StrName="Lenther Straße" StrPLZ="30926" OrtID="6" Merkmal="1" Planquadrat="N&#xD;"/>
  <Strassen StrID="10130" StrName="Martha-Wismann-Platz" StrPLZ="30449" OrtID="1" Merkmal="1" Planquadrat="N&#xD;"/>
  <Strassen StrID="10131" StrName="Von-Ketteler-Straße" StrPLZ="49584" OrtID="604" Merkmal="1" Planquadrat="N&#xD;"/>
  <Strassen StrID="10132" StrName="Gleidinger Straße" StrPLZ="30880" OrtID="200" Merkmal="1" Planquadrat="N&#xD;"/>
  <Strassen StrID="10133" StrName="Hauptstraße" StrPLZ="29690" OrtID="605" Merkmal="1" Planquadrat="N&#xD;"/>
  <Strassen StrID="10134" StrName="Heistergarten" StrPLZ="30916" OrtID="21" Merkmal="1" Planquadrat="N&#xD;"/>
  <Strassen StrID="10135" StrName="Goethestraße" StrPLZ="99195" OrtID="606" Merkmal="1" Planquadrat="N&#xD;"/>
  <Strassen StrID="10136" StrName="Marquardholz" StrPLZ="91161" OrtID="607" Merkmal="1" Planquadrat="N&#xD;"/>
  <Strassen StrID="10137" StrName="Ludwig-Richter-Straße" StrPLZ="42329" OrtID="320" Merkmal="1" Planquadrat="N"/>
  <Strassen StrID="10138" StrName="Untere Straße" StrPLZ="37115" OrtID="608" Merkmal="1" Planquadrat="N&#xD;"/>
  <Strassen StrID="10139" StrName="Pastor Lütkemannstraße" StrPLZ="31311" OrtID="294" Merkmal="1" Planquadrat="N&#xD;"/>
  <Strassen StrID="10140" StrName="Im Hückedal" StrPLZ="30974" OrtID="307" Merkmal="1" Planquadrat="N&#xD;"/>
  <Strassen StrID="10141" StrName="Albert-Schweitzer-Straße" StrPLZ="31061" OrtID="74" Merkmal="1" Planquadrat="N&#xD;"/>
  <Strassen StrID="10142" StrName="Finkenweg" StrPLZ="30966" OrtID="13" Merkmal="1" Planquadrat="N&#xD;"/>
  <Strassen StrID="10143" StrName="Zum Wall" StrPLZ="30900" OrtID="25" Merkmal="1" Planquadrat="N&#xD;"/>
  <Strassen StrID="10144" StrName="Südfeld" StrPLZ="30989" OrtID="5" Merkmal="1" Planquadrat="N&#xD;"/>
  <Strassen StrID="10145" StrName="Kiefernweg" StrPLZ="30880" OrtID="200" Merkmal="1" Planquadrat="N&#xD;"/>
  <Strassen StrID="10146" StrName="Rottanger" StrPLZ="30938" OrtID="40" Merkmal="1" Planquadrat="N&#xD;"/>
  <Strassen StrID="10147" StrName="Schwanenwik" StrPLZ="22087" OrtID="39" Merkmal="1" Planquadrat="N&#xD;"/>
  <Strassen StrID="10148" StrName="Lerneweg" StrPLZ="30823" OrtID="149" Merkmal="1" Planquadrat="Lern"/>
  <Strassen StrID="10150" StrName="Leo-Schacht-Straße" StrPLZ="30974" OrtID="307" Merkmal="0" Planquadrat="N&#xD;"/>
  <Strassen StrID="10151" StrName="Weißdornweg" StrPLZ="31535" OrtID="22" Merkmal="1" Planquadrat="N&#xD;"/>
  <Strassen StrID="10152" StrName="Erich-Garben-Straße" StrPLZ="30989" OrtID="5" Merkmal="1" Planquadrat="N&#xD;"/>
  <Strassen StrID="10153" StrName="Drewitzer Straße" StrPLZ="13467" OrtID="18" Merkmal="1" Planquadrat="N&#xD;"/>
  <Strassen StrID="10154" StrName="Vor dem Tore" StrPLZ="31515" OrtID="319" Merkmal="1" Planquadrat="N&#xD;"/>
  <Strassen StrID="10155" StrName="Giebelkamp" StrPLZ="30966" OrtID="13" Merkmal="0" Planquadrat="N&#xD;"/>
  <Strassen StrID="10156" StrName="Kaiser-Friedrich-Straße" StrPLZ="10585" OrtID="18" Merkmal="1" Planquadrat="N&#xD;"/>
  <Strassen StrID="10157" StrName="Dorfstraße" StrPLZ="29690" OrtID="610" Merkmal="1" Planquadrat="N&#xD;"/>
  <Strassen StrID="10158" StrName="Däumlingsweg" StrPLZ="31787" OrtID="19" Merkmal="1" Planquadrat="N&#xD;"/>
  <Strassen StrID="10159" StrName="Am Oberen Berg" StrPLZ="70597" OrtID="287" Merkmal="1" Planquadrat="N&#xD;"/>
  <Strassen StrID="10160" StrName="Am Gut" StrPLZ="31832" OrtID="278" Merkmal="1" Planquadrat="N&#xD;"/>
  <Strassen StrID="10161" StrName="Am Berg" StrPLZ="53547" OrtID="611" Merkmal="1" Planquadrat="Am B"/>
  <Strassen StrID="10163" StrName="Postfach" StrPLZ="32400" OrtID="512" Merkmal="1" Planquadrat="N&#xD;"/>
  <Strassen StrID="10164" StrName="Wachtelsteig" StrPLZ="30855" OrtID="27" Merkmal="1" Planquadrat="N&#xD;"/>
  <Strassen StrID="10165" StrName="Senator-Haasemannstraße" StrPLZ="31001" OrtID="135" Merkmal="1" Planquadrat="N&#xD;"/>
  <Strassen StrID="10166" StrName="Postfach" StrPLZ="58006" OrtID="612" Merkmal="1" Planquadrat="N&#xD;"/>
  <Strassen StrID="10167" StrName="Basthoop" StrPLZ="30974" OrtID="307" Merkmal="1" Planquadrat="N&#xD;"/>
  <Strassen StrID="10168" StrName="Goethestraße" StrPLZ="30890" OrtID="2" Merkmal="1" Planquadrat="N&#xD;"/>
  <Strassen StrID="10169" StrName="Berliner Weg" StrPLZ="31535" OrtID="22" Merkmal="1" Planquadrat="N&#xD;"/>
  <Strassen StrID="10170" StrName="Köthnerberg" StrPLZ="30989" OrtID="5" Merkmal="1" Planquadrat="N&#xD;"/>
  <Strassen StrID="10171" StrName="Dorfstraße" StrPLZ="31787" OrtID="19" Merkmal="1" Planquadrat="N&#xD;"/>
  <Strassen StrID="10172" StrName="Hamelner Straße" StrPLZ="30952" OrtID="3" Merkmal="1" Planquadrat="N&#xD;"/>
  <Strassen StrID="10173" StrName="Bebericher Straße" StrPLZ="41063" OrtID="222" Merkmal="1" Planquadrat="N&#xD;"/>
  <Strassen StrID="10174" StrName="Lübecker Straße" StrPLZ="30880" OrtID="200" Merkmal="1" Planquadrat="N&#xD;"/>
  <Strassen StrID="10175" StrName="Goethestraße" StrPLZ="12207" OrtID="18" Merkmal="1" Planquadrat="N&#xD;"/>
  <Strassen StrID="10176" StrName="Weichselstraße" StrPLZ="12045" OrtID="18" Merkmal="1" Planquadrat="N&#xD;"/>
  <Strassen StrID="10177" StrName="Eulenkamp" StrPLZ="30938" OrtID="40" Merkmal="1" Planquadrat="N&#xD;"/>
  <Strassen StrID="10178" StrName="Finkenschlag" StrPLZ="30938" OrtID="40" Merkmal="1" Planquadrat="N&#xD;"/>
  <Strassen StrID="10179" StrName="Im Bergfeld" StrPLZ="30966" OrtID="13" Merkmal="1" Planquadrat="N&#xD;"/>
  <Strassen StrID="10180" StrName="Burloer Straße" StrPLZ="46414" OrtID="613" Merkmal="1" Planquadrat="N&#xD;"/>
  <Strassen StrID="10181" StrName="Dorfstraße" StrPLZ="29336" OrtID="430" Merkmal="1" Planquadrat="N&#xD;"/>
  <Strassen StrID="10182" StrName="Auf der Bergbrede" StrPLZ="32457" OrtID="52" Merkmal="1" Planquadrat="N&#xD;"/>
  <Strassen StrID="10183" StrName="Echternbrink" StrPLZ="31848" OrtID="89" Merkmal="1" Planquadrat="N&#xD;"/>
  <Strassen StrID="10184" StrName="An der Schmiede" StrPLZ="30982" OrtID="253" Merkmal="1" Planquadrat="N&#xD;"/>
  <Strassen StrID="10185" StrName="Bohnsstraße" StrPLZ="31832" OrtID="278" Merkmal="1" Planquadrat="N&#xD;"/>
  <Strassen StrID="10186" StrName="Löhrkamp" StrPLZ="30900" OrtID="25" Merkmal="1" Planquadrat="N&#xD;"/>
  <Strassen StrID="10187" StrName="Berliner Allee" StrPLZ="30855" OrtID="27" Merkmal="1" Planquadrat="N&#xD;"/>
  <Strassen StrID="10188" StrName="Dehmer Straße" StrPLZ="32549" OrtID="614" Merkmal="1" Planquadrat="N&#xD;"/>
  <Strassen StrID="10189" StrName="Waldesruh" StrPLZ="31848" OrtID="89" Merkmal="1" Planquadrat="N&#xD;"/>
  <Strassen StrID="10190" StrName="Geschwister-Scholl-Weg" StrPLZ="46238" OrtID="107" Merkmal="1" Planquadrat="N&#xD;"/>
  <Strassen StrID="10191" StrName="Dörrieweg" StrPLZ="30966" OrtID="13" Merkmal="1" Planquadrat="N&#xD;"/>
  <Strassen StrID="10192" StrName="Am Gehäge" StrPLZ="30827" OrtID="149" Merkmal="1" Planquadrat="N&#xD;"/>
  <Strassen StrID="10193" StrName="Albblick" StrPLZ="70563" OrtID="287" Merkmal="1" Planquadrat="N"/>
  <Strassen StrID="10194" StrName="Hohe Warte" StrPLZ="31091" OrtID="615" Merkmal="1" Planquadrat="N&#xD;"/>
  <Strassen StrID="10195" StrName="Kapellenstraße" StrPLZ="30890" OrtID="2" Merkmal="1" Planquadrat="N&#xD;"/>
  <Strassen StrID="10196" StrName="Liebigstraße" StrPLZ="30982" OrtID="253" Merkmal="1" Planquadrat="N&#xD;"/>
  <Strassen StrID="10197" StrName="Usedomstraße" StrPLZ="31275" OrtID="4" Merkmal="1" Planquadrat="N&#xD;"/>
  <Strassen StrID="10198" StrName="Masurenstraße" StrPLZ="31832" OrtID="278" Merkmal="1" Planquadrat="N&#xD;"/>
  <Strassen StrID="10199" StrName="Hegelstraße" StrPLZ="39104" OrtID="216" Merkmal="1" Planquadrat="N&#xD;"/>
  <Strassen StrID="10200" StrName="Schmiedestraße" StrPLZ="30827" OrtID="149" Merkmal="1" Planquadrat="N&#xD;"/>
  <Strassen StrID="10201" StrName="Osterstraße" StrPLZ="31134" OrtID="9" Merkmal="1" Planquadrat="N&#xD;"/>
  <Strassen StrID="10202" StrName="Wielohweg" StrPLZ="30938" OrtID="40" Merkmal="1" Planquadrat="N&#xD;"/>
  <Strassen StrID="10203" StrName="Wilhelmshavener Straße" StrPLZ="24105" OrtID="194" Merkmal="1" Planquadrat="N"/>
  <Strassen StrID="10204" StrName="Am Deichfeld" StrPLZ="30890" OrtID="2" Merkmal="1" Planquadrat="N&#xD;"/>
  <Strassen StrID="10205" StrName="Meinecke Straße" StrPLZ="30880" OrtID="200" Merkmal="1" Planquadrat="N&#xD;"/>
  <Strassen StrID="10206" StrName="Kolbestraße" StrPLZ="30926" OrtID="6" Merkmal="1" Planquadrat="N&#xD;"/>
  <Strassen StrID="10207" StrName="Am Heidorn" StrPLZ="30890" OrtID="2" Merkmal="1" Planquadrat="N&#xD;"/>
  <Strassen StrID="10208" StrName="Jathostraße" StrPLZ="30916" OrtID="21" Merkmal="1" Planquadrat="N&#xD;"/>
  <Strassen StrID="10209" StrName="Stühlingerweg" StrPLZ="79856" OrtID="616" Merkmal="1" Planquadrat="N&#xD;"/>
  <Strassen StrID="10210" StrName="Sankt-Georg-Straße" StrPLZ="30890" OrtID="2" Merkmal="1" Planquadrat="N&#xD;"/>
  <Strassen StrID="10212" StrName="Kornblumenweg" StrPLZ="30890" OrtID="2" Merkmal="1" Planquadrat="N&#xD;"/>
  <Strassen StrID="10213" StrName="Schusterbrink" StrPLZ="30926" OrtID="6" Merkmal="1" Planquadrat="N&#xD;"/>
  <Strassen StrID="10214" StrName="Lutterbrinkstraße" StrPLZ="30974" OrtID="307" Merkmal="1" Planquadrat="N&#xD;"/>
  <Strassen StrID="10215" StrName="Krochmannstraße" StrPLZ="22299" OrtID="39" Merkmal="1" Planquadrat="N&#xD;"/>
  <Strassen StrID="10216" StrName="Gladiolenstraße" StrPLZ="30853" OrtID="27" Merkmal="1" Planquadrat="N&#xD;"/>
  <Strassen StrID="10217" StrName="Pappelstraße" StrPLZ="30890" OrtID="2" Merkmal="1" Planquadrat="N&#xD;"/>
  <Strassen StrID="10218" StrName="Mainstraße" StrPLZ="63065" OrtID="351" Merkmal="1" Planquadrat="N&#xD;"/>
  <Strassen StrID="10219" StrName="Auf dem Sandberg" StrPLZ="30966" OrtID="13" Merkmal="1" Planquadrat="N&#xD;"/>
  <Strassen StrID="10220" StrName="Hauptstraße" StrPLZ="31167" OrtID="617" Merkmal="1" Planquadrat="N&#xD;"/>
  <Strassen StrID="10221" StrName="Hannoversche Straße" StrPLZ="30890" OrtID="2" Merkmal="1" Planquadrat="N&#xD;"/>
  <Strassen StrID="10222" StrName="Krügerskamp" StrPLZ="30539" OrtID="1" Merkmal="1" Planquadrat="N&#xD;"/>
  <Strassen StrID="10223" StrName="Hagenstraße" StrPLZ="30982" OrtID="253" Merkmal="1" Planquadrat="N&#xD;"/>
  <Strassen StrID="10224" StrName="Südstraße" StrPLZ="30982" OrtID="253" Merkmal="1" Planquadrat="N&#xD;"/>
  <Strassen StrID="10225" StrName="Dammweg" StrPLZ="31552" OrtID="263" Merkmal="1" Planquadrat="N&#xD;"/>
  <Strassen StrID="10226" StrName="Sundernstraße" StrPLZ="30966" OrtID="13" Merkmal="1" Planquadrat="N&#xD;"/>
  <Strassen StrID="10227" StrName="Wedemarkstraße" StrPLZ="30900" OrtID="25" Merkmal="1" Planquadrat="N&#xD;"/>
  <Strassen StrID="10228" StrName="Hemminger Weg" StrPLZ="30880" OrtID="200" Merkmal="1" Planquadrat="N&#xD;"/>
  <Strassen StrID="10229" StrName="Stolzestrasse" StrPLZ="30966" OrtID="13" Merkmal="1" Planquadrat="N&#xD;"/>
  <Strassen StrID="10230" StrName="Im Mittelfelde" StrPLZ="31157" OrtID="268" Merkmal="1" Planquadrat="N&#xD;"/>
  <Strassen StrID="10231" StrName="Yvetotstraße" StrPLZ="30966" OrtID="13" Merkmal="1" Planquadrat="N&#xD;"/>
  <Strassen StrID="10232" StrName="Hipslohwiesen" StrPLZ="30900" OrtID="25" Merkmal="1" Planquadrat="N&#xD;"/>
  <Strassen StrID="10233" StrName="Chromstraße" StrPLZ="30916" OrtID="21" Merkmal="1" Planquadrat="N&#xD;"/>
  <Strassen StrID="10234" StrName="Heinz-Homann-Ring" StrPLZ="29339" OrtID="593" Merkmal="1" Planquadrat="N&#xD;"/>
  <Strassen StrID="10235" StrName="Carl-Zeiss-Straße" StrPLZ="30966" OrtID="13" Merkmal="1" Planquadrat="N&#xD;"/>
  <Strassen StrID="10236" StrName="Wilhelm-Thiermann-Weg" StrPLZ="29525" OrtID="403" Merkmal="1" Planquadrat="N&#xD;"/>
  <Strassen StrID="10237" StrName="Heckenrosenweg" StrPLZ="30974" OrtID="307" Merkmal="1" Planquadrat="N&#xD;"/>
  <Strassen StrID="10238" StrName="Breiter Weg" StrPLZ="31787" OrtID="19" Merkmal="1" Planquadrat="N&#xD;"/>
  <Strassen StrID="10239" StrName="Thorgarten" StrPLZ="30952" OrtID="3" Merkmal="1" Planquadrat="N&#xD;"/>
  <Strassen StrID="10240" StrName="Friedenau" StrPLZ="52372" OrtID="619" Merkmal="1" Planquadrat="N&#xD;"/>
  <Strassen StrID="10241" StrName="Katzbachweg" StrPLZ="30966" OrtID="13" Merkmal="1" Planquadrat="N&#xD;"/>
  <Strassen StrID="10242" StrName="Hauptstraße" StrPLZ="30966" OrtID="13" Merkmal="1" Planquadrat="N&#xD;"/>
  <Strassen StrID="10243" StrName="Reiherstieg" StrPLZ="31303" OrtID="20" Merkmal="1" Planquadrat="N&#xD;"/>
  <Strassen StrID="10244" StrName="Waldstraße" StrPLZ="30890" OrtID="2" Merkmal="1" Planquadrat="N&#xD;"/>
  <Strassen StrID="10245" StrName="Brauhausberg" StrPLZ="38678" OrtID="493" Merkmal="1" Planquadrat="N&#xD;"/>
  <Strassen StrID="10246" StrName="Buschkamp" StrPLZ="30853" OrtID="27" Merkmal="1" Planquadrat="N&#xD;"/>
  <Strassen StrID="10247" StrName="Asternweg" StrPLZ="30952" OrtID="3" Merkmal="1" Planquadrat="N&#xD;"/>
  <Strassen StrID="10248" StrName="Im Bergwinkel" StrPLZ="30952" OrtID="3" Merkmal="1" Planquadrat="N&#xD;"/>
  <Strassen StrID="10249" StrName="Daniel-Köppel-Weg" StrPLZ="38642" OrtID="157" Merkmal="1" Planquadrat="N&#xD;"/>
  <Strassen StrID="10250" StrName="Arnumer Straße" StrPLZ="30966" OrtID="13" Merkmal="1" Planquadrat="N&#xD;"/>
  <Strassen StrID="10251" StrName="Zum Nesselberg" StrPLZ="31832" OrtID="278" Merkmal="1" Planquadrat="N&#xD;"/>
  <Strassen StrID="10252" StrName="Am Stadtpark" StrPLZ="90409" OrtID="243" Merkmal="1" Planquadrat="N&#xD;"/>
  <Strassen StrID="10253" StrName="Comblouxstraße" StrPLZ="31199" OrtID="55" Merkmal="1" Planquadrat="N&#xD;"/>
  <Strassen StrID="10254" StrName="Landwehrstraße" StrPLZ="28217" OrtID="109" Merkmal="1" Planquadrat="N&#xD;"/>
  <Strassen StrID="10255" StrName="Goethestraße" StrPLZ="23564" OrtID="214" Merkmal="1" Planquadrat="N&#xD;"/>
  <Strassen StrID="10256" StrName="Rathausstraße" StrPLZ="69126" OrtID="621" Merkmal="1" Planquadrat="N&#xD;"/>
  <Strassen StrID="10257" StrName="Danziger Straße" StrPLZ="31553" OrtID="266" Merkmal="1" Planquadrat="N&#xD;"/>
  <Strassen StrID="10258" StrName="Im Tiefen Lande" StrPLZ="30823" OrtID="149" Merkmal="1" Planquadrat="N&#xD;"/>
  <Strassen StrID="10259" StrName="Wilhelm-Deisterberg-Straße" StrPLZ="30890" OrtID="2" Merkmal="1" Planquadrat="N&#xD;"/>
  <Strassen StrID="10260" StrName="Großer Weg" StrPLZ="30826" OrtID="149" Merkmal="1" Planquadrat="N&#xD;"/>
  <Strassen StrID="10261" StrName="Schumannweg" StrPLZ="30989" OrtID="5" Merkmal="1" Planquadrat="N&#xD;"/>
  <Strassen StrID="10262" StrName="Clara-Schumann-Straße" StrPLZ="30855" OrtID="27" Merkmal="1" Planquadrat="N&#xD;"/>
  <Strassen StrID="10263" StrName="Im Sande" StrPLZ="30926" OrtID="6" Merkmal="1" Planquadrat="N&#xD;"/>
  <Strassen StrID="10264" StrName="Ossenohr" StrPLZ="31559" OrtID="174" Merkmal="1" Planquadrat="N&#xD;"/>
  <Strassen StrID="10265" StrName="Ortsstraße" StrPLZ="98646" OrtID="622" Merkmal="1" Planquadrat="N&#xD;"/>
  <Strassen StrID="10266" StrName="Gerstenstiege" StrPLZ="30938" OrtID="40" Merkmal="1" Planquadrat="N&#xD;"/>
  <Strassen StrID="10267" StrName="Garner Weg" StrPLZ="31547" OrtID="30" Merkmal="1" Planquadrat="N&#xD;"/>
  <Strassen StrID="10268" StrName="Heinrich-Lindwedel-Straße" StrPLZ="30827" OrtID="149" Merkmal="1" Planquadrat="N&#xD;"/>
  <Strassen StrID="10269" StrName="Im Hammfeld" StrPLZ="30966" OrtID="13" Merkmal="1" Planquadrat="N&#xD;"/>
  <Strassen StrID="10270" StrName="Barienroder Straße" StrPLZ="31139" OrtID="9" Merkmal="1" Planquadrat="N&#xD;"/>
  <Strassen StrID="10271" StrName="Herderstraße" StrPLZ="49078" OrtID="249" Merkmal="1" Planquadrat="N&#xD;"/>
  <Strassen StrID="10272" StrName="Libellenweg" StrPLZ="44797" OrtID="104" Merkmal="1" Planquadrat="N&#xD;"/>
  <Strassen StrID="10273" StrName="Flinsberger Weg" StrPLZ="30966" OrtID="13" Merkmal="1" Planquadrat="N&#xD;"/>
  <Strassen StrID="10274" StrName="Burgfeld" StrPLZ="30989" OrtID="5" Merkmal="1" Planquadrat="N&#xD;"/>
  <Strassen StrID="10275" StrName="Philipp-Reis-Straße" StrPLZ="28357" OrtID="109" Merkmal="1" Planquadrat="N&#xD;"/>
  <Strassen StrID="10276" StrName="Eltzestraße" StrPLZ="29225" OrtID="115" Merkmal="1" Planquadrat="N&#xD;"/>
  <Strassen StrID="10277" StrName="Wohlsdorfer Straße" StrPLZ="27383" OrtID="623" Merkmal="1" Planquadrat="N&#xD;"/>
  <Strassen StrID="10278" StrName="Leonhardring" StrPLZ="31319" OrtID="276" Merkmal="1" Planquadrat="N&#xD;"/>
  <Strassen StrID="10279" StrName="Matthias-Claudius-Straße" StrPLZ="31157" OrtID="268" Merkmal="1" Planquadrat="N&#xD;"/>
  <Strassen StrID="10280" StrName="An der Bergkette" StrPLZ="31655" OrtID="32" Merkmal="1" Planquadrat="N&#xD;"/>
  <Strassen StrID="10281" StrName="Stahlhopsberg" StrPLZ="31535" OrtID="22" Merkmal="1" Planquadrat="N&#xD;"/>
  <Strassen StrID="10282" StrName="Bahnhofstraße" StrPLZ="30853" OrtID="27" Merkmal="1" Planquadrat="N&#xD;"/>
  <Strassen StrID="10283" StrName="Louise-Otto-Ring" StrPLZ="31275" OrtID="4" Merkmal="1" Planquadrat="N&#xD;"/>
  <Strassen StrID="10284" StrName="Leberstraße" StrPLZ="10829" OrtID="18" Merkmal="1" Planquadrat="N&#xD;"/>
  <Strassen StrID="10285" StrName="Am Gutshof" StrPLZ="30966" OrtID="13" Merkmal="1" Planquadrat="N&#xD;"/>
  <Strassen StrID="10286" StrName="Weimarer Straße" StrPLZ="30952" OrtID="3" Merkmal="1" Planquadrat="N&#xD;"/>
  <Strassen StrID="10287" StrName="Ulmenkamp" StrPLZ="30827" OrtID="149" Merkmal="1" Planquadrat="N&#xD;"/>
  <Strassen StrID="10288" StrName="Hannoversche Straße" StrPLZ="30823" OrtID="149" Merkmal="1" Planquadrat="N&#xD;"/>
  <Strassen StrID="10289" StrName="Hauptstraße" StrPLZ="29352" OrtID="497" Merkmal="1" Planquadrat="N&#xD;"/>
  <Strassen StrID="10290" StrName="Schmiedestraße" StrPLZ="86447" OrtID="624" Merkmal="1" Planquadrat="N&#xD;"/>
  <Strassen StrID="10291" StrName="An der Königseiche" StrPLZ="30890" OrtID="2" Merkmal="1" Planquadrat="N&#xD;"/>
  <Strassen StrID="10292" StrName="Ginsterweg" StrPLZ="29356" OrtID="625" Merkmal="1" Planquadrat="N&#xD;"/>
  <Strassen StrID="10293" StrName="Am Eichenhain" StrPLZ="31275" OrtID="4" Merkmal="1" Planquadrat="N&#xD;"/>
  <Strassen StrID="10294" StrName="An der Schildwiese" StrPLZ="38302" OrtID="314" Merkmal="1" Planquadrat="N&#xD;"/>
  <Strassen StrID="10295" StrName="Pasewerk" StrPLZ="23858" OrtID="626" Merkmal="1" Planquadrat="N&#xD;"/>
  <Strassen StrID="10296" StrName="Konradstraße" StrPLZ="30826" OrtID="149" Merkmal="1" Planquadrat="N&#xD;"/>
  <Strassen StrID="10297" StrName="Weidenkamp" StrPLZ="30827" OrtID="149" Merkmal="1" Planquadrat="N&#xD;"/>
  <Strassen StrID="10298" StrName="Steintorwall" StrPLZ="38100" OrtID="8" Merkmal="1" Planquadrat="N&#xD;"/>
  <Strassen StrID="10299" StrName="Dammgartenstraße" StrPLZ="31303" OrtID="20" Merkmal="1" Planquadrat="N&#xD;"/>
  <Strassen StrID="10300" StrName="Eschenweg" StrPLZ="30880" OrtID="200" Merkmal="1" Planquadrat="N&#xD;"/>
  <Strassen StrID="10301" StrName="Auf der Masch" StrPLZ="30966" OrtID="13" Merkmal="1" Planquadrat="N&#xD;"/>
  <Strassen StrID="10302" StrName="Magnolienweg" StrPLZ="53177" OrtID="26" Merkmal="1" Planquadrat="N&#xD;"/>
  <Strassen StrID="10303" StrName="Gartenstraße" StrPLZ="30966" OrtID="13" Merkmal="1" Planquadrat="N&#xD;"/>
  <Strassen StrID="10304" StrName="Brunnenweg" StrPLZ="38685" OrtID="556" Merkmal="1" Planquadrat="N&#xD;"/>
  <Strassen StrID="10305" StrName="Goslarsche Straße" StrPLZ="31134" OrtID="9" Merkmal="1" Planquadrat="N&#xD;"/>
  <Strassen StrID="10306" StrName="Lange Straße" StrPLZ="30938" OrtID="40" Merkmal="1" Planquadrat="N&#xD;"/>
  <Strassen StrID="10307" StrName="Ringstraße" StrPLZ="38536" OrtID="627" Merkmal="1" Planquadrat="N&#xD;"/>
  <Strassen StrID="10308" StrName="Bos van Houthulstlaan" StrPLZ="1970" OrtID="628" Merkmal="1" Planquadrat="N&#xD;"/>
  <Strassen StrID="10309" StrName="Schmiedestraße" StrPLZ="31559" OrtID="501" Merkmal="1" Planquadrat="N&#xD;"/>
  <Strassen StrID="10310" StrName="Lindenallee" StrPLZ="06295" OrtID="629" Merkmal="1" Planquadrat="N&#xD;"/>
  <Strassen StrID="10311" StrName="Lindenallee" StrPLZ="30938" OrtID="40" Merkmal="1" Planquadrat="N&#xD;"/>
  <Strassen StrID="10312" StrName="Ginsterweg" StrPLZ="30916" OrtID="21" Merkmal="1" Planquadrat="N&#xD;"/>
  <Strassen StrID="10313" StrName="Köhlerstraße" StrPLZ="96049" OrtID="630" Merkmal="1" Planquadrat="N&#xD;"/>
  <Strassen StrID="10314" StrName="An der Stadtgrenze" StrPLZ="31582" OrtID="237" Merkmal="1" Planquadrat="N&#xD;"/>
  <Strassen StrID="10315" StrName="Otzer Landstraße" StrPLZ="31303" OrtID="20" Merkmal="1" Planquadrat="N&#xD;"/>
  <Strassen StrID="10316" StrName="Akazienstraße" OrtID="6" Merkmal="1" Planquadrat="N&#xD;"/>
  <Strassen StrID="10317" StrName="Am Tor" StrPLZ="48465" OrtID="631" Merkmal="1" Planquadrat="N&#xD;"/>
  <Strassen StrID="10318" StrName="Am Wedemarkbad" StrPLZ="30900" OrtID="25" Merkmal="1" Planquadrat="N&#xD;"/>
  <Strassen StrID="10319" StrName="Grindelhof (Haus 15)" StrPLZ="20146" OrtID="39" Merkmal="1" Planquadrat="N&#xD;"/>
  <Strassen StrID="10320" StrName="Hannoversche Straße" StrPLZ="31319" OrtID="276" Merkmal="1" Planquadrat="N&#xD;"/>
  <Strassen StrID="10321" StrName="Hinter den Gärten" StrPLZ="30880" OrtID="200" Merkmal="1" Planquadrat="N&#xD;"/>
  <Strassen StrID="10322" StrName="Heideweg" StrPLZ="30938" OrtID="40" Merkmal="1" Planquadrat="N&#xD;"/>
  <Strassen StrID="10323" StrName="Alfred-Trappen-Straße" StrPLZ="44263" OrtID="125" Merkmal="1" Planquadrat="N&#xD;"/>
  <Strassen StrID="10324" StrName="Greiffenberger Straße" StrPLZ="30966" OrtID="13" Merkmal="1" Planquadrat="N&#xD;"/>
  <Strassen StrID="10325" StrName="Karl-Ulrich-Straße" StrPLZ="74206" OrtID="632" Merkmal="1" Planquadrat="N&#xD;"/>
  <Strassen StrID="10326" StrName="Telemannstraße" StrPLZ="53173" OrtID="26" Merkmal="1" Planquadrat="N&#xD;"/>
  <Strassen StrID="10327" StrName="Akazienstraße" StrPLZ="30926" OrtID="6" Merkmal="1" Planquadrat="N&#xD;"/>
  <Strassen StrID="10328" StrName="Eichenkamp" StrPLZ="31275" OrtID="4" Merkmal="1" Planquadrat="N&#xD;"/>
  <Strassen StrID="10329" StrName="Martin-Luther-Straße" StrPLZ="31177" OrtID="173" Merkmal="1" Planquadrat="N&#xD;"/>
  <Strassen StrID="10331" StrName="Gräfendeichstraße" StrPLZ="60599" OrtID="41" Merkmal="1" Planquadrat="N&#xD;"/>
  <Strassen StrID="10332" StrName="Tangstedter Landstraße" StrPLZ="22415" OrtID="39" Merkmal="1" Planquadrat="N&#xD;"/>
  <Strassen StrID="10333" StrName="Mühlenkamp" StrPLZ="47533" OrtID="634" Merkmal="1" Planquadrat="N&#xD;"/>
  <Strassen StrID="10334" StrName="Schloßstraße" StrPLZ="31171" OrtID="241" Merkmal="1" Planquadrat="N&#xD;"/>
  <Strassen StrID="10335" StrName="Max-von-Laue-Ring" OrtID="13" Merkmal="1" Planquadrat="N&#xD;"/>
  <Strassen StrID="10336" StrName="Sprendlinger Landstraße" StrPLZ="63069" OrtID="351" Merkmal="1" Planquadrat="N&#xD;"/>
  <Strassen StrID="10337" StrName="Rosenweg" StrPLZ="37293" OrtID="635" Merkmal="1" Planquadrat="N&#xD;"/>
  <Strassen StrID="10338" StrName="Am Mühlenfelde" StrPLZ="30938" OrtID="40" Merkmal="1" Planquadrat="N&#xD;"/>
  <Strassen StrID="10339" StrName="Hauptstraße" StrPLZ="31195" OrtID="636" Merkmal="1" Planquadrat="N&#xD;"/>
  <Strassen StrID="10340" StrName="Steinbrink" StrPLZ="30966" OrtID="13" Merkmal="1" Planquadrat="N&#xD;"/>
  <Strassen StrID="10341" StrName="Margeritenweg" StrPLZ="30800" OrtID="200" Merkmal="1" Planquadrat="N&#xD;"/>
  <Strassen StrID="10342" StrName="Bergfeldstraße" StrPLZ="30952" OrtID="3" Merkmal="1" Planquadrat="N&#xD;"/>
  <Strassen StrID="10343" StrName="Bahnhofstraße" StrPLZ="31157" OrtID="268" Merkmal="1" Planquadrat="N&#xD;"/>
  <Strassen StrID="10344" StrName="Raiffeisenstraße" StrPLZ="31275" OrtID="4" Merkmal="1" Planquadrat="N&#xD;"/>
  <Strassen StrID="10345" StrName="Im Wiesenfeld" StrPLZ="30966" OrtID="13" Merkmal="1" Planquadrat="N&#xD;"/>
  <Strassen StrID="10346" StrName="Blauer Kamp" StrPLZ="31141" OrtID="9" Merkmal="1" Planquadrat="N&#xD;"/>
  <Strassen StrID="10347" StrName="Am Speckenberg" StrPLZ="29690" OrtID="273" Merkmal="1" Planquadrat="N&#xD;"/>
  <Strassen StrID="10348" StrName="Theodor-Lessing-Ring" StrPLZ="30823" OrtID="149" Merkmal="1" Planquadrat="N&#xD;"/>
  <Strassen StrID="10349" StrName="Insel Sonneck" StrPLZ="31515" OrtID="319" Merkmal="1" Planquadrat="N&#xD;"/>
  <Strassen StrID="10350" StrName="Sulzweg" StrPLZ="81827" OrtID="225" Merkmal="1" Planquadrat="N&#xD;"/>
  <Strassen StrID="10351" StrName="Hans-Sachs-Straße" StrPLZ="40237" OrtID="127" Merkmal="1" Planquadrat="N&#xD;"/>
  <Strassen StrID="10352" StrName="Kastanienallee" StrPLZ="30851" OrtID="27" Merkmal="1" Planquadrat="N&#xD;"/>
  <Strassen StrID="10353" StrName="Brentanostraße" StrPLZ="30916" OrtID="21" Merkmal="1" Planquadrat="N&#xD;"/>
  <Strassen StrID="10354" StrName="Peter-Wust-Straße" StrPLZ="48149" OrtID="45" Merkmal="1" Planquadrat="N&#xD;"/>
  <Strassen StrID="10355" StrName="Wielandweg" StrPLZ="38304" OrtID="314" Merkmal="1" Planquadrat="N&#xD;"/>
  <Strassen StrID="10356" StrName="Ringstraße" StrPLZ="31718" OrtID="517" Merkmal="1" Planquadrat="N&#xD;"/>
  <Strassen StrID="10357" StrName="Buchenweg" StrPLZ="31535" OrtID="22" Merkmal="1" Planquadrat="N&#xD;"/>
  <Strassen StrID="10358" StrName="Lenaustraße" StrPLZ="60318" OrtID="41" Merkmal="1" Planquadrat="N&#xD;"/>
  <Strassen StrID="10359" StrName="Meisenweg" StrPLZ="23611" OrtID="637" Merkmal="1" Planquadrat="N&#xD;"/>
  <Strassen StrID="10360" StrName="Am Steinernen Stock" StrPLZ="60320" OrtID="41" Merkmal="1" Planquadrat="N&#xD;"/>
  <Strassen StrID="10361" StrName="Feuerbachstraße" StrPLZ="07548" OrtID="638" Merkmal="1" Planquadrat="N&#xD;"/>
  <Strassen StrID="10362" StrName="Wülferoder Straße" StrPLZ="30880" OrtID="200" Merkmal="1" Planquadrat="N&#xD;"/>
  <Strassen StrID="10363" StrName="Sudewiesenstraße" StrPLZ="30880" OrtID="200" Merkmal="1" Planquadrat="N&#xD;"/>
  <Strassen StrID="10364" StrName="Hanseatenstraße" StrPLZ="30853" OrtID="27" Merkmal="1" Planquadrat="N&#xD;"/>
  <Strassen StrID="10365" StrName="Buchenweg" StrPLZ="30900" OrtID="25" Merkmal="1" Planquadrat="N&#xD;"/>
  <Strassen StrID="10366" StrName="Kiebitzende" StrPLZ="31582" OrtID="237" Merkmal="1" Planquadrat="N&#xD;"/>
  <Strassen StrID="10367" StrName="Bandstraße" StrPLZ="31008" OrtID="135" Merkmal="1" Planquadrat="N&#xD;"/>
  <Strassen StrID="10368" StrName="Birkenweg" StrPLZ="30855" OrtID="27" Merkmal="1" Planquadrat="N&#xD;"/>
  <Strassen StrID="10369" StrName="Saarstraße" StrPLZ="31515" OrtID="319" Merkmal="1" Planquadrat="N&#xD;"/>
  <Strassen StrID="10370" StrName="Egestorferstraße" StrPLZ="31319" OrtID="276" Merkmal="1" Planquadrat="N&#xD;"/>
  <Strassen StrID="10371" StrName="Ahornweg" StrPLZ="66399" OrtID="639" Merkmal="1" Planquadrat="N&#xD;"/>
  <Strassen StrID="10372" StrName="Unterdorf" StrPLZ="31085" OrtID="402" Merkmal="1" Planquadrat="N&#xD;"/>
  <Strassen StrID="10373" StrName="Bundesallee" StrPLZ="12161" OrtID="18" Merkmal="1" Planquadrat="N&#xD;"/>
  <Strassen StrID="10374" StrName="Am Steinberg" StrPLZ="30952" OrtID="3" Merkmal="1" Planquadrat="N&#xD;"/>
  <Strassen StrID="10375" StrName="Baumarktstrasse" StrPLZ="30823" OrtID="149" Merkmal="1" Planquadrat="N&#xD;"/>
  <Strassen StrID="10376" StrName="Auf dem Kamp" StrPLZ="31191" OrtID="76" Merkmal="1" Planquadrat="N&#xD;"/>
  <Strassen StrID="10377" StrName="Nachtigallenweg" StrPLZ="31319" OrtID="276" Merkmal="1" Planquadrat="N&#xD;"/>
  <Strassen StrID="10378" StrName="Bispinger Straße" StrPLZ="30900" OrtID="25" Merkmal="1" Planquadrat="N&#xD;"/>
  <Strassen StrID="10379" StrName="Nürburgstraße" StrPLZ="50937" OrtID="17" Merkmal="1" Planquadrat="N&#xD;"/>
  <Strassen StrID="10380" StrName="Talkamp" StrPLZ="30823" OrtID="149" Merkmal="1" Planquadrat="N&#xD;"/>
  <Strassen StrID="10381" StrName="Postfach" StrPLZ="63238" OrtID="640" Merkmal="1" Planquadrat="N"/>
  <Strassen StrID="10382" StrName="Köhlerweg" StrPLZ="30900" OrtID="25" Merkmal="1" Planquadrat="N&#xD;"/>
  <Strassen StrID="10384" StrName="Wilhelmstraße" StrPLZ="31542" OrtID="91" Merkmal="1" Planquadrat="N&#xD;"/>
  <Strassen StrID="10385" StrName="Hausburgenweg" StrPLZ="29223" OrtID="115" Merkmal="1" Planquadrat="N&#xD;"/>
  <Strassen StrID="10386" StrName="Barlachweg" StrPLZ="44795" OrtID="104" Merkmal="1" Planquadrat="N&#xD;"/>
  <Strassen StrID="10387" StrName="Edderweg" StrPLZ="30855" OrtID="27" Merkmal="0" Planquadrat="N&#xD;"/>
  <Strassen StrID="10388" StrName="Blumenauerstraße" StrPLZ="30890" OrtID="2" Merkmal="1" Planquadrat="N&#xD;"/>
  <Strassen StrID="10389" StrName="Mainzer Straße" StrPLZ="65439" OrtID="642" Merkmal="1" Planquadrat="N&#xD;"/>
  <Strassen StrID="10390" StrName="Am Knick" StrPLZ="31036" OrtID="464" Merkmal="1" Planquadrat="N&#xD;"/>
  <Strassen StrID="10391" StrName="Sölterweg" StrPLZ="31515" OrtID="319" Merkmal="1" Planquadrat="N&#xD;"/>
  <Strassen StrID="10392" StrName="Narzissenweg" StrPLZ="37081" OrtID="158" Merkmal="1" Planquadrat="N&#xD;"/>
  <Strassen StrID="10393" StrName="Heisterberghof" StrPLZ="30926" OrtID="6" Merkmal="1" Planquadrat="N&#xD;"/>
  <Strassen StrID="10394" StrName="Fritz-Meyer-Straße" StrPLZ="30823" OrtID="149" Merkmal="1" Planquadrat="N&#xD;"/>
  <Strassen StrID="10395" StrName="Weißer Straße" StrPLZ="50996" OrtID="17" Merkmal="1" Planquadrat="N&#xD;"/>
  <Strassen StrID="10396" StrName="Ratsweg" StrPLZ="31303" OrtID="20" Merkmal="1" Planquadrat="N&#xD;"/>
  <Strassen StrID="10397" StrName="Schwalbennest" StrPLZ="30938" OrtID="40" Merkmal="1" Planquadrat="N&#xD;"/>
  <Strassen StrID="10398" StrName="Kleine Twiete" StrPLZ="30900" OrtID="25" Merkmal="1" Planquadrat="N&#xD;"/>
  <Strassen StrID="10399" StrName="Anna-Seghers-Straße" StrPLZ="12489" OrtID="18" Merkmal="1" Planquadrat="N&#xD;"/>
  <Strassen StrID="10400" StrName="Oststraße" StrPLZ="39114" OrtID="216" Merkmal="1" Planquadrat="N&#xD;"/>
  <Strassen StrID="10401" StrName="Westerfeld" StrPLZ="30900" OrtID="25" Merkmal="1" Planquadrat="N&#xD;"/>
  <Strassen StrID="10402" StrName="Gänsemagdweg" StrPLZ="30823" OrtID="149" Merkmal="1" Planquadrat="N&#xD;"/>
  <Strassen StrID="10403" StrName="Am Hohen Tore" StrPLZ="38118" OrtID="8" Merkmal="1" Planquadrat="N&#xD;"/>
  <Strassen StrID="10404" StrName="Gartenstraße" StrPLZ="31311" OrtID="294" Merkmal="1" Planquadrat="N&#xD;"/>
  <Strassen StrID="10405" StrName="Tulpenstraße" StrPLZ="31275" OrtID="4" Merkmal="1" Planquadrat="N&#xD;"/>
  <Strassen StrID="10407" StrName="Ochsensteige" StrPLZ="89075" OrtID="643" Merkmal="1" Planquadrat="N&#xD;"/>
  <Strassen StrID="10408" StrName="Cranachweg" StrPLZ="31275" OrtID="4" Merkmal="1" Planquadrat="N&#xD;"/>
  <Strassen StrID="10409" StrName="Am Feldkamp" StrPLZ="48499" OrtID="644" Merkmal="1" Planquadrat="N&#xD;"/>
  <Strassen StrID="10410" StrName="Speicherwinkel" StrPLZ="30938" OrtID="40" Merkmal="1" Planquadrat="N&#xD;"/>
  <Strassen StrID="10411" StrName="Am Gexberg" StrPLZ="31028" OrtID="645" Merkmal="1" Planquadrat="N&#xD;"/>
  <Strassen StrID="10412" StrName="Zum Waldteich" StrPLZ="30559" OrtID="1" Merkmal="1" Planquadrat="N&#xD;"/>
  <Strassen StrID="10413" StrName="Föhrenweg" StrPLZ="30890" OrtID="2" Merkmal="1" Planquadrat="N&#xD;"/>
  <Strassen StrID="10414" StrName="Beekstraße" StrPLZ="31319" OrtID="276" Merkmal="1" Planquadrat="N&#xD;"/>
  <Strassen StrID="10415" StrName="Doblbachstraße" StrPLZ="85665" OrtID="646" Merkmal="1" Planquadrat="N&#xD;"/>
  <Strassen StrID="10416" StrName="Vor dem Eichberg" StrPLZ="31162" OrtID="95" Merkmal="1" Planquadrat="N&#xD;"/>
  <Strassen StrID="10417" StrName="Jägerheide" StrPLZ="29352" OrtID="497" Merkmal="1" Planquadrat="N&#xD;"/>
  <Strassen StrID="10418" StrName="Heederbrook" StrPLZ="25355" OrtID="647" Merkmal="1" Planquadrat="N&#xD;"/>
  <Strassen StrID="10419" StrName="Leineweg" StrPLZ="30823" OrtID="149" Merkmal="1" Planquadrat="N&#xD;"/>
  <Strassen StrID="10420" StrName="Mühlenweg" StrPLZ="30989" OrtID="5" Merkmal="1" Planquadrat="N&#xD;"/>
  <Strassen StrID="10421" StrName="Lindenhopsweg" StrPLZ="31515" OrtID="319" Merkmal="1" Planquadrat="N&#xD;"/>
  <Strassen StrID="10422" StrName="Georgstraße" StrPLZ="31848" OrtID="89" Merkmal="1" Planquadrat="N&#xD;"/>
  <Strassen StrID="10423" StrName="Am Bollet" StrPLZ="52078" OrtID="72" Merkmal="1" Planquadrat="N&#xD;"/>
  <Strassen StrID="10424" StrName="Kuckucksweg" StrPLZ="30900" OrtID="25" Merkmal="1" Planquadrat="N&#xD;"/>
  <Strassen StrID="10425" StrName="Nordendstraße" StrPLZ="64546" OrtID="47" Merkmal="1" Planquadrat="N&#xD;"/>
  <Strassen StrID="10426" StrName="Dammstraße" StrPLZ="30938" OrtID="40" Merkmal="1" Planquadrat="N&#xD;"/>
  <Strassen StrID="10427" StrName="Bremer Straße" StrPLZ="30827" OrtID="149" Merkmal="1" Planquadrat="N&#xD;"/>
  <Strassen StrID="10428" StrName="Hissenweg" StrPLZ="30900" OrtID="25" Merkmal="1" Planquadrat="N&#xD;"/>
  <Strassen StrID="10429" StrName="Tilsiter Straße" StrPLZ="63477" OrtID="649" Merkmal="1" Planquadrat="N&#xD;"/>
  <Strassen StrID="10430" StrName="Kösliner Weg" StrPLZ="30900" OrtID="25" Merkmal="1" Planquadrat="N&#xD;"/>
  <Strassen StrID="10431" StrName="Beekeweg" StrPLZ="30900" OrtID="25" Merkmal="1" Planquadrat="N&#xD;"/>
  <Strassen StrID="10432" StrName="Plumhofer Straße" StrPLZ="30900" OrtID="25" Merkmal="1" Planquadrat="N&#xD;"/>
  <Strassen StrID="10433" StrName="Am Breiten Graben" StrPLZ="31558" OrtID="358" Merkmal="1" Planquadrat="N&#xD;"/>
  <Strassen StrID="10434" StrName="Rheinstraße" StrPLZ="41749" OrtID="650" Merkmal="1" Planquadrat="N&#xD;"/>
  <Strassen StrID="10435" StrName="Bunzlauer Weg" StrPLZ="30900" OrtID="25" Merkmal="1" Planquadrat="N&#xD;"/>
  <Strassen StrID="10436" StrName="Alter Sportplatz" StrPLZ="30900" OrtID="25" Merkmal="1" Planquadrat="N&#xD;"/>
  <Strassen StrID="10437" StrName="Watzmannstraße" StrPLZ="71067" OrtID="651" Merkmal="1" Planquadrat="N&#xD;"/>
  <Strassen StrID="10438" StrName="Hirnzigenweg" StrPLZ="99099" OrtID="652" Merkmal="1" Planquadrat="N&#xD;"/>
  <Strassen StrID="10439" StrName="Boschhof" StrPLZ="30655" OrtID="1" Merkmal="1" Planquadrat="N&#xD;"/>
  <Strassen StrID="10440" StrName="Postbox" StrPLZ="29304" OrtID="375" Merkmal="1" Planquadrat="N&#xD;"/>
  <Strassen StrID="10441" StrName="Am Radenberg" StrPLZ="57368" OrtID="653" Merkmal="1" Planquadrat="N&#xD;"/>
  <Strassen StrID="10442" StrName="Am Langen Felde" StrPLZ="30900" OrtID="25" Merkmal="1" Planquadrat="N&#xD;"/>
  <Strassen StrID="10443" StrName="Bissendorfer Straße" StrPLZ="30900" OrtID="25" Merkmal="1" Planquadrat="N&#xD;"/>
  <Strassen StrID="10444" StrName="Kalmiaweg" StrPLZ="30916" OrtID="21" Merkmal="1" Planquadrat="N&#xD;"/>
  <Strassen StrID="10445" StrName="Oberer Rainweg" StrPLZ="69118" OrtID="621" Merkmal="1" Planquadrat="N&#xD;"/>
  <Strassen StrID="10446" StrName="Feldstraße" StrPLZ="40667" OrtID="380" Merkmal="1" Planquadrat="N&#xD;"/>
  <Strassen StrID="10447" StrName="Zu den Tannen" StrPLZ="70563" OrtID="287" Merkmal="1" Planquadrat="N"/>
  <Strassen StrID="10448" StrName="Kurt-Tucholsky-Ring" StrPLZ="38239" OrtID="10" Merkmal="1" Planquadrat="N&#xD;"/>
  <Strassen StrID="10449" StrName="Bert-Brecht-Straße" StrPLZ="63165" OrtID="654" Merkmal="1" Planquadrat="N&#xD;"/>
  <Strassen StrID="10450" StrName="Okerweg" StrPLZ="30851" OrtID="27" Merkmal="1" Planquadrat="N&#xD;"/>
  <Strassen StrID="10451" StrName="Adolf Osterheld Straße" StrPLZ="31515" OrtID="319" Merkmal="1" Planquadrat="N&#xD;"/>
  <Strassen StrID="10452" StrName="Bunnenberg Straße" StrPLZ="31552" OrtID="14" Merkmal="1" Planquadrat="N&#xD;"/>
  <Strassen StrID="10453" StrName="Rue Pasteur" StrPLZ="92210" OrtID="655" Merkmal="1" Planquadrat="N"/>
  <Strassen StrID="10454" StrName="Dietrichstraße" StrPLZ="33335" OrtID="521" Merkmal="1" Planquadrat="N&#xD;"/>
  <Strassen StrID="10455" StrName="Pieperstraße" StrPLZ="31134" OrtID="9" Merkmal="1" Planquadrat="N&#xD;"/>
  <Strassen StrID="10456" StrName="Hauptstraße" StrPLZ="27432" OrtID="656" Merkmal="1" Planquadrat="N&#xD;"/>
  <Strassen StrID="10457" StrName="Bürgermeister-Ohlendorf-Weg" StrPLZ="31515" OrtID="319" Merkmal="1" Planquadrat="N&#xD;"/>
  <Strassen StrID="10458" StrName="Cloudesley" StrPLZ="N1 0ED" OrtID="1264" Merkmal="1" Planquadrat="N"/>
  <Strassen StrID="10459" StrName="Berkhofer Straße" StrPLZ="30900" OrtID="25" Merkmal="1" Planquadrat="N&#xD;"/>
  <Strassen StrID="10460" StrName="Baumannskamp" StrPLZ="24248" OrtID="658" Merkmal="1" Planquadrat="N&#xD;"/>
  <Strassen StrID="10461" StrName="Moritz-Schreber-Straße" StrPLZ="24211" OrtID="659" Merkmal="1" Planquadrat="N&#xD;"/>
  <Strassen StrID="10462" StrName="Austraße" StrPLZ="47119" OrtID="660" Merkmal="1" Planquadrat="N&#xD;"/>
  <Strassen StrID="10463" StrName="Marschstraße" StrPLZ="28832" OrtID="575" Merkmal="1" Planquadrat="N&#xD;"/>
  <Strassen StrID="10464" StrName="Lerchenweg" StrPLZ="30966" OrtID="13" Merkmal="1" Planquadrat="N&#xD;"/>
  <Strassen StrID="10465" StrName="Windhorstfeld" StrPLZ="27729" OrtID="661" Merkmal="1" Planquadrat="N&#xD;"/>
  <Strassen StrID="10466" StrName="Sachsenwaldstraße" StrPLZ="12157" OrtID="18" Merkmal="1" Planquadrat="N&#xD;"/>
  <Strassen StrID="10467" StrName="Eichenkamp" StrPLZ="30890" OrtID="25" Merkmal="1" Planquadrat="N&#xD;"/>
  <Strassen StrID="10468" StrName="Langer Acker" StrPLZ="30900" OrtID="25" Merkmal="1" Planquadrat="N&#xD;"/>
  <Strassen StrID="10469" StrName="Ringstraße" StrPLZ="81375" OrtID="225" Merkmal="1" Planquadrat="N&#xD;"/>
  <Strassen StrID="10470" StrName="Krügerweg" StrPLZ="30900" OrtID="25" Merkmal="1" Planquadrat="N&#xD;"/>
  <Strassen StrID="10471" StrName="Hubeweg" StrPLZ="37574" OrtID="133" Merkmal="1" Planquadrat="N&#xD;"/>
  <Strassen StrID="10472" StrName="Postfach" StrPLZ="31501" OrtID="319" Merkmal="1" Planquadrat="N&#xD;"/>
  <Strassen StrID="10473" StrName="Mühlenberg" StrPLZ="30982" OrtID="253" Merkmal="1" Planquadrat="N&#xD;"/>
  <Strassen StrID="10474" StrName="Leibnitzstraße" StrPLZ="10625" OrtID="18" Merkmal="1" Planquadrat="N&#xD;"/>
  <Strassen StrID="10475" StrName="Paradies" StrPLZ="29690" OrtID="527" Merkmal="1" Planquadrat="N&#xD;"/>
  <Strassen StrID="10476" StrName="Lademannbogen" StrPLZ="22339" OrtID="39" Merkmal="1" Planquadrat="N&#xD;"/>
  <Strassen StrID="10477" StrName="Wiking-Hafen" StrPLZ="24837" OrtID="399" Merkmal="1" Planquadrat="N&#xD;"/>
  <Strassen StrID="10478" StrName="Fred-Hartmann-Weg" StrPLZ="85435" OrtID="662" Merkmal="1" Planquadrat="N&#xD;"/>
  <Strassen StrID="10479" StrName="Mecklenburger Weg" StrPLZ="29693" OrtID="663" Merkmal="1" Planquadrat="N"/>
  <Strassen StrID="10480" StrName="Hohenstaufenstraße" StrPLZ="10779" OrtID="18" Merkmal="1" Planquadrat="N&#xD;"/>
  <Strassen StrID="10481" StrName="Georg-Strobel-Straße" StrPLZ="90489" OrtID="243" Merkmal="1" Planquadrat="N&#xD;"/>
  <Strassen StrID="10482" StrName="Paul-Gimmler-Straße" StrPLZ="30900" OrtID="25" Merkmal="1" Planquadrat="N&#xD;"/>
  <Strassen StrID="10483" StrName="Cecilienallee" StrPLZ="40474" OrtID="127" Merkmal="1" Planquadrat="N&#xD;"/>
  <Strassen StrID="10484" StrName="Hauptstraße" StrPLZ="38547" OrtID="114" Merkmal="1" Planquadrat="N&#xD;"/>
  <Strassen StrID="10485" StrName="Lößnitzer Weg" StrPLZ="12355" OrtID="18" Merkmal="1" Planquadrat="N&#xD;"/>
  <Strassen StrID="10486" StrName="Stiefmütterchenweg" StrPLZ="22607" OrtID="39" Merkmal="1" Planquadrat="N&#xD;"/>
  <Strassen StrID="10487" StrName="Industriestraße" StrPLZ="35041" OrtID="578" Merkmal="1" Planquadrat="N&#xD;"/>
  <Strassen StrID="10488" StrName="Wiesenweg" StrPLZ="30916" OrtID="21" Merkmal="1" Planquadrat="N&#xD;"/>
  <Strassen StrID="10489" StrName="Hauptstraße" StrPLZ="38539" OrtID="224" Merkmal="1" Planquadrat="N&#xD;"/>
  <Strassen StrID="10490" StrName="Kirchsteig" StrPLZ="38539" OrtID="224" Merkmal="1" Planquadrat="N&#xD;"/>
  <Strassen StrID="10491" StrName="Rotkamp" StrPLZ="30900" OrtID="25" Merkmal="1" Planquadrat="N&#xD;"/>
  <Strassen StrID="10492" StrName="Mittelstraße" StrPLZ="31275" OrtID="4" Merkmal="1" Planquadrat="N&#xD;"/>
  <Strassen StrID="10493" StrName="Walsroder Straße" StrPLZ="30900" OrtID="25" Merkmal="1" Planquadrat="N&#xD;"/>
  <Strassen StrID="10494" StrName="Steinbrink" StrPLZ="30855" OrtID="27" Merkmal="1" Planquadrat="N&#xD;"/>
  <Strassen StrID="10495" StrName="Petersilienstraße" StrPLZ="31553" OrtID="600" Merkmal="1" Planquadrat="N&#xD;"/>
  <Strassen StrID="10496" StrName="Petersilienstraße" StrPLZ="31553" OrtID="266" Merkmal="1" Planquadrat="N&#xD;"/>
  <Strassen StrID="10497" StrName="Postfach" StrPLZ="30502" OrtID="1" Merkmal="1" Planquadrat="N&#xD;"/>
  <Strassen StrID="10498" StrName="In den Mühlgärten" StrPLZ="63755" OrtID="664" Merkmal="1" Planquadrat="N&#xD;"/>
  <Strassen StrID="10499" StrName="Am Kreuzstein" StrPLZ="30823" OrtID="149" Merkmal="1" Planquadrat="N&#xD;"/>
  <Strassen StrID="10500" StrName="Kampstraße" StrPLZ="30880" OrtID="200" Merkmal="1" Planquadrat="N&#xD;"/>
  <Strassen StrID="10501" StrName="Griesstraße" StrPLZ="20535" OrtID="39" Merkmal="1" Planquadrat="N&#xD;"/>
  <Strassen StrID="10502" StrName="Osterstraße" StrPLZ="31249" OrtID="185" Merkmal="1" Planquadrat="N&#xD;"/>
  <Strassen StrID="10503" StrName="Blumenhof" StrPLZ="30890" OrtID="2" Merkmal="1" Planquadrat="N&#xD;"/>
  <Strassen StrID="10504" StrName="Laubacherstr." StrPLZ="35447" OrtID="665" Merkmal="1" Planquadrat="N&#xD;"/>
  <Strassen StrID="10505" StrName="Gaußstrasse" StrPLZ="31134" OrtID="9" Merkmal="1" Planquadrat="N&#xD;"/>
  <Strassen StrID="10506" StrName="Bavenstedter Strasse" StrPLZ="31135" OrtID="9" Merkmal="1" Planquadrat="N&#xD;"/>
  <Strassen StrID="10507" StrName="Gutenbergstraße" StrPLZ="94036" OrtID="666" Merkmal="1" Planquadrat="N&#xD;"/>
  <Strassen StrID="10508" StrName="Am Oberfeld" StrPLZ="47829" OrtID="198" Merkmal="1" Planquadrat="N&#xD;"/>
  <Strassen StrID="10509" StrName="Heidestraße" StrPLZ="29549" OrtID="667" Merkmal="1" Planquadrat="N&#xD;"/>
  <Strassen StrID="10510" StrName="Waldweg" StrPLZ="29313" OrtID="164" Merkmal="1" Planquadrat="N&#xD;"/>
  <Strassen StrID="10511" StrName="Lichtenrader Damm" StrPLZ="12305" OrtID="18" Merkmal="1" Planquadrat="N&#xD;"/>
  <Strassen StrID="10512" StrName="Tattenhagen" StrPLZ="30900" OrtID="25" Merkmal="1" Planquadrat="N&#xD;"/>
  <Strassen StrID="10513" StrName="Neue Straße" StrPLZ="31582" OrtID="237" Merkmal="1" Planquadrat="N&#xD;"/>
  <Strassen StrID="10514" StrName="Kaltenweider Straße" StrPLZ="30900" OrtID="25" Merkmal="1" Planquadrat="N&#xD;"/>
  <Strassen StrID="10515" StrName="Krumme Straße" StrPLZ="30800" OrtID="200" Merkmal="1" Planquadrat="N&#xD;"/>
  <Strassen StrID="10516" StrName="Am Adels" StrPLZ="40883" OrtID="353" Merkmal="1" Planquadrat="N&#xD;"/>
  <Strassen StrID="10517" StrName="Wallisellenstraße" StrPLZ="CH-8600" OrtID="668" Merkmal="1" Planquadrat="N&#xD;"/>
  <Strassen StrID="10518" StrName="Brandenburger Weg" StrPLZ="37520" OrtID="669" Merkmal="1" Planquadrat="N"/>
  <Strassen StrID="10519" StrName="Glüsingen" StrPLZ="29378" OrtID="313" Merkmal="1" Planquadrat="N&#xD;"/>
  <Strassen StrID="10520" StrName="Schachtweg" StrPLZ="32191" OrtID="76" Merkmal="1" Planquadrat="N&#xD;"/>
  <Strassen StrID="10521" StrName="Rohrdiek" StrPLZ="30966" OrtID="13" Merkmal="1" Planquadrat="N&#xD;"/>
  <Strassen StrID="10522" StrName="Köthenwaldstraße" StrPLZ="31275" OrtID="4" Merkmal="1" Planquadrat="N&#xD;"/>
  <Strassen StrID="10523" StrName="Senator-Hilmer-Straße" StrPLZ="31303" OrtID="20" Merkmal="1" Planquadrat="N&#xD;"/>
  <Strassen StrID="10524" StrName="Am Südhang" StrPLZ="33739" OrtID="101" Merkmal="1" Planquadrat="N&#xD;"/>
  <Strassen StrID="10525" StrName="Adlerhorst" StrPLZ="31515" OrtID="319" Merkmal="1" Planquadrat="N&#xD;"/>
  <Strassen StrID="10526" StrName="Langer Acker" StrPLZ="30823" OrtID="149" Merkmal="1" Planquadrat="N&#xD;"/>
  <Strassen StrID="10527" StrName="Südekumweg" StrPLZ="37120" OrtID="108" Merkmal="1" Planquadrat="N&#xD;"/>
  <Strassen StrID="10528" StrName="Birkenwaldstraße" StrPLZ="70191" OrtID="287" Merkmal="1" Planquadrat="N"/>
  <Strassen StrID="10529" StrName="Zeissring" StrPLZ="37603" OrtID="577" Merkmal="1" Planquadrat="N&#xD;"/>
  <Strassen StrID="10530" StrName="Trockener Kamp" StrPLZ="31139" OrtID="9" Merkmal="1" Planquadrat="N&#xD;"/>
  <Strassen StrID="10531" StrName="Jahnstraße" StrPLZ="60318" OrtID="41" Merkmal="1" Planquadrat="N&#xD;"/>
  <Strassen StrID="10532" StrName="Pariser Straße" StrPLZ="10719" OrtID="18" Merkmal="1" Planquadrat="N&#xD;"/>
  <Strassen StrID="10533" StrName="Auf der Eck" StrPLZ="76547" OrtID="672" Merkmal="1" Planquadrat="N&#xD;"/>
  <Strassen StrID="10534" StrName="Kappelisackerstraße" StrPLZ="3063" OrtID="673" Merkmal="1" Planquadrat="N&#xD;"/>
  <Strassen StrID="10535" StrName="Berliner Straße" StrPLZ="31848" OrtID="89" Merkmal="1" Planquadrat="N&#xD;"/>
  <Strassen StrID="10536" StrName="Hardenbergstraße" StrPLZ="31275" OrtID="4" Merkmal="1" Planquadrat="N&#xD;"/>
  <Strassen StrID="10537" StrName="Vorsteher-Rust-Straße" StrPLZ="31319" OrtID="276" Merkmal="1" Planquadrat="N&#xD;"/>
  <Strassen StrID="10538" StrName="Krümmelweg" StrPLZ="31552" OrtID="263" Merkmal="1" Planquadrat="N&#xD;"/>
  <Strassen StrID="10539" StrName="Feldend" StrPLZ="31558" OrtID="358" Merkmal="1" Planquadrat="N&#xD;"/>
  <Strassen StrID="10540" StrName="Stücklermattweg" StrPLZ="CH-4468" OrtID="674" Merkmal="1" Planquadrat="N&#xD;"/>
  <Strassen StrID="10541" StrName="Welle" StrPLZ="31180" OrtID="152" Merkmal="1" Planquadrat="N&#xD;"/>
  <Strassen StrID="10542" StrName="Eichendorffstraße" StrPLZ="31275" OrtID="4" Merkmal="1" Planquadrat="N&#xD;"/>
  <Strassen StrID="10543" StrName="Am Weilerweg" StrPLZ="64665" OrtID="675" Merkmal="1" Planquadrat="N&#xD;"/>
  <Strassen StrID="10544" StrName="Weizenkamp" StrPLZ="30826" OrtID="149" Merkmal="1" Planquadrat="N&#xD;"/>
  <Strassen StrID="10545" StrName="Am Baumberger Hof" StrPLZ="48161" OrtID="45" Merkmal="1" Planquadrat="N&#xD;"/>
  <Strassen StrID="10546" StrName="Aueweg" StrPLZ="30900" OrtID="25" Merkmal="1" Planquadrat="N&#xD;"/>
  <Strassen StrID="10547" StrName="Mühlenstraße" StrPLZ="30966" OrtID="13" Merkmal="1" Planquadrat="N&#xD;"/>
  <Strassen StrID="10548" StrName="Fasanenweg" StrPLZ="85375" OrtID="676" Merkmal="1" Planquadrat="N&#xD;"/>
  <Strassen StrID="10549" StrName="An der Sandgrube" StrPLZ="31515" OrtID="319" Merkmal="1" Planquadrat="N&#xD;"/>
  <Strassen StrID="10550" StrName="Westerhop" StrPLZ="29361" OrtID="677" Merkmal="1" Planquadrat="N&#xD;"/>
  <Strassen StrID="10551" StrName="An den Römerhügeln" StrPLZ="82031" OrtID="678" Merkmal="1" Planquadrat="N&#xD;"/>
  <Strassen StrID="10552" StrName="Kardinal-von-Galen-Ring" StrPLZ="30823" OrtID="149" Merkmal="1" Planquadrat="N&#xD;"/>
  <Strassen StrID="10553" StrName="Apollostraße" StrPLZ="30952" OrtID="3" Merkmal="1" Planquadrat="N&#xD;"/>
  <Strassen StrID="10554" StrName="Peiner Straße" StrPLZ="31228" OrtID="7" Merkmal="1" Planquadrat="N&#xD;"/>
  <Strassen StrID="10555" StrName="Am Dorfe" StrPLZ="31303" OrtID="20" Merkmal="1" Planquadrat="N&#xD;"/>
  <Strassen StrID="10556" StrName="Erlengrund" StrPLZ="31275" OrtID="4" Merkmal="1" Planquadrat="N&#xD;"/>
  <Strassen StrID="10557" StrName="Am Bocksberg" StrPLZ="31157" OrtID="268" Merkmal="1" Planquadrat="N&#xD;"/>
  <Strassen StrID="10558" StrName="Ottostraße" StrPLZ="31137" OrtID="9" Merkmal="1" Planquadrat="N&#xD;"/>
  <Strassen StrID="10559" StrName="Hempberg" StrPLZ="27356" OrtID="265" Merkmal="1" Planquadrat="N&#xD;"/>
  <Strassen StrID="10560" StrName="Wichmarstraße" StrPLZ="30890" OrtID="2" Merkmal="1" Planquadrat="N&#xD;"/>
  <Strassen StrID="10561" StrName="Bahnhofstraße" StrPLZ="31542" OrtID="91" Merkmal="1" Planquadrat="N&#xD;"/>
  <Strassen StrID="10562" StrName="Zum Feld" StrPLZ="19217" OrtID="679" Merkmal="1" Planquadrat="N&#xD;"/>
  <Strassen StrID="10563" StrName="Iltisweg" StrPLZ="31515" OrtID="319" Merkmal="1" Planquadrat="N&#xD;"/>
  <Strassen StrID="10564" StrName="Dr.-Kilian-Straße" StrPLZ="92637" OrtID="680" Merkmal="1" Planquadrat="N&#xD;"/>
  <Strassen StrID="10565" StrName="Beekestraße" StrPLZ="30890" OrtID="2" Merkmal="1" Planquadrat="N&#xD;"/>
  <Strassen StrID="10566" StrName="Lönswinkel" StrPLZ="30900" OrtID="25" Merkmal="1" Planquadrat="N&#xD;"/>
  <Strassen StrID="10567" StrName="Geschwister-Scholl-Straße" StrPLZ="30823" OrtID="149" Merkmal="1" Planquadrat="N&#xD;"/>
  <Strassen StrID="10568" StrName="Hasendamm" StrPLZ="31275" OrtID="4" Merkmal="1" Planquadrat="N&#xD;"/>
  <Strassen StrID="10569" StrName="Kreisstraße" StrPLZ="31655" OrtID="32" Merkmal="1" Planquadrat="N&#xD;"/>
  <Strassen StrID="10570" StrName="Kielortallee" StrPLZ="20144" OrtID="39" Merkmal="1" Planquadrat="N&#xD;"/>
  <Strassen StrID="10571" StrName="Riepener Straße" StrPLZ="31542" OrtID="681" Merkmal="1" Planquadrat="N&#xD;"/>
  <Strassen StrID="10572" StrName="Bertha-von-Suttner-Ring" StrPLZ="25436" OrtID="529" Merkmal="1" Planquadrat="N&#xD;"/>
  <Strassen StrID="10573" StrName="Im Brande" StrPLZ="30926" OrtID="6" Merkmal="1" Planquadrat="N&#xD;"/>
  <Strassen StrID="10574" StrName="Gergarten" StrPLZ="30952" OrtID="3" Merkmal="1" Planquadrat="N&#xD;"/>
  <Strassen StrID="10575" StrName="Graf-Berghe-von-Trips-Ring" StrPLZ="50169" OrtID="193" Merkmal="1" Planquadrat="N&#xD;"/>
  <Strassen StrID="10576" StrName="Hegerskamp" StrPLZ="48155" OrtID="45" Merkmal="1" Planquadrat="N&#xD;"/>
  <Strassen StrID="10577" StrName="Buchenweg" StrPLZ="31303" OrtID="20" Merkmal="1" Planquadrat="N&#xD;"/>
  <Strassen StrID="10578" StrName="Auf der Loh" StrPLZ="30900" OrtID="25" Merkmal="1" Planquadrat="N&#xD;"/>
  <Strassen StrID="10579" StrName="An der Sandkuhle" StrPLZ="27239" OrtID="682" Merkmal="1" Planquadrat="N&#xD;"/>
  <Strassen StrID="10580" StrName="Erich-Kästner-Straße" StrPLZ="30952" OrtID="3" Merkmal="1" Planquadrat="N&#xD;"/>
  <Strassen StrID="10581" StrName="Leinefeldstraße" StrPLZ="30900" OrtID="25" Merkmal="1" Planquadrat="N&#xD;"/>
  <Strassen StrID="10582" StrName="Lauernauer Straße" StrPLZ="31848" OrtID="89" Merkmal="1" Planquadrat="N&#xD;"/>
  <Strassen StrID="10583" StrName="Eduard-Claudius-Straße" StrPLZ="14478" OrtID="683" Merkmal="1" Planquadrat="N"/>
  <Strassen StrID="10584" StrName="Erlenbruch" StrPLZ="38110" OrtID="8" Merkmal="1" Planquadrat="N&#xD;"/>
  <Strassen StrID="10585" StrName="Mühlenkampstraße" StrPLZ="31515" OrtID="319" Merkmal="1" Planquadrat="N&#xD;"/>
  <Strassen StrID="10586" StrName="4, Allee Pissarro" StrPLZ="F 78290" OrtID="1248" Merkmal="1" Planquadrat="N"/>
  <Strassen StrID="10587" StrName="Hauptstraße" StrPLZ="30974" OrtID="307" Merkmal="1" Planquadrat="N&#xD;"/>
  <Strassen StrID="10588" StrName="Holbeinstraße" StrPLZ="30916" OrtID="21" Merkmal="1" Planquadrat="N&#xD;"/>
  <Strassen StrID="10589" StrName="An der Bleiche" StrPLZ="31832" OrtID="278" Merkmal="1" Planquadrat="N&#xD;"/>
  <Strassen StrID="10590" StrName="Schaperweg" StrPLZ="30966" OrtID="13" Merkmal="1" Planquadrat="N&#xD;"/>
  <Strassen StrID="10591" StrName="Mühlenweg" StrPLZ="30916" OrtID="21" Merkmal="1" Planquadrat="N&#xD;"/>
  <Strassen StrID="10592" StrName="Louis-Mendelssohn-Straße" StrPLZ="49808" OrtID="212" Merkmal="1" Planquadrat="N&#xD;"/>
  <Strassen StrID="10593" StrName="Heilwigstraße" StrPLZ="20249" OrtID="39" Merkmal="1" Planquadrat="N&#xD;"/>
  <Strassen StrID="10595" StrName="Helene-Christaller-Weg" StrPLZ="64342" OrtID="685" Merkmal="1" Planquadrat="N&#xD;"/>
  <Strassen StrID="10596" StrName="Hagenstraße" StrPLZ="30916" OrtID="21" Merkmal="1" Planquadrat="N&#xD;"/>
  <Strassen StrID="10597" StrName="Kötherkamp" StrPLZ="31228" OrtID="7" Merkmal="1" Planquadrat="N&#xD;"/>
  <Strassen StrID="10598" StrName="Willeburgstraße" StrPLZ="67127" OrtID="686" Merkmal="1" Planquadrat="N&#xD;"/>
  <Strassen StrID="10599" StrName="Kampstraße" StrPLZ="30974" OrtID="307" Merkmal="1" Planquadrat="N&#xD;"/>
  <Strassen StrID="10600" StrName="Magnusstraße" StrPLZ="30827" OrtID="149" Merkmal="1" Planquadrat="N&#xD;"/>
  <Strassen StrID="10601" StrName="Teichgarten" StrPLZ="30900" OrtID="25" Merkmal="1" Planquadrat="N&#xD;"/>
  <Strassen StrID="10602" StrName="Nils-Holgersson-Ring" StrPLZ="30823" OrtID="149" Merkmal="1" Planquadrat="N&#xD;"/>
  <Strassen StrID="10603" StrName="Herouville-St.-Clair-Platz" StrPLZ="30823" OrtID="149" Merkmal="1" Planquadrat="N&#xD;"/>
  <Strassen StrID="10604" StrName="Dietrich-Bonhoeffer-Straße" StrPLZ="30823" OrtID="149" Merkmal="1" Planquadrat="N&#xD;"/>
  <Strassen StrID="10605" StrName="Loccumer Straße" StrPLZ="31655" OrtID="32" Merkmal="1" Planquadrat="N&#xD;"/>
  <Strassen StrID="10606" StrName="Ostlandweg" StrPLZ="30880" OrtID="200" Merkmal="1" Planquadrat="N&#xD;"/>
  <Strassen StrID="10607" StrName="Lageoogstraße" StrPLZ="31303" OrtID="20" Merkmal="1" Planquadrat="N&#xD;"/>
  <Strassen StrID="10608" StrName="Bennebostel" StrPLZ="29227" OrtID="115" Merkmal="1" Planquadrat="N&#xD;"/>
  <Strassen StrID="10609" StrName="Rotkäppchenweg" StrPLZ="30823" OrtID="149" Merkmal="1" Planquadrat="N&#xD;"/>
  <Strassen StrID="10610" StrName="Dornröschenweg" StrPLZ="30823" OrtID="149" Merkmal="1" Planquadrat="N&#xD;"/>
  <Strassen StrID="10611" StrName="Himmelsthürer Straße" StrPLZ="31137" OrtID="9" Merkmal="1" Planquadrat="N&#xD;"/>
  <Strassen StrID="10612" StrName="Postfach" StrPLZ="31286" OrtID="20" Merkmal="1" Planquadrat="N&#xD;"/>
  <Strassen StrID="10613" StrName="Pagenburgweg" StrPLZ="30989" OrtID="5" Merkmal="1" Planquadrat="N&#xD;"/>
  <Strassen StrID="10614" StrName="Klusmoor" StrPLZ="30855" OrtID="27" Merkmal="1" Planquadrat="N&#xD;"/>
  <Strassen StrID="10615" StrName="Stadtstieg" StrPLZ="37083" OrtID="158" Merkmal="1" Planquadrat="N&#xD;"/>
  <Strassen StrID="10616" StrName="Schloßberg" StrPLZ="63739" OrtID="687" Merkmal="1" Planquadrat="N&#xD;"/>
  <Strassen StrID="10617" StrName="Ostenmeer" StrPLZ="31515" OrtID="319" Merkmal="1" Planquadrat="N&#xD;"/>
  <Strassen StrID="10618" StrName="Lessingstraße" StrPLZ="30916" OrtID="21" Merkmal="1" Planquadrat="N&#xD;"/>
  <Strassen StrID="10619" StrName="33, boulevard Alexandre Oyon" StrPLZ="F-72003" OrtID="688" Merkmal="1" Planquadrat="N"/>
  <Strassen StrID="10621" StrName="Hasselriede" StrPLZ="30900" OrtID="25" Merkmal="1" Planquadrat="N&#xD;"/>
  <Strassen StrID="10622" StrName="Stadionring" StrPLZ="40878" OrtID="353" Merkmal="1" Planquadrat="N&#xD;"/>
  <Strassen StrID="10623" StrName="Hummelbergstraße" StrPLZ="71679" OrtID="689" Merkmal="1" Planquadrat="N&#xD;"/>
  <Strassen StrID="10624" StrName="Im Nölkenwinkel" StrPLZ="31515" OrtID="319" Merkmal="1" Planquadrat="N&#xD;"/>
  <Strassen StrID="10625" StrName="Fledermausweg" StrPLZ="30823" OrtID="149" Merkmal="1" Planquadrat="N&#xD;"/>
  <Strassen StrID="10626" StrName="Ihringshäuser Straße" StrPLZ="34125" OrtID="11" Merkmal="1" Planquadrat="N&#xD;"/>
  <Strassen StrID="10627" StrName="Unter dem Dorfe" StrPLZ="30974" OrtID="307" Merkmal="1" Planquadrat="N&#xD;"/>
  <Strassen StrID="10628" StrName="Orningstraße" StrPLZ="31629" OrtID="690" Merkmal="1" Planquadrat="N&#xD;"/>
  <Strassen StrID="10629" StrName="Talweg" StrPLZ="21244" OrtID="111" Merkmal="1" Planquadrat="N&#xD;"/>
  <Strassen StrID="10630" StrName="Am Wehrgraben" StrPLZ="30926" OrtID="6" Merkmal="1" Planquadrat="N&#xD;"/>
  <Strassen StrID="10631" StrName="Südstraße" StrPLZ="31157" OrtID="268" Merkmal="1" Planquadrat="N&#xD;"/>
  <Strassen StrID="10632" StrName="Wöhlerhof" StrPLZ="30900" OrtID="25" Merkmal="1" Planquadrat="N&#xD;"/>
  <Strassen StrID="10633" StrName="Alter Postweg" StrPLZ="28207" OrtID="109" Merkmal="1" Planquadrat="N&#xD;"/>
  <Strassen StrID="10634" StrName="Neuer Landweg" StrPLZ="30827" OrtID="149" Merkmal="1" Planquadrat="N&#xD;"/>
  <Strassen StrID="10635" StrName="Wolfsschlucht" StrPLZ="34117" OrtID="11" Merkmal="1" Planquadrat="N&#xD;"/>
  <Strassen StrID="10636" StrName="Bahnhofstraße" StrPLZ="30974" OrtID="307" Merkmal="1" Planquadrat="N&#xD;"/>
  <Strassen StrID="10637" StrName="Voßkamp" StrPLZ="30900" OrtID="25" Merkmal="1" Planquadrat="N&#xD;"/>
  <Strassen StrID="10638" StrName="Eichenweg" StrPLZ="30916" OrtID="21" Merkmal="1" Planquadrat="N&#xD;"/>
  <Strassen StrID="10639" StrName="Voss Straße" StrPLZ="31157" OrtID="268" Merkmal="1" Planquadrat="N&#xD;"/>
  <Strassen StrID="10640" StrName="Lange Straße" StrPLZ="31832" OrtID="278" Merkmal="1" Planquadrat="N&#xD;"/>
  <Strassen StrID="10641" StrName="Eicklinger Straße" StrPLZ="29339" OrtID="593" Merkmal="1" Planquadrat="N&#xD;"/>
  <Strassen StrID="10642" StrName="Zuckerstraße" StrPLZ="30880" OrtID="200" Merkmal="1" Planquadrat="N&#xD;"/>
  <Strassen StrID="10643" StrName="Erlkönigweg" StrPLZ="30823" OrtID="149" Merkmal="1" Planquadrat="N&#xD;"/>
  <Strassen StrID="10644" StrName="Daimlerstraße" StrPLZ="31275" OrtID="204" Merkmal="1" Planquadrat="N&#xD;"/>
  <Strassen StrID="10645" StrName="Lohausener Straße" StrPLZ="30853" OrtID="27" Merkmal="1" Planquadrat="N&#xD;"/>
  <Strassen StrID="10646" StrName="Schlingmannsweg" StrPLZ="45149" OrtID="42" Merkmal="1" Planquadrat="N&#xD;"/>
  <Strassen StrID="10647" StrName="Drei-Rosen-Straße" StrPLZ="52066" OrtID="72" Merkmal="1" Planquadrat="N&#xD;"/>
  <Strassen StrID="10648" StrName="Spitzbergenweg" StrPLZ="22145" OrtID="39" Merkmal="1" Planquadrat="N&#xD;"/>
  <Strassen StrID="10649" StrName="Mittelstraße" StrPLZ="30900" OrtID="25" Merkmal="1" Planquadrat="N&#xD;"/>
  <Strassen StrID="10650" StrName="Zum Steinkopf" StrPLZ="61250" OrtID="691" Merkmal="1" Planquadrat="N&#xD;"/>
  <Strassen StrID="10651" StrName="Postfach" StrPLZ="30542" OrtID="1" Merkmal="1" Planquadrat="N&#xD;"/>
  <Strassen StrID="10652" StrName="Georg-Bonne-Straße" StrPLZ="22609" OrtID="39" Merkmal="1" Planquadrat="N&#xD;"/>
  <Strassen StrID="10653" StrName="Untere Steinbreite" StrPLZ="30455" OrtID="1" Merkmal="1" Planquadrat="N&#xD;"/>
  <Strassen StrID="10654" StrName="Riedweg" StrPLZ="72124" OrtID="692" Merkmal="1" Planquadrat="N&#xD;"/>
  <Strassen StrID="10655" StrName="Breite Straße" StrPLZ="31224" OrtID="7" Merkmal="1" Planquadrat="N&#xD;"/>
  <Strassen StrID="10656" StrName="Albert-Schweitzer-Strasse" StrPLZ="35440" OrtID="693" Merkmal="1" Planquadrat="N&#xD;"/>
  <Strassen StrID="10657" StrName="Schulstraße" StrPLZ="31675" OrtID="112" Merkmal="1" Planquadrat="N&#xD;"/>
  <Strassen StrID="10658" StrName="Weidekamp" StrPLZ="31275" OrtID="4" Merkmal="1" Planquadrat="N&#xD;"/>
  <Strassen StrID="10659" StrName="Auf dem Amtshof" StrPLZ="30938" OrtID="40" Merkmal="1" Planquadrat="N&#xD;"/>
  <Strassen StrID="10660" StrName="Vor dem Osterholze" StrPLZ="31275" OrtID="4" Merkmal="1" Planquadrat="N&#xD;"/>
  <Strassen StrID="10661" StrName="Brinkwiesen" StrPLZ="30826" OrtID="149" Merkmal="1" Planquadrat="N&#xD;"/>
  <Strassen StrID="10662" StrName="Ebertstraße" StrPLZ="30926" OrtID="6" Merkmal="1" Planquadrat="N&#xD;"/>
  <Strassen StrID="10663" StrName="Baunsbergstraße" StrPLZ="34131" OrtID="694" Merkmal="1" Planquadrat="N&#xD;"/>
  <Strassen StrID="10664" StrName="Baunsbergstraße" StrPLZ="34131" OrtID="11" Merkmal="1" Planquadrat="N"/>
  <Strassen StrID="10665" StrName="Rungiusstraße" StrPLZ="12347" OrtID="18" Merkmal="1" Planquadrat="N&#xD;"/>
  <Strassen StrID="10666" StrName="Schulstraße" StrPLZ="30823" OrtID="149" Merkmal="1" Planquadrat="N&#xD;"/>
  <Strassen StrID="10667" StrName="Zum Hellbruch" StrPLZ="30900" OrtID="25" Merkmal="1" Planquadrat="N&#xD;"/>
  <Strassen StrID="10668" StrName="Birkenstraße" StrPLZ="29331" OrtID="491" Merkmal="1" Planquadrat="N&#xD;"/>
  <Strassen StrID="10669" StrName="Zur Mühle" StrPLZ="30916" OrtID="21" Merkmal="1" Planquadrat="N&#xD;"/>
  <Strassen StrID="10670" StrName="Brachvogelweg" StrPLZ="27356" OrtID="265" Merkmal="1" Planquadrat="N&#xD;"/>
  <Strassen StrID="10671" StrName="Avenue d&apos; Orbaix" StrPLZ="B-1180" OrtID="1135" Merkmal="1" Planquadrat="N"/>
  <Strassen StrID="10672" StrName="Marie-Curie-Straße" StrPLZ="30966" OrtID="13" Merkmal="1" Planquadrat="N&#xD;"/>
  <Strassen StrID="10673" StrName="Behnsenhof" StrPLZ="30890" OrtID="2" Merkmal="1" Planquadrat="N&#xD;"/>
  <Strassen StrID="10674" StrName="Burgherrenstraße" StrPLZ="67661" OrtID="696" Merkmal="1" Planquadrat="N&#xD;"/>
  <Strassen StrID="10675" StrName="Bertramshof" StrPLZ="30938" OrtID="40" Merkmal="1" Planquadrat="N&#xD;"/>
  <Strassen StrID="10676" StrName="Hainhaus" StrPLZ="30855" OrtID="27" Merkmal="1" Planquadrat="N&#xD;"/>
  <Strassen StrID="10677" StrName="Gustav-Kohne-Straße" StrPLZ="30900" OrtID="25" Merkmal="1" Planquadrat="N&#xD;"/>
  <Strassen StrID="10678" StrName="Lange Loh" StrPLZ="30900" OrtID="25" Merkmal="1" Planquadrat="N&#xD;"/>
  <Strassen StrID="10679" StrName="Dieselstraße" StrPLZ="30916" OrtID="21" Merkmal="1" Planquadrat="N&#xD;"/>
  <Strassen StrID="10680" StrName="Frohenort" StrPLZ="44267" OrtID="125" Merkmal="1" Planquadrat="N&#xD;"/>
  <Strassen StrID="10681" StrName="Auf dem Röhn" StrPLZ="32108" OrtID="698" Merkmal="1" Planquadrat="N&#xD;"/>
  <Strassen StrID="10682" StrName="Uhlandstraße" StrPLZ="30851" OrtID="27" Merkmal="1" Planquadrat="N&#xD;"/>
  <Strassen StrID="10683" StrName="Auf der Schwell" StrPLZ="64625" OrtID="699" Merkmal="1" Planquadrat="N&#xD;"/>
  <Strassen StrID="10684" StrName="Stuttgarter Straße" StrPLZ="76344" OrtID="701" Merkmal="1" Planquadrat="N&#xD;"/>
  <Strassen StrID="10685" StrName="Am Schützenplatz" StrPLZ="30938" OrtID="40" Merkmal="1" Planquadrat="N&#xD;"/>
  <Strassen StrID="10686" StrName="Orffstraße" StrPLZ="30989" OrtID="5" Merkmal="1" Planquadrat="N&#xD;"/>
  <Strassen StrID="10687" StrName="Claudiusweg" StrPLZ="31275" OrtID="4" Merkmal="1" Planquadrat="N&#xD;"/>
  <Strassen StrID="10688" StrName="Im Busche" StrPLZ="30926" OrtID="6" Merkmal="1" Planquadrat="N&#xD;"/>
  <Strassen StrID="10689" StrName="Haneburger Straße" StrPLZ="26632" OrtID="702" Merkmal="1" Planquadrat="N&#xD;"/>
  <Strassen StrID="10690" StrName="Hermann-Osterloh-Straße" StrPLZ="28307" OrtID="109" Merkmal="1" Planquadrat="N&#xD;"/>
  <Strassen StrID="10691" StrName="Akazienstraße" StrPLZ="31515" OrtID="319" Merkmal="1" Planquadrat="N&#xD;"/>
  <Strassen StrID="10692" StrName="Norderneystraße" StrPLZ="31303" OrtID="20" Merkmal="1" Planquadrat="N&#xD;"/>
  <Strassen StrID="10693" StrName="Siekfeldstraße" StrPLZ="31275" OrtID="4" Merkmal="1" Planquadrat="N&#xD;"/>
  <Strassen StrID="10694" StrName="Pommernstraße" StrPLZ="31275" OrtID="204" Merkmal="1" Planquadrat="N&#xD;"/>
  <Strassen StrID="10695" StrName="Berliner Straße" StrPLZ="30900" OrtID="25" Merkmal="1" Planquadrat="N&#xD;"/>
  <Strassen StrID="10696" StrName="Avenue De Myrtilles" StrPLZ="B-1950" OrtID="703" Merkmal="1" Planquadrat="N&#xD;"/>
  <Strassen StrID="10697" StrName="Nobleestraße" StrPLZ="21075" OrtID="39" Merkmal="1" Planquadrat="N&#xD;"/>
  <Strassen StrID="10698" StrName="Methfesselstraße" StrPLZ="37581" OrtID="83" Merkmal="1" Planquadrat="N&#xD;"/>
  <Strassen StrID="10699" StrName="Eichenweg" StrPLZ="30926" OrtID="6" Merkmal="1" Planquadrat="N&#xD;"/>
  <Strassen StrID="10700" StrName="Storchenweg" StrPLZ="30916" OrtID="21" Merkmal="1" Planquadrat="N&#xD;"/>
  <Strassen StrID="10701" StrName="Ehlershausener Weg" StrPLZ="29352" OrtID="497" Merkmal="1" Planquadrat="N&#xD;"/>
  <Strassen StrID="10702" StrName="Erich-Kästner-Straße" StrPLZ="40699" OrtID="705" Merkmal="1" Planquadrat="N&#xD;"/>
  <Strassen StrID="10703" StrName="Meisenweg" StrPLZ="30826" OrtID="149" Merkmal="1" Planquadrat="N&#xD;"/>
  <Strassen StrID="10704" StrName="An der Beeke" StrPLZ="30916" OrtID="21" Merkmal="1" Planquadrat="N&#xD;"/>
  <Strassen StrID="10705" StrName="Franz-Hartmann-Weg" StrPLZ="31135" OrtID="9" Merkmal="1" Planquadrat="N&#xD;"/>
  <Strassen StrID="10706" StrName="Vogelbeckerstraße" StrPLZ="37574" OrtID="133" Merkmal="1" Planquadrat="N&#xD;"/>
  <Strassen StrID="10707" StrName="Nöpps" StrPLZ="22043" OrtID="39" Merkmal="1" Planquadrat="N&#xD;"/>
  <Strassen StrID="10708" StrName="Dresdener Weg" StrPLZ="31535" OrtID="22" Merkmal="1" Planquadrat="N&#xD;"/>
  <Strassen StrID="10709" StrName="Auf dem Damme" StrPLZ="37191" OrtID="706" Merkmal="1" Planquadrat="N&#xD;"/>
  <Strassen StrID="10711" StrName="Stahlstraße" StrPLZ="30916" OrtID="21" Merkmal="1" Planquadrat="N&#xD;"/>
  <Strassen StrID="10712" StrName="Pattensteiner Weg" StrPLZ="14089" OrtID="18" Merkmal="1" Planquadrat="N&#xD;"/>
  <Strassen StrID="10713" StrName="In der Stratwanne" StrPLZ="31141" OrtID="9" Merkmal="1" Planquadrat="N&#xD;"/>
  <Strassen StrID="10714" StrName="Thaddäusstraße" StrPLZ="33415" OrtID="708" Merkmal="1" Planquadrat="N&#xD;"/>
  <Strassen StrID="10715" StrName="Zeilring" StrPLZ="65817" OrtID="709" Merkmal="1" Planquadrat="N&#xD;"/>
  <Strassen StrID="10716" StrName="Voigtwiese" StrPLZ="30851" OrtID="27" Merkmal="1" Planquadrat="N&#xD;"/>
  <Strassen StrID="10717" StrName="Untere Twiete" StrPLZ="29556" OrtID="710" Merkmal="1" Planquadrat="N&#xD;"/>
  <Strassen StrID="10718" StrName="Maspe" StrPLZ="30855" OrtID="27" Merkmal="1" Planquadrat="N&#xD;"/>
  <Strassen StrID="10719" StrName="Thüringer Straße" StrPLZ="30926" OrtID="6" Merkmal="1" Planquadrat="N&#xD;"/>
  <Strassen StrID="10720" StrName="Westcellertorstraße" StrPLZ="29221" OrtID="115" Merkmal="1" Planquadrat="N&#xD;"/>
  <Strassen StrID="10721" StrName="Buchengarten" StrPLZ="30851" OrtID="27" Merkmal="1" Planquadrat="N&#xD;"/>
  <Strassen StrID="10722" StrName="Alter Reithof" StrPLZ="30916" OrtID="21" Merkmal="1" Planquadrat="N&#xD;"/>
  <Strassen StrID="10723" StrName="Dorfstraße" StrPLZ="30827" OrtID="149" Merkmal="1" Planquadrat="N&#xD;"/>
  <Strassen StrID="10724" StrName="Via delle Copelle" StrPLZ="CH-6612" OrtID="711" Merkmal="1" Planquadrat="N&#xD;"/>
  <Strassen StrID="10725" StrName="Franz-Steineke-Weg" StrPLZ="30916" OrtID="21" Merkmal="1" Planquadrat="N&#xD;"/>
  <Strassen StrID="10726" StrName="Schlesische Straße" StrPLZ="31319" OrtID="276" Merkmal="1" Planquadrat="N&#xD;"/>
  <Strassen StrID="10727" StrName="Selma-Lagerlöf-Weg" StrPLZ="30966" OrtID="13" Merkmal="1" Planquadrat="N&#xD;"/>
  <Strassen StrID="10728" StrName="Hans-Holbein-Straße" StrPLZ="30827" OrtID="149" Merkmal="1" Planquadrat="N&#xD;"/>
  <Strassen StrID="10729" StrName="Albert-Lortzing-Straße" StrPLZ="65779" OrtID="712" Merkmal="1" Planquadrat="N&#xD;"/>
  <Strassen StrID="10730" StrName="Zum Ostertor" StrPLZ="30974" OrtID="307" Merkmal="1" Planquadrat="N&#xD;"/>
  <Strassen StrID="10731" StrName="Brehmstraße" StrPLZ="73033" OrtID="156" Merkmal="1" Planquadrat="N&#xD;"/>
  <Strassen StrID="10732" StrName="4 Rue des Boucherf" StrPLZ="67610" OrtID="713" Merkmal="1" Planquadrat="N"/>
  <Strassen StrID="10733" StrName="Landesstraße" StrPLZ="31171" OrtID="241" Merkmal="1" Planquadrat="N&#xD;"/>
  <Strassen StrID="10734" StrName="Schwaigerner Straße" StrPLZ="74080" OrtID="714" Merkmal="1" Planquadrat="N&#xD;"/>
  <Strassen StrID="10735" StrName="Mühlenhagen" StrPLZ="30938" OrtID="40" Merkmal="1" Planquadrat="N&#xD;"/>
  <Strassen StrID="10736" StrName="Zuckerallee" StrPLZ="38527" OrtID="217" Merkmal="1" Planquadrat="N&#xD;"/>
  <Strassen StrID="10737" StrName="Tormalinstraße" StrPLZ="30823" OrtID="149" Merkmal="1" Planquadrat="N&#xD;"/>
  <Strassen StrID="10738" StrName="Deisterstraße" StrPLZ="31867" OrtID="24" Merkmal="1" Planquadrat="N"/>
  <Strassen StrID="10739" StrName="Gudewillstraße" StrPLZ="31061" OrtID="74" Merkmal="1" Planquadrat="N&#xD;"/>
  <Strassen StrID="10740" StrName="Schillerstraße" StrPLZ="30827" OrtID="149" Merkmal="1" Planquadrat="N&#xD;"/>
  <Strassen StrID="10741" StrName="Triftstraße" StrPLZ="31249" OrtID="185" Merkmal="1" Planquadrat="N&#xD;"/>
  <Strassen StrID="10742" StrName="Braunlager Straße" StrPLZ="37444" OrtID="715" Merkmal="1" Planquadrat="N&#xD;"/>
  <Strassen StrID="10743" StrName="Im Fuhrenkamp" StrPLZ="30823" OrtID="149" Merkmal="1" Planquadrat="N&#xD;"/>
  <Strassen StrID="10744" StrName="Am Försterberg" StrPLZ="31303" OrtID="20" Merkmal="1" Planquadrat="N&#xD;"/>
  <Strassen StrID="10745" StrName="Am Wöhlbach" StrPLZ="31832" OrtID="278" Merkmal="1" Planquadrat="N&#xD;"/>
  <Strassen StrID="10746" StrName="Am Golfplatz" StrPLZ="31234" OrtID="128" Merkmal="1" Planquadrat="N&#xD;"/>
  <Strassen StrID="10747" StrName="Theodor-Haubach-Weg" StrPLZ="61267" OrtID="227" Merkmal="1" Planquadrat="N&#xD;"/>
  <Strassen StrID="10748" StrName="Blasiusstraße" StrPLZ="38114" OrtID="8" Merkmal="1" Planquadrat="N&#xD;"/>
  <Strassen StrID="10749" StrName="Mühlenstraße" StrPLZ="37124" OrtID="716" Merkmal="1" Planquadrat="N&#xD;"/>
  <Strassen StrID="10750" StrName="Sanddornweg" StrPLZ="70599" OrtID="287" Merkmal="1" Planquadrat="N"/>
  <Strassen StrID="10751" StrName="Farster Straße" StrPLZ="30916" OrtID="21" Merkmal="1" Planquadrat="N&#xD;"/>
  <Strassen StrID="10752" StrName="Wallstraße" StrPLZ="31535" OrtID="22" Merkmal="1" Planquadrat="N&#xD;"/>
  <Strassen StrID="10753" StrName="Im Dahl" StrPLZ="58579" OrtID="717" Merkmal="1" Planquadrat="N&#xD;"/>
  <Strassen StrID="10754" StrName="Kellenheide" StrPLZ="30855" OrtID="27" Merkmal="0" Planquadrat="Kell"/>
  <Strassen StrID="10756" StrName="Ainmillerstrasse" StrPLZ="80801" OrtID="225" Merkmal="1" Planquadrat="N&#xD;"/>
  <Strassen StrID="10757" StrName="Ainmillerst4rasse" OrtID="225" Merkmal="1" Planquadrat="N&#xD;"/>
  <Strassen StrID="10758" StrName="Schürgrund" StrPLZ="31832" OrtID="278" Merkmal="1" Planquadrat="N&#xD;"/>
  <Strassen StrID="10759" StrName="Duvenstedter Triftweg" StrPLZ="22397" OrtID="39" Merkmal="1" Planquadrat="N&#xD;"/>
  <Strassen StrID="10760" StrName="Berliner Ring" StrPLZ="31303" OrtID="20" Merkmal="1" Planquadrat="N&#xD;"/>
  <Strassen StrID="10761" StrName="Münchenerstrasse" StrPLZ="30855" OrtID="27" Merkmal="1" Planquadrat="N&#xD;"/>
  <Strassen StrID="10762" StrName="Stuhrbaum" StrPLZ="28816" OrtID="286" Merkmal="1" Planquadrat="N&#xD;"/>
  <Strassen StrID="10763" StrName="Pettenhofer Strasse" StrPLZ="30880" OrtID="200" Merkmal="1" Planquadrat="N&#xD;"/>
  <Strassen StrID="10764" StrName="Plebanusstrasse" StrPLZ="50259" OrtID="256" Merkmal="1" Planquadrat="N&#xD;"/>
  <Strassen StrID="10765" StrName="Königsbrügge" StrPLZ="33604" OrtID="101" Merkmal="1" Planquadrat="N&#xD;"/>
  <Strassen StrID="10766" StrName="Birkenweg" StrPLZ="38471" OrtID="720" Merkmal="1" Planquadrat="N&#xD;"/>
  <Strassen StrID="10767" StrName="Beatenbergstraße" StrPLZ="31303" OrtID="20" Merkmal="1" Planquadrat="N&#xD;"/>
  <Strassen StrID="10768" StrName="Theaterstraße" StrPLZ="29352" OrtID="497" Merkmal="1" Planquadrat="N&#xD;"/>
  <Strassen StrID="10769" StrName="Plantagenweg" StrPLZ="31303" OrtID="20" Merkmal="1" Planquadrat="N&#xD;"/>
  <Strassen StrID="10770" StrName="Am Kälberberg" StrPLZ="31319" OrtID="276" Merkmal="1" Planquadrat="N&#xD;"/>
  <Strassen StrID="10771" StrName="Seumestraße" StrPLZ="39104" OrtID="216" Merkmal="0" Planquadrat="N&#xD;"/>
  <Strassen StrID="10772" StrName="Barbarastraße" StrPLZ="06110" OrtID="721" Merkmal="0" Planquadrat="N&#xD;"/>
  <Strassen StrID="10773" StrName="Einsteinstraße" StrPLZ="31787" OrtID="19" Merkmal="0" Planquadrat="N&#xD;"/>
  <Strassen StrID="10774" StrName="Bäumlerstraße" StrPLZ="82178" OrtID="722" Merkmal="0" Planquadrat="N&#xD;"/>
  <Strassen StrID="10775" StrName="Wilhelm-Klees-Straße" StrPLZ="39108" OrtID="216" Merkmal="0" Planquadrat="N"/>
  <Strassen StrID="10777" StrName="Mühlenweg" StrPLZ="31162" OrtID="95" Merkmal="0" Planquadrat="N&#xD;"/>
  <Strassen StrID="10778" StrName="Bernsteindreherweg" StrPLZ="23556" OrtID="214" Merkmal="0" Planquadrat="N&#xD;"/>
  <Strassen StrID="10780" StrName="Schnepfenweg" StrPLZ="30938" OrtID="40" Merkmal="1" Planquadrat="N&#xD;"/>
  <Strassen StrID="10781" StrName="Avinguda 304" StrPLZ="E08860" OrtID="1254" Merkmal="1" Planquadrat="N"/>
  <Strassen StrID="10782" StrName="Schwanenkamp" StrPLZ="30916" OrtID="21" Merkmal="1" Planquadrat="N&#xD;"/>
  <Strassen StrID="10783" StrName="Engenser Weg" StrPLZ="30938" OrtID="40" Merkmal="1" Planquadrat="enge"/>
  <Strassen StrID="10785" StrName="Arnumer Straße" StrPLZ="30880" OrtID="200" Merkmal="1" Planquadrat="N&#xD;"/>
  <Strassen StrID="10786" StrName="Bonner Talweg" StrPLZ="53129" OrtID="26" Merkmal="1" Planquadrat="N"/>
  <Strassen StrID="10787" StrName="Zielgass" StrPLZ="79539" OrtID="725" Merkmal="0" Planquadrat="Ziel"/>
  <Strassen StrID="10789" StrName="Osterbergstrasse" StrPLZ="30900" OrtID="726" Merkmal="1" Planquadrat="N&#xD;"/>
  <Strassen StrID="10790" StrName="Asternweg" StrPLZ="30938" OrtID="40" Merkmal="1" Planquadrat="aste"/>
  <Strassen StrID="10792" StrName="Salzweg" StrPLZ="30952" OrtID="3" Merkmal="1" Planquadrat="Salz"/>
  <Strassen StrID="10794" StrName="Berliner Str." StrPLZ="30890" OrtID="2" Merkmal="1" Planquadrat="Berl"/>
  <Strassen StrID="10796" StrName="Max-Planck-Str." StrPLZ="63303" OrtID="728" Merkmal="1" Planquadrat="Drei"/>
  <Strassen StrID="10798" StrName="Feuerbachstraße" StrPLZ="38106" OrtID="8" Merkmal="1" Planquadrat="Feue"/>
  <Strassen StrID="10800" StrName="Hauptstr." StrPLZ="31249" OrtID="185" Merkmal="1" Planquadrat="Haup"/>
  <Strassen StrID="10802" StrName="Torstr." StrPLZ="37154" OrtID="242" Merkmal="1" Planquadrat="tors"/>
  <Strassen StrID="10804" StrName="An der alten Ziegelei" StrPLZ="30916" OrtID="21" Merkmal="1" Planquadrat="An d"/>
  <Strassen StrID="10806" StrName="Grashofstr." StrPLZ="80995" OrtID="225" Merkmal="1" Planquadrat="gras"/>
  <Strassen StrID="10809" StrName="Tischlerstr." StrPLZ="30916" OrtID="21" Merkmal="1" Planquadrat="N&#xD;"/>
  <Strassen StrID="10810" StrName="Sohldfeld" StrPLZ="31139" OrtID="9" Merkmal="1" Planquadrat="N&#xD;"/>
  <Strassen StrID="10811" StrName="Thomas-Mann-Straße" StrPLZ="30827" OrtID="149" Merkmal="1" Planquadrat="N&#xD;"/>
  <Strassen StrID="10812" StrName="Planetenstraße" StrPLZ="40223" OrtID="127" Merkmal="1" Planquadrat="N&#xD;"/>
  <Strassen StrID="10813" StrName="In der Feddel" StrPLZ="30952" OrtID="3" Merkmal="1" Planquadrat="N&#xD;"/>
  <Strassen StrID="10814" StrName="Eschbruch" StrPLZ="30952" OrtID="3" Merkmal="1" Planquadrat="N&#xD;"/>
  <Strassen StrID="10815" StrName="Landgrafenring" StrPLZ="63071" OrtID="351" Merkmal="1" Planquadrat="N&#xD;"/>
  <Strassen StrID="10816" StrName="Riemannstraße" StrPLZ="53125" OrtID="26" Merkmal="1" Planquadrat="N"/>
  <Strassen StrID="10817" StrName="Striegauer Weg" StrPLZ="31655" OrtID="32" Merkmal="1" Planquadrat="N&#xD;"/>
  <Strassen StrID="10818" StrName="Laydbrunnenweg" StrPLZ="30966" OrtID="13" Merkmal="1" Planquadrat="Kayd"/>
  <Strassen StrID="10820" StrName="Schurzstraße" StrPLZ="54292" OrtID="292" Merkmal="1" Planquadrat="N&#xD;"/>
  <Strassen StrID="10821" StrName="Großhorst" StrPLZ="30916" OrtID="21" Merkmal="1" Planquadrat="N&#xD;"/>
  <Strassen StrID="10822" StrName="Garbsener Landstraße" StrPLZ="30926" OrtID="6" Merkmal="1" Planquadrat="N&#xD;"/>
  <Strassen StrID="10823" StrName="Elsterweg" StrPLZ="30827" OrtID="149" Merkmal="1" Planquadrat="N&#xD;"/>
  <Strassen StrID="10824" StrName="Ulmenstraße" StrPLZ="30926" OrtID="6" Merkmal="1" Planquadrat="N&#xD;"/>
  <Strassen StrID="10825" StrName="Osterbergstraße" StrPLZ="30900" OrtID="25" Merkmal="1" Planquadrat="N&#xD;"/>
  <Strassen StrID="10826" StrName="Max-Planck-Straße" StrPLZ="30974" OrtID="307" Merkmal="1" Planquadrat="N&#xD;"/>
  <Strassen StrID="10827" StrName="Wilhelm-Busch-Straße" StrPLZ="30880" OrtID="200" Merkmal="1" Planquadrat="N&#xD;"/>
  <Strassen StrID="10828" StrName="Fasanenstraße" StrPLZ="10719" OrtID="18" Merkmal="1" Planquadrat="N&#xD;"/>
  <Strassen StrID="10829" StrName="Berkhopstraße" StrPLZ="30938" OrtID="40" Merkmal="1" Planquadrat="N&#xD;"/>
  <Strassen StrID="10830" StrName="Carl-Zeiss-Straße" StrPLZ="30827" OrtID="149" Merkmal="1" Planquadrat="N&#xD;"/>
  <Strassen StrID="10831" StrName="Lilienstraße" StrPLZ="30827" OrtID="149" Merkmal="1" Planquadrat="N&#xD;"/>
  <Strassen StrID="10832" StrName="Höchster Bahnstraße" StrPLZ="65929" OrtID="41" Merkmal="1" Planquadrat="N&#xD;"/>
  <Strassen StrID="10833" StrName="Erich-Heckel-Ring" StrPLZ="31228" OrtID="7" Merkmal="1" Planquadrat="N&#xD;"/>
  <Strassen StrID="10834" StrName="Große Weinmeisterstraße" StrPLZ="14469" OrtID="683" Merkmal="1" Planquadrat="N"/>
  <Strassen StrID="10835" StrName="Pfälzer Weg" StrPLZ="45481" OrtID="386" Merkmal="1" Planquadrat="N&#xD;"/>
  <Strassen StrID="10836" StrName="Karl-Prendel-Straße" StrPLZ="30826" OrtID="149" Merkmal="1" Planquadrat="N&#xD;"/>
  <Strassen StrID="10837" StrName="Pestalozzistraße" StrPLZ="30880" OrtID="200" Merkmal="1" Planquadrat="N&#xD;"/>
  <Strassen StrID="10838" StrName="Barnestraße" StrPLZ="31515" OrtID="319" Merkmal="1" Planquadrat="N&#xD;"/>
  <Strassen StrID="10839" StrName="Flemmingstraße" StrPLZ="30827" OrtID="149" Merkmal="1" Planquadrat="N&#xD;"/>
  <Strassen StrID="10840" StrName="Jahnstraße" StrPLZ="30974" OrtID="307" Merkmal="1" Planquadrat="N&#xD;"/>
  <Strassen StrID="10841" StrName="Burgdorfer Straße" StrPLZ="31711" OrtID="294" Merkmal="1" Planquadrat="N&#xD;"/>
  <Strassen StrID="10842" StrName="Jacobiweg" StrPLZ="30275" OrtID="4" Merkmal="1" Planquadrat="N&#xD;"/>
  <Strassen StrID="10843" StrName="Jacobyweg" StrPLZ="31275" OrtID="4" Merkmal="0" Planquadrat="Jaco"/>
  <Strassen StrID="10845" StrName="Auf dem Meierhof" StrPLZ="37642" OrtID="733" Merkmal="1" Planquadrat="N&#xD;"/>
  <Strassen StrID="10846" StrName="Hasenkamp" StrPLZ="30880" OrtID="200" Merkmal="1" Planquadrat="N&#xD;"/>
  <Strassen StrID="10847" StrName="Landwehrriethe" StrPLZ="30827" OrtID="149" Merkmal="1" Planquadrat="N&#xD;"/>
  <Strassen StrID="10848" StrName="Plantagenring" StrPLZ="38154" OrtID="496" Merkmal="1" Planquadrat="N&#xD;"/>
  <Strassen StrID="10849" StrName="Am Freihof" StrPLZ="30952" OrtID="3" Merkmal="1" Planquadrat="N&#xD;"/>
  <Strassen StrID="10850" StrName="Röntgenstraße" StrPLZ="82166" OrtID="597" Merkmal="1" Planquadrat="N"/>
  <Strassen StrID="10851" StrName="Heideweg" StrPLZ="29693" OrtID="734" Merkmal="1" Planquadrat="N"/>
  <Strassen StrID="10852" StrName="Borsteler Straße" StrPLZ="31535" OrtID="22" Merkmal="1" Planquadrat="N&#xD;"/>
  <Strassen StrID="10853" StrName="Auf der Dehne" StrPLZ="30880" OrtID="200" Merkmal="1" Planquadrat="N&#xD;"/>
  <Strassen StrID="10854" StrName="Im Berggarten" StrPLZ="64342" OrtID="685" Merkmal="1" Planquadrat="N&#xD;"/>
  <Strassen StrID="10855" StrName="Pattenser Straße" StrPLZ="30880" OrtID="200" Merkmal="1" Planquadrat="N&#xD;"/>
  <Strassen StrID="10856" StrName="Albrechts Bleiche" StrPLZ="31515" OrtID="319" Merkmal="1" Planquadrat="N&#xD;"/>
  <Strassen StrID="10857" StrName="Lohkamp" StrPLZ="30855" OrtID="27" Merkmal="1" Planquadrat="N&#xD;"/>
  <Strassen StrID="10858" StrName="Weserstraße" StrPLZ="31737" OrtID="262" Merkmal="1" Planquadrat="N&#xD;"/>
  <Strassen StrID="10859" StrName="Kopernikusstraße" StrPLZ="30982" OrtID="253" Merkmal="1" Planquadrat="N&#xD;"/>
  <Strassen StrID="10860" StrName="Kleiner Mooranger" StrPLZ="38108" OrtID="8" Merkmal="1" Planquadrat="N&#xD;"/>
  <Strassen StrID="10862" StrName="Daimlerstraße" StrPLZ="31275" OrtID="4" Merkmal="1" Planquadrat="N&#xD;"/>
  <Strassen StrID="10863" StrName="An der Südaue" StrPLZ="31515" OrtID="319" Merkmal="1" Planquadrat="N&#xD;"/>
  <Strassen StrID="10864" StrName="Gutenbergstraße" StrPLZ="30880" OrtID="200" Merkmal="1" Planquadrat="N&#xD;"/>
  <Strassen StrID="10865" StrName="Am Hoppeberg" StrPLZ="31867" OrtID="24" Merkmal="1" Planquadrat="N"/>
  <Strassen StrID="10866" StrName="Blücherstraße" StrPLZ="31275" OrtID="4" Merkmal="1" Planquadrat="N&#xD;"/>
  <Strassen StrID="10867" StrName="Sohlweg" StrPLZ="30880" OrtID="200" Merkmal="1" Planquadrat="N&#xD;"/>
  <Strassen StrID="10868" StrName="Mühlenstraße" StrPLZ="77815" OrtID="98" Merkmal="1" Planquadrat="N&#xD;"/>
  <Strassen StrID="10869" StrName="Fichtestraße" StrPLZ="30926" OrtID="6" Merkmal="1" Planquadrat="N&#xD;"/>
  <Strassen StrID="10870" StrName="Königstraße" StrPLZ="31785" OrtID="19" Merkmal="1" Planquadrat="N&#xD;"/>
  <Strassen StrID="10871" StrName="Hauptstraße" StrPLZ="35423" OrtID="735" Merkmal="1" Planquadrat="N&#xD;"/>
  <Strassen StrID="10872" StrName="Weberstraße" StrPLZ="30827" OrtID="149" Merkmal="1" Planquadrat="N&#xD;"/>
  <Strassen StrID="10873" StrName="Grünstraße" StrPLZ="40212" OrtID="127" Merkmal="1" Planquadrat="N&#xD;"/>
  <Strassen StrID="10874" StrName="Bruchweg" StrPLZ="38822" OrtID="736" Merkmal="1" Planquadrat="N&#xD;"/>
  <Strassen StrID="10875" StrName="Am Querfeld" StrPLZ="30826" OrtID="149" Merkmal="1" Planquadrat="N&#xD;"/>
  <Strassen StrID="10876" StrName="Kollwitzweg" StrPLZ="31275" OrtID="4" Merkmal="1" Planquadrat="N&#xD;"/>
  <Strassen StrID="10877" StrName="Grünstraße" StrPLZ="31275" OrtID="4" Merkmal="1" Planquadrat="N&#xD;"/>
  <Strassen StrID="10878" StrName="Max-Planck-Straße" StrPLZ="40699" OrtID="705" Merkmal="1" Planquadrat="N&#xD;"/>
  <Strassen StrID="10879" StrName="Segelflugstraße" StrPLZ="37632" OrtID="421" Merkmal="1" Planquadrat="N&#xD;"/>
  <Strassen StrID="10880" StrName="Tilsiter Straße" StrPLZ="31141" OrtID="9" Merkmal="1" Planquadrat="N&#xD;"/>
  <Strassen StrID="10881" StrName="Krönlein" StrPLZ="97236" OrtID="737" Merkmal="1" Planquadrat="N&#xD;"/>
  <Strassen StrID="10882" StrName="Groninger Straße" StrPLZ="26789" OrtID="452" Merkmal="1" Planquadrat="N&#xD;"/>
  <Strassen StrID="10883" StrName="Schaumburger Straße" StrPLZ="30989" OrtID="5" Merkmal="1" Planquadrat="N&#xD;"/>
  <Strassen StrID="10884" StrName="Bruno-Rappel-Weg" StrPLZ="30827" OrtID="149" Merkmal="1" Planquadrat="N&#xD;"/>
  <Strassen StrID="10885" StrName="Spechtkehre" StrPLZ="30627" OrtID="1" Merkmal="1" Planquadrat="N&#xD;"/>
  <Strassen StrID="10886" StrName="Kramerstraße" StrPLZ="38122" OrtID="8" Merkmal="1" Planquadrat="N&#xD;"/>
  <Strassen StrID="10887" StrName="Knochenwinkel" StrPLZ="31275" OrtID="4" Merkmal="1" Planquadrat="N&#xD;"/>
  <Strassen StrID="10888" StrName="Beutinger Straße" StrPLZ="74076" OrtID="714" Merkmal="1" Planquadrat="N&#xD;"/>
  <Strassen StrID="10889" StrName="Am Schäferpfad" StrPLZ="63303" OrtID="728" Merkmal="1" Planquadrat="N&#xD;"/>
  <Strassen StrID="10890" StrName="Agnes-Miegel-Straße" StrPLZ="49152" OrtID="738" Merkmal="1" Planquadrat="N&#xD;"/>
  <Strassen StrID="10891" StrName="Schulzestraße" StrPLZ="37633" OrtID="739" Merkmal="1" Planquadrat="N&#xD;"/>
  <Strassen StrID="10892" StrName="Siemensstraße" StrPLZ="31180" OrtID="152" Merkmal="1" Planquadrat="N&#xD;"/>
  <Strassen StrID="10893" StrName="Schützenstraße" StrPLZ="31319" OrtID="276" Merkmal="1" Planquadrat="N&#xD;"/>
  <Strassen StrID="10894" StrName="Auguste-Ravenstein-Weg" StrPLZ="30657" OrtID="1" Merkmal="1" Planquadrat="N&#xD;"/>
  <Strassen StrID="10895" StrName="Simrockallee" StrPLZ="53173" OrtID="26" Merkmal="1" Planquadrat="N"/>
  <Strassen StrID="10896" StrName="Auf den Pohläckern" StrPLZ="31275" OrtID="4" Merkmal="1" Planquadrat="N&#xD;"/>
  <Strassen StrID="10897" StrName="Köhlerheide" StrPLZ="31275" OrtID="204" Merkmal="1" Planquadrat="N&#xD;"/>
  <Strassen StrID="10898" StrName="Grenzheide" StrPLZ="30900" OrtID="25" Merkmal="1" Planquadrat="N&#xD;"/>
  <Strassen StrID="10899" StrName="Wackersteinstraße" StrPLZ="72793" OrtID="740" Merkmal="1" Planquadrat="N&#xD;"/>
  <Strassen StrID="10900" StrName="Bentestrasse" StrPLZ="31311" OrtID="294" Merkmal="1" Planquadrat="N&#xD;"/>
  <Strassen StrID="10901" StrName="Else-Ury-Weg" StrPLZ="30982" OrtID="253" Merkmal="1" Planquadrat="N&#xD;"/>
  <Strassen StrID="10902" StrName="Röddinger Straße" StrPLZ="30823" OrtID="149" Merkmal="1" Planquadrat="N&#xD;"/>
  <Strassen StrID="10903" StrName="Burgweg" StrPLZ="30900" OrtID="25" Merkmal="1" Planquadrat="N&#xD;"/>
  <Strassen StrID="10904" StrName="Niederbecksener Straße" StrPLZ="32547" OrtID="614" Merkmal="1" Planquadrat="N&#xD;"/>
  <Strassen StrID="10905" StrName="Papenriede" StrPLZ="30851" OrtID="27" Merkmal="1" Planquadrat="N&#xD;"/>
  <Strassen StrID="10906" StrName="Jacobistraße" StrPLZ="30916" OrtID="21" Merkmal="1" Planquadrat="N&#xD;"/>
  <Strassen StrID="10907" StrName="Schmiedekampstraße" StrPLZ="30890" OrtID="2" Merkmal="1" Planquadrat="N&#xD;"/>
  <Strassen StrID="10908" StrName="Postfach" StrPLZ="31275" OrtID="4" Merkmal="1" Planquadrat="N&#xD;"/>
  <Strassen StrID="10909" StrName="Andertenhäusen" StrPLZ="29225" OrtID="115" Merkmal="1" Planquadrat="N&#xD;"/>
  <Strassen StrID="10911" StrName="Hessenweg" StrPLZ="30890" OrtID="25" Merkmal="1" Planquadrat="N&#xD;"/>
  <Strassen StrID="10912" StrName="Im Hopfengarten" StrPLZ="30916" OrtID="21" Merkmal="1" Planquadrat="N&#xD;"/>
  <Strassen StrID="10913" StrName="Prinz-Albrecht-Ring" StrPLZ="30657" OrtID="1" Merkmal="1" Planquadrat="N&#xD;"/>
  <Strassen StrID="10914" StrName="Im Rehwinkel" StrPLZ="29308" OrtID="375" Merkmal="1" Planquadrat="N&#xD;"/>
  <Strassen StrID="10915" StrName="An den Pappeln" StrPLZ="30989" OrtID="5" Merkmal="1" Planquadrat="N&#xD;"/>
  <Strassen StrID="10916" StrName="Theodor-Fliedner-Weg" StrPLZ="31141" OrtID="9" Merkmal="1" Planquadrat="N&#xD;"/>
  <Strassen StrID="10917" StrName="Flatowallee" StrPLZ="14055" OrtID="18" Merkmal="1" Planquadrat="N&#xD;"/>
  <Strassen StrID="10918" StrName="Vor den Höfen" StrPLZ="30826" OrtID="149" Merkmal="1" Planquadrat="N&#xD;"/>
  <Strassen StrID="10919" StrName="Lange Straße" StrPLZ="30952" OrtID="3" Merkmal="1" Planquadrat="N&#xD;"/>
  <Strassen StrID="10920" StrName="Schloßberger Straße" StrPLZ="30827" OrtID="149" Merkmal="1" Planquadrat="N&#xD;"/>
  <Strassen StrID="10921" StrName="Dieselstraße" StrPLZ="30827" OrtID="149" Merkmal="1" Planquadrat="N&#xD;"/>
  <Strassen StrID="10922" StrName="Tilsiter Straße" StrPLZ="30952" OrtID="3" Merkmal="1" Planquadrat="N&#xD;"/>
  <Strassen StrID="10923" StrName="Wallbrink" StrPLZ="30952" OrtID="3" Merkmal="1" Planquadrat="N&#xD;"/>
  <Strassen StrID="10924" StrName="Große Egge" StrPLZ="30826" OrtID="149" Merkmal="1" Planquadrat="N&#xD;"/>
  <Strassen StrID="10925" StrName="Solmsstraße" StrPLZ="10961" OrtID="18" Merkmal="1" Planquadrat="N&#xD;"/>
  <Strassen StrID="10926" StrName="Am Eichenkamp" StrPLZ="30851" OrtID="27" Merkmal="1" Planquadrat="N&#xD;"/>
  <Strassen StrID="10927" StrName="Am Laubwald" StrPLZ="13629" OrtID="18" Merkmal="1" Planquadrat="N&#xD;"/>
  <Strassen StrID="10928" StrName="Friedrichsgaber Weg" StrPLZ="22846" OrtID="238" Merkmal="1" Planquadrat="N&#xD;"/>
  <Strassen StrID="10929" StrName="Wolfstalstraße" StrPLZ="31832" OrtID="278" Merkmal="1" Planquadrat="N&#xD;"/>
  <Strassen StrID="10930" StrName="Kerschensteinerstraße" StrPLZ="23879" OrtID="741" Merkmal="1" Planquadrat="N&#xD;"/>
  <Strassen StrID="10931" StrName="Am Feldborn" StrPLZ="37077" OrtID="158" Merkmal="1" Planquadrat="N&#xD;"/>
  <Strassen StrID="10932" StrName="Avenida Indistrias" StrPLZ="Mexico" OrtID="742" Merkmal="1" Planquadrat="N"/>
  <Strassen StrID="10933" StrName="Papenkamp" StrPLZ="30539" OrtID="1" Merkmal="1" Planquadrat="N&#xD;"/>
  <Strassen StrID="10934" StrName="Am Langen Berg" StrPLZ="34560" OrtID="743" Merkmal="1" Planquadrat="N&#xD;"/>
  <Strassen StrID="10935" StrName="Beckhausstraße" StrPLZ="37671" OrtID="187" Merkmal="1" Planquadrat="N&#xD;"/>
  <Strassen StrID="10936" StrName="Gressbrink" StrPLZ="32051" OrtID="178" Merkmal="1" Planquadrat="N&#xD;"/>
  <Strassen StrID="10937" StrName="Am Rathaus" StrPLZ="30952" OrtID="3" Merkmal="1" Planquadrat="N&#xD;"/>
  <Strassen StrID="10938" StrName="Sehnder Landstraße" StrPLZ="31275" OrtID="4" Merkmal="1" Planquadrat="N&#xD;"/>
  <Strassen StrID="10939" StrName="Ronnenberger Strasse" StrPLZ="30952" OrtID="3" Merkmal="1" Planquadrat="N&#xD;"/>
  <Strassen StrID="10940" StrName="Wirringerstraße" StrPLZ="30880" OrtID="200" Merkmal="1" Planquadrat="N&#xD;"/>
  <Strassen StrID="10941" StrName="Am Hinüberschen Garten" StrPLZ="30419" OrtID="1" Merkmal="1" Planquadrat="N&#xD;"/>
  <Strassen StrID="10942" StrName="Ortskamp" StrPLZ="30539" OrtID="1" Merkmal="1" Planquadrat="N&#xD;"/>
  <Strassen StrID="10943" StrName="P.O- Box 500, 3585 Klöckner Road" StrPLZ="USA- VA229" OrtID="746" Merkmal="1" Planquadrat="N&#xD;"/>
  <Strassen StrID="10944" StrName="Gärtnerweg" StrPLZ="31319" OrtID="276" Merkmal="1" Planquadrat="N&#xD;"/>
  <Strassen StrID="10945" StrName="Mozartweg" StrPLZ="30880" OrtID="200" Merkmal="1" Planquadrat="N&#xD;"/>
  <Strassen StrID="10946" StrName="Goethestrasse" StrPLZ="39261" OrtID="747" Merkmal="1" Planquadrat="N&#xD;"/>
  <Strassen StrID="10947" StrName="Vom-Relingen-Strasse" StrPLZ="86356" OrtID="748" Merkmal="1" Planquadrat="N&#xD;"/>
  <Strassen StrID="10948" StrName="Schäferweg" StrPLZ="31275" OrtID="4" Merkmal="1" Planquadrat="N&#xD;"/>
  <Strassen StrID="10949" StrName="Max-Planck-Weg" StrPLZ="38350" OrtID="176" Merkmal="1" Planquadrat="N&#xD;"/>
  <Strassen StrID="10950" StrName="Hölderlinweg" StrPLZ="30880" OrtID="200" Merkmal="1" Planquadrat="N&#xD;"/>
  <Strassen StrID="10951" StrName="Karl-Sasse-Straße" StrPLZ="31867" OrtID="24" Merkmal="1" Planquadrat="N"/>
  <Strassen StrID="10952" StrName="Im Tale" StrPLZ="30926" OrtID="6" Merkmal="1" Planquadrat="N&#xD;"/>
  <Strassen StrID="10953" StrName="Amtswiese" StrPLZ="27305" OrtID="749" Merkmal="1" Planquadrat="N&#xD;"/>
  <Strassen StrID="10954" StrName="Am Steg" StrPLZ="30952" OrtID="3" Merkmal="1" Planquadrat="N&#xD;"/>
  <Strassen StrID="10955" StrName="Bernhard-Lohmüller-Straße" StrPLZ="31319" OrtID="276" Merkmal="1" Planquadrat="N&#xD;"/>
  <Strassen StrID="10956" StrName="Lange Straße" StrPLZ="31582" OrtID="237" Merkmal="1" Planquadrat="N&#xD;"/>
  <Strassen StrID="10957" StrName="Kreithwinkel" StrPLZ="30966" OrtID="13" Merkmal="1" Planquadrat="N&#xD;"/>
  <Strassen StrID="10958" StrName="Aachener Straße" StrPLZ="50226" OrtID="406" Merkmal="1" Planquadrat="N&#xD;"/>
  <Strassen StrID="10959" StrName="Erlenweg" StrPLZ="30938" OrtID="40" Merkmal="1" Planquadrat="N&#xD;"/>
  <Strassen StrID="10960" StrName="Alter Weg" StrPLZ="38302" OrtID="314" Merkmal="1" Planquadrat="N&#xD;"/>
  <Strassen StrID="10961" StrName="Venusring" StrPLZ="31275" OrtID="4" Merkmal="1" Planquadrat="N&#xD;"/>
  <Strassen StrID="10962" StrName="Hauptstraße" StrPLZ="96369" OrtID="750" Merkmal="1" Planquadrat="N&#xD;"/>
  <Strassen StrID="10963" StrName="Kuckuckskamp" StrPLZ="30855" OrtID="27" Merkmal="1" Planquadrat="N&#xD;"/>
  <Strassen StrID="10964" StrName="Am Messeweg" StrPLZ="30880" OrtID="200" Merkmal="1" Planquadrat="N&#xD;"/>
  <Strassen StrID="10965" StrName="Riegelstraße" StrPLZ="31275" OrtID="4" Merkmal="1" Planquadrat="Rieg"/>
  <Strassen StrID="10967" StrName="Sperberhorst" StrPLZ="30823" OrtID="149" Merkmal="1" Planquadrat="N&#xD;"/>
  <Strassen StrID="10968" StrName="Kirchplatz" StrPLZ="29683" OrtID="471" Merkmal="1" Planquadrat="N&#xD;"/>
  <Strassen StrID="10969" StrName="Oranienstraße" StrPLZ="65527" OrtID="751" Merkmal="1" Planquadrat="N&#xD;"/>
  <Strassen StrID="10970" StrName="Burgsteller Weg" StrPLZ="31535" OrtID="22" Merkmal="1" Planquadrat="N&#xD;"/>
  <Strassen StrID="10971" StrName="Königsberger Straße" StrPLZ="30826" OrtID="149" Merkmal="1" Planquadrat="N&#xD;"/>
  <Strassen StrID="10972" StrName="Redderser Straße" StrPLZ="30989" OrtID="5" Merkmal="1" Planquadrat="N&#xD;"/>
  <Strassen StrID="10973" StrName="Dürerstraße" StrPLZ="61231" OrtID="752" Merkmal="1" Planquadrat="Dür|"/>
  <Strassen StrID="10975" StrName="St.-Apern-Straße" StrPLZ="50667" OrtID="17" Merkmal="1" Planquadrat="N&#xD;"/>
  <Strassen StrID="10976" StrName="Gartenstadt" StrPLZ="33104" OrtID="252" Merkmal="1" Planquadrat="gart"/>
  <Strassen StrID="10978" StrName="Bachstrasse" StrPLZ="30823" OrtID="149" Merkmal="1" Planquadrat="N&#xD;"/>
  <Strassen StrID="10979" StrName="Runder Weg" StrPLZ="37154" OrtID="242" Merkmal="1" Planquadrat="N&#xD;"/>
  <Strassen StrID="10980" StrName="Im Algenweg" StrPLZ="30952" OrtID="3" Merkmal="1" Planquadrat="N&#xD;"/>
  <Strassen StrID="10981" StrName="Wagnerstrasse" StrPLZ="31275" OrtID="4" Merkmal="1" Planquadrat="N&#xD;"/>
  <Strassen StrID="10982" StrName="Melkerweg" StrPLZ="27478" OrtID="753" Merkmal="1" Planquadrat="N&#xD;"/>
  <Strassen StrID="10983" StrName="Werlhofstrasse" StrPLZ="30853" OrtID="27" Merkmal="1" Planquadrat="N&#xD;"/>
  <Strassen StrID="10984" StrName="Schulstrasse" StrPLZ="30855" OrtID="27" Merkmal="1" Planquadrat="N&#xD;"/>
  <Strassen StrID="10985" StrName="Feldstrasse" StrPLZ="30880" OrtID="200" Merkmal="1" Planquadrat="N&#xD;"/>
  <Strassen StrID="10986" StrName="Dahlienweg" StrPLZ="30952" OrtID="3" Merkmal="1" Planquadrat="N&#xD;"/>
  <Strassen StrID="10987" StrName="Hinter der Mühle" StrPLZ="31073" OrtID="754" Merkmal="1" Planquadrat="N&#xD;"/>
  <Strassen StrID="10988" StrName="Wellweg" StrPLZ="31157" OrtID="268" Merkmal="1" Planquadrat="N&#xD;"/>
  <Strassen StrID="10989" StrName="Marktstraße" StrPLZ="30880" OrtID="200" Merkmal="1" Planquadrat="N&#xD;"/>
  <Strassen StrID="10990" StrName="Niemeyerstrasse" StrPLZ="29229" OrtID="115" Merkmal="1" Planquadrat="N&#xD;"/>
  <Strassen StrID="10991" StrName="Birkenweg" StrPLZ="27777" OrtID="378" Merkmal="1" Planquadrat="N&#xD;"/>
  <Strassen StrID="10992" StrName="Heimstätterweg" StrPLZ="31275" OrtID="4" Merkmal="1" Planquadrat="N&#xD;"/>
  <Strassen StrID="10993" StrName="Adlerstrasse" StrPLZ="30989" OrtID="5" Merkmal="1" Planquadrat="N&#xD;"/>
  <Strassen StrID="10994" StrName="Marktstrasse" StrPLZ="50968" OrtID="17" Merkmal="1" Planquadrat="N&#xD;"/>
  <Strassen StrID="10995" StrName="Manskestrasse" StrPLZ="31275" OrtID="4" Merkmal="1" Planquadrat="N&#xD;"/>
  <Strassen StrID="10996" StrName="Stille Strasse" StrPLZ="30925" OrtID="3" Merkmal="1" Planquadrat="N&#xD;"/>
  <Strassen StrID="10997" StrName="Obergasse" StrPLZ="61118" OrtID="755" Merkmal="1" Planquadrat="N&#xD;"/>
  <Strassen StrID="10998" StrName="Josef-Hayden-Strasse" StrPLZ="33604" OrtID="101" Merkmal="1" Planquadrat="N&#xD;"/>
  <Strassen StrID="10999" StrName="Amts-Schlüter-Weg" StrPLZ="30938" OrtID="40" Merkmal="1" Planquadrat="N&#xD;"/>
  <Strassen StrID="11000" StrName="Röntgenstrasse" StrPLZ="30890" OrtID="2" Merkmal="1" Planquadrat="N&#xD;"/>
  <Strassen StrID="11001" StrName="Rosenstrasse" StrPLZ="31275" OrtID="4" Merkmal="1" Planquadrat="N&#xD;"/>
  <Strassen StrID="11002" StrName="Eichendamm" StrPLZ="30900" OrtID="25" Merkmal="1" Planquadrat="N&#xD;"/>
  <Strassen StrID="11003" StrName="Neue Strasse" StrPLZ="30926" OrtID="6" Merkmal="1" Planquadrat="N&#xD;"/>
  <Strassen StrID="11004" StrName="Försterkamp" StrPLZ="30539" OrtID="1" Merkmal="1" Planquadrat="N&#xD;"/>
  <Strassen StrID="11005" StrName="Mälzerstraße" StrPLZ="33098" OrtID="252" Merkmal="1" Planquadrat="N&#xD;"/>
  <Strassen StrID="11006" StrName="Lothringer Straße" StrPLZ="28211" OrtID="109" Merkmal="1" Planquadrat="N&#xD;"/>
  <Strassen StrID="11007" StrName="Mühlenrär" StrPLZ="30952" OrtID="3" Merkmal="1" Planquadrat="N&#xD;"/>
  <Strassen StrID="11008" StrName="Haferkamp" StrPLZ="30916" OrtID="21" Merkmal="1" Planquadrat="N&#xD;"/>
  <Strassen StrID="11009" StrName="Harkenbleckerstrasse" StrPLZ="30880" OrtID="200" Merkmal="1" Planquadrat="N&#xD;"/>
  <Strassen StrID="11010" StrName="Südeck" StrPLZ="30880" OrtID="200" Merkmal="1" Planquadrat="N&#xD;"/>
  <Strassen StrID="11011" StrName="Sieversdamm" StrPLZ="30916" OrtID="21" Merkmal="1" Planquadrat="N&#xD;"/>
  <Strassen StrID="11012" StrName="Im Rosenhag" StrPLZ="30916" OrtID="21" Merkmal="1" Planquadrat="N&#xD;"/>
  <Strassen StrID="11013" StrName="Heisterkamp" StrPLZ="30900" OrtID="25" Merkmal="1" Planquadrat="N&#xD;"/>
  <Strassen StrID="11014" StrName="Hans-Holbein-Straße" StrPLZ="31515" OrtID="319" Merkmal="1" Planquadrat="N&#xD;"/>
  <Strassen StrID="11015" StrName="Nordhäuser Str." StrPLZ="37412" OrtID="756" Merkmal="1" Planquadrat="N&#xD;"/>
  <Strassen StrID="11016" StrName="Steinklippenstrasse" StrPLZ="30890" OrtID="2" Merkmal="1" Planquadrat="N&#xD;"/>
  <Strassen StrID="11017" StrName="Calsowstrasse" StrPLZ="37085" OrtID="158" Merkmal="1" Planquadrat="N&#xD;"/>
  <Strassen StrID="11018" StrName="Faulensieksweg" StrPLZ="33034" OrtID="439" Merkmal="1" Planquadrat="N&#xD;"/>
  <Strassen StrID="11019" StrName="Karl-Fischer-Strasse" StrPLZ="90552" OrtID="757" Merkmal="1" Planquadrat="N&#xD;"/>
  <Strassen StrID="11020" StrName="Westerfelder Weg" StrPLZ="30966" OrtID="13" Merkmal="1" Planquadrat="N&#xD;"/>
  <Strassen StrID="11021" StrName="Wachtelgang" StrPLZ="30926" OrtID="6" Merkmal="1" Planquadrat="N&#xD;"/>
  <Strassen StrID="11022" StrName="Mesters Hof" StrPLZ="30855" OrtID="27" Merkmal="1" Planquadrat="N&#xD;"/>
  <Strassen StrID="11023" StrName="Grenzweg" StrPLZ="30880" OrtID="200" Merkmal="1" Planquadrat="N&#xD;"/>
  <Strassen StrID="11024" StrName="Ebelinger Straße" StrPLZ="30823" OrtID="149" Merkmal="1" Planquadrat="N&#xD;"/>
  <Strassen StrID="11025" StrName="Im Dorfe" StrPLZ="31542" OrtID="91" Merkmal="1" Planquadrat="N&#xD;"/>
  <Strassen StrID="11026" StrName="Lavesstraße" StrPLZ="30974" OrtID="307" Merkmal="1" Planquadrat="N&#xD;"/>
  <Strassen StrID="11027" StrName="Südring" StrPLZ="31275" OrtID="4" Merkmal="1" Planquadrat="N&#xD;"/>
  <Strassen StrID="11028" StrName="Hirntrupper Str. 1" StrPLZ="44869" OrtID="758" Merkmal="1" Planquadrat="N&#xD;"/>
  <Strassen StrID="11029" StrName="Moltkestr." StrPLZ="31275" OrtID="4" Merkmal="1" Planquadrat="N&#xD;"/>
  <Strassen StrID="11030" StrName="Niedernstraße" StrPLZ="33602" OrtID="101" Merkmal="1" Planquadrat="N&#xD;"/>
  <Strassen StrID="11031" StrName="Zur Steinhelle" StrPLZ="97877" OrtID="759" Merkmal="1" Planquadrat="N&#xD;"/>
  <Strassen StrID="11032" StrName="Sponhenerstr." StrPLZ="45326" OrtID="42" Merkmal="1" Planquadrat="N&#xD;"/>
  <Strassen StrID="11033" StrName="Lilienweg" StrPLZ="30916" OrtID="21" Merkmal="1" Planquadrat="N&#xD;"/>
  <Strassen StrID="11034" StrName="Anton Bruckner Strasse" StrPLZ="30952" OrtID="3" Merkmal="1" Planquadrat="N&#xD;"/>
  <Strassen StrID="11035" StrName="Natelsheideweg" StrPLZ="30900" OrtID="25" Merkmal="1" Planquadrat="N&#xD;"/>
  <Strassen StrID="11036" StrName="Raffelbergweg" StrPLZ="30853" OrtID="27" Merkmal="1" Planquadrat="N&#xD;"/>
  <Strassen StrID="11037" StrName="Neue Wiesen" StrPLZ="30855" OrtID="27" Merkmal="1" Planquadrat="N&#xD;"/>
  <Strassen StrID="11038" StrName="Brockfeld" StrPLZ="30539" OrtID="1" Merkmal="1" Planquadrat="N&#xD;"/>
  <Strassen StrID="11039" StrName="9 Rue de Naples" StrPLZ="F 78150" OrtID="1250" Merkmal="1" Planquadrat="N"/>
  <Strassen StrID="11040" StrName="Lichtenberger Straße" StrPLZ="30982" OrtID="253" Merkmal="1" Planquadrat="N&#xD;"/>
  <Strassen StrID="11041" StrName="Ahornallee" StrPLZ="12587" OrtID="18" Merkmal="1" Planquadrat="N&#xD;"/>
  <Strassen StrID="11043" StrName="Marienburger Weg" StrPLZ="30916" OrtID="21" Merkmal="1" Planquadrat="N&#xD;"/>
  <Strassen StrID="11045" StrName="Rathausplatz" StrPLZ="30966" OrtID="13" Merkmal="1" Planquadrat="N&#xD;"/>
  <Strassen StrID="11046" StrName="Marktstraße" StrPLZ="89143" OrtID="761" Merkmal="1" Planquadrat="N&#xD;"/>
  <Strassen StrID="11047" StrName="Hokenstr." StrPLZ="38640" OrtID="157" Merkmal="1" Planquadrat="N&#xD;"/>
  <Strassen StrID="11048" StrName="Drosselweg" StrPLZ="30826" OrtID="149" Merkmal="1" Planquadrat="N&#xD;"/>
  <Strassen StrID="11049" StrName="An der Weide" StrPLZ="31275" OrtID="4" Merkmal="1" Planquadrat="N&#xD;"/>
  <Strassen StrID="11050" StrName="Hauptstraße" StrPLZ="27324" OrtID="763" Merkmal="1" Planquadrat="N&#xD;"/>
  <Strassen StrID="11051" StrName="Circus" StrPLZ="18581" OrtID="764" Merkmal="1" Planquadrat="N&#xD;"/>
  <Strassen StrID="11052" StrName="Marktstraße" StrPLZ="31319" OrtID="276" Merkmal="1" Planquadrat="N&#xD;"/>
  <Strassen StrID="11053" StrName="Jungfrauenthal" StrPLZ="20149" OrtID="39" Merkmal="1" Planquadrat="N&#xD;"/>
  <Strassen StrID="11054" StrName="Markgrafenstraße" StrPLZ="78467" OrtID="765" Merkmal="1" Planquadrat="N&#xD;"/>
  <Strassen StrID="11055" StrName="Glatzer Weg" StrPLZ="30966" OrtID="13" Merkmal="1" Planquadrat="N&#xD;"/>
  <Strassen StrID="11056" StrName="Bahnhofstrasse" StrPLZ="29690" OrtID="605" Merkmal="1" Planquadrat="N&#xD;"/>
  <Strassen StrID="11057" StrName="Piepenbreite" StrPLZ="31683" OrtID="246" Merkmal="1" Planquadrat="N&#xD;"/>
  <Strassen StrID="11058" StrName="Am Hohen Holze" StrPLZ="30823" OrtID="149" Merkmal="1" Planquadrat="N&#xD;"/>
  <Strassen StrID="11059" StrName="Am Jungfernstein" StrPLZ="34497" OrtID="767" Merkmal="1" Planquadrat="N&#xD;"/>
  <Strassen StrID="11060" StrName="Schunteraue" StrPLZ="38165" OrtID="204" Merkmal="1" Planquadrat="N&#xD;"/>
  <Strassen StrID="11061" StrName="Ricarda-Huch-Straße" StrPLZ="61350" OrtID="85" Merkmal="1" Planquadrat="N&#xD;"/>
  <Strassen StrID="11062" StrName="Tägermoosstraße" StrPLZ="78462" OrtID="765" Merkmal="1" Planquadrat="N&#xD;"/>
  <Strassen StrID="11063" StrName="Anne Frank Strasse" StrPLZ="31079" OrtID="768" Merkmal="1" Planquadrat="N&#xD;"/>
  <Strassen StrID="11064" StrName="Wilkestrasse" StrPLZ="58809" OrtID="769" Merkmal="1" Planquadrat="N&#xD;"/>
  <Strassen StrID="11065" StrName="Behringstrasse" StrPLZ="31535" OrtID="22" Merkmal="1" Planquadrat="N&#xD;"/>
  <Strassen StrID="11066" StrName="Hohnsen" StrPLZ="31134" OrtID="9" Merkmal="1" Planquadrat="N&#xD;"/>
  <Strassen StrID="11067" StrName="Stucken-Mühlen-Weg" StrPLZ="30855" OrtID="27" Merkmal="1" Planquadrat="N&#xD;"/>
  <Strassen StrID="11068" StrName="Stanitzweg" StrPLZ="69469" OrtID="770" Merkmal="1" Planquadrat="N&#xD;"/>
  <Strassen StrID="11069" StrName="Sponheuerstraße" StrPLZ="45326" OrtID="42" Merkmal="1" Planquadrat="N&#xD;"/>
  <Strassen StrID="11070" StrName="Wasserkamp" StrPLZ="31535" OrtID="22" Merkmal="1" Planquadrat="N&#xD;"/>
  <Strassen StrID="11071" StrName="Ludwig-Richter-Ring" StrPLZ="47447" OrtID="771" Merkmal="1" Planquadrat="N&#xD;"/>
  <Strassen StrID="11072" StrName="Celler Straße" StrPLZ="29690" OrtID="527" Merkmal="1" Planquadrat="N&#xD;"/>
  <Strassen StrID="11073" StrName="Wundramstraße" StrPLZ="30966" OrtID="13" Merkmal="1" Planquadrat="N&#xD;"/>
  <Strassen StrID="11074" StrName="Am Pichelsee" StrPLZ="13595" OrtID="18" Merkmal="1" Planquadrat="N&#xD;"/>
  <Strassen StrID="11075" StrName="Veilchenstrasse" StrPLZ="30853" OrtID="27" Merkmal="1" Planquadrat="N&#xD;"/>
  <Strassen StrID="11076" StrName="Stünkelweg" StrPLZ="30900" OrtID="25" Merkmal="1" Planquadrat="N&#xD;"/>
  <Strassen StrID="11077" StrName="Welzer Straße" StrPLZ="31535" OrtID="22" Merkmal="1" Planquadrat="N&#xD;"/>
  <Strassen StrID="11078" StrName="Kleeweg" StrPLZ="30900" OrtID="25" Merkmal="1" Planquadrat="N&#xD;"/>
  <Strassen StrID="11079" StrName="Himmelreich" StrPLZ="31832" OrtID="278" Merkmal="1" Planquadrat="N&#xD;"/>
  <Strassen StrID="11080" StrName="Heinrich-Heine-Weg" StrPLZ="30880" OrtID="200" Merkmal="1" Planquadrat="N&#xD;"/>
  <Strassen StrID="11081" StrName="Winterthurer Straße" StrPLZ="28325" OrtID="109" Merkmal="1" Planquadrat="N&#xD;"/>
  <Strassen StrID="11083" StrName="Baumkampsweg" StrPLZ="38553" OrtID="772" Merkmal="1" Planquadrat="N&#xD;"/>
  <Strassen StrID="11084" StrName="Algenweg" StrPLZ="30952" OrtID="3" Merkmal="1" Planquadrat="N&#xD;"/>
  <Strassen StrID="11085" StrName="Alter Sportplatz" StrPLZ="31542" OrtID="91" Merkmal="1" Planquadrat="N&#xD;"/>
  <Strassen StrID="11087" StrName="38518" StrPLZ="385" OrtID="155" Merkmal="1" Planquadrat="N&#xD;"/>
  <Strassen StrID="11088" StrName="Försterweg" StrPLZ="38518" OrtID="155" Merkmal="1" Planquadrat="N&#xD;"/>
  <Strassen StrID="11089" StrName="Hirschberger Straße" StrPLZ="31832" OrtID="278" Merkmal="1" Planquadrat="N&#xD;"/>
  <Strassen StrID="11090" StrName="Hauptstraße" StrPLZ="31185" OrtID="773" Merkmal="1" Planquadrat="N&#xD;"/>
  <Strassen StrID="11091" StrName="Rischberg" StrPLZ="29331" OrtID="491" Merkmal="1" Planquadrat="N&#xD;"/>
  <Strassen StrID="11092" StrName="Querstraße" StrPLZ="30974" OrtID="307" Merkmal="1" Planquadrat="N&#xD;"/>
  <Strassen StrID="11093" StrName="Schiergrund" StrPLZ="31832" OrtID="278" Merkmal="1" Planquadrat="N&#xD;"/>
  <Strassen StrID="11094" StrName="Angerstraße" StrPLZ="30851" OrtID="27" Merkmal="1" Planquadrat="N&#xD;"/>
  <Strassen StrID="11095" StrName="Holtenser Weg" StrPLZ="31832" OrtID="278" Merkmal="1" Planquadrat="N&#xD;"/>
  <Strassen StrID="11096" StrName="Kirchweg" StrPLZ="30916" OrtID="21" Merkmal="1" Planquadrat="N&#xD;"/>
  <Strassen StrID="11097" StrName="Hauptplatz" StrPLZ="82131" OrtID="774" Merkmal="1" Planquadrat="N&#xD;"/>
  <Strassen StrID="11098" StrName="Händelweg" StrPLZ="30880" OrtID="200" Merkmal="1" Planquadrat="N&#xD;"/>
  <Strassen StrID="11099" StrName="Carl-Zuckmayer-Str. 19" StrPLZ="31515" OrtID="319" Merkmal="1" Planquadrat="N&#xD;"/>
  <Strassen StrID="11100" StrName="Steinstraße" StrPLZ="31157" OrtID="268" Merkmal="1" Planquadrat="N&#xD;"/>
  <Strassen StrID="11101" StrName="Zum Johannisbruch" StrPLZ="31832" OrtID="278" Merkmal="1" Planquadrat="N&#xD;"/>
  <Strassen StrID="11102" StrName="Auf dem Hasenberg" StrPLZ="63674" OrtID="775" Merkmal="1" Planquadrat="N&#xD;"/>
  <Strassen StrID="11103" StrName="Am Brinke" StrPLZ="30826" OrtID="149" Merkmal="1" Planquadrat="N&#xD;"/>
  <Strassen StrID="11104" StrName="Harriersand" StrPLZ="28259" OrtID="109" Merkmal="1" Planquadrat="N&#xD;"/>
  <Strassen StrID="11105" StrName="Sylbacherstraße" StrPLZ="32108" OrtID="698" Merkmal="1" Planquadrat="N&#xD;"/>
  <Strassen StrID="11106" StrName="An der Sorsumer Straße" StrPLZ="31515" OrtID="319" Merkmal="1" Planquadrat="N&#xD;"/>
  <Strassen StrID="11107" StrName="Krummer Kamp" StrPLZ="31275" OrtID="4" Merkmal="1" Planquadrat="N&#xD;"/>
  <Strassen StrID="11108" StrName="High Gate End-Lewes Road" StrPLZ="GB-RH185AN" OrtID="776" Merkmal="1" Planquadrat="N&#xD;"/>
  <Strassen StrID="11109" StrName="Ziegelweg" StrPLZ="30900" OrtID="25" Merkmal="1" Planquadrat="N&#xD;"/>
  <Strassen StrID="11110" StrName="Auf der Schanz" StrPLZ="71640" OrtID="777" Merkmal="1" Planquadrat="N&#xD;"/>
  <Strassen StrID="11111" StrName="Am Gartenkamp" StrPLZ="40629" OrtID="127" Merkmal="1" Planquadrat="N&#xD;"/>
  <Strassen StrID="11112" StrName="Lehmweg" StrPLZ="27324" OrtID="763" Merkmal="1" Planquadrat="N&#xD;"/>
  <Strassen StrID="11113" StrName="Buffels Road" StrPLZ="2194" OrtID="778" Merkmal="1" Planquadrat="N&#xD;"/>
  <Strassen StrID="11114" StrName="Theodor-Heuss-Strasse" StrPLZ="30853" OrtID="27" Merkmal="1" Planquadrat="N&#xD;"/>
  <Strassen StrID="11115" StrName="Landstraße" StrPLZ="30982" OrtID="253" Merkmal="1" Planquadrat="N&#xD;"/>
  <Strassen StrID="11116" StrName="Lützeratherstrasse" StrPLZ="51107" OrtID="17" Merkmal="1" Planquadrat="N&#xD;"/>
  <Strassen StrID="11117" StrName="Lützerathstrasse" StrPLZ="51107" OrtID="17" Merkmal="1" Planquadrat="N&#xD;"/>
  <Strassen StrID="11118" StrName="Im Häge" StrPLZ="30966" OrtID="13" Merkmal="1" Planquadrat="N&#xD;"/>
  <Strassen StrID="11119" StrName="Neißeweg" StrPLZ="31275" OrtID="4" Merkmal="1" Planquadrat="N&#xD;"/>
  <Strassen StrID="11120" StrName="6 Bayliss Close" StrPLZ="GB TW1 3HY" OrtID="1255" Merkmal="1" Planquadrat="N"/>
  <Strassen StrID="11122" StrName="Geinegge" StrPLZ="59075" OrtID="165" Merkmal="1" Planquadrat="N"/>
  <Strassen StrID="11123" StrName="1074 Centre Street" StrPLZ="USA" OrtID="780" Merkmal="1" Planquadrat="N"/>
  <Strassen StrID="11124" StrName="Bahnhofstraße" StrPLZ="31311" OrtID="294" Merkmal="1" Planquadrat="N&#xD;"/>
  <Strassen StrID="11125" StrName="Hallerskamp" StrPLZ="30966" OrtID="13" Merkmal="1" Planquadrat="N&#xD;"/>
  <Strassen StrID="11126" StrName="Backhausstraße" StrPLZ="31275" OrtID="4" Merkmal="1" Planquadrat="N&#xD;"/>
  <Strassen StrID="11127" StrName="Haydnweg" StrPLZ="30880" OrtID="200" Merkmal="1" Planquadrat="N&#xD;"/>
  <Strassen StrID="11128" StrName="Osterwalder Straße" StrPLZ="30826" OrtID="149" Merkmal="1" Planquadrat="N&#xD;"/>
  <Strassen StrID="11129" StrName="Ulmenstraße" StrPLZ="49849" OrtID="781" Merkmal="1" Planquadrat="N&#xD;"/>
  <Strassen StrID="11130" StrName="Wenderter Straße" StrPLZ="31157" OrtID="268" Merkmal="1" Planquadrat="N&#xD;"/>
  <Strassen StrID="11131" StrName="Karlstrasse" StrPLZ="30890" OrtID="2" Merkmal="1" Planquadrat="N&#xD;"/>
  <Strassen StrID="11132" StrName="Albert-Einstein-Strasse" StrPLZ="30926" OrtID="6" Merkmal="1" Planquadrat="N&#xD;"/>
  <Strassen StrID="11133" StrName="Rethener Strasse" StrPLZ="30982" OrtID="253" Merkmal="1" Planquadrat="N&#xD;"/>
  <Strassen StrID="11134" StrName="Geibelstraße" StrPLZ="22303" OrtID="39" Merkmal="1" Planquadrat="N&#xD;"/>
  <Strassen StrID="11135" StrName="Zeppelinstraße" StrPLZ="50667" OrtID="17" Merkmal="1" Planquadrat="N&#xD;"/>
  <Strassen StrID="11136" StrName="Wasserwerkstraße" StrPLZ="30900" OrtID="25" Merkmal="1" Planquadrat="N&#xD;"/>
  <Strassen StrID="11137" StrName="Paulsberg" StrPLZ="66287" OrtID="782" Merkmal="1" Planquadrat="N&#xD;"/>
  <Strassen StrID="11138" StrName="Eichendorffstraße" StrPLZ="30827" OrtID="149" Merkmal="1" Planquadrat="N&#xD;"/>
  <Strassen StrID="11139" StrName="Schnuckentwiede" StrPLZ="29556" OrtID="710" Merkmal="1" Planquadrat="N&#xD;"/>
  <Strassen StrID="11140" StrName="Gut Lohne" StrPLZ="30916" OrtID="21" Merkmal="1" Planquadrat="N&#xD;"/>
  <Strassen StrID="11141" StrName="Sonnenweg" StrPLZ="85579" OrtID="783" Merkmal="1" Planquadrat="N&#xD;"/>
  <Strassen StrID="11142" StrName="Adolf-Kolping-Straße" StrPLZ="31319" OrtID="276" Merkmal="1" Planquadrat="N&#xD;"/>
  <Strassen StrID="11143" StrName="Heidestraße" StrPLZ="21244" OrtID="111" Merkmal="1" Planquadrat="N&#xD;"/>
  <Strassen StrID="11144" StrName="Weidenweg" StrPLZ="30938" OrtID="40" Merkmal="1" Planquadrat="N&#xD;"/>
  <Strassen StrID="11145" StrName="Mannschaftsheim" StrPLZ="29328" OrtID="589" Merkmal="1" Planquadrat="N&#xD;"/>
  <Strassen StrID="11146" StrName="Landwehr" StrPLZ="31246" OrtID="784" Merkmal="1" Planquadrat="N&#xD;"/>
  <Strassen StrID="11147" StrName="Im Langen Feld" StrPLZ="30880" OrtID="200" Merkmal="1" Planquadrat="N&#xD;"/>
  <Strassen StrID="11148" StrName="Postfach" StrPLZ="60078" OrtID="41" Merkmal="1" Planquadrat="N&#xD;"/>
  <Strassen StrID="11149" StrName="Maibaumstraße" StrPLZ="38118" OrtID="8" Merkmal="1" Planquadrat="N&#xD;"/>
  <Strassen StrID="11150" StrName="Holländerei" StrPLZ="30982" OrtID="253" Merkmal="1" Planquadrat="N&#xD;"/>
  <Strassen StrID="11151" StrName="Piester Weg" StrPLZ="30982" OrtID="253" Merkmal="1" Planquadrat="N&#xD;"/>
  <Strassen StrID="11152" StrName="Burgwaldstraße" StrPLZ="35091" OrtID="786" Merkmal="1" Planquadrat="N&#xD;"/>
  <Strassen StrID="11153" StrName="Grauhöfer Landwehr" StrPLZ="38644" OrtID="157" Merkmal="1" Planquadrat="N&#xD;"/>
  <Strassen StrID="11154" StrName="Flughafenblick" StrPLZ="38110" OrtID="8" Merkmal="1" Planquadrat="N&#xD;"/>
  <Strassen StrID="11155" StrName="Am Steinacker" StrPLZ="30880" OrtID="200" Merkmal="1" Planquadrat="N&#xD;"/>
  <Strassen StrID="11156" StrName="Eulenflucht" StrPLZ="30952" OrtID="3" Merkmal="1" Planquadrat="N&#xD;"/>
  <Strassen StrID="11157" StrName="Eiderstraße" StrPLZ="24582" OrtID="787" Merkmal="1" Planquadrat="N&#xD;"/>
  <Strassen StrID="11158" StrName="Triftstraße" StrPLZ="30952" OrtID="3" Merkmal="1" Planquadrat="N&#xD;"/>
  <Strassen StrID="11159" StrName="Leibnizstraße" StrPLZ="30890" OrtID="2" Merkmal="1" Planquadrat="N&#xD;"/>
  <Strassen StrID="11160" StrName="122 North Street" StrPLZ="USA 10580" OrtID="1257" Merkmal="1" Planquadrat="N"/>
  <Strassen StrID="11161" StrName="Mittelstraße" StrPLZ="30974" OrtID="307" Merkmal="1" Planquadrat="N&#xD;"/>
  <Strassen StrID="11162" StrName="Theodor-Storm-Weg" StrPLZ="30938" OrtID="40" Merkmal="1" Planquadrat="N&#xD;"/>
  <Strassen StrID="11163" StrName="Engenser Straße" StrPLZ="31303" OrtID="20" Merkmal="1" Planquadrat="N&#xD;"/>
  <Strassen StrID="11164" StrName="Blumenauerstraße" StrPLZ="31515" OrtID="319" Merkmal="1" Planquadrat="N&#xD;"/>
  <Strassen StrID="11165" StrName="Hiddestorfer Straße" StrPLZ="30982" OrtID="253" Merkmal="1" Planquadrat="N&#xD;"/>
  <Strassen StrID="11166" StrName="Köhlerstraße" StrPLZ="31848" OrtID="89" Merkmal="1" Planquadrat="N&#xD;"/>
  <Strassen StrID="11167" StrName="Fischstraße" StrPLZ="27777" OrtID="378" Merkmal="1" Planquadrat="N&#xD;"/>
  <Strassen StrID="11168" StrName="Am Sandkamp" StrPLZ="31234" OrtID="128" Merkmal="1" Planquadrat="N&#xD;"/>
  <Strassen StrID="11169" StrName="Ringstraße" StrPLZ="30826" OrtID="149" Merkmal="1" Planquadrat="N&#xD;"/>
  <Strassen StrID="11170" StrName="Bussardweg" StrPLZ="30827" OrtID="149" Merkmal="1" Planquadrat="N&#xD;"/>
  <Strassen StrID="11171" StrName="Kurfürstendamm" StrPLZ="29352" OrtID="497" Merkmal="1" Planquadrat="N&#xD;"/>
  <Strassen StrID="11172" StrName="Lakefeldplatz" StrPLZ="30926" OrtID="6" Merkmal="1" Planquadrat="N&#xD;"/>
  <Strassen StrID="11173" StrName="Schackstraße" StrPLZ="29221" OrtID="115" Merkmal="1" Planquadrat="N&#xD;"/>
  <Strassen StrID="11174" StrName="Südring" StrPLZ="30966" OrtID="13" Merkmal="1" Planquadrat="N&#xD;"/>
  <Strassen StrID="11175" StrName="Schäferdamm" StrPLZ="30823" OrtID="149" Merkmal="1" Planquadrat="N&#xD;"/>
  <Strassen StrID="11176" StrName="Rehbrinkstraße" StrPLZ="30890" OrtID="2" Merkmal="1" Planquadrat="N&#xD;"/>
  <Strassen StrID="11177" StrName="Hazelaarlaan" StrPLZ="NL-5056XN" OrtID="789" Merkmal="1" Planquadrat="N&#xD;"/>
  <Strassen StrID="11178" StrName="Georg-Gröning-Straße" StrPLZ="28209" OrtID="109" Merkmal="1" Planquadrat="N&#xD;"/>
  <Strassen StrID="11179" StrName="9 Lochwynd Court" StrPLZ="USA 21131" OrtID="1258" Merkmal="1" Planquadrat="N"/>
  <Strassen StrID="11180" StrName="Immenkamp" StrPLZ="30966" OrtID="13" Merkmal="1" Planquadrat="N&#xD;"/>
  <Strassen StrID="11181" StrName="Ostring" StrPLZ="85630" OrtID="791" Merkmal="1" Planquadrat="N&#xD;"/>
  <Strassen StrID="11182" StrName="Am Gogericht" StrPLZ="30982" OrtID="253" Merkmal="1" Planquadrat="N&#xD;"/>
  <Strassen StrID="11183" StrName="Marie-Curie-Straße" StrPLZ="30974" OrtID="307" Merkmal="1" Planquadrat="N&#xD;"/>
  <Strassen StrID="11184" StrName="Kolshorner Hof" StrPLZ="31275" OrtID="4" Merkmal="1" Planquadrat="N&#xD;"/>
  <Strassen StrID="11185" StrName="Schillerslager Straße" StrPLZ="31303" OrtID="20" Merkmal="1" Planquadrat="N&#xD;"/>
  <Strassen StrID="11186" StrName="Im Quellborn" StrPLZ="55270" OrtID="792" Merkmal="1" Planquadrat="N&#xD;"/>
  <Strassen StrID="11187" StrName="John-F.-Kennedy-Straße" StrPLZ="31275" OrtID="4" Merkmal="1" Planquadrat="N&#xD;"/>
  <Strassen StrID="11188" StrName="Pahlmannskampweg" StrPLZ="29339" OrtID="793" Merkmal="1" Planquadrat="N&#xD;"/>
  <Strassen StrID="11189" StrName="Weizenkamp" StrPLZ="30952" OrtID="3" Merkmal="1" Planquadrat="N&#xD;"/>
  <Strassen StrID="11190" StrName="Roter Weg" StrPLZ="30855" OrtID="27" Merkmal="1" Planquadrat="N&#xD;"/>
  <Strassen StrID="11191" StrName="Süntelstraße" StrPLZ="30966" OrtID="13" Merkmal="1" Planquadrat="N&#xD;"/>
  <Strassen StrID="11192" StrName="Ringstraße" StrPLZ="21279" OrtID="794" Merkmal="1" Planquadrat="N&#xD;"/>
  <Strassen StrID="11193" StrName="Am Mönckeberg" StrPLZ="30926" OrtID="6" Merkmal="1" Planquadrat="N&#xD;"/>
  <Strassen StrID="11194" StrName="August-Wilhelm-Blume-Straße" StrPLZ="30890" OrtID="2" Merkmal="1" Planquadrat="N&#xD;"/>
  <Strassen StrID="11195" StrName="Wiesenstraße" StrPLZ="30974" OrtID="307" Merkmal="1" Planquadrat="N&#xD;"/>
  <Strassen StrID="11196" StrName="Thorner Straße" StrPLZ="30826" OrtID="149" Merkmal="1" Planquadrat="N&#xD;"/>
  <Strassen StrID="11197" StrName="Hägewiesen" StrPLZ="30916" OrtID="21" Merkmal="1" Planquadrat="N&#xD;"/>
  <Strassen StrID="11198" StrName="Rohrammerweg" StrPLZ="30916" OrtID="21" Merkmal="1" Planquadrat="N&#xD;"/>
  <Strassen StrID="11199" StrName="Lindenstraße" StrPLZ="30855" OrtID="27" Merkmal="1" Planquadrat="N&#xD;"/>
  <Strassen StrID="11200" StrName="Breslauer Straße" StrPLZ="30916" OrtID="21" Merkmal="1" Planquadrat="N&#xD;"/>
  <Strassen StrID="11201" StrName="Pechriede" StrPLZ="30900" OrtID="25" Merkmal="1" Planquadrat="N&#xD;"/>
  <Strassen StrID="11202" StrName="Breslauer Weg" StrPLZ="30966" OrtID="13" Merkmal="1" Planquadrat="N&#xD;"/>
  <Strassen StrID="11203" StrName="Im Bodendeichsfeld" StrPLZ="31275" OrtID="4" Merkmal="1" Planquadrat="N&#xD;"/>
  <Strassen StrID="11204" StrName="An der Kirche" StrPLZ="30938" OrtID="40" Merkmal="1" Planquadrat="N&#xD;"/>
  <Strassen StrID="11205" StrName="Grosse Breite" StrPLZ="38303" OrtID="314" Merkmal="1" Planquadrat="N&#xD;"/>
  <Strassen StrID="11206" StrName="Fehrenlandweg" StrPLZ="30826" OrtID="149" Merkmal="1" Planquadrat="N&#xD;"/>
  <Strassen StrID="11207" StrName="Amselweg" StrPLZ="31275" OrtID="4" Merkmal="1" Planquadrat="N&#xD;"/>
  <Strassen StrID="11208" StrName="Bleistraße" StrPLZ="23879" OrtID="741" Merkmal="1" Planquadrat="N&#xD;"/>
  <Strassen StrID="11209" StrName="Melanchthonstraße" StrPLZ="33615" OrtID="101" Merkmal="1" Planquadrat="N&#xD;"/>
  <Strassen StrID="11210" StrName="Gerhard-Hauptmann-Weg" StrPLZ="30659" OrtID="1" Merkmal="1" Planquadrat="N&#xD;"/>
  <Strassen StrID="11211" StrName="Friedenstraße" StrPLZ="31812" OrtID="94" Merkmal="1" Planquadrat="N&#xD;"/>
  <Strassen StrID="11212" StrName="Am Südhang" StrPLZ="31515" OrtID="319" Merkmal="1" Planquadrat="N&#xD;"/>
  <Strassen StrID="11213" StrName="Vor dem Moore" StrPLZ="31535" OrtID="22" Merkmal="1" Planquadrat="N&#xD;"/>
  <Strassen StrID="11214" StrName="Am Moorbach" StrPLZ="31515" OrtID="319" Merkmal="1" Planquadrat="N&#xD;"/>
  <Strassen StrID="11215" StrName="Friederikenstraße" StrPLZ="31303" OrtID="20" Merkmal="1" Planquadrat="N&#xD;"/>
  <Strassen StrID="11216" StrName="Richard-Strauss-Straße" StrPLZ="31157" OrtID="268" Merkmal="1" Planquadrat="N&#xD;"/>
  <Strassen StrID="11217" StrName="Goerdelerstraße" StrPLZ="31303" OrtID="20" Merkmal="1" Planquadrat="N&#xD;"/>
  <Strassen StrID="11218" StrName="Hüpeder Straße" StrPLZ="30982" OrtID="253" Merkmal="1" Planquadrat="N&#xD;"/>
  <Strassen StrID="11219" StrName="Aligser Dorfstraße" StrPLZ="31275" OrtID="4" Merkmal="1" Planquadrat="N&#xD;"/>
  <Strassen StrID="11220" StrName="Dr.-Heinrich-Jasper-Straße" StrPLZ="37581" OrtID="83" Merkmal="1" Planquadrat="N&#xD;"/>
  <Strassen StrID="11221" StrName="Hertichstraße" StrPLZ="71229" OrtID="209" Merkmal="1" Planquadrat="N&#xD;"/>
  <Strassen StrID="11222" StrName="Eduard-Mörike-Straße" StrPLZ="30880" OrtID="200" Merkmal="1" Planquadrat="N&#xD;"/>
  <Strassen StrID="11223" StrName="Bruchweg" StrPLZ="30982" OrtID="253" Merkmal="1" Planquadrat="N&#xD;"/>
  <Strassen StrID="11224" StrName="Moltkestraße" StrPLZ="57319" OrtID="797" Merkmal="1" Planquadrat="N&#xD;"/>
  <Strassen StrID="11225" StrName="Osterbruchweg" StrPLZ="30966" OrtID="13" Merkmal="1" Planquadrat="N&#xD;"/>
  <Strassen StrID="11226" StrName="Grüner Weg" StrPLZ="38528" OrtID="217" Merkmal="1" Planquadrat="N&#xD;"/>
  <Strassen StrID="11227" StrName="Unterbruch" StrPLZ="47877" OrtID="798" Merkmal="1" Planquadrat="N&#xD;"/>
  <Strassen StrID="11228" StrName="Amtsvogt-Schlüter-Weg" StrPLZ="30938" OrtID="40" Merkmal="1" Planquadrat="N&#xD;"/>
  <Strassen StrID="11229" StrName="Hangstraße" StrPLZ="30916" OrtID="21" Merkmal="1" Planquadrat="N&#xD;"/>
  <Strassen StrID="11230" StrName="Kirchstraße" StrPLZ="30966" OrtID="13" Merkmal="1" Planquadrat="N&#xD;"/>
  <Strassen StrID="11231" StrName="Schälenkamp" StrPLZ="30827" OrtID="149" Merkmal="1" Planquadrat="N&#xD;"/>
  <Strassen StrID="11232" StrName="Herzog-Ernst-Ring" StrPLZ="29221" OrtID="115" Merkmal="1" Planquadrat="N&#xD;"/>
  <Strassen StrID="11233" StrName="Im Bülten" StrPLZ="31592" OrtID="799" Merkmal="1" Planquadrat="N&#xD;"/>
  <Strassen StrID="11234" StrName="Ringstraße" StrPLZ="31515" OrtID="319" Merkmal="1" Planquadrat="N&#xD;"/>
  <Strassen StrID="11235" StrName="Korvettenstraße" StrPLZ="23558" OrtID="214" Merkmal="1" Planquadrat="N&#xD;"/>
  <Strassen StrID="11236" StrName="Westbeeke" StrPLZ="30900" OrtID="25" Merkmal="1" Planquadrat="N&#xD;"/>
  <Strassen StrID="11237" StrName="Stettiner Straße" StrPLZ="31141" OrtID="9" Merkmal="1" Planquadrat="N&#xD;"/>
  <Strassen StrID="11238" StrName="Franz Ludwig Straße" StrPLZ="97072" OrtID="414" Merkmal="1" Planquadrat="N&#xD;"/>
  <Strassen StrID="11239" StrName="Diesterwegstraße" StrPLZ="33604" OrtID="101" Merkmal="1" Planquadrat="N&#xD;"/>
  <Strassen StrID="11240" StrName="Lachdorf" StrPLZ="31867" OrtID="24" Merkmal="1" Planquadrat="N"/>
  <Strassen StrID="11241" StrName="Birkenstraße" StrPLZ="40233" OrtID="127" Merkmal="1" Planquadrat="N&#xD;"/>
  <Strassen StrID="11242" StrName="Heinrich-Heine-Straße" StrPLZ="30851" OrtID="27" Merkmal="1" Planquadrat="N&#xD;"/>
  <Strassen StrID="11243" StrName="Klusweg" StrPLZ="30982" OrtID="253" Merkmal="1" Planquadrat="N&#xD;"/>
  <Strassen StrID="11244" StrName="Oheriedentrift" StrPLZ="30539" OrtID="1" Merkmal="1" Planquadrat="N&#xD;"/>
  <Strassen StrID="11245" StrName="Alte Marsch" StrPLZ="27478" OrtID="753" Merkmal="1" Planquadrat="N&#xD;"/>
  <Strassen StrID="11246" StrName="338 Woodcliffe Place Dr." StrPLZ="XXX" OrtID="800" Merkmal="1" Planquadrat="N"/>
  <Strassen StrID="11247" StrName="Dankerserstraße" StrPLZ="32423" OrtID="512" Merkmal="1" Planquadrat="N&#xD;"/>
  <Strassen StrID="11249" StrName="Dorfstraße" StrPLZ="25560" OrtID="801" Merkmal="1" Planquadrat="N&#xD;"/>
  <Strassen StrID="11250" StrName="Dollberger Straße" StrPLZ="31234" OrtID="128" Merkmal="1" Planquadrat="N&#xD;"/>
  <Strassen StrID="11251" StrName="Otfried-Müller Straße" StrPLZ="72076" OrtID="803" Merkmal="1" Planquadrat="N&#xD;"/>
  <Strassen StrID="11252" StrName="Lehmbuschfeld" StrPLZ="30539" OrtID="1" Merkmal="1" Planquadrat="N&#xD;"/>
  <Strassen StrID="11253" StrName="Godshorner Straße" StrPLZ="30851" OrtID="27" Merkmal="1" Planquadrat="N&#xD;"/>
  <Strassen StrID="11254" StrName="Vörier Straße" StrPLZ="30952" OrtID="3" Merkmal="1" Planquadrat="N&#xD;"/>
  <Strassen StrID="11255" StrName="Im Kurzen Felde" StrPLZ="30916" OrtID="21" Merkmal="1" Planquadrat="N&#xD;"/>
  <Strassen StrID="11256" StrName="Zum Heyn" StrPLZ="76351" OrtID="804" Merkmal="1" Planquadrat="N&#xD;"/>
  <Strassen StrID="11258" StrName="Max-Brauer-Allee" StrPLZ="22765" OrtID="39" Merkmal="1" Planquadrat="N&#xD;"/>
  <Strassen StrID="11259" StrName="Stettiner Str." StrPLZ="29386" OrtID="805" Merkmal="1" Planquadrat="N&#xD;"/>
  <Strassen StrID="11260" StrName="Jürsegrund" StrPLZ="30900" OrtID="25" Merkmal="1" Planquadrat="N&#xD;"/>
  <Strassen StrID="11261" StrName="Jungfernstieg" StrPLZ="20354" OrtID="39" Merkmal="1" Planquadrat="N&#xD;"/>
  <Strassen StrID="11262" StrName="Twegten" StrPLZ="30900" OrtID="25" Merkmal="1" Planquadrat="N&#xD;"/>
  <Strassen StrID="11263" StrName="Spitzwegstraße" StrPLZ="31515" OrtID="319" Merkmal="1" Planquadrat="N&#xD;"/>
  <Strassen StrID="11264" StrName="Planckstraße" StrPLZ="39104" OrtID="216" Merkmal="1" Planquadrat="N"/>
  <Strassen StrID="11265" StrName="Am Holze" StrPLZ="30900" OrtID="25" Merkmal="1" Planquadrat="N&#xD;"/>
  <Strassen StrID="11266" StrName="Magdalenenstraße" StrPLZ="20148" OrtID="39" Merkmal="1" Planquadrat="N&#xD;"/>
  <Strassen StrID="11267" StrName="Am Krummen Bach" StrPLZ="31655" OrtID="32" Merkmal="1" Planquadrat="N&#xD;"/>
  <Strassen StrID="11268" StrName="Wacholderweg" StrPLZ="33609" OrtID="101" Merkmal="1" Planquadrat="N&#xD;"/>
  <Strassen StrID="11269" StrName="Helweg" StrPLZ="30982" OrtID="253" Merkmal="1" Planquadrat="N&#xD;"/>
  <Strassen StrID="11270" StrName="Am Hengelsberg" StrPLZ="49124" OrtID="551" Merkmal="1" Planquadrat="N&#xD;"/>
  <Strassen StrID="11271" StrName="Gerstenkamp" StrPLZ="30826" OrtID="149" Merkmal="1" Planquadrat="N&#xD;"/>
  <Strassen StrID="11272" StrName="Bornstraße" StrPLZ="31311" OrtID="294" Merkmal="1" Planquadrat="N&#xD;"/>
  <Strassen StrID="11273" StrName="Starenweg" StrPLZ="27299" OrtID="806" Merkmal="1" Planquadrat="N&#xD;"/>
  <Strassen StrID="11274" StrName="Grimmstraße" StrPLZ="30827" OrtID="149" Merkmal="1" Planquadrat="N&#xD;"/>
  <Strassen StrID="11275" StrName="Karthäuserhofweg" StrPLZ="56075" OrtID="807" Merkmal="1" Planquadrat="N&#xD;"/>
  <Strassen StrID="11276" StrName="Süntelstraße" StrPLZ="49088" OrtID="249" Merkmal="1" Planquadrat="N&#xD;"/>
  <Strassen StrID="11277" StrName="Dorfstraße" StrPLZ="30966" OrtID="13" Merkmal="1" Planquadrat="N&#xD;"/>
  <Strassen StrID="11278" StrName="Avenser Weg" StrPLZ="21255" OrtID="808" Merkmal="1" Planquadrat="N&#xD;"/>
  <Strassen StrID="11279" StrName="Theda-Behme-Straße" StrPLZ="30457" OrtID="1" Merkmal="1" Planquadrat="N&#xD;"/>
  <Strassen StrID="11280" StrName="Waldweg" StrPLZ="29336" OrtID="430" Merkmal="1" Planquadrat="N&#xD;"/>
  <Strassen StrID="11281" StrName="Mühlenstraße" StrPLZ="31185" OrtID="773" Merkmal="1" Planquadrat="N&#xD;"/>
  <Strassen StrID="11282" StrName="Bornstraße" StrPLZ="65719" OrtID="809" Merkmal="1" Planquadrat="N&#xD;"/>
  <Strassen StrID="11283" StrName="Hindenburgallee" StrPLZ="30989" OrtID="5" Merkmal="1" Planquadrat="N&#xD;"/>
  <Strassen StrID="11284" StrName="Mühlenweg" StrPLZ="30952" OrtID="3" Merkmal="1" Planquadrat="N&#xD;"/>
  <Strassen StrID="11285" StrName="Beethovenring" StrPLZ="31275" OrtID="4" Merkmal="1" Planquadrat="N&#xD;"/>
  <Strassen StrID="11286" StrName="Uhlandstraße" StrPLZ="30890" OrtID="2" Merkmal="1" Planquadrat="N&#xD;"/>
  <Strassen StrID="11287" StrName="Fürstenwall" StrPLZ="40215" OrtID="127" Merkmal="1" Planquadrat="N&#xD;"/>
  <Strassen StrID="11288" StrName="Albrechtstraße" StrPLZ="71636" OrtID="777" Merkmal="1" Planquadrat="N&#xD;"/>
  <Strassen StrID="11289" StrName="Buchenkamp" StrPLZ="30827" OrtID="149" Merkmal="1" Planquadrat="N&#xD;"/>
  <Strassen StrID="11290" StrName="Wegenerstraße" StrPLZ="45131" OrtID="42" Merkmal="1" Planquadrat="N&#xD;"/>
  <Strassen StrID="11291" StrName="Allensteiner Straße" StrPLZ="30880" OrtID="200" Merkmal="1" Planquadrat="N&#xD;"/>
  <Strassen StrID="11292" StrName="Allerstraße" StrPLZ="38448" OrtID="315" Merkmal="1" Planquadrat="N&#xD;"/>
  <Strassen StrID="11293" StrName="Gartenweg" StrPLZ="30966" OrtID="13" Merkmal="1" Planquadrat="N&#xD;"/>
  <Strassen StrID="11294" StrName="Schubertsraße" StrPLZ="308" OrtID="27" Merkmal="1" Planquadrat="N&#xD;"/>
  <Strassen StrID="11295" StrName="Schubertstraße" StrPLZ="30900" OrtID="25" Merkmal="1" Planquadrat="N&#xD;"/>
  <Strassen StrID="11296" StrName="Lügensteinweg" StrPLZ="30890" OrtID="2" Merkmal="1" Planquadrat="N&#xD;"/>
  <Strassen StrID="11297" StrName="Jägerstraße" StrPLZ="30880" OrtID="200" Merkmal="1" Planquadrat="N&#xD;"/>
  <Strassen StrID="11298" StrName="Auf der Masch" StrPLZ="30982" OrtID="253" Merkmal="1" Planquadrat="N&#xD;"/>
  <Strassen StrID="11299" StrName="Eichendorffstraße" StrPLZ="31535" OrtID="22" Merkmal="1" Planquadrat="N&#xD;"/>
  <Strassen StrID="11300" StrName="Aurikelstieg" StrPLZ="22850" OrtID="238" Merkmal="1" Planquadrat="N&#xD;"/>
  <Strassen StrID="11301" StrName="Dresdener Weg" StrPLZ="31552" OrtID="263" Merkmal="1" Planquadrat="N&#xD;"/>
  <Strassen StrID="11302" StrName="Ahrensburger Weg" StrPLZ="22359" OrtID="39" Merkmal="1" Planquadrat="N&#xD;"/>
  <Strassen StrID="11303" StrName="Gustav-Pries-Straße" StrPLZ="30966" OrtID="13" Merkmal="1" Planquadrat="N&#xD;"/>
  <Strassen StrID="11304" StrName="Eichendorffstraße" StrPLZ="30916" OrtID="21" Merkmal="1" Planquadrat="N&#xD;"/>
  <Strassen StrID="11305" StrName="Görlitzer Strasse" StrPLZ="30952" OrtID="3" Merkmal="1" Planquadrat="N&#xD;"/>
  <Strassen StrID="11307" StrName="Ahnsener Weg" StrPLZ="31535" OrtID="22" Merkmal="1" Planquadrat="N&#xD;"/>
  <Strassen StrID="11308" StrName="Anemonenweg" StrPLZ="30880" OrtID="200" Merkmal="1" Planquadrat="N&#xD;"/>
  <Strassen StrID="11309" StrName="Blumenstrasse" StrPLZ="90617" OrtID="811" Merkmal="1" Planquadrat="N&#xD;"/>
  <Strassen StrID="11310" StrName="Erlenweg" StrPLZ="31180" OrtID="152" Merkmal="1" Planquadrat="N&#xD;"/>
  <Strassen StrID="11311" StrName="An der Worth" StrPLZ="30916" OrtID="21" Merkmal="1" Planquadrat="N&#xD;"/>
  <Strassen StrID="11312" StrName="Drosselhof" StrPLZ="31582" OrtID="237" Merkmal="1" Planquadrat="N&#xD;"/>
  <Strassen StrID="11313" StrName="Hentzestraße" StrPLZ="34121" OrtID="11" Merkmal="1" Planquadrat="N"/>
  <Strassen StrID="11314" StrName="Tiefer Kamp" StrPLZ="30826" OrtID="149" Merkmal="1" Planquadrat="N&#xD;"/>
  <Strassen StrID="11315" StrName="Im Buchholzfelde" StrPLZ="30966" OrtID="13" Merkmal="1" Planquadrat="N&#xD;"/>
  <Strassen StrID="11316" StrName="Hermann-Stehr-Straße" StrPLZ="40882" OrtID="353" Merkmal="1" Planquadrat="N&#xD;"/>
  <Strassen StrID="11317" StrName="Im Hagen" StrPLZ="31832" OrtID="278" Merkmal="1" Planquadrat="N&#xD;"/>
  <Strassen StrID="11318" StrName="Wasmannstraße" StrPLZ="22307" OrtID="39" Merkmal="1" Planquadrat="N&#xD;"/>
  <Strassen StrID="11319" StrName="Postfach" StrPLZ="30022" OrtID="1" Merkmal="1" Planquadrat="N&#xD;"/>
  <Strassen StrID="11320" StrName="Siebenschön" StrPLZ="22529" OrtID="39" Merkmal="1" Planquadrat="N&#xD;"/>
  <Strassen StrID="11321" StrName="Delpstraße" StrPLZ="31303" OrtID="20" Merkmal="1" Planquadrat="N&#xD;"/>
  <Strassen StrID="11322" StrName="Löwenzahnweg" StrPLZ="80935" OrtID="225" Merkmal="1" Planquadrat="N&#xD;"/>
  <Strassen StrID="11323" StrName="Annabergweg" StrPLZ="30851" OrtID="27" Merkmal="1" Planquadrat="N&#xD;"/>
  <Strassen StrID="11324" StrName="Max-Müller-Straße" StrPLZ="30179" OrtID="1" Merkmal="1" Planquadrat="N&#xD;"/>
  <Strassen StrID="11325" StrName="Am Rottfeld" StrPLZ="31707" OrtID="812" Merkmal="1" Planquadrat="N&#xD;"/>
  <Strassen StrID="11326" StrName="Mittelweg" StrPLZ="37133" OrtID="813" Merkmal="1" Planquadrat="N&#xD;"/>
  <Strassen StrID="11327" StrName="Max-Planck-Straße" StrPLZ="30880" OrtID="200" Merkmal="1" Planquadrat="N&#xD;"/>
  <Strassen StrID="11328" StrName="Helene Wessel Strasse" StrPLZ="30880" OrtID="200" Merkmal="1" Planquadrat="N&#xD;"/>
  <Strassen StrID="11329" StrName="Hahnenfußweg" StrPLZ="30826" OrtID="149" Merkmal="1" Planquadrat="N&#xD;"/>
  <Strassen StrID="11330" StrName="Glockenblumenweg" StrPLZ="30826" OrtID="149" Merkmal="1" Planquadrat="N&#xD;"/>
  <Strassen StrID="11331" StrName="Flemingstraße" StrPLZ="30880" OrtID="200" Merkmal="1" Planquadrat="N&#xD;"/>
  <Strassen StrID="11332" StrName="Christchurch Street" StrPLZ="SW34AR" OrtID="1264" Merkmal="1" Planquadrat="N"/>
  <Strassen StrID="11333" StrName="Magdeburger Strasse" StrPLZ="30880" OrtID="200" Merkmal="1" Planquadrat="N&#xD;"/>
  <Strassen StrID="11334" StrName="Hauptstr." StrPLZ="31559" OrtID="501" Merkmal="1" Planquadrat="N&#xD;"/>
  <Strassen StrID="11335" StrName="Nikolaus- Otto- Str." StrPLZ="30989" OrtID="5" Merkmal="1" Planquadrat="N&#xD;"/>
  <Strassen StrID="11336" StrName="Büchnerstraße" StrPLZ="64342" OrtID="685" Merkmal="1" Planquadrat="N&#xD;"/>
  <Strassen StrID="11337" StrName="Leibnitzstrasse" StrPLZ="30827" OrtID="149" Merkmal="1" Planquadrat="N&#xD;"/>
  <Strassen StrID="11338" StrName="Liebigstraße" StrPLZ="30851" OrtID="27" Merkmal="1" Planquadrat="N&#xD;"/>
  <Strassen StrID="11339" StrName="Auf dem Büschelchen" StrPLZ="54516" OrtID="814" Merkmal="1" Planquadrat="N&#xD;"/>
  <Strassen StrID="11340" StrName="Im Winkel" StrPLZ="30952" OrtID="3" Merkmal="1" Planquadrat="N&#xD;"/>
  <Strassen StrID="11341" StrName="Bergstrasse" StrPLZ="30974" OrtID="307" Merkmal="1" Planquadrat="N&#xD;"/>
  <Strassen StrID="11342" StrName="Habichthorst" StrPLZ="30823" OrtID="149" Merkmal="1" Planquadrat="N&#xD;"/>
  <Strassen StrID="11344" StrName="St. Georgen-Strasse" StrPLZ="55232" OrtID="815" Merkmal="1" Planquadrat="N&#xD;"/>
  <Strassen StrID="11345" StrName="Dachsgang" StrPLZ="31789" OrtID="19" Merkmal="1" Planquadrat="N&#xD;"/>
  <Strassen StrID="11346" StrName="Klappenweg" StrPLZ="30989" OrtID="5" Merkmal="1" Planquadrat="N&#xD;"/>
  <Strassen StrID="11347" StrName="Suerser Weg" StrPLZ="30974" OrtID="307" Merkmal="1" Planquadrat="N&#xD;"/>
  <Strassen StrID="11348" StrName="Lortzingweg" StrPLZ="31275" OrtID="4" Merkmal="1" Planquadrat="N&#xD;"/>
  <Strassen StrID="11349" StrName="An der Weide" StrPLZ="30900" OrtID="25" Merkmal="1" Planquadrat="N&#xD;"/>
  <Strassen StrID="11350" StrName="Ringweg" StrPLZ="29323" OrtID="311" Merkmal="1" Planquadrat="N&#xD;"/>
  <Strassen StrID="11351" StrName="Gartenstrasse" StrPLZ="30826" OrtID="149" Merkmal="1" Planquadrat="N&#xD;"/>
  <Strassen StrID="11352" StrName="Eichendorffstr." StrPLZ="25576" OrtID="110" Merkmal="1" Planquadrat="N&#xD;"/>
  <Strassen StrID="11353" StrName="Im Kreuzhorn" StrPLZ="30890" OrtID="2" Merkmal="1" Planquadrat="N&#xD;"/>
  <Strassen StrID="11354" StrName="Jenny-Meyer-Straße" StrPLZ="30880" OrtID="200" Merkmal="1" Planquadrat="N&#xD;"/>
  <Strassen StrID="11355" StrName="Milanweg" StrPLZ="44229" OrtID="125" Merkmal="1" Planquadrat="N&#xD;"/>
  <Strassen StrID="11356" StrName="Burchard-Retschy-Ring" StrPLZ="31275" OrtID="4" Merkmal="1" Planquadrat="N&#xD;"/>
  <Strassen StrID="11357" StrName="Am Lehmgraben" StrPLZ="31515" OrtID="319" Merkmal="1" Planquadrat="N&#xD;"/>
  <Strassen StrID="11358" StrName="Justus-von-Liebig-Straße" StrPLZ="31535" OrtID="22" Merkmal="1" Planquadrat="N&#xD;"/>
  <Strassen StrID="11359" StrName="Dorfstraße" StrPLZ="25569" OrtID="816" Merkmal="1" Planquadrat="N&#xD;"/>
  <Strassen StrID="11360" StrName="Schopenhauerweg" StrPLZ="30989" OrtID="5" Merkmal="1" Planquadrat="N&#xD;"/>
  <Strassen StrID="11361" StrName="Im Heidlande" StrPLZ="29217" OrtID="115" Merkmal="1" Planquadrat="N&#xD;"/>
  <Strassen StrID="11362" StrName="Bahnhofstrasse" StrPLZ="31832" OrtID="278" Merkmal="1" Planquadrat="N&#xD;"/>
  <Strassen StrID="11363" StrName="Suedwall" StrPLZ="29221" OrtID="115" Merkmal="1" Planquadrat="N&#xD;"/>
  <Strassen StrID="11364" StrName="Dorfstrasse" StrPLZ="30900" OrtID="25" Merkmal="1" Planquadrat="N&#xD;"/>
  <Strassen StrID="11365" StrName="Hamelnerstrasse" StrPLZ="31789" OrtID="19" Merkmal="1" Planquadrat="N&#xD;"/>
  <Strassen StrID="11366" StrName="Marschweg" StrPLZ="30826" OrtID="149" Merkmal="1" Planquadrat="N&#xD;"/>
  <Strassen StrID="11367" StrName="Lemmierstrasse" StrPLZ="30989" OrtID="5" Merkmal="1" Planquadrat="N&#xD;"/>
  <Strassen StrID="11368" StrName="Denkmalsweg" StrPLZ="30952" OrtID="3" Merkmal="1" Planquadrat="N&#xD;"/>
  <Strassen StrID="11369" StrName="Tillyschanze" StrPLZ="31167" OrtID="617" Merkmal="1" Planquadrat="N&#xD;"/>
  <Strassen StrID="11370" StrName="Bergartenstrasse" StrPLZ="30952" OrtID="3" Merkmal="1" Planquadrat="N&#xD;"/>
  <Strassen StrID="11371" StrName="Hagenweg" StrPLZ="31863" OrtID="117" Merkmal="1" Planquadrat="N&#xD;"/>
  <Strassen StrID="11372" StrName="Brockenblick" StrPLZ="31249" OrtID="185" Merkmal="1" Planquadrat="N&#xD;"/>
  <Strassen StrID="11373" StrName="Ermlandstrasse" StrPLZ="30916" OrtID="21" Merkmal="1" Planquadrat="N&#xD;"/>
  <Strassen StrID="11374" StrName="Im Wiesengrund" StrPLZ="31157" OrtID="268" Merkmal="1" Planquadrat="N&#xD;"/>
  <Strassen StrID="11375" StrName="Schalkmühle" StrPLZ="58579" OrtID="817" Merkmal="1" Planquadrat="N&#xD;"/>
  <Strassen StrID="11376" StrName="Kaiserstraße" StrPLZ="53840" OrtID="818" Merkmal="1" Planquadrat="N&#xD;"/>
  <Strassen StrID="11377" StrName="Lindenweg" StrPLZ="30827" OrtID="149" Merkmal="1" Planquadrat="N&#xD;"/>
  <Strassen StrID="11378" StrName="Bernd-Bücker-Straße" StrPLZ="48499" OrtID="644" Merkmal="1" Planquadrat="N&#xD;"/>
  <Strassen StrID="11379" StrName="Brückenstrasse" StrPLZ="69120" OrtID="621" Merkmal="1" Planquadrat="N&#xD;"/>
  <Strassen StrID="11380" StrName="Triemerstrasse" StrPLZ="31582" OrtID="237" Merkmal="1" Planquadrat="N&#xD;"/>
  <Strassen StrID="11381" StrName="Im Grossen Bergfeld" StrPLZ="30989" OrtID="5" Merkmal="1" Planquadrat="N&#xD;"/>
  <Strassen StrID="11382" StrName="Im Grossen Bergfeld" StrPLZ="30989" OrtID="5" Merkmal="1" Planquadrat="N&#xD;"/>
  <Strassen StrID="11383" StrName="Greferweg" StrPLZ="30900" OrtID="25" Merkmal="1" Planquadrat="N&#xD;"/>
  <Strassen StrID="11384" StrName="Enzianweg" StrPLZ="3088ß" OrtID="200" Merkmal="1" Planquadrat="N&#xD;"/>
  <Strassen StrID="11385" StrName="Marktsrasse" StrPLZ="30880" OrtID="200" Merkmal="1" Planquadrat="N&#xD;"/>
  <Strassen StrID="11386" StrName="Braunschweiger Str." StrPLZ="29358" OrtID="132" Merkmal="1" Planquadrat="N&#xD;"/>
  <Strassen StrID="11387" StrName="Am Südende" StrPLZ="31275" OrtID="4" Merkmal="1" Planquadrat="N&#xD;"/>
  <Strassen StrID="11388" StrName="Schulstrasse" StrPLZ="31224" OrtID="7" Merkmal="1" Planquadrat="N&#xD;"/>
  <Strassen StrID="11389" StrName="Saaleweg" StrPLZ="30851" OrtID="27" Merkmal="1" Planquadrat="N&#xD;"/>
  <Strassen StrID="11390" StrName="Sportweg" StrPLZ="30880" OrtID="200" Merkmal="1" Planquadrat="N&#xD;"/>
  <Strassen StrID="11391" StrName="Hermann-Löns-Weg" StrPLZ="30938" OrtID="40" Merkmal="1" Planquadrat="N&#xD;"/>
  <Strassen StrID="11392" StrName="Klöcknerstraße" StrPLZ="30926" OrtID="6" Merkmal="1" Planquadrat="N&#xD;"/>
  <Strassen StrID="11393" StrName="Im Meier Busch" StrPLZ="31535" OrtID="22" Merkmal="1" Planquadrat="N&#xD;"/>
  <Strassen StrID="11394" StrName="Harenberger Meile" StrPLZ="30926" OrtID="6" Merkmal="1" Planquadrat="N&#xD;"/>
  <Strassen StrID="11395" StrName="Wegstrasse" StrPLZ="31319" OrtID="276" Merkmal="1" Planquadrat="N&#xD;"/>
  <Strassen StrID="11396" StrName="Knappenweg" StrPLZ="30952" OrtID="3" Merkmal="1" Planquadrat="N&#xD;"/>
  <Strassen StrID="11397" StrName="Adelheidstraße" StrPLZ="65185" OrtID="50" Merkmal="1" Planquadrat="N&#xD;"/>
  <Strassen StrID="11398" StrName="ludolfinger weg" StrPLZ="13465" OrtID="18" Merkmal="1" Planquadrat="N&#xD;"/>
  <Strassen StrID="11399" StrName="Kötnerende" StrPLZ="29690" OrtID="460" Merkmal="1" Planquadrat="N&#xD;"/>
  <Strassen StrID="11400" StrName="Polluxhof" StrPLZ="30823" OrtID="149" Merkmal="1" Planquadrat="N&#xD;"/>
  <Strassen StrID="11401" StrName="Planstraße" StrPLZ="31061" OrtID="74" Merkmal="1" Planquadrat="N&#xD;"/>
  <Strassen StrID="11402" StrName="Barlowstraße" StrPLZ="81927" OrtID="225" Merkmal="1" Planquadrat="N&#xD;"/>
  <Strassen StrID="11403" StrName="Ilse-ter-Meer-Weg" StrPLZ="30449" OrtID="1" Merkmal="1" Planquadrat="N&#xD;"/>
  <Strassen StrID="11404" StrName="Erlenweg" StrPLZ="30890" OrtID="2" Merkmal="1" Planquadrat="N&#xD;"/>
  <Strassen StrID="11405" StrName="Theodor-Heuss-Str." StrPLZ="30926" OrtID="6" Merkmal="1" Planquadrat="N&#xD;"/>
  <Strassen StrID="11406" StrName="Hauptstr." StrPLZ="57632" OrtID="819" Merkmal="1" Planquadrat="N&#xD;"/>
  <Strassen StrID="11407" StrName="Lessingstraße" StrPLZ="79100" OrtID="16" Merkmal="1" Planquadrat="N&#xD;"/>
  <Strassen StrID="11408" StrName="Goldbergstraße" StrPLZ="34125" OrtID="11" Merkmal="1" Planquadrat="N"/>
  <Strassen StrID="11409" StrName="Leipziger Strasse" StrPLZ="31832" OrtID="278" Merkmal="1" Planquadrat="N&#xD;"/>
  <Strassen StrID="11410" StrName="Obere Burghalde" StrPLZ="71229" OrtID="209" Merkmal="1" Planquadrat="N&#xD;"/>
  <Strassen StrID="11411" StrName="Wilhelm-Henze-Weg" StrPLZ="31319" OrtID="276" Merkmal="1" Planquadrat="N&#xD;"/>
  <Strassen StrID="11412" StrName="Horster Weg" StrPLZ="30853" OrtID="27" Merkmal="1" Planquadrat="N&#xD;"/>
  <Strassen StrID="11413" StrName="Gilborn" StrPLZ="30900" OrtID="25" Merkmal="1" Planquadrat="N&#xD;"/>
  <Strassen StrID="11415" StrName="Innstraße" StrPLZ="84513" OrtID="821" Merkmal="1" Planquadrat="N&#xD;"/>
  <Strassen StrID="11416" StrName="Mühlenstraße" StrPLZ="29353" OrtID="822" Merkmal="1" Planquadrat="N&#xD;"/>
  <Strassen StrID="11417" StrName="Niedernhagen" StrPLZ="31702" OrtID="823" Merkmal="1" Planquadrat="N&#xD;"/>
  <Strassen StrID="11418" StrName="Calenberger Esplanade" StrPLZ="30169" OrtID="1" Merkmal="1" Planquadrat="N&#xD;"/>
  <Strassen StrID="11419" StrName="Pattenser Straße" StrPLZ="31157" OrtID="268" Merkmal="1" Planquadrat="N&#xD;"/>
  <Strassen StrID="11420" StrName="Sommerterrasse" StrPLZ="22926" OrtID="824" Merkmal="1" Planquadrat="N&#xD;"/>
  <Strassen StrID="11421" StrName="Bispinger Straße" StrPLZ="28329" OrtID="109" Merkmal="1" Planquadrat="N&#xD;"/>
  <Strassen StrID="11422" StrName="Kronsbergstrasse" StrPLZ="30880" OrtID="200" Merkmal="1" Planquadrat="N&#xD;"/>
  <Strassen StrID="11423" StrName="Dietrichstraße" StrPLZ="30827" OrtID="149" Merkmal="1" Planquadrat="N&#xD;"/>
  <Strassen StrID="11424" StrName="Danmmstrasse" StrPLZ="30938" OrtID="40" Merkmal="1" Planquadrat="N&#xD;"/>
  <Strassen StrID="11425" StrName="Grillenweg" StrPLZ="30559" OrtID="1" Merkmal="1" Planquadrat="N&#xD;"/>
  <Strassen StrID="11426" StrName="Mühlenweg" StrPLZ="21445" OrtID="825" Merkmal="1" Planquadrat="N&#xD;"/>
  <Strassen StrID="11427" StrName="Höhenkamp" StrPLZ="30827" OrtID="149" Merkmal="1" Planquadrat="N&#xD;"/>
  <Strassen StrID="11428" StrName="Weinkampswende" StrPLZ="30539" OrtID="1" Merkmal="1" Planquadrat="N&#xD;"/>
  <Strassen StrID="11429" StrName="Kleine Hochstraße" StrPLZ="60313" OrtID="41" Merkmal="1" Planquadrat="N&#xD;"/>
  <Strassen StrID="11430" StrName="Am Todtenberg" StrPLZ="31855" OrtID="443" Merkmal="1" Planquadrat="N&#xD;"/>
  <Strassen StrID="11431" StrName="Adenauerstraße" StrPLZ="76275" OrtID="826" Merkmal="1" Planquadrat="N&#xD;"/>
  <Strassen StrID="11432" StrName="Boothsweg" StrPLZ="22609" OrtID="39" Merkmal="1" Planquadrat="N&#xD;"/>
  <Strassen StrID="11433" StrName="Am Niederhof" StrPLZ="30974" OrtID="307" Merkmal="1" Planquadrat="N&#xD;"/>
  <Strassen StrID="11434" StrName="Otto-Uhlig-Straße" StrPLZ="01454" OrtID="827" Merkmal="1" Planquadrat="N&#xD;"/>
  <Strassen StrID="11435" StrName="Kolenfelder Straße" StrPLZ="31515" OrtID="319" Merkmal="1" Planquadrat="N&#xD;"/>
  <Strassen StrID="11436" StrName="Im Kampe" StrPLZ="31832" OrtID="278" Merkmal="1" Planquadrat="N&#xD;"/>
  <Strassen StrID="11437" StrName="Spreinswinkel" StrPLZ="30926" OrtID="6" Merkmal="1" Planquadrat="N&#xD;"/>
  <Strassen StrID="11438" StrName="Fontanestraße" StrPLZ="30900" OrtID="25" Merkmal="1" Planquadrat="N&#xD;"/>
  <Strassen StrID="11439" StrName="Laher Abfindungen" StrPLZ="30659" OrtID="1" Merkmal="1" Planquadrat="N&#xD;"/>
  <Strassen StrID="11440" StrName="An der Nikolaikirche" StrPLZ="30880" OrtID="200" Merkmal="1" Planquadrat="N&#xD;"/>
  <Strassen StrID="11441" StrName="Seidlerweg" StrPLZ="31311" OrtID="294" Merkmal="1" Planquadrat="N&#xD;"/>
  <Strassen StrID="11442" StrName="Pestalozzistraße" StrPLZ="30938" OrtID="40" Merkmal="1" Planquadrat="N&#xD;"/>
  <Strassen StrID="11443" StrName="Bahnhofstrasse" StrPLZ="29690" OrtID="828" Merkmal="1" Planquadrat="N&#xD;"/>
  <Strassen StrID="11444" StrName="Am Schwimmbad" StrPLZ="29361" OrtID="677" Merkmal="1" Planquadrat="N&#xD;"/>
  <Strassen StrID="11446" StrName="Kirchbuschweg" StrPLZ="30926" OrtID="6" Merkmal="1" Planquadrat="N&#xD;"/>
  <Strassen StrID="11447" StrName="Holzweg" StrPLZ="55257" OrtID="831" Merkmal="0" Planquadrat="N&#xD;"/>
  <Strassen StrID="11448" StrName="Holzweg" StrPLZ="55237" OrtID="831" Merkmal="1" Planquadrat="N&#xD;"/>
  <Strassen StrID="11449" StrName="Hebbelstrasse" StrPLZ="31246" OrtID="784" Merkmal="1" Planquadrat="N&#xD;"/>
  <Strassen StrID="11450" StrName="Holzweg" StrPLZ="55237" OrtID="831" Merkmal="1" Planquadrat="N&#xD;"/>
  <Strassen StrID="11452" StrName="Deurag-Nerag-Straße" StrPLZ="30629" OrtID="1" Merkmal="1" Planquadrat="N&#xD;"/>
  <Strassen StrID="11453" StrName="Dorfstraße" StrPLZ="31311" OrtID="294" Merkmal="1" Planquadrat="N&#xD;"/>
  <Strassen StrID="11454" StrName="Ob de Elg" StrPLZ="22393" OrtID="39" Merkmal="1" Planquadrat="N&#xD;"/>
  <Strassen StrID="11455" StrName="Zinngießerstraße" StrPLZ="31789" OrtID="19" Merkmal="1" Planquadrat="N&#xD;"/>
  <Strassen StrID="11456" StrName="Im Thiefeld" StrPLZ="31832" OrtID="278" Merkmal="1" Planquadrat="N&#xD;"/>
  <Strassen StrID="11457" StrName="Königsberger Weg" StrPLZ="30966" OrtID="13" Merkmal="1" Planquadrat="N&#xD;"/>
  <Strassen StrID="11459" StrName="Platanenweg" StrPLZ="30926" OrtID="6" Merkmal="1" Planquadrat="N&#xD;"/>
  <Strassen StrID="11460" StrName="Nordstrasse" StrPLZ="30880" OrtID="200" Merkmal="1" Planquadrat="N&#xD;"/>
  <Strassen StrID="11461" StrName="Kattenbrookstrift" StrPLZ="30539" OrtID="1" Merkmal="1" Planquadrat="N&#xD;"/>
  <Strassen StrID="11462" StrName="Am Busch" StrPLZ="31553" OrtID="82" Merkmal="1" Planquadrat="N&#xD;"/>
  <Strassen StrID="11463" StrName="Allensteiner Weg" StrPLZ="24161" OrtID="832" Merkmal="1" Planquadrat="N&#xD;"/>
  <Strassen StrID="11464" StrName="Perfallstraße" StrPLZ="83727" OrtID="833" Merkmal="1" Planquadrat="N"/>
  <Strassen StrID="11465" StrName="Gutenbergstraße" StrPLZ="30966" OrtID="13" Merkmal="1" Planquadrat="N&#xD;"/>
  <Strassen StrID="11466" StrName="Schwalbennest" StrPLZ="30900" OrtID="25" Merkmal="1" Planquadrat="N&#xD;"/>
  <Strassen StrID="11467" StrName="Im Steinkamp" StrPLZ="31319" OrtID="276" Merkmal="1" Planquadrat="N&#xD;"/>
  <Strassen StrID="11468" StrName="Drosselwinkel" StrPLZ="30989" OrtID="5" Merkmal="1" Planquadrat="N&#xD;"/>
  <Strassen StrID="11469" StrName="Steinweg" StrPLZ="30989" OrtID="5" Merkmal="1" Planquadrat="N&#xD;"/>
  <Strassen StrID="11470" StrName="Wallstraße" StrPLZ="30938" OrtID="40" Merkmal="1" Planquadrat="N&#xD;"/>
  <Strassen StrID="11471" StrName="Dorfstrasse" StrPLZ="31275" OrtID="4" Merkmal="1" Planquadrat="N&#xD;"/>
  <Strassen StrID="11472" StrName="Lunapark" StrPLZ="30453" OrtID="1" Merkmal="1" Planquadrat="N&#xD;"/>
  <Strassen StrID="11473" StrName="Bunsenstraße" StrPLZ="30890" OrtID="2" Merkmal="1" Planquadrat="N&#xD;"/>
  <Strassen StrID="11474" StrName="Glatzer-Strasse" StrPLZ="31655" OrtID="32" Merkmal="1" Planquadrat="N&#xD;"/>
  <Strassen StrID="11475" StrName="Am Wehr" StrPLZ="30974" OrtID="307" Merkmal="1" Planquadrat="N&#xD;"/>
  <Strassen StrID="11476" StrName="Hubertusstraße" StrPLZ="65549" OrtID="835" Merkmal="1" Planquadrat="N&#xD;"/>
  <Strassen StrID="11477" StrName="Grahles Garten" StrPLZ="30900" OrtID="25" Merkmal="1" Planquadrat="N&#xD;"/>
  <Strassen StrID="11478" StrName="Firkenweg" StrPLZ="85774" OrtID="296" Merkmal="1" Planquadrat="N&#xD;"/>
  <Strassen StrID="11479" StrName="Markt" StrPLZ="04874" OrtID="836" Merkmal="1" Planquadrat="N&#xD;"/>
  <Strassen StrID="11480" StrName="Fischerweg" StrPLZ="31515" OrtID="319" Merkmal="1" Planquadrat="N&#xD;"/>
  <Strassen StrID="11481" StrName="Niedersachsenstasse" StrPLZ="30926" OrtID="6" Merkmal="1" Planquadrat="N&#xD;"/>
  <Strassen StrID="11482" StrName="Meißendorfer-Kirchweg" StrPLZ="29308" OrtID="375" Merkmal="1" Planquadrat="N&#xD;"/>
  <Strassen StrID="11483" StrName="Achterfeld" StrPLZ="24809" OrtID="837" Merkmal="1" Planquadrat="N&#xD;"/>
  <Strassen StrID="11484" StrName="Eichendorffstr." StrPLZ="29313" OrtID="164" Merkmal="1" Planquadrat="N&#xD;"/>
  <Strassen StrID="11485" StrName="Streitfeldstr." StrPLZ="31535" OrtID="22" Merkmal="1" Planquadrat="N&#xD;"/>
  <Strassen StrID="11486" StrName="Degerser Straße" StrPLZ="30974" OrtID="307" Merkmal="1" Planquadrat="N&#xD;"/>
  <Strassen StrID="11487" StrName="Hannoversche Straße" StrPLZ="30952" OrtID="3" Merkmal="1" Planquadrat="N&#xD;"/>
  <Strassen StrID="11488" StrName="Sommerlindenallee" StrPLZ="30519" OrtID="1" Merkmal="1" Planquadrat="N&#xD;"/>
  <Strassen StrID="11489" StrName="Zähringerstraße" StrPLZ="10707" OrtID="18" Merkmal="1" Planquadrat="N&#xD;"/>
  <Strassen StrID="11490" StrName="Otto-Ehrhardt-Straße" StrPLZ="30823" OrtID="149" Merkmal="1" Planquadrat="N&#xD;"/>
  <Strassen StrID="11491" StrName="Carl-von Ossietzky-Weg" StrPLZ="30823" OrtID="149" Merkmal="1" Planquadrat="N&#xD;"/>
  <Strassen StrID="11492" StrName="Auf dem Kessellande" StrPLZ="30900" OrtID="25" Merkmal="1" Planquadrat="N&#xD;"/>
  <Strassen StrID="11493" StrName="Herzogweg" StrPLZ="31275" OrtID="4" Merkmal="1" Planquadrat="N&#xD;"/>
  <Strassen StrID="11494" StrName="Hahnenfeldstraße" StrPLZ="86825" OrtID="838" Merkmal="1" Planquadrat="N&#xD;"/>
  <Strassen StrID="11495" StrName="Laufenerstr." StrPLZ="79114" OrtID="16" Merkmal="1" Planquadrat="N&#xD;"/>
  <Strassen StrID="11496" StrName="Am Hof" StrPLZ="53639" OrtID="839" Merkmal="1" Planquadrat="N"/>
  <Strassen StrID="11497" StrName="Wehweg" StrPLZ="30974" OrtID="307" Merkmal="1" Planquadrat="N&#xD;"/>
  <Strassen StrID="11498" StrName="Eichwaldstraße" StrPLZ="60385" OrtID="41" Merkmal="1" Planquadrat="N&#xD;"/>
  <Strassen StrID="11499" StrName="Bunte Straße" StrPLZ="48496" OrtID="840" Merkmal="1" Planquadrat="N&#xD;"/>
  <Strassen StrID="11500" StrName="Justus-von-Liebig-Straße" StrPLZ="31162" OrtID="95" Merkmal="1" Planquadrat="N&#xD;"/>
  <Strassen StrID="11501" StrName="Alte Rathausstraße" StrPLZ="30880" OrtID="200" Merkmal="1" Planquadrat="N&#xD;"/>
  <Strassen StrID="11502" StrName="Düsterstrasse" StrPLZ="30926" OrtID="6" Merkmal="1" Planquadrat="N&#xD;"/>
  <Strassen StrID="11503" StrName="Breslauer Strasse" StrPLZ="30900" OrtID="25" Merkmal="1" Planquadrat="N&#xD;"/>
  <Strassen StrID="11504" StrName="Wasserwekstrasse" StrPLZ="30900" OrtID="25" Merkmal="1" Planquadrat="N&#xD;"/>
  <Strassen StrID="11505" StrName="Am Holze" StrPLZ="28876" OrtID="251" Merkmal="1" Planquadrat="N&#xD;"/>
  <Strassen StrID="11506" StrName="Osterende" StrPLZ="30890" OrtID="2" Merkmal="1" Planquadrat="N&#xD;"/>
  <Strassen StrID="11507" StrName="Dr. Niemeyer-Weg" StrPLZ="31637" OrtID="842" Merkmal="1" Planquadrat="N&#xD;"/>
  <Strassen StrID="11508" StrName="Vor dem Bardowicker Tore" StrPLZ="21339" OrtID="376" Merkmal="1" Planquadrat="N&#xD;"/>
  <Strassen StrID="11509" StrName="Am Exerzierplatz" StrPLZ="31582" OrtID="237" Merkmal="1" Planquadrat="N&#xD;"/>
  <Strassen StrID="11510" StrName="Im Winkel" StrPLZ="30916" OrtID="21" Merkmal="1" Planquadrat="N&#xD;"/>
  <Strassen StrID="11511" StrName="Am Stockfeld" StrPLZ="30890" OrtID="2" Merkmal="1" Planquadrat="N&#xD;"/>
  <Strassen StrID="11512" StrName="Weidenweg" StrPLZ="30890" OrtID="2" Merkmal="1" Planquadrat="N&#xD;"/>
  <Strassen StrID="11513" StrName="Rudolf-Harbig-Strasse" StrPLZ="30982" OrtID="253" Merkmal="1" Planquadrat="N&#xD;"/>
  <Strassen StrID="11514" StrName="Donatusstraße" StrPLZ="50374" OrtID="569" Merkmal="1" Planquadrat="N&#xD;"/>
  <Strassen StrID="11515" StrName="Klosterhof" StrPLZ="38312" OrtID="843" Merkmal="1" Planquadrat="N&#xD;"/>
  <Strassen StrID="11516" StrName="Boysenstr" StrPLZ="31134" OrtID="9" Merkmal="1" Planquadrat="N&#xD;"/>
  <Strassen StrID="11517" StrName="Siedlerweg" StrPLZ="31311" OrtID="294" Merkmal="1" Planquadrat="N&#xD;"/>
  <Strassen StrID="11518" StrName="2300 Overfielroad" StrPLZ="L6M3V3" OrtID="844" Merkmal="1" Planquadrat="N"/>
  <Strassen StrID="11519" StrName="Landstraße" StrPLZ="30880" OrtID="200" Merkmal="1" Planquadrat="N&#xD;"/>
  <Strassen StrID="11521" StrName="Andreaestraße" StrPLZ="30826" OrtID="149" Merkmal="1" Planquadrat="N&#xD;"/>
  <Strassen StrID="11522" StrName="Alte Trift" StrPLZ="30900" OrtID="25" Merkmal="1" Planquadrat="N&#xD;"/>
  <Strassen StrID="11523" StrName="Allerweg" StrPLZ="30880" OrtID="200" Merkmal="1" Planquadrat="N&#xD;"/>
  <Strassen StrID="11524" StrName="Waldfrieden" StrPLZ="31275" OrtID="4" Merkmal="1" Planquadrat="N&#xD;"/>
  <Strassen StrID="11525" StrName="Hermannstraße" StrPLZ="31180" OrtID="573" Merkmal="1" Planquadrat="N&#xD;"/>
  <Strassen StrID="11526" StrName="An der Trift" StrPLZ="38678" OrtID="493" Merkmal="1" Planquadrat="N&#xD;"/>
  <Strassen StrID="11527" StrName="Süntelstraße" StrPLZ="31848" OrtID="89" Merkmal="1" Planquadrat="N&#xD;"/>
  <Strassen StrID="11528" StrName="Iffezheimer Weg" StrPLZ="30853" OrtID="27" Merkmal="1" Planquadrat="N&#xD;"/>
  <Strassen StrID="11529" StrName="Hüpeder-Strasse" StrPLZ="31832" OrtID="278" Merkmal="1" Planquadrat="N&#xD;"/>
  <Strassen StrID="11530" StrName="Ilmenauer Strasse" StrPLZ="14193" OrtID="18" Merkmal="1" Planquadrat="N&#xD;"/>
  <Strassen StrID="11531" StrName="Zahrenkamp" StrPLZ="30890" OrtID="2" Merkmal="1" Planquadrat="N&#xD;"/>
  <Strassen StrID="11532" StrName="Stieglitzstrasse" StrPLZ="30855" OrtID="27" Merkmal="1" Planquadrat="N&#xD;"/>
  <Strassen StrID="11533" StrName="Theodor-Leipart-Strasse" StrPLZ="30890" OrtID="2" Merkmal="1" Planquadrat="N&#xD;"/>
  <Strassen StrID="11534" StrName="Heckenweg" StrPLZ="30938" OrtID="40" Merkmal="1" Planquadrat="N&#xD;"/>
  <Strassen StrID="11535" StrName="An der Palmweide" StrPLZ="44227" OrtID="125" Merkmal="1" Planquadrat="N"/>
  <Strassen StrID="11536" StrName="Im Rehland" StrPLZ="29308" OrtID="375" Merkmal="1" Planquadrat="N&#xD;"/>
  <Strassen StrID="11537" StrName="Calenbergerstr." StrPLZ="31832" OrtID="278" Merkmal="1" Planquadrat="N&#xD;"/>
  <Strassen StrID="11538" StrName="An der Mühle" StrPLZ="30966" OrtID="13" Merkmal="1" Planquadrat="N&#xD;"/>
  <Strassen StrID="11539" StrName="Irisstraße" StrPLZ="30853" OrtID="27" Merkmal="1" Planquadrat="N&#xD;"/>
  <Strassen StrID="11540" StrName="Waldstraße" StrPLZ="31319" OrtID="276" Merkmal="1" Planquadrat="N&#xD;"/>
  <Strassen StrID="11541" StrName="Siriushof" StrPLZ="30823" OrtID="149" Merkmal="1" Planquadrat="N&#xD;"/>
  <Strassen StrID="11542" StrName="Neue Straße" StrPLZ="30974" OrtID="307" Merkmal="1" Planquadrat="N&#xD;"/>
  <Strassen StrID="11543" StrName="Am Stadtwege" StrPLZ="38112" OrtID="8" Merkmal="1" Planquadrat="N&#xD;"/>
  <Strassen StrID="11544" StrName="Ebendorfer Straße" StrPLZ="39108" OrtID="216" Merkmal="1" Planquadrat="N"/>
  <Strassen StrID="11545" StrName="Heidjerweg" StrPLZ="21266" OrtID="580" Merkmal="1" Planquadrat="N&#xD;"/>
  <Strassen StrID="11546" StrName="Unter den LInden" StrPLZ="37085" OrtID="158" Merkmal="1" Planquadrat="N&#xD;"/>
  <Strassen StrID="11547" StrName="Hopfenbruch" StrPLZ="30926" OrtID="6" Merkmal="1" Planquadrat="N&#xD;"/>
  <Strassen StrID="11548" StrName="Otto-Brenner-Strasse" StrPLZ="30890" OrtID="2" Merkmal="1" Planquadrat="N&#xD;"/>
  <Strassen StrID="11549" StrName="In der kleinen Südheide" StrPLZ="31515" OrtID="319" Merkmal="1" Planquadrat="N&#xD;"/>
  <Strassen StrID="11550" StrName="Sandweg" StrPLZ="29308" OrtID="375" Merkmal="1" Planquadrat="N&#xD;"/>
  <Strassen StrID="11551" StrName="Rehrbrinkstraße" StrPLZ="30890" OrtID="2" Merkmal="1" Planquadrat="N&#xD;"/>
  <Strassen StrID="11552" StrName="Marienglacies" StrPLZ="32427" OrtID="512" Merkmal="1" Planquadrat="N&#xD;"/>
  <Strassen StrID="11553" StrName="Isernhagener Straße" StrPLZ="30916" OrtID="21" Merkmal="1" Planquadrat="N&#xD;"/>
  <Strassen StrID="11554" StrName="Wirringer Garten" StrPLZ="30880" OrtID="200" Merkmal="1" Planquadrat="N&#xD;"/>
  <Strassen StrID="11555" StrName="Pfennigsmoorweg" StrPLZ="30826" OrtID="149" Merkmal="1" Planquadrat="N&#xD;"/>
  <Strassen StrID="11556" StrName="Am Hostert" StrPLZ="65529" OrtID="846" Merkmal="1" Planquadrat="N&#xD;"/>
  <Strassen StrID="11557" StrName="Sandroggenweg" StrPLZ="31515" OrtID="319" Merkmal="1" Planquadrat="N&#xD;"/>
  <Strassen StrID="11558" StrName="Mühlenstraße" StrPLZ="30826" OrtID="149" Merkmal="1" Planquadrat="N&#xD;"/>
  <Strassen StrID="11559" StrName="Fröbelstrasse" StrPLZ="99834" OrtID="847" Merkmal="1" Planquadrat="N&#xD;"/>
  <Strassen StrID="11560" StrName="Westerfeld" StrPLZ="31547" OrtID="462" Merkmal="1" Planquadrat="N&#xD;"/>
  <Strassen StrID="11561" StrName="Margeritenweg" StrPLZ="30926" OrtID="6" Merkmal="1" Planquadrat="N&#xD;"/>
  <Strassen StrID="11562" StrName="Im Reiherhorst" StrPLZ="30989" OrtID="5" Merkmal="1" Planquadrat="N&#xD;"/>
  <Strassen StrID="11563" StrName="Nürnberger-Srasse" StrPLZ="30880" OrtID="200" Merkmal="1" Planquadrat="N&#xD;"/>
  <Strassen StrID="11564" StrName="Dahlienweg" StrPLZ="30926" OrtID="6" Merkmal="1" Planquadrat="N&#xD;"/>
  <Strassen StrID="11565" StrName="Albrecht-Dürer-Strasse" StrPLZ="31515" OrtID="319" Merkmal="1" Planquadrat="N&#xD;"/>
  <Strassen StrID="11566" StrName="Westerfeld" StrPLZ="31547" OrtID="30" Merkmal="1" Planquadrat="N&#xD;"/>
  <Strassen StrID="11567" StrName="Kohlmeisenstieg" StrPLZ="22399" OrtID="39" Merkmal="1" Planquadrat="N&#xD;"/>
  <Strassen StrID="11569" StrName="Tünkenhagen" StrPLZ="23552" OrtID="214" Merkmal="1" Planquadrat="N&#xD;"/>
  <Strassen StrID="11570" StrName="Wodanstraße" StrPLZ="90461" OrtID="243" Merkmal="1" Planquadrat="N&#xD;"/>
  <Strassen StrID="11571" StrName="Birkenallee" StrPLZ="23669" OrtID="592" Merkmal="1" Planquadrat="N&#xD;"/>
  <Strassen StrID="11572" StrName="Helene-Weber-Straße" StrPLZ="30974" OrtID="307" Merkmal="1" Planquadrat="N&#xD;"/>
  <Strassen StrID="11573" StrName="Gutenbergstraße" StrPLZ="31515" OrtID="319" Merkmal="1" Planquadrat="N&#xD;"/>
  <Strassen StrID="11574" StrName="Marktplatz" StrPLZ="30853" OrtID="27" Merkmal="1" Planquadrat="N&#xD;"/>
  <Strassen StrID="11575" StrName="Glockwiese" StrPLZ="38550" OrtID="849" Merkmal="1" Planquadrat="N&#xD;"/>
  <Strassen StrID="11576" StrName="Bergstraße" StrPLZ="38640" OrtID="157" Merkmal="1" Planquadrat="N&#xD;"/>
  <Strassen StrID="11577" StrName="Zeisigweg" StrPLZ="81827" OrtID="225" Merkmal="1" Planquadrat="N&#xD;"/>
  <Strassen StrID="11578" StrName="Berliner Straße" StrPLZ="37242" OrtID="46" Merkmal="1" Planquadrat="N&#xD;"/>
  <Strassen StrID="11579" StrName="Carl-Mangelsdorf-Weg" StrPLZ="30900" OrtID="25" Merkmal="1" Planquadrat="N&#xD;"/>
  <Strassen StrID="11580" StrName="Sauerlandstraße" StrPLZ="48527" OrtID="240" Merkmal="1" Planquadrat="N&#xD;"/>
  <Strassen StrID="11581" StrName="Auf dem Meere" StrPLZ="21335" OrtID="376" Merkmal="1" Planquadrat="N&#xD;"/>
  <Strassen StrID="11582" StrName="Schalottenburgerstraße" StrPLZ="30982" OrtID="253" Merkmal="1" Planquadrat="N&#xD;"/>
  <Strassen StrID="11583" StrName="Spittaplatz" StrPLZ="31303" OrtID="20" Merkmal="1" Planquadrat="N&#xD;"/>
  <Strassen StrID="11584" StrName="Am Sonnenkamp" StrPLZ="31157" OrtID="268" Merkmal="1" Planquadrat="N&#xD;"/>
  <Strassen StrID="11585" StrName="Bielefelderstr." StrPLZ="32051" OrtID="178" Merkmal="1" Planquadrat="N&#xD;"/>
  <Strassen StrID="11586" StrName="Erikastr." StrPLZ="31547" OrtID="462" Merkmal="1" Planquadrat="N&#xD;"/>
  <Strassen StrID="11587" StrName="Am Hüllfeld" StrPLZ="30952" OrtID="3" Merkmal="1" Planquadrat="N&#xD;"/>
  <Strassen StrID="11588" StrName="Neptunring" StrPLZ="31275" OrtID="4" Merkmal="1" Planquadrat="N&#xD;"/>
  <Strassen StrID="11589" StrName="An Der Berschmiede" StrPLZ="30890" OrtID="2" Merkmal="1" Planquadrat="N&#xD;"/>
  <Strassen StrID="11591" StrName="Wagnerstraße" StrPLZ="31515" OrtID="319" Merkmal="1" Planquadrat="N&#xD;"/>
  <Strassen StrID="11592" StrName="Ziegeleistraße" StrPLZ="30855" OrtID="27" Merkmal="1" Planquadrat="N&#xD;"/>
  <Strassen StrID="11593" StrName="Bröhmfeld" StrPLZ="30926" OrtID="6" Merkmal="1" Planquadrat="N&#xD;"/>
  <Strassen StrID="11594" StrName="Niebüller Weg" StrPLZ="30165" OrtID="1" Merkmal="1" Planquadrat="N&#xD;"/>
  <Strassen StrID="11595" StrName="Von-Borcke-Straße" StrPLZ="31275" OrtID="4" Merkmal="1" Planquadrat="N&#xD;"/>
  <Strassen StrID="11596" StrName="Bergmannstraße" StrPLZ="30974" OrtID="307" Merkmal="1" Planquadrat="N&#xD;"/>
  <Strassen StrID="11597" StrName="Triemliststraße" StrPLZ="8047" OrtID="850" Merkmal="1" Planquadrat="N&#xD;"/>
  <Strassen StrID="11598" StrName="Argestorfer Straße" StrPLZ="30974" OrtID="307" Merkmal="1" Planquadrat="N&#xD;"/>
  <Strassen StrID="11599" StrName="Am Wallteich" StrPLZ="30952" OrtID="3" Merkmal="1" Planquadrat="N&#xD;"/>
  <Strassen StrID="11600" StrName="Augustinerstraße" StrPLZ="99084" OrtID="652" Merkmal="1" Planquadrat="N&#xD;"/>
  <Strassen StrID="11601" StrName="Hülsebrinkstraße" StrPLZ="30974" OrtID="307" Merkmal="1" Planquadrat="N&#xD;"/>
  <Strassen StrID="11602" StrName="Röngtenstraße" StrPLZ="31699" OrtID="851" Merkmal="1" Planquadrat="N&#xD;"/>
  <Strassen StrID="11603" StrName="An der Sehlworth" StrPLZ="30890" OrtID="2" Merkmal="1" Planquadrat="N&#xD;"/>
  <Strassen StrID="11604" StrName="Pfingstholzallee" StrPLZ="21521" OrtID="852" Merkmal="1" Planquadrat="N&#xD;"/>
  <Strassen StrID="11605" StrName="Tulpenstr." StrPLZ="31848" OrtID="89" Merkmal="1" Planquadrat="N&#xD;"/>
  <Strassen StrID="11606" StrName="Alfred-Delp-Str." StrPLZ="38228" OrtID="10" Merkmal="1" Planquadrat="N&#xD;"/>
  <Strassen StrID="11607" StrName="Heysestraße" StrPLZ="21029" OrtID="39" Merkmal="1" Planquadrat="N&#xD;"/>
  <Strassen StrID="11608" StrName="Linckestraße" StrPLZ="22145" OrtID="39" Merkmal="1" Planquadrat="N&#xD;"/>
  <Strassen StrID="11609" StrName="Im Holze" StrPLZ="29690" OrtID="211" Merkmal="1" Planquadrat="N&#xD;"/>
  <Strassen StrID="11610" StrName="Südstraße" StrPLZ="42499" OrtID="853" Merkmal="1" Planquadrat="N&#xD;"/>
  <Strassen StrID="11611" StrName="Alte Mühle" StrPLZ="31535" OrtID="22" Merkmal="1" Planquadrat="N&#xD;"/>
  <Strassen StrID="11613" StrName="53, 26 th. Street, Hong Lok Yuen, Tai Po" StrPLZ="HK" OrtID="854" Merkmal="1" Planquadrat="N"/>
  <Strassen StrID="11614" StrName="Wilhelm-Raabe-Weg" StrPLZ="30938" OrtID="40" Merkmal="1" Planquadrat="N&#xD;"/>
  <Strassen StrID="11615" StrName="Emilienstraße" StrPLZ="37075" OrtID="158" Merkmal="1" Planquadrat="N&#xD;"/>
  <Strassen StrID="11616" StrName="Horner Weg" StrPLZ="21368" OrtID="855" Merkmal="1" Planquadrat="N&#xD;"/>
  <Strassen StrID="11617" StrName="Schwarze-Dorn-Straße" StrPLZ="30974" OrtID="307" Merkmal="1" Planquadrat="N&#xD;"/>
  <Strassen StrID="11618" StrName="Kurzer Kamp" StrPLZ="30855" OrtID="27" Merkmal="1" Planquadrat="N&#xD;"/>
  <Strassen StrID="11619" StrName="Wölper Straße" StrPLZ="31582" OrtID="237" Merkmal="1" Planquadrat="N&#xD;"/>
  <Strassen StrID="11620" StrName="Burgstraße" StrPLZ="59555" OrtID="856" Merkmal="1" Planquadrat="N&#xD;"/>
  <Strassen StrID="11621" StrName="Broicher Straße" StrPLZ="41179" OrtID="222" Merkmal="1" Planquadrat="N&#xD;"/>
  <Strassen StrID="11622" StrName="Niefindtweg" StrPLZ="29308" OrtID="375" Merkmal="1" Planquadrat="N&#xD;"/>
  <Strassen StrID="11623" StrName="Hainholzstraße" StrPLZ="31558" OrtID="358" Merkmal="1" Planquadrat="N&#xD;"/>
  <Strassen StrID="11624" StrName="Mittelstraße" StrPLZ="34414" OrtID="857" Merkmal="1" Planquadrat="N&#xD;"/>
  <Strassen StrID="11625" StrName="Stöckener Straße" StrPLZ="30926" OrtID="6" Merkmal="1" Planquadrat="N&#xD;"/>
  <Strassen StrID="11626" StrName="Am Waldpark" StrPLZ="30900" OrtID="25" Merkmal="1" Planquadrat="N&#xD;"/>
  <Strassen StrID="11627" StrName="Rembrandtstraße" StrPLZ="45147" OrtID="42" Merkmal="1" Planquadrat="N&#xD;"/>
  <Strassen StrID="11628" StrName="Osterstr." StrPLZ="30880" OrtID="200" Merkmal="1" Planquadrat="N&#xD;"/>
  <Strassen StrID="11629" StrName="Grünauer Allee" StrPLZ="82008" OrtID="858" Merkmal="1" Planquadrat="N&#xD;"/>
  <Strassen StrID="11630" StrName="Ernst-Thälmann-Straße" StrPLZ="23942" OrtID="859" Merkmal="1" Planquadrat="N&#xD;"/>
  <Strassen StrID="11631" StrName="Asternstraße" StrPLZ="45549" OrtID="860" Merkmal="1" Planquadrat="N&#xD;"/>
  <Strassen StrID="11632" StrName="Martin-von-Holle-Weg" StrPLZ="30926" OrtID="6" Merkmal="1" Planquadrat="N&#xD;"/>
  <Strassen StrID="11633" StrName="Am Tor" StrPLZ="30926" OrtID="6" Merkmal="1" Planquadrat="N&#xD;"/>
  <Strassen StrID="11634" StrName="Kleine Heide" StrPLZ="31515" OrtID="319" Merkmal="1" Planquadrat="N&#xD;"/>
  <Strassen StrID="11635" StrName="Tiefental" StrPLZ="31515" OrtID="319" Merkmal="1" Planquadrat="N&#xD;"/>
  <Strassen StrID="11636" StrName="Eichenreihe" StrPLZ="22113" OrtID="861" Merkmal="1" Planquadrat="N&#xD;"/>
  <Strassen StrID="11637" StrName="Bornser Weg" StrPLZ="31311" OrtID="294" Merkmal="1" Planquadrat="N&#xD;"/>
  <Strassen StrID="11638" StrName="Heideweg" StrPLZ="30916" OrtID="21" Merkmal="1" Planquadrat="N&#xD;"/>
  <Strassen StrID="11639" StrName="Kreuzstraße" StrPLZ="31134" OrtID="9" Merkmal="1" Planquadrat="N&#xD;"/>
  <Strassen StrID="11640" StrName="Postfach" StrPLZ="30423" OrtID="1" Merkmal="1" Planquadrat="N&#xD;"/>
  <Strassen StrID="11641" StrName="Haferkamp" StrPLZ="30952" OrtID="3" Merkmal="1" Planquadrat="N&#xD;"/>
  <Strassen StrID="11642" StrName="Zehdenicker Straße" StrPLZ="10119" OrtID="18" Merkmal="1" Planquadrat="N&#xD;"/>
  <Strassen StrID="11643" StrName="Mozartwinkel" StrPLZ="31275" OrtID="4" Merkmal="1" Planquadrat="N&#xD;"/>
  <Strassen StrID="11644" StrName="Am Alten Hof" StrPLZ="31234" OrtID="128" Merkmal="1" Planquadrat="N&#xD;"/>
  <Strassen StrID="11645" StrName="Am Wehrturm" StrPLZ="31822" OrtID="278" Merkmal="1" Planquadrat="N&#xD;"/>
  <Strassen StrID="11646" StrName="Am Josephsschacht" StrPLZ="44879" OrtID="104" Merkmal="1" Planquadrat="N&#xD;"/>
  <Strassen StrID="11647" StrName="Am Stockborn" StrPLZ="60439" OrtID="41" Merkmal="1" Planquadrat="N&#xD;"/>
  <Strassen StrID="11648" StrName="Manhorner Straße" StrPLZ="31515" OrtID="319" Merkmal="1" Planquadrat="N&#xD;"/>
  <Strassen StrID="11649" StrName="Hohler Weg" StrPLZ="30827" OrtID="149" Merkmal="1" Planquadrat="N&#xD;"/>
  <Strassen StrID="11650" StrName="Köthner-Giesecke-Weg" StrPLZ="30890" OrtID="2" Merkmal="1" Planquadrat="N&#xD;"/>
  <Strassen StrID="11651" StrName="Germanenstraße" StrPLZ="58509" OrtID="862" Merkmal="1" Planquadrat="N&#xD;"/>
  <Strassen StrID="11652" StrName="Solschener Straße" StrPLZ="31241" OrtID="437" Merkmal="1" Planquadrat="N&#xD;"/>
  <Strassen StrID="11653" StrName="Tulpenweg" StrPLZ="30938" OrtID="40" Merkmal="1" Planquadrat="N&#xD;"/>
  <Strassen StrID="11654" StrName="Straßburger Platz" StrPLZ="30853" OrtID="27" Merkmal="1" Planquadrat="N&#xD;"/>
  <Strassen StrID="11655" StrName="Wilhelm-Dusche-Weg" StrPLZ="30916" OrtID="21" Merkmal="1" Planquadrat="N&#xD;"/>
  <Strassen StrID="11656" StrName="Ebelinger Weg" StrPLZ="30938" OrtID="40" Merkmal="1" Planquadrat="N&#xD;"/>
  <Strassen StrID="11657" StrName="Am Osterberg" StrPLZ="30855" OrtID="27" Merkmal="1" Planquadrat="N&#xD;"/>
  <Strassen StrID="11658" StrName="An der Tränke" StrPLZ="30916" OrtID="21" Merkmal="1" Planquadrat="N&#xD;"/>
  <Strassen StrID="11659" StrName="Kurt-Kellner-Strasse" StrPLZ="30853" OrtID="27" Merkmal="1" Planquadrat="N&#xD;"/>
  <Strassen StrID="11660" StrName="Am Hellenfeld" StrPLZ="30900" OrtID="25" Merkmal="1" Planquadrat="N&#xD;"/>
  <Strassen StrID="11661" StrName="Mittellinie" StrPLZ="26160" OrtID="97" Merkmal="1" Planquadrat="N&#xD;"/>
  <Strassen StrID="11662" StrName="Obere Trift" StrPLZ="34346" OrtID="863" Merkmal="1" Planquadrat="N&#xD;"/>
  <Strassen StrID="11663" StrName="Vulkanstraße" StrPLZ="47807" OrtID="198" Merkmal="1" Planquadrat="N&#xD;"/>
  <Strassen StrID="11664" StrName="Asternweg" StrPLZ="38536" OrtID="627" Merkmal="1" Planquadrat="N&#xD;"/>
  <Strassen StrID="11665" StrName="Vogelstraße" StrPLZ="30900" OrtID="25" Merkmal="1" Planquadrat="N&#xD;"/>
  <Strassen StrID="11666" StrName="Hanno-Ring" StrPLZ="30880" OrtID="200" Merkmal="1" Planquadrat="N&#xD;"/>
  <Strassen StrID="11667" StrName="Luisenstraße" StrPLZ="36179" OrtID="864" Merkmal="1" Planquadrat="N&#xD;"/>
  <Strassen StrID="11668" StrName="Wacholderweg" StrPLZ="71120" OrtID="865" Merkmal="1" Planquadrat="N&#xD;"/>
  <Strassen StrID="11669" StrName="Tannenstraße" StrPLZ="31832" OrtID="278" Merkmal="1" Planquadrat="N&#xD;"/>
  <Strassen StrID="11670" StrName="Julius-Ludowig-Straße" StrPLZ="21073" OrtID="39" Merkmal="1" Planquadrat="N&#xD;"/>
  <Strassen StrID="11671" StrName="Auenstrasse" StrPLZ="82194" OrtID="866" Merkmal="1" Planquadrat="N&#xD;"/>
  <Strassen StrID="11672" StrName="Weißdornweg" StrPLZ="30900" OrtID="25" Merkmal="1" Planquadrat="N&#xD;"/>
  <Strassen StrID="11673" StrName="Bahnhofstrasse" StrPLZ="27386" OrtID="867" Merkmal="1" Planquadrat="N&#xD;"/>
  <Strassen StrID="11674" StrName="Steineckenweg" StrPLZ="30938" OrtID="40" Merkmal="1" Planquadrat="N&#xD;"/>
  <Strassen StrID="11676" StrName="Eimsbuetteler Chaussee" StrPLZ="20259" OrtID="39" Merkmal="1" Planquadrat="N&#xD;"/>
  <Strassen StrID="11677" StrName="Meinolfstraße" StrPLZ="33098" OrtID="252" Merkmal="1" Planquadrat="N&#xD;"/>
  <Strassen StrID="11678" StrName="Neuwiesenstrasse" StrPLZ="72555" OrtID="220" Merkmal="1" Planquadrat="N&#xD;"/>
  <Strassen StrID="11679" StrName="860 DeLong Street" StrPLZ="XXX" OrtID="869" Merkmal="1" Planquadrat="N"/>
  <Strassen StrID="11680" StrName="Turmstrasse" OrtID="278" Merkmal="1" Planquadrat="N&#xD;"/>
  <Strassen StrID="11681" StrName="Turmstrasse" StrPLZ="31832" OrtID="278" Merkmal="1" Planquadrat="N&#xD;"/>
  <Strassen StrID="11682" StrName="Im Hainholz" StrPLZ="30916" OrtID="21" Merkmal="1" Planquadrat="N&#xD;"/>
  <Strassen StrID="11683" StrName="Taubenweg" StrPLZ="30880" OrtID="200" Merkmal="1" Planquadrat="N&#xD;"/>
  <Strassen StrID="11684" StrName="Beethovenstraße" StrPLZ="30926" OrtID="6" Merkmal="1" Planquadrat="N&#xD;"/>
  <Strassen StrID="11685" StrName="Klinkerfuesstraße" StrPLZ="30519" OrtID="1" Merkmal="1" Planquadrat="N&#xD;"/>
  <Strassen StrID="11686" StrName="Caffamacherreihe" StrPLZ="20355" OrtID="39" Merkmal="1" Planquadrat="N&#xD;"/>
  <Strassen StrID="11687" StrName="Neptunhof" StrPLZ="30823" OrtID="149" Merkmal="1" Planquadrat="N&#xD;"/>
  <Strassen StrID="11688" StrName="Brieffach" StrPLZ="20350" OrtID="39" Merkmal="1" Planquadrat="N&#xD;"/>
  <Strassen StrID="11689" StrName="Im Alten Busch" StrPLZ="29356" OrtID="625" Merkmal="1" Planquadrat="N&#xD;"/>
  <Strassen StrID="11690" StrName="Vor dem Braunscweiger Tor" StrPLZ="31033" OrtID="20" Merkmal="1" Planquadrat="N&#xD;"/>
  <Strassen StrID="11691" StrName="Lutherstraße" StrPLZ="38518" OrtID="155" Merkmal="1" Planquadrat="N&#xD;"/>
  <Strassen StrID="11692" StrName="Lohmühlenweg" StrPLZ="53881" OrtID="870" Merkmal="1" Planquadrat="N&#xD;"/>
  <Strassen StrID="11693" StrName="Kopernikusstraße" StrPLZ="30853" OrtID="27" Merkmal="1" Planquadrat="N&#xD;"/>
  <Strassen StrID="11694" StrName="Trebbiner Strasse" StrPLZ="14974" OrtID="871" Merkmal="1" Planquadrat="N&#xD;"/>
  <Strassen StrID="11695" StrName="Weinsbergstraße" StrPLZ="50823" OrtID="17" Merkmal="1" Planquadrat="N&#xD;"/>
  <Strassen StrID="11696" StrName="Adolfinenstraße" StrPLZ="30455" OrtID="1" Merkmal="1" Planquadrat="N&#xD;"/>
  <Strassen StrID="11697" StrName="Wunstorfstraße" StrPLZ="31224" OrtID="7" Merkmal="1" Planquadrat="N&#xD;"/>
  <Strassen StrID="11698" StrName="Dismerkamp" StrPLZ="30982" OrtID="253" Merkmal="1" Planquadrat="N&#xD;"/>
  <Strassen StrID="11699" StrName="Orelansstrasse" StrPLZ="81667" OrtID="225" Merkmal="1" Planquadrat="N&#xD;"/>
  <Strassen StrID="11700" StrName="Leinestrasse" StrPLZ="30966" OrtID="13" Merkmal="1" Planquadrat="N&#xD;"/>
  <Strassen StrID="11701" StrName="Ringseisstrße" StrPLZ="80337" OrtID="225" Merkmal="1" Planquadrat="N&#xD;"/>
  <Strassen StrID="11702" StrName="Marktplatz" StrPLZ="30982" OrtID="253" Merkmal="1" Planquadrat="N&#xD;"/>
  <Strassen StrID="11703" StrName="Andreas-Haselbacher-Straße" StrPLZ="30900" OrtID="25" Merkmal="1" Planquadrat="N&#xD;"/>
  <Strassen StrID="11704" StrName="Breitestrasse" StrPLZ="30952" OrtID="3" Merkmal="1" Planquadrat="N&#xD;"/>
  <Strassen StrID="11705" StrName="Gartenstrasse" StrPLZ="15831" OrtID="872" Merkmal="1" Planquadrat="N&#xD;"/>
  <Strassen StrID="11706" StrName="Am Königshof" StrPLZ="40472" OrtID="127" Merkmal="1" Planquadrat="N&#xD;"/>
  <Strassen StrID="11707" StrName="Saarstraße" StrPLZ="30851" OrtID="27" Merkmal="1" Planquadrat="N&#xD;"/>
  <Strassen StrID="11708" StrName="Legdenweg" StrPLZ="48161" OrtID="45" Merkmal="1" Planquadrat="N&#xD;"/>
  <Strassen StrID="11709" StrName="Kölner Straße" StrPLZ="42119" OrtID="320" Merkmal="1" Planquadrat="N"/>
  <Strassen StrID="11710" StrName="Anemonenweg" StrPLZ="30855" OrtID="27" Merkmal="1" Planquadrat="N&#xD;"/>
  <Strassen StrID="11711" StrName="Auf den Ã„ckern" StrPLZ="31700" OrtID="873" Merkmal="1" Planquadrat="N&#xD;"/>
  <Strassen StrID="11712" StrName="Auf den Ã„ckern" StrPLZ="31700" OrtID="469" Merkmal="1" Planquadrat="N&#xD;"/>
  <Strassen StrID="11713" StrName="Wetterskamp" StrPLZ="49078" OrtID="249" Merkmal="1" Planquadrat="N&#xD;"/>
  <Strassen StrID="11714" StrName="Döbbeckestrasse" StrPLZ="30823" OrtID="149" Merkmal="1" Planquadrat="N&#xD;"/>
  <Strassen StrID="11715" StrName="Dillizerstrasse" StrPLZ="82211" OrtID="874" Merkmal="1" Planquadrat="N&#xD;"/>
  <Strassen StrID="11716" StrName="Breslauerstrasse" StrPLZ="30853" OrtID="27" Merkmal="1" Planquadrat="N&#xD;"/>
  <Strassen StrID="11717" StrName="Wilhelm-Busch-Weg" StrPLZ="31535" OrtID="22" Merkmal="1" Planquadrat="N&#xD;"/>
  <Strassen StrID="11718" StrName="Pahlmannskampweg" StrPLZ="29338" OrtID="593" Merkmal="1" Planquadrat="N&#xD;"/>
  <Strassen StrID="11719" StrName="Werderscher Markt" StrPLZ="10117" OrtID="18" Merkmal="1" Planquadrat="N&#xD;"/>
  <Strassen StrID="11720" StrName="Poppenburger Strasse" StrPLZ="30974" OrtID="307" Merkmal="1" Planquadrat="N&#xD;"/>
  <Strassen StrID="11721" StrName="Postfach" StrPLZ="38867" OrtID="200" Merkmal="1" Planquadrat="N&#xD;"/>
  <Strassen StrID="11722" StrName="Berlinerstrasse" StrPLZ="49134" OrtID="875" Merkmal="1" Planquadrat="N&#xD;"/>
  <Strassen StrID="11723" StrName="Schlüsselblumenweg" StrPLZ="30519" OrtID="1" Merkmal="1" Planquadrat="N&#xD;"/>
  <Strassen StrID="11724" StrName="Ackerstrasse" StrPLZ="30851" OrtID="27" Merkmal="1" Planquadrat="N&#xD;"/>
  <Strassen StrID="11725" StrName="Expo Plaza" StrPLZ="30539" OrtID="1" Merkmal="1" Planquadrat="N&#xD;"/>
  <Strassen StrID="11726" StrName="Tutzinger Straße" StrPLZ="12909" OrtID="18" Merkmal="1" Planquadrat="N&#xD;"/>
  <Strassen StrID="11727" StrName="Sibeliusstraße" StrPLZ="30989" OrtID="5" Merkmal="1" Planquadrat="N&#xD;"/>
  <Strassen StrID="11728" StrName="Oldenburgallee" StrPLZ="14052" OrtID="18" Merkmal="1" Planquadrat="N&#xD;"/>
  <Strassen StrID="11729" StrName="Theilkampweg" StrPLZ="30890" OrtID="2" Merkmal="1" Planquadrat="N&#xD;"/>
  <Strassen StrID="11730" StrName="Soltauer Straße" StrPLZ="30855" OrtID="27" Merkmal="1" Planquadrat="N&#xD;"/>
  <Strassen StrID="11731" StrName="Sonnenallee" StrPLZ="12045" OrtID="18" Merkmal="1" Planquadrat="N&#xD;"/>
  <Strassen StrID="11732" StrName="Am Nordbach" StrPLZ="38312" OrtID="877" Merkmal="1" Planquadrat="N&#xD;"/>
  <Strassen StrID="11733" StrName="Rosmarinweg" StrPLZ="30916" OrtID="21" Merkmal="1" Planquadrat="N&#xD;"/>
  <Strassen StrID="11734" StrName="Am Kielenkamp" StrPLZ="30855" OrtID="27" Merkmal="1" Planquadrat="N&#xD;"/>
  <Strassen StrID="11735" StrName="Leibnitzstrasse" StrPLZ="30853" OrtID="27" Merkmal="1" Planquadrat="N&#xD;"/>
  <Strassen StrID="11736" StrName="Am Mühlenkamp" StrPLZ="31139" OrtID="9" Merkmal="1" Planquadrat="N&#xD;"/>
  <Strassen StrID="11737" StrName="Hinter dem Dorfe" StrPLZ="30855" OrtID="27" Merkmal="1" Planquadrat="N&#xD;"/>
  <Strassen StrID="11738" StrName="Garveser Ring" StrPLZ="31275" OrtID="4" Merkmal="1" Planquadrat="N&#xD;"/>
  <Strassen StrID="11739" StrName="Paradiesweg" StrPLZ="31303" OrtID="20" Merkmal="1" Planquadrat="N&#xD;"/>
  <Strassen StrID="11740" StrName="La Rosette" StrPLZ="F-06134" OrtID="1259" Merkmal="1" Planquadrat="N"/>
  <Strassen StrID="11741" StrName="Benther-Berg-Weg" StrPLZ="30989" OrtID="5" Merkmal="1" Planquadrat="N&#xD;"/>
  <Strassen StrID="11742" StrName="Johannes-Schrader-Ring" StrPLZ="30938" OrtID="40" Merkmal="1" Planquadrat="N&#xD;"/>
  <Strassen StrID="11743" StrName="Bundesstraße" StrPLZ="30989" OrtID="5" Merkmal="1" Planquadrat="N&#xD;"/>
  <Strassen StrID="11744" StrName="Kronenberger Straße" StrPLZ="14193" OrtID="18" Merkmal="1" Planquadrat="N&#xD;"/>
  <Strassen StrID="11745" StrName="Woltorfer Straße" StrPLZ="31224" OrtID="7" Merkmal="1" Planquadrat="N&#xD;"/>
  <Strassen StrID="11746" StrName="Dr.-Kessler-Weg" StrPLZ="31535" OrtID="22" Merkmal="1" Planquadrat="N&#xD;"/>
  <Strassen StrID="11747" StrName="Liekweger Straße" StrPLZ="31688" OrtID="468" Merkmal="1" Planquadrat="N&#xD;"/>
  <Strassen StrID="11748" StrName="Steinfurt" StrPLZ="29227" OrtID="115" Merkmal="1" Planquadrat="N&#xD;"/>
  <Strassen StrID="11749" StrName="Auf der Höchte" StrPLZ="30823" OrtID="149" Merkmal="1" Planquadrat="N&#xD;"/>
  <Strassen StrID="11750" StrName="Lutzowstraße" StrPLZ="31275" OrtID="4" Merkmal="1" Planquadrat="N&#xD;"/>
  <Strassen StrID="11751" StrName="Goethestraße" StrPLZ="44147" OrtID="125" Merkmal="1" Planquadrat="N"/>
  <Strassen StrID="11752" StrName="Am Büchenfeld" StrPLZ="30982" OrtID="253" Merkmal="1" Planquadrat="N&#xD;"/>
  <Strassen StrID="11753" StrName="Löwenberger Straße" StrPLZ="30952" OrtID="3" Merkmal="1" Planquadrat="N&#xD;"/>
  <Strassen StrID="11754" StrName="Welfenstraße" StrPLZ="30827" OrtID="149" Merkmal="1" Planquadrat="N&#xD;"/>
  <Strassen StrID="11755" StrName="Schöttlerstraße" StrPLZ="38122" OrtID="8" Merkmal="1" Planquadrat="N&#xD;"/>
  <Strassen StrID="11756" StrName="Wachtelweg" StrPLZ="30952" OrtID="3" Merkmal="1" Planquadrat="N&#xD;"/>
  <Strassen StrID="11757" StrName="Eschenkamp" StrPLZ="30916" OrtID="21" Merkmal="1" Planquadrat="N&#xD;"/>
  <Strassen StrID="11758" StrName="Im Strauchgarten" StrPLZ="31319" OrtID="276" Merkmal="1" Planquadrat="N&#xD;"/>
  <Strassen StrID="11759" StrName="Huflattichweg" StrPLZ="30880" OrtID="200" Merkmal="1" Planquadrat="N&#xD;"/>
  <Strassen StrID="11760" StrName="Besselweg" StrPLZ="48149" OrtID="45" Merkmal="1" Planquadrat="N&#xD;"/>
  <Strassen StrID="11761" StrName="Rudolf-Harbig-Weg" StrPLZ="30827" OrtID="149" Merkmal="1" Planquadrat="N&#xD;"/>
  <Strassen StrID="11762" StrName="Lohnwiesenring" StrPLZ="30900" OrtID="25" Merkmal="1" Planquadrat="N&#xD;"/>
  <Strassen StrID="11763" StrName="Heber" StrPLZ="37581" OrtID="83" Merkmal="1" Planquadrat="N&#xD;"/>
  <Strassen StrID="11764" StrName="Theodor-Storm-Straße" StrPLZ="30880" OrtID="200" Merkmal="1" Planquadrat="N&#xD;"/>
  <Strassen StrID="11765" StrName="Erlenstraße" StrPLZ="30880" OrtID="200" Merkmal="1" Planquadrat="N&#xD;"/>
  <Strassen StrID="11766" StrName="Trakehner Weg" StrPLZ="30900" OrtID="25" Merkmal="1" Planquadrat="N&#xD;"/>
  <Strassen StrID="11767" StrName="Walter-Bruch-Straße" StrPLZ="30982" OrtID="253" Merkmal="1" Planquadrat="N&#xD;"/>
  <Strassen StrID="11768" StrName="Hövitsmansgatan" StrPLZ="S-25437" OrtID="879" Merkmal="1" Planquadrat="N&#xD;"/>
  <Strassen StrID="11769" StrName="Bayenthalgürtel" StrPLZ="50968" OrtID="17" Merkmal="1" Planquadrat="N&#xD;"/>
  <Strassen StrID="11770" StrName="Wilbernkamp" StrPLZ="31535" OrtID="22" Merkmal="1" Planquadrat="N&#xD;"/>
  <Strassen StrID="11771" StrName="Reinhornweg" StrPLZ="29367" OrtID="880" Merkmal="1" Planquadrat="N&#xD;"/>
  <Strassen StrID="11772" StrName="Königsberger Straße" StrPLZ="30926" OrtID="6" Merkmal="1" Planquadrat="N&#xD;"/>
  <Strassen StrID="11773" StrName="Burgstraße" StrPLZ="31832" OrtID="278" Merkmal="1" Planquadrat="N&#xD;"/>
  <Strassen StrID="11774" StrName="Friedrichstraße" StrPLZ="31241" OrtID="437" Merkmal="1" Planquadrat="N&#xD;"/>
  <Strassen StrID="11775" StrName="Am Kolk" StrPLZ="39590" OrtID="881" Merkmal="1" Planquadrat="N&#xD;"/>
  <Strassen StrID="11776" StrName="Löherweg" StrPLZ="80997" OrtID="225" Merkmal="1" Planquadrat="N&#xD;"/>
  <Strassen StrID="11777" StrName="Gorch-Fock-Weg" StrPLZ="30938" OrtID="40" Merkmal="1" Planquadrat="N&#xD;"/>
  <Strassen StrID="11778" StrName="Am Fischteich" StrPLZ="25337" OrtID="134" Merkmal="1" Planquadrat="N"/>
  <Strassen StrID="11779" StrName="Leintor" StrPLZ="31028" OrtID="645" Merkmal="1" Planquadrat="N&#xD;"/>
  <Strassen StrID="11780" StrName="Lönsweg" StrPLZ="30826" OrtID="149" Merkmal="1" Planquadrat="N&#xD;"/>
  <Strassen StrID="11781" StrName="Fritz-Schmidt-Straße" StrPLZ="29221" OrtID="115" Merkmal="1" Planquadrat="N&#xD;"/>
  <Strassen StrID="11782" StrName="Uhlenflucht" StrPLZ="31319" OrtID="276" Merkmal="1" Planquadrat="N&#xD;"/>
  <Strassen StrID="11783" StrName="Martinstrasse" StrPLZ="31191" OrtID="76" Merkmal="1" Planquadrat="N&#xD;"/>
  <Strassen StrID="11784" StrName="Eichenkamp" StrPLZ="30916" OrtID="21" Merkmal="1" Planquadrat="N&#xD;"/>
  <Strassen StrID="11785" StrName="Am Kirchfeld" StrPLZ="30926" OrtID="6" Merkmal="1" Planquadrat="N&#xD;"/>
  <Strassen StrID="11786" StrName="Oberlandstraße" StrPLZ="12099" OrtID="18" Merkmal="1" Planquadrat="N&#xD;"/>
  <Strassen StrID="11787" StrName="Am alten Tor" StrPLZ="38239" OrtID="10" Merkmal="1" Planquadrat="N&#xD;"/>
  <Strassen StrID="11788" StrName="Ahornstrasse" StrPLZ="31832" OrtID="278" Merkmal="1" Planquadrat="N&#xD;"/>
  <Strassen StrID="11789" StrName="Ferd. Wahrendorf Str." StrPLZ="31319" OrtID="276" Merkmal="1" Planquadrat="N&#xD;"/>
  <Strassen StrID="11790" StrName="Am Moritzberg" StrPLZ="30982" OrtID="253" Merkmal="1" Planquadrat="N&#xD;"/>
  <Strassen StrID="11791" StrName="Berliner Straße" StrPLZ="31180" OrtID="152" Merkmal="1" Planquadrat="N&#xD;"/>
  <Strassen StrID="11792" StrName="Luisenstraße" StrPLZ="31141" OrtID="9" Merkmal="1" Planquadrat="N&#xD;"/>
  <Strassen StrID="11793" StrName="Hoffmannstraße" StrPLZ="12435" OrtID="18" Merkmal="1" Planquadrat="N&#xD;"/>
  <Strassen StrID="11794" StrName="Kieler Straße" StrPLZ="45481" OrtID="654" Merkmal="1" Planquadrat="N&#xD;"/>
  <Strassen StrID="11795" StrName="Theodor-Storm-Weg" StrPLZ="31848" OrtID="89" Merkmal="1" Planquadrat="N&#xD;"/>
  <Strassen StrID="11796" StrName="Zum Neuen Lande" StrPLZ="31234" OrtID="128" Merkmal="1" Planquadrat="N&#xD;"/>
  <Strassen StrID="11797" StrName="Friedrich-Ludwig-Jahn-Straße" StrPLZ="31582" OrtID="237" Merkmal="1" Planquadrat="N&#xD;"/>
  <Strassen StrID="11798" StrName="Braunschweiger Straße" StrPLZ="30982" OrtID="253" Merkmal="1" Planquadrat="N&#xD;"/>
  <Strassen StrID="11799" StrName="Wittinger Straße" StrPLZ="29223" OrtID="115" Merkmal="1" Planquadrat="N&#xD;"/>
  <Strassen StrID="11800" StrName="Südstrasse" StrPLZ="30926" OrtID="6" Merkmal="1" Planquadrat="N&#xD;"/>
  <Strassen StrID="11801" StrName="Forststraße" StrPLZ="31515" OrtID="319" Merkmal="1" Planquadrat="N&#xD;"/>
  <Strassen StrID="11802" StrName="Schwalbenweg" StrPLZ="31535" OrtID="22" Merkmal="1" Planquadrat="N&#xD;"/>
  <Strassen StrID="11803" StrName="Mühlenstraße" StrPLZ="31698" OrtID="727" Merkmal="1" Planquadrat="N&#xD;"/>
  <Strassen StrID="11804" StrName="Annemarie-Vogel-Straße" StrPLZ="30900" OrtID="25" Merkmal="1" Planquadrat="N&#xD;"/>
  <Strassen StrID="11805" StrName="Edelhofdamm" StrPLZ="44229" OrtID="18" Merkmal="1" Planquadrat="N&#xD;"/>
  <Strassen StrID="11806" StrName="Am Amtsgraben" StrPLZ="31867" OrtID="24" Merkmal="1" Planquadrat="N"/>
  <Strassen StrID="11807" StrName="Thomas Mann Straasse" StrPLZ="98597" OrtID="882" Merkmal="1" Planquadrat="N&#xD;"/>
  <Strassen StrID="11808" StrName="Dr. Klingenberg Strasse" StrPLZ="27793" OrtID="883" Merkmal="1" Planquadrat="N&#xD;"/>
  <Strassen StrID="11809" StrName="Heinrich Zillestrasse" StrPLZ="31028" OrtID="645" Merkmal="1" Planquadrat="N&#xD;"/>
  <Strassen StrID="11810" StrName="Wilbrandtstr." StrPLZ="33330" OrtID="521" Merkmal="1" Planquadrat="N&#xD;"/>
  <Strassen StrID="11811" StrName="Innocentiastraße" StrPLZ="20149" OrtID="39" Merkmal="1" Planquadrat="N&#xD;"/>
  <Strassen StrID="11812" StrName="Heinrich-Göbelstrasse" StrPLZ="31832" OrtID="278" Merkmal="1" Planquadrat="N&#xD;"/>
  <Strassen StrID="11813" StrName="An der Mehlbeeke" StrPLZ="30916" OrtID="21" Merkmal="1" Planquadrat="N&#xD;"/>
  <Strassen StrID="11814" StrName="Wilhelm-Raabe-Straße" StrPLZ="31787" OrtID="19" Merkmal="1" Planquadrat="N&#xD;"/>
  <Strassen StrID="11815" StrName="Molkereistrasse" StrPLZ="30826" OrtID="149" Merkmal="1" Planquadrat="N&#xD;"/>
  <Strassen StrID="11816" StrName="Bruchweiden" StrPLZ="28844" OrtID="309" Merkmal="1" Planquadrat="N&#xD;"/>
  <Strassen StrID="11817" StrName="Stapenhorststraße" StrPLZ="33615" OrtID="101" Merkmal="1" Planquadrat="N&#xD;"/>
  <Strassen StrID="11818" StrName="Boulevard Suchet" StrPLZ="F-75016" OrtID="1261" Merkmal="1" Planquadrat="N"/>
  <Strassen StrID="11819" StrName="Godehardstraße" StrPLZ="31177" OrtID="173" Merkmal="1" Planquadrat="N&#xD;"/>
  <Strassen StrID="11820" StrName="Eschenweg" StrPLZ="30855" OrtID="27" Merkmal="1" Planquadrat="N&#xD;"/>
  <Strassen StrID="11821" StrName="Emil-Andresen-Straße" StrPLZ="22529" OrtID="39" Merkmal="1" Planquadrat="N&#xD;"/>
  <Strassen StrID="11822" StrName="Wutzmannstraße" StrPLZ="71067" OrtID="651" Merkmal="1" Planquadrat="N&#xD;"/>
  <Strassen StrID="11823" StrName="Hannoversche Straße" StrPLZ="38448" OrtID="315" Merkmal="1" Planquadrat="N&#xD;"/>
  <Strassen StrID="11824" StrName="Planckstraße" StrPLZ="30853" OrtID="27" Merkmal="1" Planquadrat="N&#xD;"/>
  <Strassen StrID="11825" StrName="Brinkstraße" StrPLZ="31515" OrtID="319" Merkmal="1" Planquadrat="N&#xD;"/>
  <Strassen StrID="11826" StrName="Wiesenweg" StrPLZ="30952" OrtID="3" Merkmal="1" Planquadrat="N&#xD;"/>
  <Strassen StrID="11827" StrName="Markscheiderweg" StrPLZ="31275" OrtID="4" Merkmal="1" Planquadrat="N&#xD;"/>
  <Strassen StrID="11828" StrName="Lambertistraße" StrPLZ="26121" OrtID="248" Merkmal="1" Planquadrat="N"/>
  <Strassen StrID="11829" StrName="Uhlandstraße" StrPLZ="10717" OrtID="18" Merkmal="1" Planquadrat="N&#xD;"/>
  <Strassen StrID="11830" StrName="Steingrube" StrPLZ="31141" OrtID="9" Merkmal="1" Planquadrat="N&#xD;"/>
  <Strassen StrID="11831" StrName="Von-Münchhausen-Straße" StrPLZ="31515" OrtID="319" Merkmal="1" Planquadrat="N&#xD;"/>
  <Strassen StrID="11832" StrName="Siegburger Straße" StrPLZ="50679" OrtID="17" Merkmal="1" Planquadrat="N&#xD;"/>
  <Strassen StrID="11833" StrName="An der Kaiserburg" StrPLZ="40629" OrtID="127" Merkmal="1" Planquadrat="N&#xD;"/>
  <Strassen StrID="11834" StrName="Zum Holzfeld" StrPLZ="30880" OrtID="200" Merkmal="1" Planquadrat="N&#xD;"/>
  <Strassen StrID="11835" StrName="Postfach" StrPLZ="30430" OrtID="1" Merkmal="1" Planquadrat="N&#xD;"/>
  <Strassen StrID="11836" StrName="Seumestraße" StrPLZ="10245" OrtID="18" Merkmal="1" Planquadrat="N&#xD;"/>
  <Strassen StrID="11837" StrName="Breddestraße" StrPLZ="58452" OrtID="885" Merkmal="1" Planquadrat="N&#xD;"/>
  <Strassen StrID="11838" StrName="Wiebusch" StrPLZ="31787" OrtID="19" Merkmal="1" Planquadrat="N&#xD;"/>
  <Strassen StrID="11839" StrName="An der Autobahn" StrPLZ="30851" OrtID="27" Merkmal="1" Planquadrat="N&#xD;"/>
  <Strassen StrID="11840" StrName="Magdalenenweg" StrPLZ="31303" OrtID="20" Merkmal="1" Planquadrat="N&#xD;"/>
  <Strassen StrID="11841" StrName="Im Brünfeld" StrPLZ="30926" OrtID="6" Merkmal="1" Planquadrat="N&#xD;"/>
  <Strassen StrID="11842" StrName="Deisterstraße" StrPLZ="30823" OrtID="149" Merkmal="1" Planquadrat="N&#xD;"/>
  <Strassen StrID="11843" StrName="Beerenweg" StrPLZ="30900" OrtID="25" Merkmal="1" Planquadrat="N&#xD;"/>
  <Strassen StrID="11844" StrName="Neue Wiesen" StrPLZ="30826" OrtID="149" Merkmal="1" Planquadrat="N&#xD;"/>
  <Strassen StrID="11845" StrName="Jobstkamp" StrPLZ="30855" OrtID="27" Merkmal="1" Planquadrat="N&#xD;"/>
  <Strassen StrID="11846" StrName="Postfach" StrPLZ="CH-8301" OrtID="886" Merkmal="1" Planquadrat="N&#xD;"/>
  <Strassen StrID="11847" StrName="Wiesengrund" StrPLZ="31867" OrtID="887" Merkmal="1" Planquadrat="N&#xD;"/>
  <Strassen StrID="11848" StrName="Ellerweg" StrPLZ="33330" OrtID="521" Merkmal="1" Planquadrat="N&#xD;"/>
  <Strassen StrID="11849" StrName="Am Petershof" StrPLZ="30900" OrtID="25" Merkmal="1" Planquadrat="N&#xD;"/>
  <Strassen StrID="11850" StrName="Erlenkamp" StrPLZ="38126" OrtID="8" Merkmal="1" Planquadrat="N&#xD;"/>
  <Strassen StrID="11851" StrName="Tannenbergstraße" StrPLZ="31226" OrtID="7" Merkmal="1" Planquadrat="N&#xD;"/>
  <Strassen StrID="11852" StrName="Bahnhofstraße" StrPLZ="38518" OrtID="155" Merkmal="1" Planquadrat="N&#xD;"/>
  <Strassen StrID="11853" StrName="Am Mühlenberg" StrPLZ="30900" OrtID="25" Merkmal="1" Planquadrat="N&#xD;"/>
  <Strassen StrID="11854" StrName="Dorfstraße" StrPLZ="31638" OrtID="285" Merkmal="1" Planquadrat="N&#xD;"/>
  <Strassen StrID="11855" StrName="Limpurgstraße" StrPLZ="74541" OrtID="888" Merkmal="1" Planquadrat="N&#xD;"/>
  <Strassen StrID="11856" StrName="Bergstraße" StrPLZ="53757" OrtID="889" Merkmal="1" Planquadrat="N&#xD;"/>
  <Strassen StrID="11857" StrName="Porscheweg" StrPLZ="37075" OrtID="158" Merkmal="1" Planquadrat="N&#xD;"/>
  <Strassen StrID="11858" StrName="Klosterstieg" StrPLZ="20149" OrtID="39" Merkmal="1" Planquadrat="N&#xD;"/>
  <Strassen StrID="11859" StrName="Smaragdweg" StrPLZ="30823" OrtID="149" Merkmal="1" Planquadrat="N&#xD;"/>
  <Strassen StrID="11860" StrName="Papenbusch" StrPLZ="31228" OrtID="7" Merkmal="1" Planquadrat="N&#xD;"/>
  <Strassen StrID="11861" StrName="Am Berge" StrPLZ="30916" OrtID="21" Merkmal="1" Planquadrat="N&#xD;"/>
  <Strassen StrID="11862" StrName="Loeweweg" StrPLZ="31157" OrtID="268" Merkmal="1" Planquadrat="N&#xD;"/>
  <Strassen StrID="11863" StrName="Ilmenauweg" StrPLZ="30926" OrtID="6" Merkmal="1" Planquadrat="N&#xD;"/>
  <Strassen StrID="11864" StrName="Stettiner Straße" StrPLZ="30982" OrtID="253" Merkmal="1" Planquadrat="N&#xD;"/>
  <Strassen StrID="11865" StrName="Auf der Heide" StrPLZ="49143" OrtID="432" Merkmal="1" Planquadrat="N&#xD;"/>
  <Strassen StrID="11866" StrName="Uhlandstraße" StrPLZ="39108" OrtID="216" Merkmal="1" Planquadrat="N"/>
  <Strassen StrID="11867" StrName="Eichenweg" StrPLZ="38329" OrtID="890" Merkmal="1" Planquadrat="N&#xD;"/>
  <Strassen StrID="11868" StrName="Am Wiesenhang" StrPLZ="30974" OrtID="307" Merkmal="1" Planquadrat="N&#xD;"/>
  <Strassen StrID="11869" StrName="Bahnhofstraße" StrPLZ="31655" OrtID="32" Merkmal="1" Planquadrat="N&#xD;"/>
  <Strassen StrID="11870" StrName="Plaßstraße" StrPLZ="14165" OrtID="18" Merkmal="1" Planquadrat="N&#xD;"/>
  <Strassen StrID="11871" StrName="Wilhelm-von-Ketteler-Straße" StrPLZ="31319" OrtID="276" Merkmal="1" Planquadrat="N&#xD;"/>
  <Strassen StrID="11872" StrName="Wilhelm-Raabe-Straße" StrPLZ="30989" OrtID="5" Merkmal="1" Planquadrat="N&#xD;"/>
  <Strassen StrID="11873" StrName="Goethestraße" StrPLZ="31275" OrtID="4" Merkmal="0" Planquadrat="N&#xD;"/>
  <Strassen StrID="11874" StrName="Friedrich-Hebbel-Straße" StrPLZ="30989" OrtID="5" Merkmal="1" Planquadrat="N&#xD;"/>
  <Strassen StrID="11875" StrName="Annemarie-Nutzhorn-Weg" StrPLZ="30900" OrtID="25" Merkmal="0" Planquadrat="N&#xD;"/>
  <Strassen StrID="11876" StrName="Warnstedtstraße" StrPLZ="22525" OrtID="39" Merkmal="0" Planquadrat="N&#xD;"/>
  <Strassen StrID="11877" StrName="Im See" StrPLZ="31275" OrtID="4" Merkmal="1" Planquadrat="N&#xD;"/>
  <Strassen StrID="11878" StrName="Meerwiesen" StrPLZ="38179" OrtID="891" Merkmal="1" Planquadrat="N&#xD;"/>
  <Strassen StrID="11879" StrName="Hainallee" StrPLZ="44139" OrtID="125" Merkmal="1" Planquadrat="N"/>
  <Strassen StrID="11880" StrName="Kirschenbrink" StrPLZ="31171" OrtID="241" Merkmal="1" Planquadrat="N&#xD;"/>
  <Strassen StrID="11881" StrName="Lyraweg" StrPLZ="29549" OrtID="667" Merkmal="1" Planquadrat="N&#xD;"/>
  <Strassen StrID="11882" StrName="Herderstraße" StrPLZ="64285" OrtID="118" Merkmal="1" Planquadrat="N&#xD;"/>
  <Strassen StrID="11883" StrName="Maximilian-Kolbe-Weg" StrPLZ="30823" OrtID="149" Merkmal="1" Planquadrat="N&#xD;"/>
  <Strassen StrID="11884" StrName="Leftjestrasse" StrPLZ="31832" OrtID="278" Merkmal="1" Planquadrat="N&#xD;"/>
  <Strassen StrID="11885" StrName="Dehne" StrPLZ="31020" OrtID="267" Merkmal="1" Planquadrat="N&#xD;"/>
  <Strassen StrID="11886" StrName="Hasenort" StrPLZ="31848" OrtID="89" Merkmal="1" Planquadrat="N&#xD;"/>
  <Strassen StrID="11887" StrName="Kreuzstrasse" StrPLZ="31535" OrtID="22" Merkmal="1" Planquadrat="N&#xD;"/>
  <Strassen StrID="11888" StrName="Amselweg" StrPLZ="38554" OrtID="892" Merkmal="1" Planquadrat="N&#xD;"/>
  <Strassen StrID="11889" StrName="Kampweg" StrPLZ="31688" OrtID="468" Merkmal="1" Planquadrat="N&#xD;"/>
  <Strassen StrID="11890" StrName="Kiefernweg" StrPLZ="29308" OrtID="375" Merkmal="1" Planquadrat="N&#xD;"/>
  <Strassen StrID="11891" StrName="Nordstraße" StrPLZ="31535" OrtID="22" Merkmal="1" Planquadrat="N&#xD;"/>
  <Strassen StrID="11892" StrName="Longuestraße" StrPLZ="74889" OrtID="893" Merkmal="1" Planquadrat="N&#xD;"/>
  <Strassen StrID="11893" StrName="Benekenstraße" StrPLZ="30974" OrtID="307" Merkmal="1" Planquadrat="N&#xD;"/>
  <Strassen StrID="11894" StrName="Auf der Horst" StrPLZ="30890" OrtID="2" Merkmal="1" Planquadrat="N&#xD;"/>
  <Strassen StrID="11895" StrName="Hinterbrook" StrPLZ="24232" OrtID="894" Merkmal="1" Planquadrat="N&#xD;"/>
  <Strassen StrID="11896" StrName="Am Alten Markt" StrPLZ="31515" OrtID="319" Merkmal="0" Planquadrat="N&#xD;"/>
  <Strassen StrID="11897" StrName="Burdorfer Straße" StrPLZ="31275" OrtID="4" Merkmal="0" Planquadrat="N&#xD;"/>
  <Strassen StrID="11898" StrName="Promenadestraße" StrPLZ="96047" OrtID="630" Merkmal="1" Planquadrat="N&#xD;"/>
  <Strassen StrID="11899" StrName="Schillerstraße" StrPLZ="65760" OrtID="895" Merkmal="1" Planquadrat="N&#xD;"/>
  <Strassen StrID="11900" StrName="Emil-Nolde-Straße" StrPLZ="25451" OrtID="400" Merkmal="1" Planquadrat="N&#xD;"/>
  <Strassen StrID="11901" StrName="Amsbergstraße" StrPLZ="38667" OrtID="84" Merkmal="0" Planquadrat="N&#xD;"/>
  <Strassen StrID="11902" StrName="Am Nordberg" StrPLZ="30938" OrtID="40" Merkmal="0" Planquadrat="N&#xD;"/>
  <Strassen StrID="11903" StrName="Brühler Straße" StrPLZ="42657" OrtID="277" Merkmal="0" Planquadrat="N&#xD;"/>
  <Strassen StrID="11904" StrName="Krickenbeckstraße" StrPLZ="47804" OrtID="198" Merkmal="1" Planquadrat="N&#xD;"/>
  <Strassen StrID="11905" StrName="Rustigestraße" StrPLZ="59457" OrtID="896" Merkmal="1" Planquadrat="N&#xD;"/>
  <Strassen StrID="11906" StrName="Am Rotdorn" StrPLZ="30974" OrtID="307" Merkmal="1" Planquadrat="N&#xD;"/>
  <Strassen StrID="11907" StrName="Lilienthalstraße" StrPLZ="10965" OrtID="18" Merkmal="1" Planquadrat="N&#xD;"/>
  <Strassen StrID="11908" StrName="Reichswaldallee" StrPLZ="40472" OrtID="127" Merkmal="1" Planquadrat="N&#xD;"/>
  <Strassen StrID="11909" StrName="Hagebuttenweg" StrPLZ="31319" OrtID="276" Merkmal="1" Planquadrat="N&#xD;"/>
  <Strassen StrID="11910" StrName="Schleusenstraße" StrPLZ="45661" OrtID="897" Merkmal="1" Planquadrat="N&#xD;"/>
  <Strassen StrID="11911" StrName="Bennigsenstr" StrPLZ="31275" OrtID="4" Merkmal="1" Planquadrat="N&#xD;"/>
  <Strassen StrID="11912" StrName="Friedrich-Ebert-Strasse" StrPLZ="31157" OrtID="268" Merkmal="1" Planquadrat="N&#xD;"/>
  <Strassen StrID="11913" StrName="Mittelweg" StrPLZ="30926" OrtID="6" Merkmal="1" Planquadrat="N&#xD;"/>
  <Strassen StrID="11914" StrName="Schwerte-Elisabeth-Straße" StrPLZ="31812" OrtID="94" Merkmal="1" Planquadrat="N&#xD;"/>
  <Strassen StrID="11915" StrName="Düshorner Straße" StrPLZ="29683" OrtID="471" Merkmal="1" Planquadrat="N&#xD;"/>
  <Strassen StrID="11916" StrName="Humboldtstraße" StrPLZ="30890" OrtID="2" Merkmal="1" Planquadrat="N&#xD;"/>
  <Strassen StrID="11917" StrName="Vogelbeerenweg" StrPLZ="22299" OrtID="39" Merkmal="1" Planquadrat="N&#xD;"/>
  <Strassen StrID="11918" StrName="Auf der Borke" StrPLZ="30880" OrtID="200" Merkmal="1" Planquadrat="N&#xD;"/>
  <Strassen StrID="11919" StrName="Marie-Curie-Straße" StrPLZ="30926" OrtID="6" Merkmal="1" Planquadrat="N&#xD;"/>
  <Strassen StrID="11920" StrName="Am Weißdornbusch" StrPLZ="31319" OrtID="276" Merkmal="1" Planquadrat="N&#xD;"/>
  <Strassen StrID="11921" StrName="Am Schlehenbusch" StrPLZ="31319" OrtID="276" Merkmal="1" Planquadrat="N&#xD;"/>
  <Strassen StrID="11922" StrName="Weender Landstraße" StrPLZ="37075" OrtID="158" Merkmal="1" Planquadrat="N&#xD;"/>
  <Strassen StrID="11923" StrName="Russellstraße" StrPLZ="26871" OrtID="898" Merkmal="1" Planquadrat="N&#xD;"/>
  <Strassen StrID="11924" StrName="Immenkamp" StrPLZ="30926" OrtID="6" Merkmal="0" Planquadrat="N&#xD;"/>
  <Strassen StrID="11925" StrName="Wilhelm-Hirte-Straße" StrPLZ="30855" OrtID="27" Merkmal="0" Planquadrat="N&#xD;"/>
  <Strassen StrID="11926" StrName="Breite Straße" StrPLZ="31319" OrtID="276" Merkmal="1" Planquadrat="N&#xD;"/>
  <Strassen StrID="11927" StrName="Wagnerweg" StrPLZ="31319" OrtID="276" Merkmal="1" Planquadrat="N&#xD;"/>
  <Strassen StrID="11928" StrName="Bröhnstraße" StrPLZ="30952" OrtID="3" Merkmal="1" Planquadrat="N&#xD;"/>
  <Strassen StrID="11929" StrName="Bismarckstraße" StrPLZ="30989" OrtID="5" Merkmal="1" Planquadrat="N&#xD;"/>
  <Strassen StrID="11930" StrName="Am Vogelherd" StrPLZ="31535" OrtID="22" Merkmal="1" Planquadrat="N&#xD;"/>
  <Strassen StrID="11931" StrName="Punnershof" StrPLZ="29323" OrtID="311" Merkmal="1" Planquadrat="N&#xD;"/>
  <Strassen StrID="11932" StrName="Westerstraße" StrPLZ="38442" OrtID="315" Merkmal="1" Planquadrat="N&#xD;"/>
  <Strassen StrID="11933" StrName="Auf dem Thie" StrPLZ="30989" OrtID="5" Merkmal="1" Planquadrat="N&#xD;"/>
  <Strassen StrID="11934" StrName="Holzweg" StrPLZ="30880" OrtID="200" Merkmal="1" Planquadrat="N&#xD;"/>
  <Strassen StrID="11935" StrName="Loitzer Landstraße" StrPLZ="17489" OrtID="899" Merkmal="1" Planquadrat="N&#xD;"/>
  <Strassen StrID="11936" StrName="Am Mühlenberg" StrPLZ="31275" OrtID="276" Merkmal="1" Planquadrat="N&#xD;"/>
  <Strassen StrID="11937" StrName="Bielefelder Straße" StrPLZ="32051" OrtID="178" Merkmal="1" Planquadrat="N&#xD;"/>
  <Strassen StrID="11938" StrName="Unter der Piese" StrPLZ="37619" OrtID="105" Merkmal="1" Planquadrat="N&#xD;"/>
  <Strassen StrID="11939" StrName="Falkenweg" StrPLZ="30826" OrtID="149" Merkmal="1" Planquadrat="N&#xD;"/>
  <Strassen StrID="11940" StrName="Erfurter Straße" StrPLZ="07743" OrtID="900" Merkmal="1" Planquadrat="N&#xD;"/>
  <Strassen StrID="11941" StrName="Ernst-Jünger-Weg" StrPLZ="31547" OrtID="30" Merkmal="1" Planquadrat="N&#xD;"/>
  <Strassen StrID="11942" StrName="Remnitzhof" StrPLZ="31177" OrtID="173" Merkmal="1" Planquadrat="N&#xD;"/>
  <Strassen StrID="11943" StrName="Am Mühlenberg" StrPLZ="31275" OrtID="4" Merkmal="1" Planquadrat="N&#xD;"/>
  <Strassen StrID="11944" StrName="Wacholderweg" StrPLZ="30938" OrtID="40" Merkmal="1" Planquadrat="N&#xD;"/>
  <Strassen StrID="11945" StrName="Koppelweg" StrPLZ="30826" OrtID="149" Merkmal="1" Planquadrat="N&#xD;"/>
  <Strassen StrID="11946" StrName="Gottfried-Keller-Str." StrPLZ="31157" OrtID="268" Merkmal="1" Planquadrat="N&#xD;"/>
  <Strassen StrID="11947" StrName="Wilhelmstraße" StrPLZ="31157" OrtID="268" Merkmal="1" Planquadrat="N&#xD;"/>
  <Strassen StrID="11948" StrName="Planetenstraße" StrPLZ="31275" OrtID="4" Merkmal="1" Planquadrat="N&#xD;"/>
  <Strassen StrID="11949" StrName="Am Schwarzen Berge" StrPLZ="30823" OrtID="149" Merkmal="1" Planquadrat="N&#xD;"/>
  <Strassen StrID="11950" StrName="Petersenstraße" StrPLZ="30926" OrtID="6" Merkmal="1" Planquadrat="N&#xD;"/>
  <Strassen StrID="11951" StrName="Neustadtstraße" StrPLZ="30974" OrtID="307" Merkmal="1" Planquadrat="N&#xD;"/>
  <Strassen StrID="11952" StrName="Beyerstraße" StrPLZ="13595" OrtID="18" Merkmal="1" Planquadrat="N&#xD;"/>
  <Strassen StrID="11953" StrName="Rudolf-Wahrendorff-Straße" StrPLZ="31319" OrtID="276" Merkmal="1" Planquadrat="N&#xD;"/>
  <Strassen StrID="11954" StrName="Haydnstraße" StrPLZ="40822" OrtID="901" Merkmal="1" Planquadrat="N&#xD;"/>
  <Strassen StrID="11955" StrName="Hohe Heide" StrPLZ="30974" OrtID="307" Merkmal="1" Planquadrat="N&#xD;"/>
  <Strassen StrID="11956" StrName="Abzuchtstraße" StrPLZ="38640" OrtID="157" Merkmal="1" Planquadrat="N&#xD;"/>
  <Strassen StrID="11957" StrName="Im Bruche" StrPLZ="30926" OrtID="6" Merkmal="1" Planquadrat="N&#xD;"/>
  <Strassen StrID="11958" StrName="Wörther Straße" StrPLZ="10405" OrtID="18" Merkmal="1" Planquadrat="N&#xD;"/>
  <Strassen StrID="11959" StrName="Triftstraße" StrPLZ="31319" OrtID="276" Merkmal="0" Planquadrat="N&#xD;"/>
  <Strassen StrID="11960" StrName="Talsperrenstraße" StrPLZ="53881" OrtID="870" Merkmal="0" Planquadrat="N&#xD;"/>
  <Strassen StrID="11961" StrName="Talsperrenweg" StrPLZ="53881" OrtID="870" Merkmal="0" Planquadrat="N&#xD;"/>
  <Strassen StrID="11962" StrName="Insterburger Straße" StrPLZ="29227" OrtID="115" Merkmal="1" Planquadrat="N&#xD;"/>
  <Strassen StrID="11963" StrName="Zum Meerbruch" StrPLZ="31547" OrtID="30" Merkmal="1" Planquadrat="N&#xD;"/>
  <Strassen StrID="11964" StrName="Ernestusstraße" StrPLZ="06114" OrtID="721" Merkmal="1" Planquadrat="N&#xD;"/>
  <Strassen StrID="11965" StrName="Heider Straße" StrPLZ="24106" OrtID="194" Merkmal="1" Planquadrat="N"/>
  <Strassen StrID="11966" StrName="Zum Fernsehturm" StrPLZ="26605" OrtID="463" Merkmal="1" Planquadrat="N&#xD;"/>
  <Strassen StrID="11967" StrName="Senefelderstraße" StrPLZ="30880" OrtID="200" Merkmal="1" Planquadrat="N&#xD;"/>
  <Strassen StrID="11968" StrName="4 Sandycroft Lane" OrtID="902" Merkmal="1" Planquadrat="N&#xD;"/>
  <Strassen StrID="11969" StrName="4 Sandycroft Lane" StrPLZ="XXXX" OrtID="903" Merkmal="1" Planquadrat="N"/>
  <Strassen StrID="11970" StrName="Nordstraße" StrPLZ="28857" OrtID="289" Merkmal="0" Planquadrat="N&#xD;"/>
  <Strassen StrID="11971" StrName="Am Stellberg" StrPLZ="31535" OrtID="22" Merkmal="1" Planquadrat="N&#xD;"/>
  <Strassen StrID="11972" StrName="Am Klosterberg" StrPLZ="30900" OrtID="25" Merkmal="1" Planquadrat="N&#xD;"/>
  <Strassen StrID="11973" StrName="Wiesenweg" StrPLZ="31275" OrtID="4" Merkmal="1" Planquadrat="N&#xD;"/>
  <Strassen StrID="11974" StrName="Schäfereiweg" StrPLZ="30966" OrtID="13" Merkmal="1" Planquadrat="N&#xD;"/>
  <Strassen StrID="11975" StrName="Humperdinckstraße" StrPLZ="31157" OrtID="268" Merkmal="1" Planquadrat="N&#xD;"/>
  <Strassen StrID="11976" StrName="Steinhauerstraße" StrPLZ="31832" OrtID="278" Merkmal="0" Planquadrat="N&#xD;"/>
  <Strassen StrID="11977" StrName="Victoriastrasse" StrPLZ="80803" OrtID="225" Merkmal="1" Planquadrat="N&#xD;"/>
  <Strassen StrID="11978" StrName="Gerrit-Herlyn-Straße" StrPLZ="26736" OrtID="904" Merkmal="1" Planquadrat="N&#xD;"/>
  <Strassen StrID="11979" StrName="Am Steinkamp" StrPLZ="30827" OrtID="149" Merkmal="1" Planquadrat="N&#xD;"/>
  <Strassen StrID="11980" StrName="In der Kuhle" StrPLZ="31867" OrtID="219" Merkmal="0" Planquadrat="N&#xD;"/>
  <Strassen StrID="11981" StrName="Alerdsweg" StrPLZ="38118" OrtID="8" Merkmal="0" Planquadrat="N&#xD;"/>
  <Strassen StrID="11982" StrName="Schulze-Delitzsch-Straße" StrPLZ="30827" OrtID="149" Merkmal="0" Planquadrat="N&#xD;"/>
  <Strassen StrID="11983" StrName="Cruschmannstraße" StrPLZ="20251" OrtID="39" Merkmal="0" Planquadrat="N&#xD;"/>
  <Strassen StrID="11984" StrName="Turmalinstraße" StrPLZ="30823" OrtID="149" Merkmal="1" Planquadrat="N&#xD;"/>
  <Strassen StrID="11985" StrName="Am Grünen Ring" StrPLZ="30952" OrtID="3" Merkmal="1" Planquadrat="N&#xD;"/>
  <Strassen StrID="11986" StrName="Bahnhofstraße" StrPLZ="58256" OrtID="905" Merkmal="1" Planquadrat="N&#xD;"/>
  <Strassen StrID="11987" StrName="Hallerstraße" StrPLZ="20146" OrtID="39" Merkmal="1" Planquadrat="N&#xD;"/>
  <Strassen StrID="11988" StrName="Waltersbadweg" StrPLZ="31234" OrtID="128" Merkmal="1" Planquadrat="N&#xD;"/>
  <Strassen StrID="11989" StrName="Braunschweiger Straße" StrPLZ="31552" OrtID="263" Merkmal="1" Planquadrat="N&#xD;"/>
  <Strassen StrID="11990" StrName="Triftstraße" StrPLZ="31547" OrtID="30" Merkmal="1" Planquadrat="N&#xD;"/>
  <Strassen StrID="11991" StrName="Seeweg" StrPLZ="31535" OrtID="22" Merkmal="1" Planquadrat="N&#xD;"/>
  <Strassen StrID="11992" StrName="Im Allhorn" StrPLZ="22359" OrtID="39" Merkmal="1" Planquadrat="N&#xD;"/>
  <Strassen StrID="11993" StrName="Buchrainstraße" StrPLZ="60599" OrtID="41" Merkmal="1" Planquadrat="N&#xD;"/>
  <Strassen StrID="11994" StrName="Alte Dorfstraße" StrPLZ="31547" OrtID="30" Merkmal="1" Planquadrat="N&#xD;"/>
  <Strassen StrID="11995" StrName="Sedan Straße" StrPLZ="31008" OrtID="135" Merkmal="1" Planquadrat="N&#xD;"/>
  <Strassen StrID="11996" StrName="Lindhorstweg" StrPLZ="31319" OrtID="276" Merkmal="1" Planquadrat="N&#xD;"/>
  <Strassen StrID="11997" StrName="Am Lahberg" StrPLZ="30938" OrtID="40" Merkmal="1" Planquadrat="N&#xD;"/>
  <Strassen StrID="11998" StrName="Antilopenstieg" StrPLZ="22527" OrtID="39" Merkmal="1" Planquadrat="N&#xD;"/>
  <Strassen StrID="11999" StrName="Eichendorffstraße" StrPLZ="31224" OrtID="7" Merkmal="0" Planquadrat="N&#xD;"/>
  <Strassen StrID="12000" StrName="Wilhelm-Raabe-Straße" StrPLZ="31592" OrtID="799" Merkmal="0" Planquadrat="N&#xD;"/>
  <Strassen StrID="12001" StrName="Fockestraße" StrPLZ="30827" OrtID="149" Merkmal="0" Planquadrat="N&#xD;"/>
  <Strassen StrID="12002" StrName="Zur Grünen Schildmühle" StrPLZ="99084" OrtID="652" Merkmal="1" Planquadrat="N&#xD;"/>
  <Strassen StrID="12003" StrName="Lortzingweg" StrPLZ="30966" OrtID="13" Merkmal="1" Planquadrat="N&#xD;"/>
  <Strassen StrID="12004" StrName="Altes Dorf" StrPLZ="30926" OrtID="6" Merkmal="1" Planquadrat="N&#xD;"/>
  <Strassen StrID="12005" StrName="Binger Straße" StrPLZ="55263" OrtID="906" Merkmal="1" Planquadrat="N&#xD;"/>
  <Strassen StrID="12006" StrName="Dunkler Weg" StrPLZ="30900" OrtID="25" Merkmal="1" Planquadrat="N&#xD;"/>
  <Strassen StrID="12007" StrName="Göckelsweg" StrPLZ="41068" OrtID="222" Merkmal="1" Planquadrat="N&#xD;"/>
  <Strassen StrID="12008" StrName="Stettiner Straße" StrPLZ="31249" OrtID="185" Merkmal="1" Planquadrat="N"/>
  <Strassen StrID="12009" StrName="Bruchstraße" StrPLZ="30926" OrtID="6" Merkmal="1" Planquadrat="N&#xD;"/>
  <Strassen StrID="12010" StrName="Vor der Mühle" StrPLZ="31535" OrtID="22" Merkmal="1" Planquadrat="N&#xD;"/>
  <Strassen StrID="12011" StrName="Kortlund" StrPLZ="24857" OrtID="139" Merkmal="1" Planquadrat="N&#xD;"/>
  <Strassen StrID="12012" StrName="Gartenstraße" StrPLZ="31171" OrtID="241" Merkmal="1" Planquadrat="N&#xD;"/>
  <Strassen StrID="12013" StrName="Drosselstieg" StrPLZ="29225" OrtID="115" Merkmal="1" Planquadrat="N&#xD;"/>
  <Strassen StrID="12014" StrName="An der Aue" StrPLZ="31595" OrtID="907" Merkmal="1" Planquadrat="N&#xD;"/>
  <Strassen StrID="12015" StrName="Lindenberg" StrPLZ="30966" OrtID="13" Merkmal="1" Planquadrat="N&#xD;"/>
  <Strassen StrID="12016" StrName="Wirthsgasse" StrPLZ="97711" OrtID="908" Merkmal="1" Planquadrat="N&#xD;"/>
  <Strassen StrID="12017" StrName="Trauns Allee" StrPLZ="22043" OrtID="39" Merkmal="1" Planquadrat="N&#xD;"/>
  <Strassen StrID="12018" StrName="Schwerinstraße" StrPLZ="40476" OrtID="127" Merkmal="1" Planquadrat="N&#xD;"/>
  <Strassen StrID="12019" StrName="Sachsenstraße" StrPLZ="49525" OrtID="909" Merkmal="1" Planquadrat="N&#xD;"/>
  <Strassen StrID="12020" StrName="Am Baum" StrPLZ="21029" OrtID="39" Merkmal="1" Planquadrat="N&#xD;"/>
  <Strassen StrID="12021" StrName="Seerosenweg" StrPLZ="30952" OrtID="3" Merkmal="1" Planquadrat="N&#xD;"/>
  <Strassen StrID="12022" StrName="Im Bahlbrink" StrPLZ="30827" OrtID="149" Merkmal="1" Planquadrat="N&#xD;"/>
  <Strassen StrID="12023" StrName="Osnabrücker Landstraße" StrPLZ="30926" OrtID="6" Merkmal="1" Planquadrat="N&#xD;"/>
  <Strassen StrID="12024" StrName="Schützenstraße" StrPLZ="30853" OrtID="27" Merkmal="1" Planquadrat="N&#xD;"/>
  <Strassen StrID="12025" StrName="Ernst-Reuter-Straße" StrPLZ="31319" OrtID="276" Merkmal="1" Planquadrat="N&#xD;"/>
  <Strassen StrID="12026" StrName="Schloß Arensburg" StrPLZ="31737" OrtID="262" Merkmal="1" Planquadrat="N&#xD;"/>
  <Strassen StrID="12027" StrName="Zum Ebersberg" StrPLZ="31832" OrtID="278" Merkmal="1" Planquadrat="N&#xD;"/>
  <Strassen StrID="12029" StrName="Hohner Straße" StrPLZ="31515" OrtID="319" Merkmal="1" Planquadrat="N&#xD;"/>
  <Strassen StrID="12030" StrName="Hamburger Straße" StrPLZ="28205" OrtID="109" Merkmal="1" Planquadrat="N&#xD;"/>
  <Strassen StrID="12031" StrName="Empelder Straße" StrPLZ="30952" OrtID="3" Merkmal="1" Planquadrat="N&#xD;"/>
  <Strassen StrID="12032" StrName="Königsberger Straße" StrPLZ="31249" OrtID="185" Merkmal="1" Planquadrat="N"/>
  <Strassen StrID="12033" StrName="Friesenstraße" StrPLZ="31840" OrtID="37" Merkmal="1" Planquadrat="N&#xD;"/>
  <Strassen StrID="12034" StrName="Hohefeldstraße" StrPLZ="30952" OrtID="3" Merkmal="1" Planquadrat="N&#xD;"/>
  <Strassen StrID="12035" StrName="Frielinger Straße" StrPLZ="30826" OrtID="149" Merkmal="1" Planquadrat="N&#xD;"/>
  <Strassen StrID="12036" StrName="Am Blumengarten" StrPLZ="31515" OrtID="319" Merkmal="1" Planquadrat="N&#xD;"/>
  <Strassen StrID="12037" StrName="Mürwiker Straße" StrPLZ="24943" OrtID="140" Merkmal="1" Planquadrat="N"/>
  <Strassen StrID="12038" StrName="Elbinger Weg" StrPLZ="30938" OrtID="40" Merkmal="1" Planquadrat="N&#xD;"/>
  <Strassen StrID="12039" StrName="Am Bruche" StrPLZ="31515" OrtID="319" Merkmal="1" Planquadrat="N&#xD;"/>
  <Strassen StrID="12040" StrName="Waldstraße" StrPLZ="31515" OrtID="319" Merkmal="1" Planquadrat="N&#xD;"/>
  <Strassen StrID="12041" StrName="Weetzener Straße" StrPLZ="30952" OrtID="3" Merkmal="1" Planquadrat="N&#xD;"/>
  <Strassen StrID="12042" StrName="Auf der Vienig" StrPLZ="31162" OrtID="95" Merkmal="1" Planquadrat="N&#xD;"/>
  <Strassen StrID="12043" StrName="Bussenstraße" StrPLZ="30827" OrtID="149" Merkmal="1" Planquadrat="N&#xD;"/>
  <Strassen StrID="12044" StrName="Schauinsland" StrPLZ="79252" OrtID="910" Merkmal="1" Planquadrat="N&#xD;"/>
  <Strassen StrID="12045" StrName="Hilperdinger Weg" StrPLZ="29664" OrtID="304" Merkmal="1" Planquadrat="N"/>
  <Strassen StrID="12046" StrName="Albert-Schweitzer-Straße" StrPLZ="31319" OrtID="276" Merkmal="1" Planquadrat="N&#xD;"/>
  <Strassen StrID="12047" StrName="Friedrich-Ebert-Straße" StrPLZ="31319" OrtID="276" Merkmal="1" Planquadrat="N&#xD;"/>
  <Strassen StrID="12048" StrName="Borsigring" StrPLZ="31319" OrtID="276" Merkmal="1" Planquadrat="N&#xD;"/>
  <Strassen StrID="12049" StrName="Himmeloh Straße" StrPLZ="58454" OrtID="885" Merkmal="1" Planquadrat="N&#xD;"/>
  <Strassen StrID="12050" StrName="Breite Straße" StrPLZ="37154" OrtID="239" Merkmal="1" Planquadrat="N&#xD;"/>
  <Strassen StrID="12051" StrName="Im Kamp" StrPLZ="21335" OrtID="376" Merkmal="1" Planquadrat="N&#xD;"/>
  <Strassen StrID="12052" StrName="Beckmannstraße" StrPLZ="24539" OrtID="231" Merkmal="1" Planquadrat="N&#xD;"/>
  <Strassen StrID="12053" StrName="Wehlenburg" StrPLZ="29227" OrtID="115" Merkmal="1" Planquadrat="N&#xD;"/>
  <Strassen StrID="12054" StrName="Gertrud-von-Le-Fort-Straße" StrPLZ="59348" OrtID="911" Merkmal="1" Planquadrat="N&#xD;"/>
  <Strassen StrID="12055" StrName="Bergsteinweg" StrPLZ="31137" OrtID="9" Merkmal="1" Planquadrat="N&#xD;"/>
  <Strassen StrID="12056" StrName="Osningstraße" StrPLZ="33605" OrtID="101" Merkmal="1" Planquadrat="N&#xD;"/>
  <Strassen StrID="12057" StrName="Unterm Hollerbusch" StrPLZ="30974" OrtID="307" Merkmal="1" Planquadrat="N&#xD;"/>
  <Strassen StrID="12058" StrName="Schusterstraße" StrPLZ="31655" OrtID="32" Merkmal="1" Planquadrat="N&#xD;"/>
  <Strassen StrID="12059" StrName="Bode Ring" StrPLZ="31319" OrtID="276" Merkmal="1" Planquadrat="N&#xD;"/>
  <Strassen StrID="12060" StrName="Bahnhofstraße" StrPLZ="32545" OrtID="614" Merkmal="1" Planquadrat="N&#xD;"/>
  <Strassen StrID="12061" StrName="Auf dem Anger" StrPLZ="30966" OrtID="13" Merkmal="0" Planquadrat="N&#xD;"/>
  <Strassen StrID="12062" StrName="Im Bleeke" StrPLZ="30826" OrtID="149" Merkmal="0" Planquadrat="N&#xD;"/>
  <Strassen StrID="12063" StrName="Im Unterviertel" StrPLZ="76229" OrtID="49" Merkmal="1" Planquadrat="N&#xD;"/>
  <Strassen StrID="12064" StrName="Postfach" StrPLZ="30058" OrtID="1" Merkmal="1" Planquadrat="N&#xD;"/>
  <Strassen StrID="12065" StrName="Lehmbünte" StrPLZ="31515" OrtID="319" Merkmal="1" Planquadrat="N&#xD;"/>
  <Strassen StrID="12066" StrName="Am Jahnplatz" StrPLZ="31515" OrtID="319" Merkmal="1" Planquadrat="N&#xD;"/>
  <Strassen StrID="12067" StrName="Ellernbuschfeld" StrPLZ="30539" OrtID="1" Merkmal="1" Planquadrat="N&#xD;"/>
  <Strassen StrID="12068" StrName="Eichendorffstraße" StrPLZ="31515" OrtID="319" Merkmal="1" Planquadrat="N&#xD;"/>
  <Strassen StrID="12069" StrName="Georg-Westermann-Allee" StrPLZ="38104" OrtID="8" Merkmal="1" Planquadrat="N&#xD;"/>
  <Strassen StrID="12070" StrName="Mühlenberg" StrPLZ="31547" OrtID="30" Merkmal="1" Planquadrat="N&#xD;"/>
  <Strassen StrID="12071" StrName="Bahnhofstraße" StrPLZ="38373" OrtID="912" Merkmal="1" Planquadrat="N&#xD;"/>
  <Strassen StrID="12072" StrName="Holunderweg" StrPLZ="21614" OrtID="534" Merkmal="1" Planquadrat="N&#xD;"/>
  <Strassen StrID="12073" StrName="Buchenweg" StrPLZ="31832" OrtID="278" Merkmal="0" Planquadrat="N&#xD;"/>
  <Strassen StrID="12074" StrName="Spechtweg" StrPLZ="30826" OrtID="149" Merkmal="1" Planquadrat="N&#xD;"/>
  <Strassen StrID="12075" StrName="Konrad-Adenauer-Straße" StrPLZ="31139" OrtID="9" Merkmal="1" Planquadrat="N&#xD;"/>
  <Strassen StrID="12076" StrName="Wilmersdorfer Straße" StrPLZ="30982" OrtID="253" Merkmal="1" Planquadrat="N&#xD;"/>
  <Strassen StrID="12077" StrName="Wangeroogestraße" StrPLZ="26384" OrtID="312" Merkmal="1" Planquadrat="N"/>
  <Strassen StrID="12078" StrName="Bernabeistraße" StrPLZ="80639" OrtID="225" Merkmal="1" Planquadrat="N&#xD;"/>
  <Strassen StrID="12079" StrName="Bothfelder Straße" StrPLZ="30851" OrtID="27" Merkmal="1" Planquadrat="N&#xD;"/>
  <Strassen StrID="12080" StrName="Grenzhof" StrPLZ="29633" OrtID="368" Merkmal="1" Planquadrat="N&#xD;"/>
  <Strassen StrID="12081" StrName="Niedernstöckener Straße" StrPLZ="31535" OrtID="22" Merkmal="1" Planquadrat="N&#xD;"/>
  <Strassen StrID="12082" StrName="Am Heesskamp" StrPLZ="30880" OrtID="200" Merkmal="1" Planquadrat="N&#xD;"/>
  <Strassen StrID="12083" StrName="Görlitzerstrasse" StrPLZ="37085" OrtID="158" Merkmal="1" Planquadrat="N&#xD;"/>
  <Strassen StrID="12084" StrName="Gelber Damm" StrPLZ="30916" OrtID="21" Merkmal="1" Planquadrat="N&#xD;"/>
  <Strassen StrID="12085" StrName="Dorothea-Erxleben-Str." StrPLZ="30974" OrtID="307" Merkmal="1" Planquadrat="N&#xD;"/>
  <Strassen StrID="15651" StrName="Christian-von-Winkler Straße" StrPLZ="31535" OrtID="22" Merkmal="0"/>
  <Strassen StrID="12087" StrName="Brahmsweg" StrPLZ="30890" OrtID="2" Merkmal="1" Planquadrat="N&#xD;"/>
  <Strassen StrID="12088" StrName="Silberburgstraße" StrPLZ="70629" OrtID="287" Merkmal="1" Planquadrat="N"/>
  <Strassen StrID="12089" StrName="Marbachweg" StrPLZ="60435" OrtID="41" Merkmal="1" Planquadrat="N&#xD;"/>
  <Strassen StrID="12090" StrName="Karl-Legien-Straße" StrPLZ="30880" OrtID="200" Merkmal="1" Planquadrat="N&#xD;"/>
  <Strassen StrID="12091" StrName="Am Schacht" StrPLZ="38170" OrtID="913" Merkmal="0" Planquadrat="N&#xD;"/>
  <Strassen StrID="12092" StrName="Im Winkel" StrPLZ="31559" OrtID="174" Merkmal="1" Planquadrat="N&#xD;"/>
  <Strassen StrID="12093" StrName="Tuckermannweg" StrPLZ="37085" OrtID="158" Merkmal="1" Planquadrat="N&#xD;"/>
  <Strassen StrID="12094" StrName="Marienstraße" StrPLZ="31079" OrtID="914" Merkmal="1" Planquadrat="N&#xD;"/>
  <Strassen StrID="12095" StrName="19 Bonserroud" StrPLZ="TW1 4RQ" OrtID="1264" Merkmal="1" Planquadrat="N"/>
  <Strassen StrID="12096" StrName="Agnes-Schlu-Straße" StrPLZ="27211" OrtID="915" Merkmal="1" Planquadrat="N&#xD;"/>
  <Strassen StrID="12097" StrName="Kellermannstraße" StrPLZ="45472" OrtID="598" Merkmal="1" Planquadrat="N&#xD;"/>
  <Strassen StrID="12098" StrName="Curschmannstraße" StrPLZ="20251" OrtID="39" Merkmal="1" Planquadrat="N&#xD;"/>
  <Strassen StrID="12099" StrName="Gertrud-Ehrle-Weg" StrPLZ="88213" OrtID="916" Merkmal="0" Planquadrat="N&#xD;"/>
  <Strassen StrID="12100" StrName="In den Hollen" StrPLZ="27299" OrtID="806" Merkmal="0" Planquadrat="N&#xD;"/>
  <Strassen StrID="12101" StrName="Bäckerweg" StrPLZ="30855" OrtID="27" Merkmal="0" Planquadrat="N&#xD;"/>
  <Strassen StrID="12102" StrName="Hainbergstraße" StrPLZ="31188" OrtID="820" Merkmal="1" Planquadrat="N&#xD;"/>
  <Strassen StrID="12103" StrName="Postfach" StrPLZ="30007" OrtID="1" Merkmal="1" Planquadrat="N&#xD;"/>
  <Strassen StrID="12104" StrName="Judenstraße" StrPLZ="31191" OrtID="76" Merkmal="1" Planquadrat="N&#xD;"/>
  <Strassen StrID="12105" StrName="Danziger Straße" StrPLZ="30952" OrtID="3" Merkmal="1" Planquadrat="N&#xD;"/>
  <Strassen StrID="12106" StrName="Theodor-Heuss-Straße" StrPLZ="31535" OrtID="22" Merkmal="1" Planquadrat="N&#xD;"/>
  <Strassen StrID="12107" StrName="Huelstraße" StrPLZ="41379" OrtID="431" Merkmal="1" Planquadrat="N&#xD;"/>
  <Strassen StrID="12108" StrName="Marienstraße" StrPLZ="31515" OrtID="319" Merkmal="1" Planquadrat="N&#xD;"/>
  <Strassen StrID="12109" StrName="Donauschwabenstraße" StrPLZ="75015" OrtID="917" Merkmal="1" Planquadrat="N&#xD;"/>
  <Strassen StrID="12110" StrName="Sorsumer Straße" StrPLZ="30974" OrtID="307" Merkmal="1" Planquadrat="N&#xD;"/>
  <Strassen StrID="12111" StrName="Wallstraße" StrPLZ="38100" OrtID="8" Merkmal="1" Planquadrat="N&#xD;"/>
  <Strassen StrID="12112" StrName="Bergwiesenstraße" StrPLZ="30890" OrtID="2" Merkmal="1" Planquadrat="N&#xD;"/>
  <Strassen StrID="12113" StrName="Hauptstraße" StrPLZ="31162" OrtID="95" Merkmal="0" Planquadrat="N&#xD;"/>
  <Strassen StrID="12114" StrName="Ceciliengärten" StrPLZ="12159" OrtID="18" Merkmal="1" Planquadrat="N&#xD;"/>
  <Strassen StrID="12115" StrName="Fuhrenkamp" StrPLZ="30851" OrtID="27" Merkmal="1" Planquadrat="N&#xD;"/>
  <Strassen StrID="12116" StrName="Eichenweg" StrPLZ="30952" OrtID="3" Merkmal="1" Planquadrat="N&#xD;"/>
  <Strassen StrID="12117" StrName="Prinzhornweg" StrPLZ="31303" OrtID="20" Merkmal="1" Planquadrat="N&#xD;"/>
  <Strassen StrID="12118" StrName="Am Leinkamp" StrPLZ="30880" OrtID="200" Merkmal="1" Planquadrat="N&#xD;"/>
  <Strassen StrID="12119" StrName="Dornbusch" StrPLZ="38259" OrtID="10" Merkmal="1" Planquadrat="N&#xD;"/>
  <Strassen StrID="12120" StrName="Rosenweg" StrPLZ="31582" OrtID="237" Merkmal="1" Planquadrat="N&#xD;"/>
  <Strassen StrID="12121" StrName="Kapellenweg" StrPLZ="69234" OrtID="918" Merkmal="1" Planquadrat="N&#xD;"/>
  <Strassen StrID="12122" StrName="Kopernikusweg" StrPLZ="30974" OrtID="307" Merkmal="1" Planquadrat="N&#xD;"/>
  <Strassen StrID="12123" StrName="Ebereschenweg" StrPLZ="31535" OrtID="22" Merkmal="1" Planquadrat="N&#xD;"/>
  <Strassen StrID="12124" StrName="Simetsbergweg" StrPLZ="82541" OrtID="919" Merkmal="1" Planquadrat="N&#xD;"/>
  <Strassen StrID="12125" StrName="Theodor-Heuss-Straße" StrPLZ="65232" OrtID="922" Merkmal="1" Planquadrat="N&#xD;"/>
  <Strassen StrID="12126" StrName="Poststraße" StrPLZ="31303" OrtID="20" Merkmal="0" Planquadrat="N&#xD;"/>
  <Strassen StrID="12127" StrName="Stralsunder Straße" StrPLZ="30827" OrtID="149" Merkmal="1" Planquadrat="N&#xD;"/>
  <Strassen StrID="12128" StrName="Havelser Straße" StrPLZ="30823" OrtID="149" Merkmal="1" Planquadrat="N&#xD;"/>
  <Strassen StrID="12129" StrName="Ringstraße" StrPLZ="31698" OrtID="727" Merkmal="1" Planquadrat="N&#xD;"/>
  <Strassen StrID="12130" StrName="Meisterweg" StrPLZ="8" OrtID="923" Merkmal="0" Planquadrat="N&#xD;"/>
  <Strassen StrID="12131" StrName="Gretenberger Straße" StrPLZ="31319" OrtID="276" Merkmal="1" Planquadrat="N&#xD;"/>
  <Strassen StrID="12132" StrName="Brahmsweg" StrPLZ="31319" OrtID="276" Merkmal="1" Planquadrat="N&#xD;"/>
  <Strassen StrID="12133" StrName="Tulpenweg" StrPLZ="30926" OrtID="6" Merkmal="1" Planquadrat="N&#xD;"/>
  <Strassen StrID="12134" StrName="Bismarckstraße" StrPLZ="27570" OrtID="110" Merkmal="1" Planquadrat="N&#xD;"/>
  <Strassen StrID="12135" StrName="Friedrich-Ebert-Straße" StrPLZ="27374" OrtID="925" Merkmal="1" Planquadrat="N&#xD;"/>
  <Strassen StrID="12136" StrName="Lange Straße" StrPLZ="31515" OrtID="319" Merkmal="0" Planquadrat="N&#xD;"/>
  <Strassen StrID="12137" StrName="Schallbruch" StrPLZ="42781" OrtID="926" Merkmal="1" Planquadrat="N&#xD;"/>
  <Strassen StrID="12138" StrName="Verdener Landstraße" StrPLZ="31582" OrtID="237" Merkmal="1" Planquadrat="N&#xD;"/>
  <Strassen StrID="12139" StrName="Reihermoorweg" StrPLZ="30938" OrtID="40" Merkmal="1" Planquadrat="N&#xD;"/>
  <Strassen StrID="12140" StrName="Gerhardstraße" StrPLZ="31241" OrtID="437" Merkmal="1" Planquadrat="N&#xD;"/>
  <Strassen StrID="12141" StrName="Bernsteinsee" StrPLZ="38524" OrtID="927" Merkmal="1" Planquadrat="N&#xD;"/>
  <Strassen StrID="12142" StrName="Hellendorfer Straße" StrPLZ="30900" OrtID="25" Merkmal="1" Planquadrat="N&#xD;"/>
  <Strassen StrID="12143" StrName="Mühlenberg" StrPLZ="37603" OrtID="577" Merkmal="1" Planquadrat="N&#xD;"/>
  <Strassen StrID="12144" StrName="Am Baggersee" StrPLZ="31515" OrtID="319" Merkmal="1" Planquadrat="N&#xD;"/>
  <Strassen StrID="12145" StrName="Kiefernweg" StrPLZ="30900" OrtID="25" Merkmal="1" Planquadrat="N&#xD;"/>
  <Strassen StrID="12146" StrName="Scharnhorststraße" StrPLZ="31303" OrtID="20" Merkmal="1" Planquadrat="N&#xD;"/>
  <Strassen StrID="12147" StrName="Ringfurther Weg" StrPLZ="39128" OrtID="216" Merkmal="1" Planquadrat="N"/>
  <Strassen StrID="12149" StrName="Cheller Straße" StrPLZ="21079" OrtID="39" Merkmal="1" Planquadrat="N&#xD;"/>
  <Strassen StrID="12150" StrName="Wartburghof" StrPLZ="30627" OrtID="1" Merkmal="1" Planquadrat="N&#xD;"/>
  <Strassen StrID="12151" StrName="Grunewaldstraße" StrPLZ="24111" OrtID="194" Merkmal="1" Planquadrat="N"/>
  <Strassen StrID="12152" StrName="Bahnhofstraße" StrPLZ="85570" OrtID="929" Merkmal="1" Planquadrat="N&#xD;"/>
  <Strassen StrID="12153" StrName="Steinkamp" StrPLZ="30926" OrtID="6" Merkmal="1" Planquadrat="N&#xD;"/>
  <Strassen StrID="12154" StrName="Am Sehlbrink" StrPLZ="30952" OrtID="3" Merkmal="1" Planquadrat="N&#xD;"/>
  <Strassen StrID="12155" StrName="Postfach" StrPLZ="38033" OrtID="8" Merkmal="1" Planquadrat="N&#xD;"/>
  <Strassen StrID="12156" StrName="Pfarrer-Christen-Straße" StrPLZ="79395" OrtID="930" Merkmal="1" Planquadrat="N&#xD;"/>
  <Strassen StrID="12157" StrName="Frauenpfad" StrPLZ="69221" OrtID="931" Merkmal="1" Planquadrat="N&#xD;"/>
  <Strassen StrID="12158" StrName="Bokumer Straße" StrPLZ="30880" OrtID="200" Merkmal="1" Planquadrat="N&#xD;"/>
  <Strassen StrID="12159" StrName="Tuchmacherstraße" StrPLZ="15517" OrtID="932" Merkmal="1" Planquadrat="N&#xD;"/>
  <Strassen StrID="12160" StrName="Schloßgärten" StrPLZ="49356" OrtID="933" Merkmal="1" Planquadrat="N&#xD;"/>
  <Strassen StrID="12161" StrName="Weberkamp" StrPLZ="31234" OrtID="128" Merkmal="1" Planquadrat="N&#xD;"/>
  <Strassen StrID="12162" StrName="Jakobskamp" StrPLZ="30539" OrtID="1" Merkmal="1" Planquadrat="N&#xD;"/>
  <Strassen StrID="12163" StrName="Erzstraße" StrPLZ="38678" OrtID="493" Merkmal="1" Planquadrat="N&#xD;"/>
  <Strassen StrID="12164" StrName="Seebeeke" StrPLZ="30823" OrtID="149" Merkmal="1" Planquadrat="N&#xD;"/>
  <Strassen StrID="12165" StrName="Rosenzweigstraße" StrPLZ="42719" OrtID="277" Merkmal="1" Planquadrat="N&#xD;"/>
  <Strassen StrID="12166" StrName="Eleonore-Sterling-Straße" StrPLZ="60433" OrtID="41" Merkmal="1" Planquadrat="N&#xD;"/>
  <Strassen StrID="12167" StrName="Schlegelstraße" StrPLZ="53332" OrtID="934" Merkmal="1" Planquadrat="N&#xD;"/>
  <Strassen StrID="12168" StrName="Am Markt" StrPLZ="37671" OrtID="187" Merkmal="1" Planquadrat="N&#xD;"/>
  <Strassen StrID="12169" StrName="Am Kuckuck" StrPLZ="31061" OrtID="74" Merkmal="1" Planquadrat="N&#xD;"/>
  <Strassen StrID="12170" StrName="Im Kultfeld" StrPLZ="31036" OrtID="935" Merkmal="1" Planquadrat="N&#xD;"/>
  <Strassen StrID="12171" StrName="Leinestraße" StrPLZ="31275" OrtID="4" Merkmal="1" Planquadrat="N&#xD;"/>
  <Strassen StrID="15653" StrName="Schlesierweg" StrPLZ="30823" OrtID="149" Merkmal="0"/>
  <Strassen StrID="12173" StrName="Eppendorfer Baum" StrPLZ="20249" OrtID="39" Merkmal="1" Planquadrat="N&#xD;"/>
  <Strassen StrID="12174" StrName="Zur Schnittenriede" StrPLZ="30855" OrtID="27" Merkmal="1" Planquadrat="N&#xD;"/>
  <Strassen StrID="12175" StrName="Ludwig-Thoma-Straße" StrPLZ="94469" OrtID="936" Merkmal="1" Planquadrat="N&#xD;"/>
  <Strassen StrID="12176" StrName="An der Eiche" StrPLZ="30926" OrtID="6" Merkmal="1" Planquadrat="N&#xD;"/>
  <Strassen StrID="12177" StrName="Siekum" StrPLZ="30966" OrtID="13" Merkmal="1" Planquadrat="N&#xD;"/>
  <Strassen StrID="12178" StrName="Scharnhorststasse" StrPLZ="31675" OrtID="112" Merkmal="1" Planquadrat="N&#xD;"/>
  <Strassen StrID="12179" StrName="Köhnestraße" StrPLZ="30823" OrtID="149" Merkmal="1" Planquadrat="N&#xD;"/>
  <Strassen StrID="12180" StrName="Am Heuskamp" StrPLZ="31832" OrtID="278" Merkmal="1" Planquadrat="N&#xD;"/>
  <Strassen StrID="12181" StrName="Schwarzenknechtstrasse" StrPLZ="30890" OrtID="2" Merkmal="1" Planquadrat="N&#xD;"/>
  <Strassen StrID="12182" StrName="Kurze Strasse" StrPLZ="30916" OrtID="21" Merkmal="1" Planquadrat="N&#xD;"/>
  <Strassen StrID="12183" StrName="Brandstrasse" StrPLZ="31008" OrtID="135" Merkmal="1" Planquadrat="N&#xD;"/>
  <Strassen StrID="12184" StrName="Amanda&apos;s Garten" StrPLZ="21465" OrtID="938" Merkmal="1" Planquadrat="N&#xD;"/>
  <Strassen StrID="12185" StrName="Max-Eyth-Straße" StrPLZ="30982" OrtID="253" Merkmal="1" Planquadrat="N&#xD;"/>
  <Strassen StrID="12186" StrName="Speicherstraße" StrPLZ="19399" OrtID="939" Merkmal="1" Planquadrat="N&#xD;"/>
  <Strassen StrID="12187" StrName="Ruther Straße" StrPLZ="30982" OrtID="253" Merkmal="1" Planquadrat="N&#xD;"/>
  <Strassen StrID="12188" StrName="Hainhäuser Weg" StrPLZ="30916" OrtID="21" Merkmal="1" Planquadrat="N&#xD;"/>
  <Strassen StrID="12189" StrName="Am Kühberg" StrPLZ="83666" OrtID="940" Merkmal="1" Planquadrat="N&#xD;"/>
  <Strassen StrID="12190" StrName="Speckenmeer" StrPLZ="29633" OrtID="368" Merkmal="1" Planquadrat="N&#xD;"/>
  <Strassen StrID="12191" StrName="Rostocker Strasse" StrPLZ="31141" OrtID="9" Merkmal="1" Planquadrat="N&#xD;"/>
  <Strassen StrID="12192" StrName="Robert-Kirchhoff-Strasse" StrPLZ="50126" OrtID="941" Merkmal="1" Planquadrat="N&#xD;"/>
  <Strassen StrID="12193" StrName="Paul-Heller-Straße" StrPLZ="37603" OrtID="577" Merkmal="1" Planquadrat="N&#xD;"/>
  <Strassen StrID="12194" StrName="Gehrskamp" StrPLZ="30916" OrtID="21" Merkmal="0" Planquadrat="N&#xD;"/>
  <Strassen StrID="12195" StrName="Schauinslandstraße" StrPLZ="75239" OrtID="942" Merkmal="0" Planquadrat="N&#xD;"/>
  <Strassen StrID="12196" StrName="Bahrenfelder Steindamm" StrPLZ="22761" OrtID="39" Merkmal="1" Planquadrat="N&#xD;"/>
  <Strassen StrID="12197" StrName="Wiesnstrasse" StrPLZ="30855" OrtID="27" Merkmal="1" Planquadrat="N&#xD;"/>
  <Strassen StrID="12198" StrName="Vogelbeerweg" StrPLZ="31515" OrtID="319" Merkmal="1" Planquadrat="N&#xD;"/>
  <Strassen StrID="12200" StrName="Oppelner Strasse" StrPLZ="29313" OrtID="164" Merkmal="1" Planquadrat="N&#xD;"/>
  <Strassen StrID="12201" StrName="Hohenstaufenring" StrPLZ="31141" OrtID="9" Merkmal="1" Planquadrat="N&#xD;"/>
  <Strassen StrID="12202" StrName="Schulstrasse" StrPLZ="31655" OrtID="32" Merkmal="1" Planquadrat="N&#xD;"/>
  <Strassen StrID="12203" StrName="Helvesieker Weg" StrPLZ="27383" OrtID="623" Merkmal="1" Planquadrat="N&#xD;"/>
  <Strassen StrID="12204" StrName="Oswald-Sprengler-Strasse" StrPLZ="51377" OrtID="943" Merkmal="1" Planquadrat="N&#xD;"/>
  <Strassen StrID="12205" StrName="Untere Mühle" StrPLZ="30974" OrtID="307" Merkmal="1" Planquadrat="N&#xD;"/>
  <Strassen StrID="12206" StrName="Bergstraße" StrPLZ="31515" OrtID="319" Merkmal="1" Planquadrat="N&#xD;"/>
  <Strassen StrID="12207" StrName="Buchenweg" StrPLZ="50226" OrtID="406" Merkmal="1" Planquadrat="N&#xD;"/>
  <Strassen StrID="12208" StrName="Am Wassergraben" StrPLZ="31275" OrtID="4" Merkmal="1" Planquadrat="N&#xD;"/>
  <Strassen StrID="12209" StrName="Sprengelstraße" StrPLZ="31303" OrtID="20" Merkmal="1" Planquadrat="N&#xD;"/>
  <Strassen StrID="12210" StrName="Arnikaweg" StrPLZ="30916" OrtID="21" Merkmal="1" Planquadrat="N&#xD;"/>
  <Strassen StrID="12211" StrName="Junggesellenstraße" StrPLZ="30890" OrtID="2" Merkmal="1" Planquadrat="N&#xD;"/>
  <Strassen StrID="12212" StrName="Robert-Koch-Ring" StrPLZ="29633" OrtID="368" Merkmal="1" Planquadrat="N&#xD;"/>
  <Strassen StrID="12213" StrName="Merkurring" StrPLZ="31275" OrtID="4" Merkmal="1" Planquadrat="N&#xD;"/>
  <Strassen StrID="12214" StrName="Abbeiler Weg" StrPLZ="31311" OrtID="294" Merkmal="1" Planquadrat="N&#xD;"/>
  <Strassen StrID="12215" StrName="Graf-Erpo-Straße" StrPLZ="31515" OrtID="319" Merkmal="1" Planquadrat="N&#xD;"/>
  <Strassen StrID="12216" StrName="Milchweg" StrPLZ="30982" OrtID="253" Merkmal="1" Planquadrat="N&#xD;"/>
  <Strassen StrID="12217" StrName="Rotdornweg" StrPLZ="30916" OrtID="21" Merkmal="1" Planquadrat="N&#xD;"/>
  <Strassen StrID="12218" StrName="drosselweg" OrtID="307" Merkmal="1" Planquadrat="N&#xD;"/>
  <Strassen StrID="12219" StrName="Schubertstraße" StrPLZ="31535" OrtID="22" Merkmal="0" Planquadrat="N&#xD;"/>
  <Strassen StrID="12220" StrName="Zum Turnerheim" StrPLZ="73566" OrtID="945" Merkmal="0" Planquadrat="N&#xD;"/>
  <Strassen StrID="12221" StrName="Bleßhuhnweg" StrPLZ="30916" OrtID="21" Merkmal="0" Planquadrat="N&#xD;"/>
  <Strassen StrID="12223" StrName="Alte Töpferstraße" StrPLZ="31832" OrtID="278" Merkmal="1" Planquadrat="N&#xD;"/>
  <Strassen StrID="12224" StrName="Burgstraße" StrPLZ="37139" OrtID="946" Merkmal="1" Planquadrat="N&#xD;"/>
  <Strassen StrID="12225" StrName="Am Hügel" StrPLZ="39116" OrtID="216" Merkmal="1" Planquadrat="N"/>
  <Strassen StrID="12226" StrName="Rudolfstraße" StrPLZ="30827" OrtID="149" Merkmal="1" Planquadrat="N&#xD;"/>
  <Strassen StrID="12227" StrName="4 Pine Court - Mount View Road" StrPLZ="N4 4JJ" OrtID="1264" Merkmal="1" Planquadrat="N"/>
  <Strassen StrID="12229" StrName="Wietzegrund" StrPLZ="30853" OrtID="27" Merkmal="1" Planquadrat="N&#xD;"/>
  <Strassen StrID="12231" StrName="Im Pfarrkamp" StrPLZ="38300" OrtID="314" Merkmal="1" Planquadrat="N&#xD;"/>
  <Strassen StrID="12232" StrName="Lindenmatte" StrPLZ="79215" OrtID="947" Merkmal="1" Planquadrat="N&#xD;"/>
  <Strassen StrID="12233" StrName="Gustav-Bohm-Straße" StrPLZ="58256" OrtID="905" Merkmal="1" Planquadrat="N&#xD;"/>
  <Strassen StrID="12235" StrName="Auf der Heide" StrPLZ="31093" OrtID="948" Merkmal="1" Planquadrat="N&#xD;"/>
  <Strassen StrID="12236" StrName="Königsseestraße" StrPLZ="81825" OrtID="225" Merkmal="1" Planquadrat="N&#xD;"/>
  <Strassen StrID="12237" StrName="In den Gartlingen" StrPLZ="38644" OrtID="157" Merkmal="1" Planquadrat="N&#xD;"/>
  <Strassen StrID="12238" StrName="Rosenstraße" StrPLZ="30853" OrtID="27" Merkmal="1" Planquadrat="N&#xD;"/>
  <Strassen StrID="12239" StrName="Am Bruchgraben" StrPLZ="31157" OrtID="268" Merkmal="1" Planquadrat="N&#xD;"/>
  <Strassen StrID="12241" StrName="Landwehr" StrPLZ="31712" OrtID="949" Merkmal="1" Planquadrat="N&#xD;"/>
  <Strassen StrID="12242" StrName="Sandweg" StrPLZ="31174" OrtID="269" Merkmal="1" Planquadrat="N&#xD;"/>
  <Strassen StrID="12243" StrName="Moorkamp" StrPLZ="31515" OrtID="319" Merkmal="1" Planquadrat="N&#xD;"/>
  <Strassen StrID="12244" StrName="Schäffleweg" StrPLZ="44328" OrtID="125" Merkmal="1" Planquadrat="N"/>
  <Strassen StrID="12245" StrName="Am Lehmanger" StrPLZ="38120" OrtID="8" Merkmal="1" Planquadrat="N&#xD;"/>
  <Strassen StrID="12246" StrName="Gerastraße" StrPLZ="28359" OrtID="109" Merkmal="1" Planquadrat="N&#xD;"/>
  <Strassen StrID="12247" StrName="Brinkfeldstraße" StrPLZ="37181" OrtID="950" Merkmal="1" Planquadrat="N&#xD;"/>
  <Strassen StrID="12248" StrName="Tannenstraße" StrPLZ="30855" OrtID="27" Merkmal="1" Planquadrat="N&#xD;"/>
  <Strassen StrID="12249" StrName="Knollenstraße" StrPLZ="31134" OrtID="9" Merkmal="1" Planquadrat="N&#xD;"/>
  <Strassen StrID="12250" StrName="Heinrich-Heine-Straße" StrPLZ="80686" OrtID="225" Merkmal="1" Planquadrat="N&#xD;"/>
  <Strassen StrID="12251" StrName="Josef-Schwetje-Straße" StrPLZ="49080" OrtID="249" Merkmal="1" Planquadrat="N"/>
  <Strassen StrID="12252" StrName="Serienskämpe" StrPLZ="27257" OrtID="951" Merkmal="1" Planquadrat="N&#xD;"/>
  <Strassen StrID="12253" StrName="Ringstraße" StrPLZ="29690" OrtID="211" Merkmal="1" Planquadrat="N&#xD;"/>
  <Strassen StrID="12254" StrName="Zum Römerturm" StrPLZ="50127" OrtID="941" Merkmal="1" Planquadrat="N&#xD;"/>
  <Strassen StrID="12255" StrName="Clausbruchstrasse" StrPLZ="38640" OrtID="157" Merkmal="1" Planquadrat="N&#xD;"/>
  <Strassen StrID="12256" StrName="Barkenhof" StrPLZ="14163" OrtID="18" Merkmal="1" Planquadrat="N&#xD;"/>
  <Strassen StrID="12257" StrName="Pyrmonter Straße" StrPLZ="31789" OrtID="19" Merkmal="1" Planquadrat="N&#xD;"/>
  <Strassen StrID="12258" StrName="Hasenkamp" StrPLZ="30916" OrtID="21" Merkmal="1" Planquadrat="N&#xD;"/>
  <Strassen StrID="12259" StrName="Graditzer Straße" StrPLZ="30853" OrtID="27" Merkmal="1" Planquadrat="N&#xD;"/>
  <Strassen StrID="12260" StrName="Neisseweg" StrPLZ="30926" OrtID="6" Merkmal="1" Planquadrat="N&#xD;"/>
  <Strassen StrID="12261" StrName="Schäferweg" StrPLZ="30952" OrtID="3" Merkmal="1" Planquadrat="N&#xD;"/>
  <Strassen StrID="12262" StrName="Westring" StrPLZ="33154" OrtID="952" Merkmal="1" Planquadrat="N&#xD;"/>
  <Strassen StrID="12263" StrName="Gleiwitzer Straße" StrPLZ="30855" OrtID="27" Merkmal="1" Planquadrat="N&#xD;"/>
  <Strassen StrID="12264" StrName="Am Fort Schaar" StrPLZ="26389" OrtID="312" Merkmal="1" Planquadrat="N"/>
  <Strassen StrID="12265" StrName="Clausewitzstraße" StrPLZ="31515" OrtID="319" Merkmal="1" Planquadrat="N&#xD;"/>
  <Strassen StrID="12266" StrName="Posener Straße" StrPLZ="29308" OrtID="375" Merkmal="1" Planquadrat="N&#xD;"/>
  <Strassen StrID="12267" StrName="Ramlinger Straße" StrPLZ="31303" OrtID="20" Merkmal="1" Planquadrat="N&#xD;"/>
  <Strassen StrID="12268" StrName="Bachstraße" StrPLZ="31319" OrtID="276" Merkmal="1" Planquadrat="N&#xD;"/>
  <Strassen StrID="12269" StrName="Alt Helstorf" StrPLZ="31535" OrtID="22" Merkmal="1" Planquadrat="N&#xD;"/>
  <Strassen StrID="12270" StrName="Ahler Straße" StrPLZ="32257" OrtID="953" Merkmal="1" Planquadrat="N&#xD;"/>
  <Strassen StrID="12271" StrName="Burggartenstraße" StrPLZ="73240" OrtID="954" Merkmal="1" Planquadrat="N&#xD;"/>
  <Strassen StrID="12272" StrName="Im Winkel" StrPLZ="30989" OrtID="5" Merkmal="1" Planquadrat="N&#xD;"/>
  <Strassen StrID="12273" StrName="Arminiusstraße" StrPLZ="44149" OrtID="125" Merkmal="1" Planquadrat="N"/>
  <Strassen StrID="12274" StrName="Bornstraße" StrPLZ="30926" OrtID="6" Merkmal="1" Planquadrat="N&#xD;"/>
  <Strassen StrID="12275" StrName="Auf dem Kley" StrPLZ="30916" OrtID="21" Merkmal="1" Planquadrat="N&#xD;"/>
  <Strassen StrID="12276" StrName="Immanuel-Kant-Straße" StrPLZ="30880" OrtID="200" Merkmal="1" Planquadrat="N&#xD;"/>
  <Strassen StrID="12277" StrName="Quanthofer Straße" StrPLZ="31008" OrtID="135" Merkmal="1" Planquadrat="N&#xD;"/>
  <Strassen StrID="12278" StrName="Planckstraße" StrPLZ="37073" OrtID="158" Merkmal="1" Planquadrat="N&#xD;"/>
  <Strassen StrID="12279" StrName="Dünkelbachstraße" StrPLZ="63639" OrtID="955" Merkmal="1" Planquadrat="N&#xD;"/>
  <Strassen StrID="12280" StrName="Am Schierkamp" StrPLZ="31008" OrtID="135" Merkmal="1" Planquadrat="N&#xD;"/>
  <Strassen StrID="12281" StrName="Schröttinghauser Straße" StrPLZ="33739" OrtID="101" Merkmal="1" Planquadrat="N&#xD;"/>
  <Strassen StrID="12282" StrName="Hauptstraße" StrPLZ="30982" OrtID="253" Merkmal="1" Planquadrat="N&#xD;"/>
  <Strassen StrID="12283" StrName="Tsingtauer Straße" StrPLZ="81827" OrtID="225" Merkmal="1" Planquadrat="N&#xD;"/>
  <Strassen StrID="12284" StrName="Leonidengasse" StrPLZ="30823" OrtID="149" Merkmal="1" Planquadrat="N&#xD;"/>
  <Strassen StrID="12285" StrName="In der Rehr" StrPLZ="31832" OrtID="278" Merkmal="1" Planquadrat="N&#xD;"/>
  <Strassen StrID="12286" StrName="Am Brammerkampe" StrPLZ="30826" OrtID="149" Merkmal="1" Planquadrat="N&#xD;"/>
  <Strassen StrID="12287" StrName="Valleystraße" StrPLZ="81371" OrtID="225" Merkmal="1" Planquadrat="N&#xD;"/>
  <Strassen StrID="12288" StrName="Postfach" StrPLZ="30982" OrtID="253" Merkmal="1" Planquadrat="N&#xD;"/>
  <Strassen StrID="12289" StrName="Am Umspannwerk" StrPLZ="29229" OrtID="115" Merkmal="1" Planquadrat="N&#xD;"/>
  <Strassen StrID="12290" StrName="Im Meierfeld" StrPLZ="33818" OrtID="541" Merkmal="1" Planquadrat="N&#xD;"/>
  <Strassen StrID="12291" StrName="Im Nehrenbruch" StrPLZ="31547" OrtID="30" Merkmal="1" Planquadrat="N&#xD;"/>
  <Strassen StrID="12292" StrName="Poggenburg" StrPLZ="30952" OrtID="3" Merkmal="1" Planquadrat="N&#xD;"/>
  <Strassen StrID="12293" StrName="Auf dem Berge" StrPLZ="37520" OrtID="669" Merkmal="1" Planquadrat="N"/>
  <Strassen StrID="12294" StrName="Mühlenstrasse" StrPLZ="30938" OrtID="40" Merkmal="1" Planquadrat="N&#xD;"/>
  <Strassen StrID="12295" StrName="Beethovenstrasse" StrPLZ="30900" OrtID="25" Merkmal="1" Planquadrat="N&#xD;"/>
  <Strassen StrID="12296" StrName="Ellernstraße" StrPLZ="30826" OrtID="149" Merkmal="1" Planquadrat="N&#xD;"/>
  <Strassen StrID="12297" StrName="Reitstallweg" StrPLZ="38640" OrtID="157" Merkmal="1" Planquadrat="N&#xD;"/>
  <Strassen StrID="12298" StrName="Liebigstraße" StrPLZ="31303" OrtID="20" Merkmal="1" Planquadrat="N&#xD;"/>
  <Strassen StrID="12299" StrName="Burgberg" StrPLZ="30989" OrtID="5" Merkmal="1" Planquadrat="N&#xD;"/>
  <Strassen StrID="12300" StrName="Elbeweg" StrPLZ="30851" OrtID="27" Merkmal="1" Planquadrat="N&#xD;"/>
  <Strassen StrID="12301" StrName="Am Kuhlfeld" StrPLZ="30952" OrtID="3" Merkmal="1" Planquadrat="N&#xD;"/>
  <Strassen StrID="12302" StrName="Schäferkamp" StrPLZ="38315" OrtID="595" Merkmal="1" Planquadrat="N&#xD;"/>
  <Strassen StrID="12303" StrName="Allensteiner Straße" StrPLZ="31275" OrtID="4" Merkmal="1" Planquadrat="N&#xD;"/>
  <Strassen StrID="12304" StrName="Bergisch Gladbacher Straße" StrPLZ="51069" OrtID="17" Merkmal="1" Planquadrat="N&#xD;"/>
  <Strassen StrID="12305" StrName="Am Kleikamp" StrPLZ="31319" OrtID="276" Merkmal="1" Planquadrat="N&#xD;"/>
  <Strassen StrID="12306" StrName="Potsdamer Straße" StrPLZ="27576" OrtID="110" Merkmal="1" Planquadrat="N&#xD;"/>
  <Strassen StrID="12307" StrName="Lütkenkamp" StrPLZ="30539" OrtID="1" Merkmal="1" Planquadrat="N&#xD;"/>
  <Strassen StrID="12308" StrName="Ehrlicherstraße" StrPLZ="31135" OrtID="9" Merkmal="1" Planquadrat="N&#xD;"/>
  <Strassen StrID="12309" StrName="Paul-Graff-Straße" StrPLZ="31084" OrtID="145" Merkmal="1" Planquadrat="N&#xD;"/>
  <Strassen StrID="12310" StrName="Fuchsberg" StrPLZ="29313" OrtID="164" Merkmal="1" Planquadrat="N&#xD;"/>
  <Strassen StrID="12311" StrName="In der Dehne" StrPLZ="31035" OrtID="956" Merkmal="1" Planquadrat="N&#xD;"/>
  <Strassen StrID="12312" StrName="Hannoversche Straße" StrPLZ="29352" OrtID="497" Merkmal="1" Planquadrat="N&#xD;"/>
  <Strassen StrID="12313" StrName="Mittelstrasse" StrPLZ="31515" OrtID="319" Merkmal="1" Planquadrat="N&#xD;"/>
  <Strassen StrID="12314" StrName="Moltkestrasse" StrPLZ="20253" OrtID="39" Merkmal="1" Planquadrat="N&#xD;"/>
  <Strassen StrID="12315" StrName="Ulandstrasse" StrPLZ="63589" OrtID="957" Merkmal="1" Planquadrat="N&#xD;"/>
  <Strassen StrID="12316" StrName="Wiesenweg" StrPLZ="66740" OrtID="958" Merkmal="1" Planquadrat="N&#xD;"/>
  <Strassen StrID="12317" StrName="Georg-Büchner-Strasse" StrPLZ="60437" OrtID="41" Merkmal="1" Planquadrat="N&#xD;"/>
  <Strassen StrID="12318" StrName="Gerhard-Hauptmann-Straße" StrPLZ="31137" OrtID="9" Merkmal="1" Planquadrat="N&#xD;"/>
  <Strassen StrID="12319" StrName="Windmühlenstieg" StrPLZ="22607" OrtID="39" Merkmal="1" Planquadrat="N&#xD;"/>
  <Strassen StrID="12320" StrName="Steinberge" StrPLZ="25488" OrtID="539" Merkmal="1" Planquadrat="N&#xD;"/>
  <Strassen StrID="12321" StrName="Spechtweg" StrPLZ="30938" OrtID="40" Merkmal="1" Planquadrat="N&#xD;"/>
  <Strassen StrID="12322" StrName="Breslauer Straße" StrPLZ="31180" OrtID="152" Merkmal="1" Planquadrat="N&#xD;"/>
  <Strassen StrID="12323" StrName="Sängerhofgasse" StrPLZ="A-2512" OrtID="960" Merkmal="1" Planquadrat="N&#xD;"/>
  <Strassen StrID="12324" StrName="Amtland" StrPLZ="31547" OrtID="961" Merkmal="1" Planquadrat="N&#xD;"/>
  <Strassen StrID="12325" StrName="Buchenlandweg" StrPLZ="89075" OrtID="643" Merkmal="1" Planquadrat="N&#xD;"/>
  <Strassen StrID="12326" StrName="Am Zollkrug" StrPLZ="30851" OrtID="27" Merkmal="1" Planquadrat="N&#xD;"/>
  <Strassen StrID="12327" StrName="Gottfried-Keller-Straße" StrPLZ="30826" OrtID="149" Merkmal="1" Planquadrat="N&#xD;"/>
  <Strassen StrID="12328" StrName="Eifelweg" StrPLZ="30851" OrtID="27" Merkmal="1" Planquadrat="N&#xD;"/>
  <Strassen StrID="12329" StrName="Rue Alphonse Munchen" StrPLZ="L-2172" OrtID="962" Merkmal="1" Planquadrat="N"/>
  <Strassen StrID="12330" StrName="Seldeweg" StrPLZ="37154" OrtID="242" Merkmal="1" Planquadrat="N&#xD;"/>
  <Strassen StrID="12331" StrName="Am Fuchsberg" StrPLZ="31515" OrtID="319" Merkmal="1" Planquadrat="N&#xD;"/>
  <Strassen StrID="12332" StrName="Fasanenbusch" StrPLZ="30826" OrtID="149" Merkmal="1" Planquadrat="N&#xD;"/>
  <Strassen StrID="12334" StrName="Wendenborsteler Straße" StrPLZ="31634" OrtID="1112" Merkmal="0" Planquadrat="N&#xD;"/>
  <Strassen StrID="12335" StrName="Paul-Graff-Straße" StrPLZ="31084" OrtID="406" Merkmal="1" Planquadrat="N&#xD;"/>
  <Strassen StrID="12336" StrName="Ahornweg" StrPLZ="30890" OrtID="2" Merkmal="1" Planquadrat="N&#xD;"/>
  <Strassen StrID="12337" StrName="Wilkestraße" StrPLZ="13507" OrtID="18" Merkmal="1" Planquadrat="N&#xD;"/>
  <Strassen StrID="12338" StrName="Ohlauer Straße" StrPLZ="30853" OrtID="27" Merkmal="0" Planquadrat="N&#xD;"/>
  <Strassen StrID="12339" StrName="Zum Buchengarten" StrPLZ="28359" OrtID="1" Merkmal="0" Planquadrat="N&#xD;"/>
  <Strassen StrID="12340" StrName="Heinrich-Kobbe-Straße" StrPLZ="31275" OrtID="204" Merkmal="1" Planquadrat="N&#xD;"/>
  <Strassen StrID="12341" StrName="Heinrich-Kobbe-Straße" StrPLZ="31275" OrtID="4" Merkmal="1" Planquadrat="N&#xD;"/>
  <Strassen StrID="12342" StrName="Weißdornweg" StrPLZ="38112" OrtID="8" Merkmal="1" Planquadrat="N&#xD;"/>
  <Strassen StrID="12343" StrName="Postdamm" StrPLZ="30900" OrtID="25" Merkmal="1" Planquadrat="N&#xD;"/>
  <Strassen StrID="12344" StrName="Tulpenweg" StrPLZ="30989" OrtID="5" Merkmal="1" Planquadrat="N&#xD;"/>
  <Strassen StrID="12345" StrName="Ringstraße" StrPLZ="31020" OrtID="267" Merkmal="1" Planquadrat="N&#xD;"/>
  <Strassen StrID="12346" StrName="Am Schlagbaum" StrPLZ="38678" OrtID="493" Merkmal="1" Planquadrat="N&#xD;"/>
  <Strassen StrID="12347" StrName="Landrat-Wilhelm-Böllersen-Straße" StrPLZ="31171" OrtID="241" Merkmal="1" Planquadrat="N&#xD;"/>
  <Strassen StrID="12348" StrName="Im Lesump" StrPLZ="31099" OrtID="965" Merkmal="1" Planquadrat="N&#xD;"/>
  <Strassen StrID="12349" StrName="Lichtentaler Straße" StrPLZ="76530" OrtID="98" Merkmal="1" Planquadrat="N&#xD;"/>
  <Strassen StrID="12350" StrName="Forkenhaus" StrPLZ="31032" OrtID="278" Merkmal="1" Planquadrat="N&#xD;"/>
  <Strassen StrID="12351" StrName="Neuer Wall" StrPLZ="20354" OrtID="39" Merkmal="1" Planquadrat="N&#xD;"/>
  <Strassen StrID="12352" StrName="Schönfließer Straße" StrPLZ="10439" OrtID="18" Merkmal="0" Planquadrat="N&#xD;"/>
  <Strassen StrID="12353" StrName="Carl-Diem-Straße" StrPLZ="31832" OrtID="278" Merkmal="1" Planquadrat="N&#xD;"/>
  <Strassen StrID="12354" StrName="Dorfstraße" StrPLZ="25361" OrtID="966" Merkmal="1" Planquadrat="N&#xD;"/>
  <Strassen StrID="12355" StrName="Schubertweg" StrPLZ="31319" OrtID="276" Merkmal="1" Planquadrat="N&#xD;"/>
  <Strassen StrID="12356" StrName="Konrad-Adenauer-Straße" StrPLZ="31157" OrtID="268" Merkmal="1" Planquadrat="N&#xD;"/>
  <Strassen StrID="12357" StrName="Honitonstraße" StrPLZ="31028" OrtID="645" Merkmal="1" Planquadrat="N&#xD;"/>
  <Strassen StrID="12358" StrName="An der Böhmerke" StrPLZ="31515" OrtID="319" Merkmal="1" Planquadrat="N&#xD;"/>
  <Strassen StrID="12359" StrName="Brüsselstraße" StrPLZ="37079" OrtID="158" Merkmal="1" Planquadrat="N&#xD;"/>
  <Strassen StrID="12360" StrName="Stühleshof" StrPLZ="53347" OrtID="75" Merkmal="1" Planquadrat="N&#xD;"/>
  <Strassen StrID="12361" StrName="Gut Martinsbüttel" StrPLZ="38527" OrtID="217" Merkmal="1" Planquadrat="N&#xD;"/>
  <Strassen StrID="12362" StrName="Römerstraße" StrPLZ="38124" OrtID="8" Merkmal="1" Planquadrat="N&#xD;"/>
  <Strassen StrID="12363" StrName="Kissinger Straße" StrPLZ="32756" OrtID="121" Merkmal="1" Planquadrat="N&#xD;"/>
  <Strassen StrID="12364" StrName="Jadeweg" StrPLZ="30851" OrtID="27" Merkmal="1" Planquadrat="N&#xD;"/>
  <Strassen StrID="12365" StrName="Sauerampferweg" StrPLZ="30880" OrtID="200" Merkmal="1" Planquadrat="N&#xD;"/>
  <Strassen StrID="12366" StrName="Königsberger Straße" StrPLZ="31515" OrtID="319" Merkmal="1" Planquadrat="N&#xD;"/>
  <Strassen StrID="12367" StrName="Rauensteinstraße" StrPLZ="88662" OrtID="967" Merkmal="1" Planquadrat="N"/>
  <Strassen StrID="12368" StrName="Arnumer Landwehr" StrPLZ="30966" OrtID="13" Merkmal="0" Planquadrat="N&#xD;"/>
  <Strassen StrID="12369" StrName="Oppershäuser Straße" StrPLZ="29227" OrtID="115" Merkmal="0" Planquadrat="N&#xD;"/>
  <Strassen StrID="12370" StrName="Parkstrasse" StrPLZ="31191" OrtID="76" Merkmal="1" Planquadrat="N&#xD;"/>
  <Strassen StrID="12371" StrName="Ackerende" StrPLZ="38470" OrtID="968" Merkmal="1" Planquadrat="N&#xD;"/>
  <Strassen StrID="12372" StrName="Mühlenbergsweg" StrPLZ="30823" OrtID="149" Merkmal="1" Planquadrat="N&#xD;"/>
  <Strassen StrID="12373" StrName="Schwerinerstrasse" StrPLZ="35274" OrtID="969" Merkmal="1" Planquadrat="N&#xD;"/>
  <Strassen StrID="12374" StrName="Postweg" StrPLZ="48465" OrtID="970" Merkmal="1" Planquadrat="N&#xD;"/>
  <Strassen StrID="12375" StrName="Schützenweg" StrPLZ="31848" OrtID="89" Merkmal="1" Planquadrat="N&#xD;"/>
  <Strassen StrID="12376" StrName="Diamantstraße" StrPLZ="30823" OrtID="149" Merkmal="0" Planquadrat="N&#xD;"/>
  <Strassen StrID="12377" StrName="Mainbachstraße" StrPLZ="31787" OrtID="19" Merkmal="0" Planquadrat="N&#xD;"/>
  <Strassen StrID="12378" StrName="Buedericher Weg" StrPLZ="47807" OrtID="198" Merkmal="1" Planquadrat="N&#xD;"/>
  <Strassen StrID="12379" StrName="Kolpingstraße" StrPLZ="37434" OrtID="971" Merkmal="0" Planquadrat="N&#xD;"/>
  <Strassen StrID="12380" StrName="Drei Kronen" StrPLZ="30989" OrtID="5" Merkmal="1" Planquadrat="N&#xD;"/>
  <Strassen StrID="12381" StrName="Carl-Spitzweg-Weg" StrPLZ="38642" OrtID="157" Merkmal="1" Planquadrat="N&#xD;"/>
  <Strassen StrID="12382" StrName="Heierdrift" StrPLZ="30938" OrtID="40" Merkmal="1" Planquadrat="N&#xD;"/>
  <Strassen StrID="12383" StrName="Goltener Strasse" StrPLZ="30890" OrtID="2" Merkmal="1" Planquadrat="N&#xD;"/>
  <Strassen StrID="12384" StrName="Ahornring" StrPLZ="23968" OrtID="972" Merkmal="1" Planquadrat="N&#xD;"/>
  <Strassen StrID="12385" StrName="Rodderstrasse" StrPLZ="32457" OrtID="52" Merkmal="1" Planquadrat="N&#xD;"/>
  <Strassen StrID="12386" StrName="Barsinghäuser Strasse" StrPLZ="30989" OrtID="5" Merkmal="1" Planquadrat="N&#xD;"/>
  <Strassen StrID="12387" StrName="Hüttenstraße" StrPLZ="31688" OrtID="468" Merkmal="0" Planquadrat="N&#xD;"/>
  <Strassen StrID="12388" StrName="Lange Heese" StrPLZ="30982" OrtID="253" Merkmal="1" Planquadrat="N&#xD;"/>
  <Strassen StrID="12389" StrName="Am Marschgraben" StrPLZ="30823" OrtID="149" Merkmal="1" Planquadrat="N&#xD;"/>
  <Strassen StrID="12390" StrName="Große Straße" StrPLZ="37619" OrtID="105" Merkmal="1" Planquadrat="N&#xD;"/>
  <Strassen StrID="12391" StrName="An der Wassermühle" StrPLZ="31515" OrtID="319" Merkmal="1" Planquadrat="N&#xD;"/>
  <Strassen StrID="12392" StrName="Niederer Kamp" StrPLZ="32683" OrtID="973" Merkmal="1" Planquadrat="N&#xD;"/>
  <Strassen StrID="12393" StrName="Nordrehr" StrPLZ="31515" OrtID="319" Merkmal="1" Planquadrat="N&#xD;"/>
  <Strassen StrID="12394" StrName="Dietrich-v. Mandelsloh" StrPLZ="30926" OrtID="6" Merkmal="1" Planquadrat="N&#xD;"/>
  <Strassen StrID="12395" StrName="Dietrich-v. Mandelsloh-Weg" StrPLZ="30926" OrtID="6" Merkmal="1" Planquadrat="N&#xD;"/>
  <Strassen StrID="12396" StrName="Im Ried" StrPLZ="30855" OrtID="27" Merkmal="1" Planquadrat="N&#xD;"/>
  <Strassen StrID="12397" StrName="Rheinstraße" StrPLZ="27283" OrtID="299" Merkmal="1" Planquadrat="N"/>
  <Strassen StrID="12398" StrName="Föhrenkamp" StrPLZ="31515" OrtID="319" Merkmal="1" Planquadrat="N&#xD;"/>
  <Strassen StrID="12399" StrName="Schmiedetorstraße" StrPLZ="31008" OrtID="135" Merkmal="1" Planquadrat="N&#xD;"/>
  <Strassen StrID="12400" StrName="Neue Straße" StrPLZ="30989" OrtID="5" Merkmal="1" Planquadrat="N&#xD;"/>
  <Strassen StrID="12401" StrName="Dorfstraße" StrPLZ="52457" OrtID="974" Merkmal="1" Planquadrat="N&#xD;"/>
  <Strassen StrID="12402" StrName="Calenberger Straße" StrPLZ="30974" OrtID="307" Merkmal="0" Planquadrat="N&#xD;"/>
  <Strassen StrID="12403" StrName="Kollrothstraße" StrPLZ="30926" OrtID="6" Merkmal="1" Planquadrat="N&#xD;"/>
  <Strassen StrID="12404" StrName="Birkenkamp" StrPLZ="30823" OrtID="149" Merkmal="1" Planquadrat="N&#xD;"/>
  <Strassen StrID="12405" StrName="Tegernseer Straße" StrPLZ="83734" OrtID="975" Merkmal="1" Planquadrat="N&#xD;"/>
  <Strassen StrID="12406" StrName="Richard-Huch-Straße" StrPLZ="31157" OrtID="268" Merkmal="1" Planquadrat="N&#xD;"/>
  <Strassen StrID="12407" StrName="Friedrich-Ebert-Platz" StrPLZ="31226" OrtID="7" Merkmal="1" Planquadrat="N&#xD;"/>
  <Strassen StrID="12408" StrName="Bockstraße" StrPLZ="27336" OrtID="976" Merkmal="1" Planquadrat="N&#xD;"/>
  <Strassen StrID="12409" StrName="Sonnenweg" StrPLZ="30890" OrtID="2" Merkmal="0" Planquadrat="N&#xD;"/>
  <Strassen StrID="12410" StrName="Am Wietzestrand" StrPLZ="30900" OrtID="25" Merkmal="0" Planquadrat="N&#xD;"/>
  <Strassen StrID="12411" StrName="Margarethenstraße" StrPLZ="23611" OrtID="637" Merkmal="0" Planquadrat="N&#xD;"/>
  <Strassen StrID="12412" StrName="Lerchenfeldstraße" StrPLZ="80538" OrtID="225" Merkmal="1" Planquadrat="N&#xD;"/>
  <Strassen StrID="12413" StrName="Ehrenpreisweg" StrPLZ="30559" OrtID="1" Merkmal="1" Planquadrat="N&#xD;"/>
  <Strassen StrID="12414" StrName="Herderstraße" StrPLZ="30916" OrtID="21" Merkmal="1" Planquadrat="N&#xD;"/>
  <Strassen StrID="12415" StrName="Weitzgarten" StrPLZ="30539" OrtID="1" Merkmal="1" Planquadrat="N&#xD;"/>
  <Strassen StrID="12416" StrName="Hatefeld" StrPLZ="30926" OrtID="6" Merkmal="1" Planquadrat="N&#xD;"/>
  <Strassen StrID="12417" StrName="Am Allerberg" StrPLZ="28832" OrtID="575" Merkmal="1" Planquadrat="N&#xD;"/>
  <Strassen StrID="12418" StrName="Lupinenweg" StrPLZ="30880" OrtID="200" Merkmal="1" Planquadrat="N&#xD;"/>
  <Strassen StrID="12419" StrName="Barbenstraße" StrPLZ="84032" OrtID="977" Merkmal="1" Planquadrat="N&#xD;"/>
  <Strassen StrID="12420" StrName="Grütterstraße" StrPLZ="29664" OrtID="304" Merkmal="1" Planquadrat="N"/>
  <Strassen StrID="12421" StrName="Kleine Egge" StrPLZ="30826" OrtID="149" Merkmal="1" Planquadrat="N&#xD;"/>
  <Strassen StrID="12422" StrName="Bröhnrehr" StrPLZ="30989" OrtID="5" Merkmal="1" Planquadrat="N&#xD;"/>
  <Strassen StrID="12423" StrName="Andersenstraße" StrPLZ="30827" OrtID="149" Merkmal="1" Planquadrat="N&#xD;"/>
  <Strassen StrID="12424" StrName="Conrad-Bube-Weg" StrPLZ="30659" OrtID="1" Merkmal="1" Planquadrat="N&#xD;"/>
  <Strassen StrID="12425" StrName="Gailhofer Straße" StrPLZ="30900" OrtID="25" Merkmal="1" Planquadrat="N&#xD;"/>
  <Strassen StrID="12426" StrName="An der Beeke" StrPLZ="30900" OrtID="25" Merkmal="1" Planquadrat="N&#xD;"/>
  <Strassen StrID="12427" StrName="Auf dem Brinke" StrPLZ="30827" OrtID="149" Merkmal="1" Planquadrat="N&#xD;"/>
  <Strassen StrID="12429" StrName="Bahnhofstraße" StrPLZ="31319" OrtID="276" Merkmal="1" Planquadrat="N&#xD;"/>
  <Strassen StrID="12430" StrName="Lärchenweg" StrPLZ="22889" OrtID="978" Merkmal="1" Planquadrat="N&#xD;"/>
  <Strassen StrID="12431" StrName="Im Immbleek" StrPLZ="30827" OrtID="149" Merkmal="1" Planquadrat="N&#xD;"/>
  <Strassen StrID="12432" StrName="Oldeoogweg" StrPLZ="26434" OrtID="979" Merkmal="1" Planquadrat="N&#xD;"/>
  <Strassen StrID="12433" StrName="Margaretenstraße" StrPLZ="12203" OrtID="18" Merkmal="1" Planquadrat="N&#xD;"/>
  <Strassen StrID="12434" StrName="Auf dem Kampe" StrPLZ="31515" OrtID="319" Merkmal="1" Planquadrat="N&#xD;"/>
  <Strassen StrID="12435" StrName="Zur Heinrichshöhe" StrPLZ="38729" OrtID="980" Merkmal="1" Planquadrat="N&#xD;"/>
  <Strassen StrID="12436" StrName="Erlenweg" StrPLZ="71229" OrtID="209" Merkmal="1" Planquadrat="N&#xD;"/>
  <Strassen StrID="12437" StrName="Gerstäckerstraße" StrPLZ="38102" OrtID="8" Merkmal="1" Planquadrat="N&#xD;"/>
  <Strassen StrID="12438" StrName="Bremer Weg" StrPLZ="29223" OrtID="115" Merkmal="1" Planquadrat="N&#xD;"/>
  <Strassen StrID="12439" StrName="Harsumer Mühlenweg" StrPLZ="31180" OrtID="152" Merkmal="1" Planquadrat="N&#xD;"/>
  <Strassen StrID="12440" StrName="Am Park" StrPLZ="31319" OrtID="276" Merkmal="1" Planquadrat="N&#xD;"/>
  <Strassen StrID="12441" StrName="Blumentorstraße" StrPLZ="76227" OrtID="49" Merkmal="1" Planquadrat="N&#xD;"/>
  <Strassen StrID="12442" StrName="Glockenberg" StrPLZ="96450" OrtID="981" Merkmal="1" Planquadrat="N&#xD;"/>
  <Strassen StrID="12443" StrName="Zentenbusch" StrPLZ="54292" OrtID="292" Merkmal="1" Planquadrat="N&#xD;"/>
  <Strassen StrID="12444" StrName="Marggrafstrasse" StrPLZ="30880" OrtID="200" Merkmal="1" Planquadrat="N&#xD;"/>
  <Strassen StrID="12445" StrName="Gansebrook" StrPLZ="27580" OrtID="110" Merkmal="1" Planquadrat="N&#xD;"/>
  <Strassen StrID="12446" StrName="Nordbruch" StrPLZ="21515" OrtID="319" Merkmal="1" Planquadrat="N&#xD;"/>
  <Strassen StrID="12447" StrName="Kleine Gasse" StrPLZ="30900" OrtID="25" Merkmal="1" Planquadrat="N&#xD;"/>
  <Strassen StrID="12448" StrName="Romintenweg" StrPLZ="30916" OrtID="21" Merkmal="1" Planquadrat="N&#xD;"/>
  <Strassen StrID="12449" StrName="Rosseweg" StrPLZ="31535" OrtID="22" Merkmal="1" Planquadrat="N&#xD;"/>
  <Strassen StrID="12450" StrName="Im Westerende" StrPLZ="31515" OrtID="319" Merkmal="1" Planquadrat="N&#xD;"/>
  <Strassen StrID="12451" StrName="Rehmstraße" StrPLZ="49080" OrtID="249" Merkmal="1" Planquadrat="N"/>
  <Strassen StrID="12452" StrName="Am Osterberg" StrPLZ="30938" OrtID="40" Merkmal="1" Planquadrat="N&#xD;"/>
  <Strassen StrID="12453" StrName="Brehmweg" StrPLZ="30926" OrtID="6" Merkmal="1" Planquadrat="N&#xD;"/>
  <Strassen StrID="12454" StrName="Am Sommersberg" StrPLZ="29308" OrtID="375" Merkmal="1" Planquadrat="N&#xD;"/>
  <Strassen StrID="12455" StrName="Tannenhof" StrPLZ="22397" OrtID="39" Merkmal="1" Planquadrat="N&#xD;"/>
  <Strassen StrID="12456" StrName="Marschweg" StrPLZ="30926" OrtID="6" Merkmal="1" Planquadrat="N&#xD;"/>
  <Strassen StrID="12457" StrName="Wettmarer Straße" StrPLZ="30938" OrtID="40" Merkmal="1" Planquadrat="N&#xD;"/>
  <Strassen StrID="12458" StrName="Grüne Allee" StrPLZ="31303" OrtID="20" Merkmal="1" Planquadrat="N&#xD;"/>
  <Strassen StrID="12459" StrName="Sennehof" StrPLZ="33659" OrtID="101" Merkmal="1" Planquadrat="N&#xD;"/>
  <Strassen StrID="12460" StrName="Kapitän-Lehmann-Ring" StrPLZ="28309" OrtID="109" Merkmal="1" Planquadrat="N&#xD;"/>
  <Strassen StrID="12461" StrName="Dorotheestraße" StrPLZ="61348" OrtID="85" Merkmal="1" Planquadrat="N&#xD;"/>
  <Strassen StrID="12462" StrName="Spadener Straße" StrPLZ="27580" OrtID="110" Merkmal="0" Planquadrat="N&#xD;"/>
  <Strassen StrID="12463" StrName="Ickhorster Weg" StrPLZ="30900" OrtID="25" Merkmal="1" Planquadrat="N&#xD;"/>
  <Strassen StrID="12464" StrName="Kulenkampfallee" StrPLZ="28213" OrtID="109" Merkmal="1" Planquadrat="N&#xD;"/>
  <Strassen StrID="12465" StrName="Parkstraße" StrPLZ="82223" OrtID="982" Merkmal="1" Planquadrat="N&#xD;"/>
  <Strassen StrID="12466" StrName="Landwacht" StrPLZ="37075" OrtID="158" Merkmal="1" Planquadrat="N&#xD;"/>
  <Strassen StrID="12467" StrName="Melchiorstraße" StrPLZ="10179" OrtID="18" Merkmal="1" Planquadrat="N&#xD;"/>
  <Strassen StrID="12468" StrName="Kapellenstraße" StrPLZ="30916" OrtID="21" Merkmal="1" Planquadrat="N&#xD;"/>
  <Strassen StrID="12469" StrName="Kiefernweg" StrPLZ="14532" OrtID="983" Merkmal="0" Planquadrat="N&#xD;"/>
  <Strassen StrID="12470" StrName="Kiebitzeck" StrPLZ="30952" OrtID="3" Merkmal="0" Planquadrat="N&#xD;"/>
  <Strassen StrID="12471" StrName="Mittelstraße" StrPLZ="30952" OrtID="3" Merkmal="1" Planquadrat="N&#xD;"/>
  <Strassen StrID="12472" StrName="Wehminger Straße" StrPLZ="31319" OrtID="276" Merkmal="0" Planquadrat="N&#xD;"/>
  <Strassen StrID="12473" StrName="Markt" StrPLZ="58730" OrtID="984" Merkmal="0" Planquadrat="N&#xD;"/>
  <Strassen StrID="12474" StrName="Wallaustraße" StrPLZ="55118" OrtID="566" Merkmal="1" Planquadrat="N&#xD;"/>
  <Strassen StrID="12475" StrName="Funkenkamp" StrPLZ="30539" OrtID="1" Merkmal="1" Planquadrat="N&#xD;"/>
  <Strassen StrID="12476" StrName="Zum Fußballplatz" StrPLZ="31535" OrtID="22" Merkmal="1" Planquadrat="N&#xD;"/>
  <Strassen StrID="12477" StrName="Immenkopf" StrPLZ="31840" OrtID="37" Merkmal="1" Planquadrat="N&#xD;"/>
  <Strassen StrID="12478" StrName="Schäfereiweg" StrPLZ="30989" OrtID="5" Merkmal="1" Planquadrat="N&#xD;"/>
  <Strassen StrID="12479" StrName="Alexandrinenstraße" StrPLZ="99894" OrtID="985" Merkmal="1" Planquadrat="N&#xD;"/>
  <Strassen StrID="12480" StrName="Dietrich-Bonhoeffer-Straße" StrPLZ="42653" OrtID="277" Merkmal="1" Planquadrat="N&#xD;"/>
  <Strassen StrID="12481" StrName="Soltmannstraße" StrPLZ="31162" OrtID="95" Merkmal="1" Planquadrat="N&#xD;"/>
  <Strassen StrID="12482" StrName="Am Gänseanger" StrPLZ="31812" OrtID="94" Merkmal="1" Planquadrat="N&#xD;"/>
  <Strassen StrID="12483" StrName="Hasenwinkel" StrPLZ="21447" OrtID="986" Merkmal="1" Planquadrat="N&#xD;"/>
  <Strassen StrID="12484" StrName="Hochstraße" StrPLZ="77933" OrtID="987" Merkmal="1" Planquadrat="N&#xD;"/>
  <Strassen StrID="12485" StrName="Warendorfer Straße" StrPLZ="59227" OrtID="988" Merkmal="1" Planquadrat="N&#xD;"/>
  <Strassen StrID="12486" StrName="Hinter dem Schilde" StrPLZ="31134" OrtID="9" Merkmal="1" Planquadrat="N&#xD;"/>
  <Strassen StrID="12487" StrName="Robert-Jansen-Straße" StrPLZ="41836" OrtID="989" Merkmal="1" Planquadrat="N&#xD;"/>
  <Strassen StrID="12488" StrName="Im Mohngarten" StrPLZ="38162" OrtID="479" Merkmal="1" Planquadrat="N&#xD;"/>
  <Strassen StrID="12489" StrName="Eichendorffweg" StrPLZ="34596" OrtID="990" Merkmal="1" Planquadrat="N&#xD;"/>
  <Strassen StrID="12490" StrName="Heinrich-Baumgarten-Straße" StrPLZ="30823" OrtID="149" Merkmal="1" Planquadrat="N&#xD;"/>
  <Strassen StrID="12491" StrName="Bei den langen Birken" StrPLZ="31535" OrtID="22" Merkmal="1" Planquadrat="N&#xD;"/>
  <Strassen StrID="12492" StrName="Winterstraße" StrPLZ="31515" OrtID="319" Merkmal="1" Planquadrat="N&#xD;"/>
  <Strassen StrID="12493" StrName="Siemensstraße" StrPLZ="76327" OrtID="398" Merkmal="1" Planquadrat="N&#xD;"/>
  <Strassen StrID="12494" StrName="An der Beeke" StrPLZ="28844" OrtID="309" Merkmal="1" Planquadrat="N&#xD;"/>
  <Strassen StrID="12495" StrName="Ilseweg" StrPLZ="30851" OrtID="27" Merkmal="1" Planquadrat="N&#xD;"/>
  <Strassen StrID="12496" StrName="Otto-Finsch-Straße" StrPLZ="28217" OrtID="109" Merkmal="1" Planquadrat="N&#xD;"/>
  <Strassen StrID="12497" StrName="Ludwig-Uhland-Straße" StrPLZ="32457" OrtID="52" Merkmal="1" Planquadrat="N&#xD;"/>
  <Strassen StrID="12498" StrName="Elserstraße" StrPLZ="31303" OrtID="20" Merkmal="1" Planquadrat="N&#xD;"/>
  <Strassen StrID="12499" StrName="Lärchenweg" StrPLZ="30952" OrtID="3" Merkmal="1" Planquadrat="N&#xD;"/>
  <Strassen StrID="12500" StrName="Stadtwaldweg" StrPLZ="30853" OrtID="27" Merkmal="1" Planquadrat="N&#xD;"/>
  <Strassen StrID="12501" StrName="Bohrturmstraße" StrPLZ="27628" OrtID="991" Merkmal="1" Planquadrat="N&#xD;"/>
  <Strassen StrID="12502" StrName="Neuherbergstraße" StrPLZ="80937" OrtID="225" Merkmal="1" Planquadrat="N&#xD;"/>
  <Strassen StrID="12503" StrName="Falkenweg" StrPLZ="31542" OrtID="91" Merkmal="1" Planquadrat="N&#xD;"/>
  <Strassen StrID="12504" StrName="Großer Berg" StrPLZ="30880" OrtID="200" Merkmal="1" Planquadrat="N&#xD;"/>
  <Strassen StrID="12505" StrName="Seelzer Straße" StrPLZ="30926" OrtID="6" Merkmal="1" Planquadrat="N&#xD;"/>
  <Strassen StrID="12506" StrName="Richard-Wagner-Straße" StrPLZ="31785" OrtID="19" Merkmal="1" Planquadrat="N&#xD;"/>
  <Strassen StrID="12507" StrName="Burgstätter Straße" StrPLZ="38678" OrtID="493" Merkmal="1" Planquadrat="N&#xD;"/>
  <Strassen StrID="12508" StrName="Brücknerstraße" StrPLZ="31275" OrtID="4" Merkmal="1" Planquadrat="N&#xD;"/>
  <Strassen StrID="12509" StrName="Ostergraben" StrPLZ="27619" OrtID="992" Merkmal="1" Planquadrat="N&#xD;"/>
  <Strassen StrID="12510" StrName="Friedrich-Engels-Straße" StrPLZ="30880" OrtID="200" Merkmal="1" Planquadrat="N&#xD;"/>
  <Strassen StrID="12511" StrName="Augsburger Straße" StrPLZ="01309" OrtID="993" Merkmal="1" Planquadrat="N&#xD;"/>
  <Strassen StrID="12512" StrName="Axel-Springer-Straße" StrPLZ="10888" OrtID="18" Merkmal="1" Planquadrat="N&#xD;"/>
  <Strassen StrID="12513" StrName="Wilhelm-Humbeck-Straße" StrPLZ="30952" OrtID="3" Merkmal="1" Planquadrat="N&#xD;"/>
  <Strassen StrID="12514" StrName="Ketterinkbraak" StrPLZ="NL-7152" OrtID="994" Merkmal="1" Planquadrat="N&#xD;"/>
  <Strassen StrID="12515" StrName="Tannenweg" StrPLZ="31319" OrtID="276" Merkmal="1" Planquadrat="N&#xD;"/>
  <Strassen StrID="12516" StrName="Ipperfeld" StrPLZ="41564" OrtID="995" Merkmal="1" Planquadrat="N&#xD;"/>
  <Strassen StrID="12517" StrName="Zum Gutspark" StrPLZ="31249" OrtID="185" Merkmal="1" Planquadrat="N"/>
  <Strassen StrID="12518" StrName="August-Prell-Straße" StrPLZ="40885" OrtID="353" Merkmal="1" Planquadrat="N&#xD;"/>
  <Strassen StrID="12519" StrName="Hubrigweg" StrPLZ="37539" OrtID="996" Merkmal="1" Planquadrat="N&#xD;"/>
  <Strassen StrID="12520" StrName="Postfach" StrPLZ="30957" OrtID="1" Merkmal="1" Planquadrat="N&#xD;"/>
  <Strassen StrID="12521" StrName="Straßburger Straße" StrPLZ="28211" OrtID="109" Merkmal="1" Planquadrat="N&#xD;"/>
  <Strassen StrID="12522" StrName="Heimbergstraße" StrPLZ="30926" OrtID="6" Merkmal="1" Planquadrat="N&#xD;"/>
  <Strassen StrID="12523" StrName="Im Mekhof" StrPLZ="30900" OrtID="25" Merkmal="1" Planquadrat="N&#xD;"/>
  <Strassen StrID="12524" StrName="Wilhelm-Kaune-Weg" StrPLZ="31319" OrtID="276" Merkmal="1" Planquadrat="N&#xD;"/>
  <Strassen StrID="12525" StrName="Schweidnitzer Weg" StrPLZ="31157" OrtID="268" Merkmal="1" Planquadrat="N&#xD;"/>
  <Strassen StrID="12526" StrName="Schünbusch" StrPLZ="30855" OrtID="27" Merkmal="1" Planquadrat="N&#xD;"/>
  <Strassen StrID="12527" StrName="Gadenstedter Weg" StrPLZ="31246" OrtID="784" Merkmal="1" Planquadrat="N&#xD;"/>
  <Strassen StrID="12528" StrName="Dovestraße" StrPLZ="90459" OrtID="243" Merkmal="1" Planquadrat="N&#xD;"/>
  <Strassen StrID="12529" StrName="Hofwinkel" StrPLZ="31275" OrtID="4" Merkmal="1" Planquadrat="N&#xD;"/>
  <Strassen StrID="12530" StrName="Am Anger" StrPLZ="38114" OrtID="8" Merkmal="0" Planquadrat="N&#xD;"/>
  <Strassen StrID="12531" StrName="Grüntal" StrPLZ="81925" OrtID="225" Merkmal="0" Planquadrat="N&#xD;"/>
  <Strassen StrID="12532" StrName="Fritz-Grimpe-Straße" StrPLZ="30823" OrtID="149" Merkmal="1" Planquadrat="N&#xD;"/>
  <Strassen StrID="12533" StrName="Im Haßthal" StrPLZ="31535" OrtID="22" Merkmal="0" Planquadrat="N&#xD;"/>
  <Strassen StrID="12534" StrName="Ithweg" StrPLZ="30851" OrtID="27" Merkmal="0" Planquadrat="N&#xD;"/>
  <Strassen StrID="12535" StrName="Langer Brink" StrPLZ="31167" OrtID="617" Merkmal="1" Planquadrat="N&#xD;"/>
  <Strassen StrID="12536" StrName="Schillerstraße" StrPLZ="30880" OrtID="200" Merkmal="1" Planquadrat="N&#xD;"/>
  <Strassen StrID="12537" StrName="Hermannstal" StrPLZ="30926" OrtID="6" Merkmal="1" Planquadrat="N&#xD;"/>
  <Strassen StrID="12538" StrName="Ludwigstraße" StrPLZ="38106" OrtID="8" Merkmal="1" Planquadrat="N&#xD;"/>
  <Strassen StrID="12539" StrName="Fuhrberger Weg" StrPLZ="30900" OrtID="25" Merkmal="1" Planquadrat="N&#xD;"/>
  <Strassen StrID="12540" StrName="Bruchstraße" StrPLZ="31319" OrtID="276" Merkmal="1" Planquadrat="N&#xD;"/>
  <Strassen StrID="12541" StrName="Jenaer Straße" StrPLZ="38444" OrtID="315" Merkmal="0" Planquadrat="N&#xD;"/>
  <Strassen StrID="12542" StrName="Mozartstraße" StrPLZ="30916" OrtID="21" Merkmal="0" Planquadrat="N&#xD;"/>
  <Strassen StrID="12543" StrName="Im Wiesengrund" StrPLZ="30880" OrtID="200" Merkmal="1" Planquadrat="N&#xD;"/>
  <Strassen StrID="12544" StrName="Ekkehardstraße" StrPLZ="78224" OrtID="997" Merkmal="0" Planquadrat="N&#xD;"/>
  <Strassen StrID="12545" StrName="Alte Schützenwiese" StrPLZ="30880" OrtID="200" Merkmal="0" Planquadrat="N&#xD;"/>
  <Strassen StrID="12546" StrName="Werner-von-Siemens-Platz" StrPLZ="30880" OrtID="200" Merkmal="1" Planquadrat="N&#xD;"/>
  <Strassen StrID="12547" StrName="Josef-Bruch-Straße" StrPLZ="66606" OrtID="999" Merkmal="1" Planquadrat="N&#xD;"/>
  <Strassen StrID="12548" StrName="Okerweg" StrPLZ="30916" OrtID="21" Merkmal="0" Planquadrat="N&#xD;"/>
  <Strassen StrID="12549" StrName="Am Neuen Lande" StrPLZ="30826" OrtID="149" Merkmal="0" Planquadrat="N&#xD;"/>
  <Strassen StrID="12550" StrName="Karolingerstraße" StrPLZ="59872" OrtID="428" Merkmal="0" Planquadrat="N&#xD;"/>
  <Strassen StrID="12551" StrName="Königsberger Strasse" StrPLZ="30982" OrtID="253" Merkmal="1" Planquadrat="N&#xD;"/>
  <Strassen StrID="12552" StrName="Leigers Kamp" StrPLZ="49716" OrtID="415" Merkmal="1" Planquadrat="N&#xD;"/>
  <Strassen StrID="12553" StrName="Peterstraße" StrPLZ="26931" OrtID="1000" Merkmal="1" Planquadrat="N&#xD;"/>
  <Strassen StrID="12554" StrName="Mammolshainer Straße" StrPLZ="61350" OrtID="85" Merkmal="1" Planquadrat="N&#xD;"/>
  <Strassen StrID="12555" StrName="Osterfeld" StrPLZ="30982" OrtID="253" Merkmal="1" Planquadrat="N&#xD;"/>
  <Strassen StrID="12556" StrName="Grindauer Straße" StrPLZ="31535" OrtID="22" Merkmal="1" Planquadrat="N&#xD;"/>
  <Strassen StrID="12557" StrName="Hedwig-Kettler-Weg" StrPLZ="30855" OrtID="27" Merkmal="1" Planquadrat="N&#xD;"/>
  <Strassen StrID="12558" StrName="Brinkholt" StrPLZ="30851" OrtID="27" Merkmal="1" Planquadrat="N&#xD;"/>
  <Strassen StrID="12559" StrName="Hirschmattstraße" StrPLZ="CH-6003" OrtID="1001" Merkmal="1" Planquadrat="N&#xD;"/>
  <Strassen StrID="12560" StrName="Zum Danielshammer" StrPLZ="42855" OrtID="1002" Merkmal="1" Planquadrat="N&#xD;"/>
  <Strassen StrID="12561" StrName="Ahornweg" StrPLZ="31319" OrtID="276" Merkmal="1" Planquadrat="N&#xD;"/>
  <Strassen StrID="12562" StrName="Burgweg" StrPLZ="47929" OrtID="1003" Merkmal="1" Planquadrat="N&#xD;"/>
  <Strassen StrID="12563" StrName="Im Sandfelde" StrPLZ="31515" OrtID="319" Merkmal="1" Planquadrat="N&#xD;"/>
  <Strassen StrID="12564" StrName="Butterberg" StrPLZ="30900" OrtID="25" Merkmal="1" Planquadrat="N&#xD;"/>
  <Strassen StrID="12565" StrName="Am goldenen Eck" StrPLZ="30890" OrtID="2" Merkmal="1" Planquadrat="N&#xD;"/>
  <Strassen StrID="12566" StrName="Peiner Weg" StrPLZ="31303" OrtID="20" Merkmal="1" Planquadrat="N&#xD;"/>
  <Strassen StrID="12568" StrName="Bärenhast" StrPLZ="30916" OrtID="21" Merkmal="1" Planquadrat="N&#xD;"/>
  <Strassen StrID="12569" StrName="Masurenstraße" StrPLZ="30826" OrtID="149" Merkmal="1" Planquadrat="N&#xD;"/>
  <Strassen StrID="12570" StrName="Im Katzenwinkel" StrPLZ="38268" OrtID="480" Merkmal="1" Planquadrat="N&#xD;"/>
  <Strassen StrID="12571" StrName="Möhlenbrinkstraße" StrPLZ="30823" OrtID="149" Merkmal="1" Planquadrat="N&#xD;"/>
  <Strassen StrID="12572" StrName="Elsa-Brandström-Weg" StrPLZ="30974" OrtID="307" Merkmal="1" Planquadrat="N&#xD;"/>
  <Strassen StrID="12573" StrName="An der Landstraße" StrPLZ="31319" OrtID="276" Merkmal="1" Planquadrat="N&#xD;"/>
  <Strassen StrID="12574" StrName="Brinker Straße" StrPLZ="30851" OrtID="27" Merkmal="1" Planquadrat="N&#xD;"/>
  <Strassen StrID="12575" StrName="Frankenhauser Straße" StrPLZ="28329" OrtID="109" Merkmal="1" Planquadrat="N&#xD;"/>
  <Strassen StrID="12576" StrName="Mauerstraße" StrPLZ="30982" OrtID="253" Merkmal="1" Planquadrat="N&#xD;"/>
  <Strassen StrID="12577" StrName="Reichweinstraße" StrPLZ="31303" OrtID="20" Merkmal="1" Planquadrat="N&#xD;"/>
  <Strassen StrID="12578" StrName="Brunnenstraße" StrPLZ="30926" OrtID="6" Merkmal="1" Planquadrat="N&#xD;"/>
  <Strassen StrID="12579" StrName="Amselweg" StrPLZ="30974" OrtID="307" Merkmal="1" Planquadrat="N&#xD;"/>
  <Strassen StrID="12580" StrName="Ricarda-Huch-Straße" StrPLZ="31157" OrtID="268" Merkmal="1" Planquadrat="N&#xD;"/>
  <Strassen StrID="12581" StrName="Fasanenweg" StrPLZ="38531" OrtID="492" Merkmal="1" Planquadrat="N&#xD;"/>
  <Strassen StrID="12582" StrName="Gustav-Radbruch-Straße" StrPLZ="28329" OrtID="109" Merkmal="1" Planquadrat="N&#xD;"/>
  <Strassen StrID="12583" StrName="Krelingen" StrPLZ="29664" OrtID="304" Merkmal="1" Planquadrat="N"/>
  <Strassen StrID="12584" StrName="Am Reupoldsberg" StrPLZ="96346" OrtID="1004" Merkmal="0" Planquadrat="N&#xD;"/>
  <Strassen StrID="12585" StrName="Friedrich-Kölling-Straße" StrPLZ="31840" OrtID="37" Merkmal="0" Planquadrat="N&#xD;"/>
  <Strassen StrID="12586" StrName="Schaumburger Straße" StrPLZ="31515" OrtID="319" Merkmal="1" Planquadrat="N&#xD;"/>
  <Strassen StrID="12587" StrName="Heese" StrPLZ="25794" OrtID="1005" Merkmal="0" Planquadrat="N&#xD;"/>
  <Strassen StrID="12588" StrName="Espingeröder Straße" StrPLZ="37115" OrtID="608" Merkmal="1" Planquadrat="N&#xD;"/>
  <Strassen StrID="12589" StrName="Birkenweg" StrPLZ="30989" OrtID="5" Merkmal="1" Planquadrat="N&#xD;"/>
  <Strassen StrID="12590" StrName="Eichenweg" StrPLZ="30890" OrtID="2" Merkmal="1" Planquadrat="N&#xD;"/>
  <Strassen StrID="12591" StrName="Sedanstraße" StrPLZ="31224" OrtID="7" Merkmal="0" Planquadrat="N&#xD;"/>
  <Strassen StrID="12592" StrName="Leinkampstrasse" StrPLZ="31141" OrtID="9" Merkmal="1" Planquadrat="N&#xD;"/>
  <Strassen StrID="12593" StrName="Schlehenweg" StrPLZ="30890" OrtID="2" Merkmal="1" Planquadrat="N&#xD;"/>
  <Strassen StrID="12594" StrName="Kurt-Schumacher-Straße" StrPLZ="31535" OrtID="22" Merkmal="0" Planquadrat="N&#xD;"/>
  <Strassen StrID="12595" StrName="Steinstrasse" StrPLZ="33602" OrtID="101" Merkmal="1" Planquadrat="N&#xD;"/>
  <Strassen StrID="12596" StrName="Waldstraße" StrPLZ="30823" OrtID="149" Merkmal="0" Planquadrat="N&#xD;"/>
  <Strassen StrID="12597" StrName="Postfach" StrPLZ="60355" OrtID="41" Merkmal="1" Planquadrat="N&#xD;"/>
  <Strassen StrID="12598" StrName="Hasseler Straße" StrPLZ="29308" OrtID="375" Merkmal="1" Planquadrat="N&#xD;"/>
  <Strassen StrID="12599" StrName="Hauptstraße" StrPLZ="28865" OrtID="44" Merkmal="0" Planquadrat="N&#xD;"/>
  <Strassen StrID="12600" StrName="Am Flöth" StrPLZ="30938" OrtID="40" Merkmal="0" Planquadrat="N&#xD;"/>
  <Strassen StrID="12601" StrName="Schlesiger Straße" StrPLZ="29356" OrtID="625" Merkmal="1" Planquadrat="N&#xD;"/>
  <Strassen StrID="12602" StrName="Finkenweg" StrPLZ="31515" OrtID="319" Merkmal="1" Planquadrat="N&#xD;"/>
  <Strassen StrID="12604" StrName="Seikengarten" StrPLZ="30880" OrtID="200" Merkmal="0" Planquadrat="N&#xD;"/>
  <Strassen StrID="12605" StrName="Wiesenweg" StrPLZ="38226" OrtID="10" Merkmal="0" Planquadrat="N&#xD;"/>
  <Strassen StrID="12606" StrName="Am Klinsberg" StrPLZ="31061" OrtID="74" Merkmal="1" Planquadrat="N&#xD;"/>
  <Strassen StrID="12607" StrName="Töpferreihe" StrPLZ="38729" OrtID="980" Merkmal="1" Planquadrat="N&#xD;"/>
  <Strassen StrID="12608" StrName="Barlachstraße" StrPLZ="33613" OrtID="101" Merkmal="1" Planquadrat="N&#xD;"/>
  <Strassen StrID="12609" StrName="Schillingsweg" StrPLZ="27476" OrtID="753" Merkmal="1" Planquadrat="N&#xD;"/>
  <Strassen StrID="12610" StrName="Celler Straße" StrPLZ="31157" OrtID="268" Merkmal="1" Planquadrat="N&#xD;"/>
  <Strassen StrID="12611" StrName="Lindenweg" StrPLZ="30989" OrtID="5" Merkmal="1" Planquadrat="N&#xD;"/>
  <Strassen StrID="12612" StrName="Rahlfsweg" StrPLZ="30827" OrtID="149" Merkmal="1" Planquadrat="N&#xD;"/>
  <Strassen StrID="12613" StrName="Fürstenhall" StrPLZ="31180" OrtID="152" Merkmal="1" Planquadrat="N&#xD;"/>
  <Strassen StrID="12614" StrName="Lärchenweg" StrPLZ="30926" OrtID="6" Merkmal="0" Planquadrat="N&#xD;"/>
  <Strassen StrID="12615" StrName="Bauboulevard" StrPLZ="30823" OrtID="149" Merkmal="1" Planquadrat="N&#xD;"/>
  <Strassen StrID="12616" StrName="Deisterplatz" StrPLZ="30982" OrtID="253" Merkmal="1" Planquadrat="N&#xD;"/>
  <Strassen StrID="12617" StrName="Lübecker Strasse" StrPLZ="30974" OrtID="307" Merkmal="1" Planquadrat="N&#xD;"/>
  <Strassen StrID="12618" StrName="Juliusstrasse" StrPLZ="22769" OrtID="39" Merkmal="1" Planquadrat="N&#xD;"/>
  <Strassen StrID="12619" StrName="Dahlienstrasse" StrPLZ="30826" OrtID="149" Merkmal="1" Planquadrat="N&#xD;"/>
  <Strassen StrID="12620" StrName="Dieter-Oesterlen-Weg" StrPLZ="30559" OrtID="1" Merkmal="1" Planquadrat="N&#xD;"/>
  <Strassen StrID="12621" StrName="Großburgwedeler Straße" StrPLZ="30938" OrtID="40" Merkmal="1" Planquadrat="N&#xD;"/>
  <Strassen StrID="12622" StrName="Berliner Strasse" OrtID="149" Merkmal="1" Planquadrat="N&#xD;"/>
  <Strassen StrID="12623" StrName="Berliner Strasse" StrPLZ="31171" OrtID="241" Merkmal="1" Planquadrat="N&#xD;"/>
  <Strassen StrID="12624" StrName="Billerbachstraße" StrPLZ="31319" OrtID="276" Merkmal="1" Planquadrat="N&#xD;"/>
  <Strassen StrID="12625" StrName="Leinkamp" StrPLZ="30980" OrtID="200" Merkmal="1" Planquadrat="N&#xD;"/>
  <Strassen StrID="12626" StrName="Steinstrasse" StrPLZ="31180" OrtID="152" Merkmal="1" Planquadrat="N&#xD;"/>
  <Strassen StrID="12627" StrName="Ismaninger Straße" StrPLZ="85356" OrtID="1007" Merkmal="1" Planquadrat="N&#xD;"/>
  <Strassen StrID="12628" StrName="Hilsweg" StrPLZ="30851" OrtID="27" Merkmal="1" Planquadrat="N&#xD;"/>
  <Strassen StrID="12629" StrName="Ilmenaustraße" StrPLZ="38120" OrtID="8" Merkmal="1" Planquadrat="N&#xD;"/>
  <Strassen StrID="12630" StrName="Schöttlinger Straße" StrPLZ="31698" OrtID="727" Merkmal="1" Planquadrat="N&#xD;"/>
  <Strassen StrID="12631" StrName="Saseltwiete" StrPLZ="22393" OrtID="39" Merkmal="1" Planquadrat="N&#xD;"/>
  <Strassen StrID="12632" StrName="C. Alejandro Rosello" StrPLZ="07230" OrtID="1008" Merkmal="1" Planquadrat="N&#xD;"/>
  <Strassen StrID="12633" StrName="Eichstraße" StrPLZ="31199" OrtID="55" Merkmal="1" Planquadrat="N&#xD;"/>
  <Strassen StrID="12634" StrName="De Jonge-Straße" StrPLZ="31515" OrtID="319" Merkmal="1" Planquadrat="N&#xD;"/>
  <Strassen StrID="12635" StrName="Siekengarten" StrPLZ="30880" OrtID="200" Merkmal="1" Planquadrat="N&#xD;"/>
  <Strassen StrID="12636" StrName="Deveser Straße" StrPLZ="30952" OrtID="3" Merkmal="1" Planquadrat="N&#xD;"/>
  <Strassen StrID="12637" StrName="Bachstraße" StrPLZ="30926" OrtID="6" Merkmal="1" Planquadrat="N&#xD;"/>
  <Strassen StrID="12638" StrName="Drachenfeld" StrPLZ="30890" OrtID="2" Merkmal="1" Planquadrat="N&#xD;"/>
  <Strassen StrID="12639" StrName="Finkenweg" StrPLZ="30938" OrtID="40" Merkmal="1" Planquadrat="N&#xD;"/>
  <Strassen StrID="12640" StrName="Bussenweg" StrPLZ="30890" OrtID="2" Merkmal="1" Planquadrat="N&#xD;"/>
  <Strassen StrID="12641" StrName="Nordstraße" StrPLZ="30966" OrtID="13" Merkmal="1" Planquadrat="N&#xD;"/>
  <Strassen StrID="12642" StrName="Otto-Lilienthal-Straße" StrPLZ="31157" OrtID="268" Merkmal="1" Planquadrat="N&#xD;"/>
  <Strassen StrID="12643" StrName="Glückaufstraße" StrPLZ="31157" OrtID="268" Merkmal="1" Planquadrat="N&#xD;"/>
  <Strassen StrID="12644" StrName="Lindenweg" StrPLZ="30890" OrtID="2" Merkmal="1" Planquadrat="N&#xD;"/>
  <Strassen StrID="12645" StrName="Försterkamp" StrPLZ="38723" OrtID="275" Merkmal="1" Planquadrat="N&#xD;"/>
  <Strassen StrID="12646" StrName="Galvanistraße" StrPLZ="10587" OrtID="18" Merkmal="1" Planquadrat="N&#xD;"/>
  <Strassen StrID="12647" StrName="Die Alten Gärten" StrPLZ="31303" OrtID="20" Merkmal="1" Planquadrat="N&#xD;"/>
  <Strassen StrID="12648" StrName="Plaza de Rosalia" StrPLZ="30449" OrtID="1" Merkmal="1" Planquadrat="N&#xD;"/>
  <Strassen StrID="12649" StrName="Lexerstraße" StrPLZ="79110" OrtID="16" Merkmal="1" Planquadrat="N&#xD;"/>
  <Strassen StrID="12650" StrName="Schniggenkamp" StrPLZ="38229" OrtID="10" Merkmal="1" Planquadrat="N&#xD;"/>
  <Strassen StrID="12651" StrName="Hauptstrasse" StrPLZ="26188" OrtID="1009" Merkmal="1" Planquadrat="N&#xD;"/>
  <Strassen StrID="12652" StrName="Harburger Strasse" StrPLZ="29614" OrtID="561" Merkmal="1" Planquadrat="N&#xD;"/>
  <Strassen StrID="12653" StrName="Buchenweg" StrPLZ="30916" OrtID="21" Merkmal="1" Planquadrat="N&#xD;"/>
  <Strassen StrID="12654" StrName="Am Neuen Garten" StrPLZ="31319" OrtID="276" Merkmal="1" Planquadrat="N&#xD;"/>
  <Strassen StrID="12655" StrName="Konrad-Adenauer-Strasse" StrPLZ="30823" OrtID="149" Merkmal="1" Planquadrat="N&#xD;"/>
  <Strassen StrID="12656" StrName="Bruchsweg" StrPLZ="31303" OrtID="20" Merkmal="1" Planquadrat="N&#xD;"/>
  <Strassen StrID="12657" StrName="Danneckerstraße" StrPLZ="60594" OrtID="41" Merkmal="1" Planquadrat="N&#xD;"/>
  <Strassen StrID="12658" StrName="Maschstraße" StrPLZ="31171" OrtID="241" Merkmal="1" Planquadrat="N&#xD;"/>
  <Strassen StrID="12659" StrName="Hänselriede" StrPLZ="30823" OrtID="149" Merkmal="1" Planquadrat="N&#xD;"/>
  <Strassen StrID="12660" StrName="Krumme Masch" StrPLZ="30926" OrtID="6" Merkmal="1" Planquadrat="N&#xD;"/>
  <Strassen StrID="12661" StrName="Im Lindhofe" StrPLZ="31515" OrtID="319" Merkmal="1" Planquadrat="N&#xD;"/>
  <Strassen StrID="12662" StrName="Ahornweg" StrPLZ="30916" OrtID="21" Merkmal="1" Planquadrat="N&#xD;"/>
  <Strassen StrID="12663" StrName="Georg-Büchner-Weg" StrPLZ="30926" OrtID="6" Merkmal="1" Planquadrat="N&#xD;"/>
  <Strassen StrID="12664" StrName="Liebermannstraße" StrPLZ="30926" OrtID="6" Merkmal="1" Planquadrat="N&#xD;"/>
  <Strassen StrID="12665" StrName="Baumschulenweg" StrPLZ="37083" OrtID="158" Merkmal="1" Planquadrat="N&#xD;"/>
  <Strassen StrID="12666" StrName="Otto-Hahn-Straße" StrPLZ="30982" OrtID="253" Merkmal="1" Planquadrat="N&#xD;"/>
  <Strassen StrID="12667" StrName="Wehrberger Straße" StrPLZ="31785" OrtID="19" Merkmal="1" Planquadrat="N&#xD;"/>
  <Strassen StrID="12668" StrName="Heinrich-Kremp-Straße" StrPLZ="38350" OrtID="176" Merkmal="1" Planquadrat="N&#xD;"/>
  <Strassen StrID="12669" StrName="Rotdornweg" StrPLZ="29664" OrtID="304" Merkmal="1" Planquadrat="N"/>
  <Strassen StrID="12670" StrName="Zum Rotstücken" StrPLZ="38446" OrtID="315" Merkmal="1" Planquadrat="N&#xD;"/>
  <Strassen StrID="12671" StrName="Schilfbruchstraße" StrPLZ="31311" OrtID="294" Merkmal="1" Planquadrat="N&#xD;"/>
  <Strassen StrID="12672" StrName="Hildesheimer Straße" StrPLZ="31061" OrtID="74" Merkmal="1" Planquadrat="N&#xD;"/>
  <Strassen StrID="12673" StrName="Meisenweg" StrPLZ="31547" OrtID="30" Merkmal="1" Planquadrat="N&#xD;"/>
  <Strassen StrID="12674" StrName="Juistweg" StrPLZ="31303" OrtID="20" Merkmal="1" Planquadrat="N&#xD;"/>
  <Strassen StrID="12675" StrName="Knappenstiege" StrPLZ="45239" OrtID="42" Merkmal="1" Planquadrat="N"/>
  <Strassen StrID="12676" StrName="Graf-Ludolf-Straße" StrPLZ="31515" OrtID="319" Merkmal="1" Planquadrat="N&#xD;"/>
  <Strassen StrID="12677" StrName="Riedweg" StrPLZ="30851" OrtID="27" Merkmal="1" Planquadrat="N&#xD;"/>
  <Strassen StrID="12678" StrName="Albert-Schweitzer-Ring" StrPLZ="39387" OrtID="1010" Merkmal="1" Planquadrat="N&#xD;"/>
  <Strassen StrID="12679" StrName="Am Hohen Hagen" StrPLZ="30966" OrtID="13" Merkmal="1" Planquadrat="N&#xD;"/>
  <Strassen StrID="12680" StrName="Alfred-Delp-Straße" StrPLZ="31535" OrtID="22" Merkmal="1" Planquadrat="N&#xD;"/>
  <Strassen StrID="12681" StrName="Brauereiweg" StrPLZ="30982" OrtID="253" Merkmal="1" Planquadrat="N&#xD;"/>
  <Strassen StrID="12682" StrName="Obere Friedenstraße" StrPLZ="42929" OrtID="1011" Merkmal="1" Planquadrat="N&#xD;"/>
  <Strassen StrID="12683" StrName="Am Rohrgarten" StrPLZ="14163" OrtID="18" Merkmal="1" Planquadrat="N&#xD;"/>
  <Strassen StrID="12684" StrName="Kirchweg" StrPLZ="38690" OrtID="301" Merkmal="1" Planquadrat="N&#xD;"/>
  <Strassen StrID="12685" StrName="Am Mischwald" StrPLZ="27308" OrtID="1012" Merkmal="1" Planquadrat="N&#xD;"/>
  <Strassen StrID="12686" StrName="Bünteweg" StrPLZ="31515" OrtID="319" Merkmal="1" Planquadrat="N&#xD;"/>
  <Strassen StrID="12687" StrName="Im Ellernbruch" StrPLZ="30916" OrtID="21" Merkmal="1" Planquadrat="N&#xD;"/>
  <Strassen StrID="12688" StrName="Insterburger Strasse" StrPLZ="38440" OrtID="315" Merkmal="1" Planquadrat="N&#xD;"/>
  <Strassen StrID="12689" StrName="Adolf-Kolping-Straße" StrPLZ="31177" OrtID="173" Merkmal="1" Planquadrat="N&#xD;"/>
  <Strassen StrID="12690" StrName="Moorbachweg" StrPLZ="31515" OrtID="22" Merkmal="1" Planquadrat="N&#xD;"/>
  <Strassen StrID="12691" StrName="Moltkestraße" StrPLZ="31135" OrtID="9" Merkmal="1" Planquadrat="N&#xD;"/>
  <Strassen StrID="12692" StrName="Gluckweg" StrPLZ="31157" OrtID="268" Merkmal="1" Planquadrat="N&#xD;"/>
  <Strassen StrID="12693" StrName="Lindenstraße" StrPLZ="40233" OrtID="127" Merkmal="1" Planquadrat="N&#xD;"/>
  <Strassen StrID="12694" StrName="3506 Rugby Lane" StrPLZ="USA-76310" OrtID="1013" Merkmal="1" Planquadrat="N&#xD;"/>
  <Strassen StrID="12695" StrName="Humboldtstraße" StrPLZ="31134" OrtID="9" Merkmal="1" Planquadrat="N&#xD;"/>
  <Strassen StrID="12696" StrName="Heisterbusch" StrPLZ="38228" OrtID="10" Merkmal="1" Planquadrat="N&#xD;"/>
  <Strassen StrID="12697" StrName="Humboldtstraße" StrPLZ="31303" OrtID="20" Merkmal="1" Planquadrat="N&#xD;"/>
  <Strassen StrID="12698" StrName="Haseder Weg" StrPLZ="31177" OrtID="173" Merkmal="1" Planquadrat="N&#xD;"/>
  <Strassen StrID="12699" StrName="Hermelijnvlinder" StrPLZ="NL-1113 LD" OrtID="1014" Merkmal="1" Planquadrat="N&#xD;"/>
  <Strassen StrID="12700" StrName="C. Homer" StrPLZ="E-17480" OrtID="1015" Merkmal="1" Planquadrat="N&#xD;"/>
  <Strassen StrID="12701" StrName="Uetzer Straße" StrPLZ="31303" OrtID="20" Merkmal="1" Planquadrat="N&#xD;"/>
  <Strassen StrID="12702" StrName="Mönkeburgstraße" StrPLZ="31303" OrtID="20" Merkmal="1" Planquadrat="N&#xD;"/>
  <Strassen StrID="12703" StrName="Friedrich-Ebert-Straße" StrPLZ="26954" OrtID="1016" Merkmal="1" Planquadrat="N&#xD;"/>
  <Strassen StrID="12704" StrName="Schillerplatz" StrPLZ="01309" OrtID="993" Merkmal="1" Planquadrat="N&#xD;"/>
  <Strassen StrID="12705" StrName="Zintener Straße" StrPLZ="31303" OrtID="20" Merkmal="1" Planquadrat="N&#xD;"/>
  <Strassen StrID="12706" StrName="Ferdinandstraße" StrPLZ="38300" OrtID="314" Merkmal="1" Planquadrat="N&#xD;"/>
  <Strassen StrID="12707" StrName="Am Schmiedebrink" StrPLZ="31020" OrtID="267" Merkmal="1" Planquadrat="N&#xD;"/>
  <Strassen StrID="12708" StrName="Schumachers Weg" StrPLZ="30826" OrtID="149" Merkmal="1" Planquadrat="N&#xD;"/>
  <Strassen StrID="12709" StrName="Stobenstraße" StrPLZ="31180" OrtID="152" Merkmal="1" Planquadrat="N&#xD;"/>
  <Strassen StrID="12710" StrName="Maisfeld" StrPLZ="29336" OrtID="430" Merkmal="1" Planquadrat="N&#xD;"/>
  <Strassen StrID="12711" StrName="Ziegeleistraße" StrPLZ="30823" OrtID="149" Merkmal="1" Planquadrat="N&#xD;"/>
  <Strassen StrID="12712" StrName="Leinemannweg" StrPLZ="31303" OrtID="20" Merkmal="1" Planquadrat="N&#xD;"/>
  <Strassen StrID="12713" StrName="Hasselhorster Straße" StrPLZ="31515" OrtID="319" Merkmal="1" Planquadrat="N&#xD;"/>
  <Strassen StrID="12714" StrName="Gebauerstraße" StrPLZ="31135" OrtID="9" Merkmal="1" Planquadrat="N&#xD;"/>
  <Strassen StrID="12715" StrName="Hinter den Gärten" StrPLZ="30926" OrtID="6" Merkmal="1" Planquadrat="N&#xD;"/>
  <Strassen StrID="12716" StrName="Königsberger Straße" StrPLZ="30853" OrtID="27" Merkmal="1" Planquadrat="N&#xD;"/>
  <Strassen StrID="12717" StrName="Am Langacker" StrPLZ="46509" OrtID="1017" Merkmal="1" Planquadrat="N&#xD;"/>
  <Strassen StrID="12718" StrName="Immenser Landstraße" StrPLZ="31303" OrtID="20" Merkmal="1" Planquadrat="N&#xD;"/>
  <Strassen StrID="12719" StrName="Friedensstraße" StrPLZ="67067" OrtID="1018" Merkmal="1" Planquadrat="N&#xD;"/>
  <Strassen StrID="12720" StrName="Am Fleckkamp" StrPLZ="31199" OrtID="55" Merkmal="1" Planquadrat="N&#xD;"/>
  <Strassen StrID="12721" StrName="Hohe Bünte" StrPLZ="30966" OrtID="13" Merkmal="1" Planquadrat="N&#xD;"/>
  <Strassen StrID="12722" StrName="Niersteiner Straße" StrPLZ="70499" OrtID="287" Merkmal="1" Planquadrat="N"/>
  <Strassen StrID="12723" StrName="Villington" StrPLZ="GB-E65" OrtID="1264" Merkmal="1" Planquadrat="N"/>
  <Strassen StrID="12724" StrName="Brahmsweg" StrPLZ="30880" OrtID="200" Merkmal="1" Planquadrat="N&#xD;"/>
  <Strassen StrID="12725" StrName="Breslauer Straße" StrPLZ="30982" OrtID="253" Merkmal="1" Planquadrat="N&#xD;"/>
  <Strassen StrID="12726" StrName="Schönbichlstraße" StrPLZ="82211" OrtID="874" Merkmal="1" Planquadrat="N&#xD;"/>
  <Strassen StrID="12727" StrName="Casimirstraße" StrPLZ="60388" OrtID="41" Merkmal="1" Planquadrat="N&#xD;"/>
  <Strassen StrID="12728" StrName="Julianenstraße" StrPLZ="31707" OrtID="812" Merkmal="1" Planquadrat="N&#xD;"/>
  <Strassen StrID="12729" StrName="Domeierstraße" StrPLZ="31785" OrtID="19" Merkmal="1" Planquadrat="N&#xD;"/>
  <Strassen StrID="12730" StrName="Im Winkel" StrPLZ="30938" OrtID="40" Merkmal="1" Planquadrat="N&#xD;"/>
  <Strassen StrID="12731" StrName="Ricarda-Huch-Straße" StrPLZ="30880" OrtID="200" Merkmal="1" Planquadrat="N&#xD;"/>
  <Strassen StrID="12732" StrName="Nikolaus-Bernett-Straße" StrPLZ="26131" OrtID="248" Merkmal="1" Planquadrat="N"/>
  <Strassen StrID="12733" StrName="Tordenskioldstraße" StrPLZ="30880" OrtID="200" Merkmal="0" Planquadrat="N&#xD;"/>
  <Strassen StrID="12734" StrName="Kleestraße" StrPLZ="30926" OrtID="6" Merkmal="1" Planquadrat="N&#xD;"/>
  <Strassen StrID="12735" StrName="Eppendorfer Landstraße" StrPLZ="20249" OrtID="39" Merkmal="1" Planquadrat="N&#xD;"/>
  <Strassen StrID="12736" StrName="Martinstraße" StrPLZ="31177" OrtID="173" Merkmal="1" Planquadrat="N&#xD;"/>
  <Strassen StrID="12737" StrName="Saarstraße" StrPLZ="69151" OrtID="1019" Merkmal="1" Planquadrat="N&#xD;"/>
  <Strassen StrID="12738" StrName="Kaiserallee" StrPLZ="76185" OrtID="49" Merkmal="1" Planquadrat="N&#xD;"/>
  <Strassen StrID="12739" StrName="Obershagener Straße" StrPLZ="31303" OrtID="20" Merkmal="1" Planquadrat="N&#xD;"/>
  <Strassen StrID="12741" StrName="In den Schmiedegärten" StrPLZ="31174" OrtID="269" Merkmal="1" Planquadrat="N&#xD;"/>
  <Strassen StrID="12742" StrName="Willy-Brandt-Ring" StrPLZ="31157" OrtID="268" Merkmal="1" Planquadrat="N&#xD;"/>
  <Strassen StrID="12743" StrName="Wietzegraben" StrPLZ="31319" OrtID="276" Merkmal="1" Planquadrat="N&#xD;"/>
  <Strassen StrID="12744" StrName="Mathystraße" StrPLZ="76133" OrtID="49" Merkmal="1" Planquadrat="N&#xD;"/>
  <Strassen StrID="12745" StrName="Hilda-Rempel-Straße" StrPLZ="31319" OrtID="276" Merkmal="1" Planquadrat="N&#xD;"/>
  <Strassen StrID="12746" StrName="Theodor-Heuss-Straße" StrPLZ="30952" OrtID="3" Merkmal="1" Planquadrat="N&#xD;"/>
  <Strassen StrID="12747" StrName="Waldstraße" StrPLZ="37297" OrtID="1020" Merkmal="1" Planquadrat="N&#xD;"/>
  <Strassen StrID="12748" StrName="Berliner Straße" StrPLZ="68549" OrtID="1021" Merkmal="1" Planquadrat="N&#xD;"/>
  <Strassen StrID="12749" StrName="Im Bosenkamp" StrPLZ="31319" OrtID="276" Merkmal="0" Planquadrat="N&#xD;"/>
  <Strassen StrID="12750" StrName="Moorgartenweg" StrPLZ="31311" OrtID="294" Merkmal="0" Planquadrat="N&#xD;"/>
  <Strassen StrID="12751" StrName="Leibnizstraße" StrPLZ="30989" OrtID="5" Merkmal="0" Planquadrat="N&#xD;"/>
  <Strassen StrID="12752" StrName="Schiebenkamp" StrPLZ="31180" OrtID="152" Merkmal="1" Planquadrat="N&#xD;"/>
  <Strassen StrID="12753" StrName="Sonnenacker" StrPLZ="40489" OrtID="127" Merkmal="0" Planquadrat="N&#xD;"/>
  <Strassen StrID="12754" StrName="Burgweg" StrPLZ="51371" OrtID="943" Merkmal="1" Planquadrat="N&#xD;"/>
  <Strassen StrID="12755" StrName="Im Grunde" StrPLZ="30890" OrtID="2" Merkmal="0" Planquadrat="N&#xD;"/>
  <Strassen StrID="12756" StrName="Eichweg" StrPLZ="31515" OrtID="319" Merkmal="0" Planquadrat="N&#xD;"/>
  <Strassen StrID="12757" StrName="Amselstieg" StrPLZ="29336" OrtID="430" Merkmal="0" Planquadrat="N&#xD;"/>
  <Strassen StrID="12758" StrName="Winkelweg" StrPLZ="31559" OrtID="501" Merkmal="1" Planquadrat="N&#xD;"/>
  <Strassen StrID="12759" StrName="Bahnhofstraße" StrPLZ="30952" OrtID="3" Merkmal="1" Planquadrat="N&#xD;"/>
  <Strassen StrID="12760" StrName="Südstraße" StrPLZ="30989" OrtID="5" Merkmal="0" Planquadrat="N&#xD;"/>
  <Strassen StrID="12761" StrName="Bussardstraße" StrPLZ="71032" OrtID="1022" Merkmal="0" Planquadrat="N&#xD;"/>
  <Strassen StrID="12762" StrName="Orffstraße" StrPLZ="30966" OrtID="13" Merkmal="1" Planquadrat="N&#xD;"/>
  <Strassen StrID="12763" StrName="Hirtenweg" StrPLZ="30900" OrtID="25" Merkmal="1" Planquadrat="N&#xD;"/>
  <Strassen StrID="12764" StrName="Hauskoppel" StrPLZ="21407" OrtID="1023" Merkmal="1" Planquadrat="N&#xD;"/>
  <Strassen StrID="12765" StrName="Nordufer" StrPLZ="13353" OrtID="18" Merkmal="1" Planquadrat="N&#xD;"/>
  <Strassen StrID="12766" StrName="Elsternweg" StrPLZ="26624" OrtID="1024" Merkmal="1" Planquadrat="N&#xD;"/>
  <Strassen StrID="12767" StrName="Louisenstraße" StrPLZ="61348" OrtID="85" Merkmal="1" Planquadrat="N&#xD;"/>
  <Strassen StrID="12768" StrName="AndrÃ©straße" StrPLZ="35039" OrtID="578" Merkmal="1" Planquadrat="N&#xD;"/>
  <Strassen StrID="12769" StrName="Lortzingstraße" StrPLZ="31157" OrtID="268" Merkmal="1" Planquadrat="N&#xD;"/>
  <Strassen StrID="12770" StrName="Käthe-Kollwitz-Straße" StrPLZ="55128" OrtID="566" Merkmal="1" Planquadrat="N&#xD;"/>
  <Strassen StrID="12771" StrName="Neue Torstraße" StrPLZ="31303" OrtID="20" Merkmal="1" Planquadrat="N&#xD;"/>
  <Strassen StrID="12772" StrName="Dornhalde" StrPLZ="71254" OrtID="1025" Merkmal="1" Planquadrat="N&#xD;"/>
  <Strassen StrID="12773" StrName="Lampehof" StrPLZ="30926" OrtID="6" Merkmal="1" Planquadrat="N&#xD;"/>
  <Strassen StrID="12774" StrName="Akazienweg" StrPLZ="91083" OrtID="1026" Merkmal="1" Planquadrat="N&#xD;"/>
  <Strassen StrID="12775" StrName="Werner-von-Negenborn-Straße" StrPLZ="30900" OrtID="25" Merkmal="1" Planquadrat="N&#xD;"/>
  <Strassen StrID="12776" StrName="Buchenstraße" StrPLZ="01097" OrtID="993" Merkmal="1" Planquadrat="N&#xD;"/>
  <Strassen StrID="12777" StrName="Burgbergstraße" StrPLZ="38228" OrtID="10" Merkmal="1" Planquadrat="N&#xD;"/>
  <Strassen StrID="12778" StrName="Eickholte" StrPLZ="31787" OrtID="19" Merkmal="1" Planquadrat="N&#xD;"/>
  <Strassen StrID="12779" StrName="Postfach" StrPLZ="30917" OrtID="6" Merkmal="1" Planquadrat="N&#xD;"/>
  <Strassen StrID="12780" StrName="Sophienstraße" StrPLZ="30890" OrtID="2" Merkmal="1" Planquadrat="N&#xD;"/>
  <Strassen StrID="12781" StrName="Gödringer Straße" StrPLZ="31157" OrtID="268" Merkmal="1" Planquadrat="N&#xD;"/>
  <Strassen StrID="12782" StrName="Hattsteiner Straße" StrPLZ="61389" OrtID="1027" Merkmal="1" Planquadrat="N&#xD;"/>
  <Strassen StrID="12783" StrName="Kranzweg" StrPLZ="31191" OrtID="76" Merkmal="1" Planquadrat="N&#xD;"/>
  <Strassen StrID="12784" StrName="Am Krüllberg" StrPLZ="31609" OrtID="1028" Merkmal="1" Planquadrat="N&#xD;"/>
  <Strassen StrID="12785" StrName="Schwarzenbergsfeld" StrPLZ="31303" OrtID="20" Merkmal="1" Planquadrat="N&#xD;"/>
  <Strassen StrID="12786" StrName="Lebrechtstraße" StrPLZ="64846" OrtID="1030" Merkmal="1" Planquadrat="N&#xD;"/>
  <Strassen StrID="12787" StrName="Schützenstraße" StrPLZ="31558" OrtID="358" Merkmal="1" Planquadrat="N&#xD;"/>
  <Strassen StrID="12788" StrName="Birkenkamp" StrPLZ="29351" OrtID="326" Merkmal="1" Planquadrat="N&#xD;"/>
  <Strassen StrID="12789" StrName="Am Blauen See" StrPLZ="30823" OrtID="149" Merkmal="1" Planquadrat="N&#xD;"/>
  <Strassen StrID="12790" StrName="Franzstraße" StrPLZ="50935" OrtID="17" Merkmal="1" Planquadrat="N&#xD;"/>
  <Strassen StrID="12791" StrName="Obentrautstraße" StrPLZ="30926" OrtID="6" Merkmal="0" Planquadrat="N&#xD;"/>
  <Strassen StrID="12792" StrName="Blumenweg" StrPLZ="30966" OrtID="13" Merkmal="0" Planquadrat="N&#xD;"/>
  <Strassen StrID="12793" StrName="Händelweg" StrPLZ="26409" OrtID="1031" Merkmal="1" Planquadrat="N&#xD;"/>
  <Strassen StrID="12794" StrName="Am Stadtpark" StrPLZ="31275" OrtID="4" Merkmal="0" Planquadrat="N&#xD;"/>
  <Strassen StrID="12795" StrName="Fliederweg" StrPLZ="30890" OrtID="2" Merkmal="1" Planquadrat="N&#xD;"/>
  <Strassen StrID="12796" StrName="Süntelstraße" StrPLZ="31867" OrtID="540" Merkmal="1" Planquadrat="N&#xD;"/>
  <Strassen StrID="12797" StrName="Haubachstraße" StrPLZ="22765" OrtID="39" Merkmal="1" Planquadrat="N&#xD;"/>
  <Strassen StrID="12798" StrName="Nachtigallenweg" StrPLZ="31515" OrtID="319" Merkmal="1" Planquadrat="N&#xD;"/>
  <Strassen StrID="12799" StrName="Diemstrasse" StrPLZ="69469" OrtID="770" Merkmal="1" Planquadrat="N&#xD;"/>
  <Strassen StrID="12800" StrName="Hasenwinkel" StrPLZ="37079" OrtID="158" Merkmal="1" Planquadrat="N&#xD;"/>
  <Strassen StrID="12801" StrName="Thüringer Weg" StrPLZ="37603" OrtID="577" Merkmal="1" Planquadrat="N&#xD;"/>
  <Strassen StrID="12802" StrName="Am Archiv" StrPLZ="30982" OrtID="253" Merkmal="1" Planquadrat="N&#xD;"/>
  <Strassen StrID="12803" StrName="Schachtweg" StrPLZ="31275" OrtID="4" Merkmal="1" Planquadrat="N&#xD;"/>
  <Strassen StrID="12804" StrName="Hermann-Blanke-Straße" StrPLZ="30938" OrtID="40" Merkmal="0" Planquadrat="N&#xD;"/>
  <Strassen StrID="12805" StrName="Beethovenstraße" StrPLZ="38106" OrtID="8" Merkmal="0" Planquadrat="N&#xD;"/>
  <Strassen StrID="12806" StrName="Fliederstraße" StrPLZ="31275" OrtID="4" Merkmal="1" Planquadrat="N&#xD;"/>
  <Strassen StrID="12807" StrName="Bergeshöhe" StrPLZ="44289" OrtID="125" Merkmal="1" Planquadrat="N"/>
  <Strassen StrID="12808" StrName="Eilter Dorfstraße" StrPLZ="29693" OrtID="1032" Merkmal="1" Planquadrat="N&#xD;"/>
  <Strassen StrID="12809" StrName="Kleine Federbachstraße" StrPLZ="76189" OrtID="49" Merkmal="1" Planquadrat="N&#xD;"/>
  <Strassen StrID="12810" StrName="Vorhölzestraße" StrPLZ="81477" OrtID="225" Merkmal="1" Planquadrat="N&#xD;"/>
  <Strassen StrID="12811" StrName="Aurikelweg" StrPLZ="87545" OrtID="1033" Merkmal="1" Planquadrat="N&#xD;"/>
  <Strassen StrID="12812" StrName="Voigtstraße" StrPLZ="30826" OrtID="149" Merkmal="1" Planquadrat="N&#xD;"/>
  <Strassen StrID="12813" StrName="Arnekenstraße" StrPLZ="31134" OrtID="9" Merkmal="1" Planquadrat="N&#xD;"/>
  <Strassen StrID="12814" StrName="Gertrudenweg" StrPLZ="30827" OrtID="149" Merkmal="1" Planquadrat="N&#xD;"/>
  <Strassen StrID="12815" StrName="Garmsstraße" StrPLZ="30855" OrtID="27" Merkmal="1" Planquadrat="N&#xD;"/>
  <Strassen StrID="12816" StrName="Amtsmannhof" StrPLZ="31822" OrtID="278" Merkmal="1" Planquadrat="N&#xD;"/>
  <Strassen StrID="12817" StrName="Nienstedter Hauptstraße" StrPLZ="31035" OrtID="956" Merkmal="0" Planquadrat="N&#xD;"/>
  <Strassen StrID="12818" StrName="Beuthener Weg" StrPLZ="30916" OrtID="21" Merkmal="0" Planquadrat="N&#xD;"/>
  <Strassen StrID="12819" StrName="Boltenhagener Straße" StrPLZ="22147" OrtID="39" Merkmal="1" Planquadrat="N&#xD;"/>
  <Strassen StrID="12820" StrName="Schillerstraße" StrPLZ="76709" OrtID="1034" Merkmal="1" Planquadrat="N&#xD;"/>
  <Strassen StrID="12821" StrName="Nettetalstraße" StrPLZ="40627" OrtID="127" Merkmal="1" Planquadrat="N&#xD;"/>
  <Strassen StrID="12822" StrName="Moosweg" StrPLZ="31515" OrtID="319" Merkmal="1" Planquadrat="N&#xD;"/>
  <Strassen StrID="12823" StrName="Am Bahnhof" StrPLZ="30926" OrtID="6" Merkmal="1" Planquadrat="N&#xD;"/>
  <Strassen StrID="12824" StrName="Hallerweg" StrPLZ="30966" OrtID="13" Merkmal="1" Planquadrat="N&#xD;"/>
  <Strassen StrID="12825" StrName="Schillerstraße" StrPLZ="31141" OrtID="9" Merkmal="1" Planquadrat="N&#xD;"/>
  <Strassen StrID="12826" StrName="Unter den Linden" StrPLZ="31275" OrtID="4" Merkmal="1" Planquadrat="N&#xD;"/>
  <Strassen StrID="12827" StrName="Geranienweg" StrPLZ="83109" OrtID="1035" Merkmal="1" Planquadrat="N&#xD;"/>
  <Strassen StrID="12828" StrName="Im Sudern" StrPLZ="30966" OrtID="13" Merkmal="1" Planquadrat="N&#xD;"/>
  <Strassen StrID="12829" StrName="Schulenburg-Nord" StrPLZ="30855" OrtID="27" Merkmal="1" Planquadrat="N&#xD;"/>
  <Strassen StrID="12830" StrName="Neuendorfer Straße" StrPLZ="56070" OrtID="807" Merkmal="1" Planquadrat="N&#xD;"/>
  <Strassen StrID="12831" StrName="Mozartstraße" StrPLZ="30966" OrtID="13" Merkmal="1" Planquadrat="N&#xD;"/>
  <Strassen StrID="12832" StrName="Arndtstraße" StrPLZ="31141" OrtID="9" Merkmal="1" Planquadrat="N&#xD;"/>
  <Strassen StrID="12833" StrName="Eichenweg" StrPLZ="31855" OrtID="443" Merkmal="1" Planquadrat="N&#xD;"/>
  <Strassen StrID="12834" StrName="Herderstraße" StrPLZ="30952" OrtID="3" Merkmal="1" Planquadrat="N&#xD;"/>
  <Strassen StrID="12835" StrName="Neustädter Stobenstraße" StrPLZ="31134" OrtID="9" Merkmal="1" Planquadrat="N&#xD;"/>
  <Strassen StrID="12836" StrName="Haarbeeke" StrPLZ="30952" OrtID="3" Merkmal="1" Planquadrat="N&#xD;"/>
  <Strassen StrID="12837" StrName="Lüneburger Straße" StrPLZ="31303" OrtID="20" Merkmal="1" Planquadrat="N&#xD;"/>
  <Strassen StrID="12838" StrName="Am Schwarzbach" StrPLZ="41066" OrtID="222" Merkmal="1" Planquadrat="N&#xD;"/>
  <Strassen StrID="12839" StrName="Am Rathhaus" StrPLZ="31275" OrtID="4" Merkmal="1" Planquadrat="N&#xD;"/>
  <Strassen StrID="12840" StrName="Finkenborn" StrPLZ="31787" OrtID="19" Merkmal="1" Planquadrat="N&#xD;"/>
  <Strassen StrID="12841" StrName="Fuhsestraße" StrPLZ="31311" OrtID="294" Merkmal="0" Planquadrat="N&#xD;"/>
  <Strassen StrID="12842" StrName="Wilhelmstraße" StrPLZ="32545" OrtID="614" Merkmal="1" Planquadrat="N&#xD;"/>
  <Strassen StrID="12843" StrName="Oskar-Cohn-Straße" StrPLZ="99734" OrtID="1036" Merkmal="1" Planquadrat="N&#xD;"/>
  <Strassen StrID="12844" StrName="Wolfgang-Borchert-Straße" StrPLZ="31515" OrtID="319" Merkmal="1" Planquadrat="N&#xD;"/>
  <Strassen StrID="12845" StrName="Kötnerreihe" StrPLZ="30966" OrtID="13" Merkmal="1" Planquadrat="N&#xD;"/>
  <Strassen StrID="12846" StrName="Im Scheller" StrPLZ="31559" OrtID="501" Merkmal="1" Planquadrat="N&#xD;"/>
  <Strassen StrID="12847" StrName="Alte Dorfstraße" StrPLZ="30966" OrtID="13" Merkmal="1" Planquadrat="N&#xD;"/>
  <Strassen StrID="12848" StrName="Ludwig-Richter-Straße" StrPLZ="31515" OrtID="319" Merkmal="1" Planquadrat="N&#xD;"/>
  <Strassen StrID="12849" StrName="Am Sandberg" StrPLZ="30826" OrtID="149" Merkmal="1" Planquadrat="N&#xD;"/>
  <Strassen StrID="12850" StrName="Reichsgrafenstraße" StrPLZ="79102" OrtID="16" Merkmal="1" Planquadrat="N&#xD;"/>
  <Strassen StrID="12851" StrName="Rennpaul" StrPLZ="30938" OrtID="40" Merkmal="1" Planquadrat="N&#xD;"/>
  <Strassen StrID="12852" StrName="Müllerweg" StrPLZ="30890" OrtID="2" Merkmal="1" Planquadrat="N&#xD;"/>
  <Strassen StrID="12853" StrName="Eintrachtstraße" StrPLZ="50354" OrtID="1037" Merkmal="1" Planquadrat="N&#xD;"/>
  <Strassen StrID="12854" StrName="Habichtsweg" StrPLZ="26835" OrtID="1038" Merkmal="1" Planquadrat="N&#xD;"/>
  <Strassen StrID="12855" StrName="Von-Emmich-Straße" StrPLZ="31135" OrtID="9" Merkmal="1" Planquadrat="N&#xD;"/>
  <Strassen StrID="12856" StrName="Lilienthalstraße" StrPLZ="30916" OrtID="21" Merkmal="1" Planquadrat="N&#xD;"/>
  <Strassen StrID="12857" StrName="Wenckebachstraße" StrPLZ="12099" OrtID="18" Merkmal="1" Planquadrat="N&#xD;"/>
  <Strassen StrID="12858" StrName="Avenue Salomé" StrPLZ="B-1150" OrtID="1135" Merkmal="1" Planquadrat="N"/>
  <Strassen StrID="12859" StrName="Oberer Sindelberg" StrPLZ="31061" OrtID="74" Merkmal="1" Planquadrat="N&#xD;"/>
  <Strassen StrID="12860" StrName="Philosophenweg" StrPLZ="34121" OrtID="11" Merkmal="1" Planquadrat="N"/>
  <Strassen StrID="12861" StrName="Rudolf-Virchow-Straße" StrPLZ="29223" OrtID="115" Merkmal="1" Planquadrat="N&#xD;"/>
  <Strassen StrID="12862" StrName="Otto-Wels-Straße" StrPLZ="41466" OrtID="232" Merkmal="1" Planquadrat="N&#xD;"/>
  <Strassen StrID="12863" StrName="Sandweg" StrPLZ="29336" OrtID="430" Merkmal="1" Planquadrat="N&#xD;"/>
  <Strassen StrID="12864" StrName="Breitenkampstraße" StrPLZ="31311" OrtID="294" Merkmal="1" Planquadrat="N&#xD;"/>
  <Strassen StrID="12865" StrName="Gümmerdamm" StrPLZ="30926" OrtID="6" Merkmal="1" Planquadrat="N&#xD;"/>
  <Strassen StrID="12866" StrName="Mörikestraße" StrPLZ="31224" OrtID="7" Merkmal="1" Planquadrat="N&#xD;"/>
  <Strassen StrID="12867" StrName="Westerhausener Berg" StrPLZ="49324" OrtID="1039" Merkmal="1" Planquadrat="N&#xD;"/>
  <Strassen StrID="12868" StrName="Eichenwegte" StrPLZ="31655" OrtID="32" Merkmal="1" Planquadrat="N&#xD;"/>
  <Strassen StrID="12869" StrName="Mühlenstraße" StrPLZ="28816" OrtID="286" Merkmal="1" Planquadrat="N&#xD;"/>
  <Strassen StrID="12870" StrName="Fasanenweg" StrPLZ="63128" OrtID="1040" Merkmal="1" Planquadrat="N&#xD;"/>
  <Strassen StrID="12871" StrName="Klütstraße" StrPLZ="31787" OrtID="19" Merkmal="1" Planquadrat="N&#xD;"/>
  <Strassen StrID="12872" StrName="Lenzstraße" StrPLZ="31515" OrtID="319" Merkmal="1" Planquadrat="N&#xD;"/>
  <Strassen StrID="12873" StrName="Felberich" StrPLZ="31559" OrtID="501" Merkmal="1" Planquadrat="N&#xD;"/>
  <Strassen StrID="12874" StrName="Wendenmaschstraße" StrPLZ="38114" OrtID="8" Merkmal="1" Planquadrat="N&#xD;"/>
  <Strassen StrID="12876" StrName="Heinrichstraße" StrPLZ="30855" OrtID="27" Merkmal="1" Planquadrat="N&#xD;"/>
  <Strassen StrID="12877" StrName="Neumarkt" StrPLZ="29221" OrtID="115" Merkmal="0" Planquadrat="N&#xD;"/>
  <Strassen StrID="12878" StrName="Werrastraße" StrPLZ="45136" OrtID="42" Merkmal="0" Planquadrat="N"/>
  <Strassen StrID="12879" StrName="Redener Straße" StrPLZ="30982" OrtID="253" Merkmal="0" Planquadrat="N&#xD;"/>
  <Strassen StrID="12880" StrName="Am Alten Hafen" StrPLZ="27472" OrtID="753" Merkmal="0" Planquadrat="N&#xD;"/>
  <Strassen StrID="12881" StrName="Ringstraße" StrPLZ="30880" OrtID="200" Merkmal="1" Planquadrat="N&#xD;"/>
  <Strassen StrID="12882" StrName="Sohnreyweg" StrPLZ="30629" OrtID="6" Merkmal="1" Planquadrat="N&#xD;"/>
  <Strassen StrID="12883" StrName="Saturnring" StrPLZ="31275" OrtID="4" Merkmal="1" Planquadrat="N&#xD;"/>
  <Strassen StrID="12884" StrName="Alte Poststraße" StrPLZ="57629" OrtID="1041" Merkmal="1" Planquadrat="N&#xD;"/>
  <Strassen StrID="12885" StrName="Teichhöfe" StrPLZ="30659" OrtID="1" Merkmal="1" Planquadrat="N&#xD;"/>
  <Strassen StrID="12886" StrName="Fillekuhle" StrPLZ="31039" OrtID="1042" Merkmal="1" Planquadrat="N&#xD;"/>
  <Strassen StrID="12887" StrName="Ohlekamp" StrPLZ="25373" OrtID="1043" Merkmal="1" Planquadrat="N&#xD;"/>
  <Strassen StrID="12888" StrName="Wollgrasweg" StrPLZ="30880" OrtID="200" Merkmal="1" Planquadrat="N&#xD;"/>
  <Strassen StrID="12889" StrName="Dachtmisser Weg" StrPLZ="31311" OrtID="294" Merkmal="1" Planquadrat="N&#xD;"/>
  <Strassen StrID="12890" StrName="Bergstraße" StrPLZ="86482" OrtID="1044" Merkmal="1" Planquadrat="N&#xD;"/>
  <Strassen StrID="12891" StrName="Leiblstraße" StrPLZ="33615" OrtID="101" Merkmal="1" Planquadrat="N&#xD;"/>
  <Strassen StrID="12892" StrName="Eickhoop" StrPLZ="31303" OrtID="20" Merkmal="1" Planquadrat="N&#xD;"/>
  <Strassen StrID="12893" StrName="Im Grund" StrPLZ="31867" OrtID="24" Merkmal="1" Planquadrat="N"/>
  <Strassen StrID="12894" StrName="Asternring" StrPLZ="31535" OrtID="22" Merkmal="1" Planquadrat="N&#xD;"/>
  <Strassen StrID="12895" StrName="Schieferkamp" StrPLZ="31655" OrtID="32" Merkmal="1" Planquadrat="N&#xD;"/>
  <Strassen StrID="12896" StrName="Welserstraße" StrPLZ="81373" OrtID="225" Merkmal="1" Planquadrat="N&#xD;"/>
  <Strassen StrID="12897" StrName="Kalenberger Graben" StrPLZ="31134" OrtID="9" Merkmal="1" Planquadrat="N&#xD;"/>
  <Strassen StrID="12898" StrName="Lindenstraße" StrPLZ="29223" OrtID="115" Merkmal="1" Planquadrat="N&#xD;"/>
  <Strassen StrID="12899" StrName="Echelnteichweg" StrPLZ="58640" OrtID="1045" Merkmal="1" Planquadrat="N&#xD;"/>
  <Strassen StrID="12900" StrName="Wilhelm-Henze-Weg" StrPLZ="31303" OrtID="20" Merkmal="1" Planquadrat="N&#xD;"/>
  <Strassen StrID="12901" StrName="Buchenweg" StrPLZ="30952" OrtID="3" Merkmal="1" Planquadrat="N&#xD;"/>
  <Strassen StrID="12902" StrName="Schmiedestraße" StrPLZ="31785" OrtID="19" Merkmal="0" Planquadrat="N&#xD;"/>
  <Strassen StrID="12903" StrName="Am Heidehof" StrPLZ="14163" OrtID="18" Merkmal="1" Planquadrat="N&#xD;"/>
  <Strassen StrID="12904" StrName="Riehefeld" StrPLZ="30966" OrtID="13" Merkmal="1" Planquadrat="N&#xD;"/>
  <Strassen StrID="12905" StrName="Am Seefelde" StrPLZ="30952" OrtID="3" Merkmal="1" Planquadrat="N&#xD;"/>
  <Strassen StrID="12906" StrName="Herzog-Franz-Straße" StrPLZ="38442" OrtID="315" Merkmal="1" Planquadrat="N&#xD;"/>
  <Strassen StrID="12907" StrName="Gustav-Heinemann-Ring" StrPLZ="81739" OrtID="225" Merkmal="1" Planquadrat="N&#xD;"/>
  <Strassen StrID="12908" StrName="Bäckergasse" StrPLZ="31275" OrtID="4" Merkmal="1" Planquadrat="N&#xD;"/>
  <Strassen StrID="12909" StrName="Görlitzer Straße" StrPLZ="31157" OrtID="268" Merkmal="1" Planquadrat="N&#xD;"/>
  <Strassen StrID="12910" StrName="Wilhelmplatz" StrPLZ="31785" OrtID="19" Merkmal="1" Planquadrat="N"/>
  <Strassen StrID="12911" StrName="Ludwig-Erhard-Srasse" StrPLZ="20459" OrtID="39" Merkmal="1" Planquadrat="N&#xD;"/>
  <Strassen StrID="12912" StrName="Grünberger Straße" StrPLZ="10243" OrtID="18" Merkmal="1" Planquadrat="N&#xD;"/>
  <Strassen StrID="12913" StrName="Lüllauer Straße" StrPLZ="21266" OrtID="580" Merkmal="1" Planquadrat="N&#xD;"/>
  <Strassen StrID="12914" StrName="An der Bredenbeeke" StrPLZ="30926" OrtID="6" Merkmal="0" Planquadrat="N&#xD;"/>
  <Strassen StrID="12915" StrName="Herzog-Wilhelm-Straße" StrPLZ="38667" OrtID="84" Merkmal="1" Planquadrat="N&#xD;"/>
  <Strassen StrID="12916" StrName="Sophienstraße" StrPLZ="31515" OrtID="319" Merkmal="1" Planquadrat="N&#xD;"/>
  <Strassen StrID="12917" StrName="Bergstraße" StrPLZ="31535" OrtID="22" Merkmal="1" Planquadrat="N&#xD;"/>
  <Strassen StrID="12918" StrName="Veskampstraße" StrPLZ="30890" OrtID="2" Merkmal="1" Planquadrat="N&#xD;"/>
  <Strassen StrID="12919" StrName="Laurastraße" StrPLZ="45289" OrtID="42" Merkmal="1" Planquadrat="N"/>
  <Strassen StrID="12920" StrName="Lindenallee" StrPLZ="27336" OrtID="1047" Merkmal="1" Planquadrat="N&#xD;"/>
  <Strassen StrID="12921" StrName="Hauptstraße" StrPLZ="31171" OrtID="241" Merkmal="1" Planquadrat="N&#xD;"/>
  <Strassen StrID="12922" StrName="Helmstedter Straße" StrPLZ="38102" OrtID="8" Merkmal="1" Planquadrat="N&#xD;"/>
  <Strassen StrID="12923" StrName="Querstraße" StrPLZ="31008" OrtID="135" Merkmal="1" Planquadrat="N&#xD;"/>
  <Strassen StrID="12924" StrName="Pasewalker Straße" StrPLZ="26506" OrtID="1048" Merkmal="1" Planquadrat="N&#xD;"/>
  <Strassen StrID="12925" StrName="Riethornweg" StrPLZ="31303" OrtID="20" Merkmal="1" Planquadrat="N&#xD;"/>
  <Strassen StrID="12926" StrName="Wennebosteler Hof" StrPLZ="30855" OrtID="27" Merkmal="1" Planquadrat="N&#xD;"/>
  <Strassen StrID="12927" StrName="An der Katholischen Kirche" StrPLZ="15366" OrtID="1049" Merkmal="1" Planquadrat="N&#xD;"/>
  <Strassen StrID="12928" StrName="Franz-Werfel-Straße" StrPLZ="85055" OrtID="1050" Merkmal="1" Planquadrat="N&#xD;"/>
  <Strassen StrID="12929" StrName="Wackenroder Weg" StrPLZ="31303" OrtID="20" Merkmal="1" Planquadrat="N&#xD;"/>
  <Strassen StrID="12930" StrName="Kälberrähr" StrPLZ="29364" OrtID="203" Merkmal="1" Planquadrat="N&#xD;"/>
  <Strassen StrID="12931" StrName="Sanddornweg" StrPLZ="31535" OrtID="22" Merkmal="1" Planquadrat="N&#xD;"/>
  <Strassen StrID="12932" StrName="Finkenstraße" StrPLZ="30890" OrtID="2" Merkmal="1" Planquadrat="N&#xD;"/>
  <Strassen StrID="12933" StrName="Dachtmisser Weg" StrPLZ="31303" OrtID="20" Merkmal="1" Planquadrat="N&#xD;"/>
  <Strassen StrID="12934" StrName="Entruper Weg" StrPLZ="32657" OrtID="1051" Merkmal="1" Planquadrat="N&#xD;"/>
  <Strassen StrID="12935" StrName="Veronikastraße" StrPLZ="81827" OrtID="225" Merkmal="1" Planquadrat="N&#xD;"/>
  <Strassen StrID="12936" StrName="Meilenberger Straße" StrPLZ="82057" OrtID="1052" Merkmal="1" Planquadrat="N&#xD;"/>
  <Strassen StrID="12937" StrName="Marbacher Weg" StrPLZ="28816" OrtID="286" Merkmal="1" Planquadrat="N&#xD;"/>
  <Strassen StrID="12938" StrName="Eibenweg" StrPLZ="30926" OrtID="6" Merkmal="1" Planquadrat="N&#xD;"/>
  <Strassen StrID="12939" StrName="Seehofstraße" StrPLZ="60594" OrtID="41" Merkmal="1" Planquadrat="N&#xD;"/>
  <Strassen StrID="12940" StrName="Veilchenweg" StrPLZ="31515" OrtID="319" Merkmal="1" Planquadrat="N&#xD;"/>
  <Strassen StrID="12941" StrName="Alter Wall" StrPLZ="20457" OrtID="39" Merkmal="1" Planquadrat="N&#xD;"/>
  <Strassen StrID="12942" StrName="Erftstraße" StrPLZ="40670" OrtID="380" Merkmal="1" Planquadrat="N&#xD;"/>
  <Strassen StrID="12943" StrName="Erfurter Straße" StrPLZ="67663" OrtID="696" Merkmal="1" Planquadrat="N&#xD;"/>
  <Strassen StrID="12944" StrName="Eckernkamp" StrPLZ="30851" OrtID="27" Merkmal="1" Planquadrat="N&#xD;"/>
  <Strassen StrID="12945" StrName="Ernst-Lehmann-Straße" StrPLZ="39106" OrtID="216" Merkmal="1" Planquadrat="N"/>
  <Strassen StrID="12946" StrName="Sandriedeweg" StrPLZ="30900" OrtID="25" Merkmal="1" Planquadrat="N&#xD;"/>
  <Strassen StrID="12947" StrName="Bei der lieben Frau" StrPLZ="35781" OrtID="1053" Merkmal="1" Planquadrat="N&#xD;"/>
  <Strassen StrID="12948" StrName="Friedrich-Ludwig-Jahn-Straße" StrPLZ="31157" OrtID="268" Merkmal="1" Planquadrat="N&#xD;"/>
  <Strassen StrID="12949" StrName="Im Vienigen" StrPLZ="28832" OrtID="575" Merkmal="1" Planquadrat="N&#xD;"/>
  <Strassen StrID="12950" StrName="Tienberg" StrPLZ="31515" OrtID="319" Merkmal="1" Planquadrat="N&#xD;"/>
  <Strassen StrID="12951" StrName="Karl-Werner-Str." StrPLZ="38442" OrtID="315" Merkmal="1" Planquadrat="N&#xD;"/>
  <Strassen StrID="12952" StrName="Haferkamp 9" StrPLZ="31542" OrtID="91" Merkmal="1" Planquadrat="N&#xD;"/>
  <Strassen StrID="12953" StrName="Orleansstrasse" StrPLZ="31135" OrtID="9" Merkmal="1" Planquadrat="N&#xD;"/>
  <Strassen StrID="12954" StrName="Jägerweg" StrPLZ="30938" OrtID="40" Merkmal="1" Planquadrat="N&#xD;"/>
  <Strassen StrID="12955" StrName="Im Gesenk" StrPLZ="31275" OrtID="4" Merkmal="1" Planquadrat="N&#xD;"/>
  <Strassen StrID="12956" StrName="Hinter dem Felde" StrPLZ="30938" OrtID="40" Merkmal="1" Planquadrat="N&#xD;"/>
  <Strassen StrID="12957" StrName="Am Rebstock" StrPLZ="34560" OrtID="743" Merkmal="1" Planquadrat="N&#xD;"/>
  <Strassen StrID="12958" StrName="Akazienallee" StrPLZ="31832" OrtID="278" Merkmal="1" Planquadrat="N&#xD;"/>
  <Strassen StrID="12959" StrName="Myliusstraße" StrPLZ="51371" OrtID="943" Merkmal="1" Planquadrat="N&#xD;"/>
  <Strassen StrID="12960" StrName="Koldinger Straße" StrPLZ="30982" OrtID="253" Merkmal="1" Planquadrat="N&#xD;"/>
  <Strassen StrID="12961" StrName="Bachstelzenweg" StrPLZ="30952" OrtID="3" Merkmal="1" Planquadrat="N&#xD;"/>
  <Strassen StrID="12962" StrName="Hördtstraße" StrPLZ="70435" OrtID="287" Merkmal="1" Planquadrat="N"/>
  <Strassen StrID="12963" StrName="Rotkehlchenweg" StrPLZ="31303" OrtID="325" Merkmal="1" Planquadrat="N&#xD;"/>
  <Strassen StrID="12964" StrName="Brucknerstraße" StrPLZ="49377" OrtID="1054" Merkmal="1" Planquadrat="N&#xD;"/>
  <Strassen StrID="12965" StrName="Samlandstraße" StrPLZ="26725" OrtID="1055" Merkmal="1" Planquadrat="N&#xD;"/>
  <Strassen StrID="12966" StrName="Erichstraße" StrPLZ="28816" OrtID="286" Merkmal="1" Planquadrat="N&#xD;"/>
  <Strassen StrID="12967" StrName="Braukamp" StrPLZ="30974" OrtID="307" Merkmal="1" Planquadrat="N&#xD;"/>
  <Strassen StrID="12968" StrName="Moosgrund" StrPLZ="30916" OrtID="21" Merkmal="1" Planquadrat="N&#xD;"/>
  <Strassen StrID="12969" StrName="Schrotgang" StrPLZ="30938" OrtID="40" Merkmal="1" Planquadrat="N&#xD;"/>
  <Strassen StrID="12970" StrName="Wiesenstraße" StrPLZ="38162" OrtID="479" Merkmal="1" Planquadrat="N&#xD;"/>
  <Strassen StrID="12971" StrName="Weserstraße" StrPLZ="31275" OrtID="4" Merkmal="1" Planquadrat="N&#xD;"/>
  <Strassen StrID="12972" StrName="Rathausstraße" StrPLZ="74172" OrtID="1056" Merkmal="1" Planquadrat="N&#xD;"/>
  <Strassen StrID="12973" StrName="Postfach" StrPLZ="31501" OrtID="319" Merkmal="1" Planquadrat="N&#xD;"/>
  <Strassen StrID="12974" StrName="Schulweg" StrPLZ="30916" OrtID="21" Merkmal="1" Planquadrat="N&#xD;"/>
  <Strassen StrID="12975" StrName="Am Helmerfeld" StrPLZ="30890" OrtID="2" Merkmal="1" Planquadrat="N&#xD;"/>
  <Strassen StrID="12976" StrName="Drothwinkel" StrPLZ="30982" OrtID="253" Merkmal="1" Planquadrat="N&#xD;"/>
  <Strassen StrID="12977" StrName="Grubenweg" StrPLZ="97486" OrtID="1057" Merkmal="1" Planquadrat="N&#xD;"/>
  <Strassen StrID="12978" StrName="Dammstraße" StrPLZ="38442" OrtID="315" Merkmal="1" Planquadrat="N&#xD;"/>
  <Strassen StrID="12979" StrName="Dierener Straße" StrPLZ="31303" OrtID="20" Merkmal="1" Planquadrat="N&#xD;"/>
  <Strassen StrID="12980" StrName="Beuthener Straße" StrPLZ="76139" OrtID="49" Merkmal="1" Planquadrat="N&#xD;"/>
  <Strassen StrID="12981" StrName="Pastors Garten" StrPLZ="29223" OrtID="115" Merkmal="1" Planquadrat="N&#xD;"/>
  <Strassen StrID="12983" StrName="Ackerstraße" StrPLZ="38126" OrtID="8" Merkmal="1" Planquadrat="N&#xD;"/>
  <Strassen StrID="12984" StrName="Langer Steinweg" StrPLZ="32825" OrtID="1058" Merkmal="1" Planquadrat="N&#xD;"/>
  <Strassen StrID="12985" StrName="Viktor-Scheffel-Straße" StrPLZ="06114" OrtID="721" Merkmal="1" Planquadrat="N&#xD;"/>
  <Strassen StrID="12986" StrName="Osterkamp" StrPLZ="38550" OrtID="849" Merkmal="1" Planquadrat="N&#xD;"/>
  <Strassen StrID="12987" StrName="Högestraße" StrPLZ="79108" OrtID="16" Merkmal="1" Planquadrat="N&#xD;"/>
  <Strassen StrID="12988" StrName="Braunschweiger Straße" StrPLZ="31275" OrtID="4" Merkmal="1" Planquadrat="N&#xD;"/>
  <Strassen StrID="12989" StrName="Allensteiner Weg" StrPLZ="31535" OrtID="22" Merkmal="1" Planquadrat="N&#xD;"/>
  <Strassen StrID="12990" StrName="Marienweder Allee" StrPLZ="29225" OrtID="115" Merkmal="1" Planquadrat="N&#xD;"/>
  <Strassen StrID="12991" StrName="Fliederweg" StrPLZ="31515" OrtID="319" Merkmal="1" Planquadrat="N&#xD;"/>
  <Strassen StrID="12992" StrName="Robert-Hesse-Straße" StrPLZ="30827" OrtID="149" Merkmal="1" Planquadrat="N&#xD;"/>
  <Strassen StrID="12993" StrName="Saseler Markt" StrPLZ="22393" OrtID="39" Merkmal="1" Planquadrat="N&#xD;"/>
  <Strassen StrID="12994" StrName="Zellwolleweg" StrPLZ="19322" OrtID="1059" Merkmal="1" Planquadrat="N&#xD;"/>
  <Strassen StrID="12995" StrName="Heideweg" StrPLZ="31303" OrtID="20" Merkmal="1" Planquadrat="N&#xD;"/>
  <Strassen StrID="12996" StrName="Rosdorfer Weg" StrPLZ="37073" OrtID="158" Merkmal="1" Planquadrat="N&#xD;"/>
  <Strassen StrID="12997" StrName="Am Ehrenmal" StrPLZ="31515" OrtID="319" Merkmal="1" Planquadrat="N&#xD;"/>
  <Strassen StrID="12998" StrName="Deisterblick" StrPLZ="30880" OrtID="200" Merkmal="1" Planquadrat="N&#xD;"/>
  <Strassen StrID="12999" StrName="Eduard-Pflüger-Straße" StrPLZ="53113" OrtID="26" Merkmal="1" Planquadrat="N"/>
  <Strassen StrID="13000" StrName="Richard-Wagner-Straße" StrPLZ="49076" OrtID="249" Merkmal="1" Planquadrat="N"/>
  <Strassen StrID="13001" StrName="Goethestraße" StrPLZ="61462" OrtID="354" Merkmal="1" Planquadrat="N&#xD;"/>
  <Strassen StrID="13002" StrName="Mittelbergring" StrPLZ="37085" OrtID="158" Merkmal="1" Planquadrat="N&#xD;"/>
  <Strassen StrID="13003" StrName="Kurze Wanne" StrPLZ="30926" OrtID="6" Merkmal="1" Planquadrat="N&#xD;"/>
  <Strassen StrID="13004" StrName="Bussardweg" StrPLZ="30880" OrtID="200" Merkmal="1" Planquadrat="N&#xD;"/>
  <Strassen StrID="13005" StrName="Bahnhofstraße" StrPLZ="30938" OrtID="40" Merkmal="1" Planquadrat="N&#xD;"/>
  <Strassen StrID="13006" StrName="Südstraße" StrPLZ="31515" OrtID="319" Merkmal="1" Planquadrat="N&#xD;"/>
  <Strassen StrID="13007" StrName="Posener Straße" StrPLZ="31303" OrtID="20" Merkmal="1" Planquadrat="N&#xD;"/>
  <Strassen StrID="13008" StrName="An der Berglust" StrPLZ="49324" OrtID="1039" Merkmal="1" Planquadrat="N&#xD;"/>
  <Strassen StrID="13009" StrName="Maschwiese" StrPLZ="31552" OrtID="263" Merkmal="1" Planquadrat="N&#xD;"/>
  <Strassen StrID="13010" StrName="Römerstraße" StrPLZ="69115" OrtID="621" Merkmal="1" Planquadrat="N&#xD;"/>
  <Strassen StrID="13011" StrName="Ahrenshagen" StrPLZ="27777" OrtID="378" Merkmal="1" Planquadrat="N&#xD;"/>
  <Strassen StrID="13012" StrName="Am Neuen Kampe" StrPLZ="30826" OrtID="149" Merkmal="1" Planquadrat="N&#xD;"/>
  <Strassen StrID="13013" StrName="Eichhornstraße" StrPLZ="31303" OrtID="20" Merkmal="1" Planquadrat="N&#xD;"/>
  <Strassen StrID="13014" StrName="Am Kirchhofe" StrPLZ="30952" OrtID="3" Merkmal="1" Planquadrat="N&#xD;"/>
  <Strassen StrID="13015" StrName="Beekefeld" StrPLZ="31559" OrtID="174" Merkmal="1" Planquadrat="N&#xD;"/>
  <Strassen StrID="13016" StrName="Margot-Büttner-Weg" StrPLZ="30457" OrtID="1" Merkmal="1" Planquadrat="N&#xD;"/>
  <Strassen StrID="13017" StrName="Kornblumenweg" StrPLZ="31515" OrtID="319" Merkmal="1" Planquadrat="N&#xD;"/>
  <Strassen StrID="13018" StrName="Ernst-Ludwig-Kirchner-Weg" StrPLZ="30827" OrtID="149" Merkmal="1" Planquadrat="N&#xD;"/>
  <Strassen StrID="13019" StrName="Allerstraße" StrPLZ="29225" OrtID="115" Merkmal="1" Planquadrat="N&#xD;"/>
  <Strassen StrID="13020" StrName="Schmiedestraße" StrPLZ="31542" OrtID="91" Merkmal="1" Planquadrat="N&#xD;"/>
  <Strassen StrID="13021" StrName="Eschenweg" StrPLZ="87656" OrtID="1060" Merkmal="1" Planquadrat="N&#xD;"/>
  <Strassen StrID="13022" StrName="Oppelner Straße" StrPLZ="30853" OrtID="27" Merkmal="1" Planquadrat="N&#xD;"/>
  <Strassen StrID="13023" StrName="Berliner Straße" StrPLZ="30982" OrtID="253" Merkmal="1" Planquadrat="N&#xD;"/>
  <Strassen StrID="13024" StrName="Voßstraße" StrPLZ="45966" OrtID="1061" Merkmal="1" Planquadrat="N&#xD;"/>
  <Strassen StrID="13025" StrName="Avenue de Grunne" StrPLZ="B-1970" OrtID="628" Merkmal="1" Planquadrat="N&#xD;"/>
  <Strassen StrID="13026" StrName="Am Bergfeld" StrPLZ="31191" OrtID="76" Merkmal="1" Planquadrat="N&#xD;"/>
  <Strassen StrID="13027" StrName="Gehrenkamp" StrPLZ="31061" OrtID="74" Merkmal="1" Planquadrat="N&#xD;"/>
  <Strassen StrID="13028" StrName="Im Delmegrund" StrPLZ="27243" OrtID="1062" Merkmal="1" Planquadrat="N&#xD;"/>
  <Strassen StrID="13029" StrName="Osterheide" StrPLZ="21714" OrtID="1063" Merkmal="1" Planquadrat="N&#xD;"/>
  <Strassen StrID="13030" StrName="Zitzelsbergerstraße" StrPLZ="81476" OrtID="225" Merkmal="1" Planquadrat="N&#xD;"/>
  <Strassen StrID="13031" StrName="Von-Bodelschwingh-Straße" StrPLZ="49088" OrtID="249" Merkmal="1" Planquadrat="N"/>
  <Strassen StrID="13032" StrName="Vienenburger Straße" StrPLZ="38690" OrtID="301" Merkmal="1" Planquadrat="N&#xD;"/>
  <Strassen StrID="13033" StrName="Am Hopfenberg" StrPLZ="30966" OrtID="13" Merkmal="1" Planquadrat="N&#xD;"/>
  <Strassen StrID="13034" StrName="Lerchenweg" StrPLZ="29342" OrtID="310" Merkmal="1" Planquadrat="N&#xD;"/>
  <Strassen StrID="13035" StrName="Bethelner Landstraße" StrPLZ="31028" OrtID="645" Merkmal="1" Planquadrat="N&#xD;"/>
  <Strassen StrID="13036" StrName="Lohnder Straße" StrPLZ="30926" OrtID="6" Merkmal="1" Planquadrat="N&#xD;"/>
  <Strassen StrID="13037" StrName="Förster-Schrödter-Straße" StrPLZ="17459" OrtID="1064" Merkmal="1" Planquadrat="N&#xD;"/>
  <Strassen StrID="13038" StrName="Tannengrund" StrPLZ="31303" OrtID="20" Merkmal="1" Planquadrat="N&#xD;"/>
  <Strassen StrID="13039" StrName="Daimlerstraße" StrPLZ="30916" OrtID="21" Merkmal="1" Planquadrat="N&#xD;"/>
  <Strassen StrID="13040" StrName="Sperberweg" StrPLZ="30827" OrtID="149" Merkmal="1" Planquadrat="N&#xD;"/>
  <Strassen StrID="13041" StrName="Kapellenstraße" StrPLZ="55124" OrtID="566" Merkmal="1" Planquadrat="N&#xD;"/>
  <Strassen StrID="13042" StrName="Pommernstraße" StrPLZ="31275" OrtID="4" Merkmal="0" Planquadrat="N&#xD;"/>
  <Strassen StrID="13043" StrName="Straßburger Straße" StrPLZ="31582" OrtID="237" Merkmal="1" Planquadrat="N&#xD;"/>
  <Strassen StrID="13044" StrName="Husarenstraße" StrPLZ="38102" OrtID="8" Merkmal="1" Planquadrat="N&#xD;"/>
  <Strassen StrID="13046" StrName="Potsdamer Straße" StrPLZ="27568" OrtID="110" Merkmal="1" Planquadrat="N&#xD;"/>
  <Strassen StrID="13047" StrName="Lindenweg" StrPLZ="59602" OrtID="1066" Merkmal="1" Planquadrat="N&#xD;"/>
  <Strassen StrID="13048" StrName="Unter dem Kamp" StrPLZ="49201" OrtID="1067" Merkmal="1" Planquadrat="N&#xD;"/>
  <Strassen StrID="13049" StrName="Seute-Deern-Ring" StrPLZ="24351" OrtID="1068" Merkmal="1" Planquadrat="N&#xD;"/>
  <Strassen StrID="13050" StrName="Am Frauenbrunnen" StrPLZ="98617" OrtID="1069" Merkmal="1" Planquadrat="N&#xD;"/>
  <Strassen StrID="13051" StrName="Von-Berckefeldt-Straße" StrPLZ="31535" OrtID="22" Merkmal="1" Planquadrat="N&#xD;"/>
  <Strassen StrID="13052" StrName="Het Leunenberg" StrPLZ="NL-7544JE" OrtID="1070" Merkmal="1" Planquadrat="N&#xD;"/>
  <Strassen StrID="13053" StrName="Am Kampe" StrPLZ="30890" OrtID="2" Merkmal="1" Planquadrat="N&#xD;"/>
  <Strassen StrID="13054" StrName="Am Waldeck" StrPLZ="65779" OrtID="712" Merkmal="1" Planquadrat="N&#xD;"/>
  <Strassen StrID="13055" StrName="Wedekindweg" StrPLZ="30826" OrtID="149" Merkmal="1" Planquadrat="N&#xD;"/>
  <Strassen StrID="13056" StrName="Bürgermeister-Bock-Strasse" StrPLZ="31542" OrtID="91" Merkmal="1" Planquadrat="N"/>
  <Strassen StrID="13057" StrName="Saturnring" StrPLZ="30823" OrtID="149" Merkmal="1" Planquadrat="N&#xD;"/>
  <Strassen StrID="13058" StrName="Schwalbenweg" StrPLZ="30966" OrtID="13" Merkmal="1" Planquadrat="N&#xD;"/>
  <Strassen StrID="13059" StrName="Heinrichsring" StrPLZ="30855" OrtID="27" Merkmal="1" Planquadrat="N&#xD;"/>
  <Strassen StrID="13060" StrName="Nindorf" StrPLZ="29303" OrtID="100" Merkmal="1" Planquadrat="N&#xD;"/>
  <Strassen StrID="13061" StrName="15 Hameau des Meuniers" StrPLZ="F-78240" OrtID="1275" Merkmal="1" Planquadrat="N"/>
  <Strassen StrID="13062" StrName="Fasanenweg" StrPLZ="30916" OrtID="21" Merkmal="1" Planquadrat="N&#xD;"/>
  <Strassen StrID="13063" StrName="Westpreußenstraße" StrPLZ="31275" OrtID="4" Merkmal="1" Planquadrat="N&#xD;"/>
  <Strassen StrID="13064" StrName="c / Juan RejÃ³n" StrPLZ="E-35008" OrtID="1072" Merkmal="1" Planquadrat="N"/>
  <Strassen StrID="13065" StrName="Questwiese" StrPLZ="30916" OrtID="21" Merkmal="1" Planquadrat="N&#xD;"/>
  <Strassen StrID="13066" StrName="Am Mühlenturm" StrPLZ="46519" OrtID="1073" Merkmal="1" Planquadrat="N&#xD;"/>
  <Strassen StrID="13067" StrName="Vennstraße" StrPLZ="40627" OrtID="127" Merkmal="1" Planquadrat="N&#xD;"/>
  <Strassen StrID="13068" StrName="Bramhoff" StrPLZ="48369" OrtID="1074" Merkmal="1" Planquadrat="N&#xD;"/>
  <Strassen StrID="13069" StrName="Gottlieb-Daimler-Straße" StrPLZ="31552" OrtID="263" Merkmal="1" Planquadrat="N&#xD;"/>
  <Strassen StrID="13070" StrName="Lutterweg" StrPLZ="31535" OrtID="22" Merkmal="1" Planquadrat="N&#xD;"/>
  <Strassen StrID="13071" StrName="Dr.-Heinrich-Jasper-Straße" StrPLZ="38350" OrtID="176" Merkmal="1" Planquadrat="N&#xD;"/>
  <Strassen StrID="13072" StrName="An der Fähre" StrPLZ="65933" OrtID="41" Merkmal="1" Planquadrat="N&#xD;"/>
  <Strassen StrID="13073" StrName="Stadtweg" StrPLZ="30966" OrtID="13" Merkmal="1" Planquadrat="N&#xD;"/>
  <Strassen StrID="13075" StrName="Rostocker Straße" StrPLZ="31832" OrtID="278" Merkmal="1" Planquadrat="N&#xD;"/>
  <Strassen StrID="13076" StrName="Höfestraße" StrPLZ="30880" OrtID="200" Merkmal="1" Planquadrat="N&#xD;"/>
  <Strassen StrID="13078" StrName="Straße des Friedens" StrPLZ="99706" OrtID="1077" Merkmal="1" Planquadrat="N&#xD;"/>
  <Strassen StrID="13079" StrName="Fuhrbleek" StrPLZ="30916" OrtID="21" Merkmal="1" Planquadrat="N&#xD;"/>
  <Strassen StrID="13080" StrName="Milanweg" StrPLZ="30916" OrtID="21" Merkmal="1" Planquadrat="N&#xD;"/>
  <Strassen StrID="13081" StrName="Ringstraße" StrPLZ="31275" OrtID="4" Merkmal="1" Planquadrat="N&#xD;"/>
  <Strassen StrID="13082" StrName="Mellendorfer Straße" StrPLZ="30938" OrtID="40" Merkmal="1" Planquadrat="N&#xD;"/>
  <Strassen StrID="13083" StrName="Arndtstraße" StrPLZ="49078" OrtID="249" Merkmal="1" Planquadrat="N"/>
  <Strassen StrID="13084" StrName="Kasseler Straße" StrPLZ="37269" OrtID="412" Merkmal="1" Planquadrat="N&#xD;"/>
  <Strassen StrID="13085" StrName="Oppelner Weg" StrPLZ="31515" OrtID="319" Merkmal="1" Planquadrat="N&#xD;"/>
  <Strassen StrID="13086" StrName="Goetheplatz" StrPLZ="60311" OrtID="41" Merkmal="1" Planquadrat="N&#xD;"/>
  <Strassen StrID="13087" StrName="Im Steinkamp" StrPLZ="31226" OrtID="7" Merkmal="1" Planquadrat="N&#xD;"/>
  <Strassen StrID="13088" StrName="Wilhelm-Busch-Weg" StrPLZ="71549" OrtID="1078" Merkmal="1" Planquadrat="N&#xD;"/>
  <Strassen StrID="13089" StrName="Fröbelstraße" StrPLZ="38226" OrtID="10" Merkmal="1" Planquadrat="N&#xD;"/>
  <Strassen StrID="13090" StrName="Hechtstraße" StrPLZ="86199" OrtID="355" Merkmal="1" Planquadrat="N&#xD;"/>
  <Strassen StrID="13091" StrName="Johann-Sebastian-Bach-Straße" StrPLZ="14624" OrtID="1079" Merkmal="1" Planquadrat="N&#xD;"/>
  <Strassen StrID="13092" StrName="Sunderweg" StrPLZ="58300" OrtID="308" Merkmal="1" Planquadrat="N&#xD;"/>
  <Strassen StrID="13093" StrName="Steinweg" StrPLZ="31319" OrtID="276" Merkmal="1" Planquadrat="N&#xD;"/>
  <Strassen StrID="13095" StrName="Eichenallee" StrPLZ="16548" OrtID="1081" Merkmal="1" Planquadrat="N&#xD;"/>
  <Strassen StrID="13096" StrName="Grenzstraße" StrPLZ="31303" OrtID="20" Merkmal="1" Planquadrat="N&#xD;"/>
  <Strassen StrID="13097" StrName="Ohlegasse" StrPLZ="27243" OrtID="1082" Merkmal="1" Planquadrat="N&#xD;"/>
  <Strassen StrID="13098" StrName="Lessingstraße" StrPLZ="30826" OrtID="149" Merkmal="1" Planquadrat="N&#xD;"/>
  <Strassen StrID="13099" StrName="Lendorfstraße" StrPLZ="30974" OrtID="307" Merkmal="1" Planquadrat="N&#xD;"/>
  <Strassen StrID="13100" StrName="Roggenkamp" StrPLZ="31226" OrtID="7" Merkmal="1" Planquadrat="N&#xD;"/>
  <Strassen StrID="13101" StrName="Am Hülsebrink" StrPLZ="31832" OrtID="278" Merkmal="1" Planquadrat="N&#xD;"/>
  <Strassen StrID="13102" StrName="Bordenauer Weg" StrPLZ="31515" OrtID="319" Merkmal="1" Planquadrat="N&#xD;"/>
  <Strassen StrID="13103" StrName="Kreuzfeld" StrPLZ="31157" OrtID="268" Merkmal="1" Planquadrat="N&#xD;"/>
  <Strassen StrID="13104" StrName="Sperberweg" StrPLZ="30853" OrtID="27" Merkmal="1" Planquadrat="N&#xD;"/>
  <Strassen StrID="13105" StrName="Hohe Wende" StrPLZ="23570" OrtID="214" Merkmal="1" Planquadrat="N&#xD;"/>
  <Strassen StrID="13106" StrName="Wielandstraße" StrPLZ="22089" OrtID="39" Merkmal="1" Planquadrat="N&#xD;"/>
  <Strassen StrID="13107" StrName="Böckerriethe" StrPLZ="30827" OrtID="149" Merkmal="1" Planquadrat="N&#xD;"/>
  <Strassen StrID="13108" StrName="Haydnstraße" StrPLZ="31319" OrtID="276" Merkmal="1" Planquadrat="N&#xD;"/>
  <Strassen StrID="13109" StrName="Vor den Gärten" StrPLZ="31275" OrtID="4" Merkmal="1" Planquadrat="N&#xD;"/>
  <Strassen StrID="13110" StrName="Lönsweg" StrPLZ="31855" OrtID="443" Merkmal="1" Planquadrat="N&#xD;"/>
  <Strassen StrID="13111" StrName="Distelberg" StrPLZ="31157" OrtID="268" Merkmal="1" Planquadrat="N&#xD;"/>
  <Strassen StrID="13112" StrName="Willi-Blume-Allee" StrPLZ="30629" OrtID="1" Merkmal="1" Planquadrat="N&#xD;"/>
  <Strassen StrID="13113" StrName="Am Heerwege" StrPLZ="30900" OrtID="25" Merkmal="1" Planquadrat="N&#xD;"/>
  <Strassen StrID="13114" StrName="Im Sacke" StrPLZ="31157" OrtID="268" Merkmal="1" Planquadrat="N&#xD;"/>
  <Strassen StrID="13115" StrName="Dorfstraße" StrPLZ="30982" OrtID="253" Merkmal="1" Planquadrat="N&#xD;"/>
  <Strassen StrID="13116" StrName="Hopfengarten" StrPLZ="38667" OrtID="84" Merkmal="1" Planquadrat="N&#xD;"/>
  <Strassen StrID="13117" StrName="Edenstraße" StrPLZ="60486" OrtID="41" Merkmal="1" Planquadrat="N&#xD;"/>
  <Strassen StrID="13118" StrName="Bruchmühlener Straße" StrPLZ="49328" OrtID="1039" Merkmal="1" Planquadrat="N&#xD;"/>
  <Strassen StrID="13119" StrName="Oswald-Bölcke-Straße" StrPLZ="31515" OrtID="319" Merkmal="1" Planquadrat="N&#xD;"/>
  <Strassen StrID="13120" StrName="Weidendamm" StrPLZ="31303" OrtID="20" Merkmal="1" Planquadrat="N&#xD;"/>
  <Strassen StrID="13121" StrName="Wieselweg" StrPLZ="31303" OrtID="20" Merkmal="1" Planquadrat="N&#xD;"/>
  <Strassen StrID="13122" StrName="Am Mühlbergholz" StrPLZ="38690" OrtID="301" Merkmal="1" Planquadrat="N&#xD;"/>
  <Strassen StrID="13123" StrName="An der Dingstelle" StrPLZ="30916" OrtID="21" Merkmal="1" Planquadrat="N&#xD;"/>
  <Strassen StrID="13124" StrName="Zum Krähenberg" StrPLZ="31634" OrtID="842" Merkmal="1" Planquadrat="N&#xD;"/>
  <Strassen StrID="13125" StrName="Dyckerhoffstraße" StrPLZ="31535" OrtID="22" Merkmal="1" Planquadrat="N&#xD;"/>
  <Strassen StrID="13126" StrName="Albert-Schweitzer-Pfad" StrPLZ="31008" OrtID="135" Merkmal="1" Planquadrat="N&#xD;"/>
  <Strassen StrID="13127" StrName="Bergstraße" StrPLZ="31188" OrtID="820" Merkmal="1" Planquadrat="N&#xD;"/>
  <Strassen StrID="13128" StrName="Lüderser Straße" StrPLZ="31832" OrtID="278" Merkmal="1" Planquadrat="N&#xD;"/>
  <Strassen StrID="13129" StrName="Beethovenstraße" StrPLZ="31180" OrtID="152" Merkmal="1" Planquadrat="N&#xD;"/>
  <Strassen StrID="13130" StrName="Heinrich-Böll-Weg" StrPLZ="30629" OrtID="1" Merkmal="1" Planquadrat="N&#xD;"/>
  <Strassen StrID="13131" StrName="6, Green Park" StrPLZ="HP16 OPZ" OrtID="1083" Merkmal="1" Planquadrat="N&#xD;"/>
  <Strassen StrID="13132" StrName="Langeoogstraße" StrPLZ="31303" OrtID="20" Merkmal="1" Planquadrat="N&#xD;"/>
  <Strassen StrID="13133" StrName="Von-Droste-Huelshoff-Straße" StrPLZ="38446" OrtID="315" Merkmal="1" Planquadrat="N&#xD;"/>
  <Strassen StrID="13134" StrName="An der Wärtering" StrPLZ="31535" OrtID="22" Merkmal="1" Planquadrat="N&#xD;"/>
  <Strassen StrID="13135" StrName="Mozartweg" StrPLZ="31171" OrtID="241" Merkmal="1" Planquadrat="N&#xD;"/>
  <Strassen StrID="13136" StrName="Hauptstraße" StrPLZ="CH-2560" OrtID="1085" Merkmal="1" Planquadrat="N&#xD;"/>
  <Strassen StrID="13138" StrName="Sennegarten" StrPLZ="38667" OrtID="84" Merkmal="1" Planquadrat="N&#xD;"/>
  <Strassen StrID="13139" StrName="Auf dem Damm" StrPLZ="30890" OrtID="2" Merkmal="1" Planquadrat="N&#xD;"/>
  <Strassen StrID="13140" StrName="Friedrich-Nietzsche-Straße" StrPLZ="06628" OrtID="1086" Merkmal="1" Planquadrat="N&#xD;"/>
  <Strassen StrID="13141" StrName="Im Knick" StrPLZ="31319" OrtID="276" Merkmal="1" Planquadrat="N&#xD;"/>
  <Strassen StrID="13142" StrName="Nibelungenstraße" StrPLZ="80639" OrtID="225" Merkmal="1" Planquadrat="N&#xD;"/>
  <Strassen StrID="13143" StrName="27 A Green Street" StrPLZ="HP 157 RA" OrtID="1087" Merkmal="1" Planquadrat="N&#xD;"/>
  <Strassen StrID="13144" StrName="Haselhecke" StrPLZ="30900" OrtID="25" Merkmal="1" Planquadrat="N&#xD;"/>
  <Strassen StrID="13145" StrName="Ãœber den Beeken" StrPLZ="30952" OrtID="3" Merkmal="1" Planquadrat="N&#xD;"/>
  <Strassen StrID="13146" StrName="Drei Steine" StrPLZ="31542" OrtID="91" Merkmal="1" Planquadrat="N"/>
  <Strassen StrID="13147" StrName="Hauptstraße" StrPLZ="31061" OrtID="74" Merkmal="1" Planquadrat="N&#xD;"/>
  <Strassen StrID="13148" StrName="Charlottenhöhe" StrPLZ="38124" OrtID="8" Merkmal="1" Planquadrat="N&#xD;"/>
  <Strassen StrID="13149" StrName="Ziegeleiweg" StrPLZ="30989" OrtID="5" Merkmal="1" Planquadrat="N&#xD;"/>
  <Strassen StrID="13150" StrName="Falkenweg" StrPLZ="14476" OrtID="1088" Merkmal="1" Planquadrat="N&#xD;"/>
  <Strassen StrID="13151" StrName="Liethweg" StrPLZ="30880" OrtID="200" Merkmal="1" Planquadrat="N&#xD;"/>
  <Strassen StrID="13152" StrName="Thorner Weg" StrPLZ="38448" OrtID="315" Merkmal="1" Planquadrat="N&#xD;"/>
  <Strassen StrID="13153" StrName="Windthorststraße" StrPLZ="29227" OrtID="115" Merkmal="1" Planquadrat="N&#xD;"/>
  <Strassen StrID="13154" StrName="Schumannstraße" StrPLZ="31275" OrtID="4" Merkmal="1" Planquadrat="N&#xD;"/>
  <Strassen StrID="13155" StrName="Am Wasserturm" StrPLZ="31303" OrtID="20" Merkmal="1" Planquadrat="N&#xD;"/>
  <Strassen StrID="13156" StrName="Lise-Meitner-Straße" StrPLZ="31515" OrtID="319" Merkmal="1" Planquadrat="N&#xD;"/>
  <Strassen StrID="13157" StrName="Günne" StrPLZ="38228" OrtID="10" Merkmal="1" Planquadrat="N&#xD;"/>
  <Strassen StrID="13158" StrName="Leharweg" StrPLZ="31275" OrtID="4" Merkmal="1" Planquadrat="N&#xD;"/>
  <Strassen StrID="13159" StrName="Wettenbostel" StrPLZ="29565" OrtID="318" Merkmal="1" Planquadrat="N&#xD;"/>
  <Strassen StrID="13160" StrName="Katenser Weg" StrPLZ="31311" OrtID="294" Merkmal="1" Planquadrat="N&#xD;"/>
  <Strassen StrID="13161" StrName="Neuer Weg" StrPLZ="31603" OrtID="1089" Merkmal="1" Planquadrat="N&#xD;"/>
  <Strassen StrID="13162" StrName="Straßbergerstraße" StrPLZ="80809" OrtID="225" Merkmal="1" Planquadrat="N"/>
  <Strassen StrID="13163" StrName="Große Bleiche" StrPLZ="31515" OrtID="319" Merkmal="1" Planquadrat="N&#xD;"/>
  <Strassen StrID="13164" StrName="An der Hahnenburg" StrPLZ="30559" OrtID="1" Merkmal="1" Planquadrat="N&#xD;"/>
  <Strassen StrID="13165" StrName="An den Vier Linden" StrPLZ="31139" OrtID="9" Merkmal="1" Planquadrat="N&#xD;"/>
  <Strassen StrID="13166" StrName="Auf den Ã„ckern" StrPLZ="30966" OrtID="13" Merkmal="1" Planquadrat="N&#xD;"/>
  <Strassen StrID="13167" StrName="Eichengrund" StrPLZ="30855" OrtID="27" Merkmal="1" Planquadrat="N&#xD;"/>
  <Strassen StrID="13168" StrName="Hornweg" StrPLZ="29342" OrtID="310" Merkmal="1" Planquadrat="N&#xD;"/>
  <Strassen StrID="13169" StrName="Weidenbuschweg" StrPLZ="34132" OrtID="11" Merkmal="1" Planquadrat="N"/>
  <Strassen StrID="13170" StrName="Dr.-Leo-Ritter-Straße" StrPLZ="93049" OrtID="257" Merkmal="1" Planquadrat="N&#xD;"/>
  <Strassen StrID="13171" StrName="Im Dorfe" StrPLZ="30826" OrtID="149" Merkmal="1" Planquadrat="N&#xD;"/>
  <Strassen StrID="13172" StrName="Falkenweg" StrPLZ="34266" OrtID="1090" Merkmal="1" Planquadrat="N&#xD;"/>
  <Strassen StrID="13173" StrName="Gertrudenstraße" StrPLZ="31785" OrtID="19" Merkmal="1" Planquadrat="N"/>
  <Strassen StrID="13174" StrName="Fritz-Bell-Straße" StrPLZ="61239" OrtID="1091" Merkmal="1" Planquadrat="N&#xD;"/>
  <Strassen StrID="13175" StrName="Ostwall" StrPLZ="31832" OrtID="278" Merkmal="1" Planquadrat="N&#xD;"/>
  <Strassen StrID="13176" StrName="Im Schilf" StrPLZ="26133" OrtID="248" Merkmal="1" Planquadrat="N"/>
  <Strassen StrID="13177" StrName="Im Spitzen Ort" StrPLZ="30823" OrtID="149" Merkmal="1" Planquadrat="N&#xD;"/>
  <Strassen StrID="13178" StrName="Wietze Aue" StrPLZ="30900" OrtID="25" Merkmal="1" Planquadrat="N&#xD;"/>
  <Strassen StrID="13179" StrName="Scherenbosteler Straße" StrPLZ="30900" OrtID="25" Merkmal="1" Planquadrat="N&#xD;"/>
  <Strassen StrID="13180" StrName="An der Kirche" StrPLZ="31558" OrtID="358" Merkmal="1" Planquadrat="N&#xD;"/>
  <Strassen StrID="13181" StrName="Perlengraben" StrPLZ="50676" OrtID="17" Merkmal="1" Planquadrat="N&#xD;"/>
  <Strassen StrID="13182" StrName="Eschenallee" StrPLZ="50933" OrtID="17" Merkmal="1" Planquadrat="N&#xD;"/>
  <Strassen StrID="13183" StrName="Schwedenschanze" StrPLZ="34369" OrtID="1092" Merkmal="1" Planquadrat="N&#xD;"/>
  <Strassen StrID="13184" StrName="Kurt-Schumacher-Straße" StrPLZ="40764" OrtID="1093" Merkmal="1" Planquadrat="N&#xD;"/>
  <Strassen StrID="13185" StrName="Am Wall" StrPLZ="49716" OrtID="415" Merkmal="1" Planquadrat="N&#xD;"/>
  <Strassen StrID="13186" StrName="Nolteweg" StrPLZ="31275" OrtID="4" Merkmal="1" Planquadrat="N&#xD;"/>
  <Strassen StrID="13187" StrName="Vinnenweg" StrPLZ="28355" OrtID="109" Merkmal="1" Planquadrat="N&#xD;"/>
  <Strassen StrID="13188" StrName="Ringstraße" StrPLZ="31555" OrtID="499" Merkmal="1" Planquadrat="N&#xD;"/>
  <Strassen StrID="13189" StrName="Ostpreußenstraße" StrPLZ="31390" OrtID="9" Merkmal="1" Planquadrat="N&#xD;"/>
  <Strassen StrID="13190" StrName="Birkenweg" StrPLZ="29323" OrtID="311" Merkmal="1" Planquadrat="N&#xD;"/>
  <Strassen StrID="13191" StrName="Maschfeld" StrPLZ="31319" OrtID="276" Merkmal="1" Planquadrat="N&#xD;"/>
  <Strassen StrID="13192" StrName="Wiesenweg" StrPLZ="30926" OrtID="6" Merkmal="1" Planquadrat="N&#xD;"/>
  <Strassen StrID="13193" StrName="Nelly-Sachs-Hof" StrPLZ="30926" OrtID="6" Merkmal="1" Planquadrat="N&#xD;"/>
  <Strassen StrID="13194" StrName="Drebberfuhrenweg" StrPLZ="29690" OrtID="610" Merkmal="1" Planquadrat="N&#xD;"/>
  <Strassen StrID="13195" StrName="Austraße" StrPLZ="53179" OrtID="26" Merkmal="1" Planquadrat="N"/>
  <Strassen StrID="13196" StrName="Am Markt" StrPLZ="30900" OrtID="25" Merkmal="1" Planquadrat="N&#xD;"/>
  <Strassen StrID="13197" StrName="Waldstraße" StrPLZ="23812" OrtID="475" Merkmal="1" Planquadrat="N&#xD;"/>
  <Strassen StrID="13198" StrName="Ã–velgönne" StrPLZ="22605" OrtID="39" Merkmal="1" Planquadrat="N&#xD;"/>
  <Strassen StrID="13199" StrName="Harzblick" StrPLZ="38690" OrtID="301" Merkmal="1" Planquadrat="N&#xD;"/>
  <Strassen StrID="13200" StrName="Ovelgönner Weg" StrPLZ="21682" OrtID="281" Merkmal="1" Planquadrat="N&#xD;"/>
  <Strassen StrID="13201" StrName="Türkiskamp" StrPLZ="30916" OrtID="21" Merkmal="1" Planquadrat="N&#xD;"/>
  <Strassen StrID="13202" StrName="Merkurweg" StrPLZ="32427" OrtID="512" Merkmal="1" Planquadrat="N&#xD;"/>
  <Strassen StrID="13203" StrName="Kleiner Heideweg" StrPLZ="31618" OrtID="1094" Merkmal="1" Planquadrat="N&#xD;"/>
  <Strassen StrID="13204" StrName="Kapitän-Dallmann-Straße" StrPLZ="28779" OrtID="109" Merkmal="1" Planquadrat="N&#xD;"/>
  <Strassen StrID="13205" StrName="Kluß" StrPLZ="31867" OrtID="24" Merkmal="1" Planquadrat="N"/>
  <Strassen StrID="13206" StrName="Deisterweg" StrPLZ="31542" OrtID="91" Merkmal="1" Planquadrat="N"/>
  <Strassen StrID="13207" StrName="Wupperstraße" StrPLZ="26382" OrtID="312" Merkmal="1" Planquadrat="N"/>
  <Strassen StrID="13209" StrName="Neue Straße" StrPLZ="27389" OrtID="1096" Merkmal="1" Planquadrat="N&#xD;"/>
  <Strassen StrID="13210" StrName="Engelbosteler Straße" StrPLZ="30827" OrtID="149" Merkmal="1" Planquadrat="N&#xD;"/>
  <Strassen StrID="13211" StrName="Alte Arnsdorfer Straße" StrPLZ="01477" OrtID="1097" Merkmal="1" Planquadrat="N&#xD;"/>
  <Strassen StrID="13212" StrName="Zeppelinstraße" StrPLZ="38106" OrtID="8" Merkmal="1" Planquadrat="N&#xD;"/>
  <Strassen StrID="13213" StrName="Meisenweg" StrPLZ="31224" OrtID="7" Merkmal="1" Planquadrat="N&#xD;"/>
  <Strassen StrID="13214" StrName="Am Hagen" StrPLZ="37181" OrtID="950" Merkmal="1" Planquadrat="N&#xD;"/>
  <Strassen StrID="13215" StrName="Banchory-Devenick" StrPLZ="AB-125XL" OrtID="1098" Merkmal="1" Planquadrat="N"/>
  <Strassen StrID="13216" StrName="Graugansweg" StrPLZ="30916" OrtID="21" Merkmal="1" Planquadrat="N&#xD;"/>
  <Strassen StrID="13217" StrName="Dreeblöcken" StrPLZ="23570" OrtID="214" Merkmal="1" Planquadrat="N&#xD;"/>
  <Strassen StrID="13218" StrName="Dessselser Straße" StrPLZ="30880" OrtID="200" Merkmal="1" Planquadrat="N&#xD;"/>
  <Strassen StrID="13219" StrName="Rhedener Straße" StrPLZ="31303" OrtID="20" Merkmal="1" Planquadrat="N&#xD;"/>
  <Strassen StrID="13220" StrName="Desselser Straße" StrPLZ="30880" OrtID="200" Merkmal="1" Planquadrat="N&#xD;"/>
  <Strassen StrID="13221" StrName="Spreewaldstrasse" StrPLZ="31275" OrtID="4" Merkmal="1" Planquadrat="N&#xD;"/>
  <Strassen StrID="13222" StrName="Am Amtgarten" StrPLZ="30982" OrtID="253" Merkmal="1" Planquadrat="N&#xD;"/>
  <Strassen StrID="13223" StrName="Am Amtsgarten" StrPLZ="30982" OrtID="253" Merkmal="1" Planquadrat="N&#xD;"/>
  <Strassen StrID="13224" StrName="Im kleinen Hoppe" StrPLZ="31234" OrtID="128" Merkmal="1" Planquadrat="N&#xD;"/>
  <Strassen StrID="13225" StrName="Uhlenflucht" StrPLZ="27283" OrtID="299" Merkmal="1" Planquadrat="N"/>
  <Strassen StrID="13226" StrName="Boxbergweg" StrPLZ="30853" OrtID="27" Merkmal="1" Planquadrat="N&#xD;"/>
  <Strassen StrID="13227" StrName="Im Stadtfeld" StrPLZ="38304" OrtID="314" Merkmal="1" Planquadrat="N&#xD;"/>
  <Strassen StrID="13228" StrName="Am Büchel" StrPLZ="53173" OrtID="26" Merkmal="1" Planquadrat="N"/>
  <Strassen StrID="13229" StrName="Finkenweg" StrPLZ="64832" OrtID="1099" Merkmal="1" Planquadrat="N&#xD;"/>
  <Strassen StrID="13230" StrName="Drostei" StrPLZ="30982" OrtID="253" Merkmal="1" Planquadrat="N&#xD;"/>
  <Strassen StrID="13231" StrName="Heerstraße" StrPLZ="52156" OrtID="1100" Merkmal="1" Planquadrat="N&#xD;"/>
  <Strassen StrID="13232" StrName="Leyserstraße" StrPLZ="31515" OrtID="319" Merkmal="1" Planquadrat="N&#xD;"/>
  <Strassen StrID="13233" StrName="Erich-Kästner-Straße" StrPLZ="49525" OrtID="909" Merkmal="1" Planquadrat="N&#xD;"/>
  <Strassen StrID="13234" StrName="Gertigstraße" StrPLZ="22303" OrtID="39" Merkmal="1" Planquadrat="N&#xD;"/>
  <Strassen StrID="13235" StrName="Eichenweg" StrPLZ="31600" OrtID="1101" Merkmal="1" Planquadrat="N&#xD;"/>
  <Strassen StrID="13236" StrName="Lütticher Straße" StrPLZ="52074" OrtID="72" Merkmal="1" Planquadrat="N&#xD;"/>
  <Strassen StrID="13237" StrName="Hubertusweg" StrPLZ="31608" OrtID="456" Merkmal="1" Planquadrat="N&#xD;"/>
  <Strassen StrID="13238" StrName="Mohnweg" StrPLZ="30855" OrtID="27" Merkmal="1" Planquadrat="N&#xD;"/>
  <Strassen StrID="13239" StrName="Dammstraße" StrPLZ="48153" OrtID="45" Merkmal="1" Planquadrat="N&#xD;"/>
  <Strassen StrID="13240" StrName="Osterkamp" StrPLZ="29223" OrtID="115" Merkmal="1" Planquadrat="N&#xD;"/>
  <Strassen StrID="13241" StrName="Bornwiesen" StrPLZ="31535" OrtID="22" Merkmal="1" Planquadrat="N&#xD;"/>
  <Strassen StrID="13242" StrName="Wittenburger Straße" StrPLZ="31008" OrtID="135" Merkmal="1" Planquadrat="N&#xD;"/>
  <Strassen StrID="13243" StrName="Heidberg" StrPLZ="22301" OrtID="39" Merkmal="1" Planquadrat="N&#xD;"/>
  <Strassen StrID="13244" StrName="Eichenkämpe" StrPLZ="31535" OrtID="22" Merkmal="1" Planquadrat="N&#xD;"/>
  <Strassen StrID="13245" StrName="Am Nassen Berg" StrPLZ="31303" OrtID="20" Merkmal="1" Planquadrat="N&#xD;"/>
  <Strassen StrID="13246" StrName="An der Krumbeeke" StrPLZ="30890" OrtID="2" Merkmal="1" Planquadrat="N&#xD;"/>
  <Strassen StrID="13247" StrName="Bahnhofstraße" StrPLZ="38259" OrtID="10" Merkmal="1" Planquadrat="N&#xD;"/>
  <Strassen StrID="13248" StrName="Voßhöhlen" StrPLZ="29356" OrtID="625" Merkmal="1" Planquadrat="N&#xD;"/>
  <Strassen StrID="13249" StrName="Stettiner Straße" StrPLZ="31275" OrtID="4" Merkmal="1" Planquadrat="N&#xD;"/>
  <Strassen StrID="13250" StrName="Vogteigarten" StrPLZ="28870" OrtID="1102" Merkmal="1" Planquadrat="N&#xD;"/>
  <Strassen StrID="13251" StrName="Alte Lindenstraße" StrPLZ="31535" OrtID="22" Merkmal="1" Planquadrat="N&#xD;"/>
  <Strassen StrID="13252" StrName="Die Rehre" StrPLZ="31515" OrtID="319" Merkmal="1" Planquadrat="N&#xD;"/>
  <Strassen StrID="13253" StrName="Richtrather Straße" StrPLZ="40764" OrtID="1093" Merkmal="1" Planquadrat="N&#xD;"/>
  <Strassen StrID="13254" StrName="Hauptstraße" StrPLZ="38271" OrtID="1103" Merkmal="1" Planquadrat="N&#xD;"/>
  <Strassen StrID="13256" StrName="Am Anger" StrPLZ="82392" OrtID="1104" Merkmal="1" Planquadrat="N&#xD;"/>
  <Strassen StrID="13257" StrName="Ostedter Weg" StrPLZ="29594" OrtID="1105" Merkmal="1" Planquadrat="N&#xD;"/>
  <Strassen StrID="13258" StrName="Königsteiner Straße" StrPLZ="65812" OrtID="46" Merkmal="1" Planquadrat="N&#xD;"/>
  <Strassen StrID="13259" StrName="Thiestraße" StrPLZ="30880" OrtID="200" Merkmal="1" Planquadrat="N&#xD;"/>
  <Strassen StrID="13260" StrName="Uhlenberg" StrPLZ="31633" OrtID="1106" Merkmal="1" Planquadrat="N&#xD;"/>
  <Strassen StrID="13261" StrName="Göxerstraße" StrPLZ="30989" OrtID="5" Merkmal="1" Planquadrat="N&#xD;"/>
  <Strassen StrID="13262" StrName="Münchener Straße" StrPLZ="86633" OrtID="1107" Merkmal="1" Planquadrat="N&#xD;"/>
  <Strassen StrID="13263" StrName="Am Haselbusch" StrPLZ="30855" OrtID="27" Merkmal="1" Planquadrat="N&#xD;"/>
  <Strassen StrID="13264" StrName="Kalandstraße" StrPLZ="38118" OrtID="8" Merkmal="1" Planquadrat="N&#xD;"/>
  <Strassen StrID="13265" StrName="Theta" StrPLZ="95463" OrtID="1108" Merkmal="1" Planquadrat="N&#xD;"/>
  <Strassen StrID="13266" StrName="Weinberg" StrPLZ="30974" OrtID="307" Merkmal="1" Planquadrat="N&#xD;"/>
  <Strassen StrID="13267" StrName="Lattweg" StrPLZ="49377" OrtID="1054" Merkmal="1" Planquadrat="N&#xD;"/>
  <Strassen StrID="13268" StrName="Thedinghauser Strasse" StrPLZ="38116" OrtID="8" Merkmal="1" Planquadrat="N&#xD;"/>
  <Strassen StrID="13269" StrName="Bert-Brecht-Weg" StrPLZ="30890" OrtID="2" Merkmal="1" Planquadrat="N&#xD;"/>
  <Strassen StrID="13270" StrName="Julius-Leber-Straße" StrPLZ="22765" OrtID="39" Merkmal="1" Planquadrat="N&#xD;"/>
  <Strassen StrID="13271" StrName="Danziger Weg" StrPLZ="30880" OrtID="200" Merkmal="1" Planquadrat="N&#xD;"/>
  <Strassen StrID="13272" StrName="Bornbruch" StrPLZ="21521" OrtID="382" Merkmal="1" Planquadrat="N&#xD;"/>
  <Strassen StrID="13273" StrName="Meissnerstraße" StrPLZ="34233" OrtID="148" Merkmal="1" Planquadrat="N&#xD;"/>
  <Strassen StrID="13274" StrName="Gelldorferweg" StrPLZ="31683" OrtID="246" Merkmal="1" Planquadrat="N&#xD;"/>
  <Strassen StrID="13275" StrName="Postfach" StrPLZ="30009" OrtID="1" Merkmal="1" Planquadrat="N&#xD;"/>
  <Strassen StrID="13276" StrName="Bahnhofstraße" StrPLZ="37115" OrtID="608" Merkmal="1" Planquadrat="N&#xD;"/>
  <Strassen StrID="13277" StrName="Bleichenstraße" StrPLZ="31515" OrtID="319" Merkmal="1" Planquadrat="N&#xD;"/>
  <Strassen StrID="13278" StrName="Reuterwiese" StrPLZ="30966" OrtID="13" Merkmal="1" Planquadrat="N&#xD;"/>
  <Strassen StrID="13279" StrName="Emsweg" StrPLZ="30851" OrtID="27" Merkmal="1" Planquadrat="N&#xD;"/>
  <Strassen StrID="13280" StrName="Apenser Ring" StrPLZ="31234" OrtID="128" Merkmal="1" Planquadrat="N&#xD;"/>
  <Strassen StrID="13281" StrName="Gropengießer" StrPLZ="30851" OrtID="27" Merkmal="1" Planquadrat="N&#xD;"/>
  <Strassen StrID="13282" StrName="Straßenäcker" StrPLZ="71634" OrtID="777" Merkmal="1" Planquadrat="N&#xD;"/>
  <Strassen StrID="13283" StrName="Heinrich-Wöhler-Straße" StrPLZ="30938" OrtID="40" Merkmal="1" Planquadrat="N&#xD;"/>
  <Strassen StrID="13284" StrName="Im Huxole" StrPLZ="30982" OrtID="253" Merkmal="1" Planquadrat="N&#xD;"/>
  <Strassen StrID="13285" StrName="Wollenweberstraße" StrPLZ="31303" OrtID="20" Merkmal="1" Planquadrat="N&#xD;"/>
  <Strassen StrID="13286" StrName="Hauptstraße" StrPLZ="99947" OrtID="1110" Merkmal="1" Planquadrat="N&#xD;"/>
  <Strassen StrID="13287" StrName="Grasweg" StrPLZ="30890" OrtID="2" Merkmal="1" Planquadrat="N&#xD;"/>
  <Strassen StrID="13288" StrName="Limbergstraße" StrPLZ="31008" OrtID="135" Merkmal="1" Planquadrat="N&#xD;"/>
  <Strassen StrID="13289" StrName="Bei den alten Schießmauern" StrPLZ="79346" OrtID="1111" Merkmal="1" Planquadrat="N&#xD;"/>
  <Strassen StrID="13290" StrName="Büntestraße" StrPLZ="29693" OrtID="1032" Merkmal="1" Planquadrat="N&#xD;"/>
  <Strassen StrID="13292" StrName="Merkurweg" OrtID="3" Merkmal="1" Planquadrat="N&#xD;"/>
  <Strassen StrID="13293" StrName="Merkurweg" StrPLZ="30952" OrtID="3" Merkmal="1" Planquadrat="N&#xD;"/>
  <Strassen StrID="13294" StrName="Krümmelweg" StrPLZ="30900" OrtID="25" Merkmal="1" Planquadrat="N&#xD;"/>
  <Strassen StrID="13295" StrName="Dorfstraße" StrPLZ="24888" OrtID="284" Merkmal="1" Planquadrat="N&#xD;"/>
  <Strassen StrID="13296" StrName="Frank-Kirchhof-Straße" StrPLZ="31180" OrtID="152" Merkmal="1" Planquadrat="N&#xD;"/>
  <Strassen StrID="13297" StrName="Wiesengrundstraße" StrPLZ="90587" OrtID="1113" Merkmal="1" Planquadrat="N&#xD;"/>
  <Strassen StrID="13298" StrName="Papenburgweg" StrPLZ="30989" OrtID="5" Merkmal="1" Planquadrat="N&#xD;"/>
  <Strassen StrID="13299" StrName="Ringstraße" StrPLZ="29364" OrtID="203" Merkmal="1" Planquadrat="N&#xD;"/>
  <Strassen StrID="13300" StrName="Wittekindstraße" StrPLZ="31789" OrtID="19" Merkmal="1" Planquadrat="N"/>
  <Strassen StrID="13301" StrName="Fuchsgarten" StrPLZ="30823" OrtID="149" Merkmal="1" Planquadrat="N&#xD;"/>
  <Strassen StrID="13302" StrName="Eichhornstraße" StrPLZ="97070" OrtID="414" Merkmal="1" Planquadrat="N&#xD;"/>
  <Strassen StrID="13303" StrName="Köllnbrinkweg" StrPLZ="30966" OrtID="13" Merkmal="1" Planquadrat="N&#xD;"/>
  <Strassen StrID="13304" StrName="Fuhrenkamp" StrPLZ="29664" OrtID="304" Merkmal="1" Planquadrat="N"/>
  <Strassen StrID="13305" StrName="Kahlenberg" StrPLZ="30916" OrtID="21" Merkmal="1" Planquadrat="N&#xD;"/>
  <Strassen StrID="13306" StrName="Am Sande" StrPLZ="38528" OrtID="1114" Merkmal="1" Planquadrat="N&#xD;"/>
  <Strassen StrID="13307" StrName="Im Dorffelde" StrPLZ="30926" OrtID="6" Merkmal="1" Planquadrat="N&#xD;"/>
  <Strassen StrID="13308" StrName="Hinterstraße" StrPLZ="31319" OrtID="276" Merkmal="1" Planquadrat="N&#xD;"/>
  <Strassen StrID="13309" StrName="Kapellenstraße" StrPLZ="39288" OrtID="1115" Merkmal="1" Planquadrat="N&#xD;"/>
  <Strassen StrID="13310" StrName="Akazienweg" StrPLZ="30890" OrtID="2" Merkmal="1" Planquadrat="N&#xD;"/>
  <Strassen StrID="13311" StrName="Neukircher Mühle" StrPLZ="45239" OrtID="42" Merkmal="1" Planquadrat="N"/>
  <Strassen StrID="13312" StrName="Walter-Ballhause-Straße" StrPLZ="30451" OrtID="1" Merkmal="1" Planquadrat="N&#xD;"/>
  <Strassen StrID="13313" StrName="Bruchholzweg" StrPLZ="30938" OrtID="40" Merkmal="1" Planquadrat="N&#xD;"/>
  <Strassen StrID="13314" StrName="Liliencronstraße" StrPLZ="47057" OrtID="660" Merkmal="1" Planquadrat="N&#xD;"/>
  <Strassen StrID="13315" StrName="Rayener Straße" StrPLZ="47506" OrtID="1116" Merkmal="1" Planquadrat="N&#xD;"/>
  <Strassen StrID="13316" StrName="Karsten-Balder-Stieg" StrPLZ="38640" OrtID="157" Merkmal="1" Planquadrat="N&#xD;"/>
  <Strassen StrID="13317" StrName="Luchsweg" StrPLZ="31303" OrtID="20" Merkmal="1" Planquadrat="N&#xD;"/>
  <Strassen StrID="13318" StrName="Schildweg" StrPLZ="31139" OrtID="9" Merkmal="1" Planquadrat="N&#xD;"/>
  <Strassen StrID="13319" StrName="Henriettenstraße" StrPLZ="20259" OrtID="39" Merkmal="1" Planquadrat="N&#xD;"/>
  <Strassen StrID="13320" StrName="Nenndorfer Landstraße" StrPLZ="30952" OrtID="3" Merkmal="1" Planquadrat="N&#xD;"/>
  <Strassen StrID="13321" StrName="Boulevard der EU" StrPLZ="30539" OrtID="1" Merkmal="1" Planquadrat="N&#xD;"/>
  <Strassen StrID="13322" StrName="Walburger Straße" StrPLZ="34253" OrtID="1117" Merkmal="1" Planquadrat="N"/>
  <Strassen StrID="13323" StrName="Lärchenstraße" StrPLZ="25492" OrtID="1118" Merkmal="1" Planquadrat="N&#xD;"/>
  <Strassen StrID="13324" StrName="Brunckhorstweg" StrPLZ="22525" OrtID="39" Merkmal="1" Planquadrat="N&#xD;"/>
  <Strassen StrID="13325" StrName="Albrecht-Thaer-Straße" StrPLZ="29664" OrtID="304" Merkmal="1" Planquadrat="N"/>
  <Strassen StrID="13326" StrName="Kleine Bergstraße" StrPLZ="30989" OrtID="5" Merkmal="1" Planquadrat="N&#xD;"/>
  <Strassen StrID="13327" StrName="Ackerrain" StrPLZ="30989" OrtID="5" Merkmal="1" Planquadrat="N&#xD;"/>
  <Strassen StrID="13328" StrName="Gemeindeweg" StrPLZ="38304" OrtID="314" Merkmal="1" Planquadrat="N&#xD;"/>
  <Strassen StrID="13329" StrName="Hainbuchenweg" StrPLZ="31139" OrtID="9" Merkmal="1" Planquadrat="N&#xD;"/>
  <Strassen StrID="13330" StrName="Sperberweg" StrPLZ="30916" OrtID="21" Merkmal="1" Planquadrat="N&#xD;"/>
  <Strassen StrID="13331" StrName="Haydnweg" StrPLZ="31552" OrtID="263" Merkmal="1" Planquadrat="N&#xD;"/>
  <Strassen StrID="13332" StrName="Laatzen" StrPLZ="31855" OrtID="443" Merkmal="1" Planquadrat="N&#xD;"/>
  <Strassen StrID="13333" StrName="Tengstraße" StrPLZ="80798" OrtID="225" Merkmal="1" Planquadrat="N"/>
  <Strassen StrID="13334" StrName="Herrenstraße" StrPLZ="37444" OrtID="715" Merkmal="1" Planquadrat="N&#xD;"/>
  <Strassen StrID="13335" StrName="Tannhof" StrPLZ="29690" OrtID="273" Merkmal="1" Planquadrat="N&#xD;"/>
  <Strassen StrID="13336" StrName="Hauptstraße" StrPLZ="30890" OrtID="2" Merkmal="1" Planquadrat="N&#xD;"/>
  <Strassen StrID="13337" StrName="Ratswinkel" StrPLZ="31319" OrtID="276" Merkmal="1" Planquadrat="N&#xD;"/>
  <Strassen StrID="13338" StrName="Kolkende" StrPLZ="31275" OrtID="4" Merkmal="1" Planquadrat="N&#xD;"/>
  <Strassen StrID="13339" StrName="Eimbeckhäuser Straße" StrPLZ="31848" OrtID="89" Merkmal="1" Planquadrat="N&#xD;"/>
  <Strassen StrID="13340" StrName="Am Hasengrund" StrPLZ="37581" OrtID="83" Merkmal="1" Planquadrat="N&#xD;"/>
  <Strassen StrID="13341" StrName="Krämerstraße" StrPLZ="25524" OrtID="1119" Merkmal="1" Planquadrat="N&#xD;"/>
  <Strassen StrID="13342" StrName="Nordstraße" StrPLZ="29308" OrtID="375" Merkmal="1" Planquadrat="N&#xD;"/>
  <Strassen StrID="13343" StrName="Tiefes Moor" StrPLZ="30823" OrtID="149" Merkmal="1" Planquadrat="N&#xD;"/>
  <Strassen StrID="13344" StrName="Breslauer Straße" StrPLZ="29342" OrtID="310" Merkmal="1" Planquadrat="N&#xD;"/>
  <Strassen StrID="13345" StrName="Denecken Heide" StrPLZ="30900" OrtID="25" Merkmal="1" Planquadrat="N&#xD;"/>
  <Strassen StrID="13346" StrName="Finkenweg" StrPLZ="30855" OrtID="27" Merkmal="1" Planquadrat="N&#xD;"/>
  <Strassen StrID="13347" StrName="An der Wölpe" StrPLZ="27336" OrtID="1120" Merkmal="1" Planquadrat="N&#xD;"/>
  <Strassen StrID="13348" StrName="Südbeeke" StrPLZ="31180" OrtID="152" Merkmal="1" Planquadrat="N&#xD;"/>
  <Strassen StrID="13349" StrName="Sonnenweg" StrPLZ="30926" OrtID="6" Merkmal="1" Planquadrat="N&#xD;"/>
  <Strassen StrID="13350" StrName="Siegener Straße" StrPLZ="65936" OrtID="41" Merkmal="1" Planquadrat="N&#xD;"/>
  <Strassen StrID="13351" StrName="Heiseder Straße" StrPLZ="31157" OrtID="268" Merkmal="1" Planquadrat="N&#xD;"/>
  <Strassen StrID="13352" StrName="Im Ohr" StrPLZ="31559" OrtID="1121" Merkmal="1" Planquadrat="N&#xD;"/>
  <Strassen StrID="13353" StrName="Kieslingstraße" StrPLZ="90491" OrtID="243" Merkmal="1" Planquadrat="N&#xD;"/>
  <Strassen StrID="13354" StrName="Tannhorstfeld" StrPLZ="29229" OrtID="115" Merkmal="1" Planquadrat="N&#xD;"/>
  <Strassen StrID="13356" StrName="Igelweg" StrPLZ="40885" OrtID="353" Merkmal="1" Planquadrat="N&#xD;"/>
  <Strassen StrID="13357" StrName="Northfield" StrPLZ="48843" OrtID="1123" Merkmal="1" Planquadrat="N"/>
  <Strassen StrID="13358" StrName="Pinneberger Weg" StrPLZ="20257" OrtID="39" Merkmal="1" Planquadrat="N&#xD;"/>
  <Strassen StrID="13359" StrName="Campestraße" StrPLZ="38302" OrtID="314" Merkmal="1" Planquadrat="N&#xD;"/>
  <Strassen StrID="13360" StrName="Honandstieg" StrPLZ="22559" OrtID="39" Merkmal="1" Planquadrat="N&#xD;"/>
  <Strassen StrID="13361" StrName="Teodosij-Sinaitshi" StrPLZ="MK-1000" OrtID="1124" Merkmal="1" Planquadrat="N"/>
  <Strassen StrID="13362" StrName="Reinhardsweg" StrPLZ="31558" OrtID="358" Merkmal="1" Planquadrat="N&#xD;"/>
  <Strassen StrID="13363" StrName="Ehlbeek" StrPLZ="30938" OrtID="40" Merkmal="1" Planquadrat="N&#xD;"/>
  <Strassen StrID="13364" StrName="Lindenstraße" StrPLZ="49191" OrtID="1125" Merkmal="1" Planquadrat="N&#xD;"/>
  <Strassen StrID="13365" StrName="Hagenstraße" StrPLZ="31275" OrtID="4" Merkmal="1" Planquadrat="N&#xD;"/>
  <Strassen StrID="13366" StrName="Peter-Rosegger-Straße" StrPLZ="30916" OrtID="21" Merkmal="1" Planquadrat="N&#xD;"/>
  <Strassen StrID="13367" StrName="Melitta-Bentz-Straße" StrPLZ="31157" OrtID="268" Merkmal="1" Planquadrat="N&#xD;"/>
  <Strassen StrID="13369" StrName="Haferkamp" StrPLZ="31171" OrtID="241" Merkmal="1" Planquadrat="N&#xD;"/>
  <Strassen StrID="13370" StrName="Feldstraße" StrPLZ="31319" OrtID="276" Merkmal="1" Planquadrat="N&#xD;"/>
  <Strassen StrID="13371" StrName="Lehmkuhlen" StrPLZ="29399" OrtID="1126" Merkmal="1" Planquadrat="N&#xD;"/>
  <Strassen StrID="13372" StrName="Stadtweg" StrPLZ="30926" OrtID="6" Merkmal="1" Planquadrat="N&#xD;"/>
  <Strassen StrID="13373" StrName="Schildhof" StrPLZ="30853" OrtID="27" Merkmal="1" Planquadrat="N&#xD;"/>
  <Strassen StrID="13374" StrName="Rosenstraße" StrPLZ="73733" OrtID="1127" Merkmal="1" Planquadrat="N&#xD;"/>
  <Strassen StrID="13375" StrName="Daimlerstraße" StrPLZ="06449" OrtID="1128" Merkmal="1" Planquadrat="N&#xD;"/>
  <Strassen StrID="13376" StrName="Roonstraße" StrPLZ="31141" OrtID="9" Merkmal="1" Planquadrat="N&#xD;"/>
  <Strassen StrID="13377" StrName="2. Koppelweg" StrPLZ="38518" OrtID="155" Merkmal="1" Planquadrat="N&#xD;"/>
  <Strassen StrID="13378" StrName="Weißer Kamp" StrPLZ="30966" OrtID="13" Merkmal="1" Planquadrat="N&#xD;"/>
  <Strassen StrID="13379" StrName="Falterweg" StrPLZ="30826" OrtID="149" Merkmal="1" Planquadrat="N&#xD;"/>
  <Strassen StrID="13380" StrName="Schillmühlenkamp" StrPLZ="49429" OrtID="1129" Merkmal="1" Planquadrat="N&#xD;"/>
  <Strassen StrID="13381" StrName="Hubertusstraße" StrPLZ="38259" OrtID="10" Merkmal="1" Planquadrat="N&#xD;"/>
  <Strassen StrID="13382" StrName="Am Damme" StrPLZ="30826" OrtID="149" Merkmal="1" Planquadrat="N&#xD;"/>
  <Strassen StrID="13383" StrName="Spandauer Straße" StrPLZ="30982" OrtID="253" Merkmal="1" Planquadrat="N&#xD;"/>
  <Strassen StrID="13384" StrName="Westerfeldweg" StrPLZ="30926" OrtID="6" Merkmal="1" Planquadrat="N&#xD;"/>
  <Strassen StrID="13385" StrName="Braunsberger Straße" StrPLZ="31275" OrtID="4" Merkmal="1" Planquadrat="N&#xD;"/>
  <Strassen StrID="13386" StrName="Kalkstraße" StrPLZ="58256" OrtID="905" Merkmal="1" Planquadrat="N&#xD;"/>
  <Strassen StrID="13387" StrName="Lange Straße" StrPLZ="34346" OrtID="863" Merkmal="1" Planquadrat="N&#xD;"/>
  <Strassen StrID="13388" StrName="Gundeldinger Straße" StrPLZ="CH-04053" OrtID="1130" Merkmal="1" Planquadrat="N&#xD;"/>
  <Strassen StrID="13389" StrName="Leineblick" StrPLZ="30926" OrtID="6" Merkmal="1" Planquadrat="N&#xD;"/>
  <Strassen StrID="13390" StrName="Johnsallee" StrPLZ="20148" OrtID="39" Merkmal="1" Planquadrat="N&#xD;"/>
  <Strassen StrID="13391" StrName="Am Bahndamm" StrPLZ="39307" OrtID="1131" Merkmal="1" Planquadrat="N&#xD;"/>
  <Strassen StrID="13392" StrName="Dieselweg" StrPLZ="30926" OrtID="6" Merkmal="1" Planquadrat="N&#xD;"/>
  <Strassen StrID="13393" StrName="Thielallee" StrPLZ="14195" OrtID="18" Merkmal="1" Planquadrat="N&#xD;"/>
  <Strassen StrID="13394" StrName="Vivaldistraße" StrPLZ="30989" OrtID="5" Merkmal="1" Planquadrat="N&#xD;"/>
  <Strassen StrID="13395" StrName="Sömmerringstraße" StrPLZ="55118" OrtID="566" Merkmal="1" Planquadrat="N&#xD;"/>
  <Strassen StrID="13396" StrName="Goldener Winkel" StrPLZ="30989" OrtID="5" Merkmal="1" Planquadrat="N&#xD;"/>
  <Strassen StrID="13397" StrName="Wilhelmstraße" StrPLZ="31515" OrtID="319" Merkmal="1" Planquadrat="N&#xD;"/>
  <Strassen StrID="13398" StrName="Vogtlandstraße" StrPLZ="71111" OrtID="1132" Merkmal="1" Planquadrat="N&#xD;"/>
  <Strassen StrID="13399" StrName="Händelstraße" StrPLZ="31180" OrtID="152" Merkmal="1" Planquadrat="N&#xD;"/>
  <Strassen StrID="13400" StrName="Rodenkamp" StrPLZ="31234" OrtID="128" Merkmal="1" Planquadrat="N&#xD;"/>
  <Strassen StrID="13401" StrName="Am Scheibenstand" StrPLZ="31224" OrtID="7" Merkmal="1" Planquadrat="N&#xD;"/>
  <Strassen StrID="13402" StrName="Wegenerstraße" StrPLZ="30926" OrtID="6" Merkmal="1" Planquadrat="N&#xD;"/>
  <Strassen StrID="13403" StrName="Waldweg" StrPLZ="28832" OrtID="575" Merkmal="1" Planquadrat="N&#xD;"/>
  <Strassen StrID="13404" StrName="Zu den Hegebergen" StrPLZ="30900" OrtID="25" Merkmal="1" Planquadrat="N&#xD;"/>
  <Strassen StrID="13405" StrName="Pastor-Badenhop-Weg" StrPLZ="30938" OrtID="40" Merkmal="1" Planquadrat="N&#xD;"/>
  <Strassen StrID="13406" StrName="Goetemitz" StrPLZ="18573" OrtID="1133" Merkmal="1" Planquadrat="N&#xD;"/>
  <Strassen StrID="13407" StrName="Mussehlstraße" StrPLZ="12101" OrtID="18" Merkmal="1" Planquadrat="N&#xD;"/>
  <Strassen StrID="13408" StrName="Mühlenweg" StrPLZ="31535" OrtID="22" Merkmal="1" Planquadrat="N&#xD;"/>
  <Strassen StrID="13409" StrName="Rosenweg" StrPLZ="31688" OrtID="468" Merkmal="1" Planquadrat="N&#xD;"/>
  <Strassen StrID="13410" StrName="Friedrich-Ebert-Straße" StrPLZ="30880" OrtID="200" Merkmal="1" Planquadrat="N&#xD;"/>
  <Strassen StrID="13411" StrName="Alte Straße" StrPLZ="30989" OrtID="5" Merkmal="1" Planquadrat="N&#xD;"/>
  <Strassen StrID="13412" StrName="An der Hude" StrPLZ="31812" OrtID="94" Merkmal="1" Planquadrat="N&#xD;"/>
  <Strassen StrID="13413" StrName="Liegnitzer Straße" StrPLZ="31157" OrtID="268" Merkmal="1" Planquadrat="N&#xD;"/>
  <Strassen StrID="13414" StrName="Bergstraße" StrPLZ="27308" OrtID="1134" Merkmal="1" Planquadrat="N&#xD;"/>
  <Strassen StrID="13415" StrName="Ringstraße" StrPLZ="29364" OrtID="115" Merkmal="1" Planquadrat="N&#xD;"/>
  <Strassen StrID="13416" StrName="Irisweg" StrPLZ="30916" OrtID="21" Merkmal="1" Planquadrat="N&#xD;"/>
  <Strassen StrID="13417" StrName="Ankerstraße" StrPLZ="31840" OrtID="37" Merkmal="1" Planquadrat="N&#xD;"/>
  <Strassen StrID="13418" StrName="Wittbräuker Straße" StrPLZ="44269" OrtID="125" Merkmal="1" Planquadrat="N"/>
  <Strassen StrID="13419" StrName="Am Schützenplatz" StrPLZ="30890" OrtID="2" Merkmal="1" Planquadrat="N&#xD;"/>
  <Strassen StrID="13420" StrName="Am Katzberge" StrPLZ="31139" OrtID="9" Merkmal="1" Planquadrat="N&#xD;"/>
  <Strassen StrID="13421" StrName="Suhlenstraße" StrPLZ="30890" OrtID="2" Merkmal="1" Planquadrat="N&#xD;"/>
  <Strassen StrID="13422" StrName="Donaustraße" StrPLZ="28199" OrtID="109" Merkmal="1" Planquadrat="N&#xD;"/>
  <Strassen StrID="13423" StrName="Goethestraße" StrPLZ="31135" OrtID="9" Merkmal="1" Planquadrat="N&#xD;"/>
  <Strassen StrID="13424" StrName="Ahornweg" StrPLZ="58089" OrtID="612" Merkmal="1" Planquadrat="N&#xD;"/>
  <Strassen StrID="13425" StrName="Grabenstraße" StrPLZ="37603" OrtID="577" Merkmal="1" Planquadrat="N&#xD;"/>
  <Strassen StrID="13426" StrName="Am Weingarten" StrPLZ="30974" OrtID="307" Merkmal="1" Planquadrat="N&#xD;"/>
  <Strassen StrID="13427" StrName="Großenheidorner Straße" StrPLZ="31515" OrtID="319" Merkmal="1" Planquadrat="N&#xD;"/>
  <Strassen StrID="13428" StrName="Gutenbergstraße" StrPLZ="30916" OrtID="21" Merkmal="1" Planquadrat="N&#xD;"/>
  <Strassen StrID="13429" StrName="Rodgaustraße" StrPLZ="63128" OrtID="1040" Merkmal="1" Planquadrat="N&#xD;"/>
  <Strassen StrID="13430" StrName="Clos.-Joseph-Hanse" StrPLZ="B-1170" OrtID="1135" Merkmal="1" Planquadrat="N"/>
  <Strassen StrID="13431" StrName="Am Weingarten" StrPLZ="30952" OrtID="3" Merkmal="1" Planquadrat="N&#xD;"/>
  <Strassen StrID="13432" StrName="Am Wehrberg" StrPLZ="30926" OrtID="6" Merkmal="1" Planquadrat="N&#xD;"/>
  <Strassen StrID="13433" StrName="Hartliebweg" StrPLZ="30853" OrtID="27" Merkmal="1" Planquadrat="N&#xD;"/>
  <Strassen StrID="13434" StrName="Zum Stadion" StrPLZ="40764" OrtID="1093" Merkmal="1" Planquadrat="N&#xD;"/>
  <Strassen StrID="13435" StrName="Schillerstraße" StrPLZ="18055" OrtID="1136" Merkmal="1" Planquadrat="N&#xD;"/>
  <Strassen StrID="13436" StrName="Wasgaustraße" StrPLZ="76870" OrtID="1137" Merkmal="1" Planquadrat="N&#xD;"/>
  <Strassen StrID="13437" StrName="Marktstraße" StrPLZ="31832" OrtID="278" Merkmal="1" Planquadrat="N&#xD;"/>
  <Strassen StrID="13438" StrName="Hirtenstraße" StrPLZ="30952" OrtID="3" Merkmal="1" Planquadrat="N&#xD;"/>
  <Strassen StrID="13439" StrName="Weferlingser Weg" StrPLZ="31303" OrtID="20" Merkmal="1" Planquadrat="N&#xD;"/>
  <Strassen StrID="13440" StrName="Braunschweiger Straße" StrPLZ="38159" OrtID="486" Merkmal="1" Planquadrat="N"/>
  <Strassen StrID="13441" StrName="Holunderweg" StrPLZ="29223" OrtID="115" Merkmal="1" Planquadrat="N&#xD;"/>
  <Strassen StrID="13442" StrName="Triftstraße" StrPLZ="31089" OrtID="1138" Merkmal="1" Planquadrat="N"/>
  <Strassen StrID="13443" StrName="20 Coventry Woods Dr." StrPLZ="28704" OrtID="1139" Merkmal="1" Planquadrat="N"/>
  <Strassen StrID="13444" StrName="Raakamp" StrPLZ="29345" OrtID="297" Merkmal="1" Planquadrat="N&#xD;"/>
  <Strassen StrID="13445" StrName="Hans-Thoma-Straße" StrPLZ="28209" OrtID="109" Merkmal="1" Planquadrat="N&#xD;"/>
  <Strassen StrID="13446" StrName="Rautenbreite" StrPLZ="39116" OrtID="216" Merkmal="1" Planquadrat="N"/>
  <Strassen StrID="13447" StrName="Weinbergweg" StrPLZ="66119" OrtID="1140" Merkmal="1" Planquadrat="N&#xD;"/>
  <Strassen StrID="13448" StrName="Feldbuschwende" StrPLZ="30539" OrtID="1" Merkmal="1" Planquadrat="N&#xD;"/>
  <Strassen StrID="13449" StrName="Otto-Hahn-Straße" StrPLZ="30966" OrtID="13" Merkmal="1" Planquadrat="N&#xD;"/>
  <Strassen StrID="13450" StrName="Im Blenze" StrPLZ="31515" OrtID="319" Merkmal="1" Planquadrat="N&#xD;"/>
  <Strassen StrID="13451" StrName="Herkulesstraße" StrPLZ="34119" OrtID="11" Merkmal="1" Planquadrat="N"/>
  <Strassen StrID="13452" StrName="Niengraben" StrPLZ="31515" OrtID="319" Merkmal="1" Planquadrat="N&#xD;"/>
  <Strassen StrID="13453" StrName="Brüderstraße" StrPLZ="26121" OrtID="248" Merkmal="1" Planquadrat="N"/>
  <Strassen StrID="13454" StrName="Delmweg" StrPLZ="30880" OrtID="200" Merkmal="1" Planquadrat="N&#xD;"/>
  <Strassen StrID="13455" StrName="Dohlenweg" StrPLZ="31303" OrtID="20" Merkmal="1" Planquadrat="N&#xD;"/>
  <Strassen StrID="13456" StrName="Gartenstraße" StrPLZ="30938" OrtID="40" Merkmal="1" Planquadrat="N&#xD;"/>
  <Strassen StrID="13457" StrName="Forstweg" StrPLZ="31812" OrtID="94" Merkmal="1" Planquadrat="N&#xD;"/>
  <Strassen StrID="13458" StrName="Wiesenstraße" StrPLZ="30938" OrtID="40" Merkmal="1" Planquadrat="N&#xD;"/>
  <Strassen StrID="13459" StrName="Güldenbuschweg" StrPLZ="31319" OrtID="276" Merkmal="1" Planquadrat="N&#xD;"/>
  <Strassen StrID="13460" StrName="Schenkenstraße" StrPLZ="31134" OrtID="9" Merkmal="1" Planquadrat="N&#xD;"/>
  <Strassen StrID="13461" StrName="Hindenburgstraße" StrPLZ="31515" OrtID="319" Merkmal="1" Planquadrat="N&#xD;"/>
  <Strassen StrID="13462" StrName="Poststraße" StrPLZ="38518" OrtID="155" Merkmal="1" Planquadrat="N&#xD;"/>
  <Strassen StrID="13463" StrName="Stoppelweide" StrPLZ="27283" OrtID="299" Merkmal="1" Planquadrat="N"/>
  <Strassen StrID="13464" StrName="Ostlandplatz" StrPLZ="30982" OrtID="253" Merkmal="1" Planquadrat="N&#xD;"/>
  <Strassen StrID="13465" StrName="Josephsburgstraße" StrPLZ="81673" OrtID="225" Merkmal="1" Planquadrat="N"/>
  <Strassen StrID="13466" StrName="Große Gartenstraße" StrPLZ="27356" OrtID="536" Merkmal="1" Planquadrat="N&#xD;"/>
  <Strassen StrID="13467" StrName="Eickendorfer Straße" StrPLZ="39435" OrtID="1141" Merkmal="1" Planquadrat="N&#xD;"/>
  <Strassen StrID="13468" StrName="Am Drostenhof" StrPLZ="33824" OrtID="1142" Merkmal="1" Planquadrat="N&#xD;"/>
  <Strassen StrID="13469" StrName="Otto-Hahn-Weg" StrPLZ="38302" OrtID="314" Merkmal="1" Planquadrat="N&#xD;"/>
  <Strassen StrID="13470" StrName="Hetendorf" StrPLZ="29320" OrtID="1143" Merkmal="1" Planquadrat="N"/>
  <Strassen StrID="13471" StrName="ImTannhörnle" StrPLZ="78052" OrtID="1144" Merkmal="1" Planquadrat="N&#xD;"/>
  <Strassen StrID="13472" StrName="Am Windmühlenberg" StrPLZ="15711" OrtID="1145" Merkmal="1" Planquadrat="N&#xD;"/>
  <Strassen StrID="13473" StrName="Otto-Brenner-Straße" StrPLZ="82008" OrtID="858" Merkmal="1" Planquadrat="N&#xD;"/>
  <Strassen StrID="13474" StrName="Im Etzliberg" StrPLZ="CH-8800" OrtID="1146" Merkmal="1" Planquadrat="N&#xD;"/>
  <Strassen StrID="13475" StrName="Waldweg" StrPLZ="30900" OrtID="25" Merkmal="1" Planquadrat="N&#xD;"/>
  <Strassen StrID="13476" StrName="Am Reitplatz" StrPLZ="30657" OrtID="1" Merkmal="1" Planquadrat="N&#xD;"/>
  <Strassen StrID="13477" StrName="Gerhart-Hauptmann-Straße" StrPLZ="30826" OrtID="149" Merkmal="1" Planquadrat="N&#xD;"/>
  <Strassen StrID="13478" StrName="Suderstraße" StrPLZ="31832" OrtID="278" Merkmal="1" Planquadrat="N&#xD;"/>
  <Strassen StrID="13479" StrName="Auf der Worth" StrPLZ="30989" OrtID="5" Merkmal="1" Planquadrat="N&#xD;"/>
  <Strassen StrID="13480" StrName="Hessischer Damm" StrPLZ="31515" OrtID="319" Merkmal="1" Planquadrat="N&#xD;"/>
  <Strassen StrID="13481" StrName="Steinbrink" StrPLZ="30880" OrtID="200" Merkmal="1" Planquadrat="N&#xD;"/>
  <Strassen StrID="13482" StrName="Kronsberg" StrPLZ="31303" OrtID="20" Merkmal="1" Planquadrat="N&#xD;"/>
  <Strassen StrID="13483" StrName="Kardinal-Wendel-Straße" StrPLZ="81929" OrtID="225" Merkmal="1" Planquadrat="N"/>
  <Strassen StrID="13484" StrName="Schubertstraße" StrPLZ="58840" OrtID="1147" Merkmal="1" Planquadrat="N&#xD;"/>
  <Strassen StrID="13485" StrName="Dreieckstraße" StrPLZ="58097" OrtID="612" Merkmal="1" Planquadrat="N&#xD;"/>
  <Strassen StrID="13486" StrName="Schroerskamp" StrPLZ="32369" OrtID="1148" Merkmal="1" Planquadrat="N&#xD;"/>
  <Strassen StrID="13487" StrName="Wilhelmsstraße" StrPLZ="34117" OrtID="11" Merkmal="1" Planquadrat="N"/>
  <Strassen StrID="13488" StrName="Grabenseestraße" StrPLZ="29221" OrtID="115" Merkmal="1" Planquadrat="N"/>
  <Strassen StrID="13489" StrName="Jahnstraße" StrPLZ="37619" OrtID="105" Merkmal="1" Planquadrat="N&#xD;"/>
  <Strassen StrID="13490" StrName="Am alten Krug" StrPLZ="30900" OrtID="25" Merkmal="1" Planquadrat="N&#xD;"/>
  <Strassen StrID="13491" StrName="Am Wischacker" StrPLZ="30952" OrtID="3" Merkmal="1" Planquadrat="N&#xD;"/>
  <Strassen StrID="13492" StrName="Hansestraße" StrPLZ="51149" OrtID="17" Merkmal="1" Planquadrat="N&#xD;"/>
  <Strassen StrID="13493" StrName="Mecklenburger Straße" StrPLZ="30952" OrtID="3" Merkmal="1" Planquadrat="N&#xD;"/>
  <Strassen StrID="13494" StrName="Scharnhorststraße" StrPLZ="47059" OrtID="660" Merkmal="1" Planquadrat="N&#xD;"/>
  <Strassen StrID="13495" StrName="Osterfeldweg" StrPLZ="30900" OrtID="25" Merkmal="1" Planquadrat="N&#xD;"/>
  <Strassen StrID="13496" StrName="Tosmarblick" StrPLZ="31141" OrtID="9" Merkmal="1" Planquadrat="N&#xD;"/>
  <Strassen StrID="13497" StrName="Asselweg" StrPLZ="30826" OrtID="149" Merkmal="1" Planquadrat="N&#xD;"/>
  <Strassen StrID="13498" StrName="Schuldamm" StrPLZ="30826" OrtID="149" Merkmal="1" Planquadrat="N&#xD;"/>
  <Strassen StrID="13499" StrName="Friesdorfer Straße" StrPLZ="53117" OrtID="26" Merkmal="1" Planquadrat="N"/>
  <Strassen StrID="13500" StrName="Eichenweg" StrPLZ="29693" OrtID="734" Merkmal="1" Planquadrat="N"/>
  <Strassen StrID="13501" StrName="Gehrdener Straße" StrPLZ="30952" OrtID="3" Merkmal="1" Planquadrat="N&#xD;"/>
  <Strassen StrID="13502" StrName="Eiserner Grund" StrPLZ="30890" OrtID="2" Merkmal="1" Planquadrat="N&#xD;"/>
  <Strassen StrID="13503" StrName="Stoppstraße" StrPLZ="30890" OrtID="2" Merkmal="1" Planquadrat="N&#xD;"/>
  <Strassen StrID="13504" StrName="Fallingbosteler Straße" StrPLZ="30900" OrtID="25" Merkmal="1" Planquadrat="N&#xD;"/>
  <Strassen StrID="13505" StrName="Lindenallee" StrPLZ="30974" OrtID="307" Merkmal="1" Planquadrat="N&#xD;"/>
  <Strassen StrID="13506" StrName="Am Hahnweg" StrPLZ="56244" OrtID="1149" Merkmal="1" Planquadrat="N&#xD;"/>
  <Strassen StrID="13507" StrName="Gretlade" StrPLZ="31319" OrtID="276" Merkmal="1" Planquadrat="N&#xD;"/>
  <Strassen StrID="13508" StrName="Brinker Straße" StrPLZ="30855" OrtID="27" Merkmal="1" Planquadrat="N&#xD;"/>
  <Strassen StrID="13509" StrName="Schäfergarten" StrPLZ="38274" OrtID="454" Merkmal="1" Planquadrat="N&#xD;"/>
  <Strassen StrID="13510" StrName="Von-Uslar-Weg" StrPLZ="31319" OrtID="276" Merkmal="1" Planquadrat="N&#xD;"/>
  <Strassen StrID="13511" StrName="Moristeig" StrPLZ="23556" OrtID="214" Merkmal="1" Planquadrat="N&#xD;"/>
  <Strassen StrID="13512" StrName="Robert-Koch-Strasse" StrPLZ="30853" OrtID="1" Merkmal="1" Planquadrat="N&#xD;"/>
  <Strassen StrID="13513" StrName="Ferdinand-Porsche-Straße" StrPLZ="53123" OrtID="26" Merkmal="1" Planquadrat="N"/>
  <Strassen StrID="13514" StrName="Dreikronen" StrPLZ="29664" OrtID="304" Merkmal="1" Planquadrat="N"/>
  <Strassen StrID="13515" StrName="Heilsberger Weg" StrPLZ="30657" OrtID="1" Merkmal="1" Planquadrat="N&#xD;"/>
  <Strassen StrID="13516" StrName="Fliederstraße" StrPLZ="30827" OrtID="149" Merkmal="1" Planquadrat="N&#xD;"/>
  <Strassen StrID="13517" StrName="Rudolf-Meyer-Straße" StrPLZ="31061" OrtID="74" Merkmal="1" Planquadrat="N&#xD;"/>
  <Strassen StrID="13518" StrName="Ohrsche Straße" StrPLZ="31855" OrtID="443" Merkmal="1" Planquadrat="N&#xD;"/>
  <Strassen StrID="13519" StrName="Schwarzer Weg" StrPLZ="31832" OrtID="278" Merkmal="1" Planquadrat="N&#xD;"/>
  <Strassen StrID="13520" StrName="Strandallee" StrPLZ="31515" OrtID="319" Merkmal="1" Planquadrat="N&#xD;"/>
  <Strassen StrID="13521" StrName="Bardowicker Straße" StrPLZ="21335" OrtID="376" Merkmal="1" Planquadrat="N&#xD;"/>
  <Strassen StrID="13522" StrName="Küthestraße" StrPLZ="31863" OrtID="117" Merkmal="1" Planquadrat="N&#xD;"/>
  <Strassen StrID="13523" StrName="Gersteweg" StrPLZ="26506" OrtID="1048" Merkmal="1" Planquadrat="N&#xD;"/>
  <Strassen StrID="13524" StrName="Fontanestraße" StrPLZ="63500" OrtID="1150" Merkmal="1" Planquadrat="N&#xD;"/>
  <Strassen StrID="13525" StrName="Vor dem Holze" StrPLZ="31319" OrtID="276" Merkmal="1" Planquadrat="N&#xD;"/>
  <Strassen StrID="13526" StrName="Schnellerstraße" StrPLZ="12439" OrtID="18" Merkmal="1" Planquadrat="N&#xD;"/>
  <Strassen StrID="13527" StrName="Michael-Kazmierczak-Straße" StrPLZ="04157" OrtID="208" Merkmal="1" Planquadrat="N"/>
  <Strassen StrID="13528" StrName="Lönsstraße" StrPLZ="30892" OrtID="253" Merkmal="1" Planquadrat="N&#xD;"/>
  <Strassen StrID="13529" StrName="Porschestraße" StrPLZ="38440" OrtID="315" Merkmal="1" Planquadrat="N&#xD;"/>
  <Strassen StrID="13530" StrName="Kornweg" StrPLZ="65388" OrtID="1151" Merkmal="1" Planquadrat="N&#xD;"/>
  <Strassen StrID="13531" StrName="Moodweg" StrPLZ="30938" OrtID="40" Merkmal="1" Planquadrat="N&#xD;"/>
  <Strassen StrID="13532" StrName="Gravesser Ring" StrPLZ="31275" OrtID="4" Merkmal="1" Planquadrat="N&#xD;"/>
  <Strassen StrID="13533" StrName="An den Achterhöfen" StrPLZ="12349" OrtID="18" Merkmal="1" Planquadrat="N&#xD;"/>
  <Strassen StrID="13534" StrName="Pestalozzistraße" StrPLZ="30926" OrtID="6" Merkmal="1" Planquadrat="N&#xD;"/>
  <Strassen StrID="13535" StrName="Ottostraße" StrPLZ="28201" OrtID="109" Merkmal="1" Planquadrat="N"/>
  <Strassen StrID="13536" StrName="Willi-Bock-Straße" StrPLZ="30952" OrtID="3" Merkmal="1" Planquadrat="N&#xD;"/>
  <Strassen StrID="13537" StrName="Ã–lgartenstraße" StrPLZ="53773" OrtID="1152" Merkmal="1" Planquadrat="N&#xD;"/>
  <Strassen StrID="13538" StrName="Bissendorfer Straße" StrPLZ="30938" OrtID="40" Merkmal="1" Planquadrat="N&#xD;"/>
  <Strassen StrID="13539" StrName="Lindenweg" StrPLZ="31749" OrtID="81" Merkmal="1" Planquadrat="N&#xD;"/>
  <Strassen StrID="13540" StrName="Georg-Weber-Straße" StrPLZ="31319" OrtID="276" Merkmal="1" Planquadrat="N&#xD;"/>
  <Strassen StrID="13541" StrName="Nitzschkeweg" StrPLZ="30559" OrtID="1" Merkmal="1" Planquadrat="N&#xD;"/>
  <Strassen StrID="13542" StrName="Eibenstraße" StrPLZ="30855" OrtID="27" Merkmal="1" Planquadrat="N&#xD;"/>
  <Strassen StrID="13543" StrName="Auf den Conroden" StrPLZ="28307" OrtID="109" Merkmal="1" Planquadrat="N"/>
  <Strassen StrID="13544" StrName="Auf der Weide" StrPLZ="30974" OrtID="307" Merkmal="1" Planquadrat="N&#xD;"/>
  <Strassen StrID="13545" StrName="Moltkestraße" StrPLZ="30974" OrtID="307" Merkmal="1" Planquadrat="N&#xD;"/>
  <Strassen StrID="13546" StrName="Maxstraße" StrPLZ="31515" OrtID="319" Merkmal="1" Planquadrat="N&#xD;"/>
  <Strassen StrID="13547" StrName="Blumenhäger Straße" StrPLZ="31867" OrtID="24" Merkmal="1" Planquadrat="N"/>
  <Strassen StrID="13548" StrName="Schwedenstraße" StrPLZ="23570" OrtID="1153" Merkmal="1" Planquadrat="N"/>
  <Strassen StrID="13549" StrName="Narzissenstraße" StrPLZ="30853" OrtID="27" Merkmal="1" Planquadrat="N&#xD;"/>
  <Strassen StrID="13551" StrName="Julius-Konegen-Straße" StrPLZ="38114" OrtID="8" Merkmal="1" Planquadrat="N&#xD;"/>
  <Strassen StrID="13552" StrName="Bahrenfelder Straße" StrPLZ="22765" OrtID="39" Merkmal="1" Planquadrat="N&#xD;"/>
  <Strassen StrID="13553" StrName="Steinkahlstraße" StrPLZ="44799" OrtID="104" Merkmal="1" Planquadrat="N&#xD;"/>
  <Strassen StrID="13554" StrName="Im Grübchen" StrPLZ="35745" OrtID="1155" Merkmal="1" Planquadrat="N&#xD;"/>
  <Strassen StrID="13555" StrName="Humboldstraße" StrPLZ="31246" OrtID="784" Merkmal="1" Planquadrat="N&#xD;"/>
  <Strassen StrID="13556" StrName="Brühl" StrPLZ="31134" OrtID="9" Merkmal="1" Planquadrat="N&#xD;"/>
  <Strassen StrID="13557" StrName="Röntgenstraße" StrPLZ="30853" OrtID="27" Merkmal="1" Planquadrat="N&#xD;"/>
  <Strassen StrID="13558" StrName="Humboldtstraße" StrPLZ="15366" OrtID="1156" Merkmal="1" Planquadrat="N&#xD;"/>
  <Strassen StrID="13559" StrName="Sandbergweg" StrPLZ="31275" OrtID="4" Merkmal="1" Planquadrat="N&#xD;"/>
  <Strassen StrID="13560" StrName="Fröbelstraße" StrPLZ="63526" OrtID="1157" Merkmal="1" Planquadrat="N&#xD;"/>
  <Strassen StrID="13561" StrName="Rügener Zeile" StrPLZ="26388" OrtID="312" Merkmal="1" Planquadrat="N"/>
  <Strassen StrID="13562" StrName="Hauptstraße" StrPLZ="38239" OrtID="10" Merkmal="1" Planquadrat="N&#xD;"/>
  <Strassen StrID="13563" StrName="Lohwiese" StrPLZ="30890" OrtID="2" Merkmal="1" Planquadrat="N&#xD;"/>
  <Strassen StrID="13564" StrName="Auf der Tenne" StrPLZ="30890" OrtID="2" Merkmal="1" Planquadrat="N&#xD;"/>
  <Strassen StrID="13565" StrName="Im Dedeckengrund" StrPLZ="30900" OrtID="25" Merkmal="1" Planquadrat="N&#xD;"/>
  <Strassen StrID="13566" StrName="Thomas-Mann-Weg" StrPLZ="30890" OrtID="2" Merkmal="1" Planquadrat="N&#xD;"/>
  <Strassen StrID="13567" StrName="Mozartstraße" StrPLZ="30926" OrtID="6" Merkmal="1" Planquadrat="N&#xD;"/>
  <Strassen StrID="13568" StrName="Lerchengrund" StrPLZ="31319" OrtID="276" Merkmal="1" Planquadrat="N&#xD;"/>
  <Strassen StrID="13569" StrName="Schiratswinkel" StrPLZ="31319" OrtID="276" Merkmal="1" Planquadrat="N&#xD;"/>
  <Strassen StrID="13570" StrName="Lärchenweg" StrPLZ="30826" OrtID="149" Merkmal="1" Planquadrat="N&#xD;"/>
  <Strassen StrID="13571" StrName="Glogauer Straße" StrPLZ="30916" OrtID="21" Merkmal="1" Planquadrat="N&#xD;"/>
  <Strassen StrID="13572" StrName="Südeschfeld" StrPLZ="30900" OrtID="25" Merkmal="1" Planquadrat="N&#xD;"/>
  <Strassen StrID="13573" StrName="Hohewartstraße" StrPLZ="70469" OrtID="287" Merkmal="1" Planquadrat="N"/>
  <Strassen StrID="13574" StrName="Ferdinandstraße" StrPLZ="51063" OrtID="17" Merkmal="1" Planquadrat="N&#xD;"/>
  <Strassen StrID="13575" StrName="Fleithgarten" StrPLZ="31275" OrtID="4" Merkmal="1" Planquadrat="N&#xD;"/>
  <Strassen StrID="13576" StrName="Hinter-Pastors-Hofe" StrPLZ="30916" OrtID="21" Merkmal="1" Planquadrat="N&#xD;"/>
  <Strassen StrID="13577" StrName="An der Buhle" StrPLZ="30938" OrtID="40" Merkmal="1" Planquadrat="N&#xD;"/>
  <Strassen StrID="13578" StrName="Dr.-Meier-Spanier-Straße" StrPLZ="31515" OrtID="319" Merkmal="1" Planquadrat="N&#xD;"/>
  <Strassen StrID="13579" StrName="Allerstraße" StrPLZ="38106" OrtID="8" Merkmal="1" Planquadrat="N&#xD;"/>
  <Strassen StrID="13580" StrName="Schönblick" StrPLZ="49124" OrtID="551" Merkmal="1" Planquadrat="N&#xD;"/>
  <Strassen StrID="13581" StrName="Postfach" StrPLZ="52017" OrtID="72" Merkmal="1" Planquadrat="N&#xD;"/>
  <Strassen StrID="13582" StrName="Danziger Straße" StrPLZ="30900" OrtID="25" Merkmal="1" Planquadrat="N&#xD;"/>
  <Strassen StrID="13583" StrName="Vordorf" StrPLZ="38486" OrtID="1112" Merkmal="1" Planquadrat="N&#xD;"/>
  <Strassen StrID="13584" StrName="Zum Mühlenberg" StrPLZ="30952" OrtID="3" Merkmal="1" Planquadrat="N&#xD;"/>
  <Strassen StrID="13585" StrName="Am Sportheim" StrPLZ="31275" OrtID="4" Merkmal="1" Planquadrat="N&#xD;"/>
  <Strassen StrID="13586" StrName="Farmsches Feld" StrPLZ="31319" OrtID="276" Merkmal="1" Planquadrat="N&#xD;"/>
  <Strassen StrID="13587" StrName="Marbacher Straße" StrPLZ="74321" OrtID="1159" Merkmal="1" Planquadrat="N&#xD;"/>
  <Strassen StrID="13588" StrName="Werderstraße" StrPLZ="20144" OrtID="39" Merkmal="1" Planquadrat="N&#xD;"/>
  <Strassen StrID="13589" StrName="Dr. Alex-Schönberg-Straße" StrPLZ="30880" OrtID="200" Merkmal="1" Planquadrat="N&#xD;"/>
  <Strassen StrID="13590" StrName="Im Distelwinkel" StrPLZ="30926" OrtID="6" Merkmal="1" Planquadrat="N&#xD;"/>
  <Strassen StrID="13591" StrName="Alte Poststraße" StrPLZ="31547" OrtID="30" Merkmal="1" Planquadrat="N&#xD;"/>
  <Strassen StrID="13592" StrName="Worthstrasse" StrPLZ="313003" OrtID="20" Merkmal="1" Planquadrat="N&#xD;"/>
  <Strassen StrID="13593" StrName="Zum Föstersteig" StrPLZ="31737" OrtID="262" Merkmal="1" Planquadrat="N&#xD;"/>
  <Strassen StrID="13594" StrName="Mittelweg" StrPLZ="32427" OrtID="512" Merkmal="1" Planquadrat="N&#xD;"/>
  <Strassen StrID="13595" StrName="Friedrich-Meyer-Straße" StrPLZ="31535" OrtID="22" Merkmal="1" Planquadrat="N&#xD;"/>
  <Strassen StrID="13596" StrName="Friedrich-Müller-Weg" StrPLZ="30966" OrtID="13" Merkmal="1" Planquadrat="N&#xD;"/>
  <Strassen StrID="13597" StrName="Söseweg" StrPLZ="30966" OrtID="13" Merkmal="1" Planquadrat="N&#xD;"/>
  <Strassen StrID="13598" StrName="Hellentalstraße" StrPLZ="37627" OrtID="1160" Merkmal="1" Planquadrat="N&#xD;"/>
  <Strassen StrID="13599" StrName="Salzhemmendorfer Straße" StrPLZ="31020" OrtID="267" Merkmal="1" Planquadrat="N&#xD;"/>
  <Strassen StrID="13600" StrName="Habichtshorst" StrPLZ="31319" OrtID="276" Merkmal="1" Planquadrat="N&#xD;"/>
  <Strassen StrID="13601" StrName="Am Walkenmühlenfeld" StrPLZ="31303" OrtID="20" Merkmal="1" Planquadrat="N&#xD;"/>
  <Strassen StrID="13602" StrName="Resser Straße" StrPLZ="30900" OrtID="25" Merkmal="1" Planquadrat="N&#xD;"/>
  <Strassen StrID="13603" StrName="Mühlenbruchdamm" StrPLZ="30938" OrtID="40" Merkmal="1" Planquadrat="N&#xD;"/>
  <Strassen StrID="13604" StrName="Glockenstraße" StrPLZ="30974" OrtID="307" Merkmal="1" Planquadrat="N&#xD;"/>
  <Strassen StrID="13605" StrName="An der Linde" StrPLZ="30989" OrtID="5" Merkmal="1" Planquadrat="N&#xD;"/>
  <Strassen StrID="13606" StrName="Dürerring" StrPLZ="31275" OrtID="276" Merkmal="1" Planquadrat="N&#xD;"/>
  <Strassen StrID="13607" StrName="An der Trift" StrPLZ="31515" OrtID="319" Merkmal="1" Planquadrat="N&#xD;"/>
  <Strassen StrID="13608" StrName="Heidewisch" StrPLZ="30900" OrtID="25" Merkmal="1" Planquadrat="N&#xD;"/>
  <Strassen StrID="13609" StrName="Vereinigungsstr." StrPLZ="26122" OrtID="248" Merkmal="1" Planquadrat="N"/>
  <Strassen StrID="13610" StrName="Vor der Bleiche" StrPLZ="30900" OrtID="25" Merkmal="1" Planquadrat="N&#xD;"/>
  <Strassen StrID="13611" StrName="Sandfeldstraße" StrPLZ="31535" OrtID="22" Merkmal="1" Planquadrat="N&#xD;"/>
  <Strassen StrID="13612" StrName="Im Papenwinkel" StrPLZ="30982" OrtID="253" Merkmal="1" Planquadrat="N&#xD;"/>
  <Strassen StrID="13613" StrName="Ginsterweg" StrPLZ="31535" OrtID="22" Merkmal="1" Planquadrat="N&#xD;"/>
  <Strassen StrID="13614" StrName="Wagnerstraße" StrPLZ="31535" OrtID="22" Merkmal="1" Planquadrat="N&#xD;"/>
  <Strassen StrID="13615" StrName="Marsstraße" StrPLZ="31275" OrtID="4" Merkmal="1" Planquadrat="N&#xD;"/>
  <Strassen StrID="13616" StrName="Hurstweg" StrPLZ="79114" OrtID="16" Merkmal="1" Planquadrat="N&#xD;"/>
  <Strassen StrID="13617" StrName="Taalforvej" StrPLZ="DK-8250" OrtID="1161" Merkmal="1" Planquadrat="N&#xD;"/>
  <Strassen StrID="13618" StrName="Ilseder Ring" StrPLZ="30880" OrtID="200" Merkmal="1" Planquadrat="N&#xD;"/>
  <Strassen StrID="13619" StrName="Mühlenstraße" StrPLZ="31157" OrtID="268" Merkmal="1" Planquadrat="N&#xD;"/>
  <Strassen StrID="13620" StrName="Silvanerweg" StrPLZ="55234" OrtID="1162" Merkmal="1" Planquadrat="N&#xD;"/>
  <Strassen StrID="13621" StrName="Oderweg" StrPLZ="30966" OrtID="13" Merkmal="1" Planquadrat="N&#xD;"/>
  <Strassen StrID="13622" StrName="Bantorfer Brink" StrPLZ="30890" OrtID="2" Merkmal="1" Planquadrat="N&#xD;"/>
  <Strassen StrID="13623" StrName="Mittelgasse" StrPLZ="54636" OrtID="1163" Merkmal="1" Planquadrat="N&#xD;"/>
  <Strassen StrID="13624" StrName="Brüggemannstraße" StrPLZ="38640" OrtID="157" Merkmal="1" Planquadrat="N&#xD;"/>
  <Strassen StrID="13625" StrName="Chemnitzer Straße" StrPLZ="38226" OrtID="10" Merkmal="1" Planquadrat="N&#xD;"/>
  <Strassen StrID="13626" StrName="Breddert" StrPLZ="40723" OrtID="369" Merkmal="1" Planquadrat="N&#xD;"/>
  <Strassen StrID="13627" StrName="Arkonaplatz" StrPLZ="10435" OrtID="18" Merkmal="1" Planquadrat="N&#xD;"/>
  <Strassen StrID="13628" StrName="Raiffeisenstraße" StrPLZ="30827" OrtID="149" Merkmal="1" Planquadrat="N&#xD;"/>
  <Strassen StrID="13629" StrName="Adolf-Emmelmann-Straße" StrPLZ="30659" OrtID="1" Merkmal="1" Planquadrat="N&#xD;"/>
  <Strassen StrID="13630" StrName="Zu den Schwedenhäusern" StrPLZ="30559" OrtID="1" Merkmal="1" Planquadrat="N&#xD;"/>
  <Strassen StrID="13631" StrName="Rehrweg" StrPLZ="30974" OrtID="307" Merkmal="1" Planquadrat="N&#xD;"/>
  <Strassen StrID="13632" StrName="Grasweg" StrPLZ="31020" OrtID="267" Merkmal="1" Planquadrat="N&#xD;"/>
  <Strassen StrID="13633" StrName="Postfach" StrPLZ="30426" OrtID="1" Merkmal="1" Planquadrat="N&#xD;"/>
  <Strassen StrID="13634" StrName="Alte Brauerei" StrPLZ="33098" OrtID="252" Merkmal="1" Planquadrat="N&#xD;"/>
  <Strassen StrID="13635" StrName="Bürgermeister-Sander-Straße" StrPLZ="31167" OrtID="617" Merkmal="1" Planquadrat="N&#xD;"/>
  <Strassen StrID="13636" StrName="Ahnfeldstraße" StrPLZ="40239" OrtID="127" Merkmal="1" Planquadrat="N"/>
  <Strassen StrID="13637" StrName="Pappelweg" StrPLZ="30938" OrtID="40" Merkmal="1" Planquadrat="N&#xD;"/>
  <Strassen StrID="13638" StrName="In der Poggenkuhle" StrPLZ="28357" OrtID="109" Merkmal="1" Planquadrat="N"/>
  <Strassen StrID="13639" StrName="Haseldorfer Chaussee" StrPLZ="25489" OrtID="1164" Merkmal="1" Planquadrat="N&#xD;"/>
  <Strassen StrID="13640" StrName="Martinistraße" StrPLZ="49080" OrtID="249" Merkmal="1" Planquadrat="N"/>
  <Strassen StrID="13641" StrName="Ricarda-Huch-Weg" StrPLZ="30855" OrtID="27" Merkmal="1" Planquadrat="N&#xD;"/>
  <Strassen StrID="13642" StrName="Sonnenhalde" StrPLZ="86465" OrtID="1165" Merkmal="1" Planquadrat="N&#xD;"/>
  <Strassen StrID="13643" StrName="Bollmannsweg" StrPLZ="26125" OrtID="248" Merkmal="1" Planquadrat="N"/>
  <Strassen StrID="13644" StrName="Fuhrenweg" StrPLZ="31515" OrtID="319" Merkmal="1" Planquadrat="N&#xD;"/>
  <Strassen StrID="13645" StrName="Hegerwisch" StrPLZ="30823" OrtID="149" Merkmal="1" Planquadrat="N&#xD;"/>
  <Strassen StrID="13646" StrName="Vorfeldweg" StrPLZ="38536" OrtID="627" Merkmal="1" Planquadrat="N&#xD;"/>
  <Strassen StrID="13647" StrName="Sonnenweg" StrPLZ="30900" OrtID="25" Merkmal="1" Planquadrat="N&#xD;"/>
  <Strassen StrID="13648" StrName="Steinstraße" StrPLZ="31275" OrtID="4" Merkmal="1" Planquadrat="N&#xD;"/>
  <Strassen StrID="13649" StrName="Deisterkamp" StrPLZ="30974" OrtID="307" Merkmal="1" Planquadrat="N&#xD;"/>
  <Strassen StrID="13650" StrName="In den Heidlandsfuhren" StrPLZ="29690" OrtID="211" Merkmal="1" Planquadrat="N&#xD;"/>
  <Strassen StrID="13651" StrName="Akazienweg" StrPLZ="31275" OrtID="4" Merkmal="1" Planquadrat="N&#xD;"/>
  <Strassen StrID="13652" StrName="Vor den Klippen" StrPLZ="34385" OrtID="1166" Merkmal="1" Planquadrat="N&#xD;"/>
  <Strassen StrID="13653" StrName="Breite Straße" StrPLZ="38100" OrtID="8" Merkmal="1" Planquadrat="N&#xD;"/>
  <Strassen StrID="13654" StrName="Thorstraße" StrPLZ="30880" OrtID="200" Merkmal="1" Planquadrat="N&#xD;"/>
  <Strassen StrID="13655" StrName="Hörsteiner Straße" StrPLZ="63791" OrtID="448" Merkmal="1" Planquadrat="N&#xD;"/>
  <Strassen StrID="13656" StrName="Deisterstraße" StrPLZ="30890" OrtID="2" Merkmal="1" Planquadrat="N&#xD;"/>
  <Strassen StrID="13657" StrName="Albert-Schweitzer-Straße" StrPLZ="38518" OrtID="155" Merkmal="1" Planquadrat="N&#xD;"/>
  <Strassen StrID="13658" StrName="Platz von Montrichard" StrPLZ="65343" OrtID="1167" Merkmal="1" Planquadrat="N"/>
  <Strassen StrID="13659" StrName="Goslarer Straße" StrPLZ="31552" OrtID="263" Merkmal="1" Planquadrat="N&#xD;"/>
  <Strassen StrID="13660" StrName="Hartlahweg" StrPLZ="31195" OrtID="636" Merkmal="1" Planquadrat="N&#xD;"/>
  <Strassen StrID="13661" StrName="Lürmannstraße" StrPLZ="49076" OrtID="249" Merkmal="1" Planquadrat="N"/>
  <Strassen StrID="13662" StrName="Kampstraße" StrPLZ="29331" OrtID="491" Merkmal="1" Planquadrat="N&#xD;"/>
  <Strassen StrID="13663" StrName="Poggenbruchstraße" StrPLZ="27572" OrtID="110" Merkmal="1" Planquadrat="N&#xD;"/>
  <Strassen StrID="13664" StrName="Beethovenstraße" StrPLZ="65189" OrtID="50" Merkmal="1" Planquadrat="N&#xD;"/>
  <Strassen StrID="13665" StrName="Scharhörnweg" StrPLZ="31303" OrtID="20" Merkmal="1" Planquadrat="N&#xD;"/>
  <Strassen StrID="13666" StrName="Zum Waterstaken" StrPLZ="31224" OrtID="7" Merkmal="1" Planquadrat="N"/>
  <Strassen StrID="13667" StrName="Am Kornsturm" StrPLZ="40878" OrtID="353" Merkmal="1" Planquadrat="N&#xD;"/>
  <Strassen StrID="13668" StrName="Zollernstraße" StrPLZ="58636" OrtID="1045" Merkmal="1" Planquadrat="N&#xD;"/>
  <Strassen StrID="13669" StrName="Kanalstraße" StrPLZ="31515" OrtID="319" Merkmal="1" Planquadrat="N&#xD;"/>
  <Strassen StrID="13670" StrName="Wieling" StrPLZ="82340" OrtID="1168" Merkmal="1" Planquadrat="N&#xD;"/>
  <Strassen StrID="13671" StrName="Krebsgasse" StrPLZ="30823" OrtID="149" Merkmal="1" Planquadrat="N&#xD;"/>
  <Strassen StrID="13672" StrName="Heinrich-Streidl-Straße" StrPLZ="85276" OrtID="1169" Merkmal="1" Planquadrat="N&#xD;"/>
  <Strassen StrID="13673" StrName="Wiesenberger Ring" StrPLZ="35440" OrtID="693" Merkmal="1" Planquadrat="N&#xD;"/>
  <Strassen StrID="13674" StrName="Freiherr-vom-Stein-Straße" StrPLZ="37154" OrtID="242" Merkmal="1" Planquadrat="N&#xD;"/>
  <Strassen StrID="13676" StrName="Fliederstraße" StrPLZ="30880" OrtID="200" Merkmal="1" Planquadrat="N&#xD;"/>
  <Strassen StrID="13677" StrName="Glockenberg" StrPLZ="30938" OrtID="40" Merkmal="1" Planquadrat="N&#xD;"/>
  <Strassen StrID="13678" StrName="Deike-Busch-Str." StrPLZ="31157" OrtID="268" Merkmal="1" Planquadrat="N&#xD;"/>
  <Strassen StrID="13680" StrName="Trennemoor" StrPLZ="30916" OrtID="21" Merkmal="1" Planquadrat="N&#xD;"/>
  <Strassen StrID="13681" StrName="Tuculum" StrPLZ="82275" OrtID="1173" Merkmal="1" Planquadrat="N&#xD;"/>
  <Strassen StrID="13682" StrName="Am Weinberg" StrPLZ="37619" OrtID="105" Merkmal="1" Planquadrat="N&#xD;"/>
  <Strassen StrID="13683" StrName="Werner-Höchstädt-Str" StrPLZ="31319" OrtID="276" Merkmal="1" Planquadrat="N&#xD;"/>
  <Strassen StrID="13684" StrName="Gehägestr" StrPLZ="39320" OrtID="1143" Merkmal="1" Planquadrat="N"/>
  <Strassen StrID="13685" StrName="Geißblattweg" StrPLZ="30559" OrtID="1" Merkmal="1" Planquadrat="N&#xD;"/>
  <Strassen StrID="13686" StrName="Haindlstraße" StrPLZ="83700" OrtID="603" Merkmal="1" Planquadrat="N&#xD;"/>
  <Strassen StrID="13687" StrName="Schillerpromenade" StrPLZ="12049" OrtID="18" Merkmal="1" Planquadrat="N&#xD;"/>
  <Strassen StrID="13688" StrName="Am Kreut" StrPLZ="83620" OrtID="1174" Merkmal="1" Planquadrat="N&#xD;"/>
  <Strassen StrID="13689" StrName="Neue-Land-Straße" StrPLZ="30655" OrtID="1" Merkmal="1" Planquadrat="N&#xD;"/>
  <Strassen StrID="13690" StrName="Zum Rießenfelde" StrPLZ="30974" OrtID="307" Merkmal="1" Planquadrat="N&#xD;"/>
  <Strassen StrID="13691" StrName="Am Hammfeld" StrPLZ="30952" OrtID="3" Merkmal="1" Planquadrat="N&#xD;"/>
  <Strassen StrID="13692" StrName="Lönsweg" StrPLZ="31618" OrtID="1094" Merkmal="1" Planquadrat="N&#xD;"/>
  <Strassen StrID="13693" StrName="Neckaranlage" StrPLZ="69412" OrtID="1175" Merkmal="1" Planquadrat="N&#xD;"/>
  <Strassen StrID="13694" StrName="In der Sülte" StrPLZ="31688" OrtID="468" Merkmal="1" Planquadrat="N&#xD;"/>
  <Strassen StrID="13695" StrName="Emmerich-Kalman-Straße" StrPLZ="44319" OrtID="125" Merkmal="1" Planquadrat="N"/>
  <Strassen StrID="13696" StrName="Am Springborn" StrPLZ="30880" OrtID="200" Merkmal="1" Planquadrat="N&#xD;"/>
  <Strassen StrID="13697" StrName="Windmühlenstraße" StrPLZ="31275" OrtID="4" Merkmal="1" Planquadrat="N&#xD;"/>
  <Strassen StrID="13698" StrName="Hermann-Löns-Straße" StrPLZ="30900" OrtID="25" Merkmal="1" Planquadrat="N&#xD;"/>
  <Strassen StrID="13699" StrName="Hartmannstraße" StrPLZ="12207" OrtID="18" Merkmal="1" Planquadrat="N&#xD;"/>
  <Strassen StrID="13701" StrName="Hainholz" StrPLZ="31162" OrtID="95" Merkmal="1" Planquadrat="N&#xD;"/>
  <Strassen StrID="13702" StrName="Martin-Luther-Straße" StrPLZ="30900" OrtID="25" Merkmal="1" Planquadrat="N&#xD;"/>
  <Strassen StrID="13703" StrName="Im Sonneneck" StrPLZ="31303" OrtID="20" Merkmal="1" Planquadrat="N&#xD;"/>
  <Strassen StrID="13704" StrName="Holunderweg" StrPLZ="31515" OrtID="319" Merkmal="1" Planquadrat="N&#xD;"/>
  <Strassen StrID="13705" StrName="Sandbirkenwende" StrPLZ="30519" OrtID="1" Merkmal="1" Planquadrat="N&#xD;"/>
  <Strassen StrID="13706" StrName="Erlengrundstraße" StrPLZ="31542" OrtID="91" Merkmal="1" Planquadrat="N"/>
  <Strassen StrID="13707" StrName="Götschweg" StrPLZ="83026" OrtID="264" Merkmal="1" Planquadrat="N&#xD;"/>
  <Strassen StrID="13708" StrName="Glasstraße" StrPLZ="50823" OrtID="17" Merkmal="1" Planquadrat="N&#xD;"/>
  <Strassen StrID="13709" StrName="Spanische Furt" StrPLZ="22523" OrtID="39" Merkmal="1" Planquadrat="N&#xD;"/>
  <Strassen StrID="13710" StrName="Kirchdorfer Straße" StrPLZ="30890" OrtID="2" Merkmal="1" Planquadrat="N&#xD;"/>
  <Strassen StrID="13711" StrName="Johann-Strauss-Weg" StrPLZ="30900" OrtID="25" Merkmal="1" Planquadrat="N&#xD;"/>
  <Strassen StrID="13712" StrName="Riepenstraße" StrPLZ="30890" OrtID="2" Merkmal="1" Planquadrat="N&#xD;"/>
  <Strassen StrID="13713" StrName="Glück-Auf-Straße" StrPLZ="30974" OrtID="307" Merkmal="1" Planquadrat="N&#xD;"/>
  <Strassen StrID="13714" StrName="Schlüsselblumenweg" StrPLZ="30880" OrtID="200" Merkmal="1" Planquadrat="N&#xD;"/>
  <Strassen StrID="13715" StrName="Suerhoper Koppelweg" StrPLZ="21244" OrtID="111" Merkmal="1" Planquadrat="N&#xD;"/>
  <Strassen StrID="13716" StrName="Pünstorfer Straße" StrPLZ="25524" OrtID="1119" Merkmal="1" Planquadrat="N&#xD;"/>
  <Strassen StrID="13717" StrName="Colonnaden" StrPLZ="20354" OrtID="39" Merkmal="1" Planquadrat="N&#xD;"/>
  <Strassen StrID="13718" StrName="Hochstraße" StrPLZ="31073" OrtID="119" Merkmal="1" Planquadrat="N&#xD;"/>
  <Strassen StrID="13719" StrName="Thomasberg" StrPLZ="37115" OrtID="608" Merkmal="1" Planquadrat="N&#xD;"/>
  <Strassen StrID="13720" StrName="Brüder-Grimm-Straße" StrPLZ="30880" OrtID="200" Merkmal="1" Planquadrat="N&#xD;"/>
  <Strassen StrID="13721" StrName="Wagenzeller Straße" StrPLZ="30855" OrtID="27" Merkmal="1" Planquadrat="N&#xD;"/>
  <Strassen StrID="13722" StrName="Stettiner Weg" StrPLZ="30823" OrtID="149" Merkmal="1" Planquadrat="N&#xD;"/>
  <Strassen StrID="13723" StrName="Nelkenweg" StrPLZ="30952" OrtID="3" Merkmal="1" Planquadrat="N&#xD;"/>
  <Strassen StrID="13724" StrName="Landwehr" StrPLZ="31515" OrtID="22" Merkmal="1" Planquadrat="N&#xD;"/>
  <Strassen StrID="13725" StrName="Resser Straße" StrPLZ="30826" OrtID="149" Merkmal="1" Planquadrat="N&#xD;"/>
  <Strassen StrID="13726" StrName="Große Oker" StrPLZ="38707" OrtID="1177" Merkmal="1" Planquadrat="N&#xD;"/>
  <Strassen StrID="13727" StrName="Rosenstraße" StrPLZ="30890" OrtID="2" Merkmal="1" Planquadrat="N&#xD;"/>
  <Strassen StrID="13728" StrName="Bergheimer Straße" StrPLZ="69115" OrtID="621" Merkmal="1" Planquadrat="N&#xD;"/>
  <Strassen StrID="13729" StrName="Lichtensteinstraße" StrPLZ="89075" OrtID="643" Merkmal="1" Planquadrat="N&#xD;"/>
  <Strassen StrID="13730" StrName="Feldbergstraße" StrPLZ="55118" OrtID="566" Merkmal="1" Planquadrat="N&#xD;"/>
  <Strassen StrID="13731" StrName="Am Stadtpark" StrPLZ="31655" OrtID="32" Merkmal="1" Planquadrat="N&#xD;"/>
  <Strassen StrID="13732" StrName="Hogrefeweg" StrPLZ="30890" OrtID="2" Merkmal="1" Planquadrat="N&#xD;"/>
  <Strassen StrID="13733" StrName="Wernher-von-Braun-Straße" StrPLZ="32429" OrtID="512" Merkmal="1" Planquadrat="N&#xD;"/>
  <Strassen StrID="13734" StrName="Steinweg" StrPLZ="31515" OrtID="22" Merkmal="1" Planquadrat="N&#xD;"/>
  <Strassen StrID="13735" StrName="Eutiner Straße" StrPLZ="23689" OrtID="543" Merkmal="1" Planquadrat="N&#xD;"/>
  <Strassen StrID="13736" StrName="Stubenrauchstraße" StrPLZ="12161" OrtID="18" Merkmal="1" Planquadrat="N&#xD;"/>
  <Strassen StrID="13737" StrName="Beekestraße" StrPLZ="30926" OrtID="6" Merkmal="1" Planquadrat="N&#xD;"/>
  <Strassen StrID="13738" StrName="Sticksfeld" StrPLZ="30539" OrtID="1" Merkmal="1" Planquadrat="N&#xD;"/>
  <Strassen StrID="13739" StrName="Landertweg" StrPLZ="32758" OrtID="121" Merkmal="1" Planquadrat="N&#xD;"/>
  <Strassen StrID="13740" StrName="Hans-Böckler-Straße" StrPLZ="30890" OrtID="2" Merkmal="1" Planquadrat="N&#xD;"/>
  <Strassen StrID="13741" StrName="Am Broichgraben" StrPLZ="40589" OrtID="127" Merkmal="1" Planquadrat="N"/>
  <Strassen StrID="13742" StrName="Chemnitzer Straße" StrPLZ="44139" OrtID="125" Merkmal="1" Planquadrat="N"/>
  <Strassen StrID="13743" StrName="Elisabethenstraße" StrPLZ="70197" OrtID="287" Merkmal="1" Planquadrat="N"/>
  <Strassen StrID="13744" StrName="Elsternstieg" StrPLZ="31303" OrtID="20" Merkmal="1" Planquadrat="N&#xD;"/>
  <Strassen StrID="13745" StrName="Gronaustraße" StrPLZ="65205" OrtID="50" Merkmal="1" Planquadrat="N&#xD;"/>
  <Strassen StrID="13746" StrName="Eichendorffstraße" StrPLZ="31303" OrtID="20" Merkmal="1" Planquadrat="N&#xD;"/>
  <Strassen StrID="13747" StrName="Saarlandstraße" StrPLZ="22303" OrtID="39" Merkmal="1" Planquadrat="N&#xD;"/>
  <Strassen StrID="13748" StrName="Am Kleegarten" StrPLZ="31535" OrtID="22" Merkmal="1" Planquadrat="N&#xD;"/>
  <Strassen StrID="13749" StrName="Ortbruch" StrPLZ="31303" OrtID="20" Merkmal="1" Planquadrat="N&#xD;"/>
  <Strassen StrID="13750" StrName="Hirtenstraße" StrPLZ="30974" OrtID="307" Merkmal="1" Planquadrat="N&#xD;"/>
  <Strassen StrID="13751" StrName="Deisterstraße" StrPLZ="31552" OrtID="263" Merkmal="1" Planquadrat="N&#xD;"/>
  <Strassen StrID="13752" StrName="Im Rohe" StrPLZ="30855" OrtID="27" Merkmal="1" Planquadrat="N&#xD;"/>
  <Strassen StrID="13753" StrName="Streuwiesenweg" StrPLZ="18119" OrtID="1136" Merkmal="1" Planquadrat="N&#xD;"/>
  <Strassen StrID="13754" StrName="Am Gänsefuß" StrPLZ="31535" OrtID="22" Merkmal="1" Planquadrat="N&#xD;"/>
  <Strassen StrID="13755" StrName="Grabenstraße" StrPLZ="32791" OrtID="1180" Merkmal="1" Planquadrat="N&#xD;"/>
  <Strassen StrID="13756" StrName="Lüneburger Damm" StrPLZ="30916" OrtID="21" Merkmal="1" Planquadrat="N&#xD;"/>
  <Strassen StrID="13757" StrName="Lupinenweg" StrPLZ="30826" OrtID="149" Merkmal="1" Planquadrat="N&#xD;"/>
  <Strassen StrID="13758" StrName="Theaterplatz" StrPLZ="37073" OrtID="158" Merkmal="1" Planquadrat="N&#xD;"/>
  <Strassen StrID="13759" StrName="Geheimrat-Ebert-Straße" StrPLZ="38640" OrtID="157" Merkmal="1" Planquadrat="N&#xD;"/>
  <Strassen StrID="13760" StrName="Ilmenaustraße" StrPLZ="38448" OrtID="315" Merkmal="1" Planquadrat="N&#xD;"/>
  <Strassen StrID="13761" StrName="Pohlkamp" StrPLZ="27305" OrtID="1181" Merkmal="1" Planquadrat="N&#xD;"/>
  <Strassen StrID="13762" StrName="Detmolder Straße" StrPLZ="10715" OrtID="18" Merkmal="1" Planquadrat="N&#xD;"/>
  <Strassen StrID="13763" StrName="Saarburger Straße" StrPLZ="65203" OrtID="50" Merkmal="1" Planquadrat="N&#xD;"/>
  <Strassen StrID="13764" StrName="Ulmenweg" StrPLZ="34246" OrtID="1182" Merkmal="1" Planquadrat="N&#xD;"/>
  <Strassen StrID="13765" StrName="Stettiner Straße" StrPLZ="30890" OrtID="2" Merkmal="1" Planquadrat="N&#xD;"/>
  <Strassen StrID="13766" StrName="Am Wellbrunnen" StrPLZ="31157" OrtID="268" Merkmal="1" Planquadrat="N"/>
  <Strassen StrID="13767" StrName="Wehrstraße" StrPLZ="45134" OrtID="42" Merkmal="1" Planquadrat="N"/>
  <Strassen StrID="13768" StrName="Oldesloer Straße" StrPLZ="22457" OrtID="39" Merkmal="1" Planquadrat="N&#xD;"/>
  <Strassen StrID="13769" StrName="Postfach" StrPLZ="30823" OrtID="149" Merkmal="1" Planquadrat="N&#xD;"/>
  <Strassen StrID="13770" StrName="Dietgeser Weg" StrPLZ="36115" OrtID="1183" Merkmal="1" Planquadrat="N&#xD;"/>
  <Strassen StrID="13771" StrName="Meppener Straße" StrPLZ="49078" OrtID="249" Merkmal="1" Planquadrat="N"/>
  <Strassen StrID="13772" StrName="Dorfstraße" StrPLZ="27333" OrtID="1184" Merkmal="1" Planquadrat="N&#xD;"/>
  <Strassen StrID="13773" StrName="An der Alpheide" StrPLZ="31582" OrtID="237" Merkmal="1" Planquadrat="N&#xD;"/>
  <Strassen StrID="13774" StrName="Frouardplatz" StrPLZ="53797" OrtID="1185" Merkmal="1" Planquadrat="N&#xD;"/>
  <Strassen StrID="13775" StrName="Dorfstraße" StrPLZ="29342" OrtID="310" Merkmal="1" Planquadrat="N&#xD;"/>
  <Strassen StrID="13776" StrName="An der Wehrkirche" StrPLZ="30966" OrtID="13" Merkmal="1" Planquadrat="N&#xD;"/>
  <Strassen StrID="13777" StrName="Weetzener Weg" StrPLZ="30880" OrtID="200" Merkmal="1" Planquadrat="N&#xD;"/>
  <Strassen StrID="13778" StrName="Wolfssteig" StrPLZ="38448" OrtID="315" Merkmal="1" Planquadrat="N&#xD;"/>
  <Strassen StrID="13779" StrName="Meitzer Busch" StrPLZ="30900" OrtID="25" Merkmal="1" Planquadrat="N&#xD;"/>
  <Strassen StrID="13780" StrName="Jeinser Weg" StrPLZ="30982" OrtID="253" Merkmal="1" Planquadrat="N&#xD;"/>
  <Strassen StrID="13781" StrName="Alte Dorfstraße" StrPLZ="31275" OrtID="4" Merkmal="1" Planquadrat="N&#xD;"/>
  <Strassen StrID="13782" StrName="Wilhelm-Busch-Straße" StrPLZ="31303" OrtID="20" Merkmal="1" Planquadrat="N&#xD;"/>
  <Strassen StrID="13783" StrName="Esteve Pila 28. Bl 7.0.1" StrPLZ="E-08173" OrtID="1286" Merkmal="1" Planquadrat="N"/>
  <Strassen StrID="13784" StrName="18 Av. des Moriers, Villa" StrPLZ="F-83310" OrtID="1285" Merkmal="1" Planquadrat="N"/>
  <Strassen StrID="13785" StrName="Arnswalder Straße" StrPLZ="31515" OrtID="319" Merkmal="1" Planquadrat="N&#xD;"/>
  <Strassen StrID="13786" StrName="Kreienhoop" StrPLZ="22399" OrtID="39" Merkmal="1" Planquadrat="N&#xD;"/>
  <Strassen StrID="13787" StrName="Waldrebenweg" StrPLZ="30900" OrtID="25" Merkmal="1" Planquadrat="N&#xD;"/>
  <Strassen StrID="13788" StrName="Donnersbergerstraße" StrPLZ="80634" OrtID="225" Merkmal="1" Planquadrat="N"/>
  <Strassen StrID="13789" StrName="Schlesier Straße" StrPLZ="30890" OrtID="2" Merkmal="1" Planquadrat="N&#xD;"/>
  <Strassen StrID="13790" StrName="Schubertstraße" StrPLZ="31618" OrtID="1094" Merkmal="1" Planquadrat="N&#xD;"/>
  <Strassen StrID="13791" StrName="Kösterweg" StrPLZ="30938" OrtID="40" Merkmal="1" Planquadrat="N&#xD;"/>
  <Strassen StrID="13792" StrName="Kastanienweg" StrPLZ="30926" OrtID="6" Merkmal="1" Planquadrat="N&#xD;"/>
  <Strassen StrID="13793" StrName="Wildkamp" StrPLZ="30916" OrtID="21" Merkmal="1" Planquadrat="N&#xD;"/>
  <Strassen StrID="13794" StrName="Paula-Königheim-Straße" StrPLZ="31319" OrtID="276" Merkmal="1" Planquadrat="N&#xD;"/>
  <Strassen StrID="13795" StrName="Deichstrasse" StrPLZ="30823" OrtID="149" Merkmal="1" Planquadrat="N&#xD;"/>
  <Strassen StrID="13796" StrName="Eisenbahnlängsweg" StrPLZ="31275" OrtID="4" Merkmal="1" Planquadrat="N&#xD;"/>
  <Strassen StrID="13797" StrName="geibelstaße" StrPLZ="31303" OrtID="20" Merkmal="1" Planquadrat="N&#xD;"/>
  <Strassen StrID="13798" StrName="Geibelstraße" StrPLZ="31303" OrtID="20" Merkmal="1" Planquadrat="N&#xD;"/>
  <Strassen StrID="13799" StrName="Gottesweg" StrPLZ="50939" OrtID="17" Merkmal="1" Planquadrat="N&#xD;"/>
  <Strassen StrID="13800" StrName="An der Zentrale" StrPLZ="31319" OrtID="276" Merkmal="1" Planquadrat="N&#xD;"/>
  <Strassen StrID="13801" StrName="Schmiedeweg" StrPLZ="25436" OrtID="1189" Merkmal="1" Planquadrat="N&#xD;"/>
  <Strassen StrID="13802" StrName="Grasbrink" StrPLZ="31789" OrtID="19" Merkmal="1" Planquadrat="N"/>
  <Strassen StrID="13803" StrName="Gartenkamp" StrPLZ="45141" OrtID="42" Merkmal="1" Planquadrat="N"/>
  <Strassen StrID="13804" StrName="Schaumburger Weg" StrPLZ="31840" OrtID="37" Merkmal="1" Planquadrat="N&#xD;"/>
  <Strassen StrID="13805" StrName="Gartenstr." StrPLZ="37627" OrtID="282" Merkmal="1" Planquadrat="N&#xD;"/>
  <Strassen StrID="13806" StrName="In der Loh" StrPLZ="49201" OrtID="1067" Merkmal="1" Planquadrat="N&#xD;"/>
  <Strassen StrID="13807" StrName="Brokeloher Kamp" StrPLZ="31547" OrtID="961" Merkmal="1" Planquadrat="N&#xD;"/>
  <Strassen StrID="13808" StrName="Am Brennels" StrPLZ="28865" OrtID="44" Merkmal="1" Planquadrat="N&#xD;"/>
  <Strassen StrID="13809" StrName="Wasserbergsbreite" StrPLZ="37181" OrtID="950" Merkmal="1" Planquadrat="N&#xD;"/>
  <Strassen StrID="13810" StrName="Im Orthhof" StrPLZ="21272" OrtID="1190" Merkmal="1" Planquadrat="N&#xD;"/>
  <Strassen StrID="13811" StrName="Maschtor" StrPLZ="31191" OrtID="76" Merkmal="1" Planquadrat="N&#xD;"/>
  <Strassen StrID="13812" StrName="Düppelstraße" StrPLZ="24105" OrtID="194" Merkmal="1" Planquadrat="N"/>
  <Strassen StrID="13813" StrName="Im Dorffeld" StrPLZ="30952" OrtID="3" Merkmal="1" Planquadrat="N&#xD;"/>
  <Strassen StrID="13814" StrName="Steenewark" StrPLZ="31515" OrtID="319" Merkmal="1" Planquadrat="N&#xD;"/>
  <Strassen StrID="13815" StrName="Marderstraße" StrPLZ="31303" OrtID="20" Merkmal="1" Planquadrat="N&#xD;"/>
  <Strassen StrID="13816" StrName="Eseringerstr." StrPLZ="31303" OrtID="20" Merkmal="1" Planquadrat="N&#xD;"/>
  <Strassen StrID="13817" StrName="Asternstraße" StrPLZ="30989" OrtID="5" Merkmal="1" Planquadrat="N&#xD;"/>
  <Strassen StrID="13818" StrName="Moorbeerenweg" StrPLZ="31228" OrtID="7" Merkmal="1" Planquadrat="N"/>
  <Strassen StrID="13819" StrName="Fasanenweg" StrPLZ="31191" OrtID="76" Merkmal="1" Planquadrat="N&#xD;"/>
  <Strassen StrID="13820" StrName="Hirtenweg" StrPLZ="31832" OrtID="278" Merkmal="1" Planquadrat="N&#xD;"/>
  <Strassen StrID="13821" StrName="Eichhornweg" StrPLZ="30900" OrtID="25" Merkmal="1" Planquadrat="N&#xD;"/>
  <Strassen StrID="13822" StrName="Dr.-August-Behne-Str." StrPLZ="31535" OrtID="22" Merkmal="1" Planquadrat="N&#xD;"/>
  <Strassen StrID="13823" StrName="Kornstraße" StrPLZ="38154" OrtID="496" Merkmal="1" Planquadrat="N&#xD;"/>
  <Strassen StrID="13824" StrName="Gerhart-Hauptmann-Str." StrPLZ="31515" OrtID="319" Merkmal="1" Planquadrat="N&#xD;"/>
  <Strassen StrID="13825" StrName="Leinestraße" StrPLZ="30926" OrtID="6" Merkmal="1" Planquadrat="N&#xD;"/>
  <Strassen StrID="13826" StrName="Falkenhorst" StrPLZ="31303" OrtID="20" Merkmal="1" Planquadrat="N&#xD;"/>
  <Strassen StrID="13827" StrName="Pirolweg" StrPLZ="31515" OrtID="319" Merkmal="1" Planquadrat="N&#xD;"/>
  <Strassen StrID="13828" StrName="Florentine-Eichler-Straße" StrPLZ="51067" OrtID="17" Merkmal="1" Planquadrat="N&#xD;"/>
  <Strassen StrID="13829" StrName="Saltholmsgatan" StrPLZ="S-42676" OrtID="1191" Merkmal="1" Planquadrat="N"/>
  <Strassen StrID="13830" StrName="Zum Kahlberg" StrPLZ="19073" OrtID="1192" Merkmal="1" Planquadrat="N&#xD;"/>
  <Strassen StrID="13831" StrName="Ludwig-Jahn-Straße" StrPLZ="30890" OrtID="2" Merkmal="1" Planquadrat="N&#xD;"/>
  <Strassen StrID="13832" StrName="Am Dorf" StrPLZ="69124" OrtID="621" Merkmal="1" Planquadrat="N&#xD;"/>
  <Strassen StrID="13833" StrName="Froschkönigweg" StrPLZ="30823" OrtID="149" Merkmal="1" Planquadrat="N&#xD;"/>
  <Strassen StrID="13834" StrName="Rellinghauser Straße" StrPLZ="45136" OrtID="42" Merkmal="1" Planquadrat="N"/>
  <Strassen StrID="13835" StrName="Wolfenbütteler Straße" StrPLZ="38102" OrtID="8" Merkmal="1" Planquadrat="N&#xD;"/>
  <Strassen StrID="13836" StrName="Herrenstraße" StrPLZ="A-4020" OrtID="1193" Merkmal="1" Planquadrat="N"/>
  <Strassen StrID="13837" StrName="Yvonne-Georgi-Allee" StrPLZ="30173" OrtID="1" Merkmal="1" Planquadrat="N&#xD;"/>
  <Strassen StrID="13838" StrName="Grevensweg" StrPLZ="20537" OrtID="39" Merkmal="1" Planquadrat="N&#xD;"/>
  <Strassen StrID="13839" StrName="Mellendorfer Straße" StrPLZ="30900" OrtID="25" Merkmal="1" Planquadrat="N&#xD;"/>
  <Strassen StrID="13840" StrName="Uetzer Straße" StrPLZ="31311" OrtID="294" Merkmal="1" Planquadrat="N&#xD;"/>
  <Strassen StrID="13841" StrName="Hamburger Chaussee" StrPLZ="24220" OrtID="1194" Merkmal="1" Planquadrat="N&#xD;"/>
  <Strassen StrID="13842" StrName="Im Grunde" StrPLZ="31632" OrtID="1195" Merkmal="1" Planquadrat="N&#xD;"/>
  <Strassen StrID="13843" StrName="Fasanenstraße" StrPLZ="82008" OrtID="858" Merkmal="1" Planquadrat="N&#xD;"/>
  <Strassen StrID="13844" StrName="Am Sülterberg" StrPLZ="31275" OrtID="4" Merkmal="1" Planquadrat="N&#xD;"/>
  <Strassen StrID="13845" StrName="Geibelstraße" StrPLZ="30823" OrtID="149" Merkmal="1" Planquadrat="N&#xD;"/>
  <Strassen StrID="13846" StrName="Birkenring" StrPLZ="31319" OrtID="276" Merkmal="1" Planquadrat="N&#xD;"/>
  <Strassen StrID="13847" StrName="Neuensteiner Straße" StrPLZ="36286" OrtID="1196" Merkmal="1" Planquadrat="N&#xD;"/>
  <Strassen StrID="13848" StrName="Alte-Berliner-Heer-Straße" StrPLZ="31840" OrtID="37" Merkmal="1" Planquadrat="N&#xD;"/>
  <Strassen StrID="13849" StrName="Albert-Schweitzer-Straße" StrPLZ="25421" OrtID="1197" Merkmal="1" Planquadrat="N&#xD;"/>
  <Strassen StrID="13850" StrName="Irmgardstraße" StrPLZ="40235" OrtID="127" Merkmal="1" Planquadrat="N"/>
  <Strassen StrID="13851" StrName="Ruten" StrPLZ="49838" OrtID="1084" Merkmal="1" Planquadrat="N&#xD;"/>
  <Strassen StrID="13852" StrName="Hagebuttenweg" StrPLZ="38518" OrtID="155" Merkmal="1" Planquadrat="N&#xD;"/>
  <Strassen StrID="13853" StrName="Vielstedter Straße" StrPLZ="27798" OrtID="1198" Merkmal="1" Planquadrat="N&#xD;"/>
  <Strassen StrID="13854" StrName="Flaesheimer Straße" StrPLZ="45721" OrtID="1199" Merkmal="1" Planquadrat="N&#xD;"/>
  <Strassen StrID="13855" StrName="Kaps u." StrPLZ="H-1027" OrtID="1200" Merkmal="1" Planquadrat="N"/>
  <Strassen StrID="13856" StrName="Im Vogelsang" StrPLZ="30989" OrtID="5" Merkmal="1" Planquadrat="N&#xD;"/>
  <Strassen StrID="13857" StrName="Hinter den Höfen" StrPLZ="31249" OrtID="185" Merkmal="1" Planquadrat="N"/>
  <Strassen StrID="13858" StrName="Kameruner Straße" StrPLZ="32791" OrtID="1180" Merkmal="1" Planquadrat="N&#xD;"/>
  <Strassen StrID="13859" StrName="Am Alten Ring" StrPLZ="30900" OrtID="25" Merkmal="1" Planquadrat="N&#xD;"/>
  <Strassen StrID="13860" StrName="Zierenbergstraße" StrPLZ="31137" OrtID="9" Merkmal="1" Planquadrat="N&#xD;"/>
  <Strassen StrID="13861" StrName="Göhrshof" StrPLZ="30539" OrtID="1" Merkmal="1" Planquadrat="N&#xD;"/>
  <Strassen StrID="13862" StrName="Platanenweg" StrPLZ="30880" OrtID="200" Merkmal="1" Planquadrat="N&#xD;"/>
  <Strassen StrID="13863" StrName="Wilhelmstraße" StrPLZ="31137" OrtID="9" Merkmal="1" Planquadrat="N&#xD;"/>
  <Strassen StrID="13864" StrName="Am Rosenbusch" StrPLZ="69118" OrtID="621" Merkmal="1" Planquadrat="N&#xD;"/>
  <Strassen StrID="13865" StrName="Kleiner Ring" StrPLZ="30900" OrtID="25" Merkmal="1" Planquadrat="N&#xD;"/>
  <Strassen StrID="13866" StrName="Zum Alten Hof" StrPLZ="38536" OrtID="627" Merkmal="1" Planquadrat="N&#xD;"/>
  <Strassen StrID="13867" StrName="Schiffenberger Weg" StrPLZ="35435" OrtID="1201" Merkmal="1" Planquadrat="N&#xD;"/>
  <Strassen StrID="13868" StrName="Kreuzborn" StrPLZ="31848" OrtID="89" Merkmal="1" Planquadrat="N&#xD;"/>
  <Strassen StrID="13869" StrName="Elektrastraße" StrPLZ="81925" OrtID="225" Merkmal="1" Planquadrat="N"/>
  <Strassen StrID="13870" StrName="Am Eichkamp" StrPLZ="31558" OrtID="358" Merkmal="1" Planquadrat="N&#xD;"/>
  <Strassen StrID="13871" StrName="Wildpfad" StrPLZ="30938" OrtID="40" Merkmal="1" Planquadrat="N&#xD;"/>
  <Strassen StrID="13872" StrName="Hedwig-Kettler-Weg" StrPLZ="31319" OrtID="276" Merkmal="1" Planquadrat="N&#xD;"/>
  <Strassen StrID="13873" StrName="Siedlerweg" StrPLZ="30880" OrtID="200" Merkmal="1" Planquadrat="N&#xD;"/>
  <Strassen StrID="13874" StrName="Richard-Brandt-Weg" StrPLZ="30900" OrtID="25" Merkmal="1" Planquadrat="N&#xD;"/>
  <Strassen StrID="13875" StrName="Am Gehege" StrPLZ="45525" OrtID="1202" Merkmal="1" Planquadrat="N&#xD;"/>
  <Strassen StrID="13876" StrName="Richard-Brandt-Straße" StrPLZ="30900" OrtID="25" Merkmal="1" Planquadrat="N&#xD;"/>
  <Strassen StrID="13877" StrName="Dresdener Weg" StrPLZ="30966" OrtID="13" Merkmal="1" Planquadrat="N&#xD;"/>
  <Strassen StrID="13878" StrName="Lehrter Strasse" StrPLZ="31319" OrtID="276" Merkmal="1" Planquadrat="N&#xD;"/>
  <Strassen StrID="13879" StrName="Harpstedter Straße" StrPLZ="27239" OrtID="682" Merkmal="1" Planquadrat="N&#xD;"/>
  <Strassen StrID="13880" StrName="Am Lienkamp" StrPLZ="30855" OrtID="27" Merkmal="1" Planquadrat="N&#xD;"/>
  <Strassen StrID="13881" StrName="Grovestraße" StrPLZ="30853" OrtID="27" Merkmal="1" Planquadrat="N&#xD;"/>
  <Strassen StrID="13882" StrName="Lindenstraße" StrPLZ="31246" OrtID="784" Merkmal="1" Planquadrat="N&#xD;"/>
  <Strassen StrID="13883" StrName="Sieltrift" StrPLZ="27632" OrtID="1203" Merkmal="1" Planquadrat="N&#xD;"/>
  <Strassen StrID="13884" StrName="Nordsehlerstraße" StrPLZ="31655" OrtID="32" Merkmal="1" Planquadrat="N&#xD;"/>
  <Strassen StrID="13885" StrName="Rotdornallee" StrPLZ="30880" OrtID="200" Merkmal="1" Planquadrat="N&#xD;"/>
  <Strassen StrID="13886" StrName="Stettiner Straße" StrPLZ="30880" OrtID="200" Merkmal="1" Planquadrat="N&#xD;"/>
  <Strassen StrID="13887" StrName="Niedwiesenstraße" StrPLZ="60431" OrtID="41" Merkmal="1" Planquadrat="N&#xD;"/>
  <Strassen StrID="13888" StrName="Ulmenweg" StrPLZ="31848" OrtID="89" Merkmal="1" Planquadrat="N&#xD;"/>
  <Strassen StrID="13889" StrName="Knabstrupvej" StrPLZ="DK-4420" OrtID="1204" Merkmal="1" Planquadrat="N&#xD;"/>
  <Strassen StrID="13890" StrName="Laurentiusweg" StrPLZ="31848" OrtID="89" Merkmal="1" Planquadrat="N&#xD;"/>
  <Strassen StrID="13891" StrName="Milchberg" StrPLZ="31177" OrtID="173" Merkmal="1" Planquadrat="N&#xD;"/>
  <Strassen StrID="13892" StrName="Am Bornrasen" StrPLZ="99334" OrtID="1205" Merkmal="1" Planquadrat="N&#xD;"/>
  <Strassen StrID="13893" StrName="Krätzer Winkel" StrPLZ="31311" OrtID="294" Merkmal="1" Planquadrat="N&#xD;"/>
  <Strassen StrID="13894" StrName="Martin-MüllerStraße" StrPLZ="30900" OrtID="25" Merkmal="1" Planquadrat="N&#xD;"/>
  <Strassen StrID="13895" StrName="Am Kleesbrock" StrPLZ="33719" OrtID="101" Merkmal="1" Planquadrat="N&#xD;"/>
  <Strassen StrID="13896" StrName="Immenweg" StrPLZ="30827" OrtID="149" Merkmal="1" Planquadrat="N&#xD;"/>
  <Strassen StrID="13897" StrName="Sandstraße" StrPLZ="31785" OrtID="19" Merkmal="1" Planquadrat="N"/>
  <Strassen StrID="13898" StrName="Heinrich-Hische-Weg" StrPLZ="30989" OrtID="5" Merkmal="1" Planquadrat="N&#xD;"/>
  <Strassen StrID="13899" StrName="Danziger Straße" StrPLZ="30827" OrtID="149" Merkmal="1" Planquadrat="N&#xD;"/>
  <Strassen StrID="13900" StrName="Hoppegarten" StrPLZ="38368" OrtID="1206" Merkmal="1" Planquadrat="N&#xD;"/>
  <Strassen StrID="13901" StrName="Elfriede-Döler-Weg" StrPLZ="30165" OrtID="1" Merkmal="1" Planquadrat="N&#xD;"/>
  <Strassen StrID="13902" StrName="Linienstraße" StrPLZ="28203" OrtID="109" Merkmal="1" Planquadrat="N"/>
  <Strassen StrID="13903" StrName="Elsterstieg" StrPLZ="29313" OrtID="164" Merkmal="1" Planquadrat="N&#xD;"/>
  <Strassen StrID="13904" StrName="Jägerstraße" StrPLZ="31303" OrtID="20" Merkmal="1" Planquadrat="N&#xD;"/>
  <Strassen StrID="13905" StrName="Noldestraße" StrPLZ="30827" OrtID="149" Merkmal="1" Planquadrat="N&#xD;"/>
  <Strassen StrID="13906" StrName="Am Mühlenkamp" StrPLZ="31249" OrtID="185" Merkmal="1" Planquadrat="N"/>
  <Strassen StrID="13907" StrName="Lindenbrink" StrPLZ="30952" OrtID="3" Merkmal="1" Planquadrat="N&#xD;"/>
  <Strassen StrID="13908" StrName="Schmiededamm" StrPLZ="30916" OrtID="21" Merkmal="1" Planquadrat="N&#xD;"/>
  <Strassen StrID="13909" StrName="Dorf`s Acker" StrPLZ="31234" OrtID="128" Merkmal="1" Planquadrat="N&#xD;"/>
  <Strassen StrID="13910" StrName="Neelhofsiedlung" StrPLZ="31737" OrtID="262" Merkmal="1" Planquadrat="N&#xD;"/>
  <Strassen StrID="13911" StrName="Carl-Orff-Weg" StrPLZ="82008" OrtID="858" Merkmal="1" Planquadrat="N&#xD;"/>
  <Strassen StrID="13912" StrName="Ihssengasse" StrPLZ="30982" OrtID="253" Merkmal="1" Planquadrat="N&#xD;"/>
  <Strassen StrID="13913" StrName="Im Wiesenhof" StrPLZ="31319" OrtID="276" Merkmal="1" Planquadrat="N&#xD;"/>
  <Strassen StrID="13914" StrName="Roggenhof" StrPLZ="30916" OrtID="21" Merkmal="1" Planquadrat="N&#xD;"/>
  <Strassen StrID="13915" StrName="Scheier Straße" StrPLZ="31675" OrtID="112" Merkmal="1" Planquadrat="N&#xD;"/>
  <Strassen StrID="13916" StrName="Eulenweg" StrPLZ="34277" OrtID="1208" Merkmal="1" Planquadrat="N&#xD;"/>
  <Strassen StrID="13917" StrName="Plötzengrund" StrPLZ="31275" OrtID="4" Merkmal="1" Planquadrat="N&#xD;"/>
  <Strassen StrID="13918" StrName="Erna-Mohr-Straße" StrPLZ="30457" OrtID="1" Merkmal="1" Planquadrat="N&#xD;"/>
  <Strassen StrID="13919" StrName="Erlengrund" StrPLZ="31319" OrtID="276" Merkmal="1" Planquadrat="N&#xD;"/>
  <Strassen StrID="13920" StrName="Henriettenstraße" StrPLZ="42719" OrtID="277" Merkmal="1" Planquadrat="N&#xD;"/>
  <Strassen StrID="13921" StrName="Liegnitzer Straße" StrPLZ="31303" OrtID="20" Merkmal="1" Planquadrat="N&#xD;"/>
  <Strassen StrID="13922" StrName="Im Schloßgarten" StrPLZ="31515" OrtID="319" Merkmal="1" Planquadrat="N&#xD;"/>
  <Strassen StrID="13923" StrName="Clayallee" StrPLZ="14195" OrtID="18" Merkmal="1" Planquadrat="N&#xD;"/>
  <Strassen StrID="13924" StrName="Perleberger Straße" StrPLZ="19348" OrtID="1211" Merkmal="1" Planquadrat="N&#xD;"/>
  <Strassen StrID="13925" StrName="Meinstraße" StrPLZ="38448" OrtID="315" Merkmal="1" Planquadrat="N&#xD;"/>
  <Strassen StrID="13926" StrName="Am Brandeswinkel" StrPLZ="38302" OrtID="314" Merkmal="1" Planquadrat="N&#xD;"/>
  <Strassen StrID="13927" StrName="Memeler Straße" StrPLZ="31303" OrtID="20" Merkmal="1" Planquadrat="N&#xD;"/>
  <Strassen StrID="13928" StrName="Am Erkelsborn" StrPLZ="65189" OrtID="50" Merkmal="1" Planquadrat="N&#xD;"/>
  <Strassen StrID="13929" StrName="An der Königsbergen" StrPLZ="31303" OrtID="20" Merkmal="1" Planquadrat="N&#xD;"/>
  <Strassen StrID="13930" StrName="Leistlinger Straße" StrPLZ="30826" OrtID="149" Merkmal="1" Planquadrat="N&#xD;"/>
  <Strassen StrID="13931" StrName="Memellandstraße" StrPLZ="97318" OrtID="1212" Merkmal="1" Planquadrat="N&#xD;"/>
  <Strassen StrID="13932" StrName="Klußbrink" StrPLZ="30890" OrtID="2" Merkmal="1" Planquadrat="N&#xD;"/>
  <Strassen StrID="13933" StrName="Lichtenbergweg" StrPLZ="30853" OrtID="27" Merkmal="1" Planquadrat="N&#xD;"/>
  <Strassen StrID="13934" StrName="Eichenweg" StrPLZ="30827" OrtID="149" Merkmal="1" Planquadrat="N&#xD;"/>
  <Strassen StrID="13935" StrName="Urnenfeldstraße" StrPLZ="30880" OrtID="200" Merkmal="1" Planquadrat="N&#xD;"/>
  <Strassen StrID="13936" StrName="Bahnhofstraße" StrPLZ="31552" OrtID="263" Merkmal="1" Planquadrat="N&#xD;"/>
  <Strassen StrID="13937" StrName="Theodor-Heuss-Straße" StrPLZ="38518" OrtID="155" Merkmal="1" Planquadrat="N&#xD;"/>
  <Strassen StrID="13938" StrName="Dietmar-Hopp-Allee" StrPLZ="69190" OrtID="1213" Merkmal="1" Planquadrat="N&#xD;"/>
  <Strassen StrID="13939" StrName="Münzstraße" StrPLZ="38100" OrtID="8" Merkmal="1" Planquadrat="N&#xD;"/>
  <Strassen StrID="13940" StrName="westereschenfeld" StrPLZ="30926" OrtID="6" Merkmal="1" Planquadrat="N&#xD;"/>
  <Strassen StrID="13941" StrName="Liegnitzer Straße" StrPLZ="31311" OrtID="294" Merkmal="1" Planquadrat="N&#xD;"/>
  <Strassen StrID="13942" StrName="Roter-Berg-Ring" StrPLZ="31319" OrtID="276" Merkmal="1" Planquadrat="N&#xD;"/>
  <Strassen StrID="13943" StrName="Kircher Vorfeld" StrPLZ="30916" OrtID="21" Merkmal="1" Planquadrat="N&#xD;"/>
  <Strassen StrID="13944" StrName="Heerhof" StrPLZ="31535" OrtID="22" Merkmal="1" Planquadrat="N&#xD;"/>
  <Strassen StrID="13945" StrName="Rübezahlhof" StrPLZ="30823" OrtID="149" Merkmal="1" Planquadrat="N&#xD;"/>
  <Strassen StrID="13946" StrName="Marggrafenstraße" StrPLZ="31319" OrtID="276" Merkmal="1" Planquadrat="N&#xD;"/>
  <Strassen StrID="13947" StrName="Im Wiesengrund" StrPLZ="30938" OrtID="40" Merkmal="1" Planquadrat="N&#xD;"/>
  <Strassen StrID="13948" StrName="Bielsteinstraße" StrPLZ="33604" OrtID="101" Merkmal="1" Planquadrat="N&#xD;"/>
  <Strassen StrID="13949" StrName="Am Flugplatz" StrPLZ="31137" OrtID="9" Merkmal="1" Planquadrat="N&#xD;"/>
  <Strassen StrID="13950" StrName="Kaiserallee" StrPLZ="23570" OrtID="214" Merkmal="1" Planquadrat="N&#xD;"/>
  <Strassen StrID="13951" StrName="Im Sandgarten" StrPLZ="29664" OrtID="304" Merkmal="1" Planquadrat="N"/>
  <Strassen StrID="13952" StrName="Naumburgstraße" StrPLZ="38124" OrtID="8" Merkmal="1" Planquadrat="N&#xD;"/>
  <Strassen StrID="13953" StrName="Hirzstraße" StrPLZ="50937" OrtID="17" Merkmal="1" Planquadrat="N&#xD;"/>
  <Strassen StrID="13954" StrName="Tüterweg" StrPLZ="33649" OrtID="101" Merkmal="1" Planquadrat="N&#xD;"/>
  <Strassen StrID="13955" StrName="Erlenweg" StrPLZ="30989" OrtID="5" Merkmal="1" Planquadrat="N"/>
  <Strassen StrID="13956" StrName="Leipziger Straße" StrPLZ="31789" OrtID="19" Merkmal="1" Planquadrat="N"/>
  <Strassen StrID="13957" StrName="Südweg" StrPLZ="31188" OrtID="820" Merkmal="1" Planquadrat="N&#xD;"/>
  <Strassen StrID="13958" StrName="Königstraße" StrPLZ="32427" OrtID="512" Merkmal="1" Planquadrat="N&#xD;"/>
  <Strassen StrID="13959" StrName="Simmelsbergstraße" StrPLZ="36093" OrtID="1214" Merkmal="1" Planquadrat="N&#xD;"/>
  <Strassen StrID="13960" StrName="Ahornweg" StrPLZ="31275" OrtID="4" Merkmal="1" Planquadrat="N&#xD;"/>
  <Strassen StrID="13961" StrName="Am Bergäcker" StrPLZ="07318" OrtID="1215" Merkmal="1" Planquadrat="N&#xD;"/>
  <Strassen StrID="13962" StrName="Eddesser Straße" StrPLZ="31311" OrtID="294" Merkmal="1" Planquadrat="N&#xD;"/>
  <Strassen StrID="13963" StrName="Loppersumer Straße" StrPLZ="26759" OrtID="1216" Merkmal="1" Planquadrat="N&#xD;"/>
  <Strassen StrID="13964" StrName="Zum Rundshorn" StrPLZ="30900" OrtID="25" Merkmal="1" Planquadrat="N&#xD;"/>
  <Strassen StrID="13965" StrName="Johanna-Stegen-Straße" StrPLZ="12167" OrtID="18" Merkmal="1" Planquadrat="N&#xD;"/>
  <Strassen StrID="13966" StrName="Langrederhof" StrPLZ="30455" OrtID="1" Merkmal="1" Planquadrat="N&#xD;"/>
  <Strassen StrID="13967" StrName="Koopfore" StrPLZ="30900" OrtID="25" Merkmal="1" Planquadrat="N&#xD;"/>
  <Strassen StrID="13968" StrName="Im Winkel" StrPLZ="31157" OrtID="268" Merkmal="1" Planquadrat="N"/>
  <Strassen StrID="13969" StrName="Holstenhofstieg" StrPLZ="22041" OrtID="39" Merkmal="1" Planquadrat="N&#xD;"/>
  <Strassen StrID="13970" StrName="Moorweg" StrPLZ="31542" OrtID="91" Merkmal="1" Planquadrat="N"/>
  <Strassen StrID="13971" StrName="Am Kriehhofe" StrPLZ="30952" OrtID="3" Merkmal="1" Planquadrat="N&#xD;"/>
  <Strassen StrID="13972" StrName="Im Kleegrund" StrPLZ="30823" OrtID="149" Merkmal="1" Planquadrat="N&#xD;"/>
  <Strassen StrID="13973" StrName="Adolf-Lücke-Weg" StrPLZ="30539" OrtID="1" Merkmal="1" Planquadrat="N&#xD;"/>
  <Strassen StrID="13974" StrName="Hiddestorfer Straße" StrPLZ="30880" OrtID="200" Merkmal="1" Planquadrat="N&#xD;"/>
  <Strassen StrID="13975" StrName="Sauerweg" StrPLZ="31275" OrtID="4" Merkmal="1" Planquadrat="N&#xD;"/>
  <Strassen StrID="13976" StrName="Varloh" StrPLZ="30900" OrtID="25" Merkmal="1" Planquadrat="N&#xD;"/>
  <Strassen StrID="13977" StrName="Fröbelweg" StrPLZ="31303" OrtID="20" Merkmal="1" Planquadrat="N&#xD;"/>
  <Strassen StrID="13978" StrName="Friedrich-Ludwig-Jahn-Straße" StrPLZ="31832" OrtID="278" Merkmal="1" Planquadrat="N&#xD;"/>
  <Strassen StrID="13979" StrName="Am Burgmannshof" StrPLZ="31515" OrtID="319" Merkmal="1" Planquadrat="N&#xD;"/>
  <Strassen StrID="13980" StrName="Steinfurterstr" StrPLZ="48149" OrtID="45" Merkmal="1" Planquadrat="N&#xD;"/>
  <Strassen StrID="13981" StrName="Stormsweg" StrPLZ="22085" OrtID="39" Merkmal="1" Planquadrat="N&#xD;"/>
  <Strassen StrID="13982" StrName="Krumme Stücke" StrPLZ="38446" OrtID="315" Merkmal="1" Planquadrat="N&#xD;"/>
  <Strassen StrID="13983" StrName="Potsdamer Straße" StrPLZ="30952" OrtID="3" Merkmal="1" Planquadrat="N&#xD;"/>
  <Strassen StrID="13984" StrName="Geschwister-Scholl-Straße" StrPLZ="61476" OrtID="199" Merkmal="1" Planquadrat="N&#xD;"/>
  <Strassen StrID="13985" StrName="Groß Flottbeker Straße" StrPLZ="22607" OrtID="39" Merkmal="1" Planquadrat="N&#xD;"/>
  <Strassen StrID="13986" StrName="Johann-Koch-Straße" StrPLZ="30982" OrtID="253" Merkmal="1" Planquadrat="N&#xD;"/>
  <Strassen StrID="13987" StrName="Bredingsfeld" StrPLZ="30826" OrtID="149" Merkmal="1" Planquadrat="N&#xD;"/>
  <Strassen StrID="13988" StrName="Georg-Reimann-Straße" StrPLZ="30900" OrtID="25" Merkmal="1" Planquadrat="N&#xD;"/>
  <Strassen StrID="13989" StrName="Moritzgraben" StrPLZ="31535" OrtID="22" Merkmal="1" Planquadrat="N&#xD;"/>
  <Strassen StrID="13990" StrName="Am Vogelbrink" StrPLZ="31867" OrtID="24" Merkmal="1" Planquadrat="N"/>
  <Strassen StrID="13991" StrName="Ohefeldstraße" StrPLZ="30559" OrtID="1" Merkmal="1" Planquadrat="N&#xD;"/>
  <Strassen StrID="13992" StrName="Nordstraße" StrPLZ="01099" OrtID="993" Merkmal="1" Planquadrat="N&#xD;"/>
  <Strassen StrID="13993" StrName="Obernfeldstraße" StrPLZ="30989" OrtID="5" Merkmal="1" Planquadrat="N"/>
  <Strassen StrID="13994" StrName="Zuckmayerweg" StrPLZ="30890" OrtID="2" Merkmal="1" Planquadrat="N&#xD;"/>
  <Strassen StrID="13995" StrName="Unter den Eichen" StrPLZ="21255" OrtID="1217" Merkmal="1" Planquadrat="N&#xD;"/>
  <Strassen StrID="13996" StrName="Kurze Feldstraße" StrPLZ="30989" OrtID="5" Merkmal="1" Planquadrat="N"/>
  <Strassen StrID="13997" StrName="Wilhelm-Busch-Straße" StrPLZ="30926" OrtID="6" Merkmal="1" Planquadrat="N&#xD;"/>
  <Strassen StrID="13998" StrName="Bussardring" StrPLZ="30916" OrtID="21" Merkmal="1" Planquadrat="N&#xD;"/>
  <Strassen StrID="13999" StrName="Schillerstraße" StrPLZ="30890" OrtID="2" Merkmal="1" Planquadrat="N&#xD;"/>
  <Strassen StrID="14000" StrName="Süntelstraße" StrPLZ="30890" OrtID="2" Merkmal="1" Planquadrat="N&#xD;"/>
  <Strassen StrID="14001" StrName="Claudiusstraße" StrPLZ="30823" OrtID="149" Merkmal="1" Planquadrat="N&#xD;"/>
  <Strassen StrID="14002" StrName="Stadtweg" StrPLZ="49134" OrtID="875" Merkmal="1" Planquadrat="N&#xD;"/>
  <Strassen StrID="14003" StrName="Am Gretchenkopf" StrPLZ="38700" OrtID="444" Merkmal="1" Planquadrat="N&#xD;"/>
  <Strassen StrID="14004" StrName="Am Thie" StrPLZ="31832" OrtID="278" Merkmal="1" Planquadrat="N&#xD;"/>
  <Strassen StrID="14005" StrName="Bernsteinweg" StrPLZ="30826" OrtID="149" Merkmal="1" Planquadrat="N&#xD;"/>
  <Strassen StrID="14006" StrName="Fischerhüttenstraße" StrPLZ="14163" OrtID="18" Merkmal="1" Planquadrat="N&#xD;"/>
  <Strassen StrID="14007" StrName="Margarittenweg" StrPLZ="30952" OrtID="3" Merkmal="1" Planquadrat="N&#xD;"/>
  <Strassen StrID="14008" StrName="Steimker Berg" StrPLZ="31608" OrtID="456" Merkmal="1" Planquadrat="N&#xD;"/>
  <Strassen StrID="14009" StrName="Arend-Beye-Weg" StrPLZ="79576" OrtID="1218" Merkmal="1" Planquadrat="N&#xD;"/>
  <Strassen StrID="14010" StrName="Liebigstr." StrPLZ="31135" OrtID="9" Merkmal="1" Planquadrat="N&#xD;"/>
  <Strassen StrID="14011" StrName="Holzweg" StrPLZ="30900" OrtID="25" Merkmal="1" Planquadrat="N&#xD;"/>
  <Strassen StrID="14013" StrName="Am Haussee" StrPLZ="17039" OrtID="1219" Merkmal="1" Planquadrat="N&#xD;"/>
  <Strassen StrID="14014" StrName="Sudetenstraße" StrPLZ="29664" OrtID="304" Merkmal="1" Planquadrat="N"/>
  <Strassen StrID="14015" StrName="Kirchstraße" StrPLZ="37081" OrtID="158" Merkmal="1" Planquadrat="N&#xD;"/>
  <Strassen StrID="14016" StrName="Werner-Siemens-Straße" StrPLZ="22113" OrtID="39" Merkmal="1" Planquadrat="N&#xD;"/>
  <Strassen StrID="14017" StrName="Gaußweg" StrPLZ="30890" OrtID="2" Merkmal="1" Planquadrat="N&#xD;"/>
  <Strassen StrID="14018" StrName="Industriestraße" StrPLZ="37079" OrtID="158" Merkmal="1" Planquadrat="N&#xD;"/>
  <Strassen StrID="14019" StrName="Lüneburger Straße" StrPLZ="33719" OrtID="101" Merkmal="1" Planquadrat="N&#xD;"/>
  <Strassen StrID="14020" StrName="Zum Hüschenberg" StrPLZ="37115" OrtID="608" Merkmal="1" Planquadrat="N&#xD;"/>
  <Strassen StrID="14021" StrName="Milchlingstraße" StrPLZ="34121" OrtID="11" Merkmal="1" Planquadrat="N"/>
  <Strassen StrID="14022" StrName="Postfach" StrPLZ="31290" OrtID="20" Merkmal="1" Planquadrat="N&#xD;"/>
  <Strassen StrID="14023" StrName="Sollingstraße" StrPLZ="30926" OrtID="6" Merkmal="1" Planquadrat="N&#xD;"/>
  <Strassen StrID="14024" StrName="Sachsenhausen" StrPLZ="36124" OrtID="1220" Merkmal="1" Planquadrat="N&#xD;"/>
  <Strassen StrID="14025" StrName="Sandstücke" StrPLZ="28279" OrtID="109" Merkmal="1" Planquadrat="N"/>
  <Strassen StrID="14026" StrName="Lange Straße" StrPLZ="32699" OrtID="138" Merkmal="1" Planquadrat="N&#xD;"/>
  <Strassen StrID="14027" StrName="Am Kirchanger" StrPLZ="31737" OrtID="262" Merkmal="1" Planquadrat="N&#xD;"/>
  <Strassen StrID="14028" StrName="Neue Bergstraße 10" StrPLZ="64665" OrtID="1221" Merkmal="1" Planquadrat="N&#xD;"/>
  <Strassen StrID="14029" StrName="Am Kreuzweg" StrPLZ="30926" OrtID="6" Merkmal="1" Planquadrat="N&#xD;"/>
  <Strassen StrID="14030" StrName="Kurfürstenstr" StrPLZ="31275" OrtID="4" Merkmal="1" Planquadrat="N&#xD;"/>
  <Strassen StrID="14031" StrName="Altstadtring" StrPLZ="38118" OrtID="8" Merkmal="1" Planquadrat="N&#xD;"/>
  <Strassen StrID="14032" StrName="Wilhelm-Suhr-Straße" StrPLZ="31558" OrtID="358" Merkmal="1" Planquadrat="N&#xD;"/>
  <Strassen StrID="14033" StrName="Greizerstr." StrPLZ="08412" OrtID="1222" Merkmal="1" Planquadrat="N&#xD;"/>
  <Strassen StrID="14034" StrName="Curslacker Deich" StrPLZ="21039" OrtID="39" Merkmal="1" Planquadrat="N&#xD;"/>
  <Strassen StrID="14035" StrName="Lönsstraße" StrPLZ="37627" OrtID="1160" Merkmal="1" Planquadrat="N&#xD;"/>
  <Strassen StrID="14036" StrName="Brambusch" StrPLZ="29313" OrtID="164" Merkmal="1" Planquadrat="N&#xD;"/>
  <Strassen StrID="14037" StrName="Fingerhutweg" StrPLZ="30826" OrtID="149" Merkmal="1" Planquadrat="N&#xD;"/>
  <Strassen StrID="14038" StrName="Herzog-Albrecht-Straße" StrPLZ="30826" OrtID="149" Merkmal="1" Planquadrat="N&#xD;"/>
  <Strassen StrID="14039" StrName="Elsa-Brandström-Weg" StrPLZ="31535" OrtID="22" Merkmal="1" Planquadrat="N&#xD;"/>
  <Strassen StrID="14040" StrName="Meffertweg" StrPLZ="31319" OrtID="276" Merkmal="1" Planquadrat="N&#xD;"/>
  <Strassen StrID="14041" StrName="Wischkamp" StrPLZ="31832" OrtID="278" Merkmal="1" Planquadrat="N&#xD;"/>
  <Strassen StrID="14042" StrName="Am Wischkamp" StrPLZ="31832" OrtID="278" Merkmal="1" Planquadrat="N&#xD;"/>
  <Strassen StrID="14043" StrName="Wieselweg" StrPLZ="30900" OrtID="25" Merkmal="1" Planquadrat="N&#xD;"/>
  <Strassen StrID="14044" StrName="Kutschweg" StrPLZ="31515" OrtID="319" Merkmal="1" Planquadrat="N&#xD;"/>
  <Strassen StrID="14045" StrName="Am Hain" StrPLZ="31515" OrtID="319" Merkmal="1" Planquadrat="N&#xD;"/>
  <Strassen StrID="14046" StrName="Ewipper Weg" StrPLZ="31515" OrtID="319" Merkmal="1" Planquadrat="N&#xD;"/>
  <Strassen StrID="14047" StrName="Stoben" StrPLZ="38640" OrtID="157" Merkmal="1" Planquadrat="N&#xD;"/>
  <Strassen StrID="14048" StrName="Meyers Grund" StrPLZ="31787" OrtID="19" Merkmal="1" Planquadrat="N"/>
  <Strassen StrID="14049" StrName="Schrothstraße" StrPLZ="90419" OrtID="243" Merkmal="1" Planquadrat="N&#xD;"/>
  <Strassen StrID="14050" StrName="Zanderweg" StrPLZ="31275" OrtID="4" Merkmal="1" Planquadrat="N&#xD;"/>
  <Strassen StrID="14051" StrName="Erlenkamp" StrPLZ="30826" OrtID="149" Merkmal="1" Planquadrat="N&#xD;"/>
  <Strassen StrID="14052" StrName="Taubenweg" StrPLZ="39114" OrtID="216" Merkmal="1" Planquadrat="N"/>
  <Strassen StrID="14053" StrName="Schlesischer Strasse" StrPLZ="40231" OrtID="127" Merkmal="1" Planquadrat="N"/>
  <Strassen StrID="14054" StrName="Vitusweg" StrPLZ="31180" OrtID="152" Merkmal="1" Planquadrat="N&#xD;"/>
  <Strassen StrID="14055" StrName="Im Heidegrund" StrPLZ="31275" OrtID="4" Merkmal="1" Planquadrat="N&#xD;"/>
  <Strassen StrID="14056" StrName="Gneisenaustraße" StrPLZ="31275" OrtID="4" Merkmal="1" Planquadrat="N&#xD;"/>
  <Strassen StrID="14057" StrName="Ernst-Strohbach-Platz" StrPLZ="31535" OrtID="22" Merkmal="1" Planquadrat="N&#xD;"/>
  <Strassen StrID="14058" StrName="Bayernstraße" StrPLZ="97453" OrtID="1223" Merkmal="1" Planquadrat="N&#xD;"/>
  <Strassen StrID="14059" StrName="Osterkamp" StrPLZ="31319" OrtID="276" Merkmal="1" Planquadrat="N&#xD;"/>
  <Strassen StrID="14060" StrName="Bodestraße" StrPLZ="31311" OrtID="294" Merkmal="1" Planquadrat="N&#xD;"/>
  <Strassen StrID="14061" StrName="Pfingstanger" StrPLZ="30974" OrtID="307" Merkmal="1" Planquadrat="N&#xD;"/>
  <Strassen StrID="14062" StrName="Knospenweg" StrPLZ="31535" OrtID="22" Merkmal="1" Planquadrat="N&#xD;"/>
  <Strassen StrID="14063" StrName="Pelmanstrasse" StrPLZ="45131" OrtID="42" Merkmal="1" Planquadrat="N"/>
  <Strassen StrID="14064" StrName="Heiligenbeiler Weg" StrPLZ="30938" OrtID="40" Merkmal="1" Planquadrat="N&#xD;"/>
  <Strassen StrID="14065" StrName="Dammweg" StrPLZ="30823" OrtID="149" Merkmal="1" Planquadrat="N&#xD;"/>
  <Strassen StrID="14066" StrName="Sonnekamp" StrPLZ="38536" OrtID="627" Merkmal="1" Planquadrat="N&#xD;"/>
  <Strassen StrID="14067" StrName="Hildesheimer Straße" StrPLZ="31157" OrtID="268" Merkmal="1" Planquadrat="N"/>
  <Strassen StrID="14068" StrName="Fasanenkamp" StrPLZ="30916" OrtID="21" Merkmal="1" Planquadrat="N&#xD;"/>
  <Strassen StrID="14069" StrName="Talblick" StrPLZ="34560" OrtID="743" Merkmal="1" Planquadrat="N&#xD;"/>
  <Strassen StrID="14070" StrName="Jägerweg" StrPLZ="30855" OrtID="27" Merkmal="1" Planquadrat="N&#xD;"/>
  <Strassen StrID="14071" StrName="Am Husalsberg" StrPLZ="30900" OrtID="25" Merkmal="1" Planquadrat="N&#xD;"/>
  <Strassen StrID="14072" StrName="Maschdamm" StrPLZ="31303" OrtID="20" Merkmal="1" Planquadrat="N&#xD;"/>
  <Strassen StrID="14073" StrName="Gustav-Adolf-Straße" StrPLZ="30826" OrtID="149" Merkmal="1" Planquadrat="N&#xD;"/>
  <Strassen StrID="14074" StrName="Dopmeyerstraße" StrPLZ="31832" OrtID="278" Merkmal="1" Planquadrat="N&#xD;"/>
  <Strassen StrID="14075" StrName="am Südbach" StrPLZ="31547" OrtID="30" Merkmal="1" Planquadrat="N&#xD;"/>
  <Strassen StrID="14076" StrName="Linderter Straße" StrPLZ="30974" OrtID="307" Merkmal="1" Planquadrat="N&#xD;"/>
  <Strassen StrID="14077" StrName="Katharinenstraße" StrPLZ="38106" OrtID="8" Merkmal="1" Planquadrat="N&#xD;"/>
  <Strassen StrID="14078" StrName="Wiesingerweg" StrPLZ="20253" OrtID="39" Merkmal="1" Planquadrat="N&#xD;"/>
  <Strassen StrID="14079" StrName="Jägerhöhe" StrPLZ="31089" OrtID="1138" Merkmal="1" Planquadrat="N"/>
  <Strassen StrID="14080" StrName="Paseo Del Embajadores" StrPLZ="E-28707" OrtID="1224" Merkmal="1" Planquadrat="N&#xD;"/>
  <Strassen StrID="14081" StrName="An der Schule" StrPLZ="30880" OrtID="200" Merkmal="1" Planquadrat="N&#xD;"/>
  <Strassen StrID="14082" StrName="Sudetenstraße" StrPLZ="31515" OrtID="319" Merkmal="1" Planquadrat="N&#xD;"/>
  <Strassen StrID="14083" StrName="Roonstraße" StrPLZ="28203" OrtID="109" Merkmal="1" Planquadrat="N"/>
  <Strassen StrID="14084" StrName="Im Osterfeld" StrPLZ="31319" OrtID="276" Merkmal="1" Planquadrat="N&#xD;"/>
  <Strassen StrID="14085" StrName="An den Eichen" StrPLZ="30826" OrtID="149" Merkmal="1" Planquadrat="N&#xD;"/>
  <Strassen StrID="14086" StrName="Schnakenberg" StrPLZ="31608" OrtID="456" Merkmal="1" Planquadrat="N&#xD;"/>
  <Strassen StrID="14087" StrName="Hirtenweg" StrPLZ="31275" OrtID="4" Merkmal="1" Planquadrat="N&#xD;"/>
  <Strassen StrID="14088" StrName="Postfach" StrPLZ="30541" OrtID="1" Merkmal="1" Planquadrat="N&#xD;"/>
  <Strassen StrID="14089" StrName="Im Lindenhof" StrPLZ="31303" OrtID="20" Merkmal="1" Planquadrat="N&#xD;"/>
  <Strassen StrID="14090" StrName="Nordbrucher Straße" StrPLZ="31559" OrtID="501" Merkmal="1" Planquadrat="N&#xD;"/>
  <Strassen StrID="14091" StrName="Königsbreite" StrPLZ="31867" OrtID="24" Merkmal="1" Planquadrat="N"/>
  <Strassen StrID="14092" StrName="To Osten" StrPLZ="25770" OrtID="1225" Merkmal="1" Planquadrat="N&#xD;"/>
  <Strassen StrID="14093" StrName="Löwenzahnweg" StrPLZ="30826" OrtID="149" Merkmal="1" Planquadrat="N&#xD;"/>
  <Strassen StrID="14094" StrName="Klitzenburg" StrPLZ="27333" OrtID="1184" Merkmal="1" Planquadrat="N&#xD;"/>
  <Strassen StrID="14095" StrName="Lohfeldstraße" StrPLZ="30938" OrtID="40" Merkmal="1" Planquadrat="N&#xD;"/>
  <Strassen StrID="14096" StrName="Leonhardstraße" StrPLZ="38102" OrtID="8" Merkmal="1" Planquadrat="N&#xD;"/>
  <Strassen StrID="14097" StrName="Lockgatt" StrPLZ="48527" OrtID="240" Merkmal="1" Planquadrat="N&#xD;"/>
  <Strassen StrID="14098" StrName="Göttinger Straße" StrPLZ="30982" OrtID="253" Merkmal="1" Planquadrat="N&#xD;"/>
  <Strassen StrID="14099" StrName="Lange Straße" StrPLZ="31171" OrtID="241" Merkmal="1" Planquadrat="N&#xD;"/>
  <Strassen StrID="14100" StrName="Gneisenaustraße" StrPLZ="28201" OrtID="109" Merkmal="1" Planquadrat="N"/>
  <Strassen StrID="14101" StrName="Bäckerstraße" StrPLZ="30890" OrtID="2" Merkmal="1" Planquadrat="N&#xD;"/>
  <Strassen StrID="14102" StrName="Alfelder Straße" StrPLZ="31139" OrtID="9" Merkmal="1" Planquadrat="N&#xD;"/>
  <Strassen StrID="14103" StrName="Von-Rutenberg-Anger" StrPLZ="31319" OrtID="276" Merkmal="1" Planquadrat="N&#xD;"/>
  <Strassen StrID="14104" StrName="Blumenweg" StrPLZ="31319" OrtID="276" Merkmal="1" Planquadrat="N&#xD;"/>
  <Strassen StrID="14105" StrName="Eltz-Weg" StrPLZ="31319" OrtID="276" Merkmal="1" Planquadrat="N&#xD;"/>
  <Strassen StrID="14106" StrName="Dahlienstieg" StrPLZ="31141" OrtID="9" Merkmal="1" Planquadrat="N&#xD;"/>
  <Strassen StrID="14107" StrName="Volksgartenstraße" StrPLZ="50677" OrtID="17" Merkmal="1" Planquadrat="N&#xD;"/>
  <Strassen StrID="14108" StrName="Mergelteichstr" StrPLZ="44225" OrtID="125" Merkmal="1" Planquadrat="N"/>
  <Strassen StrID="14109" StrName="Süderweg" StrPLZ="30974" OrtID="307" Merkmal="1" Planquadrat="N&#xD;"/>
  <Strassen StrID="14111" StrName="Am Bohlkamp" StrPLZ="29339" OrtID="593" Merkmal="1" Planquadrat="N&#xD;"/>
  <Strassen StrID="14112" StrName="Timpende" StrPLZ="26629" OrtID="1226" Merkmal="1" Planquadrat="N&#xD;"/>
  <Strassen StrID="14113" StrName="Weizenkampstraße" StrPLZ="28199" OrtID="109" Merkmal="1" Planquadrat="N"/>
  <Strassen StrID="14114" StrName="Königsberger Straße" StrPLZ="69493" OrtID="1227" Merkmal="1" Planquadrat="N&#xD;"/>
  <Strassen StrID="14115" StrName="Wallgartenstraße" StrPLZ="31303" OrtID="20" Merkmal="1" Planquadrat="N&#xD;"/>
  <Strassen StrID="14116" StrName="Am Eekenhoff" StrPLZ="26345" OrtID="1228" Merkmal="1" Planquadrat="N&#xD;"/>
  <Strassen StrID="14117" StrName="Kelbshof" StrPLZ="30890" OrtID="2" Merkmal="1" Planquadrat="N&#xD;"/>
  <Strassen StrID="14118" StrName="Lortzingstraße" StrPLZ="31228" OrtID="7" Merkmal="1" Planquadrat="N"/>
  <Strassen StrID="14119" StrName="Dorfstraße" StrPLZ="31174" OrtID="269" Merkmal="1" Planquadrat="N&#xD;"/>
  <Strassen StrID="14120" StrName="Vogtkamp" StrPLZ="31319" OrtID="276" Merkmal="1" Planquadrat="N&#xD;"/>
  <Strassen StrID="14121" StrName="Am Bürgerpark" StrPLZ="38102" OrtID="8" Merkmal="1" Planquadrat="N&#xD;"/>
  <Strassen StrID="14122" StrName="Liebermannstraße" StrPLZ="31303" OrtID="20" Merkmal="1" Planquadrat="N&#xD;"/>
  <Strassen StrID="14123" StrName="Im Anger" StrPLZ="29439" OrtID="563" Merkmal="1" Planquadrat="N&#xD;"/>
  <Strassen StrID="14124" StrName="Nordlicht" StrPLZ="31275" OrtID="4" Merkmal="1" Planquadrat="N&#xD;"/>
  <Strassen StrID="14125" StrName="Von-Werth-Straße" StrPLZ="50670" OrtID="17" Merkmal="1" Planquadrat="N&#xD;"/>
  <Strassen StrID="14126" StrName="Kurt-Schumacher-Straße" StrPLZ="30926" OrtID="6" Merkmal="1" Planquadrat="N&#xD;"/>
  <Strassen StrID="14127" StrName="Im Riehenwinkel" StrPLZ="30926" OrtID="6" Merkmal="1" Planquadrat="N&#xD;"/>
  <Strassen StrID="14128" StrName="Im Beekefeld" StrPLZ="30926" OrtID="6" Merkmal="1" Planquadrat="N&#xD;"/>
  <Strassen StrID="14129" StrName="Haferkamp" StrPLZ="31552" OrtID="263" Merkmal="1" Planquadrat="N&#xD;"/>
  <Strassen StrID="14130" StrName="Am Weidefeld" StrPLZ="30989" OrtID="5" Merkmal="1" Planquadrat="N"/>
  <Strassen StrID="14131" StrName="Lilly-Reich-Straße" StrPLZ="31137" OrtID="9" Merkmal="1" Planquadrat="N&#xD;"/>
  <Strassen StrID="14132" StrName="Am Sonnenhang" StrPLZ="53804" OrtID="1229" Merkmal="1" Planquadrat="N&#xD;"/>
  <Strassen StrID="14133" StrName="Breite Herzogstraße" StrPLZ="38300" OrtID="314" Merkmal="1" Planquadrat="N&#xD;"/>
  <Strassen StrID="14134" StrName="Am Heckenweg" StrPLZ="30880" OrtID="200" Merkmal="1" Planquadrat="N&#xD;"/>
  <Strassen StrID="14135" StrName="Steinbrink" StrPLZ="31542" OrtID="91" Merkmal="1" Planquadrat="N"/>
  <Strassen StrID="14136" StrName="Hohenloher Straße" StrPLZ="70435" OrtID="287" Merkmal="1" Planquadrat="N"/>
  <Strassen StrID="14137" StrName="Bergstraße" StrPLZ="30982" OrtID="253" Merkmal="1" Planquadrat="N"/>
  <Strassen StrID="14138" StrName="Agrippinawerft" StrPLZ="50678" OrtID="17" Merkmal="1" Planquadrat="N&#xD;"/>
  <Strassen StrID="14139" StrName="Lankumer Feldweg" StrPLZ="49661" OrtID="1230" Merkmal="1" Planquadrat="N&#xD;"/>
  <Strassen StrID="14140" StrName="Geyersdorfer Straße" StrPLZ="09456" OrtID="1231" Merkmal="1" Planquadrat="N&#xD;"/>
  <Strassen StrID="14142" StrName="Masurenstraße" StrPLZ="31303" OrtID="20" Merkmal="1" Planquadrat="N&#xD;"/>
  <Strassen StrID="14143" StrName="Buchensahl" StrPLZ="30916" OrtID="21" Merkmal="1" Planquadrat="N&#xD;"/>
  <Strassen StrID="14144" StrName="An der Kirche" StrPLZ="31559" OrtID="501" Merkmal="1" Planquadrat="N&#xD;"/>
  <Strassen StrID="14145" StrName="Bachstraße" StrPLZ="44536" OrtID="1233" Merkmal="1" Planquadrat="N"/>
  <Strassen StrID="14146" StrName="Waldweg" StrPLZ="38442" OrtID="315" Merkmal="1" Planquadrat="N&#xD;"/>
  <Strassen StrID="14147" StrName="Grethemer Hauptstraße" StrPLZ="29690" OrtID="828" Merkmal="1" Planquadrat="N&#xD;"/>
  <Strassen StrID="14148" StrName="Ãœberm See" StrPLZ="31535" OrtID="22" Merkmal="1" Planquadrat="N&#xD;"/>
  <Strassen StrID="14149" StrName="Hauptstraße" StrPLZ="32469" OrtID="600" Merkmal="1" Planquadrat="N&#xD;"/>
  <Strassen StrID="14150" StrName="1 Kilbride Road" StrPLZ="IRL-" OrtID="1234" Merkmal="1" Planquadrat="N"/>
  <Strassen StrID="14151" StrName="Bussardhorst" StrPLZ="31515" OrtID="319" Merkmal="1" Planquadrat="N&#xD;"/>
  <Strassen StrID="14152" StrName="Kirchwehrener Ring" StrPLZ="30926" OrtID="6" Merkmal="1" Planquadrat="N&#xD;"/>
  <Strassen StrID="14153" StrName="Resedastraße" StrPLZ="30853" OrtID="27" Merkmal="1" Planquadrat="N&#xD;"/>
  <Strassen StrID="14154" StrName="Hildesheimer Straße" OrtID="276" Merkmal="1" Planquadrat="N&#xD;"/>
  <Strassen StrID="14155" StrName="Memeler Weg" StrPLZ="31157" OrtID="268" Merkmal="1" Planquadrat="N"/>
  <Strassen StrID="14156" StrName="Höfenstraße" StrPLZ="38118" OrtID="8" Merkmal="1" Planquadrat="N"/>
  <Strassen StrID="14157" StrName="Sandkamp" StrPLZ="31515" OrtID="319" Merkmal="1" Planquadrat="N&#xD;"/>
  <Strassen StrID="14158" StrName="Allensteiner Straße" StrPLZ="28844" OrtID="309" Merkmal="1" Planquadrat="N&#xD;"/>
  <Strassen StrID="14159" StrName="Rote Reihe" StrPLZ="30926" OrtID="6" Merkmal="1" Planquadrat="N&#xD;"/>
  <Strassen StrID="14160" StrName="Alte Vockenroter Steige" StrPLZ="97877" OrtID="759" Merkmal="1" Planquadrat="N&#xD;"/>
  <Strassen StrID="14161" StrName="Im Hasengarten" StrPLZ="50996" OrtID="17" Merkmal="1" Planquadrat="N&#xD;"/>
  <Strassen StrID="14162" StrName="Fuggerstraße" StrPLZ="86150" OrtID="355" Merkmal="1" Planquadrat="N&#xD;"/>
  <Strassen StrID="14163" StrName="Ãœberm Schradweg" StrPLZ="31558" OrtID="358" Merkmal="1" Planquadrat="N&#xD;"/>
  <Strassen StrID="14164" StrName="Fuderhof" StrPLZ="30657" OrtID="1" Merkmal="1" Planquadrat="N&#xD;"/>
  <Strassen StrID="14165" StrName="Gestorfer Straße" StrPLZ="31832" OrtID="278" Merkmal="1" Planquadrat="N&#xD;"/>
  <Strassen StrID="14166" StrName="Flughafenstraße" StrPLZ="30855" OrtID="27" Merkmal="1" Planquadrat="N&#xD;"/>
  <Strassen StrID="14167" StrName="Südwestweg" StrPLZ="33335" OrtID="521" Merkmal="1" Planquadrat="N&#xD;"/>
  <Strassen StrID="14168" StrName="Auf der Beikhorst" StrPLZ="29336" OrtID="430" Merkmal="1" Planquadrat="N&#xD;"/>
  <Strassen StrID="14169" StrName="Schledehauser Weg" StrPLZ="49086" OrtID="249" Merkmal="1" Planquadrat="N"/>
  <Strassen StrID="14170" StrName="Serefli-Sok." StrPLZ="TR-06580" OrtID="1235" Merkmal="1" Planquadrat="N"/>
  <Strassen StrID="14171" StrName="Klosterstraße" StrPLZ="24536" OrtID="231" Merkmal="1" Planquadrat="N&#xD;"/>
  <Strassen StrID="14172" StrName="Friedrichstraße" StrPLZ="31832" OrtID="278" Merkmal="1" Planquadrat="N&#xD;"/>
  <Strassen StrID="14173" StrName="Pfeilerweg" StrPLZ="76228" OrtID="49" Merkmal="1" Planquadrat="N&#xD;"/>
  <Strassen StrID="14174" StrName="Rödingsmarkt" StrPLZ="20459" OrtID="39" Merkmal="1" Planquadrat="N&#xD;"/>
  <Strassen StrID="14175" StrName="An den Teichen" StrPLZ="31535" OrtID="22" Merkmal="1" Planquadrat="N&#xD;"/>
  <Strassen StrID="14176" StrName="Heckenweg" StrPLZ="30890" OrtID="2" Merkmal="1" Planquadrat="N&#xD;"/>
  <Strassen StrID="14177" StrName="Amselweg" StrPLZ="31319" OrtID="276" Merkmal="1" Planquadrat="N&#xD;"/>
  <Strassen StrID="14178" StrName="Böntalstraße" StrPLZ="37603" OrtID="577" Merkmal="1" Planquadrat="N&#xD;"/>
  <Strassen StrID="14179" StrName="Johanniterstraße" StrPLZ="38104" OrtID="8" Merkmal="1" Planquadrat="N"/>
  <Strassen StrID="14180" StrName="Maxim-Gorki-Straße" StrPLZ="16540" OrtID="1236" Merkmal="1" Planquadrat="N&#xD;"/>
  <Strassen StrID="14181" StrName="Hüttenstraße" StrPLZ="06526" OrtID="1237" Merkmal="1" Planquadrat="N&#xD;"/>
  <Strassen StrID="14182" StrName="Kapellenwinkel" StrPLZ="30982" OrtID="253" Merkmal="1" Planquadrat="N"/>
  <Strassen StrID="14183" StrName="An der Junkernwiese" StrPLZ="30926" OrtID="6" Merkmal="1" Planquadrat="N&#xD;"/>
  <Strassen StrID="14184" StrName="Rostocker Straße" StrPLZ="30900" OrtID="25" Merkmal="1" Planquadrat="N&#xD;"/>
  <Strassen StrID="14185" StrName="Feldstegel" StrPLZ="21039" OrtID="39" Merkmal="1" Planquadrat="N&#xD;"/>
  <Strassen StrID="14186" StrName="Auf dem Rade" StrPLZ="30926" OrtID="6" Merkmal="1" Planquadrat="N&#xD;"/>
  <Strassen StrID="14187" StrName="Jahnstraße" StrPLZ="31303" OrtID="20" Merkmal="1" Planquadrat="N&#xD;"/>
  <Strassen StrID="14188" StrName="Im Garten" StrPLZ="29683" OrtID="471" Merkmal="1" Planquadrat="N&#xD;"/>
  <Strassen StrID="14189" StrName="In den Sonnenhöfen" StrPLZ="30659" OrtID="1" Merkmal="1" Planquadrat="N&#xD;"/>
  <Strassen StrID="14190" StrName="An der Lehmkuhle" StrPLZ="31535" OrtID="22" Merkmal="1" Planquadrat="N&#xD;"/>
  <Strassen StrID="14191" StrName="Euregiostraße" StrPLZ="48527" OrtID="240" Merkmal="1" Planquadrat="N&#xD;"/>
  <Strassen StrID="14192" StrName="Tenor" StrPLZ="31535" OrtID="22" Merkmal="1" Planquadrat="N&#xD;"/>
  <Strassen StrID="14193" StrName="Reutergartenweg" StrPLZ="31319" OrtID="276" Merkmal="1" Planquadrat="N&#xD;"/>
  <Strassen StrID="14194" StrName="Südtorfeld" StrPLZ="31319" OrtID="276" Merkmal="1" Planquadrat="N&#xD;"/>
  <Strassen StrID="14195" StrName="Braustraße" StrPLZ="31515" OrtID="319" Merkmal="1" Planquadrat="N&#xD;"/>
  <Strassen StrID="14196" StrName="Wiesenweg" StrPLZ="29356" OrtID="625" Merkmal="1" Planquadrat="N&#xD;"/>
  <Strassen StrID="14197" StrName="Neißer Straße" StrPLZ="31249" OrtID="185" Merkmal="1" Planquadrat="N"/>
  <Strassen StrID="14198" StrName="Harmsstraße" StrPLZ="24114" OrtID="194" Merkmal="1" Planquadrat="N"/>
  <Strassen StrID="14199" StrName="Buchenkamp" StrPLZ="31832" OrtID="278" Merkmal="1" Planquadrat="N&#xD;"/>
  <Strassen StrID="14200" StrName="Fuhrberger Straße" StrPLZ="29225" OrtID="115" Merkmal="1" Planquadrat="N"/>
  <Strassen StrID="14201" StrName="Im Winkel" StrPLZ="30926" OrtID="6" Merkmal="1" Planquadrat="N&#xD;"/>
  <Strassen StrID="14202" StrName="Am Forsthaus" StrPLZ="30916" OrtID="21" Merkmal="1" Planquadrat="N&#xD;"/>
  <Strassen StrID="14203" StrName="Siegener Straße" StrPLZ="35683" OrtID="1238" Merkmal="1" Planquadrat="N&#xD;"/>
  <Strassen StrID="14204" StrName="Storchenweg" StrPLZ="31535" OrtID="22" Merkmal="1" Planquadrat="N&#xD;"/>
  <Strassen StrID="14205" StrName="Promenade" StrPLZ="A-4020" OrtID="1193" Merkmal="1" Planquadrat="N"/>
  <Strassen StrID="14206" StrName="Lerchenweg" StrPLZ="29630" OrtID="111" Merkmal="1" Planquadrat="N&#xD;"/>
  <Strassen StrID="14207" StrName="Im Fuchsbachtal" StrPLZ="30890" OrtID="2" Merkmal="1" Planquadrat="N&#xD;"/>
  <Strassen StrID="14208" StrName="30974" OrtID="307" Merkmal="1" Planquadrat="N&#xD;"/>
  <Strassen StrID="14209" StrName="An der Wende" StrPLZ="30974" OrtID="307" Merkmal="1" Planquadrat="N&#xD;"/>
  <Strassen StrID="14210" StrName="Rondeel" StrPLZ="22301" OrtID="39" Merkmal="1" Planquadrat="N&#xD;"/>
  <Strassen StrID="14211" StrName="Habichtshorst" StrPLZ="31303" OrtID="20" Merkmal="1" Planquadrat="N&#xD;"/>
  <Strassen StrID="14212" StrName="Calle Benjamin J. Miranda" StrPLZ="E-38400" OrtID="1330" Merkmal="1" Planquadrat="N"/>
  <Strassen StrID="14213" StrName="Schlüterstraße" StrPLZ="10629" OrtID="18" Merkmal="1" Planquadrat="N&#xD;"/>
  <Strassen StrID="14214" StrName="In der Staudriede" StrPLZ="30826" OrtID="149" Merkmal="1" Planquadrat="N&#xD;"/>
  <Strassen StrID="14215" StrName="Mindener Straße" StrPLZ="31675" OrtID="112" Merkmal="1" Planquadrat="N&#xD;"/>
  <Strassen StrID="14216" StrName="Graseweg" StrPLZ="30926" OrtID="6" Merkmal="1" Planquadrat="N&#xD;"/>
  <Strassen StrID="14217" StrName="Eichedorffstr." StrPLZ="30926" OrtID="6" Merkmal="1" Planquadrat="N&#xD;"/>
  <Strassen StrID="14218" StrName="Steinstrasse" StrPLZ="40212" OrtID="127" Merkmal="1" Planquadrat="N"/>
  <Strassen StrID="14219" StrName="Gärtnereiweg" StrPLZ="31275" OrtID="4" Merkmal="1" Planquadrat="N&#xD;"/>
  <Strassen StrID="14220" StrName="Europaplatz" StrPLZ="64293" OrtID="118" Merkmal="1" Planquadrat="N&#xD;"/>
  <Strassen StrID="14221" StrName="Habichtweg" StrPLZ="30853" OrtID="27" Merkmal="1" Planquadrat="N&#xD;"/>
  <Strassen StrID="14222" StrName="Hasenbanckweg" StrPLZ="22119" OrtID="39" Merkmal="1" Planquadrat="N&#xD;"/>
  <Strassen StrID="14223" StrName="Erlenweg" StrPLZ="30900" OrtID="25" Merkmal="1" Planquadrat="N&#xD;"/>
  <Strassen StrID="14224" StrName="Seerosenweg" StrPLZ="31515" OrtID="319" Merkmal="1" Planquadrat="N&#xD;"/>
  <Strassen StrID="14225" StrName="Bischofskamp" StrPLZ="31137" OrtID="9" Merkmal="1" Planquadrat="N&#xD;"/>
  <Strassen StrID="14226" StrName="Mühlenweg" StrPLZ="31515" OrtID="319" Merkmal="1" Planquadrat="N&#xD;"/>
  <Strassen StrID="14227" StrName="Stoltenstraße" StrPLZ="22119" OrtID="39" Merkmal="1" Planquadrat="N&#xD;"/>
  <Strassen StrID="14228" StrName="Pöttcherhof" StrPLZ="30938" OrtID="40" Merkmal="1" Planquadrat="N&#xD;"/>
  <Strassen StrID="14229" StrName="Krabbenhöhe" StrPLZ="21465" OrtID="258" Merkmal="1" Planquadrat="N&#xD;"/>
  <Strassen StrID="14230" StrName="Am Deich" StrPLZ="28199" OrtID="109" Merkmal="1" Planquadrat="N"/>
  <Strassen StrID="14231" StrName="Panoramastraße" StrPLZ="65199" OrtID="50" Merkmal="1" Planquadrat="N&#xD;"/>
  <Strassen StrID="14232" StrName="Burscheider Straße" StrPLZ="51381" OrtID="943" Merkmal="1" Planquadrat="N&#xD;"/>
  <Strassen StrID="14234" StrName="Risiweg" StrPLZ="CH 8706" OrtID="1241" Merkmal="1" Planquadrat="N&#xD;"/>
  <Strassen StrID="14235" StrName="Apt." StrPLZ="E-07570" OrtID="1242"/>
  <Strassen StrID="14236" StrName="Balleweg" StrPLZ="CH-8832" OrtID="1243"/>
  <Strassen StrID="14237" StrName="Bürgermeister-Spitta-Allee" StrPLZ="28329" OrtID="109" Merkmal="1" Planquadrat="N"/>
  <Strassen StrID="14238" StrName="Über dem Dorf" StrPLZ="30989" OrtID="5" Merkmal="0"/>
  <Strassen StrID="14239" StrName="Gartenstraße" StrPLZ="31311" OrtID="1246"/>
  <Strassen StrID="14240" StrName="Deveser Straße" StrPLZ="30966" OrtID="13"/>
  <Strassen StrID="14241" StrName="Brunnenweg" StrPLZ="31249" OrtID="185" Merkmal="0"/>
  <Strassen StrID="14242" StrName="Paul-Klee-Straße" StrPLZ="31867" OrtID="24" Merkmal="0"/>
  <Strassen StrID="14243" StrName="Dorotheenstraße" StrPLZ="22301" OrtID="39"/>
  <Strassen StrID="14244" StrName="Otto-Hahn-Straße" StrPLZ="30880" OrtID="200"/>
  <Strassen StrID="14245" StrName="Mühlenstraße" StrPLZ="40721" OrtID="369"/>
  <Strassen StrID="14246" StrName="Überseering" StrPLZ="22297" OrtID="39"/>
  <Strassen StrID="14247" StrName="Karl-Wehler-Straße" StrPLZ="31319" OrtID="276"/>
  <Strassen StrID="14248" StrName="Wiesenhofstraße" StrPLZ="31319" OrtID="276"/>
  <Strassen StrID="14249" StrName="Mühlentorstraße" StrPLZ="35470" OrtID="462"/>
  <Strassen StrID="14250" StrName="Fuhrberger Straße" StrPLZ="30938" OrtID="40"/>
  <Strassen StrID="14251" StrName="Eichhornstraße" StrPLZ="10875" OrtID="18"/>
  <Strassen StrID="14252" StrName="Porschestraße" StrPLZ="30827" OrtID="149"/>
  <Strassen StrID="14253" StrName="Gleiwitzer Straße" StrPLZ="31226" OrtID="7" Merkmal="0"/>
  <Strassen StrID="14254" StrName="Kallbergstraße" StrPLZ="31311" OrtID="294"/>
  <Strassen StrID="14255" StrName="Bahnhofstraße" StrPLZ="31171" OrtID="241"/>
  <Strassen StrID="14256" StrName="Klewergarten" StrPLZ="30449" OrtID="1"/>
  <Strassen StrID="14257" StrName="Wilhelm-Busch-Straße" StrPLZ="30890" OrtID="2"/>
  <Strassen StrID="14258" StrName="Freimarkt" StrPLZ="06333" OrtID="180"/>
  <Strassen StrID="14259" StrName="Feldstraße" StrPLZ="31303" OrtID="20"/>
  <Strassen StrID="14260" StrName="Goethestraße" StrPLZ="76684" OrtID="1247"/>
  <Strassen StrID="14261" StrName="Bahnhofstraße" StrPLZ="12207" OrtID="18"/>
  <Strassen StrID="14262" StrName="Hildegardstraße" StrPLZ="45130" OrtID="42" Merkmal="0"/>
  <Strassen StrID="15686" StrName="Platz der Deutschen Einheit" StrPLZ="46282" OrtID="1467" Merkmal="0"/>
  <Strassen StrID="14264" StrName="Laubacherstraße" StrPLZ="35447" OrtID="665"/>
  <Strassen StrID="14265" StrName="Stücklermattweg" StrPLZ="CH-4468" OrtID="1249"/>
  <Strassen StrID="14266" StrName="Mittelstraße" StrPLZ="31303" OrtID="20"/>
  <Strassen StrID="14267" StrName="Hokenstraße" StrPLZ="38640" OrtID="157"/>
  <Strassen StrID="14268" StrName="Sponhenerstraße" StrPLZ="45326" OrtID="42" Merkmal="0"/>
  <Strassen StrID="14269" StrName="Moltkestraße" StrPLZ="31275" OrtID="4"/>
  <Strassen StrID="14270" StrName="Nordhäuser Straße" StrPLZ="37412" OrtID="756"/>
  <Strassen StrID="14271" StrName="Bogenstraße" StrPLZ="30890" OrtID="2"/>
  <Strassen StrID="14272" StrName="Sackstrasse" StrPLZ="30926" OrtID="6"/>
  <Strassen StrID="14273" StrName="Lortzingweg" StrPLZ="30989" OrtID="5" Merkmal="0"/>
  <Strassen StrID="14274" StrName="Via delle Copelle" StrPLZ="CH-6612" OrtID="1252"/>
  <Strassen StrID="14275" StrName="Albert-Einstein-Straße" StrPLZ="48607" OrtID="732"/>
  <Strassen StrID="14276" StrName="Wiesenweg" StrPLZ="30827" OrtID="149"/>
  <Strassen StrID="14277" StrName="Lindenstraße" StrPLZ="31698" OrtID="727"/>
  <Strassen StrID="14278" StrName="Vorm Hofe" StrPLZ="30900" OrtID="25"/>
  <Strassen StrID="14279" StrName="Torstraße" StrPLZ="37154" OrtID="242"/>
  <Strassen StrID="14280" StrName="Hauptstraße" StrPLZ="31249" OrtID="185" Merkmal="0"/>
  <Strassen StrID="14281" StrName="Luisenstraße" StrPLZ="30938" OrtID="40"/>
  <Strassen StrID="14282" StrName="Cellerstraße" StrPLZ="30938" OrtID="40"/>
  <Strassen StrID="14283" StrName="Niedersachsenring" StrPLZ="30827" OrtID="149"/>
  <Strassen StrID="14284" StrName="Grashofstraße" StrPLZ="80995" OrtID="225" Merkmal="0"/>
  <Strassen StrID="14285" StrName="Tischlerstraße" StrPLZ="30916" OrtID="21"/>
  <Strassen StrID="14286" StrName="Freifeldstraße" StrPLZ="CH 7000" OrtID="1253"/>
  <Strassen StrID="14287" StrName="Bahnhofstraße" StrPLZ="30900" OrtID="25"/>
  <Strassen StrID="14288" StrName="Am Hasenberge" StrPLZ="30823" OrtID="149"/>
  <Strassen StrID="14289" StrName="Elisenweg" StrPLZ="30827" OrtID="149"/>
  <Strassen StrID="14290" StrName="Berliner Straße" StrPLZ="30890" OrtID="2"/>
  <Strassen StrID="14291" StrName="Graf-Ulrich-Straße" StrPLZ="26603" OrtID="463"/>
  <Strassen StrID="14292" StrName="Lange Laube" StrPLZ="30195" OrtID="1"/>
  <Strassen StrID="14293" StrName="Hauptstraße" StrPLZ="31559" OrtID="501"/>
  <Strassen StrID="14294" StrName="Nikolaus- Otto- Straße" StrPLZ="30989" OrtID="5" Merkmal="0"/>
  <Strassen StrID="14295" StrName="Eichendorffstraße" StrPLZ="25576" OrtID="110"/>
  <Strassen StrID="14297" StrName="Auf den Äckern" StrPLZ="31700" OrtID="873"/>
  <Strassen StrID="14298" StrName="Lützekenstraße" StrPLZ="30625" OrtID="1"/>
  <Strassen StrID="14299" StrName="Tulpenstraße" StrPLZ="31848" OrtID="89"/>
  <Strassen StrID="14300" StrName="Wilbrandtstraße" StrPLZ="33330" OrtID="521"/>
  <Strassen StrID="14301" StrName="Postfach" StrPLZ="CH-8301" OrtID="1260"/>
  <Strassen StrID="14302" StrName="Hennigesstraße" StrPLZ="30451" OrtID="1"/>
  <Strassen StrID="14303" StrName="Sängerhofgasse" StrPLZ="A-2512" OrtID="1262"/>
  <Strassen StrID="14304" StrName="Louise-Schröder-Straße" StrPLZ="30974" OrtID="307"/>
  <Strassen StrID="14305" StrName="Via Carlini" StrPLZ="I-20010" OrtID="1263" Merkmal="0"/>
  <Strassen StrID="14306" StrName="Hermelijnvlinder" StrPLZ="NL-1113 LD" OrtID="1266"/>
  <Strassen StrID="14307" StrName="C. Homer" StrPLZ="E-17480" OrtID="1267"/>
  <Strassen StrID="14308" StrName="Andréstraße" StrPLZ="35039" OrtID="578"/>
  <Strassen StrID="14309" StrName="Via Vegnano" StrPLZ="I-20121" OrtID="1263" Merkmal="0"/>
  <Strassen StrID="14310" StrName="Östbergweg" StrPLZ="30559" OrtID="1"/>
  <Strassen StrID="15293" StrName="Königsallee" StrPLZ="40212" OrtID="127" Merkmal="0"/>
  <Strassen StrID="14312" StrName="Karl-Werner-Straße" StrPLZ="38442" OrtID="315"/>
  <Strassen StrID="14313" StrName="Schlesierweg" StrPLZ="31515" OrtID="319"/>
  <Strassen StrID="14314" StrName="Rauensteinstraße" StrPLZ="88662" OrtID="1268"/>
  <Strassen StrID="14315" StrName="Ketterinkbraak" StrPLZ="NL-7152" OrtID="1269"/>
  <Strassen StrID="14316" StrName="Hornemannstraße" StrPLZ="31137" OrtID="9"/>
  <Strassen StrID="14317" StrName="Zum Roden" StrPLZ="31275" OrtID="4"/>
  <Strassen StrID="14318" StrName="Postfach" StrPLZ="30432" OrtID="1"/>
  <Strassen StrID="14319" StrName="Via L. Manara" StrPLZ="I-20098" OrtID="1270" Merkmal="0"/>
  <Strassen StrID="14320" StrName="Hirschmattstraße" StrPLZ="CH-6003" OrtID="1271"/>
  <Strassen StrID="15885" StrName="Yvette-Amiot-Weg" StrPLZ="30453" OrtID="1" Merkmal="0"/>
  <Strassen StrID="14322" StrName="Straße der Nationen" StrPLZ="30539" OrtID="1"/>
  <Strassen StrID="14323" StrName="Gundeldinger Straße" StrPLZ="CH-04053" OrtID="1272"/>
  <Strassen StrID="14324" StrName="Im Etzliberg" StrPLZ="CH-8800" OrtID="1273"/>
  <Strassen StrID="14325" StrName="Het Leunenberg" StrPLZ="NL-7544JE" OrtID="1274"/>
  <Strassen StrID="14326" StrName="Kromme Akker" StrPLZ="NL-1723BD" OrtID="1276" Merkmal="0"/>
  <Strassen StrID="14327" StrName="Hauptstraße" StrPLZ="CH-2560" OrtID="1278"/>
  <Strassen StrID="14328" StrName="Über den Beeken" StrPLZ="30952" OrtID="3"/>
  <Strassen StrID="14329" StrName="Druseltalstraße" StrPLZ="34131" OrtID="11" Merkmal="0"/>
  <Strassen StrID="14330" StrName="Auf den Äckern" StrPLZ="30966" OrtID="13" Merkmal="0"/>
  <Strassen StrID="14331" StrName="Noldeweg" StrPLZ="31275" OrtID="4"/>
  <Strassen StrID="14332" StrName="Apu. Correo" StrPLZ="E-07620" OrtID="1279" Merkmal="0"/>
  <Strassen StrID="14333" StrName="Övelgönne" StrPLZ="22605" OrtID="39"/>
  <Strassen StrID="14334" StrName="Knabstrupvej" StrPLZ="DK-4420" OrtID="1280"/>
  <Strassen StrID="14335" StrName="Lehrter Straße" StrPLZ="31319" OrtID="276"/>
  <Strassen StrID="14336" StrName="Briegelweg" StrPLZ="64287" OrtID="118"/>
  <Strassen StrID="14337" StrName="Herrenstraße" StrPLZ="A-4020" OrtID="1281"/>
  <Strassen StrID="14338" StrName="Eseringerstraße" StrPLZ="31303" OrtID="20"/>
  <Strassen StrID="14339" StrName="Paseo Del Embajadores" StrPLZ="E-28707" OrtID="1282"/>
  <Strassen StrID="14340" StrName="Liebigstraße" StrPLZ="31135" OrtID="9"/>
  <Strassen StrID="14341" StrName="Kronsbergstraße" StrPLZ="30880" OrtID="200"/>
  <Strassen StrID="14342" StrName="Deike-Busch-Straße" StrPLZ="31157" OrtID="268" Merkmal="0"/>
  <Strassen StrID="14343" StrName="Vereinigungsstraße" StrPLZ="26122" OrtID="248" Merkmal="0"/>
  <Strassen StrID="14344" StrName="Taalforvej" StrPLZ="DK-8250" OrtID="1283"/>
  <Strassen StrID="14345" StrName="Schulstraße" StrPLZ="31812" OrtID="94"/>
  <Strassen StrID="14346" StrName="Kösterbrinck" StrPLZ="31737" OrtID="262"/>
  <Strassen StrID="14347" StrName="Ölgartenstraße" StrPLZ="53773" OrtID="1152"/>
  <Strassen StrID="14348" StrName="Sct. Knuds Vej" StrPLZ="DK-8800" OrtID="1284" Merkmal="0"/>
  <Strassen StrID="14349" StrName="Gartenstraße" StrPLZ="37627" OrtID="282"/>
  <Strassen StrID="14350" StrName="Gebrüder-Hartmann-Straße" StrPLZ="30659" OrtID="1"/>
  <Strassen StrID="14351" StrName="Diego de Vargas" StrPLZ="E-41007" OrtID="1287" Merkmal="0"/>
  <Strassen StrID="14352" StrName="Tonweg" StrPLZ="31655" OrtID="32"/>
  <Strassen StrID="14353" StrName="Pfaffenbergstraße" StrPLZ="27232" OrtID="525"/>
  <Strassen StrID="14354" StrName="Hirtenweg" StrPLZ="30926" OrtID="6"/>
  <Strassen StrID="14355" StrName="Heinrich-Behrmann-Weg" StrPLZ="31535" OrtID="22"/>
  <Strassen StrID="14356" StrName="An der Alster" StrPLZ="20099" OrtID="39"/>
  <Strassen StrID="14357" StrName="Hasselfeldstraße" StrPLZ="30926" OrtID="6"/>
  <Strassen StrID="14358" StrName="Fuhrenkamp" StrPLZ="30926" OrtID="6"/>
  <Strassen StrID="14359" StrName="Sömmerringstraße" StrPLZ="50823" OrtID="17"/>
  <Strassen StrID="15886" StrName="Langer Kamp" StrPLZ="31609" OrtID="1497" Merkmal="0"/>
  <Strassen StrID="14361" StrName="Osterbrak" StrPLZ="37619" OrtID="195"/>
  <Strassen StrID="14362" StrName="Emlandstrasse" StrPLZ="30900" OrtID="25"/>
  <Strassen StrID="14363" StrName="Bertholdstraße" StrPLZ="31188" OrtID="1288"/>
  <Strassen StrID="14364" StrName="Gerhart-Hauptmann-Straße" StrPLZ="31319" OrtID="276"/>
  <Strassen StrID="14365" StrName="Booter Diep Straat" StrPLZ="NL-1079ST" OrtID="1289"/>
  <Strassen StrID="14366" StrName="Herrenhäuser Strasse" StrPLZ="30419" OrtID="1"/>
  <Strassen StrID="14367" StrName="Lindhorn" StrPLZ="30419" OrtID="1"/>
  <Strassen StrID="14368" StrName="Gneisenaustrasse" StrPLZ="30826" OrtID="149"/>
  <Strassen StrID="14369" StrName="Dorfstraße" StrPLZ="31693" OrtID="1290"/>
  <Strassen StrID="14370" StrName="Krochmannstraße" StrPLZ="49076" OrtID="249" Merkmal="0"/>
  <Strassen StrID="14371" StrName="Am Finnenkamp" StrPLZ="31655" OrtID="32"/>
  <Strassen StrID="14372" StrName="Ahnser Weg" StrPLZ="31535" OrtID="22"/>
  <Strassen StrID="14373" StrName="Grete-Jürgens-Straße" StrPLZ="30655" OrtID="1"/>
  <Strassen StrID="14374" StrName="Fuhrenweg" StrPLZ="38536" OrtID="627"/>
  <Strassen StrID="14375" StrName="Pargenstraße" StrPLZ="30519" OrtID="1"/>
  <Strassen StrID="14376" StrName="Max-Böhne-Ring" StrPLZ="96450" OrtID="981"/>
  <Strassen StrID="14377" StrName="Kirchplatz" StrPLZ="31633" OrtID="1106"/>
  <Strassen StrID="14378" StrName="Nienstedter Straße" StrPLZ="30890" OrtID="2"/>
  <Strassen StrID="14379" StrName="Düwellstraße" StrPLZ="85354" OrtID="1007"/>
  <Strassen StrID="14380" StrName="Gertrudenstraße" StrPLZ="38102" OrtID="8" Merkmal="0"/>
  <Strassen StrID="14381" StrName="Tannengrund" StrPLZ="30926" OrtID="6"/>
  <Strassen StrID="14382" StrName="Lohnoer Straße" StrPLZ="30926" OrtID="6"/>
  <Strassen StrID="14383" StrName="Tulpenweg" StrPLZ="31832" OrtID="278"/>
  <Strassen StrID="14384" StrName="Bitburger Straße" StrPLZ="50935" OrtID="17"/>
  <Strassen StrID="14385" StrName="Igelweg" StrPLZ="30900" OrtID="25"/>
  <Strassen StrID="14386" StrName="Leinestraße" StrPLZ="30966" OrtID="13" Merkmal="0"/>
  <Strassen StrID="14387" StrName="Hubertusstraße" StrPLZ="31535" OrtID="22"/>
  <Strassen StrID="14388" StrName="Uthofstraße" StrPLZ="33442" OrtID="1292"/>
  <Strassen StrID="14389" StrName="Wiesengrund" StrPLZ="31234" OrtID="128"/>
  <Strassen StrID="14390" StrName="Rullstorfer Straße" StrPLZ="21379" OrtID="1293"/>
  <Strassen StrID="14391" StrName="Am Riedborn" StrPLZ="61250" OrtID="691"/>
  <Strassen StrID="14392" StrName="Alfredstraße" StrPLZ="20535" OrtID="39"/>
  <Strassen StrID="14393" StrName="Alte Reichsstraße" StrPLZ="97318" OrtID="1212"/>
  <Strassen StrID="14394" StrName="Fritz-Beindorff-Allee" StrPLZ="30175" OrtID="1"/>
  <Strassen StrID="14395" StrName="Hegelplatz" StrPLZ="10117" OrtID="18"/>
  <Strassen StrID="14396" StrName="Milanweg" StrPLZ="30853" OrtID="27"/>
  <Strassen StrID="14397" StrName="Promenade" StrPLZ="33604" OrtID="101"/>
  <Strassen StrID="14398" StrName="Lachteweg" StrPLZ="31303" OrtID="20"/>
  <Strassen StrID="14399" StrName="Heidelberger Straße" StrPLZ="64546" OrtID="47"/>
  <Strassen StrID="14400" StrName="Am Fliederwall" StrPLZ="24589" OrtID="1294"/>
  <Strassen StrID="14401" StrName="Mainzer Straße" StrPLZ="56068" OrtID="807"/>
  <Strassen StrID="14402" StrName="Raiffeisenstraße" StrPLZ="31311" OrtID="294"/>
  <Strassen StrID="14403" StrName="Erthalstraße" StrPLZ="97074" OrtID="414"/>
  <Strassen StrID="14404" StrName="Siegfriedstraße" StrPLZ="38106" OrtID="8" Merkmal="0"/>
  <Strassen StrID="14406" StrName="Buschweg" StrPLZ="31275" OrtID="4"/>
  <Strassen StrID="14407" StrName="Berliner Straße" StrPLZ="30823" OrtID="149"/>
  <Strassen StrID="14408" StrName="Am Sandfeld" StrPLZ="29308" OrtID="1295"/>
  <Strassen StrID="14409" StrName="Voldagsen" StrPLZ="31863" OrtID="117"/>
  <Strassen StrID="14410" StrName="Engenser Strasse" StrPLZ="30938" OrtID="40"/>
  <Strassen StrID="14411" StrName="Keplerweg" StrPLZ="32049" OrtID="178"/>
  <Strassen StrID="14412" StrName="Danziger Ring" StrPLZ="30900" OrtID="25"/>
  <Strassen StrID="14413" StrName="Dorfstraße" StrPLZ="24211" OrtID="1296"/>
  <Strassen StrID="14414" StrName="Kiefernheide" StrPLZ="27299" OrtID="806"/>
  <Strassen StrID="14415" StrName="Heinrich-Lampe-Straße" StrPLZ="31275" OrtID="4"/>
  <Strassen StrID="14416" StrName="Königsbergerstrasse" StrPLZ="30900" OrtID="25"/>
  <Strassen StrID="14417" StrName="Kleine Pfahlstrasse" StrPLZ="30161" OrtID="1"/>
  <Strassen StrID="14418" StrName="Mildred-Scheel-Weg" StrPLZ="25337" OrtID="134" Merkmal="0"/>
  <Strassen StrID="14419" StrName="Neumühlen" StrPLZ="22763" OrtID="39"/>
  <Strassen StrID="14420" StrName="Kiebitzweg" StrPLZ="29690" OrtID="273"/>
  <Strassen StrID="14421" StrName="Karcherstraße" StrPLZ="66111" OrtID="1140"/>
  <Strassen StrID="14422" StrName="Caroline-Herschel-Weg" StrPLZ="30855" OrtID="27"/>
  <Strassen StrID="14423" StrName="Ackerstraße" StrPLZ="30851" OrtID="27"/>
  <Strassen StrID="14424" StrName="Goldrutenweg" StrPLZ="30559" OrtID="1"/>
  <Strassen StrID="14425" StrName="Leinstrasse" StrPLZ="31535" OrtID="22"/>
  <Strassen StrID="14427" StrName="Barfußgäßchen" StrPLZ="04109" OrtID="208" Merkmal="0"/>
  <Strassen StrID="14428" StrName="Voss-Straße" StrPLZ="31157" OrtID="268" Merkmal="0"/>
  <Strassen StrID="14429" StrName="Wiesenstraße" StrPLZ="31535" OrtID="22"/>
  <Strassen StrID="14430" StrName="Bleichenstrasse" StrPLZ="31515" OrtID="319"/>
  <Strassen StrID="14431" StrName="Südstrasse" StrPLZ="30989" OrtID="5" Merkmal="0"/>
  <Strassen StrID="14432" StrName="Zum Pfarrwald" StrPLZ="31749" OrtID="81"/>
  <Strassen StrID="14433" StrName="Wätzumer Strasse" StrPLZ="31191" OrtID="76"/>
  <Strassen StrID="14434" StrName="Bussardweg" StrPLZ="31655" OrtID="32"/>
  <Strassen StrID="14435" StrName="Am Wellenbach" StrPLZ="31139" OrtID="9"/>
  <Strassen StrID="14436" StrName="Brahusweg" StrPLZ="30880" OrtID="200"/>
  <Strassen StrID="14437" StrName="Dorfstrasse" StrPLZ="30916" OrtID="21"/>
  <Strassen StrID="14438" StrName="Im Rothen" StrPLZ="30916" OrtID="21"/>
  <Strassen StrID="14439" StrName="Max-Kuhlemann-Srasse" StrPLZ="30559" OrtID="1"/>
  <Strassen StrID="14440" StrName="Hinter den Brüdern" StrPLZ="38640" OrtID="157"/>
  <Strassen StrID="14441" StrName="Echternplatz" StrPLZ="31224" OrtID="7" Merkmal="0"/>
  <Strassen StrID="14442" StrName="Wilhelmstraße" StrPLZ="31275" OrtID="4"/>
  <Strassen StrID="14443" StrName="In der Nordrehr" StrPLZ="31515" OrtID="319"/>
  <Strassen StrID="14444" StrName="Röselerstrasse" StrPLZ="30159" OrtID="1"/>
  <Strassen StrID="14445" StrName="Ferdinand-Wahrendorff-Strasse" StrPLZ="31319" OrtID="276"/>
  <Strassen StrID="14446" StrName="Wallensteinstrasse" StrPLZ="30459" OrtID="1"/>
  <Strassen StrID="14447" StrName="Herderstrasse" StrPLZ="30625" OrtID="1"/>
  <Strassen StrID="14448" StrName="Uferallee" StrPLZ="29549" OrtID="667"/>
  <Strassen StrID="14449" StrName="Schloß-Ricklinger-Straße" StrPLZ="31515" OrtID="319"/>
  <Strassen StrID="14450" StrName="Lessingstraße" StrPLZ="32139" OrtID="1297"/>
  <Strassen StrID="14451" StrName="Ernst von Alten Alle" StrPLZ="30966" OrtID="13" Merkmal="0"/>
  <Strassen StrID="15684" StrName="Altwiekring" StrPLZ="38102" OrtID="8" Merkmal="0"/>
  <Strassen StrID="14453" StrName="Oesselser Strasse" StrPLZ="30880" OrtID="200"/>
  <Strassen StrID="14454" StrName="Auf der Lieth" StrPLZ="30880" OrtID="200"/>
  <Strassen StrID="14455" StrName="Weißenstein" StrPLZ="40764" OrtID="1093"/>
  <Strassen StrID="14456" StrName="Angerstrasse" StrPLZ="30851" OrtID="27"/>
  <Strassen StrID="14457" StrName="Eisener Grund" StrPLZ="30890" OrtID="2"/>
  <Strassen StrID="14458" StrName="Steinkamp" StrPLZ="29320" OrtID="1143" Merkmal="0"/>
  <Strassen StrID="14459" StrName="Am Feldrain" StrPLZ="31542" OrtID="91" Merkmal="0"/>
  <Strassen StrID="14460" StrName="Klingsöhrstrasse" StrPLZ="30459" OrtID="1"/>
  <Strassen StrID="14461" StrName="Ziegelstrasse" StrPLZ="30519" OrtID="1"/>
  <Strassen StrID="14463" StrName="Höfeweg" StrPLZ="31542" OrtID="91" Merkmal="0"/>
  <Strassen StrID="14464" StrName="Posener Weg" StrPLZ="29323" OrtID="311"/>
  <Strassen StrID="14465" StrName="Brunnenbergstraße" StrPLZ="30823" OrtID="149"/>
  <Strassen StrID="14466" StrName="Tannenweg" StrPLZ="27308" OrtID="1134"/>
  <Strassen StrID="14467" StrName="Im Ahorngrund" StrPLZ="50996" OrtID="17"/>
  <Strassen StrID="14468" StrName="Fehrlingser Straße" StrPLZ="37181" OrtID="950"/>
  <Strassen StrID="14469" StrName="Angerstraße" StrPLZ="31848" OrtID="89"/>
  <Strassen StrID="14470" StrName="Kirchstraße" StrPLZ="91740" OrtID="1299"/>
  <Strassen StrID="14471" StrName="Flurstraße" StrPLZ="84032" OrtID="1300"/>
  <Strassen StrID="14472" StrName="Rosenweg" StrPLZ="37434" OrtID="1301"/>
  <Strassen StrID="14474" StrName="Goslarsche Strasse" StrPLZ="30419" OrtID="1"/>
  <Strassen StrID="14475" StrName="Ebelingstrasse" StrPLZ="30659" OrtID="1"/>
  <Strassen StrID="14476" StrName="Große Düwelstrasse" StrPLZ="30171" OrtID="1"/>
  <Strassen StrID="14477" StrName="Pentenrieder Strasse" StrPLZ="82152" OrtID="1302"/>
  <Strassen StrID="15892" StrName="Blumenhof" StrPLZ="31275" OrtID="4" Merkmal="0"/>
  <Strassen StrID="14479" StrName="Am Stoot" StrPLZ="45481" OrtID="1303"/>
  <Strassen StrID="14480" StrName="Gilsenshäuser Straße" StrPLZ="36179" OrtID="864"/>
  <Strassen StrID="14481" StrName="Rostockerstrasse" StrPLZ="31832" OrtID="278"/>
  <Strassen StrID="14482" StrName="Alte Döhrener Strasse" StrPLZ="30169" OrtID="1"/>
  <Strassen StrID="14483" StrName="Rosebeckstraße" StrPLZ="30449" OrtID="1"/>
  <Strassen StrID="14484" StrName="An der Celler Bahn" StrPLZ="30855" OrtID="27"/>
  <Strassen StrID="14485" StrName="Allerhop" StrPLZ="30900" OrtID="25"/>
  <Strassen StrID="14486" StrName="Münchner Straße" StrPLZ="30855" OrtID="27"/>
  <Strassen StrID="14487" StrName="Ziegeleiweg" StrPLZ="31749" OrtID="81"/>
  <Strassen StrID="14488" StrName="Koldinger Strasse" StrPLZ="30982" OrtID="253" Merkmal="0"/>
  <Strassen StrID="14489" StrName="Bim Hille" StrPLZ="31319" OrtID="276"/>
  <Strassen StrID="14490" StrName="Zum Riessenfelde" StrPLZ="30974" OrtID="307"/>
  <Strassen StrID="14491" StrName="Schützenstraße" StrPLZ="31275" OrtID="4"/>
  <Strassen StrID="14492" StrName="Wörnbrunner" StrPLZ="82031" OrtID="678"/>
  <Strassen StrID="14494" StrName="Am Teinkamp" StrPLZ="31157" OrtID="268" Merkmal="0"/>
  <Strassen StrID="14495" StrName="Lehzenstrasse" StrPLZ="30169" OrtID="1"/>
  <Strassen StrID="14496" StrName="Rosastraße" StrPLZ="45130" OrtID="42" Merkmal="0"/>
  <Strassen StrID="14497" StrName="Witzlebenweg" StrPLZ="30457" OrtID="1"/>
  <Strassen StrID="14498" StrName="Ritterstrasse" StrPLZ="30880" OrtID="200"/>
  <Strassen StrID="14499" StrName="Marienwerderstrasse" StrPLZ="30823" OrtID="149"/>
  <Strassen StrID="14500" StrName="Schulstrasse" StrPLZ="30938" OrtID="40" Merkmal="0"/>
  <Strassen StrID="15757" StrName="Weidenkamp" StrPLZ="30966" OrtID="13" Merkmal="0"/>
  <Strassen StrID="15652" StrName="Kiefernhain" StrPLZ="25451" OrtID="400" Merkmal="0"/>
  <Strassen StrID="14504" StrName="Marienbader Strasse" StrPLZ="30559" OrtID="1"/>
  <Strassen StrID="14505" StrName="Hegelstrasse" StrPLZ="30625" OrtID="1"/>
  <Strassen StrID="14506" StrName="Kaliweg" StrPLZ="29313" OrtID="164"/>
  <Strassen StrID="14507" StrName="Hünefeldstraße" StrPLZ="46236" OrtID="107"/>
  <Strassen StrID="14508" StrName="Drostestrasse" StrPLZ="30161" OrtID="1"/>
  <Strassen StrID="14509" StrName="Am Markt" StrPLZ="30938" OrtID="40" Merkmal="0"/>
  <Strassen StrID="14510" StrName="Heinrich-Göbel-Straße" StrPLZ="31832" OrtID="278"/>
  <Strassen StrID="14511" StrName="Ostlandstraße" StrPLZ="29313" OrtID="164"/>
  <Strassen StrID="14512" StrName="Bahnhofstraße" StrPLZ="29221" OrtID="115" Merkmal="0"/>
  <Strassen StrID="14513" StrName="Osterende" StrPLZ="30926" OrtID="6"/>
  <Strassen StrID="14514" StrName="Hütteweg" StrPLZ="38729" OrtID="1304"/>
  <Strassen StrID="14515" StrName="St. Georg Straße" StrPLZ="30890" OrtID="2"/>
  <Strassen StrID="14516" StrName="St.-Georg-Straße" StrPLZ="30890" OrtID="2"/>
  <Strassen StrID="14517" StrName="Beethovenring" StrPLZ="31275" OrtID="1"/>
  <Strassen StrID="14518" StrName="Wagnerweg" StrPLZ="30966" OrtID="1"/>
  <Strassen StrID="15295" StrName="Berliner Allee" StrPLZ="40212" OrtID="127" Merkmal="0"/>
  <Strassen StrID="14520" StrName="Postfach" StrPLZ="30880" OrtID="1"/>
  <Strassen StrID="14521" StrName="Neustädter Straße" StrPLZ="31515" OrtID="319"/>
  <Strassen StrID="14522" StrName="Im Moore" StrPLZ="31303" OrtID="20"/>
  <Strassen StrID="14523" StrName="Schoppenhauerstraße" StrPLZ="30890" OrtID="2"/>
  <Strassen StrID="14524" StrName="Tschaikowskistraße" StrPLZ="14532" OrtID="1305"/>
  <Strassen StrID="14525" StrName="Schaumburgerstraße" StrPLZ="30419" OrtID="1"/>
  <Strassen StrID="14526" StrName="Bergstraße" StrPLZ="31188" OrtID="1288"/>
  <Strassen StrID="14527" StrName="Wülfrather Straße" StrPLZ="42105" OrtID="320" Merkmal="0"/>
  <Strassen StrID="14528" StrName="Im Nierenfelde" StrPLZ="31061" OrtID="74"/>
  <Strassen StrID="14529" StrName="Burwinkel" StrPLZ="29336" OrtID="430"/>
  <Strassen StrID="14530" StrName="Franklinstraße" StrPLZ="30177" OrtID="1"/>
  <Strassen StrID="14531" StrName="Collegienstraße" StrPLZ="06886" OrtID="1306"/>
  <Strassen StrID="14532" StrName="Engelsgut" StrPLZ="51467" OrtID="588"/>
  <Strassen StrID="14533" StrName="Feldstraße" StrPLZ="30851" OrtID="27"/>
  <Strassen StrID="14534" StrName="Frommeyerweg" StrPLZ="49124" OrtID="551"/>
  <Strassen StrID="14535" StrName="Stormstraße" StrPLZ="30890" OrtID="2"/>
  <Strassen StrID="14536" StrName="Oerier Weg" StrPLZ="30880" OrtID="200"/>
  <Strassen StrID="14537" StrName="Bahnhofstraße" StrPLZ="59519" OrtID="1307"/>
  <Strassen StrID="14538" StrName="Wiesengrund" StrPLZ="29313" OrtID="164"/>
  <Strassen StrID="14539" StrName="Spreeweg" StrPLZ="30851" OrtID="27"/>
  <Strassen StrID="14540" StrName="Elsenseestraße" StrPLZ="25451" OrtID="400"/>
  <Strassen StrID="14541" StrName="Rudolf-Warendorf-Straße" StrPLZ="31319" OrtID="276"/>
  <Strassen StrID="14542" StrName="Hate Feld" StrPLZ="30926" OrtID="6"/>
  <Strassen StrID="14543" StrName="Gluckstraße" StrPLZ="53115" OrtID="26" Merkmal="0"/>
  <Strassen StrID="14544" StrName="Mönchebrede" StrPLZ="33102" OrtID="252"/>
  <Strassen StrID="14545" StrName="Wiesenkamp" StrPLZ="31303" OrtID="20"/>
  <Strassen StrID="14546" StrName="Am Friedhof" StrPLZ="31542" OrtID="91" Merkmal="0"/>
  <Strassen StrID="14547" StrName="Carl-Friedrich-Gauß-Straße" StrPLZ="30826" OrtID="149"/>
  <Strassen StrID="14548" StrName="Schmiedegarten" StrPLZ="31249" OrtID="185" Merkmal="0"/>
  <Strassen StrID="14549" StrName="Dianastraße" StrPLZ="31275" OrtID="4"/>
  <Strassen StrID="14550" StrName="Alter Griesheimer Weg" StrPLZ="64293" OrtID="118"/>
  <Strassen StrID="14551" StrName="Kurt-Schumacher-Straße" StrPLZ="30823" OrtID="149"/>
  <Strassen StrID="14552" StrName="St. Annen" StrPLZ="31655" OrtID="32"/>
  <Strassen StrID="14553" StrName="Hohl" StrPLZ="64673" OrtID="1308"/>
  <Strassen StrID="14554" StrName="Hauptstraße" StrPLZ="82327" OrtID="1309"/>
  <Strassen StrID="14555" StrName="Otto-Hergt-Straße" StrPLZ="31535" OrtID="22"/>
  <Strassen StrID="14556" StrName="Hauptstraße" StrPLZ="30916" OrtID="1"/>
  <Strassen StrID="14557" StrName="Zum Silberkamp" StrPLZ="31275" OrtID="4"/>
  <Strassen StrID="14558" StrName="Ulmenweg" StrPLZ="31162" OrtID="95"/>
  <Strassen StrID="14559" StrName="Rotdornweg" StrPLZ="31832" OrtID="278"/>
  <Strassen StrID="14560" StrName="Holunderstraße" StrPLZ="34582" OrtID="434"/>
  <Strassen StrID="14561" StrName="Melanchtonstraße" StrPLZ="30165" OrtID="1"/>
  <Strassen StrID="14562" StrName="Niederwinden" StrPLZ="74585" OrtID="1310"/>
  <Strassen StrID="14563" StrName="Habichthorst" StrPLZ="31515" OrtID="319"/>
  <Strassen StrID="14564" StrName="Allerstraße" StrPLZ="31303" OrtID="20"/>
  <Strassen StrID="14565" StrName="Böhmische Wiesen" StrPLZ="30926" OrtID="6"/>
  <Strassen StrID="14566" StrName="Am Hapkenberge" StrPLZ="30952" OrtID="3"/>
  <Strassen StrID="14567" StrName="Butschstraße" StrPLZ="78647" OrtID="1311"/>
  <Strassen StrID="14568" StrName="Trakehnerweg" StrPLZ="30900" OrtID="25"/>
  <Strassen StrID="14569" StrName="Gartenstraße" StrPLZ="69469" OrtID="770"/>
  <Strassen StrID="14570" StrName="Warener Straße" StrPLZ="31832" OrtID="278"/>
  <Strassen StrID="14571" StrName="Carl-Maria-von-Weber-Straße" StrPLZ="37574" OrtID="133"/>
  <Strassen StrID="14572" StrName="Fasanenstrasse" StrPLZ="39114" OrtID="216" Merkmal="0"/>
  <Strassen StrID="15694" StrName="John Schehr Straße" StrPLZ="10437" OrtID="18" Merkmal="0"/>
  <Strassen StrID="14574" StrName="Windmühlenweg" StrPLZ="31547" OrtID="30"/>
  <Strassen StrID="14575" StrName="Auf dem Berge" StrPLZ="31840" OrtID="37"/>
  <Strassen StrID="14576" StrName="Kleine Ziegelriede" StrPLZ="31582" OrtID="1312"/>
  <Strassen StrID="14577" StrName="Stille Straße" StrPLZ="30952" OrtID="3" Merkmal="0"/>
  <Strassen StrID="14578" StrName="Taube Bünte" StrPLZ="29308" OrtID="1295"/>
  <Strassen StrID="14579" StrName="Klappgarten" StrPLZ="29633" OrtID="368"/>
  <Strassen StrID="14580" StrName="Danquardstraße" StrPLZ="30974" OrtID="307"/>
  <Strassen StrID="14581" StrName="Nordenkamp" StrPLZ="30823" OrtID="149"/>
  <Strassen StrID="14582" StrName="Bachstraße" StrPLZ="38704" OrtID="562"/>
  <Strassen StrID="14583" StrName="Roßkampstrasse" StrPLZ="30519" OrtID="1"/>
  <Strassen StrID="14584" StrName="Breite Straße" StrPLZ="30952" OrtID="3" Merkmal="0"/>
  <Strassen StrID="14585" StrName="Leschenweg" StrPLZ="29690" OrtID="111"/>
  <Strassen StrID="14586" StrName="Wilhelm-Busch-Strasse" StrPLZ="30826" OrtID="149"/>
  <Strassen StrID="14587" StrName="Riekefeld" StrPLZ="30966" OrtID="13" Merkmal="0"/>
  <Strassen StrID="14588" StrName="Richard-Wagner-Straße" StrPLZ="50999" OrtID="17"/>
  <Strassen StrID="14589" StrName="Bruchholzwiesen" StrPLZ="30938" OrtID="40" Merkmal="0"/>
  <Strassen StrID="14590" StrName="Zentgrafenstraße" StrPLZ="34130" OrtID="11" Merkmal="0"/>
  <Strassen StrID="14591" StrName="Kollberg" StrPLZ="30916" OrtID="21" Merkmal="0"/>
  <Strassen StrID="14592" StrName="Am Bahnhof" StrPLZ="29690" OrtID="111"/>
  <Strassen StrID="14593" StrName="Wilhelm-Röntgen-Straße" StrPLZ="30966" OrtID="13" Merkmal="0"/>
  <Strassen StrID="14594" StrName="Thorgarten" StrPLZ="30952" OrtID="1313"/>
  <Strassen StrID="14595" StrName="Hauptstraße" StrPLZ="30880" OrtID="200"/>
  <Strassen StrID="14596" StrName="Kapellenstraße" StrPLZ="31832" OrtID="278"/>
  <Strassen StrID="14597" StrName="Beekgarten" StrPLZ="31303" OrtID="20"/>
  <Strassen StrID="14598" StrName="Flassworth" StrPLZ="30900" OrtID="25"/>
  <Strassen StrID="14599" StrName="Allerkampstraße" StrPLZ="29223" OrtID="115" Merkmal="0"/>
  <Strassen StrID="14600" StrName="Eichendorffstraße" StrPLZ="60320" OrtID="1314"/>
  <Strassen StrID="14601" StrName="Freytagstraße" StrPLZ="30165" OrtID="1"/>
  <Strassen StrID="14602" StrName="Wörnbrunner Straße" StrPLZ="82031" OrtID="678"/>
  <Strassen StrID="14603" StrName="Reinpfad" StrPLZ="59423" OrtID="1315"/>
  <Strassen StrID="14604" StrName="Wangeroogeweg" StrPLZ="31303" OrtID="20"/>
  <Strassen StrID="14605" StrName="Reuterweg" StrPLZ="30952" OrtID="3" Merkmal="0"/>
  <Strassen StrID="14606" StrName="Am Vogelberg" StrPLZ="49577" OrtID="1316"/>
  <Strassen StrID="14607" StrName="Hölderlinstraße" StrPLZ="30926" OrtID="6"/>
  <Strassen StrID="14608" StrName="Bachwiesenweg" StrPLZ="67487" OrtID="1317"/>
  <Strassen StrID="14609" StrName="Osteriede" StrPLZ="30827" OrtID="149"/>
  <Strassen StrID="14610" StrName="Wiedemannstraße" StrPLZ="30625" OrtID="1"/>
  <Strassen StrID="14611" StrName="Brombeerweg" StrPLZ="27211" OrtID="915"/>
  <Strassen StrID="14612" StrName="Brinkstraße" StrPLZ="30989" OrtID="5" Merkmal="0"/>
  <Strassen StrID="14613" StrName="Rehbocksweg" StrPLZ="31535" OrtID="22"/>
  <Strassen StrID="14614" StrName="Dorfstraße" StrPLZ="30938" OrtID="40" Merkmal="0"/>
  <Strassen StrID="14615" StrName="Tulpenweg" StrPLZ="30916" OrtID="21" Merkmal="0"/>
  <Strassen StrID="14616" StrName="Elmwarteweg" StrPLZ="38173" OrtID="1318" Merkmal="0"/>
  <Strassen StrID="14617" StrName="Gleiwitzer Straße" StrPLZ="31832" OrtID="278"/>
  <Strassen StrID="14618" StrName="Eichendorffstraße" StrPLZ="30926" OrtID="6"/>
  <Strassen StrID="14619" StrName="Beerenwg" StrPLZ="30900" OrtID="25"/>
  <Strassen StrID="14620" StrName="Am Zuggraben" StrPLZ="29356" OrtID="625"/>
  <Strassen StrID="14621" StrName="Neue Wiesen" StrPLZ="30926" OrtID="6"/>
  <Strassen StrID="14622" StrName="Hansinchstarße" StrPLZ="30655" OrtID="1"/>
  <Strassen StrID="14623" StrName="Tannenstraße" StrPLZ="85640" OrtID="1319"/>
  <Strassen StrID="14624" StrName="Dorf Ilster" StrPLZ="29633" OrtID="368"/>
  <Strassen StrID="14625" StrName="Sorchenweg" StrPLZ="31535" OrtID="22"/>
  <Strassen StrID="14626" StrName="Heidering" StrPLZ="30900" OrtID="25"/>
  <Strassen StrID="14627" StrName="Modersohn-Becker-Weg" StrPLZ="30855" OrtID="27"/>
  <Strassen StrID="14628" StrName="Bahlweg" StrPLZ="30916" OrtID="21" Merkmal="0"/>
  <Strassen StrID="14629" StrName="Elbinger Straße" StrPLZ="30926" OrtID="6"/>
  <Strassen StrID="14630" StrName="Otto-Backhaus-Straße" StrPLZ="30890" OrtID="2"/>
  <Strassen StrID="14631" StrName="Gebrüder-Grimm-Straße" StrPLZ="30900" OrtID="25"/>
  <Strassen StrID="14632" StrName="Eichenkamp" StrPLZ="30900" OrtID="25"/>
  <Strassen StrID="14633" StrName="Neißer Sraße" StrPLZ="31249" OrtID="185" Merkmal="0"/>
  <Strassen StrID="14634" StrName="Lerchenweg" StrPLZ="29690" OrtID="111"/>
  <Strassen StrID="14635" StrName="Bleicherstraße" StrPLZ="30169" OrtID="1"/>
  <Strassen StrID="14636" StrName="Livingstonestraat" StrPLZ="NL-1827" OrtID="1320"/>
  <Strassen StrID="14637" StrName="Risiweg" StrPLZ="CH-8706" OrtID="1321"/>
  <Strassen StrID="14638" StrName="Lippestraße" StrPLZ="40221" OrtID="127" Merkmal="0"/>
  <Strassen StrID="14639" StrName="Europaplatz" StrPLZ="64287" OrtID="118"/>
  <Strassen StrID="14640" StrName="St.-Godehard-Straße" StrPLZ="31139" OrtID="9" Merkmal="0"/>
  <Strassen StrID="14641" StrName="Klagerfurter Straße" StrPLZ="30519" OrtID="1"/>
  <Strassen StrID="14642" StrName="2" StrPLZ="F-69330" OrtID="1322"/>
  <Strassen StrID="14643" StrName="Dorfstraße" StrPLZ="25920" OrtID="1323"/>
  <Strassen StrID="14644" StrName="Stuckestraße" StrPLZ="30657" OrtID="1"/>
  <Strassen StrID="14645" StrName="Elsterweg" StrPLZ="30853" OrtID="27"/>
  <Strassen StrID="14646" StrName="Heinrich-Heine-Platz" StrPLZ="30890" OrtID="2"/>
  <Strassen StrID="14647" StrName="Weistfeld" StrPLZ="30539" OrtID="1"/>
  <Strassen StrID="14648" StrName="Ellenser Weg" StrPLZ="37586" OrtID="1324"/>
  <Strassen StrID="14649" StrName="Tilsiter Straße" StrPLZ="31789" OrtID="19" Merkmal="0"/>
  <Strassen StrID="14650" StrName="Museumstraße" StrPLZ="38100" OrtID="8" Merkmal="0"/>
  <Strassen StrID="14651" StrName="An der Worth" StrPLZ="30916" OrtID="1"/>
  <Strassen StrID="14652" StrName="Werner-Hochstädt-Straße" StrPLZ="31319" OrtID="276"/>
  <Strassen StrID="14653" StrName="Hassellstraße" StrPLZ="29223" OrtID="115" Merkmal="0"/>
  <Strassen StrID="14654" StrName="Wagnerstraße" StrPLZ="30169" OrtID="1"/>
  <Strassen StrID="14655" StrName="Kirchberg" StrPLZ="75038" OrtID="1325"/>
  <Strassen StrID="14656" StrName="Holztorstraße" StrPLZ="31157" OrtID="268" Merkmal="0"/>
  <Strassen StrID="14657" StrName="Seelhorster Allee" StrPLZ="30559" OrtID="1"/>
  <Strassen StrID="14658" StrName="Spilhofstraße" StrPLZ="81927" OrtID="225" Merkmal="0"/>
  <Strassen StrID="14659" StrName="Wichmannstraße" StrPLZ="30890" OrtID="2"/>
  <Strassen StrID="14660" StrName="Walddörfer Straße" StrPLZ="22047" OrtID="39" Merkmal="0"/>
  <Strassen StrID="14661" StrName="Diaconielaan" StrPLZ="NL-4443" OrtID="1326"/>
  <Strassen StrID="14662" StrName="Überm See" StrPLZ="31535" OrtID="22"/>
  <Strassen StrID="14663" StrName="Neusiedlerweg" StrPLZ="31249" OrtID="185" Merkmal="0"/>
  <Strassen StrID="14664" StrName="Asternweg" StrPLZ="29342" OrtID="310"/>
  <Strassen StrID="14665" StrName="Niki -de-Saint-Phalle-Promenade" StrPLZ="30159" OrtID="1"/>
  <Strassen StrID="14666" StrName="Albrecht-Dürer-Straße" StrPLZ="31515" OrtID="319"/>
  <Strassen StrID="14667" StrName="Tappenstrasse" StrPLZ="31134" OrtID="9" Merkmal="0"/>
  <Strassen StrID="14668" StrName="Liliengarten" StrPLZ="24232" OrtID="271"/>
  <Strassen StrID="14669" StrName="Friedhofstrasse" StrPLZ="38368" OrtID="1206"/>
  <Strassen StrID="15891" StrName="Calle Mmozart" StrPLZ="35109" OrtID="1498" Merkmal="0"/>
  <Strassen StrID="14671" StrName="Eduard-Mörike-Strasse" StrPLZ="30880" OrtID="200"/>
  <Strassen StrID="14672" StrName="Hinter-Pastor-Hofe" StrPLZ="30916" OrtID="21" Merkmal="0"/>
  <Strassen StrID="14673" StrName="Osterfeldstrasse" StrPLZ="30974" OrtID="307"/>
  <Strassen StrID="14674" StrName="Timm-Kröger-Strasse" StrPLZ="30177" OrtID="1"/>
  <Strassen StrID="14675" StrName="Harnischstrasse" StrPLZ="30163" OrtID="1"/>
  <Strassen StrID="14676" StrName="Torenberg" StrPLZ="31061" OrtID="74"/>
  <Strassen StrID="14677" StrName="Buschweg" StrPLZ="30826" OrtID="149"/>
  <Strassen StrID="14678" StrName="Saarstrasse" StrPLZ="31535" OrtID="22"/>
  <Strassen StrID="14679" StrName="Reuter Anger" StrPLZ="31319" OrtID="276"/>
  <Strassen StrID="14680" StrName="Rosenstraße" StrPLZ="40479" OrtID="127" Merkmal="0"/>
  <Strassen StrID="14681" StrName="Pappelallee" StrPLZ="31787" OrtID="19" Merkmal="0"/>
  <Strassen StrID="14682" StrName="Bergstrasse" StrPLZ="84405" OrtID="124"/>
  <Strassen StrID="14683" StrName="Blucherstrasse" StrPLZ="31275" OrtID="4"/>
  <Strassen StrID="14684" StrName="Zehlendorfer Strasse" StrPLZ="30982" OrtID="253" Merkmal="0"/>
  <Strassen StrID="14685" StrName="Eichsfelder Strasse" StrPLZ="30419" OrtID="1"/>
  <Strassen StrID="14686" StrName="Reutergarten Weg" StrPLZ="31319" OrtID="276" Merkmal="0"/>
  <Strassen StrID="14687" StrName="Hirtenstrasse" StrPLZ="30974" OrtID="307"/>
  <Strassen StrID="14688" StrName="Paula-Königheim-Strasse" StrPLZ="31319" OrtID="276" Merkmal="0"/>
  <Strassen StrID="14689" StrName="Glück-Auf-Strasse" StrPLZ="30974" OrtID="307"/>
  <Strassen StrID="14690" StrName="Im Spukloch" StrPLZ="29323" OrtID="311"/>
  <Strassen StrID="14691" StrName="Neue Reihe" StrPLZ="31515" OrtID="319"/>
  <Strassen StrID="14692" StrName="Am Amselsteg" StrPLZ="31535" OrtID="22"/>
  <Strassen StrID="14693" StrName="Äbtissin -Jutta-Straße" StrPLZ="31515" OrtID="319"/>
  <Strassen StrID="14694" StrName="Wiesenstraße" StrPLZ="31542" OrtID="91" Merkmal="0"/>
  <Strassen StrID="14695" StrName="Am Klosterhofe" StrPLZ="31139" OrtID="9" Merkmal="0"/>
  <Strassen StrID="14696" StrName="Brunnental" StrPLZ="98554" OrtID="1327"/>
  <Strassen StrID="14697" StrName="Eichstrasse" StrPLZ="30855" OrtID="27"/>
  <Strassen StrID="14698" StrName="Alte Ricklinger Strasse" StrPLZ="30823" OrtID="149"/>
  <Strassen StrID="14699" StrName="Lessingstraße" StrPLZ="31840" OrtID="37"/>
  <Strassen StrID="14700" StrName="Carl-Zimmermann-Strasse" StrPLZ="67373" OrtID="1328"/>
  <Strassen StrID="14701" StrName="Ernst-Reuter-Strasse" StrPLZ="31319" OrtID="276" Merkmal="0"/>
  <Strassen StrID="14702" StrName="Gärtnereigasse" StrPLZ="30823" OrtID="149"/>
  <Strassen StrID="14703" StrName="Lüneburger Straße" StrPLZ="21360" OrtID="567"/>
  <Strassen StrID="14704" StrName="Arnswaldtstraße" StrPLZ="30159" OrtID="1"/>
  <Strassen StrID="14705" StrName="Weidachstraße" StrPLZ="70597" OrtID="287" Merkmal="0"/>
  <Strassen StrID="14706" StrName="Waggumer Weg" StrPLZ="38108" OrtID="8" Merkmal="0"/>
  <Strassen StrID="14707" StrName="Oerdingerstraße" StrPLZ="40668" OrtID="380"/>
  <Strassen StrID="14708" StrName="Zu den Brauckstücken" StrPLZ="58313" OrtID="1329"/>
  <Strassen StrID="14709" StrName="Heesternweg" StrPLZ="30853" OrtID="27"/>
  <Strassen StrID="14710" StrName="Oelzenstraße" StrPLZ="30169" OrtID="1"/>
  <Strassen StrID="14711" StrName="Wacholderstraße" StrPLZ="29345" OrtID="297"/>
  <Strassen StrID="14712" StrName="Am Sportplatz" StrPLZ="49086" OrtID="249" Merkmal="0"/>
  <Strassen StrID="14713" StrName="Am Gutshof" StrPLZ="30900" OrtID="25"/>
  <Strassen StrID="14715" StrName="Hermann-Blanke-Strasse" StrPLZ="30938" OrtID="40" Merkmal="0"/>
  <Strassen StrID="14716" StrName="Mönkeburgstrasse" StrPLZ="31303" OrtID="20"/>
  <Strassen StrID="14717" StrName="Kleiststrasse" StrPLZ="30916" OrtID="21" Merkmal="0"/>
  <Strassen StrID="14718" StrName="Bachstraße" StrPLZ="30900" OrtID="25"/>
  <Strassen StrID="14719" StrName="Auf der Heide" StrPLZ="32257" OrtID="953"/>
  <Strassen StrID="14720" StrName="Breslauer Strasse" StrPLZ="30926" OrtID="6"/>
  <Strassen StrID="14721" StrName="Steinfeldstrasse" StrPLZ="30880" OrtID="200"/>
  <Strassen StrID="14722" StrName="Heinser Weg" StrPLZ="21406" OrtID="1331"/>
  <Strassen StrID="14723" StrName="Kirchstraße" StrPLZ="29221" OrtID="115" Merkmal="0"/>
  <Strassen StrID="14724" StrName="Dudenser Straße" StrPLZ="31535" OrtID="22"/>
  <Strassen StrID="14725" StrName="Martin-Luther-Straße" StrPLZ="31180" OrtID="152"/>
  <Strassen StrID="14726" StrName="Kirchstraße" StrPLZ="38154" OrtID="496"/>
  <Strassen StrID="14727" StrName="Plumhoferstraße" StrPLZ="30900" OrtID="25"/>
  <Strassen StrID="14728" StrName="Bertha-von-Suttner-Straße" StrPLZ="31157" OrtID="268" Merkmal="0"/>
  <Strassen StrID="14729" StrName="Hahnstraße" StrPLZ="31535" OrtID="22"/>
  <Strassen StrID="14730" StrName="Schmelingstraße" StrPLZ="27232" OrtID="525"/>
  <Strassen StrID="14731" StrName="Haidberger Straße" StrPLZ="85669" OrtID="1332"/>
  <Strassen StrID="14732" StrName="Samelsonplatz" StrPLZ="31141" OrtID="9" Merkmal="0"/>
  <Strassen StrID="14733" StrName="Sommerfeldstrasse" StrPLZ="30419" OrtID="1"/>
  <Strassen StrID="14734" StrName="Harburger Straße" StrPLZ="29223" OrtID="115" Merkmal="0"/>
  <Strassen StrID="14735" StrName="Virchowstr" StrPLZ="30853" OrtID="27"/>
  <Strassen StrID="14736" StrName="Virchowstraße" StrPLZ="30853" OrtID="27"/>
  <Strassen StrID="14737" StrName="Landwehrstraße" StrPLZ="30159" OrtID="1"/>
  <Strassen StrID="15829" StrName="Schützenweg" StrPLZ="26129" OrtID="248" Merkmal="0"/>
  <Strassen StrID="14739" StrName="Vorloh" StrPLZ="30900" OrtID="25"/>
  <Strassen StrID="14740" StrName="Böhmer Straße" StrPLZ="30173" OrtID="1"/>
  <Strassen StrID="14741" StrName="Marienstraße" StrPLZ="44866" OrtID="104"/>
  <Strassen StrID="14742" StrName="Holunderweg" StrPLZ="30890" OrtID="2"/>
  <Strassen StrID="14743" StrName="Hugo-Klemm-Straße" StrPLZ="21075" OrtID="39" Merkmal="0"/>
  <Strassen StrID="14744" StrName="Schäferstraße" StrPLZ="26810" OrtID="1333"/>
  <Strassen StrID="14745" StrName="Ottersbekallee" StrPLZ="20255" OrtID="39" Merkmal="0"/>
  <Strassen StrID="14746" StrName="Postfach" StrPLZ="31263" OrtID="4"/>
  <Strassen StrID="14747" StrName="Bonhoefestraße" StrPLZ="30926" OrtID="6"/>
  <Strassen StrID="14748" StrName="Festanger" StrPLZ="31226" OrtID="7" Merkmal="0"/>
  <Strassen StrID="14749" StrName="Im Kampe" StrPLZ="30823" OrtID="149"/>
  <Strassen StrID="14750" StrName="Hoffmann-von-Fallersleben-Straße" StrPLZ="30659" OrtID="1"/>
  <Strassen StrID="14751" StrName="Lange Feldstraße" StrPLZ="30559" OrtID="1"/>
  <Strassen StrID="14752" StrName="St.-Ingbert-Straße" StrPLZ="38116" OrtID="8" Merkmal="0"/>
  <Strassen StrID="14753" StrName="Ernst-Pflüger-Straße" StrPLZ="30938" OrtID="40" Merkmal="0"/>
  <Strassen StrID="14754" StrName="Ahornweg" StrPLZ="21244" OrtID="111"/>
  <Strassen StrID="14755" StrName="Niorter Straße" StrPLZ="31832" OrtID="278"/>
  <Strassen StrID="14756" StrName="Ringstraße" StrPLZ="30974" OrtID="307"/>
  <Strassen StrID="14757" StrName="Im Felde" StrPLZ="30974" OrtID="307"/>
  <Strassen StrID="14758" StrName="In der Masch" StrPLZ="30926" OrtID="6"/>
  <Strassen StrID="14759" StrName="Enzianweg" StrPLZ="30880" OrtID="200" Merkmal="0"/>
  <Strassen StrID="14760" StrName="Helfmann-Park" StrPLZ="65760" OrtID="895"/>
  <Strassen StrID="14761" StrName="Trifte" StrPLZ="32657" OrtID="1051"/>
  <Strassen StrID="14762" StrName="Dietrich-Bonhoeffer-Straße" StrPLZ="55131" OrtID="566"/>
  <Strassen StrID="14763" StrName="Am Stenpatt" StrPLZ="48341" OrtID="1335"/>
  <Strassen StrID="14764" StrName="Im Wedden" StrPLZ="29683" OrtID="471"/>
  <Strassen StrID="14765" StrName="Alte Poststraße" StrPLZ="31311" OrtID="294"/>
  <Strassen StrID="14766" StrName="Breslauer Straße" StrPLZ="31157" OrtID="268" Merkmal="0"/>
  <Strassen StrID="14767" StrName="Mauernstraße" StrPLZ="29221" OrtID="115" Merkmal="0"/>
  <Strassen StrID="14768" StrName="Händelstraße" StrPLZ="31535" OrtID="22"/>
  <Strassen StrID="14769" StrName="Martin-Luther-Straße" StrPLZ="79312" OrtID="1336"/>
  <Strassen StrID="14770" StrName="Wiesenweg" StrPLZ="21354" OrtID="1337"/>
  <Strassen StrID="14771" StrName="Neustädter Straße" StrPLZ="29690" OrtID="273"/>
  <Strassen StrID="14772" StrName="Weihewinkel" StrPLZ="31199" OrtID="55"/>
  <Strassen StrID="14773" StrName="Kirberger Straße" StrPLZ="42659" OrtID="277"/>
  <Strassen StrID="14774" StrName="Deistersweg" StrPLZ="30419" OrtID="1"/>
  <Strassen StrID="14775" StrName="Bürgermeister-Wehrmann-Straße" StrPLZ="30826" OrtID="149"/>
  <Strassen StrID="14776" StrName="Bungerns Hof" StrPLZ="30855" OrtID="27"/>
  <Strassen StrID="14777" StrName="Ostpreußenstraße" StrPLZ="31515" OrtID="319"/>
  <Strassen StrID="14778" StrName="Friedberger Landstraße" StrPLZ="60318" OrtID="1314"/>
  <Strassen StrID="14779" StrName="Budapester Straße" StrPLZ="10787" OrtID="18"/>
  <Strassen StrID="14780" StrName="Ernst-Wiechert-Straße" StrPLZ="30826" OrtID="149"/>
  <Strassen StrID="14781" StrName="Bronsardstraße" StrPLZ="30161" OrtID="1"/>
  <Strassen StrID="14782" StrName="Kieler Straße" StrPLZ="10115" OrtID="18"/>
  <Strassen StrID="14783" StrName="Passauerstraße" StrPLZ="81369" OrtID="225" Merkmal="0"/>
  <Strassen StrID="14784" StrName="Lavendelweg" StrPLZ="38518" OrtID="155"/>
  <Strassen StrID="14785" StrName="Kühlwetterstraße" StrPLZ="40239" OrtID="127" Merkmal="0"/>
  <Strassen StrID="14786" StrName="Bahnhofstraße" StrPLZ="31515" OrtID="319" Merkmal="0"/>
  <Strassen StrID="14787" StrName="Berliner Straße" StrPLZ="22946" OrtID="1338"/>
  <Strassen StrID="14788" StrName="Große Barlinde" StrPLZ="30171" OrtID="1"/>
  <Strassen StrID="14789" StrName="Alt-Godshorn" StrPLZ="30855" OrtID="27"/>
  <Strassen StrID="14790" StrName="Zum Jadebusen" StrPLZ="26316" OrtID="1339"/>
  <Strassen StrID="14791" StrName="Am Papehofe" StrPLZ="30459" OrtID="1"/>
  <Strassen StrID="14792" StrName="Friedrich-Schlegel-Weg" StrPLZ="31319" OrtID="276" Merkmal="0"/>
  <Strassen StrID="14793" StrName="Jösser Weg" StrPLZ="32469" OrtID="600"/>
  <Strassen StrID="14794" StrName="Rudolf-Schlie-Straße" StrPLZ="30982" OrtID="253" Merkmal="0"/>
  <Strassen StrID="14795" StrName="Sterntaler Weg" StrPLZ="30823" OrtID="1"/>
  <Strassen StrID="14796" StrName="Kreuzstraße" StrPLZ="28203" OrtID="109" Merkmal="1" Planquadrat="N"/>
  <Strassen StrID="14797" StrName="Bierweg" StrPLZ="31812" OrtID="94"/>
  <Strassen StrID="14798" StrName="Kokenmühlenstraße" StrPLZ="48529" OrtID="240"/>
  <Strassen StrID="14799" StrName="Am Tiergarten" StrPLZ="31171" OrtID="241"/>
  <Strassen StrID="14800" StrName="Laagbergstraße" StrPLZ="38440" OrtID="315"/>
  <Strassen StrID="14801" StrName="Dammacker Weg" StrPLZ="30880" OrtID="200" Merkmal="0"/>
  <Strassen StrID="14802" StrName="Anton-Böhe-Straße" StrPLZ="76316" OrtID="1340"/>
  <Strassen StrID="14803" StrName="Neuen Fähre" StrPLZ="25799" OrtID="1341"/>
  <Strassen StrID="14804" StrName="Reclamstraße" StrPLZ="22111" OrtID="39" Merkmal="0"/>
  <Strassen StrID="14805" StrName="Renterweg" StrPLZ="30952" OrtID="3" Merkmal="0"/>
  <Strassen StrID="14806" StrName="Wismarer Straße" StrPLZ="45968" OrtID="1061"/>
  <Strassen StrID="14807" StrName="Alemannenhof" StrPLZ="30855" OrtID="27"/>
  <Strassen StrID="14808" StrName="Kantor-Feldmann-Straße" StrPLZ="30926" OrtID="6"/>
  <Strassen StrID="14809" StrName="Oswald-Boelke" StrPLZ="31515" OrtID="319" Merkmal="0"/>
  <Strassen StrID="14810" StrName="Carl-Zeiss-Straße" StrPLZ="31073" OrtID="119"/>
  <Strassen StrID="14811" StrName="Büschers Kamp" StrPLZ="33332" OrtID="521"/>
  <Strassen StrID="14812" StrName="In der Meineworth" StrPLZ="30938" OrtID="40" Merkmal="0"/>
  <Strassen StrID="14813" StrName="Zum Schelpberg" StrPLZ="30938" OrtID="40" Merkmal="0"/>
  <Strassen StrID="14814" StrName="Nesselberg" StrPLZ="31832" OrtID="278"/>
  <Strassen StrID="14815" StrName="Hauptstraße" StrPLZ="29439" OrtID="563"/>
  <Strassen StrID="14816" StrName="Bergstraße" StrPLZ="18107" OrtID="1343"/>
  <Strassen StrID="14817" StrName="Elisabeth-Granier-Hof" StrPLZ="30161" OrtID="1"/>
  <Strassen StrID="14818" StrName="Immenzaun" StrPLZ="29342" OrtID="310"/>
  <Strassen StrID="14819" StrName="Calenbergerstraße" StrPLZ="30926" OrtID="6"/>
  <Strassen StrID="14820" StrName="Bornheide" StrPLZ="22549" OrtID="39" Merkmal="0"/>
  <Strassen StrID="14821" StrName="Skoubogade" StrPLZ="1158" OrtID="1344"/>
  <Strassen StrID="14822" StrName="Im Kreutzhorn" StrPLZ="30890" OrtID="1"/>
  <Strassen StrID="14823" StrName="Amselstraße" StrPLZ="30855" OrtID="27"/>
  <Strassen StrID="14824" StrName="Anne-Frankstraße" StrPLZ="76676" OrtID="1345"/>
  <Strassen StrID="14825" StrName="Röhnbergstraße" StrPLZ="31073" OrtID="119"/>
  <Strassen StrID="15883" StrName="unbekannt" OrtID="6" Merkmal="0"/>
  <Strassen StrID="14827" StrName="Tannenweg" StrPLZ="31832" OrtID="278"/>
  <Strassen StrID="14828" StrName="Kirchweg" StrPLZ="31319" OrtID="276" Merkmal="0"/>
  <Strassen StrID="14829" StrName="Springweg" StrPLZ="31311" OrtID="294"/>
  <Strassen StrID="14830" StrName="Saarstraße" StrPLZ="38690" OrtID="301"/>
  <Strassen StrID="14831" StrName="Kronhusen" StrPLZ="27404" OrtID="1346"/>
  <Strassen StrID="14832" StrName="Göttinger Straße" StrPLZ="37124" OrtID="716"/>
  <Strassen StrID="14833" StrName="Heinrich-Behnsen-Straße" StrPLZ="30926" OrtID="6"/>
  <Strassen StrID="14834" StrName="Gutshof" StrPLZ="17498" OrtID="1347"/>
  <Strassen StrID="14835" StrName="Röhnbergstraße" StrPLZ="31973" OrtID="1"/>
  <Strassen StrID="14836" StrName="Magdeburger Straße" StrPLZ="30926" OrtID="6"/>
  <Strassen StrID="14837" StrName="Dorfbrunnenstraße" StrPLZ="30880" OrtID="200" Merkmal="0"/>
  <Strassen StrID="14838" StrName="Schlesienweg" StrPLZ="34346" OrtID="1349"/>
  <Strassen StrID="14839" StrName="Kendalstraße" StrPLZ="31737" OrtID="262"/>
  <Strassen StrID="14840" StrName="Fedeler Straße" StrPLZ="31535" OrtID="22"/>
  <Strassen StrID="14841" StrName="Rittergutstraße" StrPLZ="31840" OrtID="37"/>
  <Strassen StrID="14842" StrName="Am Fleith" StrPLZ="31275" OrtID="4"/>
  <Strassen StrID="14843" StrName="Schultenfeld" StrPLZ="59302" OrtID="1350"/>
  <Strassen StrID="14844" StrName="Petra-Kelley-Straße" StrPLZ="30179" OrtID="1"/>
  <Strassen StrID="14845" StrName="Bauseweinallee" StrPLZ="81247" OrtID="225" Merkmal="0"/>
  <Strassen StrID="14846" StrName="Schmiedestraße" StrPLZ="31303" OrtID="20"/>
  <Strassen StrID="14847" StrName="Sauerbruchstraße" StrPLZ="30853" OrtID="27"/>
  <Strassen StrID="14848" StrName="Immenzaun" StrPLZ="30916" OrtID="21" Merkmal="0"/>
  <Strassen StrID="14849" StrName="Heinrich-Schütz-Weg" StrPLZ="30966" OrtID="1"/>
  <Strassen StrID="14850" StrName="Therese-Wittrock-Weg" StrPLZ="30457" OrtID="1"/>
  <Strassen StrID="14851" StrName="Hauptstraße" StrPLZ="30952" OrtID="3" Merkmal="0"/>
  <Strassen StrID="14852" StrName="Bettenser Weg" StrPLZ="30952" OrtID="3" Merkmal="0"/>
  <Strassen StrID="14853" StrName="Im Lottenkamp" StrPLZ="31832" OrtID="278"/>
  <Strassen StrID="14854" StrName="Dr.- Mally-Straße" StrPLZ="94469" OrtID="936"/>
  <Strassen StrID="14855" StrName="Goethestraße" StrPLZ="30159" OrtID="1"/>
  <Strassen StrID="14856" StrName="Bachstraße" StrPLZ="85777" OrtID="1352"/>
  <Strassen StrID="14857" StrName="Kantstraße" StrPLZ="30926" OrtID="6"/>
  <Strassen StrID="14858" StrName="Buchenbrinkstraße" StrPLZ="30890" OrtID="2"/>
  <Strassen StrID="14859" StrName="Auf der Mede" StrPLZ="31552" OrtID="14"/>
  <Strassen StrID="14860" StrName="Albrechtstraße" StrPLZ="09130" OrtID="1353"/>
  <Strassen StrID="14861" StrName="Am Renpoldsberg" StrPLZ="96346" OrtID="1004"/>
  <Strassen StrID="14862" StrName="Langer Kamp" StrPLZ="38350" OrtID="176"/>
  <Strassen StrID="14863" StrName="Eldagser Dorfstraße" StrPLZ="32469" OrtID="600"/>
  <Strassen StrID="14864" StrName="Marienstraße" StrPLZ="32427" OrtID="512"/>
  <Strassen StrID="14865" StrName="Johann-Sebastian-Bach-Straße" StrPLZ="31180" OrtID="152"/>
  <Strassen StrID="14866" StrName="Dorfstraße" StrPLZ="29303" OrtID="100"/>
  <Strassen StrID="14867" StrName="Church Street" StrPLZ="06475" OrtID="1354"/>
  <Strassen StrID="14868" StrName="Ricarda-Huch-Straße" StrPLZ="36251" OrtID="1355"/>
  <Strassen StrID="14869" StrName="Meinekestraße" StrPLZ="10719" OrtID="18"/>
  <Strassen StrID="14870" StrName="Döhrnweg" StrPLZ="27628" OrtID="612"/>
  <Strassen StrID="14871" StrName="Kolpingring" StrPLZ="82041" OrtID="1356"/>
  <Strassen StrID="14872" StrName="Konrad-Adenauer-Straße" StrPLZ="67256" OrtID="1357"/>
  <Strassen StrID="14873" StrName="Dennewitzstraße" StrPLZ="30161" OrtID="1"/>
  <Strassen StrID="14874" StrName="Spandauer Damm" StrPLZ="14059" OrtID="18"/>
  <Strassen StrID="14875" StrName="Mary-Wigman-Weg" StrPLZ="30657" OrtID="1"/>
  <Strassen StrID="14876" StrName="Eugenser Straße" StrPLZ="30938" OrtID="40" Merkmal="0"/>
  <Strassen StrID="14877" StrName="Taunusstraße" StrPLZ="65779" OrtID="712"/>
  <Strassen StrID="14878" StrName="Im großen Feld" StrPLZ="30952" OrtID="3" Merkmal="0"/>
  <Strassen StrID="14879" StrName="Marshallstraße" StrPLZ="14169" OrtID="18"/>
  <Strassen StrID="14880" StrName="Am Hahnen" StrPLZ="34132" OrtID="1"/>
  <Strassen StrID="14881" StrName="Ringstraße" StrPLZ="30851" OrtID="27"/>
  <Strassen StrID="14882" StrName="Robert-Koch-Straße" StrPLZ="30853" OrtID="27"/>
  <Strassen StrID="14883" StrName="Baarerstr." StrPLZ="6300" OrtID="1358"/>
  <Strassen StrID="14884" StrName="Berkweg" StrPLZ="37127" OrtID="1359"/>
  <Strassen StrID="14885" StrName="Von Wemighe" StrPLZ="31319" OrtID="276" Merkmal="0"/>
  <Strassen StrID="14886" StrName="Am Soltekamp" StrPLZ="30455" OrtID="1"/>
  <Strassen StrID="14887" StrName="Bischof- Baturich- Ring" StrPLZ="93083" OrtID="1360"/>
  <Strassen StrID="14888" StrName="Erlanger Straße" StrPLZ="12053" OrtID="18"/>
  <Strassen StrID="14889" StrName="Solarring" StrPLZ="31860" OrtID="582"/>
  <Strassen StrID="14890" StrName="Eliser Masch" StrPLZ="30419" OrtID="1"/>
  <Strassen StrID="14891" StrName="Hepworth" StrPLZ="IP333XS" OrtID="1361"/>
  <Strassen StrID="14892" StrName="Sperberweg" StrPLZ="30926" OrtID="6"/>
  <Strassen StrID="14893" StrName="Wiedenlohe" StrPLZ="30419" OrtID="1"/>
  <Strassen StrID="14894" StrName="Frucht-Straße" StrPLZ="30926" OrtID="6"/>
  <Strassen StrID="14895" StrName="Waldberg" StrPLZ="37176" OrtID="1362"/>
  <Strassen StrID="14896" StrName="Cuxhavener Hof" StrPLZ="30419" OrtID="1"/>
  <Strassen StrID="14897" StrName="Wassersternweg" StrPLZ="30926" OrtID="6"/>
  <Strassen StrID="14898" StrName="Vogelsang" StrPLZ="31020" OrtID="267"/>
  <Strassen StrID="14899" StrName="Wissmannstraße" StrPLZ="37431" OrtID="86"/>
  <Strassen StrID="14900" StrName="Am Ellernbusch" StrPLZ="30966" OrtID="13" Merkmal="0"/>
  <Strassen StrID="14901" StrName="Alte Bemeroder Straße" StrPLZ="30539" OrtID="1"/>
  <Strassen StrID="14902" StrName="Uhlenkamp" StrPLZ="31515" OrtID="319" Merkmal="0"/>
  <Strassen StrID="14903" StrName="Lörkiwai" StrPLZ="25980" OrtID="1363"/>
  <Strassen StrID="14904" StrName="Am Westerholz" StrPLZ="30974" OrtID="307"/>
  <Strassen StrID="14905" StrName="Julius-Plücker-Straße" StrPLZ="53115" OrtID="26" Merkmal="0"/>
  <Strassen StrID="14906" StrName="Schützenstraße" StrPLZ="37574" OrtID="133"/>
  <Strassen StrID="14907" StrName="Bettinastraße" StrPLZ="14193" OrtID="1"/>
  <Strassen StrID="14908" StrName="Angoulemeplatz" StrPLZ="31134" OrtID="9" Merkmal="0"/>
  <Strassen StrID="14909" StrName="Breslauer Platz" StrPLZ="30952" OrtID="3" Merkmal="0"/>
  <Strassen StrID="14910" StrName="Zur Derneitze" StrPLZ="38471" OrtID="720"/>
  <Strassen StrID="14912" StrName="Vogelsanger Weg" StrPLZ="40470" OrtID="127" Merkmal="0"/>
  <Strassen StrID="14913" StrName="Am Fährweg" StrPLZ="41468" OrtID="232"/>
  <Strassen StrID="14914" StrName="Berninastrasse" StrPLZ="8057" OrtID="1364"/>
  <Strassen StrID="14915" StrName="Gothaerstraße" StrPLZ="30175" OrtID="1"/>
  <Strassen StrID="14916" StrName="Karl-Zucker-Straße" StrPLZ="91052" OrtID="1365"/>
  <Strassen StrID="14917" StrName="Calsowstraße" StrPLZ="37085" OrtID="158"/>
  <Strassen StrID="14918" StrName="Kaiserring" StrPLZ="68161" OrtID="433"/>
  <Strassen StrID="14919" StrName="Frankensteiner Weg" StrPLZ="31319" OrtID="276" Merkmal="0"/>
  <Strassen StrID="14920" StrName="Schwanenring" StrPLZ="31180" OrtID="152"/>
  <Strassen StrID="14921" StrName="Dolomitenweg" StrPLZ="30455" OrtID="1"/>
  <Strassen StrID="14922" StrName="Riemer Hof" StrPLZ="30853" OrtID="27"/>
  <Strassen StrID="14923" StrName="Düesbergweg" StrPLZ="48153" OrtID="45"/>
  <Strassen StrID="14924" StrName="Klaus-Müller-Kilian-Weg" StrPLZ="30167" OrtID="1"/>
  <Strassen StrID="14925" StrName="Kriegerstraße" StrPLZ="30163" OrtID="1"/>
  <Strassen StrID="14926" StrName="In der Rußbreite" StrPLZ="37077" OrtID="158"/>
  <Strassen StrID="14927" StrName="Haberkamp" StrPLZ="30823" OrtID="149"/>
  <Strassen StrID="14928" StrName="Moosweg" StrPLZ="40789" OrtID="1366"/>
  <Strassen StrID="14929" StrName="Steffens Hof" StrPLZ="30855" OrtID="27"/>
  <Strassen StrID="14930" StrName="Veilchenstraße" StrPLZ="30853" OrtID="27"/>
  <Strassen StrID="14931" StrName="Rilkepfad" StrPLZ="14167" OrtID="18"/>
  <Strassen StrID="14932" StrName="Föhrenstraße" StrPLZ="31275" OrtID="4"/>
  <Strassen StrID="14933" StrName="Stolzingstraße" StrPLZ="95445" OrtID="1367"/>
  <Strassen StrID="14934" StrName="Osterstraße" StrPLZ="30880" OrtID="1"/>
  <Strassen StrID="15695" StrName="Allee der Kosmonauten" StrPLZ="12681" OrtID="18" Merkmal="0"/>
  <Strassen StrID="14936" StrName="Alfred-Hoehne-Weg" StrPLZ="30657" OrtID="1"/>
  <Strassen StrID="14937" StrName="Bantorfer Thie" StrPLZ="30890" OrtID="2"/>
  <Strassen StrID="14938" StrName="Lindenweg" StrPLZ="30916" OrtID="21" Merkmal="0"/>
  <Strassen StrID="14939" StrName="Wundram Straße" StrPLZ="30966" OrtID="13" Merkmal="0"/>
  <Strassen StrID="14940" StrName="Lötzenweg" StrPLZ="38124" OrtID="8" Merkmal="0"/>
  <Strassen StrID="14941" StrName="Am Weserufer" StrPLZ="37619" OrtID="1368"/>
  <Strassen StrID="14942" StrName="Bachstraße" StrPLZ="30823" OrtID="149"/>
  <Strassen StrID="14943" StrName="Im Winkel" StrPLZ="38524" OrtID="927"/>
  <Strassen StrID="14944" StrName="Julius-Leber-Straße" StrPLZ="38518" OrtID="155"/>
  <Strassen StrID="14945" StrName="Blücherstraße" StrPLZ="31303" OrtID="20"/>
  <Strassen StrID="14946" StrName="Am Weinberg" StrPLZ="29549" OrtID="667"/>
  <Strassen StrID="14947" StrName="Trichterbeckerweg" StrPLZ="49429" OrtID="1369"/>
  <Strassen StrID="14948" StrName="Raunsfeldhöhe" StrPLZ="29308" OrtID="1295"/>
  <Strassen StrID="14949" StrName="Langenhagener Straße" StrPLZ="30855" OrtID="27"/>
  <Strassen StrID="14950" StrName="Vor der Höhe" StrPLZ="30826" OrtID="149" Merkmal="0"/>
  <Strassen StrID="14951" StrName="Südliche MüchnerStraße" StrPLZ="82031" OrtID="678"/>
  <Strassen StrID="14952" StrName="Eberswalder Straße" StrPLZ="30625" OrtID="1"/>
  <Strassen StrID="14953" StrName="Am Schützenplatz" StrPLZ="31275" OrtID="4"/>
  <Strassen StrID="14954" StrName="Fulde" StrPLZ="29664" OrtID="304" Merkmal="0"/>
  <Strassen StrID="14955" StrName="Theodor-Heuss-Straße" StrPLZ="30853" OrtID="27"/>
  <Strassen StrID="14956" StrName="Sumystraße" StrPLZ="29225" OrtID="115" Merkmal="0"/>
  <Strassen StrID="14957" StrName="Weikenweg" StrPLZ="33106" OrtID="252"/>
  <Strassen StrID="14958" StrName="Bültenstraße" StrPLZ="31515" OrtID="319" Merkmal="0"/>
  <Strassen StrID="14959" StrName="Meerscheidtstraße" StrPLZ="14057" OrtID="18"/>
  <Strassen StrID="14960" StrName="Witts Park" StrPLZ="22587" OrtID="39" Merkmal="0"/>
  <Strassen StrID="14961" StrName="Pickhuben" StrPLZ="20457" OrtID="39" Merkmal="0"/>
  <Strassen StrID="14962" StrName="Rathausstraße" StrPLZ="31812" OrtID="94"/>
  <Strassen StrID="14963" StrName="Finkenweg" StrPLZ="30926" OrtID="6"/>
  <Strassen StrID="14964" StrName="Görlitzer Weg" StrPLZ="31177" OrtID="173"/>
  <Strassen StrID="14965" StrName="Zur Maate" StrPLZ="31515" OrtID="319" Merkmal="0"/>
  <Strassen StrID="14966" StrName="Langreder Straße" StrPLZ="30989" OrtID="5" Merkmal="0"/>
  <Strassen StrID="14967" StrName="Am Taubenborn" StrPLZ="37539" OrtID="996"/>
  <Strassen StrID="14968" StrName="Senator-Meier-Straße" StrPLZ="31515" OrtID="319" Merkmal="0"/>
  <Strassen StrID="14969" StrName="Rintelner Straße" StrPLZ="31675" OrtID="112"/>
  <Strassen StrID="14970" StrName="8" StrPLZ="F-75004" OrtID="1261"/>
  <Strassen StrID="14971" StrName="Turmalinstraße" StrPLZ="30823" OrtID="1"/>
  <Strassen StrID="14972" StrName="Bonner Straße" StrPLZ="14197" OrtID="18"/>
  <Strassen StrID="14973" StrName="Wiesenstraße" StrPLZ="30900" OrtID="25"/>
  <Strassen StrID="14974" StrName="Uhlandstraße" StrPLZ="10719" OrtID="18" Merkmal="0"/>
  <Strassen StrID="14975" StrName="Stuckenstraße" StrPLZ="31275" OrtID="4"/>
  <Strassen StrID="14976" StrName="Alter Markt" StrPLZ="31134" OrtID="9" Merkmal="0"/>
  <Strassen StrID="14977" StrName="Oxbüll Süd" StrPLZ="24999" OrtID="1370"/>
  <Strassen StrID="14978" StrName="Breslauer Straße" StrPLZ="30900" OrtID="25"/>
  <Strassen StrID="14979" StrName="Brühlstraße" StrPLZ="37073" OrtID="158"/>
  <Strassen StrID="14980" StrName="Bennigser Weg" StrPLZ="30982" OrtID="253" Merkmal="0"/>
  <Strassen StrID="14981" StrName="Moorgartenewg" StrPLZ="31515" OrtID="1371"/>
  <Strassen StrID="14982" StrName="Zeisigweg" StrPLZ="33415" OrtID="708"/>
  <Strassen StrID="14983" StrName="Hoisdorfer Landstraße" StrPLZ="22927" OrtID="1372"/>
  <Strassen StrID="14984" StrName="Seydlitzstraße" StrPLZ="10557" OrtID="18" Merkmal="0"/>
  <Strassen StrID="14985" StrName="Am Isenbrink" StrPLZ="30926" OrtID="6"/>
  <Strassen StrID="14986" StrName="Johann-Koch Str" StrPLZ="30982" OrtID="253" Merkmal="0"/>
  <Strassen StrID="14987" StrName="Alter Postweg" StrPLZ="31535" OrtID="22"/>
  <Strassen StrID="14988" StrName="Hallermundtskopf" StrPLZ="31832" OrtID="278"/>
  <Strassen StrID="14989" StrName="Stiftstaße" StrPLZ="31688" OrtID="468"/>
  <Strassen StrID="14990" StrName="Schwalbenweg" StrPLZ="31303" OrtID="20" Merkmal="0"/>
  <Strassen StrID="14991" StrName="Stammannstraße" StrPLZ="22303" OrtID="39" Merkmal="0"/>
  <Strassen StrID="14992" StrName="Wagner Straße" StrPLZ="31275" OrtID="1"/>
  <Strassen StrID="14993" StrName="Gabelsberger Straße" StrPLZ="30163" OrtID="1"/>
  <Strassen StrID="14994" StrName="Sattler Straße" StrPLZ="21365" OrtID="73"/>
  <Strassen StrID="14995" StrName="Lärchenring" StrPLZ="26133" OrtID="248" Merkmal="0"/>
  <Strassen StrID="14996" StrName="Wülfrather Straße" StrPLZ="40233" OrtID="127" Merkmal="0"/>
  <Strassen StrID="14997" StrName="Poststraße" StrPLZ="82216" OrtID="1373"/>
  <Strassen StrID="14998" StrName="Nelkenstraße" StrPLZ="31275" OrtID="4"/>
  <Strassen StrID="14999" StrName="Sundernweg" StrPLZ="31228" OrtID="7" Merkmal="0"/>
  <Strassen StrID="15000" StrName="Nedderfeld" StrPLZ="22529" OrtID="39" Merkmal="0"/>
  <Strassen StrID="15001" StrName="Lützow Straße" StrPLZ="30159" OrtID="1"/>
  <Strassen StrID="15002" StrName="Kurt-Schumacher Straße" StrPLZ="30974" OrtID="307"/>
  <Strassen StrID="15003" StrName="Tiefe Straße" StrPLZ="31275" OrtID="4"/>
  <Strassen StrID="15004" StrName="Goslarsche Straße" StrPLZ="38118" OrtID="8" Merkmal="0"/>
  <Strassen StrID="15005" StrName="Franz-Hofmann-Straße" StrPLZ="86633" OrtID="1107"/>
  <Strassen StrID="15006" StrName="Osterstraße" StrPLZ="31785" OrtID="19" Merkmal="0"/>
  <Strassen StrID="15007" StrName="Zum Escherberg" StrPLZ="31171" OrtID="241"/>
  <Strassen StrID="15008" StrName="Sakrower Kirchweg" StrPLZ="14089" OrtID="18" Merkmal="0"/>
  <Strassen StrID="15009" StrName="Mörikestraße" StrPLZ="32584" OrtID="213"/>
  <Strassen StrID="15010" StrName="Roggenkamp" StrPLZ="30916" OrtID="21" Merkmal="0"/>
  <Strassen StrID="15011" StrName="Heinrich-Henstorf Straße" StrPLZ="30900" OrtID="25"/>
  <Strassen StrID="15012" StrName="Heinrich-Böll-Weg" StrPLZ="31535" OrtID="22"/>
  <Strassen StrID="15013" StrName="Elsa-Brändström-Straße" StrPLZ="30453" OrtID="1"/>
  <Strassen StrID="15014" StrName="Dallienweg" StrPLZ="31020" OrtID="267"/>
  <Strassen StrID="15015" StrName="Morrstraße" StrPLZ="30916" OrtID="21" Merkmal="0"/>
  <Strassen StrID="15016" StrName="Hopfengarten" StrPLZ="31558" OrtID="358"/>
  <Strassen StrID="15017" StrName="Carl-von-Ossietzky-Weg" StrPLZ="30823" OrtID="149" Merkmal="0"/>
  <Strassen StrID="15018" StrName="Buchenweg" StrPLZ="30880" OrtID="200" Merkmal="0"/>
  <Strassen StrID="15019" StrName="Lahriede" StrPLZ="30966" OrtID="13" Merkmal="0"/>
  <Strassen StrID="15020" StrName="Fichtenstraße" StrPLZ="26122" OrtID="248" Merkmal="0"/>
  <Strassen StrID="15021" StrName="Am Heiligenhäuschen" StrPLZ="67657" OrtID="696"/>
  <Strassen StrID="15022" StrName="Bakelder Kamp" StrPLZ="48531" OrtID="240"/>
  <Strassen StrID="15023" StrName="Marmstorfer Weg" StrPLZ="21077" OrtID="39" Merkmal="0"/>
  <Strassen StrID="15024" StrName="Im Effels" StrPLZ="52385" OrtID="1374"/>
  <Strassen StrID="15025" StrName="Südergraben" StrPLZ="24937" OrtID="140" Merkmal="0"/>
  <Strassen StrID="15026" StrName="Forellenweg" StrPLZ="29633" OrtID="368"/>
  <Strassen StrID="15027" StrName="Reichweinweg" StrPLZ="31303" OrtID="20" Merkmal="0"/>
  <Strassen StrID="15028" StrName="Holunderstraße" StrPLZ="32791" OrtID="1180"/>
  <Strassen StrID="15029" StrName="Am Stahlbach" StrPLZ="30826" OrtID="149" Merkmal="0"/>
  <Strassen StrID="15030" StrName="Friedrich-Otto-Schott-Weg" StrPLZ="31319" OrtID="276" Merkmal="0"/>
  <Strassen StrID="15031" StrName="Schlehenweg" StrPLZ="30880" OrtID="200" Merkmal="0"/>
  <Strassen StrID="15032" StrName="17" StrPLZ="60560" OrtID="1375"/>
  <Strassen StrID="15033" StrName="Beethovenstraße" StrPLZ="74706" OrtID="1376"/>
  <Strassen StrID="15034" StrName="Mozartstraße" StrPLZ="29664" OrtID="304" Merkmal="0"/>
  <Strassen StrID="15035" StrName="Am Lohnder Hof" StrPLZ="30916" OrtID="1"/>
  <Strassen StrID="15036" StrName="Strehlauer Straße" StrPLZ="30853" OrtID="27"/>
  <Strassen StrID="15037" StrName="Wilkenburger Straße" StrPLZ="30966" OrtID="13" Merkmal="0"/>
  <Strassen StrID="15038" StrName="Tannenweg" StrPLZ="49377" OrtID="1054"/>
  <Strassen StrID="15039" StrName="Hans-Böckler-Straße" StrPLZ="30851" OrtID="27"/>
  <Strassen StrID="15040" StrName="Roseneck" StrPLZ="31275" OrtID="4"/>
  <Strassen StrID="15041" StrName="Hans-Mertens-Straße" StrPLZ="30655" OrtID="1"/>
  <Strassen StrID="15042" StrName="Alter Postweg" StrPLZ="86159" OrtID="355"/>
  <Strassen StrID="15043" StrName="Goethestraße" StrPLZ="30926" OrtID="6"/>
  <Strassen StrID="15044" StrName="Viethhof" StrPLZ="30165" OrtID="1"/>
  <Strassen StrID="15045" StrName="Lenchen-Kunow-Weg" StrPLZ="30657" OrtID="1"/>
  <Strassen StrID="15046" StrName="Ewald-Kluge-Straße" StrPLZ="01108" OrtID="993"/>
  <Strassen StrID="15047" StrName="Lessingstraße" StrPLZ="39108" OrtID="216" Merkmal="0"/>
  <Strassen StrID="15048" StrName="Gehaege" StrPLZ="29320" OrtID="1143" Merkmal="0"/>
  <Strassen StrID="15049" StrName="Alice-und-Hella-Hirsch-Ring" StrPLZ="10317" OrtID="18" Merkmal="0"/>
  <Strassen StrID="15050" StrName="Wittelshof" StrPLZ="30916" OrtID="21" Merkmal="0"/>
  <Strassen StrID="15051" StrName="Mödesser Weg" StrPLZ="31224" OrtID="7" Merkmal="0"/>
  <Strassen StrID="15052" StrName="Rostocker Straße" StrPLZ="30880" OrtID="200" Merkmal="0"/>
  <Strassen StrID="15053" StrName="Hagenstraße" StrPLZ="39245" OrtID="1377"/>
  <Strassen StrID="15054" StrName="Am Korsorsberg" StrPLZ="26203" OrtID="305"/>
  <Strassen StrID="15055" StrName="Untere Grabenstraße" StrPLZ="56299" OrtID="1378"/>
  <Strassen StrID="15056" StrName="Alter Kirchweg" StrPLZ="40667" OrtID="380"/>
  <Strassen StrID="15057" StrName="Ottostraße" StrPLZ="85521" OrtID="225" Merkmal="0"/>
  <Strassen StrID="15058" StrName="Grüner Weg" StrPLZ="30900" OrtID="25"/>
  <Strassen StrID="15059" StrName="Frieda-Gröner-Weg" StrPLZ="30855" OrtID="27"/>
  <Strassen StrID="15060" StrName="Danziger Straße" StrPLZ="26160" OrtID="97"/>
  <Strassen StrID="15061" StrName="Karlsbader Straße" StrPLZ="30853" OrtID="27"/>
  <Strassen StrID="15062" StrName="Parkstraße" StrPLZ="30900" OrtID="25"/>
  <Strassen StrID="15063" StrName="Buchenweg" StrPLZ="35510" OrtID="1380"/>
  <Strassen StrID="15064" StrName="Fritz-Reuter-Weg" StrPLZ="30826" OrtID="149" Merkmal="0"/>
  <Strassen StrID="15065" StrName="Eibenring" StrPLZ="32339" OrtID="137"/>
  <Strassen StrID="15066" StrName="Wacholderweg" StrPLZ="30938" OrtID="40"/>
  <Strassen StrID="15067" StrName="Weinberg" StrPLZ="31134" OrtID="9" Merkmal="0"/>
  <Strassen StrID="15068" StrName="Masurenstraße" StrPLZ="38126" OrtID="8" Merkmal="0"/>
  <Strassen StrID="15069" StrName="Asternstraße" StrPLZ="31848" OrtID="89"/>
  <Strassen StrID="15070" StrName="Schönefelder Straße" StrPLZ="30853" OrtID="27"/>
  <Strassen StrID="15072" StrName="Breuer Straße" StrPLZ="30926" OrtID="6"/>
  <Strassen StrID="15073" StrName="Emdemstraße" StrPLZ="30167" OrtID="1"/>
  <Strassen StrID="15074" StrName="Tegeler Strasse" StrPLZ="30853" OrtID="27"/>
  <Strassen StrID="15075" StrName="Windthorststraße" StrPLZ="67069" OrtID="1018"/>
  <Strassen StrID="15076" StrName="Altmarkhof" StrPLZ="30175" OrtID="1"/>
  <Strassen StrID="15077" StrName="Metzer Strasse" StrPLZ="30559" OrtID="1"/>
  <Strassen StrID="15078" StrName="Lotte-Lemke-Straße" StrPLZ="30179" OrtID="1"/>
  <Strassen StrID="15079" StrName="Podbielskistraße" StrPLZ="30171" OrtID="1"/>
  <Strassen StrID="15080" StrName="Domänengarten" StrPLZ="30982" OrtID="253" Merkmal="0"/>
  <Strassen StrID="15081" StrName="Zum Boernecken" StrPLZ="38165" OrtID="204"/>
  <Strassen StrID="15082" StrName="August-Schüttken-Weg" StrPLZ="59073" OrtID="165" Merkmal="0"/>
  <Strassen StrID="15083" StrName="Rehbockstraße" StrPLZ="30827" OrtID="149" Merkmal="0"/>
  <Strassen StrID="15084" StrName="Auf dem großen  Kamp" StrPLZ="30900" OrtID="25"/>
  <Strassen StrID="15085" StrName="Osterstraße" StrPLZ="30880" OrtID="200" Merkmal="0"/>
  <Strassen StrID="15086" StrName="Klüterfeld" StrPLZ="30826" OrtID="149" Merkmal="0"/>
  <Strassen StrID="15087" StrName="Fritz-Reuter-Straße" StrPLZ="38518" OrtID="155"/>
  <Strassen StrID="15088" StrName="Mierendorffstraße" StrPLZ="60320" OrtID="1314"/>
  <Strassen StrID="15089" StrName="Im Flecken" StrPLZ="31020" OrtID="267"/>
  <Strassen StrID="15090" StrName="Am Heisterholz" StrPLZ="30938" OrtID="40" Merkmal="0"/>
  <Strassen StrID="15091" StrName="Ehrlichstraße" StrPLZ="30853" OrtID="27"/>
  <Strassen StrID="15092" StrName="Auf der Stiftseite" StrPLZ="37574" OrtID="133"/>
  <Strassen StrID="15093" StrName="Lönsweg" StrPLZ="31089" OrtID="1138" Merkmal="0"/>
  <Strassen StrID="15094" StrName="Bahnhofstraße" StrPLZ="31028" OrtID="645"/>
  <Strassen StrID="15095" StrName="Am Poggenpaul" StrPLZ="29227" OrtID="115" Merkmal="0"/>
  <Strassen StrID="15096" StrName="Von Münchhausensstraße" StrPLZ="37186" OrtID="1382"/>
  <Strassen StrID="15097" StrName="Meisenweg" StrPLZ="30855" OrtID="27"/>
  <Strassen StrID="15098" StrName="Kaiserstraße" StrPLZ="60329" OrtID="1314"/>
  <Strassen StrID="15099" StrName="Martin-Müller-Straße" StrPLZ="30900" OrtID="25"/>
  <Strassen StrID="15100" StrName="Im Scharnhorst" StrPLZ="31535" OrtID="22" Merkmal="0"/>
  <Strassen StrID="15101" StrName="Walsroderstraße" StrPLZ="30855" OrtID="1"/>
  <Strassen StrID="15102" StrName="Groß-Buchholzer-Straße" StrPLZ="30655" OrtID="1"/>
  <Strassen StrID="15103" StrName="Über dem Kampe" StrPLZ="31008" OrtID="135"/>
  <Strassen StrID="15104" StrName="Tranevej" StrPLZ="DK 8721" OrtID="1383"/>
  <Strassen StrID="15105" StrName="Dammbusch" StrPLZ="31275" OrtID="4"/>
  <Strassen StrID="15106" StrName="Kneippweg" StrPLZ="31535" OrtID="22" Merkmal="0"/>
  <Strassen StrID="15107" StrName="Bäckerstraße" StrPLZ="38640" OrtID="157"/>
  <Strassen StrID="15108" StrName="Tulpenstraße" StrPLZ="30853" OrtID="27"/>
  <Strassen StrID="15109" StrName="Kirchvordener Straße" StrPLZ="31228" OrtID="7" Merkmal="0"/>
  <Strassen StrID="15110" StrName="Vreesweg" StrPLZ="30539" OrtID="1"/>
  <Strassen StrID="15111" StrName="Lehnshof" StrPLZ="37079" OrtID="158"/>
  <Strassen StrID="15112" StrName="Friedrichstraße" StrPLZ="31582" OrtID="1312"/>
  <Strassen StrID="15113" StrName="Mengelingscher Weg" StrPLZ="31688" OrtID="468"/>
  <Strassen StrID="15114" StrName="Hasenwinkel" StrPLZ="31191" OrtID="76"/>
  <Strassen StrID="15693" StrName="Bernstraße" StrPLZ="30175" OrtID="1" Merkmal="0"/>
  <Strassen StrID="15116" StrName="Nordfeld" StrPLZ="30890" OrtID="2" Merkmal="0"/>
  <Strassen StrID="15117" StrName="Ulmenweg" StrPLZ="30890" OrtID="2" Merkmal="0"/>
  <Strassen StrID="15118" StrName="Kolberger Weg" StrPLZ="26203" OrtID="305"/>
  <Strassen StrID="15119" StrName="Max-Planch-Straße" StrPLZ="85375" OrtID="676"/>
  <Strassen StrID="15120" StrName="Danzinger Straße" StrPLZ="30982" OrtID="253" Merkmal="0"/>
  <Strassen StrID="15121" StrName="Am Schaperkamp" StrPLZ="31088" OrtID="1384"/>
  <Strassen StrID="15122" StrName="Alte Schanze" StrPLZ="31303" OrtID="20" Merkmal="0"/>
  <Strassen StrID="15123" StrName="Tacitusstraße" StrPLZ="50968" OrtID="17"/>
  <Strassen StrID="15124" StrName="Veern Diek" StrPLZ="27283" OrtID="299" Merkmal="0"/>
  <Strassen StrID="15125" StrName="Veilchenweg" StrPLZ="30989" OrtID="5" Merkmal="0"/>
  <Strassen StrID="15126" StrName="Humboldstraße" StrPLZ="30890" OrtID="2" Merkmal="0"/>
  <Strassen StrID="15127" StrName="Im Lah" StrPLZ="31228" OrtID="7" Merkmal="0"/>
  <Strassen StrID="15128" StrName="Lessingstraße" StrPLZ="30890" OrtID="2" Merkmal="0"/>
  <Strassen StrID="15129" StrName="Windmühlenstraße" StrPLZ="31552" OrtID="263"/>
  <Strassen StrID="15130" StrName="Südstraße" StrPLZ="31032" OrtID="1386"/>
  <Strassen StrID="15131" StrName="Flotowweg" StrPLZ="30629" OrtID="1"/>
  <Strassen StrID="15132" StrName="Nateilsheideweg" StrPLZ="30900" OrtID="25"/>
  <Strassen StrID="15133" StrName="Kusenkamp" StrPLZ="59425" OrtID="1315"/>
  <Strassen StrID="15134" StrName="Eulenstraße" StrPLZ="31535" OrtID="22" Merkmal="0"/>
  <Strassen StrID="15135" StrName="An der Taubentränke" StrPLZ="31832" OrtID="278"/>
  <Strassen StrID="15136" StrName="Schmale Teile" StrPLZ="29313" OrtID="164"/>
  <Strassen StrID="15137" StrName="Birkenwinkel" StrPLZ="31275" OrtID="4"/>
  <Strassen StrID="15138" StrName="Conrad-Bube-Weg" StrPLZ="30656" OrtID="1"/>
  <Strassen StrID="15139" StrName="Berliner Straße" StrPLZ="25421" OrtID="1197"/>
  <Strassen StrID="15140" StrName="Georg-Bächner-Straße" StrPLZ="30559" OrtID="1"/>
  <Strassen StrID="15141" StrName="Eichendorfstraße" StrPLZ="30916" OrtID="21" Merkmal="0"/>
  <Strassen StrID="15142" StrName="Braunstraße" StrPLZ="31515" OrtID="319" Merkmal="0"/>
  <Strassen StrID="15143" StrName="Wismarer Straße" StrPLZ="38444" OrtID="315"/>
  <Strassen StrID="15144" StrName="Louise-Schroeder-Straße" StrPLZ="30627" OrtID="1"/>
  <Strassen StrID="15145" StrName="Libauer Straße" StrPLZ="10245" OrtID="18" Merkmal="0"/>
  <Strassen StrID="15146" StrName="Rubensstr" StrPLZ="30177" OrtID="1"/>
  <Strassen StrID="15147" StrName="Goebelstraße" StrPLZ="30163" OrtID="1"/>
  <Strassen StrID="15148" StrName="Orchideenweg" StrPLZ="30900" OrtID="25"/>
  <Strassen StrID="15149" StrName="Rikeweg" StrPLZ="30890" OrtID="2" Merkmal="0"/>
  <Strassen StrID="15150" StrName="Marienfeldstraße" StrPLZ="30459" OrtID="1"/>
  <Strassen StrID="15151" StrName="Louise Otto Ring" StrPLZ="31275" OrtID="4"/>
  <Strassen StrID="15152" StrName="Langes Feld" StrPLZ="30974" OrtID="307"/>
  <Strassen StrID="15153" StrName="Imhoffstraße" StrPLZ="30853" OrtID="27"/>
  <Strassen StrID="15154" StrName="Vinckestraße" StrPLZ="32257" OrtID="953"/>
  <Strassen StrID="15155" StrName="Johannisberger Straße" StrPLZ="65197" OrtID="50"/>
  <Strassen StrID="15156" StrName="Im Kanaleck" StrPLZ="30926" OrtID="1387"/>
  <Strassen StrID="15157" StrName="Krugstraße" StrPLZ="30455" OrtID="1"/>
  <Strassen StrID="15158" StrName="Rubenstraße" StrPLZ="12159" OrtID="18" Merkmal="0"/>
  <Strassen StrID="15159" StrName="Wiesenkamp" StrPLZ="24226" OrtID="1388"/>
  <Strassen StrID="15160" StrName="Postfach" StrPLZ="26180" OrtID="379"/>
  <Strassen StrID="15654" StrName="Tommesweg" StrPLZ="45149" OrtID="42" Merkmal="0"/>
  <Strassen StrID="15162" StrName="Harderslebener Straße" StrPLZ="25980" OrtID="565"/>
  <Strassen StrID="15163" StrName="Johannssenstraße" StrPLZ="30159" OrtID="1"/>
  <Strassen StrID="15164" StrName="Agathastraße" StrPLZ="59929" OrtID="1389"/>
  <Strassen StrID="15165" StrName="Rotdornweg" StrPLZ="30890" OrtID="2" Merkmal="0"/>
  <Strassen StrID="15166" StrName="Vor der Höhe" StrPLZ="31832" OrtID="278"/>
  <Strassen StrID="15167" StrName="Roskilder Hof" StrPLZ="30457" OrtID="1" Merkmal="0"/>
  <Strassen StrID="15168" StrName="Misdroyer Straße" StrPLZ="31303" OrtID="20" Merkmal="0"/>
  <Strassen StrID="15169" StrName="Neue Straße" StrPLZ="38170" OrtID="1390"/>
  <Strassen StrID="15170" StrName="Leibnizstraße" StrPLZ="30827" OrtID="149" Merkmal="0"/>
  <Strassen StrID="15171" StrName="Am Kalkofen" StrPLZ="30952" OrtID="3" Merkmal="0"/>
  <Strassen StrID="15172" StrName="Feldort" StrPLZ="32469" OrtID="600"/>
  <Strassen StrID="15173" StrName="Traminerweg" StrPLZ="55291" OrtID="1391"/>
  <Strassen StrID="15882" StrName="Parkallee" StrPLZ="28213" OrtID="109" Merkmal="0"/>
  <Strassen StrID="15175" StrName="Seipstraße" StrPLZ="31812" OrtID="94"/>
  <Strassen StrID="15176" StrName="Dammstraße" StrPLZ="30982" OrtID="253" Merkmal="0"/>
  <Strassen StrID="15177" StrName="Bernstorffstraße" StrPLZ="29221" OrtID="115" Merkmal="0"/>
  <Strassen StrID="15178" StrName="Henriettenweg" StrPLZ="30827" OrtID="149" Merkmal="0"/>
  <Strassen StrID="15179" StrName="Hirschpfuhl" StrPLZ="47533" OrtID="634"/>
  <Strassen StrID="15180" StrName="Im Lindenfeld" StrPLZ="30890" OrtID="2" Merkmal="0"/>
  <Strassen StrID="15181" StrName="Parkweg" StrPLZ="31789" OrtID="19" Merkmal="0"/>
  <Strassen StrID="15182" StrName="In den Bornwiesen" StrPLZ="30826" OrtID="149" Merkmal="0"/>
  <Strassen StrID="15183" StrName="Am Salzgarten" StrPLZ="30952" OrtID="3" Merkmal="0"/>
  <Strassen StrID="15184" StrName="Industriestraße" StrPLZ="30855" OrtID="27"/>
  <Strassen StrID="15185" StrName="Lortzingstraße" StrPLZ="31535" OrtID="22" Merkmal="0"/>
  <Strassen StrID="15186" StrName="Brühlstraße" StrPLZ="32423" OrtID="512"/>
  <Strassen StrID="15187" StrName="Lüneburger Straße" StrPLZ="10557" OrtID="18" Merkmal="0"/>
  <Strassen StrID="15188" StrName="Bürgermeister-Schaper-Straße" StrPLZ="31319" OrtID="276" Merkmal="0"/>
  <Strassen StrID="15189" StrName="Bahnhofstraße" StrPLZ="30853" OrtID="1" Merkmal="0"/>
  <Strassen StrID="15190" StrName="Mitobiusweg" StrPLZ="31535" OrtID="22" Merkmal="0"/>
  <Strassen StrID="15191" StrName="Klint" StrPLZ="38100" OrtID="8" Merkmal="0"/>
  <Strassen StrID="15192" StrName="Am Steinberg" StrPLZ="37136" OrtID="1088"/>
  <Strassen StrID="15193" StrName="Schillerstraße" StrPLZ="30926" OrtID="1" Merkmal="0"/>
  <Strassen StrID="15894" StrName="Scharenbergstraße" StrPLZ="38667" OrtID="84" Merkmal="0"/>
  <Strassen StrID="15195" StrName="Mecklenhorst Strasse" StrPLZ="31535" OrtID="22" Merkmal="0"/>
  <Strassen StrID="15196" StrName="Enge Straße" StrPLZ="31009" OrtID="135"/>
  <Strassen StrID="15197" StrName="Pickestraat" StrPLZ="2201" OrtID="1392"/>
  <Strassen StrID="15198" StrName="Göbenstraße" StrPLZ="30163" OrtID="1" Merkmal="0"/>
  <Strassen StrID="15199" StrName="Robert-Linnarz-Straße" StrPLZ="31061" OrtID="74"/>
  <Strassen StrID="15200" StrName="Jakobstal" StrPLZ="37412" OrtID="1" Merkmal="0"/>
  <Strassen StrID="15201" StrName="Trebnitzer Straße" StrPLZ="31226" OrtID="7" Merkmal="0"/>
  <Strassen StrID="15202" StrName="Bunsenstraße" StrPLZ="31582" OrtID="1312"/>
  <Strassen StrID="15203" StrName="Breite Straße" StrPLZ="14467" OrtID="683" Merkmal="0"/>
  <Strassen StrID="15204" StrName="Emmy-Noether-Straße" StrPLZ="30974" OrtID="307"/>
  <Strassen StrID="15205" StrName="Heinrichstraße" StrPLZ="31157" OrtID="268" Merkmal="0"/>
  <Strassen StrID="15206" StrName="Firnskuppenstraße" StrPLZ="34128" OrtID="11" Merkmal="0"/>
  <Strassen StrID="15207" StrName="Am Nordende" StrPLZ="31319" OrtID="276" Merkmal="0"/>
  <Strassen StrID="15208" StrName="Am Alten Freyhof" StrPLZ="30900" OrtID="25"/>
  <Strassen StrID="15209" StrName="Unter den Eichen" StrPLZ="31535" OrtID="22" Merkmal="0"/>
  <Strassen StrID="15210" StrName="Achter Billing" StrPLZ="22399" OrtID="39" Merkmal="0"/>
  <Strassen StrID="15211" StrName="Oleandersrt." StrPLZ="31135" OrtID="9" Merkmal="0"/>
  <Strassen StrID="15212" StrName="Siesmayerstr" StrPLZ="61118" OrtID="1393"/>
  <Strassen StrID="15213" StrName="Buchenweg" StrPLZ="82343" OrtID="1394"/>
  <Strassen StrID="15214" StrName="Pilauer Weg" StrPLZ="31698" OrtID="727"/>
  <Strassen StrID="15215" StrName="An der Diekwiese" StrPLZ="30890" OrtID="2" Merkmal="0"/>
  <Strassen StrID="15216" StrName="Witten Legden" StrPLZ="31311" OrtID="294"/>
  <Strassen StrID="15217" StrName="Raabeweg" StrPLZ="31303" OrtID="20" Merkmal="0"/>
  <Strassen StrID="15218" StrName="Fichteweg" StrPLZ="30890" OrtID="2" Merkmal="0"/>
  <Strassen StrID="15219" StrName="Am Rehdamm" StrPLZ="31558" OrtID="358"/>
  <Strassen StrID="15220" StrName="Am Bergkeller" StrPLZ="49377" OrtID="1054"/>
  <Strassen StrID="15221" StrName="Langenhof" StrPLZ="26160" OrtID="97"/>
  <Strassen StrID="15222" StrName="Helenbergweg" StrPLZ="44225" OrtID="125" Merkmal="0"/>
  <Strassen StrID="15223" StrName="Georgstraße" StrPLZ="31515" OrtID="319" Merkmal="0"/>
  <Strassen StrID="15224" StrName="Im Langen Felde" StrPLZ="30880" OrtID="200" Merkmal="0"/>
  <Strassen StrID="15225" StrName="Obenmankhaus" StrPLZ="42699" OrtID="277"/>
  <Strassen StrID="15226" StrName="Martin-Boyken-Ring" StrPLZ="31141" OrtID="9" Merkmal="0"/>
  <Strassen StrID="15227" StrName="Karl-Simrock-Weg" StrPLZ="30982" OrtID="253" Merkmal="0"/>
  <Strassen StrID="15228" StrName="Farster Feld" StrPLZ="31542" OrtID="91" Merkmal="0"/>
  <Strassen StrID="15229" StrName="Schwarzenknechtstraße" StrPLZ="30890" OrtID="2" Merkmal="0"/>
  <Strassen StrID="15230" StrName="Fasanengarten" StrPLZ="31275" OrtID="4"/>
  <Strassen StrID="15231" StrName="Westfalenstraße" StrPLZ="53844" OrtID="818"/>
  <Strassen StrID="15232" StrName="Orléansstraße" StrPLZ="31135" OrtID="9" Merkmal="0"/>
  <Strassen StrID="15233" StrName="Am Markt" StrPLZ="49565" OrtID="1395"/>
  <Strassen StrID="15234" StrName="Krausenstraße" StrPLZ="30900" OrtID="25"/>
  <Strassen StrID="15235" StrName="Kornstraße" StrPLZ="31535" OrtID="22" Merkmal="0"/>
  <Strassen StrID="15236" StrName="Leo-Sympher-Promenade" StrPLZ="30655" OrtID="1" Merkmal="0"/>
  <Strassen StrID="15237" StrName="Astrid-Lindgren-Straße" StrPLZ="31319" OrtID="276" Merkmal="0"/>
  <Strassen StrID="15238" StrName="Im Winkel" StrPLZ="30900" OrtID="25"/>
  <Strassen StrID="15239" StrName="Friedrichstraße" StrPLZ="10969" OrtID="18" Merkmal="0"/>
  <Strassen StrID="15240" StrName="Edurad-Mörike-Straße" StrPLZ="30880" OrtID="200" Merkmal="0"/>
  <Strassen StrID="15241" StrName="Orionhof" StrPLZ="30823" OrtID="149" Merkmal="0"/>
  <Strassen StrID="15242" StrName="Pinnauweg" StrPLZ="14167" OrtID="18" Merkmal="0"/>
  <Strassen StrID="15243" StrName="Vorgebirgsweg" StrPLZ="50226" OrtID="406"/>
  <Strassen StrID="15244" StrName="Dammfeldstraße" StrPLZ="31275" OrtID="4"/>
  <Strassen StrID="15245" StrName="Kochslandweg" StrPLZ="30823" OrtID="149" Merkmal="0"/>
  <Strassen StrID="15246" StrName="Hanno Ring" StrPLZ="30880" OrtID="200" Merkmal="0"/>
  <Strassen StrID="15247" StrName="Langer Kamp" StrPLZ="38350" OrtID="1" Merkmal="0"/>
  <Strassen StrID="15248" StrName="Rüssenstraße" StrPLZ="27239" OrtID="682"/>
  <Strassen StrID="15249" StrName="Ritterstraße" StrPLZ="47137" OrtID="660"/>
  <Strassen StrID="15250" StrName="Beekeweg" StrPLZ="30966" OrtID="13" Merkmal="0"/>
  <Strassen StrID="15251" StrName="Hohles  Moor" StrPLZ="30938" OrtID="40" Merkmal="0"/>
  <Strassen StrID="15252" StrName="Am Nottbohm" StrPLZ="31141" OrtID="9" Merkmal="0"/>
  <Strassen StrID="15253" StrName="Schulstraße" StrPLZ="30880" OrtID="200" Merkmal="0"/>
  <Strassen StrID="15254" StrName="Königsberger Straße" StrPLZ="31241" OrtID="437"/>
  <Strassen StrID="15255" StrName="Garvesser Ring" StrPLZ="31275" OrtID="4"/>
  <Strassen StrID="15256" StrName="Schlehengarten" StrPLZ="30539" OrtID="1" Merkmal="0"/>
  <Strassen StrID="15257" StrName="Ziegeleiberg" StrPLZ="31535" OrtID="22" Merkmal="0"/>
  <Strassen StrID="15258" StrName="Büsingstraße" StrPLZ="31832" OrtID="278"/>
  <Strassen StrID="15259" StrName="Gusenburger Straße" StrPLZ="54411" OrtID="1396"/>
  <Strassen StrID="15260" StrName="Dorfstraße" StrPLZ="30900" OrtID="25"/>
  <Strassen StrID="15261" StrName="Wemelstraße" StrPLZ="30890" OrtID="2" Merkmal="0"/>
  <Strassen StrID="15262" StrName="Die Mühlenbreite" StrPLZ="31535" OrtID="22" Merkmal="0"/>
  <Strassen StrID="15263" StrName="Essener Straße" StrPLZ="10555" OrtID="18" Merkmal="0"/>
  <Strassen StrID="15264" StrName="Bahnhofstraße" StrPLZ="27254" OrtID="1397"/>
  <Strassen StrID="15265" StrName="Langes Feld" StrPLZ="31535" OrtID="22" Merkmal="0"/>
  <Strassen StrID="15266" StrName="Parkstraße" StrPLZ="31515" OrtID="319" Merkmal="0"/>
  <Strassen StrID="15267" StrName="An der Königsberger Straße" StrPLZ="31303" OrtID="20" Merkmal="0"/>
  <Strassen StrID="15268" StrName="Im Großen Feld" StrPLZ="30952" OrtID="3" Merkmal="0"/>
  <Strassen StrID="15269" StrName="Wilhelm-Kuhr-Straße" StrPLZ="13187" OrtID="18" Merkmal="0"/>
  <Strassen StrID="15270" StrName="Stettiner Straße" StrPLZ="30900" OrtID="25"/>
  <Strassen StrID="15271" StrName="Am Hahnweg" StrPLZ="56244" OrtID="1" Merkmal="0"/>
  <Strassen StrID="15272" StrName="Heidewinkel" StrPLZ="31311" OrtID="294"/>
  <Strassen StrID="15273" StrName="Am Jürsenende" StrPLZ="30900" OrtID="25"/>
  <Strassen StrID="15274" StrName="Hans-Watzlik-Straße" StrPLZ="38239" OrtID="10"/>
  <Strassen StrID="15275" StrName="Schäferstraße" StrPLZ="40479" OrtID="127" Merkmal="0"/>
  <Strassen StrID="15276" StrName="Große Sandkaul" StrPLZ="50667" OrtID="17"/>
  <Strassen StrID="15277" StrName="Matthias-Grünewald-Straße" StrPLZ="31515" OrtID="319" Merkmal="0"/>
  <Strassen StrID="15278" StrName="Berthold-Brecht-Straße" StrPLZ="31515" OrtID="319" Merkmal="0"/>
  <Strassen StrID="15279" StrName="Werwolfsweg" StrPLZ="31303" OrtID="20" Merkmal="0"/>
  <Strassen StrID="15280" StrName="Rückertstraße" StrPLZ="31303" OrtID="20" Merkmal="0"/>
  <Strassen StrID="15281" StrName="Salzstraße" StrPLZ="31303" OrtID="20" Merkmal="0"/>
  <Strassen StrID="15282" StrName="Wittenburger Straße" StrPLZ="49624" OrtID="1398"/>
  <Strassen StrID="15283" StrName="Feldweg" StrPLZ="30966" OrtID="13" Merkmal="0"/>
  <Strassen StrID="15284" StrName="Kantweg" StrPLZ="29614" OrtID="561"/>
  <Strassen StrID="15285" StrName="Siedlerweg" StrPLZ="31303" OrtID="20" Merkmal="0"/>
  <Strassen StrID="15286" StrName="Am Braukamp" StrPLZ="30900" OrtID="25"/>
  <Strassen StrID="15287" StrName="Bahnhofstraße" StrPLZ="31303" OrtID="20" Merkmal="0"/>
  <Strassen StrID="15288" StrName="Thüringer Straße" StrPLZ="31185" OrtID="773"/>
  <Strassen StrID="15289" StrName="Großer Weg" StrPLZ="51766" OrtID="1399"/>
  <Strassen StrID="15290" StrName="Friesdorfer Straße" StrPLZ="53173" OrtID="26" Merkmal="0"/>
  <Strassen StrID="15291" StrName="Schmiedestraße" StrPLZ="32051" OrtID="178"/>
  <Strassen StrID="15292" StrName="Falkenstraße" StrPLZ="31275" OrtID="4"/>
  <Strassen StrID="15294" StrName="Virneburgweg" StrPLZ="53949" OrtID="1400" Merkmal="0"/>
  <Strassen StrID="15298" StrName="Schillerstraße" StrPLZ="31542" OrtID="91" Merkmal="0"/>
  <Strassen StrID="15299" StrName="Münchhofstraße" StrPLZ="39124" OrtID="216" Merkmal="0"/>
  <Strassen StrID="15300" StrName="Am Anger" StrPLZ="31719" OrtID="276" Merkmal="0"/>
  <Strassen StrID="15301" StrName="Prager Straße" StrPLZ="04317" OrtID="208" Merkmal="0"/>
  <Strassen StrID="15302" StrName="Lübecker Straße" StrPLZ="30823" OrtID="149" Merkmal="0"/>
  <Strassen StrID="15303" StrName="Altes Dorf" StrPLZ="31137" OrtID="9" Merkmal="0"/>
  <Strassen StrID="15304" StrName="Schönfelder Straße" StrPLZ="21109" OrtID="39" Merkmal="0"/>
  <Strassen StrID="15305" StrName="Louis-Leitz-Straße" StrPLZ="28355" OrtID="109" Merkmal="1" Planquadrat="N"/>
  <Strassen StrID="15306" StrName="Kirchfeldstraße" StrPLZ="40215" OrtID="127" Merkmal="0"/>
  <Strassen StrID="15307" StrName="Bahnhofstraße" StrPLZ="17440" OrtID="1403" Merkmal="0"/>
  <Strassen StrID="15308" StrName="Kaiserstraße" StrPLZ="6900" OrtID="1404" Merkmal="0"/>
  <Strassen StrID="15309" StrName="Schreiberhauer Straße" StrPLZ="10317" OrtID="18" Merkmal="0"/>
  <Strassen StrID="15310" StrName="Rochusstraße" StrPLZ="53123" OrtID="26" Merkmal="0"/>
  <Strassen StrID="15311" StrName="Dettenhauser Straße" StrPLZ="72141" OrtID="1405" Merkmal="0"/>
  <Strassen StrID="15312" StrName="Feininger Straße" StrPLZ="22115" OrtID="39" Merkmal="0"/>
  <Strassen StrID="15313" StrName="Äußere Dresdener Straße" StrPLZ="08066" OrtID="324" Merkmal="0"/>
  <Strassen StrID="15314" StrName="Kurt-Wagner.Straße" StrPLZ="25337" OrtID="134" Merkmal="0"/>
  <Strassen StrID="15315" StrName="Norderhofenden" StrPLZ="24937" OrtID="140" Merkmal="0"/>
  <Strassen StrID="15316" StrName="Otto von Guericke Straße" StrPLZ="49076" OrtID="249" Merkmal="0"/>
  <Strassen StrID="15317" StrName="Steiler Weg" StrPLZ="30880" OrtID="1" Merkmal="0"/>
  <Strassen StrID="15318" StrName="Carl-Zeiss-Straße" StrPLZ="31137" OrtID="9" Merkmal="0"/>
  <Strassen StrID="15319" StrName="Staugraben" StrPLZ="26122" OrtID="248" Merkmal="0"/>
  <Strassen StrID="15320" StrName="Annastraße" StrPLZ="80826" OrtID="149" Merkmal="0"/>
  <Strassen StrID="15321" StrName="Marxstraße" StrPLZ="31089" OrtID="1138" Merkmal="0"/>
  <Strassen StrID="15322" StrName="Pommernweg" StrPLZ="24576" OrtID="1406" Merkmal="0"/>
  <Strassen StrID="15323" StrName="Heideweg" StrPLZ="29693" OrtID="1407" Merkmal="0"/>
  <Strassen StrID="15324" StrName="Lattenkamp" StrPLZ="30159" OrtID="39" Merkmal="0"/>
  <Strassen StrID="15325" StrName="Hamburger Straße" StrPLZ="38114" OrtID="8" Merkmal="0"/>
  <Strassen StrID="15326" StrName="Klosterhof" StrPLZ="38159" OrtID="486" Merkmal="0"/>
  <Strassen StrID="15327" StrName="Kamp" StrPLZ="38122" OrtID="8" Merkmal="0"/>
  <Strassen StrID="15328" StrName="Kurfürstenallee" StrPLZ="30167" OrtID="109" Merkmal="0"/>
  <Strassen StrID="15329" StrName="Milanweg" StrPLZ="31867" OrtID="24" Merkmal="0"/>
  <Strassen StrID="15330" StrName="Martel Schwichtenberg Straße" StrPLZ="30519" OrtID="1" Merkmal="0"/>
  <Strassen StrID="15331" StrName="Wiedemannstrasse" StrPLZ="31157" OrtID="268" Merkmal="0"/>
  <Strassen StrID="15332" StrName="Buchenallee" StrPLZ="31542" OrtID="91" Merkmal="0"/>
  <Strassen StrID="15333" StrName="Buckebergstrasse" StrPLZ="31710" OrtID="1408" Merkmal="0"/>
  <Strassen StrID="15334" StrName="Am Torfwerk" StrPLZ="29693" OrtID="734" Merkmal="0"/>
  <Strassen StrID="15335" StrName="Soßmarer Tor" StrPLZ="31249" OrtID="185" Merkmal="0"/>
  <Strassen StrID="15336" StrName="Ramintenweg" StrPLZ="30916" OrtID="21" Merkmal="0"/>
  <Strassen StrID="15337" StrName="Lerchenstrasse" StrPLZ="30938" OrtID="40" Merkmal="0"/>
  <Strassen StrID="15338" StrName="Bremer Weg" StrPLZ="29369" OrtID="1409" Merkmal="0"/>
  <Strassen StrID="15339" StrName="Warndtstrasse" StrPLZ="42285" OrtID="320" Merkmal="0"/>
  <Strassen StrID="15340" StrName="Kirchstrasse" StrPLZ="31515" OrtID="319" Merkmal="0"/>
  <Strassen StrID="15341" StrName="Am Osterberg" StrPLZ="38173" OrtID="1318" Merkmal="0"/>
  <Strassen StrID="15342" StrName="Berliner Strasse" StrPLZ="21514" OrtID="1410" Merkmal="0"/>
  <Strassen StrID="15343" StrName="Auf dem Pfade" StrPLZ="31515" OrtID="319" Merkmal="0"/>
  <Strassen StrID="15344" StrName="Nößlerstrasse" StrPLZ="28359" OrtID="109" Merkmal="0"/>
  <Strassen StrID="15345" StrName="Rheinstrasse" StrPLZ="26382" OrtID="312" Merkmal="0"/>
  <Strassen StrID="15346" StrName="Meißering" StrPLZ="29693" OrtID="663" Merkmal="0"/>
  <Strassen StrID="15347" StrName="Neue Ringstrasse" StrPLZ="44267" OrtID="125" Merkmal="0"/>
  <Strassen StrID="15348" StrName="Levester Strasse" StrPLZ="30989" OrtID="5" Merkmal="0"/>
  <Strassen StrID="15349" StrName="Marienstrasse" StrPLZ="15562" OrtID="1411" Merkmal="0"/>
  <Strassen StrID="15350" StrName="Lessingstrasse" StrPLZ="30880" OrtID="200" Merkmal="0"/>
  <Strassen StrID="15351" StrName="Ahornstrasse" StrPLZ="19075" OrtID="1412" Merkmal="0"/>
  <Strassen StrID="15352" StrName="Akazienweg" StrPLZ="34117" OrtID="11" Merkmal="0"/>
  <Strassen StrID="15353" StrName="Kiefernweg" StrPLZ="25469" OrtID="510" Merkmal="0"/>
  <Strassen StrID="15354" StrName="Karl Wagenfeld Strasse" StrPLZ="44534" OrtID="1233" Merkmal="0"/>
  <Strassen StrID="15355" StrName="Lieth" StrPLZ="25336" OrtID="134" Merkmal="0"/>
  <Strassen StrID="15356" StrName="Budeckerweg" StrPLZ="22175" OrtID="39" Merkmal="0"/>
  <Strassen StrID="15357" StrName="Deisterallee" StrPLZ="31785" OrtID="19" Merkmal="0"/>
  <Strassen StrID="15358" StrName="Königstrasse" StrPLZ="7173" OrtID="287" Merkmal="0"/>
  <Strassen StrID="15359" StrName="Vogelkirschenweg" StrPLZ="15827" OrtID="1413" Merkmal="0"/>
  <Strassen StrID="15360" StrName="Heideäcker" StrPLZ="70771" OrtID="1414" Merkmal="0"/>
  <Strassen StrID="15361" StrName="Loolan" StrPLZ="7314 AH" OrtID="1415" Merkmal="0"/>
  <Strassen StrID="15362" StrName="Wiebeckplatz" StrPLZ="99947" OrtID="1416" Merkmal="0"/>
  <Strassen StrID="15363" StrName="Postfach" StrPLZ="38683" OrtID="1381" Merkmal="0"/>
  <Strassen StrID="15364" StrName="Im Booksiek 9" StrPLZ="33813" OrtID="1417" Merkmal="0"/>
  <Strassen StrID="15365" StrName="Bahnhofstrasse" StrPLZ="3717" OrtID="1418" Merkmal="0"/>
  <Strassen StrID="15366" StrName="Dahlemer Weg" StrPLZ="14167" OrtID="18" Merkmal="0"/>
  <Strassen StrID="15367" StrName="Reismühlenweg" StrPLZ="81477" OrtID="225" Merkmal="0"/>
  <Strassen StrID="15368" StrName="Nygade" StrPLZ="7400" OrtID="1419" Merkmal="0"/>
  <Strassen StrID="15369" StrName="Marschstrasse" StrPLZ="28309" OrtID="109" Merkmal="0"/>
  <Strassen StrID="15370" StrName="Ahlerfeldstrasse" StrPLZ="30890" OrtID="2" Merkmal="0"/>
  <Strassen StrID="15371" StrName="Taubenstrasse" StrPLZ="10117" OrtID="18" Merkmal="0"/>
  <Strassen StrID="15372" StrName="Beethovenstrasse" StrPLZ="63263" OrtID="640" Merkmal="0"/>
  <Strassen StrID="15373" StrName="Brahmscher Strasse" StrPLZ="49090" OrtID="249" Merkmal="0"/>
  <Strassen StrID="15374" StrName="Sauerbruchstrasse" StrPLZ="14109" OrtID="18" Merkmal="0"/>
  <Strassen StrID="15375" StrName="Tuchmacherstrasse" StrPLZ="14482" OrtID="683" Merkmal="0"/>
  <Strassen StrID="15376" StrName="Am Einfang" StrPLZ="82166" OrtID="597" Merkmal="0"/>
  <Strassen StrID="15377" StrName="Birkenstrasse" StrPLZ="30880" OrtID="200" Merkmal="0"/>
  <Strassen StrID="15378" StrName="Baumhofstrasse" StrPLZ="37520" OrtID="669" Merkmal="0"/>
  <Strassen StrID="15379" StrName="Stadtblick" StrPLZ="38112" OrtID="8" Merkmal="0"/>
  <Strassen StrID="15380" StrName="Adeborsweg" StrPLZ="18184" OrtID="1420" Merkmal="0"/>
  <Strassen StrID="15381" StrName="Bültenweg" StrPLZ="38106" OrtID="8" Merkmal="0"/>
  <Strassen StrID="15382" StrName="Grampiusstrasse" StrPLZ="31137" OrtID="9" Merkmal="0"/>
  <Strassen StrID="15383" StrName="Am Nätheborn" StrPLZ="33014" OrtID="1421" Merkmal="0"/>
  <Strassen StrID="15384" StrName="Rosengarten" StrPLZ="38533" OrtID="484" Merkmal="0"/>
  <Strassen StrID="15385" StrName="Bahnhofstrasse" StrPLZ="16356" OrtID="1422" Merkmal="0"/>
  <Strassen StrID="15386" StrName="maisenwinkel" StrPLZ="30909" OrtID="5" Merkmal="0"/>
  <Strassen StrID="15387" StrName="Waldschmidtstrasse" StrPLZ="83727" OrtID="833" Merkmal="0"/>
  <Strassen StrID="15388" StrName="Kreuzgarten" StrPLZ="29223" OrtID="115" Merkmal="0"/>
  <Strassen StrID="15389" StrName="Rodekamp" StrPLZ="38176" OrtID="306" Merkmal="0"/>
  <Strassen StrID="15390" StrName="Peter-Moll-Weg" StrPLZ="53639" OrtID="839" Merkmal="0"/>
  <Strassen StrID="15391" StrName="kopenhagener Strasse" StrPLZ="10437" OrtID="18" Merkmal="0"/>
  <Strassen StrID="15392" StrName="Funkenburg" StrPLZ="31515" OrtID="319" Merkmal="0"/>
  <Strassen StrID="15393" StrName="Blymer Straat" StrPLZ="3311" OrtID="1423" Merkmal="0"/>
  <Strassen StrID="15394" StrName="Höttinger Strasse" StrPLZ="91792" OrtID="1424" Merkmal="0"/>
  <Strassen StrID="15395" StrName="Max-von-Laue-Strasse" StrPLZ="30966" OrtID="13" Merkmal="0"/>
  <Strassen StrID="15396" StrName="Georg-Haccius-Strasse" StrPLZ="29320" OrtID="1143" Merkmal="0"/>
  <Strassen StrID="15397" StrName="Elisabet-Boehm-Strasse" StrPLZ="31319" OrtID="276" Merkmal="0"/>
  <Strassen StrID="15398" StrName="Erich-Kästnerstrasse" StrPLZ="30952" OrtID="3" Merkmal="0"/>
  <Strassen StrID="15399" StrName="Maschwinkel" StrPLZ="31224" OrtID="7" Merkmal="0"/>
  <Strassen StrID="15400" StrName="Trelleborgallee" StrPLZ="23570" OrtID="1153" Merkmal="0"/>
  <Strassen StrID="15401" StrName="Leipziger Strasse" StrPLZ="34123" OrtID="11" Merkmal="0"/>
  <Strassen StrID="15402" StrName="Hohenbergstrasse" StrPLZ="24105" OrtID="194" Merkmal="0"/>
  <Strassen StrID="15403" StrName="Gotenstrasse" StrPLZ="20097" OrtID="39" Merkmal="0"/>
  <Strassen StrID="15404" StrName="Hanwede" StrPLZ="29664" OrtID="304" Merkmal="0"/>
  <Strassen StrID="15405" StrName="Gibraltarstrasse" StrPLZ="27283" OrtID="299" Merkmal="0"/>
  <Strassen StrID="15406" StrName="Heisterbusch" StrPLZ="31311" OrtID="294" Merkmal="0"/>
  <Strassen StrID="15407" StrName="Sonnenweg" StrPLZ="30938" OrtID="40" Merkmal="0"/>
  <Strassen StrID="15408" StrName="Nordenwall" StrPLZ="59605" OrtID="165" Merkmal="0"/>
  <Strassen StrID="15409" StrName="Dammstrasse" StrPLZ="31134" OrtID="9" Merkmal="0"/>
  <Strassen StrID="15410" StrName="Jeseenstrasse" StrPLZ="22767" OrtID="39" Merkmal="0"/>
  <Strassen StrID="15411" StrName="Pariser Allee" StrPLZ="30982" OrtID="253" Merkmal="0"/>
  <Strassen StrID="15412" StrName="Stellinger Weg" StrPLZ="20255" OrtID="39" Merkmal="0"/>
  <Strassen StrID="15413" StrName="Veilchenweg" StrPLZ="22529" OrtID="39" Merkmal="0"/>
  <Strassen StrID="15414" StrName="Leinfelderstraße" StrPLZ="70771" OrtID="1414" Merkmal="0"/>
  <Strassen StrID="15415" StrName="Nagelweg" StrPLZ="20097" OrtID="39" Merkmal="0"/>
  <Strassen StrID="15416" StrName="Andersen Weg" StrPLZ="30900" OrtID="1425" Merkmal="0"/>
  <Strassen StrID="15417" StrName="Hähnlehofstraße" StrPLZ="88250" OrtID="1426" Merkmal="0"/>
  <Strassen StrID="15418" StrName="Kreitenwinkel" StrPLZ="31303" OrtID="20" Merkmal="0"/>
  <Strassen StrID="15419" StrName="Altendorfer Straße" StrPLZ="45143" OrtID="42" Merkmal="0"/>
  <Strassen StrID="15420" StrName="Depenauer Weg" StrPLZ="31303" OrtID="20" Merkmal="0"/>
  <Strassen StrID="15421" StrName="An der Kahlrieteh" StrPLZ="30627" OrtID="149" Merkmal="0"/>
  <Strassen StrID="15422" StrName="Königstraße" StrPLZ="45881" OrtID="1427" Merkmal="0"/>
  <Strassen StrID="15423" StrName="Reuterstraße" StrPLZ="53113" OrtID="26" Merkmal="0"/>
  <Strassen StrID="15424" StrName="Prenzlauer Allee" StrPLZ="10405" OrtID="18" Merkmal="0"/>
  <Strassen StrID="15425" StrName="Strandvejen" StrPLZ="1720" OrtID="1428" Merkmal="0"/>
  <Strassen StrID="15426" StrName="Eberswalder Straße" StrPLZ="10437" OrtID="18" Merkmal="0"/>
  <Strassen StrID="15427" StrName="M.T.Buchholzstich" StrPLZ="25996" OrtID="1429" Merkmal="0"/>
  <Strassen StrID="15428" StrName="Wolfenstraße" StrPLZ="30827" OrtID="149" Merkmal="0"/>
  <Strassen StrID="15429" StrName="Quellenweg" StrPLZ="34253" OrtID="1117" Merkmal="0"/>
  <Strassen StrID="15430" StrName="Auf der Papenburg" StrPLZ="31535" OrtID="22" Merkmal="0"/>
  <Strassen StrID="15431" StrName="Alfred-Nobel-Strasse" StrPLZ="30926" OrtID="6" Merkmal="0"/>
  <Strassen StrID="15432" StrName="Hannoversche Straße" StrPLZ="38116" OrtID="8" Merkmal="0"/>
  <Strassen StrID="15433" StrName="Barbara Straße" StrPLZ="30952" OrtID="3" Merkmal="0"/>
  <Strassen StrID="15434" StrName="Fichtenweg" StrPLZ="30880" OrtID="200" Merkmal="0"/>
  <Strassen StrID="15435" StrName="Wolfratshauser Straße" StrPLZ="82049" OrtID="1430" Merkmal="0"/>
  <Strassen StrID="15436" StrName="Taunusanlage" StrPLZ="60329" OrtID="41" Merkmal="0"/>
  <Strassen StrID="15437" StrName="Valentinskamp" StrPLZ="20355" OrtID="39" Merkmal="0"/>
  <Strassen StrID="15438" StrName="Seckelhörn" StrPLZ="20457" OrtID="39" Merkmal="0"/>
  <Strassen StrID="15439" StrName="Karl-Ludwig-Straße" StrPLZ="69117" OrtID="621" Merkmal="0"/>
  <Strassen StrID="15440" StrName="Potsdamer Strasse" StrPLZ="10785" OrtID="18" Merkmal="0"/>
  <Strassen StrID="15441" StrName="Bundesplatz" StrPLZ="CH-6300" OrtID="1358" Merkmal="0"/>
  <Strassen StrID="15442" StrName="Rte d&apos;Arlon" StrPLZ="1150" OrtID="962" Merkmal="0"/>
  <Strassen StrID="15443" StrName="Dornbusch" StrPLZ="20095" OrtID="39" Merkmal="0"/>
  <Strassen StrID="15444" StrName="Meister-Gerhard-Strasse" StrPLZ="50674" OrtID="17" Merkmal="0"/>
  <Strassen StrID="15445" StrName="Osterdeich" StrPLZ="28203" OrtID="109" Merkmal="0"/>
  <Strassen StrID="15446" StrName="Alber-Schmidt-Allee" StrPLZ="42897" OrtID="1002" Merkmal="0"/>
  <Strassen StrID="15447" StrName="Ruhrallee" StrPLZ="44139" OrtID="125" Merkmal="0"/>
  <Strassen StrID="15448" StrName="Güldenstraße" StrPLZ="38100" OrtID="8" Merkmal="0"/>
  <Strassen StrID="15449" StrName="Volkmaroder Straße" StrPLZ="38104" OrtID="8" Merkmal="0"/>
  <Strassen StrID="15450" StrName="Kölnische Straße" StrPLZ="34117" OrtID="11" Merkmal="0"/>
  <Strassen StrID="15451" StrName="Lennestraße" StrPLZ="10785" OrtID="18" Merkmal="0"/>
  <Strassen StrID="15452" StrName="Neue Mainzer Straße" StrPLZ="60311" OrtID="41" Merkmal="0"/>
  <Strassen StrID="15453" StrName="Obergstrasse" StrPLZ="38102" OrtID="8" Merkmal="0"/>
  <Strassen StrID="15454" StrName="Celler Strasse" StrPLZ="38114" OrtID="8" Merkmal="0"/>
  <Strassen StrID="15455" StrName="Franziskaner Straße" StrPLZ="45139" OrtID="42" Merkmal="0"/>
  <Strassen StrID="15456" StrName="Steeler Strasse" StrPLZ="45139" OrtID="42" Merkmal="0"/>
  <Strassen StrID="15457" StrName="Zweigstrasse" StrPLZ="45355" OrtID="42" Merkmal="0"/>
  <Strassen StrID="15458" StrName="Sommerau" StrPLZ="33104" OrtID="252" Merkmal="0"/>
  <Strassen StrID="15459" StrName="Ben-Gurion-Ring" StrPLZ="60437" OrtID="41" Merkmal="0"/>
  <Strassen StrID="15460" StrName="Ben-Gurion-Ring" StrPLZ="60437" OrtID="41" Merkmal="0"/>
  <Strassen StrID="15461" StrName="Wiesenstraße" StrPLZ="51588" OrtID="1431" Merkmal="0"/>
  <Strassen StrID="15462" StrName="Eckenbacher Strasse" StrPLZ="51588" OrtID="1431" Merkmal="0"/>
  <Strassen StrID="15463" StrName="Erlenweg" StrPLZ="51588" OrtID="1431" Merkmal="0"/>
  <Strassen StrID="15465" StrName="Kablower Weg" StrPLZ="12527" OrtID="18" Merkmal="0"/>
  <Strassen StrID="15466" StrName="Brahmsweg" StrPLZ="14532" OrtID="983" Merkmal="0"/>
  <Strassen StrID="15467" StrName="Siemensstraße" StrPLZ="63263" OrtID="640" Merkmal="0"/>
  <Strassen StrID="15468" StrName="Eckenbacher Hardt" StrPLZ="51588" OrtID="1431" Merkmal="0"/>
  <Strassen StrID="15469" StrName="Jägerhofstrasse" StrPLZ="51588" OrtID="1431" Merkmal="0"/>
  <Strassen StrID="15471" StrName="Ulmenallee" StrPLZ="31675" OrtID="112" Merkmal="0"/>
  <Strassen StrID="15685" StrName="Petermannstraße" StrPLZ="30455" OrtID="1" Merkmal="0"/>
  <Strassen StrID="15473" StrName="Feldstraße" StrPLZ="32457" OrtID="52" Merkmal="0"/>
  <Strassen StrID="15474" StrName="Wildefuerstraße" StrPLZ="31134" OrtID="9" Merkmal="0"/>
  <Strassen StrID="15475" StrName="Mailänder Straße" StrPLZ="30539" OrtID="1" Merkmal="0"/>
  <Strassen StrID="15476" StrName="Waldweg" StrPLZ="38176" OrtID="1434" Merkmal="0"/>
  <Strassen StrID="15477" StrName="Logestrasse" StrPLZ="27616" OrtID="1435" Merkmal="0"/>
  <Strassen StrID="15478" StrName="Theodor-Heuss-Allee" StrPLZ="60486" OrtID="41" Merkmal="0"/>
  <Strassen StrID="15479" StrName="Manderscheidtstraße" StrPLZ="45141" OrtID="42" Merkmal="0"/>
  <Strassen StrID="15480" StrName="Leo-Sympher-Promenade" StrPLZ="30655" OrtID="1" Merkmal="0"/>
  <Strassen StrID="15481" StrName="Arabellastraße" StrPLZ="81925" OrtID="225" Merkmal="0"/>
  <Strassen StrID="15482" StrName="Am Osterwohl" StrPLZ="31848" OrtID="89" Merkmal="0"/>
  <Strassen StrID="15483" StrName="Julius-Leber-Straße" StrPLZ="31535" OrtID="22" Merkmal="0"/>
  <Strassen StrID="15484" StrName="Kahlergasse" StrPLZ="31737" OrtID="262" Merkmal="0"/>
  <Strassen StrID="15485" StrName="Neue Straße" StrPLZ="38444" OrtID="315" Merkmal="0"/>
  <Strassen StrID="15486" StrName="Fatimastraat" StrPLZ="NL-4834 XT" OrtID="1436" Merkmal="0"/>
  <Strassen StrID="15487" StrName="Klintsweg" StrPLZ="31311" OrtID="294" Merkmal="0"/>
  <Strassen StrID="15488" StrName="Auf der Fuhr" StrPLZ="51570" OrtID="1437" Merkmal="0"/>
  <Strassen StrID="15489" StrName="Hermann-Stöhr-Straße" StrPLZ="21244" OrtID="111" Merkmal="0"/>
  <Strassen StrID="15490" StrName="Beginenhof" StrPLZ="31785" OrtID="19" Merkmal="0"/>
  <Strassen StrID="15491" StrName="Leinkamp" StrPLZ="31171" OrtID="241" Merkmal="0"/>
  <Strassen StrID="15492" StrName="Oranienburgerstraße" StrPLZ="13437" OrtID="18" Merkmal="0"/>
  <Strassen StrID="15493" StrName="Peterskamp" StrPLZ="38108" OrtID="8" Merkmal="0"/>
  <Strassen StrID="15494" StrName="Klingenbergstraße" StrPLZ="26133" OrtID="248" Merkmal="0"/>
  <Strassen StrID="15495" StrName="Rubensstraße 28" StrPLZ="60596" OrtID="41" Merkmal="0"/>
  <Strassen StrID="15496" StrName="Beethovebgasse" StrPLZ="AT-2500" OrtID="1438" Merkmal="0"/>
  <Strassen StrID="15497" StrName="Fontanestraße" StrPLZ="58840" OrtID="1147" Merkmal="0"/>
  <Strassen StrID="15498" StrName="Christian-Balzersen-Weg" StrPLZ="24536" OrtID="231" Merkmal="0"/>
  <Strassen StrID="15499" StrName="Carl-Miele-Straße" StrPLZ="38112" OrtID="8" Merkmal="0"/>
  <Strassen StrID="15500" StrName="Bahnhofstraße" StrPLZ="36037" OrtID="1439" Merkmal="0"/>
  <Strassen StrID="15501" StrName="Suthwiesenstraße" StrPLZ="38226" OrtID="483" Merkmal="0"/>
  <Strassen StrID="15502" StrName="Sandtrift" StrPLZ="32425" OrtID="512" Merkmal="0"/>
  <Strassen StrID="15503" StrName="Bergstraße" StrPLZ="31137" OrtID="9" Merkmal="0"/>
  <Strassen StrID="15504" StrName="Jensendamm" StrPLZ="24103" OrtID="194" Merkmal="0"/>
  <Strassen StrID="15505" StrName="Rossert Straße" StrPLZ="60323" OrtID="41" Merkmal="0"/>
  <Strassen StrID="15506" StrName="Sandrehre" StrPLZ="30926" OrtID="6" Merkmal="0"/>
  <Strassen StrID="15507" StrName="Speckenstraße" StrPLZ="31515" OrtID="319" Merkmal="0"/>
  <Strassen StrID="15508" StrName="Am Ackerhof" StrPLZ="38302" OrtID="314" Merkmal="0"/>
  <Strassen StrID="15509" StrName="Ramlinger Straße" StrPLZ="31303" OrtID="20" Merkmal="0"/>
  <Strassen StrID="15510" StrName="Schützenallee" StrPLZ="31134" OrtID="9" Merkmal="0"/>
  <Strassen StrID="15511" StrName="An der Friedenseiche" StrPLZ="31515" OrtID="1371" Merkmal="0"/>
  <Strassen StrID="15512" StrName="Postfach" StrPLZ="44784" OrtID="104" Merkmal="0"/>
  <Strassen StrID="15513" StrName="Wiesenweg" StrPLZ="27729" OrtID="1440" Merkmal="0"/>
  <Strassen StrID="15514" StrName="Breite Straße" StrPLZ="13597" OrtID="18" Merkmal="0"/>
  <Strassen StrID="15515" StrName="Baustraße" StrPLZ="31785" OrtID="19" Merkmal="0"/>
  <Strassen StrID="15516" StrName="Im Zollhafen" StrPLZ="50678" OrtID="17" Merkmal="0"/>
  <Strassen StrID="15517" StrName="St. Ilgener Straße" StrPLZ="69181" OrtID="1441" Merkmal="0"/>
  <Strassen StrID="15518" StrName="Immengarten" StrPLZ="30926" OrtID="6" Merkmal="0"/>
  <Strassen StrID="15519" StrName="Hollensiek" StrPLZ="32312" OrtID="1442" Merkmal="0"/>
  <Strassen StrID="15520" StrName="Am Klingenberg" StrPLZ="30890" OrtID="2" Merkmal="0"/>
  <Strassen StrID="15521" StrName="Ostdeutscher Weg" StrPLZ="29690" OrtID="273" Merkmal="0"/>
  <Strassen StrID="15522" StrName="Fritz-Höger-Weg" StrPLZ="30559" OrtID="1" Merkmal="0"/>
  <Strassen StrID="15523" StrName="Niester Straße" StrPLZ="34260" OrtID="1443" Merkmal="0"/>
  <Strassen StrID="15524" StrName="Johann-Piltz-Ring" StrPLZ="30629" OrtID="1" Merkmal="0"/>
  <Strassen StrID="15525" StrName="Sudweg" StrPLZ="29525" OrtID="403" Merkmal="0"/>
  <Strassen StrID="15526" StrName="Elly-Beinhorn-Straße" StrPLZ="30559" OrtID="1" Merkmal="0"/>
  <Strassen StrID="15527" StrName="Fritz-Ullmann-Straße" StrPLZ="55252" OrtID="566" Merkmal="0"/>
  <Strassen StrID="15528" StrName="K.Kollwitz-Ring" StrPLZ="31079" OrtID="914" Merkmal="0"/>
  <Strassen StrID="15529" StrName="Rolandstraße" StrPLZ="34131" OrtID="11" Merkmal="0"/>
  <Strassen StrID="15530" StrName="Fürtherstraße" StrPLZ="12309" OrtID="18" Merkmal="0"/>
  <Strassen StrID="15531" StrName="Hagenbrücke" StrPLZ="38100" OrtID="8" Merkmal="0"/>
  <Strassen StrID="15532" StrName="Otternhägener Straße" StrPLZ="30826" OrtID="149" Merkmal="0"/>
  <Strassen StrID="15533" StrName="Senefelderstraße" StrPLZ="38124" OrtID="8" Merkmal="0"/>
  <Strassen StrID="15534" StrName="Wegenerstraße" StrPLZ="10713" OrtID="18" Merkmal="0"/>
  <Strassen StrID="15535" StrName="Schloßplatz" StrPLZ="31675" OrtID="112" Merkmal="0"/>
  <Strassen StrID="15536" StrName="Kölnstraße" StrPLZ="52351" OrtID="1444" Merkmal="0"/>
  <Strassen StrID="15537" StrName="Käthe-Paulus-Straße" StrPLZ="31157" OrtID="268" Merkmal="0"/>
  <Strassen StrID="15538" StrName="Wahrbergstraße" StrPLZ="37314" OrtID="242" Merkmal="0"/>
  <Strassen StrID="15539" StrName="An der Gose" StrPLZ="38640" OrtID="157" Merkmal="0"/>
  <Strassen StrID="15540" StrName="Berliner Platz" StrPLZ="38102" OrtID="8" Merkmal="0"/>
  <Strassen StrID="15541" StrName="Baltenweg" StrPLZ="30890" OrtID="2" Merkmal="0"/>
  <Strassen StrID="15542" StrName="Wendebornstraße" StrPLZ="37574" OrtID="133" Merkmal="0"/>
  <Strassen StrID="15543" StrName="Ostpassage" StrPLZ="30853" OrtID="27" Merkmal="0"/>
  <Strassen StrID="15544" StrName="Am Kälberanger" StrPLZ="31319" OrtID="276" Merkmal="0"/>
  <Strassen StrID="15545" StrName="Kantstraße" StrPLZ="31224" OrtID="7" Merkmal="0"/>
  <Strassen StrID="15546" StrName="Eschenrieder Straße" StrPLZ="82194" OrtID="1445" Merkmal="0"/>
  <Strassen StrID="15547" StrName="Am Schulplatz" StrPLZ="32584" OrtID="1446" Merkmal="0"/>
  <Strassen StrID="15548" StrName="Obernweg" StrPLZ="31180" OrtID="152" Merkmal="0"/>
  <Strassen StrID="15549" StrName="Obergstraße" StrPLZ="31139" OrtID="9" Merkmal="0"/>
  <Strassen StrID="15550" StrName="Aladinweg" StrPLZ="30179" OrtID="1" Merkmal="0"/>
  <Strassen StrID="15551" StrName="Kurt-Schumacher-Alle" StrPLZ="28329" OrtID="109" Merkmal="0"/>
  <Strassen StrID="15552" StrName="Mark-Twaim-Weg" StrPLZ="30966" OrtID="13" Merkmal="0"/>
  <Strassen StrID="15553" StrName="Am Harzhübel" StrPLZ="67663" OrtID="696" Merkmal="0"/>
  <Strassen StrID="15554" StrName="Hainhuser Weg" StrPLZ="30539" OrtID="27" Merkmal="0"/>
  <Strassen StrID="15555" StrName="An der Lindenhecke" StrPLZ="30559" OrtID="1" Merkmal="0"/>
  <Strassen StrID="15556" StrName="Treppenkamp" StrPLZ="30539" OrtID="1" Merkmal="0"/>
  <Strassen StrID="15557" StrName="Wilhelm-Raabe-Straße" StrPLZ="30916" OrtID="21" Merkmal="0"/>
  <Strassen StrID="15558" StrName="Nobelring" StrPLZ="30655" OrtID="200" Merkmal="0"/>
  <Strassen StrID="15559" StrName="Oberanger" StrPLZ="80331" OrtID="225" Merkmal="0"/>
  <Strassen StrID="15560" StrName="Heveser Feld" StrPLZ="31675" OrtID="112" Merkmal="0"/>
  <Strassen StrID="15561" StrName="Max-Planck-Straße 2" StrPLZ="30966" OrtID="13" Merkmal="0"/>
  <Strassen StrID="15562" StrName="Eltviller Straße" StrPLZ="65197" OrtID="50" Merkmal="0"/>
  <Strassen StrID="15563" StrName="Oberzwehrener Straße" StrPLZ="34132" OrtID="11" Merkmal="0"/>
  <Strassen StrID="15564" StrName="An der Börse" StrPLZ="30159" OrtID="1" Merkmal="0"/>
  <Strassen StrID="15565" StrName="Mittelweg" StrPLZ="20149" OrtID="39" Merkmal="0"/>
  <Strassen StrID="15566" StrName="Goethestraße" StrPLZ="38518" OrtID="155" Merkmal="0"/>
  <Strassen StrID="15567" StrName="Westpreußenweg" StrPLZ="30900" OrtID="25" Merkmal="0"/>
  <Strassen StrID="15568" StrName="Akazienweg" StrPLZ="44799" OrtID="104" Merkmal="0"/>
  <Strassen StrID="15569" StrName="unbekannt" StrPLZ="unbekannt" OrtID="1" Merkmal="0"/>
  <Strassen StrID="15570" StrName="Rohrbusch" StrPLZ="31171" OrtID="241" Merkmal="0"/>
  <Strassen StrID="15571" StrName="Alte Bernauer Straße" StrPLZ="83209" OrtID="1447" Merkmal="0"/>
  <Strassen StrID="15572" StrName="Wehminger Garten" StrPLZ="30880" OrtID="200" Merkmal="0"/>
  <Strassen StrID="15573" StrName="Am DRK" StrPLZ="29690" OrtID="273" Merkmal="0"/>
  <Strassen StrID="15574" StrName="Neues Dorf" StrPLZ="29693" OrtID="663" Merkmal="0"/>
  <Strassen StrID="15575" StrName="Terofalstraße" StrPLZ="84405" OrtID="1448" Merkmal="0"/>
  <Strassen StrID="15576" StrName="Münchener Straße" StrPLZ="30880" OrtID="200" Merkmal="0"/>
  <Strassen StrID="15577" StrName="Dornbusch" StrPLZ="30453" OrtID="1" Merkmal="0"/>
  <Strassen StrID="15579" StrName="Auf dem Berge" StrPLZ="37520" OrtID="1449" Merkmal="0"/>
  <Strassen StrID="15580" StrName="Hallesches Ufer" StrPLZ="10963" OrtID="18" Merkmal="0"/>
  <Strassen StrID="15581" StrName="Hambacher Tal" StrPLZ="64646" OrtID="1450" Merkmal="0"/>
  <Strassen StrID="15582" StrName="Kennedyalle" StrPLZ="60596" OrtID="41" Merkmal="0"/>
  <Strassen StrID="15583" StrName="Gliesmaroderstraße" StrPLZ="38106" OrtID="8" Merkmal="0"/>
  <Strassen StrID="15584" StrName="Stresemannstraße" StrPLZ="10963" OrtID="18" Merkmal="0"/>
  <Strassen StrID="15585" StrName="Kleiner Schloßplatz" StrPLZ="70173" OrtID="287" Merkmal="0"/>
  <Strassen StrID="15586" StrName="Gerastraße" StrPLZ="38124" OrtID="8" Merkmal="0"/>
  <Strassen StrID="15587" StrName="Windmühlenweg" StrPLZ="37115" OrtID="608" Merkmal="0"/>
  <Strassen StrID="15588" StrName="Immermannstraße" StrPLZ="40210" OrtID="127" Merkmal="0"/>
  <Strassen StrID="15589" StrName="Ringstrasse" StrPLZ="04932" OrtID="1451" Merkmal="0"/>
  <Strassen StrID="15590" StrName="Neuenschleuse" StrPLZ="21635" OrtID="1452" Merkmal="0"/>
  <Strassen StrID="15591" StrName="Zanderweg" StrPLZ="31275" OrtID="4" Merkmal="0"/>
  <Strassen StrID="15592" StrName="Gronauer Straße" StrPLZ="60385" OrtID="1453" Merkmal="0"/>
  <Strassen StrID="15593" StrName="An Krietes Park" StrPLZ="28309" OrtID="109" Merkmal="0"/>
  <Strassen StrID="15594" StrName="Hannoversche Straße" StrPLZ="29221" OrtID="115" Merkmal="0"/>
  <Strassen StrID="15595" StrName="Heikendorfer Weg" StrPLZ="24149" OrtID="194" Merkmal="0"/>
  <Strassen StrID="15596" StrName="Asternstraße" StrPLZ="30827" OrtID="149" Merkmal="0"/>
  <Strassen StrID="15597" StrName="Oldenfelder Straße" StrPLZ="22143" OrtID="39" Merkmal="0"/>
  <Strassen StrID="15598" StrName="Schilfkampweg" StrPLZ="31311" OrtID="294" Merkmal="0"/>
  <Strassen StrID="15599" StrName="Heidkamp" StrPLZ="31234" OrtID="128" Merkmal="0"/>
  <Strassen StrID="15600" StrName="Große Bleichen" StrPLZ="20354" OrtID="39" Merkmal="0"/>
  <Strassen StrID="15601" StrName="August-Broemel-Strasse" StrPLZ="99310" OrtID="1454" Merkmal="0"/>
  <Strassen StrID="15602" StrName="Adam-Opel-Straße" StrPLZ="63322" OrtID="1455" Merkmal="0"/>
  <Strassen StrID="15603" StrName="Wunstorfer Straße" StrPLZ="30926" OrtID="6" Merkmal="0"/>
  <Strassen StrID="15604" StrName="Lise-Meitner-Strasse" StrPLZ="30916" OrtID="21" Merkmal="0"/>
  <Strassen StrID="15605" StrName="Stöckener Hof" StrPLZ="30419" OrtID="1" Merkmal="0"/>
  <Strassen StrID="15606" StrName="Peiner Landstrraße" StrPLZ="31135" OrtID="9" Merkmal="0"/>
  <Strassen StrID="15607" StrName="Schleswiger Straße" StrPLZ="41068" OrtID="222" Merkmal="0"/>
  <Strassen StrID="15608" StrName="Kuhstraße" StrPLZ="28100" OrtID="8" Merkmal="0"/>
  <Strassen StrID="15609" StrName="Paulusstraße" StrPLZ="33602" OrtID="101" Merkmal="0"/>
  <Strassen StrID="15610" StrName="Am Moorbad" StrPLZ="32549" OrtID="614" Merkmal="0"/>
  <Strassen StrID="15611" StrName="Georgstraße" StrPLZ="30926" OrtID="6" Merkmal="0"/>
  <Strassen StrID="15612" StrName="Burchardstraße" StrPLZ="20095" OrtID="39" Merkmal="0"/>
  <Strassen StrID="15613" StrName="Bodemannstraße" StrPLZ="38518" OrtID="155" Merkmal="0"/>
  <Strassen StrID="15614" StrName="Wolfsgartenstraße" StrPLZ="63329" OrtID="1456" Merkmal="0"/>
  <Strassen StrID="15615" StrName="Celler Straße" StrPLZ="31552" OrtID="263" Merkmal="0"/>
  <Strassen StrID="15616" StrName="Postfach 3302 52" StrPLZ="39047" OrtID="216" Merkmal="0"/>
  <Strassen StrID="15617" StrName="Münchenhäger Straße" StrPLZ="31547" OrtID="30" Merkmal="0"/>
  <Strassen StrID="15618" StrName="Am Parkschlösschen" StrPLZ="31275" OrtID="4" Merkmal="0"/>
  <Strassen StrID="15619" StrName="Niederes Feld" StrPLZ="37627" OrtID="1457" Merkmal="0"/>
  <Strassen StrID="15620" StrName="Hegerdorfstraße" StrPLZ="38108" OrtID="8" Merkmal="0"/>
  <Strassen StrID="15621" StrName="Leopoldstraße" StrPLZ="80802" OrtID="225" Merkmal="0"/>
  <Strassen StrID="15622" StrName="Bostonring" StrPLZ="71686" OrtID="1458" Merkmal="0"/>
  <Strassen StrID="15623" StrName="Walter-Flex-Straße" StrPLZ="65428" OrtID="1459" Merkmal="0"/>
  <Strassen StrID="15624" StrName="Schleinufer" StrPLZ="39104" OrtID="216" Merkmal="0"/>
  <Strassen StrID="15625" StrName="Gottfried-Buhr-Weg" StrPLZ="30916" OrtID="21" Merkmal="0"/>
  <Strassen StrID="15626" StrName="Nordstraße" StrPLZ="31319" OrtID="276" Merkmal="0"/>
  <Strassen StrID="15627" StrName="Südstraße" StrPLZ="31246" OrtID="784" Merkmal="0"/>
  <Strassen StrID="15628" StrName="Markt" StrPLZ="55115" OrtID="566" Merkmal="0"/>
  <Strassen StrID="15629" StrName="Fontanestraße" StrPLZ="31224" OrtID="7" Merkmal="0"/>
  <Strassen StrID="15630" StrName="Hegebergen" StrPLZ="30900" OrtID="25" Merkmal="0"/>
  <Strassen StrID="15631" StrName="Laakirchenerstrasse" StrPLZ="63179" OrtID="1460" Merkmal="0"/>
  <Strassen StrID="15632" StrName="Carlshallweg" StrPLZ="31191" OrtID="76" Merkmal="0"/>
  <Strassen StrID="15633" StrName="Hültzstraße" StrPLZ="50933" OrtID="17" Merkmal="0"/>
  <Strassen StrID="15634" StrName="Spinnerei" StrPLZ="27749" OrtID="120" Merkmal="0"/>
  <Strassen StrID="15635" StrName="Berliner Straße" StrPLZ="06112" OrtID="721" Merkmal="0"/>
  <Strassen StrID="15636" StrName="Katharinenweg" StrPLZ="30890" OrtID="2" Merkmal="0"/>
  <Strassen StrID="15637" StrName="Am Sandberg" StrPLZ="30938" OrtID="40" Merkmal="0"/>
  <Strassen StrID="15638" StrName="Fließtalstraße" StrPLZ="13467" OrtID="18" Merkmal="0"/>
  <Strassen StrID="15639" StrName="Am Mühlenbach" StrPLZ="40670" OrtID="380" Merkmal="0"/>
  <Strassen StrID="15640" StrName="An der Gerichtslinde" StrPLZ="37081" OrtID="158" Merkmal="0"/>
  <Strassen StrID="15641" StrName="An der Warnau" StrPLZ="29699" OrtID="1461" Merkmal="0"/>
  <Strassen StrID="15642" StrName="Helma-Ehlers-Straße" StrPLZ="31157" OrtID="268" Merkmal="0"/>
  <Strassen StrID="15643" StrName="An der Tannenriede" StrPLZ="38108" OrtID="8" Merkmal="0"/>
  <Strassen StrID="15644" StrName="Tegtkamp" StrPLZ="31319" OrtID="276" Merkmal="0"/>
  <Strassen StrID="15645" StrName="Friedrich-Domeyer-Straße" StrPLZ="31535" OrtID="22" Merkmal="0"/>
  <Strassen StrID="15646" StrName="Krondorfer Straße" StrPLZ="06766" OrtID="1462" Merkmal="0"/>
  <Strassen StrID="15647" StrName="Am Sandkamp" StrPLZ="30938" OrtID="40" Merkmal="0"/>
  <Strassen StrID="15648" StrName="Lausitzer Straße" StrPLZ="30916" OrtID="21" Merkmal="0"/>
  <Strassen StrID="15649" StrName="Charlottenstraße" StrPLZ="10969" OrtID="18" Merkmal="0"/>
  <Strassen StrID="15650" StrName="Kleine Heide" StrPLZ="31515" OrtID="319" Merkmal="0"/>
  <Strassen StrID="15655" StrName="Industriestraße" StrPLZ="28199" OrtID="109" Merkmal="0"/>
  <Strassen StrID="15656" StrName="Industriepark" StrPLZ="27777" OrtID="378" Merkmal="0"/>
  <Strassen StrID="15657" StrName="Fritz-Reuter-Weg" StrPLZ="30938" OrtID="40" Merkmal="0"/>
  <Strassen StrID="15658" StrName="Kleiner Kamp" StrPLZ="30880" OrtID="200" Merkmal="0"/>
  <Strassen StrID="15659" StrName="Auf dem Berge" StrPLZ="37520" OrtID="468" Merkmal="0"/>
  <Strassen StrID="15660" StrName="Glückstraße" StrPLZ="53229" OrtID="26" Merkmal="0"/>
  <Strassen StrID="15661" StrName="Postfach" StrPLZ="48443" OrtID="1464" Merkmal="0"/>
  <Strassen StrID="15662" StrName="Am Flidderberg" StrPLZ="21256" OrtID="1465" Merkmal="0"/>
  <Strassen StrID="15663" StrName="Wiesenhüttenstraße" StrPLZ="60329" OrtID="41" Merkmal="0"/>
  <Strassen StrID="15664" StrName="Bleibtreustraße" StrPLZ="79725" OrtID="1466" Merkmal="0"/>
  <Strassen StrID="15665" StrName="Wallstraße" StrPLZ="31191" OrtID="76" Merkmal="0"/>
  <Strassen StrID="15666" StrName="Dr.Friedrichs-Ring" StrPLZ="08056" OrtID="324" Merkmal="0"/>
  <Strassen StrID="15667" StrName="Gewerbepark" StrPLZ="49143" OrtID="432" Merkmal="0"/>
  <Strassen StrID="15669" StrName="Birkbuschstraße" StrPLZ="12167" OrtID="18" Merkmal="0"/>
  <Strassen StrID="15670" StrName="Hagenstraße" StrPLZ="38259" OrtID="10" Merkmal="0"/>
  <Strassen StrID="15671" StrName="Gorch-Fock-Weg" StrPLZ="31535" OrtID="22" Merkmal="0"/>
  <Strassen StrID="15672" StrName="Buchenweg" StrPLZ="34260" OrtID="1443" Merkmal="0"/>
  <Strassen StrID="15673" StrName="Alpestraße" StrPLZ="31535" OrtID="22" Merkmal="0"/>
  <Strassen StrID="15674" StrName="Walter-Bohle-Weg" StrPLZ="30938" OrtID="40" Merkmal="0"/>
  <Strassen StrID="15675" StrName="Henkelstraße" StrPLZ="30827" OrtID="149" Merkmal="0"/>
  <Strassen StrID="15676" StrName="Wittelsbacherallee" StrPLZ="60853" OrtID="41" Merkmal="0"/>
  <Strassen StrID="15677" StrName="Asternstraße" StrPLZ="31319" OrtID="276" Merkmal="0"/>
  <Strassen StrID="15678" StrName="Im Krauthof" StrPLZ="34128" OrtID="11" Merkmal="0"/>
  <Strassen StrID="15679" StrName="Leonhardtstraße" StrPLZ="29227" OrtID="115" Merkmal="0"/>
  <Strassen StrID="15680" StrName="Marie-Jorns-Ring" StrPLZ="30559" OrtID="1" Merkmal="0"/>
  <Strassen StrID="15681" StrName="Schlüterberg" StrPLZ="29683" OrtID="471" Merkmal="0"/>
  <Strassen StrID="15682" StrName="Steiler Weg" StrPLZ="30880" OrtID="200" Merkmal="0"/>
  <Strassen StrID="15683" StrName="Lohner Weg" StrPLZ="30916" OrtID="21" Merkmal="0"/>
  <Strassen StrID="15687" StrName="Markt" StrPLZ="41836" OrtID="989" Merkmal="0"/>
  <Strassen StrID="15688" StrName="Bahnhofsstraße" StrPLZ="72764" OrtID="1468" Merkmal="0"/>
  <Strassen StrID="15689" StrName="Otto-Hahn-Straße" StrPLZ="34123" OrtID="11" Merkmal="0"/>
  <Strassen StrID="15690" StrName="Hindenburgstraße" StrPLZ="31542" OrtID="91" Merkmal="0"/>
  <Strassen StrID="15691" StrName="Römerstraße" StrPLZ="78315" OrtID="1469" Merkmal="0"/>
  <Strassen StrID="15692" StrName="Aalgrund" StrPLZ="31275" OrtID="1470" Merkmal="0"/>
  <Strassen StrID="15696" StrName="Harrl" StrPLZ="31675" OrtID="112" Merkmal="0"/>
  <Strassen StrID="15697" StrName="Augustinerstraße" StrPLZ="37077" OrtID="158" Merkmal="0"/>
  <Strassen StrID="15698" StrName="Bahnhofstraße" StrPLZ="71332" OrtID="1471" Merkmal="0"/>
  <Strassen StrID="15699" StrName="Frankfurter Straße" StrPLZ="35781" OrtID="1053" Merkmal="0"/>
  <Strassen StrID="15700" StrName="Von-Lenthe-Allee" StrPLZ="30926" OrtID="6" Merkmal="0"/>
  <Strassen StrID="15701" StrName="Breslauer Straße" StrPLZ="31275" OrtID="4" Merkmal="0"/>
  <Strassen StrID="15702" StrName="Flutstraße" StrPLZ="30974" OrtID="307" Merkmal="0"/>
  <Strassen StrID="15703" StrName="Annette-Kolb-Straße" StrPLZ="30124" OrtID="8" Merkmal="0"/>
  <Strassen StrID="15704" StrName="Holm" StrPLZ="24340" OrtID="729" Merkmal="0"/>
  <Strassen StrID="15705" StrName="Pommernweg" StrPLZ="31515" OrtID="319" Merkmal="0"/>
  <Strassen StrID="15706" StrName="Im Wohlgrund" StrPLZ="31634" OrtID="1112" Merkmal="0"/>
  <Strassen StrID="15707" StrName="Bartelstraße" StrPLZ="25469" OrtID="510" Merkmal="0"/>
  <Strassen StrID="15708" StrName="Lüneburger Straße" StrPLZ="30880" OrtID="200" Merkmal="0"/>
  <Strassen StrID="15709" StrName="Ulmenstraße" StrPLZ="09112" OrtID="1353" Merkmal="0"/>
  <Strassen StrID="15710" StrName="Marienstraße" StrPLZ="30926" OrtID="6" Merkmal="0"/>
  <Strassen StrID="15711" StrName="Scharfreiterplatz" StrPLZ="81549" OrtID="225" Merkmal="0"/>
  <Strassen StrID="15712" StrName="Talstraße" StrPLZ="53902" OrtID="1472" Merkmal="0"/>
  <Strassen StrID="15713" StrName="Garbsener Landstraße" StrPLZ="30419" OrtID="149" Merkmal="0"/>
  <Strassen StrID="15714" StrName="Waldflurstück" StrPLZ="73-110" OrtID="1473" Merkmal="0"/>
  <Strassen StrID="15715" StrName="Mackensenweg" StrPLZ="28832" OrtID="575" Merkmal="0"/>
  <Strassen StrID="15716" StrName="Hafenstraße" StrPLZ="31582" OrtID="237" Merkmal="0"/>
  <Strassen StrID="15717" StrName="Johanneskamp" StrPLZ="30539" OrtID="1" Merkmal="0"/>
  <Strassen StrID="15718" StrName="Nordfeldstraße" StrPLZ="27476" OrtID="753" Merkmal="0"/>
  <Strassen StrID="15719" StrName="Pfaffenwaldring" StrPLZ="70569" OrtID="287" Merkmal="0"/>
  <Strassen StrID="15720" StrName="Schanzenweg" StrPLZ="34537" OrtID="1474" Merkmal="0"/>
  <Strassen StrID="15721" StrName="Gravensteiner Allee" StrPLZ="30559" OrtID="1" Merkmal="0"/>
  <Strassen StrID="15722" StrName="Brinkwiese" StrPLZ="30989" OrtID="5" Merkmal="0"/>
  <Strassen StrID="15723" StrName="Grimmstraße" StrPLZ="10967" OrtID="18" Merkmal="0"/>
  <Strassen StrID="15724" StrName="Motzstraße" StrPLZ="10777" OrtID="18" Merkmal="0"/>
  <Strassen StrID="15725" StrName="Pregelweg" StrPLZ="49356" OrtID="933" Merkmal="0"/>
  <Strassen StrID="15726" StrName="Tannenstraße" StrPLZ="28816" OrtID="286" Merkmal="0"/>
  <Strassen StrID="15727" StrName="Grundstraße" StrPLZ="31683" OrtID="246" Merkmal="0"/>
  <Strassen StrID="15728" StrName="Gustav-Freytag-Straße" StrPLZ="22085" OrtID="39" Merkmal="0"/>
  <Strassen StrID="15729" StrName="Kleine Straße" StrPLZ="31180" OrtID="1475" Merkmal="0"/>
  <Strassen StrID="15730" StrName="Mecklenburgische Straße" StrPLZ="14197" OrtID="18" Merkmal="0"/>
  <Strassen StrID="15731" StrName="Prinzess-Luise-Straße" StrPLZ="45479" OrtID="598" Merkmal="0"/>
  <Strassen StrID="15732" StrName="Bleichstraße" StrPLZ="60313" OrtID="41" Merkmal="0"/>
  <Strassen StrID="15733" StrName="unbekannt" OrtID="1476" Merkmal="0"/>
  <Strassen StrID="15734" StrName="unbekannt" OrtID="1477" Merkmal="0"/>
  <Strassen StrID="15735" StrName="An der Platte" StrPLZ="31073" OrtID="119" Merkmal="0"/>
  <Strassen StrID="15736" StrName="Breite Straße" StrPLZ="29221" OrtID="115" Merkmal="0"/>
  <Strassen StrID="15737" StrName="Erbsenkamp" StrPLZ="2175" OrtID="39" Merkmal="0"/>
  <Strassen StrID="15738" StrName="Norderstraße" StrPLZ="25813" OrtID="1195" Merkmal="0"/>
  <Strassen StrID="15739" StrName="Fasanenkamp" StrPLZ="31552" OrtID="263" Merkmal="0"/>
  <Strassen StrID="15740" StrName="Jägerstraße 9" StrPLZ="29303" OrtID="100" Merkmal="0"/>
  <Strassen StrID="15741" StrName="Schulstraße" StrPLZ="49661" OrtID="1230" Merkmal="0"/>
  <Strassen StrID="15742" StrName="Am Kaiserkai" StrPLZ="20457" OrtID="39" Merkmal="0"/>
  <Strassen StrID="15743" StrName="Hohenzollernring" StrPLZ="50672" OrtID="17" Merkmal="0"/>
  <Strassen StrID="15744" StrName="Oststraße" StrPLZ="31246" OrtID="784" Merkmal="0"/>
  <Strassen StrID="15745" StrName="Sorpeweg" StrPLZ="38120" OrtID="8" Merkmal="0"/>
  <Strassen StrID="15746" StrName="Fechnerstraße" StrPLZ="10717" OrtID="18" Merkmal="0"/>
  <Strassen StrID="15747" StrName="Schlangenbader Straße" StrPLZ="14197" OrtID="18" Merkmal="0"/>
  <Strassen StrID="15748" StrName="Gmina Skoki" OrtID="1478" Merkmal="0"/>
  <Strassen StrID="15749" StrName="Untere Straße" StrPLZ="31174" OrtID="269" Merkmal="0"/>
  <Strassen StrID="15750" StrName="Hasselfelder Straße" StrPLZ="38124" OrtID="8" Merkmal="0"/>
  <Strassen StrID="15751" StrName="Höfgenweg" StrPLZ="53639" OrtID="839" Merkmal="0"/>
  <Strassen StrID="15752" StrName="unbekannt" OrtID="27" Merkmal="0"/>
  <Strassen StrID="15753" StrName="Immengarten" StrPLZ="31832" OrtID="278" Merkmal="0"/>
  <Strassen StrID="15754" StrName="unbekannt" OrtID="9" Merkmal="0"/>
  <Strassen StrID="15755" StrName="unbekannt" OrtID="253" Merkmal="0"/>
  <Strassen StrID="15756" StrName="Funckstrasse" StrPLZ="42115" OrtID="320" Merkmal="0"/>
  <Strassen StrID="15758" StrName="Guerickestraße" StrPLZ="23566" OrtID="214" Merkmal="0"/>
  <Strassen StrID="15759" StrName="Kleiststraße" StrPLZ="15366" OrtID="1156" Merkmal="0"/>
  <Strassen StrID="15760" StrName="Schloßplatz" StrPLZ="29221" OrtID="115" Merkmal="0"/>
  <Strassen StrID="15761" StrName="unbekannt" OrtID="128" Merkmal="0"/>
  <Strassen StrID="15762" StrName="Gertrudenkirchhof" StrPLZ="20095" OrtID="39" Merkmal="0"/>
  <Strassen StrID="15763" StrName="unbekannt" OrtID="22" Merkmal="0"/>
  <Strassen StrID="15764" StrName="Ortsriede" StrPLZ="30900" OrtID="25" Merkmal="0"/>
  <Strassen StrID="15765" StrName="unbekannt" OrtID="18" Merkmal="0"/>
  <Strassen StrID="15766" StrName="unbekannt" OrtID="41" Merkmal="0"/>
  <Strassen StrID="15767" StrName="unbeknnt" OrtID="39" Merkmal="0"/>
  <Strassen StrID="15768" StrName="Am Wildwechsel" StrPLZ="50127" OrtID="941" Merkmal="0"/>
  <Strassen StrID="15769" StrName="Brückenstraße" StrPLZ="09111" OrtID="1353" Merkmal="0"/>
  <Strassen StrID="15770" StrName="Hackländerstraße" StrPLZ="70184" OrtID="287" Merkmal="0"/>
  <Strassen StrID="15771" StrName="Rathausstraße" StrPLZ="31134" OrtID="9" Merkmal="0"/>
  <Strassen StrID="15772" StrName="Apianstraße 8" StrPLZ="85774" OrtID="225" Merkmal="0"/>
  <Strassen StrID="15773" StrName="Amsterdamer Straße" StrPLZ="50735" OrtID="17" Merkmal="0"/>
  <Strassen StrID="15774" StrName="Friedensallee" StrPLZ="22763" OrtID="39" Merkmal="0"/>
  <Strassen StrID="15775" StrName="Mittelstrasse" StrPLZ="616186" OrtID="276" Merkmal="0"/>
  <Strassen StrID="15776" StrName="Robert-Koch-Straße" StrPLZ="31848" OrtID="89" Merkmal="0"/>
  <Strassen StrID="15777" StrName="Petrusstrasse" StrPLZ="53340" OrtID="920" Merkmal="0"/>
  <Strassen StrID="15778" StrName="Im Pieperkamp" StrPLZ="31224" OrtID="7" Merkmal="0"/>
  <Strassen StrID="15779" StrName="Am Stadtpark" StrPLZ="84405" OrtID="124" Merkmal="0"/>
  <Strassen StrID="15780" StrName="Krankenhäger Straße" StrPLZ="31737" OrtID="262" Merkmal="0"/>
  <Strassen StrID="15781" StrName="Angerstraße" StrPLZ="31655" OrtID="32" Merkmal="0"/>
  <Strassen StrID="15782" StrName="Urbanusstraße" StrPLZ="31008" OrtID="1479" Merkmal="0"/>
  <Strassen StrID="15783" StrName="unbekannt" OrtID="120" Merkmal="0"/>
  <Strassen StrID="15784" StrName="Zum Meersefeld" StrPLZ="31275" OrtID="4" Merkmal="0"/>
  <Strassen StrID="15785" StrName="Tulpenweg" StrPLZ="38640" OrtID="157" Merkmal="0"/>
  <Strassen StrID="15786" StrName="Im Büntefeld" StrPLZ="30974" OrtID="307" Merkmal="0"/>
  <Strassen StrID="15787" StrName="Wittekindstraße" StrPLZ="32051" OrtID="178" Merkmal="0"/>
  <Strassen StrID="15788" StrName="Schlachte" StrPLZ="28195" OrtID="109" Merkmal="0"/>
  <Strassen StrID="15789" StrName="Dannhornweg" StrPLZ="30916" OrtID="21" Merkmal="0"/>
  <Strassen StrID="15790" StrName="Lavesplatz" StrPLZ="30159" OrtID="1" Merkmal="0"/>
  <Strassen StrID="15791" StrName="Nagelsweg" StrPLZ="20097" OrtID="39" Merkmal="0"/>
  <Strassen StrID="15792" StrName="Kapuzinerstraße" StrPLZ="80337" OrtID="225" Merkmal="0"/>
  <Strassen StrID="15793" StrName="Hopfenberg" StrPLZ="30966" OrtID="13" Merkmal="0"/>
  <Strassen StrID="15794" StrName="Sandweg" StrPLZ="30952" OrtID="3" Merkmal="0"/>
  <Strassen StrID="15795" StrName="unbekannt" OrtID="1480" Merkmal="0"/>
  <Strassen StrID="15796" StrName="Zum Großen Freien" OrtID="1" Merkmal="0"/>
  <Strassen StrID="15797" StrName="unbekannt" OrtID="4" Merkmal="0"/>
  <Strassen StrID="15798" StrName="Bugenhagenstraße" StrPLZ="31167" OrtID="617" Merkmal="0"/>
  <Strassen StrID="15799" StrName="Wallstraße" StrPLZ="31303" OrtID="20" Merkmal="0"/>
  <Strassen StrID="15800" StrName="Aueweg" StrPLZ="30966" OrtID="13" Merkmal="0"/>
  <Strassen StrID="15801" StrName="Rotwandstraße" StrPLZ="81539" OrtID="225" Merkmal="0"/>
  <Strassen StrID="15802" StrName="Am Hirtenberg" StrPLZ="38104" OrtID="8" Merkmal="0"/>
  <Strassen StrID="15803" StrName="Am Wiesenhof" StrPLZ="31275" OrtID="4" Merkmal="0"/>
  <Strassen StrID="15804" StrName="Am Sportpark" StrPLZ="30952" OrtID="3" Merkmal="0"/>
  <Strassen StrID="15805" StrName="Landgrabenweg" StrPLZ="53227" OrtID="26" Merkmal="0"/>
  <Strassen StrID="15806" StrName="Schlesienweg" StrPLZ="29549" OrtID="667" Merkmal="0"/>
  <Strassen StrID="15807" StrName="Milchpfad" StrPLZ="55128" OrtID="566" Merkmal="0"/>
  <Strassen StrID="15808" StrName="Alsterkamp" StrPLZ="20149" OrtID="39" Merkmal="0"/>
  <Strassen StrID="15809" StrName="Kurt-Tucholsky-Weg" StrPLZ="25336" OrtID="134" Merkmal="0"/>
  <Strassen StrID="15810" StrName="Hermann-Löns-Straße" StrPLZ="82216" OrtID="1481" Merkmal="0"/>
  <Strassen StrID="15811" StrName="Richard-Oskar-mattern-Straße" StrPLZ="40547" OrtID="127" Merkmal="0"/>
  <Strassen StrID="15812" StrName="Kleiner Kuhberg" StrPLZ="24039" OrtID="194" Merkmal="0"/>
  <Strassen StrID="15813" StrName="Lange Straße" StrPLZ="18055" OrtID="1136" Merkmal="0"/>
  <Strassen StrID="15814" StrName="Glinde" StrPLZ="23843" OrtID="1482" Merkmal="0"/>
  <Strassen StrID="15815" StrName="Malvenweg" StrPLZ="30926" OrtID="6" Merkmal="0"/>
  <Strassen StrID="15816" StrName="Laufenberg" StrPLZ="9545" OrtID="1476" Merkmal="0"/>
  <Strassen StrID="15817" StrName="Laufenberg" StrPLZ="9545" OrtID="1485" Merkmal="0"/>
  <Strassen StrID="15818" StrName="Eschenberg" StrPLZ="37539" OrtID="1486" Merkmal="0"/>
  <Strassen StrID="15819" StrName="Otto-Schumann-Straße" StrPLZ="22926" OrtID="824" Merkmal="0"/>
  <Strassen StrID="15820" StrName="Hauptstraße" StrPLZ="38277" OrtID="1487" Merkmal="0"/>
  <Strassen StrID="15821" StrName="Zum Wiehegraben" StrPLZ="30519" OrtID="1" Merkmal="0"/>
  <Strassen StrID="15822" StrName="Bunsenstraße" StrPLZ="69207" OrtID="1488" Merkmal="0"/>
  <Strassen StrID="15823" StrName="Neißer Weg" StrPLZ="31174" OrtID="269" Merkmal="0"/>
  <Strassen StrID="15824" StrName="Reichartstraße" StrPLZ="10829" OrtID="18" Merkmal="0"/>
  <Strassen StrID="15825" StrName="unbekannt" OrtID="149" Merkmal="0"/>
  <Strassen StrID="15826" StrName="Buchenring" StrPLZ="22359" OrtID="39" Merkmal="0"/>
  <Strassen StrID="15827" StrName="Lärchenstraße" StrPLZ="01097" OrtID="993" Merkmal="0"/>
  <Strassen StrID="15828" StrName="Bismarckallee" StrPLZ="14193" OrtID="18" Merkmal="0"/>
  <Strassen StrID="15830" StrName="Torfmoosweg" StrPLZ="30855" OrtID="27" Merkmal="0"/>
  <Strassen StrID="15831" StrName="Am Knick" StrPLZ="31008" OrtID="135" Merkmal="0"/>
  <Strassen StrID="15832" StrName="Hasenwinkel" StrPLZ="31275" OrtID="4" Merkmal="0"/>
  <Strassen StrID="15833" StrName="Riekeweg" StrPLZ="31787" OrtID="19" Merkmal="0"/>
  <Strassen StrID="15834" StrName="unbekannt" OrtID="319" Merkmal="0"/>
  <Strassen StrID="15835" StrName="Frankfurter Straße" StrPLZ="63225" OrtID="1084" Merkmal="0"/>
  <Strassen StrID="15836" StrName="Güldener Winkel" StrPLZ="31180" OrtID="152" Merkmal="0"/>
  <Strassen StrID="15837" StrName="Goethestraße" StrPLZ="31535" OrtID="22" Merkmal="0"/>
  <Strassen StrID="15838" StrName="Martinskirchstraße" StrPLZ="30926" OrtID="6" Merkmal="0"/>
  <Strassen StrID="15839" StrName="Hammer Deich" StrPLZ="20537" OrtID="39" Merkmal="0"/>
  <Strassen StrID="15840" StrName="James-Krüss-Weg" StrPLZ="30966" OrtID="13" Merkmal="0"/>
  <Strassen StrID="15841" StrName="Elbinger Straße" StrPLZ="30926" OrtID="1387" Merkmal="0"/>
  <Strassen StrID="15842" StrName="Gartenstraße" StrPLZ="24340" OrtID="1489" Merkmal="0"/>
  <Strassen StrID="15843" StrName="Blücherstraße" StrPLZ="53113" OrtID="26" Merkmal="0"/>
  <Strassen StrID="15844" StrName="Am Hüppefeld" StrPLZ="31515" OrtID="319" Merkmal="0"/>
  <Strassen StrID="15845" StrName="Rote Breite Straße" StrPLZ="34246" OrtID="1182" Merkmal="0"/>
  <Strassen StrID="15846" StrName="An der Fuhse" StrPLZ="31241" OrtID="437" Merkmal="0"/>
  <Strassen StrID="15847" StrName="Kohrswort" StrPLZ="22415" OrtID="39" Merkmal="0"/>
  <Strassen StrID="15848" StrName="Kinzigstraße" StrPLZ="77694" OrtID="1490" Merkmal="0"/>
  <Strassen StrID="15849" StrName="Schwalbennest" StrPLZ="31319" OrtID="276" Merkmal="0"/>
  <Strassen StrID="15850" StrName="Tellkampfweg" StrPLZ="22609" OrtID="39" Merkmal="0"/>
  <Strassen StrID="15851" StrName="Dortmunder Straße" StrPLZ="10555" OrtID="18" Merkmal="0"/>
  <Strassen StrID="15852" StrName="unbekannt" OrtID="20" Merkmal="0"/>
  <Strassen StrID="15853" StrName="Am Knick" StrPLZ="30916" OrtID="21" Merkmal="0"/>
  <Strassen StrID="15854" StrName="Weidenweg" StrPLZ="31249" OrtID="185" Merkmal="0"/>
  <Strassen StrID="15855" StrName="Burgallee" StrPLZ="38446" OrtID="315" Merkmal="0"/>
  <Strassen StrID="15856" StrName="Hauptstraße" StrPLZ="31555" OrtID="499" Merkmal="0"/>
  <Strassen StrID="15857" StrName="unbekannt" OrtID="217" Merkmal="0"/>
  <Strassen StrID="15858" StrName="Gartenstraße" StrPLZ="31174" OrtID="269" Merkmal="0"/>
  <Strassen StrID="15859" StrName="unbekannt" OrtID="89" Merkmal="0"/>
  <Strassen StrID="15860" StrName="Württembergische Straße" StrPLZ="10707" OrtID="18" Merkmal="0"/>
  <Strassen StrID="15861" StrName="Haarbuente" StrPLZ="30989" OrtID="5" Merkmal="0"/>
  <Strassen StrID="15862" StrName="Holt Ave" StrPLZ="94024" OrtID="1491" Merkmal="0"/>
  <Strassen StrID="15863" StrName="Gemingstraße" StrPLZ="81929" OrtID="225" Merkmal="0"/>
  <Strassen StrID="15864" StrName="Carl-Thon-Straße" StrPLZ="31542" OrtID="91" Merkmal="0"/>
  <Strassen StrID="15865" StrName="Neuer Kamp" StrPLZ="20359" OrtID="39" Merkmal="0"/>
  <Strassen StrID="15866" StrName="Postboks" StrPLZ="3401" OrtID="1492" Merkmal="0"/>
  <Strassen StrID="15867" StrName="Liethfeld" StrPLZ="30539" OrtID="1" Merkmal="0"/>
  <Strassen StrID="15868" StrName="Große Märkerstraße" StrPLZ="06108" OrtID="721" Merkmal="0"/>
  <Strassen StrID="15869" StrName="Carl-Ronning-Straße" StrPLZ="28195" OrtID="109" Merkmal="0"/>
  <Strassen StrID="15870" StrName="Reeperbahn" StrPLZ="20359" OrtID="39" Merkmal="0"/>
  <Strassen StrID="15871" StrName="Rosenhofstraße" StrPLZ="20357" OrtID="39" Merkmal="0"/>
  <Strassen StrID="15872" StrName="Oberzellergasse" StrPLZ="1030" OrtID="1493" Merkmal="0"/>
  <Strassen StrID="15873" StrName="Eichenring" StrPLZ="38100" OrtID="8" Merkmal="0"/>
  <Strassen StrID="15874" StrName="Ahornallee" StrPLZ="31303" OrtID="1494" Merkmal="0"/>
  <Strassen StrID="15875" StrName="Prof.-Algermissen-Strasse" StrPLZ="31177" OrtID="173" Merkmal="0"/>
  <Strassen StrID="15876" StrName="Holzgarten" StrPLZ="31319" OrtID="276" Merkmal="0"/>
  <Strassen StrID="15877" StrName="unbekannt" OrtID="40" Merkmal="0"/>
  <Strassen StrID="15878" StrName="Rue Edmond Valentin" StrPLZ="F-11100" OrtID="1495" Merkmal="0"/>
  <Strassen StrID="15879" StrName="Neue Straße" StrPLZ="30900" OrtID="25" Merkmal="0"/>
  <Strassen StrID="15880" StrName="Postfach 460" StrPLZ="30004" OrtID="1" Merkmal="0"/>
  <Strassen StrID="15881" StrName="Ketteler Straße" StrPLZ="48727" OrtID="1496" Merkmal="0"/>
  <Strassen StrID="15884" StrName="unbekannt" OrtID="42" Merkmal="0"/>
  <Strassen StrID="15887" StrName="Rodenberger Allee" StrPLZ="31542" OrtID="91" Merkmal="0"/>
  <Strassen StrID="15888" StrName="Simeonkirchplatz" StrPLZ="30559" OrtID="1" Merkmal="0"/>
  <Strassen StrID="15889" StrName="Am Hainsacker" StrPLZ="31171" OrtID="241" Merkmal="0"/>
  <Strassen StrID="15890" StrName="Freiheitsplatz" StrPLZ="38685" OrtID="556" Merkmal="0"/>
  <Strassen StrID="15893" StrName="Wilhelmshöher Allee" StrPLZ="34131" OrtID="11" Merkmal="0"/>
  <Strassen StrID="15895" StrName="Belsener Straße" StrPLZ="29303" OrtID="100" Merkmal="0"/>
  <Strassen StrID="15896" StrName="Achatweg" StrPLZ="30823" OrtID="149" Merkmal="0"/>
  <Strassen StrID="15897" StrName="Schollstraße" StrPLZ="69469" OrtID="770" Merkmal="0"/>
  <Strassen StrID="15898" StrName="Südkamp" StrPLZ="31224" OrtID="7" Merkmal="0"/>
  <Strassen StrID="15899" StrName="Redderser Straße" StrPLZ="30890" OrtID="2" Merkmal="0"/>
  <Strassen StrID="15900" StrName="Auf der Hostert" StrPLZ="53343" OrtID="388" Merkmal="0"/>
  <Strassen StrID="15901" StrName="Rhönstraße" StrPLZ="36381" OrtID="1500" Merkmal="0"/>
  <Strassen StrID="15902" StrName="Justus-von-Liebig-Weg" StrPLZ="31848" OrtID="89" Merkmal="0"/>
  <Strassen StrID="15903" StrName="Horststraße" StrPLZ="31162" OrtID="95" Merkmal="0"/>
  <Strassen StrID="15904" StrName="unbekannt" StrPLZ="30989" OrtID="5" Merkmal="0"/>
  <Strassen StrID="15905" StrName="Nordstraße" StrPLZ="34246" OrtID="1182" Merkmal="0"/>
  <Strassen StrID="15906" StrName="Burgerfeld" StrPLZ="85570" OrtID="929" Merkmal="0"/>
  <Strassen StrID="15907" StrName="Kastanienallee" StrPLZ="64839" OrtID="45" Merkmal="0"/>
  <Strassen StrID="15908" StrName="Dalbergstraße" StrPLZ="63808" OrtID="1501" Merkmal="0"/>
  <Strassen StrID="15909" StrName="Ole Koppel" StrPLZ="22927" OrtID="1372" Merkmal="0"/>
  <Strassen StrID="15910" StrName="Schloßgarten" StrPLZ="29342" OrtID="310" Merkmal="0"/>
  <Strassen StrID="15911" StrName="An den Grachten" StrPLZ="30926" OrtID="6" Merkmal="0"/>
  <Strassen StrID="15912" StrName="Bahnhofstraße" StrPLZ="29303" OrtID="100" Merkmal="0"/>
  <Strassen StrID="15913" StrName="Langenacker" StrPLZ="27574" OrtID="110" Merkmal="0"/>
  <Subjects subjectID="1" subject="Social Media"/>
  <Subjects subjectID="2" subject="Portale"/>
  <Subjects subjectID="5" subject="Lodging"/>
  <Subjects subjectID="6" subject="Auskünfte"/>
  <Subjects subjectID="7" subject="Dateidienste"/>
  <Subjects subjectID="8" subject="verschlüsselte Dateidienste"/>
  <Subjects subjectID="9" subject="Systembestandteile"/>
  <Subjects subjectID="10" subject="Test"/>
  <Subjects subjectID="11" subject="Anleitungen"/>
  <Subjects subjectID="12" subject="Einstellungen"/>
  <Telefonart TelefonArtID="1" en="home"/>
  <Telefonart TelefonArtID="2" en="work"/>
  <Telefonart TelefonArtID="3" en="mobile"/>
  <Telefonart TelefonArtID="4" en="main"/>
  <Telefonart TelefonArtID="5" en="assistant"/>
  <Telefonart TelefonArtID="6" en="callback"/>
  <Telefonart TelefonArtID="7" en="car"/>
  <Telefonart TelefonArtID="8" en="company_main"/>
  <Telefonart TelefonArtID="9" en="fax"/>
  <Telefonart TelefonArtID="10" en="home_fax"/>
  <Telefonart TelefonArtID="11" en="other"/>
  <Telefonart TelefonArtID="12" en="other_fax"/>
  <Telefonart TelefonArtID="13" en="work_fax"/>
  <Telefonart TelefonArtID="14" en="work_mobile"/>
  <Type Id="1" Type="nicht bearbeitet"/>
  <Type Id="2" Type="in Arbeit"/>
  <Type Id="3" Type="abgelegt"/>
</dataset>
