<?xml version='1.0' encoding='UTF-8'?>
<dataset>
  <Objekte ObjID="10" ObjAufnahme="1997-03-18" ObjLetztKontakt="1997-03-18" ObjStrasseID="6434" ObjHausnummer="Flüggestraße 2" ObjVorlage="2013-09-11 00:00:00.0" ObKeinKontakt="1" ObjArtID="209" Merkmal="0.0" ObjInfo="Michael Hüser, Gneisenaustraße, Tel. 81 84 68"/>
  <Objekte ObjID="12" ObjAufnahme="1997-03-18" ObjLetztKontakt="1997-03-18" ObjStrasseID="6434" ObjHausnummer="Flüggestraße 3" ObjVorlage="1998-01-01 00:00:00.0" ObKeinKontakt="2" ObjArtID="5" Merkmal="0.0" ObjInfo="Erbengemeinschaft Günther, Karsten Günther, Tel. 33 25 45"/>
  <Objekte ObjID="13" ObjAufnahme="1997-03-18" ObjLetztKontakt="1997-03-18" ObjStrasseID="6434" ObjHausnummer="Flüggestraße 4" ObjVorlage="1998-01-01 00:00:00.0" ObKeinKontakt="2" ObjArtID="5" Merkmal="0.0"/>
  <Objekte ObjID="14" ObjAufnahme="1997-03-18" ObjLetztKontakt="1997-03-18" ObjStrasseID="6434" ObjHausnummer="Flüggestraße 5" ObjVorlage="2013-09-11 00:00:00.0" ObKeinKontakt="1" ObjArtID="1" Merkmal="0.0" ObjInfo="Dr. med. H.H. Schufft ehem. Eigentümer, Weidenkamp 19, Hemmingen, Tel. 42 36 23, hat an zwei Geschäftsleute verkauft, Kühne Hausverwaltung, Tel. 234201"/>
  <Objekte ObjID="15" ObjAufnahme="1997-03-18" ObjLetztKontakt="2001-07-13" ObjStrasseID="6434" ObjHausnummer="Flüggestraße 6" ObjVorlage="2013-09-11 00:00:00.0" ObKeinKontakt="9" ObjArtID="69" Merkmal="0.0" ObjInfo="20080\"/>
  <Objekte ObjID="16" ObjAufnahme="1997-03-18" ObjLetztKontakt="1997-03-18" ObjStrasseID="6434" ObjHausnummer="Flüggestraße 7" ObjVorlage="2013-09-11 00:00:00.0" ObKeinKontakt="1" ObjArtID="1" Merkmal="0.0" ObjInfo="Verwaltung durch C.Schünemann , Ricklinger Stadtweg 29, Tel. 420390"/>
  <Objekte ObjID="17" ObjAufnahme="1997-03-18" ObjLetztKontakt="1997-03-18" ObjStrasseID="6434" ObjHausnummer="Flüggestraße 8" ObjVorlage="2013-09-11 00:00:00.0" ObKeinKontakt="1" ObjArtID="177" Merkmal="0.0" ObjInfo="Chatelain&apos;s Erben, Tramelau/Schweiz"/>
  <Objekte ObjID="18" ObjAufnahme="1997-03-18" ObjLetztKontakt="1997-03-18" ObjStrasseID="6434" ObjHausnummer="Flüggestraße 9" ObjVorlage="2013-09-11 00:00:00.0" ObKeinKontakt="6" ObjArtID="1" Merkmal="0.0" ObjInfo="Severa Schröder, Meschede, Schützenstraße 4, Verwalterin Grothe, Gotastr.Grote, Ursula&#xD;Gothaer Str. 46&#xD;30179 Hannover&#xD;0511-636348"/>
  <Objekte ObjID="19" ObjAufnahme="1997-03-18" ObjLetztKontakt="1997-03-18" ObjStrasseID="6434" ObjHausnummer="Flüggestraße 10" ObjVorlage="2013-09-11 00:00:00.0" ObKeinKontakt="2" ObjArtID="5" Merkmal="0.0" ObjInfo="A. Bartling, Tel. 85 54 61. Gasetagenheizung"/>
  <Objekte ObjID="20" ObjAufnahme="1997-03-18" ObjLetztKontakt="1997-03-18" ObjStrasseID="6434" ObjHausnummer="Flüggestraße 11" ObjVorlage="2013-09-11 00:00:00.0" ObKeinKontakt="1" ObjArtID="5" Merkmal="0.0" ObjInfo="Beyer Erben, Tel. 31 44 51 o. 31 48 57"/>
  <Objekte ObjID="21" ObjAufnahme="1997-03-18" ObjLetztKontakt="2001-06-19" ObjStrasseID="6434" ObjHausnummer="Flüggestraße 12" ObjVorlage="2013-09-11 00:00:00.0" ObKeinKontakt="1" ObjArtID="177" Merkmal="0.0"/>
  <Objekte ObjID="22" ObjAufnahme="1997-03-18" ObjLetztKontakt="1997-03-18" ObjStrasseID="6434" ObjHausnummer="Flüggestraße 13" ObjVorlage="2013-09-11 00:00:00.0" ObKeinKontakt="5" ObjArtID="84" Merkmal="0.0" ObjInfo="wurde von Herrn Rosenbusch aufgeteilt, Vermietung durch Frau Wippermann WO"/>
  <Objekte ObjID="23" ObjAufnahme="1997-03-18" ObjLetztKontakt="1997-03-18" ObjStrasseID="6434" ObjHausnummer="Flüggestraße 14" ObjVorlage="2013-09-11 00:00:00.0" ObKeinKontakt="1" ObjArtID="177" Merkmal="0.0" ObjInfo="wurde von Klaus-Dieter Müller 875960 aufgeteilt"/>
  <Objekte ObjID="24" ObjAufnahme="1997-03-18" ObjLetztKontakt="1997-03-18" ObjStrasseID="6434" ObjHausnummer="Flüggestraße 18" ObjVorlage="2013-09-11 00:00:00.0" ObKeinKontakt="1" ObjArtID="1" Merkmal="0.0" ObjInfo="Magarete Albers, Wedekindstraße 1, Tel. 75 54 33"/>
  <Objekte ObjID="25" ObjAufnahme="1997-03-18" ObjLetztKontakt="1997-03-18" ObjStrasseID="6434" ObjHausnummer="Flüggestraße 19" ObjVorlage="2013-09-11 00:00:00.0" ObKeinKontakt="1" ObjArtID="5" Merkmal="0.0" ObjInfo="Bauunternehmen Breschke"/>
  <Objekte ObjID="26" ObjAufnahme="1997-03-18" ObjLetztKontakt="1997-03-18" ObjStrasseID="6434" ObjHausnummer="Flüggestraße 20" ObjVorlage="2013-09-11 00:00:00.0" ObKeinKontakt="5" ObjArtID="79" Merkmal="0.0" ObjInfo="wird von Herrn Nienpagen aufgeteilt, Verkauf bereits durch Frau Wippermann EI"/>
  <Objekte ObjID="27" ObjAufnahme="1997-03-18" ObjLetztKontakt="1997-03-18" ObjStrasseID="6434" ObjHausnummer="Flüggestraße 21" ObjVorlage="2013-09-11 00:00:00.0" ObKeinKontakt="1" ObjArtID="1" Merkmal="0.0" ObjInfo="D. Müller, An der Questenhorst 15, Dr. D. Kaiser, Fritz-Kuckuck-Str. 6, Hemmingen, Tel. 412008"/>
  <Objekte ObjID="28" ObjAufnahme="1997-03-18" ObjLetztKontakt="1997-03-18" ObjStrasseID="6434" ObjHausnummer="Flüggestraße 22" ObjVorlage="2013-09-11 00:00:00.0" ObKeinKontakt="1" ObjArtID="5" Merkmal="0.0" ObjInfo="Jutta Schiemann, verwaltet von Karin Lampe, Celler Str."/>
  <Objekte ObjID="29" ObjAufnahme="1997-03-18" ObjLetztKontakt="1997-03-18" ObjStrasseID="6434" ObjHausnummer="Flüggestraße 23" ObjVorlage="2013-09-11 00:00:00.0" ObKeinKontakt="2" ObjArtID="5" Merkmal="0.0" ObjInfo="Steinweg, Tel. 31 56 43"/>
  <Objekte ObjID="30" ObjAufnahme="1997-03-18" ObjLetztKontakt="1997-03-18" ObjStrasseID="6434" ObjHausnummer="Flüggestraße 24" ObjVorlage="2013-09-11 00:00:00.0" ObKeinKontakt="1" ObjArtID="1" Merkmal="0.0" ObjInfo="F. Jentzen, Tel. 42 99 33, Frau Stucke"/>
  <Objekte ObjID="31" ObjAufnahme="1997-03-18" ObjLetztKontakt="1997-03-18" ObjStrasseID="6434" ObjHausnummer="Flüggestraße 25" ObjVorlage="2013-09-11 00:00:00.0" ObKeinKontakt="1" ObjArtID="1" Merkmal="0.0" ObjInfo="Frau J. Kölpin, Sedanstr. 74, Tel. 34 29 63, Tochter, Tel. 34 80 500"/>
  <Objekte ObjID="32" ObjAufnahme="1997-03-18" ObjLetztKontakt="1997-03-18" ObjStrasseID="6434" ObjHausnummer="Flüggestraße 26" ObjVorlage="2013-09-11 00:00:00.0" ObKeinKontakt="1" ObjArtID="1" Merkmal="0.0" ObjInfo="August Uhe Tel. 05192-6555"/>
  <Objekte ObjID="33" ObjAufnahme="1997-03-18" ObjLetztKontakt="1997-03-18" ObjStrasseID="6434" ObjHausnummer="Flüggestraße 27" ObjVorlage="2013-09-11 00:00:00.0" ObKeinKontakt="5" ObjArtID="54" Merkmal="0.0" ObjInfo="Thiesschäper F."/>
  <Objekte ObjID="34" ObjAufnahme="1997-03-18" ObjLetztKontakt="1997-03-18" ObjStrasseID="6434" ObjHausnummer="Flüggestraße 28" ObjVorlage="2013-09-11 00:00:00.0" ObKeinKontakt="2" ObjArtID="1" Merkmal="0.0" ObjInfo="Winterberg, Tel. 31 22 59"/>
  <Objekte ObjID="35" ObjAufnahme="1997-03-18" ObjLetztKontakt="1997-03-18" ObjStrasseID="6434" ObjHausnummer="Flüggestraße 29" ObjVorlage="2013-09-11 00:00:00.0" ObKeinKontakt="2" ObjArtID="5" Merkmal="0.0" ObjInfo="W. Mehlitz, Tel. 31 25 15"/>
  <Objekte ObjID="36" ObjAufnahme="1997-03-18" ObjLetztKontakt="1999-08-15" ObjStrasseID="6470" ObjHausnummer="Fridastraße 1" ObjVorlage="2013-09-11 00:00:00.0" ObKeinKontakt="1" ObjArtID="170" Merkmal="0.9999999999999999" ObjInfo="275102\ Blk."/>
  <Objekte ObjID="37" ObjAufnahme="1997-03-18" ObjLetztKontakt="1998-10-27" ObjStrasseID="6470" ObjHausnummer="Fridastraße 2" ObjVorlage="1998-01-01 00:00:00.0" ObKeinKontakt="6" ObjArtID="1" Merkmal="0.0" ObjInfo="M. Busse, Landwirtin, Rehburg, Tel. 05037/3991, Weidendamm 2"/>
  <Objekte ObjID="38" ObjAufnahme="1997-03-18" ObjLetztKontakt="1998-10-27" ObjStrasseID="6470" ObjHausnummer="Fridastraße 3" ObjVorlage="2013-09-11 00:00:00.0" ObKeinKontakt="1" ObjArtID="1" Merkmal="0.0" ObjInfo="Werner Kindervater, Celler Str. 38"/>
  <Objekte ObjID="39" ObjAufnahme="1997-03-18" ObjLetztKontakt="1998-10-27" ObjStrasseID="6470" ObjHausnummer="Fridastraße 5" ObjVorlage="2013-09-11 00:00:00.0" ObKeinKontakt="6" ObjArtID="1" Merkmal="0.0" ObjInfo="Marlene Butzmann, Gartenweg 20, Isernhagen, Tel. 73 32 12"/>
  <Objekte ObjID="40" ObjAufnahme="1997-03-18" ObjLetztKontakt="1997-03-18" ObjStrasseID="6470" ObjHausnummer="Fridastraße 6" ObjVorlage="2013-09-11 00:00:00.0" ObKeinKontakt="1" ObjArtID="1" Merkmal="0.0" ObjInfo="Wohnungbau Niedersachsen"/>
  <Objekte ObjID="41" ObjAufnahme="1997-03-18" ObjLetztKontakt="1997-03-18" ObjStrasseID="6470" ObjHausnummer="Fridastraße 7" ObjVorlage="2013-09-11 00:00:00.0" ObKeinKontakt="1" ObjArtID="1" Merkmal="0.0" ObjInfo="Wohnungsbau Niedersachsen"/>
  <Objekte ObjID="42" ObjAufnahme="1997-03-18" ObjLetztKontakt="1998-10-27" ObjStrasseID="6470" ObjHausnummer="Fridastraße 8" ObjVorlage="2013-09-11 00:00:00.0" ObKeinKontakt="2" ObjArtID="1" Merkmal="0.0" ObjInfo="Herr Koch, Tel. 05335/ 52 63      517 qm 69.862,-- Mieteinnahme  1.1 Mio DM"/>
  <Objekte ObjID="43" ObjAufnahme="1997-03-18" ObjLetztKontakt="1998-10-27" ObjStrasseID="6470" ObjHausnummer="Fridastraße 9" ObjVorlage="2013-09-11 00:00:00.0" ObKeinKontakt="1" ObjArtID="1" Merkmal="0.0" ObjInfo="Frau L. Herrel, Günter Schlömilch, Tel. 60 41 685,"/>
  <Objekte ObjID="44" ObjAufnahme="1997-03-18" ObjLetztKontakt="1997-03-18" ObjStrasseID="6470" ObjHausnummer="Fridastraße 10" ObjVorlage="2013-09-11 00:00:00.0" ObKeinKontakt="1" ObjArtID="177" Merkmal="0.0" ObjInfo="Verwalter Herr Rex, Tel. 85 49 98"/>
  <Objekte ObjID="45" ObjAufnahme="1997-03-18" ObjLetztKontakt="1997-03-18" ObjStrasseID="6470" ObjHausnummer="Fridastraße 11" ObjVorlage="2013-09-11 00:00:00.0" ObKeinKontakt="1" ObjArtID="1" Merkmal="0.0" ObjInfo="F. Schuppert, wurde vor kurzem verkauft"/>
  <Objekte ObjID="46" ObjAufnahme="1997-03-18" ObjLetztKontakt="2013-05-27" ObjStrasseID="6470" ObjHausnummer="Fridastraße 12" ObjVorlage="2013-09-11 00:00:00.0" ObKeinKontakt="1" ObjArtID="177" Merkmal="0.0" ObjInfo="Schuppert"/>
  <Objekte ObjID="47" ObjAufnahme="1997-03-18" ObjLetztKontakt="1998-10-27" ObjStrasseID="6470" ObjHausnummer="Fridastraße 13" ObjVorlage="2013-09-11 00:00:00.0" ObKeinKontakt="2" ObjArtID="1" Merkmal="0.0" ObjInfo="Egon Wulff, Tel. 312 758, 0172/5154021"/>
  <Objekte ObjID="48" ObjAufnahme="1997-03-18" ObjLetztKontakt="2013-04-08" ObjStrasseID="6470" ObjHausnummer="Fridastraße 14" ObjVorlage="2013-09-11 00:00:00.0" ObKeinKontakt="2" ObjArtID="177" Merkmal="0.0" ObjInfo="H. P. Zieten, Dr. Schön in Stadthagen, 05721/6402, Wohnung frei"/>
  <Objekte ObjID="49" ObjAufnahme="1997-03-18" ObjLetztKontakt="1998-10-27" ObjStrasseID="6470" ObjHausnummer="Fridastraße 15" ObjVorlage="2013-09-11 00:00:00.0" ObKeinKontakt="2" ObjArtID="1" Merkmal="0.0" ObjInfo="Eigentümer: Gerda Schleifer, Tel. 31 31 75"/>
  <Objekte ObjID="50" ObjAufnahme="1997-03-18" ObjLetztKontakt="1998-10-27" ObjStrasseID="6470" ObjHausnummer="Fridastraße 16" ObjVorlage="2013-09-11 00:00:00.0" ObKeinKontakt="2" ObjArtID="1" Merkmal="0.0" ObjInfo="B. u. O. Beensen, Auf dem Lärchenberge 10, Tel. 313686,"/>
  <Objekte ObjID="51" ObjAufnahme="1997-03-18" ObjLetztKontakt="1997-03-18" ObjStrasseID="6470" ObjHausnummer="Fridastraße 17" ObjVorlage="2013-09-11 00:00:00.0" ObKeinKontakt="1" ObjArtID="62" Merkmal="0.0" ObjInfo="Tim Lattelkau, Karilental 8, 44149 Dortmund, 0231/1776569"/>
  <Objekte ObjID="52" ObjAufnahme="1997-03-18" ObjLetztKontakt="1997-03-18" ObjStrasseID="6470" ObjHausnummer="Fridastraße 18" ObjVorlage="2013-09-11 00:00:00.0" ObKeinKontakt="1" ObjArtID="1" Merkmal="0.0" ObjInfo="Hausmeister, Hoppe, 31 92 06, Eigentümer Berlin, wurde von Krähling weiterverkauft"/>
  <Objekte ObjID="53" ObjAufnahme="1997-03-18" ObjLetztKontakt="1997-03-18" ObjStrasseID="6470" ObjHausnummer="Fridastraße 19" ObjVorlage="2013-09-11 00:00:00.0" ObKeinKontakt="1" ObjArtID="1" Merkmal="0.0" ObjInfo="M. Freude, verwaltet von HWG, Tel. 66 29 41"/>
  <Objekte ObjID="54" ObjAufnahme="1997-03-18" ObjLetztKontakt="1997-03-18" ObjStrasseID="6470" ObjHausnummer="Fridastraße 20" ObjVorlage="2013-09-11 00:00:00.0" ObKeinKontakt="1" ObjArtID="1" Merkmal="0.0" ObjInfo="W. Harms"/>
  <Objekte ObjID="55" ObjAufnahme="1997-03-18" ObjLetztKontakt="1997-03-18" ObjStrasseID="6470" ObjHausnummer="Fridastraße 2122" ObjVorlage="2013-09-11 00:00:00.0" ObKeinKontakt="1" ObjArtID="1" Merkmal="0.0" ObjInfo="Altersheim"/>
  <Objekte ObjID="56" ObjAufnahme="1997-03-18" ObjLetztKontakt="1997-03-18" ObjStrasseID="6470" ObjHausnummer="Fridastraße 24" ObjVorlage="2013-09-11 00:00:00.0" ObKeinKontakt="1" ObjArtID="177" Merkmal="0.0" ObjInfo="H. Klunker, Dr. Gerhard, Hegelstr."/>
  <Objekte ObjID="57" ObjAufnahme="1997-03-18" ObjLetztKontakt="1997-03-18" ObjStrasseID="6470" ObjHausnummer="Fridastraße 23" ObjVorlage="2013-09-11 00:00:00.0" ObKeinKontakt="1" ObjArtID="177" Merkmal="0.0" ObjInfo="F. Ledler Erben, Verwalter Herr Lerfeld, 05723/75496"/>
  <Objekte ObjID="58" ObjAufnahme="1997-03-18" ObjLetztKontakt="1997-03-18" ObjStrasseID="6470" ObjHausnummer="Fridastraße 25" ObjVorlage="2013-09-11 00:00:00.0" ObKeinKontakt="1" ObjArtID="177" Merkmal="0.0" ObjInfo="Böning, Querstraße 7"/>
  <Objekte ObjID="61" ObjAufnahme="1997-03-18" ObjLetztKontakt="1997-03-18" ObjStrasseID="6508" ObjHausnummer="Fundstraße 1" ObjVorlage="2013-09-11 00:00:00.0" ObKeinKontakt="1" ObjArtID="1" Merkmal="0.0" ObjInfo="nimenad eingetragen als Besitzer, gemeldet Sevimli Ibrahim"/>
  <Objekte ObjID="62" ObjAufnahme="1997-03-18" ObjLetztKontakt="1997-03-18" ObjStrasseID="6508" ObjHausnummer="Fundstraße 1B" ObjVorlage="2013-09-11 00:00:00.0" ObKeinKontakt="1" ObjArtID="1" Merkmal="0.0" ObjInfo="Haftplichtverband der deutschen Industrie"/>
  <Objekte ObjID="63" ObjAufnahme="1997-03-18" ObjLetztKontakt="2001-10-15" ObjStrasseID="6508" ObjHausnummer="Fundstraße 1C" ObjVorlage="2013-09-11 00:00:00.0" ObKeinKontakt="9" ObjArtID="104" Merkmal="0.0" ObjInfo="30096\S-W-Blk."/>
  <Objekte ObjID="64" ObjAufnahme="1997-03-18" ObjLetztKontakt="1997-03-18" ObjStrasseID="6508" ObjHausnummer="Fundstraße 2" ObjVorlage="2013-09-11 00:00:00.0" ObKeinKontakt="1" ObjArtID="5" Merkmal="0.0" ObjInfo="eing. Kugler, Fr. Hohenzollernstr. 40, dort nicht mehr gemeldet, Hett Helga Verwalterin"/>
  <Objekte ObjID="65" ObjAufnahme="1997-03-18" ObjLetztKontakt="1997-03-18" ObjStrasseID="6508" ObjHausnummer="Fundstraße 2A" ObjVorlage="2013-09-11 00:00:00.0" ObKeinKontakt="1" ObjArtID="55" Merkmal="0.0" ObjInfo="in Eigentumswohnungen aufgeteilt"/>
  <Objekte ObjID="66" ObjAufnahme="1997-03-18" ObjLetztKontakt="2000-01-21" ObjStrasseID="6508" ObjHausnummer="Fundstraße 2B" ObjVorlage="2013-09-11 00:00:00.0" ObKeinKontakt="9" ObjArtID="186" Merkmal="0.0" ObjInfo="450150\  Blk. S"/>
  <Objekte ObjID="67" ObjAufnahme="1997-03-18" ObjLetztKontakt="1997-03-18" ObjStrasseID="6508" ObjHausnummer="Fundstraße 3" ObjVorlage="2013-09-11 00:00:00.0" ObKeinKontakt="1" ObjArtID="1" Merkmal="0.0" ObjInfo="Kahle, Katherina u. Peter Gerth  , Andreas&#xD;Fundstr. 3&#xD;30161 Hannover&#xD;0511-3884695Gundermann, S.&#xD;Fundstr. 3&#xD;30161 Hannover&#xD;0511-311156Rietz, Gerd&#xD;Fundstr. 3&#xD;30161 Hannover&#xD;0511-3482151Eigentümer ist ein Herr Freter Tel.318245"/>
  <Objekte ObjID="68" ObjAufnahme="1997-03-18" ObjLetztKontakt="1997-03-18" ObjStrasseID="6508" ObjHausnummer="Fundstraße 3A" ObjVorlage="2013-09-11 00:00:00.0" ObKeinKontakt="1" ObjArtID="1" Merkmal="0.0" ObjInfo="Feuerhahn D. Postbeamtin- Hamburg Mieter: Hellmund, Walter&#xD;Fundstr. 3A&#xD;30161 Hannover&#xD;0511-313256Kaiser, Heinz G.&#xD;Fundstr. 3A&#xD;30161 Hannover&#xD;0511-345586Mitzlaff, Michael&#xD;Fundstr. 3A&#xD;30161 Hannover&#xD;0511-341116"/>
  <Objekte ObjID="69" ObjAufnahme="1997-03-18" ObjLetztKontakt="1997-03-18" ObjStrasseID="6508" ObjHausnummer="Fundstraße 4" ObjVorlage="2013-09-11 00:00:00.0" ObKeinKontakt="1" ObjArtID="1" Merkmal="0.0" ObjInfo="Plöger, Any, whft. Plöger, Karl Gustav, te.. 31 48 04"/>
  <Objekte ObjID="70" ObjAufnahme="1997-03-18" ObjLetztKontakt="1997-03-18" ObjStrasseID="6508" ObjHausnummer="Fundstraße 5" ObjVorlage="2013-09-11 00:00:00.0" ObKeinKontakt="1" ObjArtID="1" Merkmal="0.0" ObjInfo="Gundlach, J. KG"/>
  <Objekte ObjID="71" ObjAufnahme="1997-03-18" ObjLetztKontakt="1997-03-18" ObjStrasseID="6508" ObjHausnummer="Fundstraße 6" ObjVorlage="2013-09-11 00:00:00.0" ObKeinKontakt="1" ObjArtID="1" Merkmal="0.0" ObjInfo="Waldvogel Dr., es wohnt Waldvogel M. Tel. 31 46 16"/>
  <Objekte ObjID="72" ObjAufnahme="1997-03-18" ObjLetztKontakt="1997-03-18" ObjStrasseID="6508" ObjHausnummer="Fundstraße 7" ObjVorlage="2013-09-11 00:00:00.0" ObKeinKontakt="1" ObjArtID="1" Merkmal="0.0" ObjInfo="von Loebell Th. , nicht zu finden"/>
  <Objekte ObjID="73" ObjAufnahme="1997-03-18" ObjLetztKontakt="1997-03-18" ObjStrasseID="6508" ObjHausnummer="Fundstraße 8" ObjVorlage="2013-09-11 00:00:00.0" ObKeinKontakt="1" ObjArtID="1" Merkmal="0.0" ObjInfo="Schmelzer, H. es wohnt Schmelzer Sonja, Tel. 31 97 32"/>
  <Objekte ObjID="75" ObjAufnahme="1997-03-18" ObjLetztKontakt="1997-03-18" ObjStrasseID="6508" ObjHausnummer="Fundstraße 10" ObjVorlage="2013-09-11 00:00:00.0" ObKeinKontakt="1" ObjArtID="1" Merkmal="0.0" ObjInfo="Deutschendorf, Tanja&#xD;Fundstr. 10&#xD;30161 Hannover&#xD;0511-341861Steincke, Manfred&#xD;Fundstr. 10&#xD;30161 Hannover&#xD;0511-3883860Thörmer, Heinz&#xD;Dr.&#xD;Fundstr. 10&#xD;30161 Hannover&#xD;0511-314582 früher K.Heller"/>
  <Objekte ObjID="76" ObjAufnahme="1997-03-18" ObjLetztKontakt="1997-03-18" ObjStrasseID="6508" ObjHausnummer="Fundstraße 11" ObjVorlage="2013-09-11 00:00:00.0" ObKeinKontakt="1" ObjArtID="1" Merkmal="0.0" ObjInfo="Dohrau, I. Steuerbevollmächtigte, Georgstr. 20, Tel. 36 39 25"/>
  <Objekte ObjID="77" ObjAufnahme="1997-03-18" ObjLetztKontakt="1997-03-18" ObjStrasseID="6508" ObjHausnummer="Fundstraße 11A" ObjVorlage="2013-09-11 00:00:00.0" ObKeinKontakt="1" ObjArtID="96" Merkmal="0.0" ObjInfo="17851\Loggia Nord"/>
  <Objekte ObjID="78" ObjAufnahme="1997-03-18" ObjLetztKontakt="1997-03-18" ObjStrasseID="6508" ObjHausnummer="Fundstraße 12" ObjVorlage="2013-09-11 00:00:00.0" ObKeinKontakt="1" ObjArtID="201" Merkmal="0.0" ObjInfo="Bes. Kaden H. , Frau - Isernhagen, Tanneweg 1 a, Tel. 65 07 10 hat verkauft vor 20 jahren wohnte in Gernsstr."/>
  <Objekte ObjID="79" ObjAufnahme="1997-03-18" ObjLetztKontakt="1997-03-18" ObjStrasseID="6508" ObjHausnummer="Fundstraße 16" ObjVorlage="2013-09-11 00:00:00.0" ObKeinKontakt="2" ObjArtID="1" Merkmal="0.0" ObjInfo="Deeke B. Tel. 33 16 86"/>
  <Objekte ObjID="80" ObjAufnahme="1997-03-18" ObjLetztKontakt="1997-03-18" ObjStrasseID="6508" ObjHausnummer="Fundstraße 17" ObjVorlage="2013-09-11 00:00:00.0" ObKeinKontakt="1" ObjArtID="1" Merkmal="0.0" ObjInfo="Plinke, Hildehard"/>
  <Objekte ObjID="81" ObjAufnahme="1997-03-18" ObjLetztKontakt="1997-03-18" ObjStrasseID="6508" ObjHausnummer="Fundstraße 18" ObjVorlage="2013-09-11 00:00:00.0" ObKeinKontakt="1" ObjArtID="174" Merkmal="0.0" ObjInfo="Reier, Ruth- Angerstein/Am Weinberg 240"/>
  <Objekte ObjID="82" ObjAufnahme="1997-03-18" ObjLetztKontakt="1997-03-18" ObjStrasseID="6508" ObjHausnummer="Fundstraße 19" ObjVorlage="2013-09-11 00:00:00.0" ObKeinKontakt="1" ObjArtID="1" Merkmal="0.0" ObjInfo="Heller, R. Baumeister"/>
  <Objekte ObjID="83" ObjAufnahme="1997-03-18" ObjLetztKontakt="1997-06-30" ObjStrasseID="6508" ObjHausnummer="Fundstraße 23" ObjVorlage="2013-09-11 00:00:00.0" ObKeinKontakt="1" ObjArtID="1" Merkmal="0.0" ObjInfo="Futterleib, Marta, Tel. 31 19 36 hat aufgelegt"/>
  <Objekte ObjID="84" ObjAufnahme="1997-03-18" ObjLetztKontakt="1997-03-18" ObjStrasseID="6508" ObjHausnummer="Fundstraße 24" ObjVorlage="2013-09-11 00:00:00.0" ObKeinKontakt="1" ObjArtID="1" Merkmal="0.0" ObjInfo="Dunsing, H.&#xD;Unterer Triftweg 6&#xD;31867 Lauenau&#xD;05043-5542 nicht bekannt warum dieser Eintrag früher Inge brand Hagen Fahrenbeeke 37"/>
  <Objekte ObjID="85" ObjAufnahme="1997-03-18" ObjLetztKontakt="1997-03-18" ObjStrasseID="6508" ObjHausnummer="Fundstraße 25" ObjVorlage="2013-09-11 00:00:00.0" ObKeinKontakt="1" ObjArtID="1" Merkmal="0.0"/>
  <Objekte ObjID="86" ObjAufnahme="1997-03-18" ObjLetztKontakt="1997-03-18" ObjStrasseID="6508" ObjHausnummer="Fundstraße 26" ObjVorlage="2013-09-11 00:00:00.0" ObKeinKontakt="1" ObjArtID="1" Merkmal="0.0" ObjInfo="Kurz, Irmgard-Ahlem/Waldstraße 22, Damen und Herrenbekleidung Tel. 44 52 40"/>
  <Objekte ObjID="89" ObjAufnahme="1997-03-18" ObjLetztKontakt="1997-03-18" ObjStrasseID="6508" ObjHausnummer="Fundstraße 27" ObjVorlage="2013-09-11 00:00:00.0" ObKeinKontakt="1" ObjArtID="1" Merkmal="0.0" ObjInfo="Müller, Alice, Königstraße 49, nicht mehr gemeldetCorinth, Ernst-Wilfried&#xD;Fundstr. 26&#xD;30161 Hannover&#xD;0511-314279"/>
  <Objekte ObjID="90" ObjAufnahme="1997-03-18" ObjLetztKontakt="1997-03-18" ObjStrasseID="6508" ObjHausnummer="Fundstraße 28" ObjVorlage="2013-09-11 00:00:00.0" ObKeinKontakt="1" ObjArtID="1" Merkmal="0.0" ObjInfo="Hartmann, F., Hartmann Hildegard, Tel. 31 22 68"/>
  <Objekte ObjID="91" ObjAufnahme="1997-03-18" ObjLetztKontakt="1997-03-18" ObjStrasseID="6508" ObjHausnummer="Fundstraße 29" ObjVorlage="2013-09-11 00:00:00.0" ObKeinKontakt="1" ObjArtID="1" Merkmal="0.0" ObjInfo="Schweckendiek, E. Rechtsanwalt, Tel. 31 48 61"/>
  <Objekte ObjID="92" ObjAufnahme="1997-03-18" ObjLetztKontakt="1997-03-18" ObjStrasseID="6508" ObjHausnummer="Fundstraße 30" ObjVorlage="2013-09-11 00:00:00.0" ObKeinKontakt="1" ObjArtID="1" Merkmal="0.0" ObjInfo="Heinbuch, F."/>
  <Objekte ObjID="93" ObjAufnahme="1997-03-18" ObjLetztKontakt="1997-03-18" ObjStrasseID="6508" ObjHausnummer="Fundstraße 31" ObjVorlage="2013-09-11 00:00:00.0" ObKeinKontakt="1" ObjArtID="1" Merkmal="0.0" ObjInfo="Haftpflichtverband der deutschen Industrie"/>
  <Objekte ObjID="100" ObjAufnahme="1997-03-18" ObjLetztKontakt="1997-03-18" ObjStrasseID="6510" ObjHausnummer="Gabelsbergerstraße 6" ObjVorlage="2013-09-11 00:00:00.0" ObKeinKontakt="1" ObjArtID="1" Merkmal="0.0" ObjInfo="Mieter: Städler, Myrczik, Broemel, Tel. 66 11 75"/>
  <Objekte ObjID="108" ObjAufnahme="1997-03-18" ObjLetztKontakt="1997-03-18" ObjStrasseID="6510" ObjHausnummer="Gabelsbergerstraße 16B" ObjVorlage="2013-09-11 00:00:00.0" ObKeinKontakt="1" ObjArtID="1" Merkmal="0.0"/>
  <Objekte ObjID="112" ObjAufnahme="1997-03-18" ObjLetztKontakt="1997-03-18" ObjStrasseID="8067" ObjHausnummer="Schiffgraben 20" ObjVorlage="2013-09-11 00:00:00.0" ObKeinKontakt="1" ObjArtID="9" Merkmal="0.0" ObjInfo="Kontakt mit Frau Runge"/>
  <Objekte ObjID="113" ObjAufnahme="1997-03-19" ObjLetztKontakt="1997-03-19" ObjStrasseID="8473" ObjHausnummer="Vinnhorster Weg 29" ObjVorlage="1998-09-01 00:00:00.0" ObKeinKontakt="6" ObjArtID="1" Merkmal="0.0" ObjInfo="1920 gebaut, 8-Familienhaus, 480 qm Wfl.,880000 Verkaufspreis, 52000 Miete p.a. (spricht von weiteren 18000 DM Miete p.a.)"/>
  <Objekte ObjID="114" ObjAufnahme="1997-03-19" ObjLetztKontakt="1997-03-19" ObjStrasseID="7846" ObjHausnummer="Rathenaustraße 12" ObjVorlage="2013-09-11 00:00:00.0" ObKeinKontakt="1" ObjArtID="5" Merkmal="0.0" ObjInfo="Hausmeister 322044, will über uns Laden vermieten"/>
  <Objekte ObjID="115" ObjAufnahme="1997-03-19" ObjLetztKontakt="1997-03-19" ObjStrasseID="8380" ObjHausnummer="Tiergartenstraße 144" ObjVorlage="2013-09-11 00:00:00.0" ObKeinKontakt="1" ObjArtID="8" Merkmal="0.0" ObjInfo="wollte Haus verkaufen"/>
  <Objekte ObjID="116" ObjAufnahme="1997-03-19" ObjLetztKontakt="1997-03-19" ObjStrasseID="7217" ObjHausnummer="Königskinderweg 2" ObjVorlage="2013-09-11 00:00:00.0" ObKeinKontakt="1" ObjArtID="8" Merkmal="0.0" ObjInfo="280qm/900qm/1970/Doppelgarage/890.000"/>
  <Objekte ObjID="117" ObjAufnahme="1997-03-19" ObjLetztKontakt="1997-03-19" ObjStrasseID="8248" ObjHausnummer="Staakenweg 18" ObjVorlage="2013-09-11 00:00:00.0" ObKeinKontakt="1" ObjArtID="8" Merkmal="0.0" ObjInfo="wollte Haus verkaufen"/>
  <Objekte ObjID="118" ObjAufnahme="1997-03-19" ObjLetztKontakt="1997-03-19" ObjStrasseID="8575" ObjHausnummer="Welfenstraße 5" ObjVorlage="1998-03-18 00:00:00.0" ObKeinKontakt="2" ObjArtID="1" Merkmal="0.0"/>
  <Objekte ObjID="119" ObjAufnahme="1997-03-19" ObjLetztKontakt="1997-03-19" ObjStrasseID="8575" ObjHausnummer="Welfenstraße 5A" ObjVorlage="1998-03-18 00:00:00.0" ObKeinKontakt="2" ObjArtID="5" Merkmal="0.0"/>
  <Objekte ObjID="124" ObjAufnahme="1997-03-21" ObjLetztKontakt="1997-03-21" ObjStrasseID="2819" ObjHausnummer="Adelheidstraße 21" ObjVorlage="1997-12-15 00:00:00.0" ObKeinKontakt="6" ObjArtID="9" Merkmal="0.0"/>
  <Objekte ObjID="129" ObjAufnahme="1997-03-21" ObjLetztKontakt="1997-03-21" ObjStrasseID="7263" ObjHausnummer="Kronenstraße 10" ObjVorlage="2013-09-11 00:00:00.0" ObKeinKontakt="2" ObjArtID="1" Merkmal="0.0" ObjInfo="wurde im März 97 verkauft"/>
  <Objekte ObjID="130" ObjAufnahme="1997-03-21" ObjLetztKontakt="1997-03-21" ObjStrasseID="6592" ObjHausnummer="Goethestraße 32" ObjVorlage="2013-09-11 00:00:00.0" ObKeinKontakt="1" ObjArtID="177" Merkmal="0.0" ObjInfo="Eigentumswohnungen, Mieter:Demirayah Mehmet, Goethestr. 32, 30... Hannover, 0511-131400&#xD;&#xA;Navabi Negar, Goethestr. 32, 30... Hannover, 0511-1612299&#xD;&#xA;Traum-Center-Tauchen, Goethestr. 32, 30... Hannover, 0511-18549&#xD;&#xA;Velasco Gonzales Antonio, Goethestr. 32, 30&#xD;&#xA;131"/>
  <Objekte ObjID="133" ObjAufnahme="1997-03-22" ObjLetztKontakt="1997-07-17" ObjStrasseID="7263" ObjHausnummer="Kronenstraße 2" ObjVorlage="2013-09-11 00:00:00.0" ObKeinKontakt="2" ObjArtID="1" Merkmal="0.0"/>
  <Objekte ObjID="141" ObjAufnahme="1997-03-24" ObjLetztKontakt="1997-03-24" ObjStrasseID="6063" ObjHausnummer="Braunstraße 20" ObjVorlage="2013-09-11 00:00:00.0" ObKeinKontakt="2" ObjArtID="5" Merkmal="0.0"/>
  <Objekte ObjID="142" ObjAufnahme="1997-03-24" ObjLetztKontakt="1997-03-24" ObjStrasseID="8431" ObjHausnummer="Uhlemeyerstraße 14" ObjVorlage="2013-09-11 00:00:00.0" ObKeinKontakt="1" ObjArtID="1" Merkmal="0.0" ObjInfo="Haus sieht renovoerungsbedürftig ausMaschinenfabrik Augsburg-Nürnbrg AGNürnbergKatzwangerstraße 101Wicht, Dietmar&#xD;Uhlemeyerstr. 14&#xD;30175 Hannover&#xD;0511-3481580Schikora, Peter&#xD;Ing.Büro&#xD;Uhlemeyerstr. 14&#xD;30175 Hannover&#xD;0511-315052Herr Rüter Zentralhotel Mende"/>
  <Objekte ObjID="143" ObjAufnahme="1997-03-24" ObjLetztKontakt="1997-03-24" ObjStrasseID="8431" ObjHausnummer="Uhlemeyerstraße 15" ObjVorlage="2013-09-11 00:00:00.0" ObKeinKontakt="1" ObjArtID="1" Merkmal="0.0" ObjInfo="sieht renovierungsbedürftig ausM.Günther WuppertalJeltsch, Jan&#xD;Lichtplaner&#xD;Uhlemeyerstr. 15&#xD;30175 Hannover&#xD;ISDN 0511-34093-0Wernicke, Heinz&#xD;Dipl.-Ing. Architekt&#xD;Uhlemeyerstr. 15&#xD;30175 Hannover&#xD;0511-344596SATVIA &amp; FACORT EQUIPMENT GmbH&#xD;Uhlemeyerstr. 15&#xD;301"/>
  <Objekte ObjID="144" ObjAufnahme="1997-03-24" ObjLetztKontakt="1997-03-24" ObjStrasseID="8431" ObjHausnummer="Uhlemeyerstraße 2" ObjVorlage="2013-09-11 00:00:00.0" ObKeinKontakt="1" ObjArtID="1" Merkmal="0.0"/>
  <Objekte ObjID="145" ObjAufnahme="1997-03-24" ObjLetztKontakt="1997-03-24" ObjStrasseID="15569" ObjHausnummer="Bernstraße 1" ObjVorlage="2013-09-11 00:00:00.0" ObKeinKontakt="1" ObjArtID="1" Merkmal="0.0" ObjInfo="Haus sieht renovierungsbedürftig ausVersicherungsverein DebekaDebeka&#xD;Versicherungen Bausparen Gesch.St.&#xD;Bergstr. 1&#xD;30... Hannover&#xD;0511-34840-0"/>
  <Objekte ObjID="146" ObjAufnahme="1997-03-24" ObjLetztKontakt="1997-03-24" ObjStrasseID="15569" ObjHausnummer="Bernstraße 4" ObjVorlage="2013-09-11 00:00:00.0" ObKeinKontakt="1" ObjArtID="1" Merkmal="0.0" ObjInfo="Jarre, R.&#xD;Bergstr. 4&#xD;30... Hannover&#xD;0511-3883588,Boecker Stephanie,Christine Großmann,Tanja Kusian, Heiko Luthe früher W.Otto Kötnerholzwweg 6"/>
  <Objekte ObjID="147" ObjAufnahme="1997-03-24" ObjLetztKontakt="1997-03-24" ObjStrasseID="6812" ObjHausnummer="Heinrichstraße 17" ObjVorlage="2013-09-11 00:00:00.0" ObKeinKontakt="1" ObjArtID="1" Merkmal="0.0" ObjInfo="sieht renovierungsbedürftig aus Landeshauptstadt Hannover"/>
  <Objekte ObjID="148" ObjAufnahme="1997-03-24" ObjLetztKontakt="1997-03-24" ObjStrasseID="6812" ObjHausnummer="Heinrichstraße 15" ObjVorlage="2013-09-11 00:00:00.0" ObKeinKontakt="1" ObjArtID="1" Merkmal="0.0"/>
  <Objekte ObjID="149" ObjAufnahme="1997-03-24" ObjLetztKontakt="1997-03-24" ObjStrasseID="6812" ObjHausnummer="Heinrichstraße 21" ObjVorlage="2013-09-11 00:00:00.0" ObKeinKontakt="1" ObjArtID="1" Merkmal="0.0" ObjInfo="Behre, Herbert&#xD;MinRat&#xD;Heinrichstr. 21&#xD;30... Hannover&#xD;0511-341703Brinschwitz, Michael&#xD;Heinrichstr. 21&#xD;30... Hannover&#xD;0511-3884755Koch, G.&#xD;Heinrichstr. 21&#xD;30... Hannover&#xD;0511-345044Maliglowka, I.&#xD;Heinrichstr. 21&#xD;30... Hannover&#xD;0511-341585Putzki, Horst&#xD;Dipl."/>
  <Objekte ObjID="150" ObjAufnahme="1997-03-24" ObjLetztKontakt="1997-03-24" ObjStrasseID="6812" ObjHausnummer="Heinrichstraße 23" ObjVorlage="2013-09-11 00:00:00.0" ObKeinKontakt="2" ObjArtID="1" Merkmal="0.0"/>
  <Objekte ObjID="151" ObjAufnahme="1997-03-24" ObjLetztKontakt="1997-03-24" ObjStrasseID="6812" ObjHausnummer="Heinrichstraße 22" ObjVorlage="2013-09-11 00:00:00.0" ObKeinKontakt="1" ObjArtID="1" Merkmal="0.0" ObjInfo="Arndt Michael (Lgh)&#09;Heinrichstr. 22&#09;30... Langenhagen&#09;0511-771112&#xD;&#xA;Drantmann Reinhold ARCHITEKT BDA&#09;Heinrichstr. 22&#09;30... Hannover&#09;0511-345034&#xD;&#xA;Der Neffe Eckard Döpkens 344015 macht die Hausverwaltung"/>
  <Objekte ObjID="152" ObjAufnahme="1997-03-24" ObjLetztKontakt="1997-03-24" ObjStrasseID="6812" ObjHausnummer="Heinrichstraße 33" ObjVorlage="2013-09-11 00:00:00.0" ObKeinKontakt="2" ObjArtID="1" Merkmal="0.0" ObjInfo="Tip wegen Verkauf Architekt Bittner fragen in StolzestraßeBittner, Karl&#xD;Ing.grad. Architekt&#xD;Stolzestr. 51&#xD;30171 Hannover&#xD;0511-810846"/>
  <Objekte ObjID="153" ObjAufnahme="1997-03-24" ObjLetztKontakt="1997-03-24" ObjStrasseID="6812" ObjHausnummer="Heinrichstraße 35" ObjVorlage="2013-09-11 00:00:00.0" ObKeinKontakt="1" ObjArtID="177" Merkmal="0.0" ObjInfo="Braaksma Dagmar u. Karl&#xD;Heinrichstr. 35&#xD;30... Hannover&#xD;0511-313232,Hornof, Viktor&#xD;Dr.&#xD;Heinrichstr. 35&#xD;30... Hannover&#xD;0511-345057,Karow, Heinz&#xD;u. Mielke Ch.&#xD;Heinrichstr. 35&#xD;30... Hannover&#xD;0511-344729,Karow, Heinz&#xD;Heinrichstr. 35&#xD;30... Hannover&#xD;0511-3481353"/>
  <Objekte ObjID="154" ObjAufnahme="1997-03-24" ObjLetztKontakt="1997-03-24" ObjStrasseID="8482" ObjHausnummer="Volgersweg 47" ObjVorlage="2013-09-11 00:00:00.0" ObKeinKontakt="1" ObjArtID="1" Merkmal="0.0"/>
  <Objekte ObjID="155" ObjAufnahme="1997-03-24" ObjLetztKontakt="1997-03-24" ObjStrasseID="8482" ObjHausnummer="Volgersweg 46" ObjVorlage="2013-09-11 00:00:00.0" ObKeinKontakt="1" ObjArtID="1" Merkmal="0.0" ObjInfo="Hensel Eichstr. 18"/>
  <Objekte ObjID="156" ObjAufnahme="1997-03-24" ObjLetztKontakt="1997-03-24" ObjStrasseID="8482" ObjHausnummer="Volgersweg 45" ObjVorlage="2013-09-11 00:00:00.0" ObKeinKontakt="1" ObjArtID="1" Merkmal="0.0"/>
  <Objekte ObjID="157" ObjAufnahme="1997-03-24" ObjLetztKontakt="1997-03-24" ObjStrasseID="8482" ObjHausnummer="Volgersweg 28" ObjVorlage="2013-09-11 00:00:00.0" ObKeinKontakt="1" ObjArtID="1" Merkmal="0.0" ObjInfo="Irma Hofmeister Wegenerstr. 6"/>
  <Objekte ObjID="158" ObjAufnahme="1997-03-24" ObjLetztKontakt="1997-03-24" ObjStrasseID="8482" ObjHausnummer="Volgersweg 43" ObjVorlage="2013-09-11 00:00:00.0" ObKeinKontakt="1" ObjArtID="1" Merkmal="0.0" ObjInfo="H.Paul Simrockstr. 10"/>
  <Objekte ObjID="159" ObjAufnahme="1997-03-24" ObjLetztKontakt="1997-03-24" ObjStrasseID="8482" ObjHausnummer="Volgersweg 31" ObjVorlage="2013-09-11 00:00:00.0" ObKeinKontakt="1" ObjArtID="1" Merkmal="0.0" ObjInfo="früher E.Tönnies Lärchenstraße 9 Bergenthal, Roswitha&#xD;Volgersweg 31&#xD;30175 Hannover&#xD;0511-341996 Bünning-Schneeberg, Susanne&#xD;u. Schneeberg Hans&#xD;Volgersweg 31&#xD;30175 Hannover&#xD;0511-344626 Gerke, Marc&#xD;KleinTransp.&#xD;Volgersweg 31&#xD;30175 Hannover&#xD;0511-344720 Klüsen"/>
  <Objekte ObjID="160" ObjAufnahme="1997-03-24" ObjLetztKontakt="1997-03-24" ObjStrasseID="7985" ObjHausnummer="Rumannstraße 11" ObjVorlage="2013-09-11 00:00:00.0" ObKeinKontakt="1" ObjArtID="1" Merkmal="0.0" ObjInfo="Kroggel Wilhelm Rechtsanwalt u. Notar&#xD;Rumannstr. 11&#xD;30161 Hannover&#xD;0511-344619"/>
  <Objekte ObjID="161" ObjAufnahme="1997-03-24" ObjLetztKontakt="1997-03-24" ObjStrasseID="7985" ObjHausnummer="Rumannstraße 7" ObjVorlage="2013-09-11 00:00:00.0" ObKeinKontakt="1" ObjArtID="1" Merkmal="0.0" ObjInfo="W. Rohde"/>
  <Objekte ObjID="162" ObjAufnahme="1997-03-24" ObjLetztKontakt="1997-03-24" ObjStrasseID="7985" ObjHausnummer="Rumannstraße 5" ObjVorlage="2013-09-11 00:00:00.0" ObKeinKontakt="1" ObjArtID="1" Merkmal="0.0" ObjInfo="K.Wendorff Lönsstr 25 Bleimund&#xD;Rumannstr. 5&#xD;30161 Hannover&#xD;0511-3480114 Brandes, Marianne&#xD;Rumannstr. 5&#xD;30161 Hannover&#xD;0511-3480331 Emde, Bernhard&#xD;Rumannstr. 5&#xD;30161 Hannover&#xD;0511-344864 Seeck, Kornelia u. Thorsten&#xD;Rumannstr. 5&#xD;30161 Hannover&#xD;0511-3885740 "/>
  <Objekte ObjID="163" ObjAufnahme="1997-03-24" ObjLetztKontakt="1997-03-24" ObjStrasseID="7985" ObjHausnummer="Rumannstraße 3" ObjVorlage="2013-09-11 00:00:00.0" ObKeinKontakt="1" ObjArtID="1" Merkmal="0.0" ObjInfo="K. Wendorff Dieckmann, S.&#xD;Rumannstr. 3&#xD;30161 Hannover&#xD;0511-344489 Holderberg, Peter&#xD;Rumannstr. 3&#xD;30161 Hannover&#xD;0511-342601 Münte, Michael&#xD;Rumannstr. 3&#xD;30161 Hannover&#xD;0511-343340 Roth, Monika&#xD;Rumannstr. 3&#xD;30161 Hannover&#xD;0511-332486"/>
  <Objekte ObjID="164" ObjAufnahme="1997-03-24" ObjLetztKontakt="1997-03-24" ObjStrasseID="7985" ObjHausnummer="Rumannstraße 1" ObjVorlage="2013-09-11 00:00:00.0" ObKeinKontakt="1" ObjArtID="1" Merkmal="0.0" ObjInfo="K.Wendorff Beckmann, Harald&#xD;Rumannstr. 1&#xD;30161 Hannover&#xD;0511-342448 Brunkhorst, Hanna&#xD;u. Hannemann Dieter&#xD;Rumannstr. 1&#xD;30161 Hannover&#xD;0511-3480166 Buschke, Alicia&#xD;Rumannstr. 1&#xD;30161 Hannover&#xD;0511-344525 Heinzelmann, Franziska&#xD;Rumannstr. 1&#xD;30161 Hannover&#xD;0"/>
  <Objekte ObjID="165" ObjAufnahme="1997-03-24" ObjLetztKontakt="1997-03-24" ObjStrasseID="7985" ObjHausnummer="Rumannstraße 21" ObjVorlage="2013-09-11 00:00:00.0" ObKeinKontakt="1" ObjArtID="1" Merkmal="0.0" ObjInfo="A. Ahrens Stephanusstr 23 Janssen-Graalfs, Edo&#xD;u. Ingrid Dr.med.&#xD;Rumannstr. 21&#xD;30161 Hannover&#xD;0511-341067 Lohmeyer, Ralf&#xD;Rumannstr. 21&#xD;30161 Hannover&#xD;0511-331651 Rudzinski, Stefan&#xD;Rumannstr. 21&#xD;30161 Hannover&#xD;0511-3180549 Schirmer, Barbara&#xD;Rumannstr. 21&#xD;3"/>
  <Objekte ObjID="166" ObjAufnahme="1997-03-24" ObjLetztKontakt="1997-03-24" ObjStrasseID="7985" ObjHausnummer="Rumannstraße 23" ObjVorlage="2013-09-11 00:00:00.0" ObKeinKontakt="1" ObjArtID="1" Merkmal="0.0" ObjInfo="R.Schreiber"/>
  <Objekte ObjID="167" ObjAufnahme="1997-03-24" ObjLetztKontakt="1997-03-24" ObjStrasseID="7985" ObjHausnummer="Rumannstraße 27" ObjVorlage="2013-09-11 00:00:00.0" ObKeinKontakt="1" ObjArtID="1" Merkmal="0.0" ObjInfo="Adele Bode Laufer, Elisabeth&#xD;Rumannstr. 27&#xD;30161 Hannover&#xD;0511-319192 Mayer, H. u. A.&#xD;Rumannstr. 27&#xD;30161 Hannover&#xD;0511-341611 Reister, K.&#xD;Rumannstr. 27&#xD;30161 Hannover&#xD;0511-345004 Scheu, Ingeborg&#xD;Rumannstr. 27&#xD;30161 Hannover&#xD;0511-345732"/>
  <Objekte ObjID="168" ObjAufnahme="1997-03-24" ObjLetztKontakt="1997-03-24" ObjStrasseID="7985" ObjHausnummer="Rumannstraße 35" ObjVorlage="2013-09-11 00:00:00.0" ObKeinKontakt="1" ObjArtID="1" Merkmal="0.0" ObjInfo="E Krieghoff"/>
  <Objekte ObjID="169" ObjAufnahme="1997-03-24" ObjLetztKontakt="1997-03-24" ObjStrasseID="6912" ObjHausnummer="Holscherstraße 2" ObjVorlage="2013-09-11 00:00:00.0" ObKeinKontakt="1" ObjArtID="1" Merkmal="0.0" ObjInfo="gibt es nicht"/>
  <Objekte ObjID="170" ObjAufnahme="1997-03-24" ObjLetztKontakt="1997-03-24" ObjStrasseID="6912" ObjHausnummer="Holscherstraße 6" ObjVorlage="2013-09-11 00:00:00.0" ObKeinKontakt="1" ObjArtID="1" Merkmal="0.0" ObjInfo="sieht renovierungsbedürftig ausA.Fick Blume, Klaus&#xD;Holscherstr. 6&#xD;30161 Hannover&#xD;0511-345881 Dornis, D.&#xD;Holscherstr. 6&#xD;30161 Hannover&#xD;0511-313727 Dornis, Rudolf&#xD;Kameramann FilmProd.&#xD;Holscherstr. 6&#xD;30161 Hannover&#xD;0511-344140 Dornis, Rudolf&#xD;Kameramann FilmP"/>
  <Objekte ObjID="171" ObjAufnahme="1997-03-24" ObjLetztKontakt="1997-03-24" ObjStrasseID="6490" ObjHausnummer="Friesenstraße 42" ObjVorlage="2013-09-11 00:00:00.0" ObKeinKontakt="1" ObjArtID="1" Merkmal="0.0" ObjInfo="Goedekes Erben Ahrens, A.&#xD;Friesenstr. 42&#xD;30161 Hannover&#xD;0511-313871 Schenkelberg, Helga&#xD;Friesenstr. 42&#xD;30161 Hannover&#xD;0511-311306 Wargenau, Elke&#xD;Friesenstr. 42&#xD;30161 Hannover&#xD;0511-3883350"/>
  <Objekte ObjID="172" ObjAufnahme="1997-03-24" ObjLetztKontakt="1997-03-24" ObjStrasseID="6490" ObjHausnummer="Friesenstraße 41" ObjVorlage="2013-09-11 00:00:00.0" ObKeinKontakt="1" ObjArtID="1" Merkmal="0.0" ObjInfo="Edith Müller Stöckheim u Sigrid Winkler Schenkendorfstr. 11 Bieniok, Margot&#xD;med. Fußpflegerin&#xD;Friesenstr. 41&#xD;30161 Hannover&#xD;0511-311371 Garbisch, E.&#xD;Friesenstr. 41&#xD;30161 Hannover&#xD;0511-312263 Rohmann, Erna&#xD;Friesenstr. 41&#xD;30161 Hannover&#xD;0511-311141 Schaper,"/>
  <Objekte ObjID="173" ObjAufnahme="1997-03-24" ObjLetztKontakt="1997-03-24" ObjStrasseID="6490" ObjHausnummer="Friesenstraße 40" ObjVorlage="2013-09-11 00:00:00.0" ObKeinKontakt="1" ObjArtID="1" Merkmal="0.0" ObjInfo="Marie Grabe Walter Flex Str. 35 Gaedcke, Friedchen&#xD;Friesenstr. 40&#xD;30161 Hannover&#xD;0511-313776 Knoke, Friedrich&#xD;Friesenstr. 40&#xD;30161 Hannover&#xD;0511-3481240 Koch, Anton&#xD;Friesenstr. 40&#xD;30161 Hannover&#xD;0511-3884449 Koch, Anton&#xD;Friesenstr. 40&#xD;30161 Hannover&#xD;0511-"/>
  <Objekte ObjID="174" ObjAufnahme="1997-03-24" ObjLetztKontakt="1997-03-24" ObjStrasseID="2835" ObjHausnummer="Alemannstraße 4" ObjVorlage="2013-09-11 00:00:00.0" ObKeinKontakt="1" ObjArtID="1" Merkmal="0.0" ObjInfo="gibt es nicht"/>
  <Objekte ObjID="175" ObjAufnahme="1997-03-24" ObjLetztKontakt="1997-03-24" ObjStrasseID="6129" ObjHausnummer="Bütersworthstraße 11" ObjVorlage="2013-09-11 00:00:00.0" ObKeinKontakt="1" ObjArtID="1" Merkmal="0.0" ObjInfo="August Remmler köln Alabarta, Giro Eva&#xD;Bütersworthstr. 11&#xD;30161 Hannover&#xD;0511-3481362 Ayhan, Demirhan&#xD;Bütersworthstr. 11&#xD;30161 Hannover&#xD;0511-311758 Muhittin, Sensoy&#xD;Bütersworthstr. 11&#xD;30161 Hannover&#xD;0511-313287 Otto, Andreas&#xD;u. Morawa Thies&#xD;Bütersworthstr"/>
  <Objekte ObjID="187" ObjAufnahme="1997-03-24" ObjLetztKontakt="1997-03-24" ObjStrasseID="6002" ObjHausnummer="Bödekerstraße 46" ObjVorlage="2013-09-11 00:00:00.0" ObKeinKontakt="1" ObjArtID="1" Merkmal="0.0"/>
  <Objekte ObjID="189" ObjAufnahme="1997-03-24" ObjLetztKontakt="1997-03-24" ObjStrasseID="7172" ObjHausnummer="Kleine Pfahlstraße 17" ObjVorlage="2013-09-11 00:00:00.0" ObKeinKontakt="1" ObjArtID="1" Merkmal="0.0" ObjInfo="H.Ahlers"/>
  <Objekte ObjID="190" ObjAufnahme="1997-03-24" ObjLetztKontakt="1997-03-24" ObjStrasseID="7172" ObjHausnummer="Kleine Pfahlstraße 19" ObjVorlage="2013-09-11 00:00:00.0" ObKeinKontakt="1" ObjArtID="1" Merkmal="0.0" ObjInfo="Eigentümer :R.Sommer Davenstadter Str. 9 Sommer, Rudolf&#xD;Hausverwaltungen&#xD;Davenstedter Str. 9&#xD;30449 Hannover R.Schneider davenstedter Str. 44"/>
  <Objekte ObjID="191" ObjAufnahme="1997-03-24" ObjLetztKontakt="1997-03-24" ObjStrasseID="7172" ObjHausnummer="Kleine Pfahlstraße 18" ObjVorlage="2013-09-11 00:00:00.0" ObKeinKontakt="1" ObjArtID="1" Merkmal="0.0" ObjInfo="E.Stoltze"/>
  <Objekte ObjID="192" ObjAufnahme="1997-03-24" ObjLetztKontakt="2000-03-21" ObjStrasseID="8173" ObjHausnummer="Seumestraße 5" ObjVorlage="2013-09-11 00:00:00.0" ObKeinKontakt="2" ObjArtID="1" Merkmal="0.0" ObjInfo="I.O.Eldar Gernsstr.41 Dr.B.Holtmann Gerlachstr. 5A Bade-Gusnar, H.&#xD;Seumestr. 5&#xD;30161 Hannover&#xD;0511-315765  Bierend, G.&#xD;Seumestr. 5&#xD;30161 Hannover&#xD;0511-315535 Böhle, Camilla&#xD;u. Funder Markus&#xD;Seumestr. 5&#xD;30161 Hannover&#xD;0511-3885850 Bohlmann, Andreas&#xD;Seumestr&#xD;&#xA;193"/>
  <Objekte ObjID="194" ObjAufnahme="1997-03-24" ObjLetztKontakt="1997-03-24" ObjStrasseID="7840" ObjHausnummer="Rambergstraße 10" ObjVorlage="2013-09-11 00:00:00.0" ObKeinKontakt="1" ObjArtID="1" Merkmal="0.0" ObjInfo=" Plege Hergt, L.&#xD;Rambergstr. 10&#xD;30161 Hannover&#xD;0511-311772Hosselmann, G.&#xD;Rambergstr. 10&#xD;30161 Hannover&#xD;0511-315213 Ladner, I.&#xD;Rambergstr. 10&#xD;30161 Hannover&#xD;0511-319284 Nordfeld, Liselotte&#xD;Rambergstr. 10&#xD;30161 Hannover&#xD;0511-311390 Schmidt-Rösemann, Birgit&#xD;"/>
  <Objekte ObjID="195" ObjAufnahme="1997-03-24" ObjLetztKontakt="1997-03-24" ObjStrasseID="7840" ObjHausnummer="Rambergstraße 9" ObjVorlage="2013-09-11 00:00:00.0" ObKeinKontakt="1" ObjArtID="1" Merkmal="0.0" ObjInfo="W.Gerhardy Corneliusstr 16 Bauunternehmen"/>
  <Objekte ObjID="196" ObjAufnahme="1997-03-24" ObjLetztKontakt="1997-03-24" ObjStrasseID="7840" ObjHausnummer="Rambergstraße 8" ObjVorlage="2013-09-11 00:00:00.0" ObKeinKontakt="1" ObjArtID="1" Merkmal="0.0"/>
  <Objekte ObjID="197" ObjAufnahme="1997-03-24" ObjLetztKontakt="1997-03-24" ObjStrasseID="7840" ObjHausnummer="Rambergstraße 3" ObjVorlage="2013-09-11 00:00:00.0" ObKeinKontakt="1" ObjArtID="1" Merkmal="0.0" ObjInfo="E.Krüger Kleiner Hillen 15"/>
  <Objekte ObjID="198" ObjAufnahme="1997-03-24" ObjLetztKontakt="1997-03-24" ObjStrasseID="7840" ObjHausnummer="Rambergstraße 1" ObjVorlage="2013-09-11 00:00:00.0" ObKeinKontakt="1" ObjArtID="1" Merkmal="0.0"/>
  <Objekte ObjID="199" ObjAufnahme="1997-03-24" ObjLetztKontakt="2000-05-15" ObjStrasseID="6636" ObjHausnummer="Gretchenstraße 13A" ObjVorlage="2013-09-11 00:00:00.0" ObKeinKontakt="9" ObjArtID="76" Merkmal="0.9999999999999999" ObjInfo="21074\Blk. Nord-Ost"/>
  <Objekte ObjID="200" ObjAufnahme="1997-03-24" ObjLetztKontakt="1998-09-13" ObjStrasseID="6636" ObjHausnummer="Gretchenstraße 14" ObjVorlage="2013-09-11 00:00:00.0" ObKeinKontakt="2" ObjArtID="1" Merkmal="0.0"/>
  <Objekte ObjID="201" ObjAufnahme="1997-03-24" ObjLetztKontakt="1998-09-13" ObjStrasseID="6636" ObjHausnummer="Gretchenstraße 42" ObjVorlage="2013-09-11 00:00:00.0" ObKeinKontakt="2" ObjArtID="1" Merkmal="0.0" ObjInfo="Wilfried  kleinsorge Brabeckstr. 7 tel. 512955 (Harteweg 14)"/>
  <Objekte ObjID="202" ObjAufnahme="1997-03-24" ObjLetztKontakt="1998-10-14" ObjStrasseID="6636" ObjHausnummer="Gretchenstraße 22" ObjVorlage="2013-09-11 00:00:00.0" ObKeinKontakt="1" ObjArtID="1" Merkmal="0.0" ObjInfo="gehört  älterer Dame lebt von Miete Verwalter Schmidt Tel. 05101-12348"/>
  <Objekte ObjID="203" ObjAufnahme="1997-03-24" ObjLetztKontakt="1998-09-11" ObjStrasseID="6636" ObjHausnummer="Gretchenstraße 33" ObjVorlage="2013-09-11 00:00:00.0" ObKeinKontakt="2" ObjArtID="177" Merkmal="0.0"/>
  <Objekte ObjID="204" ObjAufnahme="1997-03-24" ObjLetztKontakt="1997-03-24" ObjStrasseID="6651" ObjHausnummer="Große Pfahlstraße 21" ObjVorlage="2013-09-11 00:00:00.0" ObKeinKontakt="1" ObjArtID="1" Merkmal="0.0" ObjInfo="A.Grabe Am Hesselteich 5 Braunschweig City-Car Taxenunternehmen GmbH&#xD;Große Pfahlstr. 21&#xD;30161 Hannover&#xD;0511-343966 Druckerei Mantow&#xD;Große Pfahlstr. 21&#xD;30161 Hannover&#xD;0511-3480312 Mantow Buchdruckerei, August&#xD;Buch-u.Offsetdruck&#xD;Große Pfahlstr. 21&#xD;30161 Han"/>
  <Objekte ObjID="206" ObjAufnahme="1997-03-24" ObjLetztKontakt="1997-03-24" ObjStrasseID="6651" ObjHausnummer="Große Pfahlstraße 22" ObjVorlage="2013-09-11 00:00:00.0" ObKeinKontakt="1" ObjArtID="56" Merkmal="0.0" ObjInfo="K.Ahlbrand Dierks, Joachim&#xD;Große Pfahlstr. 22&#xD;30161 Hannover&#xD;0511-314930 Herbert, Dieter&#xD;Große Pfahlstr. 22&#xD;30161 Hannover&#xD;0511-312345 Krüger, Tillmann u. Judith&#xD;Große Pfahlstr. 22&#xD;30161 Hannover&#xD;0511-342809 Netz, Walter&#xD;Große Pfahlstr. 22&#xD;30161 Hannover&#xD;"/>
  <Objekte ObjID="207" ObjAufnahme="1997-03-24" ObjLetztKontakt="1997-03-24" ObjStrasseID="6651" ObjHausnummer="Große Pfahlstraße 3" ObjVorlage="2013-09-11 00:00:00.0" ObKeinKontakt="1" ObjArtID="1" Merkmal="0.0" ObjInfo="Erwin Nolte Bertram, Michael&#xD;Große Pfahlstr. 3&#xD;30161 Hannover&#xD;0511-3883980  Bodinus, Sibylle u. Carsten&#xD;Große Pfahlstr. 3&#xD;30161 Hannover&#xD;0511-3885258 Mahl, Reinhard&#xD;Große Pfahlstr. 3&#xD;30161 Hannover&#xD;0511-317915 Pannewitz, Barbara&#xD;Große Pfahlstr. 3&#xD;30161 Ha"/>
  <Objekte ObjID="209" ObjAufnahme="1997-03-24" ObjLetztKontakt="1997-03-24" ObjStrasseID="8569" ObjHausnummer="Weißekreuzplatz 31" ObjVorlage="2013-09-11 00:00:00.0" ObKeinKontakt="1" ObjArtID="1" Merkmal="0.0" ObjInfo="überprüfen ob nicht Weißekreuzstr"/>
  <Objekte ObjID="212" ObjAufnahme="1997-03-25" ObjLetztKontakt="1997-03-25" ObjStrasseID="7406" ObjHausnummer="Lister Meile 52" ObjVorlage="2013-09-11 00:00:00.0" ObKeinKontakt="2" ObjArtID="5" Merkmal="0.0" ObjInfo="Herve&#xD;Lister Meile 52&#xD;30161 Hannover&#xD;0511-314113"/>
  <Objekte ObjID="213" ObjAufnahme="1997-03-25" ObjLetztKontakt="1999-09-03" ObjStrasseID="8537" ObjHausnummer="Wedekindstraße 34" ObjVorlage="1998-03-25 00:00:00.0" ObKeinKontakt="2" ObjArtID="5" Merkmal="0.0" ObjInfo="Lokaninus, Hannover"/>
  <Objekte ObjID="215" ObjAufnahme="1997-03-25" ObjLetztKontakt="1999-09-03" ObjStrasseID="8537" ObjHausnummer="Wedekindstraße 2" ObjVorlage="2013-09-11 00:00:00.0" ObKeinKontakt="1" ObjArtID="5" Merkmal="0.0" ObjInfo="Wietgrefe, Heinrich&#xD;Wedekindstr. 2&#xD;30161 Hannover&#xD;0511-313226 hat an Auktionator Bünger in hannover verkauft"/>
  <Objekte ObjID="216" ObjAufnahme="1997-03-25" ObjLetztKontakt="1999-09-03" ObjStrasseID="8537" ObjHausnummer="Wedekindstraße 3" ObjVorlage="1998-03-27 00:00:00.0" ObKeinKontakt="2" ObjArtID="5" Merkmal="0.0" ObjInfo="Spickenbom, Heinrich&#xD;Masch.Ing.&#xD;Wedekindstr. 3&#xD;30161 Hannover&#xD;0511-314302Spickenbom, Heinz&#xD;Wedekindstr. 3&#xD;30161 Hannover&#xD;0511-311103"/>
  <Objekte ObjID="218" ObjAufnahme="1997-03-26" ObjLetztKontakt="1997-03-26" ObjStrasseID="6564" ObjHausnummer="Gibraltarweg 1" ObjVorlage="2013-09-11 00:00:00.0" ObKeinKontakt="2" ObjArtID="1" Merkmal="0.0" ObjInfo="[ Wohnbau GmbH,Koblenzerstr. 84, Bonn ] Bewohner:Donat, Tel. 67 13 76"/>
  <Objekte ObjID="219" ObjAufnahme="1997-03-26" ObjLetztKontakt="1997-03-26" ObjStrasseID="6564" ObjHausnummer="Gibraltarweg 2" ObjVorlage="2013-09-11 00:00:00.0" ObKeinKontakt="1" ObjArtID="1" Merkmal="0.0" ObjInfo="[ Wohnbau GmbH,Koblenzerstr. 84, Bonn ]"/>
  <Objekte ObjID="220" ObjAufnahme="1997-03-26" ObjLetztKontakt="1997-03-26" ObjStrasseID="6564" ObjHausnummer="Gibraltarweg 3" ObjVorlage="2013-09-11 00:00:00.0" ObKeinKontakt="2" ObjArtID="1" Merkmal="0.0" ObjInfo="[ Wohnbau GmbH,Koblenzerstr. 84, Bonn ]"/>
  <Objekte ObjID="221" ObjAufnahme="1997-03-26" ObjLetztKontakt="1997-03-26" ObjStrasseID="6564" ObjHausnummer="Gibraltarweg 4" ObjVorlage="2013-09-11 00:00:00.0" ObKeinKontakt="2" ObjArtID="1" Merkmal="0.0" ObjInfo="[ Wohnbau GmbH,Koblenzerstr. 84, Bonn ]"/>
  <Objekte ObjID="222" ObjAufnahme="1997-03-26" ObjLetztKontakt="1997-03-26" ObjStrasseID="6564" ObjHausnummer="Gibraltarweg 5" ObjVorlage="2013-09-11 00:00:00.0" ObKeinKontakt="2" ObjArtID="1" Merkmal="0.0" ObjInfo="[ Wohnungsgenossenschaft Gartenheim ]"/>
  <Objekte ObjID="223" ObjAufnahme="1997-03-26" ObjLetztKontakt="1997-03-26" ObjStrasseID="6564" ObjHausnummer="Gibraltarweg 6" ObjVorlage="2013-09-11 00:00:00.0" ObKeinKontakt="1" ObjArtID="1" Merkmal="0.0" ObjInfo="[ Wohnungsbaugenossenschaft Gartenheim]Seibert, Tel. 37 25 67"/>
  <Objekte ObjID="224" ObjAufnahme="1997-03-26" ObjLetztKontakt="1997-03-26" ObjStrasseID="6564" ObjHausnummer="Gibraltarweg 7" ObjVorlage="2013-09-11 00:00:00.0" ObKeinKontakt="2" ObjArtID="1" Merkmal="0.0" ObjInfo="[ Wohnungsbaugenossenschaft Gartenheim ]"/>
  <Objekte ObjID="225" ObjAufnahme="1997-03-26" ObjLetztKontakt="1997-03-26" ObjStrasseID="6564" ObjHausnummer="Gibraltarweg 8" ObjVorlage="2013-09-11 00:00:00.0" ObKeinKontakt="2" ObjArtID="1" Merkmal="0.0" ObjInfo="[ Wohnungsbaugenossenschaft Gartenheim ]"/>
  <Objekte ObjID="226" ObjAufnahme="1997-03-26" ObjLetztKontakt="1997-03-26" ObjStrasseID="6564" ObjHausnummer="Gibraltarweg 9" ObjVorlage="2013-09-11 00:00:00.0" ObKeinKontakt="1" ObjArtID="1" Merkmal="0.0" ObjInfo="[ Wohnungsbaugenossenschaft Gartenheim ]"/>
  <Objekte ObjID="227" ObjAufnahme="1997-03-26" ObjLetztKontakt="1997-03-26" ObjStrasseID="6564" ObjHausnummer="Gibraltarweg 10" ObjVorlage="2013-09-11 00:00:00.0" ObKeinKontakt="1" ObjArtID="1" Merkmal="0.0" ObjInfo="[ Wohnungsbaugenossenschaft Gartenheim ]"/>
  <Objekte ObjID="228" ObjAufnahme="1997-03-26" ObjLetztKontakt="1997-03-26" ObjStrasseID="6564" ObjHausnummer="Gibraltarweg 11" ObjVorlage="2013-09-11 00:00:00.0" ObKeinKontakt="1" ObjArtID="1" Merkmal="0.0" ObjInfo="[ Gemeinn. Wohnungsbau GmbH, Lavesstr. 62, 30159 Hannover, 0511/ 3664960 ]"/>
  <Objekte ObjID="229" ObjAufnahme="1997-03-26" ObjLetztKontakt="1997-03-26" ObjStrasseID="6564" ObjHausnummer="Gibraltarweg 12" ObjVorlage="2013-09-11 00:00:00.0" ObKeinKontakt="1" ObjArtID="1" Merkmal="0.0" ObjInfo="[ Wohnungsgenossenschaft Gartenheim ]"/>
  <Objekte ObjID="230" ObjAufnahme="1997-03-26" ObjLetztKontakt="1997-03-26" ObjStrasseID="6564" ObjHausnummer="Gibraltarweg 13" ObjVorlage="2013-09-11 00:00:00.0" ObKeinKontakt="1" ObjArtID="177" Merkmal="0.0" ObjInfo="[ Gemeinn. Wohnungsbau GmbH, Lavesstr. 62, 30159 Hannover, 0511/ 3664960 ]"/>
  <Objekte ObjID="231" ObjAufnahme="1997-03-26" ObjLetztKontakt="1997-03-26" ObjStrasseID="6564" ObjHausnummer="Gibraltarweg 14" ObjVorlage="2013-09-11 00:00:00.0" ObKeinKontakt="1" ObjArtID="1" Merkmal="0.0" ObjInfo="[ Wohnungsgenossenschaft Gartenheim ]"/>
  <Objekte ObjID="232" ObjAufnahme="1997-03-26" ObjLetztKontakt="1997-03-26" ObjStrasseID="6564" ObjHausnummer="Gibraltarweg 15" ObjVorlage="2013-09-11 00:00:00.0" ObKeinKontakt="1" ObjArtID="1" Merkmal="0.0" ObjInfo="[ Gemeinn. Wohnungsbau GmbH, Lavesstr. 62, 30159 Hannover, 0511/ 3664960 ]"/>
  <Objekte ObjID="233" ObjAufnahme="1997-03-26" ObjLetztKontakt="1997-03-26" ObjStrasseID="6564" ObjHausnummer="Gibraltarweg 16" ObjVorlage="2013-09-11 00:00:00.0" ObKeinKontakt="1" ObjArtID="1" Merkmal="0.0" ObjInfo="[ Wohnungsgenossenschaft Gartenheim ]"/>
  <Objekte ObjID="234" ObjAufnahme="1997-03-26" ObjLetztKontakt="1997-03-26" ObjStrasseID="6564" ObjHausnummer="Gibraltarweg 18" ObjVorlage="2013-09-11 00:00:00.0" ObKeinKontakt="1" ObjArtID="1" Merkmal="0.0" ObjInfo="[ Wohnungsgenossenschaft Gartenheim ]"/>
  <Objekte ObjID="238" ObjAufnahme="1997-04-04" ObjLetztKontakt="1997-04-04" ObjStrasseID="6314" ObjHausnummer="Eichstraße 1" ObjVorlage="1998-01-01 00:00:00.0" ObKeinKontakt="5" ObjArtID="5" Merkmal="0.0" ObjInfo="S. von Alten Erbengem."/>
  <Objekte ObjID="239" ObjAufnahme="1997-04-04" ObjLetztKontakt="1997-04-04" ObjStrasseID="6314" ObjHausnummer="Eichstraße 2" ObjVorlage="1998-01-01 00:00:00.0" ObKeinKontakt="2" ObjArtID="96" Merkmal="0.0"/>
  <Objekte ObjID="240" ObjAufnahme="1997-04-04" ObjLetztKontakt="1997-04-04" ObjStrasseID="6314" ObjHausnummer="Eichstraße 3" ObjVorlage="1998-01-01 00:00:00.0" ObKeinKontakt="2" ObjArtID="5" Merkmal="0.0" ObjInfo="( Lothar Scholz, 05131/ 6416 )"/>
  <Objekte ObjID="241" ObjAufnahme="1997-04-04" ObjLetztKontakt="1997-04-04" ObjStrasseID="6314" ObjHausnummer="Eichstraße 4" ObjVorlage="1998-01-01 00:00:00.0" ObKeinKontakt="2" ObjArtID="5" Merkmal="0.0" ObjInfo="( Klosterkammer )"/>
  <Objekte ObjID="242" ObjAufnahme="1997-04-04" ObjLetztKontakt="1997-04-04" ObjStrasseID="6314" ObjHausnummer="Eichstraße 5" ObjVorlage="1998-01-01 00:00:00.0" ObKeinKontakt="2" ObjArtID="5" Merkmal="0.0" ObjInfo="( E. Bienewies )"/>
  <Objekte ObjID="243" ObjAufnahme="1997-04-04" ObjLetztKontakt="1997-04-04" ObjStrasseID="6314" ObjHausnummer="Eichstraße 6" ObjVorlage="1998-01-01 00:00:00.0" ObKeinKontakt="2" ObjArtID="5" Merkmal="0.0" ObjInfo="( Dipl. Ing. Martin Düker )"/>
  <Objekte ObjID="244" ObjAufnahme="1997-04-04" ObjLetztKontakt="1997-04-04" ObjStrasseID="6314" ObjHausnummer="Eichstraße 7" ObjVorlage="1998-01-01 00:00:00.0" ObKeinKontakt="2" ObjArtID="5" Merkmal="0.0" ObjInfo="( R. Schneider, Farbacher Str. 13 )"/>
  <Objekte ObjID="245" ObjAufnahme="1997-04-04" ObjLetztKontakt="1997-04-04" ObjStrasseID="6314" ObjHausnummer="Eichstraße 8" ObjVorlage="1998-01-01 00:00:00.0" ObKeinKontakt="2" ObjArtID="5" Merkmal="0.0"/>
  <Objekte ObjID="246" ObjAufnahme="1997-04-04" ObjLetztKontakt="1997-04-04" ObjStrasseID="6314" ObjHausnummer="Eichstraße 9" ObjVorlage="1998-01-01 00:00:00.0" ObKeinKontakt="2" ObjArtID="5" Merkmal="0.0" ObjInfo="Fitjer Horst&#09;Eichstr. 8&#09;30161 Hannover&#09;0511-345098&#xD;&#xA;Herbold-Siebert Dr. Orthop.&#09;Eichstr. 8&#09;30161 Hannover&#09;0511-315793&#xD;&#xA;J„ger Anke u. Radtke Angelika&#09;Eichstr. 8&#09;30161 Hannover&#09;0511-3180611&#xD;&#xA;K”lling Heike&#09;Eichstr. 8&#09;30161 Hannover&#09;0511-3880153&#xD;&#xA;Weidemann Hel&#xD;&#xA;247"/>
  <Objekte ObjID="248" ObjAufnahme="1997-04-04" ObjLetztKontakt="1997-04-04" ObjStrasseID="6314" ObjHausnummer="Eichstraße 11" ObjVorlage="1998-01-01 00:00:00.0" ObKeinKontakt="2" ObjArtID="5" Merkmal="0.0" ObjInfo="( F.W. Klenke )"/>
  <Objekte ObjID="250" ObjAufnahme="1997-04-04" ObjLetztKontakt="1997-04-04" ObjStrasseID="6314" ObjHausnummer="Eichstraße 13" ObjVorlage="1998-01-01 00:00:00.0" ObKeinKontakt="2" ObjArtID="5" Merkmal="0.0" ObjInfo="( R. Ecklebe )"/>
  <Objekte ObjID="251" ObjAufnahme="1997-04-04" ObjLetztKontakt="1997-04-04" ObjStrasseID="6314" ObjHausnummer="Eichstraße 14" ObjVorlage="1998-01-01 00:00:00.0" ObKeinKontakt="2" ObjArtID="5" Merkmal="0.0"/>
  <Objekte ObjID="252" ObjAufnahme="1997-04-04" ObjLetztKontakt="1997-04-04" ObjStrasseID="6314" ObjHausnummer="Eichstraße 15" ObjVorlage="1998-01-01 00:00:00.0" ObKeinKontakt="2" ObjArtID="5" Merkmal="0.0" ObjInfo="( E. Bertram, Doris Wöldecke )"/>
  <Objekte ObjID="253" ObjAufnahme="1997-04-04" ObjLetztKontakt="1997-04-04" ObjStrasseID="6314" ObjHausnummer="Eichstraße 16" ObjVorlage="1998-01-01 00:00:00.0" ObKeinKontakt="2" ObjArtID="5" Merkmal="0.0"/>
  <Objekte ObjID="254" ObjAufnahme="1997-04-04" ObjLetztKontakt="1997-04-04" ObjStrasseID="6314" ObjHausnummer="Eichstraße 17" ObjVorlage="2003-10-30 00:00:00.0" ObKeinKontakt="2" ObjArtID="5" Merkmal="0.0" ObjInfo="( K. Lütges )"/>
  <Objekte ObjID="255" ObjAufnahme="1997-04-04" ObjLetztKontakt="1997-04-04" ObjStrasseID="6314" ObjHausnummer="Eichstraße 18" ObjVorlage="1998-01-01 00:00:00.0" ObKeinKontakt="2" ObjArtID="5" Merkmal="0.0" ObjInfo="( Reese, s.o. )"/>
  <Objekte ObjID="256" ObjAufnahme="1997-04-04" ObjLetztKontakt="1997-04-04" ObjStrasseID="6314" ObjHausnummer="Eichstraße 19" ObjVorlage="1998-01-01 00:00:00.0" ObKeinKontakt="2" ObjArtID="5" Merkmal="0.0" ObjInfo="( Verband der Bauindustrie Niedersachsen )"/>
  <Objekte ObjID="257" ObjAufnahme="1997-04-04" ObjLetztKontakt="1997-04-04" ObjStrasseID="6314" ObjHausnummer="Eichstraße 20" ObjVorlage="1998-01-01 00:00:00.0" ObKeinKontakt="2" ObjArtID="5" Merkmal="0.0" ObjInfo="( Dr. J. Mellmann )"/>
  <Objekte ObjID="258" ObjAufnahme="1997-04-04" ObjLetztKontakt="1997-04-04" ObjStrasseID="6314" ObjHausnummer="Eichstraße 21" ObjVorlage="1998-01-01 00:00:00.0" ObKeinKontakt="2" ObjArtID="5" Merkmal="0.0" ObjInfo="( Dorothea Sorsche, Casamaplatz, Berlin )"/>
  <Objekte ObjID="259" ObjAufnahme="1997-04-04" ObjLetztKontakt="1997-04-04" ObjStrasseID="6314" ObjHausnummer="Eichstraße 22" ObjVorlage="1998-01-01 00:00:00.0" ObKeinKontakt="2" ObjArtID="5" Merkmal="0.0" ObjInfo="( H. Weber, s.o. )"/>
  <Objekte ObjID="260" ObjAufnahme="1997-04-04" ObjLetztKontakt="1997-04-04" ObjStrasseID="6314" ObjHausnummer="Eichstraße 23" ObjVorlage="1998-01-01 00:00:00.0" ObKeinKontakt="2" ObjArtID="5" Merkmal="0.0" ObjInfo="( P.H. Rackelmann )"/>
  <Objekte ObjID="261" ObjAufnahme="1997-04-04" ObjLetztKontakt="1997-04-04" ObjStrasseID="6314" ObjHausnummer="Eichstraße 24" ObjVorlage="1998-01-01 00:00:00.0" ObKeinKontakt="2" ObjArtID="5" Merkmal="0.0" ObjInfo="( F. Siemens )"/>
  <Objekte ObjID="262" ObjAufnahme="1997-04-04" ObjLetztKontakt="1997-04-04" ObjStrasseID="6314" ObjHausnummer="Eichstraße 25" ObjVorlage="1998-01-01 00:00:00.0" ObKeinKontakt="2" ObjArtID="5" Merkmal="0.0" ObjInfo="( P.H. Rackelmann )"/>
  <Objekte ObjID="263" ObjAufnahme="1997-04-04" ObjLetztKontakt="1997-04-04" ObjStrasseID="6314" ObjHausnummer="Eichstraße 26" ObjVorlage="1998-01-01 00:00:00.0" ObKeinKontakt="2" ObjArtID="5" Merkmal="0.0" ObjInfo="( Erika Hupe, Mainzer Str. 21 )"/>
  <Objekte ObjID="264" ObjAufnahme="1997-04-04" ObjLetztKontakt="1997-04-04" ObjStrasseID="6314" ObjHausnummer="Eichstraße 27" ObjVorlage="1998-01-01 00:00:00.0" ObKeinKontakt="2" ObjArtID="5" Merkmal="0.0" ObjInfo="( Wilhelm König )"/>
  <Objekte ObjID="265" ObjAufnahme="1997-04-04" ObjLetztKontakt="1997-04-04" ObjStrasseID="6314" ObjHausnummer="Eichstraße 28" ObjVorlage="1998-01-01 00:00:00.0" ObKeinKontakt="2" ObjArtID="5" Merkmal="0.0" ObjInfo="( A. Neumann, Hanebuthwinkel 9 )"/>
  <Objekte ObjID="266" ObjAufnahme="1997-04-05" ObjLetztKontakt="1997-04-05" ObjStrasseID="6314" ObjHausnummer="Eichstraße 29" ObjVorlage="1998-01-01 00:00:00.0" ObKeinKontakt="2" ObjArtID="5" Merkmal="0.0" ObjInfo="( K.H. Kupffender )"/>
  <Objekte ObjID="267" ObjAufnahme="1997-04-04" ObjLetztKontakt="1997-04-04" ObjStrasseID="6314" ObjHausnummer="Eichstraße 30" ObjVorlage="1998-01-01 00:00:00.0" ObKeinKontakt="2" ObjArtID="5" Merkmal="0.0" ObjInfo="( Lieselotte Bruns, Ingeborg Pietz )"/>
  <Objekte ObjID="268" ObjAufnahme="1997-04-04" ObjLetztKontakt="1997-04-04" ObjStrasseID="6314" ObjHausnummer="Eichstraße 31" ObjVorlage="1998-01-01 00:00:00.0" ObKeinKontakt="2" ObjArtID="5" Merkmal="0.0" ObjInfo="( J. Schütz )"/>
  <Objekte ObjID="269" ObjAufnahme="1997-04-04" ObjLetztKontakt="1997-04-04" ObjStrasseID="6314" ObjHausnummer="Eichstraße 32" ObjVorlage="1998-01-01 00:00:00.0" ObKeinKontakt="2" ObjArtID="5" Merkmal="0.0" ObjInfo="( G. Safke )"/>
  <Objekte ObjID="270" ObjAufnahme="1997-04-04" ObjLetztKontakt="1997-04-04" ObjStrasseID="6314" ObjHausnummer="Eichstraße 33" ObjVorlage="1998-01-01 00:00:00.0" ObKeinKontakt="1" ObjArtID="1" Merkmal="0.0" ObjInfo="Das Objekt wurde an Gundlach verkauft"/>
  <Objekte ObjID="271" ObjAufnahme="1997-04-04" ObjLetztKontakt="1997-04-04" ObjStrasseID="6314" ObjHausnummer="Eichstraße 34" ObjVorlage="1998-01-01 00:00:00.0" ObKeinKontakt="2" ObjArtID="5" Merkmal="0.0" ObjInfo="( G. Tietje, Altenhägener Kirchweg 4. Celle )"/>
  <Objekte ObjID="272" ObjAufnahme="1997-04-04" ObjLetztKontakt="1997-04-04" ObjStrasseID="6314" ObjHausnummer="Eichstraße 35" ObjVorlage="1998-01-01 00:00:00.0" ObKeinKontakt="2" ObjArtID="5" Merkmal="0.0" ObjInfo="( Gundlach )"/>
  <Objekte ObjID="273" ObjAufnahme="1997-04-04" ObjLetztKontakt="1997-04-04" ObjStrasseID="6314" ObjHausnummer="Eichstraße 36" ObjVorlage="1998-01-01 00:00:00.0" ObKeinKontakt="2" ObjArtID="5" Merkmal="0.0" ObjInfo="( Eigentumswohnungen )"/>
  <Objekte ObjID="274" ObjAufnahme="1997-04-04" ObjLetztKontakt="1997-04-04" ObjStrasseID="6314" ObjHausnummer="Eichstraße 37" ObjVorlage="1998-01-01 00:00:00.0" ObKeinKontakt="2" ObjArtID="5" Merkmal="0.0" ObjInfo="( Gerda Kopp )"/>
  <Objekte ObjID="275" ObjAufnahme="1997-04-04" ObjLetztKontakt="1997-04-04" ObjStrasseID="6314" ObjHausnummer="Eichstraße 38" ObjVorlage="1998-01-01 00:00:00.0" ObKeinKontakt="2" ObjArtID="5" Merkmal="0.0" ObjInfo="( Ingeborg Lübnitz )"/>
  <Objekte ObjID="276" ObjAufnahme="1997-04-04" ObjLetztKontakt="1997-04-04" ObjStrasseID="6314" ObjHausnummer="Eichstraße 39" ObjVorlage="1998-01-01 00:00:00.0" ObKeinKontakt="2" ObjArtID="5" Merkmal="0.0" ObjInfo="( Prof. Dr. W. Schulz )"/>
  <Objekte ObjID="277" ObjAufnahme="1997-04-04" ObjLetztKontakt="1997-04-04" ObjStrasseID="6314" ObjHausnummer="Eichstraße 40" ObjVorlage="1998-01-01 00:00:00.0" ObKeinKontakt="2" ObjArtID="5" Merkmal="0.0" ObjInfo="( E. Witthof )"/>
  <Objekte ObjID="278" ObjAufnahme="1997-04-04" ObjLetztKontakt="1997-04-04" ObjStrasseID="6314" ObjHausnummer="Eichstraße 41" ObjVorlage="1998-01-01 00:00:00.0" ObKeinKontakt="2" ObjArtID="5" Merkmal="0.0" ObjInfo="( Westrehold Vertriebs KG )"/>
  <Objekte ObjID="279" ObjAufnahme="1997-04-04" ObjLetztKontakt="1997-04-04" ObjStrasseID="6314" ObjHausnummer="Eichstraße 42" ObjVorlage="1998-01-01 00:00:00.0" ObKeinKontakt="2" ObjArtID="5" Merkmal="0.0" ObjInfo="( E. Thies )"/>
  <Objekte ObjID="280" ObjAufnahme="1997-04-04" ObjLetztKontakt="1997-04-04" ObjStrasseID="6314" ObjHausnummer="Eichstraße 43" ObjVorlage="1998-01-01 00:00:00.0" ObKeinKontakt="2" ObjArtID="5" Merkmal="0.0" ObjInfo="( Dagmar Hennecke )"/>
  <Objekte ObjID="281" ObjAufnahme="1997-04-04" ObjLetztKontakt="1997-04-04" ObjStrasseID="6314" ObjHausnummer="Eichstraße 44" ObjVorlage="1998-01-01 00:00:00.0" ObKeinKontakt="2" ObjArtID="5" Merkmal="0.0" ObjInfo="( H. Kassing, Bad Pyrmont )"/>
  <Objekte ObjID="282" ObjAufnahme="1997-04-04" ObjLetztKontakt="1997-04-04" ObjStrasseID="6314" ObjHausnummer="Eichstraße 45" ObjVorlage="1998-01-01 00:00:00.0" ObKeinKontakt="3" ObjArtID="5" Merkmal="0.0" ObjInfo="( S. Kleineheisemann )"/>
  <Objekte ObjID="283" ObjAufnahme="1997-04-04" ObjLetztKontakt="1997-04-04" ObjStrasseID="6314" ObjHausnummer="Eichstraße 46" ObjVorlage="1998-01-01 00:00:00.0" ObKeinKontakt="2" ObjArtID="5" Merkmal="0.0" ObjInfo="( Frau W, Tögel Anger Str. 2)"/>
  <Objekte ObjID="284" ObjAufnahme="1997-04-04" ObjLetztKontakt="1997-04-04" ObjStrasseID="6314" ObjHausnummer="Eichstraße 47" ObjVorlage="1998-01-01 00:00:00.0" ObKeinKontakt="2" ObjArtID="5" Merkmal="0.0" ObjInfo="( ( M. Krämer )"/>
  <Objekte ObjID="287" ObjAufnahme="1997-04-04" ObjLetztKontakt="1997-04-04" ObjStrasseID="6314" ObjHausnummer="Eichstraße 50" ObjVorlage="1998-01-01 00:00:00.0" ObKeinKontakt="2" ObjArtID="5" Merkmal="0.0" ObjInfo="( G. Czyborra )"/>
  <Objekte ObjID="288" ObjAufnahme="1997-04-04" ObjLetztKontakt="1997-04-04" ObjStrasseID="6314" ObjHausnummer="Eichstraße 51" ObjVorlage="1998-01-01 00:00:00.0" ObKeinKontakt="2" ObjArtID="177" Merkmal="0.0"/>
  <Objekte ObjID="289" ObjAufnahme="1997-04-04" ObjLetztKontakt="1997-04-04" ObjStrasseID="6314" ObjHausnummer="Eichstraße 52" ObjVorlage="1998-01-01 00:00:00.0" ObKeinKontakt="2" ObjArtID="5" Merkmal="0.0" ObjInfo="( J. Behrens, Auf dem Lärcenberg 146 )"/>
  <Objekte ObjID="290" ObjAufnahme="1997-04-04" ObjLetztKontakt="1997-04-04" ObjStrasseID="6314" ObjHausnummer="Eichstraße 53" ObjVorlage="1998-01-01 00:00:00.0" ObKeinKontakt="2" ObjArtID="5" Merkmal="0.0" ObjInfo="( Versorgungsanstalt der Stadt Hannover )"/>
  <Objekte ObjID="291" ObjAufnahme="1997-04-04" ObjLetztKontakt="1997-04-04" ObjStrasseID="6314" ObjHausnummer="Eichstraße 54" ObjVorlage="1998-01-01 00:00:00.0" ObKeinKontakt="2" ObjArtID="5" Merkmal="0.0" ObjInfo="( Eigentumswohnungen )"/>
  <Objekte ObjID="292" ObjAufnahme="1997-04-04" ObjLetztKontakt="1997-04-04" ObjStrasseID="6314" ObjHausnummer="Eichstraße 55" ObjVorlage="1998-01-01 00:00:00.0" ObKeinKontakt="2" ObjArtID="5" Merkmal="0.0" ObjInfo="( Neubau Gundlach )"/>
  <Objekte ObjID="293" ObjAufnahme="1997-04-04" ObjLetztKontakt="1997-04-04" ObjStrasseID="6314" ObjHausnummer="Eichstraße 56" ObjVorlage="1998-01-01 00:00:00.0" ObKeinKontakt="2" ObjArtID="5" Merkmal="0.0" ObjInfo="( H. Behne )"/>
  <Objekte ObjID="294" ObjAufnahme="1997-04-04" ObjLetztKontakt="1997-04-04" ObjStrasseID="6314" ObjHausnummer="Eichstraße 57" ObjVorlage="1998-01-01 00:00:00.0" ObKeinKontakt="2" ObjArtID="5" Merkmal="0.0" ObjInfo="( Neubau Gundlach )"/>
  <Objekte ObjID="295" ObjAufnahme="1997-04-05" ObjLetztKontakt="1997-04-05" ObjStrasseID="6314" ObjHausnummer="Eichstraße 58" ObjVorlage="1998-01-01 00:00:00.0" ObKeinKontakt="2" ObjArtID="5" Merkmal="0.0" ObjInfo="( Wohnungsgenossenschaft Herrenhausen )"/>
  <Objekte ObjID="296" ObjAufnahme="1997-04-04" ObjLetztKontakt="1997-04-04" ObjStrasseID="6314" ObjHausnummer="Eichstraße 59" ObjVorlage="1998-01-01 00:00:00.0" ObKeinKontakt="2" ObjArtID="5" Merkmal="0.0" ObjInfo="( Gilde Brauerei )"/>
  <Objekte ObjID="297" ObjAufnahme="1997-04-04" ObjLetztKontakt="1997-04-04" ObjStrasseID="6314" ObjHausnummer="Eichstraße 60" ObjVorlage="1998-01-01 00:00:00.0" ObKeinKontakt="2" ObjArtID="5" Merkmal="0.0" ObjInfo="( Herr Klingebiel )"/>
  <Objekte ObjID="298" ObjAufnahme="1997-04-05" ObjLetztKontakt="1997-04-05" ObjStrasseID="6314" ObjHausnummer="Eichstraße 61" ObjVorlage="1998-01-01 00:00:00.0" ObKeinKontakt="2" ObjArtID="5" Merkmal="0.0" ObjInfo="( G. Priesemuth, Gr. Pfahlstr. 13 )"/>
  <Objekte ObjID="299" ObjAufnahme="1997-04-07" ObjLetztKontakt="1997-04-07" ObjStrasseID="8150" ObjHausnummer="Sedanstraße 37" ObjVorlage="2013-09-11 00:00:00.0" ObKeinKontakt="1" ObjArtID="5" Merkmal="0.0" ObjInfo="Behrens, Elke&#xD;Sedanstr. 37&#xD;30161 Hannover&#xD;0511-313246 Büsch, Stefan&#xD;Sedanstr. 37&#xD;30161 Hannover&#xD;0511-3884496 Carfora, Ursula&#xD;Sedanstr. 37&#xD;30161 Hannover&#xD;0511-315997 Eigentümer ist der Inhaber des Wurstbasars Hinsemann, Herr Hinsemann, Verwalter ist Lampe "/>
  <Objekte ObjID="300" ObjAufnahme="1997-04-07" ObjLetztKontakt="1999-06-03" ObjStrasseID="6588" ObjHausnummer="Goebenstraße 1" ObjVorlage="2013-09-11 00:00:00.0" ObKeinKontakt="5" ObjArtID="1" Merkmal="0.9999999999999999" ObjInfo="18WE/1910/0,120/1,6"/>
  <Objekte ObjID="301" ObjAufnahme="1997-04-07" ObjLetztKontakt="2000-09-20" ObjStrasseID="6588" ObjHausnummer="Goebenstraße 2" ObjVorlage="2013-09-11 00:00:00.0" ObKeinKontakt="1" ObjArtID="177" Merkmal="0.0"/>
  <Objekte ObjID="302" ObjAufnahme="1997-04-07" ObjLetztKontakt="1998-09-13" ObjStrasseID="6588" ObjHausnummer="Goebenstraße 3" ObjVorlage="2013-09-11 00:00:00.0" ObKeinKontakt="2" ObjArtID="5" Merkmal="0.0"/>
  <Objekte ObjID="303" ObjAufnahme="1997-04-07" ObjLetztKontakt="1999-07-08" ObjStrasseID="6588" ObjHausnummer="Goebenstraße 4" ObjVorlage="2013-09-11 00:00:00.0" ObKeinKontakt="2" ObjArtID="82" Merkmal="0.0" ObjInfo="19661\Blk."/>
  <Objekte ObjID="304" ObjAufnahme="1997-04-07" ObjLetztKontakt="1998-09-13" ObjStrasseID="6588" ObjHausnummer="Goebenstraße 5" ObjVorlage="2013-09-11 00:00:00.0" ObKeinKontakt="2" ObjArtID="5" Merkmal="0.0"/>
  <Objekte ObjID="305" ObjAufnahme="1997-04-07" ObjLetztKontakt="2000-09-20" ObjStrasseID="6588" ObjHausnummer="Goebenstraße 6" ObjVorlage="2013-09-11 00:00:00.0" ObKeinKontakt="1" ObjArtID="177" Merkmal="0.0"/>
  <Objekte ObjID="306" ObjAufnahme="1997-04-07" ObjLetztKontakt="1998-09-13" ObjStrasseID="6588" ObjHausnummer="Goebenstraße 9" ObjVorlage="2013-09-11 00:00:00.0" ObKeinKontakt="3" ObjArtID="5" Merkmal="0.0" ObjInfo="Nagel Immobilien Hausverwaltungs KG, Hauptstraße 72, 30916 Isernhagen, 0511/ 888555,"/>
  <Objekte ObjID="307" ObjAufnahme="1997-04-07" ObjLetztKontakt="1998-09-02" ObjStrasseID="6588" ObjHausnummer="Goebenstraße 10" ObjVorlage="2013-09-11 00:00:00.0" ObKeinKontakt="2" ObjArtID="5" Merkmal="0.0" ObjInfo="Firma Remmer KG, Lister Damm 14, 30163 Hannover,"/>
  <Objekte ObjID="308" ObjAufnahme="1997-04-07" ObjLetztKontakt="1998-09-13" ObjStrasseID="6588" ObjHausnummer="Goebenstraße 11" ObjVorlage="2013-09-11 00:00:00.0" ObKeinKontakt="2" ObjArtID="5" Merkmal="0.0" ObjInfo="Eheleute Maslowski, Bamberger Str. 31, Berlin, Herrr Karas Hausverwaltung,"/>
  <Objekte ObjID="309" ObjAufnahme="1997-04-07" ObjLetztKontakt="2000-09-20" ObjStrasseID="6588" ObjHausnummer="Goebenstraße 40" ObjVorlage="2013-09-11 00:00:00.0" ObKeinKontakt="1" ObjArtID="177" Merkmal="0.0" ObjInfo="Herrn Bierstedt, verwalter Coombs 775690"/>
  <Objekte ObjID="310" ObjAufnahme="1997-04-07" ObjLetztKontakt="2000-09-20" ObjStrasseID="6588" ObjHausnummer="Goebenstraße 41" ObjVorlage="2013-09-11 00:00:00.0" ObKeinKontakt="5" ObjArtID="177" Merkmal="0.0" ObjInfo="1.Zi Whg im 1.Stock 27m² 80.000,--,Dusche,WC,Spüle,Gasetagen,Teppich,Wintergarten,Frisch 04131-55808"/>
  <Objekte ObjID="311" ObjAufnahme="1997-04-07" ObjLetztKontakt="1998-09-13" ObjStrasseID="6588" ObjHausnummer="Goebenstraße 42" ObjVorlage="2013-09-11 00:00:00.0" ObKeinKontakt="2" ObjArtID="5" Merkmal="0.0" ObjInfo="Frau Wolters, Tel. 39 17 20,"/>
  <Objekte ObjID="312" ObjAufnahme="1997-04-07" ObjLetztKontakt="1998-09-13" ObjStrasseID="6588" ObjHausnummer="Goebenstraße 43" ObjVorlage="2013-09-11 00:00:00.0" ObKeinKontakt="2" ObjArtID="5" Merkmal="0.0" ObjInfo="Herr Droste, Marienstr. 22, 50825 Köln, Tel. 0221-508593,  ist übergegangen an Erbengemeinschaft"/>
  <Objekte ObjID="313" ObjAufnahme="1997-04-07" ObjLetztKontakt="1998-09-13" ObjStrasseID="6588" ObjHausnummer="Goebenstraße 44" ObjVorlage="2013-09-11 00:00:00.0" ObKeinKontakt="1" ObjArtID="5" Merkmal="0.0" ObjInfo="gehört eigentl. Mutter in Lüneburg Schillerstr. ?"/>
  <Objekte ObjID="314" ObjAufnahme="1997-04-07" ObjLetztKontakt="1998-09-13" ObjStrasseID="6588" ObjHausnummer="Goebenstraße 45" ObjVorlage="2013-09-11 00:00:00.0" ObKeinKontakt="2" ObjArtID="5" Merkmal="0.0" ObjInfo="Frau Jacobs, Hildesheimer Str. 201, 30519 Hannover,"/>
  <Objekte ObjID="321" ObjAufnahme="1997-04-07" ObjLetztKontakt="1997-04-07" ObjStrasseID="6589" ObjHausnummer="Goebenstraße 12" ObjVorlage="2013-09-11 00:00:00.0" ObKeinKontakt="1" ObjArtID="5" Merkmal="0.0" ObjInfo="Udo Collet, Tel. 62 42 42, Wilhelm Hering, Tel. 66 78 87, evtl. Herr Deiters, Hemmingen,"/>
  <Objekte ObjID="322" ObjAufnahme="1997-04-07" ObjLetztKontakt="1998-09-13" ObjStrasseID="6589" ObjHausnummer="Goebenstraße 13" ObjVorlage="2013-09-11 00:00:00.0" ObKeinKontakt="2" ObjArtID="5" Merkmal="0.0" ObjInfo="Herrn Helmut Schöpker, Neue Waldstr. 22, Thören, 05146/1559,"/>
  <Objekte ObjID="323" ObjAufnahme="1997-04-07" ObjLetztKontakt="1998-09-13" ObjStrasseID="6589" ObjHausnummer="Goebenstraße 14" ObjVorlage="2013-09-11 00:00:00.0" ObKeinKontakt="2" ObjArtID="5" Merkmal="0.0" ObjInfo="Frau Schönrock, Tel. 62 76 31,"/>
  <Objekte ObjID="324" ObjAufnahme="1997-04-07" ObjLetztKontakt="1998-09-13" ObjStrasseID="6589" ObjHausnummer="Goebenstraße 15" ObjVorlage="2013-09-11 00:00:00.0" ObKeinKontakt="2" ObjArtID="5" Merkmal="0.0"/>
  <Objekte ObjID="325" ObjAufnahme="1997-04-07" ObjLetztKontakt="1998-09-13" ObjStrasseID="6589" ObjHausnummer="Goebenstraße 16" ObjVorlage="2013-09-11 00:00:00.0" ObKeinKontakt="2" ObjArtID="5" Merkmal="0.0" ObjInfo="Frau Bartels, Tel. 66 81 36,"/>
  <Objekte ObjID="326" ObjAufnahme="1997-04-07" ObjLetztKontakt="2000-09-20" ObjStrasseID="6589" ObjHausnummer="Goebenstraße 17" ObjVorlage="2013-09-11 00:00:00.0" ObKeinKontakt="1" ObjArtID="177" Merkmal="0.0" ObjInfo="BauWo Grundstücksgesellschaft"/>
  <Objekte ObjID="327" ObjAufnahme="1997-04-07" ObjLetztKontakt="1997-04-07" ObjStrasseID="6589" ObjHausnummer="Goebenstraße 18" ObjVorlage="2013-09-11 00:00:00.0" ObKeinKontakt="1" ObjArtID="5" Merkmal="0.0" ObjInfo="Eigentümergemeinschaft,Verwaltung: Herr G. Busse."/>
  <Objekte ObjID="328" ObjAufnahme="1997-04-07" ObjLetztKontakt="1997-04-07" ObjStrasseID="6589" ObjHausnummer="Goebenstraße 19" ObjVorlage="2013-09-11 00:00:00.0" ObKeinKontakt="1" ObjArtID="5" Merkmal="0.0"/>
  <Objekte ObjID="329" ObjAufnahme="1997-04-07" ObjLetztKontakt="2000-09-20" ObjStrasseID="6589" ObjHausnummer="Goebenstraße 20" ObjVorlage="2013-09-11 00:00:00.0" ObKeinKontakt="1" ObjArtID="177" Merkmal="0.0"/>
  <Objekte ObjID="330" ObjAufnahme="1997-04-07" ObjLetztKontakt="1998-09-13" ObjStrasseID="6589" ObjHausnummer="Goebenstraße 21" ObjVorlage="2013-09-11 00:00:00.0" ObKeinKontakt="5" ObjArtID="5" Merkmal="0.0" ObjInfo="will für 3,5 ;io DM verkaufen 775 m² je eine Wohung 69 m² und 86 ² mal 5 10 DM/m²"/>
  <Objekte ObjID="331" ObjAufnahme="1997-04-07" ObjLetztKontakt="1997-04-07" ObjStrasseID="6589" ObjHausnummer="Goebenstraße 29" ObjVorlage="2013-09-11 00:00:00.0" ObKeinKontakt="1" ObjArtID="5" Merkmal="0.0" ObjInfo="Prof. Dr. Schultz 9886593"/>
  <Objekte ObjID="332" ObjAufnahme="1997-04-07" ObjLetztKontakt="1998-09-13" ObjStrasseID="6589" ObjHausnummer="Goebenstraße 30" ObjVorlage="2013-09-11 00:00:00.0" ObKeinKontakt="2" ObjArtID="5" Merkmal="0.0"/>
  <Objekte ObjID="333" ObjAufnahme="1997-04-07" ObjLetztKontakt="1997-04-07" ObjStrasseID="6589" ObjHausnummer="Goebenstraße 31" ObjVorlage="2013-09-11 00:00:00.0" ObKeinKontakt="1" ObjArtID="5" Merkmal="0.0"/>
  <Objekte ObjID="334" ObjAufnahme="1997-04-07" ObjLetztKontakt="1997-04-07" ObjStrasseID="6589" ObjHausnummer="Goebenstraße 31A" ObjVorlage="2013-09-11 00:00:00.0" ObKeinKontakt="1" ObjArtID="5" Merkmal="0.0"/>
  <Objekte ObjID="335" ObjAufnahme="1997-04-07" ObjLetztKontakt="1998-09-13" ObjStrasseID="6589" ObjHausnummer="Goebenstraße 32" ObjVorlage="2013-09-11 00:00:00.0" ObKeinKontakt="2" ObjArtID="5" Merkmal="0.0" ObjInfo="Frau Dr. Hermerding, Tel. 66 71 32, hat Sohn, verkauft nicht,"/>
  <Objekte ObjID="336" ObjAufnahme="1997-04-07" ObjLetztKontakt="1998-09-13" ObjStrasseID="6589" ObjHausnummer="Goebenstraße 33" ObjVorlage="2013-09-11 00:00:00.0" ObKeinKontakt="7" ObjArtID="5" Merkmal="0.0" ObjInfo="Herrn Wolfgang Weber, Gothaer Str. 65, 30179 Hannover, Tel. 63 39 29,"/>
  <Objekte ObjID="337" ObjAufnahme="1997-04-07" ObjLetztKontakt="1998-09-13" ObjStrasseID="6589" ObjHausnummer="Goebenstraße 34" ObjVorlage="2013-09-11 00:00:00.0" ObKeinKontakt="2" ObjArtID="1" Merkmal="0.0" ObjInfo="15 Wohnungen JNM 135000 1040 m² 2,3 Mio DM"/>
  <Objekte ObjID="338" ObjAufnahme="1997-04-07" ObjLetztKontakt="1997-04-07" ObjStrasseID="6589" ObjHausnummer="Goebenstraße 35" ObjVorlage="2013-09-11 00:00:00.0" ObKeinKontakt="2" ObjArtID="5" Merkmal="0.0" ObjInfo="Herrn Hopps , Tel. 66 62 35,"/>
  <Objekte ObjID="339" ObjAufnahme="1997-04-07" ObjLetztKontakt="1998-09-13" ObjStrasseID="6589" ObjHausnummer="Goebenstraße 36" ObjVorlage="2013-09-11 00:00:00.0" ObKeinKontakt="2" ObjArtID="5" Merkmal="0.0"/>
  <Objekte ObjID="340" ObjAufnahme="1997-04-07" ObjLetztKontakt="1998-09-13" ObjStrasseID="6589" ObjHausnummer="Goebenstraße 37" ObjVorlage="2013-09-11 00:00:00.0" ObKeinKontakt="1" ObjArtID="5" Merkmal="0.0" ObjInfo=" vielleicht auch Eggers W., Tollenbrink 24, 30659 Hannover, 0511-648425"/>
  <Objekte ObjID="341" ObjAufnahme="1997-04-07" ObjLetztKontakt="1998-09-13" ObjStrasseID="6589" ObjHausnummer="Goebenstraße 38" ObjVorlage="2013-09-11 00:00:00.0" ObKeinKontakt="2" ObjArtID="5" Merkmal="0.0" ObjInfo="gehört dem Vater"/>
  <Objekte ObjID="342" ObjAufnahme="1997-04-07" ObjLetztKontakt="1998-09-13" ObjStrasseID="6588" ObjHausnummer="Goebenstraße 39" ObjVorlage="2013-09-11 00:00:00.0" ObKeinKontakt="2" ObjArtID="5" Merkmal="0.0" ObjInfo="Frau Bergmann, Tel. 39 32 44,"/>
  <Objekte ObjID="349" ObjAufnahme="1997-04-07" ObjLetztKontakt="1997-04-07" ObjStrasseID="6584" ObjHausnummer="Göbelstraße 13" ObjVorlage="2013-09-11 00:00:00.0" ObKeinKontakt="1" ObjArtID="160" Merkmal="0.0" ObjInfo="31085\Westterrasse Fahrst./Mais."/>
  <Objekte ObjID="350" ObjAufnahme="1997-04-07" ObjLetztKontakt="1997-04-07" ObjStrasseID="6584" ObjHausnummer="Göbelstraße 14" ObjVorlage="2013-09-11 00:00:00.0" ObKeinKontakt="1" ObjArtID="5" Merkmal="0.0"/>
  <Objekte ObjID="351" ObjAufnahme="1997-04-07" ObjLetztKontakt="1997-04-07" ObjStrasseID="6584" ObjHausnummer="Göbelstraße 15" ObjVorlage="2013-09-11 00:00:00.0" ObKeinKontakt="1" ObjArtID="5" Merkmal="0.0" ObjInfo="Feltung, Tel. 66 17 66, Mieter"/>
  <Objekte ObjID="353" ObjAufnahme="1997-04-07" ObjLetztKontakt="1997-04-07" ObjStrasseID="6584" ObjHausnummer="Göbelstraße 17" ObjVorlage="2013-09-11 00:00:00.0" ObKeinKontakt="1" ObjArtID="5" Merkmal="0.0" ObjInfo="Schiergott, Tel. 62 25 54"/>
  <Objekte ObjID="355" ObjAufnahme="1997-04-07" ObjLetztKontakt="1997-04-07" ObjStrasseID="6584" ObjHausnummer="Göbelstraße 19" ObjVorlage="2013-09-11 00:00:00.0" ObKeinKontakt="1" ObjArtID="5" Merkmal="0.0" ObjInfo="Herr Schmidt, Tel. 62  93 02 im Hause"/>
  <Objekte ObjID="357" ObjAufnahme="1997-04-07" ObjLetztKontakt="1997-04-07" ObjStrasseID="6584" ObjHausnummer="Göbelstraße 21" ObjVorlage="2013-09-11 00:00:00.0" ObKeinKontakt="1" ObjArtID="5" Merkmal="0.0" ObjInfo="Tönnies, Tel. 66 82 71"/>
  <Objekte ObjID="360" ObjAufnahme="1997-04-07" ObjLetztKontakt="1997-04-07" ObjStrasseID="6584" ObjHausnummer="Göbelstraße 25" ObjVorlage="2013-09-11 00:00:00.0" ObKeinKontakt="1" ObjArtID="5" Merkmal="0.0"/>
  <Objekte ObjID="361" ObjAufnahme="1997-04-07" ObjLetztKontakt="1997-04-07" ObjStrasseID="6584" ObjHausnummer="Göbelstraße 26" ObjVorlage="2013-09-11 00:00:00.0" ObKeinKontakt="6" ObjArtID="5" Merkmal="0.0"/>
  <Objekte ObjID="362" ObjAufnahme="1997-04-07" ObjLetztKontakt="1997-04-07" ObjStrasseID="6584" ObjHausnummer="Göbelstraße 30" ObjVorlage="2013-09-11 00:00:00.0" ObKeinKontakt="1" ObjArtID="5" Merkmal="0.0"/>
  <Objekte ObjID="365" ObjAufnahme="1997-04-07" ObjLetztKontakt="1997-04-07" ObjStrasseID="6584" ObjHausnummer="Göbelstraße 3" ObjVorlage="2013-09-11 00:00:00.0" ObKeinKontakt="1" ObjArtID="5" Merkmal="0.0" ObjInfo="Herrn Bunwiesch, Stade, Eigentümer"/>
  <Objekte ObjID="368" ObjAufnahme="1997-04-07" ObjLetztKontakt="1997-04-07" ObjStrasseID="6584" ObjHausnummer="Göbelstraße 7" ObjVorlage="2013-09-11 00:00:00.0" ObKeinKontakt="1" ObjArtID="5" Merkmal="0.0" ObjInfo="Herrn K.-H. Schirmer, Karmarschstr., 30159 Hannover"/>
  <Objekte ObjID="369" ObjAufnahme="1997-04-07" ObjLetztKontakt="1997-04-07" ObjStrasseID="6584" ObjHausnummer="Göbelstraße 9" ObjVorlage="2013-09-11 00:00:00.0" ObKeinKontakt="5" ObjArtID="1" Merkmal="0.0" ObjInfo="Herrn Holmeier, Rinteln, Mieter: Eppers, Tel. 66 11 55"/>
  <Objekte ObjID="371" ObjAufnahme="1997-04-07" ObjLetztKontakt="1997-04-07" ObjStrasseID="6584" ObjHausnummer="Göbelstraße 11" ObjVorlage="2013-09-11 00:00:00.0" ObKeinKontakt="1" ObjArtID="5" Merkmal="0.0" ObjInfo="Martin, Tel. 66 88 94"/>
  <Objekte ObjID="372" ObjAufnahme="1997-04-07" ObjLetztKontakt="1997-04-07" ObjStrasseID="6594" ObjHausnummer="Göhrdestraße 2" ObjVorlage="2013-09-11 00:00:00.0" ObKeinKontakt="1" ObjArtID="5" Merkmal="0.0" ObjInfo="Frau Maria Lotze, Ellernstraße 11, 30175 Hannover, Mieter:Asiedu-Asomah Joseph, Göhrdestr. 2, 30161 Hannover, 0511-316091&#xD;&#xA;Bolldorf Bärbel, Göhrdestr. 2, 30161 Hannover, 0511-345613&#xD;&#xA;Engelke Theo, Göhrdestr. 2, 30161 Hannover, 0511-318920&#xD;&#xA;Kirchen, relig. &#xD;&#xA;373"/>
  <Objekte ObjID="385" ObjAufnahme="1997-04-07" ObjLetztKontakt="1997-04-07" ObjStrasseID="7927" ObjHausnummer="Rolandstraße 4" ObjVorlage="2013-09-11 00:00:00.0" ObKeinKontakt="1" ObjArtID="5" Merkmal="0.0" ObjInfo=" Mieter:Bennickendorf Katja, Rolandstr. 4, 30161 Hannover, 0511-3880560&#xD;&#xA;Benter Daniel-Dirk, Rolandstr. 4, 30161 Hannover, 0511-345944&#xD;&#xA;Germershausen Christiane, Rolandstr. 4, 30161 Hannover, 0511-3482492&#xD;&#xA;Kluw Jens, Rolandstr. 4, 30161 Hannover, 0511-3885&#xD;&#xA;386"/>
  <Objekte ObjID="388" ObjAufnahme="1997-04-07" ObjLetztKontakt="1998-09-15" ObjStrasseID="6613" ObjHausnummer="Grabbestraße 3" ObjVorlage="2013-09-11 00:00:00.0" ObKeinKontakt="2" ObjArtID="5" Merkmal="0.0"/>
  <Objekte ObjID="389" ObjAufnahme="1997-04-07" ObjLetztKontakt="1997-04-07" ObjStrasseID="6613" ObjHausnummer="Grabbestraße 4" ObjVorlage="2013-09-11 00:00:00.0" ObKeinKontakt="2" ObjArtID="177" Merkmal="0.0" ObjInfo="Herrn Bellermann, Tel. 3520 166"/>
  <Objekte ObjID="390" ObjAufnahme="1997-04-07" ObjLetztKontakt="1998-09-15" ObjStrasseID="6613" ObjHausnummer="Grabbestraße 5" ObjVorlage="2013-09-11 00:00:00.0" ObKeinKontakt="1" ObjArtID="5" Merkmal="0.0"/>
  <Objekte ObjID="391" ObjAufnahme="1997-04-07" ObjLetztKontakt="1997-04-07" ObjStrasseID="6613" ObjHausnummer="Grabbestraße 6" ObjVorlage="2013-09-11 00:00:00.0" ObKeinKontakt="2" ObjArtID="177" Merkmal="0.0" ObjInfo="Frau Gertrud Lochte, Tel. 352 09 33"/>
  <Objekte ObjID="392" ObjAufnahme="1997-04-07" ObjLetztKontakt="1998-09-15" ObjStrasseID="6613" ObjHausnummer="Grabbestraße 7" ObjVorlage="2013-09-11 00:00:00.0" ObKeinKontakt="1" ObjArtID="5" Merkmal="0.0"/>
  <Objekte ObjID="393" ObjAufnahme="1997-04-07" ObjLetztKontakt="1997-04-07" ObjStrasseID="6613" ObjHausnummer="Grabbestraße 8" ObjVorlage="2013-09-11 00:00:00.0" ObKeinKontakt="1" ObjArtID="5" Merkmal="0.0" ObjInfo="Frau Schitke, Neustadt 05071-1597"/>
  <Objekte ObjID="394" ObjAufnahme="1997-04-07" ObjLetztKontakt="1997-04-07" ObjStrasseID="6613" ObjHausnummer="Grabbestraße 9" ObjVorlage="2013-09-11 00:00:00.0" ObKeinKontakt="1" ObjArtID="5" Merkmal="0.0"/>
  <Objekte ObjID="395" ObjAufnahme="1997-04-07" ObjLetztKontakt="1997-04-07" ObjStrasseID="6613" ObjHausnummer="Grabbestraße 10" ObjVorlage="2013-09-11 00:00:00.0" ObKeinKontakt="1" ObjArtID="5" Merkmal="0.0"/>
  <Objekte ObjID="396" ObjAufnahme="1997-04-07" ObjLetztKontakt="1997-04-07" ObjStrasseID="6613" ObjHausnummer="Grabbestraße 11" ObjVorlage="2013-09-11 00:00:00.0" ObKeinKontakt="1" ObjArtID="5" Merkmal="0.0"/>
  <Objekte ObjID="397" ObjAufnahme="1997-04-07" ObjLetztKontakt="1997-04-07" ObjStrasseID="6613" ObjHausnummer="Grabbestraße 12" ObjVorlage="2013-09-11 00:00:00.0" ObKeinKontakt="1" ObjArtID="5" Merkmal="0.0" ObjInfo="Eschemann tel. 836083&#xD;&#xA;oder Eckermann"/>
  <Objekte ObjID="398" ObjAufnahme="1997-04-07" ObjLetztKontakt="1997-04-07" ObjStrasseID="6613" ObjHausnummer="Grabbestraße 13" ObjVorlage="2013-09-11 00:00:00.0" ObKeinKontakt="1" ObjArtID="5" Merkmal="0.0"/>
  <Objekte ObjID="399" ObjAufnahme="1997-04-07" ObjLetztKontakt="1997-04-07" ObjStrasseID="6613" ObjHausnummer="Grabbestraße 14" ObjVorlage="2013-09-11 00:00:00.0" ObKeinKontakt="1" ObjArtID="5" Merkmal="0.0"/>
  <Objekte ObjID="400" ObjAufnahme="1997-04-07" ObjLetztKontakt="1998-10-29" ObjStrasseID="6613" ObjHausnummer="Grabbestraße 15" ObjVorlage="2013-09-11 00:00:00.0" ObKeinKontakt="2" ObjArtID="5" Merkmal="0.0"/>
  <Objekte ObjID="401" ObjAufnahme="1997-04-07" ObjLetztKontakt="1997-04-07" ObjStrasseID="6613" ObjHausnummer="Grabbestraße 16" ObjVorlage="2013-09-11 00:00:00.0" ObKeinKontakt="1" ObjArtID="5" Merkmal="0.0"/>
  <Objekte ObjID="402" ObjAufnahme="1997-04-07" ObjLetztKontakt="1998-10-29" ObjStrasseID="6613" ObjHausnummer="Grabbestraße 17" ObjVorlage="2013-09-11 00:00:00.0" ObKeinKontakt="2" ObjArtID="5" Merkmal="0.0"/>
  <Objekte ObjID="403" ObjAufnahme="1997-04-07" ObjLetztKontakt="1998-10-29" ObjStrasseID="6613" ObjHausnummer="Grabbestraße 18" ObjVorlage="2013-09-11 00:00:00.0" ObKeinKontakt="2" ObjArtID="5" Merkmal="0.0"/>
  <Objekte ObjID="404" ObjAufnahme="1997-04-07" ObjLetztKontakt="1998-10-29" ObjStrasseID="6613" ObjHausnummer="Grabbestraße 20" ObjVorlage="2013-09-11 00:00:00.0" ObKeinKontakt="2" ObjArtID="5" Merkmal="0.0"/>
  <Objekte ObjID="405" ObjAufnahme="1997-04-07" ObjLetztKontakt="1998-10-29" ObjStrasseID="6613" ObjHausnummer="Grabbestraße 22" ObjVorlage="2013-09-11 00:00:00.0" ObKeinKontakt="2" ObjArtID="5" Merkmal="0.0"/>
  <Objekte ObjID="406" ObjAufnahme="1997-04-07" ObjLetztKontakt="1997-04-07" ObjStrasseID="6613" ObjHausnummer="Grabbestraße 24" ObjVorlage="2013-09-11 00:00:00.0" ObKeinKontakt="1" ObjArtID="5" Merkmal="0.0"/>
  <Objekte ObjID="407" ObjAufnahme="1997-04-07" ObjLetztKontakt="1998-10-29" ObjStrasseID="6613" ObjHausnummer="Grabbestraße 25" ObjVorlage="2013-09-11 00:00:00.0" ObKeinKontakt="2" ObjArtID="5" Merkmal="0.0"/>
  <Objekte ObjID="408" ObjAufnahme="1997-04-07" ObjLetztKontakt="1997-04-07" ObjStrasseID="6613" ObjHausnummer="Grabbestraße 26" ObjVorlage="2013-09-11 00:00:00.0" ObKeinKontakt="1" ObjArtID="5" Merkmal="0.0"/>
  <Objekte ObjID="409" ObjAufnahme="1997-04-07" ObjLetztKontakt="1998-10-29" ObjStrasseID="6613" ObjHausnummer="Grabbestraße 27" ObjVorlage="2013-09-11 00:00:00.0" ObKeinKontakt="2" ObjArtID="5" Merkmal="0.0"/>
  <Objekte ObjID="410" ObjAufnahme="1997-04-07" ObjLetztKontakt="1997-04-07" ObjStrasseID="6613" ObjHausnummer="Grabbestraße 28" ObjVorlage="2013-09-11 00:00:00.0" ObKeinKontakt="1" ObjArtID="5" Merkmal="0.0"/>
  <Objekte ObjID="411" ObjAufnahme="1997-04-07" ObjLetztKontakt="1997-04-07" ObjStrasseID="6613" ObjHausnummer="Grabbestraße 29" ObjVorlage="2013-09-11 00:00:00.0" ObKeinKontakt="1" ObjArtID="5" Merkmal="0.0"/>
  <Objekte ObjID="412" ObjAufnahme="1997-04-07" ObjLetztKontakt="1997-04-07" ObjStrasseID="6613" ObjHausnummer="Grabbestraße 30" ObjVorlage="2013-09-11 00:00:00.0" ObKeinKontakt="1" ObjArtID="5" Merkmal="0.0"/>
  <Objekte ObjID="413" ObjAufnahme="1997-04-07" ObjLetztKontakt="1997-04-07" ObjStrasseID="6613" ObjHausnummer="Grabbestraße 31" ObjVorlage="2013-09-11 00:00:00.0" ObKeinKontakt="1" ObjArtID="5" Merkmal="0.0"/>
  <Objekte ObjID="414" ObjAufnahme="1997-04-07" ObjLetztKontakt="1997-04-07" ObjStrasseID="6613" ObjHausnummer="Grabbestraße 32" ObjVorlage="2013-09-11 00:00:00.0" ObKeinKontakt="1" ObjArtID="5" Merkmal="0.0"/>
  <Objekte ObjID="415" ObjAufnahme="1997-04-07" ObjLetztKontakt="1997-04-07" ObjStrasseID="6613" ObjHausnummer="Grabbestraße 33" ObjVorlage="2013-09-11 00:00:00.0" ObKeinKontakt="1" ObjArtID="5" Merkmal="0.0"/>
  <Objekte ObjID="420" ObjAufnahme="1997-04-07" ObjLetztKontakt="1998-09-13" ObjStrasseID="6636" ObjHausnummer="Gretchenstraße 4" ObjVorlage="2013-09-11 00:00:00.0" ObKeinKontakt="2" ObjArtID="5" Merkmal="0.0" ObjInfo="Pagel, H. Jakobistr. 23, 31 41 20 Hat Pläne für Aufstockung aber kein Geld"/>
  <Objekte ObjID="421" ObjAufnahme="1997-04-07" ObjLetztKontakt="1998-09-13" ObjStrasseID="6636" ObjHausnummer="Gretchenstraße 7" ObjVorlage="2013-09-11 00:00:00.0" ObKeinKontakt="2" ObjArtID="5" Merkmal="0.0"/>
  <Objekte ObjID="422" ObjAufnahme="1997-04-07" ObjLetztKontakt="1999-01-13" ObjStrasseID="6636" ObjHausnummer="Gretchenstraße 8" ObjVorlage="1998-10-24 00:00:00.0" ObKeinKontakt="3" ObjArtID="5" Merkmal="0.0" ObjInfo="hausmeister Herr Tannemann 0513779229 möchte angeschrieben werden"/>
  <Objekte ObjID="423" ObjAufnahme="1997-04-07" ObjLetztKontakt="1998-09-13" ObjStrasseID="6636" ObjHausnummer="Gretchenstraße 9A" ObjVorlage="2013-09-11 00:00:00.0" ObKeinKontakt="1" ObjArtID="5" Merkmal="0.0" ObjInfo="Ecke Lister Meile"/>
  <Objekte ObjID="424" ObjAufnahme="1997-04-07" ObjLetztKontakt="1999-05-30" ObjStrasseID="6636" ObjHausnummer="Gretchenstraße 9" ObjVorlage="2013-09-11 00:00:00.0" ObKeinKontakt="2" ObjArtID="5" Merkmal="0.0" ObjInfo="Cerado  Magnanelli, kleine Wohnungen"/>
  <Objekte ObjID="426" ObjAufnahme="1997-04-07" ObjLetztKontakt="1998-09-13" ObjStrasseID="6636" ObjHausnummer="Gretchenstraße 10" ObjVorlage="2013-09-11 00:00:00.0" ObKeinKontakt="2" ObjArtID="5" Merkmal="0.0" ObjInfo="verwalter nagel,reagiert sehr ungehalten"/>
  <Objekte ObjID="427" ObjAufnahme="1997-04-07" ObjLetztKontakt="2001-06-28" ObjStrasseID="6636" ObjHausnummer="Gretchenstraße 11" ObjVorlage="2013-09-11 00:00:00.0" ObKeinKontakt="9" ObjArtID="240" Merkmal="0.0" ObjInfo="27080\Garten Süd"/>
  <Objekte ObjID="428" ObjAufnahme="1997-04-07" ObjLetztKontakt="1998-10-17" ObjStrasseID="6636" ObjHausnummer="Gretchenstraße 12" ObjVorlage="2013-09-11 00:00:00.0" ObKeinKontakt="1" ObjArtID="167" Merkmal="0.0" ObjInfo="Frau Marita Berg ist Eigentümerin einer Wohnung und wohnt da Postwurfsendung 15.10.98"/>
  <Objekte ObjID="429" ObjAufnahme="1997-04-07" ObjLetztKontakt="1998-10-24" ObjStrasseID="6636" ObjHausnummer="Gretchenstraße 12A" ObjVorlage="2013-09-11 00:00:00.0" ObKeinKontakt="5" ObjArtID="177" Merkmal="0.0" ObjInfo="eien whg steht leer Verwalter Thiem"/>
  <Objekte ObjID="434" ObjAufnahme="1997-04-07" ObjLetztKontakt="1998-10-17" ObjStrasseID="6636" ObjHausnummer="Gretchenstraße 15" ObjVorlage="2013-09-11 00:00:00.0" ObKeinKontakt="6" ObjArtID="177" Merkmal="0.0" ObjInfo="Postwurfsendung 16.10.98 Im haus sind 55 und 60 m² und eine 110 m² Wohnung bei Noetzel"/>
  <Objekte ObjID="435" ObjAufnahme="1997-04-07" ObjLetztKontakt="1998-09-13" ObjStrasseID="6636" ObjHausnummer="Gretchenstraße 16" ObjVorlage="2013-09-11 00:00:00.0" ObKeinKontakt="7" ObjArtID="5" Merkmal="0.0"/>
  <Objekte ObjID="437" ObjAufnahme="1997-04-07" ObjLetztKontakt="1998-09-13" ObjStrasseID="6636" ObjHausnummer="Gretchenstraße 19" ObjVorlage="2013-09-11 00:00:00.0" ObKeinKontakt="2" ObjArtID="5" Merkmal="0.0"/>
  <Objekte ObjID="439" ObjAufnahme="1997-04-07" ObjLetztKontakt="1998-10-17" ObjStrasseID="6636" ObjHausnummer="Gretchenstraße 21" ObjVorlage="2013-09-11 00:00:00.0" ObKeinKontakt="1" ObjArtID="177" Merkmal="0.0" ObjInfo="Postwurfsendung am 21.10.98"/>
  <Objekte ObjID="441" ObjAufnahme="1997-04-07" ObjLetztKontakt="1998-10-24" ObjStrasseID="6636" ObjHausnummer="Gretchenstraße 23" ObjVorlage="2013-09-11 00:00:00.0" ObKeinKontakt="2" ObjArtID="5" Merkmal="0.0" ObjInfo="Meyer H., Bäcker Verw. Radke K. Assessor es wohnt dort Meyer Heinrich 313624 ? Mieter Janke 318297 und neu dort 332731"/>
  <Objekte ObjID="442" ObjAufnahme="1997-04-07" ObjLetztKontakt="1998-10-15" ObjStrasseID="6636" ObjHausnummer="Gretchenstraße 24" ObjVorlage="2013-09-11 00:00:00.0" ObKeinKontakt="1" ObjArtID="177" Merkmal="0.0" ObjInfo="Postwurfsendung am15.10.98"/>
  <Objekte ObjID="443" ObjAufnahme="1997-04-07" ObjLetztKontakt="1998-10-19" ObjStrasseID="6636" ObjHausnummer="Gretchenstraße 25" ObjVorlage="2013-09-11 00:00:00.0" ObKeinKontakt="1" ObjArtID="5" Merkmal="0.0" ObjInfo="Frau Renate Hauschulz"/>
  <Objekte ObjID="444" ObjAufnahme="1997-04-07" ObjLetztKontakt="1998-10-17" ObjStrasseID="6636" ObjHausnummer="Gretchenstraße 27" ObjVorlage="2013-09-11 00:00:00.0" ObKeinKontakt="1" ObjArtID="177" Merkmal="0.0" ObjInfo="Postwurfsendung am 16.10.98 1 Whg frei evtl Verkauf durch Eigentümer der momentan in Magdeburg, auskunftsbereit Baussmerth 332787"/>
  <Objekte ObjID="445" ObjAufnahme="1997-04-07" ObjLetztKontakt="1998-09-13" ObjStrasseID="6636" ObjHausnummer="Gretchenstraße 28" ObjVorlage="2013-09-11 00:00:00.0" ObKeinKontakt="2" ObjArtID="5" Merkmal="0.0" ObjInfo="Lange Alma, Tel. 311 219, Lange Horst, Tel. 341 086 verkauft nicht"/>
  <Objekte ObjID="446" ObjAufnahme="1997-04-07" ObjLetztKontakt="1999-05-30" ObjStrasseID="6636" ObjHausnummer="Gretchenstraße 29" ObjVorlage="2013-09-11 00:00:00.0" ObKeinKontakt="2" ObjArtID="5" Merkmal="0.0" ObjInfo="Heinemann, I. Tel. 33 23 89"/>
  <Objekte ObjID="447" ObjAufnahme="1997-04-07" ObjLetztKontakt="1997-04-07" ObjStrasseID="6636" ObjHausnummer="Gretchenstraße 30" ObjVorlage="2013-09-11 00:00:00.0" ObKeinKontakt="1" ObjArtID="5" Merkmal="0.0" ObjInfo="E.Koch 3883500, Kracht Rudolf 315937, Kracht Christoph 317842"/>
  <Objekte ObjID="448" ObjAufnahme="1997-04-07" ObjLetztKontakt="1998-10-17" ObjStrasseID="6636" ObjHausnummer="Gretchenstraße 31" ObjVorlage="2013-09-11 00:00:00.0" ObKeinKontakt="1" ObjArtID="177" Merkmal="0.0" ObjInfo="Postwurfsendung am 16.10.98"/>
  <Objekte ObjID="449" ObjAufnahme="1997-04-07" ObjLetztKontakt="1999-05-30" ObjStrasseID="6636" ObjHausnummer="Gretchenstraße 32" ObjVorlage="2013-09-11 00:00:00.0" ObKeinKontakt="2" ObjArtID="5" Merkmal="0.0" ObjInfo="Heller, Günther Zahnarzt in Hemmingen, Fritz-Kuckuck-Str. , Tel. 42 08 23"/>
  <Objekte ObjID="451" ObjAufnahme="1997-04-07" ObjLetztKontakt="2000-05-15" ObjStrasseID="6636" ObjHausnummer="Gretchenstraße 34" ObjVorlage="2013-09-11 00:00:00.0" ObKeinKontakt="9" ObjArtID="204" Merkmal="0.9999999999999999" ObjInfo="700200\2 Blk Süd nicht anbieten"/>
  <Objekte ObjID="452" ObjAufnahme="1997-04-07" ObjLetztKontakt="1999-05-30" ObjStrasseID="6636" ObjHausnummer="Gretchenstraße 35" ObjVorlage="2013-09-11 00:00:00.0" ObKeinKontakt="2" ObjArtID="5" Merkmal="0.0" ObjInfo="Dieter Weiss Hermannstr. 5 14163 Berlin, 0308133838"/>
  <Objekte ObjID="453" ObjAufnahme="1997-04-07" ObjLetztKontakt="2001-06-19" ObjStrasseID="6636" ObjHausnummer="Gretchenstraße 36" ObjVorlage="2013-09-11 00:00:00.0" ObKeinKontakt="1" ObjArtID="177" Merkmal="0.0" ObjInfo="in Eigentumswohnungen aufgeteilt am 15.10.1998 Postwurfsendung"/>
  <Objekte ObjID="454" ObjAufnahme="1997-04-07" ObjLetztKontakt="1999-05-30" ObjStrasseID="6636" ObjHausnummer="Gretchenstraße 37" ObjVorlage="2013-09-11 00:00:00.0" ObKeinKontakt="1" ObjArtID="5" Merkmal="0.0" ObjInfo="Bartels W. Goebenstraße 16, dort Wohnhaft, Tel 668136, FAX 621662"/>
  <Objekte ObjID="455" ObjAufnahme="1997-04-07" ObjLetztKontakt="1997-04-07" ObjStrasseID="6636" ObjHausnummer="Gretchenstraße 39" ObjVorlage="2013-09-11 00:00:00.0" ObKeinKontakt="1" ObjArtID="5" Merkmal="0.0"/>
  <Objekte ObjID="457" ObjAufnahme="1997-04-07" ObjLetztKontakt="1998-09-13" ObjStrasseID="6636" ObjHausnummer="Gretchenstraße 40" ObjVorlage="2013-09-11 00:00:00.0" ObKeinKontakt="2" ObjArtID="5" Merkmal="0.0" ObjInfo="Herr Michael Tuhn Güntherstr. 13 30659 Hannover, 832993 oder 01725433036"/>
  <Objekte ObjID="458" ObjAufnahme="1997-04-07" ObjLetztKontakt="1999-05-30" ObjStrasseID="6636" ObjHausnummer="Gretchenstraße 41" ObjVorlage="2013-09-11 00:00:00.0" ObKeinKontakt="2" ObjArtID="1" Merkmal="0.0" ObjInfo="neuer eigentümer Kater"/>
  <Objekte ObjID="460" ObjAufnahme="1997-04-07" ObjLetztKontakt="1999-05-30" ObjStrasseID="6636" ObjHausnummer="Gretchenstraße 43" ObjVorlage="2013-09-11 00:00:00.0" ObKeinKontakt="2" ObjArtID="1" Merkmal="0.0" ObjInfo="sehr ungehalten über Schreiben"/>
  <Objekte ObjID="461" ObjAufnahme="1997-04-07" ObjLetztKontakt="1999-05-30" ObjStrasseID="6636" ObjHausnummer="Gretchenstraße 44" ObjVorlage="2013-09-11 00:00:00.0" ObKeinKontakt="2" ObjArtID="5" Merkmal="0.0" ObjInfo="Rueß Wolfgang u. Lore,  Tel. 33 27 24, am telefon sehr nett"/>
  <Objekte ObjID="462" ObjAufnahme="1997-04-07" ObjLetztKontakt="1998-10-15" ObjStrasseID="6636" ObjHausnummer="Gretchenstraße 44A" ObjVorlage="2013-09-11 00:00:00.0" ObKeinKontakt="2" ObjArtID="5" Merkmal="0.0" ObjInfo="wie 44"/>
  <Objekte ObjID="463" ObjAufnahme="1997-04-07" ObjLetztKontakt="1998-10-17" ObjStrasseID="6636" ObjHausnummer="Gretchenstraße 46" ObjVorlage="2013-09-11 00:00:00.0" ObKeinKontakt="1" ObjArtID="201" Merkmal="0.0" ObjInfo="Postwurfsendung am 15.10.1998"/>
  <Objekte ObjID="464" ObjAufnahme="1997-04-07" ObjLetztKontakt="1999-05-30" ObjStrasseID="6636" ObjHausnummer="Gretchenstraße 53" ObjVorlage="2013-09-11 00:00:00.0" ObKeinKontakt="2" ObjArtID="5" Merkmal="0.0" ObjInfo="Apostelgmeinde, An der Apostelkirche 1"/>
  <Objekte ObjID="465" ObjAufnahme="1997-04-07" ObjLetztKontakt="1997-04-07" ObjStrasseID="6636" ObjHausnummer="Gretchenstraße 54" ObjVorlage="2013-09-11 00:00:00.0" ObKeinKontakt="2" ObjArtID="5" Merkmal="0.0" ObjInfo="Apostelgemeinde, An der Apostelgemeinde 1"/>
  <Objekte ObjID="466" ObjAufnahme="1997-04-08" ObjLetztKontakt="1997-04-08" ObjStrasseID="6651" ObjHausnummer="Große Pfahlstraße 2" ObjVorlage="2013-09-11 00:00:00.0" ObKeinKontakt="1" ObjArtID="1" Merkmal="0.0"/>
  <Objekte ObjID="467" ObjAufnahme="1997-04-08" ObjLetztKontakt="1997-04-08" ObjStrasseID="6651" ObjHausnummer="Große Pfahlstraße 2A" ObjVorlage="2013-09-11 00:00:00.0" ObKeinKontakt="1" ObjArtID="1" Merkmal="0.0"/>
  <Objekte ObjID="469" ObjAufnahme="1997-04-08" ObjLetztKontakt="1997-04-08" ObjStrasseID="6651" ObjHausnummer="Große Pfahlstraße 4" ObjVorlage="2013-09-11 00:00:00.0" ObKeinKontakt="1" ObjArtID="1" Merkmal="0.0"/>
  <Objekte ObjID="470" ObjAufnahme="1997-04-08" ObjLetztKontakt="2013-04-04" ObjStrasseID="6651" ObjHausnummer="Große Pfahlstraße 5" ObjVorlage="2013-09-11 00:00:00.0" ObKeinKontakt="3" ObjArtID="1" Merkmal="0.0"/>
  <Objekte ObjID="471" ObjAufnahme="1997-04-08" ObjLetztKontakt="1997-04-08" ObjStrasseID="6651" ObjHausnummer="Große Pfahlstraße 5A" ObjVorlage="2013-09-11 00:00:00.0" ObKeinKontakt="1" ObjArtID="1" Merkmal="0.0"/>
  <Objekte ObjID="472" ObjAufnahme="1997-04-08" ObjLetztKontakt="1997-04-08" ObjStrasseID="6651" ObjHausnummer="Große Pfahlstraße 6" ObjVorlage="2013-09-11 00:00:00.0" ObKeinKontakt="1" ObjArtID="1" Merkmal="0.0"/>
  <Objekte ObjID="473" ObjAufnahme="1997-04-08" ObjLetztKontakt="1997-04-08" ObjStrasseID="6651" ObjHausnummer="Große Pfahlstraße 6A" ObjVorlage="2013-09-11 00:00:00.0" ObKeinKontakt="1" ObjArtID="1" Merkmal="0.0"/>
  <Objekte ObjID="474" ObjAufnahme="1997-04-08" ObjLetztKontakt="1997-04-08" ObjStrasseID="6651" ObjHausnummer="Große Pfahlstraße 7" ObjVorlage="2013-09-11 00:00:00.0" ObKeinKontakt="1" ObjArtID="1" Merkmal="0.0"/>
  <Objekte ObjID="475" ObjAufnahme="1997-04-08" ObjLetztKontakt="1997-04-08" ObjStrasseID="6651" ObjHausnummer="Große Pfahlstraße 8" ObjVorlage="2013-09-11 00:00:00.0" ObKeinKontakt="1" ObjArtID="1" Merkmal="0.0"/>
  <Objekte ObjID="476" ObjAufnahme="1997-04-08" ObjLetztKontakt="1997-04-08" ObjStrasseID="6651" ObjHausnummer="Große Pfahlstraße 9" ObjVorlage="2013-09-11 00:00:00.0" ObKeinKontakt="1" ObjArtID="1" Merkmal="0.0"/>
  <Objekte ObjID="477" ObjAufnahme="1997-04-08" ObjLetztKontakt="1997-04-08" ObjStrasseID="6651" ObjHausnummer="Große Pfahlstraße 10" ObjVorlage="2013-09-11 00:00:00.0" ObKeinKontakt="1" ObjArtID="1" Merkmal="0.0"/>
  <Objekte ObjID="478" ObjAufnahme="1997-04-08" ObjLetztKontakt="1997-04-08" ObjStrasseID="6651" ObjHausnummer="Große Pfahlstraße 11" ObjVorlage="2013-09-11 00:00:00.0" ObKeinKontakt="1" ObjArtID="1" Merkmal="0.0"/>
  <Objekte ObjID="479" ObjAufnahme="1997-04-08" ObjLetztKontakt="1997-04-08" ObjStrasseID="6651" ObjHausnummer="Große Pfahlstraße 12" ObjVorlage="2013-09-11 00:00:00.0" ObKeinKontakt="1" ObjArtID="1" Merkmal="0.0"/>
  <Objekte ObjID="480" ObjAufnahme="1997-04-08" ObjLetztKontakt="1997-04-08" ObjStrasseID="6651" ObjHausnummer="Große Pfahlstraße 13" ObjVorlage="2013-09-11 00:00:00.0" ObKeinKontakt="1" ObjArtID="1" Merkmal="0.0"/>
  <Objekte ObjID="481" ObjAufnahme="1997-04-08" ObjLetztKontakt="1997-04-08" ObjStrasseID="6651" ObjHausnummer="Große Pfahlstraße 14" ObjVorlage="2013-09-11 00:00:00.0" ObKeinKontakt="1" ObjArtID="1" Merkmal="0.0"/>
  <Objekte ObjID="482" ObjAufnahme="1997-04-08" ObjLetztKontakt="1997-04-08" ObjStrasseID="6651" ObjHausnummer="Große Pfahlstraße 26" ObjVorlage="2013-09-11 00:00:00.0" ObKeinKontakt="1" ObjArtID="1" Merkmal="0.0"/>
  <Objekte ObjID="483" ObjAufnahme="1997-04-08" ObjLetztKontakt="1997-04-08" ObjStrasseID="6651" ObjHausnummer="Große Pfahlstraße 25" ObjVorlage="2013-09-11 00:00:00.0" ObKeinKontakt="1" ObjArtID="1" Merkmal="0.0"/>
  <Objekte ObjID="484" ObjAufnahme="1997-04-08" ObjLetztKontakt="1997-04-08" ObjStrasseID="6651" ObjHausnummer="Große Pfahlstraße 24" ObjVorlage="2013-09-11 00:00:00.0" ObKeinKontakt="1" ObjArtID="1" Merkmal="0.0"/>
  <Objekte ObjID="485" ObjAufnahme="1997-04-08" ObjLetztKontakt="1997-04-08" ObjStrasseID="6651" ObjHausnummer="Große Pfahlstraße 23" ObjVorlage="2013-09-11 00:00:00.0" ObKeinKontakt="1" ObjArtID="1" Merkmal="0.0"/>
  <Objekte ObjID="488" ObjAufnahme="1997-04-08" ObjLetztKontakt="1997-04-08" ObjStrasseID="6651" ObjHausnummer="Große Pfahlstraße 19" ObjVorlage="2013-09-11 00:00:00.0" ObKeinKontakt="1" ObjArtID="1" Merkmal="0.0"/>
  <Objekte ObjID="489" ObjAufnahme="1997-04-08" ObjLetztKontakt="1997-04-08" ObjStrasseID="6651" ObjHausnummer="Große Pfahlstraße 18" ObjVorlage="2013-09-11 00:00:00.0" ObKeinKontakt="1" ObjArtID="1" Merkmal="0.0"/>
  <Objekte ObjID="490" ObjAufnahme="1997-04-08" ObjLetztKontakt="1997-04-08" ObjStrasseID="6651" ObjHausnummer="Große Pfahlstraße 15" ObjVorlage="2013-09-11 00:00:00.0" ObKeinKontakt="1" ObjArtID="1" Merkmal="0.0"/>
  <Objekte ObjID="491" ObjAufnahme="1997-04-08" ObjLetztKontakt="1997-04-08" ObjStrasseID="6651" ObjHausnummer="Große Pfahlstraße 16" ObjVorlage="2013-09-11 00:00:00.0" ObKeinKontakt="1" ObjArtID="1" Merkmal="0.0"/>
  <Objekte ObjID="492" ObjAufnahme="1997-04-08" ObjLetztKontakt="1997-04-08" ObjStrasseID="6651" ObjHausnummer="Große Pfahlstraße 16A" ObjVorlage="2013-09-11 00:00:00.0" ObKeinKontakt="1" ObjArtID="1" Merkmal="0.0"/>
  <Objekte ObjID="493" ObjAufnahme="1997-04-08" ObjLetztKontakt="1997-04-08" ObjStrasseID="6651" ObjHausnummer="Große Pfahlstraße 17" ObjVorlage="2013-09-11 00:00:00.0" ObKeinKontakt="1" ObjArtID="1" Merkmal="0.0"/>
  <Objekte ObjID="498" ObjAufnahme="1997-04-08" ObjLetztKontakt="1997-04-08" ObjStrasseID="6450" ObjHausnummer="Franz-Bork-Straße 2" ObjVorlage="2013-09-11 00:00:00.0" ObKeinKontakt="1" ObjArtID="1" Merkmal="0.0"/>
  <Objekte ObjID="512" ObjAufnahme="1997-04-08" ObjLetztKontakt="1997-04-08" ObjStrasseID="6450" ObjHausnummer="Franz-Bork-Straße 28" ObjVorlage="2013-09-11 00:00:00.0" ObKeinKontakt="1" ObjArtID="1" Merkmal="0.0"/>
  <Objekte ObjID="513" ObjAufnahme="1997-04-08" ObjLetztKontakt="1997-04-08" ObjStrasseID="6450" ObjHausnummer="Franz-Bork-Straße 20" ObjVorlage="2013-09-11 00:00:00.0" ObKeinKontakt="1" ObjArtID="1" Merkmal="0.0"/>
  <Objekte ObjID="521" ObjAufnahme="1997-04-08" ObjLetztKontakt="1998-09-07" ObjStrasseID="6156" ObjHausnummer="Comeniusstraße 1" ObjVorlage="2013-09-11 00:00:00.0" ObKeinKontakt="3" ObjArtID="1" Merkmal="0.0"/>
  <Objekte ObjID="522" ObjAufnahme="1997-04-08" ObjLetztKontakt="1998-09-07" ObjStrasseID="6156" ObjHausnummer="Comeniusstraße 2" ObjVorlage="2013-09-11 00:00:00.0" ObKeinKontakt="1" ObjArtID="1" Merkmal="0.0" ObjInfo="Frau H.Sowada Barsinghausen gibts nicht mehr"/>
  <Objekte ObjID="523" ObjAufnahme="1997-04-08" ObjLetztKontakt="1997-04-08" ObjStrasseID="6156" ObjHausnummer="Comeniusstraße 3" ObjVorlage="2013-09-11 00:00:00.0" ObKeinKontakt="1" ObjArtID="1" Merkmal="0.0" ObjInfo="R.Schlinker, Holteistr. 2 gibts nicht mehr Mieter:Bloch Lara&#09;Comeniusstr. 3&#09;30451 Hannover&#09;0511-2123562&#xD;&#xA;Dittrich M.&#09;Comeniusstr. 3&#09;30451 Hannover&#09;0511-2109218&#xD;&#xA;Gellermann A.&#09;Comeniusstr. 3&#09;30451 Hannover&#09;0511-2123606&#xD;&#xA;Lubnow Thekla&#09;Comeniusstr. 3&#09;30451 Ha&#xD;&#xA;524"/>
  <Objekte ObjID="525" ObjAufnahme="1997-04-08" ObjLetztKontakt="1997-04-08" ObjStrasseID="6156" ObjHausnummer="Comeniusstraße 5" ObjVorlage="2013-09-11 00:00:00.0" ObKeinKontakt="2" ObjArtID="1" Merkmal="0.0"/>
  <Objekte ObjID="526" ObjAufnahme="1997-04-08" ObjLetztKontakt="1997-04-08" ObjStrasseID="6156" ObjHausnummer="Comeniusstraße 6" ObjVorlage="2013-09-11 00:00:00.0" ObKeinKontakt="1" ObjArtID="1" Merkmal="0.0" ObjInfo="Herr R.Herrmann Falkenstr.25 gibts nicht mehr Mieter :&#xD;&#xA;Blumenberg Klaus&#09;Comeniusstr. 6&#09;30451 Hannover&#09;0511-2103289&#xD;&#xA;Ilsemann Astrid&#09;Comeniusstr. 6&#09;30451 Hannover&#09;0511-2102895&#xD;&#xA;Kürschner Hans-Jürgen&#09;Comeniusstr. 6&#09;30451 Hannover&#09;0511-2102983&#xD;&#xA;Melching Wolf&#xD;&#xA;527"/>
  <Objekte ObjID="528" ObjAufnahme="1997-04-08" ObjLetztKontakt="1997-04-08" ObjStrasseID="6156" ObjHausnummer="Comeniusstraße 8" ObjVorlage="2013-09-11 00:00:00.0" ObKeinKontakt="1" ObjArtID="1" Merkmal="0.0"/>
  <Objekte ObjID="529" ObjAufnahme="1997-04-08" ObjLetztKontakt="1997-04-08" ObjStrasseID="6156" ObjHausnummer="Comeniusstraße 9" ObjVorlage="2013-09-11 00:00:00.0" ObKeinKontakt="1" ObjArtID="1" Merkmal="0.0" ObjInfo="Frau e.Siegmann wohnt nicht mehr im haus Mieter: Ahrens W. u. Brauer E.&#09;Comeniusstr. 9&#09;30451 Hannover&#09;0511-2123336&#xD;&#xA;Allee Kirsten&#09;Comeniusstr. 9&#09;30451 Hannover&#09;0511-2104392&#xD;&#xA;Kröger R. u. Jansen I.&#09;Comeniusstr. 9&#09;30451 Hannover&#09;0511-2105787&#xD;&#xA;Riedel Manfred&#09;&#xD;&#xA;530"/>
  <Objekte ObjID="536" ObjAufnahme="1997-04-08" ObjLetztKontakt="1998-09-07" ObjStrasseID="6156" ObjHausnummer="Comeniusstraße 16" ObjVorlage="2013-09-11 00:00:00.0" ObKeinKontakt="2" ObjArtID="1" Merkmal="0.0" ObjInfo="Herr H.Paulig, Limmerstr.61 nicht mehr bekannt, Mieter : Busch Henning&#09;Comeniusstr. 16&#09;30451 Hannover&#09;0511-2108640&#xD;&#xA;Flach Erich&#09;Comeniusstr. 16&#09;30451 Hannover&#09;0511-2109414&#xD;&#xA;Kaulig Thomas hat bereits Eigentümer benannt &#09;Comeniusstr. 16&#09;30451 Hannover&#09;0511-2&#xD;&#xA;537"/>
  <Objekte ObjID="540" ObjAufnahme="1997-04-08" ObjLetztKontakt="1998-09-07" ObjStrasseID="6156" ObjHausnummer="Comeniusstraße 20" ObjVorlage="2013-09-11 00:00:00.0" ObKeinKontakt="2" ObjArtID="1" Merkmal="0.0"/>
  <Objekte ObjID="542" ObjAufnahme="1997-04-08" ObjLetztKontakt="1997-04-08" ObjStrasseID="6156" ObjHausnummer="Comeniusstraße 22" ObjVorlage="2013-09-11 00:00:00.0" ObKeinKontakt="1" ObjArtID="1" Merkmal="0.0" ObjInfo="Bethge Torsten&#09;Comeniusstr. 24&#09;30451 Hannover&#09;0511-2108124&#xD;&#xA;De Carlo Luigi u. Rischmüller Astrid&#09;Comeniusstr. 24&#09;30451 Hannover&#09;0511-2107228&#xD;&#xA;Fredershausen Henriette&#09;Comeniusstr. 24&#09;30451 Hannover&#09;0511-2109624&#xD;&#xA;Huber Thomas&#09;Comeniusstr. 24&#09;30451 Hannover&#09;0&#xD;&#xA;545"/>
  <Objekte ObjID="546" ObjAufnahme="1997-04-09" ObjLetztKontakt="1997-04-09" ObjStrasseID="6874" ObjHausnummer="Hildesheimer Straße 2" ObjVorlage="2013-09-11 00:00:00.0" ObKeinKontakt="1" ObjArtID="5" Merkmal="0.0"/>
  <Objekte ObjID="547" ObjAufnahme="1997-04-09" ObjLetztKontakt="1997-04-09" ObjStrasseID="6874" ObjHausnummer="Hildesheimer Straße 298" ObjVorlage="2013-09-11 00:00:00.0" ObKeinKontakt="1" ObjArtID="5" Merkmal="0.0"/>
  <Objekte ObjID="548" ObjAufnahme="1997-04-09" ObjLetztKontakt="1997-04-09" ObjStrasseID="6874" ObjHausnummer="Hildesheimer Straße 298A" ObjVorlage="2013-09-11 00:00:00.0" ObKeinKontakt="1" ObjArtID="5" Merkmal="0.0"/>
  <Objekte ObjID="549" ObjAufnahme="1997-04-09" ObjLetztKontakt="1997-04-09" ObjStrasseID="6874" ObjHausnummer="Hildesheimer Straße 299" ObjVorlage="2013-09-11 00:00:00.0" ObKeinKontakt="1" ObjArtID="5" Merkmal="0.0"/>
  <Objekte ObjID="550" ObjAufnahme="1997-04-09" ObjLetztKontakt="1997-04-09" ObjStrasseID="6874" ObjHausnummer="Hildesheimer Straße 300" ObjVorlage="2013-09-11 00:00:00.0" ObKeinKontakt="1" ObjArtID="5" Merkmal="0.0"/>
  <Objekte ObjID="551" ObjAufnahme="1997-04-09" ObjLetztKontakt="1997-04-09" ObjStrasseID="6874" ObjHausnummer="Hildesheimer Straße 300A" ObjVorlage="2013-09-11 00:00:00.0" ObKeinKontakt="1" ObjArtID="5" Merkmal="0.0" ObjInfo="&quot;Becker &amp; Partner Dipl.-Ing. Architekten&quot;;&quot;Hildesheimer Str. 7&quot;;&quot;30169 Hannover&quot;;&quot;0511-28476-0&quot;&#xD;&#xA;&quot;Burda GmbH Verlagsbüro&quot;;&quot;Hildesheimer Str. 7&quot;;&quot;30169 Hannover&quot;;&quot;0511-283011&quot;&#xD;&#xA;&quot;Freie Demokratische Partei (F.D.P.) Landesverband&quot;;&quot;Walter-Gieseking-Str. 22&quot;;"/>
  <Objekte ObjID="552" ObjAufnahme="1997-04-09" ObjLetztKontakt="1997-04-09" ObjStrasseID="6874" ObjHausnummer="Hildesheimer Straße 8" ObjVorlage="2013-09-11 00:00:00.0" ObKeinKontakt="1" ObjArtID="5" Merkmal="0.0"/>
  <Objekte ObjID="553" ObjAufnahme="1997-04-09" ObjLetztKontakt="1997-04-09" ObjStrasseID="6874" ObjHausnummer="Hildesheimer Straße 9" ObjVorlage="2013-09-11 00:00:00.0" ObKeinKontakt="1" ObjArtID="5" Merkmal="0.0" ObjInfo="&quot;Bartels Fritz Steuerberater Büro:&quot;;&quot;Hildesheimer Str. 9&quot;;&quot;30169 Hannover&quot;;&quot;ISDN 0511-2845-0&quot;&#xD;&#xA;&quot;Benz Günter Wirtschaftsprüfer Steuerberater Büro:&quot;;&quot;Hildesheimer Str. 9&quot;;&quot;30169 Hannover&quot;;&quot;ISDN 0511-2845-0&quot;&#xD;&#xA;&quot;Block-House DATEN Datenverarbeitungs- u. Auswert"/>
  <Objekte ObjID="554" ObjAufnahme="1997-04-09" ObjLetztKontakt="1997-04-09" ObjStrasseID="6874" ObjHausnummer="Hildesheimer Straße 301" ObjVorlage="2013-09-11 00:00:00.0" ObKeinKontakt="1" ObjArtID="5" Merkmal="0.0"/>
  <Objekte ObjID="555" ObjAufnahme="1997-04-09" ObjLetztKontakt="1997-04-09" ObjStrasseID="6874" ObjHausnummer="Hildesheimer Straße 11" ObjVorlage="2013-09-11 00:00:00.0" ObKeinKontakt="1" ObjArtID="5" Merkmal="0.0" ObjInfo="&quot;Brodowy Sabine Dipl.Pädagogin Sprachheilpädagogin&quot;;&quot;Hildesheimer Str. 11&quot;;&quot;30169 Hannover&quot;;&quot;0511-818776&quot;&#xD;&#xA;&quot;Schaube SportArt.&quot;;&quot;Hildesheimer Str. 11&quot;;&quot;30169 Hannover&quot;;&quot;0511-815544&quot;&#xD;&#xA;&quot;Schmidt Kornelia Dr.med. Ärztin für Kinderheilkunde&quot;;&quot;Hildesheimer Str. "/>
  <Objekte ObjID="556" ObjAufnahme="1997-04-09" ObjLetztKontakt="1997-04-09" ObjStrasseID="6874" ObjHausnummer="Hildesheimer Straße 12" ObjVorlage="2013-09-11 00:00:00.0" ObKeinKontakt="1" ObjArtID="5" Merkmal="0.0" ObjInfo="&#xD;&#xA;&quot;Stadtverwaltungen&quot;;&quot;&quot;;&quot;30... Hannover&quot;;&quot;0511-&quot;&#xD;&#xA;&quot;Öffnungszeiten&quot;;&quot;Hildesheimer Str. 12&quot;;&quot;30169 Hannover&quot;;&quot;0511-168-2160&quot;"/>
  <Objekte ObjID="557" ObjAufnahme="1997-04-09" ObjLetztKontakt="1997-04-09" ObjStrasseID="6874" ObjHausnummer="Hildesheimer Straße 16" ObjVorlage="2013-09-11 00:00:00.0" ObKeinKontakt="1" ObjArtID="5" Merkmal="0.0"/>
  <Objekte ObjID="558" ObjAufnahme="1997-04-09" ObjLetztKontakt="1997-04-09" ObjStrasseID="6874" ObjHausnummer="Hildesheimer Straße 13" ObjVorlage="2013-09-11 00:00:00.0" ObKeinKontakt="1" ObjArtID="5" Merkmal="0.0"/>
  <Objekte ObjID="559" ObjAufnahme="1997-04-09" ObjLetztKontakt="1997-04-09" ObjStrasseID="6874" ObjHausnummer="Hildesheimer Straße 15" ObjVorlage="2013-09-11 00:00:00.0" ObKeinKontakt="1" ObjArtID="36" Merkmal="0.0" ObjInfo="&#xD;&#xA;&quot;DOK - Systeme&quot;;&quot;Hildesheimer Str. 15&quot;;&quot;30169 Hannover&quot;;&quot;ISDN 0511-28073-0&quot;&#xD;&#xA;&quot;Karlsen Leuchten GmbH&quot;;&quot;Hildesheimer Str. 15&quot;;&quot;30169 Hannover&quot;;&quot;0511-814021&quot;&#xD;&#xA;&quot;Schippke H.-G. Dr.-Ing. Berat Ing. für Bauwesen&quot;;&quot;Hildesheimer Str. 15&quot;;&quot;30169 Hannover&quot;;&quot;0511-2"/>
  <Objekte ObjID="560" ObjAufnahme="1997-04-09" ObjLetztKontakt="1997-04-09" ObjStrasseID="6874" ObjHausnummer="Hildesheimer Straße 14" ObjVorlage="2013-09-11 00:00:00.0" ObKeinKontakt="1" ObjArtID="5" Merkmal="0.0"/>
  <Objekte ObjID="561" ObjAufnahme="1997-04-09" ObjLetztKontakt="1997-04-09" ObjStrasseID="6874" ObjHausnummer="Hildesheimer Straße 18" ObjVorlage="2013-09-11 00:00:00.0" ObKeinKontakt="1" ObjArtID="5" Merkmal="0.0"/>
  <Objekte ObjID="562" ObjAufnahme="1997-04-09" ObjLetztKontakt="1997-04-09" ObjStrasseID="6874" ObjHausnummer="Hildesheimer Straße 17" ObjVorlage="2013-09-11 00:00:00.0" ObKeinKontakt="1" ObjArtID="5" Merkmal="0.0" ObjInfo="&#xD;&#xA;&quot;AS - Reiseservice&quot;;&quot;Hildesheimer Str. 17&quot;;&quot;30169 Hannover&quot;;&quot;0511-852036&quot;&#xD;&#xA;&quot;Bildungswerk der Deutschen Angestellten- Gewerkschaft im Lande Niedersachsen e.V. Zentrale:&quot;;&quot;Hildesheimer Str. 17&quot;;&quot;30169 Hannover&quot;;&quot;0511-28093-0&quot;&#xD;&#xA;&quot;Deutsche Angestellten-Gewer"/>
  <Objekte ObjID="563" ObjAufnahme="1997-04-09" ObjLetztKontakt="1997-04-09" ObjStrasseID="6874" ObjHausnummer="Hildesheimer Straße 19" ObjVorlage="2013-09-11 00:00:00.0" ObKeinKontakt="1" ObjArtID="5" Merkmal="0.0" ObjInfo="&#xD;&#xA;&quot;Banco de Santander, S.A. Repräsentanz Hannover&quot;;&quot;Hildesheimer Str. 19&quot;;&quot;30169 Hannover&quot;;&quot;ISDN 0511-28003-30&quot;&#xD;&#xA;&quot;CC-Bank AG&quot;;&quot;Hildesheimer Str. 19&quot;;&quot;30169 Hannover&quot;;&quot;0511-28003-0&quot;&#xD;&#xA;&quot;CDU in Niedersachsen LandesLtg.&quot;;&quot;Böttcherstr. 7&quot;;&quot;30419 Hannover&quot;;&quot;ISDN"/>
  <Objekte ObjID="564" ObjAufnahme="1997-04-09" ObjLetztKontakt="1997-04-09" ObjStrasseID="6874" ObjHausnummer="Hildesheimer Straße 20" ObjVorlage="2013-09-11 00:00:00.0" ObKeinKontakt="1" ObjArtID="5" Merkmal="0.0" ObjInfo="&#xD;&#xA;&quot;CDU in Niedersachsen Kreistagsfraktion&quot;;&quot;Hildesheimer Str. 20&quot;;&quot;30169 Hannover&quot;;&quot;ISDN 0511-989-2190&quot;&#xD;&#xA;&quot;Deutsche Verkerswacht LANDESVERKEHRSWACHT NIEDERSACHSEN&quot;;&quot;Arndtstr. 19&quot;;&quot;30167 Hannover&quot;;&quot;0511-17580&quot;&#xD;&#xA;&quot;Verkehrswacht Landkreis Hannover e.V.&quot;;&quot;Hilde"/>
  <Objekte ObjID="565" ObjAufnahme="1997-04-09" ObjLetztKontakt="1997-04-09" ObjStrasseID="6874" ObjHausnummer="Hildesheimer Straße 21" ObjVorlage="2013-09-11 00:00:00.0" ObKeinKontakt="1" ObjArtID="5" Merkmal="0.0" ObjInfo="&#xD;&#xA;&quot;Ahrens Frauke&quot;;&quot;Hildesheimer Str. 21&quot;;&quot;30169 Hannover&quot;;&quot;0511-855681&quot;&#xD;&#xA;&quot;Ahrens Helmut&quot;;&quot;Hildesheimer Str. 21&quot;;&quot;30169 Hannover&quot;;&quot;0511-853921&quot;&#xD;&#xA;&quot;Apotheken&quot;;&quot;&quot;;&quot;30... Hannover&quot;;&quot;0511-&quot;&#xD;&#xA;&quot;o Hölty-Apotheke&quot;;&quot;Hildesheimer Str. 21&quot;;&quot;30169 Hannover&quot;;&quot;0511-85454"/>
  <Objekte ObjID="566" ObjAufnahme="1997-04-09" ObjLetztKontakt="1997-04-09" ObjStrasseID="6874" ObjHausnummer="Hildesheimer Straße 22" ObjVorlage="2013-09-11 00:00:00.0" ObKeinKontakt="1" ObjArtID="5" Merkmal="0.0" ObjInfo="&#xD;&#xA;&quot;CHEZ MARIE-LOUISE Weinhandels-GmbH&quot;;&quot;Hildesheimer Str. 22&quot;;&quot;30169 Hannover&quot;;&quot;0511-881047&quot;&#xD;&#xA;&quot;Rabehl Stephan&quot;;&quot;Hildesheimer Str. 22&quot;;&quot;30169 Hannover&quot;;&quot;0511-9886328&quot;&#xD;&#xA;&quot;Weinhandlung CHEZ MARIE-LOUISE&quot;;&quot;Hildesheimer Str. 22&quot;;&quot;30169"/>
  <Objekte ObjID="567" ObjAufnahme="1997-04-09" ObjLetztKontakt="1997-04-09" ObjStrasseID="6874" ObjHausnummer="Hildesheimer Straße 23" ObjVorlage="2013-09-11 00:00:00.0" ObKeinKontakt="1" ObjArtID="5" Merkmal="0.0" ObjInfo="&#xD;&#xA;&quot;Block Gerda&quot;;&quot;Hildesheimer Str. 23&quot;;&quot;30169 Hannover&quot;;&quot;0511-854413&quot;&#xD;&#xA;&quot;Blumen Dornröschen&quot;;&quot;Hildesheimer Str. 23&quot;;&quot;30169 Hannover&quot;;&quot;0511-853923&quot;&#xD;&#xA;&quot;Brosch Peter-A.&quot;;&quot;Hildesheimer Str. 23&quot;;&quot;30169 Hannover&quot;;&quot;0511-854239&quot;&#xD;&#xA;&quot;Fecht Gerd&quot;;&quot;Hildesheimer Str. 23&quot;"/>
  <Objekte ObjID="568" ObjAufnahme="1997-04-09" ObjLetztKontakt="1997-04-09" ObjStrasseID="6874" ObjHausnummer="Hildesheimer Straße 24" ObjVorlage="2013-09-11 00:00:00.0" ObKeinKontakt="1" ObjArtID="5" Merkmal="0.0" ObjInfo="Hannover&quot;;&quot;0511-881048&quot;&#xD;&#xA;&quot;Böhm Manfred Dr.med. u. Böhm Ellen Dr.med. u. Krause Jürgen Dr.med. Lungen- u. Bronchialerkr. Allergologie-Innere Medizin&quot;;&quot;Hildesheimer Str. 24&quot;;&quot;30169 Hannover&quot;;&quot;0511-805035&quot;&#xD;&#xA;&quot;Gremer Heinz&quot;;&quot;Hildesheimer Str. 24&quot;;&quot;30169 Hannov"/>
  <Objekte ObjID="569" ObjAufnahme="1997-04-09" ObjLetztKontakt="1997-04-09" ObjStrasseID="6874" ObjHausnummer="Hildesheimer Straße 25" ObjVorlage="2013-09-11 00:00:00.0" ObKeinKontakt="1" ObjArtID="5" Merkmal="0.0" ObjInfo="&#xD;&#xA;&quot;ABB Gebäudetechnik AG&quot;;&quot;Hildesheimer Str. 25&quot;;&quot;30169 Hannover&quot;;&quot;ISDN 0511-2834561&quot;&#xD;&#xA;&quot;Schulsparverein E.V.&quot;;&quot;Hildesheimer Str. 25&quot;;&quot;30169 Hannover&quot;;&quot;0511-854250&quot;"/>
  <Objekte ObjID="570" ObjAufnahme="1997-04-09" ObjLetztKontakt="1997-04-09" ObjStrasseID="6874" ObjHausnummer="Hildesheimer Straße 26" ObjVorlage="2013-09-11 00:00:00.0" ObKeinKontakt="1" ObjArtID="5" Merkmal="0.0" ObjInfo="&#xD;&#xA;&quot;Apotheken&quot;;&quot;&quot;;&quot;30... Hannover&quot;;&quot;0511-&quot;&#xD;&#xA;&quot;o Stern&quot;;&quot;Hildesheimer Str. 26&quot;;&quot;30169 Hannover&quot;;&quot;ISDN 0511-98998-0&quot;&#xD;&#xA;&quot;Büsing M.&quot;;&quot;Hildesheimer Str. 26&quot;;&quot;30169 Hannover&quot;;&quot;0511-887368&quot;&#xD;&#xA;&quot;Gebauer Helmut Dr. Heimbucher Werner Dr. Chirurgen, D-Ärzte Praxis&quot;;&quot;Hild"/>
  <Objekte ObjID="571" ObjAufnahme="1997-04-09" ObjLetztKontakt="1997-04-09" ObjStrasseID="6874" ObjHausnummer="Hildesheimer Straße 27" ObjVorlage="2013-09-11 00:00:00.0" ObKeinKontakt="1" ObjArtID="5" Merkmal="0.0" ObjInfo="&#xD;&#xA;&quot;Appelmann L.&quot;;&quot;Hildesheimer Str. 27&quot;;&quot;30169 Hannover&quot;;&quot;0511-854403&quot;&#xD;&#xA;&quot;Böker M.&quot;;&quot;Hildesheimer Str. 27&quot;;&quot;30169 Hannover&quot;;&quot;0511-854868&quot;&#xD;&#xA;&quot;Borchers Bernhard&quot;;&quot;Hildesheimer Str. 27&quot;;&quot;30169 Hannover&quot;;&quot;0511-817262&quot;&#xD;&#xA;&quot;Eberwein Tanja&quot;;&quot;Hildesheimer Str. 27&quot;;&quot;3"/>
  <Objekte ObjID="572" ObjAufnahme="1997-04-09" ObjLetztKontakt="1997-04-09" ObjStrasseID="6874" ObjHausnummer="Hildesheimer Straße 28" ObjVorlage="2013-09-11 00:00:00.0" ObKeinKontakt="1" ObjArtID="5" Merkmal="0.0" ObjInfo="&#xD;&#xA;&quot;AKD Ambulanter Krankenpflegedienst GmbH&quot;;&quot;Hildesheimer Str. 28&quot;;&quot;30169 Hannover&quot;;&quot;ISDN 0511-98060-0&quot;&#xD;&#xA;&quot;Blecker Frank Dr. med.dent. Zahnarzt&quot;;&quot;Hildesheimer Str. 28&quot;;&quot;30169 Hannover&quot;;&quot;0511-887770&quot;&#xD;&#xA;&quot;Borgmann Irma&quot;;&quot;Hildesheimer Str. 28&quot;;&quot;30169 Hannover&quot;;"/>
  <Objekte ObjID="573" ObjAufnahme="1997-04-09" ObjLetztKontakt="1997-04-09" ObjStrasseID="6874" ObjHausnummer="Hildesheimer Straße 29" ObjVorlage="2013-09-11 00:00:00.0" ObKeinKontakt="1" ObjArtID="5" Merkmal="0.0" ObjInfo="&#xD;&#xA;&quot;Stadtverwaltungen&quot;;&quot;&quot;;&quot;30... Hannover&quot;;&quot;0511-&quot;&#xD;&#xA;&quot;Verwaltung&quot;;&quot;Hildesheimer Str. 29&quot;;&quot;30169 Hannover&quot;;&quot;0511-168-3870&quot;&#xD;&#xA;&quot;Wulkopf Kerstin&quot;;&quot;Hildesheimer Str. 29&quot;;&quot;30169 Hannover&quot;;&quot;0511-815931&quot;"/>
  <Objekte ObjID="574" ObjAufnahme="1997-04-09" ObjLetztKontakt="1997-04-09" ObjStrasseID="6874" ObjHausnummer="Hildesheimer Straße 30" ObjVorlage="2013-09-11 00:00:00.0" ObKeinKontakt="1" ObjArtID="5" Merkmal="0.0" ObjInfo="&#xD;&#xA;&quot;Bollmann Hans-Bernd&quot;;&quot;Hildesheimer Str. 30&quot;;&quot;30169 Hannover&quot;;&quot;ISDN 0511-98962-34&quot;&#xD;&#xA;&quot;Breulmann Hermann&quot;;&quot;Hildesheimer Str. 30&quot;;&quot;30169 Hannover&quot;;&quot;ISDN 0511-98962-36&quot;&#xD;&#xA;&quot;Hammes Heinz-Walter&quot;;&quot;Hildesheimer Str. 30&quot;;&quot;30169 Hannover&quot;;&quot;ISDN 0511-98962-26&quot;&#xD;&#xA;&quot;Je"/>
  <Objekte ObjID="575" ObjAufnahme="1997-04-09" ObjLetztKontakt="1997-04-09" ObjStrasseID="6874" ObjHausnummer="Hildesheimer Straße 31" ObjVorlage="2013-09-11 00:00:00.0" ObKeinKontakt="1" ObjArtID="5" Merkmal="0.0" ObjInfo="&#xD;&#xA;&quot;Döring Fritz Schneider HerrenAusstatt.&quot;;&quot;Hildesheimer Str. 31&quot;;&quot;30169 Hannover&quot;;&quot;0511-854165&quot;&#xD;&#xA;&quot;Hietzke Ronald&quot;;&quot;Hildesheimer Str. 31&quot;;&quot;30169 Hannover&quot;;&quot;0511-819636&quot;&#xD;&#xA;&quot;Jakobi U.&quot;;&quot;Hildesheimer Str. 31&quot;;&quot;30169 Hannover&quot;;&quot;0511-855685&quot;&#xD;&#xA;&quot;Janek Fred&quot;;&quot;Hild"/>
  <Objekte ObjID="576" ObjAufnahme="1997-04-09" ObjLetztKontakt="1997-04-09" ObjStrasseID="6874" ObjHausnummer="Hildesheimer Straße 32" ObjVorlage="2013-09-11 00:00:00.0" ObKeinKontakt="1" ObjArtID="5" Merkmal="0.0" ObjInfo="&#xD;&#xA;&quot;Ambulanter Krankenpflegedienst Hannover GmbH&quot;;&quot;Hildesheimer Str. 32&quot;;&quot;30169 Hannover&quot;;&quot;0511-98060-0&quot;"/>
  <Objekte ObjID="577" ObjAufnahme="1997-04-09" ObjLetztKontakt="1997-04-09" ObjStrasseID="6874" ObjHausnummer="Hildesheimer Straße 33" ObjVorlage="2013-09-11 00:00:00.0" ObKeinKontakt="5" ObjArtID="37" Merkmal="0.0" ObjInfo="&#xD;&#xA;&quot;FARBPALETTE&quot;;&quot;Hildesheimer Str. 33&quot;;&quot;30169 Hannover&quot;;&quot;0511-281270&quot;"/>
  <Objekte ObjID="578" ObjAufnahme="1997-04-09" ObjLetztKontakt="1997-04-09" ObjStrasseID="6874" ObjHausnummer="Hildesheimer Straße 35" ObjVorlage="2013-09-11 00:00:00.0" ObKeinKontakt="1" ObjArtID="5" Merkmal="0.0" ObjInfo="&#xD;&#xA;&quot;Zahnärztekammer Nieders.&quot;;&quot;Hildesheimer Str. 35&quot;;&quot;30169 Hannover&quot;;&quot;0511-8112-0&quot;"/>
  <Objekte ObjID="579" ObjAufnahme="1997-04-09" ObjLetztKontakt="1997-04-09" ObjStrasseID="6874" ObjHausnummer="Hildesheimer Straße 37" ObjVorlage="2013-09-11 00:00:00.0" ObKeinKontakt="1" ObjArtID="5" Merkmal="0.0" ObjInfo="&#xD;&#xA;&quot;Broer HausVerw.&quot;;&quot;Hildesheimer Str. 37&quot;;&quot;30169 Hannover&quot;;&quot;0511-815285&quot;&#xD;&#xA;&quot;Broer Georg-Wieland&quot;;&quot;Hildesheimer Str. 37&quot;;&quot;30169 Hannover&quot;;&quot;0511-854787&quot;&#xD;&#xA;&quot;Kiaupa Klaus&quot;;&quot;Hildesheimer Str. 37&quot;;&quot;30169 Hannover&quot;;&quot;0511-855786&quot;&#xD;&#xA;&quot;Klapper Gerhard&quot;;&quot;Hildesheimer S"/>
  <Objekte ObjID="580" ObjAufnahme="1997-04-09" ObjLetztKontakt="1997-04-09" ObjStrasseID="6874" ObjHausnummer="Hildesheimer Straße 38" ObjVorlage="2013-09-11 00:00:00.0" ObKeinKontakt="1" ObjArtID="5" Merkmal="0.0"/>
  <Objekte ObjID="581" ObjAufnahme="1997-04-09" ObjLetztKontakt="1997-04-09" ObjStrasseID="6874" ObjHausnummer="Hildesheimer Straße 39" ObjVorlage="2013-09-11 00:00:00.0" ObKeinKontakt="1" ObjArtID="5" Merkmal="0.0" ObjInfo="&#xD;&#xA;&quot;ALBATROS Reisebüro GmbH &amp; Co. KG&quot;;&quot;Hildesheimer Str. 39&quot;;&quot;30169 Hannover&quot;;&quot;0511-853001&quot;&#xD;&#xA;&quot;Biermann Marie&quot;;&quot;Hildesheimer Str. 39&quot;;&quot;30169 Hannover&quot;;&quot;0511-855969&quot;&#xD;&#xA;&quot;Brinke Rudolf&quot;;&quot;Hildesheimer Str. 39&quot;;&quot;30169 Hannover&quot;;&quot;0511-281355&quot;&#xD;&#xA;&quot;Drehmann&apos;s Buchstab"/>
  <Objekte ObjID="582" ObjAufnahme="1997-04-09" ObjLetztKontakt="1997-04-09" ObjStrasseID="6874" ObjHausnummer="Hildesheimer Straße 41" ObjVorlage="2013-09-11 00:00:00.0" ObKeinKontakt="1" ObjArtID="5" Merkmal="0.0" ObjInfo="&#xD;&#xA;&quot;Medizinischer Dienst der Krankenversicherung Niedersachsen Beratungsstelle&quot;;&quot;Hildesheimer Str. 41&quot;;&quot;30169 Hannover&quot;;&quot;0511-8117-0"/>
  <Objekte ObjID="583" ObjAufnahme="1997-04-09" ObjLetztKontakt="1997-04-09" ObjStrasseID="6874" ObjHausnummer="Hildesheimer Straße 42" ObjVorlage="2013-09-11 00:00:00.0" ObKeinKontakt="1" ObjArtID="5" Merkmal="0.0" ObjInfo="&#xD;&#xA;&quot;Bögemann Bernd&quot;;&quot;Hildesheimer Str. 42&quot;;&quot;30169 Hannover&quot;;&quot;Q 0511-883582&quot;&#xD;&#xA;&quot;Bögemann Hermann&quot;;&quot;Hildesheimer Str. 42&quot;;&quot;30169 Hannover&quot;;&quot;0511-808770&quot;&#xD;&#xA;&quot;B + P Autoradio-CB-Funk-Dienst GmbH&quot;;&quot;Hildesheimer Str. 42&quot;;&quot;30169 Hannover&quot;;&quot;0511-8091626&quot;&#xD;&#xA;&quot;Czapp Agne"/>
  <Objekte ObjID="584" ObjAufnahme="1997-04-09" ObjLetztKontakt="1997-04-09" ObjStrasseID="6874" ObjHausnummer="Hildesheimer Straße 44" ObjVorlage="2013-09-11 00:00:00.0" ObKeinKontakt="1" ObjArtID="5" Merkmal="0.0" ObjInfo="&#xD;&#xA;&quot;Benthin Aenne&quot;;&quot;Hildesheimer Str. 44&quot;;&quot;30169 Hannover&quot;;&quot;0511-880254&quot;&#xD;&#xA;&quot;Borchers Bäckerei Konditorei&quot;;&quot;Hildesheimer Str. 44&quot;;&quot;30169 Hannover&quot;;&quot;0511-885664&quot;&#xD;&#xA;&quot;Borchers Bäckerei Konditorei&quot;;&quot;Hildesheimer Str. 44&quot;;&quot;30169 Hannover&quot;;&quot;0511-885664&quot;&#xD;&#xA;&quot;Borchers "/>
  <Objekte ObjID="585" ObjAufnahme="1997-04-09" ObjLetztKontakt="1997-04-09" ObjStrasseID="6874" ObjHausnummer="Hildesheimer Straße 45" ObjVorlage="2013-09-11 00:00:00.0" ObKeinKontakt="1" ObjArtID="5" Merkmal="0.0" ObjInfo="&#xD;&#xA;&quot;Blumenauer GmbH &amp; Co KG Immob.&quot;;&quot;Hildesheimer Str. 45&quot;;&quot;30169 Hannover&quot;;&quot;ISDN 0511-9899-0&quot;&#xD;&#xA;&quot;Bolz Axel Dr. Zahnarzt&quot;;&quot;Hildesheimer Str. 45&quot;;&quot;30169 Hannover&quot;;&quot;Q 0511-880499&quot;&#xD;&#xA;&quot;Dunkelberg Manfred&quot;;&quot;Hildesheimer Str. 45&quot;;&quot;30169 Hannover&quot;;&quot;0511-885442&quot;&#xD;&#xA;&quot;P"/>
  <Objekte ObjID="586" ObjAufnahme="1997-04-09" ObjLetztKontakt="1997-04-09" ObjStrasseID="6874" ObjHausnummer="Hildesheimer Straße 52" ObjVorlage="2013-09-11 00:00:00.0" ObKeinKontakt="1" ObjArtID="5" Merkmal="0.0" ObjInfo="&#xD;&#xA;&quot;Ara - Betriebe Spiel-Salon u. Gaststättenbeteiligungs- gesellschaft mbH Hpt.Verw.&quot;;&quot;Hildesheimer Str. 52&quot;;&quot;30169 Hannover&quot;;&quot;0511-883036&quot;&#xD;&#xA;&quot;Argendorf Anna&quot;;&quot;Hildesheimer Str. 52&quot;;&quot;30169 Hannover&quot;;&quot;0511-888188&quot;&#xD;&#xA;&quot;Bastian -Stoffe Inh. Peter Bastian&quot;;&quot;Hild"/>
  <Objekte ObjID="587" ObjAufnahme="1997-04-09" ObjLetztKontakt="1997-04-09" ObjStrasseID="6874" ObjHausnummer="Hildesheimer Straße 46" ObjVorlage="2013-09-11 00:00:00.0" ObKeinKontakt="1" ObjArtID="5" Merkmal="0.0" ObjInfo="&#xD;&#xA;&quot;BÜROCOMplett Trautmann + Schmidt Am Lister Platz&quot;;&quot;Ferdinand-Wallbrecht-Str. 2&quot;;&quot;30163 Hannover&quot;;&quot;0511-965871-0&quot;&#xD;&#xA;&quot;Buch, Papier u. mehr...&quot;;&quot;Hildesheimer Str. 46&quot;;&quot;30169 Hannover&quot;;&quot;0511-863645&quot;&#xD;&#xA;&quot;Dahlem Konrad Dr.med. Hals-Nasen-Ohren-Arzt Praxis:&quot;;&quot;Hi"/>
  <Objekte ObjID="588" ObjAufnahme="1997-04-09" ObjLetztKontakt="1997-04-09" ObjStrasseID="6874" ObjHausnummer="Hildesheimer Straße 51" ObjVorlage="2013-09-11 00:00:00.0" ObKeinKontakt="1" ObjArtID="5" Merkmal="0.0"/>
  <Objekte ObjID="589" ObjAufnahme="1997-04-09" ObjLetztKontakt="1997-04-09" ObjStrasseID="6874" ObjHausnummer="Hildesheimer Straße 47" ObjVorlage="2013-09-11 00:00:00.0" ObKeinKontakt="1" ObjArtID="5" Merkmal="0.0" ObjInfo="&#xD;&#xA;&quot;Künstlerdienst beim Landesarbeitsamt Niedersachsen-Bremen&quot;;&quot;Hildesheimer Str. 47&quot;;&quot;30169 Hannover&quot;;&quot;ISDN 0511-9885-0&quot;&#xD;&#xA;&quot;Techkon Anlagenplanung GmbH&quot;;&quot;Hildesheimer Str. 47&quot;;&quot;30169 Hannover&quot;;&quot;ISDN 0511-98966-0&quot;"/>
  <Objekte ObjID="590" ObjAufnahme="1997-04-09" ObjLetztKontakt="1997-04-09" ObjStrasseID="6874" ObjHausnummer="Hildesheimer Straße 48" ObjVorlage="2013-09-11 00:00:00.0" ObKeinKontakt="1" ObjArtID="5" Merkmal="0.0" ObjInfo="&#xD;&#xA;&quot;EURA-TV-LEASING GMBH &amp; Co. KG&quot;;&quot;Hildesheimer Str. 48&quot;;&quot;30169 Hannover&quot;;&quot;0511-805801&quot;&#xD;&#xA;&quot;Jäger Ch.&quot;;&quot;Hildesheimer Str. 48&quot;;&quot;30169 Hannover&quot;;&quot;0511-885130&quot;&#xD;&#xA;&quot;Lüne H.&quot;;&quot;Hildesheimer Str. 48&quot;;&quot;30169 Hannover&quot;;&quot;0511-888471&quot;&#xD;&#xA;&quot;Marx Fred Gaststätte&quot;;&quot;Hildesheim"/>
  <Objekte ObjID="591" ObjAufnahme="1997-04-09" ObjLetztKontakt="1997-04-09" ObjStrasseID="6874" ObjHausnummer="Hildesheimer Straße 49" ObjVorlage="2013-09-11 00:00:00.0" ObKeinKontakt="1" ObjArtID="5" Merkmal="0.0" ObjInfo="&#xD;&#xA;&quot;DRUCKKONTOR HELGA JANKE&quot;;&quot;Hildesheimer Str. 49&quot;;&quot;30169 Hannover&quot;;&quot;0511-8791560&quot;&#xD;&#xA;&quot;Janke Helga Druckkontor&quot;;&quot;Hildesheimer Str. 49&quot;;&quot;30169 Hannover&quot;;&quot;0511-8791560&quot;"/>
  <Objekte ObjID="592" ObjAufnahme="1997-04-09" ObjLetztKontakt="1997-04-09" ObjStrasseID="6874" ObjHausnummer="Hildesheimer Straße 50" ObjVorlage="2013-09-11 00:00:00.0" ObKeinKontakt="1" ObjArtID="5" Merkmal="0.0" ObjInfo="&#xD;&#xA;&quot;Dabrowski Sonja&quot;;&quot;Hildesheimer Str. 50&quot;;&quot;30169 Hannover&quot;;&quot;0511-885306&quot;&#xD;&#xA;&quot;Grabig Jens&quot;;&quot;Hildesheimer Str. 50&quot;;&quot;30169 Hannover&quot;;&quot;0511-804450&quot;&#xD;&#xA;&quot;Güldner Claudia Kosmetikstudio&quot;;&quot;Hildesheimer Str. 50&quot;;&quot;30169 Hannover&quot;;&quot;0511-884162&quot;&#xD;&#xA;&quot;Hampe M. Werkst. f. el"/>
  <Objekte ObjID="593" ObjAufnahme="1997-04-09" ObjLetztKontakt="1997-04-09" ObjStrasseID="6874" ObjHausnummer="Hildesheimer Straße 53" ObjVorlage="2013-09-11 00:00:00.0" ObKeinKontakt="1" ObjArtID="36" Merkmal="0.0" ObjInfo="&#xD;&#xA;&quot;Acal Auriema GmbH&quot;;&quot;Hildesheimer Str. 53&quot;;&quot;30169 Hannover&quot;;&quot;0511-8071-154&quot;&#xD;&#xA;&quot;AIR LIQUIDE GMBH Verk.Büro Hannover&quot;;&quot;Hildesheimer Str. 53&quot;;&quot;30169 Hannover&quot;;&quot;0511-8071-155&quot;&#xD;&#xA;&quot;Bangemann FIRST Reisebüro Kröpckepassage&quot;;&quot;Joachimstr. 8&quot;;&quot;30159 Hannover&quot;;&quot;ISDN"/>
  <Objekte ObjID="594" ObjAufnahme="1997-04-09" ObjLetztKontakt="1997-04-09" ObjStrasseID="6874" ObjHausnummer="Hildesheimer Straße 54" ObjVorlage="1997-09-15 00:00:00.0" ObKeinKontakt="2" ObjArtID="5" Merkmal="0.0" ObjInfo="Hat bereits verkauft, Neuer Käufer nicht bekannt&#xD;&#xA;&quot;Baumgart Ilse&quot;;&quot;Hildesheimer Str. 54&quot;;&quot;30169 Hannover&quot;;&quot;0511-8091187&quot;&#xD;&#xA;&quot;Commerzbank AG&quot;;&quot;Theaterstr. 11&quot;;&quot;30159 Hannover&quot;;&quot;0511-3037-0&quot;&#xD;&#xA;&quot;&quot;;&quot;Hildesheimer Str. 54&quot;;&quot;30169 Hannover&quot;;&quot;0511-80706-0&quot;&#xD;&#xA;&quot;Döhren L&#xD;&#xA;595"/>
  <Objekte ObjID="596" ObjAufnahme="1997-04-09" ObjLetztKontakt="1997-04-09" ObjStrasseID="6874" ObjHausnummer="Hildesheimer Straße 56" ObjVorlage="2013-09-11 00:00:00.0" ObKeinKontakt="1" ObjArtID="5" Merkmal="0.0" ObjInfo="&#xD;&#xA;&quot;Big House-Studios&quot;;&quot;Hildesheimer Str. 56&quot;;&quot;30169 Hannover&quot;;&quot;ISDN 0511-9887057&quot;&#xD;&#xA;&quot;Bouratzi Angeliki&quot;;&quot;Hildesheimer Str. 56&quot;;&quot;30169 Hannover&quot;;&quot;0511-882579&quot;&#xD;&#xA;&quot;Burgdorf Dietmar Turbo Solarium&quot;;&quot;Hildesheimer Str. 56&quot;;&quot;30169 Hannover&quot;;&quot;0511-884599&quot;&#xD;&#xA;&quot;Mekras "/>
  <Objekte ObjID="597" ObjAufnahme="1997-04-09" ObjLetztKontakt="1997-04-09" ObjStrasseID="6874" ObjHausnummer="Hildesheimer Straße 57" ObjVorlage="2013-09-11 00:00:00.0" ObKeinKontakt="1" ObjArtID="5" Merkmal="0.0" ObjInfo="&#xD;&#xA;&#xD;&#xA;&quot;Architekten Lorke u. Lappe&quot;;&quot;Hildesheimer Str. 57&quot;;&quot;30169 Hannover&quot;;&quot;0511-808026&quot;&#xD;&#xA;&quot;Burkhardt Rolf&quot;;&quot;Hildesheimer Str. 57&quot;;&quot;30169 Hannover&quot;;&quot;0511-885628&quot;&#xD;&#xA;&quot;Fischer F.&quot;;&quot;Hildesheimer Str. 57&quot;;&quot;30169 Hannover&quot;;&quot;0511-887906&quot;&#xD;&#xA;&quot;Friedrich Carmen kfm. Ang."/>
  <Objekte ObjID="598" ObjAufnahme="1997-04-09" ObjLetztKontakt="1997-04-09" ObjStrasseID="6874" ObjHausnummer="Hildesheimer Straße 58" ObjVorlage="2013-09-11 00:00:00.0" ObKeinKontakt="1" ObjArtID="5" Merkmal="0.0" ObjInfo="&#xD;&#xA;&quot;Bachtari Naeim M.&quot;;&quot;Hildesheimer Str. 58&quot;;&quot;30169 Hannover&quot;;&quot;0511-801195&quot;&#xD;&#xA;&quot;Böttcher Friederike&quot;;&quot;Hildesheimer Str. 58&quot;;&quot;30169 Hannover&quot;;&quot;0511-8092294&quot;&#xD;&#xA;&quot;Bürger Helga&quot;;&quot;Hildesheimer Str. 58&quot;;&quot;30169 Hannover&quot;;&quot;0511-880595&quot;&#xD;&#xA;&quot;Bürger Ralph&quot;;&quot;Hildesheimer S"/>
  <Objekte ObjID="599" ObjAufnahme="1997-04-09" ObjLetztKontakt="1997-04-09" ObjStrasseID="6874" ObjHausnummer="Hildesheimer Straße 59" ObjVorlage="2013-09-11 00:00:00.0" ObKeinKontakt="1" ObjArtID="5" Merkmal="0.0" ObjInfo="&#xD;&#xA;&quot;Urac Laslo&quot;;&quot;Hildesheimer Str. 59&quot;;&quot;30169 Hannover&quot;;&quot;Fu 0161-2509358&quot;"/>
  <Objekte ObjID="600" ObjAufnahme="1997-04-09" ObjLetztKontakt="1997-04-09" ObjStrasseID="6874" ObjHausnummer="Hildesheimer Straße 60" ObjVorlage="2013-09-11 00:00:00.0" ObKeinKontakt="1" ObjArtID="5" Merkmal="0.0" ObjInfo="&#xD;&#xA;&quot;Bähre Lars&quot;;&quot;Hildesheimer Str. 60&quot;;&quot;30169 Hannover&quot;;&quot;0511-883722&quot;&#xD;&#xA;&quot;Cassier Anne&quot;;&quot;Hildesheimer Str. 60&quot;;&quot;30169 Hannover&quot;;&quot;0511-888460&quot;&#xD;&#xA;&quot;Djuren Annalise&quot;;&quot;Hildesheimer Str. 60&quot;;&quot;30169 Hannover&quot;;&quot;0511-883606&quot;&#xD;&#xA;&quot;Hörmann Michaela&quot;;&quot;Hildesheimer Str. 60&quot;;"/>
  <Objekte ObjID="601" ObjAufnahme="1997-04-09" ObjLetztKontakt="1997-04-09" ObjStrasseID="6874" ObjHausnummer="Hildesheimer Straße 62" ObjVorlage="2013-09-11 00:00:00.0" ObKeinKontakt="1" ObjArtID="5" Merkmal="0.0" ObjInfo="&#xD;&#xA;&quot;Appel Dietrich&quot;;&quot;Hildesheimer Str. 62&quot;;&quot;30169 Hannover&quot;;&quot;0511-887540&quot;&#xD;&#xA;&quot;Becker Klaus-Dieter&quot;;&quot;Hildesheimer Str. 62&quot;;&quot;30169 Hannover&quot;;&quot;0511-802132&quot;&#xD;&#xA;&quot;Büth Christoph&quot;;&quot;Hildesheimer Str. 62&quot;;&quot;30169 Hannover&quot;;&quot;0511-801941&quot;&#xD;&#xA;&quot;KÜHL OPTIK Handwerk u. Brillenm"/>
  <Objekte ObjID="602" ObjAufnahme="1997-04-09" ObjLetztKontakt="1997-04-09" ObjStrasseID="6874" ObjHausnummer="Hildesheimer Straße 63" ObjVorlage="2013-09-11 00:00:00.0" ObKeinKontakt="1" ObjArtID="5" Merkmal="0.0" ObjInfo="&#xD;&#xA;&quot;Mehlen Klaus Blumen&quot;;&quot;Hildesheimer Str. 63&quot;;&quot;30169 Hannover&quot;;&quot;0511-880201&quot;"/>
  <Objekte ObjID="603" ObjAufnahme="1997-04-09" ObjLetztKontakt="1997-04-09" ObjStrasseID="6874" ObjHausnummer="Hildesheimer Straße 64" ObjVorlage="2013-09-11 00:00:00.0" ObKeinKontakt="1" ObjArtID="5" Merkmal="0.0" ObjInfo="&#xD;&#xA;&quot;Brandt U.&quot;;&quot;Hildesheimer Str. 73&quot;;&quot;30169 Hannover&quot;;&quot;0511-880734&quot;&#xD;&#xA;&quot;Bunte Christian&quot;;&quot;Hildesheimer Str. 64&quot;;&quot;30169 Hannover&quot;;&quot;0511-8093439&quot;&#xD;&#xA;&quot;Föllmer Thorsten&quot;;&quot;Hildesheimer Str. 64&quot;;&quot;30169 Hannover&quot;;&quot;0511-8094350&quot;&#xD;&#xA;&quot;Hegewisch Jörg u. Bianca&quot;;&quot;Hildeshei"/>
  <Objekte ObjID="604" ObjAufnahme="1997-04-09" ObjLetztKontakt="1997-04-09" ObjStrasseID="6874" ObjHausnummer="Hildesheimer Straße 66" ObjVorlage="2013-09-11 00:00:00.0" ObKeinKontakt="1" ObjArtID="5" Merkmal="0.0" ObjInfo="&#xD;&#xA;&quot;Bartels Ilse&quot;;&quot;Hildesheimer Str. 66&quot;;&quot;30169 Hannover&quot;;&quot;0511-805985&quot;&#xD;&#xA;&quot;Eichler L.&quot;;&quot;Hildesheimer Str. 66&quot;;&quot;30169 Hannover&quot;;&quot;0511-801736&quot;&#xD;&#xA;&quot;Jahns A.&quot;;&quot;Hildesheimer Str. 66&quot;;&quot;30169 Hannover&quot;;&quot;0511-887059&quot;&#xD;&#xA;&quot;Jahns D.&quot;;&quot;Hildesheimer Str. 66&quot;;&quot;30169 Hannover"/>
  <Objekte ObjID="605" ObjAufnahme="1997-04-09" ObjLetztKontakt="1997-04-09" ObjStrasseID="6874" ObjHausnummer="Hildesheimer Straße 68" ObjVorlage="2013-09-11 00:00:00.0" ObKeinKontakt="1" ObjArtID="5" Merkmal="0.0" ObjInfo="&#xD;&#xA;&quot;Januschewski Marg.&quot;;&quot;Hildesheimer Str. 68&quot;;&quot;30169 Hannover&quot;;&quot;0511-800108&quot;&#xD;&#xA;&quot;Lindemann Andreas&quot;;&quot;Hildesheimer Str. 68&quot;;&quot;30169 Hannover&quot;;&quot;0511-8094152&quot;&#xD;&#xA;&quot;Schellin-Moden&quot;;&quot;Hildesheimer Str. 68&quot;;&quot;30169 Hannover&quot;;&quot;0511-889362&quot;&#xD;&#xA;&quot;Strahl Ursula&quot;;&quot;Hildesheimer"/>
  <Objekte ObjID="606" ObjAufnahme="1997-04-09" ObjLetztKontakt="1997-04-09" ObjStrasseID="6874" ObjHausnummer="Hildesheimer Straße 69" ObjVorlage="2013-09-11 00:00:00.0" ObKeinKontakt="1" ObjArtID="5" Merkmal="0.0" ObjInfo="&#xD;&#xA;&quot;Baltuttis Peter&quot;;&quot;Hildesheimer Str. 69&quot;;&quot;30169 Hannover&quot;;&quot;0511-887722&quot;"/>
  <Objekte ObjID="607" ObjAufnahme="1997-04-09" ObjLetztKontakt="1997-04-09" ObjStrasseID="6874" ObjHausnummer="Hildesheimer Straße 70" ObjVorlage="2013-09-11 00:00:00.0" ObKeinKontakt="1" ObjArtID="5" Merkmal="0.0" ObjInfo="&#xD;&#xA;&quot;Rohde Christoph&quot;;&quot;Hildesheimer Str. 70&quot;;&quot;30169 Hannover&quot;;&quot;0511-888375&quot;&#xD;&#xA;&quot;Schimann Wolfgang B.&quot;;&quot;Hildesheimer Str. 70&quot;;&quot;30169 Hannover&quot;;&quot;0511-887995&quot;&#xD;&#xA;&quot;Sender Herbert&quot;;&quot;Hildesheimer Str. 70&quot;;&quot;30169 Hannover&quot;;&quot;0511-804770&quot;&#xD;&#xA;&quot;Sturm Ingrid&quot;;&quot;Hildesheimer S"/>
  <Objekte ObjID="608" ObjAufnahme="1997-04-09" ObjLetztKontakt="1997-04-09" ObjStrasseID="6874" ObjHausnummer="Hildesheimer Straße 70A" ObjVorlage="2013-09-11 00:00:00.0" ObKeinKontakt="1" ObjArtID="5" Merkmal="0.0" ObjInfo="&quot;Hüsing Sonja&quot;;&quot;Hildesheimer Str. 70A&quot;;&quot;30169 Hannover&quot;;&quot;0511-8094382&quot;&#xD;&#xA;&quot;Ikonom Ilias&quot;;&quot;Hildesheimer Str. 70A&quot;;&quot;30169 Hannover&quot;;&quot;0511-808852&quot;&#xD;&#xA;&quot;Klewitz Timo&quot;;&quot;Hildesheimer Str. 70A&quot;;&quot;30169 Hannover&quot;;&quot;0511-804739&quot;"/>
  <Objekte ObjID="609" ObjAufnahme="1997-04-09" ObjLetztKontakt="1997-04-09" ObjStrasseID="6874" ObjHausnummer="Hildesheimer Straße 71" ObjVorlage="2013-09-11 00:00:00.0" ObKeinKontakt="1" ObjArtID="5" Merkmal="0.0" ObjInfo="&#xD;&#xA;&quot;Wagner Ingrid FriseurMstr.&quot;;&quot;Hildesheimer Str. 71&quot;;&quot;30169 Hannover&quot;;&quot;0511-885877&quot;"/>
  <Objekte ObjID="610" ObjAufnahme="1997-04-09" ObjLetztKontakt="1997-04-09" ObjStrasseID="6874" ObjHausnummer="Hildesheimer Straße 72" ObjVorlage="2013-09-11 00:00:00.0" ObKeinKontakt="1" ObjArtID="5" Merkmal="0.0" ObjInfo="&#xD;&#xA;&quot;Apotheken&quot;;&quot;&quot;;&quot;30... Hannover&quot;;&quot;0511-&quot;&#xD;&#xA;&quot;o Gertrauden-Apotheke&quot;;&quot;Hildesheimer Str. 72&quot;;&quot;30169 Hannover&quot;;&quot;0511-883024&quot;&#xD;&#xA;&quot;Bienek Steffen&quot;;&quot;Hildesheimer Str. 72&quot;;&quot;30169 Hannover&quot;;&quot;0511-889208&quot;&#xD;&#xA;&quot;Busse Werner&quot;;&quot;Hildesheimer Str. 72&quot;;&quot;30169 Hannover&quot;;&quot;0511-"/>
  <Objekte ObjID="611" ObjAufnahme="1997-04-09" ObjLetztKontakt="1997-04-09" ObjStrasseID="6874" ObjHausnummer="Hildesheimer Straße 75" ObjVorlage="2013-09-11 00:00:00.0" ObKeinKontakt="1" ObjArtID="5" Merkmal="0.0" ObjInfo="&#xD;&#xA;&quot;Hilse B.&quot;;&quot;Hildesheimer Str. 75&quot;;&quot;30169 Hannover&quot;;&quot;0511-881989&quot;&#xD;&#xA;&quot;Hoddow Sabine&quot;;&quot;Hildesheimer Str. 75&quot;;&quot;30169 Hannover&quot;;&quot;0511-8091168&quot;&#xD;&#xA;&quot;Janssen Jan-Peter&quot;;&quot;Hildesheimer Str. 75&quot;;&quot;30169 Hannover&quot;;&quot;0511-808516&quot;&#xD;&#xA;&quot;Strathmann Eva M.&quot;;&quot;Hildesheimer Str. 7"/>
  <Objekte ObjID="612" ObjAufnahme="1997-04-09" ObjLetztKontakt="1997-04-09" ObjStrasseID="6874" ObjHausnummer="Hildesheimer Straße 73" ObjVorlage="2013-09-11 00:00:00.0" ObKeinKontakt="1" ObjArtID="5" Merkmal="0.0" ObjInfo="&#xD;&#xA;&quot;Arlich&quot;;&quot;Hildesheimer Str. 73&quot;;&quot;30169 Hannover&quot;;&quot;0511-885342&quot;&#xD;&#xA;&quot;Bauer Barbara&quot;;&quot;Hildesheimer Str. 73&quot;;&quot;30169 Hannover&quot;;&quot;0511-886194&quot;&#xD;&#xA;&quot;Belgardt Gretlies&quot;;&quot;Hildesheimer Str. 73&quot;;&quot;30169 Hannover&quot;;&quot;0511-804351&quot;&#xD;&#xA;&quot;Bross Norbert&quot;;&quot;Hildesheimer Str. 73&quot;;&quot;301"/>
  <Objekte ObjID="613" ObjAufnahme="1997-04-09" ObjLetztKontakt="1997-04-09" ObjStrasseID="6874" ObjHausnummer="Hildesheimer Straße 302" ObjVorlage="2013-09-11 00:00:00.0" ObKeinKontakt="1" ObjArtID="5" Merkmal="0.0" ObjInfo="&#xD;&#xA;&quot;Guder Ingrid&quot;;&quot;Hildesheimer Str. 74&quot;;&quot;30169 Hannover&quot;;&quot;0511-887259&quot;&#xD;&#xA;&quot;Richter Kurt-Dieter&quot;;&quot;Hildesheimer Str. 74&quot;;&quot;30169 Hannover&quot;;&quot;0511-888618"/>
  <Objekte ObjID="614" ObjAufnahme="1997-04-09" ObjLetztKontakt="1997-04-09" ObjStrasseID="6874" ObjHausnummer="Hildesheimer Straße 74" ObjVorlage="2013-09-11 00:00:00.0" ObKeinKontakt="1" ObjArtID="5" Merkmal="0.0" ObjInfo="&#xD;&#xA;&quot;Guder Ingrid&quot;;&quot;Hildesheimer Str. 74&quot;;&quot;30169 Hannover&quot;;&quot;0511-887259&quot;&#xD;&#xA;&quot;Richter Kurt-Dieter&quot;;&quot;Hildesheimer Str. 74&quot;;&quot;30169 Hannover&quot;;&quot;0511-888618"/>
  <Objekte ObjID="615" ObjAufnahme="1997-04-09" ObjLetztKontakt="1997-04-09" ObjStrasseID="6874" ObjHausnummer="Hildesheimer Straße 76" ObjVorlage="2013-09-11 00:00:00.0" ObKeinKontakt="1" ObjArtID="5" Merkmal="0.0" ObjInfo="&#xD;&#xA;&quot;Cosi Cosmetics&quot;;&quot;Hildesheimer Str. 76&quot;;&quot;30169 Hannover&quot;;&quot;0511-806132&quot;&#xD;&#xA;&quot;Hoppe Bruno Maler&quot;;&quot;Hildesheimer Str. 76&quot;;&quot;30169 Hannover&quot;;&quot;Q 0511-881922&quot;&#xD;&#xA;&quot;Kluge Helmut&quot;;&quot;Hildesheimer Str. 76&quot;;&quot;30169 Hannover&quot;;&quot;0511-805176&quot;&#xD;&#xA;&quot;Lindemann Wolfgang&quot;;&quot;Hildesheimer"/>
  <Objekte ObjID="616" ObjAufnahme="1997-04-09" ObjLetztKontakt="1997-04-09" ObjStrasseID="6874" ObjHausnummer="Hildesheimer Straße 77" ObjVorlage="2013-09-11 00:00:00.0" ObKeinKontakt="1" ObjArtID="5" Merkmal="0.0" ObjInfo="&#xD;&#xA;&quot;Buchalik Gerhard&quot;;&quot;Hildesheimer Str. 77&quot;;&quot;30169 Hannover&quot;;&quot;0511-880468&quot;&#xD;&#xA;&quot;Depner Karin-Meike&quot;;&quot;Hildesheimer Str. 77&quot;;&quot;30169 Hannover&quot;;&quot;0511-880229&quot;&#xD;&#xA;&quot;Diedloff Fleischerei Partyservice gegründet seit 1966&quot;;&quot;Schulenburger Landstr. 38&quot;;&quot;30165 Hannover&quot;;&quot;0"/>
  <Objekte ObjID="617" ObjAufnahme="1997-04-09" ObjLetztKontakt="1997-04-09" ObjStrasseID="6874" ObjHausnummer="Hildesheimer Straße 78" ObjVorlage="2013-09-11 00:00:00.0" ObKeinKontakt="1" ObjArtID="5" Merkmal="0.0" ObjInfo="&quot;Claus Nicola&quot;;&quot;Hildesheimer Str. 78&quot;;&quot;30169 Hannover&quot;;&quot;0511-887086&quot;&#xD;&#xA;&quot;Geister Anni&quot;;&quot;Hildesheimer Str. 78&quot;;&quot;30169 Hannover&quot;;&quot;0511-887157&quot;&#xD;&#xA;&quot;Kalbhenn W.&quot;;&quot;Hildesheimer Str. 78&quot;;&quot;30169 Hannover&quot;;&quot;0511-883847&quot;&#xD;&#xA;&quot;Kemper Andreas Dipl-Oec.&quot;;&quot;Hildesheimer Str"/>
  <Objekte ObjID="618" ObjAufnahme="1997-04-09" ObjLetztKontakt="1997-04-09" ObjStrasseID="6874" ObjHausnummer="Hildesheimer Straße 80" ObjVorlage="2013-09-11 00:00:00.0" ObKeinKontakt="1" ObjArtID="5" Merkmal="0.0" ObjInfo="&#xD;&#xA;&quot;Alonso-Rodal Manuel&quot;;&quot;Hildesheimer Str. 80&quot;;&quot;30169 Hannover&quot;;&quot;0511-887153&quot;&#xD;&#xA;&quot;Bartels Andreas&quot;;&quot;Hildesheimer Str. 80&quot;;&quot;30169 Hannover&quot;;&quot;0511-8092887&quot;&#xD;&#xA;&quot;Braukmann Magda&quot;;&quot;Hildesheimer Str. 80&quot;;&quot;30169 Hannover&quot;;&quot;0511-801299&quot;&#xD;&#xA;&quot;Fricke-Schnelle Gudrun&quot;;&quot;Hil"/>
  <Objekte ObjID="619" ObjAufnahme="1997-04-09" ObjLetztKontakt="1997-04-09" ObjStrasseID="6874" ObjHausnummer="Hildesheimer Straße 81" ObjVorlage="2013-09-11 00:00:00.0" ObKeinKontakt="1" ObjArtID="5" Merkmal="0.0" ObjInfo="&#xD;&#xA;&quot;Gähle Michael&quot;;&quot;Hildesheimer Str. 81&quot;;&quot;30169 Hannover&quot;;&quot;0511-883897&quot;&#xD;&#xA;&quot;Gilde Gabriela&quot;;&quot;Hildesheimer Str. 81&quot;;&quot;30169 Hannover&quot;;&quot;0511-886084&quot;&#xD;&#xA;&quot;Gohlisch Klaus&quot;;&quot;Hildesheimer Str. 81&quot;;&quot;30169 Hannover&quot;;&quot;0511-880384&quot;&#xD;&#xA;&quot;Jacke G. Erbengemeinschaft&quot;;&quot;Hildeshe"/>
  <Objekte ObjID="620" ObjAufnahme="1997-04-09" ObjLetztKontakt="1997-04-09" ObjStrasseID="6874" ObjHausnummer="Hildesheimer Straße 82" ObjVorlage="2013-09-11 00:00:00.0" ObKeinKontakt="1" ObjArtID="5" Merkmal="0.0" ObjInfo="Freie Demokratische Partei (F.D.P.) Landesverband Ratsfraktion&#09;Hildesheimer Str. 7&#09;30169 Hannover&#09;0511-168-5659&#xD;&#xA;Kastern Das Kunst &amp; Auktionshaus&#09;Hildesheimer Str. 7&#09;30169 Hannover&#09;0511-851085&#xD;&#xA;Leine Club Sportförderkreis e.V.&#09;Hildesheimer Str. 7&#09;30169 Ha"/>
  <Objekte ObjID="621" ObjAufnahme="1997-04-09" ObjLetztKontakt="1997-04-09" ObjStrasseID="6874" ObjHausnummer="Hildesheimer Straße 83" ObjVorlage="2013-09-11 00:00:00.0" ObKeinKontakt="1" ObjArtID="5" Merkmal="0.0"/>
  <Objekte ObjID="622" ObjAufnahme="1997-04-09" ObjLetztKontakt="1997-04-09" ObjStrasseID="6874" ObjHausnummer="Hildesheimer Straße 84" ObjVorlage="2013-09-11 00:00:00.0" ObKeinKontakt="1" ObjArtID="5" Merkmal="0.0"/>
  <Objekte ObjID="624" ObjAufnahme="1997-04-09" ObjLetztKontakt="1997-04-09" ObjStrasseID="6874" ObjHausnummer="Hildesheimer Straße 86" ObjVorlage="2013-09-11 00:00:00.0" ObKeinKontakt="1" ObjArtID="5" Merkmal="0.0"/>
  <Objekte ObjID="625" ObjAufnahme="1997-04-09" ObjLetztKontakt="1997-04-09" ObjStrasseID="6874" ObjHausnummer="Hildesheimer Straße 87" ObjVorlage="2013-09-11 00:00:00.0" ObKeinKontakt="1" ObjArtID="5" Merkmal="0.0"/>
  <Objekte ObjID="626" ObjAufnahme="1997-04-09" ObjLetztKontakt="1997-04-09" ObjStrasseID="6874" ObjHausnummer="Hildesheimer Straße 88" ObjVorlage="2013-09-11 00:00:00.0" ObKeinKontakt="1" ObjArtID="5" Merkmal="0.0"/>
  <Objekte ObjID="627" ObjAufnahme="1997-04-09" ObjLetztKontakt="1997-04-09" ObjStrasseID="6874" ObjHausnummer="Hildesheimer Straße 89" ObjVorlage="2013-09-11 00:00:00.0" ObKeinKontakt="1" ObjArtID="5" Merkmal="0.0"/>
  <Objekte ObjID="628" ObjAufnahme="1997-04-09" ObjLetztKontakt="1997-04-09" ObjStrasseID="6874" ObjHausnummer="Hildesheimer Straße 90" ObjVorlage="2013-09-11 00:00:00.0" ObKeinKontakt="1" ObjArtID="5" Merkmal="0.0"/>
  <Objekte ObjID="629" ObjAufnahme="1997-04-09" ObjLetztKontakt="1997-04-09" ObjStrasseID="6874" ObjHausnummer="Hildesheimer Straße 91" ObjVorlage="2013-09-11 00:00:00.0" ObKeinKontakt="1" ObjArtID="5" Merkmal="0.0"/>
  <Objekte ObjID="630" ObjAufnahme="1997-04-09" ObjLetztKontakt="1997-04-09" ObjStrasseID="6874" ObjHausnummer="Hildesheimer Straße 92" ObjVorlage="2013-09-11 00:00:00.0" ObKeinKontakt="1" ObjArtID="5" Merkmal="0.0"/>
  <Objekte ObjID="631" ObjAufnahme="1997-04-09" ObjLetztKontakt="1997-04-09" ObjStrasseID="6874" ObjHausnummer="Hildesheimer Straße 93" ObjVorlage="2013-09-11 00:00:00.0" ObKeinKontakt="1" ObjArtID="5" Merkmal="0.0"/>
  <Objekte ObjID="632" ObjAufnahme="1997-04-09" ObjLetztKontakt="1997-04-09" ObjStrasseID="6874" ObjHausnummer="Hildesheimer Straße 94" ObjVorlage="2013-09-11 00:00:00.0" ObKeinKontakt="1" ObjArtID="5" Merkmal="0.0"/>
  <Objekte ObjID="633" ObjAufnahme="1997-04-09" ObjLetztKontakt="1997-04-09" ObjStrasseID="6874" ObjHausnummer="Hildesheimer Straße 95" ObjVorlage="2013-09-11 00:00:00.0" ObKeinKontakt="1" ObjArtID="5" Merkmal="0.0"/>
  <Objekte ObjID="634" ObjAufnahme="1997-04-09" ObjLetztKontakt="1997-04-09" ObjStrasseID="6874" ObjHausnummer="Hildesheimer Straße 96" ObjVorlage="2013-09-11 00:00:00.0" ObKeinKontakt="1" ObjArtID="5" Merkmal="0.0"/>
  <Objekte ObjID="635" ObjAufnahme="1997-04-09" ObjLetztKontakt="1997-04-09" ObjStrasseID="6874" ObjHausnummer="Hildesheimer Straße 97" ObjVorlage="2013-09-11 00:00:00.0" ObKeinKontakt="1" ObjArtID="5" Merkmal="0.0"/>
  <Objekte ObjID="636" ObjAufnahme="1997-04-09" ObjLetztKontakt="1997-04-09" ObjStrasseID="6874" ObjHausnummer="Hildesheimer Straße 98" ObjVorlage="2013-09-11 00:00:00.0" ObKeinKontakt="1" ObjArtID="5" Merkmal="0.0"/>
  <Objekte ObjID="637" ObjAufnahme="1997-04-09" ObjLetztKontakt="1997-04-09" ObjStrasseID="6874" ObjHausnummer="Hildesheimer Straße 99" ObjVorlage="2013-09-11 00:00:00.0" ObKeinKontakt="1" ObjArtID="5" Merkmal="0.0"/>
  <Objekte ObjID="638" ObjAufnahme="1997-04-09" ObjLetztKontakt="1997-04-09" ObjStrasseID="6874" ObjHausnummer="Hildesheimer Straße 100" ObjVorlage="2013-09-11 00:00:00.0" ObKeinKontakt="1" ObjArtID="5" Merkmal="0.0"/>
  <Objekte ObjID="639" ObjAufnahme="1997-04-09" ObjLetztKontakt="1997-04-09" ObjStrasseID="6874" ObjHausnummer="Hildesheimer Straße 101" ObjVorlage="2013-09-11 00:00:00.0" ObKeinKontakt="1" ObjArtID="5" Merkmal="0.0"/>
  <Objekte ObjID="640" ObjAufnahme="1997-04-09" ObjLetztKontakt="1997-04-09" ObjStrasseID="6874" ObjHausnummer="Hildesheimer Straße 102" ObjVorlage="2013-09-11 00:00:00.0" ObKeinKontakt="1" ObjArtID="5" Merkmal="0.0"/>
  <Objekte ObjID="641" ObjAufnahme="1997-04-09" ObjLetztKontakt="1997-04-09" ObjStrasseID="6874" ObjHausnummer="Hildesheimer Straße 103" ObjVorlage="2013-09-11 00:00:00.0" ObKeinKontakt="1" ObjArtID="5" Merkmal="0.0"/>
  <Objekte ObjID="642" ObjAufnahme="1997-04-09" ObjLetztKontakt="1997-04-09" ObjStrasseID="6874" ObjHausnummer="Hildesheimer Straße 105" ObjVorlage="2013-09-11 00:00:00.0" ObKeinKontakt="1" ObjArtID="5" Merkmal="0.0"/>
  <Objekte ObjID="643" ObjAufnahme="1997-04-09" ObjLetztKontakt="1997-04-09" ObjStrasseID="6874" ObjHausnummer="Hildesheimer Straße 106" ObjVorlage="2013-09-11 00:00:00.0" ObKeinKontakt="1" ObjArtID="5" Merkmal="0.0"/>
  <Objekte ObjID="644" ObjAufnahme="1997-04-09" ObjLetztKontakt="1997-04-09" ObjStrasseID="6874" ObjHausnummer="Hildesheimer Straße 107" ObjVorlage="2013-09-11 00:00:00.0" ObKeinKontakt="1" ObjArtID="5" Merkmal="0.0"/>
  <Objekte ObjID="645" ObjAufnahme="1997-04-09" ObjLetztKontakt="1997-04-09" ObjStrasseID="6874" ObjHausnummer="Hildesheimer Straße 108" ObjVorlage="2013-09-11 00:00:00.0" ObKeinKontakt="1" ObjArtID="5" Merkmal="0.0"/>
  <Objekte ObjID="646" ObjAufnahme="1997-04-09" ObjLetztKontakt="1997-04-09" ObjStrasseID="6874" ObjHausnummer="Hildesheimer Straße 109" ObjVorlage="2013-09-11 00:00:00.0" ObKeinKontakt="1" ObjArtID="5" Merkmal="0.0"/>
  <Objekte ObjID="647" ObjAufnahme="1997-04-09" ObjLetztKontakt="1997-04-09" ObjStrasseID="6874" ObjHausnummer="Hildesheimer Straße 110" ObjVorlage="2013-09-11 00:00:00.0" ObKeinKontakt="1" ObjArtID="5" Merkmal="0.0"/>
  <Objekte ObjID="648" ObjAufnahme="1997-04-09" ObjLetztKontakt="1997-04-09" ObjStrasseID="6874" ObjHausnummer="Hildesheimer Straße 111" ObjVorlage="2013-09-11 00:00:00.0" ObKeinKontakt="1" ObjArtID="5" Merkmal="0.0"/>
  <Objekte ObjID="649" ObjAufnahme="1997-04-09" ObjLetztKontakt="1997-04-09" ObjStrasseID="6874" ObjHausnummer="Hildesheimer Straße 111A" ObjVorlage="2013-09-11 00:00:00.0" ObKeinKontakt="1" ObjArtID="5" Merkmal="0.0"/>
  <Objekte ObjID="650" ObjAufnahme="1997-04-09" ObjLetztKontakt="1997-04-09" ObjStrasseID="6874" ObjHausnummer="Hildesheimer Straße 112" ObjVorlage="2013-09-11 00:00:00.0" ObKeinKontakt="1" ObjArtID="5" Merkmal="0.0"/>
  <Objekte ObjID="651" ObjAufnahme="1997-04-09" ObjLetztKontakt="1997-04-09" ObjStrasseID="6874" ObjHausnummer="Hildesheimer Straße 113" ObjVorlage="2013-09-11 00:00:00.0" ObKeinKontakt="1" ObjArtID="5" Merkmal="0.0"/>
  <Objekte ObjID="652" ObjAufnahme="1997-04-09" ObjLetztKontakt="1997-04-09" ObjStrasseID="6874" ObjHausnummer="Hildesheimer Straße 115" ObjVorlage="2013-09-11 00:00:00.0" ObKeinKontakt="1" ObjArtID="5" Merkmal="0.0"/>
  <Objekte ObjID="653" ObjAufnahme="1997-04-09" ObjLetztKontakt="1997-04-09" ObjStrasseID="6874" ObjHausnummer="Hildesheimer Straße 117" ObjVorlage="2013-09-11 00:00:00.0" ObKeinKontakt="1" ObjArtID="5" Merkmal="0.0"/>
  <Objekte ObjID="654" ObjAufnahme="1997-04-09" ObjLetztKontakt="1997-04-09" ObjStrasseID="6874" ObjHausnummer="Hildesheimer Straße 118" ObjVorlage="2013-09-11 00:00:00.0" ObKeinKontakt="1" ObjArtID="5" Merkmal="0.0"/>
  <Objekte ObjID="655" ObjAufnahme="1997-04-09" ObjLetztKontakt="1997-04-09" ObjStrasseID="6874" ObjHausnummer="Hildesheimer Straße 119" ObjVorlage="2013-09-11 00:00:00.0" ObKeinKontakt="1" ObjArtID="5" Merkmal="0.0"/>
  <Objekte ObjID="656" ObjAufnahme="1997-04-09" ObjLetztKontakt="1997-04-09" ObjStrasseID="6874" ObjHausnummer="Hildesheimer Straße 120" ObjVorlage="2013-09-11 00:00:00.0" ObKeinKontakt="1" ObjArtID="5" Merkmal="0.0"/>
  <Objekte ObjID="657" ObjAufnahme="1997-04-09" ObjLetztKontakt="1997-04-09" ObjStrasseID="6874" ObjHausnummer="Hildesheimer Straße 121" ObjVorlage="2013-09-11 00:00:00.0" ObKeinKontakt="1" ObjArtID="5" Merkmal="0.0"/>
  <Objekte ObjID="658" ObjAufnahme="1997-04-09" ObjLetztKontakt="1997-04-09" ObjStrasseID="6874" ObjHausnummer="Hildesheimer Straße 122" ObjVorlage="2013-09-11 00:00:00.0" ObKeinKontakt="1" ObjArtID="5" Merkmal="0.0"/>
  <Objekte ObjID="659" ObjAufnahme="1997-04-09" ObjLetztKontakt="1997-04-09" ObjStrasseID="6874" ObjHausnummer="Hildesheimer Straße 123" ObjVorlage="2013-09-11 00:00:00.0" ObKeinKontakt="1" ObjArtID="5" Merkmal="0.0"/>
  <Objekte ObjID="660" ObjAufnahme="1997-04-09" ObjLetztKontakt="1997-04-09" ObjStrasseID="6874" ObjHausnummer="Hildesheimer Straße 124" ObjVorlage="2013-09-11 00:00:00.0" ObKeinKontakt="1" ObjArtID="5" Merkmal="0.0"/>
  <Objekte ObjID="661" ObjAufnahme="1997-04-09" ObjLetztKontakt="1997-04-09" ObjStrasseID="6874" ObjHausnummer="Hildesheimer Straße 125" ObjVorlage="2013-09-11 00:00:00.0" ObKeinKontakt="1" ObjArtID="5" Merkmal="0.0"/>
  <Objekte ObjID="662" ObjAufnahme="1997-04-09" ObjLetztKontakt="1997-04-09" ObjStrasseID="6874" ObjHausnummer="Hildesheimer Straße 126" ObjVorlage="2013-09-11 00:00:00.0" ObKeinKontakt="1" ObjArtID="5" Merkmal="0.0"/>
  <Objekte ObjID="663" ObjAufnahme="1997-04-09" ObjLetztKontakt="1997-04-09" ObjStrasseID="6874" ObjHausnummer="Hildesheimer Straße 127" ObjVorlage="2013-09-11 00:00:00.0" ObKeinKontakt="1" ObjArtID="5" Merkmal="0.0"/>
  <Objekte ObjID="664" ObjAufnahme="1997-04-09" ObjLetztKontakt="1997-04-09" ObjStrasseID="6874" ObjHausnummer="Hildesheimer Straße 129" ObjVorlage="2013-09-11 00:00:00.0" ObKeinKontakt="1" ObjArtID="5" Merkmal="0.0"/>
  <Objekte ObjID="665" ObjAufnahme="1997-04-09" ObjLetztKontakt="1997-04-09" ObjStrasseID="6874" ObjHausnummer="Hildesheimer Straße 131" ObjVorlage="2013-09-11 00:00:00.0" ObKeinKontakt="1" ObjArtID="5" Merkmal="0.0"/>
  <Objekte ObjID="666" ObjAufnahme="1997-04-09" ObjLetztKontakt="1997-04-09" ObjStrasseID="6874" ObjHausnummer="Hildesheimer Straße 132" ObjVorlage="2013-09-11 00:00:00.0" ObKeinKontakt="1" ObjArtID="5" Merkmal="0.0"/>
  <Objekte ObjID="667" ObjAufnahme="1997-04-09" ObjLetztKontakt="1997-04-09" ObjStrasseID="6874" ObjHausnummer="Hildesheimer Straße 135" ObjVorlage="2013-09-11 00:00:00.0" ObKeinKontakt="1" ObjArtID="5" Merkmal="0.0"/>
  <Objekte ObjID="668" ObjAufnahme="1997-04-09" ObjLetztKontakt="1997-04-09" ObjStrasseID="6874" ObjHausnummer="Hildesheimer Straße 137" ObjVorlage="2013-09-11 00:00:00.0" ObKeinKontakt="1" ObjArtID="5" Merkmal="0.0"/>
  <Objekte ObjID="669" ObjAufnahme="1997-04-09" ObjLetztKontakt="1997-04-09" ObjStrasseID="6874" ObjHausnummer="Hildesheimer Straße 139" ObjVorlage="2013-09-11 00:00:00.0" ObKeinKontakt="1" ObjArtID="5" Merkmal="0.0"/>
  <Objekte ObjID="670" ObjAufnahme="1997-04-09" ObjLetztKontakt="1997-04-09" ObjStrasseID="6874" ObjHausnummer="Hildesheimer Straße 149" ObjVorlage="2013-09-11 00:00:00.0" ObKeinKontakt="1" ObjArtID="5" Merkmal="0.0"/>
  <Objekte ObjID="671" ObjAufnahme="1997-04-09" ObjLetztKontakt="1997-04-09" ObjStrasseID="6874" ObjHausnummer="Hildesheimer Straße 158" ObjVorlage="2013-09-11 00:00:00.0" ObKeinKontakt="1" ObjArtID="5" Merkmal="0.0"/>
  <Objekte ObjID="672" ObjAufnahme="1997-04-09" ObjLetztKontakt="1997-04-09" ObjStrasseID="6874" ObjHausnummer="Hildesheimer Straße 195" ObjVorlage="2013-09-11 00:00:00.0" ObKeinKontakt="1" ObjArtID="5" Merkmal="0.0"/>
  <Objekte ObjID="673" ObjAufnahme="1997-04-09" ObjLetztKontakt="1997-04-09" ObjStrasseID="6874" ObjHausnummer="Hildesheimer Straße 1" ObjVorlage="2013-09-11 00:00:00.0" ObKeinKontakt="1" ObjArtID="5" Merkmal="0.0" ObjInfo="Zdenka, Chlup 1979"/>
  <Objekte ObjID="674" ObjAufnahme="1997-04-09" ObjLetztKontakt="1997-04-09" ObjStrasseID="6874" ObjHausnummer="Hildesheimer Straße 3" ObjVorlage="2013-09-11 00:00:00.0" ObKeinKontakt="1" ObjArtID="5" Merkmal="0.0"/>
  <Objekte ObjID="675" ObjAufnahme="1997-04-09" ObjLetztKontakt="1997-04-09" ObjStrasseID="6874" ObjHausnummer="Hildesheimer Straße 4" ObjVorlage="2013-09-11 00:00:00.0" ObKeinKontakt="1" ObjArtID="5" Merkmal="0.0"/>
  <Objekte ObjID="676" ObjAufnahme="1997-04-09" ObjLetztKontakt="1997-04-09" ObjStrasseID="6874" ObjHausnummer="Hildesheimer Straße 5" ObjVorlage="2013-09-11 00:00:00.0" ObKeinKontakt="1" ObjArtID="5" Merkmal="0.0"/>
  <Objekte ObjID="677" ObjAufnahme="1997-04-09" ObjLetztKontakt="1997-04-09" ObjStrasseID="6874" ObjHausnummer="Hildesheimer Straße 6" ObjVorlage="2013-09-11 00:00:00.0" ObKeinKontakt="1" ObjArtID="5" Merkmal="0.0"/>
  <Objekte ObjID="678" ObjAufnahme="1997-04-09" ObjLetztKontakt="1997-04-09" ObjStrasseID="6874" ObjHausnummer="Hildesheimer Straße 7" ObjVorlage="2013-09-11 00:00:00.0" ObKeinKontakt="1" ObjArtID="5" Merkmal="0.0"/>
  <Objekte ObjID="679" ObjAufnahme="1997-04-09" ObjLetztKontakt="1997-04-09" ObjStrasseID="6874" ObjHausnummer="Hildesheimer Straße 242" ObjVorlage="2013-09-11 00:00:00.0" ObKeinKontakt="1" ObjArtID="5" Merkmal="0.0"/>
  <Objekte ObjID="680" ObjAufnahme="1997-04-09" ObjLetztKontakt="1997-04-09" ObjStrasseID="6874" ObjHausnummer="Hildesheimer Straße 241" ObjVorlage="2013-09-11 00:00:00.0" ObKeinKontakt="1" ObjArtID="5" Merkmal="0.0"/>
  <Objekte ObjID="681" ObjAufnahme="1997-04-09" ObjLetztKontakt="1997-04-09" ObjStrasseID="6874" ObjHausnummer="Hildesheimer Straße 240" ObjVorlage="2013-09-11 00:00:00.0" ObKeinKontakt="1" ObjArtID="5" Merkmal="0.0"/>
  <Objekte ObjID="682" ObjAufnahme="1997-04-09" ObjLetztKontakt="1997-04-09" ObjStrasseID="6874" ObjHausnummer="Hildesheimer Straße 238" ObjVorlage="2013-09-11 00:00:00.0" ObKeinKontakt="1" ObjArtID="5" Merkmal="0.0"/>
  <Objekte ObjID="683" ObjAufnahme="1997-04-09" ObjLetztKontakt="1997-04-09" ObjStrasseID="6874" ObjHausnummer="Hildesheimer Straße 237" ObjVorlage="2013-09-11 00:00:00.0" ObKeinKontakt="1" ObjArtID="5" Merkmal="0.0"/>
  <Objekte ObjID="684" ObjAufnahme="1997-04-09" ObjLetztKontakt="1997-04-09" ObjStrasseID="6874" ObjHausnummer="Hildesheimer Straße 234" ObjVorlage="2013-09-11 00:00:00.0" ObKeinKontakt="1" ObjArtID="5" Merkmal="0.0"/>
  <Objekte ObjID="685" ObjAufnahme="1997-04-09" ObjLetztKontakt="1997-04-09" ObjStrasseID="6874" ObjHausnummer="Hildesheimer Straße 230" ObjVorlage="2013-09-11 00:00:00.0" ObKeinKontakt="1" ObjArtID="5" Merkmal="0.0"/>
  <Objekte ObjID="686" ObjAufnahme="1997-04-09" ObjLetztKontakt="1997-04-09" ObjStrasseID="6874" ObjHausnummer="Hildesheimer Straße 228" ObjVorlage="2013-09-11 00:00:00.0" ObKeinKontakt="1" ObjArtID="5" Merkmal="0.0"/>
  <Objekte ObjID="687" ObjAufnahme="1997-04-09" ObjLetztKontakt="1997-04-09" ObjStrasseID="6874" ObjHausnummer="Hildesheimer Straße 227" ObjVorlage="2013-09-11 00:00:00.0" ObKeinKontakt="1" ObjArtID="5" Merkmal="0.0"/>
  <Objekte ObjID="688" ObjAufnahme="1997-04-09" ObjLetztKontakt="1997-04-09" ObjStrasseID="6874" ObjHausnummer="Hildesheimer Straße 226" ObjVorlage="2013-09-11 00:00:00.0" ObKeinKontakt="1" ObjArtID="5" Merkmal="0.0"/>
  <Objekte ObjID="689" ObjAufnahme="1997-04-09" ObjLetztKontakt="1997-04-09" ObjStrasseID="6874" ObjHausnummer="Hildesheimer Straße 225" ObjVorlage="2013-09-11 00:00:00.0" ObKeinKontakt="1" ObjArtID="5" Merkmal="0.0"/>
  <Objekte ObjID="690" ObjAufnahme="1997-04-09" ObjLetztKontakt="1997-04-09" ObjStrasseID="6874" ObjHausnummer="Hildesheimer Straße 224" ObjVorlage="2013-09-11 00:00:00.0" ObKeinKontakt="1" ObjArtID="5" Merkmal="0.0"/>
  <Objekte ObjID="691" ObjAufnahme="1997-04-09" ObjLetztKontakt="1997-04-09" ObjStrasseID="6874" ObjHausnummer="Hildesheimer Straße 296" ObjVorlage="2013-09-11 00:00:00.0" ObKeinKontakt="1" ObjArtID="5" Merkmal="0.0"/>
  <Objekte ObjID="692" ObjAufnahme="1997-04-09" ObjLetztKontakt="1997-04-09" ObjStrasseID="6874" ObjHausnummer="Hildesheimer Straße 222" ObjVorlage="2013-09-11 00:00:00.0" ObKeinKontakt="1" ObjArtID="5" Merkmal="0.0"/>
  <Objekte ObjID="693" ObjAufnahme="1997-04-09" ObjLetztKontakt="1997-04-09" ObjStrasseID="6874" ObjHausnummer="Hildesheimer Straße 246" ObjVorlage="2013-09-11 00:00:00.0" ObKeinKontakt="1" ObjArtID="5" Merkmal="0.0"/>
  <Objekte ObjID="694" ObjAufnahme="1997-04-09" ObjLetztKontakt="1997-04-09" ObjStrasseID="6874" ObjHausnummer="Hildesheimer Straße 267" ObjVorlage="2013-09-11 00:00:00.0" ObKeinKontakt="1" ObjArtID="5" Merkmal="0.0"/>
  <Objekte ObjID="695" ObjAufnahme="1997-04-09" ObjLetztKontakt="1997-04-09" ObjStrasseID="6874" ObjHausnummer="Hildesheimer Straße 220" ObjVorlage="2013-09-11 00:00:00.0" ObKeinKontakt="1" ObjArtID="5" Merkmal="0.0"/>
  <Objekte ObjID="696" ObjAufnahme="1997-04-09" ObjLetztKontakt="1997-04-09" ObjStrasseID="6874" ObjHausnummer="Hildesheimer Straße 223" ObjVorlage="2013-09-11 00:00:00.0" ObKeinKontakt="1" ObjArtID="5" Merkmal="0.0"/>
  <Objekte ObjID="697" ObjAufnahme="1997-04-09" ObjLetztKontakt="1997-04-09" ObjStrasseID="6874" ObjHausnummer="Hildesheimer Straße 219" ObjVorlage="2013-09-11 00:00:00.0" ObKeinKontakt="1" ObjArtID="5" Merkmal="0.0"/>
  <Objekte ObjID="698" ObjAufnahme="1997-04-09" ObjLetztKontakt="1997-04-09" ObjStrasseID="6874" ObjHausnummer="Hildesheimer Straße 216" ObjVorlage="2013-09-11 00:00:00.0" ObKeinKontakt="1" ObjArtID="5" Merkmal="0.0"/>
  <Objekte ObjID="699" ObjAufnahme="1997-04-09" ObjLetztKontakt="1997-04-09" ObjStrasseID="6874" ObjHausnummer="Hildesheimer Straße 213" ObjVorlage="2013-09-11 00:00:00.0" ObKeinKontakt="1" ObjArtID="5" Merkmal="0.0"/>
  <Objekte ObjID="700" ObjAufnahme="1997-04-09" ObjLetztKontakt="1997-04-09" ObjStrasseID="6874" ObjHausnummer="Hildesheimer Straße 212" ObjVorlage="2013-09-11 00:00:00.0" ObKeinKontakt="1" ObjArtID="5" Merkmal="0.0"/>
  <Objekte ObjID="701" ObjAufnahme="1997-04-09" ObjLetztKontakt="1997-04-09" ObjStrasseID="6874" ObjHausnummer="Hildesheimer Straße 211" ObjVorlage="2013-09-11 00:00:00.0" ObKeinKontakt="1" ObjArtID="5" Merkmal="0.0"/>
  <Objekte ObjID="702" ObjAufnahme="1997-04-09" ObjLetztKontakt="1997-04-09" ObjStrasseID="6874" ObjHausnummer="Hildesheimer Straße 210" ObjVorlage="2013-09-11 00:00:00.0" ObKeinKontakt="1" ObjArtID="5" Merkmal="0.0"/>
  <Objekte ObjID="703" ObjAufnahme="1997-04-09" ObjLetztKontakt="1997-04-09" ObjStrasseID="6874" ObjHausnummer="Hildesheimer Straße 209" ObjVorlage="2013-09-11 00:00:00.0" ObKeinKontakt="1" ObjArtID="5" Merkmal="0.0"/>
  <Objekte ObjID="704" ObjAufnahme="1997-04-09" ObjLetztKontakt="1997-04-09" ObjStrasseID="6874" ObjHausnummer="Hildesheimer Straße 208" ObjVorlage="2013-09-11 00:00:00.0" ObKeinKontakt="1" ObjArtID="5" Merkmal="0.0"/>
  <Objekte ObjID="705" ObjAufnahme="1997-04-09" ObjLetztKontakt="1997-04-09" ObjStrasseID="6874" ObjHausnummer="Hildesheimer Straße 205" ObjVorlage="2013-09-11 00:00:00.0" ObKeinKontakt="1" ObjArtID="5" Merkmal="0.0"/>
  <Objekte ObjID="706" ObjAufnahme="1997-04-09" ObjLetztKontakt="1997-04-09" ObjStrasseID="6874" ObjHausnummer="Hildesheimer Straße 200" ObjVorlage="2013-09-11 00:00:00.0" ObKeinKontakt="1" ObjArtID="5" Merkmal="0.0"/>
  <Objekte ObjID="707" ObjAufnahme="1997-04-09" ObjLetztKontakt="1997-04-09" ObjStrasseID="6874" ObjHausnummer="Hildesheimer Straße 221" ObjVorlage="2013-09-11 00:00:00.0" ObKeinKontakt="1" ObjArtID="5" Merkmal="0.0"/>
  <Objekte ObjID="708" ObjAufnahme="1997-04-09" ObjLetztKontakt="1997-04-09" ObjStrasseID="6874" ObjHausnummer="Hildesheimer Straße 265" ObjVorlage="2013-09-11 00:00:00.0" ObKeinKontakt="1" ObjArtID="5" Merkmal="0.0"/>
  <Objekte ObjID="709" ObjAufnahme="1997-04-09" ObjLetztKontakt="1997-04-09" ObjStrasseID="6874" ObjHausnummer="Hildesheimer Straße 292" ObjVorlage="2013-09-11 00:00:00.0" ObKeinKontakt="1" ObjArtID="5" Merkmal="0.0"/>
  <Objekte ObjID="710" ObjAufnahme="1997-04-09" ObjLetztKontakt="1997-04-09" ObjStrasseID="6874" ObjHausnummer="Hildesheimer Straße 274A" ObjVorlage="2013-09-11 00:00:00.0" ObKeinKontakt="1" ObjArtID="5" Merkmal="0.0"/>
  <Objekte ObjID="711" ObjAufnahme="1997-04-09" ObjLetztKontakt="1997-04-09" ObjStrasseID="6874" ObjHausnummer="Hildesheimer Straße 274B" ObjVorlage="2013-09-11 00:00:00.0" ObKeinKontakt="1" ObjArtID="5" Merkmal="0.0"/>
  <Objekte ObjID="712" ObjAufnahme="1997-04-09" ObjLetztKontakt="1997-04-09" ObjStrasseID="6874" ObjHausnummer="Hildesheimer Straße 274C" ObjVorlage="2013-09-11 00:00:00.0" ObKeinKontakt="1" ObjArtID="5" Merkmal="0.0"/>
  <Objekte ObjID="713" ObjAufnahme="1997-04-09" ObjLetztKontakt="1997-04-09" ObjStrasseID="6874" ObjHausnummer="Hildesheimer Straße 293" ObjVorlage="2013-09-11 00:00:00.0" ObKeinKontakt="1" ObjArtID="5" Merkmal="0.0"/>
  <Objekte ObjID="714" ObjAufnahme="1997-04-09" ObjLetztKontakt="1997-04-09" ObjStrasseID="6874" ObjHausnummer="Hildesheimer Straße 278A" ObjVorlage="2013-09-11 00:00:00.0" ObKeinKontakt="1" ObjArtID="5" Merkmal="0.0"/>
  <Objekte ObjID="715" ObjAufnahme="1997-04-09" ObjLetztKontakt="1997-04-09" ObjStrasseID="6874" ObjHausnummer="Hildesheimer Straße 274" ObjVorlage="2013-09-11 00:00:00.0" ObKeinKontakt="1" ObjArtID="5" Merkmal="0.0"/>
  <Objekte ObjID="716" ObjAufnahme="1997-04-09" ObjLetztKontakt="1997-04-09" ObjStrasseID="6874" ObjHausnummer="Hildesheimer Straße 278B" ObjVorlage="2013-09-11 00:00:00.0" ObKeinKontakt="1" ObjArtID="5" Merkmal="0.0"/>
  <Objekte ObjID="717" ObjAufnahme="1997-04-09" ObjLetztKontakt="1997-04-09" ObjStrasseID="6874" ObjHausnummer="Hildesheimer Straße 278C" ObjVorlage="2013-09-11 00:00:00.0" ObKeinKontakt="1" ObjArtID="5" Merkmal="0.0"/>
  <Objekte ObjID="718" ObjAufnahme="1997-04-09" ObjLetztKontakt="1997-04-09" ObjStrasseID="6874" ObjHausnummer="Hildesheimer Straße 282" ObjVorlage="2013-09-11 00:00:00.0" ObKeinKontakt="1" ObjArtID="5" Merkmal="0.0"/>
  <Objekte ObjID="719" ObjAufnahme="1997-04-09" ObjLetztKontakt="1997-04-09" ObjStrasseID="6874" ObjHausnummer="Hildesheimer Straße 284" ObjVorlage="2013-09-11 00:00:00.0" ObKeinKontakt="1" ObjArtID="5" Merkmal="0.0"/>
  <Objekte ObjID="720" ObjAufnahme="1997-04-09" ObjLetztKontakt="1997-04-09" ObjStrasseID="6874" ObjHausnummer="Hildesheimer Straße 290" ObjVorlage="2013-09-11 00:00:00.0" ObKeinKontakt="1" ObjArtID="5" Merkmal="0.0"/>
  <Objekte ObjID="721" ObjAufnahme="1997-04-09" ObjLetztKontakt="1997-04-09" ObjStrasseID="6874" ObjHausnummer="Hildesheimer Straße 278" ObjVorlage="2013-09-11 00:00:00.0" ObKeinKontakt="1" ObjArtID="5" Merkmal="0.0"/>
  <Objekte ObjID="722" ObjAufnahme="1997-04-09" ObjLetztKontakt="1997-04-09" ObjStrasseID="6874" ObjHausnummer="Hildesheimer Straße 256" ObjVorlage="2013-09-11 00:00:00.0" ObKeinKontakt="1" ObjArtID="5" Merkmal="0.0"/>
  <Objekte ObjID="723" ObjAufnahme="1997-04-09" ObjLetztKontakt="1997-04-09" ObjStrasseID="6874" ObjHausnummer="Hildesheimer Straße 248" ObjVorlage="2013-09-11 00:00:00.0" ObKeinKontakt="1" ObjArtID="5" Merkmal="0.0"/>
  <Objekte ObjID="724" ObjAufnahme="1997-04-09" ObjLetztKontakt="1997-04-09" ObjStrasseID="6874" ObjHausnummer="Hildesheimer Straße 250" ObjVorlage="2013-09-11 00:00:00.0" ObKeinKontakt="1" ObjArtID="5" Merkmal="0.0"/>
  <Objekte ObjID="725" ObjAufnahme="1997-04-09" ObjLetztKontakt="1997-04-09" ObjStrasseID="6874" ObjHausnummer="Hildesheimer Straße 252" ObjVorlage="2013-09-11 00:00:00.0" ObKeinKontakt="1" ObjArtID="5" Merkmal="0.0"/>
  <Objekte ObjID="726" ObjAufnahme="1997-04-09" ObjLetztKontakt="1997-04-09" ObjStrasseID="6874" ObjHausnummer="Hildesheimer Straße 254" ObjVorlage="2013-09-11 00:00:00.0" ObKeinKontakt="1" ObjArtID="5" Merkmal="0.0"/>
  <Objekte ObjID="727" ObjAufnahme="1997-04-09" ObjLetztKontakt="1997-04-09" ObjStrasseID="6874" ObjHausnummer="Hildesheimer Straße 272" ObjVorlage="2013-09-11 00:00:00.0" ObKeinKontakt="1" ObjArtID="5" Merkmal="0.0"/>
  <Objekte ObjID="728" ObjAufnahme="1997-04-09" ObjLetztKontakt="1997-04-09" ObjStrasseID="6874" ObjHausnummer="Hildesheimer Straße 258" ObjVorlage="2013-09-11 00:00:00.0" ObKeinKontakt="1" ObjArtID="5" Merkmal="0.0"/>
  <Objekte ObjID="729" ObjAufnahme="1997-04-09" ObjLetztKontakt="1997-04-09" ObjStrasseID="6874" ObjHausnummer="Hildesheimer Straße 246A" ObjVorlage="2013-09-11 00:00:00.0" ObKeinKontakt="1" ObjArtID="5" Merkmal="0.0"/>
  <Objekte ObjID="730" ObjAufnahme="1997-04-09" ObjLetztKontakt="1997-04-09" ObjStrasseID="6874" ObjHausnummer="Hildesheimer Straße 262" ObjVorlage="2013-09-11 00:00:00.0" ObKeinKontakt="1" ObjArtID="5" Merkmal="0.0"/>
  <Objekte ObjID="731" ObjAufnahme="1997-04-09" ObjLetztKontakt="1997-04-09" ObjStrasseID="6874" ObjHausnummer="Hildesheimer Straße 264" ObjVorlage="2013-09-11 00:00:00.0" ObKeinKontakt="1" ObjArtID="5" Merkmal="0.0"/>
  <Objekte ObjID="732" ObjAufnahme="1997-04-09" ObjLetztKontakt="1997-04-09" ObjStrasseID="6874" ObjHausnummer="Hildesheimer Straße 260" ObjVorlage="2013-09-11 00:00:00.0" ObKeinKontakt="1" ObjArtID="5" Merkmal="0.0"/>
  <Objekte ObjID="733" ObjAufnahme="1997-04-09" ObjLetztKontakt="1997-04-09" ObjStrasseID="6874" ObjHausnummer="Hildesheimer Straße 266" ObjVorlage="2013-09-11 00:00:00.0" ObKeinKontakt="1" ObjArtID="5" Merkmal="0.0"/>
  <Objekte ObjID="734" ObjAufnahme="1997-04-09" ObjLetztKontakt="1997-04-09" ObjStrasseID="6874" ObjHausnummer="Hildesheimer Straße 287" ObjVorlage="2013-09-11 00:00:00.0" ObKeinKontakt="1" ObjArtID="5" Merkmal="0.0"/>
  <Objekte ObjID="735" ObjAufnahme="1997-04-09" ObjLetztKontakt="1997-04-09" ObjStrasseID="6874" ObjHausnummer="Hildesheimer Straße 268" ObjVorlage="2013-09-11 00:00:00.0" ObKeinKontakt="1" ObjArtID="5" Merkmal="0.0"/>
  <Objekte ObjID="736" ObjAufnahme="1997-04-09" ObjLetztKontakt="1997-04-09" ObjStrasseID="6874" ObjHausnummer="Hildesheimer Straße 270" ObjVorlage="2013-09-11 00:00:00.0" ObKeinKontakt="1" ObjArtID="5" Merkmal="0.0"/>
  <Objekte ObjID="737" ObjAufnahme="1997-04-10" ObjLetztKontakt="1997-04-10" ObjStrasseID="6874" ObjHausnummer="Hildesheimer Straße 10" ObjVorlage="2013-09-11 00:00:00.0" ObKeinKontakt="1" ObjArtID="5" Merkmal="0.0"/>
  <Objekte ObjID="746" ObjAufnahme="1997-04-14" ObjLetztKontakt="1997-04-14" ObjStrasseID="6878" ObjHausnummer="Hindenburgstraße 1" ObjVorlage="2013-09-11 00:00:00.0" ObKeinKontakt="2" ObjArtID="9" Merkmal="0.0" ObjInfo="Eigentümerin eventuell: Edith Lockemann Tel. 814892 Schwester G.Paxmann Friedensstr. 2A Tel. 814484. Mit Schwester gesprochen"/>
  <Objekte ObjID="747" ObjAufnahme="1997-04-14" ObjLetztKontakt="1997-04-14" ObjStrasseID="6878" ObjHausnummer="Hindenburgstraße 2" ObjVorlage="2013-09-11 00:00:00.0" ObKeinKontakt="1" ObjArtID="9" Merkmal="0.0" ObjInfo="Hausnummer 2-4 Magdeburger Rückversicherungs AG Aegidientorplatz 644-0 oder 089-67850 Ehlert Hausmeister Dittmar 05131-49840  Mieter: Gabriel Gunter&#09;Hindenburgstr. 2&#09;30175 Hannover&#09;0511-282286&#xD;&#xA;Neumann-Gruchot Immob.&#09;Hindenburgstr. 2&#09;30175 Hannover&#09;0511-28&#xD;&#xA;750"/>
  <Objekte ObjID="751" ObjAufnahme="1997-04-14" ObjLetztKontakt="1997-04-14" ObjStrasseID="6878" ObjHausnummer="Hindenburgstraße 6" ObjVorlage="2013-09-11 00:00:00.0" ObKeinKontakt="2" ObjArtID="9" Merkmal="0.0"/>
  <Objekte ObjID="752" ObjAufnahme="1997-04-14" ObjLetztKontakt="1997-04-14" ObjStrasseID="6878" ObjHausnummer="Hindenburgstraße 7" ObjVorlage="2013-09-11 00:00:00.0" ObKeinKontakt="2" ObjArtID="9" Merkmal="0.0" ObjInfo="auch 7A"/>
  <Objekte ObjID="753" ObjAufnahme="1997-04-14" ObjLetztKontakt="1997-04-14" ObjStrasseID="6878" ObjHausnummer="Hindenburgstraße 8" ObjVorlage="2013-09-11 00:00:00.0" ObKeinKontakt="2" ObjArtID="9" Merkmal="0.0"/>
  <Objekte ObjID="754" ObjAufnahme="1997-04-14" ObjLetztKontakt="1997-04-14" ObjStrasseID="6878" ObjHausnummer="Hindenburgstraße 9" ObjVorlage="2013-09-11 00:00:00.0" ObKeinKontakt="1" ObjArtID="9" Merkmal="0.0" ObjInfo="Mieter: Beneke B.&#09;Hindenburgstr. 9&#09;30175 Hannover&#09;0511-854272&#xD;&#xA;Beneke Ellen&#09;Hindenburgstr. 9&#09;30175 Hannover&#09;0511-855648&#xD;&#xA;Berckhauer Friedhelm Dr. u. Margot&#09;Hindenburgstr. 9&#09;30175 Hannover&#09;0511-813012"/>
  <Objekte ObjID="755" ObjAufnahme="1997-04-14" ObjLetztKontakt="1997-04-14" ObjStrasseID="6878" ObjHausnummer="Hindenburgstraße 10" ObjVorlage="2013-09-11 00:00:00.0" ObKeinKontakt="2" ObjArtID="9" Merkmal="0.0"/>
  <Objekte ObjID="756" ObjAufnahme="1997-04-14" ObjLetztKontakt="1997-04-14" ObjStrasseID="6878" ObjHausnummer="Hindenburgstraße 11" ObjVorlage="2013-09-11 00:00:00.0" ObKeinKontakt="1" ObjArtID="9" Merkmal="0.0" ObjInfo="evtl Eigentumswohnungen Info von Frau Leine in ETWs aufgeteilt andere Erbe in Misburg Meyer-Schierstedt"/>
  <Objekte ObjID="757" ObjAufnahme="1997-04-14" ObjLetztKontakt="1997-04-14" ObjStrasseID="6878" ObjHausnummer="Hindenburgstraße 12" ObjVorlage="2013-09-11 00:00:00.0" ObKeinKontakt="1" ObjArtID="9" Merkmal="0.0" ObjInfo="Deter Erich-Erdmann Rechtsanwalt + Notar Fachanwalt f. Verwaltungsrecht Büro: 30175&#09;Hindenburgstr. 12&#09;30175 Hannover&#09;0511-28480-0&#xD;&#xA;Erdmann Maria&#09;Hindenburgstr. 12&#09;30175 Hannover&#09;0511-814513&#xD;&#xA;Meine Klaus Dr. Rechtsanwalt + Notar Fachanwalt f. Arbeitsrecht B&#xD;&#xA;758"/>
  <Objekte ObjID="759" ObjAufnahme="1997-04-14" ObjLetztKontakt="1997-04-14" ObjStrasseID="6878" ObjHausnummer="Hindenburgstraße 14" ObjVorlage="2013-09-11 00:00:00.0" ObKeinKontakt="1" ObjArtID="9" Merkmal="0.0" ObjInfo="Frau Lore Kahlau 812044 Mieter: Kahlau Dr. Immobilien Nachf. GmbH, Werner&#09;Hindenburgstr. 14&#09;30175 Hannover&#09;0511-812044"/>
  <Objekte ObjID="760" ObjAufnahme="1997-04-14" ObjLetztKontakt="1997-04-14" ObjStrasseID="6878" ObjHausnummer="Hindenburgstraße 15" ObjVorlage="2013-09-11 00:00:00.0" ObKeinKontakt="1" ObjArtID="173" Merkmal="0.0" ObjInfo="Herr Feizi am Steintor Mieter :Fiedler Bernd Dr.&#09;Hindenburgstr. 15&#09;30175 Hannover&#09;0511-816963&#xD;&#xA;Optik Merscher GmbH &amp; Co. KG&#09;Hindenburgstr. 15&#09;30175 Hannover&#09;0511-810867"/>
  <Objekte ObjID="761" ObjAufnahme="1997-04-14" ObjLetztKontakt="1997-04-14" ObjStrasseID="6878" ObjHausnummer="Hindenburgstraße 16" ObjVorlage="2013-09-11 00:00:00.0" ObKeinKontakt="2" ObjArtID="9" Merkmal="0.0"/>
  <Objekte ObjID="762" ObjAufnahme="1997-04-14" ObjLetztKontakt="1997-04-14" ObjStrasseID="6878" ObjHausnummer="Hindenburgstraße 17" ObjVorlage="2013-09-11 00:00:00.0" ObKeinKontakt="1" ObjArtID="9" Merkmal="0.0" ObjInfo="früher Frau R.Fass Thiesstr. 12 Mieter: b + r dienstleistungen gmbH + Co. KG&#09;Hindenburgstr. 17&#09;30175 Hannover&#09;0511-818153&#xD;&#xA;Bartha Sandor&#09;Hindenburgstr. 17&#09;30175 Hannover&#09;0511-2834989&#xD;&#xA;Friebe Richard Layoutsatz&#09;Hindenburgstr. 17&#09;30175 Hannover&#09;0511-851708&#xD;&#xA;&#xD;&#xA;763"/>
  <Objekte ObjID="764" ObjAufnahme="1997-04-14" ObjLetztKontakt="1997-04-14" ObjStrasseID="6878" ObjHausnummer="Hindenburgstraße 19" ObjVorlage="2013-09-11 00:00:00.0" ObKeinKontakt="1" ObjArtID="9" Merkmal="0.0" ObjInfo="Drogistenverband Niedersachsen e.V. 814242 Mieter : Thielenhaus &amp; Partner WP / StB / RAe&#09;Hindenburgstr. 19&#09;30175 Hannover&#09;0511-280430"/>
  <Objekte ObjID="765" ObjAufnahme="1997-04-14" ObjLetztKontakt="1997-04-14" ObjStrasseID="6878" ObjHausnummer="Hindenburgstraße 20" ObjVorlage="2013-09-11 00:00:00.0" ObKeinKontakt="1" ObjArtID="9" Merkmal="0.0" ObjInfo="wurde 1995 verkauft"/>
  <Objekte ObjID="766" ObjAufnahme="1997-04-14" ObjLetztKontakt="1997-04-14" ObjStrasseID="6878" ObjHausnummer="Hindenburgstraße 21" ObjVorlage="2013-09-11 00:00:00.0" ObKeinKontakt="1" ObjArtID="9" Merkmal="0.0" ObjInfo="früher m.Strohmeier Mieter: Bruns Gudrun Psychotherapeutin&#09;Hindenburgstr. 21&#09;30175 Hannover&#09;0511-819768&#xD;&#xA;Hoppe Walter kfm.Ang.&#09;Hindenburgstr. 21&#09;30175 Hannover&#09;0511-852256&#xD;&#xA;Klavis Gudrun&#09;Hindenburgstr. 21&#09;30175 Hannover&#09;0511-2834223&#xD;&#xA;Klavis I.&#09;Hindenburgst&#xD;&#xA;767"/>
  <Objekte ObjID="768" ObjAufnahme="1997-04-14" ObjLetztKontakt="1997-04-14" ObjStrasseID="6878" ObjHausnummer="Hindenburgstraße 23" ObjVorlage="1998-01-01 00:00:00.0" ObKeinKontakt="2" ObjArtID="9" Merkmal="0.0"/>
  <Objekte ObjID="769" ObjAufnahme="1997-04-14" ObjLetztKontakt="1997-04-14" ObjStrasseID="6878" ObjHausnummer="Hindenburgstraße 24" ObjVorlage="2013-09-11 00:00:00.0" ObKeinKontakt="2" ObjArtID="9" Merkmal="0.0"/>
  <Objekte ObjID="770" ObjAufnahme="1997-04-14" ObjLetztKontakt="1997-04-14" ObjStrasseID="6878" ObjHausnummer="Hindenburgstraße 25" ObjVorlage="2013-09-11 00:00:00.0" ObKeinKontakt="1" ObjArtID="9" Merkmal="0.0"/>
  <Objekte ObjID="771" ObjAufnahme="1997-04-14" ObjLetztKontakt="1997-04-14" ObjStrasseID="6878" ObjHausnummer="Hindenburgstraße 26" ObjVorlage="2013-09-11 00:00:00.0" ObKeinKontakt="3" ObjArtID="36" Merkmal="0.0"/>
  <Objekte ObjID="772" ObjAufnahme="1997-04-14" ObjLetztKontakt="1997-04-14" ObjStrasseID="6878" ObjHausnummer="Hindenburgstraße 27" ObjVorlage="2013-09-11 00:00:00.0" ObKeinKontakt="1" ObjArtID="9" Merkmal="0.0" ObjInfo="früher Creditreform Hannover 5408-0 Mieter: Erfinderzentrum Norddeutschland GmbH&#09;Hindenburgstr. 27&#09;30175 Hannover&#09;0511-813051"/>
  <Objekte ObjID="773" ObjAufnahme="1997-04-14" ObjLetztKontakt="1997-04-14" ObjStrasseID="6878" ObjHausnummer="Hindenburgstraße 28" ObjVorlage="2013-09-11 00:00:00.0" ObKeinKontakt="1" ObjArtID="9" Merkmal="0.0" ObjInfo="Mieter:DELTA BAU AG Baubetreuung&#09;Hindenburgstr. 28&#09;30175 Hannover&#09;0511-28006-0&#xD;&#xA;Delta Domizil Vermietungs-GmbH&#09;Hindenburgstr. 28&#09;30175 Hannover&#09;0511-28006-0&#xD;&#xA;Delta Grundstücksverwaltungs-GmbH&#09;Hindenburgstr. 28&#09;30175 Hannover&#09;0511-28006-0&#xD;&#xA;Delta Immobilien-&#xD;&#xA;774"/>
  <Objekte ObjID="777" ObjAufnahme="1997-04-14" ObjLetztKontakt="1997-04-14" ObjStrasseID="6878" ObjHausnummer="Hindenburgstraße 32" ObjVorlage="2013-09-11 00:00:00.0" ObKeinKontakt="1" ObjArtID="9" Merkmal="0.0" ObjInfo="Enkel von Frau Schilp MieterAldag Wilhelm Kfm.&#09;Hindenburgstr. 32&#09;30175 Hannover&#09;0511-813638&#xD;&#xA;Böhm Inge&#09;Hindenburgstr. 32&#09;30175 Hannover&#09;0511-818908&#xD;&#xA;gespr. mit Hänel Gerhard u. Gerda&#09;Hindenburgstr. 32&#09;30175 Hannover&#09;0511-810382&#xD;&#xA;Lipinsky A.&#09;Hindenburgstr. &#xD;&#xA;778"/>
  <Objekte ObjID="779" ObjAufnahme="1997-04-14" ObjLetztKontakt="1997-04-14" ObjStrasseID="6878" ObjHausnummer="Hindenburgstraße 34" ObjVorlage="2013-09-11 00:00:00.0" ObKeinKontakt="1" ObjArtID="177" Merkmal="0.0"/>
  <Objekte ObjID="782" ObjAufnahme="1997-04-14" ObjLetztKontakt="1997-04-14" ObjStrasseID="6878" ObjHausnummer="Hindenburgstraße 37" ObjVorlage="2013-09-11 00:00:00.0" ObKeinKontakt="1" ObjArtID="9" Merkmal="0.0" ObjInfo="ADAC 85000"/>
  <Objekte ObjID="783" ObjAufnahme="1997-04-14" ObjLetztKontakt="1997-04-14" ObjStrasseID="6878" ObjHausnummer="Hindenburgstraße 38" ObjVorlage="2013-09-11 00:00:00.0" ObKeinKontakt="1" ObjArtID="9" Merkmal="0.0"/>
  <Objekte ObjID="784" ObjAufnahme="1997-04-14" ObjLetztKontakt="1997-04-14" ObjStrasseID="6878" ObjHausnummer="Hindenburgstraße 39" ObjVorlage="2013-09-11 00:00:00.0" ObKeinKontakt="1" ObjArtID="9" Merkmal="0.0" ObjInfo="herr und frau Dr. Brink sind Eigentümer und wollen vielleicht in 97 in 3. Etage ziehen Verw. Dupont Voßstr 36 392795 früher Eigntümerin Frau A.M. Janovicz 089 367666"/>
  <Objekte ObjID="785" ObjAufnahme="1997-04-14" ObjLetztKontakt="1997-04-14" ObjStrasseID="6878" ObjHausnummer="Hindenburgstraße 40" ObjVorlage="2013-09-11 00:00:00.0" ObKeinKontakt="1" ObjArtID="9" Merkmal="0.0" ObjInfo="Krasemann"/>
  <Objekte ObjID="786" ObjAufnahme="1997-04-14" ObjLetztKontakt="1997-04-14" ObjStrasseID="6878" ObjHausnummer="Hindenburgstraße 41" ObjVorlage="2013-09-11 00:00:00.0" ObKeinKontakt="1" ObjArtID="9" Merkmal="0.0" ObjInfo="früher U.Kredel"/>
  <Objekte ObjID="787" ObjAufnahme="1997-04-14" ObjLetztKontakt="1997-04-14" ObjStrasseID="6878" ObjHausnummer="Hindenburgstraße 42" ObjVorlage="2013-09-11 00:00:00.0" ObKeinKontakt="1" ObjArtID="9" Merkmal="0.0" ObjInfo="Deutscher Herold versicherungsgesellschaften 817041"/>
  <Objekte ObjID="788" ObjAufnahme="1997-04-14" ObjLetztKontakt="1997-04-14" ObjStrasseID="6878" ObjHausnummer="Hindenburgstraße 43" ObjVorlage="2013-09-11 00:00:00.0" ObKeinKontakt="1" ObjArtID="9" Merkmal="0.0" ObjInfo="Kaufmännische Krankenkasse gehören auch Ludwig Barner Str. 1 Adenauer Allee 4,6,9,10,12 Herr Luig, Herr Deiß 2802-0"/>
  <Objekte ObjID="790" ObjAufnahme="1997-04-15" ObjLetztKontakt="1997-04-15" ObjStrasseID="8153" ObjHausnummer="Seelhorststraße 2" ObjVorlage="2013-09-11 00:00:00.0" ObKeinKontakt="1" ObjArtID="1" Merkmal="0.0" ObjInfo="Herrn Stock Anschreiben"/>
  <Objekte ObjID="792" ObjAufnahme="1997-04-15" ObjLetztKontakt="1997-04-15" ObjStrasseID="8153" ObjHausnummer="Seelhorststraße 3" ObjVorlage="2013-09-11 00:00:00.0" ObKeinKontakt="1" ObjArtID="1" Merkmal="0.0" ObjInfo="Deutsche Kontinentale Rückversicherungs AG"/>
  <Objekte ObjID="793" ObjAufnahme="1997-04-15" ObjLetztKontakt="1997-04-15" ObjStrasseID="8153" ObjHausnummer="Seelhorststraße 4" ObjVorlage="2013-09-11 00:00:00.0" ObKeinKontakt="1" ObjArtID="1" Merkmal="0.0" ObjInfo="Landesvereinigung der Nilchwirtschaft e.V. 818025"/>
  <Objekte ObjID="794" ObjAufnahme="1997-04-15" ObjLetztKontakt="1997-04-15" ObjStrasseID="8153" ObjHausnummer="Seelhorststraße 6" ObjVorlage="2013-09-11 00:00:00.0" ObKeinKontakt="1" ObjArtID="1" Merkmal="0.0" ObjInfo="landeshauptstadt Hannover"/>
  <Objekte ObjID="795" ObjAufnahme="1997-04-15" ObjLetztKontakt="1997-04-15" ObjStrasseID="8153" ObjHausnummer="Seelhorststraße 7" ObjVorlage="2013-09-11 00:00:00.0" ObKeinKontakt="1" ObjArtID="1" Merkmal="0.0" ObjInfo="Buchführungs-und Steuerstelle der deutsch Ärzteschaft 852031"/>
  <Objekte ObjID="796" ObjAufnahme="1997-04-15" ObjLetztKontakt="1997-04-15" ObjStrasseID="8153" ObjHausnummer="Seelhorststraße 8" ObjVorlage="2013-09-11 00:00:00.0" ObKeinKontakt="1" ObjArtID="1" Merkmal="0.0" ObjInfo="siehe 7"/>
  <Objekte ObjID="798" ObjAufnahme="1997-04-15" ObjLetztKontakt="1997-04-15" ObjStrasseID="8153" ObjHausnummer="Seelhorststraße 9" ObjVorlage="2013-09-11 00:00:00.0" ObKeinKontakt="1" ObjArtID="1" Merkmal="0.0"/>
  <Objekte ObjID="799" ObjAufnahme="1997-04-15" ObjLetztKontakt="1997-04-15" ObjStrasseID="8153" ObjHausnummer="Seelhorststraße 11" ObjVorlage="2013-09-11 00:00:00.0" ObKeinKontakt="1" ObjArtID="1" Merkmal="0.0"/>
  <Objekte ObjID="800" ObjAufnahme="1997-04-15" ObjLetztKontakt="1997-04-15" ObjStrasseID="8153" ObjHausnummer="Seelhorststraße 12" ObjVorlage="2013-09-11 00:00:00.0" ObKeinKontakt="1" ObjArtID="1" Merkmal="0.0" ObjInfo="J. Respondik Geb. Vertreter 819484"/>
  <Objekte ObjID="801" ObjAufnahme="1997-04-15" ObjLetztKontakt="1997-04-15" ObjStrasseID="8153" ObjHausnummer="Seelhorststraße 13" ObjVorlage="2013-09-11 00:00:00.0" ObKeinKontakt="1" ObjArtID="1" Merkmal="0.0" ObjInfo="Bernadette Meier 858747"/>
  <Objekte ObjID="802" ObjAufnahme="1997-04-15" ObjLetztKontakt="1997-04-15" ObjStrasseID="8153" ObjHausnummer="Seelhorststraße 14" ObjVorlage="2013-09-11 00:00:00.0" ObKeinKontakt="1" ObjArtID="1" Merkmal="0.0" ObjInfo="bei Faust in der Eichendorffstr. 2 nachfragen 814218"/>
  <Objekte ObjID="803" ObjAufnahme="1997-04-15" ObjLetztKontakt="1997-04-15" ObjStrasseID="8153" ObjHausnummer="Seelhorststraße 15" ObjVorlage="2013-09-11 00:00:00.0" ObKeinKontakt="1" ObjArtID="1" Merkmal="0.0"/>
  <Objekte ObjID="804" ObjAufnahme="1997-04-15" ObjLetztKontakt="1997-04-15" ObjStrasseID="8153" ObjHausnummer="Seelhorststraße 16" ObjVorlage="2013-09-11 00:00:00.0" ObKeinKontakt="1" ObjArtID="1" Merkmal="0.0" ObjInfo="Mieter Wolf Communications GmbH 853636"/>
  <Objekte ObjID="805" ObjAufnahme="1997-04-15" ObjLetztKontakt="1997-04-15" ObjStrasseID="8153" ObjHausnummer="Seelhorststraße 17" ObjVorlage="2013-09-11 00:00:00.0" ObKeinKontakt="1" ObjArtID="1" Merkmal="0.0" ObjInfo="Niedersächsischer städte und gemeindebund"/>
  <Objekte ObjID="806" ObjAufnahme="1997-04-15" ObjLetztKontakt="1997-04-15" ObjStrasseID="8153" ObjHausnummer="Seelhorststraße 18" ObjVorlage="2013-09-11 00:00:00.0" ObKeinKontakt="1" ObjArtID="1" Merkmal="0.0"/>
  <Objekte ObjID="807" ObjAufnahme="1997-04-15" ObjLetztKontakt="1997-04-15" ObjStrasseID="8153" ObjHausnummer="Seelhorststraße 20" ObjVorlage="2013-09-11 00:00:00.0" ObKeinKontakt="1" ObjArtID="1" Merkmal="0.0" ObjInfo="E.A. Hennemann 814801"/>
  <Objekte ObjID="808" ObjAufnahme="1997-04-15" ObjLetztKontakt="1997-04-15" ObjStrasseID="8153" ObjHausnummer="Seelhorststraße 22" ObjVorlage="2013-09-11 00:00:00.0" ObKeinKontakt="1" ObjArtID="1" Merkmal="0.0" ObjInfo="Land Niedersachsen"/>
  <Objekte ObjID="809" ObjAufnahme="1997-04-15" ObjLetztKontakt="1997-04-15" ObjStrasseID="8153" ObjHausnummer="Seelhorststraße 24" ObjVorlage="2013-09-11 00:00:00.0" ObKeinKontakt="1" ObjArtID="1" Merkmal="0.0" ObjInfo="DR. P.Böse Notar 851081"/>
  <Objekte ObjID="810" ObjAufnahme="1997-04-15" ObjLetztKontakt="1997-04-15" ObjStrasseID="8153" ObjHausnummer="Seelhorststraße 26" ObjVorlage="2013-09-11 00:00:00.0" ObKeinKontakt="1" ObjArtID="1" Merkmal="0.0" ObjInfo="M.Neldel Sehnder Straße 21 862721 Treschkow 54    433741 Rühmkorffstr. 1"/>
  <Objekte ObjID="811" ObjAufnahme="1997-04-15" ObjLetztKontakt="1997-04-15" ObjStrasseID="8153" ObjHausnummer="Seelhorststraße 28" ObjVorlage="2013-09-11 00:00:00.0" ObKeinKontakt="1" ObjArtID="1" Merkmal="0.0" ObjInfo="siehe 26"/>
  <Objekte ObjID="812" ObjAufnahme="1997-04-15" ObjLetztKontakt="1997-04-15" ObjStrasseID="8153" ObjHausnummer="Seelhorststraße 29" ObjVorlage="2013-09-11 00:00:00.0" ObKeinKontakt="1" ObjArtID="1" Merkmal="0.0"/>
  <Objekte ObjID="813" ObjAufnahme="1997-04-15" ObjLetztKontakt="1997-04-15" ObjStrasseID="8153" ObjHausnummer="Seelhorststraße 30" ObjVorlage="2013-09-11 00:00:00.0" ObKeinKontakt="1" ObjArtID="1" Merkmal="0.0"/>
  <Objekte ObjID="814" ObjAufnahme="1997-04-15" ObjLetztKontakt="1997-04-15" ObjStrasseID="8153" ObjHausnummer="Seelhorststraße 31" ObjVorlage="2013-09-11 00:00:00.0" ObKeinKontakt="1" ObjArtID="1" Merkmal="0.0" ObjInfo="Wohnungsunternehmen KG Lister Damm 15/17 621587"/>
  <Objekte ObjID="815" ObjAufnahme="1997-04-15" ObjLetztKontakt="1997-04-15" ObjStrasseID="8153" ObjHausnummer="Seelhorststraße 32" ObjVorlage="2013-09-11 00:00:00.0" ObKeinKontakt="1" ObjArtID="1" Merkmal="0.0"/>
  <Objekte ObjID="816" ObjAufnahme="1997-04-15" ObjLetztKontakt="1997-04-15" ObjStrasseID="8153" ObjHausnummer="Seelhorststraße 33" ObjVorlage="2013-09-11 00:00:00.0" ObKeinKontakt="1" ObjArtID="1" Merkmal="0.0"/>
  <Objekte ObjID="817" ObjAufnahme="1997-04-15" ObjLetztKontakt="1997-04-15" ObjStrasseID="8153" ObjHausnummer="Seelhorststraße 34A" ObjVorlage="2013-09-11 00:00:00.0" ObKeinKontakt="1" ObjArtID="1" Merkmal="0.0"/>
  <Objekte ObjID="818" ObjAufnahme="1997-04-15" ObjLetztKontakt="1997-04-15" ObjStrasseID="8153" ObjHausnummer="Seelhorststraße 36" ObjVorlage="2013-09-11 00:00:00.0" ObKeinKontakt="1" ObjArtID="177" Merkmal="0.0"/>
  <Objekte ObjID="819" ObjAufnahme="1997-04-15" ObjLetztKontakt="1997-04-15" ObjStrasseID="8153" ObjHausnummer="Seelhorststraße 38" ObjVorlage="2013-09-11 00:00:00.0" ObKeinKontakt="1" ObjArtID="1" Merkmal="0.0" ObjInfo="Frau G. hesse Neustadt-Schwarzwald Mozartstraße Dr.hesse 07651-7318"/>
  <Objekte ObjID="820" ObjAufnahme="1997-04-15" ObjLetztKontakt="1997-04-15" ObjStrasseID="8153" ObjHausnummer="Seelhorststraße 40" ObjVorlage="2013-09-11 00:00:00.0" ObKeinKontakt="1" ObjArtID="195" Merkmal="0.0"/>
  <Objekte ObjID="821" ObjAufnahme="1997-04-15" ObjLetztKontakt="1997-04-15" ObjStrasseID="8153" ObjHausnummer="Seelhorststraße 42" ObjVorlage="2013-09-11 00:00:00.0" ObKeinKontakt="1" ObjArtID="1" Merkmal="0.0" ObjInfo="S.Fischpan kaufmann"/>
  <Objekte ObjID="822" ObjAufnahme="1997-04-15" ObjLetztKontakt="1997-04-15" ObjStrasseID="8153" ObjHausnummer="Seelhorststraße 43" ObjVorlage="2013-09-11 00:00:00.0" ObKeinKontakt="1" ObjArtID="1" Merkmal="0.0"/>
  <Objekte ObjID="823" ObjAufnahme="1997-04-15" ObjLetztKontakt="1997-04-15" ObjStrasseID="8153" ObjHausnummer="Seelhorststraße 44" ObjVorlage="2013-09-11 00:00:00.0" ObKeinKontakt="1" ObjArtID="1" Merkmal="0.0" ObjInfo="siehe 42"/>
  <Objekte ObjID="824" ObjAufnahme="1997-04-15" ObjLetztKontakt="1997-04-15" ObjStrasseID="8153" ObjHausnummer="Seelhorststraße 45" ObjVorlage="2013-09-11 00:00:00.0" ObKeinKontakt="1" ObjArtID="1" Merkmal="0.0" ObjInfo="Behse, benthe Steinweg 15"/>
  <Objekte ObjID="825" ObjAufnahme="1997-04-15" ObjLetztKontakt="1997-04-15" ObjStrasseID="8153" ObjHausnummer="Seelhorststraße 48" ObjVorlage="2013-09-11 00:00:00.0" ObKeinKontakt="1" ObjArtID="1" Merkmal="0.0" ObjInfo="Elfriede F.Trenne"/>
  <Objekte ObjID="826" ObjAufnahme="1997-04-15" ObjLetztKontakt="1997-04-15" ObjStrasseID="8153" ObjHausnummer="Seelhorststraße 50" ObjVorlage="2013-09-11 00:00:00.0" ObKeinKontakt="1" ObjArtID="1" Merkmal="0.0" ObjInfo="Frau Marga Meier oder Hermann-Wilhelm 817377"/>
  <Objekte ObjID="827" ObjAufnahme="1997-04-15" ObjLetztKontakt="1997-04-15" ObjStrasseID="8153" ObjHausnummer="Seelhorststraße 55" ObjVorlage="2013-09-11 00:00:00.0" ObKeinKontakt="1" ObjArtID="1" Merkmal="0.0"/>
  <Objekte ObjID="828" ObjAufnahme="1997-04-15" ObjLetztKontakt="1997-04-15" ObjStrasseID="8153" ObjHausnummer="Seelhorststraße 57" ObjVorlage="2013-09-11 00:00:00.0" ObKeinKontakt="1" ObjArtID="1" Merkmal="0.0" ObjInfo="Landeshauptstadt hannover"/>
  <Objekte ObjID="829" ObjAufnahme="1997-04-15" ObjLetztKontakt="1997-04-15" ObjStrasseID="8153" ObjHausnummer="Seelhorststraße 58" ObjVorlage="2013-09-11 00:00:00.0" ObKeinKontakt="1" ObjArtID="1" Merkmal="0.0" ObjInfo="Deutsch bundesbahn"/>
  <Objekte ObjID="830" ObjAufnahme="1997-04-15" ObjLetztKontakt="1997-04-15" ObjStrasseID="8153" ObjHausnummer="Seelhorststraße 60" ObjVorlage="2013-09-11 00:00:00.0" ObKeinKontakt="1" ObjArtID="1" Merkmal="0.0"/>
  <Objekte ObjID="831" ObjAufnahme="1997-04-15" ObjLetztKontakt="1997-04-15" ObjStrasseID="8153" ObjHausnummer="Seelhorststraße 61" ObjVorlage="2013-09-11 00:00:00.0" ObKeinKontakt="1" ObjArtID="36" Merkmal="0.0" ObjInfo="Herta Bertram 817231"/>
  <Objekte ObjID="832" ObjAufnahme="1997-04-15" ObjLetztKontakt="1997-04-15" ObjStrasseID="8153" ObjHausnummer="Seelhorststraße 62" ObjVorlage="2013-09-11 00:00:00.0" ObKeinKontakt="1" ObjArtID="1" Merkmal="0.0"/>
  <Objekte ObjID="833" ObjAufnahme="1997-04-15" ObjLetztKontakt="1997-04-15" ObjStrasseID="8153" ObjHausnummer="Seelhorststraße 64" ObjVorlage="2013-09-11 00:00:00.0" ObKeinKontakt="1" ObjArtID="1" Merkmal="0.0" ObjInfo="Steinfurth 02551-5380 Borghorst i.W. Berstiege 12"/>
  <Objekte ObjID="834" ObjAufnahme="1997-04-16" ObjLetztKontakt="1997-04-16" ObjStrasseID="6535" ObjHausnummer="Gellertstraße 1" ObjVorlage="2013-09-11 00:00:00.0" ObKeinKontakt="1" ObjArtID="177" Merkmal="0.0" ObjInfo="Mieter : Andreas Gazmati, Gellertstr. 1, 30175 Hannover, 0511-853568&#xD;&#xA;Dassel Ilse, Gellertstr. 1, 30175 Hannover, 0511-851306&#xD;&#xA;Gote Uwe, Gellertstr. 1, 30175 Hannover, 0511-813030&#xD;&#xA;Heinemann Friederike, Gellertstr. 1, 30175 Hannover, 0511-2834287&#xD;&#xA;Knoll Ge&#xD;&#xA;835"/>
  <Objekte ObjID="836" ObjAufnahme="1997-04-16" ObjLetztKontakt="1997-04-16" ObjStrasseID="6535" ObjHausnummer="Gellertstraße 4" ObjVorlage="2013-09-11 00:00:00.0" ObKeinKontakt="1" ObjArtID="1" Merkmal="0.0" ObjInfo="früher : J.Gerber Mannheim Mieter : Kolbe Dirk, Gellertstr. 4, 30175 Hannover, 0511-816209&#xD;&#xA;PROMIX Werbeagentur GmbH, Gellertstr. 4, 30175 Hannover, 0511-813103&#xD;&#xA;PROMIX Werbeagentur GmbH, Gellertstr. 4, 30175 Hannover, 0511-813160&#xD;&#xA;Schäfers, Gellertstr. 4,&#xD;&#xA;837"/>
  <Objekte ObjID="841" ObjAufnahme="1997-04-16" ObjLetztKontakt="1997-04-16" ObjStrasseID="6535" ObjHausnummer="Gellertstraße 9" ObjVorlage="2013-09-11 00:00:00.0" ObKeinKontakt="1" ObjArtID="1" Merkmal="0.0" ObjInfo="früher : Landesverband der AutovermieterMieter : ALV LESSMANN &amp; VOGT GMBH, Gellertstr. 9, 30175 Hannover, 0511-282034&#xD;&#xA;ALV Leßmann &amp; Vogt GmbH, Gellertstr. 9, 30175 Hannover, 0511-281612&#xD;&#xA;Landesverbände, 30... Hannover&#xD;&#xA;o Autovermieter Niedersachsen-Bremen&#xD;&#xA;842"/>
  <Objekte ObjID="846" ObjAufnahme="1997-04-16" ObjLetztKontakt="1997-04-16" ObjStrasseID="6535" ObjHausnummer="Gellertstraße 15" ObjVorlage="2013-09-11 00:00:00.0" ObKeinKontakt="1" ObjArtID="1" Merkmal="0.0"/>
  <Objekte ObjID="847" ObjAufnahme="1997-04-16" ObjLetztKontakt="1997-04-16" ObjStrasseID="6535" ObjHausnummer="Gellertstraße 16" ObjVorlage="2013-09-11 00:00:00.0" ObKeinKontakt="5" ObjArtID="18" Merkmal="0.0"/>
  <Objekte ObjID="848" ObjAufnahme="1997-04-16" ObjLetztKontakt="1997-04-16" ObjStrasseID="6535" ObjHausnummer="Gellertstraße 17" ObjVorlage="2013-09-11 00:00:00.0" ObKeinKontakt="1" ObjArtID="1" Merkmal="0.0"/>
  <Objekte ObjID="849" ObjAufnahme="1997-04-16" ObjLetztKontakt="1997-04-16" ObjStrasseID="6535" ObjHausnummer="Gellertstraße 19" ObjVorlage="2013-09-11 00:00:00.0" ObKeinKontakt="1" ObjArtID="1" Merkmal="0.0"/>
  <Objekte ObjID="850" ObjAufnahme="1997-04-16" ObjLetztKontakt="1997-04-16" ObjStrasseID="6535" ObjHausnummer="Gellertstraße 20" ObjVorlage="2013-09-11 00:00:00.0" ObKeinKontakt="1" ObjArtID="1" Merkmal="0.0"/>
  <Objekte ObjID="851" ObjAufnahme="1997-04-16" ObjLetztKontakt="1997-04-16" ObjStrasseID="6535" ObjHausnummer="Gellertstraße 21" ObjVorlage="2013-09-11 00:00:00.0" ObKeinKontakt="1" ObjArtID="1" Merkmal="0.0"/>
  <Objekte ObjID="852" ObjAufnahme="1997-04-16" ObjLetztKontakt="1997-04-16" ObjStrasseID="6535" ObjHausnummer="Gellertstraße 22" ObjVorlage="2013-09-11 00:00:00.0" ObKeinKontakt="1" ObjArtID="1" Merkmal="0.0"/>
  <Objekte ObjID="854" ObjAufnahme="1997-04-16" ObjLetztKontakt="1997-04-16" ObjStrasseID="6535" ObjHausnummer="Gellertstraße 26" ObjVorlage="2013-09-11 00:00:00.0" ObKeinKontakt="1" ObjArtID="1" Merkmal="0.0"/>
  <Objekte ObjID="856" ObjAufnahme="1997-04-16" ObjLetztKontakt="1997-04-16" ObjStrasseID="6535" ObjHausnummer="Gellertstraße 30" ObjVorlage="2013-09-11 00:00:00.0" ObKeinKontakt="1" ObjArtID="1" Merkmal="0.0"/>
  <Objekte ObjID="857" ObjAufnahme="1997-04-16" ObjLetztKontakt="1997-04-16" ObjStrasseID="6535" ObjHausnummer="Gellertstraße 23" ObjVorlage="2013-09-11 00:00:00.0" ObKeinKontakt="1" ObjArtID="1" Merkmal="0.0"/>
  <Objekte ObjID="858" ObjAufnahme="1997-04-16" ObjLetztKontakt="1997-04-16" ObjStrasseID="6535" ObjHausnummer="Gellertstraße 28" ObjVorlage="2013-09-11 00:00:00.0" ObKeinKontakt="1" ObjArtID="1" Merkmal="0.0"/>
  <Objekte ObjID="859" ObjAufnahme="1997-04-16" ObjLetztKontakt="1997-04-16" ObjStrasseID="6535" ObjHausnummer="Gellertstraße 27" ObjVorlage="2013-09-11 00:00:00.0" ObKeinKontakt="1" ObjArtID="1" Merkmal="0.0"/>
  <Objekte ObjID="860" ObjAufnahme="1997-04-16" ObjLetztKontakt="1997-04-16" ObjStrasseID="6535" ObjHausnummer="Gellertstraße 29" ObjVorlage="2013-09-11 00:00:00.0" ObKeinKontakt="1" ObjArtID="1" Merkmal="0.0"/>
  <Objekte ObjID="861" ObjAufnahme="1997-04-16" ObjLetztKontakt="1997-04-16" ObjStrasseID="6535" ObjHausnummer="Gellertstraße 31" ObjVorlage="2013-09-11 00:00:00.0" ObKeinKontakt="1" ObjArtID="1" Merkmal="0.0"/>
  <Objekte ObjID="862" ObjAufnahme="1997-04-16" ObjLetztKontakt="1997-04-16" ObjStrasseID="6535" ObjHausnummer="Gellertstraße 32" ObjVorlage="2013-09-11 00:00:00.0" ObKeinKontakt="1" ObjArtID="1" Merkmal="0.0"/>
  <Objekte ObjID="863" ObjAufnahme="1997-04-16" ObjLetztKontakt="1997-04-16" ObjStrasseID="6535" ObjHausnummer="Gellertstraße 33" ObjVorlage="2013-09-11 00:00:00.0" ObKeinKontakt="1" ObjArtID="1" Merkmal="0.0"/>
  <Objekte ObjID="864" ObjAufnahme="1997-04-16" ObjLetztKontakt="1997-04-16" ObjStrasseID="6535" ObjHausnummer="Gellertstraße 35" ObjVorlage="2013-09-11 00:00:00.0" ObKeinKontakt="1" ObjArtID="1" Merkmal="0.0"/>
  <Objekte ObjID="865" ObjAufnahme="1997-04-16" ObjLetztKontakt="1997-04-16" ObjStrasseID="6535" ObjHausnummer="Gellertstraße 37" ObjVorlage="2013-09-11 00:00:00.0" ObKeinKontakt="1" ObjArtID="1" Merkmal="0.0"/>
  <Objekte ObjID="866" ObjAufnahme="1997-04-16" ObjLetztKontakt="1997-04-16" ObjStrasseID="6535" ObjHausnummer="Gellertstraße 39" ObjVorlage="2013-09-11 00:00:00.0" ObKeinKontakt="5" ObjArtID="18" Merkmal="0.0" ObjInfo="1,4/320/100/300/-/Ke/1907"/>
  <Objekte ObjID="867" ObjAufnahme="1997-04-16" ObjLetztKontakt="1997-04-16" ObjStrasseID="6535" ObjHausnummer="Gellertstraße 34" ObjVorlage="2013-09-11 00:00:00.0" ObKeinKontakt="1" ObjArtID="1" Merkmal="0.0"/>
  <Objekte ObjID="868" ObjAufnahme="1997-04-16" ObjLetztKontakt="1997-04-16" ObjStrasseID="6535" ObjHausnummer="Gellertstraße 41" ObjVorlage="2013-09-11 00:00:00.0" ObKeinKontakt="1" ObjArtID="1" Merkmal="0.0"/>
  <Objekte ObjID="869" ObjAufnahme="1997-04-16" ObjLetztKontakt="2006-03-07" ObjStrasseID="6535" ObjHausnummer="Gellertstraße 43" ObjVorlage="2013-09-11 00:00:00.0" ObKeinKontakt="1" ObjArtID="36" Merkmal="0.0"/>
  <Objekte ObjID="870" ObjAufnahme="1997-04-16" ObjLetztKontakt="1997-04-16" ObjStrasseID="6535" ObjHausnummer="Gellertstraße 45" ObjVorlage="2013-09-11 00:00:00.0" ObKeinKontakt="1" ObjArtID="1" Merkmal="0.0"/>
  <Objekte ObjID="871" ObjAufnahme="1997-04-16" ObjLetztKontakt="1997-04-16" ObjStrasseID="6535" ObjHausnummer="Gellertstraße 47" ObjVorlage="2013-09-11 00:00:00.0" ObKeinKontakt="1" ObjArtID="1" Merkmal="0.0"/>
  <Objekte ObjID="872" ObjAufnahme="1997-04-16" ObjLetztKontakt="1997-04-16" ObjStrasseID="6535" ObjHausnummer="Gellertstraße 49" ObjVorlage="2013-09-11 00:00:00.0" ObKeinKontakt="1" ObjArtID="1" Merkmal="0.0"/>
  <Objekte ObjID="873" ObjAufnahme="1997-04-16" ObjLetztKontakt="1997-04-16" ObjStrasseID="6535" ObjHausnummer="Gellertstraße 42" ObjVorlage="2013-09-11 00:00:00.0" ObKeinKontakt="1" ObjArtID="1" Merkmal="0.0"/>
  <Objekte ObjID="874" ObjAufnahme="1997-04-16" ObjLetztKontakt="1997-04-16" ObjStrasseID="6535" ObjHausnummer="Gellertstraße 44" ObjVorlage="2013-09-11 00:00:00.0" ObKeinKontakt="1" ObjArtID="1" Merkmal="0.0"/>
  <Objekte ObjID="875" ObjAufnahme="1997-04-16" ObjLetztKontakt="1997-04-16" ObjStrasseID="6535" ObjHausnummer="Gellertstraße 46" ObjVorlage="2013-09-11 00:00:00.0" ObKeinKontakt="1" ObjArtID="1" Merkmal="0.0"/>
  <Objekte ObjID="876" ObjAufnahme="1997-04-16" ObjLetztKontakt="1997-04-16" ObjStrasseID="6535" ObjHausnummer="Gellertstraße 48" ObjVorlage="2013-09-11 00:00:00.0" ObKeinKontakt="1" ObjArtID="1" Merkmal="0.0"/>
  <Objekte ObjID="877" ObjAufnahme="1997-04-16" ObjLetztKontakt="1997-04-16" ObjStrasseID="6535" ObjHausnummer="Gellertstraße 51" ObjVorlage="2013-09-11 00:00:00.0" ObKeinKontakt="1" ObjArtID="1" Merkmal="0.0"/>
  <Objekte ObjID="878" ObjAufnahme="1997-04-16" ObjLetztKontakt="1997-04-16" ObjStrasseID="6535" ObjHausnummer="Gellertstraße 55" ObjVorlage="2013-09-11 00:00:00.0" ObKeinKontakt="1" ObjArtID="1" Merkmal="0.0" ObjInfo="Mathile läer aon Alten Allee"/>
  <Objekte ObjID="879" ObjAufnahme="1997-04-16" ObjLetztKontakt="1997-04-16" ObjStrasseID="6535" ObjHausnummer="Gellertstraße 50" ObjVorlage="2013-09-11 00:00:00.0" ObKeinKontakt="1" ObjArtID="1" Merkmal="0.0"/>
  <Objekte ObjID="880" ObjAufnahme="1997-04-16" ObjLetztKontakt="1997-04-16" ObjStrasseID="6535" ObjHausnummer="Gellertstraße 57" ObjVorlage="2013-09-11 00:00:00.0" ObKeinKontakt="1" ObjArtID="1" Merkmal="0.0"/>
  <Objekte ObjID="881" ObjAufnahme="1997-04-16" ObjLetztKontakt="1997-04-16" ObjStrasseID="6535" ObjHausnummer="Gellertstraße 25" ObjVorlage="2013-09-11 00:00:00.0" ObKeinKontakt="1" ObjArtID="1" Merkmal="0.0"/>
  <Objekte ObjID="882" ObjAufnahme="1997-03-24" ObjLetztKontakt="1997-03-24" ObjStrasseID="6002" ObjHausnummer="Bödekerstraße 29" ObjVorlage="2013-09-11 00:00:00.0" ObKeinKontakt="1" ObjArtID="1" Merkmal="0.0"/>
  <Objekte ObjID="883" ObjAufnahme="1997-04-17" ObjLetztKontakt="1997-04-17" ObjStrasseID="6535" ObjHausnummer="Gellertstraße 57A" ObjVorlage="2013-09-11 00:00:00.0" ObKeinKontakt="1" ObjArtID="1" Merkmal="0.0" ObjInfo="Schober, barbara in 57 B, Verwalter Rechtsanwalt Dr. Naumann Bürgermeister Fink Straße 19 Schill 0503267273 Mieter Firma hädieke"/>
  <Objekte ObjID="884" ObjAufnahme="1997-04-17" ObjLetztKontakt="1997-04-17" ObjStrasseID="6535" ObjHausnummer="Gellertstraße 57B" ObjVorlage="2013-09-11 00:00:00.0" ObKeinKontakt="1" ObjArtID="1" Merkmal="0.0"/>
  <Objekte ObjID="885" ObjAufnahme="1997-04-17" ObjLetztKontakt="1997-04-17" ObjStrasseID="6335" ObjHausnummer="Ellernstraße 3" ObjVorlage="2013-09-11 00:00:00.0" ObKeinKontakt="1" ObjArtID="1" Merkmal="0.0"/>
  <Objekte ObjID="886" ObjAufnahme="1997-04-17" ObjLetztKontakt="1997-04-17" ObjStrasseID="6335" ObjHausnummer="Ellernstraße 4" ObjVorlage="2013-09-11 00:00:00.0" ObKeinKontakt="1" ObjArtID="1" Merkmal="0.0"/>
  <Objekte ObjID="887" ObjAufnahme="1997-04-17" ObjLetztKontakt="1997-04-17" ObjStrasseID="6335" ObjHausnummer="Ellernstraße 5" ObjVorlage="2013-09-11 00:00:00.0" ObKeinKontakt="1" ObjArtID="1" Merkmal="0.0"/>
  <Objekte ObjID="888" ObjAufnahme="1997-04-17" ObjLetztKontakt="1997-04-17" ObjStrasseID="6335" ObjHausnummer="Ellernstraße 6" ObjVorlage="2013-09-11 00:00:00.0" ObKeinKontakt="1" ObjArtID="1" Merkmal="0.0"/>
  <Objekte ObjID="889" ObjAufnahme="1997-04-17" ObjLetztKontakt="1997-04-17" ObjStrasseID="6335" ObjHausnummer="Ellernstraße 7" ObjVorlage="2013-09-11 00:00:00.0" ObKeinKontakt="1" ObjArtID="1" Merkmal="0.0"/>
  <Objekte ObjID="890" ObjAufnahme="1997-04-17" ObjLetztKontakt="1997-04-17" ObjStrasseID="6335" ObjHausnummer="Ellernstraße 8" ObjVorlage="2013-09-11 00:00:00.0" ObKeinKontakt="1" ObjArtID="1" Merkmal="0.0" ObjInfo="Briese Eckhard&#09;Ellernstr. 8&#09;30175 Hannover&#09;0511-851262&#xD;&#xA;Frey Joachim&#09;Ellernstr. 8&#09;30175 Hannover&#09;0511-815747&#xD;&#xA;Meinow Rolf&#09;Ellernstr. 8&#09;30175 Hannover&#09;0511-815522&#xD;&#xA;Schermer-Meinow Susanne&#09;Ellernstr. 8&#09;30175 Hannover&#09;0511-815522"/>
  <Objekte ObjID="891" ObjAufnahme="1997-04-17" ObjLetztKontakt="1997-04-17" ObjStrasseID="6335" ObjHausnummer="Ellernstraße 9" ObjVorlage="2013-09-11 00:00:00.0" ObKeinKontakt="1" ObjArtID="1" Merkmal="0.0"/>
  <Objekte ObjID="892" ObjAufnahme="1997-04-17" ObjLetztKontakt="1997-04-17" ObjStrasseID="6335" ObjHausnummer="Ellernstraße 10" ObjVorlage="2013-09-11 00:00:00.0" ObKeinKontakt="1" ObjArtID="1" Merkmal="0.0"/>
  <Objekte ObjID="893" ObjAufnahme="1997-04-17" ObjLetztKontakt="1997-04-17" ObjStrasseID="6335" ObjHausnummer="Ellernstraße 11" ObjVorlage="1998-01-01 00:00:00.0" ObKeinKontakt="2" ObjArtID="1" Merkmal="0.0"/>
  <Objekte ObjID="894" ObjAufnahme="1997-04-17" ObjLetztKontakt="1997-04-17" ObjStrasseID="6335" ObjHausnummer="Ellernstraße 12" ObjVorlage="2013-09-11 00:00:00.0" ObKeinKontakt="1" ObjArtID="1" Merkmal="0.0"/>
  <Objekte ObjID="895" ObjAufnahme="1997-04-17" ObjLetztKontakt="1997-04-17" ObjStrasseID="6335" ObjHausnummer="Ellernstraße 13" ObjVorlage="2013-09-11 00:00:00.0" ObKeinKontakt="1" ObjArtID="1" Merkmal="0.0"/>
  <Objekte ObjID="896" ObjAufnahme="1997-04-17" ObjLetztKontakt="1997-04-17" ObjStrasseID="6335" ObjHausnummer="Ellernstraße 14" ObjVorlage="2013-09-11 00:00:00.0" ObKeinKontakt="1" ObjArtID="1" Merkmal="0.0" ObjInfo="Inghaber aus Paderborn 96 gekauft zieht ein"/>
  <Objekte ObjID="897" ObjAufnahme="1997-04-17" ObjLetztKontakt="1997-04-17" ObjStrasseID="6335" ObjHausnummer="Ellernstraße 15" ObjVorlage="2013-09-11 00:00:00.0" ObKeinKontakt="1" ObjArtID="1" Merkmal="0.0" ObjInfo="Annelie Wöstmann 814473"/>
  <Objekte ObjID="898" ObjAufnahme="1997-04-17" ObjLetztKontakt="1997-04-17" ObjStrasseID="6335" ObjHausnummer="Ellernstraße 16" ObjVorlage="2013-09-11 00:00:00.0" ObKeinKontakt="1" ObjArtID="1" Merkmal="0.0"/>
  <Objekte ObjID="899" ObjAufnahme="1997-04-17" ObjLetztKontakt="1997-04-17" ObjStrasseID="6335" ObjHausnummer="Ellernstraße 17" ObjVorlage="2013-09-11 00:00:00.0" ObKeinKontakt="1" ObjArtID="1" Merkmal="0.0"/>
  <Objekte ObjID="900" ObjAufnahme="1997-04-17" ObjLetztKontakt="1997-04-17" ObjStrasseID="6335" ObjHausnummer="Ellernstraße 18" ObjVorlage="2013-09-11 00:00:00.0" ObKeinKontakt="1" ObjArtID="1" Merkmal="0.0"/>
  <Objekte ObjID="901" ObjAufnahme="1997-04-17" ObjLetztKontakt="1997-04-17" ObjStrasseID="6335" ObjHausnummer="Ellernstraße 19" ObjVorlage="2013-09-11 00:00:00.0" ObKeinKontakt="1" ObjArtID="1" Merkmal="0.0" ObjInfo="Tochter von Frau helling hat Haus übernommer wohnt dort"/>
  <Objekte ObjID="902" ObjAufnahme="1997-04-17" ObjLetztKontakt="1997-04-17" ObjStrasseID="6335" ObjHausnummer="Ellernstraße 20" ObjVorlage="2013-09-11 00:00:00.0" ObKeinKontakt="1" ObjArtID="14" Merkmal="0.0" ObjInfo="hier stimmt etwas nicht"/>
  <Objekte ObjID="903" ObjAufnahme="1997-04-17" ObjLetztKontakt="1997-04-17" ObjStrasseID="6335" ObjHausnummer="Ellernstraße 21" ObjVorlage="2013-09-11 00:00:00.0" ObKeinKontakt="1" ObjArtID="1" Merkmal="0.0" ObjInfo="Malermeister König Cäcilienstraße 14 Tel. 831408"/>
  <Objekte ObjID="904" ObjAufnahme="1997-04-17" ObjLetztKontakt="1997-04-17" ObjStrasseID="6335" ObjHausnummer="Ellernstraße 22" ObjVorlage="2013-09-11 00:00:00.0" ObKeinKontakt="1" ObjArtID="1" Merkmal="0.0"/>
  <Objekte ObjID="905" ObjAufnahme="1997-04-17" ObjLetztKontakt="1997-04-17" ObjStrasseID="6335" ObjHausnummer="Ellernstraße 23" ObjVorlage="2013-09-11 00:00:00.0" ObKeinKontakt="1" ObjArtID="1" Merkmal="0.0"/>
  <Objekte ObjID="906" ObjAufnahme="1997-04-17" ObjLetztKontakt="1997-04-17" ObjStrasseID="6335" ObjHausnummer="Ellernstraße 24" ObjVorlage="2013-09-11 00:00:00.0" ObKeinKontakt="1" ObjArtID="1" Merkmal="0.0"/>
  <Objekte ObjID="907" ObjAufnahme="1997-04-17" ObjLetztKontakt="1997-04-17" ObjStrasseID="6335" ObjHausnummer="Ellernstraße 25" ObjVorlage="2013-09-11 00:00:00.0" ObKeinKontakt="1" ObjArtID="1" Merkmal="0.0" ObjInfo="Anwaltspraxis wiechert"/>
  <Objekte ObjID="908" ObjAufnahme="1997-04-17" ObjLetztKontakt="1997-04-17" ObjStrasseID="6335" ObjHausnummer="Ellernstraße 26" ObjVorlage="2013-09-11 00:00:00.0" ObKeinKontakt="1" ObjArtID="201" Merkmal="0.0"/>
  <Objekte ObjID="909" ObjAufnahme="1997-04-17" ObjLetztKontakt="1997-04-17" ObjStrasseID="6335" ObjHausnummer="Ellernstraße 27" ObjVorlage="1998-01-01 00:00:00.0" ObKeinKontakt="2" ObjArtID="1" Merkmal="0.0"/>
  <Objekte ObjID="911" ObjAufnahme="1997-04-17" ObjLetztKontakt="1997-04-17" ObjStrasseID="6335" ObjHausnummer="Ellernstraße 29" ObjVorlage="2013-09-11 00:00:00.0" ObKeinKontakt="1" ObjArtID="177" Merkmal="0.0"/>
  <Objekte ObjID="912" ObjAufnahme="1997-04-17" ObjLetztKontakt="1997-04-17" ObjStrasseID="6335" ObjHausnummer="Ellernstraße 30" ObjVorlage="2013-09-11 00:00:00.0" ObKeinKontakt="1" ObjArtID="1" Merkmal="0.0"/>
  <Objekte ObjID="913" ObjAufnahme="1997-04-17" ObjLetztKontakt="1997-04-17" ObjStrasseID="6335" ObjHausnummer="Ellernstraße 31" ObjVorlage="2013-09-11 00:00:00.0" ObKeinKontakt="1" ObjArtID="177" Merkmal="0.0"/>
  <Objekte ObjID="914" ObjAufnahme="1997-04-17" ObjLetztKontakt="1997-04-17" ObjStrasseID="6335" ObjHausnummer="Ellernstraße 32" ObjVorlage="2013-09-11 00:00:00.0" ObKeinKontakt="1" ObjArtID="1" Merkmal="0.0"/>
  <Objekte ObjID="915" ObjAufnahme="1997-04-17" ObjLetztKontakt="1997-04-17" ObjStrasseID="6335" ObjHausnummer="Ellernstraße 33" ObjVorlage="2013-09-11 00:00:00.0" ObKeinKontakt="1" ObjArtID="1" Merkmal="0.0" ObjInfo="gehört einer Frau heinz oder heine"/>
  <Objekte ObjID="916" ObjAufnahme="1997-04-17" ObjLetztKontakt="1997-04-17" ObjStrasseID="6335" ObjHausnummer="Ellernstraße 34" ObjVorlage="2013-09-11 00:00:00.0" ObKeinKontakt="1" ObjArtID="1" Merkmal="0.0" ObjInfo="Dr. Kalender Treuhandgesellschaft 338020"/>
  <Objekte ObjID="917" ObjAufnahme="1997-04-17" ObjLetztKontakt="1997-04-17" ObjStrasseID="6335" ObjHausnummer="Ellernstraße 36" ObjVorlage="2013-09-11 00:00:00.0" ObKeinKontakt="1" ObjArtID="1" Merkmal="0.0" ObjInfo="Luise Wessel ?"/>
  <Objekte ObjID="918" ObjAufnahme="1997-04-17" ObjLetztKontakt="1997-04-17" ObjStrasseID="6335" ObjHausnummer="Ellernstraße 37" ObjVorlage="1998-01-01 00:00:00.0" ObKeinKontakt="2" ObjArtID="1" Merkmal="0.0"/>
  <Objekte ObjID="919" ObjAufnahme="1997-04-17" ObjLetztKontakt="1997-04-17" ObjStrasseID="6335" ObjHausnummer="Ellernstraße 38" ObjVorlage="1998-01-01 00:00:00.0" ObKeinKontakt="2" ObjArtID="1" Merkmal="0.0"/>
  <Objekte ObjID="920" ObjAufnahme="1997-04-17" ObjLetztKontakt="1997-04-17" ObjStrasseID="6335" ObjHausnummer="Ellernstraße 41A" ObjVorlage="2013-09-11 00:00:00.0" ObKeinKontakt="1" ObjArtID="1" Merkmal="0.0"/>
  <Objekte ObjID="921" ObjAufnahme="1997-04-17" ObjLetztKontakt="1997-04-17" ObjStrasseID="6335" ObjHausnummer="Ellernstraße 40" ObjVorlage="2013-09-11 00:00:00.0" ObKeinKontakt="1" ObjArtID="1" Merkmal="0.0" ObjInfo="landeshauptstadt hannover"/>
  <Objekte ObjID="922" ObjAufnahme="1997-04-17" ObjLetztKontakt="1997-04-17" ObjStrasseID="8052" ObjHausnummer="Scharnhorststraße 5" ObjVorlage="2013-09-11 00:00:00.0" ObKeinKontakt="1" ObjArtID="1" Merkmal="0.0"/>
  <Objekte ObjID="923" ObjAufnahme="1997-04-17" ObjLetztKontakt="1997-04-17" ObjStrasseID="8052" ObjHausnummer="Scharnhorststraße 6" ObjVorlage="2013-09-11 00:00:00.0" ObKeinKontakt="1" ObjArtID="1" Merkmal="0.0"/>
  <Objekte ObjID="924" ObjAufnahme="1997-04-17" ObjLetztKontakt="1997-04-17" ObjStrasseID="8052" ObjHausnummer="Scharnhorststraße 15" ObjVorlage="2013-09-11 00:00:00.0" ObKeinKontakt="1" ObjArtID="1" Merkmal="0.0"/>
  <Objekte ObjID="925" ObjAufnahme="1997-04-17" ObjLetztKontakt="1997-04-17" ObjStrasseID="8052" ObjHausnummer="Scharnhorststraße 17" ObjVorlage="2013-09-11 00:00:00.0" ObKeinKontakt="1" ObjArtID="1" Merkmal="0.0"/>
  <Objekte ObjID="926" ObjAufnahme="1997-04-17" ObjLetztKontakt="1997-04-17" ObjStrasseID="8052" ObjHausnummer="Scharnhorststraße 18" ObjVorlage="2013-09-11 00:00:00.0" ObKeinKontakt="1" ObjArtID="17" Merkmal="0.0"/>
  <Objekte ObjID="927" ObjAufnahme="1997-04-17" ObjLetztKontakt="1997-04-17" ObjStrasseID="8052" ObjHausnummer="Scharnhorststraße 19" ObjVorlage="2013-09-11 00:00:00.0" ObKeinKontakt="1" ObjArtID="1" Merkmal="0.0"/>
  <Objekte ObjID="928" ObjAufnahme="1997-04-17" ObjLetztKontakt="2013-05-03" ObjStrasseID="8052" ObjHausnummer="Scharnhorststraße 20" ObjVorlage="2013-09-11 00:00:00.0" ObKeinKontakt="2" ObjArtID="177" Merkmal="0.0" ObjInfo="Alexander Hafemann 015777743"/>
  <Objekte ObjID="929" ObjAufnahme="1997-04-17" ObjLetztKontakt="1997-04-17" ObjStrasseID="8052" ObjHausnummer="Scharnhorststraße 21" ObjVorlage="2013-09-11 00:00:00.0" ObKeinKontakt="1" ObjArtID="1" Merkmal="0.0"/>
  <Objekte ObjID="930" ObjAufnahme="1997-04-17" ObjLetztKontakt="1997-04-17" ObjStrasseID="8052" ObjHausnummer="Scharnhorststraße 22" ObjVorlage="2013-09-11 00:00:00.0" ObKeinKontakt="1" ObjArtID="1" Merkmal="0.0"/>
  <Objekte ObjID="931" ObjAufnahme="1997-04-17" ObjLetztKontakt="1997-04-17" ObjStrasseID="8052" ObjHausnummer="Scharnhorststraße 23" ObjVorlage="2013-09-11 00:00:00.0" ObKeinKontakt="1" ObjArtID="1" Merkmal="0.0"/>
  <Objekte ObjID="932" ObjAufnahme="1997-04-18" ObjLetztKontakt="1997-04-18" ObjStrasseID="7345" ObjHausnummer="Leisewitzstraße 4" ObjVorlage="2013-09-11 00:00:00.0" ObKeinKontakt="1" ObjArtID="1" Merkmal="0.0" ObjInfo="PROJEKT Agentur für Public Relations A.B.v.Blücher&#09;Leisewitzstr. 4&#09;30175 Hannover&#09;ISDN 0511-28460-0"/>
  <Objekte ObjID="933" ObjAufnahme="1997-04-18" ObjLetztKontakt="1997-04-18" ObjStrasseID="7345" ObjHausnummer="Leisewitzstraße 8" ObjVorlage="2013-09-11 00:00:00.0" ObKeinKontakt="1" ObjArtID="1" Merkmal="0.0" ObjInfo="Langenbeck Dörte&#09;Leisewitzstr. 8&#09;30175 Hannover&#09;0511-855126&#xD;&#xA;Weber Wolfgang u. Irene&#09;Leisewitzstr. 8&#09;30175 Hannover&#09;0511-815496"/>
  <Objekte ObjID="934" ObjAufnahme="1997-04-18" ObjLetztKontakt="1997-04-18" ObjStrasseID="7345" ObjHausnummer="Leisewitzstraße 10" ObjVorlage="2013-09-11 00:00:00.0" ObKeinKontakt="1" ObjArtID="1" Merkmal="0.0" ObjInfo="Gätjens Willie&#09;Leisewitzstr. 10&#09;30175 Hannover&#09;0511-816191"/>
  <Objekte ObjID="935" ObjAufnahme="1997-04-18" ObjLetztKontakt="1997-04-18" ObjStrasseID="7345" ObjHausnummer="Leisewitzstraße 12" ObjVorlage="2013-09-11 00:00:00.0" ObKeinKontakt="1" ObjArtID="1" Merkmal="0.0" ObjInfo="Griese Hans&#09;Leisewitzstr. 12&#09;30175 Hannover&#09;0511-814100"/>
  <Objekte ObjID="936" ObjAufnahme="1997-04-18" ObjLetztKontakt="1997-04-18" ObjStrasseID="7345" ObjHausnummer="Leisewitzstraße 14" ObjVorlage="2013-09-11 00:00:00.0" ObKeinKontakt="1" ObjArtID="1" Merkmal="0.0" ObjInfo="Laupichler Ellen&#09;Leisewitzstr. 14&#09;30175 Hannover&#09;0511-816552&#xD;&#xA;Richter Dorothea&#09;Leisewitzstr. 14&#09;30175 Hannover&#09;0511-815215"/>
  <Objekte ObjID="937" ObjAufnahme="1997-04-18" ObjLetztKontakt="1997-04-18" ObjStrasseID="7345" ObjHausnummer="Leisewitzstraße 16" ObjVorlage="2013-09-11 00:00:00.0" ObKeinKontakt="1" ObjArtID="1" Merkmal="0.0" ObjInfo="Bartels Ralph&#09;Leisewitzstr. 16&#09;30175 Hannover&#09;0511-851418&#xD;&#xA;Diekämper Siegfried&#09;Leisewitzstr. 16&#09;30175 Hannover&#09;0511-851334&#xD;&#xA;Schneider T.&#09;Leisewitzstr. 16&#09;30175 Hannover&#09;0511-853682&#xD;&#xA;Steinmeier Ernst&#09;Leisewitzstr. 16&#09;30175 Hannover&#09;0511-819113"/>
  <Objekte ObjID="938" ObjAufnahme="1997-04-18" ObjLetztKontakt="1997-04-18" ObjStrasseID="7345" ObjHausnummer="Leisewitzstraße 18" ObjVorlage="2013-09-11 00:00:00.0" ObKeinKontakt="1" ObjArtID="1" Merkmal="0.0" ObjInfo="Grundstücksgesellschaft Leisewitzstraße mbH&#09;Leisewitzstr. 18&#09;30175 Hannover&#09;0511-282530&#xD;&#xA;Markert Hartmut Rechtsanwalt Notar&#09;Leisewitzstr. 18&#09;30175 Hannover&#09;0511-282530&#xD;&#xA;TransMachine GmbH&#09;Leisewitzstr. 18&#09;30175 Hannover&#09;0511-851887"/>
  <Objekte ObjID="939" ObjAufnahme="1997-04-18" ObjLetztKontakt="1997-04-18" ObjStrasseID="7345" ObjHausnummer="Leisewitzstraße 22" ObjVorlage="2013-09-11 00:00:00.0" ObKeinKontakt="1" ObjArtID="1" Merkmal="0.0" ObjInfo="Baatz Lill&#09;Leisewitzstr. 22&#09;30175 Hannover&#09;0511-281996&#xD;&#xA;Götz Gert Dipl.Psychologe&#09;Leisewitzstr. 22&#09;30175 Hannover&#09;0511-281996&#xD;&#xA;Janke Frank&#09;Leisewitzstr. 22&#09;30175 Hannover&#09;0511-810560&#xD;&#xA;Klauke Wolfram&#09;Leisewitzstr. 22&#09;30175 Hannover&#09;0511-815337&#xD;&#xA;Müller Karl-&#xD;&#xA;940"/>
  <Objekte ObjID="954" ObjAufnahme="1997-04-18" ObjLetztKontakt="1997-04-18" ObjStrasseID="7345" ObjHausnummer="Leisewitzstraße 31" ObjVorlage="2013-09-11 00:00:00.0" ObKeinKontakt="1" ObjArtID="1" Merkmal="0.0" ObjInfo="Prelle Erdmuth Blumen&#09;Leisewitzstr. 31&#09;30175 Hannover&#09;0511-817181"/>
  <Objekte ObjID="955" ObjAufnahme="1997-04-18" ObjLetztKontakt="1997-04-18" ObjStrasseID="7345" ObjHausnummer="Leisewitzstraße 29" ObjVorlage="2013-09-11 00:00:00.0" ObKeinKontakt="1" ObjArtID="1" Merkmal="0.0" ObjInfo="Unbehaun Monika Dipl.-Übersetzerin&#09;Leisewitzstr. 29&#09;30175 Hannover&#09;0511-855772"/>
  <Objekte ObjID="956" ObjAufnahme="1997-04-18" ObjLetztKontakt="1997-04-18" ObjStrasseID="7345" ObjHausnummer="Leisewitzstraße 27" ObjVorlage="2013-09-11 00:00:00.0" ObKeinKontakt="1" ObjArtID="1" Merkmal="0.0" ObjInfo="Papenberg Ulrich&#09;Leisewitzstr. 27&#09;30175 Hannover&#09;0511-851690&#xD;&#xA;Semke M.&#09;Leisewitzstr. 27&#09;30175 Hannover&#09;0511-814303"/>
  <Objekte ObjID="957" ObjAufnahme="1997-04-18" ObjLetztKontakt="1997-04-18" ObjStrasseID="7345" ObjHausnummer="Leisewitzstraße 25" ObjVorlage="2013-09-11 00:00:00.0" ObKeinKontakt="1" ObjArtID="1" Merkmal="0.0" ObjInfo="Hoffmann Kai u. Steuerwald Sophie&#09;Leisewitzstr. 25&#09;30175 Hannover&#09;0511-853221&#xD;&#xA;Schunkert Claus&#09;Leisewitzstr. 25&#09;30175 Hannover&#09;0511-282241&#xD;&#xA;Tetzlaff Wolfgang&#09;Leisewitzstr. 25&#09;30175 Hannover&#09;0511-814175"/>
  <Objekte ObjID="958" ObjAufnahme="1997-04-18" ObjLetztKontakt="1997-04-18" ObjStrasseID="7345" ObjHausnummer="Leisewitzstraße 23" ObjVorlage="2013-09-11 00:00:00.0" ObKeinKontakt="1" ObjArtID="1" Merkmal="0.0" ObjInfo="Griebenow Claudia&#09;Leisewitzstr. 23&#09;30175 Hannover&#09;0511-851860&#xD;&#xA;Odenkirchen Birgit&#09;Leisewitzstr. 23&#09;30175 Hannover&#09;0511-819673"/>
  <Objekte ObjID="959" ObjAufnahme="1997-04-18" ObjLetztKontakt="1997-04-18" ObjStrasseID="7345" ObjHausnummer="Leisewitzstraße 19" ObjVorlage="2013-09-11 00:00:00.0" ObKeinKontakt="1" ObjArtID="1" Merkmal="0.0" ObjInfo="Kienzler Brigitte&#09;Leisewitzstr. 19&#09;30175 Hannover&#09;0511-814675&#xD;&#xA;Maas Heinrich&#09;Leisewitzstr. 19&#09;30175 Hannover&#09;0511-282070"/>
  <Objekte ObjID="960" ObjAufnahme="1997-04-18" ObjLetztKontakt="1997-04-18" ObjStrasseID="7345" ObjHausnummer="Leisewitzstraße 17" ObjVorlage="2013-09-11 00:00:00.0" ObKeinKontakt="1" ObjArtID="1" Merkmal="0.0" ObjInfo="Gelfort Heinz&#09;Leisewitzstr. 17&#09;30175 Hannover&#09;0511-282257&#xD;&#xA;Schlenther Dirk&#09;Leisewitzstr. 17&#09;30175 Hannover&#09;0511-816268&#xD;&#xA;Seeck Kurt Ing.&#09;Leisewitzstr. 17&#09;30175 Hannover&#09;0511-818551"/>
  <Objekte ObjID="961" ObjAufnahme="1997-04-18" ObjLetztKontakt="1997-04-18" ObjStrasseID="7345" ObjHausnummer="Leisewitzstraße 15" ObjVorlage="2013-09-11 00:00:00.0" ObKeinKontakt="1" ObjArtID="1" Merkmal="0.0" ObjInfo="Hecking Justus&#09;Leisewitzstr. 15&#09;30175 Hannover&#09;0511-810226&#xD;&#xA;Mühlbach Marc&#09;Leisewitzstr. 15&#09;30175 Hannover&#09;0511-815636&#xD;&#xA;Rischkopf Wilfried Versich. Immob.&#09;Leisewitzstr. 15&#09;30175 Hannover&#09;0511-814193"/>
  <Objekte ObjID="962" ObjAufnahme="1997-04-20" ObjLetztKontakt="1999-06-20" ObjStrasseID="8495" ObjHausnummer="Voßstraße 2" ObjVorlage="2013-09-11 00:00:00.0" ObKeinKontakt="5" ObjArtID="1" Merkmal="0.9999999999999999" ObjInfo="11WE/1958/88/1,5"/>
  <Objekte ObjID="963" ObjAufnahme="1997-04-20" ObjLetztKontakt="1999-06-20" ObjStrasseID="8495" ObjHausnummer="Voßstraße 4" ObjVorlage="2013-09-11 00:00:00.0" ObKeinKontakt="2" ObjArtID="1" Merkmal="0.0"/>
  <Objekte ObjID="964" ObjAufnahme="1997-04-20" ObjLetztKontakt="1999-06-20" ObjStrasseID="8495" ObjHausnummer="Voßstraße 6" ObjVorlage="2013-09-11 00:00:00.0" ObKeinKontakt="1" ObjArtID="1" Merkmal="0.0" ObjInfo="Balik Mevl?t&#09;Voástr. 6&#09;30161 Hannover&#09;0511-315493&#xD;&#xA;Dressel Vera&#09;Voástr. 6&#09;30161 Hannover&#09;0511-318570&#xD;&#xA;Gudde M.&#09;Voástr. 6&#09;30161 Hannover&#09;0511-331694&#xD;&#xA;K”ster Hans&#09;Voástr. 6&#09;30161 Hannover&#09;0511-318629&#xD;&#xA;Lodge-Neyeh A.&#09;Voástr. 6&#09;30161 Hannover&#09;0511-344324&#xD;&#xA;Maci&#xD;&#xA;965"/>
  <Objekte ObjID="966" ObjAufnahme="1997-04-20" ObjLetztKontakt="1999-06-20" ObjStrasseID="8495" ObjHausnummer="Voßstraße 10" ObjVorlage="2013-09-11 00:00:00.0" ObKeinKontakt="1" ObjArtID="1" Merkmal="0.0"/>
  <Objekte ObjID="968" ObjAufnahme="1997-04-20" ObjLetztKontakt="1999-06-20" ObjStrasseID="8495" ObjHausnummer="Voßstraße 14" ObjVorlage="2013-09-11 00:00:00.0" ObKeinKontakt="1" ObjArtID="1" Merkmal="0.0"/>
  <Objekte ObjID="969" ObjAufnahme="1997-04-20" ObjLetztKontakt="1999-06-20" ObjStrasseID="8495" ObjHausnummer="Voßstraße 16" ObjVorlage="2013-09-11 00:00:00.0" ObKeinKontakt="1" ObjArtID="1" Merkmal="0.0"/>
  <Objekte ObjID="970" ObjAufnahme="1997-04-20" ObjLetztKontakt="1999-06-20" ObjStrasseID="8495" ObjHausnummer="Voßstraße 18" ObjVorlage="2013-09-11 00:00:00.0" ObKeinKontakt="1" ObjArtID="1" Merkmal="0.0"/>
  <Objekte ObjID="971" ObjAufnahme="1997-04-20" ObjLetztKontakt="1999-06-20" ObjStrasseID="8495" ObjHausnummer="Voßstraße 20" ObjVorlage="2013-09-11 00:00:00.0" ObKeinKontakt="1" ObjArtID="1" Merkmal="0.0"/>
  <Objekte ObjID="972" ObjAufnahme="1997-04-20" ObjLetztKontakt="1999-06-20" ObjStrasseID="8495" ObjHausnummer="Voßstraße 22" ObjVorlage="2013-09-11 00:00:00.0" ObKeinKontakt="1" ObjArtID="1" Merkmal="0.0" ObjInfo="Herr Oppen, Heinrich-Wöhler-Str. 12, 30938 Burgwedel, Tel. 05139-2884 Mieter: Bartsch Uschi&#09;Voástr. 22&#09;30161 Hannover&#09;0511-665414&#xD;&#xA;Buschmann Detlef&#09;Voástr. 22&#09;30161 Hannover&#09;0511-629661&#xD;&#xA;Kl”pper Patrick&#09;Voástr. 22&#09;30161 Hannover&#09;0511-3940975&#xD;&#xA;M?ller-Pentz &#xD;&#xA;973"/>
  <Objekte ObjID="974" ObjAufnahme="1997-04-20" ObjLetztKontakt="1999-07-15" ObjStrasseID="8495" ObjHausnummer="Voßstraße 26" ObjVorlage="2013-09-11 00:00:00.0" ObKeinKontakt="1" ObjArtID="1" Merkmal="0.0"/>
  <Objekte ObjID="975" ObjAufnahme="1997-04-20" ObjLetztKontakt="1999-07-15" ObjStrasseID="8495" ObjHausnummer="Voßstraße 28" ObjVorlage="2013-09-11 00:00:00.0" ObKeinKontakt="1" ObjArtID="1" Merkmal="0.0" ObjInfo="B?ttcher Maria&#09;Voástr. 28&#09;30161 Hannover&#09;0511-621456&#xD;&#xA;Laborenz Erich&#09;Voástr. 28&#09;30161 Hannover&#09;0511-665471&#xD;&#xA;Laborenz Ralf&#09;Voástr. 28&#09;30161 Hannover&#09;0511-660227&#xD;&#xA;Lau Ch.&#09;Voástr. 28&#09;30161 Hannover&#09;0511-660919&#xD;&#xA;Madlowski Reiner u. Kopmann Ina&#09;Voástr. 28&#09;30161&#xD;&#xA;976"/>
  <Objekte ObjID="977" ObjAufnahme="1997-04-20" ObjLetztKontakt="1999-06-20" ObjStrasseID="8495" ObjHausnummer="Voßstraße 32" ObjVorlage="2013-09-11 00:00:00.0" ObKeinKontakt="1" ObjArtID="1" Merkmal="0.0"/>
  <Objekte ObjID="978" ObjAufnahme="1997-04-20" ObjLetztKontakt="1999-06-20" ObjStrasseID="8495" ObjHausnummer="Voßstraße 34" ObjVorlage="2013-09-11 00:00:00.0" ObKeinKontakt="1" ObjArtID="1" Merkmal="0.0" ObjInfo="Hahn-Becker Heidy Heilpraktikerin&#09;Voástr. 34&#09;30161 Hannover&#09;0511-669128&#xD;&#xA;Hopf M.&#09;Voástr. 34&#09;30161 Hannover&#09;0511-663424&#xD;&#xA;Meyer K.&#09;Voástr. 34&#09;30161 Hannover&#09;0511-669976&#xD;&#xA;Piper Christian&#09;Voástr. 34&#09;30161 Hannover&#09;0511-392125&#xD;&#xA;Rahlves Heike&#09;Voástr. 34&#09;30161 Ha&#xD;&#xA;979"/>
  <Objekte ObjID="980" ObjAufnahme="1997-04-20" ObjLetztKontakt="1997-04-20" ObjStrasseID="8495" ObjHausnummer="Voßstraße 38" ObjVorlage="2013-09-11 00:00:00.0" ObKeinKontakt="1" ObjArtID="118" Merkmal="0.0" ObjInfo="Hausverwaltung Simmchen"/>
  <Objekte ObjID="981" ObjAufnahme="1997-04-20" ObjLetztKontakt="1997-04-20" ObjStrasseID="8495" ObjHausnummer="Voßstraße 42" ObjVorlage="2013-09-11 00:00:00.0" ObKeinKontakt="1" ObjArtID="1" Merkmal="0.0" ObjInfo="Eigentümerin evtl. Möller, Anni&#xD;Voßstr. 42&#xD;30161 Hannover&#xD;0511-621492"/>
  <Objekte ObjID="982" ObjAufnahme="1997-04-20" ObjLetztKontakt="1997-04-20" ObjStrasseID="8495" ObjHausnummer="Voßstraße 44" ObjVorlage="2013-09-11 00:00:00.0" ObKeinKontakt="1" ObjArtID="1" Merkmal="0.0" ObjInfo="Boness H. u. Ehses Ch.&#09;Voástr. 44&#09;30161 Hannover&#09;0511-622804&#xD;&#xA;Ciudoiu B.&#09;Voástr. 44&#09;30161 Hannover&#09;0511-661815&#xD;&#xA;evtl. Eigentümer : Freckmann R.&#09;Voástr. 44&#09;30161 Hannover&#09;0511-663591&#xD;&#xA;Hagedorn Ursula&#09;Voástr. 44&#09;30161 Hannover&#09;0511-666713&#xD;&#xA;Hansel&#09;Voástr. 44&#09;&#xD;&#xA;983"/>
  <Objekte ObjID="985" ObjAufnahme="1997-04-20" ObjLetztKontakt="1997-04-20" ObjStrasseID="8495" ObjHausnummer="Voßstraße 50" ObjVorlage="2013-09-11 00:00:00.0" ObKeinKontakt="1" ObjArtID="77" Merkmal="0.0"/>
  <Objekte ObjID="986" ObjAufnahme="1997-04-20" ObjLetztKontakt="1997-04-20" ObjStrasseID="8495" ObjHausnummer="Voßstraße 52" ObjVorlage="2013-09-11 00:00:00.0" ObKeinKontakt="1" ObjArtID="1" Merkmal="0.0"/>
  <Objekte ObjID="987" ObjAufnahme="1997-04-20" ObjLetztKontakt="1997-04-20" ObjStrasseID="8496" ObjHausnummer="Voßstraße 54" ObjVorlage="2013-09-11 00:00:00.0" ObKeinKontakt="1" ObjArtID="1" Merkmal="0.0"/>
  <Objekte ObjID="988" ObjAufnahme="1997-04-20" ObjLetztKontakt="1997-04-20" ObjStrasseID="8496" ObjHausnummer="Voßstraße 56" ObjVorlage="2013-09-11 00:00:00.0" ObKeinKontakt="1" ObjArtID="1" Merkmal="0.0" ObjInfo="evtl. ETWs Brandt Thomas BauIng.&#09;Voástr. 56&#09;30163 Hannover&#09;0511-664839&#xD;&#xA;Gruber Andreas&#09;Voástr. 56&#09;30163 Hannover&#09;0511-629871&#xD;&#xA;Hinz Manfred&#09;Voástr. 56&#09;30163 Hannover&#09;0511-625277&#xD;&#xA;Kulawig Wolfgang u. Kordula&#09;Voástr. 56&#09;30163 Hannover&#09;0511-628508&#xD;&#xA;Lebens ART &#xD;&#xA;989"/>
  <Objekte ObjID="992" ObjAufnahme="1997-04-21" ObjLetztKontakt="1997-04-21" ObjStrasseID="7156" ObjHausnummer="Kirchwender Straße 4" ObjVorlage="2013-09-11 00:00:00.0" ObKeinKontakt="1" ObjArtID="1" Merkmal="0.0"/>
  <Objekte ObjID="993" ObjAufnahme="1997-04-21" ObjLetztKontakt="1997-04-21" ObjStrasseID="7156" ObjHausnummer="Kirchwender Straße 6" ObjVorlage="2013-09-11 00:00:00.0" ObKeinKontakt="1" ObjArtID="1" Merkmal="0.0"/>
  <Objekte ObjID="994" ObjAufnahme="1997-04-21" ObjLetztKontakt="1997-04-21" ObjStrasseID="7156" ObjHausnummer="Kirchwender Straße 8" ObjVorlage="2013-09-11 00:00:00.0" ObKeinKontakt="1" ObjArtID="1" Merkmal="0.0"/>
  <Objekte ObjID="995" ObjAufnahme="1997-04-21" ObjLetztKontakt="1997-04-21" ObjStrasseID="7156" ObjHausnummer="Kirchwender Straße 10" ObjVorlage="2013-09-11 00:00:00.0" ObKeinKontakt="1" ObjArtID="1" Merkmal="0.0"/>
  <Objekte ObjID="996" ObjAufnahme="1997-04-21" ObjLetztKontakt="1997-04-21" ObjStrasseID="7156" ObjHausnummer="Kirchwender Straße 12" ObjVorlage="2013-09-11 00:00:00.0" ObKeinKontakt="1" ObjArtID="1" Merkmal="0.0"/>
  <Objekte ObjID="997" ObjAufnahme="1997-04-21" ObjLetztKontakt="1997-04-21" ObjStrasseID="7156" ObjHausnummer="Kirchwender Straße 14" ObjVorlage="2013-09-11 00:00:00.0" ObKeinKontakt="1" ObjArtID="1" Merkmal="0.0"/>
  <Objekte ObjID="998" ObjAufnahme="1997-04-21" ObjLetztKontakt="1997-04-21" ObjStrasseID="7156" ObjHausnummer="Kirchwender Straße 16" ObjVorlage="2013-09-11 00:00:00.0" ObKeinKontakt="1" ObjArtID="1" Merkmal="0.0"/>
  <Objekte ObjID="999" ObjAufnahme="1997-04-21" ObjLetztKontakt="1997-04-21" ObjStrasseID="7156" ObjHausnummer="Kirchwender Straße 18" ObjVorlage="2013-09-11 00:00:00.0" ObKeinKontakt="1" ObjArtID="1" Merkmal="0.0"/>
  <Objekte ObjID="1000" ObjAufnahme="1997-04-21" ObjLetztKontakt="1997-04-21" ObjStrasseID="7156" ObjHausnummer="Kirchwender Straße 20" ObjVorlage="2013-09-11 00:00:00.0" ObKeinKontakt="1" ObjArtID="1" Merkmal="0.0"/>
  <Objekte ObjID="1001" ObjAufnahme="1997-04-21" ObjLetztKontakt="1997-04-21" ObjStrasseID="7156" ObjHausnummer="Kirchwender Straße 22" ObjVorlage="2013-09-11 00:00:00.0" ObKeinKontakt="1" ObjArtID="55" Merkmal="0.0"/>
  <Objekte ObjID="1002" ObjAufnahme="1997-04-21" ObjLetztKontakt="1997-04-21" ObjStrasseID="7156" ObjHausnummer="Kirchwender Straße 23" ObjVorlage="2013-09-11 00:00:00.0" ObKeinKontakt="1" ObjArtID="1" Merkmal="0.0"/>
  <Objekte ObjID="1003" ObjAufnahme="1997-04-21" ObjLetztKontakt="1997-04-21" ObjStrasseID="7156" ObjHausnummer="Kirchwender Straße 21" ObjVorlage="2013-09-11 00:00:00.0" ObKeinKontakt="1" ObjArtID="1" Merkmal="0.0"/>
  <Objekte ObjID="1004" ObjAufnahme="1997-04-21" ObjLetztKontakt="1997-04-21" ObjStrasseID="7156" ObjHausnummer="Kirchwender Straße 17" ObjVorlage="2013-09-11 00:00:00.0" ObKeinKontakt="1" ObjArtID="1" Merkmal="0.0"/>
  <Objekte ObjID="1005" ObjAufnahme="1997-04-21" ObjLetztKontakt="1997-04-21" ObjStrasseID="7156" ObjHausnummer="Kirchwender Straße 7" ObjVorlage="2013-09-11 00:00:00.0" ObKeinKontakt="1" ObjArtID="1" Merkmal="0.0"/>
  <Objekte ObjID="1006" ObjAufnahme="1997-04-21" ObjLetztKontakt="1997-04-21" ObjStrasseID="7426" ObjHausnummer="Löwenstraße 1" ObjVorlage="2013-09-11 00:00:00.0" ObKeinKontakt="2" ObjArtID="1" Merkmal="0.0"/>
  <Objekte ObjID="1007" ObjAufnahme="1997-04-21" ObjLetztKontakt="1997-04-21" ObjStrasseID="7426" ObjHausnummer="Löwenstraße 2" ObjVorlage="2013-09-11 00:00:00.0" ObKeinKontakt="1" ObjArtID="1" Merkmal="0.0"/>
  <Objekte ObjID="1008" ObjAufnahme="1997-04-21" ObjLetztKontakt="1997-04-21" ObjStrasseID="7426" ObjHausnummer="Löwenstraße 3" ObjVorlage="2013-09-11 00:00:00.0" ObKeinKontakt="1" ObjArtID="36" Merkmal="0.9999999999999999" ObjInfo="2WE3Büro19711051,7"/>
  <Objekte ObjID="1009" ObjAufnahme="1997-04-21" ObjLetztKontakt="1997-04-21" ObjStrasseID="7426" ObjHausnummer="Löwenstraße 4" ObjVorlage="2013-09-11 00:00:00.0" ObKeinKontakt="1" ObjArtID="1" Merkmal="0.0" ObjInfo="Frau St. Jannson"/>
  <Objekte ObjID="1010" ObjAufnahme="1997-04-21" ObjLetztKontakt="1997-04-21" ObjStrasseID="7426" ObjHausnummer="Löwenstraße 5" ObjVorlage="2013-09-11 00:00:00.0" ObKeinKontakt="1" ObjArtID="1" Merkmal="0.0" ObjInfo="F.Schlinker Lothringer Str. 52"/>
  <Objekte ObjID="1011" ObjAufnahme="1997-04-21" ObjLetztKontakt="1997-04-21" ObjStrasseID="7426" ObjHausnummer="Löwenstraße 6" ObjVorlage="2013-09-11 00:00:00.0" ObKeinKontakt="1" ObjArtID="177" Merkmal="0.0"/>
  <Objekte ObjID="1012" ObjAufnahme="1997-04-21" ObjLetztKontakt="1997-04-21" ObjStrasseID="7426" ObjHausnummer="Löwenstraße 7" ObjVorlage="2013-09-11 00:00:00.0" ObKeinKontakt="1" ObjArtID="1" Merkmal="0.0" ObjInfo="Helga Knüllig"/>
  <Objekte ObjID="1013" ObjAufnahme="1997-04-21" ObjLetztKontakt="1997-04-21" ObjStrasseID="7426" ObjHausnummer="Löwenstraße 8" ObjVorlage="2013-09-11 00:00:00.0" ObKeinKontakt="2" ObjArtID="1" Merkmal="0.0"/>
  <Objekte ObjID="1014" ObjAufnahme="1997-04-21" ObjLetztKontakt="1997-04-21" ObjStrasseID="7426" ObjHausnummer="Löwenstraße 9" ObjVorlage="2013-09-11 00:00:00.0" ObKeinKontakt="1" ObjArtID="1" Merkmal="0.0" ObjInfo="Erbengem. Früh-Lenssen"/>
  <Objekte ObjID="1015" ObjAufnahme="1997-04-21" ObjLetztKontakt="2004-11-30" ObjStrasseID="7426" ObjHausnummer="Löwenstraße 10" ObjVorlage="2013-09-11 00:00:00.0" ObKeinKontakt="1" ObjArtID="1" Merkmal="0.0" ObjInfo="Frau S.Glass"/>
  <Objekte ObjID="1016" ObjAufnahme="1997-04-21" ObjLetztKontakt="1997-04-21" ObjStrasseID="7426" ObjHausnummer="Löwenstraße 11" ObjVorlage="2013-09-11 00:00:00.0" ObKeinKontakt="1" ObjArtID="1" Merkmal="0.0"/>
  <Objekte ObjID="1017" ObjAufnahme="1997-04-21" ObjLetztKontakt="1997-04-21" ObjStrasseID="7426" ObjHausnummer="Löwenstraße 12" ObjVorlage="2013-09-11 00:00:00.0" ObKeinKontakt="9" ObjArtID="208" Merkmal="0.0" ObjInfo="585127\Erker,Dachterrasse O"/>
  <Objekte ObjID="1018" ObjAufnahme="1997-04-21" ObjLetztKontakt="1997-04-21" ObjStrasseID="7426" ObjHausnummer="Löwenstraße 13" ObjVorlage="2013-09-11 00:00:00.0" ObKeinKontakt="1" ObjArtID="1" Merkmal="0.0"/>
  <Objekte ObjID="1019" ObjAufnahme="1997-04-21" ObjLetztKontakt="2001-10-19" ObjStrasseID="7426" ObjHausnummer="Löwenstraße 14" ObjVorlage="2013-09-11 00:00:00.0" ObKeinKontakt="9" ObjArtID="201" Merkmal="0.0" ObjInfo="480107\W-Ost-Blk evtl Grg"/>
  <Objekte ObjID="1020" ObjAufnahme="1997-04-21" ObjLetztKontakt="1997-04-21" ObjStrasseID="7426" ObjHausnummer="Löwenstraße 15" ObjVorlage="2013-09-11 00:00:00.0" ObKeinKontakt="1" ObjArtID="1" Merkmal="0.0" ObjInfo="R.Dreysse"/>
  <Objekte ObjID="1021" ObjAufnahme="1997-04-21" ObjLetztKontakt="1997-04-21" ObjStrasseID="7426" ObjHausnummer="Löwenstraße 16" ObjVorlage="2013-09-11 00:00:00.0" ObKeinKontakt="1" ObjArtID="1" Merkmal="0.0" ObjInfo="K.Hett"/>
  <Objekte ObjID="1022" ObjAufnahme="1997-04-21" ObjLetztKontakt="1997-04-21" ObjStrasseID="7426" ObjHausnummer="Löwenstraße 17" ObjVorlage="2013-09-11 00:00:00.0" ObKeinKontakt="1" ObjArtID="1" Merkmal="0.0" ObjInfo="Frau Rietdorf"/>
  <Objekte ObjID="1023" ObjAufnahme="1997-04-21" ObjLetztKontakt="1997-04-21" ObjStrasseID="7426" ObjHausnummer="Löwenstraße 18" ObjVorlage="2013-09-11 00:00:00.0" ObKeinKontakt="1" ObjArtID="1" Merkmal="0.0" ObjInfo="Frau Anna Grohs Völksen Am Bergfeld 23/24"/>
  <Objekte ObjID="1024" ObjAufnahme="1997-04-21" ObjLetztKontakt="1997-04-21" ObjStrasseID="7426" ObjHausnummer="Löwenstraße 19" ObjVorlage="2013-09-11 00:00:00.0" ObKeinKontakt="1" ObjArtID="1" Merkmal="0.0" ObjInfo="Magdeburger feuerversicherung Aegidientorplatz 1"/>
  <Objekte ObjID="1025" ObjAufnahme="1997-04-21" ObjLetztKontakt="1997-04-21" ObjStrasseID="7426" ObjHausnummer="Löwenstraße 20" ObjVorlage="2013-09-11 00:00:00.0" ObKeinKontakt="1" ObjArtID="1" Merkmal="0.0" ObjInfo="M.L.Elgeti"/>
  <Objekte ObjID="1026" ObjAufnahme="1997-04-21" ObjLetztKontakt="1997-04-21" ObjStrasseID="7426" ObjHausnummer="Löwenstraße 21" ObjVorlage="2013-09-11 00:00:00.0" ObKeinKontakt="1" ObjArtID="1" Merkmal="0.0" ObjInfo="Frau Lina Hoffmann, Sutelstr. 25"/>
  <Objekte ObjID="1027" ObjAufnahme="1997-04-21" ObjLetztKontakt="1997-04-21" ObjStrasseID="7426" ObjHausnummer="Löwenstraße 22" ObjVorlage="2013-09-11 00:00:00.0" ObKeinKontakt="1" ObjArtID="1" Merkmal="0.0" ObjInfo="Frau Lina Hoffemann"/>
  <Objekte ObjID="1028" ObjAufnahme="1997-04-21" ObjLetztKontakt="1997-04-21" ObjStrasseID="6473" ObjHausnummer="Friedenstraße 1" ObjVorlage="2013-09-11 00:00:00.0" ObKeinKontakt="1" ObjArtID="1" Merkmal="0.0"/>
  <Objekte ObjID="1029" ObjAufnahme="1997-04-21" ObjLetztKontakt="2002-03-06" ObjStrasseID="6473" ObjHausnummer="Friedenstraße 2A" ObjVorlage="2013-09-11 00:00:00.0" ObKeinKontakt="5" ObjArtID="75" Merkmal="0.0" ObjInfo="Sommerwerk,Getreidehändler 9524584 und Frau Halfbeck Wiesenstraße 48 801007 auch frau gerda paxmann 814484"/>
  <Objekte ObjID="1030" ObjAufnahme="1997-04-21" ObjLetztKontakt="1997-04-21" ObjStrasseID="6473" ObjHausnummer="Friedenstraße 2B" ObjVorlage="2013-09-11 00:00:00.0" ObKeinKontakt="1" ObjArtID="177" Merkmal="0.0"/>
  <Objekte ObjID="1031" ObjAufnahme="1997-04-21" ObjLetztKontakt="1997-04-21" ObjStrasseID="6473" ObjHausnummer="Friedenstraße 3" ObjVorlage="2013-09-11 00:00:00.0" ObKeinKontakt="1" ObjArtID="1" Merkmal="0.0"/>
  <Objekte ObjID="1032" ObjAufnahme="1997-04-21" ObjLetztKontakt="1997-04-21" ObjStrasseID="6473" ObjHausnummer="Friedenstraße 4" ObjVorlage="2013-09-11 00:00:00.0" ObKeinKontakt="1" ObjArtID="1" Merkmal="0.0" ObjInfo="vielleicht sabine löffler 819749 oder Georg Schuppen 2834041 früher Beate wreden 2123066"/>
  <Objekte ObjID="1033" ObjAufnahme="1997-04-21" ObjLetztKontakt="1997-04-21" ObjStrasseID="6473" ObjHausnummer="Friedenstraße 5" ObjVorlage="2013-09-11 00:00:00.0" ObKeinKontakt="1" ObjArtID="1" Merkmal="0.0" ObjInfo="evtl. aufgeteilt früher besitzer: L.Eike Adolfstraße 37 Brswg. 0531-73773"/>
  <Objekte ObjID="1034" ObjAufnahme="1997-04-21" ObjLetztKontakt="1997-04-21" ObjStrasseID="6473" ObjHausnummer="Friedenstraße 9" ObjVorlage="2013-09-11 00:00:00.0" ObKeinKontakt="1" ObjArtID="177" Merkmal="0.0"/>
  <Objekte ObjID="1035" ObjAufnahme="1997-04-21" ObjLetztKontakt="2001-11-14" ObjStrasseID="6473" ObjHausnummer="Friedenstraße 10" ObjVorlage="2013-09-11 00:00:00.0" ObKeinKontakt="2" ObjArtID="192" Merkmal="0.0" ObjInfo="505215\S-W-Wintergarten Stellpl."/>
  <Objekte ObjID="1036" ObjAufnahme="1997-04-21" ObjLetztKontakt="1997-04-21" ObjStrasseID="6473" ObjHausnummer="Friedenstraße 11" ObjVorlage="2013-09-11 00:00:00.0" ObKeinKontakt="1" ObjArtID="1" Merkmal="0.0" ObjInfo="früher T.Winter wohnt nicht mehr im haus"/>
  <Objekte ObjID="1037" ObjAufnahme="1997-04-21" ObjLetztKontakt="1997-04-21" ObjStrasseID="6473" ObjHausnummer="Friedenstraße 12" ObjVorlage="2013-09-11 00:00:00.0" ObKeinKontakt="1" ObjArtID="1" Merkmal="0.0" ObjInfo="Kirsten hartig 819208"/>
  <Objekte ObjID="1038" ObjAufnahme="1997-04-21" ObjLetztKontakt="1998-04-09" ObjStrasseID="8185" ObjHausnummer="Siegesstraße 1" ObjVorlage="2013-09-11 00:00:00.0" ObKeinKontakt="2" ObjArtID="1" Merkmal="0.0" ObjInfo="Heino Plathe Scharnhorststraße 9 30989 Gehrden 051082050 Oberacker 852820"/>
  <Objekte ObjID="1039" ObjAufnahme="1997-04-21" ObjLetztKontakt="1997-04-21" ObjStrasseID="8185" ObjHausnummer="Siegesstraße 2" ObjVorlage="2013-09-11 00:00:00.0" ObKeinKontakt="1" ObjArtID="1" Merkmal="0.0" ObjInfo="Ingeborg von meyer"/>
  <Objekte ObjID="1040" ObjAufnahme="1997-04-21" ObjLetztKontakt="1997-04-21" ObjStrasseID="8185" ObjHausnummer="Siegesstraße 3" ObjVorlage="2013-09-11 00:00:00.0" ObKeinKontakt="1" ObjArtID="1" Merkmal="0.0" ObjInfo="K.Dehnert Adickesstraße 9   882859"/>
  <Objekte ObjID="1041" ObjAufnahme="1997-04-21" ObjLetztKontakt="1997-04-21" ObjStrasseID="8185" ObjHausnummer="Siegesstraße 4" ObjVorlage="2013-09-11 00:00:00.0" ObKeinKontakt="1" ObjArtID="9" Merkmal="0.0" ObjInfo="Bürohaus/1920/96/1,9"/>
  <Objekte ObjID="1042" ObjAufnahme="1997-04-21" ObjLetztKontakt="1997-04-21" ObjStrasseID="8185" ObjHausnummer="Siegesstraße 5" ObjVorlage="2013-09-11 00:00:00.0" ObKeinKontakt="1" ObjArtID="1" Merkmal="0.0" ObjInfo="Eva heine 810738"/>
  <Objekte ObjID="1043" ObjAufnahme="1997-04-21" ObjLetztKontakt="1997-04-21" ObjStrasseID="8185" ObjHausnummer="Siegesstraße 6" ObjVorlage="2013-09-11 00:00:00.0" ObKeinKontakt="1" ObjArtID="8" Merkmal="0.0" ObjInfo="Bunte 852965"/>
  <Objekte ObjID="1044" ObjAufnahme="1997-04-21" ObjLetztKontakt="1997-04-21" ObjStrasseID="8185" ObjHausnummer="Siegesstraße 7" ObjVorlage="2013-09-11 00:00:00.0" ObKeinKontakt="1" ObjArtID="1" Merkmal="0.0" ObjInfo="Frau Kl. Maaß , Jan und Ursula Gehlsen 812598"/>
  <Objekte ObjID="1045" ObjAufnahme="1997-04-21" ObjLetztKontakt="1997-04-21" ObjStrasseID="8185" ObjHausnummer="Siegesstraße 8" ObjVorlage="2013-09-11 00:00:00.0" ObKeinKontakt="1" ObjArtID="1" Merkmal="0.0"/>
  <Objekte ObjID="1046" ObjAufnahme="1997-04-21" ObjLetztKontakt="1997-04-21" ObjStrasseID="8185" ObjHausnummer="Siegesstraße 9" ObjVorlage="2013-09-11 00:00:00.0" ObKeinKontakt="1" ObjArtID="1" Merkmal="0.0" ObjInfo="Erna knips"/>
  <Objekte ObjID="1047" ObjAufnahme="1997-04-21" ObjLetztKontakt="1997-04-21" ObjStrasseID="8185" ObjHausnummer="Siegesstraße 10" ObjVorlage="2013-09-11 00:00:00.0" ObKeinKontakt="1" ObjArtID="1" Merkmal="0.0" ObjInfo="Dr. Ing. Robert Träger 816811"/>
  <Objekte ObjID="1048" ObjAufnahme="1997-04-21" ObjLetztKontakt="1997-04-21" ObjStrasseID="8185" ObjHausnummer="Siegesstraße 11" ObjVorlage="2013-09-11 00:00:00.0" ObKeinKontakt="1" ObjArtID="1" Merkmal="0.0" ObjInfo="Prof Dr. phil Walther Mediger 813155"/>
  <Objekte ObjID="1049" ObjAufnahme="1997-04-21" ObjLetztKontakt="1997-04-21" ObjStrasseID="8185" ObjHausnummer="Siegesstraße 12" ObjVorlage="2013-09-11 00:00:00.0" ObKeinKontakt="1" ObjArtID="1" Merkmal="0.0" ObjInfo="J.Klapproth, Bremen Holler Allee 14A 0421-342913"/>
  <Objekte ObjID="1050" ObjAufnahme="1997-04-21" ObjLetztKontakt="1997-04-21" ObjStrasseID="8185" ObjHausnummer="Siegesstraße 13" ObjVorlage="2013-09-11 00:00:00.0" ObKeinKontakt="1" ObjArtID="1" Merkmal="0.0" ObjInfo="Dr. K.Mozer 814967"/>
  <Objekte ObjID="1051" ObjAufnahme="1997-04-21" ObjLetztKontakt="1997-04-21" ObjStrasseID="8185" ObjHausnummer="Siegesstraße 14" ObjVorlage="2013-09-11 00:00:00.0" ObKeinKontakt="1" ObjArtID="1" Merkmal="0.0" ObjInfo="K.B.Tauchmann 819694"/>
  <Objekte ObjID="1052" ObjAufnahme="1997-04-21" ObjLetztKontakt="1997-04-21" ObjStrasseID="8185" ObjHausnummer="Siegesstraße 15" ObjVorlage="2013-09-11 00:00:00.0" ObKeinKontakt="1" ObjArtID="1" Merkmal="0.0" ObjInfo="früher Deurag Nerag"/>
  <Objekte ObjID="1053" ObjAufnahme="1997-04-21" ObjLetztKontakt="1997-04-21" ObjStrasseID="8185" ObjHausnummer="Siegesstraße 16" ObjVorlage="2013-09-11 00:00:00.0" ObKeinKontakt="1" ObjArtID="1" Merkmal="0.0"/>
  <Objekte ObjID="1054" ObjAufnahme="1997-04-21" ObjLetztKontakt="1997-04-21" ObjStrasseID="5824" ObjHausnummer="Asternstraße 2" ObjVorlage="2013-09-11 00:00:00.0" ObKeinKontakt="1" ObjArtID="1" Merkmal="0.0" ObjInfo="Austein Frank&#09;Asternstr. 2&#09;30167 Hannover&#09;0511-715301&#xD;&#xA;El Hadary Ahmed&#09;Asternstr. 2&#09;30167 Hannover&#09;0511-704095&#xD;&#xA;Grell Christian u. Feldhaus Kerstin&#09;Asternstr. 2&#09;30167 Hannover&#09;0511-15486&#xD;&#xA;Kaiserhof Getr„nke- Vertriebs- und Handelsgesellschaft mbH&#09;Gleiwitze&#xD;&#xA;1055"/>
  <Objekte ObjID="1056" ObjAufnahme="1997-04-21" ObjLetztKontakt="1997-04-21" ObjStrasseID="5824" ObjHausnummer="Asternstraße 12" ObjVorlage="2013-09-11 00:00:00.0" ObKeinKontakt="1" ObjArtID="1" Merkmal="0.0" ObjInfo="Fassauer Claudia&#09;Asternstr. 12&#09;30167 Hannover&#09;0511-703742&#xD;&#xA;Heuer Helene&#09;Asternstr. 12&#09;30167 Hannover&#09;0511-7010407&#xD;&#xA;M?ller Christian&#09;Asternstr. 12&#09;30167 Hannover&#09;0511-7011012&#xD;&#xA;Perez-Araujo Francisco&#09;Asternstr. 12&#09;30167 Hannover&#09;0511-7011027&#xD;&#xA;Schumacher Andr&#xD;&#xA;1057"/>
  <Objekte ObjID="1058" ObjAufnahme="1997-04-21" ObjLetztKontakt="1997-04-21" ObjStrasseID="5824" ObjHausnummer="Asternstraße 16" ObjVorlage="2013-09-11 00:00:00.0" ObKeinKontakt="1" ObjArtID="1" Merkmal="0.0" ObjInfo="Andreh Birgit&#09;Asternstr. 16&#09;30167 Hannover&#09;0511-708805&#xD;&#xA;Heimers Carsten&#09;Asternstr. 16&#09;30167 Hannover&#09;0511-709157&#xD;&#xA;Hinrichs Torge&#09;Asternstr. 16&#09;30167 Hannover&#09;0511-709833&#xD;&#xA;Klein Karl&#09;Asternstr. 16&#09;30167 Hannover&#09;0511-703406&#xD;&#xA;Loukidis Lazarus&#09;Asternstr. 16&#09;3&#xD;&#xA;1059"/>
  <Objekte ObjID="1067" ObjAufnahme="1997-04-18" ObjLetztKontakt="1997-04-18" ObjStrasseID="7345" ObjHausnummer="Leisewitzstraße 11" ObjVorlage="2013-09-11 00:00:00.0" ObKeinKontakt="1" ObjArtID="1" Merkmal="0.0" ObjInfo="Hecking Justus&#09;Leisewitzstr. 15&#09;30175 Hannover&#09;0511-810226&#xD;&#xA;Mühlbach Marc&#09;Leisewitzstr. 15&#09;30175 Hannover&#09;0511-815636&#xD;&#xA;Rischkopf Wilfried Versich. Immob.&#09;Leisewitzstr. 15&#09;30175 Hannover&#09;0511-814193"/>
  <Objekte ObjID="1068" ObjAufnahme="1997-04-18" ObjLetztKontakt="1997-04-18" ObjStrasseID="7345" ObjHausnummer="Leisewitzstraße 9" ObjVorlage="2013-09-11 00:00:00.0" ObKeinKontakt="1" ObjArtID="1" Merkmal="0.0" ObjInfo="Hecking Justus&#09;Leisewitzstr. 15&#09;30175 Hannover&#09;0511-810226&#xD;&#xA;Mühlbach Marc&#09;Leisewitzstr. 15&#09;30175 Hannover&#09;0511-815636&#xD;&#xA;Rischkopf Wilfried Versich. Immob.&#09;Leisewitzstr. 15&#09;30175 Hannover&#09;0511-814193"/>
  <Objekte ObjID="1069" ObjAufnahme="1997-04-18" ObjLetztKontakt="1997-04-18" ObjStrasseID="7345" ObjHausnummer="Leisewitzstraße 7" ObjVorlage="2013-09-11 00:00:00.0" ObKeinKontakt="1" ObjArtID="1" Merkmal="0.0" ObjInfo="Hecking Justus&#09;Leisewitzstr. 15&#09;30175 Hannover&#09;0511-810226&#xD;&#xA;Mühlbach Marc&#09;Leisewitzstr. 15&#09;30175 Hannover&#09;0511-815636&#xD;&#xA;Rischkopf Wilfried Versich. Immob.&#09;Leisewitzstr. 15&#09;30175 Hannover&#09;0511-814193"/>
  <Objekte ObjID="1070" ObjAufnahme="1997-04-18" ObjLetztKontakt="1997-04-18" ObjStrasseID="7345" ObjHausnummer="Leisewitzstraße 5" ObjVorlage="2013-09-11 00:00:00.0" ObKeinKontakt="1" ObjArtID="1" Merkmal="0.0" ObjInfo="Hecking Justus&#09;Leisewitzstr. 15&#09;30175 Hannover&#09;0511-810226&#xD;&#xA;Mühlbach Marc&#09;Leisewitzstr. 15&#09;30175 Hannover&#09;0511-815636&#xD;&#xA;Rischkopf Wilfried Versich. Immob.&#09;Leisewitzstr. 15&#09;30175 Hannover&#09;0511-814193"/>
  <Objekte ObjID="1071" ObjAufnahme="1997-04-18" ObjLetztKontakt="1997-04-18" ObjStrasseID="7345" ObjHausnummer="Leisewitzstraße 3" ObjVorlage="2013-09-11 00:00:00.0" ObKeinKontakt="1" ObjArtID="1" Merkmal="0.0"/>
  <Objekte ObjID="1072" ObjAufnahme="1997-04-18" ObjLetztKontakt="1997-04-18" ObjStrasseID="8376" ObjHausnummer="Tiedgestraße 2" ObjVorlage="2013-09-11 00:00:00.0" ObKeinKontakt="1" ObjArtID="1" Merkmal="0.0" ObjInfo="M.Düntzer Münster Wagenfeldstraße 53 Mieter : Krause Daniela, Tiedgestr. 2, 30175 Hannover, 0172-4317446&#xD;&#xA;Link Karsten, Tiedgestr. 2, 30175 Hannover, 0511-281525  Düntzer M., Wagenfeldstr. 53, 48147 Münster, Westf, 0251-293663"/>
  <Objekte ObjID="1073" ObjAufnahme="1997-04-18" ObjLetztKontakt="1997-04-18" ObjStrasseID="8376" ObjHausnummer="Tiedgestraße 3" ObjVorlage="2013-09-11 00:00:00.0" ObKeinKontakt="1" ObjArtID="1" Merkmal="0.0" ObjInfo="verkauft an Iraner früher Frau dr. L.Weyer 813293 3-fam. 3-Zi-Whg 95  qm"/>
  <Objekte ObjID="1074" ObjAufnahme="1997-04-18" ObjLetztKontakt="1997-04-18" ObjStrasseID="8376" ObjHausnummer="Tiedgestraße 4" ObjVorlage="2013-09-11 00:00:00.0" ObKeinKontakt="2" ObjArtID="1" Merkmal="0.0" ObjInfo="frau giertz 810645 Mieter :&#xD;&#xA;Meier Walter, Tiedgestr. 4, 30175 Hannover, 0511-813454&#xD;&#xA;Reich Karl-Heinz u. Doris, Tiedgestr. 4, 30175 Hannover, 0511-853770&#xD;&#xA;Wichmann Anette, Tiedgestr. 4, 30175 Hannover, 0511-858988"/>
  <Objekte ObjID="1075" ObjAufnahme="1997-04-18" ObjLetztKontakt="1997-04-18" ObjStrasseID="8376" ObjHausnummer="Tiedgestraße 4A" ObjVorlage="2013-09-11 00:00:00.0" ObKeinKontakt="1" ObjArtID="1" Merkmal="0.0" ObjInfo="Dr. A Saffga in Lehrte , mieterin frau ulrike Platz 852404 Mieter : Helbig H. M., Tiedgestr. 4A, 30175 Hannover, 0511-851633&#xD;&#xA;Walesch A., Tiedgestr. 4A, 30175 Hannover, 0511-852404&#xD;&#xA;Tiedgestr. 4A, 30175 Hannover, 0511-281198&#xD;&#xA;Zaretzke Dirk, Hirtenweg 3, 30&#xD;&#xA;1076"/>
  <Objekte ObjID="1078" ObjAufnahme="1997-04-18" ObjLetztKontakt="1997-04-18" ObjStrasseID="8376" ObjHausnummer="Tiedgestraße 7" ObjVorlage="2013-09-11 00:00:00.0" ObKeinKontakt="1" ObjArtID="1" Merkmal="0.0" ObjInfo="gehört einem Herrn Zgoll oder Zgall am Bodensee F.Kirchhoff wohnt am Bodensee Uhlhornstr. 14 Mieter : Binder G., Tiedgestr. 7, 30175 Hannover, 0511-852814&#xD;&#xA;Eckhardt, Tiedgestr. 7, 30175 Hannover, 0511-2834224&#xD;&#xA;Ritter Horst, Tiedgestr. 7, 30175 Hannover, 05&#xD;&#xA;1079"/>
  <Objekte ObjID="1082" ObjAufnahme="1997-04-18" ObjLetztKontakt="1997-04-18" ObjStrasseID="8376" ObjHausnummer="Tiedgestraße 11" ObjVorlage="2013-09-11 00:00:00.0" ObKeinKontakt="1" ObjArtID="177" Merkmal="0.0" ObjInfo="Bank für Gemeinwirtschaft Mieter : Krohe Ekkehard, Tiedgestr. 11, 30175 Hannover, 0511-813640&#xD;&#xA;Metzger Gerhard, Tiedgestr. 11, 30175 Hannover, 0511-818311&#xD;&#xA;Weghorst Ralf, Tiedgestr. 11, 30175 Hannover, 0511-818925"/>
  <Objekte ObjID="1083" ObjAufnahme="1997-04-18" ObjLetztKontakt="1997-04-18" ObjStrasseID="8376" ObjHausnummer="Tiedgestraße 12" ObjVorlage="2013-09-11 00:00:00.0" ObKeinKontakt="1" ObjArtID="1" Merkmal="0.0" ObjInfo="gehört einer Frau Kaufold früher G.Hüffmann&#xD;&#xA;Franke M., Tiedgestr. 12, 30175 Hannover, 0511-852246&#xD;&#xA;Handt Michael, Tiedgestr. 12, 30175 Hannover, 0511-854261"/>
  <Objekte ObjID="1084" ObjAufnahme="1997-03-18" ObjLetztKontakt="1997-03-18" ObjStrasseID="6508" ObjHausnummer="Fundstraße 32" ObjVorlage="2013-09-11 00:00:00.0" ObKeinKontakt="1" ObjArtID="1" Merkmal="0.0" ObjInfo="Wohnungsgenossenschaft hannover"/>
  <Objekte ObjID="1085" ObjAufnahme="1997-04-21" ObjLetztKontakt="1997-04-21" ObjStrasseID="5824" ObjHausnummer="Asternstraße 1" ObjVorlage="2013-09-11 00:00:00.0" ObKeinKontakt="1" ObjArtID="1" Merkmal="0.0" ObjInfo="Bartsch Sieglinde&#09;Asternstr. 1&#09;30167 Hannover&#09;0511-716035&#xD;&#xA;Beck Rudolf&#09;Asternstr. 1&#09;30167 Hannover&#09;0511-704324&#xD;&#xA;Brandau Werner&#09;Asternstr. 1&#09;30167 Hannover&#09;0511-714089&#xD;&#xA;Dr”st Cornelia&#09;Asternstr. 1&#09;30167 Hannover&#09;0511-713808&#xD;&#xA;Sander Hermann oHG Inh. Egon Bal&#xD;&#xA;1086"/>
  <Objekte ObjID="1091" ObjAufnahme="1997-04-21" ObjLetztKontakt="1997-04-21" ObjStrasseID="5824" ObjHausnummer="Asternstraße 13" ObjVorlage="2013-09-11 00:00:00.0" ObKeinKontakt="1" ObjArtID="54" Merkmal="0.0" ObjInfo="Singh Jagmohan&#09;Asternstr. 13&#09;30167 Hannover&#09;0511-716423&#xD;&#xA;Strohe A.&#09;Asternstr. 13&#09;30167 Hannover&#09;0511-717590&#xD;&#xA;Thome Jost H.&#09;Asternstr. 13&#09;30167 Hannover&#09;0511-704079&#xD;&#xA;Wendt Cornelia&#09;Asternstr. 13&#09;30167 Hannover&#09;0511-716834&#xD;&#xA;Wilczek Andreas&#09;Asternstr. 13&#09;3016&#xD;&#xA;1092"/>
  <Objekte ObjID="1093" ObjAufnahme="1997-04-21" ObjLetztKontakt="1997-04-21" ObjStrasseID="5824" ObjHausnummer="Asternstraße 21" ObjVorlage="2013-09-11 00:00:00.0" ObKeinKontakt="1" ObjArtID="1" Merkmal="0.0" ObjInfo="Fehlig Hedwig&#09;Asternstr. 21&#09;30167 Hannover&#09;0511-716347&#xD;&#xA;Kr?ger A.&#09;Asternstr. 21A&#09;30167 Hannover&#09;0511-716630&#xD;&#xA;Lauchert I. u. Greim P.&#09;Asternstr. 21&#09;30167 Hannover&#09;0511-713438&#xD;&#xA;Matthies Rainer&#09;Asternstr. 21&#09;30167 Hannover&#09;0511-703394&#xD;&#xA;Rosner A. u. Hochhuth C&#xD;&#xA;1094"/>
  <Objekte ObjID="1114" ObjAufnahme="1997-04-21" ObjLetztKontakt="1997-04-21" ObjStrasseID="5824" ObjHausnummer="Asternstraße 32" ObjVorlage="2013-09-11 00:00:00.0" ObKeinKontakt="1" ObjArtID="1" Merkmal="0.0" ObjInfo="B”ttcher Hartmuth Dr.-Ing. Architekt&#09;Asternstr. 32&#09;30167 Hannover&#09;0511-714654&#xD;&#xA;Bundt Traute&#09;Asternstr. 32&#09;30167 Hannover&#09;0511-716620&#xD;&#xA;Fr”hlich Klaus&#09;Asternstr. 32&#09;30167 Hannover&#09;0511-717814&#xD;&#xA;Kr”ner Helmut&#09;Asternstr. 32&#09;30167 Hannover&#09;0511-716793&#xD;&#xA;Kuhlmey B&#xD;&#xA;1115"/>
  <Objekte ObjID="1117" ObjAufnahme="1997-04-21" ObjLetztKontakt="1997-04-21" ObjStrasseID="5824" ObjHausnummer="Asternstraße 59" ObjVorlage="2013-09-11 00:00:00.0" ObKeinKontakt="1" ObjArtID="177" Merkmal="0.0" ObjInfo="Besitzer unter anderem Rest.Chimu"/>
  <Objekte ObjID="1118" ObjAufnahme="1997-04-21" ObjLetztKontakt="1997-04-21" ObjStrasseID="5824" ObjHausnummer="Asternstraße 57" ObjVorlage="2013-09-11 00:00:00.0" ObKeinKontakt="1" ObjArtID="1" Merkmal="0.0" ObjInfo="Nickel Bauunternehmen GmbH &amp; Co KG, Otto&#xD;(Rbg)&#xD;Hansastr. 52&#xD;30952 Ronnenberg&#xD;ISDN 0511-94668-0"/>
  <Objekte ObjID="1119" ObjAufnahme="1997-04-21" ObjLetztKontakt="1997-04-21" ObjStrasseID="5824" ObjHausnummer="Asternstraße 55" ObjVorlage="2013-09-11 00:00:00.0" ObKeinKontakt="1" ObjArtID="1" Merkmal="0.0" ObjInfo="SPAR Markt&#09;Voástr. 55&#09;30163 Hannover&#09;0511-660132"/>
  <Objekte ObjID="1120" ObjAufnahme="1997-04-21" ObjLetztKontakt="1997-04-21" ObjStrasseID="5824" ObjHausnummer="Asternstraße 53" ObjVorlage="2013-09-11 00:00:00.0" ObKeinKontakt="1" ObjArtID="177" Merkmal="0.0" ObjInfo="Bode Carmen&#09;Voástr. 53&#09;30163 Hannover&#09;0511-621189&#xD;&#xA;Brack-Dalisadas Christiane&#09;Voástr. 53&#09;30163 Hannover&#09;0511-663776&#xD;&#xA;Lasius G.&#09;Voástr. 53&#09;30163 Hannover&#09;0511-628897&#xD;&#xA;Meyer E.&#09;Voástr. 53&#09;30163 Hannover&#09;0511-665601&#xD;&#xA;Thomas Martin u. G?mmer-Thomas Stephanie&#09;V&#xD;&#xA;1121"/>
  <Objekte ObjID="1133" ObjAufnahme="1997-04-21" ObjLetztKontakt="1997-04-21" ObjStrasseID="5824" ObjHausnummer="Asternstraße 27" ObjVorlage="2013-09-11 00:00:00.0" ObKeinKontakt="5" ObjArtID="46" Merkmal="0.0" ObjInfo="8528\"/>
  <Objekte ObjID="1137" ObjAufnahme="1997-04-21" ObjLetztKontakt="1997-04-21" ObjStrasseID="5824" ObjHausnummer="Asternstraße 19" ObjVorlage="2013-09-11 00:00:00.0" ObKeinKontakt="1" ObjArtID="1" Merkmal="0.0" ObjInfo="Herr Stille früher Baumgart W. J.&#09;Voástr. 19&#09;30161 Hannover&#09;0511-391165&#xD;&#xA;Erhardt Ulysses&#09;Voástr. 19&#09;30161 Hannover&#09;0511-314271&#xD;&#xA;H„fker Alexander&#09;Voástr. 19&#09;30161 Hannover&#09;0511-620632&#xD;&#xA;H”gel Kay Gunnar&#09;Voástr. 19&#09;30161 Hannover&#09;0511-625909&#xD;&#xA;Juch J?rgen&#09;Voás&#xD;&#xA;1139"/>
  <Objekte ObjID="1144" ObjAufnahme="1997-04-21" ObjLetztKontakt="1999-06-20" ObjStrasseID="8495" ObjHausnummer="Voßstraße 7" ObjVorlage="2013-09-11 00:00:00.0" ObKeinKontakt="3" ObjArtID="160" Merkmal="0.0" ObjInfo="Aufteiler ermitteln wegen ETWs"/>
  <Objekte ObjID="1145" ObjAufnahme="1997-04-21" ObjLetztKontakt="1997-04-21" ObjStrasseID="7790" ObjHausnummer="Plathnerstraße 70" ObjVorlage="2013-09-11 00:00:00.0" ObKeinKontakt="1" ObjArtID="96" Merkmal="0.0" ObjInfo="Linsler Helga&#09;Plathnerstr. 66&#09;30175 Hannover&#09;0511-810190&#xD;&#xA;Reuter&#09;Plathnerstr. 66&#09;30175 Hannover&#09;0511-2834338&#xD;&#xA;Rimele Bernd&#09;Plathnerstr. 66&#09;30175 Hannover&#09;0511-817989&#xD;&#xA;Schacht C.&#09;Plathnerstr. 66&#09;30175 Hannover&#09;0511-812422&#xD;&#xA;Valentin Funduela Dr.&#09;Plathnerstr.&#xD;&#xA;1146"/>
  <Objekte ObjID="1153" ObjAufnahme="1997-04-21" ObjLetztKontakt="1997-04-21" ObjStrasseID="7790" ObjHausnummer="Plathnerstraße 47" ObjVorlage="2013-09-11 00:00:00.0" ObKeinKontakt="1" ObjArtID="1" Merkmal="0.0"/>
  <Objekte ObjID="1154" ObjAufnahme="1997-04-21" ObjLetztKontakt="1997-04-21" ObjStrasseID="7790" ObjHausnummer="Plathnerstraße 46" ObjVorlage="2013-09-11 00:00:00.0" ObKeinKontakt="1" ObjArtID="1" Merkmal="0.0" ObjInfo="K”lling Heinz u. Lisa&#09;Plathnerstr. 46&#09;30175 Hannover&#09;0511-812793"/>
  <Objekte ObjID="1155" ObjAufnahme="1997-04-21" ObjLetztKontakt="1997-04-21" ObjStrasseID="7790" ObjHausnummer="Plathnerstraße 44" ObjVorlage="2013-09-11 00:00:00.0" ObKeinKontakt="1" ObjArtID="1" Merkmal="0.0" ObjInfo="Schaar H.&#09;Plathnerstr. 44&#09;30175 Hannover&#09;0511-282540&#xD;&#xA;Schaar Uwe Dipl.-™k.&#09;Plathnerstr. 44&#09;30175 Hannover&#09;0511-282448&#xD;&#xA;Stade B.&#09;Plathnerstr. 44&#09;30175 Hannover&#09;0511-282540"/>
  <Objekte ObjID="1156" ObjAufnahme="1997-04-21" ObjLetztKontakt="1997-04-21" ObjStrasseID="7790" ObjHausnummer="Plathnerstraße 43" ObjVorlage="2013-09-11 00:00:00.0" ObKeinKontakt="1" ObjArtID="1" Merkmal="0.0" ObjInfo="Bisch”fliches Generalvikariat Datenschutzbeauftragter&#09;Plathnerstr. 43&#09;30175 Hannover&#09;0511-819315&#xD;&#xA;Gerwers Heinz Dr.&#09;Plathnerstr. 43&#09;30175 Hannover&#09;0511-281617&#xD;&#xA;Rademacher&#09;Plathnerstr. 43&#09;30175 Hannover&#09;0511-812800&#xD;&#xA;Rademacher Theo&#09;Plathnerstr. 43&#09;30175 Han&#xD;&#xA;1157"/>
  <Objekte ObjID="1158" ObjAufnahme="1997-04-21" ObjLetztKontakt="1997-04-21" ObjStrasseID="7790" ObjHausnummer="Plathnerstraße 41" ObjVorlage="2013-09-11 00:00:00.0" ObKeinKontakt="1" ObjArtID="1" Merkmal="0.0" ObjInfo="Dieke Horst Dr.med.Arzt&#09;Plathnerstr. 41&#09;30175 Hannover&#09;0511-817363"/>
  <Objekte ObjID="1159" ObjAufnahme="1997-04-21" ObjLetztKontakt="1997-04-21" ObjStrasseID="7790" ObjHausnummer="Plathnerstraße 39" ObjVorlage="2013-09-11 00:00:00.0" ObKeinKontakt="1" ObjArtID="1" Merkmal="0.0" ObjInfo="Martin Hans-Peter&#09;Plathnerstr. 39&#09;30175 Hannover&#09;0511-814496"/>
  <Objekte ObjID="1160" ObjAufnahme="1997-04-21" ObjLetztKontakt="1997-04-21" ObjStrasseID="7790" ObjHausnummer="Plathnerstraße 37" ObjVorlage="2013-09-11 00:00:00.0" ObKeinKontakt="1" ObjArtID="1" Merkmal="0.0" ObjInfo="H„dicke Wolf D. Dipl.-Ing. Architekt&#09;Plathnerstr. 37&#09;30175 Hannover&#09;0511-18281"/>
  <Objekte ObjID="1161" ObjAufnahme="1997-04-21" ObjLetztKontakt="1997-04-21" ObjStrasseID="7790" ObjHausnummer="Plathnerstraße 35" ObjVorlage="2013-09-11 00:00:00.0" ObKeinKontakt="1" ObjArtID="1" Merkmal="0.0"/>
  <Objekte ObjID="1162" ObjAufnahme="1997-04-21" ObjLetztKontakt="1997-04-21" ObjStrasseID="7790" ObjHausnummer="Plathnerstraße 33" ObjVorlage="2013-09-11 00:00:00.0" ObKeinKontakt="1" ObjArtID="1" Merkmal="0.0" ObjInfo="A und K Werbeagentur f?r Artwork und Kommunikation GmbH&#09;Plathnerstr. 33&#09;30175 Hannover&#09;ISDN 0511-28839-0&#xD;&#xA;ALLGEIER COMPUTER GMBH&#09;Plathnerstr. 33&#09;30175 Hannover&#09;0511-816046&#xD;&#xA;Meyerhof Norbert M”belVertr.&#09;Plathnerstr. 33&#09;30175 Hannover&#09;0511-812963"/>
  <Objekte ObjID="1163" ObjAufnahme="1997-04-21" ObjLetztKontakt="1997-04-21" ObjStrasseID="7790" ObjHausnummer="Plathnerstraße 31" ObjVorlage="2013-09-11 00:00:00.0" ObKeinKontakt="1" ObjArtID="1" Merkmal="0.0" ObjInfo="Bartels Gerald&#09;Plathnerstr. 31&#09;30175 Hannover&#09;0511-853633&#xD;&#xA;Naehring Herta&#09;Plathnerstr. 31&#09;30175 Hannover&#09;0511-858885&#xD;&#xA;Soika Joachim&#09;Plathnerstr. 31&#09;30175 Hannover&#09;0511-813165"/>
  <Objekte ObjID="1164" ObjAufnahme="1997-04-21" ObjLetztKontakt="1997-04-21" ObjStrasseID="7790" ObjHausnummer="Plathnerstraße 29" ObjVorlage="2013-09-11 00:00:00.0" ObKeinKontakt="1" ObjArtID="1" Merkmal="0.0" ObjInfo="Schriever H.&#09;Plathnerstr. 29&#09;30175 Hannover&#09;0511-853538"/>
  <Objekte ObjID="1165" ObjAufnahme="1997-04-21" ObjLetztKontakt="1997-04-21" ObjStrasseID="7790" ObjHausnummer="Plathnerstraße 27" ObjVorlage="2013-09-11 00:00:00.0" ObKeinKontakt="1" ObjArtID="1" Merkmal="0.0" ObjInfo="Morgenstern-Buchhandlung GmbH&#09;Plathnerstr. 27&#09;30175 Hannover&#09;0511-852287&#xD;&#xA;Tell Alexander&#09;Plathnerstr. 27&#09;30175 Hannover&#09;0511-281516&#xD;&#xA;Votteler Juliane&#09;Plathnerstr. 27&#09;30175 Hannover&#09;0511-282009"/>
  <Objekte ObjID="1166" ObjAufnahme="1997-04-21" ObjLetztKontakt="1997-04-21" ObjStrasseID="7790" ObjHausnummer="Plathnerstraße 22" ObjVorlage="2013-09-11 00:00:00.0" ObKeinKontakt="1" ObjArtID="1" Merkmal="0.0" ObjInfo="Markovic Johanna&#09;Plathnerstr. 22&#09;30175 Hannover&#09;0511-855219&#xD;&#xA;Meyerhof Karl Kfm.&#09;Plathnerstr. 22&#09;30175 Hannover&#09;0511-810211"/>
  <Objekte ObjID="1167" ObjAufnahme="1997-04-21" ObjLetztKontakt="1997-04-21" ObjStrasseID="7790" ObjHausnummer="Plathnerstraße 21" ObjVorlage="2013-09-11 00:00:00.0" ObKeinKontakt="1" ObjArtID="1" Merkmal="0.0" ObjInfo="Lienhop Sigrid&#09;Plathnerstr. 21&#09;30175 Hannover&#09;0511-853559"/>
  <Objekte ObjID="1168" ObjAufnahme="1997-04-21" ObjLetztKontakt="1997-04-21" ObjStrasseID="7790" ObjHausnummer="Plathnerstraße 20" ObjVorlage="2013-09-11 00:00:00.0" ObKeinKontakt="1" ObjArtID="1" Merkmal="0.0"/>
  <Objekte ObjID="1169" ObjAufnahme="1997-04-21" ObjLetztKontakt="1997-04-21" ObjStrasseID="7790" ObjHausnummer="Plathnerstraße 19" ObjVorlage="2013-09-11 00:00:00.0" ObKeinKontakt="1" ObjArtID="1" Merkmal="0.0" ObjInfo="Knoblauch Dr. Fachtierarzt f?r Hunde- u. KleintierKrankh.&#09;Plathnerstr. 19&#09;30175 Hannover&#09;0511-812315&#xD;&#xA;K”nig Renate&#09;Plathnerstr. 19&#09;30175 Hannover&#09;0511-810241"/>
  <Objekte ObjID="1170" ObjAufnahme="1997-04-21" ObjLetztKontakt="1997-04-21" ObjStrasseID="7790" ObjHausnummer="Plathnerstraße 18" ObjVorlage="2013-09-11 00:00:00.0" ObKeinKontakt="1" ObjArtID="1" Merkmal="0.0" ObjInfo="motosoft gesellschaft f?r edv-l”sungen im kfz-betrieb mbH&#09;Plathnerstr. 18&#09;30175 Hannover&#09;0511-852528&#xD;&#xA;Skala Felix-Moritz u. Edna&#09;Plathnerstr. 18&#09;30175 Hannover&#09;0511-281697&#xD;&#xA;Skala Felizitas Dipl.-Ing.&#09;Plathnerstr. 18&#09;30175 Hannover&#09;0511-281670&#xD;&#xA;Skala Moritz&#xD;&#xA;1171"/>
  <Objekte ObjID="1172" ObjAufnahme="1997-04-21" ObjLetztKontakt="1997-04-21" ObjStrasseID="7790" ObjHausnummer="Plathnerstraße 15" ObjVorlage="2013-09-11 00:00:00.0" ObKeinKontakt="1" ObjArtID="1" Merkmal="0.0" ObjInfo="Janson Christian&#09;Plathnerstr. 15&#09;30175 Hannover&#09;0511-812092&#xD;&#xA;Lenthe Nanna&#09;Plathnerstr. 15&#09;30175 Hannover&#09;0511-852240"/>
  <Objekte ObjID="1173" ObjAufnahme="1997-04-21" ObjLetztKontakt="1997-04-21" ObjStrasseID="7790" ObjHausnummer="Plathnerstraße 16" ObjVorlage="2013-09-11 00:00:00.0" ObKeinKontakt="1" ObjArtID="1" Merkmal="0.0" ObjInfo="Kahle, Erich Hdl.Vertr.&#09;Plathnerstr. 16&#09;30175 Hannover&#09;Q 0511-815467&#xD;&#xA;Kahle Heidwin u. Sybille&#09;Plathnerstr. 16&#09;30175 Hannover&#09;0511-853105&#xD;&#xA;Zeh &amp; Gebhard Werbeagentur&#09;Plathnerstr. 16&#09;30175 Hannover&#09;ISDN 0511-28072-0"/>
  <Objekte ObjID="1174" ObjAufnahme="1997-04-21" ObjLetztKontakt="1997-04-21" ObjStrasseID="7790" ObjHausnummer="Plathnerstraße 14" ObjVorlage="2013-09-11 00:00:00.0" ObKeinKontakt="1" ObjArtID="1" Merkmal="0.0" ObjInfo="G?nther Wolfgang&#09;Plathnerstr. 14&#09;30175 Hannover&#09;0511-851994&#xD;&#xA;Kessler Rudi u. Renate&#09;Plathnerstr. 14&#09;30175 Hannover&#09;0511-818875"/>
  <Objekte ObjID="1175" ObjAufnahme="1997-04-21" ObjLetztKontakt="1997-04-21" ObjStrasseID="7790" ObjHausnummer="Plathnerstraße 13" ObjVorlage="2013-09-11 00:00:00.0" ObKeinKontakt="1" ObjArtID="1" Merkmal="0.0" ObjInfo="K?ster Ilse&#09;Plathnerstr. 13&#09;30175 Hannover&#09;0511-818913"/>
  <Objekte ObjID="1176" ObjAufnahme="1997-04-21" ObjLetztKontakt="1997-04-21" ObjStrasseID="7790" ObjHausnummer="Plathnerstraße 11" ObjVorlage="2013-09-11 00:00:00.0" ObKeinKontakt="1" ObjArtID="1" Merkmal="0.0" ObjInfo="Expertb?ro K. Gassner&#09;Plathnerstr. 11&#09;30175 Hannover&#09;0511-810001&#xD;&#xA;Gassner Klaus vereid,Sachverst.&#09;Plathnerstr. 11&#09;30175 Hannover&#09;0511-810001&#xD;&#xA;Gassner Supervision Services Corporation GmbH&#09;Plathnerstr. 11&#09;30175 Hannover&#09;0511-818389&#xD;&#xA;Havariekommissariat K. G&#xD;&#xA;1177"/>
  <Objekte ObjID="1178" ObjAufnahme="1997-04-21" ObjLetztKontakt="1997-04-21" ObjStrasseID="7790" ObjHausnummer="Plathnerstraße 12" ObjVorlage="2013-09-11 00:00:00.0" ObKeinKontakt="1" ObjArtID="1" Merkmal="0.0" ObjInfo="Maass Karl O.&#09;Plathnerstr. 12&#09;30175 Hannover&#09;0511-851326"/>
  <Objekte ObjID="1179" ObjAufnahme="1997-04-21" ObjLetztKontakt="1997-04-21" ObjStrasseID="7790" ObjHausnummer="Plathnerstraße 10" ObjVorlage="2013-09-11 00:00:00.0" ObKeinKontakt="1" ObjArtID="1" Merkmal="0.0" ObjInfo="Heffe Edith&#09;Plathnerstr. 10&#09;30175 Hannover&#09;0511-817117&#xD;&#xA;Tolle G.&#09;Plathnerstr. 10&#09;30175 Hannover&#09;0511-282584"/>
  <Objekte ObjID="1180" ObjAufnahme="1997-04-21" ObjLetztKontakt="1997-04-21" ObjStrasseID="7790" ObjHausnummer="Plathnerstraße 8" ObjVorlage="2013-09-11 00:00:00.0" ObKeinKontakt="1" ObjArtID="1" Merkmal="0.0" ObjInfo="Wolf + Weiskopf GmbH Ingenieurb?ro&#09;Plathnerstr. 8&#09;30175 Hannover&#09;0511-852021"/>
  <Objekte ObjID="1181" ObjAufnahme="1997-04-21" ObjLetztKontakt="1997-04-21" ObjStrasseID="7790" ObjHausnummer="Plathnerstraße 6" ObjVorlage="2013-09-11 00:00:00.0" ObKeinKontakt="1" ObjArtID="1" Merkmal="0.0" ObjInfo="Grautoff Ursula šbersetzerin&#09;Plathnerstr. 6&#09;30175 Hannover&#09;0511-810705&#xD;&#xA;Kis Gerd&#09;Plathnerstr. 6&#09;30175 Hannover&#09;0511-855122"/>
  <Objekte ObjID="1182" ObjAufnahme="1997-04-21" ObjLetztKontakt="1997-04-21" ObjStrasseID="7790" ObjHausnummer="Plathnerstraße 7" ObjVorlage="2013-09-11 00:00:00.0" ObKeinKontakt="1" ObjArtID="118" Merkmal="0.0" ObjInfo="Bode Michael&#09;Plathnerstr. 7&#09;30175 Hannover&#09;0511-818039&#xD;&#xA;Castellani Fabio&#09;Plathnerstr. 7&#09;30175 Hannover&#09;0511-817284&#xD;&#xA;Gaul&#09;Plathnerstr. 7&#09;30175 Hannover&#09;0511-815679&#xD;&#xA;Klingner Karsten Dipl.-™konom Steuerberater&#09;Plathnerstr. 7&#09;30175 Hannover&#09;0511-819296&#xD;&#xA;Molit&#xD;&#xA;1183"/>
  <Objekte ObjID="1184" ObjAufnahme="1997-04-21" ObjLetztKontakt="1997-04-21" ObjStrasseID="7790" ObjHausnummer="Plathnerstraße 5A" ObjVorlage="2013-09-11 00:00:00.0" ObKeinKontakt="1" ObjArtID="1" Merkmal="0.0" ObjInfo="Nieders„chsisches Landesamt f?r Statistik&#09;Plathnerstr. 5A&#09;30175 Hannover&#09;ISDN 0511-9898-0&#xD;&#xA;Reinhart Schmidt GmbH&#09;Plathnerstr. 5A&#09;30175 Hannover&#09;0511-281055"/>
  <Objekte ObjID="1185" ObjAufnahme="1997-04-21" ObjLetztKontakt="1997-04-21" ObjStrasseID="7790" ObjHausnummer="Plathnerstraße 5" ObjVorlage="2013-09-11 00:00:00.0" ObKeinKontakt="1" ObjArtID="1" Merkmal="0.0" ObjInfo="Kindertagesst„tte&#09;Plathnerstr. 4A&#09;30175 Hannover&#09;0511-817216Kindertagesst„tte&#09;Plathnerstr. 4A&#09;30175 BUSY Service f?r visuelle Kommunikation GmbH&#09;Plathnerstr. 5&#09;30175 Hannover&#09;ISDN 0511-28485-0&#xD;&#xA;Fr”hlich Repro GmbH&#09;Plathnerstr. 5&#09;30175 Hannover&#09;ISDN 0511-28&#xD;&#xA;1186"/>
  <Objekte ObjID="1187" ObjAufnahme="1997-04-21" ObjLetztKontakt="1997-04-21" ObjStrasseID="7790" ObjHausnummer="Plathnerstraße 3" ObjVorlage="2013-09-11 00:00:00.0" ObKeinKontakt="1" ObjArtID="1" Merkmal="0.0" ObjInfo="Corps Normannia&#09;Plathnerstr. 3&#09;30175 Hannover&#09;0511-816117"/>
  <Objekte ObjID="1188" ObjAufnahme="1997-04-21" ObjLetztKontakt="1997-04-21" ObjStrasseID="7790" ObjHausnummer="Plathnerstraße 1" ObjVorlage="2013-09-11 00:00:00.0" ObKeinKontakt="1" ObjArtID="1" Merkmal="0.0"/>
  <Objekte ObjID="1189" ObjAufnahme="1997-04-21" ObjLetztKontakt="1997-04-21" ObjStrasseID="8712" ObjHausnummer="Zietenstraße 17A" ObjVorlage="2013-09-11 00:00:00.0" ObKeinKontakt="1" ObjArtID="1" Merkmal="0.0"/>
  <Objekte ObjID="1190" ObjAufnahme="1997-04-21" ObjLetztKontakt="1997-04-21" ObjStrasseID="8712" ObjHausnummer="Zietenstraße 17" ObjVorlage="2013-09-11 00:00:00.0" ObKeinKontakt="1" ObjArtID="1" Merkmal="0.0"/>
  <Objekte ObjID="1192" ObjAufnahme="1997-04-21" ObjLetztKontakt="1997-04-21" ObjStrasseID="8712" ObjHausnummer="Zietenstraße 15" ObjVorlage="2013-09-11 00:00:00.0" ObKeinKontakt="1" ObjArtID="1" Merkmal="0.0"/>
  <Objekte ObjID="1193" ObjAufnahme="1997-04-21" ObjLetztKontakt="1997-04-21" ObjStrasseID="8712" ObjHausnummer="Zietenstraße 12" ObjVorlage="2013-09-11 00:00:00.0" ObKeinKontakt="1" ObjArtID="177" Merkmal="0.0" ObjInfo="Verwaltung Herr Bratschke"/>
  <Objekte ObjID="1194" ObjAufnahme="1997-04-21" ObjLetztKontakt="1997-04-21" ObjStrasseID="8712" ObjHausnummer="Zietenstraße 11" ObjVorlage="2013-09-11 00:00:00.0" ObKeinKontakt="1" ObjArtID="1" Merkmal="0.0" ObjInfo="Herr Treiber 627923"/>
  <Objekte ObjID="1196" ObjAufnahme="1997-04-20" ObjLetztKontakt="1999-06-20" ObjStrasseID="8495" ObjHausnummer="Voßstraße 1" ObjVorlage="2013-09-11 00:00:00.0" ObKeinKontakt="1" ObjArtID="1" Merkmal="0.0"/>
  <Objekte ObjID="1197" ObjAufnahme="1997-04-23" ObjLetztKontakt="1999-06-20" ObjStrasseID="8495" ObjHausnummer="Voßstraße 3" ObjVorlage="2013-09-11 00:00:00.0" ObKeinKontakt="1" ObjArtID="1" Merkmal="0.0" ObjInfo="Block Ingeborg&#09;Voástr. 3&#09;30161 Hannover&#09;0511-331691&#xD;&#xA;D?hlmeyer Hans-J?rgen&#09;Voástr. 3&#09;30161 Hannover&#09;0511-317303&#xD;&#xA;Erbse Hertha&#09;Voástr. 3&#09;30161 Hannover&#09;0511-3481057&#xD;&#xA;H”dl Thorsten&#09;Voástr. 3&#09;30161 Hannover&#09;0511-312351&#xD;&#xA;H?be Frank&#09;Voástr. 3&#09;30161 Hannover&#09;051&#xD;&#xA;1200"/>
  <Objekte ObjID="1201" ObjAufnahme="1997-03-18" ObjLetztKontakt="1997-03-18" ObjStrasseID="7443" ObjHausnummer="Lüerstraße 1" ObjVorlage="2013-09-11 00:00:00.0" ObKeinKontakt="1" ObjArtID="8" Merkmal="0.0"/>
  <Objekte ObjID="1202" ObjAufnahme="1997-03-18" ObjLetztKontakt="1997-03-18" ObjStrasseID="7443" ObjHausnummer="Lüerstraße 3" ObjVorlage="2013-09-11 00:00:00.0" ObKeinKontakt="1" ObjArtID="8" Merkmal="0.0"/>
  <Objekte ObjID="1203" ObjAufnahme="1997-03-18" ObjLetztKontakt="1997-03-18" ObjStrasseID="7443" ObjHausnummer="Lüerstraße 5" ObjVorlage="2013-09-11 00:00:00.0" ObKeinKontakt="1" ObjArtID="8" Merkmal="0.0"/>
  <Objekte ObjID="1204" ObjAufnahme="1997-03-18" ObjLetztKontakt="1997-03-18" ObjStrasseID="7443" ObjHausnummer="Lüerstraße 7" ObjVorlage="2013-09-11 00:00:00.0" ObKeinKontakt="1" ObjArtID="8" Merkmal="0.0"/>
  <Objekte ObjID="1205" ObjAufnahme="1997-03-18" ObjLetztKontakt="1997-03-18" ObjStrasseID="7443" ObjHausnummer="Lüerstraße 9" ObjVorlage="2013-09-11 00:00:00.0" ObKeinKontakt="1" ObjArtID="8" Merkmal="0.0"/>
  <Objekte ObjID="1206" ObjAufnahme="1997-03-18" ObjLetztKontakt="1997-03-18" ObjStrasseID="7443" ObjHausnummer="Lüerstraße 12A" ObjVorlage="2013-09-11 00:00:00.0" ObKeinKontakt="1" ObjArtID="8" Merkmal="0.0"/>
  <Objekte ObjID="1207" ObjAufnahme="1997-03-18" ObjLetztKontakt="1997-03-18" ObjStrasseID="7443" ObjHausnummer="Lüerstraße 15" ObjVorlage="2013-09-11 00:00:00.0" ObKeinKontakt="1" ObjArtID="8" Merkmal="0.0"/>
  <Objekte ObjID="1208" ObjAufnahme="1997-03-18" ObjLetztKontakt="1997-03-18" ObjStrasseID="7443" ObjHausnummer="Lüerstraße 14" ObjVorlage="2013-09-11 00:00:00.0" ObKeinKontakt="1" ObjArtID="8" Merkmal="0.0"/>
  <Objekte ObjID="1209" ObjAufnahme="1997-03-18" ObjLetztKontakt="1997-03-18" ObjStrasseID="7443" ObjHausnummer="Lüerstraße 16" ObjVorlage="2013-09-11 00:00:00.0" ObKeinKontakt="1" ObjArtID="8" Merkmal="0.0"/>
  <Objekte ObjID="1210" ObjAufnahme="1997-03-18" ObjLetztKontakt="1997-03-18" ObjStrasseID="7443" ObjHausnummer="Lüerstraße 18" ObjVorlage="2013-09-11 00:00:00.0" ObKeinKontakt="1" ObjArtID="8" Merkmal="0.0"/>
  <Objekte ObjID="1211" ObjAufnahme="1997-03-18" ObjLetztKontakt="1997-03-18" ObjStrasseID="7443" ObjHausnummer="Lüerstraße 20" ObjVorlage="2013-09-11 00:00:00.0" ObKeinKontakt="1" ObjArtID="8" Merkmal="0.0"/>
  <Objekte ObjID="1212" ObjAufnahme="1997-03-18" ObjLetztKontakt="1997-03-18" ObjStrasseID="7443" ObjHausnummer="Lüerstraße 22" ObjVorlage="2013-09-11 00:00:00.0" ObKeinKontakt="1" ObjArtID="8" Merkmal="0.0"/>
  <Objekte ObjID="1213" ObjAufnahme="1997-03-18" ObjLetztKontakt="1997-03-18" ObjStrasseID="7443" ObjHausnummer="Lüerstraße 24" ObjVorlage="2013-09-11 00:00:00.0" ObKeinKontakt="1" ObjArtID="8" Merkmal="0.0"/>
  <Objekte ObjID="1214" ObjAufnahme="1997-03-18" ObjLetztKontakt="1997-03-18" ObjStrasseID="7443" ObjHausnummer="Lüerstraße 26" ObjVorlage="2013-09-11 00:00:00.0" ObKeinKontakt="1" ObjArtID="8" Merkmal="0.0"/>
  <Objekte ObjID="1215" ObjAufnahme="1997-03-18" ObjLetztKontakt="1997-03-18" ObjStrasseID="7443" ObjHausnummer="Lüerstraße 28" ObjVorlage="2013-09-11 00:00:00.0" ObKeinKontakt="1" ObjArtID="8" Merkmal="0.0"/>
  <Objekte ObjID="1216" ObjAufnahme="1997-03-18" ObjLetztKontakt="1997-03-18" ObjStrasseID="7443" ObjHausnummer="Lüerstraße 30" ObjVorlage="2013-09-11 00:00:00.0" ObKeinKontakt="1" ObjArtID="8" Merkmal="0.0"/>
  <Objekte ObjID="1217" ObjAufnahme="1997-03-18" ObjLetztKontakt="2013-08-21" ObjStrasseID="7443" ObjHausnummer="Lüerstraße 32" ObjVorlage="2013-09-11 00:00:00.0" ObKeinKontakt="2" ObjArtID="8" Merkmal="0.0"/>
  <Objekte ObjID="1218" ObjAufnahme="1997-03-18" ObjLetztKontakt="1997-03-18" ObjStrasseID="7443" ObjHausnummer="Lüerstraße 34" ObjVorlage="2013-09-11 00:00:00.0" ObKeinKontakt="1" ObjArtID="8" Merkmal="0.0"/>
  <Objekte ObjID="1219" ObjAufnahme="1997-03-18" ObjLetztKontakt="1997-03-18" ObjStrasseID="7443" ObjHausnummer="Lüerstraße 36" ObjVorlage="2013-09-11 00:00:00.0" ObKeinKontakt="1" ObjArtID="8" Merkmal="0.0"/>
  <Objekte ObjID="1220" ObjAufnahme="1997-03-18" ObjLetztKontakt="1997-03-18" ObjStrasseID="7443" ObjHausnummer="Lüerstraße 38" ObjVorlage="2013-09-11 00:00:00.0" ObKeinKontakt="1" ObjArtID="8" Merkmal="0.0"/>
  <Objekte ObjID="1221" ObjAufnahme="1997-03-18" ObjLetztKontakt="1997-03-18" ObjStrasseID="7443" ObjHausnummer="Lüerstraße 40" ObjVorlage="2013-09-11 00:00:00.0" ObKeinKontakt="1" ObjArtID="8" Merkmal="0.0"/>
  <Objekte ObjID="1222" ObjAufnahme="1997-03-18" ObjLetztKontakt="1999-10-10" ObjStrasseID="7443" ObjHausnummer="Lüerstraße 42" ObjVorlage="2013-09-11 00:00:00.0" ObKeinKontakt="1" ObjArtID="8" Merkmal="0.0"/>
  <Objekte ObjID="1223" ObjAufnahme="1997-03-18" ObjLetztKontakt="1997-03-18" ObjStrasseID="7443" ObjHausnummer="Lüerstraße 44" ObjVorlage="2013-09-11 00:00:00.0" ObKeinKontakt="1" ObjArtID="8" Merkmal="0.0"/>
  <Objekte ObjID="1224" ObjAufnahme="1997-03-18" ObjLetztKontakt="1997-03-18" ObjStrasseID="7443" ObjHausnummer="Lüerstraße 46" ObjVorlage="2013-09-11 00:00:00.0" ObKeinKontakt="1" ObjArtID="8" Merkmal="0.0"/>
  <Objekte ObjID="1225" ObjAufnahme="1997-03-18" ObjLetztKontakt="1997-03-18" ObjStrasseID="7443" ObjHausnummer="Lüerstraße 12" ObjVorlage="2013-09-11 00:00:00.0" ObKeinKontakt="1" ObjArtID="8" Merkmal="0.0"/>
  <Objekte ObjID="1226" ObjAufnahme="1997-03-18" ObjLetztKontakt="1997-03-18" ObjStrasseID="7443" ObjHausnummer="Lüerstraße 10" ObjVorlage="2013-09-11 00:00:00.0" ObKeinKontakt="1" ObjArtID="8" Merkmal="0.0"/>
  <Objekte ObjID="1227" ObjAufnahme="1997-03-18" ObjLetztKontakt="1997-03-18" ObjStrasseID="7443" ObjHausnummer="Lüerstraße 8" ObjVorlage="2013-09-11 00:00:00.0" ObKeinKontakt="1" ObjArtID="8" Merkmal="0.0"/>
  <Objekte ObjID="1228" ObjAufnahme="1997-03-18" ObjLetztKontakt="1997-03-18" ObjStrasseID="7443" ObjHausnummer="Lüerstraße 6" ObjVorlage="2013-09-11 00:00:00.0" ObKeinKontakt="1" ObjArtID="54" Merkmal="0.0"/>
  <Objekte ObjID="1229" ObjAufnahme="1997-03-18" ObjLetztKontakt="1997-03-18" ObjStrasseID="7443" ObjHausnummer="Lüerstraße 4" ObjVorlage="2013-09-11 00:00:00.0" ObKeinKontakt="1" ObjArtID="8" Merkmal="0.0"/>
  <Objekte ObjID="1232" ObjAufnahme="1997-04-24" ObjLetztKontakt="1997-04-24" ObjStrasseID="6078" ObjHausnummer="Bristoler Straße 8" ObjVorlage="2013-09-11 00:00:00.0" ObKeinKontakt="1" ObjArtID="8" Merkmal="0.0"/>
  <Objekte ObjID="1233" ObjAufnahme="1997-04-24" ObjLetztKontakt="1997-04-24" ObjStrasseID="6078" ObjHausnummer="Bristoler Straße 6" ObjVorlage="2013-09-11 00:00:00.0" ObKeinKontakt="1" ObjArtID="8" Merkmal="0.0" ObjInfo="G.Fontaine"/>
  <Objekte ObjID="1235" ObjAufnahme="1997-04-24" ObjLetztKontakt="1997-04-24" ObjStrasseID="6078" ObjHausnummer="Bristoler Straße 4" ObjVorlage="2013-09-11 00:00:00.0" ObKeinKontakt="2" ObjArtID="8" Merkmal="0.0" ObjInfo="Frau Lucie koch 814486"/>
  <Objekte ObjID="1236" ObjAufnahme="1997-04-24" ObjLetztKontakt="1997-04-24" ObjStrasseID="7435" ObjHausnummer="Ludwig-Barnay-Straße 1" ObjVorlage="2013-09-11 00:00:00.0" ObKeinKontakt="1" ObjArtID="8" Merkmal="0.0"/>
  <Objekte ObjID="1237" ObjAufnahme="1997-04-24" ObjLetztKontakt="1997-04-24" ObjStrasseID="7435" ObjHausnummer="Ludwig-Barnay-Straße 3" ObjVorlage="2013-09-11 00:00:00.0" ObKeinKontakt="1" ObjArtID="8" Merkmal="0.0"/>
  <Objekte ObjID="1238" ObjAufnahme="1997-04-24" ObjLetztKontakt="1997-04-24" ObjStrasseID="7435" ObjHausnummer="Ludwig-Barnay-Straße 5" ObjVorlage="2013-09-11 00:00:00.0" ObKeinKontakt="1" ObjArtID="8" Merkmal="0.0"/>
  <Objekte ObjID="1239" ObjAufnahme="1997-04-24" ObjLetztKontakt="1997-04-24" ObjStrasseID="7435" ObjHausnummer="Ludwig-Barnay-Straße 7" ObjVorlage="2013-09-11 00:00:00.0" ObKeinKontakt="1" ObjArtID="8" Merkmal="0.0"/>
  <Objekte ObjID="1240" ObjAufnahme="1997-04-24" ObjLetztKontakt="2001-10-17" ObjStrasseID="7435" ObjHausnummer="Ludwig-Barnay-Straße 9" ObjVorlage="2013-09-11 00:00:00.0" ObKeinKontakt="9" ObjArtID="98" Merkmal="0.0" ObjInfo="565141\ Loggia,Kamin Gä-WC"/>
  <Objekte ObjID="1241" ObjAufnahme="1997-04-24" ObjLetztKontakt="1997-04-24" ObjStrasseID="7435" ObjHausnummer="Ludwig-Barnay-Straße 10" ObjVorlage="2013-09-11 00:00:00.0" ObKeinKontakt="1" ObjArtID="8" Merkmal="0.0"/>
  <Objekte ObjID="1242" ObjAufnahme="1997-04-24" ObjLetztKontakt="1997-04-24" ObjStrasseID="7435" ObjHausnummer="Ludwig-Barnay-Straße 12" ObjVorlage="2013-09-11 00:00:00.0" ObKeinKontakt="1" ObjArtID="8" Merkmal="0.0"/>
  <Objekte ObjID="1243" ObjAufnahme="1997-04-24" ObjLetztKontakt="1997-04-24" ObjStrasseID="7435" ObjHausnummer="Ludwig-Barnay-Straße 14" ObjVorlage="2013-09-11 00:00:00.0" ObKeinKontakt="1" ObjArtID="8" Merkmal="0.0"/>
  <Objekte ObjID="1244" ObjAufnahme="1997-04-24" ObjLetztKontakt="1997-04-24" ObjStrasseID="7435" ObjHausnummer="Ludwig-Barnay-Straße 16" ObjVorlage="2013-09-11 00:00:00.0" ObKeinKontakt="1" ObjArtID="8" Merkmal="0.0"/>
  <Objekte ObjID="1245" ObjAufnahme="1997-04-24" ObjLetztKontakt="1997-04-24" ObjStrasseID="7435" ObjHausnummer="Ludwig-Barnay-Straße 18" ObjVorlage="2013-09-11 00:00:00.0" ObKeinKontakt="1" ObjArtID="8" Merkmal="0.0"/>
  <Objekte ObjID="1246" ObjAufnahme="1997-04-24" ObjLetztKontakt="1997-04-24" ObjStrasseID="7435" ObjHausnummer="Ludwig-Barnay-Straße 8" ObjVorlage="2013-09-11 00:00:00.0" ObKeinKontakt="1" ObjArtID="8" Merkmal="0.0"/>
  <Objekte ObjID="1247" ObjAufnahme="1997-04-24" ObjLetztKontakt="1997-04-24" ObjStrasseID="7435" ObjHausnummer="Ludwig-Barnay-Straße 6" ObjVorlage="2013-09-11 00:00:00.0" ObKeinKontakt="1" ObjArtID="8" Merkmal="0.0"/>
  <Objekte ObjID="1248" ObjAufnahme="1997-04-24" ObjLetztKontakt="1997-04-24" ObjStrasseID="7435" ObjHausnummer="Ludwig-Barnay-Straße 4" ObjVorlage="2013-09-11 00:00:00.0" ObKeinKontakt="1" ObjArtID="8" Merkmal="0.0"/>
  <Objekte ObjID="1249" ObjAufnahme="1997-04-24" ObjLetztKontakt="1997-04-24" ObjStrasseID="7435" ObjHausnummer="Ludwig-Barnay-Straße 2" ObjVorlage="2013-09-11 00:00:00.0" ObKeinKontakt="1" ObjArtID="8" Merkmal="0.0"/>
  <Objekte ObjID="1251" ObjAufnahme="1997-04-21" ObjLetztKontakt="1997-04-21" ObjStrasseID="8712" ObjHausnummer="Zietenstraße 10" ObjVorlage="2013-09-11 00:00:00.0" ObKeinKontakt="1" ObjArtID="1" Merkmal="0.0" ObjInfo="Herr Schwanitz 661873 ist Mieter und verwalter"/>
  <Objekte ObjID="1252" ObjAufnahme="1997-04-21" ObjLetztKontakt="1997-04-21" ObjStrasseID="8712" ObjHausnummer="Zietenstraße 9" ObjVorlage="2013-09-11 00:00:00.0" ObKeinKontakt="1" ObjArtID="1" Merkmal="0.0" ObjInfo="Herr Bruns 665751 oder friedrich groß 665270"/>
  <Objekte ObjID="1253" ObjAufnahme="1997-04-21" ObjLetztKontakt="1997-04-21" ObjStrasseID="8712" ObjHausnummer="Zietenstraße 7" ObjVorlage="2013-09-11 00:00:00.0" ObKeinKontakt="1" ObjArtID="1" Merkmal="0.0" ObjInfo="Herr Deebon Walsroder Straße 732850"/>
  <Objekte ObjID="1254" ObjAufnahme="1997-04-21" ObjLetztKontakt="1997-04-21" ObjStrasseID="8712" ObjHausnummer="Zietenstraße 6" ObjVorlage="2013-09-11 00:00:00.0" ObKeinKontakt="1" ObjArtID="1" Merkmal="0.0" ObjInfo="Frau E.Otto Wedekindstraße 4"/>
  <Objekte ObjID="1255" ObjAufnahme="1997-04-21" ObjLetztKontakt="1997-04-21" ObjStrasseID="8712" ObjHausnummer="Zietenstraße 5" ObjVorlage="2013-09-11 00:00:00.0" ObKeinKontakt="1" ObjArtID="1" Merkmal="0.0" ObjInfo="Frau Ceukez"/>
  <Objekte ObjID="1256" ObjAufnahme="1997-04-21" ObjLetztKontakt="1997-04-21" ObjStrasseID="8712" ObjHausnummer="Zietenstraße 4" ObjVorlage="2013-09-11 00:00:00.0" ObKeinKontakt="1" ObjArtID="1" Merkmal="0.0" ObjInfo="Frau K.Freie 482445"/>
  <Objekte ObjID="1257" ObjAufnahme="1997-04-21" ObjLetztKontakt="1997-04-21" ObjStrasseID="8712" ObjHausnummer="Zietenstraße 3" ObjVorlage="2013-09-11 00:00:00.0" ObKeinKontakt="1" ObjArtID="1" Merkmal="0.0" ObjInfo="Herr Scherpeltz 622288, 01727188496"/>
  <Objekte ObjID="1258" ObjAufnahme="1997-04-21" ObjLetztKontakt="1997-04-21" ObjStrasseID="8712" ObjHausnummer="Zietenstraße 2" ObjVorlage="2013-09-11 00:00:00.0" ObKeinKontakt="1" ObjArtID="1" Merkmal="0.0" ObjInfo="Kipps erben"/>
  <Objekte ObjID="1259" ObjAufnahme="1997-04-21" ObjLetztKontakt="1997-04-21" ObjStrasseID="8712" ObjHausnummer="Zietenstraße 1A" ObjVorlage="2013-09-11 00:00:00.0" ObKeinKontakt="1" ObjArtID="1" Merkmal="0.0" ObjInfo="Helene hennig Osterfelddamm 1a 30627 Hannover"/>
  <Objekte ObjID="1260" ObjAufnahme="1997-04-21" ObjLetztKontakt="1997-04-21" ObjStrasseID="8712" ObjHausnummer="Zietenstraße 1" ObjVorlage="2013-09-11 00:00:00.0" ObKeinKontakt="1" ObjArtID="1" Merkmal="0.0"/>
  <Objekte ObjID="1261" ObjAufnahme="1997-03-18" ObjLetztKontakt="1997-03-18" ObjStrasseID="159" ObjHausnummer="Jakobistraße 55" ObjVorlage="2013-09-11 00:00:00.0" ObKeinKontakt="1" ObjArtID="1" Merkmal="0.0" ObjInfo="Mieter: Eickhoff, Dorothee Tel. 31 77 91, früher W. Bock, Mieter Heiduch, Tel. 3884536Stock, Klaus-Dieter&#xD;Flüggestr. 1&#xD;30161 Hannover&#xD;0511-312652Rönnen, Brigitte&#xD;von&#xD;Flüggestr. 1&#xD;30161 Hannover&#xD;0511-311435Niemeyer, Rainer&#xD;Dr.&#xD;Flüggestr. 1&#xD;30161 Hannover&#xD;0"/>
  <Objekte ObjID="1262" ObjAufnahme="1997-03-18" ObjLetztKontakt="1997-03-18" ObjStrasseID="159" ObjHausnummer="Jakobistraße 53" ObjVorlage="2013-09-11 00:00:00.0" ObKeinKontakt="1" ObjArtID="1" Merkmal="0.0"/>
  <Objekte ObjID="1263" ObjAufnahme="1997-03-18" ObjLetztKontakt="1997-03-18" ObjStrasseID="159" ObjHausnummer="Jakobistraße 49" ObjVorlage="2013-09-11 00:00:00.0" ObKeinKontakt="1" ObjArtID="1" Merkmal="0.0" ObjInfo="Herr K.Waterbeck Immobilien Jakobistr. 49 864544"/>
  <Objekte ObjID="1264" ObjAufnahme="1997-03-18" ObjLetztKontakt="1997-03-18" ObjStrasseID="159" ObjHausnummer="Jakobistraße 51" ObjVorlage="2013-09-11 00:00:00.0" ObKeinKontakt="1" ObjArtID="1" Merkmal="0.0"/>
  <Objekte ObjID="1265" ObjAufnahme="1997-03-18" ObjLetztKontakt="1997-03-18" ObjStrasseID="159" ObjHausnummer="Jakobistraße 47" ObjVorlage="2013-09-11 00:00:00.0" ObKeinKontakt="1" ObjArtID="1" Merkmal="0.0" ObjInfo="Remmer Georg Wohnungsunternehmen KG&#xD;Lister Damm 17&#xD;30163 Hannover&#xD;0511-665410 Grüger, Erich&#xD;Jakobistr. 47&#xD;30163 Hannover&#xD;0511-662777"/>
  <Objekte ObjID="1266" ObjAufnahme="1997-03-18" ObjLetztKontakt="1997-03-18" ObjStrasseID="159" ObjHausnummer="Jakobistraße 45" ObjVorlage="2013-09-11 00:00:00.0" ObKeinKontakt="1" ObjArtID="1" Merkmal="0.0"/>
  <Objekte ObjID="1267" ObjAufnahme="1997-03-18" ObjLetztKontakt="1997-03-18" ObjStrasseID="159" ObjHausnummer="Jakobistraße 43" ObjVorlage="2013-09-11 00:00:00.0" ObKeinKontakt="1" ObjArtID="1" Merkmal="0.0" ObjInfo="Frau frenzel. Alter Sonnenweg 7"/>
  <Objekte ObjID="1268" ObjAufnahme="1997-03-18" ObjLetztKontakt="1997-03-18" ObjStrasseID="159" ObjHausnummer="Jakobistraße 41" ObjVorlage="2013-09-11 00:00:00.0" ObKeinKontakt="1" ObjArtID="83" Merkmal="0.0" ObjInfo="evtl. aufgeteilt"/>
  <Objekte ObjID="1269" ObjAufnahme="1997-03-18" ObjLetztKontakt="1997-03-18" ObjStrasseID="159" ObjHausnummer="Jakobistraße 39" ObjVorlage="2013-09-11 00:00:00.0" ObKeinKontakt="1" ObjArtID="1" Merkmal="0.0" ObjInfo="herr Fuchs im hause"/>
  <Objekte ObjID="1270" ObjAufnahme="1997-03-18" ObjLetztKontakt="1997-03-18" ObjStrasseID="159" ObjHausnummer="Jakobistraße 37" ObjVorlage="2013-09-11 00:00:00.0" ObKeinKontakt="1" ObjArtID="1" Merkmal="0.0" ObjInfo="F.Nöthel, jakobistr. 37, Tel.344615 verwaltung: Tochter frau Friedmann , tel.665883, Knut friedmann ,629821  Olaf Friedmann"/>
  <Objekte ObjID="1271" ObjAufnahme="1997-03-18" ObjLetztKontakt="1997-03-18" ObjStrasseID="159" ObjHausnummer="Jakobistraße 35" ObjVorlage="2013-09-11 00:00:00.0" ObKeinKontakt="1" ObjArtID="1" Merkmal="0.0" ObjInfo="K.H.Pieper, Jakobistr.35 660366"/>
  <Objekte ObjID="1272" ObjAufnahme="1997-03-18" ObjLetztKontakt="1997-03-18" ObjStrasseID="159" ObjHausnummer="Jakobistraße 33" ObjVorlage="2013-09-11 00:00:00.0" ObKeinKontakt="1" ObjArtID="1" Merkmal="0.0"/>
  <Objekte ObjID="1273" ObjAufnahme="1997-03-18" ObjLetztKontakt="1997-03-18" ObjStrasseID="159" ObjHausnummer="Jakobistraße 31" ObjVorlage="2013-09-11 00:00:00.0" ObKeinKontakt="1" ObjArtID="1" Merkmal="0.0"/>
  <Objekte ObjID="1274" ObjAufnahme="1997-03-18" ObjLetztKontakt="2001-10-25" ObjStrasseID="159" ObjHausnummer="Jakobistraße 29" ObjVorlage="2013-09-11 00:00:00.0" ObKeinKontakt="2" ObjArtID="105" Merkmal="0.0" ObjInfo="378125\2 Blk."/>
  <Objekte ObjID="1275" ObjAufnahme="1997-03-18" ObjLetztKontakt="1997-03-18" ObjStrasseID="159" ObjHausnummer="Jakobistraße 27" ObjVorlage="2013-09-11 00:00:00.0" ObKeinKontakt="1" ObjArtID="1" Merkmal="0.0" ObjInfo="Lister Kirchengemeinde"/>
  <Objekte ObjID="1276" ObjAufnahme="1997-03-18" ObjLetztKontakt="1997-03-18" ObjStrasseID="159" ObjHausnummer="Jakobistraße 25" ObjVorlage="2013-09-11 00:00:00.0" ObKeinKontakt="1" ObjArtID="1" Merkmal="0.0" ObjInfo="Frau M.L.Kreiß, Schulstraße 22 in 88142 Wasserburg"/>
  <Objekte ObjID="1277" ObjAufnahme="1997-03-18" ObjLetztKontakt="1997-03-18" ObjStrasseID="159" ObjHausnummer="Jakobistraße 23" ObjVorlage="2013-09-11 00:00:00.0" ObKeinKontakt="1" ObjArtID="1" Merkmal="0.0" ObjInfo="Herr B. Jaruschynski 660225, wollte am 16.6.94 verkaufen hatte bereits einen Käufer"/>
  <Objekte ObjID="1278" ObjAufnahme="1997-03-18" ObjLetztKontakt="1997-03-18" ObjStrasseID="159" ObjHausnummer="Jakobistraße 21" ObjVorlage="2013-09-11 00:00:00.0" ObKeinKontakt="1" ObjArtID="1" Merkmal="0.0" ObjInfo="vielleicht Frau H.Fricke 620502"/>
  <Objekte ObjID="1279" ObjAufnahme="1997-03-18" ObjLetztKontakt="1997-03-18" ObjStrasseID="159" ObjHausnummer="Jakobistraße 19" ObjVorlage="2013-09-11 00:00:00.0" ObKeinKontakt="1" ObjArtID="177" Merkmal="0.0"/>
  <Objekte ObjID="1280" ObjAufnahme="1997-03-18" ObjLetztKontakt="1997-03-18" ObjStrasseID="159" ObjHausnummer="Jakobistraße 17" ObjVorlage="2013-09-11 00:00:00.0" ObKeinKontakt="1" ObjArtID="177" Merkmal="0.0" ObjInfo="Verwaltung herr Müsegadis Podbielskistr. Tel 691821"/>
  <Objekte ObjID="1281" ObjAufnahme="1997-03-18" ObjLetztKontakt="1997-03-18" ObjStrasseID="159" ObjHausnummer="Jakobistraße 15" ObjVorlage="2013-09-11 00:00:00.0" ObKeinKontakt="1" ObjArtID="4" Merkmal="0.0"/>
  <Objekte ObjID="1282" ObjAufnahme="1997-03-18" ObjLetztKontakt="1997-03-18" ObjStrasseID="159" ObjHausnummer="Jakobistraße 13A" ObjVorlage="2013-09-11 00:00:00.0" ObKeinKontakt="1" ObjArtID="1" Merkmal="0.0"/>
  <Objekte ObjID="1283" ObjAufnahme="1997-03-18" ObjLetztKontakt="1997-03-18" ObjStrasseID="159" ObjHausnummer="Jakobistraße 13" ObjVorlage="2013-09-11 00:00:00.0" ObKeinKontakt="1" ObjArtID="1" Merkmal="0.0" ObjInfo="vielleicht Frau E. Burmester, Jakobistr. 13 Verw. VOW"/>
  <Objekte ObjID="1284" ObjAufnahme="1997-03-18" ObjLetztKontakt="1997-03-18" ObjStrasseID="159" ObjHausnummer="Jakobistraße 11" ObjVorlage="2013-09-11 00:00:00.0" ObKeinKontakt="1" ObjArtID="1" Merkmal="0.0" ObjInfo="evtl. Frau Berger Jakobistr. 11 el. 164980 Verw. VOW"/>
  <Objekte ObjID="1285" ObjAufnahme="1997-03-18" ObjLetztKontakt="1997-03-18" ObjStrasseID="159" ObjHausnummer="Jakobistraße 9" ObjVorlage="2013-09-11 00:00:00.0" ObKeinKontakt="1" ObjArtID="1" Merkmal="0.0" ObjInfo="Firma H.Flittger Hohenzollernstraße 34 30161 Hannover, 311152, 312402 Fittger, Heinrich&#xD;GrundstücksVerw.&#xD;Hohenzollernstr. 34&#xD;30161 Hannover&#xD;0511-312402 Mieter Damm Christoph&#09;Jakobistr. 9&#09;30163 Hannover&#09;0511-667519&#xD;&#xA;Gratz Kurt u. Ellen&#09;Jakobistr. 9&#09;30163 Ha&#xD;&#xA;1286"/>
  <Objekte ObjID="1287" ObjAufnahme="1997-03-18" ObjLetztKontakt="1997-03-18" ObjStrasseID="159" ObjHausnummer="Jakobistraße 3" ObjVorlage="2013-09-11 00:00:00.0" ObKeinKontakt="1" ObjArtID="1" Merkmal="0.0" ObjInfo="Hermann Hampe Waldstraße 11, 30974 Wennigsen oder Postfach 100227 30968 Wennigsen"/>
  <Objekte ObjID="1288" ObjAufnahme="1997-03-18" ObjLetztKontakt="1997-03-18" ObjStrasseID="159" ObjHausnummer="Jakobistraße 1" ObjVorlage="2013-09-11 00:00:00.0" ObKeinKontakt="1" ObjArtID="1" Merkmal="0.0" ObjInfo="Erbengemeinschaft Fastje"/>
  <Objekte ObjID="1289" ObjAufnahme="1997-03-18" ObjLetztKontakt="1997-03-18" ObjStrasseID="159" ObjHausnummer="Jakobistraße 2" ObjVorlage="2013-09-11 00:00:00.0" ObKeinKontakt="1" ObjArtID="36" Merkmal="0.0" ObjInfo="Getränke Staude 740010"/>
  <Objekte ObjID="1290" ObjAufnahme="1997-03-18" ObjLetztKontakt="1997-05-27" ObjStrasseID="159" ObjHausnummer="Jakobistraße 4" ObjVorlage="2013-09-11 00:00:00.0" ObKeinKontakt="2" ObjArtID="1" Merkmal="0.0" ObjInfo="Verwalter Johannes Brink 411079 Sohn des Eigentümers in Paderborn evtl gianspietro Faoretti, Eiscafe"/>
  <Objekte ObjID="1291" ObjAufnahme="1997-03-18" ObjLetztKontakt="1997-03-18" ObjStrasseID="159" ObjHausnummer="Jakobistraße 6" ObjVorlage="1997-06-15 00:00:00.0" ObKeinKontakt="1" ObjArtID="5" Merkmal="0.0"/>
  <Objekte ObjID="1292" ObjAufnahme="1997-03-18" ObjLetztKontakt="1997-03-18" ObjStrasseID="159" ObjHausnummer="Jakobistraße 10" ObjVorlage="2013-09-11 00:00:00.0" ObKeinKontakt="5" ObjArtID="166" Merkmal="0.0"/>
  <Objekte ObjID="1293" ObjAufnahme="1997-03-18" ObjLetztKontakt="1994-07-26" ObjStrasseID="159" ObjHausnummer="Jakobistraße 12" ObjVorlage="2013-09-11 00:00:00.0" ObKeinKontakt="2" ObjArtID="1" Merkmal="0.0"/>
  <Objekte ObjID="1294" ObjAufnahme="1997-03-18" ObjLetztKontakt="1998-02-24" ObjStrasseID="159" ObjHausnummer="Jakobistraße 14" ObjVorlage="2013-09-11 00:00:00.0" ObKeinKontakt="1" ObjArtID="177" Merkmal="0.0" ObjInfo="ist in Eigentumswohnungen aufgeteilt BauWo Grundstücksgesellschaft"/>
  <Objekte ObjID="1295" ObjAufnahme="1997-03-18" ObjLetztKontakt="1997-03-18" ObjStrasseID="159" ObjHausnummer="Jakobistraße 16" ObjVorlage="2013-09-11 00:00:00.0" ObKeinKontakt="1" ObjArtID="1" Merkmal="0.0" ObjInfo="vielleicht Voigz jun. Pirmasenser Str. 62 stimmt vielleicht nicht"/>
  <Objekte ObjID="1296" ObjAufnahme="1997-03-18" ObjLetztKontakt="1997-03-18" ObjStrasseID="159" ObjHausnummer="Jakobistraße 18" ObjVorlage="2013-09-11 00:00:00.0" ObKeinKontakt="1" ObjArtID="1" Merkmal="0.0"/>
  <Objekte ObjID="1297" ObjAufnahme="1997-03-18" ObjLetztKontakt="1997-03-18" ObjStrasseID="159" ObjHausnummer="Jakobistraße 20" ObjVorlage="2013-09-11 00:00:00.0" ObKeinKontakt="1" ObjArtID="1" Merkmal="0.0"/>
  <Objekte ObjID="1298" ObjAufnahme="1997-03-18" ObjLetztKontakt="1997-03-18" ObjStrasseID="159" ObjHausnummer="Jakobistraße 24" ObjVorlage="2013-09-11 00:00:00.0" ObKeinKontakt="1" ObjArtID="1" Merkmal="0.0" ObjInfo="Wohnung wird von Dr. Middendorf angeboten"/>
  <Objekte ObjID="1299" ObjAufnahme="1997-03-18" ObjLetztKontakt="1997-03-18" ObjStrasseID="159" ObjHausnummer="Jakobistraße 26" ObjVorlage="2013-09-11 00:00:00.0" ObKeinKontakt="1" ObjArtID="170" Merkmal="0.0" ObjInfo="Frau R.Frühling 667653"/>
  <Objekte ObjID="1300" ObjAufnahme="1997-03-18" ObjLetztKontakt="2001-07-02" ObjStrasseID="159" ObjHausnummer="Jakobistraße 28" ObjVorlage="2013-09-11 00:00:00.0" ObKeinKontakt="9" ObjArtID="170" Merkmal="0.0" ObjInfo="489142\Loggia"/>
  <Objekte ObjID="1301" ObjAufnahme="1997-03-18" ObjLetztKontakt="1997-03-18" ObjStrasseID="159" ObjHausnummer="Jakobistraße 30" ObjVorlage="2013-09-11 00:00:00.0" ObKeinKontakt="1" ObjArtID="1" Merkmal="0.0" ObjInfo="Herr Hans Meyer, Jakobistr. 30, 666630 oder Nölting 624651, Tochter in Stuttgart macht Verwaltung Mutter wahrscheinlich entmündigt Tel. Tochter 07112238580"/>
  <Objekte ObjID="1302" ObjAufnahme="1997-03-18" ObjLetztKontakt="1997-03-18" ObjStrasseID="159" ObjHausnummer="Jakobistraße 32" ObjVorlage="2013-09-11 00:00:00.0" ObKeinKontakt="1" ObjArtID="1" Merkmal="0.0"/>
  <Objekte ObjID="1303" ObjAufnahme="1997-03-18" ObjLetztKontakt="1997-03-18" ObjStrasseID="159" ObjHausnummer="Jakobistraße 34" ObjVorlage="2013-09-11 00:00:00.0" ObKeinKontakt="1" ObjArtID="1" Merkmal="0.0" ObjInfo="I.Stöhr Jakobistr. 34 Tel. 666253"/>
  <Objekte ObjID="1304" ObjAufnahme="1997-03-18" ObjLetztKontakt="1997-03-18" ObjStrasseID="159" ObjHausnummer="Jakobistraße 36" ObjVorlage="2013-09-11 00:00:00.0" ObKeinKontakt="1" ObjArtID="1" Merkmal="0.0" ObjInfo="Verwaltung : Waldersee Treuhand, Hohernzollernstr. 663061,663062"/>
  <Objekte ObjID="1305" ObjAufnahme="1997-03-18" ObjLetztKontakt="1997-03-18" ObjStrasseID="159" ObjHausnummer="Jakobistraße 38" ObjVorlage="2013-09-11 00:00:00.0" ObKeinKontakt="1" ObjArtID="1" Merkmal="0.0"/>
  <Objekte ObjID="1306" ObjAufnahme="1997-03-18" ObjLetztKontakt="1997-03-18" ObjStrasseID="159" ObjHausnummer="Jakobistraße 40" ObjVorlage="2013-09-11 00:00:00.0" ObKeinKontakt="1" ObjArtID="1" Merkmal="0.0" ObjInfo="Frau Busch ist 81 unter Pflegschaft Tel. 392258 Voßstr 51 hingewiesen"/>
  <Objekte ObjID="1307" ObjAufnahme="1997-03-18" ObjLetztKontakt="1997-03-18" ObjStrasseID="159" ObjHausnummer="Jakobistraße 42" ObjVorlage="2013-09-11 00:00:00.0" ObKeinKontakt="3" ObjArtID="1" Merkmal="0.0"/>
  <Objekte ObjID="1309" ObjAufnahme="1997-04-21" ObjLetztKontakt="1997-04-21" ObjStrasseID="8641" ObjHausnummer="Wilksheide 17" ObjVorlage="2013-09-11 00:00:00.0" ObKeinKontakt="3" ObjArtID="8" Merkmal="0.0" ObjInfo="Eigentümer Schrader liegt im Krankenhaus, Kontakt über Tochter Seidel, Haus steht leer"/>
  <Objekte ObjID="1310" ObjAufnahme="1997-04-21" ObjLetztKontakt="1997-04-21" ObjStrasseID="5658" ObjHausnummer="Am Jungfernplan 3" ObjVorlage="2013-09-11 00:00:00.0" ObKeinKontakt="3" ObjArtID="9" Merkmal="0.0" ObjInfo="Fietz Markus&#09;Am Jungfernplan 3&#09;30171 Hannover&#09;0511-853540ark mbH Ochsenzoller Straße 173 22848 Norderstedt 0405234095 Jungfernplan 3&#09;30171 Hannover&#09;ISDN 0511-28582-0228&#xD;&#xA;2WE/3Büros/1950/109/2,0"/>
  <Objekte ObjID="1313" ObjAufnahme="1997-04-20" ObjLetztKontakt="1997-04-20" ObjStrasseID="8496" ObjHausnummer="Voßstraße 62" ObjVorlage="2013-09-11 00:00:00.0" ObKeinKontakt="1" ObjArtID="1" Merkmal="0.0" ObjInfo="Herr Mercator Mieter: Arndt Thorsten&#09;Voástr. 62&#09;30163 Hannover&#09;0511-3941483&#xD;&#xA;Lippmann Ingo Dipl.-Ing. Architekt&#09;Voástr. 62&#09;30163 Hannover&#09;0511-660045&#xD;&#xA;Masch E. u. M.&#09;Voástr. 62&#09;30163 Hannover&#09;0511-665797&#xD;&#xA;Niemann S.&#09;Voástr. 62&#09;30163 Hannover&#09;0511-660324&#xD;&#xA;P&#xD;&#xA;1314"/>
  <Objekte ObjID="1315" ObjAufnahme="1997-04-29" ObjLetztKontakt="1997-04-29" ObjStrasseID="7406" ObjHausnummer="Lister Meile 61" ObjVorlage="2013-09-11 00:00:00.0" ObKeinKontakt="1" ObjArtID="1" Merkmal="0.0" ObjInfo="Cajewitz Nachfolge GmbH z.H. Herrn Knoop Hildesheimer Straße 111 30173 Hannover"/>
  <Objekte ObjID="1316" ObjAufnahme="1997-04-29" ObjLetztKontakt="1997-04-29" ObjStrasseID="7406" ObjHausnummer="Lister Meile 63" ObjVorlage="2013-09-11 00:00:00.0" ObKeinKontakt="1" ObjArtID="1" Merkmal="0.0" ObjInfo="Lange H.D. 344534"/>
  <Objekte ObjID="1317" ObjAufnahme="1997-04-29" ObjLetztKontakt="1997-04-29" ObjStrasseID="7406" ObjHausnummer="Lister Meile 65" ObjVorlage="2013-09-11 00:00:00.0" ObKeinKontakt="1" ObjArtID="1" Merkmal="0.0" ObjInfo="Erbengemeinschaft M.Rehwinkel und Herr Schlotterleitz Drostestraße 11 30161 han 315317"/>
  <Objekte ObjID="1318" ObjAufnahme="1997-04-29" ObjLetztKontakt="1997-04-29" ObjStrasseID="7406" ObjHausnummer="Lister Meile 67" ObjVorlage="2013-09-11 00:00:00.0" ObKeinKontakt="1" ObjArtID="1" Merkmal="0.0" ObjInfo="Hanna Ternedde, herr h. Grunewald 663296 ist krank möchte momentan nicht über das haus sprechen"/>
  <Objekte ObjID="1319" ObjAufnahme="1997-04-29" ObjLetztKontakt="1997-04-29" ObjStrasseID="7406" ObjHausnummer="Lister Meile 69" ObjVorlage="2013-09-11 00:00:00.0" ObKeinKontakt="1" ObjArtID="1" Merkmal="0.0"/>
  <Objekte ObjID="1320" ObjAufnahme="1997-04-29" ObjLetztKontakt="1997-04-29" ObjStrasseID="7406" ObjHausnummer="Lister Meile 71" ObjVorlage="2013-09-11 00:00:00.0" ObKeinKontakt="1" ObjArtID="1" Merkmal="0.0" ObjInfo="J.henke Mengendamm 18 30177 hannover 628481"/>
  <Objekte ObjID="1321" ObjAufnahme="1997-04-29" ObjLetztKontakt="1997-04-29" ObjStrasseID="7406" ObjHausnummer="Lister Meile 73" ObjVorlage="2013-09-11 00:00:00.0" ObKeinKontakt="1" ObjArtID="1" Merkmal="0.0" ObjInfo="Herr Mauß Dr. K.Hirschmann An der Silberkuhle 18 30655 Hannover 313658, 5477858 gehört auch Celler straße 64"/>
  <Objekte ObjID="1322" ObjAufnahme="1997-04-29" ObjLetztKontakt="1997-04-29" ObjStrasseID="7406" ObjHausnummer="Lister Meile 75" ObjVorlage="2013-09-11 00:00:00.0" ObKeinKontakt="1" ObjArtID="1" Merkmal="0.0" ObjInfo="M.Kind Entenfang 10 30419 Hannover Verwaltung G.Diedrich"/>
  <Objekte ObjID="1323" ObjAufnahme="1997-04-29" ObjLetztKontakt="1997-04-29" ObjStrasseID="7406" ObjHausnummer="Lister Meile 77" ObjVorlage="2013-09-11 00:00:00.0" ObKeinKontakt="1" ObjArtID="5" Merkmal="0.0" ObjInfo="Karl-heinz Hartmann Edenstraße 28 665715, 697575"/>
  <Objekte ObjID="1324" ObjAufnahme="1997-04-29" ObjLetztKontakt="1997-04-29" ObjStrasseID="7406" ObjHausnummer="Lister Meile 81" ObjVorlage="2013-09-11 00:00:00.0" ObKeinKontakt="1" ObjArtID="1" Merkmal="0.0" ObjInfo="Herr henze"/>
  <Objekte ObjID="1325" ObjAufnahme="1997-04-29" ObjLetztKontakt="1997-04-29" ObjStrasseID="7406" ObjHausnummer="Lister Meile 79" ObjVorlage="2013-09-11 00:00:00.0" ObKeinKontakt="1" ObjArtID="1" Merkmal="0.0" ObjInfo="Karl-heinz-Hartmann Lister meile 77 675715"/>
  <Objekte ObjID="1326" ObjAufnahme="1997-04-29" ObjLetztKontakt="1997-04-29" ObjStrasseID="7406" ObjHausnummer="Lister Meile 83" ObjVorlage="2013-09-11 00:00:00.0" ObKeinKontakt="1" ObjArtID="1" Merkmal="0.0" ObjInfo="Wolfgang Cohrs Lister Kirchweg 41 663388"/>
  <Objekte ObjID="1327" ObjAufnahme="1997-04-29" ObjLetztKontakt="1997-04-29" ObjStrasseID="7406" ObjHausnummer="Lister Meile 85" ObjVorlage="2013-09-11 00:00:00.0" ObKeinKontakt="1" ObjArtID="1" Merkmal="0.0" ObjInfo="Herr Hampe Edenstraße 34 663208"/>
  <Objekte ObjID="1328" ObjAufnahme="1997-04-29" ObjLetztKontakt="1997-04-29" ObjStrasseID="7406" ObjHausnummer="Lister Meile 87" ObjVorlage="2013-09-11 00:00:00.0" ObKeinKontakt="1" ObjArtID="1" Merkmal="0.0" ObjInfo="H.Fastje Jakobistr. 1 665710 fraglich ob Eigentümer"/>
  <Objekte ObjID="1329" ObjAufnahme="1997-04-29" ObjLetztKontakt="1997-04-29" ObjStrasseID="7406" ObjHausnummer="Lister Meile 89" ObjVorlage="2013-09-11 00:00:00.0" ObKeinKontakt="1" ObjArtID="1" Merkmal="0.0" ObjInfo="H.Fastje Jakobistr. 1"/>
  <Objekte ObjID="1330" ObjAufnahme="1997-04-29" ObjLetztKontakt="1997-04-29" ObjStrasseID="7406" ObjHausnummer="Lister Meile 88" ObjVorlage="2013-09-11 00:00:00.0" ObKeinKontakt="1" ObjArtID="1" Merkmal="0.0" ObjInfo="Herr Willing Lister Meile 82 G. 05101 2127"/>
  <Objekte ObjID="1331" ObjAufnahme="1997-04-29" ObjLetztKontakt="1997-04-29" ObjStrasseID="7406" ObjHausnummer="Lister Meile 86" ObjVorlage="2013-09-11 00:00:00.0" ObKeinKontakt="1" ObjArtID="1" Merkmal="0.0" ObjInfo="Paula Jahns , Herr Piepho 168-6673 und herr Schmidt 168-6667"/>
  <Objekte ObjID="1332" ObjAufnahme="1997-04-29" ObjLetztKontakt="1997-09-02" ObjStrasseID="7406" ObjHausnummer="Lister Meile 84" ObjVorlage="2013-09-11 00:00:00.0" ObKeinKontakt="2" ObjArtID="1" Merkmal="0.0" ObjInfo="Heinrich Hofmann aus Haverlah Hoffmann Heinrich, 38275 Haverlah, 05341-33298&#xD;&#xA; Mieter : Lukawsky Günter, Lister Meile 84, 30161 Hannover, 0511-665466&#xD;&#xA;Natura-Haus Schneider OHG, Lister Meile 84, 30161 Hannover, 0511-665942&#xD;&#xA;Panagiotidou M., Lister Meile 84&#xD;&#xA;1333"/>
  <Objekte ObjID="1334" ObjAufnahme="1997-04-29" ObjLetztKontakt="2002-10-07" ObjStrasseID="7406" ObjHausnummer="Lister Meile 80" ObjVorlage="2013-09-11 00:00:00.0" ObKeinKontakt="1" ObjArtID="1" Merkmal="0.9999999999999999" ObjInfo="Häffner 561041   15WE2L18892193,1"/>
  <Objekte ObjID="1335" ObjAufnahme="1997-04-29" ObjLetztKontakt="1997-04-29" ObjStrasseID="7406" ObjHausnummer="Lister Meile 78" ObjVorlage="2013-09-11 00:00:00.0" ObKeinKontakt="1" ObjArtID="1" Merkmal="0.0" ObjInfo="Herr F.Egerer Podbielskistraße 24 30163 Hannover 661336 Verwalter HVG"/>
  <Objekte ObjID="1336" ObjAufnahme="1997-04-29" ObjLetztKontakt="1997-04-29" ObjStrasseID="7406" ObjHausnummer="Lister Meile 76" ObjVorlage="2013-09-11 00:00:00.0" ObKeinKontakt="1" ObjArtID="1" Merkmal="0.0" ObjInfo="Herr Frohme Rolf dieter 6497568 Mc Donalds als erbbaurechtsnehmer mit Indexierung 77-99 4.2 Mio Kosten möchte für 1.8 mio verkaufen"/>
  <Objekte ObjID="1337" ObjAufnahme="1997-04-29" ObjLetztKontakt="1997-04-29" ObjStrasseID="7406" ObjHausnummer="Lister Meile 74" ObjVorlage="2013-09-11 00:00:00.0" ObKeinKontakt="1" ObjArtID="1" Merkmal="0.0" ObjInfo="K.Kohlmeier 668317"/>
  <Objekte ObjID="1338" ObjAufnahme="1997-04-29" ObjLetztKontakt="1997-04-29" ObjStrasseID="7406" ObjHausnummer="Lister Meile 72" ObjVorlage="2013-09-11 00:00:00.0" ObKeinKontakt="1" ObjArtID="1" Merkmal="0.0" ObjInfo="H.Steding, Dr.G.Steding In der Steinriede 7 30161 Hannover , Manfred Kunk 661740"/>
  <Objekte ObjID="1339" ObjAufnahme="1997-04-29" ObjLetztKontakt="1997-04-29" ObjStrasseID="7406" ObjHausnummer="Lister Meile 70" ObjVorlage="2013-09-11 00:00:00.0" ObKeinKontakt="1" ObjArtID="1" Merkmal="0.0" ObjInfo="Plozzer"/>
  <Objekte ObjID="1340" ObjAufnahme="1997-04-29" ObjLetztKontakt="1997-04-29" ObjStrasseID="7406" ObjHausnummer="Lister Meile 68" ObjVorlage="2013-09-11 00:00:00.0" ObKeinKontakt="1" ObjArtID="1" Merkmal="0.0" ObjInfo="Frau Gröning Itzehoe 048212596"/>
  <Objekte ObjID="1341" ObjAufnahme="1997-04-29" ObjLetztKontakt="1997-04-29" ObjStrasseID="7406" ObjHausnummer="Lister Meile 66" ObjVorlage="2013-09-11 00:00:00.0" ObKeinKontakt="1" ObjArtID="1" Merkmal="0.0" ObjInfo="F.Sprengel 661115"/>
  <Objekte ObjID="1343" ObjAufnahme="1997-04-29" ObjLetztKontakt="1997-04-29" ObjStrasseID="7406" ObjHausnummer="Lister Meile 50" ObjVorlage="2013-09-11 00:00:00.0" ObKeinKontakt="1" ObjArtID="1" Merkmal="0.9999999999999999" ObjInfo="1WE/3Läden/4Büros?210/3,4"/>
  <Objekte ObjID="1344" ObjAufnahme="1997-04-29" ObjLetztKontakt="1997-04-29" ObjStrasseID="7406" ObjHausnummer="Lister Meile 48" ObjVorlage="2013-09-11 00:00:00.0" ObKeinKontakt="1" ObjArtID="177" Merkmal="0.0"/>
  <Objekte ObjID="1345" ObjAufnahme="1997-04-29" ObjLetztKontakt="1997-04-29" ObjStrasseID="7406" ObjHausnummer="Lister Meile 46" ObjVorlage="2013-09-11 00:00:00.0" ObKeinKontakt="1" ObjArtID="1" Merkmal="0.0"/>
  <Objekte ObjID="1346" ObjAufnahme="1997-04-29" ObjLetztKontakt="1997-04-29" ObjStrasseID="7406" ObjHausnummer="Lister Meile 44" ObjVorlage="2013-09-11 00:00:00.0" ObKeinKontakt="1" ObjArtID="1" Merkmal="0.0" ObjInfo="evtl. Dr. Rodenberg aus Bad Soden oder Schwester"/>
  <Objekte ObjID="1347" ObjAufnahme="1997-04-29" ObjLetztKontakt="1997-04-29" ObjStrasseID="7406" ObjHausnummer="Lister Meile 42" ObjVorlage="2013-09-11 00:00:00.0" ObKeinKontakt="1" ObjArtID="1" Merkmal="0.0"/>
  <Objekte ObjID="1348" ObjAufnahme="1997-04-29" ObjLetztKontakt="1997-04-29" ObjStrasseID="7406" ObjHausnummer="Lister Meile 38" ObjVorlage="2013-09-11 00:00:00.0" ObKeinKontakt="1" ObjArtID="1" Merkmal="0.0" ObjInfo="E.Heinrich berenbostel mieter : Achilles Barbara&#09;Lister Meile 38&#09;30161 Hannover&#09;0511-3481138&#xD;&#xA;Badur Martina Kosmetikerin&#09;Lister Meile 38&#09;30161 Hannover&#09;0511-3480224&#xD;&#xA;BEST Marketing Services GmbH&#09;Lister Meile 38&#09;30161 Hannover&#09;ISDN 0511-34883-0&#xD;&#xA;Heinrich E.&#xD;&#xA;1349"/>
  <Objekte ObjID="1350" ObjAufnahme="1997-04-29" ObjLetztKontakt="1997-04-29" ObjStrasseID="7406" ObjHausnummer="Lister Meile 34" ObjVorlage="2013-09-11 00:00:00.0" ObKeinKontakt="1" ObjArtID="37" Merkmal="0.0" ObjInfo="wird wahrscheinlich von Herrn Scheffer 8436565 gekauft"/>
  <Objekte ObjID="1351" ObjAufnahme="1997-04-29" ObjLetztKontakt="1997-04-29" ObjStrasseID="7406" ObjHausnummer="Lister Meile 32" ObjVorlage="2013-09-11 00:00:00.0" ObKeinKontakt="1" ObjArtID="1" Merkmal="0.9999999999999999"/>
  <Objekte ObjID="1352" ObjAufnahme="1997-04-29" ObjLetztKontakt="1997-04-29" ObjStrasseID="7406" ObjHausnummer="Lister Meile 30" ObjVorlage="2013-09-11 00:00:00.0" ObKeinKontakt="1" ObjArtID="1" Merkmal="0.0" ObjInfo="Geschw. Witte Mieter : Cut a. Curl, Ihr Friseur Team&#09;Lister Meile 30&#09;30161 Hannover&#09;0511-316030&#xD;&#xA;F„ths Gusti&#09;Lister Meile 30&#09;30161 Hannover&#09;0511-3480784&#xD;&#xA;Gloning Erna&#09;Lister Meile 30&#09;30161 Hannover&#09;0511-319725&#xD;&#xA;Goeritz Margot&#09;Lister Meile 30&#09;30161 Hannover&#xD;&#xA;1353"/>
  <Objekte ObjID="1356" ObjAufnahme="1997-04-29" ObjLetztKontakt="1997-04-29" ObjStrasseID="7406" ObjHausnummer="Lister Meile 29" ObjVorlage="2013-09-11 00:00:00.0" ObKeinKontakt="1" ObjArtID="1" Merkmal="0.0" ObjInfo="Helm Emil,Schroeder Anny Mieter : Bartsch Gerhard&#09;Lister Meile 29A&#09;30161 Hannover&#09;0511-311346&#xD;&#xA;H + H fashion company&#09;Lister Meile 29A&#09;30161 Hannover&#09;0511-344523&#xD;&#xA;HABITARE Wohn-Design Gesch„ft:&#09;Lister Meile 29A&#09;30161 Hannover&#09;0511-344648&#xD;&#xA;HABITARE Wohn-Desi&#xD;&#xA;1357"/>
  <Objekte ObjID="1360" ObjAufnahme="1997-04-29" ObjLetztKontakt="1997-04-29" ObjStrasseID="7406" ObjHausnummer="Lister Meile 37" ObjVorlage="2013-09-11 00:00:00.0" ObKeinKontakt="1" ObjArtID="5" Merkmal="0.0"/>
  <Objekte ObjID="1361" ObjAufnahme="1997-04-29" ObjLetztKontakt="1997-04-29" ObjStrasseID="7406" ObjHausnummer="Lister Meile 39" ObjVorlage="2013-09-11 00:00:00.0" ObKeinKontakt="1" ObjArtID="5" Merkmal="0.0" ObjInfo="leuenhagen und Paris Herr Eberitzsch Mieter : Greiner Sigurd Atelier f. k?nstliche Augen und Epithesen&#09;Lister Meile 39&#09;30161 Hannover&#09;0511-315374&#xD;&#xA;Kaufrausch&#09;Lister Meile 39&#09;30161 Hannover&#09;0511-3480028&#xD;&#xA;Kurzrock Lothar Dr.med. Arzt f. innere Krankh.&#09;Lister&#xD;&#xA;1362"/>
  <Objekte ObjID="1363" ObjAufnahme="1997-04-29" ObjLetztKontakt="1997-04-29" ObjStrasseID="7406" ObjHausnummer="Lister Meile 43" ObjVorlage="2013-09-11 00:00:00.0" ObKeinKontakt="1" ObjArtID="5" Merkmal="0.0" ObjInfo="Rischmüller"/>
  <Objekte ObjID="1364" ObjAufnahme="1997-04-29" ObjLetztKontakt="1997-04-29" ObjStrasseID="7406" ObjHausnummer="Lister Meile 45" ObjVorlage="2013-09-11 00:00:00.0" ObKeinKontakt="1" ObjArtID="5" Merkmal="0.0" ObjInfo="W.Rüter Mars-la-Tour-Straße 22"/>
  <Objekte ObjID="1365" ObjAufnahme="1997-04-29" ObjLetztKontakt="1997-04-29" ObjStrasseID="7406" ObjHausnummer="Lister Meile 47" ObjVorlage="2013-09-11 00:00:00.0" ObKeinKontakt="1" ObjArtID="5" Merkmal="0.0" ObjInfo="W.u.F.Michel"/>
  <Objekte ObjID="1366" ObjAufnahme="1997-04-29" ObjLetztKontakt="1997-04-29" ObjStrasseID="7406" ObjHausnummer="Lister Meile 49" ObjVorlage="2013-09-11 00:00:00.0" ObKeinKontakt="1" ObjArtID="5" Merkmal="0.0"/>
  <Objekte ObjID="1367" ObjAufnahme="1997-04-29" ObjLetztKontakt="1997-04-29" ObjStrasseID="7406" ObjHausnummer="Lister Meile 51" ObjVorlage="2013-09-11 00:00:00.0" ObKeinKontakt="1" ObjArtID="5" Merkmal="0.0"/>
  <Objekte ObjID="1368" ObjAufnahme="1997-04-29" ObjLetztKontakt="1997-04-29" ObjStrasseID="7406" ObjHausnummer="Lister Meile 53" ObjVorlage="2013-09-11 00:00:00.0" ObKeinKontakt="1" ObjArtID="5" Merkmal="0.0"/>
  <Objekte ObjID="1369" ObjAufnahme="1997-04-29" ObjLetztKontakt="1997-04-29" ObjStrasseID="7406" ObjHausnummer="Lister Meile 55" ObjVorlage="2013-09-11 00:00:00.0" ObKeinKontakt="1" ObjArtID="5" Merkmal="0.0"/>
  <Objekte ObjID="1370" ObjAufnahme="1997-04-29" ObjLetztKontakt="1997-04-29" ObjStrasseID="7406" ObjHausnummer="Lister Meile 57" ObjVorlage="2013-09-11 00:00:00.0" ObKeinKontakt="1" ObjArtID="5" Merkmal="0.0"/>
  <Objekte ObjID="1371" ObjAufnahme="1997-04-29" ObjLetztKontakt="1997-04-29" ObjStrasseID="8110" ObjHausnummer="Schubertstraße 1" ObjVorlage="2013-09-11 00:00:00.0" ObKeinKontakt="1" ObjArtID="1" Merkmal="0.0" ObjInfo="Cajewitz Nachfolge GmbH"/>
  <Objekte ObjID="1374" ObjAufnahme="1997-04-29" ObjLetztKontakt="1997-04-29" ObjStrasseID="6141" ObjHausnummer="Celler Straße 88" ObjVorlage="2013-09-11 00:00:00.0" ObKeinKontakt="1" ObjArtID="1" Merkmal="0.0"/>
  <Objekte ObjID="1376" ObjAufnahme="1997-04-07" ObjLetztKontakt="1999-09-03" ObjStrasseID="8537" ObjHausnummer="Wedekindstraße 1" ObjVorlage="2013-09-11 00:00:00.0" ObKeinKontakt="1" ObjArtID="5" Merkmal="0.0"/>
  <Objekte ObjID="1379" ObjAufnahme="1997-04-07" ObjLetztKontakt="1999-09-03" ObjStrasseID="8537" ObjHausnummer="Wedekindstraße 4" ObjVorlage="2013-09-11 00:00:00.0" ObKeinKontakt="1" ObjArtID="160" Merkmal="0.0" ObjInfo="aufgeteilt"/>
  <Objekte ObjID="1380" ObjAufnahme="1997-04-07" ObjLetztKontakt="1999-09-03" ObjStrasseID="8537" ObjHausnummer="Wedekindstraße 5" ObjVorlage="2013-09-11 00:00:00.0" ObKeinKontakt="1" ObjArtID="5" Merkmal="0.0"/>
  <Objekte ObjID="1381" ObjAufnahme="1997-04-07" ObjLetztKontakt="2001-10-11" ObjStrasseID="8537" ObjHausnummer="Wedekindstraße 6" ObjVorlage="2013-09-11 00:00:00.0" ObKeinKontakt="9" ObjArtID="99" Merkmal="0.0" ObjInfo="375138\2 Blk Nord Ost"/>
  <Objekte ObjID="1382" ObjAufnahme="1997-04-07" ObjLetztKontakt="1997-04-07" ObjStrasseID="8537" ObjHausnummer="Wedekindstraße 7" ObjVorlage="2013-09-11 00:00:00.0" ObKeinKontakt="1" ObjArtID="5" Merkmal="0.0"/>
  <Objekte ObjID="1383" ObjAufnahme="1997-04-07" ObjLetztKontakt="1997-04-07" ObjStrasseID="8537" ObjHausnummer="Wedekindstraße 8" ObjVorlage="2013-09-11 00:00:00.0" ObKeinKontakt="1" ObjArtID="5" Merkmal="0.0"/>
  <Objekte ObjID="1384" ObjAufnahme="1997-04-07" ObjLetztKontakt="1997-04-07" ObjStrasseID="8537" ObjHausnummer="Wedekindstraße 9" ObjVorlage="2013-09-11 00:00:00.0" ObKeinKontakt="1" ObjArtID="5" Merkmal="0.0"/>
  <Objekte ObjID="1385" ObjAufnahme="1997-04-07" ObjLetztKontakt="1997-04-07" ObjStrasseID="8537" ObjHausnummer="Wedekindstraße 10" ObjVorlage="2013-09-11 00:00:00.0" ObKeinKontakt="1" ObjArtID="5" Merkmal="0.0"/>
  <Objekte ObjID="1386" ObjAufnahme="1997-04-07" ObjLetztKontakt="1997-04-07" ObjStrasseID="8537" ObjHausnummer="Wedekindstraße 11" ObjVorlage="2013-09-11 00:00:00.0" ObKeinKontakt="1" ObjArtID="5" Merkmal="0.0"/>
  <Objekte ObjID="1387" ObjAufnahme="1997-04-07" ObjLetztKontakt="1997-04-07" ObjStrasseID="8537" ObjHausnummer="Wedekindstraße 12" ObjVorlage="2013-09-11 00:00:00.0" ObKeinKontakt="1" ObjArtID="5" Merkmal="0.0"/>
  <Objekte ObjID="1388" ObjAufnahme="1997-04-07" ObjLetztKontakt="1997-04-07" ObjStrasseID="8537" ObjHausnummer="Wedekindstraße 13" ObjVorlage="2013-09-11 00:00:00.0" ObKeinKontakt="1" ObjArtID="5" Merkmal="0.0"/>
  <Objekte ObjID="1389" ObjAufnahme="1997-04-07" ObjLetztKontakt="1997-04-07" ObjStrasseID="8537" ObjHausnummer="Wedekindstraße 27" ObjVorlage="2013-09-11 00:00:00.0" ObKeinKontakt="1" ObjArtID="5" Merkmal="0.0"/>
  <Objekte ObjID="1390" ObjAufnahme="1997-04-07" ObjLetztKontakt="1997-04-07" ObjStrasseID="8537" ObjHausnummer="Wedekindstraße 28" ObjVorlage="2013-09-11 00:00:00.0" ObKeinKontakt="9" ObjArtID="57" Merkmal="0.0" ObjInfo="479150\50m² Nebenräume,Garten, Süd-Balkon"/>
  <Objekte ObjID="1391" ObjAufnahme="1997-04-07" ObjLetztKontakt="1997-04-07" ObjStrasseID="8537" ObjHausnummer="Wedekindstraße 29" ObjVorlage="2013-09-11 00:00:00.0" ObKeinKontakt="1" ObjArtID="5" Merkmal="0.0" ObjInfo="Wilhelm Wolters 668106"/>
  <Objekte ObjID="1392" ObjAufnahme="1997-04-07" ObjLetztKontakt="1999-11-16" ObjStrasseID="8537" ObjHausnummer="Wedekindstraße 32" ObjVorlage="2013-09-11 00:00:00.0" ObKeinKontakt="9" ObjArtID="120" Merkmal="0.9999999999999999" ObjInfo="330134\Blk.Nord-West Fahrstuhl"/>
  <Objekte ObjID="1393" ObjAufnahme="1997-04-07" ObjLetztKontakt="1999-09-03" ObjStrasseID="8537" ObjHausnummer="Wedekindstraße 33" ObjVorlage="2013-09-11 00:00:00.0" ObKeinKontakt="1" ObjArtID="5" Merkmal="0.0" ObjInfo="Eva Huperts Hannover"/>
  <Objekte ObjID="1395" ObjAufnahme="1997-04-07" ObjLetztKontakt="1997-04-07" ObjStrasseID="8575" ObjHausnummer="Welfenstraße 1" ObjVorlage="2013-09-11 00:00:00.0" ObKeinKontakt="1" ObjArtID="5" Merkmal="0.0" ObjInfo="Gesellschaft für Bauen und Wohnen Hannover m.b.H. &#xD;(GBH)&#xD;In den Sieben Stücken 7A&#xD;30655 Hannover&#xD;Q 0511-6467-1&#xD;Anrufbeantworter"/>
  <Objekte ObjID="1396" ObjAufnahme="1997-04-07" ObjLetztKontakt="1997-04-07" ObjStrasseID="8575" ObjHausnummer="Welfenstraße 2" ObjVorlage="2013-09-11 00:00:00.0" ObKeinKontakt="1" ObjArtID="5" Merkmal="0.0"/>
  <Objekte ObjID="1397" ObjAufnahme="1997-04-07" ObjLetztKontakt="1997-04-07" ObjStrasseID="8575" ObjHausnummer="Welfenstraße 3" ObjVorlage="2013-09-11 00:00:00.0" ObKeinKontakt="1" ObjArtID="5" Merkmal="0.0" ObjInfo="W.Appel Rostock"/>
  <Objekte ObjID="1399" ObjAufnahme="1997-04-07" ObjLetztKontakt="1997-04-07" ObjStrasseID="8575" ObjHausnummer="Welfenstraße 6" ObjVorlage="2013-09-11 00:00:00.0" ObKeinKontakt="1" ObjArtID="5" Merkmal="0.0" ObjInfo="Erika herzog"/>
  <Objekte ObjID="1400" ObjAufnahme="1997-04-07" ObjLetztKontakt="1997-04-07" ObjStrasseID="8575" ObjHausnummer="Welfenstraße 7" ObjVorlage="2013-09-11 00:00:00.0" ObKeinKontakt="1" ObjArtID="5" Merkmal="0.0" ObjInfo="Frau Ch. Eggers"/>
  <Objekte ObjID="1401" ObjAufnahme="1997-04-07" ObjLetztKontakt="1997-04-07" ObjStrasseID="8575" ObjHausnummer="Welfenstraße 12" ObjVorlage="2013-09-11 00:00:00.0" ObKeinKontakt="1" ObjArtID="197" Merkmal="0.0" ObjInfo="margrita Bols, Brakel 05272-5412"/>
  <Objekte ObjID="1402" ObjAufnahme="1997-04-07" ObjLetztKontakt="1997-04-07" ObjStrasseID="8575" ObjHausnummer="Welfenstraße 13" ObjVorlage="2013-09-11 00:00:00.0" ObKeinKontakt="1" ObjArtID="5" Merkmal="0.0"/>
  <Objekte ObjID="1403" ObjAufnahme="1997-04-07" ObjLetztKontakt="1997-04-07" ObjStrasseID="8575" ObjHausnummer="Welfenstraße 14" ObjVorlage="2013-09-11 00:00:00.0" ObKeinKontakt="1" ObjArtID="5" Merkmal="0.0" ObjInfo="Erbengemeinschaft Sülzen 332861"/>
  <Objekte ObjID="1404" ObjAufnahme="1997-04-07" ObjLetztKontakt="1997-04-07" ObjStrasseID="8575" ObjHausnummer="Welfenstraße 23" ObjVorlage="2013-09-11 00:00:00.0" ObKeinKontakt="1" ObjArtID="5" Merkmal="0.0"/>
  <Objekte ObjID="1405" ObjAufnahme="1997-04-07" ObjLetztKontakt="1997-04-07" ObjStrasseID="8575" ObjHausnummer="Welfenstraße 17" ObjVorlage="2013-09-11 00:00:00.0" ObKeinKontakt="1" ObjArtID="5" Merkmal="0.0" ObjInfo="Karin hoffmann 05531-61728"/>
  <Objekte ObjID="1406" ObjAufnahme="1997-04-07" ObjLetztKontakt="1997-04-07" ObjStrasseID="8575" ObjHausnummer="Welfenstraße 18" ObjVorlage="2013-09-11 00:00:00.0" ObKeinKontakt="1" ObjArtID="5" Merkmal="0.0"/>
  <Objekte ObjID="1407" ObjAufnahme="1997-04-07" ObjLetztKontakt="1997-04-07" ObjStrasseID="6023" ObjHausnummer="Bonifatiusplatz 1" ObjVorlage="2013-09-11 00:00:00.0" ObKeinKontakt="1" ObjArtID="5" Merkmal="0.0" ObjInfo="ZVK Teichstraße 11-13 168-4311"/>
  <Objekte ObjID="1408" ObjAufnahme="1997-04-07" ObjLetztKontakt="1997-04-07" ObjStrasseID="7210" ObjHausnummer="Kollenrodtstraße 14" ObjVorlage="2013-09-11 00:00:00.0" ObKeinKontakt="1" ObjArtID="5" Merkmal="0.0" ObjInfo="hennemann Seelhorststraße 20 30175 Hannover 814801 Verwalter Tochter Hannelore Hanebuth An der Lutherkirche 19"/>
  <Objekte ObjID="1409" ObjAufnahme="1997-04-07" ObjLetztKontakt="1997-04-07" ObjStrasseID="7210" ObjHausnummer="Kollenrodtstraße 13" ObjVorlage="2013-09-11 00:00:00.0" ObKeinKontakt="1" ObjArtID="5" Merkmal="0.0" ObjInfo="Bernd Leinig 667841 u. 320206"/>
  <Objekte ObjID="1410" ObjAufnahme="1997-04-07" ObjLetztKontakt="1997-04-07" ObjStrasseID="7210" ObjHausnummer="Kollenrodtstraße 12" ObjVorlage="2013-09-11 00:00:00.0" ObKeinKontakt="1" ObjArtID="5" Merkmal="0.0" ObjInfo="Malermeister Eichenberg Hedwigsweg 33 524313   Bötticher 662191"/>
  <Objekte ObjID="1411" ObjAufnahme="1997-04-07" ObjLetztKontakt="1997-04-07" ObjStrasseID="7210" ObjHausnummer="Kollenrodtstraße 11" ObjVorlage="2013-09-11 00:00:00.0" ObKeinKontakt="1" ObjArtID="5" Merkmal="0.0" ObjInfo="Böttchers Erben, Amelunghof 5 A, Hannover"/>
  <Objekte ObjID="1412" ObjAufnahme="1997-04-07" ObjLetztKontakt="1997-04-07" ObjStrasseID="7210" ObjHausnummer="Kollenrodtstraße 10" ObjVorlage="2013-09-11 00:00:00.0" ObKeinKontakt="1" ObjArtID="177" Merkmal="0.0" ObjInfo="Verwalter Rühmkorb 621370; 1979 : Bade"/>
  <Objekte ObjID="1413" ObjAufnahme="1997-04-07" ObjLetztKontakt="1997-04-07" ObjStrasseID="7210" ObjHausnummer="Kollenrodtstraße 8" ObjVorlage="2013-09-11 00:00:00.0" ObKeinKontakt="1" ObjArtID="5" Merkmal="0.0" ObjInfo="Walter Hohmann"/>
  <Objekte ObjID="1414" ObjAufnahme="1997-04-07" ObjLetztKontakt="2001-08-09" ObjStrasseID="7209" ObjHausnummer="Kollenrodtstraße 7" ObjVorlage="2013-09-11 00:00:00.0" ObKeinKontakt="2" ObjArtID="140" Merkmal="0.0" ObjInfo="345122\Blk."/>
  <Objekte ObjID="1415" ObjAufnahme="1997-04-07" ObjLetztKontakt="1997-04-07" ObjStrasseID="7209" ObjHausnummer="Kollenrodtstraße 6" ObjVorlage="2013-09-11 00:00:00.0" ObKeinKontakt="1" ObjArtID="5" Merkmal="0.0" ObjInfo="Harms Erben"/>
  <Objekte ObjID="1416" ObjAufnahme="1997-04-07" ObjLetztKontakt="1997-04-07" ObjStrasseID="7209" ObjHausnummer="Kollenrodtstraße 5" ObjVorlage="2013-09-11 00:00:00.0" ObKeinKontakt="1" ObjArtID="5" Merkmal="0.0" ObjInfo="Ingrid Bangemann, Mars-la-Tour Straße 18 30175 Hannover 813434"/>
  <Objekte ObjID="1417" ObjAufnahme="1997-04-07" ObjLetztKontakt="1997-04-07" ObjStrasseID="7209" ObjHausnummer="Kollenrodtstraße 4" ObjVorlage="2013-09-11 00:00:00.0" ObKeinKontakt="1" ObjArtID="5" Merkmal="0.0" ObjInfo="Ingrid Bangemann, Mars-la-Tour Straße 18 30175 Hannover 813434"/>
  <Objekte ObjID="1418" ObjAufnahme="1997-04-07" ObjLetztKontakt="1997-04-07" ObjStrasseID="7209" ObjHausnummer="Kollenrodtstraße 69" ObjVorlage="2013-09-11 00:00:00.0" ObKeinKontakt="1" ObjArtID="5" Merkmal="0.0" ObjInfo="W. Richsgers, Hannoversche Str. 123, Garbsen"/>
  <Objekte ObjID="1419" ObjAufnahme="1997-04-07" ObjLetztKontakt="1997-04-07" ObjStrasseID="7209" ObjHausnummer="Kollenrodtstraße 68" ObjVorlage="2013-09-11 00:00:00.0" ObKeinKontakt="1" ObjArtID="5" Merkmal="0.0" ObjInfo="Frau Wiehmeyer"/>
  <Objekte ObjID="1420" ObjAufnahme="1997-04-07" ObjLetztKontakt="1997-04-07" ObjStrasseID="7210" ObjHausnummer="Kollenrodtstraße 30" ObjVorlage="2013-09-11 00:00:00.0" ObKeinKontakt="1" ObjArtID="5" Merkmal="0.0" ObjInfo="Frau Richsgers , Frau pape (Tochter) Kampweg 4 30823 garbsen 05137-76296; fraglich ob dieses Objekt existiert"/>
  <Objekte ObjID="1421" ObjAufnahme="1997-04-07" ObjLetztKontakt="1997-04-07" ObjStrasseID="7209" ObjHausnummer="Kollenrodtstraße 66" ObjVorlage="2013-09-11 00:00:00.0" ObKeinKontakt="1" ObjArtID="5" Merkmal="0.0" ObjInfo="Krone 391139"/>
  <Objekte ObjID="1422" ObjAufnahme="1997-04-07" ObjLetztKontakt="1997-04-07" ObjStrasseID="7209" ObjHausnummer="Kollenrodtstraße 65" ObjVorlage="2013-09-11 00:00:00.0" ObKeinKontakt="1" ObjArtID="5" Merkmal="0.0" ObjInfo="Herr Sundmacher Am Stadtpark 8 31275 Lehrte 05132-53044"/>
  <Objekte ObjID="1423" ObjAufnahme="1997-04-07" ObjLetztKontakt="1997-04-07" ObjStrasseID="7209" ObjHausnummer="Kollenrodtstraße 64" ObjVorlage="2013-09-11 00:00:00.0" ObKeinKontakt="1" ObjArtID="177" Merkmal="0.0"/>
  <Objekte ObjID="1424" ObjAufnahme="1997-04-07" ObjLetztKontakt="1997-04-07" ObjStrasseID="7209" ObjHausnummer="Kollenrodtstraße 63" ObjVorlage="2013-09-11 00:00:00.0" ObKeinKontakt="1" ObjArtID="5" Merkmal="0.0" ObjInfo="Herr bethge 661485"/>
  <Objekte ObjID="1425" ObjAufnahme="1997-04-07" ObjLetztKontakt="1997-04-07" ObjStrasseID="7209" ObjHausnummer="Kollenrodtstraße 62" ObjVorlage="2013-09-11 00:00:00.0" ObKeinKontakt="1" ObjArtID="177" Merkmal="0.0"/>
  <Objekte ObjID="1426" ObjAufnahme="1997-04-07" ObjLetztKontakt="1997-04-07" ObjStrasseID="7209" ObjHausnummer="Kollenrodtstraße 61" ObjVorlage="2013-09-11 00:00:00.0" ObKeinKontakt="1" ObjArtID="5" Merkmal="0.0" ObjInfo="Alred temme früher besitzer ist tot Haus gehört nicht mehr der familie"/>
  <Objekte ObjID="1427" ObjAufnahme="1997-04-07" ObjLetztKontakt="1997-04-07" ObjStrasseID="7210" ObjHausnummer="Kollenrodtstraße 60" ObjVorlage="2013-09-11 00:00:00.0" ObKeinKontakt="1" ObjArtID="5" Merkmal="0.0" ObjInfo="Herr Rickowski Verwalter frau Kühne Marita Mückenwinkel 28 Arnum 05101-5006"/>
  <Objekte ObjID="1428" ObjAufnahme="1997-04-07" ObjLetztKontakt="1997-04-07" ObjStrasseID="7210" ObjHausnummer="Kollenrodtstraße 59" ObjVorlage="2013-09-11 00:00:00.0" ObKeinKontakt="1" ObjArtID="5" Merkmal="0.0" ObjInfo="Herr Egerer Podbielskistr 24 661336 30163 Hannover, Tochter in Hamburg , er ist sehr alt Info von Frau Hickl"/>
  <Objekte ObjID="1429" ObjAufnahme="1997-04-07" ObjLetztKontakt="1997-04-07" ObjStrasseID="7210" ObjHausnummer="Kollenrodtstraße 58" ObjVorlage="2013-09-11 00:00:00.0" ObKeinKontakt="1" ObjArtID="5" Merkmal="0.0" ObjInfo="Lieselotte Hickl 661490"/>
  <Objekte ObjID="1430" ObjAufnahme="1997-04-07" ObjLetztKontakt="1997-04-07" ObjStrasseID="7210" ObjHausnummer="Kollenrodtstraße 57" ObjVorlage="2013-09-11 00:00:00.0" ObKeinKontakt="1" ObjArtID="5" Merkmal="0.0" ObjInfo="Frau Blütling Seckbruchstr. 61 30629 Hannover 582916"/>
  <Objekte ObjID="1431" ObjAufnahme="1997-04-07" ObjLetztKontakt="2001-10-25" ObjStrasseID="7210" ObjHausnummer="Kollenrodtstraße 56" ObjVorlage="2013-09-11 00:00:00.0" ObKeinKontakt="2" ObjArtID="100" Merkmal="0.0" ObjInfo="630170\Blk. N-W"/>
  <Objekte ObjID="1432" ObjAufnahme="1997-04-07" ObjLetztKontakt="1997-04-07" ObjStrasseID="7210" ObjHausnummer="Kollenrodtstraße 55" ObjVorlage="2013-09-11 00:00:00.0" ObKeinKontakt="1" ObjArtID="5" Merkmal="0.0" ObjInfo="Frau Schulte 625177"/>
  <Objekte ObjID="1433" ObjAufnahme="1997-04-07" ObjLetztKontakt="1997-04-07" ObjStrasseID="6404" ObjHausnummer="Ferdinand-Wallbrecht-Straße 23" ObjVorlage="1998-01-01 00:00:00.0" ObKeinKontakt="2" ObjArtID="5" Merkmal="0.0"/>
  <Objekte ObjID="1434" ObjAufnahme="1997-04-07" ObjLetztKontakt="1997-04-07" ObjStrasseID="6404" ObjHausnummer="Ferdinand-Wallbrecht-Straße 25" ObjVorlage="2013-09-11 00:00:00.0" ObKeinKontakt="1" ObjArtID="170" Merkmal="0.0" ObjInfo="Katrin Buch 0228284635"/>
  <Objekte ObjID="1435" ObjAufnahme="1997-04-07" ObjLetztKontakt="1997-04-07" ObjStrasseID="6404" ObjHausnummer="Ferdinand-Wallbrecht-Straße 27" ObjVorlage="2013-09-11 00:00:00.0" ObKeinKontakt="1" ObjArtID="186" Merkmal="0.0"/>
  <Objekte ObjID="1436" ObjAufnahme="1997-04-07" ObjLetztKontakt="1997-04-07" ObjStrasseID="6404" ObjHausnummer="Ferdinand-Wallbrecht-Straße 29" ObjVorlage="1998-07-01 00:00:00.0" ObKeinKontakt="2" ObjArtID="5" Merkmal="0.0"/>
  <Objekte ObjID="1437" ObjAufnahme="1997-04-07" ObjLetztKontakt="1997-04-07" ObjStrasseID="6404" ObjHausnummer="Ferdinand-Wallbrecht-Straße 33" ObjVorlage="2013-09-11 00:00:00.0" ObKeinKontakt="1" ObjArtID="5" Merkmal="0.0" ObjInfo="Behrens, Heinrich&#xD;Prof. Dr.&#xD;Dammstr. 20&#xD;30938 Burgwedel&#xD;05139-2430 frau Wedemeier Verwaltung Leisewitzstraße 20 30175 Hannover 856360"/>
  <Objekte ObjID="1438" ObjAufnahme="1997-04-07" ObjLetztKontakt="1997-04-07" ObjStrasseID="6404" ObjHausnummer="Ferdinand-Wallbrecht-Straße 35" ObjVorlage="1998-01-01 00:00:00.0" ObKeinKontakt="2" ObjArtID="5" Merkmal="0.0"/>
  <Objekte ObjID="1439" ObjAufnahme="1997-04-07" ObjLetztKontakt="1997-04-07" ObjStrasseID="6404" ObjHausnummer="Ferdinand-Wallbrecht-Straße 40" ObjVorlage="1998-01-01 00:00:00.0" ObKeinKontakt="2" ObjArtID="5" Merkmal="0.0"/>
  <Objekte ObjID="1440" ObjAufnahme="1997-04-07" ObjLetztKontakt="1997-04-07" ObjStrasseID="6404" ObjHausnummer="Ferdinand-Wallbrecht-Straße 38" ObjVorlage="2013-09-11 00:00:00.0" ObKeinKontakt="1" ObjArtID="61" Merkmal="0.0" ObjInfo="Verwalter oder Eigentümer Richter-Ahlten 772007 früher W. Staude Lange-Feld-Str. 47"/>
  <Objekte ObjID="1441" ObjAufnahme="1997-04-07" ObjLetztKontakt="1997-04-07" ObjStrasseID="6404" ObjHausnummer="Ferdinand-Wallbrecht-Straße 36" ObjVorlage="2013-09-11 00:00:00.0" ObKeinKontakt="1" ObjArtID="5" Merkmal="0.0" ObjInfo="früher Dr. E.Wolf Auf dem Emmerberge"/>
  <Objekte ObjID="1442" ObjAufnahme="1997-04-07" ObjLetztKontakt="1997-04-07" ObjStrasseID="6404" ObjHausnummer="Ferdinand-Wallbrecht-Straße 34" ObjVorlage="2013-09-11 00:00:00.0" ObKeinKontakt="1" ObjArtID="5" Merkmal="0.0" ObjInfo="früher Forster frankfurt Hausverwaltung Dierks oder Dierkes"/>
  <Objekte ObjID="1443" ObjAufnahme="1997-04-07" ObjLetztKontakt="1997-04-07" ObjStrasseID="6404" ObjHausnummer="Ferdinand-Wallbrecht-Straße 32" ObjVorlage="2013-09-11 00:00:00.0" ObKeinKontakt="1" ObjArtID="5" Merkmal="0.0" ObjInfo="früher Holzapfel Königstraße 13 oder ein Herr Herbst 663144 Verwalter Kurth Vollmer Jokerweg 11 33729 Bielefeld 0521 9774971 01725205936"/>
  <Objekte ObjID="1444" ObjAufnahme="1997-04-07" ObjLetztKontakt="1997-04-07" ObjStrasseID="6404" ObjHausnummer="Ferdinand-Wallbrecht-Straße 30" ObjVorlage="1998-01-01 00:00:00.0" ObKeinKontakt="2" ObjArtID="5" Merkmal="0.0"/>
  <Objekte ObjID="1445" ObjAufnahme="1997-04-07" ObjLetztKontakt="1997-04-07" ObjStrasseID="6404" ObjHausnummer="Ferdinand-Wallbrecht-Straße 28" ObjVorlage="2013-09-11 00:00:00.0" ObKeinKontakt="1" ObjArtID="5" Merkmal="0.0" ObjInfo="Verein zur Föderung seelisch behinderter Chef Hage-Strobel 663060"/>
  <Objekte ObjID="1446" ObjAufnahme="1997-04-07" ObjLetztKontakt="1997-04-07" ObjStrasseID="6404" ObjHausnummer="Ferdinand-Wallbrecht-Straße 26" ObjVorlage="2013-09-11 00:00:00.0" ObKeinKontakt="5" ObjArtID="99" Merkmal="0.0"/>
  <Objekte ObjID="1447" ObjAufnahme="1997-04-07" ObjLetztKontakt="2001-10-17" ObjStrasseID="6404" ObjHausnummer="Ferdinand-Wallbrecht-Straße 24" ObjVorlage="2013-09-11 00:00:00.0" ObKeinKontakt="2" ObjArtID="142" Merkmal="0.0" ObjInfo="560220\Terr."/>
  <Objekte ObjID="1448" ObjAufnahme="1997-04-07" ObjLetztKontakt="1997-04-07" ObjStrasseID="6404" ObjHausnummer="Ferdinand-Wallbrecht-Straße 22" ObjVorlage="2013-09-11 00:00:00.0" ObKeinKontakt="1" ObjArtID="5" Merkmal="0.0" ObjInfo="A.Fortner Altwarmbüchen, An der Riehe 14"/>
  <Objekte ObjID="1449" ObjAufnahme="1997-04-07" ObjLetztKontakt="1997-04-07" ObjStrasseID="6404" ObjHausnummer="Ferdinand-Wallbrecht-Straße 20" ObjVorlage="2013-09-11 00:00:00.0" ObKeinKontakt="1" ObjArtID="5" Merkmal="0.0" ObjInfo="eventuell ETWs früher H.R. Wasse Kapellenstraße 36/38 Langenhagen"/>
  <Objekte ObjID="1450" ObjAufnahme="1997-04-07" ObjLetztKontakt="1997-04-07" ObjStrasseID="6404" ObjHausnummer="Ferdinand-Wallbrecht-Straße 18" ObjVorlage="2013-09-11 00:00:00.0" ObKeinKontakt="1" ObjArtID="177" Merkmal="0.0"/>
  <Objekte ObjID="1451" ObjAufnahme="1997-04-07" ObjLetztKontakt="1997-04-07" ObjStrasseID="6404" ObjHausnummer="Ferdinand-Wallbrecht-Straße 16" ObjVorlage="2013-09-11 00:00:00.0" ObKeinKontakt="1" ObjArtID="5" Merkmal="0.0" ObjInfo="früher B. Streekwald Alleestr. 11,vielleicht Elke Reuemann"/>
  <Objekte ObjID="1452" ObjAufnahme="1997-04-07" ObjLetztKontakt="1997-04-07" ObjStrasseID="6404" ObjHausnummer="Ferdinand-Wallbrecht-Straße 14" ObjVorlage="2013-09-11 00:00:00.0" ObKeinKontakt="1" ObjArtID="5" Merkmal="0.0" ObjInfo="von Oertzen, Nettelbeckstraße 21"/>
  <Objekte ObjID="1453" ObjAufnahme="1997-04-07" ObjLetztKontakt="2001-06-11" ObjStrasseID="6404" ObjHausnummer="Ferdinand-Wallbrecht-Straße 12" ObjVorlage="2013-09-11 00:00:00.0" ObKeinKontakt="9" ObjArtID="126" Merkmal="0.0" ObjInfo="30098\"/>
  <Objekte ObjID="1454" ObjAufnahme="1997-04-07" ObjLetztKontakt="1997-04-07" ObjStrasseID="6404" ObjHausnummer="Ferdinand-Wallbrecht-Straße 10" ObjVorlage="2013-09-11 00:00:00.0" ObKeinKontakt="1" ObjArtID="177" Merkmal="0.0"/>
  <Objekte ObjID="1455" ObjAufnahme="1997-04-07" ObjLetztKontakt="1997-04-07" ObjStrasseID="6404" ObjHausnummer="Ferdinand-Wallbrecht-Straße 6bis 8" ObjVorlage="2013-09-11 00:00:00.0" ObKeinKontakt="1" ObjArtID="177" Merkmal="0.0"/>
  <Objekte ObjID="1456" ObjAufnahme="1997-04-07" ObjLetztKontakt="1997-04-07" ObjStrasseID="6404" ObjHausnummer="Ferdinand-Wallbrecht-Straße 4" ObjVorlage="2013-09-11 00:00:00.0" ObKeinKontakt="1" ObjArtID="5" Merkmal="0.0"/>
  <Objekte ObjID="1457" ObjAufnahme="1997-04-07" ObjLetztKontakt="1997-04-07" ObjStrasseID="6404" ObjHausnummer="Ferdinand-Wallbrecht-Straße 2" ObjVorlage="1998-01-01 00:00:00.0" ObKeinKontakt="2" ObjArtID="5" Merkmal="0.0"/>
  <Objekte ObjID="1458" ObjAufnahme="1997-04-07" ObjLetztKontakt="1999-12-09" ObjStrasseID="7561" ObjHausnummer="Moltkeplatz 1" ObjVorlage="2013-09-11 00:00:00.0" ObKeinKontakt="1" ObjArtID="5" Merkmal="0.0"/>
  <Objekte ObjID="1459" ObjAufnahme="1997-04-07" ObjLetztKontakt="1997-04-07" ObjStrasseID="7561" ObjHausnummer="Moltkeplatz 2" ObjVorlage="2013-09-11 00:00:00.0" ObKeinKontakt="1" ObjArtID="5" Merkmal="0.0"/>
  <Objekte ObjID="1460" ObjAufnahme="1997-04-07" ObjLetztKontakt="1997-04-07" ObjStrasseID="7561" ObjHausnummer="Moltkeplatz 3" ObjVorlage="2013-09-11 00:00:00.0" ObKeinKontakt="1" ObjArtID="5" Merkmal="0.0"/>
  <Objekte ObjID="1461" ObjAufnahme="1997-04-07" ObjLetztKontakt="1997-04-07" ObjStrasseID="7561" ObjHausnummer="Moltkeplatz 4" ObjVorlage="2013-09-11 00:00:00.0" ObKeinKontakt="1" ObjArtID="5" Merkmal="0.0" ObjInfo="Erbengemeinschaft Dr. Crusius Rohnsweg 6d 37085 Göttingen 055156352"/>
  <Objekte ObjID="1462" ObjAufnahme="1997-04-07" ObjLetztKontakt="1997-04-07" ObjStrasseID="7561" ObjHausnummer="Moltkeplatz 5" ObjVorlage="2013-09-11 00:00:00.0" ObKeinKontakt="1" ObjArtID="5" Merkmal="0.0"/>
  <Objekte ObjID="1463" ObjAufnahme="1997-04-07" ObjLetztKontakt="2002-07-19" ObjStrasseID="7561" ObjHausnummer="Moltkeplatz 7" ObjVorlage="2013-09-11 00:00:00.0" ObKeinKontakt="5" ObjArtID="168" Merkmal="0.0"/>
  <Objekte ObjID="1464" ObjAufnahme="1997-04-07" ObjLetztKontakt="2001-07-03" ObjStrasseID="7561" ObjHausnummer="Moltkeplatz 8" ObjVorlage="2013-09-11 00:00:00.0" ObKeinKontakt="2" ObjArtID="140" Merkmal="0.0" ObjInfo="398140\Blk + Terr Nord"/>
  <Objekte ObjID="1465" ObjAufnahme="1997-04-07" ObjLetztKontakt="1997-04-07" ObjStrasseID="7561" ObjHausnummer="Moltkeplatz 9" ObjVorlage="2013-09-11 00:00:00.0" ObKeinKontakt="1" ObjArtID="5" Merkmal="0.0"/>
  <Objekte ObjID="1466" ObjAufnahme="1997-04-07" ObjLetztKontakt="1997-04-07" ObjStrasseID="7561" ObjHausnummer="Moltkeplatz 10" ObjVorlage="2013-09-11 00:00:00.0" ObKeinKontakt="1" ObjArtID="5" Merkmal="0.0"/>
  <Objekte ObjID="1467" ObjAufnahme="1997-04-07" ObjLetztKontakt="1997-04-07" ObjStrasseID="6272" ObjHausnummer="Drostestraße 1" ObjVorlage="2013-09-11 00:00:00.0" ObKeinKontakt="1" ObjArtID="5" Merkmal="0.0" ObjInfo="F.-W.-Scheffler Amelser Straße 19 37586 Dassel 05562-6001"/>
  <Objekte ObjID="1468" ObjAufnahme="1997-04-07" ObjLetztKontakt="1997-04-07" ObjStrasseID="6141" ObjHausnummer="Celler Straße 23" ObjVorlage="2013-09-11 00:00:00.0" ObKeinKontakt="1" ObjArtID="5" Merkmal="0.0"/>
  <Objekte ObjID="1469" ObjAufnahme="1997-04-07" ObjLetztKontakt="1997-04-07" ObjStrasseID="6141" ObjHausnummer="Celler Straße 25" ObjVorlage="2013-09-11 00:00:00.0" ObKeinKontakt="1" ObjArtID="5" Merkmal="0.0"/>
  <Objekte ObjID="1470" ObjAufnahme="1997-04-07" ObjLetztKontakt="1997-04-07" ObjStrasseID="6141" ObjHausnummer="Celler Straße 29" ObjVorlage="2013-09-11 00:00:00.0" ObKeinKontakt="1" ObjArtID="5" Merkmal="0.0"/>
  <Objekte ObjID="1471" ObjAufnahme="1997-04-07" ObjLetztKontakt="1997-04-07" ObjStrasseID="6141" ObjHausnummer="Celler Straße 31" ObjVorlage="2013-09-11 00:00:00.0" ObKeinKontakt="1" ObjArtID="5" Merkmal="0.0"/>
  <Objekte ObjID="1472" ObjAufnahme="1997-04-07" ObjLetztKontakt="1997-04-07" ObjStrasseID="6141" ObjHausnummer="Celler Straße 33" ObjVorlage="2013-09-11 00:00:00.0" ObKeinKontakt="1" ObjArtID="5" Merkmal="0.0"/>
  <Objekte ObjID="1473" ObjAufnahme="1997-04-07" ObjLetztKontakt="1997-04-07" ObjStrasseID="6141" ObjHausnummer="Celler Straße 38" ObjVorlage="2013-09-11 00:00:00.0" ObKeinKontakt="1" ObjArtID="5" Merkmal="0.0"/>
  <Objekte ObjID="1474" ObjAufnahme="1997-04-07" ObjLetztKontakt="1997-04-07" ObjStrasseID="6141" ObjHausnummer="Celler Straße 36" ObjVorlage="2013-09-11 00:00:00.0" ObKeinKontakt="1" ObjArtID="5" Merkmal="0.0"/>
  <Objekte ObjID="1475" ObjAufnahme="1997-04-07" ObjLetztKontakt="1997-04-07" ObjStrasseID="6141" ObjHausnummer="Celler Straße 34" ObjVorlage="2013-09-11 00:00:00.0" ObKeinKontakt="1" ObjArtID="5" Merkmal="0.0"/>
  <Objekte ObjID="1477" ObjAufnahme="1997-04-07" ObjLetztKontakt="1997-04-07" ObjStrasseID="6141" ObjHausnummer="Celler Straße 30" ObjVorlage="2013-09-11 00:00:00.0" ObKeinKontakt="1" ObjArtID="5" Merkmal="0.0"/>
  <Objekte ObjID="1478" ObjAufnahme="1997-04-07" ObjLetztKontakt="1999-07-08" ObjStrasseID="6141" ObjHausnummer="Celler Straße 40" ObjVorlage="2013-09-11 00:00:00.0" ObKeinKontakt="5" ObjArtID="96" Merkmal="0.0" ObjInfo="16977820 Blk."/>
  <Objekte ObjID="1479" ObjAufnahme="1997-04-07" ObjLetztKontakt="1997-04-07" ObjStrasseID="6141" ObjHausnummer="Celler Straße 42" ObjVorlage="2013-09-11 00:00:00.0" ObKeinKontakt="1" ObjArtID="5" Merkmal="0.0"/>
  <Objekte ObjID="1480" ObjAufnahme="1997-04-07" ObjLetztKontakt="1997-04-07" ObjStrasseID="6141" ObjHausnummer="Celler Straße 44" ObjVorlage="2013-09-11 00:00:00.0" ObKeinKontakt="1" ObjArtID="5" Merkmal="0.0"/>
  <Objekte ObjID="1481" ObjAufnahme="1997-04-07" ObjLetztKontakt="1997-04-07" ObjStrasseID="6141" ObjHausnummer="Celler Straße 46" ObjVorlage="2013-09-11 00:00:00.0" ObKeinKontakt="1" ObjArtID="5" Merkmal="0.0"/>
  <Objekte ObjID="1482" ObjAufnahme="1997-04-07" ObjLetztKontakt="1997-04-07" ObjStrasseID="6141" ObjHausnummer="Celler Straße 48" ObjVorlage="2013-09-11 00:00:00.0" ObKeinKontakt="1" ObjArtID="5" Merkmal="0.0"/>
  <Objekte ObjID="1483" ObjAufnahme="1997-04-07" ObjLetztKontakt="1997-04-07" ObjStrasseID="6141" ObjHausnummer="Celler Straße 50" ObjVorlage="2013-09-11 00:00:00.0" ObKeinKontakt="1" ObjArtID="5" Merkmal="0.0"/>
  <Objekte ObjID="1484" ObjAufnahme="1997-04-07" ObjLetztKontakt="1997-04-07" ObjStrasseID="6141" ObjHausnummer="Celler Straße 52" ObjVorlage="2013-09-11 00:00:00.0" ObKeinKontakt="1" ObjArtID="5" Merkmal="0.0"/>
  <Objekte ObjID="1485" ObjAufnahme="1997-04-07" ObjLetztKontakt="1997-04-07" ObjStrasseID="6141" ObjHausnummer="Celler Straße 54" ObjVorlage="2013-09-11 00:00:00.0" ObKeinKontakt="1" ObjArtID="5" Merkmal="0.0"/>
  <Objekte ObjID="1486" ObjAufnahme="1997-04-07" ObjLetztKontakt="1997-04-07" ObjStrasseID="6141" ObjHausnummer="Celler Straße 56" ObjVorlage="2013-09-11 00:00:00.0" ObKeinKontakt="1" ObjArtID="5" Merkmal="0.0"/>
  <Objekte ObjID="1487" ObjAufnahme="1997-04-07" ObjLetztKontakt="1997-04-07" ObjStrasseID="6141" ObjHausnummer="Celler Straße 58" ObjVorlage="2013-09-11 00:00:00.0" ObKeinKontakt="1" ObjArtID="5" Merkmal="0.0"/>
  <Objekte ObjID="1488" ObjAufnahme="1997-04-07" ObjLetztKontakt="1997-04-07" ObjStrasseID="6141" ObjHausnummer="Celler Straße 60" ObjVorlage="2013-09-11 00:00:00.0" ObKeinKontakt="1" ObjArtID="5" Merkmal="0.0"/>
  <Objekte ObjID="1489" ObjAufnahme="1997-04-07" ObjLetztKontakt="1997-04-07" ObjStrasseID="6141" ObjHausnummer="Celler Straße 62" ObjVorlage="2013-09-11 00:00:00.0" ObKeinKontakt="1" ObjArtID="5" Merkmal="0.0"/>
  <Objekte ObjID="1490" ObjAufnahme="1997-04-07" ObjLetztKontakt="1997-04-07" ObjStrasseID="6141" ObjHausnummer="Celler Straße 64" ObjVorlage="2013-09-11 00:00:00.0" ObKeinKontakt="1" ObjArtID="5" Merkmal="0.0"/>
  <Objekte ObjID="1491" ObjAufnahme="1997-04-07" ObjLetztKontakt="1997-04-07" ObjStrasseID="6141" ObjHausnummer="Celler Straße 66" ObjVorlage="2013-09-11 00:00:00.0" ObKeinKontakt="1" ObjArtID="5" Merkmal="0.0"/>
  <Objekte ObjID="1492" ObjAufnahme="1997-04-07" ObjLetztKontakt="1997-04-07" ObjStrasseID="6141" ObjHausnummer="Celler Straße 68" ObjVorlage="2013-09-11 00:00:00.0" ObKeinKontakt="1" ObjArtID="5" Merkmal="0.0"/>
  <Objekte ObjID="1493" ObjAufnahme="1997-04-07" ObjLetztKontakt="1997-04-07" ObjStrasseID="6141" ObjHausnummer="Celler Straße 70" ObjVorlage="2013-09-11 00:00:00.0" ObKeinKontakt="1" ObjArtID="5" Merkmal="0.0"/>
  <Objekte ObjID="1494" ObjAufnahme="1997-04-07" ObjLetztKontakt="2001-06-11" ObjStrasseID="6141" ObjHausnummer="Celler Straße 74" ObjVorlage="2013-09-11 00:00:00.0" ObKeinKontakt="9" ObjArtID="61" Merkmal="0.0" ObjInfo="24066\Blk. S-W"/>
  <Objekte ObjID="1495" ObjAufnahme="1997-04-07" ObjLetztKontakt="1997-04-07" ObjStrasseID="6141" ObjHausnummer="Celler Straße 76" ObjVorlage="2013-09-11 00:00:00.0" ObKeinKontakt="1" ObjArtID="5" Merkmal="0.0"/>
  <Objekte ObjID="1496" ObjAufnahme="1997-04-07" ObjLetztKontakt="1997-04-07" ObjStrasseID="6141" ObjHausnummer="Celler Straße 80" ObjVorlage="2013-09-11 00:00:00.0" ObKeinKontakt="1" ObjArtID="5" Merkmal="0.0"/>
  <Objekte ObjID="1497" ObjAufnahme="1997-04-07" ObjLetztKontakt="1997-04-07" ObjStrasseID="6141" ObjHausnummer="Celler Straße 82" ObjVorlage="2013-09-11 00:00:00.0" ObKeinKontakt="1" ObjArtID="5" Merkmal="0.0"/>
  <Objekte ObjID="1498" ObjAufnahme="1997-04-07" ObjLetztKontakt="1997-04-07" ObjStrasseID="6141" ObjHausnummer="Celler Straße 8484 a" ObjVorlage="2013-09-11 00:00:00.0" ObKeinKontakt="1" ObjArtID="5" Merkmal="0.0"/>
  <Objekte ObjID="1499" ObjAufnahme="1997-04-07" ObjLetztKontakt="1997-04-07" ObjStrasseID="6141" ObjHausnummer="Celler Straße 86" ObjVorlage="2013-09-11 00:00:00.0" ObKeinKontakt="1" ObjArtID="5" Merkmal="0.0"/>
  <Objekte ObjID="1500" ObjAufnahme="1997-04-07" ObjLetztKontakt="1997-04-07" ObjStrasseID="6141" ObjHausnummer="Celler Straße 85" ObjVorlage="2013-09-11 00:00:00.0" ObKeinKontakt="1" ObjArtID="5" Merkmal="0.0" ObjInfo="Cajewitz Stiftung Verwalter Herr Borsig Schubertstraße Baujahr 1960"/>
  <Objekte ObjID="1501" ObjAufnahme="1997-04-07" ObjLetztKontakt="1997-04-07" ObjStrasseID="6141" ObjHausnummer="Celler Straße 83" ObjVorlage="2013-09-11 00:00:00.0" ObKeinKontakt="1" ObjArtID="5" Merkmal="0.0" ObjInfo="Herr Otto"/>
  <Objekte ObjID="1502" ObjAufnahme="1997-04-07" ObjLetztKontakt="1997-04-07" ObjStrasseID="6141" ObjHausnummer="Celler Straße 81" ObjVorlage="2013-09-11 00:00:00.0" ObKeinKontakt="1" ObjArtID="5" Merkmal="0.0" ObjInfo="Erich Süßmuth 30982 Pattensen 0510113884"/>
  <Objekte ObjID="1503" ObjAufnahme="1997-04-07" ObjLetztKontakt="1997-04-07" ObjStrasseID="6141" ObjHausnummer="Celler Straße 79" ObjVorlage="2013-09-11 00:00:00.0" ObKeinKontakt="1" ObjArtID="5" Merkmal="0.0"/>
  <Objekte ObjID="1504" ObjAufnahme="1997-04-07" ObjLetztKontakt="1997-04-07" ObjStrasseID="6714" ObjHausnummer="Hamburger Allee 71" ObjVorlage="2013-09-11 00:00:00.0" ObKeinKontakt="1" ObjArtID="5" Merkmal="0.0"/>
  <Objekte ObjID="1505" ObjAufnahme="1997-04-07" ObjLetztKontakt="1997-04-07" ObjStrasseID="6714" ObjHausnummer="Hamburger Allee 63" ObjVorlage="2013-09-11 00:00:00.0" ObKeinKontakt="1" ObjArtID="5" Merkmal="0.0"/>
  <Objekte ObjID="1506" ObjAufnahme="1997-04-07" ObjLetztKontakt="1997-04-07" ObjStrasseID="6714" ObjHausnummer="Hamburger Allee 61" ObjVorlage="2013-09-11 00:00:00.0" ObKeinKontakt="1" ObjArtID="5" Merkmal="0.0"/>
  <Objekte ObjID="1507" ObjAufnahme="1997-04-07" ObjLetztKontakt="1997-04-07" ObjStrasseID="6714" ObjHausnummer="Hamburger Allee 36" ObjVorlage="2013-09-11 00:00:00.0" ObKeinKontakt="1" ObjArtID="5" Merkmal="0.0"/>
  <Objekte ObjID="1508" ObjAufnahme="1997-04-07" ObjLetztKontakt="1997-04-07" ObjStrasseID="6714" ObjHausnummer="Hamburger Allee 64" ObjVorlage="2013-02-19 00:00:00.0" ObKeinKontakt="2" ObjArtID="5" Merkmal="0.0"/>
  <Objekte ObjID="1509" ObjAufnahme="1997-04-07" ObjLetztKontakt="1997-04-07" ObjStrasseID="6714" ObjHausnummer="Hamburger Allee 62" ObjVorlage="2013-09-11 00:00:00.0" ObKeinKontakt="1" ObjArtID="5" Merkmal="0.0"/>
  <Objekte ObjID="1510" ObjAufnahme="1997-04-07" ObjLetztKontakt="1999-07-12" ObjStrasseID="6714" ObjHausnummer="Hamburger Allee 0IBM" ObjVorlage="2013-09-11 00:00:00.0" ObKeinKontakt="1" ObjArtID="5" Merkmal="0.0"/>
  <Objekte ObjID="1511" ObjAufnahme="1997-04-07" ObjLetztKontakt="1997-04-07" ObjStrasseID="6714" ObjHausnummer="Hamburger Allee 48" ObjVorlage="2013-09-11 00:00:00.0" ObKeinKontakt="1" ObjArtID="5" Merkmal="0.0"/>
  <Objekte ObjID="1512" ObjAufnahme="1997-04-07" ObjLetztKontakt="1997-04-07" ObjStrasseID="6714" ObjHausnummer="Hamburger Allee 46" ObjVorlage="2013-09-11 00:00:00.0" ObKeinKontakt="1" ObjArtID="5" Merkmal="0.0"/>
  <Objekte ObjID="1513" ObjAufnahme="1997-04-07" ObjLetztKontakt="1997-04-07" ObjStrasseID="6714" ObjHausnummer="Hamburger Allee 44" ObjVorlage="2013-09-11 00:00:00.0" ObKeinKontakt="1" ObjArtID="5" Merkmal="0.0"/>
  <Objekte ObjID="1514" ObjAufnahme="1997-04-07" ObjLetztKontakt="1997-04-07" ObjStrasseID="6714" ObjHausnummer="Hamburger Allee 42" ObjVorlage="2013-09-11 00:00:00.0" ObKeinKontakt="1" ObjArtID="5" Merkmal="0.0"/>
  <Objekte ObjID="1515" ObjAufnahme="1997-04-07" ObjLetztKontakt="1997-04-07" ObjStrasseID="6714" ObjHausnummer="Hamburger Allee 40" ObjVorlage="2013-09-11 00:00:00.0" ObKeinKontakt="1" ObjArtID="5" Merkmal="0.0"/>
  <Objekte ObjID="1516" ObjAufnahme="1997-04-07" ObjLetztKontakt="1997-04-07" ObjStrasseID="6714" ObjHausnummer="Hamburger Allee 37" ObjVorlage="2013-09-11 00:00:00.0" ObKeinKontakt="1" ObjArtID="5" Merkmal="0.0"/>
  <Objekte ObjID="1517" ObjAufnahme="1997-04-07" ObjLetztKontakt="1997-04-07" ObjStrasseID="6714" ObjHausnummer="Hamburger Allee 39" ObjVorlage="2013-09-11 00:00:00.0" ObKeinKontakt="1" ObjArtID="5" Merkmal="0.0"/>
  <Objekte ObjID="1518" ObjAufnahme="1997-04-07" ObjLetztKontakt="1997-04-07" ObjStrasseID="6714" ObjHausnummer="Hamburger Allee 41" ObjVorlage="2013-09-11 00:00:00.0" ObKeinKontakt="1" ObjArtID="5" Merkmal="0.0"/>
  <Objekte ObjID="1519" ObjAufnahme="1997-04-07" ObjLetztKontakt="1997-04-07" ObjStrasseID="6714" ObjHausnummer="Hamburger Allee 43" ObjVorlage="2013-09-11 00:00:00.0" ObKeinKontakt="1" ObjArtID="5" Merkmal="0.0"/>
  <Objekte ObjID="1520" ObjAufnahme="1997-04-07" ObjLetztKontakt="1997-04-07" ObjStrasseID="6714" ObjHausnummer="Hamburger Allee 4547" ObjVorlage="2013-09-11 00:00:00.0" ObKeinKontakt="1" ObjArtID="5" Merkmal="0.0"/>
  <Objekte ObjID="1521" ObjAufnahme="1997-04-07" ObjLetztKontakt="1997-04-07" ObjStrasseID="6714" ObjHausnummer="Hamburger Allee 49" ObjVorlage="2013-09-11 00:00:00.0" ObKeinKontakt="1" ObjArtID="5" Merkmal="0.0"/>
  <Objekte ObjID="1522" ObjAufnahme="1997-04-07" ObjLetztKontakt="1999-07-12" ObjStrasseID="6714" ObjHausnummer="Hamburger Allee 51" ObjVorlage="2013-09-11 00:00:00.0" ObKeinKontakt="1" ObjArtID="111" Merkmal="0.0" ObjInfo="18066\Südbalkon"/>
  <Objekte ObjID="1523" ObjAufnahme="1997-04-07" ObjLetztKontakt="1997-04-07" ObjStrasseID="6714" ObjHausnummer="Hamburger Allee 53" ObjVorlage="2013-09-11 00:00:00.0" ObKeinKontakt="1" ObjArtID="5" Merkmal="0.0"/>
  <Objekte ObjID="1524" ObjAufnahme="1997-04-07" ObjLetztKontakt="1997-04-07" ObjStrasseID="6714" ObjHausnummer="Hamburger Allee 55" ObjVorlage="2013-09-11 00:00:00.0" ObKeinKontakt="1" ObjArtID="5" Merkmal="0.0"/>
  <Objekte ObjID="1525" ObjAufnahme="1997-04-07" ObjLetztKontakt="1997-04-07" ObjStrasseID="6714" ObjHausnummer="Hamburger Allee 66" ObjVorlage="2013-09-11 00:00:00.0" ObKeinKontakt="1" ObjArtID="5" Merkmal="0.0"/>
  <Objekte ObjID="1526" ObjAufnahme="1997-04-07" ObjLetztKontakt="1997-04-07" ObjStrasseID="6714" ObjHausnummer="Hamburger Allee 68" ObjVorlage="2013-09-11 00:00:00.0" ObKeinKontakt="1" ObjArtID="5" Merkmal="0.0"/>
  <Objekte ObjID="1527" ObjAufnahme="1997-04-07" ObjLetztKontakt="1997-04-07" ObjStrasseID="101" ObjHausnummer="Oskar-Winter-Straße 5" ObjVorlage="2013-09-11 00:00:00.0" ObKeinKontakt="1" ObjArtID="5" Merkmal="0.0" ObjInfo="[ Eigentümergemeinschaft, Sprick, Lange, Leben, Düwel, Runge ] Eigentümergemeinschaft Schaft"/>
  <Objekte ObjID="1528" ObjAufnahme="1997-04-07" ObjLetztKontakt="1997-04-07" ObjStrasseID="101" ObjHausnummer="Oskar-Winter-Straße 4" ObjVorlage="2013-09-11 00:00:00.0" ObKeinKontakt="1" ObjArtID="5" Merkmal="0.0" ObjInfo="[ Herr Herbert Weber, 0511/ 662525 ]"/>
  <Objekte ObjID="1529" ObjAufnahme="1997-04-07" ObjLetztKontakt="1997-04-07" ObjStrasseID="101" ObjHausnummer="Oskar-Winter-Straße 3" ObjVorlage="2013-09-11 00:00:00.0" ObKeinKontakt="1" ObjArtID="5" Merkmal="0.0" ObjInfo="[ Herr Dr. Horst Fischer, Bertastr. 10, 30159 Hannover, 0511/ 621656, 0511/ 30408-0 ]"/>
  <Objekte ObjID="1530" ObjAufnahme="1997-04-07" ObjLetztKontakt="1997-04-07" ObjStrasseID="101" ObjHausnummer="Oskar-Winter-Straße 2" ObjVorlage="2013-09-11 00:00:00.0" ObKeinKontakt="1" ObjArtID="5" Merkmal="0.0" ObjInfo="[ Dr. Rolf- Arend Winter, Jurist, 0511/ 575653 ]"/>
  <Objekte ObjID="1531" ObjAufnahme="1997-04-07" ObjLetztKontakt="1997-04-07" ObjStrasseID="101" ObjHausnummer="Oskar-Winter-Straße 1" ObjVorlage="2013-09-11 00:00:00.0" ObKeinKontakt="1" ObjArtID="5" Merkmal="0.0" ObjInfo="[ Herr Rischmüller, 0511/ 800294 ]"/>
  <Objekte ObjID="1532" ObjAufnahme="1997-04-07" ObjLetztKontakt="1997-04-07" ObjStrasseID="101" ObjHausnummer="Oskar-Winter-Straße 8" ObjVorlage="2013-09-11 00:00:00.0" ObKeinKontakt="1" ObjArtID="5" Merkmal="0.0" ObjInfo="[ Eigentümergemeinschaft ]"/>
  <Objekte ObjID="1534" ObjAufnahme="1997-04-07" ObjLetztKontakt="1997-04-07" ObjStrasseID="101" ObjHausnummer="Oskar-Winter-Straße 9" ObjVorlage="2013-09-11 00:00:00.0" ObKeinKontakt="1" ObjArtID="5" Merkmal="0.0" ObjInfo="[ Crie Hausverwaltung ]"/>
  <Objekte ObjID="1535" ObjAufnahme="1997-04-07" ObjLetztKontakt="1997-04-07" ObjStrasseID="5769" ObjHausnummer="An der Markuskirche 1" ObjVorlage="2013-09-11 00:00:00.0" ObKeinKontakt="1" ObjArtID="5" Merkmal="0.0" ObjInfo="Institut für Bauforschung e.V."/>
  <Objekte ObjID="1536" ObjAufnahme="1997-04-07" ObjLetztKontakt="1997-04-07" ObjStrasseID="5769" ObjHausnummer="An der Markuskirche 2" ObjVorlage="2013-09-11 00:00:00.0" ObKeinKontakt="1" ObjArtID="5" Merkmal="0.0"/>
  <Objekte ObjID="1537" ObjAufnahme="1997-04-07" ObjLetztKontakt="1997-04-07" ObjStrasseID="5769" ObjHausnummer="An der Markuskirche 3" ObjVorlage="2013-09-11 00:00:00.0" ObKeinKontakt="1" ObjArtID="5" Merkmal="0.0"/>
  <Objekte ObjID="1538" ObjAufnahme="1997-04-07" ObjLetztKontakt="1997-04-07" ObjStrasseID="5769" ObjHausnummer="An der Markuskirche 4" ObjVorlage="2013-09-11 00:00:00.0" ObKeinKontakt="1" ObjArtID="5" Merkmal="0.0" ObjInfo="Apothekerkammer Niedersachsen"/>
  <Objekte ObjID="1539" ObjAufnahme="1997-04-07" ObjLetztKontakt="1997-04-07" ObjStrasseID="5769" ObjHausnummer="An der Markuskirche 5" ObjVorlage="2013-09-11 00:00:00.0" ObKeinKontakt="1" ObjArtID="5" Merkmal="0.0"/>
  <Objekte ObjID="1540" ObjAufnahme="1997-04-07" ObjLetztKontakt="1997-04-07" ObjStrasseID="6932" ObjHausnummer="Hubertusstraße 4" ObjVorlage="2013-09-11 00:00:00.0" ObKeinKontakt="1" ObjArtID="5" Merkmal="0.0" ObjInfo="Ev.luth. St. Martin Kirchengemeinde"/>
  <Objekte ObjID="1541" ObjAufnahme="1997-04-07" ObjLetztKontakt="1997-04-07" ObjStrasseID="6932" ObjHausnummer="Hubertusstraße 5A" ObjVorlage="2013-09-11 00:00:00.0" ObKeinKontakt="1" ObjArtID="5" Merkmal="0.0"/>
  <Objekte ObjID="1542" ObjAufnahme="1997-04-07" ObjLetztKontakt="1997-04-07" ObjStrasseID="6932" ObjHausnummer="Hubertusstraße 2" ObjVorlage="2013-09-11 00:00:00.0" ObKeinKontakt="1" ObjArtID="5" Merkmal="0.0" ObjInfo="Scientology Church"/>
  <Objekte ObjID="1543" ObjAufnahme="1997-04-07" ObjLetztKontakt="1997-04-07" ObjStrasseID="6932" ObjHausnummer="Hubertusstraße 1" ObjVorlage="2013-09-11 00:00:00.0" ObKeinKontakt="1" ObjArtID="5" Merkmal="0.0"/>
  <Objekte ObjID="1544" ObjAufnahme="1997-04-07" ObjLetztKontakt="1997-04-07" ObjStrasseID="6932" ObjHausnummer="Hubertusstraße 5" ObjVorlage="2013-09-11 00:00:00.0" ObKeinKontakt="1" ObjArtID="201" Merkmal="0.0" ObjInfo="Frau A. Philipps, 662317"/>
  <Objekte ObjID="1545" ObjAufnahme="1997-04-07" ObjLetztKontakt="1997-04-07" ObjStrasseID="82" ObjHausnummer="Auf dem Lärchenberge 14" ObjVorlage="2013-09-11 00:00:00.0" ObKeinKontakt="1" ObjArtID="83" Merkmal="0.0" ObjInfo="39894\TG-Stellplatz"/>
  <Objekte ObjID="1546" ObjAufnahme="1997-04-07" ObjLetztKontakt="1997-04-07" ObjStrasseID="82" ObjHausnummer="Auf dem Lärchenberge 14B" ObjVorlage="2013-09-11 00:00:00.0" ObKeinKontakt="1" ObjArtID="5" Merkmal="0.0" ObjInfo="1979: Ilse Pietsch, Pelikanstraße  58"/>
  <Objekte ObjID="1547" ObjAufnahme="1997-04-07" ObjLetztKontakt="1997-04-07" ObjStrasseID="82" ObjHausnummer="Auf dem Lärchenberge 14D" ObjVorlage="2013-09-11 00:00:00.0" ObKeinKontakt="1" ObjArtID="5" Merkmal="0.0" ObjInfo="1979: M.Schrader Wietze/Steinförde"/>
  <Objekte ObjID="1548" ObjAufnahme="1997-04-07" ObjLetztKontakt="1997-04-07" ObjStrasseID="82" ObjHausnummer="Auf dem Lärchenberge 15" ObjVorlage="2013-09-11 00:00:00.0" ObKeinKontakt="1" ObjArtID="9" Merkmal="0.0" ObjInfo="1979: E.Teuber und F. Betram"/>
  <Objekte ObjID="1549" ObjAufnahme="1997-04-07" ObjLetztKontakt="1997-04-07" ObjStrasseID="82" ObjHausnummer="Auf dem Lärchenberge 12" ObjVorlage="2013-09-11 00:00:00.0" ObKeinKontakt="1" ObjArtID="5" Merkmal="0.0" ObjInfo="1979: Dr. F.W. Cronjäger"/>
  <Objekte ObjID="1550" ObjAufnahme="1997-04-07" ObjLetztKontakt="1997-04-07" ObjStrasseID="82" ObjHausnummer="Auf dem Lärchenberge 10" ObjVorlage="2013-09-11 00:00:00.0" ObKeinKontakt="1" ObjArtID="5" Merkmal="0.0" ObjInfo="1979: O.Beensen"/>
  <Objekte ObjID="1551" ObjAufnahme="1997-04-07" ObjLetztKontakt="1997-04-07" ObjStrasseID="82" ObjHausnummer="Auf dem Lärchenberge 9" ObjVorlage="2013-09-11 00:00:00.0" ObKeinKontakt="1" ObjArtID="5" Merkmal="0.0" ObjInfo="Eigentumswohnungen"/>
  <Objekte ObjID="1552" ObjAufnahme="1997-04-07" ObjLetztKontakt="1997-04-07" ObjStrasseID="82" ObjHausnummer="Auf dem Lärchenberge 8" ObjVorlage="2013-09-11 00:00:00.0" ObKeinKontakt="1" ObjArtID="173" Merkmal="0.0" ObjInfo="1979: Bauatelier Nord Bremen HOLLERALLE 26"/>
  <Objekte ObjID="1553" ObjAufnahme="1997-04-07" ObjLetztKontakt="1997-04-07" ObjStrasseID="82" ObjHausnummer="Auf dem Lärchenberge 7B" ObjVorlage="2013-09-11 00:00:00.0" ObKeinKontakt="1" ObjArtID="5" Merkmal="0.0" ObjInfo="1979: Emmy behnke Oppenbornstraße 9"/>
  <Objekte ObjID="1554" ObjAufnahme="1997-04-07" ObjLetztKontakt="1997-04-07" ObjStrasseID="82" ObjHausnummer="Auf dem Lärchenberge 16A" ObjVorlage="2013-09-11 00:00:00.0" ObKeinKontakt="1" ObjArtID="5" Merkmal="0.0" ObjInfo="1979: Dr. E.LutzGmbH Berlin Zehlendorf, Süntelsteig 5"/>
  <Objekte ObjID="1555" ObjAufnahme="1997-04-07" ObjLetztKontakt="1997-04-07" ObjStrasseID="82" ObjHausnummer="Auf dem Lärchenberge 16B" ObjVorlage="2013-09-11 00:00:00.0" ObKeinKontakt="1" ObjArtID="5" Merkmal="0.0" ObjInfo="1979: W.Skyrde Heiligerstraße 17"/>
  <Objekte ObjID="1556" ObjAufnahme="1997-04-07" ObjLetztKontakt="1997-04-07" ObjStrasseID="82" ObjHausnummer="Auf dem Lärchenberge 18" ObjVorlage="2013-09-11 00:00:00.0" ObKeinKontakt="9" ObjArtID="173" Merkmal="0.0" ObjInfo="28277\Blk."/>
  <Objekte ObjID="1557" ObjAufnahme="1997-04-07" ObjLetztKontakt="1997-04-07" ObjStrasseID="82" ObjHausnummer="Auf dem Lärchenberge 18A" ObjVorlage="2013-09-11 00:00:00.0" ObKeinKontakt="1" ObjArtID="5" Merkmal="0.0"/>
  <Objekte ObjID="1558" ObjAufnahme="1997-04-07" ObjLetztKontakt="1997-04-07" ObjStrasseID="82" ObjHausnummer="Auf dem Lärchenberge 19" ObjVorlage="2013-09-11 00:00:00.0" ObKeinKontakt="1" ObjArtID="5" Merkmal="0.0" ObjInfo="1979: E.Bode Max-Eyth-Straße 21"/>
  <Objekte ObjID="1559" ObjAufnahme="1997-04-07" ObjLetztKontakt="1997-04-07" ObjStrasseID="82" ObjHausnummer="Auf dem Lärchenberge 4" ObjVorlage="2013-09-11 00:00:00.0" ObKeinKontakt="1" ObjArtID="5" Merkmal="0.0" ObjInfo="1979 : A. Stock"/>
  <Objekte ObjID="1560" ObjAufnahme="1997-04-07" ObjLetztKontakt="2001-07-21" ObjStrasseID="82" ObjHausnummer="Auf dem Lärchenberge 5" ObjVorlage="2013-09-11 00:00:00.0" ObKeinKontakt="2" ObjArtID="64" Merkmal="0.0" ObjInfo="30084\Blk. Ost"/>
  <Objekte ObjID="1561" ObjAufnahme="1997-04-07" ObjLetztKontakt="1997-04-07" ObjStrasseID="82" ObjHausnummer="Auf dem Lärchenberge 6" ObjVorlage="2013-09-11 00:00:00.0" ObKeinKontakt="1" ObjArtID="5" Merkmal="0.0" ObjInfo="1979 : L.Körber, H. Schrader feuerbachstraße 5"/>
  <Objekte ObjID="1562" ObjAufnahme="1997-04-07" ObjLetztKontakt="1997-04-07" ObjStrasseID="82" ObjHausnummer="Auf dem Lärchenberge 7" ObjVorlage="2013-09-11 00:00:00.0" ObKeinKontakt="1" ObjArtID="201" Merkmal="0.0" ObjInfo="1979 : Gertrud Wensierski"/>
  <Objekte ObjID="1563" ObjAufnahme="1997-04-07" ObjLetztKontakt="1997-04-07" ObjStrasseID="82" ObjHausnummer="Auf dem Lärchenberge 7A" ObjVorlage="2013-09-11 00:00:00.0" ObKeinKontakt="1" ObjArtID="5" Merkmal="0.0"/>
  <Objekte ObjID="1564" ObjAufnahme="1997-04-07" ObjLetztKontakt="1997-04-07" ObjStrasseID="7313" ObjHausnummer="Lärchenstraße 28" ObjVorlage="2013-09-11 00:00:00.0" ObKeinKontakt="1" ObjArtID="5" Merkmal="0.0" ObjInfo="Haus herutergekommen gehört warscheinlich Frau Kühn, Eppartstr.8"/>
  <Objekte ObjID="1565" ObjAufnahme="1997-04-07" ObjLetztKontakt="1997-04-07" ObjStrasseID="7313" ObjHausnummer="Lärchenstraße 26" ObjVorlage="2013-09-11 00:00:00.0" ObKeinKontakt="1" ObjArtID="5" Merkmal="0.0"/>
  <Objekte ObjID="1566" ObjAufnahme="1997-04-07" ObjLetztKontakt="1997-04-07" ObjStrasseID="7313" ObjHausnummer="Lärchenstraße 24" ObjVorlage="2013-09-11 00:00:00.0" ObKeinKontakt="1" ObjArtID="5" Merkmal="0.0"/>
  <Objekte ObjID="1567" ObjAufnahme="1997-04-07" ObjLetztKontakt="1997-04-07" ObjStrasseID="7313" ObjHausnummer="Lärchenstraße 22" ObjVorlage="2013-09-11 00:00:00.0" ObKeinKontakt="1" ObjArtID="5" Merkmal="0.0"/>
  <Objekte ObjID="1568" ObjAufnahme="1997-04-07" ObjLetztKontakt="1997-04-07" ObjStrasseID="7313" ObjHausnummer="Lärchenstraße 20" ObjVorlage="2013-09-11 00:00:00.0" ObKeinKontakt="1" ObjArtID="5" Merkmal="0.0"/>
  <Objekte ObjID="1570" ObjAufnahme="1997-04-07" ObjLetztKontakt="1997-04-07" ObjStrasseID="5651" ObjHausnummer="Am Holzgraben 2" ObjVorlage="2013-09-11 00:00:00.0" ObKeinKontakt="1" ObjArtID="5" Merkmal="0.0"/>
  <Objekte ObjID="1571" ObjAufnahme="1997-04-07" ObjLetztKontakt="1997-04-07" ObjStrasseID="5651" ObjHausnummer="Am Holzgraben 4" ObjVorlage="2013-09-11 00:00:00.0" ObKeinKontakt="1" ObjArtID="177" Merkmal="0.0"/>
  <Objekte ObjID="1572" ObjAufnahme="1997-04-07" ObjLetztKontakt="1997-04-07" ObjStrasseID="5651" ObjHausnummer="Am Holzgraben 5" ObjVorlage="2013-09-11 00:00:00.0" ObKeinKontakt="1" ObjArtID="5" Merkmal="0.0"/>
  <Objekte ObjID="1573" ObjAufnahme="1997-04-07" ObjLetztKontakt="1997-04-07" ObjStrasseID="5651" ObjHausnummer="Am Holzgraben 6" ObjVorlage="2013-09-11 00:00:00.0" ObKeinKontakt="1" ObjArtID="5" Merkmal="0.0"/>
  <Objekte ObjID="1574" ObjAufnahme="1997-04-07" ObjLetztKontakt="1997-04-07" ObjStrasseID="5651" ObjHausnummer="Am Holzgraben 7" ObjVorlage="2013-09-11 00:00:00.0" ObKeinKontakt="1" ObjArtID="5" Merkmal="0.0"/>
  <Objekte ObjID="1575" ObjAufnahme="1997-04-07" ObjLetztKontakt="2002-06-04" ObjStrasseID="5651" ObjHausnummer="Am Holzgraben 8" ObjVorlage="2013-09-11 00:00:00.0" ObKeinKontakt="1" ObjArtID="201" Merkmal="0.0"/>
  <Objekte ObjID="1576" ObjAufnahme="1997-04-07" ObjLetztKontakt="1997-04-07" ObjStrasseID="6906" ObjHausnummer="Hohenzollernstraße 2" ObjVorlage="2013-09-11 00:00:00.0" ObKeinKontakt="1" ObjArtID="5" Merkmal="0.0"/>
  <Objekte ObjID="1577" ObjAufnahme="1997-04-07" ObjLetztKontakt="1997-04-07" ObjStrasseID="6906" ObjHausnummer="Hohenzollernstraße 3" ObjVorlage="2013-09-11 00:00:00.0" ObKeinKontakt="1" ObjArtID="5" Merkmal="0.0"/>
  <Objekte ObjID="1578" ObjAufnahme="1997-04-07" ObjLetztKontakt="1997-04-07" ObjStrasseID="6906" ObjHausnummer="Hohenzollernstraße 4" ObjVorlage="2013-09-11 00:00:00.0" ObKeinKontakt="1" ObjArtID="5" Merkmal="0.0"/>
  <Objekte ObjID="1579" ObjAufnahme="1997-04-07" ObjLetztKontakt="1997-04-07" ObjStrasseID="6906" ObjHausnummer="Hohenzollernstraße 5" ObjVorlage="2013-09-11 00:00:00.0" ObKeinKontakt="1" ObjArtID="5" Merkmal="0.0"/>
  <Objekte ObjID="1580" ObjAufnahme="1997-04-07" ObjLetztKontakt="1997-04-07" ObjStrasseID="6906" ObjHausnummer="Hohenzollernstraße 6" ObjVorlage="2013-09-11 00:00:00.0" ObKeinKontakt="1" ObjArtID="5" Merkmal="0.0"/>
  <Objekte ObjID="1581" ObjAufnahme="1997-04-07" ObjLetztKontakt="2013-08-02" ObjStrasseID="6906" ObjHausnummer="Hohenzollernstraße 7" ObjVorlage="2013-09-11 00:00:00.0" ObKeinKontakt="2" ObjArtID="5" Merkmal="0.0"/>
  <Objekte ObjID="1582" ObjAufnahme="1997-04-07" ObjLetztKontakt="1997-04-07" ObjStrasseID="6906" ObjHausnummer="Hohenzollernstraße 10" ObjVorlage="2013-09-11 00:00:00.0" ObKeinKontakt="1" ObjArtID="5" Merkmal="0.0"/>
  <Objekte ObjID="1583" ObjAufnahme="1997-04-07" ObjLetztKontakt="1997-04-07" ObjStrasseID="6906" ObjHausnummer="Hohenzollernstraße 11" ObjVorlage="2013-09-11 00:00:00.0" ObKeinKontakt="1" ObjArtID="5" Merkmal="0.0"/>
  <Objekte ObjID="1584" ObjAufnahme="1997-04-07" ObjLetztKontakt="1997-04-07" ObjStrasseID="6906" ObjHausnummer="Hohenzollernstraße 12" ObjVorlage="2013-09-11 00:00:00.0" ObKeinKontakt="1" ObjArtID="5" Merkmal="0.0"/>
  <Objekte ObjID="1585" ObjAufnahme="1997-04-07" ObjLetztKontakt="1997-04-07" ObjStrasseID="6906" ObjHausnummer="Hohenzollernstraße 13" ObjVorlage="2013-09-11 00:00:00.0" ObKeinKontakt="1" ObjArtID="5" Merkmal="0.0"/>
  <Objekte ObjID="1586" ObjAufnahme="1997-04-07" ObjLetztKontakt="1997-04-07" ObjStrasseID="6906" ObjHausnummer="Hohenzollernstraße 14" ObjVorlage="2013-09-11 00:00:00.0" ObKeinKontakt="1" ObjArtID="5" Merkmal="0.0"/>
  <Objekte ObjID="1587" ObjAufnahme="1997-04-07" ObjLetztKontakt="1997-04-07" ObjStrasseID="6906" ObjHausnummer="Hohenzollernstraße 16" ObjVorlage="2013-09-11 00:00:00.0" ObKeinKontakt="1" ObjArtID="5" Merkmal="0.0"/>
  <Objekte ObjID="1588" ObjAufnahme="1997-04-07" ObjLetztKontakt="1997-04-07" ObjStrasseID="6906" ObjHausnummer="Hohenzollernstraße 17" ObjVorlage="2013-09-11 00:00:00.0" ObKeinKontakt="1" ObjArtID="5" Merkmal="0.0"/>
  <Objekte ObjID="1589" ObjAufnahme="1997-04-07" ObjLetztKontakt="1997-04-07" ObjStrasseID="6906" ObjHausnummer="Hohenzollernstraße 18" ObjVorlage="2013-09-11 00:00:00.0" ObKeinKontakt="1" ObjArtID="5" Merkmal="0.0"/>
  <Objekte ObjID="1590" ObjAufnahme="1997-04-07" ObjLetztKontakt="1997-04-07" ObjStrasseID="6906" ObjHausnummer="Hohenzollernstraße 19" ObjVorlage="2013-09-11 00:00:00.0" ObKeinKontakt="1" ObjArtID="5" Merkmal="0.0"/>
  <Objekte ObjID="1591" ObjAufnahme="1997-04-07" ObjLetztKontakt="1997-04-07" ObjStrasseID="6906" ObjHausnummer="Hohenzollernstraße 19A" ObjVorlage="2013-09-11 00:00:00.0" ObKeinKontakt="1" ObjArtID="5" Merkmal="0.0"/>
  <Objekte ObjID="1592" ObjAufnahme="1997-04-07" ObjLetztKontakt="1997-04-07" ObjStrasseID="6906" ObjHausnummer="Hohenzollernstraße 20" ObjVorlage="2013-09-11 00:00:00.0" ObKeinKontakt="1" ObjArtID="5" Merkmal="0.0"/>
  <Objekte ObjID="1593" ObjAufnahme="1997-04-07" ObjLetztKontakt="1997-04-07" ObjStrasseID="6906" ObjHausnummer="Hohenzollernstraße 21" ObjVorlage="2013-09-11 00:00:00.0" ObKeinKontakt="1" ObjArtID="5" Merkmal="0.0"/>
  <Objekte ObjID="1594" ObjAufnahme="1997-04-07" ObjLetztKontakt="2005-01-21" ObjStrasseID="6906" ObjHausnummer="Hohenzollernstraße 22" ObjVorlage="2013-09-11 00:00:00.0" ObKeinKontakt="1" ObjArtID="36" Merkmal="0.0" ObjInfo="2WE/3Büros/1907/254/5,0"/>
  <Objekte ObjID="1595" ObjAufnahme="1997-04-07" ObjLetztKontakt="1997-04-07" ObjStrasseID="6906" ObjHausnummer="Hohenzollernstraße 23" ObjVorlage="2013-09-11 00:00:00.0" ObKeinKontakt="1" ObjArtID="5" Merkmal="0.0" ObjInfo="gesprächig: Horstmann Rainer Rechtsanwalt 30161&#09;Hohenzollernstr. 23&#09;30161 Hannover&#09;0511-343451&#xD;&#xA;Lichtlen Paul Prof. Dr.med.&#09;Hohenzollernstr. 23&#09;30161 Hannover&#09;0511-341502&#xD;&#xA;Marketinggesellschaft f?r nieders„chsische e.V.&#09;Hohenzollernstr. 23&#09;30161 Hannover&#09;I&#xD;&#xA;1596"/>
  <Objekte ObjID="1597" ObjAufnahme="1997-04-07" ObjLetztKontakt="1997-04-07" ObjStrasseID="6906" ObjHausnummer="Hohenzollernstraße 25" ObjVorlage="2013-09-11 00:00:00.0" ObKeinKontakt="1" ObjArtID="5" Merkmal="0.0"/>
  <Objekte ObjID="1598" ObjAufnahme="1997-04-07" ObjLetztKontakt="1997-04-07" ObjStrasseID="6906" ObjHausnummer="Hohenzollernstraße 26" ObjVorlage="2013-09-11 00:00:00.0" ObKeinKontakt="1" ObjArtID="5" Merkmal="0.0"/>
  <Objekte ObjID="1599" ObjAufnahme="1997-04-07" ObjLetztKontakt="1997-04-07" ObjStrasseID="6906" ObjHausnummer="Hohenzollernstraße 28" ObjVorlage="2013-09-11 00:00:00.0" ObKeinKontakt="1" ObjArtID="5" Merkmal="0.0"/>
  <Objekte ObjID="1600" ObjAufnahme="1997-04-07" ObjLetztKontakt="1997-04-07" ObjStrasseID="6906" ObjHausnummer="Hohenzollernstraße 29" ObjVorlage="2013-09-11 00:00:00.0" ObKeinKontakt="1" ObjArtID="5" Merkmal="0.0"/>
  <Objekte ObjID="1601" ObjAufnahme="1997-04-07" ObjLetztKontakt="1997-04-07" ObjStrasseID="6906" ObjHausnummer="Hohenzollernstraße 30" ObjVorlage="2013-09-11 00:00:00.0" ObKeinKontakt="1" ObjArtID="36" Merkmal="0.0"/>
  <Objekte ObjID="1602" ObjAufnahme="1997-04-07" ObjLetztKontakt="1997-04-07" ObjStrasseID="6906" ObjHausnummer="Hohenzollernstraße 31" ObjVorlage="2013-09-11 00:00:00.0" ObKeinKontakt="1" ObjArtID="5" Merkmal="0.0"/>
  <Objekte ObjID="1603" ObjAufnahme="1997-04-07" ObjLetztKontakt="1997-04-07" ObjStrasseID="6906" ObjHausnummer="Hohenzollernstraße 33" ObjVorlage="2013-09-11 00:00:00.0" ObKeinKontakt="1" ObjArtID="5" Merkmal="0.0"/>
  <Objekte ObjID="1604" ObjAufnahme="1997-04-07" ObjLetztKontakt="1997-04-07" ObjStrasseID="6906" ObjHausnummer="Hohenzollernstraße 34" ObjVorlage="2013-09-11 00:00:00.0" ObKeinKontakt="1" ObjArtID="5" Merkmal="0.0"/>
  <Objekte ObjID="1605" ObjAufnahme="1997-04-07" ObjLetztKontakt="1997-04-07" ObjStrasseID="6906" ObjHausnummer="Hohenzollernstraße 36" ObjVorlage="2013-09-11 00:00:00.0" ObKeinKontakt="1" ObjArtID="5" Merkmal="0.0"/>
  <Objekte ObjID="1606" ObjAufnahme="1997-04-07" ObjLetztKontakt="1997-04-07" ObjStrasseID="6906" ObjHausnummer="Hohenzollernstraße 39" ObjVorlage="2013-09-11 00:00:00.0" ObKeinKontakt="1" ObjArtID="5" Merkmal="0.0"/>
  <Objekte ObjID="1607" ObjAufnahme="1997-04-07" ObjLetztKontakt="1997-04-07" ObjStrasseID="6906" ObjHausnummer="Hohenzollernstraße 41" ObjVorlage="2013-09-11 00:00:00.0" ObKeinKontakt="1" ObjArtID="61" Merkmal="0.9999999999999999" ObjInfo="35096\Blk. Grg."/>
  <Objekte ObjID="1608" ObjAufnahme="1997-04-07" ObjLetztKontakt="1997-04-07" ObjStrasseID="6906" ObjHausnummer="Hohenzollernstraße 42" ObjVorlage="2013-09-11 00:00:00.0" ObKeinKontakt="1" ObjArtID="5" Merkmal="0.0"/>
  <Objekte ObjID="1609" ObjAufnahme="1997-04-07" ObjLetztKontakt="1997-04-07" ObjStrasseID="6906" ObjHausnummer="Hohenzollernstraße 43" ObjVorlage="2013-09-11 00:00:00.0" ObKeinKontakt="1" ObjArtID="26" Merkmal="0.0"/>
  <Objekte ObjID="1610" ObjAufnahme="1997-04-07" ObjLetztKontakt="1997-04-07" ObjStrasseID="6906" ObjHausnummer="Hohenzollernstraße 44" ObjVorlage="2013-09-11 00:00:00.0" ObKeinKontakt="1" ObjArtID="5" Merkmal="0.0"/>
  <Objekte ObjID="1611" ObjAufnahme="1997-04-07" ObjLetztKontakt="1997-04-07" ObjStrasseID="6906" ObjHausnummer="Hohenzollernstraße 46" ObjVorlage="2013-09-11 00:00:00.0" ObKeinKontakt="1" ObjArtID="5" Merkmal="0.0"/>
  <Objekte ObjID="1612" ObjAufnahme="1997-04-07" ObjLetztKontakt="1997-04-07" ObjStrasseID="6906" ObjHausnummer="Hohenzollernstraße 47" ObjVorlage="2013-09-11 00:00:00.0" ObKeinKontakt="1" ObjArtID="25" Merkmal="0.0" ObjInfo="Hochschule für Musik und Theater"/>
  <Objekte ObjID="1613" ObjAufnahme="1997-04-07" ObjLetztKontakt="1997-04-07" ObjStrasseID="6906" ObjHausnummer="Hohenzollernstraße 48" ObjVorlage="2013-09-11 00:00:00.0" ObKeinKontakt="1" ObjArtID="5" Merkmal="0.0" ObjInfo="Verein für Fortbildung 965600"/>
  <Objekte ObjID="1614" ObjAufnahme="1997-04-07" ObjLetztKontakt="1997-04-07" ObjStrasseID="6906" ObjHausnummer="Hohenzollernstraße 51" ObjVorlage="2013-09-11 00:00:00.0" ObKeinKontakt="1" ObjArtID="5" Merkmal="0.0" ObjInfo="Hausverwaltung: Dr. Peetz (RA) VIF-Immobilienverwaltung Tel. 628283"/>
  <Objekte ObjID="1615" ObjAufnahme="1997-04-07" ObjLetztKontakt="1997-04-07" ObjStrasseID="6906" ObjHausnummer="Hohenzollernstraße 52" ObjVorlage="2013-09-11 00:00:00.0" ObKeinKontakt="1" ObjArtID="5" Merkmal="0.0" ObjInfo="Baugewerbe-Verband, Niedersachsen&#xD;Baumschulenallee 12&#xD;30625 Hannover&#xD;ISDN 0511-95757-0 ein Herr Espel früher 390950"/>
  <Objekte ObjID="1616" ObjAufnahme="1997-04-07" ObjLetztKontakt="1997-04-07" ObjStrasseID="6906" ObjHausnummer="Hohenzollernstraße 53" ObjVorlage="2013-09-11 00:00:00.0" ObKeinKontakt="1" ObjArtID="5" Merkmal="0.0" ObjInfo="Niedersächsisches Justizministerium"/>
  <Objekte ObjID="1617" ObjAufnahme="1997-04-07" ObjLetztKontakt="1997-04-07" ObjStrasseID="6906" ObjHausnummer="Hohenzollernstraße 54" ObjVorlage="2013-09-11 00:00:00.0" ObKeinKontakt="1" ObjArtID="5" Merkmal="0.0" ObjInfo="Ev.-luth. Kirchengemeinde Hubertusstraße 4 30163 Hannover 665457"/>
  <Objekte ObjID="1618" ObjAufnahme="1997-04-07" ObjLetztKontakt="2001-08-14" ObjStrasseID="6906" ObjHausnummer="Hohenzollernstraße 55" ObjVorlage="2013-09-11 00:00:00.0" ObKeinKontakt="2" ObjArtID="84" Merkmal="0.0" ObjInfo="550200\O-Blk Grg"/>
  <Objekte ObjID="1619" ObjAufnahme="1997-04-07" ObjLetztKontakt="1997-04-07" ObjStrasseID="6906" ObjHausnummer="Hohenzollernstraße 56" ObjVorlage="2013-09-11 00:00:00.0" ObKeinKontakt="1" ObjArtID="5" Merkmal="0.0" ObjInfo="Frau M. Hasse,Stuttgart"/>
  <Objekte ObjID="1620" ObjAufnahme="1997-04-07" ObjLetztKontakt="1997-04-07" ObjStrasseID="6581" ObjHausnummer="Gneisenaustraße 2" ObjVorlage="1997-08-06 00:00:00.0" ObKeinKontakt="4" ObjArtID="5" Merkmal="0.0"/>
  <Objekte ObjID="1621" ObjAufnahme="1997-04-07" ObjLetztKontakt="1997-04-07" ObjStrasseID="6581" ObjHausnummer="Gneisenaustraße 4" ObjVorlage="2013-09-11 00:00:00.0" ObKeinKontakt="1" ObjArtID="5" Merkmal="0.0"/>
  <Objekte ObjID="1622" ObjAufnahme="1997-04-07" ObjLetztKontakt="1997-04-07" ObjStrasseID="6581" ObjHausnummer="Gneisenaustraße 1" ObjVorlage="2013-09-11 00:00:00.0" ObKeinKontakt="1" ObjArtID="5" Merkmal="0.0"/>
  <Objekte ObjID="1623" ObjAufnahme="1997-04-07" ObjLetztKontakt="1997-04-07" ObjStrasseID="6581" ObjHausnummer="Gneisenaustraße 3" ObjVorlage="2013-09-11 00:00:00.0" ObKeinKontakt="1" ObjArtID="5" Merkmal="0.0" ObjInfo="Wilke, A.&#xD;(Vel)&#xD;Westerwinkel 13&#xD;30926 Seelze&#xD;0511-480373"/>
  <Objekte ObjID="1624" ObjAufnahme="1997-04-07" ObjLetztKontakt="1997-04-07" ObjStrasseID="6581" ObjHausnummer="Gneisenaustraße 5" ObjVorlage="2013-09-11 00:00:00.0" ObKeinKontakt="1" ObjArtID="177" Merkmal="0.0" ObjInfo="Wiese &amp; lohr 651644 mLohr 830408"/>
  <Objekte ObjID="1625" ObjAufnahme="1997-04-07" ObjLetztKontakt="1997-04-07" ObjStrasseID="6581" ObjHausnummer="Gneisenaustraße 8" ObjVorlage="2013-09-11 00:00:00.0" ObKeinKontakt="1" ObjArtID="5" Merkmal="0.0" ObjInfo="Plate 284840"/>
  <Objekte ObjID="1626" ObjAufnahme="1997-04-07" ObjLetztKontakt="1997-04-07" ObjStrasseID="6581" ObjHausnummer="Gneisenaustraße 7" ObjVorlage="2013-09-11 00:00:00.0" ObKeinKontakt="1" ObjArtID="177" Merkmal="0.0" ObjInfo="aufgeteilt"/>
  <Objekte ObjID="1627" ObjAufnahme="1997-04-07" ObjLetztKontakt="1999-03-10" ObjStrasseID="6581" ObjHausnummer="Gneisenaustraße 9" ObjVorlage="2013-09-11 00:00:00.0" ObKeinKontakt="2" ObjArtID="5" Merkmal="0.0"/>
  <Objekte ObjID="1628" ObjAufnahme="1997-04-07" ObjLetztKontakt="1997-04-07" ObjStrasseID="6581" ObjHausnummer="Gneisenaustraße 11" ObjVorlage="2013-09-11 00:00:00.0" ObKeinKontakt="1" ObjArtID="5" Merkmal="0.0" ObjInfo="A.Schroeder, Adenaueralle 12"/>
  <Objekte ObjID="1629" ObjAufnahme="1997-04-07" ObjLetztKontakt="1997-04-07" ObjStrasseID="6581" ObjHausnummer="Gneisenaustraße 13" ObjVorlage="2013-09-11 00:00:00.0" ObKeinKontakt="1" ObjArtID="5" Merkmal="0.0"/>
  <Objekte ObjID="1630" ObjAufnahme="1997-04-07" ObjLetztKontakt="1999-03-10" ObjStrasseID="6581" ObjHausnummer="Gneisenaustraße 15" ObjVorlage="2013-09-11 00:00:00.0" ObKeinKontakt="2" ObjArtID="18" Merkmal="0.0" ObjInfo="gehört Hinrik Eßmann 2831803"/>
  <Objekte ObjID="1631" ObjAufnahme="1997-04-07" ObjLetztKontakt="1997-04-07" ObjStrasseID="6581" ObjHausnummer="Gneisenaustraße 17" ObjVorlage="2013-09-11 00:00:00.0" ObKeinKontakt="1" ObjArtID="5" Merkmal="0.0"/>
  <Objekte ObjID="1632" ObjAufnahme="1997-04-07" ObjLetztKontakt="1997-04-07" ObjStrasseID="6581" ObjHausnummer="Gneisenaustraße 19" ObjVorlage="2013-09-11 00:00:00.0" ObKeinKontakt="1" ObjArtID="177" Merkmal="0.0"/>
  <Objekte ObjID="1633" ObjAufnahme="1997-04-07" ObjLetztKontakt="1997-04-07" ObjStrasseID="6581" ObjHausnummer="Gneisenaustraße 21" ObjVorlage="2013-09-11 00:00:00.0" ObKeinKontakt="1" ObjArtID="5" Merkmal="0.0"/>
  <Objekte ObjID="1634" ObjAufnahme="1997-04-07" ObjLetztKontakt="1997-04-07" ObjStrasseID="6581" ObjHausnummer="Gneisenaustraße 23" ObjVorlage="2013-09-11 00:00:00.0" ObKeinKontakt="1" ObjArtID="5" Merkmal="0.0"/>
  <Objekte ObjID="1635" ObjAufnahme="1997-04-07" ObjLetztKontakt="1997-04-07" ObjStrasseID="6581" ObjHausnummer="Gneisenaustraße 25" ObjVorlage="2013-09-11 00:00:00.0" ObKeinKontakt="1" ObjArtID="5" Merkmal="0.0"/>
  <Objekte ObjID="1636" ObjAufnahme="1997-04-07" ObjLetztKontakt="1997-04-07" ObjStrasseID="6581" ObjHausnummer="Gneisenaustraße 27" ObjVorlage="2013-09-11 00:00:00.0" ObKeinKontakt="1" ObjArtID="5" Merkmal="0.0"/>
  <Objekte ObjID="1637" ObjAufnahme="1997-04-07" ObjLetztKontakt="1997-04-07" ObjStrasseID="6581" ObjHausnummer="Gneisenaustraße 29" ObjVorlage="2013-09-11 00:00:00.0" ObKeinKontakt="1" ObjArtID="5" Merkmal="0.0"/>
  <Objekte ObjID="1638" ObjAufnahme="1997-04-07" ObjLetztKontakt="1997-04-07" ObjStrasseID="6581" ObjHausnummer="Gneisenaustraße 31" ObjVorlage="2013-09-11 00:00:00.0" ObKeinKontakt="1" ObjArtID="5" Merkmal="0.0"/>
  <Objekte ObjID="1639" ObjAufnahme="1997-04-07" ObjLetztKontakt="1997-04-07" ObjStrasseID="6581" ObjHausnummer="Gneisenaustraße 33" ObjVorlage="2013-09-11 00:00:00.0" ObKeinKontakt="1" ObjArtID="5" Merkmal="0.0"/>
  <Objekte ObjID="1640" ObjAufnahme="1997-04-07" ObjLetztKontakt="1997-04-07" ObjStrasseID="6581" ObjHausnummer="Gneisenaustraße 35" ObjVorlage="2013-09-11 00:00:00.0" ObKeinKontakt="1" ObjArtID="177" Merkmal="0.0" ObjInfo="aufgeteilt"/>
  <Objekte ObjID="1641" ObjAufnahme="1997-04-07" ObjLetztKontakt="1997-04-07" ObjStrasseID="6581" ObjHausnummer="Gneisenaustraße 37" ObjVorlage="2013-09-11 00:00:00.0" ObKeinKontakt="1" ObjArtID="5" Merkmal="0.0" ObjInfo="H.Heinsohn"/>
  <Objekte ObjID="1642" ObjAufnahme="1997-04-07" ObjLetztKontakt="1997-04-07" ObjStrasseID="6581" ObjHausnummer="Gneisenaustraße 39" ObjVorlage="2013-09-11 00:00:00.0" ObKeinKontakt="1" ObjArtID="5" Merkmal="0.0" ObjInfo="hans-günter Mörbitz 813732"/>
  <Objekte ObjID="1643" ObjAufnahme="1997-04-07" ObjLetztKontakt="1997-04-07" ObjStrasseID="6581" ObjHausnummer="Gneisenaustraße 41" ObjVorlage="2013-09-11 00:00:00.0" ObKeinKontakt="1" ObjArtID="5" Merkmal="0.0" ObjInfo="E.Kubisch 815298"/>
  <Objekte ObjID="1644" ObjAufnahme="1997-04-07" ObjLetztKontakt="1997-04-07" ObjStrasseID="6581" ObjHausnummer="Gneisenaustraße 43" ObjVorlage="2013-09-11 00:00:00.0" ObKeinKontakt="1" ObjArtID="5" Merkmal="0.0" ObjInfo="Dr. Michael Hüser"/>
  <Objekte ObjID="1645" ObjAufnahme="1997-04-07" ObjLetztKontakt="1997-04-07" ObjStrasseID="6581" ObjHausnummer="Gneisenaustraße 45" ObjVorlage="2013-09-11 00:00:00.0" ObKeinKontakt="1" ObjArtID="5" Merkmal="0.0" ObjInfo="Frau E. Bölke 817187"/>
  <Objekte ObjID="1646" ObjAufnahme="1997-04-07" ObjLetztKontakt="1997-04-07" ObjStrasseID="6581" ObjHausnummer="Gneisenaustraße 47" ObjVorlage="2013-09-11 00:00:00.0" ObKeinKontakt="1" ObjArtID="5" Merkmal="0.0" ObjInfo="H.J.Rochell"/>
  <Objekte ObjID="1647" ObjAufnahme="1997-04-07" ObjLetztKontakt="1997-04-07" ObjStrasseID="6581" ObjHausnummer="Gneisenaustraße 49" ObjVorlage="2013-09-11 00:00:00.0" ObKeinKontakt="1" ObjArtID="5" Merkmal="0.0" ObjInfo="Neuenhoff Immobilien 812047"/>
  <Objekte ObjID="1648" ObjAufnahme="1997-04-07" ObjLetztKontakt="1997-04-07" ObjStrasseID="6581" ObjHausnummer="Gneisenaustraße 51" ObjVorlage="2013-09-11 00:00:00.0" ObKeinKontakt="1" ObjArtID="5" Merkmal="0.0" ObjInfo="früher: Scherrer K.,Anne Hecking 810688"/>
  <Objekte ObjID="1649" ObjAufnahme="1997-04-07" ObjLetztKontakt="1997-04-07" ObjStrasseID="6581" ObjHausnummer="Gneisenaustraße 53" ObjVorlage="2013-09-11 00:00:00.0" ObKeinKontakt="1" ObjArtID="177" Merkmal="0.0" ObjInfo="z.B. Andreas Gebler 1319171 priv. 810490"/>
  <Objekte ObjID="1650" ObjAufnahme="1997-04-07" ObjLetztKontakt="1997-04-07" ObjStrasseID="6581" ObjHausnummer="Gneisenaustraße 55" ObjVorlage="2013-09-11 00:00:00.0" ObKeinKontakt="2" ObjArtID="5" Merkmal="0.0"/>
  <Objekte ObjID="1651" ObjAufnahme="1997-04-07" ObjLetztKontakt="1997-04-07" ObjStrasseID="6581" ObjHausnummer="Gneisenaustraße 57" ObjVorlage="2013-09-11 00:00:00.0" ObKeinKontakt="1" ObjArtID="5" Merkmal="0.9999999999999999"/>
  <Objekte ObjID="1652" ObjAufnahme="1997-04-07" ObjLetztKontakt="1997-04-07" ObjStrasseID="6581" ObjHausnummer="Gneisenaustraße 61" ObjVorlage="2013-09-11 00:00:00.0" ObKeinKontakt="1" ObjArtID="5" Merkmal="0.0" ObjInfo="Bundesvermögensamt  67440"/>
  <Objekte ObjID="1653" ObjAufnahme="1997-04-07" ObjLetztKontakt="1997-04-07" ObjStrasseID="6581" ObjHausnummer="Gneisenaustraße 63" ObjVorlage="2013-09-11 00:00:00.0" ObKeinKontakt="1" ObjArtID="5" Merkmal="0.0" ObjInfo="Bundesvermögensamt"/>
  <Objekte ObjID="1654" ObjAufnahme="1997-04-07" ObjLetztKontakt="1997-04-07" ObjStrasseID="6581" ObjHausnummer="Gneisenaustraße 65" ObjVorlage="2013-09-11 00:00:00.0" ObKeinKontakt="1" ObjArtID="5" Merkmal="0.0" ObjInfo="Bundesvermögensamt"/>
  <Objekte ObjID="1655" ObjAufnahme="1997-04-07" ObjLetztKontakt="1997-04-07" ObjStrasseID="6581" ObjHausnummer="Gneisenaustraße 67" ObjVorlage="2013-09-11 00:00:00.0" ObKeinKontakt="1" ObjArtID="5" Merkmal="0.0" ObjInfo="Bundesvermögensamt"/>
  <Objekte ObjID="1656" ObjAufnahme="1997-04-07" ObjLetztKontakt="1997-04-07" ObjStrasseID="6581" ObjHausnummer="Gneisenaustraße 69" ObjVorlage="2013-09-11 00:00:00.0" ObKeinKontakt="1" ObjArtID="5" Merkmal="0.0" ObjInfo="Bundesvermögensamt"/>
  <Objekte ObjID="1657" ObjAufnahme="1997-04-07" ObjLetztKontakt="1997-04-07" ObjStrasseID="6581" ObjHausnummer="Gneisenaustraße 92" ObjVorlage="2013-09-11 00:00:00.0" ObKeinKontakt="1" ObjArtID="5" Merkmal="0.0" ObjInfo="Nileg"/>
  <Objekte ObjID="1658" ObjAufnahme="1997-04-07" ObjLetztKontakt="1997-04-07" ObjStrasseID="6581" ObjHausnummer="Gneisenaustraße 90" ObjVorlage="2013-09-11 00:00:00.0" ObKeinKontakt="1" ObjArtID="5" Merkmal="0.0" ObjInfo="Nileg"/>
  <Objekte ObjID="1659" ObjAufnahme="1997-04-07" ObjLetztKontakt="1997-04-07" ObjStrasseID="6581" ObjHausnummer="Gneisenaustraße 88" ObjVorlage="2013-09-11 00:00:00.0" ObKeinKontakt="1" ObjArtID="5" Merkmal="0.0" ObjInfo="Nileg"/>
  <Objekte ObjID="1660" ObjAufnahme="1997-04-07" ObjLetztKontakt="1997-04-07" ObjStrasseID="6581" ObjHausnummer="Gneisenaustraße 86" ObjVorlage="2013-09-11 00:00:00.0" ObKeinKontakt="1" ObjArtID="5" Merkmal="0.0" ObjInfo="Nileg"/>
  <Objekte ObjID="1661" ObjAufnahme="1997-04-07" ObjLetztKontakt="1997-04-07" ObjStrasseID="6581" ObjHausnummer="Gneisenaustraße 84" ObjVorlage="2013-09-11 00:00:00.0" ObKeinKontakt="1" ObjArtID="5" Merkmal="0.0" ObjInfo="Nileg"/>
  <Objekte ObjID="1662" ObjAufnahme="1997-04-07" ObjLetztKontakt="1997-04-07" ObjStrasseID="6581" ObjHausnummer="Gneisenaustraße 82" ObjVorlage="2013-09-11 00:00:00.0" ObKeinKontakt="1" ObjArtID="5" Merkmal="0.0" ObjInfo="Nileg"/>
  <Objekte ObjID="1663" ObjAufnahme="1997-04-07" ObjLetztKontakt="1997-04-07" ObjStrasseID="6581" ObjHausnummer="Gneisenaustraße 80" ObjVorlage="2013-09-11 00:00:00.0" ObKeinKontakt="1" ObjArtID="5" Merkmal="0.0" ObjInfo="Nileg"/>
  <Objekte ObjID="1664" ObjAufnahme="1997-04-07" ObjLetztKontakt="1997-04-07" ObjStrasseID="6581" ObjHausnummer="Gneisenaustraße 78" ObjVorlage="2013-09-11 00:00:00.0" ObKeinKontakt="1" ObjArtID="5" Merkmal="0.0" ObjInfo="Nileg"/>
  <Objekte ObjID="1665" ObjAufnahme="1997-04-07" ObjLetztKontakt="1997-04-07" ObjStrasseID="6581" ObjHausnummer="Gneisenaustraße 76" ObjVorlage="2013-09-11 00:00:00.0" ObKeinKontakt="1" ObjArtID="5" Merkmal="0.0" ObjInfo="76 92 NILEG 81160 z.B. frau becker 8116651"/>
  <Objekte ObjID="1666" ObjAufnahme="1997-04-07" ObjLetztKontakt="1997-04-07" ObjStrasseID="6581" ObjHausnummer="Gneisenaustraße 74" ObjVorlage="2013-09-11 00:00:00.0" ObKeinKontakt="1" ObjArtID="5" Merkmal="0.0" ObjInfo="Bundesvermögensamt"/>
  <Objekte ObjID="1667" ObjAufnahme="1997-04-07" ObjLetztKontakt="1997-04-07" ObjStrasseID="6581" ObjHausnummer="Gneisenaustraße 72" ObjVorlage="2013-09-11 00:00:00.0" ObKeinKontakt="1" ObjArtID="5" Merkmal="0.0" ObjInfo="Bundesvermögensamt"/>
  <Objekte ObjID="1668" ObjAufnahme="1997-04-07" ObjLetztKontakt="1997-04-07" ObjStrasseID="6581" ObjHausnummer="Gneisenaustraße 70" ObjVorlage="2013-09-11 00:00:00.0" ObKeinKontakt="1" ObjArtID="5" Merkmal="0.0" ObjInfo="Bundesvermögensamt"/>
  <Objekte ObjID="1669" ObjAufnahme="1997-04-07" ObjLetztKontakt="1997-04-07" ObjStrasseID="6581" ObjHausnummer="Gneisenaustraße 68" ObjVorlage="2013-09-11 00:00:00.0" ObKeinKontakt="1" ObjArtID="1" Merkmal="0.0" ObjInfo="Bundesvermögensamt"/>
  <Objekte ObjID="1670" ObjAufnahme="1997-04-07" ObjLetztKontakt="1997-04-07" ObjStrasseID="6581" ObjHausnummer="Gneisenaustraße 66" ObjVorlage="2013-09-11 00:00:00.0" ObKeinKontakt="1" ObjArtID="5" Merkmal="0.0" ObjInfo="Bundesvermögensamt"/>
  <Objekte ObjID="1671" ObjAufnahme="1997-04-07" ObjLetztKontakt="1997-04-07" ObjStrasseID="6581" ObjHausnummer="Gneisenaustraße 58" ObjVorlage="2013-09-11 00:00:00.0" ObKeinKontakt="1" ObjArtID="5" Merkmal="0.0" ObjInfo="Überprüfen"/>
  <Objekte ObjID="1672" ObjAufnahme="1997-04-07" ObjLetztKontakt="1997-04-07" ObjStrasseID="6581" ObjHausnummer="Gneisenaustraße 54" ObjVorlage="2013-09-11 00:00:00.0" ObKeinKontakt="1" ObjArtID="5" Merkmal="0.0" ObjInfo="Wohnbau Gmbh"/>
  <Objekte ObjID="1673" ObjAufnahme="1997-04-07" ObjLetztKontakt="1997-04-07" ObjStrasseID="6581" ObjHausnummer="Gneisenaustraße 50" ObjVorlage="2013-09-11 00:00:00.0" ObKeinKontakt="1" ObjArtID="5" Merkmal="0.0"/>
  <Objekte ObjID="1674" ObjAufnahme="1997-04-07" ObjLetztKontakt="1997-04-07" ObjStrasseID="6581" ObjHausnummer="Gneisenaustraße 48" ObjVorlage="2013-09-11 00:00:00.0" ObKeinKontakt="1" ObjArtID="5" Merkmal="0.0"/>
  <Objekte ObjID="1675" ObjAufnahme="1997-04-07" ObjLetztKontakt="1997-04-07" ObjStrasseID="6581" ObjHausnummer="Gneisenaustraße 46" ObjVorlage="2013-09-11 00:00:00.0" ObKeinKontakt="1" ObjArtID="5" Merkmal="0.0"/>
  <Objekte ObjID="1676" ObjAufnahme="1997-04-07" ObjLetztKontakt="1997-04-07" ObjStrasseID="6581" ObjHausnummer="Gneisenaustraße 42" ObjVorlage="2013-09-11 00:00:00.0" ObKeinKontakt="1" ObjArtID="5" Merkmal="0.0"/>
  <Objekte ObjID="1677" ObjAufnahme="1997-04-07" ObjLetztKontakt="1997-04-07" ObjStrasseID="6581" ObjHausnummer="Gneisenaustraße 38" ObjVorlage="2013-09-11 00:00:00.0" ObKeinKontakt="2" ObjArtID="5" Merkmal="0.0" ObjInfo="Wohnbau GmbH 38-52"/>
  <Objekte ObjID="1678" ObjAufnahme="1997-04-07" ObjLetztKontakt="1997-04-07" ObjStrasseID="6002" ObjHausnummer="Bödekerstraße 18" ObjVorlage="2013-09-11 00:00:00.0" ObKeinKontakt="1" ObjArtID="5" Merkmal="0.0"/>
  <Objekte ObjID="1679" ObjAufnahme="1997-04-07" ObjLetztKontakt="1997-04-07" ObjStrasseID="6002" ObjHausnummer="Bödekerstraße 16" ObjVorlage="2013-09-11 00:00:00.0" ObKeinKontakt="1" ObjArtID="5" Merkmal="0.0"/>
  <Objekte ObjID="1680" ObjAufnahme="1997-04-07" ObjLetztKontakt="1997-04-07" ObjStrasseID="6002" ObjHausnummer="Bödekerstraße 14" ObjVorlage="2013-09-11 00:00:00.0" ObKeinKontakt="1" ObjArtID="5" Merkmal="0.0"/>
  <Objekte ObjID="1681" ObjAufnahme="1997-04-07" ObjLetztKontakt="1997-04-07" ObjStrasseID="6002" ObjHausnummer="Bödekerstraße 12" ObjVorlage="2013-09-11 00:00:00.0" ObKeinKontakt="1" ObjArtID="5" Merkmal="0.0"/>
  <Objekte ObjID="1682" ObjAufnahme="1997-04-07" ObjLetztKontakt="1997-04-07" ObjStrasseID="6002" ObjHausnummer="Bödekerstraße 8" ObjVorlage="2013-09-11 00:00:00.0" ObKeinKontakt="1" ObjArtID="186" Merkmal="0.0"/>
  <Objekte ObjID="1683" ObjAufnahme="1997-04-07" ObjLetztKontakt="1997-04-07" ObjStrasseID="6002" ObjHausnummer="Bödekerstraße 6" ObjVorlage="2013-09-11 00:00:00.0" ObKeinKontakt="1" ObjArtID="5" Merkmal="0.0"/>
  <Objekte ObjID="1684" ObjAufnahme="1997-04-07" ObjLetztKontakt="1997-04-07" ObjStrasseID="6002" ObjHausnummer="Bödekerstraße 2" ObjVorlage="2013-09-11 00:00:00.0" ObKeinKontakt="1" ObjArtID="5" Merkmal="0.0"/>
  <Objekte ObjID="1685" ObjAufnahme="1997-04-07" ObjLetztKontakt="1997-04-07" ObjStrasseID="6002" ObjHausnummer="Bödekerstraße 1" ObjVorlage="2013-09-11 00:00:00.0" ObKeinKontakt="1" ObjArtID="5" Merkmal="0.0"/>
  <Objekte ObjID="1686" ObjAufnahme="1997-04-07" ObjLetztKontakt="1997-04-07" ObjStrasseID="6002" ObjHausnummer="Bödekerstraße 3" ObjVorlage="2013-09-11 00:00:00.0" ObKeinKontakt="1" ObjArtID="5" Merkmal="0.0"/>
  <Objekte ObjID="1687" ObjAufnahme="1997-04-07" ObjLetztKontakt="1997-04-07" ObjStrasseID="6002" ObjHausnummer="Bödekerstraße 5" ObjVorlage="2013-09-11 00:00:00.0" ObKeinKontakt="1" ObjArtID="5" Merkmal="0.0"/>
  <Objekte ObjID="1688" ObjAufnahme="1997-04-07" ObjLetztKontakt="1997-04-07" ObjStrasseID="6002" ObjHausnummer="Bödekerstraße 7" ObjVorlage="2013-09-11 00:00:00.0" ObKeinKontakt="1" ObjArtID="9" Merkmal="0.0"/>
  <Objekte ObjID="1689" ObjAufnahme="1997-04-07" ObjLetztKontakt="1997-04-07" ObjStrasseID="6002" ObjHausnummer="Bödekerstraße 9" ObjVorlage="2013-09-11 00:00:00.0" ObKeinKontakt="1" ObjArtID="5" Merkmal="0.0"/>
  <Objekte ObjID="1690" ObjAufnahme="1997-04-07" ObjLetztKontakt="1997-04-07" ObjStrasseID="6002" ObjHausnummer="Bödekerstraße 11" ObjVorlage="2013-09-11 00:00:00.0" ObKeinKontakt="1" ObjArtID="5" Merkmal="0.0"/>
  <Objekte ObjID="1691" ObjAufnahme="1997-04-07" ObjLetztKontakt="1997-04-07" ObjStrasseID="6002" ObjHausnummer="Bödekerstraße 13" ObjVorlage="2013-09-11 00:00:00.0" ObKeinKontakt="1" ObjArtID="5" Merkmal="0.0"/>
  <Objekte ObjID="1692" ObjAufnahme="1997-04-07" ObjLetztKontakt="1997-04-07" ObjStrasseID="6002" ObjHausnummer="Bödekerstraße 15" ObjVorlage="2013-09-11 00:00:00.0" ObKeinKontakt="1" ObjArtID="5" Merkmal="0.0"/>
  <Objekte ObjID="1693" ObjAufnahme="1997-04-07" ObjLetztKontakt="1997-04-07" ObjStrasseID="6002" ObjHausnummer="Bödekerstraße 17" ObjVorlage="2013-09-11 00:00:00.0" ObKeinKontakt="1" ObjArtID="5" Merkmal="0.0"/>
  <Objekte ObjID="1694" ObjAufnahme="1997-04-07" ObjLetztKontakt="1997-04-07" ObjStrasseID="6002" ObjHausnummer="Bödekerstraße 21" ObjVorlage="2013-09-11 00:00:00.0" ObKeinKontakt="1" ObjArtID="5" Merkmal="0.0"/>
  <Objekte ObjID="1695" ObjAufnahme="1997-04-07" ObjLetztKontakt="1997-04-07" ObjStrasseID="6002" ObjHausnummer="Bödekerstraße 23" ObjVorlage="2013-09-11 00:00:00.0" ObKeinKontakt="1" ObjArtID="5" Merkmal="0.0"/>
  <Objekte ObjID="1696" ObjAufnahme="1997-04-07" ObjLetztKontakt="1997-04-07" ObjStrasseID="6002" ObjHausnummer="Bödekerstraße 25" ObjVorlage="2013-09-11 00:00:00.0" ObKeinKontakt="1" ObjArtID="5" Merkmal="0.0"/>
  <Objekte ObjID="1697" ObjAufnahme="1997-04-07" ObjLetztKontakt="2001-06-11" ObjStrasseID="6002" ObjHausnummer="Bödekerstraße 27" ObjVorlage="2013-09-11 00:00:00.0" ObKeinKontakt="9" ObjArtID="119" Merkmal="0.0" ObjInfo="289127\"/>
  <Objekte ObjID="1699" ObjAufnahme="1997-04-07" ObjLetztKontakt="1997-04-07" ObjStrasseID="6002" ObjHausnummer="Bödekerstraße 31" ObjVorlage="2013-09-11 00:00:00.0" ObKeinKontakt="5" ObjArtID="170" Merkmal="0.0" ObjInfo="596183\2 Blk. Grg. i.d.Nähe"/>
  <Objekte ObjID="1700" ObjAufnahme="1997-04-07" ObjLetztKontakt="1997-04-07" ObjStrasseID="6002" ObjHausnummer="Bödekerstraße 33" ObjVorlage="2013-09-11 00:00:00.0" ObKeinKontakt="1" ObjArtID="5" Merkmal="0.0"/>
  <Objekte ObjID="1701" ObjAufnahme="1997-04-07" ObjLetztKontakt="1997-04-07" ObjStrasseID="6002" ObjHausnummer="Bödekerstraße 35" ObjVorlage="2013-09-11 00:00:00.0" ObKeinKontakt="1" ObjArtID="5" Merkmal="0.0"/>
  <Objekte ObjID="1702" ObjAufnahme="1997-04-07" ObjLetztKontakt="2013-06-29" ObjStrasseID="6002" ObjHausnummer="Bödekerstraße 37" ObjVorlage="2013-09-11 00:00:00.0" ObKeinKontakt="2" ObjArtID="5" Merkmal="0.0"/>
  <Objekte ObjID="1703" ObjAufnahme="1997-04-07" ObjLetztKontakt="1997-04-07" ObjStrasseID="6002" ObjHausnummer="Bödekerstraße 39" ObjVorlage="2013-09-11 00:00:00.0" ObKeinKontakt="1" ObjArtID="5" Merkmal="0.0"/>
  <Objekte ObjID="1704" ObjAufnahme="1997-04-07" ObjLetztKontakt="1997-04-07" ObjStrasseID="6002" ObjHausnummer="Bödekerstraße 41" ObjVorlage="2013-09-11 00:00:00.0" ObKeinKontakt="1" ObjArtID="5" Merkmal="0.0"/>
  <Objekte ObjID="1706" ObjAufnahme="1997-04-07" ObjLetztKontakt="1997-04-07" ObjStrasseID="6002" ObjHausnummer="Bödekerstraße 45" ObjVorlage="2013-09-11 00:00:00.0" ObKeinKontakt="1" ObjArtID="5" Merkmal="0.0"/>
  <Objekte ObjID="1707" ObjAufnahme="1997-04-07" ObjLetztKontakt="1997-04-07" ObjStrasseID="6002" ObjHausnummer="Bödekerstraße 47" ObjVorlage="2013-09-11 00:00:00.0" ObKeinKontakt="1" ObjArtID="5" Merkmal="0.0"/>
  <Objekte ObjID="1708" ObjAufnahme="1997-04-07" ObjLetztKontakt="1997-04-07" ObjStrasseID="6002" ObjHausnummer="Bödekerstraße 49" ObjVorlage="2013-09-11 00:00:00.0" ObKeinKontakt="1" ObjArtID="5" Merkmal="0.0"/>
  <Objekte ObjID="1709" ObjAufnahme="1997-04-07" ObjLetztKontakt="1997-04-07" ObjStrasseID="6002" ObjHausnummer="Bödekerstraße 51" ObjVorlage="2013-09-11 00:00:00.0" ObKeinKontakt="1" ObjArtID="5" Merkmal="0.0"/>
  <Objekte ObjID="1710" ObjAufnahme="1997-04-07" ObjLetztKontakt="1997-04-07" ObjStrasseID="6002" ObjHausnummer="Bödekerstraße 53" ObjVorlage="2013-09-11 00:00:00.0" ObKeinKontakt="1" ObjArtID="5" Merkmal="0.0"/>
  <Objekte ObjID="1711" ObjAufnahme="1997-04-07" ObjLetztKontakt="1997-04-07" ObjStrasseID="6002" ObjHausnummer="Bödekerstraße 55" ObjVorlage="2013-09-11 00:00:00.0" ObKeinKontakt="1" ObjArtID="99" Merkmal="0.0"/>
  <Objekte ObjID="1712" ObjAufnahme="1997-04-07" ObjLetztKontakt="1997-04-07" ObjStrasseID="6002" ObjHausnummer="Bödekerstraße 57" ObjVorlage="2013-09-11 00:00:00.0" ObKeinKontakt="1" ObjArtID="1" Merkmal="0.0" ObjInfo="vielleicht Christian Popa allda"/>
  <Objekte ObjID="1713" ObjAufnahme="1997-04-07" ObjLetztKontakt="1997-04-07" ObjStrasseID="6002" ObjHausnummer="Bödekerstraße 59" ObjVorlage="2013-09-11 00:00:00.0" ObKeinKontakt="1" ObjArtID="5" Merkmal="0.0" ObjInfo="Deutscher evangelischer Frauenbund e.V. Haus Eilenriede 30559 Hannover"/>
  <Objekte ObjID="1714" ObjAufnahme="1997-04-07" ObjLetztKontakt="1997-04-07" ObjStrasseID="6002" ObjHausnummer="Bödekerstraße 61" ObjVorlage="2013-09-11 00:00:00.0" ObKeinKontakt="1" ObjArtID="5" Merkmal="0.0" ObjInfo="Herr G. Koepnik Mendelsohnstr. 33 30173 hannover Tel.888723"/>
  <Objekte ObjID="1715" ObjAufnahme="1997-04-07" ObjLetztKontakt="1997-04-07" ObjStrasseID="6002" ObjHausnummer="Bödekerstraße 63" ObjVorlage="2013-09-11 00:00:00.0" ObKeinKontakt="1" ObjArtID="5" Merkmal="0.0" ObjInfo="Herr Mazur Vornhäger Straße 66 Stadthagen Tel. vielleicht 05721-91708 verwalter Herr Suhr-Hemel 662750"/>
  <Objekte ObjID="1716" ObjAufnahme="1997-04-07" ObjLetztKontakt="1997-04-07" ObjStrasseID="6002" ObjHausnummer="Bödekerstraße 65" ObjVorlage="2013-09-11 00:00:00.0" ObKeinKontakt="1" ObjArtID="5" Merkmal="0.0"/>
  <Objekte ObjID="1717" ObjAufnahme="1997-04-07" ObjLetztKontakt="1997-04-07" ObjStrasseID="6002" ObjHausnummer="Bödekerstraße 67" ObjVorlage="2013-09-11 00:00:00.0" ObKeinKontakt="1" ObjArtID="5" Merkmal="0.0"/>
  <Objekte ObjID="1718" ObjAufnahme="1997-04-07" ObjLetztKontakt="1997-04-07" ObjStrasseID="6002" ObjHausnummer="Bödekerstraße 69" ObjVorlage="2013-09-11 00:00:00.0" ObKeinKontakt="1" ObjArtID="5" Merkmal="0.0" ObjInfo="Herr Pook, Walderseestr 19, Hausmeister Herr Filter 660634 dienstl. 662621"/>
  <Objekte ObjID="1719" ObjAufnahme="1997-04-07" ObjLetztKontakt="1997-04-07" ObjStrasseID="6002" ObjHausnummer="Bödekerstraße 71" ObjVorlage="2013-09-11 00:00:00.0" ObKeinKontakt="1" ObjArtID="5" Merkmal="0.0"/>
  <Objekte ObjID="1720" ObjAufnahme="1997-04-07" ObjLetztKontakt="1997-04-07" ObjStrasseID="6002" ObjHausnummer="Bödekerstraße 73" ObjVorlage="2013-09-11 00:00:00.0" ObKeinKontakt="1" ObjArtID="5" Merkmal="0.0"/>
  <Objekte ObjID="1721" ObjAufnahme="1997-04-07" ObjLetztKontakt="1997-04-07" ObjStrasseID="6002" ObjHausnummer="Bödekerstraße 75" ObjVorlage="2013-09-11 00:00:00.0" ObKeinKontakt="1" ObjArtID="177" Merkmal="0.0"/>
  <Objekte ObjID="1722" ObjAufnahme="1997-04-07" ObjLetztKontakt="1997-04-07" ObjStrasseID="6002" ObjHausnummer="Bödekerstraße 77" ObjVorlage="2013-09-11 00:00:00.0" ObKeinKontakt="1" ObjArtID="5" Merkmal="0.0"/>
  <Objekte ObjID="1723" ObjAufnahme="1997-04-07" ObjLetztKontakt="1997-04-07" ObjStrasseID="6002" ObjHausnummer="Bödekerstraße 79" ObjVorlage="2013-09-11 00:00:00.0" ObKeinKontakt="1" ObjArtID="5" Merkmal="0.0"/>
  <Objekte ObjID="1724" ObjAufnahme="1997-04-07" ObjLetztKontakt="1997-04-07" ObjStrasseID="6002" ObjHausnummer="Bödekerstraße 81" ObjVorlage="2013-09-11 00:00:00.0" ObKeinKontakt="1" ObjArtID="5" Merkmal="0.0"/>
  <Objekte ObjID="1725" ObjAufnahme="1997-04-07" ObjLetztKontakt="1997-04-07" ObjStrasseID="6002" ObjHausnummer="Bödekerstraße 83" ObjVorlage="2013-09-11 00:00:00.0" ObKeinKontakt="1" ObjArtID="5" Merkmal="0.0"/>
  <Objekte ObjID="1726" ObjAufnahme="1997-04-07" ObjLetztKontakt="1997-04-07" ObjStrasseID="6002" ObjHausnummer="Bödekerstraße 85" ObjVorlage="2013-09-11 00:00:00.0" ObKeinKontakt="1" ObjArtID="5" Merkmal="0.0"/>
  <Objekte ObjID="1728" ObjAufnahme="1997-04-07" ObjLetztKontakt="1997-04-07" ObjStrasseID="6002" ObjHausnummer="Bödekerstraße 106" ObjVorlage="2013-09-11 00:00:00.0" ObKeinKontakt="1" ObjArtID="5" Merkmal="0.0"/>
  <Objekte ObjID="1729" ObjAufnahme="1997-04-07" ObjLetztKontakt="1997-04-07" ObjStrasseID="6002" ObjHausnummer="Bödekerstraße 98" ObjVorlage="2013-09-11 00:00:00.0" ObKeinKontakt="1" ObjArtID="5" Merkmal="0.0" ObjInfo="Herr H.Weber Bödekerstr. 98"/>
  <Objekte ObjID="1730" ObjAufnahme="1997-04-07" ObjLetztKontakt="1999-07-08" ObjStrasseID="6002" ObjHausnummer="Bödekerstraße 96" ObjVorlage="2013-09-11 00:00:00.0" ObKeinKontakt="1" ObjArtID="192" Merkmal="0.9999999999999999" ObjInfo="550240\Blk Garten"/>
  <Objekte ObjID="1731" ObjAufnahme="1997-04-07" ObjLetztKontakt="1997-04-07" ObjStrasseID="6002" ObjHausnummer="Bödekerstraße 94" ObjVorlage="2013-09-11 00:00:00.0" ObKeinKontakt="1" ObjArtID="5" Merkmal="0.0" ObjInfo="Hausverwaltung Richter Ahlten Kopernukusstr. 10 Lhg. 772007"/>
  <Objekte ObjID="1732" ObjAufnahme="1997-04-07" ObjLetztKontakt="1997-04-07" ObjStrasseID="6002" ObjHausnummer="Bödekerstraße 92" ObjVorlage="2013-09-11 00:00:00.0" ObKeinKontakt="1" ObjArtID="5" Merkmal="0.0" ObjInfo="Herr W. Skyrde Bödekerstr. 92 660126"/>
  <Objekte ObjID="1733" ObjAufnahme="1997-04-07" ObjLetztKontakt="1997-04-07" ObjStrasseID="6002" ObjHausnummer="Bödekerstraße 90" ObjVorlage="2013-09-11 00:00:00.0" ObKeinKontakt="1" ObjArtID="5" Merkmal="0.0" ObjInfo="Holzkamp-Klischke Bauunternehmer Brabeckstr. 112 30539 Hannover 952940"/>
  <Objekte ObjID="1734" ObjAufnahme="1997-04-07" ObjLetztKontakt="2002-05-03" ObjStrasseID="6002" ObjHausnummer="Bödekerstraße 88" ObjVorlage="2013-09-11 00:00:00.0" ObKeinKontakt="5" ObjArtID="141" Merkmal="0.0" ObjInfo="Baujahr 1847 hausgemeinschjaft Barsch Hildesheim"/>
  <Objekte ObjID="1735" ObjAufnahme="1997-04-07" ObjLetztKontakt="1997-04-07" ObjStrasseID="6002" ObjHausnummer="Bödekerstraße 86" ObjVorlage="2013-09-11 00:00:00.0" ObKeinKontakt="1" ObjArtID="177" Merkmal="0.0" ObjInfo="Herr Eckhardt München"/>
  <Objekte ObjID="1736" ObjAufnahme="1997-04-07" ObjLetztKontakt="1997-04-07" ObjStrasseID="6002" ObjHausnummer="Bödekerstraße 84" ObjVorlage="2013-09-11 00:00:00.0" ObKeinKontakt="1" ObjArtID="5" Merkmal="0.0" ObjInfo="Jürgen Gessner Aidenbachstr. 140 61479 München ? Hauswart Herr Kurt Meier 629995"/>
  <Objekte ObjID="1737" ObjAufnahme="1997-04-07" ObjLetztKontakt="1997-04-07" ObjStrasseID="6002" ObjHausnummer="Bödekerstraße 82" ObjVorlage="2013-09-11 00:00:00.0" ObKeinKontakt="1" ObjArtID="5" Merkmal="0.0"/>
  <Objekte ObjID="1738" ObjAufnahme="1997-04-07" ObjLetztKontakt="1997-04-07" ObjStrasseID="6002" ObjHausnummer="Bödekerstraße 80" ObjVorlage="2013-09-11 00:00:00.0" ObKeinKontakt="1" ObjArtID="5" Merkmal="0.0"/>
  <Objekte ObjID="1739" ObjAufnahme="1997-04-07" ObjLetztKontakt="1997-04-07" ObjStrasseID="6002" ObjHausnummer="Bödekerstraße 74" ObjVorlage="2013-09-11 00:00:00.0" ObKeinKontakt="1" ObjArtID="5" Merkmal="0.0"/>
  <Objekte ObjID="1740" ObjAufnahme="1997-04-07" ObjLetztKontakt="1997-04-07" ObjStrasseID="6002" ObjHausnummer="Bödekerstraße 72" ObjVorlage="2013-09-11 00:00:00.0" ObKeinKontakt="1" ObjArtID="5" Merkmal="0.0"/>
  <Objekte ObjID="1741" ObjAufnahme="1997-04-07" ObjLetztKontakt="1997-04-07" ObjStrasseID="6002" ObjHausnummer="Bödekerstraße 70" ObjVorlage="2013-09-11 00:00:00.0" ObKeinKontakt="1" ObjArtID="9" Merkmal="0.0"/>
  <Objekte ObjID="1742" ObjAufnahme="1997-04-07" ObjLetztKontakt="1997-04-07" ObjStrasseID="6002" ObjHausnummer="Bödekerstraße 68" ObjVorlage="2013-09-11 00:00:00.0" ObKeinKontakt="1" ObjArtID="249" Merkmal="0.0" ObjInfo="610250\Blk."/>
  <Objekte ObjID="1743" ObjAufnahme="1997-04-07" ObjLetztKontakt="1997-04-07" ObjStrasseID="6002" ObjHausnummer="Bödekerstraße 66" ObjVorlage="2013-09-11 00:00:00.0" ObKeinKontakt="1" ObjArtID="190" Merkmal="0.0"/>
  <Objekte ObjID="1744" ObjAufnahme="1997-04-07" ObjLetztKontakt="1997-04-07" ObjStrasseID="6002" ObjHausnummer="Bödekerstraße 64" ObjVorlage="2013-09-11 00:00:00.0" ObKeinKontakt="1" ObjArtID="165" Merkmal="0.0"/>
  <Objekte ObjID="1745" ObjAufnahme="1997-04-07" ObjLetztKontakt="1997-04-07" ObjStrasseID="6002" ObjHausnummer="Bödekerstraße 62" ObjVorlage="2013-09-11 00:00:00.0" ObKeinKontakt="1" ObjArtID="5" Merkmal="0.0"/>
  <Objekte ObjID="1746" ObjAufnahme="1997-04-07" ObjLetztKontakt="1997-04-07" ObjStrasseID="6002" ObjHausnummer="Bödekerstraße 60" ObjVorlage="2013-09-11 00:00:00.0" ObKeinKontakt="1" ObjArtID="5" Merkmal="0.0"/>
  <Objekte ObjID="1747" ObjAufnahme="1997-04-07" ObjLetztKontakt="1997-04-07" ObjStrasseID="6002" ObjHausnummer="Bödekerstraße 58" ObjVorlage="2013-09-11 00:00:00.0" ObKeinKontakt="1" ObjArtID="5" Merkmal="0.0"/>
  <Objekte ObjID="1748" ObjAufnahme="1997-04-07" ObjLetztKontakt="1997-04-07" ObjStrasseID="6002" ObjHausnummer="Bödekerstraße 56" ObjVorlage="2013-09-11 00:00:00.0" ObKeinKontakt="1" ObjArtID="5" Merkmal="0.0"/>
  <Objekte ObjID="1749" ObjAufnahme="1997-04-07" ObjLetztKontakt="1997-04-07" ObjStrasseID="6002" ObjHausnummer="Bödekerstraße 54" ObjVorlage="2013-09-11 00:00:00.0" ObKeinKontakt="1" ObjArtID="5" Merkmal="0.0"/>
  <Objekte ObjID="1750" ObjAufnahme="1997-04-07" ObjLetztKontakt="1997-04-07" ObjStrasseID="6002" ObjHausnummer="Bödekerstraße 52" ObjVorlage="2013-09-11 00:00:00.0" ObKeinKontakt="1" ObjArtID="5" Merkmal="0.0"/>
  <Objekte ObjID="1751" ObjAufnahme="1997-04-07" ObjLetztKontakt="1997-04-07" ObjStrasseID="6002" ObjHausnummer="Bödekerstraße 48" ObjVorlage="2013-09-11 00:00:00.0" ObKeinKontakt="1" ObjArtID="5" Merkmal="0.0"/>
  <Objekte ObjID="1753" ObjAufnahme="1997-04-07" ObjLetztKontakt="1997-04-07" ObjStrasseID="6002" ObjHausnummer="Bödekerstraße 44" ObjVorlage="2013-09-11 00:00:00.0" ObKeinKontakt="1" ObjArtID="5" Merkmal="0.0"/>
  <Objekte ObjID="1754" ObjAufnahme="1997-04-07" ObjLetztKontakt="1997-04-07" ObjStrasseID="6002" ObjHausnummer="Bödekerstraße 42" ObjVorlage="2013-09-11 00:00:00.0" ObKeinKontakt="1" ObjArtID="5" Merkmal="0.0"/>
  <Objekte ObjID="1755" ObjAufnahme="1997-04-07" ObjLetztKontakt="1997-04-07" ObjStrasseID="6002" ObjHausnummer="Bödekerstraße 40" ObjVorlage="2013-09-11 00:00:00.0" ObKeinKontakt="1" ObjArtID="5" Merkmal="0.0"/>
  <Objekte ObjID="1756" ObjAufnahme="1997-04-07" ObjLetztKontakt="1997-04-07" ObjStrasseID="6002" ObjHausnummer="Bödekerstraße 38" ObjVorlage="2013-09-11 00:00:00.0" ObKeinKontakt="1" ObjArtID="5" Merkmal="0.0"/>
  <Objekte ObjID="1757" ObjAufnahme="1997-04-07" ObjLetztKontakt="1997-04-07" ObjStrasseID="6002" ObjHausnummer="Bödekerstraße 36" ObjVorlage="2013-09-11 00:00:00.0" ObKeinKontakt="1" ObjArtID="5" Merkmal="0.0"/>
  <Objekte ObjID="1758" ObjAufnahme="1997-04-07" ObjLetztKontakt="1997-04-07" ObjStrasseID="6002" ObjHausnummer="Bödekerstraße 34" ObjVorlage="2013-09-11 00:00:00.0" ObKeinKontakt="1" ObjArtID="5" Merkmal="0.0"/>
  <Objekte ObjID="1759" ObjAufnahme="1997-04-07" ObjLetztKontakt="1997-04-07" ObjStrasseID="6002" ObjHausnummer="Bödekerstraße 32" ObjVorlage="2013-09-11 00:00:00.0" ObKeinKontakt="1" ObjArtID="5" Merkmal="0.0"/>
  <Objekte ObjID="1760" ObjAufnahme="1997-04-07" ObjLetztKontakt="1997-04-07" ObjStrasseID="6002" ObjHausnummer="Bödekerstraße 30" ObjVorlage="2013-09-11 00:00:00.0" ObKeinKontakt="1" ObjArtID="5" Merkmal="0.0"/>
  <Objekte ObjID="1761" ObjAufnahme="1997-04-07" ObjLetztKontakt="1997-04-07" ObjStrasseID="6002" ObjHausnummer="Bödekerstraße 28" ObjVorlage="2013-09-11 00:00:00.0" ObKeinKontakt="1" ObjArtID="5" Merkmal="0.0"/>
  <Objekte ObjID="1762" ObjAufnahme="1997-04-07" ObjLetztKontakt="1997-04-07" ObjStrasseID="6002" ObjHausnummer="Bödekerstraße 26" ObjVorlage="2013-09-11 00:00:00.0" ObKeinKontakt="1" ObjArtID="5" Merkmal="0.0"/>
  <Objekte ObjID="1763" ObjAufnahme="1997-04-07" ObjLetztKontakt="1997-04-07" ObjStrasseID="6002" ObjHausnummer="Bödekerstraße 22" ObjVorlage="2013-09-11 00:00:00.0" ObKeinKontakt="4" ObjArtID="5" Merkmal="0.0"/>
  <Objekte ObjID="1764" ObjAufnahme="1997-04-07" ObjLetztKontakt="1997-04-07" ObjStrasseID="6002" ObjHausnummer="Bödekerstraße 20" ObjVorlage="2013-09-11 00:00:00.0" ObKeinKontakt="1" ObjArtID="5" Merkmal="0.0"/>
  <Objekte ObjID="1766" ObjAufnahme="1997-04-07" ObjLetztKontakt="1997-04-07" ObjStrasseID="7407" ObjHausnummer="Lister Platz 3" ObjVorlage="2013-09-11 00:00:00.0" ObKeinKontakt="1" ObjArtID="5" Merkmal="0.0" ObjInfo="Batsch u. becker Verwaltung 553189"/>
  <Objekte ObjID="1767" ObjAufnahme="1997-04-07" ObjLetztKontakt="1999-11-19" ObjStrasseID="7407" ObjHausnummer="Lister Platz 1" ObjVorlage="2013-09-11 00:00:00.0" ObKeinKontakt="1" ObjArtID="5" Merkmal="0.0"/>
  <Objekte ObjID="1768" ObjAufnahme="1997-04-07" ObjLetztKontakt="1997-04-07" ObjStrasseID="6906" ObjHausnummer="Hohenzollernstraße 40" ObjVorlage="2013-09-11 00:00:00.0" ObKeinKontakt="1" ObjArtID="5" Merkmal="0.0"/>
  <Objekte ObjID="1770" ObjAufnahme="1997-05-11" ObjLetztKontakt="1997-05-11" ObjStrasseID="8570" ObjHausnummer="Weißekreuzstraße 25" ObjVorlage="2013-09-11 00:00:00.0" ObKeinKontakt="1" ObjArtID="1" Merkmal="0.0"/>
  <Objekte ObjID="1771" ObjAufnahme="1997-05-11" ObjLetztKontakt="1997-05-11" ObjStrasseID="8570" ObjHausnummer="Weißekreuzstraße 26" ObjVorlage="2013-09-11 00:00:00.0" ObKeinKontakt="1" ObjArtID="1" Merkmal="0.0"/>
  <Objekte ObjID="1772" ObjAufnahme="1997-05-11" ObjLetztKontakt="1997-05-11" ObjStrasseID="8570" ObjHausnummer="Weißekreuzstraße 27" ObjVorlage="2013-09-11 00:00:00.0" ObKeinKontakt="1" ObjArtID="1" Merkmal="0.0"/>
  <Objekte ObjID="1773" ObjAufnahme="1997-05-11" ObjLetztKontakt="1997-05-11" ObjStrasseID="8570" ObjHausnummer="Weißekreuzstraße 28" ObjVorlage="2013-09-11 00:00:00.0" ObKeinKontakt="1" ObjArtID="1" Merkmal="0.0"/>
  <Objekte ObjID="1774" ObjAufnahme="1997-05-11" ObjLetztKontakt="1997-05-11" ObjStrasseID="8570" ObjHausnummer="Weißekreuzstraße 29" ObjVorlage="2013-09-11 00:00:00.0" ObKeinKontakt="1" ObjArtID="1" Merkmal="0.0"/>
  <Objekte ObjID="1775" ObjAufnahme="1997-05-11" ObjLetztKontakt="1997-05-11" ObjStrasseID="8570" ObjHausnummer="Weißekreuzstraße 30" ObjVorlage="2013-09-11 00:00:00.0" ObKeinKontakt="1" ObjArtID="1" Merkmal="0.0"/>
  <Objekte ObjID="1776" ObjAufnahme="1997-05-11" ObjLetztKontakt="1997-05-11" ObjStrasseID="8570" ObjHausnummer="Weißekreuzstraße 31" ObjVorlage="2013-09-11 00:00:00.0" ObKeinKontakt="1" ObjArtID="1" Merkmal="0.0"/>
  <Objekte ObjID="1777" ObjAufnahme="1997-05-11" ObjLetztKontakt="1997-05-11" ObjStrasseID="6490" ObjHausnummer="Friesenstraße 14" ObjVorlage="2013-09-11 00:00:00.0" ObKeinKontakt="1" ObjArtID="1" Merkmal="0.0"/>
  <Objekte ObjID="1778" ObjAufnahme="1997-05-11" ObjLetztKontakt="1997-05-11" ObjStrasseID="6710" ObjHausnummer="Hallerstraße 34" ObjVorlage="2013-09-11 00:00:00.0" ObKeinKontakt="1" ObjArtID="1" Merkmal="0.0"/>
  <Objekte ObjID="1779" ObjAufnahme="1997-05-11" ObjLetztKontakt="1997-05-11" ObjStrasseID="6710" ObjHausnummer="Hallerstraße 32" ObjVorlage="2013-09-11 00:00:00.0" ObKeinKontakt="1" ObjArtID="1" Merkmal="0.0"/>
  <Objekte ObjID="1780" ObjAufnahme="1997-05-11" ObjLetztKontakt="1997-05-11" ObjStrasseID="6710" ObjHausnummer="Hallerstraße 30" ObjVorlage="2013-09-11 00:00:00.0" ObKeinKontakt="1" ObjArtID="1" Merkmal="0.0"/>
  <Objekte ObjID="1781" ObjAufnahme="1997-05-11" ObjLetztKontakt="1997-05-11" ObjStrasseID="6710" ObjHausnummer="Hallerstraße 28" ObjVorlage="2013-09-11 00:00:00.0" ObKeinKontakt="1" ObjArtID="1" Merkmal="0.0"/>
  <Objekte ObjID="1782" ObjAufnahme="1997-05-11" ObjLetztKontakt="1997-05-11" ObjStrasseID="6710" ObjHausnummer="Hallerstraße 26" ObjVorlage="2013-09-11 00:00:00.0" ObKeinKontakt="1" ObjArtID="1" Merkmal="0.0"/>
  <Objekte ObjID="1783" ObjAufnahme="1997-05-11" ObjLetztKontakt="1997-05-11" ObjStrasseID="15569" ObjHausnummer="Bernstraße 14" ObjVorlage="2013-09-11 00:00:00.0" ObKeinKontakt="1" ObjArtID="1" Merkmal="0.0" ObjInfo="K.H.Kramer"/>
  <Objekte ObjID="1784" ObjAufnahme="1997-05-11" ObjLetztKontakt="1997-05-11" ObjStrasseID="15569" ObjHausnummer="Bernstraße 12" ObjVorlage="2013-09-11 00:00:00.0" ObKeinKontakt="1" ObjArtID="1" Merkmal="0.0" ObjInfo="Frau H.Schütze"/>
  <Objekte ObjID="1785" ObjAufnahme="1997-05-11" ObjLetztKontakt="1997-05-11" ObjStrasseID="15569" ObjHausnummer="Bernstraße 10" ObjVorlage="2013-09-11 00:00:00.0" ObKeinKontakt="1" ObjArtID="1" Merkmal="0.0" ObjInfo="Frau E.Kajander"/>
  <Objekte ObjID="1786" ObjAufnahme="1997-05-11" ObjLetztKontakt="1997-05-11" ObjStrasseID="15569" ObjHausnummer="Bernstraße 8" ObjVorlage="2013-09-11 00:00:00.0" ObKeinKontakt="1" ObjArtID="1" Merkmal="0.0" ObjInfo="Frau E.Kajander"/>
  <Objekte ObjID="1787" ObjAufnahme="1997-05-11" ObjLetztKontakt="2004-06-24" ObjStrasseID="15569" ObjHausnummer="Bernstraße 6" ObjVorlage="2013-09-11 00:00:00.0" ObKeinKontakt="1" ObjArtID="1" Merkmal="0.0" ObjInfo="Friedel Brink Uhlemeyerstraße 1"/>
  <Objekte ObjID="1788" ObjAufnahme="1997-05-11" ObjLetztKontakt="1997-05-11" ObjStrasseID="15569" ObjHausnummer="Bernstraße 3" ObjVorlage="2013-09-11 00:00:00.0" ObKeinKontakt="1" ObjArtID="1" Merkmal="0.0" ObjInfo="Eigentümerin Emilie oder Irmgard Bruns"/>
  <Objekte ObjID="1789" ObjAufnahme="1997-05-11" ObjLetztKontakt="1997-05-11" ObjStrasseID="7840" ObjHausnummer="Rambergstraße 15" ObjVorlage="2013-09-11 00:00:00.0" ObKeinKontakt="1" ObjArtID="1" Merkmal="0.0"/>
  <Objekte ObjID="1790" ObjAufnahme="1997-05-11" ObjLetztKontakt="1997-05-11" ObjStrasseID="7840" ObjHausnummer="Rambergstraße 16" ObjVorlage="2013-09-11 00:00:00.0" ObKeinKontakt="1" ObjArtID="1" Merkmal="0.0"/>
  <Objekte ObjID="1791" ObjAufnahme="1997-05-11" ObjLetztKontakt="1997-05-11" ObjStrasseID="7840" ObjHausnummer="Rambergstraße 17" ObjVorlage="2013-09-11 00:00:00.0" ObKeinKontakt="1" ObjArtID="1" Merkmal="0.0"/>
  <Objekte ObjID="1792" ObjAufnahme="1997-05-11" ObjLetztKontakt="1997-05-11" ObjStrasseID="8150" ObjHausnummer="Sedanstraße 74" ObjVorlage="2013-09-11 00:00:00.0" ObKeinKontakt="1" ObjArtID="1" Merkmal="0.0"/>
  <Objekte ObjID="1793" ObjAufnahme="1997-05-11" ObjLetztKontakt="1997-05-11" ObjStrasseID="8150" ObjHausnummer="Sedanstraße 75" ObjVorlage="2013-09-11 00:00:00.0" ObKeinKontakt="1" ObjArtID="1" Merkmal="0.0"/>
  <Objekte ObjID="1794" ObjAufnahme="1997-05-11" ObjLetztKontakt="1997-05-11" ObjStrasseID="8698" ObjHausnummer="Yorckstraße 14" ObjVorlage="2013-09-11 00:00:00.0" ObKeinKontakt="1" ObjArtID="177" Merkmal="0.0"/>
  <Objekte ObjID="1795" ObjAufnahme="1997-05-11" ObjLetztKontakt="1997-05-11" ObjStrasseID="7406" ObjHausnummer="Lister Meile 54" ObjVorlage="2013-09-11 00:00:00.0" ObKeinKontakt="1" ObjArtID="1" Merkmal="0.0" ObjInfo="Frau beensen Auf dem Lärchenberg 10 313686"/>
  <Objekte ObjID="1796" ObjAufnahme="1997-05-11" ObjLetztKontakt="1997-05-11" ObjStrasseID="7406" ObjHausnummer="Lister Meile 56" ObjVorlage="2013-09-11 00:00:00.0" ObKeinKontakt="1" ObjArtID="1" Merkmal="0.0" ObjInfo="Herr Struck  R, Friedenstraße 3 31812 Bad Pyrmont 0528110890"/>
  <Objekte ObjID="1797" ObjAufnahme="1997-05-11" ObjLetztKontakt="1997-05-11" ObjStrasseID="7406" ObjHausnummer="Lister Meile 58" ObjVorlage="2013-09-11 00:00:00.0" ObKeinKontakt="1" ObjArtID="1" Merkmal="0.0" ObjInfo="Frau Küster Verwaltung Frau Kehns"/>
  <Objekte ObjID="1798" ObjAufnahme="1997-05-11" ObjLetztKontakt="1997-05-11" ObjStrasseID="7406" ObjHausnummer="Lister Meile 60" ObjVorlage="2013-09-11 00:00:00.0" ObKeinKontakt="1" ObjArtID="1" Merkmal="0.0" ObjInfo="Frau Claus Drostestraße Verwaltung H.R.Claus KG 661131"/>
  <Objekte ObjID="1799" ObjAufnahme="1997-05-11" ObjLetztKontakt="1997-05-11" ObjStrasseID="7406" ObjHausnummer="Lister Meile 62" ObjVorlage="2013-09-11 00:00:00.0" ObKeinKontakt="1" ObjArtID="5" Merkmal="0.0" ObjInfo="Peter Stüver  621859 will kaufen"/>
  <Objekte ObjID="1800" ObjAufnahme="1997-05-11" ObjLetztKontakt="1997-05-11" ObjStrasseID="7406" ObjHausnummer="Lister Meile 64" ObjVorlage="2013-09-11 00:00:00.0" ObKeinKontakt="1" ObjArtID="1" Merkmal="0.0" ObjInfo="Herr Hermes 662886 Apotheke"/>
  <Objekte ObjID="1801" ObjAufnahme="1997-05-11" ObjLetztKontakt="1997-05-11" ObjStrasseID="7296" ObjHausnummer="Lammstraße 6" ObjVorlage="2013-09-11 00:00:00.0" ObKeinKontakt="1" ObjArtID="1" Merkmal="0.0"/>
  <Objekte ObjID="1802" ObjAufnahme="1997-05-11" ObjLetztKontakt="1997-05-11" ObjStrasseID="7296" ObjHausnummer="Lammstraße 4" ObjVorlage="2013-09-11 00:00:00.0" ObKeinKontakt="1" ObjArtID="1" Merkmal="0.0"/>
  <Objekte ObjID="1803" ObjAufnahme="1997-05-11" ObjLetztKontakt="1997-05-11" ObjStrasseID="7296" ObjHausnummer="Lammstraße 2" ObjVorlage="2013-09-11 00:00:00.0" ObKeinKontakt="1" ObjArtID="1" Merkmal="0.0"/>
  <Objekte ObjID="1804" ObjAufnahme="1997-05-11" ObjLetztKontakt="1997-05-11" ObjStrasseID="7296" ObjHausnummer="Lammstraße 3" ObjVorlage="2013-09-11 00:00:00.0" ObKeinKontakt="1" ObjArtID="11" Merkmal="0.0" ObjInfo="Kluge oHG, Lammstr. 3, 30161 Hannover, 0511-38838371Lager/1Büro/1WE/55/57/74/730"/>
  <Objekte ObjID="1805" ObjAufnahme="1997-05-11" ObjLetztKontakt="1997-05-11" ObjStrasseID="8201" ObjHausnummer="Sodenstraße 12" ObjVorlage="2013-09-11 00:00:00.0" ObKeinKontakt="1" ObjArtID="1" Merkmal="0.0"/>
  <Objekte ObjID="1806" ObjAufnahme="1997-05-11" ObjLetztKontakt="1997-05-11" ObjStrasseID="8201" ObjHausnummer="Sodenstraße 8" ObjVorlage="2013-09-11 00:00:00.0" ObKeinKontakt="1" ObjArtID="1" Merkmal="0.0"/>
  <Objekte ObjID="1807" ObjAufnahme="1997-05-11" ObjLetztKontakt="1997-05-11" ObjStrasseID="8201" ObjHausnummer="Sodenstraße 6" ObjVorlage="2013-09-11 00:00:00.0" ObKeinKontakt="1" ObjArtID="1" Merkmal="0.0"/>
  <Objekte ObjID="1808" ObjAufnahme="1997-05-11" ObjLetztKontakt="1997-05-11" ObjStrasseID="8201" ObjHausnummer="Sodenstraße 10" ObjVorlage="2013-09-11 00:00:00.0" ObKeinKontakt="1" ObjArtID="177" Merkmal="0.0"/>
  <Objekte ObjID="1809" ObjAufnahme="1997-05-11" ObjLetztKontakt="1997-05-11" ObjStrasseID="8201" ObjHausnummer="Sodenstraße 3" ObjVorlage="2013-09-11 00:00:00.0" ObKeinKontakt="1" ObjArtID="1" Merkmal="0.0"/>
  <Objekte ObjID="1810" ObjAufnahme="1997-05-11" ObjLetztKontakt="1997-05-11" ObjStrasseID="8201" ObjHausnummer="Sodenstraße 4" ObjVorlage="2013-09-11 00:00:00.0" ObKeinKontakt="1" ObjArtID="5" Merkmal="0.0"/>
  <Objekte ObjID="1811" ObjAufnahme="1997-05-11" ObjLetztKontakt="1997-05-11" ObjStrasseID="5800" ObjHausnummer="Angerstraße 1" ObjVorlage="2013-09-11 00:00:00.0" ObKeinKontakt="1" ObjArtID="1" Merkmal="0.0"/>
  <Objekte ObjID="1812" ObjAufnahme="1997-05-11" ObjLetztKontakt="1997-05-11" ObjStrasseID="5800" ObjHausnummer="Angerstraße 2" ObjVorlage="2013-09-11 00:00:00.0" ObKeinKontakt="1" ObjArtID="1" Merkmal="0.0"/>
  <Objekte ObjID="1813" ObjAufnahme="1997-05-11" ObjLetztKontakt="1997-05-11" ObjStrasseID="5800" ObjHausnummer="Angerstraße 3" ObjVorlage="2013-09-11 00:00:00.0" ObKeinKontakt="1" ObjArtID="1" Merkmal="0.0"/>
  <Objekte ObjID="1814" ObjAufnahme="1997-03-18" ObjLetztKontakt="1997-05-13" ObjStrasseID="7752" ObjHausnummer="Pelikanstraße 32" ObjVorlage="2013-09-11 00:00:00.0" ObKeinKontakt="1" ObjArtID="1" Merkmal="0.0" ObjInfo="Leifhold Elektro&#xD;und Sanitär - Installation&#xD;Hemeringer Str. &#xD;31840 Hessisch Oldendorf&#xD;05158-532"/>
  <Objekte ObjID="1815" ObjAufnahme="1997-03-18" ObjLetztKontakt="1997-05-13" ObjStrasseID="7672" ObjHausnummer="Oesterleystraße 14" ObjVorlage="2013-09-11 00:00:00.0" ObKeinKontakt="1" ObjArtID="1" Merkmal="0.0"/>
  <Objekte ObjID="1816" ObjAufnahme="1997-03-18" ObjLetztKontakt="1997-05-13" ObjStrasseID="7650" ObjHausnummer="Nordfelder Reihe 20" ObjVorlage="2013-09-11 00:00:00.0" ObKeinKontakt="1" ObjArtID="36" Merkmal="0.0" ObjInfo="3WE/1Büro/Lager/1955/1990/669/960"/>
  <Objekte ObjID="1819" ObjAufnahme="1997-05-13" ObjLetztKontakt="1999-11-08" ObjStrasseID="8150" ObjHausnummer="Sedanstraße 1" ObjVorlage="2013-09-11 00:00:00.0" ObKeinKontakt="1" ObjArtID="1" Merkmal="0.0"/>
  <Objekte ObjID="1820" ObjAufnahme="1997-05-13" ObjLetztKontakt="2000-07-31" ObjStrasseID="8150" ObjHausnummer="Sedanstraße 2" ObjVorlage="2013-09-11 00:00:00.0" ObKeinKontakt="1" ObjArtID="8" Merkmal="0.0" ObjInfo="195 m²91 m²1924485.000,-- DM"/>
  <Objekte ObjID="1821" ObjAufnahme="1997-05-13" ObjLetztKontakt="1997-05-13" ObjStrasseID="8150" ObjHausnummer="Sedanstraße 3" ObjVorlage="2013-09-11 00:00:00.0" ObKeinKontakt="1" ObjArtID="1" Merkmal="0.0"/>
  <Objekte ObjID="1822" ObjAufnahme="1997-05-13" ObjLetztKontakt="1999-11-12" ObjStrasseID="8150" ObjHausnummer="Sedanstraße 4" ObjVorlage="2013-09-11 00:00:00.0" ObKeinKontakt="1" ObjArtID="1" Merkmal="0.0"/>
  <Objekte ObjID="1823" ObjAufnahme="1997-05-13" ObjLetztKontakt="1997-05-13" ObjStrasseID="8150" ObjHausnummer="Sedanstraße 5" ObjVorlage="2013-09-11 00:00:00.0" ObKeinKontakt="1" ObjArtID="1" Merkmal="0.0"/>
  <Objekte ObjID="1824" ObjAufnahme="1997-05-13" ObjLetztKontakt="1999-11-12" ObjStrasseID="8150" ObjHausnummer="Sedanstraße 6" ObjVorlage="2013-09-11 00:00:00.0" ObKeinKontakt="1" ObjArtID="1" Merkmal="0.0"/>
  <Objekte ObjID="1825" ObjAufnahme="1997-05-13" ObjLetztKontakt="1997-05-13" ObjStrasseID="8150" ObjHausnummer="Sedanstraße 7" ObjVorlage="2013-09-11 00:00:00.0" ObKeinKontakt="1" ObjArtID="1" Merkmal="0.0"/>
  <Objekte ObjID="1826" ObjAufnahme="1997-05-13" ObjLetztKontakt="1999-11-12" ObjStrasseID="8150" ObjHausnummer="Sedanstraße 8" ObjVorlage="2013-09-11 00:00:00.0" ObKeinKontakt="1" ObjArtID="1" Merkmal="0.0"/>
  <Objekte ObjID="1827" ObjAufnahme="1997-05-13" ObjLetztKontakt="1997-09-29" ObjStrasseID="8150" ObjHausnummer="Sedanstraße 9" ObjVorlage="2013-09-11 00:00:00.0" ObKeinKontakt="1" ObjArtID="1" Merkmal="0.0" ObjInfo="Otto Scheer, Sedanstraße 10"/>
  <Objekte ObjID="1828" ObjAufnahme="1997-05-13" ObjLetztKontakt="1999-11-12" ObjStrasseID="8150" ObjHausnummer="Sedanstraße 10" ObjVorlage="2013-09-11 00:00:00.0" ObKeinKontakt="2" ObjArtID="1" Merkmal="0.0" ObjInfo="eventuell Vermietung bei Neubau"/>
  <Objekte ObjID="1829" ObjAufnahme="1997-05-13" ObjLetztKontakt="1999-11-12" ObjStrasseID="8150" ObjHausnummer="Sedanstraße 12" ObjVorlage="2013-09-11 00:00:00.0" ObKeinKontakt="1" ObjArtID="1" Merkmal="0.0"/>
  <Objekte ObjID="1830" ObjAufnahme="1997-05-13" ObjLetztKontakt="1997-05-13" ObjStrasseID="8150" ObjHausnummer="Sedanstraße 13" ObjVorlage="2013-09-11 00:00:00.0" ObKeinKontakt="2" ObjArtID="1" Merkmal="0.0"/>
  <Objekte ObjID="1831" ObjAufnahme="1997-05-13" ObjLetztKontakt="1999-11-12" ObjStrasseID="8150" ObjHausnummer="Sedanstraße 14" ObjVorlage="2013-09-11 00:00:00.0" ObKeinKontakt="1" ObjArtID="1" Merkmal="0.0"/>
  <Objekte ObjID="1832" ObjAufnahme="1997-05-13" ObjLetztKontakt="1997-05-13" ObjStrasseID="8150" ObjHausnummer="Sedanstraße 15" ObjVorlage="2013-09-11 00:00:00.0" ObKeinKontakt="1" ObjArtID="1" Merkmal="0.0"/>
  <Objekte ObjID="1833" ObjAufnahme="1997-05-13" ObjLetztKontakt="1999-11-12" ObjStrasseID="8150" ObjHausnummer="Sedanstraße 16" ObjVorlage="2013-09-11 00:00:00.0" ObKeinKontakt="1" ObjArtID="1" Merkmal="0.0"/>
  <Objekte ObjID="1834" ObjAufnahme="1997-05-13" ObjLetztKontakt="1997-05-13" ObjStrasseID="8150" ObjHausnummer="Sedanstraße 17" ObjVorlage="2013-09-11 00:00:00.0" ObKeinKontakt="7" ObjArtID="36" Merkmal="0.0"/>
  <Objekte ObjID="1835" ObjAufnahme="1997-05-13" ObjLetztKontakt="2003-08-18" ObjStrasseID="8150" ObjHausnummer="Sedanstraße 18" ObjVorlage="2013-09-11 00:00:00.0" ObKeinKontakt="3" ObjArtID="211" Merkmal="0.0"/>
  <Objekte ObjID="1836" ObjAufnahme="1997-05-13" ObjLetztKontakt="1997-05-13" ObjStrasseID="8150" ObjHausnummer="Sedanstraße 19" ObjVorlage="2013-09-11 00:00:00.0" ObKeinKontakt="1" ObjArtID="1" Merkmal="0.0"/>
  <Objekte ObjID="1837" ObjAufnahme="1997-05-13" ObjLetztKontakt="1999-11-12" ObjStrasseID="8150" ObjHausnummer="Sedanstraße 20" ObjVorlage="2013-09-11 00:00:00.0" ObKeinKontakt="1" ObjArtID="1" Merkmal="0.0"/>
  <Objekte ObjID="1838" ObjAufnahme="1997-05-13" ObjLetztKontakt="1999-11-12" ObjStrasseID="8150" ObjHausnummer="Sedanstraße 22" ObjVorlage="2013-09-11 00:00:00.0" ObKeinKontakt="1" ObjArtID="1" Merkmal="0.0"/>
  <Objekte ObjID="1839" ObjAufnahme="1997-05-13" ObjLetztKontakt="1997-05-13" ObjStrasseID="8150" ObjHausnummer="Sedanstraße 23" ObjVorlage="2013-09-11 00:00:00.0" ObKeinKontakt="1" ObjArtID="1" Merkmal="0.0"/>
  <Objekte ObjID="1840" ObjAufnahme="1997-05-13" ObjLetztKontakt="1999-11-12" ObjStrasseID="8150" ObjHausnummer="Sedanstraße 24" ObjVorlage="2013-09-11 00:00:00.0" ObKeinKontakt="1" ObjArtID="1" Merkmal="0.0"/>
  <Objekte ObjID="1841" ObjAufnahme="1997-05-13" ObjLetztKontakt="1997-05-13" ObjStrasseID="8150" ObjHausnummer="Sedanstraße 25" ObjVorlage="2013-09-11 00:00:00.0" ObKeinKontakt="1" ObjArtID="1" Merkmal="0.0"/>
  <Objekte ObjID="1842" ObjAufnahme="1997-05-13" ObjLetztKontakt="1999-11-12" ObjStrasseID="8150" ObjHausnummer="Sedanstraße 26" ObjVorlage="2013-09-11 00:00:00.0" ObKeinKontakt="1" ObjArtID="1" Merkmal="0.0"/>
  <Objekte ObjID="1843" ObjAufnahme="1997-05-13" ObjLetztKontakt="1999-11-19" ObjStrasseID="8150" ObjHausnummer="Sedanstraße 28" ObjVorlage="2013-09-11 00:00:00.0" ObKeinKontakt="1" ObjArtID="1" Merkmal="0.0"/>
  <Objekte ObjID="1844" ObjAufnahme="1997-05-13" ObjLetztKontakt="1997-05-13" ObjStrasseID="8150" ObjHausnummer="Sedanstraße 29" ObjVorlage="2013-09-11 00:00:00.0" ObKeinKontakt="1" ObjArtID="1" Merkmal="0.0"/>
  <Objekte ObjID="1845" ObjAufnahme="1997-05-13" ObjLetztKontakt="1997-05-13" ObjStrasseID="8150" ObjHausnummer="Sedanstraße 30" ObjVorlage="2013-09-11 00:00:00.0" ObKeinKontakt="1" ObjArtID="1" Merkmal="0.0"/>
  <Objekte ObjID="1846" ObjAufnahme="1997-05-13" ObjLetztKontakt="1997-05-13" ObjStrasseID="8150" ObjHausnummer="Sedanstraße 31" ObjVorlage="2013-09-11 00:00:00.0" ObKeinKontakt="1" ObjArtID="1" Merkmal="0.0"/>
  <Objekte ObjID="1847" ObjAufnahme="1997-05-13" ObjLetztKontakt="1997-05-13" ObjStrasseID="8150" ObjHausnummer="Sedanstraße 32" ObjVorlage="2013-09-11 00:00:00.0" ObKeinKontakt="1" ObjArtID="1" Merkmal="0.0"/>
  <Objekte ObjID="1848" ObjAufnahme="1997-05-13" ObjLetztKontakt="1997-05-13" ObjStrasseID="8150" ObjHausnummer="Sedanstraße 33" ObjVorlage="2013-09-11 00:00:00.0" ObKeinKontakt="1" ObjArtID="1" Merkmal="0.0"/>
  <Objekte ObjID="1849" ObjAufnahme="1997-05-13" ObjLetztKontakt="1997-05-13" ObjStrasseID="8150" ObjHausnummer="Sedanstraße 34" ObjVorlage="2013-09-11 00:00:00.0" ObKeinKontakt="1" ObjArtID="98" Merkmal="0.0"/>
  <Objekte ObjID="1850" ObjAufnahme="1997-05-13" ObjLetztKontakt="1997-05-13" ObjStrasseID="7263" ObjHausnummer="Kronenstraße 42" ObjVorlage="2013-09-11 00:00:00.0" ObKeinKontakt="1" ObjArtID="1" Merkmal="0.0"/>
  <Objekte ObjID="1851" ObjAufnahme="1997-05-13" ObjLetztKontakt="1997-05-13" ObjStrasseID="7263" ObjHausnummer="Kronenstraße 47A" ObjVorlage="2013-09-11 00:00:00.0" ObKeinKontakt="1" ObjArtID="1" Merkmal="0.0"/>
  <Objekte ObjID="1852" ObjAufnahme="1997-05-13" ObjLetztKontakt="1997-05-13" ObjStrasseID="7263" ObjHausnummer="Kronenstraße 47" ObjVorlage="2013-09-11 00:00:00.0" ObKeinKontakt="1" ObjArtID="1" Merkmal="0.0"/>
  <Objekte ObjID="1853" ObjAufnahme="1997-05-13" ObjLetztKontakt="1997-05-13" ObjStrasseID="7263" ObjHausnummer="Kronenstraße 45" ObjVorlage="2013-09-11 00:00:00.0" ObKeinKontakt="1" ObjArtID="1" Merkmal="0.0"/>
  <Objekte ObjID="1854" ObjAufnahme="1997-05-13" ObjLetztKontakt="1997-05-13" ObjStrasseID="7263" ObjHausnummer="Kronenstraße 43" ObjVorlage="2013-09-11 00:00:00.0" ObKeinKontakt="1" ObjArtID="1" Merkmal="0.0"/>
  <Objekte ObjID="1855" ObjAufnahme="1997-05-13" ObjLetztKontakt="1997-05-13" ObjStrasseID="7263" ObjHausnummer="Kronenstraße 41" ObjVorlage="2013-09-11 00:00:00.0" ObKeinKontakt="1" ObjArtID="1" Merkmal="0.0"/>
  <Objekte ObjID="1857" ObjAufnahme="1997-05-13" ObjLetztKontakt="1997-05-13" ObjStrasseID="7263" ObjHausnummer="Kronenstraße 37" ObjVorlage="2013-09-11 00:00:00.0" ObKeinKontakt="1" ObjArtID="1" Merkmal="0.0"/>
  <Objekte ObjID="1858" ObjAufnahme="1997-05-13" ObjLetztKontakt="1997-05-13" ObjStrasseID="7263" ObjHausnummer="Kronenstraße 35" ObjVorlage="2013-09-11 00:00:00.0" ObKeinKontakt="1" ObjArtID="1" Merkmal="0.0"/>
  <Objekte ObjID="1859" ObjAufnahme="1997-05-13" ObjLetztKontakt="1997-05-13" ObjStrasseID="7263" ObjHausnummer="Kronenstraße 33" ObjVorlage="2013-09-11 00:00:00.0" ObKeinKontakt="1" ObjArtID="1" Merkmal="0.0"/>
  <Objekte ObjID="1860" ObjAufnahme="1997-05-13" ObjLetztKontakt="1997-05-13" ObjStrasseID="7263" ObjHausnummer="Kronenstraße 31" ObjVorlage="2013-09-11 00:00:00.0" ObKeinKontakt="1" ObjArtID="1" Merkmal="0.0"/>
  <Objekte ObjID="1861" ObjAufnahme="1997-05-13" ObjLetztKontakt="1997-05-13" ObjStrasseID="7263" ObjHausnummer="Kronenstraße 29" ObjVorlage="2013-09-11 00:00:00.0" ObKeinKontakt="1" ObjArtID="1" Merkmal="0.0"/>
  <Objekte ObjID="1862" ObjAufnahme="1997-05-13" ObjLetztKontakt="1997-05-13" ObjStrasseID="7263" ObjHausnummer="Kronenstraße 27" ObjVorlage="2013-09-11 00:00:00.0" ObKeinKontakt="1" ObjArtID="1" Merkmal="0.0"/>
  <Objekte ObjID="1863" ObjAufnahme="1997-05-13" ObjLetztKontakt="1997-05-13" ObjStrasseID="7263" ObjHausnummer="Kronenstraße 25" ObjVorlage="2013-09-11 00:00:00.0" ObKeinKontakt="1" ObjArtID="1" Merkmal="0.0"/>
  <Objekte ObjID="1864" ObjAufnahme="1997-05-13" ObjLetztKontakt="1997-05-13" ObjStrasseID="7263" ObjHausnummer="Kronenstraße 23" ObjVorlage="2013-09-11 00:00:00.0" ObKeinKontakt="1" ObjArtID="1" Merkmal="0.0"/>
  <Objekte ObjID="1865" ObjAufnahme="1997-05-13" ObjLetztKontakt="1997-05-13" ObjStrasseID="7263" ObjHausnummer="Kronenstraße 21" ObjVorlage="2013-09-11 00:00:00.0" ObKeinKontakt="1" ObjArtID="1" Merkmal="0.0"/>
  <Objekte ObjID="1866" ObjAufnahme="1997-05-13" ObjLetztKontakt="1997-05-13" ObjStrasseID="7263" ObjHausnummer="Kronenstraße 19" ObjVorlage="2013-09-11 00:00:00.0" ObKeinKontakt="1" ObjArtID="1" Merkmal="0.0"/>
  <Objekte ObjID="1867" ObjAufnahme="1997-05-13" ObjLetztKontakt="1997-05-13" ObjStrasseID="7263" ObjHausnummer="Kronenstraße 17" ObjVorlage="2013-09-11 00:00:00.0" ObKeinKontakt="1" ObjArtID="1" Merkmal="0.0"/>
  <Objekte ObjID="1868" ObjAufnahme="1997-05-13" ObjLetztKontakt="1997-05-13" ObjStrasseID="7263" ObjHausnummer="Kronenstraße 13Mazda" ObjVorlage="2013-09-11 00:00:00.0" ObKeinKontakt="1" ObjArtID="1" Merkmal="0.0"/>
  <Objekte ObjID="1869" ObjAufnahme="1997-05-13" ObjLetztKontakt="1997-05-13" ObjStrasseID="7263" ObjHausnummer="Kronenstraße 11" ObjVorlage="2013-09-11 00:00:00.0" ObKeinKontakt="1" ObjArtID="1" Merkmal="0.0"/>
  <Objekte ObjID="1870" ObjAufnahme="1997-05-13" ObjLetztKontakt="1997-05-13" ObjStrasseID="7263" ObjHausnummer="Kronenstraße 9" ObjVorlage="2013-09-11 00:00:00.0" ObKeinKontakt="1" ObjArtID="1" Merkmal="0.0"/>
  <Objekte ObjID="1871" ObjAufnahme="1997-05-13" ObjLetztKontakt="1997-05-13" ObjStrasseID="7263" ObjHausnummer="Kronenstraße 5" ObjVorlage="2013-09-11 00:00:00.0" ObKeinKontakt="1" ObjArtID="1" Merkmal="0.0"/>
  <Objekte ObjID="1872" ObjAufnahme="1997-05-13" ObjLetztKontakt="1997-05-13" ObjStrasseID="7263" ObjHausnummer="Kronenstraße 3" ObjVorlage="2013-09-11 00:00:00.0" ObKeinKontakt="1" ObjArtID="1" Merkmal="0.0"/>
  <Objekte ObjID="1873" ObjAufnahme="1997-05-13" ObjLetztKontakt="1997-05-13" ObjStrasseID="7263" ObjHausnummer="Kronenstraße 1" ObjVorlage="2013-09-11 00:00:00.0" ObKeinKontakt="1" ObjArtID="1" Merkmal="0.0"/>
  <Objekte ObjID="1876" ObjAufnahme="1997-05-13" ObjLetztKontakt="1997-05-13" ObjStrasseID="7263" ObjHausnummer="Kronenstraße 4" ObjVorlage="2013-09-11 00:00:00.0" ObKeinKontakt="1" ObjArtID="1" Merkmal="0.0"/>
  <Objekte ObjID="1877" ObjAufnahme="1997-05-13" ObjLetztKontakt="1997-05-13" ObjStrasseID="7263" ObjHausnummer="Kronenstraße 6" ObjVorlage="2013-09-11 00:00:00.0" ObKeinKontakt="1" ObjArtID="1" Merkmal="0.0"/>
  <Objekte ObjID="1878" ObjAufnahme="1997-05-13" ObjLetztKontakt="1997-05-13" ObjStrasseID="7263" ObjHausnummer="Kronenstraße 8" ObjVorlage="2013-09-11 00:00:00.0" ObKeinKontakt="1" ObjArtID="1" Merkmal="0.0" ObjInfo="Gertrud Hüsemenn Isernhagen NB-Süd"/>
  <Objekte ObjID="1880" ObjAufnahme="1997-05-13" ObjLetztKontakt="1997-05-13" ObjStrasseID="7263" ObjHausnummer="Kronenstraße 12" ObjVorlage="2013-09-11 00:00:00.0" ObKeinKontakt="1" ObjArtID="1" Merkmal="0.0"/>
  <Objekte ObjID="1881" ObjAufnahme="1997-05-13" ObjLetztKontakt="1997-05-13" ObjStrasseID="7263" ObjHausnummer="Kronenstraße 14" ObjVorlage="2013-09-11 00:00:00.0" ObKeinKontakt="1" ObjArtID="1" Merkmal="0.0"/>
  <Objekte ObjID="1882" ObjAufnahme="1997-05-13" ObjLetztKontakt="1997-05-13" ObjStrasseID="7263" ObjHausnummer="Kronenstraße 16" ObjVorlage="2013-09-11 00:00:00.0" ObKeinKontakt="1" ObjArtID="1" Merkmal="0.0"/>
  <Objekte ObjID="1883" ObjAufnahme="1997-05-13" ObjLetztKontakt="1997-05-13" ObjStrasseID="7263" ObjHausnummer="Kronenstraße 18" ObjVorlage="2013-09-11 00:00:00.0" ObKeinKontakt="1" ObjArtID="1" Merkmal="0.0"/>
  <Objekte ObjID="1884" ObjAufnahme="1997-05-13" ObjLetztKontakt="1997-05-13" ObjStrasseID="7263" ObjHausnummer="Kronenstraße 20" ObjVorlage="2013-09-11 00:00:00.0" ObKeinKontakt="1" ObjArtID="1" Merkmal="0.0"/>
  <Objekte ObjID="1885" ObjAufnahme="1997-05-13" ObjLetztKontakt="1997-05-13" ObjStrasseID="7263" ObjHausnummer="Kronenstraße 24" ObjVorlage="2013-09-11 00:00:00.0" ObKeinKontakt="1" ObjArtID="1" Merkmal="0.0"/>
  <Objekte ObjID="1886" ObjAufnahme="1997-05-13" ObjLetztKontakt="1997-05-13" ObjStrasseID="7263" ObjHausnummer="Kronenstraße 26" ObjVorlage="2013-09-11 00:00:00.0" ObKeinKontakt="1" ObjArtID="1" Merkmal="0.0"/>
  <Objekte ObjID="1887" ObjAufnahme="1997-05-13" ObjLetztKontakt="1997-05-13" ObjStrasseID="7263" ObjHausnummer="Kronenstraße 28" ObjVorlage="2013-09-11 00:00:00.0" ObKeinKontakt="1" ObjArtID="1" Merkmal="0.0"/>
  <Objekte ObjID="1888" ObjAufnahme="1997-05-13" ObjLetztKontakt="1997-05-13" ObjStrasseID="7263" ObjHausnummer="Kronenstraße 30" ObjVorlage="2013-09-11 00:00:00.0" ObKeinKontakt="1" ObjArtID="1" Merkmal="0.0"/>
  <Objekte ObjID="1889" ObjAufnahme="1997-05-13" ObjLetztKontakt="2005-06-29" ObjStrasseID="7263" ObjHausnummer="Kronenstraße 32" ObjVorlage="2013-09-11 00:00:00.0" ObKeinKontakt="1" ObjArtID="118" Merkmal="0.0"/>
  <Objekte ObjID="1890" ObjAufnahme="1997-05-13" ObjLetztKontakt="1997-05-13" ObjStrasseID="7263" ObjHausnummer="Kronenstraße 34" ObjVorlage="2013-09-11 00:00:00.0" ObKeinKontakt="1" ObjArtID="1" Merkmal="0.0"/>
  <Objekte ObjID="1891" ObjAufnahme="1997-05-13" ObjLetztKontakt="1997-05-13" ObjStrasseID="7263" ObjHausnummer="Kronenstraße 36" ObjVorlage="2013-09-11 00:00:00.0" ObKeinKontakt="1" ObjArtID="1" Merkmal="0.0"/>
  <Objekte ObjID="1892" ObjAufnahme="1997-05-13" ObjLetztKontakt="1997-05-13" ObjStrasseID="7263" ObjHausnummer="Kronenstraße 38" ObjVorlage="2013-09-11 00:00:00.0" ObKeinKontakt="1" ObjArtID="1" Merkmal="0.0"/>
  <Objekte ObjID="1893" ObjAufnahme="1997-05-13" ObjLetztKontakt="1997-05-13" ObjStrasseID="7263" ObjHausnummer="Kronenstraße 40" ObjVorlage="2013-09-11 00:00:00.0" ObKeinKontakt="1" ObjArtID="1" Merkmal="0.0"/>
  <Objekte ObjID="1949" ObjAufnahme="1997-05-13" ObjLetztKontakt="1997-05-13" ObjStrasseID="6434" ObjHausnummer="Flüggestraße 1" ObjVorlage="2013-09-11 00:00:00.0" ObKeinKontakt="1" ObjArtID="1" Merkmal="0.0" ObjInfo="W. Bock Mieter Haiduch 3884536"/>
  <Objekte ObjID="1976" ObjAufnahme="1997-05-13" ObjLetztKontakt="1997-05-13" ObjStrasseID="8150" ObjHausnummer="Sedanstraße 35" ObjVorlage="2013-09-11 00:00:00.0" ObKeinKontakt="1" ObjArtID="1" Merkmal="0.0"/>
  <Objekte ObjID="1977" ObjAufnahme="1997-05-13" ObjLetztKontakt="1997-05-13" ObjStrasseID="8150" ObjHausnummer="Sedanstraße 36" ObjVorlage="2013-09-11 00:00:00.0" ObKeinKontakt="1" ObjArtID="1" Merkmal="0.0" ObjInfo="Gaedecke Frau 802925"/>
  <Objekte ObjID="1979" ObjAufnahme="1997-05-13" ObjLetztKontakt="1997-05-13" ObjStrasseID="8150" ObjHausnummer="Sedanstraße 39" ObjVorlage="2013-09-11 00:00:00.0" ObKeinKontakt="1" ObjArtID="1" Merkmal="0.0"/>
  <Objekte ObjID="1980" ObjAufnahme="1997-05-13" ObjLetztKontakt="1997-05-13" ObjStrasseID="8150" ObjHausnummer="Sedanstraße 40" ObjVorlage="2013-09-11 00:00:00.0" ObKeinKontakt="1" ObjArtID="1" Merkmal="0.0"/>
  <Objekte ObjID="1981" ObjAufnahme="1997-05-13" ObjLetztKontakt="1997-05-13" ObjStrasseID="8150" ObjHausnummer="Sedanstraße 41" ObjVorlage="2013-09-11 00:00:00.0" ObKeinKontakt="1" ObjArtID="1" Merkmal="0.0" ObjInfo="Wohn+Gewerbgr.1.240m²/x/5,0"/>
  <Objekte ObjID="1982" ObjAufnahme="1997-05-13" ObjLetztKontakt="1997-05-13" ObjStrasseID="8150" ObjHausnummer="Sedanstraße 43" ObjVorlage="2013-09-11 00:00:00.0" ObKeinKontakt="1" ObjArtID="1" Merkmal="0.0"/>
  <Objekte ObjID="1983" ObjAufnahme="1997-05-13" ObjLetztKontakt="1997-05-13" ObjStrasseID="8150" ObjHausnummer="Sedanstraße 44" ObjVorlage="2013-09-11 00:00:00.0" ObKeinKontakt="1" ObjArtID="1" Merkmal="0.0"/>
  <Objekte ObjID="1984" ObjAufnahme="1997-05-13" ObjLetztKontakt="1997-05-13" ObjStrasseID="8150" ObjHausnummer="Sedanstraße 45" ObjVorlage="2013-09-11 00:00:00.0" ObKeinKontakt="1" ObjArtID="1" Merkmal="0.0"/>
  <Objekte ObjID="1985" ObjAufnahme="1997-05-13" ObjLetztKontakt="1997-05-13" ObjStrasseID="8150" ObjHausnummer="Sedanstraße 46" ObjVorlage="2013-09-11 00:00:00.0" ObKeinKontakt="1" ObjArtID="186" Merkmal="0.9999999999999999" ObjInfo="183qm/.........../1993/........../598.000DM"/>
  <Objekte ObjID="1986" ObjAufnahme="1997-05-13" ObjLetztKontakt="1997-05-13" ObjStrasseID="8150" ObjHausnummer="Sedanstraße 47" ObjVorlage="2013-09-11 00:00:00.0" ObKeinKontakt="1" ObjArtID="1" Merkmal="0.0"/>
  <Objekte ObjID="1987" ObjAufnahme="1997-05-13" ObjLetztKontakt="1997-05-13" ObjStrasseID="8150" ObjHausnummer="Sedanstraße 48" ObjVorlage="2013-09-11 00:00:00.0" ObKeinKontakt="1" ObjArtID="1" Merkmal="0.0"/>
  <Objekte ObjID="1988" ObjAufnahme="1997-05-13" ObjLetztKontakt="1997-05-13" ObjStrasseID="8150" ObjHausnummer="Sedanstraße 49" ObjVorlage="2013-09-11 00:00:00.0" ObKeinKontakt="1" ObjArtID="1" Merkmal="0.0"/>
  <Objekte ObjID="1989" ObjAufnahme="1997-05-13" ObjLetztKontakt="1997-05-13" ObjStrasseID="8150" ObjHausnummer="Sedanstraße 50" ObjVorlage="2013-09-11 00:00:00.0" ObKeinKontakt="1" ObjArtID="1" Merkmal="0.0"/>
  <Objekte ObjID="1990" ObjAufnahme="1997-05-13" ObjLetztKontakt="1997-05-13" ObjStrasseID="8150" ObjHausnummer="Sedanstraße 54" ObjVorlage="2013-09-11 00:00:00.0" ObKeinKontakt="1" ObjArtID="1" Merkmal="0.0"/>
  <Objekte ObjID="1991" ObjAufnahme="1997-05-13" ObjLetztKontakt="1997-05-13" ObjStrasseID="8150" ObjHausnummer="Sedanstraße 55" ObjVorlage="2013-09-11 00:00:00.0" ObKeinKontakt="1" ObjArtID="1" Merkmal="0.0"/>
  <Objekte ObjID="1992" ObjAufnahme="1997-05-13" ObjLetztKontakt="1997-05-13" ObjStrasseID="8150" ObjHausnummer="Sedanstraße 56" ObjVorlage="2013-09-11 00:00:00.0" ObKeinKontakt="1" ObjArtID="1" Merkmal="0.0"/>
  <Objekte ObjID="1993" ObjAufnahme="1997-05-13" ObjLetztKontakt="1997-05-13" ObjStrasseID="8150" ObjHausnummer="Sedanstraße 58" ObjVorlage="2013-09-11 00:00:00.0" ObKeinKontakt="1" ObjArtID="1" Merkmal="0.0"/>
  <Objekte ObjID="1994" ObjAufnahme="1997-05-13" ObjLetztKontakt="1997-05-13" ObjStrasseID="8150" ObjHausnummer="Sedanstraße 59" ObjVorlage="2013-09-11 00:00:00.0" ObKeinKontakt="1" ObjArtID="1" Merkmal="0.0"/>
  <Objekte ObjID="1995" ObjAufnahme="1997-05-13" ObjLetztKontakt="1997-05-13" ObjStrasseID="8150" ObjHausnummer="Sedanstraße 60" ObjVorlage="2013-09-11 00:00:00.0" ObKeinKontakt="1" ObjArtID="1" Merkmal="0.0"/>
  <Objekte ObjID="1996" ObjAufnahme="1997-05-13" ObjLetztKontakt="1997-05-13" ObjStrasseID="8150" ObjHausnummer="Sedanstraße 61" ObjVorlage="2013-09-11 00:00:00.0" ObKeinKontakt="1" ObjArtID="1" Merkmal="0.0"/>
  <Objekte ObjID="1997" ObjAufnahme="1997-05-13" ObjLetztKontakt="1997-05-13" ObjStrasseID="8150" ObjHausnummer="Sedanstraße 63" ObjVorlage="2013-09-11 00:00:00.0" ObKeinKontakt="1" ObjArtID="1" Merkmal="0.0"/>
  <Objekte ObjID="1998" ObjAufnahme="1997-05-13" ObjLetztKontakt="1997-05-13" ObjStrasseID="8150" ObjHausnummer="Sedanstraße 64" ObjVorlage="2013-09-11 00:00:00.0" ObKeinKontakt="1" ObjArtID="1" Merkmal="0.0"/>
  <Objekte ObjID="1999" ObjAufnahme="1997-05-13" ObjLetztKontakt="1997-05-13" ObjStrasseID="8150" ObjHausnummer="Sedanstraße 65" ObjVorlage="2013-09-11 00:00:00.0" ObKeinKontakt="1" ObjArtID="1" Merkmal="0.0"/>
  <Objekte ObjID="2000" ObjAufnahme="1997-05-13" ObjLetztKontakt="1997-05-13" ObjStrasseID="8150" ObjHausnummer="Sedanstraße 66" ObjVorlage="2013-09-11 00:00:00.0" ObKeinKontakt="1" ObjArtID="1" Merkmal="0.0"/>
  <Objekte ObjID="2001" ObjAufnahme="1997-05-13" ObjLetztKontakt="1997-05-13" ObjStrasseID="8150" ObjHausnummer="Sedanstraße 68" ObjVorlage="2013-09-11 00:00:00.0" ObKeinKontakt="1" ObjArtID="1" Merkmal="0.0"/>
  <Objekte ObjID="2002" ObjAufnahme="1997-05-13" ObjLetztKontakt="1997-05-13" ObjStrasseID="8150" ObjHausnummer="Sedanstraße 69" ObjVorlage="2013-09-11 00:00:00.0" ObKeinKontakt="1" ObjArtID="1" Merkmal="0.0"/>
  <Objekte ObjID="2003" ObjAufnahme="1997-05-13" ObjLetztKontakt="1997-05-13" ObjStrasseID="8150" ObjHausnummer="Sedanstraße 70" ObjVorlage="2013-09-11 00:00:00.0" ObKeinKontakt="1" ObjArtID="1" Merkmal="0.0"/>
  <Objekte ObjID="2004" ObjAufnahme="1997-05-13" ObjLetztKontakt="1997-05-13" ObjStrasseID="8150" ObjHausnummer="Sedanstraße 72" ObjVorlage="2013-09-11 00:00:00.0" ObKeinKontakt="1" ObjArtID="1" Merkmal="0.0"/>
  <Objekte ObjID="2005" ObjAufnahme="1997-05-13" ObjLetztKontakt="1997-05-13" ObjStrasseID="8150" ObjHausnummer="Sedanstraße 73" ObjVorlage="2013-09-11 00:00:00.0" ObKeinKontakt="1" ObjArtID="1" Merkmal="0.0"/>
  <Objekte ObjID="2006" ObjAufnahme="1997-05-13" ObjLetztKontakt="1997-05-13" ObjStrasseID="7313" ObjHausnummer="Lärchenstraße 18" ObjVorlage="2013-09-11 00:00:00.0" ObKeinKontakt="1" ObjArtID="1" Merkmal="0.0"/>
  <Objekte ObjID="2007" ObjAufnahme="1997-05-13" ObjLetztKontakt="1997-05-13" ObjStrasseID="7313" ObjHausnummer="Lärchenstraße 6" ObjVorlage="2013-09-11 00:00:00.0" ObKeinKontakt="1" ObjArtID="1" Merkmal="0.0"/>
  <Objekte ObjID="2008" ObjAufnahme="1997-05-13" ObjLetztKontakt="1997-05-13" ObjStrasseID="7313" ObjHausnummer="Lärchenstraße 8" ObjVorlage="2013-09-11 00:00:00.0" ObKeinKontakt="1" ObjArtID="1" Merkmal="0.0"/>
  <Objekte ObjID="2009" ObjAufnahme="1997-05-13" ObjLetztKontakt="1997-05-13" ObjStrasseID="7313" ObjHausnummer="Lärchenstraße 4" ObjVorlage="2013-09-11 00:00:00.0" ObKeinKontakt="1" ObjArtID="1" Merkmal="0.0"/>
  <Objekte ObjID="2010" ObjAufnahme="1997-05-13" ObjLetztKontakt="1997-05-13" ObjStrasseID="7313" ObjHausnummer="Lärchenstraße 2" ObjVorlage="2013-09-11 00:00:00.0" ObKeinKontakt="2" ObjArtID="1" Merkmal="0.0" ObjInfo="Eigentümerin : Dorothee Grammann 05113884712&#xD;&#xA;ist Eigentümerin evtl. Lärchenstr. 4&#xD;&#xA;an Angeboten interessiert aber nich zum 16-fachen"/>
  <Objekte ObjID="2011" ObjAufnahme="1997-05-13" ObjLetztKontakt="1997-05-13" ObjStrasseID="7313" ObjHausnummer="Lärchenstraße 1" ObjVorlage="2013-09-11 00:00:00.0" ObKeinKontakt="1" ObjArtID="1" Merkmal="0.0"/>
  <Objekte ObjID="2012" ObjAufnahme="1997-05-13" ObjLetztKontakt="1997-05-13" ObjStrasseID="7313" ObjHausnummer="Lärchenstraße 3" ObjVorlage="2013-09-11 00:00:00.0" ObKeinKontakt="1" ObjArtID="1" Merkmal="0.0"/>
  <Objekte ObjID="2013" ObjAufnahme="1997-05-13" ObjLetztKontakt="1997-05-13" ObjStrasseID="7313" ObjHausnummer="Lärchenstraße 5" ObjVorlage="2013-09-11 00:00:00.0" ObKeinKontakt="1" ObjArtID="1" Merkmal="0.0"/>
  <Objekte ObjID="2014" ObjAufnahme="1997-05-13" ObjLetztKontakt="1997-05-13" ObjStrasseID="7313" ObjHausnummer="Lärchenstraße 7" ObjVorlage="2013-09-11 00:00:00.0" ObKeinKontakt="1" ObjArtID="1" Merkmal="0.0"/>
  <Objekte ObjID="2015" ObjAufnahme="1997-05-13" ObjLetztKontakt="1997-05-13" ObjStrasseID="7313" ObjHausnummer="Lärchenstraße 9" ObjVorlage="2013-09-11 00:00:00.0" ObKeinKontakt="1" ObjArtID="1" Merkmal="0.0"/>
  <Objekte ObjID="2016" ObjAufnahme="1997-05-13" ObjLetztKontakt="1997-05-13" ObjStrasseID="7313" ObjHausnummer="Lärchenstraße 11" ObjVorlage="2013-09-11 00:00:00.0" ObKeinKontakt="1" ObjArtID="1" Merkmal="0.0"/>
  <Objekte ObjID="2017" ObjAufnahme="1997-05-13" ObjLetztKontakt="1997-05-13" ObjStrasseID="7313" ObjHausnummer="Lärchenstraße 13" ObjVorlage="2013-09-11 00:00:00.0" ObKeinKontakt="1" ObjArtID="1" Merkmal="0.0"/>
  <Objekte ObjID="2018" ObjAufnahme="1997-05-13" ObjLetztKontakt="2001-12-12" ObjStrasseID="7313" ObjHausnummer="Lärchenstraße 15" ObjVorlage="2013-09-11 00:00:00.0" ObKeinKontakt="9" ObjArtID="174" Merkmal="0.0" ObjInfo="612170\S-W-Blk"/>
  <Objekte ObjID="2019" ObjAufnahme="1997-05-13" ObjLetztKontakt="1997-05-13" ObjStrasseID="7313" ObjHausnummer="Lärchenstraße 17" ObjVorlage="2013-09-11 00:00:00.0" ObKeinKontakt="1" ObjArtID="83" Merkmal="0.0"/>
  <Objekte ObjID="2020" ObjAufnahme="1997-05-13" ObjLetztKontakt="1997-05-13" ObjStrasseID="7313" ObjHausnummer="Lärchenstraße 19" ObjVorlage="2013-09-11 00:00:00.0" ObKeinKontakt="1" ObjArtID="1" Merkmal="0.0"/>
  <Objekte ObjID="2021" ObjAufnahme="1997-05-13" ObjLetztKontakt="1997-05-13" ObjStrasseID="8278" ObjHausnummer="Steintorfeldstraße 4A" ObjVorlage="2013-09-11 00:00:00.0" ObKeinKontakt="1" ObjArtID="1" Merkmal="0.0"/>
  <Objekte ObjID="2022" ObjAufnahme="1997-05-13" ObjLetztKontakt="2013-03-05" ObjStrasseID="8278" ObjHausnummer="Steintorfeldstraße 1" ObjVorlage="2013-09-11 00:00:00.0" ObKeinKontakt="2" ObjArtID="1" Merkmal="0.0" ObjInfo="nur mit Angestellter gesprochen 5.3.2013"/>
  <Objekte ObjID="2023" ObjAufnahme="1997-05-13" ObjLetztKontakt="1997-05-13" ObjStrasseID="8278" ObjHausnummer="Steintorfeldstraße 3" ObjVorlage="2013-09-11 00:00:00.0" ObKeinKontakt="1" ObjArtID="1" Merkmal="0.0"/>
  <Objekte ObjID="2024" ObjAufnahme="1997-05-13" ObjLetztKontakt="1997-05-13" ObjStrasseID="8278" ObjHausnummer="Steintorfeldstraße 6" ObjVorlage="2013-09-11 00:00:00.0" ObKeinKontakt="1" ObjArtID="1" Merkmal="0.0"/>
  <Objekte ObjID="2025" ObjAufnahme="1997-05-13" ObjLetztKontakt="1997-05-13" ObjStrasseID="8278" ObjHausnummer="Steintorfeldstraße 8" ObjVorlage="2013-09-11 00:00:00.0" ObKeinKontakt="1" ObjArtID="1" Merkmal="0.0"/>
  <Objekte ObjID="2026" ObjAufnahme="1997-05-13" ObjLetztKontakt="1997-05-13" ObjStrasseID="8278" ObjHausnummer="Steintorfeldstraße 10" ObjVorlage="2013-09-11 00:00:00.0" ObKeinKontakt="1" ObjArtID="1" Merkmal="0.0"/>
  <Objekte ObjID="2027" ObjAufnahme="1997-05-13" ObjLetztKontakt="1997-05-13" ObjStrasseID="8278" ObjHausnummer="Steintorfeldstraße 14" ObjVorlage="2013-09-11 00:00:00.0" ObKeinKontakt="1" ObjArtID="1" Merkmal="0.0"/>
  <Objekte ObjID="2028" ObjAufnahme="1997-05-13" ObjLetztKontakt="1997-05-13" ObjStrasseID="8278" ObjHausnummer="Steintorfeldstraße 15" ObjVorlage="2013-09-11 00:00:00.0" ObKeinKontakt="1" ObjArtID="1" Merkmal="0.0"/>
  <Objekte ObjID="2029" ObjAufnahme="1997-05-13" ObjLetztKontakt="1997-05-13" ObjStrasseID="8278" ObjHausnummer="Steintorfeldstraße 13" ObjVorlage="2013-09-11 00:00:00.0" ObKeinKontakt="1" ObjArtID="1" Merkmal="0.0"/>
  <Objekte ObjID="2030" ObjAufnahme="1997-05-13" ObjLetztKontakt="1997-05-13" ObjStrasseID="8278" ObjHausnummer="Steintorfeldstraße 11" ObjVorlage="2013-09-11 00:00:00.0" ObKeinKontakt="1" ObjArtID="1" Merkmal="0.0"/>
  <Objekte ObjID="2031" ObjAufnahme="1997-05-13" ObjLetztKontakt="2002-03-19" ObjStrasseID="8278" ObjHausnummer="Steintorfeldstraße 9" ObjVorlage="2013-09-11 00:00:00.0" ObKeinKontakt="5" ObjArtID="55" Merkmal="0.0"/>
  <Objekte ObjID="2032" ObjAufnahme="1997-05-13" ObjLetztKontakt="1997-05-13" ObjStrasseID="8278" ObjHausnummer="Steintorfeldstraße 7" ObjVorlage="2013-09-11 00:00:00.0" ObKeinKontakt="1" ObjArtID="1" Merkmal="0.0"/>
  <Objekte ObjID="2033" ObjAufnahme="1997-05-13" ObjLetztKontakt="1997-05-13" ObjStrasseID="8278" ObjHausnummer="Steintorfeldstraße 5" ObjVorlage="2013-09-11 00:00:00.0" ObKeinKontakt="1" ObjArtID="1" Merkmal="0.0"/>
  <Objekte ObjID="2034" ObjAufnahme="1997-05-13" ObjLetztKontakt="1997-05-13" ObjStrasseID="5800" ObjHausnummer="Angerstraße 18" ObjVorlage="2013-09-11 00:00:00.0" ObKeinKontakt="1" ObjArtID="1" Merkmal="0.0"/>
  <Objekte ObjID="2035" ObjAufnahme="1997-05-13" ObjLetztKontakt="1997-05-13" ObjStrasseID="5800" ObjHausnummer="Angerstraße 17" ObjVorlage="2013-09-11 00:00:00.0" ObKeinKontakt="1" ObjArtID="1" Merkmal="0.0"/>
  <Objekte ObjID="2036" ObjAufnahme="1997-05-13" ObjLetztKontakt="1997-05-13" ObjStrasseID="5800" ObjHausnummer="Angerstraße 16" ObjVorlage="2013-09-11 00:00:00.0" ObKeinKontakt="1" ObjArtID="1" Merkmal="0.0"/>
  <Objekte ObjID="2037" ObjAufnahme="1997-05-13" ObjLetztKontakt="1997-05-13" ObjStrasseID="5800" ObjHausnummer="Angerstraße 15" ObjVorlage="2013-09-11 00:00:00.0" ObKeinKontakt="1" ObjArtID="1" Merkmal="0.0"/>
  <Objekte ObjID="2038" ObjAufnahme="1997-05-13" ObjLetztKontakt="1997-05-13" ObjStrasseID="5800" ObjHausnummer="Angerstraße 14" ObjVorlage="2013-09-11 00:00:00.0" ObKeinKontakt="1" ObjArtID="1" Merkmal="0.0"/>
  <Objekte ObjID="2039" ObjAufnahme="1997-05-13" ObjLetztKontakt="1997-05-13" ObjStrasseID="5800" ObjHausnummer="Angerstraße 13" ObjVorlage="2013-09-11 00:00:00.0" ObKeinKontakt="1" ObjArtID="1" Merkmal="0.0"/>
  <Objekte ObjID="2040" ObjAufnahme="1997-05-13" ObjLetztKontakt="2003-06-19" ObjStrasseID="5800" ObjHausnummer="Angerstraße 12" ObjVorlage="2013-09-11 00:00:00.0" ObKeinKontakt="5" ObjArtID="55" Merkmal="0.0"/>
  <Objekte ObjID="2041" ObjAufnahme="1997-05-13" ObjLetztKontakt="1997-05-13" ObjStrasseID="5800" ObjHausnummer="Angerstraße 11" ObjVorlage="2013-09-11 00:00:00.0" ObKeinKontakt="1" ObjArtID="1" Merkmal="0.0"/>
  <Objekte ObjID="2042" ObjAufnahme="1997-05-13" ObjLetztKontakt="1997-05-13" ObjStrasseID="5800" ObjHausnummer="Angerstraße 9" ObjVorlage="2013-09-11 00:00:00.0" ObKeinKontakt="1" ObjArtID="1" Merkmal="0.0"/>
  <Objekte ObjID="2043" ObjAufnahme="1997-05-13" ObjLetztKontakt="1997-05-13" ObjStrasseID="5800" ObjHausnummer="Angerstraße 8" ObjVorlage="2013-09-11 00:00:00.0" ObKeinKontakt="1" ObjArtID="1" Merkmal="0.0"/>
  <Objekte ObjID="2044" ObjAufnahme="1997-05-13" ObjLetztKontakt="1997-05-13" ObjStrasseID="5800" ObjHausnummer="Angerstraße 6" ObjVorlage="2013-09-11 00:00:00.0" ObKeinKontakt="1" ObjArtID="1" Merkmal="0.0"/>
  <Objekte ObjID="2045" ObjAufnahme="1997-05-13" ObjLetztKontakt="1997-05-13" ObjStrasseID="5800" ObjHausnummer="Angerstraße 7" ObjVorlage="2013-09-11 00:00:00.0" ObKeinKontakt="1" ObjArtID="1" Merkmal="0.0"/>
  <Objekte ObjID="2046" ObjAufnahme="1997-05-13" ObjLetztKontakt="1997-05-13" ObjStrasseID="6710" ObjHausnummer="Hallerstraße 22" ObjVorlage="2013-09-11 00:00:00.0" ObKeinKontakt="1" ObjArtID="1" Merkmal="0.0"/>
  <Objekte ObjID="2047" ObjAufnahme="1997-05-13" ObjLetztKontakt="1997-05-13" ObjStrasseID="6710" ObjHausnummer="Hallerstraße 20" ObjVorlage="2013-09-11 00:00:00.0" ObKeinKontakt="1" ObjArtID="118" Merkmal="0.0"/>
  <Objekte ObjID="2048" ObjAufnahme="1997-05-13" ObjLetztKontakt="1997-05-13" ObjStrasseID="6710" ObjHausnummer="Hallerstraße 16" ObjVorlage="2013-09-11 00:00:00.0" ObKeinKontakt="1" ObjArtID="118" Merkmal="0.0"/>
  <Objekte ObjID="2049" ObjAufnahme="1997-05-13" ObjLetztKontakt="1997-05-13" ObjStrasseID="6710" ObjHausnummer="Hallerstraße 14" ObjVorlage="2013-09-11 00:00:00.0" ObKeinKontakt="1" ObjArtID="1" Merkmal="0.0"/>
  <Objekte ObjID="2050" ObjAufnahme="1997-05-13" ObjLetztKontakt="1997-05-13" ObjStrasseID="6710" ObjHausnummer="Hallerstraße 12" ObjVorlage="2013-09-11 00:00:00.0" ObKeinKontakt="1" ObjArtID="1" Merkmal="0.0"/>
  <Objekte ObjID="2051" ObjAufnahme="1997-05-13" ObjLetztKontakt="1997-05-13" ObjStrasseID="6710" ObjHausnummer="Hallerstraße 10" ObjVorlage="2013-09-11 00:00:00.0" ObKeinKontakt="1" ObjArtID="1" Merkmal="0.0"/>
  <Objekte ObjID="2052" ObjAufnahme="1997-05-13" ObjLetztKontakt="1997-05-13" ObjStrasseID="6710" ObjHausnummer="Hallerstraße 6" ObjVorlage="2013-09-11 00:00:00.0" ObKeinKontakt="1" ObjArtID="1" Merkmal="0.0"/>
  <Objekte ObjID="2053" ObjAufnahme="1997-05-13" ObjLetztKontakt="1997-05-13" ObjStrasseID="6710" ObjHausnummer="Hallerstraße 4" ObjVorlage="2013-09-11 00:00:00.0" ObKeinKontakt="1" ObjArtID="1" Merkmal="0.0"/>
  <Objekte ObjID="2054" ObjAufnahme="1997-05-13" ObjLetztKontakt="1997-05-13" ObjStrasseID="6710" ObjHausnummer="Hallerstraße 2" ObjVorlage="2013-09-11 00:00:00.0" ObKeinKontakt="1" ObjArtID="1" Merkmal="0.0"/>
  <Objekte ObjID="2055" ObjAufnahme="1997-05-13" ObjLetztKontakt="1997-05-13" ObjStrasseID="6710" ObjHausnummer="Hallerstraße 1" ObjVorlage="2013-09-11 00:00:00.0" ObKeinKontakt="1" ObjArtID="1" Merkmal="0.0"/>
  <Objekte ObjID="2056" ObjAufnahme="1997-05-13" ObjLetztKontakt="1997-05-13" ObjStrasseID="6710" ObjHausnummer="Hallerstraße 3" ObjVorlage="2013-09-11 00:00:00.0" ObKeinKontakt="1" ObjArtID="1" Merkmal="0.0"/>
  <Objekte ObjID="2057" ObjAufnahme="1997-05-13" ObjLetztKontakt="1997-05-13" ObjStrasseID="6710" ObjHausnummer="Hallerstraße 5" ObjVorlage="2013-09-11 00:00:00.0" ObKeinKontakt="1" ObjArtID="1" Merkmal="0.0"/>
  <Objekte ObjID="2058" ObjAufnahme="1997-05-13" ObjLetztKontakt="1997-05-13" ObjStrasseID="6710" ObjHausnummer="Hallerstraße 7" ObjVorlage="2013-09-11 00:00:00.0" ObKeinKontakt="1" ObjArtID="1" Merkmal="0.0"/>
  <Objekte ObjID="2059" ObjAufnahme="1997-05-13" ObjLetztKontakt="1997-05-13" ObjStrasseID="6710" ObjHausnummer="Hallerstraße 9" ObjVorlage="2013-09-11 00:00:00.0" ObKeinKontakt="1" ObjArtID="1" Merkmal="0.0"/>
  <Objekte ObjID="2060" ObjAufnahme="1997-05-13" ObjLetztKontakt="1997-05-13" ObjStrasseID="6710" ObjHausnummer="Hallerstraße 11" ObjVorlage="2013-09-11 00:00:00.0" ObKeinKontakt="1" ObjArtID="1" Merkmal="0.0"/>
  <Objekte ObjID="2061" ObjAufnahme="1997-05-13" ObjLetztKontakt="1997-05-13" ObjStrasseID="6710" ObjHausnummer="Hallerstraße 1313 a" ObjVorlage="2013-09-11 00:00:00.0" ObKeinKontakt="1" ObjArtID="1" Merkmal="0.0"/>
  <Objekte ObjID="2062" ObjAufnahme="1997-05-13" ObjLetztKontakt="1997-05-13" ObjStrasseID="6710" ObjHausnummer="Hallerstraße 15" ObjVorlage="2013-09-11 00:00:00.0" ObKeinKontakt="1" ObjArtID="1" Merkmal="0.0"/>
  <Objekte ObjID="2063" ObjAufnahme="1997-05-13" ObjLetztKontakt="1997-05-13" ObjStrasseID="6710" ObjHausnummer="Hallerstraße 19" ObjVorlage="2013-09-11 00:00:00.0" ObKeinKontakt="1" ObjArtID="1" Merkmal="0.0"/>
  <Objekte ObjID="2064" ObjAufnahme="1997-05-13" ObjLetztKontakt="1997-05-13" ObjStrasseID="6710" ObjHausnummer="Hallerstraße 21" ObjVorlage="2013-09-11 00:00:00.0" ObKeinKontakt="1" ObjArtID="1" Merkmal="0.0"/>
  <Objekte ObjID="2065" ObjAufnahme="1997-05-13" ObjLetztKontakt="1997-05-13" ObjStrasseID="6710" ObjHausnummer="Hallerstraße 23" ObjVorlage="2013-09-11 00:00:00.0" ObKeinKontakt="1" ObjArtID="1" Merkmal="0.0"/>
  <Objekte ObjID="2066" ObjAufnahme="1997-05-13" ObjLetztKontakt="1997-05-13" ObjStrasseID="6710" ObjHausnummer="Hallerstraße 25" ObjVorlage="2013-09-11 00:00:00.0" ObKeinKontakt="1" ObjArtID="1" Merkmal="0.0"/>
  <Objekte ObjID="2067" ObjAufnahme="1997-05-13" ObjLetztKontakt="1997-05-13" ObjStrasseID="6710" ObjHausnummer="Hallerstraße 27" ObjVorlage="2013-09-11 00:00:00.0" ObKeinKontakt="1" ObjArtID="1" Merkmal="0.0"/>
  <Objekte ObjID="2068" ObjAufnahme="1997-05-13" ObjLetztKontakt="1997-05-13" ObjStrasseID="6710" ObjHausnummer="Hallerstraße 29" ObjVorlage="2013-09-11 00:00:00.0" ObKeinKontakt="1" ObjArtID="1" Merkmal="0.0"/>
  <Objekte ObjID="2069" ObjAufnahme="1997-05-13" ObjLetztKontakt="1997-05-13" ObjStrasseID="6710" ObjHausnummer="Hallerstraße 31" ObjVorlage="2013-09-11 00:00:00.0" ObKeinKontakt="1" ObjArtID="75" Merkmal="0.0"/>
  <Objekte ObjID="2070" ObjAufnahme="1997-05-13" ObjLetztKontakt="1997-05-13" ObjStrasseID="6710" ObjHausnummer="Hallerstraße 33" ObjVorlage="2013-09-11 00:00:00.0" ObKeinKontakt="1" ObjArtID="1" Merkmal="0.0"/>
  <Objekte ObjID="2071" ObjAufnahme="1997-05-13" ObjLetztKontakt="1997-05-13" ObjStrasseID="6710" ObjHausnummer="Hallerstraße 35" ObjVorlage="2013-09-11 00:00:00.0" ObKeinKontakt="1" ObjArtID="1" Merkmal="0.0" ObjInfo="Hotel/Gastst./1953/130/1,6"/>
  <Objekte ObjID="2072" ObjAufnahme="1997-05-13" ObjLetztKontakt="1997-05-13" ObjStrasseID="6710" ObjHausnummer="Hallerstraße 37" ObjVorlage="2013-09-11 00:00:00.0" ObKeinKontakt="1" ObjArtID="1" Merkmal="0.0"/>
  <Objekte ObjID="2073" ObjAufnahme="1997-05-13" ObjLetztKontakt="1997-05-13" ObjStrasseID="6710" ObjHausnummer="Hallerstraße 39" ObjVorlage="2013-09-11 00:00:00.0" ObKeinKontakt="1" ObjArtID="1" Merkmal="0.0"/>
  <Objekte ObjID="2074" ObjAufnahme="1997-05-13" ObjLetztKontakt="1997-05-13" ObjStrasseID="6710" ObjHausnummer="Hallerstraße 41" ObjVorlage="2013-09-11 00:00:00.0" ObKeinKontakt="1" ObjArtID="1" Merkmal="0.0"/>
  <Objekte ObjID="2079" ObjAufnahme="1997-05-13" ObjLetztKontakt="1997-05-13" ObjStrasseID="6470" ObjHausnummer="Fridastraße 26" ObjVorlage="2013-09-11 00:00:00.0" ObKeinKontakt="1" ObjArtID="1" Merkmal="0.0"/>
  <Objekte ObjID="2083" ObjAufnahme="1997-05-13" ObjLetztKontakt="1999-08-15" ObjStrasseID="6470" ObjHausnummer="Fridastraße 4" ObjVorlage="2013-09-11 00:00:00.0" ObKeinKontakt="1" ObjArtID="1" Merkmal="0.0"/>
  <Objekte ObjID="2100" ObjAufnahme="1997-05-13" ObjLetztKontakt="1997-05-13" ObjStrasseID="7406" ObjHausnummer="Lister Meile 27" ObjVorlage="2013-09-11 00:00:00.0" ObKeinKontakt="1" ObjArtID="1" Merkmal="0.0" ObjInfo="Gieseler Friedrich Erben Podbielskistraße 134 Mieter: agwa, Ingenieurgemeinschaft&#09;Lister Meile 27&#09;30161 Hannover&#09;ISDN 0511-33895-0&#xD;&#xA;Body Shop Kosmetikart.&#09;Lister Meile 27&#09;30161 Hannover&#09;0511-344242&#xD;&#xA;Boockhoff u. Rentrop Architekten&#09;Lister Meile 27&#09;30161 Ha&#xD;&#xA;2101"/>
  <Objekte ObjID="2110" ObjAufnahme="1997-05-13" ObjLetztKontakt="1997-05-13" ObjStrasseID="7406" ObjHausnummer="Lister Meile 7" ObjVorlage="2013-09-11 00:00:00.0" ObKeinKontakt="1" ObjArtID="1" Merkmal="0.0" ObjInfo="Früher Frau L. Kleinebrandt  Mieter : Baeza Soza Jose R.&#09;Lister Meile 7&#09;30161 Hannover&#09;0511-317565&#xD;&#xA;Bertram Ruth&#09;Lister Meile 7&#09;30161 Hannover&#09;0511-318608&#xD;&#xA;Graff G?nter&#09;Lister Meile 7&#09;30161 Hannover&#09;0511-319189&#xD;&#xA;J„schke Gerhard&#09;Lister Meile 7&#09;30161 Hannove&#xD;&#xA;2111"/>
  <Objekte ObjID="2114" ObjAufnahme="1997-05-13" ObjLetztKontakt="1997-05-13" ObjStrasseID="8482" ObjHausnummer="Volgersweg 65" ObjVorlage="2013-09-11 00:00:00.0" ObKeinKontakt="1" ObjArtID="1" Merkmal="0.0" ObjInfo="Niedersächsische Justizverwaltung"/>
  <Objekte ObjID="2115" ObjAufnahme="1997-05-13" ObjLetztKontakt="1997-05-13" ObjStrasseID="8482" ObjHausnummer="Volgersweg 1" ObjVorlage="2013-09-11 00:00:00.0" ObKeinKontakt="1" ObjArtID="1" Merkmal="0.0" ObjInfo="Niedersächsische Justizverwaltung"/>
  <Objekte ObjID="2117" ObjAufnahme="1997-05-13" ObjLetztKontakt="1997-05-13" ObjStrasseID="8482" ObjHausnummer="Volgersweg 4" ObjVorlage="2013-09-11 00:00:00.0" ObKeinKontakt="1" ObjArtID="1" Merkmal="0.0" ObjInfo="Knigge Brauereiweg 35 , Gehrden"/>
  <Objekte ObjID="2119" ObjAufnahme="1997-05-13" ObjLetztKontakt="1997-05-13" ObjStrasseID="8482" ObjHausnummer="Volgersweg 4A" ObjVorlage="2013-09-11 00:00:00.0" ObKeinKontakt="1" ObjArtID="1" Merkmal="0.0" ObjInfo="Kuhlmann, Wolfenbütteler Str."/>
  <Objekte ObjID="2120" ObjAufnahme="1997-05-13" ObjLetztKontakt="2001-09-07" ObjStrasseID="8482" ObjHausnummer="Volgersweg 5" ObjVorlage="2013-09-11 00:00:00.0" ObKeinKontakt="2" ObjArtID="1" Merkmal="0.0" ObjInfo="Frau Lohse, Norderstedt, Frau Schwat Berlin, Am Laubwald 10"/>
  <Objekte ObjID="2121" ObjAufnahme="1997-05-13" ObjLetztKontakt="1997-05-13" ObjStrasseID="8482" ObjHausnummer="Volgersweg 6" ObjVorlage="2013-09-11 00:00:00.0" ObKeinKontakt="1" ObjArtID="1" Merkmal="0.0" ObjInfo="Landeshauptstadt Hannover"/>
  <Objekte ObjID="2122" ObjAufnahme="1997-05-13" ObjLetztKontakt="1997-05-13" ObjStrasseID="8482" ObjHausnummer="Volgersweg 56" ObjVorlage="2013-09-11 00:00:00.0" ObKeinKontakt="1" ObjArtID="1" Merkmal="0.0"/>
  <Objekte ObjID="2123" ObjAufnahme="1997-05-13" ObjLetztKontakt="1997-05-13" ObjStrasseID="8482" ObjHausnummer="Volgersweg 57" ObjVorlage="2013-09-11 00:00:00.0" ObKeinKontakt="1" ObjArtID="1" Merkmal="0.0" ObjInfo="Siede"/>
  <Objekte ObjID="2124" ObjAufnahme="1997-05-13" ObjLetztKontakt="1997-05-13" ObjStrasseID="8482" ObjHausnummer="Volgersweg 58" ObjVorlage="2013-09-11 00:00:00.0" ObKeinKontakt="1" ObjArtID="1" Merkmal="0.0" ObjInfo="Dr. med. Gerke , Hamburg"/>
  <Objekte ObjID="2125" ObjAufnahme="1997-05-13" ObjLetztKontakt="1997-05-13" ObjStrasseID="8482" ObjHausnummer="Volgersweg 12" ObjVorlage="2013-09-11 00:00:00.0" ObKeinKontakt="1" ObjArtID="1" Merkmal="0.0" ObjInfo="H.Krug"/>
  <Objekte ObjID="2126" ObjAufnahme="1997-05-13" ObjLetztKontakt="1997-05-13" ObjStrasseID="8482" ObjHausnummer="Volgersweg 10" ObjVorlage="2013-09-11 00:00:00.0" ObKeinKontakt="1" ObjArtID="1" Merkmal="0.0"/>
  <Objekte ObjID="2127" ObjAufnahme="1997-05-13" ObjLetztKontakt="1997-05-13" ObjStrasseID="8482" ObjHausnummer="Volgersweg 13" ObjVorlage="2013-09-11 00:00:00.0" ObKeinKontakt="1" ObjArtID="177" Merkmal="0.0"/>
  <Objekte ObjID="2128" ObjAufnahme="1997-05-13" ObjLetztKontakt="1997-05-13" ObjStrasseID="8482" ObjHausnummer="Volgersweg 14" ObjVorlage="2013-09-11 00:00:00.0" ObKeinKontakt="3" ObjArtID="1" Merkmal="0.0" ObjInfo="Engelbrecht"/>
  <Objekte ObjID="2129" ObjAufnahme="1997-05-13" ObjLetztKontakt="1997-05-13" ObjStrasseID="8482" ObjHausnummer="Volgersweg 15" ObjVorlage="2013-09-11 00:00:00.0" ObKeinKontakt="3" ObjArtID="1" Merkmal="0.0"/>
  <Objekte ObjID="2130" ObjAufnahme="1997-05-13" ObjLetztKontakt="1997-05-13" ObjStrasseID="8482" ObjHausnummer="Volgersweg 16" ObjVorlage="2013-09-11 00:00:00.0" ObKeinKontakt="1" ObjArtID="1" Merkmal="0.0" ObjInfo="Kramer, Groß-Buchholzer Kirchweg 65"/>
  <Objekte ObjID="2131" ObjAufnahme="1997-05-13" ObjLetztKontakt="2001-08-17" ObjStrasseID="8482" ObjHausnummer="Volgersweg 17" ObjVorlage="2013-09-11 00:00:00.0" ObKeinKontakt="3" ObjArtID="1" Merkmal="0.0" ObjInfo="Paschke"/>
  <Objekte ObjID="2132" ObjAufnahme="1997-05-13" ObjLetztKontakt="1997-05-13" ObjStrasseID="8482" ObjHausnummer="Volgersweg 18" ObjVorlage="2013-09-11 00:00:00.0" ObKeinKontakt="1" ObjArtID="1" Merkmal="0.0" ObjInfo="Paschke"/>
  <Objekte ObjID="2133" ObjAufnahme="1997-05-13" ObjLetztKontakt="1997-05-13" ObjStrasseID="8482" ObjHausnummer="Volgersweg 19" ObjVorlage="2013-09-11 00:00:00.0" ObKeinKontakt="1" ObjArtID="1" Merkmal="0.0" ObjInfo="Menge, Lemförder Str. 8A"/>
  <Objekte ObjID="2134" ObjAufnahme="1997-05-13" ObjLetztKontakt="1997-05-13" ObjStrasseID="8482" ObjHausnummer="Volgersweg 20" ObjVorlage="2013-09-11 00:00:00.0" ObKeinKontakt="1" ObjArtID="76" Merkmal="0.0" ObjInfo="19866\Terr N-W, Blk S-O"/>
  <Objekte ObjID="2135" ObjAufnahme="1997-05-13" ObjLetztKontakt="2001-08-17" ObjStrasseID="8482" ObjHausnummer="Volgersweg 21" ObjVorlage="2013-09-11 00:00:00.0" ObKeinKontakt="3" ObjArtID="1" Merkmal="0.0" ObjInfo="Fricke"/>
  <Objekte ObjID="2136" ObjAufnahme="1997-05-13" ObjLetztKontakt="1997-05-13" ObjStrasseID="8482" ObjHausnummer="Volgersweg 22" ObjVorlage="2013-09-11 00:00:00.0" ObKeinKontakt="1" ObjArtID="1" Merkmal="0.0" ObjInfo="Grube"/>
  <Objekte ObjID="2137" ObjAufnahme="1997-05-13" ObjLetztKontakt="1997-05-13" ObjStrasseID="8482" ObjHausnummer="Volgersweg 22A" ObjVorlage="2013-09-11 00:00:00.0" ObKeinKontakt="1" ObjArtID="1" Merkmal="0.0" ObjInfo="Böneker u. Mörking Osnabrück"/>
  <Objekte ObjID="2138" ObjAufnahme="1997-05-13" ObjLetztKontakt="2001-09-07" ObjStrasseID="8482" ObjHausnummer="Volgersweg 23" ObjVorlage="2013-09-11 00:00:00.0" ObKeinKontakt="7" ObjArtID="1" Merkmal="0.0" ObjInfo="Sellin u. Hoton"/>
  <Objekte ObjID="2139" ObjAufnahme="1997-05-13" ObjLetztKontakt="1997-05-13" ObjStrasseID="8482" ObjHausnummer="Volgersweg 24" ObjVorlage="2013-09-11 00:00:00.0" ObKeinKontakt="1" ObjArtID="1" Merkmal="0.0" ObjInfo="Wolff"/>
  <Objekte ObjID="2140" ObjAufnahme="1997-05-13" ObjLetztKontakt="1997-05-13" ObjStrasseID="8482" ObjHausnummer="Volgersweg 25" ObjVorlage="2013-09-11 00:00:00.0" ObKeinKontakt="1" ObjArtID="1" Merkmal="0.0" ObjInfo="Lilienthal"/>
  <Objekte ObjID="2141" ObjAufnahme="1997-05-13" ObjLetztKontakt="1997-05-13" ObjStrasseID="8482" ObjHausnummer="Volgersweg 26" ObjVorlage="2013-09-11 00:00:00.0" ObKeinKontakt="1" ObjArtID="177" Merkmal="0.0"/>
  <Objekte ObjID="2142" ObjAufnahme="1997-05-13" ObjLetztKontakt="1997-05-13" ObjStrasseID="8482" ObjHausnummer="Volgersweg 27" ObjVorlage="2013-09-11 00:00:00.0" ObKeinKontakt="1" ObjArtID="1" Merkmal="0.0" ObjInfo="Margot Rost"/>
  <Objekte ObjID="2143" ObjAufnahme="1997-05-13" ObjLetztKontakt="1997-05-13" ObjStrasseID="8482" ObjHausnummer="Volgersweg 29" ObjVorlage="2013-09-11 00:00:00.0" ObKeinKontakt="1" ObjArtID="1" Merkmal="0.0" ObjInfo="E.Nöthel"/>
  <Objekte ObjID="2144" ObjAufnahme="1997-05-13" ObjLetztKontakt="1997-05-13" ObjStrasseID="8482" ObjHausnummer="Volgersweg 30" ObjVorlage="2013-09-11 00:00:00.0" ObKeinKontakt="1" ObjArtID="1" Merkmal="0.0" ObjInfo="Cajewitz"/>
  <Objekte ObjID="2145" ObjAufnahme="1997-05-13" ObjLetztKontakt="1997-05-13" ObjStrasseID="8482" ObjHausnummer="Volgersweg 32" ObjVorlage="2013-09-11 00:00:00.0" ObKeinKontakt="1" ObjArtID="177" Merkmal="0.0"/>
  <Objekte ObjID="2146" ObjAufnahme="1997-05-13" ObjLetztKontakt="1997-05-13" ObjStrasseID="8482" ObjHausnummer="Volgersweg 33" ObjVorlage="2013-09-11 00:00:00.0" ObKeinKontakt="1" ObjArtID="177" Merkmal="0.0"/>
  <Objekte ObjID="2147" ObjAufnahme="1997-05-13" ObjLetztKontakt="2001-09-07" ObjStrasseID="8482" ObjHausnummer="Volgersweg 34" ObjVorlage="2013-09-11 00:00:00.0" ObKeinKontakt="3" ObjArtID="1" Merkmal="0.0" ObjInfo="hauptsächlich 1 und 2-Zimmerwohnungen Koineke tot Tochter geerbt"/>
  <Objekte ObjID="2148" ObjAufnahme="1997-05-13" ObjLetztKontakt="1997-05-13" ObjStrasseID="8482" ObjHausnummer="Volgersweg 35" ObjVorlage="2013-09-11 00:00:00.0" ObKeinKontakt="1" ObjArtID="177" Merkmal="0.0"/>
  <Objekte ObjID="2149" ObjAufnahme="1997-05-13" ObjLetztKontakt="1997-05-13" ObjStrasseID="8482" ObjHausnummer="Volgersweg 36" ObjVorlage="2013-09-11 00:00:00.0" ObKeinKontakt="1" ObjArtID="177" Merkmal="0.0"/>
  <Objekte ObjID="2150" ObjAufnahme="1997-05-13" ObjLetztKontakt="2001-09-03" ObjStrasseID="8482" ObjHausnummer="Volgersweg 37" ObjVorlage="2013-09-11 00:00:00.0" ObKeinKontakt="9" ObjArtID="139" Merkmal="0.0" ObjInfo="360101\Loggia, S-O TG-Stellpl."/>
  <Objekte ObjID="2151" ObjAufnahme="1997-05-13" ObjLetztKontakt="1997-05-13" ObjStrasseID="8482" ObjHausnummer="Volgersweg 38" ObjVorlage="2013-09-11 00:00:00.0" ObKeinKontakt="1" ObjArtID="173" Merkmal="0.0"/>
  <Objekte ObjID="2152" ObjAufnahme="1997-05-13" ObjLetztKontakt="1997-05-13" ObjStrasseID="8482" ObjHausnummer="Volgersweg 39" ObjVorlage="2013-09-11 00:00:00.0" ObKeinKontakt="1" ObjArtID="1" Merkmal="0.0" ObjInfo="Klie , Irmgard Mollenhauer"/>
  <Objekte ObjID="2153" ObjAufnahme="1997-05-13" ObjLetztKontakt="1997-05-13" ObjStrasseID="8482" ObjHausnummer="Volgersweg 40" ObjVorlage="2013-09-11 00:00:00.0" ObKeinKontakt="1" ObjArtID="1" Merkmal="0.0" ObjInfo="Th. Bach Königstr. 34"/>
  <Objekte ObjID="2154" ObjAufnahme="1997-05-13" ObjLetztKontakt="1997-05-13" ObjStrasseID="8482" ObjHausnummer="Volgersweg 41" ObjVorlage="2013-09-11 00:00:00.0" ObKeinKontakt="1" ObjArtID="1" Merkmal="0.0" ObjInfo="Koch"/>
  <Objekte ObjID="2155" ObjAufnahme="1997-05-13" ObjLetztKontakt="1997-05-13" ObjStrasseID="8482" ObjHausnummer="Volgersweg 42" ObjVorlage="2013-09-11 00:00:00.0" ObKeinKontakt="1" ObjArtID="106" Merkmal="0.0"/>
  <Objekte ObjID="2156" ObjAufnahme="1997-05-13" ObjLetztKontakt="1997-05-13" ObjStrasseID="8482" ObjHausnummer="Volgersweg 44" ObjVorlage="2013-09-11 00:00:00.0" ObKeinKontakt="1" ObjArtID="1" Merkmal="0.0" ObjInfo="Wistuba, Apenrader Str. 29"/>
  <Objekte ObjID="2157" ObjAufnahme="1997-05-13" ObjLetztKontakt="1997-05-13" ObjStrasseID="8482" ObjHausnummer="Volgersweg 49" ObjVorlage="2013-09-11 00:00:00.0" ObKeinKontakt="1" ObjArtID="1" Merkmal="0.0" ObjInfo="Apolant"/>
  <Objekte ObjID="2158" ObjAufnahme="1997-05-13" ObjLetztKontakt="1997-05-13" ObjStrasseID="8482" ObjHausnummer="Volgersweg 50" ObjVorlage="2013-09-11 00:00:00.0" ObKeinKontakt="1" ObjArtID="1" Merkmal="0.0" ObjInfo="Köhler, Ingrid Müller"/>
  <Objekte ObjID="2159" ObjAufnahme="1997-05-13" ObjLetztKontakt="1997-05-13" ObjStrasseID="8482" ObjHausnummer="Volgersweg 51" ObjVorlage="2013-09-11 00:00:00.0" ObKeinKontakt="1" ObjArtID="1" Merkmal="0.0" ObjInfo="wolfgang Kaulbarsch , Güntherstr. 25"/>
  <Objekte ObjID="2160" ObjAufnahme="1997-05-13" ObjLetztKontakt="1997-05-13" ObjStrasseID="8482" ObjHausnummer="Volgersweg 52" ObjVorlage="2013-09-11 00:00:00.0" ObKeinKontakt="1" ObjArtID="1" Merkmal="0.0" ObjInfo="Voshage"/>
  <Objekte ObjID="2161" ObjAufnahme="1997-05-13" ObjLetztKontakt="1997-05-13" ObjStrasseID="8482" ObjHausnummer="Volgersweg 53" ObjVorlage="2013-09-11 00:00:00.0" ObKeinKontakt="1" ObjArtID="1" Merkmal="0.0" ObjInfo="Grüne"/>
  <Objekte ObjID="2162" ObjAufnahme="1997-05-13" ObjLetztKontakt="1997-05-13" ObjStrasseID="8482" ObjHausnummer="Volgersweg 54" ObjVorlage="2013-09-11 00:00:00.0" ObKeinKontakt="1" ObjArtID="1" Merkmal="0.0" ObjInfo="Kölpin"/>
  <Objekte ObjID="2163" ObjAufnahme="1997-05-13" ObjLetztKontakt="1997-05-13" ObjStrasseID="8482" ObjHausnummer="Volgersweg 55" ObjVorlage="2013-09-11 00:00:00.0" ObKeinKontakt="3" ObjArtID="1" Merkmal="0.0" ObjInfo="Wiesenhöfer"/>
  <Objekte ObjID="2164" ObjAufnahme="1997-05-13" ObjLetztKontakt="1997-05-13" ObjStrasseID="6812" ObjHausnummer="Heinrichstraße 19" ObjVorlage="2013-09-11 00:00:00.0" ObKeinKontakt="1" ObjArtID="1" Merkmal="0.0"/>
  <Objekte ObjID="2165" ObjAufnahme="1997-05-13" ObjLetztKontakt="1997-05-13" ObjStrasseID="6812" ObjHausnummer="Heinrichstraße 25" ObjVorlage="2013-09-11 00:00:00.0" ObKeinKontakt="1" ObjArtID="1" Merkmal="0.0"/>
  <Objekte ObjID="2166" ObjAufnahme="1997-05-13" ObjLetztKontakt="1997-05-13" ObjStrasseID="6812" ObjHausnummer="Heinrichstraße 27" ObjVorlage="2013-09-11 00:00:00.0" ObKeinKontakt="1" ObjArtID="1" Merkmal="0.0"/>
  <Objekte ObjID="2167" ObjAufnahme="1997-05-13" ObjLetztKontakt="1997-05-13" ObjStrasseID="6812" ObjHausnummer="Heinrichstraße 29" ObjVorlage="2013-09-11 00:00:00.0" ObKeinKontakt="1" ObjArtID="1" Merkmal="0.0"/>
  <Objekte ObjID="2168" ObjAufnahme="1997-05-13" ObjLetztKontakt="1997-05-13" ObjStrasseID="6812" ObjHausnummer="Heinrichstraße 31" ObjVorlage="2013-09-11 00:00:00.0" ObKeinKontakt="1" ObjArtID="1" Merkmal="0.0"/>
  <Objekte ObjID="2169" ObjAufnahme="1997-05-13" ObjLetztKontakt="1997-05-13" ObjStrasseID="6812" ObjHausnummer="Heinrichstraße 36" ObjVorlage="2013-09-11 00:00:00.0" ObKeinKontakt="1" ObjArtID="1" Merkmal="0.0"/>
  <Objekte ObjID="2170" ObjAufnahme="1997-05-13" ObjLetztKontakt="1997-05-13" ObjStrasseID="6812" ObjHausnummer="Heinrichstraße 34" ObjVorlage="2013-09-11 00:00:00.0" ObKeinKontakt="1" ObjArtID="1" Merkmal="0.0"/>
  <Objekte ObjID="2171" ObjAufnahme="1997-05-13" ObjLetztKontakt="1997-05-13" ObjStrasseID="6812" ObjHausnummer="Heinrichstraße 32" ObjVorlage="2013-09-11 00:00:00.0" ObKeinKontakt="1" ObjArtID="1" Merkmal="0.0"/>
  <Objekte ObjID="2172" ObjAufnahme="1997-05-13" ObjLetztKontakt="1997-05-13" ObjStrasseID="6812" ObjHausnummer="Heinrichstraße 30" ObjVorlage="2013-09-11 00:00:00.0" ObKeinKontakt="1" ObjArtID="1" Merkmal="0.0"/>
  <Objekte ObjID="2173" ObjAufnahme="1997-05-13" ObjLetztKontakt="1997-05-13" ObjStrasseID="6812" ObjHausnummer="Heinrichstraße 26" ObjVorlage="2013-09-11 00:00:00.0" ObKeinKontakt="1" ObjArtID="1" Merkmal="0.0"/>
  <Objekte ObjID="2174" ObjAufnahme="1997-05-13" ObjLetztKontakt="1997-05-13" ObjStrasseID="6812" ObjHausnummer="Heinrichstraße 18" ObjVorlage="2013-09-11 00:00:00.0" ObKeinKontakt="1" ObjArtID="1" Merkmal="0.0"/>
  <Objekte ObjID="2175" ObjAufnahme="1997-05-13" ObjLetztKontakt="1997-05-13" ObjStrasseID="6812" ObjHausnummer="Heinrichstraße 16" ObjVorlage="2013-09-11 00:00:00.0" ObKeinKontakt="1" ObjArtID="1" Merkmal="0.0"/>
  <Objekte ObjID="2176" ObjAufnahme="1997-05-13" ObjLetztKontakt="1997-05-13" ObjStrasseID="6812" ObjHausnummer="Heinrichstraße 14" ObjVorlage="2013-09-11 00:00:00.0" ObKeinKontakt="1" ObjArtID="1" Merkmal="0.0"/>
  <Objekte ObjID="2177" ObjAufnahme="1997-05-13" ObjLetztKontakt="1997-05-13" ObjStrasseID="6812" ObjHausnummer="Heinrichstraße 12" ObjVorlage="2013-09-11 00:00:00.0" ObKeinKontakt="1" ObjArtID="1" Merkmal="0.0"/>
  <Objekte ObjID="2178" ObjAufnahme="1997-05-13" ObjLetztKontakt="1997-05-13" ObjStrasseID="6812" ObjHausnummer="Heinrichstraße 10" ObjVorlage="2013-09-11 00:00:00.0" ObKeinKontakt="1" ObjArtID="1" Merkmal="0.0"/>
  <Objekte ObjID="2179" ObjAufnahme="1997-05-13" ObjLetztKontakt="1997-05-13" ObjStrasseID="6812" ObjHausnummer="Heinrichstraße 8" ObjVorlage="2013-09-11 00:00:00.0" ObKeinKontakt="1" ObjArtID="1" Merkmal="0.0"/>
  <Objekte ObjID="2180" ObjAufnahme="1997-05-13" ObjLetztKontakt="1997-05-13" ObjStrasseID="6812" ObjHausnummer="Heinrichstraße 6" ObjVorlage="2013-09-11 00:00:00.0" ObKeinKontakt="1" ObjArtID="1" Merkmal="0.0"/>
  <Objekte ObjID="2181" ObjAufnahme="1997-05-13" ObjLetztKontakt="1997-05-13" ObjStrasseID="6812" ObjHausnummer="Heinrichstraße 4" ObjVorlage="2013-09-11 00:00:00.0" ObKeinKontakt="1" ObjArtID="1" Merkmal="0.0"/>
  <Objekte ObjID="2182" ObjAufnahme="1997-05-13" ObjLetztKontakt="1997-05-13" ObjStrasseID="6812" ObjHausnummer="Heinrichstraße 5" ObjVorlage="2013-09-11 00:00:00.0" ObKeinKontakt="1" ObjArtID="1" Merkmal="0.0"/>
  <Objekte ObjID="2183" ObjAufnahme="1997-05-13" ObjLetztKontakt="1997-05-13" ObjStrasseID="6812" ObjHausnummer="Heinrichstraße 7" ObjVorlage="2013-09-11 00:00:00.0" ObKeinKontakt="1" ObjArtID="173" Merkmal="0.0"/>
  <Objekte ObjID="2184" ObjAufnahme="1997-05-13" ObjLetztKontakt="1997-05-13" ObjStrasseID="6812" ObjHausnummer="Heinrichstraße 9" ObjVorlage="2013-09-11 00:00:00.0" ObKeinKontakt="1" ObjArtID="1" Merkmal="0.0"/>
  <Objekte ObjID="2185" ObjAufnahme="1997-05-13" ObjLetztKontakt="1997-05-13" ObjStrasseID="6812" ObjHausnummer="Heinrichstraße 11" ObjVorlage="2013-09-11 00:00:00.0" ObKeinKontakt="1" ObjArtID="1" Merkmal="0.0"/>
  <Objekte ObjID="2186" ObjAufnahme="1997-05-13" ObjLetztKontakt="1997-05-13" ObjStrasseID="6812" ObjHausnummer="Heinrichstraße 13" ObjVorlage="2013-09-11 00:00:00.0" ObKeinKontakt="1" ObjArtID="1" Merkmal="0.0"/>
  <Objekte ObjID="2187" ObjAufnahme="1997-05-13" ObjLetztKontakt="1997-05-13" ObjStrasseID="7985" ObjHausnummer="Rumannstraße 30" ObjVorlage="2013-09-11 00:00:00.0" ObKeinKontakt="1" ObjArtID="1" Merkmal="0.0"/>
  <Objekte ObjID="2188" ObjAufnahme="1997-05-13" ObjLetztKontakt="1997-05-13" ObjStrasseID="7985" ObjHausnummer="Rumannstraße 28" ObjVorlage="2013-09-11 00:00:00.0" ObKeinKontakt="1" ObjArtID="1" Merkmal="0.0"/>
  <Objekte ObjID="2189" ObjAufnahme="1997-05-13" ObjLetztKontakt="1997-05-13" ObjStrasseID="7985" ObjHausnummer="Rumannstraße 26" ObjVorlage="2013-09-11 00:00:00.0" ObKeinKontakt="1" ObjArtID="1" Merkmal="0.0"/>
  <Objekte ObjID="2190" ObjAufnahme="1997-05-13" ObjLetztKontakt="1997-05-13" ObjStrasseID="7985" ObjHausnummer="Rumannstraße 24" ObjVorlage="2013-09-11 00:00:00.0" ObKeinKontakt="1" ObjArtID="1" Merkmal="0.0"/>
  <Objekte ObjID="2191" ObjAufnahme="1997-05-13" ObjLetztKontakt="1997-05-13" ObjStrasseID="7985" ObjHausnummer="Rumannstraße 22" ObjVorlage="2013-09-11 00:00:00.0" ObKeinKontakt="1" ObjArtID="1" Merkmal="0.0"/>
  <Objekte ObjID="2192" ObjAufnahme="1997-05-13" ObjLetztKontakt="1997-05-13" ObjStrasseID="7985" ObjHausnummer="Rumannstraße 20" ObjVorlage="2013-09-11 00:00:00.0" ObKeinKontakt="1" ObjArtID="1" Merkmal="0.0"/>
  <Objekte ObjID="2193" ObjAufnahme="1997-05-13" ObjLetztKontakt="1997-05-13" ObjStrasseID="7985" ObjHausnummer="Rumannstraße 18" ObjVorlage="2013-09-11 00:00:00.0" ObKeinKontakt="1" ObjArtID="1" Merkmal="0.0"/>
  <Objekte ObjID="2194" ObjAufnahme="1997-05-13" ObjLetztKontakt="1997-05-13" ObjStrasseID="7985" ObjHausnummer="Rumannstraße 16" ObjVorlage="2013-09-11 00:00:00.0" ObKeinKontakt="1" ObjArtID="1" Merkmal="0.0"/>
  <Objekte ObjID="2195" ObjAufnahme="1997-05-13" ObjLetztKontakt="1997-05-13" ObjStrasseID="7985" ObjHausnummer="Rumannstraße 14" ObjVorlage="2013-09-11 00:00:00.0" ObKeinKontakt="1" ObjArtID="1" Merkmal="0.0"/>
  <Objekte ObjID="2196" ObjAufnahme="1997-05-13" ObjLetztKontakt="1997-05-13" ObjStrasseID="7985" ObjHausnummer="Rumannstraße 12" ObjVorlage="2013-09-11 00:00:00.0" ObKeinKontakt="1" ObjArtID="1" Merkmal="0.0"/>
  <Objekte ObjID="2197" ObjAufnahme="1997-05-13" ObjLetztKontakt="1997-05-13" ObjStrasseID="7985" ObjHausnummer="Rumannstraße 10" ObjVorlage="2013-09-11 00:00:00.0" ObKeinKontakt="1" ObjArtID="1" Merkmal="0.0"/>
  <Objekte ObjID="2198" ObjAufnahme="1997-05-13" ObjLetztKontakt="1997-05-13" ObjStrasseID="7985" ObjHausnummer="Rumannstraße 8" ObjVorlage="2013-09-11 00:00:00.0" ObKeinKontakt="1" ObjArtID="1" Merkmal="0.0"/>
  <Objekte ObjID="2199" ObjAufnahme="1997-05-13" ObjLetztKontakt="1997-05-13" ObjStrasseID="7985" ObjHausnummer="Rumannstraße 6" ObjVorlage="2013-09-11 00:00:00.0" ObKeinKontakt="1" ObjArtID="1" Merkmal="0.0"/>
  <Objekte ObjID="2200" ObjAufnahme="1997-05-13" ObjLetztKontakt="1997-05-13" ObjStrasseID="7985" ObjHausnummer="Rumannstraße 4" ObjVorlage="2013-09-11 00:00:00.0" ObKeinKontakt="1" ObjArtID="1" Merkmal="0.0"/>
  <Objekte ObjID="2201" ObjAufnahme="1997-05-13" ObjLetztKontakt="1997-05-13" ObjStrasseID="7985" ObjHausnummer="Rumannstraße 2" ObjVorlage="2013-09-11 00:00:00.0" ObKeinKontakt="1" ObjArtID="1" Merkmal="0.0"/>
  <Objekte ObjID="2202" ObjAufnahme="1997-05-13" ObjLetztKontakt="1997-05-13" ObjStrasseID="7985" ObjHausnummer="Rumannstraße 13" ObjVorlage="2013-09-11 00:00:00.0" ObKeinKontakt="1" ObjArtID="1" Merkmal="0.0"/>
  <Objekte ObjID="2203" ObjAufnahme="1997-05-13" ObjLetztKontakt="1997-05-13" ObjStrasseID="7985" ObjHausnummer="Rumannstraße 15" ObjVorlage="2013-09-11 00:00:00.0" ObKeinKontakt="1" ObjArtID="1" Merkmal="0.0"/>
  <Objekte ObjID="2204" ObjAufnahme="1997-05-13" ObjLetztKontakt="1997-05-13" ObjStrasseID="7985" ObjHausnummer="Rumannstraße 17" ObjVorlage="2013-09-11 00:00:00.0" ObKeinKontakt="1" ObjArtID="1" Merkmal="0.0"/>
  <Objekte ObjID="2205" ObjAufnahme="1997-05-13" ObjLetztKontakt="1997-05-13" ObjStrasseID="7985" ObjHausnummer="Rumannstraße 19" ObjVorlage="2013-09-11 00:00:00.0" ObKeinKontakt="1" ObjArtID="1" Merkmal="0.0"/>
  <Objekte ObjID="2207" ObjAufnahme="1997-05-13" ObjLetztKontakt="1997-05-13" ObjStrasseID="7985" ObjHausnummer="Rumannstraße 25" ObjVorlage="2013-09-11 00:00:00.0" ObKeinKontakt="1" ObjArtID="228" Merkmal="0.0" ObjInfo="670165\Blk."/>
  <Objekte ObjID="2210" ObjAufnahme="1997-05-13" ObjLetztKontakt="1997-05-13" ObjStrasseID="7985" ObjHausnummer="Rumannstraße 29" ObjVorlage="2013-09-11 00:00:00.0" ObKeinKontakt="1" ObjArtID="1" Merkmal="0.0"/>
  <Objekte ObjID="2211" ObjAufnahme="1997-05-13" ObjLetztKontakt="1997-05-13" ObjStrasseID="7985" ObjHausnummer="Rumannstraße 31" ObjVorlage="2013-09-11 00:00:00.0" ObKeinKontakt="1" ObjArtID="1" Merkmal="0.0"/>
  <Objekte ObjID="2212" ObjAufnahme="1997-05-13" ObjLetztKontakt="1997-05-13" ObjStrasseID="7985" ObjHausnummer="Rumannstraße 33" ObjVorlage="2013-09-11 00:00:00.0" ObKeinKontakt="1" ObjArtID="1" Merkmal="0.0"/>
  <Objekte ObjID="2214" ObjAufnahme="1997-05-13" ObjLetztKontakt="1997-05-13" ObjStrasseID="7985" ObjHausnummer="Rumannstraße 37" ObjVorlage="2013-09-11 00:00:00.0" ObKeinKontakt="1" ObjArtID="1" Merkmal="0.0"/>
  <Objekte ObjID="2215" ObjAufnahme="1997-05-13" ObjLetztKontakt="1997-05-13" ObjStrasseID="7985" ObjHausnummer="Rumannstraße 38" ObjVorlage="2013-09-11 00:00:00.0" ObKeinKontakt="1" ObjArtID="1" Merkmal="0.0"/>
  <Objekte ObjID="2216" ObjAufnahme="1997-05-13" ObjLetztKontakt="1997-05-13" ObjStrasseID="7985" ObjHausnummer="Rumannstraße 36" ObjVorlage="2013-09-11 00:00:00.0" ObKeinKontakt="1" ObjArtID="1" Merkmal="0.0"/>
  <Objekte ObjID="2217" ObjAufnahme="1997-05-13" ObjLetztKontakt="1997-05-13" ObjStrasseID="7985" ObjHausnummer="Rumannstraße 34" ObjVorlage="2013-09-11 00:00:00.0" ObKeinKontakt="1" ObjArtID="1" Merkmal="0.0"/>
  <Objekte ObjID="2218" ObjAufnahme="1997-05-13" ObjLetztKontakt="1997-05-13" ObjStrasseID="7985" ObjHausnummer="Rumannstraße 32" ObjVorlage="2013-09-11 00:00:00.0" ObKeinKontakt="1" ObjArtID="1" Merkmal="0.0"/>
  <Objekte ObjID="2219" ObjAufnahme="1997-05-13" ObjLetztKontakt="1997-05-13" ObjStrasseID="6490" ObjHausnummer="Friesenstraße 55" ObjVorlage="2013-09-11 00:00:00.0" ObKeinKontakt="1" ObjArtID="1" Merkmal="0.0"/>
  <Objekte ObjID="2220" ObjAufnahme="1997-05-13" ObjLetztKontakt="1997-05-13" ObjStrasseID="6490" ObjHausnummer="Friesenstraße 57" ObjVorlage="2013-09-11 00:00:00.0" ObKeinKontakt="1" ObjArtID="1" Merkmal="0.0"/>
  <Objekte ObjID="2221" ObjAufnahme="1997-05-13" ObjLetztKontakt="1997-05-13" ObjStrasseID="6490" ObjHausnummer="Friesenstraße 58" ObjVorlage="2013-09-11 00:00:00.0" ObKeinKontakt="1" ObjArtID="1" Merkmal="0.0"/>
  <Objekte ObjID="2222" ObjAufnahme="1997-05-13" ObjLetztKontakt="1997-05-13" ObjStrasseID="6490" ObjHausnummer="Friesenstraße 59" ObjVorlage="2013-09-11 00:00:00.0" ObKeinKontakt="1" ObjArtID="1" Merkmal="0.0"/>
  <Objekte ObjID="2223" ObjAufnahme="1997-05-13" ObjLetztKontakt="1997-05-13" ObjStrasseID="6490" ObjHausnummer="Friesenstraße 61" ObjVorlage="2013-09-11 00:00:00.0" ObKeinKontakt="1" ObjArtID="1" Merkmal="0.0"/>
  <Objekte ObjID="2226" ObjAufnahme="1997-05-13" ObjLetztKontakt="1997-05-13" ObjStrasseID="6490" ObjHausnummer="Friesenstraße 65Bau" ObjVorlage="2013-09-11 00:00:00.0" ObKeinKontakt="1" ObjArtID="1" Merkmal="0.0"/>
  <Objekte ObjID="2227" ObjAufnahme="1997-05-13" ObjLetztKontakt="1997-05-13" ObjStrasseID="6490" ObjHausnummer="Friesenstraße 66" ObjVorlage="2013-09-11 00:00:00.0" ObKeinKontakt="1" ObjArtID="1" Merkmal="0.0"/>
  <Objekte ObjID="2229" ObjAufnahme="1997-05-13" ObjLetztKontakt="1997-05-13" ObjStrasseID="6490" ObjHausnummer="Friesenstraße 13" ObjVorlage="2013-09-11 00:00:00.0" ObKeinKontakt="1" ObjArtID="1" Merkmal="0.0"/>
  <Objekte ObjID="2230" ObjAufnahme="1997-05-13" ObjLetztKontakt="1997-05-13" ObjStrasseID="6490" ObjHausnummer="Friesenstraße 48" ObjVorlage="2013-09-11 00:00:00.0" ObKeinKontakt="1" ObjArtID="177" Merkmal="0.0"/>
  <Objekte ObjID="2231" ObjAufnahme="1997-05-13" ObjLetztKontakt="1997-05-13" ObjStrasseID="6490" ObjHausnummer="Friesenstraße 48A" ObjVorlage="2013-09-11 00:00:00.0" ObKeinKontakt="1" ObjArtID="1" Merkmal="0.0"/>
  <Objekte ObjID="2232" ObjAufnahme="1997-05-13" ObjLetztKontakt="1997-05-13" ObjStrasseID="6490" ObjHausnummer="Friesenstraße 49" ObjVorlage="2013-09-11 00:00:00.0" ObKeinKontakt="1" ObjArtID="1" Merkmal="0.0"/>
  <Objekte ObjID="2233" ObjAufnahme="1997-05-13" ObjLetztKontakt="1997-05-13" ObjStrasseID="6490" ObjHausnummer="Friesenstraße 50" ObjVorlage="2013-09-11 00:00:00.0" ObKeinKontakt="1" ObjArtID="1" Merkmal="0.0"/>
  <Objekte ObjID="2234" ObjAufnahme="1997-05-13" ObjLetztKontakt="1997-05-13" ObjStrasseID="6490" ObjHausnummer="Friesenstraße 51" ObjVorlage="2013-09-11 00:00:00.0" ObKeinKontakt="1" ObjArtID="1" Merkmal="0.0"/>
  <Objekte ObjID="2235" ObjAufnahme="1997-05-13" ObjLetztKontakt="1997-05-13" ObjStrasseID="6490" ObjHausnummer="Friesenstraße 52" ObjVorlage="2013-09-11 00:00:00.0" ObKeinKontakt="1" ObjArtID="5" Merkmal="0.0"/>
  <Objekte ObjID="2236" ObjAufnahme="1997-05-13" ObjLetztKontakt="1997-05-13" ObjStrasseID="6490" ObjHausnummer="Friesenstraße 53" ObjVorlage="2013-09-11 00:00:00.0" ObKeinKontakt="1" ObjArtID="1" Merkmal="0.0"/>
  <Objekte ObjID="2237" ObjAufnahme="1997-05-13" ObjLetztKontakt="1997-05-13" ObjStrasseID="6490" ObjHausnummer="Friesenstraße 54" ObjVorlage="2013-09-11 00:00:00.0" ObKeinKontakt="1" ObjArtID="1" Merkmal="0.0"/>
  <Objekte ObjID="2243" ObjAufnahme="1997-05-13" ObjLetztKontakt="1997-05-13" ObjStrasseID="6490" ObjHausnummer="Friesenstraße 62" ObjVorlage="2013-09-11 00:00:00.0" ObKeinKontakt="1" ObjArtID="1" Merkmal="0.0"/>
  <Objekte ObjID="2244" ObjAufnahme="1997-05-13" ObjLetztKontakt="1997-05-13" ObjStrasseID="6490" ObjHausnummer="Friesenstraße 64" ObjVorlage="2013-09-11 00:00:00.0" ObKeinKontakt="1" ObjArtID="1" Merkmal="0.0"/>
  <Objekte ObjID="2247" ObjAufnahme="1997-05-13" ObjLetztKontakt="1997-05-13" ObjStrasseID="6490" ObjHausnummer="Friesenstraße 67" ObjVorlage="2013-09-11 00:00:00.0" ObKeinKontakt="1" ObjArtID="1" Merkmal="0.0"/>
  <Objekte ObjID="2249" ObjAufnahme="1997-05-13" ObjLetztKontakt="1997-05-13" ObjStrasseID="8150" ObjHausnummer="Sedanstraße 21" ObjVorlage="2013-09-11 00:00:00.0" ObKeinKontakt="1" ObjArtID="1" Merkmal="0.0"/>
  <Objekte ObjID="2250" ObjAufnahme="1997-05-13" ObjLetztKontakt="1997-05-13" ObjStrasseID="8150" ObjHausnummer="Sedanstraße 52" ObjVorlage="2013-09-11 00:00:00.0" ObKeinKontakt="1" ObjArtID="1" Merkmal="0.0"/>
  <Objekte ObjID="2251" ObjAufnahme="1997-05-13" ObjLetztKontakt="1997-05-13" ObjStrasseID="6912" ObjHausnummer="Holscherstraße 10" ObjVorlage="2013-09-11 00:00:00.0" ObKeinKontakt="1" ObjArtID="1" Merkmal="0.0"/>
  <Objekte ObjID="2252" ObjAufnahme="1997-05-13" ObjLetztKontakt="1997-05-13" ObjStrasseID="6912" ObjHausnummer="Holscherstraße 8" ObjVorlage="2013-09-11 00:00:00.0" ObKeinKontakt="1" ObjArtID="1" Merkmal="0.0"/>
  <Objekte ObjID="2253" ObjAufnahme="1997-05-13" ObjLetztKontakt="1997-05-13" ObjStrasseID="6912" ObjHausnummer="Holscherstraße 12" ObjVorlage="2013-09-11 00:00:00.0" ObKeinKontakt="1" ObjArtID="1" Merkmal="0.0"/>
  <Objekte ObjID="2254" ObjAufnahme="1997-05-13" ObjLetztKontakt="1997-05-13" ObjStrasseID="6912" ObjHausnummer="Holscherstraße 16" ObjVorlage="2013-09-11 00:00:00.0" ObKeinKontakt="1" ObjArtID="1" Merkmal="0.0"/>
  <Objekte ObjID="2255" ObjAufnahme="1997-05-13" ObjLetztKontakt="1997-05-13" ObjStrasseID="6912" ObjHausnummer="Holscherstraße 18" ObjVorlage="2013-09-11 00:00:00.0" ObKeinKontakt="1" ObjArtID="1" Merkmal="0.0"/>
  <Objekte ObjID="2256" ObjAufnahme="1997-05-13" ObjLetztKontakt="1997-05-13" ObjStrasseID="6912" ObjHausnummer="Holscherstraße 20" ObjVorlage="2013-09-11 00:00:00.0" ObKeinKontakt="1" ObjArtID="1" Merkmal="0.0"/>
  <Objekte ObjID="2257" ObjAufnahme="1997-05-13" ObjLetztKontakt="1997-05-13" ObjStrasseID="6912" ObjHausnummer="Holscherstraße 26" ObjVorlage="2013-09-11 00:00:00.0" ObKeinKontakt="1" ObjArtID="1" Merkmal="0.0"/>
  <Objekte ObjID="2258" ObjAufnahme="1997-05-13" ObjLetztKontakt="1997-05-13" ObjStrasseID="6912" ObjHausnummer="Holscherstraße 1" ObjVorlage="2013-09-11 00:00:00.0" ObKeinKontakt="1" ObjArtID="1" Merkmal="0.0"/>
  <Objekte ObjID="2259" ObjAufnahme="1997-05-13" ObjLetztKontakt="1997-05-13" ObjStrasseID="7840" ObjHausnummer="Rambergstraße 28" ObjVorlage="2013-09-11 00:00:00.0" ObKeinKontakt="1" ObjArtID="1" Merkmal="0.0"/>
  <Objekte ObjID="2260" ObjAufnahme="1997-05-13" ObjLetztKontakt="1997-05-13" ObjStrasseID="7840" ObjHausnummer="Rambergstraße 29" ObjVorlage="2013-09-11 00:00:00.0" ObKeinKontakt="1" ObjArtID="1" Merkmal="0.0"/>
  <Objekte ObjID="2261" ObjAufnahme="1997-05-13" ObjLetztKontakt="1997-05-13" ObjStrasseID="7840" ObjHausnummer="Rambergstraße 30" ObjVorlage="2013-09-11 00:00:00.0" ObKeinKontakt="1" ObjArtID="1" Merkmal="0.0"/>
  <Objekte ObjID="2262" ObjAufnahme="1997-05-13" ObjLetztKontakt="1997-05-13" ObjStrasseID="7840" ObjHausnummer="Rambergstraße 31" ObjVorlage="2013-09-11 00:00:00.0" ObKeinKontakt="1" ObjArtID="1" Merkmal="0.0"/>
  <Objekte ObjID="2263" ObjAufnahme="1997-05-13" ObjLetztKontakt="2004-10-15" ObjStrasseID="7840" ObjHausnummer="Rambergstraße 32" ObjVorlage="2013-09-11 00:00:00.0" ObKeinKontakt="2" ObjArtID="1" Merkmal="0.0"/>
  <Objekte ObjID="2264" ObjAufnahme="1997-05-13" ObjLetztKontakt="1997-05-30" ObjStrasseID="7840" ObjHausnummer="Rambergstraße 33" ObjVorlage="2013-09-11 00:00:00.0" ObKeinKontakt="2" ObjArtID="1" Merkmal="0.0" ObjInfo="sieht arg heruntergekommen aus"/>
  <Objekte ObjID="2265" ObjAufnahme="1997-05-13" ObjLetztKontakt="1997-05-13" ObjStrasseID="7840" ObjHausnummer="Rambergstraße 35" ObjVorlage="2013-09-11 00:00:00.0" ObKeinKontakt="1" ObjArtID="1" Merkmal="0.0"/>
  <Objekte ObjID="2266" ObjAufnahme="1997-05-13" ObjLetztKontakt="1997-05-13" ObjStrasseID="7840" ObjHausnummer="Rambergstraße 36" ObjVorlage="2013-09-11 00:00:00.0" ObKeinKontakt="1" ObjArtID="1" Merkmal="0.0"/>
  <Objekte ObjID="2267" ObjAufnahme="1997-05-13" ObjLetztKontakt="1997-05-13" ObjStrasseID="7840" ObjHausnummer="Rambergstraße 36A" ObjVorlage="2013-09-11 00:00:00.0" ObKeinKontakt="1" ObjArtID="1" Merkmal="0.0"/>
  <Objekte ObjID="2268" ObjAufnahme="1997-05-13" ObjLetztKontakt="1997-05-13" ObjStrasseID="7840" ObjHausnummer="Rambergstraße 37" ObjVorlage="2013-09-11 00:00:00.0" ObKeinKontakt="1" ObjArtID="1" Merkmal="0.0"/>
  <Objekte ObjID="2269" ObjAufnahme="1997-05-13" ObjLetztKontakt="1997-05-13" ObjStrasseID="7840" ObjHausnummer="Rambergstraße 38" ObjVorlage="2013-09-11 00:00:00.0" ObKeinKontakt="1" ObjArtID="1" Merkmal="0.0"/>
  <Objekte ObjID="2270" ObjAufnahme="1997-05-13" ObjLetztKontakt="1997-05-13" ObjStrasseID="7840" ObjHausnummer="Rambergstraße 39" ObjVorlage="2013-09-11 00:00:00.0" ObKeinKontakt="1" ObjArtID="1" Merkmal="0.0"/>
  <Objekte ObjID="2271" ObjAufnahme="1997-05-13" ObjLetztKontakt="1997-05-13" ObjStrasseID="7840" ObjHausnummer="Rambergstraße 40" ObjVorlage="2013-09-11 00:00:00.0" ObKeinKontakt="1" ObjArtID="1" Merkmal="0.0"/>
  <Objekte ObjID="2272" ObjAufnahme="1997-05-13" ObjLetztKontakt="1997-05-13" ObjStrasseID="7840" ObjHausnummer="Rambergstraße 41" ObjVorlage="2013-09-11 00:00:00.0" ObKeinKontakt="1" ObjArtID="1" Merkmal="0.0"/>
  <Objekte ObjID="2273" ObjAufnahme="1997-05-13" ObjLetztKontakt="1997-05-13" ObjStrasseID="7840" ObjHausnummer="Rambergstraße 42" ObjVorlage="2013-09-11 00:00:00.0" ObKeinKontakt="1" ObjArtID="1" Merkmal="0.0"/>
  <Objekte ObjID="2274" ObjAufnahme="1997-05-13" ObjLetztKontakt="1997-05-13" ObjStrasseID="7840" ObjHausnummer="Rambergstraße 43" ObjVorlage="2013-09-11 00:00:00.0" ObKeinKontakt="1" ObjArtID="1" Merkmal="0.0"/>
  <Objekte ObjID="2275" ObjAufnahme="1997-05-13" ObjLetztKontakt="1997-05-13" ObjStrasseID="7840" ObjHausnummer="Rambergstraße 44" ObjVorlage="2013-09-11 00:00:00.0" ObKeinKontakt="1" ObjArtID="1" Merkmal="0.0"/>
  <Objekte ObjID="2277" ObjAufnahme="1997-05-13" ObjLetztKontakt="1997-05-13" ObjStrasseID="7840" ObjHausnummer="Rambergstraße 2" ObjVorlage="2013-09-11 00:00:00.0" ObKeinKontakt="1" ObjArtID="1" Merkmal="0.0"/>
  <Objekte ObjID="2279" ObjAufnahme="1997-05-13" ObjLetztKontakt="1997-05-13" ObjStrasseID="7840" ObjHausnummer="Rambergstraße 4" ObjVorlage="2013-09-11 00:00:00.0" ObKeinKontakt="1" ObjArtID="1" Merkmal="0.0"/>
  <Objekte ObjID="2280" ObjAufnahme="1997-05-13" ObjLetztKontakt="1997-05-13" ObjStrasseID="7840" ObjHausnummer="Rambergstraße 5" ObjVorlage="2013-09-11 00:00:00.0" ObKeinKontakt="1" ObjArtID="1" Merkmal="0.0"/>
  <Objekte ObjID="2281" ObjAufnahme="1997-05-13" ObjLetztKontakt="1997-05-13" ObjStrasseID="7840" ObjHausnummer="Rambergstraße 6" ObjVorlage="2013-09-11 00:00:00.0" ObKeinKontakt="1" ObjArtID="1" Merkmal="0.0"/>
  <Objekte ObjID="2282" ObjAufnahme="1997-05-13" ObjLetztKontakt="1997-05-13" ObjStrasseID="7840" ObjHausnummer="Rambergstraße 7" ObjVorlage="2013-09-11 00:00:00.0" ObKeinKontakt="1" ObjArtID="1" Merkmal="0.0"/>
  <Objekte ObjID="2286" ObjAufnahme="1997-05-13" ObjLetztKontakt="1997-05-13" ObjStrasseID="7840" ObjHausnummer="Rambergstraße 11" ObjVorlage="2013-09-11 00:00:00.0" ObKeinKontakt="1" ObjArtID="1" Merkmal="0.0"/>
  <Objekte ObjID="2287" ObjAufnahme="1997-05-13" ObjLetztKontakt="1997-05-13" ObjStrasseID="7840" ObjHausnummer="Rambergstraße 13" ObjVorlage="2013-09-11 00:00:00.0" ObKeinKontakt="1" ObjArtID="1" Merkmal="0.0"/>
  <Objekte ObjID="2289" ObjAufnahme="1997-05-13" ObjLetztKontakt="1997-05-13" ObjStrasseID="8666" ObjHausnummer="Wittekindstraße 2" ObjVorlage="2013-09-11 00:00:00.0" ObKeinKontakt="1" ObjArtID="1" Merkmal="0.0"/>
  <Objekte ObjID="2291" ObjAufnahme="1997-05-13" ObjLetztKontakt="1997-05-13" ObjStrasseID="8666" ObjHausnummer="Wittekindstraße 6" ObjVorlage="2013-09-11 00:00:00.0" ObKeinKontakt="1" ObjArtID="1" Merkmal="0.0"/>
  <Objekte ObjID="2292" ObjAufnahme="1997-05-13" ObjLetztKontakt="1997-05-13" ObjStrasseID="8666" ObjHausnummer="Wittekindstraße 8" ObjVorlage="2013-09-11 00:00:00.0" ObKeinKontakt="1" ObjArtID="1" Merkmal="0.0"/>
  <Objekte ObjID="2293" ObjAufnahme="1997-05-13" ObjLetztKontakt="1997-05-13" ObjStrasseID="8666" ObjHausnummer="Wittekindstraße 10" ObjVorlage="2013-09-11 00:00:00.0" ObKeinKontakt="1" ObjArtID="125" Merkmal="0.0" ObjInfo="soll angeblich verkauft werden durch ARK Immobilien Wilhelmstraße 22, Herr Rauch"/>
  <Objekte ObjID="2294" ObjAufnahme="1997-05-13" ObjLetztKontakt="1997-05-13" ObjStrasseID="8666" ObjHausnummer="Wittekindstraße 12" ObjVorlage="2013-09-11 00:00:00.0" ObKeinKontakt="1" ObjArtID="1" Merkmal="0.0"/>
  <Objekte ObjID="2295" ObjAufnahme="1997-05-13" ObjLetztKontakt="1997-05-13" ObjStrasseID="8666" ObjHausnummer="Wittekindstraße 14" ObjVorlage="2013-09-11 00:00:00.0" ObKeinKontakt="1" ObjArtID="1" Merkmal="0.0"/>
  <Objekte ObjID="2296" ObjAufnahme="1997-05-13" ObjLetztKontakt="1997-05-13" ObjStrasseID="8666" ObjHausnummer="Wittekindstraße 16" ObjVorlage="2013-09-11 00:00:00.0" ObKeinKontakt="1" ObjArtID="1" Merkmal="0.0"/>
  <Objekte ObjID="2297" ObjAufnahme="1997-05-13" ObjLetztKontakt="1997-05-13" ObjStrasseID="8666" ObjHausnummer="Wittekindstraße 18" ObjVorlage="2013-09-11 00:00:00.0" ObKeinKontakt="1" ObjArtID="1" Merkmal="0.0"/>
  <Objekte ObjID="2298" ObjAufnahme="1997-05-13" ObjLetztKontakt="1997-05-13" ObjStrasseID="8666" ObjHausnummer="Wittekindstraße 20" ObjVorlage="2013-09-11 00:00:00.0" ObKeinKontakt="1" ObjArtID="1" Merkmal="0.0"/>
  <Objekte ObjID="2299" ObjAufnahme="1997-05-13" ObjLetztKontakt="1997-05-13" ObjStrasseID="8666" ObjHausnummer="Wittekindstraße 20A" ObjVorlage="2013-09-11 00:00:00.0" ObKeinKontakt="1" ObjArtID="1" Merkmal="0.0"/>
  <Objekte ObjID="2300" ObjAufnahme="1997-05-13" ObjLetztKontakt="1997-05-13" ObjStrasseID="8666" ObjHausnummer="Wittekindstraße 22" ObjVorlage="2013-09-11 00:00:00.0" ObKeinKontakt="1" ObjArtID="1" Merkmal="0.0"/>
  <Objekte ObjID="2301" ObjAufnahme="1997-05-13" ObjLetztKontakt="1997-05-13" ObjStrasseID="8666" ObjHausnummer="Wittekindstraße 24" ObjVorlage="2013-09-11 00:00:00.0" ObKeinKontakt="1" ObjArtID="1" Merkmal="0.0"/>
  <Objekte ObjID="2302" ObjAufnahme="1997-05-13" ObjLetztKontakt="1997-05-13" ObjStrasseID="8666" ObjHausnummer="Wittekindstraße 24A" ObjVorlage="2013-09-11 00:00:00.0" ObKeinKontakt="1" ObjArtID="1" Merkmal="0.0"/>
  <Objekte ObjID="2303" ObjAufnahme="1997-05-13" ObjLetztKontakt="1997-05-13" ObjStrasseID="8666" ObjHausnummer="Wittekindstraße 26A" ObjVorlage="2013-09-11 00:00:00.0" ObKeinKontakt="1" ObjArtID="1" Merkmal="0.0"/>
  <Objekte ObjID="2304" ObjAufnahme="1997-05-13" ObjLetztKontakt="1997-05-13" ObjStrasseID="8666" ObjHausnummer="Wittekindstraße 28" ObjVorlage="2013-09-11 00:00:00.0" ObKeinKontakt="1" ObjArtID="1" Merkmal="0.0"/>
  <Objekte ObjID="2305" ObjAufnahme="1997-05-13" ObjLetztKontakt="1997-05-13" ObjStrasseID="8666" ObjHausnummer="Wittekindstraße 30" ObjVorlage="2013-09-11 00:00:00.0" ObKeinKontakt="1" ObjArtID="1" Merkmal="0.0"/>
  <Objekte ObjID="2306" ObjAufnahme="1997-05-13" ObjLetztKontakt="1997-05-13" ObjStrasseID="8666" ObjHausnummer="Wittekindstraße 32" ObjVorlage="2013-09-11 00:00:00.0" ObKeinKontakt="1" ObjArtID="1" Merkmal="0.0"/>
  <Objekte ObjID="2307" ObjAufnahme="1997-05-13" ObjLetztKontakt="1997-05-13" ObjStrasseID="8666" ObjHausnummer="Wittekindstraße 34" ObjVorlage="2013-09-11 00:00:00.0" ObKeinKontakt="1" ObjArtID="1" Merkmal="0.0"/>
  <Objekte ObjID="2308" ObjAufnahme="1997-05-13" ObjLetztKontakt="1997-05-13" ObjStrasseID="8666" ObjHausnummer="Wittekindstraße 36" ObjVorlage="2013-09-11 00:00:00.0" ObKeinKontakt="1" ObjArtID="1" Merkmal="0.0"/>
  <Objekte ObjID="2309" ObjAufnahme="1997-05-13" ObjLetztKontakt="1997-05-13" ObjStrasseID="8666" ObjHausnummer="Wittekindstraße 38" ObjVorlage="2013-09-11 00:00:00.0" ObKeinKontakt="1" ObjArtID="1" Merkmal="0.0"/>
  <Objekte ObjID="2310" ObjAufnahme="1997-05-13" ObjLetztKontakt="1997-05-13" ObjStrasseID="8666" ObjHausnummer="Wittekindstraße 40" ObjVorlage="2013-09-11 00:00:00.0" ObKeinKontakt="1" ObjArtID="1" Merkmal="0.0"/>
  <Objekte ObjID="2311" ObjAufnahme="1997-05-13" ObjLetztKontakt="1997-05-13" ObjStrasseID="8666" ObjHausnummer="Wittekindstraße 45" ObjVorlage="2013-09-11 00:00:00.0" ObKeinKontakt="1" ObjArtID="1" Merkmal="0.0"/>
  <Objekte ObjID="2312" ObjAufnahme="1997-05-13" ObjLetztKontakt="1997-05-13" ObjStrasseID="8666" ObjHausnummer="Wittekindstraße 43" ObjVorlage="2013-09-11 00:00:00.0" ObKeinKontakt="1" ObjArtID="1" Merkmal="0.0"/>
  <Objekte ObjID="2313" ObjAufnahme="1997-05-13" ObjLetztKontakt="1997-05-13" ObjStrasseID="8666" ObjHausnummer="Wittekindstraße 41" ObjVorlage="2013-09-11 00:00:00.0" ObKeinKontakt="1" ObjArtID="1" Merkmal="0.0"/>
  <Objekte ObjID="2314" ObjAufnahme="1997-05-13" ObjLetztKontakt="1997-05-13" ObjStrasseID="8666" ObjHausnummer="Wittekindstraße 39" ObjVorlage="2013-09-11 00:00:00.0" ObKeinKontakt="1" ObjArtID="1" Merkmal="0.0"/>
  <Objekte ObjID="2315" ObjAufnahme="1997-05-13" ObjLetztKontakt="1997-05-13" ObjStrasseID="8666" ObjHausnummer="Wittekindstraße 37" ObjVorlage="2013-09-11 00:00:00.0" ObKeinKontakt="1" ObjArtID="1" Merkmal="0.0"/>
  <Objekte ObjID="2316" ObjAufnahme="1997-05-13" ObjLetztKontakt="1997-05-13" ObjStrasseID="8666" ObjHausnummer="Wittekindstraße 35" ObjVorlage="2013-09-11 00:00:00.0" ObKeinKontakt="1" ObjArtID="1" Merkmal="0.0"/>
  <Objekte ObjID="2317" ObjAufnahme="1997-05-13" ObjLetztKontakt="1997-05-13" ObjStrasseID="8666" ObjHausnummer="Wittekindstraße 33" ObjVorlage="2013-09-11 00:00:00.0" ObKeinKontakt="1" ObjArtID="1" Merkmal="0.0"/>
  <Objekte ObjID="2318" ObjAufnahme="1997-05-13" ObjLetztKontakt="1997-05-13" ObjStrasseID="8666" ObjHausnummer="Wittekindstraße 29" ObjVorlage="2013-09-11 00:00:00.0" ObKeinKontakt="1" ObjArtID="1" Merkmal="0.0"/>
  <Objekte ObjID="2320" ObjAufnahme="1997-05-13" ObjLetztKontakt="1997-05-13" ObjStrasseID="8666" ObjHausnummer="Wittekindstraße 27" ObjVorlage="2013-09-11 00:00:00.0" ObKeinKontakt="1" ObjArtID="1" Merkmal="0.0"/>
  <Objekte ObjID="2321" ObjAufnahme="1997-05-13" ObjLetztKontakt="1997-05-13" ObjStrasseID="8666" ObjHausnummer="Wittekindstraße 21" ObjVorlage="2013-09-11 00:00:00.0" ObKeinKontakt="1" ObjArtID="1" Merkmal="0.0"/>
  <Objekte ObjID="2322" ObjAufnahme="1997-05-13" ObjLetztKontakt="1997-05-13" ObjStrasseID="8666" ObjHausnummer="Wittekindstraße 19" ObjVorlage="2013-09-11 00:00:00.0" ObKeinKontakt="1" ObjArtID="1" Merkmal="0.0"/>
  <Objekte ObjID="2323" ObjAufnahme="1997-05-13" ObjLetztKontakt="1997-05-13" ObjStrasseID="8666" ObjHausnummer="Wittekindstraße 17" ObjVorlage="2013-09-11 00:00:00.0" ObKeinKontakt="1" ObjArtID="1" Merkmal="0.0"/>
  <Objekte ObjID="2324" ObjAufnahme="1997-05-13" ObjLetztKontakt="1997-05-13" ObjStrasseID="8666" ObjHausnummer="Wittekindstraße 15" ObjVorlage="2013-09-11 00:00:00.0" ObKeinKontakt="1" ObjArtID="1" Merkmal="0.0"/>
  <Objekte ObjID="2325" ObjAufnahme="1997-05-13" ObjLetztKontakt="1997-05-13" ObjStrasseID="8666" ObjHausnummer="Wittekindstraße 13" ObjVorlage="2013-09-11 00:00:00.0" ObKeinKontakt="1" ObjArtID="1" Merkmal="0.0"/>
  <Objekte ObjID="2326" ObjAufnahme="1997-05-13" ObjLetztKontakt="1997-05-13" ObjStrasseID="8666" ObjHausnummer="Wittekindstraße 11" ObjVorlage="2013-09-11 00:00:00.0" ObKeinKontakt="1" ObjArtID="1" Merkmal="0.0"/>
  <Objekte ObjID="2327" ObjAufnahme="1997-05-13" ObjLetztKontakt="1997-05-13" ObjStrasseID="8666" ObjHausnummer="Wittekindstraße 9" ObjVorlage="2013-09-11 00:00:00.0" ObKeinKontakt="1" ObjArtID="1" Merkmal="0.0"/>
  <Objekte ObjID="2328" ObjAufnahme="1997-05-13" ObjLetztKontakt="1997-05-13" ObjStrasseID="8666" ObjHausnummer="Wittekindstraße 3" ObjVorlage="2013-09-11 00:00:00.0" ObKeinKontakt="1" ObjArtID="1" Merkmal="0.0"/>
  <Objekte ObjID="2329" ObjAufnahme="1997-05-13" ObjLetztKontakt="1997-05-13" ObjStrasseID="8666" ObjHausnummer="Wittekindstraße 1" ObjVorlage="2013-09-11 00:00:00.0" ObKeinKontakt="1" ObjArtID="1" Merkmal="0.0"/>
  <Objekte ObjID="2330" ObjAufnahme="1997-05-13" ObjLetztKontakt="1997-05-13" ObjStrasseID="8440" ObjHausnummer="Ungerstraße 1" ObjVorlage="2013-09-11 00:00:00.0" ObKeinKontakt="1" ObjArtID="1" Merkmal="0.0"/>
  <Objekte ObjID="2331" ObjAufnahme="1997-05-13" ObjLetztKontakt="1997-05-13" ObjStrasseID="8440" ObjHausnummer="Ungerstraße 1A" ObjVorlage="2013-09-11 00:00:00.0" ObKeinKontakt="1" ObjArtID="1" Merkmal="0.0"/>
  <Objekte ObjID="2332" ObjAufnahme="1997-05-13" ObjLetztKontakt="1997-05-13" ObjStrasseID="8440" ObjHausnummer="Ungerstraße 3" ObjVorlage="2013-09-11 00:00:00.0" ObKeinKontakt="1" ObjArtID="1" Merkmal="0.0"/>
  <Objekte ObjID="2333" ObjAufnahme="1997-05-13" ObjLetztKontakt="1997-05-13" ObjStrasseID="8440" ObjHausnummer="Ungerstraße 5" ObjVorlage="2013-09-11 00:00:00.0" ObKeinKontakt="5" ObjArtID="1" Merkmal="0.0" ObjInfo="10 WE1910911,38"/>
  <Objekte ObjID="2334" ObjAufnahme="1997-05-13" ObjLetztKontakt="1997-05-13" ObjStrasseID="8440" ObjHausnummer="Ungerstraße 9" ObjVorlage="2013-09-11 00:00:00.0" ObKeinKontakt="1" ObjArtID="1" Merkmal="0.0"/>
  <Objekte ObjID="2335" ObjAufnahme="1997-05-13" ObjLetztKontakt="1997-05-13" ObjStrasseID="8440" ObjHausnummer="Ungerstraße 7" ObjVorlage="2013-09-11 00:00:00.0" ObKeinKontakt="1" ObjArtID="1" Merkmal="0.0"/>
  <Objekte ObjID="2336" ObjAufnahme="1997-05-13" ObjLetztKontakt="1997-05-13" ObjStrasseID="8440" ObjHausnummer="Ungerstraße 11" ObjVorlage="2013-09-11 00:00:00.0" ObKeinKontakt="1" ObjArtID="1" Merkmal="0.0"/>
  <Objekte ObjID="2337" ObjAufnahme="1997-05-13" ObjLetztKontakt="1997-05-13" ObjStrasseID="8440" ObjHausnummer="Ungerstraße 13" ObjVorlage="2013-09-11 00:00:00.0" ObKeinKontakt="1" ObjArtID="1" Merkmal="0.0"/>
  <Objekte ObjID="2338" ObjAufnahme="1997-05-13" ObjLetztKontakt="1997-05-13" ObjStrasseID="8440" ObjHausnummer="Ungerstraße 19" ObjVorlage="2013-09-11 00:00:00.0" ObKeinKontakt="1" ObjArtID="1" Merkmal="0.0"/>
  <Objekte ObjID="2339" ObjAufnahme="1997-05-13" ObjLetztKontakt="1997-05-13" ObjStrasseID="8440" ObjHausnummer="Ungerstraße 21" ObjVorlage="2013-09-11 00:00:00.0" ObKeinKontakt="1" ObjArtID="1" Merkmal="0.0"/>
  <Objekte ObjID="2340" ObjAufnahme="1997-05-13" ObjLetztKontakt="1997-05-13" ObjStrasseID="8440" ObjHausnummer="Ungerstraße 23" ObjVorlage="2013-09-11 00:00:00.0" ObKeinKontakt="1" ObjArtID="1" Merkmal="0.0"/>
  <Objekte ObjID="2341" ObjAufnahme="1997-05-13" ObjLetztKontakt="1997-05-13" ObjStrasseID="8440" ObjHausnummer="Ungerstraße 25" ObjVorlage="2013-09-11 00:00:00.0" ObKeinKontakt="1" ObjArtID="1" Merkmal="0.0"/>
  <Objekte ObjID="2342" ObjAufnahme="1997-05-13" ObjLetztKontakt="1997-05-13" ObjStrasseID="8440" ObjHausnummer="Ungerstraße 27" ObjVorlage="2013-09-11 00:00:00.0" ObKeinKontakt="1" ObjArtID="1" Merkmal="0.0"/>
  <Objekte ObjID="2343" ObjAufnahme="1997-05-13" ObjLetztKontakt="1997-05-13" ObjStrasseID="8440" ObjHausnummer="Ungerstraße 29" ObjVorlage="2013-09-11 00:00:00.0" ObKeinKontakt="1" ObjArtID="1" Merkmal="0.0"/>
  <Objekte ObjID="2344" ObjAufnahme="1997-05-13" ObjLetztKontakt="1997-05-13" ObjStrasseID="8440" ObjHausnummer="Ungerstraße 31" ObjVorlage="2013-09-11 00:00:00.0" ObKeinKontakt="1" ObjArtID="1" Merkmal="0.0"/>
  <Objekte ObjID="2345" ObjAufnahme="1997-05-13" ObjLetztKontakt="1997-05-13" ObjStrasseID="8440" ObjHausnummer="Ungerstraße 26" ObjVorlage="2013-09-11 00:00:00.0" ObKeinKontakt="1" ObjArtID="1" Merkmal="0.0"/>
  <Objekte ObjID="2346" ObjAufnahme="1997-05-13" ObjLetztKontakt="1997-05-13" ObjStrasseID="6524" ObjHausnummer="Gartenstraße 26" ObjVorlage="2013-09-11 00:00:00.0" ObKeinKontakt="1" ObjArtID="1" Merkmal="0.0"/>
  <Objekte ObjID="2347" ObjAufnahme="1997-05-13" ObjLetztKontakt="1997-05-13" ObjStrasseID="6524" ObjHausnummer="Gartenstraße 14" ObjVorlage="2013-09-11 00:00:00.0" ObKeinKontakt="1" ObjArtID="1" Merkmal="0.0" ObjInfo="1977: I.Lindau Morgensternweg 17 u. Dr. med. vet. K. Fischer Hamburg 55&#xD;&#xA;2012: Dipl. Ing Friedrich und Ingeborg Lindau Morgensternweg 17, Tel.05112712610&#xD;&#xA;2012: gehört Marek Triene, Immobilien am Maschsee. Ist auch am Nachbarhaus interessiert (15) hat sich Wedemeyer angedient zu Vermittlung der 15"/>
  <Objekte ObjID="2348" ObjAufnahme="1997-05-13" ObjLetztKontakt="1997-05-13" ObjStrasseID="6524" ObjHausnummer="Gartenstraße 12" ObjVorlage="2013-09-11 00:00:00.0" ObKeinKontakt="1" ObjArtID="1" Merkmal="0.0" ObjInfo="2012: Rolf Zähme&#xD;&#xA;Gartenstraße 12, 30161 Hannover&#xD;&#xA; (05 11) 48 12 00,"/>
  <Objekte ObjID="2349" ObjAufnahme="1997-05-13" ObjLetztKontakt="1997-05-13" ObjStrasseID="6524" ObjHausnummer="Gartenstraße 20" ObjVorlage="2013-09-11 00:00:00.0" ObKeinKontakt="1" ObjArtID="1" Merkmal="0.0" ObjInfo="1977: Landesverein der inneren Mission&#xD;&#xA;2012: Frauenwohnheim-Gartenstraße&#xD;&#xA;Sozialpsychiatrisches Wohnheim&#xD;&#xA;&#xD;&#xA;Gartenstraße 20&#xD;&#xA;30161 Hannover&#xD;&#xA;&#xD;&#xA;Telefon (05 11) 3 40 21-0&#xD;&#xA;Telefax (05 11) 3 40 21-40&#xD;&#xA;&#xD;&#xA;E-Mail: info@frauenwohnheim-hannover.de"/>
  <Objekte ObjID="2350" ObjAufnahme="1997-05-13" ObjLetztKontakt="1997-05-13" ObjStrasseID="6524" ObjHausnummer="Gartenstraße 19" ObjVorlage="2013-09-11 00:00:00.0" ObKeinKontakt="1" ObjArtID="1" Merkmal="0.0" ObjInfo="1977: Notar W.Markert Notar 326185,Architekt E.Apel,Rechtsanwalt H.Burchard 326185&#xD;&#xA;2012 :Klinikum Wahrendorff GmbH&#xD;&#xA;Gerontopsychiatrisches Zentrum Hannover&#xD;&#xA;Gerontopsychiatrische Tagesklinik Gartenstraße&#xD;&#xA;Gartenstraße 19&#xD;&#xA;30161 Hannover&#xD;&#xA;Tel: 0511 - 16 93 31-0&#xD;&#xA;Fax: 0511 - 16 93 31-11&#xD;&#xA;e-mail: tk-geronto@wahrendorff.de&#xD;&#xA;- Tagesklinik Suchtmedizin -&#xD;&#xA;&#xD;&#xA;30161 Hannover&#xD;&#xA;Gartenstrasse 19&#xD;&#xA;Tel: 0511| 169 331-0&#xD;&#xA;Fax: 0511 | 169 331-11&#xD;&#xA;&#xD;&#xA;Frauke Langkopf&#xD;&#xA;Fachärztin für Psychiatrie, Psychotherapie&#xD;&#xA;Stationsärztin&#xD;&#xA;f.langkopf@wahrendorff.de"/>
  <Objekte ObjID="2351" ObjAufnahme="1997-05-13" ObjLetztKontakt="1997-05-13" ObjStrasseID="6524" ObjHausnummer="Gartenstraße 18" ObjVorlage="2013-09-11 00:00:00.0" ObKeinKontakt="1" ObjArtID="1" Merkmal="0.0" ObjInfo="1977: Frau D.Buhr Friesenstr. 18&#xD;&#xA;2012: &#09;&#xD;&#xA;Der Paritätische Hannover&#xD;&#xA;Gartenstraße 18&#xD;&#xA;30161 Hannover&#xD;&#xA;Telefon 0511/96291-0&#xD;&#xA;Fax 0511/96291-13,&#xD;&#xA;KIBIS&#xD;&#xA;Gartenstraße 18&#xD;&#xA;30161 Hannover&#xD;&#xA;Telefon 0511 / 66 65 67&#xD;&#xA;Telefax 0511 / 9 62 91 66,&#xD;&#xA;agentur my event GmbH&#xD;&#xA;Claudia Dassinger, agentur my event GmbH&#xD;&#xA;Gartenstraße 18 - 30159 Hannover,&#xD;&#xA;0511/4506961,&#xD;&#xA;Raasch Hans, Gartenstraße 18, 30453 Hannover 0511/483678"/>
  <Objekte ObjID="2352" ObjAufnahme="1997-05-13" ObjLetztKontakt="1997-05-13" ObjStrasseID="6524" ObjHausnummer="Gartenstraße 17A" ObjVorlage="2013-09-11 00:00:00.0" ObKeinKontakt="1" ObjArtID="1" Merkmal="0.0" ObjInfo="1977: Käte Hädicke, Saarbrückener Straße 22"/>
  <Objekte ObjID="2353" ObjAufnahme="1997-05-13" ObjLetztKontakt="1997-05-13" ObjStrasseID="6524" ObjHausnummer="Gartenstraße 17" ObjVorlage="2013-09-11 00:00:00.0" ObKeinKontakt="1" ObjArtID="1" Merkmal="0.0" ObjInfo="1977: M.Boysen&#xD;&#xA;2012: Gleitze Gmbh&#xD;&#xA;Gartenstr. 17&#xD;&#xA;30453 Hannover&#xD;&#xA;Deutschland&#xD;&#xA;Tel. (0511) 400499 0&#xD;&#xA;Telefax (0511) 400499-40,&#xD;&#xA;Thomas Kubitza Gartenstraße 17&#xD;&#xA;0511/37464161,&#xD;&#xA;Praxis für Ayurvedische Medizin Dr. med. Kalpana Bandecar&#xD;&#xA;Gartenstr. 17, 30161 Hannover&#xD;&#xA;0511/1693541"/>
  <Objekte ObjID="2354" ObjAufnahme="1997-05-13" ObjLetztKontakt="1997-05-13" ObjStrasseID="6524" ObjHausnummer="Gartenstraße 16" ObjVorlage="2013-09-11 00:00:00.0" ObKeinKontakt="1" ObjArtID="1" Merkmal="0.0" ObjInfo="1977:Frau M.Boysen&#xD;&#xA;2012:&#xD;&#xA;Boysen Monika,Lehrter Str. 48,30559 Hannover,0511 51 38 10,&#xD;&#xA;Rüdiger Grotjahn&#xD;&#xA;Gartenstraße 16, 30161 Hannover 0511 34 13 01,&#xD;&#xA;Bettina Köckler&#xD;&#xA;Gartenstraße 16, 30161 Hannover,"/>
  <Objekte ObjID="2355" ObjAufnahme="1997-05-13" ObjLetztKontakt="1997-05-13" ObjStrasseID="8431" ObjHausnummer="Uhlemeyerstraße 16" ObjVorlage="2013-09-11 00:00:00.0" ObKeinKontakt="1" ObjArtID="1" Merkmal="0.0"/>
  <Objekte ObjID="2357" ObjAufnahme="1997-05-13" ObjLetztKontakt="1997-05-13" ObjStrasseID="8431" ObjHausnummer="Uhlemeyerstraße 23" ObjVorlage="2013-09-11 00:00:00.0" ObKeinKontakt="1" ObjArtID="1" Merkmal="0.0"/>
  <Objekte ObjID="2358" ObjAufnahme="1997-03-24" ObjLetztKontakt="1997-03-24" ObjStrasseID="8431" ObjHausnummer="Uhlemeyerstraße 21" ObjVorlage="2013-09-11 00:00:00.0" ObKeinKontakt="1" ObjArtID="1" Merkmal="0.0"/>
  <Objekte ObjID="2359" ObjAufnahme="1997-03-24" ObjLetztKontakt="1997-03-24" ObjStrasseID="8431" ObjHausnummer="Uhlemeyerstraße 17" ObjVorlage="2013-09-11 00:00:00.0" ObKeinKontakt="1" ObjArtID="1" Merkmal="0.0"/>
  <Objekte ObjID="2360" ObjAufnahme="1997-03-24" ObjLetztKontakt="1997-03-24" ObjStrasseID="8431" ObjHausnummer="Uhlemeyerstraße 13" ObjVorlage="2013-09-11 00:00:00.0" ObKeinKontakt="1" ObjArtID="1" Merkmal="0.0"/>
  <Objekte ObjID="2361" ObjAufnahme="1997-03-24" ObjLetztKontakt="1997-03-24" ObjStrasseID="8431" ObjHausnummer="Uhlemeyerstraße 9" ObjVorlage="2013-09-11 00:00:00.0" ObKeinKontakt="1" ObjArtID="1" Merkmal="0.0"/>
  <Objekte ObjID="2362" ObjAufnahme="1997-03-24" ObjLetztKontakt="1997-03-24" ObjStrasseID="8431" ObjHausnummer="Uhlemeyerstraße 7" ObjVorlage="2013-09-11 00:00:00.0" ObKeinKontakt="1" ObjArtID="1" Merkmal="0.0"/>
  <Objekte ObjID="2363" ObjAufnahme="1997-03-24" ObjLetztKontakt="1997-03-24" ObjStrasseID="8431" ObjHausnummer="Uhlemeyerstraße 5" ObjVorlage="2013-09-11 00:00:00.0" ObKeinKontakt="1" ObjArtID="1" Merkmal="0.0"/>
  <Objekte ObjID="2364" ObjAufnahme="1997-03-24" ObjLetztKontakt="1997-03-24" ObjStrasseID="8431" ObjHausnummer="Uhlemeyerstraße 3" ObjVorlage="2013-09-11 00:00:00.0" ObKeinKontakt="1" ObjArtID="186" Merkmal="0.0"/>
  <Objekte ObjID="2365" ObjAufnahme="1997-03-24" ObjLetztKontakt="1997-03-24" ObjStrasseID="8431" ObjHausnummer="Uhlemeyerstraße 1" ObjVorlage="2013-09-11 00:00:00.0" ObKeinKontakt="1" ObjArtID="1" Merkmal="0.0"/>
  <Objekte ObjID="2366" ObjAufnahme="1997-03-24" ObjLetztKontakt="1997-03-24" ObjStrasseID="8431" ObjHausnummer="Uhlemeyerstraße 4" ObjVorlage="2013-09-11 00:00:00.0" ObKeinKontakt="1" ObjArtID="1" Merkmal="0.0"/>
  <Objekte ObjID="2367" ObjAufnahme="1997-03-24" ObjLetztKontakt="1997-03-24" ObjStrasseID="8431" ObjHausnummer="Uhlemeyerstraße 6" ObjVorlage="2013-09-11 00:00:00.0" ObKeinKontakt="1" ObjArtID="1" Merkmal="0.0"/>
  <Objekte ObjID="2368" ObjAufnahme="1997-03-24" ObjLetztKontakt="1997-03-24" ObjStrasseID="8431" ObjHausnummer="Uhlemeyerstraße 8" ObjVorlage="2013-09-11 00:00:00.0" ObKeinKontakt="1" ObjArtID="1" Merkmal="0.0"/>
  <Objekte ObjID="2369" ObjAufnahme="1997-03-24" ObjLetztKontakt="1997-03-24" ObjStrasseID="8431" ObjHausnummer="Uhlemeyerstraße 18" ObjVorlage="2013-09-11 00:00:00.0" ObKeinKontakt="1" ObjArtID="1" Merkmal="0.0"/>
  <Objekte ObjID="2370" ObjAufnahme="1997-03-24" ObjLetztKontakt="1997-03-24" ObjStrasseID="8431" ObjHausnummer="Uhlemeyerstraße 10" ObjVorlage="2013-09-11 00:00:00.0" ObKeinKontakt="1" ObjArtID="1" Merkmal="0.0"/>
  <Objekte ObjID="2371" ObjAufnahme="1997-03-24" ObjLetztKontakt="1997-03-24" ObjStrasseID="8431" ObjHausnummer="Uhlemeyerstraße 12" ObjVorlage="2013-09-11 00:00:00.0" ObKeinKontakt="1" ObjArtID="1" Merkmal="0.0"/>
  <Objekte ObjID="2372" ObjAufnahme="1997-03-24" ObjLetztKontakt="2000-12-14" ObjStrasseID="8698" ObjHausnummer="Yorckstraße 15" ObjVorlage="2013-09-11 00:00:00.0" ObKeinKontakt="2" ObjArtID="1" Merkmal="0.0" ObjInfo="Werner Poock i.Hs., Tel., 0511/ 316266"/>
  <Objekte ObjID="2373" ObjAufnahme="1997-03-24" ObjLetztKontakt="2000-12-14" ObjStrasseID="8698" ObjHausnummer="Yorckstraße 13" ObjVorlage="2013-09-11 00:00:00.0" ObKeinKontakt="2" ObjArtID="1" Merkmal="0.0" ObjInfo="Toschmann wohnt in New York, Schwester (Frau Lüdke  i.Hs. macht die Verwaltung)"/>
  <Objekte ObjID="2374" ObjAufnahme="1997-03-24" ObjLetztKontakt="1997-09-02" ObjStrasseID="8698" ObjHausnummer="Yorckstraße 12" ObjVorlage="2013-09-11 00:00:00.0" ObKeinKontakt="5" ObjArtID="1" Merkmal="0.0" ObjInfo="Schulze Thomas E., Kirchenweg 174a, 20099 Hamburg, 040-8702034 oder gewerbl. 040-4904000&#xD;&#xA;und eine Frau Kück Renate, Asphalweg 28, 30916 Isernhagen, 05139-894127 oder722197 Hausmeister ist Herr Stolz 772669 wohnt in Isernhagen NB Haffweg 16"/>
  <Objekte ObjID="2375" ObjAufnahme="1997-03-24" ObjLetztKontakt="1997-03-24" ObjStrasseID="8698" ObjHausnummer="Yorckstraße 9" ObjVorlage="2013-09-11 00:00:00.0" ObKeinKontakt="1" ObjArtID="177" Merkmal="0.0"/>
  <Objekte ObjID="2376" ObjAufnahme="1997-03-24" ObjLetztKontakt="2000-12-14" ObjStrasseID="8698" ObjHausnummer="Yorckstraße 11" ObjVorlage="2013-09-11 00:00:00.0" ObKeinKontakt="2" ObjArtID="1" Merkmal="0.0" ObjInfo="Frau D. Siegel, Schulstr.5, 30926 Seelze, Tel. 0511/ 409088"/>
  <Objekte ObjID="2377" ObjAufnahme="1997-03-24" ObjLetztKontakt="2000-12-14" ObjStrasseID="8698" ObjHausnummer="Yorckstraße 7" ObjVorlage="2013-09-11 00:00:00.0" ObKeinKontakt="2" ObjArtID="1" Merkmal="0.0" ObjInfo="Frau Heine, Siegesstr. 5, Tel.0511/810738; hat an Söhne übertragen, lebenslanges Nießbrauchrecht"/>
  <Objekte ObjID="2378" ObjAufnahme="1997-03-24" ObjLetztKontakt="2000-12-14" ObjStrasseID="8698" ObjHausnummer="Yorckstraße 5" ObjVorlage="2013-09-11 00:00:00.0" ObKeinKontakt="2" ObjArtID="1" Merkmal="0.0" ObjInfo="Karola Köhne, i.Hs. bei R. Köhne Tel. 0511/ 3883628"/>
  <Objekte ObjID="2379" ObjAufnahme="1997-03-24" ObjLetztKontakt="2000-12-14" ObjStrasseID="8698" ObjHausnummer="Yorckstraße 3" ObjVorlage="2013-09-11 00:00:00.0" ObKeinKontakt="2" ObjArtID="1" Merkmal="0.0" ObjInfo="Nieders. Hotel- und Gaststättenverband i.Hs. Tel. 0511/ 33706-0"/>
  <Objekte ObjID="2380" ObjAufnahme="1997-03-24" ObjLetztKontakt="2000-12-14" ObjStrasseID="8698" ObjHausnummer="Yorckstraße 1" ObjVorlage="2013-09-11 00:00:00.0" ObKeinKontakt="2" ObjArtID="1" Merkmal="0.0" ObjInfo="Dr. Manfred Paschke, Freiherr von Senden i.Hs. Tel. 0511/332124"/>
  <Objekte ObjID="2381" ObjAufnahme="1998-07-09" ObjLetztKontakt="2000-05-15" ObjStrasseID="8698" ObjHausnummer="Yorckstraße 2" ObjVorlage="2013-09-11 00:00:00.0" ObKeinKontakt="5" ObjArtID="72" Merkmal="0.9999999999999999" ObjInfo="6401801900Blk.verm. b.8.2001"/>
  <Objekte ObjID="2382" ObjAufnahme="1997-03-24" ObjLetztKontakt="1997-03-24" ObjStrasseID="8698" ObjHausnummer="Yorckstraße 4" ObjVorlage="2013-09-11 00:00:00.0" ObKeinKontakt="1" ObjArtID="177" Merkmal="0.0" ObjInfo="Kuhmichel ist Eigentümerin, Bartnick G., Yorckstr. 6, 30161 Hannover, 0511-341797&#xD;&#xA;Hoheisel G., Yorckstr. 6, 30161 Hannover, 0511-342153&#xD;&#xA;Jogschies Horst, Yorckstr. 6, 30161 Hannover, 0511-341151&#xD;&#xA;Junga Hermann, Yorckstr. 6, 30161 Hannover, 0511-343106&#xD;&#xA;Ol&#xD;&#xA;2383"/>
  <Objekte ObjID="2384" ObjAufnahme="1997-03-24" ObjLetztKontakt="2000-12-14" ObjStrasseID="8698" ObjHausnummer="Yorckstraße 8" ObjVorlage="2013-09-11 00:00:00.0" ObKeinKontakt="2" ObjArtID="1" Merkmal="0.0" ObjInfo="Evang. Freikirchliche Gemeinde i.Hs. Tel. 0511/ 342002"/>
  <Objekte ObjID="2385" ObjAufnahme="1997-03-24" ObjLetztKontakt="1997-03-24" ObjStrasseID="8698" ObjHausnummer="Yorckstraße 10" ObjVorlage="2013-09-11 00:00:00.0" ObKeinKontakt="1" ObjArtID="1" Merkmal="0.0" ObjInfo="RA und Notar Dr. Fricke i.Hs. Tel. 0511/ 34017-0"/>
  <Objekte ObjID="2386" ObjAufnahme="1997-03-24" ObjLetztKontakt="1997-03-24" ObjStrasseID="8570" ObjHausnummer="Weißekreuzstraße 18" ObjVorlage="2013-09-11 00:00:00.0" ObKeinKontakt="1" ObjArtID="1" Merkmal="0.0"/>
  <Objekte ObjID="2387" ObjAufnahme="1997-03-24" ObjLetztKontakt="1997-03-24" ObjStrasseID="8570" ObjHausnummer="Weißekreuzstraße 19" ObjVorlage="2013-09-11 00:00:00.0" ObKeinKontakt="1" ObjArtID="1" Merkmal="0.0"/>
  <Objekte ObjID="2388" ObjAufnahme="1997-03-24" ObjLetztKontakt="1997-03-24" ObjStrasseID="8570" ObjHausnummer="Weißekreuzstraße 20" ObjVorlage="2013-09-11 00:00:00.0" ObKeinKontakt="1" ObjArtID="1" Merkmal="0.0"/>
  <Objekte ObjID="2389" ObjAufnahme="1997-03-24" ObjLetztKontakt="1997-03-24" ObjStrasseID="8570" ObjHausnummer="Weißekreuzstraße 21" ObjVorlage="2013-09-11 00:00:00.0" ObKeinKontakt="1" ObjArtID="1" Merkmal="0.0"/>
  <Objekte ObjID="2390" ObjAufnahme="1997-03-24" ObjLetztKontakt="1997-03-24" ObjStrasseID="8570" ObjHausnummer="Weißekreuzstraße 22" ObjVorlage="2013-09-11 00:00:00.0" ObKeinKontakt="1" ObjArtID="1" Merkmal="0.0"/>
  <Objekte ObjID="2391" ObjAufnahme="1997-03-24" ObjLetztKontakt="1997-03-24" ObjStrasseID="8570" ObjHausnummer="Weißekreuzstraße 23" ObjVorlage="2013-09-11 00:00:00.0" ObKeinKontakt="1" ObjArtID="1" Merkmal="0.0"/>
  <Objekte ObjID="2392" ObjAufnahme="1997-03-24" ObjLetztKontakt="1997-03-24" ObjStrasseID="8570" ObjHausnummer="Weißekreuzstraße 24" ObjVorlage="2013-09-11 00:00:00.0" ObKeinKontakt="1" ObjArtID="1" Merkmal="0.0"/>
  <Objekte ObjID="2393" ObjAufnahme="1997-03-24" ObjLetztKontakt="1998-10-19" ObjStrasseID="6636" ObjHausnummer="Gretchenstraße 13" ObjVorlage="2013-09-11 00:00:00.0" ObKeinKontakt="1" ObjArtID="1" Merkmal="0.0"/>
  <Objekte ObjID="2394" ObjAufnahme="1997-03-24" ObjLetztKontakt="1998-10-17" ObjStrasseID="6636" ObjHausnummer="Gretchenstraße 13B" ObjVorlage="2013-09-11 00:00:00.0" ObKeinKontakt="2" ObjArtID="177" Merkmal="0.0"/>
  <Objekte ObjID="2420" ObjAufnahme="1997-03-24" ObjLetztKontakt="1998-10-24" ObjStrasseID="6636" ObjHausnummer="Gretchenstraße 45" ObjVorlage="2013-09-11 00:00:00.0" ObKeinKontakt="5" ObjArtID="75" Merkmal="0.0"/>
  <Objekte ObjID="2422" ObjAufnahme="1997-03-24" ObjLetztKontakt="1999-05-30" ObjStrasseID="6636" ObjHausnummer="Gretchenstraße 47" ObjVorlage="2013-09-11 00:00:00.0" ObKeinKontakt="5" ObjArtID="55" Merkmal="0.9999999999999999" ObjInfo="21565\ Nord Blk"/>
  <Objekte ObjID="2423" ObjAufnahme="1997-03-24" ObjLetztKontakt="1999-05-30" ObjStrasseID="6636" ObjHausnummer="Gretchenstraße 48" ObjVorlage="2013-09-11 00:00:00.0" ObKeinKontakt="2" ObjArtID="1" Merkmal="0.0" ObjInfo="Hamburger Pensionskasse von 1905 Adenauerallee 21  Postfach 105027 20035 Hamburg Herr Hans Stapelfeldt und Sekr. Frau Schöne 040280145 (-11,-12,-0,FAX-70)  gehören 48/49 und zwei Häuser Lister Meile Sachbearbeiter Strauss"/>
  <Objekte ObjID="2427" ObjAufnahme="1997-03-24" ObjLetztKontakt="1997-03-24" ObjStrasseID="7172" ObjHausnummer="Kleine Pfahlstraße 23" ObjVorlage="2013-09-11 00:00:00.0" ObKeinKontakt="1" ObjArtID="1" Merkmal="0.0" ObjInfo="E.Vogt, Hansteinstr. 54,Kassel"/>
  <Objekte ObjID="2428" ObjAufnahme="1997-03-24" ObjLetztKontakt="1997-03-24" ObjStrasseID="7172" ObjHausnummer="Kleine Pfahlstraße 22" ObjVorlage="2013-09-11 00:00:00.0" ObKeinKontakt="1" ObjArtID="1" Merkmal="0.0" ObjInfo="Hans-Jürgen Beneking, Clamersdorfer Str 17, Bremen"/>
  <Objekte ObjID="2429" ObjAufnahme="1997-03-24" ObjLetztKontakt="1997-03-24" ObjStrasseID="7172" ObjHausnummer="Kleine Pfahlstraße 21" ObjVorlage="2013-09-11 00:00:00.0" ObKeinKontakt="1" ObjArtID="177" Merkmal="0.0"/>
  <Objekte ObjID="2432" ObjAufnahme="1997-03-24" ObjLetztKontakt="1997-03-24" ObjStrasseID="7172" ObjHausnummer="Kleine Pfahlstraße 20A" ObjVorlage="2013-09-11 00:00:00.0" ObKeinKontakt="1" ObjArtID="1" Merkmal="0.0" ObjInfo="R.Burckhardt Celler Heerstr 20 Braunschweig"/>
  <Objekte ObjID="2433" ObjAufnahme="1997-03-24" ObjLetztKontakt="1997-03-24" ObjStrasseID="7172" ObjHausnummer="Kleine Pfahlstraße 16" ObjVorlage="2013-09-11 00:00:00.0" ObKeinKontakt="1" ObjArtID="1" Merkmal="0.0" ObjInfo="R.wedekind u. L.Apel Mendelssohnstraße 32"/>
  <Objekte ObjID="2434" ObjAufnahme="1997-03-24" ObjLetztKontakt="1997-03-24" ObjStrasseID="7172" ObjHausnummer="Kleine Pfahlstraße 9" ObjVorlage="2013-09-11 00:00:00.0" ObKeinKontakt="1" ObjArtID="1" Merkmal="0.0" ObjInfo="Ruth Kallert"/>
  <Objekte ObjID="2435" ObjAufnahme="1997-03-24" ObjLetztKontakt="1997-03-24" ObjStrasseID="7172" ObjHausnummer="Kleine Pfahlstraße 8" ObjVorlage="2013-09-11 00:00:00.0" ObKeinKontakt="1" ObjArtID="1" Merkmal="0.0" ObjInfo="F.Schlingmeier Rudorffstraße"/>
  <Objekte ObjID="2436" ObjAufnahme="1997-03-24" ObjLetztKontakt="1997-03-24" ObjStrasseID="7172" ObjHausnummer="Kleine Pfahlstraße 7" ObjVorlage="2013-09-11 00:00:00.0" ObKeinKontakt="1" ObjArtID="1" Merkmal="0.0" ObjInfo="K.Bölling"/>
  <Objekte ObjID="2437" ObjAufnahme="1997-03-24" ObjLetztKontakt="1997-03-24" ObjStrasseID="7172" ObjHausnummer="Kleine Pfahlstraße 6" ObjVorlage="2013-09-11 00:00:00.0" ObKeinKontakt="1" ObjArtID="1" Merkmal="0.0" ObjInfo="H.Brügge u. F.Wiesinger"/>
  <Objekte ObjID="2438" ObjAufnahme="1997-03-24" ObjLetztKontakt="1997-03-24" ObjStrasseID="7172" ObjHausnummer="Kleine Pfahlstraße 5" ObjVorlage="2013-09-11 00:00:00.0" ObKeinKontakt="1" ObjArtID="1" Merkmal="0.0" ObjInfo="Langlott Bethlehelmplatz 4"/>
  <Objekte ObjID="2439" ObjAufnahme="1997-03-24" ObjLetztKontakt="1997-03-24" ObjStrasseID="7172" ObjHausnummer="Kleine Pfahlstraße 4" ObjVorlage="2013-09-11 00:00:00.0" ObKeinKontakt="1" ObjArtID="1" Merkmal="0.0" ObjInfo="Wilma Siedhoff, Rodenberg am Deister"/>
  <Objekte ObjID="2440" ObjAufnahme="1997-03-24" ObjLetztKontakt="1997-03-24" ObjStrasseID="7172" ObjHausnummer="Kleine Pfahlstraße 3" ObjVorlage="2013-09-11 00:00:00.0" ObKeinKontakt="1" ObjArtID="1" Merkmal="0.0" ObjInfo="K.Gommlich"/>
  <Objekte ObjID="2441" ObjAufnahme="1997-03-24" ObjLetztKontakt="1997-03-24" ObjStrasseID="7172" ObjHausnummer="Kleine Pfahlstraße 2" ObjVorlage="2013-09-11 00:00:00.0" ObKeinKontakt="1" ObjArtID="1" Merkmal="0.0" ObjInfo="W.Schökel"/>
  <Objekte ObjID="2442" ObjAufnahme="1997-03-24" ObjLetztKontakt="2001-10-22" ObjStrasseID="7172" ObjHausnummer="Kleine Pfahlstraße 10" ObjVorlage="2013-09-11 00:00:00.0" ObKeinKontakt="9" ObjArtID="17" Merkmal="0.0" ObjInfo="660220\Blk u. Terrasse"/>
  <Objekte ObjID="2443" ObjAufnahme="1997-03-24" ObjLetztKontakt="1997-03-24" ObjStrasseID="7172" ObjHausnummer="Kleine Pfahlstraße 11" ObjVorlage="2013-09-11 00:00:00.0" ObKeinKontakt="1" ObjArtID="54" Merkmal="0.0" ObjInfo="wie Auf dem Lärchenberge 14"/>
  <Objekte ObjID="2444" ObjAufnahme="1997-03-24" ObjLetztKontakt="1997-03-24" ObjStrasseID="7172" ObjHausnummer="Kleine Pfahlstraße 14" ObjVorlage="2013-09-11 00:00:00.0" ObKeinKontakt="1" ObjArtID="1" Merkmal="0.0" ObjInfo="K.Steinweh"/>
  <Objekte ObjID="2445" ObjAufnahme="1997-03-24" ObjLetztKontakt="1997-03-24" ObjStrasseID="7172" ObjHausnummer="Kleine Pfahlstraße 15" ObjVorlage="2013-09-11 00:00:00.0" ObKeinKontakt="1" ObjArtID="1" Merkmal="0.0" ObjInfo="K.G.Riedel Geibelstraße 5, Garbsen"/>
  <Objekte ObjID="2446" ObjAufnahme="1997-03-24" ObjLetztKontakt="2000-09-20" ObjStrasseID="8173" ObjHausnummer="Seumestraße 12" ObjVorlage="2013-09-11 00:00:00.0" ObKeinKontakt="1" ObjArtID="177" Merkmal="0.0" ObjInfo="Eine Wohnung gehört Bettina Langreder Tel. 3480547 Tochter von Teichmann"/>
  <Objekte ObjID="2447" ObjAufnahme="1997-03-24" ObjLetztKontakt="2000-09-20" ObjStrasseID="8173" ObjHausnummer="Seumestraße 13" ObjVorlage="2013-09-11 00:00:00.0" ObKeinKontakt="9" ObjArtID="97" Merkmal="0.0" ObjInfo="24074\Blk. S Blk. Grg. z. anm."/>
  <Objekte ObjID="2448" ObjAufnahme="1997-03-24" ObjLetztKontakt="2000-03-21" ObjStrasseID="8173" ObjHausnummer="Seumestraße 14" ObjVorlage="2013-09-11 00:00:00.0" ObKeinKontakt="2" ObjArtID="1" Merkmal="0.0" ObjInfo="evtl Dr.Rodenberg aus Bad Soden oder Schwester"/>
  <Objekte ObjID="2449" ObjAufnahme="1997-03-24" ObjLetztKontakt="2000-03-21" ObjStrasseID="8173" ObjHausnummer="Seumestraße 1A" ObjVorlage="2013-09-11 00:00:00.0" ObKeinKontakt="2" ObjArtID="1" Merkmal="0.0" ObjInfo="Verwalterin Birgit Korte 05137-88960"/>
  <Objekte ObjID="2450" ObjAufnahme="1997-03-24" ObjLetztKontakt="2001-06-12" ObjStrasseID="8173" ObjHausnummer="Seumestraße 1" ObjVorlage="2013-09-11 00:00:00.0" ObKeinKontakt="9" ObjArtID="75" Merkmal="0.0" ObjInfo="29060\"/>
  <Objekte ObjID="2451" ObjAufnahme="1997-03-24" ObjLetztKontakt="2000-09-20" ObjStrasseID="8173" ObjHausnummer="Seumestraße 2" ObjVorlage="2013-09-11 00:00:00.0" ObKeinKontakt="1" ObjArtID="177" Merkmal="0.0" ObjInfo="A. Fauvet"/>
  <Objekte ObjID="2452" ObjAufnahme="1997-03-24" ObjLetztKontakt="2000-03-21" ObjStrasseID="8173" ObjHausnummer="Seumestraße 3A" ObjVorlage="2013-09-11 00:00:00.0" ObKeinKontakt="2" ObjArtID="1" Merkmal="0.0" ObjInfo="Dempewolf-Fischer"/>
  <Objekte ObjID="2453" ObjAufnahme="1997-03-24" ObjLetztKontakt="2000-09-20" ObjStrasseID="8173" ObjHausnummer="Seumestraße 4" ObjVorlage="2013-09-11 00:00:00.0" ObKeinKontakt="4" ObjArtID="177" Merkmal="0.0" ObjInfo="Jürgens"/>
  <Objekte ObjID="2454" ObjAufnahme="1997-03-24" ObjLetztKontakt="2000-09-20" ObjStrasseID="8173" ObjHausnummer="Seumestraße 6" ObjVorlage="2013-09-11 00:00:00.0" ObKeinKontakt="9" ObjArtID="237" Merkmal="0.0" ObjInfo="450151\Dachterr. S Grg. z. anm."/>
  <Objekte ObjID="2455" ObjAufnahme="1997-03-24" ObjLetztKontakt="2000-03-21" ObjStrasseID="8173" ObjHausnummer="Seumestraße 6A" ObjVorlage="2013-09-11 00:00:00.0" ObKeinKontakt="3" ObjArtID="1" Merkmal="0.0" ObjInfo="Rolf Cöster, Deisterstraße 16"/>
  <Objekte ObjID="2456" ObjAufnahme="1997-03-24" ObjLetztKontakt="2000-03-21" ObjStrasseID="8173" ObjHausnummer="Seumestraße 6B" ObjVorlage="2013-09-11 00:00:00.0" ObKeinKontakt="2" ObjArtID="1" Merkmal="0.0" ObjInfo="Herta Breuer"/>
  <Objekte ObjID="2457" ObjAufnahme="1997-03-24" ObjLetztKontakt="1997-03-24" ObjStrasseID="8173" ObjHausnummer="Seumestraße 7" ObjVorlage="2013-09-11 00:00:00.0" ObKeinKontakt="1" ObjArtID="1" Merkmal="0.0" ObjInfo="Hans-Arno Heine (Fuhrenkampstraße 242) in langenhagen"/>
  <Objekte ObjID="2458" ObjAufnahme="1997-03-24" ObjLetztKontakt="2000-03-21" ObjStrasseID="8173" ObjHausnummer="Seumestraße 8" ObjVorlage="2013-09-11 00:00:00.0" ObKeinKontakt="2" ObjArtID="1" Merkmal="0.0" ObjInfo="H.Kerll u. H.Schulz"/>
  <Objekte ObjID="2459" ObjAufnahme="1997-03-24" ObjLetztKontakt="2000-09-20" ObjStrasseID="8173" ObjHausnummer="Seumestraße 9" ObjVorlage="2013-09-11 00:00:00.0" ObKeinKontakt="1" ObjArtID="177" Merkmal="0.0" ObjInfo="N.Löffler, Sallstr 70"/>
  <Objekte ObjID="2460" ObjAufnahme="1997-03-24" ObjLetztKontakt="2001-06-11" ObjStrasseID="8173" ObjHausnummer="Seumestraße 10" ObjVorlage="2013-09-11 00:00:00.0" ObKeinKontakt="9" ObjArtID="76" Merkmal="0.0" ObjInfo="400118\N-O-Blk."/>
  <Objekte ObjID="2461" ObjAufnahme="1997-03-24" ObjLetztKontakt="2000-03-21" ObjStrasseID="8173" ObjHausnummer="Seumestraße 11" ObjVorlage="2013-09-11 00:00:00.0" ObKeinKontakt="2" ObjArtID="1" Merkmal="0.0" ObjInfo="E.Freyer Adolf-Ey-Straße 9"/>
  <Objekte ObjID="2462" ObjAufnahme="1997-03-24" ObjLetztKontakt="1997-03-24" ObjStrasseID="5749" ObjHausnummer="An der Apostelkirche 4" ObjVorlage="2013-09-11 00:00:00.0" ObKeinKontakt="1" ObjArtID="1" Merkmal="0.0"/>
  <Objekte ObjID="2463" ObjAufnahme="1997-03-24" ObjLetztKontakt="1997-03-24" ObjStrasseID="5749" ObjHausnummer="An der Apostelkirche 1" ObjVorlage="2013-09-11 00:00:00.0" ObKeinKontakt="1" ObjArtID="1" Merkmal="0.0"/>
  <Objekte ObjID="2464" ObjAufnahme="1997-03-24" ObjLetztKontakt="1997-03-24" ObjStrasseID="5749" ObjHausnummer="An der Apostelkirche 2" ObjVorlage="2013-09-11 00:00:00.0" ObKeinKontakt="1" ObjArtID="1" Merkmal="0.0"/>
  <Objekte ObjID="2465" ObjAufnahme="1997-03-24" ObjLetztKontakt="1997-03-24" ObjStrasseID="5749" ObjHausnummer="An der Apostelkirche 3" ObjVorlage="2013-09-11 00:00:00.0" ObKeinKontakt="1" ObjArtID="1" Merkmal="0.0"/>
  <Objekte ObjID="2466" ObjAufnahme="1997-03-24" ObjLetztKontakt="2001-06-21" ObjStrasseID="6636" ObjHausnummer="Gretchenstraße 1" ObjVorlage="2013-09-11 00:00:00.0" ObKeinKontakt="2" ObjArtID="177" Merkmal="0.0" ObjInfo="Auskunftsbereit Mieterin Firnitz 3481893, Verwalter Polizist Seifert, makelt selbst, momentan 1 Whg frei"/>
  <Objekte ObjID="2467" ObjAufnahme="1997-03-24" ObjLetztKontakt="1998-09-13" ObjStrasseID="6636" ObjHausnummer="Gretchenstraße 2" ObjVorlage="2013-09-11 00:00:00.0" ObKeinKontakt="2" ObjArtID="1" Merkmal="0.0" ObjInfo="hat auch haus in der Schlägerstraße"/>
  <Objekte ObjID="2468" ObjAufnahme="1997-03-24" ObjLetztKontakt="1997-03-24" ObjStrasseID="7755" ObjHausnummer="Perlstraße 10" ObjVorlage="2013-09-11 00:00:00.0" ObKeinKontakt="1" ObjArtID="1" Merkmal="0.0"/>
  <Objekte ObjID="2469" ObjAufnahme="1997-03-24" ObjLetztKontakt="1997-03-24" ObjStrasseID="7755" ObjHausnummer="Perlstraße 9" ObjVorlage="2013-09-11 00:00:00.0" ObKeinKontakt="1" ObjArtID="1" Merkmal="0.0"/>
  <Objekte ObjID="2470" ObjAufnahme="1997-03-24" ObjLetztKontakt="1997-03-24" ObjStrasseID="7755" ObjHausnummer="Perlstraße 8" ObjVorlage="2013-09-11 00:00:00.0" ObKeinKontakt="1" ObjArtID="1" Merkmal="0.0" ObjInfo="wurde  von Frau maria Walter-Scharpf inseriert 01754323184"/>
  <Objekte ObjID="2471" ObjAufnahme="1997-03-24" ObjLetztKontakt="1997-03-24" ObjStrasseID="7755" ObjHausnummer="Perlstraße 7" ObjVorlage="2013-09-11 00:00:00.0" ObKeinKontakt="1" ObjArtID="1" Merkmal="0.0"/>
  <Objekte ObjID="2472" ObjAufnahme="1997-03-24" ObjLetztKontakt="1997-03-24" ObjStrasseID="7755" ObjHausnummer="Perlstraße 6" ObjVorlage="2013-09-11 00:00:00.0" ObKeinKontakt="1" ObjArtID="1" Merkmal="0.0"/>
  <Objekte ObjID="2473" ObjAufnahme="1997-03-24" ObjLetztKontakt="1997-03-24" ObjStrasseID="7755" ObjHausnummer="Perlstraße 2" ObjVorlage="2013-09-11 00:00:00.0" ObKeinKontakt="1" ObjArtID="1" Merkmal="0.0"/>
  <Objekte ObjID="2474" ObjAufnahme="1997-03-24" ObjLetztKontakt="1997-03-24" ObjStrasseID="7755" ObjHausnummer="Perlstraße 11" ObjVorlage="2013-09-11 00:00:00.0" ObKeinKontakt="1" ObjArtID="1" Merkmal="0.0"/>
  <Objekte ObjID="2475" ObjAufnahme="1997-03-24" ObjLetztKontakt="1997-03-24" ObjStrasseID="6292" ObjHausnummer="Eckerstraße 19" ObjVorlage="2013-09-11 00:00:00.0" ObKeinKontakt="1" ObjArtID="1" Merkmal="0.0"/>
  <Objekte ObjID="2476" ObjAufnahme="1997-03-24" ObjLetztKontakt="1997-03-24" ObjStrasseID="6292" ObjHausnummer="Eckerstraße 17" ObjVorlage="2013-09-11 00:00:00.0" ObKeinKontakt="1" ObjArtID="1" Merkmal="0.0"/>
  <Objekte ObjID="2477" ObjAufnahme="1997-03-24" ObjLetztKontakt="1997-03-24" ObjStrasseID="6292" ObjHausnummer="Eckerstraße 15" ObjVorlage="2013-09-11 00:00:00.0" ObKeinKontakt="1" ObjArtID="1" Merkmal="0.0"/>
  <Objekte ObjID="2478" ObjAufnahme="1997-03-24" ObjLetztKontakt="1997-03-24" ObjStrasseID="6292" ObjHausnummer="Eckerstraße 13" ObjVorlage="2013-09-11 00:00:00.0" ObKeinKontakt="1" ObjArtID="1" Merkmal="0.0"/>
  <Objekte ObjID="2479" ObjAufnahme="1997-03-24" ObjLetztKontakt="1997-03-24" ObjStrasseID="6292" ObjHausnummer="Eckerstraße 11" ObjVorlage="2013-09-11 00:00:00.0" ObKeinKontakt="1" ObjArtID="1" Merkmal="0.0"/>
  <Objekte ObjID="2480" ObjAufnahme="1997-03-24" ObjLetztKontakt="1997-03-24" ObjStrasseID="6292" ObjHausnummer="Eckerstraße 9" ObjVorlage="2013-09-11 00:00:00.0" ObKeinKontakt="1" ObjArtID="1" Merkmal="0.0"/>
  <Objekte ObjID="2481" ObjAufnahme="1997-03-24" ObjLetztKontakt="1997-03-24" ObjStrasseID="6292" ObjHausnummer="Eckerstraße 7" ObjVorlage="2013-09-11 00:00:00.0" ObKeinKontakt="1" ObjArtID="5" Merkmal="0.0"/>
  <Objekte ObjID="2482" ObjAufnahme="1997-03-24" ObjLetztKontakt="1997-03-24" ObjStrasseID="6292" ObjHausnummer="Eckerstraße 5" ObjVorlage="2013-09-11 00:00:00.0" ObKeinKontakt="1" ObjArtID="1" Merkmal="0.0"/>
  <Objekte ObjID="2483" ObjAufnahme="1997-03-24" ObjLetztKontakt="1997-03-24" ObjStrasseID="6292" ObjHausnummer="Eckerstraße 3" ObjVorlage="2013-09-11 00:00:00.0" ObKeinKontakt="1" ObjArtID="5" Merkmal="0.0" ObjInfo="Skyrde Werner, Bödekerstr. 92, 30161 Hannover, 0511-660126"/>
  <Objekte ObjID="2484" ObjAufnahme="1997-03-24" ObjLetztKontakt="1997-03-24" ObjStrasseID="6292" ObjHausnummer="Eckerstraße 1" ObjVorlage="2013-09-11 00:00:00.0" ObKeinKontakt="1" ObjArtID="1" Merkmal="0.0"/>
  <Objekte ObjID="2485" ObjAufnahme="1997-03-24" ObjLetztKontakt="1997-03-24" ObjStrasseID="6292" ObjHausnummer="Eckerstraße 4" ObjVorlage="2013-09-11 00:00:00.0" ObKeinKontakt="1" ObjArtID="1" Merkmal="0.0"/>
  <Objekte ObjID="2486" ObjAufnahme="1997-03-24" ObjLetztKontakt="1997-03-24" ObjStrasseID="6292" ObjHausnummer="Eckerstraße 6" ObjVorlage="2013-09-11 00:00:00.0" ObKeinKontakt="1" ObjArtID="1" Merkmal="0.0"/>
  <Objekte ObjID="2487" ObjAufnahme="1997-03-24" ObjLetztKontakt="1997-03-24" ObjStrasseID="6292" ObjHausnummer="Eckerstraße 8" ObjVorlage="2013-09-11 00:00:00.0" ObKeinKontakt="1" ObjArtID="5" Merkmal="0.0"/>
  <Objekte ObjID="2488" ObjAufnahme="1997-03-24" ObjLetztKontakt="1997-03-24" ObjStrasseID="6292" ObjHausnummer="Eckerstraße 10" ObjVorlage="2013-09-11 00:00:00.0" ObKeinKontakt="1" ObjArtID="5" Merkmal="0.0"/>
  <Objekte ObjID="2489" ObjAufnahme="1997-03-24" ObjLetztKontakt="1997-03-24" ObjStrasseID="6292" ObjHausnummer="Eckerstraße 12" ObjVorlage="2013-09-11 00:00:00.0" ObKeinKontakt="1" ObjArtID="1" Merkmal="0.0"/>
  <Objekte ObjID="2490" ObjAufnahme="1997-03-24" ObjLetztKontakt="1997-03-24" ObjStrasseID="6292" ObjHausnummer="Eckerstraße 14" ObjVorlage="2013-09-11 00:00:00.0" ObKeinKontakt="1" ObjArtID="1" Merkmal="0.0"/>
  <Objekte ObjID="2491" ObjAufnahme="1997-03-24" ObjLetztKontakt="1997-03-24" ObjStrasseID="6292" ObjHausnummer="Eckerstraße 16" ObjVorlage="2013-09-11 00:00:00.0" ObKeinKontakt="1" ObjArtID="1" Merkmal="0.0"/>
  <Objekte ObjID="2492" ObjAufnahme="1997-03-24" ObjLetztKontakt="1997-03-24" ObjStrasseID="6292" ObjHausnummer="Eckerstraße 18" ObjVorlage="2013-09-11 00:00:00.0" ObKeinKontakt="1" ObjArtID="1" Merkmal="0.0"/>
  <Objekte ObjID="2495" ObjAufnahme="1997-03-24" ObjLetztKontakt="1997-03-24" ObjStrasseID="6636" ObjHausnummer="Gretchenstraße 52" ObjVorlage="2013-09-11 00:00:00.0" ObKeinKontakt="1" ObjArtID="1" Merkmal="0.0"/>
  <Objekte ObjID="2496" ObjAufnahme="1997-03-24" ObjLetztKontakt="1998-09-13" ObjStrasseID="6636" ObjHausnummer="Gretchenstraße 51" ObjVorlage="2013-09-11 00:00:00.0" ObKeinKontakt="2" ObjArtID="1" Merkmal="0.0"/>
  <Objekte ObjID="2497" ObjAufnahme="1997-03-24" ObjLetztKontakt="1998-10-19" ObjStrasseID="6636" ObjHausnummer="Gretchenstraße 50" ObjVorlage="2013-09-11 00:00:00.0" ObKeinKontakt="2" ObjArtID="1" Merkmal="0.0" ObjInfo="Wohnungsbaugenossenschaft &quot;Hannoverland&quot; e.G. Ubbenstr. 28 Tel. 326584 Eckke Lister Meile"/>
  <Objekte ObjID="2500" ObjAufnahme="1997-03-24" ObjLetztKontakt="1997-03-24" ObjStrasseID="6636" ObjHausnummer="Gretchenstraße 6" ObjVorlage="2013-09-11 00:00:00.0" ObKeinKontakt="1" ObjArtID="1" Merkmal="0.0" ObjInfo="i51288667.ps"/>
  <Objekte ObjID="2506" ObjAufnahme="1997-03-24" ObjLetztKontakt="1997-03-24" ObjStrasseID="7401" ObjHausnummer="Lisbethstraße 9B" ObjVorlage="2013-09-11 00:00:00.0" ObKeinKontakt="1" ObjArtID="1" Merkmal="0.0"/>
  <Objekte ObjID="2507" ObjAufnahme="1997-03-24" ObjLetztKontakt="1997-03-24" ObjStrasseID="7401" ObjHausnummer="Lisbethstraße 9A" ObjVorlage="2013-09-11 00:00:00.0" ObKeinKontakt="1" ObjArtID="1" Merkmal="0.0"/>
  <Objekte ObjID="2508" ObjAufnahme="1997-03-24" ObjLetztKontakt="1997-03-24" ObjStrasseID="7401" ObjHausnummer="Lisbethstraße 9" ObjVorlage="2013-09-11 00:00:00.0" ObKeinKontakt="1" ObjArtID="1" Merkmal="0.0"/>
  <Objekte ObjID="2509" ObjAufnahme="1997-03-24" ObjLetztKontakt="1997-03-24" ObjStrasseID="7401" ObjHausnummer="Lisbethstraße 8" ObjVorlage="2013-09-11 00:00:00.0" ObKeinKontakt="1" ObjArtID="1" Merkmal="0.0"/>
  <Objekte ObjID="2510" ObjAufnahme="1997-03-24" ObjLetztKontakt="1997-03-24" ObjStrasseID="7401" ObjHausnummer="Lisbethstraße 7" ObjVorlage="2013-09-11 00:00:00.0" ObKeinKontakt="1" ObjArtID="1" Merkmal="0.0"/>
  <Objekte ObjID="2511" ObjAufnahme="1997-03-24" ObjLetztKontakt="1997-03-24" ObjStrasseID="7401" ObjHausnummer="Lisbethstraße 6" ObjVorlage="2013-09-11 00:00:00.0" ObKeinKontakt="1" ObjArtID="1" Merkmal="0.0"/>
  <Objekte ObjID="2512" ObjAufnahme="1997-03-24" ObjLetztKontakt="1997-03-24" ObjStrasseID="7401" ObjHausnummer="Lisbethstraße 1" ObjVorlage="2013-09-11 00:00:00.0" ObKeinKontakt="1" ObjArtID="1" Merkmal="0.0"/>
  <Objekte ObjID="2513" ObjAufnahme="1997-03-24" ObjLetztKontakt="1997-03-24" ObjStrasseID="7401" ObjHausnummer="Lisbethstraße 18" ObjVorlage="2013-09-11 00:00:00.0" ObKeinKontakt="1" ObjArtID="1" Merkmal="0.0"/>
  <Objekte ObjID="2514" ObjAufnahme="1997-03-24" ObjLetztKontakt="1997-03-24" ObjStrasseID="7401" ObjHausnummer="Lisbethstraße 17" ObjVorlage="2013-09-11 00:00:00.0" ObKeinKontakt="1" ObjArtID="1" Merkmal="0.0"/>
  <Objekte ObjID="2515" ObjAufnahme="1997-03-24" ObjLetztKontakt="1997-03-24" ObjStrasseID="7401" ObjHausnummer="Lisbethstraße 16" ObjVorlage="2013-09-11 00:00:00.0" ObKeinKontakt="1" ObjArtID="1" Merkmal="0.0"/>
  <Objekte ObjID="2516" ObjAufnahme="1997-03-24" ObjLetztKontakt="1997-03-24" ObjStrasseID="7401" ObjHausnummer="Lisbethstraße 15" ObjVorlage="2013-09-11 00:00:00.0" ObKeinKontakt="1" ObjArtID="1" Merkmal="0.0"/>
  <Objekte ObjID="2517" ObjAufnahme="1997-03-24" ObjLetztKontakt="1997-03-24" ObjStrasseID="7401" ObjHausnummer="Lisbethstraße 14" ObjVorlage="2013-09-11 00:00:00.0" ObKeinKontakt="1" ObjArtID="1" Merkmal="0.0"/>
  <Objekte ObjID="2518" ObjAufnahme="1997-03-24" ObjLetztKontakt="1997-03-24" ObjStrasseID="7401" ObjHausnummer="Lisbethstraße 13" ObjVorlage="2013-09-11 00:00:00.0" ObKeinKontakt="1" ObjArtID="1" Merkmal="0.0"/>
  <Objekte ObjID="2519" ObjAufnahme="1997-03-24" ObjLetztKontakt="1997-03-24" ObjStrasseID="7401" ObjHausnummer="Lisbethstraße 12" ObjVorlage="2013-09-11 00:00:00.0" ObKeinKontakt="1" ObjArtID="1" Merkmal="0.0"/>
  <Objekte ObjID="2520" ObjAufnahme="1997-03-24" ObjLetztKontakt="1997-03-24" ObjStrasseID="7401" ObjHausnummer="Lisbethstraße 11" ObjVorlage="2013-09-11 00:00:00.0" ObKeinKontakt="1" ObjArtID="1" Merkmal="0.0"/>
  <Objekte ObjID="2530" ObjAufnahme="1997-03-24" ObjLetztKontakt="1997-03-24" ObjStrasseID="6129" ObjHausnummer="Bütersworthstraße 13A" ObjVorlage="2013-09-11 00:00:00.0" ObKeinKontakt="1" ObjArtID="1" Merkmal="0.0"/>
  <Objekte ObjID="2531" ObjAufnahme="1997-03-24" ObjLetztKontakt="1997-03-24" ObjStrasseID="6129" ObjHausnummer="Bütersworthstraße 14" ObjVorlage="2013-09-11 00:00:00.0" ObKeinKontakt="1" ObjArtID="1" Merkmal="0.0"/>
  <Objekte ObjID="2532" ObjAufnahme="1997-03-24" ObjLetztKontakt="1997-03-24" ObjStrasseID="6129" ObjHausnummer="Bütersworthstraße 15" ObjVorlage="2013-09-11 00:00:00.0" ObKeinKontakt="1" ObjArtID="1" Merkmal="0.0"/>
  <Objekte ObjID="2533" ObjAufnahme="1997-03-24" ObjLetztKontakt="1997-03-24" ObjStrasseID="6129" ObjHausnummer="Bütersworthstraße 16" ObjVorlage="2013-09-11 00:00:00.0" ObKeinKontakt="1" ObjArtID="63" Merkmal="0.0"/>
  <Objekte ObjID="2534" ObjAufnahme="1997-03-24" ObjLetztKontakt="1997-03-24" ObjStrasseID="6129" ObjHausnummer="Bütersworthstraße 17" ObjVorlage="2013-09-11 00:00:00.0" ObKeinKontakt="1" ObjArtID="1" Merkmal="0.0"/>
  <Objekte ObjID="2535" ObjAufnahme="1997-03-24" ObjLetztKontakt="1997-03-24" ObjStrasseID="6129" ObjHausnummer="Bütersworthstraße 18" ObjVorlage="2013-09-11 00:00:00.0" ObKeinKontakt="1" ObjArtID="177" Merkmal="0.0"/>
  <Objekte ObjID="2536" ObjAufnahme="1997-03-24" ObjLetztKontakt="1997-03-24" ObjStrasseID="6129" ObjHausnummer="Bütersworthstraße 19" ObjVorlage="2013-09-11 00:00:00.0" ObKeinKontakt="1" ObjArtID="1" Merkmal="0.0"/>
  <Objekte ObjID="2537" ObjAufnahme="1997-03-24" ObjLetztKontakt="2000-02-24" ObjStrasseID="6129" ObjHausnummer="Bütersworthstraße 20" ObjVorlage="2013-09-11 00:00:00.0" ObKeinKontakt="2" ObjArtID="1" Merkmal="0.0"/>
  <Objekte ObjID="2538" ObjAufnahme="1997-03-24" ObjLetztKontakt="2000-02-24" ObjStrasseID="6129" ObjHausnummer="Bütersworthstraße 21" ObjVorlage="2013-09-11 00:00:00.0" ObKeinKontakt="2" ObjArtID="1" Merkmal="0.0"/>
  <Objekte ObjID="2539" ObjAufnahme="1997-03-24" ObjLetztKontakt="2000-02-24" ObjStrasseID="6129" ObjHausnummer="Bütersworthstraße 22" ObjVorlage="2013-09-11 00:00:00.0" ObKeinKontakt="2" ObjArtID="1" Merkmal="0.0"/>
  <Objekte ObjID="2540" ObjAufnahme="1997-03-24" ObjLetztKontakt="1997-03-24" ObjStrasseID="6129" ObjHausnummer="Bütersworthstraße 23" ObjVorlage="2013-09-11 00:00:00.0" ObKeinKontakt="1" ObjArtID="1" Merkmal="0.0"/>
  <Objekte ObjID="2541" ObjAufnahme="1997-03-24" ObjLetztKontakt="1997-03-24" ObjStrasseID="6129" ObjHausnummer="Bütersworthstraße 24" ObjVorlage="2013-09-11 00:00:00.0" ObKeinKontakt="5" ObjArtID="64" Merkmal="0.0"/>
  <Objekte ObjID="2542" ObjAufnahme="1997-03-24" ObjLetztKontakt="1999-11-19" ObjStrasseID="6129" ObjHausnummer="Bütersworthstraße 1" ObjVorlage="2013-09-11 00:00:00.0" ObKeinKontakt="1" ObjArtID="1" Merkmal="0.0"/>
  <Objekte ObjID="2543" ObjAufnahme="1997-03-24" ObjLetztKontakt="1997-03-24" ObjStrasseID="6129" ObjHausnummer="Bütersworthstraße 3" ObjVorlage="2013-09-11 00:00:00.0" ObKeinKontakt="1" ObjArtID="177" Merkmal="0.0"/>
  <Objekte ObjID="2544" ObjAufnahme="1997-03-24" ObjLetztKontakt="2000-02-24" ObjStrasseID="6129" ObjHausnummer="Bütersworthstraße 2" ObjVorlage="2013-09-11 00:00:00.0" ObKeinKontakt="2" ObjArtID="1" Merkmal="0.0"/>
  <Objekte ObjID="2545" ObjAufnahme="1997-03-24" ObjLetztKontakt="1997-03-24" ObjStrasseID="6129" ObjHausnummer="Bütersworthstraße 4" ObjVorlage="2013-09-11 00:00:00.0" ObKeinKontakt="1" ObjArtID="1" Merkmal="0.0"/>
  <Objekte ObjID="2546" ObjAufnahme="1997-03-24" ObjLetztKontakt="1997-03-24" ObjStrasseID="6129" ObjHausnummer="Bütersworthstraße 5" ObjVorlage="2013-09-11 00:00:00.0" ObKeinKontakt="1" ObjArtID="177" Merkmal="0.0"/>
  <Objekte ObjID="2547" ObjAufnahme="1997-03-24" ObjLetztKontakt="2000-02-24" ObjStrasseID="6129" ObjHausnummer="Bütersworthstraße 6" ObjVorlage="2013-09-11 00:00:00.0" ObKeinKontakt="2" ObjArtID="1" Merkmal="0.0"/>
  <Objekte ObjID="2548" ObjAufnahme="1997-03-24" ObjLetztKontakt="2003-05-23" ObjStrasseID="6129" ObjHausnummer="Bütersworthstraße 8" ObjVorlage="2013-09-11 00:00:00.0" ObKeinKontakt="1" ObjArtID="1" Merkmal="0.0"/>
  <Objekte ObjID="2549" ObjAufnahme="1997-03-24" ObjLetztKontakt="1997-03-24" ObjStrasseID="6129" ObjHausnummer="Bütersworthstraße 7" ObjVorlage="2013-09-11 00:00:00.0" ObKeinKontakt="1" ObjArtID="97" Merkmal="0.9999999999999999" ObjInfo="280901350~&#xD;&#xA;2550"/>
  <Objekte ObjID="2552" ObjAufnahme="1997-03-24" ObjLetztKontakt="1997-03-24" ObjStrasseID="6129" ObjHausnummer="Bütersworthstraße 12" ObjVorlage="2013-09-11 00:00:00.0" ObKeinKontakt="1" ObjArtID="1" Merkmal="0.0"/>
  <Objekte ObjID="2553" ObjAufnahme="1997-03-24" ObjLetztKontakt="1997-03-24" ObjStrasseID="6129" ObjHausnummer="Bütersworthstraße 13" ObjVorlage="2013-09-11 00:00:00.0" ObKeinKontakt="1" ObjArtID="177" Merkmal="0.0"/>
  <Objekte ObjID="2554" ObjAufnahme="1997-03-24" ObjLetztKontakt="1997-03-24" ObjStrasseID="6508" ObjHausnummer="Fundstraße 9" ObjVorlage="2013-09-11 00:00:00.0" ObKeinKontakt="1" ObjArtID="1" Merkmal="0.0" ObjInfo="E.Ahrens Lehrte"/>
  <Objekte ObjID="2557" ObjAufnahme="1997-03-24" ObjLetztKontakt="1997-03-24" ObjStrasseID="6508" ObjHausnummer="Fundstraße 1A" ObjVorlage="2013-09-11 00:00:00.0" ObKeinKontakt="1" ObjArtID="1" Merkmal="0.0"/>
  <Objekte ObjID="2559" ObjAufnahme="1997-03-24" ObjLetztKontakt="1997-03-24" ObjStrasseID="6510" ObjHausnummer="Gabelsbergerstraße 32" ObjVorlage="2013-09-11 00:00:00.0" ObKeinKontakt="1" ObjArtID="1" Merkmal="0.0"/>
  <Objekte ObjID="2560" ObjAufnahme="1997-03-18" ObjLetztKontakt="1997-05-13" ObjStrasseID="7650" ObjHausnummer="Nordfelder Reihe 18" ObjVorlage="2013-09-11 00:00:00.0" ObKeinKontakt="1" ObjArtID="1" Merkmal="0.0"/>
  <Objekte ObjID="2561" ObjAufnahme="1997-03-18" ObjLetztKontakt="1997-05-13" ObjStrasseID="7650" ObjHausnummer="Nordfelder Reihe 16" ObjVorlage="2013-09-11 00:00:00.0" ObKeinKontakt="1" ObjArtID="1" Merkmal="0.0"/>
  <Objekte ObjID="2562" ObjAufnahme="1997-03-18" ObjLetztKontakt="1997-05-13" ObjStrasseID="7650" ObjHausnummer="Nordfelder Reihe 8" ObjVorlage="2013-09-11 00:00:00.0" ObKeinKontakt="1" ObjArtID="1" Merkmal="0.0"/>
  <Objekte ObjID="2563" ObjAufnahme="1997-03-18" ObjLetztKontakt="1997-05-13" ObjStrasseID="7650" ObjHausnummer="Nordfelder Reihe 6" ObjVorlage="2013-09-11 00:00:00.0" ObKeinKontakt="1" ObjArtID="1" Merkmal="0.0"/>
  <Objekte ObjID="2564" ObjAufnahme="1997-03-18" ObjLetztKontakt="1997-05-13" ObjStrasseID="7650" ObjHausnummer="Nordfelder Reihe 4A" ObjVorlage="2013-09-11 00:00:00.0" ObKeinKontakt="1" ObjArtID="1" Merkmal="0.0"/>
  <Objekte ObjID="2565" ObjAufnahme="1997-03-18" ObjLetztKontakt="1997-05-13" ObjStrasseID="7650" ObjHausnummer="Nordfelder Reihe 4B" ObjVorlage="2013-09-11 00:00:00.0" ObKeinKontakt="1" ObjArtID="1" Merkmal="0.0"/>
  <Objekte ObjID="2566" ObjAufnahme="1997-03-18" ObjLetztKontakt="1997-05-13" ObjStrasseID="7650" ObjHausnummer="Nordfelder Reihe 1" ObjVorlage="2013-09-11 00:00:00.0" ObKeinKontakt="1" ObjArtID="1" Merkmal="0.0"/>
  <Objekte ObjID="2567" ObjAufnahme="1997-03-18" ObjLetztKontakt="2002-03-07" ObjStrasseID="7650" ObjHausnummer="Nordfelder Reihe 3" ObjVorlage="2013-09-11 00:00:00.0" ObKeinKontakt="5" ObjArtID="167" Merkmal="0.0"/>
  <Objekte ObjID="2568" ObjAufnahme="1997-03-18" ObjLetztKontakt="1997-05-13" ObjStrasseID="7650" ObjHausnummer="Nordfelder Reihe 5" ObjVorlage="2013-09-11 00:00:00.0" ObKeinKontakt="1" ObjArtID="1" Merkmal="0.0" ObjInfo="wird von Krasemann inseriert"/>
  <Objekte ObjID="2569" ObjAufnahme="1997-03-18" ObjLetztKontakt="1997-05-13" ObjStrasseID="7650" ObjHausnummer="Nordfelder Reihe 7" ObjVorlage="2013-09-11 00:00:00.0" ObKeinKontakt="1" ObjArtID="1" Merkmal="0.0"/>
  <Objekte ObjID="2570" ObjAufnahme="1997-03-18" ObjLetztKontakt="1997-05-13" ObjStrasseID="7650" ObjHausnummer="Nordfelder Reihe 9" ObjVorlage="2013-09-11 00:00:00.0" ObKeinKontakt="1" ObjArtID="1" Merkmal="0.0"/>
  <Objekte ObjID="2571" ObjAufnahme="1997-03-18" ObjLetztKontakt="1997-05-13" ObjStrasseID="7650" ObjHausnummer="Nordfelder Reihe 11" ObjVorlage="2013-09-11 00:00:00.0" ObKeinKontakt="1" ObjArtID="1" Merkmal="0.0"/>
  <Objekte ObjID="2572" ObjAufnahme="1997-03-18" ObjLetztKontakt="1997-05-13" ObjStrasseID="7650" ObjHausnummer="Nordfelder Reihe 14" ObjVorlage="2013-09-11 00:00:00.0" ObKeinKontakt="1" ObjArtID="1" Merkmal="0.0"/>
  <Objekte ObjID="2573" ObjAufnahme="1997-03-18" ObjLetztKontakt="1997-05-13" ObjStrasseID="7650" ObjHausnummer="Nordfelder Reihe 12" ObjVorlage="2013-09-11 00:00:00.0" ObKeinKontakt="1" ObjArtID="1" Merkmal="0.0"/>
  <Objekte ObjID="2574" ObjAufnahme="1997-03-18" ObjLetztKontakt="1997-05-13" ObjStrasseID="7650" ObjHausnummer="Nordfelder Reihe 13" ObjVorlage="2013-09-11 00:00:00.0" ObKeinKontakt="1" ObjArtID="1" Merkmal="0.0"/>
  <Objekte ObjID="2575" ObjAufnahme="1997-03-18" ObjLetztKontakt="1997-05-13" ObjStrasseID="7650" ObjHausnummer="Nordfelder Reihe 15" ObjVorlage="2013-09-11 00:00:00.0" ObKeinKontakt="1" ObjArtID="1" Merkmal="0.0"/>
  <Objekte ObjID="2576" ObjAufnahme="1997-03-18" ObjLetztKontakt="1997-05-13" ObjStrasseID="7650" ObjHausnummer="Nordfelder Reihe 17" ObjVorlage="2013-09-11 00:00:00.0" ObKeinKontakt="1" ObjArtID="1" Merkmal="0.0"/>
  <Objekte ObjID="2577" ObjAufnahme="1997-03-18" ObjLetztKontakt="1997-05-13" ObjStrasseID="7650" ObjHausnummer="Nordfelder Reihe 19" ObjVorlage="2013-09-11 00:00:00.0" ObKeinKontakt="1" ObjArtID="1" Merkmal="0.0"/>
  <Objekte ObjID="2578" ObjAufnahme="1997-03-18" ObjLetztKontakt="1997-05-13" ObjStrasseID="7650" ObjHausnummer="Nordfelder Reihe 23" ObjVorlage="2013-09-11 00:00:00.0" ObKeinKontakt="1" ObjArtID="1" Merkmal="0.0"/>
  <Objekte ObjID="2579" ObjAufnahme="1997-03-18" ObjLetztKontakt="1997-05-13" ObjStrasseID="7650" ObjHausnummer="Nordfelder Reihe 25" ObjVorlage="2013-09-11 00:00:00.0" ObKeinKontakt="1" ObjArtID="1" Merkmal="0.0"/>
  <Objekte ObjID="2580" ObjAufnahme="1997-03-18" ObjLetztKontakt="1997-05-13" ObjStrasseID="7650" ObjHausnummer="Nordfelder Reihe 27" ObjVorlage="2013-09-11 00:00:00.0" ObKeinKontakt="1" ObjArtID="1" Merkmal="0.0"/>
  <Objekte ObjID="2581" ObjAufnahme="1997-04-08" ObjLetztKontakt="1997-04-08" ObjStrasseID="6156" ObjHausnummer="Comeniusstraße 24" ObjVorlage="2013-09-11 00:00:00.0" ObKeinKontakt="1" ObjArtID="1" Merkmal="0.0"/>
  <Objekte ObjID="2582" ObjAufnahme="1997-05-13" ObjLetztKontakt="1997-05-13" ObjStrasseID="8666" ObjHausnummer="Wittekindstraße 4A" ObjVorlage="2013-09-11 00:00:00.0" ObKeinKontakt="1" ObjArtID="1" Merkmal="0.0"/>
  <Objekte ObjID="2583" ObjAufnahme="1997-03-18" ObjLetztKontakt="1997-05-13" ObjStrasseID="5222" ObjHausnummer="Sonnenallee 24" ObjVorlage="2013-09-11 00:00:00.0" ObKeinKontakt="5" ObjArtID="1" Merkmal="0.0" ObjInfo="Schneider, Burkhard&#xD;(Ish)&#xD;Sonnenallee 24&#xD;30916 Isernhagen&#xD;0511-721716"/>
  <Objekte ObjID="2584" ObjAufnahme="1997-04-09" ObjLetztKontakt="1997-04-09" ObjStrasseID="6875" ObjHausnummer="Hildesheimer Straße 393" ObjVorlage="2013-09-11 00:00:00.0" ObKeinKontakt="1" ObjArtID="5" Merkmal="0.0" ObjInfo="Mieter:&#xD;&#xA;Thies Wolf-R?diger tehaplan-Luftkanalbau&#09;Hildesheimer Str. 393&#09;30519 Hannover&#09;0511-873088"/>
  <Objekte ObjID="2585" ObjAufnahme="1997-04-09" ObjLetztKontakt="1997-04-09" ObjStrasseID="6875" ObjHausnummer="Hildesheimer Straße 392" ObjVorlage="2013-09-11 00:00:00.0" ObKeinKontakt="1" ObjArtID="5" Merkmal="0.0"/>
  <Objekte ObjID="2586" ObjAufnahme="1997-03-18" ObjLetztKontakt="1997-03-18" ObjStrasseID="159" ObjHausnummer="Jakobistraße 44" ObjVorlage="2013-09-11 00:00:00.0" ObKeinKontakt="1" ObjArtID="1" Merkmal="0.0" ObjInfo="Uhde, E.&#xD;Jakobistr. 44&#xD;30163 Hannover&#xD;0511-669026"/>
  <Objekte ObjID="2587" ObjAufnahme="1997-03-18" ObjLetztKontakt="1997-03-18" ObjStrasseID="159" ObjHausnummer="Jakobistraße 46" ObjVorlage="2013-09-11 00:00:00.0" ObKeinKontakt="1" ObjArtID="1" Merkmal="0.0"/>
  <Objekte ObjID="2588" ObjAufnahme="1997-03-18" ObjLetztKontakt="1997-03-18" ObjStrasseID="159" ObjHausnummer="Jakobistraße 48" ObjVorlage="2013-09-11 00:00:00.0" ObKeinKontakt="1" ObjArtID="1" Merkmal="0.0"/>
  <Objekte ObjID="2589" ObjAufnahme="1997-03-18" ObjLetztKontakt="1997-03-18" ObjStrasseID="159" ObjHausnummer="Jakobistraße 50" ObjVorlage="2013-09-11 00:00:00.0" ObKeinKontakt="1" ObjArtID="1" Merkmal="0.0" ObjInfo="Hausmeister Herr Wilozenski"/>
  <Objekte ObjID="2590" ObjAufnahme="1997-03-18" ObjLetztKontakt="1997-03-18" ObjStrasseID="159" ObjHausnummer="Jakobistraße 52" ObjVorlage="2013-09-11 00:00:00.0" ObKeinKontakt="1" ObjArtID="1" Merkmal="0.0" ObjInfo="Verwaltung Leistungsgesellschaft H &amp; G Niedersachsen, Prinzenstr."/>
  <Objekte ObjID="2591" ObjAufnahme="1997-03-18" ObjLetztKontakt="1997-03-18" ObjStrasseID="159" ObjHausnummer="Jakobistraße 54" ObjVorlage="2013-09-11 00:00:00.0" ObKeinKontakt="1" ObjArtID="1" Merkmal="0.0"/>
  <Objekte ObjID="2592" ObjAufnahme="1997-03-18" ObjLetztKontakt="1997-03-18" ObjStrasseID="159" ObjHausnummer="Jakobistraße 56" ObjVorlage="2013-09-11 00:00:00.0" ObKeinKontakt="1" ObjArtID="1" Merkmal="0.0"/>
  <Objekte ObjID="2593" ObjAufnahme="1997-03-18" ObjLetztKontakt="1997-03-18" ObjStrasseID="159" ObjHausnummer="Jakobistraße 58" ObjVorlage="2013-09-11 00:00:00.0" ObKeinKontakt="1" ObjArtID="1" Merkmal="0.0"/>
  <Objekte ObjID="2594" ObjAufnahme="1997-03-18" ObjLetztKontakt="1997-03-18" ObjStrasseID="159" ObjHausnummer="Jakobistraße 60" ObjVorlage="2013-09-11 00:00:00.0" ObKeinKontakt="1" ObjArtID="1" Merkmal="0.0"/>
  <Objekte ObjID="2595" ObjAufnahme="1997-03-18" ObjLetztKontakt="1997-03-18" ObjStrasseID="159" ObjHausnummer="Jakobistraße 62" ObjVorlage="2013-09-11 00:00:00.0" ObKeinKontakt="1" ObjArtID="1" Merkmal="0.0"/>
  <Objekte ObjID="2596" ObjAufnahme="1997-03-21" ObjLetztKontakt="1997-03-21" ObjStrasseID="7893" ObjHausnummer="Ricklinger Straße 2" ObjVorlage="1997-04-15 00:00:00.0" ObKeinKontakt="4" ObjArtID="5" Merkmal="0.0"/>
  <Objekte ObjID="2597" ObjAufnahme="1997-03-21" ObjLetztKontakt="1997-03-21" ObjStrasseID="7893" ObjHausnummer="Ricklinger Straße 2A" ObjVorlage="1997-04-15 00:00:00.0" ObKeinKontakt="4" ObjArtID="5" Merkmal="0.0"/>
  <Objekte ObjID="2598" ObjAufnahme="1997-03-21" ObjLetztKontakt="1997-03-21" ObjStrasseID="7893" ObjHausnummer="Ricklinger Straße 10" ObjVorlage="1997-04-15 00:00:00.0" ObKeinKontakt="4" ObjArtID="5" Merkmal="0.0"/>
  <Objekte ObjID="2601" ObjAufnahme="1997-03-21" ObjLetztKontakt="1997-03-21" ObjStrasseID="7893" ObjHausnummer="Ricklinger Straße 12" ObjVorlage="1997-04-15 00:00:00.0" ObKeinKontakt="4" ObjArtID="5" Merkmal="0.0"/>
  <Objekte ObjID="2602" ObjAufnahme="1997-03-21" ObjLetztKontakt="1997-03-21" ObjStrasseID="7893" ObjHausnummer="Ricklinger Straße 14" ObjVorlage="1997-04-15 00:00:00.0" ObKeinKontakt="4" ObjArtID="5" Merkmal="0.0"/>
  <Objekte ObjID="2603" ObjAufnahme="1997-03-21" ObjLetztKontakt="1997-03-21" ObjStrasseID="7893" ObjHausnummer="Ricklinger Straße 5" ObjVorlage="1997-04-15 00:00:00.0" ObKeinKontakt="4" ObjArtID="5" Merkmal="0.0"/>
  <Objekte ObjID="2604" ObjAufnahme="1997-03-21" ObjLetztKontakt="1997-03-21" ObjStrasseID="7893" ObjHausnummer="Ricklinger Straße 16" ObjVorlage="1997-04-15 00:00:00.0" ObKeinKontakt="4" ObjArtID="5" Merkmal="0.0"/>
  <Objekte ObjID="2605" ObjAufnahme="1997-03-21" ObjLetztKontakt="1997-03-21" ObjStrasseID="7893" ObjHausnummer="Ricklinger Straße 18" ObjVorlage="1997-04-15 00:00:00.0" ObKeinKontakt="4" ObjArtID="5" Merkmal="0.0"/>
  <Objekte ObjID="2606" ObjAufnahme="1997-03-21" ObjLetztKontakt="1997-03-21" ObjStrasseID="7893" ObjHausnummer="Ricklinger Straße 20" ObjVorlage="1997-04-15 00:00:00.0" ObKeinKontakt="4" ObjArtID="5" Merkmal="0.0"/>
  <Objekte ObjID="2607" ObjAufnahme="1997-03-21" ObjLetztKontakt="1997-03-21" ObjStrasseID="7893" ObjHausnummer="Ricklinger Straße 22" ObjVorlage="1997-04-15 00:00:00.0" ObKeinKontakt="4" ObjArtID="5" Merkmal="0.0"/>
  <Objekte ObjID="2608" ObjAufnahme="1997-03-21" ObjLetztKontakt="1997-03-21" ObjStrasseID="7893" ObjHausnummer="Ricklinger Straße 30" ObjVorlage="1997-04-15 00:00:00.0" ObKeinKontakt="4" ObjArtID="5" Merkmal="0.0"/>
  <Objekte ObjID="2609" ObjAufnahme="1997-03-21" ObjLetztKontakt="1997-03-21" ObjStrasseID="7893" ObjHausnummer="Ricklinger Straße 32" ObjVorlage="1997-04-15 00:00:00.0" ObKeinKontakt="4" ObjArtID="5" Merkmal="0.0"/>
  <Objekte ObjID="2610" ObjAufnahme="1997-03-21" ObjLetztKontakt="1997-03-21" ObjStrasseID="7893" ObjHausnummer="Ricklinger Straße 38" ObjVorlage="1997-04-15 00:00:00.0" ObKeinKontakt="4" ObjArtID="5" Merkmal="0.0"/>
  <Objekte ObjID="2611" ObjAufnahme="1997-03-21" ObjLetztKontakt="1997-03-21" ObjStrasseID="7893" ObjHausnummer="Ricklinger Straße 40" ObjVorlage="1997-04-15 00:00:00.0" ObKeinKontakt="4" ObjArtID="5" Merkmal="0.0"/>
  <Objekte ObjID="2612" ObjAufnahme="1997-03-21" ObjLetztKontakt="1997-03-21" ObjStrasseID="7893" ObjHausnummer="Ricklinger Straße 42" ObjVorlage="1997-04-15 00:00:00.0" ObKeinKontakt="4" ObjArtID="5" Merkmal="0.0"/>
  <Objekte ObjID="2613" ObjAufnahme="1997-03-21" ObjLetztKontakt="1997-03-21" ObjStrasseID="7893" ObjHausnummer="Ricklinger Straße 44" ObjVorlage="1997-04-15 00:00:00.0" ObKeinKontakt="4" ObjArtID="5" Merkmal="0.0"/>
  <Objekte ObjID="2614" ObjAufnahme="1997-03-21" ObjLetztKontakt="1997-03-21" ObjStrasseID="7893" ObjHausnummer="Ricklinger Straße 46" ObjVorlage="1997-04-15 00:00:00.0" ObKeinKontakt="4" ObjArtID="5" Merkmal="0.0"/>
  <Objekte ObjID="2615" ObjAufnahme="1997-03-21" ObjLetztKontakt="1997-03-21" ObjStrasseID="7893" ObjHausnummer="Ricklinger Straße 48" ObjVorlage="1997-04-15 00:00:00.0" ObKeinKontakt="4" ObjArtID="5" Merkmal="0.0"/>
  <Objekte ObjID="2616" ObjAufnahme="1997-03-21" ObjLetztKontakt="1997-03-21" ObjStrasseID="7893" ObjHausnummer="Ricklinger Straße 5052 a" ObjVorlage="1997-04-15 00:00:00.0" ObKeinKontakt="4" ObjArtID="5" Merkmal="0.0"/>
  <Objekte ObjID="2617" ObjAufnahme="1997-03-21" ObjLetztKontakt="1997-03-21" ObjStrasseID="7893" ObjHausnummer="Ricklinger Straße 54" ObjVorlage="1997-04-15 00:00:00.0" ObKeinKontakt="4" ObjArtID="5" Merkmal="0.0"/>
  <Objekte ObjID="2618" ObjAufnahme="1997-03-21" ObjLetztKontakt="1997-03-21" ObjStrasseID="7893" ObjHausnummer="Ricklinger Straße 56" ObjVorlage="1997-04-15 00:00:00.0" ObKeinKontakt="4" ObjArtID="5" Merkmal="0.0"/>
  <Objekte ObjID="2620" ObjAufnahme="1997-03-21" ObjLetztKontakt="1997-03-21" ObjStrasseID="7893" ObjHausnummer="Ricklinger Straße 64" ObjVorlage="1997-04-15 00:00:00.0" ObKeinKontakt="4" ObjArtID="5" Merkmal="0.0"/>
  <Objekte ObjID="2621" ObjAufnahme="1997-03-21" ObjLetztKontakt="1997-03-21" ObjStrasseID="7893" ObjHausnummer="Ricklinger Straße 66" ObjVorlage="1997-04-15 00:00:00.0" ObKeinKontakt="4" ObjArtID="5" Merkmal="0.0"/>
  <Objekte ObjID="2622" ObjAufnahme="1997-03-21" ObjLetztKontakt="1997-03-21" ObjStrasseID="7893" ObjHausnummer="Ricklinger Straße 41" ObjVorlage="1997-04-15 00:00:00.0" ObKeinKontakt="4" ObjArtID="5" Merkmal="0.0"/>
  <Objekte ObjID="2623" ObjAufnahme="1997-03-21" ObjLetztKontakt="1997-03-21" ObjStrasseID="7893" ObjHausnummer="Ricklinger Straße 39" ObjVorlage="1997-04-15 00:00:00.0" ObKeinKontakt="4" ObjArtID="5" Merkmal="0.0"/>
  <Objekte ObjID="2624" ObjAufnahme="1997-03-21" ObjLetztKontakt="1997-03-21" ObjStrasseID="7893" ObjHausnummer="Ricklinger Straße 37" ObjVorlage="1997-04-15 00:00:00.0" ObKeinKontakt="4" ObjArtID="5" Merkmal="0.0"/>
  <Objekte ObjID="2625" ObjAufnahme="1997-03-21" ObjLetztKontakt="1997-03-21" ObjStrasseID="6611" ObjHausnummer="Göttinger Straße 46" ObjVorlage="1997-04-15 00:00:00.0" ObKeinKontakt="4" ObjArtID="5" Merkmal="0.0"/>
  <Objekte ObjID="2626" ObjAufnahme="1997-03-21" ObjLetztKontakt="1997-03-21" ObjStrasseID="6611" ObjHausnummer="Göttinger Straße 4648" ObjVorlage="1997-04-15 00:00:00.0" ObKeinKontakt="4" ObjArtID="5" Merkmal="0.0"/>
  <Objekte ObjID="2627" ObjAufnahme="1997-03-21" ObjLetztKontakt="1997-03-21" ObjStrasseID="6611" ObjHausnummer="Göttinger Straße 49" ObjVorlage="1997-04-15 00:00:00.0" ObKeinKontakt="4" ObjArtID="5" Merkmal="0.0"/>
  <Objekte ObjID="2628" ObjAufnahme="1997-03-21" ObjLetztKontakt="1997-03-21" ObjStrasseID="6611" ObjHausnummer="Göttinger Straße 50" ObjVorlage="1997-04-15 00:00:00.0" ObKeinKontakt="4" ObjArtID="5" Merkmal="0.0"/>
  <Objekte ObjID="2629" ObjAufnahme="1997-03-21" ObjLetztKontakt="1997-03-21" ObjStrasseID="6611" ObjHausnummer="Göttinger Straße 51" ObjVorlage="1997-04-15 00:00:00.0" ObKeinKontakt="4" ObjArtID="5" Merkmal="0.0"/>
  <Objekte ObjID="2630" ObjAufnahme="1997-03-21" ObjLetztKontakt="1997-03-21" ObjStrasseID="6611" ObjHausnummer="Göttinger Straße 52" ObjVorlage="1997-04-15 00:00:00.0" ObKeinKontakt="4" ObjArtID="5" Merkmal="0.0"/>
  <Objekte ObjID="2631" ObjAufnahme="1997-03-21" ObjLetztKontakt="1997-03-21" ObjStrasseID="6611" ObjHausnummer="Göttinger Straße 52A" ObjVorlage="1997-04-15 00:00:00.0" ObKeinKontakt="4" ObjArtID="5" Merkmal="0.0"/>
  <Objekte ObjID="2632" ObjAufnahme="1997-03-21" ObjLetztKontakt="1997-03-21" ObjStrasseID="6611" ObjHausnummer="Göttinger Straße 53" ObjVorlage="1997-04-15 00:00:00.0" ObKeinKontakt="4" ObjArtID="5" Merkmal="0.0"/>
  <Objekte ObjID="2633" ObjAufnahme="1997-03-21" ObjLetztKontakt="1997-03-21" ObjStrasseID="6611" ObjHausnummer="Göttinger Straße 55" ObjVorlage="1997-04-15 00:00:00.0" ObKeinKontakt="4" ObjArtID="5" Merkmal="0.0"/>
  <Objekte ObjID="2634" ObjAufnahme="1997-03-21" ObjLetztKontakt="1997-03-21" ObjStrasseID="6611" ObjHausnummer="Göttinger Straße 5657" ObjVorlage="1997-04-15 00:00:00.0" ObKeinKontakt="4" ObjArtID="5" Merkmal="0.0"/>
  <Objekte ObjID="2635" ObjAufnahme="1997-03-21" ObjLetztKontakt="2013-04-17" ObjStrasseID="6611" ObjHausnummer="Göttinger Straße 58" ObjVorlage="1997-04-15 00:00:00.0" ObKeinKontakt="2" ObjArtID="5" Merkmal="0.0"/>
  <Objekte ObjID="2636" ObjAufnahme="1997-03-21" ObjLetztKontakt="1997-03-21" ObjStrasseID="6611" ObjHausnummer="Göttinger Straße 60" ObjVorlage="1997-04-15 00:00:00.0" ObKeinKontakt="4" ObjArtID="5" Merkmal="0.0"/>
  <Objekte ObjID="2637" ObjAufnahme="1997-03-21" ObjLetztKontakt="1997-03-21" ObjStrasseID="6611" ObjHausnummer="Göttinger Straße 61" ObjVorlage="1997-04-15 00:00:00.0" ObKeinKontakt="4" ObjArtID="5" Merkmal="0.0" ObjInfo="14WE/2Läden/1950/110/1,3"/>
  <Objekte ObjID="2638" ObjAufnahme="1997-03-21" ObjLetztKontakt="1997-03-21" ObjStrasseID="6611" ObjHausnummer="Göttinger Straße 62" ObjVorlage="1997-04-15 00:00:00.0" ObKeinKontakt="4" ObjArtID="5" Merkmal="0.0"/>
  <Objekte ObjID="2639" ObjAufnahme="1997-03-21" ObjLetztKontakt="1997-03-21" ObjStrasseID="6611" ObjHausnummer="Göttinger Straße 62A" ObjVorlage="1997-04-15 00:00:00.0" ObKeinKontakt="4" ObjArtID="5" Merkmal="0.0"/>
  <Objekte ObjID="2640" ObjAufnahme="1997-03-21" ObjLetztKontakt="1997-03-21" ObjStrasseID="6611" ObjHausnummer="Göttinger Straße 63" ObjVorlage="1997-04-15 00:00:00.0" ObKeinKontakt="4" ObjArtID="5" Merkmal="0.0"/>
  <Objekte ObjID="2641" ObjAufnahme="1997-03-21" ObjLetztKontakt="1997-03-21" ObjStrasseID="6611" ObjHausnummer="Göttinger Straße 64" ObjVorlage="1997-04-15 00:00:00.0" ObKeinKontakt="4" ObjArtID="5" Merkmal="0.0" ObjInfo="10WE/1Laden/1910/1950/870/1,3"/>
  <Objekte ObjID="2642" ObjAufnahme="1997-03-21" ObjLetztKontakt="1997-03-21" ObjStrasseID="6611" ObjHausnummer="Göttinger Straße 65" ObjVorlage="1997-04-15 00:00:00.0" ObKeinKontakt="4" ObjArtID="5" Merkmal="0.0"/>
  <Objekte ObjID="2643" ObjAufnahme="1997-03-21" ObjLetztKontakt="1997-03-21" ObjStrasseID="6611" ObjHausnummer="Göttinger Straße 44" ObjVorlage="1997-04-15 00:00:00.0" ObKeinKontakt="4" ObjArtID="5" Merkmal="0.0"/>
  <Objekte ObjID="2644" ObjAufnahme="1997-03-21" ObjLetztKontakt="1997-03-21" ObjStrasseID="6611" ObjHausnummer="Göttinger Straße 4749" ObjVorlage="1997-04-15 00:00:00.0" ObKeinKontakt="4" ObjArtID="5" Merkmal="0.0"/>
  <Objekte ObjID="2645" ObjAufnahme="1997-03-21" ObjLetztKontakt="1997-03-21" ObjStrasseID="7893" ObjHausnummer="Ricklinger Straße 35" ObjVorlage="1997-04-15 00:00:00.0" ObKeinKontakt="4" ObjArtID="5" Merkmal="0.0"/>
  <Objekte ObjID="2646" ObjAufnahme="1997-03-21" ObjLetztKontakt="1997-03-21" ObjStrasseID="7893" ObjHausnummer="Ricklinger Straße 33" ObjVorlage="1997-04-15 00:00:00.0" ObKeinKontakt="4" ObjArtID="5" Merkmal="0.0"/>
  <Objekte ObjID="2647" ObjAufnahme="1997-03-21" ObjLetztKontakt="1997-03-21" ObjStrasseID="7893" ObjHausnummer="Ricklinger Straße 31" ObjVorlage="1997-04-15 00:00:00.0" ObKeinKontakt="4" ObjArtID="5" Merkmal="0.0"/>
  <Objekte ObjID="2648" ObjAufnahme="1997-03-21" ObjLetztKontakt="1997-03-21" ObjStrasseID="7893" ObjHausnummer="Ricklinger Straße 27" ObjVorlage="1997-04-15 00:00:00.0" ObKeinKontakt="4" ObjArtID="5" Merkmal="0.0"/>
  <Objekte ObjID="2649" ObjAufnahme="1997-03-21" ObjLetztKontakt="1997-03-21" ObjStrasseID="7893" ObjHausnummer="Ricklinger Straße 25A" ObjVorlage="1997-04-15 00:00:00.0" ObKeinKontakt="4" ObjArtID="5" Merkmal="0.0"/>
  <Objekte ObjID="2650" ObjAufnahme="1997-03-21" ObjLetztKontakt="1997-03-21" ObjStrasseID="7893" ObjHausnummer="Ricklinger Straße 25" ObjVorlage="1997-04-15 00:00:00.0" ObKeinKontakt="4" ObjArtID="5" Merkmal="0.0"/>
  <Objekte ObjID="2651" ObjAufnahme="1997-03-21" ObjLetztKontakt="1997-03-21" ObjStrasseID="7893" ObjHausnummer="Ricklinger Straße 23A" ObjVorlage="1997-04-15 00:00:00.0" ObKeinKontakt="4" ObjArtID="5" Merkmal="0.0"/>
  <Objekte ObjID="2652" ObjAufnahme="1997-03-21" ObjLetztKontakt="1997-03-21" ObjStrasseID="7893" ObjHausnummer="Ricklinger Straße 23" ObjVorlage="1997-04-15 00:00:00.0" ObKeinKontakt="4" ObjArtID="5" Merkmal="0.0"/>
  <Objekte ObjID="2653" ObjAufnahme="1997-03-21" ObjLetztKontakt="1997-03-21" ObjStrasseID="7893" ObjHausnummer="Ricklinger Straße 21" ObjVorlage="1997-04-15 00:00:00.0" ObKeinKontakt="4" ObjArtID="5" Merkmal="0.0"/>
  <Objekte ObjID="2654" ObjAufnahme="1997-03-21" ObjLetztKontakt="1997-03-21" ObjStrasseID="7893" ObjHausnummer="Ricklinger Straße 19" ObjVorlage="2013-05-08 00:00:00.0" ObKeinKontakt="2" ObjArtID="5" Merkmal="0.0"/>
  <Objekte ObjID="2655" ObjAufnahme="1997-03-21" ObjLetztKontakt="1997-03-21" ObjStrasseID="7893" ObjHausnummer="Ricklinger Straße 128" ObjVorlage="1997-04-15 00:00:00.0" ObKeinKontakt="1" ObjArtID="5" Merkmal="0.0"/>
  <Objekte ObjID="2656" ObjAufnahme="1997-03-21" ObjLetztKontakt="1997-03-21" ObjStrasseID="7893" ObjHausnummer="Ricklinger Straße 126" ObjVorlage="1997-04-15 00:00:00.0" ObKeinKontakt="4" ObjArtID="5" Merkmal="0.0"/>
  <Objekte ObjID="2657" ObjAufnahme="1997-03-21" ObjLetztKontakt="1997-03-21" ObjStrasseID="7893" ObjHausnummer="Ricklinger Straße 124" ObjVorlage="1997-04-15 00:00:00.0" ObKeinKontakt="4" ObjArtID="5" Merkmal="0.0"/>
  <Objekte ObjID="2658" ObjAufnahme="1997-03-21" ObjLetztKontakt="1997-03-21" ObjStrasseID="7893" ObjHausnummer="Ricklinger Straße 122" ObjVorlage="1997-04-15 00:00:00.0" ObKeinKontakt="4" ObjArtID="5" Merkmal="0.0"/>
  <Objekte ObjID="2659" ObjAufnahme="1997-03-21" ObjLetztKontakt="1997-03-21" ObjStrasseID="7893" ObjHausnummer="Ricklinger Straße 120" ObjVorlage="1997-04-15 00:00:00.0" ObKeinKontakt="4" ObjArtID="5" Merkmal="0.0"/>
  <Objekte ObjID="2660" ObjAufnahme="1997-03-21" ObjLetztKontakt="1997-03-21" ObjStrasseID="7893" ObjHausnummer="Ricklinger Straße 116" ObjVorlage="1997-04-15 00:00:00.0" ObKeinKontakt="4" ObjArtID="5" Merkmal="0.0"/>
  <Objekte ObjID="2661" ObjAufnahme="1997-03-21" ObjLetztKontakt="1997-03-21" ObjStrasseID="7893" ObjHausnummer="Ricklinger Straße 114" ObjVorlage="1997-04-15 00:00:00.0" ObKeinKontakt="4" ObjArtID="5" Merkmal="0.0"/>
  <Objekte ObjID="2662" ObjAufnahme="1997-03-21" ObjLetztKontakt="1997-03-21" ObjStrasseID="7893" ObjHausnummer="Ricklinger Straße 104" ObjVorlage="1997-04-15 00:00:00.0" ObKeinKontakt="4" ObjArtID="5" Merkmal="0.0"/>
  <Objekte ObjID="2664" ObjAufnahme="1997-03-21" ObjLetztKontakt="1997-03-21" ObjStrasseID="7893" ObjHausnummer="Ricklinger Straße 102" ObjVorlage="1997-04-15 00:00:00.0" ObKeinKontakt="4" ObjArtID="5" Merkmal="0.0"/>
  <Objekte ObjID="2665" ObjAufnahme="1997-03-21" ObjLetztKontakt="1997-03-21" ObjStrasseID="7893" ObjHausnummer="Ricklinger Straße 96" ObjVorlage="1997-04-15 00:00:00.0" ObKeinKontakt="4" ObjArtID="5" Merkmal="0.0"/>
  <Objekte ObjID="2666" ObjAufnahme="1997-03-21" ObjLetztKontakt="1997-03-21" ObjStrasseID="7893" ObjHausnummer="Ricklinger Straße 94" ObjVorlage="1997-04-15 00:00:00.0" ObKeinKontakt="4" ObjArtID="5" Merkmal="0.0"/>
  <Objekte ObjID="2667" ObjAufnahme="1997-03-21" ObjLetztKontakt="1997-03-21" ObjStrasseID="7893" ObjHausnummer="Ricklinger Straße 92" ObjVorlage="1997-04-15 00:00:00.0" ObKeinKontakt="4" ObjArtID="5" Merkmal="0.0"/>
  <Objekte ObjID="2668" ObjAufnahme="1997-03-21" ObjLetztKontakt="1997-03-21" ObjStrasseID="7893" ObjHausnummer="Ricklinger Straße 86" ObjVorlage="1997-04-15 00:00:00.0" ObKeinKontakt="4" ObjArtID="5" Merkmal="0.0"/>
  <Objekte ObjID="2669" ObjAufnahme="1997-03-21" ObjLetztKontakt="1997-03-21" ObjStrasseID="7893" ObjHausnummer="Ricklinger Straße 84" ObjVorlage="1997-04-15 00:00:00.0" ObKeinKontakt="4" ObjArtID="5" Merkmal="0.0"/>
  <Objekte ObjID="2670" ObjAufnahme="1997-03-21" ObjLetztKontakt="1997-03-21" ObjStrasseID="7893" ObjHausnummer="Ricklinger Straße 82" ObjVorlage="1997-04-15 00:00:00.0" ObKeinKontakt="4" ObjArtID="5" Merkmal="0.0"/>
  <Objekte ObjID="2671" ObjAufnahme="1997-03-21" ObjLetztKontakt="1997-03-21" ObjStrasseID="7893" ObjHausnummer="Ricklinger Straße 80" ObjVorlage="1997-04-15 00:00:00.0" ObKeinKontakt="4" ObjArtID="5" Merkmal="0.0"/>
  <Objekte ObjID="2672" ObjAufnahme="1997-03-21" ObjLetztKontakt="1997-03-21" ObjStrasseID="7893" ObjHausnummer="Ricklinger Straße 78" ObjVorlage="1997-04-15 00:00:00.0" ObKeinKontakt="4" ObjArtID="5" Merkmal="0.0"/>
  <Objekte ObjID="2673" ObjAufnahme="1997-03-21" ObjLetztKontakt="1997-03-21" ObjStrasseID="7893" ObjHausnummer="Ricklinger Straße 76" ObjVorlage="1997-04-15 00:00:00.0" ObKeinKontakt="4" ObjArtID="5" Merkmal="0.0"/>
  <Objekte ObjID="2674" ObjAufnahme="1997-03-21" ObjLetztKontakt="1997-03-21" ObjStrasseID="7893" ObjHausnummer="Ricklinger Straße 72" ObjVorlage="1997-04-15 00:00:00.0" ObKeinKontakt="4" ObjArtID="5" Merkmal="0.0"/>
  <Objekte ObjID="2675" ObjAufnahme="1997-03-21" ObjLetztKontakt="1997-03-21" ObjStrasseID="7893" ObjHausnummer="Ricklinger Straße 70" ObjVorlage="1997-04-15 00:00:00.0" ObKeinKontakt="4" ObjArtID="5" Merkmal="0.0"/>
  <Objekte ObjID="2676" ObjAufnahme="1997-03-21" ObjLetztKontakt="1997-03-21" ObjStrasseID="7893" ObjHausnummer="Ricklinger Straße 68" ObjVorlage="1997-04-15 00:00:00.0" ObKeinKontakt="4" ObjArtID="5" Merkmal="0.0"/>
  <Objekte ObjID="2677" ObjAufnahme="1997-03-21" ObjLetztKontakt="1997-03-21" ObjStrasseID="7893" ObjHausnummer="Ricklinger Straße 55" ObjVorlage="1997-04-15 00:00:00.0" ObKeinKontakt="4" ObjArtID="5" Merkmal="0.0"/>
  <Objekte ObjID="2678" ObjAufnahme="1997-03-21" ObjLetztKontakt="1997-03-21" ObjStrasseID="7893" ObjHausnummer="Ricklinger Straße 57" ObjVorlage="1997-04-15 00:00:00.0" ObKeinKontakt="4" ObjArtID="5" Merkmal="0.0"/>
  <Objekte ObjID="2679" ObjAufnahme="1997-03-21" ObjLetztKontakt="1997-03-21" ObjStrasseID="7893" ObjHausnummer="Ricklinger Straße 65" ObjVorlage="1997-04-15 00:00:00.0" ObKeinKontakt="4" ObjArtID="5" Merkmal="0.0"/>
  <Objekte ObjID="2680" ObjAufnahme="1997-03-21" ObjLetztKontakt="1997-03-21" ObjStrasseID="7893" ObjHausnummer="Ricklinger Straße 69" ObjVorlage="1997-04-15 00:00:00.0" ObKeinKontakt="4" ObjArtID="5" Merkmal="0.0"/>
  <Objekte ObjID="2681" ObjAufnahme="1997-03-21" ObjLetztKontakt="1997-03-21" ObjStrasseID="7893" ObjHausnummer="Ricklinger Straße 77" ObjVorlage="1997-04-15 00:00:00.0" ObKeinKontakt="4" ObjArtID="5" Merkmal="0.0"/>
  <Objekte ObjID="2682" ObjAufnahme="1997-03-21" ObjLetztKontakt="1997-03-21" ObjStrasseID="7893" ObjHausnummer="Ricklinger Straße 79" ObjVorlage="1997-04-15 00:00:00.0" ObKeinKontakt="4" ObjArtID="5" Merkmal="0.0"/>
  <Objekte ObjID="2683" ObjAufnahme="1997-03-21" ObjLetztKontakt="1997-03-21" ObjStrasseID="7893" ObjHausnummer="Ricklinger Straße 81" ObjVorlage="1997-04-15 00:00:00.0" ObKeinKontakt="4" ObjArtID="5" Merkmal="0.0"/>
  <Objekte ObjID="2684" ObjAufnahme="1997-03-21" ObjLetztKontakt="1997-03-21" ObjStrasseID="7893" ObjHausnummer="Ricklinger Straße 83" ObjVorlage="1997-04-15 00:00:00.0" ObKeinKontakt="4" ObjArtID="5" Merkmal="0.0"/>
  <Objekte ObjID="2685" ObjAufnahme="1997-03-21" ObjLetztKontakt="1997-03-21" ObjStrasseID="7893" ObjHausnummer="Ricklinger Straße 85" ObjVorlage="1997-04-15 00:00:00.0" ObKeinKontakt="5" ObjArtID="1" Merkmal="0.9999999999999999" ObjInfo="15 WE19101642,2"/>
  <Objekte ObjID="2686" ObjAufnahme="1997-03-21" ObjLetztKontakt="1997-03-21" ObjStrasseID="7893" ObjHausnummer="Ricklinger Straße 87" ObjVorlage="1997-04-15 00:00:00.0" ObKeinKontakt="4" ObjArtID="5" Merkmal="0.0"/>
  <Objekte ObjID="2687" ObjAufnahme="1997-03-21" ObjLetztKontakt="1997-03-21" ObjStrasseID="7893" ObjHausnummer="Ricklinger Straße 89" ObjVorlage="1997-04-15 00:00:00.0" ObKeinKontakt="4" ObjArtID="5" Merkmal="0.0"/>
  <Objekte ObjID="2688" ObjAufnahme="1997-03-21" ObjLetztKontakt="1997-03-21" ObjStrasseID="7893" ObjHausnummer="Ricklinger Straße 154-156" ObjVorlage="1997-04-15 00:00:00.0" ObKeinKontakt="4" ObjArtID="177" Merkmal="0.0"/>
  <Objekte ObjID="2689" ObjAufnahme="1997-03-21" ObjLetztKontakt="1997-03-21" ObjStrasseID="7893" ObjHausnummer="Ricklinger Straße 152" ObjVorlage="1997-04-15 00:00:00.0" ObKeinKontakt="4" ObjArtID="5" Merkmal="0.0"/>
  <Objekte ObjID="2690" ObjAufnahme="1997-03-21" ObjLetztKontakt="1997-03-21" ObjStrasseID="7893" ObjHausnummer="Ricklinger Straße 150" ObjVorlage="1997-04-15 00:00:00.0" ObKeinKontakt="4" ObjArtID="5" Merkmal="0.0"/>
  <Objekte ObjID="2691" ObjAufnahme="1997-03-21" ObjLetztKontakt="1997-03-21" ObjStrasseID="7893" ObjHausnummer="Ricklinger Straße 148" ObjVorlage="1997-04-15 00:00:00.0" ObKeinKontakt="4" ObjArtID="5" Merkmal="0.0"/>
  <Objekte ObjID="2692" ObjAufnahme="1997-03-21" ObjLetztKontakt="1997-03-21" ObjStrasseID="7893" ObjHausnummer="Ricklinger Straße 146" ObjVorlage="1997-04-15 00:00:00.0" ObKeinKontakt="4" ObjArtID="5" Merkmal="0.0"/>
  <Objekte ObjID="2693" ObjAufnahme="1997-03-21" ObjLetztKontakt="1997-03-21" ObjStrasseID="7893" ObjHausnummer="Ricklinger Straße 144" ObjVorlage="1997-04-15 00:00:00.0" ObKeinKontakt="4" ObjArtID="5" Merkmal="0.0"/>
  <Objekte ObjID="2694" ObjAufnahme="1997-03-21" ObjLetztKontakt="1997-03-21" ObjStrasseID="7893" ObjHausnummer="Ricklinger Straße 142" ObjVorlage="1997-04-15 00:00:00.0" ObKeinKontakt="4" ObjArtID="5" Merkmal="0.0"/>
  <Objekte ObjID="2695" ObjAufnahme="1997-03-21" ObjLetztKontakt="1997-03-21" ObjStrasseID="7893" ObjHausnummer="Ricklinger Straße 140" ObjVorlage="1997-04-15 00:00:00.0" ObKeinKontakt="4" ObjArtID="5" Merkmal="0.0"/>
  <Objekte ObjID="2696" ObjAufnahme="1997-03-21" ObjLetztKontakt="1997-03-21" ObjStrasseID="7893" ObjHausnummer="Ricklinger Straße 138" ObjVorlage="1997-04-15 00:00:00.0" ObKeinKontakt="4" ObjArtID="5" Merkmal="0.0"/>
  <Objekte ObjID="2697" ObjAufnahme="1997-03-21" ObjLetztKontakt="1997-03-21" ObjStrasseID="7893" ObjHausnummer="Ricklinger Straße 136" ObjVorlage="1997-04-15 00:00:00.0" ObKeinKontakt="4" ObjArtID="5" Merkmal="0.0"/>
  <Objekte ObjID="2698" ObjAufnahme="1997-03-21" ObjLetztKontakt="1997-03-21" ObjStrasseID="7893" ObjHausnummer="Ricklinger Straße 134" ObjVorlage="1997-04-15 00:00:00.0" ObKeinKontakt="4" ObjArtID="5" Merkmal="0.0"/>
  <Objekte ObjID="2699" ObjAufnahme="1997-03-21" ObjLetztKontakt="1997-03-21" ObjStrasseID="7893" ObjHausnummer="Ricklinger Straße 130" ObjVorlage="1997-04-15 00:00:00.0" ObKeinKontakt="4" ObjArtID="5" Merkmal="0.0"/>
  <Objekte ObjID="2700" ObjAufnahme="1997-03-21" ObjLetztKontakt="1997-03-21" ObjStrasseID="7893" ObjHausnummer="Ricklinger Straße 132" ObjVorlage="1997-04-15 00:00:00.0" ObKeinKontakt="4" ObjArtID="5" Merkmal="0.0"/>
  <Objekte ObjID="2701" ObjAufnahme="1997-03-21" ObjLetztKontakt="1997-03-21" ObjStrasseID="7771" ObjHausnummer="Pfarrlandplatz 1" ObjVorlage="1997-04-15 00:00:00.0" ObKeinKontakt="4" ObjArtID="5" Merkmal="0.0" ObjInfo="16 WE2L1910198+292,94"/>
  <Objekte ObjID="2702" ObjAufnahme="1997-03-21" ObjLetztKontakt="1997-03-21" ObjStrasseID="7771" ObjHausnummer="Pfarrlandplatz 2" ObjVorlage="1997-04-15 00:00:00.0" ObKeinKontakt="4" ObjArtID="5" Merkmal="0.0" ObjInfo="Käte Bonin"/>
  <Objekte ObjID="2703" ObjAufnahme="1997-03-21" ObjLetztKontakt="1997-03-21" ObjStrasseID="7771" ObjHausnummer="Pfarrlandplatz 3" ObjVorlage="1997-04-15 00:00:00.0" ObKeinKontakt="4" ObjArtID="5" Merkmal="0.0" ObjInfo="Erbengemeinschaft Bornmüller"/>
  <Objekte ObjID="2704" ObjAufnahme="1997-03-21" ObjLetztKontakt="1997-03-21" ObjStrasseID="7771" ObjHausnummer="Pfarrlandplatz 4" ObjVorlage="1997-04-15 00:00:00.0" ObKeinKontakt="4" ObjArtID="1" Merkmal="0.0" ObjInfo="f.Hahn, Am Winkelberge 16, Garbsen"/>
  <Objekte ObjID="2705" ObjAufnahme="1997-03-21" ObjLetztKontakt="1997-03-21" ObjStrasseID="7771" ObjHausnummer="Pfarrlandplatz 5" ObjVorlage="1997-04-15 00:00:00.0" ObKeinKontakt="4" ObjArtID="5" Merkmal="0.0" ObjInfo="E.Nölke"/>
  <Objekte ObjID="2706" ObjAufnahme="1997-03-21" ObjLetztKontakt="1997-03-21" ObjStrasseID="7771" ObjHausnummer="Pfarrlandplatz 6" ObjVorlage="1997-04-15 00:00:00.0" ObKeinKontakt="4" ObjArtID="5" Merkmal="0.0" ObjInfo="J.Böttcher, Hemmingen-westerfeld, Siecum 10"/>
  <Objekte ObjID="2707" ObjAufnahme="1997-03-21" ObjLetztKontakt="1997-03-21" ObjStrasseID="7771" ObjHausnummer="Pfarrlandplatz 7" ObjVorlage="1997-04-15 00:00:00.0" ObKeinKontakt="4" ObjArtID="5" Merkmal="0.0" ObjInfo="Jürgen Gaedecke, Haltenhoffstraße 34"/>
  <Objekte ObjID="2708" ObjAufnahme="1997-03-21" ObjLetztKontakt="1997-03-21" ObjStrasseID="7771" ObjHausnummer="Pfarrlandplatz 8" ObjVorlage="1997-04-15 00:00:00.0" ObKeinKontakt="4" ObjArtID="5" Merkmal="0.0" ObjInfo="W. Gimpel, Ahlem"/>
  <Objekte ObjID="2709" ObjAufnahme="1997-03-21" ObjLetztKontakt="1997-03-21" ObjStrasseID="7771" ObjHausnummer="Pfarrlandplatz 9" ObjVorlage="1997-04-15 00:00:00.0" ObKeinKontakt="4" ObjArtID="251" Merkmal="0.0" ObjInfo="G.Bicker, Schötmar-Lippe, Vehrlingerstraße 3"/>
  <Objekte ObjID="2710" ObjAufnahme="1997-03-21" ObjLetztKontakt="2003-06-25" ObjStrasseID="7771" ObjHausnummer="Pfarrlandplatz 10" ObjVorlage="1997-04-15 00:00:00.0" ObKeinKontakt="5" ObjArtID="98" Merkmal="0.0"/>
  <Objekte ObjID="2711" ObjAufnahme="1997-03-21" ObjLetztKontakt="1997-03-21" ObjStrasseID="8440" ObjHausnummer="Ungerstraße 30" ObjVorlage="1997-04-15 00:00:00.0" ObKeinKontakt="4" ObjArtID="5" Merkmal="0.0"/>
  <Objekte ObjID="2713" ObjAufnahme="1997-03-21" ObjLetztKontakt="1997-03-21" ObjStrasseID="8440" ObjHausnummer="Ungerstraße 24" ObjVorlage="1997-04-15 00:00:00.0" ObKeinKontakt="4" ObjArtID="5" Merkmal="0.0"/>
  <Objekte ObjID="2714" ObjAufnahme="1997-03-21" ObjLetztKontakt="1997-03-21" ObjStrasseID="8440" ObjHausnummer="Ungerstraße 22" ObjVorlage="1997-04-15 00:00:00.0" ObKeinKontakt="4" ObjArtID="5" Merkmal="0.0"/>
  <Objekte ObjID="2715" ObjAufnahme="1997-03-21" ObjLetztKontakt="1997-03-21" ObjStrasseID="8440" ObjHausnummer="Ungerstraße 18" ObjVorlage="1997-04-15 00:00:00.0" ObKeinKontakt="4" ObjArtID="5" Merkmal="0.0"/>
  <Objekte ObjID="2717" ObjAufnahme="1997-03-21" ObjLetztKontakt="1997-03-21" ObjStrasseID="8440" ObjHausnummer="Ungerstraße 16" ObjVorlage="1997-04-15 00:00:00.0" ObKeinKontakt="4" ObjArtID="5" Merkmal="0.0"/>
  <Objekte ObjID="2718" ObjAufnahme="1997-03-21" ObjLetztKontakt="1997-03-21" ObjStrasseID="8440" ObjHausnummer="Ungerstraße 14" ObjVorlage="1997-04-15 00:00:00.0" ObKeinKontakt="4" ObjArtID="5" Merkmal="0.0"/>
  <Objekte ObjID="2720" ObjAufnahme="1997-03-21" ObjLetztKontakt="1997-03-21" ObjStrasseID="8440" ObjHausnummer="Ungerstraße 4" ObjVorlage="1997-04-15 00:00:00.0" ObKeinKontakt="4" ObjArtID="5" Merkmal="0.0"/>
  <Objekte ObjID="2721" ObjAufnahme="1997-03-21" ObjLetztKontakt="1997-03-21" ObjStrasseID="8440" ObjHausnummer="Ungerstraße 2" ObjVorlage="1997-04-15 00:00:00.0" ObKeinKontakt="4" ObjArtID="5" Merkmal="0.0"/>
  <Objekte ObjID="2734" ObjAufnahme="1997-03-21" ObjLetztKontakt="1997-03-21" ObjStrasseID="7708" ObjHausnummer="Ostwender Straße 8C" ObjVorlage="1997-04-15 00:00:00.0" ObKeinKontakt="4" ObjArtID="5" Merkmal="0.0"/>
  <Objekte ObjID="2735" ObjAufnahme="1997-03-21" ObjLetztKontakt="1997-03-21" ObjStrasseID="7708" ObjHausnummer="Ostwender Straße 9" ObjVorlage="1997-04-15 00:00:00.0" ObKeinKontakt="4" ObjArtID="5" Merkmal="0.0"/>
  <Objekte ObjID="2736" ObjAufnahme="1997-03-21" ObjLetztKontakt="1997-03-21" ObjStrasseID="7708" ObjHausnummer="Ostwender Straße 10" ObjVorlage="1997-04-15 00:00:00.0" ObKeinKontakt="4" ObjArtID="5" Merkmal="0.0"/>
  <Objekte ObjID="2737" ObjAufnahme="1997-03-21" ObjLetztKontakt="1997-03-21" ObjStrasseID="7708" ObjHausnummer="Ostwender Straße 11" ObjVorlage="1997-04-15 00:00:00.0" ObKeinKontakt="4" ObjArtID="5" Merkmal="0.0"/>
  <Objekte ObjID="2738" ObjAufnahme="1997-03-21" ObjLetztKontakt="1997-03-21" ObjStrasseID="7708" ObjHausnummer="Ostwender Straße 11A" ObjVorlage="1997-04-15 00:00:00.0" ObKeinKontakt="4" ObjArtID="5" Merkmal="0.0"/>
  <Objekte ObjID="2739" ObjAufnahme="1997-03-21" ObjLetztKontakt="1997-03-21" ObjStrasseID="7708" ObjHausnummer="Ostwender Straße 12" ObjVorlage="1997-04-15 00:00:00.0" ObKeinKontakt="4" ObjArtID="140" Merkmal="0.0"/>
  <Objekte ObjID="2740" ObjAufnahme="1997-03-21" ObjLetztKontakt="1997-03-21" ObjStrasseID="7708" ObjHausnummer="Ostwender Straße 2" ObjVorlage="1997-04-15 00:00:00.0" ObKeinKontakt="4" ObjArtID="5" Merkmal="0.0" ObjInfo="Rosemarie Breithor, Arnum und R. Lippelt"/>
  <Objekte ObjID="2742" ObjAufnahme="1997-03-21" ObjLetztKontakt="1997-03-21" ObjStrasseID="7708" ObjHausnummer="Ostwender Straße 3" ObjVorlage="1997-04-15 00:00:00.0" ObKeinKontakt="4" ObjArtID="177" Merkmal="0.0"/>
  <Objekte ObjID="2743" ObjAufnahme="1997-03-21" ObjLetztKontakt="1997-03-21" ObjStrasseID="7708" ObjHausnummer="Ostwender Straße 3A" ObjVorlage="1997-04-15 00:00:00.0" ObKeinKontakt="4" ObjArtID="5" Merkmal="0.0"/>
  <Objekte ObjID="2744" ObjAufnahme="1997-03-21" ObjLetztKontakt="1997-03-21" ObjStrasseID="7708" ObjHausnummer="Ostwender Straße 3B" ObjVorlage="1997-04-15 00:00:00.0" ObKeinKontakt="4" ObjArtID="5" Merkmal="0.0"/>
  <Objekte ObjID="2745" ObjAufnahme="1997-03-21" ObjLetztKontakt="1997-03-21" ObjStrasseID="7708" ObjHausnummer="Ostwender Straße 4" ObjVorlage="1997-04-15 00:00:00.0" ObKeinKontakt="4" ObjArtID="5" Merkmal="0.0"/>
  <Objekte ObjID="2746" ObjAufnahme="1997-03-21" ObjLetztKontakt="1997-03-21" ObjStrasseID="7708" ObjHausnummer="Ostwender Straße 5" ObjVorlage="1997-04-15 00:00:00.0" ObKeinKontakt="4" ObjArtID="5" Merkmal="0.0"/>
  <Objekte ObjID="2747" ObjAufnahme="1997-03-21" ObjLetztKontakt="1997-03-21" ObjStrasseID="7708" ObjHausnummer="Ostwender Straße 6" ObjVorlage="1997-04-15 00:00:00.0" ObKeinKontakt="4" ObjArtID="5" Merkmal="0.0"/>
  <Objekte ObjID="2748" ObjAufnahme="1997-03-21" ObjLetztKontakt="1997-03-21" ObjStrasseID="7708" ObjHausnummer="Ostwender Straße 7" ObjVorlage="1997-04-15 00:00:00.0" ObKeinKontakt="4" ObjArtID="5" Merkmal="0.0"/>
  <Objekte ObjID="2749" ObjAufnahme="1997-03-21" ObjLetztKontakt="1997-03-21" ObjStrasseID="7708" ObjHausnummer="Ostwender Straße 8" ObjVorlage="1997-04-15 00:00:00.0" ObKeinKontakt="4" ObjArtID="96" Merkmal="0.0"/>
  <Objekte ObjID="2750" ObjAufnahme="1997-03-21" ObjLetztKontakt="1997-03-21" ObjStrasseID="7708" ObjHausnummer="Ostwender Straße 8A" ObjVorlage="1997-04-22 00:00:00.0" ObKeinKontakt="2" ObjArtID="5" Merkmal="0.0"/>
  <Objekte ObjID="2751" ObjAufnahme="1997-03-21" ObjLetztKontakt="1997-03-21" ObjStrasseID="7708" ObjHausnummer="Ostwender Straße 7A" ObjVorlage="1997-04-15 00:00:00.0" ObKeinKontakt="4" ObjArtID="5" Merkmal="0.0"/>
  <Objekte ObjID="2752" ObjAufnahme="1997-03-21" ObjLetztKontakt="1997-03-21" ObjStrasseID="6490" ObjHausnummer="Friesenstraße 15" ObjVorlage="1997-04-15 00:00:00.0" ObKeinKontakt="4" ObjArtID="201" Merkmal="0.0"/>
  <Objekte ObjID="2753" ObjAufnahme="1997-03-21" ObjLetztKontakt="1997-03-21" ObjStrasseID="6490" ObjHausnummer="Friesenstraße 16" ObjVorlage="1997-04-15 00:00:00.0" ObKeinKontakt="4" ObjArtID="5" Merkmal="0.0"/>
  <Objekte ObjID="2754" ObjAufnahme="1997-03-21" ObjLetztKontakt="1997-03-21" ObjStrasseID="6490" ObjHausnummer="Friesenstraße 18" ObjVorlage="1997-04-15 00:00:00.0" ObKeinKontakt="4" ObjArtID="5" Merkmal="0.0"/>
  <Objekte ObjID="2755" ObjAufnahme="1997-03-21" ObjLetztKontakt="1997-03-21" ObjStrasseID="6490" ObjHausnummer="Friesenstraße 17" ObjVorlage="1997-04-15 00:00:00.0" ObKeinKontakt="4" ObjArtID="5" Merkmal="0.0"/>
  <Objekte ObjID="2756" ObjAufnahme="1997-03-21" ObjLetztKontakt="1997-03-21" ObjStrasseID="6490" ObjHausnummer="Friesenstraße 19" ObjVorlage="1997-04-15 00:00:00.0" ObKeinKontakt="4" ObjArtID="5" Merkmal="0.0"/>
  <Objekte ObjID="2757" ObjAufnahme="1997-03-21" ObjLetztKontakt="1997-03-21" ObjStrasseID="6490" ObjHausnummer="Friesenstraße 21" ObjVorlage="1997-04-15 00:00:00.0" ObKeinKontakt="4" ObjArtID="5" Merkmal="0.0"/>
  <Objekte ObjID="2758" ObjAufnahme="1997-03-21" ObjLetztKontakt="1997-03-21" ObjStrasseID="6490" ObjHausnummer="Friesenstraße 22" ObjVorlage="1997-04-15 00:00:00.0" ObKeinKontakt="4" ObjArtID="5" Merkmal="0.0"/>
  <Objekte ObjID="2759" ObjAufnahme="1997-03-21" ObjLetztKontakt="2013-03-22" ObjStrasseID="6490" ObjHausnummer="Friesenstraße 23" ObjVorlage="2013-04-15 00:00:00.0" ObKeinKontakt="3" ObjArtID="5" Merkmal="0.0"/>
  <Objekte ObjID="2760" ObjAufnahme="1997-03-21" ObjLetztKontakt="1997-03-21" ObjStrasseID="6490" ObjHausnummer="Friesenstraße 23A" ObjVorlage="1997-04-15 00:00:00.0" ObKeinKontakt="4" ObjArtID="5" Merkmal="0.0"/>
  <Objekte ObjID="2762" ObjAufnahme="1997-03-21" ObjLetztKontakt="1997-03-21" ObjStrasseID="6490" ObjHausnummer="Friesenstraße 24" ObjVorlage="1997-04-15 00:00:00.0" ObKeinKontakt="4" ObjArtID="5" Merkmal="0.0"/>
  <Objekte ObjID="2763" ObjAufnahme="1997-03-21" ObjLetztKontakt="1997-03-21" ObjStrasseID="6490" ObjHausnummer="Friesenstraße 25" ObjVorlage="1997-04-15 00:00:00.0" ObKeinKontakt="4" ObjArtID="5" Merkmal="0.0"/>
  <Objekte ObjID="2764" ObjAufnahme="1997-03-21" ObjLetztKontakt="1997-03-21" ObjStrasseID="6490" ObjHausnummer="Friesenstraße 26" ObjVorlage="1997-04-15 00:00:00.0" ObKeinKontakt="4" ObjArtID="5" Merkmal="0.0"/>
  <Objekte ObjID="2765" ObjAufnahme="1997-03-21" ObjLetztKontakt="1997-03-21" ObjStrasseID="6490" ObjHausnummer="Friesenstraße 27" ObjVorlage="1997-04-15 00:00:00.0" ObKeinKontakt="4" ObjArtID="5" Merkmal="0.0"/>
  <Objekte ObjID="2766" ObjAufnahme="1997-03-21" ObjLetztKontakt="1997-03-21" ObjStrasseID="6490" ObjHausnummer="Friesenstraße 27A" ObjVorlage="1997-04-15 00:00:00.0" ObKeinKontakt="4" ObjArtID="5" Merkmal="0.0"/>
  <Objekte ObjID="2767" ObjAufnahme="1997-03-21" ObjLetztKontakt="1997-03-21" ObjStrasseID="6490" ObjHausnummer="Friesenstraße 28" ObjVorlage="1997-04-15 00:00:00.0" ObKeinKontakt="4" ObjArtID="5" Merkmal="0.0"/>
  <Objekte ObjID="2768" ObjAufnahme="1997-03-21" ObjLetztKontakt="1997-03-21" ObjStrasseID="6490" ObjHausnummer="Friesenstraße 29" ObjVorlage="1997-04-15 00:00:00.0" ObKeinKontakt="4" ObjArtID="5" Merkmal="0.0"/>
  <Objekte ObjID="2769" ObjAufnahme="1997-03-21" ObjLetztKontakt="1997-03-21" ObjStrasseID="6490" ObjHausnummer="Friesenstraße 31" ObjVorlage="1997-04-15 00:00:00.0" ObKeinKontakt="4" ObjArtID="5" Merkmal="0.0"/>
  <Objekte ObjID="2770" ObjAufnahme="1997-03-21" ObjLetztKontakt="1997-03-21" ObjStrasseID="6490" ObjHausnummer="Friesenstraße 33" ObjVorlage="1997-04-15 00:00:00.0" ObKeinKontakt="4" ObjArtID="5" Merkmal="0.0"/>
  <Objekte ObjID="2771" ObjAufnahme="1997-03-21" ObjLetztKontakt="1997-03-21" ObjStrasseID="6490" ObjHausnummer="Friesenstraße 34" ObjVorlage="1997-04-15 00:00:00.0" ObKeinKontakt="4" ObjArtID="5" Merkmal="0.0"/>
  <Objekte ObjID="2772" ObjAufnahme="1997-03-21" ObjLetztKontakt="1997-03-21" ObjStrasseID="6490" ObjHausnummer="Friesenstraße 35" ObjVorlage="1997-04-15 00:00:00.0" ObKeinKontakt="4" ObjArtID="5" Merkmal="0.0"/>
  <Objekte ObjID="2773" ObjAufnahme="1997-03-21" ObjLetztKontakt="1997-03-21" ObjStrasseID="6490" ObjHausnummer="Friesenstraße 36" ObjVorlage="1997-04-15 00:00:00.0" ObKeinKontakt="4" ObjArtID="5" Merkmal="0.0"/>
  <Objekte ObjID="2774" ObjAufnahme="1997-03-21" ObjLetztKontakt="1997-03-21" ObjStrasseID="6490" ObjHausnummer="Friesenstraße 37" ObjVorlage="1997-04-15 00:00:00.0" ObKeinKontakt="4" ObjArtID="5" Merkmal="0.0"/>
  <Objekte ObjID="2775" ObjAufnahme="1997-03-21" ObjLetztKontakt="1997-03-21" ObjStrasseID="6490" ObjHausnummer="Friesenstraße 38" ObjVorlage="1997-04-15 00:00:00.0" ObKeinKontakt="4" ObjArtID="5" Merkmal="0.0"/>
  <Objekte ObjID="2776" ObjAufnahme="1997-03-21" ObjLetztKontakt="1997-03-21" ObjStrasseID="6490" ObjHausnummer="Friesenstraße 39" ObjVorlage="1997-04-15 00:00:00.0" ObKeinKontakt="4" ObjArtID="5" Merkmal="0.0"/>
  <Objekte ObjID="2777" ObjAufnahme="1997-03-21" ObjLetztKontakt="1997-03-21" ObjStrasseID="6490" ObjHausnummer="Friesenstraße 43" ObjVorlage="1997-04-15 00:00:00.0" ObKeinKontakt="4" ObjArtID="5" Merkmal="0.0"/>
  <Objekte ObjID="2778" ObjAufnahme="1997-03-21" ObjLetztKontakt="1997-03-21" ObjStrasseID="6490" ObjHausnummer="Friesenstraße 44" ObjVorlage="1997-04-15 00:00:00.0" ObKeinKontakt="4" ObjArtID="5" Merkmal="0.0"/>
  <Objekte ObjID="2779" ObjAufnahme="1997-03-21" ObjLetztKontakt="1997-03-21" ObjStrasseID="6490" ObjHausnummer="Friesenstraße 45" ObjVorlage="1997-04-15 00:00:00.0" ObKeinKontakt="4" ObjArtID="5" Merkmal="0.0"/>
  <Objekte ObjID="2780" ObjAufnahme="1997-03-21" ObjLetztKontakt="1997-03-21" ObjStrasseID="6490" ObjHausnummer="Friesenstraße 46" ObjVorlage="1997-04-15 00:00:00.0" ObKeinKontakt="4" ObjArtID="117" Merkmal="0.0" ObjInfo="13750\Blk."/>
  <Objekte ObjID="2781" ObjAufnahme="1997-03-21" ObjLetztKontakt="1997-03-21" ObjStrasseID="6490" ObjHausnummer="Friesenstraße 47" ObjVorlage="1997-04-15 00:00:00.0" ObKeinKontakt="4" ObjArtID="5" Merkmal="0.0"/>
  <Objekte ObjID="2782" ObjAufnahme="1997-03-21" ObjLetztKontakt="1997-03-21" ObjStrasseID="7388" ObjHausnummer="Limmerstraße 69" ObjVorlage="1997-04-15 00:00:00.0" ObKeinKontakt="4" ObjArtID="5" Merkmal="0.0"/>
  <Objekte ObjID="2783" ObjAufnahme="1997-03-21" ObjLetztKontakt="1997-03-21" ObjStrasseID="7388" ObjHausnummer="Limmerstraße 67A" ObjVorlage="1997-04-15 00:00:00.0" ObKeinKontakt="4" ObjArtID="5" Merkmal="0.0"/>
  <Objekte ObjID="2784" ObjAufnahme="1997-03-21" ObjLetztKontakt="1997-03-21" ObjStrasseID="7388" ObjHausnummer="Limmerstraße 65" ObjVorlage="1997-04-15 00:00:00.0" ObKeinKontakt="4" ObjArtID="5" Merkmal="0.0"/>
  <Objekte ObjID="2785" ObjAufnahme="1997-03-21" ObjLetztKontakt="1997-03-21" ObjStrasseID="7388" ObjHausnummer="Limmerstraße 63" ObjVorlage="1997-04-15 00:00:00.0" ObKeinKontakt="4" ObjArtID="5" Merkmal="0.0"/>
  <Objekte ObjID="2786" ObjAufnahme="1997-03-21" ObjLetztKontakt="1997-03-21" ObjStrasseID="7388" ObjHausnummer="Limmerstraße 61" ObjVorlage="1997-04-15 00:00:00.0" ObKeinKontakt="4" ObjArtID="5" Merkmal="0.0"/>
  <Objekte ObjID="2787" ObjAufnahme="1997-03-21" ObjLetztKontakt="1997-03-21" ObjStrasseID="7388" ObjHausnummer="Limmerstraße 59" ObjVorlage="1997-04-15 00:00:00.0" ObKeinKontakt="4" ObjArtID="5" Merkmal="0.0"/>
  <Objekte ObjID="2788" ObjAufnahme="1997-03-21" ObjLetztKontakt="1997-03-21" ObjStrasseID="7388" ObjHausnummer="Limmerstraße 57" ObjVorlage="1997-04-15 00:00:00.0" ObKeinKontakt="4" ObjArtID="5" Merkmal="0.0"/>
  <Objekte ObjID="2789" ObjAufnahme="1997-03-21" ObjLetztKontakt="1997-03-21" ObjStrasseID="7388" ObjHausnummer="Limmerstraße 55" ObjVorlage="1997-04-15 00:00:00.0" ObKeinKontakt="4" ObjArtID="5" Merkmal="0.0"/>
  <Objekte ObjID="2790" ObjAufnahme="1997-03-21" ObjLetztKontakt="1997-03-21" ObjStrasseID="7388" ObjHausnummer="Limmerstraße 53" ObjVorlage="1997-04-15 00:00:00.0" ObKeinKontakt="4" ObjArtID="5" Merkmal="0.0"/>
  <Objekte ObjID="2791" ObjAufnahme="1997-03-21" ObjLetztKontakt="1997-03-21" ObjStrasseID="7388" ObjHausnummer="Limmerstraße 49" ObjVorlage="1997-04-15 00:00:00.0" ObKeinKontakt="4" ObjArtID="5" Merkmal="0.0"/>
  <Objekte ObjID="2792" ObjAufnahme="1997-03-21" ObjLetztKontakt="1997-03-21" ObjStrasseID="7388" ObjHausnummer="Limmerstraße 51" ObjVorlage="1997-04-15 00:00:00.0" ObKeinKontakt="4" ObjArtID="5" Merkmal="0.0"/>
  <Objekte ObjID="2793" ObjAufnahme="1997-03-21" ObjLetztKontakt="1997-03-21" ObjStrasseID="7388" ObjHausnummer="Limmerstraße 47" ObjVorlage="1997-04-15 00:00:00.0" ObKeinKontakt="4" ObjArtID="5" Merkmal="0.0"/>
  <Objekte ObjID="2795" ObjAufnahme="1997-03-21" ObjLetztKontakt="1997-03-21" ObjStrasseID="7388" ObjHausnummer="Limmerstraße 43" ObjVorlage="1997-04-15 00:00:00.0" ObKeinKontakt="4" ObjArtID="5" Merkmal="0.0"/>
  <Objekte ObjID="2796" ObjAufnahme="1997-03-21" ObjLetztKontakt="1997-03-21" ObjStrasseID="7388" ObjHausnummer="Limmerstraße 41" ObjVorlage="1997-04-15 00:00:00.0" ObKeinKontakt="4" ObjArtID="36" Merkmal="0.0"/>
  <Objekte ObjID="2797" ObjAufnahme="1997-03-21" ObjLetztKontakt="1997-03-21" ObjStrasseID="7388" ObjHausnummer="Limmerstraße 39" ObjVorlage="1997-04-15 00:00:00.0" ObKeinKontakt="4" ObjArtID="5" Merkmal="0.0"/>
  <Objekte ObjID="2798" ObjAufnahme="1997-03-21" ObjLetztKontakt="1997-03-21" ObjStrasseID="7388" ObjHausnummer="Limmerstraße 37" ObjVorlage="1997-04-15 00:00:00.0" ObKeinKontakt="4" ObjArtID="5" Merkmal="0.0"/>
  <Objekte ObjID="2799" ObjAufnahme="1997-03-21" ObjLetztKontakt="1997-03-21" ObjStrasseID="7388" ObjHausnummer="Limmerstraße 35" ObjVorlage="1997-04-15 00:00:00.0" ObKeinKontakt="4" ObjArtID="5" Merkmal="0.0"/>
  <Objekte ObjID="2800" ObjAufnahme="1997-03-21" ObjLetztKontakt="1997-03-21" ObjStrasseID="7388" ObjHausnummer="Limmerstraße 33" ObjVorlage="1997-04-15 00:00:00.0" ObKeinKontakt="4" ObjArtID="5" Merkmal="0.0"/>
  <Objekte ObjID="2801" ObjAufnahme="1997-03-21" ObjLetztKontakt="1997-03-21" ObjStrasseID="7388" ObjHausnummer="Limmerstraße 29" ObjVorlage="1997-04-15 00:00:00.0" ObKeinKontakt="4" ObjArtID="5" Merkmal="0.0"/>
  <Objekte ObjID="2802" ObjAufnahme="1997-03-21" ObjLetztKontakt="1997-03-21" ObjStrasseID="7388" ObjHausnummer="Limmerstraße 27" ObjVorlage="1997-04-15 00:00:00.0" ObKeinKontakt="4" ObjArtID="5" Merkmal="0.0"/>
  <Objekte ObjID="2803" ObjAufnahme="1997-03-21" ObjLetztKontakt="1997-03-21" ObjStrasseID="7388" ObjHausnummer="Limmerstraße 25" ObjVorlage="1997-04-15 00:00:00.0" ObKeinKontakt="4" ObjArtID="5" Merkmal="0.0"/>
  <Objekte ObjID="2804" ObjAufnahme="1997-03-21" ObjLetztKontakt="1997-03-21" ObjStrasseID="7388" ObjHausnummer="Limmerstraße 23" ObjVorlage="1997-04-15 00:00:00.0" ObKeinKontakt="4" ObjArtID="5" Merkmal="0.0"/>
  <Objekte ObjID="2805" ObjAufnahme="1997-03-21" ObjLetztKontakt="1997-03-21" ObjStrasseID="7388" ObjHausnummer="Limmerstraße 17" ObjVorlage="1997-04-15 00:00:00.0" ObKeinKontakt="4" ObjArtID="165" Merkmal="0.0"/>
  <Objekte ObjID="2806" ObjAufnahme="1997-03-21" ObjLetztKontakt="1997-03-21" ObjStrasseID="7388" ObjHausnummer="Limmerstraße 15" ObjVorlage="1997-04-15 00:00:00.0" ObKeinKontakt="4" ObjArtID="254" Merkmal="0.0"/>
  <Objekte ObjID="2807" ObjAufnahme="1997-03-21" ObjLetztKontakt="1997-03-21" ObjStrasseID="7388" ObjHausnummer="Limmerstraße 13" ObjVorlage="1997-04-15 00:00:00.0" ObKeinKontakt="4" ObjArtID="5" Merkmal="0.0"/>
  <Objekte ObjID="2808" ObjAufnahme="1997-03-21" ObjLetztKontakt="1997-03-21" ObjStrasseID="7388" ObjHausnummer="Limmerstraße 11" ObjVorlage="1997-04-15 00:00:00.0" ObKeinKontakt="5" ObjArtID="5" Merkmal="0.0" ObjInfo="10WE2L19101562,2"/>
  <Objekte ObjID="2809" ObjAufnahme="1997-03-21" ObjLetztKontakt="1997-03-21" ObjStrasseID="7388" ObjHausnummer="Limmerstraße 9" ObjVorlage="1997-04-15 00:00:00.0" ObKeinKontakt="4" ObjArtID="5" Merkmal="0.0"/>
  <Objekte ObjID="2810" ObjAufnahme="1997-03-21" ObjLetztKontakt="1997-03-21" ObjStrasseID="7388" ObjHausnummer="Limmerstraße 7" ObjVorlage="1997-04-15 00:00:00.0" ObKeinKontakt="4" ObjArtID="5" Merkmal="0.0"/>
  <Objekte ObjID="2811" ObjAufnahme="1997-03-21" ObjLetztKontakt="1997-03-21" ObjStrasseID="7388" ObjHausnummer="Limmerstraße 35" ObjVorlage="1997-04-15 00:00:00.0" ObKeinKontakt="4" ObjArtID="5" Merkmal="0.0"/>
  <Objekte ObjID="2812" ObjAufnahme="1997-03-21" ObjLetztKontakt="1997-03-21" ObjStrasseID="7388" ObjHausnummer="Limmerstraße 105" ObjVorlage="1997-04-15 00:00:00.0" ObKeinKontakt="4" ObjArtID="5" Merkmal="0.0"/>
  <Objekte ObjID="2813" ObjAufnahme="1997-03-21" ObjLetztKontakt="1997-03-21" ObjStrasseID="7388" ObjHausnummer="Limmerstraße 103" ObjVorlage="1997-04-15 00:00:00.0" ObKeinKontakt="4" ObjArtID="5" Merkmal="0.0"/>
  <Objekte ObjID="2814" ObjAufnahme="1997-03-21" ObjLetztKontakt="1997-03-21" ObjStrasseID="7388" ObjHausnummer="Limmerstraße 101" ObjVorlage="1997-04-15 00:00:00.0" ObKeinKontakt="4" ObjArtID="5" Merkmal="0.0"/>
  <Objekte ObjID="2815" ObjAufnahme="1997-03-21" ObjLetztKontakt="1997-03-21" ObjStrasseID="7388" ObjHausnummer="Limmerstraße 99" ObjVorlage="1997-04-15 00:00:00.0" ObKeinKontakt="4" ObjArtID="5" Merkmal="0.0"/>
  <Objekte ObjID="2817" ObjAufnahme="1997-03-21" ObjLetztKontakt="1997-03-21" ObjStrasseID="7388" ObjHausnummer="Limmerstraße 95" ObjVorlage="1997-04-15 00:00:00.0" ObKeinKontakt="4" ObjArtID="5" Merkmal="0.0"/>
  <Objekte ObjID="2818" ObjAufnahme="1997-03-21" ObjLetztKontakt="1997-03-21" ObjStrasseID="7388" ObjHausnummer="Limmerstraße 97" ObjVorlage="1997-04-15 00:00:00.0" ObKeinKontakt="4" ObjArtID="5" Merkmal="0.0"/>
  <Objekte ObjID="2819" ObjAufnahme="1997-03-21" ObjLetztKontakt="1997-03-21" ObjStrasseID="7388" ObjHausnummer="Limmerstraße 93" ObjVorlage="1997-04-15 00:00:00.0" ObKeinKontakt="4" ObjArtID="5" Merkmal="0.0"/>
  <Objekte ObjID="2820" ObjAufnahme="1997-03-21" ObjLetztKontakt="1997-03-21" ObjStrasseID="7388" ObjHausnummer="Limmerstraße 89" ObjVorlage="1997-04-15 00:00:00.0" ObKeinKontakt="4" ObjArtID="5" Merkmal="0.0"/>
  <Objekte ObjID="2821" ObjAufnahme="1997-03-21" ObjLetztKontakt="1997-03-21" ObjStrasseID="7388" ObjHausnummer="Limmerstraße 91" ObjVorlage="1997-04-15 00:00:00.0" ObKeinKontakt="4" ObjArtID="5" Merkmal="0.0"/>
  <Objekte ObjID="2822" ObjAufnahme="1997-03-21" ObjLetztKontakt="1997-03-21" ObjStrasseID="7388" ObjHausnummer="Limmerstraße 87" ObjVorlage="1997-04-15 00:00:00.0" ObKeinKontakt="4" ObjArtID="5" Merkmal="0.0"/>
  <Objekte ObjID="2823" ObjAufnahme="1997-03-21" ObjLetztKontakt="1997-03-21" ObjStrasseID="7388" ObjHausnummer="Limmerstraße 85" ObjVorlage="1997-04-15 00:00:00.0" ObKeinKontakt="4" ObjArtID="5" Merkmal="0.0"/>
  <Objekte ObjID="2824" ObjAufnahme="1997-03-21" ObjLetztKontakt="1997-03-21" ObjStrasseID="7388" ObjHausnummer="Limmerstraße 83" ObjVorlage="1997-04-15 00:00:00.0" ObKeinKontakt="4" ObjArtID="5" Merkmal="0.0"/>
  <Objekte ObjID="2825" ObjAufnahme="1997-03-21" ObjLetztKontakt="1997-03-21" ObjStrasseID="7388" ObjHausnummer="Limmerstraße 81" ObjVorlage="1997-04-15 00:00:00.0" ObKeinKontakt="4" ObjArtID="5" Merkmal="0.0"/>
  <Objekte ObjID="2826" ObjAufnahme="1997-03-21" ObjLetztKontakt="1997-03-21" ObjStrasseID="7388" ObjHausnummer="Limmerstraße 79" ObjVorlage="1997-04-15 00:00:00.0" ObKeinKontakt="4" ObjArtID="5" Merkmal="0.0"/>
  <Objekte ObjID="2827" ObjAufnahme="1997-03-21" ObjLetztKontakt="1997-03-21" ObjStrasseID="7388" ObjHausnummer="Limmerstraße 77" ObjVorlage="1997-04-15 00:00:00.0" ObKeinKontakt="4" ObjArtID="5" Merkmal="0.0"/>
  <Objekte ObjID="2828" ObjAufnahme="1997-03-21" ObjLetztKontakt="1997-03-21" ObjStrasseID="7388" ObjHausnummer="Limmerstraße 75" ObjVorlage="1997-04-15 00:00:00.0" ObKeinKontakt="4" ObjArtID="5" Merkmal="0.0"/>
  <Objekte ObjID="2829" ObjAufnahme="1997-03-21" ObjLetztKontakt="1997-03-21" ObjStrasseID="7388" ObjHausnummer="Limmerstraße 73" ObjVorlage="1997-04-15 00:00:00.0" ObKeinKontakt="4" ObjArtID="5" Merkmal="0.0"/>
  <Objekte ObjID="2830" ObjAufnahme="1997-03-21" ObjLetztKontakt="1997-03-21" ObjStrasseID="7388" ObjHausnummer="Limmerstraße 56" ObjVorlage="1997-04-15 00:00:00.0" ObKeinKontakt="4" ObjArtID="5" Merkmal="0.0"/>
  <Objekte ObjID="2831" ObjAufnahme="1997-03-21" ObjLetztKontakt="1997-03-21" ObjStrasseID="7388" ObjHausnummer="Limmerstraße 58" ObjVorlage="1997-04-15 00:00:00.0" ObKeinKontakt="4" ObjArtID="5" Merkmal="0.0"/>
  <Objekte ObjID="2832" ObjAufnahme="1997-03-21" ObjLetztKontakt="1997-03-21" ObjStrasseID="7388" ObjHausnummer="Limmerstraße 60" ObjVorlage="1997-04-15 00:00:00.0" ObKeinKontakt="4" ObjArtID="5" Merkmal="0.0"/>
  <Objekte ObjID="2833" ObjAufnahme="1997-03-21" ObjLetztKontakt="1997-03-21" ObjStrasseID="7388" ObjHausnummer="Limmerstraße 72" ObjVorlage="1997-04-15 00:00:00.0" ObKeinKontakt="4" ObjArtID="5" Merkmal="0.0"/>
  <Objekte ObjID="2834" ObjAufnahme="1997-03-21" ObjLetztKontakt="1997-03-21" ObjStrasseID="7388" ObjHausnummer="Limmerstraße 74" ObjVorlage="1997-04-15 00:00:00.0" ObKeinKontakt="4" ObjArtID="5" Merkmal="0.0"/>
  <Objekte ObjID="2835" ObjAufnahme="1997-03-21" ObjLetztKontakt="1997-03-21" ObjStrasseID="7388" ObjHausnummer="Limmerstraße 76" ObjVorlage="1997-04-15 00:00:00.0" ObKeinKontakt="4" ObjArtID="5" Merkmal="0.0"/>
  <Objekte ObjID="2836" ObjAufnahme="1997-03-21" ObjLetztKontakt="1997-03-21" ObjStrasseID="7388" ObjHausnummer="Limmerstraße 78" ObjVorlage="1997-04-15 00:00:00.0" ObKeinKontakt="4" ObjArtID="5" Merkmal="0.0"/>
  <Objekte ObjID="2837" ObjAufnahme="1997-03-21" ObjLetztKontakt="1997-03-21" ObjStrasseID="7388" ObjHausnummer="Limmerstraße 80" ObjVorlage="1997-04-15 00:00:00.0" ObKeinKontakt="4" ObjArtID="5" Merkmal="0.0"/>
  <Objekte ObjID="2838" ObjAufnahme="1997-03-21" ObjLetztKontakt="1997-03-21" ObjStrasseID="7388" ObjHausnummer="Limmerstraße 82" ObjVorlage="1997-04-15 00:00:00.0" ObKeinKontakt="4" ObjArtID="5" Merkmal="0.0"/>
  <Objekte ObjID="2839" ObjAufnahme="1997-03-21" ObjLetztKontakt="1997-03-21" ObjStrasseID="7388" ObjHausnummer="Limmerstraße 84" ObjVorlage="1997-04-15 00:00:00.0" ObKeinKontakt="4" ObjArtID="5" Merkmal="0.0"/>
  <Objekte ObjID="2840" ObjAufnahme="1997-03-21" ObjLetztKontakt="1997-03-21" ObjStrasseID="7388" ObjHausnummer="Limmerstraße 8890" ObjVorlage="1997-04-15 00:00:00.0" ObKeinKontakt="4" ObjArtID="5" Merkmal="0.0"/>
  <Objekte ObjID="2841" ObjAufnahme="1997-03-21" ObjLetztKontakt="1997-03-21" ObjStrasseID="7388" ObjHausnummer="Limmerstraße 92" ObjVorlage="1997-04-15 00:00:00.0" ObKeinKontakt="4" ObjArtID="5" Merkmal="0.0"/>
  <Objekte ObjID="2842" ObjAufnahme="1997-03-21" ObjLetztKontakt="1997-03-21" ObjStrasseID="7388" ObjHausnummer="Limmerstraße 9496" ObjVorlage="1997-04-15 00:00:00.0" ObKeinKontakt="4" ObjArtID="5" Merkmal="0.0"/>
  <Objekte ObjID="2843" ObjAufnahme="1997-03-21" ObjLetztKontakt="1997-03-21" ObjStrasseID="7388" ObjHausnummer="Limmerstraße 98" ObjVorlage="1997-04-15 00:00:00.0" ObKeinKontakt="4" ObjArtID="5" Merkmal="0.0"/>
  <Objekte ObjID="2844" ObjAufnahme="1997-03-21" ObjLetztKontakt="1997-03-21" ObjStrasseID="7388" ObjHausnummer="Limmerstraße 100" ObjVorlage="1997-04-15 00:00:00.0" ObKeinKontakt="4" ObjArtID="5" Merkmal="0.0"/>
  <Objekte ObjID="2845" ObjAufnahme="1997-03-21" ObjLetztKontakt="1997-03-21" ObjStrasseID="7388" ObjHausnummer="Limmerstraße 102" ObjVorlage="1997-04-15 00:00:00.0" ObKeinKontakt="4" ObjArtID="5" Merkmal="0.0"/>
  <Objekte ObjID="2846" ObjAufnahme="1997-03-21" ObjLetztKontakt="1997-03-21" ObjStrasseID="7388" ObjHausnummer="Limmerstraße 104" ObjVorlage="1997-04-15 00:00:00.0" ObKeinKontakt="4" ObjArtID="5" Merkmal="0.0"/>
  <Objekte ObjID="2847" ObjAufnahme="1997-03-21" ObjLetztKontakt="1997-03-21" ObjStrasseID="7388" ObjHausnummer="Limmerstraße 106" ObjVorlage="1997-04-15 00:00:00.0" ObKeinKontakt="4" ObjArtID="5" Merkmal="0.0"/>
  <Objekte ObjID="2848" ObjAufnahme="1997-03-21" ObjLetztKontakt="1997-03-21" ObjStrasseID="7388" ObjHausnummer="Limmerstraße 122" ObjVorlage="1997-04-15 00:00:00.0" ObKeinKontakt="4" ObjArtID="5" Merkmal="0.0"/>
  <Objekte ObjID="2849" ObjAufnahme="1997-03-21" ObjLetztKontakt="1997-03-21" ObjStrasseID="7388" ObjHausnummer="Limmerstraße 2D" ObjVorlage="1997-04-15 00:00:00.0" ObKeinKontakt="4" ObjArtID="5" Merkmal="0.0"/>
  <Objekte ObjID="2850" ObjAufnahme="1997-03-21" ObjLetztKontakt="1997-03-21" ObjStrasseID="7388" ObjHausnummer="Limmerstraße 0Bau" ObjVorlage="1997-04-15 00:00:00.0" ObKeinKontakt="4" ObjArtID="5" Merkmal="0.0"/>
  <Objekte ObjID="2852" ObjAufnahme="1997-03-21" ObjLetztKontakt="1997-03-21" ObjStrasseID="7388" ObjHausnummer="Limmerstraße 4C" ObjVorlage="1997-04-15 00:00:00.0" ObKeinKontakt="4" ObjArtID="5" Merkmal="0.0"/>
  <Objekte ObjID="2853" ObjAufnahme="1997-03-21" ObjLetztKontakt="1997-03-21" ObjStrasseID="7388" ObjHausnummer="Limmerstraße 4D" ObjVorlage="1997-04-15 00:00:00.0" ObKeinKontakt="4" ObjArtID="5" Merkmal="0.0"/>
  <Objekte ObjID="2854" ObjAufnahme="1997-03-21" ObjLetztKontakt="1997-03-21" ObjStrasseID="7388" ObjHausnummer="Limmerstraße 6" ObjVorlage="1997-04-15 00:00:00.0" ObKeinKontakt="4" ObjArtID="5" Merkmal="0.0"/>
  <Objekte ObjID="2855" ObjAufnahme="1997-03-21" ObjLetztKontakt="1997-03-21" ObjStrasseID="7388" ObjHausnummer="Limmerstraße 10" ObjVorlage="1997-04-15 00:00:00.0" ObKeinKontakt="4" ObjArtID="5" Merkmal="0.0"/>
  <Objekte ObjID="2856" ObjAufnahme="1997-03-21" ObjLetztKontakt="1997-03-21" ObjStrasseID="7388" ObjHausnummer="Limmerstraße 12" ObjVorlage="1997-04-15 00:00:00.0" ObKeinKontakt="4" ObjArtID="5" Merkmal="0.0"/>
  <Objekte ObjID="2857" ObjAufnahme="1997-03-21" ObjLetztKontakt="1997-03-21" ObjStrasseID="7388" ObjHausnummer="Limmerstraße 14" ObjVorlage="1997-04-15 00:00:00.0" ObKeinKontakt="4" ObjArtID="5" Merkmal="0.0"/>
  <Objekte ObjID="2858" ObjAufnahme="1997-03-21" ObjLetztKontakt="1997-03-21" ObjStrasseID="7388" ObjHausnummer="Limmerstraße 16" ObjVorlage="1997-04-15 00:00:00.0" ObKeinKontakt="4" ObjArtID="5" Merkmal="0.0"/>
  <Objekte ObjID="2859" ObjAufnahme="1997-03-21" ObjLetztKontakt="1997-03-21" ObjStrasseID="7388" ObjHausnummer="Limmerstraße 18" ObjVorlage="1997-04-15 00:00:00.0" ObKeinKontakt="4" ObjArtID="5" Merkmal="0.0"/>
  <Objekte ObjID="2860" ObjAufnahme="1997-03-21" ObjLetztKontakt="1997-03-21" ObjStrasseID="7388" ObjHausnummer="Limmerstraße 20" ObjVorlage="1997-04-15 00:00:00.0" ObKeinKontakt="4" ObjArtID="5" Merkmal="0.0"/>
  <Objekte ObjID="2861" ObjAufnahme="1997-03-21" ObjLetztKontakt="1997-03-21" ObjStrasseID="7388" ObjHausnummer="Limmerstraße 22" ObjVorlage="1997-04-15 00:00:00.0" ObKeinKontakt="4" ObjArtID="5" Merkmal="0.0"/>
  <Objekte ObjID="2862" ObjAufnahme="1997-03-21" ObjLetztKontakt="1997-03-21" ObjStrasseID="7388" ObjHausnummer="Limmerstraße 24" ObjVorlage="1997-04-15 00:00:00.0" ObKeinKontakt="4" ObjArtID="5" Merkmal="0.0"/>
  <Objekte ObjID="2863" ObjAufnahme="1997-03-21" ObjLetztKontakt="1997-03-21" ObjStrasseID="7388" ObjHausnummer="Limmerstraße 26" ObjVorlage="1997-04-15 00:00:00.0" ObKeinKontakt="4" ObjArtID="5" Merkmal="0.0"/>
  <Objekte ObjID="2864" ObjAufnahme="1997-03-21" ObjLetztKontakt="1997-03-21" ObjStrasseID="7388" ObjHausnummer="Limmerstraße 28" ObjVorlage="1997-04-15 00:00:00.0" ObKeinKontakt="4" ObjArtID="5" Merkmal="0.0"/>
  <Objekte ObjID="2865" ObjAufnahme="1997-03-21" ObjLetztKontakt="1997-03-21" ObjStrasseID="7388" ObjHausnummer="Limmerstraße 30" ObjVorlage="1997-04-15 00:00:00.0" ObKeinKontakt="4" ObjArtID="5" Merkmal="0.0"/>
  <Objekte ObjID="2866" ObjAufnahme="1997-03-21" ObjLetztKontakt="1997-03-21" ObjStrasseID="7388" ObjHausnummer="Limmerstraße 32" ObjVorlage="1997-04-15 00:00:00.0" ObKeinKontakt="4" ObjArtID="5" Merkmal="0.0"/>
  <Objekte ObjID="2867" ObjAufnahme="1997-03-21" ObjLetztKontakt="1997-03-21" ObjStrasseID="7388" ObjHausnummer="Limmerstraße 34" ObjVorlage="1997-04-15 00:00:00.0" ObKeinKontakt="4" ObjArtID="5" Merkmal="0.0"/>
  <Objekte ObjID="2868" ObjAufnahme="1997-03-21" ObjLetztKontakt="1997-03-21" ObjStrasseID="7388" ObjHausnummer="Limmerstraße 36" ObjVorlage="1997-04-15 00:00:00.0" ObKeinKontakt="4" ObjArtID="5" Merkmal="0.0"/>
  <Objekte ObjID="2869" ObjAufnahme="1997-03-21" ObjLetztKontakt="1997-03-21" ObjStrasseID="7388" ObjHausnummer="Limmerstraße 38" ObjVorlage="1997-04-15 00:00:00.0" ObKeinKontakt="4" ObjArtID="5" Merkmal="0.0"/>
  <Objekte ObjID="2870" ObjAufnahme="1997-03-21" ObjLetztKontakt="1997-03-21" ObjStrasseID="7388" ObjHausnummer="Limmerstraße 40" ObjVorlage="1997-04-15 00:00:00.0" ObKeinKontakt="4" ObjArtID="5" Merkmal="0.0"/>
  <Objekte ObjID="2871" ObjAufnahme="1997-03-21" ObjLetztKontakt="1997-03-21" ObjStrasseID="7388" ObjHausnummer="Limmerstraße 42" ObjVorlage="1997-04-15 00:00:00.0" ObKeinKontakt="4" ObjArtID="5" Merkmal="0.0"/>
  <Objekte ObjID="2872" ObjAufnahme="1997-03-21" ObjLetztKontakt="1997-03-21" ObjStrasseID="7388" ObjHausnummer="Limmerstraße 44" ObjVorlage="1997-04-15 00:00:00.0" ObKeinKontakt="4" ObjArtID="5" Merkmal="0.0"/>
  <Objekte ObjID="2873" ObjAufnahme="1997-03-21" ObjLetztKontakt="1997-03-21" ObjStrasseID="7388" ObjHausnummer="Limmerstraße 46" ObjVorlage="1997-04-15 00:00:00.0" ObKeinKontakt="4" ObjArtID="5" Merkmal="0.0"/>
  <Objekte ObjID="2874" ObjAufnahme="1997-03-21" ObjLetztKontakt="1997-03-21" ObjStrasseID="7388" ObjHausnummer="Limmerstraße 48" ObjVorlage="1997-04-15 00:00:00.0" ObKeinKontakt="4" ObjArtID="5" Merkmal="0.0"/>
  <Objekte ObjID="2875" ObjAufnahme="1997-03-21" ObjLetztKontakt="1997-03-21" ObjStrasseID="7388" ObjHausnummer="Limmerstraße 50" ObjVorlage="1997-04-15 00:00:00.0" ObKeinKontakt="4" ObjArtID="5" Merkmal="0.0"/>
  <Objekte ObjID="2876" ObjAufnahme="1997-03-21" ObjLetztKontakt="1997-03-21" ObjStrasseID="7388" ObjHausnummer="Limmerstraße 52" ObjVorlage="1997-04-15 00:00:00.0" ObKeinKontakt="4" ObjArtID="5" Merkmal="0.0"/>
  <Objekte ObjID="2877" ObjAufnahme="1997-03-21" ObjLetztKontakt="1997-03-21" ObjStrasseID="7388" ObjHausnummer="Limmerstraße 54" ObjVorlage="1997-04-15 00:00:00.0" ObKeinKontakt="4" ObjArtID="5" Merkmal="0.0"/>
  <Objekte ObjID="2878" ObjAufnahme="1997-03-18" ObjLetztKontakt="1997-05-13" ObjStrasseID="6112" ObjHausnummer="Burckhardtstraße 1" ObjVorlage="2013-09-11 00:00:00.0" ObKeinKontakt="1" ObjArtID="9" Merkmal="0.0"/>
  <Objekte ObjID="2879" ObjAufnahme="1997-03-18" ObjLetztKontakt="1997-05-13" ObjStrasseID="6112" ObjHausnummer="Burckhardtstraße 2" ObjVorlage="2013-09-11 00:00:00.0" ObKeinKontakt="1" ObjArtID="177" Merkmal="0.0" ObjInfo="Helmut und Walter Pohl 660723"/>
  <Objekte ObjID="2880" ObjAufnahme="1997-03-18" ObjLetztKontakt="1997-05-13" ObjStrasseID="7221" ObjHausnummer="Konkordiastraße 37" ObjVorlage="2013-09-11 00:00:00.0" ObKeinKontakt="1" ObjArtID="177" Merkmal="0.0"/>
  <Objekte ObjID="2881" ObjAufnahme="1997-03-18" ObjLetztKontakt="1997-05-13" ObjStrasseID="7963" ObjHausnummer="Rotermundstraße 27" ObjVorlage="2013-09-11 00:00:00.0" ObKeinKontakt="1" ObjArtID="25" Merkmal="0.0"/>
  <Objekte ObjID="2882" ObjAufnahme="1997-03-21" ObjLetztKontakt="1997-03-21" ObjStrasseID="7704" ObjHausnummer="Osterstraße 25" ObjVorlage="2013-09-11 00:00:00.0" ObKeinKontakt="1" ObjArtID="11" Merkmal="0.0"/>
  <Objekte ObjID="2883" ObjAufnahme="1997-03-21" ObjLetztKontakt="1997-03-21" ObjStrasseID="7704" ObjHausnummer="Osterstraße 27" ObjVorlage="2013-09-11 00:00:00.0" ObKeinKontakt="1" ObjArtID="11" Merkmal="0.0"/>
  <Objekte ObjID="2884" ObjAufnahme="1997-03-21" ObjLetztKontakt="1997-03-21" ObjStrasseID="7704" ObjHausnummer="Osterstraße 22" ObjVorlage="2013-09-11 00:00:00.0" ObKeinKontakt="1" ObjArtID="11" Merkmal="0.0" ObjInfo="Treuhand"/>
  <Objekte ObjID="2885" ObjAufnahme="1997-03-21" ObjLetztKontakt="1997-03-21" ObjStrasseID="7704" ObjHausnummer="Osterstraße 30" ObjVorlage="2013-09-11 00:00:00.0" ObKeinKontakt="1" ObjArtID="11" Merkmal="0.0" ObjInfo="Shahrokny"/>
  <Objekte ObjID="2887" ObjAufnahme="1997-03-18" ObjLetztKontakt="1997-05-13" ObjStrasseID="7802" ObjHausnummer="Podbielskistraße 77" ObjVorlage="2013-09-11 00:00:00.0" ObKeinKontakt="1" ObjArtID="1" Merkmal="0.0"/>
  <Objekte ObjID="2888" ObjAufnahme="1997-03-18" ObjLetztKontakt="1997-05-13" ObjStrasseID="7802" ObjHausnummer="Podbielskistraße 79" ObjVorlage="2013-09-11 00:00:00.0" ObKeinKontakt="2" ObjArtID="1" Merkmal="0.0" ObjInfo="Hinrichs Cloppenburg Berndt-Wolfgang Schulstr. 7 04471-5293,5295"/>
  <Objekte ObjID="2889" ObjAufnahme="1997-03-18" ObjLetztKontakt="1997-05-13" ObjStrasseID="7802" ObjHausnummer="Podbielskistraße 81" ObjVorlage="2013-09-11 00:00:00.0" ObKeinKontakt="1" ObjArtID="1" Merkmal="0.0" ObjInfo="Schwester von Fr. Tetzlaf 343463"/>
  <Objekte ObjID="2890" ObjAufnahme="1997-03-18" ObjLetztKontakt="1997-05-13" ObjStrasseID="7802" ObjHausnummer="Podbielskistraße 87" ObjVorlage="2013-09-11 00:00:00.0" ObKeinKontakt="1" ObjArtID="1" Merkmal="0.9999999999999999" ObjInfo="8WE1L1GAST19361723,1"/>
  <Objekte ObjID="2891" ObjAufnahme="1997-03-18" ObjLetztKontakt="1997-05-13" ObjStrasseID="7802" ObjHausnummer="Podbielskistraße 89" ObjVorlage="2013-09-11 00:00:00.0" ObKeinKontakt="1" ObjArtID="1" Merkmal="0.0"/>
  <Objekte ObjID="2892" ObjAufnahme="1997-03-18" ObjLetztKontakt="1997-05-13" ObjStrasseID="7802" ObjHausnummer="Podbielskistraße 91" ObjVorlage="2013-09-11 00:00:00.0" ObKeinKontakt="1" ObjArtID="1" Merkmal="0.0"/>
  <Objekte ObjID="2893" ObjAufnahme="1997-03-18" ObjLetztKontakt="1997-05-13" ObjStrasseID="7802" ObjHausnummer="Podbielskistraße 93" ObjVorlage="2013-09-11 00:00:00.0" ObKeinKontakt="1" ObjArtID="1" Merkmal="0.0" ObjInfo="Matthiesen 393832"/>
  <Objekte ObjID="2894" ObjAufnahme="1997-03-18" ObjLetztKontakt="1997-05-13" ObjStrasseID="7802" ObjHausnummer="Podbielskistraße 99" ObjVorlage="2013-09-11 00:00:00.0" ObKeinKontakt="1" ObjArtID="1" Merkmal="0.0"/>
  <Objekte ObjID="2895" ObjAufnahme="1997-03-18" ObjLetztKontakt="1997-05-13" ObjStrasseID="7802" ObjHausnummer="Podbielskistraße 101" ObjVorlage="2013-09-11 00:00:00.0" ObKeinKontakt="1" ObjArtID="1" Merkmal="0.0"/>
  <Objekte ObjID="2896" ObjAufnahme="1997-03-18" ObjLetztKontakt="1997-05-13" ObjStrasseID="7802" ObjHausnummer="Podbielskistraße 103" ObjVorlage="2013-09-11 00:00:00.0" ObKeinKontakt="1" ObjArtID="1" Merkmal="0.0"/>
  <Objekte ObjID="2897" ObjAufnahme="1997-03-18" ObjLetztKontakt="1997-05-13" ObjStrasseID="7802" ObjHausnummer="Podbielskistraße 105" ObjVorlage="2013-09-11 00:00:00.0" ObKeinKontakt="1" ObjArtID="1" Merkmal="0.0"/>
  <Objekte ObjID="2898" ObjAufnahme="1997-03-18" ObjLetztKontakt="1997-05-13" ObjStrasseID="7802" ObjHausnummer="Podbielskistraße 107" ObjVorlage="2013-09-11 00:00:00.0" ObKeinKontakt="1" ObjArtID="1" Merkmal="0.0"/>
  <Objekte ObjID="2899" ObjAufnahme="1997-03-18" ObjLetztKontakt="1997-05-13" ObjStrasseID="7802" ObjHausnummer="Podbielskistraße 109" ObjVorlage="2013-09-11 00:00:00.0" ObKeinKontakt="1" ObjArtID="1" Merkmal="0.0"/>
  <Objekte ObjID="2900" ObjAufnahme="1997-03-18" ObjLetztKontakt="1997-05-13" ObjStrasseID="7802" ObjHausnummer="Podbielskistraße 111" ObjVorlage="2013-09-11 00:00:00.0" ObKeinKontakt="1" ObjArtID="1" Merkmal="0.0"/>
  <Objekte ObjID="2901" ObjAufnahme="1997-03-18" ObjLetztKontakt="1997-05-13" ObjStrasseID="7802" ObjHausnummer="Podbielskistraße 113" ObjVorlage="2013-09-11 00:00:00.0" ObKeinKontakt="1" ObjArtID="1" Merkmal="0.0"/>
  <Objekte ObjID="2902" ObjAufnahme="1997-03-18" ObjLetztKontakt="1997-05-13" ObjStrasseID="7802" ObjHausnummer="Podbielskistraße 115" ObjVorlage="2013-09-11 00:00:00.0" ObKeinKontakt="1" ObjArtID="1" Merkmal="0.0"/>
  <Objekte ObjID="2903" ObjAufnahme="1997-03-18" ObjLetztKontakt="1997-05-13" ObjStrasseID="7802" ObjHausnummer="Podbielskistraße 123" ObjVorlage="2013-09-11 00:00:00.0" ObKeinKontakt="1" ObjArtID="1" Merkmal="0.0"/>
  <Objekte ObjID="2904" ObjAufnahme="1997-03-18" ObjLetztKontakt="1997-05-13" ObjStrasseID="7802" ObjHausnummer="Podbielskistraße 127" ObjVorlage="2013-09-11 00:00:00.0" ObKeinKontakt="1" ObjArtID="1" Merkmal="0.0"/>
  <Objekte ObjID="2905" ObjAufnahme="1997-03-18" ObjLetztKontakt="1997-05-13" ObjStrasseID="7802" ObjHausnummer="Podbielskistraße 125" ObjVorlage="2013-09-11 00:00:00.0" ObKeinKontakt="1" ObjArtID="1" Merkmal="0.0"/>
  <Objekte ObjID="2906" ObjAufnahme="1997-03-18" ObjLetztKontakt="1997-05-13" ObjStrasseID="7802" ObjHausnummer="Podbielskistraße 129" ObjVorlage="2013-09-11 00:00:00.0" ObKeinKontakt="1" ObjArtID="1" Merkmal="0.0"/>
  <Objekte ObjID="2907" ObjAufnahme="1997-03-18" ObjLetztKontakt="1997-05-13" ObjStrasseID="7802" ObjHausnummer="Podbielskistraße 131" ObjVorlage="2013-09-11 00:00:00.0" ObKeinKontakt="1" ObjArtID="170" Merkmal="0.0"/>
  <Objekte ObjID="2908" ObjAufnahme="1997-03-18" ObjLetztKontakt="1997-05-13" ObjStrasseID="7802" ObjHausnummer="Podbielskistraße 133" ObjVorlage="2013-09-11 00:00:00.0" ObKeinKontakt="1" ObjArtID="1" Merkmal="0.0"/>
  <Objekte ObjID="2909" ObjAufnahme="1997-03-18" ObjLetztKontakt="2000-12-12" ObjStrasseID="7802" ObjHausnummer="Podbielskistraße 135" ObjVorlage="2013-09-11 00:00:00.0" ObKeinKontakt="1" ObjArtID="197" Merkmal="0.0" ObjInfo="359120\"/>
  <Objekte ObjID="2910" ObjAufnahme="1997-03-18" ObjLetztKontakt="1997-05-13" ObjStrasseID="7802" ObjHausnummer="Podbielskistraße 139" ObjVorlage="2013-09-11 00:00:00.0" ObKeinKontakt="1" ObjArtID="1" Merkmal="0.0"/>
  <Objekte ObjID="2911" ObjAufnahme="1997-03-18" ObjLetztKontakt="1997-05-13" ObjStrasseID="7802" ObjHausnummer="Podbielskistraße 151" ObjVorlage="2013-09-11 00:00:00.0" ObKeinKontakt="1" ObjArtID="1" Merkmal="0.0"/>
  <Objekte ObjID="2912" ObjAufnahme="1997-03-18" ObjLetztKontakt="1997-05-13" ObjStrasseID="7802" ObjHausnummer="Podbielskistraße 153" ObjVorlage="2013-09-11 00:00:00.0" ObKeinKontakt="1" ObjArtID="1" Merkmal="0.0"/>
  <Objekte ObjID="2913" ObjAufnahme="1997-03-18" ObjLetztKontakt="1997-05-13" ObjStrasseID="7802" ObjHausnummer="Podbielskistraße 155" ObjVorlage="2013-09-11 00:00:00.0" ObKeinKontakt="1" ObjArtID="1" Merkmal="0.0"/>
  <Objekte ObjID="2914" ObjAufnahme="1997-03-18" ObjLetztKontakt="2000-02-15" ObjStrasseID="7802" ObjHausnummer="Podbielskistraße 157" ObjVorlage="2013-09-11 00:00:00.0" ObKeinKontakt="5" ObjArtID="97" Merkmal="0.0"/>
  <Objekte ObjID="2915" ObjAufnahme="1997-03-18" ObjLetztKontakt="1997-05-13" ObjStrasseID="7802" ObjHausnummer="Podbielskistraße 159" ObjVorlage="2013-09-11 00:00:00.0" ObKeinKontakt="1" ObjArtID="1" Merkmal="0.0"/>
  <Objekte ObjID="2916" ObjAufnahme="1997-03-18" ObjLetztKontakt="1997-05-13" ObjStrasseID="7802" ObjHausnummer="Podbielskistraße 161" ObjVorlage="2013-09-11 00:00:00.0" ObKeinKontakt="1" ObjArtID="1" Merkmal="0.0"/>
  <Objekte ObjID="2917" ObjAufnahme="1997-03-18" ObjLetztKontakt="1997-05-13" ObjStrasseID="7802" ObjHausnummer="Podbielskistraße 163" ObjVorlage="2013-09-11 00:00:00.0" ObKeinKontakt="1" ObjArtID="1" Merkmal="0.0"/>
  <Objekte ObjID="2918" ObjAufnahme="1997-03-18" ObjLetztKontakt="1997-05-13" ObjStrasseID="7802" ObjHausnummer="Podbielskistraße 165" ObjVorlage="2013-09-11 00:00:00.0" ObKeinKontakt="1" ObjArtID="177" Merkmal="0.0"/>
  <Objekte ObjID="2919" ObjAufnahme="1997-03-18" ObjLetztKontakt="1997-05-13" ObjStrasseID="7802" ObjHausnummer="Podbielskistraße 167" ObjVorlage="2013-09-11 00:00:00.0" ObKeinKontakt="1" ObjArtID="1" Merkmal="0.0"/>
  <Objekte ObjID="2920" ObjAufnahme="1997-03-18" ObjLetztKontakt="1997-05-13" ObjStrasseID="7802" ObjHausnummer="Podbielskistraße 171" ObjVorlage="2013-09-11 00:00:00.0" ObKeinKontakt="1" ObjArtID="1" Merkmal="0.0"/>
  <Objekte ObjID="2921" ObjAufnahme="1997-03-18" ObjLetztKontakt="1997-05-13" ObjStrasseID="7802" ObjHausnummer="Podbielskistraße 173" ObjVorlage="2013-09-11 00:00:00.0" ObKeinKontakt="1" ObjArtID="1" Merkmal="0.0"/>
  <Objekte ObjID="2922" ObjAufnahme="1997-03-18" ObjLetztKontakt="1997-05-13" ObjStrasseID="7802" ObjHausnummer="Podbielskistraße 175" ObjVorlage="2013-09-11 00:00:00.0" ObKeinKontakt="5" ObjArtID="1" Merkmal="0.0"/>
  <Objekte ObjID="2923" ObjAufnahme="1997-03-18" ObjLetztKontakt="1997-05-13" ObjStrasseID="7802" ObjHausnummer="Podbielskistraße 177" ObjVorlage="2013-09-11 00:00:00.0" ObKeinKontakt="1" ObjArtID="1" Merkmal="0.0"/>
  <Objekte ObjID="2924" ObjAufnahme="1997-03-18" ObjLetztKontakt="1997-05-13" ObjStrasseID="7802" ObjHausnummer="Podbielskistraße 179" ObjVorlage="2013-09-11 00:00:00.0" ObKeinKontakt="1" ObjArtID="1" Merkmal="0.0"/>
  <Objekte ObjID="2925" ObjAufnahme="1997-03-18" ObjLetztKontakt="1997-05-13" ObjStrasseID="7802" ObjHausnummer="Podbielskistraße 181" ObjVorlage="2013-09-11 00:00:00.0" ObKeinKontakt="1" ObjArtID="1" Merkmal="0.0"/>
  <Objekte ObjID="2926" ObjAufnahme="1997-03-18" ObjLetztKontakt="1997-05-13" ObjStrasseID="7802" ObjHausnummer="Podbielskistraße 183" ObjVorlage="2013-09-11 00:00:00.0" ObKeinKontakt="1" ObjArtID="1" Merkmal="0.0"/>
  <Objekte ObjID="2927" ObjAufnahme="1997-03-18" ObjLetztKontakt="1997-05-13" ObjStrasseID="7802" ObjHausnummer="Podbielskistraße 185" ObjVorlage="2013-09-11 00:00:00.0" ObKeinKontakt="1" ObjArtID="1" Merkmal="0.0"/>
  <Objekte ObjID="2928" ObjAufnahme="1997-03-18" ObjLetztKontakt="1997-05-13" ObjStrasseID="7802" ObjHausnummer="Podbielskistraße 187" ObjVorlage="2013-09-11 00:00:00.0" ObKeinKontakt="1" ObjArtID="1" Merkmal="0.0"/>
  <Objekte ObjID="2929" ObjAufnahme="1997-03-18" ObjLetztKontakt="1997-05-13" ObjStrasseID="7802" ObjHausnummer="Podbielskistraße 189" ObjVorlage="2013-09-11 00:00:00.0" ObKeinKontakt="1" ObjArtID="1" Merkmal="0.0"/>
  <Objekte ObjID="2930" ObjAufnahme="1997-03-18" ObjLetztKontakt="1997-05-13" ObjStrasseID="7802" ObjHausnummer="Podbielskistraße 191" ObjVorlage="2013-09-11 00:00:00.0" ObKeinKontakt="1" ObjArtID="1" Merkmal="0.0"/>
  <Objekte ObjID="2931" ObjAufnahme="1997-03-18" ObjLetztKontakt="1997-05-13" ObjStrasseID="7802" ObjHausnummer="Podbielskistraße 193" ObjVorlage="2013-09-11 00:00:00.0" ObKeinKontakt="1" ObjArtID="1" Merkmal="0.0"/>
  <Objekte ObjID="2932" ObjAufnahme="1997-03-18" ObjLetztKontakt="1997-05-13" ObjStrasseID="7802" ObjHausnummer="Podbielskistraße 195" ObjVorlage="2013-09-11 00:00:00.0" ObKeinKontakt="1" ObjArtID="175" Merkmal="0.0"/>
  <Objekte ObjID="2933" ObjAufnahme="1997-03-18" ObjLetztKontakt="1997-05-13" ObjStrasseID="7802" ObjHausnummer="Podbielskistraße 197" ObjVorlage="2013-09-11 00:00:00.0" ObKeinKontakt="1" ObjArtID="1" Merkmal="0.0"/>
  <Objekte ObjID="2934" ObjAufnahme="1997-03-18" ObjLetztKontakt="1997-05-13" ObjStrasseID="7802" ObjHausnummer="Podbielskistraße 199" ObjVorlage="2013-09-11 00:00:00.0" ObKeinKontakt="1" ObjArtID="1" Merkmal="0.0"/>
  <Objekte ObjID="2935" ObjAufnahme="1997-03-18" ObjLetztKontakt="1997-05-13" ObjStrasseID="7802" ObjHausnummer="Podbielskistraße 201" ObjVorlage="2013-09-11 00:00:00.0" ObKeinKontakt="1" ObjArtID="1" Merkmal="0.0"/>
  <Objekte ObjID="2936" ObjAufnahme="1997-03-18" ObjLetztKontakt="1997-05-13" ObjStrasseID="7802" ObjHausnummer="Podbielskistraße 208" ObjVorlage="2013-09-11 00:00:00.0" ObKeinKontakt="1" ObjArtID="1" Merkmal="0.0" ObjInfo="gehört einem Herrn Maletti ganzer Block"/>
  <Objekte ObjID="2937" ObjAufnahme="1997-03-18" ObjLetztKontakt="1997-05-13" ObjStrasseID="7802" ObjHausnummer="Podbielskistraße 206" ObjVorlage="2013-09-11 00:00:00.0" ObKeinKontakt="1" ObjArtID="1" Merkmal="0.0"/>
  <Objekte ObjID="2938" ObjAufnahme="1997-03-18" ObjLetztKontakt="1997-05-13" ObjStrasseID="7802" ObjHausnummer="Podbielskistraße 143A" ObjVorlage="2013-09-11 00:00:00.0" ObKeinKontakt="1" ObjArtID="1" Merkmal="0.0"/>
  <Objekte ObjID="2939" ObjAufnahme="1997-03-18" ObjLetztKontakt="1997-05-13" ObjStrasseID="7802" ObjHausnummer="Podbielskistraße 117" ObjVorlage="2013-09-11 00:00:00.0" ObKeinKontakt="1" ObjArtID="1" Merkmal="0.0"/>
  <Objekte ObjID="2940" ObjAufnahme="1997-03-18" ObjLetztKontakt="1997-05-13" ObjStrasseID="7802" ObjHausnummer="Podbielskistraße 170" ObjVorlage="2013-09-11 00:00:00.0" ObKeinKontakt="1" ObjArtID="1" Merkmal="0.0" ObjInfo="Grove Artur&#09;Podbielskistr. 170&#09;30177 Hannover&#09;0511-695259&#xD;&#xA;Grove Michael&#09;Podbielskistr. 170&#09;30177 Hannover&#09;0511-6965978&#xD;&#xA;Heidmann T.&#09;Podbielskistr. 170&#09;30177 Hannover&#09;0511-693951&#xD;&#xA;Jeromin Thomas&#09;Podbielskistr. 170&#09;30177 Hannover&#09;0511-6965499&#xD;&#xA;Lovric Damir&#09;&#xD;&#xA;2941"/>
  <Objekte ObjID="2942" ObjAufnahme="1997-03-18" ObjLetztKontakt="1997-05-13" ObjStrasseID="7802" ObjHausnummer="Podbielskistraße 168" ObjVorlage="2013-09-11 00:00:00.0" ObKeinKontakt="1" ObjArtID="1" Merkmal="0.0"/>
  <Objekte ObjID="2943" ObjAufnahme="1997-03-18" ObjLetztKontakt="1997-05-13" ObjStrasseID="7802" ObjHausnummer="Podbielskistraße 172" ObjVorlage="2013-09-11 00:00:00.0" ObKeinKontakt="1" ObjArtID="1" Merkmal="0.0"/>
  <Objekte ObjID="2944" ObjAufnahme="1997-03-18" ObjLetztKontakt="1997-05-13" ObjStrasseID="7802" ObjHausnummer="Podbielskistraße 174" ObjVorlage="2013-09-11 00:00:00.0" ObKeinKontakt="1" ObjArtID="1" Merkmal="0.0"/>
  <Objekte ObjID="2945" ObjAufnahme="1997-03-18" ObjLetztKontakt="1997-05-13" ObjStrasseID="7802" ObjHausnummer="Podbielskistraße 176" ObjVorlage="2013-09-11 00:00:00.0" ObKeinKontakt="1" ObjArtID="1" Merkmal="0.0"/>
  <Objekte ObjID="2946" ObjAufnahme="1997-03-18" ObjLetztKontakt="1997-05-13" ObjStrasseID="7802" ObjHausnummer="Podbielskistraße 178" ObjVorlage="2013-09-11 00:00:00.0" ObKeinKontakt="1" ObjArtID="1" Merkmal="0.0"/>
  <Objekte ObjID="2947" ObjAufnahme="1997-03-18" ObjLetztKontakt="1997-05-13" ObjStrasseID="7802" ObjHausnummer="Podbielskistraße 180" ObjVorlage="2013-09-11 00:00:00.0" ObKeinKontakt="1" ObjArtID="1" Merkmal="0.0"/>
  <Objekte ObjID="2948" ObjAufnahme="1997-03-18" ObjLetztKontakt="1997-05-13" ObjStrasseID="7802" ObjHausnummer="Podbielskistraße 186" ObjVorlage="2013-09-11 00:00:00.0" ObKeinKontakt="1" ObjArtID="1" Merkmal="0.0"/>
  <Objekte ObjID="2949" ObjAufnahme="1997-03-18" ObjLetztKontakt="1997-05-13" ObjStrasseID="7802" ObjHausnummer="Podbielskistraße 190" ObjVorlage="2013-09-11 00:00:00.0" ObKeinKontakt="1" ObjArtID="1" Merkmal="0.0"/>
  <Objekte ObjID="2950" ObjAufnahme="1997-03-18" ObjLetztKontakt="1997-05-13" ObjStrasseID="7802" ObjHausnummer="Podbielskistraße 192" ObjVorlage="2013-09-11 00:00:00.0" ObKeinKontakt="1" ObjArtID="1" Merkmal="0.0"/>
  <Objekte ObjID="2951" ObjAufnahme="1997-03-18" ObjLetztKontakt="1997-05-13" ObjStrasseID="7802" ObjHausnummer="Podbielskistraße 194" ObjVorlage="2013-09-11 00:00:00.0" ObKeinKontakt="1" ObjArtID="1" Merkmal="0.0"/>
  <Objekte ObjID="2952" ObjAufnahme="1997-03-18" ObjLetztKontakt="1997-05-13" ObjStrasseID="7802" ObjHausnummer="Podbielskistraße 200" ObjVorlage="2013-09-11 00:00:00.0" ObKeinKontakt="1" ObjArtID="1" Merkmal="0.0"/>
  <Objekte ObjID="2953" ObjAufnahme="1997-03-18" ObjLetztKontakt="1997-05-13" ObjStrasseID="7802" ObjHausnummer="Podbielskistraße 202" ObjVorlage="2013-09-11 00:00:00.0" ObKeinKontakt="1" ObjArtID="1" Merkmal="0.0"/>
  <Objekte ObjID="2954" ObjAufnahme="1997-03-18" ObjLetztKontakt="1997-05-13" ObjStrasseID="7802" ObjHausnummer="Podbielskistraße 204" ObjVorlage="2013-09-11 00:00:00.0" ObKeinKontakt="1" ObjArtID="1" Merkmal="0.0"/>
  <Objekte ObjID="2955" ObjAufnahme="1997-03-18" ObjLetztKontakt="1997-05-13" ObjStrasseID="7802" ObjHausnummer="Podbielskistraße 114" ObjVorlage="2013-09-11 00:00:00.0" ObKeinKontakt="1" ObjArtID="1" Merkmal="0.0"/>
  <Objekte ObjID="2956" ObjAufnahme="1997-03-18" ObjLetztKontakt="1997-05-13" ObjStrasseID="7802" ObjHausnummer="Podbielskistraße 112" ObjVorlage="2013-09-11 00:00:00.0" ObKeinKontakt="1" ObjArtID="1" Merkmal="0.0"/>
  <Objekte ObjID="2957" ObjAufnahme="1997-03-18" ObjLetztKontakt="1997-05-13" ObjStrasseID="7802" ObjHausnummer="Podbielskistraße 108" ObjVorlage="2013-09-11 00:00:00.0" ObKeinKontakt="1" ObjArtID="1" Merkmal="0.0"/>
  <Objekte ObjID="2958" ObjAufnahme="1997-03-18" ObjLetztKontakt="1997-05-13" ObjStrasseID="7802" ObjHausnummer="Podbielskistraße 106" ObjVorlage="2013-09-11 00:00:00.0" ObKeinKontakt="1" ObjArtID="177" Merkmal="0.0"/>
  <Objekte ObjID="2959" ObjAufnahme="1997-03-18" ObjLetztKontakt="1997-05-13" ObjStrasseID="7802" ObjHausnummer="Podbielskistraße 104" ObjVorlage="2013-09-11 00:00:00.0" ObKeinKontakt="1" ObjArtID="1" Merkmal="0.0"/>
  <Objekte ObjID="2960" ObjAufnahme="1997-03-18" ObjLetztKontakt="1997-05-13" ObjStrasseID="7802" ObjHausnummer="Podbielskistraße 102" ObjVorlage="2013-09-11 00:00:00.0" ObKeinKontakt="1" ObjArtID="1" Merkmal="0.0"/>
  <Objekte ObjID="2961" ObjAufnahme="1997-03-18" ObjLetztKontakt="1997-05-13" ObjStrasseID="7802" ObjHausnummer="Podbielskistraße 100" ObjVorlage="2013-09-11 00:00:00.0" ObKeinKontakt="1" ObjArtID="1" Merkmal="0.0"/>
  <Objekte ObjID="2962" ObjAufnahme="1997-03-18" ObjLetztKontakt="1997-05-13" ObjStrasseID="7802" ObjHausnummer="Podbielskistraße 98" ObjVorlage="2013-09-11 00:00:00.0" ObKeinKontakt="1" ObjArtID="1" Merkmal="0.0"/>
  <Objekte ObjID="2963" ObjAufnahme="1997-03-18" ObjLetztKontakt="1997-05-13" ObjStrasseID="7802" ObjHausnummer="Podbielskistraße 96" ObjVorlage="2013-09-11 00:00:00.0" ObKeinKontakt="1" ObjArtID="1" Merkmal="0.0"/>
  <Objekte ObjID="2964" ObjAufnahme="1997-03-18" ObjLetztKontakt="1997-05-13" ObjStrasseID="7802" ObjHausnummer="Podbielskistraße 92" ObjVorlage="2013-09-11 00:00:00.0" ObKeinKontakt="1" ObjArtID="120" Merkmal="0.0" ObjInfo="Knöchelmann Planungsbüro 403910"/>
  <Objekte ObjID="2965" ObjAufnahme="1997-03-18" ObjLetztKontakt="1997-05-13" ObjStrasseID="7802" ObjHausnummer="Podbielskistraße 90" ObjVorlage="2013-09-11 00:00:00.0" ObKeinKontakt="1" ObjArtID="1" Merkmal="0.0" ObjInfo="621564 sucht Objekt Herr Lüssenhopp"/>
  <Objekte ObjID="2966" ObjAufnahme="1997-03-18" ObjLetztKontakt="1997-05-13" ObjStrasseID="7802" ObjHausnummer="Podbielskistraße 88" ObjVorlage="2013-09-11 00:00:00.0" ObKeinKontakt="1" ObjArtID="1" Merkmal="0.0" ObjInfo="Heidmann erreichbar unter 0511716902"/>
  <Objekte ObjID="2967" ObjAufnahme="1997-03-18" ObjLetztKontakt="1997-05-13" ObjStrasseID="7802" ObjHausnummer="Podbielskistraße 86" ObjVorlage="2013-09-11 00:00:00.0" ObKeinKontakt="1" ObjArtID="1" Merkmal="0.0" ObjInfo="Herr Kohlrust Engensen 0513987203"/>
  <Objekte ObjID="2968" ObjAufnahme="1997-03-18" ObjLetztKontakt="1997-05-13" ObjStrasseID="7802" ObjHausnummer="Podbielskistraße 115A" ObjVorlage="2013-09-11 00:00:00.0" ObKeinKontakt="1" ObjArtID="1" Merkmal="0.0"/>
  <Objekte ObjID="2969" ObjAufnahme="1997-03-18" ObjLetztKontakt="1997-05-13" ObjStrasseID="7802" ObjHausnummer="Podbielskistraße 115B" ObjVorlage="2013-09-11 00:00:00.0" ObKeinKontakt="1" ObjArtID="1" Merkmal="0.0"/>
  <Objekte ObjID="2970" ObjAufnahme="1997-03-18" ObjLetztKontakt="1997-05-13" ObjStrasseID="7802" ObjHausnummer="Podbielskistraße 145" ObjVorlage="2013-09-11 00:00:00.0" ObKeinKontakt="1" ObjArtID="1" Merkmal="0.0"/>
  <Objekte ObjID="2971" ObjAufnahme="1997-03-18" ObjLetztKontakt="1997-05-13" ObjStrasseID="7802" ObjHausnummer="Podbielskistraße 141" ObjVorlage="2013-09-11 00:00:00.0" ObKeinKontakt="1" ObjArtID="1" Merkmal="0.0"/>
  <Objekte ObjID="2972" ObjAufnahme="1997-03-18" ObjLetztKontakt="1997-05-13" ObjStrasseID="7802" ObjHausnummer="Podbielskistraße 143" ObjVorlage="2013-09-11 00:00:00.0" ObKeinKontakt="1" ObjArtID="1" Merkmal="0.0"/>
  <Objekte ObjID="2973" ObjAufnahme="1997-03-18" ObjLetztKontakt="1997-05-13" ObjStrasseID="7802" ObjHausnummer="Podbielskistraße 156" ObjVorlage="2013-09-11 00:00:00.0" ObKeinKontakt="1" ObjArtID="1" Merkmal="0.0"/>
  <Objekte ObjID="2974" ObjAufnahme="1997-03-18" ObjLetztKontakt="1997-05-13" ObjStrasseID="7802" ObjHausnummer="Podbielskistraße 154" ObjVorlage="2013-09-11 00:00:00.0" ObKeinKontakt="1" ObjArtID="1" Merkmal="0.0"/>
  <Objekte ObjID="2976" ObjAufnahme="1997-03-18" ObjLetztKontakt="1997-05-13" ObjStrasseID="7802" ObjHausnummer="Podbielskistraße 152" ObjVorlage="2013-09-11 00:00:00.0" ObKeinKontakt="1" ObjArtID="1" Merkmal="0.0"/>
  <Objekte ObjID="2977" ObjAufnahme="1997-03-18" ObjLetztKontakt="1997-05-13" ObjStrasseID="7802" ObjHausnummer="Podbielskistraße 150" ObjVorlage="2013-09-11 00:00:00.0" ObKeinKontakt="1" ObjArtID="1" Merkmal="0.0"/>
  <Objekte ObjID="2978" ObjAufnahme="1997-03-18" ObjLetztKontakt="1997-05-13" ObjStrasseID="7802" ObjHausnummer="Podbielskistraße 148" ObjVorlage="2013-09-11 00:00:00.0" ObKeinKontakt="1" ObjArtID="1" Merkmal="0.0"/>
  <Objekte ObjID="2979" ObjAufnahme="1997-03-18" ObjLetztKontakt="1997-05-13" ObjStrasseID="7802" ObjHausnummer="Podbielskistraße 146" ObjVorlage="2013-09-11 00:00:00.0" ObKeinKontakt="1" ObjArtID="1" Merkmal="0.0"/>
  <Objekte ObjID="2980" ObjAufnahme="1997-03-18" ObjLetztKontakt="1997-05-13" ObjStrasseID="7802" ObjHausnummer="Podbielskistraße 144" ObjVorlage="2013-09-11 00:00:00.0" ObKeinKontakt="1" ObjArtID="1" Merkmal="0.0"/>
  <Objekte ObjID="2981" ObjAufnahme="1997-03-18" ObjLetztKontakt="1997-05-13" ObjStrasseID="7802" ObjHausnummer="Podbielskistraße 142" ObjVorlage="2013-09-11 00:00:00.0" ObKeinKontakt="1" ObjArtID="1" Merkmal="0.0"/>
  <Objekte ObjID="2982" ObjAufnahme="1997-03-18" ObjLetztKontakt="1997-05-13" ObjStrasseID="7802" ObjHausnummer="Podbielskistraße 140" ObjVorlage="2013-09-11 00:00:00.0" ObKeinKontakt="1" ObjArtID="1" Merkmal="0.0"/>
  <Objekte ObjID="2983" ObjAufnahme="1997-03-18" ObjLetztKontakt="1997-05-13" ObjStrasseID="7802" ObjHausnummer="Podbielskistraße 138" ObjVorlage="2013-09-11 00:00:00.0" ObKeinKontakt="1" ObjArtID="1" Merkmal="0.0"/>
  <Objekte ObjID="2984" ObjAufnahme="1997-03-18" ObjLetztKontakt="1997-05-13" ObjStrasseID="7802" ObjHausnummer="Podbielskistraße 136" ObjVorlage="2013-09-11 00:00:00.0" ObKeinKontakt="1" ObjArtID="1" Merkmal="0.0"/>
  <Objekte ObjID="2985" ObjAufnahme="1997-03-18" ObjLetztKontakt="1997-05-13" ObjStrasseID="7802" ObjHausnummer="Podbielskistraße 130" ObjVorlage="2013-09-11 00:00:00.0" ObKeinKontakt="1" ObjArtID="1" Merkmal="0.0"/>
  <Objekte ObjID="2986" ObjAufnahme="1997-03-18" ObjLetztKontakt="1997-05-13" ObjStrasseID="7802" ObjHausnummer="Podbielskistraße 126" ObjVorlage="2013-09-11 00:00:00.0" ObKeinKontakt="1" ObjArtID="1" Merkmal="0.0"/>
  <Objekte ObjID="2987" ObjAufnahme="1997-03-18" ObjLetztKontakt="1997-05-13" ObjStrasseID="7802" ObjHausnummer="Podbielskistraße 124" ObjVorlage="2013-09-11 00:00:00.0" ObKeinKontakt="1" ObjArtID="1" Merkmal="0.0"/>
  <Objekte ObjID="2988" ObjAufnahme="1997-03-18" ObjLetztKontakt="1997-05-13" ObjStrasseID="7802" ObjHausnummer="Podbielskistraße 122" ObjVorlage="2013-09-11 00:00:00.0" ObKeinKontakt="1" ObjArtID="258" Merkmal="0.0"/>
  <Objekte ObjID="2989" ObjAufnahme="1997-03-18" ObjLetztKontakt="1997-05-13" ObjStrasseID="7802" ObjHausnummer="Podbielskistraße 120" ObjVorlage="2013-09-11 00:00:00.0" ObKeinKontakt="1" ObjArtID="1" Merkmal="0.0"/>
  <Objekte ObjID="2990" ObjAufnahme="1997-03-18" ObjLetztKontakt="1997-05-13" ObjStrasseID="7802" ObjHausnummer="Podbielskistraße 116" ObjVorlage="2013-09-11 00:00:00.0" ObKeinKontakt="1" ObjArtID="1" Merkmal="0.0"/>
  <Objekte ObjID="2991" ObjAufnahme="1997-05-13" ObjLetztKontakt="1997-05-13" ObjStrasseID="6710" ObjHausnummer="Hallerstraße 36" ObjVorlage="2013-09-11 00:00:00.0" ObKeinKontakt="1" ObjArtID="1" Merkmal="0.0"/>
  <Objekte ObjID="2992" ObjAufnahme="1997-03-18" ObjLetztKontakt="1997-05-13" ObjStrasseID="7802" ObjHausnummer="Podbielskistraße 74" ObjVorlage="2013-09-11 00:00:00.0" ObKeinKontakt="1" ObjArtID="1" Merkmal="0.0" ObjInfo="Herr Hinz 627231"/>
  <Objekte ObjID="2993" ObjAufnahme="1997-03-18" ObjLetztKontakt="1997-05-13" ObjStrasseID="7802" ObjHausnummer="Podbielskistraße 72" ObjVorlage="2013-09-11 00:00:00.0" ObKeinKontakt="1" ObjArtID="1" Merkmal="0.0"/>
  <Objekte ObjID="2994" ObjAufnahme="1997-03-18" ObjLetztKontakt="1997-05-13" ObjStrasseID="7802" ObjHausnummer="Podbielskistraße 70" ObjVorlage="2013-09-11 00:00:00.0" ObKeinKontakt="1" ObjArtID="1" Merkmal="0.0"/>
  <Objekte ObjID="2995" ObjAufnahme="1997-03-18" ObjLetztKontakt="1997-05-13" ObjStrasseID="7802" ObjHausnummer="Podbielskistraße 68" ObjVorlage="2013-09-11 00:00:00.0" ObKeinKontakt="1" ObjArtID="1" Merkmal="0.0" ObjInfo="Bratsch immobilien 326631"/>
  <Objekte ObjID="2996" ObjAufnahme="1997-03-18" ObjLetztKontakt="1997-05-13" ObjStrasseID="7802" ObjHausnummer="Podbielskistraße 66" ObjVorlage="2013-09-11 00:00:00.0" ObKeinKontakt="1" ObjArtID="1" Merkmal="0.0" ObjInfo="Bratsch GmbH Luisenstr. 12 30159 han"/>
  <Objekte ObjID="2997" ObjAufnahme="1997-03-18" ObjLetztKontakt="1997-05-13" ObjStrasseID="7802" ObjHausnummer="Podbielskistraße 64" ObjVorlage="2013-09-11 00:00:00.0" ObKeinKontakt="1" ObjArtID="1" Merkmal="0.0"/>
  <Objekte ObjID="2998" ObjAufnahme="1997-03-18" ObjLetztKontakt="1997-05-13" ObjStrasseID="7802" ObjHausnummer="Podbielskistraße 62" ObjVorlage="2013-09-11 00:00:00.0" ObKeinKontakt="1" ObjArtID="1" Merkmal="0.0" ObjInfo="Fischer Langenhagen 735070"/>
  <Objekte ObjID="2999" ObjAufnahme="1997-03-18" ObjLetztKontakt="1997-05-13" ObjStrasseID="7802" ObjHausnummer="Podbielskistraße 58" ObjVorlage="2013-09-11 00:00:00.0" ObKeinKontakt="1" ObjArtID="1" Merkmal="0.0"/>
  <Objekte ObjID="3000" ObjAufnahme="1997-03-18" ObjLetztKontakt="1997-05-13" ObjStrasseID="7802" ObjHausnummer="Podbielskistraße 56" ObjVorlage="2013-09-11 00:00:00.0" ObKeinKontakt="1" ObjArtID="1" Merkmal="0.0"/>
  <Objekte ObjID="3001" ObjAufnahme="1997-03-18" ObjLetztKontakt="1997-05-13" ObjStrasseID="7802" ObjHausnummer="Podbielskistraße 54" ObjVorlage="2013-09-11 00:00:00.0" ObKeinKontakt="1" ObjArtID="1" Merkmal="0.0" ObjInfo="Eigentümergemeinschat"/>
  <Objekte ObjID="3002" ObjAufnahme="1997-03-18" ObjLetztKontakt="1997-05-13" ObjStrasseID="7802" ObjHausnummer="Podbielskistraße 50" ObjVorlage="2013-09-11 00:00:00.0" ObKeinKontakt="1" ObjArtID="1" Merkmal="0.0" ObjInfo="Herr Noe 660627"/>
  <Objekte ObjID="3003" ObjAufnahme="1997-03-18" ObjLetztKontakt="1997-05-13" ObjStrasseID="7802" ObjHausnummer="Podbielskistraße 48" ObjVorlage="2013-09-11 00:00:00.0" ObKeinKontakt="1" ObjArtID="1" Merkmal="0.0" ObjInfo="herr Noe 660627"/>
  <Objekte ObjID="3004" ObjAufnahme="1997-03-18" ObjLetztKontakt="1997-05-13" ObjStrasseID="7802" ObjHausnummer="Podbielskistraße 46" ObjVorlage="2013-09-11 00:00:00.0" ObKeinKontakt="1" ObjArtID="1" Merkmal="0.0" ObjInfo="Herr Noe Podbi 48 660627"/>
  <Objekte ObjID="3005" ObjAufnahme="1997-03-18" ObjLetztKontakt="1997-05-13" ObjStrasseID="7802" ObjHausnummer="Podbielskistraße 44" ObjVorlage="2013-09-11 00:00:00.0" ObKeinKontakt="1" ObjArtID="1" Merkmal="0.0" ObjInfo="Müller bau-und hausverwaltung"/>
  <Objekte ObjID="3006" ObjAufnahme="1997-03-18" ObjLetztKontakt="1997-05-13" ObjStrasseID="7802" ObjHausnummer="Podbielskistraße 42" ObjVorlage="2013-09-11 00:00:00.0" ObKeinKontakt="1" ObjArtID="1" Merkmal="0.0" ObjInfo="Müller Bau-und hausverwaltung"/>
  <Objekte ObjID="3007" ObjAufnahme="1997-03-18" ObjLetztKontakt="1997-05-13" ObjStrasseID="7802" ObjHausnummer="Podbielskistraße 38" ObjVorlage="2013-09-11 00:00:00.0" ObKeinKontakt="1" ObjArtID="1" Merkmal="0.0"/>
  <Objekte ObjID="3008" ObjAufnahme="1997-03-18" ObjLetztKontakt="1997-05-13" ObjStrasseID="7802" ObjHausnummer="Podbielskistraße 40" ObjVorlage="2013-09-11 00:00:00.0" ObKeinKontakt="1" ObjArtID="1" Merkmal="0.0" ObjInfo="Müller Bau Hausverwaltung"/>
  <Objekte ObjID="3009" ObjAufnahme="1997-03-18" ObjLetztKontakt="1997-05-13" ObjStrasseID="7802" ObjHausnummer="Podbielskistraße 36" ObjVorlage="2013-09-11 00:00:00.0" ObKeinKontakt="1" ObjArtID="1" Merkmal="0.0" ObjInfo="Eigentümergemeinschaft"/>
  <Objekte ObjID="3010" ObjAufnahme="1997-03-18" ObjLetztKontakt="1997-05-13" ObjStrasseID="7799" ObjHausnummer="Podbielskistraße 34" ObjVorlage="2013-09-11 00:00:00.0" ObKeinKontakt="1" ObjArtID="1" Merkmal="0.0"/>
  <Objekte ObjID="3011" ObjAufnahme="1997-03-18" ObjLetztKontakt="1997-05-13" ObjStrasseID="7799" ObjHausnummer="Podbielskistraße 32" ObjVorlage="2013-09-11 00:00:00.0" ObKeinKontakt="1" ObjArtID="1" Merkmal="0.0" ObjInfo="Wedemann-Markus 3940404"/>
  <Objekte ObjID="3012" ObjAufnahme="1997-03-18" ObjLetztKontakt="1997-05-13" ObjStrasseID="7799" ObjHausnummer="Podbielskistraße 30" ObjVorlage="2013-09-11 00:00:00.0" ObKeinKontakt="1" ObjArtID="1" Merkmal="0.0" ObjInfo="Herr Friedrichsmeier"/>
  <Objekte ObjID="3013" ObjAufnahme="1997-03-18" ObjLetztKontakt="1997-05-13" ObjStrasseID="7799" ObjHausnummer="Podbielskistraße 28" ObjVorlage="2013-09-11 00:00:00.0" ObKeinKontakt="1" ObjArtID="177" Merkmal="0.0"/>
  <Objekte ObjID="3014" ObjAufnahme="1997-03-18" ObjLetztKontakt="1997-05-13" ObjStrasseID="7799" ObjHausnummer="Podbielskistraße 26" ObjVorlage="2013-09-11 00:00:00.0" ObKeinKontakt="1" ObjArtID="1" Merkmal="0.0" ObjInfo="O.Glasow 623831"/>
  <Objekte ObjID="3015" ObjAufnahme="1997-03-18" ObjLetztKontakt="1997-05-13" ObjStrasseID="7799" ObjHausnummer="Podbielskistraße 24" ObjVorlage="2013-09-11 00:00:00.0" ObKeinKontakt="1" ObjArtID="1" Merkmal="0.0" ObjInfo="Prof Emmerich 3023250, oder Gundlach"/>
  <Objekte ObjID="3016" ObjAufnahme="1997-03-18" ObjLetztKontakt="1997-05-13" ObjStrasseID="7799" ObjHausnummer="Podbielskistraße 22" ObjVorlage="2013-09-11 00:00:00.0" ObKeinKontakt="1" ObjArtID="1" Merkmal="0.0" ObjInfo="Chemie-vertrieb Hannover 628151"/>
  <Objekte ObjID="3017" ObjAufnahme="1997-03-18" ObjLetztKontakt="1997-05-13" ObjStrasseID="7799" ObjHausnummer="Podbielskistraße 20" ObjVorlage="2013-09-11 00:00:00.0" ObKeinKontakt="1" ObjArtID="1" Merkmal="0.0"/>
  <Objekte ObjID="3018" ObjAufnahme="1997-03-18" ObjLetztKontakt="1997-05-13" ObjStrasseID="7799" ObjHausnummer="Podbielskistraße 18" ObjVorlage="2013-09-11 00:00:00.0" ObKeinKontakt="1" ObjArtID="1" Merkmal="0.0" ObjInfo="Herr Hazam 773516"/>
  <Objekte ObjID="3019" ObjAufnahme="1997-03-18" ObjLetztKontakt="1997-05-13" ObjStrasseID="7799" ObjHausnummer="Podbielskistraße 16" ObjVorlage="2013-09-11 00:00:00.0" ObKeinKontakt="1" ObjArtID="1" Merkmal="0.0"/>
  <Objekte ObjID="3020" ObjAufnahme="1997-03-18" ObjLetztKontakt="1997-05-13" ObjStrasseID="7799" ObjHausnummer="Podbielskistraße 14" ObjVorlage="2013-09-11 00:00:00.0" ObKeinKontakt="1" ObjArtID="200" Merkmal="0.0" ObjInfo="Herr Rolser hausmeister 391056"/>
  <Objekte ObjID="3021" ObjAufnahme="1997-03-18" ObjLetztKontakt="1997-05-13" ObjStrasseID="7799" ObjHausnummer="Podbielskistraße 12" ObjVorlage="2013-09-11 00:00:00.0" ObKeinKontakt="1" ObjArtID="1" Merkmal="0.0" ObjInfo="Herr Philipps 662317"/>
  <Objekte ObjID="3022" ObjAufnahme="1997-03-18" ObjLetztKontakt="1997-05-13" ObjStrasseID="7799" ObjHausnummer="Podbielskistraße 1" ObjVorlage="2013-09-11 00:00:00.0" ObKeinKontakt="1" ObjArtID="1" Merkmal="0.0" ObjInfo="Braun u. Kunderding 620894 668440"/>
  <Objekte ObjID="3023" ObjAufnahme="1997-03-18" ObjLetztKontakt="1997-05-13" ObjStrasseID="7799" ObjHausnummer="Podbielskistraße 3" ObjVorlage="2013-09-11 00:00:00.0" ObKeinKontakt="1" ObjArtID="1" Merkmal="0.0"/>
  <Objekte ObjID="3024" ObjAufnahme="1997-03-18" ObjLetztKontakt="1997-05-13" ObjStrasseID="7799" ObjHausnummer="Podbielskistraße 5" ObjVorlage="2013-04-26 00:00:00.0" ObKeinKontakt="2" ObjArtID="1" Merkmal="0.0" ObjInfo="Herr otte 445928"/>
  <Objekte ObjID="3025" ObjAufnahme="1997-03-18" ObjLetztKontakt="1997-05-13" ObjStrasseID="7799" ObjHausnummer="Podbielskistraße 7" ObjVorlage="2013-09-11 00:00:00.0" ObKeinKontakt="1" ObjArtID="1" Merkmal="0.0"/>
  <Objekte ObjID="3026" ObjAufnahme="1997-03-18" ObjLetztKontakt="1997-05-13" ObjStrasseID="7799" ObjHausnummer="Podbielskistraße 11" ObjVorlage="2013-09-11 00:00:00.0" ObKeinKontakt="1" ObjArtID="1" Merkmal="0.0" ObjInfo="Bahlsen"/>
  <Objekte ObjID="3027" ObjAufnahme="1997-03-18" ObjLetztKontakt="1997-05-13" ObjStrasseID="7799" ObjHausnummer="Podbielskistraße 19" ObjVorlage="2013-09-11 00:00:00.0" ObKeinKontakt="1" ObjArtID="1" Merkmal="0.0" ObjInfo="Bahlsen"/>
  <Objekte ObjID="3028" ObjAufnahme="1997-03-18" ObjLetztKontakt="1997-05-13" ObjStrasseID="7799" ObjHausnummer="Podbielskistraße 21" ObjVorlage="2013-09-11 00:00:00.0" ObKeinKontakt="1" ObjArtID="1" Merkmal="0.0"/>
  <Objekte ObjID="3030" ObjAufnahme="1997-03-18" ObjLetztKontakt="1997-05-13" ObjStrasseID="7799" ObjHausnummer="Podbielskistraße 27" ObjVorlage="2013-09-11 00:00:00.0" ObKeinKontakt="1" ObjArtID="1" Merkmal="0.0" ObjInfo="Gundlach"/>
  <Objekte ObjID="3031" ObjAufnahme="1997-03-18" ObjLetztKontakt="1997-05-13" ObjStrasseID="7799" ObjHausnummer="Podbielskistraße 29" ObjVorlage="2013-09-11 00:00:00.0" ObKeinKontakt="1" ObjArtID="1" Merkmal="0.0"/>
  <Objekte ObjID="3032" ObjAufnahme="1997-03-18" ObjLetztKontakt="2000-05-15" ObjStrasseID="7799" ObjHausnummer="Podbielskistraße 31" ObjVorlage="2013-09-11 00:00:00.0" ObKeinKontakt="5" ObjArtID="211" Merkmal="0.9999999999999999" ObjInfo="900262\2 Balkone  frei in max. 1/2 Jahr"/>
  <Objekte ObjID="3033" ObjAufnahme="1997-03-18" ObjLetztKontakt="1997-05-13" ObjStrasseID="7799" ObjHausnummer="Podbielskistraße 33" ObjVorlage="2013-09-11 00:00:00.0" ObKeinKontakt="1" ObjArtID="1" Merkmal="0.0"/>
  <Objekte ObjID="3034" ObjAufnahme="1997-03-18" ObjLetztKontakt="1997-05-13" ObjStrasseID="7799" ObjHausnummer="Podbielskistraße 35" ObjVorlage="2013-09-11 00:00:00.0" ObKeinKontakt="1" ObjArtID="1" Merkmal="0.0"/>
  <Objekte ObjID="3035" ObjAufnahme="1997-03-18" ObjLetztKontakt="2013-07-16" ObjStrasseID="7799" ObjHausnummer="Podbielskistraße 37" ObjVorlage="2013-09-11 00:00:00.0" ObKeinKontakt="2" ObjArtID="1" Merkmal="0.0" ObjInfo="nur Vermietung"/>
  <Objekte ObjID="3036" ObjAufnahme="1997-03-18" ObjLetztKontakt="1997-05-13" ObjStrasseID="7802" ObjHausnummer="Podbielskistraße 41" ObjVorlage="2013-09-11 00:00:00.0" ObKeinKontakt="1" ObjArtID="1" Merkmal="0.0"/>
  <Objekte ObjID="3037" ObjAufnahme="1997-03-18" ObjLetztKontakt="1997-05-13" ObjStrasseID="7802" ObjHausnummer="Podbielskistraße 43" ObjVorlage="2013-09-11 00:00:00.0" ObKeinKontakt="1" ObjArtID="1" Merkmal="0.0"/>
  <Objekte ObjID="3038" ObjAufnahme="1997-03-18" ObjLetztKontakt="1997-05-13" ObjStrasseID="7802" ObjHausnummer="Podbielskistraße 45" ObjVorlage="2013-09-11 00:00:00.0" ObKeinKontakt="1" ObjArtID="99" Merkmal="0.0" ObjInfo="395125\Blk."/>
  <Objekte ObjID="3039" ObjAufnahme="1997-03-18" ObjLetztKontakt="1997-05-13" ObjStrasseID="7802" ObjHausnummer="Podbielskistraße 47" ObjVorlage="2013-09-11 00:00:00.0" ObKeinKontakt="1" ObjArtID="1" Merkmal="0.0"/>
  <Objekte ObjID="3040" ObjAufnahme="1997-03-18" ObjLetztKontakt="1997-05-13" ObjStrasseID="7802" ObjHausnummer="Podbielskistraße 51" ObjVorlage="2013-09-11 00:00:00.0" ObKeinKontakt="1" ObjArtID="1" Merkmal="0.0"/>
  <Objekte ObjID="3042" ObjAufnahme="1997-03-18" ObjLetztKontakt="1997-05-13" ObjStrasseID="7802" ObjHausnummer="Podbielskistraße 55" ObjVorlage="2013-09-11 00:00:00.0" ObKeinKontakt="1" ObjArtID="221" Merkmal="0.0" ObjInfo="Hindermann 66003 FAX 663005"/>
  <Objekte ObjID="3043" ObjAufnahme="1997-03-18" ObjLetztKontakt="1997-05-13" ObjStrasseID="7802" ObjHausnummer="Podbielskistraße 57" ObjVorlage="2013-09-11 00:00:00.0" ObKeinKontakt="1" ObjArtID="1" Merkmal="0.0"/>
  <Objekte ObjID="3044" ObjAufnahme="1997-03-18" ObjLetztKontakt="1997-05-13" ObjStrasseID="7802" ObjHausnummer="Podbielskistraße 59" ObjVorlage="2013-09-11 00:00:00.0" ObKeinKontakt="1" ObjArtID="1" Merkmal="0.0"/>
  <Objekte ObjID="3045" ObjAufnahme="1997-03-18" ObjLetztKontakt="1997-05-13" ObjStrasseID="7802" ObjHausnummer="Podbielskistraße 61" ObjVorlage="2013-09-11 00:00:00.0" ObKeinKontakt="1" ObjArtID="1" Merkmal="0.0"/>
  <Objekte ObjID="3046" ObjAufnahme="1997-03-18" ObjLetztKontakt="1997-05-13" ObjStrasseID="7802" ObjHausnummer="Podbielskistraße 63" ObjVorlage="2013-09-11 00:00:00.0" ObKeinKontakt="1" ObjArtID="1" Merkmal="0.0"/>
  <Objekte ObjID="3047" ObjAufnahme="1997-03-18" ObjLetztKontakt="1997-05-13" ObjStrasseID="7802" ObjHausnummer="Podbielskistraße 67" ObjVorlage="2013-09-11 00:00:00.0" ObKeinKontakt="1" ObjArtID="1" Merkmal="0.0"/>
  <Objekte ObjID="3048" ObjAufnahme="1997-03-18" ObjLetztKontakt="1997-05-13" ObjStrasseID="7802" ObjHausnummer="Podbielskistraße 69" ObjVorlage="2013-09-11 00:00:00.0" ObKeinKontakt="1" ObjArtID="177" Merkmal="0.0" ObjInfo="Frau Kretzing 664376"/>
  <Objekte ObjID="3049" ObjAufnahme="1997-03-18" ObjLetztKontakt="1997-05-13" ObjStrasseID="7802" ObjHausnummer="Podbielskistraße 73" ObjVorlage="2013-09-11 00:00:00.0" ObKeinKontakt="1" ObjArtID="1" Merkmal="0.0" ObjInfo="Eigentümergemeinschaft"/>
  <Objekte ObjID="3050" ObjAufnahme="1997-03-18" ObjLetztKontakt="1997-05-13" ObjStrasseID="7802" ObjHausnummer="Podbielskistraße 84" ObjVorlage="2013-09-11 00:00:00.0" ObKeinKontakt="1" ObjArtID="1" Merkmal="0.0" ObjInfo="Herr kallert 669990"/>
  <Objekte ObjID="3051" ObjAufnahme="1997-03-18" ObjLetztKontakt="1997-05-13" ObjStrasseID="7802" ObjHausnummer="Podbielskistraße 82" ObjVorlage="2013-09-11 00:00:00.0" ObKeinKontakt="1" ObjArtID="1" Merkmal="0.0" ObjInfo="Herr Witkowski 667811"/>
  <Objekte ObjID="3052" ObjAufnahme="1997-03-18" ObjLetztKontakt="1997-03-18" ObjStrasseID="7802" ObjHausnummer="Podbielskistraße 80" ObjVorlage="2013-09-11 00:00:00.0" ObKeinKontakt="1" ObjArtID="1" Merkmal="0.0" ObjInfo="Herr Witkowsky Podbi 82 667811"/>
  <Objekte ObjID="3054" ObjAufnahme="1997-03-18" ObjLetztKontakt="1997-03-18" ObjStrasseID="7267" ObjHausnummer="Krugstraße 22" ObjVorlage="2013-09-11 00:00:00.0" ObKeinKontakt="1" ObjArtID="1" Merkmal="0.0" ObjInfo="Eigentümer eventuell ein Ralf Keppler oder Doris keppler oder Frau Rahlfs von evtl haus und Grund mieter: Brandt Martina&#09;Krugstr. 22&#09;30453 Hannover&#09;0511-481692&#xD;&#xA;Meier Wolfgang B„ckerei Konditorei&#09;K”rnerstr. 1&#09;30159 Hannover&#09;0511-1318214&#xD;&#xA;&#09;Krugstr. 22&#09;30453&#xD;&#xA;3055"/>
  <Objekte ObjID="3056" ObjAufnahme="1997-03-18" ObjLetztKontakt="1997-03-18" ObjStrasseID="7405" ObjHausnummer="Lister Kirchweg 2" ObjVorlage="1997-08-06 00:00:00.0" ObKeinKontakt="1" ObjArtID="1" Merkmal="0.0"/>
  <Objekte ObjID="3057" ObjAufnahme="1997-03-18" ObjLetztKontakt="1997-03-18" ObjStrasseID="8515" ObjHausnummer="Walter-Gieseking-Straße 14" ObjVorlage="2013-09-11 00:00:00.0" ObKeinKontakt="1" ObjArtID="9" Merkmal="0.0"/>
  <Objekte ObjID="3058" ObjAufnahme="1997-03-18" ObjLetztKontakt="1997-03-18" ObjStrasseID="8515" ObjHausnummer="Walter-Gieseking-Straße 16" ObjVorlage="2013-09-11 00:00:00.0" ObKeinKontakt="1" ObjArtID="1" Merkmal="0.0"/>
  <Objekte ObjID="3059" ObjAufnahme="1997-03-18" ObjLetztKontakt="1997-03-18" ObjStrasseID="8515" ObjHausnummer="Walter-Gieseking-Straße 18" ObjVorlage="2013-09-11 00:00:00.0" ObKeinKontakt="1" ObjArtID="1" Merkmal="0.0"/>
  <Objekte ObjID="3060" ObjAufnahme="1997-03-18" ObjLetztKontakt="1997-03-18" ObjStrasseID="8515" ObjHausnummer="Walter-Gieseking-Straße 20" ObjVorlage="2013-09-11 00:00:00.0" ObKeinKontakt="1" ObjArtID="1" Merkmal="0.0"/>
  <Objekte ObjID="3061" ObjAufnahme="1997-03-18" ObjLetztKontakt="1997-03-18" ObjStrasseID="8515" ObjHausnummer="Walter-Gieseking-Straße 22" ObjVorlage="2013-09-11 00:00:00.0" ObKeinKontakt="1" ObjArtID="1" Merkmal="0.0"/>
  <Objekte ObjID="3062" ObjAufnahme="1997-03-18" ObjLetztKontakt="1997-03-18" ObjStrasseID="8515" ObjHausnummer="Walter-Gieseking-Straße 24" ObjVorlage="2013-09-11 00:00:00.0" ObKeinKontakt="1" ObjArtID="1" Merkmal="0.0"/>
  <Objekte ObjID="3063" ObjAufnahme="1997-03-18" ObjLetztKontakt="1997-03-18" ObjStrasseID="8515" ObjHausnummer="Walter-Gieseking-Straße 26" ObjVorlage="2013-09-11 00:00:00.0" ObKeinKontakt="1" ObjArtID="1" Merkmal="0.0"/>
  <Objekte ObjID="3064" ObjAufnahme="1997-03-18" ObjLetztKontakt="1997-03-18" ObjStrasseID="8515" ObjHausnummer="Walter-Gieseking-Straße 28" ObjVorlage="2013-09-11 00:00:00.0" ObKeinKontakt="1" ObjArtID="1" Merkmal="0.0"/>
  <Objekte ObjID="3065" ObjAufnahme="1997-03-18" ObjLetztKontakt="1997-03-18" ObjStrasseID="8515" ObjHausnummer="Walter-Gieseking-Straße 21" ObjVorlage="2013-09-11 00:00:00.0" ObKeinKontakt="1" ObjArtID="1" Merkmal="0.0"/>
  <Objekte ObjID="3066" ObjAufnahme="1997-03-18" ObjLetztKontakt="1997-03-18" ObjStrasseID="8515" ObjHausnummer="Walter-Gieseking-Straße 19" ObjVorlage="2013-09-11 00:00:00.0" ObKeinKontakt="1" ObjArtID="1" Merkmal="0.0"/>
  <Objekte ObjID="3067" ObjAufnahme="1997-03-18" ObjLetztKontakt="1997-03-18" ObjStrasseID="8515" ObjHausnummer="Walter-Gieseking-Straße 17" ObjVorlage="2013-09-11 00:00:00.0" ObKeinKontakt="1" ObjArtID="1" Merkmal="0.0"/>
  <Objekte ObjID="3068" ObjAufnahme="1997-03-18" ObjLetztKontakt="1997-03-18" ObjStrasseID="8515" ObjHausnummer="Walter-Gieseking-Straße 15" ObjVorlage="2013-09-11 00:00:00.0" ObKeinKontakt="1" ObjArtID="1" Merkmal="0.0"/>
  <Objekte ObjID="3069" ObjAufnahme="1997-03-18" ObjLetztKontakt="1997-03-18" ObjStrasseID="8515" ObjHausnummer="Walter-Gieseking-Straße 13" ObjVorlage="2013-09-11 00:00:00.0" ObKeinKontakt="1" ObjArtID="1" Merkmal="0.0"/>
  <Objekte ObjID="3070" ObjAufnahme="1997-03-18" ObjLetztKontakt="1997-03-18" ObjStrasseID="8515" ObjHausnummer="Walter-Gieseking-Straße 11" ObjVorlage="2013-09-11 00:00:00.0" ObKeinKontakt="1" ObjArtID="1" Merkmal="0.0"/>
  <Objekte ObjID="3071" ObjAufnahme="1997-03-18" ObjLetztKontakt="1997-03-18" ObjStrasseID="8515" ObjHausnummer="Walter-Gieseking-Straße 9" ObjVorlage="2013-09-11 00:00:00.0" ObKeinKontakt="1" ObjArtID="1" Merkmal="0.0"/>
  <Objekte ObjID="3072" ObjAufnahme="1997-03-18" ObjLetztKontakt="1997-03-18" ObjStrasseID="8515" ObjHausnummer="Walter-Gieseking-Straße 7" ObjVorlage="2013-09-11 00:00:00.0" ObKeinKontakt="1" ObjArtID="1" Merkmal="0.0"/>
  <Objekte ObjID="3073" ObjAufnahme="1997-03-18" ObjLetztKontakt="1997-03-18" ObjStrasseID="8515" ObjHausnummer="Walter-Gieseking-Straße 5" ObjVorlage="2013-09-11 00:00:00.0" ObKeinKontakt="1" ObjArtID="1" Merkmal="0.0"/>
  <Objekte ObjID="3074" ObjAufnahme="1997-03-18" ObjLetztKontakt="1997-03-18" ObjStrasseID="8515" ObjHausnummer="Walter-Gieseking-Straße 3" ObjVorlage="2013-09-11 00:00:00.0" ObKeinKontakt="1" ObjArtID="1" Merkmal="0.0"/>
  <Objekte ObjID="3075" ObjAufnahme="1997-03-18" ObjLetztKontakt="1997-03-18" ObjStrasseID="8515" ObjHausnummer="Walter-Gieseking-Straße 1" ObjVorlage="2013-09-11 00:00:00.0" ObKeinKontakt="1" ObjArtID="1" Merkmal="0.0"/>
  <Objekte ObjID="3076" ObjAufnahme="1997-03-18" ObjLetztKontakt="1997-03-18" ObjStrasseID="8515" ObjHausnummer="Walter-Gieseking-Straße 4" ObjVorlage="2013-09-11 00:00:00.0" ObKeinKontakt="1" ObjArtID="1" Merkmal="0.0"/>
  <Objekte ObjID="3077" ObjAufnahme="1997-03-18" ObjLetztKontakt="1997-03-18" ObjStrasseID="8515" ObjHausnummer="Walter-Gieseking-Straße 6" ObjVorlage="2013-09-11 00:00:00.0" ObKeinKontakt="1" ObjArtID="1" Merkmal="0.0"/>
  <Objekte ObjID="3078" ObjAufnahme="1997-03-18" ObjLetztKontakt="1997-03-18" ObjStrasseID="8515" ObjHausnummer="Walter-Gieseking-Straße 10" ObjVorlage="2013-09-11 00:00:00.0" ObKeinKontakt="1" ObjArtID="1" Merkmal="0.0"/>
  <Objekte ObjID="3079" ObjAufnahme="1997-03-18" ObjLetztKontakt="1997-03-18" ObjStrasseID="8515" ObjHausnummer="Walter-Gieseking-Straße 12" ObjVorlage="2013-09-11 00:00:00.0" ObKeinKontakt="1" ObjArtID="1" Merkmal="0.0"/>
  <Objekte ObjID="3080" ObjAufnahme="1997-03-18" ObjLetztKontakt="1997-03-18" ObjStrasseID="8515" ObjHausnummer="Walter-Gieseking-Straße 23Tan" ObjVorlage="2013-09-11 00:00:00.0" ObKeinKontakt="1" ObjArtID="1" Merkmal="0.0"/>
  <Objekte ObjID="3081" ObjAufnahme="1997-03-18" ObjLetztKontakt="1997-05-13" ObjStrasseID="7800" ObjHausnummer="Podbielskistraße 246" ObjVorlage="2013-09-11 00:00:00.0" ObKeinKontakt="1" ObjArtID="1" Merkmal="0.0"/>
  <Objekte ObjID="3082" ObjAufnahme="1997-03-18" ObjLetztKontakt="1997-05-13" ObjStrasseID="7800" ObjHausnummer="Podbielskistraße 248" ObjVorlage="2013-09-11 00:00:00.0" ObKeinKontakt="1" ObjArtID="1" Merkmal="0.0"/>
  <Objekte ObjID="3083" ObjAufnahme="1997-03-18" ObjLetztKontakt="1997-05-13" ObjStrasseID="7800" ObjHausnummer="Podbielskistraße 250" ObjVorlage="2013-09-11 00:00:00.0" ObKeinKontakt="1" ObjArtID="1" Merkmal="0.0"/>
  <Objekte ObjID="3084" ObjAufnahme="1997-03-18" ObjLetztKontakt="1997-05-13" ObjStrasseID="7800" ObjHausnummer="Podbielskistraße 252" ObjVorlage="2013-09-11 00:00:00.0" ObKeinKontakt="1" ObjArtID="1" Merkmal="0.0"/>
  <Objekte ObjID="3085" ObjAufnahme="1997-03-18" ObjLetztKontakt="1997-05-13" ObjStrasseID="7800" ObjHausnummer="Podbielskistraße 254" ObjVorlage="2013-09-11 00:00:00.0" ObKeinKontakt="1" ObjArtID="1" Merkmal="0.0"/>
  <Objekte ObjID="3086" ObjAufnahme="1997-03-18" ObjLetztKontakt="1997-05-13" ObjStrasseID="7800" ObjHausnummer="Podbielskistraße 256" ObjVorlage="2013-09-11 00:00:00.0" ObKeinKontakt="1" ObjArtID="1" Merkmal="0.0"/>
  <Objekte ObjID="3087" ObjAufnahme="1997-03-18" ObjLetztKontakt="1997-05-13" ObjStrasseID="7800" ObjHausnummer="Podbielskistraße 258" ObjVorlage="2013-09-11 00:00:00.0" ObKeinKontakt="1" ObjArtID="1" Merkmal="0.0"/>
  <Objekte ObjID="3088" ObjAufnahme="1997-03-18" ObjLetztKontakt="1997-05-13" ObjStrasseID="7800" ObjHausnummer="Podbielskistraße 260" ObjVorlage="2013-09-11 00:00:00.0" ObKeinKontakt="1" ObjArtID="1" Merkmal="0.0"/>
  <Objekte ObjID="3089" ObjAufnahme="1997-03-18" ObjLetztKontakt="1997-05-13" ObjStrasseID="7800" ObjHausnummer="Podbielskistraße 262" ObjVorlage="2013-09-11 00:00:00.0" ObKeinKontakt="1" ObjArtID="1" Merkmal="0.0"/>
  <Objekte ObjID="3090" ObjAufnahme="1997-03-18" ObjLetztKontakt="1997-05-13" ObjStrasseID="7800" ObjHausnummer="Podbielskistraße 264" ObjVorlage="2013-09-11 00:00:00.0" ObKeinKontakt="1" ObjArtID="1" Merkmal="0.0"/>
  <Objekte ObjID="3091" ObjAufnahme="1997-03-18" ObjLetztKontakt="1997-05-13" ObjStrasseID="7800" ObjHausnummer="Podbielskistraße 266" ObjVorlage="2013-09-11 00:00:00.0" ObKeinKontakt="1" ObjArtID="1" Merkmal="0.0"/>
  <Objekte ObjID="3092" ObjAufnahme="1997-03-18" ObjLetztKontakt="1997-05-13" ObjStrasseID="7800" ObjHausnummer="Podbielskistraße 268" ObjVorlage="2013-09-11 00:00:00.0" ObKeinKontakt="1" ObjArtID="1" Merkmal="0.0"/>
  <Objekte ObjID="3093" ObjAufnahme="1997-03-18" ObjLetztKontakt="1997-05-13" ObjStrasseID="7800" ObjHausnummer="Podbielskistraße 270" ObjVorlage="2013-09-11 00:00:00.0" ObKeinKontakt="1" ObjArtID="1" Merkmal="0.0"/>
  <Objekte ObjID="3094" ObjAufnahme="1997-03-18" ObjLetztKontakt="1997-05-13" ObjStrasseID="7800" ObjHausnummer="Podbielskistraße 272" ObjVorlage="2013-09-11 00:00:00.0" ObKeinKontakt="1" ObjArtID="1" Merkmal="0.0"/>
  <Objekte ObjID="3095" ObjAufnahme="1997-03-18" ObjLetztKontakt="1997-05-13" ObjStrasseID="7800" ObjHausnummer="Podbielskistraße 274" ObjVorlage="2013-09-11 00:00:00.0" ObKeinKontakt="1" ObjArtID="1" Merkmal="0.0"/>
  <Objekte ObjID="3096" ObjAufnahme="1997-03-18" ObjLetztKontakt="1997-05-13" ObjStrasseID="7800" ObjHausnummer="Podbielskistraße 276" ObjVorlage="2013-09-11 00:00:00.0" ObKeinKontakt="1" ObjArtID="1" Merkmal="0.0"/>
  <Objekte ObjID="3097" ObjAufnahme="1997-03-18" ObjLetztKontakt="1997-05-13" ObjStrasseID="7800" ObjHausnummer="Podbielskistraße 278" ObjVorlage="2013-09-11 00:00:00.0" ObKeinKontakt="1" ObjArtID="1" Merkmal="0.0"/>
  <Objekte ObjID="3098" ObjAufnahme="1997-03-18" ObjLetztKontakt="1997-05-13" ObjStrasseID="7800" ObjHausnummer="Podbielskistraße 280" ObjVorlage="2013-09-11 00:00:00.0" ObKeinKontakt="1" ObjArtID="1" Merkmal="0.0"/>
  <Objekte ObjID="3099" ObjAufnahme="1997-03-18" ObjLetztKontakt="1997-05-13" ObjStrasseID="7800" ObjHausnummer="Podbielskistraße 282" ObjVorlage="2013-09-11 00:00:00.0" ObKeinKontakt="1" ObjArtID="1" Merkmal="0.0"/>
  <Objekte ObjID="3100" ObjAufnahme="1997-03-18" ObjLetztKontakt="1997-05-13" ObjStrasseID="7800" ObjHausnummer="Podbielskistraße 284" ObjVorlage="2013-09-11 00:00:00.0" ObKeinKontakt="1" ObjArtID="1" Merkmal="0.0"/>
  <Objekte ObjID="3101" ObjAufnahme="1997-03-18" ObjLetztKontakt="1997-05-13" ObjStrasseID="7800" ObjHausnummer="Podbielskistraße 286" ObjVorlage="2013-09-11 00:00:00.0" ObKeinKontakt="1" ObjArtID="1" Merkmal="0.0"/>
  <Objekte ObjID="3102" ObjAufnahme="1997-03-18" ObjLetztKontakt="1997-05-13" ObjStrasseID="7800" ObjHausnummer="Podbielskistraße 288" ObjVorlage="2013-09-11 00:00:00.0" ObKeinKontakt="1" ObjArtID="1" Merkmal="0.0"/>
  <Objekte ObjID="3103" ObjAufnahme="1997-03-18" ObjLetztKontakt="1997-05-13" ObjStrasseID="7800" ObjHausnummer="Podbielskistraße 290" ObjVorlage="2013-09-11 00:00:00.0" ObKeinKontakt="1" ObjArtID="1" Merkmal="0.0"/>
  <Objekte ObjID="3104" ObjAufnahme="1997-03-18" ObjLetztKontakt="1997-05-13" ObjStrasseID="7800" ObjHausnummer="Podbielskistraße 292" ObjVorlage="2013-09-11 00:00:00.0" ObKeinKontakt="1" ObjArtID="1" Merkmal="0.0"/>
  <Objekte ObjID="3105" ObjAufnahme="1997-03-18" ObjLetztKontakt="1997-05-13" ObjStrasseID="7800" ObjHausnummer="Podbielskistraße 294" ObjVorlage="2013-09-11 00:00:00.0" ObKeinKontakt="1" ObjArtID="1" Merkmal="0.0"/>
  <Objekte ObjID="3106" ObjAufnahme="1997-03-18" ObjLetztKontakt="1997-05-13" ObjStrasseID="7800" ObjHausnummer="Podbielskistraße 296" ObjVorlage="2013-09-11 00:00:00.0" ObKeinKontakt="1" ObjArtID="1" Merkmal="0.0"/>
  <Objekte ObjID="3107" ObjAufnahme="1997-03-18" ObjLetztKontakt="1997-05-13" ObjStrasseID="7800" ObjHausnummer="Podbielskistraße 298" ObjVorlage="2013-09-11 00:00:00.0" ObKeinKontakt="1" ObjArtID="1" Merkmal="0.0"/>
  <Objekte ObjID="3108" ObjAufnahme="1997-03-18" ObjLetztKontakt="1997-05-13" ObjStrasseID="7800" ObjHausnummer="Podbielskistraße 300" ObjVorlage="2013-09-11 00:00:00.0" ObKeinKontakt="1" ObjArtID="1" Merkmal="0.0"/>
  <Objekte ObjID="3109" ObjAufnahme="1997-03-18" ObjLetztKontakt="1997-05-13" ObjStrasseID="7800" ObjHausnummer="Podbielskistraße 289" ObjVorlage="2013-09-11 00:00:00.0" ObKeinKontakt="1" ObjArtID="1" Merkmal="0.0"/>
  <Objekte ObjID="3110" ObjAufnahme="1997-03-18" ObjLetztKontakt="1997-05-13" ObjStrasseID="7800" ObjHausnummer="Podbielskistraße 259" ObjVorlage="2013-09-11 00:00:00.0" ObKeinKontakt="1" ObjArtID="1" Merkmal="0.0"/>
  <Objekte ObjID="3111" ObjAufnahme="1997-03-18" ObjLetztKontakt="1997-05-13" ObjStrasseID="7800" ObjHausnummer="Podbielskistraße 257" ObjVorlage="2013-09-11 00:00:00.0" ObKeinKontakt="1" ObjArtID="1" Merkmal="0.0"/>
  <Objekte ObjID="3113" ObjAufnahme="1997-03-18" ObjLetztKontakt="1997-05-13" ObjStrasseID="7800" ObjHausnummer="Podbielskistraße 255" ObjVorlage="2013-09-11 00:00:00.0" ObKeinKontakt="1" ObjArtID="1" Merkmal="0.0"/>
  <Objekte ObjID="3114" ObjAufnahme="1997-03-18" ObjLetztKontakt="1997-05-13" ObjStrasseID="7800" ObjHausnummer="Podbielskistraße 251" ObjVorlage="2013-09-11 00:00:00.0" ObKeinKontakt="1" ObjArtID="1" Merkmal="0.0"/>
  <Objekte ObjID="3115" ObjAufnahme="1997-03-18" ObjLetztKontakt="1997-05-13" ObjStrasseID="7800" ObjHausnummer="Podbielskistraße 249" ObjVorlage="2013-09-11 00:00:00.0" ObKeinKontakt="1" ObjArtID="1" Merkmal="0.0"/>
  <Objekte ObjID="3116" ObjAufnahme="1997-03-18" ObjLetztKontakt="1997-05-13" ObjStrasseID="7800" ObjHausnummer="Podbielskistraße 247" ObjVorlage="2013-09-11 00:00:00.0" ObKeinKontakt="1" ObjArtID="1" Merkmal="0.0"/>
  <Objekte ObjID="3117" ObjAufnahme="1997-03-18" ObjLetztKontakt="1997-05-13" ObjStrasseID="7800" ObjHausnummer="Podbielskistraße 245" ObjVorlage="2013-09-11 00:00:00.0" ObKeinKontakt="1" ObjArtID="1" Merkmal="0.0"/>
  <Objekte ObjID="3118" ObjAufnahme="1997-03-18" ObjLetztKontakt="1997-05-13" ObjStrasseID="7800" ObjHausnummer="Podbielskistraße 241" ObjVorlage="2013-09-11 00:00:00.0" ObKeinKontakt="1" ObjArtID="1" Merkmal="0.0"/>
  <Objekte ObjID="3119" ObjAufnahme="1997-03-18" ObjLetztKontakt="1997-05-13" ObjStrasseID="7800" ObjHausnummer="Podbielskistraße 239" ObjVorlage="2013-09-11 00:00:00.0" ObKeinKontakt="1" ObjArtID="1" Merkmal="0.0"/>
  <Objekte ObjID="3120" ObjAufnahme="1997-03-18" ObjLetztKontakt="1997-05-13" ObjStrasseID="7800" ObjHausnummer="Podbielskistraße 237" ObjVorlage="2013-09-11 00:00:00.0" ObKeinKontakt="1" ObjArtID="1" Merkmal="0.0"/>
  <Objekte ObjID="3121" ObjAufnahme="1997-03-18" ObjLetztKontakt="1997-05-13" ObjStrasseID="7800" ObjHausnummer="Podbielskistraße 235" ObjVorlage="2013-09-11 00:00:00.0" ObKeinKontakt="1" ObjArtID="1" Merkmal="0.0"/>
  <Objekte ObjID="3122" ObjAufnahme="1997-03-18" ObjLetztKontakt="1997-05-13" ObjStrasseID="7800" ObjHausnummer="Podbielskistraße 231" ObjVorlage="2013-09-11 00:00:00.0" ObKeinKontakt="1" ObjArtID="1" Merkmal="0.0"/>
  <Objekte ObjID="3123" ObjAufnahme="1997-03-18" ObjLetztKontakt="1997-05-13" ObjStrasseID="7800" ObjHausnummer="Podbielskistraße 229" ObjVorlage="2013-09-11 00:00:00.0" ObKeinKontakt="1" ObjArtID="1" Merkmal="0.0"/>
  <Objekte ObjID="3124" ObjAufnahme="1997-03-18" ObjLetztKontakt="1997-05-13" ObjStrasseID="7800" ObjHausnummer="Podbielskistraße 227" ObjVorlage="2013-09-11 00:00:00.0" ObKeinKontakt="1" ObjArtID="1" Merkmal="0.0"/>
  <Objekte ObjID="3125" ObjAufnahme="1997-03-18" ObjLetztKontakt="1997-05-13" ObjStrasseID="7800" ObjHausnummer="Podbielskistraße 225" ObjVorlage="2013-09-11 00:00:00.0" ObKeinKontakt="1" ObjArtID="1" Merkmal="0.0"/>
  <Objekte ObjID="3126" ObjAufnahme="1997-03-18" ObjLetztKontakt="1997-05-13" ObjStrasseID="7800" ObjHausnummer="Podbielskistraße 223" ObjVorlage="2013-09-11 00:00:00.0" ObKeinKontakt="1" ObjArtID="1" Merkmal="0.0"/>
  <Objekte ObjID="3127" ObjAufnahme="1997-03-18" ObjLetztKontakt="1997-05-13" ObjStrasseID="7800" ObjHausnummer="Podbielskistraße 221" ObjVorlage="2013-09-11 00:00:00.0" ObKeinKontakt="1" ObjArtID="1" Merkmal="0.0"/>
  <Objekte ObjID="3128" ObjAufnahme="1997-03-18" ObjLetztKontakt="1997-05-13" ObjStrasseID="7800" ObjHausnummer="Podbielskistraße 219" ObjVorlage="2013-09-11 00:00:00.0" ObKeinKontakt="1" ObjArtID="1" Merkmal="0.0"/>
  <Objekte ObjID="3129" ObjAufnahme="1997-03-18" ObjLetztKontakt="1997-05-13" ObjStrasseID="7800" ObjHausnummer="Podbielskistraße 217" ObjVorlage="2013-09-11 00:00:00.0" ObKeinKontakt="1" ObjArtID="1" Merkmal="0.0"/>
  <Objekte ObjID="3130" ObjAufnahme="1997-03-18" ObjLetztKontakt="1997-05-13" ObjStrasseID="7800" ObjHausnummer="Podbielskistraße 240" ObjVorlage="2013-09-11 00:00:00.0" ObKeinKontakt="1" ObjArtID="1" Merkmal="0.0"/>
  <Objekte ObjID="3131" ObjAufnahme="1997-03-18" ObjLetztKontakt="1997-05-13" ObjStrasseID="7802" ObjHausnummer="Podbielskistraße 216" ObjVorlage="2013-09-11 00:00:00.0" ObKeinKontakt="1" ObjArtID="1" Merkmal="0.0"/>
  <Objekte ObjID="3133" ObjAufnahme="1997-03-18" ObjLetztKontakt="1997-05-13" ObjStrasseID="7800" ObjHausnummer="Podbielskistraße 344" ObjVorlage="2013-09-11 00:00:00.0" ObKeinKontakt="1" ObjArtID="1" Merkmal="0.0"/>
  <Objekte ObjID="3134" ObjAufnahme="1997-03-18" ObjLetztKontakt="1997-05-13" ObjStrasseID="7800" ObjHausnummer="Podbielskistraße 342" ObjVorlage="2013-09-11 00:00:00.0" ObKeinKontakt="1" ObjArtID="1" Merkmal="0.0"/>
  <Objekte ObjID="3135" ObjAufnahme="1997-03-18" ObjLetztKontakt="1997-05-13" ObjStrasseID="7800" ObjHausnummer="Podbielskistraße 332" ObjVorlage="2013-09-11 00:00:00.0" ObKeinKontakt="1" ObjArtID="1" Merkmal="0.0"/>
  <Objekte ObjID="3136" ObjAufnahme="1997-03-18" ObjLetztKontakt="1997-05-13" ObjStrasseID="7800" ObjHausnummer="Podbielskistraße 322" ObjVorlage="2013-09-11 00:00:00.0" ObKeinKontakt="1" ObjArtID="1" Merkmal="0.0"/>
  <Objekte ObjID="3137" ObjAufnahme="1997-03-18" ObjLetztKontakt="1997-05-13" ObjStrasseID="7800" ObjHausnummer="Podbielskistraße 318" ObjVorlage="2013-09-11 00:00:00.0" ObKeinKontakt="1" ObjArtID="1" Merkmal="0.0"/>
  <Objekte ObjID="3138" ObjAufnahme="1997-03-18" ObjLetztKontakt="1997-05-13" ObjStrasseID="7800" ObjHausnummer="Podbielskistraße 316" ObjVorlage="2013-09-11 00:00:00.0" ObKeinKontakt="1" ObjArtID="1" Merkmal="0.0"/>
  <Objekte ObjID="3139" ObjAufnahme="1997-03-18" ObjLetztKontakt="1997-05-13" ObjStrasseID="7800" ObjHausnummer="Podbielskistraße 314" ObjVorlage="2013-09-11 00:00:00.0" ObKeinKontakt="1" ObjArtID="1" Merkmal="0.0"/>
  <Objekte ObjID="3140" ObjAufnahme="1997-03-18" ObjLetztKontakt="1997-05-13" ObjStrasseID="7800" ObjHausnummer="Podbielskistraße 306" ObjVorlage="2013-09-11 00:00:00.0" ObKeinKontakt="1" ObjArtID="1" Merkmal="0.0"/>
  <Objekte ObjID="3141" ObjAufnahme="1997-04-07" ObjLetztKontakt="1997-04-07" ObjStrasseID="7210" ObjHausnummer="Kollenrodtstraße 21" ObjVorlage="2013-09-11 00:00:00.0" ObKeinKontakt="1" ObjArtID="1" Merkmal="0.0" ObjInfo="Schmidt"/>
  <Objekte ObjID="3142" ObjAufnahme="1997-04-07" ObjLetztKontakt="1997-04-07" ObjStrasseID="7210" ObjHausnummer="Kollenrodtstraße 20" ObjVorlage="2013-09-11 00:00:00.0" ObKeinKontakt="1" ObjArtID="1" Merkmal="0.0" ObjInfo="Oberländer-Länger"/>
  <Objekte ObjID="3143" ObjAufnahme="1997-04-07" ObjLetztKontakt="1997-04-07" ObjStrasseID="7210" ObjHausnummer="Kollenrodtstraße 19" ObjVorlage="2013-09-11 00:00:00.0" ObKeinKontakt="1" ObjArtID="1" Merkmal="0.0" ObjInfo="Frau Lütke 05108-4331"/>
  <Objekte ObjID="3144" ObjAufnahme="1997-04-07" ObjLetztKontakt="1997-04-07" ObjStrasseID="7210" ObjHausnummer="Kollenrodtstraße 18" ObjVorlage="2013-09-11 00:00:00.0" ObKeinKontakt="1" ObjArtID="1" Merkmal="0.0" ObjInfo="Hausmeister Herr Lang 664110; 1979 Frau Jarschel, Lohrbach/Baden, Am Heidebuckel"/>
  <Objekte ObjID="3145" ObjAufnahme="1997-04-07" ObjLetztKontakt="1997-04-07" ObjStrasseID="7210" ObjHausnummer="Kollenrodtstraße 17" ObjVorlage="2013-09-11 00:00:00.0" ObKeinKontakt="1" ObjArtID="177" Merkmal="0.0" ObjInfo="Eigentümergemeinschaft"/>
  <Objekte ObjID="3146" ObjAufnahme="1997-04-07" ObjLetztKontakt="1997-04-07" ObjStrasseID="7210" ObjHausnummer="Kollenrodtstraße 16" ObjVorlage="2013-09-11 00:00:00.0" ObKeinKontakt="1" ObjArtID="1" Merkmal="0.0" ObjInfo="Eigentümergemeinschaft; 1979 Moje, Classenweg 10, Hamurg"/>
  <Objekte ObjID="3147" ObjAufnahme="1997-04-07" ObjLetztKontakt="1997-04-07" ObjStrasseID="7210" ObjHausnummer="Kollenrodtstraße 54" ObjVorlage="2013-09-11 00:00:00.0" ObKeinKontakt="1" ObjArtID="1" Merkmal="0.0" ObjInfo="mercator immobilien Ferdi Walli 662021; 1979 Pfefer Heppenheim u. Oehler, Hamburg"/>
  <Objekte ObjID="3148" ObjAufnahme="1997-04-07" ObjLetztKontakt="1997-04-07" ObjStrasseID="7210" ObjHausnummer="Kollenrodtstraße 53" ObjVorlage="2013-09-11 00:00:00.0" ObKeinKontakt="1" ObjArtID="1" Merkmal="0.0" ObjInfo="siehe 51"/>
  <Objekte ObjID="3149" ObjAufnahme="1997-04-07" ObjLetztKontakt="1997-04-07" ObjStrasseID="7210" ObjHausnummer="Kollenrodtstraße 52" ObjVorlage="2013-09-11 00:00:00.0" ObKeinKontakt="1" ObjArtID="1" Merkmal="0.0" ObjInfo="siehe 51"/>
  <Objekte ObjID="3150" ObjAufnahme="1997-04-07" ObjLetztKontakt="1997-04-07" ObjStrasseID="7210" ObjHausnummer="Kollenrodtstraße 51" ObjVorlage="2013-09-11 00:00:00.0" ObKeinKontakt="1" ObjArtID="1" Merkmal="0.0" ObjInfo="Herr Dirks Callinstr. (798488); 1979 Forster, Bonn"/>
  <Objekte ObjID="3151" ObjAufnahme="1997-03-18" ObjLetztKontakt="1997-05-13" ObjStrasseID="7800" ObjHausnummer="Podbielskistraße 293" ObjVorlage="2013-09-11 00:00:00.0" ObKeinKontakt="1" ObjArtID="1" Merkmal="0.0"/>
  <Objekte ObjID="3152" ObjAufnahme="1997-03-18" ObjLetztKontakt="1997-05-13" ObjStrasseID="7800" ObjHausnummer="Podbielskistraße 295" ObjVorlage="2013-09-11 00:00:00.0" ObKeinKontakt="1" ObjArtID="1" Merkmal="0.0"/>
  <Objekte ObjID="3153" ObjAufnahme="1997-03-18" ObjLetztKontakt="1997-05-13" ObjStrasseID="7801" ObjHausnummer="Podbielskistraße 311" ObjVorlage="2013-09-11 00:00:00.0" ObKeinKontakt="1" ObjArtID="1" Merkmal="0.0"/>
  <Objekte ObjID="3154" ObjAufnahme="1997-03-18" ObjLetztKontakt="1997-05-13" ObjStrasseID="7801" ObjHausnummer="Podbielskistraße 313" ObjVorlage="2013-09-11 00:00:00.0" ObKeinKontakt="1" ObjArtID="1" Merkmal="0.0"/>
  <Objekte ObjID="3155" ObjAufnahme="1997-03-18" ObjLetztKontakt="1997-05-13" ObjStrasseID="7801" ObjHausnummer="Podbielskistraße 315" ObjVorlage="2013-09-11 00:00:00.0" ObKeinKontakt="1" ObjArtID="1" Merkmal="0.0"/>
  <Objekte ObjID="3156" ObjAufnahme="1997-03-18" ObjLetztKontakt="1997-05-13" ObjStrasseID="7801" ObjHausnummer="Podbielskistraße 321" ObjVorlage="2013-09-11 00:00:00.0" ObKeinKontakt="1" ObjArtID="1" Merkmal="0.0"/>
  <Objekte ObjID="3157" ObjAufnahme="1997-03-18" ObjLetztKontakt="1997-05-13" ObjStrasseID="7801" ObjHausnummer="Podbielskistraße 339" ObjVorlage="2013-09-11 00:00:00.0" ObKeinKontakt="1" ObjArtID="1" Merkmal="0.0"/>
  <Objekte ObjID="3158" ObjAufnahme="1997-03-18" ObjLetztKontakt="1997-05-13" ObjStrasseID="7801" ObjHausnummer="Podbielskistraße 396" ObjVorlage="2013-09-11 00:00:00.0" ObKeinKontakt="1" ObjArtID="1" Merkmal="0.0"/>
  <Objekte ObjID="3159" ObjAufnahme="1997-03-18" ObjLetztKontakt="1997-05-13" ObjStrasseID="7801" ObjHausnummer="Podbielskistraße 349" ObjVorlage="2013-09-11 00:00:00.0" ObKeinKontakt="1" ObjArtID="1" Merkmal="0.0"/>
  <Objekte ObjID="3161" ObjAufnahme="1997-03-18" ObjLetztKontakt="1997-05-13" ObjStrasseID="7801" ObjHausnummer="Podbielskistraße 382" ObjVorlage="2013-09-11 00:00:00.0" ObKeinKontakt="1" ObjArtID="1" Merkmal="0.0"/>
  <Objekte ObjID="3162" ObjAufnahme="1997-03-18" ObjLetztKontakt="1997-05-13" ObjStrasseID="7801" ObjHausnummer="Podbielskistraße 390" ObjVorlage="2013-09-11 00:00:00.0" ObKeinKontakt="1" ObjArtID="1" Merkmal="0.0"/>
  <Objekte ObjID="3163" ObjAufnahme="1997-03-18" ObjLetztKontakt="1997-05-13" ObjStrasseID="7801" ObjHausnummer="Podbielskistraße 370" ObjVorlage="2013-09-11 00:00:00.0" ObKeinKontakt="1" ObjArtID="1" Merkmal="0.0"/>
  <Objekte ObjID="3164" ObjAufnahme="1997-03-18" ObjLetztKontakt="1997-05-13" ObjStrasseID="7801" ObjHausnummer="Podbielskistraße 364" ObjVorlage="2013-09-11 00:00:00.0" ObKeinKontakt="1" ObjArtID="1" Merkmal="0.0"/>
  <Objekte ObjID="3165" ObjAufnahme="1997-03-18" ObjLetztKontakt="1997-05-13" ObjStrasseID="7801" ObjHausnummer="Podbielskistraße 362" ObjVorlage="2013-09-11 00:00:00.0" ObKeinKontakt="1" ObjArtID="1" Merkmal="0.0"/>
  <Objekte ObjID="3166" ObjAufnahme="1997-03-18" ObjLetztKontakt="1997-05-13" ObjStrasseID="7801" ObjHausnummer="Podbielskistraße 360" ObjVorlage="2013-09-11 00:00:00.0" ObKeinKontakt="1" ObjArtID="1" Merkmal="0.0"/>
  <Objekte ObjID="3167" ObjAufnahme="1997-03-18" ObjLetztKontakt="1997-05-13" ObjStrasseID="7801" ObjHausnummer="Podbielskistraße 358" ObjVorlage="2013-09-11 00:00:00.0" ObKeinKontakt="1" ObjArtID="1" Merkmal="0.0"/>
  <Objekte ObjID="3168" ObjAufnahme="1997-03-18" ObjLetztKontakt="1997-05-13" ObjStrasseID="7801" ObjHausnummer="Podbielskistraße 356" ObjVorlage="2013-09-11 00:00:00.0" ObKeinKontakt="1" ObjArtID="1" Merkmal="0.0"/>
  <Objekte ObjID="3169" ObjAufnahme="1997-03-18" ObjLetztKontakt="1997-05-13" ObjStrasseID="7801" ObjHausnummer="Podbielskistraße 354" ObjVorlage="2013-09-11 00:00:00.0" ObKeinKontakt="1" ObjArtID="1" Merkmal="0.0"/>
  <Objekte ObjID="3170" ObjAufnahme="1997-03-18" ObjLetztKontakt="1997-05-13" ObjStrasseID="7801" ObjHausnummer="Podbielskistraße 352" ObjVorlage="2013-09-11 00:00:00.0" ObKeinKontakt="1" ObjArtID="1" Merkmal="0.0"/>
  <Objekte ObjID="3171" ObjAufnahme="1997-03-18" ObjLetztKontakt="1997-05-13" ObjStrasseID="7801" ObjHausnummer="Podbielskistraße 350" ObjVorlage="2013-09-11 00:00:00.0" ObKeinKontakt="1" ObjArtID="1" Merkmal="0.0"/>
  <Objekte ObjID="3172" ObjAufnahme="1997-03-18" ObjLetztKontakt="1997-05-13" ObjStrasseID="7898" ObjHausnummer="Riethorst 2" ObjVorlage="2013-09-11 00:00:00.0" ObKeinKontakt="1" ObjArtID="1" Merkmal="0.0" ObjInfo="Klotz, Jutta Tel. 31 90 92, Mieterin"/>
  <Objekte ObjID="3173" ObjAufnahme="1997-03-18" ObjLetztKontakt="1997-05-13" ObjStrasseID="7898" ObjHausnummer="Riethorst 4" ObjVorlage="2013-09-11 00:00:00.0" ObKeinKontakt="1" ObjArtID="1" Merkmal="0.0" ObjInfo="Klotz, Jutta Tel. 31 90 92, Mieterin"/>
  <Objekte ObjID="3174" ObjAufnahme="1997-03-18" ObjLetztKontakt="1997-05-13" ObjStrasseID="7898" ObjHausnummer="Riethorst 12" ObjVorlage="2013-09-11 00:00:00.0" ObKeinKontakt="1" ObjArtID="1" Merkmal="0.0" ObjInfo="Klotz, Jutta Tel. 31 90 92, Mieterin"/>
  <Objekte ObjID="3175" ObjAufnahme="1997-04-07" ObjLetztKontakt="1997-04-07" ObjStrasseID="6272" ObjHausnummer="Drostestraße 16" ObjVorlage="2013-09-11 00:00:00.0" ObKeinKontakt="1" ObjArtID="5" Merkmal="0.0" ObjInfo="Verwaltung : Herr Wardesee 050663461"/>
  <Objekte ObjID="3176" ObjAufnahme="1997-04-07" ObjLetztKontakt="1997-04-07" ObjStrasseID="6272" ObjHausnummer="Drostestraße 12" ObjVorlage="2013-09-11 00:00:00.0" ObKeinKontakt="1" ObjArtID="5" Merkmal="0.0"/>
  <Objekte ObjID="3177" ObjAufnahme="1997-04-07" ObjLetztKontakt="1997-04-07" ObjStrasseID="6272" ObjHausnummer="Drostestraße 14" ObjVorlage="2013-09-11 00:00:00.0" ObKeinKontakt="1" ObjArtID="5" Merkmal="0.0"/>
  <Objekte ObjID="3178" ObjAufnahme="1997-04-07" ObjLetztKontakt="1997-04-07" ObjStrasseID="6272" ObjHausnummer="Drostestraße 8" ObjVorlage="2013-09-11 00:00:00.0" ObKeinKontakt="1" ObjArtID="5" Merkmal="0.0" ObjInfo="Verwaltung Herr Müller, Sandweg 2 31319 Sehnde, 05138-2379"/>
  <Objekte ObjID="3179" ObjAufnahme="1997-04-07" ObjLetztKontakt="1997-04-07" ObjStrasseID="6272" ObjHausnummer="Drostestraße 6" ObjVorlage="2013-09-11 00:00:00.0" ObKeinKontakt="1" ObjArtID="5" Merkmal="0.0" ObjInfo="Frau Dorothea Spethmann Hasse 650193 verwaltung Frank Mu immobilien 3457"/>
  <Objekte ObjID="3180" ObjAufnahme="1997-04-07" ObjLetztKontakt="1997-04-07" ObjStrasseID="6272" ObjHausnummer="Drostestraße 3" ObjVorlage="2013-09-11 00:00:00.0" ObKeinKontakt="1" ObjArtID="5" Merkmal="0.0"/>
  <Objekte ObjID="3181" ObjAufnahme="1997-04-07" ObjLetztKontakt="1997-04-07" ObjStrasseID="6272" ObjHausnummer="Drostestraße 2" ObjVorlage="2013-09-11 00:00:00.0" ObKeinKontakt="1" ObjArtID="177" Merkmal="0.0" ObjInfo="Apel Gartenstraße 30161 hannover"/>
  <Objekte ObjID="3182" ObjAufnahme="1997-04-07" ObjLetztKontakt="1997-04-07" ObjStrasseID="6272" ObjHausnummer="Drostestraße 23" ObjVorlage="2013-09-11 00:00:00.0" ObKeinKontakt="1" ObjArtID="5" Merkmal="0.0" ObjInfo="H.Bolte,H.J.Grotjahn"/>
  <Objekte ObjID="3183" ObjAufnahme="1997-04-07" ObjLetztKontakt="1997-04-07" ObjStrasseID="6272" ObjHausnummer="Drostestraße 25" ObjVorlage="2013-09-11 00:00:00.0" ObKeinKontakt="1" ObjArtID="5" Merkmal="0.0" ObjInfo="F.Kasten edenstraße 7 313377"/>
  <Objekte ObjID="3184" ObjAufnahme="1997-04-07" ObjLetztKontakt="1997-04-07" ObjStrasseID="6272" ObjHausnummer="Drostestraße 27" ObjVorlage="2013-09-11 00:00:00.0" ObKeinKontakt="1" ObjArtID="5" Merkmal="0.0" ObjInfo="Feierabendhaus des DRK"/>
  <Objekte ObjID="3185" ObjAufnahme="1997-04-07" ObjLetztKontakt="1997-04-07" ObjStrasseID="6272" ObjHausnummer="Drostestraße 31" ObjVorlage="2013-09-11 00:00:00.0" ObKeinKontakt="1" ObjArtID="5" Merkmal="0.0"/>
  <Objekte ObjID="3186" ObjAufnahme="1997-04-07" ObjLetztKontakt="1997-04-07" ObjStrasseID="6272" ObjHausnummer="Drostestraße 33" ObjVorlage="2013-09-11 00:00:00.0" ObKeinKontakt="1" ObjArtID="5" Merkmal="0.0" ObjInfo="Ch. Jonas Flachsgraben 5 30916 Isernhagen Süd Gundlach Hausverwaltung"/>
  <Objekte ObjID="3187" ObjAufnahme="1997-04-07" ObjLetztKontakt="1997-04-07" ObjStrasseID="6272" ObjHausnummer="Drostestraße 35" ObjVorlage="2013-09-11 00:00:00.0" ObKeinKontakt="1" ObjArtID="5" Merkmal="0.0" ObjInfo="Erbengemeinschaft Dröse 318777"/>
  <Objekte ObjID="3188" ObjAufnahme="1997-04-07" ObjLetztKontakt="1997-04-07" ObjStrasseID="6272" ObjHausnummer="Drostestraße 37" ObjVorlage="2013-09-11 00:00:00.0" ObKeinKontakt="1" ObjArtID="5" Merkmal="0.0"/>
  <Objekte ObjID="3189" ObjAufnahme="1997-04-07" ObjLetztKontakt="1997-04-07" ObjStrasseID="6272" ObjHausnummer="Drostestraße 39" ObjVorlage="2013-09-11 00:00:00.0" ObKeinKontakt="1" ObjArtID="5" Merkmal="0.0" ObjInfo="H.hensel Edenstraße 11 30161 hannover 314459"/>
  <Objekte ObjID="3190" ObjAufnahme="1997-04-07" ObjLetztKontakt="1997-04-07" ObjStrasseID="6272" ObjHausnummer="Drostestraße 41" ObjVorlage="2013-09-11 00:00:00.0" ObKeinKontakt="1" ObjArtID="5" Merkmal="0.0" ObjInfo="Herr R. Ahrens"/>
  <Objekte ObjID="3191" ObjAufnahme="1997-04-07" ObjLetztKontakt="1997-04-07" ObjStrasseID="6272" ObjHausnummer="Drostestraße 44" ObjVorlage="2013-09-11 00:00:00.0" ObKeinKontakt="1" ObjArtID="5" Merkmal="0.0"/>
  <Objekte ObjID="3192" ObjAufnahme="1997-04-07" ObjLetztKontakt="1997-04-07" ObjStrasseID="6272" ObjHausnummer="Drostestraße 36" ObjVorlage="2013-09-11 00:00:00.0" ObKeinKontakt="1" ObjArtID="5" Merkmal="0.0"/>
  <Objekte ObjID="3193" ObjAufnahme="1997-04-07" ObjLetztKontakt="1997-04-07" ObjStrasseID="6272" ObjHausnummer="Drostestraße 34" ObjVorlage="2013-09-11 00:00:00.0" ObKeinKontakt="1" ObjArtID="5" Merkmal="0.0"/>
  <Objekte ObjID="3194" ObjAufnahme="1997-04-07" ObjLetztKontakt="1997-04-07" ObjStrasseID="6272" ObjHausnummer="Drostestraße 32" ObjVorlage="2013-09-11 00:00:00.0" ObKeinKontakt="1" ObjArtID="5" Merkmal="0.0"/>
  <Objekte ObjID="3195" ObjAufnahme="1997-04-07" ObjLetztKontakt="1997-04-07" ObjStrasseID="6272" ObjHausnummer="Drostestraße 30" ObjVorlage="2013-09-11 00:00:00.0" ObKeinKontakt="1" ObjArtID="5" Merkmal="0.0"/>
  <Objekte ObjID="3196" ObjAufnahme="1997-04-07" ObjLetztKontakt="1997-04-07" ObjStrasseID="6272" ObjHausnummer="Drostestraße 22" ObjVorlage="2013-09-11 00:00:00.0" ObKeinKontakt="1" ObjArtID="5" Merkmal="0.0"/>
  <Objekte ObjID="3197" ObjAufnahme="1997-04-07" ObjLetztKontakt="1997-04-07" ObjStrasseID="6272" ObjHausnummer="Drostestraße 20" ObjVorlage="2013-09-11 00:00:00.0" ObKeinKontakt="1" ObjArtID="5" Merkmal="0.0" ObjInfo="R.Gabriel Bemeroder Anger 19 30539 hannover"/>
  <Objekte ObjID="3198" ObjAufnahme="1997-04-07" ObjLetztKontakt="1997-04-07" ObjStrasseID="6272" ObjHausnummer="Drostestraße 18" ObjVorlage="2013-09-11 00:00:00.0" ObKeinKontakt="1" ObjArtID="54" Merkmal="0.0"/>
  <Objekte ObjID="3199" ObjAufnahme="1997-03-18" ObjLetztKontakt="1997-05-13" ObjStrasseID="6294" ObjHausnummer="Edenstraße 46" ObjVorlage="2013-09-11 00:00:00.0" ObKeinKontakt="1" ObjArtID="1" Merkmal="0.0"/>
  <Objekte ObjID="3200" ObjAufnahme="1997-03-18" ObjLetztKontakt="1997-05-13" ObjStrasseID="6294" ObjHausnummer="Edenstraße 48" ObjVorlage="2013-09-11 00:00:00.0" ObKeinKontakt="5" ObjArtID="1" Merkmal="0.0" ObjInfo="Frau helene heine, Beims ist verwalter 661122 , ca. 200 m² Wohnfläche zusammen angebl. 1,5 Mio DM (12-fache) zusammen mit F.-W. 7 355 m² Grundfläche etwas stimmt nicht/gem.Notiz b.a.w. nicht mehr anbieten/11/9.98"/>
  <Objekte ObjID="3201" ObjAufnahme="1997-03-18" ObjLetztKontakt="1997-05-13" ObjStrasseID="6293" ObjHausnummer="Edenstraße 40" ObjVorlage="2013-09-11 00:00:00.0" ObKeinKontakt="1" ObjArtID="1" Merkmal="0.0"/>
  <Objekte ObjID="3202" ObjAufnahme="1997-03-18" ObjLetztKontakt="1997-05-13" ObjStrasseID="6293" ObjHausnummer="Edenstraße 42" ObjVorlage="2013-09-11 00:00:00.0" ObKeinKontakt="1" ObjArtID="177" Merkmal="0.0" ObjInfo="H.Runne, Konradenstraße 28 Langenhagen 637567"/>
  <Objekte ObjID="3203" ObjAufnahme="1997-03-18" ObjLetztKontakt="1997-05-13" ObjStrasseID="6294" ObjHausnummer="Edenstraße 43" ObjVorlage="2013-09-11 00:00:00.0" ObKeinKontakt="1" ObjArtID="1" Merkmal="0.0"/>
  <Objekte ObjID="3204" ObjAufnahme="1997-03-18" ObjLetztKontakt="1997-05-13" ObjStrasseID="6294" ObjHausnummer="Edenstraße 39" ObjVorlage="2013-09-11 00:00:00.0" ObKeinKontakt="1" ObjArtID="1" Merkmal="0.0" ObjInfo="Landeskirchliche gemeinschaft 665585"/>
  <Objekte ObjID="3205" ObjAufnahme="1997-03-18" ObjLetztKontakt="1997-05-13" ObjStrasseID="6293" ObjHausnummer="Edenstraße 37" ObjVorlage="2013-09-11 00:00:00.0" ObKeinKontakt="1" ObjArtID="1" Merkmal="0.0" ObjInfo="Fittger siehe 33"/>
  <Objekte ObjID="3206" ObjAufnahme="1997-03-18" ObjLetztKontakt="1997-05-13" ObjStrasseID="6293" ObjHausnummer="Edenstraße 35" ObjVorlage="2013-09-11 00:00:00.0" ObKeinKontakt="1" ObjArtID="1" Merkmal="0.0" ObjInfo="siehe 33"/>
  <Objekte ObjID="3207" ObjAufnahme="1997-03-18" ObjLetztKontakt="1997-05-13" ObjStrasseID="6293" ObjHausnummer="Edenstraße 33" ObjVorlage="2013-09-11 00:00:00.0" ObKeinKontakt="1" ObjArtID="1" Merkmal="0.0" ObjInfo="siehe 31"/>
  <Objekte ObjID="3208" ObjAufnahme="1997-03-18" ObjLetztKontakt="2001-03-14" ObjStrasseID="6293" ObjHausnummer="Edenstraße 31" ObjVorlage="2013-09-11 00:00:00.0" ObKeinKontakt="1" ObjArtID="1" Merkmal="0.0" ObjInfo="H.Fittger hohenzollernstraße 34 30161 hannover 311153  u. 312402"/>
  <Objekte ObjID="3209" ObjAufnahme="1997-03-18" ObjLetztKontakt="1997-05-13" ObjStrasseID="6293" ObjHausnummer="Edenstraße 23" ObjVorlage="2013-09-11 00:00:00.0" ObKeinKontakt="1" ObjArtID="1" Merkmal="0.0"/>
  <Objekte ObjID="3210" ObjAufnahme="1997-03-18" ObjLetztKontakt="2001-03-14" ObjStrasseID="6293" ObjHausnummer="Edenstraße 13" ObjVorlage="2013-09-11 00:00:00.0" ObKeinKontakt="1" ObjArtID="1" Merkmal="0.0" ObjInfo="Herr H.Eggers, Goebenstraße 37"/>
  <Objekte ObjID="3211" ObjAufnahme="1997-03-18" ObjLetztKontakt="2001-03-14" ObjStrasseID="6293" ObjHausnummer="Edenstraße 11" ObjVorlage="2013-09-11 00:00:00.0" ObKeinKontakt="1" ObjArtID="1" Merkmal="0.0" ObjInfo="H.Hensel, K.Lattmann 3480170"/>
  <Objekte ObjID="3212" ObjAufnahme="1997-03-18" ObjLetztKontakt="2001-03-14" ObjStrasseID="6293" ObjHausnummer="Edenstraße 9" ObjVorlage="2013-09-11 00:00:00.0" ObKeinKontakt="1" ObjArtID="1" Merkmal="0.0" ObjInfo="H.Bundfuss"/>
  <Objekte ObjID="3213" ObjAufnahme="1997-03-18" ObjLetztKontakt="2001-03-14" ObjStrasseID="6293" ObjHausnummer="Edenstraße 7" ObjVorlage="2013-09-11 00:00:00.0" ObKeinKontakt="1" ObjArtID="1" Merkmal="0.0" ObjInfo="R.Pape Edenstraße 7"/>
  <Objekte ObjID="3214" ObjAufnahme="1997-03-18" ObjLetztKontakt="2001-03-14" ObjStrasseID="6293" ObjHausnummer="Edenstraße 1" ObjVorlage="2013-09-11 00:00:00.0" ObKeinKontakt="1" ObjArtID="1" Merkmal="0.0" ObjInfo="Dr. med. H. Heller 3503235"/>
  <Objekte ObjID="3215" ObjAufnahme="1997-03-18" ObjLetztKontakt="2001-03-14" ObjStrasseID="6293" ObjHausnummer="Edenstraße 2" ObjVorlage="2013-09-11 00:00:00.0" ObKeinKontakt="1" ObjArtID="1" Merkmal="0.0" ObjInfo="Uwe Kaires Hausmeister: Nass"/>
  <Objekte ObjID="3216" ObjAufnahme="1997-03-18" ObjLetztKontakt="2001-03-14" ObjStrasseID="6293" ObjHausnummer="Edenstraße 4" ObjVorlage="2013-09-11 00:00:00.0" ObKeinKontakt="1" ObjArtID="1" Merkmal="0.0" ObjInfo="G.Olbricht Friedrich-ebert-Str. 5  31157 sarstedt"/>
  <Objekte ObjID="3217" ObjAufnahme="1997-03-18" ObjLetztKontakt="2001-03-14" ObjStrasseID="6293" ObjHausnummer="Edenstraße 6" ObjVorlage="2013-09-11 00:00:00.0" ObKeinKontakt="1" ObjArtID="1" Merkmal="0.0" ObjInfo="Borchert 39343 Emden"/>
  <Objekte ObjID="3218" ObjAufnahme="1997-03-18" ObjLetztKontakt="1997-05-13" ObjStrasseID="6293" ObjHausnummer="Edenstraße 8" ObjVorlage="2013-09-11 00:00:00.0" ObKeinKontakt="1" ObjArtID="1" Merkmal="0.0" ObjInfo="Gertrud Sellers, England, verwaltung: Reichsbund Hausmeister: Remstedt, Anderter straße 584078"/>
  <Objekte ObjID="3219" ObjAufnahme="1997-03-18" ObjLetztKontakt="1997-05-13" ObjStrasseID="6293" ObjHausnummer="Edenstraße 10" ObjVorlage="2013-09-11 00:00:00.0" ObKeinKontakt="1" ObjArtID="1" Merkmal="0.0" ObjInfo="Firma IVG"/>
  <Objekte ObjID="3220" ObjAufnahme="1997-03-18" ObjLetztKontakt="1999-11-25" ObjStrasseID="6293" ObjHausnummer="Edenstraße 12" ObjVorlage="2013-09-11 00:00:00.0" ObKeinKontakt="1" ObjArtID="5" Merkmal="0.0" ObjInfo="Herr fricke"/>
  <Objekte ObjID="3221" ObjAufnahme="1997-03-18" ObjLetztKontakt="2001-03-14" ObjStrasseID="6293" ObjHausnummer="Edenstraße 14" ObjVorlage="2013-09-11 00:00:00.0" ObKeinKontakt="1" ObjArtID="1" Merkmal="0.0" ObjInfo="Herr Vollbracht 4509467"/>
  <Objekte ObjID="3222" ObjAufnahme="1997-03-18" ObjLetztKontakt="2001-03-14" ObjStrasseID="6293" ObjHausnummer="Edenstraße 16" ObjVorlage="2013-09-11 00:00:00.0" ObKeinKontakt="1" ObjArtID="1" Merkmal="0.0" ObjInfo="Herren Thorsten u. Joachim Stellmacher Lothringer Str. 29   52 46 29"/>
  <Objekte ObjID="3223" ObjAufnahme="1997-03-18" ObjLetztKontakt="1997-05-13" ObjStrasseID="6293" ObjHausnummer="Edenstraße 18" ObjVorlage="2013-09-11 00:00:00.0" ObKeinKontakt="1" ObjArtID="160" Merkmal="0.0"/>
  <Objekte ObjID="3224" ObjAufnahme="1997-03-18" ObjLetztKontakt="1997-05-13" ObjStrasseID="6293" ObjHausnummer="Edenstraße 20" ObjVorlage="2013-09-11 00:00:00.0" ObKeinKontakt="1" ObjArtID="110" Merkmal="0.0" ObjInfo="6740\"/>
  <Objekte ObjID="3225" ObjAufnahme="1997-03-18" ObjLetztKontakt="1997-05-13" ObjStrasseID="6293" ObjHausnummer="Edenstraße 22" ObjVorlage="2013-09-11 00:00:00.0" ObKeinKontakt="1" ObjArtID="1" Merkmal="0.0" ObjInfo="Hartmuth Taube 667769"/>
  <Objekte ObjID="3226" ObjAufnahme="1997-03-18" ObjLetztKontakt="2001-03-14" ObjStrasseID="6293" ObjHausnummer="Edenstraße 24" ObjVorlage="2013-09-11 00:00:00.0" ObKeinKontakt="1" ObjArtID="1" Merkmal="0.0" ObjInfo="H.Eicke Argestorf, 391496"/>
  <Objekte ObjID="3227" ObjAufnahme="1997-03-18" ObjLetztKontakt="1997-05-13" ObjStrasseID="6293" ObjHausnummer="Edenstraße 26" ObjVorlage="2013-09-11 00:00:00.0" ObKeinKontakt="1" ObjArtID="1" Merkmal="0.0" ObjInfo="Karl-heinz-hartmann 665715, 697575"/>
  <Objekte ObjID="3228" ObjAufnahme="1997-03-18" ObjLetztKontakt="1997-05-13" ObjStrasseID="6293" ObjHausnummer="Edenstraße 28" ObjVorlage="2013-09-11 00:00:00.0" ObKeinKontakt="1" ObjArtID="1" Merkmal="0.0" ObjInfo="Karl-Heinz Hartmann siehe 26"/>
  <Objekte ObjID="3229" ObjAufnahme="1997-03-18" ObjLetztKontakt="1997-05-13" ObjStrasseID="6293" ObjHausnummer="Edenstraße 30" ObjVorlage="2013-09-11 00:00:00.0" ObKeinKontakt="1" ObjArtID="1" Merkmal="0.0"/>
  <Objekte ObjID="3230" ObjAufnahme="1997-03-18" ObjLetztKontakt="2001-03-14" ObjStrasseID="6293" ObjHausnummer="Edenstraße 36" ObjVorlage="2013-09-11 00:00:00.0" ObKeinKontakt="1" ObjArtID="1" Merkmal="0.0" ObjInfo="Herr Heitmann 628007"/>
  <Objekte ObjID="3232" ObjAufnahme="1997-03-18" ObjLetztKontakt="1997-05-13" ObjStrasseID="6293" ObjHausnummer="Edenstraße 38" ObjVorlage="2013-09-11 00:00:00.0" ObKeinKontakt="1" ObjArtID="1" Merkmal="0.0" ObjInfo="Stern hausmeister herr Toler"/>
  <Objekte ObjID="3233" ObjAufnahme="1997-03-18" ObjLetztKontakt="1997-05-13" ObjStrasseID="7551" ObjHausnummer="Mithoffstraße 3" ObjVorlage="2013-09-11 00:00:00.0" ObKeinKontakt="1" ObjArtID="1" Merkmal="0.0"/>
  <Objekte ObjID="3234" ObjAufnahme="1997-03-18" ObjLetztKontakt="1997-05-13" ObjStrasseID="7551" ObjHausnummer="Mithoffstraße 6" ObjVorlage="2013-09-11 00:00:00.0" ObKeinKontakt="1" ObjArtID="1" Merkmal="0.0"/>
  <Objekte ObjID="3235" ObjAufnahme="1997-03-18" ObjLetztKontakt="1997-05-13" ObjStrasseID="7551" ObjHausnummer="Mithoffstraße 5" ObjVorlage="2013-09-11 00:00:00.0" ObKeinKontakt="1" ObjArtID="1" Merkmal="0.0"/>
  <Objekte ObjID="3236" ObjAufnahme="1997-03-18" ObjLetztKontakt="1997-05-13" ObjStrasseID="7551" ObjHausnummer="Mithoffstraße 4A" ObjVorlage="2013-09-11 00:00:00.0" ObKeinKontakt="1" ObjArtID="1" Merkmal="0.0"/>
  <Objekte ObjID="3237" ObjAufnahme="1997-03-18" ObjLetztKontakt="1997-05-13" ObjStrasseID="7551" ObjHausnummer="Mithoffstraße 1" ObjVorlage="2013-09-11 00:00:00.0" ObKeinKontakt="1" ObjArtID="1" Merkmal="0.0"/>
  <Objekte ObjID="3238" ObjAufnahme="1997-03-18" ObjLetztKontakt="1997-05-13" ObjStrasseID="7557" ObjHausnummer="Mohrmannstraße 1" ObjVorlage="2013-09-11 00:00:00.0" ObKeinKontakt="1" ObjArtID="1" Merkmal="0.0"/>
  <Objekte ObjID="3239" ObjAufnahme="1997-03-18" ObjLetztKontakt="1997-05-13" ObjStrasseID="7557" ObjHausnummer="Mohrmannstraße 2" ObjVorlage="2013-09-11 00:00:00.0" ObKeinKontakt="1" ObjArtID="1" Merkmal="0.0"/>
  <Objekte ObjID="3240" ObjAufnahme="1997-03-18" ObjLetztKontakt="1997-05-13" ObjStrasseID="7557" ObjHausnummer="Mohrmannstraße 2A" ObjVorlage="2013-09-11 00:00:00.0" ObKeinKontakt="1" ObjArtID="1" Merkmal="0.0"/>
  <Objekte ObjID="3241" ObjAufnahme="1997-03-18" ObjLetztKontakt="1997-05-13" ObjStrasseID="7557" ObjHausnummer="Mohrmannstraße 3" ObjVorlage="2013-09-11 00:00:00.0" ObKeinKontakt="1" ObjArtID="1" Merkmal="0.0"/>
  <Objekte ObjID="3242" ObjAufnahme="1997-03-18" ObjLetztKontakt="1997-05-13" ObjStrasseID="7203" ObjHausnummer="Kokenstraße 1" ObjVorlage="2013-09-11 00:00:00.0" ObKeinKontakt="1" ObjArtID="1" Merkmal="0.0"/>
  <Objekte ObjID="3243" ObjAufnahme="1997-03-18" ObjLetztKontakt="1997-05-13" ObjStrasseID="7203" ObjHausnummer="Kokenstraße 1A" ObjVorlage="2013-09-11 00:00:00.0" ObKeinKontakt="1" ObjArtID="1" Merkmal="0.0"/>
  <Objekte ObjID="3244" ObjAufnahme="1997-03-18" ObjLetztKontakt="1997-05-13" ObjStrasseID="7203" ObjHausnummer="Kokenstraße 17" ObjVorlage="2013-09-11 00:00:00.0" ObKeinKontakt="1" ObjArtID="167" Merkmal="0.0"/>
  <Objekte ObjID="3245" ObjAufnahme="1997-03-18" ObjLetztKontakt="1997-05-13" ObjStrasseID="7203" ObjHausnummer="Kokenstraße 16" ObjVorlage="2013-09-11 00:00:00.0" ObKeinKontakt="1" ObjArtID="1" Merkmal="0.0"/>
  <Objekte ObjID="3246" ObjAufnahme="1997-03-18" ObjLetztKontakt="1997-05-13" ObjStrasseID="7203" ObjHausnummer="Kokenstraße 15" ObjVorlage="2013-09-11 00:00:00.0" ObKeinKontakt="1" ObjArtID="173" Merkmal="0.0"/>
  <Objekte ObjID="3247" ObjAufnahme="1997-03-18" ObjLetztKontakt="1997-05-13" ObjStrasseID="7203" ObjHausnummer="Kokenstraße 14" ObjVorlage="2013-09-11 00:00:00.0" ObKeinKontakt="1" ObjArtID="1" Merkmal="0.0"/>
  <Objekte ObjID="3248" ObjAufnahme="1997-03-18" ObjLetztKontakt="1997-05-13" ObjStrasseID="7203" ObjHausnummer="Kokenstraße 13" ObjVorlage="2013-09-11 00:00:00.0" ObKeinKontakt="1" ObjArtID="1" Merkmal="0.0"/>
  <Objekte ObjID="3249" ObjAufnahme="1997-03-18" ObjLetztKontakt="1997-05-13" ObjStrasseID="7203" ObjHausnummer="Kokenstraße 12" ObjVorlage="2013-09-11 00:00:00.0" ObKeinKontakt="1" ObjArtID="1" Merkmal="0.0"/>
  <Objekte ObjID="3250" ObjAufnahme="1997-03-18" ObjLetztKontakt="1997-05-13" ObjStrasseID="7203" ObjHausnummer="Kokenstraße 11" ObjVorlage="2013-09-11 00:00:00.0" ObKeinKontakt="1" ObjArtID="1" Merkmal="0.0"/>
  <Objekte ObjID="3251" ObjAufnahme="1997-03-18" ObjLetztKontakt="1997-05-13" ObjStrasseID="7138" ObjHausnummer="Kestnerstraße 50" ObjVorlage="2013-09-11 00:00:00.0" ObKeinKontakt="1" ObjArtID="1" Merkmal="0.0"/>
  <Objekte ObjID="3252" ObjAufnahme="1997-03-18" ObjLetztKontakt="1997-05-13" ObjStrasseID="7138" ObjHausnummer="Kestnerstraße 51" ObjVorlage="2013-09-11 00:00:00.0" ObKeinKontakt="1" ObjArtID="1" Merkmal="0.0"/>
  <Objekte ObjID="3253" ObjAufnahme="1997-03-18" ObjLetztKontakt="1997-05-13" ObjStrasseID="7138" ObjHausnummer="Kestnerstraße 51?" ObjVorlage="2013-09-11 00:00:00.0" ObKeinKontakt="1" ObjArtID="1" Merkmal="0.0"/>
  <Objekte ObjID="3254" ObjAufnahme="1997-03-18" ObjLetztKontakt="1997-05-13" ObjStrasseID="7138" ObjHausnummer="Kestnerstraße 4" ObjVorlage="2013-09-11 00:00:00.0" ObKeinKontakt="1" ObjArtID="1" Merkmal="0.0"/>
  <Objekte ObjID="3255" ObjAufnahme="1997-03-18" ObjLetztKontakt="1997-05-13" ObjStrasseID="7138" ObjHausnummer="Kestnerstraße 5" ObjVorlage="2013-09-11 00:00:00.0" ObKeinKontakt="1" ObjArtID="1" Merkmal="0.0"/>
  <Objekte ObjID="3256" ObjAufnahme="1997-03-18" ObjLetztKontakt="1997-05-13" ObjStrasseID="7138" ObjHausnummer="Kestnerstraße 6" ObjVorlage="2013-09-11 00:00:00.0" ObKeinKontakt="1" ObjArtID="1" Merkmal="0.0"/>
  <Objekte ObjID="3257" ObjAufnahme="1997-03-18" ObjLetztKontakt="1997-05-13" ObjStrasseID="7138" ObjHausnummer="Kestnerstraße 7" ObjVorlage="2013-09-11 00:00:00.0" ObKeinKontakt="1" ObjArtID="1" Merkmal="0.0"/>
  <Objekte ObjID="3258" ObjAufnahme="1997-03-18" ObjLetztKontakt="2001-10-22" ObjStrasseID="7138" ObjHausnummer="Kestnerstraße 8" ObjVorlage="2013-09-11 00:00:00.0" ObKeinKontakt="9" ObjArtID="252" Merkmal="0.0" ObjInfo="390118\N-O S-W Blk"/>
  <Objekte ObjID="3259" ObjAufnahme="1997-03-18" ObjLetztKontakt="1997-05-13" ObjStrasseID="7138" ObjHausnummer="Kestnerstraße 9" ObjVorlage="2013-09-11 00:00:00.0" ObKeinKontakt="1" ObjArtID="1" Merkmal="0.0"/>
  <Objekte ObjID="3260" ObjAufnahme="1997-03-18" ObjLetztKontakt="1997-05-13" ObjStrasseID="7138" ObjHausnummer="Kestnerstraße 11" ObjVorlage="2013-09-11 00:00:00.0" ObKeinKontakt="1" ObjArtID="1" Merkmal="0.0"/>
  <Objekte ObjID="3261" ObjAufnahme="1997-03-18" ObjLetztKontakt="1997-05-13" ObjStrasseID="7138" ObjHausnummer="Kestnerstraße 12" ObjVorlage="2013-09-11 00:00:00.0" ObKeinKontakt="1" ObjArtID="1" Merkmal="0.0"/>
  <Objekte ObjID="3262" ObjAufnahme="1997-03-18" ObjLetztKontakt="1997-05-13" ObjStrasseID="7138" ObjHausnummer="Kestnerstraße 13" ObjVorlage="2013-09-11 00:00:00.0" ObKeinKontakt="1" ObjArtID="1" Merkmal="0.0"/>
  <Objekte ObjID="3263" ObjAufnahme="1997-03-18" ObjLetztKontakt="1997-03-18" ObjStrasseID="8515" ObjHausnummer="Walter-Gieseking-Straße 30" ObjVorlage="2013-09-11 00:00:00.0" ObKeinKontakt="2" ObjArtID="1" Merkmal="0.0" ObjInfo="Haben größeren Bestand&#xD;&#xA;auch Arnswaldstr 31 0511855905&#xD;&#xA;Arnswaldstr 29"/>
  <Objekte ObjID="3264" ObjAufnahme="1997-03-18" ObjLetztKontakt="1997-03-18" ObjStrasseID="8515" ObjHausnummer="Walter-Gieseking-Straße 32" ObjVorlage="2013-09-11 00:00:00.0" ObKeinKontakt="1" ObjArtID="1" Merkmal="0.0"/>
  <Objekte ObjID="3265" ObjAufnahme="1997-03-18" ObjLetztKontakt="1997-05-13" ObjStrasseID="5991" ObjHausnummer="Blücherstraße 2" ObjVorlage="2013-09-11 00:00:00.0" ObKeinKontakt="1" ObjArtID="1" Merkmal="0.0" ObjInfo="Frau bucholski Gellertstr. 814242"/>
  <Objekte ObjID="3266" ObjAufnahme="1997-03-18" ObjLetztKontakt="1997-05-13" ObjStrasseID="5991" ObjHausnummer="Blücherstraße 3" ObjVorlage="2013-09-11 00:00:00.0" ObKeinKontakt="1" ObjArtID="1" Merkmal="0.0" ObjInfo="herr walter friedrich Am brink 14 05171-51344"/>
  <Objekte ObjID="3267" ObjAufnahme="1997-03-18" ObjLetztKontakt="1997-05-13" ObjStrasseID="5991" ObjHausnummer="Blücherstraße 4" ObjVorlage="2013-09-11 00:00:00.0" ObKeinKontakt="1" ObjArtID="1" Merkmal="0.0"/>
  <Objekte ObjID="3268" ObjAufnahme="1997-03-18" ObjLetztKontakt="1997-05-13" ObjStrasseID="5991" ObjHausnummer="Blücherstraße 5" ObjVorlage="2013-09-11 00:00:00.0" ObKeinKontakt="1" ObjArtID="1" Merkmal="0.0" ObjInfo="evtl wie 4"/>
  <Objekte ObjID="3269" ObjAufnahme="1997-03-18" ObjLetztKontakt="1997-05-13" ObjStrasseID="5991" ObjHausnummer="Blücherstraße 6" ObjVorlage="2013-09-11 00:00:00.0" ObKeinKontakt="1" ObjArtID="1" Merkmal="0.0"/>
  <Objekte ObjID="3270" ObjAufnahme="1997-03-18" ObjLetztKontakt="1997-05-13" ObjStrasseID="5991" ObjHausnummer="Blücherstraße 7" ObjVorlage="2013-09-11 00:00:00.0" ObKeinKontakt="1" ObjArtID="1" Merkmal="0.0"/>
  <Objekte ObjID="3271" ObjAufnahme="1997-03-18" ObjLetztKontakt="1997-05-13" ObjStrasseID="6344" ObjHausnummer="Emmichplatz 1" ObjVorlage="2013-09-11 00:00:00.0" ObKeinKontakt="1" ObjArtID="1" Merkmal="0.0"/>
  <Objekte ObjID="3272" ObjAufnahme="1997-03-18" ObjLetztKontakt="1997-05-13" ObjStrasseID="6344" ObjHausnummer="Emmichplatz 3" ObjVorlage="2013-09-11 00:00:00.0" ObKeinKontakt="1" ObjArtID="1" Merkmal="0.0"/>
  <Objekte ObjID="3273" ObjAufnahme="1997-03-18" ObjLetztKontakt="1997-05-13" ObjStrasseID="6344" ObjHausnummer="Emmichplatz 4" ObjVorlage="2013-09-11 00:00:00.0" ObKeinKontakt="1" ObjArtID="1" Merkmal="0.0"/>
  <Objekte ObjID="3274" ObjAufnahme="1997-03-18" ObjLetztKontakt="1997-05-13" ObjStrasseID="8344" ObjHausnummer="Tattersall 1" ObjVorlage="2013-09-11 00:00:00.0" ObKeinKontakt="1" ObjArtID="1" Merkmal="0.0"/>
  <Objekte ObjID="3275" ObjAufnahme="1997-03-18" ObjLetztKontakt="1997-05-13" ObjStrasseID="8344" ObjHausnummer="Tattersall 2" ObjVorlage="2013-09-11 00:00:00.0" ObKeinKontakt="2" ObjArtID="1" Merkmal="0.0"/>
  <Objekte ObjID="3276" ObjAufnahme="1997-03-18" ObjLetztKontakt="1997-05-13" ObjStrasseID="8344" ObjHausnummer="Tattersall 3" ObjVorlage="2013-09-11 00:00:00.0" ObKeinKontakt="1" ObjArtID="1" Merkmal="0.0"/>
  <Objekte ObjID="3277" ObjAufnahme="1997-03-18" ObjLetztKontakt="1997-05-13" ObjStrasseID="8344" ObjHausnummer="Tattersall 4" ObjVorlage="2013-09-11 00:00:00.0" ObKeinKontakt="1" ObjArtID="1" Merkmal="0.0"/>
  <Objekte ObjID="3278" ObjAufnahme="1997-03-18" ObjLetztKontakt="1997-05-13" ObjStrasseID="8344" ObjHausnummer="Tattersall 5" ObjVorlage="2013-09-11 00:00:00.0" ObKeinKontakt="1" ObjArtID="1" Merkmal="0.0"/>
  <Objekte ObjID="3279" ObjAufnahme="1997-03-18" ObjLetztKontakt="1997-05-13" ObjStrasseID="7812" ObjHausnummer="Postkamp 5XX" ObjVorlage="2013-09-11 00:00:00.0" ObKeinKontakt="1" ObjArtID="10" Merkmal="0.0" ObjInfo="genaue Hausnummer nicht bekannt"/>
  <Objekte ObjID="3280" ObjAufnahme="1997-03-18" ObjLetztKontakt="1999-04-12" ObjStrasseID="8542" ObjHausnummer="Wegenerstraße 1" ObjVorlage="2013-09-11 00:00:00.0" ObKeinKontakt="1" ObjArtID="177" Merkmal="0.0" ObjInfo="aufgeteilt"/>
  <Objekte ObjID="3281" ObjAufnahme="1997-03-18" ObjLetztKontakt="1999-04-12" ObjStrasseID="8542" ObjHausnummer="Wegenerstraße 2" ObjVorlage="2013-09-11 00:00:00.0" ObKeinKontakt="1" ObjArtID="177" Merkmal="0.0" ObjInfo="E.Plinke"/>
  <Objekte ObjID="3282" ObjAufnahme="1997-03-18" ObjLetztKontakt="1999-10-13" ObjStrasseID="8542" ObjHausnummer="Wegenerstraße 4" ObjVorlage="2013-09-11 00:00:00.0" ObKeinKontakt="1" ObjArtID="1" Merkmal="0.0" ObjInfo="W.Wallis"/>
  <Objekte ObjID="3283" ObjAufnahme="1997-03-18" ObjLetztKontakt="1997-05-13" ObjStrasseID="8542" ObjHausnummer="Wegenerstraße 6" ObjVorlage="2013-09-11 00:00:00.0" ObKeinKontakt="1" ObjArtID="1" Merkmal="0.0" ObjInfo="I.Hofmeister"/>
  <Objekte ObjID="3284" ObjAufnahme="1997-03-18" ObjLetztKontakt="1999-04-12" ObjStrasseID="8542" ObjHausnummer="Wegenerstraße 3" ObjVorlage="2013-09-11 00:00:00.0" ObKeinKontakt="1" ObjArtID="177" Merkmal="0.0" ObjInfo="aufgeteilt"/>
  <Objekte ObjID="3285" ObjAufnahme="1997-03-18" ObjLetztKontakt="1999-04-12" ObjStrasseID="8542" ObjHausnummer="Wegenerstraße 5" ObjVorlage="2013-09-11 00:00:00.0" ObKeinKontakt="1" ObjArtID="177" Merkmal="0.0" ObjInfo="Frau Albrecht will eventuell"/>
  <Objekte ObjID="3286" ObjAufnahme="1997-03-18" ObjLetztKontakt="1999-04-12" ObjStrasseID="8542" ObjHausnummer="Wegenerstraße 7" ObjVorlage="2013-09-11 00:00:00.0" ObKeinKontakt="1" ObjArtID="177" Merkmal="0.0" ObjInfo="aufgeteilt"/>
  <Objekte ObjID="3287" ObjAufnahme="1997-03-18" ObjLetztKontakt="1997-05-13" ObjStrasseID="8542" ObjHausnummer="Wegenerstraße 8" ObjVorlage="2013-09-11 00:00:00.0" ObKeinKontakt="1" ObjArtID="1" Merkmal="0.0" ObjInfo="K.A.Muth"/>
  <Objekte ObjID="3288" ObjAufnahme="1997-03-18" ObjLetztKontakt="1999-06-01" ObjStrasseID="8542" ObjHausnummer="Wegenerstraße 10" ObjVorlage="2013-09-11 00:00:00.0" ObKeinKontakt="3" ObjArtID="176" Merkmal="0.0"/>
  <Objekte ObjID="3289" ObjAufnahme="1997-03-18" ObjLetztKontakt="1999-04-12" ObjStrasseID="8542" ObjHausnummer="Wegenerstraße 12" ObjVorlage="2013-09-11 00:00:00.0" ObKeinKontakt="1" ObjArtID="177" Merkmal="0.0" ObjInfo="E.Mahner"/>
  <Objekte ObjID="3290" ObjAufnahme="1997-03-18" ObjLetztKontakt="1997-05-13" ObjStrasseID="8542" ObjHausnummer="Wegenerstraße 9" ObjVorlage="2013-09-11 00:00:00.0" ObKeinKontakt="1" ObjArtID="1" Merkmal="0.0"/>
  <Objekte ObjID="3291" ObjAufnahme="1997-03-18" ObjLetztKontakt="1999-04-12" ObjStrasseID="8542" ObjHausnummer="Wegenerstraße 11" ObjVorlage="2013-09-11 00:00:00.0" ObKeinKontakt="1" ObjArtID="177" Merkmal="0.0" ObjInfo="aufgeteilt"/>
  <Objekte ObjID="3292" ObjAufnahme="1997-03-18" ObjLetztKontakt="1997-05-13" ObjStrasseID="8542" ObjHausnummer="Wegenerstraße 14" ObjVorlage="2013-09-11 00:00:00.0" ObKeinKontakt="1" ObjArtID="1" Merkmal="0.0" ObjInfo="Dr.L.Lenz"/>
  <Objekte ObjID="3293" ObjAufnahme="1997-03-18" ObjLetztKontakt="1997-05-13" ObjStrasseID="8542" ObjHausnummer="Wegenerstraße 16" ObjVorlage="2013-09-11 00:00:00.0" ObKeinKontakt="1" ObjArtID="1" Merkmal="0.0" ObjInfo="J.Müller Bevenser Weg 10"/>
  <Objekte ObjID="3294" ObjAufnahme="1997-03-18" ObjLetztKontakt="1999-04-12" ObjStrasseID="8542" ObjHausnummer="Wegenerstraße 18" ObjVorlage="2013-09-11 00:00:00.0" ObKeinKontakt="2" ObjArtID="1" Merkmal="0.0" ObjInfo="M.Dehne,R.Schwark(812200)"/>
  <Objekte ObjID="3295" ObjAufnahme="1997-03-18" ObjLetztKontakt="1997-05-13" ObjStrasseID="6308" ObjHausnummer="Eichendorffstraße 2" ObjVorlage="2013-09-11 00:00:00.0" ObKeinKontakt="1" ObjArtID="1" Merkmal="0.0" ObjInfo="gerda faust fragen 814218"/>
  <Objekte ObjID="3296" ObjAufnahme="1997-03-18" ObjLetztKontakt="1997-05-13" ObjStrasseID="6308" ObjHausnummer="Eichendorffstraße 3" ObjVorlage="2013-09-11 00:00:00.0" ObKeinKontakt="2" ObjArtID="1" Merkmal="0.0"/>
  <Objekte ObjID="3297" ObjAufnahme="1997-03-18" ObjLetztKontakt="1997-05-13" ObjStrasseID="6308" ObjHausnummer="Eichendorffstraße 4" ObjVorlage="2013-09-11 00:00:00.0" ObKeinKontakt="1" ObjArtID="1" Merkmal="0.0" ObjInfo="nicht mehr Deutsche babcock"/>
  <Objekte ObjID="3298" ObjAufnahme="1997-03-18" ObjLetztKontakt="1997-05-13" ObjStrasseID="6308" ObjHausnummer="Eichendorffstraße 5" ObjVorlage="2013-09-11 00:00:00.0" ObKeinKontakt="1" ObjArtID="1" Merkmal="0.0" ObjInfo="Frau E. Habt in Peru"/>
  <Objekte ObjID="3299" ObjAufnahme="1997-03-18" ObjLetztKontakt="1997-05-13" ObjStrasseID="6308" ObjHausnummer="Eichendorffstraße 6" ObjVorlage="2013-09-11 00:00:00.0" ObKeinKontakt="1" ObjArtID="1" Merkmal="0.0" ObjInfo="evtl. L.Meyer Rathenaustr. 12"/>
  <Objekte ObjID="3300" ObjAufnahme="1997-03-18" ObjLetztKontakt="1997-05-13" ObjStrasseID="6308" ObjHausnummer="Eichendorffstraße 6A" ObjVorlage="2013-09-11 00:00:00.0" ObKeinKontakt="1" ObjArtID="1" Merkmal="0.0" ObjInfo="Herr G.Käller Köln Braunsfeld Hültzstr. 31"/>
  <Objekte ObjID="3301" ObjAufnahme="1997-03-18" ObjLetztKontakt="1997-05-13" ObjStrasseID="6308" ObjHausnummer="Eichendorffstraße 7" ObjVorlage="2013-09-11 00:00:00.0" ObKeinKontakt="1" ObjArtID="1" Merkmal="0.0" ObjInfo="Erbengem. Reischies-Scharnofske Martin G. Reischies 851107"/>
  <Objekte ObjID="3302" ObjAufnahme="1997-03-18" ObjLetztKontakt="1997-05-13" ObjStrasseID="6308" ObjHausnummer="Eichendorffstraße 8" ObjVorlage="2013-09-11 00:00:00.0" ObKeinKontakt="1" ObjArtID="1" Merkmal="0.0" ObjInfo="Margarete Büschen 813439"/>
  <Objekte ObjID="3303" ObjAufnahme="1997-03-18" ObjLetztKontakt="1997-05-13" ObjStrasseID="6308" ObjHausnummer="Eichendorffstraße 9" ObjVorlage="2013-09-11 00:00:00.0" ObKeinKontakt="2" ObjArtID="1" Merkmal="0.0" ObjInfo="Werner Gottschling 814619"/>
  <Objekte ObjID="3304" ObjAufnahme="1997-03-18" ObjLetztKontakt="1997-05-13" ObjStrasseID="6308" ObjHausnummer="Eichendorffstraße 10" ObjVorlage="2013-09-11 00:00:00.0" ObKeinKontakt="1" ObjArtID="1" Merkmal="0.0" ObjInfo="Weitz-Erben Jürgen weitz 817491"/>
  <Objekte ObjID="3305" ObjAufnahme="1997-03-18" ObjLetztKontakt="1997-05-13" ObjStrasseID="6308" ObjHausnummer="Eichendorffstraße 11" ObjVorlage="2013-09-11 00:00:00.0" ObKeinKontakt="1" ObjArtID="1" Merkmal="0.0" ObjInfo="Dr. P.Heesen"/>
  <Objekte ObjID="3306" ObjAufnahme="1997-03-18" ObjLetztKontakt="1997-05-13" ObjStrasseID="6308" ObjHausnummer="Eichendorffstraße 12" ObjVorlage="2013-09-11 00:00:00.0" ObKeinKontakt="1" ObjArtID="1" Merkmal="0.0"/>
  <Objekte ObjID="3307" ObjAufnahme="1997-03-18" ObjLetztKontakt="1997-05-13" ObjStrasseID="6308" ObjHausnummer="Eichendorffstraße 12A" ObjVorlage="2013-09-11 00:00:00.0" ObKeinKontakt="1" ObjArtID="1" Merkmal="0.0" ObjInfo="Frau e. Schmidt Gerhard schmidt 816962"/>
  <Objekte ObjID="3308" ObjAufnahme="1997-03-18" ObjLetztKontakt="1999-07-08" ObjStrasseID="6308" ObjHausnummer="Eichendorffstraße 13" ObjVorlage="2013-09-11 00:00:00.0" ObKeinKontakt="1" ObjArtID="179" Merkmal="0.9999999999999999" ObjInfo="780240\+DG Maisonnette + Dachterrasse West"/>
  <Objekte ObjID="3309" ObjAufnahme="1997-04-07" ObjLetztKontakt="1997-04-07" ObjStrasseID="6272" ObjHausnummer="Drostestraße 4" ObjVorlage="2013-09-11 00:00:00.0" ObKeinKontakt="1" ObjArtID="5" Merkmal="0.0" ObjInfo="Bruns, Ahornstraße 8 30827 Garbsen 05131-92736 250000 DM NME"/>
  <Objekte ObjID="3310" ObjAufnahme="1997-04-09" ObjLetztKontakt="1997-04-09" ObjStrasseID="3328" ObjHausnummer="Dieterichsstraße 17" ObjVorlage="2013-09-11 00:00:00.0" ObKeinKontakt="5" ObjArtID="1" Merkmal="0.9999999999999999" ObjInfo="WE&apos;s/Büros/1916/022/2,5"/>
  <Objekte ObjID="3311" ObjAufnahme="1997-04-09" ObjLetztKontakt="1997-04-09" ObjStrasseID="3328" ObjHausnummer="Dieterichsstraße 17A" ObjVorlage="2013-09-11 00:00:00.0" ObKeinKontakt="1" ObjArtID="5" Merkmal="0.9999999999999999"/>
  <Objekte ObjID="3312" ObjAufnahme="1997-04-09" ObjLetztKontakt="1997-04-09" ObjStrasseID="3328" ObjHausnummer="Dieterichsstraße 24" ObjVorlage="2013-09-11 00:00:00.0" ObKeinKontakt="1" ObjArtID="5" Merkmal="0.0"/>
  <Objekte ObjID="3313" ObjAufnahme="1997-04-09" ObjLetztKontakt="2002-04-30" ObjStrasseID="3328" ObjHausnummer="Dieterichsstraße 26" ObjVorlage="2013-09-11 00:00:00.0" ObKeinKontakt="5" ObjArtID="141" Merkmal="0.0"/>
  <Objekte ObjID="3314" ObjAufnahme="1997-04-09" ObjLetztKontakt="1997-04-09" ObjStrasseID="3328" ObjHausnummer="Dieterichsstraße 28" ObjVorlage="2013-09-11 00:00:00.0" ObKeinKontakt="1" ObjArtID="5" Merkmal="0.0"/>
  <Objekte ObjID="3315" ObjAufnahme="1997-04-09" ObjLetztKontakt="1997-04-09" ObjStrasseID="3328" ObjHausnummer="Dieterichsstraße 30" ObjVorlage="2013-09-11 00:00:00.0" ObKeinKontakt="1" ObjArtID="5" Merkmal="0.0"/>
  <Objekte ObjID="3316" ObjAufnahme="1997-04-09" ObjLetztKontakt="1997-04-09" ObjStrasseID="3328" ObjHausnummer="Dieterichsstraße 32" ObjVorlage="2013-09-11 00:00:00.0" ObKeinKontakt="1" ObjArtID="5" Merkmal="0.0"/>
  <Objekte ObjID="3317" ObjAufnahme="1997-04-09" ObjLetztKontakt="1997-04-09" ObjStrasseID="3328" ObjHausnummer="Dieterichsstraße 34" ObjVorlage="2013-09-11 00:00:00.0" ObKeinKontakt="1" ObjArtID="5" Merkmal="0.0"/>
  <Objekte ObjID="3318" ObjAufnahme="1997-04-09" ObjLetztKontakt="1997-04-09" ObjStrasseID="3328" ObjHausnummer="Dieterichsstraße 36" ObjVorlage="2013-09-11 00:00:00.0" ObKeinKontakt="1" ObjArtID="5" Merkmal="0.0"/>
  <Objekte ObjID="3319" ObjAufnahme="1997-04-09" ObjLetztKontakt="1997-04-09" ObjStrasseID="3328" ObjHausnummer="Dieterichsstraße 38" ObjVorlage="2013-09-11 00:00:00.0" ObKeinKontakt="1" ObjArtID="5" Merkmal="0.0"/>
  <Objekte ObjID="3320" ObjAufnahme="1997-04-09" ObjLetztKontakt="1997-04-09" ObjStrasseID="3328" ObjHausnummer="Dieterichsstraße 40" ObjVorlage="2013-09-11 00:00:00.0" ObKeinKontakt="1" ObjArtID="5" Merkmal="0.0"/>
  <Objekte ObjID="3321" ObjAufnahme="1997-04-09" ObjLetztKontakt="1997-04-09" ObjStrasseID="3328" ObjHausnummer="Dieterichsstraße 42" ObjVorlage="2013-09-11 00:00:00.0" ObKeinKontakt="1" ObjArtID="5" Merkmal="0.0"/>
  <Objekte ObjID="3322" ObjAufnahme="1997-04-09" ObjLetztKontakt="1997-04-09" ObjStrasseID="3328" ObjHausnummer="Dieterichsstraße 44" ObjVorlage="2013-09-11 00:00:00.0" ObKeinKontakt="1" ObjArtID="5" Merkmal="0.0"/>
  <Objekte ObjID="3323" ObjAufnahme="1997-04-07" ObjLetztKontakt="1997-04-07" ObjStrasseID="6272" ObjHausnummer="Drostestraße 5" ObjVorlage="2013-09-11 00:00:00.0" ObKeinKontakt="1" ObjArtID="5" Merkmal="0.0" ObjInfo="Berta Strothotto 316329"/>
  <Objekte ObjID="3324" ObjAufnahme="1997-04-07" ObjLetztKontakt="1997-04-07" ObjStrasseID="6272" ObjHausnummer="Drostestraße 7" ObjVorlage="2013-09-11 00:00:00.0" ObKeinKontakt="1" ObjArtID="5" Merkmal="0.0" ObjInfo="Erbengemeinschaft Ganghofer"/>
  <Objekte ObjID="3325" ObjAufnahme="1997-04-07" ObjLetztKontakt="1997-04-07" ObjStrasseID="6272" ObjHausnummer="Drostestraße 9" ObjVorlage="2013-09-11 00:00:00.0" ObKeinKontakt="1" ObjArtID="5" Merkmal="0.0" ObjInfo="Frankfurter Bankgesellschaft AG Freiherr von stein Straße 65 069 971190 Herr Theobald"/>
  <Objekte ObjID="3326" ObjAufnahme="1997-04-07" ObjLetztKontakt="1997-04-07" ObjStrasseID="6272" ObjHausnummer="Drostestraße 11" ObjVorlage="2013-09-11 00:00:00.0" ObKeinKontakt="1" ObjArtID="5" Merkmal="0.0"/>
  <Objekte ObjID="3327" ObjAufnahme="1997-04-07" ObjLetztKontakt="1997-04-07" ObjStrasseID="6272" ObjHausnummer="Drostestraße 13" ObjVorlage="2013-09-11 00:00:00.0" ObKeinKontakt="1" ObjArtID="5" Merkmal="0.0"/>
  <Objekte ObjID="3328" ObjAufnahme="1997-04-07" ObjLetztKontakt="1997-04-07" ObjStrasseID="6272" ObjHausnummer="Drostestraße 15" ObjVorlage="2013-09-11 00:00:00.0" ObKeinKontakt="1" ObjArtID="5" Merkmal="0.0"/>
  <Objekte ObjID="3329" ObjAufnahme="1997-04-07" ObjLetztKontakt="1997-04-07" ObjStrasseID="6272" ObjHausnummer="Drostestraße 17" ObjVorlage="2013-09-11 00:00:00.0" ObKeinKontakt="1" ObjArtID="5" Merkmal="0.0" ObjInfo="E. Westfal Ostwender Straße 7 30161 Hannover"/>
  <Objekte ObjID="3330" ObjAufnahme="1997-04-07" ObjLetztKontakt="1997-04-07" ObjStrasseID="6272" ObjHausnummer="Drostestraße 19" ObjVorlage="2013-09-11 00:00:00.0" ObKeinKontakt="1" ObjArtID="5" Merkmal="0.0" ObjInfo="Frau feltheim Herr Strauß 880002, Herr Neu 0391-344394"/>
  <Objekte ObjID="3331" ObjAufnahme="1997-04-07" ObjLetztKontakt="1997-04-07" ObjStrasseID="6272" ObjHausnummer="Drostestraße 21" ObjVorlage="2013-09-11 00:00:00.0" ObKeinKontakt="1" ObjArtID="5" Merkmal="0.0" ObjInfo="Veltheim"/>
  <Objekte ObjID="3332" ObjAufnahme="1997-03-18" ObjLetztKontakt="1997-05-13" ObjStrasseID="6209" ObjHausnummer="Dessauerstraße 1" ObjVorlage="2013-09-11 00:00:00.0" ObKeinKontakt="1" ObjArtID="1" Merkmal="0.0" ObjInfo="Margarete Cajewitz, Hildesheimer Straß e 11 853026"/>
  <Objekte ObjID="3333" ObjAufnahme="1997-03-18" ObjLetztKontakt="1997-05-13" ObjStrasseID="6209" ObjHausnummer="Dessauerstraße 6" ObjVorlage="2013-09-11 00:00:00.0" ObKeinKontakt="1" ObjArtID="1" Merkmal="0.0" ObjInfo="Herr H.Plaß Dessauer Straße 6 30161 Hannover Tel. 331657"/>
  <Objekte ObjID="3334" ObjAufnahme="1997-03-18" ObjLetztKontakt="1997-05-13" ObjStrasseID="6209" ObjHausnummer="Dessauerstraße 8" ObjVorlage="2013-09-11 00:00:00.0" ObKeinKontakt="1" ObjArtID="1" Merkmal="0.0"/>
  <Objekte ObjID="3335" ObjAufnahme="1997-03-18" ObjLetztKontakt="1997-05-13" ObjStrasseID="6209" ObjHausnummer="Dessauerstraße 10" ObjVorlage="2013-09-11 00:00:00.0" ObKeinKontakt="1" ObjArtID="1" Merkmal="0.0" ObjInfo="Hartmut Wesse"/>
  <Objekte ObjID="3336" ObjAufnahme="1997-03-18" ObjLetztKontakt="1997-05-13" ObjStrasseID="6209" ObjHausnummer="Dessauerstraße 12" ObjVorlage="2013-09-11 00:00:00.0" ObKeinKontakt="1" ObjArtID="1" Merkmal="0.0" ObjInfo="14WE/1913/105/1,95"/>
  <Objekte ObjID="3337" ObjAufnahme="1997-03-18" ObjLetztKontakt="1997-05-13" ObjStrasseID="6209" ObjHausnummer="Dessauerstraße 14" ObjVorlage="2013-09-11 00:00:00.0" ObKeinKontakt="1" ObjArtID="1" Merkmal="0.0" ObjInfo="H.Richsgers Garbsener Straße 63 30823"/>
  <Objekte ObjID="3338" ObjAufnahme="1997-03-18" ObjLetztKontakt="1997-05-13" ObjStrasseID="6209" ObjHausnummer="Dessauerstraße 16" ObjVorlage="2013-09-11 00:00:00.0" ObKeinKontakt="1" ObjArtID="1" Merkmal="0.0" ObjInfo="Helga Beisse Porscheweg 30165 Tel 863113"/>
  <Objekte ObjID="3339" ObjAufnahme="1997-03-18" ObjLetztKontakt="1997-05-13" ObjStrasseID="6209" ObjHausnummer="Dessauerstraße 18" ObjVorlage="2013-09-11 00:00:00.0" ObKeinKontakt="1" ObjArtID="1" Merkmal="0.0"/>
  <Objekte ObjID="3340" ObjAufnahme="1997-03-18" ObjLetztKontakt="1997-05-13" ObjStrasseID="6209" ObjHausnummer="Dessauerstraße 20" ObjVorlage="2013-09-11 00:00:00.0" ObKeinKontakt="1" ObjArtID="1" Merkmal="0.0"/>
  <Objekte ObjID="3341" ObjAufnahme="1997-03-18" ObjLetztKontakt="1997-05-13" ObjStrasseID="6209" ObjHausnummer="Dessauerstraße 22" ObjVorlage="2013-09-11 00:00:00.0" ObKeinKontakt="1" ObjArtID="1" Merkmal="0.0"/>
  <Objekte ObjID="3342" ObjAufnahme="1997-03-18" ObjLetztKontakt="1997-05-13" ObjStrasseID="6209" ObjHausnummer="Dessauerstraße 17" ObjVorlage="2013-09-11 00:00:00.0" ObKeinKontakt="1" ObjArtID="1" Merkmal="0.0"/>
  <Objekte ObjID="3343" ObjAufnahme="1997-03-18" ObjLetztKontakt="1997-05-13" ObjStrasseID="6209" ObjHausnummer="Dessauerstraße 15" ObjVorlage="2013-09-11 00:00:00.0" ObKeinKontakt="1" ObjArtID="1" Merkmal="0.0"/>
  <Objekte ObjID="3344" ObjAufnahme="1997-03-18" ObjLetztKontakt="1997-05-13" ObjStrasseID="6209" ObjHausnummer="Dessauerstraße 13" ObjVorlage="2013-09-11 00:00:00.0" ObKeinKontakt="1" ObjArtID="1" Merkmal="0.0" ObjInfo="[ Herr Hopp, 0511/ 331864 ]"/>
  <Objekte ObjID="3345" ObjAufnahme="1997-03-18" ObjLetztKontakt="1997-05-13" ObjStrasseID="6209" ObjHausnummer="Dessauerstraße 11" ObjVorlage="2013-09-11 00:00:00.0" ObKeinKontakt="1" ObjArtID="1" Merkmal="0.0" ObjInfo="[ Bau- und Sparverein ]"/>
  <Objekte ObjID="3346" ObjAufnahme="1997-03-18" ObjLetztKontakt="1997-05-13" ObjStrasseID="6209" ObjHausnummer="Dessauerstraße 7" ObjVorlage="2013-09-11 00:00:00.0" ObKeinKontakt="1" ObjArtID="1" Merkmal="0.0" ObjInfo="Herr Neisecke"/>
  <Objekte ObjID="3347" ObjAufnahme="1997-03-18" ObjLetztKontakt="1997-05-13" ObjStrasseID="6209" ObjHausnummer="Dessauerstraße 5" ObjVorlage="2013-09-11 00:00:00.0" ObKeinKontakt="1" ObjArtID="1" Merkmal="0.0" ObjInfo="Herr W.Meier Heinrich-Heine-Straße53 30173 Hannover Tel. 884653"/>
  <Objekte ObjID="3348" ObjAufnahme="1997-03-18" ObjLetztKontakt="1997-05-13" ObjStrasseID="6209" ObjHausnummer="Dessauerstraße 9" ObjVorlage="2013-09-11 00:00:00.0" ObKeinKontakt="1" ObjArtID="1" Merkmal="0.0" ObjInfo="W.Klingenberg 331719"/>
  <Objekte ObjID="3349" ObjAufnahme="1997-03-18" ObjLetztKontakt="1997-05-13" ObjStrasseID="6209" ObjHausnummer="Dessauerstraße 3" ObjVorlage="2013-09-11 00:00:00.0" ObKeinKontakt="1" ObjArtID="1" Merkmal="0.0" ObjInfo="Firma Wustrow Herr Wustrow 343333"/>
  <Objekte ObjID="3350" ObjAufnahme="1997-03-18" ObjLetztKontakt="1997-05-13" ObjStrasseID="7138" ObjHausnummer="Kestnerstraße 14" ObjVorlage="2013-09-11 00:00:00.0" ObKeinKontakt="1" ObjArtID="1" Merkmal="0.0"/>
  <Objekte ObjID="3351" ObjAufnahme="1997-03-18" ObjLetztKontakt="2013-07-24" ObjStrasseID="7138" ObjHausnummer="Kestnerstraße 15" ObjVorlage="2013-09-11 00:00:00.0" ObKeinKontakt="2" ObjArtID="1" Merkmal="0.0"/>
  <Objekte ObjID="3352" ObjAufnahme="1997-03-18" ObjLetztKontakt="1997-05-13" ObjStrasseID="7138" ObjHausnummer="Kestnerstraße 16" ObjVorlage="2013-09-11 00:00:00.0" ObKeinKontakt="1" ObjArtID="1" Merkmal="0.0"/>
  <Objekte ObjID="3353" ObjAufnahme="1997-03-18" ObjLetztKontakt="1997-05-13" ObjStrasseID="7138" ObjHausnummer="Kestnerstraße 17" ObjVorlage="2013-09-11 00:00:00.0" ObKeinKontakt="1" ObjArtID="1" Merkmal="0.0"/>
  <Objekte ObjID="3354" ObjAufnahme="1997-03-18" ObjLetztKontakt="1997-05-13" ObjStrasseID="7138" ObjHausnummer="Kestnerstraße 18" ObjVorlage="2013-09-11 00:00:00.0" ObKeinKontakt="1" ObjArtID="1" Merkmal="0.0"/>
  <Objekte ObjID="3355" ObjAufnahme="1997-03-18" ObjLetztKontakt="1997-05-13" ObjStrasseID="7138" ObjHausnummer="Kestnerstraße 19" ObjVorlage="2013-09-11 00:00:00.0" ObKeinKontakt="1" ObjArtID="1" Merkmal="0.0"/>
  <Objekte ObjID="3356" ObjAufnahme="1997-03-18" ObjLetztKontakt="1997-05-13" ObjStrasseID="7138" ObjHausnummer="Kestnerstraße 20" ObjVorlage="2013-09-11 00:00:00.0" ObKeinKontakt="1" ObjArtID="1" Merkmal="0.0"/>
  <Objekte ObjID="3357" ObjAufnahme="1997-03-18" ObjLetztKontakt="1997-05-13" ObjStrasseID="7138" ObjHausnummer="Kestnerstraße 21" ObjVorlage="2013-09-11 00:00:00.0" ObKeinKontakt="1" ObjArtID="1" Merkmal="0.0"/>
  <Objekte ObjID="3358" ObjAufnahme="1997-03-18" ObjLetztKontakt="1997-05-13" ObjStrasseID="7138" ObjHausnummer="Kestnerstraße 22" ObjVorlage="2013-09-11 00:00:00.0" ObKeinKontakt="1" ObjArtID="1" Merkmal="0.0"/>
  <Objekte ObjID="3359" ObjAufnahme="1997-03-18" ObjLetztKontakt="1997-05-13" ObjStrasseID="7138" ObjHausnummer="Kestnerstraße 28" ObjVorlage="2013-09-11 00:00:00.0" ObKeinKontakt="1" ObjArtID="1" Merkmal="0.0"/>
  <Objekte ObjID="3360" ObjAufnahme="1997-03-18" ObjLetztKontakt="1997-05-13" ObjStrasseID="7138" ObjHausnummer="Kestnerstraße 32A" ObjVorlage="2013-09-11 00:00:00.0" ObKeinKontakt="1" ObjArtID="1" Merkmal="0.0"/>
  <Objekte ObjID="3361" ObjAufnahme="1997-03-18" ObjLetztKontakt="1997-05-13" ObjStrasseID="7138" ObjHausnummer="Kestnerstraße 33" ObjVorlage="2013-09-11 00:00:00.0" ObKeinKontakt="1" ObjArtID="1" Merkmal="0.0"/>
  <Objekte ObjID="3362" ObjAufnahme="1997-03-18" ObjLetztKontakt="1997-05-13" ObjStrasseID="7138" ObjHausnummer="Kestnerstraße 34" ObjVorlage="2013-09-11 00:00:00.0" ObKeinKontakt="1" ObjArtID="1" Merkmal="0.0"/>
  <Objekte ObjID="3363" ObjAufnahme="1997-03-18" ObjLetztKontakt="1997-05-13" ObjStrasseID="7138" ObjHausnummer="Kestnerstraße 35" ObjVorlage="2013-09-11 00:00:00.0" ObKeinKontakt="1" ObjArtID="1" Merkmal="0.0"/>
  <Objekte ObjID="3364" ObjAufnahme="1997-03-18" ObjLetztKontakt="1997-05-13" ObjStrasseID="7647" ObjHausnummer="Nollendorfstraße 8" ObjVorlage="2013-09-11 00:00:00.0" ObKeinKontakt="1" ObjArtID="1" Merkmal="0.0" ObjInfo="Hausverwaltung Remstedt GmbH Anderter str. 39 30629 Hannover 584078 Eigentümer Delta bau GmbH 280029 Herr Fischer"/>
  <Objekte ObjID="3365" ObjAufnahme="1997-03-18" ObjLetztKontakt="1997-05-13" ObjStrasseID="7647" ObjHausnummer="Nollendorfstraße 9" ObjVorlage="2013-09-11 00:00:00.0" ObKeinKontakt="1" ObjArtID="1" Merkmal="0.0" ObjInfo="Herr bertram  Sandstr. 30167 hannover"/>
  <Objekte ObjID="3366" ObjAufnahme="1997-03-18" ObjLetztKontakt="1997-05-13" ObjStrasseID="7647" ObjHausnummer="Nollendorfstraße 10" ObjVorlage="2013-09-11 00:00:00.0" ObKeinKontakt="1" ObjArtID="1" Merkmal="0.0" ObjInfo="Eheleute Wolter Nollendorfstr. 11 30163 363585 Thomas und mathias Wolter eigentümer 748857 früher Erbengem. Jagau F.Jagau Podbielskistraße 278 Heß Andreas, Nollendorfstr. 10, 30163 Hannover, 0511-665662&#xD;&#xA;Hoppmann Ursula, Nollendorfstr. 10, 30163 Hannover, &#xD;&#xA;3367"/>
  <Objekte ObjID="3368" ObjAufnahme="1997-03-18" ObjLetztKontakt="1997-05-13" ObjStrasseID="7647" ObjHausnummer="Nollendorfstraße 12" ObjVorlage="2013-09-11 00:00:00.0" ObKeinKontakt="1" ObjArtID="1" Merkmal="0.0" ObjInfo="Herr Hustedt Nordfeldstraße 27 30459 hannover"/>
  <Objekte ObjID="3369" ObjAufnahme="1997-03-18" ObjLetztKontakt="1997-05-13" ObjStrasseID="7647" ObjHausnummer="Nollendorfstraße 13" ObjVorlage="2013-09-11 00:00:00.0" ObKeinKontakt="1" ObjArtID="1" Merkmal="0.0" ObjInfo="siehe 12"/>
  <Objekte ObjID="3370" ObjAufnahme="1997-03-18" ObjLetztKontakt="1997-05-13" ObjStrasseID="7647" ObjHausnummer="Nollendorfstraße 14" ObjVorlage="2013-09-11 00:00:00.0" ObKeinKontakt="1" ObjArtID="1" Merkmal="0.0"/>
  <Objekte ObjID="3371" ObjAufnahme="1997-03-18" ObjLetztKontakt="1997-05-13" ObjStrasseID="7647" ObjHausnummer="Nollendorfstraße 14A" ObjVorlage="2013-09-11 00:00:00.0" ObKeinKontakt="1" ObjArtID="1" Merkmal="0.0"/>
  <Objekte ObjID="3372" ObjAufnahme="1997-03-18" ObjLetztKontakt="1997-05-13" ObjStrasseID="7647" ObjHausnummer="Nollendorfstraße 15" ObjVorlage="2013-09-11 00:00:00.0" ObKeinKontakt="1" ObjArtID="1" Merkmal="0.0"/>
  <Objekte ObjID="3373" ObjAufnahme="1997-03-18" ObjLetztKontakt="1997-05-13" ObjStrasseID="7647" ObjHausnummer="Nollendorfstraße 2" ObjVorlage="2013-09-11 00:00:00.0" ObKeinKontakt="1" ObjArtID="1" Merkmal="0.0" ObjInfo="Hann. verkehtsbetriebe Am Hohen Ufer 6 30159 hannover 16681"/>
  <Objekte ObjID="3374" ObjAufnahme="1997-03-18" ObjLetztKontakt="1997-05-13" ObjStrasseID="7647" ObjHausnummer="Nollendorfstraße 3" ObjVorlage="2013-09-11 00:00:00.0" ObKeinKontakt="1" ObjArtID="1" Merkmal="0.0" ObjInfo="siehe 2"/>
  <Objekte ObjID="3375" ObjAufnahme="1997-03-18" ObjLetztKontakt="1997-05-13" ObjStrasseID="7647" ObjHausnummer="Nollendorfstraße 4" ObjVorlage="2013-09-11 00:00:00.0" ObKeinKontakt="1" ObjArtID="1" Merkmal="0.0" ObjInfo="siehe 2"/>
  <Objekte ObjID="3376" ObjAufnahme="1997-03-18" ObjLetztKontakt="1997-05-13" ObjStrasseID="7647" ObjHausnummer="Nollendorfstraße 5" ObjVorlage="2013-09-11 00:00:00.0" ObKeinKontakt="1" ObjArtID="1" Merkmal="0.0" ObjInfo="Eigentümergemeinschaft"/>
  <Objekte ObjID="3377" ObjAufnahme="1997-03-18" ObjLetztKontakt="1997-05-13" ObjStrasseID="7647" ObjHausnummer="Nollendorfstraße 6" ObjVorlage="2013-09-11 00:00:00.0" ObKeinKontakt="1" ObjArtID="1" Merkmal="0.0" ObjInfo="Dr. Fischer isernhagen vor 2 jahren gekauft 669388"/>
  <Objekte ObjID="3378" ObjAufnahme="1997-03-18" ObjLetztKontakt="1997-05-13" ObjStrasseID="7647" ObjHausnummer="Nollendorfstraße 7" ObjVorlage="2013-09-11 00:00:00.0" ObKeinKontakt="1" ObjArtID="1" Merkmal="0.0" ObjInfo="Wulf 629618 ?"/>
  <Objekte ObjID="3379" ObjAufnahme="1997-04-09" ObjLetztKontakt="1997-04-09" ObjStrasseID="3328" ObjHausnummer="Dieterichsstraße 4" ObjVorlage="2013-09-11 00:00:00.0" ObKeinKontakt="1" ObjArtID="5" Merkmal="0.0"/>
  <Objekte ObjID="3380" ObjAufnahme="1997-04-09" ObjLetztKontakt="1997-04-09" ObjStrasseID="3328" ObjHausnummer="Dieterichsstraße 6" ObjVorlage="2013-09-11 00:00:00.0" ObKeinKontakt="1" ObjArtID="5" Merkmal="0.0"/>
  <Objekte ObjID="3381" ObjAufnahme="1997-04-09" ObjLetztKontakt="1997-04-09" ObjStrasseID="3328" ObjHausnummer="Dieterichsstraße 8" ObjVorlage="2013-09-11 00:00:00.0" ObKeinKontakt="1" ObjArtID="5" Merkmal="0.0"/>
  <Objekte ObjID="3382" ObjAufnahme="1997-04-09" ObjLetztKontakt="1997-04-09" ObjStrasseID="3328" ObjHausnummer="Dieterichsstraße 10" ObjVorlage="2013-09-11 00:00:00.0" ObKeinKontakt="1" ObjArtID="5" Merkmal="0.0"/>
  <Objekte ObjID="3383" ObjAufnahme="1997-04-09" ObjLetztKontakt="1997-04-09" ObjStrasseID="3328" ObjHausnummer="Dieterichsstraße 12" ObjVorlage="2013-09-11 00:00:00.0" ObKeinKontakt="1" ObjArtID="5" Merkmal="0.0"/>
  <Objekte ObjID="3384" ObjAufnahme="1997-04-09" ObjLetztKontakt="1997-04-09" ObjStrasseID="3328" ObjHausnummer="Dieterichsstraße 14" ObjVorlage="2013-09-11 00:00:00.0" ObKeinKontakt="1" ObjArtID="5" Merkmal="0.0"/>
  <Objekte ObjID="3385" ObjAufnahme="1997-04-09" ObjLetztKontakt="1997-04-09" ObjStrasseID="3328" ObjHausnummer="Dieterichsstraße 16" ObjVorlage="2013-09-11 00:00:00.0" ObKeinKontakt="1" ObjArtID="5" Merkmal="0.0"/>
  <Objekte ObjID="3386" ObjAufnahme="1997-04-09" ObjLetztKontakt="1997-04-09" ObjStrasseID="3328" ObjHausnummer="Dieterichsstraße 18" ObjVorlage="2013-09-11 00:00:00.0" ObKeinKontakt="1" ObjArtID="5" Merkmal="0.0"/>
  <Objekte ObjID="3387" ObjAufnahme="1997-04-09" ObjLetztKontakt="1997-04-09" ObjStrasseID="3328" ObjHausnummer="Dieterichsstraße 20" ObjVorlage="2013-09-11 00:00:00.0" ObKeinKontakt="1" ObjArtID="5" Merkmal="0.0"/>
  <Objekte ObjID="3388" ObjAufnahme="1997-04-09" ObjLetztKontakt="1997-04-09" ObjStrasseID="3328" ObjHausnummer="Dieterichsstraße 22" ObjVorlage="2013-09-11 00:00:00.0" ObKeinKontakt="1" ObjArtID="5" Merkmal="0.0"/>
  <Objekte ObjID="3389" ObjAufnahme="1997-04-09" ObjLetztKontakt="1997-04-09" ObjStrasseID="3328" ObjHausnummer="Dieterichsstraße 21" ObjVorlage="2013-09-11 00:00:00.0" ObKeinKontakt="1" ObjArtID="5" Merkmal="0.0"/>
  <Objekte ObjID="3391" ObjAufnahme="1997-04-09" ObjLetztKontakt="1997-04-09" ObjStrasseID="3328" ObjHausnummer="Dieterichsstraße 29" ObjVorlage="2013-09-11 00:00:00.0" ObKeinKontakt="1" ObjArtID="5" Merkmal="0.0"/>
  <Objekte ObjID="3392" ObjAufnahme="1997-04-09" ObjLetztKontakt="1997-04-09" ObjStrasseID="3328" ObjHausnummer="Dieterichsstraße 33" ObjVorlage="2013-09-11 00:00:00.0" ObKeinKontakt="1" ObjArtID="5" Merkmal="0.0"/>
  <Objekte ObjID="3393" ObjAufnahme="1997-04-09" ObjLetztKontakt="1997-04-09" ObjStrasseID="3328" ObjHausnummer="Dieterichsstraße 35A" ObjVorlage="2013-09-11 00:00:00.0" ObKeinKontakt="1" ObjArtID="5" Merkmal="0.0"/>
  <Objekte ObjID="3394" ObjAufnahme="1997-04-09" ObjLetztKontakt="1997-04-09" ObjStrasseID="3328" ObjHausnummer="Dieterichsstraße 35B" ObjVorlage="2013-09-11 00:00:00.0" ObKeinKontakt="1" ObjArtID="5" Merkmal="0.0"/>
  <Objekte ObjID="3395" ObjAufnahme="1997-04-09" ObjLetztKontakt="1997-04-09" ObjStrasseID="3328" ObjHausnummer="Dieterichsstraße 37" ObjVorlage="2013-09-11 00:00:00.0" ObKeinKontakt="1" ObjArtID="5" Merkmal="0.0"/>
  <Objekte ObjID="3396" ObjAufnahme="1997-04-09" ObjLetztKontakt="1997-04-09" ObjStrasseID="3328" ObjHausnummer="Dieterichsstraße 1" ObjVorlage="2013-09-11 00:00:00.0" ObKeinKontakt="1" ObjArtID="5" Merkmal="0.0"/>
  <Objekte ObjID="3397" ObjAufnahme="1997-04-09" ObjLetztKontakt="1997-04-09" ObjStrasseID="3328" ObjHausnummer="Dieterichsstraße 3" ObjVorlage="2013-09-11 00:00:00.0" ObKeinKontakt="1" ObjArtID="5" Merkmal="0.0"/>
  <Objekte ObjID="3398" ObjAufnahme="1997-04-09" ObjLetztKontakt="1997-04-09" ObjStrasseID="3328" ObjHausnummer="Dieterichsstraße 5" ObjVorlage="2013-09-11 00:00:00.0" ObKeinKontakt="1" ObjArtID="5" Merkmal="0.0"/>
  <Objekte ObjID="3399" ObjAufnahme="1997-04-09" ObjLetztKontakt="1997-04-09" ObjStrasseID="3328" ObjHausnummer="Dieterichsstraße 7" ObjVorlage="2013-09-11 00:00:00.0" ObKeinKontakt="1" ObjArtID="5" Merkmal="0.0"/>
  <Objekte ObjID="3400" ObjAufnahme="1997-04-09" ObjLetztKontakt="1997-04-09" ObjStrasseID="3328" ObjHausnummer="Dieterichsstraße 9" ObjVorlage="2013-09-11 00:00:00.0" ObKeinKontakt="1" ObjArtID="5" Merkmal="0.0"/>
  <Objekte ObjID="3401" ObjAufnahme="1997-04-09" ObjLetztKontakt="1997-04-09" ObjStrasseID="3328" ObjHausnummer="Dieterichsstraße 11" ObjVorlage="2013-09-11 00:00:00.0" ObKeinKontakt="1" ObjArtID="1" Merkmal="0.0"/>
  <Objekte ObjID="3402" ObjAufnahme="1997-04-09" ObjLetztKontakt="1997-04-09" ObjStrasseID="3328" ObjHausnummer="Dieterichsstraße 13" ObjVorlage="2013-09-11 00:00:00.0" ObKeinKontakt="1" ObjArtID="5" Merkmal="0.0"/>
  <Objekte ObjID="3403" ObjAufnahme="1997-04-09" ObjLetztKontakt="1997-04-09" ObjStrasseID="3328" ObjHausnummer="Dieterichsstraße 15" ObjVorlage="2013-09-11 00:00:00.0" ObKeinKontakt="1" ObjArtID="5" Merkmal="0.0"/>
  <Objekte ObjID="3404" ObjAufnahme="1997-04-09" ObjLetztKontakt="1997-04-09" ObjStrasseID="253" ObjHausnummer="Albertstraße 25" ObjVorlage="2013-09-11 00:00:00.0" ObKeinKontakt="1" ObjArtID="1" Merkmal="0.0"/>
  <Objekte ObjID="3405" ObjAufnahme="1997-04-09" ObjLetztKontakt="1997-04-09" ObjStrasseID="253" ObjHausnummer="Albertstraße 23" ObjVorlage="2013-09-11 00:00:00.0" ObKeinKontakt="1" ObjArtID="1" Merkmal="0.0"/>
  <Objekte ObjID="3406" ObjAufnahme="1997-04-09" ObjLetztKontakt="1997-04-09" ObjStrasseID="253" ObjHausnummer="Albertstraße 21" ObjVorlage="2013-09-11 00:00:00.0" ObKeinKontakt="1" ObjArtID="1" Merkmal="0.0"/>
  <Objekte ObjID="3407" ObjAufnahme="1997-04-09" ObjLetztKontakt="1997-04-09" ObjStrasseID="253" ObjHausnummer="Albertstraße 17" ObjVorlage="2013-09-11 00:00:00.0" ObKeinKontakt="1" ObjArtID="1" Merkmal="0.0"/>
  <Objekte ObjID="3408" ObjAufnahme="1997-04-09" ObjLetztKontakt="1997-04-09" ObjStrasseID="253" ObjHausnummer="Albertstraße 15" ObjVorlage="2013-09-11 00:00:00.0" ObKeinKontakt="1" ObjArtID="1" Merkmal="0.0"/>
  <Objekte ObjID="3409" ObjAufnahme="1997-04-09" ObjLetztKontakt="1997-04-09" ObjStrasseID="253" ObjHausnummer="Albertstraße 13" ObjVorlage="2013-09-11 00:00:00.0" ObKeinKontakt="1" ObjArtID="1" Merkmal="0.0"/>
  <Objekte ObjID="3410" ObjAufnahme="1997-04-09" ObjLetztKontakt="1997-04-09" ObjStrasseID="253" ObjHausnummer="Albertstraße 11" ObjVorlage="2013-09-11 00:00:00.0" ObKeinKontakt="1" ObjArtID="1" Merkmal="0.0"/>
  <Objekte ObjID="3411" ObjAufnahme="1997-04-09" ObjLetztKontakt="1997-04-09" ObjStrasseID="253" ObjHausnummer="Albertstraße 9A" ObjVorlage="2013-09-11 00:00:00.0" ObKeinKontakt="1" ObjArtID="1" Merkmal="0.0"/>
  <Objekte ObjID="3412" ObjAufnahme="1997-04-09" ObjLetztKontakt="1997-04-09" ObjStrasseID="253" ObjHausnummer="Albertstraße 9" ObjVorlage="2013-09-11 00:00:00.0" ObKeinKontakt="1" ObjArtID="1" Merkmal="0.0"/>
  <Objekte ObjID="3413" ObjAufnahme="1997-04-09" ObjLetztKontakt="1997-04-09" ObjStrasseID="253" ObjHausnummer="Albertstraße 7" ObjVorlage="2013-09-11 00:00:00.0" ObKeinKontakt="1" ObjArtID="1" Merkmal="0.0"/>
  <Objekte ObjID="3414" ObjAufnahme="1997-04-09" ObjLetztKontakt="1997-04-09" ObjStrasseID="253" ObjHausnummer="Albertstraße 5" ObjVorlage="2013-09-11 00:00:00.0" ObKeinKontakt="1" ObjArtID="1" Merkmal="0.0"/>
  <Objekte ObjID="3415" ObjAufnahme="1997-04-09" ObjLetztKontakt="1997-04-09" ObjStrasseID="253" ObjHausnummer="Albertstraße 3" ObjVorlage="2013-09-11 00:00:00.0" ObKeinKontakt="1" ObjArtID="1" Merkmal="0.0"/>
  <Objekte ObjID="3416" ObjAufnahme="1997-04-09" ObjLetztKontakt="1997-04-09" ObjStrasseID="253" ObjHausnummer="Albertstraße 1" ObjVorlage="2013-09-11 00:00:00.0" ObKeinKontakt="1" ObjArtID="1" Merkmal="0.0"/>
  <Objekte ObjID="3417" ObjAufnahme="1997-04-09" ObjLetztKontakt="1997-04-09" ObjStrasseID="253" ObjHausnummer="Albertstraße 2" ObjVorlage="2013-09-11 00:00:00.0" ObKeinKontakt="1" ObjArtID="1" Merkmal="0.0"/>
  <Objekte ObjID="3418" ObjAufnahme="1997-04-09" ObjLetztKontakt="1997-04-09" ObjStrasseID="253" ObjHausnummer="Albertstraße 4" ObjVorlage="2013-09-11 00:00:00.0" ObKeinKontakt="1" ObjArtID="1" Merkmal="0.0"/>
  <Objekte ObjID="3419" ObjAufnahme="1997-04-09" ObjLetztKontakt="1997-04-09" ObjStrasseID="253" ObjHausnummer="Albertstraße 6" ObjVorlage="2013-09-11 00:00:00.0" ObKeinKontakt="1" ObjArtID="1" Merkmal="0.0"/>
  <Objekte ObjID="3420" ObjAufnahme="1997-04-09" ObjLetztKontakt="2002-11-28" ObjStrasseID="253" ObjHausnummer="Albertstraße 8" ObjVorlage="2013-09-11 00:00:00.0" ObKeinKontakt="1" ObjArtID="1" Merkmal="0.0"/>
  <Objekte ObjID="3421" ObjAufnahme="1997-04-09" ObjLetztKontakt="1997-04-09" ObjStrasseID="253" ObjHausnummer="Albertstraße 10" ObjVorlage="2013-09-11 00:00:00.0" ObKeinKontakt="1" ObjArtID="1" Merkmal="0.0"/>
  <Objekte ObjID="3422" ObjAufnahme="1997-04-09" ObjLetztKontakt="1997-04-09" ObjStrasseID="253" ObjHausnummer="Albertstraße 12" ObjVorlage="2013-09-11 00:00:00.0" ObKeinKontakt="1" ObjArtID="1" Merkmal="0.0"/>
  <Objekte ObjID="3423" ObjAufnahme="1997-04-09" ObjLetztKontakt="1997-04-09" ObjStrasseID="253" ObjHausnummer="Albertstraße 14" ObjVorlage="2013-09-11 00:00:00.0" ObKeinKontakt="1" ObjArtID="179" Merkmal="0.0"/>
  <Objekte ObjID="3424" ObjAufnahme="1997-03-18" ObjLetztKontakt="1997-05-13" ObjStrasseID="7138" ObjHausnummer="Kestnerstraße 36" ObjVorlage="2013-09-11 00:00:00.0" ObKeinKontakt="1" ObjArtID="1" Merkmal="0.0"/>
  <Objekte ObjID="3425" ObjAufnahme="1997-03-18" ObjLetztKontakt="1997-05-13" ObjStrasseID="7138" ObjHausnummer="Kestnerstraße 37" ObjVorlage="2013-09-11 00:00:00.0" ObKeinKontakt="1" ObjArtID="1" Merkmal="0.0"/>
  <Objekte ObjID="3426" ObjAufnahme="1997-03-18" ObjLetztKontakt="1997-05-13" ObjStrasseID="7138" ObjHausnummer="Kestnerstraße 37A" ObjVorlage="2013-09-11 00:00:00.0" ObKeinKontakt="1" ObjArtID="1" Merkmal="0.0"/>
  <Objekte ObjID="3427" ObjAufnahme="1997-03-18" ObjLetztKontakt="1997-05-13" ObjStrasseID="7138" ObjHausnummer="Kestnerstraße 39" ObjVorlage="2013-09-11 00:00:00.0" ObKeinKontakt="1" ObjArtID="1" Merkmal="0.0"/>
  <Objekte ObjID="3428" ObjAufnahme="1997-03-18" ObjLetztKontakt="1997-05-13" ObjStrasseID="7138" ObjHausnummer="Kestnerstraße 38" ObjVorlage="2013-09-11 00:00:00.0" ObKeinKontakt="1" ObjArtID="1" Merkmal="0.0"/>
  <Objekte ObjID="3429" ObjAufnahme="1997-03-18" ObjLetztKontakt="1997-05-13" ObjStrasseID="7138" ObjHausnummer="Kestnerstraße 42" ObjVorlage="2013-09-11 00:00:00.0" ObKeinKontakt="1" ObjArtID="1" Merkmal="0.0"/>
  <Objekte ObjID="3430" ObjAufnahme="1997-03-18" ObjLetztKontakt="1997-05-13" ObjStrasseID="7138" ObjHausnummer="Kestnerstraße 43" ObjVorlage="2013-09-11 00:00:00.0" ObKeinKontakt="1" ObjArtID="1" Merkmal="0.0"/>
  <Objekte ObjID="3431" ObjAufnahme="1997-03-18" ObjLetztKontakt="1997-05-13" ObjStrasseID="7138" ObjHausnummer="Kestnerstraße 44" ObjVorlage="2013-09-11 00:00:00.0" ObKeinKontakt="1" ObjArtID="1" Merkmal="0.0"/>
  <Objekte ObjID="3432" ObjAufnahme="1997-03-18" ObjLetztKontakt="1997-05-13" ObjStrasseID="7138" ObjHausnummer="Kestnerstraße 45" ObjVorlage="2013-09-11 00:00:00.0" ObKeinKontakt="1" ObjArtID="1" Merkmal="0.0"/>
  <Objekte ObjID="3433" ObjAufnahme="1997-03-18" ObjLetztKontakt="1997-05-13" ObjStrasseID="7138" ObjHausnummer="Kestnerstraße 46" ObjVorlage="2013-09-11 00:00:00.0" ObKeinKontakt="1" ObjArtID="1" Merkmal="0.0"/>
  <Objekte ObjID="3434" ObjAufnahme="1997-03-18" ObjLetztKontakt="1997-05-13" ObjStrasseID="7138" ObjHausnummer="Kestnerstraße 47" ObjVorlage="2013-09-11 00:00:00.0" ObKeinKontakt="1" ObjArtID="1" Merkmal="0.0"/>
  <Objekte ObjID="3435" ObjAufnahme="1997-03-18" ObjLetztKontakt="1997-05-13" ObjStrasseID="7138" ObjHausnummer="Kestnerstraße 48" ObjVorlage="2013-09-11 00:00:00.0" ObKeinKontakt="1" ObjArtID="1" Merkmal="0.0"/>
  <Objekte ObjID="3436" ObjAufnahme="1997-03-18" ObjLetztKontakt="1997-05-13" ObjStrasseID="7138" ObjHausnummer="Kestnerstraße 49" ObjVorlage="2013-09-11 00:00:00.0" ObKeinKontakt="1" ObjArtID="1" Merkmal="0.0"/>
  <Objekte ObjID="3438" ObjAufnahme="1997-03-18" ObjLetztKontakt="1997-05-13" ObjStrasseID="6063" ObjHausnummer="Braunstraße 30" ObjVorlage="2013-09-11 00:00:00.0" ObKeinKontakt="1" ObjArtID="1" Merkmal="0.0"/>
  <Objekte ObjID="3439" ObjAufnahme="1997-03-18" ObjLetztKontakt="1997-05-13" ObjStrasseID="6063" ObjHausnummer="Braunstraße 28" ObjVorlage="2013-09-11 00:00:00.0" ObKeinKontakt="1" ObjArtID="1" Merkmal="0.0"/>
  <Objekte ObjID="3440" ObjAufnahme="1997-03-18" ObjLetztKontakt="1997-05-13" ObjStrasseID="6063" ObjHausnummer="Braunstraße 26" ObjVorlage="2013-09-11 00:00:00.0" ObKeinKontakt="1" ObjArtID="1" Merkmal="0.0"/>
  <Objekte ObjID="3441" ObjAufnahme="1997-03-18" ObjLetztKontakt="1997-05-13" ObjStrasseID="6063" ObjHausnummer="Braunstraße 24" ObjVorlage="2013-09-11 00:00:00.0" ObKeinKontakt="1" ObjArtID="1" Merkmal="0.0"/>
  <Objekte ObjID="3442" ObjAufnahme="1997-03-18" ObjLetztKontakt="1997-05-13" ObjStrasseID="6063" ObjHausnummer="Braunstraße 22" ObjVorlage="2013-09-11 00:00:00.0" ObKeinKontakt="1" ObjArtID="1" Merkmal="0.0"/>
  <Objekte ObjID="3444" ObjAufnahme="1997-03-18" ObjLetztKontakt="2002-10-24" ObjStrasseID="6063" ObjHausnummer="Braunstraße 18" ObjVorlage="2013-09-11 00:00:00.0" ObKeinKontakt="5" ObjArtID="112" Merkmal="0.0"/>
  <Objekte ObjID="3445" ObjAufnahme="1997-03-18" ObjLetztKontakt="1997-05-13" ObjStrasseID="6063" ObjHausnummer="Braunstraße 14" ObjVorlage="2013-09-11 00:00:00.0" ObKeinKontakt="1" ObjArtID="1" Merkmal="0.0"/>
  <Objekte ObjID="3446" ObjAufnahme="1997-03-18" ObjLetztKontakt="1997-05-13" ObjStrasseID="6063" ObjHausnummer="Braunstraße 12" ObjVorlage="2013-09-11 00:00:00.0" ObKeinKontakt="5" ObjArtID="167" Merkmal="0.0" ObjInfo="17067603Loggia"/>
  <Objekte ObjID="3447" ObjAufnahme="1997-03-18" ObjLetztKontakt="1997-05-13" ObjStrasseID="6063" ObjHausnummer="Braunstraße 10" ObjVorlage="2013-09-11 00:00:00.0" ObKeinKontakt="5" ObjArtID="5" Merkmal="0.0" ObjInfo="17WE/2Läden/1898/140/1,55"/>
  <Objekte ObjID="3448" ObjAufnahme="1997-03-18" ObjLetztKontakt="1997-05-13" ObjStrasseID="6063" ObjHausnummer="Braunstraße 8" ObjVorlage="2013-09-11 00:00:00.0" ObKeinKontakt="1" ObjArtID="1" Merkmal="0.0"/>
  <Objekte ObjID="3449" ObjAufnahme="1997-03-18" ObjLetztKontakt="1997-05-13" ObjStrasseID="6063" ObjHausnummer="Braunstraße 6" ObjVorlage="2013-09-11 00:00:00.0" ObKeinKontakt="1" ObjArtID="1" Merkmal="0.0"/>
  <Objekte ObjID="3450" ObjAufnahme="1997-03-18" ObjLetztKontakt="1997-05-13" ObjStrasseID="6063" ObjHausnummer="Braunstraße 4" ObjVorlage="2013-09-11 00:00:00.0" ObKeinKontakt="1" ObjArtID="1" Merkmal="0.0"/>
  <Objekte ObjID="3451" ObjAufnahme="1997-03-18" ObjLetztKontakt="1997-05-13" ObjStrasseID="6063" ObjHausnummer="Braunstraße 2" ObjVorlage="2013-09-11 00:00:00.0" ObKeinKontakt="1" ObjArtID="1" Merkmal="0.0"/>
  <Objekte ObjID="3452" ObjAufnahme="1997-03-18" ObjLetztKontakt="1997-05-13" ObjStrasseID="7221" ObjHausnummer="Konkordiastraße 15" ObjVorlage="2013-09-11 00:00:00.0" ObKeinKontakt="1" ObjArtID="1" Merkmal="0.0"/>
  <Objekte ObjID="3453" ObjAufnahme="1997-03-18" ObjLetztKontakt="1997-05-13" ObjStrasseID="7221" ObjHausnummer="Konkordiastraße 17" ObjVorlage="2013-09-11 00:00:00.0" ObKeinKontakt="1" ObjArtID="1" Merkmal="0.0"/>
  <Objekte ObjID="3454" ObjAufnahme="1997-03-18" ObjLetztKontakt="1997-05-13" ObjStrasseID="7221" ObjHausnummer="Konkordiastraße 19" ObjVorlage="2013-09-11 00:00:00.0" ObKeinKontakt="1" ObjArtID="1" Merkmal="0.0"/>
  <Objekte ObjID="3455" ObjAufnahme="1997-03-18" ObjLetztKontakt="1997-05-13" ObjStrasseID="7221" ObjHausnummer="Konkordiastraße 21" ObjVorlage="2013-09-11 00:00:00.0" ObKeinKontakt="1" ObjArtID="1" Merkmal="0.0"/>
  <Objekte ObjID="3456" ObjAufnahme="1997-03-18" ObjLetztKontakt="1997-05-13" ObjStrasseID="7221" ObjHausnummer="Konkordiastraße 23" ObjVorlage="2013-09-11 00:00:00.0" ObKeinKontakt="1" ObjArtID="1" Merkmal="0.0"/>
  <Objekte ObjID="3457" ObjAufnahme="1997-03-18" ObjLetztKontakt="1997-05-13" ObjStrasseID="7221" ObjHausnummer="Konkordiastraße 27" ObjVorlage="2013-09-11 00:00:00.0" ObKeinKontakt="1" ObjArtID="1" Merkmal="0.0"/>
  <Objekte ObjID="3458" ObjAufnahme="1997-03-18" ObjLetztKontakt="1997-05-13" ObjStrasseID="7221" ObjHausnummer="Konkordiastraße 29" ObjVorlage="2013-09-11 00:00:00.0" ObKeinKontakt="1" ObjArtID="1" Merkmal="0.0"/>
  <Objekte ObjID="3459" ObjAufnahme="1997-03-18" ObjLetztKontakt="1997-05-13" ObjStrasseID="7221" ObjHausnummer="Konkordiastraße 31" ObjVorlage="2013-09-11 00:00:00.0" ObKeinKontakt="1" ObjArtID="1" Merkmal="0.0"/>
  <Objekte ObjID="3460" ObjAufnahme="1997-03-18" ObjLetztKontakt="1997-05-13" ObjStrasseID="7221" ObjHausnummer="Konkordiastraße 33" ObjVorlage="2013-09-11 00:00:00.0" ObKeinKontakt="1" ObjArtID="1" Merkmal="0.0"/>
  <Objekte ObjID="3461" ObjAufnahme="1997-03-18" ObjLetztKontakt="1997-05-13" ObjStrasseID="7221" ObjHausnummer="Konkordiastraße 35" ObjVorlage="2013-09-11 00:00:00.0" ObKeinKontakt="1" ObjArtID="1" Merkmal="0.0"/>
  <Objekte ObjID="3463" ObjAufnahme="1997-03-18" ObjLetztKontakt="1997-05-13" ObjStrasseID="7221" ObjHausnummer="Konkordiastraße 39" ObjVorlage="2013-09-11 00:00:00.0" ObKeinKontakt="1" ObjArtID="1" Merkmal="0.0"/>
  <Objekte ObjID="3464" ObjAufnahme="1997-03-18" ObjLetztKontakt="1997-05-13" ObjStrasseID="7221" ObjHausnummer="Konkordiastraße 32" ObjVorlage="2013-09-11 00:00:00.0" ObKeinKontakt="1" ObjArtID="1" Merkmal="0.0" ObjInfo="Klotz, Jutta Tel. 31 90 92, Mieterin"/>
  <Objekte ObjID="3465" ObjAufnahme="1997-03-18" ObjLetztKontakt="1997-05-13" ObjStrasseID="7221" ObjHausnummer="Konkordiastraße 30" ObjVorlage="2013-09-11 00:00:00.0" ObKeinKontakt="1" ObjArtID="1" Merkmal="0.0" ObjInfo="Klotz, Jutta Tel. 31 90 92, Mieterin"/>
  <Objekte ObjID="3466" ObjAufnahme="1997-03-18" ObjLetztKontakt="1997-05-13" ObjStrasseID="7221" ObjHausnummer="Konkordiastraße 26" ObjVorlage="2013-09-11 00:00:00.0" ObKeinKontakt="1" ObjArtID="1" Merkmal="0.0" ObjInfo="Klotz, Jutta Tel. 31 90 92, Mieterin"/>
  <Objekte ObjID="3467" ObjAufnahme="1997-03-18" ObjLetztKontakt="1997-05-13" ObjStrasseID="7221" ObjHausnummer="Konkordiastraße 24" ObjVorlage="2013-09-11 00:00:00.0" ObKeinKontakt="1" ObjArtID="1" Merkmal="0.0" ObjInfo="Klotz, Jutta Tel. 31 90 92, Mieterin"/>
  <Objekte ObjID="3468" ObjAufnahme="1997-03-18" ObjLetztKontakt="1997-05-13" ObjStrasseID="7221" ObjHausnummer="Konkordiastraße 22" ObjVorlage="2013-09-11 00:00:00.0" ObKeinKontakt="1" ObjArtID="1" Merkmal="0.0" ObjInfo="Klotz, Jutta Tel. 31 90 92, Mieterin"/>
  <Objekte ObjID="3469" ObjAufnahme="1997-03-18" ObjLetztKontakt="1997-05-13" ObjStrasseID="7221" ObjHausnummer="Konkordiastraße 20" ObjVorlage="2013-09-11 00:00:00.0" ObKeinKontakt="1" ObjArtID="1" Merkmal="0.0" ObjInfo="Klotz, Jutta Tel. 31 90 92, Mieterin"/>
  <Objekte ObjID="3470" ObjAufnahme="1997-03-18" ObjLetztKontakt="1997-05-13" ObjStrasseID="7221" ObjHausnummer="Konkordiastraße 18" ObjVorlage="2013-09-11 00:00:00.0" ObKeinKontakt="1" ObjArtID="1" Merkmal="0.0" ObjInfo="Klotz, Jutta Tel. 31 90 92, Mieterin"/>
  <Objekte ObjID="3471" ObjAufnahme="1997-03-18" ObjLetztKontakt="1997-05-13" ObjStrasseID="7221" ObjHausnummer="Konkordiastraße 14" ObjVorlage="2013-09-11 00:00:00.0" ObKeinKontakt="1" ObjArtID="1" Merkmal="0.0" ObjInfo="Klotz, Jutta Tel. 31 90 92, Mieterin"/>
  <Objekte ObjID="3472" ObjAufnahme="1997-03-18" ObjLetztKontakt="1997-05-13" ObjStrasseID="7221" ObjHausnummer="Konkordiastraße 12" ObjVorlage="2013-09-11 00:00:00.0" ObKeinKontakt="1" ObjArtID="1" Merkmal="0.0" ObjInfo="Klotz, Jutta Tel. 31 90 92, Mieterin"/>
  <Objekte ObjID="3473" ObjAufnahme="1997-03-18" ObjLetztKontakt="1997-05-13" ObjStrasseID="7221" ObjHausnummer="Konkordiastraße 10" ObjVorlage="2013-09-11 00:00:00.0" ObKeinKontakt="1" ObjArtID="1" Merkmal="0.0" ObjInfo="Klotz, Jutta Tel. 31 90 92, Mieterin"/>
  <Objekte ObjID="3474" ObjAufnahme="1997-03-18" ObjLetztKontakt="1997-05-13" ObjStrasseID="7221" ObjHausnummer="Konkordiastraße 8" ObjVorlage="2013-09-11 00:00:00.0" ObKeinKontakt="1" ObjArtID="1" Merkmal="0.0" ObjInfo="Klotz, Jutta Tel. 31 90 92, Mieterin"/>
  <Objekte ObjID="3475" ObjAufnahme="1997-03-18" ObjLetztKontakt="1997-05-13" ObjStrasseID="7221" ObjHausnummer="Konkordiastraße 6" ObjVorlage="2013-09-11 00:00:00.0" ObKeinKontakt="1" ObjArtID="1" Merkmal="0.0" ObjInfo="Klotz, Jutta Tel. 31 90 92, Mieterin"/>
  <Objekte ObjID="3476" ObjAufnahme="1997-03-18" ObjLetztKontakt="1997-05-13" ObjStrasseID="7221" ObjHausnummer="Konkordiastraße 4" ObjVorlage="2013-09-11 00:00:00.0" ObKeinKontakt="1" ObjArtID="1" Merkmal="0.0" ObjInfo="Klotz, Jutta Tel. 31 90 92, Mieterin"/>
  <Objekte ObjID="3477" ObjAufnahme="1997-03-18" ObjLetztKontakt="1997-05-13" ObjStrasseID="7221" ObjHausnummer="Konkordiastraße 2" ObjVorlage="2013-09-11 00:00:00.0" ObKeinKontakt="1" ObjArtID="1" Merkmal="0.0" ObjInfo="Klotz, Jutta Tel. 31 90 92, Mieterin"/>
  <Objekte ObjID="3478" ObjAufnahme="1997-03-18" ObjLetztKontakt="1997-05-13" ObjStrasseID="7221" ObjHausnummer="Konkordiastraße 3" ObjVorlage="2013-09-11 00:00:00.0" ObKeinKontakt="1" ObjArtID="1" Merkmal="0.0" ObjInfo="Klotz, Jutta Tel. 31 90 92, Mieterin"/>
  <Objekte ObjID="3479" ObjAufnahme="1997-03-18" ObjLetztKontakt="1997-05-13" ObjStrasseID="7221" ObjHausnummer="Konkordiastraße 5" ObjVorlage="2013-09-11 00:00:00.0" ObKeinKontakt="1" ObjArtID="1" Merkmal="0.0"/>
  <Objekte ObjID="3480" ObjAufnahme="1997-03-18" ObjLetztKontakt="1997-05-13" ObjStrasseID="7221" ObjHausnummer="Konkordiastraße 7" ObjVorlage="2013-09-11 00:00:00.0" ObKeinKontakt="1" ObjArtID="1" Merkmal="0.0"/>
  <Objekte ObjID="3481" ObjAufnahme="1997-03-18" ObjLetztKontakt="1997-05-13" ObjStrasseID="7221" ObjHausnummer="Konkordiastraße 9" ObjVorlage="2013-09-11 00:00:00.0" ObKeinKontakt="1" ObjArtID="104" Merkmal="0.0" ObjInfo="13450\"/>
  <Objekte ObjID="3482" ObjAufnahme="1997-03-18" ObjLetztKontakt="1997-05-13" ObjStrasseID="7221" ObjHausnummer="Konkordiastraße 11" ObjVorlage="2013-09-11 00:00:00.0" ObKeinKontakt="1" ObjArtID="1" Merkmal="0.0"/>
  <Objekte ObjID="3483" ObjAufnahme="1997-03-18" ObjLetztKontakt="1997-05-13" ObjStrasseID="7221" ObjHausnummer="Konkordiastraße 13" ObjVorlage="2013-09-11 00:00:00.0" ObKeinKontakt="1" ObjArtID="1" Merkmal="0.0"/>
  <Objekte ObjID="3484" ObjAufnahme="1997-03-18" ObjLetztKontakt="1997-05-13" ObjStrasseID="253" ObjHausnummer="Albertstraße 16" ObjVorlage="2013-09-11 00:00:00.0" ObKeinKontakt="1" ObjArtID="1" Merkmal="0.0" ObjInfo="Klotz, Jutta Tel. 31 90 92, Mieterin"/>
  <Objekte ObjID="3485" ObjAufnahme="1997-03-18" ObjLetztKontakt="1997-05-13" ObjStrasseID="253" ObjHausnummer="Albertstraße 20" ObjVorlage="2013-09-11 00:00:00.0" ObKeinKontakt="1" ObjArtID="1" Merkmal="0.0" ObjInfo="Klotz, Jutta Tel. 31 90 92, Mieterin"/>
  <Objekte ObjID="3486" ObjAufnahme="1997-03-18" ObjLetztKontakt="1997-05-13" ObjStrasseID="253" ObjHausnummer="Albertstraße 22" ObjVorlage="2013-09-11 00:00:00.0" ObKeinKontakt="1" ObjArtID="1" Merkmal="0.0" ObjInfo="Klotz, Jutta Tel. 31 90 92, Mieterin"/>
  <Objekte ObjID="3487" ObjAufnahme="1997-03-18" ObjLetztKontakt="1997-05-13" ObjStrasseID="253" ObjHausnummer="Albertstraße 28" ObjVorlage="2013-09-11 00:00:00.0" ObKeinKontakt="1" ObjArtID="1" Merkmal="0.0" ObjInfo="Klotz, Jutta Tel. 31 90 92, Mieterin"/>
  <Objekte ObjID="3488" ObjAufnahme="1997-03-18" ObjLetztKontakt="1997-05-13" ObjStrasseID="253" ObjHausnummer="Albertstraße 24" ObjVorlage="2013-09-11 00:00:00.0" ObKeinKontakt="1" ObjArtID="1" Merkmal="0.0" ObjInfo="Klotz, Jutta Tel. 31 90 92, Mieterin"/>
  <Objekte ObjID="3489" ObjAufnahme="1997-03-18" ObjLetztKontakt="1997-05-13" ObjStrasseID="253" ObjHausnummer="Albertstraße 26" ObjVorlage="2013-09-11 00:00:00.0" ObKeinKontakt="1" ObjArtID="1" Merkmal="0.0" ObjInfo="Klotz, Jutta Tel. 31 90 92, Mieterin"/>
  <Objekte ObjID="3490" ObjAufnahme="1997-03-18" ObjLetztKontakt="1997-05-13" ObjStrasseID="7973" ObjHausnummer="Rückertstraße 17" ObjVorlage="2013-09-11 00:00:00.0" ObKeinKontakt="1" ObjArtID="5" Merkmal="0.9999999999999999" ObjInfo="8WE/1L/1BÜ/1954/1,82/1,85"/>
  <Objekte ObjID="3491" ObjAufnahme="1997-03-18" ObjLetztKontakt="1997-05-13" ObjStrasseID="7973" ObjHausnummer="Rückertstraße 16" ObjVorlage="2013-09-11 00:00:00.0" ObKeinKontakt="1" ObjArtID="134" Merkmal="0.0" ObjInfo="Klotz, Jutta Tel. 31 90 92, Mieterin"/>
  <Objekte ObjID="3492" ObjAufnahme="1997-03-18" ObjLetztKontakt="1997-05-13" ObjStrasseID="7973" ObjHausnummer="Rückertstraße 15" ObjVorlage="2013-09-11 00:00:00.0" ObKeinKontakt="1" ObjArtID="1" Merkmal="0.0" ObjInfo="Klotz, Jutta Tel. 31 90 92, Mieterin"/>
  <Objekte ObjID="3493" ObjAufnahme="1997-03-18" ObjLetztKontakt="1997-05-13" ObjStrasseID="7973" ObjHausnummer="Rückertstraße 13" ObjVorlage="2013-09-11 00:00:00.0" ObKeinKontakt="1" ObjArtID="1" Merkmal="0.0" ObjInfo="Klotz, Jutta Tel. 31 90 92, Mieterin"/>
  <Objekte ObjID="3494" ObjAufnahme="1997-03-18" ObjLetztKontakt="1997-05-13" ObjStrasseID="7973" ObjHausnummer="Rückertstraße 12" ObjVorlage="2013-09-11 00:00:00.0" ObKeinKontakt="1" ObjArtID="1" Merkmal="0.0" ObjInfo="Klotz, Jutta Tel. 31 90 92, Mieterin"/>
  <Objekte ObjID="3495" ObjAufnahme="1997-03-18" ObjLetztKontakt="1997-05-13" ObjStrasseID="7973" ObjHausnummer="Rückertstraße 11" ObjVorlage="2013-09-11 00:00:00.0" ObKeinKontakt="1" ObjArtID="1" Merkmal="0.0" ObjInfo="Klotz, Jutta Tel. 31 90 92, Mieterin"/>
  <Objekte ObjID="3496" ObjAufnahme="1997-03-18" ObjLetztKontakt="1997-05-13" ObjStrasseID="7973" ObjHausnummer="Rückertstraße 10" ObjVorlage="2013-09-11 00:00:00.0" ObKeinKontakt="1" ObjArtID="1" Merkmal="0.0" ObjInfo="Klotz, Jutta Tel. 31 90 92, Mieterin"/>
  <Objekte ObjID="3497" ObjAufnahme="1997-03-18" ObjLetztKontakt="1997-05-13" ObjStrasseID="7973" ObjHausnummer="Rückertstraße 9" ObjVorlage="2013-09-11 00:00:00.0" ObKeinKontakt="1" ObjArtID="1" Merkmal="0.0" ObjInfo="Klotz, Jutta Tel. 31 90 92, Mieterin"/>
  <Objekte ObjID="3498" ObjAufnahme="1997-03-18" ObjLetztKontakt="1997-05-13" ObjStrasseID="7973" ObjHausnummer="Rückertstraße 8" ObjVorlage="2013-09-11 00:00:00.0" ObKeinKontakt="1" ObjArtID="1" Merkmal="0.0" ObjInfo="Klotz, Jutta Tel. 31 90 92, Mieterin"/>
  <Objekte ObjID="3499" ObjAufnahme="1997-03-18" ObjLetztKontakt="1997-05-13" ObjStrasseID="7973" ObjHausnummer="Rückertstraße 7" ObjVorlage="2013-09-11 00:00:00.0" ObKeinKontakt="1" ObjArtID="1" Merkmal="0.0" ObjInfo="Klotz, Jutta Tel. 31 90 92, Mieterin"/>
  <Objekte ObjID="3500" ObjAufnahme="1997-03-18" ObjLetztKontakt="1997-05-13" ObjStrasseID="7973" ObjHausnummer="Rückertstraße 6" ObjVorlage="2013-09-11 00:00:00.0" ObKeinKontakt="1" ObjArtID="1" Merkmal="0.0" ObjInfo="Klotz, Jutta Tel. 31 90 92, Mieterin"/>
  <Objekte ObjID="3501" ObjAufnahme="1997-03-18" ObjLetztKontakt="1997-05-13" ObjStrasseID="7973" ObjHausnummer="Rückertstraße 5" ObjVorlage="2013-09-11 00:00:00.0" ObKeinKontakt="1" ObjArtID="1" Merkmal="0.0" ObjInfo="Klotz, Jutta Tel. 31 90 92, Mieterin"/>
  <Objekte ObjID="3502" ObjAufnahme="1997-03-18" ObjLetztKontakt="1997-05-13" ObjStrasseID="7973" ObjHausnummer="Rückertstraße 4" ObjVorlage="2013-09-11 00:00:00.0" ObKeinKontakt="1" ObjArtID="1" Merkmal="0.0"/>
  <Objekte ObjID="3503" ObjAufnahme="1997-03-18" ObjLetztKontakt="1997-05-13" ObjStrasseID="7973" ObjHausnummer="Rückertstraße 3" ObjVorlage="2013-09-11 00:00:00.0" ObKeinKontakt="1" ObjArtID="1" Merkmal="0.0" ObjInfo="Klotz, Jutta Tel. 31 90 92, Mieterin"/>
  <Objekte ObjID="3504" ObjAufnahme="1997-03-18" ObjLetztKontakt="1997-05-13" ObjStrasseID="6937" ObjHausnummer="Humboldtstraße 33" ObjVorlage="2013-09-11 00:00:00.0" ObKeinKontakt="1" ObjArtID="1" Merkmal="0.0" ObjInfo="Klotz, Jutta Tel. 31 90 92, Mieterin"/>
  <Objekte ObjID="3505" ObjAufnahme="1997-03-18" ObjLetztKontakt="1997-05-13" ObjStrasseID="6937" ObjHausnummer="Humboldtstraße 1" ObjVorlage="2013-09-11 00:00:00.0" ObKeinKontakt="1" ObjArtID="1" Merkmal="0.0" ObjInfo="Klotz, Jutta Tel. 31 90 92, Mieterin"/>
  <Objekte ObjID="3506" ObjAufnahme="1997-03-18" ObjLetztKontakt="1997-05-13" ObjStrasseID="6937" ObjHausnummer="Humboldtstraße 32" ObjVorlage="2013-09-11 00:00:00.0" ObKeinKontakt="1" ObjArtID="1" Merkmal="0.0" ObjInfo="Klotz, Jutta Tel. 31 90 92, Mieterin"/>
  <Objekte ObjID="3507" ObjAufnahme="1997-03-18" ObjLetztKontakt="1997-05-13" ObjStrasseID="6937" ObjHausnummer="Humboldtstraße 31" ObjVorlage="2013-09-11 00:00:00.0" ObKeinKontakt="1" ObjArtID="1" Merkmal="0.0" ObjInfo="Klotz, Jutta Tel. 31 90 92, Mieterin"/>
  <Objekte ObjID="3508" ObjAufnahme="1997-03-18" ObjLetztKontakt="1997-05-13" ObjStrasseID="6937" ObjHausnummer="Humboldtstraße 30" ObjVorlage="2013-09-11 00:00:00.0" ObKeinKontakt="1" ObjArtID="1" Merkmal="0.0" ObjInfo="Klotz, Jutta Tel. 31 90 92, Mieterin"/>
  <Objekte ObjID="3509" ObjAufnahme="1997-03-18" ObjLetztKontakt="1997-05-13" ObjStrasseID="6937" ObjHausnummer="Humboldtstraße 27" ObjVorlage="2013-09-11 00:00:00.0" ObKeinKontakt="1" ObjArtID="1" Merkmal="0.0" ObjInfo="Klotz, Jutta Tel. 31 90 92, Mieterin"/>
  <Objekte ObjID="3510" ObjAufnahme="1997-03-18" ObjLetztKontakt="1997-05-13" ObjStrasseID="6937" ObjHausnummer="Humboldtstraße 26C" ObjVorlage="2013-09-11 00:00:00.0" ObKeinKontakt="1" ObjArtID="1" Merkmal="0.0" ObjInfo="Klotz, Jutta Tel. 31 90 92, Mieterin"/>
  <Objekte ObjID="3511" ObjAufnahme="1997-03-18" ObjLetztKontakt="1997-05-13" ObjStrasseID="6937" ObjHausnummer="Humboldtstraße 26" ObjVorlage="2013-09-11 00:00:00.0" ObKeinKontakt="1" ObjArtID="1" Merkmal="0.0" ObjInfo="Klotz, Jutta Tel. 31 90 92, Mieterin"/>
  <Objekte ObjID="3512" ObjAufnahme="1997-03-18" ObjLetztKontakt="1997-05-13" ObjStrasseID="6937" ObjHausnummer="Humboldtstraße 25" ObjVorlage="2013-09-11 00:00:00.0" ObKeinKontakt="1" ObjArtID="1" Merkmal="0.0" ObjInfo="Klotz, Jutta Tel. 31 90 92, Mieterin"/>
  <Objekte ObjID="3513" ObjAufnahme="1997-03-18" ObjLetztKontakt="1997-05-13" ObjStrasseID="6937" ObjHausnummer="Humboldtstraße 24" ObjVorlage="2013-09-11 00:00:00.0" ObKeinKontakt="1" ObjArtID="1" Merkmal="0.0" ObjInfo="Klotz, Jutta Tel. 31 90 92, Mieterin"/>
  <Objekte ObjID="3514" ObjAufnahme="1997-03-18" ObjLetztKontakt="1997-05-13" ObjStrasseID="6937" ObjHausnummer="Humboldtstraße 23" ObjVorlage="2013-09-11 00:00:00.0" ObKeinKontakt="1" ObjArtID="1" Merkmal="0.0" ObjInfo="Klotz, Jutta Tel. 31 90 92, Mieterin"/>
  <Objekte ObjID="3515" ObjAufnahme="1997-03-18" ObjLetztKontakt="1997-05-13" ObjStrasseID="6937" ObjHausnummer="Humboldtstraße 21" ObjVorlage="2013-09-11 00:00:00.0" ObKeinKontakt="1" ObjArtID="1" Merkmal="0.0" ObjInfo="Klotz, Jutta Tel. 31 90 92, Mieterin"/>
  <Objekte ObjID="3516" ObjAufnahme="1997-03-18" ObjLetztKontakt="1997-05-13" ObjStrasseID="6937" ObjHausnummer="Humboldtstraße 20" ObjVorlage="2013-09-11 00:00:00.0" ObKeinKontakt="1" ObjArtID="1" Merkmal="0.0" ObjInfo="Klotz, Jutta Tel. 31 90 92, Mieterin"/>
  <Objekte ObjID="3517" ObjAufnahme="1997-03-18" ObjLetztKontakt="1997-05-13" ObjStrasseID="6937" ObjHausnummer="Humboldtstraße 18" ObjVorlage="2013-09-11 00:00:00.0" ObKeinKontakt="1" ObjArtID="1" Merkmal="0.0" ObjInfo="Klotz, Jutta Tel. 31 90 92, Mieterin"/>
  <Objekte ObjID="3518" ObjAufnahme="1997-03-18" ObjLetztKontakt="1997-05-13" ObjStrasseID="6937" ObjHausnummer="Humboldtstraße 17" ObjVorlage="2013-09-11 00:00:00.0" ObKeinKontakt="1" ObjArtID="74" Merkmal="0.0" ObjInfo="Klotz, Jutta Tel. 31 90 92, Mieterin"/>
  <Objekte ObjID="3519" ObjAufnahme="1997-03-18" ObjLetztKontakt="1997-05-13" ObjStrasseID="6937" ObjHausnummer="Humboldtstraße 16" ObjVorlage="2013-09-11 00:00:00.0" ObKeinKontakt="1" ObjArtID="1" Merkmal="0.0" ObjInfo="Klotz, Jutta Tel. 31 90 92, Mieterin"/>
  <Objekte ObjID="3520" ObjAufnahme="1997-03-18" ObjLetztKontakt="1997-05-13" ObjStrasseID="6659" ObjHausnummer="Grotefendstraße 1" ObjVorlage="2013-09-11 00:00:00.0" ObKeinKontakt="5" ObjArtID="1" Merkmal="0.0" ObjInfo="12WE19001842,38"/>
  <Objekte ObjID="3521" ObjAufnahme="1997-03-18" ObjLetztKontakt="1997-05-13" ObjStrasseID="6659" ObjHausnummer="Grotefendstraße 2" ObjVorlage="2013-09-11 00:00:00.0" ObKeinKontakt="1" ObjArtID="1" Merkmal="0.0"/>
  <Objekte ObjID="3522" ObjAufnahme="1997-03-18" ObjLetztKontakt="1997-05-13" ObjStrasseID="6659" ObjHausnummer="Grotefendstraße 3" ObjVorlage="2013-09-11 00:00:00.0" ObKeinKontakt="1" ObjArtID="1" Merkmal="0.0"/>
  <Objekte ObjID="3523" ObjAufnahme="1997-03-18" ObjLetztKontakt="1997-05-13" ObjStrasseID="6659" ObjHausnummer="Grotefendstraße 4" ObjVorlage="2013-09-11 00:00:00.0" ObKeinKontakt="1" ObjArtID="1" Merkmal="0.0"/>
  <Objekte ObjID="3524" ObjAufnahme="1997-03-18" ObjLetztKontakt="1997-05-13" ObjStrasseID="6659" ObjHausnummer="Grotefendstraße 5" ObjVorlage="2013-09-11 00:00:00.0" ObKeinKontakt="1" ObjArtID="1" Merkmal="0.0"/>
  <Objekte ObjID="3525" ObjAufnahme="1997-03-18" ObjLetztKontakt="1997-05-13" ObjStrasseID="6659" ObjHausnummer="Grotefendstraße 6" ObjVorlage="2013-09-11 00:00:00.0" ObKeinKontakt="1" ObjArtID="1" Merkmal="0.0"/>
  <Objekte ObjID="3526" ObjAufnahme="1997-03-18" ObjLetztKontakt="1997-05-13" ObjStrasseID="6659" ObjHausnummer="Grotefendstraße 7" ObjVorlage="2013-09-11 00:00:00.0" ObKeinKontakt="1" ObjArtID="1" Merkmal="0.0"/>
  <Objekte ObjID="3527" ObjAufnahme="1997-03-18" ObjLetztKontakt="1997-05-13" ObjStrasseID="6659" ObjHausnummer="Grotefendstraße 8" ObjVorlage="2013-09-11 00:00:00.0" ObKeinKontakt="1" ObjArtID="1" Merkmal="0.0"/>
  <Objekte ObjID="3528" ObjAufnahme="1997-03-18" ObjLetztKontakt="1997-05-13" ObjStrasseID="6659" ObjHausnummer="Grotefendstraße 9" ObjVorlage="2013-09-11 00:00:00.0" ObKeinKontakt="1" ObjArtID="1" Merkmal="0.0"/>
  <Objekte ObjID="3529" ObjAufnahme="1997-03-18" ObjLetztKontakt="1997-05-13" ObjStrasseID="8535" ObjHausnummer="Weddigenufer 20" ObjVorlage="2013-09-11 00:00:00.0" ObKeinKontakt="1" ObjArtID="1" Merkmal="0.0"/>
  <Objekte ObjID="3530" ObjAufnahme="1997-03-18" ObjLetztKontakt="1997-05-13" ObjStrasseID="8535" ObjHausnummer="Weddigenufer 19" ObjVorlage="2013-09-11 00:00:00.0" ObKeinKontakt="1" ObjArtID="1" Merkmal="0.0"/>
  <Objekte ObjID="3531" ObjAufnahme="1997-03-18" ObjLetztKontakt="1997-05-13" ObjStrasseID="8535" ObjHausnummer="Weddigenufer 18" ObjVorlage="2013-09-11 00:00:00.0" ObKeinKontakt="1" ObjArtID="1" Merkmal="0.0"/>
  <Objekte ObjID="3532" ObjAufnahme="1997-03-18" ObjLetztKontakt="1997-05-13" ObjStrasseID="8535" ObjHausnummer="Weddigenufer 17" ObjVorlage="2013-09-11 00:00:00.0" ObKeinKontakt="1" ObjArtID="1" Merkmal="0.0"/>
  <Objekte ObjID="3533" ObjAufnahme="1997-03-18" ObjLetztKontakt="1997-05-13" ObjStrasseID="8535" ObjHausnummer="Weddigenufer 16" ObjVorlage="2013-09-11 00:00:00.0" ObKeinKontakt="1" ObjArtID="1" Merkmal="0.0"/>
  <Objekte ObjID="3534" ObjAufnahme="1997-03-18" ObjLetztKontakt="1997-05-13" ObjStrasseID="8535" ObjHausnummer="Weddigenufer 15" ObjVorlage="2013-09-11 00:00:00.0" ObKeinKontakt="1" ObjArtID="1" Merkmal="0.0"/>
  <Objekte ObjID="3535" ObjAufnahme="1997-03-18" ObjLetztKontakt="1997-05-13" ObjStrasseID="8535" ObjHausnummer="Weddigenufer 14" ObjVorlage="2013-09-11 00:00:00.0" ObKeinKontakt="1" ObjArtID="1" Merkmal="0.0"/>
  <Objekte ObjID="3536" ObjAufnahme="1997-03-18" ObjLetztKontakt="1997-05-13" ObjStrasseID="8535" ObjHausnummer="Weddigenufer 13" ObjVorlage="2013-09-11 00:00:00.0" ObKeinKontakt="1" ObjArtID="1" Merkmal="0.0"/>
  <Objekte ObjID="3537" ObjAufnahme="1997-03-18" ObjLetztKontakt="1997-05-13" ObjStrasseID="8535" ObjHausnummer="Weddigenufer 12" ObjVorlage="2013-09-11 00:00:00.0" ObKeinKontakt="1" ObjArtID="1" Merkmal="0.0"/>
  <Objekte ObjID="3538" ObjAufnahme="1997-03-18" ObjLetztKontakt="1997-05-13" ObjStrasseID="8535" ObjHausnummer="Weddigenufer 11" ObjVorlage="2013-09-11 00:00:00.0" ObKeinKontakt="1" ObjArtID="1" Merkmal="0.0"/>
  <Objekte ObjID="3539" ObjAufnahme="1997-03-18" ObjLetztKontakt="1997-05-13" ObjStrasseID="8535" ObjHausnummer="Weddigenufer 10" ObjVorlage="2013-09-11 00:00:00.0" ObKeinKontakt="1" ObjArtID="1" Merkmal="0.0"/>
  <Objekte ObjID="3540" ObjAufnahme="1997-03-18" ObjLetztKontakt="1997-05-13" ObjStrasseID="8535" ObjHausnummer="Weddigenufer 9" ObjVorlage="2013-09-11 00:00:00.0" ObKeinKontakt="1" ObjArtID="1" Merkmal="0.0"/>
  <Objekte ObjID="3541" ObjAufnahme="1997-03-18" ObjLetztKontakt="1997-05-13" ObjStrasseID="8535" ObjHausnummer="Weddigenufer 8" ObjVorlage="2013-09-11 00:00:00.0" ObKeinKontakt="1" ObjArtID="1" Merkmal="0.0"/>
  <Objekte ObjID="3542" ObjAufnahme="1997-03-18" ObjLetztKontakt="1997-05-13" ObjStrasseID="8535" ObjHausnummer="Weddigenufer 7" ObjVorlage="2013-09-11 00:00:00.0" ObKeinKontakt="1" ObjArtID="1" Merkmal="0.0"/>
  <Objekte ObjID="3543" ObjAufnahme="1997-03-18" ObjLetztKontakt="1997-05-13" ObjStrasseID="8535" ObjHausnummer="Weddigenufer 6" ObjVorlage="2013-09-11 00:00:00.0" ObKeinKontakt="1" ObjArtID="1" Merkmal="0.0"/>
  <Objekte ObjID="3544" ObjAufnahme="1997-03-18" ObjLetztKontakt="1997-05-13" ObjStrasseID="8535" ObjHausnummer="Weddigenufer 5" ObjVorlage="2013-09-11 00:00:00.0" ObKeinKontakt="1" ObjArtID="118" Merkmal="0.0"/>
  <Objekte ObjID="3545" ObjAufnahme="1997-03-18" ObjLetztKontakt="1997-05-13" ObjStrasseID="8535" ObjHausnummer="Weddigenufer 4" ObjVorlage="2013-09-11 00:00:00.0" ObKeinKontakt="1" ObjArtID="1" Merkmal="0.0"/>
  <Objekte ObjID="3546" ObjAufnahme="1997-03-18" ObjLetztKontakt="1997-05-13" ObjStrasseID="8535" ObjHausnummer="Weddigenufer 3" ObjVorlage="2013-09-11 00:00:00.0" ObKeinKontakt="1" ObjArtID="1" Merkmal="0.0"/>
  <Objekte ObjID="3547" ObjAufnahme="1997-03-18" ObjLetztKontakt="1997-05-13" ObjStrasseID="8535" ObjHausnummer="Weddigenufer 2" ObjVorlage="2013-09-11 00:00:00.0" ObKeinKontakt="1" ObjArtID="1" Merkmal="0.0"/>
  <Objekte ObjID="3548" ObjAufnahme="1996-01-30" ObjLetztKontakt="1997-12-15" ObjStrasseID="8535" ObjHausnummer="Weddigenufer 1" ObjVorlage="2013-09-11 00:00:00.0" ObKeinKontakt="5" ObjArtID="35" Merkmal="0.0" ObjInfo="AWOH2Gew190419787049,8"/>
  <Objekte ObjID="3549" ObjAufnahme="1997-03-18" ObjLetztKontakt="1997-05-13" ObjStrasseID="7283" ObjHausnummer="Kurt-Schumacher-Straße 3840" ObjVorlage="2013-09-11 00:00:00.0" ObKeinKontakt="1" ObjArtID="177" Merkmal="0.0"/>
  <Objekte ObjID="3550" ObjAufnahme="1997-03-18" ObjLetztKontakt="1997-05-13" ObjStrasseID="7283" ObjHausnummer="Kurt-Schumacher-Straße 36" ObjVorlage="2013-09-11 00:00:00.0" ObKeinKontakt="1" ObjArtID="37" Merkmal="0.0"/>
  <Objekte ObjID="3551" ObjAufnahme="1997-03-18" ObjLetztKontakt="1997-05-13" ObjStrasseID="7283" ObjHausnummer="Kurt-Schumacher-Straße 34" ObjVorlage="2013-09-11 00:00:00.0" ObKeinKontakt="1" ObjArtID="37" Merkmal="0.0"/>
  <Objekte ObjID="3552" ObjAufnahme="1997-03-18" ObjLetztKontakt="1997-05-13" ObjStrasseID="7283" ObjHausnummer="Kurt-Schumacher-Straße 32" ObjVorlage="2013-09-11 00:00:00.0" ObKeinKontakt="1" ObjArtID="37" Merkmal="0.0"/>
  <Objekte ObjID="3553" ObjAufnahme="1997-03-18" ObjLetztKontakt="1997-05-13" ObjStrasseID="7283" ObjHausnummer="Kurt-Schumacher-Straße 28" ObjVorlage="2013-09-11 00:00:00.0" ObKeinKontakt="1" ObjArtID="177" Merkmal="0.0"/>
  <Objekte ObjID="3554" ObjAufnahme="1997-03-18" ObjLetztKontakt="1997-05-13" ObjStrasseID="7283" ObjHausnummer="Kurt-Schumacher-Straße 26" ObjVorlage="2013-09-11 00:00:00.0" ObKeinKontakt="1" ObjArtID="37" Merkmal="0.0"/>
  <Objekte ObjID="3555" ObjAufnahme="1997-03-18" ObjLetztKontakt="1997-05-13" ObjStrasseID="7283" ObjHausnummer="Kurt-Schumacher-Straße 24" ObjVorlage="2013-09-11 00:00:00.0" ObKeinKontakt="1" ObjArtID="177" Merkmal="0.0"/>
  <Objekte ObjID="3556" ObjAufnahme="1997-03-18" ObjLetztKontakt="1997-05-13" ObjStrasseID="7283" ObjHausnummer="Kurt-Schumacher-Straße 22" ObjVorlage="2013-09-11 00:00:00.0" ObKeinKontakt="1" ObjArtID="177" Merkmal="0.0"/>
  <Objekte ObjID="3557" ObjAufnahme="1997-03-18" ObjLetztKontakt="1997-05-13" ObjStrasseID="7283" ObjHausnummer="Kurt-Schumacher-Straße 18" ObjVorlage="2013-09-11 00:00:00.0" ObKeinKontakt="1" ObjArtID="177" Merkmal="0.0"/>
  <Objekte ObjID="3558" ObjAufnahme="1997-03-18" ObjLetztKontakt="1997-05-13" ObjStrasseID="7283" ObjHausnummer="Kurt-Schumacher-Straße 14" ObjVorlage="2013-09-11 00:00:00.0" ObKeinKontakt="1" ObjArtID="177" Merkmal="0.0"/>
  <Objekte ObjID="3559" ObjAufnahme="1997-03-18" ObjLetztKontakt="1997-05-13" ObjStrasseID="7283" ObjHausnummer="Kurt-Schumacher-Straße 12a,b" ObjVorlage="2013-09-11 00:00:00.0" ObKeinKontakt="1" ObjArtID="177" Merkmal="0.0"/>
  <Objekte ObjID="3560" ObjAufnahme="1997-03-18" ObjLetztKontakt="1997-05-13" ObjStrasseID="7283" ObjHausnummer="Kurt-Schumacher-Straße 10" ObjVorlage="2013-09-11 00:00:00.0" ObKeinKontakt="1" ObjArtID="177" Merkmal="0.0"/>
  <Objekte ObjID="3561" ObjAufnahme="1997-03-18" ObjLetztKontakt="1997-05-13" ObjStrasseID="7283" ObjHausnummer="Kurt-Schumacher-Straße 8" ObjVorlage="2013-09-11 00:00:00.0" ObKeinKontakt="1" ObjArtID="177" Merkmal="0.0"/>
  <Objekte ObjID="3562" ObjAufnahme="1997-03-18" ObjLetztKontakt="1997-05-13" ObjStrasseID="7283" ObjHausnummer="Kurt-Schumacher-Straße 4" ObjVorlage="2013-09-11 00:00:00.0" ObKeinKontakt="1" ObjArtID="177" Merkmal="0.0"/>
  <Objekte ObjID="3563" ObjAufnahme="1997-03-18" ObjLetztKontakt="1997-05-13" ObjStrasseID="7973" ObjHausnummer="Rückertstraße 1" ObjVorlage="2013-09-11 00:00:00.0" ObKeinKontakt="1" ObjArtID="1" Merkmal="0.0"/>
  <Objekte ObjID="3564" ObjAufnahme="1997-03-18" ObjLetztKontakt="1997-05-13" ObjStrasseID="6133" ObjHausnummer="Calenberger Straße 25" ObjVorlage="2013-09-11 00:00:00.0" ObKeinKontakt="1" ObjArtID="1" Merkmal="0.0"/>
  <Objekte ObjID="3565" ObjAufnahme="1997-03-18" ObjLetztKontakt="1997-05-13" ObjStrasseID="6133" ObjHausnummer="Calenberger Straße 23" ObjVorlage="2013-09-11 00:00:00.0" ObKeinKontakt="1" ObjArtID="1" Merkmal="0.0"/>
  <Objekte ObjID="3566" ObjAufnahme="1997-03-18" ObjLetztKontakt="1997-05-13" ObjStrasseID="6133" ObjHausnummer="Calenberger Straße 21" ObjVorlage="2013-09-11 00:00:00.0" ObKeinKontakt="1" ObjArtID="1" Merkmal="0.0" ObjInfo="U.Reverey 01777004215&#xD;&#xA;scout54820694&#xD;&#xA;U.Reverey@gmx.de&#xD;&#xA;nicht Stöcken&#xD;&#xA;aber List Südstadt Calenberger neustadt&#xD;&#xA;will Adresse nicht angeben"/>
  <Objekte ObjID="3567" ObjAufnahme="1997-03-18" ObjLetztKontakt="1997-05-13" ObjStrasseID="6133" ObjHausnummer="Calenberger Straße 1917" ObjVorlage="2013-09-11 00:00:00.0" ObKeinKontakt="1" ObjArtID="1" Merkmal="0.0"/>
  <Objekte ObjID="3568" ObjAufnahme="1997-03-18" ObjLetztKontakt="1997-05-13" ObjStrasseID="6133" ObjHausnummer="Calenberger Straße 15" ObjVorlage="2013-09-11 00:00:00.0" ObKeinKontakt="1" ObjArtID="1" Merkmal="0.0"/>
  <Objekte ObjID="3569" ObjAufnahme="1997-03-18" ObjLetztKontakt="1997-05-13" ObjStrasseID="6133" ObjHausnummer="Calenberger Straße 13" ObjVorlage="2013-09-11 00:00:00.0" ObKeinKontakt="1" ObjArtID="1" Merkmal="0.0"/>
  <Objekte ObjID="3570" ObjAufnahme="1997-03-18" ObjLetztKontakt="1997-05-13" ObjStrasseID="6133" ObjHausnummer="Calenberger Straße 11" ObjVorlage="2013-09-11 00:00:00.0" ObKeinKontakt="1" ObjArtID="1" Merkmal="0.0"/>
  <Objekte ObjID="3571" ObjAufnahme="1997-03-18" ObjLetztKontakt="1997-05-13" ObjStrasseID="6133" ObjHausnummer="Calenberger Straße 9" ObjVorlage="2013-09-11 00:00:00.0" ObKeinKontakt="1" ObjArtID="1" Merkmal="0.0"/>
  <Objekte ObjID="3572" ObjAufnahme="1997-03-18" ObjLetztKontakt="1997-05-13" ObjStrasseID="6133" ObjHausnummer="Calenberger Straße 12" ObjVorlage="2013-09-11 00:00:00.0" ObKeinKontakt="1" ObjArtID="1" Merkmal="0.0"/>
  <Objekte ObjID="3573" ObjAufnahme="1997-03-18" ObjLetztKontakt="1997-05-13" ObjStrasseID="6133" ObjHausnummer="Calenberger Straße 14" ObjVorlage="2013-09-11 00:00:00.0" ObKeinKontakt="1" ObjArtID="1" Merkmal="0.0"/>
  <Objekte ObjID="3574" ObjAufnahme="1997-03-18" ObjLetztKontakt="1997-05-13" ObjStrasseID="6133" ObjHausnummer="Calenberger Straße 22" ObjVorlage="2013-09-11 00:00:00.0" ObKeinKontakt="1" ObjArtID="1" Merkmal="0.0"/>
  <Objekte ObjID="3575" ObjAufnahme="1997-03-18" ObjLetztKontakt="1997-05-13" ObjStrasseID="6133" ObjHausnummer="Calenberger Straße 24" ObjVorlage="2013-09-11 00:00:00.0" ObKeinKontakt="1" ObjArtID="1" Merkmal="0.0"/>
  <Objekte ObjID="3576" ObjAufnahme="1997-03-18" ObjLetztKontakt="1997-05-13" ObjStrasseID="6133" ObjHausnummer="Calenberger Straße 26" ObjVorlage="2013-09-11 00:00:00.0" ObKeinKontakt="1" ObjArtID="1" Merkmal="0.0"/>
  <Objekte ObjID="3577" ObjAufnahme="1997-03-18" ObjLetztKontakt="1997-05-13" ObjStrasseID="6133" ObjHausnummer="Calenberger Straße 28" ObjVorlage="2013-09-11 00:00:00.0" ObKeinKontakt="1" ObjArtID="1" Merkmal="0.0"/>
  <Objekte ObjID="3578" ObjAufnahme="1997-03-18" ObjLetztKontakt="1997-05-13" ObjStrasseID="6133" ObjHausnummer="Calenberger Straße 34" ObjVorlage="2013-09-11 00:00:00.0" ObKeinKontakt="1" ObjArtID="1" Merkmal="0.0"/>
  <Objekte ObjID="3579" ObjAufnahme="1997-03-18" ObjLetztKontakt="1997-05-13" ObjStrasseID="6133" ObjHausnummer="Calenberger Straße 49" ObjVorlage="2013-09-11 00:00:00.0" ObKeinKontakt="5" ObjArtID="5" Merkmal="0.9999999999999999" ObjInfo="8WE2L1GAST19101213,5"/>
  <Objekte ObjID="3580" ObjAufnahme="1997-03-18" ObjLetztKontakt="1997-05-13" ObjStrasseID="6133" ObjHausnummer="Calenberger Straße 47" ObjVorlage="2013-09-11 00:00:00.0" ObKeinKontakt="1" ObjArtID="1" Merkmal="0.0"/>
  <Objekte ObjID="3581" ObjAufnahme="1997-03-18" ObjLetztKontakt="1997-05-13" ObjStrasseID="6133" ObjHausnummer="Calenberger Straße 4345" ObjVorlage="2013-09-11 00:00:00.0" ObKeinKontakt="1" ObjArtID="1" Merkmal="0.0"/>
  <Objekte ObjID="3582" ObjAufnahme="1997-03-18" ObjLetztKontakt="1997-05-13" ObjStrasseID="6133" ObjHausnummer="Calenberger Straße 41" ObjVorlage="2013-09-11 00:00:00.0" ObKeinKontakt="1" ObjArtID="1" Merkmal="0.0"/>
  <Objekte ObjID="3583" ObjAufnahme="1997-03-18" ObjLetztKontakt="1997-05-13" ObjStrasseID="6133" ObjHausnummer="Calenberger Straße 39" ObjVorlage="2013-09-11 00:00:00.0" ObKeinKontakt="1" ObjArtID="1" Merkmal="0.0"/>
  <Objekte ObjID="3584" ObjAufnahme="1997-03-18" ObjLetztKontakt="1997-05-13" ObjStrasseID="6133" ObjHausnummer="Calenberger Straße 37" ObjVorlage="2013-09-11 00:00:00.0" ObKeinKontakt="1" ObjArtID="1" Merkmal="0.0"/>
  <Objekte ObjID="3585" ObjAufnahme="1997-03-18" ObjLetztKontakt="1997-05-13" ObjStrasseID="6133" ObjHausnummer="Calenberger Straße 35" ObjVorlage="2013-09-11 00:00:00.0" ObKeinKontakt="1" ObjArtID="1" Merkmal="0.0"/>
  <Objekte ObjID="3586" ObjAufnahme="1997-03-18" ObjLetztKontakt="1997-05-13" ObjStrasseID="6133" ObjHausnummer="Calenberger Straße 33" ObjVorlage="2013-09-11 00:00:00.0" ObKeinKontakt="1" ObjArtID="1" Merkmal="0.0"/>
  <Objekte ObjID="3587" ObjAufnahme="1997-06-21" ObjLetztKontakt="1997-06-21" ObjStrasseID="6133" ObjHausnummer="Calenberger Straße 2931" ObjVorlage="2013-09-11 00:00:00.0" ObKeinKontakt="1" ObjArtID="1" Merkmal="0.0"/>
  <Objekte ObjID="3588" ObjAufnahme="1997-06-21" ObjLetztKontakt="1997-06-21" ObjStrasseID="6133" ObjHausnummer="Calenberger Straße 27" ObjVorlage="2013-09-11 00:00:00.0" ObKeinKontakt="1" ObjArtID="1" Merkmal="0.0"/>
  <Objekte ObjID="3589" ObjAufnahme="1997-06-21" ObjLetztKontakt="1997-06-21" ObjStrasseID="6176" ObjHausnummer="Dachenhausenstraße 1" ObjVorlage="2013-09-11 00:00:00.0" ObKeinKontakt="5" ObjArtID="1" Merkmal="0.9999999999999999" ObjInfo="10WE19101053,5"/>
  <Objekte ObjID="3590" ObjAufnahme="1997-06-21" ObjLetztKontakt="1997-06-21" ObjStrasseID="6176" ObjHausnummer="Dachenhausenstraße 3" ObjVorlage="2013-09-11 00:00:00.0" ObKeinKontakt="1" ObjArtID="1" Merkmal="0.0"/>
  <Objekte ObjID="3591" ObjAufnahme="1997-06-21" ObjLetztKontakt="1997-06-21" ObjStrasseID="6176" ObjHausnummer="Dachenhausenstraße 5" ObjVorlage="2013-09-11 00:00:00.0" ObKeinKontakt="1" ObjArtID="1" Merkmal="0.0"/>
  <Objekte ObjID="3592" ObjAufnahme="1997-06-21" ObjLetztKontakt="1997-06-21" ObjStrasseID="6176" ObjHausnummer="Dachenhausenstraße 7" ObjVorlage="2013-09-11 00:00:00.0" ObKeinKontakt="1" ObjArtID="1" Merkmal="0.0"/>
  <Objekte ObjID="3593" ObjAufnahme="1997-06-21" ObjLetztKontakt="1997-06-21" ObjStrasseID="6176" ObjHausnummer="Dachenhausenstraße 9" ObjVorlage="2013-09-11 00:00:00.0" ObKeinKontakt="1" ObjArtID="1" Merkmal="0.0"/>
  <Objekte ObjID="3594" ObjAufnahme="1997-06-21" ObjLetztKontakt="1997-06-21" ObjStrasseID="6176" ObjHausnummer="Dachenhausenstraße 11" ObjVorlage="2013-09-11 00:00:00.0" ObKeinKontakt="1" ObjArtID="1" Merkmal="0.0"/>
  <Objekte ObjID="3595" ObjAufnahme="1997-06-21" ObjLetztKontakt="1997-06-21" ObjStrasseID="6176" ObjHausnummer="Dachenhausenstraße 13" ObjVorlage="2013-09-11 00:00:00.0" ObKeinKontakt="1" ObjArtID="1" Merkmal="0.0"/>
  <Objekte ObjID="3596" ObjAufnahme="1997-06-21" ObjLetztKontakt="1997-06-21" ObjStrasseID="6176" ObjHausnummer="Dachenhausenstraße 14" ObjVorlage="2013-09-11 00:00:00.0" ObKeinKontakt="1" ObjArtID="1" Merkmal="0.0"/>
  <Objekte ObjID="3597" ObjAufnahme="1997-06-21" ObjLetztKontakt="1997-06-21" ObjStrasseID="7213" ObjHausnummer="Kommandanturstraße 4" ObjVorlage="2013-09-11 00:00:00.0" ObKeinKontakt="1" ObjArtID="1" Merkmal="0.0"/>
  <Objekte ObjID="3598" ObjAufnahme="1997-06-21" ObjLetztKontakt="1997-06-21" ObjStrasseID="7213" ObjHausnummer="Kommandanturstraße 2" ObjVorlage="2013-09-11 00:00:00.0" ObKeinKontakt="1" ObjArtID="1" Merkmal="0.0"/>
  <Objekte ObjID="3599" ObjAufnahme="1997-06-21" ObjLetztKontakt="1997-06-21" ObjStrasseID="7213" ObjHausnummer="Kommandanturstraße 6" ObjVorlage="2013-09-11 00:00:00.0" ObKeinKontakt="1" ObjArtID="1" Merkmal="0.0"/>
  <Objekte ObjID="3600" ObjAufnahme="1997-06-21" ObjLetztKontakt="1997-06-21" ObjStrasseID="7213" ObjHausnummer="Kommandanturstraße 6A" ObjVorlage="2013-09-11 00:00:00.0" ObKeinKontakt="1" ObjArtID="1" Merkmal="0.0"/>
  <Objekte ObjID="3601" ObjAufnahme="1997-06-21" ObjLetztKontakt="1997-06-21" ObjStrasseID="7213" ObjHausnummer="Kommandanturstraße 8" ObjVorlage="2013-09-11 00:00:00.0" ObKeinKontakt="1" ObjArtID="96" Merkmal="0.0"/>
  <Objekte ObjID="3602" ObjAufnahme="1997-06-21" ObjLetztKontakt="1997-06-21" ObjStrasseID="7213" ObjHausnummer="Kommandanturstraße 10" ObjVorlage="2013-09-11 00:00:00.0" ObKeinKontakt="1" ObjArtID="1" Merkmal="0.0"/>
  <Objekte ObjID="3604" ObjAufnahme="1997-06-21" ObjLetztKontakt="1997-06-21" ObjStrasseID="7213" ObjHausnummer="Kommandanturstraße 14" ObjVorlage="2013-09-11 00:00:00.0" ObKeinKontakt="1" ObjArtID="1" Merkmal="0.0"/>
  <Objekte ObjID="3605" ObjAufnahme="1997-06-21" ObjLetztKontakt="1997-06-21" ObjStrasseID="7213" ObjHausnummer="Kommandanturstraße 16" ObjVorlage="2013-09-11 00:00:00.0" ObKeinKontakt="1" ObjArtID="1" Merkmal="0.0"/>
  <Objekte ObjID="3606" ObjAufnahme="1997-06-21" ObjLetztKontakt="1997-06-21" ObjStrasseID="7213" ObjHausnummer="Kommandanturstraße 7" ObjVorlage="2013-09-11 00:00:00.0" ObKeinKontakt="1" ObjArtID="1" Merkmal="0.0"/>
  <Objekte ObjID="3607" ObjAufnahme="1997-06-21" ObjLetztKontakt="1997-06-21" ObjStrasseID="7213" ObjHausnummer="Kommandanturstraße 5" ObjVorlage="2013-09-11 00:00:00.0" ObKeinKontakt="1" ObjArtID="1" Merkmal="0.0"/>
  <Objekte ObjID="3608" ObjAufnahme="1997-03-18" ObjLetztKontakt="1997-05-13" ObjStrasseID="7283" ObjHausnummer="Kurt-Schumacher-Straße 3740" ObjVorlage="2013-09-11 00:00:00.0" ObKeinKontakt="1" ObjArtID="177" Merkmal="0.0"/>
  <Objekte ObjID="3609" ObjAufnahme="1997-03-18" ObjLetztKontakt="1997-05-13" ObjStrasseID="7283" ObjHausnummer="Kurt-Schumacher-Straße 3540" ObjVorlage="2013-09-11 00:00:00.0" ObKeinKontakt="1" ObjArtID="177" Merkmal="0.0"/>
  <Objekte ObjID="3610" ObjAufnahme="1997-03-18" ObjLetztKontakt="1997-05-13" ObjStrasseID="7283" ObjHausnummer="Kurt-Schumacher-Straße 3340" ObjVorlage="2013-09-11 00:00:00.0" ObKeinKontakt="1" ObjArtID="177" Merkmal="0.0"/>
  <Objekte ObjID="3611" ObjAufnahme="1997-03-18" ObjLetztKontakt="1997-05-13" ObjStrasseID="7283" ObjHausnummer="Kurt-Schumacher-Straße 3140" ObjVorlage="2013-09-11 00:00:00.0" ObKeinKontakt="1" ObjArtID="177" Merkmal="0.0"/>
  <Objekte ObjID="3612" ObjAufnahme="1997-03-18" ObjLetztKontakt="1997-05-13" ObjStrasseID="7283" ObjHausnummer="Kurt-Schumacher-Straße 2940" ObjVorlage="2013-09-11 00:00:00.0" ObKeinKontakt="1" ObjArtID="177" Merkmal="0.0"/>
  <Objekte ObjID="3613" ObjAufnahme="1997-03-18" ObjLetztKontakt="1997-05-13" ObjStrasseID="7283" ObjHausnummer="Kurt-Schumacher-Straße 2740" ObjVorlage="2013-09-11 00:00:00.0" ObKeinKontakt="1" ObjArtID="177" Merkmal="0.0"/>
  <Objekte ObjID="3614" ObjAufnahme="1997-03-18" ObjLetztKontakt="1997-05-13" ObjStrasseID="7283" ObjHausnummer="Kurt-Schumacher-Straße 25" ObjVorlage="2013-09-11 00:00:00.0" ObKeinKontakt="1" ObjArtID="37" Merkmal="0.0" ObjInfo="evtl auch 40"/>
  <Objekte ObjID="3615" ObjAufnahme="1997-03-18" ObjLetztKontakt="1997-05-13" ObjStrasseID="7283" ObjHausnummer="Kurt-Schumacher-Straße 2340" ObjVorlage="2013-09-11 00:00:00.0" ObKeinKontakt="1" ObjArtID="177" Merkmal="0.0"/>
  <Objekte ObjID="3616" ObjAufnahme="1997-03-18" ObjLetztKontakt="1997-05-13" ObjStrasseID="7283" ObjHausnummer="Kurt-Schumacher-Straße 2140" ObjVorlage="2013-09-11 00:00:00.0" ObKeinKontakt="1" ObjArtID="177" Merkmal="0.0"/>
  <Objekte ObjID="3617" ObjAufnahme="1997-03-18" ObjLetztKontakt="1997-05-13" ObjStrasseID="7283" ObjHausnummer="Kurt-Schumacher-Straße 1340" ObjVorlage="2013-09-11 00:00:00.0" ObKeinKontakt="1" ObjArtID="177" Merkmal="0.0"/>
  <Objekte ObjID="3618" ObjAufnahme="1997-03-18" ObjLetztKontakt="1997-05-13" ObjStrasseID="7283" ObjHausnummer="Kurt-Schumacher-Straße 11" ObjVorlage="2013-09-11 00:00:00.0" ObKeinKontakt="1" ObjArtID="177" Merkmal="0.0"/>
  <Objekte ObjID="3619" ObjAufnahme="1997-03-18" ObjLetztKontakt="1997-05-13" ObjStrasseID="7283" ObjHausnummer="Kurt-Schumacher-Straße 9" ObjVorlage="2013-09-11 00:00:00.0" ObKeinKontakt="1" ObjArtID="177" Merkmal="0.0"/>
  <Objekte ObjID="3620" ObjAufnahme="1997-03-18" ObjLetztKontakt="1997-05-13" ObjStrasseID="7283" ObjHausnummer="Kurt-Schumacher-Straße 7" ObjVorlage="2013-09-11 00:00:00.0" ObKeinKontakt="1" ObjArtID="177" Merkmal="0.0"/>
  <Objekte ObjID="3621" ObjAufnahme="1997-03-18" ObjLetztKontakt="1997-05-13" ObjStrasseID="7283" ObjHausnummer="Kurt-Schumacher-Straße 3" ObjVorlage="2013-09-11 00:00:00.0" ObKeinKontakt="1" ObjArtID="177" Merkmal="0.0"/>
  <Objekte ObjID="3622" ObjAufnahme="1997-03-18" ObjLetztKontakt="1997-05-13" ObjStrasseID="7283" ObjHausnummer="Kurt-Schumacher-Straße 2" ObjVorlage="2013-09-11 00:00:00.0" ObKeinKontakt="1" ObjArtID="177" Merkmal="0.0"/>
  <Objekte ObjID="3623" ObjAufnahme="1997-03-18" ObjLetztKontakt="1997-05-13" ObjStrasseID="7283" ObjHausnummer="Kurt-Schumacher-Straße 40" ObjVorlage="2013-09-11 00:00:00.0" ObKeinKontakt="1" ObjArtID="177" Merkmal="0.0"/>
  <Objekte ObjID="3624" ObjAufnahme="1997-03-18" ObjLetztKontakt="1997-05-13" ObjStrasseID="6603" ObjHausnummer="Goseriede 4" ObjVorlage="2013-09-11 00:00:00.0" ObKeinKontakt="5" ObjArtID="37" Merkmal="0.0"/>
  <Objekte ObjID="3625" ObjAufnahme="1997-03-18" ObjLetztKontakt="1997-05-13" ObjStrasseID="6603" ObjHausnummer="Goseriede 2" ObjVorlage="2013-09-11 00:00:00.0" ObKeinKontakt="1" ObjArtID="177" Merkmal="0.0"/>
  <Objekte ObjID="3626" ObjAufnahme="1997-03-18" ObjLetztKontakt="1997-05-13" ObjStrasseID="6603" ObjHausnummer="Goseriede 3" ObjVorlage="2013-09-11 00:00:00.0" ObKeinKontakt="1" ObjArtID="5" Merkmal="0.0"/>
  <Objekte ObjID="3627" ObjAufnahme="1997-03-18" ObjLetztKontakt="1997-05-13" ObjStrasseID="6603" ObjHausnummer="Goseriede 5" ObjVorlage="2013-09-11 00:00:00.0" ObKeinKontakt="1" ObjArtID="37" Merkmal="0.0"/>
  <Objekte ObjID="3628" ObjAufnahme="1997-03-18" ObjLetztKontakt="1997-05-13" ObjStrasseID="6603" ObjHausnummer="Goseriede 7" ObjVorlage="2013-09-11 00:00:00.0" ObKeinKontakt="1" ObjArtID="177" Merkmal="0.0"/>
  <Objekte ObjID="3629" ObjAufnahme="1997-03-18" ObjLetztKontakt="1997-05-13" ObjStrasseID="6603" ObjHausnummer="Goseriede 9" ObjVorlage="2013-09-11 00:00:00.0" ObKeinKontakt="1" ObjArtID="177" Merkmal="0.0"/>
  <Objekte ObjID="3630" ObjAufnahme="1997-03-18" ObjLetztKontakt="1997-05-13" ObjStrasseID="6603" ObjHausnummer="Goseriede 11" ObjVorlage="2013-09-11 00:00:00.0" ObKeinKontakt="1" ObjArtID="177" Merkmal="0.0"/>
  <Objekte ObjID="3631" ObjAufnahme="1997-03-18" ObjLetztKontakt="1997-05-13" ObjStrasseID="6603" ObjHausnummer="Goseriede 13" ObjVorlage="2013-09-11 00:00:00.0" ObKeinKontakt="1" ObjArtID="177" Merkmal="0.0"/>
  <Objekte ObjID="3632" ObjAufnahme="1997-03-18" ObjLetztKontakt="1997-05-13" ObjStrasseID="6603" ObjHausnummer="Goseriede 15" ObjVorlage="2013-09-11 00:00:00.0" ObKeinKontakt="1" ObjArtID="177" Merkmal="0.0"/>
  <Objekte ObjID="3633" ObjAufnahme="1997-03-18" ObjLetztKontakt="1997-05-13" ObjStrasseID="6603" ObjHausnummer="Goseriede 12" ObjVorlage="2013-09-11 00:00:00.0" ObKeinKontakt="1" ObjArtID="177" Merkmal="0.0"/>
  <Objekte ObjID="3634" ObjAufnahme="1997-03-18" ObjLetztKontakt="1997-05-13" ObjStrasseID="6603" ObjHausnummer="Goseriede 10" ObjVorlage="2013-09-11 00:00:00.0" ObKeinKontakt="1" ObjArtID="177" Merkmal="0.0"/>
  <Objekte ObjID="3635" ObjAufnahme="1997-03-18" ObjLetztKontakt="1997-05-13" ObjStrasseID="6603" ObjHausnummer="Goseriede 6" ObjVorlage="2013-09-11 00:00:00.0" ObKeinKontakt="1" ObjArtID="177" Merkmal="0.0"/>
  <Objekte ObjID="3636" ObjAufnahme="1997-03-18" ObjLetztKontakt="1997-05-13" ObjStrasseID="6603" ObjHausnummer="Goseriede 8" ObjVorlage="2013-09-11 00:00:00.0" ObKeinKontakt="1" ObjArtID="177" Merkmal="0.0" ObjInfo="Leibecke"/>
  <Objekte ObjID="3637" ObjAufnahme="1997-03-18" ObjLetztKontakt="1997-05-13" ObjStrasseID="5658" ObjHausnummer="Am Jungfernplan 10" ObjVorlage="2013-09-11 00:00:00.0" ObKeinKontakt="1" ObjArtID="177" Merkmal="0.0"/>
  <Objekte ObjID="3640" ObjAufnahme="1997-03-18" ObjLetztKontakt="1997-05-13" ObjStrasseID="5658" ObjHausnummer="Am Jungfernplan 5A" ObjVorlage="2013-09-11 00:00:00.0" ObKeinKontakt="1" ObjArtID="177" Merkmal="0.0"/>
  <Objekte ObjID="3641" ObjAufnahme="1997-03-18" ObjLetztKontakt="1997-05-13" ObjStrasseID="5658" ObjHausnummer="Am Jungfernplan 6" ObjVorlage="2013-09-11 00:00:00.0" ObKeinKontakt="1" ObjArtID="177" Merkmal="0.0"/>
  <Objekte ObjID="3642" ObjAufnahme="1997-03-18" ObjLetztKontakt="1997-05-13" ObjStrasseID="5658" ObjHausnummer="Am Jungfernplan 6A" ObjVorlage="2013-09-11 00:00:00.0" ObKeinKontakt="1" ObjArtID="177" Merkmal="0.0"/>
  <Objekte ObjID="3643" ObjAufnahme="1997-03-18" ObjLetztKontakt="1997-05-13" ObjStrasseID="5658" ObjHausnummer="Am Jungfernplan 6B" ObjVorlage="2013-09-11 00:00:00.0" ObKeinKontakt="1" ObjArtID="177" Merkmal="0.0"/>
  <Objekte ObjID="3644" ObjAufnahme="1997-03-18" ObjLetztKontakt="1997-05-13" ObjStrasseID="5658" ObjHausnummer="Am Jungfernplan 7" ObjVorlage="2013-09-11 00:00:00.0" ObKeinKontakt="1" ObjArtID="177" Merkmal="0.0"/>
  <Objekte ObjID="3645" ObjAufnahme="1997-03-18" ObjLetztKontakt="1997-05-13" ObjStrasseID="5658" ObjHausnummer="Am Jungfernplan 7A" ObjVorlage="2013-09-11 00:00:00.0" ObKeinKontakt="1" ObjArtID="177" Merkmal="0.0"/>
  <Objekte ObjID="3646" ObjAufnahme="1997-03-18" ObjLetztKontakt="1997-05-13" ObjStrasseID="5658" ObjHausnummer="Am Jungfernplan 8" ObjVorlage="2013-09-11 00:00:00.0" ObKeinKontakt="1" ObjArtID="177" Merkmal="0.0"/>
  <Objekte ObjID="3647" ObjAufnahme="1997-03-18" ObjLetztKontakt="1997-05-13" ObjStrasseID="5658" ObjHausnummer="Am Jungfernplan 9" ObjVorlage="2013-09-11 00:00:00.0" ObKeinKontakt="1" ObjArtID="177" Merkmal="0.0"/>
  <Objekte ObjID="3649" ObjAufnahme="1997-03-18" ObjLetztKontakt="1997-05-13" ObjStrasseID="5658" ObjHausnummer="Am Jungfernplan 11" ObjVorlage="2013-09-11 00:00:00.0" ObKeinKontakt="1" ObjArtID="177" Merkmal="0.0"/>
  <Objekte ObjID="3650" ObjAufnahme="1997-03-18" ObjLetztKontakt="1997-05-13" ObjStrasseID="5658" ObjHausnummer="Am Jungfernplan 12" ObjVorlage="2013-09-11 00:00:00.0" ObKeinKontakt="1" ObjArtID="1" Merkmal="0.0"/>
  <Objekte ObjID="3651" ObjAufnahme="1997-03-18" ObjLetztKontakt="1997-05-13" ObjStrasseID="6876" ObjHausnummer="Hildesheimer Straße 94" ObjVorlage="2013-09-11 00:00:00.0" ObKeinKontakt="1" ObjArtID="177" Merkmal="0.0"/>
  <Objekte ObjID="3652" ObjAufnahme="1997-03-18" ObjLetztKontakt="1997-05-13" ObjStrasseID="6876" ObjHausnummer="Hildesheimer Straße 96" ObjVorlage="2013-09-11 00:00:00.0" ObKeinKontakt="1" ObjArtID="177" Merkmal="0.0"/>
  <Objekte ObjID="3653" ObjAufnahme="1997-03-18" ObjLetztKontakt="1997-05-13" ObjStrasseID="6876" ObjHausnummer="Hildesheimer Straße 98" ObjVorlage="2013-09-11 00:00:00.0" ObKeinKontakt="1" ObjArtID="5" Merkmal="0.0"/>
  <Objekte ObjID="3654" ObjAufnahme="1997-03-18" ObjLetztKontakt="1997-05-13" ObjStrasseID="6876" ObjHausnummer="Hildesheimer Straße 100" ObjVorlage="2013-09-11 00:00:00.0" ObKeinKontakt="1" ObjArtID="177" Merkmal="0.0"/>
  <Objekte ObjID="3655" ObjAufnahme="1997-03-18" ObjLetztKontakt="1997-05-13" ObjStrasseID="6876" ObjHausnummer="Hildesheimer Straße 102" ObjVorlage="2013-09-11 00:00:00.0" ObKeinKontakt="1" ObjArtID="177" Merkmal="0.0"/>
  <Objekte ObjID="3656" ObjAufnahme="1997-03-18" ObjLetztKontakt="1997-05-13" ObjStrasseID="6876" ObjHausnummer="Hildesheimer Straße 106" ObjVorlage="2013-09-11 00:00:00.0" ObKeinKontakt="1" ObjArtID="177" Merkmal="0.0"/>
  <Objekte ObjID="3657" ObjAufnahme="1997-03-18" ObjLetztKontakt="1997-05-13" ObjStrasseID="6876" ObjHausnummer="Hildesheimer Straße 108" ObjVorlage="2013-09-11 00:00:00.0" ObKeinKontakt="1" ObjArtID="177" Merkmal="0.0"/>
  <Objekte ObjID="3658" ObjAufnahme="1997-03-18" ObjLetztKontakt="1997-05-13" ObjStrasseID="6876" ObjHausnummer="Hildesheimer Straße 110" ObjVorlage="2013-09-11 00:00:00.0" ObKeinKontakt="1" ObjArtID="177" Merkmal="0.0"/>
  <Objekte ObjID="3659" ObjAufnahme="1997-03-18" ObjLetztKontakt="1997-05-13" ObjStrasseID="6876" ObjHausnummer="Hildesheimer Straße 112" ObjVorlage="2013-09-11 00:00:00.0" ObKeinKontakt="1" ObjArtID="177" Merkmal="0.0"/>
  <Objekte ObjID="3660" ObjAufnahme="1997-03-18" ObjLetztKontakt="1997-05-13" ObjStrasseID="6876" ObjHausnummer="Hildesheimer Straße 114" ObjVorlage="2013-09-11 00:00:00.0" ObKeinKontakt="5" ObjArtID="10" Merkmal="0.0"/>
  <Objekte ObjID="3661" ObjAufnahme="1997-03-18" ObjLetztKontakt="1997-05-13" ObjStrasseID="6876" ObjHausnummer="Hildesheimer Straße 118" ObjVorlage="2013-09-11 00:00:00.0" ObKeinKontakt="1" ObjArtID="177" Merkmal="0.0"/>
  <Objekte ObjID="3662" ObjAufnahme="1997-03-18" ObjLetztKontakt="1997-05-13" ObjStrasseID="6876" ObjHausnummer="Hildesheimer Straße 120" ObjVorlage="2013-09-11 00:00:00.0" ObKeinKontakt="1" ObjArtID="177" Merkmal="0.0"/>
  <Objekte ObjID="3663" ObjAufnahme="1997-03-18" ObjLetztKontakt="1997-05-13" ObjStrasseID="6876" ObjHausnummer="Hildesheimer Straße 122" ObjVorlage="2013-09-11 00:00:00.0" ObKeinKontakt="1" ObjArtID="177" Merkmal="0.0"/>
  <Objekte ObjID="3664" ObjAufnahme="1997-03-18" ObjLetztKontakt="1997-05-13" ObjStrasseID="6876" ObjHausnummer="Hildesheimer Straße 124" ObjVorlage="2013-09-11 00:00:00.0" ObKeinKontakt="1" ObjArtID="177" Merkmal="0.0"/>
  <Objekte ObjID="3666" ObjAufnahme="1997-04-04" ObjLetztKontakt="1997-04-04" ObjStrasseID="6404" ObjHausnummer="Ferdinand-Wallbrecht-Straße 48" ObjVorlage="2013-09-11 00:00:00.0" ObKeinKontakt="2" ObjArtID="5" Merkmal="0.0" ObjInfo="früher Margret Sebastian"/>
  <Objekte ObjID="3667" ObjAufnahme="1997-04-04" ObjLetztKontakt="1997-04-04" ObjStrasseID="6404" ObjHausnummer="Ferdinand-Wallbrecht-Straße 46" ObjVorlage="2013-09-11 00:00:00.0" ObKeinKontakt="2" ObjArtID="5" Merkmal="0.0" ObjInfo="Erbengem.Vette"/>
  <Objekte ObjID="3668" ObjAufnahme="1997-04-04" ObjLetztKontakt="1997-04-04" ObjStrasseID="6404" ObjHausnummer="Ferdinand-Wallbrecht-Straße 44" ObjVorlage="2013-09-11 00:00:00.0" ObKeinKontakt="2" ObjArtID="5" Merkmal="0.0" ObjInfo="24WE/2Läden/1911/320/4,5"/>
  <Objekte ObjID="3669" ObjAufnahme="1997-04-04" ObjLetztKontakt="1997-04-04" ObjStrasseID="6404" ObjHausnummer="Ferdinand-Wallbrecht-Straße 42" ObjVorlage="2013-09-11 00:00:00.0" ObKeinKontakt="2" ObjArtID="5" Merkmal="0.0"/>
  <Objekte ObjID="3670" ObjAufnahme="1997-03-21" ObjLetztKontakt="1997-03-21" ObjStrasseID="8536" ObjHausnummer="Wedekindplatz 2" ObjVorlage="2013-09-11 00:00:00.0" ObKeinKontakt="1" ObjArtID="1" Merkmal="0.0" ObjInfo="Schwarz-Sander ,Petra von Weyssenhoff 3180764 verkauft von Frau Timpe"/>
  <Objekte ObjID="3671" ObjAufnahme="1997-03-21" ObjLetztKontakt="1997-03-21" ObjStrasseID="8536" ObjHausnummer="Wedekindplatz 1" ObjVorlage="2013-09-11 00:00:00.0" ObKeinKontakt="1" ObjArtID="5" Merkmal="0.0"/>
  <Objekte ObjID="3672" ObjAufnahme="1997-03-21" ObjLetztKontakt="2013-04-22" ObjStrasseID="8536" ObjHausnummer="Wedekindplatz 3" ObjVorlage="2013-09-11 00:00:00.0" ObKeinKontakt="2" ObjArtID="1" Merkmal="0.0" ObjInfo="H.P.Seelhorst,30989 Gehrden 05105-2115&#xD;&#xA;Ankauf nur bei Vollfinanzierung"/>
  <Objekte ObjID="3673" ObjAufnahme="1997-03-21" ObjLetztKontakt="1997-03-21" ObjStrasseID="7030" ObjHausnummer="In der Steinriede 12" ObjVorlage="2013-09-11 00:00:00.0" ObKeinKontakt="1" ObjArtID="1" Merkmal="0.0" ObjInfo="auch 3481424 oder 003363940411"/>
  <Objekte ObjID="3674" ObjAufnahme="1997-03-21" ObjLetztKontakt="1997-03-21" ObjStrasseID="7030" ObjHausnummer="In der Steinriede 11" ObjVorlage="2013-09-11 00:00:00.0" ObKeinKontakt="1" ObjArtID="1" Merkmal="0.0"/>
  <Objekte ObjID="3675" ObjAufnahme="1997-03-21" ObjLetztKontakt="1997-03-21" ObjStrasseID="7030" ObjHausnummer="In der Steinriede 10" ObjVorlage="2013-09-11 00:00:00.0" ObKeinKontakt="1" ObjArtID="1" Merkmal="0.0" ObjInfo="Verwalter Herr Nebel zieht Sohn von Haiswirt ein"/>
  <Objekte ObjID="3676" ObjAufnahme="1997-03-21" ObjLetztKontakt="1997-03-21" ObjStrasseID="7030" ObjHausnummer="In der Steinriede 9" ObjVorlage="2013-09-11 00:00:00.0" ObKeinKontakt="1" ObjArtID="1" Merkmal="0.0" ObjInfo="hat ein Bauingenieur gekauf vielleicht Barakat, Kirchhoff fragen 01717203440"/>
  <Objekte ObjID="3677" ObjAufnahme="1997-03-21" ObjLetztKontakt="1998-11-23" ObjStrasseID="7030" ObjHausnummer="In der Steinriede 8" ObjVorlage="2013-09-11 00:00:00.0" ObKeinKontakt="2" ObjArtID="1" Merkmal="0.0" ObjInfo="I.Sennholz, 629250"/>
  <Objekte ObjID="3678" ObjAufnahme="1997-03-21" ObjLetztKontakt="1998-11-23" ObjStrasseID="7030" ObjHausnummer="In der Steinriede 7" ObjVorlage="2013-09-11 00:00:00.0" ObKeinKontakt="2" ObjArtID="1" Merkmal="0.0" ObjInfo="vermietet Gewerbefläche 50-200 m²"/>
  <Objekte ObjID="3679" ObjAufnahme="1997-03-21" ObjLetztKontakt="1997-03-21" ObjStrasseID="7030" ObjHausnummer="In der Steinriede 6" ObjVorlage="2013-09-11 00:00:00.0" ObKeinKontakt="1" ObjArtID="1" Merkmal="0.0" ObjInfo="Verwalter Bodenstab 983930, nicht aufgeteilt, Frau Ritterfeld will Namen nicht nennen"/>
  <Objekte ObjID="3680" ObjAufnahme="1997-03-21" ObjLetztKontakt="1997-03-21" ObjStrasseID="7236" ObjHausnummer="Körtingstraße 5" ObjVorlage="2013-09-11 00:00:00.0" ObKeinKontakt="2" ObjArtID="1" Merkmal="0.0" ObjInfo="Frau Junge 669162"/>
  <Objekte ObjID="3681" ObjAufnahme="1997-03-21" ObjLetztKontakt="2001-08-15" ObjStrasseID="7236" ObjHausnummer="Körtingstraße 6" ObjVorlage="2013-09-11 00:00:00.0" ObKeinKontakt="1" ObjArtID="84" Merkmal="0.0" ObjInfo="395136\Blk N-O"/>
  <Objekte ObjID="3682" ObjAufnahme="1997-03-21" ObjLetztKontakt="1999-05-30" ObjStrasseID="7236" ObjHausnummer="Körtingstraße 7" ObjVorlage="2013-09-11 00:00:00.0" ObKeinKontakt="2" ObjArtID="1" Merkmal="0.0" ObjInfo="668572 Herr Gebert"/>
  <Objekte ObjID="3683" ObjAufnahme="1997-03-21" ObjLetztKontakt="2000-09-28" ObjStrasseID="7236" ObjHausnummer="Körtingstraße 8" ObjVorlage="2013-09-11 00:00:00.0" ObKeinKontakt="1" ObjArtID="177" Merkmal="0.0" ObjInfo="Bornemann hat vor 10 jahren verkauft 0541-24122 Dehmloh 5353374"/>
  <Objekte ObjID="3684" ObjAufnahme="1997-03-21" ObjLetztKontakt="2013-10-28" ObjStrasseID="7236" ObjHausnummer="Körtingstraße 1" ObjVorlage="2013-09-11 00:00:00.0" ObKeinKontakt="1" ObjArtID="177" Merkmal="0.0" ObjInfo="Verwaltung bärbel levecke deisterstr. 60 30449 Hannover 447531&#xD;&#xA;kein Verkauf"/>
  <Objekte ObjID="3685" ObjAufnahme="1997-03-21" ObjLetztKontakt="1997-03-21" ObjStrasseID="7236" ObjHausnummer="Körtingstraße 2" ObjVorlage="2013-09-11 00:00:00.0" ObKeinKontakt="1" ObjArtID="1" Merkmal="0.0"/>
  <Objekte ObjID="3686" ObjAufnahme="1997-03-21" ObjLetztKontakt="1999-06-06" ObjStrasseID="7236" ObjHausnummer="Körtingstraße 3" ObjVorlage="2013-09-11 00:00:00.0" ObKeinKontakt="2" ObjArtID="1" Merkmal="0.0" ObjInfo="Frau Klees 00352447396 wohnt in Luxemburg"/>
  <Objekte ObjID="3687" ObjAufnahme="1997-03-21" ObjLetztKontakt="2000-09-28" ObjStrasseID="7236" ObjHausnummer="Körtingstraße 4" ObjVorlage="2013-09-11 00:00:00.0" ObKeinKontakt="1" ObjArtID="200" Merkmal="0.0" ObjInfo="240116\S-Blk."/>
  <Objekte ObjID="3688" ObjAufnahme="1997-03-21" ObjLetztKontakt="2000-09-28" ObjStrasseID="7030" ObjHausnummer="In der Steinriede 5" ObjVorlage="2013-09-11 00:00:00.0" ObKeinKontakt="1" ObjArtID="177" Merkmal="0.0" ObjInfo="Wohnungsverwaltung Krull 872655 4-Zi-Whg im 1 Stock steht zum Verkauf"/>
  <Objekte ObjID="3689" ObjAufnahme="1997-03-21" ObjLetztKontakt="2000-09-28" ObjStrasseID="7030" ObjHausnummer="In der Steinriede 4" ObjVorlage="2013-09-11 00:00:00.0" ObKeinKontakt="1" ObjArtID="177" Merkmal="0.0" ObjInfo="Verwalter: Wohnungs-Verkehrswacht in der Konstantinstr"/>
  <Objekte ObjID="3690" ObjAufnahme="1997-03-21" ObjLetztKontakt="2000-09-28" ObjStrasseID="7030" ObjHausnummer="In der Steinriede 3" ObjVorlage="2013-09-11 00:00:00.0" ObKeinKontakt="5" ObjArtID="99" Merkmal="0.9999999999999999" ObjInfo="540130\Blk nicht anbieten Ende des Jahres ansprechen"/>
  <Objekte ObjID="3691" ObjAufnahme="1997-03-21" ObjLetztKontakt="1998-11-23" ObjStrasseID="7030" ObjHausnummer="In der Steinriede 2" ObjVorlage="2013-09-11 00:00:00.0" ObKeinKontakt="2" ObjArtID="1" Merkmal="0.0"/>
  <Objekte ObjID="3692" ObjAufnahme="1997-03-21" ObjLetztKontakt="1997-03-21" ObjStrasseID="7030" ObjHausnummer="In der Steinriede 1" ObjVorlage="2013-09-11 00:00:00.0" ObKeinKontakt="1" ObjArtID="1" Merkmal="0.0" ObjInfo="Usinger ist Verwalter"/>
  <Objekte ObjID="3693" ObjAufnahme="1997-04-04" ObjLetztKontakt="1997-07-30" ObjStrasseID="6404" ObjHausnummer="Ferdinand-Wallbrecht-Straße 1" ObjVorlage="2013-09-11 00:00:00.0" ObKeinKontakt="2" ObjArtID="5" Merkmal="0.0"/>
  <Objekte ObjID="3694" ObjAufnahme="1997-04-04" ObjLetztKontakt="1997-04-04" ObjStrasseID="6404" ObjHausnummer="Ferdinand-Wallbrecht-Straße 3" ObjVorlage="2013-09-11 00:00:00.0" ObKeinKontakt="2" ObjArtID="5" Merkmal="0.0"/>
  <Objekte ObjID="3695" ObjAufnahme="1997-04-04" ObjLetztKontakt="1997-04-04" ObjStrasseID="6404" ObjHausnummer="Ferdinand-Wallbrecht-Straße 5" ObjVorlage="2013-09-11 00:00:00.0" ObKeinKontakt="2" ObjArtID="5" Merkmal="0.0"/>
  <Objekte ObjID="3696" ObjAufnahme="1997-04-04" ObjLetztKontakt="1997-04-04" ObjStrasseID="6404" ObjHausnummer="Ferdinand-Wallbrecht-Straße 7" ObjVorlage="2013-09-11 00:00:00.0" ObKeinKontakt="2" ObjArtID="5" Merkmal="0.0"/>
  <Objekte ObjID="3697" ObjAufnahme="1997-04-04" ObjLetztKontakt="2000-05-04" ObjStrasseID="6404" ObjHausnummer="Ferdinand-Wallbrecht-Straße 9" ObjVorlage="2013-09-11 00:00:00.0" ObKeinKontakt="2" ObjArtID="5" Merkmal="0.9999999999999999"/>
  <Objekte ObjID="3698" ObjAufnahme="1997-04-04" ObjLetztKontakt="2001-10-25" ObjStrasseID="6404" ObjHausnummer="Ferdinand-Wallbrecht-Straße 11" ObjVorlage="2013-09-11 00:00:00.0" ObKeinKontakt="2" ObjArtID="138" Merkmal="0.0" ObjInfo="3001031050Hobby 100 m²/DG"/>
  <Objekte ObjID="3699" ObjAufnahme="1997-04-04" ObjLetztKontakt="1997-04-04" ObjStrasseID="6404" ObjHausnummer="Ferdinand-Wallbrecht-Straße 13" ObjVorlage="2013-09-11 00:00:00.0" ObKeinKontakt="2" ObjArtID="5" Merkmal="0.0" ObjInfo="Wilhelm westendarp 05085-7323"/>
  <Objekte ObjID="3700" ObjAufnahme="1997-04-04" ObjLetztKontakt="1997-04-04" ObjStrasseID="6404" ObjHausnummer="Ferdinand-Wallbrecht-Straße 15" ObjVorlage="2013-09-11 00:00:00.0" ObKeinKontakt="2" ObjArtID="177" Merkmal="0.0" ObjInfo="Günther Span 665365 will Eigentumswohnungen zu 5500 DM/qm verkaufen"/>
  <Objekte ObjID="3701" ObjAufnahme="1997-04-04" ObjLetztKontakt="1997-04-04" ObjStrasseID="6404" ObjHausnummer="Ferdinand-Wallbrecht-Straße 19" ObjVorlage="2013-09-11 00:00:00.0" ObKeinKontakt="2" ObjArtID="5" Merkmal="0.0"/>
  <Objekte ObjID="3702" ObjAufnahme="1997-04-04" ObjLetztKontakt="1997-04-04" ObjStrasseID="6404" ObjHausnummer="Ferdinand-Wallbrecht-Straße 17" ObjVorlage="2013-09-11 00:00:00.0" ObKeinKontakt="2" ObjArtID="117" Merkmal="0.0"/>
  <Objekte ObjID="3703" ObjAufnahme="1997-04-04" ObjLetztKontakt="1997-04-04" ObjStrasseID="6404" ObjHausnummer="Ferdinand-Wallbrecht-Straße 21" ObjVorlage="2013-09-11 00:00:00.0" ObKeinKontakt="2" ObjArtID="5" Merkmal="0.0"/>
  <Objekte ObjID="3704" ObjAufnahme="1997-04-04" ObjLetztKontakt="1997-04-04" ObjStrasseID="6404" ObjHausnummer="Ferdinand-Wallbrecht-Straße 31" ObjVorlage="2013-09-11 00:00:00.0" ObKeinKontakt="2" ObjArtID="5" Merkmal="0.0" ObjInfo="H.Helbig RHeinbabenallee 32/34 Berlin Verwalter Gerhard Zunker Bromberger Straße 7 Tel 6499091"/>
  <Objekte ObjID="3705" ObjAufnahme="1997-04-04" ObjLetztKontakt="1997-04-04" ObjStrasseID="6404" ObjHausnummer="Ferdinand-Wallbrecht-Straße 43" ObjVorlage="2013-09-11 00:00:00.0" ObKeinKontakt="9" ObjArtID="245" Merkmal="0.0" ObjInfo="580163\ 2Blk N-O / S-W"/>
  <Objekte ObjID="3706" ObjAufnahme="1997-04-04" ObjLetztKontakt="1997-04-04" ObjStrasseID="6404" ObjHausnummer="Ferdinand-Wallbrecht-Straße 45" ObjVorlage="2013-09-11 00:00:00.0" ObKeinKontakt="2" ObjArtID="5" Merkmal="0.0" ObjInfo="früher Michael Schiemann Ostfeldstraße 7 (Margret Schiemann 526601)"/>
  <Objekte ObjID="3707" ObjAufnahme="1997-04-04" ObjLetztKontakt="1997-04-04" ObjStrasseID="6404" ObjHausnummer="Ferdinand-Wallbrecht-Straße 47" ObjVorlage="2013-09-11 00:00:00.0" ObKeinKontakt="2" ObjArtID="5" Merkmal="0.0" ObjInfo="Wozhnungsbau Niedersachsen"/>
  <Objekte ObjID="3708" ObjAufnahme="1997-04-04" ObjLetztKontakt="2003-11-18" ObjStrasseID="6404" ObjHausnummer="Ferdinand-Wallbrecht-Straße 49" ObjVorlage="2013-09-11 00:00:00.0" ObKeinKontakt="2" ObjArtID="5" Merkmal="0.0"/>
  <Objekte ObjID="3709" ObjAufnahme="1997-04-04" ObjLetztKontakt="1997-04-04" ObjStrasseID="6404" ObjHausnummer="Ferdinand-Wallbrecht-Straße 51" ObjVorlage="2013-09-11 00:00:00.0" ObKeinKontakt="2" ObjArtID="5" Merkmal="0.0"/>
  <Objekte ObjID="3710" ObjAufnahme="1997-04-04" ObjLetztKontakt="1997-04-04" ObjStrasseID="6404" ObjHausnummer="Ferdinand-Wallbrecht-Straße 53" ObjVorlage="2013-09-11 00:00:00.0" ObKeinKontakt="2" ObjArtID="1" Merkmal="0.0"/>
  <Objekte ObjID="3711" ObjAufnahme="1997-04-04" ObjLetztKontakt="1997-04-04" ObjStrasseID="6404" ObjHausnummer="Ferdinand-Wallbrecht-Straße 57" ObjVorlage="2013-09-11 00:00:00.0" ObKeinKontakt="2" ObjArtID="5" Merkmal="0.0" ObjInfo="Almstedt, Bertold&#xD;Städt.Dir. (Ish)&#xD;Spitzwegstr. 16&#xD;30916 Isernhagen&#xD;0511-775423"/>
  <Objekte ObjID="3712" ObjAufnahme="1997-04-04" ObjLetztKontakt="1997-04-04" ObjStrasseID="6404" ObjHausnummer="Ferdinand-Wallbrecht-Straße 59" ObjVorlage="2013-09-11 00:00:00.0" ObKeinKontakt="2" ObjArtID="5" Merkmal="0.0"/>
  <Objekte ObjID="3713" ObjAufnahme="1997-04-04" ObjLetztKontakt="1997-04-04" ObjStrasseID="6404" ObjHausnummer="Ferdinand-Wallbrecht-Straße 61" ObjVorlage="2013-09-11 00:00:00.0" ObKeinKontakt="2" ObjArtID="5" Merkmal="0.0"/>
  <Objekte ObjID="3714" ObjAufnahme="1997-04-04" ObjLetztKontakt="1997-04-04" ObjStrasseID="6404" ObjHausnummer="Ferdinand-Wallbrecht-Straße 67" ObjVorlage="2013-09-11 00:00:00.0" ObKeinKontakt="2" ObjArtID="5" Merkmal="0.0"/>
  <Objekte ObjID="3715" ObjAufnahme="1997-04-04" ObjLetztKontakt="1997-04-04" ObjStrasseID="6404" ObjHausnummer="Ferdinand-Wallbrecht-Straße 69" ObjVorlage="2013-09-11 00:00:00.0" ObKeinKontakt="2" ObjArtID="5" Merkmal="0.0"/>
  <Objekte ObjID="3716" ObjAufnahme="1997-04-04" ObjLetztKontakt="1997-04-04" ObjStrasseID="6404" ObjHausnummer="Ferdinand-Wallbrecht-Straße 71" ObjVorlage="2013-09-11 00:00:00.0" ObKeinKontakt="2" ObjArtID="5" Merkmal="0.0"/>
  <Objekte ObjID="3717" ObjAufnahme="1997-04-04" ObjLetztKontakt="1997-04-04" ObjStrasseID="6404" ObjHausnummer="Ferdinand-Wallbrecht-Straße 50" ObjVorlage="2013-09-11 00:00:00.0" ObKeinKontakt="2" ObjArtID="5" Merkmal="0.0" ObjInfo="früher F. Jentzen"/>
  <Objekte ObjID="3718" ObjAufnahme="1997-04-04" ObjLetztKontakt="1997-04-04" ObjStrasseID="6404" ObjHausnummer="Ferdinand-Wallbrecht-Straße 73" ObjVorlage="2013-09-11 00:00:00.0" ObKeinKontakt="2" ObjArtID="5" Merkmal="0.0"/>
  <Objekte ObjID="3719" ObjAufnahme="1997-04-04" ObjLetztKontakt="1997-04-04" ObjStrasseID="6404" ObjHausnummer="Ferdinand-Wallbrecht-Straße 75" ObjVorlage="2013-09-11 00:00:00.0" ObKeinKontakt="2" ObjArtID="5" Merkmal="0.0"/>
  <Objekte ObjID="3720" ObjAufnahme="1997-04-04" ObjLetztKontakt="1997-04-04" ObjStrasseID="6404" ObjHausnummer="Ferdinand-Wallbrecht-Straße 77" ObjVorlage="2013-09-11 00:00:00.0" ObKeinKontakt="2" ObjArtID="5" Merkmal="0.0"/>
  <Objekte ObjID="3721" ObjAufnahme="1997-04-04" ObjLetztKontakt="1997-04-04" ObjStrasseID="6404" ObjHausnummer="Ferdinand-Wallbrecht-Straße 79" ObjVorlage="2013-09-11 00:00:00.0" ObKeinKontakt="2" ObjArtID="5" Merkmal="0.0"/>
  <Objekte ObjID="3722" ObjAufnahme="1997-04-04" ObjLetztKontakt="1997-04-04" ObjStrasseID="6404" ObjHausnummer="Ferdinand-Wallbrecht-Straße 81" ObjVorlage="2013-09-11 00:00:00.0" ObKeinKontakt="2" ObjArtID="5" Merkmal="0.0" ObjInfo="früher Frau Ida Dodt, Oppernbornstr. 6 , heute Frau Haetz in Krimmlingen"/>
  <Objekte ObjID="3723" ObjAufnahme="1997-04-04" ObjLetztKontakt="1997-04-04" ObjStrasseID="6404" ObjHausnummer="Ferdinand-Wallbrecht-Straße 83" ObjVorlage="2013-09-11 00:00:00.0" ObKeinKontakt="2" ObjArtID="5" Merkmal="0.0" ObjInfo="Erbengem. Budde/knütte"/>
  <Objekte ObjID="3724" ObjAufnahme="1997-04-04" ObjLetztKontakt="1997-04-04" ObjStrasseID="6404" ObjHausnummer="Ferdinand-Wallbrecht-Straße 88" ObjVorlage="2013-09-11 00:00:00.0" ObKeinKontakt="2" ObjArtID="177" Merkmal="0.0"/>
  <Objekte ObjID="3725" ObjAufnahme="1997-04-04" ObjLetztKontakt="1997-04-04" ObjStrasseID="6404" ObjHausnummer="Ferdinand-Wallbrecht-Straße 86" ObjVorlage="2013-09-11 00:00:00.0" ObKeinKontakt="2" ObjArtID="5" Merkmal="0.0"/>
  <Objekte ObjID="3726" ObjAufnahme="1997-04-04" ObjLetztKontakt="1997-04-04" ObjStrasseID="6404" ObjHausnummer="Ferdinand-Wallbrecht-Straße 84" ObjVorlage="2013-09-11 00:00:00.0" ObKeinKontakt="2" ObjArtID="5" Merkmal="0.0"/>
  <Objekte ObjID="3727" ObjAufnahme="1997-04-04" ObjLetztKontakt="1997-04-04" ObjStrasseID="6404" ObjHausnummer="Ferdinand-Wallbrecht-Straße 82" ObjVorlage="2013-09-11 00:00:00.0" ObKeinKontakt="2" ObjArtID="5" Merkmal="0.0"/>
  <Objekte ObjID="3728" ObjAufnahme="1997-04-04" ObjLetztKontakt="1997-04-04" ObjStrasseID="6404" ObjHausnummer="Ferdinand-Wallbrecht-Straße 80" ObjVorlage="2013-09-11 00:00:00.0" ObKeinKontakt="2" ObjArtID="5" Merkmal="0.0"/>
  <Objekte ObjID="3729" ObjAufnahme="1997-04-04" ObjLetztKontakt="1997-04-04" ObjStrasseID="6404" ObjHausnummer="Ferdinand-Wallbrecht-Straße 78" ObjVorlage="2013-09-11 00:00:00.0" ObKeinKontakt="2" ObjArtID="5" Merkmal="0.0"/>
  <Objekte ObjID="3730" ObjAufnahme="1997-04-04" ObjLetztKontakt="1997-04-04" ObjStrasseID="6404" ObjHausnummer="Ferdinand-Wallbrecht-Straße 76" ObjVorlage="2013-09-11 00:00:00.0" ObKeinKontakt="2" ObjArtID="5" Merkmal="0.0"/>
  <Objekte ObjID="3731" ObjAufnahme="1997-04-04" ObjLetztKontakt="1997-04-04" ObjStrasseID="6404" ObjHausnummer="Ferdinand-Wallbrecht-Straße 74" ObjVorlage="2013-09-11 00:00:00.0" ObKeinKontakt="2" ObjArtID="5" Merkmal="0.0"/>
  <Objekte ObjID="3732" ObjAufnahme="1997-04-04" ObjLetztKontakt="1997-04-04" ObjStrasseID="6404" ObjHausnummer="Ferdinand-Wallbrecht-Straße 72" ObjVorlage="2013-09-11 00:00:00.0" ObKeinKontakt="2" ObjArtID="5" Merkmal="0.0"/>
  <Objekte ObjID="3733" ObjAufnahme="1997-04-04" ObjLetztKontakt="1997-04-04" ObjStrasseID="6404" ObjHausnummer="Ferdinand-Wallbrecht-Straße 70" ObjVorlage="2013-09-11 00:00:00.0" ObKeinKontakt="2" ObjArtID="5" Merkmal="0.0"/>
  <Objekte ObjID="3734" ObjAufnahme="1997-04-04" ObjLetztKontakt="1997-04-04" ObjStrasseID="6404" ObjHausnummer="Ferdinand-Wallbrecht-Straße 68" ObjVorlage="2013-09-11 00:00:00.0" ObKeinKontakt="2" ObjArtID="177" Merkmal="0.0"/>
  <Objekte ObjID="3735" ObjAufnahme="1997-04-04" ObjLetztKontakt="1997-04-04" ObjStrasseID="6404" ObjHausnummer="Ferdinand-Wallbrecht-Straße 66A" ObjVorlage="2013-09-11 00:00:00.0" ObKeinKontakt="2" ObjArtID="5" Merkmal="0.0"/>
  <Objekte ObjID="3736" ObjAufnahme="1997-04-04" ObjLetztKontakt="1997-04-04" ObjStrasseID="6404" ObjHausnummer="Ferdinand-Wallbrecht-Straße 66" ObjVorlage="2013-09-11 00:00:00.0" ObKeinKontakt="2" ObjArtID="5" Merkmal="0.0"/>
  <Objekte ObjID="3737" ObjAufnahme="1997-04-04" ObjLetztKontakt="1997-04-04" ObjStrasseID="6404" ObjHausnummer="Ferdinand-Wallbrecht-Straße 64" ObjVorlage="2013-09-11 00:00:00.0" ObKeinKontakt="2" ObjArtID="5" Merkmal="0.0"/>
  <Objekte ObjID="3738" ObjAufnahme="1997-04-04" ObjLetztKontakt="1997-04-04" ObjStrasseID="6404" ObjHausnummer="Ferdinand-Wallbrecht-Straße 62" ObjVorlage="2013-09-11 00:00:00.0" ObKeinKontakt="2" ObjArtID="5" Merkmal="0.0" ObjInfo="Verwaltung Frau Timpe"/>
  <Objekte ObjID="3739" ObjAufnahme="1997-04-04" ObjLetztKontakt="2003-09-09" ObjStrasseID="6404" ObjHausnummer="Ferdinand-Wallbrecht-Straße 60" ObjVorlage="2013-09-11 00:00:00.0" ObKeinKontakt="2" ObjArtID="97" Merkmal="0.0"/>
  <Objekte ObjID="3740" ObjAufnahme="1997-04-04" ObjLetztKontakt="1997-04-04" ObjStrasseID="6404" ObjHausnummer="Ferdinand-Wallbrecht-Straße 58" ObjVorlage="2013-09-11 00:00:00.0" ObKeinKontakt="5" ObjArtID="1" Merkmal="0.9999999999999999" ObjInfo="14WE/1951/107/1,4"/>
  <Objekte ObjID="3741" ObjAufnahme="1997-04-04" ObjLetztKontakt="1997-04-04" ObjStrasseID="6404" ObjHausnummer="Ferdinand-Wallbrecht-Straße 56" ObjVorlage="2013-09-11 00:00:00.0" ObKeinKontakt="2" ObjArtID="177" Merkmal="0.0"/>
  <Objekte ObjID="3742" ObjAufnahme="1997-04-04" ObjLetztKontakt="1997-04-04" ObjStrasseID="6404" ObjHausnummer="Ferdinand-Wallbrecht-Straße 54" ObjVorlage="2013-09-11 00:00:00.0" ObKeinKontakt="2" ObjArtID="5" Merkmal="0.0" ObjInfo="W:C.Paland"/>
  <Objekte ObjID="3743" ObjAufnahme="1997-04-04" ObjLetztKontakt="1997-04-04" ObjStrasseID="6404" ObjHausnummer="Ferdinand-Wallbrecht-Straße 52" ObjVorlage="2013-09-11 00:00:00.0" ObKeinKontakt="2" ObjArtID="5" Merkmal="0.0" ObjInfo="Gerlach"/>
  <Objekte ObjID="3745" ObjAufnahme="1997-04-09" ObjLetztKontakt="1997-04-09" ObjStrasseID="6876" ObjHausnummer="Hildesheimer Straße 133" ObjVorlage="2013-09-11 00:00:00.0" ObKeinKontakt="1" ObjArtID="5" Merkmal="0.0"/>
  <Objekte ObjID="3746" ObjAufnahme="1997-04-09" ObjLetztKontakt="1997-04-09" ObjStrasseID="6876" ObjHausnummer="Hildesheimer Straße 141" ObjVorlage="2013-09-11 00:00:00.0" ObKeinKontakt="1" ObjArtID="5" Merkmal="0.0"/>
  <Objekte ObjID="3747" ObjAufnahme="1997-04-09" ObjLetztKontakt="1997-04-09" ObjStrasseID="6876" ObjHausnummer="Hildesheimer Straße 143" ObjVorlage="2013-09-11 00:00:00.0" ObKeinKontakt="1" ObjArtID="5" Merkmal="0.0"/>
  <Objekte ObjID="3748" ObjAufnahme="1997-04-09" ObjLetztKontakt="1997-04-09" ObjStrasseID="6876" ObjHausnummer="Hildesheimer Straße 201" ObjVorlage="2013-09-11 00:00:00.0" ObKeinKontakt="1" ObjArtID="5" Merkmal="0.0"/>
  <Objekte ObjID="3749" ObjAufnahme="1997-04-09" ObjLetztKontakt="1997-04-09" ObjStrasseID="6876" ObjHausnummer="Hildesheimer Straße 191" ObjVorlage="2013-09-11 00:00:00.0" ObKeinKontakt="1" ObjArtID="5" Merkmal="0.0"/>
  <Objekte ObjID="3750" ObjAufnahme="1997-04-09" ObjLetztKontakt="1997-04-09" ObjStrasseID="6876" ObjHausnummer="Hildesheimer Straße 175" ObjVorlage="2013-09-11 00:00:00.0" ObKeinKontakt="1" ObjArtID="5" Merkmal="0.0"/>
  <Objekte ObjID="3751" ObjAufnahme="1997-04-09" ObjLetztKontakt="1997-04-09" ObjStrasseID="6876" ObjHausnummer="Hildesheimer Straße 173" ObjVorlage="2013-09-11 00:00:00.0" ObKeinKontakt="1" ObjArtID="5" Merkmal="0.0"/>
  <Objekte ObjID="3752" ObjAufnahme="1997-04-09" ObjLetztKontakt="1997-04-09" ObjStrasseID="6876" ObjHausnummer="Hildesheimer Straße 171" ObjVorlage="2013-09-11 00:00:00.0" ObKeinKontakt="1" ObjArtID="5" Merkmal="0.0"/>
  <Objekte ObjID="3753" ObjAufnahme="1997-04-09" ObjLetztKontakt="2004-04-28" ObjStrasseID="6876" ObjHausnummer="Hildesheimer Straße 169" ObjVorlage="2013-09-11 00:00:00.0" ObKeinKontakt="1" ObjArtID="5" Merkmal="0.0" ObjInfo="Evers 05118998356&#xD;&#xA;scout46288781"/>
  <Objekte ObjID="3754" ObjAufnahme="1997-04-09" ObjLetztKontakt="1997-04-09" ObjStrasseID="6876" ObjHausnummer="Hildesheimer Straße 206" ObjVorlage="2013-09-11 00:00:00.0" ObKeinKontakt="1" ObjArtID="5" Merkmal="0.0"/>
  <Objekte ObjID="3755" ObjAufnahme="1997-04-09" ObjLetztKontakt="1997-04-09" ObjStrasseID="6876" ObjHausnummer="Hildesheimer Straße 208" ObjVorlage="2013-09-11 00:00:00.0" ObKeinKontakt="1" ObjArtID="5" Merkmal="0.0"/>
  <Objekte ObjID="3756" ObjAufnahme="1997-04-09" ObjLetztKontakt="1997-04-09" ObjStrasseID="6876" ObjHausnummer="Hildesheimer Straße 179" ObjVorlage="2013-09-11 00:00:00.0" ObKeinKontakt="1" ObjArtID="5" Merkmal="0.0"/>
  <Objekte ObjID="3757" ObjAufnahme="1997-04-09" ObjLetztKontakt="1997-04-09" ObjStrasseID="6876" ObjHausnummer="Hildesheimer Straße 205" ObjVorlage="2013-09-11 00:00:00.0" ObKeinKontakt="1" ObjArtID="5" Merkmal="0.0"/>
  <Objekte ObjID="3758" ObjAufnahme="1997-04-09" ObjLetztKontakt="1997-04-09" ObjStrasseID="6876" ObjHausnummer="Hildesheimer Straße 193" ObjVorlage="2013-09-11 00:00:00.0" ObKeinKontakt="1" ObjArtID="5" Merkmal="0.0"/>
  <Objekte ObjID="3759" ObjAufnahme="1997-04-09" ObjLetztKontakt="1997-04-09" ObjStrasseID="6876" ObjHausnummer="Hildesheimer Straße 195" ObjVorlage="2013-09-11 00:00:00.0" ObKeinKontakt="1" ObjArtID="5" Merkmal="0.0"/>
  <Objekte ObjID="3760" ObjAufnahme="1997-04-09" ObjLetztKontakt="1997-04-09" ObjStrasseID="6876" ObjHausnummer="Hildesheimer Straße 187" ObjVorlage="2013-09-11 00:00:00.0" ObKeinKontakt="1" ObjArtID="5" Merkmal="0.0"/>
  <Objekte ObjID="3761" ObjAufnahme="1997-04-09" ObjLetztKontakt="1997-04-09" ObjStrasseID="6876" ObjHausnummer="Hildesheimer Straße 167" ObjVorlage="2013-09-11 00:00:00.0" ObKeinKontakt="1" ObjArtID="5" Merkmal="0.0"/>
  <Objekte ObjID="3762" ObjAufnahme="1997-03-18" ObjLetztKontakt="1997-05-13" ObjStrasseID="7261" ObjHausnummer="Kriegerstraße 13" ObjVorlage="2013-09-11 00:00:00.0" ObKeinKontakt="1" ObjArtID="1" Merkmal="0.0" ObjInfo="H.Gräbke Sachsenwaldstr. 29 12157 Berlin 030-7969332"/>
  <Objekte ObjID="3763" ObjAufnahme="1997-03-18" ObjLetztKontakt="1997-05-13" ObjStrasseID="7261" ObjHausnummer="Kriegerstraße 12" ObjVorlage="2013-09-11 00:00:00.0" ObKeinKontakt="1" ObjArtID="1" Merkmal="0.0" ObjInfo="Wöckener-vennekohl Hönzer-Dorfstr. 6 31079 Sibbesse 05065-8754"/>
  <Objekte ObjID="3764" ObjAufnahme="1997-03-18" ObjLetztKontakt="1997-05-13" ObjStrasseID="7261" ObjHausnummer="Kriegerstraße 11" ObjVorlage="2013-09-11 00:00:00.0" ObKeinKontakt="1" ObjArtID="1" Merkmal="0.0"/>
  <Objekte ObjID="3765" ObjAufnahme="1997-03-18" ObjLetztKontakt="1997-05-13" ObjStrasseID="7261" ObjHausnummer="Kriegerstraße 10" ObjVorlage="2013-09-11 00:00:00.0" ObKeinKontakt="1" ObjArtID="1" Merkmal="0.0" ObjInfo="herr Mundt 665303"/>
  <Objekte ObjID="3766" ObjAufnahme="1997-03-18" ObjLetztKontakt="1997-05-13" ObjStrasseID="7261" ObjHausnummer="Kriegerstraße 9" ObjVorlage="2013-09-11 00:00:00.0" ObKeinKontakt="9" ObjArtID="250" Merkmal="0.0" ObjInfo="485160\Blk. S/O, 3.OG 1 Zi."/>
  <Objekte ObjID="3767" ObjAufnahme="1997-03-18" ObjLetztKontakt="1997-05-13" ObjStrasseID="7261" ObjHausnummer="Kriegerstraße 8" ObjVorlage="2013-09-11 00:00:00.0" ObKeinKontakt="1" ObjArtID="1" Merkmal="0.0" ObjInfo="Herr mendricke Thea Bänisch-Weg 4 30657 Hannover 6046167"/>
  <Objekte ObjID="3768" ObjAufnahme="1997-03-18" ObjLetztKontakt="1997-05-13" ObjStrasseID="7261" ObjHausnummer="Kriegerstraße 7" ObjVorlage="2013-09-11 00:00:00.0" ObKeinKontakt="1" ObjArtID="1" Merkmal="0.0" ObjInfo="Herr B.Humcke Neustadt a.Rbg. 050325276"/>
  <Objekte ObjID="3769" ObjAufnahme="1997-03-18" ObjLetztKontakt="1997-05-13" ObjStrasseID="7261" ObjHausnummer="Kriegerstraße 5" ObjVorlage="2013-09-11 00:00:00.0" ObKeinKontakt="1" ObjArtID="1" Merkmal="0.0" ObjInfo="Verwalter Jürgen Krafft Am Schiffgraben 19 325618"/>
  <Objekte ObjID="3770" ObjAufnahme="1997-03-18" ObjLetztKontakt="1997-05-13" ObjStrasseID="7261" ObjHausnummer="Kriegerstraße 4" ObjVorlage="2013-09-11 00:00:00.0" ObKeinKontakt="1" ObjArtID="1" Merkmal="0.0" ObjInfo="Frau Martha Strutzberg 667660"/>
  <Objekte ObjID="3771" ObjAufnahme="1997-03-18" ObjLetztKontakt="1997-05-13" ObjStrasseID="7261" ObjHausnummer="Kriegerstraße 3" ObjVorlage="2013-09-11 00:00:00.0" ObKeinKontakt="1" ObjArtID="1" Merkmal="0.0" ObjInfo="Frau Minna Suffrian 663066"/>
  <Objekte ObjID="3772" ObjAufnahme="1997-03-18" ObjLetztKontakt="1997-05-13" ObjStrasseID="7261" ObjHausnummer="Kriegerstraße 2" ObjVorlage="2013-09-11 00:00:00.0" ObKeinKontakt="1" ObjArtID="1" Merkmal="0.0" ObjInfo="Zeitgeist 3940400"/>
  <Objekte ObjID="3773" ObjAufnahme="1997-03-18" ObjLetztKontakt="1997-05-13" ObjStrasseID="7261" ObjHausnummer="Kriegerstraße 44" ObjVorlage="2013-09-11 00:00:00.0" ObKeinKontakt="1" ObjArtID="1" Merkmal="0.0"/>
  <Objekte ObjID="3774" ObjAufnahme="1997-03-18" ObjLetztKontakt="1997-05-13" ObjStrasseID="7261" ObjHausnummer="Kriegerstraße 46" ObjVorlage="2013-09-11 00:00:00.0" ObKeinKontakt="1" ObjArtID="1" Merkmal="0.0"/>
  <Objekte ObjID="3775" ObjAufnahme="1997-03-18" ObjLetztKontakt="1997-05-13" ObjStrasseID="7261" ObjHausnummer="Kriegerstraße 1A" ObjVorlage="2013-09-11 00:00:00.0" ObKeinKontakt="1" ObjArtID="1" Merkmal="0.0"/>
  <Objekte ObjID="3776" ObjAufnahme="1997-03-18" ObjLetztKontakt="1997-05-13" ObjStrasseID="7261" ObjHausnummer="Kriegerstraße 1" ObjVorlage="2013-09-11 00:00:00.0" ObKeinKontakt="1" ObjArtID="1" Merkmal="0.0"/>
  <Objekte ObjID="3777" ObjAufnahme="1997-03-18" ObjLetztKontakt="1997-05-13" ObjStrasseID="8231" ObjHausnummer="Spichernstraße 16" ObjVorlage="2013-09-11 00:00:00.0" ObKeinKontakt="1" ObjArtID="1" Merkmal="0.0"/>
  <Objekte ObjID="3778" ObjAufnahme="1997-03-18" ObjLetztKontakt="1997-05-13" ObjStrasseID="8231" ObjHausnummer="Spichernstraße 18" ObjVorlage="2013-09-11 00:00:00.0" ObKeinKontakt="1" ObjArtID="1" Merkmal="0.0" ObjInfo="Sartzetakis, Einbeck 05561-1341"/>
  <Objekte ObjID="3780" ObjAufnahme="1997-03-18" ObjLetztKontakt="1997-05-13" ObjStrasseID="8231" ObjHausnummer="Spichernstraße 24" ObjVorlage="2013-09-11 00:00:00.0" ObKeinKontakt="1" ObjArtID="1" Merkmal="0.0"/>
  <Objekte ObjID="3781" ObjAufnahme="1997-03-18" ObjLetztKontakt="1997-05-13" ObjStrasseID="8231" ObjHausnummer="Spichernstraße 28" ObjVorlage="2013-09-11 00:00:00.0" ObKeinKontakt="1" ObjArtID="1" Merkmal="0.0" ObjInfo="Herr Weiberg Karsten Ernst Appel Str. 43 28357 Bremen  Verwaltung Manfred Kobaso friesenstr. 13 314742"/>
  <Objekte ObjID="3782" ObjAufnahme="1997-03-18" ObjLetztKontakt="1997-05-13" ObjStrasseID="8231" ObjHausnummer="Spichernstraße 32" ObjVorlage="2013-09-11 00:00:00.0" ObKeinKontakt="1" ObjArtID="1" Merkmal="0.0"/>
  <Objekte ObjID="3783" ObjAufnahme="1997-03-18" ObjLetztKontakt="1997-05-13" ObjStrasseID="8231" ObjHausnummer="Spichernstraße 17" ObjVorlage="2013-09-11 00:00:00.0" ObKeinKontakt="1" ObjArtID="1" Merkmal="0.0"/>
  <Objekte ObjID="3784" ObjAufnahme="1997-03-18" ObjLetztKontakt="1997-05-13" ObjStrasseID="8231" ObjHausnummer="Spichernstraße 15" ObjVorlage="2013-09-11 00:00:00.0" ObKeinKontakt="1" ObjArtID="1" Merkmal="0.0"/>
  <Objekte ObjID="3785" ObjAufnahme="1997-03-18" ObjLetztKontakt="1997-05-13" ObjStrasseID="8231" ObjHausnummer="Spichernstraße 11,A,B,C" ObjVorlage="2013-09-11 00:00:00.0" ObKeinKontakt="1" ObjArtID="1" Merkmal="0.0"/>
  <Objekte ObjID="3786" ObjAufnahme="1997-03-18" ObjLetztKontakt="1997-05-13" ObjStrasseID="8231" ObjHausnummer="Spichernstraße 9" ObjVorlage="2013-09-11 00:00:00.0" ObKeinKontakt="1" ObjArtID="1" Merkmal="0.0"/>
  <Objekte ObjID="3787" ObjAufnahme="1997-03-18" ObjLetztKontakt="1997-05-13" ObjStrasseID="8231" ObjHausnummer="Spichernstraße 7" ObjVorlage="2013-09-11 00:00:00.0" ObKeinKontakt="1" ObjArtID="37" Merkmal="0.0" ObjInfo="F.Komischke/1WE/1535m²Gewerbe/1968/168/2,33"/>
  <Objekte ObjID="3788" ObjAufnahme="1997-03-18" ObjLetztKontakt="2013-04-06" ObjStrasseID="5732" ObjHausnummer="Am Welfenplatz 9" ObjVorlage="2013-09-11 00:00:00.0" ObKeinKontakt="2" ObjArtID="1" Merkmal="0.0"/>
  <Objekte ObjID="3789" ObjAufnahme="1997-03-18" ObjLetztKontakt="1997-05-13" ObjStrasseID="7261" ObjHausnummer="Kriegerstraße 43" ObjVorlage="2013-09-11 00:00:00.0" ObKeinKontakt="1" ObjArtID="1" Merkmal="0.0" ObjInfo="Arnold Thiele Unter den Steinen 26 31137 Himmelsthür 05121-44881"/>
  <Objekte ObjID="3790" ObjAufnahme="1997-03-18" ObjLetztKontakt="1997-05-13" ObjStrasseID="7261" ObjHausnummer="Kriegerstraße 41" ObjVorlage="2013-09-11 00:00:00.0" ObKeinKontakt="1" ObjArtID="1" Merkmal="0.0" ObjInfo="Frau mimi Suffrian 663066 F.Wiese"/>
  <Objekte ObjID="3791" ObjAufnahme="1997-03-18" ObjLetztKontakt="1997-05-13" ObjStrasseID="7261" ObjHausnummer="Kriegerstraße 41A" ObjVorlage="2013-09-11 00:00:00.0" ObKeinKontakt="1" ObjArtID="1" Merkmal="0.0" ObjInfo="frau suffrian 663066, frau suffrian, Mimi  663066"/>
  <Objekte ObjID="3792" ObjAufnahme="1997-03-18" ObjLetztKontakt="1997-05-13" ObjStrasseID="7261" ObjHausnummer="Kriegerstraße 39" ObjVorlage="2013-09-11 00:00:00.0" ObKeinKontakt="1" ObjArtID="1" Merkmal="0.0" ObjInfo="Frau Wies gehrden"/>
  <Objekte ObjID="3793" ObjAufnahme="1997-03-18" ObjLetztKontakt="1997-05-13" ObjStrasseID="7261" ObjHausnummer="Kriegerstraße 38" ObjVorlage="2013-09-11 00:00:00.0" ObKeinKontakt="1" ObjArtID="1" Merkmal="0.0" ObjInfo="Hannoversche Funk-zentrale isernhagener Str. 20 30161 hannover"/>
  <Objekte ObjID="3794" ObjAufnahme="1997-03-18" ObjLetztKontakt="1997-05-13" ObjStrasseID="7261" ObjHausnummer="Kriegerstraße 37" ObjVorlage="2013-09-11 00:00:00.0" ObKeinKontakt="1" ObjArtID="1" Merkmal="0.0" ObjInfo="Frau anna beinsen Ithweg 9 30851 Langenhagen 733304"/>
  <Objekte ObjID="3795" ObjAufnahme="1997-03-18" ObjLetztKontakt="1997-05-13" ObjStrasseID="7261" ObjHausnummer="Kriegerstraße 36" ObjVorlage="2013-09-11 00:00:00.0" ObKeinKontakt="1" ObjArtID="1" Merkmal="0.0" ObjInfo="F.Bertram Vahrenwalder Str.64 30165 hannover 319718"/>
  <Objekte ObjID="3796" ObjAufnahme="1997-03-18" ObjLetztKontakt="1997-05-13" ObjStrasseID="7261" ObjHausnummer="Kriegerstraße 35" ObjVorlage="2013-09-11 00:00:00.0" ObKeinKontakt="1" ObjArtID="1" Merkmal="0.0" ObjInfo="Frau gerda schmidt 317646"/>
  <Objekte ObjID="3797" ObjAufnahme="1997-03-18" ObjLetztKontakt="1997-05-13" ObjStrasseID="7261" ObjHausnummer="Kriegerstraße 34" ObjVorlage="2013-09-11 00:00:00.0" ObKeinKontakt="1" ObjArtID="1" Merkmal="0.0" ObjInfo="H.H.Taube Osterfelddammstr. 130 30559 Hannover 571853"/>
  <Objekte ObjID="3798" ObjAufnahme="1997-03-18" ObjLetztKontakt="1997-05-13" ObjStrasseID="7261" ObjHausnummer="Kriegerstraße 33" ObjVorlage="2013-09-11 00:00:00.0" ObKeinKontakt="1" ObjArtID="1" Merkmal="0.0" ObjInfo="hartwig heller Vahrenwalder Str 30165 han 3503235"/>
  <Objekte ObjID="3799" ObjAufnahme="1997-03-18" ObjLetztKontakt="1997-05-13" ObjStrasseID="7261" ObjHausnummer="Kriegerstraße 32" ObjVorlage="2013-09-11 00:00:00.0" ObKeinKontakt="1" ObjArtID="1" Merkmal="0.0" ObjInfo="Dr.Rolf Witte unser kunde"/>
  <Objekte ObjID="3800" ObjAufnahme="1997-03-18" ObjLetztKontakt="1997-05-13" ObjStrasseID="7261" ObjHausnummer="Kriegerstraße 31" ObjVorlage="2013-09-11 00:00:00.0" ObKeinKontakt="1" ObjArtID="1" Merkmal="0.0" ObjInfo="Eigentümergemeinschaft"/>
  <Objekte ObjID="3801" ObjAufnahme="1997-03-18" ObjLetztKontakt="1997-05-13" ObjStrasseID="7261" ObjHausnummer="Kriegerstraße 30" ObjVorlage="2013-09-11 00:00:00.0" ObKeinKontakt="1" ObjArtID="1" Merkmal="0.0" ObjInfo="Frau ruprecht Torstr. 30169 9805773"/>
  <Objekte ObjID="3802" ObjAufnahme="1997-03-18" ObjLetztKontakt="1997-05-13" ObjStrasseID="7261" ObjHausnummer="Kriegerstraße 29" ObjVorlage="2013-09-11 00:00:00.0" ObKeinKontakt="1" ObjArtID="1" Merkmal="0.0" ObjInfo="werner hurkuk, Dirk Hurkuk 319964"/>
  <Objekte ObjID="3803" ObjAufnahme="1997-03-18" ObjLetztKontakt="1997-05-13" ObjStrasseID="7261" ObjHausnummer="Kriegerstraße 28" ObjVorlage="2013-09-11 00:00:00.0" ObKeinKontakt="1" ObjArtID="1" Merkmal="0.0"/>
  <Objekte ObjID="3804" ObjAufnahme="1997-03-18" ObjLetztKontakt="1997-05-13" ObjStrasseID="7261" ObjHausnummer="Kriegerstraße 27" ObjVorlage="2013-09-11 00:00:00.0" ObKeinKontakt="1" ObjArtID="1" Merkmal="0.0" ObjInfo="Bärbel levecke hausverwaltung deisterstr 60 30449 hannover 447531"/>
  <Objekte ObjID="3805" ObjAufnahme="1997-03-18" ObjLetztKontakt="1997-05-13" ObjStrasseID="7261" ObjHausnummer="Kriegerstraße 26" ObjVorlage="2013-09-11 00:00:00.0" ObKeinKontakt="1" ObjArtID="1" Merkmal="0.0" ObjInfo="Frau L.Bode Hartenbrakenstraße 54 30659 650639"/>
  <Objekte ObjID="3806" ObjAufnahme="1997-03-18" ObjLetztKontakt="1997-05-13" ObjStrasseID="7261" ObjHausnummer="Kriegerstraße 25" ObjVorlage="2013-09-11 00:00:00.0" ObKeinKontakt="1" ObjArtID="96" Merkmal="0.0"/>
  <Objekte ObjID="3807" ObjAufnahme="1997-03-18" ObjLetztKontakt="1997-05-13" ObjStrasseID="7261" ObjHausnummer="Kriegerstraße 24" ObjVorlage="2013-09-11 00:00:00.0" ObKeinKontakt="1" ObjArtID="1" Merkmal="0.0" ObjInfo="Karla Viebach"/>
  <Objekte ObjID="3808" ObjAufnahme="1997-03-18" ObjLetztKontakt="1997-05-13" ObjStrasseID="7261" ObjHausnummer="Kriegerstraße 23" ObjVorlage="2013-09-11 00:00:00.0" ObKeinKontakt="1" ObjArtID="1" Merkmal="0.0" ObjInfo="Herr E.Wedig Sonnenweg 48 verwaltung Frau kling Burgdorf 05136-85689"/>
  <Objekte ObjID="3809" ObjAufnahme="1997-03-18" ObjLetztKontakt="1997-05-13" ObjStrasseID="7261" ObjHausnummer="Kriegerstraße 22" ObjVorlage="2013-09-11 00:00:00.0" ObKeinKontakt="1" ObjArtID="1" Merkmal="0.0" ObjInfo="Karl-heinz Schirmer"/>
  <Objekte ObjID="3810" ObjAufnahme="1997-03-18" ObjLetztKontakt="1997-05-13" ObjStrasseID="7261" ObjHausnummer="Kriegerstraße 21" ObjVorlage="2013-09-11 00:00:00.0" ObKeinKontakt="1" ObjArtID="1" Merkmal="0.0" ObjInfo="Blöß 565145"/>
  <Objekte ObjID="3811" ObjAufnahme="1997-03-18" ObjLetztKontakt="1997-05-13" ObjStrasseID="7261" ObjHausnummer="Kriegerstraße 20" ObjVorlage="2013-09-11 00:00:00.0" ObKeinKontakt="1" ObjArtID="1" Merkmal="0.0" ObjInfo="Dr.E.Bertram Minister Stüve-Str. 18 30449 Hannover 444044"/>
  <Objekte ObjID="3812" ObjAufnahme="1997-03-18" ObjLetztKontakt="1997-05-13" ObjStrasseID="7261" ObjHausnummer="Kriegerstraße 19" ObjVorlage="2013-09-11 00:00:00.0" ObKeinKontakt="1" ObjArtID="1" Merkmal="0.0" ObjInfo="Herr W.tegtmeyer Burgwedeler Str. 9a 30657 hannover 6497236"/>
  <Objekte ObjID="3813" ObjAufnahme="1997-03-18" ObjLetztKontakt="1997-05-13" ObjStrasseID="7261" ObjHausnummer="Kriegerstraße 18" ObjVorlage="2013-09-11 00:00:00.0" ObKeinKontakt="1" ObjArtID="1" Merkmal="0.0" ObjInfo="Frau L.Schaller Birkenkamp 10 30900 Wedemark 05130-7432"/>
  <Objekte ObjID="3814" ObjAufnahme="1997-03-18" ObjLetztKontakt="1997-05-13" ObjStrasseID="7261" ObjHausnummer="Kriegerstraße 16A" ObjVorlage="2013-09-11 00:00:00.0" ObKeinKontakt="1" ObjArtID="1" Merkmal="0.0" ObjInfo="Frau Bärbel Levecke Deisterstr 60a 30449 Hannover 447531"/>
  <Objekte ObjID="3815" ObjAufnahme="1997-03-18" ObjLetztKontakt="1997-05-13" ObjStrasseID="7261" ObjHausnummer="Kriegerstraße 17" ObjVorlage="2013-09-11 00:00:00.0" ObKeinKontakt="1" ObjArtID="1" Merkmal="0.0" ObjInfo="Eigentümergemeinschaft"/>
  <Objekte ObjID="3816" ObjAufnahme="1997-03-18" ObjLetztKontakt="1997-05-13" ObjStrasseID="7261" ObjHausnummer="Kriegerstraße 16" ObjVorlage="2013-09-11 00:00:00.0" ObKeinKontakt="1" ObjArtID="1" Merkmal="0.0" ObjInfo="Frau Bärbel Levecke Hausverwaltung sieh 16a"/>
  <Objekte ObjID="3817" ObjAufnahme="1997-03-18" ObjLetztKontakt="1997-05-13" ObjStrasseID="7261" ObjHausnummer="Kriegerstraße 15" ObjVorlage="2013-09-11 00:00:00.0" ObKeinKontakt="1" ObjArtID="1" Merkmal="0.0" ObjInfo="Erbengemeinschaft kassebeer 663343"/>
  <Objekte ObjID="3818" ObjAufnahme="1997-03-18" ObjLetztKontakt="1997-05-13" ObjStrasseID="7261" ObjHausnummer="Kriegerstraße 14" ObjVorlage="2013-09-11 00:00:00.0" ObKeinKontakt="1" ObjArtID="1" Merkmal="0.0" ObjInfo="Peter harkenthal Am wittekamp 15 26524 Hage-berum 04931-7722"/>
  <Objekte ObjID="3819" ObjAufnahme="1997-03-18" ObjLetztKontakt="1997-05-13" ObjStrasseID="7039" ObjHausnummer="Isernhagener Straße 36" ObjVorlage="2013-09-11 00:00:00.0" ObKeinKontakt="1" ObjArtID="177" Merkmal="0.0"/>
  <Objekte ObjID="3820" ObjAufnahme="1997-03-18" ObjLetztKontakt="1997-05-13" ObjStrasseID="7039" ObjHausnummer="Isernhagener Straße 38" ObjVorlage="2013-09-11 00:00:00.0" ObKeinKontakt="1" ObjArtID="177" Merkmal="0.0"/>
  <Objekte ObjID="3821" ObjAufnahme="1997-03-18" ObjLetztKontakt="1997-05-13" ObjStrasseID="7039" ObjHausnummer="Isernhagener Straße 40" ObjVorlage="2013-09-11 00:00:00.0" ObKeinKontakt="1" ObjArtID="1" Merkmal="0.0" ObjInfo="hat aufgelegt Herr A. Bösselmann Butanstraße 13 30419 Hannover 793743"/>
  <Objekte ObjID="3831" ObjAufnahme="1997-03-18" ObjLetztKontakt="1997-05-13" ObjStrasseID="7040" ObjHausnummer="Isernhagener Straße 60" ObjVorlage="2013-09-11 00:00:00.0" ObKeinKontakt="1" ObjArtID="1" Merkmal="0.0" ObjInfo="Berlepsch Thilo von, Engelbosteler Damm 103, 30167 Hannover, 0511-716826&#xD;&#xA;v.Berlepsch-Valendas frau Ch. Goessing"/>
  <Objekte ObjID="3833" ObjAufnahme="1997-03-18" ObjLetztKontakt="1997-05-13" ObjStrasseID="7040" ObjHausnummer="Isernhagener Straße 66" ObjVorlage="2013-09-11 00:00:00.0" ObKeinKontakt="1" ObjArtID="1" Merkmal="0.0" ObjInfo="Kongregation der barmherzigen Schwestern vom hl. Vinzenz in Hildesheim Neue Straße 16"/>
  <Objekte ObjID="3838" ObjAufnahme="1997-03-18" ObjLetztKontakt="1997-05-13" ObjStrasseID="7040" ObjHausnummer="Isernhagener Straße 78" ObjVorlage="2013-09-11 00:00:00.0" ObKeinKontakt="1" ObjArtID="1" Merkmal="0.0"/>
  <Objekte ObjID="3839" ObjAufnahme="1997-03-18" ObjLetztKontakt="1997-05-13" ObjStrasseID="7040" ObjHausnummer="Isernhagener Straße 82" ObjVorlage="2013-09-11 00:00:00.0" ObKeinKontakt="1" ObjArtID="1" Merkmal="0.0" ObjInfo="Landeshauptstadt hannover"/>
  <Objekte ObjID="3848" ObjAufnahme="1997-04-04" ObjLetztKontakt="1997-04-04" ObjStrasseID="6404" ObjHausnummer="Ferdinand-Wallbrecht-Straße 55" ObjVorlage="2013-09-11 00:00:00.0" ObKeinKontakt="2" ObjArtID="1" Merkmal="0.0"/>
  <Objekte ObjID="3849" ObjAufnahme="1997-03-18" ObjLetztKontakt="1999-12-09" ObjStrasseID="8273" ObjHausnummer="Steinmetzstraße 18" ObjVorlage="2013-09-11 00:00:00.0" ObKeinKontakt="1" ObjArtID="1" Merkmal="0.0" ObjInfo="Dietlinde vom Hof,Göttingen,  Dr. H.G.Dipl Geologe Kupfahl"/>
  <Objekte ObjID="3850" ObjAufnahme="1997-03-18" ObjLetztKontakt="1997-05-13" ObjStrasseID="8273" ObjHausnummer="Steinmetzstraße 20" ObjVorlage="2013-09-11 00:00:00.0" ObKeinKontakt="1" ObjArtID="1" Merkmal="0.0" ObjInfo="G.Bothe"/>
  <Objekte ObjID="3851" ObjAufnahme="1997-03-18" ObjLetztKontakt="1997-05-13" ObjStrasseID="8273" ObjHausnummer="Steinmetzstraße 22" ObjVorlage="2013-09-11 00:00:00.0" ObKeinKontakt="1" ObjArtID="1" Merkmal="0.0" ObjInfo="B.Ritterling, Elkartallee 7"/>
  <Objekte ObjID="3852" ObjAufnahme="1997-03-18" ObjLetztKontakt="1997-05-13" ObjStrasseID="8273" ObjHausnummer="Steinmetzstraße 24" ObjVorlage="2013-09-11 00:00:00.0" ObKeinKontakt="1" ObjArtID="15" Merkmal="0.0" ObjInfo="Herbert Kreye Georgstraße 42"/>
  <Objekte ObjID="3853" ObjAufnahme="1997-03-18" ObjLetztKontakt="1997-05-13" ObjStrasseID="8273" ObjHausnummer="Steinmetzstraße 26" ObjVorlage="2013-09-11 00:00:00.0" ObKeinKontakt="1" ObjArtID="167" Merkmal="0.0" ObjInfo="Erbengemeinschaft Beermann"/>
  <Objekte ObjID="3854" ObjAufnahme="1997-03-18" ObjLetztKontakt="1997-05-13" ObjStrasseID="8273" ObjHausnummer="Steinmetzstraße 25" ObjVorlage="2013-09-11 00:00:00.0" ObKeinKontakt="1" ObjArtID="1" Merkmal="0.0" ObjInfo="Meyeringh,hanne,Peine Sundernstraße 58"/>
  <Objekte ObjID="3855" ObjAufnahme="1997-03-18" ObjLetztKontakt="1997-05-13" ObjStrasseID="8273" ObjHausnummer="Steinmetzstraße 23" ObjVorlage="2013-09-11 00:00:00.0" ObKeinKontakt="1" ObjArtID="1" Merkmal="0.0" ObjInfo="Heck"/>
  <Objekte ObjID="3856" ObjAufnahme="1997-03-18" ObjLetztKontakt="1997-05-13" ObjStrasseID="8273" ObjHausnummer="Steinmetzstraße 21" ObjVorlage="2013-09-11 00:00:00.0" ObKeinKontakt="1" ObjArtID="1" Merkmal="0.0" ObjInfo="Wettig,L."/>
  <Objekte ObjID="3857" ObjAufnahme="1997-03-18" ObjLetztKontakt="1997-05-13" ObjStrasseID="8273" ObjHausnummer="Steinmetzstraße 19" ObjVorlage="2013-09-11 00:00:00.0" ObKeinKontakt="1" ObjArtID="1" Merkmal="0.0" ObjInfo="Paland"/>
  <Objekte ObjID="3858" ObjAufnahme="1997-03-18" ObjLetztKontakt="1999-12-09" ObjStrasseID="8273" ObjHausnummer="Steinmetzstraße 15" ObjVorlage="2013-09-11 00:00:00.0" ObKeinKontakt="1" ObjArtID="1" Merkmal="0.0" ObjInfo="P.Zietz"/>
  <Objekte ObjID="3859" ObjAufnahme="1997-03-18" ObjLetztKontakt="1997-05-13" ObjStrasseID="8273" ObjHausnummer="Steinmetzstraße 17" ObjVorlage="2013-09-11 00:00:00.0" ObKeinKontakt="1" ObjArtID="1" Merkmal="0.0" ObjInfo="Sylvia Hopkes,Renate und Birgit und Hermann Eppers Am Rübenberge 4 BraunschweigSchapen"/>
  <Objekte ObjID="3860" ObjAufnahme="1997-03-18" ObjLetztKontakt="1997-05-13" ObjStrasseID="8273" ObjHausnummer="Steinmetzstraße 13" ObjVorlage="2013-09-11 00:00:00.0" ObKeinKontakt="1" ObjArtID="1" Merkmal="0.0" ObjInfo="Behrens, Eigentümerschaft Mock überprüfen"/>
  <Objekte ObjID="3861" ObjAufnahme="1997-03-18" ObjLetztKontakt="1999-12-09" ObjStrasseID="8273" ObjHausnummer="Steinmetzstraße 11" ObjVorlage="2013-09-11 00:00:00.0" ObKeinKontakt="1" ObjArtID="1" Merkmal="0.0"/>
  <Objekte ObjID="3862" ObjAufnahme="1997-03-18" ObjLetztKontakt="1997-05-13" ObjStrasseID="8273" ObjHausnummer="Steinmetzstraße 9" ObjVorlage="2013-09-11 00:00:00.0" ObKeinKontakt="1" ObjArtID="1" Merkmal="0.0" ObjInfo="Cramms Erben"/>
  <Objekte ObjID="3863" ObjAufnahme="1997-03-18" ObjLetztKontakt="1999-12-09" ObjStrasseID="8273" ObjHausnummer="Steinmetzstraße 7" ObjVorlage="2013-09-11 00:00:00.0" ObKeinKontakt="1" ObjArtID="1" Merkmal="0.0" ObjInfo="Grobe oder Grebe"/>
  <Objekte ObjID="3864" ObjAufnahme="1997-03-18" ObjLetztKontakt="1997-05-13" ObjStrasseID="8273" ObjHausnummer="Steinmetzstraße 5" ObjVorlage="2013-09-11 00:00:00.0" ObKeinKontakt="1" ObjArtID="1" Merkmal="0.0" ObjInfo="Maria Ahlborn"/>
  <Objekte ObjID="3865" ObjAufnahme="1997-03-18" ObjLetztKontakt="1997-05-13" ObjStrasseID="8273" ObjHausnummer="Steinmetzstraße 3" ObjVorlage="2013-09-11 00:00:00.0" ObKeinKontakt="1" ObjArtID="1" Merkmal="0.0" ObjInfo="Maria Ahlborn"/>
  <Objekte ObjID="3866" ObjAufnahme="1997-03-18" ObjLetztKontakt="1997-05-13" ObjStrasseID="8273" ObjHausnummer="Steinmetzstraße 1" ObjVorlage="2013-09-11 00:00:00.0" ObKeinKontakt="1" ObjArtID="1" Merkmal="0.0" ObjInfo="Skt Joseph Kirchengemeinde, Isernhagener Str. 64"/>
  <Objekte ObjID="3867" ObjAufnahme="1997-03-18" ObjLetztKontakt="1997-05-13" ObjStrasseID="6321" ObjHausnummer="Einemstraße 10" ObjVorlage="2013-09-11 00:00:00.0" ObKeinKontakt="1" ObjArtID="177" Merkmal="0.0"/>
  <Objekte ObjID="3868" ObjAufnahme="1997-03-18" ObjLetztKontakt="1997-05-13" ObjStrasseID="6321" ObjHausnummer="Einemstraße 8" ObjVorlage="2013-09-11 00:00:00.0" ObKeinKontakt="1" ObjArtID="177" Merkmal="0.0" ObjInfo="Bocks erben wie 6"/>
  <Objekte ObjID="3869" ObjAufnahme="1997-03-18" ObjLetztKontakt="1997-05-13" ObjStrasseID="6321" ObjHausnummer="Einemstraße 6" ObjVorlage="2013-09-11 00:00:00.0" ObKeinKontakt="1" ObjArtID="177" Merkmal="0.0" ObjInfo="Bocks erben Hauptstr. 59 bad nenndorf 05723-2021 nicht mehr aktuell"/>
  <Objekte ObjID="3870" ObjAufnahme="1997-03-18" ObjLetztKontakt="1997-05-13" ObjStrasseID="6321" ObjHausnummer="Einemstraße 4" ObjVorlage="2013-09-11 00:00:00.0" ObKeinKontakt="1" ObjArtID="177" Merkmal="0.0" ObjInfo="H.Bähre Gerlachstr. 23 30173 hannover 818804"/>
  <Objekte ObjID="3871" ObjAufnahme="1997-03-18" ObjLetztKontakt="1997-05-13" ObjStrasseID="6321" ObjHausnummer="Einemstraße 2" ObjVorlage="2013-09-11 00:00:00.0" ObKeinKontakt="1" ObjArtID="177" Merkmal="0.0" ObjInfo="Frau Orth 520395 evtl. Hausmeister Helwig 622812 Bautista Maria Wedelstr. 391568"/>
  <Objekte ObjID="3872" ObjAufnahme="1997-03-18" ObjLetztKontakt="1997-05-13" ObjStrasseID="294" ObjHausnummer="Alvenslebenstraße 1" ObjVorlage="2013-09-11 00:00:00.0" ObKeinKontakt="1" ObjArtID="1" Merkmal="0.0"/>
  <Objekte ObjID="3873" ObjAufnahme="1997-03-18" ObjLetztKontakt="1997-05-13" ObjStrasseID="294" ObjHausnummer="Alvenslebenstraße 3" ObjVorlage="2013-09-11 00:00:00.0" ObKeinKontakt="1" ObjArtID="1" Merkmal="0.0"/>
  <Objekte ObjID="3874" ObjAufnahme="1997-03-18" ObjLetztKontakt="1997-05-13" ObjStrasseID="294" ObjHausnummer="Alvenslebenstraße 5" ObjVorlage="2013-09-11 00:00:00.0" ObKeinKontakt="1" ObjArtID="1" Merkmal="0.0"/>
  <Objekte ObjID="3875" ObjAufnahme="1997-03-18" ObjLetztKontakt="1997-05-13" ObjStrasseID="8538" ObjHausnummer="Wedelstraße 26" ObjVorlage="2013-09-11 00:00:00.0" ObKeinKontakt="1" ObjArtID="1" Merkmal="0.0"/>
  <Objekte ObjID="3876" ObjAufnahme="1997-03-18" ObjLetztKontakt="1997-05-13" ObjStrasseID="8538" ObjHausnummer="Wedelstraße 24" ObjVorlage="2013-09-11 00:00:00.0" ObKeinKontakt="1" ObjArtID="1" Merkmal="0.0"/>
  <Objekte ObjID="3877" ObjAufnahme="1997-04-04" ObjLetztKontakt="1997-04-04" ObjStrasseID="7040" ObjHausnummer="Isernhagener Straße 109" ObjVorlage="2013-09-11 00:00:00.0" ObKeinKontakt="2" ObjArtID="1" Merkmal="0.0" ObjInfo="H.Stucke  Lanwirt isernhagen 2 Verwalter Kössling GmbH 317021 111 Boecker Hausverwaltung"/>
  <Objekte ObjID="3878" ObjAufnahme="1997-04-04" ObjLetztKontakt="1997-04-04" ObjStrasseID="7040" ObjHausnummer="Isernhagener Straße 98" ObjVorlage="2013-09-11 00:00:00.0" ObKeinKontakt="2" ObjArtID="117" Merkmal="0.0" ObjInfo="A.Kahle"/>
  <Objekte ObjID="3879" ObjAufnahme="1997-04-04" ObjLetztKontakt="1997-04-04" ObjStrasseID="7040" ObjHausnummer="Isernhagener Straße 96" ObjVorlage="2013-09-11 00:00:00.0" ObKeinKontakt="2" ObjArtID="1" Merkmal="0.0" ObjInfo="E. Bierhance Lister Meile 52"/>
  <Objekte ObjID="3880" ObjAufnahme="1997-04-04" ObjLetztKontakt="1997-04-04" ObjStrasseID="7040" ObjHausnummer="Isernhagener Straße 94" ObjVorlage="2013-09-11 00:00:00.0" ObKeinKontakt="2" ObjArtID="1" Merkmal="0.0"/>
  <Objekte ObjID="3881" ObjAufnahme="1997-04-04" ObjLetztKontakt="1997-04-04" ObjStrasseID="7040" ObjHausnummer="Isernhagener Straße 92" ObjVorlage="2013-09-11 00:00:00.0" ObKeinKontakt="2" ObjArtID="167" Merkmal="0.0"/>
  <Objekte ObjID="3882" ObjAufnahme="1997-04-04" ObjLetztKontakt="1997-04-04" ObjStrasseID="7040" ObjHausnummer="Isernhagener Straße 90" ObjVorlage="2013-09-11 00:00:00.0" ObKeinKontakt="2" ObjArtID="1" Merkmal="0.0" ObjInfo="Herr Müller Hausverwalter"/>
  <Objekte ObjID="3883" ObjAufnahme="1997-04-04" ObjLetztKontakt="1997-04-04" ObjStrasseID="7040" ObjHausnummer="Isernhagener Straße 88" ObjVorlage="2013-09-11 00:00:00.0" ObKeinKontakt="2" ObjArtID="1" Merkmal="0.0"/>
  <Objekte ObjID="3884" ObjAufnahme="1997-04-04" ObjLetztKontakt="1997-04-04" ObjStrasseID="7040" ObjHausnummer="Isernhagener Straße 86" ObjVorlage="2013-09-11 00:00:00.0" ObKeinKontakt="2" ObjArtID="1" Merkmal="0.0" ObjInfo="I. Dodt Oppenbornstraße 6 30559 Hannover Focke 524225"/>
  <Objekte ObjID="3885" ObjAufnahme="1997-04-04" ObjLetztKontakt="1997-04-04" ObjStrasseID="7040" ObjHausnummer="Isernhagener Straße 76" ObjVorlage="2013-09-11 00:00:00.0" ObKeinKontakt="2" ObjArtID="177" Merkmal="0.0"/>
  <Objekte ObjID="3886" ObjAufnahme="1997-04-04" ObjLetztKontakt="1997-04-04" ObjStrasseID="7040" ObjHausnummer="Isernhagener Straße 74" ObjVorlage="2013-09-11 00:00:00.0" ObKeinKontakt="2" ObjArtID="177" Merkmal="0.0"/>
  <Objekte ObjID="3887" ObjAufnahme="1997-04-04" ObjLetztKontakt="1997-04-04" ObjStrasseID="7040" ObjHausnummer="Isernhagener Straße 72" ObjVorlage="2013-09-11 00:00:00.0" ObKeinKontakt="2" ObjArtID="177" Merkmal="0.0"/>
  <Objekte ObjID="3888" ObjAufnahme="1997-04-04" ObjLetztKontakt="1997-04-04" ObjStrasseID="7040" ObjHausnummer="Isernhagener Straße 70" ObjVorlage="2013-09-11 00:00:00.0" ObKeinKontakt="2" ObjArtID="1" Merkmal="0.0"/>
  <Objekte ObjID="3889" ObjAufnahme="1997-04-04" ObjLetztKontakt="1997-04-04" ObjStrasseID="7040" ObjHausnummer="Isernhagener Straße 68" ObjVorlage="2013-09-11 00:00:00.0" ObKeinKontakt="2" ObjArtID="1" Merkmal="0.0"/>
  <Objekte ObjID="3890" ObjAufnahme="1997-04-04" ObjLetztKontakt="1997-04-04" ObjStrasseID="7040" ObjHausnummer="Isernhagener Straße 63" ObjVorlage="2013-09-11 00:00:00.0" ObKeinKontakt="2" ObjArtID="1" Merkmal="0.0" ObjInfo="Kath Kirchengem. Skt Joseph"/>
  <Objekte ObjID="3891" ObjAufnahme="1997-04-04" ObjLetztKontakt="1997-04-04" ObjStrasseID="7040" ObjHausnummer="Isernhagener Straße 62" ObjVorlage="2013-09-11 00:00:00.0" ObKeinKontakt="2" ObjArtID="1" Merkmal="0.0" ObjInfo="J.Geile"/>
  <Objekte ObjID="3892" ObjAufnahme="1997-04-04" ObjLetztKontakt="1997-04-04" ObjStrasseID="7040" ObjHausnummer="Isernhagener Straße 58" ObjVorlage="2013-09-11 00:00:00.0" ObKeinKontakt="1" ObjArtID="1" Merkmal="0.0" ObjInfo="Emma Schütze 621258"/>
  <Objekte ObjID="3893" ObjAufnahme="1997-04-04" ObjLetztKontakt="1997-04-04" ObjStrasseID="7040" ObjHausnummer="Isernhagener Straße 56" ObjVorlage="2013-09-11 00:00:00.0" ObKeinKontakt="1" ObjArtID="1" Merkmal="0.0" ObjInfo="J.Mensing"/>
  <Objekte ObjID="3894" ObjAufnahme="1997-04-04" ObjLetztKontakt="1997-04-04" ObjStrasseID="7040" ObjHausnummer="Isernhagener Straße 54" ObjVorlage="2013-09-11 00:00:00.0" ObKeinKontakt="2" ObjArtID="1" Merkmal="0.0" ObjInfo="&#xD;&#xA;R. Otto Dresdener Straße 31 B"/>
  <Objekte ObjID="3895" ObjAufnahme="1997-04-04" ObjLetztKontakt="1997-04-04" ObjStrasseID="7040" ObjHausnummer="Isernhagener Straße 52" ObjVorlage="2013-09-11 00:00:00.0" ObKeinKontakt="1" ObjArtID="1" Merkmal="0.0" ObjInfo="Herr Goldmann 628065"/>
  <Objekte ObjID="3896" ObjAufnahme="1997-04-04" ObjLetztKontakt="1997-04-04" ObjStrasseID="7040" ObjHausnummer="Isernhagener Straße 50" ObjVorlage="2013-09-11 00:00:00.0" ObKeinKontakt="1" ObjArtID="1" Merkmal="0.0" ObjInfo="Dr. Ing. H.Kreft vielleicht 1316498"/>
  <Objekte ObjID="3897" ObjAufnahme="1997-04-04" ObjLetztKontakt="1997-04-04" ObjStrasseID="7039" ObjHausnummer="Isernhagener Straße 48" ObjVorlage="2013-09-11 00:00:00.0" ObKeinKontakt="1" ObjArtID="1" Merkmal="0.0" ObjInfo="wie 44"/>
  <Objekte ObjID="3898" ObjAufnahme="1997-04-04" ObjLetztKontakt="1997-04-04" ObjStrasseID="7039" ObjHausnummer="Isernhagener Straße 46" ObjVorlage="2013-09-11 00:00:00.0" ObKeinKontakt="1" ObjArtID="201" Merkmal="0.0" ObjInfo="Erbengemeinschaft Blinke"/>
  <Objekte ObjID="3899" ObjAufnahme="1997-04-04" ObjLetztKontakt="1997-04-04" ObjStrasseID="7039" ObjHausnummer="Isernhagener Straße 44" ObjVorlage="2013-09-11 00:00:00.0" ObKeinKontakt="2" ObjArtID="1" Merkmal="0.0" ObjInfo="hann. verkehrsbetriebe Am Hohen Ufer"/>
  <Objekte ObjID="3900" ObjAufnahme="1997-04-04" ObjLetztKontakt="1997-04-04" ObjStrasseID="7039" ObjHausnummer="Isernhagener Straße 42" ObjVorlage="2013-09-11 00:00:00.0" ObKeinKontakt="1" ObjArtID="1" Merkmal="0.0"/>
  <Objekte ObjID="3904" ObjAufnahme="1997-04-04" ObjLetztKontakt="1997-04-04" ObjStrasseID="7039" ObjHausnummer="Isernhagener Straße 34" ObjVorlage="2013-09-11 00:00:00.0" ObKeinKontakt="2" ObjArtID="1" Merkmal="0.0"/>
  <Objekte ObjID="3905" ObjAufnahme="1997-04-04" ObjLetztKontakt="1997-04-04" ObjStrasseID="7040" ObjHausnummer="Isernhagener Straße 101" ObjVorlage="2013-09-11 00:00:00.0" ObKeinKontakt="2" ObjArtID="1" Merkmal="0.0" ObjInfo="R. Otto Dresdener Str 31B 30179 Hannover 103 ist Interspar"/>
  <Objekte ObjID="3906" ObjAufnahme="1997-04-04" ObjLetztKontakt="1997-04-04" ObjStrasseID="7040" ObjHausnummer="Isernhagener Straße 99" ObjVorlage="2013-09-11 00:00:00.0" ObKeinKontakt="2" ObjArtID="1" Merkmal="0.0" ObjInfo="wie 97"/>
  <Objekte ObjID="3907" ObjAufnahme="1997-04-04" ObjLetztKontakt="1997-04-04" ObjStrasseID="7040" ObjHausnummer="Isernhagener Straße 97" ObjVorlage="2013-09-11 00:00:00.0" ObKeinKontakt="2" ObjArtID="1" Merkmal="0.0" ObjInfo="R. Otto Dresdene4r Str. 31 B 30179 Hannover"/>
  <Objekte ObjID="3908" ObjAufnahme="1997-04-04" ObjLetztKontakt="1997-04-04" ObjStrasseID="7040" ObjHausnummer="Isernhagener Straße 95" ObjVorlage="2013-09-11 00:00:00.0" ObKeinKontakt="2" ObjArtID="1" Merkmal="0.0" ObjInfo="W. kemnitz"/>
  <Objekte ObjID="3909" ObjAufnahme="1997-04-04" ObjLetztKontakt="2001-07-03" ObjStrasseID="7040" ObjHausnummer="Isernhagener Straße 93" ObjVorlage="2013-09-11 00:00:00.0" ObKeinKontakt="9" ObjArtID="160" Merkmal="0.0" ObjInfo="399108\West-Loggia TG-Stellplatz"/>
  <Objekte ObjID="3910" ObjAufnahme="1997-04-04" ObjLetztKontakt="1997-04-04" ObjStrasseID="7040" ObjHausnummer="Isernhagener Straße 91" ObjVorlage="2013-09-11 00:00:00.0" ObKeinKontakt="2" ObjArtID="1" Merkmal="0.0" ObjInfo="Herr Kammer Christ. und Frieder und Ingeborg heim"/>
  <Objekte ObjID="3911" ObjAufnahme="1997-04-04" ObjLetztKontakt="1997-04-04" ObjStrasseID="7040" ObjHausnummer="Isernhagener Straße 89" ObjVorlage="2013-09-11 00:00:00.0" ObKeinKontakt="2" ObjArtID="1" Merkmal="0.0" ObjInfo="B. Kurth Bauunternehmer Ahlem"/>
  <Objekte ObjID="3912" ObjAufnahme="1997-04-04" ObjLetztKontakt="1997-04-04" ObjStrasseID="7040" ObjHausnummer="Isernhagener Straße 87" ObjVorlage="2013-09-11 00:00:00.0" ObKeinKontakt="2" ObjArtID="1" Merkmal="0.0" ObjInfo="wie 83 oder K.Bromberger Mieter"/>
  <Objekte ObjID="3913" ObjAufnahme="1997-04-04" ObjLetztKontakt="1997-04-04" ObjStrasseID="7040" ObjHausnummer="Isernhagener Straße 85" ObjVorlage="2013-09-11 00:00:00.0" ObKeinKontakt="2" ObjArtID="82" Merkmal="0.0" ObjInfo="wie 83"/>
  <Objekte ObjID="3914" ObjAufnahme="1997-04-04" ObjLetztKontakt="1997-04-04" ObjStrasseID="7040" ObjHausnummer="Isernhagener Straße 83" ObjVorlage="2013-09-11 00:00:00.0" ObKeinKontakt="2" ObjArtID="1" Merkmal="0.0" ObjInfo="L. Werner  in 87"/>
  <Objekte ObjID="3915" ObjAufnahme="1997-04-04" ObjLetztKontakt="1997-04-04" ObjStrasseID="7040" ObjHausnummer="Isernhagener Straße 81" ObjVorlage="2013-09-11 00:00:00.0" ObKeinKontakt="2" ObjArtID="1" Merkmal="0.0" ObjInfo="wie 79"/>
  <Objekte ObjID="3916" ObjAufnahme="1997-04-04" ObjLetztKontakt="1997-04-04" ObjStrasseID="7040" ObjHausnummer="Isernhagener Straße 79" ObjVorlage="2013-09-11 00:00:00.0" ObKeinKontakt="2" ObjArtID="1" Merkmal="0.0" ObjInfo="Wohnungsbau Niedersachsen Königstraße 9"/>
  <Objekte ObjID="3917" ObjAufnahme="1997-04-04" ObjLetztKontakt="1997-04-04" ObjStrasseID="7040" ObjHausnummer="Isernhagener Straße 77" ObjVorlage="2013-09-11 00:00:00.0" ObKeinKontakt="2" ObjArtID="1" Merkmal="0.0"/>
  <Objekte ObjID="3918" ObjAufnahme="1997-04-04" ObjLetztKontakt="1997-04-04" ObjStrasseID="7040" ObjHausnummer="Isernhagener Straße 75" ObjVorlage="2013-09-11 00:00:00.0" ObKeinKontakt="2" ObjArtID="1" Merkmal="0.0"/>
  <Objekte ObjID="3919" ObjAufnahme="1997-04-04" ObjLetztKontakt="1997-04-04" ObjStrasseID="7040" ObjHausnummer="Isernhagener Straße 73" ObjVorlage="2013-09-11 00:00:00.0" ObKeinKontakt="2" ObjArtID="1" Merkmal="0.0" ObjInfo="wie 67"/>
  <Objekte ObjID="3920" ObjAufnahme="1997-04-04" ObjLetztKontakt="1997-04-04" ObjStrasseID="7040" ObjHausnummer="Isernhagener Straße 71" ObjVorlage="2013-09-11 00:00:00.0" ObKeinKontakt="2" ObjArtID="1" Merkmal="0.0" ObjInfo="wie 67 mieter"/>
  <Objekte ObjID="3921" ObjAufnahme="1997-04-04" ObjLetztKontakt="1997-04-04" ObjStrasseID="7040" ObjHausnummer="Isernhagener Straße 69" ObjVorlage="2013-09-11 00:00:00.0" ObKeinKontakt="2" ObjArtID="1" Merkmal="0.0" ObjInfo="wie 67"/>
  <Objekte ObjID="3922" ObjAufnahme="1997-04-04" ObjLetztKontakt="1997-04-04" ObjStrasseID="7040" ObjHausnummer="Isernhagener Straße 67" ObjVorlage="2013-09-11 00:00:00.0" ObKeinKontakt="2" ObjArtID="1" Merkmal="0.0" ObjInfo="K.Löhr Verleger Am Marstall 2"/>
  <Objekte ObjID="3923" ObjAufnahme="1997-04-04" ObjLetztKontakt="1997-04-04" ObjStrasseID="7040" ObjHausnummer="Isernhagener Straße 61" ObjVorlage="2013-09-11 00:00:00.0" ObKeinKontakt="2" ObjArtID="1" Merkmal="0.0" ObjInfo="wie 55"/>
  <Objekte ObjID="3924" ObjAufnahme="1997-04-04" ObjLetztKontakt="1997-04-04" ObjStrasseID="7039" ObjHausnummer="Isernhagener Straße 32" ObjVorlage="2013-09-11 00:00:00.0" ObKeinKontakt="2" ObjArtID="1" Merkmal="0.0"/>
  <Objekte ObjID="3925" ObjAufnahme="1997-04-04" ObjLetztKontakt="1997-04-04" ObjStrasseID="7039" ObjHausnummer="Isernhagener Straße 30" ObjVorlage="2013-09-11 00:00:00.0" ObKeinKontakt="1" ObjArtID="177" Merkmal="0.0" ObjInfo="Verwalter Herr H.J. Beek Büterworthstr. 12 3481719"/>
  <Objekte ObjID="3926" ObjAufnahme="1997-04-04" ObjLetztKontakt="1997-04-04" ObjStrasseID="7039" ObjHausnummer="Isernhagener Straße 28" ObjVorlage="2013-09-11 00:00:00.0" ObKeinKontakt="2" ObjArtID="1" Merkmal="0.0"/>
  <Objekte ObjID="3927" ObjAufnahme="1997-04-04" ObjLetztKontakt="1997-04-04" ObjStrasseID="7039" ObjHausnummer="Isernhagener Straße 26" ObjVorlage="2013-09-11 00:00:00.0" ObKeinKontakt="2" ObjArtID="1" Merkmal="0.0"/>
  <Objekte ObjID="3928" ObjAufnahme="1997-04-04" ObjLetztKontakt="1997-04-04" ObjStrasseID="7039" ObjHausnummer="Isernhagener Straße 20" ObjVorlage="2013-09-11 00:00:00.0" ObKeinKontakt="2" ObjArtID="1" Merkmal="0.0" ObjInfo="KBA Garagenbetrieb KfZ Reifen &amp; Zubehörvertriebs GmbH sind noch Eigentümer Hinterhof"/>
  <Objekte ObjID="3929" ObjAufnahme="1997-04-04" ObjLetztKontakt="1997-04-04" ObjStrasseID="7039" ObjHausnummer="Isernhagener Straße 18" ObjVorlage="2013-09-11 00:00:00.0" ObKeinKontakt="2" ObjArtID="1" Merkmal="0.0"/>
  <Objekte ObjID="3930" ObjAufnahme="1997-04-04" ObjLetztKontakt="1997-04-04" ObjStrasseID="7039" ObjHausnummer="Isernhagener Straße 15" ObjVorlage="2013-09-11 00:00:00.0" ObKeinKontakt="1" ObjArtID="173" Merkmal="0.0"/>
  <Objekte ObjID="3931" ObjAufnahme="1997-04-04" ObjLetztKontakt="1997-04-04" ObjStrasseID="7039" ObjHausnummer="Isernhagener Straße 17" ObjVorlage="2013-09-11 00:00:00.0" ObKeinKontakt="2" ObjArtID="1" Merkmal="0.0" ObjInfo="Verwalter : Nerlich Horst, Cranachstr. 1, 30177 Hannover, 0511-699738&#xD;&#xA; Eigentümerin : Meier-Söffner Wilhelm-Busch-Str. 4 früher G.Meyer Wilhelm-Busch-Straße 14 dort wohnt Lilly Steinke 620897 Eigentümer Meyer-Söffner verwaltet evtl. durch Schiedat hausver&#xD;&#xA;3932"/>
  <Objekte ObjID="3933" ObjAufnahme="1997-04-04" ObjLetztKontakt="1997-04-04" ObjStrasseID="7039" ObjHausnummer="Isernhagener Straße 21" ObjVorlage="2013-09-11 00:00:00.0" ObKeinKontakt="1" ObjArtID="1" Merkmal="0.0" ObjInfo="Erbengemeinschaft Drawe-Fricke Verw.es gibt Drawe Bianca, Morgensternweg 8B, 30419 Hannover, 0511-693798&#xD;&#xA; : Dr. H. Töteberg Theaterstraße 1 30159 Hannover es gibt Töteberg Helmut Dr.jur. Rechtsanwalt u. Notar, Siegesstr. 2, 30175 Hannover, 0511-28814-0"/>
  <Objekte ObjID="3934" ObjAufnahme="1997-04-04" ObjLetztKontakt="1997-04-04" ObjStrasseID="7039" ObjHausnummer="Isernhagener Straße 23" ObjVorlage="2013-09-11 00:00:00.0" ObKeinKontakt="1" ObjArtID="1" Merkmal="0.0"/>
  <Objekte ObjID="3935" ObjAufnahme="1997-04-04" ObjLetztKontakt="1997-04-04" ObjStrasseID="7039" ObjHausnummer="Isernhagener Straße 25" ObjVorlage="2013-09-11 00:00:00.0" ObKeinKontakt="2" ObjArtID="1" Merkmal="0.0"/>
  <Objekte ObjID="3936" ObjAufnahme="1997-04-04" ObjLetztKontakt="1997-04-04" ObjStrasseID="7039" ObjHausnummer="Isernhagener Straße 27" ObjVorlage="2013-09-11 00:00:00.0" ObKeinKontakt="1" ObjArtID="1" Merkmal="0.0" ObjInfo="evtl. &#xD;&#xA; fragen bei Architekt Armin Richter TEl. 05131-1078 Frau P.Börner"/>
  <Objekte ObjID="3937" ObjAufnahme="1997-04-04" ObjLetztKontakt="1997-04-04" ObjStrasseID="7039" ObjHausnummer="Isernhagener Straße 29" ObjVorlage="2013-09-11 00:00:00.0" ObKeinKontakt="1" ObjArtID="177" Merkmal="0.0"/>
  <Objekte ObjID="3938" ObjAufnahme="1997-04-04" ObjLetztKontakt="1997-04-04" ObjStrasseID="7039" ObjHausnummer="Isernhagener Straße 28A" ObjVorlage="2013-09-11 00:00:00.0" ObKeinKontakt="2" ObjArtID="1" Merkmal="0.0"/>
  <Objekte ObjID="3939" ObjAufnahme="1997-04-04" ObjLetztKontakt="1997-04-04" ObjStrasseID="7039" ObjHausnummer="Isernhagener Straße 33" ObjVorlage="2013-09-11 00:00:00.0" ObKeinKontakt="1" ObjArtID="1" Merkmal="0.0" ObjInfo="Landeshauptstadt Hannover"/>
  <Objekte ObjID="3940" ObjAufnahme="1997-04-04" ObjLetztKontakt="1997-04-04" ObjStrasseID="7039" ObjHausnummer="Isernhagener Straße 35" ObjVorlage="2013-09-11 00:00:00.0" ObKeinKontakt="1" ObjArtID="1" Merkmal="0.0" ObjInfo="gehört dem Annastift Annastift e.V., 30... Hannover, 0511-5354-280&#xD;&#xA;, Bracke ist eine Art Hausmeister"/>
  <Objekte ObjID="3941" ObjAufnahme="1997-04-04" ObjLetztKontakt="1997-04-04" ObjStrasseID="7039" ObjHausnummer="Isernhagener Straße 37" ObjVorlage="2013-09-11 00:00:00.0" ObKeinKontakt="1" ObjArtID="1" Merkmal="0.0"/>
  <Objekte ObjID="3942" ObjAufnahme="1997-04-04" ObjLetztKontakt="1997-09-25" ObjStrasseID="7039" ObjHausnummer="Isernhagener Straße 39" ObjVorlage="2013-09-11 00:00:00.0" ObKeinKontakt="5" ObjArtID="1" Merkmal="0.0" ObjInfo="70000,-- DMMieteinnahme, 655 m² Wfl, 11 Wohnungen&#xD;&#xA;(Bernhard Grau Gretelriede 104 30419 hannover 795959) Mieter : Grau Luise&#09;Isernhagener Str. 39&#09;30161 Hannover&#09;0511-663389&#xD;&#xA;Grau Susanne&#09;Isernhagener Str. 39&#09;30161 Hannover&#09;0511-391692"/>
  <Objekte ObjID="3943" ObjAufnahme="1997-04-04" ObjLetztKontakt="1997-04-04" ObjStrasseID="7039" ObjHausnummer="Isernhagener Straße 41" ObjVorlage="2013-09-11 00:00:00.0" ObKeinKontakt="1" ObjArtID="118" Merkmal="0.0" ObjInfo="21575\Blk. S"/>
  <Objekte ObjID="3944" ObjAufnahme="1997-04-04" ObjLetztKontakt="1997-04-04" ObjStrasseID="7040" ObjHausnummer="Isernhagener Straße 43" ObjVorlage="2013-09-11 00:00:00.0" ObKeinKontakt="2" ObjArtID="1" Merkmal="0.0" ObjInfo="G. Niemann 660730 Wolfgang Kreitz 391943"/>
  <Objekte ObjID="3945" ObjAufnahme="1997-04-04" ObjLetztKontakt="1997-04-04" ObjStrasseID="7040" ObjHausnummer="Isernhagener Straße 45" ObjVorlage="2013-09-11 00:00:00.0" ObKeinKontakt="1" ObjArtID="177" Merkmal="0.0" ObjInfo="Erbengem. Rapke"/>
  <Objekte ObjID="3946" ObjAufnahme="1997-04-04" ObjLetztKontakt="1997-04-04" ObjStrasseID="7040" ObjHausnummer="Isernhagener Straße 47" ObjVorlage="2013-09-11 00:00:00.0" ObKeinKontakt="2" ObjArtID="1" Merkmal="0.0" ObjInfo="Frau Noltemeier 620673 Noltemeier, Isernhagener Str. 47, 30163 Hannover, 0511-620673&#xD;&#xA;, das Haus gehört dem Sohn,  (Volker Grimmmecke 661635)"/>
  <Objekte ObjID="3947" ObjAufnahme="1997-04-04" ObjLetztKontakt="1997-04-04" ObjStrasseID="7040" ObjHausnummer="Isernhagener Straße 49" ObjVorlage="2013-09-11 00:00:00.0" ObKeinKontakt="1" ObjArtID="1" Merkmal="0.0" ObjInfo="Herr Hetzel"/>
  <Objekte ObjID="3948" ObjAufnahme="1997-04-04" ObjLetztKontakt="1997-04-04" ObjStrasseID="7040" ObjHausnummer="Isernhagener Straße 51" ObjVorlage="2013-09-11 00:00:00.0" ObKeinKontakt="2" ObjArtID="1" Merkmal="0.0"/>
  <Objekte ObjID="3949" ObjAufnahme="1997-04-04" ObjLetztKontakt="1997-04-04" ObjStrasseID="7040" ObjHausnummer="Isernhagener Straße 53" ObjVorlage="2013-09-11 00:00:00.0" ObKeinKontakt="2" ObjArtID="1" Merkmal="0.0"/>
  <Objekte ObjID="3950" ObjAufnahme="1997-04-04" ObjLetztKontakt="1997-04-04" ObjStrasseID="7040" ObjHausnummer="Isernhagener Straße 55" ObjVorlage="2013-09-11 00:00:00.0" ObKeinKontakt="1" ObjArtID="1" Merkmal="0.0" ObjInfo="Wohnungsbau Niedersachsen Königstraße 9"/>
  <Objekte ObjID="3951" ObjAufnahme="1997-04-04" ObjLetztKontakt="1997-04-04" ObjStrasseID="7040" ObjHausnummer="Isernhagener Straße 57" ObjVorlage="2013-09-11 00:00:00.0" ObKeinKontakt="2" ObjArtID="1" Merkmal="0.0" ObjInfo="wie 55"/>
  <Objekte ObjID="3952" ObjAufnahme="1997-04-04" ObjLetztKontakt="1997-04-04" ObjStrasseID="7040" ObjHausnummer="Isernhagener Straße 59" ObjVorlage="2013-09-11 00:00:00.0" ObKeinKontakt="2" ObjArtID="1" Merkmal="0.0" ObjInfo="wie 55"/>
  <Objekte ObjID="3953" ObjAufnahme="1997-03-18" ObjLetztKontakt="1997-05-13" ObjStrasseID="8273" ObjHausnummer="Steinmetzstraße 2" ObjVorlage="2013-09-11 00:00:00.0" ObKeinKontakt="1" ObjArtID="1" Merkmal="0.0" ObjInfo="Wohnungsgenossenschaft der Polizeibeamten, Lutherstr.33"/>
  <Objekte ObjID="3954" ObjAufnahme="1997-03-18" ObjLetztKontakt="1997-05-13" ObjStrasseID="8273" ObjHausnummer="Steinmetzstraße 4" ObjVorlage="2013-09-11 00:00:00.0" ObKeinKontakt="1" ObjArtID="1" Merkmal="0.0" ObjInfo="wie Nr. 2"/>
  <Objekte ObjID="3955" ObjAufnahme="1997-03-18" ObjLetztKontakt="1997-05-13" ObjStrasseID="8273" ObjHausnummer="Steinmetzstraße 6" ObjVorlage="2013-09-11 00:00:00.0" ObKeinKontakt="1" ObjArtID="177" Merkmal="0.0"/>
  <Objekte ObjID="3956" ObjAufnahme="1997-03-18" ObjLetztKontakt="1997-05-13" ObjStrasseID="8273" ObjHausnummer="Steinmetzstraße 8" ObjVorlage="2013-09-11 00:00:00.0" ObKeinKontakt="1" ObjArtID="1" Merkmal="0.0" ObjInfo="K.Schulz und Knocke,A."/>
  <Objekte ObjID="3957" ObjAufnahme="1997-03-18" ObjLetztKontakt="1999-12-09" ObjStrasseID="8273" ObjHausnummer="Steinmetzstraße 10" ObjVorlage="2013-09-11 00:00:00.0" ObKeinKontakt="1" ObjArtID="1" Merkmal="0.0" ObjInfo="Grube M."/>
  <Objekte ObjID="3958" ObjAufnahme="1997-03-18" ObjLetztKontakt="1997-05-13" ObjStrasseID="8273" ObjHausnummer="Steinmetzstraße 12" ObjVorlage="2013-09-11 00:00:00.0" ObKeinKontakt="1" ObjArtID="1" Merkmal="0.0" ObjInfo="Frau S. Hanisch-Vissering"/>
  <Objekte ObjID="3959" ObjAufnahme="1997-03-18" ObjLetztKontakt="1997-05-13" ObjStrasseID="8273" ObjHausnummer="Steinmetzstraße 14" ObjVorlage="2013-09-11 00:00:00.0" ObKeinKontakt="1" ObjArtID="1" Merkmal="0.0" ObjInfo="Frau R.Grashoff"/>
  <Objekte ObjID="3960" ObjAufnahme="1997-03-18" ObjLetztKontakt="1997-05-13" ObjStrasseID="8273" ObjHausnummer="Steinmetzstraße 16" ObjVorlage="2013-09-11 00:00:00.0" ObKeinKontakt="1" ObjArtID="1" Merkmal="0.0" ObjInfo="Frau L.Lingner, Goebenstraße 21,K.Pittlik"/>
  <Objekte ObjID="3961" ObjAufnahme="1997-03-18" ObjLetztKontakt="1997-05-13" ObjStrasseID="8127" ObjHausnummer="Schützenstraße 23" ObjVorlage="2013-09-11 00:00:00.0" ObKeinKontakt="4" ObjArtID="1" Merkmal="0.0"/>
  <Objekte ObjID="3962" ObjAufnahme="1997-03-18" ObjLetztKontakt="1997-05-13" ObjStrasseID="8127" ObjHausnummer="Schützenstraße 22" ObjVorlage="2013-09-11 00:00:00.0" ObKeinKontakt="4" ObjArtID="1" Merkmal="0.0"/>
  <Objekte ObjID="3963" ObjAufnahme="1997-03-18" ObjLetztKontakt="1997-05-13" ObjStrasseID="8127" ObjHausnummer="Schützenstraße 21" ObjVorlage="2013-09-11 00:00:00.0" ObKeinKontakt="4" ObjArtID="1" Merkmal="0.0"/>
  <Objekte ObjID="3964" ObjAufnahme="1997-03-18" ObjLetztKontakt="1997-05-13" ObjStrasseID="8127" ObjHausnummer="Schützenstraße 20" ObjVorlage="2013-09-11 00:00:00.0" ObKeinKontakt="4" ObjArtID="1" Merkmal="0.0"/>
  <Objekte ObjID="3965" ObjAufnahme="1997-03-18" ObjLetztKontakt="1997-05-13" ObjStrasseID="8127" ObjHausnummer="Schützenstraße 19" ObjVorlage="2013-09-11 00:00:00.0" ObKeinKontakt="4" ObjArtID="1" Merkmal="0.0"/>
  <Objekte ObjID="3966" ObjAufnahme="1997-03-18" ObjLetztKontakt="1997-05-13" ObjStrasseID="8127" ObjHausnummer="Schützenstraße 18" ObjVorlage="2013-09-11 00:00:00.0" ObKeinKontakt="4" ObjArtID="118" Merkmal="0.0"/>
  <Objekte ObjID="3967" ObjAufnahme="1997-03-18" ObjLetztKontakt="1997-05-13" ObjStrasseID="8127" ObjHausnummer="Schützenstraße 17" ObjVorlage="2013-09-11 00:00:00.0" ObKeinKontakt="4" ObjArtID="1" Merkmal="0.0"/>
  <Objekte ObjID="3968" ObjAufnahme="1997-03-18" ObjLetztKontakt="1997-05-13" ObjStrasseID="8127" ObjHausnummer="Schützenstraße 16" ObjVorlage="2013-09-11 00:00:00.0" ObKeinKontakt="4" ObjArtID="1" Merkmal="0.0"/>
  <Objekte ObjID="3969" ObjAufnahme="1997-03-18" ObjLetztKontakt="1997-05-13" ObjStrasseID="8127" ObjHausnummer="Schützenstraße 15" ObjVorlage="2013-09-11 00:00:00.0" ObKeinKontakt="4" ObjArtID="1" Merkmal="0.0"/>
  <Objekte ObjID="3970" ObjAufnahme="1997-03-18" ObjLetztKontakt="1997-05-13" ObjStrasseID="8127" ObjHausnummer="Schützenstraße 14" ObjVorlage="2013-09-11 00:00:00.0" ObKeinKontakt="4" ObjArtID="1" Merkmal="0.0"/>
  <Objekte ObjID="3971" ObjAufnahme="1997-03-18" ObjLetztKontakt="1997-05-13" ObjStrasseID="8127" ObjHausnummer="Schützenstraße 13" ObjVorlage="2013-09-11 00:00:00.0" ObKeinKontakt="4" ObjArtID="1" Merkmal="0.0"/>
  <Objekte ObjID="3972" ObjAufnahme="1997-03-18" ObjLetztKontakt="1997-05-13" ObjStrasseID="8127" ObjHausnummer="Schützenstraße 12" ObjVorlage="2013-09-11 00:00:00.0" ObKeinKontakt="4" ObjArtID="1" Merkmal="0.0"/>
  <Objekte ObjID="3973" ObjAufnahme="1997-03-18" ObjLetztKontakt="1997-05-13" ObjStrasseID="8127" ObjHausnummer="Schützenstraße 11" ObjVorlage="2013-09-11 00:00:00.0" ObKeinKontakt="4" ObjArtID="1" Merkmal="0.0"/>
  <Objekte ObjID="3974" ObjAufnahme="1997-03-18" ObjLetztKontakt="1997-05-13" ObjStrasseID="8127" ObjHausnummer="Schützenstraße 10" ObjVorlage="2013-09-11 00:00:00.0" ObKeinKontakt="4" ObjArtID="1" Merkmal="0.0"/>
  <Objekte ObjID="3975" ObjAufnahme="1997-03-18" ObjLetztKontakt="1997-05-13" ObjStrasseID="8127" ObjHausnummer="Schützenstraße 8" ObjVorlage="2013-09-11 00:00:00.0" ObKeinKontakt="4" ObjArtID="1" Merkmal="0.0"/>
  <Objekte ObjID="3976" ObjAufnahme="1997-03-18" ObjLetztKontakt="1997-05-13" ObjStrasseID="8127" ObjHausnummer="Schützenstraße 7" ObjVorlage="2013-09-11 00:00:00.0" ObKeinKontakt="4" ObjArtID="1" Merkmal="0.0"/>
  <Objekte ObjID="3977" ObjAufnahme="1997-03-18" ObjLetztKontakt="1997-05-13" ObjStrasseID="8127" ObjHausnummer="Schützenstraße 6" ObjVorlage="2013-09-11 00:00:00.0" ObKeinKontakt="4" ObjArtID="1" Merkmal="0.0"/>
  <Objekte ObjID="3978" ObjAufnahme="1997-03-18" ObjLetztKontakt="1997-05-13" ObjStrasseID="8127" ObjHausnummer="Schützenstraße 54" ObjVorlage="2013-09-11 00:00:00.0" ObKeinKontakt="4" ObjArtID="1" Merkmal="0.0"/>
  <Objekte ObjID="3979" ObjAufnahme="1997-03-18" ObjLetztKontakt="1997-05-13" ObjStrasseID="8127" ObjHausnummer="Schützenstraße 3" ObjVorlage="2013-09-11 00:00:00.0" ObKeinKontakt="4" ObjArtID="1" Merkmal="0.0"/>
  <Objekte ObjID="3980" ObjAufnahme="1997-03-18" ObjLetztKontakt="1997-05-13" ObjStrasseID="8127" ObjHausnummer="Schützenstraße 2" ObjVorlage="2013-09-11 00:00:00.0" ObKeinKontakt="4" ObjArtID="1" Merkmal="0.0"/>
  <Objekte ObjID="3981" ObjAufnahme="1997-03-18" ObjLetztKontakt="1997-05-13" ObjStrasseID="8127" ObjHausnummer="Schützenstraße 1" ObjVorlage="2013-09-11 00:00:00.0" ObKeinKontakt="4" ObjArtID="1" Merkmal="0.0"/>
  <Objekte ObjID="3982" ObjAufnahme="1997-03-18" ObjLetztKontakt="1997-05-13" ObjStrasseID="8127" ObjHausnummer="Schützenstraße 25" ObjVorlage="2013-09-11 00:00:00.0" ObKeinKontakt="4" ObjArtID="1" Merkmal="0.0"/>
  <Objekte ObjID="3983" ObjAufnahme="1997-03-18" ObjLetztKontakt="2013-03-15" ObjStrasseID="5732" ObjHausnummer="Am Welfenplatz 12" ObjVorlage="2013-09-11 00:00:00.0" ObKeinKontakt="2" ObjArtID="1" Merkmal="0.0"/>
  <Objekte ObjID="3984" ObjAufnahme="1997-03-18" ObjLetztKontakt="1997-05-13" ObjStrasseID="5732" ObjHausnummer="Am Welfenplatz 11" ObjVorlage="2013-09-11 00:00:00.0" ObKeinKontakt="4" ObjArtID="1" Merkmal="0.0"/>
  <Objekte ObjID="3985" ObjAufnahme="1997-03-18" ObjLetztKontakt="1997-05-13" ObjStrasseID="5732" ObjHausnummer="Am Welfenplatz 10" ObjVorlage="2013-09-11 00:00:00.0" ObKeinKontakt="4" ObjArtID="1" Merkmal="0.0"/>
  <Objekte ObjID="3987" ObjAufnahme="1997-03-18" ObjLetztKontakt="1997-05-13" ObjStrasseID="5732" ObjHausnummer="Am Welfenplatz 8" ObjVorlage="2013-09-11 00:00:00.0" ObKeinKontakt="4" ObjArtID="1" Merkmal="0.0"/>
  <Objekte ObjID="3988" ObjAufnahme="1997-03-18" ObjLetztKontakt="1997-05-13" ObjStrasseID="5732" ObjHausnummer="Am Welfenplatz 7" ObjVorlage="2013-09-11 00:00:00.0" ObKeinKontakt="4" ObjArtID="1" Merkmal="0.0"/>
  <Objekte ObjID="3989" ObjAufnahme="1997-03-18" ObjLetztKontakt="1997-05-13" ObjStrasseID="5732" ObjHausnummer="Am Welfenplatz 6" ObjVorlage="2013-09-11 00:00:00.0" ObKeinKontakt="4" ObjArtID="1" Merkmal="0.0"/>
  <Objekte ObjID="3990" ObjAufnahme="1997-03-18" ObjLetztKontakt="1997-05-13" ObjStrasseID="5732" ObjHausnummer="Am Welfenplatz 15" ObjVorlage="2013-09-11 00:00:00.0" ObKeinKontakt="4" ObjArtID="1" Merkmal="0.0"/>
  <Objekte ObjID="3991" ObjAufnahme="1997-03-18" ObjLetztKontakt="1997-05-13" ObjStrasseID="5732" ObjHausnummer="Am Welfenplatz 14" ObjVorlage="2013-09-11 00:00:00.0" ObKeinKontakt="4" ObjArtID="1" Merkmal="0.0"/>
  <Objekte ObjID="3992" ObjAufnahme="1997-03-18" ObjLetztKontakt="1997-05-13" ObjStrasseID="5732" ObjHausnummer="Am Welfenplatz 16" ObjVorlage="2013-09-11 00:00:00.0" ObKeinKontakt="4" ObjArtID="1" Merkmal="0.0"/>
  <Objekte ObjID="3993" ObjAufnahme="1997-03-18" ObjLetztKontakt="1997-05-13" ObjStrasseID="5732" ObjHausnummer="Am Welfenplatz 17" ObjVorlage="2013-09-11 00:00:00.0" ObKeinKontakt="4" ObjArtID="1" Merkmal="0.0"/>
  <Objekte ObjID="3994" ObjAufnahme="1997-03-18" ObjLetztKontakt="1997-05-13" ObjStrasseID="5732" ObjHausnummer="Am Welfenplatz 18" ObjVorlage="2013-09-11 00:00:00.0" ObKeinKontakt="4" ObjArtID="1" Merkmal="0.0"/>
  <Objekte ObjID="3995" ObjAufnahme="1997-03-18" ObjLetztKontakt="1997-05-13" ObjStrasseID="5732" ObjHausnummer="Am Welfenplatz 13" ObjVorlage="2013-09-11 00:00:00.0" ObKeinKontakt="4" ObjArtID="1" Merkmal="0.0"/>
  <Objekte ObjID="3996" ObjAufnahme="1997-03-18" ObjLetztKontakt="2001-10-25" ObjStrasseID="7455" ObjHausnummer="Lützerodestraße 8" ObjVorlage="2013-09-11 00:00:00.0" ObKeinKontakt="2" ObjArtID="98" Merkmal="0.0" ObjInfo="435100\Blk S-O"/>
  <Objekte ObjID="3997" ObjAufnahme="1997-03-18" ObjLetztKontakt="1997-05-13" ObjStrasseID="7455" ObjHausnummer="Lützerodestraße 7" ObjVorlage="2013-09-11 00:00:00.0" ObKeinKontakt="4" ObjArtID="1" Merkmal="0.0" ObjInfo="[ Frau M. Boker, Verw. Fa. Zint, 0511/ 3090760 ]"/>
  <Objekte ObjID="3998" ObjAufnahme="1997-03-18" ObjLetztKontakt="1997-05-13" ObjStrasseID="7455" ObjHausnummer="Lützerodestraße 6" ObjVorlage="2013-09-11 00:00:00.0" ObKeinKontakt="4" ObjArtID="1" Merkmal="0.0" ObjInfo="[ Herr F. Sprengel, A. Gawehn, Listerb Meile 66, 30161 Hannover ]"/>
  <Objekte ObjID="3999" ObjAufnahme="1997-03-18" ObjLetztKontakt="1997-05-13" ObjStrasseID="7455" ObjHausnummer="Lützerodestraße 5" ObjVorlage="2013-09-11 00:00:00.0" ObKeinKontakt="4" ObjArtID="1" Merkmal="0.0"/>
  <Objekte ObjID="4000" ObjAufnahme="1997-03-18" ObjLetztKontakt="1997-05-13" ObjStrasseID="7455" ObjHausnummer="Lützerodestraße 4" ObjVorlage="2013-09-11 00:00:00.0" ObKeinKontakt="4" ObjArtID="1" Merkmal="0.0" ObjInfo="[ Verw. Herr Dieter Frank, 0511/ 837392 ]"/>
  <Objekte ObjID="4001" ObjAufnahme="1997-03-18" ObjLetztKontakt="1997-05-13" ObjStrasseID="7455" ObjHausnummer="Lützerodestraße 3" ObjVorlage="2013-09-11 00:00:00.0" ObKeinKontakt="4" ObjArtID="1" Merkmal="0.0"/>
  <Objekte ObjID="4002" ObjAufnahme="1997-03-18" ObjLetztKontakt="1997-05-13" ObjStrasseID="7455" ObjHausnummer="Lützerodestraße 2" ObjVorlage="2013-09-11 00:00:00.0" ObKeinKontakt="4" ObjArtID="1" Merkmal="0.0" ObjInfo="[ Frau Richsgers, Frau Pape, Kampweg 4, Garbsen, 05138/ 76296 ]"/>
  <Objekte ObjID="4003" ObjAufnahme="1997-03-18" ObjLetztKontakt="1997-07-19" ObjStrasseID="8231" ObjHausnummer="Spichernstraße 14" ObjVorlage="2013-09-11 00:00:00.0" ObKeinKontakt="2" ObjArtID="1" Merkmal="0.0" ObjInfo="L.Ebel haseweg 6 30853 langenhagen 775727 14 WE 1 GE"/>
  <Objekte ObjID="4004" ObjAufnahme="1997-03-18" ObjLetztKontakt="1997-05-13" ObjStrasseID="8231" ObjHausnummer="Spichernstraße 13" ObjVorlage="2013-09-11 00:00:00.0" ObKeinKontakt="1" ObjArtID="1" Merkmal="0.0" ObjInfo="A.leissler kahlendamm 30916 Isernhagen-Süd 650454 Hausverw. Firma Zinker Brombergerstr. 7 6499091"/>
  <Objekte ObjID="4005" ObjAufnahme="1997-03-18" ObjLetztKontakt="1997-05-13" ObjStrasseID="8231" ObjHausnummer="Spichernstraße 20" ObjVorlage="2013-09-11 00:00:00.0" ObKeinKontakt="1" ObjArtID="1" Merkmal="0.0" ObjInfo="Muntei hausverwaltung"/>
  <Objekte ObjID="4006" ObjAufnahme="1997-03-18" ObjLetztKontakt="1997-05-13" ObjStrasseID="8231" ObjHausnummer="Spichernstraße 8" ObjVorlage="2013-09-11 00:00:00.0" ObKeinKontakt="1" ObjArtID="1" Merkmal="0.0"/>
  <Objekte ObjID="4007" ObjAufnahme="1997-03-18" ObjLetztKontakt="1997-05-13" ObjStrasseID="8231" ObjHausnummer="Spichernstraße 6" ObjVorlage="2013-09-11 00:00:00.0" ObKeinKontakt="1" ObjArtID="1" Merkmal="0.0" ObjInfo="R.Prager Alte Herrenhäuser Straße 5b 30419 Hannover 795639 oder 05137 93372 10 WE wollen evtl. verkaufen"/>
  <Objekte ObjID="4008" ObjAufnahme="1997-03-18" ObjLetztKontakt="1997-05-13" ObjStrasseID="8231" ObjHausnummer="Spichernstraße 4" ObjVorlage="2013-09-11 00:00:00.0" ObKeinKontakt="1" ObjArtID="1" Merkmal="0.0" ObjInfo="Hertha Maria Lechler Leunesweg 10 9524580 ist überwiegend auf teneriffa"/>
  <Objekte ObjID="4009" ObjAufnahme="1997-03-18" ObjLetztKontakt="1997-05-13" ObjStrasseID="8231" ObjHausnummer="Spichernstraße 2" ObjVorlage="2013-09-11 00:00:00.0" ObKeinKontakt="1" ObjArtID="1" Merkmal="0.0" ObjInfo="Frau Thies Verw. Rudi bergmann 628782 oder 621161"/>
  <Objekte ObjID="4010" ObjAufnahme="1997-03-18" ObjLetztKontakt="1997-05-13" ObjStrasseID="7911" ObjHausnummer="Robertstraße 2" ObjVorlage="2013-09-11 00:00:00.0" ObKeinKontakt="1" ObjArtID="1" Merkmal="0.0" ObjInfo="Verwaltung: Mußmann bauj.1967"/>
  <Objekte ObjID="4011" ObjAufnahme="1997-03-18" ObjLetztKontakt="1997-05-13" ObjStrasseID="7911" ObjHausnummer="Robertstraße 4" ObjVorlage="2013-09-11 00:00:00.0" ObKeinKontakt="1" ObjArtID="1" Merkmal="0.0"/>
  <Objekte ObjID="4012" ObjAufnahme="1997-03-18" ObjLetztKontakt="1997-05-13" ObjStrasseID="7911" ObjHausnummer="Robertstraße 6" ObjVorlage="2013-09-11 00:00:00.0" ObKeinKontakt="1" ObjArtID="1" Merkmal="0.0"/>
  <Objekte ObjID="4013" ObjAufnahme="1997-03-18" ObjLetztKontakt="1997-05-13" ObjStrasseID="7911" ObjHausnummer="Robertstraße 8" ObjVorlage="2013-09-11 00:00:00.0" ObKeinKontakt="1" ObjArtID="1" Merkmal="0.0" ObjInfo="Herr Vespermann Kreuzkamp 3b 31275 Arpke 05175-1522"/>
  <Objekte ObjID="4014" ObjAufnahme="1997-03-18" ObjLetztKontakt="1997-05-13" ObjStrasseID="7911" ObjHausnummer="Robertstraße 10" ObjVorlage="2013-09-11 00:00:00.0" ObKeinKontakt="1" ObjArtID="1" Merkmal="0.0" ObjInfo="Herr Fiedler Hausmeister 669551"/>
  <Objekte ObjID="4015" ObjAufnahme="1997-03-18" ObjLetztKontakt="1997-05-13" ObjStrasseID="7911" ObjHausnummer="Robertstraße 12" ObjVorlage="2013-09-11 00:00:00.0" ObKeinKontakt="1" ObjArtID="75" Merkmal="0.0" ObjInfo="23570\Loggia, Fahrstuhl,Grg. mgl."/>
  <Objekte ObjID="4016" ObjAufnahme="1997-03-18" ObjLetztKontakt="1997-05-13" ObjStrasseID="7911" ObjHausnummer="Robertstraße 5" ObjVorlage="2013-09-11 00:00:00.0" ObKeinKontakt="1" ObjArtID="1" Merkmal="0.0" ObjInfo="Susanne Wimmelmann Hausmannstr.1 30159 Hannover 14383"/>
  <Objekte ObjID="4017" ObjAufnahme="1997-03-18" ObjLetztKontakt="1997-05-13" ObjStrasseID="7911" ObjHausnummer="Robertstraße 3" ObjVorlage="2013-09-11 00:00:00.0" ObKeinKontakt="1" ObjArtID="1" Merkmal="0.0"/>
  <Objekte ObjID="4018" ObjAufnahme="1997-03-18" ObjLetztKontakt="1997-05-13" ObjStrasseID="7911" ObjHausnummer="Robertstraße 1" ObjVorlage="2013-09-11 00:00:00.0" ObKeinKontakt="1" ObjArtID="1" Merkmal="0.0" ObjInfo="Emilie Winter  664683"/>
  <Objekte ObjID="4019" ObjAufnahme="1997-03-18" ObjLetztKontakt="1997-05-13" ObjStrasseID="7911" ObjHausnummer="Robertstraße 14" ObjVorlage="2013-09-11 00:00:00.0" ObKeinKontakt="1" ObjArtID="1" Merkmal="0.0" ObjInfo="Heinrich Roglmaier 623936 Sohn ist Eigentümer"/>
  <Objekte ObjID="4020" ObjAufnahme="1997-03-18" ObjLetztKontakt="1997-05-13" ObjStrasseID="7911" ObjHausnummer="Robertstraße 16" ObjVorlage="2013-09-11 00:00:00.0" ObKeinKontakt="1" ObjArtID="1" Merkmal="0.0" ObjInfo="Herr H.Meyer , 14 , 31515 Klein Heidorn 050313361"/>
  <Objekte ObjID="4021" ObjAufnahme="1997-03-18" ObjLetztKontakt="1997-05-13" ObjStrasseID="7911" ObjHausnummer="Robertstraße 18" ObjVorlage="2013-09-11 00:00:00.0" ObKeinKontakt="1" ObjArtID="1" Merkmal="0.0" ObjInfo="K.Riemann 660384"/>
  <Objekte ObjID="4022" ObjAufnahme="1997-03-18" ObjLetztKontakt="1997-05-13" ObjStrasseID="7911" ObjHausnummer="Robertstraße 20" ObjVorlage="2013-09-11 00:00:00.0" ObKeinKontakt="1" ObjArtID="1" Merkmal="0.0" ObjInfo="Frau haas 629006"/>
  <Objekte ObjID="4023" ObjAufnahme="1997-03-18" ObjLetztKontakt="1997-05-13" ObjStrasseID="7911" ObjHausnummer="Robertstraße 22" ObjVorlage="2013-09-11 00:00:00.0" ObKeinKontakt="1" ObjArtID="1" Merkmal="0.0"/>
  <Objekte ObjID="4024" ObjAufnahme="1997-03-18" ObjLetztKontakt="1997-05-13" ObjStrasseID="7911" ObjHausnummer="Robertstraße 24" ObjVorlage="2013-09-11 00:00:00.0" ObKeinKontakt="1" ObjArtID="1" Merkmal="0.0"/>
  <Objekte ObjID="4025" ObjAufnahme="1997-03-18" ObjLetztKontakt="1997-05-13" ObjStrasseID="7911" ObjHausnummer="Robertstraße 26" ObjVorlage="2013-09-11 00:00:00.0" ObKeinKontakt="1" ObjArtID="1" Merkmal="0.0" ObjInfo="Helga Führer, Weiterkamp 11, 31311 Ütze 05173-1200"/>
  <Objekte ObjID="4026" ObjAufnahme="1997-03-18" ObjLetztKontakt="1997-05-13" ObjStrasseID="7911" ObjHausnummer="Robertstraße 29" ObjVorlage="2013-09-11 00:00:00.0" ObKeinKontakt="1" ObjArtID="1" Merkmal="0.0" ObjInfo="Niederbäumer H. Lehmkuhlenweg 47 32052 Herford 05221-73006/7"/>
  <Objekte ObjID="4027" ObjAufnahme="1997-03-18" ObjLetztKontakt="1997-05-13" ObjStrasseID="7911" ObjHausnummer="Robertstraße 27" ObjVorlage="2013-09-11 00:00:00.0" ObKeinKontakt="1" ObjArtID="1" Merkmal="0.0" ObjInfo="Gödecke Köln"/>
  <Objekte ObjID="4028" ObjAufnahme="1997-03-18" ObjLetztKontakt="1997-05-13" ObjStrasseID="7911" ObjHausnummer="Robertstraße 25" ObjVorlage="2013-09-11 00:00:00.0" ObKeinKontakt="1" ObjArtID="1" Merkmal="0.0" ObjInfo="Frau Dietrich hemmingen 05101-2660"/>
  <Objekte ObjID="4029" ObjAufnahme="1997-03-18" ObjLetztKontakt="1997-05-13" ObjStrasseID="7911" ObjHausnummer="Robertstraße 23" ObjVorlage="2013-09-11 00:00:00.0" ObKeinKontakt="1" ObjArtID="1" Merkmal="0.0" ObjInfo="Hans Rentz Richard-Schöne Weg 23 30900 Wedemark 05131-52659"/>
  <Objekte ObjID="4030" ObjAufnahme="1997-03-18" ObjLetztKontakt="1997-05-13" ObjStrasseID="7911" ObjHausnummer="Robertstraße 19" ObjVorlage="2013-09-11 00:00:00.0" ObKeinKontakt="1" ObjArtID="1" Merkmal="0.0" ObjInfo="Ulla Wernicke Vermieter : Joachim becker Moltusstr. 22 Lehrte"/>
  <Objekte ObjID="4031" ObjAufnahme="1997-03-18" ObjLetztKontakt="1997-05-13" ObjStrasseID="7911" ObjHausnummer="Robertstraße 17" ObjVorlage="2013-09-11 00:00:00.0" ObKeinKontakt="1" ObjArtID="1" Merkmal="0.0" ObjInfo="Frau Annemarie Willemsen Frau Krüger Andertensche Wiese oder straße 587699"/>
  <Objekte ObjID="4032" ObjAufnahme="1997-03-18" ObjLetztKontakt="1997-05-13" ObjStrasseID="7911" ObjHausnummer="Robertstraße 15" ObjVorlage="2013-09-11 00:00:00.0" ObKeinKontakt="1" ObjArtID="1" Merkmal="0.0" ObjInfo="Frau Wehrmann-Schmidt 669031"/>
  <Objekte ObjID="4033" ObjAufnahme="1997-03-18" ObjLetztKontakt="1997-05-13" ObjStrasseID="7911" ObjHausnummer="Robertstraße 13" ObjVorlage="2013-09-11 00:00:00.0" ObKeinKontakt="1" ObjArtID="1" Merkmal="0.0" ObjInfo="P.Renz Erlenweg 2 30938 Großburgwedel"/>
  <Objekte ObjID="4034" ObjAufnahme="1997-03-18" ObjLetztKontakt="1997-05-13" ObjStrasseID="7911" ObjHausnummer="Robertstraße 11" ObjVorlage="2013-09-11 00:00:00.0" ObKeinKontakt="1" ObjArtID="1" Merkmal="0.0" ObjInfo="Inge Thoms Platanenhof 16 30659 hannover 652681"/>
  <Objekte ObjID="4035" ObjAufnahme="1997-03-18" ObjLetztKontakt="1997-05-13" ObjStrasseID="7911" ObjHausnummer="Robertstraße 9" ObjVorlage="2013-09-11 00:00:00.0" ObKeinKontakt="1" ObjArtID="1" Merkmal="0.0" ObjInfo="Herr A.D. Eggers jun. Constantinstr. 56 30177 Hannover 694656"/>
  <Objekte ObjID="4036" ObjAufnahme="1997-03-18" ObjLetztKontakt="1997-05-13" ObjStrasseID="7838" ObjHausnummer="Raiffeisenstraße 10" ObjVorlage="2013-09-11 00:00:00.0" ObKeinKontakt="1" ObjArtID="1" Merkmal="0.0"/>
  <Objekte ObjID="4037" ObjAufnahme="1997-03-18" ObjLetztKontakt="1997-05-13" ObjStrasseID="7838" ObjHausnummer="Raiffeisenstraße 14" ObjVorlage="2013-09-11 00:00:00.0" ObKeinKontakt="1" ObjArtID="1" Merkmal="0.0"/>
  <Objekte ObjID="4038" ObjAufnahme="1997-03-18" ObjLetztKontakt="1997-05-13" ObjStrasseID="7838" ObjHausnummer="Raiffeisenstraße 16" ObjVorlage="2013-09-11 00:00:00.0" ObKeinKontakt="1" ObjArtID="1" Merkmal="0.0"/>
  <Objekte ObjID="4039" ObjAufnahme="1997-03-18" ObjLetztKontakt="1997-05-13" ObjStrasseID="7838" ObjHausnummer="Raiffeisenstraße 15" ObjVorlage="2013-09-11 00:00:00.0" ObKeinKontakt="1" ObjArtID="1" Merkmal="0.0" ObjInfo="Firma Plewa 313953"/>
  <Objekte ObjID="4040" ObjAufnahme="1997-03-18" ObjLetztKontakt="1997-05-13" ObjStrasseID="7838" ObjHausnummer="Raiffeisenstraße 13" ObjVorlage="2013-09-11 00:00:00.0" ObKeinKontakt="1" ObjArtID="1" Merkmal="0.0" ObjInfo="B.Sander 368010"/>
  <Objekte ObjID="4041" ObjAufnahme="1997-03-18" ObjLetztKontakt="1997-05-13" ObjStrasseID="7838" ObjHausnummer="Raiffeisenstraße 11" ObjVorlage="2013-09-11 00:00:00.0" ObKeinKontakt="1" ObjArtID="1" Merkmal="0.0" ObjInfo="Herr Janus siehe 9"/>
  <Objekte ObjID="4042" ObjAufnahme="1997-03-18" ObjLetztKontakt="1997-05-13" ObjStrasseID="7838" ObjHausnummer="Raiffeisenstraße 9" ObjVorlage="2013-09-11 00:00:00.0" ObKeinKontakt="1" ObjArtID="1" Merkmal="0.0" ObjInfo="Herr Ch. Janus 319193"/>
  <Objekte ObjID="4043" ObjAufnahme="1997-03-18" ObjLetztKontakt="1997-05-13" ObjStrasseID="7838" ObjHausnummer="Raiffeisenstraße 7" ObjVorlage="2013-09-11 00:00:00.0" ObKeinKontakt="1" ObjArtID="1" Merkmal="0.0" ObjInfo="Verwaltung Dierks T.Hubensack Auf dem Limbrin ke ist nicht Besitzer 830211"/>
  <Objekte ObjID="4044" ObjAufnahme="1997-03-18" ObjLetztKontakt="1997-05-13" ObjStrasseID="6081" ObjHausnummer="Bronsartstraße 26" ObjVorlage="2013-09-11 00:00:00.0" ObKeinKontakt="1" ObjArtID="1" Merkmal="0.0"/>
  <Objekte ObjID="4045" ObjAufnahme="1997-03-18" ObjLetztKontakt="1997-05-13" ObjStrasseID="6081" ObjHausnummer="Bronsartstraße 28" ObjVorlage="2013-09-11 00:00:00.0" ObKeinKontakt="1" ObjArtID="1" Merkmal="0.0"/>
  <Objekte ObjID="4046" ObjAufnahme="1997-03-18" ObjLetztKontakt="1997-05-13" ObjStrasseID="6081" ObjHausnummer="Bronsartstraße 30" ObjVorlage="2013-09-11 00:00:00.0" ObKeinKontakt="1" ObjArtID="1" Merkmal="0.0"/>
  <Objekte ObjID="4047" ObjAufnahme="1997-03-18" ObjLetztKontakt="1997-05-13" ObjStrasseID="6081" ObjHausnummer="Bronsartstraße 32" ObjVorlage="2013-09-11 00:00:00.0" ObKeinKontakt="1" ObjArtID="1" Merkmal="0.0"/>
  <Objekte ObjID="4048" ObjAufnahme="1997-03-18" ObjLetztKontakt="1997-05-13" ObjStrasseID="6081" ObjHausnummer="Bronsartstraße 34" ObjVorlage="2013-09-11 00:00:00.0" ObKeinKontakt="1" ObjArtID="1" Merkmal="0.0"/>
  <Objekte ObjID="4049" ObjAufnahme="1997-03-18" ObjLetztKontakt="1997-05-13" ObjStrasseID="6081" ObjHausnummer="Bronsartstraße 36" ObjVorlage="2013-09-11 00:00:00.0" ObKeinKontakt="1" ObjArtID="1" Merkmal="0.0"/>
  <Objekte ObjID="4050" ObjAufnahme="1997-03-18" ObjLetztKontakt="1997-05-13" ObjStrasseID="6081" ObjHausnummer="Bronsartstraße 38" ObjVorlage="2013-09-11 00:00:00.0" ObKeinKontakt="1" ObjArtID="1" Merkmal="0.0"/>
  <Objekte ObjID="4051" ObjAufnahme="1997-03-18" ObjLetztKontakt="1997-05-13" ObjStrasseID="6081" ObjHausnummer="Bronsartstraße 40" ObjVorlage="2013-09-11 00:00:00.0" ObKeinKontakt="1" ObjArtID="1" Merkmal="0.0"/>
  <Objekte ObjID="4052" ObjAufnahme="1997-03-18" ObjLetztKontakt="1997-05-13" ObjStrasseID="6081" ObjHausnummer="Bronsartstraße 42" ObjVorlage="2013-09-11 00:00:00.0" ObKeinKontakt="1" ObjArtID="1" Merkmal="0.0"/>
  <Objekte ObjID="4053" ObjAufnahme="1997-03-18" ObjLetztKontakt="1997-05-13" ObjStrasseID="6081" ObjHausnummer="Bronsartstraße 44" ObjVorlage="2013-09-11 00:00:00.0" ObKeinKontakt="1" ObjArtID="1" Merkmal="0.0"/>
  <Objekte ObjID="4054" ObjAufnahme="1997-03-18" ObjLetztKontakt="1997-05-13" ObjStrasseID="6081" ObjHausnummer="Bronsartstraße 2" ObjVorlage="2013-09-11 00:00:00.0" ObKeinKontakt="1" ObjArtID="1" Merkmal="0.0"/>
  <Objekte ObjID="4055" ObjAufnahme="1997-03-18" ObjLetztKontakt="1997-05-13" ObjStrasseID="6081" ObjHausnummer="Bronsartstraße 4" ObjVorlage="2013-09-11 00:00:00.0" ObKeinKontakt="1" ObjArtID="1" Merkmal="0.0"/>
  <Objekte ObjID="4056" ObjAufnahme="1997-03-18" ObjLetztKontakt="1997-05-13" ObjStrasseID="6081" ObjHausnummer="Bronsartstraße 6" ObjVorlage="2013-09-11 00:00:00.0" ObKeinKontakt="1" ObjArtID="1" Merkmal="0.0"/>
  <Objekte ObjID="4057" ObjAufnahme="1997-03-18" ObjLetztKontakt="1997-05-13" ObjStrasseID="6081" ObjHausnummer="Bronsartstraße 8" ObjVorlage="2013-09-11 00:00:00.0" ObKeinKontakt="1" ObjArtID="1" Merkmal="0.0"/>
  <Objekte ObjID="4058" ObjAufnahme="1997-03-18" ObjLetztKontakt="1997-05-13" ObjStrasseID="6081" ObjHausnummer="Bronsartstraße 10" ObjVorlage="2013-09-11 00:00:00.0" ObKeinKontakt="1" ObjArtID="1" Merkmal="0.0"/>
  <Objekte ObjID="4059" ObjAufnahme="1997-03-18" ObjLetztKontakt="2001-12-12" ObjStrasseID="6081" ObjHausnummer="Bronsartstraße 14" ObjVorlage="2013-09-11 00:00:00.0" ObKeinKontakt="9" ObjArtID="138" Merkmal="0.0" ObjInfo="19962\S-W-Blk"/>
  <Objekte ObjID="4060" ObjAufnahme="1997-03-18" ObjLetztKontakt="1997-05-13" ObjStrasseID="6081" ObjHausnummer="Bronsartstraße 12" ObjVorlage="2013-09-11 00:00:00.0" ObKeinKontakt="1" ObjArtID="1" Merkmal="0.0"/>
  <Objekte ObjID="4061" ObjAufnahme="1997-03-18" ObjLetztKontakt="1999-07-08" ObjStrasseID="6081" ObjHausnummer="Bronsartstraße 16" ObjVorlage="2013-09-11 00:00:00.0" ObKeinKontakt="1" ObjArtID="221" Merkmal="0.9999999999999999" ObjInfo="410/17110\Grg. 2 Süd-West-Balkone"/>
  <Objekte ObjID="4062" ObjAufnahme="1997-03-18" ObjLetztKontakt="1997-05-13" ObjStrasseID="6081" ObjHausnummer="Bronsartstraße 18" ObjVorlage="2013-09-11 00:00:00.0" ObKeinKontakt="1" ObjArtID="1" Merkmal="0.0"/>
  <Objekte ObjID="4063" ObjAufnahme="1997-03-18" ObjLetztKontakt="1997-05-13" ObjStrasseID="6081" ObjHausnummer="Bronsartstraße 20" ObjVorlage="2013-09-11 00:00:00.0" ObKeinKontakt="1" ObjArtID="1" Merkmal="0.0"/>
  <Objekte ObjID="4064" ObjAufnahme="1997-03-18" ObjLetztKontakt="1997-05-13" ObjStrasseID="6081" ObjHausnummer="Bronsartstraße 22" ObjVorlage="2013-09-11 00:00:00.0" ObKeinKontakt="1" ObjArtID="1" Merkmal="0.0"/>
  <Objekte ObjID="4065" ObjAufnahme="1997-03-18" ObjLetztKontakt="1997-05-13" ObjStrasseID="6081" ObjHausnummer="Bronsartstraße 24" ObjVorlage="2013-09-11 00:00:00.0" ObKeinKontakt="1" ObjArtID="1" Merkmal="0.0"/>
  <Objekte ObjID="4066" ObjAufnahme="1997-03-18" ObjLetztKontakt="1997-05-13" ObjStrasseID="6081" ObjHausnummer="Bronsartstraße 37" ObjVorlage="2013-09-11 00:00:00.0" ObKeinKontakt="1" ObjArtID="1" Merkmal="0.0"/>
  <Objekte ObjID="4067" ObjAufnahme="1997-03-18" ObjLetztKontakt="1997-05-13" ObjStrasseID="6081" ObjHausnummer="Bronsartstraße 35" ObjVorlage="2013-09-11 00:00:00.0" ObKeinKontakt="1" ObjArtID="1" Merkmal="0.0"/>
  <Objekte ObjID="4068" ObjAufnahme="1997-03-18" ObjLetztKontakt="1997-05-13" ObjStrasseID="6081" ObjHausnummer="Bronsartstraße 33" ObjVorlage="2013-09-11 00:00:00.0" ObKeinKontakt="1" ObjArtID="1" Merkmal="0.0"/>
  <Objekte ObjID="4069" ObjAufnahme="1997-03-18" ObjLetztKontakt="1997-05-13" ObjStrasseID="6081" ObjHausnummer="Bronsartstraße 31" ObjVorlage="2013-09-11 00:00:00.0" ObKeinKontakt="1" ObjArtID="1" Merkmal="0.0"/>
  <Objekte ObjID="4070" ObjAufnahme="1997-03-18" ObjLetztKontakt="1997-05-13" ObjStrasseID="6081" ObjHausnummer="Bronsartstraße 29" ObjVorlage="2013-09-11 00:00:00.0" ObKeinKontakt="1" ObjArtID="1" Merkmal="0.0"/>
  <Objekte ObjID="4071" ObjAufnahme="1997-03-18" ObjLetztKontakt="1997-05-13" ObjStrasseID="6081" ObjHausnummer="Bronsartstraße 27" ObjVorlage="2013-09-11 00:00:00.0" ObKeinKontakt="1" ObjArtID="1" Merkmal="0.0"/>
  <Objekte ObjID="4072" ObjAufnahme="1997-03-18" ObjLetztKontakt="1997-05-13" ObjStrasseID="6081" ObjHausnummer="Bronsartstraße 25" ObjVorlage="2013-09-11 00:00:00.0" ObKeinKontakt="1" ObjArtID="1" Merkmal="0.0"/>
  <Objekte ObjID="4073" ObjAufnahme="1997-03-18" ObjLetztKontakt="1997-05-13" ObjStrasseID="6081" ObjHausnummer="Bronsartstraße 23A" ObjVorlage="2013-09-11 00:00:00.0" ObKeinKontakt="1" ObjArtID="1" Merkmal="0.0"/>
  <Objekte ObjID="4074" ObjAufnahme="1997-03-18" ObjLetztKontakt="1997-05-13" ObjStrasseID="6081" ObjHausnummer="Bronsartstraße 21" ObjVorlage="2013-09-11 00:00:00.0" ObKeinKontakt="1" ObjArtID="1" Merkmal="0.0"/>
  <Objekte ObjID="4075" ObjAufnahme="1997-03-18" ObjLetztKontakt="1997-05-13" ObjStrasseID="6081" ObjHausnummer="Bronsartstraße 19" ObjVorlage="2013-09-11 00:00:00.0" ObKeinKontakt="1" ObjArtID="1" Merkmal="0.0"/>
  <Objekte ObjID="4076" ObjAufnahme="1997-03-18" ObjLetztKontakt="1997-05-13" ObjStrasseID="6081" ObjHausnummer="Bronsartstraße 13" ObjVorlage="2013-09-11 00:00:00.0" ObKeinKontakt="1" ObjArtID="1" Merkmal="0.0"/>
  <Objekte ObjID="4077" ObjAufnahme="1997-03-24" ObjLetztKontakt="1997-03-24" ObjStrasseID="6510" ObjHausnummer="Gabelsbergerstraße 4" ObjVorlage="2013-09-11 00:00:00.0" ObKeinKontakt="1" ObjArtID="1" Merkmal="0.0" ObjInfo="Herr Beermann 660977 Eigentümer: Beermann, Bewohner: Dr. Bezzel, Tel. 621487"/>
  <Objekte ObjID="4078" ObjAufnahme="1997-03-24" ObjLetztKontakt="1997-03-24" ObjStrasseID="6510" ObjHausnummer="Gabelsbergerstraße 3" ObjVorlage="2013-09-11 00:00:00.0" ObKeinKontakt="1" ObjArtID="177" Merkmal="0.0" ObjInfo="Eigentümergemeinschaft , Eigentümergemeinschaft, Bewohner: Heuß, Winter, Dödtmann, Tel. 625329"/>
  <Objekte ObjID="4079" ObjAufnahme="1997-03-24" ObjLetztKontakt="1999-07-20" ObjStrasseID="6510" ObjHausnummer="Gabelsbergerstraße 2" ObjVorlage="2013-09-11 00:00:00.0" ObKeinKontakt="1" ObjArtID="1" Merkmal="0.0" ObjInfo="Herr Zunker, Hr. Zunker, Eigentümer, Mieter: Horch, Bietendorf, Kutscher"/>
  <Objekte ObjID="4080" ObjAufnahme="1997-03-24" ObjLetztKontakt="2001-04-06" ObjStrasseID="6510" ObjHausnummer="Gabelsbergerstraße 1" ObjVorlage="2013-09-11 00:00:00.0" ObKeinKontakt="2" ObjArtID="105" Merkmal="0.0" ObjInfo="435129\2 Blk. S-W, N-O"/>
  <Objekte ObjID="4081" ObjAufnahme="1997-03-24" ObjLetztKontakt="1999-07-12" ObjStrasseID="6510" ObjHausnummer="Gabelsbergerstraße 18" ObjVorlage="2013-09-11 00:00:00.0" ObKeinKontakt="5" ObjArtID="190" Merkmal="0.0" ObjInfo="330115\ Dacht. ren.bed. Blk.nicht anb."/>
  <Objekte ObjID="4082" ObjAufnahme="1997-03-24" ObjLetztKontakt="1997-03-24" ObjStrasseID="6510" ObjHausnummer="Gabelsbergerstraße 17" ObjVorlage="2013-09-11 00:00:00.0" ObKeinKontakt="1" ObjArtID="1" Merkmal="0.0" ObjInfo="Frau Wöldecke, Frau Wöldecke"/>
  <Objekte ObjID="4083" ObjAufnahme="1997-03-24" ObjLetztKontakt="1997-03-24" ObjStrasseID="6510" ObjHausnummer="Gabelsbergerstraße 11" ObjVorlage="2013-09-11 00:00:00.0" ObKeinKontakt="1" ObjArtID="177" Merkmal="0.0"/>
  <Objekte ObjID="4084" ObjAufnahme="1997-03-24" ObjLetztKontakt="1997-03-24" ObjStrasseID="6510" ObjHausnummer="Gabelsbergerstraße 16" ObjVorlage="2013-09-11 00:00:00.0" ObKeinKontakt="1" ObjArtID="1" Merkmal="0.0" ObjInfo="Telekom"/>
  <Objekte ObjID="4085" ObjAufnahme="1997-03-24" ObjLetztKontakt="1997-03-24" ObjStrasseID="6510" ObjHausnummer="Gabelsbergerstraße 10" ObjVorlage="2013-09-11 00:00:00.0" ObKeinKontakt="1" ObjArtID="1" Merkmal="0.0"/>
  <Objekte ObjID="4086" ObjAufnahme="1997-03-24" ObjLetztKontakt="1997-03-24" ObjStrasseID="6510" ObjHausnummer="Gabelsbergerstraße 9" ObjVorlage="2013-09-11 00:00:00.0" ObKeinKontakt="1" ObjArtID="1" Merkmal="0.0"/>
  <Objekte ObjID="4087" ObjAufnahme="1997-03-24" ObjLetztKontakt="1997-03-24" ObjStrasseID="6510" ObjHausnummer="Gabelsbergerstraße 8" ObjVorlage="2013-09-11 00:00:00.0" ObKeinKontakt="1" ObjArtID="1" Merkmal="0.0"/>
  <Objekte ObjID="4088" ObjAufnahme="1997-03-18" ObjLetztKontakt="1997-05-13" ObjStrasseID="8198" ObjHausnummer="Slicherstraße 4" ObjVorlage="2013-09-11 00:00:00.0" ObKeinKontakt="2" ObjArtID="1" Merkmal="0.0" ObjInfo="alles an die Kinder übertragen"/>
  <Objekte ObjID="4089" ObjAufnahme="1997-03-18" ObjLetztKontakt="2000-03-13" ObjStrasseID="8198" ObjHausnummer="Slicherstraße 3" ObjVorlage="2013-09-11 00:00:00.0" ObKeinKontakt="2" ObjArtID="1" Merkmal="0.0"/>
  <Objekte ObjID="4090" ObjAufnahme="1997-03-18" ObjLetztKontakt="1997-05-13" ObjStrasseID="8198" ObjHausnummer="Slicherstraße 2" ObjVorlage="2013-09-11 00:00:00.0" ObKeinKontakt="4" ObjArtID="177" Merkmal="0.0"/>
  <Objekte ObjID="4091" ObjAufnahme="1997-03-18" ObjLetztKontakt="1997-05-13" ObjStrasseID="8198" ObjHausnummer="Slicherstraße 1" ObjVorlage="2013-09-11 00:00:00.0" ObKeinKontakt="1" ObjArtID="177" Merkmal="0.0"/>
  <Objekte ObjID="4092" ObjAufnahme="1997-03-18" ObjLetztKontakt="1997-05-13" ObjStrasseID="8198" ObjHausnummer="Slicherstraße 8" ObjVorlage="2013-09-11 00:00:00.0" ObKeinKontakt="7" ObjArtID="177" Merkmal="0.0" ObjInfo="Eigentümer hat bereits aufgeteilt bietet 4.Etage zzgl. DM 100 + 85 qm im Herbst 10 Einheiten Rainer Bohnsack, Podbielskistr. 33, 30163 Hannover, 0511-965640&#xD;&#xA;BOTAX Steuerberatungsgesellschaft mbH, Podbielskistr. 33, 30163 Hannover, 0511-965640 Fax der Firm&#xD;&#xA;4093"/>
  <Objekte ObjID="4094" ObjAufnahme="1997-03-18" ObjLetztKontakt="1997-05-13" ObjStrasseID="8198" ObjHausnummer="Slicherstraße 6" ObjVorlage="2013-09-11 00:00:00.0" ObKeinKontakt="3" ObjArtID="1" Merkmal="0.0" ObjInfo="1100 qm Aufteilung denkbar"/>
  <Objekte ObjID="4095" ObjAufnahme="1997-03-18" ObjLetztKontakt="1997-05-13" ObjStrasseID="6744" ObjHausnummer="Harnischstraße 1" ObjVorlage="2013-09-11 00:00:00.0" ObKeinKontakt="4" ObjArtID="1" Merkmal="0.0" ObjInfo="[ Verw. Herr Pautsch, Evtl. Dr. Buke 05121/ 21777]"/>
  <Objekte ObjID="4096" ObjAufnahme="1997-03-18" ObjLetztKontakt="1997-05-13" ObjStrasseID="6744" ObjHausnummer="Harnischstraße 2" ObjVorlage="2013-09-11 00:00:00.0" ObKeinKontakt="4" ObjArtID="1" Merkmal="0.0" ObjInfo="[ Frau Debiel Freiherr v. Stein- Str. 37242 Bad- Soden- Allendorf, 05652/ 1512 ]"/>
  <Objekte ObjID="4097" ObjAufnahme="1997-03-18" ObjLetztKontakt="1997-05-13" ObjStrasseID="6744" ObjHausnummer="Harnischstraße 3" ObjVorlage="2013-09-11 00:00:00.0" ObKeinKontakt="4" ObjArtID="1" Merkmal="0.0" ObjInfo="[ Herr Niebuhr, Salzdorf, Hannover,Verw. Lill Vahrenwalderstr. 75, 0511/ 3504892 ]"/>
  <Objekte ObjID="4098" ObjAufnahme="1997-03-18" ObjLetztKontakt="1997-05-13" ObjStrasseID="6744" ObjHausnummer="Harnischstraße 4" ObjVorlage="2013-09-11 00:00:00.0" ObKeinKontakt="4" ObjArtID="1" Merkmal="0.0" ObjInfo="[ Herr Rolf Cramm, Peine, 05171/ 3210 ]"/>
  <Objekte ObjID="4099" ObjAufnahme="1997-03-18" ObjLetztKontakt="1997-05-13" ObjStrasseID="6744" ObjHausnummer="Harnischstraße 6" ObjVorlage="2013-09-11 00:00:00.0" ObKeinKontakt="4" ObjArtID="1" Merkmal="0.0" ObjInfo="[ Herr Seifert, Amtsstieg, 31167 Bockenem/ Harz, 05383/ 1955 ]"/>
  <Objekte ObjID="4100" ObjAufnahme="1997-03-18" ObjLetztKontakt="1997-05-13" ObjStrasseID="6744" ObjHausnummer="Harnischstraße 7" ObjVorlage="2013-09-11 00:00:00.0" ObKeinKontakt="4" ObjArtID="1" Merkmal="0.0" ObjInfo="[ siehe Nr. 6 ]"/>
  <Objekte ObjID="4101" ObjAufnahme="1997-03-18" ObjLetztKontakt="1997-05-13" ObjStrasseID="6744" ObjHausnummer="Harnischstraße 9" ObjVorlage="2013-09-11 00:00:00.0" ObKeinKontakt="4" ObjArtID="1" Merkmal="0.0"/>
  <Objekte ObjID="4102" ObjAufnahme="1997-03-18" ObjLetztKontakt="1997-05-13" ObjStrasseID="6744" ObjHausnummer="Harnischstraße 10" ObjVorlage="2013-09-11 00:00:00.0" ObKeinKontakt="4" ObjArtID="1" Merkmal="0.0" ObjInfo="[ Herr Vogt 0511/ 2108705 ]"/>
  <Objekte ObjID="4103" ObjAufnahme="1997-03-18" ObjLetztKontakt="1997-05-13" ObjStrasseID="6744" ObjHausnummer="Harnischstraße 11" ObjVorlage="2013-09-11 00:00:00.0" ObKeinKontakt="4" ObjArtID="1" Merkmal="0.0" ObjInfo="[ Frau Hildegard Winkler, 0511/ 666750 ]"/>
  <Objekte ObjID="4104" ObjAufnahme="1997-03-18" ObjLetztKontakt="1997-05-13" ObjStrasseID="6744" ObjHausnummer="Harnischstraße 12" ObjVorlage="2013-09-11 00:00:00.0" ObKeinKontakt="4" ObjArtID="1" Merkmal="0.0"/>
  <Objekte ObjID="4105" ObjAufnahme="1997-03-18" ObjLetztKontakt="1997-05-13" ObjStrasseID="8439" ObjHausnummer="Ulrichstraße 1" ObjVorlage="2013-09-11 00:00:00.0" ObKeinKontakt="4" ObjArtID="155" Merkmal="0.0" ObjInfo="648166\Terr., Loggia, Grg."/>
  <Objekte ObjID="4106" ObjAufnahme="1997-03-18" ObjLetztKontakt="1997-05-13" ObjStrasseID="8439" ObjHausnummer="Ulrichstraße 1A" ObjVorlage="2013-09-11 00:00:00.0" ObKeinKontakt="4" ObjArtID="1" Merkmal="0.0" ObjInfo="Frau Gisela Bartels, Frau Margret Bartels 660905 622487"/>
  <Objekte ObjID="4107" ObjAufnahme="1997-03-18" ObjLetztKontakt="1997-05-13" ObjStrasseID="6023" ObjHausnummer="Bonifatiusplatz 18" ObjVorlage="2013-09-11 00:00:00.0" ObKeinKontakt="4" ObjArtID="1" Merkmal="0.0"/>
  <Objekte ObjID="4108" ObjAufnahme="1997-03-18" ObjLetztKontakt="1997-05-13" ObjStrasseID="6023" ObjHausnummer="Bonifatiusplatz 17" ObjVorlage="2013-09-11 00:00:00.0" ObKeinKontakt="4" ObjArtID="1" Merkmal="0.0"/>
  <Objekte ObjID="4109" ObjAufnahme="1997-03-18" ObjLetztKontakt="1997-05-13" ObjStrasseID="6023" ObjHausnummer="Bonifatiusplatz 16" ObjVorlage="2013-09-11 00:00:00.0" ObKeinKontakt="4" ObjArtID="1" Merkmal="0.0"/>
  <Objekte ObjID="4110" ObjAufnahme="1997-03-18" ObjLetztKontakt="1997-05-13" ObjStrasseID="6023" ObjHausnummer="Bonifatiusplatz 15" ObjVorlage="2013-09-11 00:00:00.0" ObKeinKontakt="4" ObjArtID="1" Merkmal="0.0"/>
  <Objekte ObjID="4111" ObjAufnahme="1997-03-18" ObjLetztKontakt="1997-05-13" ObjStrasseID="6023" ObjHausnummer="Bonifatiusplatz 11" ObjVorlage="2013-09-11 00:00:00.0" ObKeinKontakt="4" ObjArtID="1" Merkmal="0.0"/>
  <Objekte ObjID="4112" ObjAufnahme="1997-03-18" ObjLetztKontakt="1997-05-13" ObjStrasseID="6023" ObjHausnummer="Bonifatiusplatz 6" ObjVorlage="2013-09-11 00:00:00.0" ObKeinKontakt="4" ObjArtID="1" Merkmal="0.0" ObjInfo="Landeshauptstadt hannover"/>
  <Objekte ObjID="4113" ObjAufnahme="1997-03-18" ObjLetztKontakt="1997-05-13" ObjStrasseID="6023" ObjHausnummer="Bonifatiusplatz 5" ObjVorlage="2013-09-11 00:00:00.0" ObKeinKontakt="4" ObjArtID="1" Merkmal="0.0" ObjInfo="Concept immobilien Bristoler Str. 4 855270 kauft aber Objekte heute Concept Immobilien GmbH&#xD;Lange-Feld-Str. 1&#xD;30559 Hannover&#xD;ISDN 0511-95295-20"/>
  <Objekte ObjID="4114" ObjAufnahme="1997-03-18" ObjLetztKontakt="1997-05-13" ObjStrasseID="6023" ObjHausnummer="Bonifatiusplatz 4" ObjVorlage="2013-09-11 00:00:00.0" ObKeinKontakt="2" ObjArtID="1" Merkmal="0.0"/>
  <Objekte ObjID="4115" ObjAufnahme="1997-03-18" ObjLetztKontakt="1997-05-13" ObjStrasseID="6023" ObjHausnummer="Bonifatiusplatz 3" ObjVorlage="2013-09-11 00:00:00.0" ObKeinKontakt="4" ObjArtID="1" Merkmal="0.0" ObjInfo="Frau Berger 664003"/>
  <Objekte ObjID="4116" ObjAufnahme="1997-03-18" ObjLetztKontakt="1997-05-13" ObjStrasseID="6023" ObjHausnummer="Bonifatiusplatz 2" ObjVorlage="2013-09-11 00:00:00.0" ObKeinKontakt="4" ObjArtID="1" Merkmal="0.0" ObjInfo="wie 1"/>
  <Objekte ObjID="4117" ObjAufnahme="1997-03-18" ObjLetztKontakt="1997-05-13" ObjStrasseID="6023" ObjHausnummer="Bonifatiusplatz 9" ObjVorlage="2013-09-11 00:00:00.0" ObKeinKontakt="4" ObjArtID="1" Merkmal="0.0" ObjInfo="Frau A. Rudolph und E.Wüsteney 623355"/>
  <Objekte ObjID="4118" ObjAufnahme="1997-03-18" ObjLetztKontakt="1997-05-13" ObjStrasseID="8571" ObjHausnummer="Weißenburgstraße 2" ObjVorlage="2013-09-11 00:00:00.0" ObKeinKontakt="4" ObjArtID="1" Merkmal="0.0" ObjInfo="Frau H. Thomas O.Thomas 318953"/>
  <Objekte ObjID="4119" ObjAufnahme="1997-03-18" ObjLetztKontakt="1997-05-13" ObjStrasseID="8571" ObjHausnummer="Weißenburgstraße 3" ObjVorlage="2013-09-11 00:00:00.0" ObKeinKontakt="4" ObjArtID="1" Merkmal="0.0" ObjInfo="K. Bortfeld Grünewaldstraße 1 30177 hannover 3884161"/>
  <Objekte ObjID="4120" ObjAufnahme="1997-03-18" ObjLetztKontakt="1997-05-13" ObjStrasseID="8571" ObjHausnummer="Weißenburgstraße 4" ObjVorlage="2013-09-11 00:00:00.0" ObKeinKontakt="4" ObjArtID="1" Merkmal="0.0"/>
  <Objekte ObjID="4121" ObjAufnahme="1997-03-18" ObjLetztKontakt="1997-05-13" ObjStrasseID="8571" ObjHausnummer="Weißenburgstraße 5" ObjVorlage="2013-09-11 00:00:00.0" ObKeinKontakt="4" ObjArtID="1" Merkmal="0.0" ObjInfo="Eilen Bödeker 311788"/>
  <Objekte ObjID="4122" ObjAufnahme="1997-03-18" ObjLetztKontakt="1997-05-13" ObjStrasseID="8571" ObjHausnummer="Weißenburgstraße 6" ObjVorlage="2013-09-11 00:00:00.0" ObKeinKontakt="4" ObjArtID="1" Merkmal="0.0" ObjInfo="Herta küster 317145"/>
  <Objekte ObjID="4123" ObjAufnahme="1997-03-18" ObjLetztKontakt="1997-05-13" ObjStrasseID="8571" ObjHausnummer="Weißenburgstraße 7" ObjVorlage="2013-09-11 00:00:00.0" ObKeinKontakt="4" ObjArtID="76" Merkmal="0.0" ObjInfo="19884\Blk."/>
  <Objekte ObjID="4124" ObjAufnahme="1997-03-18" ObjLetztKontakt="1997-05-13" ObjStrasseID="8571" ObjHausnummer="Weißenburgstraße 8" ObjVorlage="2013-09-11 00:00:00.0" ObKeinKontakt="4" ObjArtID="1" Merkmal="0.0"/>
  <Objekte ObjID="4125" ObjAufnahme="1997-03-18" ObjLetztKontakt="1997-05-13" ObjStrasseID="8571" ObjHausnummer="Weißenburgstraße 9" ObjVorlage="2013-09-11 00:00:00.0" ObKeinKontakt="4" ObjArtID="167" Merkmal="0.0"/>
  <Objekte ObjID="4127" ObjAufnahme="1997-03-18" ObjLetztKontakt="1997-05-13" ObjStrasseID="6081" ObjHausnummer="Bronsartstraße 11" ObjVorlage="2013-09-11 00:00:00.0" ObKeinKontakt="4" ObjArtID="1" Merkmal="0.0"/>
  <Objekte ObjID="4128" ObjAufnahme="1997-03-18" ObjLetztKontakt="1997-05-13" ObjStrasseID="6081" ObjHausnummer="Bronsartstraße 9" ObjVorlage="2013-09-11 00:00:00.0" ObKeinKontakt="4" ObjArtID="1" Merkmal="0.0"/>
  <Objekte ObjID="4129" ObjAufnahme="1997-03-18" ObjLetztKontakt="1997-05-13" ObjStrasseID="6081" ObjHausnummer="Bronsartstraße 7" ObjVorlage="2013-09-11 00:00:00.0" ObKeinKontakt="4" ObjArtID="1" Merkmal="0.0"/>
  <Objekte ObjID="4130" ObjAufnahme="1997-03-18" ObjLetztKontakt="1997-05-13" ObjStrasseID="6081" ObjHausnummer="Bronsartstraße 5" ObjVorlage="2013-09-11 00:00:00.0" ObKeinKontakt="4" ObjArtID="1" Merkmal="0.0"/>
  <Objekte ObjID="4131" ObjAufnahme="1997-03-18" ObjLetztKontakt="1997-05-13" ObjStrasseID="6081" ObjHausnummer="Bronsartstraße 1" ObjVorlage="2013-09-11 00:00:00.0" ObKeinKontakt="4" ObjArtID="1" Merkmal="0.0"/>
  <Objekte ObjID="4136" ObjAufnahme="1997-03-18" ObjLetztKontakt="1997-05-13" ObjStrasseID="7488" ObjHausnummer="Marthastraße 1" ObjVorlage="2013-09-11 00:00:00.0" ObKeinKontakt="4" ObjArtID="1" Merkmal="0.0" ObjInfo="E.Eggerling Hildesheimer Straße 331 mieter : a b c Maler GmbH&#09;Marthastr. 1&#09;30519 Hannover&#09;0511-869499&#xD;&#xA;Friedrichsmeier A.&#09;Marthastr. 1&#09;30519 Hannover&#09;0511-8793810&#xD;&#xA;Kowalewski Peter&#09;Marthastr. 1&#09;30519 Hannover&#09;0511-871563&#xD;&#xA;Krause A.&#09;Marthastr. 1&#09;30519 Hanno&#xD;&#xA;4137"/>
  <Objekte ObjID="4140" ObjAufnahme="1997-03-18" ObjLetztKontakt="1997-05-13" ObjStrasseID="7488" ObjHausnummer="Marthastraße 5" ObjVorlage="2013-09-11 00:00:00.0" ObKeinKontakt="4" ObjArtID="1" Merkmal="0.0" ObjInfo="Elisabeth König Mieter : Bieger Claus&#09;Marthastr. 5&#09;30519 Hannover&#09;0511-873412&#xD;&#xA;Heumann Fritz&#09;Marthastr. 5&#09;30519 Hannover&#09;0511-865630&#xD;&#xA;&#xD;&#xA;Krohne Renate&#09;Marthastr. 5&#09;30519 Hannover&#09;0511-872724&#xD;&#xA;Lindermayr Karl&#09;Marthastr. 5&#09;30519 Hannover&#09;0511-867860&#xD;&#xA;Niemann &#xD;&#xA;4141"/>
  <Objekte ObjID="4146" ObjAufnahme="1997-03-18" ObjLetztKontakt="1997-05-13" ObjStrasseID="7488" ObjHausnummer="Marthastraße 11" ObjVorlage="2013-09-11 00:00:00.0" ObKeinKontakt="4" ObjArtID="1" Merkmal="0.0" ObjInfo="K.F.Munke, Hildesheimer Straße 18 Mieter : Ceylanoglu Mustafa Dipl.-BauIng. Dolmetscher&#09;Marthastr. 11&#09;30519 Hannover&#09;0511-867628&#xD;&#xA;Herburg Ute&#09;Marthastr. 11&#09;30519 Hannover&#09;0511-8699890&#xD;&#xA;Hinzmann Hildegard&#09;Marthastr. 11&#09;30519 Hannover&#09;0511-872991&#xD;&#xA;Koch Klaus&#xD;&#xA;4147"/>
  <Objekte ObjID="4150" ObjAufnahme="1997-03-18" ObjLetztKontakt="1997-05-13" ObjStrasseID="7488" ObjHausnummer="Marthastraße 15" ObjVorlage="2013-09-11 00:00:00.0" ObKeinKontakt="4" ObjArtID="1" Merkmal="0.0" ObjInfo=" Irene Munke Hildesheimer Straße 18 Mieter : Ahl Gottfried&#09;Marthastr. 15&#09;30519 Hannover&#09;0511-862536&#xD;&#xA;Ahl Rudolf&#09;Marthastr. 15&#09;30519 Hannover&#09;0511-864349&#xD;&#xA;Degirmencioglu Aziz&#09;Marthastr. 15&#09;30519 Hannover&#09;0511-871996&#xD;&#xA;Georgiadis Elias&#09;Marthastr. 15&#09;30519 Han&#xD;&#xA;4151"/>
  <Objekte ObjID="4156" ObjAufnahme="1997-03-18" ObjLetztKontakt="1997-05-13" ObjStrasseID="8305" ObjHausnummer="Stolzestraße 2" ObjVorlage="2013-09-11 00:00:00.0" ObKeinKontakt="4" ObjArtID="1" Merkmal="0.0"/>
  <Objekte ObjID="4157" ObjAufnahme="1997-03-18" ObjLetztKontakt="1997-05-13" ObjStrasseID="8305" ObjHausnummer="Stolzestraße 4" ObjVorlage="2013-09-11 00:00:00.0" ObKeinKontakt="4" ObjArtID="1" Merkmal="0.0"/>
  <Objekte ObjID="4158" ObjAufnahme="1997-03-18" ObjLetztKontakt="1997-05-13" ObjStrasseID="8305" ObjHausnummer="Stolzestraße 6" ObjVorlage="2013-09-11 00:00:00.0" ObKeinKontakt="4" ObjArtID="1" Merkmal="0.0"/>
  <Objekte ObjID="4159" ObjAufnahme="1997-03-18" ObjLetztKontakt="1997-05-13" ObjStrasseID="8305" ObjHausnummer="Stolzestraße 8" ObjVorlage="2013-09-11 00:00:00.0" ObKeinKontakt="4" ObjArtID="1" Merkmal="0.0"/>
  <Objekte ObjID="4160" ObjAufnahme="1997-03-18" ObjLetztKontakt="1997-05-13" ObjStrasseID="8305" ObjHausnummer="Stolzestraße 10" ObjVorlage="2013-09-11 00:00:00.0" ObKeinKontakt="4" ObjArtID="237" Merkmal="0.0"/>
  <Objekte ObjID="4161" ObjAufnahme="1997-03-18" ObjLetztKontakt="1997-05-13" ObjStrasseID="8305" ObjHausnummer="Stolzestraße 12" ObjVorlage="2013-09-11 00:00:00.0" ObKeinKontakt="4" ObjArtID="1" Merkmal="0.0"/>
  <Objekte ObjID="4162" ObjAufnahme="1997-03-18" ObjLetztKontakt="1997-05-13" ObjStrasseID="8305" ObjHausnummer="Stolzestraße 14" ObjVorlage="2013-09-11 00:00:00.0" ObKeinKontakt="4" ObjArtID="1" Merkmal="0.0"/>
  <Objekte ObjID="4163" ObjAufnahme="1997-03-18" ObjLetztKontakt="1997-05-13" ObjStrasseID="8305" ObjHausnummer="Stolzestraße 16" ObjVorlage="2013-09-11 00:00:00.0" ObKeinKontakt="4" ObjArtID="1" Merkmal="0.0"/>
  <Objekte ObjID="4164" ObjAufnahme="1997-03-18" ObjLetztKontakt="1997-05-13" ObjStrasseID="8305" ObjHausnummer="Stolzestraße 18" ObjVorlage="2013-09-11 00:00:00.0" ObKeinKontakt="9" ObjArtID="105" Merkmal="0.0" ObjInfo="329101S-W-Blk."/>
  <Objekte ObjID="4165" ObjAufnahme="1997-03-18" ObjLetztKontakt="1997-05-13" ObjStrasseID="8305" ObjHausnummer="Stolzestraße 20" ObjVorlage="2013-09-11 00:00:00.0" ObKeinKontakt="4" ObjArtID="1" Merkmal="0.0"/>
  <Objekte ObjID="4166" ObjAufnahme="1997-03-18" ObjLetztKontakt="1997-05-13" ObjStrasseID="8305" ObjHausnummer="Stolzestraße 22" ObjVorlage="2013-09-11 00:00:00.0" ObKeinKontakt="4" ObjArtID="1" Merkmal="0.0"/>
  <Objekte ObjID="4167" ObjAufnahme="1997-03-18" ObjLetztKontakt="1997-05-13" ObjStrasseID="8305" ObjHausnummer="Stolzestraße 24" ObjVorlage="2013-09-11 00:00:00.0" ObKeinKontakt="4" ObjArtID="1" Merkmal="0.0"/>
  <Objekte ObjID="4168" ObjAufnahme="1997-03-18" ObjLetztKontakt="1997-05-13" ObjStrasseID="8305" ObjHausnummer="Stolzestraße 26" ObjVorlage="2013-09-11 00:00:00.0" ObKeinKontakt="4" ObjArtID="1" Merkmal="0.0"/>
  <Objekte ObjID="4169" ObjAufnahme="1997-03-18" ObjLetztKontakt="1997-05-13" ObjStrasseID="8305" ObjHausnummer="Stolzestraße 28" ObjVorlage="2013-09-11 00:00:00.0" ObKeinKontakt="4" ObjArtID="1" Merkmal="0.0"/>
  <Objekte ObjID="4170" ObjAufnahme="1997-03-18" ObjLetztKontakt="2013-04-10" ObjStrasseID="8305" ObjHausnummer="Stolzestraße 30" ObjVorlage="2013-09-11 00:00:00.0" ObKeinKontakt="2" ObjArtID="177" Merkmal="0.0"/>
  <Objekte ObjID="4171" ObjAufnahme="1997-03-18" ObjLetztKontakt="1997-05-13" ObjStrasseID="8305" ObjHausnummer="Stolzestraße 32" ObjVorlage="2013-09-11 00:00:00.0" ObKeinKontakt="4" ObjArtID="1" Merkmal="0.0"/>
  <Objekte ObjID="4172" ObjAufnahme="1997-03-18" ObjLetztKontakt="1997-05-13" ObjStrasseID="8305" ObjHausnummer="Stolzestraße 34" ObjVorlage="2013-09-11 00:00:00.0" ObKeinKontakt="4" ObjArtID="1" Merkmal="0.0"/>
  <Objekte ObjID="4173" ObjAufnahme="1997-03-18" ObjLetztKontakt="1997-05-13" ObjStrasseID="8305" ObjHausnummer="Stolzestraße 57" ObjVorlage="2013-09-11 00:00:00.0" ObKeinKontakt="4" ObjArtID="1" Merkmal="0.0"/>
  <Objekte ObjID="4174" ObjAufnahme="1997-03-18" ObjLetztKontakt="1997-05-13" ObjStrasseID="8305" ObjHausnummer="Stolzestraße 55" ObjVorlage="2013-09-11 00:00:00.0" ObKeinKontakt="4" ObjArtID="1" Merkmal="0.0"/>
  <Objekte ObjID="4175" ObjAufnahme="1997-03-18" ObjLetztKontakt="1997-05-13" ObjStrasseID="8305" ObjHausnummer="Stolzestraße 53" ObjVorlage="2013-09-11 00:00:00.0" ObKeinKontakt="4" ObjArtID="1" Merkmal="0.0"/>
  <Objekte ObjID="4176" ObjAufnahme="1997-03-18" ObjLetztKontakt="1997-05-13" ObjStrasseID="8305" ObjHausnummer="Stolzestraße 51" ObjVorlage="2013-09-11 00:00:00.0" ObKeinKontakt="4" ObjArtID="1" Merkmal="0.0"/>
  <Objekte ObjID="4177" ObjAufnahme="1997-03-18" ObjLetztKontakt="1997-05-13" ObjStrasseID="8305" ObjHausnummer="Stolzestraße 49" ObjVorlage="2013-09-11 00:00:00.0" ObKeinKontakt="4" ObjArtID="1" Merkmal="0.0"/>
  <Objekte ObjID="4178" ObjAufnahme="1997-03-18" ObjLetztKontakt="1997-05-13" ObjStrasseID="8305" ObjHausnummer="Stolzestraße 47" ObjVorlage="2013-09-11 00:00:00.0" ObKeinKontakt="4" ObjArtID="1" Merkmal="0.0"/>
  <Objekte ObjID="4179" ObjAufnahme="1997-03-18" ObjLetztKontakt="2004-03-05" ObjStrasseID="8305" ObjHausnummer="Stolzestraße 45" ObjVorlage="2013-09-11 00:00:00.0" ObKeinKontakt="4" ObjArtID="1" Merkmal="0.0"/>
  <Objekte ObjID="4180" ObjAufnahme="1997-03-18" ObjLetztKontakt="1997-05-13" ObjStrasseID="8305" ObjHausnummer="Stolzestraße 43" ObjVorlage="2013-09-11 00:00:00.0" ObKeinKontakt="4" ObjArtID="1" Merkmal="0.0"/>
  <Objekte ObjID="4181" ObjAufnahme="1997-03-18" ObjLetztKontakt="1997-05-13" ObjStrasseID="8305" ObjHausnummer="Stolzestraße 41" ObjVorlage="2013-09-11 00:00:00.0" ObKeinKontakt="4" ObjArtID="1" Merkmal="0.0"/>
  <Objekte ObjID="4182" ObjAufnahme="1997-03-18" ObjLetztKontakt="1997-05-13" ObjStrasseID="8305" ObjHausnummer="Stolzestraße 39" ObjVorlage="2013-09-11 00:00:00.0" ObKeinKontakt="4" ObjArtID="1" Merkmal="0.0"/>
  <Objekte ObjID="4183" ObjAufnahme="1997-03-18" ObjLetztKontakt="1997-05-13" ObjStrasseID="8305" ObjHausnummer="Stolzestraße 37" ObjVorlage="2013-09-11 00:00:00.0" ObKeinKontakt="4" ObjArtID="119" Merkmal="0.0" ObjInfo="498150\Terr. N/W/Mais."/>
  <Objekte ObjID="4184" ObjAufnahme="1997-03-18" ObjLetztKontakt="1997-05-13" ObjStrasseID="8305" ObjHausnummer="Stolzestraße 35" ObjVorlage="2013-09-11 00:00:00.0" ObKeinKontakt="4" ObjArtID="1" Merkmal="0.0"/>
  <Objekte ObjID="4185" ObjAufnahme="1997-03-18" ObjLetztKontakt="1997-05-13" ObjStrasseID="8305" ObjHausnummer="Stolzestraße 33" ObjVorlage="2013-09-11 00:00:00.0" ObKeinKontakt="4" ObjArtID="1" Merkmal="0.0"/>
  <Objekte ObjID="4186" ObjAufnahme="1997-03-18" ObjLetztKontakt="1997-05-13" ObjStrasseID="8305" ObjHausnummer="Stolzestraße 31" ObjVorlage="2013-09-11 00:00:00.0" ObKeinKontakt="4" ObjArtID="1" Merkmal="0.0"/>
  <Objekte ObjID="4187" ObjAufnahme="1997-03-18" ObjLetztKontakt="1997-05-13" ObjStrasseID="8305" ObjHausnummer="Stolzestraße 29" ObjVorlage="2013-09-11 00:00:00.0" ObKeinKontakt="4" ObjArtID="1" Merkmal="0.0"/>
  <Objekte ObjID="4188" ObjAufnahme="1997-03-18" ObjLetztKontakt="1997-05-13" ObjStrasseID="8305" ObjHausnummer="Stolzestraße 27" ObjVorlage="2013-09-11 00:00:00.0" ObKeinKontakt="4" ObjArtID="119" Merkmal="0.0"/>
  <Objekte ObjID="4189" ObjAufnahme="1997-03-18" ObjLetztKontakt="1997-05-13" ObjStrasseID="8305" ObjHausnummer="Stolzestraße 25" ObjVorlage="2013-09-11 00:00:00.0" ObKeinKontakt="4" ObjArtID="1" Merkmal="0.0"/>
  <Objekte ObjID="4190" ObjAufnahme="1997-03-18" ObjLetztKontakt="1997-05-13" ObjStrasseID="8305" ObjHausnummer="Stolzestraße 23" ObjVorlage="2013-09-11 00:00:00.0" ObKeinKontakt="4" ObjArtID="1" Merkmal="0.0"/>
  <Objekte ObjID="4191" ObjAufnahme="1997-03-18" ObjLetztKontakt="1997-05-13" ObjStrasseID="8305" ObjHausnummer="Stolzestraße 21" ObjVorlage="2013-09-11 00:00:00.0" ObKeinKontakt="4" ObjArtID="1" Merkmal="0.0"/>
  <Objekte ObjID="4192" ObjAufnahme="1997-03-18" ObjLetztKontakt="1997-05-13" ObjStrasseID="8305" ObjHausnummer="Stolzestraße 19" ObjVorlage="2013-09-11 00:00:00.0" ObKeinKontakt="4" ObjArtID="1" Merkmal="0.0"/>
  <Objekte ObjID="4193" ObjAufnahme="1997-03-18" ObjLetztKontakt="1997-05-13" ObjStrasseID="8305" ObjHausnummer="Stolzestraße 17" ObjVorlage="2013-09-11 00:00:00.0" ObKeinKontakt="4" ObjArtID="1" Merkmal="0.0"/>
  <Objekte ObjID="4194" ObjAufnahme="1997-03-18" ObjLetztKontakt="1997-05-13" ObjStrasseID="8305" ObjHausnummer="Stolzestraße 15" ObjVorlage="2013-09-11 00:00:00.0" ObKeinKontakt="4" ObjArtID="201" Merkmal="0.0"/>
  <Objekte ObjID="4195" ObjAufnahme="1997-03-18" ObjLetztKontakt="1997-05-13" ObjStrasseID="8305" ObjHausnummer="Stolzestraße 13" ObjVorlage="2013-09-11 00:00:00.0" ObKeinKontakt="4" ObjArtID="1" Merkmal="0.0"/>
  <Objekte ObjID="4196" ObjAufnahme="1997-03-18" ObjLetztKontakt="1997-05-13" ObjStrasseID="8305" ObjHausnummer="Stolzestraße 11" ObjVorlage="2013-09-11 00:00:00.0" ObKeinKontakt="4" ObjArtID="1" Merkmal="0.0"/>
  <Objekte ObjID="4197" ObjAufnahme="1997-03-18" ObjLetztKontakt="1997-05-13" ObjStrasseID="8305" ObjHausnummer="Stolzestraße 9" ObjVorlage="2013-09-11 00:00:00.0" ObKeinKontakt="4" ObjArtID="1" Merkmal="0.0"/>
  <Objekte ObjID="4198" ObjAufnahme="1997-03-18" ObjLetztKontakt="1997-05-13" ObjStrasseID="8305" ObjHausnummer="Stolzestraße 7" ObjVorlage="2013-09-11 00:00:00.0" ObKeinKontakt="4" ObjArtID="1" Merkmal="0.0"/>
  <Objekte ObjID="4199" ObjAufnahme="1997-03-18" ObjLetztKontakt="1997-05-13" ObjStrasseID="8305" ObjHausnummer="Stolzestraße 5" ObjVorlage="2013-09-11 00:00:00.0" ObKeinKontakt="4" ObjArtID="1" Merkmal="0.0"/>
  <Objekte ObjID="4200" ObjAufnahme="1997-03-18" ObjLetztKontakt="1997-05-13" ObjStrasseID="8305" ObjHausnummer="Stolzestraße 3" ObjVorlage="2013-09-11 00:00:00.0" ObKeinKontakt="4" ObjArtID="1" Merkmal="0.0"/>
  <Objekte ObjID="4201" ObjAufnahme="1997-03-18" ObjLetztKontakt="1997-05-13" ObjStrasseID="8305" ObjHausnummer="Stolzestraße 1" ObjVorlage="2013-09-11 00:00:00.0" ObKeinKontakt="4" ObjArtID="1" Merkmal="0.0"/>
  <Objekte ObjID="4202" ObjAufnahme="1997-03-18" ObjLetztKontakt="1997-05-13" ObjStrasseID="8305" ObjHausnummer="Stolzestraße 36" ObjVorlage="2013-09-11 00:00:00.0" ObKeinKontakt="4" ObjArtID="169" Merkmal="0.0"/>
  <Objekte ObjID="4203" ObjAufnahme="1997-03-18" ObjLetztKontakt="1997-05-13" ObjStrasseID="8305" ObjHausnummer="Stolzestraße 38" ObjVorlage="2013-09-11 00:00:00.0" ObKeinKontakt="4" ObjArtID="1" Merkmal="0.0"/>
  <Objekte ObjID="4204" ObjAufnahme="1997-03-18" ObjLetztKontakt="1997-05-13" ObjStrasseID="8305" ObjHausnummer="Stolzestraße 40" ObjVorlage="2013-09-11 00:00:00.0" ObKeinKontakt="4" ObjArtID="1" Merkmal="0.0"/>
  <Objekte ObjID="4205" ObjAufnahme="1997-03-18" ObjLetztKontakt="1997-05-13" ObjStrasseID="8305" ObjHausnummer="Stolzestraße 42" ObjVorlage="2013-09-11 00:00:00.0" ObKeinKontakt="4" ObjArtID="1" Merkmal="0.0"/>
  <Objekte ObjID="4206" ObjAufnahme="1997-03-18" ObjLetztKontakt="1997-05-13" ObjStrasseID="8305" ObjHausnummer="Stolzestraße 44" ObjVorlage="2013-09-11 00:00:00.0" ObKeinKontakt="4" ObjArtID="1" Merkmal="0.0"/>
  <Objekte ObjID="4207" ObjAufnahme="1997-03-18" ObjLetztKontakt="1997-05-13" ObjStrasseID="8305" ObjHausnummer="Stolzestraße 46" ObjVorlage="2013-09-11 00:00:00.0" ObKeinKontakt="4" ObjArtID="1" Merkmal="0.0"/>
  <Objekte ObjID="4208" ObjAufnahme="1997-03-18" ObjLetztKontakt="1997-05-13" ObjStrasseID="8305" ObjHausnummer="Stolzestraße 48" ObjVorlage="2013-09-11 00:00:00.0" ObKeinKontakt="4" ObjArtID="1" Merkmal="0.0"/>
  <Objekte ObjID="4209" ObjAufnahme="1997-03-18" ObjLetztKontakt="1997-05-13" ObjStrasseID="8305" ObjHausnummer="Stolzestraße 50" ObjVorlage="2013-09-11 00:00:00.0" ObKeinKontakt="4" ObjArtID="1" Merkmal="0.0"/>
  <Objekte ObjID="4210" ObjAufnahme="1997-03-18" ObjLetztKontakt="1997-05-13" ObjStrasseID="8305" ObjHausnummer="Stolzestraße 52" ObjVorlage="2013-09-11 00:00:00.0" ObKeinKontakt="4" ObjArtID="167" Merkmal="0.0"/>
  <Objekte ObjID="4211" ObjAufnahme="1997-03-18" ObjLetztKontakt="1997-05-13" ObjStrasseID="8305" ObjHausnummer="Stolzestraße 54" ObjVorlage="2013-09-11 00:00:00.0" ObKeinKontakt="4" ObjArtID="1" Merkmal="0.0"/>
  <Objekte ObjID="4213" ObjAufnahme="1997-03-18" ObjLetztKontakt="1997-05-13" ObjStrasseID="7219" ObjHausnummer="Königsworther Platz 1" ObjVorlage="2013-09-11 00:00:00.0" ObKeinKontakt="4" ObjArtID="1" Merkmal="0.0" ObjInfo="Mieter : AIESEC internat. StudentenOrg.&#09;K”nigsworther Platz 1&#09;30167 Hannover&#09;0511-13616&#xD;&#xA;Hochschulinformationsb?ro des DGB&#09;K”nigsworther Platz 1&#09;30167 Hannover&#09;0511-662014"/>
  <Objekte ObjID="4214" ObjAufnahme="1997-03-18" ObjLetztKontakt="1997-05-13" ObjStrasseID="7219" ObjHausnummer="Königsworther Platz 2" ObjVorlage="2013-09-11 00:00:00.0" ObKeinKontakt="4" ObjArtID="1" Merkmal="0.0" ObjInfo="Wohnungsgenossenschaft Hannover-Herrenhausen u. Umgeburng eG.&#09;K”nigsworther Platz 2&#09;30167 Hannover&#09;0511-97196-0"/>
  <Objekte ObjID="4215" ObjAufnahme="1997-03-18" ObjLetztKontakt="1997-05-13" ObjStrasseID="7219" ObjHausnummer="Königsworther Platz 2A" ObjVorlage="2013-09-11 00:00:00.0" ObKeinKontakt="4" ObjArtID="1" Merkmal="0.0" ObjInfo="Schneider M.&#09;K”nigsworther Platz 2A&#09;30167 Hannover&#09;0511-702878"/>
  <Objekte ObjID="4216" ObjAufnahme="1997-03-18" ObjLetztKontakt="1997-05-13" ObjStrasseID="7219" ObjHausnummer="Königsworther Platz 6" ObjVorlage="2013-09-11 00:00:00.0" ObKeinKontakt="4" ObjArtID="1" Merkmal="0.0" ObjInfo="Deutscher Gewerkschaftsbund LandesBz.&#09;Dreyerstr. 6&#09;30169 Hannover&#09;0511-12601-0&#xD;&#xA;&#09;K”nigsworther Platz 6&#09;30167 Hannover&#09;ISDN 0511-1610066&#xD;&#xA;Deutscher Gewerkschaftsbund Industriegewerkschaft Chemie Papier Keramik Hauptvorstand&#09;K”nigsworther Platz 6&#09;30167 Hanno&#xD;&#xA;4217"/>
  <Objekte ObjID="4218" ObjAufnahme="1997-03-18" ObjLetztKontakt="1997-05-13" ObjStrasseID="6480" ObjHausnummer="Friedrich-Heeren-Straße 2" ObjVorlage="2013-09-11 00:00:00.0" ObKeinKontakt="4" ObjArtID="1" Merkmal="0.0" ObjInfo="[ Fa. Vow, Lange Laube 30, 30159 Hannover, 0511/ 164- 980 ]"/>
  <Objekte ObjID="4219" ObjAufnahme="1997-03-18" ObjLetztKontakt="1997-05-13" ObjStrasseID="8315" ObjHausnummer="Stromeyerstraße 4" ObjVorlage="2013-09-11 00:00:00.0" ObKeinKontakt="4" ObjArtID="1" Merkmal="0.0" ObjInfo="Christine bartels Goebenstr. 16 661508"/>
  <Objekte ObjID="4220" ObjAufnahme="1997-03-18" ObjLetztKontakt="1997-05-13" ObjStrasseID="8315" ObjHausnummer="Stromeyerstraße 5" ObjVorlage="2013-09-11 00:00:00.0" ObKeinKontakt="4" ObjArtID="177" Merkmal="0.0" ObjInfo="M.L.Stolberg Schulenburger Landstr. 276 Tel 743750"/>
  <Objekte ObjID="4221" ObjAufnahme="1997-03-18" ObjLetztKontakt="1997-05-13" ObjStrasseID="8315" ObjHausnummer="Stromeyerstraße 6" ObjVorlage="2013-09-11 00:00:00.0" ObKeinKontakt="4" ObjArtID="1" Merkmal="0.0"/>
  <Objekte ObjID="4222" ObjAufnahme="1997-03-18" ObjLetztKontakt="1997-05-13" ObjStrasseID="8315" ObjHausnummer="Stromeyerstraße 1" ObjVorlage="2013-09-11 00:00:00.0" ObKeinKontakt="4" ObjArtID="177" Merkmal="0.0" ObjInfo="Carin van Orth und Uwe Schneider handels AG 621755"/>
  <Objekte ObjID="4223" ObjAufnahme="1997-03-18" ObjLetztKontakt="1997-05-13" ObjStrasseID="8315" ObjHausnummer="Stromeyerstraße 2" ObjVorlage="2013-09-11 00:00:00.0" ObKeinKontakt="4" ObjArtID="1" Merkmal="0.0"/>
  <Objekte ObjID="4224" ObjAufnahme="1997-03-18" ObjLetztKontakt="1997-05-13" ObjStrasseID="8315" ObjHausnummer="Stromeyerstraße 3" ObjVorlage="2013-09-11 00:00:00.0" ObKeinKontakt="4" ObjArtID="177" Merkmal="0.0"/>
  <Objekte ObjID="4225" ObjAufnahme="1997-03-24" ObjLetztKontakt="1997-03-24" ObjStrasseID="6510" ObjHausnummer="Gabelsbergerstraße 7" ObjVorlage="2013-09-11 00:00:00.0" ObKeinKontakt="1" ObjArtID="1" Merkmal="0.0" ObjInfo="Herr Hildebrand Postfach 1145 31501 Wunstorf Hildebrandt, Postfach, 11 45, 31501 Wunstorf"/>
  <Objekte ObjID="4226" ObjAufnahme="1997-03-24" ObjLetztKontakt="1997-03-24" ObjStrasseID="6510" ObjHausnummer="Gabelsbergerstraße 7A" ObjVorlage="2013-09-11 00:00:00.0" ObKeinKontakt="1" ObjArtID="1" Merkmal="0.0"/>
  <Objekte ObjID="4228" ObjAufnahme="1997-03-18" ObjLetztKontakt="1997-05-13" ObjStrasseID="7039" ObjHausnummer="Isernhagener Straße 4" ObjVorlage="2013-09-11 00:00:00.0" ObKeinKontakt="1" ObjArtID="1" Merkmal="0.0" ObjInfo="Herr Sander macht Verwaltung"/>
  <Objekte ObjID="4229" ObjAufnahme="1997-03-18" ObjLetztKontakt="1997-05-13" ObjStrasseID="7039" ObjHausnummer="Isernhagener Straße 6" ObjVorlage="2013-09-11 00:00:00.0" ObKeinKontakt="1" ObjArtID="177" Merkmal="0.0" ObjInfo="früher R.Pielsticker es gibt : bereits bei Pielsticker Hannover angerufen nichts bekannt"/>
  <Objekte ObjID="4230" ObjAufnahme="1997-03-18" ObjLetztKontakt="1997-08-25" ObjStrasseID="7039" ObjHausnummer="Isernhagener Straße 8" ObjVorlage="2013-09-11 00:00:00.0" ObKeinKontakt="2" ObjArtID="1" Merkmal="0.0"/>
  <Objekte ObjID="4231" ObjAufnahme="1997-03-18" ObjLetztKontakt="1997-05-13" ObjStrasseID="7039" ObjHausnummer="Isernhagener Straße 10" ObjVorlage="2013-09-11 00:00:00.0" ObKeinKontakt="1" ObjArtID="177" Merkmal="0.0"/>
  <Objekte ObjID="4232" ObjAufnahme="1997-03-18" ObjLetztKontakt="1997-05-13" ObjStrasseID="7039" ObjHausnummer="Isernhagener Straße 12" ObjVorlage="2013-09-11 00:00:00.0" ObKeinKontakt="2" ObjArtID="1" Merkmal="0.0" ObjInfo="Eigentümerschaft stimmt nicht"/>
  <Objekte ObjID="4233" ObjAufnahme="1997-03-18" ObjLetztKontakt="1997-05-13" ObjStrasseID="7039" ObjHausnummer="Isernhagener Straße 14" ObjVorlage="2013-09-11 00:00:00.0" ObKeinKontakt="2" ObjArtID="1" Merkmal="0.0"/>
  <Objekte ObjID="4234" ObjAufnahme="1997-03-18" ObjLetztKontakt="1997-08-25" ObjStrasseID="7039" ObjHausnummer="Isernhagener Straße 9" ObjVorlage="2013-09-11 00:00:00.0" ObKeinKontakt="2" ObjArtID="1" Merkmal="0.0"/>
  <Objekte ObjID="4235" ObjAufnahme="1997-03-18" ObjLetztKontakt="1997-05-13" ObjStrasseID="7039" ObjHausnummer="Isernhagener Straße 7" ObjVorlage="2013-09-11 00:00:00.0" ObKeinKontakt="1" ObjArtID="167" Merkmal="0.0"/>
  <Objekte ObjID="4236" ObjAufnahme="1997-03-18" ObjLetztKontakt="1997-05-13" ObjStrasseID="7039" ObjHausnummer="Isernhagener Straße 5" ObjVorlage="2013-09-11 00:00:00.0" ObKeinKontakt="1" ObjArtID="177" Merkmal="0.0"/>
  <Objekte ObjID="4237" ObjAufnahme="1997-03-18" ObjLetztKontakt="1997-05-13" ObjStrasseID="7039" ObjHausnummer="Isernhagener Straße 3" ObjVorlage="2013-09-11 00:00:00.0" ObKeinKontakt="1" ObjArtID="177" Merkmal="0.0"/>
  <Objekte ObjID="4238" ObjAufnahme="1997-03-18" ObjLetztKontakt="1997-05-13" ObjStrasseID="7039" ObjHausnummer="Isernhagener Straße 1" ObjVorlage="2013-09-11 00:00:00.0" ObKeinKontakt="1" ObjArtID="1" Merkmal="0.0" ObjInfo="Verwalter: H.D. Friese 331177 Mieter oder Eigentümer : Buchholz M.&#09;Isernhagener Str. 1&#09;30161 Hannover&#09;0511-331564"/>
  <Objekte ObjID="4239" ObjAufnahme="1997-03-18" ObjLetztKontakt="1997-05-13" ObjStrasseID="7246" ObjHausnummer="Kranckestraße 6" ObjVorlage="2013-09-11 00:00:00.0" ObKeinKontakt="4" ObjArtID="177" Merkmal="0.0" ObjInfo="siehe 2"/>
  <Objekte ObjID="4240" ObjAufnahme="1997-03-18" ObjLetztKontakt="1997-05-13" ObjStrasseID="7246" ObjHausnummer="Kranckestraße 4" ObjVorlage="2013-09-11 00:00:00.0" ObKeinKontakt="4" ObjArtID="177" Merkmal="0.0" ObjInfo="wie Nr 2"/>
  <Objekte ObjID="4241" ObjAufnahme="1997-03-18" ObjLetztKontakt="1997-05-13" ObjStrasseID="7246" ObjHausnummer="Kranckestraße 2" ObjVorlage="2013-09-11 00:00:00.0" ObKeinKontakt="4" ObjArtID="177" Merkmal="0.0" ObjInfo="Krabbes Von Graevemeyer Weg 5 30539 Hannover 526591"/>
  <Objekte ObjID="4242" ObjAufnahme="1997-03-18" ObjLetztKontakt="1997-05-13" ObjStrasseID="7246" ObjHausnummer="Kranckestraße 1" ObjVorlage="2013-09-11 00:00:00.0" ObKeinKontakt="4" ObjArtID="177" Merkmal="0.0" ObjInfo="Frau wenzling Löhne  Verwaltung Firma VOW"/>
  <Objekte ObjID="4243" ObjAufnahme="1997-03-18" ObjLetztKontakt="1997-05-13" ObjStrasseID="7246" ObjHausnummer="Kranckestraße 3" ObjVorlage="2013-09-11 00:00:00.0" ObKeinKontakt="4" ObjArtID="177" Merkmal="0.0" ObjInfo="siehe 1"/>
  <Objekte ObjID="4244" ObjAufnahme="1997-03-18" ObjLetztKontakt="1997-05-13" ObjStrasseID="7246" ObjHausnummer="Kranckestraße 5" ObjVorlage="2013-09-11 00:00:00.0" ObKeinKontakt="4" ObjArtID="177" Merkmal="0.0" ObjInfo="Frau Burmeister Aveiro Portugal verwaltung VOW"/>
  <Objekte ObjID="4245" ObjAufnahme="1997-04-29" ObjLetztKontakt="1997-04-29" ObjStrasseID="8110" ObjHausnummer="Schubertstraße 4B" ObjVorlage="2013-09-11 00:00:00.0" ObKeinKontakt="1" ObjArtID="1" Merkmal="0.0"/>
  <Objekte ObjID="4246" ObjAufnahme="1997-04-29" ObjLetztKontakt="1997-04-29" ObjStrasseID="8110" ObjHausnummer="Schubertstraße 5" ObjVorlage="2013-09-11 00:00:00.0" ObKeinKontakt="1" ObjArtID="1" Merkmal="0.0" ObjInfo="Herr Henrici Edenstraße 53 evenuell aufgeteilt Verwalkter Herr Halm Devrienstr. 11 800349"/>
  <Objekte ObjID="4247" ObjAufnahme="1997-04-29" ObjLetztKontakt="1997-04-29" ObjStrasseID="8110" ObjHausnummer="Schubertstraße 6" ObjVorlage="2013-09-11 00:00:00.0" ObKeinKontakt="1" ObjArtID="56" Merkmal="0.0" ObjInfo="Heidorn bauunternehmen Nienburg 05024 8034 Elzner 8037, Mohrmunk 1019"/>
  <Objekte ObjID="4248" ObjAufnahme="1997-04-29" ObjLetztKontakt="1997-04-29" ObjStrasseID="8110" ObjHausnummer="Schubertstraße 7" ObjVorlage="2013-09-11 00:00:00.0" ObKeinKontakt="1" ObjArtID="1" Merkmal="0.0"/>
  <Objekte ObjID="4249" ObjAufnahme="1997-04-29" ObjLetztKontakt="1997-04-29" ObjStrasseID="8110" ObjHausnummer="Schubertstraße 2" ObjVorlage="2013-09-11 00:00:00.0" ObKeinKontakt="1" ObjArtID="1" Merkmal="0.0" ObjInfo="Frau neubauer 313692"/>
  <Objekte ObjID="4250" ObjAufnahme="1997-04-29" ObjLetztKontakt="1997-04-29" ObjStrasseID="8110" ObjHausnummer="Schubertstraße 3" ObjVorlage="2013-09-11 00:00:00.0" ObKeinKontakt="1" ObjArtID="1" Merkmal="0.0" ObjInfo="Herr Wrede"/>
  <Objekte ObjID="4251" ObjAufnahme="1997-04-29" ObjLetztKontakt="1997-04-29" ObjStrasseID="8110" ObjHausnummer="Schubertstraße 4" ObjVorlage="2013-09-11 00:00:00.0" ObKeinKontakt="1" ObjArtID="1" Merkmal="0.0" ObjInfo="Frau Pöhlig  Warstr. 613343"/>
  <Objekte ObjID="4253" ObjAufnahme="1997-04-29" ObjLetztKontakt="1997-04-29" ObjStrasseID="6117" ObjHausnummer="Bürgerstraße 15" ObjVorlage="2013-09-11 00:00:00.0" ObKeinKontakt="1" ObjArtID="1" Merkmal="0.0" ObjInfo="Ricarda-huch-Schule"/>
  <Objekte ObjID="4254" ObjAufnahme="1997-04-29" ObjLetztKontakt="1997-04-29" ObjStrasseID="6117" ObjHausnummer="Bürgerstraße 1" ObjVorlage="2013-09-11 00:00:00.0" ObKeinKontakt="1" ObjArtID="1" Merkmal="0.0" ObjInfo="Artur Brandt 664444"/>
  <Objekte ObjID="4255" ObjAufnahme="1997-04-29" ObjLetztKontakt="1997-04-29" ObjStrasseID="6117" ObjHausnummer="Bürgerstraße 2" ObjVorlage="2013-09-11 00:00:00.0" ObKeinKontakt="1" ObjArtID="1" Merkmal="0.0" ObjInfo="Th. Albrecht Westerlandstraße 58 Essen-Bredeney Alwa Verwaltung Lehrte Krusendorf 05175-77017"/>
  <Objekte ObjID="4256" ObjAufnahme="1997-04-29" ObjLetztKontakt="1997-04-29" ObjStrasseID="6117" ObjHausnummer="Bürgerstraße 3" ObjVorlage="2013-09-11 00:00:00.0" ObKeinKontakt="1" ObjArtID="1" Merkmal="0.0" ObjInfo="Aldi"/>
  <Objekte ObjID="4257" ObjAufnahme="1997-04-29" ObjLetztKontakt="1997-04-29" ObjStrasseID="6117" ObjHausnummer="Bürgerstraße 4" ObjVorlage="2013-09-11 00:00:00.0" ObKeinKontakt="1" ObjArtID="1" Merkmal="0.0" ObjInfo="Hauschildsche Erbengemeinschaft"/>
  <Objekte ObjID="4258" ObjAufnahme="1997-04-29" ObjLetztKontakt="1997-04-29" ObjStrasseID="6117" ObjHausnummer="Bürgerstraße 14" ObjVorlage="2013-09-11 00:00:00.0" ObKeinKontakt="1" ObjArtID="1" Merkmal="0.0" ObjInfo="von Baar an Dr. med. Friedhelm macke verkauft 664118"/>
  <Objekte ObjID="4259" ObjAufnahme="1997-04-29" ObjLetztKontakt="1997-04-29" ObjStrasseID="6117" ObjHausnummer="Bürgerstraße 13" ObjVorlage="2013-09-11 00:00:00.0" ObKeinKontakt="1" ObjArtID="1" Merkmal="0.0" ObjInfo="Frau Baar 620185"/>
  <Objekte ObjID="4260" ObjAufnahme="1997-04-29" ObjLetztKontakt="1997-04-29" ObjStrasseID="6117" ObjHausnummer="Bürgerstraße 12" ObjVorlage="2013-09-11 00:00:00.0" ObKeinKontakt="1" ObjArtID="1" Merkmal="0.0" ObjInfo="Frau J.Grewe"/>
  <Objekte ObjID="4261" ObjAufnahme="1997-04-29" ObjLetztKontakt="1997-04-29" ObjStrasseID="6117" ObjHausnummer="Bürgerstraße 11" ObjVorlage="2013-09-11 00:00:00.0" ObKeinKontakt="1" ObjArtID="1" Merkmal="0.0" ObjInfo="siehe 10"/>
  <Objekte ObjID="4262" ObjAufnahme="1997-04-29" ObjLetztKontakt="1997-04-29" ObjStrasseID="6117" ObjHausnummer="Bürgerstraße 10" ObjVorlage="2013-09-11 00:00:00.0" ObKeinKontakt="1" ObjArtID="1" Merkmal="0.0" ObjInfo="Heimatwerk hannover e.V. Gellertstraße 49 Tel. 813026"/>
  <Objekte ObjID="4263" ObjAufnahme="1997-04-29" ObjLetztKontakt="1997-04-29" ObjStrasseID="6117" ObjHausnummer="Bürgerstraße 9" ObjVorlage="2013-09-11 00:00:00.0" ObKeinKontakt="1" ObjArtID="1" Merkmal="0.0" ObjInfo="Hartmuth Taube Edenstraße 22 667769"/>
  <Objekte ObjID="4264" ObjAufnahme="1997-04-29" ObjLetztKontakt="1997-04-29" ObjStrasseID="6117" ObjHausnummer="Bürgerstraße 8" ObjVorlage="2013-09-11 00:00:00.0" ObKeinKontakt="1" ObjArtID="1" Merkmal="0.0"/>
  <Objekte ObjID="4265" ObjAufnahme="1997-04-04" ObjLetztKontakt="1997-04-04" ObjStrasseID="7039" ObjHausnummer="Isernhagener Straße 16" ObjVorlage="2013-09-11 00:00:00.0" ObKeinKontakt="2" ObjArtID="1" Merkmal="0.0"/>
  <Objekte ObjID="4266" ObjAufnahme="1997-04-04" ObjLetztKontakt="1997-04-04" ObjStrasseID="7039" ObjHausnummer="Isernhagener Straße 29A" ObjVorlage="2013-09-11 00:00:00.0" ObKeinKontakt="2" ObjArtID="1" Merkmal="0.0"/>
  <Objekte ObjID="4267" ObjAufnahme="1997-03-24" ObjLetztKontakt="1997-03-24" ObjStrasseID="6510" ObjHausnummer="Gabelsbergerstraße 5" ObjVorlage="2013-09-11 00:00:00.0" ObKeinKontakt="1" ObjArtID="1" Merkmal="0.0" ObjInfo="Herr Mennerich 667183 gehört den Eltern Vater hat Schlaganfall gehabt Mennerich, Tel. 66 71 83"/>
  <Objekte ObjID="4268" ObjAufnahme="1997-03-24" ObjLetztKontakt="1997-03-24" ObjStrasseID="6510" ObjHausnummer="Gabelsbergerstraße 6A" ObjVorlage="2013-09-11 00:00:00.0" ObKeinKontakt="1" ObjArtID="1" Merkmal="0.0" ObjInfo="Einbecker Wohnungsbaugenossenschaft 05561 79070 in Einbeck Eldagsen oder  Wohnungsbaugenossenschaft, Tel. 05561/7907"/>
  <Objekte ObjID="4269" ObjAufnahme="1997-04-07" ObjLetztKontakt="1997-04-07" ObjStrasseID="6002" ObjHausnummer="Bödekerstraße 102" ObjVorlage="2013-09-11 00:00:00.0" ObKeinKontakt="1" ObjArtID="5" Merkmal="0.0" ObjInfo="Dresdener Bank"/>
  <Objekte ObjID="4270" ObjAufnahme="1997-03-18" ObjLetztKontakt="1997-05-13" ObjStrasseID="6544" ObjHausnummer="Gerberstraße 5" ObjVorlage="2013-09-11 00:00:00.0" ObKeinKontakt="2" ObjArtID="1" Merkmal="0.0"/>
  <Objekte ObjID="4271" ObjAufnahme="1997-03-18" ObjLetztKontakt="1998-11-18" ObjStrasseID="6023" ObjHausnummer="Bonifatiusplatz 10" ObjVorlage="2013-09-11 00:00:00.0" ObKeinKontakt="7" ObjArtID="177" Merkmal="0.0" ObjInfo="Verwaltung Simmchen hausverwaltung 326374 oder 4448267 oder 61868"/>
  <Objekte ObjID="4273" ObjAufnahme="1997-04-29" ObjLetztKontakt="1997-04-29" ObjStrasseID="6117" ObjHausnummer="Bürgerstraße 16" ObjVorlage="2013-09-11 00:00:00.0" ObKeinKontakt="1" ObjArtID="1" Merkmal="0.0" ObjInfo="Gertrud Winkler"/>
  <Objekte ObjID="4274" ObjAufnahme="1997-04-29" ObjLetztKontakt="1997-04-29" ObjStrasseID="6117" ObjHausnummer="Bürgerstraße 17" ObjVorlage="2013-09-11 00:00:00.0" ObKeinKontakt="1" ObjArtID="1" Merkmal="0.0"/>
  <Objekte ObjID="4275" ObjAufnahme="1997-04-29" ObjLetztKontakt="1997-04-29" ObjStrasseID="6117" ObjHausnummer="Bürgerstraße 18" ObjVorlage="2013-09-11 00:00:00.0" ObKeinKontakt="1" ObjArtID="1" Merkmal="0.0" ObjInfo="Klaus Stegen Bunder Deich 2 26831 Bunde 049538162 12 Wohnungen 150 qm 90 qm 40 qm"/>
  <Objekte ObjID="4276" ObjAufnahme="1997-03-18" ObjLetztKontakt="1997-05-13" ObjStrasseID="6293" ObjHausnummer="Edenstraße 34" ObjVorlage="2013-09-11 00:00:00.0" ObKeinKontakt="1" ObjArtID="1" Merkmal="0.0" ObjInfo="Hermann Hampe Wennigsen 05045-8072"/>
  <Objekte ObjID="4277" ObjAufnahme="1997-03-18" ObjLetztKontakt="1997-05-13" ObjStrasseID="6294" ObjHausnummer="Edenstraße 41" ObjVorlage="2013-09-11 00:00:00.0" ObKeinKontakt="1" ObjArtID="1" Merkmal="0.0" ObjInfo="Deutsche BauBeCon 84000"/>
  <Objekte ObjID="4278" ObjAufnahme="1997-04-07" ObjLetztKontakt="1997-04-07" ObjStrasseID="7210" ObjHausnummer="Kollenrodtstraße 12A" ObjVorlage="2013-09-11 00:00:00.0" ObKeinKontakt="1" ObjArtID="5" Merkmal="0.0" ObjInfo="Marie Beisner"/>
  <Objekte ObjID="4279" ObjAufnahme="1997-03-18" ObjLetztKontakt="1997-05-13" ObjStrasseID="7246" ObjHausnummer="Kranckestraße 8" ObjVorlage="2013-09-11 00:00:00.0" ObKeinKontakt="4" ObjArtID="1" Merkmal="0.0" ObjInfo="Gertrud Uhlendorff Schwalbenweg 3 30966 Hemmingen 05101-3286 Ist Verwalterien Eigentümerin steht unter Betreuung"/>
  <Objekte ObjID="4280" ObjAufnahme="1997-03-18" ObjLetztKontakt="1997-05-13" ObjStrasseID="7898" ObjHausnummer="Riethorst 6" ObjVorlage="2013-09-11 00:00:00.0" ObKeinKontakt="1" ObjArtID="1" Merkmal="0.0" ObjInfo="Herr H.Hein Wolfhager Straße 320 34128 Kassel"/>
  <Objekte ObjID="4281" ObjAufnahme="1997-03-18" ObjLetztKontakt="1997-05-13" ObjStrasseID="7261" ObjHausnummer="Kriegerstraße 40" ObjVorlage="2013-09-11 00:00:00.0" ObKeinKontakt="1" ObjArtID="1" Merkmal="0.0" ObjInfo="F.Wiese"/>
  <Objekte ObjID="4284" ObjAufnahme="1997-03-18" ObjLetztKontakt="1997-05-13" ObjStrasseID="7261" ObjHausnummer="Kriegerstraße 42" ObjVorlage="2013-09-11 00:00:00.0" ObKeinKontakt="1" ObjArtID="1" Merkmal="0.0" ObjInfo="Frau Mimi Suffrian, Kriegerstraße 3 663066"/>
  <Objekte ObjID="4285" ObjAufnahme="1997-04-07" ObjLetztKontakt="1997-04-07" ObjStrasseID="7407" ObjHausnummer="Lister Platz 2" ObjVorlage="2013-09-11 00:00:00.0" ObKeinKontakt="1" ObjArtID="5" Merkmal="0.0" ObjInfo="Horst Schreek Fröbelstraße 7 30926 seelze 403788"/>
  <Objekte ObjID="4286" ObjAufnahme="1997-04-07" ObjLetztKontakt="1997-04-07" ObjStrasseID="7561" ObjHausnummer="Moltkeplatz 6" ObjVorlage="2013-09-11 00:00:00.0" ObKeinKontakt="1" ObjArtID="177" Merkmal="0.0"/>
  <Objekte ObjID="4287" ObjAufnahme="1997-03-18" ObjLetztKontakt="1997-05-13" ObjStrasseID="7647" ObjHausnummer="Nollendorfstraße 1" ObjVorlage="2013-09-11 00:00:00.0" ObKeinKontakt="1" ObjArtID="1" Merkmal="0.0"/>
  <Objekte ObjID="4288" ObjAufnahme="1997-03-18" ObjLetztKontakt="1997-05-13" ObjStrasseID="7799" ObjHausnummer="Podbielskistraße 2" ObjVorlage="2013-09-11 00:00:00.0" ObKeinKontakt="1" ObjArtID="1" Merkmal="0.0" ObjInfo="Herr Gerdes 403788"/>
  <Objekte ObjID="4289" ObjAufnahme="1997-03-18" ObjLetztKontakt="1997-05-13" ObjStrasseID="7799" ObjHausnummer="Podbielskistraße 4" ObjVorlage="2013-09-11 00:00:00.0" ObKeinKontakt="1" ObjArtID="1" Merkmal="0.0" ObjInfo="Thomas Engelbrecht"/>
  <Objekte ObjID="4290" ObjAufnahme="1997-03-18" ObjLetztKontakt="1997-05-13" ObjStrasseID="7799" ObjHausnummer="Podbielskistraße 6" ObjVorlage="2013-09-11 00:00:00.0" ObKeinKontakt="1" ObjArtID="1" Merkmal="0.0" ObjInfo="Müller immobilien  Podbi 40 391373"/>
  <Objekte ObjID="4291" ObjAufnahme="1997-03-18" ObjLetztKontakt="1997-05-13" ObjStrasseID="7799" ObjHausnummer="Podbielskistraße 8" ObjVorlage="2013-09-11 00:00:00.0" ObKeinKontakt="1" ObjArtID="1" Merkmal="0.0" ObjInfo="Herr Öhler Bielefeld"/>
  <Objekte ObjID="4292" ObjAufnahme="1997-03-18" ObjLetztKontakt="1997-05-13" ObjStrasseID="7799" ObjHausnummer="Podbielskistraße 10" ObjVorlage="2013-09-11 00:00:00.0" ObKeinKontakt="1" ObjArtID="1" Merkmal="0.0" ObjInfo="Herr Heilroth hausverwalter Jaguttis"/>
  <Objekte ObjID="4293" ObjAufnahme="1997-03-18" ObjLetztKontakt="1997-05-13" ObjStrasseID="7799" ObjHausnummer="Podbielskistraße 10A" ObjVorlage="2013-09-11 00:00:00.0" ObKeinKontakt="1" ObjArtID="1" Merkmal="0.0" ObjInfo="Herr Philipps 662317"/>
  <Objekte ObjID="4294" ObjAufnahme="1997-03-18" ObjLetztKontakt="1997-05-13" ObjStrasseID="7972" ObjHausnummer="Rübezahlplatz 2" ObjVorlage="2013-09-11 00:00:00.0" ObKeinKontakt="1" ObjArtID="1" Merkmal="0.0" ObjInfo="8WE/1Kiosk/1954/55/650"/>
  <Objekte ObjID="4295" ObjAufnahme="1997-03-18" ObjLetztKontakt="1997-05-13" ObjStrasseID="7972" ObjHausnummer="Rübezahlplatz 4" ObjVorlage="2013-09-11 00:00:00.0" ObKeinKontakt="1" ObjArtID="177" Merkmal="0.0"/>
  <Objekte ObjID="4296" ObjAufnahme="1997-03-18" ObjLetztKontakt="1997-05-13" ObjStrasseID="7972" ObjHausnummer="Rübezahlplatz 6" ObjVorlage="2013-09-11 00:00:00.0" ObKeinKontakt="1" ObjArtID="177" Merkmal="0.0"/>
  <Objekte ObjID="4297" ObjAufnahme="1997-03-18" ObjLetztKontakt="1997-05-13" ObjStrasseID="7972" ObjHausnummer="Rübezahlplatz 8" ObjVorlage="2013-09-11 00:00:00.0" ObKeinKontakt="1" ObjArtID="177" Merkmal="0.0"/>
  <Objekte ObjID="4298" ObjAufnahme="1997-03-18" ObjLetztKontakt="1997-05-13" ObjStrasseID="7972" ObjHausnummer="Rübezahlplatz 10" ObjVorlage="2013-09-11 00:00:00.0" ObKeinKontakt="1" ObjArtID="177" Merkmal="0.0"/>
  <Objekte ObjID="4299" ObjAufnahme="1997-03-18" ObjLetztKontakt="1997-05-13" ObjStrasseID="7972" ObjHausnummer="Rübezahlplatz 12" ObjVorlage="2013-09-11 00:00:00.0" ObKeinKontakt="1" ObjArtID="177" Merkmal="0.0"/>
  <Objekte ObjID="4300" ObjAufnahme="1997-03-18" ObjLetztKontakt="1997-05-13" ObjStrasseID="7972" ObjHausnummer="Rübezahlplatz 14" ObjVorlage="2013-09-11 00:00:00.0" ObKeinKontakt="1" ObjArtID="177" Merkmal="0.0"/>
  <Objekte ObjID="4301" ObjAufnahme="1997-03-18" ObjLetztKontakt="1997-05-13" ObjStrasseID="7972" ObjHausnummer="Rübezahlplatz 16" ObjVorlage="2013-09-11 00:00:00.0" ObKeinKontakt="1" ObjArtID="177" Merkmal="0.0"/>
  <Objekte ObjID="4302" ObjAufnahme="1997-03-18" ObjLetztKontakt="1997-05-13" ObjStrasseID="7972" ObjHausnummer="Rübezahlplatz 18" ObjVorlage="2013-09-11 00:00:00.0" ObKeinKontakt="1" ObjArtID="177" Merkmal="0.0"/>
  <Objekte ObjID="4303" ObjAufnahme="1997-03-18" ObjLetztKontakt="1997-05-13" ObjStrasseID="7972" ObjHausnummer="Rübezahlplatz 15" ObjVorlage="2013-09-11 00:00:00.0" ObKeinKontakt="1" ObjArtID="177" Merkmal="0.0"/>
  <Objekte ObjID="4304" ObjAufnahme="1997-03-18" ObjLetztKontakt="1997-05-13" ObjStrasseID="7972" ObjHausnummer="Rübezahlplatz 13" ObjVorlage="2013-09-11 00:00:00.0" ObKeinKontakt="1" ObjArtID="177" Merkmal="0.0"/>
  <Objekte ObjID="4305" ObjAufnahme="1997-03-18" ObjLetztKontakt="1997-05-13" ObjStrasseID="7972" ObjHausnummer="Rübezahlplatz 11" ObjVorlage="2013-09-11 00:00:00.0" ObKeinKontakt="1" ObjArtID="177" Merkmal="0.0"/>
  <Objekte ObjID="4306" ObjAufnahme="1997-03-18" ObjLetztKontakt="1997-05-13" ObjStrasseID="7972" ObjHausnummer="Rübezahlplatz 7" ObjVorlage="2013-09-11 00:00:00.0" ObKeinKontakt="1" ObjArtID="177" Merkmal="0.0"/>
  <Objekte ObjID="4307" ObjAufnahme="1997-03-18" ObjLetztKontakt="1997-05-13" ObjStrasseID="7972" ObjHausnummer="Rübezahlplatz 5" ObjVorlage="2013-09-11 00:00:00.0" ObKeinKontakt="1" ObjArtID="177" Merkmal="0.0"/>
  <Objekte ObjID="4308" ObjAufnahme="1997-03-18" ObjLetztKontakt="1997-05-13" ObjStrasseID="7911" ObjHausnummer="Robertstraße 7" ObjVorlage="2013-09-11 00:00:00.0" ObKeinKontakt="1" ObjArtID="1" Merkmal="0.0" ObjInfo="siehe 5"/>
  <Objekte ObjID="4309" ObjAufnahme="1997-03-18" ObjLetztKontakt="1997-05-13" ObjStrasseID="8231" ObjHausnummer="Spichernstraße 22" ObjVorlage="2013-09-11 00:00:00.0" ObKeinKontakt="1" ObjArtID="1" Merkmal="0.0" ObjInfo="Willy fehling 3392-0 , 0161-251 44 50"/>
  <Objekte ObjID="4311" ObjAufnahme="1997-04-07" ObjLetztKontakt="1997-04-07" ObjStrasseID="8537" ObjHausnummer="Wedekindstraße 26" ObjVorlage="2013-09-11 00:00:00.0" ObKeinKontakt="1" ObjArtID="5" Merkmal="0.0" ObjInfo="Deutscher evangelischer Frauenbund e.V. Altenwohnanlage in der Bödekerstr. 59 ist Miteigentümer"/>
  <Objekte ObjID="4312" ObjAufnahme="1997-04-07" ObjLetztKontakt="1997-04-07" ObjStrasseID="8537" ObjHausnummer="Wedekindstraße 14" ObjVorlage="2013-09-11 00:00:00.0" ObKeinKontakt="1" ObjArtID="5" Merkmal="0.0"/>
  <Objekte ObjID="4314" ObjAufnahme="1997-04-21" ObjLetztKontakt="1997-04-21" ObjStrasseID="8712" ObjHausnummer="Zietenstraße 14" ObjVorlage="2013-09-11 00:00:00.0" ObKeinKontakt="1" ObjArtID="196" Merkmal="0.0" ObjInfo="hausverwaltung zeller und Tichy 0513772459"/>
  <Objekte ObjID="4316" ObjAufnahme="1997-04-21" ObjLetztKontakt="1997-04-21" ObjStrasseID="8712" ObjHausnummer="Zietenstraße 51" ObjVorlage="2013-09-11 00:00:00.0" ObKeinKontakt="1" ObjArtID="1" Merkmal="0.0" ObjInfo="Dr. Ludewig"/>
  <Objekte ObjID="4317" ObjAufnahme="1997-04-21" ObjLetztKontakt="1997-04-21" ObjStrasseID="8712" ObjHausnummer="Zietenstraße 53" ObjVorlage="2013-09-11 00:00:00.0" ObKeinKontakt="1" ObjArtID="1" Merkmal="0.0" ObjInfo="Frau Wolter"/>
  <Objekte ObjID="4318" ObjAufnahme="1997-04-21" ObjLetztKontakt="1997-04-21" ObjStrasseID="8712" ObjHausnummer="Zietenstraße 55" ObjVorlage="2013-09-11 00:00:00.0" ObKeinKontakt="1" ObjArtID="1" Merkmal="0.0" ObjInfo="Familie Müsken"/>
  <Objekte ObjID="4319" ObjAufnahme="1997-04-17" ObjLetztKontakt="1997-04-17" ObjStrasseID="6335" ObjHausnummer="Ellernstraße 39" ObjVorlage="2013-09-11 00:00:00.0" ObKeinKontakt="1" ObjArtID="9" Merkmal="0.0" ObjInfo="landeshauptstadt hannover"/>
  <Objekte ObjID="4320" ObjAufnahme="1997-04-21" ObjLetztKontakt="1997-04-21" ObjStrasseID="6473" ObjHausnummer="Friedenstraße 8" ObjVorlage="2013-09-11 00:00:00.0" ObKeinKontakt="1" ObjArtID="1" Merkmal="0.0" ObjInfo="Stadtdirektor H.Schwering, Albert-Schweizer-Straße 7 Wolfsburg 05361-48642"/>
  <Objekte ObjID="4321" ObjAufnahme="1997-04-18" ObjLetztKontakt="1997-04-18" ObjStrasseID="7345" ObjHausnummer="Leisewitzstraße 24" ObjVorlage="2013-09-11 00:00:00.0" ObKeinKontakt="1" ObjArtID="1" Merkmal="0.0" ObjInfo="Dr.P.Greulich kronsberger Straße 27"/>
  <Objekte ObjID="4322" ObjAufnahme="1997-03-18" ObjLetztKontakt="1997-05-13" ObjStrasseID="7218" ObjHausnummer="Königstraße 30" ObjVorlage="2013-09-11 00:00:00.0" ObKeinKontakt="1" ObjArtID="5" Merkmal="0.0" ObjInfo="F.Grühl Escherstraße 2 A 3506158"/>
  <Objekte ObjID="4323" ObjAufnahme="1997-03-18" ObjLetztKontakt="1998-07-24" ObjStrasseID="7218" ObjHausnummer="Königstraße 31" ObjVorlage="2013-09-11 00:00:00.0" ObKeinKontakt="2" ObjArtID="5" Merkmal="0.0" ObjInfo="Clementine Loh  Maschstraße 30"/>
  <Objekte ObjID="4324" ObjAufnahme="1997-03-18" ObjLetztKontakt="1997-05-13" ObjStrasseID="7218" ObjHausnummer="Königstraße 32" ObjVorlage="2013-09-11 00:00:00.0" ObKeinKontakt="1" ObjArtID="5" Merkmal="0.0" ObjInfo="F.Ackenhausen"/>
  <Objekte ObjID="4325" ObjAufnahme="1997-03-18" ObjLetztKontakt="1997-05-13" ObjStrasseID="7218" ObjHausnummer="Königstraße 33" ObjVorlage="2013-09-11 00:00:00.0" ObKeinKontakt="1" ObjArtID="5" Merkmal="0.0" ObjInfo="Objekt ist aufgeteilt Verwalter Hermann Kleber 315539"/>
  <Objekte ObjID="4326" ObjAufnahme="1997-03-18" ObjLetztKontakt="1997-05-13" ObjStrasseID="7218" ObjHausnummer="Königstraße 34" ObjVorlage="2013-09-11 00:00:00.0" ObKeinKontakt="1" ObjArtID="5" Merkmal="0.0" ObjInfo="Volkswohl-Bund"/>
  <Objekte ObjID="4327" ObjAufnahme="1997-03-18" ObjLetztKontakt="1997-05-13" ObjStrasseID="7218" ObjHausnummer="Königstraße 35" ObjVorlage="2013-09-11 00:00:00.0" ObKeinKontakt="1" ObjArtID="5" Merkmal="0.0" ObjInfo="K.Haverbeck"/>
  <Objekte ObjID="4328" ObjAufnahme="1997-03-18" ObjLetztKontakt="1998-07-24" ObjStrasseID="7218" ObjHausnummer="Königstraße 36" ObjVorlage="2013-09-11 00:00:00.0" ObKeinKontakt="3" ObjArtID="5" Merkmal="0.0" ObjInfo="Hochtief AG"/>
  <Objekte ObjID="4329" ObjAufnahme="1997-03-18" ObjLetztKontakt="1997-05-13" ObjStrasseID="7218" ObjHausnummer="Königstraße 37" ObjVorlage="2013-09-11 00:00:00.0" ObKeinKontakt="1" ObjArtID="5" Merkmal="0.0" ObjInfo="Boueke"/>
  <Objekte ObjID="4330" ObjAufnahme="1997-03-18" ObjLetztKontakt="1998-07-24" ObjStrasseID="7218" ObjHausnummer="Königstraße 38" ObjVorlage="2013-09-11 00:00:00.0" ObKeinKontakt="2" ObjArtID="5" Merkmal="0.0" ObjInfo="Baarth"/>
  <Objekte ObjID="4331" ObjAufnahme="1997-03-18" ObjLetztKontakt="1997-05-13" ObjStrasseID="7218" ObjHausnummer="Königstraße 44" ObjVorlage="2013-09-11 00:00:00.0" ObKeinKontakt="1" ObjArtID="5" Merkmal="0.0" ObjInfo="Württembergische Feuerversicherung 34848-11"/>
  <Objekte ObjID="4332" ObjAufnahme="1997-03-18" ObjLetztKontakt="1997-05-13" ObjStrasseID="7218" ObjHausnummer="Königstraße 45" ObjVorlage="2013-09-11 00:00:00.0" ObKeinKontakt="1" ObjArtID="5" Merkmal="0.0" ObjInfo="margarete Siebrecht Bad nenndorf Buchenballee 10 tel. 05723-3131"/>
  <Objekte ObjID="4333" ObjAufnahme="1997-03-18" ObjLetztKontakt="1998-07-24" ObjStrasseID="7218" ObjHausnummer="Königstraße 46" ObjVorlage="2013-09-11 00:00:00.0" ObKeinKontakt="2" ObjArtID="5" Merkmal="0.0" ObjInfo="E.leinenweber"/>
  <Objekte ObjID="4334" ObjAufnahme="1997-03-18" ObjLetztKontakt="1997-05-13" ObjStrasseID="7218" ObjHausnummer="Königstraße 47" ObjVorlage="2013-09-11 00:00:00.0" ObKeinKontakt="1" ObjArtID="5" Merkmal="0.0" ObjInfo="H.Wedler Rechtsanwalt"/>
  <Objekte ObjID="4335" ObjAufnahme="1997-03-18" ObjLetztKontakt="1998-07-24" ObjStrasseID="7218" ObjHausnummer="Königstraße 48" ObjVorlage="2013-09-11 00:00:00.0" ObKeinKontakt="2" ObjArtID="5" Merkmal="0.0" ObjInfo="Edith Bierbrauer"/>
  <Objekte ObjID="4336" ObjAufnahme="1997-03-18" ObjLetztKontakt="1998-07-24" ObjStrasseID="7218" ObjHausnummer="Königstraße 49" ObjVorlage="2013-09-11 00:00:00.0" ObKeinKontakt="7" ObjArtID="5" Merkmal="0.0" ObjInfo="A.M.Fiedler"/>
  <Objekte ObjID="4337" ObjAufnahme="1997-03-18" ObjLetztKontakt="1997-05-13" ObjStrasseID="7218" ObjHausnummer="Königstraße 50" ObjVorlage="2013-09-11 00:00:00.0" ObKeinKontakt="1" ObjArtID="5" Merkmal="0.0" ObjInfo="Niedersächsische Landesges. Arndtstr. 19 F"/>
  <Objekte ObjID="4338" ObjAufnahme="1997-03-18" ObjLetztKontakt="1998-07-24" ObjStrasseID="7218" ObjHausnummer="Königstraße 51" ObjVorlage="2013-09-11 00:00:00.0" ObKeinKontakt="7" ObjArtID="5" Merkmal="0.0" ObjInfo="A.menges und Söhne"/>
  <Objekte ObjID="4339" ObjAufnahme="1997-03-18" ObjLetztKontakt="1997-05-13" ObjStrasseID="7218" ObjHausnummer="Königstraße 52" ObjVorlage="2013-09-11 00:00:00.0" ObKeinKontakt="1" ObjArtID="5" Merkmal="0.0" ObjInfo="Eigentümerin Käthe Brandes Verwalter Kunze"/>
  <Objekte ObjID="4340" ObjAufnahme="1997-03-18" ObjLetztKontakt="1997-05-13" ObjStrasseID="7218" ObjHausnummer="Königstraße 53" ObjVorlage="2013-09-11 00:00:00.0" ObKeinKontakt="1" ObjArtID="5" Merkmal="0.0" ObjInfo="aufgeteilt Eigentümer unter anderem Morcinski"/>
  <Objekte ObjID="4341" ObjAufnahme="1997-03-18" ObjLetztKontakt="1997-05-13" ObjStrasseID="7218" ObjHausnummer="Königstraße 54" ObjVorlage="2013-09-11 00:00:00.0" ObKeinKontakt="2" ObjArtID="5" Merkmal="0.0" ObjInfo="W.Fahrenhorst"/>
  <Objekte ObjID="4342" ObjAufnahme="1997-03-18" ObjLetztKontakt="1997-05-13" ObjStrasseID="7218" ObjHausnummer="Königstraße 55" ObjVorlage="2013-09-11 00:00:00.0" ObKeinKontakt="1" ObjArtID="5" Merkmal="0.0" ObjInfo="Inge Jeretzky"/>
  <Objekte ObjID="4343" ObjAufnahme="1997-03-18" ObjLetztKontakt="1997-05-13" ObjStrasseID="7218" ObjHausnummer="Königstraße 28" ObjVorlage="2013-09-11 00:00:00.0" ObKeinKontakt="1" ObjArtID="5" Merkmal="0.0" ObjInfo="Ernst Schuster Woltmannweg 8"/>
  <Objekte ObjID="4344" ObjAufnahme="1997-03-18" ObjLetztKontakt="1997-05-13" ObjStrasseID="7218" ObjHausnummer="Königstraße 27" ObjVorlage="2013-09-11 00:00:00.0" ObKeinKontakt="1" ObjArtID="5" Merkmal="0.0" ObjInfo="Stadtsparkasse"/>
  <Objekte ObjID="4345" ObjAufnahme="1997-03-18" ObjLetztKontakt="1997-05-13" ObjStrasseID="7218" ObjHausnummer="Königstraße 26" ObjVorlage="2013-09-11 00:00:00.0" ObKeinKontakt="1" ObjArtID="5" Merkmal="0.0" ObjInfo="Aschenbrenner, Winzingerodeweg 8"/>
  <Objekte ObjID="4346" ObjAufnahme="1997-03-18" ObjLetztKontakt="1997-05-13" ObjStrasseID="7218" ObjHausnummer="Königstraße 25" ObjVorlage="2013-09-11 00:00:00.0" ObKeinKontakt="1" ObjArtID="5" Merkmal="0.0" ObjInfo="H.keidel"/>
  <Objekte ObjID="4347" ObjAufnahme="1997-03-18" ObjLetztKontakt="1997-05-13" ObjStrasseID="7218" ObjHausnummer="Königstraße 24" ObjVorlage="2013-09-11 00:00:00.0" ObKeinKontakt="5" ObjArtID="38" Merkmal="0.0" ObjInfo="4WE/1Büro/1La./1953/100/1,6"/>
  <Objekte ObjID="4348" ObjAufnahme="1997-03-18" ObjLetztKontakt="1997-05-13" ObjStrasseID="7218" ObjHausnummer="Königstraße 23" ObjVorlage="2013-09-11 00:00:00.0" ObKeinKontakt="1" ObjArtID="5" Merkmal="0.0" ObjInfo="Eigentumswohnungen"/>
  <Objekte ObjID="4349" ObjAufnahme="1997-03-18" ObjLetztKontakt="1997-05-13" ObjStrasseID="7218" ObjHausnummer="Königstraße 22" ObjVorlage="2013-09-11 00:00:00.0" ObKeinKontakt="1" ObjArtID="5" Merkmal="0.0" ObjInfo="Edekabank berlin-Wilmersdorf"/>
  <Objekte ObjID="4350" ObjAufnahme="1997-03-18" ObjLetztKontakt="1997-05-13" ObjStrasseID="7218" ObjHausnummer="Königstraße 21" ObjVorlage="2013-09-11 00:00:00.0" ObKeinKontakt="1" ObjArtID="5" Merkmal="0.0" ObjInfo="K.Hunger, Deveste nicht herausbekommen Mieterin will keine Auskunft geben, Rechtsanwalt Werner auch nicht"/>
  <Objekte ObjID="4351" ObjAufnahme="1997-03-18" ObjLetztKontakt="1997-05-13" ObjStrasseID="7218" ObjHausnummer="Königstraße 20" ObjVorlage="2013-09-11 00:00:00.0" ObKeinKontakt="1" ObjArtID="5" Merkmal="0.0" ObjInfo="D.Schulte Hauptmieter ist rechtsanwalt Schneider 315353, Nachbarn fragen"/>
  <Objekte ObjID="4352" ObjAufnahme="1997-03-18" ObjLetztKontakt="1997-05-13" ObjStrasseID="7218" ObjHausnummer="Königstraße 19" ObjVorlage="2013-09-11 00:00:00.0" ObKeinKontakt="1" ObjArtID="5" Merkmal="0.0" ObjInfo="Holzapfel"/>
  <Objekte ObjID="4353" ObjAufnahme="1997-03-18" ObjLetztKontakt="1997-05-13" ObjStrasseID="7218" ObjHausnummer="Königstraße 18" ObjVorlage="2013-09-11 00:00:00.0" ObKeinKontakt="1" ObjArtID="5" Merkmal="0.0" ObjInfo="Union Wohnungsbau Plathnerstraße 37"/>
  <Objekte ObjID="4354" ObjAufnahme="1997-03-18" ObjLetztKontakt="1997-05-13" ObjStrasseID="7218" ObjHausnummer="Königstraße 12" ObjVorlage="2013-09-11 00:00:00.0" ObKeinKontakt="1" ObjArtID="5" Merkmal="0.0" ObjInfo="Zahnärztekammer"/>
  <Objekte ObjID="4356" ObjAufnahme="1997-03-18" ObjLetztKontakt="1997-05-13" ObjStrasseID="7218" ObjHausnummer="Königstraße 11" ObjVorlage="2013-09-11 00:00:00.0" ObKeinKontakt="2" ObjArtID="5" Merkmal="0.0" ObjInfo="Deutsche Apotheker und Ärztebank"/>
  <Objekte ObjID="4357" ObjAufnahme="1997-03-18" ObjLetztKontakt="1997-05-13" ObjStrasseID="7218" ObjHausnummer="Königstraße 10" ObjVorlage="2013-09-11 00:00:00.0" ObKeinKontakt="1" ObjArtID="5" Merkmal="0.0" ObjInfo="Deutsche Apotheker- und Ärztebank"/>
  <Objekte ObjID="4358" ObjAufnahme="1997-03-18" ObjLetztKontakt="1997-05-13" ObjStrasseID="7218" ObjHausnummer="Königstraße 9A" ObjVorlage="2013-09-11 00:00:00.0" ObKeinKontakt="1" ObjArtID="5" Merkmal="0.0" ObjInfo="K.Meyer ab 25.5 wieder erreichbar"/>
  <Objekte ObjID="4359" ObjAufnahme="1997-03-18" ObjLetztKontakt="1997-05-13" ObjStrasseID="7218" ObjHausnummer="Königstraße 9" ObjVorlage="2013-09-11 00:00:00.0" ObKeinKontakt="1" ObjArtID="5" Merkmal="0.0" ObjInfo="Wohnungsbau Niedersachsen 34845-0, Tochter der deutschen Bahn"/>
  <Objekte ObjID="4360" ObjAufnahme="1997-03-18" ObjLetztKontakt="1998-07-24" ObjStrasseID="7218" ObjHausnummer="Königstraße 8" ObjVorlage="2013-09-11 00:00:00.0" ObKeinKontakt="2" ObjArtID="5" Merkmal="0.0" ObjInfo="Herr backhaus ist guter Informant Tel. 345028"/>
  <Objekte ObjID="4361" ObjAufnahme="1997-03-18" ObjLetztKontakt="1998-07-24" ObjStrasseID="7218" ObjHausnummer="Königstraße 7" ObjVorlage="2013-09-11 00:00:00.0" ObKeinKontakt="7" ObjArtID="5" Merkmal="0.0" ObjInfo="Annemarie Adriani Rheinstraße 26, frau adriani hat an einen Zahnarzt in der Heide verkauft ist ab 27.5 wieder erreichbar. Auskunftfreudig: Frau Ulrike Knab Tel. 342647"/>
  <Objekte ObjID="4362" ObjAufnahme="1997-03-18" ObjLetztKontakt="1997-05-13" ObjStrasseID="7218" ObjHausnummer="Königstraße 6" ObjVorlage="2013-09-11 00:00:00.0" ObKeinKontakt="1" ObjArtID="5" Merkmal="0.0" ObjInfo="Landeshauptstadt Hannover"/>
  <Objekte ObjID="4363" ObjAufnahme="1997-03-18" ObjLetztKontakt="1997-05-13" ObjStrasseID="7218" ObjHausnummer="Königstraße 5" ObjVorlage="2013-09-11 00:00:00.0" ObKeinKontakt="1" ObjArtID="5" Merkmal="0.0" ObjInfo="Landeshauptstadt Hannover"/>
  <Objekte ObjID="4364" ObjAufnahme="1997-03-18" ObjLetztKontakt="1998-07-24" ObjStrasseID="7218" ObjHausnummer="Königstraße 4" ObjVorlage="2013-09-11 00:00:00.0" ObKeinKontakt="7" ObjArtID="5" Merkmal="0.0"/>
  <Objekte ObjID="4366" ObjAufnahme="1997-03-18" ObjLetztKontakt="1998-07-24" ObjStrasseID="7218" ObjHausnummer="Königstraße 3" ObjVorlage="2013-09-11 00:00:00.0" ObKeinKontakt="2" ObjArtID="5" Merkmal="0.0"/>
  <Objekte ObjID="4367" ObjAufnahme="1997-03-18" ObjLetztKontakt="1997-05-13" ObjStrasseID="7218" ObjHausnummer="Königstraße 2" ObjVorlage="2013-09-11 00:00:00.0" ObKeinKontakt="3" ObjArtID="5" Merkmal="0.0" ObjInfo="Deutsche Bundesbahn"/>
  <Objekte ObjID="4368" ObjAufnahme="1997-04-04" ObjLetztKontakt="1997-04-04" ObjStrasseID="7040" ObjHausnummer="Isernhagener Straße 103" ObjVorlage="2013-09-11 00:00:00.0" ObKeinKontakt="2" ObjArtID="1" Merkmal="0.0" ObjInfo="Zahnärztekammer Niedersachsen"/>
  <Objekte ObjID="4369" ObjAufnahme="1997-04-04" ObjLetztKontakt="1997-04-04" ObjStrasseID="7040" ObjHausnummer="Isernhagener Straße 111" ObjVorlage="2013-09-11 00:00:00.0" ObKeinKontakt="2" ObjArtID="1" Merkmal="0.0" ObjInfo="I. Pornitz Gehrden Birkenweg 11"/>
  <Objekte ObjID="4370" ObjAufnahme="1997-05-13" ObjLetztKontakt="1997-05-13" ObjStrasseID="6912" ObjHausnummer="Holscherstraße 1A" ObjVorlage="2013-09-11 00:00:00.0" ObKeinKontakt="1" ObjArtID="1" Merkmal="0.0"/>
  <Objekte ObjID="4371" ObjAufnahme="1997-05-13" ObjLetztKontakt="1997-05-13" ObjStrasseID="6912" ObjHausnummer="Holscherstraße 7" ObjVorlage="2013-09-11 00:00:00.0" ObKeinKontakt="1" ObjArtID="1" Merkmal="0.0"/>
  <Objekte ObjID="4372" ObjAufnahme="1997-05-13" ObjLetztKontakt="1997-05-13" ObjStrasseID="6912" ObjHausnummer="Holscherstraße 9" ObjVorlage="2013-09-11 00:00:00.0" ObKeinKontakt="1" ObjArtID="1" Merkmal="0.0"/>
  <Objekte ObjID="4373" ObjAufnahme="1997-05-13" ObjLetztKontakt="1997-05-13" ObjStrasseID="6912" ObjHausnummer="Holscherstraße 11" ObjVorlage="2013-09-11 00:00:00.0" ObKeinKontakt="1" ObjArtID="1" Merkmal="0.0"/>
  <Objekte ObjID="4375" ObjAufnahme="1997-05-13" ObjLetztKontakt="1997-05-13" ObjStrasseID="6912" ObjHausnummer="Holscherstraße 21" ObjVorlage="2013-09-11 00:00:00.0" ObKeinKontakt="1" ObjArtID="1" Merkmal="0.0"/>
  <Objekte ObjID="4376" ObjAufnahme="1997-05-13" ObjLetztKontakt="1997-05-13" ObjStrasseID="6912" ObjHausnummer="Holscherstraße 27" ObjVorlage="2013-09-11 00:00:00.0" ObKeinKontakt="1" ObjArtID="1" Merkmal="0.0"/>
  <Objekte ObjID="4377" ObjAufnahme="1997-05-13" ObjLetztKontakt="1997-05-13" ObjStrasseID="6912" ObjHausnummer="Holscherstraße 19" ObjVorlage="2013-09-11 00:00:00.0" ObKeinKontakt="1" ObjArtID="1" Merkmal="0.0"/>
  <Objekte ObjID="4378" ObjAufnahme="1997-05-13" ObjLetztKontakt="1997-05-13" ObjStrasseID="6912" ObjHausnummer="Holscherstraße 17" ObjVorlage="2013-09-11 00:00:00.0" ObKeinKontakt="1" ObjArtID="1" Merkmal="0.0"/>
  <Objekte ObjID="4379" ObjAufnahme="1997-04-09" ObjLetztKontakt="1997-04-09" ObjStrasseID="6874" ObjHausnummer="Hildesheimer Straße 65" ObjVorlage="2013-09-11 00:00:00.0" ObKeinKontakt="1" ObjArtID="5" Merkmal="0.0" ObjInfo="&#xD;&#xA;&quot;"/>
  <Objekte ObjID="4380" ObjAufnahme="1997-03-18" ObjLetztKontakt="1997-05-13" ObjStrasseID="3020" ObjHausnummer="Asphalweg 3" ObjVorlage="2013-09-11 00:00:00.0" ObKeinKontakt="4" ObjArtID="8" Merkmal="0.0" ObjInfo="eigentümer Axel Berghof"/>
  <Objekte ObjID="4381" ObjAufnahme="1997-03-18" ObjLetztKontakt="1997-05-13" ObjStrasseID="6770" ObjHausnummer="Hebbelstraße 1" ObjVorlage="2013-09-11 00:00:00.0" ObKeinKontakt="4" ObjArtID="1" Merkmal="0.0" ObjInfo="B.Kutschesreuter in Nr. 3 Mieter : Heine Günter, Hebbelstr. 1, 30177 Hannover, 0511-690286&#xD;&#xA;Herrmann Andreas, Hebbelstr. 1, 30177 Hannover, 0511-6966369&#xD;&#xA;Michaelis Olaf u. Sabine, Hebbelstr. 1, 30177 Hannover, 0511-699582&#xD;&#xA;Sandhas Oliver, Hebbelstr. 1, 301&#xD;&#xA;4382"/>
  <Objekte ObjID="4383" ObjAufnahme="1997-03-18" ObjLetztKontakt="1997-08-04" ObjStrasseID="6770" ObjHausnummer="Hebbelstraße 5" ObjVorlage="2013-09-11 00:00:00.0" ObKeinKontakt="2" ObjArtID="1" Merkmal="0.0" ObjInfo="Frau Buchholz Hannoversche Straße 46 3004 Isernhagen 1Verwalter oder Hausmeister : Schmidt 614444 Mieter :&#xD;&#xA;(Grün-Steiner Maria, Hebbelstr. 5, 30177 Hannover, 0511-690494)&#xD;&#xA;Harms Jürgen, Hebbelstr. 5, 30177 Hannover, 0511-699692&#xD;&#xA;Kalenberg Heinz-Josef, Heb&#xD;&#xA;4384"/>
  <Objekte ObjID="4385" ObjAufnahme="1997-03-18" ObjLetztKontakt="1997-05-13" ObjStrasseID="6770" ObjHausnummer="Hebbelstraße 7" ObjVorlage="2013-09-11 00:00:00.0" ObKeinKontakt="1" ObjArtID="1" Merkmal="0.0" ObjInfo="L.Osterwald Bölschestraße 7 heute wohnt dort : Windorfer Adolf, Bölschestr. 7, 30173 Hannover, 0511-813548&#xD;&#xA; Mieter : Ellermann Silvia, Hebbelstr. 7, 30177 Hannover, 0511-692386&#xD;&#xA;Fink Holger, Hebbelstr. 7, 30177 Hannover, 0511-698249&#xD;&#xA;Heitmüller Wilfried, &#xD;&#xA;4386"/>
  <Objekte ObjID="4395" ObjAufnahme="1997-03-18" ObjLetztKontakt="1997-05-13" ObjStrasseID="6770" ObjHausnummer="Hebbelstraße 27" ObjVorlage="2013-09-11 00:00:00.0" ObKeinKontakt="4" ObjArtID="177" Merkmal="0.0" ObjInfo="E.Wehrhahn Langenhagen Wehrhahn Egon, Reuterdamm 92, 30853 Langenhagen, Han, 0511-9735697&#xD;&#xA;Mieter : Sydow Sandra, Hebbelstr. 27, 30177 Hannover, 0511-692012&#xD;&#xA;Yun Hayung, Hebbelstr. 27, 30177 Hannover, 0511-3940961"/>
  <Objekte ObjID="4396" ObjAufnahme="1997-03-18" ObjLetztKontakt="1997-05-13" ObjStrasseID="6770" ObjHausnummer="Hebbelstraße 29" ObjVorlage="2013-09-11 00:00:00.0" ObKeinKontakt="4" ObjArtID="177" Merkmal="0.0" ObjInfo="K.Köller Kirchstr. 24 Blomberg es wohnt dort Beermann Bernd, Kirchstr. 24, 32825 Blomberg, Lippe, 05235-6105&#xD;&#xA;Mieter : Schröder Hans-Jürgen, Hebbelstr. 29, 30177 Hannover, 0511-697630&#xD;&#xA;Schröder Stefan-Torben, Hebbelstr. 29, 30177 Hannover, 0511-698262"/>
  <Objekte ObjID="4397" ObjAufnahme="1997-03-18" ObjLetztKontakt="1997-05-13" ObjStrasseID="6770" ObjHausnummer="Hebbelstraße 31" ObjVorlage="2013-09-11 00:00:00.0" ObKeinKontakt="4" ObjArtID="177" Merkmal="0.0" ObjInfo="Frau A.Böse Mieter : Hein Gerhard, Hebbelstr. 31, 30177 Hannover, 0511-691591&#xD;&#xA;Maul Marie, Hebbelstr. 31, 30177 Hannover, 0511-690579"/>
  <Objekte ObjID="4398" ObjAufnahme="1997-03-18" ObjLetztKontakt="1997-05-13" ObjStrasseID="6770" ObjHausnummer="Hebbelstraße 33" ObjVorlage="2013-09-11 00:00:00.0" ObKeinKontakt="4" ObjArtID="177" Merkmal="0.0" ObjInfo="Herr Günter Eikemeier Am Listholze 10 Mieter :Eikemeier Amone, Hebbelstr. 33, 30177 Hannover, 0511-694612"/>
  <Objekte ObjID="4399" ObjAufnahme="1997-03-18" ObjLetztKontakt="1997-05-13" ObjStrasseID="6770" ObjHausnummer="Hebbelstraße 35" ObjVorlage="2013-09-11 00:00:00.0" ObKeinKontakt="4" ObjArtID="177" Merkmal="0.0" ObjInfo="O.Tostmann Mieter : Tostmann L., Hebbelstr. 35, 30177 Hannover, 0511-690203"/>
  <Objekte ObjID="4400" ObjAufnahme="1997-03-18" ObjLetztKontakt="1997-05-13" ObjStrasseID="6770" ObjHausnummer="Hebbelstraße 37" ObjVorlage="2013-09-11 00:00:00.0" ObKeinKontakt="4" ObjArtID="177" Merkmal="0.0" ObjInfo="Frau A. Hübener"/>
  <Objekte ObjID="4401" ObjAufnahme="1997-03-18" ObjLetztKontakt="1997-05-13" ObjStrasseID="6770" ObjHausnummer="Hebbelstraße 39" ObjVorlage="2013-09-11 00:00:00.0" ObKeinKontakt="4" ObjArtID="177" Merkmal="0.0" ObjInfo="Herr Ing. G. Hein Struck Joachim, Hebbelstr. 39, 30177 Hannover, 0511-6963240"/>
  <Objekte ObjID="4402" ObjAufnahme="1997-03-18" ObjLetztKontakt="1997-05-13" ObjStrasseID="6770" ObjHausnummer="Hebbelstraße 41" ObjVorlage="2013-09-11 00:00:00.0" ObKeinKontakt="4" ObjArtID="177" Merkmal="0.0" ObjInfo="Herr Dipl. Ing. G. Zemlin Zemlin Gunther, Brehmstr. 49, 30173 Hannover, 0511-810977&#xD;&#xA;Hebbelstr. 41, 30177 Hannover, 0511-693449"/>
  <Objekte ObjID="4403" ObjAufnahme="1997-03-18" ObjLetztKontakt="1997-05-13" ObjStrasseID="6770" ObjHausnummer="Hebbelstraße 43" ObjVorlage="2013-09-11 00:00:00.0" ObKeinKontakt="4" ObjArtID="177" Merkmal="0.0" ObjInfo="Herr E. Möller Möller Erwin, Hebbelstr. 43, 30177 Hannover, 0511-690443"/>
  <Objekte ObjID="4404" ObjAufnahme="1997-03-18" ObjLetztKontakt="1997-05-13" ObjStrasseID="6770" ObjHausnummer="Hebbelstraße 45" ObjVorlage="2013-09-11 00:00:00.0" ObKeinKontakt="4" ObjArtID="177" Merkmal="0.0" ObjInfo="Herr Direktor a.D. Dr. jur. J.Burchard, und Luise von rauch  Faye A., Hebbelstr. 45, 30177 Hannover, 0511-691293&#xD;&#xA;Rauch L. von, Hebbelstr. 45, 30177 Hannover, 0511-691293"/>
  <Objekte ObjID="4405" ObjAufnahme="1997-03-18" ObjLetztKontakt="1997-05-13" ObjStrasseID="6770" ObjHausnummer="Hebbelstraße 47" ObjVorlage="2013-09-11 00:00:00.0" ObKeinKontakt="4" ObjArtID="177" Merkmal="0.0" ObjInfo="Frau M. Korte"/>
  <Objekte ObjID="4406" ObjAufnahme="1997-03-18" ObjLetztKontakt="1997-05-13" ObjStrasseID="6770" ObjHausnummer="Hebbelstraße 49" ObjVorlage="2013-09-11 00:00:00.0" ObKeinKontakt="4" ObjArtID="177" Merkmal="0.0" ObjInfo="Herr Ber. Ing. G. Matthies Beemers H., Hebbelstr. 49, 30177 Hannover, 0511-909006"/>
  <Objekte ObjID="4407" ObjAufnahme="1997-03-18" ObjLetztKontakt="1997-05-13" ObjStrasseID="6770" ObjHausnummer="Hebbelstraße 51" ObjVorlage="2013-09-11 00:00:00.0" ObKeinKontakt="4" ObjArtID="177" Merkmal="0.0" ObjInfo="Herr H.H.Hoerner Hoerner Hans-Henning von, Hebbelstr. 51, 30177 Hannover, 0511-692378"/>
  <Objekte ObjID="4408" ObjAufnahme="1997-03-18" ObjLetztKontakt="1997-05-13" ObjStrasseID="6770" ObjHausnummer="Hebbelstraße 53" ObjVorlage="2013-09-11 00:00:00.0" ObKeinKontakt="4" ObjArtID="177" Merkmal="0.0" ObjInfo="K.Nodurft Nodurft Kuno, Hebbelstr. 53, 30177 Hannover, 0511-697262&#xD;&#xA;Schulte Marianne, Hebbelstr. 53, 30177 Hannover, 0511-6966592"/>
  <Objekte ObjID="4409" ObjAufnahme="1997-03-18" ObjLetztKontakt="1997-05-13" ObjStrasseID="6770" ObjHausnummer="Hebbelstraße 55" ObjVorlage="2013-09-11 00:00:00.0" ObKeinKontakt="4" ObjArtID="177" Merkmal="0.0" ObjInfo="S.C.Germania-List"/>
  <Objekte ObjID="4410" ObjAufnahme="1997-03-18" ObjLetztKontakt="1997-05-13" ObjStrasseID="6770" ObjHausnummer="Hebbelstraße 55B" ObjVorlage="2013-09-11 00:00:00.0" ObKeinKontakt="4" ObjArtID="177" Merkmal="0.0" ObjInfo="frau elisabeth Freymark Freymark Kurt, Hebbelstr. 55B, 30179 Hannover, 0511-697756"/>
  <Objekte ObjID="4411" ObjAufnahme="1997-03-18" ObjLetztKontakt="1997-05-13" ObjStrasseID="6770" ObjHausnummer="Hebbelstraße 55A" ObjVorlage="2013-09-11 00:00:00.0" ObKeinKontakt="4" ObjArtID="177" Merkmal="0.0" ObjInfo="Frau F.Deppe"/>
  <Objekte ObjID="4412" ObjAufnahme="1997-03-18" ObjLetztKontakt="1997-05-13" ObjStrasseID="6770" ObjHausnummer="Hebbelstraße 2" ObjVorlage="2013-09-11 00:00:00.0" ObKeinKontakt="4" ObjArtID="1" Merkmal="0.0"/>
  <Objekte ObjID="4413" ObjAufnahme="1997-03-18" ObjLetztKontakt="1997-05-13" ObjStrasseID="6770" ObjHausnummer="Hebbelstraße 4" ObjVorlage="2013-09-11 00:00:00.0" ObKeinKontakt="1" ObjArtID="1" Merkmal="0.0"/>
  <Objekte ObjID="4414" ObjAufnahme="1997-03-18" ObjLetztKontakt="1997-05-13" ObjStrasseID="6770" ObjHausnummer="Hebbelstraße 6" ObjVorlage="2013-09-11 00:00:00.0" ObKeinKontakt="4" ObjArtID="1" Merkmal="0.0"/>
  <Objekte ObjID="4415" ObjAufnahme="1997-03-18" ObjLetztKontakt="1997-05-13" ObjStrasseID="6770" ObjHausnummer="Hebbelstraße 8" ObjVorlage="2013-09-11 00:00:00.0" ObKeinKontakt="1" ObjArtID="1" Merkmal="0.0"/>
  <Objekte ObjID="4416" ObjAufnahme="1997-03-18" ObjLetztKontakt="1997-05-13" ObjStrasseID="6770" ObjHausnummer="Hebbelstraße 10" ObjVorlage="2013-09-11 00:00:00.0" ObKeinKontakt="1" ObjArtID="1" Merkmal="0.0"/>
  <Objekte ObjID="4417" ObjAufnahme="1997-03-18" ObjLetztKontakt="1997-05-13" ObjStrasseID="6770" ObjHausnummer="Hebbelstraße 12" ObjVorlage="2013-09-11 00:00:00.0" ObKeinKontakt="1" ObjArtID="1" Merkmal="0.0" ObjInfo="W.Hühne oder Gerhardy es gibt Hühne W., Grethe-Jürgens-Str. 78, 30655 Hannover, 0511-698525&#xD;&#xA;Hühne Werner, Am Dornbusch 6, 30453 Hannover, 0511-480636&#xD;&#xA;Mieter : Breuer Dieter, Hebbelstr. 12A, 30177 Hannover, 0511-690194&#xD;&#xA;Burghardt Guido, Hebbelstr. 12, 301&#xD;&#xA;4418"/>
  <Objekte ObjID="4419" ObjAufnahme="1997-03-18" ObjLetztKontakt="1997-05-13" ObjStrasseID="6770" ObjHausnummer="Hebbelstraße 14" ObjVorlage="2013-09-11 00:00:00.0" ObKeinKontakt="1" ObjArtID="1" Merkmal="0.0"/>
  <Objekte ObjID="4420" ObjAufnahme="1997-03-18" ObjLetztKontakt="1997-05-13" ObjStrasseID="6770" ObjHausnummer="Hebbelstraße 16" ObjVorlage="2013-09-11 00:00:00.0" ObKeinKontakt="1" ObjArtID="1" Merkmal="0.0" ObjInfo="EV.luth.Gethsemane-Kirchengemeinde Stormstraße 19 Kunze Clemens Pastor, Stormstr. 19, 30177 Hannover, 0511-691410"/>
  <Objekte ObjID="4421" ObjAufnahme="1997-03-18" ObjLetztKontakt="1997-05-13" ObjStrasseID="6770" ObjHausnummer="Hebbelstraße 18A" ObjVorlage="2013-09-11 00:00:00.0" ObKeinKontakt="1" ObjArtID="1" Merkmal="0.0" ObjInfo="K.H.Schulz Mieter : Bertram Irmgard, Hebbelstr. 18A, 30177 Hannover, 0511-695318&#xD;&#xA;Blasch Sylvia, Hebbelstr. 18A, 30177 Hannover, 0511-692822&#xD;&#xA;Ellenberg Ursula, Hebbelstr. 18A, 30177 Hannover, 0511-692688&#xD;&#xA;Huhs Vera, Hebbelstr. 18A, 30177 Hannover, 0511-697&#xD;&#xA;4422"/>
  <Objekte ObjID="4426" ObjAufnahme="1997-03-18" ObjLetztKontakt="1997-05-13" ObjStrasseID="6771" ObjHausnummer="Hebbelstraße 67F" ObjVorlage="2013-09-11 00:00:00.0" ObKeinKontakt="4" ObjArtID="177" Merkmal="0.0" ObjInfo="K.D.Grün"/>
  <Objekte ObjID="4427" ObjAufnahme="1997-03-18" ObjLetztKontakt="1997-05-13" ObjStrasseID="6771" ObjHausnummer="Hebbelstraße 69" ObjVorlage="2013-09-11 00:00:00.0" ObKeinKontakt="4" ObjArtID="177" Merkmal="0.0" ObjInfo="Land Niedersachen"/>
  <Objekte ObjID="4428" ObjAufnahme="1997-03-18" ObjLetztKontakt="1997-05-13" ObjStrasseID="6771" ObjHausnummer="Hebbelstraße 73" ObjVorlage="2013-09-11 00:00:00.0" ObKeinKontakt="4" ObjArtID="177" Merkmal="0.0" ObjInfo="Turn- u. Sportverein Fortuna Sachsenroß von 1891 e.V., Hebbelstr. 73, 30179 Hannover, 0511-6044646"/>
  <Objekte ObjID="4429" ObjAufnahme="1997-03-18" ObjLetztKontakt="1997-05-13" ObjStrasseID="6771" ObjHausnummer="Hebbelstraße 89" ObjVorlage="2013-09-11 00:00:00.0" ObKeinKontakt="4" ObjArtID="177" Merkmal="0.0" ObjInfo="O.Krüger Holbeinstraße 16"/>
  <Objekte ObjID="4430" ObjAufnahme="1997-03-18" ObjLetztKontakt="1997-05-13" ObjStrasseID="6105" ObjHausnummer="Bülowstraße 7" ObjVorlage="1997-08-06 00:00:00.0" ObKeinKontakt="6" ObjArtID="1" Merkmal="0.0" ObjInfo="Mieter:Ackermann Thomas, Bülowstr. 7, 30163 Hannover, 0511-625111&#xD;&#xA;Bielefeld-Tavli Karin, Bülowstr. 7, 30163 Hannover, 0511-627381&#xD;&#xA;Thoden Olaf, Bülowstr. 7, 30163 Hannover, 0511-625142&#xD;&#xA;Wessel Klaus u. Eveline, Bülowstr. 7, 30163 Hannover, 0511-665120"/>
  <Objekte ObjID="4431" ObjAufnahme="1997-03-18" ObjLetztKontakt="1997-05-13" ObjStrasseID="8095" ObjHausnummer="Schneiderberg 4" ObjVorlage="1997-08-06 00:00:00.0" ObKeinKontakt="6" ObjArtID="1" Merkmal="0.0"/>
  <Objekte ObjID="4435" ObjAufnahme="1997-03-18" ObjLetztKontakt="1997-05-13" ObjStrasseID="8583" ObjHausnummer="Werderstraße 5" ObjVorlage="1997-09-15 00:00:00.0" ObKeinKontakt="1" ObjArtID="177" Merkmal="0.0" ObjInfo="Mieter:Gellerich E., Werderstr. 4, 30161 Hannover, 0511-315270&#xD;&#xA;Lotze Anne, Werderstr. 4, 30161 Hannover, 0511-318196&#xD;&#xA;Naujokat Hans, Werderstr. 4, 30161 Hannover, 0511-332916&#xD;&#xA;Schröder Ursula, Werderstr. 4, 30161 Hannover, 0511-332426&#xD;&#xA;Stange Manfred, Wer&#xD;&#xA;4436"/>
  <Objekte ObjID="4437" ObjAufnahme="1997-03-18" ObjLetztKontakt="1997-05-13" ObjStrasseID="5881" ObjHausnummer="Baumbachstraße 4" ObjVorlage="2013-09-11 00:00:00.0" ObKeinKontakt="4" ObjArtID="127" Merkmal="0.0" ObjInfo="Horst gille 660511"/>
  <Objekte ObjID="4438" ObjAufnahme="1997-03-18" ObjLetztKontakt="2001-10-25" ObjStrasseID="5881" ObjHausnummer="Baumbachstraße 6" ObjVorlage="2013-09-11 00:00:00.0" ObKeinKontakt="9" ObjArtID="132" Merkmal="0.0" ObjInfo="415135\N-O-Loggia"/>
  <Objekte ObjID="4440" ObjAufnahme="1997-03-18" ObjLetztKontakt="1997-05-13" ObjStrasseID="5881" ObjHausnummer="Baumbachstraße 7" ObjVorlage="2013-09-11 00:00:00.0" ObKeinKontakt="4" ObjArtID="1" Merkmal="0.0" ObjInfo="Klingebiel"/>
  <Objekte ObjID="4441" ObjAufnahme="1997-03-18" ObjLetztKontakt="2000-03-30" ObjStrasseID="5881" ObjHausnummer="Baumbachstraße 8" ObjVorlage="2013-09-11 00:00:00.0" ObKeinKontakt="2" ObjArtID="1" Merkmal="0.0" ObjInfo="Gemeinützige Deutsche Wohnungsbaugesellschaft"/>
  <Objekte ObjID="4442" ObjAufnahme="1997-03-18" ObjLetztKontakt="1997-05-13" ObjStrasseID="5881" ObjHausnummer="Baumbachstraße 1" ObjVorlage="2013-09-11 00:00:00.0" ObKeinKontakt="4" ObjArtID="1" Merkmal="0.0" ObjInfo="Horst Rudolph , 661354"/>
  <Objekte ObjID="4443" ObjAufnahme="1997-03-18" ObjLetztKontakt="1997-05-13" ObjStrasseID="5881" ObjHausnummer="Baumbachstraße 2" ObjVorlage="2013-09-11 00:00:00.0" ObKeinKontakt="4" ObjArtID="1" Merkmal="0.0" ObjInfo="Herr Möller 625207"/>
  <Objekte ObjID="4444" ObjAufnahme="1997-03-18" ObjLetztKontakt="2000-03-30" ObjStrasseID="5881" ObjHausnummer="Baumbachstraße 3" ObjVorlage="2013-09-11 00:00:00.0" ObKeinKontakt="2" ObjArtID="1" Merkmal="0.0" ObjInfo="Wendt"/>
  <Objekte ObjID="4445" ObjAufnahme="1997-03-18" ObjLetztKontakt="1997-05-13" ObjStrasseID="6450" ObjHausnummer="Franz-Bork-Straße 11" ObjVorlage="2013-09-11 00:00:00.0" ObKeinKontakt="4" ObjArtID="1" Merkmal="0.0" ObjInfo="W.Birtsch"/>
  <Objekte ObjID="4446" ObjAufnahme="1997-03-18" ObjLetztKontakt="1997-05-13" ObjStrasseID="6450" ObjHausnummer="Franz-Bork-Straße 13" ObjVorlage="2013-09-11 00:00:00.0" ObKeinKontakt="4" ObjArtID="1" Merkmal="0.0"/>
  <Objekte ObjID="4447" ObjAufnahme="1997-03-18" ObjLetztKontakt="1997-05-13" ObjStrasseID="6450" ObjHausnummer="Franz-Bork-Straße 15" ObjVorlage="2013-09-11 00:00:00.0" ObKeinKontakt="4" ObjArtID="1" Merkmal="0.0" ObjInfo="F.reimann"/>
  <Objekte ObjID="4448" ObjAufnahme="1997-03-18" ObjLetztKontakt="1997-05-13" ObjStrasseID="6450" ObjHausnummer="Franz-Bork-Straße 17" ObjVorlage="2013-09-11 00:00:00.0" ObKeinKontakt="4" ObjArtID="1" Merkmal="0.0" ObjInfo="Wilhelm Bansen"/>
  <Objekte ObjID="4449" ObjAufnahme="1997-03-18" ObjLetztKontakt="1997-05-13" ObjStrasseID="6450" ObjHausnummer="Franz-Bork-Straße 19" ObjVorlage="2013-09-11 00:00:00.0" ObKeinKontakt="4" ObjArtID="1" Merkmal="0.0" ObjInfo="W.Schumann"/>
  <Objekte ObjID="4450" ObjAufnahme="1997-03-18" ObjLetztKontakt="1997-05-13" ObjStrasseID="6450" ObjHausnummer="Franz-Bork-Straße 21" ObjVorlage="2013-09-11 00:00:00.0" ObKeinKontakt="4" ObjArtID="1" Merkmal="0.0"/>
  <Objekte ObjID="4451" ObjAufnahme="1997-03-18" ObjLetztKontakt="1997-05-13" ObjStrasseID="8158" ObjHausnummer="Seidelstraße 5" ObjVorlage="2013-09-11 00:00:00.0" ObKeinKontakt="4" ObjArtID="1" Merkmal="0.0"/>
  <Objekte ObjID="4452" ObjAufnahme="1997-03-18" ObjLetztKontakt="1997-05-13" ObjStrasseID="8158" ObjHausnummer="Seidelstraße 6" ObjVorlage="2013-09-11 00:00:00.0" ObKeinKontakt="4" ObjArtID="1" Merkmal="0.0" ObjInfo="Herr Walbaum"/>
  <Objekte ObjID="4453" ObjAufnahme="1997-03-18" ObjLetztKontakt="1997-05-13" ObjStrasseID="8158" ObjHausnummer="Seidelstraße 7" ObjVorlage="2013-09-11 00:00:00.0" ObKeinKontakt="4" ObjArtID="1" Merkmal="0.0" ObjInfo="K.H.Helke"/>
  <Objekte ObjID="4454" ObjAufnahme="1997-03-18" ObjLetztKontakt="1997-05-13" ObjStrasseID="8158" ObjHausnummer="Seidelstraße 8" ObjVorlage="2013-09-11 00:00:00.0" ObKeinKontakt="4" ObjArtID="1" Merkmal="0.0" ObjInfo="Herren Lange , Am Billigensborn 20 375774 Einbeck, OT Strothagen"/>
  <Objekte ObjID="4455" ObjAufnahme="1997-03-18" ObjLetztKontakt="1997-05-13" ObjStrasseID="6584" ObjHausnummer="Göbelstraße 2" ObjVorlage="2013-09-11 00:00:00.0" ObKeinKontakt="4" ObjArtID="1" Merkmal="0.0" ObjInfo="[ Herr Stankewitz, i.H., 0511/ 623628 ]"/>
  <Objekte ObjID="4456" ObjAufnahme="1997-03-18" ObjLetztKontakt="1997-05-13" ObjStrasseID="6584" ObjHausnummer="Göbelstraße 6" ObjVorlage="2013-09-11 00:00:00.0" ObKeinKontakt="4" ObjArtID="1" Merkmal="0.0" ObjInfo="[ Eheleute Henrich, i.H. ]"/>
  <Objekte ObjID="4457" ObjAufnahme="1997-03-18" ObjLetztKontakt="1997-05-13" ObjStrasseID="6584" ObjHausnummer="Göbelstraße 10" ObjVorlage="2013-09-11 00:00:00.0" ObKeinKontakt="4" ObjArtID="1" Merkmal="0.0"/>
  <Objekte ObjID="4458" ObjAufnahme="1997-03-18" ObjLetztKontakt="1997-05-13" ObjStrasseID="7408" ObjHausnummer="Lister Straße 27" ObjVorlage="2013-09-11 00:00:00.0" ObKeinKontakt="4" ObjArtID="1" Merkmal="0.0"/>
  <Objekte ObjID="4459" ObjAufnahme="1997-03-18" ObjLetztKontakt="1997-05-13" ObjStrasseID="7408" ObjHausnummer="Lister Straße 28" ObjVorlage="2013-09-11 00:00:00.0" ObKeinKontakt="4" ObjArtID="1" Merkmal="0.0"/>
  <Objekte ObjID="4460" ObjAufnahme="1997-03-18" ObjLetztKontakt="1997-05-13" ObjStrasseID="7408" ObjHausnummer="Lister Straße 30" ObjVorlage="2013-09-11 00:00:00.0" ObKeinKontakt="4" ObjArtID="1" Merkmal="0.0"/>
  <Objekte ObjID="4461" ObjAufnahme="1997-03-18" ObjLetztKontakt="1997-05-13" ObjStrasseID="7408" ObjHausnummer="Lister Straße 31" ObjVorlage="2013-09-11 00:00:00.0" ObKeinKontakt="4" ObjArtID="1" Merkmal="0.0"/>
  <Objekte ObjID="4462" ObjAufnahme="1997-03-18" ObjLetztKontakt="1997-05-13" ObjStrasseID="7408" ObjHausnummer="Lister Straße 34" ObjVorlage="2013-09-11 00:00:00.0" ObKeinKontakt="4" ObjArtID="1" Merkmal="0.0" ObjInfo="wie 34 A&#xD;&#xA;gehört Krötz"/>
  <Objekte ObjID="4463" ObjAufnahme="1997-03-18" ObjLetztKontakt="1997-05-13" ObjStrasseID="7408" ObjHausnummer="Lister Straße 34A" ObjVorlage="2013-09-11 00:00:00.0" ObKeinKontakt="1" ObjArtID="1" Merkmal="0.0" ObjInfo="Herr W.Kater Benzweg 15&#xD;&#xA;gehört Krötz"/>
  <Objekte ObjID="4464" ObjAufnahme="1997-03-18" ObjLetztKontakt="2004-10-19" ObjStrasseID="7408" ObjHausnummer="Lister Straße 35" ObjVorlage="2013-09-11 00:00:00.0" ObKeinKontakt="3" ObjArtID="1" Merkmal="0.0" ObjInfo="Berne, E. Mellendorfer Straße 2,oder Herr L.Stock"/>
  <Objekte ObjID="4465" ObjAufnahme="1997-03-18" ObjLetztKontakt="1997-05-13" ObjStrasseID="7408" ObjHausnummer="Lister Straße 38" ObjVorlage="2013-09-11 00:00:00.0" ObKeinKontakt="4" ObjArtID="1" Merkmal="0.0" ObjInfo="Herr H.Leichtfeld 623921"/>
  <Objekte ObjID="4467" ObjAufnahme="1997-03-18" ObjLetztKontakt="1997-05-13" ObjStrasseID="7408" ObjHausnummer="Lister Straße 2" ObjVorlage="2013-09-11 00:00:00.0" ObKeinKontakt="2" ObjArtID="1" Merkmal="0.0" ObjInfo="M.Bäre Mühlenbreite 1-6 31848 Bad Münder 05042-3327"/>
  <Objekte ObjID="4468" ObjAufnahme="1997-03-18" ObjLetztKontakt="1997-05-13" ObjStrasseID="7408" ObjHausnummer="Lister Straße 3" ObjVorlage="2013-09-11 00:00:00.0" ObKeinKontakt="4" ObjArtID="1" Merkmal="0.0"/>
  <Objekte ObjID="4469" ObjAufnahme="1997-03-18" ObjLetztKontakt="1997-05-13" ObjStrasseID="7408" ObjHausnummer="Lister Straße 6" ObjVorlage="2013-09-11 00:00:00.0" ObKeinKontakt="4" ObjArtID="37" Merkmal="0.0"/>
  <Objekte ObjID="4470" ObjAufnahme="1997-03-18" ObjLetztKontakt="1997-05-13" ObjStrasseID="7408" ObjHausnummer="Lister Straße 12" ObjVorlage="2013-09-11 00:00:00.0" ObKeinKontakt="4" ObjArtID="1" Merkmal="0.0"/>
  <Objekte ObjID="4471" ObjAufnahme="1997-03-18" ObjLetztKontakt="1997-05-13" ObjStrasseID="7408" ObjHausnummer="Lister Straße 15" ObjVorlage="2013-09-11 00:00:00.0" ObKeinKontakt="4" ObjArtID="37" Merkmal="0.0"/>
  <Objekte ObjID="4472" ObjAufnahme="1997-03-18" ObjLetztKontakt="1997-05-13" ObjStrasseID="7408" ObjHausnummer="Lister Straße 17" ObjVorlage="2013-09-11 00:00:00.0" ObKeinKontakt="4" ObjArtID="1" Merkmal="0.0"/>
  <Objekte ObjID="4473" ObjAufnahme="1997-03-18" ObjLetztKontakt="1997-05-13" ObjStrasseID="7408" ObjHausnummer="Lister Straße 18" ObjVorlage="2013-09-11 00:00:00.0" ObKeinKontakt="4" ObjArtID="37" Merkmal="0.0"/>
  <Objekte ObjID="4474" ObjAufnahme="1997-03-18" ObjLetztKontakt="1997-05-13" ObjStrasseID="7408" ObjHausnummer="Lister Straße 19" ObjVorlage="2013-09-11 00:00:00.0" ObKeinKontakt="4" ObjArtID="1" Merkmal="0.0" ObjInfo="Mieter:"/>
  <Objekte ObjID="4475" ObjAufnahme="1997-03-18" ObjLetztKontakt="1997-05-13" ObjStrasseID="7408" ObjHausnummer="Lister Straße 20" ObjVorlage="2013-09-11 00:00:00.0" ObKeinKontakt="4" ObjArtID="1" Merkmal="0.0" ObjInfo="Mieter:"/>
  <Objekte ObjID="4476" ObjAufnahme="1997-03-18" ObjLetztKontakt="1997-05-13" ObjStrasseID="7408" ObjHausnummer="Lister Straße 21" ObjVorlage="2013-09-11 00:00:00.0" ObKeinKontakt="4" ObjArtID="1" Merkmal="0.0" ObjInfo="Mieter:"/>
  <Objekte ObjID="4477" ObjAufnahme="1997-03-18" ObjLetztKontakt="1997-05-13" ObjStrasseID="7984" ObjHausnummer="Rühmkorffstraße 7" ObjVorlage="2013-09-11 00:00:00.0" ObKeinKontakt="4" ObjArtID="1" Merkmal="0.0"/>
  <Objekte ObjID="4478" ObjAufnahme="1997-03-18" ObjLetztKontakt="1997-05-13" ObjStrasseID="7984" ObjHausnummer="Rühmkorffstraße 8" ObjVorlage="2013-09-11 00:00:00.0" ObKeinKontakt="1" ObjArtID="1" Merkmal="0.0"/>
  <Objekte ObjID="4479" ObjAufnahme="1997-03-18" ObjLetztKontakt="1997-05-13" ObjStrasseID="6450" ObjHausnummer="Franz-Bork-Straße 12" ObjVorlage="2013-09-11 00:00:00.0" ObKeinKontakt="1" ObjArtID="1" Merkmal="0.0"/>
  <Objekte ObjID="4480" ObjAufnahme="1997-03-18" ObjLetztKontakt="1997-05-13" ObjStrasseID="6450" ObjHausnummer="Franz-Bork-Straße 10" ObjVorlage="2013-09-11 00:00:00.0" ObKeinKontakt="1" ObjArtID="1" Merkmal="0.0"/>
  <Objekte ObjID="4481" ObjAufnahme="1997-03-18" ObjLetztKontakt="1997-05-13" ObjStrasseID="6450" ObjHausnummer="Franz-Bork-Straße 4" ObjVorlage="2013-09-11 00:00:00.0" ObKeinKontakt="1" ObjArtID="1" Merkmal="0.0"/>
  <Objekte ObjID="4483" ObjAufnahme="1997-03-18" ObjLetztKontakt="1997-05-13" ObjStrasseID="6450" ObjHausnummer="Franz-Bork-Straße 1" ObjVorlage="2013-09-11 00:00:00.0" ObKeinKontakt="1" ObjArtID="1" Merkmal="0.0"/>
  <Objekte ObjID="4484" ObjAufnahme="1997-03-18" ObjLetztKontakt="1997-05-13" ObjStrasseID="6450" ObjHausnummer="Franz-Bork-Straße 3" ObjVorlage="2013-09-11 00:00:00.0" ObKeinKontakt="1" ObjArtID="1" Merkmal="0.0"/>
  <Objekte ObjID="4485" ObjAufnahme="1997-03-18" ObjLetztKontakt="1997-05-13" ObjStrasseID="6450" ObjHausnummer="Franz-Bork-Straße 5" ObjVorlage="2013-09-11 00:00:00.0" ObKeinKontakt="1" ObjArtID="1" Merkmal="0.0"/>
  <Objekte ObjID="4486" ObjAufnahme="1997-03-18" ObjLetztKontakt="1997-05-13" ObjStrasseID="6450" ObjHausnummer="Franz-Bork-Straße 7" ObjVorlage="2013-09-11 00:00:00.0" ObKeinKontakt="1" ObjArtID="177" Merkmal="0.0"/>
  <Objekte ObjID="4487" ObjAufnahme="1997-03-18" ObjLetztKontakt="1997-05-13" ObjStrasseID="6450" ObjHausnummer="Franz-Bork-Straße 9" ObjVorlage="2013-09-11 00:00:00.0" ObKeinKontakt="1" ObjArtID="1" Merkmal="0.0" ObjInfo="Grimpe W. Bhn. Dir. i.R. Köln Müller H. Podbi 40"/>
  <Objekte ObjID="4488" ObjAufnahme="1997-03-18" ObjLetztKontakt="1997-05-13" ObjStrasseID="7984" ObjHausnummer="Rühmkorffstraße 10" ObjVorlage="2013-09-11 00:00:00.0" ObKeinKontakt="1" ObjArtID="77" Merkmal="0.0" ObjInfo="Eigentümergemeinschaft"/>
  <Objekte ObjID="4489" ObjAufnahme="1997-03-18" ObjLetztKontakt="1997-05-13" ObjStrasseID="7984" ObjHausnummer="Rühmkorffstraße 11" ObjVorlage="2013-09-11 00:00:00.0" ObKeinKontakt="1" ObjArtID="1" Merkmal="0.0" ObjInfo="Eigentümergemeinschaft"/>
  <Objekte ObjID="4490" ObjAufnahme="1997-03-18" ObjLetztKontakt="1997-05-13" ObjStrasseID="7984" ObjHausnummer="Rühmkorffstraße 12" ObjVorlage="2013-09-11 00:00:00.0" ObKeinKontakt="1" ObjArtID="1" Merkmal="0.0" ObjInfo="H.Bahlsen Grundstücksverwaltung Podbi 11 außerdem Verwaltung Firma Beste Marketing"/>
  <Objekte ObjID="4491" ObjAufnahme="1997-03-18" ObjLetztKontakt="2001-06-12" ObjStrasseID="7984" ObjHausnummer="Rühmkorffstraße 13" ObjVorlage="2013-09-11 00:00:00.0" ObKeinKontakt="9" ObjArtID="105" Merkmal="0.0" ObjInfo="510160\Blk.Ost"/>
  <Objekte ObjID="4492" ObjAufnahme="1997-03-18" ObjLetztKontakt="1997-05-13" ObjStrasseID="7984" ObjHausnummer="Rühmkorffstraße 14" ObjVorlage="2013-09-11 00:00:00.0" ObKeinKontakt="1" ObjArtID="1" Merkmal="0.0" ObjInfo="Herren hartmann u. Albert Savannenweg 30 30455 Hannover 495742"/>
  <Objekte ObjID="4493" ObjAufnahme="1997-03-18" ObjLetztKontakt="1997-05-13" ObjStrasseID="7984" ObjHausnummer="Rühmkorffstraße 15" ObjVorlage="2013-09-11 00:00:00.0" ObKeinKontakt="1" ObjArtID="1" Merkmal="0.0"/>
  <Objekte ObjID="4494" ObjAufnahme="1997-03-18" ObjLetztKontakt="1997-05-13" ObjStrasseID="7984" ObjHausnummer="Rühmkorffstraße 16" ObjVorlage="2013-09-11 00:00:00.0" ObKeinKontakt="1" ObjArtID="1" Merkmal="0.0" ObjInfo="Frau K. Wichtendahl"/>
  <Objekte ObjID="4495" ObjAufnahme="1997-03-18" ObjLetztKontakt="1997-05-13" ObjStrasseID="7984" ObjHausnummer="Rühmkorffstraße 17" ObjVorlage="2013-09-11 00:00:00.0" ObKeinKontakt="1" ObjArtID="1" Merkmal="0.0"/>
  <Objekte ObjID="4496" ObjAufnahme="1997-03-18" ObjLetztKontakt="1997-05-13" ObjStrasseID="7984" ObjHausnummer="Rühmkorffstraße 18" ObjVorlage="2013-09-11 00:00:00.0" ObKeinKontakt="1" ObjArtID="1" Merkmal="0.0" ObjInfo="Ev. ref. Kirchengemeinde Lavesallee 4 30169 Hannover 1316497"/>
  <Objekte ObjID="4497" ObjAufnahme="1997-03-18" ObjLetztKontakt="1997-05-13" ObjStrasseID="7984" ObjHausnummer="Rühmkorffstraße 19" ObjVorlage="2013-09-11 00:00:00.0" ObKeinKontakt="1" ObjArtID="1" Merkmal="0.0" ObjInfo="Firma Fränkel &amp; Partner Hinüberstraße 19 30175 hannover Tel 345323, FAX 345975"/>
  <Objekte ObjID="4498" ObjAufnahme="1997-03-18" ObjLetztKontakt="1997-05-13" ObjStrasseID="7984" ObjHausnummer="Rühmkorffstraße 20" ObjVorlage="2013-09-11 00:00:00.0" ObKeinKontakt="1" ObjArtID="1" Merkmal="0.0" ObjInfo="siehe 19"/>
  <Objekte ObjID="4499" ObjAufnahme="1997-03-18" ObjLetztKontakt="1997-05-13" ObjStrasseID="7984" ObjHausnummer="Rühmkorffstraße 1A" ObjVorlage="2013-09-11 00:00:00.0" ObKeinKontakt="1" ObjArtID="1" Merkmal="0.0"/>
  <Objekte ObjID="4500" ObjAufnahme="1997-03-18" ObjLetztKontakt="1997-05-13" ObjStrasseID="7984" ObjHausnummer="Rühmkorffstraße 1" ObjVorlage="2013-09-11 00:00:00.0" ObKeinKontakt="1" ObjArtID="1" Merkmal="0.0"/>
  <Objekte ObjID="4501" ObjAufnahme="1997-03-18" ObjLetztKontakt="1997-05-13" ObjStrasseID="7984" ObjHausnummer="Rühmkorffstraße 2" ObjVorlage="2013-09-11 00:00:00.0" ObKeinKontakt="1" ObjArtID="1" Merkmal="0.0"/>
  <Objekte ObjID="4502" ObjAufnahme="1997-03-18" ObjLetztKontakt="1997-05-13" ObjStrasseID="7984" ObjHausnummer="Rühmkorffstraße 3" ObjVorlage="2013-09-11 00:00:00.0" ObKeinKontakt="1" ObjArtID="1" Merkmal="0.0"/>
  <Objekte ObjID="4503" ObjAufnahme="1997-03-18" ObjLetztKontakt="1997-05-13" ObjStrasseID="7984" ObjHausnummer="Rühmkorffstraße 4" ObjVorlage="2013-09-11 00:00:00.0" ObKeinKontakt="1" ObjArtID="1" Merkmal="0.0"/>
  <Objekte ObjID="4504" ObjAufnahme="1997-03-18" ObjLetztKontakt="1997-05-13" ObjStrasseID="7984" ObjHausnummer="Rühmkorffstraße 5" ObjVorlage="2013-09-11 00:00:00.0" ObKeinKontakt="1" ObjArtID="1" Merkmal="0.0"/>
  <Objekte ObjID="4505" ObjAufnahme="1997-03-18" ObjLetztKontakt="1997-05-13" ObjStrasseID="7984" ObjHausnummer="Rühmkorffstraße 6" ObjVorlage="2013-09-11 00:00:00.0" ObKeinKontakt="1" ObjArtID="1" Merkmal="0.0"/>
  <Objekte ObjID="4506" ObjAufnahme="1997-03-18" ObjLetztKontakt="1997-05-13" ObjStrasseID="8509" ObjHausnummer="Waldstraße 1" ObjVorlage="2013-09-11 00:00:00.0" ObKeinKontakt="1" ObjArtID="1" Merkmal="0.0" ObjInfo="Land Niedersachen Straßenbauamt"/>
  <Objekte ObjID="4507" ObjAufnahme="1997-03-18" ObjLetztKontakt="1997-05-13" ObjStrasseID="8509" ObjHausnummer="Waldstraße 47" ObjVorlage="2013-09-11 00:00:00.0" ObKeinKontakt="1" ObjArtID="1" Merkmal="0.0" ObjInfo="Stadt hannover Bauverwaltungsamt"/>
  <Objekte ObjID="4509" ObjAufnahme="1997-03-18" ObjLetztKontakt="1997-05-13" ObjStrasseID="8509" ObjHausnummer="Waldstraße 46" ObjVorlage="2013-09-11 00:00:00.0" ObKeinKontakt="1" ObjArtID="1" Merkmal="0.0" ObjInfo="Lerche-Erdmann"/>
  <Objekte ObjID="4510" ObjAufnahme="1997-03-18" ObjLetztKontakt="1997-05-13" ObjStrasseID="8509" ObjHausnummer="Waldstraße 45" ObjVorlage="2013-09-11 00:00:00.0" ObKeinKontakt="1" ObjArtID="1" Merkmal="0.0"/>
  <Objekte ObjID="4511" ObjAufnahme="1997-03-18" ObjLetztKontakt="1997-05-13" ObjStrasseID="8509" ObjHausnummer="Waldstraße 3" ObjVorlage="2013-09-11 00:00:00.0" ObKeinKontakt="1" ObjArtID="1" Merkmal="0.0"/>
  <Objekte ObjID="4512" ObjAufnahme="1997-03-18" ObjLetztKontakt="1997-05-13" ObjStrasseID="8509" ObjHausnummer="Waldstraße 4" ObjVorlage="2013-09-11 00:00:00.0" ObKeinKontakt="1" ObjArtID="1" Merkmal="0.0"/>
  <Objekte ObjID="4513" ObjAufnahme="1997-03-18" ObjLetztKontakt="1997-05-13" ObjStrasseID="8509" ObjHausnummer="Waldstraße 5" ObjVorlage="2013-09-11 00:00:00.0" ObKeinKontakt="1" ObjArtID="1" Merkmal="0.0"/>
  <Objekte ObjID="4514" ObjAufnahme="1997-03-18" ObjLetztKontakt="1997-05-13" ObjStrasseID="8509" ObjHausnummer="Waldstraße 6" ObjVorlage="2013-09-11 00:00:00.0" ObKeinKontakt="1" ObjArtID="1" Merkmal="0.0"/>
  <Objekte ObjID="4515" ObjAufnahme="1997-03-18" ObjLetztKontakt="1997-05-13" ObjStrasseID="8509" ObjHausnummer="Waldstraße 7" ObjVorlage="2013-09-11 00:00:00.0" ObKeinKontakt="1" ObjArtID="1" Merkmal="0.0"/>
  <Objekte ObjID="4516" ObjAufnahme="1997-03-18" ObjLetztKontakt="1997-05-13" ObjStrasseID="8509" ObjHausnummer="Waldstraße 8" ObjVorlage="2013-09-11 00:00:00.0" ObKeinKontakt="1" ObjArtID="1" Merkmal="0.0"/>
  <Objekte ObjID="4517" ObjAufnahme="1997-03-18" ObjLetztKontakt="1997-05-13" ObjStrasseID="8509" ObjHausnummer="Waldstraße 10" ObjVorlage="2013-09-11 00:00:00.0" ObKeinKontakt="1" ObjArtID="1" Merkmal="0.0"/>
  <Objekte ObjID="4518" ObjAufnahme="1997-03-18" ObjLetztKontakt="1997-05-13" ObjStrasseID="8509" ObjHausnummer="Waldstraße 10A" ObjVorlage="2013-09-11 00:00:00.0" ObKeinKontakt="1" ObjArtID="1" Merkmal="0.0"/>
  <Objekte ObjID="4519" ObjAufnahme="1997-03-18" ObjLetztKontakt="1997-05-13" ObjStrasseID="8509" ObjHausnummer="Waldstraße 11" ObjVorlage="2013-09-11 00:00:00.0" ObKeinKontakt="1" ObjArtID="1" Merkmal="0.0"/>
  <Objekte ObjID="4520" ObjAufnahme="1997-03-18" ObjLetztKontakt="1997-05-13" ObjStrasseID="8509" ObjHausnummer="Waldstraße 12" ObjVorlage="2013-09-11 00:00:00.0" ObKeinKontakt="1" ObjArtID="1" Merkmal="0.0"/>
  <Objekte ObjID="4521" ObjAufnahme="1997-03-18" ObjLetztKontakt="1997-05-13" ObjStrasseID="8509" ObjHausnummer="Waldstraße 13" ObjVorlage="2013-09-11 00:00:00.0" ObKeinKontakt="1" ObjArtID="1" Merkmal="0.0"/>
  <Objekte ObjID="4522" ObjAufnahme="1997-03-18" ObjLetztKontakt="1997-05-13" ObjStrasseID="8509" ObjHausnummer="Waldstraße 15" ObjVorlage="2013-09-11 00:00:00.0" ObKeinKontakt="1" ObjArtID="1" Merkmal="0.0"/>
  <Objekte ObjID="4523" ObjAufnahme="1997-03-18" ObjLetztKontakt="1997-05-13" ObjStrasseID="8509" ObjHausnummer="Waldstraße 16" ObjVorlage="2013-09-11 00:00:00.0" ObKeinKontakt="1" ObjArtID="1" Merkmal="0.0"/>
  <Objekte ObjID="4524" ObjAufnahme="1997-03-18" ObjLetztKontakt="1997-05-13" ObjStrasseID="8509" ObjHausnummer="Waldstraße 17" ObjVorlage="2013-09-11 00:00:00.0" ObKeinKontakt="1" ObjArtID="1" Merkmal="0.0"/>
  <Objekte ObjID="4525" ObjAufnahme="1997-03-18" ObjLetztKontakt="1997-05-13" ObjStrasseID="8509" ObjHausnummer="Waldstraße 18" ObjVorlage="2013-09-11 00:00:00.0" ObKeinKontakt="1" ObjArtID="1" Merkmal="0.0"/>
  <Objekte ObjID="4526" ObjAufnahme="1997-03-18" ObjLetztKontakt="1997-05-13" ObjStrasseID="8509" ObjHausnummer="Waldstraße 19" ObjVorlage="2013-09-11 00:00:00.0" ObKeinKontakt="1" ObjArtID="1" Merkmal="0.0"/>
  <Objekte ObjID="4527" ObjAufnahme="1997-03-18" ObjLetztKontakt="1997-05-13" ObjStrasseID="8509" ObjHausnummer="Waldstraße 20" ObjVorlage="2013-09-11 00:00:00.0" ObKeinKontakt="1" ObjArtID="177" Merkmal="0.0"/>
  <Objekte ObjID="4528" ObjAufnahme="1997-03-18" ObjLetztKontakt="2001-01-15" ObjStrasseID="8509" ObjHausnummer="Waldstraße 21" ObjVorlage="2013-09-11 00:00:00.0" ObKeinKontakt="1" ObjArtID="1" Merkmal="0.0"/>
  <Objekte ObjID="4529" ObjAufnahme="1997-03-18" ObjLetztKontakt="1997-05-13" ObjStrasseID="8509" ObjHausnummer="Waldstraße 22" ObjVorlage="2013-09-11 00:00:00.0" ObKeinKontakt="1" ObjArtID="1" Merkmal="0.0"/>
  <Objekte ObjID="4530" ObjAufnahme="1997-03-18" ObjLetztKontakt="2001-07-26" ObjStrasseID="8509" ObjHausnummer="Waldstraße 23" ObjVorlage="2013-09-11 00:00:00.0" ObKeinKontakt="2" ObjArtID="84" Merkmal="0.0" ObjInfo="465144\Blk. Nord"/>
  <Objekte ObjID="4531" ObjAufnahme="1997-03-18" ObjLetztKontakt="1997-05-13" ObjStrasseID="8509" ObjHausnummer="Waldstraße 25" ObjVorlage="2013-09-11 00:00:00.0" ObKeinKontakt="1" ObjArtID="1" Merkmal="0.0"/>
  <Objekte ObjID="4532" ObjAufnahme="1997-03-18" ObjLetztKontakt="1997-05-13" ObjStrasseID="8509" ObjHausnummer="Waldstraße 27" ObjVorlage="2013-09-11 00:00:00.0" ObKeinKontakt="1" ObjArtID="1" Merkmal="0.0" ObjInfo="hausmeister Herr Lindau Kollenrodtstr. 51 Verwalter : Herr Dirks Callinstr. Tel. 708488"/>
  <Objekte ObjID="4533" ObjAufnahme="1997-03-18" ObjLetztKontakt="1997-05-13" ObjStrasseID="8509" ObjHausnummer="Waldstraße 28" ObjVorlage="2013-09-11 00:00:00.0" ObKeinKontakt="1" ObjArtID="1" Merkmal="0.0"/>
  <Objekte ObjID="4534" ObjAufnahme="1997-03-18" ObjLetztKontakt="1997-05-13" ObjStrasseID="8509" ObjHausnummer="Waldstraße 29" ObjVorlage="2013-09-11 00:00:00.0" ObKeinKontakt="1" ObjArtID="1" Merkmal="0.0" ObjInfo="Herr Preußter Tel. 665422, 667942"/>
  <Objekte ObjID="4535" ObjAufnahme="1997-03-18" ObjLetztKontakt="1997-05-13" ObjStrasseID="8509" ObjHausnummer="Waldstraße 30" ObjVorlage="2013-09-11 00:00:00.0" ObKeinKontakt="1" ObjArtID="1" Merkmal="0.0"/>
  <Objekte ObjID="4536" ObjAufnahme="1997-03-18" ObjLetztKontakt="1997-05-13" ObjStrasseID="8509" ObjHausnummer="Waldstraße 31" ObjVorlage="2013-09-11 00:00:00.0" ObKeinKontakt="1" ObjArtID="1" Merkmal="0.0"/>
  <Objekte ObjID="4537" ObjAufnahme="1997-03-18" ObjLetztKontakt="1997-05-13" ObjStrasseID="8509" ObjHausnummer="Waldstraße 32" ObjVorlage="2013-09-11 00:00:00.0" ObKeinKontakt="1" ObjArtID="1" Merkmal="0.0" ObjInfo="Lewek G:"/>
  <Objekte ObjID="4538" ObjAufnahme="1997-03-18" ObjLetztKontakt="1997-05-13" ObjStrasseID="8509" ObjHausnummer="Waldstraße 33" ObjVorlage="2013-09-11 00:00:00.0" ObKeinKontakt="1" ObjArtID="1" Merkmal="0.0"/>
  <Objekte ObjID="4539" ObjAufnahme="1997-03-18" ObjLetztKontakt="1997-05-13" ObjStrasseID="8509" ObjHausnummer="Waldstraße 34" ObjVorlage="2013-09-11 00:00:00.0" ObKeinKontakt="1" ObjArtID="1" Merkmal="0.0" ObjInfo="Erbengem. Sprögel"/>
  <Objekte ObjID="4540" ObjAufnahme="1997-03-18" ObjLetztKontakt="1997-05-13" ObjStrasseID="8509" ObjHausnummer="Waldstraße 35" ObjVorlage="2013-09-11 00:00:00.0" ObKeinKontakt="1" ObjArtID="1" Merkmal="0.0"/>
  <Objekte ObjID="4541" ObjAufnahme="1997-03-18" ObjLetztKontakt="1999-07-08" ObjStrasseID="8509" ObjHausnummer="Waldstraße 36" ObjVorlage="2013-09-11 00:00:00.0" ObKeinKontakt="1" ObjArtID="75" Merkmal="0.9999999999999999" ObjInfo="258631200Büro,Grg.mgl.verm. bis 2003"/>
  <Objekte ObjID="4542" ObjAufnahme="1997-03-18" ObjLetztKontakt="1997-05-13" ObjStrasseID="8509" ObjHausnummer="Waldstraße 38" ObjVorlage="2013-09-11 00:00:00.0" ObKeinKontakt="9" ObjArtID="76" Merkmal="0.0" ObjInfo="335108\S-Blk."/>
  <Objekte ObjID="4543" ObjAufnahme="1997-03-18" ObjLetztKontakt="1997-05-13" ObjStrasseID="8509" ObjHausnummer="Waldstraße 39" ObjVorlage="2013-09-11 00:00:00.0" ObKeinKontakt="1" ObjArtID="1" Merkmal="0.0"/>
  <Objekte ObjID="4544" ObjAufnahme="1997-03-18" ObjLetztKontakt="1997-05-13" ObjStrasseID="8509" ObjHausnummer="Waldstraße 40" ObjVorlage="2013-09-11 00:00:00.0" ObKeinKontakt="1" ObjArtID="1" Merkmal="0.0"/>
  <Objekte ObjID="4545" ObjAufnahme="1997-03-18" ObjLetztKontakt="1997-05-13" ObjStrasseID="8509" ObjHausnummer="Waldstraße 41" ObjVorlage="2013-09-11 00:00:00.0" ObKeinKontakt="1" ObjArtID="1" Merkmal="0.0"/>
  <Objekte ObjID="4546" ObjAufnahme="1997-03-18" ObjLetztKontakt="1997-05-13" ObjStrasseID="8509" ObjHausnummer="Waldstraße 9" ObjVorlage="2013-09-11 00:00:00.0" ObKeinKontakt="1" ObjArtID="1" Merkmal="0.0"/>
  <Objekte ObjID="4547" ObjAufnahme="1997-03-18" ObjLetztKontakt="1997-05-13" ObjStrasseID="6942" ObjHausnummer="Husarenstraße 16" ObjVorlage="2013-09-11 00:00:00.0" ObKeinKontakt="1" ObjArtID="1" Merkmal="0.0"/>
  <Objekte ObjID="4548" ObjAufnahme="1997-03-18" ObjLetztKontakt="1997-05-13" ObjStrasseID="6942" ObjHausnummer="Husarenstraße 18" ObjVorlage="2013-09-11 00:00:00.0" ObKeinKontakt="1" ObjArtID="1" Merkmal="0.0"/>
  <Objekte ObjID="4549" ObjAufnahme="1997-03-18" ObjLetztKontakt="1997-05-13" ObjStrasseID="6942" ObjHausnummer="Husarenstraße 20" ObjVorlage="2013-09-11 00:00:00.0" ObKeinKontakt="1" ObjArtID="1" Merkmal="0.0"/>
  <Objekte ObjID="4550" ObjAufnahme="1997-03-18" ObjLetztKontakt="1997-05-13" ObjStrasseID="6942" ObjHausnummer="Husarenstraße 22" ObjVorlage="2013-09-11 00:00:00.0" ObKeinKontakt="1" ObjArtID="1" Merkmal="0.0"/>
  <Objekte ObjID="4551" ObjAufnahme="1997-03-18" ObjLetztKontakt="1997-05-13" ObjStrasseID="6942" ObjHausnummer="Husarenstraße 24" ObjVorlage="2013-09-11 00:00:00.0" ObKeinKontakt="1" ObjArtID="1" Merkmal="0.0"/>
  <Objekte ObjID="4552" ObjAufnahme="1997-03-18" ObjLetztKontakt="1997-05-13" ObjStrasseID="6942" ObjHausnummer="Husarenstraße 26" ObjVorlage="2013-09-11 00:00:00.0" ObKeinKontakt="1" ObjArtID="1" Merkmal="0.0"/>
  <Objekte ObjID="4553" ObjAufnahme="1997-03-18" ObjLetztKontakt="1997-05-13" ObjStrasseID="6942" ObjHausnummer="Husarenstraße 30" ObjVorlage="2013-09-11 00:00:00.0" ObKeinKontakt="1" ObjArtID="1" Merkmal="0.0"/>
  <Objekte ObjID="4554" ObjAufnahme="1997-03-18" ObjLetztKontakt="1997-05-13" ObjStrasseID="6942" ObjHausnummer="Husarenstraße 32" ObjVorlage="2013-09-11 00:00:00.0" ObKeinKontakt="1" ObjArtID="1" Merkmal="0.0"/>
  <Objekte ObjID="4555" ObjAufnahme="1997-03-18" ObjLetztKontakt="1997-05-13" ObjStrasseID="6942" ObjHausnummer="Husarenstraße 34" ObjVorlage="2013-09-11 00:00:00.0" ObKeinKontakt="1" ObjArtID="1" Merkmal="0.0"/>
  <Objekte ObjID="4556" ObjAufnahme="1997-03-18" ObjLetztKontakt="1997-05-13" ObjStrasseID="6942" ObjHausnummer="Husarenstraße 36" ObjVorlage="2013-09-11 00:00:00.0" ObKeinKontakt="1" ObjArtID="1" Merkmal="0.0"/>
  <Objekte ObjID="4557" ObjAufnahme="1997-03-18" ObjLetztKontakt="1997-05-13" ObjStrasseID="6942" ObjHausnummer="Husarenstraße 44" ObjVorlage="2013-09-11 00:00:00.0" ObKeinKontakt="1" ObjArtID="1" Merkmal="0.0"/>
  <Objekte ObjID="4558" ObjAufnahme="1997-03-18" ObjLetztKontakt="1997-05-13" ObjStrasseID="6942" ObjHausnummer="Husarenstraße 45" ObjVorlage="2013-09-11 00:00:00.0" ObKeinKontakt="1" ObjArtID="1" Merkmal="0.0" ObjInfo="[ Elisabeth Budde, i.H. ]"/>
  <Objekte ObjID="4559" ObjAufnahme="1997-03-18" ObjLetztKontakt="1997-05-13" ObjStrasseID="6942" ObjHausnummer="Husarenstraße 43" ObjVorlage="2013-09-11 00:00:00.0" ObKeinKontakt="1" ObjArtID="1" Merkmal="0.0"/>
  <Objekte ObjID="4560" ObjAufnahme="1997-03-18" ObjLetztKontakt="1997-05-13" ObjStrasseID="6942" ObjHausnummer="Husarenstraße 41" ObjVorlage="2013-09-11 00:00:00.0" ObKeinKontakt="1" ObjArtID="1" Merkmal="0.0" ObjInfo="[ Herr Beckmann Husarenstr. 41, 30163 Hannover ]"/>
  <Objekte ObjID="4561" ObjAufnahme="1997-03-18" ObjLetztKontakt="1997-05-13" ObjStrasseID="6942" ObjHausnummer="Husarenstraße 39" ObjVorlage="2013-09-11 00:00:00.0" ObKeinKontakt="1" ObjArtID="1" Merkmal="0.0" ObjInfo="[ Eigentümergemeinschaft, Verw. HWG 0511/ 326926 ]"/>
  <Objekte ObjID="4562" ObjAufnahme="1997-03-18" ObjLetztKontakt="1997-05-13" ObjStrasseID="6942" ObjHausnummer="Husarenstraße 33" ObjVorlage="2013-09-11 00:00:00.0" ObKeinKontakt="1" ObjArtID="1" Merkmal="0.0"/>
  <Objekte ObjID="4563" ObjAufnahme="1997-03-18" ObjLetztKontakt="1997-05-13" ObjStrasseID="6942" ObjHausnummer="Husarenstraße 31" ObjVorlage="2013-09-11 00:00:00.0" ObKeinKontakt="1" ObjArtID="1" Merkmal="0.0" ObjInfo="[ Herr Schöpker, Waldstr. 22, 05146/ 1559 ]"/>
  <Objekte ObjID="4564" ObjAufnahme="1997-03-18" ObjLetztKontakt="2013-05-13" ObjStrasseID="6942" ObjHausnummer="Husarenstraße 29" ObjVorlage="2013-09-11 00:00:00.0" ObKeinKontakt="2" ObjArtID="1" Merkmal="0.0" ObjInfo="[ Frau H. Weibchen, 0511/ 667946 ]"/>
  <Objekte ObjID="4565" ObjAufnahme="1997-03-18" ObjLetztKontakt="1997-05-13" ObjStrasseID="6942" ObjHausnummer="Husarenstraße 27" ObjVorlage="2013-09-11 00:00:00.0" ObKeinKontakt="1" ObjArtID="1" Merkmal="0.0"/>
  <Objekte ObjID="4566" ObjAufnahme="1997-03-18" ObjLetztKontakt="1997-05-13" ObjStrasseID="6942" ObjHausnummer="Husarenstraße 25" ObjVorlage="2013-09-11 00:00:00.0" ObKeinKontakt="1" ObjArtID="1" Merkmal="0.0" ObjInfo="[ Frau Futterer, Schlesigerstr., 31079 Almstadt, 05060/ 480 ]"/>
  <Objekte ObjID="4567" ObjAufnahme="1997-03-18" ObjLetztKontakt="1997-05-13" ObjStrasseID="6942" ObjHausnummer="Husarenstraße 23" ObjVorlage="2013-09-11 00:00:00.0" ObKeinKontakt="1" ObjArtID="1" Merkmal="0.0" ObjInfo="[ siehe Nr. 21 ]"/>
  <Objekte ObjID="4568" ObjAufnahme="1997-03-18" ObjLetztKontakt="1997-05-13" ObjStrasseID="6942" ObjHausnummer="Husarenstraße 21" ObjVorlage="2013-09-11 00:00:00.0" ObKeinKontakt="1" ObjArtID="1" Merkmal="0.0" ObjInfo="[ Wohnungsbaugenossenschaft Heimkehr, Allmerstr. 8/9, 30173 Hannover, 0511/ 980960 9"/>
  <Objekte ObjID="4569" ObjAufnahme="1997-03-18" ObjLetztKontakt="1997-05-13" ObjStrasseID="6942" ObjHausnummer="Husarenstraße 19" ObjVorlage="2013-09-11 00:00:00.0" ObKeinKontakt="1" ObjArtID="1" Merkmal="0.0" ObjInfo="[ Wohnungsbaugenossenschaft Heimkehr, Allmerstr. 8/9, 30173 Hannover, 0511/ 980960 ]"/>
  <Objekte ObjID="4570" ObjAufnahme="1997-03-18" ObjLetztKontakt="1997-05-13" ObjStrasseID="6942" ObjHausnummer="Husarenstraße 17" ObjVorlage="2013-09-11 00:00:00.0" ObKeinKontakt="1" ObjArtID="1" Merkmal="0.0" ObjInfo="[ Herr Hildebrand, Isernhagen, Verw. Herr K.-H. Tasler, Am Grünen Hagen 0511/ 417744]"/>
  <Objekte ObjID="4571" ObjAufnahme="1997-03-18" ObjLetztKontakt="1997-05-13" ObjStrasseID="6942" ObjHausnummer="Husarenstraße 15" ObjVorlage="2013-09-11 00:00:00.0" ObKeinKontakt="1" ObjArtID="1" Merkmal="0.0" ObjInfo="[ Erbengemeinschaft Sander, Am Schatzkampe, 0511/ 628696 ]"/>
  <Objekte ObjID="4572" ObjAufnahme="1997-03-18" ObjLetztKontakt="1997-05-13" ObjStrasseID="6942" ObjHausnummer="Husarenstraße 13" ObjVorlage="2013-09-11 00:00:00.0" ObKeinKontakt="1" ObjArtID="1" Merkmal="0.0" ObjInfo="[ Herr Mohr, Steinmetzstr., 30163 Hannover, evtl. Erbengemeinschaft ]"/>
  <Objekte ObjID="4573" ObjAufnahme="1997-03-18" ObjLetztKontakt="1997-05-13" ObjStrasseID="6942" ObjHausnummer="Husarenstraße 11" ObjVorlage="2013-09-11 00:00:00.0" ObKeinKontakt="1" ObjArtID="1" Merkmal="0.0"/>
  <Objekte ObjID="4574" ObjAufnahme="1997-03-18" ObjLetztKontakt="1997-05-13" ObjStrasseID="6942" ObjHausnummer="Husarenstraße 9" ObjVorlage="2013-09-11 00:00:00.0" ObKeinKontakt="1" ObjArtID="1" Merkmal="0.0" ObjInfo="["/>
  <Objekte ObjID="4575" ObjAufnahme="1997-03-18" ObjLetztKontakt="1997-05-13" ObjStrasseID="6942" ObjHausnummer="Husarenstraße 7" ObjVorlage="2013-09-11 00:00:00.0" ObKeinKontakt="4" ObjArtID="177" Merkmal="0.0" ObjInfo="[ Hack 0511/ 599016, Verw. Hecon 0511/ 420043] Hack oder Haack Immobilien Tel. 420043"/>
  <Objekte ObjID="4576" ObjAufnahme="1997-03-18" ObjLetztKontakt="1997-05-13" ObjStrasseID="6942" ObjHausnummer="Husarenstraße 5" ObjVorlage="2013-09-11 00:00:00.0" ObKeinKontakt="1" ObjArtID="1" Merkmal="0.0" ObjInfo="[ Erbengemeinschaft, Verw. Kössler 0511/ 835572]"/>
  <Objekte ObjID="4577" ObjAufnahme="1997-03-18" ObjLetztKontakt="1997-05-13" ObjStrasseID="6942" ObjHausnummer="Husarenstraße 4" ObjVorlage="2013-09-11 00:00:00.0" ObKeinKontakt="1" ObjArtID="1" Merkmal="0.0"/>
  <Objekte ObjID="4578" ObjAufnahme="1997-03-18" ObjLetztKontakt="1997-05-13" ObjStrasseID="6942" ObjHausnummer="Husarenstraße 6" ObjVorlage="2013-09-11 00:00:00.0" ObKeinKontakt="1" ObjArtID="1" Merkmal="0.0"/>
  <Objekte ObjID="4579" ObjAufnahme="1997-03-18" ObjLetztKontakt="1997-05-13" ObjStrasseID="6942" ObjHausnummer="Husarenstraße 8" ObjVorlage="2013-09-11 00:00:00.0" ObKeinKontakt="1" ObjArtID="1" Merkmal="0.0"/>
  <Objekte ObjID="4581" ObjAufnahme="1997-03-18" ObjLetztKontakt="1997-05-13" ObjStrasseID="6942" ObjHausnummer="Husarenstraße 10" ObjVorlage="2013-09-11 00:00:00.0" ObKeinKontakt="1" ObjArtID="1" Merkmal="0.0"/>
  <Objekte ObjID="4582" ObjAufnahme="1997-03-18" ObjLetztKontakt="1997-05-13" ObjStrasseID="6942" ObjHausnummer="Husarenstraße 12" ObjVorlage="2013-09-11 00:00:00.0" ObKeinKontakt="1" ObjArtID="1" Merkmal="0.0"/>
  <Objekte ObjID="4583" ObjAufnahme="1997-03-18" ObjLetztKontakt="1997-05-13" ObjStrasseID="6942" ObjHausnummer="Husarenstraße 14" ObjVorlage="2013-09-11 00:00:00.0" ObKeinKontakt="1" ObjArtID="1" Merkmal="0.0"/>
  <Objekte ObjID="4584" ObjAufnahme="1997-03-18" ObjLetztKontakt="1997-05-13" ObjStrasseID="6584" ObjHausnummer="Göbelstraße 22" ObjVorlage="2013-09-11 00:00:00.0" ObKeinKontakt="4" ObjArtID="1" Merkmal="0.0"/>
  <Objekte ObjID="4585" ObjAufnahme="1997-03-18" ObjLetztKontakt="1997-05-13" ObjStrasseID="6584" ObjHausnummer="Göbelstraße 20" ObjVorlage="2013-09-11 00:00:00.0" ObKeinKontakt="4" ObjArtID="1" Merkmal="0.0"/>
  <Objekte ObjID="4586" ObjAufnahme="1997-03-18" ObjLetztKontakt="1997-05-13" ObjStrasseID="6584" ObjHausnummer="Göbelstraße 18" ObjVorlage="2013-09-11 00:00:00.0" ObKeinKontakt="4" ObjArtID="1" Merkmal="0.0"/>
  <Objekte ObjID="4587" ObjAufnahme="1997-03-18" ObjLetztKontakt="1997-05-13" ObjStrasseID="6584" ObjHausnummer="Göbelstraße 16" ObjVorlage="2013-09-11 00:00:00.0" ObKeinKontakt="4" ObjArtID="1" Merkmal="0.0"/>
  <Objekte ObjID="4589" ObjAufnahme="1997-03-18" ObjLetztKontakt="1997-05-13" ObjStrasseID="6584" ObjHausnummer="Göbelstraße 12" ObjVorlage="2013-09-11 00:00:00.0" ObKeinKontakt="4" ObjArtID="1" Merkmal="0.0"/>
  <Objekte ObjID="4591" ObjAufnahme="1997-03-18" ObjLetztKontakt="1997-05-13" ObjStrasseID="6584" ObjHausnummer="Göbelstraße 1" ObjVorlage="2013-09-11 00:00:00.0" ObKeinKontakt="4" ObjArtID="1" Merkmal="0.0"/>
  <Objekte ObjID="4602" ObjAufnahme="1997-03-18" ObjLetztKontakt="1997-05-13" ObjStrasseID="6584" ObjHausnummer="Göbelstraße 24" ObjVorlage="2013-09-11 00:00:00.0" ObKeinKontakt="4" ObjArtID="1" Merkmal="0.0"/>
  <Objekte ObjID="4605" ObjAufnahme="1997-03-18" ObjLetztKontakt="1997-05-13" ObjStrasseID="6584" ObjHausnummer="Göbelstraße 27" ObjVorlage="2013-09-11 00:00:00.0" ObKeinKontakt="4" ObjArtID="1" Merkmal="0.0"/>
  <Objekte ObjID="4607" ObjAufnahme="1997-03-18" ObjLetztKontakt="1997-05-13" ObjStrasseID="7937" ObjHausnummer="Roscherstraße 3" ObjVorlage="2013-09-11 00:00:00.0" ObKeinKontakt="4" ObjArtID="1" Merkmal="0.0"/>
  <Objekte ObjID="4608" ObjAufnahme="1997-03-18" ObjLetztKontakt="1997-05-13" ObjStrasseID="7937" ObjHausnummer="Roscherstraße 5" ObjVorlage="2013-09-11 00:00:00.0" ObKeinKontakt="4" ObjArtID="177" Merkmal="0.0"/>
  <Objekte ObjID="4609" ObjAufnahme="1997-03-18" ObjLetztKontakt="1997-05-13" ObjStrasseID="7937" ObjHausnummer="Roscherstraße 7" ObjVorlage="2013-09-11 00:00:00.0" ObKeinKontakt="4" ObjArtID="1" Merkmal="0.0"/>
  <Objekte ObjID="4610" ObjAufnahme="1997-03-18" ObjLetztKontakt="1997-05-13" ObjStrasseID="7937" ObjHausnummer="Roscherstraße 13" ObjVorlage="2013-09-11 00:00:00.0" ObKeinKontakt="4" ObjArtID="1" Merkmal="0.0"/>
  <Objekte ObjID="4611" ObjAufnahme="1997-03-18" ObjLetztKontakt="1997-05-13" ObjStrasseID="7937" ObjHausnummer="Roscherstraße 15" ObjVorlage="2013-09-11 00:00:00.0" ObKeinKontakt="4" ObjArtID="1" Merkmal="0.0"/>
  <Objekte ObjID="4612" ObjAufnahme="1997-03-18" ObjLetztKontakt="1997-05-13" ObjStrasseID="7937" ObjHausnummer="Roscherstraße 16" ObjVorlage="2013-09-11 00:00:00.0" ObKeinKontakt="4" ObjArtID="1" Merkmal="0.0"/>
  <Objekte ObjID="4613" ObjAufnahme="1997-03-18" ObjLetztKontakt="1997-05-13" ObjStrasseID="7937" ObjHausnummer="Roscherstraße 13a+b" ObjVorlage="2013-09-11 00:00:00.0" ObKeinKontakt="4" ObjArtID="1" Merkmal="0.0"/>
  <Objekte ObjID="4614" ObjAufnahme="1997-03-18" ObjLetztKontakt="1997-05-13" ObjStrasseID="7937" ObjHausnummer="Roscherstraße 14" ObjVorlage="2013-09-11 00:00:00.0" ObKeinKontakt="4" ObjArtID="1" Merkmal="0.0"/>
  <Objekte ObjID="4615" ObjAufnahme="1997-03-18" ObjLetztKontakt="1997-05-13" ObjStrasseID="7937" ObjHausnummer="Roscherstraße 12" ObjVorlage="2013-09-11 00:00:00.0" ObKeinKontakt="4" ObjArtID="1" Merkmal="0.0"/>
  <Objekte ObjID="4616" ObjAufnahme="1997-03-18" ObjLetztKontakt="1997-05-13" ObjStrasseID="7937" ObjHausnummer="Roscherstraße 10" ObjVorlage="2013-09-11 00:00:00.0" ObKeinKontakt="4" ObjArtID="1" Merkmal="0.0"/>
  <Objekte ObjID="4617" ObjAufnahme="1997-03-18" ObjLetztKontakt="1997-05-13" ObjStrasseID="7937" ObjHausnummer="Roscherstraße 8" ObjVorlage="2013-09-11 00:00:00.0" ObKeinKontakt="4" ObjArtID="1" Merkmal="0.0"/>
  <Objekte ObjID="4618" ObjAufnahme="1997-03-18" ObjLetztKontakt="1997-05-13" ObjStrasseID="7937" ObjHausnummer="Roscherstraße 6" ObjVorlage="2013-09-11 00:00:00.0" ObKeinKontakt="4" ObjArtID="1" Merkmal="0.0"/>
  <Objekte ObjID="4619" ObjAufnahme="1997-03-18" ObjLetztKontakt="1997-05-13" ObjStrasseID="7937" ObjHausnummer="Roscherstraße 4" ObjVorlage="2013-09-11 00:00:00.0" ObKeinKontakt="4" ObjArtID="1" Merkmal="0.0"/>
  <Objekte ObjID="4620" ObjAufnahme="1997-03-21" ObjLetztKontakt="1997-03-21" ObjStrasseID="6609" ObjHausnummer="Göttinger Chaussee 175" ObjVorlage="2013-09-11 00:00:00.0" ObKeinKontakt="2" ObjArtID="5" Merkmal="0.0" ObjInfo="Chan Loi Ly, Göttinger Chaussee 175, 30459 Hannover, 0511-423852&#xD;&#xA;China-Restaurant Unter den Linden, Göttinger Chaussee 175, 30459 Hannover, 0511-416870&#xD;&#xA;Göttinger Chaussee 175, 30459 Hannover, 0511-109-0&#xD;&#xA;Quang-Ha Bui, Göttinger Chaussee 175, 30459 Hannov&#xD;&#xA;4621"/>
  <Objekte ObjID="4622" ObjAufnahme="1997-08-20" ObjLetztKontakt="1999-07-02" ObjStrasseID="7935" ObjHausnummer="Roonstraße 15" ObjVorlage="2013-09-11 00:00:00.0" ObKeinKontakt="2" ObjArtID="1" Merkmal="0.0" ObjInfo="Frau Wilke"/>
  <Objekte ObjID="4623" ObjAufnahme="1997-08-20" ObjLetztKontakt="1997-08-20" ObjStrasseID="7935" ObjHausnummer="Roonstraße 14" ObjVorlage="2013-09-11 00:00:00.0" ObKeinKontakt="1" ObjArtID="1" Merkmal="0.0" ObjInfo="Verwalter: Heinz Müller, Podbi 40, T. 663823  - sucht selbst -"/>
  <Objekte ObjID="4624" ObjAufnahme="1997-08-20" ObjLetztKontakt="2000-09-20" ObjStrasseID="7935" ObjHausnummer="Roonstraße 13" ObjVorlage="2013-09-11 00:00:00.0" ObKeinKontakt="1" ObjArtID="177" Merkmal="0.0" ObjInfo="Immobilien Gesellschaft Bissendorf"/>
  <Objekte ObjID="4625" ObjAufnahme="1997-08-20" ObjLetztKontakt="2000-03-30" ObjStrasseID="7935" ObjHausnummer="Roonstraße 12" ObjVorlage="2013-09-11 00:00:00.0" ObKeinKontakt="2" ObjArtID="5" Merkmal="0.0" ObjInfo="Sofie Scheidemann, Roonstr. 12, 0511/ 625398,"/>
  <Objekte ObjID="4626" ObjAufnahme="1997-08-20" ObjLetztKontakt="2000-03-30" ObjStrasseID="7935" ObjHausnummer="Roonstraße 11" ObjVorlage="2013-09-11 00:00:00.0" ObKeinKontakt="2" ObjArtID="1" Merkmal="0.0" ObjInfo="Erbengemeinschaft Karmann im Haus wohnt kein Karmann"/>
  <Objekte ObjID="4627" ObjAufnahme="1997-08-20" ObjLetztKontakt="2000-03-30" ObjStrasseID="7935" ObjHausnummer="Roonstraße 10A" ObjVorlage="2013-09-11 00:00:00.0" ObKeinKontakt="2" ObjArtID="1" Merkmal="0.0" ObjInfo="Heinz Saloch, Sattelhof 3, 30851 Langenhagen, 0511/ 742493"/>
  <Objekte ObjID="4628" ObjAufnahme="1997-08-20" ObjLetztKontakt="2000-03-30" ObjStrasseID="7934" ObjHausnummer="Roonstraße 9" ObjVorlage="2013-09-11 00:00:00.0" ObKeinKontakt="2" ObjArtID="1" Merkmal="0.0" ObjInfo="Interesse an Aufteilung"/>
  <Objekte ObjID="4629" ObjAufnahme="1997-08-20" ObjLetztKontakt="1999-06-26" ObjStrasseID="7934" ObjHausnummer="Roonstraße 8" ObjVorlage="2013-09-11 00:00:00.0" ObKeinKontakt="2" ObjArtID="1" Merkmal="0.0" ObjInfo="Rickgerslowitz (?), Garbsen, Richsgers"/>
  <Objekte ObjID="4630" ObjAufnahme="1997-08-20" ObjLetztKontakt="1999-06-26" ObjStrasseID="7934" ObjHausnummer="Roonstraße 7" ObjVorlage="2013-09-11 00:00:00.0" ObKeinKontakt="2" ObjArtID="1" Merkmal="0.0" ObjInfo="(Evtl. Herrn W. Gries, 0511/ 660046, )Geries Till, Roonstr. 7, 30161 Hannover, 0511-621476"/>
  <Objekte ObjID="4631" ObjAufnahme="1997-08-20" ObjLetztKontakt="2000-09-20" ObjStrasseID="7934" ObjHausnummer="Roonstraße 6" ObjVorlage="2013-09-11 00:00:00.0" ObKeinKontakt="1" ObjArtID="177" Merkmal="0.0" ObjInfo="Eigentümergemeinschaft, Mieter: Busch Joachim, Roonstr. 6, 30161 Hannover, 0511-661538&#xD;&#xA;Hoffmann Karin, Roonstr. 6, 30161 Hannover, 0511-669502&#xD;&#xA;Knüttel H., Roonstr. 6, 30161 Hannover, 0511-667544&#xD;&#xA;Neumann Clemens, Roonstr. 6, 30161 Hannover, 0511-664268&#xD;&#xA;4632&#xD;&#xA;ein Eigentümer Frank Foppe 01637424004 hat mehrere Wohnungen"/>
  <Objekte ObjID="4634" ObjAufnahme="1997-08-20" ObjLetztKontakt="1997-08-20" ObjStrasseID="7934" ObjHausnummer="Roonstraße 3" ObjVorlage="2013-09-11 00:00:00.0" ObKeinKontakt="1" ObjArtID="5" Merkmal="0.0" ObjInfo="Herr Architekt Fricke Langenhagen, Hausmeister Stöckmann"/>
  <Objekte ObjID="4635" ObjAufnahme="1997-08-20" ObjLetztKontakt="2000-09-20" ObjStrasseID="7934" ObjHausnummer="Roonstraße 27" ObjVorlage="2013-09-11 00:00:00.0" ObKeinKontakt="1" ObjArtID="189" Merkmal="0.0" ObjInfo="11675\Blk."/>
  <Objekte ObjID="4636" ObjAufnahme="1997-08-20" ObjLetztKontakt="2000-03-30" ObjStrasseID="7934" ObjHausnummer="Roonstraße 26" ObjVorlage="2013-09-11 00:00:00.0" ObKeinKontakt="2" ObjArtID="1" Merkmal="0.0" ObjInfo="L.Fuhr Roonstr 9 Bielefeld"/>
  <Objekte ObjID="4637" ObjAufnahme="1997-08-20" ObjLetztKontakt="2000-03-30" ObjStrasseID="7934" ObjHausnummer="Roonstraße 25" ObjVorlage="2013-09-11 00:00:00.0" ObKeinKontakt="2" ObjArtID="1" Merkmal="0.0" ObjInfo="Evtl. Herr Delgehausen, Sonnenweg 16, 30966 Hemmingen, 05101/ 2660, noch bei Delgehausen"/>
  <Objekte ObjID="4638" ObjAufnahme="1997-08-20" ObjLetztKontakt="2000-09-20" ObjStrasseID="7934" ObjHausnummer="Roonstraße 24" ObjVorlage="2013-09-11 00:00:00.0" ObKeinKontakt="1" ObjArtID="177" Merkmal="0.0" ObjInfo="Rex Immobilien, Kirchröder Str., 30625 Hannover,"/>
  <Objekte ObjID="4639" ObjAufnahme="1997-08-20" ObjLetztKontakt="2000-09-20" ObjStrasseID="7934" ObjHausnummer="Roonstraße 23" ObjVorlage="2013-09-11 00:00:00.0" ObKeinKontakt="1" ObjArtID="167" Merkmal="0.0" ObjInfo="Eigentümergesellschaft, Verwalter: K.D. Müller,"/>
  <Objekte ObjID="4640" ObjAufnahme="1997-08-20" ObjLetztKontakt="1999-06-26" ObjStrasseID="7934" ObjHausnummer="Roonstraße 22" ObjVorlage="2013-09-11 00:00:00.0" ObKeinKontakt="2" ObjArtID="1" Merkmal="0.0" ObjInfo="Evtl. Walter Meier, Roonstr. 22, Hannover,"/>
  <Objekte ObjID="4641" ObjAufnahme="1997-08-20" ObjLetztKontakt="1999-07-02" ObjStrasseID="7935" ObjHausnummer="Roonstraße 21" ObjVorlage="2013-09-11 00:00:00.0" ObKeinKontakt="1" ObjArtID="177" Merkmal="0.0" ObjInfo="Verwalter: Tiermann, früher W.Liesen"/>
  <Objekte ObjID="4642" ObjAufnahme="1997-08-20" ObjLetztKontakt="2000-03-30" ObjStrasseID="7935" ObjHausnummer="Roonstraße 19" ObjVorlage="2013-09-11 00:00:00.0" ObKeinKontakt="2" ObjArtID="1" Merkmal="0.0" ObjInfo="Frau Hohmeier, Rinteln, 05751/ 960015,"/>
  <Objekte ObjID="4643" ObjAufnahme="1997-08-20" ObjLetztKontakt="1999-06-26" ObjStrasseID="7935" ObjHausnummer="Roonstraße 17" ObjVorlage="2013-09-11 00:00:00.0" ObKeinKontakt="2" ObjArtID="1" Merkmal="0.0" ObjInfo="Edith Meier, 0511/ 621220,"/>
  <Objekte ObjID="4644" ObjAufnahme="1997-08-20" ObjLetztKontakt="1999-07-02" ObjStrasseID="7935" ObjHausnummer="Roonstraße 18" ObjVorlage="2013-09-11 00:00:00.0" ObKeinKontakt="2" ObjArtID="1" Merkmal="0.0" ObjInfo="Eigentümer wohnen in Süddeutschland, Ritterbusch- Gehrke: 07236/ 1850, Ritterbusch: 05533/ 4999,"/>
  <Objekte ObjID="4645" ObjAufnahme="1997-08-20" ObjLetztKontakt="1999-06-26" ObjStrasseID="7935" ObjHausnummer="Roonstraße 20" ObjVorlage="2013-09-11 00:00:00.0" ObKeinKontakt="4" ObjArtID="177" Merkmal="0.0" ObjInfo="Verwaltung durch RA Elisabeth Mysegades, Bödekerstr. 76, 0511/ 284960"/>
  <Objekte ObjID="4646" ObjAufnahme="1997-03-18" ObjLetztKontakt="1997-05-13" ObjStrasseID="6942" ObjHausnummer="Husarenstraße 3" ObjVorlage="2013-09-11 00:00:00.0" ObKeinKontakt="1" ObjArtID="1" Merkmal="0.0" ObjInfo="[ Herr Lohse, Gehrden, 05108/ 5667 ]"/>
  <Objekte ObjID="4647" ObjAufnahme="1997-03-18" ObjLetztKontakt="1997-05-13" ObjStrasseID="6942" ObjHausnummer="Husarenstraße 1" ObjVorlage="2013-09-11 00:00:00.0" ObKeinKontakt="1" ObjArtID="1" Merkmal="0.0" ObjInfo="[ Fa. HWG, 0511/ 326926 ]"/>
  <Objekte ObjID="4649" ObjAufnahme="1997-03-18" ObjLetztKontakt="1997-05-13" ObjStrasseID="8583" ObjHausnummer="Werderstraße 4" ObjVorlage="2013-09-11 00:00:00.0" ObKeinKontakt="1" ObjArtID="1" Merkmal="0.0" ObjInfo="Evtl. Herr R. Knierim, Werderstr. 4, Mieter:Gellerich E., Werderstr. 4, 30161 Hannover, 0511-315270&#xD;&#xA;Lotze Anne, Werderstr. 4, 30161 Hannover, 0511-318196&#xD;&#xA;Naujokat Hans, Werderstr. 4, 30161 Hannover, 0511-332916&#xD;&#xA;Schröder Ursula, Werderstr. 4, 30161 Hanno&#xD;&#xA;4650"/>
  <Objekte ObjID="4657" ObjAufnahme="1997-03-18" ObjLetztKontakt="1997-05-13" ObjStrasseID="8684" ObjHausnummer="Wörthstraße 10" ObjVorlage="2013-09-11 00:00:00.0" ObKeinKontakt="1" ObjArtID="1" Merkmal="0.0" ObjInfo="Landeshauptstadt Hannover, Albert- Wehrhahn- Sonderschule, Mieter:"/>
  <Objekte ObjID="4658" ObjAufnahme="1997-03-18" ObjLetztKontakt="1997-05-13" ObjStrasseID="8684" ObjHausnummer="Wörthstraße 15" ObjVorlage="2013-09-11 00:00:00.0" ObKeinKontakt="1" ObjArtID="1" Merkmal="0.0" ObjInfo="Mieter:Müller-Goulbier Goulbier, Wörthstr. 15, 30161 Hannover, 0511-315380&#xD;&#xA;Goulbier Y., Wörthstr. 15, 30161 Hannover, 0511-311870&#xD;&#xA;Merkin Gerhard, Wörthstr. 15, 30161 Hannover, 0511-332066&#xD;&#xA;Müller-Goulbier Klaus, Wörthstr. 15, 30161 Hannover, 0511-315380"/>
  <Objekte ObjID="4659" ObjAufnahme="1997-03-18" ObjLetztKontakt="1997-05-13" ObjStrasseID="8684" ObjHausnummer="Wörthstraße 16" ObjVorlage="2013-09-11 00:00:00.0" ObKeinKontakt="1" ObjArtID="1" Merkmal="0.0"/>
  <Objekte ObjID="4660" ObjAufnahme="1997-03-18" ObjLetztKontakt="1997-05-13" ObjStrasseID="8684" ObjHausnummer="Wörthstraße 17" ObjVorlage="2013-09-11 00:00:00.0" ObKeinKontakt="1" ObjArtID="1" Merkmal="0.0" ObjInfo="Mieter: Uhlig Werner, Wörthstr. 17, 30161 Hannover, 0511-313300"/>
  <Objekte ObjID="4661" ObjAufnahme="1997-03-18" ObjLetztKontakt="1997-05-13" ObjStrasseID="8450" ObjHausnummer="Vahrenwalder Straße 6" ObjVorlage="2013-09-11 00:00:00.0" ObKeinKontakt="1" ObjArtID="1" Merkmal="0.0"/>
  <Objekte ObjID="4662" ObjAufnahme="1997-03-18" ObjLetztKontakt="1997-05-13" ObjStrasseID="8450" ObjHausnummer="Vahrenwalder Straße 7" ObjVorlage="2013-09-11 00:00:00.0" ObKeinKontakt="1" ObjArtID="1" Merkmal="0.0"/>
  <Objekte ObjID="4663" ObjAufnahme="1997-03-18" ObjLetztKontakt="1997-05-13" ObjStrasseID="8450" ObjHausnummer="Vahrenwalder Straße 8" ObjVorlage="2013-09-11 00:00:00.0" ObKeinKontakt="1" ObjArtID="1" Merkmal="0.0"/>
  <Objekte ObjID="4664" ObjAufnahme="1997-03-18" ObjLetztKontakt="1997-05-13" ObjStrasseID="6260" ObjHausnummer="Dragonerstaße 21" ObjVorlage="2013-09-11 00:00:00.0" ObKeinKontakt="1" ObjArtID="1" Merkmal="0.0" ObjInfo="Mieter:Böttger Birgit, Dragonerstr. 21, 30163 Hannover, 0511-665407&#xD;&#xA;CASTOR PROMOTIONS, Dragonerstr. 21, 30163 Hannover, 0511-662041&#xD;&#xA;Castor Promotions, Dragonerstr. 21, 30163 Hannover, 0511-392950&#xD;&#xA;Castor Promotions, Dragonerstr. 21, 30163 Hannover, 0511-&#xD;&#xA;4665"/>
  <Objekte ObjID="4669" ObjAufnahme="1997-03-18" ObjLetztKontakt="1997-05-13" ObjStrasseID="6260" ObjHausnummer="Dragonerstaße 30" ObjVorlage="2013-09-11 00:00:00.0" ObKeinKontakt="1" ObjArtID="1" Merkmal="0.0" ObjInfo="Mieter:Basil, Dragonerstr. 30A, 30163 Hannover, 0511-622636&#xD;&#xA;INDIGO Systems GmbH, Dragonerstr. 30, 30163 Hannover, 0511-39736-0"/>
  <Objekte ObjID="4670" ObjAufnahme="1997-03-18" ObjLetztKontakt="1997-05-13" ObjStrasseID="6260" ObjHausnummer="Dragonerstaße 31" ObjVorlage="2013-09-11 00:00:00.0" ObKeinKontakt="1" ObjArtID="1" Merkmal="0.0" ObjInfo="Mieter:Andresen Jan, Dragonerstr. 31, 30163 Hannover, 0511-624361&#xD;&#xA;Estermann K.-H., Dragonerstr. 31, 30163 Hannover, 0511-661689&#xD;&#xA;Reitstiefel-Estermann Karl-Heinz Estermann, Dragonerstr. 31, 30163 Hannover, 0511-661689"/>
  <Objekte ObjID="4671" ObjAufnahme="1997-03-18" ObjLetztKontakt="1997-05-13" ObjStrasseID="6260" ObjHausnummer="Dragonerstaße 33" ObjVorlage="2013-09-11 00:00:00.0" ObKeinKontakt="1" ObjArtID="1" Merkmal="0.0" ObjInfo="Mieter:Baltrusch Anni, Dragonerstr. 33, 30163 Hannover, 0511-627318&#xD;&#xA;Di-Tursi Mario, Dragonerstr. 33, 30163 Hannover, 0511-627845&#xD;&#xA;Hettwer Ingeburg, Dragonerstr. 33, 30163 Hannover, 0511-624991&#xD;&#xA;Horn Hanna, Dragonerstr. 33, 30163 Hannover, 0511-628718&#xD;&#xA;Hor&#xD;&#xA;4672"/>
  <Objekte ObjID="4674" ObjAufnahme="1997-03-18" ObjLetztKontakt="1997-05-13" ObjStrasseID="6260" ObjHausnummer="Dragonerstaße 37" ObjVorlage="2013-09-11 00:00:00.0" ObKeinKontakt="1" ObjArtID="1" Merkmal="0.0" ObjInfo="Mieter:Dragonerstr. 35, 30163 Hannover, 0511-621136&#xD;&#xA;Dörrie Frank, Dragonerstr. 35, 30163 Hannover, 0511-665493&#xD;&#xA;Franke Holz Franke, Dragonerstr. 35, 30163 Hannover, 0511-628441&#xD;&#xA;Holz Franke, Dragonerstr. 35, 30163 Hannover, 0511-628441&#xD;&#xA;Otto Heiner, Drago&#xD;&#xA;4675"/>
  <Objekte ObjID="4678" ObjAufnahme="1997-03-18" ObjLetztKontakt="1997-05-13" ObjStrasseID="7404" ObjHausnummer="Lister Kirchweg 13" ObjVorlage="2013-09-11 00:00:00.0" ObKeinKontakt="1" ObjArtID="1" Merkmal="0.0" ObjInfo="Mieter:Bürst H., Lister Kirchweg 13, 30163 Hannover, 0511-661223&#xD;&#xA;Grün Detlev, Lister Kirchweg 13, 30163 Hannover, 0511-629201&#xD;&#xA;Hoppe I., Lister Kirchweg 13, 30163 Hannover, 0511-665236&#xD;&#xA;Neumann Bernd, Lister Kirchweg 13, 30163 Hannover, 0511-668720&#xD;&#xA;Wagne&#xD;&#xA;4679"/>
  <Objekte ObjID="4684" ObjAufnahme="1997-03-18" ObjLetztKontakt="1997-05-13" ObjStrasseID="7404" ObjHausnummer="Lister Kirchweg 1" ObjVorlage="2013-09-11 00:00:00.0" ObKeinKontakt="1" ObjArtID="1" Merkmal="0.0" ObjInfo="Mieter:Adelstein Hildegard, Lister Kirchweg 1, 30163 Hannover, 0511-664298&#xD;&#xA;Baar Carsten, Lister Kirchweg 1, 30163 Hannover, 0511-629037&#xD;&#xA;Christoph K., Lister Kirchweg 1, 30163 Hannover, 0511-624474&#xD;&#xA;Gießelmann Doris, Lister Kirchweg 1, 30163 Hannover, 051&#xD;&#xA;4685"/>
  <Objekte ObjID="4688" ObjAufnahme="1997-03-18" ObjLetztKontakt="1997-05-13" ObjStrasseID="7927" ObjHausnummer="Rolandstraße 23" ObjVorlage="2013-09-11 00:00:00.0" ObKeinKontakt="1" ObjArtID="1" Merkmal="0.0" ObjInfo="Spar- und Bau! Mieter:Asmus Günter, Rolandstr. 23, 30161 Hannover, 0511-318418&#xD;&#xA;Geppert Kurt, Rolandstr. 23, 30161 Hannover, 0511-312779&#xD;&#xA;Hollmann H., Rolandstr. 23, 30161 Hannover, 0511-318824&#xD;&#xA;Kampel U., Rolandstr. 23, 30161 Hannover, 0511-318423&#xD;&#xA;Möller&#xD;&#xA;4689"/>
  <Objekte ObjID="4693" ObjAufnahme="1997-03-18" ObjLetztKontakt="1997-05-13" ObjStrasseID="7927" ObjHausnummer="Rolandstraße 21" ObjVorlage="2013-09-11 00:00:00.0" ObKeinKontakt="1" ObjArtID="1" Merkmal="0.0" ObjInfo="Mieter:Düker Friedrich, Rolandstr. 21, 30161 Hannover, 0511-331971&#xD;&#xA;Günther Hildegard, Rolandstr. 21, 30161 Hannover, 0511-344022&#xD;&#xA;Günther Thea, Rolandstr. 21, 30161 Hannover, 0511-331174&#xD;&#xA;Hecht Holger, Rolandstr. 21, 30161 Hannover, 0171-5222977&#xD;&#xA;Pauli E.&#xD;&#xA;4694"/>
  <Objekte ObjID="4701" ObjAufnahme="1997-08-29" ObjLetztKontakt="1997-08-29" ObjStrasseID="8673" ObjHausnummer="Wöhlerstraße 8" ObjVorlage="2013-09-11 00:00:00.0" ObKeinKontakt="1" ObjArtID="1" Merkmal="0.0" ObjInfo="siehe 4"/>
  <Objekte ObjID="4702" ObjAufnahme="1997-08-29" ObjLetztKontakt="1997-08-29" ObjStrasseID="8673" ObjHausnummer="Wöhlerstraße 6" ObjVorlage="2013-09-11 00:00:00.0" ObKeinKontakt="1" ObjArtID="1" Merkmal="0.0" ObjInfo="siehe 4"/>
  <Objekte ObjID="4703" ObjAufnahme="1997-08-29" ObjLetztKontakt="1997-08-29" ObjStrasseID="8673" ObjHausnummer="Wöhlerstraße 4" ObjVorlage="2013-09-11 00:00:00.0" ObKeinKontakt="1" ObjArtID="1" Merkmal="0.0" ObjInfo="4 bis 14 Gemeinnützige Deutsche Wohnungsbaugesellschaft m.b.H., Lavesstr.62"/>
  <Objekte ObjID="4704" ObjAufnahme="1997-08-29" ObjLetztKontakt="1997-08-29" ObjStrasseID="8673" ObjHausnummer="Wöhlerstraße 2" ObjVorlage="2013-09-11 00:00:00.0" ObKeinKontakt="9" ObjArtID="139" Merkmal="0.0" ObjInfo="29590\2 Blk. N-W,S-O"/>
  <Objekte ObjID="4705" ObjAufnahme="1997-08-29" ObjLetztKontakt="1997-08-29" ObjStrasseID="8673" ObjHausnummer="Wöhlerstraße 1" ObjVorlage="2013-09-11 00:00:00.0" ObKeinKontakt="9" ObjArtID="104" Merkmal="0.0" ObjInfo="385105\, 2 Blk. W u. O"/>
  <Objekte ObjID="4706" ObjAufnahme="1997-08-29" ObjLetztKontakt="1997-08-29" ObjStrasseID="8673" ObjHausnummer="Wöhlerstraße 3" ObjVorlage="2013-09-11 00:00:00.0" ObKeinKontakt="1" ObjArtID="1" Merkmal="0.0" ObjInfo="Liesen,W. Frau und Miterben"/>
  <Objekte ObjID="4707" ObjAufnahme="1997-08-29" ObjLetztKontakt="1997-08-29" ObjStrasseID="8673" ObjHausnummer="Wöhlerstraße 5" ObjVorlage="2013-09-11 00:00:00.0" ObKeinKontakt="1" ObjArtID="1" Merkmal="0.0" ObjInfo="Böttcher, Hans, Linsingenstr.57"/>
  <Objekte ObjID="4708" ObjAufnahme="1997-08-29" ObjLetztKontakt="1997-08-29" ObjStrasseID="8673" ObjHausnummer="Wöhlerstraße 7" ObjVorlage="2013-09-11 00:00:00.0" ObKeinKontakt="1" ObjArtID="1" Merkmal="0.0" ObjInfo="Richter, M., Alte Döhrener Str. 13"/>
  <Objekte ObjID="4709" ObjAufnahme="1997-08-29" ObjLetztKontakt="1997-08-29" ObjStrasseID="8673" ObjHausnummer="Wöhlerstraße 9" ObjVorlage="2013-09-11 00:00:00.0" ObKeinKontakt="1" ObjArtID="1" Merkmal="0.0" ObjInfo="Herve, Christa"/>
  <Objekte ObjID="4710" ObjAufnahme="1997-08-29" ObjLetztKontakt="1997-08-29" ObjStrasseID="8673" ObjHausnummer="Wöhlerstraße 16" ObjVorlage="2013-09-11 00:00:00.0" ObKeinKontakt="1" ObjArtID="1" Merkmal="0.0" ObjInfo="Ev.-luth. Landeskirche, Landeskirchenamt, Hannover, Rote Reihe 6"/>
  <Objekte ObjID="4711" ObjAufnahme="1997-08-29" ObjLetztKontakt="1997-08-29" ObjStrasseID="8673" ObjHausnummer="Wöhlerstraße 18" ObjVorlage="2013-09-11 00:00:00.0" ObKeinKontakt="1" ObjArtID="1" Merkmal="0.0" ObjInfo="Ev.-luth. Lister Mattäus Kirchengemeinde"/>
  <Objekte ObjID="4712" ObjAufnahme="1997-08-29" ObjLetztKontakt="1997-08-29" ObjStrasseID="8673" ObjHausnummer="Wöhlerstraße 20" ObjVorlage="2013-09-11 00:00:00.0" ObKeinKontakt="1" ObjArtID="1" Merkmal="0.0" ObjInfo="wie Nr. 18"/>
  <Objekte ObjID="4713" ObjAufnahme="1997-08-29" ObjLetztKontakt="1997-08-29" ObjStrasseID="8673" ObjHausnummer="Wöhlerstraße 22" ObjVorlage="2013-09-11 00:00:00.0" ObKeinKontakt="1" ObjArtID="1" Merkmal="0.0" ObjInfo="wie Nr. 18"/>
  <Objekte ObjID="4714" ObjAufnahme="1997-08-29" ObjLetztKontakt="1997-08-29" ObjStrasseID="8673" ObjHausnummer="Wöhlerstraße 17" ObjVorlage="2013-09-11 00:00:00.0" ObKeinKontakt="1" ObjArtID="1" Merkmal="0.0" ObjInfo="15 und 17 Der Regierungspräsident, Archivstr.3"/>
  <Objekte ObjID="4715" ObjAufnahme="1997-08-29" ObjLetztKontakt="1997-08-29" ObjStrasseID="8673" ObjHausnummer="Wöhlerstraße 19" ObjVorlage="2013-09-11 00:00:00.0" ObKeinKontakt="1" ObjArtID="167" Merkmal="0.0" ObjInfo="Neue Heimat, Hildesheimerstr.53"/>
  <Objekte ObjID="4716" ObjAufnahme="1997-08-29" ObjLetztKontakt="1997-08-29" ObjStrasseID="8673" ObjHausnummer="Wöhlerstraße 21A" ObjVorlage="2013-09-11 00:00:00.0" ObKeinKontakt="1" ObjArtID="177" Merkmal="0.0" ObjInfo="21, 21A und 23 Eigentumswohnungen"/>
  <Objekte ObjID="4717" ObjAufnahme="1997-08-29" ObjLetztKontakt="1997-08-29" ObjStrasseID="8673" ObjHausnummer="Wöhlerstraße 23" ObjVorlage="2013-09-11 00:00:00.0" ObKeinKontakt="1" ObjArtID="177" Merkmal="0.0" ObjInfo="ETW"/>
  <Objekte ObjID="4718" ObjAufnahme="1997-08-29" ObjLetztKontakt="1997-08-29" ObjStrasseID="8673" ObjHausnummer="Wöhlerstraße 25" ObjVorlage="2013-09-11 00:00:00.0" ObKeinKontakt="1" ObjArtID="1" Merkmal="0.0" ObjInfo="Seidel, H. und Frau"/>
  <Objekte ObjID="4719" ObjAufnahme="1997-08-29" ObjLetztKontakt="1997-08-29" ObjStrasseID="8673" ObjHausnummer="Wöhlerstraße 27" ObjVorlage="2013-09-11 00:00:00.0" ObKeinKontakt="1" ObjArtID="1" Merkmal="0.0" ObjInfo="Seidel, H. und Frau, Göbelstr.21"/>
  <Objekte ObjID="4720" ObjAufnahme="1997-08-29" ObjLetztKontakt="1997-08-29" ObjStrasseID="8673" ObjHausnummer="Wöhlerstraße 29" ObjVorlage="2013-09-11 00:00:00.0" ObKeinKontakt="1" ObjArtID="1" Merkmal="0.0" ObjInfo="Stichnoth, I."/>
  <Objekte ObjID="4721" ObjAufnahme="1997-08-29" ObjLetztKontakt="1997-08-29" ObjStrasseID="8673" ObjHausnummer="Wöhlerstraße 31" ObjVorlage="2013-09-11 00:00:00.0" ObKeinKontakt="1" ObjArtID="177" Merkmal="0.0" ObjInfo="ETW`s"/>
  <Objekte ObjID="4722" ObjAufnahme="1997-08-29" ObjLetztKontakt="1997-08-29" ObjStrasseID="8673" ObjHausnummer="Wöhlerstraße 33" ObjVorlage="2013-09-11 00:00:00.0" ObKeinKontakt="1" ObjArtID="177" Merkmal="0.0" ObjInfo="ETW`s"/>
  <Objekte ObjID="4723" ObjAufnahme="1997-08-29" ObjLetztKontakt="1997-08-29" ObjStrasseID="8673" ObjHausnummer="Wöhlerstraße 35" ObjVorlage="2013-09-11 00:00:00.0" ObKeinKontakt="1" ObjArtID="1" Merkmal="0.0" ObjInfo="Dreyer, B."/>
  <Objekte ObjID="4724" ObjAufnahme="1997-08-29" ObjLetztKontakt="1997-08-29" ObjStrasseID="8673" ObjHausnummer="Wöhlerstraße 39" ObjVorlage="2013-09-11 00:00:00.0" ObKeinKontakt="1" ObjArtID="1" Merkmal="0.0" ObjInfo="39 bis 43 B Erbengemeinschaft Biester"/>
  <Objekte ObjID="4725" ObjAufnahme="1997-08-29" ObjLetztKontakt="1997-08-29" ObjStrasseID="8673" ObjHausnummer="Wöhlerstraße 41" ObjVorlage="2013-09-11 00:00:00.0" ObKeinKontakt="1" ObjArtID="1" Merkmal="0.0" ObjInfo="Erbengemeinschaft Biester"/>
  <Objekte ObjID="4726" ObjAufnahme="1997-08-29" ObjLetztKontakt="1997-08-29" ObjStrasseID="8673" ObjHausnummer="Wöhlerstraße 43" ObjVorlage="2013-09-11 00:00:00.0" ObKeinKontakt="1" ObjArtID="1" Merkmal="0.0" ObjInfo="Erbengemeinschaft Biester"/>
  <Objekte ObjID="4727" ObjAufnahme="1997-08-29" ObjLetztKontakt="1997-08-29" ObjStrasseID="8673" ObjHausnummer="Wöhlerstraße 43B" ObjVorlage="2013-09-11 00:00:00.0" ObKeinKontakt="1" ObjArtID="1" Merkmal="0.0" ObjInfo="Erbengemeinschaft Biester"/>
  <Objekte ObjID="4728" ObjAufnahme="1997-08-29" ObjLetztKontakt="1997-08-29" ObjStrasseID="8673" ObjHausnummer="Wöhlerstraße 12" ObjVorlage="2013-09-11 00:00:00.0" ObKeinKontakt="1" ObjArtID="1" Merkmal="0.0" ObjInfo="siehe 4"/>
  <Objekte ObjID="4729" ObjAufnahme="1997-08-29" ObjLetztKontakt="1997-08-29" ObjStrasseID="8673" ObjHausnummer="Wöhlerstraße 14" ObjVorlage="2013-09-11 00:00:00.0" ObKeinKontakt="1" ObjArtID="1" Merkmal="0.0" ObjInfo="siehe 4"/>
  <Objekte ObjID="4730" ObjAufnahme="1997-08-29" ObjLetztKontakt="1997-08-29" ObjStrasseID="7375" ObjHausnummer="Liebigstraße 12" ObjVorlage="2013-09-11 00:00:00.0" ObKeinKontakt="1" ObjArtID="1" Merkmal="0.0" ObjInfo="Mieter:Gollmer Heinz, Liebigstr. 12, 30163 Hannover, 0511-624419&#xD;&#xA;Halle Edith, Liebigstr. 12, 30163 Hannover, 0511-664434&#xD;&#xA;Halle Herbert, Liebigstr. 12, 30163 Hannover, 0511-667629&#xD;&#xA;Hensel Gisela, Liebigstr. 12, 30163 Hannover, 0511-625322&#xD;&#xA;Korte Gert-Mich&#xD;&#xA;4731"/>
  <Objekte ObjID="4734" ObjAufnahme="1997-08-29" ObjLetztKontakt="1997-08-29" ObjStrasseID="7375" ObjHausnummer="Liebigstraße 4" ObjVorlage="2013-09-11 00:00:00.0" ObKeinKontakt="1" ObjArtID="1" Merkmal="0.0" ObjInfo="Mieter:Bodenstedt Christian, Liebigstr. 4, 30163 Hannover, 0511-391970&#xD;&#xA;Goebel Helmut, Liebigstr. 4, 30163 Hannover, 0511-625984&#xD;&#xA;Gomez Jose, Liebigstr. 4, 30163 Hannover, 0511-622006&#xD;&#xA;Rhenius Klaus-Eberhard, Liebigstr. 4, 30163 Hannover, 0511-666407&#xD;&#xA;Rich&#xD;&#xA;4735"/>
  <Objekte ObjID="4740" ObjAufnahme="1997-08-29" ObjLetztKontakt="1997-08-29" ObjStrasseID="7375" ObjHausnummer="Liebigstraße 11" ObjVorlage="2013-09-11 00:00:00.0" ObKeinKontakt="1" ObjArtID="1" Merkmal="0.0" ObjInfo="Mieter:Brosche Wolfgang, Liebigstr. 11, 30163 Hannover, 0511-668967&#xD;&#xA;Brunner Georg u. Gabriele, Liebigstr. 11, 30163 Hannover, 0511-392118&#xD;&#xA;Dreßler Renate u. Friedhelm, Liebigstr. 11, 30163 Hannover, 0511-392204&#xD;&#xA;Fielers M., Liebigstr. 11, 30163 Hannover, &#xD;&#xA;4741"/>
  <Objekte ObjID="4760" ObjAufnahme="1997-08-29" ObjLetztKontakt="1997-08-29" ObjStrasseID="7375" ObjHausnummer="Liebigstraße 36" ObjVorlage="2013-09-11 00:00:00.0" ObKeinKontakt="1" ObjArtID="1" Merkmal="0.0" ObjInfo="Mieter:Altenkirch Horst, Liebigstr. 36, 30163 Hannover, 0511-393977&#xD;&#xA;Gabeler E., Liebigstr. 36, 30163 Hannover, 0511-660744&#xD;&#xA;Keeser Werner, Liebigstr. 36, 30163 Hannover, 0511-665579&#xD;&#xA;Naumann Frank, Liebigstr. 36, 30163 Hannover, 0511-6966603&#xD;&#xA;Richter U., &#xD;&#xA;4761"/>
  <Objekte ObjID="4764" ObjAufnahme="1997-08-29" ObjLetztKontakt="1997-08-29" ObjStrasseID="7375" ObjHausnummer="Liebigstraße 28" ObjVorlage="2013-09-11 00:00:00.0" ObKeinKontakt="1" ObjArtID="1" Merkmal="0.0" ObjInfo="Mieter:Krügel Gerda, Liebigstr. 28, 30163 Hannover, 0511-620764&#xD;&#xA;Macke Dirk, Liebigstr. 28, 30163 Hannover, 0511-666453&#xD;&#xA;Marx R., Liebigstr. 28, 30163 Hannover, 0511-660926&#xD;&#xA;Müller Gerhard, Liebigstr. 28, 30163 Hannover, 0511-391038&#xD;&#xA;Müller Sonja, Liebigst&#xD;&#xA;4765"/>
  <Objekte ObjID="4767" ObjAufnahme="1997-08-29" ObjLetztKontakt="1997-08-29" ObjStrasseID="7375" ObjHausnummer="Liebigstraße 22" ObjVorlage="2013-09-11 00:00:00.0" ObKeinKontakt="1" ObjArtID="1" Merkmal="0.0" ObjInfo="Mieter:Ahnert Johanna, Liebigstr. 22, 30163 Hannover, 0511-620570&#xD;&#xA;Buchwald Hans-Ulrich, Liebigstr. 22, 30163 Hannover, 0511-660422&#xD;&#xA;Bühne Christiane, Liebigstr. 22, 30163 Hannover, 0511-665103&#xD;&#xA;Eigen Hans-W. u. Ursula, Liebigstr. 22, 30163 Hannover, 0511-&#xD;&#xA;4768"/>
  <Objekte ObjID="4781" ObjAufnahme="1997-03-18" ObjLetztKontakt="1997-03-18" ObjStrasseID="7404" ObjHausnummer="Lister Kirchweg 6" ObjVorlage="1997-08-06 00:00:00.0" ObKeinKontakt="1" ObjArtID="1" Merkmal="0.0"/>
  <Objekte ObjID="4782" ObjAufnahme="1997-03-18" ObjLetztKontakt="1997-03-18" ObjStrasseID="7404" ObjHausnummer="Lister Kirchweg 8" ObjVorlage="1997-08-06 00:00:00.0" ObKeinKontakt="1" ObjArtID="1" Merkmal="0.0"/>
  <Objekte ObjID="4783" ObjAufnahme="1997-03-18" ObjLetztKontakt="1997-03-18" ObjStrasseID="7404" ObjHausnummer="Lister Kirchweg 10" ObjVorlage="1997-08-06 00:00:00.0" ObKeinKontakt="1" ObjArtID="1" Merkmal="0.0"/>
  <Objekte ObjID="4784" ObjAufnahme="1997-03-18" ObjLetztKontakt="1997-03-18" ObjStrasseID="7404" ObjHausnummer="Lister Kirchweg 12" ObjVorlage="1997-08-06 00:00:00.0" ObKeinKontakt="1" ObjArtID="237" Merkmal="0.0"/>
  <Objekte ObjID="4785" ObjAufnahme="1997-03-18" ObjLetztKontakt="1997-03-18" ObjStrasseID="7404" ObjHausnummer="Lister Kirchweg 14" ObjVorlage="1997-08-06 00:00:00.0" ObKeinKontakt="1" ObjArtID="237" Merkmal="0.0"/>
  <Objekte ObjID="4786" ObjAufnahme="1997-03-18" ObjLetztKontakt="1997-03-18" ObjStrasseID="7404" ObjHausnummer="Lister Kirchweg 16" ObjVorlage="1997-08-06 00:00:00.0" ObKeinKontakt="1" ObjArtID="1" Merkmal="0.0"/>
  <Objekte ObjID="4787" ObjAufnahme="1997-03-18" ObjLetztKontakt="1997-03-18" ObjStrasseID="7404" ObjHausnummer="Lister Kirchweg 18" ObjVorlage="1997-08-06 00:00:00.0" ObKeinKontakt="1" ObjArtID="118" Merkmal="0.0"/>
  <Objekte ObjID="4788" ObjAufnahme="1997-03-18" ObjLetztKontakt="1997-03-18" ObjStrasseID="7404" ObjHausnummer="Lister Kirchweg 20" ObjVorlage="1997-08-06 00:00:00.0" ObKeinKontakt="1" ObjArtID="1" Merkmal="0.0"/>
  <Objekte ObjID="4789" ObjAufnahme="1997-03-18" ObjLetztKontakt="1997-03-18" ObjStrasseID="7404" ObjHausnummer="Lister Kirchweg 22" ObjVorlage="1997-08-06 00:00:00.0" ObKeinKontakt="1" ObjArtID="1" Merkmal="0.0"/>
  <Objekte ObjID="4790" ObjAufnahme="1997-03-18" ObjLetztKontakt="1997-03-18" ObjStrasseID="7404" ObjHausnummer="Lister Kirchweg 24" ObjVorlage="1997-08-06 00:00:00.0" ObKeinKontakt="1" ObjArtID="1" Merkmal="0.0"/>
  <Objekte ObjID="4791" ObjAufnahme="1997-03-18" ObjLetztKontakt="1997-03-18" ObjStrasseID="7404" ObjHausnummer="Lister Kirchweg 26" ObjVorlage="1997-08-06 00:00:00.0" ObKeinKontakt="1" ObjArtID="1" Merkmal="0.0"/>
  <Objekte ObjID="4792" ObjAufnahme="1997-03-18" ObjLetztKontakt="1997-03-18" ObjStrasseID="7404" ObjHausnummer="Lister Kirchweg 28" ObjVorlage="1997-08-06 00:00:00.0" ObKeinKontakt="1" ObjArtID="1" Merkmal="0.0"/>
  <Objekte ObjID="4793" ObjAufnahme="1997-03-18" ObjLetztKontakt="1997-03-18" ObjStrasseID="7404" ObjHausnummer="Lister Kirchweg 30" ObjVorlage="1997-08-06 00:00:00.0" ObKeinKontakt="1" ObjArtID="1" Merkmal="0.0"/>
  <Objekte ObjID="4794" ObjAufnahme="1997-03-18" ObjLetztKontakt="1997-03-18" ObjStrasseID="7404" ObjHausnummer="Lister Kirchweg 21" ObjVorlage="1997-08-06 00:00:00.0" ObKeinKontakt="1" ObjArtID="1" Merkmal="0.0"/>
  <Objekte ObjID="4795" ObjAufnahme="1997-03-18" ObjLetztKontakt="1997-03-18" ObjStrasseID="7404" ObjHausnummer="Lister Kirchweg 23" ObjVorlage="1997-08-06 00:00:00.0" ObKeinKontakt="1" ObjArtID="1" Merkmal="0.0"/>
  <Objekte ObjID="4796" ObjAufnahme="1997-03-18" ObjLetztKontakt="1997-03-18" ObjStrasseID="7404" ObjHausnummer="Lister Kirchweg 25" ObjVorlage="1997-08-06 00:00:00.0" ObKeinKontakt="1" ObjArtID="1" Merkmal="0.0"/>
  <Objekte ObjID="4797" ObjAufnahme="1997-03-18" ObjLetztKontakt="1997-03-18" ObjStrasseID="7404" ObjHausnummer="Lister Kirchweg 27" ObjVorlage="1997-08-06 00:00:00.0" ObKeinKontakt="1" ObjArtID="1" Merkmal="0.0"/>
  <Objekte ObjID="4798" ObjAufnahme="1997-03-18" ObjLetztKontakt="1997-03-18" ObjStrasseID="7404" ObjHausnummer="Lister Kirchweg 29" ObjVorlage="1997-08-06 00:00:00.0" ObKeinKontakt="1" ObjArtID="1" Merkmal="0.0"/>
  <Objekte ObjID="4799" ObjAufnahme="1997-03-18" ObjLetztKontakt="1997-03-18" ObjStrasseID="7404" ObjHausnummer="Lister Kirchweg 31" ObjVorlage="1997-08-06 00:00:00.0" ObKeinKontakt="1" ObjArtID="1" Merkmal="0.0"/>
  <Objekte ObjID="4800" ObjAufnahme="1997-03-18" ObjLetztKontakt="1997-03-18" ObjStrasseID="7404" ObjHausnummer="Lister Kirchweg 33" ObjVorlage="1997-08-06 00:00:00.0" ObKeinKontakt="1" ObjArtID="1" Merkmal="0.0"/>
  <Objekte ObjID="4801" ObjAufnahme="1997-03-18" ObjLetztKontakt="1997-03-18" ObjStrasseID="7404" ObjHausnummer="Lister Kirchweg 35" ObjVorlage="1997-08-06 00:00:00.0" ObKeinKontakt="1" ObjArtID="1" Merkmal="0.0"/>
  <Objekte ObjID="4802" ObjAufnahme="1997-03-18" ObjLetztKontakt="1997-03-18" ObjStrasseID="7404" ObjHausnummer="Lister Kirchweg 37" ObjVorlage="1997-08-06 00:00:00.0" ObKeinKontakt="1" ObjArtID="1" Merkmal="0.0"/>
  <Objekte ObjID="4803" ObjAufnahme="1997-03-18" ObjLetztKontakt="1997-03-18" ObjStrasseID="7404" ObjHausnummer="Lister Kirchweg 39" ObjVorlage="1997-08-06 00:00:00.0" ObKeinKontakt="1" ObjArtID="1" Merkmal="0.0"/>
  <Objekte ObjID="4804" ObjAufnahme="1997-03-18" ObjLetztKontakt="1997-03-18" ObjStrasseID="7404" ObjHausnummer="Lister Kirchweg 41" ObjVorlage="1997-08-06 00:00:00.0" ObKeinKontakt="1" ObjArtID="1" Merkmal="0.0"/>
  <Objekte ObjID="4805" ObjAufnahme="1997-03-18" ObjLetztKontakt="1997-03-18" ObjStrasseID="7404" ObjHausnummer="Lister Kirchweg 43" ObjVorlage="1997-08-06 00:00:00.0" ObKeinKontakt="1" ObjArtID="1" Merkmal="0.0"/>
  <Objekte ObjID="4806" ObjAufnahme="1997-03-18" ObjLetztKontakt="1997-03-18" ObjStrasseID="7404" ObjHausnummer="Lister Kirchweg 45" ObjVorlage="1997-08-06 00:00:00.0" ObKeinKontakt="1" ObjArtID="1" Merkmal="0.0"/>
  <Objekte ObjID="4807" ObjAufnahme="1997-03-18" ObjLetztKontakt="1999-07-12" ObjStrasseID="7404" ObjHausnummer="Lister Kirchweg 47" ObjVorlage="1997-08-06 00:00:00.0" ObKeinKontakt="1" ObjArtID="124" Merkmal="0.9999999999999999" ObjInfo="24084\Blk. Grg."/>
  <Objekte ObjID="4808" ObjAufnahme="1997-03-18" ObjLetztKontakt="1997-03-18" ObjStrasseID="7404" ObjHausnummer="Lister Kirchweg 49" ObjVorlage="1997-08-06 00:00:00.0" ObKeinKontakt="1" ObjArtID="1" Merkmal="0.0"/>
  <Objekte ObjID="4809" ObjAufnahme="1997-03-18" ObjLetztKontakt="1997-03-18" ObjStrasseID="7404" ObjHausnummer="Lister Kirchweg 51" ObjVorlage="1997-08-06 00:00:00.0" ObKeinKontakt="1" ObjArtID="1" Merkmal="0.0"/>
  <Objekte ObjID="4810" ObjAufnahme="1997-03-18" ObjLetztKontakt="1997-03-18" ObjStrasseID="7404" ObjHausnummer="Lister Kirchweg 53a,b" ObjVorlage="1997-08-06 00:00:00.0" ObKeinKontakt="1" ObjArtID="1" Merkmal="0.0"/>
  <Objekte ObjID="4811" ObjAufnahme="1997-03-18" ObjLetztKontakt="1997-03-18" ObjStrasseID="7404" ObjHausnummer="Lister Kirchweg 55a,b" ObjVorlage="1997-08-06 00:00:00.0" ObKeinKontakt="1" ObjArtID="1" Merkmal="0.0"/>
  <Objekte ObjID="4812" ObjAufnahme="1997-03-18" ObjLetztKontakt="1997-03-18" ObjStrasseID="7404" ObjHausnummer="Lister Kirchweg 57a,b" ObjVorlage="1997-08-06 00:00:00.0" ObKeinKontakt="1" ObjArtID="1" Merkmal="0.0"/>
  <Objekte ObjID="4813" ObjAufnahme="1997-03-18" ObjLetztKontakt="1997-03-18" ObjStrasseID="7404" ObjHausnummer="Lister Kirchweg 59" ObjVorlage="1997-08-06 00:00:00.0" ObKeinKontakt="1" ObjArtID="1" Merkmal="0.0"/>
  <Objekte ObjID="4814" ObjAufnahme="1997-03-18" ObjLetztKontakt="1997-03-18" ObjStrasseID="7404" ObjHausnummer="Lister Kirchweg 61" ObjVorlage="1997-08-06 00:00:00.0" ObKeinKontakt="1" ObjArtID="1" Merkmal="0.0"/>
  <Objekte ObjID="4815" ObjAufnahme="1997-03-18" ObjLetztKontakt="1997-03-18" ObjStrasseID="7404" ObjHausnummer="Lister Kirchweg 63A" ObjVorlage="1997-08-06 00:00:00.0" ObKeinKontakt="1" ObjArtID="1" Merkmal="0.0"/>
  <Objekte ObjID="4817" ObjAufnahme="1997-03-18" ObjLetztKontakt="1997-03-18" ObjStrasseID="7404" ObjHausnummer="Lister Kirchweg 69" ObjVorlage="1997-08-06 00:00:00.0" ObKeinKontakt="1" ObjArtID="1" Merkmal="0.0"/>
  <Objekte ObjID="4818" ObjAufnahme="1997-03-18" ObjLetztKontakt="1997-03-18" ObjStrasseID="7404" ObjHausnummer="Lister Kirchweg 71" ObjVorlage="1997-08-06 00:00:00.0" ObKeinKontakt="1" ObjArtID="1" Merkmal="0.0"/>
  <Objekte ObjID="4819" ObjAufnahme="1997-03-18" ObjLetztKontakt="1997-03-18" ObjStrasseID="7404" ObjHausnummer="Lister Kirchweg 77" ObjVorlage="1997-08-06 00:00:00.0" ObKeinKontakt="1" ObjArtID="1" Merkmal="0.0"/>
  <Objekte ObjID="4820" ObjAufnahme="1997-03-18" ObjLetztKontakt="1997-03-18" ObjStrasseID="7405" ObjHausnummer="Lister Kirchweg 1000Tankstelle" ObjVorlage="1997-08-06 00:00:00.0" ObKeinKontakt="1" ObjArtID="1" Merkmal="0.0"/>
  <Objekte ObjID="4821" ObjAufnahme="1997-03-18" ObjLetztKontakt="1997-03-18" ObjStrasseID="7405" ObjHausnummer="Lister Kirchweg 8789" ObjVorlage="1997-08-06 00:00:00.0" ObKeinKontakt="1" ObjArtID="1" Merkmal="0.0"/>
  <Objekte ObjID="4822" ObjAufnahme="1997-03-18" ObjLetztKontakt="1997-03-18" ObjStrasseID="7405" ObjHausnummer="Lister Kirchweg 91" ObjVorlage="1997-08-06 00:00:00.0" ObKeinKontakt="1" ObjArtID="1" Merkmal="0.0"/>
  <Objekte ObjID="4823" ObjAufnahme="1997-03-18" ObjLetztKontakt="1997-03-18" ObjStrasseID="7405" ObjHausnummer="Lister Kirchweg 95" ObjVorlage="1997-08-06 00:00:00.0" ObKeinKontakt="1" ObjArtID="1" Merkmal="0.0"/>
  <Objekte ObjID="4824" ObjAufnahme="1997-03-18" ObjLetztKontakt="1997-03-18" ObjStrasseID="7405" ObjHausnummer="Lister Kirchweg 97" ObjVorlage="1997-08-06 00:00:00.0" ObKeinKontakt="1" ObjArtID="1" Merkmal="0.0"/>
  <Objekte ObjID="4825" ObjAufnahme="1997-03-18" ObjLetztKontakt="1997-03-18" ObjStrasseID="7405" ObjHausnummer="Lister Kirchweg 99" ObjVorlage="1997-08-06 00:00:00.0" ObKeinKontakt="1" ObjArtID="1" Merkmal="0.0"/>
  <Objekte ObjID="4826" ObjAufnahme="1997-03-18" ObjLetztKontakt="1997-03-18" ObjStrasseID="7405" ObjHausnummer="Lister Kirchweg 101" ObjVorlage="1997-08-06 00:00:00.0" ObKeinKontakt="1" ObjArtID="1" Merkmal="0.0"/>
  <Objekte ObjID="4827" ObjAufnahme="1997-03-18" ObjLetztKontakt="1997-03-18" ObjStrasseID="7405" ObjHausnummer="Lister Kirchweg 103" ObjVorlage="1997-08-06 00:00:00.0" ObKeinKontakt="1" ObjArtID="1" Merkmal="0.0"/>
  <Objekte ObjID="4828" ObjAufnahme="1997-03-18" ObjLetztKontakt="1997-03-18" ObjStrasseID="7405" ObjHausnummer="Lister Kirchweg 105" ObjVorlage="1997-08-06 00:00:00.0" ObKeinKontakt="1" ObjArtID="1" Merkmal="0.0"/>
  <Objekte ObjID="4829" ObjAufnahme="1997-03-18" ObjLetztKontakt="1997-03-18" ObjStrasseID="7405" ObjHausnummer="Lister Kirchweg 107" ObjVorlage="1997-08-06 00:00:00.0" ObKeinKontakt="1" ObjArtID="1" Merkmal="0.0"/>
  <Objekte ObjID="4830" ObjAufnahme="1997-03-18" ObjLetztKontakt="1997-03-18" ObjStrasseID="7405" ObjHausnummer="Lister Kirchweg 109" ObjVorlage="1997-08-06 00:00:00.0" ObKeinKontakt="1" ObjArtID="1" Merkmal="0.0"/>
  <Objekte ObjID="4831" ObjAufnahme="1997-03-18" ObjLetztKontakt="1997-03-18" ObjStrasseID="7405" ObjHausnummer="Lister Kirchweg 111" ObjVorlage="1997-08-06 00:00:00.0" ObKeinKontakt="1" ObjArtID="1" Merkmal="0.0"/>
  <Objekte ObjID="4832" ObjAufnahme="1997-03-18" ObjLetztKontakt="1997-03-18" ObjStrasseID="7405" ObjHausnummer="Lister Kirchweg 113" ObjVorlage="1997-08-06 00:00:00.0" ObKeinKontakt="1" ObjArtID="1" Merkmal="0.0"/>
  <Objekte ObjID="4833" ObjAufnahme="1997-03-18" ObjLetztKontakt="1997-03-18" ObjStrasseID="7405" ObjHausnummer="Lister Kirchweg 112" ObjVorlage="1997-08-06 00:00:00.0" ObKeinKontakt="1" ObjArtID="1" Merkmal="0.0" ObjInfo="[ Herr E. Matthiessen, Podbielskistr. 93, 30177 Hannover, 0511/ 393832 ]"/>
  <Objekte ObjID="4834" ObjAufnahme="1997-03-18" ObjLetztKontakt="1997-03-18" ObjStrasseID="7405" ObjHausnummer="Lister Kirchweg 110" ObjVorlage="1997-08-06 00:00:00.0" ObKeinKontakt="1" ObjArtID="1" Merkmal="0.0" ObjInfo="[ Herr E. Matthiessen, Podbielskistr. 93, 30177 Hannover, 0511/ 393832 ]"/>
  <Objekte ObjID="4835" ObjAufnahme="1997-03-18" ObjLetztKontakt="1997-03-18" ObjStrasseID="7405" ObjHausnummer="Lister Kirchweg 108" ObjVorlage="1997-08-06 00:00:00.0" ObKeinKontakt="1" ObjArtID="1" Merkmal="0.0" ObjInfo="[ Herr E. Matthiessen, Podbielskistr. 93, 30177 Hannover, 0511/ 393832 ]"/>
  <Objekte ObjID="4836" ObjAufnahme="1997-03-18" ObjLetztKontakt="1997-03-18" ObjStrasseID="7405" ObjHausnummer="Lister Kirchweg 106" ObjVorlage="1997-08-06 00:00:00.0" ObKeinKontakt="1" ObjArtID="1" Merkmal="0.0" ObjInfo="[ Hausmeister Kiehne, 0511/ 623266, H. Halbauer, Berlin, 030/ 6123880 ]"/>
  <Objekte ObjID="4837" ObjAufnahme="1997-03-18" ObjLetztKontakt="1997-03-18" ObjStrasseID="7405" ObjHausnummer="Lister Kirchweg 102" ObjVorlage="1997-08-06 00:00:00.0" ObKeinKontakt="1" ObjArtID="83" Merkmal="0.0" ObjInfo="29883\S-Blk Aufzug/Grg."/>
  <Objekte ObjID="4839" ObjAufnahme="1997-03-18" ObjLetztKontakt="1999-07-08" ObjStrasseID="7405" ObjHausnummer="Lister Kirchweg 100" ObjVorlage="1997-08-06 00:00:00.0" ObKeinKontakt="1" ObjArtID="82" Merkmal="0.0" ObjInfo="20060\Südbalkon"/>
  <Objekte ObjID="4840" ObjAufnahme="1997-03-18" ObjLetztKontakt="1997-03-18" ObjStrasseID="7405" ObjHausnummer="Lister Kirchweg 98" ObjVorlage="1997-08-06 00:00:00.0" ObKeinKontakt="1" ObjArtID="1" Merkmal="0.0" ObjInfo="[ Frau G.und J. Schmidt 0511/ 667866 ]"/>
  <Objekte ObjID="4842" ObjAufnahme="1997-03-18" ObjLetztKontakt="1997-03-18" ObjStrasseID="7405" ObjHausnummer="Lister Kirchweg 94" ObjVorlage="1997-08-06 00:00:00.0" ObKeinKontakt="1" ObjArtID="1" Merkmal="0.0"/>
  <Objekte ObjID="4843" ObjAufnahme="1997-03-18" ObjLetztKontakt="1997-03-18" ObjStrasseID="7405" ObjHausnummer="Lister Kirchweg 92" ObjVorlage="1997-08-06 00:00:00.0" ObKeinKontakt="1" ObjArtID="1" Merkmal="0.0"/>
  <Objekte ObjID="4845" ObjAufnahme="1997-03-18" ObjLetztKontakt="1997-03-18" ObjStrasseID="7405" ObjHausnummer="Lister Kirchweg 88" ObjVorlage="1997-08-06 00:00:00.0" ObKeinKontakt="1" ObjArtID="1" Merkmal="0.0"/>
  <Objekte ObjID="4846" ObjAufnahme="1997-03-18" ObjLetztKontakt="1997-03-18" ObjStrasseID="7405" ObjHausnummer="Lister Kirchweg 96" ObjVorlage="1997-08-06 00:00:00.0" ObKeinKontakt="1" ObjArtID="1" Merkmal="0.0"/>
  <Objekte ObjID="4847" ObjAufnahme="1997-03-18" ObjLetztKontakt="1997-03-18" ObjStrasseID="7405" ObjHausnummer="Lister Kirchweg 84" ObjVorlage="1997-08-06 00:00:00.0" ObKeinKontakt="1" ObjArtID="1" Merkmal="0.0"/>
  <Objekte ObjID="4848" ObjAufnahme="1997-03-18" ObjLetztKontakt="1997-03-18" ObjStrasseID="7405" ObjHausnummer="Lister Kirchweg 82" ObjVorlage="1997-08-06 00:00:00.0" ObKeinKontakt="1" ObjArtID="1" Merkmal="0.0"/>
  <Objekte ObjID="4849" ObjAufnahme="1997-03-18" ObjLetztKontakt="2013-03-26" ObjStrasseID="7405" ObjHausnummer="Lister Kirchweg 80" ObjVorlage="2013-03-26 00:00:00.0" ObKeinKontakt="2" ObjArtID="1" Merkmal="0.0"/>
  <Objekte ObjID="4850" ObjAufnahme="1997-09-01" ObjLetztKontakt="1997-09-01" ObjStrasseID="7405" ObjHausnummer="Lister Kirchweg 78" ObjVorlage="2013-09-11 00:00:00.0" ObKeinKontakt="1" ObjArtID="1" Merkmal="0.0"/>
  <Objekte ObjID="4851" ObjAufnahme="1997-09-01" ObjLetztKontakt="1997-09-01" ObjStrasseID="7405" ObjHausnummer="Lister Kirchweg 76" ObjVorlage="2013-09-11 00:00:00.0" ObKeinKontakt="1" ObjArtID="1" Merkmal="0.0"/>
  <Objekte ObjID="4852" ObjAufnahme="1997-03-18" ObjLetztKontakt="1997-03-18" ObjStrasseID="7405" ObjHausnummer="Lister Kirchweg 86" ObjVorlage="1997-08-06 00:00:00.0" ObKeinKontakt="1" ObjArtID="1" Merkmal="0.0"/>
  <Objekte ObjID="4854" ObjAufnahme="1997-09-03" ObjLetztKontakt="1997-09-03" ObjStrasseID="7933" ObjHausnummer="Röntgenstraße 7" ObjVorlage="2013-09-11 00:00:00.0" ObKeinKontakt="1" ObjArtID="1" Merkmal="0.0" ObjInfo="Mieter:Barth Fritz, Röntgenstr. 7, 30163 Hannover, 0511-663914&#xD;&#xA;Köhler Hermann, Röntgenstr. 7, 30163 Hannover, 0511-627547&#xD;&#xA;Marquardt C., Röntgenstr. 7, 30163 Hannover, 0511-669457&#xD;&#xA;Marquardt Gertrud, Röntgenstr. 7, 30163 Hannover, 0511-667487&#xD;&#xA;Reimann D.,&#xD;&#xA;4855"/>
  <Objekte ObjID="4869" ObjAufnahme="1997-09-03" ObjLetztKontakt="1997-09-03" ObjStrasseID="7933" ObjHausnummer="Röntgenstraße 21" ObjVorlage="2013-09-11 00:00:00.0" ObKeinKontakt="1" ObjArtID="1" Merkmal="0.0"/>
  <Objekte ObjID="4870" ObjAufnahme="1997-09-03" ObjLetztKontakt="1997-09-03" ObjStrasseID="7933" ObjHausnummer="Röntgenstraße 23C" ObjVorlage="2013-09-11 00:00:00.0" ObKeinKontakt="1" ObjArtID="177" Merkmal="0.0" ObjInfo="Mieter:Hahn Ilse, Röntgenstr. 23C, 30163 Hannover, 0511-623323&#xD;&#xA;Herschelmann Irma, Röntgenstr. 23C, 30163 Hannover, 0511-622374&#xD;&#xA;Kallmeyer Marcus, Röntgenstr. 23C, 30163 Hannover, 0511-6965086&#xD;&#xA;Kleppe Ernst, Röntgenstr. 23C, 30163 Hannover, 0511-665856&#xD;&#xA;Ne&#xD;&#xA;4871"/>
  <Objekte ObjID="4876" ObjAufnahme="1997-09-03" ObjLetztKontakt="1997-09-03" ObjStrasseID="8175" ObjHausnummer="Seydlitzstraße 29" ObjVorlage="2013-09-11 00:00:00.0" ObKeinKontakt="1" ObjArtID="1" Merkmal="0.0" ObjInfo="Mieter:Bartel Irmgard, Seydlitzstr. 29, 30161 Hannover, 0511-3481129&#xD;&#xA;Gollnick Otto, Seydlitzstr. 29, 30161 Hannover, 0511-319297&#xD;&#xA;Güntzel Heinz, Seydlitzstr. 29, 30161 Hannover, 0511-317278&#xD;&#xA;Kalies Herbert, Seydlitzstr. 29, 30161 Hannover, 0511-318464&#xD;&#xA;Mä&#xD;&#xA;4877"/>
  <Objekte ObjID="4879" ObjAufnahme="1997-09-03" ObjLetztKontakt="1997-09-03" ObjStrasseID="8175" ObjHausnummer="Seydlitzstraße 27" ObjVorlage="2013-09-11 00:00:00.0" ObKeinKontakt="1" ObjArtID="1" Merkmal="0.0" ObjInfo="Mieter:Quade Anita, Seydlitzstr. 27, 30161 Hannover, 0511-344965&#xD;&#xA;Reu Peter, Seydlitzstr. 27, 30161 Hannover, 0511-3880265&#xD;&#xA;Ullrich Jana, Seydlitzstr. 27, 30161 Hannover, 0511-344922&#xD;&#xA;Ulrich Angelika, Seydlitzstr. 27, 30161 Hannover, 0511-3880038&#xD;&#xA;Wenzel D&#xD;&#xA;4880"/>
  <Objekte ObjID="4882" ObjAufnahme="1997-09-03" ObjLetztKontakt="1997-09-03" ObjStrasseID="8175" ObjHausnummer="Seydlitzstraße 34" ObjVorlage="2013-09-11 00:00:00.0" ObKeinKontakt="1" ObjArtID="1" Merkmal="0.0" ObjInfo="Mieter:Aktekin Nadir, Seydlitzstr. 34, 30161 Hannover, 0511-312433&#xD;&#xA;Am Kamin, Seydlitzstr. 34, 30161 Hannover, 0511-312003&#xD;&#xA;Böhm Chr., Seydlitzstr. 34, 30161 Hannover, 0511-317670&#xD;&#xA;Bretschneider Detlev, Seydlitzstr. 34, 30161 Hannover, 0511-311526&#xD;&#xA;Hesse A&#xD;&#xA;4883"/>
  <Objekte ObjID="4892" ObjAufnahme="1997-09-03" ObjLetztKontakt="1997-09-03" ObjStrasseID="8175" ObjHausnummer="Seydlitzstraße 11" ObjVorlage="2013-09-11 00:00:00.0" ObKeinKontakt="1" ObjArtID="1" Merkmal="0.0" ObjInfo="Mieter:Bahramsari Mohammad Ali, Seydlitzstr. 11, 30161 Hannover, 0511-3883586&#xD;&#xA;Kluß Walter, Seydlitzstr. 11, 30161 Hannover, 0511-3360787&#xD;&#xA;Kujawski Gregor, Seydlitzstr. 11, 30161 Hannover, 0511-332472&#xD;&#xA;Rachfahl Erna, Seydlitzstr. 11, 30161 Hannover, 0511-3&#xD;&#xA;4893"/>
  <Objekte ObjID="4909" ObjAufnahme="1997-09-05" ObjLetztKontakt="1997-09-05" ObjStrasseID="8397" ObjHausnummer="Tonstraße 10" ObjVorlage="2013-09-11 00:00:00.0" ObKeinKontakt="1" ObjArtID="1" Merkmal="0.0" ObjInfo="Eigentümer 1979: Frau Karoline Hohmann, Mieter:Eggers Christian, Tonstr. 10, 30449 Hannover, 0511-441760&#xD;&#xA;Hoinka Kai-Uwe, Tonstr. 10, 30449 Hannover, 0511-4584267&#xD;&#xA;Lazarov Angel, Tonstr. 10, 30449 Hannover, 0511-441429&#xD;&#xA;Meletiadis Emmanouil, Tonstr. 10, 30&#xD;&#xA;4910"/>
  <Objekte ObjID="4917" ObjAufnahme="1997-09-05" ObjLetztKontakt="1997-09-05" ObjStrasseID="8397" ObjHausnummer="Tonstraße 18" ObjVorlage="2013-09-11 00:00:00.0" ObKeinKontakt="1" ObjArtID="1" Merkmal="0.0" ObjInfo="Eigentümer 1979: Erbengemeinschaft Wedekind, Aachenerstraße 31heute wohnt dort Apel Liselotte, Aachener Str. 31, 30173 Hannover, 0511-881633&#xD;&#xA;Apel M., Aachener Str. 31, 30173 Hannover, 0511-804329 Wedekind Franz, Liebrechtstr. 20, 305.. Hannover, 0511-8387&#xD;&#xA;4918"/>
  <Objekte ObjID="4921" ObjAufnahme="1997-09-05" ObjLetztKontakt="1997-09-05" ObjStrasseID="7054" ObjHausnummer="Joachimstraße 4" ObjVorlage="2013-09-11 00:00:00.0" ObKeinKontakt="1" ObjArtID="11" Merkmal="0.0" ObjInfo="Eigentümer 1979: Frau M. Trachtmann, Mieter:Eichenstudio Jeretzky Inh. Günther Jeretzky, Joachimstr. 4, 30159 Hannover, 0511-329717"/>
  <Objekte ObjID="4922" ObjAufnahme="1997-09-05" ObjLetztKontakt="1997-09-05" ObjStrasseID="7054" ObjHausnummer="Joachimstraße 5" ObjVorlage="2013-09-11 00:00:00.0" ObKeinKontakt="1" ObjArtID="11" Merkmal="0.0" ObjInfo="Eigentümer 1979: Frau M. Trachtmann, Mieter:Apotheke am Hauptbahnhof, Joachimstr. 5, 30159 Hannover, 0511-321579&#xD;&#xA;Röhrbein Bierstube, Joachimstr. 5, 30159 Hannover, 0511-324410"/>
  <Objekte ObjID="4923" ObjAufnahme="1997-09-05" ObjLetztKontakt="1997-09-05" ObjStrasseID="7054" ObjHausnummer="Joachimstraße 6" ObjVorlage="2013-09-11 00:00:00.0" ObKeinKontakt="1" ObjArtID="11" Merkmal="0.0" ObjInfo="Eigentümer 1979: Gilde Brauerei Hannover, Hildesheimerstr. 132, Mieter:Gilde-Hof Hotel, Joachimstr. 6, 30159 Hannover, 0511-363680&#xD;&#xA;Hotel - Restaurant Gilde-Hof, Joachimstr. 6, 30159 Hannover, 0511-363680&#xD;&#xA;HOTEL-GILDEHOF RESTAURANT, Joachimstr. 6, 30159 Ha&#xD;&#xA;5012"/>
  <Objekte ObjID="5014" ObjAufnahme="1997-09-05" ObjLetztKontakt="1997-09-05" ObjStrasseID="8504" ObjHausnummer="Walderseestraße 4" ObjVorlage="1997-08-06 00:00:00.0" ObKeinKontakt="1" ObjArtID="1" Merkmal="0.0" ObjInfo="Eigentümer 1979: Erbengemeinschaft Strucke, Mieter:Diener Klaus, Walderseestr. 4, 30163 Hannover, 0511-39073-0&#xD;&#xA;Manke Nicolas, Walderseestr. 4, 30163 Hannover, 0511-660107"/>
  <Objekte ObjID="5015" ObjAufnahme="1997-09-05" ObjLetztKontakt="1997-09-05" ObjStrasseID="8504" ObjHausnummer="Walderseestraße 5" ObjVorlage="1997-08-06 00:00:00.0" ObKeinKontakt="1" ObjArtID="1" Merkmal="0.0" ObjInfo="Eigentümer 1979: Hauptverw. Steinbruch Berufsgenossenschaft, Mieter:Berufsgenossenschaft für Fahrzeughaltungen, Bultstr. 9, 30159 Hannover, 0511-8503-0&#xD;&#xA;Walderseestr. 5, 30163 Hannover, 0511-3995-6"/>
  <Objekte ObjID="5016" ObjAufnahme="1997-09-05" ObjLetztKontakt="1997-09-05" ObjStrasseID="8504" ObjHausnummer="Walderseestraße 6" ObjVorlage="1997-08-06 00:00:00.0" ObKeinKontakt="1" ObjArtID="1" Merkmal="0.0" ObjInfo="Eigentümer 1979: Hauptverw. Steinbruch, Mieter:"/>
  <Objekte ObjID="5017" ObjAufnahme="1997-09-05" ObjLetztKontakt="1997-09-05" ObjStrasseID="8504" ObjHausnummer="Walderseestraße 7" ObjVorlage="1997-08-06 00:00:00.0" ObKeinKontakt="1" ObjArtID="1" Merkmal="0.0" ObjInfo="Eigentümer 1979:Wirtschaftsverband des Holz-, Aluminium- u. Kunststoffverarbeitenden Handwerks Niedersachsen- Bremen, Mieter:Fleer Karl W., Walderseestr. 7, 30163 Hannover, 0511-627077&#xD;&#xA;Handwerksverbände, 30... Hannover&#xD;&#xA;o Tischlerhandwerk, Walderseestr. 7&#xD;&#xA;5018"/>
  <Objekte ObjID="5020" ObjAufnahme="1997-09-05" ObjLetztKontakt="1997-09-05" ObjStrasseID="8505" ObjHausnummer="Walderseestraße 12" ObjVorlage="1997-08-06 00:00:00.0" ObKeinKontakt="1" ObjArtID="1" Merkmal="0.0" ObjInfo="Eigentümer 1979: Haftpflichtverband der dt. Industrie HDI, Mieter: HDI Informationssysteme Gesellschaft für Anwendungsentwicklung GmbH, Walderseestr. 11, 30177 Hannover, 0511-3975-0&#xD;&#xA;Bielstein Helmut, Walderseestr. 12, 30177 Hannover, 0511-660671"/>
  <Objekte ObjID="5021" ObjAufnahme="1997-09-05" ObjLetztKontakt="1997-09-05" ObjStrasseID="8505" ObjHausnummer="Walderseestraße 13" ObjVorlage="1997-08-06 00:00:00.0" ObKeinKontakt="1" ObjArtID="1" Merkmal="0.0" ObjInfo="Mieter:Bachmann W., Walderseestr. 13, 30177 Hannover, 0511-393341&#xD;&#xA;Dresdner Vermögensberatungsgesellschaft mbH, Walderseestr. 13, 30177 Hannover, 0511-393849&#xD;&#xA;Jost Eva Maria, Walderseestr. 13, 30177 Hannover, 0511-393436&#xD;&#xA;Kühl Gerhard Dipl.-Finanzwirt (FH)&#xD;&#xA;5022"/>
  <Objekte ObjID="5023" ObjAufnahme="1997-09-05" ObjLetztKontakt="1997-09-05" ObjStrasseID="8505" ObjHausnummer="Walderseestraße 14A" ObjVorlage="1997-08-06 00:00:00.0" ObKeinKontakt="1" ObjArtID="1" Merkmal="0.0" ObjInfo="Mieter:Schendzielarz Georg, Walderseestr. 14, 30177 Hannover, 0511-392206&#xD;&#xA;Schendzielarz Georg, Walderseestr. 14, 30177 Hannover, 0511-668277"/>
  <Objekte ObjID="5024" ObjAufnahme="1997-09-05" ObjLetztKontakt="1997-09-05" ObjStrasseID="8505" ObjHausnummer="Walderseestraße 15" ObjVorlage="1997-08-06 00:00:00.0" ObKeinKontakt="1" ObjArtID="113" Merkmal="0.0" ObjInfo="670215\Terr."/>
  <Objekte ObjID="5025" ObjAufnahme="1997-09-05" ObjLetztKontakt="1997-09-05" ObjStrasseID="8505" ObjHausnummer="Walderseestraße 15A" ObjVorlage="1997-08-06 00:00:00.0" ObKeinKontakt="1" ObjArtID="1" Merkmal="0.0" ObjInfo="Mieter:Jägersberg Rolf, Walderseestr. 15A, 30177 Hannover, 0511-39725-0&#xD;&#xA;Jerx Ingo, Walderseestr. 15A, 30177 Hannover, 0511-6965604&#xD;&#xA;Pagel Petra, Walderseestr. 15A, 30177 Hannover, 0511-39725-0&#xD;&#xA;Rauß Britta, Walderseestr. 15A, 30177 Hannover, 0511-39725-0&#xD;&#xD;&#xA;5026"/>
  <Objekte ObjID="5027" ObjAufnahme="1997-09-05" ObjLetztKontakt="1997-09-05" ObjStrasseID="8505" ObjHausnummer="Walderseestraße 20" ObjVorlage="1997-08-06 00:00:00.0" ObKeinKontakt="1" ObjArtID="1" Merkmal="0.0" ObjInfo="Eigentümer 1979: W. Bothe, Mieter:BOTHE FAMILIE, Walderseestr. 20, 30177 Hannover, 0511-663766&#xD;&#xA;Mecklenburgische VERSICHERUNGSGRUPPE, Berckhusenstr. 146, 30625 Hannover, 0511-5351-0&#xD;&#xA;Mecklenburgische VERSICHERUNGSGRUPPE, Walderseestr. 20, 30177 Hannover, 0&#xD;&#xA;5028"/>
  <Objekte ObjID="5030" ObjAufnahme="1997-09-05" ObjLetztKontakt="1997-09-05" ObjStrasseID="8505" ObjHausnummer="Walderseestraße 23" ObjVorlage="1997-08-06 00:00:00.0" ObKeinKontakt="1" ObjArtID="1" Merkmal="0.0" ObjInfo="Jugendzahnärztlicher Dienst, Walderseestr. 23, 30177 Hannover, 0511-168-8247 Amt für Wirtschaftsförederung Trammplatz 2 30159 Hannover Herr Pohl 168-2867, Mieter:Jugendzahnärztlicher Dienst, Walderseestr. 23, 30177 Hannover, 0511-168-8247"/>
  <Objekte ObjID="5031" ObjAufnahme="1997-09-05" ObjLetztKontakt="1997-09-05" ObjStrasseID="8505" ObjHausnummer="Walderseestraße 24" ObjVorlage="1997-08-06 00:00:00.0" ObKeinKontakt="1" ObjArtID="1" Merkmal="0.0" ObjInfo="Eigentümer 1979: D. Rosenbach, Mieter:Galerie Rosenbach GmbH, Walderseestr. 24, 30177 Hannover, 0511-621285&#xD;&#xA;Rosenbach Detlev, Walderseestr. 24, 30177 Hannover, 0511-669348"/>
  <Objekte ObjID="5032" ObjAufnahme="1997-09-05" ObjLetztKontakt="2001-10-15" ObjStrasseID="8505" ObjHausnummer="Walderseestraße 25" ObjVorlage="1997-08-06 00:00:00.0" ObKeinKontakt="9" ObjArtID="77" Merkmal="0.0" ObjInfo="480125\TG S-W-Blk"/>
  <Objekte ObjID="5033" ObjAufnahme="1997-09-05" ObjLetztKontakt="1997-09-05" ObjStrasseID="8505" ObjHausnummer="Walderseestraße 29" ObjVorlage="1997-08-06 00:00:00.0" ObKeinKontakt="1" ObjArtID="1" Merkmal="0.0" ObjInfo="Eigentümer 1979: Frau H. Sauer, Mieter:Bastian Leonard, Walderseestr. 29, 30177 Hannover, 0511-3942055"/>
  <Objekte ObjID="5034" ObjAufnahme="1997-09-05" ObjLetztKontakt="2000-04-04" ObjStrasseID="8505" ObjHausnummer="Walderseestraße 30" ObjVorlage="1997-08-06 00:00:00.0" ObKeinKontakt="1" ObjArtID="1" Merkmal="0.0" ObjInfo="Eigentümer 1979: G. Korte, Mieter:Korte, Walderseestr. 30, 30177 Hannover, 0511-690578"/>
  <Objekte ObjID="5035" ObjAufnahme="1997-09-05" ObjLetztKontakt="1997-09-05" ObjStrasseID="8505" ObjHausnummer="Walderseestraße 31" ObjVorlage="1997-08-06 00:00:00.0" ObKeinKontakt="1" ObjArtID="1" Merkmal="0.0" ObjInfo="Eigentümer 1979: Frau Gertrud Wiesner, Mieter:Oertzen Peter von, Walderseestr. 31, 30177 Hannover, 0511-3940807"/>
  <Objekte ObjID="5036" ObjAufnahme="1997-09-05" ObjLetztKontakt="1997-09-05" ObjStrasseID="8505" ObjHausnummer="Walderseestraße 32" ObjVorlage="1997-08-06 00:00:00.0" ObKeinKontakt="1" ObjArtID="1" Merkmal="0.0" ObjInfo="Eigentümer 1979: Herr Fritz Kästner, Mieter:Kästner, Walderseestr. 32, 30177 Hannover, 0511-697467&#xD;&#xA;Kästner H., Walderseestr. 32, 30177 Hannover, 0511-692389&#xD;&#xA;Kästner Martin, Walderseestr. 32, 30177 Hannover, 0172-7608481"/>
  <Objekte ObjID="5037" ObjAufnahme="1997-09-05" ObjLetztKontakt="1997-09-05" ObjStrasseID="8505" ObjHausnummer="Walderseestraße 33" ObjVorlage="1997-08-06 00:00:00.0" ObKeinKontakt="1" ObjArtID="9" Merkmal="0.0" ObjInfo="Mieter:Bader Franz, Walderseestr. 33, 30177 Hannover, 0511-697088&#xD;&#xA;Bader Franz, Walderseestr. 33, 30177 Hannover, 0511-694184&#xD;&#xA;Boss AG, Walderseestr. 33, 30177 Hannover, 0511-693977&#xD;&#xA;Boss AG, Walderseestr. 33, 30177 Hannover, 0511-693603&#xD;&#xA;D &amp; L Ledermoden &#xD;&#xA;5038"/>
  <Objekte ObjID="5040" ObjAufnahme="1997-09-05" ObjLetztKontakt="1997-09-05" ObjStrasseID="8505" ObjHausnummer="Walderseestraße 37" ObjVorlage="1997-08-06 00:00:00.0" ObKeinKontakt="1" ObjArtID="1" Merkmal="0.0" ObjInfo="Eigentümer 1979: Frau Gertrud Janowsky, Mieter:Janowsky Gertrud, Walderseestr. 37, 30177 Hannover, 0511-695455&#xD;&#xA;Janowsky Karl, Walderseestr. 37, 30177 Hannover, 0511-695455"/>
  <Objekte ObjID="5041" ObjAufnahme="1997-09-05" ObjLetztKontakt="1997-09-05" ObjStrasseID="8505" ObjHausnummer="Walderseestraße 38" ObjVorlage="1997-08-06 00:00:00.0" ObKeinKontakt="1" ObjArtID="1" Merkmal="0.0" ObjInfo="Eigentümer 1979: Frau Lilly Bormann, Rockwinkeler Landstr. 110, Mieter:Plessner Horst, Walderseestr. 38, 30177 Hannover, 0511-6966666"/>
  <Objekte ObjID="5042" ObjAufnahme="1997-09-05" ObjLetztKontakt="1997-09-05" ObjStrasseID="8505" ObjHausnummer="Walderseestraße 39" ObjVorlage="1997-08-06 00:00:00.0" ObKeinKontakt="1" ObjArtID="1" Merkmal="0.0" ObjInfo="Eigentümer 1979: E. Wiebking, Grünewaldstr. 28, Mieter:Hotel Waldersee, Walderseestr. 39, 30177 Hannover, 0511-90991-0&#xD;&#xA;Waldersee, Walderseestr. 39, 30177 Hannover, 0511-90991-0"/>
  <Objekte ObjID="5043" ObjAufnahme="1997-09-05" ObjLetztKontakt="1997-09-05" ObjStrasseID="8505" ObjHausnummer="Walderseestraße 43" ObjVorlage="1997-08-06 00:00:00.0" ObKeinKontakt="1" ObjArtID="1" Merkmal="0.0" ObjInfo="Mieter:Fey Cristine, Walderseestr. 43, 30177 Hannover, 0511-695315&#xD;&#xA;Gertzen Martina, Walderseestr. 43, 30177 Hannover, 0511-699426&#xD;&#xA;Mansfeld Thomas, Walderseestr. 43, 30177 Hannover, 0511-392500"/>
  <Objekte ObjID="5044" ObjAufnahme="1997-09-05" ObjLetztKontakt="1997-09-05" ObjStrasseID="8505" ObjHausnummer="Walderseestraße 44" ObjVorlage="1997-08-06 00:00:00.0" ObKeinKontakt="1" ObjArtID="1" Merkmal="0.0" ObjInfo="Mieter:Brieger Marga, Walderseestr. 44, 30177 Hannover, 0511-6966667&#xD;&#xA;Amthor Ralf, Walderseestr. 44, 30177 Hannover, 0511-695291&#xD;&#xA;Elsner Carsten, Walderseestr. 44, 30177 Hannover, 0511-694915&#xD;&#xA;HDG Handels- und Dienstleistungs GmbH, Walderseestr. 44, 30177 &#xD;&#xA;5045"/>
  <Objekte ObjID="5046" ObjAufnahme="1997-09-05" ObjLetztKontakt="1997-09-05" ObjStrasseID="8505" ObjHausnummer="Walderseestraße 44B" ObjVorlage="1997-08-06 00:00:00.0" ObKeinKontakt="1" ObjArtID="1" Merkmal="0.0" ObjInfo="Mieter:Kleinberger Margot, Walderseestr. 44B, 30177 Hannover, 0511-692021"/>
  <Objekte ObjID="5047" ObjAufnahme="1997-09-05" ObjLetztKontakt="1997-09-05" ObjStrasseID="8505" ObjHausnummer="Walderseestraße 45" ObjVorlage="1997-08-06 00:00:00.0" ObKeinKontakt="1" ObjArtID="1" Merkmal="0.0" ObjInfo="Eigentümer 1979: L. Heinrich, Mieter:Fischer Ernst, Walderseestr. 45, 30177 Hannover, 0511-690001&#xD;&#xA;Heinrich Peter, Walderseestr. 45, 30177 Hannover, 0511-690262&#xD;&#xA;Heinrich Peter, Walderseestr. 45, 30177 Hannover, 0511-694967&#xD;&#xA;NIHOGA Betriebsberatungsgesells&#xD;&#xA;5048"/>
  <Objekte ObjID="5051" ObjAufnahme="1997-09-05" ObjLetztKontakt="1997-09-05" ObjStrasseID="8505" ObjHausnummer="Walderseestraße 100" ObjVorlage="1997-08-06 00:00:00.0" ObKeinKontakt="1" ObjArtID="1" Merkmal="0.0" ObjInfo="Eigentümer 1979: Landeshauptstadt Hannover, Mieter:Cafe Kochkunst GmbH, Walderseestr. 100, 30177 Hannover, 0511-625421&#xD;&#xA;Eilenriede, Walderseestr. 100, 30177 Hannover, 0172-5128608&#xD;&#xA;Hoffmann Dieter, Walderseestr. 100, 30177 Hannover, 0511-6965292&#xD;&#xA;Sozialist&#xD;&#xA;5052"/>
  <Objekte ObjID="5057" ObjAufnahme="1997-03-18" ObjLetztKontakt="1997-05-13" ObjStrasseID="7233" ObjHausnummer="Kornstraße 11" ObjVorlage="2013-09-11 00:00:00.0" ObKeinKontakt="1" ObjArtID="1" Merkmal="0.0"/>
  <Objekte ObjID="5058" ObjAufnahme="1997-03-18" ObjLetztKontakt="1997-05-13" ObjStrasseID="7233" ObjHausnummer="Kornstraße 13" ObjVorlage="2013-09-11 00:00:00.0" ObKeinKontakt="1" ObjArtID="1" Merkmal="0.0"/>
  <Objekte ObjID="5059" ObjAufnahme="1997-03-18" ObjLetztKontakt="1997-05-13" ObjStrasseID="7233" ObjHausnummer="Kornstraße 15" ObjVorlage="2013-09-11 00:00:00.0" ObKeinKontakt="1" ObjArtID="1" Merkmal="0.0"/>
  <Objekte ObjID="5060" ObjAufnahme="1997-03-18" ObjLetztKontakt="1997-05-13" ObjStrasseID="7233" ObjHausnummer="Kornstraße 17" ObjVorlage="2013-09-11 00:00:00.0" ObKeinKontakt="1" ObjArtID="5" Merkmal="0.0" ObjInfo="&#xD;&#xA;IBK Ingenieurconsult für Maschinenbau Gmb, Kornstr. 17, 30167 Hannover, 0511-702324&#xD;&#xA;INGENIEURCONSULT für Maschinenbau GmbH KUROWIAK Ingenieurbüro für Maschinenbau, Kornstr. 17, 30167 Hannover, 0511-702131&#xD;&#xA;KUROWIAK, Kornstr. 17, 30167 Hannover, 0511-702&#xD;&#xA;5065"/>
  <Objekte ObjID="5066" ObjAufnahme="1997-03-18" ObjLetztKontakt="1997-05-13" ObjStrasseID="7233" ObjHausnummer="Kornstraße 29" ObjVorlage="2013-09-11 00:00:00.0" ObKeinKontakt="1" ObjArtID="1" Merkmal="0.0"/>
  <Objekte ObjID="5067" ObjAufnahme="1997-03-18" ObjLetztKontakt="1997-05-13" ObjStrasseID="7233" ObjHausnummer="Kornstraße 32" ObjVorlage="2013-09-11 00:00:00.0" ObKeinKontakt="1" ObjArtID="1" Merkmal="0.0"/>
  <Objekte ObjID="5068" ObjAufnahme="1997-03-18" ObjLetztKontakt="1997-05-13" ObjStrasseID="7233" ObjHausnummer="Kornstraße 35A" ObjVorlage="2013-09-11 00:00:00.0" ObKeinKontakt="1" ObjArtID="1" Merkmal="0.0"/>
  <Objekte ObjID="5069" ObjAufnahme="1997-03-18" ObjLetztKontakt="1997-05-13" ObjStrasseID="7233" ObjHausnummer="Kornstraße 38" ObjVorlage="2013-09-11 00:00:00.0" ObKeinKontakt="6" ObjArtID="1" Merkmal="0.0" ObjInfo="(Top Drive GmbH, Kornstr. 38, 30167 Hannover, 0511-703262)&#xD;&#xA;S &amp; K Computer Technology GmbH, Kornstr. 38, 30167 Hannover, 0511-709555&#xD;&#xA;&#xD;&#xA;Homann GmbH &amp; Co, Buch- u. Steindruckerei Emil, Kornstr. 38, 30167 Hannover, 0511-7000674"/>
  <Objekte ObjID="5070" ObjAufnahme="1997-03-18" ObjLetztKontakt="1997-05-13" ObjStrasseID="7233" ObjHausnummer="Kornstraße 2" ObjVorlage="2013-09-11 00:00:00.0" ObKeinKontakt="1" ObjArtID="1" Merkmal="0.0" ObjInfo="&#xD;&#xA;Emine Ay, Kornstr. 2, 30167 Hannover, 0511-702956&#xD;&#xA;(Lüer Albrecht, Kornstr. 2, 30167 Hannover, 0511-703342)&#xD;&#xA;Welge Fritz, Kornstr. 2, 30167 Hannover, 0511-713424&#xD;&#xA;Wolf Rudolf, Kornstr. 2, 30167 Hannover, 0511-701994"/>
  <Objekte ObjID="5071" ObjAufnahme="1997-03-18" ObjLetztKontakt="1997-05-13" ObjStrasseID="7233" ObjHausnummer="Kornstraße 4" ObjVorlage="2013-09-11 00:00:00.0" ObKeinKontakt="1" ObjArtID="1" Merkmal="0.0" ObjInfo="Kreutzkam Gisela, Kornstr. 4, 30167 Hannover, 0511-716737&#xD;&#xA;Marquardt Norbert, Kornstr. 4, 30167 Hannover, 0511-717482&#xD;&#xA;Meyer Horst, Kornstr. 4, 30167 Hannover, 0511-701686&#xD;&#xA;Muck Wilhelm, Kornstr. 4, 30167 Hannover, 0511-7010789&#xD;&#xA;Müller Heinrich, Kornstr. 4&#xD;&#xA;5072"/>
  <Objekte ObjID="5074" ObjAufnahme="1997-03-18" ObjLetztKontakt="1997-05-13" ObjStrasseID="7233" ObjHausnummer="Kornstraße 14" ObjVorlage="2013-09-11 00:00:00.0" ObKeinKontakt="1" ObjArtID="1" Merkmal="0.0"/>
  <Objekte ObjID="5075" ObjAufnahme="1997-03-18" ObjLetztKontakt="1997-05-13" ObjStrasseID="7233" ObjHausnummer="Kornstraße 16" ObjVorlage="2013-09-11 00:00:00.0" ObKeinKontakt="1" ObjArtID="1" Merkmal="0.0"/>
  <Objekte ObjID="5077" ObjAufnahme="1997-03-18" ObjLetztKontakt="1997-05-13" ObjStrasseID="7233" ObjHausnummer="Kornstraße 28" ObjVorlage="2013-09-11 00:00:00.0" ObKeinKontakt="1" ObjArtID="1" Merkmal="0.0"/>
  <Objekte ObjID="5078" ObjAufnahme="1997-03-18" ObjLetztKontakt="1997-05-13" ObjStrasseID="7233" ObjHausnummer="Kornstraße 30" ObjVorlage="2013-09-11 00:00:00.0" ObKeinKontakt="1" ObjArtID="1" Merkmal="0.0"/>
  <Objekte ObjID="5079" ObjAufnahme="1997-03-18" ObjLetztKontakt="1997-05-13" ObjStrasseID="7233" ObjHausnummer="Kornstraße 31" ObjVorlage="2013-09-11 00:00:00.0" ObKeinKontakt="1" ObjArtID="25" Merkmal="0.0"/>
  <Objekte ObjID="5080" ObjAufnahme="1997-03-18" ObjLetztKontakt="1997-05-13" ObjStrasseID="7233" ObjHausnummer="Kornstraße 37" ObjVorlage="2013-09-11 00:00:00.0" ObKeinKontakt="1" ObjArtID="1" Merkmal="0.0" ObjInfo="Tiaden Dagmar, Kornstr. 37, 30167 Hannover, 0511-714433&#xD;&#xA;Scholz Manfred, Kornstr. 37, 30167 Hannover, 0511-708785&#xD;&#xA;mobiltec, Kornstr. 37, 30167 Hannover, 0511-730858&#xD;&#xA;Mangelsdorf Stephan, Kornstr. 37, 30167 Hannover, 0511-7011041&#xD;&#xA;Mangelsdorf Partner, Korn&#xD;&#xA;5081"/>
  <Objekte ObjID="5103" ObjAufnahme="1997-09-22" ObjLetztKontakt="1998-09-15" ObjStrasseID="7176" ObjHausnummer="Kleiststraße 1" ObjVorlage="2013-09-11 00:00:00.0" ObKeinKontakt="2" ObjArtID="5" Merkmal="0.0" ObjInfo="RA Hartmann 340471&#xD;&#xA;Dömel Brit, Kleiststr. 1, 30163 Hannover, 0511-622293&#xD;&#xA;Felski Peter, Kleiststr. 1, 30163 Hannover, 0511-620333&#xD;&#xA;Glas-Westphal GmbH &amp; Co. KG, Liebigstr. 34, 30163 Hannover, 0511-665811&#xD;&#xA;Kleiststr. 1, 30163 Hannover, 0511-666191&#xD;&#xA;Kothe Jo&#xD;&#xA;5104"/>
  <Objekte ObjID="5112" ObjAufnahme="1997-09-22" ObjLetztKontakt="1997-09-22" ObjStrasseID="7176" ObjHausnummer="Kleiststraße 12" ObjVorlage="2013-09-11 00:00:00.0" ObKeinKontakt="1" ObjArtID="1" Merkmal="0.0" ObjInfo="Mieter:ANTEC-Kunte GmbH, Kleiststr. 12, 30163 Hannover, 0511-392467&#xD;&#xA;ANTEC-Kunte GMBH Antennenanlagen, Kleiststr. 12, 30163 Hannover, 0511-9620240&#xD;&#xA;Kunte Michael, Kleiststr. 12, 30163 Hannover, 0511-391747&#xD;&#xA;Petrovic Luka, Kleiststr. 12, 30163 Hannover, 051&#xD;&#xA;5113"/>
  <Objekte ObjID="5114" ObjAufnahme="1997-09-22" ObjLetztKontakt="1997-09-22" ObjStrasseID="7176" ObjHausnummer="Kleiststraße 14" ObjVorlage="2013-09-11 00:00:00.0" ObKeinKontakt="1" ObjArtID="177" Merkmal="0.0" ObjInfo="Eigentümergemeinschaft, Verw.: Firma WVW, Constantinstr. 70, Mieter:Engelbrecht L., Kleiststr. 14, 30163 Hannover, 0511-629858&#xD;&#xA;Freitag Bernd, Kleiststr. 14, 30163 Hannover, 0511-669397&#xD;&#xA;Köhn Hannelore, Kleiststr. 14, 30163 Hannover, 0511-663194&#xD;&#xA;Neubauer &#xD;&#xA;5115"/>
  <Objekte ObjID="5119" ObjAufnahme="1997-09-22" ObjLetztKontakt="1997-09-22" ObjStrasseID="6108" ObjHausnummer="Bunsenstraße 2" ObjVorlage="2013-09-11 00:00:00.0" ObKeinKontakt="1" ObjArtID="1" Merkmal="0.0" ObjInfo="Mieter:Bock Holger, Bunsenstr. 2, 30163 Hannover, 0511-669995&#xD;&#xA;Fuhrhop-Lüttig D., Bunsenstr. 2, 30163 Hannover, 0511-667286&#xD;&#xA;Lüttig-Ender Wilfried, Bunsenstr. 2, 30163 Hannover, 0511-622975&#xD;&#xA;Paulke Günter, Bunsenstr. 2, 30163 Hannover, 0511-624560&#xD;&#xA;Paulke-&#xD;&#xA;5120"/>
  <Objekte ObjID="5127" ObjAufnahme="1997-09-22" ObjLetztKontakt="1997-09-22" ObjStrasseID="6455" ObjHausnummer="Fraunhoferstraße 4" ObjVorlage="2013-09-11 00:00:00.0" ObKeinKontakt="1" ObjArtID="1" Merkmal="0.0" ObjInfo="Mieter:Barth-Ohlmer Torsten, Fraunhoferstr. 4, 30163 Hannover, 0511-662364&#xD;&#xA;Gathamann Walter, Fraunhoferstr. 4, 30163 Hannover, 0511-392566&#xD;&#xA;Klein Rudolf, Fraunhoferstr. 4, 30163 Hannover, 0511-620832&#xD;&#xA;Landwehr Joachim, Fraunhoferstr. 4, 30163 Hannover, 05&#xD;&#xA;5128"/>
  <Objekte ObjID="5129" ObjAufnahme="1997-09-22" ObjLetztKontakt="1997-09-22" ObjStrasseID="6455" ObjHausnummer="Fraunhoferstraße 8" ObjVorlage="2013-09-11 00:00:00.0" ObKeinKontakt="1" ObjArtID="1" Merkmal="0.0" ObjInfo="Mieter:Kehlenbeck Stephanie, Fraunhoferstr. 8, 30163 Hannover, 0511-662494&#xD;&#xA;Lambracht Bernd, Fraunhoferstr. 8, 30163 Hannover, 0511-391126&#xD;&#xA;Langfort Claudia, Fraunhoferstr. 8, 30163 Hannover, 0511-391125&#xD;&#xA;Müller Bettina, Fraunhoferstr. 8, 30163 Hannover, 0&#xD;&#xA;5130"/>
  <Objekte ObjID="5133" ObjAufnahme="1997-09-24" ObjLetztKontakt="1997-09-24" ObjStrasseID="6908" ObjHausnummer="Holbeinstraße 10" ObjVorlage="2013-09-11 00:00:00.0" ObKeinKontakt="1" ObjArtID="1" Merkmal="0.0" ObjInfo="Mieter:Gerdes Ruth, Holbeinstr. 10, 30177 Hannover, 0511-692782&#xD;&#xA;Ungnad Volkmar, Holbeinstr. 10, 30177 Hannover, 0511-695565&#xD;&#xA;Zyska Klaus-Dieter, Holbeinstr. 10, 30177 Hannover, 0511-624853"/>
  <Objekte ObjID="5134" ObjAufnahme="1997-09-24" ObjLetztKontakt="1997-09-24" ObjStrasseID="6908" ObjHausnummer="Holbeinstraße 9" ObjVorlage="2013-09-11 00:00:00.0" ObKeinKontakt="1" ObjArtID="1" Merkmal="0.0" ObjInfo="Mieter:Jentzsch Hartmut, Holbeinstr. 9, 30177 Hannover, 0511-697100, Nolte Evelyn, Holbeinstr. 9, 30177 Hannover, 0511-699132"/>
  <Objekte ObjID="5135" ObjAufnahme="1997-09-24" ObjLetztKontakt="1997-09-24" ObjStrasseID="6908" ObjHausnummer="Holbeinstraße 6" ObjVorlage="2013-09-11 00:00:00.0" ObKeinKontakt="1" ObjArtID="1" Merkmal="0.0" ObjInfo="Mieter:Hahn R., Holbeinstr. 6D, 30177 Hannover, 0511-691111&#xD;&#xA;Hammerstein Allmut von, Holbeinstr. 6B, 30177 Hannover, 0511-699581&#xD;&#xA;Rambach Werner, Holbeinstr. 6A, 30177 Hannover, 0511-699503"/>
  <Objekte ObjID="5136" ObjAufnahme="1997-09-24" ObjLetztKontakt="1997-09-24" ObjStrasseID="6908" ObjHausnummer="Holbeinstraße 5" ObjVorlage="2013-09-11 00:00:00.0" ObKeinKontakt="1" ObjArtID="1" Merkmal="0.0" ObjInfo="Mieter:"/>
  <Objekte ObjID="5137" ObjAufnahme="1997-09-24" ObjLetztKontakt="1997-09-24" ObjStrasseID="6908" ObjHausnummer="Holbeinstraße 4" ObjVorlage="2013-09-11 00:00:00.0" ObKeinKontakt="1" ObjArtID="1" Merkmal="0.0" ObjInfo="Mieter:"/>
  <Objekte ObjID="5138" ObjAufnahme="1997-09-24" ObjLetztKontakt="1997-09-24" ObjStrasseID="6908" ObjHausnummer="Holbeinstraße 3" ObjVorlage="2013-09-11 00:00:00.0" ObKeinKontakt="1" ObjArtID="1" Merkmal="0.0" ObjInfo="Mieter:Blume I., Holbeinstr. 3, 30177 Hannover, 0511-6965786&#xD;&#xA;Bücking Hildegard, Holbeinstr. 3, 30177 Hannover, 0511-693197&#xD;&#xA;Gottschalk Rolf, Holbeinstr. 3, 30177 Hannover, 0511-697242&#xD;&#xA;Heinrich A. u. S., Holbeinstr. 3, 30177 Hannover, 0511-6966866&#xD;&#xA;Herrma&#xD;&#xA;5139"/>
  <Objekte ObjID="5141" ObjAufnahme="1997-09-24" ObjLetztKontakt="1997-09-24" ObjStrasseID="6908" ObjHausnummer="Holbeinstraße 16" ObjVorlage="2013-09-11 00:00:00.0" ObKeinKontakt="1" ObjArtID="1" Merkmal="0.0" ObjInfo="Mieter:Bensaid Thierry, Holbeinstr. 16, 30177 Hannover, 0171-8332220&#xD;&#xA;Brandes Ursula, Holbeinstr. 16, 30177 Hannover, 0511-699093&#xD;&#xA;Edition Thierry, Holbeinstr. 16, 30177 Hannover, 0511-699597&#xD;&#xA;Fischer Karl, Holbeinstr. 16, 30177 Hannover, 0511-699310&#xD;&#xA;Glan&#xD;&#xA;5142"/>
  <Objekte ObjID="5147" ObjAufnahme="1997-09-24" ObjLetztKontakt="1997-09-24" ObjStrasseID="7422" ObjHausnummer="Lortzingstraße 7" ObjVorlage="2013-09-11 00:00:00.0" ObKeinKontakt="1" ObjArtID="1" Merkmal="0.0" ObjInfo="Mieter:"/>
  <Objekte ObjID="5148" ObjAufnahme="1997-09-24" ObjLetztKontakt="1997-09-24" ObjStrasseID="7422" ObjHausnummer="Lortzingstraße 4" ObjVorlage="2013-09-11 00:00:00.0" ObKeinKontakt="1" ObjArtID="1" Merkmal="0.0" ObjInfo="Eigentümergemeinschaft, Mieter:Allerkamp Hermann, Lortzingstr. 4, 30177 Hannover, 0511-623817&#xD;&#xA;Bötzius Walter u. Jeanine, Lortzingstr. 4, 30177 Hannover, 0511-392427&#xD;&#xA;Broscheid Stefan, Lortzingstr. 4, 30177 Hannover, 0511-626040&#xD;&#xA;Kühl Günter, Lortzingstr. &#xD;&#xA;5149"/>
  <Objekte ObjID="5150" ObjAufnahme="1997-09-24" ObjLetztKontakt="1997-09-24" ObjStrasseID="7422" ObjHausnummer="Lortzingstraße 2" ObjVorlage="2013-09-11 00:00:00.0" ObKeinKontakt="1" ObjArtID="1" Merkmal="0.0" ObjInfo="Eigentümergemeinschaft,Mieter:Hennig Hans-Jürgen u. Petra, Lortzingstr. 2, 30177 Hannover, 0511-3941517&#xD;&#xA;Marx Ansgar, Lortzingstr. 2, 30177 Hannover, 0511-667255"/>
  <Objekte ObjID="5151" ObjAufnahme="1997-09-24" ObjLetztKontakt="1997-09-24" ObjStrasseID="7422" ObjHausnummer="Lortzingstraße 1" ObjVorlage="2013-09-11 00:00:00.0" ObKeinKontakt="1" ObjArtID="1" Merkmal="0.0" ObjInfo="Eigentümer: KKH Hannover, Tel.: 0511/ 304170, Mieter:Gesamtverband Verkehrsgewerbe Niedersachsen e.V., Lortzingstr. 1, 30177 Hannover, 0511-623372&#xD;&#xA;Kaufmännische Krankenkasse -KKH-Ersatzkasse Gegr. in Halle, Georgstr. 16, 30159 Hannover, 0511-30417-26&#xD;&#xA;Kau&#xD;&#xA;5152"/>
  <Objekte ObjID="5153" ObjAufnahme="1997-09-24" ObjLetztKontakt="1997-09-24" ObjStrasseID="8118" ObjHausnummer="Schumannstraße 2" ObjVorlage="2013-09-11 00:00:00.0" ObKeinKontakt="1" ObjArtID="1" Merkmal="0.0" ObjInfo="Mieter:Bernemann Jürgen, Schumannstr. 2, 30177 Hannover, 0511-668852&#xD;&#xA;Bernemann Lore, Schumannstr. 2, 30177 Hannover, 0511-668852&#xD;&#xA;Grüning Jochen, Schumannstr. 2, 30177 Hannover, 0511-622828&#xD;&#xA;Rössing Horst, Schumannstr. 2, 30177 Hannover, 0511-661521&#xD;&#xA;Sarf&#xD;&#xA;5154"/>
  <Objekte ObjID="5155" ObjAufnahme="1997-09-24" ObjLetztKontakt="1998-10-21" ObjStrasseID="7887" ObjHausnummer="Richard-Wagner-Straße 33" ObjVorlage="2013-09-11 00:00:00.0" ObKeinKontakt="2" ObjArtID="1" Merkmal="0.0" ObjInfo="Mieter:Busche Jürgen, Richard-Wagner-Str. 33, 30177 Hannover, 0511-665665&#xD;&#xA;Deiters Klaus, Richard-Wagner-Str. 33, 30177 Hannover, 0511-622700&#xD;&#xA;Hesse Bärbel v., Richard-Wagner-Str. 33, 30177 Hannover, 0511-660506&#xD;&#xA;Hesse Kai von, Richard-Wagner-Str. 33, 3017&#xD;&#xA;5156"/>
  <Objekte ObjID="5157" ObjAufnahme="1997-09-24" ObjLetztKontakt="1997-09-24" ObjStrasseID="7887" ObjHausnummer="Richard-Wagner-Straße 32" ObjVorlage="2013-09-11 00:00:00.0" ObKeinKontakt="1" ObjArtID="1" Merkmal="0.0" ObjInfo="Mieter:Poss Michael, Richard-Wagner-Str. 32, 30177 Hannover, 0511-664933"/>
  <Objekte ObjID="5158" ObjAufnahme="1997-09-24" ObjLetztKontakt="1997-09-24" ObjStrasseID="7887" ObjHausnummer="Richard-Wagner-Straße 30" ObjVorlage="2013-09-11 00:00:00.0" ObKeinKontakt="1" ObjArtID="1" Merkmal="0.0" ObjInfo="Mieter:"/>
  <Objekte ObjID="5159" ObjAufnahme="1997-09-24" ObjLetztKontakt="1998-10-21" ObjStrasseID="7887" ObjHausnummer="Richard-Wagner-Straße 28" ObjVorlage="2013-09-11 00:00:00.0" ObKeinKontakt="2" ObjArtID="1" Merkmal="0.0" ObjInfo="Mieter:Curadent Zahntechnik, Richard-Wagner-Str. 28, 30177 Hannover, 0511-909038&#xD;&#xA;Koch Petra, Richard-Wagner-Str. 28, 30177 Hannover, 0511-622353&#xD;&#xA;Köster Rainer, Richard-Wagner-Str. 28, 30177 Hannover, 0172-3503562&#xD;&#xA;Luckey Ralf Dr., Richard-Wagner-Str. 28,&#xD;&#xA;5160"/>
  <Objekte ObjID="5162" ObjAufnahme="1997-09-24" ObjLetztKontakt="1997-09-24" ObjStrasseID="7887" ObjHausnummer="Richard-Wagner-Straße 20" ObjVorlage="2013-09-11 00:00:00.0" ObKeinKontakt="1" ObjArtID="1" Merkmal="0.0" ObjInfo="Mieter:Plumhof Jochen, Richard-Wagner-Str. 20, 30177 Hannover, 0511-621620&#xD;&#xA;Plumhoff Jochen, Richard-Wagner-Str. 20, 30177 Hannover, 0511-622118&#xD;&#xA;Scharnofske John D., Richard-Wagner-Str. 20, 30177 Hannover, 0511-620836"/>
  <Objekte ObjID="5163" ObjAufnahme="1997-09-24" ObjLetztKontakt="1997-09-24" ObjStrasseID="7887" ObjHausnummer="Richard-Wagner-Straße 18" ObjVorlage="2013-09-11 00:00:00.0" ObKeinKontakt="1" ObjArtID="1" Merkmal="0.0" ObjInfo="Mieter:Gappa Monika, Richard-Wagner-Str. 18, 30177 Hannover, 0511-692801&#xD;&#xA;Jägersberg Rolf, Walderseestr. 15A, 30177 Hannover, 0511-39725-0&#xD;&#xA;Jägersberg Rolf, Richard-Wagner-Str. 18, 30177 Hannover, 0511-625215&#xD;&#xA;Rauß Britta, Walderseestr. 15A, 30177 Hannover&#xD;&#xA;5164"/>
  <Objekte ObjID="5165" ObjAufnahme="1997-09-24" ObjLetztKontakt="1997-09-24" ObjStrasseID="7887" ObjHausnummer="Richard-Wagner-Straße 14" ObjVorlage="2013-09-11 00:00:00.0" ObKeinKontakt="1" ObjArtID="1" Merkmal="0.0" ObjInfo="Mieter:Intercoiffure Meister Krack Inh. Erhard Plaschke, Richard-Wagner-Str. 14, 30177 Hannover, 0511-669666&#xD;&#xA;Spann Michael, Richard-Wagner-Str. 14, 30177 Hannover, 0511-661929"/>
  <Objekte ObjID="5166" ObjAufnahme="1997-09-24" ObjLetztKontakt="1997-09-24" ObjStrasseID="7887" ObjHausnummer="Richard-Wagner-Straße 10" ObjVorlage="2013-09-11 00:00:00.0" ObKeinKontakt="1" ObjArtID="177" Merkmal="0.0"/>
  <Objekte ObjID="5167" ObjAufnahme="1997-09-24" ObjLetztKontakt="1997-09-24" ObjStrasseID="7887" ObjHausnummer="Richard-Wagner-Straße 8" ObjVorlage="2013-09-11 00:00:00.0" ObKeinKontakt="1" ObjArtID="1" Merkmal="0.0" ObjInfo="Mieter:Hänsel Otto, Richard-Wagner-Str. 8, 30177 Hannover, 0511-668779"/>
  <Objekte ObjID="5168" ObjAufnahme="1997-09-24" ObjLetztKontakt="1997-09-24" ObjStrasseID="7887" ObjHausnummer="Richard-Wagner-Straße 2A" ObjVorlage="2013-09-11 00:00:00.0" ObKeinKontakt="1" ObjArtID="1" Merkmal="0.0" ObjInfo="Mieter:"/>
  <Objekte ObjID="5169" ObjAufnahme="1997-09-24" ObjLetztKontakt="1997-09-24" ObjStrasseID="7887" ObjHausnummer="Richard-Wagner-Straße 2" ObjVorlage="2013-09-11 00:00:00.0" ObKeinKontakt="1" ObjArtID="1" Merkmal="0.0" ObjInfo="Evtl. Herr Reh, Mieter:Bartels Christine, Richard-Wagner-Str. 2, 30177 Hannover, 0511-661508"/>
  <Objekte ObjID="5170" ObjAufnahme="1997-09-24" ObjLetztKontakt="1998-10-25" ObjStrasseID="7887" ObjHausnummer="Richard-Wagner-Straße 3" ObjVorlage="2013-09-11 00:00:00.0" ObKeinKontakt="1" ObjArtID="177" Merkmal="0.0" ObjInfo="Eigentümergemeinschaft, Mieter:Gers Ulrich, Richard-Wagner-Str. 3, 30177 Hannover, 0511-666438&#xD;&#xA;Kaiser Michael, Richard-Wagner-Str. 3, 30177 Hannover, 0511-391418&#xD;&#xA;Kollin Sylvia, Richard-Wagner-Str. 3, 30177 Hannover, 0511-629904&#xD;&#xA;Lindner Michael, Richard-&#xD;&#xA;5171"/>
  <Objekte ObjID="5172" ObjAufnahme="1997-09-24" ObjLetztKontakt="1997-09-24" ObjStrasseID="7887" ObjHausnummer="Richard-Wagner-Straße 7" ObjVorlage="2013-09-11 00:00:00.0" ObKeinKontakt="1" ObjArtID="1" Merkmal="0.0" ObjInfo="Mieter:Hellgardt Lorenz, Richard-Wagner-Str. 7, 30177 Hannover, 0511-391741&#xD;&#xA;Schomburg Siegfried, Richard-Wagner-Str. 7, 30177 Hannover, 0511-629823"/>
  <Objekte ObjID="5173" ObjAufnahme="1997-09-24" ObjLetztKontakt="1998-10-21" ObjStrasseID="7887" ObjHausnummer="Richard-Wagner-Straße 9" ObjVorlage="2013-09-11 00:00:00.0" ObKeinKontakt="2" ObjArtID="1" Merkmal="0.0" ObjInfo="Mieter:Bertelsen U., Richard-Wagner-Str. 9, 30177 Hannover, 0511-6965874&#xD;&#xA;Hartnuß Hajo, Richard-Wagner-Str. 9, 30177 Hannover, 0511-627504&#xD;&#xA;Kim Unhi, Richard-Wagner-Str. 9, 30177 Hannover, 0511-391829&#xD;&#xA;Klingsporn Siegfried, Richard-Wagner-Str. 9, 30177 Han&#xD;&#xA;5174"/>
  <Objekte ObjID="5181" ObjAufnahme="1997-09-24" ObjLetztKontakt="1998-09-14" ObjStrasseID="7887" ObjHausnummer="Richard-Wagner-Straße 27" ObjVorlage="2013-09-11 00:00:00.0" ObKeinKontakt="2" ObjArtID="1" Merkmal="0.0" ObjInfo="Evtl. Frau I. Schaefer, Ueberlingen, Mieter:Auschra Sabine, Richard-Wagner-Str. 27, 30177 Hannover, 0511-629129&#xD;&#xA;Bartens Thomas, Richard-Wagner-Str. 27, 30177 Hannover, 0511-621729&#xD;&#xA;Bartens Thomas,, Richard-Wagner-Str. 27, 30177 Hannover, 0511-621707&#xD;&#xA;Beck&#xD;&#xA;5182"/>
  <Objekte ObjID="5185" ObjAufnahme="1997-04-18" ObjLetztKontakt="1997-04-18" ObjStrasseID="8376" ObjHausnummer="Tiedgestraße 5A" ObjVorlage="2013-09-11 00:00:00.0" ObKeinKontakt="1" ObjArtID="1" Merkmal="0.0" ObjInfo="UTV Filmproduktion Wolfgang Borges oder B&amp;B Werbeagentur"/>
  <Objekte ObjID="5186" ObjAufnahme="1997-10-01" ObjLetztKontakt="1997-10-01" ObjStrasseID="382" ObjHausnummer="Böcklinplatz 2" ObjVorlage="2013-09-11 00:00:00.0" ObKeinKontakt="1" ObjArtID="1" Merkmal="0.0" ObjInfo="Evtl. Frau Lilli Rodewald s.o., Mieter:Aschenberg Peter, Böcklinplatz 2, 30177 Hannover, 0511-693261&#xD;&#xA;Händschke Karl-Heinrich, Böcklinplatz 2, 30177 Hannover, 0511-6966877&#xD;&#xA;Hohmann Ralf, Böcklinplatz 2, 30177 Hannover, 0511-6965780&#xD;&#xA;Hornstein Eduard, Böckl&#xD;&#xA;5187"/>
  <Objekte ObjID="5190" ObjAufnahme="1997-10-01" ObjLetztKontakt="1997-10-01" ObjStrasseID="382" ObjHausnummer="Böcklinplatz 0" ObjVorlage="2013-09-11 00:00:00.0" ObKeinKontakt="1" ObjArtID="1" Merkmal="0.0"/>
  <Objekte ObjID="5191" ObjAufnahme="1997-10-01" ObjLetztKontakt="1997-10-01" ObjStrasseID="6894" ObjHausnummer="Hodlerweg 1" ObjVorlage="2013-09-11 00:00:00.0" ObKeinKontakt="1" ObjArtID="1" Merkmal="0.0" ObjInfo="Evtl. W. Pape,0511/ 690427, Mieter:Pape Wilhelm A., Hodlerweg 1, 30177 Hannover, 0511-694135&#xD;&#xA;Pape, Wilhelm A., Hodlerweg 1, 30177 Hannover, 0511-690427&#xD;&#xA;Schier Günter, Hodlerweg 1, 30177 Hannover, 0511-690427"/>
  <Objekte ObjID="5192" ObjAufnahme="1997-10-01" ObjLetztKontakt="1997-10-01" ObjStrasseID="6894" ObjHausnummer="Hodlerweg 2" ObjVorlage="2013-09-11 00:00:00.0" ObKeinKontakt="1" ObjArtID="1" Merkmal="0.0" ObjInfo="Evtl. Ewald Vinnenberger, Mieter:Lienhard M., Hodlerweg 2, 30177 Hannover, 0511-693903&#xD;&#xA;Vinnenberg A., Hodlerweg 2, 30177 Hannover, 0511-691541"/>
  <Objekte ObjID="5193" ObjAufnahme="1997-10-01" ObjLetztKontakt="1997-10-01" ObjStrasseID="6894" ObjHausnummer="Hodlerweg 3" ObjVorlage="2013-09-11 00:00:00.0" ObKeinKontakt="1" ObjArtID="1" Merkmal="0.0" ObjInfo="Evtl. M. Hirche, Mieter: :Hirche Helene, Hodlerweg 3, 30177 Hannover, 0511-691089&#xD;&#xA;Meyer-Leive Oliver u. Kerstin, Hodlerweg 3, 30177 Hannover, 0511-691506"/>
  <Objekte ObjID="5195" ObjAufnahme="1997-10-01" ObjLetztKontakt="1997-10-01" ObjStrasseID="8148" ObjHausnummer="Schwindstraße 1" ObjVorlage="2013-09-11 00:00:00.0" ObKeinKontakt="1" ObjArtID="1" Merkmal="0.0" ObjInfo="Evtl. W. Gauer, Mieter:Hackbusch Frank, Schwindstr. 1, 30177 Hannover, 0511-6965313&#xD;&#xA;HBI Immobilien, Schwindstr. 1, 30177 Hannover, 0511-692696&#xD;&#xA;HBI Immobilien, Schwindstr. 1, 30177 Hannover, 0511-692622&#xD;&#xA;Völker Christa, Schwindstr. 1, 30177 Hannover, 0511&#xD;&#xA;5196"/>
  <Objekte ObjID="5197" ObjAufnahme="1997-10-01" ObjLetztKontakt="1997-10-01" ObjStrasseID="8148" ObjHausnummer="Schwindstraße 5" ObjVorlage="2013-09-11 00:00:00.0" ObKeinKontakt="1" ObjArtID="1" Merkmal="0.0" ObjInfo="Evtl. Norddt. Bauträger GmbH, Mieter:Colios Christos, Schwindstr. 5, 30177 Hannover, 0511-694847&#xD;&#xA;Eisenberg Birgit, Schwindstr. 5, 30177 Hannover, 0511-391811&#xD;&#xA;Hubert Richard, Schwindstr. 5, 30177 Hannover, 0511-699306&#xD;&#xA;Köster Andreas, Schwindstr. 5, 30177&#xD;&#xA;5198"/>
  <Objekte ObjID="5203" ObjAufnahme="1997-10-01" ObjLetztKontakt="1997-10-01" ObjStrasseID="8242" ObjHausnummer="Spohrstraße 1" ObjVorlage="2013-09-11 00:00:00.0" ObKeinKontakt="1" ObjArtID="1" Merkmal="0.0" ObjInfo="Evtl. M. Wöltje, Mieter:Hengst Marion, Spohrstr. 1, 30177 Hannover, 0511-627286&#xD;&#xA;Wöltje Heinz, Spohrstr. 1, 30177 Hannover, 0511-393275&#xD;&#xA;Wöltje Milly, Spohrstr. 1, 30177 Hannover, 0511-660270"/>
  <Objekte ObjID="5204" ObjAufnahme="1997-10-01" ObjLetztKontakt="1997-10-01" ObjStrasseID="8242" ObjHausnummer="Spohrstraße 8" ObjVorlage="2013-09-11 00:00:00.0" ObKeinKontakt="1" ObjArtID="1" Merkmal="0.0" ObjInfo="Mieter:Köhler Johst, Spohrstr. 8, 30177 Hannover, 0511-666327&#xD;&#xA;Lang, Spohrstr. 8, 30177 Hannover, 0511-621149&#xD;&#xA;Schneider Thomas, Spohrstr. 8, 30177 Hannover, 0511-623999&#xD;&#xA;Soukkari Adnan, Spohrstr. 8, 30177 Hannover, 0511-629843"/>
  <Objekte ObjID="5205" ObjAufnahme="1997-10-01" ObjLetztKontakt="1997-10-01" ObjStrasseID="8242" ObjHausnummer="Spohrstraße 6" ObjVorlage="2013-09-11 00:00:00.0" ObKeinKontakt="1" ObjArtID="1" Merkmal="0.0" ObjInfo="Mieter:Henneke Ingeborg, Spohrstr. 6, 30177 Hannover, 0511-393351&#xD;&#xA;Schinzel Rainer, Spohrstr. 6, 30177 Hannover, 0511-624886&#xD;&#xA;Seffer Ingeburg, Spohrstr. 6, 30177 Hannover, 0511-660858"/>
  <Objekte ObjID="5206" ObjAufnahme="1997-10-01" ObjLetztKontakt="1997-10-01" ObjStrasseID="8242" ObjHausnummer="Spohrstraße 4" ObjVorlage="2013-09-11 00:00:00.0" ObKeinKontakt="1" ObjArtID="1" Merkmal="0.0" ObjInfo="Mieter:Eysel Marianne, Spohrstr. 4, 30177 Hannover, 0511-693020&#xD;&#xA;Meisner Dorothea, Spohrstr. 4, 30177 Hannover, 0511-693020&#xD;&#xA;Meyer Hans, Spohrstr. 4, 30177 Hannover, 0511-622921"/>
  <Objekte ObjID="5207" ObjAufnahme="1997-10-01" ObjLetztKontakt="1997-10-01" ObjStrasseID="8242" ObjHausnummer="Spohrstraße 3" ObjVorlage="2013-09-11 00:00:00.0" ObKeinKontakt="1" ObjArtID="1" Merkmal="0.0" ObjInfo="Evtl. Pelikan- Werke GmbH, Mieter:Frickee Ernst, Spohrstr. 3, 30177 Hannover, 0511-627651"/>
  <Objekte ObjID="5208" ObjAufnahme="1997-10-01" ObjLetztKontakt="1997-10-01" ObjStrasseID="6054" ObjHausnummer="Brahmsstraße 4" ObjVorlage="2013-09-11 00:00:00.0" ObKeinKontakt="1" ObjArtID="76" Merkmal="0.0" ObjInfo="349126\2 Blk. SO/NW"/>
  <Objekte ObjID="5209" ObjAufnahme="1997-10-01" ObjLetztKontakt="1997-10-01" ObjStrasseID="6054" ObjHausnummer="Brahmsstraße 1" ObjVorlage="2013-09-11 00:00:00.0" ObKeinKontakt="1" ObjArtID="1" Merkmal="0.0" ObjInfo="Evtl. Frau Goldberg- Paetz, Hindenburgstr. 8, Mieter:Brandt Rosemarie, Brahmsstr. 1, 30177 Hannover, 0511-667790&#xD;&#xA;Danz Chr., Brahmsstr. 1, 30177 Hannover, 0511-663961&#xD;&#xA;Grimpe Karl-Heinz, Brahmsstr. 1, 30177 Hannover, 0511-663793&#xD;&#xA;Henkelmann Dirk, Brahmsstr&#xD;&#xA;5210"/>
  <Objekte ObjID="5213" ObjAufnahme="1997-10-01" ObjLetztKontakt="1997-10-01" ObjStrasseID="6720" ObjHausnummer="Händelstraße 2" ObjVorlage="2013-09-11 00:00:00.0" ObKeinKontakt="1" ObjArtID="1" Merkmal="0.0" ObjInfo="Eigentümergemeinschaft, Mieter: Brucker, Händelstr. 2, 30177 Hannover, 0511-660223&#xD;&#xA;Koenig Walter, Händelstr. 2, 30177 Hannover, 0511-664468"/>
  <Objekte ObjID="5214" ObjAufnahme="1997-10-01" ObjLetztKontakt="1997-10-01" ObjStrasseID="6720" ObjHausnummer="Händelstraße 1" ObjVorlage="2013-09-11 00:00:00.0" ObKeinKontakt="1" ObjArtID="1" Merkmal="0.0" ObjInfo="Mieter: Althof Dietmar, Händelstr. 1, 30177 Hannover, 0511-667899&#xD;&#xA;Prior GbR, Händelstr. 1, 30177 Hannover, 0511-662688"/>
  <Objekte ObjID="5215" ObjAufnahme="1997-10-01" ObjLetztKontakt="1997-10-01" ObjStrasseID="7873" ObjHausnummer="Rembrandtstraße 3" ObjVorlage="2013-09-11 00:00:00.0" ObKeinKontakt="1" ObjArtID="1" Merkmal="0.0" ObjInfo="Mieter:Stieglitz Hans-Eberhard, Northeimer Wende 19, 30419 Hannover, 0511-791213&#xD;&#xA;Rembrandtstr. 2, 30177 Hannover, 0511-694552,Apel Bettina, Rembrandtstr. 3, 30177 Hannover, 0511-6965476&#xD;&#xA;Apel Holger, Rembrandtstr. 3, 30177 Hannover, 0511-6965476&#xD;&#xA;Kuss Arn&#xD;&#xA;5216"/>
  <Objekte ObjID="5217" ObjAufnahme="1997-10-01" ObjLetztKontakt="1997-10-01" ObjStrasseID="7873" ObjHausnummer="Rembrandtstraße 5" ObjVorlage="2013-09-11 00:00:00.0" ObKeinKontakt="1" ObjArtID="1" Merkmal="0.0" ObjInfo="Mieter:Dorfschäfer Burkhard, Rembrandtstr. 5, 30177 Hannover, 0511-6966151&#xD;&#xA;Effner Rainer, Rembrandtstr. 5, 30177 Hannover, 0511-697580&#xD;&#xA;Hoffmann Elke, Rembrandtstr. 5, 30177 Hannover, 0511-691705&#xD;&#xA;Hummes Helene u. Paul, Rembrandtstr. 5, 30177 Hannover, 05&#xD;&#xA;5218"/>
  <Objekte ObjID="5222" ObjAufnahme="1997-10-01" ObjLetztKontakt="1997-10-01" ObjStrasseID="7873" ObjHausnummer="Rembrandtstraße 12" ObjVorlage="2013-09-11 00:00:00.0" ObKeinKontakt="1" ObjArtID="1" Merkmal="0.0" ObjInfo="Mieter:Reschke E., Rembrandtstr. 12, 30177 Hannover, 0511-6966455&#xD;&#xA;Trebbin R., Rembrandtstr. 12, 30177 Hannover, 0511-690396"/>
  <Objekte ObjID="5223" ObjAufnahme="1997-10-01" ObjLetztKontakt="1997-10-01" ObjStrasseID="7873" ObjHausnummer="Rembrandtstraße 10" ObjVorlage="2013-09-11 00:00:00.0" ObKeinKontakt="1" ObjArtID="1" Merkmal="0.0" ObjInfo="Mieter:"/>
  <Objekte ObjID="5224" ObjAufnahme="1997-10-01" ObjLetztKontakt="1997-10-01" ObjStrasseID="7873" ObjHausnummer="Rembrandtstraße 8" ObjVorlage="2013-09-11 00:00:00.0" ObKeinKontakt="1" ObjArtID="1" Merkmal="0.0" ObjInfo="Mieter:Apel Walter, Rembrandtstr. 8, 30177 Hannover, 0511-6966480&#xD;&#xA;Rembrandtstr. 8, 30177 Hannover, 0511-690014&#xD;&#xA;Apel Wolfgang, Podbielskistr. 88, 30177 Hannover, 0511-624258"/>
  <Objekte ObjID="5225" ObjAufnahme="1997-10-01" ObjLetztKontakt="1997-10-01" ObjStrasseID="7873" ObjHausnummer="Rembrandtstraße 6" ObjVorlage="2013-09-11 00:00:00.0" ObKeinKontakt="1" ObjArtID="1" Merkmal="0.0" ObjInfo="Mieter:Naehring Uta, Rembrandtstr. 6, 30177 Hannover, 0511-693388&#xD;&#xA;Naehring Burkhard, Rembrandtstr. 6, 30177 Hannover, 0511-6965060&#xD;&#xA;Naehring Burkhard, Rembrandtstr. 6, 30177 Hannover, 0511-691070&#xD;&#xA;Gertich Heinz, Rembrandtstr. 6, 30177 Hannover, 0511-69664&#xD;&#xA;5227"/>
  <Objekte ObjID="5228" ObjAufnahme="1997-10-01" ObjLetztKontakt="1997-10-01" ObjStrasseID="8197" ObjHausnummer="Slevogtweg 2" ObjVorlage="2013-09-11 00:00:00.0" ObKeinKontakt="1" ObjArtID="1" Merkmal="0.0" ObjInfo="Evtl. Frau Wilhelma Lorenzoni, Mieter:"/>
  <Objekte ObjID="5229" ObjAufnahme="1997-10-01" ObjLetztKontakt="1997-10-01" ObjStrasseID="8197" ObjHausnummer="Slevogtweg 3" ObjVorlage="2013-09-11 00:00:00.0" ObKeinKontakt="1" ObjArtID="1" Merkmal="0.0" ObjInfo="Evtl. Herr Dr. Leisenberg, Mieter:Kanstein Bernhard, Slevogtweg 3, 30177 Hannover, 0511-690082"/>
  <Objekte ObjID="5230" ObjAufnahme="1997-10-01" ObjLetztKontakt="1997-10-01" ObjStrasseID="8197" ObjHausnummer="Slevogtweg 4" ObjVorlage="2013-09-11 00:00:00.0" ObKeinKontakt="1" ObjArtID="1" Merkmal="0.0" ObjInfo="Evtl. Frau L. Ahlhorn, Mieter:"/>
  <Objekte ObjID="5231" ObjAufnahme="1997-10-01" ObjLetztKontakt="1997-10-01" ObjStrasseID="8197" ObjHausnummer="Slevogtweg 6" ObjVorlage="2013-09-11 00:00:00.0" ObKeinKontakt="1" ObjArtID="1" Merkmal="0.0" ObjInfo="Evtl. Herr E. Kallmeyer, Mieter:Hoesslin Ulrich von, Slevogtweg 6, 30177 Hannover, 0511-691136"/>
  <Objekte ObjID="5232" ObjAufnahme="1997-10-01" ObjLetztKontakt="1997-10-01" ObjStrasseID="8197" ObjHausnummer="Slevogtweg 5" ObjVorlage="2013-09-11 00:00:00.0" ObKeinKontakt="1" ObjArtID="1" Merkmal="0.0" ObjInfo="Evtl. I. Andernach, Mieter:Andernach Irmgard, Slevogtweg 5, 30177 Hannover, 0511-691311&#xD;&#xA;Sterzing Karl, Slevogtweg 5, 30177 Hannover, 0511-691439"/>
  <Objekte ObjID="5233" ObjAufnahme="1997-10-01" ObjLetztKontakt="1997-10-01" ObjStrasseID="8197" ObjHausnummer="Slevogtweg 7" ObjVorlage="2013-09-11 00:00:00.0" ObKeinKontakt="1" ObjArtID="1" Merkmal="0.0" ObjInfo="Evtl. Herr Dr. v. Hoesslin, Mieter:Hoesslin Hans v., Slevogtweg 7, 30177 Hannover, 0511-690281&#xD;&#xA;Hoesslin Hans von, Slevogtweg 7, 30177 Hannover, 0511-6963251&#xD;&#xA;Mesecke Wolf, Slevogtweg 7, 30177 Hannover, 0511-693493"/>
  <Objekte ObjID="5236" ObjAufnahme="1997-10-01" ObjLetztKontakt="1997-10-01" ObjStrasseID="8197" ObjHausnummer="Slevogtweg 8" ObjVorlage="2013-09-11 00:00:00.0" ObKeinKontakt="1" ObjArtID="1" Merkmal="0.0" ObjInfo="Evtl. Dr. E. Makrakis, Mieter:"/>
  <Objekte ObjID="5237" ObjAufnahme="1997-10-06" ObjLetztKontakt="1997-10-06" ObjStrasseID="8368" ObjHausnummer="Thomastraße 8" ObjVorlage="2013-09-11 00:00:00.0" ObKeinKontakt="1" ObjArtID="1" Merkmal="0.0" ObjInfo="Mieter:Koreis Anne-Marie, Thomastr. 8, 30177 Hannover, 0511-695989&#xD;&#xA;Krause Wolfgang, Thomastr. 8, 30177 Hannover, 0511-660028&#xD;&#xA;Lodbroko Olaf, Thomastr. 8, 30177 Hannover, 0511-698220&#xD;&#xA;Maluck Petra, Thomastr. 8, 30177 Hannover, 0511-6966791&#xD;&#xA;Nehrenheim Erns&#xD;&#xA;5238"/>
  <Objekte ObjID="5239" ObjAufnahme="1997-10-06" ObjLetztKontakt="1997-10-06" ObjStrasseID="8368" ObjHausnummer="Thomastraße 4" ObjVorlage="2013-09-11 00:00:00.0" ObKeinKontakt="1" ObjArtID="1" Merkmal="0.0" ObjInfo="Mieter:Busch M., Thomastr. 4, 30177 Hannover, 0511-6965044&#xD;&#xA;Hermes Frank, Thomastr. 4, 30177 Hannover, 0172-5101896&#xD;&#xA;Müller Wolf, Thomastr. 4, 30177 Hannover, 0511-391598&#xD;&#xA;Rommel Inez, Thomastr. 4, 30177 Hannover, 0511-6966722&#xD;&#xA;Storck Hubertus, Thomastr. 4&#xD;&#xA;5240"/>
  <Objekte ObjID="5246" ObjAufnahme="1997-03-18" ObjLetztKontakt="2004-01-12" ObjStrasseID="7408" ObjHausnummer="Lister Straße 25" ObjVorlage="2013-09-11 00:00:00.0" ObKeinKontakt="4" ObjArtID="1" Merkmal="0.0" ObjInfo="Mieter:"/>
  <Objekte ObjID="5247" ObjAufnahme="1997-03-18" ObjLetztKontakt="1997-05-13" ObjStrasseID="7408" ObjHausnummer="Lister Straße 26" ObjVorlage="2013-09-11 00:00:00.0" ObKeinKontakt="4" ObjArtID="1" Merkmal="0.0" ObjInfo="Mieter:"/>
  <Objekte ObjID="5248" ObjAufnahme="1997-03-18" ObjLetztKontakt="1997-05-13" ObjStrasseID="7408" ObjHausnummer="Lister Straße 26A" ObjVorlage="2013-09-11 00:00:00.0" ObKeinKontakt="4" ObjArtID="1" Merkmal="0.0" ObjInfo="Mieter:"/>
  <Objekte ObjID="5249" ObjAufnahme="1997-03-18" ObjLetztKontakt="1997-05-13" ObjStrasseID="7408" ObjHausnummer="Lister Straße 24" ObjVorlage="2013-09-11 00:00:00.0" ObKeinKontakt="4" ObjArtID="1" Merkmal="0.0" ObjInfo="Mieter:"/>
  <Objekte ObjID="5250" ObjAufnahme="1997-10-06" ObjLetztKontakt="1997-10-06" ObjStrasseID="8453" ObjHausnummer="Van-Gogh-Weg 1" ObjVorlage="2013-09-11 00:00:00.0" ObKeinKontakt="1" ObjArtID="1" Merkmal="0.0" ObjInfo="Mieter:"/>
  <Objekte ObjID="5251" ObjAufnahme="1997-10-06" ObjLetztKontakt="1997-10-06" ObjStrasseID="8453" ObjHausnummer="Van-Gogh-Weg 3" ObjVorlage="2013-09-11 00:00:00.0" ObKeinKontakt="1" ObjArtID="1" Merkmal="0.0" ObjInfo="Mieter:Großkord Fritz, Van-Gogh-Weg 3, 30177 Hannover, 0511-692741&#xD;&#xA;Traudisch Wolfgang, Van-Gogh-Weg 3, 30177 Hannover, 0511-664500"/>
  <Objekte ObjID="5252" ObjAufnahme="1997-10-06" ObjLetztKontakt="1997-10-06" ObjStrasseID="8453" ObjHausnummer="Van-Gogh-Weg 5" ObjVorlage="2013-09-11 00:00:00.0" ObKeinKontakt="1" ObjArtID="1" Merkmal="0.0" ObjInfo="Mieter:Daenecke Ingeborg, Van-Gogh-Weg 5, 30177 Hannover, 0511-6965239&#xD;&#xA;Fuhrken Gerold, Van-Gogh-Weg 5, 30177 Hannover, 0511-690251&#xD;&#xA;Konrad Rudolf, Van-Gogh-Weg 5, 30177 Hannover, 0511-6965645&#xD;&#xA;Kurzidim Michael, Van-Gogh-Weg 5, 30177 Hannover, 0511-697937&#xD;&#xD;&#xA;5253"/>
  <Objekte ObjID="5255" ObjAufnahme="1997-10-06" ObjLetztKontakt="1997-10-06" ObjStrasseID="7971" ObjHausnummer="Rubensstraße 1" ObjVorlage="2013-09-11 00:00:00.0" ObKeinKontakt="1" ObjArtID="1" Merkmal="0.0" ObjInfo="Evtl. O. Müller, Mieter:Alm Hermann, Rubensstr. 1, 30177 Hannover, 0511-694214&#xD;&#xA;Ellmer Maria, Rubensstr. 1, 30177 Hannover, 0511-692791&#xD;&#xA;Hoefer Ursula, Rubensstr. 1, 30177 Hannover, 0511-693196&#xD;&#xA;Hollanitz Günter, Rubensstr. 1, 30177 Hannover, 0511-691558&#xD;&#xA;&#xD;&#xA;5256"/>
  <Objekte ObjID="5262" ObjAufnahme="1997-10-06" ObjLetztKontakt="1997-10-06" ObjStrasseID="7971" ObjHausnummer="Rubensstraße 11" ObjVorlage="2013-09-11 00:00:00.0" ObKeinKontakt="1" ObjArtID="1" Merkmal="0.0" ObjInfo="Evtl. Frau I. Stodt, Mieter:"/>
  <Objekte ObjID="5263" ObjAufnahme="1997-10-06" ObjLetztKontakt="1997-10-06" ObjStrasseID="7971" ObjHausnummer="Rubensstraße 14" ObjVorlage="2013-09-11 00:00:00.0" ObKeinKontakt="1" ObjArtID="8" Merkmal="0.0" ObjInfo="Evtl. F. Deppe, Mieter:Deppe Waldemar, Rubensstr. 14, 30177 Hannover, 0511-693073&#xD;&#xA;Deppe Ulrich, Rubensstr. 14, 30177 Hannover, 0511-691471"/>
  <Objekte ObjID="5264" ObjAufnahme="1997-10-06" ObjLetztKontakt="1997-10-06" ObjStrasseID="7971" ObjHausnummer="Rubensstraße 12" ObjVorlage="2013-09-11 00:00:00.0" ObKeinKontakt="1" ObjArtID="1" Merkmal="0.0" ObjInfo="Evtl. Frau Ursula Kopp, Mieter:"/>
  <Objekte ObjID="5265" ObjAufnahme="1997-10-06" ObjLetztKontakt="1997-10-06" ObjStrasseID="7971" ObjHausnummer="Rubensstraße 12A" ObjVorlage="2013-09-11 00:00:00.0" ObKeinKontakt="1" ObjArtID="1" Merkmal="0.0" ObjInfo="Evtl. R. Klüpping, Mieter:"/>
  <Objekte ObjID="5266" ObjAufnahme="1997-10-06" ObjLetztKontakt="1997-10-06" ObjStrasseID="7971" ObjHausnummer="Rubensstraße 12B" ObjVorlage="2013-09-11 00:00:00.0" ObKeinKontakt="1" ObjArtID="1" Merkmal="0.0" ObjInfo="Evtl. Frau M. Hoppe, Mieter:"/>
  <Objekte ObjID="5267" ObjAufnahme="1997-10-06" ObjLetztKontakt="1997-10-06" ObjStrasseID="7971" ObjHausnummer="Rubensstraße 10" ObjVorlage="2013-09-11 00:00:00.0" ObKeinKontakt="1" ObjArtID="1" Merkmal="0.0" ObjInfo="Evtl. H. Grabosch, Mieter:Gärtner U., Rubensstr. 10, 30177 Hannover, 0511-691157&#xD;&#xA;Grabosch Helmut, Rubensstr. 10, 30177 Hannover, 0511-695973&#xD;&#xA;Sahr Edith, Rubensstr. 10, 30177 Hannover, 0511-691117&#xD;&#xA;Stamm I., Rubensstr. 10, 30177 Hannover, 0511-690214"/>
  <Objekte ObjID="5268" ObjAufnahme="1997-10-06" ObjLetztKontakt="1997-10-06" ObjStrasseID="7971" ObjHausnummer="Rubensstraße 8" ObjVorlage="2013-09-11 00:00:00.0" ObKeinKontakt="1" ObjArtID="1" Merkmal="0.0" ObjInfo="Evtl. W. Lühr, Mieter:Bülow Ernst-Ulrich v., Rubensstr. 8, 30177 Hannover, 0511-6966749&#xD;&#xA;Pieper Walter, Rubensstr. 8, 30177 Hannover, 0511-699327&#xD;&#xA;Rath Marianne, Rubensstr. 8, 30177 Hannover, 0511-3942297"/>
  <Objekte ObjID="5269" ObjAufnahme="1997-10-06" ObjLetztKontakt="1997-10-06" ObjStrasseID="7971" ObjHausnummer="Rubensstraße 6" ObjVorlage="2013-09-11 00:00:00.0" ObKeinKontakt="1" ObjArtID="1" Merkmal="0.0" ObjInfo="Evtl. H.H. Böhling, Mieter:Böhling OHG, Podbielskistr. 144, 30177 Hannover, 0511-693651&#xD;&#xA;Böhling OHG, Rubensstr. 6, 30177 Hannover"/>
  <Objekte ObjID="5270" ObjAufnahme="1997-10-06" ObjLetztKontakt="1997-10-06" ObjStrasseID="7971" ObjHausnummer="Rubensstraße 4" ObjVorlage="2013-09-11 00:00:00.0" ObKeinKontakt="1" ObjArtID="1" Merkmal="0.0" ObjInfo="Evtl. E. Fietz o. H. Lamprecht, Mieter:Lamprecht Anja, Rubensstr. 4, 30177 Hannover, 0511-690796&#xD;&#xA;Lamprecht H., Rubensstr. 4, 30177 Hannover, 0511-695077&#xD;&#xA;Lamprecht H., Rubensstr. 4, 30177 Hannover, 0511-90987-37&#xD;&#xA;Lamprecht Hendrik, Rubensstr. 4, 30177 Han&#xD;&#xA;5271"/>
  <Objekte ObjID="5272" ObjAufnahme="1997-10-06" ObjLetztKontakt="1997-10-06" ObjStrasseID="7971" ObjHausnummer="Rubensstraße 2" ObjVorlage="2013-09-11 00:00:00.0" ObKeinKontakt="1" ObjArtID="1" Merkmal="0.0" ObjInfo="Evtl. Frau A. Hilscher, Mieter:Herz Armin, Rubensstr. 2, 30177 Hannover, 0511-691764&#xD;&#xA;Hilscher Annemarie, Rubensstr. 2, 30177 Hannover, 0511-692762&#xD;&#xA;Reinecke Christoph, Rubensstr. 2, 30177 Hannover, 0511-697464&#xD;&#xA;Röbel H., Rubensstr. 2, 30177 Hannover, 0511&#xD;&#xA;5273"/>
  <Objekte ObjID="5280" ObjAufnahme="1997-10-06" ObjLetztKontakt="2000-05-15" ObjStrasseID="6207" ObjHausnummer="Dennewitzstraße 2" ObjVorlage="2013-09-11 00:00:00.0" ObKeinKontakt="1" ObjArtID="244" Merkmal="0.0" ObjInfo="34594\S-W Terrasse Mais."/>
  <Objekte ObjID="5281" ObjAufnahme="1997-10-06" ObjLetztKontakt="1997-10-06" ObjStrasseID="6207" ObjHausnummer="Dennewitzstraße 3" ObjVorlage="2013-09-11 00:00:00.0" ObKeinKontakt="1" ObjArtID="1" Merkmal="0.0" ObjInfo="Evtl. J.R. Hensel, Mieter:Freitag Michael, Dennewitzstr. 3, 30163 Hannover, 0511-628936&#xD;&#xA;Jorzig Uwe, Dennewitzstr. 3, 30163 Hannover, 0511-625309&#xD;&#xA;Rudolph Romualda, Dennewitzstr. 3, 30163 Hannover, 0511-3941075&#xD;&#xA;Stolze Karl-Heinz, Dennewitzstr. 3, 30163 Ha&#xD;&#xA;5282"/>
  <Objekte ObjID="5291" ObjAufnahme="1997-10-10" ObjLetztKontakt="1997-10-10" ObjStrasseID="6165" ObjHausnummer="Cranachstraße 3" ObjVorlage="2013-09-11 00:00:00.0" ObKeinKontakt="1" ObjArtID="1" Merkmal="0.0" ObjInfo="Mieter:Beumelburg Ulf u. Sibylle, Cranachstr. 3, 30177 Hannover, 0511-6963269&#xD;&#xA;Dorn Wilhelm, Cranachstr. 3, 30177 Hannover, 0511-6966746&#xD;&#xA;Hahne Jörg, Cranachstr. 3, 30177 Hannover, 0511-695214&#xD;&#xA;Heuser Karl-Hermann, Cranachstr. 3, 30177 Hannover, 0511-69055&#xD;&#xA;5292"/>
  <Objekte ObjID="5296" ObjAufnahme="1997-10-10" ObjLetztKontakt="1997-10-10" ObjStrasseID="6165" ObjHausnummer="Cranachstraße 12" ObjVorlage="2013-09-11 00:00:00.0" ObKeinKontakt="1" ObjArtID="1" Merkmal="0.0" ObjInfo="Mieter:Biebrach Monika u. Jürgen, Cranachstr. 12, 30177 Hannover, 0511-698904&#xD;&#xA;Thoms Liselotte, Cranachstr. 12, 30177 Hannover, 0511-693488&#xD;&#xA;Versümer Stephanie und Bertil, Cranachstr. 12, 30177 Hannover, 0511-660637"/>
  <Objekte ObjID="5297" ObjAufnahme="1997-10-10" ObjLetztKontakt="1997-10-10" ObjStrasseID="6165" ObjHausnummer="Cranachstraße 10" ObjVorlage="2013-09-11 00:00:00.0" ObKeinKontakt="1" ObjArtID="1" Merkmal="0.0" ObjInfo="Mieter:Bastian Werner, Cranachstr. 10, 30177 Hannover, 0511-695416&#xD;&#xA;Buddensieck Manfred, Cranachstr. 10, 30177 Hannover, 0511-623103&#xD;&#xA;David Michael, Cranachstr. 10, 30177 Hannover, 0511-695644&#xD;&#xA;Eckler Thorsten, Cranachstr. 10, 30177 Hannover, 0511-3940076&#xD;&#xD;&#xA;5298"/>
  <Objekte ObjID="5299" ObjAufnahme="1997-10-10" ObjLetztKontakt="1997-10-10" ObjStrasseID="6165" ObjHausnummer="Cranachstraße 6" ObjVorlage="2013-09-11 00:00:00.0" ObKeinKontakt="1" ObjArtID="1" Merkmal="0.0" ObjInfo="Mieter:Jacobskötter Joachim, Cranachstr. 6, 30177 Hannover, 0511-628819&#xD;&#xA;Schwabedissen Horst, Cranachstr. 6, 30177 Hannover, 0511-690025&#xD;&#xA;Schwabedissen Horst, Cranachstr. 6, 30177 Hannover, 0511-690550&#xD;&#xA;Wolf Stefan, Cranachstr. 6, 30177 Hannover, 0511-6218&#xD;&#xA;5300"/>
  <Objekte ObjID="5301" ObjAufnahme="1997-10-10" ObjLetztKontakt="1997-10-10" ObjStrasseID="6165" ObjHausnummer="Cranachstraße 5A" ObjVorlage="2013-09-11 00:00:00.0" ObKeinKontakt="1" ObjArtID="1" Merkmal="0.0" ObjInfo="Mieter:Schulze-Wischeler Hannes, Cranachstr. 5A, 30177 Hannover, 0511-695675"/>
  <Objekte ObjID="5302" ObjAufnahme="1997-10-10" ObjLetztKontakt="1997-10-10" ObjStrasseID="6165" ObjHausnummer="Cranachstraße 5" ObjVorlage="2013-09-11 00:00:00.0" ObKeinKontakt="1" ObjArtID="1" Merkmal="0.0" ObjInfo="Mieter:Eckhardt Elke, Cranachstr. 5, 30177 Hannover, 0511-624068&#xD;&#xA;Reimer Irmgard, Cranachstr. 5, 30177 Hannover, 0511-692827"/>
  <Objekte ObjID="5303" ObjAufnahme="1997-10-10" ObjLetztKontakt="1997-10-10" ObjStrasseID="6449" ObjHausnummer="Fränklinstraße 14" ObjVorlage="2013-09-11 00:00:00.0" ObKeinKontakt="1" ObjArtID="1" Merkmal="0.0" ObjInfo="Mieter:Börner Christian, Franklinstr. 14, 30177 Hannover, 0511-662880&#xD;&#xA;Bruns Karl-Werner, Franklinstr. 14, 30177 Hannover, 0511-666612&#xD;&#xA;Frerking I., Franklinstr. 14, 30177 Hannover, 0511-391085&#xD;&#xA;Hengst Arno, Franklinstr. 14, 30177 Hannover, 0511-664947&#xD;&#xA;Kl&#xD;&#xA;5304"/>
  <Objekte ObjID="5307" ObjAufnahme="1997-10-10" ObjLetztKontakt="1997-10-10" ObjStrasseID="6449" ObjHausnummer="Fränklinstraße 6" ObjVorlage="2013-09-11 00:00:00.0" ObKeinKontakt="1" ObjArtID="1" Merkmal="0.0" ObjInfo="Mieter:Berger Günter, Franklinstr. 6, 30177 Hannover, 0511-669726&#xD;&#xA;David Eva, Franklinstr. 6, 30177 Hannover, 0511-624794&#xD;&#xA;Poweleit Juliane, Franklinstr. 6, 30177 Hannover, 0511-665245&#xD;&#xA;Schoening Stefanie, Franklinstr. 6, 30177 Hannover, 0511-3941937"/>
  <Objekte ObjID="5308" ObjAufnahme="1997-10-10" ObjLetztKontakt="1997-10-10" ObjStrasseID="6449" ObjHausnummer="Fränklinstraße 4" ObjVorlage="2013-09-11 00:00:00.0" ObKeinKontakt="1" ObjArtID="1" Merkmal="0.0" ObjInfo="Mieter:Arnhold Erika, Franklinstr. 4, 30177 Hannover, 0511-622907&#xD;&#xA;Bruns Margarete, Franklinstr. 4, 30177 Hannover, 0511-665237&#xD;&#xA;Bruns-Christ Margarete, Franklinstr. 4, 30177 Hannover, 0511-665237&#xD;&#xA;Engling M., Franklinstr. 4, 30177 Hannover, 0511-663205&#xD;&#xA;M&#xD;&#xA;5309"/>
  <Objekte ObjID="5313" ObjAufnahme="1997-10-10" ObjLetztKontakt="1997-10-10" ObjStrasseID="6449" ObjHausnummer="Fränklinstraße 7" ObjVorlage="2013-09-11 00:00:00.0" ObKeinKontakt="1" ObjArtID="177" Merkmal="0.0" ObjInfo="Mieter:Bauermeister Irmgard, Franklinstr. 7, 30177 Hannover, 0511-662819&#xD;&#xA;Dulog Elisabeth, Franklinstr. 7, 30177 Hannover, 0511-669270&#xD;&#xA;Feibig Ingrid, Franklinstr. 7, 30177 Hannover, 0511-629929&#xD;&#xA;Hartwein Inge, Franklinstr. 7, 30177 Hannover, 0511-667581&#xD;&#xA;&#xD;&#xA;5314"/>
  <Objekte ObjID="5332" ObjAufnahme="1997-10-10" ObjLetztKontakt="1997-10-10" ObjStrasseID="6197" ObjHausnummer="De-Haen-Platz 6" ObjVorlage="2013-09-11 00:00:00.0" ObKeinKontakt="1" ObjArtID="1" Merkmal="0.0" ObjInfo="Evtl. Ursula Richter, Mieter:Brinkmann Kornelia u. Martin, De-Haen-Platz 6, 30163 Hannover, 0511-665768&#xD;&#xA;Kessel Ursula, De-Haen-Platz 6, 30163 Hannover, 0511-620963&#xD;&#xA;Kinderhaus in Hannover e.V., De-Haen-Platz 6, 30163 Hannover, 0511-624591&#xD;&#xA;Kinderladen &quot;Vi&#xD;&#xA;5333"/>
  <Objekte ObjID="5339" ObjAufnahme="1997-10-10" ObjLetztKontakt="1997-10-10" ObjStrasseID="6197" ObjHausnummer="De-Haen-Platz 13" ObjVorlage="2013-09-11 00:00:00.0" ObKeinKontakt="1" ObjArtID="1" Merkmal="0.0" ObjInfo="Evtl. U. Hartmann, Mieter:Böke Matthias, De-Haen-Platz 13, 30163 Hannover, 0511-3941318&#xD;&#xA;Freitag Ulrich, De-Haen-Platz 13, 30163 Hannover, 0511-629126&#xD;&#xA;Frieser Oskar, De-Haen-Platz 13, 30163 Hannover, 0511-624239&#xD;&#xA;Goebel Alexa, De-Haen-Platz 13, 30163 Hann&#xD;&#xA;5340"/>
  <Objekte ObjID="5348" ObjAufnahme="1997-10-13" ObjLetztKontakt="1997-10-13" ObjStrasseID="8665" ObjHausnummer="Wittekamp 22C" ObjVorlage="2013-09-11 00:00:00.0" ObKeinKontakt="1" ObjArtID="1" Merkmal="0.0" ObjInfo="Wie Nr. 22, Mieter: Heinold Josef, Wittekamp 22C, 30163 Hannover, 0511-623473&#xD;&#xA;Hein Susanne, Wittekamp 22C, 30163 Hannover, 0511-668377&#xD;&#xA;Mönch Ingo, Wittekamp 22C, 30163 Hannover, 0511-660985&#xD;&#xA;Pfalzgraf Anja, Wittekamp 22C, 30163 Hannover, 0511-664132&#xD;&#xA;Ple&#xD;&#xA;5349"/>
  <Objekte ObjID="5369" ObjAufnahme="1997-10-13" ObjLetztKontakt="1997-10-13" ObjStrasseID="8664" ObjHausnummer="Wittekamp 5" ObjVorlage="2013-09-11 00:00:00.0" ObKeinKontakt="1" ObjArtID="1" Merkmal="0.0" ObjInfo="Evtl. Herr Weymann, s.o., Mieter:Adem Lukac, Wittekamp 5, 30177 Hannover, 0511-622231&#xD;&#xA;Gatzemeier Wolfgang, Wittekamp 5, 30177 Hannover, 0511-627931&#xD;&#xA;Küster Gerd, Wittekamp 5, 30177 Hannover, 0511-622306&#xD;&#xA;Söder Sven, Wittekamp 5, 30177 Hannover, 0511-39257&#xD;&#xA;5370"/>
  <Objekte ObjID="5371" ObjAufnahme="1997-10-13" ObjLetztKontakt="1997-10-13" ObjStrasseID="8664" ObjHausnummer="Wittekamp 14" ObjVorlage="2013-09-11 00:00:00.0" ObKeinKontakt="1" ObjArtID="1" Merkmal="0.0" ObjInfo="Evtl. Frau E. Wolpers, Mieter:Behrens Ingo, Wittekamp 14, 30177 Hannover, 0511-621914&#xD;&#xA;Behrens Wiltrud, Wittekamp 14, 30177 Hannover, 0511-621914&#xD;&#xA;König Waltraut, Wittekamp 14, 30177 Hannover, 0511-660533&#xD;&#xA;Papenberg Rudolf, Wittekamp 14, 30177 Hannover, 05&#xD;&#xA;5372"/>
  <Objekte ObjID="5390" ObjAufnahme="1997-10-13" ObjLetztKontakt="1997-10-13" ObjStrasseID="7107" ObjHausnummer="Karl-Kraut-Straße 5" ObjVorlage="2013-09-11 00:00:00.0" ObKeinKontakt="1" ObjArtID="1" Merkmal="0.0" ObjInfo="Evtl. Frau Ilse Schiffmann, Gellertstr. 32, Mieter:Bock Manfred, Karl-Kraut-Str. 5, 30177 Hannover, 0511-628057&#xD;&#xA;Chudoba M., Karl-Kraut-Str. 5, 30177 Hannover, 0511-668708&#xD;&#xA;Gensike H., Karl-Kraut-Str. 5, 30177 Hannover, 0511-623805&#xD;&#xA;Gralka H., Karl-Kraut-S&#xD;&#xA;5391"/>
  <Objekte ObjID="5397" ObjAufnahme="1997-10-13" ObjLetztKontakt="1997-10-13" ObjStrasseID="6939" ObjHausnummer="Hunaeusstraße 1" ObjVorlage="2013-09-11 00:00:00.0" ObKeinKontakt="1" ObjArtID="1" Merkmal="0.0" ObjInfo="Evtl. RA Frau Tetzlaf, s.o., Mieter:Allgemeine Privatkundenbank Aktiengesellschaft, Buchholzer Str. 98, 30655 Hannover, 0511-6465-0&#xD;&#xA;Allgemeine Privatkundenbank Aktiengesellschaft, Hunaeusstr. 1, 30177 Hannover, 0511-96547-0&#xD;&#xA;Fuchs Hendrik, Hunaeusstr. 1, &#xD;&#xA;5398"/>
  <Objekte ObjID="5420" ObjAufnahme="1997-10-15" ObjLetztKontakt="2002-04-23" ObjStrasseID="5942" ObjHausnummer="Bessemerstraße 5" ObjVorlage="2013-09-11 00:00:00.0" ObKeinKontakt="5" ObjArtID="243" Merkmal="0.0"/>
  <Objekte ObjID="5421" ObjAufnahme="1997-10-15" ObjLetztKontakt="1999-10-12" ObjStrasseID="5942" ObjHausnummer="Bessemerstraße 6" ObjVorlage="2013-09-11 00:00:00.0" ObKeinKontakt="1" ObjArtID="138" Merkmal="0.0" ObjInfo="Evtl. Frau R. Gent, Rühmkorffstr. 11, 30163 Hannover, Mieter:Bremer C., Bessemerstr. 6, 30177 Hannover, 0511-628017&#xD;&#xA;Fenske Gisela, Bessemerstr. 6, 30177 Hannover, 0511-621399&#xD;&#xA;Gascard Sebastian, Bessemerstr. 6, 30177 Hannover, 0511-3940535&#xD;&#xA;Goslich Roland&#xD;&#xA;5422"/>
  <Objekte ObjID="5423" ObjAufnahme="1997-10-15" ObjLetztKontakt="1999-11-11" ObjStrasseID="7475" ObjHausnummer="Manteuffelstraße 2" ObjVorlage="2013-09-11 00:00:00.0" ObKeinKontakt="1" ObjArtID="177" Merkmal="0.0" ObjInfo="Eigentumswohnungen, Mieter:Brandt Mathias, Manteuffelstr. 2, 30163 Hannover, 0511-393384&#xD;&#xA;Cappellari Karen, Manteuffelstr. 2, 30163 Hannover, 0511-620283&#xD;&#xA;Jürgensen A., Manteuffelstr. 2, 30163 Hannover, 0511-620060&#xD;&#xA;Obermaier Wolfgang, Manteuffelstr. 2, 30&#xD;&#xA;5424"/>
  <Objekte ObjID="5425" ObjAufnahme="1997-10-15" ObjLetztKontakt="1999-11-11" ObjStrasseID="7475" ObjHausnummer="Manteuffelstraße 5" ObjVorlage="2013-09-11 00:00:00.0" ObKeinKontakt="1" ObjArtID="1" Merkmal="0.0" ObjInfo="460132\Balkon"/>
  <Objekte ObjID="5426" ObjAufnahme="1997-10-15" ObjLetztKontakt="1999-11-11" ObjStrasseID="7475" ObjHausnummer="Manteuffelstraße 6" ObjVorlage="2013-09-11 00:00:00.0" ObKeinKontakt="1" ObjArtID="186" Merkmal="0.0" ObjInfo="Evtl. R. Gabriel Dreihornstr. 17c, Mieter:Becker Margarete, Manteuffelstr. 6, 30163 Hannover, 0511-662335&#xD;&#xA;Beukenberg Jutta, Manteuffelstr. 6, 30163 Hannover, 0511-629221&#xD;&#xA;Beukenberg Matthias, Manteuffelstr. 6, 30163 Hannover, 0511-629221&#xD;&#xA;Blitz-Gerüstbau,&#xD;&#xA;5427"/>
  <Objekte ObjID="5428" ObjAufnahme="1997-03-18" ObjLetztKontakt="1997-05-13" ObjStrasseID="6105" ObjHausnummer="Bülowstraße 1" ObjVorlage="1997-08-06 00:00:00.0" ObKeinKontakt="6" ObjArtID="200" Merkmal="0.0" ObjInfo="Eigentümergemeinschaft, Mieter:Elend Emmy, Bülowstr. 1, 30163 Hannover, 0511-669665&#xD;&#xA;Gregory Lilian, Bülowstr. 1, 30163 Hannover, 0511-664981&#xD;&#xA;Heine U., Bülowstr. 1, 30163 Hannover, 0511-628667&#xD;&#xA;Klotz Hans-Ulrich, Bülowstr. 1, 30163 Hannover, 0511-391255&#xD;&#xA;&#xD;&#xA;5429"/>
  <Objekte ObjID="5435" ObjAufnahme="1997-03-18" ObjLetztKontakt="1997-05-13" ObjStrasseID="6105" ObjHausnummer="Bülowstraße 8" ObjVorlage="1997-08-06 00:00:00.0" ObKeinKontakt="6" ObjArtID="1" Merkmal="0.0" ObjInfo="Evtl. Herr Engel Hannover, 0511/ 664706, Mieter:Ahrens Gerhard, Bülowstr. 8, 30163 Hannover, 0511-624302&#xD;&#xA;Checchi Elisabeth, Bülowstr. 8, 30163 Hannover, 0511-664480&#xD;&#xA;Kuhne Hildegard, Bülowstr. 8, 30163 Hannover, 0511-620398&#xD;&#xA;Kuschkowitz Lothar, Bülowstr. &#xD;&#xA;5437"/>
  <Objekte ObjID="5441" ObjAufnahme="1997-10-22" ObjLetztKontakt="1997-10-22" ObjStrasseID="6716" ObjHausnummer="Hammersteinstraße 8" ObjVorlage="2013-09-11 00:00:00.0" ObKeinKontakt="1" ObjArtID="1" Merkmal="0.0" ObjInfo="Evtl. v. Fabrice, Sprock, Verw. W. Sievert, Hertzstr. 4, Mieter:Dick Petra, Hammersteinstr. 8, 30177 Hannover, 0511-665975&#xD;&#xA;Dziallas, Hammersteinstr. 8, 30177 Hannover, 0511-669954&#xD;&#xA;Gaszek Susann, Hammersteinstr. 8, 30177 Hannover, 0511-393622&#xD;&#xA;Grahn Rosem&#xD;&#xA;5442"/>
  <Objekte ObjID="5447" ObjAufnahme="1997-10-22" ObjLetztKontakt="1997-10-22" ObjStrasseID="6716" ObjHausnummer="Hammersteinstraße 2" ObjVorlage="2013-09-11 00:00:00.0" ObKeinKontakt="1" ObjArtID="1" Merkmal="0.0" ObjInfo="Evtl. Herr Alfred Wurm, Elbchaussee, Hamburg, 040/ 825855, Mieter:Asmus Walter D., Hammersteinstr. 2, 30177 Hannover, 0511-663107&#xD;&#xA;Asmus Walter D., Hammersteinstr. 2, 30177 Hannover, 0511-3940217&#xD;&#xA;Biedler H., Hammersteinstr. 2, 30177 Hannover, 0511-624573&#xD;&#xD;&#xA;5448"/>
  <Objekte ObjID="5456" ObjAufnahme="1997-10-22" ObjLetztKontakt="1997-10-22" ObjStrasseID="6862" ObjHausnummer="Hertzstraße 2" ObjVorlage="2013-09-11 00:00:00.0" ObKeinKontakt="1" ObjArtID="1" Merkmal="0.0" ObjInfo="Evtl. Herr v. Versen, Wiedemannstr. 27, Bad Godesberg, Mieter:Anders Karin, Hertzstr. 2, 30163 Hannover, 0511-662522&#xD;&#xA;Häselbarth Werner, Hertzstr. 2, 30163 Hannover, 0511-620016&#xD;&#xA;Hanke Gerd, Hertzstr. 2, 30163 Hannover, 0511-3941111&#xD;&#xA;Junike Eva, Hertzstr. &#xD;&#xA;5457"/>
  <Objekte ObjID="5460" ObjAufnahme="1997-10-22" ObjLetztKontakt="1997-10-22" ObjStrasseID="6862" ObjHausnummer="Hertzstraße 10" ObjVorlage="2013-09-11 00:00:00.0" ObKeinKontakt="1" ObjArtID="1" Merkmal="0.0" ObjInfo="E. und A. Fiedeler, Gehrden, Mieter:Daus Hans-Jürgen, Hertzstr. 10, 30163 Hannover, 0511-627902&#xD;&#xA;Daus Thomas, Hertzstr. 10, 30163 Hannover, 0511-663778&#xD;&#xA;Krumbiegel Herbert, Hertzstr. 10, 30163 Hannover, 0511-662114&#xD;&#xA;Mügge Joh., Hertzstr. 10, 30163 Hannover&#xD;&#xA;5461"/>
  <Objekte ObjID="5464" ObjAufnahme="1997-10-22" ObjLetztKontakt="1997-10-22" ObjStrasseID="8152" ObjHausnummer="Seegershof 1" ObjVorlage="2013-09-11 00:00:00.0" ObKeinKontakt="1" ObjArtID="1" Merkmal="0.0" ObjInfo="Mieter:Amt Stefan, Seegershof 1, 30163 Hannover, 0511-622710&#xD;&#xA;Ehlert Wilhelm, Seegershof 1, 30163 Hannover, 0511-622730&#xD;&#xA;Hasenpusch Günther, Seegershof 1, 30163 Hannover, 0511-623939&#xD;&#xA;Kröger M., Seegershof 1, 30163 Hannover, 0511-623310&#xD;&#xA;Müller Degenhard, &#xD;&#xA;5465"/>
  <Objekte ObjID="5469" ObjAufnahme="1997-10-22" ObjLetztKontakt="1997-10-22" ObjStrasseID="6492" ObjHausnummer="Fritz-Beindorff-Allee 13" ObjVorlage="2013-09-11 00:00:00.0" ObKeinKontakt="1" ObjArtID="1" Merkmal="0.0" ObjInfo="Evtl. Dr. med H. Keller Podbielskistr., Mieter:Heller Erna, Fritz-Beindorff-Allee 13, 30177 Hannover, 0511-691484"/>
  <Objekte ObjID="5470" ObjAufnahme="1997-10-22" ObjLetztKontakt="1998-08-19" ObjStrasseID="6492" ObjHausnummer="Fritz-Beindorff-Allee 11" ObjVorlage="2013-09-11 00:00:00.0" ObKeinKontakt="1" ObjArtID="1" Merkmal="0.0" ObjInfo="Evtl. Frau Ch. Krüger, München, Mieter:"/>
  <Objekte ObjID="5471" ObjAufnahme="1997-10-22" ObjLetztKontakt="1998-08-19" ObjStrasseID="6492" ObjHausnummer="Fritz-Beindorff-Allee 9" ObjVorlage="2013-09-11 00:00:00.0" ObKeinKontakt="2" ObjArtID="1" Merkmal="0.0" ObjInfo="alte Dame aus bad Seckinger"/>
  <Objekte ObjID="5472" ObjAufnahme="1997-10-22" ObjLetztKontakt="1998-10-28" ObjStrasseID="6492" ObjHausnummer="Fritz-Beindorff-Allee 7" ObjVorlage="2013-09-11 00:00:00.0" ObKeinKontakt="2" ObjArtID="1" Merkmal="0.0" ObjInfo="Evtl. K.H. Schirmer, Mieter:Borchert Kurt, Fritz-Beindorff-Allee 7, 30177 Hannover, 0511-692217&#xD;&#xA;Helms Andrea, Fritz-Beindorff-Allee 7, 30177 Hannover, 0511-6965020&#xD;&#xA;Huhs Dieter, Fritz-Beindorff-Allee 7, 30177 Hannover, 0511-693805&#xD;&#xA;Jannek Peter, Fritz-Bei&#xD;&#xA;5473"/>
  <Objekte ObjID="5474" ObjAufnahme="1997-10-22" ObjLetztKontakt="1998-08-19" ObjStrasseID="6492" ObjHausnummer="Fritz-Beindorff-Allee 3" ObjVorlage="2013-09-11 00:00:00.0" ObKeinKontakt="2" ObjArtID="1" Merkmal="0.0" ObjInfo="gehört Herrn Meier (Neffe von Eigentümerin von 1) in Freiburg"/>
  <Objekte ObjID="5475" ObjAufnahme="1997-10-22" ObjLetztKontakt="1998-08-19" ObjStrasseID="6492" ObjHausnummer="Fritz-Beindorff-Allee 1" ObjVorlage="2013-09-11 00:00:00.0" ObKeinKontakt="2" ObjArtID="1" Merkmal="0.0" ObjInfo="Evtl. A. Lindloff, Mieter:Christoph Annemarie, Fritz-Beindorff-Allee 1, 30177 Hannover, 0511-697800&#xD;&#xA;Dalwigk zu Lichtenfels H.-B., Fritz-Beindorff-Allee 1, 30177 Hannover, 0511-699075&#xD;&#xA;G.W. Autoteile Inh. Gerald Wicht, Fritz-Beindorff-Allee 1, 30177 Hannov&#xD;&#xA;5476"/>
  <Objekte ObjID="5477" ObjAufnahme="1997-10-22" ObjLetztKontakt="1998-08-19" ObjStrasseID="6492" ObjHausnummer="Fritz-Beindorff-Allee 4" ObjVorlage="2013-09-11 00:00:00.0" ObKeinKontakt="2" ObjArtID="1" Merkmal="0.0" ObjInfo="gehört Mutter"/>
  <Objekte ObjID="5478" ObjAufnahme="1997-10-22" ObjLetztKontakt="1997-10-22" ObjStrasseID="6492" ObjHausnummer="Fritz-Beindorff-Allee 16" ObjVorlage="2013-09-11 00:00:00.0" ObKeinKontakt="1" ObjArtID="1" Merkmal="0.0" ObjInfo="Mieter:"/>
  <Objekte ObjID="5479" ObjAufnahme="1997-10-22" ObjLetztKontakt="1998-08-19" ObjStrasseID="6492" ObjHausnummer="Fritz-Beindorff-Allee 12" ObjVorlage="2013-09-11 00:00:00.0" ObKeinKontakt="2" ObjArtID="1" Merkmal="0.0"/>
  <Objekte ObjID="5482" ObjAufnahme="1997-10-22" ObjLetztKontakt="1998-08-19" ObjStrasseID="6492" ObjHausnummer="Fritz-Beindorff-Allee 14" ObjVorlage="2013-09-11 00:00:00.0" ObKeinKontakt="1" ObjArtID="1" Merkmal="0.0" ObjInfo="Evtl. Frau W. Heinel, Mieter:Ahlers Heinel Werbeagentur GmbH, Fritz-Beindorff-Allee 14, 30177 Hannover, 0511-665047   664277&#xD;&#xA;Ahlers Heinel Werbeagentur GmbH, Fritz-Beindorff-Allee 14, 30177 Hannover, 0511-664272&#xD;&#xA;Heinel Marita, Fritz-Beindorff-Allee 14, 3&#xD;&#xA;5484"/>
  <Objekte ObjID="5485" ObjAufnahme="1997-10-24" ObjLetztKontakt="1997-10-24" ObjStrasseID="5702" ObjHausnummer="Am Schatzkampe 2" ObjVorlage="2013-09-11 00:00:00.0" ObKeinKontakt="1" ObjArtID="1" Merkmal="0.0" ObjInfo="Evtl. Frau Gröbke, Sachsenwalderstr. 29, 12157 Berlin, 030/7959959, 030/ 8034284,früher Mundhenke"/>
  <Objekte ObjID="5486" ObjAufnahme="1997-10-24" ObjLetztKontakt="1997-10-24" ObjStrasseID="5702" ObjHausnummer="Am Schatzkampe 3" ObjVorlage="2013-09-11 00:00:00.0" ObKeinKontakt="1" ObjArtID="1" Merkmal="0.0" ObjInfo="Evtl. Herr Nöthel, Volgersweg 29, 30175 Hannover, 0511/ 393646,"/>
  <Objekte ObjID="5487" ObjAufnahme="1997-10-24" ObjLetztKontakt="1997-10-24" ObjStrasseID="5702" ObjHausnummer="Am Schatzkampe 31" ObjVorlage="2013-09-11 00:00:00.0" ObKeinKontakt="1" ObjArtID="177" Merkmal="0.0"/>
  <Objekte ObjID="5489" ObjAufnahme="1997-10-24" ObjLetztKontakt="1997-10-24" ObjStrasseID="5703" ObjHausnummer="Am Schatzkampe 14" ObjVorlage="2013-09-11 00:00:00.0" ObKeinKontakt="1" ObjArtID="177" Merkmal="0.0" ObjInfo="Erbengemeinschaft Krellert"/>
  <Objekte ObjID="5493" ObjAufnahme="1997-10-24" ObjLetztKontakt="1997-10-24" ObjStrasseID="5703" ObjHausnummer="Am Schatzkampe 21" ObjVorlage="2013-09-11 00:00:00.0" ObKeinKontakt="1" ObjArtID="1" Merkmal="0.0"/>
  <Objekte ObjID="5494" ObjAufnahme="1997-10-24" ObjLetztKontakt="1997-10-24" ObjStrasseID="5703" ObjHausnummer="Am Schatzkampe 22" ObjVorlage="2013-09-11 00:00:00.0" ObKeinKontakt="1" ObjArtID="1" Merkmal="0.0" ObjInfo="Evtl. Herr Betge, Max- Eyth- Str. 19, 14195 Berlin, 030/ 8326181/98, hat verkauft"/>
  <Objekte ObjID="5495" ObjAufnahme="1997-10-24" ObjLetztKontakt="1997-10-24" ObjStrasseID="5703" ObjHausnummer="Am Schatzkampe 23" ObjVorlage="2013-09-11 00:00:00.0" ObKeinKontakt="1" ObjArtID="177" Merkmal="0.0" ObjInfo="Evtl. Mercator Immobilien,"/>
  <Objekte ObjID="5496" ObjAufnahme="1997-10-24" ObjLetztKontakt="1997-10-24" ObjStrasseID="5703" ObjHausnummer="Am Schatzkampe 24" ObjVorlage="2013-09-11 00:00:00.0" ObKeinKontakt="1" ObjArtID="201" Merkmal="0.0" ObjInfo="Nordd. Bauträger GmbH Kleine Pfahlstr.10"/>
  <Objekte ObjID="5497" ObjAufnahme="1997-10-24" ObjLetztKontakt="1997-10-24" ObjStrasseID="5703" ObjHausnummer="Am Schatzkampe 25" ObjVorlage="2013-09-11 00:00:00.0" ObKeinKontakt="1" ObjArtID="1" Merkmal="0.0" ObjInfo="Evtl. Herr Richsgers/ Pape, Hannoversche Str. 123, Havelse,"/>
  <Objekte ObjID="5498" ObjAufnahme="1997-10-24" ObjLetztKontakt="1997-10-24" ObjStrasseID="5703" ObjHausnummer="Am Schatzkampe 26" ObjVorlage="2013-09-11 00:00:00.0" ObKeinKontakt="1" ObjArtID="177" Merkmal="0.0" ObjInfo="Wörz, Saarbrückener Str. 3"/>
  <Objekte ObjID="5499" ObjAufnahme="1997-10-24" ObjLetztKontakt="1997-10-24" ObjStrasseID="5703" ObjHausnummer="Am Schatzkampe 27" ObjVorlage="2013-09-11 00:00:00.0" ObKeinKontakt="1" ObjArtID="1" Merkmal="0.0"/>
  <Objekte ObjID="5500" ObjAufnahme="1997-10-24" ObjLetztKontakt="1997-10-24" ObjStrasseID="5703" ObjHausnummer="Am Schatzkampe 28" ObjVorlage="2013-09-11 00:00:00.0" ObKeinKontakt="1" ObjArtID="1" Merkmal="0.0"/>
  <Objekte ObjID="5501" ObjAufnahme="1997-10-24" ObjLetztKontakt="1997-10-24" ObjStrasseID="5703" ObjHausnummer="Am Schatzkampe 29" ObjVorlage="2013-09-11 00:00:00.0" ObKeinKontakt="1" ObjArtID="1" Merkmal="0.0"/>
  <Objekte ObjID="5502" ObjAufnahme="1997-10-24" ObjLetztKontakt="1997-10-24" ObjStrasseID="5703" ObjHausnummer="Am Schatzkampe 30" ObjVorlage="2013-09-11 00:00:00.0" ObKeinKontakt="1" ObjArtID="1" Merkmal="0.0" ObjInfo="Evtl. Herr Seeger, Kurt- Huber- Str. 132, 28327 Bremen,"/>
  <Objekte ObjID="5503" ObjAufnahme="1997-10-24" ObjLetztKontakt="1997-10-24" ObjStrasseID="5702" ObjHausnummer="Am Schatzkampe 32" ObjVorlage="2013-09-11 00:00:00.0" ObKeinKontakt="1" ObjArtID="177" Merkmal="0.0" ObjInfo="Evtl. Herr Ensel, Robertstr. 22, 30161 Hannover,"/>
  <Objekte ObjID="5504" ObjAufnahme="1997-10-24" ObjLetztKontakt="1997-10-24" ObjStrasseID="5702" ObjHausnummer="Am Schatzkampe 1A" ObjVorlage="2013-09-11 00:00:00.0" ObKeinKontakt="1" ObjArtID="1" Merkmal="0.0" ObjInfo="Evtl. Herr G. Michael, s.o., 0511/ 628541,"/>
  <Objekte ObjID="5505" ObjAufnahme="1997-10-24" ObjLetztKontakt="1997-10-24" ObjStrasseID="5703" ObjHausnummer="Am Schatzkampe 4" ObjVorlage="2013-09-11 00:00:00.0" ObKeinKontakt="1" ObjArtID="1" Merkmal="0.0" ObjInfo="Evtl. Herr Sander, s.o., 0511/ 628696,"/>
  <Objekte ObjID="5506" ObjAufnahme="1997-10-24" ObjLetztKontakt="1997-10-24" ObjStrasseID="5703" ObjHausnummer="Am Schatzkampe 5" ObjVorlage="2013-09-11 00:00:00.0" ObKeinKontakt="1" ObjArtID="177" Merkmal="0.0" ObjInfo="H.Büchner Kollenrodtstraße 4"/>
  <Objekte ObjID="5507" ObjAufnahme="1997-10-24" ObjLetztKontakt="1997-10-24" ObjStrasseID="5703" ObjHausnummer="Am Schatzkampe 6" ObjVorlage="2013-09-11 00:00:00.0" ObKeinKontakt="1" ObjArtID="1" Merkmal="0.0" ObjInfo="Evtl. Frau Schmidtpott- Kindler, Thea- Bähnisch- Weg 40, Hannover, 0511/ 6046644,"/>
  <Objekte ObjID="5508" ObjAufnahme="1997-10-24" ObjLetztKontakt="1997-10-24" ObjStrasseID="5703" ObjHausnummer="Am Schatzkampe 7" ObjVorlage="2013-09-11 00:00:00.0" ObKeinKontakt="1" ObjArtID="177" Merkmal="0.0"/>
  <Objekte ObjID="5509" ObjAufnahme="1997-10-24" ObjLetztKontakt="1997-10-24" ObjStrasseID="5703" ObjHausnummer="Am Schatzkampe 8" ObjVorlage="2013-09-11 00:00:00.0" ObKeinKontakt="1" ObjArtID="1" Merkmal="0.0" ObjInfo="Evtl. Frau Steinmeyer, Scherenbostel, 05130/8184, Erbengem. Leichtfeld"/>
  <Objekte ObjID="5510" ObjAufnahme="1997-10-24" ObjLetztKontakt="1997-10-24" ObjStrasseID="5703" ObjHausnummer="Am Schatzkampe 9" ObjVorlage="2013-09-11 00:00:00.0" ObKeinKontakt="1" ObjArtID="177" Merkmal="0.0" ObjInfo="H.Emme"/>
  <Objekte ObjID="5511" ObjAufnahme="1997-10-24" ObjLetztKontakt="1997-10-24" ObjStrasseID="5703" ObjHausnummer="Am Schatzkampe 10" ObjVorlage="2013-09-11 00:00:00.0" ObKeinKontakt="1" ObjArtID="1" Merkmal="0.0" ObjInfo="Evtl. Frau Ursula Rischbieter, Ostfeldstr. 10, 30559 Hannover, o. Christian Rischbieter, Gräfin v. der Schulenburg, 04155 Leipzig, 0341/ 5646098,"/>
  <Objekte ObjID="5512" ObjAufnahme="1997-10-24" ObjLetztKontakt="1997-10-24" ObjStrasseID="5703" ObjHausnummer="Am Schatzkampe 11" ObjVorlage="2013-09-11 00:00:00.0" ObKeinKontakt="1" ObjArtID="1" Merkmal="0.0" ObjInfo="Evtl. Frau Adelheid Nedderhut, 0511/ 627191,"/>
  <Objekte ObjID="5513" ObjAufnahme="1997-10-24" ObjLetztKontakt="1997-10-24" ObjStrasseID="5703" ObjHausnummer="Am Schatzkampe 12" ObjVorlage="2013-09-11 00:00:00.0" ObKeinKontakt="1" ObjArtID="169" Merkmal="0.0" ObjInfo="Evtl. Herr Fiedrich Vohwinkel, Im Fank 8, 49492 Westerkappeln,05456/ 1096,"/>
  <Objekte ObjID="5514" ObjAufnahme="1997-10-24" ObjLetztKontakt="1997-10-24" ObjStrasseID="5702" ObjHausnummer="Am Schatzkampe 33" ObjVorlage="2013-09-11 00:00:00.0" ObKeinKontakt="1" ObjArtID="1" Merkmal="0.0" ObjInfo="W.Meier Roonstr 22"/>
  <Objekte ObjID="5515" ObjAufnahme="1997-10-24" ObjLetztKontakt="1997-10-24" ObjStrasseID="6591" ObjHausnummer="Goetheplatz 11" ObjVorlage="2013-09-11 00:00:00.0" ObKeinKontakt="1" ObjArtID="1" Merkmal="0.0" ObjInfo="Evtl. Herr H. Kreye, Georgstr. 42, Hannover, Mieter:Antignozzi Luigi, Goetheplatz 11, 30169 Hannover, 0511-1318352&#xD;&#xA;Begemeier A., Goetheplatz 11, 30169 Hannover, 0511-1316074&#xD;&#xA;Blancon Gilles, Goetheplatz 11, 30169 Hannover, 0511-17018&#xD;&#xA;Blancon Gilles, Goet&#xD;&#xA;5516"/>
  <Objekte ObjID="5563" ObjAufnahme="1997-03-21" ObjLetztKontakt="1997-03-21" ObjStrasseID="6592" ObjHausnummer="Goethestraße 6" ObjVorlage="2013-09-11 00:00:00.0" ObKeinKontakt="1" ObjArtID="5" Merkmal="0.0" ObjInfo="10WE/4Büros/2Lä/1985/360/5,0&#xD;&#xA;&#xD;&#xA;Neumann Margarete, Goethestr. 6, 30... Hannover, 0511-466406&#xD;&#xA;Pohl Berthold, Goethestr. 6, 30... Hannover, 0511-434989&#xD;&#xA;Ünle Yusuf, Goethestr. 6, 30... Hannover, 0511-1318716&#xD;&#xA;Unle Ferda, Goethestr. 6, 30... Hannover, 0511-1&#xD;&#xA;5564"/>
  <Objekte ObjID="5566" ObjAufnahme="1997-03-21" ObjLetztKontakt="1997-03-21" ObjStrasseID="6592" ObjHausnummer="Goethestraße 1" ObjVorlage="2013-09-11 00:00:00.0" ObKeinKontakt="1" ObjArtID="5" Merkmal="0.0" ObjInfo="Evtl. H.J. Siedersleben, Mieter:Akbaba Esref, Goethestr. 1, 30... Hannover, 0511-320032&#xD;&#xA;Azadi Farideh, Goethestr. 1, 30... Hannover, 0511-328748&#xD;&#xA;Culup Sato Bistro, Goethestr. 1, 30... Hannover, 0511-320081&#xD;&#xA;Karakoyunlu Selahattin, Goethestr. 1, 30... Han&#xD;&#xA;5567"/>
  <Objekte ObjID="5570" ObjAufnahme="1997-03-21" ObjLetztKontakt="1997-03-21" ObjStrasseID="6592" ObjHausnummer="Goethestraße 13" ObjVorlage="2013-09-11 00:00:00.0" ObKeinKontakt="1" ObjArtID="5" Merkmal="0.0" ObjInfo="Evtl. W. Bertram, Mieter:Löhr Volker, Goethestr. 13, 30... Hannover, 0511-4340087&#xD;&#xA;Pelz N., Goethestr. 13, 30... Hannover, 0511-322820&#xD;&#xA;Stössel M., Goethestr. 13, 30457 Hannover, 0511-461781"/>
  <Objekte ObjID="5571" ObjAufnahme="1997-03-21" ObjLetztKontakt="1997-03-21" ObjStrasseID="6592" ObjHausnummer="Goethestraße 15" ObjVorlage="2013-09-11 00:00:00.0" ObKeinKontakt="1" ObjArtID="5" Merkmal="0.0" ObjInfo="Evtl. W. Zickenrodt, Mieter:Busack Thomas, Goethestr. 15, 30... Hannover, 0511-328619&#xD;&#xA;Elveren Mutlei, Goethestr. 15, 30... Hannover, 0511-3631392&#xD;&#xA;Fischer Erich, Goethestr. 15, 30... Hannover, 0511-306225&#xD;&#xA;Kilic Zeynep, Goethestr. 15, 30... Hannover, 0511&#xD;&#xA;5572"/>
  <Objekte ObjID="5576" ObjAufnahme="1997-03-21" ObjLetztKontakt="1997-03-21" ObjStrasseID="6592" ObjHausnummer="Goethestraße 29" ObjVorlage="2013-09-11 00:00:00.0" ObKeinKontakt="1" ObjArtID="5" Merkmal="0.0" ObjInfo="Mieter:BOARD&apos;N&apos; BEACH, Goethestr. 29, 30... Hannover, 0511-13595&#xD;&#xA;Feuerhahn Lacke u. Farben Inh. Wolfgang Eue, Fritz, Goethestr. 29, 30... Hannover, 0511-14179&#xD;&#xA;Hanns-Lilje-Stiftung, Goethestr. 29, 30... Hannover, 0511-1241-391&#xD;&#xA;Kirchen, relig. Gemeinschaf&#xD;&#xA;5577"/>
  <Objekte ObjID="5594" ObjAufnahme="1997-03-21" ObjLetztKontakt="1997-03-21" ObjStrasseID="6592" ObjHausnummer="Goethestraße 24" ObjVorlage="2013-09-11 00:00:00.0" ObKeinKontakt="1" ObjArtID="5" Merkmal="0.0" ObjInfo="Evtl. W. Neuhaus, Mieter:Neuhaus Wilhelm, Goethestr. 24, 30... Hannover, 0511-1316153&#xD;&#xA;Preuß Ehrhardt, Goethestr. 24, 30... Hannover, 0511-15894&#xD;&#xA;Ristorante Roma GmbH, Goethestr. 24, 30... Hannover, 0511-1316205&#xD;&#xA;Ruggeri Guiseppe, Goethestr. 24, 30... Hann&#xD;&#xA;5595"/>
  <Objekte ObjID="5597" ObjAufnahme="1997-03-21" ObjLetztKontakt="1997-03-21" ObjStrasseID="6592" ObjHausnummer="Goethestraße 14" ObjVorlage="2013-09-11 00:00:00.0" ObKeinKontakt="1" ObjArtID="5" Merkmal="0.0" ObjInfo="haus gehört Herrn Schakiri 01713634228"/>
  <Objekte ObjID="17800" ObjAufnahme="2012-09-03" ObjStrasseID="8572" ObjHausnummer="Weizenfeldstraße 49" ObjVorlage="2013-09-11 00:00:00.0" ObKeinKontakt="1" ObjArtID="1" ObjInfo="Vermieter Reimold 015156647478"/>
  <Objekte ObjID="17801" ObjAufnahme="2012-09-04" ObjStrasseID="7501" ObjHausnummer="Max-Kuhlemann-Straße 1" ObjVorlage="2013-09-11 00:00:00.0" ObKeinKontakt="1" ObjArtID="1"/>
  <Objekte ObjID="5599" ObjAufnahme="1997-09-05" ObjLetztKontakt="1997-09-05" ObjStrasseID="7054" ObjHausnummer="Joachimstraße 2" ObjVorlage="2013-09-11 00:00:00.0" ObKeinKontakt="1" ObjArtID="11" Merkmal="0.0" ObjInfo="Eigentümer 1979: Verein &quot; Herberge zur Heimat&quot;, Ebhardtstr. 3a, Mieter:Dempewolf Monika, Joachimstr. 2, 30159 Hannover, 0511-324436&#xD;&#xA;Ev. Buchhandlung, Joachimstr. 2, 30159 Hannover, 0511-306681&#xD;&#xA;Hospiz am Bahnhof, Joachimstr. 2, 30159 Hannover, 0511-324297&#xD;&#xA;5600"/>
  <Objekte ObjID="5602" ObjAufnahme="1997-09-05" ObjLetztKontakt="1997-09-05" ObjStrasseID="8505" ObjHausnummer="Walderseestraße 11" ObjVorlage="1997-08-06 00:00:00.0" ObKeinKontakt="1" ObjArtID="1" Merkmal="0.0" ObjInfo="( Fa. HDI Lebensversicherung )"/>
  <Objekte ObjID="5603" ObjAufnahme="1997-09-05" ObjLetztKontakt="1997-09-05" ObjStrasseID="8505" ObjHausnummer="Walderseestraße 34A" ObjVorlage="1997-08-06 00:00:00.0" ObKeinKontakt="1" ObjArtID="1" Merkmal="0.0"/>
  <Objekte ObjID="5604" ObjAufnahme="1997-10-27" ObjLetztKontakt="2000-03-17" ObjStrasseID="6989" ObjHausnummer="Im Moore 0" ObjVorlage="2013-09-11 00:00:00.0" ObKeinKontakt="1" ObjArtID="1" Merkmal="0.0"/>
  <Objekte ObjID="5605" ObjAufnahme="1997-10-27" ObjLetztKontakt="1997-10-27" ObjStrasseID="6665" ObjHausnummer="Grünewaldstraße 20" ObjVorlage="2013-09-11 00:00:00.0" ObKeinKontakt="1" ObjArtID="1" Merkmal="0.0" ObjInfo="Evtl. H. Sichtling, Mieter:Gros Gerolf, Grünewaldstr. 20, 30177 Hannover, 0511-6965168"/>
  <Objekte ObjID="5607" ObjAufnahme="1997-10-27" ObjLetztKontakt="1997-10-27" ObjStrasseID="6665" ObjHausnummer="Grünewaldstraße 18" ObjVorlage="2013-09-11 00:00:00.0" ObKeinKontakt="1" ObjArtID="1" Merkmal="0.0" ObjInfo="Evtl. K. Freimann, Mieter:Freimann Kurt, Grünewaldstr. 18, 30177 Hannover, 0511-692208&#xD;&#xA;Neumann E., Grünewaldstr. 18, 30177 Hannover, 0511-699289"/>
  <Objekte ObjID="5608" ObjAufnahme="1997-10-27" ObjLetztKontakt="1997-10-27" ObjStrasseID="6665" ObjHausnummer="Grünewaldstraße 16" ObjVorlage="2013-09-11 00:00:00.0" ObKeinKontakt="1" ObjArtID="1" Merkmal="0.0" ObjInfo="Evtl. Frau E. Dittmar, Mieter:Scherfler Kurt E., Grünewaldstr. 16, 30177 Hannover, 0511-699481"/>
  <Objekte ObjID="5609" ObjAufnahme="1997-10-27" ObjLetztKontakt="1997-10-27" ObjStrasseID="6665" ObjHausnummer="Grünewaldstraße 2" ObjVorlage="2013-09-11 00:00:00.0" ObKeinKontakt="1" ObjArtID="1" Merkmal="0.0" ObjInfo="Evtl. A. Sander, Mieter:Sander Elli, Grünewaldstr. 2, 30177 Hannover, 0511-6963460&#xD;&#xA;Sander Rolf, Grünewaldstr. 2, 30177 Hannover, 0511-6965152"/>
  <Objekte ObjID="5610" ObjAufnahme="1997-10-27" ObjLetztKontakt="1997-10-27" ObjStrasseID="6665" ObjHausnummer="Grünewaldstraße 4" ObjVorlage="2013-09-11 00:00:00.0" ObKeinKontakt="1" ObjArtID="1" Merkmal="0.0" ObjInfo="Evtl. Frau Else Buddensiek, Mieter:Uckrow Klaus, Grünewaldstr. 4, 30177 Hannover, 0511-696107"/>
  <Objekte ObjID="5611" ObjAufnahme="1997-10-27" ObjLetztKontakt="1998-09-14" ObjStrasseID="6665" ObjHausnummer="Grünewaldstraße 6" ObjVorlage="2013-09-11 00:00:00.0" ObKeinKontakt="2" ObjArtID="1" Merkmal="0.0" ObjInfo="Evtl. Frau Dr. med. G. Moritz, Mieter:Kessels Heinz, Grünewaldstr. 6, 30177 Hannover, 0511-691828&#xD;&#xA;Krupp Christine, Grünewaldstr. 6, 30177 Hannover, 0511-696432"/>
  <Objekte ObjID="5612" ObjAufnahme="1997-10-27" ObjLetztKontakt="1997-10-27" ObjStrasseID="6665" ObjHausnummer="Grünewaldstraße 8" ObjVorlage="2013-09-11 00:00:00.0" ObKeinKontakt="1" ObjArtID="1" Merkmal="0.0" ObjInfo="Evtl. Frau S. Leonhardt, Mieter:Leonhardt Harald, Grünewaldstr. 8, 30177 Hannover, 0511-691782"/>
  <Objekte ObjID="5613" ObjAufnahme="1997-10-27" ObjLetztKontakt="1997-10-27" ObjStrasseID="6665" ObjHausnummer="Grünewaldstraße 10" ObjVorlage="2013-09-11 00:00:00.0" ObKeinKontakt="1" ObjArtID="1" Merkmal="0.0" ObjInfo="Evtl. Dr. F. Lehner, Mieter:Riech J., Grünewaldstr. 10, 30177 Hannover, 0511-3942387&#xD;&#xA;Stern Rudolph, Grünewaldstr. 10, 30177 Hannover, 0511-699685"/>
  <Objekte ObjID="5614" ObjAufnahme="1997-10-27" ObjLetztKontakt="1997-10-27" ObjStrasseID="6665" ObjHausnummer="Grünewaldstraße 12" ObjVorlage="2013-09-11 00:00:00.0" ObKeinKontakt="1" ObjArtID="1" Merkmal="0.0" ObjInfo="Evtl. K.C. Lill, Mieter:Amthor Jens-Olaf, Grünewaldstr. 12, 30177 Hannover, 0511-693945&#xD;&#xA;Amthor Jens-Olaf, Grünewaldstr. 12, 30177 Hannover, 0511-694023&#xD;&#xA;Kinderu.Jugendhaus Amthor, Grünewaldstr. 12, 30177 Hannover, 0511-693945"/>
  <Objekte ObjID="5615" ObjAufnahme="1997-10-27" ObjLetztKontakt="1997-10-27" ObjStrasseID="6665" ObjHausnummer="Grünewaldstraße 14" ObjVorlage="2013-09-11 00:00:00.0" ObKeinKontakt="1" ObjArtID="1" Merkmal="0.0" ObjInfo="Evtl. R. Schädla, oder Christiane Möller, Mieter:Schädla Reinhard, Grünewaldstr. 14, 30177 Hannover, 0511-692773"/>
  <Objekte ObjID="5616" ObjAufnahme="1997-10-27" ObjLetztKontakt="1997-10-27" ObjStrasseID="6665" ObjHausnummer="Grünewaldstraße 1" ObjVorlage="2013-09-11 00:00:00.0" ObKeinKontakt="1" ObjArtID="1" Merkmal="0.0" ObjInfo="Evtl. Dr. D. Bortfeld, 0511/ 697056, Mieter:Bortfeld Dieter, Grünewaldstr. 1, 30177 Hannover, 0511-695665&#xD;&#xA;Engehausen E., Grünewaldstr. 1, 30177 Hannover, 0511-690226&#xD;&#xA;Horn Johannes, Grünewaldstr. 1, 30177 Hannover, 0511-690272"/>
  <Objekte ObjID="5617" ObjAufnahme="1997-10-27" ObjLetztKontakt="1997-10-27" ObjStrasseID="6665" ObjHausnummer="Grünewaldstraße 3" ObjVorlage="2013-09-11 00:00:00.0" ObKeinKontakt="1" ObjArtID="1" Merkmal="0.0" ObjInfo="Evtl. Frau M. Lorenz, Münche, Mieter:Brück Renate, Grünewaldstr. 3, 30177 Hannover, 0511-699706&#xD;&#xA;Leuchtenberger Friedrich, Grünewaldstr. 3, 30177 Hannover, 0511-690495&#xD;&#xA;Möller Hans Joachim, Grünewaldstr. 3, 30177 Hannover, 0511-6966119&#xD;&#xA;Tonne, Wilhelm, Grü&#xD;&#xA;5618"/>
  <Objekte ObjID="5623" ObjAufnahme="1997-10-27" ObjLetztKontakt="1997-10-27" ObjStrasseID="6665" ObjHausnummer="Grünewaldstraße 27" ObjVorlage="2013-09-11 00:00:00.0" ObKeinKontakt="1" ObjArtID="1" Merkmal="0.0" ObjInfo="Evtl. Treuhandverwaltung d. Nachfolger deutscher Industriearbeiter GmbH, Königsworther Platz, Mieter:Blossey Gudrun u. Wolfgang, Grünewaldstr. 27, 30177 Hannover, 0511-695580&#xD;&#xA;Hildebrandt Erika, Grünewaldstr. 27, 30177 Hannover, 0511-6965071&#xD;&#xA;Horeis W., Gr&#xD;&#xA;5624"/>
  <Objekte ObjID="5626" ObjAufnahme="1997-10-27" ObjLetztKontakt="1998-09-14" ObjStrasseID="6665" ObjHausnummer="Grünewaldstraße 30" ObjVorlage="2013-09-11 00:00:00.0" ObKeinKontakt="2" ObjArtID="1" Merkmal="0.0" ObjInfo="Evtl. Erbengemeinschaft Witte, Mieter:Markus Wilfried, Grünewaldstr. 30, 30177 Hannover, 0511-695385&#xD;&#xA;Schmedes E., Grünewaldstr. 30, 30177 Hannover, 0511-699410&#xD;&#xA;Stahlecker Manuela, Grünewaldstr. 30, 30177 Hannover, 0511-690434&#xD;&#xA;Tischer Frank, Grünewaldstr&#xD;&#xA;5627"/>
  <Objekte ObjID="5628" ObjAufnahme="1997-10-27" ObjLetztKontakt="1997-10-27" ObjStrasseID="6665" ObjHausnummer="Grünewaldstraße 24" ObjVorlage="2013-09-11 00:00:00.0" ObKeinKontakt="1" ObjArtID="1" Merkmal="0.0" ObjInfo="Evtl. Frau Margarete Grimm, Mieter:Grimm M., Grünewaldstr. 24, 30177 Hannover, 0511-697144"/>
  <Objekte ObjID="5631" ObjAufnahme="1997-10-27" ObjLetztKontakt="1998-09-14" ObjStrasseID="6665" ObjHausnummer="Grünewaldstraße 22" ObjVorlage="2013-09-11 00:00:00.0" ObKeinKontakt="2" ObjArtID="1" Merkmal="0.0" ObjInfo="Evtl. Frau L. Papke, oder H. Krätzschmar, Mieter:Hartmann Karlheinz, Edenstr. 28, 30161 Hannover, 0511-665715&#xD;&#xA;Grünewaldstr. 22, 30177 Hannover, 0511-697575&#xD;&#xA;Wieckhorst Claus, Grünewaldstr. 22, 30177 Hannover, 0511-6966363"/>
  <Objekte ObjID="5632" ObjAufnahme="1997-03-18" ObjLetztKontakt="1997-05-13" ObjStrasseID="7233" ObjHausnummer="Kornstraße 20" ObjVorlage="2013-09-11 00:00:00.0" ObKeinKontakt="1" ObjArtID="1" Merkmal="0.0"/>
  <Objekte ObjID="5633" ObjAufnahme="1997-03-18" ObjLetztKontakt="1997-05-13" ObjStrasseID="7233" ObjHausnummer="Kornstraße 22" ObjVorlage="2013-09-11 00:00:00.0" ObKeinKontakt="1" ObjArtID="1" Merkmal="0.0"/>
  <Objekte ObjID="5634" ObjAufnahme="1997-03-18" ObjLetztKontakt="1997-05-13" ObjStrasseID="7233" ObjHausnummer="Kornstraße 18" ObjVorlage="2013-09-11 00:00:00.0" ObKeinKontakt="1" ObjArtID="1" Merkmal="0.0"/>
  <Objekte ObjID="5694" ObjAufnahme="1997-03-18" ObjLetztKontakt="1997-05-13" ObjStrasseID="7233" ObjHausnummer="Kornstraße 19" ObjVorlage="2013-09-11 00:00:00.0" ObKeinKontakt="1" ObjArtID="1" Merkmal="0.0"/>
  <Objekte ObjID="5696" ObjAufnahme="1997-03-18" ObjLetztKontakt="1997-05-13" ObjStrasseID="7233" ObjHausnummer="Kornstraße 23" ObjVorlage="2013-09-11 00:00:00.0" ObKeinKontakt="1" ObjArtID="1" Merkmal="0.0"/>
  <Objekte ObjID="5697" ObjAufnahme="1997-11-05" ObjLetztKontakt="1997-11-05" ObjStrasseID="7718" ObjHausnummer="Overbeckstraße 1" ObjVorlage="2013-09-11 00:00:00.0" ObKeinKontakt="1" ObjArtID="1" Merkmal="0.0"/>
  <Objekte ObjID="5698" ObjAufnahme="1997-11-05" ObjLetztKontakt="1997-11-05" ObjStrasseID="7718" ObjHausnummer="Overbeckstraße 4" ObjVorlage="2013-09-11 00:00:00.0" ObKeinKontakt="1" ObjArtID="1" Merkmal="0.0"/>
  <Objekte ObjID="5699" ObjAufnahme="1997-11-05" ObjLetztKontakt="1997-11-05" ObjStrasseID="7718" ObjHausnummer="Overbeckstraße 6" ObjVorlage="2013-09-11 00:00:00.0" ObKeinKontakt="1" ObjArtID="1" Merkmal="0.0"/>
  <Objekte ObjID="5700" ObjAufnahme="1997-11-05" ObjLetztKontakt="1997-11-05" ObjStrasseID="7718" ObjHausnummer="Overbeckstraße 8" ObjVorlage="2013-09-11 00:00:00.0" ObKeinKontakt="1" ObjArtID="1" Merkmal="0.0"/>
  <Objekte ObjID="5701" ObjAufnahme="1997-11-05" ObjLetztKontakt="1997-11-05" ObjStrasseID="7718" ObjHausnummer="Overbeckstraße 3" ObjVorlage="2013-09-11 00:00:00.0" ObKeinKontakt="1" ObjArtID="1" Merkmal="0.0"/>
  <Objekte ObjID="5702" ObjAufnahme="1997-03-18" ObjLetztKontakt="1997-05-13" ObjStrasseID="7549" ObjHausnummer="Misburger Straße 83" ObjVorlage="2013-09-11 00:00:00.0" ObKeinKontakt="2" ObjArtID="11" Merkmal="0.0"/>
  <Objekte ObjID="5715" ObjAufnahme="1997-11-10" ObjLetztKontakt="1997-11-10" ObjStrasseID="6250" ObjHausnummer="Dörnbergstraße 11" ObjVorlage="2013-09-11 00:00:00.0" ObKeinKontakt="1" ObjArtID="1" Merkmal="0.0" ObjInfo="[ Siehe Nr. 7 ]"/>
  <Objekte ObjID="5716" ObjAufnahme="1997-11-10" ObjLetztKontakt="1997-11-10" ObjStrasseID="6250" ObjHausnummer="Dörnbergstraße 10" ObjVorlage="2013-09-11 00:00:00.0" ObKeinKontakt="1" ObjArtID="1" Merkmal="0.0" ObjInfo="[ Siehe Nr. 7 ]"/>
  <Objekte ObjID="5717" ObjAufnahme="1997-11-10" ObjLetztKontakt="1997-11-10" ObjStrasseID="6250" ObjHausnummer="Dörnbergstraße 24" ObjVorlage="2013-09-11 00:00:00.0" ObKeinKontakt="1" ObjArtID="1" Merkmal="0.0"/>
  <Objekte ObjID="5718" ObjAufnahme="1997-11-10" ObjLetztKontakt="1997-11-10" ObjStrasseID="6250" ObjHausnummer="Dörnbergstraße 25" ObjVorlage="2013-09-11 00:00:00.0" ObKeinKontakt="1" ObjArtID="1" Merkmal="0.0" ObjInfo="[ Wohnungsbaugenossenschaft Hannover Land eG, Ubbenstr. 3, 30159 Hannover ]"/>
  <Objekte ObjID="5719" ObjAufnahme="1997-11-10" ObjLetztKontakt="1997-11-10" ObjStrasseID="6250" ObjHausnummer="Dörnbergstraße 26" ObjVorlage="2013-09-11 00:00:00.0" ObKeinKontakt="1" ObjArtID="1" Merkmal="0.0" ObjInfo="[ Herr K. Schulz, 0511/ 344394 ]"/>
  <Objekte ObjID="5720" ObjAufnahme="1997-11-10" ObjLetztKontakt="1997-11-10" ObjStrasseID="6250" ObjHausnummer="Dörnbergstraße 27" ObjVorlage="2013-09-11 00:00:00.0" ObKeinKontakt="1" ObjArtID="1" Merkmal="0.0" ObjInfo="[ Dr. W. Ostermann, Hildesheimer Str. 93, 30173 Hannover 0511/ 883902 o. 0511/ 888929 ]"/>
  <Objekte ObjID="5721" ObjAufnahme="1997-11-10" ObjLetztKontakt="1997-11-10" ObjStrasseID="6250" ObjHausnummer="Dörnbergstraße 28" ObjVorlage="2013-09-11 00:00:00.0" ObKeinKontakt="1" ObjArtID="1" Merkmal="0.0" ObjInfo="[ Herr K. Rosemeyer, 30165 Hannover, Verw. Herr Schattenberg i.H.]"/>
  <Objekte ObjID="5722" ObjAufnahme="1997-11-10" ObjLetztKontakt="1997-11-10" ObjStrasseID="6250" ObjHausnummer="Dörnbergstraße 9" ObjVorlage="2013-09-11 00:00:00.0" ObKeinKontakt="1" ObjArtID="1" Merkmal="0.0" ObjInfo="[ Siehe Nr. 7 ]"/>
  <Objekte ObjID="5723" ObjAufnahme="1997-11-10" ObjLetztKontakt="1997-11-10" ObjStrasseID="6250" ObjHausnummer="Dörnbergstraße 8" ObjVorlage="2013-09-11 00:00:00.0" ObKeinKontakt="1" ObjArtID="1" Merkmal="0.0" ObjInfo="[ siehe Nr. 7 ]"/>
  <Objekte ObjID="5724" ObjAufnahme="1997-11-10" ObjLetztKontakt="1997-11-10" ObjStrasseID="6250" ObjHausnummer="Dörnbergstraße 7" ObjVorlage="2013-09-11 00:00:00.0" ObKeinKontakt="1" ObjArtID="1" Merkmal="0.0" ObjInfo="[ Spar- und Bauverein, 0511/ 327101 ]"/>
  <Objekte ObjID="5725" ObjAufnahme="1997-11-10" ObjLetztKontakt="1997-11-10" ObjStrasseID="6250" ObjHausnummer="Dörnbergstraße 6" ObjVorlage="2013-09-11 00:00:00.0" ObKeinKontakt="1" ObjArtID="1" Merkmal="0.0" ObjInfo="[ Frau Hildegard Frank, Verw. Frau Monika Bähre Tochter, 05042/ 3327 ]"/>
  <Objekte ObjID="5726" ObjAufnahme="1997-11-10" ObjLetztKontakt="1997-11-10" ObjStrasseID="6250" ObjHausnummer="Dörnbergstraße 5" ObjVorlage="2013-09-11 00:00:00.0" ObKeinKontakt="1" ObjArtID="1" Merkmal="0.0" ObjInfo="[ Herr Strunk, Hannover ]"/>
  <Objekte ObjID="5727" ObjAufnahme="1997-11-10" ObjLetztKontakt="1997-11-10" ObjStrasseID="6250" ObjHausnummer="Dörnbergstraße 4" ObjVorlage="2013-09-11 00:00:00.0" ObKeinKontakt="1" ObjArtID="1" Merkmal="0.0" ObjInfo="[ Verw. Herr Colditz ]"/>
  <Objekte ObjID="5728" ObjAufnahme="1997-11-10" ObjLetztKontakt="1997-11-10" ObjStrasseID="6250" ObjHausnummer="Dörnbergstraße 3" ObjVorlage="2013-09-11 00:00:00.0" ObKeinKontakt="1" ObjArtID="1" Merkmal="0.0" ObjInfo="[ Herr Mahnken ]"/>
  <Objekte ObjID="5729" ObjAufnahme="1997-11-10" ObjLetztKontakt="1997-11-10" ObjStrasseID="6250" ObjHausnummer="Dörnbergstraße 2" ObjVorlage="2013-09-11 00:00:00.0" ObKeinKontakt="1" ObjArtID="1" Merkmal="0.0" ObjInfo="[ Erbengemeinschaft Gerhardy ]"/>
  <Objekte ObjID="5730" ObjAufnahme="1997-11-10" ObjLetztKontakt="1997-11-10" ObjStrasseID="6250" ObjHausnummer="Dörnbergstraße 1" ObjVorlage="2013-09-11 00:00:00.0" ObKeinKontakt="1" ObjArtID="1" Merkmal="0.0" ObjInfo="[ Erbengemeinschaft Drawe- Fricke o. Dr. H. Töteberg, 0511/ 3885544 ]"/>
  <Objekte ObjID="5731" ObjAufnahme="1997-11-10" ObjLetztKontakt="1997-11-10" ObjStrasseID="6250" ObjHausnummer="Dörnbergstraße 31" ObjVorlage="2013-09-11 00:00:00.0" ObKeinKontakt="1" ObjArtID="1" Merkmal="0.0" ObjInfo="[ Frau Margret Schönebeck, Hermann- Sievers- Weg 4, 30960 Wedemark, 01725/ 107068 , Verw. Herr Brüggemann, 0161/ 2517564 ]"/>
  <Objekte ObjID="5732" ObjAufnahme="1997-11-10" ObjLetztKontakt="1997-11-10" ObjStrasseID="6250" ObjHausnummer="Dörnbergstraße 30" ObjVorlage="2013-09-11 00:00:00.0" ObKeinKontakt="1" ObjArtID="1" Merkmal="0.0" ObjInfo="[ Herr W. Oelker, 30161 Hannover, 0511/ 331730"/>
  <Objekte ObjID="5733" ObjAufnahme="1997-11-10" ObjLetztKontakt="1997-11-10" ObjStrasseID="6250" ObjHausnummer="Dörnbergstraße 29" ObjVorlage="2013-09-11 00:00:00.0" ObKeinKontakt="1" ObjArtID="1" Merkmal="0.0" ObjInfo="[ Frau H. Brennecke, Northeim, 05551/ 52108, 05551/ 62963, 0511/ 63093, 05551/ 61136, Dr. Brennecke ]"/>
  <Objekte ObjID="5734" ObjAufnahme="1997-03-18" ObjLetztKontakt="1997-05-13" ObjStrasseID="8583" ObjHausnummer="Werderstraße 14" ObjVorlage="1997-09-15 00:00:00.0" ObKeinKontakt="1" ObjArtID="1" Merkmal="0.0" ObjInfo="[ Herr Rust, Am Hohen Brink, 28, 30851 Langenhagen, 0511/ 711285 ]"/>
  <Objekte ObjID="5735" ObjAufnahme="1997-03-18" ObjLetztKontakt="1997-05-13" ObjStrasseID="8583" ObjHausnummer="Werderstraße 14A" ObjVorlage="1997-09-15 00:00:00.0" ObKeinKontakt="1" ObjArtID="177" Merkmal="0.0"/>
  <Objekte ObjID="5736" ObjAufnahme="1997-03-18" ObjLetztKontakt="1997-05-13" ObjStrasseID="8583" ObjHausnummer="Werderstraße 14B" ObjVorlage="1997-09-15 00:00:00.0" ObKeinKontakt="1" ObjArtID="1" Merkmal="0.0" ObjInfo="[ siehe 14a ]"/>
  <Objekte ObjID="5737" ObjAufnahme="1997-03-18" ObjLetztKontakt="1997-05-13" ObjStrasseID="8583" ObjHausnummer="Werderstraße 14C" ObjVorlage="1997-09-15 00:00:00.0" ObKeinKontakt="1" ObjArtID="1" Merkmal="0.0" ObjInfo="[ siehe 14a ]"/>
  <Objekte ObjID="5738" ObjAufnahme="1997-03-18" ObjLetztKontakt="1997-05-13" ObjStrasseID="8583" ObjHausnummer="Werderstraße 16" ObjVorlage="1997-09-15 00:00:00.0" ObKeinKontakt="1" ObjArtID="1" Merkmal="0.0" ObjInfo="[ siehe 14a ]"/>
  <Objekte ObjID="5739" ObjAufnahme="1997-03-18" ObjLetztKontakt="1997-05-13" ObjStrasseID="8583" ObjHausnummer="Werderstraße 16A" ObjVorlage="1997-09-15 00:00:00.0" ObKeinKontakt="1" ObjArtID="1" Merkmal="0.0" ObjInfo="[ siehe 14a ]"/>
  <Objekte ObjID="5740" ObjAufnahme="1997-03-18" ObjLetztKontakt="1997-05-13" ObjStrasseID="8583" ObjHausnummer="Werderstraße 16B" ObjVorlage="1997-09-15 00:00:00.0" ObKeinKontakt="1" ObjArtID="1" Merkmal="0.0" ObjInfo="[ siehe 14a ]"/>
  <Objekte ObjID="5741" ObjAufnahme="1997-03-18" ObjLetztKontakt="1997-05-13" ObjStrasseID="8583" ObjHausnummer="Werderstraße 16C" ObjVorlage="1997-09-15 00:00:00.0" ObKeinKontakt="1" ObjArtID="229" Merkmal="0.0" ObjInfo="25970\"/>
  <Objekte ObjID="5742" ObjAufnahme="1997-03-18" ObjLetztKontakt="1997-05-13" ObjStrasseID="8583" ObjHausnummer="Werderstraße 18" ObjVorlage="1997-09-15 00:00:00.0" ObKeinKontakt="1" ObjArtID="1" Merkmal="0.0"/>
  <Objekte ObjID="5743" ObjAufnahme="1997-03-18" ObjLetztKontakt="1997-05-13" ObjStrasseID="8583" ObjHausnummer="Werderstraße 18B" ObjVorlage="1997-09-15 00:00:00.0" ObKeinKontakt="1" ObjArtID="1" Merkmal="0.0" ObjInfo="[ Herr Lutter, Podbielskistr. 192, 30177 Hannover]"/>
  <Objekte ObjID="5744" ObjAufnahme="1997-03-18" ObjLetztKontakt="1997-05-13" ObjStrasseID="8583" ObjHausnummer="Werderstraße 18C" ObjVorlage="1997-09-15 00:00:00.0" ObKeinKontakt="1" ObjArtID="1" Merkmal="0.0"/>
  <Objekte ObjID="5745" ObjAufnahme="1997-11-19" ObjLetztKontakt="1997-11-19" ObjStrasseID="7126" ObjHausnummer="Katalonienweg 3" ObjVorlage="2013-09-11 00:00:00.0" ObKeinKontakt="1" ObjArtID="1" Merkmal="0.0" ObjInfo="[ Eigentümergemeinschaft]"/>
  <Objekte ObjID="5746" ObjAufnahme="1997-11-19" ObjLetztKontakt="1997-11-19" ObjStrasseID="7126" ObjHausnummer="Katalonienweg 4" ObjVorlage="2013-09-11 00:00:00.0" ObKeinKontakt="1" ObjArtID="1" Merkmal="0.0" ObjInfo="[ Eigentümergemeinschaft]"/>
  <Objekte ObjID="5747" ObjAufnahme="1997-11-19" ObjLetztKontakt="1997-11-19" ObjStrasseID="7126" ObjHausnummer="Katalonienweg 5" ObjVorlage="2013-09-11 00:00:00.0" ObKeinKontakt="1" ObjArtID="119" Merkmal="0.0" ObjInfo="[ Eigentümergemeinschaft]"/>
  <Objekte ObjID="5748" ObjAufnahme="1997-11-19" ObjLetztKontakt="1997-11-19" ObjStrasseID="7126" ObjHausnummer="Katalonienweg 6" ObjVorlage="2013-09-11 00:00:00.0" ObKeinKontakt="1" ObjArtID="1" Merkmal="0.0" ObjInfo="[ Dt. Wohnungsbaugesellschaft mbH, 30159 Hannover]"/>
  <Objekte ObjID="5749" ObjAufnahme="1997-11-19" ObjLetztKontakt="1997-11-19" ObjStrasseID="7126" ObjHausnummer="Katalonienweg 7" ObjVorlage="2013-09-11 00:00:00.0" ObKeinKontakt="1" ObjArtID="1" Merkmal="0.0" ObjInfo="[ Dt. Wohnungsbaugesellschaft mbH, 30159 Hannover]"/>
  <Objekte ObjID="5750" ObjAufnahme="1997-11-19" ObjLetztKontakt="1997-11-19" ObjStrasseID="7126" ObjHausnummer="Katalonienweg 8" ObjVorlage="2013-09-11 00:00:00.0" ObKeinKontakt="1" ObjArtID="1" Merkmal="0.0" ObjInfo="[ Dt. Wohnungsbaugesellschaft mbH, 30159 Hannover]"/>
  <Objekte ObjID="5751" ObjAufnahme="1997-11-19" ObjLetztKontakt="1997-11-19" ObjStrasseID="7126" ObjHausnummer="Katalonienweg 9" ObjVorlage="2013-09-11 00:00:00.0" ObKeinKontakt="1" ObjArtID="1" Merkmal="0.0" ObjInfo="[ Dt. Wohnungsbaugesellschaft mbH, 30159 Hannover]"/>
  <Objekte ObjID="5752" ObjAufnahme="1997-11-19" ObjLetztKontakt="1997-11-19" ObjStrasseID="7126" ObjHausnummer="Katalonienweg 10" ObjVorlage="2013-09-11 00:00:00.0" ObKeinKontakt="1" ObjArtID="1" Merkmal="0.0" ObjInfo="[ Dt. Wohnungsbaugesellschaft mbH, 30159 Hannover]"/>
  <Objekte ObjID="5753" ObjAufnahme="1997-11-19" ObjLetztKontakt="1997-11-19" ObjStrasseID="7126" ObjHausnummer="Katalonienweg 11" ObjVorlage="2013-09-11 00:00:00.0" ObKeinKontakt="1" ObjArtID="1" Merkmal="0.0" ObjInfo="[ Dt. Wohnungsbaugesellschaft mbH, 30159 Hannover]"/>
  <Objekte ObjID="5754" ObjAufnahme="1997-11-19" ObjLetztKontakt="1997-11-19" ObjStrasseID="7126" ObjHausnummer="Katalonienweg 12" ObjVorlage="2013-09-11 00:00:00.0" ObKeinKontakt="1" ObjArtID="1" Merkmal="0.0" ObjInfo="[ Dt. Wohnungsbaugesellschaft mbH, 30159 Hannover]"/>
  <Objekte ObjID="5755" ObjAufnahme="1997-11-19" ObjLetztKontakt="1997-11-19" ObjStrasseID="7126" ObjHausnummer="Katalonienweg 13" ObjVorlage="2013-09-11 00:00:00.0" ObKeinKontakt="1" ObjArtID="177" Merkmal="0.0" ObjInfo="[ Dt. Wohnungsbaugesellschaft mbH, 30159 Hannover]"/>
  <Objekte ObjID="5756" ObjAufnahme="1997-11-19" ObjLetztKontakt="1997-11-19" ObjStrasseID="7126" ObjHausnummer="Katalonienweg 14" ObjVorlage="2013-09-11 00:00:00.0" ObKeinKontakt="1" ObjArtID="177" Merkmal="0.0" ObjInfo="[ Dt. Wohnungsbaugesellschaft mbH, 30159 Hannover]"/>
  <Objekte ObjID="5757" ObjAufnahme="1997-11-19" ObjLetztKontakt="1997-11-19" ObjStrasseID="7126" ObjHausnummer="Katalonienweg 15" ObjVorlage="2013-09-11 00:00:00.0" ObKeinKontakt="1" ObjArtID="1" Merkmal="0.0" ObjInfo="[ Dt. Wohnungsbaugesellschaft mbH, 30159 Hannover]"/>
  <Objekte ObjID="5758" ObjAufnahme="1997-11-19" ObjLetztKontakt="1997-11-19" ObjStrasseID="7126" ObjHausnummer="Katalonienweg 16" ObjVorlage="2013-09-11 00:00:00.0" ObKeinKontakt="1" ObjArtID="1" Merkmal="0.0" ObjInfo="[ Dt. Wohnungsbaugesellschaft mbH, 30159 Hannover]"/>
  <Objekte ObjID="5761" ObjAufnahme="1997-11-19" ObjLetztKontakt="1997-11-19" ObjStrasseID="7266" ObjHausnummer="Krosigkstraße 2" ObjVorlage="2013-09-11 00:00:00.0" ObKeinKontakt="1" ObjArtID="1" Merkmal="0.0" ObjInfo="[ Spar- und Bauverein ]"/>
  <Objekte ObjID="5762" ObjAufnahme="1997-11-19" ObjLetztKontakt="1997-11-19" ObjStrasseID="7266" ObjHausnummer="Krosigkstraße 4" ObjVorlage="2013-09-11 00:00:00.0" ObKeinKontakt="1" ObjArtID="1" Merkmal="0.0" ObjInfo="[ Spar- und Bauverein ]"/>
  <Objekte ObjID="5763" ObjAufnahme="1997-11-19" ObjLetztKontakt="1997-11-19" ObjStrasseID="7266" ObjHausnummer="Krosigkstraße 6" ObjVorlage="2013-09-11 00:00:00.0" ObKeinKontakt="1" ObjArtID="1" Merkmal="0.0" ObjInfo="[ Spar- und Bauverein ]"/>
  <Objekte ObjID="5764" ObjAufnahme="1997-11-19" ObjLetztKontakt="1997-11-19" ObjStrasseID="7398" ObjHausnummer="Linsingenstraße 1" ObjVorlage="2013-09-11 00:00:00.0" ObKeinKontakt="1" ObjArtID="1" Merkmal="0.0" ObjInfo="[ Herr Weiß, Hermannstr. 5, 14163 Berlin, 030/ 8133838 ]"/>
  <Objekte ObjID="5765" ObjAufnahme="1997-11-19" ObjLetztKontakt="1997-11-19" ObjStrasseID="7398" ObjHausnummer="Linsingenstraße 2" ObjVorlage="2013-09-11 00:00:00.0" ObKeinKontakt="1" ObjArtID="1" Merkmal="0.0" ObjInfo="[ Spar- und Bauverein, Hannover ]"/>
  <Objekte ObjID="5766" ObjAufnahme="1997-11-19" ObjLetztKontakt="1997-11-19" ObjStrasseID="7398" ObjHausnummer="Linsingenstraße 3" ObjVorlage="2013-09-11 00:00:00.0" ObKeinKontakt="1" ObjArtID="1" Merkmal="0.0" ObjInfo="[ Herr Weiß, Hermannstr. 5, 14163 Berlin, 030/ 8133838 ]"/>
  <Objekte ObjID="5767" ObjAufnahme="1997-11-19" ObjLetztKontakt="1997-11-19" ObjStrasseID="7398" ObjHausnummer="Linsingenstraße 4" ObjVorlage="2013-09-11 00:00:00.0" ObKeinKontakt="1" ObjArtID="1" Merkmal="0.0" ObjInfo="[ H. Baumgarte, 0511/ 636251 ]"/>
  <Objekte ObjID="5768" ObjAufnahme="1997-11-19" ObjLetztKontakt="1997-11-19" ObjStrasseID="7398" ObjHausnummer="Linsingenstraße 5" ObjVorlage="2013-09-11 00:00:00.0" ObKeinKontakt="1" ObjArtID="1" Merkmal="0.0" ObjInfo="[ Herr Weiß, Hermannstr. 5, 14163 Berlin, 030/ 8133838 ]"/>
  <Objekte ObjID="5769" ObjAufnahme="1997-11-19" ObjLetztKontakt="1997-11-19" ObjStrasseID="7398" ObjHausnummer="Linsingenstraße 6" ObjVorlage="2013-09-11 00:00:00.0" ObKeinKontakt="1" ObjArtID="1" Merkmal="0.0" ObjInfo="[ Eigentümergemeinschaft ]"/>
  <Objekte ObjID="5770" ObjAufnahme="1997-11-19" ObjLetztKontakt="1997-11-19" ObjStrasseID="7398" ObjHausnummer="Linsingenstraße 7" ObjVorlage="2013-09-11 00:00:00.0" ObKeinKontakt="1" ObjArtID="177" Merkmal="0.0" ObjInfo="Brokmann: 01772765626 anrufen ob Wohnung schon verkauft"/>
  <Objekte ObjID="5771" ObjAufnahme="1997-11-19" ObjLetztKontakt="1997-11-19" ObjStrasseID="7398" ObjHausnummer="Linsingenstraße 7A" ObjVorlage="2013-09-11 00:00:00.0" ObKeinKontakt="1" ObjArtID="1" Merkmal="0.0"/>
  <Objekte ObjID="5772" ObjAufnahme="1997-11-19" ObjLetztKontakt="1997-11-19" ObjStrasseID="7398" ObjHausnummer="Linsingenstraße 7B" ObjVorlage="2013-09-11 00:00:00.0" ObKeinKontakt="1" ObjArtID="1" Merkmal="0.0"/>
  <Objekte ObjID="5773" ObjAufnahme="1997-11-19" ObjLetztKontakt="1997-11-19" ObjStrasseID="7398" ObjHausnummer="Linsingenstraße 7C" ObjVorlage="2013-09-11 00:00:00.0" ObKeinKontakt="1" ObjArtID="1" Merkmal="0.0"/>
  <Objekte ObjID="5774" ObjAufnahme="1997-11-19" ObjLetztKontakt="1997-11-19" ObjStrasseID="7398" ObjHausnummer="Linsingenstraße 7D" ObjVorlage="2013-09-11 00:00:00.0" ObKeinKontakt="1" ObjArtID="1" Merkmal="0.0"/>
  <Objekte ObjID="5775" ObjAufnahme="1997-11-19" ObjLetztKontakt="1997-11-19" ObjStrasseID="7398" ObjHausnummer="Linsingenstraße 8" ObjVorlage="2013-09-11 00:00:00.0" ObKeinKontakt="1" ObjArtID="1" Merkmal="0.0"/>
  <Objekte ObjID="5776" ObjAufnahme="1997-11-19" ObjLetztKontakt="1997-11-19" ObjStrasseID="7398" ObjHausnummer="Linsingenstraße 9" ObjVorlage="2013-09-11 00:00:00.0" ObKeinKontakt="1" ObjArtID="1" Merkmal="0.0" ObjInfo="[ Herr Schuft, Weidenkamp 19, Hemmingen- Westerfeld ]"/>
  <Objekte ObjID="5777" ObjAufnahme="1997-11-19" ObjLetztKontakt="1997-11-19" ObjStrasseID="7398" ObjHausnummer="Linsingenstraße 10" ObjVorlage="2013-09-11 00:00:00.0" ObKeinKontakt="1" ObjArtID="1" Merkmal="0.0" ObjInfo="[ Eigentümergemeinschaft ]"/>
  <Objekte ObjID="5778" ObjAufnahme="1997-11-19" ObjLetztKontakt="1997-11-19" ObjStrasseID="7398" ObjHausnummer="Linsingenstraße 10A" ObjVorlage="2013-09-11 00:00:00.0" ObKeinKontakt="1" ObjArtID="1" Merkmal="0.0" ObjInfo="[ Garagenplatz ]"/>
  <Objekte ObjID="5779" ObjAufnahme="1997-11-19" ObjLetztKontakt="1997-11-19" ObjStrasseID="7398" ObjHausnummer="Linsingenstraße 11" ObjVorlage="2013-09-11 00:00:00.0" ObKeinKontakt="1" ObjArtID="1" Merkmal="0.0" ObjInfo="[ Herr Dr. med. Schuft, Weidenkamp 19, Hemmingen- Westerfeld ]"/>
  <Objekte ObjID="5780" ObjAufnahme="1997-11-19" ObjLetztKontakt="1997-11-19" ObjStrasseID="7398" ObjHausnummer="Linsingenstraße 12" ObjVorlage="2013-09-11 00:00:00.0" ObKeinKontakt="1" ObjArtID="1" Merkmal="0.0" ObjInfo="[ Eigentümergemeinschaft ]"/>
  <Objekte ObjID="5781" ObjAufnahme="1997-11-19" ObjLetztKontakt="1997-11-19" ObjStrasseID="7398" ObjHausnummer="Linsingenstraße 13" ObjVorlage="2013-09-11 00:00:00.0" ObKeinKontakt="1" ObjArtID="1" Merkmal="0.0" ObjInfo="[ Herr Riecke, Gehägestr. 36 b, 30655 Hannover ],"/>
  <Objekte ObjID="5782" ObjAufnahme="1997-11-19" ObjLetztKontakt="1997-11-19" ObjStrasseID="7398" ObjHausnummer="Linsingenstraße 15" ObjVorlage="2013-09-11 00:00:00.0" ObKeinKontakt="1" ObjArtID="1" Merkmal="0.0" ObjInfo="Spar- und Bauverein Hannover"/>
  <Objekte ObjID="5783" ObjAufnahme="1997-11-19" ObjLetztKontakt="1997-11-19" ObjStrasseID="7398" ObjHausnummer="Linsingenstraße 17" ObjVorlage="2013-09-11 00:00:00.0" ObKeinKontakt="1" ObjArtID="1" Merkmal="0.0" ObjInfo="Spar- und Bauverein Hannover"/>
  <Objekte ObjID="5784" ObjAufnahme="1997-11-19" ObjLetztKontakt="1997-11-19" ObjStrasseID="7398" ObjHausnummer="Linsingenstraße 19" ObjVorlage="2013-09-11 00:00:00.0" ObKeinKontakt="1" ObjArtID="1" Merkmal="0.0" ObjInfo="Spar- und Bauverein Hannover"/>
  <Objekte ObjID="5785" ObjAufnahme="1997-11-19" ObjLetztKontakt="1997-11-19" ObjStrasseID="7398" ObjHausnummer="Linsingenstraße 21" ObjVorlage="2013-09-11 00:00:00.0" ObKeinKontakt="1" ObjArtID="1" Merkmal="0.0" ObjInfo="Spar- und Bauverein Hannover"/>
  <Objekte ObjID="5786" ObjAufnahme="1997-11-19" ObjLetztKontakt="1997-11-19" ObjStrasseID="7398" ObjHausnummer="Linsingenstraße 21A" ObjVorlage="2013-09-11 00:00:00.0" ObKeinKontakt="1" ObjArtID="1" Merkmal="0.0" ObjInfo="Spar- und Bauverein Hannover"/>
  <Objekte ObjID="5787" ObjAufnahme="1997-11-19" ObjLetztKontakt="1997-11-19" ObjStrasseID="7398" ObjHausnummer="Linsingenstraße 21B" ObjVorlage="2013-09-11 00:00:00.0" ObKeinKontakt="1" ObjArtID="1" Merkmal="0.0" ObjInfo="Spar- und Bauverein Hannover"/>
  <Objekte ObjID="5788" ObjAufnahme="1997-11-19" ObjLetztKontakt="1997-11-19" ObjStrasseID="7398" ObjHausnummer="Linsingenstraße 25" ObjVorlage="2013-09-11 00:00:00.0" ObKeinKontakt="1" ObjArtID="1" Merkmal="0.0" ObjInfo="Spar- und Bauverein Hannover"/>
  <Objekte ObjID="5789" ObjAufnahme="1997-11-19" ObjLetztKontakt="1997-11-19" ObjStrasseID="7398" ObjHausnummer="Linsingenstraße 27" ObjVorlage="2013-09-11 00:00:00.0" ObKeinKontakt="1" ObjArtID="1" Merkmal="0.0" ObjInfo="Spar- und Bauverein Hannover"/>
  <Objekte ObjID="5790" ObjAufnahme="1997-11-19" ObjLetztKontakt="1997-11-19" ObjStrasseID="7398" ObjHausnummer="Linsingenstraße 29" ObjVorlage="2013-09-11 00:00:00.0" ObKeinKontakt="1" ObjArtID="1" Merkmal="0.0" ObjInfo="Spar- und Bauverein Hannover"/>
  <Objekte ObjID="5791" ObjAufnahme="1997-11-19" ObjLetztKontakt="1997-11-19" ObjStrasseID="7398" ObjHausnummer="Linsingenstraße 31" ObjVorlage="2013-09-11 00:00:00.0" ObKeinKontakt="1" ObjArtID="1" Merkmal="0.0" ObjInfo="Spar- und Bauverein Hannover"/>
  <Objekte ObjID="5792" ObjAufnahme="1997-11-19" ObjLetztKontakt="1997-11-19" ObjStrasseID="7398" ObjHausnummer="Linsingenstraße 31A" ObjVorlage="2013-09-11 00:00:00.0" ObKeinKontakt="1" ObjArtID="1" Merkmal="0.0" ObjInfo="Spar- und Bauverein Hannover"/>
  <Objekte ObjID="5793" ObjAufnahme="1997-11-19" ObjLetztKontakt="1997-11-19" ObjStrasseID="7398" ObjHausnummer="Linsingenstraße 31B" ObjVorlage="2013-09-11 00:00:00.0" ObKeinKontakt="1" ObjArtID="1" Merkmal="0.0" ObjInfo="Spar- und Bauverein Hannover"/>
  <Objekte ObjID="5794" ObjAufnahme="1997-11-19" ObjLetztKontakt="1997-11-19" ObjStrasseID="7398" ObjHausnummer="Linsingenstraße 33" ObjVorlage="2013-09-11 00:00:00.0" ObKeinKontakt="1" ObjArtID="1" Merkmal="0.0" ObjInfo="Spar- und Bauverein Hannover"/>
  <Objekte ObjID="5795" ObjAufnahme="1997-11-19" ObjLetztKontakt="1997-11-19" ObjStrasseID="7398" ObjHausnummer="Linsingenstraße 35" ObjVorlage="2013-09-11 00:00:00.0" ObKeinKontakt="1" ObjArtID="1" Merkmal="0.0" ObjInfo="Spar- und Bauverein Hannover"/>
  <Objekte ObjID="5796" ObjAufnahme="1997-11-19" ObjLetztKontakt="1997-11-19" ObjStrasseID="7398" ObjHausnummer="Linsingenstraße 37" ObjVorlage="2013-09-11 00:00:00.0" ObKeinKontakt="1" ObjArtID="1" Merkmal="0.0" ObjInfo="Spar- und Bauverein Hannover"/>
  <Objekte ObjID="5798" ObjAufnahme="1997-11-19" ObjLetztKontakt="1997-11-19" ObjStrasseID="7466" ObjHausnummer="Malagaweg 1" ObjVorlage="2013-09-11 00:00:00.0" ObKeinKontakt="1" ObjArtID="98" Merkmal="0.0" ObjInfo="[ Eigentümergemeinschaft ]"/>
  <Objekte ObjID="5799" ObjAufnahme="1997-11-19" ObjLetztKontakt="1997-11-19" ObjStrasseID="7466" ObjHausnummer="Malagaweg 2" ObjVorlage="2013-09-11 00:00:00.0" ObKeinKontakt="1" ObjArtID="1" Merkmal="0.0" ObjInfo="[ Wohnungsgenossenschaft- Kleefeld- Buchholz, Berckhusenstr. 16, 30625 Hannover ]"/>
  <Objekte ObjID="5800" ObjAufnahme="1997-11-19" ObjLetztKontakt="1997-11-19" ObjStrasseID="7466" ObjHausnummer="Malagaweg 3" ObjVorlage="2013-09-11 00:00:00.0" ObKeinKontakt="1" ObjArtID="1" Merkmal="0.0" ObjInfo="[ Eigentümergemeinschaft ]"/>
  <Objekte ObjID="5801" ObjAufnahme="1997-11-19" ObjLetztKontakt="1997-11-19" ObjStrasseID="7466" ObjHausnummer="Malagaweg 4" ObjVorlage="2013-09-11 00:00:00.0" ObKeinKontakt="1" ObjArtID="1" Merkmal="0.0" ObjInfo="[ Wohnungsgenossenschaft- Kleefeld- Buchholz, Berckhusenstr. 16, 30625 Hannover ]"/>
  <Objekte ObjID="5802" ObjAufnahme="1997-11-19" ObjLetztKontakt="1997-11-19" ObjStrasseID="7466" ObjHausnummer="Malagaweg 5" ObjVorlage="2013-09-11 00:00:00.0" ObKeinKontakt="1" ObjArtID="1" Merkmal="0.0" ObjInfo="[ Wohnungsgenossenschaft- Kleefeld- Buchholz, Berckhusenstr. 16, 30625 Hannover ]"/>
  <Objekte ObjID="5803" ObjAufnahme="1997-11-19" ObjLetztKontakt="1997-11-19" ObjStrasseID="7466" ObjHausnummer="Malagaweg 6" ObjVorlage="2013-09-11 00:00:00.0" ObKeinKontakt="1" ObjArtID="1" Merkmal="0.0" ObjInfo="[ Wohnungsgenossenschaft- Kleefeld- Buchholz, Berckhusenstr. 16, 30625 Hannover ]"/>
  <Objekte ObjID="5804" ObjAufnahme="1997-11-19" ObjLetztKontakt="1997-11-19" ObjStrasseID="7466" ObjHausnummer="Malagaweg 7" ObjVorlage="2013-09-11 00:00:00.0" ObKeinKontakt="1" ObjArtID="1" Merkmal="0.0" ObjInfo="[ Wohnungsgenossenschaft- Kleefeld- Buchholz, Berckhusenstr. 16, 30625 Hannover ]"/>
  <Objekte ObjID="5805" ObjAufnahme="1997-11-19" ObjLetztKontakt="1997-11-19" ObjStrasseID="7466" ObjHausnummer="Malagaweg 8" ObjVorlage="2013-09-11 00:00:00.0" ObKeinKontakt="1" ObjArtID="1" Merkmal="0.0" ObjInfo="[ Wohnungsgenossenschaft- Kleefeld- Buchholz, Berckhusenstr. 16, 30625 Hannover ]"/>
  <Objekte ObjID="5806" ObjAufnahme="1997-11-19" ObjLetztKontakt="1997-11-19" ObjStrasseID="7466" ObjHausnummer="Malagaweg 9" ObjVorlage="2013-09-11 00:00:00.0" ObKeinKontakt="1" ObjArtID="1" Merkmal="0.0" ObjInfo="[ Wohnungsgenossenschaft- Kleefeld- Buchholz, Berckhusenstr. 16, 30625 Hannover ]"/>
  <Objekte ObjID="5807" ObjAufnahme="1997-11-19" ObjLetztKontakt="1997-11-19" ObjStrasseID="7466" ObjHausnummer="Malagaweg 10" ObjVorlage="2013-09-11 00:00:00.0" ObKeinKontakt="1" ObjArtID="1" Merkmal="0.0" ObjInfo="[ Wohnungsgenossenschaft- Kleefeld- Buchholz, Berckhusenstr. 16, 30625 Hannover ]"/>
  <Objekte ObjID="5808" ObjAufnahme="1997-11-19" ObjLetztKontakt="1997-11-19" ObjStrasseID="7466" ObjHausnummer="Malagaweg 11" ObjVorlage="2013-09-11 00:00:00.0" ObKeinKontakt="1" ObjArtID="1" Merkmal="0.0" ObjInfo="[ Wohnungsgenossenschaft- Kleefeld- Buchholz, Berckhusenstr. 16, 30625 Hannover ]"/>
  <Objekte ObjID="5809" ObjAufnahme="1997-11-19" ObjLetztKontakt="1997-11-19" ObjStrasseID="7466" ObjHausnummer="Malagaweg 12" ObjVorlage="2013-09-11 00:00:00.0" ObKeinKontakt="1" ObjArtID="1" Merkmal="0.0" ObjInfo="[ Wohnungsgenossenschaft- Kleefeld- Buchholz, Berckhusenstr. 16, 30625 Hannover ]"/>
  <Objekte ObjID="5810" ObjAufnahme="1997-11-19" ObjLetztKontakt="1997-11-19" ObjStrasseID="7466" ObjHausnummer="Malagaweg 13" ObjVorlage="2013-09-11 00:00:00.0" ObKeinKontakt="1" ObjArtID="1" Merkmal="0.0" ObjInfo="[ Wohnungsgenossenschaft- Kleefeld- Buchholz, Berckhusenstr. 16, 30625 Hannover ]"/>
  <Objekte ObjID="5811" ObjAufnahme="1997-11-19" ObjLetztKontakt="1997-11-19" ObjStrasseID="7466" ObjHausnummer="Malagaweg 14" ObjVorlage="2013-09-11 00:00:00.0" ObKeinKontakt="1" ObjArtID="1" Merkmal="0.0" ObjInfo="[ Wohnungsgenossenschaft- Kleefeld- Buchholz, Berckhusenstr. 16, 30625 Hannover ]"/>
  <Objekte ObjID="5812" ObjAufnahme="1997-11-19" ObjLetztKontakt="1997-11-19" ObjStrasseID="7466" ObjHausnummer="Malagaweg 18" ObjVorlage="2013-09-11 00:00:00.0" ObKeinKontakt="1" ObjArtID="1" Merkmal="0.0" ObjInfo="[ Wohnungsgenossenschaft- Kleefeld- Buchholz, Berckhusenstr. 16, 30625 Hannover ]"/>
  <Objekte ObjID="5813" ObjAufnahme="1997-11-19" ObjLetztKontakt="1997-11-19" ObjStrasseID="7466" ObjHausnummer="Malagaweg 20" ObjVorlage="2013-09-11 00:00:00.0" ObKeinKontakt="1" ObjArtID="1" Merkmal="0.0" ObjInfo="[ Spar- und Bauverein, Hannover ]"/>
  <Objekte ObjID="5814" ObjAufnahme="1997-11-19" ObjLetztKontakt="1997-11-19" ObjStrasseID="7553" ObjHausnummer="Möckernstraße 2" ObjVorlage="2013-09-11 00:00:00.0" ObKeinKontakt="1" ObjArtID="1" Merkmal="0.0" ObjInfo="[ Evtl. Herr Schade, i.H. ]"/>
  <Objekte ObjID="5815" ObjAufnahme="1997-11-19" ObjLetztKontakt="1997-11-19" ObjStrasseID="7553" ObjHausnummer="Möckernstraße 3" ObjVorlage="2013-09-11 00:00:00.0" ObKeinKontakt="1" ObjArtID="1" Merkmal="0.0" ObjInfo="[ Herr H. Gunkel, i.H.]"/>
  <Objekte ObjID="5816" ObjAufnahme="1997-11-19" ObjLetztKontakt="1997-11-19" ObjStrasseID="7553" ObjHausnummer="Möckernstraße 4" ObjVorlage="2013-09-11 00:00:00.0" ObKeinKontakt="1" ObjArtID="1" Merkmal="0.0" ObjInfo="[ Herr Schulze ]"/>
  <Objekte ObjID="5817" ObjAufnahme="1997-11-19" ObjLetztKontakt="1997-11-19" ObjStrasseID="7553" ObjHausnummer="Möckernstraße 5" ObjVorlage="2013-09-11 00:00:00.0" ObKeinKontakt="1" ObjArtID="1" Merkmal="0.0" ObjInfo="[ Allianz Vers. AG ]"/>
  <Objekte ObjID="5818" ObjAufnahme="1997-11-19" ObjLetztKontakt="1997-11-19" ObjStrasseID="7553" ObjHausnummer="Möckernstraße 6" ObjVorlage="2013-09-11 00:00:00.0" ObKeinKontakt="1" ObjArtID="1" Merkmal="0.0" ObjInfo="[ Frau I. Müller- Tomfelde ]"/>
  <Objekte ObjID="5819" ObjAufnahme="1997-11-19" ObjLetztKontakt="1997-11-19" ObjStrasseID="7553" ObjHausnummer="Möckernstraße 7" ObjVorlage="2013-09-11 00:00:00.0" ObKeinKontakt="1" ObjArtID="1" Merkmal="0.0" ObjInfo="[ Frau M. Burmann ]"/>
  <Objekte ObjID="5820" ObjAufnahme="1997-11-19" ObjLetztKontakt="1997-11-19" ObjStrasseID="7553" ObjHausnummer="Möckernstraße 10" ObjVorlage="2013-09-11 00:00:00.0" ObKeinKontakt="1" ObjArtID="1" Merkmal="0.0" ObjInfo="[ Herr P. Tölke, An der Tiefenriede 15, Hannover]"/>
  <Objekte ObjID="5821" ObjAufnahme="1997-11-19" ObjLetztKontakt="1997-11-19" ObjStrasseID="7553" ObjHausnummer="Möckernstraße 11" ObjVorlage="2013-09-11 00:00:00.0" ObKeinKontakt="1" ObjArtID="1" Merkmal="0.0" ObjInfo="[ Wohnbau GmbH, Kohlenzerstr. 84, Bonn ]"/>
  <Objekte ObjID="5822" ObjAufnahme="1997-11-19" ObjLetztKontakt="1997-11-19" ObjStrasseID="7553" ObjHausnummer="Möckernstraße 12" ObjVorlage="2013-09-11 00:00:00.0" ObKeinKontakt="1" ObjArtID="1" Merkmal="0.0" ObjInfo="[ Wohnbau GmbH, Kohlenzerstr. 84, Bonn ]"/>
  <Objekte ObjID="5823" ObjAufnahme="1997-11-19" ObjLetztKontakt="1997-11-19" ObjStrasseID="7553" ObjHausnummer="Möckernstraße 13" ObjVorlage="2013-09-11 00:00:00.0" ObKeinKontakt="1" ObjArtID="1" Merkmal="0.0" ObjInfo="[ Wohnbau GmbH, Kohlenzerstr. 84, Bonn ]"/>
  <Objekte ObjID="5824" ObjAufnahme="1997-11-19" ObjLetztKontakt="1997-11-19" ObjStrasseID="7553" ObjHausnummer="Möckernstraße 14" ObjVorlage="2013-09-11 00:00:00.0" ObKeinKontakt="1" ObjArtID="1" Merkmal="0.0" ObjInfo="[ Wohnbau GmbH, Kohlenzerstr. 84, Bonn ]"/>
  <Objekte ObjID="5825" ObjAufnahme="1997-11-19" ObjLetztKontakt="1997-11-19" ObjStrasseID="7553" ObjHausnummer="Möckernstraße 15" ObjVorlage="2013-09-11 00:00:00.0" ObKeinKontakt="1" ObjArtID="1" Merkmal="0.0" ObjInfo="[ Wohnbau GmbH, Kohlenzerstr. 84, Bonn ]"/>
  <Objekte ObjID="5826" ObjAufnahme="1997-11-19" ObjLetztKontakt="1997-11-19" ObjStrasseID="7553" ObjHausnummer="Möckernstraße 16" ObjVorlage="2013-09-11 00:00:00.0" ObKeinKontakt="1" ObjArtID="1" Merkmal="0.0" ObjInfo="[ Herr H. Homes, Möckernstr. 17, 30163 Hannover ]"/>
  <Objekte ObjID="5827" ObjAufnahme="1997-11-19" ObjLetztKontakt="1997-11-19" ObjStrasseID="7553" ObjHausnummer="Möckernstraße 17" ObjVorlage="2013-09-11 00:00:00.0" ObKeinKontakt="1" ObjArtID="1" Merkmal="0.0" ObjInfo="[ Herr H. Homes, Möckernstr. 17, 30163 Hannover ]"/>
  <Objekte ObjID="5828" ObjAufnahme="1997-11-19" ObjLetztKontakt="1997-11-19" ObjStrasseID="7553" ObjHausnummer="Möckernstraße 18" ObjVorlage="2013-09-11 00:00:00.0" ObKeinKontakt="1" ObjArtID="1" Merkmal="0.0" ObjInfo="[ Gemeinnützige Dt. Wohnungsbaugesellschaft mbH, Lavesstr. 62, 30159 Hannover ]"/>
  <Objekte ObjID="5829" ObjAufnahme="1997-11-19" ObjLetztKontakt="1997-11-19" ObjStrasseID="7553" ObjHausnummer="Möckernstraße 19" ObjVorlage="2013-09-11 00:00:00.0" ObKeinKontakt="1" ObjArtID="1" Merkmal="0.0" ObjInfo="[ Gemeinnützige Dt. Wohnungsbaugesellschaft mbH, Lavesstr. 62, 30159 Hannover ]"/>
  <Objekte ObjID="5830" ObjAufnahme="1997-11-19" ObjLetztKontakt="1997-11-19" ObjStrasseID="7553" ObjHausnummer="Möckernstraße 23" ObjVorlage="2013-09-11 00:00:00.0" ObKeinKontakt="1" ObjArtID="1" Merkmal="0.0" ObjInfo="[ Ärzteversorgung Niedersachsen, Berliner Allee, 30175 Hannover ]&#xD;&#xA;wird unter scout52182782 inseriert"/>
  <Objekte ObjID="5831" ObjAufnahme="1997-11-19" ObjLetztKontakt="1997-11-19" ObjStrasseID="7553" ObjHausnummer="Möckernstraße 24" ObjVorlage="2013-09-11 00:00:00.0" ObKeinKontakt="1" ObjArtID="1" Merkmal="0.0" ObjInfo="[ Ärzteversorgung Niedersachsen, Berliner Allee, 30175 Hannover ]"/>
  <Objekte ObjID="5832" ObjAufnahme="1997-11-19" ObjLetztKontakt="1997-11-19" ObjStrasseID="7553" ObjHausnummer="Möckernstraße 25" ObjVorlage="2013-09-11 00:00:00.0" ObKeinKontakt="1" ObjArtID="1" Merkmal="0.0" ObjInfo="[ Ärzteversorgung Niedersachsen, Berliner Allee, 30175 Hannover ]"/>
  <Objekte ObjID="5833" ObjAufnahme="1997-11-19" ObjLetztKontakt="1997-11-19" ObjStrasseID="7635" ObjHausnummer="Niedersachsenring 13" ObjVorlage="2013-09-11 00:00:00.0" ObKeinKontakt="1" ObjArtID="1" Merkmal="0.0" ObjInfo="[ R+V Lebensversicherungen AG, 0611/ 533- 0 ]"/>
  <Objekte ObjID="5834" ObjAufnahme="1997-11-19" ObjLetztKontakt="1997-11-19" ObjStrasseID="7635" ObjHausnummer="Niedersachsenring 14" ObjVorlage="2013-09-11 00:00:00.0" ObKeinKontakt="1" ObjArtID="1" Merkmal="0.0" ObjInfo="[ Spar- und Bauverein ]"/>
  <Objekte ObjID="5835" ObjAufnahme="1997-11-19" ObjLetztKontakt="1997-11-19" ObjStrasseID="7635" ObjHausnummer="Niedersachsenring 16" ObjVorlage="2013-09-11 00:00:00.0" ObKeinKontakt="1" ObjArtID="1" Merkmal="0.0" ObjInfo="[ Spar- und Bauverein ]"/>
  <Objekte ObjID="5836" ObjAufnahme="1997-11-19" ObjLetztKontakt="1997-11-19" ObjStrasseID="7635" ObjHausnummer="Niedersachsenring 18" ObjVorlage="2013-09-11 00:00:00.0" ObKeinKontakt="1" ObjArtID="1" Merkmal="0.0" ObjInfo="[ Spar- und Bauverein ]"/>
  <Objekte ObjID="5837" ObjAufnahme="1997-11-19" ObjLetztKontakt="1997-11-19" ObjStrasseID="7635" ObjHausnummer="Niedersachsenring 20" ObjVorlage="2013-09-11 00:00:00.0" ObKeinKontakt="1" ObjArtID="1" Merkmal="0.0" ObjInfo="[ Spar- und Bauverein ]"/>
  <Objekte ObjID="5838" ObjAufnahme="1997-11-19" ObjLetztKontakt="1997-11-19" ObjStrasseID="7635" ObjHausnummer="Niedersachsenring 22" ObjVorlage="2013-09-11 00:00:00.0" ObKeinKontakt="1" ObjArtID="1" Merkmal="0.0" ObjInfo="[ Frau Ilse Pornitz, Birkenweg 13 a, HAnnover- Gehrden, 05108/ 5882 ]"/>
  <Objekte ObjID="5839" ObjAufnahme="1997-11-19" ObjLetztKontakt="1997-11-19" ObjStrasseID="7635" ObjHausnummer="Niedersachsenring 24" ObjVorlage="2013-09-11 00:00:00.0" ObKeinKontakt="1" ObjArtID="117" Merkmal="0.0" ObjInfo="[ A. Baum, H. Hennings, Heinrichstr. 7, Hannover ]"/>
  <Objekte ObjID="5840" ObjAufnahme="1997-11-19" ObjLetztKontakt="1997-11-19" ObjStrasseID="7635" ObjHausnummer="Niedersachsenring 25" ObjVorlage="2013-09-11 00:00:00.0" ObKeinKontakt="1" ObjArtID="1" Merkmal="0.0" ObjInfo="[ Hausverwaltung ]"/>
  <Objekte ObjID="5841" ObjAufnahme="1997-11-19" ObjLetztKontakt="1997-11-19" ObjStrasseID="7635" ObjHausnummer="Niedersachsenring 26" ObjVorlage="2013-09-11 00:00:00.0" ObKeinKontakt="1" ObjArtID="1" Merkmal="0.0" ObjInfo="[ A. Franke, H. Krüger )"/>
  <Objekte ObjID="5842" ObjAufnahme="1997-11-19" ObjLetztKontakt="1997-11-19" ObjStrasseID="7635" ObjHausnummer="Niedersachsenring 27" ObjVorlage="2013-09-11 00:00:00.0" ObKeinKontakt="1" ObjArtID="1" Merkmal="0.0" ObjInfo="[ Herr Ganswind, Isernhagen, 0511/ 650803 ]"/>
  <Objekte ObjID="5843" ObjAufnahme="1997-11-19" ObjLetztKontakt="1997-11-19" ObjStrasseID="7635" ObjHausnummer="Niedersachsenring 28" ObjVorlage="2013-09-11 00:00:00.0" ObKeinKontakt="1" ObjArtID="1" Merkmal="0.0" ObjInfo="[ G. Berg, E. Büscher ]"/>
  <Objekte ObjID="5844" ObjAufnahme="1997-11-19" ObjLetztKontakt="1997-11-19" ObjStrasseID="7635" ObjHausnummer="Niedersachsenring 29" ObjVorlage="2013-09-11 00:00:00.0" ObKeinKontakt="1" ObjArtID="1" Merkmal="0.0" ObjInfo="( Herr Ganswind ]"/>
  <Objekte ObjID="5845" ObjAufnahme="1997-11-19" ObjLetztKontakt="1997-11-19" ObjStrasseID="7635" ObjHausnummer="Niedersachsenring 31" ObjVorlage="2013-09-11 00:00:00.0" ObKeinKontakt="1" ObjArtID="1" Merkmal="0.0" ObjInfo="[ Herr Ganswind ]"/>
  <Objekte ObjID="5846" ObjAufnahme="1997-11-19" ObjLetztKontakt="1997-11-19" ObjStrasseID="7635" ObjHausnummer="Niedersachsenring 33" ObjVorlage="2013-09-11 00:00:00.0" ObKeinKontakt="1" ObjArtID="1" Merkmal="0.0" ObjInfo="[ Herr Ganswind )"/>
  <Objekte ObjID="5847" ObjAufnahme="1997-11-19" ObjLetztKontakt="1997-11-19" ObjStrasseID="7635" ObjHausnummer="Niedersachsenring 33A" ObjVorlage="2013-09-11 00:00:00.0" ObKeinKontakt="1" ObjArtID="1" Merkmal="0.0" ObjInfo="[ Herr Wierig, Sedanstr. 54, 30161 Hannover, 0511/ 3481516 ]"/>
  <Objekte ObjID="5848" ObjAufnahme="1997-11-19" ObjLetztKontakt="1997-11-19" ObjStrasseID="7635" ObjHausnummer="Niedersachsenring 35" ObjVorlage="2013-09-11 00:00:00.0" ObKeinKontakt="1" ObjArtID="1" Merkmal="0.0" ObjInfo="[ Spar- und Bauverein ]"/>
  <Objekte ObjID="5849" ObjAufnahme="1997-11-19" ObjLetztKontakt="1997-11-19" ObjStrasseID="7635" ObjHausnummer="Niedersachsenring 37" ObjVorlage="2013-09-11 00:00:00.0" ObKeinKontakt="1" ObjArtID="1" Merkmal="0.0" ObjInfo="[ Spar- und Bauverein ]"/>
  <Objekte ObjID="5850" ObjAufnahme="1997-11-19" ObjLetztKontakt="1997-11-19" ObjStrasseID="7635" ObjHausnummer="Niedersachsenring 39" ObjVorlage="2013-09-11 00:00:00.0" ObKeinKontakt="1" ObjArtID="1" Merkmal="0.0" ObjInfo="[ Spar- und Bauverein ]"/>
  <Objekte ObjID="5851" ObjAufnahme="1997-11-19" ObjLetztKontakt="1997-11-19" ObjStrasseID="7635" ObjHausnummer="Niedersachsenring 41" ObjVorlage="2013-09-11 00:00:00.0" ObKeinKontakt="1" ObjArtID="1" Merkmal="0.0" ObjInfo="[ Spar- und Bauverein ]"/>
  <Objekte ObjID="5852" ObjAufnahme="1997-11-19" ObjLetztKontakt="1997-11-19" ObjStrasseID="7649" ObjHausnummer="Norderneyer Weg 1" ObjVorlage="2013-09-11 00:00:00.0" ObKeinKontakt="1" ObjArtID="1" Merkmal="0.0" ObjInfo="[ Wohnungsbau Niedersachsen GmbH, Königstr. 9, 30175 Hannover, 0511/ 3484512, Herr Pahl ]"/>
  <Objekte ObjID="5853" ObjAufnahme="1997-11-19" ObjLetztKontakt="1997-11-19" ObjStrasseID="7649" ObjHausnummer="Norderneyer Weg 2" ObjVorlage="2013-09-11 00:00:00.0" ObKeinKontakt="1" ObjArtID="1" Merkmal="0.0" ObjInfo="[ Wohnungsbau Niedersachsen GmbH, Königstr. 9, 30175 Hannover, 0511/ 3484512, Herr Pahl ]"/>
  <Objekte ObjID="5854" ObjAufnahme="1997-11-19" ObjLetztKontakt="1997-11-19" ObjStrasseID="7649" ObjHausnummer="Norderneyer Weg 3" ObjVorlage="2013-09-11 00:00:00.0" ObKeinKontakt="1" ObjArtID="1" Merkmal="0.0" ObjInfo="[ Wohnungsbau Niedersachsen GmbH, Königstr. 9, 30175 Hannover, 0511/ 3484512, Herr Pahl ]"/>
  <Objekte ObjID="5855" ObjAufnahme="1997-11-19" ObjLetztKontakt="1997-11-19" ObjStrasseID="7649" ObjHausnummer="Norderneyer Weg 4" ObjVorlage="2013-09-11 00:00:00.0" ObKeinKontakt="1" ObjArtID="1" Merkmal="0.0" ObjInfo="[ Wohnungsbau Niedersachsen GmbH, Königstr. 9, 30175 Hannover, 0511/ 3484512, Herr Pahl ]"/>
  <Objekte ObjID="5856" ObjAufnahme="1997-11-19" ObjLetztKontakt="1997-11-19" ObjStrasseID="7649" ObjHausnummer="Norderneyer Weg 5" ObjVorlage="2013-09-11 00:00:00.0" ObKeinKontakt="1" ObjArtID="1" Merkmal="0.0" ObjInfo="[ Wohnungsbau Niedersachsen GmbH, Königstr. 9, 30175 Hannover, 0511/ 3484512, Herr Pahl ]"/>
  <Objekte ObjID="5857" ObjAufnahme="1997-11-19" ObjLetztKontakt="1997-11-19" ObjStrasseID="7649" ObjHausnummer="Norderneyer Weg 6" ObjVorlage="2013-09-11 00:00:00.0" ObKeinKontakt="1" ObjArtID="1" Merkmal="0.0" ObjInfo="[ Wohnungsbau Niedersachsen GmbH, Königstr. 9, 30175 Hannover, 0511/ 3484512, Herr Pahl ]"/>
  <Objekte ObjID="5858" ObjAufnahme="1997-11-19" ObjLetztKontakt="1997-11-19" ObjStrasseID="7649" ObjHausnummer="Norderneyer Weg 7" ObjVorlage="2013-09-11 00:00:00.0" ObKeinKontakt="1" ObjArtID="1" Merkmal="0.0" ObjInfo="[ Wohnungsbau Niedersachsen GmbH, Königstr. 9, 30175 Hannover, 0511/ 3484512, Herr Pahl ]"/>
  <Objekte ObjID="5859" ObjAufnahme="1997-11-19" ObjLetztKontakt="1997-11-19" ObjStrasseID="7649" ObjHausnummer="Norderneyer Weg 8" ObjVorlage="2013-09-11 00:00:00.0" ObKeinKontakt="1" ObjArtID="1" Merkmal="0.0" ObjInfo="[ Wohnungsbau Niedersachsen GmbH, Königstr. 9, 30175 Hannover, 0511/ 3484512, Herr Pahl ]"/>
  <Objekte ObjID="5860" ObjAufnahme="1997-11-19" ObjLetztKontakt="1997-11-19" ObjStrasseID="7649" ObjHausnummer="Norderneyer Weg 9" ObjVorlage="2013-09-11 00:00:00.0" ObKeinKontakt="1" ObjArtID="1" Merkmal="0.0" ObjInfo="[ Wohnungsbau Niedersachsen GmbH, Königstr. 9, 30175 Hannover, 0511/ 3484512, Herr Pahl ]"/>
  <Objekte ObjID="5861" ObjAufnahme="1997-11-19" ObjLetztKontakt="1997-11-19" ObjStrasseID="7735" ObjHausnummer="Parsevalstraße 2" ObjVorlage="2013-09-11 00:00:00.0" ObKeinKontakt="1" ObjArtID="1" Merkmal="0.0" ObjInfo="[ Allianz AG ]"/>
  <Objekte ObjID="5862" ObjAufnahme="1997-11-19" ObjLetztKontakt="1997-11-19" ObjStrasseID="7735" ObjHausnummer="Parsevalstraße 6" ObjVorlage="2013-09-11 00:00:00.0" ObKeinKontakt="1" ObjArtID="1" Merkmal="0.0" ObjInfo="[ Spar- und Bauverein ]"/>
  <Objekte ObjID="5863" ObjAufnahme="1997-11-19" ObjLetztKontakt="1997-11-19" ObjStrasseID="7735" ObjHausnummer="Parsevalstraße 6A" ObjVorlage="2013-09-11 00:00:00.0" ObKeinKontakt="1" ObjArtID="1" Merkmal="0.0" ObjInfo="[ Spar- und Bauverein ]"/>
  <Objekte ObjID="5864" ObjAufnahme="1997-11-19" ObjLetztKontakt="1997-11-19" ObjStrasseID="7735" ObjHausnummer="Parsevalstraße 6B" ObjVorlage="2013-09-11 00:00:00.0" ObKeinKontakt="1" ObjArtID="1" Merkmal="0.0" ObjInfo="[ Spar- und Bauverein ]"/>
  <Objekte ObjID="5865" ObjAufnahme="1997-11-19" ObjLetztKontakt="1997-11-19" ObjStrasseID="7735" ObjHausnummer="Parsevalstraße 6C" ObjVorlage="2013-09-11 00:00:00.0" ObKeinKontakt="1" ObjArtID="1" Merkmal="0.0" ObjInfo="[ Spar- und Bauverein ]"/>
  <Objekte ObjID="5866" ObjAufnahme="1997-11-19" ObjLetztKontakt="1997-11-19" ObjStrasseID="7735" ObjHausnummer="Parsevalstraße 8" ObjVorlage="2013-09-11 00:00:00.0" ObKeinKontakt="1" ObjArtID="1" Merkmal="0.0" ObjInfo="[ Spar- und Bauverein ]"/>
  <Objekte ObjID="5867" ObjAufnahme="1997-11-19" ObjLetztKontakt="1997-11-19" ObjStrasseID="7735" ObjHausnummer="Parsevalstraße 8A" ObjVorlage="2013-09-11 00:00:00.0" ObKeinKontakt="1" ObjArtID="1" Merkmal="0.0" ObjInfo="[ Spar- und Bauverein ]"/>
  <Objekte ObjID="5868" ObjAufnahme="1997-11-19" ObjLetztKontakt="1997-11-19" ObjStrasseID="7735" ObjHausnummer="Parsevalstraße 8B" ObjVorlage="2013-09-11 00:00:00.0" ObKeinKontakt="1" ObjArtID="1" Merkmal="0.0" ObjInfo="[ Spar- und Bauverein ]"/>
  <Objekte ObjID="5869" ObjAufnahme="1997-11-19" ObjLetztKontakt="1997-11-19" ObjStrasseID="7735" ObjHausnummer="Parsevalstraße 8C" ObjVorlage="2013-09-11 00:00:00.0" ObKeinKontakt="1" ObjArtID="1" Merkmal="0.0" ObjInfo="[ Spar- und Bauverein ]"/>
  <Objekte ObjID="5870" ObjAufnahme="1997-11-19" ObjLetztKontakt="1997-11-19" ObjStrasseID="7735" ObjHausnummer="Parsevalstraße 10" ObjVorlage="2013-09-11 00:00:00.0" ObKeinKontakt="1" ObjArtID="1" Merkmal="0.0" ObjInfo="[ Spar- und Bauverein ]"/>
  <Objekte ObjID="5871" ObjAufnahme="1997-11-19" ObjLetztKontakt="1997-11-19" ObjStrasseID="7735" ObjHausnummer="Parsevalstraße 10A" ObjVorlage="2013-09-11 00:00:00.0" ObKeinKontakt="1" ObjArtID="1" Merkmal="0.0" ObjInfo="[ Spar- und Bauverein ]"/>
  <Objekte ObjID="5872" ObjAufnahme="1997-11-19" ObjLetztKontakt="1997-11-19" ObjStrasseID="7735" ObjHausnummer="Parsevalstraße 10C" ObjVorlage="2013-09-11 00:00:00.0" ObKeinKontakt="1" ObjArtID="1" Merkmal="0.0" ObjInfo="[ Spar- und Bauverein ]"/>
  <Objekte ObjID="5873" ObjAufnahme="1997-11-19" ObjLetztKontakt="1997-11-19" ObjStrasseID="7735" ObjHausnummer="Parsevalstraße 10B" ObjVorlage="2013-09-11 00:00:00.0" ObKeinKontakt="1" ObjArtID="1" Merkmal="0.0" ObjInfo="[ Spar- und Bauverein ]"/>
  <Objekte ObjID="5874" ObjAufnahme="1997-11-19" ObjLetztKontakt="1997-11-19" ObjStrasseID="7735" ObjHausnummer="Parsevalstraße 4" ObjVorlage="2013-09-11 00:00:00.0" ObKeinKontakt="1" ObjArtID="1" Merkmal="0.0" ObjInfo="[ Allianz Versicherungs AG ]"/>
  <Objekte ObjID="5875" ObjAufnahme="1997-11-19" ObjLetztKontakt="1997-11-19" ObjStrasseID="7735" ObjHausnummer="Parsevalstraße 3" ObjVorlage="2013-09-11 00:00:00.0" ObKeinKontakt="1" ObjArtID="1" Merkmal="0.0" ObjInfo="[ Spar- und Bauverein ]"/>
  <Objekte ObjID="5876" ObjAufnahme="1997-11-19" ObjLetztKontakt="1997-11-19" ObjStrasseID="7735" ObjHausnummer="Parsevalstraße 5" ObjVorlage="2013-09-11 00:00:00.0" ObKeinKontakt="1" ObjArtID="1" Merkmal="0.0" ObjInfo="[ Spar- und Bauverein ]"/>
  <Objekte ObjID="5877" ObjAufnahme="1997-11-19" ObjLetztKontakt="1997-11-19" ObjStrasseID="7735" ObjHausnummer="Parsevalstraße 7" ObjVorlage="2013-09-11 00:00:00.0" ObKeinKontakt="1" ObjArtID="1" Merkmal="0.0" ObjInfo="[ Spar- und Bauverein ]"/>
  <Objekte ObjID="5878" ObjAufnahme="1997-11-19" ObjLetztKontakt="1997-11-19" ObjStrasseID="7735" ObjHausnummer="Parsevalstraße 9" ObjVorlage="2013-09-11 00:00:00.0" ObKeinKontakt="1" ObjArtID="1" Merkmal="0.0" ObjInfo="[ Spar- und Bauverein ]"/>
  <Objekte ObjID="5879" ObjAufnahme="1997-11-19" ObjLetztKontakt="1997-11-19" ObjStrasseID="7735" ObjHausnummer="Parsevalstraße 11" ObjVorlage="2013-09-11 00:00:00.0" ObKeinKontakt="1" ObjArtID="1" Merkmal="0.0" ObjInfo="[ Spar- und Bauverein ]"/>
  <Objekte ObjID="5880" ObjAufnahme="1997-11-19" ObjLetztKontakt="1997-11-19" ObjStrasseID="7735" ObjHausnummer="Parsevalstraße 13" ObjVorlage="2013-09-11 00:00:00.0" ObKeinKontakt="1" ObjArtID="1" Merkmal="0.0" ObjInfo="[ Spar- und Bauverein ]"/>
  <Objekte ObjID="5881" ObjAufnahme="1997-11-19" ObjLetztKontakt="1997-11-19" ObjStrasseID="7735" ObjHausnummer="Parsevalstraße 15" ObjVorlage="2013-09-11 00:00:00.0" ObKeinKontakt="1" ObjArtID="1" Merkmal="0.0" ObjInfo="[ Spar- und Bauverein ]"/>
  <Objekte ObjID="5882" ObjAufnahme="1997-11-19" ObjLetztKontakt="1997-11-19" ObjStrasseID="7735" ObjHausnummer="Parsevalstraße 17" ObjVorlage="2013-09-11 00:00:00.0" ObKeinKontakt="1" ObjArtID="1" Merkmal="0.0" ObjInfo="[ Spar- und Bauverein ]"/>
  <Objekte ObjID="5883" ObjAufnahme="1997-11-19" ObjLetztKontakt="1997-11-19" ObjStrasseID="7735" ObjHausnummer="Parsevalstraße 12" ObjVorlage="2013-09-11 00:00:00.0" ObKeinKontakt="1" ObjArtID="1" Merkmal="0.0" ObjInfo="[ Herr Jahn, 0511/ 3507402 ]"/>
  <Objekte ObjID="5884" ObjAufnahme="1997-11-19" ObjLetztKontakt="1997-11-19" ObjStrasseID="7735" ObjHausnummer="Parsevalstraße 14" ObjVorlage="2013-09-11 00:00:00.0" ObKeinKontakt="1" ObjArtID="1" Merkmal="0.0" ObjInfo="[ Spar- und Bauverein ]"/>
  <Objekte ObjID="5885" ObjAufnahme="1997-11-19" ObjLetztKontakt="1997-11-19" ObjStrasseID="7735" ObjHausnummer="Parsevalstraße 16" ObjVorlage="2013-09-11 00:00:00.0" ObKeinKontakt="1" ObjArtID="1" Merkmal="0.0"/>
  <Objekte ObjID="5886" ObjAufnahme="1997-11-19" ObjLetztKontakt="1997-11-19" ObjStrasseID="7735" ObjHausnummer="Parsevalstraße 19" ObjVorlage="2013-09-11 00:00:00.0" ObKeinKontakt="1" ObjArtID="1" Merkmal="0.0"/>
  <Objekte ObjID="5887" ObjAufnahme="1997-11-19" ObjLetztKontakt="1997-11-19" ObjStrasseID="7735" ObjHausnummer="Parsevalstraße 21" ObjVorlage="2013-09-11 00:00:00.0" ObKeinKontakt="1" ObjArtID="1" Merkmal="0.0" ObjInfo="[ Verw. Herr Rieke, 0511/ 5477122 ]"/>
  <Objekte ObjID="5888" ObjAufnahme="1997-11-19" ObjLetztKontakt="1997-11-19" ObjStrasseID="7735" ObjHausnummer="Parsevalstraße 23" ObjVorlage="2013-09-11 00:00:00.0" ObKeinKontakt="1" ObjArtID="1" Merkmal="0.0" ObjInfo="[ Herr Wiegering, Lister Meile, 30161 Hannover ]"/>
  <Objekte ObjID="5889" ObjAufnahme="1997-11-19" ObjLetztKontakt="1997-11-19" ObjStrasseID="7735" ObjHausnummer="Parsevalstraße 25" ObjVorlage="2013-09-11 00:00:00.0" ObKeinKontakt="1" ObjArtID="1" Merkmal="0.0" ObjInfo="[ Herr Trutschke, Frau Krunig, Lange Laube 30, 30159 Hannover ]"/>
  <Objekte ObjID="5890" ObjAufnahme="1997-11-19" ObjLetztKontakt="1997-11-19" ObjStrasseID="7735" ObjHausnummer="Parsevalstraße 27" ObjVorlage="2013-09-11 00:00:00.0" ObKeinKontakt="1" ObjArtID="1" Merkmal="0.0" ObjInfo="[ Herr Wiegering, Lister Meile, 30161 Hannover ]"/>
  <Objekte ObjID="5891" ObjAufnahme="1997-11-19" ObjLetztKontakt="1997-11-19" ObjStrasseID="7735" ObjHausnummer="Parsevalstraße 29" ObjVorlage="2013-09-11 00:00:00.0" ObKeinKontakt="1" ObjArtID="1" Merkmal="0.0"/>
  <Objekte ObjID="5892" ObjAufnahme="1997-11-19" ObjLetztKontakt="1997-11-19" ObjStrasseID="7797" ObjHausnummer="Plüschowstraße 1" ObjVorlage="2013-09-11 00:00:00.0" ObKeinKontakt="1" ObjArtID="1" Merkmal="0.0" ObjInfo="[ Herr Hartmann ]"/>
  <Objekte ObjID="5893" ObjAufnahme="1997-11-19" ObjLetztKontakt="1997-11-19" ObjStrasseID="7797" ObjHausnummer="Plüschowstraße 3" ObjVorlage="2013-09-11 00:00:00.0" ObKeinKontakt="1" ObjArtID="1" Merkmal="0.0" ObjInfo="( Herr Hartmann ]"/>
  <Objekte ObjID="5895" ObjAufnahme="1997-03-18" ObjLetztKontakt="1997-05-13" ObjStrasseID="7429" ObjHausnummer="Lüchower Straße 18" ObjVorlage="2013-09-11 00:00:00.0" ObKeinKontakt="1" ObjArtID="22" Merkmal="0.0"/>
  <Objekte ObjID="5896" ObjAufnahme="1997-03-18" ObjLetztKontakt="1997-05-13" ObjStrasseID="3366" ObjHausnummer="Egestorffstraße 35" ObjVorlage="2013-09-11 00:00:00.0" ObKeinKontakt="1" ObjArtID="1" Merkmal="0.0"/>
  <Objekte ObjID="5897" ObjAufnahme="1997-12-01" ObjLetztKontakt="1997-12-01" ObjStrasseID="5954" ObjHausnummer="Biesterstraße 2" ObjVorlage="2013-09-11 00:00:00.0" ObKeinKontakt="1" ObjArtID="1" Merkmal="0.0" ObjInfo="( Erbengemeinschaft Bielenberg )"/>
  <Objekte ObjID="5898" ObjAufnahme="1997-12-01" ObjLetztKontakt="1997-12-01" ObjStrasseID="5954" ObjHausnummer="Biesterstraße 4" ObjVorlage="2013-09-11 00:00:00.0" ObKeinKontakt="1" ObjArtID="1" Merkmal="0.0" ObjInfo="( Eigentümergemeinschaft )"/>
  <Objekte ObjID="5899" ObjAufnahme="1997-12-01" ObjLetztKontakt="1997-12-01" ObjStrasseID="5954" ObjHausnummer="Biesterstraße 6" ObjVorlage="2013-09-11 00:00:00.0" ObKeinKontakt="1" ObjArtID="1" Merkmal="0.0" ObjInfo="( Eigentümergemeinschaft )"/>
  <Objekte ObjID="5900" ObjAufnahme="1997-12-01" ObjLetztKontakt="1997-12-01" ObjStrasseID="5954" ObjHausnummer="Biesterstraße 8" ObjVorlage="2013-09-11 00:00:00.0" ObKeinKontakt="1" ObjArtID="1" Merkmal="0.0"/>
  <Objekte ObjID="5901" ObjAufnahme="1997-12-01" ObjLetztKontakt="1997-12-01" ObjStrasseID="5954" ObjHausnummer="Biesterstraße 9" ObjVorlage="2013-09-11 00:00:00.0" ObKeinKontakt="1" ObjArtID="68" Merkmal="0.0"/>
  <Objekte ObjID="5902" ObjAufnahme="1997-12-01" ObjLetztKontakt="1997-12-01" ObjStrasseID="5954" ObjHausnummer="Biesterstraße 11" ObjVorlage="2013-09-11 00:00:00.0" ObKeinKontakt="1" ObjArtID="1" Merkmal="0.0" ObjInfo="( Wohnungsgenossenschaft Gartenheim )"/>
  <Objekte ObjID="5903" ObjAufnahme="1997-12-01" ObjLetztKontakt="1997-12-01" ObjStrasseID="5954" ObjHausnummer="Biesterstraße 11A" ObjVorlage="2013-09-11 00:00:00.0" ObKeinKontakt="1" ObjArtID="1" Merkmal="0.0" ObjInfo="( Wohnungsgenossenschaft Gartenheim )"/>
  <Objekte ObjID="5904" ObjAufnahme="1997-12-01" ObjLetztKontakt="1997-12-01" ObjStrasseID="5954" ObjHausnummer="Biesterstraße 15" ObjVorlage="2013-09-11 00:00:00.0" ObKeinKontakt="1" ObjArtID="1" Merkmal="0.0" ObjInfo="( Wohnungsgenossenschaft Gartenheim )"/>
  <Objekte ObjID="5905" ObjAufnahme="1997-12-01" ObjLetztKontakt="1997-12-01" ObjStrasseID="5954" ObjHausnummer="Biesterstraße 15A" ObjVorlage="2013-09-11 00:00:00.0" ObKeinKontakt="1" ObjArtID="1" Merkmal="0.0" ObjInfo="( Wohnungsgenossenschaft Gartenheim )"/>
  <Objekte ObjID="5906" ObjAufnahme="1997-12-01" ObjLetztKontakt="1997-12-01" ObjStrasseID="5954" ObjHausnummer="Biesterstraße 19" ObjVorlage="2013-09-11 00:00:00.0" ObKeinKontakt="1" ObjArtID="1" Merkmal="0.0" ObjInfo="( Wohnungsbaugenosssenschaft Gartenheim )"/>
  <Objekte ObjID="5907" ObjAufnahme="1997-12-01" ObjLetztKontakt="1997-12-01" ObjStrasseID="6007" ObjHausnummer="Boelckestraße 1" ObjVorlage="2013-09-11 00:00:00.0" ObKeinKontakt="1" ObjArtID="1" Merkmal="0.0" ObjInfo="( Herr H. Gerhardt, Am Eichenkampe 21, 30851 Langenhagen )"/>
  <Objekte ObjID="5908" ObjAufnahme="1997-12-01" ObjLetztKontakt="2013-03-15" ObjStrasseID="6007" ObjHausnummer="Boelckestraße 3" ObjVorlage="2013-09-11 00:00:00.0" ObKeinKontakt="2" ObjArtID="1" Merkmal="0.0" ObjInfo="( Frau K. Siemens, s.o. )"/>
  <Objekte ObjID="5909" ObjAufnahme="1997-12-01" ObjLetztKontakt="1997-12-01" ObjStrasseID="6007" ObjHausnummer="Boelckestraße 5" ObjVorlage="2013-09-11 00:00:00.0" ObKeinKontakt="1" ObjArtID="1" Merkmal="0.0" ObjInfo="( Frau S. von Berlepsch- Valendas, Wiesenstraße 46 b, 30169 Hannover )"/>
  <Objekte ObjID="5910" ObjAufnahme="1997-12-01" ObjLetztKontakt="1997-12-01" ObjStrasseID="6007" ObjHausnummer="Boelckestraße 7" ObjVorlage="2013-09-11 00:00:00.0" ObKeinKontakt="1" ObjArtID="1" Merkmal="0.0" ObjInfo="( Frau S. von Berlepsch- Valendas, Wiesenstraße 46 b, 30169 Hannover )"/>
  <Objekte ObjID="5911" ObjAufnahme="1997-12-01" ObjLetztKontakt="1997-12-01" ObjStrasseID="6007" ObjHausnummer="Boelckestraße 9" ObjVorlage="2013-09-11 00:00:00.0" ObKeinKontakt="1" ObjArtID="1" Merkmal="0.0" ObjInfo="( Frau S. von Berlepsch- Valendas, Wiesenstraße 46 b, 30169 Hannover )"/>
  <Objekte ObjID="5912" ObjAufnahme="1997-12-01" ObjLetztKontakt="1997-12-01" ObjStrasseID="6007" ObjHausnummer="Boelckestraße 11" ObjVorlage="2013-09-11 00:00:00.0" ObKeinKontakt="1" ObjArtID="1" Merkmal="0.0" ObjInfo="( Spar- und Bauverein )"/>
  <Objekte ObjID="5913" ObjAufnahme="1997-12-01" ObjLetztKontakt="1997-12-01" ObjStrasseID="6007" ObjHausnummer="Boelckestraße 13" ObjVorlage="2013-09-11 00:00:00.0" ObKeinKontakt="1" ObjArtID="1" Merkmal="0.0" ObjInfo="( Spar- und Bauverein )"/>
  <Objekte ObjID="5914" ObjAufnahme="1997-12-01" ObjLetztKontakt="1997-12-01" ObjStrasseID="6007" ObjHausnummer="Boelckestraße 13A" ObjVorlage="2013-09-11 00:00:00.0" ObKeinKontakt="1" ObjArtID="1" Merkmal="0.0" ObjInfo="( Spar- und Bauverein )"/>
  <Objekte ObjID="5915" ObjAufnahme="1997-12-01" ObjLetztKontakt="1997-12-01" ObjStrasseID="6007" ObjHausnummer="Boelckestraße 13B" ObjVorlage="2013-09-11 00:00:00.0" ObKeinKontakt="1" ObjArtID="1" Merkmal="0.0" ObjInfo="( Spar- und Bauverein )"/>
  <Objekte ObjID="5916" ObjAufnahme="1997-12-01" ObjLetztKontakt="2001-12-12" ObjStrasseID="6007" ObjHausnummer="Boelckestraße 17" ObjVorlage="2013-09-11 00:00:00.0" ObKeinKontakt="9" ObjArtID="76" Merkmal="0.0" ObjInfo="22076\S-Blk"/>
  <Objekte ObjID="5917" ObjAufnahme="1997-12-01" ObjLetztKontakt="1997-12-01" ObjStrasseID="6007" ObjHausnummer="Boelckestraße 19" ObjVorlage="2013-09-11 00:00:00.0" ObKeinKontakt="1" ObjArtID="1" Merkmal="0.0" ObjInfo="( Frau G.L. Funke )"/>
  <Objekte ObjID="5918" ObjAufnahme="1997-12-01" ObjLetztKontakt="1997-12-01" ObjStrasseID="6007" ObjHausnummer="Boelckestraße 21" ObjVorlage="2013-09-11 00:00:00.0" ObKeinKontakt="1" ObjArtID="1" Merkmal="0.0" ObjInfo="( Eigentümergemeinschaft )"/>
  <Objekte ObjID="5919" ObjAufnahme="1997-12-01" ObjLetztKontakt="1997-12-01" ObjStrasseID="435" ObjHausnummer="Borkumer Straße 1" ObjVorlage="2013-09-11 00:00:00.0" ObKeinKontakt="1" ObjArtID="1" Merkmal="0.0" ObjInfo="( GAGFAH, Gemeinnützige AG für Angestellten Heimstätten )"/>
  <Objekte ObjID="5920" ObjAufnahme="1997-12-01" ObjLetztKontakt="1997-12-01" ObjStrasseID="435" ObjHausnummer="Borkumer Straße 27" ObjVorlage="2013-09-11 00:00:00.0" ObKeinKontakt="1" ObjArtID="1" Merkmal="0.0" ObjInfo="( Wohnungsbaugenossenschaft Heimkehr )"/>
  <Objekte ObjID="5921" ObjAufnahme="1997-12-01" ObjLetztKontakt="1997-12-01" ObjStrasseID="435" ObjHausnummer="Borkumer Straße 29" ObjVorlage="2013-09-11 00:00:00.0" ObKeinKontakt="1" ObjArtID="1" Merkmal="0.0" ObjInfo="( Wohnungsbaugenossenschaft Heimkehr )"/>
  <Objekte ObjID="5922" ObjAufnahme="1997-12-01" ObjLetztKontakt="1997-12-01" ObjStrasseID="435" ObjHausnummer="Borkumer Straße 31" ObjVorlage="2013-09-11 00:00:00.0" ObKeinKontakt="1" ObjArtID="1" Merkmal="0.0" ObjInfo="( Wohnungsbaugenossenschaft Heimkehr )"/>
  <Objekte ObjID="5923" ObjAufnahme="1997-12-01" ObjLetztKontakt="1997-12-01" ObjStrasseID="435" ObjHausnummer="Borkumer Straße 33" ObjVorlage="2013-09-11 00:00:00.0" ObKeinKontakt="1" ObjArtID="1" Merkmal="0.0" ObjInfo="( Wohnungsbaugenossenschaft Heimkehr )"/>
  <Objekte ObjID="5924" ObjAufnahme="1997-12-01" ObjLetztKontakt="1997-12-01" ObjStrasseID="435" ObjHausnummer="Borkumer Straße 35" ObjVorlage="2013-09-11 00:00:00.0" ObKeinKontakt="1" ObjArtID="1" Merkmal="0.0" ObjInfo="( Wohnungsbaugenossenschaft Gartenheim )"/>
  <Objekte ObjID="5926" ObjAufnahme="1997-09-22" ObjLetztKontakt="1997-09-22" ObjStrasseID="6108" ObjHausnummer="Bunsenstraße 41" ObjVorlage="2013-09-11 00:00:00.0" ObKeinKontakt="1" ObjArtID="1" Merkmal="0.0"/>
  <Objekte ObjID="5927" ObjAufnahme="1997-12-01" ObjLetztKontakt="1997-12-01" ObjStrasseID="6134" ObjHausnummer="Cambridgeweg 1" ObjVorlage="2013-09-11 00:00:00.0" ObKeinKontakt="1" ObjArtID="1" Merkmal="0.0" ObjInfo="( Gemeinnützige Deutsche Wohnungsbauges. mbH, Lavesstr. 62, 30159 Hannover)"/>
  <Objekte ObjID="5928" ObjAufnahme="1997-12-01" ObjLetztKontakt="1997-12-01" ObjStrasseID="6134" ObjHausnummer="Cambridgeweg 2" ObjVorlage="2013-09-11 00:00:00.0" ObKeinKontakt="1" ObjArtID="1" Merkmal="0.0" ObjInfo="( Gemeinnützige Deutsche Wohnungsbauges. mbH, Lavesstr. 62, 30159 Hannover)"/>
  <Objekte ObjID="5929" ObjAufnahme="1997-12-01" ObjLetztKontakt="1997-12-01" ObjStrasseID="6134" ObjHausnummer="Cambridgeweg 3" ObjVorlage="2013-09-11 00:00:00.0" ObKeinKontakt="1" ObjArtID="1" Merkmal="0.0" ObjInfo="( Gemeinnützige Deutsche Wohnungsbauges. mbH, Lavesstr. 62, 30159 Hannover)"/>
  <Objekte ObjID="5930" ObjAufnahme="1997-12-01" ObjLetztKontakt="1997-12-01" ObjStrasseID="6134" ObjHausnummer="Cambridgeweg 4" ObjVorlage="2013-09-11 00:00:00.0" ObKeinKontakt="1" ObjArtID="1" Merkmal="0.0" ObjInfo="( Gemeinnützige Deutsche Wohnungsbauges. mbH, Lavesstr. 62, 30159 Hannover)"/>
  <Objekte ObjID="5931" ObjAufnahme="1997-12-01" ObjLetztKontakt="1997-12-01" ObjStrasseID="6134" ObjHausnummer="Cambridgeweg 5" ObjVorlage="2013-09-11 00:00:00.0" ObKeinKontakt="1" ObjArtID="1" Merkmal="0.0" ObjInfo="( Gemeinnützige Deutsche Wohnungsbauges. mbH, Lavesstr. 62, 30159 Hannover)"/>
  <Objekte ObjID="5932" ObjAufnahme="1997-12-01" ObjLetztKontakt="1997-12-01" ObjStrasseID="6134" ObjHausnummer="Cambridgeweg 8" ObjVorlage="2013-09-11 00:00:00.0" ObKeinKontakt="1" ObjArtID="1" Merkmal="0.0" ObjInfo="( Ärzteversorgung Niedersachsen, Berliner Allee 20, 30175 Hannover )"/>
  <Objekte ObjID="5933" ObjAufnahme="1997-12-01" ObjLetztKontakt="1997-12-01" ObjStrasseID="6134" ObjHausnummer="Cambridgeweg 9" ObjVorlage="2013-09-11 00:00:00.0" ObKeinKontakt="1" ObjArtID="1" Merkmal="0.0" ObjInfo="( Herr H. Tinzmann, s.o. )"/>
  <Objekte ObjID="5934" ObjAufnahme="1997-12-01" ObjLetztKontakt="1997-12-01" ObjStrasseID="6384" ObjHausnummer="Eulerstraße 2" ObjVorlage="2013-09-11 00:00:00.0" ObKeinKontakt="1" ObjArtID="1" Merkmal="0.0" ObjInfo="( Herr R. Kühn, Ebhardtstr. 8, 30159 Hannover )"/>
  <Objekte ObjID="5935" ObjAufnahme="1997-12-01" ObjLetztKontakt="1997-12-01" ObjStrasseID="6384" ObjHausnummer="Eulerstraße 4" ObjVorlage="2013-09-11 00:00:00.0" ObKeinKontakt="1" ObjArtID="1" Merkmal="0.0" ObjInfo="( Eigentümergemeinschaft )"/>
  <Objekte ObjID="5936" ObjAufnahme="1997-12-01" ObjLetztKontakt="1997-12-01" ObjStrasseID="6384" ObjHausnummer="Eulerstraße 5" ObjVorlage="2013-09-11 00:00:00.0" ObKeinKontakt="1" ObjArtID="1" Merkmal="0.0" ObjInfo="( Fa. Reinhardt &amp; Sebesse )"/>
  <Objekte ObjID="5937" ObjAufnahme="1997-12-01" ObjLetztKontakt="1997-12-01" ObjStrasseID="6384" ObjHausnummer="Eulerstraße 6" ObjVorlage="2013-09-11 00:00:00.0" ObKeinKontakt="1" ObjArtID="1" Merkmal="0.0" ObjInfo="( Spar- und Bauverein eG. )"/>
  <Objekte ObjID="5938" ObjAufnahme="1997-12-01" ObjLetztKontakt="1997-12-01" ObjStrasseID="6384" ObjHausnummer="Eulerstraße 7" ObjVorlage="2013-09-11 00:00:00.0" ObKeinKontakt="1" ObjArtID="1" Merkmal="0.0" ObjInfo="( Frau Irmgard Ehlers, Gödekeweg 14, 3ß419 Hannover , Verw. Atrium, Leonhardtstr. )"/>
  <Objekte ObjID="5939" ObjAufnahme="1997-12-01" ObjLetztKontakt="1997-12-01" ObjStrasseID="6384" ObjHausnummer="Eulerstraße 8" ObjVorlage="2013-09-11 00:00:00.0" ObKeinKontakt="1" ObjArtID="1" Merkmal="0.0" ObjInfo="( Herr Rotermund, Redeckerstr. 8, 30165 Hannover)"/>
  <Objekte ObjID="5940" ObjAufnahme="1997-12-01" ObjLetztKontakt="1997-12-01" ObjStrasseID="6384" ObjHausnummer="Eulerstraße 9" ObjVorlage="2013-09-11 00:00:00.0" ObKeinKontakt="1" ObjArtID="1" Merkmal="0.0" ObjInfo="( Herr Wolfgang Striewe, Lothringerstr. 61- 63, 30559 Hannover, 0511/ 855607 )"/>
  <Objekte ObjID="5941" ObjAufnahme="1997-12-01" ObjLetztKontakt="1997-12-01" ObjStrasseID="6384" ObjHausnummer="Eulerstraße 11" ObjVorlage="2013-09-11 00:00:00.0" ObKeinKontakt="1" ObjArtID="1" Merkmal="0.0" ObjInfo="( Herr Dr. Herbert Rauk, oder Rank, Kleefelder Str. 9, 0511/ 810926 )"/>
  <Objekte ObjID="5942" ObjAufnahme="1997-12-01" ObjLetztKontakt="1997-12-01" ObjStrasseID="6384" ObjHausnummer="Eulerstraße 13" ObjVorlage="2013-09-11 00:00:00.0" ObKeinKontakt="1" ObjArtID="1" Merkmal="0.0" ObjInfo="( Herr Dr. Herbert Rauk, oder Rank, Kleefelder Str. 9, 0511/ 810926 )"/>
  <Objekte ObjID="5943" ObjAufnahme="1997-12-01" ObjLetztKontakt="1997-12-01" ObjStrasseID="6384" ObjHausnummer="Eulerstraße 15" ObjVorlage="2013-09-11 00:00:00.0" ObKeinKontakt="1" ObjArtID="1" Merkmal="0.0" ObjInfo="( Herr Dr. Herbert Rauk, oder Rank, Kleefelder Str. 9, 0511/ 810926 )"/>
  <Objekte ObjID="5944" ObjAufnahme="1997-12-01" ObjLetztKontakt="1997-12-01" ObjStrasseID="6384" ObjHausnummer="Eulerstraße 17" ObjVorlage="2013-09-11 00:00:00.0" ObKeinKontakt="1" ObjArtID="1" Merkmal="0.0" ObjInfo="( Erbengemeinschaft Korittki, Im Eichholz 14, 30657 Hannover, 0511/ 65914 )"/>
  <Objekte ObjID="5945" ObjAufnahme="1997-12-01" ObjLetztKontakt="1997-12-01" ObjStrasseID="6384" ObjHausnummer="Eulerstraße 16" ObjVorlage="2013-09-11 00:00:00.0" ObKeinKontakt="1" ObjArtID="1" Merkmal="0.0" ObjInfo="( Allianz Lebensvers. AG,"/>
  <Objekte ObjID="5946" ObjAufnahme="1997-12-01" ObjLetztKontakt="1997-12-01" ObjStrasseID="6384" ObjHausnummer="Eulerstraße 19" ObjVorlage="2013-09-11 00:00:00.0" ObKeinKontakt="1" ObjArtID="1" Merkmal="0.0" ObjInfo="( Frau Gisela Lemke, Eulerstr. 19, 0511/ 371679 )"/>
  <Objekte ObjID="5947" ObjAufnahme="1997-12-01" ObjLetztKontakt="1997-12-01" ObjStrasseID="6384" ObjHausnummer="Eulerstraße 23" ObjVorlage="2013-09-11 00:00:00.0" ObKeinKontakt="1" ObjArtID="1" Merkmal="0.0" ObjInfo="( Eigentümergemeinschaft )"/>
  <Objekte ObjID="5948" ObjAufnahme="1997-12-01" ObjLetztKontakt="1997-12-01" ObjStrasseID="6384" ObjHausnummer="Eulerstraße 23A" ObjVorlage="2013-09-11 00:00:00.0" ObKeinKontakt="1" ObjArtID="1" Merkmal="0.0" ObjInfo="( Eigentümergemeinschaft )"/>
  <Objekte ObjID="5949" ObjAufnahme="1997-12-01" ObjLetztKontakt="1997-12-01" ObjStrasseID="6384" ObjHausnummer="Eulerstraße 23B" ObjVorlage="2013-09-11 00:00:00.0" ObKeinKontakt="1" ObjArtID="1" Merkmal="0.0" ObjInfo="( Herr F.H. Engelke, s.o. )"/>
  <Objekte ObjID="5950" ObjAufnahme="1997-12-01" ObjLetztKontakt="1997-12-01" ObjStrasseID="6384" ObjHausnummer="Eulerstraße 24" ObjVorlage="2013-09-11 00:00:00.0" ObKeinKontakt="1" ObjArtID="1" Merkmal="0.0" ObjInfo="( Garagenanlage )"/>
  <Objekte ObjID="5951" ObjAufnahme="1997-12-01" ObjLetztKontakt="1997-12-01" ObjStrasseID="6384" ObjHausnummer="Eulerstraße 25" ObjVorlage="2013-09-11 00:00:00.0" ObKeinKontakt="1" ObjArtID="1" Merkmal="0.0" ObjInfo="( Eigentümergemeinschaft )"/>
  <Objekte ObjID="5952" ObjAufnahme="1997-12-01" ObjLetztKontakt="1997-12-01" ObjStrasseID="6384" ObjHausnummer="Eulerstraße 25A" ObjVorlage="2013-09-11 00:00:00.0" ObKeinKontakt="1" ObjArtID="1" Merkmal="0.0" ObjInfo="( Eigentümergemeinschaft )"/>
  <Objekte ObjID="5953" ObjAufnahme="1997-12-01" ObjLetztKontakt="1997-12-01" ObjStrasseID="6384" ObjHausnummer="Eulerstraße 25B" ObjVorlage="2013-09-11 00:00:00.0" ObKeinKontakt="1" ObjArtID="1" Merkmal="0.0" ObjInfo="( Eigentümergemeinschaft )"/>
  <Objekte ObjID="5956" ObjAufnahme="1997-12-01" ObjLetztKontakt="1997-12-01" ObjStrasseID="6708" ObjHausnummer="Halkettstraße 1" ObjVorlage="2013-09-11 00:00:00.0" ObKeinKontakt="1" ObjArtID="1" Merkmal="0.0" ObjInfo="( Herr Steincke, Wettbergen )"/>
  <Objekte ObjID="5957" ObjAufnahme="1997-12-01" ObjLetztKontakt="1997-12-01" ObjStrasseID="6708" ObjHausnummer="Halkettstraße 3" ObjVorlage="2013-09-11 00:00:00.0" ObKeinKontakt="1" ObjArtID="1" Merkmal="0.0" ObjInfo="( Frau Herta Gaedecke, Halkettstr. 34, 30165 Hannover )"/>
  <Objekte ObjID="5958" ObjAufnahme="1997-12-01" ObjLetztKontakt="1997-12-01" ObjStrasseID="6708" ObjHausnummer="Halkettstraße 5" ObjVorlage="2013-09-11 00:00:00.0" ObKeinKontakt="1" ObjArtID="1" Merkmal="0.0"/>
  <Objekte ObjID="5959" ObjAufnahme="1997-12-01" ObjLetztKontakt="2013-05-22" ObjStrasseID="6708" ObjHausnummer="Halkettstraße 7" ObjVorlage="2015-01-01 00:00:00.0" ObKeinKontakt="3" ObjArtID="1" Merkmal="0.0" ObjInfo="( Herr E. Otto, Halkettstr. 7, 30165 Hannover )&#xA;Herr Schulz&#xA;Mobil: 01738198910&#xA;Eigentümer heisst Mehrens&#xA;Verkauf 2015,2016"/>
  <Objekte ObjID="5960" ObjAufnahme="1997-12-01" ObjLetztKontakt="1997-12-01" ObjStrasseID="6891" ObjHausnummer="Hirtenweg 3" ObjVorlage="2013-09-11 00:00:00.0" ObKeinKontakt="1" ObjArtID="1" Merkmal="0.0" ObjInfo="( Herr R. Badtke, Hirtenweg 3, 30163 Hannover, 0511/ 372113, 0511/ 783831 )"/>
  <Objekte ObjID="5961" ObjAufnahme="1997-12-01" ObjLetztKontakt="1997-12-01" ObjStrasseID="6891" ObjHausnummer="Hirtenweg 4" ObjVorlage="2013-09-11 00:00:00.0" ObKeinKontakt="1" ObjArtID="1" Merkmal="0.0" ObjInfo="( Herr Fr. Prieß, Verw. Leistungsgesellschaft, 0511/ 36720 )"/>
  <Objekte ObjID="5962" ObjAufnahme="1997-12-01" ObjLetztKontakt="1997-12-01" ObjStrasseID="6891" ObjHausnummer="Hirtenweg 5" ObjVorlage="2013-09-11 00:00:00.0" ObKeinKontakt="1" ObjArtID="1" Merkmal="0.0" ObjInfo="( Herr O. Görbing, s.o. )"/>
  <Objekte ObjID="5963" ObjAufnahme="1997-12-01" ObjLetztKontakt="2013-05-13" ObjStrasseID="6891" ObjHausnummer="Hirtenweg 6" ObjVorlage="2013-09-11 00:00:00.0" ObKeinKontakt="2" ObjArtID="201" Merkmal="0.0"/>
  <Objekte ObjID="5964" ObjAufnahme="1997-12-01" ObjLetztKontakt="1997-12-01" ObjStrasseID="6891" ObjHausnummer="Hirtenweg 8" ObjVorlage="2013-09-11 00:00:00.0" ObKeinKontakt="1" ObjArtID="1" Merkmal="0.0" ObjInfo="( Westerceller Wohnungsbau GmbH )"/>
  <Objekte ObjID="5965" ObjAufnahme="1997-12-01" ObjLetztKontakt="1997-12-01" ObjStrasseID="6891" ObjHausnummer="Hirtenweg 10" ObjVorlage="2013-09-11 00:00:00.0" ObKeinKontakt="1" ObjArtID="1" Merkmal="0.0" ObjInfo="( Herr K. Resch )"/>
  <Objekte ObjID="5966" ObjAufnahme="1997-12-01" ObjLetztKontakt="1997-12-01" ObjStrasseID="6891" ObjHausnummer="Hirtenweg 11" ObjVorlage="2013-09-11 00:00:00.0" ObKeinKontakt="1" ObjArtID="1" Merkmal="0.0" ObjInfo="( Fa. VGH )"/>
  <Objekte ObjID="5967" ObjAufnahme="1997-12-01" ObjLetztKontakt="1997-12-01" ObjStrasseID="6891" ObjHausnummer="Hirtenweg 11A" ObjVorlage="2013-09-11 00:00:00.0" ObKeinKontakt="1" ObjArtID="1" Merkmal="0.0" ObjInfo="( Fa. VGH )"/>
  <Objekte ObjID="5968" ObjAufnahme="1997-12-01" ObjLetztKontakt="1997-12-01" ObjStrasseID="6891" ObjHausnummer="Hirtenweg 11B" ObjVorlage="2013-09-11 00:00:00.0" ObKeinKontakt="1" ObjArtID="1" Merkmal="0.0" ObjInfo="( Fa. VGH )"/>
  <Objekte ObjID="5969" ObjAufnahme="1997-12-01" ObjLetztKontakt="1997-12-01" ObjStrasseID="6891" ObjHausnummer="Hirtenweg 12" ObjVorlage="2013-09-11 00:00:00.0" ObKeinKontakt="1" ObjArtID="1" Merkmal="0.0" ObjInfo="( Allianz Lebensvers. AG )"/>
  <Objekte ObjID="5970" ObjAufnahme="1997-12-01" ObjLetztKontakt="1997-12-01" ObjStrasseID="6891" ObjHausnummer="Hirtenweg 13" ObjVorlage="2013-09-11 00:00:00.0" ObKeinKontakt="1" ObjArtID="1" Merkmal="0.0" ObjInfo="( Fa. VGH )"/>
  <Objekte ObjID="5971" ObjAufnahme="1997-12-01" ObjLetztKontakt="1997-12-01" ObjStrasseID="6891" ObjHausnummer="Hirtenweg 13A" ObjVorlage="2013-09-11 00:00:00.0" ObKeinKontakt="1" ObjArtID="1" Merkmal="0.0" ObjInfo="( Fa. VGH )"/>
  <Objekte ObjID="5972" ObjAufnahme="1997-12-01" ObjLetztKontakt="1997-12-01" ObjStrasseID="6891" ObjHausnummer="Hirtenweg 13B" ObjVorlage="2013-09-11 00:00:00.0" ObKeinKontakt="1" ObjArtID="1" Merkmal="0.0" ObjInfo="( Fa. VGH )"/>
  <Objekte ObjID="5973" ObjAufnahme="1997-12-01" ObjLetztKontakt="1997-12-01" ObjStrasseID="6891" ObjHausnummer="Hirtenweg 16" ObjVorlage="2013-09-11 00:00:00.0" ObKeinKontakt="1" ObjArtID="1" Merkmal="0.0" ObjInfo="( Allianz- Lebensvers. AG )"/>
  <Objekte ObjID="5974" ObjAufnahme="1997-12-01" ObjLetztKontakt="1997-12-01" ObjStrasseID="6891" ObjHausnummer="Hirtenweg 17" ObjVorlage="2013-09-11 00:00:00.0" ObKeinKontakt="1" ObjArtID="1" Merkmal="0.0" ObjInfo="( Frau Elfriede Kammeyer )"/>
  <Objekte ObjID="5975" ObjAufnahme="1997-12-01" ObjLetztKontakt="1997-12-01" ObjStrasseID="6891" ObjHausnummer="Hirtenweg 18" ObjVorlage="2013-09-11 00:00:00.0" ObKeinKontakt="1" ObjArtID="1" Merkmal="0.0" ObjInfo="( Spar- und Bauverein )"/>
  <Objekte ObjID="5976" ObjAufnahme="1997-12-01" ObjLetztKontakt="1997-12-01" ObjStrasseID="6891" ObjHausnummer="Hirtenweg 19" ObjVorlage="2013-09-11 00:00:00.0" ObKeinKontakt="1" ObjArtID="1" Merkmal="0.0" ObjInfo="( Herr A. Hartung )"/>
  <Objekte ObjID="5977" ObjAufnahme="1997-12-01" ObjLetztKontakt="1997-12-01" ObjStrasseID="6891" ObjHausnummer="Hirtenweg 20" ObjVorlage="2013-09-11 00:00:00.0" ObKeinKontakt="1" ObjArtID="1" Merkmal="0.0" ObjInfo="( Spar- und Bauverein )"/>
  <Objekte ObjID="5978" ObjAufnahme="1997-12-01" ObjLetztKontakt="1997-12-01" ObjStrasseID="6891" ObjHausnummer="Hirtenweg 21" ObjVorlage="2013-09-11 00:00:00.0" ObKeinKontakt="1" ObjArtID="1" Merkmal="0.0" ObjInfo="( Frau Elvira Olsson, s.o. )"/>
  <Objekte ObjID="5979" ObjAufnahme="1997-12-01" ObjLetztKontakt="1997-12-01" ObjStrasseID="6891" ObjHausnummer="Hirtenweg 22" ObjVorlage="2013-09-11 00:00:00.0" ObKeinKontakt="1" ObjArtID="1" Merkmal="0.0" ObjInfo="( Spar- und Bauverein )"/>
  <Objekte ObjID="5980" ObjAufnahme="1997-12-01" ObjLetztKontakt="1997-12-01" ObjStrasseID="6891" ObjHausnummer="Hirtenweg 23" ObjVorlage="2013-09-11 00:00:00.0" ObKeinKontakt="1" ObjArtID="1" Merkmal="0.0" ObjInfo="( Erbengemeinschaft Wassmann )"/>
  <Objekte ObjID="5981" ObjAufnahme="1997-12-01" ObjLetztKontakt="1997-12-01" ObjStrasseID="6891" ObjHausnummer="Hirtenweg 24" ObjVorlage="2013-09-11 00:00:00.0" ObKeinKontakt="1" ObjArtID="1" Merkmal="0.0" ObjInfo="( Spar- und Bauverein )"/>
  <Objekte ObjID="5982" ObjAufnahme="1997-12-01" ObjLetztKontakt="1997-12-01" ObjStrasseID="6891" ObjHausnummer="Hirtenweg 25" ObjVorlage="2013-09-11 00:00:00.0" ObKeinKontakt="1" ObjArtID="1" Merkmal="0.0"/>
  <Objekte ObjID="5983" ObjAufnahme="1997-12-01" ObjLetztKontakt="1997-12-01" ObjStrasseID="6891" ObjHausnummer="Hirtenweg 26" ObjVorlage="2013-09-11 00:00:00.0" ObKeinKontakt="1" ObjArtID="1" Merkmal="0.0" ObjInfo="( Spar- und Bauverein )"/>
  <Objekte ObjID="5984" ObjAufnahme="1997-12-01" ObjLetztKontakt="1997-12-01" ObjStrasseID="7066" ObjHausnummer="Juister Weg 2" ObjVorlage="2013-09-11 00:00:00.0" ObKeinKontakt="1" ObjArtID="1" Merkmal="0.0" ObjInfo="( Gagfah- Gemeinnützige AG, Hamburg- Wandsbeck, 040/ 65890 )"/>
  <Objekte ObjID="5985" ObjAufnahme="1997-12-01" ObjLetztKontakt="1997-12-01" ObjStrasseID="7066" ObjHausnummer="Juister Weg 3" ObjVorlage="2013-09-11 00:00:00.0" ObKeinKontakt="1" ObjArtID="1" Merkmal="0.0" ObjInfo="( Gagfah- Gemeinnützige AG, Hamburg- Wandsbeck, 040/ 65890 )"/>
  <Objekte ObjID="5986" ObjAufnahme="1997-12-01" ObjLetztKontakt="1997-12-01" ObjStrasseID="7066" ObjHausnummer="Juister Weg 4" ObjVorlage="2013-09-11 00:00:00.0" ObKeinKontakt="1" ObjArtID="1" Merkmal="0.0" ObjInfo="( Gagfah- Gemeinnützige AG, Hamburg- Wandsbeck, 040/ 65890 )"/>
  <Objekte ObjID="5987" ObjAufnahme="1997-12-01" ObjLetztKontakt="1997-12-01" ObjStrasseID="7066" ObjHausnummer="Juister Weg 5" ObjVorlage="2013-09-11 00:00:00.0" ObKeinKontakt="1" ObjArtID="1" Merkmal="0.0" ObjInfo="( Gagfah- Gemeinnützige AG, Hamburg- Wandsbeck, 040/ 65890 )"/>
  <Objekte ObjID="5988" ObjAufnahme="1997-12-01" ObjLetztKontakt="1997-12-01" ObjStrasseID="7066" ObjHausnummer="Juister Weg 6" ObjVorlage="2013-09-11 00:00:00.0" ObKeinKontakt="1" ObjArtID="1" Merkmal="0.0" ObjInfo="( Gagfah- Gemeinnützige AG, Hamburg- Wandsbeck, 040/ 65890 )"/>
  <Objekte ObjID="5989" ObjAufnahme="1997-12-01" ObjLetztKontakt="1997-12-01" ObjStrasseID="7066" ObjHausnummer="Juister Weg 7" ObjVorlage="2013-09-11 00:00:00.0" ObKeinKontakt="1" ObjArtID="1" Merkmal="0.0" ObjInfo="( Gagfah- Gemeinnützige AG, Hamburg- Wandsbeck, 040/ 65890 )"/>
  <Objekte ObjID="5990" ObjAufnahme="1997-12-01" ObjLetztKontakt="1997-12-01" ObjStrasseID="7066" ObjHausnummer="Juister Weg 8" ObjVorlage="2013-09-11 00:00:00.0" ObKeinKontakt="1" ObjArtID="96" Merkmal="0.0" ObjInfo="( Gagfah- Gemeinnützige AG, Hamburg- Wandsbeck, 040/ 65890 )"/>
  <Objekte ObjID="5991" ObjAufnahme="1997-12-01" ObjLetztKontakt="1997-12-01" ObjStrasseID="7066" ObjHausnummer="Juister Weg 9" ObjVorlage="2013-09-11 00:00:00.0" ObKeinKontakt="1" ObjArtID="1" Merkmal="0.0" ObjInfo="( Eigentümergemeinschaft )"/>
  <Objekte ObjID="5992" ObjAufnahme="1997-12-01" ObjLetztKontakt="1997-12-01" ObjStrasseID="7066" ObjHausnummer="Juister Weg 10" ObjVorlage="2013-09-11 00:00:00.0" ObKeinKontakt="1" ObjArtID="54" Merkmal="0.9999999999999999" ObjInfo="13546\ großer Garten"/>
  <Objekte ObjID="5993" ObjAufnahme="1997-12-01" ObjLetztKontakt="1997-12-01" ObjStrasseID="7066" ObjHausnummer="Juister Weg 11" ObjVorlage="2013-09-11 00:00:00.0" ObKeinKontakt="1" ObjArtID="1" Merkmal="0.0" ObjInfo="( Frau Dr. Vera Hell, Richard- Wagner- Str. 4, Reutlingen, 07121/ 493608 )"/>
  <Objekte ObjID="5994" ObjAufnahme="1997-12-01" ObjLetztKontakt="1997-12-01" ObjStrasseID="7066" ObjHausnummer="Juister Weg 12" ObjVorlage="2013-09-11 00:00:00.0" ObKeinKontakt="1" ObjArtID="1" Merkmal="0.0" ObjInfo="( Eigentümergemeinschaft )"/>
  <Objekte ObjID="5995" ObjAufnahme="1997-12-01" ObjLetztKontakt="1997-12-01" ObjStrasseID="7066" ObjHausnummer="Juister Weg 14" ObjVorlage="2013-09-11 00:00:00.0" ObKeinKontakt="1" ObjArtID="1" Merkmal="0.0" ObjInfo="( Eigentümergemeinschaft )"/>
  <Objekte ObjID="5997" ObjAufnahme="1997-12-01" ObjLetztKontakt="1997-12-01" ObjStrasseID="8018" ObjHausnummer="Salamancaweg 1" ObjVorlage="2013-09-11 00:00:00.0" ObKeinKontakt="1" ObjArtID="1" Merkmal="0.0" ObjInfo="( Herr H. Brockmann, Sedanstr. 14, 30161 Hannover, 0511/ 341807 )"/>
  <Objekte ObjID="5998" ObjAufnahme="1997-12-01" ObjLetztKontakt="1997-12-01" ObjStrasseID="8018" ObjHausnummer="Salamancaweg 2" ObjVorlage="2013-09-11 00:00:00.0" ObKeinKontakt="1" ObjArtID="1" Merkmal="0.0" ObjInfo="( Herr H. Brockmann, Sedanstr. 14, 30161 Hannover, 0511/ 341807 )"/>
  <Objekte ObjID="5999" ObjAufnahme="1997-12-01" ObjLetztKontakt="1997-12-01" ObjStrasseID="8018" ObjHausnummer="Salamancaweg 3" ObjVorlage="2013-09-11 00:00:00.0" ObKeinKontakt="1" ObjArtID="1" Merkmal="0.0" ObjInfo="( Herr H. Brockmann, Sedanstr. 14, 30161 Hannover, 0511/ 341807 )"/>
  <Objekte ObjID="6000" ObjAufnahme="1997-12-01" ObjLetztKontakt="1997-12-01" ObjStrasseID="8018" ObjHausnummer="Salamancaweg 4" ObjVorlage="2013-09-11 00:00:00.0" ObKeinKontakt="1" ObjArtID="1" Merkmal="0.0" ObjInfo="( Herr H. Brockmann, Sedanstr. 14, 30161 Hannover, 0511/ 341807 )"/>
  <Objekte ObjID="6001" ObjAufnahme="1997-12-01" ObjLetztKontakt="1997-12-01" ObjStrasseID="8018" ObjHausnummer="Salamancaweg 5" ObjVorlage="2013-09-11 00:00:00.0" ObKeinKontakt="1" ObjArtID="1" Merkmal="0.0" ObjInfo="( Herr H. Brockmann, Sedanstr. 14, 30161 Hannover, 0511/ 341807 )"/>
  <Objekte ObjID="6002" ObjAufnahme="1997-12-01" ObjLetztKontakt="1997-12-01" ObjStrasseID="8018" ObjHausnummer="Salamancaweg 6" ObjVorlage="2013-09-11 00:00:00.0" ObKeinKontakt="1" ObjArtID="1" Merkmal="0.0" ObjInfo="( Herr H. Brockmann, Sedanstr. 14, 30161 Hannover, 0511/ 341807 )"/>
  <Objekte ObjID="6004" ObjAufnahme="1997-12-01" ObjLetztKontakt="1997-12-01" ObjStrasseID="8340" ObjHausnummer="Sylter Weg 1" ObjVorlage="2013-09-11 00:00:00.0" ObKeinKontakt="1" ObjArtID="1" Merkmal="0.0" ObjInfo="( Wohnungsbagenossenschaft Heimkehr e.V. )"/>
  <Objekte ObjID="6005" ObjAufnahme="1997-12-01" ObjLetztKontakt="1997-12-01" ObjStrasseID="8340" ObjHausnummer="Sylter Weg 2" ObjVorlage="2013-09-11 00:00:00.0" ObKeinKontakt="1" ObjArtID="1" Merkmal="0.0" ObjInfo="( Wohnungsbagenossenschaft Heimkehr e.V. )"/>
  <Objekte ObjID="6006" ObjAufnahme="1997-12-01" ObjLetztKontakt="1997-12-01" ObjStrasseID="8340" ObjHausnummer="Sylter Weg 3" ObjVorlage="2013-09-11 00:00:00.0" ObKeinKontakt="1" ObjArtID="1" Merkmal="0.0" ObjInfo="( Wohnungsbagenossenschaft Heimkehr e.V. )"/>
  <Objekte ObjID="6007" ObjAufnahme="1997-12-01" ObjLetztKontakt="1997-12-01" ObjStrasseID="8340" ObjHausnummer="Sylter Weg 4" ObjVorlage="2013-09-11 00:00:00.0" ObKeinKontakt="1" ObjArtID="1" Merkmal="0.0" ObjInfo="( Wohnungsbagenossenschaft Heimkehr e.V. )"/>
  <Objekte ObjID="6008" ObjAufnahme="1997-12-01" ObjLetztKontakt="1997-12-01" ObjStrasseID="8340" ObjHausnummer="Sylter Weg 5" ObjVorlage="2013-09-11 00:00:00.0" ObKeinKontakt="1" ObjArtID="1" Merkmal="0.0" ObjInfo="( Wohnungsbagenossenschaft Heimkehr e.V. )"/>
  <Objekte ObjID="6009" ObjAufnahme="1997-12-01" ObjLetztKontakt="1997-12-01" ObjStrasseID="8340" ObjHausnummer="Sylter Weg 6" ObjVorlage="2013-09-11 00:00:00.0" ObKeinKontakt="1" ObjArtID="1" Merkmal="0.0" ObjInfo="( Wohnungsbagenossenschaft Heimkehr e.V. )"/>
  <Objekte ObjID="6010" ObjAufnahme="1997-12-01" ObjLetztKontakt="1997-12-01" ObjStrasseID="8340" ObjHausnummer="Sylter Weg 7" ObjVorlage="2013-09-11 00:00:00.0" ObKeinKontakt="1" ObjArtID="1" Merkmal="0.0" ObjInfo="( Wohnungsbagenossenschaft Heimkehr e.V. )"/>
  <Objekte ObjID="6011" ObjAufnahme="1997-12-01" ObjLetztKontakt="1997-12-01" ObjStrasseID="8340" ObjHausnummer="Sylter Weg 8" ObjVorlage="2013-09-11 00:00:00.0" ObKeinKontakt="1" ObjArtID="1" Merkmal="0.0" ObjInfo="( Wohnungsbagenossenschaft Heimkehr e.V. )"/>
  <Objekte ObjID="6012" ObjAufnahme="1997-12-01" ObjLetztKontakt="1997-12-01" ObjStrasseID="8340" ObjHausnummer="Sylter Weg 9" ObjVorlage="2013-09-11 00:00:00.0" ObKeinKontakt="1" ObjArtID="1" Merkmal="0.0" ObjInfo="( Wohnungsbagenossenschaft Heimkehr e.V. )"/>
  <Objekte ObjID="6013" ObjAufnahme="1997-12-01" ObjLetztKontakt="1997-12-01" ObjStrasseID="8340" ObjHausnummer="Sylter Weg 10" ObjVorlage="2013-09-11 00:00:00.0" ObKeinKontakt="1" ObjArtID="1" Merkmal="0.0" ObjInfo="( Wohnungsbagenossenschaft Heimkehr e.V. )"/>
  <Objekte ObjID="6014" ObjAufnahme="1997-12-01" ObjLetztKontakt="1997-12-01" ObjStrasseID="8340" ObjHausnummer="Sylter Weg 11" ObjVorlage="2013-09-11 00:00:00.0" ObKeinKontakt="1" ObjArtID="1" Merkmal="0.0" ObjInfo="( Wohnungsbagenossenschaft Heimkehr e.V. )"/>
  <Objekte ObjID="6015" ObjAufnahme="1997-12-01" ObjLetztKontakt="1997-12-01" ObjStrasseID="8340" ObjHausnummer="Sylter Weg 12" ObjVorlage="2013-09-11 00:00:00.0" ObKeinKontakt="1" ObjArtID="1" Merkmal="0.0" ObjInfo="( Wohnungsbagenossenschaft Heimkehr e.V. )"/>
  <Objekte ObjID="6016" ObjAufnahme="1997-12-01" ObjLetztKontakt="1997-12-01" ObjStrasseID="8340" ObjHausnummer="Sylter Weg 13" ObjVorlage="2013-09-11 00:00:00.0" ObKeinKontakt="1" ObjArtID="1" Merkmal="0.0" ObjInfo="( Wohnungsbagenossenschaft Heimkehr e.V. )"/>
  <Objekte ObjID="6017" ObjAufnahme="1997-12-01" ObjLetztKontakt="1997-12-01" ObjStrasseID="8340" ObjHausnummer="Sylter Weg 14" ObjVorlage="2013-09-11 00:00:00.0" ObKeinKontakt="1" ObjArtID="1" Merkmal="0.0" ObjInfo="( Wohnungsbagenossenschaft Heimkehr e.V. )"/>
  <Objekte ObjID="6018" ObjAufnahme="1997-12-01" ObjLetztKontakt="1997-12-01" ObjStrasseID="8340" ObjHausnummer="Sylter Weg 17" ObjVorlage="2013-09-11 00:00:00.0" ObKeinKontakt="1" ObjArtID="1" Merkmal="0.0" ObjInfo="( Gemeinnützige Wohnungsbaugesellschaft, Lavesstr. 62, 30159 Hannover, 0511/ 364960, Herr Stock, Herr Wiedner 030/ 3000930 )"/>
  <Objekte ObjID="6019" ObjAufnahme="1997-12-01" ObjLetztKontakt="1997-12-01" ObjStrasseID="8340" ObjHausnummer="Sylter Weg 21" ObjVorlage="2013-09-11 00:00:00.0" ObKeinKontakt="1" ObjArtID="1" Merkmal="0.0" ObjInfo="( Gemeinnützige Wohnungsbaugesellschaft, Lavesstr. 62, 30159 Hannover, 0511/ 364960, Herr Stock, Herr Wiedner 030/ 3000930 )"/>
  <Objekte ObjID="6020" ObjAufnahme="1997-12-01" ObjLetztKontakt="1997-12-01" ObjStrasseID="8340" ObjHausnummer="Sylter Weg 25" ObjVorlage="2013-09-11 00:00:00.0" ObKeinKontakt="1" ObjArtID="1" Merkmal="0.0" ObjInfo="( Gemeinnützige Wohnungsbaugesellschaft, Lavesstr. 62, 30159 Hannover, 0511/ 364960, Herr Stock, Herr Wiedner 030/ 3000930 )"/>
  <Objekte ObjID="6021" ObjAufnahme="1997-12-01" ObjLetztKontakt="1997-12-01" ObjStrasseID="8342" ObjHausnummer="Tannenbergallee 1" ObjVorlage="2013-09-11 00:00:00.0" ObKeinKontakt="1" ObjArtID="1" Merkmal="0.0" ObjInfo="( Ärzteversorgung, Berliner Allee 20, 30175 Hannover )"/>
  <Objekte ObjID="6023" ObjAufnahme="1997-12-01" ObjLetztKontakt="1997-12-01" ObjStrasseID="8342" ObjHausnummer="Tannenbergallee 3" ObjVorlage="2013-09-11 00:00:00.0" ObKeinKontakt="1" ObjArtID="1" Merkmal="0.0" ObjInfo="( Herr Ritscher )"/>
  <Objekte ObjID="6024" ObjAufnahme="1997-12-01" ObjLetztKontakt="1997-12-01" ObjStrasseID="8342" ObjHausnummer="Tannenbergallee 5" ObjVorlage="2013-09-11 00:00:00.0" ObKeinKontakt="1" ObjArtID="1" Merkmal="0.0" ObjInfo="( Ärzteversorgung, Berliner Allee 20, 30175 Hannover )"/>
  <Objekte ObjID="6025" ObjAufnahme="1997-12-01" ObjLetztKontakt="1997-12-01" ObjStrasseID="8342" ObjHausnummer="Tannenbergallee 7" ObjVorlage="2013-09-11 00:00:00.0" ObKeinKontakt="1" ObjArtID="1" Merkmal="0.0" ObjInfo="( Frau Szczesny )"/>
  <Objekte ObjID="6026" ObjAufnahme="1997-12-03" ObjLetztKontakt="1997-12-03" ObjStrasseID="8341" ObjHausnummer="Talaverastraße 2" ObjVorlage="2013-09-11 00:00:00.0" ObKeinKontakt="1" ObjArtID="1" Merkmal="0.0" ObjInfo="( Wohnungsgenossenschaft Kleefeld- Buchholz eG,Berkhusenstr. 16, 30625 Hannover )"/>
  <Objekte ObjID="6027" ObjAufnahme="1997-12-03" ObjLetztKontakt="1997-12-03" ObjStrasseID="8341" ObjHausnummer="Talaverastraße 3" ObjVorlage="2013-09-11 00:00:00.0" ObKeinKontakt="1" ObjArtID="1" Merkmal="0.0" ObjInfo="( Spar- und Bauverein )"/>
  <Objekte ObjID="6028" ObjAufnahme="1997-12-03" ObjLetztKontakt="1997-12-03" ObjStrasseID="8341" ObjHausnummer="Talaverastraße 4" ObjVorlage="2013-09-11 00:00:00.0" ObKeinKontakt="1" ObjArtID="1" Merkmal="0.0" ObjInfo="( Wohnungsgenossenschaft Kleefeld- Buchholz eG,Berkhusenstr. 16, 30625 Hannover )"/>
  <Objekte ObjID="6029" ObjAufnahme="1997-12-03" ObjLetztKontakt="1997-12-03" ObjStrasseID="8341" ObjHausnummer="Talaverastraße 5" ObjVorlage="2013-09-11 00:00:00.0" ObKeinKontakt="1" ObjArtID="1" Merkmal="0.0" ObjInfo="( Spar- und Bauverein )"/>
  <Objekte ObjID="6030" ObjAufnahme="1997-12-03" ObjLetztKontakt="1997-12-03" ObjStrasseID="8341" ObjHausnummer="Talaverastraße 6" ObjVorlage="2013-09-11 00:00:00.0" ObKeinKontakt="1" ObjArtID="1" Merkmal="0.0" ObjInfo="( Wohnungsgenossenschaft Kleefeld- Buchholz eG,Berkhusenstr. 16, 30625 Hannover )"/>
  <Objekte ObjID="6031" ObjAufnahme="1997-12-03" ObjLetztKontakt="1997-12-03" ObjStrasseID="8341" ObjHausnummer="Talaverastraße 7" ObjVorlage="2013-09-11 00:00:00.0" ObKeinKontakt="1" ObjArtID="1" Merkmal="0.0" ObjInfo="( Spar- und Bauverein )"/>
  <Objekte ObjID="6032" ObjAufnahme="1997-12-03" ObjLetztKontakt="1997-12-03" ObjStrasseID="8341" ObjHausnummer="Talaverastraße 8" ObjVorlage="2013-09-11 00:00:00.0" ObKeinKontakt="1" ObjArtID="1" Merkmal="0.0" ObjInfo="( Wohnungsgenossenschaft Kleefeld- Buchholz eG,Berkhusenstr. 16, 30625 Hannover )"/>
  <Objekte ObjID="6033" ObjAufnahme="1997-12-03" ObjLetztKontakt="1997-12-03" ObjStrasseID="8341" ObjHausnummer="Talaverastraße 9" ObjVorlage="2013-09-11 00:00:00.0" ObKeinKontakt="1" ObjArtID="1" Merkmal="0.0" ObjInfo="( Spar- und Bauverein )"/>
  <Objekte ObjID="6034" ObjAufnahme="1997-12-03" ObjLetztKontakt="1997-12-03" ObjStrasseID="8341" ObjHausnummer="Talaverastraße 10" ObjVorlage="2013-09-11 00:00:00.0" ObKeinKontakt="1" ObjArtID="1" Merkmal="0.0" ObjInfo="( Wohnungsgenossenschaft Kleefeld- Buchholz eG,Berkhusenstr. 16, 30625 Hannover )"/>
  <Objekte ObjID="6035" ObjAufnahme="1997-12-03" ObjLetztKontakt="1997-12-03" ObjStrasseID="8341" ObjHausnummer="Talaverastraße 11" ObjVorlage="2013-09-11 00:00:00.0" ObKeinKontakt="1" ObjArtID="1" Merkmal="0.0" ObjInfo="( Spar- und Bauverein )"/>
  <Objekte ObjID="6036" ObjAufnahme="1997-12-03" ObjLetztKontakt="1997-12-03" ObjStrasseID="8341" ObjHausnummer="Talaverastraße 12" ObjVorlage="2013-09-11 00:00:00.0" ObKeinKontakt="1" ObjArtID="1" Merkmal="0.0" ObjInfo="( Wohnungsgenossenschaft Kleefeld- Buchholz eG,Berkhusenstr. 16, 30625 Hannover )"/>
  <Objekte ObjID="6037" ObjAufnahme="1997-12-03" ObjLetztKontakt="1997-12-03" ObjStrasseID="8341" ObjHausnummer="Talaverastraße 14" ObjVorlage="2013-09-11 00:00:00.0" ObKeinKontakt="1" ObjArtID="201" Merkmal="0.0" ObjInfo="15098\2 Blk."/>
  <Objekte ObjID="6038" ObjAufnahme="1997-12-03" ObjLetztKontakt="1997-12-03" ObjStrasseID="8341" ObjHausnummer="Talaverastraße 16" ObjVorlage="2013-09-11 00:00:00.0" ObKeinKontakt="1" ObjArtID="1" Merkmal="0.0" ObjInfo="( Erbengemeinschaft Schönbeck )"/>
  <Objekte ObjID="6041" ObjAufnahme="1997-12-03" ObjLetztKontakt="1997-12-03" ObjStrasseID="8415" ObjHausnummer="Troschkestraße 1" ObjVorlage="2013-09-11 00:00:00.0" ObKeinKontakt="1" ObjArtID="1" Merkmal="0.0"/>
  <Objekte ObjID="6042" ObjAufnahme="1997-12-03" ObjLetztKontakt="1997-12-03" ObjStrasseID="8415" ObjHausnummer="Troschkestraße 3" ObjVorlage="2013-09-11 00:00:00.0" ObKeinKontakt="1" ObjArtID="1" Merkmal="0.0" ObjInfo="( Riecke Hausverwaltung 0511/ 5477122 )"/>
  <Objekte ObjID="6043" ObjAufnahme="1997-12-03" ObjLetztKontakt="1997-12-03" ObjStrasseID="8415" ObjHausnummer="Troschkestraße 5" ObjVorlage="2013-09-11 00:00:00.0" ObKeinKontakt="1" ObjArtID="1" Merkmal="0.0"/>
  <Objekte ObjID="6044" ObjAufnahme="1997-12-03" ObjLetztKontakt="1997-12-03" ObjStrasseID="8415" ObjHausnummer="Troschkestraße 7" ObjVorlage="2013-09-11 00:00:00.0" ObKeinKontakt="1" ObjArtID="1" Merkmal="0.0" ObjInfo="( Frau Hausmeister, Riecke Hausverwaltung )"/>
  <Objekte ObjID="6045" ObjAufnahme="1997-12-03" ObjLetztKontakt="1997-12-03" ObjStrasseID="8415" ObjHausnummer="Troschkestraße 9" ObjVorlage="2013-09-11 00:00:00.0" ObKeinKontakt="1" ObjArtID="1" Merkmal="0.0" ObjInfo="( Jahn, Horst Czerner 0511/ 375503, Axel Kohnert 0511/ 639559 )"/>
  <Objekte ObjID="6046" ObjAufnahme="1997-12-03" ObjLetztKontakt="1997-12-03" ObjStrasseID="8415" ObjHausnummer="Troschkestraße 11" ObjVorlage="2013-09-11 00:00:00.0" ObKeinKontakt="1" ObjArtID="1" Merkmal="0.0" ObjInfo="( Herr H. Jahn, Rotermundstr. 24c, 30163 Hannover, 0511/ 3508348 )"/>
  <Objekte ObjID="6047" ObjAufnahme="1997-12-03" ObjLetztKontakt="1997-12-03" ObjStrasseID="8415" ObjHausnummer="Troschkestraße 13" ObjVorlage="2013-09-11 00:00:00.0" ObKeinKontakt="1" ObjArtID="1" Merkmal="0.0" ObjInfo="( Fa. KCA Hausverwaltungen, Hildesheimerstr., Hannover )"/>
  <Objekte ObjID="6048" ObjAufnahme="1997-12-03" ObjLetztKontakt="1997-12-03" ObjStrasseID="8415" ObjHausnummer="Troschkestraße 15" ObjVorlage="2013-09-11 00:00:00.0" ObKeinKontakt="1" ObjArtID="1" Merkmal="0.0" ObjInfo="( Herr Fr. Rotermund, Redeckerstr.13, 30165 Hannover )"/>
  <Objekte ObjID="6049" ObjAufnahme="1997-12-03" ObjLetztKontakt="1997-12-03" ObjStrasseID="8484" ObjHausnummer="Voltastraße 16" ObjVorlage="2013-09-11 00:00:00.0" ObKeinKontakt="1" ObjArtID="5" Merkmal="0.0" ObjInfo="( Frau Bähre, Bad Münder, 05042/ 3327 )"/>
  <Objekte ObjID="6050" ObjAufnahme="1997-12-03" ObjLetztKontakt="1997-12-03" ObjStrasseID="8484" ObjHausnummer="Voltastraße 18" ObjVorlage="2013-09-11 00:00:00.0" ObKeinKontakt="1" ObjArtID="1" Merkmal="0.0" ObjInfo="( Herr Dr. Boche, Verw. Lautex Verwaltungsgesellschaft )"/>
  <Objekte ObjID="6051" ObjAufnahme="1997-12-03" ObjLetztKontakt="1997-12-03" ObjStrasseID="8484" ObjHausnummer="Voltastraße 18B" ObjVorlage="2013-09-11 00:00:00.0" ObKeinKontakt="1" ObjArtID="1" Merkmal="0.0"/>
  <Objekte ObjID="6052" ObjAufnahme="1997-12-03" ObjLetztKontakt="1997-12-03" ObjStrasseID="8484" ObjHausnummer="Voltastraße 20" ObjVorlage="2013-09-11 00:00:00.0" ObKeinKontakt="1" ObjArtID="1" Merkmal="0.0"/>
  <Objekte ObjID="6053" ObjAufnahme="1997-12-03" ObjLetztKontakt="1997-12-03" ObjStrasseID="8484" ObjHausnummer="Voltastraße 22" ObjVorlage="2013-09-11 00:00:00.0" ObKeinKontakt="1" ObjArtID="1" Merkmal="0.0" ObjInfo="( Fa. Hartmann, Peine )"/>
  <Objekte ObjID="6054" ObjAufnahme="1997-12-03" ObjLetztKontakt="1997-12-03" ObjStrasseID="8577" ObjHausnummer="Wellingtonweg 1" ObjVorlage="2013-09-11 00:00:00.0" ObKeinKontakt="1" ObjArtID="1" Merkmal="0.0" ObjInfo="( Gemeinnützige Wohnungsbaugesellschaft,Lavesstr. 62, 30159 Hannover )"/>
  <Objekte ObjID="6055" ObjAufnahme="1997-12-03" ObjLetztKontakt="1997-12-03" ObjStrasseID="8577" ObjHausnummer="Wellingtonweg 2" ObjVorlage="2013-09-11 00:00:00.0" ObKeinKontakt="1" ObjArtID="1" Merkmal="0.0" ObjInfo="( Gemeinnützige Wohnungsbaugesellschaft,Lavesstr. 62, 30159 Hannover )"/>
  <Objekte ObjID="6056" ObjAufnahme="1997-12-03" ObjLetztKontakt="1997-12-03" ObjStrasseID="8577" ObjHausnummer="Wellingtonweg 3" ObjVorlage="2013-09-11 00:00:00.0" ObKeinKontakt="1" ObjArtID="177" Merkmal="0.0" ObjInfo="( Gemeinnützige Wohnungsbaugesellschaft,Lavesstr. 62, 30159 Hannover )"/>
  <Objekte ObjID="6057" ObjAufnahme="1997-12-03" ObjLetztKontakt="1997-12-03" ObjStrasseID="8577" ObjHausnummer="Wellingtonweg 4" ObjVorlage="2013-09-11 00:00:00.0" ObKeinKontakt="1" ObjArtID="1" Merkmal="0.0" ObjInfo="( Gemeinnützige Wohnungsbaugesellschaft,Lavesstr. 62, 30159 Hannover )"/>
  <Objekte ObjID="6058" ObjAufnahme="1997-12-03" ObjLetztKontakt="1997-12-03" ObjStrasseID="8577" ObjHausnummer="Wellingtonweg 5" ObjVorlage="2013-09-11 00:00:00.0" ObKeinKontakt="1" ObjArtID="177" Merkmal="0.0" ObjInfo="( Gemeinnützige Wohnungsbaugesellschaft,Lavesstr. 62, 30159 Hannover )"/>
  <Objekte ObjID="6059" ObjAufnahme="1997-12-03" ObjLetztKontakt="1997-12-03" ObjStrasseID="8669" ObjHausnummer="Witzendorffstraße 1" ObjVorlage="2013-09-11 00:00:00.0" ObKeinKontakt="1" ObjArtID="1" Merkmal="0.0" ObjInfo="( Spar- und Bauverein)"/>
  <Objekte ObjID="6060" ObjAufnahme="1997-12-03" ObjLetztKontakt="1997-12-03" ObjStrasseID="8669" ObjHausnummer="Witzendorffstraße 3" ObjVorlage="2013-09-11 00:00:00.0" ObKeinKontakt="1" ObjArtID="1" Merkmal="0.0" ObjInfo="( Spar- und Bauverein )"/>
  <Objekte ObjID="6061" ObjAufnahme="1997-12-03" ObjLetztKontakt="1997-12-03" ObjStrasseID="8669" ObjHausnummer="Witzendorffstraße 5" ObjVorlage="2013-09-11 00:00:00.0" ObKeinKontakt="1" ObjArtID="1" Merkmal="0.0" ObjInfo="( Spar- und Bauverein )"/>
  <Objekte ObjID="6062" ObjAufnahme="1997-12-03" ObjLetztKontakt="1997-12-03" ObjStrasseID="8669" ObjHausnummer="Witzendorffstraße 7" ObjVorlage="2013-09-11 00:00:00.0" ObKeinKontakt="1" ObjArtID="1" Merkmal="0.0" ObjInfo="( Herr Theissen, Hausverw. Dierks )"/>
  <Objekte ObjID="6063" ObjAufnahme="1997-12-03" ObjLetztKontakt="1997-12-03" ObjStrasseID="8449" ObjHausnummer="Vahrenwalder Platz 1" ObjVorlage="2013-09-11 00:00:00.0" ObKeinKontakt="1" ObjArtID="1" Merkmal="0.0" ObjInfo="( HBJ Immobilien, 0511/ 692696 )"/>
  <Objekte ObjID="6066" ObjAufnahme="1997-12-03" ObjLetztKontakt="1997-12-03" ObjStrasseID="8450" ObjHausnummer="Vahrenwalder Straße 12" ObjVorlage="2013-09-11 00:00:00.0" ObKeinKontakt="1" ObjArtID="1" Merkmal="0.0" ObjInfo="( Rheinisch- Westf. Boden- Credit- Bank, Untersachsenhausen 2, Köln )"/>
  <Objekte ObjID="6067" ObjAufnahme="1997-12-03" ObjLetztKontakt="1997-12-03" ObjStrasseID="8450" ObjHausnummer="Vahrenwalder Straße 14" ObjVorlage="2013-09-11 00:00:00.0" ObKeinKontakt="1" ObjArtID="1" Merkmal="0.0" ObjInfo="( Rheinisch- Westf. Boden- Credit- Bank, Untersachsenhausen 2, Köln )"/>
  <Objekte ObjID="6068" ObjAufnahme="1997-12-03" ObjLetztKontakt="1997-12-03" ObjStrasseID="8450" ObjHausnummer="Vahrenwalder Straße 16" ObjVorlage="2013-09-11 00:00:00.0" ObKeinKontakt="1" ObjArtID="1" Merkmal="0.0" ObjInfo="( Fa. Werner Münnichow, Gebäude- Dienstleistungs GmbH, s.o., 0511/ 344034 )"/>
  <Objekte ObjID="6069" ObjAufnahme="1997-12-03" ObjLetztKontakt="1998-11-06" ObjStrasseID="8450" ObjHausnummer="Vahrenwalder Straße 18" ObjVorlage="2013-09-11 00:00:00.0" ObKeinKontakt="5" ObjArtID="1" Merkmal="0.9999999999999999" ObjInfo="( Herr Dr. W. Cajewitz, Hildesheimer Str. 11, 30169 Hannover, 0511/ 853026 )"/>
  <Objekte ObjID="6070" ObjAufnahme="1997-12-03" ObjLetztKontakt="1997-12-03" ObjStrasseID="8450" ObjHausnummer="Vahrenwalder Straße 20" ObjVorlage="2013-09-11 00:00:00.0" ObKeinKontakt="1" ObjArtID="1" Merkmal="0.0" ObjInfo="( Erbengemeinschaft Pollmann, s.o. )"/>
  <Objekte ObjID="6071" ObjAufnahme="1997-12-03" ObjLetztKontakt="1997-12-03" ObjStrasseID="8450" ObjHausnummer="Vahrenwalder Straße 22" ObjVorlage="2013-09-11 00:00:00.0" ObKeinKontakt="1" ObjArtID="1" Merkmal="0.0" ObjInfo="( Herr redeke, Tilkentrift 9, 30916 Isernhagen, 05139/ 88800 )"/>
  <Objekte ObjID="6072" ObjAufnahme="1997-12-03" ObjLetztKontakt="1997-12-03" ObjStrasseID="8450" ObjHausnummer="Vahrenwalder Straße 24" ObjVorlage="2013-09-11 00:00:00.0" ObKeinKontakt="1" ObjArtID="1" Merkmal="0.0" ObjInfo="( Frau Helene Fastje, Jakobistr. 1, 30163 Hannover, 0511/ 665710 )"/>
  <Objekte ObjID="6073" ObjAufnahme="1997-12-03" ObjLetztKontakt="1997-12-03" ObjStrasseID="8450" ObjHausnummer="Vahrenwalder Straße 26" ObjVorlage="2013-09-11 00:00:00.0" ObKeinKontakt="1" ObjArtID="1" Merkmal="0.0" ObjInfo="(Verw. Immobilien und Anbaugesellschaft )"/>
  <Objekte ObjID="6074" ObjAufnahme="1997-12-03" ObjLetztKontakt="1997-12-03" ObjStrasseID="8450" ObjHausnummer="Vahrenwalder Straße 28" ObjVorlage="2013-09-11 00:00:00.0" ObKeinKontakt="1" ObjArtID="1" Merkmal="0.0" ObjInfo="Herr H. Weise, Voßstr. 19, 30161 Hannover )"/>
  <Objekte ObjID="6075" ObjAufnahme="1997-12-03" ObjLetztKontakt="1997-12-03" ObjStrasseID="8450" ObjHausnummer="Vahrenwalder Straße 30" ObjVorlage="2013-09-11 00:00:00.0" ObKeinKontakt="1" ObjArtID="1" Merkmal="0.0"/>
  <Objekte ObjID="6076" ObjAufnahme="1997-12-03" ObjLetztKontakt="1997-12-03" ObjStrasseID="8450" ObjHausnummer="Vahrenwalder Straße 32" ObjVorlage="2013-09-11 00:00:00.0" ObKeinKontakt="1" ObjArtID="1" Merkmal="0.0" ObjInfo="( Frau Blume, s.o., 30165 Hannover, 0511/ 3885770, 0511/ 331820 )"/>
  <Objekte ObjID="6077" ObjAufnahme="1997-12-03" ObjLetztKontakt="1997-12-03" ObjStrasseID="8450" ObjHausnummer="Vahrenwalder Straße 34" ObjVorlage="2013-09-11 00:00:00.0" ObKeinKontakt="1" ObjArtID="1" Merkmal="0.0" ObjInfo="( Herr E. Frerking, s.o., 0511/ 317486 )"/>
  <Objekte ObjID="6078" ObjAufnahme="1997-12-03" ObjLetztKontakt="1997-12-03" ObjStrasseID="8450" ObjHausnummer="Vahrenwalder Straße 36" ObjVorlage="2013-09-11 00:00:00.0" ObKeinKontakt="1" ObjArtID="1" Merkmal="0.0" ObjInfo="( Herr A. Sohnemann, Bilm 6, 0511/ 314597 )"/>
  <Objekte ObjID="6079" ObjAufnahme="1997-12-03" ObjLetztKontakt="1997-12-03" ObjStrasseID="8450" ObjHausnummer="Vahrenwalder Straße 38" ObjVorlage="2013-09-11 00:00:00.0" ObKeinKontakt="1" ObjArtID="1" Merkmal="0.0" ObjInfo="( Frau Eta Hampel, Wilhelm- Busch- Str. 13, 30926 Seelze )"/>
  <Objekte ObjID="6080" ObjAufnahme="1997-12-03" ObjLetztKontakt="1997-12-03" ObjStrasseID="8450" ObjHausnummer="Vahrenwalder Straße 40" ObjVorlage="2013-09-11 00:00:00.0" ObKeinKontakt="1" ObjArtID="1" Merkmal="0.0" ObjInfo="( Wohnungsbaugenossenschaft Hannover Land eG, Ubbenstr. 3, 30159 Hannover )"/>
  <Objekte ObjID="6081" ObjAufnahme="1997-12-03" ObjLetztKontakt="1997-12-03" ObjStrasseID="8450" ObjHausnummer="Vahrenwalder Straße 42" ObjVorlage="2013-09-11 00:00:00.0" ObKeinKontakt="1" ObjArtID="1" Merkmal="0.0" ObjInfo="( Frau Peters - Witwe- s.o., 0511/ 316055 )"/>
  <Objekte ObjID="6082" ObjAufnahme="1997-12-03" ObjLetztKontakt="1997-12-03" ObjStrasseID="8450" ObjHausnummer="Vahrenwalder Straße 44" ObjVorlage="2013-09-11 00:00:00.0" ObKeinKontakt="1" ObjArtID="1" Merkmal="0.0" ObjInfo="( Herr W. Schlüter, s.o. 0511/ 319167 )"/>
  <Objekte ObjID="6083" ObjAufnahme="1997-12-03" ObjLetztKontakt="1997-12-03" ObjStrasseID="8450" ObjHausnummer="Vahrenwalder Straße 50" ObjVorlage="2013-09-11 00:00:00.0" ObKeinKontakt="1" ObjArtID="1" Merkmal="0.0" ObjInfo="( Erbengemeinschaft Bente, z.H. Herrn Fröbst, Seydlitzstr. 12, 30161 Hannover, 0511/ 318801 )"/>
  <Objekte ObjID="6084" ObjAufnahme="1997-12-03" ObjLetztKontakt="1997-12-03" ObjStrasseID="8450" ObjHausnummer="Vahrenwalder Straße 52" ObjVorlage="2013-09-11 00:00:00.0" ObKeinKontakt="1" ObjArtID="1" Merkmal="0.0" ObjInfo="( Herr Dipl. ing. Michael Poss, Richard- Wagner- Str- 32, 30177 Hannover, 0511/ 664933 )"/>
  <Objekte ObjID="6085" ObjAufnahme="1997-12-03" ObjLetztKontakt="1997-12-03" ObjStrasseID="8450" ObjHausnummer="Vahrenwalder Straße 54" ObjVorlage="2013-09-11 00:00:00.0" ObKeinKontakt="1" ObjArtID="1" Merkmal="0.0" ObjInfo="( Herr H.W. Theißen, Marklendorf bei Walsrode )"/>
  <Objekte ObjID="6086" ObjAufnahme="1997-12-03" ObjLetztKontakt="1997-12-03" ObjStrasseID="8450" ObjHausnummer="Vahrenwalder Straße 56" ObjVorlage="2013-09-11 00:00:00.0" ObKeinKontakt="1" ObjArtID="1" Merkmal="0.0" ObjInfo="( Frau E. Heuer, Südring 2, 31226 Peine, 05171/ 81761 )"/>
  <Objekte ObjID="6087" ObjAufnahme="1997-12-03" ObjLetztKontakt="1998-10-21" ObjStrasseID="8450" ObjHausnummer="Vahrenwalder Straße 58" ObjVorlage="2013-09-11 00:00:00.0" ObKeinKontakt="5" ObjArtID="1" Merkmal="0.9999999999999999" ObjInfo="8WE/2Lä/1956/0,130/2,3"/>
  <Objekte ObjID="6088" ObjAufnahme="1997-12-03" ObjLetztKontakt="1997-12-03" ObjStrasseID="8450" ObjHausnummer="Vahrenwalder Straße 60" ObjVorlage="2013-09-11 00:00:00.0" ObKeinKontakt="1" ObjArtID="1" Merkmal="0.0" ObjInfo="( Volksbank Hannover eG, Kurt. Schumacher- Str., 30159 Hannover, 0511/ 313108- 0 )"/>
  <Objekte ObjID="6089" ObjAufnahme="1997-12-03" ObjLetztKontakt="1997-12-03" ObjStrasseID="8450" ObjHausnummer="Vahrenwalder Straße 62" ObjVorlage="2013-09-11 00:00:00.0" ObKeinKontakt="1" ObjArtID="1" Merkmal="0.0" ObjInfo="( Fa. Brinke, Kirchröder Str. 92, 30625 Hannover )"/>
  <Objekte ObjID="6090" ObjAufnahme="1997-12-03" ObjLetztKontakt="1998-10-21" ObjStrasseID="8450" ObjHausnummer="Vahrenwalder Straße 64" ObjVorlage="2013-09-11 00:00:00.0" ObKeinKontakt="1" ObjArtID="1" Merkmal="0.0" ObjInfo="( Herr F. Bertram, s.o., 0511/ 319718 )"/>
  <Objekte ObjID="6091" ObjAufnahme="1997-12-03" ObjLetztKontakt="1997-12-03" ObjStrasseID="8450" ObjHausnummer="Vahrenwalder Straße 66" ObjVorlage="2013-09-11 00:00:00.0" ObKeinKontakt="1" ObjArtID="1" Merkmal="0.0" ObjInfo="( Herr E. Thinius, s.o., 0511/ 319741 )"/>
  <Objekte ObjID="6092" ObjAufnahme="1997-12-03" ObjLetztKontakt="1997-12-03" ObjStrasseID="8450" ObjHausnummer="Vahrenwalder Straße 71" ObjVorlage="2013-09-11 00:00:00.0" ObKeinKontakt="1" ObjArtID="1" Merkmal="0.0" ObjInfo="( Stadtsparkasse Hannover, Verw. Lautex GmbH &amp; Co. )"/>
  <Objekte ObjID="6093" ObjAufnahme="1997-12-03" ObjLetztKontakt="1997-12-03" ObjStrasseID="8450" ObjHausnummer="Vahrenwalder Straße 72" ObjVorlage="2013-09-11 00:00:00.0" ObKeinKontakt="1" ObjArtID="1" Merkmal="0.0" ObjInfo="( Erbengemeinschaft Tospann, Hannover, Verw. Lautex GmbH &amp; Co. )"/>
  <Objekte ObjID="6094" ObjAufnahme="1997-12-03" ObjLetztKontakt="1997-12-03" ObjStrasseID="8450" ObjHausnummer="Vahrenwalder Straße 73" ObjVorlage="2013-09-11 00:00:00.0" ObKeinKontakt="1" ObjArtID="1" Merkmal="0.0" ObjInfo="( Stadtsparkasse Hannover )"/>
  <Objekte ObjID="6095" ObjAufnahme="1997-12-03" ObjLetztKontakt="1997-12-03" ObjStrasseID="8450" ObjHausnummer="Vahrenwalder Straße 75" ObjVorlage="2013-09-11 00:00:00.0" ObKeinKontakt="1" ObjArtID="1" Merkmal="0.0" ObjInfo="( Stadtsparkasse Hannover )"/>
  <Objekte ObjID="6096" ObjAufnahme="1997-12-03" ObjLetztKontakt="1997-12-03" ObjStrasseID="8450" ObjHausnummer="Vahrenwalder Straße 77" ObjVorlage="2013-09-11 00:00:00.0" ObKeinKontakt="1" ObjArtID="1" Merkmal="0.0" ObjInfo="Stadtsparkasse Hannover )"/>
  <Objekte ObjID="6097" ObjAufnahme="1997-12-03" ObjLetztKontakt="1997-12-03" ObjStrasseID="8450" ObjHausnummer="Vahrenwalder Straße 79" ObjVorlage="2013-09-11 00:00:00.0" ObKeinKontakt="1" ObjArtID="1" Merkmal="0.0" ObjInfo="( Stadtsparkasse Hannover)"/>
  <Objekte ObjID="6099" ObjAufnahme="1997-12-03" ObjLetztKontakt="1997-12-03" ObjStrasseID="8450" ObjHausnummer="Vahrenwalder Straße 85" ObjVorlage="2013-09-11 00:00:00.0" ObKeinKontakt="1" ObjArtID="1" Merkmal="0.0" ObjInfo="( Fa. Art- Photo, s.o., 05112/ 351527 )"/>
  <Objekte ObjID="6100" ObjAufnahme="1997-12-03" ObjLetztKontakt="1997-12-03" ObjStrasseID="8450" ObjHausnummer="Vahrenwalder Straße 87" ObjVorlage="2013-09-11 00:00:00.0" ObKeinKontakt="1" ObjArtID="1" Merkmal="0.0" ObjInfo="( Herr H.G. Peters, 0511/ 316035 )"/>
  <Objekte ObjID="6101" ObjAufnahme="1997-12-03" ObjLetztKontakt="1997-12-03" ObjStrasseID="8450" ObjHausnummer="Vahrenwalder Straße 70" ObjVorlage="2013-09-11 00:00:00.0" ObKeinKontakt="1" ObjArtID="1" Merkmal="0.0" ObjInfo="( Herr Knackert, s.o. 30165 Hannover, 0511/ 321404 )"/>
  <Objekte ObjID="6102" ObjAufnahme="1997-12-03" ObjLetztKontakt="1997-12-03" ObjStrasseID="8450" ObjHausnummer="Vahrenwalder Straße 78" ObjVorlage="2013-09-11 00:00:00.0" ObKeinKontakt="1" ObjArtID="1" Merkmal="0.0" ObjInfo="( Erbengemeinschaft Hörgel Pagel )"/>
  <Objekte ObjID="6103" ObjAufnahme="1997-12-03" ObjLetztKontakt="1997-12-03" ObjStrasseID="8450" ObjHausnummer="Vahrenwalder Straße 80" ObjVorlage="2013-09-11 00:00:00.0" ObKeinKontakt="1" ObjArtID="1" Merkmal="0.0" ObjInfo="( Herr Giesecke jun., s.o.) ( Herr Giesecke, Hannover )"/>
  <Objekte ObjID="6104" ObjAufnahme="1997-12-03" ObjLetztKontakt="1997-12-03" ObjStrasseID="8450" ObjHausnummer="Vahrenwalder Straße 82" ObjVorlage="2013-09-11 00:00:00.0" ObKeinKontakt="1" ObjArtID="1" Merkmal="0.0" ObjInfo="( Frau Steffan, s.o., )"/>
  <Objekte ObjID="6105" ObjAufnahme="1997-12-03" ObjLetztKontakt="1997-12-03" ObjStrasseID="8450" ObjHausnummer="Vahrenwalder Straße 84" ObjVorlage="2013-09-11 00:00:00.0" ObKeinKontakt="1" ObjArtID="1" Merkmal="0.9999999999999999" ObjInfo="11WE/3Läden/55/135/1,9"/>
  <Objekte ObjID="6106" ObjAufnahme="1997-12-03" ObjLetztKontakt="1997-12-03" ObjStrasseID="8450" ObjHausnummer="Vahrenwalder Straße 86" ObjVorlage="2013-09-11 00:00:00.0" ObKeinKontakt="1" ObjArtID="1" Merkmal="0.0" ObjInfo="( Frau Margit Huppe, s.o., 0511/ 622086 )"/>
  <Objekte ObjID="6107" ObjAufnahme="1997-12-03" ObjLetztKontakt="1997-12-03" ObjStrasseID="8450" ObjHausnummer="Vahrenwalder Straße 88" ObjVorlage="2013-09-11 00:00:00.0" ObKeinKontakt="1" ObjArtID="1" Merkmal="0.0" ObjInfo="( Erbengemeinschaft Städter )"/>
  <Objekte ObjID="6108" ObjAufnahme="1997-12-03" ObjLetztKontakt="1997-12-03" ObjStrasseID="8450" ObjHausnummer="Vahrenwalder Straße 90" ObjVorlage="2013-09-11 00:00:00.0" ObKeinKontakt="1" ObjArtID="1" Merkmal="0.0" ObjInfo="( Frau Elisabeth Budde, Isernhagener Str., 30163 Hannover )"/>
  <Objekte ObjID="6109" ObjAufnahme="1997-12-03" ObjLetztKontakt="1997-12-03" ObjStrasseID="8450" ObjHausnummer="Vahrenwalder Straße 102" ObjVorlage="2013-09-11 00:00:00.0" ObKeinKontakt="1" ObjArtID="1" Merkmal="0.0"/>
  <Objekte ObjID="6110" ObjAufnahme="1997-12-03" ObjLetztKontakt="1997-12-03" ObjStrasseID="8450" ObjHausnummer="Vahrenwalder Straße 104" ObjVorlage="2013-09-11 00:00:00.0" ObKeinKontakt="1" ObjArtID="1" Merkmal="0.0"/>
  <Objekte ObjID="6111" ObjAufnahme="1997-12-03" ObjLetztKontakt="1997-12-03" ObjStrasseID="8450" ObjHausnummer="Vahrenwalder Straße 146" ObjVorlage="2013-09-11 00:00:00.0" ObKeinKontakt="1" ObjArtID="1" Merkmal="0.0" ObjInfo="( Reinhardt &amp; Sebesse )"/>
  <Objekte ObjID="6112" ObjAufnahme="1997-12-03" ObjLetztKontakt="1997-12-03" ObjStrasseID="8450" ObjHausnummer="Vahrenwalder Straße 154" ObjVorlage="2013-09-11 00:00:00.0" ObKeinKontakt="1" ObjArtID="1" Merkmal="0.0" ObjInfo="( Landeshauptstadt Hannover )"/>
  <Objekte ObjID="6113" ObjAufnahme="1997-12-03" ObjLetztKontakt="1997-12-03" ObjStrasseID="8450" ObjHausnummer="Vahrenwalder Straße 162" ObjVorlage="2013-09-11 00:00:00.0" ObKeinKontakt="1" ObjArtID="1" Merkmal="0.0" ObjInfo="( Fa. Taxtreu Steuerberatungsgesellschaft, 0511/ 637777 )"/>
  <Objekte ObjID="6114" ObjAufnahme="1997-12-03" ObjLetztKontakt="1997-12-03" ObjStrasseID="8450" ObjHausnummer="Vahrenwalder Straße 164" ObjVorlage="2013-09-11 00:00:00.0" ObKeinKontakt="1" ObjArtID="1" Merkmal="0.0" ObjInfo="( Herr Fr. H. Engelke, Bergkirchen/ Wunstorf, 05031/ 71172 ? )"/>
  <Objekte ObjID="6116" ObjAufnahme="1997-12-03" ObjLetztKontakt="1997-12-03" ObjStrasseID="6374" ObjHausnummer="Erwinstraße 1" ObjVorlage="2013-09-11 00:00:00.0" ObKeinKontakt="1" ObjArtID="1" Merkmal="0.0" ObjInfo="( Frau Lieselotte Harms, 0511/ 814789 )"/>
  <Objekte ObjID="6117" ObjAufnahme="1997-12-03" ObjLetztKontakt="1997-12-03" ObjStrasseID="6374" ObjHausnummer="Erwinstraße 2" ObjVorlage="2013-09-11 00:00:00.0" ObKeinKontakt="1" ObjArtID="1" Merkmal="0.0" ObjInfo="( Dr. Chr. Buhmann, 0511/ 814161 )"/>
  <Objekte ObjID="6118" ObjAufnahme="1997-12-03" ObjLetztKontakt="1997-12-03" ObjStrasseID="6374" ObjHausnummer="Erwinstraße 3" ObjVorlage="2013-09-11 00:00:00.0" ObKeinKontakt="1" ObjArtID="1" Merkmal="0.0" ObjInfo="( Dr. H. Berkowitz ? )"/>
  <Objekte ObjID="6119" ObjAufnahme="1997-12-03" ObjLetztKontakt="1997-12-03" ObjStrasseID="6374" ObjHausnummer="Erwinstraße 4" ObjVorlage="2013-09-11 00:00:00.0" ObKeinKontakt="1" ObjArtID="84" Merkmal="0.0" ObjInfo="( J. Gundlach, Wedekindstr. 14 )"/>
  <Objekte ObjID="6120" ObjAufnahme="1997-12-03" ObjLetztKontakt="1997-12-03" ObjStrasseID="6374" ObjHausnummer="Erwinstraße 5" ObjVorlage="2013-09-11 00:00:00.0" ObKeinKontakt="1" ObjArtID="1" Merkmal="0.0" ObjInfo="( Eigentumswohnungen )"/>
  <Objekte ObjID="6121" ObjAufnahme="1997-12-03" ObjLetztKontakt="1997-12-03" ObjStrasseID="6374" ObjHausnummer="Erwinstraße 6" ObjVorlage="2013-09-11 00:00:00.0" ObKeinKontakt="1" ObjArtID="1" Merkmal="0.0" ObjInfo="( Eigentumswohnungen )"/>
  <Objekte ObjID="6122" ObjAufnahme="1997-12-03" ObjLetztKontakt="1997-12-03" ObjStrasseID="6374" ObjHausnummer="Erwinstraße 7" ObjVorlage="2013-09-11 00:00:00.0" ObKeinKontakt="1" ObjArtID="1" Merkmal="0.0" ObjInfo="( DRK, 0511/ 816006 )"/>
  <Objekte ObjID="6123" ObjAufnahme="1997-12-03" ObjLetztKontakt="1997-12-03" ObjStrasseID="6374" ObjHausnummer="Erwinstraße 8" ObjVorlage="2013-09-11 00:00:00.0" ObKeinKontakt="1" ObjArtID="1" Merkmal="0.0" ObjInfo="( Landesarbeitsgemeinschaft der freien Wohlfahrtspflege )"/>
  <Objekte ObjID="6124" ObjAufnahme="1997-12-03" ObjLetztKontakt="1997-12-03" ObjStrasseID="6913" ObjHausnummer="Holteistraße 1" ObjVorlage="2013-09-11 00:00:00.0" ObKeinKontakt="1" ObjArtID="1" Merkmal="0.0" ObjInfo="( Prof. Dr. Sievers, 0511/ 814965 )"/>
  <Objekte ObjID="6125" ObjAufnahme="1997-12-03" ObjLetztKontakt="1997-12-03" ObjStrasseID="6913" ObjHausnummer="Holteistraße 2" ObjVorlage="2013-09-11 00:00:00.0" ObKeinKontakt="1" ObjArtID="1" Merkmal="0.0" ObjInfo="( früher R. Schlinker )"/>
  <Objekte ObjID="6126" ObjAufnahme="1997-12-03" ObjLetztKontakt="1997-12-03" ObjStrasseID="6913" ObjHausnummer="Holteistraße 3" ObjVorlage="2013-09-11 00:00:00.0" ObKeinKontakt="1" ObjArtID="173" Merkmal="0.0" ObjInfo="( Ingrid Heermann 0511/ 813205 )"/>
  <Objekte ObjID="6127" ObjAufnahme="1997-12-03" ObjLetztKontakt="1997-12-03" ObjStrasseID="6913" ObjHausnummer="Holteistraße 4" ObjVorlage="2013-09-11 00:00:00.0" ObKeinKontakt="1" ObjArtID="1" Merkmal="0.0" ObjInfo="( E. Heintze 0511/ 815927 )"/>
  <Objekte ObjID="6128" ObjAufnahme="1997-12-03" ObjLetztKontakt="1997-12-03" ObjStrasseID="6913" ObjHausnummer="Holteistraße 5" ObjVorlage="2013-09-11 00:00:00.0" ObKeinKontakt="1" ObjArtID="1" Merkmal="0.0" ObjInfo="( E. Mogge, 0511/ 529691 )"/>
  <Objekte ObjID="6129" ObjAufnahme="1997-12-03" ObjLetztKontakt="1997-12-03" ObjStrasseID="6913" ObjHausnummer="Holteistraße 6" ObjVorlage="2013-09-11 00:00:00.0" ObKeinKontakt="1" ObjArtID="1" Merkmal="0.0" ObjInfo="( G. Boehr, 0511/ 851862 )"/>
  <Objekte ObjID="6130" ObjAufnahme="1997-12-03" ObjLetztKontakt="1997-12-03" ObjStrasseID="6913" ObjHausnummer="Holteistraße 7" ObjVorlage="2013-09-11 00:00:00.0" ObKeinKontakt="1" ObjArtID="1" Merkmal="0.0" ObjInfo="( W. Meyer ? )"/>
  <Objekte ObjID="6131" ObjAufnahme="1997-12-03" ObjLetztKontakt="1997-12-03" ObjStrasseID="6913" ObjHausnummer="Holteistraße 8" ObjVorlage="2013-09-11 00:00:00.0" ObKeinKontakt="1" ObjArtID="1" Merkmal="0.0" ObjInfo="( Eigentumswohnungen )"/>
  <Objekte ObjID="6132" ObjAufnahme="1997-12-03" ObjLetztKontakt="1997-12-03" ObjStrasseID="6913" ObjHausnummer="Holteistraße 9" ObjVorlage="2013-09-11 00:00:00.0" ObKeinKontakt="1" ObjArtID="1" Merkmal="0.0" ObjInfo="( E. Kleditz )"/>
  <Objekte ObjID="6133" ObjAufnahme="1997-12-03" ObjLetztKontakt="1997-12-03" ObjStrasseID="6913" ObjHausnummer="Holteistraße 10" ObjVorlage="2013-09-11 00:00:00.0" ObKeinKontakt="1" ObjArtID="1" Merkmal="0.0" ObjInfo="( G. Kruse )"/>
  <Objekte ObjID="6135" ObjAufnahme="1997-12-03" ObjLetztKontakt="1997-12-03" ObjStrasseID="7283" ObjHausnummer="Kurt-Schumacher-Straße 30" ObjVorlage="2013-09-11 00:00:00.0" ObKeinKontakt="1" ObjArtID="5" Merkmal="0.0" ObjInfo="( Herr A. Bogenstahl )"/>
  <Objekte ObjID="6139" ObjAufnahme="1997-12-03" ObjLetztKontakt="1997-12-03" ObjStrasseID="7283" ObjHausnummer="Kurt-Schumacher-Straße 38" ObjVorlage="2013-09-11 00:00:00.0" ObKeinKontakt="1" ObjArtID="5" Merkmal="0.0" ObjInfo="( Frau Angelika Küppelberg, Wilhelmstr. 20, Hannover )"/>
  <Objekte ObjID="6140" ObjAufnahme="1997-12-03" ObjLetztKontakt="1997-12-03" ObjStrasseID="7666" ObjHausnummer="Odeonstraße 12" ObjVorlage="2013-09-11 00:00:00.0" ObKeinKontakt="1" ObjArtID="5" Merkmal="0.0" ObjInfo="( Pressehaus GmbH, s.o. )"/>
  <Objekte ObjID="6141" ObjAufnahme="1997-12-03" ObjLetztKontakt="1997-12-03" ObjStrasseID="7666" ObjHausnummer="Odeonstraße 13" ObjVorlage="2013-09-11 00:00:00.0" ObKeinKontakt="1" ObjArtID="5" Merkmal="0.0" ObjInfo="( Frau Raymond, Brauereiweg 33, Gehrden )&#xD;&#xA;evtl. Leibecke"/>
  <Objekte ObjID="6142" ObjAufnahme="1997-12-03" ObjLetztKontakt="1997-12-03" ObjStrasseID="7666" ObjHausnummer="Odeonstraße 14" ObjVorlage="2013-09-11 00:00:00.0" ObKeinKontakt="1" ObjArtID="5" Merkmal="0.0"/>
  <Objekte ObjID="6143" ObjAufnahme="1997-12-03" ObjLetztKontakt="1997-12-03" ObjStrasseID="7666" ObjHausnummer="Odeonstraße 15" ObjVorlage="2013-09-11 00:00:00.0" ObKeinKontakt="1" ObjArtID="5" Merkmal="0.0" ObjInfo="( SPD Deutschland, s.o. )"/>
  <Objekte ObjID="6144" ObjAufnahme="1997-12-03" ObjLetztKontakt="1997-12-03" ObjStrasseID="7666" ObjHausnummer="Odeonstraße 17" ObjVorlage="2013-09-11 00:00:00.0" ObKeinKontakt="1" ObjArtID="5" Merkmal="0.0" ObjInfo="( Herr Knoth,s.o. )"/>
  <Objekte ObjID="6145" ObjAufnahme="1997-12-03" ObjLetztKontakt="1997-12-03" ObjStrasseID="7666" ObjHausnummer="Odeonstraße 18" ObjVorlage="2013-09-11 00:00:00.0" ObKeinKontakt="1" ObjArtID="5" Merkmal="0.0"/>
  <Objekte ObjID="6146" ObjAufnahme="1997-12-03" ObjLetztKontakt="1997-12-03" ObjStrasseID="7666" ObjHausnummer="Odeonstraße 19" ObjVorlage="2013-09-11 00:00:00.0" ObKeinKontakt="1" ObjArtID="5" Merkmal="0.0" ObjInfo="( Herr Müller, s.o. )"/>
  <Objekte ObjID="6149" ObjAufnahme="1997-12-12" ObjLetztKontakt="1997-12-12" ObjStrasseID="8023" ObjHausnummer="Sallstraße 7" ObjVorlage="2013-09-11 00:00:00.0" ObKeinKontakt="1" ObjArtID="8" Merkmal="0.0" ObjInfo="( Pastor: Herr W. Hellbig )"/>
  <Objekte ObjID="6150" ObjAufnahme="1997-12-12" ObjLetztKontakt="1997-12-12" ObjStrasseID="8023" ObjHausnummer="Sallstraße 9" ObjVorlage="2013-09-11 00:00:00.0" ObKeinKontakt="1" ObjArtID="1" Merkmal="0.0" ObjInfo="( Henriettenstiftung )"/>
  <Objekte ObjID="6151" ObjAufnahme="1997-12-12" ObjLetztKontakt="1997-12-12" ObjStrasseID="8023" ObjHausnummer="Sallstraße 11" ObjVorlage="2013-09-11 00:00:00.0" ObKeinKontakt="1" ObjArtID="26" Merkmal="0.0" ObjInfo="( Henriettenstiftung )"/>
  <Objekte ObjID="6152" ObjAufnahme="1997-12-12" ObjLetztKontakt="1997-12-12" ObjStrasseID="8023" ObjHausnummer="Sallstraße 15" ObjVorlage="2013-09-11 00:00:00.0" ObKeinKontakt="1" ObjArtID="26" Merkmal="0.0" ObjInfo="( Fritz Grove, Max- Eyth- Str. 39, Elektro- Grove 0511/ 282077 )"/>
  <Objekte ObjID="6154" ObjAufnahme="1997-12-12" ObjLetztKontakt="1997-12-12" ObjStrasseID="8023" ObjHausnummer="Sallstraße 17" ObjVorlage="2013-09-11 00:00:00.0" ObKeinKontakt="1" ObjArtID="26" Merkmal="0.0" ObjInfo="( W. Cajewitz )"/>
  <Objekte ObjID="6155" ObjAufnahme="1997-12-12" ObjLetztKontakt="2001-06-11" ObjStrasseID="8023" ObjHausnummer="Sallstraße 13" ObjVorlage="2013-09-11 00:00:00.0" ObKeinKontakt="9" ObjArtID="126" Merkmal="0.0" ObjInfo="400118\ Dachterr.West Grg. mgl. Mais"/>
  <Objekte ObjID="6156" ObjAufnahme="1997-12-12" ObjLetztKontakt="1997-12-12" ObjStrasseID="8023" ObjHausnummer="Sallstraße 19" ObjVorlage="2013-09-11 00:00:00.0" ObKeinKontakt="1" ObjArtID="1" Merkmal="0.0" ObjInfo="( Hans- Dieter Frank, 0511/ 852984 )"/>
  <Objekte ObjID="6157" ObjAufnahme="1997-12-12" ObjLetztKontakt="1997-12-12" ObjStrasseID="8023" ObjHausnummer="Sallstraße 21" ObjVorlage="2013-09-11 00:00:00.0" ObKeinKontakt="1" ObjArtID="1" Merkmal="0.0" ObjInfo="( Frau Christine Kaiser, Wienhauser Wende 6  )"/>
  <Objekte ObjID="6158" ObjAufnahme="1997-12-12" ObjLetztKontakt="1997-12-12" ObjStrasseID="8023" ObjHausnummer="Sallstraße 24" ObjVorlage="2013-09-11 00:00:00.0" ObKeinKontakt="1" ObjArtID="1" Merkmal="0.0"/>
  <Objekte ObjID="6159" ObjAufnahme="1997-12-12" ObjLetztKontakt="1997-12-12" ObjStrasseID="8023" ObjHausnummer="Sallstraße 25" ObjVorlage="2013-09-11 00:00:00.0" ObKeinKontakt="1" ObjArtID="1" Merkmal="0.0"/>
  <Objekte ObjID="6160" ObjAufnahme="1997-12-12" ObjLetztKontakt="1997-12-12" ObjStrasseID="8023" ObjHausnummer="Sallstraße 26" ObjVorlage="2013-09-11 00:00:00.0" ObKeinKontakt="1" ObjArtID="1" Merkmal="0.0" ObjInfo="( Anna Luise De Rajas Contreras )"/>
  <Objekte ObjID="6161" ObjAufnahme="1997-12-12" ObjLetztKontakt="1997-12-12" ObjStrasseID="8023" ObjHausnummer="Sallstraße 27" ObjVorlage="2013-09-11 00:00:00.0" ObKeinKontakt="1" ObjArtID="1" Merkmal="0.0" ObjInfo="( D. Logos, Sedanstr. 61 )"/>
  <Objekte ObjID="6162" ObjAufnahme="1997-12-12" ObjLetztKontakt="1997-12-12" ObjStrasseID="8023" ObjHausnummer="Sallstraße 28" ObjVorlage="2013-09-11 00:00:00.0" ObKeinKontakt="1" ObjArtID="1" Merkmal="0.0" ObjInfo="( Wolfgang Friedrich, 0511/ 819496 )"/>
  <Objekte ObjID="6163" ObjAufnahme="1997-12-12" ObjLetztKontakt="1997-12-12" ObjStrasseID="8023" ObjHausnummer="Sallstraße 29" ObjVorlage="2013-09-11 00:00:00.0" ObKeinKontakt="1" ObjArtID="200" Merkmal="0.0" ObjInfo="( E. Bertram )"/>
  <Objekte ObjID="6164" ObjAufnahme="1997-12-12" ObjLetztKontakt="1997-12-12" ObjStrasseID="8023" ObjHausnummer="Sallstraße 30" ObjVorlage="2013-09-11 00:00:00.0" ObKeinKontakt="1" ObjArtID="1" Merkmal="0.0" ObjInfo="( Dr. E. Schülke, Westpreußenufer 1, 0511/ 6478638 )"/>
  <Objekte ObjID="6165" ObjAufnahme="1997-12-12" ObjLetztKontakt="1997-12-12" ObjStrasseID="8023" ObjHausnummer="Sallstraße 31" ObjVorlage="2013-09-11 00:00:00.0" ObKeinKontakt="1" ObjArtID="1" Merkmal="0.0" ObjInfo="( Spar- und Bauverein )"/>
  <Objekte ObjID="6166" ObjAufnahme="1997-12-12" ObjLetztKontakt="1997-12-12" ObjStrasseID="8023" ObjHausnummer="Sallstraße 32" ObjVorlage="2013-09-11 00:00:00.0" ObKeinKontakt="1" ObjArtID="1" Merkmal="0.0" ObjInfo="( E. Schülke )"/>
  <Objekte ObjID="6167" ObjAufnahme="1997-12-12" ObjLetztKontakt="1997-12-12" ObjStrasseID="8023" ObjHausnummer="Sallstraße 33" ObjVorlage="2013-09-11 00:00:00.0" ObKeinKontakt="1" ObjArtID="1" Merkmal="0.0" ObjInfo="( Spar- und Bauverein )"/>
  <Objekte ObjID="6168" ObjAufnahme="1997-12-12" ObjLetztKontakt="1997-12-12" ObjStrasseID="8023" ObjHausnummer="Sallstraße 34" ObjVorlage="2013-09-11 00:00:00.0" ObKeinKontakt="1" ObjArtID="1" Merkmal="0.0" ObjInfo="( R. Frese, An der Questenhorst 4, 0511/ 803808 )"/>
  <Objekte ObjID="6169" ObjAufnahme="1997-12-12" ObjLetztKontakt="1997-12-12" ObjStrasseID="8023" ObjHausnummer="Sallstraße 35" ObjVorlage="2013-09-11 00:00:00.0" ObKeinKontakt="1" ObjArtID="139" Merkmal="0.0" ObjInfo="( E. Pretschner, Uhlhornstr. 1, 0511/ 559970 )"/>
  <Objekte ObjID="6170" ObjAufnahme="1997-12-12" ObjLetztKontakt="1997-12-12" ObjStrasseID="8023" ObjHausnummer="Sallstraße 36" ObjVorlage="2013-09-11 00:00:00.0" ObKeinKontakt="1" ObjArtID="1" Merkmal="0.0"/>
  <Objekte ObjID="6171" ObjAufnahme="1997-12-12" ObjLetztKontakt="1997-12-12" ObjStrasseID="8023" ObjHausnummer="Sallstraße 37" ObjVorlage="2013-09-11 00:00:00.0" ObKeinKontakt="1" ObjArtID="201" Merkmal="0.0" ObjInfo="( Erbengemeinschaft Steinwachs )"/>
  <Objekte ObjID="6172" ObjAufnahme="1997-12-12" ObjLetztKontakt="1997-12-12" ObjStrasseID="8023" ObjHausnummer="Sallstraße 38" ObjVorlage="2013-09-11 00:00:00.0" ObKeinKontakt="1" ObjArtID="1" Merkmal="0.0" ObjInfo="( Erbengemeinschaft Schumacher, 0511/ 819538, Frau Paula Schumacher )"/>
  <Objekte ObjID="6173" ObjAufnahme="1997-12-12" ObjLetztKontakt="1997-12-12" ObjStrasseID="8023" ObjHausnummer="Sallstraße 39" ObjVorlage="2013-09-11 00:00:00.0" ObKeinKontakt="1" ObjArtID="1" Merkmal="0.0" ObjInfo="( Erbengemeinschaft Steinwachs )"/>
  <Objekte ObjID="6175" ObjAufnahme="1997-12-12" ObjLetztKontakt="1997-12-12" ObjStrasseID="8023" ObjHausnummer="Sallstraße 41" ObjVorlage="2013-09-11 00:00:00.0" ObKeinKontakt="1" ObjArtID="1" Merkmal="0.0" ObjInfo="( Erbengemeinschaft Steinwachs )"/>
  <Objekte ObjID="6176" ObjAufnahme="1997-12-12" ObjLetztKontakt="1997-12-12" ObjStrasseID="8023" ObjHausnummer="Sallstraße 42" ObjVorlage="2013-09-11 00:00:00.0" ObKeinKontakt="1" ObjArtID="1" Merkmal="0.0" ObjInfo="( H. Sander )"/>
  <Objekte ObjID="6177" ObjAufnahme="1997-12-12" ObjLetztKontakt="1997-12-12" ObjStrasseID="8023" ObjHausnummer="Sallstraße 43" ObjVorlage="2013-09-11 00:00:00.0" ObKeinKontakt="1" ObjArtID="1" Merkmal="0.0" ObjInfo="( Chr. Keller, Hildesheimer Str. 122 )"/>
  <Objekte ObjID="6178" ObjAufnahme="1997-12-12" ObjLetztKontakt="1997-12-12" ObjStrasseID="8023" ObjHausnummer="Sallstraße 44" ObjVorlage="2013-09-11 00:00:00.0" ObKeinKontakt="1" ObjArtID="1" Merkmal="0.0" ObjInfo="( Herr Karmann, 0511/ 816288 )"/>
  <Objekte ObjID="6179" ObjAufnahme="1997-12-12" ObjLetztKontakt="1997-12-12" ObjStrasseID="8023" ObjHausnummer="Sallstraße 45" ObjVorlage="2013-09-11 00:00:00.0" ObKeinKontakt="1" ObjArtID="1" Merkmal="0.0" ObjInfo="( Frau Irma Schirm, 0511/ 812894 )"/>
  <Objekte ObjID="6181" ObjAufnahme="1997-12-12" ObjLetztKontakt="1997-12-12" ObjStrasseID="8023" ObjHausnummer="Sallstraße 47" ObjVorlage="2013-09-11 00:00:00.0" ObKeinKontakt="1" ObjArtID="1" Merkmal="0.0" ObjInfo="( K. Steinmeyer, Bad Oeynhausen, Am Wiesenthal 4, 05731/ 91867 )"/>
  <Objekte ObjID="6182" ObjAufnahme="1997-12-12" ObjLetztKontakt="1997-12-12" ObjStrasseID="8023" ObjHausnummer="Sallstraße 48" ObjVorlage="2013-09-11 00:00:00.0" ObKeinKontakt="1" ObjArtID="1" Merkmal="0.0" ObjInfo="( Concordia Feuerversicherung, 0511/ 5701- 0 )"/>
  <Objekte ObjID="6183" ObjAufnahme="1997-12-12" ObjLetztKontakt="1997-12-12" ObjStrasseID="8023" ObjHausnummer="Sallstraße 49" ObjVorlage="2013-09-11 00:00:00.0" ObKeinKontakt="1" ObjArtID="1" Merkmal="0.0" ObjInfo="( K.H. Scheibe, Pumpstr. 44, 0511/ 511286, A. Scheibe, Pumpstr. 44 )"/>
  <Objekte ObjID="6184" ObjAufnahme="1997-12-12" ObjLetztKontakt="1997-12-12" ObjStrasseID="8023" ObjHausnummer="Sallstraße 50" ObjVorlage="2013-09-11 00:00:00.0" ObKeinKontakt="1" ObjArtID="1" Merkmal="0.0" ObjInfo="( Luisa Betini 804248, Hildegard Wrede, Koblenzer Str. 1 )"/>
  <Objekte ObjID="6185" ObjAufnahme="1997-12-12" ObjLetztKontakt="1997-12-12" ObjStrasseID="8023" ObjHausnummer="Sallstraße 51" ObjVorlage="2013-09-11 00:00:00.0" ObKeinKontakt="1" ObjArtID="1" Merkmal="0.0"/>
  <Objekte ObjID="6186" ObjAufnahme="1997-12-12" ObjLetztKontakt="1997-12-12" ObjStrasseID="8023" ObjHausnummer="Sallstraße 53" ObjVorlage="2013-09-11 00:00:00.0" ObKeinKontakt="1" ObjArtID="1" Merkmal="0.0" ObjInfo="( L. Freitag )"/>
  <Objekte ObjID="6187" ObjAufnahme="1997-12-12" ObjLetztKontakt="1997-12-12" ObjStrasseID="8023" ObjHausnummer="Sallstraße 54" ObjVorlage="2013-09-11 00:00:00.0" ObKeinKontakt="1" ObjArtID="1" Merkmal="0.0" ObjInfo="( Henning Stahlmann, Cord Stahlmann, 0511/ 809319 )"/>
  <Objekte ObjID="6188" ObjAufnahme="1997-12-12" ObjLetztKontakt="2013-03-05" ObjStrasseID="8023" ObjHausnummer="Sallstraße 56" ObjVorlage="2013-09-11 00:00:00.0" ObKeinKontakt="2" ObjArtID="177" Merkmal="0.0" ObjInfo="( H. Langkopf, Berkelmann Weg 3, 0511/ 521441 )&#xD;&#xA;Einer Frau Wende 01743129949 gehören mehrere Wohnungen im Hause"/>
  <Objekte ObjID="6189" ObjAufnahme="1997-12-12" ObjLetztKontakt="1997-12-12" ObjStrasseID="8023" ObjHausnummer="Sallstraße 57" ObjVorlage="2013-09-11 00:00:00.0" ObKeinKontakt="1" ObjArtID="1" Merkmal="0.0" ObjInfo="( Ev. Lutherische Nazareth Gemeinde )"/>
  <Objekte ObjID="6190" ObjAufnahme="1997-12-12" ObjLetztKontakt="1997-12-12" ObjStrasseID="8023" ObjHausnummer="Sallstraße 58" ObjVorlage="2013-09-11 00:00:00.0" ObKeinKontakt="1" ObjArtID="1" Merkmal="0.0" ObjInfo="( Frau E. Sorge )"/>
  <Objekte ObjID="6191" ObjAufnahme="1997-12-12" ObjLetztKontakt="1997-12-12" ObjStrasseID="8023" ObjHausnummer="Sallstraße 59" ObjVorlage="2013-09-11 00:00:00.0" ObKeinKontakt="1" ObjArtID="1" Merkmal="0.0" ObjInfo="( H. Meyer, Hammersteinstr. 2, 0511/ 667561 )"/>
  <Objekte ObjID="6192" ObjAufnahme="1997-12-12" ObjLetztKontakt="1997-12-12" ObjStrasseID="8023" ObjHausnummer="Sallstraße 60" ObjVorlage="2013-09-11 00:00:00.0" ObKeinKontakt="1" ObjArtID="1" Merkmal="0.0" ObjInfo="( Herr H. Sondermann, Lindenberg Str. 4, Duderstadt )"/>
  <Objekte ObjID="6193" ObjAufnahme="1997-12-12" ObjLetztKontakt="1997-12-12" ObjStrasseID="8023" ObjHausnummer="Sallstraße 61" ObjVorlage="2013-09-11 00:00:00.0" ObKeinKontakt="1" ObjArtID="1" Merkmal="0.0" ObjInfo="( H. Meyer, 0511/ 815789 )"/>
  <Objekte ObjID="6194" ObjAufnahme="1997-12-12" ObjLetztKontakt="1997-12-12" ObjStrasseID="8023" ObjHausnummer="Sallstraße 62" ObjVorlage="2013-09-11 00:00:00.0" ObKeinKontakt="1" ObjArtID="177" Merkmal="0.0" ObjInfo="( Edith Schönwetter, Moltke Platz 8 )"/>
  <Objekte ObjID="6195" ObjAufnahme="1997-12-12" ObjLetztKontakt="1997-12-12" ObjStrasseID="8023" ObjHausnummer="Sallstraße 63" ObjVorlage="2013-09-11 00:00:00.0" ObKeinKontakt="1" ObjArtID="1" Merkmal="0.0" ObjInfo="( Herr Horst Girolami, 0511/ 818363 )"/>
  <Objekte ObjID="6196" ObjAufnahme="1997-12-12" ObjLetztKontakt="1997-12-12" ObjStrasseID="8023" ObjHausnummer="Sallstraße 64" ObjVorlage="2013-09-11 00:00:00.0" ObKeinKontakt="1" ObjArtID="1" Merkmal="0.0" ObjInfo="( H. Keidel Bischofsholer Damm 34, 0511/ 817587 )"/>
  <Objekte ObjID="6197" ObjAufnahme="1997-12-12" ObjLetztKontakt="1997-12-12" ObjStrasseID="8023" ObjHausnummer="Sallstraße 65" ObjVorlage="2013-09-11 00:00:00.0" ObKeinKontakt="1" ObjArtID="1" Merkmal="0.0" ObjInfo="( W. Lens, Porscheweg 16., 0511/ 3524798 )"/>
  <Objekte ObjID="6198" ObjAufnahme="1997-12-12" ObjLetztKontakt="1997-12-12" ObjStrasseID="8023" ObjHausnummer="Sallstraße 66" ObjVorlage="2013-09-11 00:00:00.0" ObKeinKontakt="1" ObjArtID="1" Merkmal="0.0" ObjInfo="( H. Marquard, Dr. F. Seifert )"/>
  <Objekte ObjID="6199" ObjAufnahme="1997-12-12" ObjLetztKontakt="1997-12-12" ObjStrasseID="8023" ObjHausnummer="Sallstraße 67" ObjVorlage="2013-09-11 00:00:00.0" ObKeinKontakt="1" ObjArtID="1" Merkmal="0.0" ObjInfo="( H. Lutter, Podbielskistr. 192, 0511/ 699372 )&#xD;&#xA;Barbara Bock-Weber gehören 7 Wohnungen&#xD;&#xA;0503262946"/>
  <Objekte ObjID="6200" ObjAufnahme="1997-12-12" ObjLetztKontakt="1997-12-12" ObjStrasseID="8023" ObjHausnummer="Sallstraße 69" ObjVorlage="2013-09-11 00:00:00.0" ObKeinKontakt="1" ObjArtID="1" Merkmal="0.0" ObjInfo="( G. Legleitner, Oberursel Fomms )"/>
  <Objekte ObjID="6202" ObjAufnahme="1997-12-12" ObjLetztKontakt="1997-12-12" ObjStrasseID="8023" ObjHausnummer="Sallstraße 73" ObjVorlage="2013-09-11 00:00:00.0" ObKeinKontakt="1" ObjArtID="1" Merkmal="0.0" ObjInfo="( H. Hoopmann )"/>
  <Objekte ObjID="6203" ObjAufnahme="1997-12-12" ObjLetztKontakt="1997-12-12" ObjStrasseID="8023" ObjHausnummer="Sallstraße 75" ObjVorlage="2013-09-11 00:00:00.0" ObKeinKontakt="1" ObjArtID="1" Merkmal="0.0" ObjInfo="( J. Thoms, Rabenstr. 11 )"/>
  <Objekte ObjID="6204" ObjAufnahme="1997-12-12" ObjLetztKontakt="1997-12-12" ObjStrasseID="8023" ObjHausnummer="Sallstraße 76" ObjVorlage="2013-09-11 00:00:00.0" ObKeinKontakt="1" ObjArtID="1" Merkmal="0.0" ObjInfo="( M. Reinke )"/>
  <Objekte ObjID="6205" ObjAufnahme="1997-12-12" ObjLetztKontakt="2013-06-05" ObjStrasseID="8023" ObjHausnummer="Sallstraße 77" ObjVorlage="2013-09-11 00:00:00.0" ObKeinKontakt="2" ObjArtID="1" Merkmal="0.0" ObjInfo="( K. Lüke )&#xD;&#xA;Hausmeister 01711882121&#xD;&#xA;Eigentümer Herr Hüter"/>
  <Objekte ObjID="6206" ObjAufnahme="1997-12-12" ObjLetztKontakt="1997-12-12" ObjStrasseID="8023" ObjHausnummer="Sallstraße 78" ObjVorlage="2013-09-11 00:00:00.0" ObKeinKontakt="1" ObjArtID="1" Merkmal="0.0" ObjInfo="( H. Oesterwyk )"/>
  <Objekte ObjID="6207" ObjAufnahme="1997-12-12" ObjLetztKontakt="1997-12-12" ObjStrasseID="8023" ObjHausnummer="Sallstraße 79" ObjVorlage="2013-09-11 00:00:00.0" ObKeinKontakt="1" ObjArtID="1" Merkmal="0.0" ObjInfo="( Erbengemeinschaft Toppi )"/>
  <Objekte ObjID="6208" ObjAufnahme="1997-12-12" ObjLetztKontakt="1997-12-12" ObjStrasseID="8023" ObjHausnummer="Sallstraße 80" ObjVorlage="2013-09-11 00:00:00.0" ObKeinKontakt="1" ObjArtID="168" Merkmal="0.0" ObjInfo="( J. Münter )"/>
  <Objekte ObjID="6209" ObjAufnahme="1997-12-12" ObjLetztKontakt="1997-12-12" ObjStrasseID="8023" ObjHausnummer="Sallstraße 81" ObjVorlage="2013-09-11 00:00:00.0" ObKeinKontakt="1" ObjArtID="1" Merkmal="0.0" ObjInfo="( R. Eser, 0511/ 881229, Jordanstr. 1 )"/>
  <Objekte ObjID="6210" ObjAufnahme="1997-12-12" ObjLetztKontakt="1997-12-12" ObjStrasseID="8023" ObjHausnummer="Sallstraße 82" ObjVorlage="2013-09-11 00:00:00.0" ObKeinKontakt="1" ObjArtID="1" Merkmal="0.0" ObjInfo="( H. Schlüter )"/>
  <Objekte ObjID="6211" ObjAufnahme="1997-12-12" ObjLetztKontakt="1997-12-12" ObjStrasseID="8023" ObjHausnummer="Sallstraße 83" ObjVorlage="2013-09-11 00:00:00.0" ObKeinKontakt="1" ObjArtID="1" Merkmal="0.0" ObjInfo="( Dr. W. Stichwweh, Färberstr. 10, 0511/ 2131- 0 )"/>
  <Objekte ObjID="6212" ObjAufnahme="1997-12-12" ObjLetztKontakt="1997-12-12" ObjStrasseID="8023" ObjHausnummer="Sallstraße 84" ObjVorlage="2013-09-11 00:00:00.0" ObKeinKontakt="1" ObjArtID="1" Merkmal="0.0" ObjInfo="( E. Nolte, Wülferoder Str. 14 )"/>
  <Objekte ObjID="6213" ObjAufnahme="1997-12-12" ObjLetztKontakt="1997-12-12" ObjStrasseID="8023" ObjHausnummer="Sallstraße 85" ObjVorlage="2013-09-11 00:00:00.0" ObKeinKontakt="1" ObjArtID="1" Merkmal="0.0" ObjInfo="( G. Cassel, Bastionstr. 35 A )"/>
  <Objekte ObjID="6214" ObjAufnahme="1997-12-12" ObjLetztKontakt="1997-12-12" ObjStrasseID="8023" ObjHausnummer="Sallstraße 86" ObjVorlage="2013-09-11 00:00:00.0" ObKeinKontakt="1" ObjArtID="54" Merkmal="0.0" ObjInfo="( Norddeutsche Landesbank )"/>
  <Objekte ObjID="6215" ObjAufnahme="1997-12-12" ObjLetztKontakt="1997-12-12" ObjStrasseID="8023" ObjHausnummer="Sallstraße 87" ObjVorlage="2013-09-11 00:00:00.0" ObKeinKontakt="1" ObjArtID="1" Merkmal="0.0" ObjInfo="( L. Welcker )"/>
  <Objekte ObjID="6216" ObjAufnahme="1997-12-12" ObjLetztKontakt="1997-12-12" ObjStrasseID="8023" ObjHausnummer="Sallstraße 88" ObjVorlage="2013-09-11 00:00:00.0" ObKeinKontakt="1" ObjArtID="1" Merkmal="0.0" ObjInfo="( Schmidt- Stolte )"/>
  <Objekte ObjID="6217" ObjAufnahme="1997-12-12" ObjLetztKontakt="1997-12-12" ObjStrasseID="8023" ObjHausnummer="Sallstraße 89" ObjVorlage="2013-09-11 00:00:00.0" ObKeinKontakt="1" ObjArtID="1" Merkmal="0.0" ObjInfo="( J. Stadtländer )"/>
  <Objekte ObjID="6219" ObjAufnahme="1997-12-12" ObjLetztKontakt="1997-12-12" ObjStrasseID="8023" ObjHausnummer="Sallstraße 90" ObjVorlage="2013-09-11 00:00:00.0" ObKeinKontakt="1" ObjArtID="1" Merkmal="0.0" ObjInfo="( A. Scheibe, Anderten, 0511/ 583008 )"/>
  <Objekte ObjID="6220" ObjAufnahme="1997-12-12" ObjLetztKontakt="1997-12-12" ObjStrasseID="8023" ObjHausnummer="Sallstraße 91" ObjVorlage="2013-09-11 00:00:00.0" ObKeinKontakt="1" ObjArtID="1" Merkmal="0.0" ObjInfo="( Ingeborg Schaefer Galbacher Str. 55, Überlingen Bodensee )"/>
  <Objekte ObjID="6222" ObjAufnahme="1997-12-12" ObjLetztKontakt="1997-12-12" ObjStrasseID="8023" ObjHausnummer="Sallstraße 93" ObjVorlage="2013-09-11 00:00:00.0" ObKeinKontakt="1" ObjArtID="1" Merkmal="0.0" ObjInfo="( Bärbel Kortmann )"/>
  <Objekte ObjID="6224" ObjAufnahme="1997-12-12" ObjLetztKontakt="1997-12-12" ObjStrasseID="6415" ObjHausnummer="Fiedelerstraße 35b+c" ObjVorlage="2013-09-11 00:00:00.0" ObKeinKontakt="1" ObjArtID="1" Merkmal="0.0" ObjInfo="( Eigentumswohnungen )"/>
  <Objekte ObjID="6225" ObjAufnahme="1997-12-12" ObjLetztKontakt="1997-12-12" ObjStrasseID="6415" ObjHausnummer="Fiedelerstraße 35A" ObjVorlage="2013-09-11 00:00:00.0" ObKeinKontakt="1" ObjArtID="1" Merkmal="0.0" ObjInfo="( Eigentumswohnungen )"/>
  <Objekte ObjID="6226" ObjAufnahme="1997-12-12" ObjLetztKontakt="1997-12-12" ObjStrasseID="6415" ObjHausnummer="Fiedelerstraße 37" ObjVorlage="2013-09-11 00:00:00.0" ObKeinKontakt="1" ObjArtID="1" Merkmal="0.0"/>
  <Objekte ObjID="6227" ObjAufnahme="1997-12-12" ObjLetztKontakt="1997-12-12" ObjStrasseID="6415" ObjHausnummer="Fiedelerstraße 41" ObjVorlage="2013-09-11 00:00:00.0" ObKeinKontakt="1" ObjArtID="1" Merkmal="0.0"/>
  <Objekte ObjID="6229" ObjAufnahme="1997-12-12" ObjLetztKontakt="1997-12-12" ObjStrasseID="456" ObjHausnummer="Abelmannstraße 3" ObjVorlage="2013-09-11 00:00:00.0" ObKeinKontakt="1" ObjArtID="1" Merkmal="0.0"/>
  <Objekte ObjID="6230" ObjAufnahme="1997-12-12" ObjLetztKontakt="1997-12-12" ObjStrasseID="456" ObjHausnummer="Abelmannstraße 5" ObjVorlage="2013-09-11 00:00:00.0" ObKeinKontakt="1" ObjArtID="1" Merkmal="0.0"/>
  <Objekte ObjID="6232" ObjAufnahme="1997-12-12" ObjLetztKontakt="1997-12-12" ObjStrasseID="456" ObjHausnummer="Abelmannstraße 7" ObjVorlage="2013-09-11 00:00:00.0" ObKeinKontakt="1" ObjArtID="1" Merkmal="0.0"/>
  <Objekte ObjID="6233" ObjAufnahme="1997-12-12" ObjLetztKontakt="1997-12-12" ObjStrasseID="456" ObjHausnummer="Abelmannstraße 9" ObjVorlage="2013-09-11 00:00:00.0" ObKeinKontakt="1" ObjArtID="26" Merkmal="0.0"/>
  <Objekte ObjID="6238" ObjAufnahme="1997-12-12" ObjLetztKontakt="1997-12-12" ObjStrasseID="7249" ObjHausnummer="Krausenstraße 53" ObjVorlage="2013-09-11 00:00:00.0" ObKeinKontakt="1" ObjArtID="1" Merkmal="0.0" ObjInfo="( Frau Martha Keese i.H. )"/>
  <Objekte ObjID="6239" ObjAufnahme="1997-12-12" ObjLetztKontakt="1997-12-12" ObjStrasseID="7249" ObjHausnummer="Krausenstraße 54" ObjVorlage="2013-09-11 00:00:00.0" ObKeinKontakt="1" ObjArtID="1" Merkmal="0.0"/>
  <Objekte ObjID="6240" ObjAufnahme="1997-12-12" ObjLetztKontakt="1997-12-12" ObjStrasseID="7249" ObjHausnummer="Krausenstraße 55" ObjVorlage="2013-09-11 00:00:00.0" ObKeinKontakt="1" ObjArtID="1" Merkmal="0.0" ObjInfo="( Frau E. Reiffs )"/>
  <Objekte ObjID="6241" ObjAufnahme="1997-12-15" ObjStrasseID="2819" ObjHausnummer="Adelheidstraße 13" ObjVorlage="2013-09-11 00:00:00.0" ObKeinKontakt="1" ObjArtID="1" Merkmal="0.0" ObjInfo="( Herr E. Küker )"/>
  <Objekte ObjID="6242" ObjAufnahme="1997-12-15" ObjStrasseID="2819" ObjHausnummer="Adelheidstraße 14" ObjVorlage="2013-09-11 00:00:00.0" ObKeinKontakt="1" ObjArtID="26" Merkmal="0.0" ObjInfo="( Herr Dr. H. Glässer, Ortelsburgerstr. 29, Hannover )"/>
  <Objekte ObjID="6243" ObjAufnahme="1997-12-15" ObjStrasseID="2819" ObjHausnummer="Adelheidstraße 15" ObjVorlage="2013-09-11 00:00:00.0" ObKeinKontakt="1" ObjArtID="1" Merkmal="0.0" ObjInfo="( Raiffeisenverband Hannover e.V., Kaiserallee 9, Hannover )"/>
  <Objekte ObjID="6244" ObjAufnahme="1997-12-15" ObjStrasseID="2819" ObjHausnummer="Adelheidstraße 16" ObjVorlage="2013-09-11 00:00:00.0" ObKeinKontakt="1" ObjArtID="1" Merkmal="0.0" ObjInfo="( Eigentümergemeinschaft )"/>
  <Objekte ObjID="6245" ObjAufnahme="1997-12-15" ObjStrasseID="2819" ObjHausnummer="Adelheidstraße 18" ObjVorlage="2013-09-11 00:00:00.0" ObKeinKontakt="1" ObjArtID="1" Merkmal="0.0" ObjInfo="( Herr Dr. R. Wichtendahl, Heyersum/ Nordstemmen )"/>
  <Objekte ObjID="6246" ObjAufnahme="1997-12-15" ObjStrasseID="2819" ObjHausnummer="Adelheidstraße 20" ObjVorlage="2013-09-11 00:00:00.0" ObKeinKontakt="1" ObjArtID="1" Merkmal="0.0" ObjInfo="( Frau U. Schaper, Adelheidstr., Hannover )"/>
  <Objekte ObjID="6248" ObjAufnahme="1997-12-15" ObjStrasseID="2819" ObjHausnummer="Adelheidstraße 22" ObjVorlage="2013-09-11 00:00:00.0" ObKeinKontakt="1" ObjArtID="1" Merkmal="0.0" ObjInfo="( Herr F. Schuppert, Adelheidstr. 21, Hannover )"/>
  <Objekte ObjID="6249" ObjAufnahme="1997-12-15" ObjStrasseID="2819" ObjHausnummer="Adelheidstraße 23" ObjVorlage="2013-09-11 00:00:00.0" ObKeinKontakt="1" ObjArtID="1" Merkmal="0.0" ObjInfo="( Herr K.H. Köhler, Adelheidstr. 23, Hannover )"/>
  <Objekte ObjID="6250" ObjAufnahme="1997-12-15" ObjStrasseID="2819" ObjHausnummer="Adelheidstraße 24" ObjVorlage="2013-09-11 00:00:00.0" ObKeinKontakt="1" ObjArtID="1" Merkmal="0.0" ObjInfo="( Herr W. Wallbrecht, Bischofsholer Damm 120, Hannover )"/>
  <Objekte ObjID="6252" ObjAufnahme="1997-12-15" ObjStrasseID="6647" ObjHausnummer="Große Barlinge 35" ObjVorlage="2013-09-11 00:00:00.0" ObKeinKontakt="1" ObjArtID="1" Merkmal="0.0" ObjInfo="( Selbstständige Ev.-Luth. Bethlehemsgemeinde, Große Barlinge 35, Hannover )"/>
  <Objekte ObjID="6253" ObjAufnahme="1997-12-15" ObjStrasseID="6647" ObjHausnummer="Große Barlinge 37" ObjVorlage="2013-09-11 00:00:00.0" ObKeinKontakt="1" ObjArtID="1" Merkmal="0.0" ObjInfo="( Selbstständige Ev.-Luth. Bethlehemsgemeinde, Große Barlinge 35, Hannover )"/>
  <Objekte ObjID="6254" ObjAufnahme="1997-12-15" ObjStrasseID="6647" ObjHausnummer="Große Barlinge 39" ObjVorlage="2013-09-11 00:00:00.0" ObKeinKontakt="1" ObjArtID="177" Merkmal="0.0" ObjInfo="( Herr D. Hachmeyer, Kreipeweg 25, Hannover )"/>
  <Objekte ObjID="6255" ObjAufnahme="1997-12-15" ObjStrasseID="6647" ObjHausnummer="Große Barlinge 41" ObjVorlage="2013-09-11 00:00:00.0" ObKeinKontakt="1" ObjArtID="1" Merkmal="0.0" ObjInfo="( Herr P. Schnause, Friesenstr. 24, Hannover )"/>
  <Objekte ObjID="6256" ObjAufnahme="1997-12-15" ObjStrasseID="6647" ObjHausnummer="Große Barlinge 43" ObjVorlage="2013-09-11 00:00:00.0" ObKeinKontakt="1" ObjArtID="1" Merkmal="0.0" ObjInfo="( Herr Dr. D. Kröger, Große Barlinge 45, Hannover )"/>
  <Objekte ObjID="6257" ObjAufnahme="1997-12-15" ObjStrasseID="6647" ObjHausnummer="Große Barlinge 45" ObjVorlage="2013-09-11 00:00:00.0" ObKeinKontakt="1" ObjArtID="1" Merkmal="0.0" ObjInfo="( Herr Dr. D. Kröger, Große Barlinge 45, Hannover )"/>
  <Objekte ObjID="6258" ObjAufnahme="1997-12-15" ObjStrasseID="6647" ObjHausnummer="Große Barlinge 47" ObjVorlage="2013-09-11 00:00:00.0" ObKeinKontakt="1" ObjArtID="1" Merkmal="0.0" ObjInfo="( Herr H. Wedler, Königstr. 47, Hannover )"/>
  <Objekte ObjID="6259" ObjAufnahme="1997-12-15" ObjStrasseID="6647" ObjHausnummer="Große Barlinge 49" ObjVorlage="2013-09-11 00:00:00.0" ObKeinKontakt="1" ObjArtID="1" Merkmal="0.0" ObjInfo="( Herr P. Rothbarth, Röhrichtweg 17 A, Hannover )"/>
  <Objekte ObjID="6262" ObjAufnahme="1997-12-15" ObjStrasseID="6216" ObjHausnummer="Dieckmannstraße 1" ObjVorlage="2013-09-11 00:00:00.0" ObKeinKontakt="1" ObjArtID="1" Merkmal="0.0" ObjInfo="( Frau M. Löhmann, Vahrenwalder Str. 173, Hannover )"/>
  <Objekte ObjID="6263" ObjAufnahme="1997-12-15" ObjStrasseID="6216" ObjHausnummer="Dieckmannstraße 1A" ObjVorlage="2013-09-11 00:00:00.0" ObKeinKontakt="1" ObjArtID="1" Merkmal="0.0" ObjInfo="( Herr H. Sundermann, Walderseestr. 22, Hannover )"/>
  <Objekte ObjID="6264" ObjAufnahme="1997-12-15" ObjStrasseID="6216" ObjHausnummer="Dieckmannstraße 2" ObjVorlage="2013-09-11 00:00:00.0" ObKeinKontakt="1" ObjArtID="1" Merkmal="0.0" ObjInfo="( Hanseatischer Bauträger GmbH, Alter Wall 69, Hamburg )"/>
  <Objekte ObjID="6265" ObjAufnahme="1997-12-15" ObjStrasseID="6216" ObjHausnummer="Dieckmannstraße 3" ObjVorlage="2013-09-11 00:00:00.0" ObKeinKontakt="1" ObjArtID="1" Merkmal="0.0"/>
  <Objekte ObjID="6266" ObjAufnahme="1997-12-15" ObjStrasseID="6216" ObjHausnummer="Dieckmannstraße 4" ObjVorlage="2013-09-11 00:00:00.0" ObKeinKontakt="1" ObjArtID="1" Merkmal="0.0" ObjInfo="( Herr W. Hottenrott jun., Leisewitzstr. 3, Hannover )"/>
  <Objekte ObjID="6267" ObjAufnahme="1997-12-15" ObjStrasseID="6216" ObjHausnummer="Dieckmannstraße 4A" ObjVorlage="2013-09-11 00:00:00.0" ObKeinKontakt="1" ObjArtID="1" Merkmal="0.0" ObjInfo="( Frau E.M. Hattenbach 4, Hannover )"/>
  <Objekte ObjID="6268" ObjAufnahme="1997-12-15" ObjStrasseID="6216" ObjHausnummer="Dieckmannstraße 5" ObjVorlage="2013-09-11 00:00:00.0" ObKeinKontakt="1" ObjArtID="1" Merkmal="0.0" ObjInfo="( Frau Gretze Sievers, Sutelstr. 32, Hannover )"/>
  <Objekte ObjID="6269" ObjAufnahme="1997-12-15" ObjStrasseID="6216" ObjHausnummer="Dieckmannstraße 5A" ObjVorlage="2013-09-11 00:00:00.0" ObKeinKontakt="1" ObjArtID="1" Merkmal="0.0" ObjInfo="( Herr F. Hinrichs, In der Rehre 1, Hannover )"/>
  <Objekte ObjID="6270" ObjAufnahme="1997-12-15" ObjStrasseID="6216" ObjHausnummer="Dieckmannstraße 6" ObjVorlage="2013-09-11 00:00:00.0" ObKeinKontakt="1" ObjArtID="1" Merkmal="0.0" ObjInfo="( Herr R. Schlinker, Holteisstr. 2, Hannover )"/>
  <Objekte ObjID="6271" ObjAufnahme="1997-12-15" ObjStrasseID="6216" ObjHausnummer="Dieckmannstraße 7" ObjVorlage="2013-09-11 00:00:00.0" ObKeinKontakt="1" ObjArtID="1" Merkmal="0.0" ObjInfo="( Frau Steinmeyer, Hannover )"/>
  <Objekte ObjID="6272" ObjAufnahme="1997-12-15" ObjStrasseID="6216" ObjHausnummer="Dieckmannstraße 7A" ObjVorlage="2013-09-11 00:00:00.0" ObKeinKontakt="1" ObjArtID="1" Merkmal="0.0" ObjInfo="( Frau Margarete hellwig, Dieckmannstr., Hannover )"/>
  <Objekte ObjID="6276" ObjAufnahme="1997-12-15" ObjStrasseID="8122" ObjHausnummer="Schüttlerstraße 2" ObjVorlage="2013-09-11 00:00:00.0" ObKeinKontakt="1" ObjArtID="1" Merkmal="0.0" ObjInfo="( Spar- und Bauverein, Brüggemannhof, Hannover )"/>
  <Objekte ObjID="6277" ObjAufnahme="1997-12-15" ObjStrasseID="8122" ObjHausnummer="Schüttlerstraße 3" ObjVorlage="2013-09-11 00:00:00.0" ObKeinKontakt="1" ObjArtID="1" Merkmal="0.0" ObjInfo="( Spar- und Bauverein )"/>
  <Objekte ObjID="6278" ObjAufnahme="1997-12-15" ObjStrasseID="8122" ObjHausnummer="Schüttlerstraße 4" ObjVorlage="2013-09-11 00:00:00.0" ObKeinKontakt="1" ObjArtID="1" Merkmal="0.0" ObjInfo="( Spar- und Bauverein )"/>
  <Objekte ObjID="6281" ObjAufnahme="1997-12-15" ObjStrasseID="6648" ObjHausnummer="Große Düwelstraße 8" ObjVorlage="2013-09-11 00:00:00.0" ObKeinKontakt="1" ObjArtID="1" Merkmal="0.0"/>
  <Objekte ObjID="6282" ObjAufnahme="1997-12-15" ObjStrasseID="6648" ObjHausnummer="Große Düwelstraße 10" ObjVorlage="2013-09-11 00:00:00.0" ObKeinKontakt="1" ObjArtID="1" Merkmal="0.0"/>
  <Objekte ObjID="6284" ObjAufnahme="1997-12-15" ObjStrasseID="6648" ObjHausnummer="Große Düwelstraße 12" ObjVorlage="2013-09-11 00:00:00.0" ObKeinKontakt="1" ObjArtID="1" Merkmal="0.0" ObjInfo="( Südstädter Auttoruf )"/>
  <Objekte ObjID="6285" ObjAufnahme="1997-12-15" ObjStrasseID="6648" ObjHausnummer="Große Düwelstraße 14" ObjVorlage="2013-09-11 00:00:00.0" ObKeinKontakt="1" ObjArtID="1" Merkmal="0.0" ObjInfo="( Frau Ursula Ohlendorf, Großer Hillen 36, Hannover )"/>
  <Objekte ObjID="6286" ObjAufnahme="1997-12-15" ObjStrasseID="6648" ObjHausnummer="Große Düwelstraße 16" ObjVorlage="2013-09-11 00:00:00.0" ObKeinKontakt="1" ObjArtID="1" Merkmal="0.0"/>
  <Objekte ObjID="6288" ObjAufnahme="1997-12-15" ObjStrasseID="6648" ObjHausnummer="Große Düwelstraße 18" ObjVorlage="2013-09-11 00:00:00.0" ObKeinKontakt="1" ObjArtID="1" Merkmal="0.0" ObjInfo="Heine &amp; Ohlendorf, Große Düwelstr. 18, Hannover )"/>
  <Objekte ObjID="6289" ObjAufnahme="1997-12-15" ObjStrasseID="6648" ObjHausnummer="Große Düwelstraße 19" ObjVorlage="2013-09-11 00:00:00.0" ObKeinKontakt="1" ObjArtID="1" Merkmal="0.0" ObjInfo="( Deutsche Bundesbahn, Hannover )"/>
  <Objekte ObjID="6290" ObjAufnahme="1997-12-15" ObjStrasseID="6648" ObjHausnummer="Große Düwelstraße 20" ObjVorlage="2013-09-11 00:00:00.0" ObKeinKontakt="1" ObjArtID="1" Merkmal="0.0"/>
  <Objekte ObjID="6291" ObjAufnahme="1997-12-15" ObjStrasseID="6648" ObjHausnummer="Große Düwelstraße 21" ObjVorlage="2013-09-11 00:00:00.0" ObKeinKontakt="1" ObjArtID="1" Merkmal="0.0" ObjInfo="( Deutsche Bahn AG )"/>
  <Objekte ObjID="6292" ObjAufnahme="1997-12-15" ObjStrasseID="6648" ObjHausnummer="Große Düwelstraße 23" ObjVorlage="2013-09-11 00:00:00.0" ObKeinKontakt="1" ObjArtID="1" Merkmal="0.0" ObjInfo="( Herr S, Schrumm, Große Düwelstr. 23, Hannover )"/>
  <Objekte ObjID="6293" ObjAufnahme="1997-12-15" ObjStrasseID="6648" ObjHausnummer="Große Düwelstraße 24" ObjVorlage="2013-09-11 00:00:00.0" ObKeinKontakt="1" ObjArtID="1" Merkmal="0.0"/>
  <Objekte ObjID="6294" ObjAufnahme="1997-12-15" ObjStrasseID="6648" ObjHausnummer="Große Düwelstraße 25" ObjVorlage="2013-09-11 00:00:00.0" ObKeinKontakt="1" ObjArtID="1" Merkmal="0.0" ObjInfo="( Herr E. Köhler, Große Düwelstr. 25, Hannover )"/>
  <Objekte ObjID="6296" ObjAufnahme="1997-12-15" ObjStrasseID="6648" ObjHausnummer="Große Düwelstraße 27" ObjVorlage="2013-09-11 00:00:00.0" ObKeinKontakt="1" ObjArtID="1" Merkmal="0.0" ObjInfo="( Herr S. Schrumm, Große Düwelstr. 23, Hannover )"/>
  <Objekte ObjID="6297" ObjAufnahme="1997-12-15" ObjStrasseID="6648" ObjHausnummer="Große Düwelstraße 29" ObjVorlage="2013-09-11 00:00:00.0" ObKeinKontakt="1" ObjArtID="1" Merkmal="0.0" ObjInfo="( Herr K.H. Buhmann, Georgstr. 26, Hannover )"/>
  <Objekte ObjID="6298" ObjAufnahme="1997-12-15" ObjStrasseID="6648" ObjHausnummer="Große Düwelstraße 32" ObjVorlage="2013-09-11 00:00:00.0" ObKeinKontakt="1" ObjArtID="1" Merkmal="0.0"/>
  <Objekte ObjID="6299" ObjAufnahme="1997-12-15" ObjStrasseID="6648" ObjHausnummer="Große Düwelstraße 33" ObjVorlage="2013-09-11 00:00:00.0" ObKeinKontakt="1" ObjArtID="1" Merkmal="0.0" ObjInfo="( Herr W.Niemeyer, Wiershausen, Hausverwaltung Frau Schmidt, 815165 )"/>
  <Objekte ObjID="6300" ObjAufnahme="1997-12-15" ObjStrasseID="6648" ObjHausnummer="Große Düwelstraße 34" ObjVorlage="2013-09-11 00:00:00.0" ObKeinKontakt="1" ObjArtID="1" Merkmal="0.0"/>
  <Objekte ObjID="6301" ObjAufnahme="1997-12-15" ObjStrasseID="6648" ObjHausnummer="Große Düwelstraße 35" ObjVorlage="2013-09-11 00:00:00.0" ObKeinKontakt="1" ObjArtID="1" Merkmal="0.0" ObjInfo="( Herr A. Raimer, Heiseder Str. 5, Hannover, Verw. Herr Hesse im Hause )"/>
  <Objekte ObjID="6302" ObjAufnahme="1997-12-15" ObjStrasseID="6648" ObjHausnummer="Große Düwelstraße 36" ObjVorlage="2013-09-11 00:00:00.0" ObKeinKontakt="1" ObjArtID="1" Merkmal="0.0" ObjInfo="( Wohnungsbau Niedersachsen, Königstr. 9, Hannover )"/>
  <Objekte ObjID="6303" ObjAufnahme="1997-12-15" ObjStrasseID="6648" ObjHausnummer="Große Düwelstraße 37" ObjVorlage="2013-09-11 00:00:00.0" ObKeinKontakt="1" ObjArtID="1" Merkmal="0.0" ObjInfo="( Herr F. Wohltmann, Große Düwelstr. 37, Hannover )"/>
  <Objekte ObjID="6304" ObjAufnahme="1997-12-15" ObjStrasseID="6648" ObjHausnummer="Große Düwelstraße 38" ObjVorlage="2013-09-11 00:00:00.0" ObKeinKontakt="1" ObjArtID="1" Merkmal="0.0" ObjInfo="( Wohnungsbau Niedersachsen, Königstr. 9 )"/>
  <Objekte ObjID="6305" ObjAufnahme="1997-12-15" ObjStrasseID="6648" ObjHausnummer="Große Düwelstraße 39" ObjVorlage="2013-09-11 00:00:00.0" ObKeinKontakt="1" ObjArtID="1" Merkmal="0.0" ObjInfo="( Herr G. Backhaus, Magdeburger Str. 4, Bückeburg )"/>
  <Objekte ObjID="6306" ObjAufnahme="1997-12-15" ObjStrasseID="8214" ObjHausnummer="Sonnenweg 28" ObjVorlage="2013-09-11 00:00:00.0" ObKeinKontakt="1" ObjArtID="1" Merkmal="0.0" ObjInfo="( Frau L. Müller, Sonnenweg 28, Hannover )"/>
  <Objekte ObjID="6307" ObjAufnahme="1997-12-15" ObjStrasseID="8214" ObjHausnummer="Sonnenweg 30" ObjVorlage="2013-09-11 00:00:00.0" ObKeinKontakt="1" ObjArtID="1" Merkmal="0.0"/>
  <Objekte ObjID="6308" ObjAufnahme="1997-12-15" ObjStrasseID="8214" ObjHausnummer="Sonnenweg 32" ObjVorlage="2013-09-11 00:00:00.0" ObKeinKontakt="1" ObjArtID="1" Merkmal="0.0" ObjInfo="( Herr W. Wohlgemuth, Altenbeckener Damm 33, Hannover )"/>
  <Objekte ObjID="6309" ObjAufnahme="1997-12-15" ObjStrasseID="8214" ObjHausnummer="Sonnenweg 34" ObjVorlage="2013-09-11 00:00:00.0" ObKeinKontakt="1" ObjArtID="1" Merkmal="0.0" ObjInfo="( Herr Freckmann, Sonnenwg, Hannover )"/>
  <Objekte ObjID="6310" ObjAufnahme="1997-12-15" ObjStrasseID="8214" ObjHausnummer="Sonnenweg 36" ObjVorlage="2013-09-11 00:00:00.0" ObKeinKontakt="1" ObjArtID="1" Merkmal="0.0" ObjInfo="( Herr Freckmann, Sonnenweg, Hannover )"/>
  <Objekte ObjID="6311" ObjAufnahme="1997-12-15" ObjStrasseID="8214" ObjHausnummer="Sonnenweg 33" ObjVorlage="2013-09-11 00:00:00.0" ObKeinKontakt="1" ObjArtID="1" Merkmal="0.0"/>
  <Objekte ObjID="6312" ObjAufnahme="1997-12-15" ObjStrasseID="8214" ObjHausnummer="Sonnenweg 35" ObjVorlage="2013-09-11 00:00:00.0" ObKeinKontakt="1" ObjArtID="26" Merkmal="0.0" ObjInfo="( Frau Gertrud Weitkowitz, Führenwinkel 11, Isernhagen )"/>
  <Objekte ObjID="6313" ObjAufnahme="1997-12-15" ObjStrasseID="8214" ObjHausnummer="Sonnenweg 37" ObjVorlage="2013-09-11 00:00:00.0" ObKeinKontakt="1" ObjArtID="1" Merkmal="0.0" ObjInfo="( Fa. Nord- West- Bau OHG, Simrockstr. 8, Hannover )"/>
  <Objekte ObjID="6315" ObjAufnahme="1997-12-15" ObjStrasseID="6810" ObjHausnummer="Heinrich-Stamme-Straße 1" ObjVorlage="2013-09-11 00:00:00.0" ObKeinKontakt="1" ObjArtID="1" Merkmal="0.0" ObjInfo="( Herr Grove, Max- Eyth. Str. 39, Hannover )"/>
  <Objekte ObjID="6316" ObjAufnahme="1997-12-15" ObjStrasseID="6810" ObjHausnummer="Heinrich-Stamme-Straße 2" ObjVorlage="2013-09-11 00:00:00.0" ObKeinKontakt="1" ObjArtID="1" Merkmal="0.0" ObjInfo="( Leistungsgesellschaft, Am Thielenplatz, Hannover, 0511/ 36720 )"/>
  <Objekte ObjID="6317" ObjAufnahme="1997-12-15" ObjStrasseID="6810" ObjHausnummer="Heinrich-Stamme-Straße 3" ObjVorlage="2013-09-11 00:00:00.0" ObKeinKontakt="1" ObjArtID="1" Merkmal="0.0" ObjInfo="( Herr Eschemann, 0511/ 836083 )"/>
  <Objekte ObjID="6318" ObjAufnahme="1997-12-15" ObjStrasseID="6810" ObjHausnummer="Heinrich-Stamme-Straße 4" ObjVorlage="2013-09-11 00:00:00.0" ObKeinKontakt="1" ObjArtID="1" Merkmal="0.0" ObjInfo="( Eigentümergemeinschaft )"/>
  <Objekte ObjID="6319" ObjAufnahme="1997-12-15" ObjStrasseID="7169" ObjHausnummer="Kleine Düwelstraße 3" ObjVorlage="2013-09-11 00:00:00.0" ObKeinKontakt="1" ObjArtID="1" Merkmal="0.0" ObjInfo="( Herr Johann Steinwachs, Kleine- Düwelstr. 3, Hannover )"/>
  <Objekte ObjID="6320" ObjAufnahme="1997-12-15" ObjLetztKontakt="1999-07-08" ObjStrasseID="7169" ObjHausnummer="Kleine Düwelstraße 5" ObjVorlage="2013-09-11 00:00:00.0" ObKeinKontakt="1" ObjArtID="68" Merkmal="0.9999999999999999" ObjInfo="16055\"/>
  <Objekte ObjID="6321" ObjAufnahme="1997-12-15" ObjStrasseID="7169" ObjHausnummer="Kleine Düwelstraße 9" ObjVorlage="2013-09-11 00:00:00.0" ObKeinKontakt="1" ObjArtID="1" Merkmal="0.0" ObjInfo="( Frau Cohrs, Lister Kirchweg, Hannover )"/>
  <Objekte ObjID="6322" ObjAufnahme="1997-12-15" ObjStrasseID="7169" ObjHausnummer="Kleine Düwelstraße 11" ObjVorlage="2013-09-11 00:00:00.0" ObKeinKontakt="1" ObjArtID="1" Merkmal="0.0" ObjInfo="( Frau L. Bolte, Kleine Düwelstr. 11, Hannover)"/>
  <Objekte ObjID="6323" ObjAufnahme="1997-12-15" ObjLetztKontakt="1999-09-23" ObjStrasseID="7169" ObjHausnummer="Kleine Düwelstraße 13A" ObjVorlage="2013-09-11 00:00:00.0" ObKeinKontakt="5" ObjArtID="63" Merkmal="0.0" ObjInfo="( Frau M. Cajewitz, Hildesheimer Str. 11, Hannover )"/>
  <Objekte ObjID="6324" ObjAufnahme="1997-12-15" ObjStrasseID="7169" ObjHausnummer="Kleine Düwelstraße 15" ObjVorlage="2013-09-11 00:00:00.0" ObKeinKontakt="1" ObjArtID="1" Merkmal="0.0"/>
  <Objekte ObjID="6325" ObjAufnahme="1997-12-15" ObjStrasseID="7169" ObjHausnummer="Kleine Düwelstraße 17" ObjVorlage="2013-09-11 00:00:00.0" ObKeinKontakt="1" ObjArtID="1" Merkmal="0.0" ObjInfo="( Herr G. Backhaus, Jordanstr. 28, Hannover )"/>
  <Objekte ObjID="6326" ObjAufnahme="1997-12-15" ObjStrasseID="7169" ObjHausnummer="Kleine Düwelstraße 19" ObjVorlage="2013-09-11 00:00:00.0" ObKeinKontakt="1" ObjArtID="1" Merkmal="0.0" ObjInfo="( Wohnungsbau Niedersachsen, Königstr. 9, Hannover )"/>
  <Objekte ObjID="6327" ObjAufnahme="1997-12-15" ObjStrasseID="7169" ObjHausnummer="Kleine Düwelstraße 19A" ObjVorlage="2013-09-11 00:00:00.0" ObKeinKontakt="1" ObjArtID="26" Merkmal="0.0" ObjInfo="( Wohnungsbau Niedersachsen )"/>
  <Objekte ObjID="6328" ObjAufnahme="1997-12-15" ObjStrasseID="7169" ObjHausnummer="Kleine Düwelstraße 21" ObjVorlage="2013-09-11 00:00:00.0" ObKeinKontakt="1" ObjArtID="1" Merkmal="0.0" ObjInfo="( Herr H. Wilkening, Mallnitzstr. 3, Hannover 9 )"/>
  <Objekte ObjID="6329" ObjAufnahme="1997-12-15" ObjStrasseID="7220" ObjHausnummer="Königsworther Straße 4" ObjVorlage="2013-09-11 00:00:00.0" ObKeinKontakt="1" ObjArtID="1" Merkmal="0.0" ObjInfo="( Evtl. Frau Casper 0511/ 817906 )&#xD;&#xA;1977: B. Casper Aegidiendamm 9&#xD;&#xA;heute Dipl. Ing. Eberhard Casper&#xD;&#xA;Kerstingstr. 17, 30173 Hannover&#xD;&#xA;Tel. 0511817906"/>
  <Objekte ObjID="6330" ObjAufnahme="1997-12-15" ObjStrasseID="7220" ObjHausnummer="Königsworther Straße 5" ObjVorlage="2013-09-11 00:00:00.0" ObKeinKontakt="1" ObjArtID="1" Merkmal="0.0" ObjInfo="( Dr. Last, )&#xD;&#xA;1977: Deutsches Rotes Kreus Landesverband Niedersachsen e.V. Erwinstrasse 7"/>
  <Objekte ObjID="6331" ObjAufnahme="1997-12-15" ObjStrasseID="7220" ObjHausnummer="Königsworther Straße 6" ObjVorlage="2013-09-11 00:00:00.0" ObKeinKontakt="1" ObjArtID="1" Merkmal="0.0" ObjInfo="( Frau Petters, 0491/ 949439 )&#xD;&#xA;Telefonnummer stimmt nicht&#xD;&#xA;1977: Margot Peters&#xD;&#xA;Uni Buchhandlung (0)&#xD;&#xA;Königsworther Str. 6&#xD;&#xA;30167 Hannover Calenberger Neustadt&#xD;&#xA;Tel.: (05 11) 71 59 11&#xD;&#xA;Lo Spontino da Nicoletta&#xD;&#xA;Königsworther Straße 6&#xD;&#xA;30167 Hannover (Calenberger Neustadt)&#xD;&#xA;Telefon: 051176357878"/>
  <Objekte ObjID="6332" ObjAufnahme="1997-12-15" ObjStrasseID="7220" ObjHausnummer="Königsworther Straße 8" ObjVorlage="2013-09-11 00:00:00.0" ObKeinKontakt="1" ObjArtID="5" Merkmal="0.0" ObjInfo="(Herr Kuhmickel ist tot, Frau Reuper, Yorkstr. 6 )&#xD;&#xA;heute:&#xD;&#xA;Wiebke Lenkewitz&#xD;&#xA;Königsworther Straße 8&#xD;&#xA;30167 Hannover &#xD;&#xA;05119863679&#xD;&#xA;Matthias Pallus&#xD;&#xA;051164221355 &#xD;&#xA;Hartmut Horst Podlich&#xD;&#xA;05117011266 &#xD;&#xA;Dennis Petri&#xD;&#xA;05113374003"/>
  <Objekte ObjID="6333" ObjAufnahme="1997-12-15" ObjLetztKontakt="1998-11-12" ObjStrasseID="7220" ObjHausnummer="Königsworther Straße 7" ObjVorlage="2013-09-11 00:00:00.0" ObKeinKontakt="7" ObjArtID="1" Merkmal="0.0" ObjInfo="Gundlach Haus, 5 3-Zimmerwhg. 80 m², 5 2-Zimmerwhg. 65 m² mit Loggia nach hinten ins Grüne,&#xD;&#xA;1977: Ing. F. Kutschera"/>
  <Objekte ObjID="6334" ObjAufnahme="1997-12-15" ObjLetztKontakt="2012-03-12" ObjStrasseID="7220" ObjHausnummer="Königsworther Straße 10" ObjVorlage="2013-09-11 00:00:00.0" ObKeinKontakt="2" ObjArtID="1" Merkmal="0.0" ObjInfo="( Herr Dr. Hagen Kappe, 0511/ 738726 )&#xD;&#xA;1977: Frau L.Kappe Im Heidlande 5&#xD;&#xA;30916 Isernhagen&#xD;&#xA;freundlicher Herr"/>
  <Objekte ObjID="6335" ObjAufnahme="1997-12-15" ObjStrasseID="7220" ObjHausnummer="Königsworther Straße 11" ObjVorlage="2013-09-11 00:00:00.0" ObKeinKontakt="1" ObjArtID="1" Merkmal="0.0" ObjInfo="( 0511/ 703737, Eigentumswohnungen )&#xD;&#xA;1977: Landeshauptstadt Hannover"/>
  <Objekte ObjID="6336" ObjAufnahme="1997-12-15" ObjStrasseID="7220" ObjHausnummer="Königsworther Straße 12" ObjVorlage="2013-09-11 00:00:00.0" ObKeinKontakt="1" ObjArtID="1" Merkmal="0.0" ObjInfo="( Herr Hinz)&#xD;&#xA;1977. Altherrenverband der Hansea e.V.Turnerschaft&#xD;&#xA;Gut e.V.&#xD;&#xA;0511 4756570"/>
  <Objekte ObjID="6337" ObjAufnahme="1997-12-15" ObjStrasseID="7220" ObjHausnummer="Königsworther Straße 13" ObjVorlage="2013-09-11 00:00:00.0" ObKeinKontakt="1" ObjArtID="1" Merkmal="0.9999999999999999" ObjInfo="9WE/2L/1895/137/2,0"/>
  <Objekte ObjID="6338" ObjAufnahme="1997-12-15" ObjStrasseID="7220" ObjHausnummer="Königsworther Straße 14" ObjVorlage="2013-09-11 00:00:00.0" ObKeinKontakt="1" ObjArtID="35" Merkmal="0.0" ObjInfo="( Brakel 0511/ 7011782 )&#xD;&#xA;1977: Landeshauptstadt Hannover&#xD;&#xA;Balettschule Brakel"/>
  <Objekte ObjID="6339" ObjAufnahme="1997-12-15" ObjStrasseID="7220" ObjHausnummer="Königsworther Straße 15" ObjVorlage="2013-09-11 00:00:00.0" ObKeinKontakt="1" ObjArtID="26" Merkmal="0.0" ObjInfo="( Erbengemeinschaft 0511/ 1318011, Frau Posorski )&#xD;&#xA;1977: E.Kropp"/>
  <Objekte ObjID="6340" ObjAufnahme="1997-12-15" ObjStrasseID="7220" ObjHausnummer="Königsworther Straße 17" ObjVorlage="2013-09-11 00:00:00.0" ObKeinKontakt="1" ObjArtID="1" Merkmal="0.0" ObjInfo="1977: Heimatwerk Hannover Wohnungsbau GmbH&#xD;&#xA;Gellertstraße 5"/>
  <Objekte ObjID="6341" ObjAufnahme="1997-12-15" ObjStrasseID="7220" ObjHausnummer="Königsworther Straße 18" ObjVorlage="2013-09-11 00:00:00.0" ObKeinKontakt="1" ObjArtID="1" Merkmal="0.0"/>
  <Objekte ObjID="6342" ObjAufnahme="1997-12-15" ObjStrasseID="7220" ObjHausnummer="Königsworther Straße 19" ObjVorlage="2013-09-11 00:00:00.0" ObKeinKontakt="1" ObjArtID="1" Merkmal="0.0" ObjInfo="( Eigentumswohnungen 0511/ 131377 - Car und Audio, 0511/ 18035, Connis Rad Shop )&#xD;&#xA;1977: Gudrun und W. Töpper, Architekt"/>
  <Objekte ObjID="6343" ObjAufnahme="1997-12-15" ObjStrasseID="7220" ObjHausnummer="Königsworther Straße 20" ObjVorlage="2013-09-11 00:00:00.0" ObKeinKontakt="1" ObjArtID="1" Merkmal="0.0" ObjInfo="( Herr Greisner, Sebastian Bach Str. 6, 31141 Hildesheim, 05121/ 868096 )&#xD;&#xA;1977: Greisner Packung Heiligerstr. 17"/>
  <Objekte ObjID="6344" ObjAufnahme="1997-12-15" ObjStrasseID="7220" ObjHausnummer="Königsworther Straße 21" ObjVorlage="2013-09-11 00:00:00.0" ObKeinKontakt="1" ObjArtID="1" Merkmal="0.0" ObjInfo="( Bergmann, 0511/ 1319319 )"/>
  <Objekte ObjID="6345" ObjAufnahme="1997-12-15" ObjStrasseID="7220" ObjHausnummer="Königsworther Straße 22" ObjVorlage="2013-09-11 00:00:00.0" ObKeinKontakt="1" ObjArtID="1" Merkmal="0.0" ObjInfo="( 0511/ 15113, A Nosa Casa )&#xD;&#xA;1977: Evelin Seitz u. Burghardt Lehrter Strasse 18"/>
  <Objekte ObjID="6346" ObjAufnahme="1997-12-15" ObjStrasseID="7220" ObjHausnummer="Königsworther Straße 23" ObjVorlage="2013-09-11 00:00:00.0" ObKeinKontakt="1" ObjArtID="1" Merkmal="0.0" ObjInfo="( Dr. H.Kreft )"/>
  <Objekte ObjID="6347" ObjAufnahme="1997-12-15" ObjStrasseID="7220" ObjHausnummer="Königsworther Straße 24" ObjVorlage="2013-09-11 00:00:00.0" ObKeinKontakt="1" ObjArtID="1" Merkmal="0.0" ObjInfo="( Herr Simon, 0511/ 17783 )&#xD;&#xA;1977: Lüssenhop Erben&#xD;&#xA;Verw. Bütemeister Celle, Trift 18A"/>
  <Objekte ObjID="6348" ObjAufnahme="1997-12-15" ObjStrasseID="7220" ObjHausnummer="Königsworther Straße 25" ObjVorlage="2013-09-11 00:00:00.0" ObKeinKontakt="1" ObjArtID="1" Merkmal="0.0" ObjInfo="( Roneburg Mexcal )"/>
  <Objekte ObjID="6349" ObjAufnahme="1997-12-15" ObjStrasseID="7220" ObjHausnummer="Königsworther Straße 26" ObjVorlage="2013-09-11 00:00:00.0" ObKeinKontakt="1" ObjArtID="1" Merkmal="0.0" ObjInfo="( A. Kahrstedt, 0511/ 13914 )&#xD;&#xA;1977 wie 24"/>
  <Objekte ObjID="6350" ObjAufnahme="1997-12-15" ObjStrasseID="7220" ObjHausnummer="Königsworther Straße 26A" ObjVorlage="2013-09-11 00:00:00.0" ObKeinKontakt="1" ObjArtID="1" Merkmal="0.0"/>
  <Objekte ObjID="6351" ObjAufnahme="1997-12-15" ObjStrasseID="7220" ObjHausnummer="Königsworther Straße 28" ObjVorlage="2013-09-11 00:00:00.0" ObKeinKontakt="1" ObjArtID="1" Merkmal="0.0" ObjInfo="( Kähstedt, 0511/ 1317374 )&#xD;&#xA;1977: auch"/>
  <Objekte ObjID="6352" ObjAufnahme="1997-12-15" ObjStrasseID="7220" ObjHausnummer="Königsworther Straße 27" ObjVorlage="2013-09-11 00:00:00.0" ObKeinKontakt="1" ObjArtID="1" Merkmal="0.0" ObjInfo="1977: Land Niedersachsen"/>
  <Objekte ObjID="6353" ObjAufnahme="1997-12-15" ObjStrasseID="7220" ObjHausnummer="Königsworther Straße 30" ObjVorlage="2013-09-11 00:00:00.0" ObKeinKontakt="1" ObjArtID="1" Merkmal="0.0" ObjInfo="( Rohrweber Erben )&#xD;&#xA;1977: Erbengemeinschaft Rohrweber"/>
  <Objekte ObjID="6354" ObjAufnahme="1997-12-15" ObjLetztKontakt="2012-02-23" ObjStrasseID="7220" ObjHausnummer="Königsworther Straße 29" ObjVorlage="2013-05-01 00:00:00.0" ObKeinKontakt="1" ObjArtID="1" Merkmal="0.0" ObjInfo="gemeldet:&#xD;&#xA;Wilfried Eigner&#xD;&#xA;5432923&#xD;&#xA;22.2.2012 ang. kennt nicht Eigentümer&#xD;&#xA;Stephan Praast&#xD;&#xA;2774333&#xD;&#xA;Werner Lühmann&#xD;&#xA;1690147&#xD;&#xA;Eigentümer früher:&#xD;&#xA;Niedersächsische Wach und Schließgesellschaft Eggeling &amp; Schorling&#xD;&#xA; KG Hausmannstraße 6/7&#xD;&#xA;Vertreter: Andreas Segler Tel 16320&#xD;&#xA;23.2.2012 nicht im Hause&#xD;&#xA;24.2.2012 Wollen nicht verkaufen"/>
  <Objekte ObjID="6355" ObjAufnahme="1997-12-15" ObjLetztKontakt="2012-02-24" ObjStrasseID="7220" ObjHausnummer="Königsworther Straße 31" ObjVorlage="2013-05-01 00:00:00.0" ObKeinKontakt="1" ObjArtID="1" Merkmal="0.0" ObjInfo="gemeldet:&#xD;&#xA;Geld und Werttransporte GmbH&#xD;&#xA;2285760&#xD;&#xA;Eigentümer früher:&#xD;&#xA;wie 29&#xD;&#xA;24.2.2012 wollen nicht verkaufen"/>
  <Objekte ObjID="6356" ObjAufnahme="1997-12-15" ObjStrasseID="7220" ObjHausnummer="Königsworther Straße 32" ObjVorlage="2013-09-11 00:00:00.0" ObKeinKontakt="1" ObjArtID="1" Merkmal="0.0" ObjInfo="( Evtl. Herr Schuster,05121/ 64573 )&#xD;&#xA;1977: W.Behrens"/>
  <Objekte ObjID="6357" ObjAufnahme="1997-12-15" ObjStrasseID="7220" ObjHausnummer="Königsworther Straße 33" ObjVorlage="2013-09-11 00:00:00.0" ObKeinKontakt="1" ObjArtID="1" Merkmal="0.0" ObjInfo="( Frau Genselbach, 0511/ 18137, Frau Dr. Klein )&#xD;&#xA;1977: Th. Brück Calenberger Str. 13"/>
  <Objekte ObjID="6358" ObjAufnahme="1997-12-15" ObjStrasseID="7220" ObjHausnummer="Königsworther Straße 35" ObjVorlage="2013-09-11 00:00:00.0" ObKeinKontakt="1" ObjArtID="1" Merkmal="0.0" ObjInfo="( Krüger 0511/ 1317044 )&#xD;&#xA;1977: Stracksche Erben"/>
  <Objekte ObjID="6359" ObjAufnahme="1997-12-15" ObjStrasseID="7220" ObjHausnummer="Königsworther Straße 37" ObjVorlage="2013-09-11 00:00:00.0" ObKeinKontakt="1" ObjArtID="1" Merkmal="0.0" ObjInfo="( Jürgens, 0511/ 17424 )&#xD;&#xA;1977: Elli Sprenger Clenberger Str. 13"/>
  <Objekte ObjID="6360" ObjAufnahme="1997-12-15" ObjStrasseID="7220" ObjHausnummer="Königsworther Straße 39" ObjVorlage="2013-09-11 00:00:00.0" ObKeinKontakt="1" ObjArtID="1" Merkmal="0.0" ObjInfo="( Frau Gotthart, 0511/ 1317936 )&#xD;&#xA;1977: Frau E. Tesch, Langendamm bei Nienburg&#xD;&#xA;Lönsweg 5"/>
  <Objekte ObjID="6361" ObjAufnahme="1997-12-15" ObjStrasseID="7220" ObjHausnummer="Königsworther Straße 2" ObjVorlage="2013-09-11 00:00:00.0" ObKeinKontakt="1" ObjArtID="1" Merkmal="0.0" ObjInfo="1977: Bund der Vertriebenen u. Gilde Brauerei Hildesheimer Str. 132&#xD;&#xA;Schweinske Hannover&#xD;&#xA;Königsworther Straße 2&#xD;&#xA;30167 Hannover (Calenberger Neustadt)&#xD;&#xA;http://www.schweinske-hannover.de&#xD;&#xA;Telefon: 05111690614&#xD;&#xA;Buddhistisches Zentrum Hannover&#xD;&#xA;Königsworther Straße 2&#xD;&#xA;30167 Hannover&#xD;&#xA;Fon: 05 11 / 8 11 76 63&#xD;&#xA;Fax: 05 11 / 7 60 19 43 &#xD;&#xA;herescon gmbh&#xD;&#xA;Königsworther Straße 2&#xD;&#xA;30167 Hannover&#xD;&#xA;Telefon: + 49 (0) 511 353 197 10&#xD;&#xA;Fax:        + 49 (0) 511 897 038 48&#xD;&#xA;Stiftung Schlesien&#xD;&#xA;Otto Klöden, Stiftung Schlesien&#xD;&#xA;Königsworther Straße 2 - 30167 Hannover&#xD;&#xA;Firmen-Adresse:&#xD;&#xA;Stiftung Schlesien&#xD;&#xA;Königsworther Straße 2&#xD;&#xA;30167 Hannover&#xD;&#xA;Tel. 0511/7015418&#xD;&#xA;JURA INTENSIV Hannover&#xD;&#xA;Königsworther Straße 2&#xD;&#xA;30167 Hannover &#xD;&#xA;Fon: 0251-482440&#xD;&#xA;Fax: 0251-4824444&#xD;&#xA;movenyo&#xD;&#xA;Tanzschule in Hannover&#xD;&#xA;Link zur Webseite kostenlos hinzufügen&#xD;&#xA;Königsworther Straße 2&#xD;&#xA;30167 Hannover&#xD;&#xA;Tel.:0511 / 8060289    Skype"/>
  <Objekte ObjID="8218" ObjAufnahme="1996-03-19" ObjLetztKontakt="1996-03-19" ObjStrasseID="7078" ObjHausnummer="Kaiserallee 9" ObjVorlage="2013-09-11 00:00:00.0" ObKeinKontakt="5" ObjArtID="9" Merkmal="0.9999999999999999" ObjInfo="lt.15.07.98keinVerh.Huterst ab2001!"/>
  <Objekte ObjID="8219" ObjAufnahme="1996-02-23" ObjLetztKontakt="1996-02-23" ObjStrasseID="7356" ObjVorlage="2013-09-11 00:00:00.0" ObKeinKontakt="5" ObjArtID="10" Merkmal="0.0"/>
  <Objekte ObjID="8220" ObjAufnahme="1996-02-23" ObjLetztKontakt="1996-02-23" ObjStrasseID="5159" ObjVorlage="2013-09-11 00:00:00.0" ObKeinKontakt="5" ObjArtID="10" Merkmal="0.0"/>
  <Objekte ObjID="8221" ObjAufnahme="1996-02-23" ObjLetztKontakt="1996-02-23" ObjStrasseID="5542" ObjVorlage="2013-09-11 00:00:00.0" ObKeinKontakt="5" ObjArtID="10" Merkmal="0.0"/>
  <Objekte ObjID="8223" ObjAufnahme="1996-02-07" ObjLetztKontakt="1996-02-07" ObjStrasseID="5166" ObjVorlage="2013-09-11 00:00:00.0" ObKeinKontakt="5" ObjArtID="12" Merkmal="0.0"/>
  <Objekte ObjID="8226" ObjAufnahme="1998-02-21" ObjStrasseID="5132" ObjHausnummer="Beerenweg 1" ObjVorlage="2013-09-11 00:00:00.0" ObKeinKontakt="5" ObjArtID="10" Merkmal="0.9999999999999999"/>
  <Objekte ObjID="8228" ObjAufnahme="1996-02-29" ObjLetztKontakt="1996-02-29" ObjStrasseID="5152" ObjHausnummer="Erst-Kohlrautz-Straße 42" ObjVorlage="2013-09-11 00:00:00.0" ObKeinKontakt="5" ObjArtID="20" Merkmal="0.0"/>
  <Objekte ObjID="8229" ObjAufnahme="1996-03-07" ObjLetztKontakt="1996-03-07" ObjStrasseID="4251" ObjHausnummer="Max-Reger-Weg 17" ObjVorlage="2013-09-11 00:00:00.0" ObKeinKontakt="5" ObjArtID="20" Merkmal="0.0"/>
  <Objekte ObjID="8230" ObjAufnahme="1998-02-21" ObjStrasseID="5166" ObjVorlage="2013-09-11 00:00:00.0" ObKeinKontakt="5" ObjArtID="10" Merkmal="0.9999999999999999"/>
  <Objekte ObjID="8232" ObjAufnahme="1997-03-15" ObjLetztKontakt="1997-03-15" ObjStrasseID="6290" ObjHausnummer="Eckenerstraße 38" ObjVorlage="2013-09-11 00:00:00.0" ObKeinKontakt="5" ObjArtID="9" Merkmal="0.0"/>
  <Objekte ObjID="8233" ObjAufnahme="1996-03-18" ObjLetztKontakt="2000-03-07" ObjStrasseID="5927" ObjHausnummer="Berliner Allee 51" ObjVorlage="2013-09-11 00:00:00.0" ObKeinKontakt="6" ObjArtID="14" Merkmal="0.9999999999999999" ObjInfo="18564\Blk Ost"/>
  <Objekte ObjID="8236" ObjAufnahme="1998-02-21" ObjStrasseID="5620" ObjHausnummer="Am Fahrhorstfelde 7" ObjVorlage="2013-09-11 00:00:00.0" ObKeinKontakt="5" ObjArtID="10" Merkmal="0.0"/>
  <Objekte ObjID="8237" ObjAufnahme="1995-10-25" ObjLetztKontakt="1995-10-25" ObjStrasseID="7681" ObjHausnummer="Oldekopstraße 58" ObjVorlage="2013-09-11 00:00:00.0" ObKeinKontakt="5" ObjArtID="24" Merkmal="0.0"/>
  <Objekte ObjID="8238" ObjAufnahme="1996-01-16" ObjLetztKontakt="1996-01-16" ObjStrasseID="7782" ObjHausnummer="Pinkenburger Straße 25E" ObjVorlage="2013-09-11 00:00:00.0" ObKeinKontakt="5" ObjArtID="22" Merkmal="0.9999999999999999"/>
  <Objekte ObjID="8240" ObjAufnahme="1996-01-17" ObjLetztKontakt="1996-01-17" ObjStrasseID="6257" ObjHausnummer="Dörriesplatz 4" ObjVorlage="2013-09-11 00:00:00.0" ObKeinKontakt="5" ObjArtID="1" Merkmal="0.0"/>
  <Objekte ObjID="8243" ObjAufnahme="1998-02-21" ObjStrasseID="5128" ObjHausnummer="An der Eiche 5" ObjVorlage="2013-09-11 00:00:00.0" ObKeinKontakt="5" ObjArtID="10" Merkmal="0.0"/>
  <Objekte ObjID="8252" ObjAufnahme="1996-02-01" ObjLetztKontakt="1999-09-30" ObjStrasseID="6274" ObjHausnummer="Duisburger Straße 10" ObjVorlage="2013-09-11 00:00:00.0" ObKeinKontakt="5" ObjArtID="18" Merkmal="0.0"/>
  <Objekte ObjID="8254" ObjAufnahme="1998-02-21" ObjStrasseID="5127" ObjVorlage="2013-09-11 00:00:00.0" ObKeinKontakt="5" ObjArtID="10" Merkmal="0.0"/>
  <Objekte ObjID="8255" ObjAufnahme="1996-03-28" ObjLetztKontakt="1996-03-28" ObjStrasseID="6157" ObjHausnummer="Constantinstraße 58" ObjVorlage="2013-09-11 00:00:00.0" ObKeinKontakt="5" ObjArtID="8" Merkmal="0.0"/>
  <Objekte ObjID="8257" ObjAufnahme="1996-03-19" ObjLetztKontakt="1996-03-19" ObjStrasseID="4542" ObjHausnummer="Ricklefsstraße 14" ObjVorlage="2013-09-11 00:00:00.0" ObKeinKontakt="5" ObjArtID="21" Merkmal="0.0"/>
  <Objekte ObjID="8258" ObjAufnahme="1996-06-03" ObjLetztKontakt="1996-06-03" ObjStrasseID="6566" ObjHausnummer="Gifhorner Straße 27" ObjVorlage="2013-09-11 00:00:00.0" ObKeinKontakt="5" ObjArtID="8" Merkmal="0.0"/>
  <Objekte ObjID="8260" ObjAufnahme="1996-06-04" ObjLetztKontakt="1996-06-04" ObjStrasseID="8675" ObjHausnummer="Wolfenbütteler Straße 40" ObjVorlage="2013-09-11 00:00:00.0" ObKeinKontakt="5" ObjArtID="14" Merkmal="0.0"/>
  <Objekte ObjID="8261" ObjAufnahme="1996-06-04" ObjLetztKontakt="1996-06-04" ObjStrasseID="6827" ObjHausnummer="Helmstedter Straße 40" ObjVorlage="2013-09-11 00:00:00.0" ObKeinKontakt="5" ObjArtID="13" Merkmal="0.0"/>
  <Objekte ObjID="8262" ObjAufnahme="1996-06-04" ObjLetztKontakt="1996-06-04" ObjStrasseID="8220" ObjHausnummer="Spannhagengarten 15" ObjVorlage="2013-09-11 00:00:00.0" ObKeinKontakt="5" ObjArtID="15" Merkmal="0.0"/>
  <Objekte ObjID="8264" ObjAufnahme="1996-06-13" ObjLetztKontakt="1996-06-13" ObjStrasseID="6293" ObjHausnummer="Edenstraße 5" ObjVorlage="2013-09-11 00:00:00.0" ObKeinKontakt="5" ObjArtID="1" Merkmal="0.0"/>
  <Objekte ObjID="8268" ObjAufnahme="1996-06-13" ObjLetztKontakt="1996-06-13" ObjStrasseID="3420" ObjHausnummer="Ernst-Wiechert-Str 6" ObjVorlage="2013-09-11 00:00:00.0" ObKeinKontakt="5" ObjArtID="8" Merkmal="0.0"/>
  <Objekte ObjID="8269" ObjAufnahme="1996-06-13" ObjLetztKontakt="1996-06-13" ObjStrasseID="4853" ObjHausnummer="Tannenweg 17" ObjVorlage="2013-09-11 00:00:00.0" ObKeinKontakt="5" ObjArtID="8" Merkmal="0.0"/>
  <Objekte ObjID="8270" ObjAufnahme="1996-06-17" ObjLetztKontakt="1996-06-17" ObjStrasseID="4977" ObjHausnummer="Waltersweg 6" ObjVorlage="2013-09-11 00:00:00.0" ObKeinKontakt="5" ObjArtID="20" Merkmal="0.0"/>
  <Objekte ObjID="8272" ObjAufnahme="1996-06-17" ObjLetztKontakt="1996-06-17" ObjStrasseID="6592" ObjHausnummer="Goethestraße 38" ObjVorlage="2013-09-11 00:00:00.0" ObKeinKontakt="5" ObjArtID="15" Merkmal="0.0"/>
  <Objekte ObjID="8274" ObjAufnahme="1996-06-19" ObjLetztKontakt="1996-06-19" ObjStrasseID="3223" ObjHausnummer="Breite Riede 3" ObjVorlage="2013-09-11 00:00:00.0" ObKeinKontakt="5" ObjArtID="8" Merkmal="0.0"/>
  <Objekte ObjID="8275" ObjAufnahme="1996-06-19" ObjLetztKontakt="1996-06-19" ObjStrasseID="7695" ObjHausnummer="Ossietzkyring 37 B" ObjVorlage="2013-09-11 00:00:00.0" ObKeinKontakt="5" ObjArtID="1" Merkmal="1.0" ObjInfo="163 WE1973/75102515"/>
  <Objekte ObjID="8276" ObjAufnahme="1996-06-19" ObjLetztKontakt="1996-06-19" ObjStrasseID="7695" ObjHausnummer="Ossietzkyring 37C" ObjVorlage="2013-09-11 00:00:00.0" ObKeinKontakt="5" ObjArtID="1" Merkmal="0.9999999999999999"/>
  <Objekte ObjID="8277" ObjAufnahme="1996-06-19" ObjLetztKontakt="1996-06-19" ObjStrasseID="7695" ObjHausnummer="Ossietzkyring 37D" ObjVorlage="2013-09-11 00:00:00.0" ObKeinKontakt="5" ObjArtID="1" Merkmal="0.9999999999999999"/>
  <Objekte ObjID="8278" ObjAufnahme="1996-06-19" ObjLetztKontakt="1996-06-19" ObjStrasseID="7695" ObjHausnummer="Ossietzkyring 37E" ObjVorlage="2013-09-11 00:00:00.0" ObKeinKontakt="5" ObjArtID="1" Merkmal="0.9999999999999999"/>
  <Objekte ObjID="8279" ObjAufnahme="1996-06-19" ObjLetztKontakt="1996-06-19" ObjStrasseID="7695" ObjHausnummer="Ossietzkyring 37F" ObjVorlage="2013-09-11 00:00:00.0" ObKeinKontakt="5" ObjArtID="1" Merkmal="0.9999999999999999"/>
  <Objekte ObjID="8280" ObjAufnahme="1996-06-19" ObjLetztKontakt="1996-06-19" ObjStrasseID="7695" ObjHausnummer="Ossietzkyring 37G" ObjVorlage="2013-09-11 00:00:00.0" ObKeinKontakt="5" ObjArtID="1" Merkmal="0.9999999999999999"/>
  <Objekte ObjID="8281" ObjAufnahme="1996-06-19" ObjLetztKontakt="1996-06-19" ObjStrasseID="7695" ObjHausnummer="Ossietzkyring 37H" ObjVorlage="2013-09-11 00:00:00.0" ObKeinKontakt="5" ObjArtID="1" Merkmal="0.9999999999999999"/>
  <Objekte ObjID="8282" ObjAufnahme="1996-06-19" ObjLetztKontakt="1996-06-19" ObjStrasseID="7695" ObjHausnummer="Ossietzkyring 37I" ObjVorlage="2013-09-11 00:00:00.0" ObKeinKontakt="5" ObjArtID="1" Merkmal="0.9999999999999999"/>
  <Objekte ObjID="8283" ObjAufnahme="1996-06-21" ObjLetztKontakt="1996-06-21" ObjStrasseID="8263" ObjHausnummer="Steckerstraße 9" ObjVorlage="2013-09-11 00:00:00.0" ObKeinKontakt="5" ObjArtID="1" Merkmal="0.0"/>
  <Objekte ObjID="8284" ObjAufnahme="1996-06-21" ObjLetztKontakt="1996-06-21" ObjStrasseID="5121" ObjHausnummer="Albert- Schweizer-Straße 4" ObjVorlage="2013-09-11 00:00:00.0" ObKeinKontakt="5" ObjArtID="13" Merkmal="0.0"/>
  <Objekte ObjID="8288" ObjAufnahme="1996-06-21" ObjLetztKontakt="1996-06-21" ObjStrasseID="5212" ObjHausnummer="Rudolf-Diesel-Straße 6" ObjVorlage="2013-09-11 00:00:00.0" ObKeinKontakt="5" ObjArtID="8" Merkmal="0.0" ObjInfo="177 m²4200 m²1980650.000,-- DM"/>
  <Objekte ObjID="8290" ObjAufnahme="1996-06-21" ObjLetztKontakt="1996-06-21" ObjStrasseID="6788" ObjHausnummer="Heiligengeiststraße 21" ObjVorlage="2013-09-11 00:00:00.0" ObKeinKontakt="5" ObjArtID="8" Merkmal="0.0" ObjInfo="1011qm/1200qm/1933/2,3 Mio."/>
  <Objekte ObjID="8292" ObjAufnahme="1996-06-21" ObjLetztKontakt="1996-06-21" ObjStrasseID="7373" ObjHausnummer="Lichtenradeweg 9" ObjVorlage="2013-09-11 00:00:00.0" ObKeinKontakt="5" ObjArtID="8" Merkmal="0.0"/>
  <Objekte ObjID="8293" ObjAufnahme="1996-06-21" ObjLetztKontakt="1996-06-21" ObjStrasseID="6785" ObjHausnummer="Heidkampsee 17" ObjVorlage="2013-09-11 00:00:00.0" ObKeinKontakt="5" ObjArtID="8" Merkmal="0.0"/>
  <Objekte ObjID="8294" ObjAufnahme="1996-06-21" ObjLetztKontakt="1996-06-21" ObjStrasseID="4915" ObjHausnummer="Ulmenweg 9" ObjVorlage="2013-09-11 00:00:00.0" ObKeinKontakt="5" ObjArtID="8" Merkmal="0.0"/>
  <Objekte ObjID="8295" ObjAufnahme="1996-06-21" ObjLetztKontakt="1996-06-21" ObjStrasseID="3918" ObjHausnummer="Insterburger Straße 24" ObjVorlage="2013-09-11 00:00:00.0" ObKeinKontakt="5" ObjArtID="8" Merkmal="0.0"/>
  <Objekte ObjID="8296" ObjAufnahme="1996-06-21" ObjLetztKontakt="1996-06-21" ObjStrasseID="3785" ObjHausnummer="Hinter den Wiesen 7" ObjVorlage="2013-09-11 00:00:00.0" ObKeinKontakt="5" ObjArtID="8" Merkmal="0.0"/>
  <Objekte ObjID="8297" ObjAufnahme="1996-06-22" ObjLetztKontakt="1996-06-22" ObjStrasseID="8394" ObjHausnummer="Tollenbrink 4" ObjVorlage="2013-09-11 00:00:00.0" ObKeinKontakt="5" ObjArtID="16" Merkmal="0.0"/>
  <Objekte ObjID="8298" ObjAufnahme="1996-06-22" ObjLetztKontakt="2001-03-08" ObjStrasseID="3223" ObjHausnummer="Breite Riede 35A" ObjVorlage="2013-09-11 00:00:00.0" ObKeinKontakt="5" ObjArtID="20" Merkmal="0.0"/>
  <Objekte ObjID="8299" ObjAufnahme="1996-06-24" ObjLetztKontakt="1996-06-24" ObjStrasseID="8251" ObjHausnummer="Stadtfelddamm 43F" ObjVorlage="2013-09-11 00:00:00.0" ObKeinKontakt="5" ObjArtID="8" Merkmal="0.0"/>
  <Objekte ObjID="8300" ObjAufnahme="1996-06-24" ObjLetztKontakt="1996-06-24" ObjStrasseID="5227" ObjHausnummer="Steinwedeler Kirchweg 42" ObjVorlage="2013-09-11 00:00:00.0" ObKeinKontakt="5" ObjArtID="8" Merkmal="0.0"/>
  <Objekte ObjID="8301" ObjAufnahme="1996-06-24" ObjLetztKontakt="1996-06-24" ObjStrasseID="7652" ObjHausnummer="Nordhorner Straße 10" ObjVorlage="2013-09-11 00:00:00.0" ObKeinKontakt="5" ObjArtID="8" Merkmal="0.0"/>
  <Objekte ObjID="8302" ObjAufnahme="1996-06-24" ObjLetztKontakt="1996-06-24" ObjStrasseID="5143" ObjHausnummer="Bussardweg 56" ObjVorlage="2013-09-11 00:00:00.0" ObKeinKontakt="5" ObjArtID="8" Merkmal="0.0"/>
  <Objekte ObjID="8303" ObjAufnahme="1996-06-24" ObjLetztKontakt="1996-06-24" ObjStrasseID="4241" ObjHausnummer="Masurenweg 5" ObjVorlage="2013-09-11 00:00:00.0" ObKeinKontakt="5" ObjArtID="20" Merkmal="0.0"/>
  <Objekte ObjID="8304" ObjAufnahme="1996-06-24" ObjLetztKontakt="1996-06-24" ObjStrasseID="7374" ObjHausnummer="Liebermannstraße 1" ObjVorlage="2013-09-11 00:00:00.0" ObKeinKontakt="5" ObjArtID="8" Merkmal="0.9999999999999999" ObjInfo="448+260qm/1906qm/1929/............/2.500.000DM"/>
  <Objekte ObjID="8305" ObjAufnahme="1996-06-24" ObjLetztKontakt="1996-06-24" ObjStrasseID="8131" ObjHausnummer="Schwanenring 37" ObjVorlage="2013-09-11 00:00:00.0" ObKeinKontakt="5" ObjArtID="8" Merkmal="0.0"/>
  <Objekte ObjID="8306" ObjAufnahme="1996-06-24" ObjLetztKontakt="1996-06-24" ObjStrasseID="7507" ObjHausnummer="Meersmannufer 20" ObjVorlage="2013-09-11 00:00:00.0" ObKeinKontakt="5" ObjArtID="8" Merkmal="0.0"/>
  <Objekte ObjID="8308" ObjAufnahme="1996-06-26" ObjLetztKontakt="1996-06-26" ObjStrasseID="7492" ObjHausnummer="Maschstraße 7" ObjVorlage="2013-09-11 00:00:00.0" ObKeinKontakt="5" ObjArtID="15" Merkmal="0.0"/>
  <Objekte ObjID="8310" ObjAufnahme="1996-06-26" ObjLetztKontakt="1996-06-26" ObjStrasseID="4218" ObjHausnummer="Mahlsdorferweg 35" ObjVorlage="2013-09-11 00:00:00.0" ObKeinKontakt="5" ObjArtID="8" Merkmal="0.0"/>
  <Objekte ObjID="8311" ObjAufnahme="1996-06-26" ObjLetztKontakt="1996-06-26" ObjStrasseID="7213" ObjHausnummer="Kommandanturstraße 12" ObjVorlage="2013-09-11 00:00:00.0" ObKeinKontakt="5" ObjArtID="1" Merkmal="0.0"/>
  <Objekte ObjID="8312" ObjAufnahme="1996-06-26" ObjLetztKontakt="1996-06-26" ObjStrasseID="4713" ObjHausnummer="Seestraße 9" ObjVorlage="2013-09-11 00:00:00.0" ObKeinKontakt="5" ObjArtID="8" Merkmal="0.0"/>
  <Objekte ObjID="8314" ObjAufnahme="1996-06-27" ObjLetztKontakt="1996-06-27" ObjStrasseID="6959" ObjHausnummer="Ikarusallee 5A" ObjVorlage="2013-09-11 00:00:00.0" ObKeinKontakt="5" ObjArtID="9" Merkmal="0.0" ObjInfo="BüroLagerf,77947508,5"/>
  <Objekte ObjID="8316" ObjAufnahme="1998-02-21" ObjStrasseID="4111" ObjHausnummer="Lägenfeldstraße 32" ObjVorlage="2013-09-11 00:00:00.0" ObKeinKontakt="5" ObjArtID="5" Merkmal="0.0"/>
  <Objekte ObjID="8318" ObjAufnahme="1996-07-01" ObjLetztKontakt="1996-07-01" ObjStrasseID="7137" ObjHausnummer="Kesselstraße 21" ObjVorlage="2013-09-11 00:00:00.0" ObKeinKontakt="5" ObjArtID="1" Merkmal="0.0"/>
  <Objekte ObjID="8319" ObjAufnahme="1996-07-01" ObjLetztKontakt="1996-07-01" ObjStrasseID="8117" ObjHausnummer="Schulzenstraße 1" ObjVorlage="2013-09-11 00:00:00.0" ObKeinKontakt="5" ObjArtID="1" Merkmal="0.0"/>
  <Objekte ObjID="8320" ObjAufnahme="1996-07-03" ObjLetztKontakt="1996-07-03" ObjStrasseID="5136" ObjHausnummer="Binsenweg 2" ObjVorlage="2013-09-11 00:00:00.0" ObKeinKontakt="5" ObjArtID="5" Merkmal="0.0"/>
  <Objekte ObjID="8322" ObjAufnahme="1996-07-03" ObjLetztKontakt="1996-07-03" ObjStrasseID="6002" ObjHausnummer="Bödekerstraße 43" ObjVorlage="2013-09-11 00:00:00.0" ObKeinKontakt="5" ObjArtID="5" Merkmal="0.0"/>
  <Objekte ObjID="8325" ObjAufnahme="1996-07-04" ObjLetztKontakt="1996-07-04" ObjStrasseID="5211" ObjVorlage="2013-09-11 00:00:00.0" ObKeinKontakt="5" ObjArtID="10" Merkmal="0.0"/>
  <Objekte ObjID="8326" ObjAufnahme="1996-07-05" ObjLetztKontakt="1996-07-05" ObjStrasseID="4260" ObjHausnummer="Meitzer Straße 5" ObjVorlage="2013-09-11 00:00:00.0" ObKeinKontakt="5" ObjArtID="20" Merkmal="0.0"/>
  <Objekte ObjID="8327" ObjAufnahme="1996-07-05" ObjLetztKontakt="1996-07-05" ObjStrasseID="6704" ObjHausnummer="Hahnensteg 43A" ObjVorlage="2013-09-11 00:00:00.0" ObKeinKontakt="5" ObjArtID="8" Merkmal="0.0"/>
  <Objekte ObjID="8328" ObjAufnahme="1996-07-05" ObjLetztKontakt="1996-07-05" ObjStrasseID="8667" ObjHausnummer="Wittenberger Straße 35" ObjVorlage="2013-09-11 00:00:00.0" ObKeinKontakt="5" ObjArtID="21" Merkmal="0.0"/>
  <Objekte ObjID="8329" ObjAufnahme="1996-07-05" ObjLetztKontakt="1996-07-05" ObjStrasseID="5126" ObjHausnummer="Am Pfarrkamp 4" ObjVorlage="2013-09-11 00:00:00.0" ObKeinKontakt="5" ObjArtID="8" Merkmal="0.0"/>
  <Objekte ObjID="8330" ObjAufnahme="1996-07-05" ObjLetztKontakt="1996-07-05" ObjStrasseID="4012" ObjHausnummer="Kleinburgwedeler Weg 6" ObjVorlage="2013-09-11 00:00:00.0" ObKeinKontakt="5" ObjArtID="18" Merkmal="0.0"/>
  <Objekte ObjID="8331" ObjAufnahme="1996-07-09" ObjLetztKontakt="1996-07-09" ObjStrasseID="7550" ObjHausnummer="Mispelweg 21" ObjVorlage="2013-09-11 00:00:00.0" ObKeinKontakt="5" ObjArtID="1" Merkmal="0.0"/>
  <Objekte ObjID="8332" ObjAufnahme="1996-07-09" ObjLetztKontakt="1996-07-09" ObjStrasseID="7550" ObjHausnummer="Mispelweg 21A" ObjVorlage="2013-09-11 00:00:00.0" ObKeinKontakt="5" ObjArtID="1" Merkmal="0.0"/>
  <Objekte ObjID="8333" ObjAufnahme="1996-07-11" ObjLetztKontakt="1996-07-11" ObjStrasseID="5703" ObjHausnummer="Am Schatzkampe 13" ObjVorlage="2013-09-11 00:00:00.0" ObKeinKontakt="5" ObjArtID="15" Merkmal="0.0"/>
  <Objekte ObjID="8335" ObjAufnahme="1996-07-12" ObjLetztKontakt="1996-07-12" ObjStrasseID="4299" ObjHausnummer="Moulineauxplatz 32" ObjVorlage="2013-09-11 00:00:00.0" ObKeinKontakt="5" ObjArtID="8" Merkmal="0.0"/>
  <Objekte ObjID="8336" ObjAufnahme="1996-07-17" ObjLetztKontakt="1996-07-17" ObjStrasseID="6530" ObjHausnummer="Gehägestraße 41" ObjVorlage="2013-09-11 00:00:00.0" ObKeinKontakt="5" ObjArtID="8" Merkmal="0.0"/>
  <Objekte ObjID="8337" ObjAufnahme="1996-07-17" ObjLetztKontakt="1996-07-17" ObjStrasseID="6530" ObjHausnummer="Gehägestraße 41A" ObjVorlage="2013-09-11 00:00:00.0" ObKeinKontakt="5" ObjArtID="8" Merkmal="0.0"/>
  <Objekte ObjID="8338" ObjAufnahme="1996-07-17" ObjLetztKontakt="1996-07-17" ObjStrasseID="6857" ObjHausnummer="Herrenhäuser Kirchweg 25" ObjVorlage="2013-09-11 00:00:00.0" ObKeinKontakt="5" ObjArtID="8" Merkmal="0.0"/>
  <Objekte ObjID="8339" ObjAufnahme="1996-07-23" ObjLetztKontakt="1996-07-23" ObjStrasseID="4421" ObjHausnummer="Paradies 1" ObjVorlage="2013-09-11 00:00:00.0" ObKeinKontakt="5" ObjArtID="18" Merkmal="0.0" ObjInfo="2,0 Mio. DM"/>
  <Objekte ObjID="8340" ObjAufnahme="1998-02-21" ObjStrasseID="5185" ObjHausnummer="In den Kämmern 2" ObjVorlage="2013-09-11 00:00:00.0" ObKeinKontakt="5" ObjArtID="10" Merkmal="0.0"/>
  <Objekte ObjID="8341" ObjAufnahme="1996-07-25" ObjLetztKontakt="1996-07-25" ObjStrasseID="7741" ObjHausnummer="Pasteurallee 37" ObjVorlage="2013-09-11 00:00:00.0" ObKeinKontakt="5" ObjArtID="36" Merkmal="0.0"/>
  <Objekte ObjID="8342" ObjAufnahme="1996-07-25" ObjLetztKontakt="1996-07-25" ObjStrasseID="5135" ObjHausnummer="Bergstraße 218" ObjVorlage="2013-09-11 00:00:00.0" ObKeinKontakt="5" ObjArtID="1" Merkmal="0.0"/>
  <Objekte ObjID="8343" ObjAufnahme="1996-07-25" ObjLetztKontakt="1996-07-25" ObjStrasseID="5135" ObjHausnummer="Bergstraße 220" ObjVorlage="2013-09-11 00:00:00.0" ObKeinKontakt="5" ObjArtID="1" Merkmal="0.0"/>
  <Objekte ObjID="8344" ObjAufnahme="1996-07-25" ObjLetztKontakt="1996-07-25" ObjStrasseID="5135" ObjHausnummer="Bergstraße 222" ObjVorlage="2013-09-11 00:00:00.0" ObKeinKontakt="5" ObjArtID="1" Merkmal="0.0"/>
  <Objekte ObjID="8345" ObjAufnahme="1998-02-21" ObjStrasseID="7782" ObjHausnummer="Pinkenburger Straße 13" ObjVorlage="2013-09-11 00:00:00.0" ObKeinKontakt="5" ObjArtID="10" Merkmal="0.0"/>
  <Objekte ObjID="8347" ObjAufnahme="1996-08-01" ObjLetztKontakt="1996-08-01" ObjStrasseID="6679" ObjHausnummer="Gustav-Brandt-Straße 4" ObjVorlage="2013-09-11 00:00:00.0" ObKeinKontakt="5" ObjArtID="8" Merkmal="0.0"/>
  <Objekte ObjID="8349" ObjAufnahme="1996-08-02" ObjLetztKontakt="1996-08-02" ObjStrasseID="4533" ObjHausnummer="Reuterdamm 88" ObjVorlage="2013-09-11 00:00:00.0" ObKeinKontakt="5" ObjArtID="8" Merkmal="0.0"/>
  <Objekte ObjID="8351" ObjAufnahme="1996-08-02" ObjLetztKontakt="1996-08-02" ObjStrasseID="6627" ObjHausnummer="Grazer Straße 29" ObjVorlage="2013-09-11 00:00:00.0" ObKeinKontakt="5" ObjArtID="18" Merkmal="0.0"/>
  <Objekte ObjID="8352" ObjAufnahme="1996-08-07" ObjLetztKontakt="1996-08-07" ObjStrasseID="5238" ObjHausnummer="Witten Legden 14" ObjVorlage="2013-09-11 00:00:00.0" ObKeinKontakt="5" ObjArtID="23" Merkmal="0.0"/>
  <Objekte ObjID="8353" ObjAufnahme="1996-08-07" ObjLetztKontakt="1996-08-07" ObjStrasseID="7159" ObjHausnummer="Klagenfurter Straße 12" ObjVorlage="2013-09-11 00:00:00.0" ObKeinKontakt="5" ObjArtID="8" Merkmal="0.0"/>
  <Objekte ObjID="8354" ObjAufnahme="1998-02-21" ObjStrasseID="4662" ObjHausnummer="Schmiedeberger Straße 26A" ObjVorlage="2013-09-11 00:00:00.0" ObKeinKontakt="5" ObjArtID="10" Merkmal="0.0"/>
  <Objekte ObjID="8355" ObjAufnahme="1996-08-12" ObjLetztKontakt="1996-08-12" ObjStrasseID="6833" ObjHausnummer="Henckellweg 1" ObjVorlage="2013-09-11 00:00:00.0" ObKeinKontakt="5" ObjArtID="13" Merkmal="0.0"/>
  <Objekte ObjID="8359" ObjAufnahme="1996-08-14" ObjLetztKontakt="1996-08-14" ObjStrasseID="6141" ObjHausnummer="Celler Straße 32" ObjVorlage="2013-09-11 00:00:00.0" ObKeinKontakt="5" ObjArtID="5" Merkmal="0.0" ObjInfo="14/2L/1GA/1952/153/1,995"/>
  <Objekte ObjID="8362" ObjAufnahme="1996-08-16" ObjLetztKontakt="1996-08-16" ObjStrasseID="6751" ObjHausnummer="Hartungstraße 2" ObjVorlage="2013-09-11 00:00:00.0" ObKeinKontakt="5" ObjArtID="1" Merkmal="0.0"/>
  <Objekte ObjID="8363" ObjAufnahme="1996-08-16" ObjLetztKontakt="1996-08-16" ObjStrasseID="6974" ObjHausnummer="Im Großen Büchenfeld 12" ObjVorlage="2013-09-11 00:00:00.0" ObKeinKontakt="5" ObjArtID="5" Merkmal="0.0"/>
  <Objekte ObjID="8364" ObjAufnahme="1996-07-04" ObjLetztKontakt="1996-07-04" ObjStrasseID="5184" ObjHausnummer="Im Weidengrund 2" ObjVorlage="2013-09-11 00:00:00.0" ObKeinKontakt="5" ObjArtID="8" Merkmal="0.0"/>
  <Objekte ObjID="8366" ObjAufnahme="1996-08-20" ObjLetztKontakt="1996-08-20" ObjStrasseID="6107" ObjHausnummer="Bunnenbergstraße 1" ObjVorlage="2013-09-11 00:00:00.0" ObKeinKontakt="5" ObjArtID="1" Merkmal="0.0" ObjInfo="6WE/1Büro/Laden/1917/94/54/930/nur Wohnhaus"/>
  <Objekte ObjID="8367" ObjAufnahme="1996-08-29" ObjLetztKontakt="1996-08-29" ObjStrasseID="5193" ObjHausnummer="Krähenbergstraße 27" ObjVorlage="2013-09-11 00:00:00.0" ObKeinKontakt="5" ObjArtID="1" Merkmal="0.9999999999999999" ObjInfo="5WE/+700m²WFL.mögl./1992/68/1,65"/>
  <Objekte ObjID="8368" ObjAufnahme="1996-08-30" ObjLetztKontakt="1996-08-30" ObjStrasseID="6518" ObjHausnummer="Garbeweg 34" ObjVorlage="2013-09-11 00:00:00.0" ObKeinKontakt="5" ObjArtID="22" Merkmal="0.0"/>
  <Objekte ObjID="8369" ObjAufnahme="1996-09-04" ObjLetztKontakt="1996-09-04" ObjStrasseID="7263" ObjHausnummer="Kronenstraße 39" ObjVorlage="2013-09-11 00:00:00.0" ObKeinKontakt="1" ObjArtID="177" Merkmal="0.0" ObjInfo="wurrde von Herrn Meixner von Herrn Dannenberg gekauft und aufgeteilt"/>
  <Objekte ObjID="8370" ObjAufnahme="1996-08-20" ObjLetztKontakt="1996-08-20" ObjStrasseID="7251" ObjHausnummer="Kreipeweg 7" ObjVorlage="2013-09-11 00:00:00.0" ObKeinKontakt="5" ObjArtID="1" Merkmal="0.0"/>
  <Objekte ObjID="8371" ObjAufnahme="1996-09-05" ObjLetztKontakt="1996-09-05" ObjStrasseID="5154" ObjHausnummer="Feldstraße 48" ObjVorlage="2013-09-11 00:00:00.0" ObKeinKontakt="5" ObjArtID="1" Merkmal="0.0" ObjInfo="20WE/1970/127/1,95"/>
  <Objekte ObjID="8373" ObjAufnahme="1996-09-17" ObjLetztKontakt="1996-09-17" ObjStrasseID="5098" ObjHausnummer="Zum Hämelerwald 16" ObjVorlage="2013-09-11 00:00:00.0" ObKeinKontakt="5" ObjArtID="8" Merkmal="0.0"/>
  <Objekte ObjID="8374" ObjAufnahme="1996-09-18" ObjLetztKontakt="1996-09-18" ObjStrasseID="5195" ObjHausnummer="Lachnerring 10" ObjVorlage="2013-09-11 00:00:00.0" ObKeinKontakt="5" ObjArtID="22" Merkmal="0.0"/>
  <Objekte ObjID="8375" ObjAufnahme="1998-02-21" ObjStrasseID="8015" ObjHausnummer="Sahlkamp 33" ObjVorlage="2013-09-11 00:00:00.0" ObKeinKontakt="5" ObjArtID="10" Merkmal="0.0"/>
  <Objekte ObjID="8378" ObjAufnahme="1996-09-25" ObjLetztKontakt="2001-06-11" ObjStrasseID="5918" ObjHausnummer="Bergiusstraße 28" ObjVorlage="2013-09-11 00:00:00.0" ObKeinKontakt="9" ObjArtID="63" Merkmal="0.0" ObjInfo="4291131400 2 Blk.West Grg. b. 2001 verm."/>
  <Objekte ObjID="8379" ObjAufnahme="1996-10-01" ObjLetztKontakt="1996-10-01" ObjStrasseID="4023" ObjHausnummer="Klopstockstraße 15" ObjVorlage="2013-09-11 00:00:00.0" ObKeinKontakt="5" ObjArtID="13" Merkmal="0.0"/>
  <Objekte ObjID="8380" ObjAufnahme="1996-10-01" ObjLetztKontakt="2000-09-20" ObjStrasseID="6588" ObjHausnummer="Goebenstraße 46" ObjVorlage="2013-09-11 00:00:00.0" ObKeinKontakt="5" ObjArtID="13" Merkmal="0.0"/>
  <Objekte ObjID="8381" ObjAufnahme="1996-10-01" ObjLetztKontakt="1996-10-01" ObjStrasseID="6123" ObjHausnummer="Bussardweg 3" ObjVorlage="2013-09-11 00:00:00.0" ObKeinKontakt="5" ObjArtID="8" Merkmal="0.0"/>
  <Objekte ObjID="8383" ObjAufnahme="1996-10-01" ObjLetztKontakt="1996-10-01" ObjStrasseID="6392" ObjHausnummer="Fallingbosteler Straße 9" ObjVorlage="2013-09-11 00:00:00.0" ObKeinKontakt="5" ObjArtID="8" Merkmal="0.0"/>
  <Objekte ObjID="8384" ObjAufnahme="1996-10-02" ObjLetztKontakt="1996-10-02" ObjStrasseID="6437" ObjHausnummer="Fontainestraße 3" ObjVorlage="2013-09-11 00:00:00.0" ObKeinKontakt="5" ObjArtID="13" Merkmal="0.0"/>
  <Objekte ObjID="8390" ObjAufnahme="1996-10-05" ObjLetztKontakt="1996-10-05" ObjStrasseID="7860" ObjHausnummer="Rehbockstraße 30A" ObjVorlage="2013-09-11 00:00:00.0" ObKeinKontakt="5" ObjArtID="1" Merkmal="0.9999999999999999" ObjInfo="MFH/Stud./1900/85/920"/>
  <Objekte ObjID="8392" ObjAufnahme="1996-10-08" ObjLetztKontakt="1996-10-08" ObjStrasseID="3637" ObjHausnummer="Habichtshorst 5" ObjVorlage="2013-09-11 00:00:00.0" ObKeinKontakt="5" ObjArtID="8" Merkmal="0.0"/>
  <Objekte ObjID="8394" ObjAufnahme="1998-02-21" ObjStrasseID="7704" ObjHausnummer="Osterstraße 26" ObjVorlage="2013-09-11 00:00:00.0" ObKeinKontakt="5" ObjArtID="9" Merkmal="0.0"/>
  <Objekte ObjID="8395" ObjAufnahme="1996-10-15" ObjLetztKontakt="1996-10-15" ObjStrasseID="2816" ObjHausnummer="Ackerrain 41" ObjVorlage="2013-09-11 00:00:00.0" ObKeinKontakt="5" ObjArtID="21" Merkmal="0.0"/>
  <Objekte ObjID="8396" ObjAufnahme="1996-10-16" ObjLetztKontakt="1996-10-16" ObjStrasseID="8351" ObjHausnummer="Teplitzer Straße 4" ObjVorlage="2013-09-11 00:00:00.0" ObKeinKontakt="5" ObjArtID="20" Merkmal="0.0"/>
  <Objekte ObjID="8398" ObjAufnahme="1996-10-23" ObjLetztKontakt="1996-10-23" ObjStrasseID="7531" ObjHausnummer="Merziger Straße 2" ObjVorlage="2013-09-11 00:00:00.0" ObKeinKontakt="5" ObjArtID="8" Merkmal="0.0"/>
  <Objekte ObjID="8399" ObjAufnahme="1996-10-24" ObjLetztKontakt="1996-10-24" ObjStrasseID="8656" ObjHausnummer="Winkelstraße 2" ObjVorlage="2013-09-11 00:00:00.0" ObKeinKontakt="5" ObjArtID="15" Merkmal="0.0"/>
  <Objekte ObjID="8402" ObjAufnahme="1996-10-25" ObjLetztKontakt="1996-10-25" ObjStrasseID="6908" ObjHausnummer="Holbeinstraße 14" ObjVorlage="2013-09-11 00:00:00.0" ObKeinKontakt="5" ObjArtID="14" Merkmal="0.0"/>
  <Objekte ObjID="8403" ObjAufnahme="1998-02-21" ObjStrasseID="7520" ObjHausnummer="Mengendamm 12" ObjVorlage="2013-09-11 00:00:00.0" ObKeinKontakt="5" ObjArtID="9" Merkmal="0.0"/>
  <Objekte ObjID="8404" ObjAufnahme="1996-10-31" ObjLetztKontakt="1996-10-31" ObjStrasseID="4338" ObjHausnummer="Niederrader Allee 19" ObjVorlage="2013-09-11 00:00:00.0" ObKeinKontakt="5" ObjArtID="194" Merkmal="0.0" ObjInfo="645146\ Dacht. PH Grg."/>
  <Objekte ObjID="8405" ObjAufnahme="1996-10-31" ObjLetztKontakt="1996-10-31" ObjStrasseID="7309" ObjHausnummer="Langensalzastraße 3" ObjVorlage="2013-09-11 00:00:00.0" ObKeinKontakt="5" ObjArtID="28" Merkmal="0.0"/>
  <Objekte ObjID="8406" ObjAufnahme="1996-11-01" ObjLetztKontakt="1996-11-01" ObjStrasseID="2857" ObjHausnummer="Alte Stöckener Straße 31" ObjVorlage="2013-09-11 00:00:00.0" ObKeinKontakt="5" ObjArtID="5" Merkmal="0.0"/>
  <Objekte ObjID="8407" ObjAufnahme="1996-11-01" ObjLetztKontakt="1996-11-01" ObjStrasseID="8440" ObjHausnummer="Ungerstraße 20" ObjVorlage="2013-09-11 00:00:00.0" ObKeinKontakt="5" ObjArtID="5" Merkmal="0.0"/>
  <Objekte ObjID="8408" ObjAufnahme="1996-11-06" ObjLetztKontakt="1996-11-06" ObjStrasseID="4332" ObjHausnummer="Neuwarmbüchener Straße 23" ObjVorlage="2013-09-11 00:00:00.0" ObKeinKontakt="5" ObjArtID="24" Merkmal="0.0"/>
  <Objekte ObjID="8409" ObjAufnahme="1996-11-11" ObjLetztKontakt="1996-11-11" ObjStrasseID="3110" ObjHausnummer="Benroder Straße 5" ObjVorlage="2013-09-11 00:00:00.0" ObKeinKontakt="5" ObjArtID="20" Merkmal="0.0"/>
  <Objekte ObjID="8410" ObjAufnahme="1996-11-12" ObjLetztKontakt="1996-11-12" ObjStrasseID="6835" ObjHausnummer="Henleinweg 17" ObjVorlage="2013-09-11 00:00:00.0" ObKeinKontakt="5" ObjArtID="8" Merkmal="0.0"/>
  <Objekte ObjID="8411" ObjAufnahme="1996-11-14" ObjLetztKontakt="1996-11-14" ObjStrasseID="5146" ObjHausnummer="Dormannstraße 17" ObjVorlage="2013-09-11 00:00:00.0" ObKeinKontakt="5" ObjArtID="1" Merkmal="0.9999999999999999" ObjInfo="11EW/1952/72/1,030"/>
  <Objekte ObjID="8412" ObjAufnahme="1996-11-19" ObjLetztKontakt="1996-11-19" ObjStrasseID="7573" ObjHausnummer="Morgensternweg 8" ObjVorlage="2013-09-11 00:00:00.0" ObKeinKontakt="5" ObjArtID="8" Merkmal="0.0"/>
  <Objekte ObjID="8417" ObjAufnahme="1996-11-25" ObjLetztKontakt="1998-11-19" ObjStrasseID="6210" ObjHausnummer="Detmoldstraße 3" ObjVorlage="2013-09-11 00:00:00.0" ObKeinKontakt="5" ObjArtID="14" Merkmal="0.0"/>
  <Objekte ObjID="8418" ObjAufnahme="1998-02-21" ObjStrasseID="6204" ObjHausnummer="Deisterstraße 18" ObjVorlage="2013-09-11 00:00:00.0" ObKeinKontakt="5" ObjArtID="5" Merkmal="0.0"/>
  <Objekte ObjID="8420" ObjAufnahme="1996-11-27" ObjLetztKontakt="1996-11-27" ObjStrasseID="5192" ObjHausnummer="Köhlerheide 51" ObjVorlage="2013-09-11 00:00:00.0" ObKeinKontakt="5" ObjArtID="1" Merkmal="0.0"/>
  <Objekte ObjID="8421" ObjAufnahme="1996-11-27" ObjLetztKontakt="1996-11-27" ObjStrasseID="5192" ObjHausnummer="Köhlerheide 53" ObjVorlage="2013-09-11 00:00:00.0" ObKeinKontakt="5" ObjArtID="1" Merkmal="0.0" ObjInfo="9WE/1997/149/2,2355"/>
  <Objekte ObjID="8423" ObjAufnahme="1998-02-21" ObjStrasseID="5938" ObjHausnummer="Bertha-von-Suttner-Platz 22" ObjVorlage="2013-09-11 00:00:00.0" ObKeinKontakt="5" ObjArtID="5" Merkmal="0.0"/>
  <Objekte ObjID="8427" ObjAufnahme="1998-02-21" ObjStrasseID="90" ObjHausnummer="Georgstraße 36" ObjVorlage="2013-09-11 00:00:00.0" ObKeinKontakt="5" ObjArtID="9" Merkmal="0.0"/>
  <Objekte ObjID="8428" ObjAufnahme="1998-02-21" ObjStrasseID="7704" ObjHausnummer="Osterstraße 53" ObjVorlage="2013-09-11 00:00:00.0" ObKeinKontakt="5" ObjArtID="5" Merkmal="0.0"/>
  <Objekte ObjID="8429" ObjAufnahme="1998-02-21" ObjStrasseID="7704" ObjHausnummer="Osterstraße 54" ObjVorlage="2013-09-11 00:00:00.0" ObKeinKontakt="5" ObjArtID="5" Merkmal="0.0"/>
  <Objekte ObjID="8430" ObjAufnahme="1998-02-21" ObjStrasseID="8054" ObjHausnummer="Schaufelder Straße 17" ObjVorlage="2013-09-11 00:00:00.0" ObKeinKontakt="5" ObjArtID="28" Merkmal="0.0"/>
  <Objekte ObjID="8433" ObjAufnahme="1996-12-10" ObjLetztKontakt="1996-12-10" ObjStrasseID="6247" ObjHausnummer="Dorfmarkhof 4" ObjVorlage="2013-09-11 00:00:00.0" ObKeinKontakt="5" ObjArtID="8" Merkmal="0.0"/>
  <Objekte ObjID="8434" ObjAufnahme="1996-12-10" ObjLetztKontakt="1996-12-10" ObjStrasseID="2815" ObjHausnummer="Aalgrund 31" ObjVorlage="2013-09-11 00:00:00.0" ObKeinKontakt="5" ObjArtID="8" Merkmal="0.0"/>
  <Objekte ObjID="8436" ObjAufnahme="1998-02-21" ObjStrasseID="5681" ObjHausnummer="Am Listholze 82" ObjVorlage="2013-09-11 00:00:00.0" ObKeinKontakt="5" ObjArtID="9" Merkmal="0.0"/>
  <Objekte ObjID="8437" ObjAufnahme="1998-02-21" ObjStrasseID="90" ObjHausnummer="Georgstraße 14" ObjVorlage="2013-09-11 00:00:00.0" ObKeinKontakt="5" ObjArtID="5" Merkmal="0.0"/>
  <Objekte ObjID="8440" ObjAufnahme="1998-02-21" ObjStrasseID="6204" ObjHausnummer="Deisterstraße 23" ObjVorlage="2013-09-11 00:00:00.0" ObKeinKontakt="5" ObjArtID="5" Merkmal="0.0"/>
  <Objekte ObjID="8443" ObjAufnahme="1998-02-21" ObjStrasseID="5169" ObjHausnummer="Hannoversche Straße 1" ObjVorlage="2013-09-11 00:00:00.0" ObKeinKontakt="5" ObjArtID="9" Merkmal="0.0"/>
  <Objekte ObjID="8446" ObjAufnahme="1997-01-09" ObjLetztKontakt="1997-01-09" ObjStrasseID="6210" ObjHausnummer="Detmoldstraße 15" ObjVorlage="2013-09-11 00:00:00.0" ObKeinKontakt="5" ObjArtID="15" Merkmal="0.0"/>
  <Objekte ObjID="8447" ObjAufnahme="1998-02-21" ObjStrasseID="7670" ObjHausnummer="Oeltzenstraße 12" ObjVorlage="2013-09-11 00:00:00.0" ObKeinKontakt="5" ObjArtID="5" Merkmal="0.0" ObjInfo="01718618571&#xD;&#xA;0511558102&#xD;&#xA;evtl. vekaufen 510 m² mit Restaurant 1500 €/m² Volker Brose"/>
  <Objekte ObjID="8448" ObjAufnahme="1997-01-09" ObjLetztKontakt="1997-01-09" ObjStrasseID="6764" ObjHausnummer="Hauffstraße 17" ObjVorlage="2013-09-11 00:00:00.0" ObKeinKontakt="5" ObjArtID="13" Merkmal="0.0"/>
  <Objekte ObjID="8449" ObjAufnahme="1998-02-21" ObjStrasseID="8256" ObjHausnummer="Ständehausstraße 3" ObjVorlage="2013-09-11 00:00:00.0" ObKeinKontakt="5" ObjArtID="5" Merkmal="0.0"/>
  <Objekte ObjID="8450" ObjAufnahme="1997-01-11" ObjLetztKontakt="1997-01-11" ObjStrasseID="5182" ObjHausnummer="Im Walde 5" ObjVorlage="2013-09-11 00:00:00.0" ObKeinKontakt="5" ObjArtID="8" Merkmal="0.0"/>
  <Objekte ObjID="8451" ObjAufnahme="1997-01-15" ObjLetztKontakt="1997-01-15" ObjStrasseID="3770" ObjHausnummer="Hildesheimer Straße 2" ObjVorlage="2013-09-11 00:00:00.0" ObKeinKontakt="5" ObjArtID="1" Merkmal="0.0"/>
  <Objekte ObjID="8452" ObjAufnahme="1998-02-21" ObjStrasseID="6204" ObjHausnummer="Deisterstraße 59" ObjVorlage="2013-09-11 00:00:00.0" ObKeinKontakt="5" ObjArtID="5" Merkmal="0.0"/>
  <Objekte ObjID="8453" ObjAufnahme="1997-01-15" ObjLetztKontakt="1997-01-15" ObjStrasseID="8085" ObjHausnummer="Schloßwender Straße 12" ObjVorlage="2013-09-11 00:00:00.0" ObKeinKontakt="5" ObjArtID="1" Merkmal="0.0"/>
  <Objekte ObjID="8454" ObjAufnahme="1997-01-15" ObjLetztKontakt="1997-01-15" ObjStrasseID="8085" ObjHausnummer="Schloßwender Straße 12A" ObjVorlage="2013-09-11 00:00:00.0" ObKeinKontakt="5" ObjArtID="1" Merkmal="0.0"/>
  <Objekte ObjID="8455" ObjAufnahme="1997-01-20" ObjLetztKontakt="1997-01-20" ObjStrasseID="7707" ObjHausnummer="Ostlandstraße 10" ObjVorlage="2013-09-11 00:00:00.0" ObKeinKontakt="5" ObjArtID="1" Merkmal="0.9999999999999999" ObjInfo="6WE/1960/54/780"/>
  <Objekte ObjID="8456" ObjAufnahme="1998-02-21" ObjStrasseID="6879" ObjHausnummer="Hinrich-Wilhelm-Kopf-Platz 4" ObjVorlage="2013-09-11 00:00:00.0" ObKeinKontakt="5" ObjArtID="5" Merkmal="0.0"/>
  <Objekte ObjID="8461" ObjAufnahme="1997-01-22" ObjLetztKontakt="1997-01-22" ObjStrasseID="6592" ObjHausnummer="Goethestraße 38" ObjVorlage="2013-09-11 00:00:00.0" ObKeinKontakt="5" ObjArtID="4" Merkmal="0.0"/>
  <Objekte ObjID="8462" ObjAufnahme="1997-01-23" ObjLetztKontakt="1997-01-23" ObjStrasseID="5234" ObjHausnummer="Walsroder Straße 51" ObjVorlage="2013-09-11 00:00:00.0" ObKeinKontakt="5" ObjArtID="14" Merkmal="0.0"/>
  <Objekte ObjID="8463" ObjAufnahme="1998-02-21" ObjStrasseID="8059" ObjHausnummer="Scheffelstraße 6" ObjVorlage="2013-09-11 00:00:00.0" ObKeinKontakt="5" ObjArtID="5" Merkmal="0.0"/>
  <Objekte ObjID="8464" ObjAufnahme="1998-02-21" ObjStrasseID="8059" ObjHausnummer="Scheffelstraße 8" ObjVorlage="2013-09-11 00:00:00.0" ObKeinKontakt="5" ObjArtID="5" Merkmal="0.0"/>
  <Objekte ObjID="8465" ObjAufnahme="1998-02-21" ObjStrasseID="7778" ObjHausnummer="Philipsbornstraße 54" ObjVorlage="2013-09-11 00:00:00.0" ObKeinKontakt="5" ObjArtID="5" Merkmal="0.0"/>
  <Objekte ObjID="8466" ObjAufnahme="1998-02-21" ObjStrasseID="6875" ObjHausnummer="Hildesheimer Straße 383" ObjVorlage="2013-09-11 00:00:00.0" ObKeinKontakt="5" ObjArtID="5" Merkmal="0.0"/>
  <Objekte ObjID="8467" ObjAufnahme="1998-02-21" ObjStrasseID="6988" ObjHausnummer="Im Lohfelde 46E" ObjVorlage="2013-09-11 00:00:00.0" ObKeinKontakt="5" ObjArtID="26" Merkmal="0.0"/>
  <Objekte ObjID="8468" ObjAufnahme="1998-02-21" ObjStrasseID="7976" ObjHausnummer="Rudolf-Diesel-Weg 40" ObjVorlage="2013-09-11 00:00:00.0" ObKeinKontakt="5" ObjArtID="26" Merkmal="0.0"/>
  <Objekte ObjID="8470" ObjAufnahme="1998-02-21" ObjStrasseID="7755" ObjHausnummer="Perlstraße 1" ObjVorlage="2013-09-11 00:00:00.0" ObKeinKontakt="5" ObjArtID="5" Merkmal="0.0"/>
  <Objekte ObjID="8471" ObjAufnahme="1997-02-04" ObjLetztKontakt="1997-02-04" ObjStrasseID="8465" ObjHausnummer="Vereinstraße 2" ObjVorlage="2013-09-11 00:00:00.0" ObKeinKontakt="5" ObjArtID="1" Merkmal="0.0"/>
  <Objekte ObjID="8473" ObjAufnahme="1998-02-21" ObjStrasseID="7811" ObjHausnummer="Posthornstraße 13" ObjVorlage="2013-09-11 00:00:00.0" ObKeinKontakt="5" ObjArtID="5" Merkmal="0.0"/>
  <Objekte ObjID="8474" ObjAufnahme="1997-02-07" ObjLetztKontakt="1997-02-07" ObjStrasseID="5237" ObjHausnummer="Weidenweg 4B" ObjVorlage="2013-09-11 00:00:00.0" ObKeinKontakt="5" ObjArtID="21" Merkmal="0.0"/>
  <Objekte ObjID="8475" ObjAufnahme="1997-02-07" ObjLetztKontakt="1997-02-07" ObjStrasseID="5084" ObjHausnummer="Ziegeleistraße 11" ObjVorlage="2013-09-11 00:00:00.0" ObKeinKontakt="5" ObjArtID="20" Merkmal="0.0" ObjInfo="208+87qm/370qm/1938-1997/Garage/790.000DM/WV OKT 2000"/>
  <Objekte ObjID="8476" ObjAufnahme="1998-02-21" ObjStrasseID="7386" ObjHausnummer="Limburgstraße 1" ObjVorlage="2013-09-11 00:00:00.0" ObKeinKontakt="5" ObjArtID="5" Merkmal="0.0"/>
  <Objekte ObjID="8477" ObjAufnahme="1997-02-10" ObjLetztKontakt="1997-02-10" ObjStrasseID="6728" ObjHausnummer="Hans-Böckler-Allee 26" ObjVorlage="2013-09-11 00:00:00.0" ObKeinKontakt="5" ObjArtID="9" Merkmal="0.0"/>
  <Objekte ObjID="8478" ObjAufnahme="1998-02-21" ObjStrasseID="8451" ObjHausnummer="Vahrenwalder Straße 261" ObjVorlage="2013-09-11 00:00:00.0" ObKeinKontakt="5" ObjArtID="9" Merkmal="0.0"/>
  <Objekte ObjID="8480" ObjAufnahme="1998-02-21" ObjStrasseID="7120" ObjHausnummer="Karmarschstraße 43A" ObjVorlage="2013-09-11 00:00:00.0" ObKeinKontakt="5" ObjArtID="9" Merkmal="0.0"/>
  <Objekte ObjID="8481" ObjAufnahme="1998-02-21" ObjStrasseID="6333" ObjHausnummer="Elisenstraße 30" ObjVorlage="2013-09-11 00:00:00.0" ObKeinKontakt="5" ObjArtID="5" Merkmal="0.0"/>
  <Objekte ObjID="8482" ObjAufnahme="1998-02-21" ObjStrasseID="7326" ObjHausnummer="Lavesstraße 82" ObjVorlage="2013-09-11 00:00:00.0" ObKeinKontakt="5" ObjArtID="9" Merkmal="0.0"/>
  <Objekte ObjID="8483" ObjAufnahme="1998-02-21" ObjStrasseID="7326" ObjHausnummer="Lavesstraße 79" ObjVorlage="2013-09-11 00:00:00.0" ObKeinKontakt="5" ObjArtID="9" Merkmal="0.0"/>
  <Objekte ObjID="8484" ObjAufnahme="1998-02-21" ObjStrasseID="7818" ObjHausnummer="Prinzenstraße 8" ObjVorlage="2013-09-11 00:00:00.0" ObKeinKontakt="5" ObjArtID="9" Merkmal="0.0"/>
  <Objekte ObjID="8485" ObjAufnahme="1998-02-21" ObjStrasseID="8067" ObjHausnummer="Schiffgraben 46" ObjVorlage="2013-09-11 00:00:00.0" ObKeinKontakt="5" ObjArtID="9" Merkmal="0.0"/>
  <Objekte ObjID="8486" ObjAufnahme="1997-02-12" ObjLetztKontakt="1997-02-12" ObjStrasseID="4827" ObjHausnummer="Stöttebrüggerstraße 13" ObjVorlage="2013-09-11 00:00:00.0" ObKeinKontakt="5" ObjArtID="21" Merkmal="0.0"/>
  <Objekte ObjID="8487" ObjAufnahme="1997-02-12" ObjLetztKontakt="1997-02-12" ObjStrasseID="2951" ObjHausnummer="Am See 14J" ObjVorlage="2013-09-11 00:00:00.0" ObKeinKontakt="5" ObjArtID="22" Merkmal="0.0"/>
  <Objekte ObjID="8488" ObjAufnahme="1997-02-12" ObjLetztKontakt="1997-02-12" ObjStrasseID="5163" ObjHausnummer="Gertrud-Kochanowski-Weg 22" ObjVorlage="2013-09-11 00:00:00.0" ObKeinKontakt="5" ObjArtID="24" Merkmal="0.0"/>
  <Objekte ObjID="8489" ObjAufnahme="1998-02-21" ObjStrasseID="5906" ObjHausnummer="Beneckeallee 30" ObjVorlage="2013-09-11 00:00:00.0" ObKeinKontakt="5" ObjArtID="11" Merkmal="0.0"/>
  <Objekte ObjID="8491" ObjAufnahme="1998-02-21" ObjStrasseID="6038" ObjHausnummer="Borsigweg 2" ObjVorlage="2013-09-11 00:00:00.0" ObKeinKontakt="5" ObjArtID="5" Merkmal="0.0"/>
  <Objekte ObjID="8494" ObjAufnahme="1998-02-21" ObjStrasseID="7153" ObjHausnummer="Kirchröder Straße 2" ObjVorlage="2013-09-11 00:00:00.0" ObKeinKontakt="5" ObjArtID="9" Merkmal="0.0"/>
  <Objekte ObjID="8495" ObjAufnahme="1998-02-21" ObjStrasseID="7686" ObjHausnummer="Oldenburger Allee 9" ObjVorlage="2013-09-11 00:00:00.0" ObKeinKontakt="5" ObjArtID="9" Merkmal="0.0"/>
  <Objekte ObjID="8497" ObjAufnahme="1997-02-14" ObjLetztKontakt="1997-02-14" ObjStrasseID="5698" ObjHausnummer="Am Rotdorn 20" ObjVorlage="2013-09-11 00:00:00.0" ObKeinKontakt="5" ObjArtID="24" Merkmal="0.0"/>
  <Objekte ObjID="8498" ObjAufnahme="1997-02-14" ObjLetztKontakt="1997-02-14" ObjStrasseID="7436" ObjHausnummer="Ludwig-Bruns-Straße 17" ObjVorlage="2013-09-11 00:00:00.0" ObKeinKontakt="5" ObjArtID="8" Merkmal="0.0"/>
  <Objekte ObjID="8500" ObjAufnahme="1998-02-21" ObjStrasseID="6120" ObjHausnummer="Burgwedeler Straße 95" ObjVorlage="2013-09-11 00:00:00.0" ObKeinKontakt="5" ObjArtID="9" Merkmal="0.0"/>
  <Objekte ObjID="8501" ObjAufnahme="1997-02-18" ObjLetztKontakt="1997-02-18" ObjStrasseID="7390" ObjHausnummer="Lindemannallee 36" ObjVorlage="2013-09-11 00:00:00.0" ObKeinKontakt="5" ObjArtID="21" Merkmal="0.0"/>
  <Objekte ObjID="8504" ObjAufnahme="1998-02-21" ObjStrasseID="8450" ObjHausnummer="Vahrenwalder Straße 156" ObjVorlage="2013-09-11 00:00:00.0" ObKeinKontakt="5" ObjArtID="9" Merkmal="0.0"/>
  <Objekte ObjID="8506" ObjAufnahme="1998-02-21" ObjStrasseID="6196" ObjHausnummer="Davenstedter Straße 100" ObjVorlage="2013-09-11 00:00:00.0" ObKeinKontakt="5" ObjArtID="9" Merkmal="0.0"/>
  <Objekte ObjID="8509" ObjAufnahme="1998-02-21" ObjStrasseID="6959" ObjHausnummer="Ikarusallee 12" ObjVorlage="2013-09-11 00:00:00.0" ObKeinKontakt="5" ObjArtID="9" Merkmal="0.0"/>
  <Objekte ObjID="8511" ObjAufnahme="1997-02-26" ObjLetztKontakt="1997-02-26" ObjStrasseID="8692" ObjHausnummer="Wulfeshorn 6" ObjVorlage="2013-09-11 00:00:00.0" ObKeinKontakt="5" ObjArtID="1" Merkmal="0.9999999999999999" ObjInfo="8EW/1910/55/700"/>
  <Objekte ObjID="8512" ObjAufnahme="1998-02-21" ObjStrasseID="6530" ObjHausnummer="Gehägestraße 44C" ObjVorlage="2013-09-11 00:00:00.0" ObKeinKontakt="5" ObjArtID="20" Merkmal="0.0"/>
  <Objekte ObjID="8516" ObjAufnahme="1998-02-21" ObjStrasseID="8059" ObjHausnummer="Scheffelstraße 12" ObjVorlage="2013-09-11 00:00:00.0" ObKeinKontakt="5" ObjArtID="5" Merkmal="0.0"/>
  <Objekte ObjID="8517" ObjAufnahme="1998-02-21" ObjStrasseID="8506" ObjHausnummer="Waldhausenstraße 24" ObjVorlage="2013-09-11 00:00:00.0" ObKeinKontakt="5" ObjArtID="8" Merkmal="0.0" ObjInfo="380 m²872 m²1967Grg.+ Stellpl.1.680.000,-- DM"/>
  <Objekte ObjID="8518" ObjAufnahme="1998-02-21" ObjStrasseID="5131" ObjHausnummer="Bargfelder Straße 6" ObjVorlage="2013-09-11 00:00:00.0" ObKeinKontakt="5" ObjArtID="18" Merkmal="0.0" ObjInfo="1600 m²15000 m²19051,8 Mio."/>
  <Objekte ObjID="8519" ObjAufnahme="1998-02-21" ObjStrasseID="7713" ObjHausnummer="Otto-Brenner-Straße 9" ObjVorlage="2013-09-11 00:00:00.0" ObKeinKontakt="5" ObjArtID="9" Merkmal="0.0"/>
  <Objekte ObjID="8521" ObjAufnahme="1998-02-21" ObjStrasseID="7040" ObjHausnummer="Isernhagener Straße 107" ObjVorlage="2013-09-11 00:00:00.0" ObKeinKontakt="1" ObjArtID="5" Merkmal="0.0" ObjInfo="wie 103"/>
  <Objekte ObjID="8522" ObjAufnahme="1997-03-04" ObjLetztKontakt="1997-03-04" ObjStrasseID="5201" ObjHausnummer="Lortzingweg 14" ObjVorlage="2013-09-11 00:00:00.0" ObKeinKontakt="5" ObjArtID="1" Merkmal="0.0" ObjInfo="8WE/81/83/102/1,98"/>
  <Objekte ObjID="8523" ObjAufnahme="1998-02-21" ObjStrasseID="5122" ObjHausnummer="Alter Postweg 10" ObjVorlage="2013-09-11 00:00:00.0" ObKeinKontakt="5" ObjArtID="10" Merkmal="0.0"/>
  <Objekte ObjID="8524" ObjAufnahme="1998-02-21" ObjStrasseID="5122" ObjHausnummer="Alter Postweg 12" ObjVorlage="2013-09-11 00:00:00.0" ObKeinKontakt="5" ObjArtID="10" Merkmal="0.0"/>
  <Objekte ObjID="8525" ObjAufnahme="1998-02-21" ObjStrasseID="5122" ObjHausnummer="Alter Postweg 14" ObjVorlage="2013-09-11 00:00:00.0" ObKeinKontakt="5" ObjArtID="10" Merkmal="0.0"/>
  <Objekte ObjID="8526" ObjAufnahme="1998-02-21" ObjStrasseID="5122" ObjHausnummer="Alter Postweg 16" ObjVorlage="2013-09-11 00:00:00.0" ObKeinKontakt="5" ObjArtID="10" Merkmal="0.0"/>
  <Objekte ObjID="8527" ObjAufnahme="1998-02-21" ObjStrasseID="5122" ObjHausnummer="Alter Postweg 18" ObjVorlage="2013-09-11 00:00:00.0" ObKeinKontakt="5" ObjArtID="10" Merkmal="0.0"/>
  <Objekte ObjID="8528" ObjAufnahme="1998-02-21" ObjStrasseID="5994" ObjHausnummer="Blumenstraße 2" ObjVorlage="2013-09-11 00:00:00.0" ObKeinKontakt="5" ObjArtID="9" Merkmal="0.0"/>
  <Objekte ObjID="8532" ObjAufnahme="1997-03-05" ObjLetztKontakt="1997-03-05" ObjStrasseID="5636" ObjHausnummer="Am Großen Kampe 3" ObjVorlage="2013-09-11 00:00:00.0" ObKeinKontakt="5" ObjArtID="1" Merkmal="0.0"/>
  <Objekte ObjID="8533" ObjAufnahme="1997-03-05" ObjLetztKontakt="2012-10-29" ObjStrasseID="5636" ObjHausnummer="Am Großen Kampe 4" ObjVorlage="2012-11-05 00:00:00.0" ObKeinKontakt="3" ObjArtID="1" Merkmal="1.0" ObjInfo="12WE/Gast/39/Gar/1970/200/3,1&#xD;&#xA;Paul Heckel&#xD;&#xA;Frau will Mann nicht&#xD;&#xA;scout 50186341&#xD;&#xA;Tel 05177986963"/>
  <Objekte ObjID="8534" ObjAufnahme="1998-02-21" ObjStrasseID="8342" ObjHausnummer="Tannenbergallee 4" ObjVorlage="2013-09-11 00:00:00.0" ObKeinKontakt="5" ObjArtID="9" Merkmal="0.0"/>
  <Objekte ObjID="8535" ObjAufnahme="1998-02-21" ObjStrasseID="8342" ObjHausnummer="Tannenbergallee 6" ObjVorlage="2013-09-11 00:00:00.0" ObKeinKontakt="5" ObjArtID="9" Merkmal="0.0"/>
  <Objekte ObjID="8537" ObjAufnahme="1997-03-06" ObjLetztKontakt="1997-03-06" ObjStrasseID="7686" ObjHausnummer="Oldenburger Allee 18" ObjVorlage="2013-09-11 00:00:00.0" ObKeinKontakt="5" ObjArtID="9" Merkmal="0.9999999999999999" ObjInfo="Büro&apos;s/1987/262/3,0"/>
  <Objekte ObjID="8539" ObjAufnahme="1997-03-06" ObjLetztKontakt="1999-07-08" ObjStrasseID="7404" ObjHausnummer="Lister Kirchweg 67" ObjVorlage="2013-09-11 00:00:00.0" ObKeinKontakt="5" ObjArtID="61" Merkmal="0.0" ObjInfo="20062700/100 Grg./300 NK Blk. West  Grg. ab 1.10.verm."/>
  <Objekte ObjID="8541" ObjAufnahme="1998-02-21" ObjStrasseID="7480" ObjHausnummer="Marienstraße 14" ObjVorlage="2013-09-11 00:00:00.0" ObKeinKontakt="5" ObjArtID="5" Merkmal="0.0"/>
  <Objekte ObjID="8542" ObjAufnahme="1998-02-21" ObjStrasseID="5074" ObjHausnummer="Würzburger Straße 8A" ObjVorlage="2013-09-11 00:00:00.0" ObKeinKontakt="5" ObjArtID="9" Merkmal="0.0"/>
  <Objekte ObjID="8543" ObjAufnahme="1998-02-21" ObjStrasseID="5074" ObjHausnummer="Würzburger Straße 17" ObjVorlage="2013-09-11 00:00:00.0" ObKeinKontakt="5" ObjArtID="9" Merkmal="0.0"/>
  <Objekte ObjID="8546" ObjAufnahme="1997-03-12" ObjLetztKontakt="1997-03-12" ObjStrasseID="6448" ObjHausnummer="Fränkische Straße 34" ObjVorlage="2013-09-11 00:00:00.0" ObKeinKontakt="5" ObjArtID="9" Merkmal="0.0"/>
  <Objekte ObjID="8549" ObjAufnahme="1997-03-12" ObjLetztKontakt="1997-03-12" ObjStrasseID="7204" ObjHausnummer="Kolbergstraße 2" ObjVorlage="2013-09-11 00:00:00.0" ObKeinKontakt="5" ObjArtID="8" Merkmal="0.0"/>
  <Objekte ObjID="8550" ObjAufnahme="1997-03-12" ObjLetztKontakt="1997-03-12" ObjStrasseID="8071" ObjHausnummer="Schillerstraße 23" ObjVorlage="2013-09-11 00:00:00.0" ObKeinKontakt="5" ObjArtID="5" Merkmal="0.0"/>
  <Objekte ObjID="8551" ObjAufnahme="1997-03-12" ObjLetztKontakt="1997-03-12" ObjStrasseID="8071" ObjHausnummer="Schillerstraße 23A" ObjVorlage="2013-09-11 00:00:00.0" ObKeinKontakt="5" ObjArtID="5" Merkmal="0.0"/>
  <Objekte ObjID="8554" ObjAufnahme="1997-03-15" ObjLetztKontakt="1997-03-15" ObjStrasseID="6290" ObjHausnummer="Eckenerstraße 5" ObjVorlage="2013-09-11 00:00:00.0" ObKeinKontakt="5" ObjArtID="9" Merkmal="0.0"/>
  <Objekte ObjID="8555" ObjAufnahme="1997-03-15" ObjLetztKontakt="1997-03-15" ObjStrasseID="6290" ObjHausnummer="Eckenerstraße 5A" ObjVorlage="2013-09-11 00:00:00.0" ObKeinKontakt="5" ObjArtID="9" Merkmal="0.0"/>
  <Objekte ObjID="8557" ObjAufnahme="1997-03-18" ObjLetztKontakt="1997-03-18" ObjStrasseID="5161" ObjHausnummer="Fritz-Reuter-Straße 30" ObjVorlage="2013-09-11 00:00:00.0" ObKeinKontakt="2" ObjArtID="15" Merkmal="0.0"/>
  <Objekte ObjID="8558" ObjAufnahme="1997-03-18" ObjLetztKontakt="1997-03-18" ObjStrasseID="7556" ObjHausnummer="Mogelkenstraße 34" ObjVorlage="2013-09-11 00:00:00.0" ObKeinKontakt="5" ObjArtID="26" Merkmal="0.0"/>
  <Objekte ObjID="8559" ObjAufnahme="1997-03-19" ObjLetztKontakt="1997-03-19" ObjStrasseID="7698" ObjHausnummer="Osterfelddamm 3" ObjVorlage="2013-09-11 00:00:00.0" ObKeinKontakt="5" ObjArtID="9" Merkmal="0.0"/>
  <Objekte ObjID="8560" ObjAufnahme="1997-03-20" ObjLetztKontakt="1997-03-20" ObjStrasseID="2901" ObjHausnummer="Am Hopfengarten 2" ObjVorlage="2013-09-11 00:00:00.0" ObKeinKontakt="5" ObjArtID="20" Merkmal="0.0"/>
  <Objekte ObjID="8561" ObjAufnahme="1997-03-21" ObjLetztKontakt="1997-03-21" ObjStrasseID="7639" ObjHausnummer="Nieschlagstraße 10" ObjVorlage="2013-09-11 00:00:00.0" ObKeinKontakt="5" ObjArtID="5" Merkmal="0.0"/>
  <Objekte ObjID="8562" ObjAufnahme="1997-03-21" ObjLetztKontakt="1997-03-21" ObjStrasseID="5187" ObjHausnummer="Julius-Fengler-Straße 7" ObjVorlage="2013-09-11 00:00:00.0" ObKeinKontakt="5" ObjArtID="21" Merkmal="0.0"/>
  <Objekte ObjID="8565" ObjAufnahme="1997-03-26" ObjLetztKontakt="1997-03-26" ObjStrasseID="6713" ObjHausnummer="Haltenhoffstraße 182" ObjVorlage="2013-09-11 00:00:00.0" ObKeinKontakt="5" ObjArtID="5" Merkmal="0.0"/>
  <Objekte ObjID="8566" ObjAufnahme="1998-02-21" ObjStrasseID="3770" ObjHausnummer="Hildesheimer Straße 2" ObjVorlage="2013-09-11 00:00:00.0" ObKeinKontakt="5" ObjArtID="10" Merkmal="0.0"/>
  <Objekte ObjID="8567" ObjAufnahme="1997-03-26" ObjLetztKontakt="1997-03-26" ObjStrasseID="7261" ObjHausnummer="Kriegerstraße 43A" ObjVorlage="2013-09-11 00:00:00.0" ObKeinKontakt="5" ObjArtID="25" Merkmal="0.0" ObjInfo="1WE/1535m²/Gewerbe/1968/168/2,33"/>
  <Objekte ObjID="8570" ObjAufnahme="1997-04-02" ObjLetztKontakt="1997-04-02" ObjStrasseID="8447" ObjHausnummer="Vahrenheider Markt 52" ObjVorlage="2013-09-11 00:00:00.0" ObKeinKontakt="5" ObjArtID="5" Merkmal="0.0"/>
  <Objekte ObjID="8571" ObjAufnahme="1997-04-02" ObjLetztKontakt="1997-04-02" ObjStrasseID="3891" ObjHausnummer="Im Vorfelde 9" ObjVorlage="2013-09-11 00:00:00.0" ObKeinKontakt="5" ObjArtID="22" Merkmal="0.0"/>
  <Objekte ObjID="8572" ObjAufnahme="1997-04-02" ObjLetztKontakt="1997-04-02" ObjStrasseID="7963" ObjHausnummer="Rotermundstraße 11" ObjVorlage="2013-09-11 00:00:00.0" ObKeinKontakt="5" ObjArtID="9" Merkmal="0.0"/>
  <Objekte ObjID="8574" ObjAufnahme="1997-04-03" ObjLetztKontakt="1997-04-03" ObjStrasseID="7481" ObjHausnummer="Marienwerderstraße 1" ObjVorlage="2013-09-11 00:00:00.0" ObKeinKontakt="5" ObjArtID="5" Merkmal="0.0"/>
  <Objekte ObjID="8576" ObjAufnahme="1997-04-04" ObjLetztKontakt="1997-04-04" ObjStrasseID="5639" ObjHausnummer="Am Gutspark 3" ObjVorlage="2013-09-11 00:00:00.0" ObKeinKontakt="5" ObjArtID="9" Merkmal="0.0"/>
  <Objekte ObjID="8577" ObjAufnahme="1997-04-04" ObjLetztKontakt="1997-04-04" ObjStrasseID="5639" ObjHausnummer="Am Gutspark 9" ObjVorlage="2013-09-11 00:00:00.0" ObKeinKontakt="5" ObjArtID="9" Merkmal="0.0"/>
  <Objekte ObjID="8578" ObjAufnahme="1997-04-04" ObjLetztKontakt="1997-04-04" ObjStrasseID="90" ObjHausnummer="Georgstraße 2" ObjVorlage="2013-09-11 00:00:00.0" ObKeinKontakt="5" ObjArtID="9" Merkmal="0.0"/>
  <Objekte ObjID="8579" ObjAufnahme="1997-04-04" ObjLetztKontakt="1997-04-04" ObjStrasseID="90" ObjHausnummer="Georgstraße 2A" ObjVorlage="2013-09-11 00:00:00.0" ObKeinKontakt="5" ObjArtID="9" Merkmal="0.0"/>
  <Objekte ObjID="8582" ObjAufnahme="1997-04-09" ObjLetztKontakt="1997-04-09" ObjStrasseID="7172" ObjHausnummer="Kleine Pfahlstraße 20B" ObjVorlage="2013-09-11 00:00:00.0" ObKeinKontakt="5" ObjArtID="14" Merkmal="0.0" ObjInfo="wie 20.A"/>
  <Objekte ObjID="8583" ObjAufnahme="1997-04-09" ObjLetztKontakt="1997-04-09" ObjStrasseID="6875" ObjHausnummer="Hildesheimer Straße 223" ObjVorlage="2013-09-11 00:00:00.0" ObKeinKontakt="5" ObjArtID="12" Merkmal="0.0"/>
  <Objekte ObjID="8584" ObjAufnahme="1997-04-10" ObjLetztKontakt="1997-04-10" ObjStrasseID="3500" ObjHausnummer="Friedrich-Ebert-Straße 22" ObjVorlage="2013-09-11 00:00:00.0" ObKeinKontakt="5" ObjArtID="14" Merkmal="0.0"/>
  <Objekte ObjID="8585" ObjAufnahme="1997-04-11" ObjLetztKontakt="1997-04-11" ObjStrasseID="8127" ObjHausnummer="Schützenstraße 4" ObjVorlage="2013-09-11 00:00:00.0" ObKeinKontakt="5" ObjArtID="5" Merkmal="0.0"/>
  <Objekte ObjID="8586" ObjAufnahme="1997-04-11" ObjLetztKontakt="1997-04-11" ObjStrasseID="7326" ObjHausnummer="Lavesstraße 4" ObjVorlage="2013-09-11 00:00:00.0" ObKeinKontakt="5" ObjArtID="5" Merkmal="0.0"/>
  <Objekte ObjID="8587" ObjAufnahme="1997-04-11" ObjLetztKontakt="1997-04-11" ObjStrasseID="7326" ObjHausnummer="Lavesstraße 5" ObjVorlage="2013-09-11 00:00:00.0" ObKeinKontakt="5" ObjArtID="5" Merkmal="0.0"/>
  <Objekte ObjID="8591" ObjAufnahme="1997-04-16" ObjLetztKontakt="1997-04-16" ObjStrasseID="3970" ObjHausnummer="Karpfengasse 8" ObjVorlage="2013-09-11 00:00:00.0" ObKeinKontakt="5" ObjArtID="21" Merkmal="0.0"/>
  <Objekte ObjID="8592" ObjAufnahme="1997-04-18" ObjLetztKontakt="1997-04-18" ObjStrasseID="3694" ObjHausnummer="Hauptstraße 6" ObjVorlage="2013-09-11 00:00:00.0" ObKeinKontakt="5" ObjArtID="8" Merkmal="0.0" ObjInfo="230qm/1700+7500qm/.....1991/........./995.000DM"/>
  <Objekte ObjID="8593" ObjAufnahme="1997-04-22" ObjLetztKontakt="1997-04-22" ObjStrasseID="8459" ObjHausnummer="Velberstraße 8" ObjVorlage="2013-09-11 00:00:00.0" ObKeinKontakt="5" ObjArtID="5" Merkmal="0.0"/>
  <Objekte ObjID="8596" ObjAufnahme="1997-05-06" ObjLetztKontakt="1997-05-06" ObjStrasseID="5191" ObjHausnummer="Kirchlahe 4A" ObjVorlage="2013-09-11 00:00:00.0" ObKeinKontakt="5" ObjArtID="24" Merkmal="0.0" ObjInfo="90 m²170 m²Grg.269.000,-- DM"/>
  <Objekte ObjID="8597" ObjAufnahme="1997-05-06" ObjLetztKontakt="1997-05-06" ObjStrasseID="6083" ObjHausnummer="Brucknerring 12" ObjVorlage="2013-09-11 00:00:00.0" ObKeinKontakt="5" ObjArtID="20" Merkmal="0.0"/>
  <Objekte ObjID="8598" ObjAufnahme="1997-05-06" ObjLetztKontakt="1997-05-06" ObjStrasseID="3020" ObjHausnummer="Asphalweg 16" ObjVorlage="2013-09-11 00:00:00.0" ObKeinKontakt="5" ObjArtID="8" Merkmal="0.0"/>
  <Objekte ObjID="8601" ObjAufnahme="1997-05-07" ObjLetztKontakt="1997-05-07" ObjStrasseID="6790" ObjHausnummer="Heimatweg 2" ObjVorlage="2013-09-11 00:00:00.0" ObKeinKontakt="5" ObjArtID="20" Merkmal="0.0"/>
  <Objekte ObjID="8602" ObjAufnahme="1997-05-07" ObjLetztKontakt="1997-05-07" ObjStrasseID="7930" ObjHausnummer="Rönnegang 5" ObjVorlage="2013-09-11 00:00:00.0" ObKeinKontakt="5" ObjArtID="8" Merkmal="0.0" ObjInfo="570/170/32/255/Grg./Ke./85"/>
  <Objekte ObjID="8604" ObjAufnahme="1997-05-14" ObjLetztKontakt="1997-05-14" ObjStrasseID="6724" ObjHausnummer="Hannoversche Straße 20C" ObjVorlage="2013-09-11 00:00:00.0" ObKeinKontakt="5" ObjArtID="24" Merkmal="0.0" ObjInfo="120 m²327 m²1995605.000,-- DM"/>
  <Objekte ObjID="8606" ObjAufnahme="1997-05-15" ObjLetztKontakt="1997-05-15" ObjStrasseID="5137" ObjHausnummer="Birkenweg 2" ObjVorlage="2013-09-11 00:00:00.0" ObKeinKontakt="5" ObjArtID="1" Merkmal="0.0"/>
  <Objekte ObjID="8607" ObjAufnahme="1997-05-15" ObjLetztKontakt="1997-05-15" ObjStrasseID="5137" ObjHausnummer="Birkenweg 9" ObjVorlage="2013-09-11 00:00:00.0" ObKeinKontakt="5" ObjArtID="1" Merkmal="0.0"/>
  <Objekte ObjID="8608" ObjAufnahme="1997-05-15" ObjLetztKontakt="1997-05-15" ObjStrasseID="5137" ObjHausnummer="Birkenweg 11" ObjVorlage="2013-09-11 00:00:00.0" ObKeinKontakt="5" ObjArtID="1" Merkmal="0.0"/>
  <Objekte ObjID="8609" ObjAufnahme="1997-05-15" ObjLetztKontakt="1997-05-15" ObjStrasseID="5137" ObjHausnummer="Birkenweg 11A" ObjVorlage="2013-09-11 00:00:00.0" ObKeinKontakt="5" ObjArtID="1" Merkmal="0.0"/>
  <Objekte ObjID="8610" ObjAufnahme="1997-05-20" ObjLetztKontakt="2003-09-08" ObjStrasseID="8666" ObjHausnummer="Wittekindstraße 4A" ObjVorlage="2013-09-11 00:00:00.0" ObKeinKontakt="5" ObjArtID="1" Merkmal="0.9999999999999999"/>
  <Objekte ObjID="8611" ObjAufnahme="1997-05-23" ObjLetztKontakt="1997-05-23" ObjStrasseID="6612" ObjHausnummer="Götzstraße 1" ObjVorlage="2013-09-11 00:00:00.0" ObKeinKontakt="5" ObjArtID="24" Merkmal="0.0"/>
  <Objekte ObjID="8613" ObjAufnahme="1997-05-27" ObjLetztKontakt="1997-05-27" ObjStrasseID="6875" ObjHausnummer="Hildesheimer Straße 384" ObjVorlage="2013-09-11 00:00:00.0" ObKeinKontakt="5" ObjArtID="5" Merkmal="0.0"/>
  <Objekte ObjID="8614" ObjAufnahme="1997-05-28" ObjLetztKontakt="1997-05-28" ObjStrasseID="6874" ObjHausnummer="Hildesheimer Straße 85" ObjVorlage="2013-09-11 00:00:00.0" ObKeinKontakt="5" ObjArtID="5" Merkmal="0.0"/>
  <Objekte ObjID="8615" ObjAufnahme="1997-05-28" ObjLetztKontakt="1999-11-03" ObjStrasseID="8220" ObjHausnummer="Spannhagengarten 6" ObjVorlage="2013-09-11 00:00:00.0" ObKeinKontakt="5" ObjArtID="13" Merkmal="0.0"/>
  <Objekte ObjID="8618" ObjAufnahme="1997-05-29" ObjLetztKontakt="1997-05-29" ObjStrasseID="7367" ObjHausnummer="Leunisweg 9" ObjVorlage="2013-09-11 00:00:00.0" ObKeinKontakt="5" ObjArtID="14" Merkmal="0.0"/>
  <Objekte ObjID="8619" ObjAufnahme="1997-05-30" ObjLetztKontakt="1997-05-30" ObjStrasseID="7518" ObjHausnummer="Mendelssohnstraße 2" ObjVorlage="2013-09-11 00:00:00.0" ObKeinKontakt="5" ObjArtID="79" Merkmal="0.0"/>
  <Objekte ObjID="8620" ObjAufnahme="1997-05-30" ObjLetztKontakt="1997-05-30" ObjStrasseID="3357" ObjHausnummer="Ebereschenweg 27" ObjVorlage="2013-09-11 00:00:00.0" ObKeinKontakt="5" ObjArtID="14" Merkmal="0.0"/>
  <Objekte ObjID="8622" ObjAufnahme="1997-06-03" ObjLetztKontakt="1997-06-03" ObjStrasseID="4586" ObjHausnummer="Rubensstraße 10" ObjVorlage="2013-09-11 00:00:00.0" ObKeinKontakt="5" ObjArtID="8" Merkmal="0.0"/>
  <Objekte ObjID="8623" ObjAufnahme="1997-06-03" ObjLetztKontakt="1997-06-03" ObjStrasseID="6434" ObjHausnummer="Flüggestraße 13" ObjVorlage="2013-09-11 00:00:00.0" ObKeinKontakt="5" ObjArtID="65" Merkmal="0.0"/>
  <Objekte ObjID="8624" ObjAufnahme="1997-06-04" ObjLetztKontakt="1997-06-04" ObjStrasseID="3357" ObjHausnummer="Ebereschenweg 13" ObjVorlage="2013-09-11 00:00:00.0" ObKeinKontakt="5" ObjArtID="8" Merkmal="0.0"/>
  <Objekte ObjID="8625" ObjAufnahme="1997-06-04" ObjLetztKontakt="1997-06-04" ObjStrasseID="7305" ObjHausnummer="Lange-Feld-Straße 41" ObjVorlage="2013-09-11 00:00:00.0" ObKeinKontakt="5" ObjArtID="14" Merkmal="0.0"/>
  <Objekte ObjID="8626" ObjAufnahme="1997-06-04" ObjLetztKontakt="1997-06-04" ObjStrasseID="4409" ObjHausnummer="Otto-Koke-Weg 3" ObjVorlage="2013-09-11 00:00:00.0" ObKeinKontakt="5" ObjArtID="8" Merkmal="0.0"/>
  <Objekte ObjID="8628" ObjAufnahme="1997-06-05" ObjLetztKontakt="1997-06-05" ObjStrasseID="8079" ObjHausnummer="Schleiermacherstraße 1" ObjVorlage="2013-09-11 00:00:00.0" ObKeinKontakt="5" ObjArtID="15" Merkmal="0.0"/>
  <Objekte ObjID="8630" ObjAufnahme="1997-06-10" ObjLetztKontakt="1997-06-10" ObjStrasseID="2964" ObjHausnummer="Am Wäldchen 3" ObjVorlage="2013-09-11 00:00:00.0" ObKeinKontakt="5" ObjArtID="8" Merkmal="0.0"/>
  <Objekte ObjID="8632" ObjAufnahme="1997-06-10" ObjLetztKontakt="1997-06-10" ObjStrasseID="5098" ObjHausnummer="Zum Hämelerwald 19A" ObjVorlage="2013-09-11 00:00:00.0" ObKeinKontakt="5" ObjArtID="8" Merkmal="0.0" ObjInfo="490/145/140/1140/Do. Grg./Ke./60"/>
  <Objekte ObjID="8633" ObjAufnahme="1997-06-10" ObjLetztKontakt="1997-06-10" ObjStrasseID="2983" ObjHausnummer="An der Aue 5" ObjVorlage="2013-09-11 00:00:00.0" ObKeinKontakt="5" ObjArtID="8" Merkmal="0.0" ObjInfo="495/160/160/830/Do. Grg./Ke./80"/>
  <Objekte ObjID="8635" ObjAufnahme="1997-06-11" ObjLetztKontakt="1997-06-11" ObjStrasseID="8511" ObjHausnummer="Wallensteinstraße 117A" ObjVorlage="2013-09-11 00:00:00.0" ObKeinKontakt="2" ObjArtID="5" Merkmal="0.0"/>
  <Objekte ObjID="8636" ObjAufnahme="1997-06-13" ObjLetztKontakt="1997-06-13" ObjStrasseID="5168" ObjHausnummer="Hainhäuser Weg 83" ObjVorlage="2013-09-11 00:00:00.0" ObKeinKontakt="5" ObjArtID="8" Merkmal="0.0" ObjInfo="649/200/80/1200/Grg./-/72"/>
  <Objekte ObjID="8640" ObjAufnahme="1997-06-16" ObjLetztKontakt="1997-06-16" ObjStrasseID="4082" ObjVorlage="2013-09-11 00:00:00.0" ObKeinKontakt="5" ObjArtID="5" Merkmal="0.0"/>
  <Objekte ObjID="8641" ObjAufnahme="1997-06-16" ObjLetztKontakt="1997-06-16" ObjStrasseID="4315" ObjHausnummer="Müllinger Straße 39" ObjVorlage="2013-09-11 00:00:00.0" ObKeinKontakt="5" ObjArtID="8" Merkmal="0.0" ObjInfo="270qm/2900qm/1968-94/.........../750.000/WV OKT 2000"/>
  <Objekte ObjID="8642" ObjAufnahme="1997-06-16" ObjLetztKontakt="1997-06-16" ObjStrasseID="5031" ObjHausnummer="Wielohweg 1" ObjVorlage="2013-09-11 00:00:00.0" ObKeinKontakt="5" ObjArtID="8" Merkmal="0.0"/>
  <Objekte ObjID="8643" ObjAufnahme="1997-06-16" ObjLetztKontakt="1997-06-16" ObjStrasseID="7350" ObjHausnummer="Lenbachstraße 3" ObjVorlage="2013-09-11 00:00:00.0" ObKeinKontakt="5" ObjArtID="21" Merkmal="0.0"/>
  <Objekte ObjID="8644" ObjAufnahme="1997-06-17" ObjLetztKontakt="1997-06-17" ObjStrasseID="6350" ObjHausnummer="Engelbosteler Damm 97" ObjVorlage="2013-09-11 00:00:00.0" ObKeinKontakt="5" ObjArtID="204" Merkmal="0.0" ObjInfo="7WE/2Läden/1900/100/1,5"/>
  <Objekte ObjID="8645" ObjAufnahme="1997-06-18" ObjLetztKontakt="1997-06-18" ObjStrasseID="5172" ObjHausnummer="Heideweg 3C" ObjVorlage="2013-09-11 00:00:00.0" ObKeinKontakt="5" ObjArtID="24" Merkmal="0.0"/>
  <Objekte ObjID="8646" ObjAufnahme="1998-02-21" ObjStrasseID="5214" ObjVorlage="2013-09-11 00:00:00.0" ObKeinKontakt="5" ObjArtID="10" Merkmal="0.0"/>
  <Objekte ObjID="8647" ObjAufnahme="1997-06-19" ObjLetztKontakt="1997-06-19" ObjStrasseID="3691" ObjHausnummer="Hauptstraße 89" ObjVorlage="2013-09-11 00:00:00.0" ObKeinKontakt="5" ObjArtID="8" Merkmal="0.0"/>
  <Objekte ObjID="8648" ObjAufnahme="1997-06-20" ObjLetztKontakt="1997-06-20" ObjStrasseID="6858" ObjHausnummer="Herrenhäuser Straße 116" ObjVorlage="2013-09-11 00:00:00.0" ObKeinKontakt="5" ObjArtID="5" Merkmal="0.0"/>
  <Objekte ObjID="8649" ObjAufnahme="1997-06-20" ObjLetztKontakt="1997-06-20" ObjStrasseID="5685" ObjHausnummer="Am Mittelfelde 123" ObjVorlage="2013-09-11 00:00:00.0" ObKeinKontakt="5" ObjArtID="5" Merkmal="0.0"/>
  <Objekte ObjID="8650" ObjAufnahme="1997-06-20" ObjLetztKontakt="1997-06-20" ObjStrasseID="8015" ObjHausnummer="Sahlkamp 147" ObjVorlage="2013-09-11 00:00:00.0" ObKeinKontakt="5" ObjArtID="5" Merkmal="0.0"/>
  <Objekte ObjID="8652" ObjAufnahme="1997-06-20" ObjLetztKontakt="1997-06-20" ObjStrasseID="3562" ObjHausnummer="Gieseckenkamp 4" ObjVorlage="2013-09-11 00:00:00.0" ObKeinKontakt="5" ObjArtID="20" Merkmal="0.9999999999999999" ObjInfo="200qm/856qm/1955-90/Doppelgarage/590.000DM"/>
  <Objekte ObjID="8653" ObjAufnahme="1997-06-23" ObjLetztKontakt="1997-06-23" ObjStrasseID="5186" ObjHausnummer="In der Tiefenriede 5" ObjVorlage="2013-09-11 00:00:00.0" ObKeinKontakt="5" ObjArtID="1" Merkmal="0.0"/>
  <Objekte ObjID="8654" ObjAufnahme="1997-06-23" ObjLetztKontakt="1997-06-23" ObjStrasseID="6733" ObjHausnummer="Hans-Sachs-Weg 38" ObjVorlage="2013-09-11 00:00:00.0" ObKeinKontakt="5" ObjArtID="8" Merkmal="0.0"/>
  <Objekte ObjID="8656" ObjAufnahme="1997-06-24" ObjLetztKontakt="1997-06-24" ObjStrasseID="5134" ObjHausnummer="Berenbosteler Straße 47" ObjVorlage="2013-09-11 00:00:00.0" ObKeinKontakt="5" ObjArtID="38" Merkmal="0.0"/>
  <Objekte ObjID="8657" ObjAufnahme="1997-06-25" ObjLetztKontakt="1997-06-25" ObjStrasseID="6836" ObjHausnummer="Henniesruh 39" ObjVorlage="2013-09-11 00:00:00.0" ObKeinKontakt="5" ObjArtID="8" Merkmal="0.0" ObjInfo="435/150/20/700/-/Ke./59"/>
  <Objekte ObjID="8658" ObjAufnahme="1997-06-26" ObjLetztKontakt="1997-06-26" ObjStrasseID="4812" ObjHausnummer="Stiller Winkel 5" ObjVorlage="2013-09-11 00:00:00.0" ObKeinKontakt="5" ObjArtID="20" Merkmal="0.0" ObjInfo="675/230/140/800/Grg./Ke./80"/>
  <Objekte ObjID="8659" ObjAufnahme="1997-06-26" ObjLetztKontakt="1997-06-26" ObjStrasseID="3328" ObjHausnummer="Dieterichsstraße 25" ObjVorlage="2013-09-11 00:00:00.0" ObKeinKontakt="5" ObjArtID="5" Merkmal="0.0"/>
  <Objekte ObjID="8660" ObjAufnahme="1997-06-26" ObjLetztKontakt="1997-06-26" ObjStrasseID="3328" ObjHausnummer="Dieterichsstraße 27" ObjVorlage="2013-09-11 00:00:00.0" ObKeinKontakt="5" ObjArtID="5" Merkmal="0.0"/>
  <Objekte ObjID="8663" ObjAufnahme="1997-06-27" ObjLetztKontakt="1997-06-27" ObjStrasseID="3900" ObjHausnummer="Imkersweg 22" ObjVorlage="2013-09-11 00:00:00.0" ObKeinKontakt="5" ObjArtID="23" Merkmal="0.0"/>
  <Objekte ObjID="8664" ObjAufnahme="1997-06-27" ObjLetztKontakt="1997-06-27" ObjStrasseID="7062" ObjHausnummer="Jordanstraße 15" ObjVorlage="2013-09-11 00:00:00.0" ObKeinKontakt="5" ObjArtID="14" Merkmal="0.0"/>
  <Objekte ObjID="8665" ObjAufnahme="1997-07-01" ObjLetztKontakt="1997-07-01" ObjStrasseID="8447" ObjHausnummer="Vahrenheider Markt 41" ObjVorlage="2013-09-11 00:00:00.0" ObKeinKontakt="5" ObjArtID="5" Merkmal="0.0"/>
  <Objekte ObjID="8668" ObjAufnahme="1997-07-03" ObjLetztKontakt="1997-07-03" ObjStrasseID="8356" ObjHausnummer="Theaterstraße 14" ObjVorlage="2013-09-11 00:00:00.0" ObKeinKontakt="5" ObjArtID="9" Merkmal="0.0"/>
  <Objekte ObjID="8671" ObjAufnahme="1997-07-04" ObjLetztKontakt="1997-07-04" ObjStrasseID="2819" ObjHausnummer="Adelheidstraße 9A" ObjVorlage="2013-09-11 00:00:00.0" ObKeinKontakt="5" ObjArtID="26" Merkmal="0.0"/>
  <Objekte ObjID="8674" ObjAufnahme="1997-07-05" ObjLetztKontakt="1997-07-05" ObjStrasseID="7911" ObjHausnummer="Robertstraße 12" ObjVorlage="2013-09-11 00:00:00.0" ObKeinKontakt="5" ObjArtID="161" Merkmal="0.0"/>
  <Objekte ObjID="8675" ObjAufnahme="1997-07-07" ObjLetztKontakt="1997-07-07" ObjStrasseID="7892" ObjHausnummer="Ricklinger Stadtweg 40" ObjVorlage="2013-09-11 00:00:00.0" ObKeinKontakt="5" ObjArtID="5" Merkmal="0.0"/>
  <Objekte ObjID="8676" ObjAufnahme="1997-07-07" ObjLetztKontakt="1997-07-07" ObjStrasseID="4069" ObjHausnummer="Kramerstraße 12" ObjVorlage="2013-09-11 00:00:00.0" ObKeinKontakt="5" ObjArtID="9" Merkmal="0.0"/>
  <Objekte ObjID="8677" ObjAufnahme="1997-07-07" ObjLetztKontakt="1997-07-07" ObjStrasseID="8628" ObjHausnummer="Wilhelm-Busch-Straße 48" ObjVorlage="2013-09-11 00:00:00.0" ObKeinKontakt="5" ObjArtID="24" Merkmal="0.0"/>
  <Objekte ObjID="8680" ObjAufnahme="1997-07-09" ObjLetztKontakt="1997-07-09" ObjStrasseID="3806" ObjHausnummer="Hohes Feld 25" ObjVorlage="2013-09-11 00:00:00.0" ObKeinKontakt="5" ObjArtID="21" Merkmal="0.0"/>
  <Objekte ObjID="8681" ObjAufnahme="1997-07-10" ObjLetztKontakt="1997-07-10" ObjStrasseID="2934" ObjHausnummer="Am Ortfelde 96" ObjVorlage="2013-09-11 00:00:00.0" ObKeinKontakt="2" ObjArtID="20" Merkmal="0.0"/>
  <Objekte ObjID="8685" ObjAufnahme="1997-07-15" ObjLetztKontakt="1997-07-15" ObjStrasseID="8641" ObjHausnummer="Wilksheide 74" ObjVorlage="2013-09-11 00:00:00.0" ObKeinKontakt="5" ObjArtID="12" Merkmal="0.0"/>
  <Objekte ObjID="8686" ObjAufnahme="1997-07-15" ObjLetztKontakt="1997-07-15" ObjStrasseID="5189" ObjHausnummer="Katzenwinkel 23" ObjVorlage="2013-09-11 00:00:00.0" ObKeinKontakt="5" ObjArtID="22" Merkmal="0.0"/>
  <Objekte ObjID="8687" ObjAufnahme="1997-07-16" ObjLetztKontakt="1997-07-16" ObjStrasseID="5205" ObjHausnummer="Mühlenweg 49" ObjVorlage="2013-09-11 00:00:00.0" ObKeinKontakt="5" ObjArtID="20" Merkmal="0.0"/>
  <Objekte ObjID="8689" ObjAufnahme="1997-07-21" ObjLetztKontakt="2002-06-19" ObjStrasseID="6434" ObjHausnummer="Flüggestraße 20" ObjVorlage="2013-09-11 00:00:00.0" ObKeinKontakt="5" ObjArtID="186" Merkmal="0.0"/>
  <Objekte ObjID="8690" ObjAufnahme="1997-07-22" ObjLetztKontakt="1997-07-22" ObjStrasseID="8696" ObjHausnummer="Wunstorfer Straße 33" ObjVorlage="2013-09-11 00:00:00.0" ObKeinKontakt="5" ObjArtID="5" Merkmal="0.0"/>
  <Objekte ObjID="8692" ObjAufnahme="1997-07-23" ObjLetztKontakt="1997-07-23" ObjStrasseID="5134" ObjHausnummer="Berenbosteler Straße 123" ObjVorlage="2013-09-11 00:00:00.0" ObKeinKontakt="5" ObjArtID="9" Merkmal="0.0"/>
  <Objekte ObjID="8695" ObjAufnahme="1997-07-24" ObjLetztKontakt="1997-07-24" ObjStrasseID="7739" ObjHausnummer="Passerelle 1" ObjVorlage="2013-09-11 00:00:00.0" ObKeinKontakt="5" ObjArtID="5" Merkmal="0.0"/>
  <Objekte ObjID="8696" ObjAufnahme="1997-07-25" ObjLetztKontakt="1997-07-25" ObjStrasseID="8068" ObjHausnummer="Schiffgraben 22" ObjVorlage="2013-09-11 00:00:00.0" ObKeinKontakt="5" ObjArtID="9" Merkmal="0.0"/>
  <Objekte ObjID="8697" ObjAufnahme="1997-07-25" ObjLetztKontakt="1997-07-25" ObjStrasseID="6669" ObjHausnummer="Guerickestraße 9" ObjVorlage="2013-09-11 00:00:00.0" ObKeinKontakt="5" ObjArtID="201" Merkmal="0.0"/>
  <Objekte ObjID="8698" ObjAufnahme="1997-07-28" ObjLetztKontakt="1997-07-28" ObjStrasseID="3384" ObjHausnummer="Eichstraße 9" ObjVorlage="2013-09-11 00:00:00.0" ObKeinKontakt="5" ObjArtID="12" Merkmal="0.0"/>
  <Objekte ObjID="8700" ObjAufnahme="1997-07-30" ObjLetztKontakt="1997-07-30" ObjStrasseID="12851" ObjHausnummer="Rennpaul 24" ObjVorlage="2013-09-11 00:00:00.0" ObKeinKontakt="5" ObjArtID="24" Merkmal="0.0"/>
  <Objekte ObjID="8701" ObjAufnahme="1997-07-30" ObjLetztKontakt="2000-06-21" ObjStrasseID="6780" ObjHausnummer="Heidegrün 11A" ObjVorlage="2013-09-11 00:00:00.0" ObKeinKontakt="5" ObjArtID="24" Merkmal="0.0" ObjInfo="147qm/384qm/1964/410.000,-- DM"/>
  <Objekte ObjID="8702" ObjAufnahme="1997-07-31" ObjLetztKontakt="1997-07-31" ObjStrasseID="5223" ObjHausnummer="Sonnenweg 29" ObjVorlage="2013-09-11 00:00:00.0" ObKeinKontakt="5" ObjArtID="14" Merkmal="0.0"/>
  <Objekte ObjID="8703" ObjAufnahme="1997-07-31" ObjLetztKontakt="1997-07-31" ObjStrasseID="8490" ObjHausnummer="Von-Graevemeyer-Weg 18C" ObjVorlage="2013-09-11 00:00:00.0" ObKeinKontakt="5" ObjArtID="8" Merkmal="0.0"/>
  <Objekte ObjID="8704" ObjAufnahme="1997-08-01" ObjLetztKontakt="1997-08-01" ObjStrasseID="3234" ObjHausnummer="Brombeerkamp 16" ObjVorlage="2013-09-11 00:00:00.0" ObKeinKontakt="5" ObjArtID="8" Merkmal="0.0"/>
  <Objekte ObjID="8705" ObjAufnahme="1997-08-06" ObjLetztKontakt="1997-08-06" ObjStrasseID="6415" ObjHausnummer="Fiedelerstraße 35B" ObjVorlage="2013-09-11 00:00:00.0" ObKeinKontakt="5" ObjArtID="14" Merkmal="0.0"/>
  <Objekte ObjID="8706" ObjAufnahme="1997-08-08" ObjLetztKontakt="1997-08-08" ObjStrasseID="7491" ObjHausnummer="Mary-Wigmann-Weg 18" ObjVorlage="2013-09-11 00:00:00.0" ObKeinKontakt="5" ObjArtID="24" Merkmal="0.0"/>
  <Objekte ObjID="8707" ObjAufnahme="1997-08-08" ObjLetztKontakt="1997-08-08" ObjStrasseID="8045" ObjHausnummer="Savannenweg 52" ObjVorlage="2013-09-11 00:00:00.0" ObKeinKontakt="5" ObjArtID="8" Merkmal="0.0"/>
  <Objekte ObjID="8709" ObjAufnahme="1997-08-14" ObjLetztKontakt="1997-08-14" ObjStrasseID="7528" ObjHausnummer="Merianweg 5" ObjVorlage="2013-09-11 00:00:00.0" ObKeinKontakt="5" ObjArtID="1" Merkmal="0.0"/>
  <Objekte ObjID="8710" ObjAufnahme="1997-08-14" ObjLetztKontakt="1997-08-14" ObjStrasseID="7528" ObjHausnummer="Merianweg 7" ObjVorlage="2013-09-11 00:00:00.0" ObKeinKontakt="5" ObjArtID="1" Merkmal="0.0"/>
  <Objekte ObjID="8711" ObjAufnahme="1997-08-14" ObjLetztKontakt="1997-08-14" ObjStrasseID="7528" ObjHausnummer="Merianweg 9" ObjVorlage="2013-09-11 00:00:00.0" ObKeinKontakt="5" ObjArtID="173" Merkmal="0.0"/>
  <Objekte ObjID="8714" ObjAufnahme="1997-08-20" ObjLetztKontakt="1999-07-20" ObjStrasseID="7528" ObjHausnummer="Merianweg 2" ObjVorlage="2013-09-11 00:00:00.0" ObKeinKontakt="5" ObjArtID="83" Merkmal="0.9999999999999999" ObjInfo="28074\Blk West"/>
  <Objekte ObjID="8715" ObjAufnahme="1997-08-20" ObjLetztKontakt="1997-08-20" ObjStrasseID="7528" ObjHausnummer="Merianweg 4" ObjVorlage="2013-09-11 00:00:00.0" ObKeinKontakt="5" ObjArtID="13" Merkmal="0.0"/>
  <Objekte ObjID="8716" ObjAufnahme="1997-08-20" ObjLetztKontakt="1997-08-20" ObjStrasseID="7528" ObjHausnummer="Merianweg 6" ObjVorlage="2013-09-11 00:00:00.0" ObKeinKontakt="5" ObjArtID="175" Merkmal="0.0"/>
  <Objekte ObjID="8717" ObjAufnahme="1997-08-20" ObjLetztKontakt="1997-08-20" ObjStrasseID="8237" ObjHausnummer="Spinozastraße 3" ObjVorlage="2013-09-11 00:00:00.0" ObKeinKontakt="5" ObjArtID="15" Merkmal="0.0"/>
  <Objekte ObjID="8718" ObjAufnahme="1997-08-23" ObjLetztKontakt="1997-08-23" ObjStrasseID="7392" ObjHausnummer="Lindener Marktplatz 5" ObjVorlage="2013-09-11 00:00:00.0" ObKeinKontakt="5" ObjArtID="5" Merkmal="0.0"/>
  <Objekte ObjID="8722" ObjAufnahme="1997-09-01" ObjLetztKontakt="1997-09-01" ObjStrasseID="8557" ObjHausnummer="Weidewinkel 10" ObjVorlage="2013-09-11 00:00:00.0" ObKeinKontakt="5" ObjArtID="24" Merkmal="0.0" ObjInfo="128qm/253qm/1990/Carport/530.000DM"/>
  <Objekte ObjID="8725" ObjAufnahme="1997-09-03" ObjLetztKontakt="1997-09-03" ObjStrasseID="7904" ObjHausnummer="Rischkamp 37A" ObjVorlage="2013-09-11 00:00:00.0" ObKeinKontakt="5" ObjArtID="21" Merkmal="0.0" ObjInfo="486/110/50/200/-/97"/>
  <Objekte ObjID="8727" ObjAufnahme="1997-09-03" ObjLetztKontakt="1997-09-03" ObjStrasseID="8394" ObjHausnummer="Tollenbrink 28A" ObjVorlage="2013-09-11 00:00:00.0" ObKeinKontakt="5" ObjArtID="14" Merkmal="0.0"/>
  <Objekte ObjID="8728" ObjAufnahme="1997-09-03" ObjLetztKontakt="1997-09-03" ObjStrasseID="8417" ObjHausnummer="Tulpenstraße 1" ObjVorlage="2013-09-11 00:00:00.0" ObKeinKontakt="5" ObjArtID="5" Merkmal="0.0"/>
  <Objekte ObjID="8732" ObjAufnahme="1997-09-10" ObjLetztKontakt="1997-09-10" ObjStrasseID="6878" ObjHausnummer="Hindenburgstraße 36" ObjVorlage="2013-09-11 00:00:00.0" ObKeinKontakt="5" ObjArtID="9" Merkmal="0.0"/>
  <Objekte ObjID="8734" ObjAufnahme="1997-09-10" ObjLetztKontakt="1997-09-10" ObjStrasseID="2868" ObjHausnummer="Am alten Freyhof 25" ObjVorlage="2013-09-11 00:00:00.0" ObKeinKontakt="5" ObjArtID="8" Merkmal="0.0"/>
  <Objekte ObjID="8735" ObjAufnahme="1997-09-11" ObjLetztKontakt="1999-11-11" ObjStrasseID="8606" ObjHausnummer="Wichmannstraße 2" ObjVorlage="2013-09-11 00:00:00.0" ObKeinKontakt="5" ObjArtID="14" Merkmal="0.0"/>
  <Objekte ObjID="8738" ObjAufnahme="1997-09-11" ObjLetztKontakt="1997-09-11" ObjStrasseID="8556" ObjHausnummer="Weidetorstraße 18" ObjVorlage="2013-09-11 00:00:00.0" ObKeinKontakt="5" ObjArtID="15" Merkmal="0.0"/>
  <Objekte ObjID="8739" ObjAufnahme="1997-09-12" ObjLetztKontakt="1997-09-12" ObjStrasseID="6120" ObjHausnummer="Burgwedeler Straße 31" ObjVorlage="2013-09-11 00:00:00.0" ObKeinKontakt="5" ObjArtID="5" Merkmal="0.0"/>
  <Objekte ObjID="8742" ObjAufnahme="1997-09-15" ObjLetztKontakt="1999-07-12" ObjStrasseID="6245" ObjHausnummer="Donaustraße 38" ObjVorlage="2013-09-11 00:00:00.0" ObKeinKontakt="5" ObjArtID="15" Merkmal="0.9999999999999999" ObjInfo="18080\ 2 Blk."/>
  <Objekte ObjID="8743" ObjAufnahme="1997-09-16" ObjLetztKontakt="1997-09-16" ObjStrasseID="5992" ObjHausnummer="Blumenauer Straße 9" ObjVorlage="2013-09-11 00:00:00.0" ObKeinKontakt="5" ObjArtID="118" Merkmal="0.0" ObjInfo="23WE/2Läden/1Gast/2Büro/1952/280/3,5"/>
  <Objekte ObjID="8744" ObjAufnahme="1997-09-16" ObjLetztKontakt="1997-09-16" ObjStrasseID="5138" ObjHausnummer="Bodetalweg 7" ObjVorlage="2013-09-11 00:00:00.0" ObKeinKontakt="5" ObjArtID="12" Merkmal="0.0"/>
  <Objekte ObjID="8745" ObjAufnahme="1997-09-18" ObjLetztKontakt="1997-09-18" ObjStrasseID="5141" ObjHausnummer="Breite Straße 39" ObjVorlage="2013-09-11 00:00:00.0" ObKeinKontakt="5" ObjArtID="5" Merkmal="0.0"/>
  <Objekte ObjID="8746" ObjAufnahme="1997-09-19" ObjLetztKontakt="1997-09-19" ObjStrasseID="3093" ObjHausnummer="Becklingen 33" ObjVorlage="2013-09-11 00:00:00.0" ObKeinKontakt="5" ObjArtID="8" Merkmal="0.0"/>
  <Objekte ObjID="8747" ObjAufnahme="1997-09-19" ObjLetztKontakt="1997-09-19" ObjStrasseID="7405" ObjHausnummer="Lister Kirchweg 90" ObjVorlage="2013-09-11 00:00:00.0" ObKeinKontakt="5" ObjArtID="132" Merkmal="0.0"/>
  <Objekte ObjID="8748" ObjAufnahme="1997-09-19" ObjLetztKontakt="1997-09-19" ObjStrasseID="6533" ObjHausnummer="Geibelplatz 4" ObjVorlage="2013-09-11 00:00:00.0" ObKeinKontakt="5" ObjArtID="1" Merkmal="0.9999999999999999" ObjInfo="10WE/1936/133/2,2"/>
  <Objekte ObjID="8749" ObjAufnahme="1997-09-22" ObjLetztKontakt="1997-09-22" ObjStrasseID="8485" ObjHausnummer="Voltmerstraße 41" ObjVorlage="2013-09-11 00:00:00.0" ObKeinKontakt="5" ObjArtID="12" Merkmal="0.0"/>
  <Objekte ObjID="8750" ObjAufnahme="1997-09-25" ObjLetztKontakt="1997-09-25" ObjStrasseID="6120" ObjHausnummer="Burgwedeler Straße 30" ObjVorlage="2013-09-11 00:00:00.0" ObKeinKontakt="5" ObjArtID="5" Merkmal="0.0"/>
  <Objekte ObjID="8752" ObjAufnahme="1997-09-26" ObjLetztKontakt="1997-09-26" ObjStrasseID="5228" ObjHausnummer="Sternstraße 25" ObjVorlage="2013-09-11 00:00:00.0" ObKeinKontakt="5" ObjArtID="5" Merkmal="0.0"/>
  <Objekte ObjID="8755" ObjAufnahme="1997-09-30" ObjLetztKontakt="1997-09-30" ObjStrasseID="6130" ObjHausnummer="Büttnerstraße 13" ObjVorlage="2013-09-11 00:00:00.0" ObKeinKontakt="5" ObjArtID="9" Merkmal="0.9999999999999999" ObjInfo="Bürohaus/1995/1,135/15,0"/>
  <Objekte ObjID="8756" ObjAufnahme="1997-10-01" ObjLetztKontakt="1997-10-01" ObjStrasseID="5174" ObjHausnummer="Heisterkamp 9" ObjVorlage="2013-09-11 00:00:00.0" ObKeinKontakt="5" ObjArtID="21" Merkmal="0.0"/>
  <Objekte ObjID="8760" ObjAufnahme="1997-10-08" ObjLetztKontakt="1997-10-08" ObjStrasseID="6766" ObjHausnummer="Hausmannstraße 4" ObjVorlage="2013-09-11 00:00:00.0" ObKeinKontakt="5" ObjArtID="12" Merkmal="0.0"/>
  <Objekte ObjID="8763" ObjAufnahme="1997-10-09" ObjLetztKontakt="1997-10-09" ObjStrasseID="8286" ObjHausnummer="Stephansplatz 2A" ObjVorlage="2013-09-11 00:00:00.0" ObKeinKontakt="5" ObjArtID="5" Merkmal="0.0"/>
  <Objekte ObjID="8764" ObjAufnahme="1997-10-10" ObjLetztKontakt="1997-10-10" ObjStrasseID="4357" ObjHausnummer="Normannische Straße 28B" ObjVorlage="2013-09-11 00:00:00.0" ObKeinKontakt="5" ObjArtID="8" Merkmal="0.0"/>
  <Objekte ObjID="8766" ObjAufnahme="1997-10-13" ObjLetztKontakt="1997-10-13" ObjStrasseID="8030" ObjHausnummer="Salzweg 18" ObjVorlage="2013-09-11 00:00:00.0" ObKeinKontakt="5" ObjArtID="5" Merkmal="0.0"/>
  <Objekte ObjID="8767" ObjAufnahme="1997-10-13" ObjLetztKontakt="1997-10-13" ObjStrasseID="5149" ObjHausnummer="Ehlersstraße 19" ObjVorlage="2013-09-11 00:00:00.0" ObKeinKontakt="5" ObjArtID="20" Merkmal="0.0"/>
  <Objekte ObjID="8768" ObjAufnahme="1997-10-13" ObjLetztKontakt="1997-10-13" ObjStrasseID="6233" ObjHausnummer="Döhrbruch 23" ObjVorlage="2013-09-11 00:00:00.0" ObKeinKontakt="5" ObjArtID="14" Merkmal="0.0"/>
  <Objekte ObjID="8770" ObjAufnahme="1997-10-15" ObjLetztKontakt="1997-10-15" ObjStrasseID="2977" ObjHausnummer="Amselweg 13" ObjVorlage="2013-09-11 00:00:00.0" ObKeinKontakt="5" ObjArtID="24" Merkmal="0.0"/>
  <Objekte ObjID="8771" ObjAufnahme="1997-10-15" ObjLetztKontakt="1997-10-15" ObjStrasseID="7326" ObjHausnummer="Lavesstraße 65" ObjVorlage="2013-09-11 00:00:00.0" ObKeinKontakt="5" ObjArtID="9" Merkmal="0.0"/>
  <Objekte ObjID="8773" ObjAufnahme="1997-10-15" ObjLetztKontakt="1997-10-15" ObjStrasseID="90" ObjHausnummer="Georgstraße 44" ObjVorlage="2013-09-11 00:00:00.0" ObKeinKontakt="5" ObjArtID="5" Merkmal="0.0"/>
  <Objekte ObjID="8774" ObjAufnahme="1997-10-17" ObjLetztKontakt="1997-10-17" ObjStrasseID="7035" ObjHausnummer="Innstraße 20" ObjVorlage="2013-09-11 00:00:00.0" ObKeinKontakt="5" ObjArtID="5" Merkmal="0.0"/>
  <Objekte ObjID="8777" ObjAufnahme="1997-10-17" ObjLetztKontakt="1997-10-17" ObjStrasseID="5861" ObjHausnummer="Bahnhofstraße 8" ObjVorlage="2013-09-11 00:00:00.0" ObKeinKontakt="1" ObjArtID="9" Merkmal="0.0"/>
  <Objekte ObjID="8778" ObjAufnahme="1997-10-21" ObjLetztKontakt="1997-10-21" ObjStrasseID="8263" ObjHausnummer="Steckerstraße 21" ObjVorlage="2013-09-11 00:00:00.0" ObKeinKontakt="5" ObjArtID="177" Merkmal="0.0"/>
  <Objekte ObjID="8780" ObjAufnahme="1997-10-21" ObjLetztKontakt="1997-10-21" ObjStrasseID="4011" ObjHausnummer="Kleinburgwedeler Straße 12" ObjVorlage="2013-09-11 00:00:00.0" ObKeinKontakt="5" ObjArtID="15" Merkmal="0.0"/>
  <Objekte ObjID="8782" ObjAufnahme="1997-10-21" ObjLetztKontakt="1997-10-21" ObjStrasseID="5918" ObjHausnummer="Bergiusstraße 26" ObjVorlage="2013-09-11 00:00:00.0" ObKeinKontakt="2" ObjArtID="15" Merkmal="0.0"/>
  <Objekte ObjID="8783" ObjAufnahme="1997-10-22" ObjLetztKontakt="1997-10-22" ObjStrasseID="3056" ObjHausnummer="Bachstelzenring 54" ObjVorlage="2013-09-11 00:00:00.0" ObKeinKontakt="2" ObjArtID="13" Merkmal="0.0"/>
  <Objekte ObjID="8784" ObjAufnahme="1997-10-23" ObjLetztKontakt="1997-10-23" ObjStrasseID="2834" ObjHausnummer="Albrechtstraße 17" ObjVorlage="2013-09-11 00:00:00.0" ObKeinKontakt="5" ObjArtID="8" Merkmal="0.0"/>
  <Objekte ObjID="8785" ObjAufnahme="1997-10-24" ObjLetztKontakt="1997-10-24" ObjStrasseID="8263" ObjHausnummer="Steckerstraße 21" ObjVorlage="2013-09-11 00:00:00.0" ObKeinKontakt="5" ObjArtID="15" Merkmal="0.0"/>
  <Objekte ObjID="8789" ObjAufnahme="1997-10-30" ObjLetztKontakt="1997-10-30" ObjStrasseID="7027" ObjHausnummer="In der Rehre 29" ObjVorlage="2013-09-11 00:00:00.0" ObKeinKontakt="5" ObjArtID="14" Merkmal="0.0"/>
  <Objekte ObjID="8790" ObjAufnahme="1997-10-31" ObjLetztKontakt="1997-10-31" ObjStrasseID="8703" ObjHausnummer="Zeißstraße 13" ObjVorlage="2013-09-11 00:00:00.0" ObKeinKontakt="5" ObjArtID="9" Merkmal="0.0"/>
  <Objekte ObjID="8791" ObjAufnahme="1997-10-31" ObjLetztKontakt="1997-10-31" ObjStrasseID="7648" ObjHausnummer="Noltestraße 2" ObjVorlage="2013-09-11 00:00:00.0" ObKeinKontakt="5" ObjArtID="5" Merkmal="0.0"/>
  <Objekte ObjID="8792" ObjAufnahme="1997-11-03" ObjLetztKontakt="1997-11-03" ObjStrasseID="7388" ObjHausnummer="Limmerstraße 45" ObjVorlage="2013-09-11 00:00:00.0" ObKeinKontakt="5" ObjArtID="5" Merkmal="0.0"/>
  <Objekte ObjID="8793" ObjAufnahme="1997-11-03" ObjLetztKontakt="1997-11-03" ObjStrasseID="5139" ObjHausnummer="Böhmsche Wiesen 34" ObjVorlage="2013-09-11 00:00:00.0" ObKeinKontakt="5" ObjArtID="8" Merkmal="0.0"/>
  <Objekte ObjID="8795" ObjAufnahme="1997-11-03" ObjLetztKontakt="1997-11-03" ObjStrasseID="8556" ObjHausnummer="Weidetorstraße 20" ObjVorlage="2013-09-11 00:00:00.0" ObKeinKontakt="5" ObjArtID="15" Merkmal="0.0"/>
  <Objekte ObjID="8797" ObjAufnahme="1997-11-04" ObjLetztKontakt="1997-11-04" ObjStrasseID="5221" ObjHausnummer="Seerosenstraße 10G" ObjVorlage="2013-09-11 00:00:00.0" ObKeinKontakt="5" ObjArtID="21" Merkmal="0.0"/>
  <Objekte ObjID="8798" ObjAufnahme="1997-11-04" ObjLetztKontakt="1997-11-04" ObjStrasseID="3919" ObjHausnummer="Isenkamp 1B" ObjVorlage="2013-09-11 00:00:00.0" ObKeinKontakt="5" ObjArtID="21" Merkmal="0.0"/>
  <Objekte ObjID="8799" ObjAufnahme="1997-11-04" ObjLetztKontakt="1997-11-04" ObjStrasseID="3826" ObjHausnummer="Hortberg 20A" ObjVorlage="2013-09-11 00:00:00.0" ObKeinKontakt="5" ObjArtID="24" Merkmal="0.0"/>
  <Objekte ObjID="8800" ObjAufnahme="1997-11-04" ObjLetztKontakt="1997-11-04" ObjStrasseID="90" ObjHausnummer="Georgstraße 38" ObjVorlage="2013-09-11 00:00:00.0" ObKeinKontakt="5" ObjArtID="5" Merkmal="0.0"/>
  <Objekte ObjID="8801" ObjAufnahme="1997-11-05" ObjLetztKontakt="1997-11-05" ObjStrasseID="4038" ObjHausnummer="Kokenhorststraße 12" ObjVorlage="2013-09-11 00:00:00.0" ObKeinKontakt="5" ObjArtID="11" Merkmal="0.0"/>
  <Objekte ObjID="8802" ObjAufnahme="1997-11-05" ObjLetztKontakt="1997-11-05" ObjStrasseID="3555" ObjHausnummer="Gertsertsweg 19" ObjVorlage="2013-09-11 00:00:00.0" ObKeinKontakt="5" ObjArtID="22" Merkmal="0.0" ObjInfo="146qm/250qm/1995/Garage/495.000DM"/>
  <Objekte ObjID="8803" ObjAufnahme="1997-11-05" ObjLetztKontakt="1997-11-05" ObjStrasseID="3056" ObjHausnummer="Bachstelzenring 54" ObjVorlage="2013-09-11 00:00:00.0" ObKeinKontakt="5" ObjArtID="14" Merkmal="0.0"/>
  <Objekte ObjID="8804" ObjAufnahme="1997-11-06" ObjLetztKontakt="1997-11-06" ObjStrasseID="7176" ObjHausnummer="Kleiststraße 43" ObjVorlage="2013-09-11 00:00:00.0" ObKeinKontakt="5" ObjArtID="8" Merkmal="0.0"/>
  <Objekte ObjID="8807" ObjAufnahme="1997-11-07" ObjLetztKontakt="1997-11-07" ObjStrasseID="3568" ObjHausnummer="Glockenheide 24" ObjVorlage="2013-09-11 00:00:00.0" ObKeinKontakt="5" ObjArtID="8" Merkmal="0.0"/>
  <Objekte ObjID="8808" ObjAufnahme="1997-11-11" ObjLetztKontakt="1999-07-08" ObjStrasseID="6704" ObjHausnummer="Hahnensteg 36" ObjVorlage="2013-09-11 00:00:00.0" ObKeinKontakt="5" ObjArtID="14" Merkmal="0.0" ObjInfo="380/1592/30/171098/280/210 Blk.Grg.17m² DG,30 m²Sout."/>
  <Objekte ObjID="8809" ObjAufnahme="1997-11-11" ObjLetztKontakt="1997-11-11" ObjStrasseID="4069" ObjHausnummer="Kramerstraße 21" ObjVorlage="2013-09-11 00:00:00.0" ObKeinKontakt="5" ObjArtID="5" Merkmal="0.0"/>
  <Objekte ObjID="8810" ObjAufnahme="1997-11-18" ObjLetztKontakt="1997-11-18" ObjStrasseID="4649" ObjHausnummer="Schillerstraße 1" ObjVorlage="2013-09-11 00:00:00.0" ObKeinKontakt="5" ObjArtID="20" Merkmal="0.0"/>
  <Objekte ObjID="8812" ObjAufnahme="1997-11-19" ObjLetztKontakt="1997-11-19" ObjStrasseID="7778" ObjHausnummer="Philipsbornstraße 20" ObjVorlage="2013-09-11 00:00:00.0" ObKeinKontakt="5" ObjArtID="5" Merkmal="0.0"/>
  <Objekte ObjID="8813" ObjAufnahme="1997-11-19" ObjLetztKontakt="1997-11-19" ObjStrasseID="5125" ObjHausnummer="Am Markt 15" ObjVorlage="2013-09-11 00:00:00.0" ObKeinKontakt="5" ObjArtID="14" Merkmal="0.0"/>
  <Objekte ObjID="8814" ObjAufnahme="1997-11-20" ObjLetztKontakt="1997-11-20" ObjStrasseID="3365" ObjHausnummer="Egestorfer Straße 35" ObjVorlage="2013-09-11 00:00:00.0" ObKeinKontakt="5" ObjArtID="8" Merkmal="0.0" ObjInfo="320/130/80/750/-/Ke./1900 teilren."/>
  <Objekte ObjID="8815" ObjAufnahme="1997-11-24" ObjLetztKontakt="1997-11-24" ObjStrasseID="7024" ObjHausnummer="In der Bebie 2" ObjVorlage="2013-09-11 00:00:00.0" ObKeinKontakt="5" ObjArtID="22" Merkmal="0.0"/>
  <Objekte ObjID="8817" ObjAufnahme="1998-02-21" ObjStrasseID="5129" ObjHausnummer="An der Zuckerfabrik 5" ObjVorlage="2013-09-11 00:00:00.0" ObKeinKontakt="5" ObjArtID="1" Merkmal="0.9999999999999999"/>
  <Objekte ObjID="8818" ObjAufnahme="1998-02-21" ObjStrasseID="5129" ObjHausnummer="An der Zuckerfabrik 6" ObjVorlage="2013-09-11 00:00:00.0" ObKeinKontakt="5" ObjArtID="1" Merkmal="0.9999999999999999"/>
  <Objekte ObjID="8819" ObjAufnahme="1998-02-21" ObjStrasseID="7190" ObjHausnummer="Kneippweg 1" ObjVorlage="2013-09-11 00:00:00.0" ObKeinKontakt="5" ObjArtID="14" Merkmal="0.0"/>
  <Objekte ObjID="8820" ObjAufnahme="1998-02-21" ObjStrasseID="8237" ObjHausnummer="Spinozastraße 7" ObjVorlage="2013-09-11 00:00:00.0" ObKeinKontakt="5" ObjArtID="14" Merkmal="0.0"/>
  <Objekte ObjID="8822" ObjAufnahme="1998-02-21" ObjStrasseID="6479" ObjHausnummer="Friedrich-Ebert-Straße 33" ObjVorlage="2013-09-11 00:00:00.0" ObKeinKontakt="5" ObjArtID="1" Merkmal="0.0"/>
  <Objekte ObjID="8823" ObjAufnahme="1998-02-21" ObjStrasseID="5216" ObjHausnummer="Schachtstraße 1" ObjVorlage="2013-09-11 00:00:00.0" ObKeinKontakt="5" ObjArtID="1" Merkmal="0.0"/>
  <Objekte ObjID="8825" ObjAufnahme="1998-02-21" ObjStrasseID="8638" ObjHausnummer="Wilhelmstraße 5" ObjVorlage="2013-09-11 00:00:00.0" ObKeinKontakt="5" ObjArtID="14" Merkmal="0.0"/>
  <Objekte ObjID="8826" ObjAufnahme="1998-02-21" ObjStrasseID="8638" ObjHausnummer="Wilhelmstraße 6" ObjVorlage="2013-09-11 00:00:00.0" ObKeinKontakt="5" ObjArtID="15" Merkmal="0.0"/>
  <Objekte ObjID="8827" ObjAufnahme="1998-02-21" ObjStrasseID="8638" ObjHausnummer="Wilhelmstraße 5" ObjVorlage="2013-09-11 00:00:00.0" ObKeinKontakt="5" ObjArtID="46" Merkmal="0.0"/>
  <Objekte ObjID="8828" ObjAufnahme="1997-12-02" ObjLetztKontakt="1997-12-02" ObjStrasseID="4340" ObjHausnummer="Nienburger Straße 62" ObjVorlage="2013-09-11 00:00:00.0" ObKeinKontakt="5" ObjArtID="5" Merkmal="0.9999999999999999" ObjInfo="Hotel/1900/92/1,550"/>
  <Objekte ObjID="8829" ObjAufnahme="1998-02-21" ObjStrasseID="8512" ObjHausnummer="Wallmodenstraße 47" ObjVorlage="2013-09-11 00:00:00.0" ObKeinKontakt="5" ObjArtID="1" Merkmal="0.0" ObjInfo="14WE/1958/287/4,5"/>
  <Objekte ObjID="8830" ObjAufnahme="1997-12-09" ObjLetztKontakt="1997-12-09" ObjStrasseID="8137" ObjHausnummer="Schwarzer Bär 4" ObjVorlage="2013-09-11 00:00:00.0" ObKeinKontakt="5" ObjArtID="9" Merkmal="0.0" ObjInfo="Erbengemeinschaft Dunkelberg"/>
  <Objekte ObjID="8846" ObjAufnahme="1997-12-27" ObjLetztKontakt="1997-12-27" ObjStrasseID="7860" ObjHausnummer="Rehbockstraße 30" ObjVorlage="2013-09-11 00:00:00.0" ObKeinKontakt="5" ObjArtID="1" Merkmal="0.9999999999999999"/>
  <Objekte ObjID="8850" ObjAufnahme="1998-01-01" ObjLetztKontakt="1998-01-01" ObjStrasseID="7220" ObjHausnummer="Königsworther Straße 16" ObjVorlage="2013-09-11 00:00:00.0" ObKeinKontakt="5" ObjArtID="35" Merkmal="0.0"/>
  <Objekte ObjID="8863" ObjAufnahme="1998-01-05" ObjLetztKontakt="1998-01-05" ObjStrasseID="3749" ObjHausnummer="Hermann Löns Straße 7" ObjVorlage="2013-09-11 00:00:00.0" ObKeinKontakt="5" ObjArtID="20" Merkmal="0.0" ObjInfo="575/190/100/670/Grg./Ke./65 teilren."/>
  <Objekte ObjID="8864" ObjAufnahme="1998-01-05" ObjLetztKontakt="1998-01-05" ObjStrasseID="2819" ObjHausnummer="Adelheidstraße 10" ObjVorlage="2013-09-11 00:00:00.0" ObKeinKontakt="5" ObjArtID="25" Merkmal="0.0"/>
  <Objekte ObjID="8865" ObjAufnahme="1998-01-07" ObjLetztKontakt="1998-01-07" ObjStrasseID="8417" ObjHausnummer="Tulpenstraße 7" ObjVorlage="2013-09-11 00:00:00.0" ObKeinKontakt="5" ObjArtID="14" Merkmal="0.0"/>
  <Objekte ObjID="8866" ObjAufnahme="1998-01-07" ObjLetztKontakt="1998-01-07" ObjStrasseID="8056" ObjHausnummer="Schaumburgstraße 12" ObjVorlage="2013-09-11 00:00:00.0" ObKeinKontakt="5" ObjArtID="1" Merkmal="0.0"/>
  <Objekte ObjID="8867" ObjAufnahme="1998-01-09" ObjLetztKontakt="1998-01-09" ObjStrasseID="5524" ObjHausnummer="Edith-Stein-Straße 40" ObjVorlage="2013-09-11 00:00:00.0" ObKeinKontakt="5" ObjArtID="8" Merkmal="0.0"/>
  <Objekte ObjID="8868" ObjAufnahme="1998-01-09" ObjLetztKontakt="1998-01-09" ObjStrasseID="5525" ObjHausnummer="Celler Straße 25" ObjVorlage="2013-09-11 00:00:00.0" ObKeinKontakt="5" ObjArtID="28" Merkmal="0.0" ObjInfo="2WE/SB-Markt/180/2,1"/>
  <Objekte ObjID="8869" ObjAufnahme="1998-01-09" ObjLetztKontakt="1998-01-09" ObjStrasseID="5525" ObjHausnummer="Celler Straße 25A" ObjVorlage="2013-09-11 00:00:00.0" ObKeinKontakt="5" ObjArtID="28" Merkmal="0.0"/>
  <Objekte ObjID="8870" ObjAufnahme="1998-01-09" ObjLetztKontakt="1998-01-09" ObjStrasseID="5526" ObjHausnummer="Bahnhofstraße 48" ObjVorlage="2013-09-11 00:00:00.0" ObKeinKontakt="5" ObjArtID="28" Merkmal="0.0" ObjInfo="SB-Markt/1996/209/2,550"/>
  <Objekte ObjID="8871" ObjAufnahme="1998-01-09" ObjLetztKontakt="1998-01-09" ObjStrasseID="5527" ObjVorlage="2013-09-11 00:00:00.0" ObKeinKontakt="5" ObjArtID="28" Merkmal="0.0" ObjInfo="SB-Markt/94/95/266/3,350"/>
  <Objekte ObjID="8873" ObjAufnahme="1998-01-09" ObjLetztKontakt="1998-01-09" ObjStrasseID="4803" ObjHausnummer="Steller Straße 2" ObjVorlage="2013-09-11 00:00:00.0" ObKeinKontakt="5" ObjArtID="8" Merkmal="0.0"/>
  <Objekte ObjID="8874" ObjAufnahme="1998-01-13" ObjLetztKontakt="1998-01-13" ObjStrasseID="4096" ObjVorlage="2013-09-11 00:00:00.0" ObKeinKontakt="5" ObjArtID="8" Merkmal="0.0"/>
  <Objekte ObjID="8875" ObjAufnahme="1998-01-14" ObjLetztKontakt="1998-01-14" ObjStrasseID="8336" ObjHausnummer="Sutelstraße 23" ObjVorlage="2013-09-11 00:00:00.0" ObKeinKontakt="5" ObjArtID="36" Merkmal="0.0"/>
  <Objekte ObjID="8877" ObjAufnahme="1998-01-21" ObjLetztKontakt="1998-01-21" ObjStrasseID="8001" ObjVorlage="2013-09-11 00:00:00.0" ObKeinKontakt="5" ObjArtID="28" Merkmal="0.0"/>
  <Objekte ObjID="8878" ObjAufnahme="1998-01-21" ObjLetztKontakt="1998-01-21" ObjStrasseID="8001" ObjVorlage="2013-09-11 00:00:00.0" ObKeinKontakt="5" ObjArtID="8" Merkmal="0.0"/>
  <Objekte ObjID="8879" ObjAufnahme="1998-01-21" ObjLetztKontakt="1998-01-21" ObjStrasseID="8001" ObjHausnummer="Friedrichstraße 7A" ObjVorlage="2013-09-11 00:00:00.0" ObKeinKontakt="5" ObjArtID="8" Merkmal="0.0"/>
  <Objekte ObjID="8880" ObjAufnahme="1998-01-21" ObjLetztKontakt="1998-01-21" ObjStrasseID="7704" ObjHausnummer="Osterstraße 3" ObjVorlage="2013-09-11 00:00:00.0" ObKeinKontakt="5" ObjArtID="38" Merkmal="0.0"/>
  <Objekte ObjID="8881" ObjAufnahme="1998-01-21" ObjLetztKontakt="1998-01-21" ObjStrasseID="6032" ObjHausnummer="Bornhof 14" ObjVorlage="2013-09-11 00:00:00.0" ObKeinKontakt="5" ObjArtID="1" Merkmal="0.9999999999999999" ObjInfo="11WE/1974/112,5/1,975"/>
  <Objekte ObjID="8882" ObjAufnahme="1998-01-21" ObjLetztKontakt="1998-01-21" ObjStrasseID="6032" ObjHausnummer="Bornhof 14A" ObjVorlage="2013-09-11 00:00:00.0" ObKeinKontakt="5" ObjArtID="1" Merkmal="0.9999999999999999"/>
  <Objekte ObjID="8883" ObjAufnahme="1998-01-21" ObjLetztKontakt="1998-01-21" ObjStrasseID="6032" ObjHausnummer="Bornhof 14B" ObjVorlage="2013-09-11 00:00:00.0" ObKeinKontakt="5" ObjArtID="1" Merkmal="0.9999999999999999"/>
  <Objekte ObjID="8884" ObjAufnahme="1998-01-21" ObjLetztKontakt="1998-01-21" ObjStrasseID="7191" ObjHausnummer="Kniestraße 21" ObjVorlage="2013-09-11 00:00:00.0" ObKeinKontakt="5" ObjArtID="1" Merkmal="0.0" ObjInfo="1979: Jürgen Kraus, Ludwigshafen und Inge Kampmann, Düsseldorf, Lenstr. 61"/>
  <Objekte ObjID="8885" ObjAufnahme="1998-01-21" ObjLetztKontakt="1998-01-21" ObjStrasseID="7191" ObjHausnummer="Kniestraße 21A" ObjVorlage="2013-09-11 00:00:00.0" ObKeinKontakt="5" ObjArtID="1" Merkmal="0.0"/>
  <Objekte ObjID="8886" ObjAufnahme="1998-01-21" ObjLetztKontakt="1998-01-21" ObjStrasseID="3768" ObjHausnummer="Hildesheimer Straße 375A" ObjVorlage="2013-09-11 00:00:00.0" ObKeinKontakt="5" ObjArtID="1" Merkmal="0.0" ObjInfo="24WE/1972/199/2,85"/>
  <Objekte ObjID="8887" ObjAufnahme="1998-01-22" ObjLetztKontakt="1998-01-22" ObjStrasseID="3768" ObjHausnummer="Hildesheimer Straße 45" ObjVorlage="2013-09-11 00:00:00.0" ObKeinKontakt="5" ObjArtID="1" Merkmal="0.0" ObjInfo="49WE/1962/335/4,4"/>
  <Objekte ObjID="8888" ObjAufnahme="1998-01-22" ObjLetztKontakt="1998-01-22" ObjStrasseID="7564" ObjHausnummer="Mönchekamp 4B" ObjVorlage="2013-09-11 00:00:00.0" ObKeinKontakt="5" ObjArtID="14" Merkmal="0.0"/>
  <Objekte ObjID="8889" ObjAufnahme="1998-01-23" ObjLetztKontakt="1998-01-23" ObjStrasseID="8731" ObjHausnummer="Händelstraße 6" ObjVorlage="2013-09-11 00:00:00.0" ObKeinKontakt="5" ObjArtID="1" Merkmal="0.0"/>
  <Objekte ObjID="8890" ObjAufnahme="1998-01-23" ObjLetztKontakt="1998-01-23" ObjStrasseID="8113" ObjHausnummer="Schulenburger Landstraße 7" ObjVorlage="2013-09-11 00:00:00.0" ObKeinKontakt="5" ObjArtID="1" Merkmal="0.0" ObjInfo="5WE/1966/38/500"/>
  <Objekte ObjID="8891" ObjAufnahme="1998-01-26" ObjLetztKontakt="1998-01-26" ObjStrasseID="6561" ObjHausnummer="Geveker Kamp 40" ObjVorlage="2013-09-11 00:00:00.0" ObKeinKontakt="5" ObjArtID="8" Merkmal="0.0"/>
  <Objekte ObjID="8892" ObjAufnahme="1998-01-27" ObjLetztKontakt="1998-01-27" ObjStrasseID="7326" ObjHausnummer="Lavesstraße 11A" ObjVorlage="2013-09-11 00:00:00.0" ObKeinKontakt="5" ObjArtID="11" Merkmal="0.0"/>
  <Objekte ObjID="8894" ObjAufnahme="1998-01-27" ObjLetztKontakt="1998-01-27" ObjStrasseID="8056" ObjHausnummer="Schaumburgstraße 18" ObjVorlage="2013-09-11 00:00:00.0" ObKeinKontakt="5" ObjArtID="11" Merkmal="0.0"/>
  <Objekte ObjID="8896" ObjAufnahme="1998-01-28" ObjLetztKontakt="1998-01-28" ObjStrasseID="6747" ObjHausnummer="Hartenbrakenstraße 47" ObjVorlage="2013-09-11 00:00:00.0" ObKeinKontakt="5" ObjArtID="8" Merkmal="0.0"/>
  <Objekte ObjID="8897" ObjAufnahme="1998-01-28" ObjLetztKontakt="1998-01-28" ObjStrasseID="8556" ObjHausnummer="Weidetorstraße 20" ObjVorlage="2013-09-11 00:00:00.0" ObKeinKontakt="5" ObjArtID="12" Merkmal="0.0"/>
  <Objekte ObjID="8898" ObjAufnahme="1998-01-29" ObjLetztKontakt="1998-01-29" ObjStrasseID="8305" ObjHausnummer="Stolzestraße 27" ObjVorlage="2013-09-11 00:00:00.0" ObKeinKontakt="5" ObjArtID="14" Merkmal="0.0"/>
  <Objekte ObjID="8899" ObjAufnahme="1998-01-29" ObjLetztKontakt="1998-01-29" ObjStrasseID="5852" ObjVorlage="2013-09-11 00:00:00.0" ObKeinKontakt="5" ObjArtID="8" Merkmal="0.0"/>
  <Objekte ObjID="8902" ObjAufnahme="1998-01-29" ObjLetztKontakt="1998-01-29" ObjStrasseID="7518" ObjHausnummer="Mendelssohnstraße 2" ObjVorlage="2013-09-11 00:00:00.0" ObKeinKontakt="5" ObjArtID="104" Merkmal="0.0"/>
  <Objekte ObjID="8903" ObjAufnahme="1998-01-30" ObjLetztKontakt="2004-11-11" ObjStrasseID="8380" ObjHausnummer="Tiergartenstraße 48" ObjVorlage="2013-09-11 00:00:00.0" ObKeinKontakt="5" ObjArtID="14" Merkmal="0.0"/>
  <Objekte ObjID="8904" ObjAufnahme="1998-02-21" ObjStrasseID="7553" ObjHausnummer="Möckernstraße 30" ObjVorlage="2013-09-11 00:00:00.0" ObKeinKontakt="1" ObjArtID="1" Merkmal="0.0" ObjInfo="Eigentümer 79 :   Mieter: o Grenzschutz- u. Bahnpolizeiamt Hannover 6795-0,Bundesvermögensamt Hannover 6744-250,Bundesvermögensamt Hannover 6744-0,Grenzschutz- u. Bahnpolizeiamt Hannover 6795-309,Jakubzik Nadja 5124172,Jochim Heinz-E. 638080"/>
  <Objekte ObjID="8905" ObjAufnahme="1998-02-21" ObjStrasseID="7553" ObjHausnummer="Möckernstraße 31" ObjVorlage="2013-09-11 00:00:00.0" ObKeinKontakt="1" ObjArtID="1" Merkmal="0.0" ObjInfo="Eigentümer 79 :   Mieter: Bierwirth 375717,Druckerei Michael Heiland 634114,Elektro Özbek 371246,Islev Hüseyin Ali 637462,Layoutsatz Michael Heiland GmbH 634114,Özbek Dirk 371246,WELCKER Sanitär Heizung Werkzeug 96353-0"/>
  <Objekte ObjID="8906" ObjAufnahme="1998-02-21" ObjStrasseID="7553" ObjHausnummer="Möckernstraße 36" ObjVorlage="2013-09-11 00:00:00.0" ObKeinKontakt="1" ObjArtID="1" Merkmal="0.0" ObjInfo="Eigentümer 79 :   Mieter: Boortz Otto 637100,Heldt K. 639172,Lenz Grete 672817,Schäfer Georg 672335"/>
  <Objekte ObjID="8907" ObjAufnahme="1998-02-21" ObjStrasseID="7553" ObjHausnummer="Möckernstraße 37" ObjVorlage="2013-09-11 00:00:00.0" ObKeinKontakt="1" ObjArtID="1" Merkmal="0.0" ObjInfo="Eigentümer 79 :   Mieter: Gnoss Helmut 672718,Köhn Andreas 635511,Niehof Paulheinz 636584,Terjung Heinz 637892,Wilhelm Manfred 638496"/>
  <Objekte ObjID="8908" ObjAufnahme="1998-02-21" ObjStrasseID="7553" ObjHausnummer="Möckernstraße 38" ObjVorlage="2013-09-11 00:00:00.0" ObKeinKontakt="1" ObjArtID="1" Merkmal="0.0" ObjInfo="Eigentümer 79 :   Mieter: Miroska Karlheinz 371729,Prahl Carsten 673366,Schüßler Carsten 375337,Sirek Bütent 631696"/>
  <Objekte ObjID="8909" ObjAufnahme="1998-02-04" ObjLetztKontakt="1998-02-04" ObjStrasseID="6676" ObjHausnummer="Güntherstraße 8" ObjVorlage="2013-09-11 00:00:00.0" ObKeinKontakt="5" ObjArtID="1" Merkmal="0.0"/>
  <Objekte ObjID="8911" ObjAufnahme="1998-02-05" ObjLetztKontakt="1998-02-05" ObjStrasseID="8775" ObjHausnummer="Wietzering 16" ObjVorlage="2013-09-11 00:00:00.0" ObKeinKontakt="5" ObjArtID="8" Merkmal="0.0"/>
  <Objekte ObjID="8912" ObjAufnahme="1998-02-05" ObjLetztKontakt="1998-02-05" ObjStrasseID="7035" ObjVorlage="2013-09-11 00:00:00.0" ObKeinKontakt="5" ObjArtID="13" Merkmal="0.0"/>
  <Objekte ObjID="8915" ObjAufnahme="1998-02-05" ObjLetztKontakt="1998-02-05" ObjStrasseID="8777" ObjHausnummer="Theodor-Storm-Straße 20" ObjVorlage="2013-09-11 00:00:00.0" ObKeinKontakt="5" ObjArtID="14" Merkmal="0.0"/>
  <Objekte ObjID="8917" ObjAufnahme="1998-02-09" ObjLetztKontakt="1998-02-09" ObjStrasseID="6782" ObjHausnummer="Heidering 58C" ObjVorlage="2013-09-11 00:00:00.0" ObKeinKontakt="5" ObjArtID="14" Merkmal="0.0"/>
  <Objekte ObjID="8929" ObjAufnahme="1998-02-10" ObjStrasseID="7039" ObjHausnummer="Isernhagener Straße 14A" ObjVorlage="2013-09-11 00:00:00.0" ObKeinKontakt="1" ObjArtID="1" Merkmal="0.0"/>
  <Objekte ObjID="8932" ObjAufnahme="1998-02-11" ObjLetztKontakt="1998-02-11" ObjStrasseID="7090" ObjHausnummer="Kantplatz 1" ObjVorlage="2013-09-11 00:00:00.0" ObKeinKontakt="3" ObjArtID="1" Merkmal="0.0" ObjInfo="Haus von 1903, 140, 130, 140 m² baujahr 1903, Gasetagenheizungen, unten Parkett, Parterre Bad neu, 2.OG Wohnung neu, 1.2 Mio nicht genug"/>
  <Objekte ObjID="8933" ObjAufnahme="1998-02-11" ObjStrasseID="7090" ObjHausnummer="Kantplatz 2" ObjVorlage="2013-09-11 00:00:00.0" ObKeinKontakt="1" ObjArtID="1" Merkmal="0.0" ObjInfo="1979 . Dr.H.Schuster"/>
  <Objekte ObjID="8934" ObjAufnahme="1998-02-11" ObjStrasseID="7090" ObjHausnummer="Kantplatz 3" ObjVorlage="2013-09-11 00:00:00.0" ObKeinKontakt="1" ObjArtID="1" Merkmal="0.0" ObjInfo="1979 : Thomas, Jenaer Weg 32, im Haus wohnt Dr.Stefan Thomas"/>
  <Objekte ObjID="8935" ObjAufnahme="1998-02-11" ObjStrasseID="7090" ObjHausnummer="Kantplatz 4" ObjVorlage="2013-09-11 00:00:00.0" ObKeinKontakt="1" ObjArtID="1" Merkmal="0.0" ObjInfo="1979: A.Radtke Sedanstraße 30"/>
  <Objekte ObjID="8936" ObjAufnahme="1998-02-11" ObjStrasseID="7090" ObjHausnummer="Kantplatz 5" ObjVorlage="2013-09-11 00:00:00.0" ObKeinKontakt="1" ObjArtID="1" Merkmal="0.0" ObjInfo="1979: Dipl. Ing H.Thiele Bielefeld"/>
  <Objekte ObjID="8937" ObjAufnahme="1998-02-11" ObjLetztKontakt="1998-02-13" ObjStrasseID="7090" ObjHausnummer="Kantplatz 6" ObjVorlage="2013-09-11 00:00:00.0" ObKeinKontakt="2" ObjArtID="1" Merkmal="0.0"/>
  <Objekte ObjID="8938" ObjAufnahme="1998-02-11" ObjLetztKontakt="1998-02-13" ObjStrasseID="7090" ObjHausnummer="Kantplatz 7" ObjVorlage="2013-09-11 00:00:00.0" ObKeinKontakt="2" ObjArtID="1" Merkmal="0.0" ObjInfo="1979: Dr. L. Wojnke"/>
  <Objekte ObjID="8939" ObjAufnahme="1998-02-11" ObjLetztKontakt="1998-02-13" ObjStrasseID="7090" ObjHausnummer="Kantplatz 8" ObjVorlage="2013-09-11 00:00:00.0" ObKeinKontakt="4" ObjArtID="1" Merkmal="0.0" ObjInfo="1979: Dr.E.Brenske, Kaulbachstraße 13"/>
  <Objekte ObjID="8942" ObjAufnahme="1998-02-12" ObjLetztKontakt="1998-02-12" ObjStrasseID="5824" ObjHausnummer="Asternstraße 27" ObjVorlage="2013-09-11 00:00:00.0" ObKeinKontakt="5" ObjArtID="55" Merkmal="0.0"/>
  <Objekte ObjID="8944" ObjAufnahme="1998-02-13" ObjLetztKontakt="1998-02-13" ObjStrasseID="8789" ObjHausnummer="Parcela 565" ObjVorlage="2013-09-11 00:00:00.0" ObKeinKontakt="5" ObjArtID="10" Merkmal="0.0"/>
  <Objekte ObjID="8945" ObjAufnahme="1998-02-13" ObjStrasseID="7040" ObjHausnummer="Isernhagener Straße 64" ObjVorlage="2013-09-11 00:00:00.0" ObKeinKontakt="1" ObjArtID="1" Merkmal="0.0"/>
  <Objekte ObjID="8946" ObjAufnahme="1998-02-13" ObjStrasseID="7040" ObjHausnummer="Isernhagener Straße 88A" ObjVorlage="2013-09-11 00:00:00.0" ObKeinKontakt="1" ObjArtID="1" Merkmal="0.0"/>
  <Objekte ObjID="8947" ObjAufnahme="1998-02-13" ObjStrasseID="7040" ObjHausnummer="Isernhagener Straße 95A" ObjVorlage="2013-09-11 00:00:00.0" ObKeinKontakt="1" ObjArtID="1" Merkmal="0.0"/>
  <Objekte ObjID="8950" ObjAufnahme="1998-02-20" ObjLetztKontakt="1998-02-20" ObjStrasseID="7207" ObjHausnummer="Koldinger Straße 17" ObjVorlage="2013-09-11 00:00:00.0" ObKeinKontakt="5" ObjArtID="21" Merkmal="0.0"/>
  <Objekte ObjID="8951" ObjAufnahme="1998-02-20" ObjLetztKontakt="1998-02-20" ObjStrasseID="5464" ObjHausnummer="Im Bauverein 25" ObjVorlage="2013-09-11 00:00:00.0" ObKeinKontakt="5" ObjArtID="8" Merkmal="0.0"/>
  <Objekte ObjID="8952" ObjAufnahme="1998-02-20" ObjLetztKontakt="1998-02-20" ObjStrasseID="8802" ObjHausnummer="Rolover Kirchweg 6" ObjVorlage="2013-09-11 00:00:00.0" ObKeinKontakt="5" ObjArtID="8" Merkmal="0.0"/>
  <Objekte ObjID="8955" ObjAufnahme="1998-02-20" ObjLetztKontakt="1998-02-20" ObjStrasseID="8805" ObjHausnummer="Im Rolover Kirchweg 6" ObjVorlage="2013-09-11 00:00:00.0" ObKeinKontakt="5" ObjArtID="8" Merkmal="0.0"/>
  <Objekte ObjID="8957" ObjAufnahme="1998-02-23" ObjLetztKontakt="1998-02-23" ObjStrasseID="8808" ObjHausnummer="Birkenweg 1" ObjVorlage="2013-09-11 00:00:00.0" ObKeinKontakt="5" ObjArtID="21" Merkmal="0.0" ObjInfo="678/176/-/780/Grg./Ke./-/78"/>
  <Objekte ObjID="8958" ObjAufnahme="1998-02-23" ObjLetztKontakt="1998-02-23" ObjStrasseID="8428" ObjHausnummer="Uhdestraße 4" ObjVorlage="2013-09-11 00:00:00.0" ObKeinKontakt="2" ObjArtID="104" Merkmal="0.0"/>
  <Objekte ObjID="8959" ObjAufnahme="1998-02-23" ObjLetztKontakt="1998-02-23" ObjStrasseID="6434" ObjHausnummer="Flüggestraße 13" ObjVorlage="2013-09-11 00:00:00.0" ObKeinKontakt="5" ObjArtID="168" Merkmal="0.0"/>
  <Objekte ObjID="8960" ObjAufnahme="1998-02-24" ObjLetztKontakt="1998-02-24" ObjStrasseID="3389" ObjHausnummer="Eiselenweg 34" ObjVorlage="2013-09-11 00:00:00.0" ObKeinKontakt="5" ObjArtID="21" Merkmal="0.0"/>
  <Objekte ObjID="8964" ObjAufnahme="1998-02-26" ObjLetztKontakt="1998-02-26" ObjStrasseID="8150" ObjHausnummer="Sedanstraße 42" ObjVorlage="2013-09-11 00:00:00.0" ObKeinKontakt="5" ObjArtID="1" Merkmal="0.0"/>
  <Objekte ObjID="8966" ObjAufnahme="1998-02-27" ObjStrasseID="7192" ObjHausnummer="Kniggestraße 3" ObjVorlage="2013-09-11 00:00:00.0" ObKeinKontakt="1" ObjArtID="1" Merkmal="0.0"/>
  <Objekte ObjID="8967" ObjAufnahme="1998-02-27" ObjStrasseID="7192" ObjHausnummer="Kniggestraße 4" ObjVorlage="2013-09-11 00:00:00.0" ObKeinKontakt="1" ObjArtID="1" Merkmal="0.0"/>
  <Objekte ObjID="8968" ObjAufnahme="1998-02-27" ObjStrasseID="7192" ObjHausnummer="Kniggestraße 5" ObjVorlage="2013-09-11 00:00:00.0" ObKeinKontakt="1" ObjArtID="8" Merkmal="0.0"/>
  <Objekte ObjID="8969" ObjAufnahme="1998-02-27" ObjStrasseID="7192" ObjHausnummer="Kniggestraße 6" ObjVorlage="2013-09-11 00:00:00.0" ObKeinKontakt="1" ObjArtID="1" Merkmal="0.0"/>
  <Objekte ObjID="8970" ObjAufnahme="1998-02-27" ObjStrasseID="7192" ObjHausnummer="Kniggestraße 7" ObjVorlage="2013-09-11 00:00:00.0" ObKeinKontakt="1" ObjArtID="1" Merkmal="0.0"/>
  <Objekte ObjID="8971" ObjAufnahme="1998-02-27" ObjStrasseID="7192" ObjHausnummer="Kniggestraße 8" ObjVorlage="2013-09-11 00:00:00.0" ObKeinKontakt="1" ObjArtID="1" Merkmal="0.0"/>
  <Objekte ObjID="8972" ObjAufnahme="1998-02-27" ObjStrasseID="7192" ObjHausnummer="Kniggestraße 9" ObjVorlage="2013-09-11 00:00:00.0" ObKeinKontakt="1" ObjArtID="1" Merkmal="0.0"/>
  <Objekte ObjID="8973" ObjAufnahme="1998-02-27" ObjLetztKontakt="1998-02-27" ObjStrasseID="7192" ObjHausnummer="Kniggestraße 12" ObjVorlage="2013-09-11 00:00:00.0" ObKeinKontakt="1" ObjArtID="8" Merkmal="0.0"/>
  <Objekte ObjID="8974" ObjAufnahme="1998-02-27" ObjLetztKontakt="1998-02-27" ObjStrasseID="7192" ObjHausnummer="Kniggestraße 1" ObjVorlage="2013-09-11 00:00:00.0" ObKeinKontakt="1" ObjArtID="8" Merkmal="0.0"/>
  <Objekte ObjID="8975" ObjAufnahme="1998-02-28" ObjStrasseID="7192" ObjVorlage="2013-09-11 00:00:00.0" ObKeinKontakt="1" ObjArtID="1" Merkmal="0.0"/>
  <Objekte ObjID="8980" ObjAufnahme="1998-03-04" ObjStrasseID="6453" ObjHausnummer="Franziusweg 1" ObjVorlage="2013-09-11 00:00:00.0" ObKeinKontakt="5" ObjArtID="8" Merkmal="0.0"/>
  <Objekte ObjID="8981" ObjAufnahme="1998-03-04" ObjStrasseID="6453" ObjHausnummer="Franziusweg 4" ObjVorlage="2013-09-11 00:00:00.0" ObKeinKontakt="1" ObjArtID="8" Merkmal="0.0"/>
  <Objekte ObjID="8982" ObjAufnahme="1998-03-04" ObjStrasseID="6453" ObjHausnummer="Franziusweg 3" ObjVorlage="2013-09-11 00:00:00.0" ObKeinKontakt="5" ObjArtID="1" Merkmal="0.0"/>
  <Objekte ObjID="8983" ObjAufnahme="1998-03-04" ObjStrasseID="6453" ObjHausnummer="Franziusweg 5" ObjVorlage="2013-09-11 00:00:00.0" ObKeinKontakt="1" ObjArtID="8" Merkmal="0.0"/>
  <Objekte ObjID="8984" ObjAufnahme="1998-03-04" ObjStrasseID="6453" ObjHausnummer="Franziusweg 7" ObjVorlage="2013-09-11 00:00:00.0" ObKeinKontakt="1" ObjArtID="8" Merkmal="0.0"/>
  <Objekte ObjID="8985" ObjAufnahme="1998-03-04" ObjStrasseID="6453" ObjHausnummer="Franziusweg 9" ObjVorlage="2013-09-11 00:00:00.0" ObKeinKontakt="1" ObjArtID="8" Merkmal="0.0"/>
  <Objekte ObjID="8986" ObjAufnahme="1998-03-04" ObjStrasseID="6453" ObjHausnummer="Franziusweg 11" ObjVorlage="2013-09-11 00:00:00.0" ObKeinKontakt="1" ObjArtID="8" Merkmal="0.0"/>
  <Objekte ObjID="8987" ObjAufnahme="1998-03-04" ObjStrasseID="6453" ObjHausnummer="Franziusweg 11A" ObjVorlage="2013-09-11 00:00:00.0" ObKeinKontakt="1" ObjArtID="8" Merkmal="0.0"/>
  <Objekte ObjID="8988" ObjAufnahme="1998-03-04" ObjStrasseID="6453" ObjHausnummer="Franziusweg 13" ObjVorlage="2013-09-11 00:00:00.0" ObKeinKontakt="1" ObjArtID="8" Merkmal="0.0"/>
  <Objekte ObjID="8989" ObjAufnahme="1998-03-04" ObjStrasseID="6453" ObjHausnummer="Franziusweg 6" ObjVorlage="2013-09-11 00:00:00.0" ObKeinKontakt="1" ObjArtID="8" Merkmal="0.0"/>
  <Objekte ObjID="8990" ObjAufnahme="1998-03-04" ObjStrasseID="6453" ObjHausnummer="Franziusweg 8" ObjVorlage="2013-09-11 00:00:00.0" ObKeinKontakt="1" ObjArtID="8" Merkmal="0.0"/>
  <Objekte ObjID="8991" ObjAufnahme="1998-03-04" ObjStrasseID="6453" ObjHausnummer="Franziusweg 15" ObjVorlage="2013-09-11 00:00:00.0" ObKeinKontakt="1" ObjArtID="8" Merkmal="0.0"/>
  <Objekte ObjID="8992" ObjAufnahme="1998-03-04" ObjStrasseID="6453" ObjHausnummer="Franziusweg 17" ObjVorlage="2013-09-11 00:00:00.0" ObKeinKontakt="1" ObjArtID="8" Merkmal="0.0"/>
  <Objekte ObjID="8993" ObjAufnahme="1998-03-04" ObjStrasseID="6453" ObjHausnummer="Franziusweg 19" ObjVorlage="2013-09-11 00:00:00.0" ObKeinKontakt="1" ObjArtID="8" Merkmal="0.0"/>
  <Objekte ObjID="8994" ObjAufnahme="1998-03-04" ObjStrasseID="6453" ObjHausnummer="Franziusweg 21" ObjVorlage="2013-09-11 00:00:00.0" ObKeinKontakt="1" ObjArtID="8" Merkmal="0.0"/>
  <Objekte ObjID="8995" ObjAufnahme="1998-03-04" ObjStrasseID="6453" ObjHausnummer="Franziusweg 23" ObjVorlage="2013-09-11 00:00:00.0" ObKeinKontakt="1" ObjArtID="8" Merkmal="0.0"/>
  <Objekte ObjID="8996" ObjAufnahme="1998-03-04" ObjStrasseID="6453" ObjHausnummer="Franziusweg 23A" ObjVorlage="2013-09-11 00:00:00.0" ObKeinKontakt="1" ObjArtID="8" Merkmal="0.0"/>
  <Objekte ObjID="8997" ObjAufnahme="1998-03-04" ObjStrasseID="6453" ObjHausnummer="Franziusweg 10" ObjVorlage="2013-09-11 00:00:00.0" ObKeinKontakt="1" ObjArtID="8" Merkmal="0.0"/>
  <Objekte ObjID="8998" ObjAufnahme="1998-03-04" ObjStrasseID="6453" ObjHausnummer="Franziusweg 12" ObjVorlage="2013-09-11 00:00:00.0" ObKeinKontakt="1" ObjArtID="8" Merkmal="0.0"/>
  <Objekte ObjID="8999" ObjAufnahme="1998-03-04" ObjStrasseID="6453" ObjHausnummer="Franziusweg 14" ObjVorlage="2013-09-11 00:00:00.0" ObKeinKontakt="1" ObjArtID="8" Merkmal="0.0"/>
  <Objekte ObjID="9000" ObjAufnahme="1998-03-04" ObjStrasseID="6453" ObjHausnummer="Franziusweg 25" ObjVorlage="2013-09-11 00:00:00.0" ObKeinKontakt="1" ObjArtID="8" Merkmal="0.0"/>
  <Objekte ObjID="9001" ObjAufnahme="1998-03-04" ObjStrasseID="6453" ObjHausnummer="Franziusweg 27" ObjVorlage="2013-09-11 00:00:00.0" ObKeinKontakt="1" ObjArtID="8" Merkmal="0.0"/>
  <Objekte ObjID="9002" ObjAufnahme="1998-03-04" ObjStrasseID="6453" ObjHausnummer="Franziusweg 29" ObjVorlage="2013-09-11 00:00:00.0" ObKeinKontakt="1" ObjArtID="8" Merkmal="0.0"/>
  <Objekte ObjID="9003" ObjAufnahme="1998-03-04" ObjStrasseID="6453" ObjHausnummer="Franziusweg 31" ObjVorlage="2013-09-11 00:00:00.0" ObKeinKontakt="1" ObjArtID="8" Merkmal="0.0"/>
  <Objekte ObjID="9004" ObjAufnahme="1998-03-04" ObjStrasseID="6453" ObjHausnummer="Franziusweg 31A" ObjVorlage="2013-09-11 00:00:00.0" ObKeinKontakt="1" ObjArtID="8" Merkmal="0.0"/>
  <Objekte ObjID="9005" ObjAufnahme="1998-03-04" ObjStrasseID="6453" ObjHausnummer="Franziusweg 33" ObjVorlage="2013-09-11 00:00:00.0" ObKeinKontakt="1" ObjArtID="8" Merkmal="0.0"/>
  <Objekte ObjID="9006" ObjAufnahme="1998-03-04" ObjStrasseID="6453" ObjHausnummer="Franziusweg 35" ObjVorlage="2013-09-11 00:00:00.0" ObKeinKontakt="1" ObjArtID="8" Merkmal="0.0"/>
  <Objekte ObjID="9007" ObjAufnahme="1998-03-04" ObjStrasseID="6453" ObjHausnummer="Franziusweg 37" ObjVorlage="2013-09-11 00:00:00.0" ObKeinKontakt="1" ObjArtID="8" Merkmal="0.0"/>
  <Objekte ObjID="9008" ObjAufnahme="1998-03-04" ObjStrasseID="6453" ObjHausnummer="Franziusweg 39" ObjVorlage="2013-09-11 00:00:00.0" ObKeinKontakt="1" ObjArtID="8" Merkmal="0.0"/>
  <Objekte ObjID="9009" ObjAufnahme="1998-03-04" ObjStrasseID="6453" ObjHausnummer="Franziusweg 41" ObjVorlage="2013-09-11 00:00:00.0" ObKeinKontakt="1" ObjArtID="8" Merkmal="0.0"/>
  <Objekte ObjID="9011" ObjAufnahme="1998-03-04" ObjLetztKontakt="1998-03-04" ObjStrasseID="456" ObjHausnummer="Abelmannstraße 15" ObjVorlage="2013-09-11 00:00:00.0" ObKeinKontakt="5" ObjArtID="36" Merkmal="0.0"/>
  <Objekte ObjID="9013" ObjAufnahme="1998-07-15" ObjLetztKontakt="1999-07-08" ObjStrasseID="5828" ObjHausnummer="Auf dem Brinke 10" ObjVorlage="2013-09-11 00:00:00.0" ObKeinKontakt="4" ObjArtID="14" Merkmal="0.0" ObjInfo="21780920Blk."/>
  <Objekte ObjID="9014" ObjAufnahme="1998-03-04" ObjStrasseID="5606" ObjHausnummer="Am Bokemahle 17" ObjVorlage="2013-09-11 00:00:00.0" ObKeinKontakt="1" ObjArtID="11" Merkmal="0.0"/>
  <Objekte ObjID="9016" ObjAufnahme="1998-03-05" ObjStrasseID="6527" ObjHausnummer="Gaußstraße 2" ObjVorlage="2013-09-11 00:00:00.0" ObKeinKontakt="1" ObjArtID="18" Merkmal="0.0"/>
  <Objekte ObjID="9017" ObjAufnahme="1998-03-05" ObjStrasseID="6527" ObjHausnummer="Gaußstraße 1" ObjVorlage="2013-09-11 00:00:00.0" ObKeinKontakt="1" ObjArtID="22" Merkmal="0.0"/>
  <Objekte ObjID="9018" ObjAufnahme="1998-03-06" ObjLetztKontakt="1998-03-06" ObjStrasseID="6766" ObjHausnummer="Hausmannstraße 3" ObjVorlage="2013-09-11 00:00:00.0" ObKeinKontakt="5" ObjArtID="1" Merkmal="0.0"/>
  <Objekte ObjID="9020" ObjAufnahme="1998-03-06" ObjStrasseID="6527" ObjHausnummer="Gaußstraße 5" ObjVorlage="2013-09-11 00:00:00.0" ObKeinKontakt="1" ObjArtID="21" Merkmal="0.0"/>
  <Objekte ObjID="9021" ObjAufnahme="1998-03-06" ObjStrasseID="6527" ObjHausnummer="Gaußstraße 9" ObjVorlage="2013-09-11 00:00:00.0" ObKeinKontakt="1" ObjArtID="21" Merkmal="0.0"/>
  <Objekte ObjID="9022" ObjAufnahme="1998-03-06" ObjStrasseID="6527" ObjHausnummer="Gaußstraße 4" ObjVorlage="2013-09-11 00:00:00.0" ObKeinKontakt="1" ObjArtID="18" Merkmal="0.0"/>
  <Objekte ObjID="9023" ObjAufnahme="1998-03-06" ObjStrasseID="6527" ObjHausnummer="Gaußstraße 17" ObjVorlage="2013-09-11 00:00:00.0" ObKeinKontakt="1" ObjArtID="21" Merkmal="0.0"/>
  <Objekte ObjID="9024" ObjAufnahme="1998-03-06" ObjStrasseID="6527" ObjHausnummer="Gaußstraße 6" ObjVorlage="2013-09-11 00:00:00.0" ObKeinKontakt="1" ObjArtID="18" Merkmal="0.0"/>
  <Objekte ObjID="9025" ObjAufnahme="1998-03-06" ObjStrasseID="6527" ObjHausnummer="Gaußstraße 25" ObjVorlage="2013-09-11 00:00:00.0" ObKeinKontakt="1" ObjArtID="21" Merkmal="0.0"/>
  <Objekte ObjID="9026" ObjAufnahme="1998-03-06" ObjStrasseID="6527" ObjHausnummer="Gaußstraße 8" ObjVorlage="2013-09-11 00:00:00.0" ObKeinKontakt="1" ObjArtID="1" Merkmal="0.0"/>
  <Objekte ObjID="9027" ObjAufnahme="1998-03-06" ObjStrasseID="6527" ObjHausnummer="Gaußstraße 33" ObjVorlage="2013-09-11 00:00:00.0" ObKeinKontakt="1" ObjArtID="21" Merkmal="0.0"/>
  <Objekte ObjID="9028" ObjAufnahme="1998-03-06" ObjStrasseID="6527" ObjHausnummer="Gaußstraße 8A" ObjVorlage="2013-09-11 00:00:00.0" ObKeinKontakt="1" ObjArtID="5" Merkmal="0.0"/>
  <Objekte ObjID="9029" ObjAufnahme="1998-03-06" ObjStrasseID="6527" ObjHausnummer="Gaußstraße 10" ObjVorlage="2013-09-11 00:00:00.0" ObKeinKontakt="1" ObjArtID="1" Merkmal="0.0"/>
  <Objekte ObjID="9030" ObjAufnahme="1998-03-06" ObjStrasseID="7870" ObjHausnummer="Reinholdstraße 19" ObjVorlage="2013-09-11 00:00:00.0" ObKeinKontakt="1" ObjArtID="1" Merkmal="0.0"/>
  <Objekte ObjID="9032" ObjAufnahme="1998-03-06" ObjStrasseID="7870" ObjHausnummer="Reinholdstraße 17" ObjVorlage="2013-09-11 00:00:00.0" ObKeinKontakt="1" ObjArtID="37" Merkmal="0.0"/>
  <Objekte ObjID="9033" ObjAufnahme="1998-03-06" ObjStrasseID="7870" ObjHausnummer="Reinholdstraße 15" ObjVorlage="2013-09-11 00:00:00.0" ObKeinKontakt="1" ObjArtID="1" Merkmal="0.0"/>
  <Objekte ObjID="9034" ObjAufnahme="1998-03-06" ObjStrasseID="7870" ObjHausnummer="Reinholdstraße 13" ObjVorlage="2013-09-11 00:00:00.0" ObKeinKontakt="1" ObjArtID="1" Merkmal="0.0"/>
  <Objekte ObjID="9035" ObjAufnahme="1998-03-06" ObjStrasseID="7870" ObjHausnummer="Reinholdstraße 11" ObjVorlage="2013-09-11 00:00:00.0" ObKeinKontakt="1" ObjArtID="1" Merkmal="0.0"/>
  <Objekte ObjID="9036" ObjAufnahme="1998-03-06" ObjStrasseID="7870" ObjHausnummer="Reinholdstraße 9" ObjVorlage="2013-09-11 00:00:00.0" ObKeinKontakt="1" ObjArtID="1" Merkmal="0.0"/>
  <Objekte ObjID="9037" ObjAufnahme="1998-03-06" ObjStrasseID="7870" ObjHausnummer="Reinholdstraße 7" ObjVorlage="2013-09-11 00:00:00.0" ObKeinKontakt="1" ObjArtID="1" Merkmal="0.0"/>
  <Objekte ObjID="9038" ObjAufnahme="1998-03-06" ObjStrasseID="7870" ObjHausnummer="Reinholdstraße 5" ObjVorlage="2013-09-11 00:00:00.0" ObKeinKontakt="1" ObjArtID="1" Merkmal="0.0"/>
  <Objekte ObjID="9040" ObjAufnahme="1998-03-06" ObjLetztKontakt="1998-03-06" ObjStrasseID="6527" ObjHausnummer="Gaußstraße 3" ObjVorlage="2013-09-11 00:00:00.0" ObKeinKontakt="1" ObjArtID="22" Merkmal="0.0" ObjInfo="Foto wie Nr. 1"/>
  <Objekte ObjID="9041" ObjAufnahme="1998-03-06" ObjLetztKontakt="1998-03-06" ObjStrasseID="6527" ObjHausnummer="Gaußstraße 7" ObjVorlage="2013-09-11 00:00:00.0" ObKeinKontakt="1" ObjArtID="22" Merkmal="0.0" ObjInfo="Foto wie 5"/>
  <Objekte ObjID="9042" ObjAufnahme="1998-03-06" ObjLetztKontakt="1998-03-06" ObjStrasseID="6527" ObjHausnummer="Gaußstraße 11" ObjVorlage="2013-09-11 00:00:00.0" ObKeinKontakt="1" ObjArtID="21" Merkmal="0.0" ObjInfo="wie HausNr.9"/>
  <Objekte ObjID="9043" ObjAufnahme="1998-03-06" ObjLetztKontakt="1998-03-06" ObjStrasseID="6527" ObjHausnummer="Gaußstraße 13" ObjVorlage="2013-09-11 00:00:00.0" ObKeinKontakt="1" ObjArtID="21" Merkmal="0.0" ObjInfo="wie HausNr. 9"/>
  <Objekte ObjID="9044" ObjAufnahme="1998-03-06" ObjLetztKontakt="1998-03-06" ObjStrasseID="6527" ObjHausnummer="Gaußstraße 15" ObjVorlage="2013-09-11 00:00:00.0" ObKeinKontakt="1" ObjArtID="22" Merkmal="0.0" ObjInfo="wie Haus 9"/>
  <Objekte ObjID="9045" ObjAufnahme="1998-03-06" ObjLetztKontakt="1998-03-06" ObjStrasseID="6527" ObjHausnummer="Gaußstraße 19" ObjVorlage="2013-09-11 00:00:00.0" ObKeinKontakt="1" ObjArtID="21" Merkmal="0.0" ObjInfo="wie Haus-Nr 17"/>
  <Objekte ObjID="9046" ObjAufnahme="1998-03-06" ObjLetztKontakt="1998-03-06" ObjStrasseID="6527" ObjHausnummer="Gaußstraße 21" ObjVorlage="2013-09-11 00:00:00.0" ObKeinKontakt="1" ObjArtID="21" Merkmal="0.0" ObjInfo="wie Haus-Nr. 17"/>
  <Objekte ObjID="9047" ObjAufnahme="1998-03-06" ObjLetztKontakt="1998-03-06" ObjStrasseID="6527" ObjHausnummer="Gaußstraße 23" ObjVorlage="2013-09-11 00:00:00.0" ObKeinKontakt="1" ObjArtID="22" Merkmal="0.0" ObjInfo="wie haus-Nr. 17"/>
  <Objekte ObjID="9048" ObjAufnahme="1998-03-06" ObjLetztKontakt="1998-03-06" ObjStrasseID="6527" ObjHausnummer="Gaußstraße 27" ObjVorlage="2013-09-11 00:00:00.0" ObKeinKontakt="1" ObjArtID="21" Merkmal="0.0" ObjInfo="Foto wie haus-Nr. 25"/>
  <Objekte ObjID="9049" ObjAufnahme="1998-03-06" ObjLetztKontakt="1998-03-06" ObjStrasseID="6527" ObjHausnummer="Gaußstraße 29" ObjVorlage="2013-09-11 00:00:00.0" ObKeinKontakt="1" ObjArtID="21" Merkmal="0.0" ObjInfo="wie haus-Nr.25"/>
  <Objekte ObjID="9050" ObjAufnahme="1998-03-06" ObjLetztKontakt="1998-03-06" ObjStrasseID="6527" ObjHausnummer="Gaußstraße 31" ObjVorlage="2013-09-11 00:00:00.0" ObKeinKontakt="1" ObjArtID="22" Merkmal="0.0" ObjInfo="wie Haus-Nr 25"/>
  <Objekte ObjID="9051" ObjAufnahme="1998-03-06" ObjLetztKontakt="1998-03-06" ObjStrasseID="6527" ObjHausnummer="Gaußstraße 35" ObjVorlage="2013-09-11 00:00:00.0" ObKeinKontakt="1" ObjArtID="21" Merkmal="0.0" ObjInfo="wie Haus-Nr. 33"/>
  <Objekte ObjID="9052" ObjAufnahme="1998-03-06" ObjLetztKontakt="1998-03-06" ObjStrasseID="6527" ObjHausnummer="Gaußstraße 37" ObjVorlage="2013-09-11 00:00:00.0" ObKeinKontakt="1" ObjArtID="21" Merkmal="0.0" ObjInfo="wie haus-Nr. 33"/>
  <Objekte ObjID="9053" ObjAufnahme="1998-03-06" ObjLetztKontakt="1998-03-06" ObjStrasseID="6527" ObjHausnummer="Gaußstraße 39" ObjVorlage="2013-09-11 00:00:00.0" ObKeinKontakt="1" ObjArtID="22" Merkmal="0.0" ObjInfo="wie hausnr. 33"/>
  <Objekte ObjID="9054" ObjAufnahme="1998-03-06" ObjStrasseID="6453" ObjHausnummer="Franziusweg 16" ObjVorlage="2013-09-11 00:00:00.0" ObKeinKontakt="1" ObjArtID="8" Merkmal="0.0"/>
  <Objekte ObjID="9055" ObjAufnahme="1998-03-06" ObjStrasseID="7983" ObjHausnummer="Rühlmannstraße 41" ObjVorlage="2013-09-11 00:00:00.0" ObKeinKontakt="1" ObjArtID="1" Merkmal="0.0"/>
  <Objekte ObjID="9056" ObjAufnahme="1998-03-06" ObjStrasseID="7983" ObjHausnummer="Rühlmannstraße 39" ObjVorlage="2013-09-11 00:00:00.0" ObKeinKontakt="1" ObjArtID="1" Merkmal="0.0"/>
  <Objekte ObjID="9057" ObjAufnahme="1998-03-06" ObjStrasseID="7983" ObjHausnummer="Rühlmannstraße 37" ObjVorlage="2013-09-11 00:00:00.0" ObKeinKontakt="1" ObjArtID="22" Merkmal="0.0"/>
  <Objekte ObjID="9058" ObjAufnahme="1998-03-06" ObjStrasseID="7983" ObjHausnummer="Rühlmannstraße 35" ObjVorlage="2013-09-11 00:00:00.0" ObKeinKontakt="1" ObjArtID="21" Merkmal="0.0"/>
  <Objekte ObjID="9059" ObjAufnahme="1998-03-06" ObjStrasseID="7983" ObjHausnummer="Rühlmannstraße 33" ObjVorlage="2013-09-11 00:00:00.0" ObKeinKontakt="1" ObjArtID="21" Merkmal="0.0"/>
  <Objekte ObjID="9060" ObjAufnahme="1998-03-06" ObjStrasseID="7983" ObjHausnummer="Rühlmannstraße 31" ObjVorlage="2013-09-11 00:00:00.0" ObKeinKontakt="1" ObjArtID="21" Merkmal="0.0"/>
  <Objekte ObjID="9061" ObjAufnahme="1998-03-06" ObjStrasseID="7983" ObjHausnummer="Rühlmannstraße 29" ObjVorlage="2013-09-11 00:00:00.0" ObKeinKontakt="1" ObjArtID="21" Merkmal="0.0"/>
  <Objekte ObjID="9062" ObjAufnahme="1998-03-06" ObjStrasseID="7983" ObjHausnummer="Rühlmannstraße 27" ObjVorlage="2013-09-11 00:00:00.0" ObKeinKontakt="1" ObjArtID="21" Merkmal="0.0"/>
  <Objekte ObjID="9063" ObjAufnahme="1998-03-06" ObjStrasseID="7983" ObjHausnummer="Rühlmannstraße 25" ObjVorlage="2013-09-11 00:00:00.0" ObKeinKontakt="1" ObjArtID="21" Merkmal="0.0"/>
  <Objekte ObjID="9064" ObjAufnahme="1998-03-06" ObjStrasseID="7983" ObjHausnummer="Rühlmannstraße 23" ObjVorlage="2013-09-11 00:00:00.0" ObKeinKontakt="1" ObjArtID="21" Merkmal="0.0"/>
  <Objekte ObjID="9065" ObjAufnahme="1998-03-06" ObjStrasseID="7983" ObjHausnummer="Rühlmannstraße 21" ObjVorlage="2013-09-11 00:00:00.0" ObKeinKontakt="1" ObjArtID="21" Merkmal="0.0"/>
  <Objekte ObjID="9066" ObjAufnahme="1998-03-06" ObjStrasseID="7983" ObjHausnummer="Rühlmannstraße 19" ObjVorlage="2013-09-11 00:00:00.0" ObKeinKontakt="1" ObjArtID="21" Merkmal="0.0"/>
  <Objekte ObjID="9067" ObjAufnahme="1998-03-06" ObjStrasseID="7983" ObjHausnummer="Rühlmannstraße 17" ObjVorlage="2013-09-11 00:00:00.0" ObKeinKontakt="1" ObjArtID="21" Merkmal="0.0"/>
  <Objekte ObjID="9068" ObjAufnahme="1998-03-06" ObjStrasseID="7983" ObjHausnummer="Rühlmannstraße 15" ObjVorlage="2013-09-11 00:00:00.0" ObKeinKontakt="1" ObjArtID="21" Merkmal="0.0"/>
  <Objekte ObjID="9069" ObjAufnahme="1998-03-06" ObjStrasseID="7983" ObjHausnummer="Rühlmannstraße 13" ObjVorlage="2013-09-11 00:00:00.0" ObKeinKontakt="1" ObjArtID="22" Merkmal="0.0"/>
  <Objekte ObjID="9070" ObjAufnahme="1998-03-06" ObjStrasseID="7983" ObjHausnummer="Rühlmannstraße 12" ObjVorlage="2013-09-11 00:00:00.0" ObKeinKontakt="1" ObjArtID="8" Merkmal="0.0"/>
  <Objekte ObjID="9071" ObjAufnahme="1998-03-06" ObjStrasseID="7983" ObjHausnummer="Rühlmannstraße 10" ObjVorlage="2013-09-11 00:00:00.0" ObKeinKontakt="1" ObjArtID="8" Merkmal="0.0"/>
  <Objekte ObjID="9072" ObjAufnahme="1998-03-06" ObjStrasseID="7983" ObjHausnummer="Rühlmannstraße 8" ObjVorlage="2013-09-11 00:00:00.0" ObKeinKontakt="1" ObjArtID="8" Merkmal="0.0"/>
  <Objekte ObjID="9073" ObjAufnahme="1998-03-06" ObjStrasseID="7983" ObjHausnummer="Rühlmannstraße 11" ObjVorlage="2013-09-11 00:00:00.0" ObKeinKontakt="1" ObjArtID="1" Merkmal="0.0"/>
  <Objekte ObjID="9074" ObjAufnahme="1998-03-06" ObjStrasseID="7983" ObjHausnummer="Rühlmannstraße 9" ObjVorlage="2013-09-11 00:00:00.0" ObKeinKontakt="1" ObjArtID="1" Merkmal="0.0"/>
  <Objekte ObjID="9075" ObjAufnahme="1998-03-06" ObjStrasseID="7983" ObjHausnummer="Rühlmannstraße 7" ObjVorlage="2013-09-11 00:00:00.0" ObKeinKontakt="1" ObjArtID="1" Merkmal="0.0"/>
  <Objekte ObjID="9076" ObjAufnahme="1998-03-06" ObjStrasseID="7983" ObjHausnummer="Rühlmannstraße 6" ObjVorlage="2013-09-11 00:00:00.0" ObKeinKontakt="1" ObjArtID="8" Merkmal="0.0"/>
  <Objekte ObjID="9077" ObjAufnahme="1998-03-06" ObjStrasseID="7983" ObjHausnummer="Rühlmannstraße 4" ObjVorlage="2013-09-11 00:00:00.0" ObKeinKontakt="1" ObjArtID="8" Merkmal="0.0"/>
  <Objekte ObjID="9078" ObjAufnahme="1998-03-06" ObjStrasseID="7983" ObjHausnummer="Rühlmannstraße 5" ObjVorlage="2013-09-11 00:00:00.0" ObKeinKontakt="1" ObjArtID="1" Merkmal="0.0"/>
  <Objekte ObjID="9079" ObjAufnahme="1998-03-06" ObjStrasseID="7983" ObjHausnummer="Rühlmannstraße 3" ObjVorlage="2013-09-11 00:00:00.0" ObKeinKontakt="1" ObjArtID="1" Merkmal="0.0"/>
  <Objekte ObjID="9080" ObjAufnahme="1998-03-06" ObjStrasseID="7983" ObjHausnummer="Rühlmannstraße 2" ObjVorlage="2013-09-11 00:00:00.0" ObKeinKontakt="1" ObjArtID="8" Merkmal="0.0"/>
  <Objekte ObjID="9081" ObjAufnahme="1998-03-06" ObjStrasseID="7983" ObjHausnummer="Rühlmannstraße 1" ObjVorlage="2013-09-11 00:00:00.0" ObKeinKontakt="1" ObjArtID="38" Merkmal="0.0"/>
  <Objekte ObjID="9082" ObjAufnahme="1998-03-10" ObjLetztKontakt="1998-03-10" ObjStrasseID="6750" ObjHausnummer="Hartmannstraße 11" ObjVorlage="2013-09-11 00:00:00.0" ObKeinKontakt="5" ObjArtID="38" Merkmal="0.0"/>
  <Objekte ObjID="9084" ObjAufnahme="1998-03-11" ObjLetztKontakt="1998-03-11" ObjStrasseID="4555" ObjHausnummer="Robert- Koch- Straße 55" ObjVorlage="2013-09-11 00:00:00.0" ObKeinKontakt="5" ObjArtID="8" Merkmal="0.0"/>
  <Objekte ObjID="9085" ObjAufnahme="1998-03-11" ObjLetztKontakt="1998-03-11" ObjStrasseID="8823" ObjHausnummer="Auf der Haube 25" ObjVorlage="2013-09-11 00:00:00.0" ObKeinKontakt="5" ObjArtID="8" Merkmal="0.0"/>
  <Objekte ObjID="9086" ObjAufnahme="1998-03-12" ObjLetztKontakt="1998-03-12" ObjStrasseID="7283" ObjHausnummer="Kurt-Schumacher-Straße 13" ObjVorlage="2013-09-11 00:00:00.0" ObKeinKontakt="5" ObjArtID="5" Merkmal="0.0"/>
  <Objekte ObjID="9087" ObjAufnahme="1998-03-13" ObjLetztKontakt="1998-03-13" ObjStrasseID="5985" ObjHausnummer="Bispinger Weg 13A" ObjVorlage="2013-09-11 00:00:00.0" ObKeinKontakt="5" ObjArtID="8" Merkmal="0.9999999999999999" ObjInfo="1,6/360/200/910/Do. Grg./Ke./79"/>
  <Objekte ObjID="9088" ObjAufnahme="1998-03-14" ObjStrasseID="8830" ObjVorlage="2013-09-11 00:00:00.0" ObKeinKontakt="1" ObjArtID="1" Merkmal="0.0"/>
  <Objekte ObjID="9089" ObjAufnahme="1998-03-14" ObjStrasseID="8830" ObjHausnummer="Schulstraße 23" ObjVorlage="2013-09-11 00:00:00.0" ObKeinKontakt="1" ObjArtID="1" Merkmal="0.0"/>
  <Objekte ObjID="9090" ObjAufnahme="1998-03-14" ObjStrasseID="8831" ObjHausnummer="Im Rischedahle 2" ObjVorlage="2013-09-11 00:00:00.0" ObKeinKontakt="1" ObjArtID="1" Merkmal="0.0"/>
  <Objekte ObjID="9092" ObjAufnahme="1998-03-16" ObjLetztKontakt="1998-03-16" ObjStrasseID="4107" ObjHausnummer="Lange Weihe 17C" ObjVorlage="2013-09-11 00:00:00.0" ObKeinKontakt="5" ObjArtID="21" Merkmal="0.0" ObjInfo="130qm/160qm/1980/Garage/450.000DM/nicht Anbieten"/>
  <Objekte ObjID="9093" ObjAufnahme="1998-03-16" ObjStrasseID="7191" ObjHausnummer="Kniestraße 8" ObjVorlage="2013-09-11 00:00:00.0" ObKeinKontakt="1" ObjArtID="1" Merkmal="0.0" ObjInfo="1979: Schaper Weberstr. 12-13&#xD;&#xA;scout63396000"/>
  <Objekte ObjID="9094" ObjAufnahme="1998-03-16" ObjStrasseID="7191" ObjHausnummer="Kniestraße 39" ObjVorlage="2013-09-11 00:00:00.0" ObKeinKontakt="1" ObjArtID="1" Merkmal="0.0" ObjInfo="Ali Pak 1316441"/>
  <Objekte ObjID="9095" ObjAufnahme="1998-03-16" ObjStrasseID="7191" ObjHausnummer="Kniestraße 38" ObjVorlage="2013-09-11 00:00:00.0" ObKeinKontakt="1" ObjArtID="1" Merkmal="0.0" ObjInfo="1979: R. Schneider, Bödekerstr. 33, H. Castrian, Zahnarzt, Ferd.Wallbrecht-Str.66 Eigentümer Lange, Verwalter Herr Hohnschop, Ogrissek Immobilien Sternbau GmbH, Lister Kirchweg"/>
  <Objekte ObjID="9096" ObjAufnahme="1998-03-16" ObjStrasseID="7191" ObjHausnummer="Kniestraße 38A" ObjVorlage="2013-09-11 00:00:00.0" ObKeinKontakt="1" ObjArtID="1" Merkmal="0.0" ObjInfo="1979: R. Schneider, Bödekerstr. 33, H. Castrian, Ferd.Wallbrecht-Str. 66"/>
  <Objekte ObjID="9097" ObjAufnahme="1998-03-16" ObjLetztKontakt="1998-04-28" ObjStrasseID="7191" ObjHausnummer="Kniestraße 37" ObjVorlage="2013-09-11 00:00:00.0" ObKeinKontakt="1" ObjArtID="1" Merkmal="0.9999999999999999" ObjInfo="16WE/1954/110/1,8"/>
  <Objekte ObjID="9098" ObjAufnahme="1998-03-16" ObjStrasseID="7191" ObjHausnummer="Kniestraße 36" ObjVorlage="2013-09-11 00:00:00.0" ObKeinKontakt="1" ObjArtID="1" Merkmal="0.0" ObjInfo="1979: Wannehorst, Erben"/>
  <Objekte ObjID="9099" ObjAufnahme="1998-03-16" ObjStrasseID="7191" ObjHausnummer="Kniestraße 31" ObjVorlage="2013-09-11 00:00:00.0" ObKeinKontakt="3" ObjArtID="1" Merkmal="0.0" ObjInfo="1979: K. Steinmann, Gastwirtin, Steckerstr. 1"/>
  <Objekte ObjID="9100" ObjAufnahme="1998-03-16" ObjStrasseID="7191" ObjHausnummer="Kniestraße 29" ObjVorlage="2013-09-11 00:00:00.0" ObKeinKontakt="1" ObjArtID="1" Merkmal="0.0" ObjInfo="1979: R. Masche, Isernhagen, Im Eichholz 10"/>
  <Objekte ObjID="9101" ObjAufnahme="1998-03-16" ObjStrasseID="7191" ObjHausnummer="Kniestraße 28" ObjVorlage="2013-09-11 00:00:00.0" ObKeinKontakt="1" ObjArtID="1" Merkmal="0.0" ObjInfo="Verwalter Ingrid Roter 819660, Eigentümer Gradegusi"/>
  <Objekte ObjID="9102" ObjAufnahme="1998-03-16" ObjStrasseID="7191" ObjHausnummer="Kniestraße 27" ObjVorlage="2013-09-11 00:00:00.0" ObKeinKontakt="3" ObjArtID="1" Merkmal="0.0" ObjInfo="1979: Ottokar Nagel"/>
  <Objekte ObjID="9103" ObjAufnahme="1998-03-16" ObjLetztKontakt="1998-04-28" ObjStrasseID="7191" ObjHausnummer="Kniestraße 26" ObjVorlage="2013-09-11 00:00:00.0" ObKeinKontakt="3" ObjArtID="1" Merkmal="0.0" ObjInfo="979: Ottokar Nagel"/>
  <Objekte ObjID="9104" ObjAufnahme="1998-03-16" ObjStrasseID="7191" ObjHausnummer="Kniestraße 25" ObjVorlage="2013-09-11 00:00:00.0" ObKeinKontakt="1" ObjArtID="1" Merkmal="0.0" ObjInfo="evtl. Dirk Nordmeyer 714405"/>
  <Objekte ObjID="9105" ObjAufnahme="1998-03-16" ObjLetztKontakt="1998-04-28" ObjStrasseID="7191" ObjHausnummer="Kniestraße 24B" ObjVorlage="2013-09-11 00:00:00.0" ObKeinKontakt="3" ObjArtID="1" Merkmal="0.0" ObjInfo="1979: R. Kramer, Brauereid., Langenhagen, Emil-v.Behring-Str. 6"/>
  <Objekte ObjID="9106" ObjAufnahme="1998-03-16" ObjStrasseID="7191" ObjHausnummer="Kniestraße 24A" ObjVorlage="2013-09-11 00:00:00.0" ObKeinKontakt="1" ObjArtID="1" Merkmal="0.0" ObjInfo="Dumlu 13573"/>
  <Objekte ObjID="9107" ObjAufnahme="1998-03-16" ObjStrasseID="7191" ObjHausnummer="Kniestraße 24" ObjVorlage="2013-09-11 00:00:00.0" ObKeinKontakt="1" ObjArtID="1" Merkmal="0.0" ObjInfo="Friske : 6409713, bei Axel Rosler Podbielskistraße 14, 30163 Hannover Tel. 391056"/>
  <Objekte ObjID="9108" ObjAufnahme="1998-03-16" ObjStrasseID="7191" ObjHausnummer="Kniestraße 23" ObjVorlage="2013-09-11 00:00:00.0" ObKeinKontakt="1" ObjArtID="1" Merkmal="0.0" ObjInfo="evtl. Dirk Nordmeyer 714405"/>
  <Objekte ObjID="9109" ObjAufnahme="1998-03-16" ObjStrasseID="7191" ObjHausnummer="Kniestraße 22" ObjVorlage="2013-09-11 00:00:00.0" ObKeinKontakt="1" ObjArtID="45" Merkmal="0.0" ObjInfo="2 Wohnungen werden zwangsversteigert"/>
  <Objekte ObjID="9110" ObjAufnahme="1998-03-16" ObjStrasseID="7191" ObjHausnummer="Kniestraße 20" ObjVorlage="2013-09-11 00:00:00.0" ObKeinKontakt="2" ObjArtID="1" Merkmal="0.0" ObjInfo="1979: Dr. G. Jacobs, Lehrte, Ahltener Str. 29"/>
  <Objekte ObjID="9111" ObjAufnahme="1998-03-16" ObjStrasseID="7191" ObjHausnummer="Kniestraße 19" ObjVorlage="2013-09-11 00:00:00.0" ObKeinKontakt="1" ObjArtID="1" Merkmal="0.0" ObjInfo="1979: Körner, M., Frau Münstedt, Schafwedel Krs. Uelzen"/>
  <Objekte ObjID="9112" ObjAufnahme="1998-03-16" ObjStrasseID="7191" ObjHausnummer="Kniestraße 16" ObjVorlage="2013-09-11 00:00:00.0" ObKeinKontakt="1" ObjArtID="1" Merkmal="0.0" ObjInfo="1979: H.Ragge, Kupferschmiedenstr. ( Kühler-Apparatebau )"/>
  <Objekte ObjID="9113" ObjAufnahme="1998-03-16" ObjStrasseID="7191" ObjHausnummer="Kniestraße 14" ObjVorlage="2013-09-11 00:00:00.0" ObKeinKontakt="1" ObjArtID="1" Merkmal="0.0" ObjInfo="1979: Frau M. Knölke Wwe."/>
  <Objekte ObjID="9114" ObjAufnahme="1998-03-16" ObjStrasseID="7191" ObjHausnummer="Kniestraße 13" ObjVorlage="2013-09-11 00:00:00.0" ObKeinKontakt="1" ObjArtID="1" Merkmal="0.0" ObjInfo="1979: Fritz Pass"/>
  <Objekte ObjID="9116" ObjAufnahme="1998-03-16" ObjStrasseID="7191" ObjHausnummer="Kniestraße 12" ObjVorlage="2013-09-11 00:00:00.0" ObKeinKontakt="1" ObjArtID="1" Merkmal="0.0"/>
  <Objekte ObjID="9117" ObjAufnahme="1998-03-16" ObjLetztKontakt="2005-01-07" ObjStrasseID="7191" ObjHausnummer="Kniestraße 11" ObjVorlage="2013-09-11 00:00:00.0" ObKeinKontakt="2" ObjArtID="1" Merkmal="0.0" ObjInfo="1997: Frau G. Rodewoldt, Waldstr. 11"/>
  <Objekte ObjID="9118" ObjAufnahme="1998-03-16" ObjLetztKontakt="2005-01-07" ObjStrasseID="7191" ObjHausnummer="Kniestraße 11A" ObjVorlage="2013-09-11 00:00:00.0" ObKeinKontakt="1" ObjArtID="1" Merkmal="0.0"/>
  <Objekte ObjID="9119" ObjAufnahme="1998-03-16" ObjStrasseID="7191" ObjHausnummer="Kniestraße 6" ObjVorlage="2013-09-11 00:00:00.0" ObKeinKontakt="1" ObjArtID="55" Merkmal="0.0" ObjInfo="1979: Eigentumswohnungen"/>
  <Objekte ObjID="9120" ObjAufnahme="1998-03-16" ObjLetztKontakt="2004-09-28" ObjStrasseID="7191" ObjHausnummer="Kniestraße 5" ObjVorlage="2013-09-11 00:00:00.0" ObKeinKontakt="1" ObjArtID="5" Merkmal="0.0" ObjInfo="1979: Erbengemeinschaft Jürgens, will 900000 66000 Miete 388 m² 65 m² Gewerbe vermietet zu 20 DM/m²"/>
  <Objekte ObjID="9121" ObjAufnahme="1998-03-16" ObjLetztKontakt="1998-04-21" ObjStrasseID="7191" ObjHausnummer="Kniestraße 4" ObjVorlage="2013-09-11 00:00:00.0" ObKeinKontakt="2" ObjArtID="1" Merkmal="0.0" ObjInfo="1979:Erbengemeinschaft von Pluto-Gödde"/>
  <Objekte ObjID="9122" ObjAufnahme="1998-03-16" ObjLetztKontakt="2000-03-29" ObjStrasseID="7191" ObjHausnummer="Kniestraße 3" ObjVorlage="2013-09-11 00:00:00.0" ObKeinKontakt="3" ObjArtID="1" Merkmal="0.0" ObjInfo="16WE/Kiosk/1972/121/1,7"/>
  <Objekte ObjID="9123" ObjAufnahme="1998-03-16" ObjStrasseID="7191" ObjHausnummer="Kniestraße 2" ObjVorlage="2013-09-11 00:00:00.0" ObKeinKontakt="1" ObjArtID="5" Merkmal="0.0" ObjInfo="1979: Else Pfeuffer"/>
  <Objekte ObjID="9126" ObjAufnahme="1998-03-18" ObjLetztKontakt="1998-03-18" ObjStrasseID="8840" ObjHausnummer="Schlehenweg 1" ObjVorlage="2013-09-11 00:00:00.0" ObKeinKontakt="5" ObjArtID="8" Merkmal="0.0"/>
  <Objekte ObjID="9127" ObjAufnahme="1998-03-19" ObjLetztKontakt="1998-03-19" ObjStrasseID="8842" ObjHausnummer="Lerchenkamp 13" ObjVorlage="2013-09-11 00:00:00.0" ObKeinKontakt="5" ObjArtID="24" Merkmal="0.0"/>
  <Objekte ObjID="9128" ObjAufnahme="1998-03-21" ObjLetztKontakt="1998-03-21" ObjStrasseID="6748" ObjHausnummer="Hartestraße 2" ObjVorlage="2013-09-11 00:00:00.0" ObKeinKontakt="5" ObjArtID="8" Merkmal="0.0"/>
  <Objekte ObjID="9129" ObjAufnahme="1998-03-21" ObjLetztKontakt="1998-03-21" ObjStrasseID="8388" ObjHausnummer="Timmermannweg 3C" ObjVorlage="2013-09-11 00:00:00.0" ObKeinKontakt="5" ObjArtID="8" Merkmal="0.0"/>
  <Objekte ObjID="9130" ObjAufnahme="1998-03-21" ObjLetztKontakt="1998-03-21" ObjStrasseID="8844" ObjHausnummer="Am Kamp 19" ObjVorlage="2013-09-11 00:00:00.0" ObKeinKontakt="5" ObjArtID="22" Merkmal="0.0"/>
  <Objekte ObjID="9131" ObjAufnahme="1998-03-23" ObjStrasseID="3969" ObjHausnummer="Kärntner Platz 1" ObjVorlage="2013-09-11 00:00:00.0" ObKeinKontakt="1" ObjArtID="8" Merkmal="0.0"/>
  <Objekte ObjID="9132" ObjAufnahme="1998-03-23" ObjLetztKontakt="1998-04-21" ObjStrasseID="3969" ObjHausnummer="Kärntner Platz 3" ObjVorlage="2013-09-11 00:00:00.0" ObKeinKontakt="2" ObjArtID="20" Merkmal="0.0"/>
  <Objekte ObjID="9133" ObjAufnahme="1998-03-23" ObjStrasseID="3969" ObjHausnummer="Kärntner Platz 2" ObjVorlage="2013-09-11 00:00:00.0" ObKeinKontakt="1" ObjArtID="8" Merkmal="0.0"/>
  <Objekte ObjID="9134" ObjAufnahme="1998-03-23" ObjStrasseID="3969" ObjHausnummer="Kärntner Platz 4" ObjVorlage="2013-09-11 00:00:00.0" ObKeinKontakt="1" ObjArtID="8" Merkmal="0.0"/>
  <Objekte ObjID="9135" ObjAufnahme="1998-03-23" ObjLetztKontakt="1998-04-21" ObjStrasseID="3969" ObjHausnummer="Kärntner Platz 5" ObjVorlage="2013-09-11 00:00:00.0" ObKeinKontakt="2" ObjArtID="8" Merkmal="0.0"/>
  <Objekte ObjID="9137" ObjAufnahme="1998-03-23" ObjLetztKontakt="1998-04-21" ObjStrasseID="3969" ObjHausnummer="Kärntner Platz 6" ObjVorlage="2013-09-11 00:00:00.0" ObKeinKontakt="2" ObjArtID="20" Merkmal="0.0"/>
  <Objekte ObjID="9138" ObjAufnahme="1998-03-23" ObjStrasseID="3969" ObjHausnummer="Kärntner Platz 7" ObjVorlage="2013-09-11 00:00:00.0" ObKeinKontakt="1" ObjArtID="8" Merkmal="0.0"/>
  <Objekte ObjID="9139" ObjAufnahme="1998-03-23" ObjStrasseID="3969" ObjHausnummer="Kärntner Platz 8" ObjVorlage="2013-09-11 00:00:00.0" ObKeinKontakt="1" ObjArtID="8" Merkmal="0.0"/>
  <Objekte ObjID="9140" ObjAufnahme="1998-03-23" ObjLetztKontakt="1998-04-21" ObjStrasseID="3969" ObjHausnummer="Kärntner Platz 10" ObjVorlage="2013-09-11 00:00:00.0" ObKeinKontakt="2" ObjArtID="8" Merkmal="0.0"/>
  <Objekte ObjID="9141" ObjAufnahme="1998-03-23" ObjLetztKontakt="1998-04-21" ObjStrasseID="3969" ObjHausnummer="Kärntner Platz 10A" ObjVorlage="2013-09-11 00:00:00.0" ObKeinKontakt="2" ObjArtID="8" Merkmal="0.0"/>
  <Objekte ObjID="9142" ObjAufnahme="1998-03-23" ObjLetztKontakt="1998-04-21" ObjStrasseID="3969" ObjHausnummer="Kärntner Platz 11" ObjVorlage="2013-09-11 00:00:00.0" ObKeinKontakt="2" ObjArtID="20" Merkmal="0.0"/>
  <Objekte ObjID="9143" ObjAufnahme="1998-03-23" ObjLetztKontakt="1998-04-21" ObjStrasseID="3969" ObjHausnummer="Kärntner Platz 11A" ObjVorlage="2013-09-11 00:00:00.0" ObKeinKontakt="2" ObjArtID="8" Merkmal="0.0"/>
  <Objekte ObjID="9144" ObjAufnahme="1998-03-23" ObjStrasseID="3969" ObjHausnummer="Kärntner Platz 12" ObjVorlage="2013-09-11 00:00:00.0" ObKeinKontakt="1" ObjArtID="8" Merkmal="0.0"/>
  <Objekte ObjID="9145" ObjAufnahme="1998-03-23" ObjStrasseID="3969" ObjHausnummer="Kärntner Platz 13" ObjVorlage="2013-09-11 00:00:00.0" ObKeinKontakt="1" ObjArtID="8" Merkmal="0.0"/>
  <Objekte ObjID="9146" ObjAufnahme="1998-03-23" ObjStrasseID="3969" ObjHausnummer="Kärntner Platz 15" ObjVorlage="2013-09-11 00:00:00.0" ObKeinKontakt="1" ObjArtID="8" Merkmal="0.0"/>
  <Objekte ObjID="9147" ObjAufnahme="1998-03-23" ObjLetztKontakt="1998-04-21" ObjStrasseID="3969" ObjHausnummer="Kärntner Platz 16" ObjVorlage="2013-09-11 00:00:00.0" ObKeinKontakt="2" ObjArtID="1" Merkmal="0.0"/>
  <Objekte ObjID="9148" ObjAufnahme="1998-03-23" ObjStrasseID="79" ObjHausnummer="Adolf-Ey-Straße 1" ObjVorlage="2013-09-11 00:00:00.0" ObKeinKontakt="1" ObjArtID="8" Merkmal="0.0"/>
  <Objekte ObjID="9149" ObjAufnahme="1998-03-23" ObjLetztKontakt="1998-04-21" ObjStrasseID="79" ObjHausnummer="Adolf-Ey-Straße 2" ObjVorlage="2013-09-11 00:00:00.0" ObKeinKontakt="2" ObjArtID="20" Merkmal="0.0"/>
  <Objekte ObjID="9150" ObjAufnahme="1998-03-23" ObjLetztKontakt="1998-04-21" ObjStrasseID="79" ObjHausnummer="Adolf-Ey-Straße 3" ObjVorlage="2013-09-11 00:00:00.0" ObKeinKontakt="2" ObjArtID="8" Merkmal="0.0"/>
  <Objekte ObjID="9151" ObjAufnahme="1998-03-23" ObjStrasseID="79" ObjHausnummer="Adolf-Ey-Straße 4" ObjVorlage="2013-09-11 00:00:00.0" ObKeinKontakt="1" ObjArtID="8" Merkmal="0.0"/>
  <Objekte ObjID="9152" ObjAufnahme="1998-03-23" ObjStrasseID="79" ObjHausnummer="Adolf-Ey-Straße 4A" ObjVorlage="2013-09-11 00:00:00.0" ObKeinKontakt="1" ObjArtID="8" Merkmal="0.0"/>
  <Objekte ObjID="9153" ObjAufnahme="1998-03-23" ObjLetztKontakt="1998-04-21" ObjStrasseID="79" ObjHausnummer="Adolf-Ey-Straße 5" ObjVorlage="2013-09-11 00:00:00.0" ObKeinKontakt="2" ObjArtID="8" Merkmal="0.0"/>
  <Objekte ObjID="9154" ObjAufnahme="1998-03-23" ObjLetztKontakt="1998-04-21" ObjStrasseID="79" ObjHausnummer="Adolf-Ey-Straße 8" ObjVorlage="2013-09-11 00:00:00.0" ObKeinKontakt="2" ObjArtID="8" Merkmal="0.0"/>
  <Objekte ObjID="9155" ObjAufnahme="1998-03-23" ObjLetztKontakt="1998-04-21" ObjStrasseID="79" ObjHausnummer="Adolf-Ey-Straße 9" ObjVorlage="2013-09-11 00:00:00.0" ObKeinKontakt="2" ObjArtID="1" Merkmal="0.0"/>
  <Objekte ObjID="9156" ObjAufnahme="1998-03-23" ObjStrasseID="79" ObjHausnummer="Adolf-Ey-Straße 10" ObjVorlage="2013-09-11 00:00:00.0" ObKeinKontakt="1" ObjArtID="8" Merkmal="0.0"/>
  <Objekte ObjID="9157" ObjAufnahme="1998-03-23" ObjStrasseID="79" ObjHausnummer="Adolf-Ey-Straße 10A" ObjVorlage="2013-09-11 00:00:00.0" ObKeinKontakt="1" ObjArtID="8" Merkmal="0.0"/>
  <Objekte ObjID="9158" ObjAufnahme="1998-03-23" ObjStrasseID="79" ObjHausnummer="Adolf-Ey-Straße 10b+c" ObjVorlage="2013-09-11 00:00:00.0" ObKeinKontakt="1" ObjArtID="8" Merkmal="0.0"/>
  <Objekte ObjID="9159" ObjAufnahme="1998-03-23" ObjStrasseID="79" ObjHausnummer="Adolf-Ey-Straße 10D" ObjVorlage="2013-09-11 00:00:00.0" ObKeinKontakt="1" ObjArtID="8" Merkmal="0.0"/>
  <Objekte ObjID="9160" ObjAufnahme="1998-03-23" ObjStrasseID="79" ObjHausnummer="Adolf-Ey-Straße 11" ObjVorlage="2013-09-11 00:00:00.0" ObKeinKontakt="1" ObjArtID="8" Merkmal="0.0"/>
  <Objekte ObjID="9161" ObjAufnahme="1998-03-23" ObjStrasseID="79" ObjHausnummer="Adolf-Ey-Straße 12" ObjVorlage="2013-09-11 00:00:00.0" ObKeinKontakt="1" ObjArtID="8" Merkmal="0.0"/>
  <Objekte ObjID="9162" ObjAufnahme="1998-03-24" ObjStrasseID="79" ObjHausnummer="Adolf-Ey-Straße 12A" ObjVorlage="2013-09-11 00:00:00.0" ObKeinKontakt="1" ObjArtID="8" Merkmal="0.0"/>
  <Objekte ObjID="9163" ObjAufnahme="1998-03-24" ObjStrasseID="79" ObjHausnummer="Adolf-Ey-Straße 13" ObjVorlage="2013-09-11 00:00:00.0" ObKeinKontakt="1" ObjArtID="8" Merkmal="0.0"/>
  <Objekte ObjID="9164" ObjAufnahme="1998-03-24" ObjStrasseID="79" ObjHausnummer="Adolf-Ey-Straße 13A" ObjVorlage="2013-09-11 00:00:00.0" ObKeinKontakt="1" ObjArtID="8" Merkmal="0.0"/>
  <Objekte ObjID="9165" ObjAufnahme="1998-03-24" ObjStrasseID="79" ObjHausnummer="Adolf-Ey-Straße 14" ObjVorlage="2013-09-11 00:00:00.0" ObKeinKontakt="1" ObjArtID="8" Merkmal="0.0"/>
  <Objekte ObjID="9166" ObjAufnahme="1998-03-24" ObjLetztKontakt="1998-04-21" ObjStrasseID="79" ObjHausnummer="Adolf-Ey-Straße 16" ObjVorlage="2013-09-11 00:00:00.0" ObKeinKontakt="2" ObjArtID="8" Merkmal="0.0"/>
  <Objekte ObjID="9167" ObjAufnahme="1998-03-24" ObjStrasseID="79" ObjHausnummer="Adolf-Ey-Straße 17" ObjVorlage="2013-09-11 00:00:00.0" ObKeinKontakt="1" ObjArtID="8" Merkmal="0.0"/>
  <Objekte ObjID="9168" ObjAufnahme="1998-03-24" ObjLetztKontakt="1998-04-21" ObjStrasseID="7956" ObjHausnummer="Roßkampstraße 1" ObjVorlage="2013-09-11 00:00:00.0" ObKeinKontakt="2" ObjArtID="1" Merkmal="0.0" ObjInfo="Mieterin Frau Klapper kann Info geben Tel:837040"/>
  <Objekte ObjID="9169" ObjAufnahme="1998-03-24" ObjLetztKontakt="1998-04-21" ObjStrasseID="7956" ObjHausnummer="Roßkampstraße 3" ObjVorlage="2013-09-11 00:00:00.0" ObKeinKontakt="2" ObjArtID="24" Merkmal="0.0"/>
  <Objekte ObjID="9170" ObjAufnahme="1998-03-24" ObjStrasseID="7956" ObjHausnummer="Roßkampstraße 5" ObjVorlage="2013-09-11 00:00:00.0" ObKeinKontakt="1" ObjArtID="24" Merkmal="0.0"/>
  <Objekte ObjID="9171" ObjAufnahme="1998-03-24" ObjStrasseID="7956" ObjHausnummer="Roßkampstraße 7" ObjVorlage="2013-09-11 00:00:00.0" ObKeinKontakt="1" ObjArtID="24" Merkmal="0.0"/>
  <Objekte ObjID="9172" ObjAufnahme="1998-03-24" ObjLetztKontakt="1998-04-21" ObjStrasseID="7956" ObjHausnummer="Roßkampstraße 9" ObjVorlage="2013-09-11 00:00:00.0" ObKeinKontakt="2" ObjArtID="1" Merkmal="0.0"/>
  <Objekte ObjID="9173" ObjAufnahme="1998-03-24" ObjStrasseID="7956" ObjHausnummer="Roßkampstraße 11" ObjVorlage="2013-09-11 00:00:00.0" ObKeinKontakt="1" ObjArtID="167" Merkmal="0.9999999999999999" ObjInfo="370105\ 2 Blk Osten"/>
  <Objekte ObjID="9174" ObjAufnahme="1998-03-24" ObjLetztKontakt="1998-04-21" ObjStrasseID="7956" ObjHausnummer="Roßkampstraße 15" ObjVorlage="2013-09-11 00:00:00.0" ObKeinKontakt="2" ObjArtID="8" Merkmal="0.0"/>
  <Objekte ObjID="9175" ObjAufnahme="1998-03-24" ObjStrasseID="7956" ObjHausnummer="Roßkampstraße 17" ObjVorlage="2013-09-11 00:00:00.0" ObKeinKontakt="1" ObjArtID="24" Merkmal="0.0"/>
  <Objekte ObjID="9176" ObjAufnahme="1998-03-24" ObjStrasseID="7956" ObjHausnummer="Roßkampstraße 19" ObjVorlage="2013-09-11 00:00:00.0" ObKeinKontakt="1" ObjArtID="24" Merkmal="0.0"/>
  <Objekte ObjID="9177" ObjAufnahme="1998-03-24" ObjLetztKontakt="1998-04-21" ObjStrasseID="7956" ObjHausnummer="Roßkampstraße 21" ObjVorlage="2013-09-11 00:00:00.0" ObKeinKontakt="2" ObjArtID="8" Merkmal="0.0"/>
  <Objekte ObjID="9178" ObjAufnahme="1998-03-24" ObjLetztKontakt="1998-04-21" ObjStrasseID="7956" ObjHausnummer="Roßkampstraße 23" ObjVorlage="2013-09-11 00:00:00.0" ObKeinKontakt="2" ObjArtID="8" Merkmal="0.0"/>
  <Objekte ObjID="9179" ObjAufnahme="1998-03-24" ObjStrasseID="7956" ObjHausnummer="Roßkampstraße 25" ObjVorlage="2013-09-11 00:00:00.0" ObKeinKontakt="1" ObjArtID="24" Merkmal="0.0"/>
  <Objekte ObjID="9180" ObjAufnahme="1998-03-24" ObjStrasseID="7956" ObjHausnummer="Roßkampstraße 27" ObjVorlage="2013-09-11 00:00:00.0" ObKeinKontakt="1" ObjArtID="24" Merkmal="0.0"/>
  <Objekte ObjID="9181" ObjAufnahme="1998-03-24" ObjStrasseID="7956" ObjHausnummer="Roßkampstraße 29" ObjVorlage="2013-09-11 00:00:00.0" ObKeinKontakt="1" ObjArtID="24" Merkmal="0.0"/>
  <Objekte ObjID="9182" ObjAufnahme="1998-03-24" ObjStrasseID="7956" ObjHausnummer="Roßkampstraße 31" ObjVorlage="2013-09-11 00:00:00.0" ObKeinKontakt="1" ObjArtID="24" Merkmal="0.0"/>
  <Objekte ObjID="9183" ObjAufnahme="1998-03-24" ObjStrasseID="7956" ObjHausnummer="Roßkampstraße 33" ObjVorlage="2013-09-11 00:00:00.0" ObKeinKontakt="1" ObjArtID="24" Merkmal="0.0"/>
  <Objekte ObjID="9184" ObjAufnahme="1998-03-24" ObjLetztKontakt="1998-04-21" ObjStrasseID="7956" ObjHausnummer="Roßkampstraße 35" ObjVorlage="2013-09-11 00:00:00.0" ObKeinKontakt="2" ObjArtID="8" Merkmal="0.0"/>
  <Objekte ObjID="9185" ObjAufnahme="1998-03-24" ObjLetztKontakt="1998-04-21" ObjStrasseID="7956" ObjHausnummer="Roßkampstraße 37" ObjVorlage="2013-09-11 00:00:00.0" ObKeinKontakt="2" ObjArtID="8" Merkmal="0.0"/>
  <Objekte ObjID="9186" ObjAufnahme="1998-03-24" ObjStrasseID="7956" ObjHausnummer="Roßkampstraße 39" ObjVorlage="2013-09-11 00:00:00.0" ObKeinKontakt="1" ObjArtID="24" Merkmal="0.0"/>
  <Objekte ObjID="9187" ObjAufnahme="1998-03-24" ObjStrasseID="7956" ObjHausnummer="Roßkampstraße 41" ObjVorlage="2013-09-11 00:00:00.0" ObKeinKontakt="1" ObjArtID="24" Merkmal="0.0" ObjInfo="Die eine Doppelhaushälfte ( Hausnummer 41) steht Leer."/>
  <Objekte ObjID="9188" ObjAufnahme="1998-03-24" ObjLetztKontakt="1998-04-21" ObjStrasseID="7956" ObjHausnummer="Roßkampstraße 43" ObjVorlage="2013-09-11 00:00:00.0" ObKeinKontakt="2" ObjArtID="8" Merkmal="0.0"/>
  <Objekte ObjID="9189" ObjAufnahme="1998-03-24" ObjStrasseID="7956" ObjHausnummer="Roßkampstraße 45" ObjVorlage="2013-09-11 00:00:00.0" ObKeinKontakt="1" ObjArtID="24" Merkmal="0.0"/>
  <Objekte ObjID="9190" ObjAufnahme="1998-03-24" ObjStrasseID="7956" ObjHausnummer="Roßkampstraße 47" ObjVorlage="2013-09-11 00:00:00.0" ObKeinKontakt="1" ObjArtID="24" Merkmal="0.0"/>
  <Objekte ObjID="9191" ObjAufnahme="1998-03-24" ObjStrasseID="7956" ObjHausnummer="Roßkampstraße 49" ObjVorlage="2013-09-11 00:00:00.0" ObKeinKontakt="1" ObjArtID="24" Merkmal="0.0"/>
  <Objekte ObjID="9192" ObjAufnahme="1998-03-24" ObjLetztKontakt="1998-04-21" ObjStrasseID="7956" ObjHausnummer="Roßkampstraße 51" ObjVorlage="2013-09-11 00:00:00.0" ObKeinKontakt="2" ObjArtID="8" Merkmal="0.0"/>
  <Objekte ObjID="9193" ObjAufnahme="1998-03-24" ObjStrasseID="7956" ObjHausnummer="Roßkampstraße 53" ObjVorlage="2013-09-11 00:00:00.0" ObKeinKontakt="1" ObjArtID="24" Merkmal="0.0"/>
  <Objekte ObjID="9194" ObjAufnahme="1998-03-24" ObjStrasseID="7956" ObjHausnummer="Roßkampstraße 55" ObjVorlage="2013-09-11 00:00:00.0" ObKeinKontakt="1" ObjArtID="24" Merkmal="0.0"/>
  <Objekte ObjID="9195" ObjAufnahme="1998-03-24" ObjStrasseID="7956" ObjHausnummer="Roßkampstraße 57" ObjVorlage="2013-09-11 00:00:00.0" ObKeinKontakt="1" ObjArtID="24" Merkmal="0.0"/>
  <Objekte ObjID="9196" ObjAufnahme="1998-03-24" ObjLetztKontakt="1998-04-21" ObjStrasseID="7956" ObjHausnummer="Roßkampstraße 59" ObjVorlage="2013-09-11 00:00:00.0" ObKeinKontakt="2" ObjArtID="8" Merkmal="0.0"/>
  <Objekte ObjID="9197" ObjAufnahme="1998-03-24" ObjStrasseID="7956" ObjHausnummer="Roßkampstraße 61" ObjVorlage="2013-09-11 00:00:00.0" ObKeinKontakt="1" ObjArtID="24" Merkmal="0.0"/>
  <Objekte ObjID="9198" ObjAufnahme="1998-03-24" ObjLetztKontakt="1998-04-21" ObjStrasseID="7956" ObjHausnummer="Roßkampstraße 63" ObjVorlage="2013-09-11 00:00:00.0" ObKeinKontakt="2" ObjArtID="8" Merkmal="0.0"/>
  <Objekte ObjID="9199" ObjAufnahme="1998-03-24" ObjStrasseID="7956" ObjHausnummer="Roßkampstraße 65" ObjVorlage="2013-09-11 00:00:00.0" ObKeinKontakt="1" ObjArtID="24" Merkmal="0.0"/>
  <Objekte ObjID="9200" ObjAufnahme="1998-03-24" ObjLetztKontakt="1998-04-21" ObjStrasseID="7956" ObjHausnummer="Roßkampstraße 52" ObjVorlage="2013-09-11 00:00:00.0" ObKeinKontakt="2" ObjArtID="8" Merkmal="0.0"/>
  <Objekte ObjID="9201" ObjAufnahme="1998-03-24" ObjStrasseID="7956" ObjHausnummer="Roßkampstraße 50" ObjVorlage="2013-09-11 00:00:00.0" ObKeinKontakt="1" ObjArtID="24" Merkmal="0.0"/>
  <Objekte ObjID="9202" ObjAufnahme="1998-03-24" ObjLetztKontakt="1998-04-21" ObjStrasseID="7956" ObjHausnummer="Roßkampstraße 48" ObjVorlage="2013-09-11 00:00:00.0" ObKeinKontakt="2" ObjArtID="8" Merkmal="0.0"/>
  <Objekte ObjID="9203" ObjAufnahme="1998-03-24" ObjStrasseID="7956" ObjHausnummer="Roßkampstraße 46" ObjVorlage="2013-09-11 00:00:00.0" ObKeinKontakt="1" ObjArtID="24" Merkmal="0.0"/>
  <Objekte ObjID="9204" ObjAufnahme="1998-03-24" ObjLetztKontakt="1998-04-21" ObjStrasseID="7956" ObjHausnummer="Roßkampstraße 44" ObjVorlage="2013-09-11 00:00:00.0" ObKeinKontakt="2" ObjArtID="8" Merkmal="0.0"/>
  <Objekte ObjID="9205" ObjAufnahme="1998-03-24" ObjStrasseID="7956" ObjHausnummer="Roßkampstraße 42" ObjVorlage="2013-09-11 00:00:00.0" ObKeinKontakt="1" ObjArtID="24" Merkmal="0.0"/>
  <Objekte ObjID="9206" ObjAufnahme="1998-03-24" ObjStrasseID="7956" ObjHausnummer="Roßkampstraße 38" ObjVorlage="2013-09-11 00:00:00.0" ObKeinKontakt="1" ObjArtID="24" Merkmal="0.0"/>
  <Objekte ObjID="9207" ObjAufnahme="1998-03-24" ObjLetztKontakt="1998-03-24" ObjStrasseID="159" ObjHausnummer="Jakobistraße 25" ObjVorlage="2013-09-11 00:00:00.0" ObKeinKontakt="5" ObjArtID="139" Merkmal="0.0"/>
  <Objekte ObjID="9208" ObjAufnahme="1998-03-24" ObjStrasseID="8067" ObjHausnummer="Schiffgraben 12" ObjVorlage="2013-09-11 00:00:00.0" ObKeinKontakt="1" ObjArtID="9" Merkmal="0.0"/>
  <Objekte ObjID="9209" ObjAufnahme="1998-03-24" ObjStrasseID="8067" ObjHausnummer="Schiffgraben 14" ObjVorlage="2013-09-11 00:00:00.0" ObKeinKontakt="1" ObjArtID="9" Merkmal="0.0"/>
  <Objekte ObjID="9210" ObjAufnahme="1998-03-24" ObjStrasseID="8067" ObjHausnummer="Schiffgraben 18" ObjVorlage="2013-09-11 00:00:00.0" ObKeinKontakt="1" ObjArtID="9" Merkmal="0.0"/>
  <Objekte ObjID="9211" ObjAufnahme="1998-03-24" ObjStrasseID="8067" ObjHausnummer="Schiffgraben 22" ObjVorlage="2013-09-11 00:00:00.0" ObKeinKontakt="1" ObjArtID="9" Merkmal="0.0"/>
  <Objekte ObjID="9212" ObjAufnahme="1998-03-24" ObjStrasseID="8067" ObjHausnummer="Schiffgraben 24" ObjVorlage="2013-09-11 00:00:00.0" ObKeinKontakt="1" ObjArtID="9" Merkmal="0.0"/>
  <Objekte ObjID="9213" ObjAufnahme="1998-03-24" ObjStrasseID="8067" ObjHausnummer="Schiffgraben 26" ObjVorlage="2013-09-11 00:00:00.0" ObKeinKontakt="1" ObjArtID="9" Merkmal="0.0"/>
  <Objekte ObjID="9214" ObjAufnahme="1998-03-24" ObjStrasseID="8067" ObjHausnummer="Schiffgraben 30" ObjVorlage="2013-09-11 00:00:00.0" ObKeinKontakt="1" ObjArtID="9" Merkmal="0.0"/>
  <Objekte ObjID="9215" ObjAufnahme="1998-03-24" ObjStrasseID="8067" ObjHausnummer="Schiffgraben 36" ObjVorlage="2013-09-11 00:00:00.0" ObKeinKontakt="1" ObjArtID="9" Merkmal="0.0"/>
  <Objekte ObjID="9216" ObjAufnahme="1998-03-24" ObjStrasseID="8067" ObjHausnummer="Schiffgraben 40" ObjVorlage="2013-09-11 00:00:00.0" ObKeinKontakt="1" ObjArtID="9" Merkmal="0.0"/>
  <Objekte ObjID="9217" ObjAufnahme="1998-03-24" ObjStrasseID="8067" ObjHausnummer="Schiffgraben 44" ObjVorlage="2013-09-11 00:00:00.0" ObKeinKontakt="1" ObjArtID="9" Merkmal="0.0"/>
  <Objekte ObjID="9218" ObjAufnahme="1998-03-24" ObjStrasseID="8067" ObjHausnummer="Schiffgraben 48" ObjVorlage="2013-09-11 00:00:00.0" ObKeinKontakt="1" ObjArtID="9" Merkmal="0.0"/>
  <Objekte ObjID="9219" ObjAufnahme="1998-03-24" ObjStrasseID="8067" ObjHausnummer="Schiffgraben 61" ObjVorlage="2013-09-11 00:00:00.0" ObKeinKontakt="1" ObjArtID="9" Merkmal="0.0"/>
  <Objekte ObjID="9220" ObjAufnahme="1998-03-24" ObjStrasseID="8067" ObjVorlage="2013-09-11 00:00:00.0" ObKeinKontakt="1" ObjArtID="9" Merkmal="0.0"/>
  <Objekte ObjID="9221" ObjAufnahme="1998-03-24" ObjStrasseID="8067" ObjHausnummer="Schiffgraben 59" ObjVorlage="2013-09-11 00:00:00.0" ObKeinKontakt="1" ObjArtID="9" Merkmal="0.0"/>
  <Objekte ObjID="9222" ObjAufnahme="1998-03-24" ObjStrasseID="8067" ObjHausnummer="Schiffgraben 57" ObjVorlage="2013-09-11 00:00:00.0" ObKeinKontakt="1" ObjArtID="9" Merkmal="0.0"/>
  <Objekte ObjID="9223" ObjAufnahme="1998-03-24" ObjStrasseID="8067" ObjHausnummer="Schiffgraben 55" ObjVorlage="2013-09-11 00:00:00.0" ObKeinKontakt="1" ObjArtID="9" Merkmal="0.0"/>
  <Objekte ObjID="9224" ObjAufnahme="1998-03-24" ObjStrasseID="8067" ObjHausnummer="Schiffgraben 53" ObjVorlage="2013-09-11 00:00:00.0" ObKeinKontakt="1" ObjArtID="9" Merkmal="0.0"/>
  <Objekte ObjID="9225" ObjAufnahme="1998-03-24" ObjStrasseID="8067" ObjHausnummer="Schiffgraben 51" ObjVorlage="2013-09-11 00:00:00.0" ObKeinKontakt="1" ObjArtID="9" Merkmal="0.0"/>
  <Objekte ObjID="9226" ObjAufnahme="1998-03-24" ObjStrasseID="8067" ObjHausnummer="Schiffgraben 49" ObjVorlage="2013-09-11 00:00:00.0" ObKeinKontakt="1" ObjArtID="9" Merkmal="0.0"/>
  <Objekte ObjID="9227" ObjAufnahme="1998-03-24" ObjStrasseID="8067" ObjHausnummer="Schiffgraben 47" ObjVorlage="2013-09-11 00:00:00.0" ObKeinKontakt="1" ObjArtID="9" Merkmal="0.0"/>
  <Objekte ObjID="9228" ObjAufnahme="1998-03-24" ObjStrasseID="8067" ObjHausnummer="Schiffgraben 45" ObjVorlage="2013-09-11 00:00:00.0" ObKeinKontakt="1" ObjArtID="9" Merkmal="0.0"/>
  <Objekte ObjID="9229" ObjAufnahme="1998-03-24" ObjStrasseID="8067" ObjHausnummer="Schiffgraben 43" ObjVorlage="2013-09-11 00:00:00.0" ObKeinKontakt="1" ObjArtID="9" Merkmal="0.0"/>
  <Objekte ObjID="9230" ObjAufnahme="1998-03-24" ObjStrasseID="8067" ObjHausnummer="Schiffgraben 41" ObjVorlage="2013-09-11 00:00:00.0" ObKeinKontakt="1" ObjArtID="9" Merkmal="0.0"/>
  <Objekte ObjID="9231" ObjAufnahme="1998-03-24" ObjStrasseID="8067" ObjHausnummer="Schiffgraben 39" ObjVorlage="2013-09-11 00:00:00.0" ObKeinKontakt="1" ObjArtID="9" Merkmal="0.0"/>
  <Objekte ObjID="9232" ObjAufnahme="1998-03-24" ObjStrasseID="8067" ObjHausnummer="Schiffgraben 37" ObjVorlage="2013-09-11 00:00:00.0" ObKeinKontakt="1" ObjArtID="9" Merkmal="0.0"/>
  <Objekte ObjID="9233" ObjAufnahme="1998-03-24" ObjStrasseID="8067" ObjHausnummer="Schiffgraben 35" ObjVorlage="2013-09-11 00:00:00.0" ObKeinKontakt="1" ObjArtID="9" Merkmal="0.0"/>
  <Objekte ObjID="9234" ObjAufnahme="1998-03-24" ObjStrasseID="8067" ObjHausnummer="Schiffgraben 33" ObjVorlage="2013-09-11 00:00:00.0" ObKeinKontakt="1" ObjArtID="9" Merkmal="0.0"/>
  <Objekte ObjID="9235" ObjAufnahme="1998-03-25" ObjStrasseID="7956" ObjHausnummer="Roßkampstraße 6" ObjVorlage="2013-09-11 00:00:00.0" ObKeinKontakt="1" ObjArtID="20" Merkmal="0.0"/>
  <Objekte ObjID="9236" ObjAufnahme="1998-03-25" ObjStrasseID="7956" ObjHausnummer="Roßkampstraße 8" ObjVorlage="2013-09-11 00:00:00.0" ObKeinKontakt="1" ObjArtID="20" Merkmal="0.0"/>
  <Objekte ObjID="9237" ObjAufnahme="1998-03-25" ObjStrasseID="7956" ObjHausnummer="Roßkampstraße 8A" ObjVorlage="2013-09-11 00:00:00.0" ObKeinKontakt="1" ObjArtID="20" Merkmal="0.0"/>
  <Objekte ObjID="9238" ObjAufnahme="1998-03-25" ObjStrasseID="7956" ObjHausnummer="Roßkampstraße 10" ObjVorlage="2013-09-11 00:00:00.0" ObKeinKontakt="1" ObjArtID="20" Merkmal="0.0"/>
  <Objekte ObjID="9239" ObjAufnahme="1998-03-25" ObjStrasseID="7956" ObjHausnummer="Roßkampstraße 12" ObjVorlage="2013-09-11 00:00:00.0" ObKeinKontakt="1" ObjArtID="20" Merkmal="0.0"/>
  <Objekte ObjID="9240" ObjAufnahme="1998-03-25" ObjStrasseID="7956" ObjHausnummer="Roßkampstraße 14" ObjVorlage="2013-09-11 00:00:00.0" ObKeinKontakt="1" ObjArtID="20" Merkmal="0.0"/>
  <Objekte ObjID="9241" ObjAufnahme="1998-03-25" ObjStrasseID="7956" ObjHausnummer="Roßkampstraße 16" ObjVorlage="2013-09-11 00:00:00.0" ObKeinKontakt="1" ObjArtID="20" Merkmal="0.0"/>
  <Objekte ObjID="9242" ObjAufnahme="1998-03-25" ObjStrasseID="7956" ObjHausnummer="Roßkampstraße 18" ObjVorlage="2013-09-11 00:00:00.0" ObKeinKontakt="1" ObjArtID="20" Merkmal="0.0"/>
  <Objekte ObjID="9243" ObjAufnahme="1998-03-25" ObjStrasseID="7956" ObjHausnummer="Roßkampstraße 20" ObjVorlage="2013-09-11 00:00:00.0" ObKeinKontakt="1" ObjArtID="20" Merkmal="0.0"/>
  <Objekte ObjID="9244" ObjAufnahme="1998-03-25" ObjStrasseID="7956" ObjHausnummer="Roßkampstraße 22" ObjVorlage="2013-09-11 00:00:00.0" ObKeinKontakt="1" ObjArtID="20" Merkmal="0.0"/>
  <Objekte ObjID="9245" ObjAufnahme="1998-03-25" ObjStrasseID="7956" ObjHausnummer="Roßkampstraße 26" ObjVorlage="2013-09-11 00:00:00.0" ObKeinKontakt="1" ObjArtID="20" Merkmal="0.0"/>
  <Objekte ObjID="9246" ObjAufnahme="1998-03-25" ObjStrasseID="7956" ObjHausnummer="Roßkampstraße 28" ObjVorlage="2013-09-11 00:00:00.0" ObKeinKontakt="1" ObjArtID="20" Merkmal="0.0"/>
  <Objekte ObjID="9247" ObjAufnahme="1998-03-25" ObjStrasseID="7956" ObjHausnummer="Roßkampstraße 30" ObjVorlage="2013-09-11 00:00:00.0" ObKeinKontakt="1" ObjArtID="20" Merkmal="0.0"/>
  <Objekte ObjID="9248" ObjAufnahme="1998-03-25" ObjStrasseID="7956" ObjHausnummer="Roßkampstraße 32" ObjVorlage="2013-09-11 00:00:00.0" ObKeinKontakt="1" ObjArtID="20" Merkmal="0.0"/>
  <Objekte ObjID="9249" ObjAufnahme="1998-03-25" ObjStrasseID="7956" ObjHausnummer="Roßkampstraße 34" ObjVorlage="2013-09-11 00:00:00.0" ObKeinKontakt="1" ObjArtID="20" Merkmal="0.0"/>
  <Objekte ObjID="9250" ObjAufnahme="1998-03-25" ObjStrasseID="8614" ObjHausnummer="Wiener Straße 1" ObjVorlage="2013-09-11 00:00:00.0" ObKeinKontakt="2" ObjArtID="20" Merkmal="0.0"/>
  <Objekte ObjID="9251" ObjAufnahme="1998-03-25" ObjStrasseID="8614" ObjHausnummer="Wiener Straße 3" ObjVorlage="2013-09-11 00:00:00.0" ObKeinKontakt="1" ObjArtID="20" Merkmal="0.0"/>
  <Objekte ObjID="9254" ObjAufnahme="1998-03-25" ObjStrasseID="8614" ObjHausnummer="Wiener Straße 9" ObjVorlage="2013-09-11 00:00:00.0" ObKeinKontakt="1" ObjArtID="20" Merkmal="0.0"/>
  <Objekte ObjID="9255" ObjAufnahme="1998-03-25" ObjStrasseID="8614" ObjHausnummer="Wiener Straße 11" ObjVorlage="2013-09-11 00:00:00.0" ObKeinKontakt="1" ObjArtID="20" Merkmal="0.0"/>
  <Objekte ObjID="9256" ObjAufnahme="1998-03-25" ObjLetztKontakt="1998-04-21" ObjStrasseID="8614" ObjHausnummer="Wiener Straße 11A" ObjVorlage="2013-09-11 00:00:00.0" ObKeinKontakt="2" ObjArtID="20" Merkmal="0.0"/>
  <Objekte ObjID="9257" ObjAufnahme="1998-03-25" ObjStrasseID="8614" ObjHausnummer="Wiener Straße 13" ObjVorlage="2013-09-11 00:00:00.0" ObKeinKontakt="1" ObjArtID="20" Merkmal="0.0"/>
  <Objekte ObjID="9258" ObjAufnahme="1998-03-25" ObjLetztKontakt="1998-04-21" ObjStrasseID="8614" ObjHausnummer="Wiener Straße 15" ObjVorlage="2013-09-11 00:00:00.0" ObKeinKontakt="1" ObjArtID="20" Merkmal="0.0"/>
  <Objekte ObjID="9259" ObjAufnahme="1998-03-25" ObjStrasseID="8614" ObjHausnummer="Wiener Straße 17" ObjVorlage="2013-09-11 00:00:00.0" ObKeinKontakt="1" ObjArtID="20" Merkmal="0.0"/>
  <Objekte ObjID="9260" ObjAufnahme="1998-03-25" ObjStrasseID="8614" ObjHausnummer="Wiener Straße 19" ObjVorlage="2013-09-11 00:00:00.0" ObKeinKontakt="1" ObjArtID="20" Merkmal="0.0"/>
  <Objekte ObjID="9261" ObjAufnahme="1998-03-25" ObjLetztKontakt="1998-04-21" ObjStrasseID="8614" ObjHausnummer="Wiener Straße 23" ObjVorlage="2013-09-11 00:00:00.0" ObKeinKontakt="2" ObjArtID="8" Merkmal="0.0"/>
  <Objekte ObjID="9262" ObjAufnahme="1998-03-25" ObjStrasseID="8614" ObjHausnummer="Wiener Straße 25" ObjVorlage="2013-09-11 00:00:00.0" ObKeinKontakt="1" ObjArtID="55" Merkmal="0.0" ObjInfo="37592\Blk.S/W"/>
  <Objekte ObjID="9263" ObjAufnahme="1998-03-25" ObjLetztKontakt="1998-04-21" ObjStrasseID="8614" ObjHausnummer="Wiener Straße 26" ObjVorlage="2013-09-11 00:00:00.0" ObKeinKontakt="2" ObjArtID="8" Merkmal="0.0"/>
  <Objekte ObjID="9264" ObjAufnahme="1998-03-25" ObjStrasseID="8614" ObjHausnummer="Wiener Straße 22" ObjVorlage="2013-09-11 00:00:00.0" ObKeinKontakt="1" ObjArtID="20" Merkmal="0.0"/>
  <Objekte ObjID="9265" ObjAufnahme="1998-03-25" ObjLetztKontakt="1998-04-21" ObjStrasseID="8614" ObjHausnummer="Wiener Straße 18" ObjVorlage="2013-09-11 00:00:00.0" ObKeinKontakt="2" ObjArtID="1" Merkmal="0.0"/>
  <Objekte ObjID="9266" ObjAufnahme="1998-03-25" ObjStrasseID="8614" ObjHausnummer="Wiener Straße 20" ObjVorlage="2013-09-11 00:00:00.0" ObKeinKontakt="1" ObjArtID="20" Merkmal="0.0"/>
  <Objekte ObjID="9267" ObjAufnahme="1998-03-25" ObjStrasseID="8614" ObjHausnummer="Wiener Straße 16" ObjVorlage="2013-09-11 00:00:00.0" ObKeinKontakt="1" ObjArtID="20" Merkmal="0.0"/>
  <Objekte ObjID="9268" ObjAufnahme="1998-03-25" ObjLetztKontakt="1998-04-21" ObjStrasseID="8614" ObjHausnummer="Wiener Straße 14" ObjVorlage="2013-09-11 00:00:00.0" ObKeinKontakt="2" ObjArtID="20" Merkmal="0.0"/>
  <Objekte ObjID="9269" ObjAufnahme="1998-03-25" ObjLetztKontakt="1998-04-21" ObjStrasseID="8614" ObjHausnummer="Wiener Straße 12B" ObjVorlage="2013-09-11 00:00:00.0" ObKeinKontakt="2" ObjArtID="20" Merkmal="0.0"/>
  <Objekte ObjID="9270" ObjAufnahme="1998-03-25" ObjStrasseID="8614" ObjHausnummer="Wiener Straße 12A" ObjVorlage="2013-09-11 00:00:00.0" ObKeinKontakt="1" ObjArtID="20" Merkmal="0.0"/>
  <Objekte ObjID="9271" ObjAufnahme="1998-03-25" ObjStrasseID="8614" ObjHausnummer="Wiener Straße 12" ObjVorlage="2013-09-11 00:00:00.0" ObKeinKontakt="1" ObjArtID="20" Merkmal="0.0"/>
  <Objekte ObjID="9272" ObjAufnahme="1998-03-25" ObjLetztKontakt="1998-04-21" ObjStrasseID="8614" ObjHausnummer="Wiener Straße 4" ObjVorlage="2013-09-11 00:00:00.0" ObKeinKontakt="1" ObjArtID="20" Merkmal="0.0" ObjInfo="vor ca. 6 Monaten Verkauft"/>
  <Objekte ObjID="9273" ObjAufnahme="1998-03-25" ObjLetztKontakt="1998-04-21" ObjStrasseID="8614" ObjHausnummer="Wiener Straße 6" ObjVorlage="2013-09-11 00:00:00.0" ObKeinKontakt="2" ObjArtID="20" Merkmal="0.0"/>
  <Objekte ObjID="9274" ObjAufnahme="1998-03-25" ObjLetztKontakt="1998-04-21" ObjStrasseID="8614" ObjHausnummer="Wiener Straße 8" ObjVorlage="2013-09-11 00:00:00.0" ObKeinKontakt="2" ObjArtID="20" Merkmal="0.0"/>
  <Objekte ObjID="9275" ObjAufnahme="1998-03-25" ObjStrasseID="8614" ObjHausnummer="Wiener Straße 10" ObjVorlage="2013-09-11 00:00:00.0" ObKeinKontakt="1" ObjArtID="20" Merkmal="0.0"/>
  <Objekte ObjID="9276" ObjAufnahme="1998-03-25" ObjLetztKontakt="1998-04-21" ObjStrasseID="8614" ObjHausnummer="Wiener Straße 2" ObjVorlage="2013-09-11 00:00:00.0" ObKeinKontakt="3" ObjArtID="20" Merkmal="0.0" ObjInfo="In einem Monat"/>
  <Objekte ObjID="9277" ObjAufnahme="1998-03-25" ObjStrasseID="6627" ObjHausnummer="Grazer Straße 4" ObjVorlage="2013-09-11 00:00:00.0" ObKeinKontakt="1" ObjArtID="20" Merkmal="0.0"/>
  <Objekte ObjID="9278" ObjAufnahme="1998-03-25" ObjStrasseID="6627" ObjHausnummer="Grazer Straße 3" ObjVorlage="2013-09-11 00:00:00.0" ObKeinKontakt="1" ObjArtID="20" Merkmal="0.0"/>
  <Objekte ObjID="9279" ObjAufnahme="1998-03-25" ObjStrasseID="6627" ObjHausnummer="Grazer Straße 6" ObjVorlage="2013-09-11 00:00:00.0" ObKeinKontakt="1" ObjArtID="20" Merkmal="0.0"/>
  <Objekte ObjID="9280" ObjAufnahme="1998-03-25" ObjStrasseID="6627" ObjHausnummer="Grazer Straße 8" ObjVorlage="2013-09-11 00:00:00.0" ObKeinKontakt="1" ObjArtID="20" Merkmal="0.0"/>
  <Objekte ObjID="9281" ObjAufnahme="1998-03-26" ObjStrasseID="6627" ObjHausnummer="Grazer Straße 10" ObjVorlage="2013-09-11 00:00:00.0" ObKeinKontakt="1" ObjArtID="20" Merkmal="0.0"/>
  <Objekte ObjID="9282" ObjAufnahme="1998-03-26" ObjStrasseID="6627" ObjHausnummer="Grazer Straße 7" ObjVorlage="2013-09-11 00:00:00.0" ObKeinKontakt="1" ObjArtID="20" Merkmal="0.0"/>
  <Objekte ObjID="9285" ObjAufnahme="1998-03-26" ObjStrasseID="6627" ObjHausnummer="Grazer Straße 9" ObjVorlage="2013-09-11 00:00:00.0" ObKeinKontakt="1" ObjArtID="20" Merkmal="0.0"/>
  <Objekte ObjID="9286" ObjAufnahme="1998-03-26" ObjStrasseID="6627" ObjHausnummer="Grazer Straße 12" ObjVorlage="2013-09-11 00:00:00.0" ObKeinKontakt="1" ObjArtID="20" Merkmal="0.0"/>
  <Objekte ObjID="9287" ObjAufnahme="1998-03-26" ObjStrasseID="6627" ObjHausnummer="Grazer Straße 14" ObjVorlage="2013-09-11 00:00:00.0" ObKeinKontakt="9" ObjArtID="93" Merkmal="0.0" ObjInfo="795167\ Loggia S Stellpl. z anm."/>
  <Objekte ObjID="9288" ObjAufnahme="1998-03-26" ObjStrasseID="6627" ObjHausnummer="Grazer Straße 15" ObjVorlage="2013-09-11 00:00:00.0" ObKeinKontakt="1" ObjArtID="20" Merkmal="0.0"/>
  <Objekte ObjID="9289" ObjAufnahme="1998-03-26" ObjStrasseID="6627" ObjHausnummer="Grazer Straße 20" ObjVorlage="2013-09-11 00:00:00.0" ObKeinKontakt="1" ObjArtID="20" Merkmal="0.0"/>
  <Objekte ObjID="9290" ObjAufnahme="1998-03-26" ObjStrasseID="6627" ObjHausnummer="Grazer Straße 17" ObjVorlage="2013-09-11 00:00:00.0" ObKeinKontakt="1" ObjArtID="20" Merkmal="0.0"/>
  <Objekte ObjID="9291" ObjAufnahme="1998-03-26" ObjStrasseID="6627" ObjHausnummer="Grazer Straße 22" ObjVorlage="2013-09-11 00:00:00.0" ObKeinKontakt="1" ObjArtID="20" Merkmal="0.0"/>
  <Objekte ObjID="9292" ObjAufnahme="1998-03-26" ObjStrasseID="6627" ObjHausnummer="Grazer Straße 24" ObjVorlage="2013-09-11 00:00:00.0" ObKeinKontakt="1" ObjArtID="20" Merkmal="0.0"/>
  <Objekte ObjID="9293" ObjAufnahme="1998-03-26" ObjStrasseID="6627" ObjHausnummer="Grazer Straße 26" ObjVorlage="2013-09-11 00:00:00.0" ObKeinKontakt="1" ObjArtID="20" Merkmal="0.0"/>
  <Objekte ObjID="9294" ObjAufnahme="1998-03-26" ObjStrasseID="6627" ObjHausnummer="Grazer Straße 28" ObjVorlage="2013-09-11 00:00:00.0" ObKeinKontakt="1" ObjArtID="20" Merkmal="0.0"/>
  <Objekte ObjID="9295" ObjAufnahme="1998-03-26" ObjStrasseID="6627" ObjHausnummer="Grazer Straße 30" ObjVorlage="2013-09-11 00:00:00.0" ObKeinKontakt="1" ObjArtID="20" Merkmal="0.0"/>
  <Objekte ObjID="9296" ObjAufnahme="1998-03-26" ObjStrasseID="6627" ObjHausnummer="Grazer Straße 32" ObjVorlage="2013-09-11 00:00:00.0" ObKeinKontakt="1" ObjArtID="20" Merkmal="0.0"/>
  <Objekte ObjID="9297" ObjAufnahme="1998-03-26" ObjStrasseID="6627" ObjHausnummer="Grazer Straße 34" ObjVorlage="2013-09-11 00:00:00.0" ObKeinKontakt="1" ObjArtID="20" Merkmal="0.0"/>
  <Objekte ObjID="9298" ObjAufnahme="1998-03-26" ObjLetztKontakt="1998-03-26" ObjStrasseID="3562" ObjHausnummer="Gieseckenkamp 26B" ObjVorlage="2013-09-11 00:00:00.0" ObKeinKontakt="5" ObjArtID="1" Merkmal="0.0" ObjInfo="4WE/60/84/62/950"/>
  <Objekte ObjID="9299" ObjAufnahme="1998-03-27" ObjLetztKontakt="1998-03-27" ObjStrasseID="4107" ObjHausnummer="Lange Weihe 47" ObjVorlage="2013-09-11 00:00:00.0" ObKeinKontakt="5" ObjArtID="125" Merkmal="0.0" ObjInfo="390130\Stellp. DG Maisonette"/>
  <Objekte ObjID="9301" ObjAufnahme="1998-03-30" ObjLetztKontakt="1998-03-30" ObjStrasseID="7264" ObjHausnummer="Kronsberger Straße 8" ObjVorlage="2013-09-11 00:00:00.0" ObKeinKontakt="5" ObjArtID="132" Merkmal="0.0"/>
  <Objekte ObjID="9302" ObjAufnahme="1998-03-30" ObjLetztKontakt="1998-04-21" ObjStrasseID="8507" ObjHausnummer="Waldheimstraße 1" ObjVorlage="2013-09-11 00:00:00.0" ObKeinKontakt="2" ObjArtID="1" Merkmal="0.0"/>
  <Objekte ObjID="9303" ObjAufnahme="1998-03-30" ObjStrasseID="8507" ObjHausnummer="Waldheimstraße 17" ObjVorlage="2013-09-11 00:00:00.0" ObKeinKontakt="1" ObjArtID="8" Merkmal="0.0"/>
  <Objekte ObjID="9304" ObjAufnahme="1998-03-30" ObjLetztKontakt="1998-04-21" ObjStrasseID="8507" ObjHausnummer="Waldheimstraße 19" ObjVorlage="2013-09-11 00:00:00.0" ObKeinKontakt="5" ObjArtID="8" Merkmal="0.0"/>
  <Objekte ObjID="9305" ObjAufnahme="1998-03-30" ObjLetztKontakt="1998-04-21" ObjStrasseID="8507" ObjHausnummer="Waldheimstraße 21" ObjVorlage="2013-09-11 00:00:00.0" ObKeinKontakt="2" ObjArtID="8" Merkmal="0.0"/>
  <Objekte ObjID="9306" ObjAufnahme="1998-03-30" ObjLetztKontakt="1998-04-21" ObjStrasseID="8507" ObjHausnummer="Waldheimstraße 23" ObjVorlage="2013-09-11 00:00:00.0" ObKeinKontakt="2" ObjArtID="8" Merkmal="0.0"/>
  <Objekte ObjID="9307" ObjAufnahme="1998-03-30" ObjStrasseID="8507" ObjHausnummer="Waldheimstraße 1A" ObjVorlage="2013-09-11 00:00:00.0" ObKeinKontakt="1" ObjArtID="8" Merkmal="0.0"/>
  <Objekte ObjID="9308" ObjAufnahme="1998-03-30" ObjLetztKontakt="1998-04-21" ObjStrasseID="8507" ObjHausnummer="Waldheimstraße 3" ObjVorlage="2013-09-11 00:00:00.0" ObKeinKontakt="2" ObjArtID="8" Merkmal="0.0"/>
  <Objekte ObjID="9309" ObjAufnahme="1998-03-30" ObjLetztKontakt="1998-04-21" ObjStrasseID="8507" ObjHausnummer="Waldheimstraße 5" ObjVorlage="2013-09-11 00:00:00.0" ObKeinKontakt="2" ObjArtID="8" Merkmal="0.0"/>
  <Objekte ObjID="9310" ObjAufnahme="1998-03-30" ObjStrasseID="8507" ObjHausnummer="Waldheimstraße 7" ObjVorlage="2013-09-11 00:00:00.0" ObKeinKontakt="1" ObjArtID="8" Merkmal="0.0"/>
  <Objekte ObjID="9311" ObjAufnahme="1998-03-30" ObjLetztKontakt="1998-04-21" ObjStrasseID="8507" ObjHausnummer="Waldheimstraße 7A" ObjVorlage="2013-09-11 00:00:00.0" ObKeinKontakt="2" ObjArtID="8" Merkmal="0.0"/>
  <Objekte ObjID="9312" ObjAufnahme="1998-03-30" ObjStrasseID="8507" ObjHausnummer="Waldheimstraße 7B" ObjVorlage="2013-09-11 00:00:00.0" ObKeinKontakt="1" ObjArtID="8" Merkmal="0.0"/>
  <Objekte ObjID="9313" ObjAufnahme="1998-03-30" ObjStrasseID="8507" ObjHausnummer="Waldheimstraße 9" ObjVorlage="2013-09-11 00:00:00.0" ObKeinKontakt="1" ObjArtID="8" Merkmal="0.0"/>
  <Objekte ObjID="9314" ObjAufnahme="1998-03-30" ObjLetztKontakt="1998-04-21" ObjStrasseID="8507" ObjHausnummer="Waldheimstraße 11" ObjVorlage="2013-09-11 00:00:00.0" ObKeinKontakt="2" ObjArtID="20" Merkmal="0.0"/>
  <Objekte ObjID="9315" ObjAufnahme="1998-03-30" ObjStrasseID="8507" ObjHausnummer="Waldheimstraße 13" ObjVorlage="2013-09-11 00:00:00.0" ObKeinKontakt="1" ObjArtID="8" Merkmal="0.0"/>
  <Objekte ObjID="9316" ObjAufnahme="1998-03-30" ObjLetztKontakt="1998-04-21" ObjStrasseID="8507" ObjHausnummer="Waldheimstraße 15" ObjVorlage="2013-09-11 00:00:00.0" ObKeinKontakt="2" ObjArtID="8" Merkmal="0.0"/>
  <Objekte ObjID="9317" ObjAufnahme="1998-03-30" ObjStrasseID="8507" ObjHausnummer="Waldheimstraße 27" ObjVorlage="2013-09-11 00:00:00.0" ObKeinKontakt="1" ObjArtID="8" Merkmal="0.0"/>
  <Objekte ObjID="9318" ObjAufnahme="1998-03-30" ObjLetztKontakt="2000-02-24" ObjStrasseID="8507" ObjHausnummer="Waldheimstraße 29" ObjVorlage="2013-09-11 00:00:00.0" ObKeinKontakt="2" ObjArtID="8" Merkmal="0.9999999999999999" ObjInfo="133qm/582qm/1953/Einstellplatz/595.000 DM"/>
  <Objekte ObjID="9319" ObjAufnahme="1998-03-30" ObjStrasseID="8507" ObjHausnummer="Waldheimstraße 31" ObjVorlage="2013-09-11 00:00:00.0" ObKeinKontakt="1" ObjArtID="24" Merkmal="0.0" ObjInfo="150 m²580 m²1953Grg.595.000,-- DM"/>
  <Objekte ObjID="9320" ObjAufnahme="1998-03-30" ObjLetztKontakt="1998-04-21" ObjStrasseID="8507" ObjHausnummer="Waldheimstraße 33" ObjVorlage="2013-09-11 00:00:00.0" ObKeinKontakt="2" ObjArtID="8" Merkmal="0.0"/>
  <Objekte ObjID="9321" ObjAufnahme="1998-03-30" ObjLetztKontakt="1998-04-21" ObjStrasseID="8507" ObjHausnummer="Waldheimstraße 48" ObjVorlage="2013-09-11 00:00:00.0" ObKeinKontakt="2" ObjArtID="8" Merkmal="0.0"/>
  <Objekte ObjID="9322" ObjAufnahme="1998-03-30" ObjLetztKontakt="1998-04-21" ObjStrasseID="8507" ObjHausnummer="Waldheimstraße 50" ObjVorlage="2013-09-11 00:00:00.0" ObKeinKontakt="2" ObjArtID="8" Merkmal="0.0"/>
  <Objekte ObjID="9323" ObjAufnahme="1998-03-30" ObjStrasseID="8507" ObjHausnummer="Waldheimstraße 40" ObjVorlage="2013-09-11 00:00:00.0" ObKeinKontakt="1" ObjArtID="8" Merkmal="0.0"/>
  <Objekte ObjID="9324" ObjAufnahme="1998-03-30" ObjStrasseID="8507" ObjHausnummer="Waldheimstraße 42" ObjVorlage="2013-09-11 00:00:00.0" ObKeinKontakt="1" ObjArtID="8" Merkmal="0.0"/>
  <Objekte ObjID="9325" ObjAufnahme="1998-03-30" ObjLetztKontakt="1998-04-21" ObjStrasseID="8507" ObjHausnummer="Waldheimstraße 44" ObjVorlage="2013-09-11 00:00:00.0" ObKeinKontakt="2" ObjArtID="8" Merkmal="0.0"/>
  <Objekte ObjID="9326" ObjAufnahme="1998-03-30" ObjStrasseID="8507" ObjHausnummer="Waldheimstraße 46" ObjVorlage="2013-09-11 00:00:00.0" ObKeinKontakt="1" ObjArtID="8" Merkmal="0.0"/>
  <Objekte ObjID="9327" ObjAufnahme="1998-03-30" ObjLetztKontakt="1998-04-21" ObjStrasseID="8507" ObjHausnummer="Waldheimstraße 36" ObjVorlage="2013-09-11 00:00:00.0" ObKeinKontakt="2" ObjArtID="8" Merkmal="0.0"/>
  <Objekte ObjID="9328" ObjAufnahme="1998-03-30" ObjLetztKontakt="1998-04-21" ObjStrasseID="8507" ObjHausnummer="Waldheimstraße 38" ObjVorlage="2013-09-11 00:00:00.0" ObKeinKontakt="2" ObjArtID="8" Merkmal="0.0"/>
  <Objekte ObjID="9329" ObjAufnahme="1998-03-30" ObjLetztKontakt="1998-04-21" ObjStrasseID="8507" ObjHausnummer="Waldheimstraße 30" ObjVorlage="2013-09-11 00:00:00.0" ObKeinKontakt="2" ObjArtID="8" Merkmal="0.0"/>
  <Objekte ObjID="9330" ObjAufnahme="1998-03-30" ObjStrasseID="8507" ObjHausnummer="Waldheimstraße 32" ObjVorlage="2013-09-11 00:00:00.0" ObKeinKontakt="1" ObjArtID="8" Merkmal="0.0"/>
  <Objekte ObjID="9331" ObjAufnahme="1998-03-30" ObjLetztKontakt="1998-04-21" ObjStrasseID="8507" ObjHausnummer="Waldheimstraße 34" ObjVorlage="2013-09-11 00:00:00.0" ObKeinKontakt="2" ObjArtID="8" Merkmal="0.0"/>
  <Objekte ObjID="9332" ObjAufnahme="1998-03-30" ObjStrasseID="8507" ObjHausnummer="Waldheimstraße 26" ObjVorlage="2013-09-11 00:00:00.0" ObKeinKontakt="1" ObjArtID="8" Merkmal="0.0"/>
  <Objekte ObjID="9333" ObjAufnahme="1998-03-30" ObjLetztKontakt="1998-04-21" ObjStrasseID="8507" ObjHausnummer="Waldheimstraße 20" ObjVorlage="2013-09-11 00:00:00.0" ObKeinKontakt="2" ObjArtID="8" Merkmal="0.0"/>
  <Objekte ObjID="9334" ObjAufnahme="1998-03-30" ObjLetztKontakt="1998-04-21" ObjStrasseID="8507" ObjHausnummer="Waldheimstraße 22" ObjVorlage="2013-09-11 00:00:00.0" ObKeinKontakt="2" ObjArtID="20" Merkmal="0.0"/>
  <Objekte ObjID="9335" ObjAufnahme="1998-03-30" ObjStrasseID="8507" ObjHausnummer="Waldheimstraße 24" ObjVorlage="2013-09-11 00:00:00.0" ObKeinKontakt="1" ObjArtID="8" Merkmal="0.0"/>
  <Objekte ObjID="9336" ObjAufnahme="1998-03-30" ObjLetztKontakt="1998-04-21" ObjStrasseID="8507" ObjHausnummer="Waldheimstraße 18" ObjVorlage="2013-09-11 00:00:00.0" ObKeinKontakt="2" ObjArtID="1" Merkmal="0.0"/>
  <Objekte ObjID="9337" ObjAufnahme="1998-03-30" ObjStrasseID="8507" ObjHausnummer="Waldheimstraße 16" ObjVorlage="2013-09-11 00:00:00.0" ObKeinKontakt="1" ObjArtID="8" Merkmal="0.0"/>
  <Objekte ObjID="9338" ObjAufnahme="1998-03-30" ObjStrasseID="8507" ObjHausnummer="Waldheimstraße 14" ObjVorlage="2013-09-11 00:00:00.0" ObKeinKontakt="1" ObjArtID="8" Merkmal="0.0"/>
  <Objekte ObjID="9339" ObjAufnahme="1998-03-30" ObjLetztKontakt="1998-04-21" ObjStrasseID="8507" ObjHausnummer="Waldheimstraße 12" ObjVorlage="2013-09-11 00:00:00.0" ObKeinKontakt="2" ObjArtID="20" Merkmal="0.0"/>
  <Objekte ObjID="9340" ObjAufnahme="1998-03-30" ObjStrasseID="8507" ObjHausnummer="Waldheimstraße 10" ObjVorlage="2013-09-11 00:00:00.0" ObKeinKontakt="1" ObjArtID="8" Merkmal="0.0"/>
  <Objekte ObjID="9341" ObjAufnahme="1998-03-30" ObjStrasseID="8507" ObjHausnummer="Waldheimstraße 6" ObjVorlage="2013-09-11 00:00:00.0" ObKeinKontakt="1" ObjArtID="8" Merkmal="0.0"/>
  <Objekte ObjID="9342" ObjAufnahme="1998-03-30" ObjStrasseID="8507" ObjHausnummer="Waldheimstraße 8" ObjVorlage="2013-09-11 00:00:00.0" ObKeinKontakt="1" ObjArtID="8" Merkmal="0.0"/>
  <Objekte ObjID="9343" ObjAufnahme="1998-03-30" ObjStrasseID="8507" ObjHausnummer="Waldheimstraße 2" ObjVorlage="2013-09-11 00:00:00.0" ObKeinKontakt="1" ObjArtID="8" Merkmal="0.0"/>
  <Objekte ObjID="9344" ObjAufnahme="1998-03-30" ObjLetztKontakt="1998-04-21" ObjStrasseID="8507" ObjHausnummer="Waldheimstraße 4" ObjVorlage="2013-09-11 00:00:00.0" ObKeinKontakt="2" ObjArtID="8" Merkmal="0.0"/>
  <Objekte ObjID="9345" ObjAufnahme="1998-03-30" ObjStrasseID="6227" ObjHausnummer="Dittmerstraße 1" ObjVorlage="2013-09-11 00:00:00.0" ObKeinKontakt="1" ObjArtID="8" Merkmal="0.0"/>
  <Objekte ObjID="9346" ObjAufnahme="1998-03-30" ObjStrasseID="6227" ObjHausnummer="Dittmerstraße 3" ObjVorlage="2013-09-11 00:00:00.0" ObKeinKontakt="1" ObjArtID="8" Merkmal="0.0"/>
  <Objekte ObjID="9347" ObjAufnahme="1998-03-30" ObjStrasseID="6227" ObjHausnummer="Dittmerstraße 5" ObjVorlage="2013-09-11 00:00:00.0" ObKeinKontakt="1" ObjArtID="8" Merkmal="0.0"/>
  <Objekte ObjID="9348" ObjAufnahme="1998-03-30" ObjLetztKontakt="1998-04-24" ObjStrasseID="6227" ObjHausnummer="Dittmerstraße 7" ObjVorlage="2013-09-11 00:00:00.0" ObKeinKontakt="2" ObjArtID="8" Merkmal="0.0"/>
  <Objekte ObjID="9349" ObjAufnahme="1998-03-31" ObjStrasseID="3132" ObjHausnummer="Berliner Straße 6" ObjVorlage="2013-09-11 00:00:00.0" ObKeinKontakt="1" ObjArtID="1" Merkmal="0.0"/>
  <Objekte ObjID="9350" ObjAufnahme="1998-03-31" ObjStrasseID="3132" ObjHausnummer="Berliner Straße 6A" ObjVorlage="2013-09-11 00:00:00.0" ObKeinKontakt="1" ObjArtID="1" Merkmal="0.0"/>
  <Objekte ObjID="9351" ObjAufnahme="1998-03-31" ObjStrasseID="3132" ObjHausnummer="Berliner Straße 8" ObjVorlage="2013-09-11 00:00:00.0" ObKeinKontakt="1" ObjArtID="1" Merkmal="0.0"/>
  <Objekte ObjID="9352" ObjAufnahme="1998-03-31" ObjStrasseID="3132" ObjHausnummer="Berliner Straße 8A" ObjVorlage="2013-09-11 00:00:00.0" ObKeinKontakt="1" ObjArtID="1" Merkmal="0.0"/>
  <Objekte ObjID="9353" ObjAufnahme="1998-03-31" ObjStrasseID="3132" ObjHausnummer="Berliner Straße 10" ObjVorlage="2013-09-11 00:00:00.0" ObKeinKontakt="1" ObjArtID="1" Merkmal="0.0"/>
  <Objekte ObjID="9354" ObjAufnahme="1998-03-31" ObjStrasseID="3132" ObjHausnummer="Berliner Straße 10A" ObjVorlage="2013-09-11 00:00:00.0" ObKeinKontakt="1" ObjArtID="1" Merkmal="0.0"/>
  <Objekte ObjID="9355" ObjAufnahme="1998-03-31" ObjStrasseID="3132" ObjHausnummer="Berliner Straße 10B" ObjVorlage="2013-09-11 00:00:00.0" ObKeinKontakt="1" ObjArtID="1" Merkmal="0.0"/>
  <Objekte ObjID="9356" ObjAufnahme="1998-03-31" ObjStrasseID="3132" ObjHausnummer="Berliner Straße 12" ObjVorlage="2013-09-11 00:00:00.0" ObKeinKontakt="1" ObjArtID="8" Merkmal="0.0"/>
  <Objekte ObjID="9357" ObjAufnahme="1998-03-31" ObjStrasseID="3132" ObjHausnummer="Berliner Straße 14" ObjVorlage="2013-09-11 00:00:00.0" ObKeinKontakt="1" ObjArtID="8" Merkmal="0.0"/>
  <Objekte ObjID="9358" ObjAufnahme="1998-03-31" ObjStrasseID="3132" ObjHausnummer="Berliner Straße 3" ObjVorlage="2013-09-11 00:00:00.0" ObKeinKontakt="1" ObjArtID="8" Merkmal="0.0"/>
  <Objekte ObjID="9359" ObjAufnahme="1998-03-31" ObjStrasseID="3132" ObjHausnummer="Berliner Straße 5" ObjVorlage="2013-09-11 00:00:00.0" ObKeinKontakt="1" ObjArtID="8" Merkmal="0.0"/>
  <Objekte ObjID="9360" ObjAufnahme="1998-03-31" ObjStrasseID="3132" ObjHausnummer="Berliner Straße 7" ObjVorlage="2013-09-11 00:00:00.0" ObKeinKontakt="1" ObjArtID="8" Merkmal="0.0"/>
  <Objekte ObjID="9361" ObjAufnahme="1998-03-31" ObjStrasseID="3132" ObjHausnummer="Berliner Straße 9" ObjVorlage="2013-09-11 00:00:00.0" ObKeinKontakt="1" ObjArtID="8" Merkmal="0.0"/>
  <Objekte ObjID="9362" ObjAufnahme="1998-03-31" ObjStrasseID="3132" ObjHausnummer="Berliner Straße 9A" ObjVorlage="2013-09-11 00:00:00.0" ObKeinKontakt="1" ObjArtID="8" Merkmal="0.0"/>
  <Objekte ObjID="9363" ObjAufnahme="1998-03-31" ObjStrasseID="3132" ObjHausnummer="Berliner Straße 11" ObjVorlage="2013-09-11 00:00:00.0" ObKeinKontakt="1" ObjArtID="8" Merkmal="0.0"/>
  <Objekte ObjID="9364" ObjAufnahme="1998-03-31" ObjStrasseID="3132" ObjHausnummer="Berliner Straße 13" ObjVorlage="2013-09-11 00:00:00.0" ObKeinKontakt="1" ObjArtID="8" Merkmal="0.0"/>
  <Objekte ObjID="9365" ObjAufnahme="1998-03-31" ObjStrasseID="3132" ObjHausnummer="Berliner Straße 15" ObjVorlage="2013-09-11 00:00:00.0" ObKeinKontakt="1" ObjArtID="8" Merkmal="0.0"/>
  <Objekte ObjID="9366" ObjAufnahme="1998-03-31" ObjStrasseID="3132" ObjHausnummer="Berliner Straße 17" ObjVorlage="2013-09-11 00:00:00.0" ObKeinKontakt="1" ObjArtID="8" Merkmal="0.0"/>
  <Objekte ObjID="9367" ObjAufnahme="1998-03-31" ObjStrasseID="3132" ObjHausnummer="Berliner Straße 19" ObjVorlage="2013-09-11 00:00:00.0" ObKeinKontakt="1" ObjArtID="8" Merkmal="0.0"/>
  <Objekte ObjID="9368" ObjAufnahme="1998-03-31" ObjStrasseID="3132" ObjHausnummer="Berliner Straße 21" ObjVorlage="2013-09-11 00:00:00.0" ObKeinKontakt="1" ObjArtID="8" Merkmal="0.0"/>
  <Objekte ObjID="9369" ObjAufnahme="1998-03-31" ObjStrasseID="3132" ObjHausnummer="Berliner Straße 23" ObjVorlage="2013-09-11 00:00:00.0" ObKeinKontakt="1" ObjArtID="8" Merkmal="0.0"/>
  <Objekte ObjID="9370" ObjAufnahme="1998-03-31" ObjStrasseID="3132" ObjHausnummer="Berliner Straße 18" ObjVorlage="2013-09-11 00:00:00.0" ObKeinKontakt="1" ObjArtID="8" Merkmal="0.0"/>
  <Objekte ObjID="9371" ObjAufnahme="1998-03-31" ObjStrasseID="3132" ObjHausnummer="Berliner Straße 20" ObjVorlage="2013-09-11 00:00:00.0" ObKeinKontakt="1" ObjArtID="8" Merkmal="0.0"/>
  <Objekte ObjID="9372" ObjAufnahme="1998-03-31" ObjStrasseID="3132" ObjHausnummer="Berliner Straße 26" ObjVorlage="2013-09-11 00:00:00.0" ObKeinKontakt="1" ObjArtID="8" Merkmal="0.0"/>
  <Objekte ObjID="9373" ObjAufnahme="1998-03-31" ObjStrasseID="3132" ObjHausnummer="Berliner Straße 28" ObjVorlage="2013-09-11 00:00:00.0" ObKeinKontakt="1" ObjArtID="8" Merkmal="0.0"/>
  <Objekte ObjID="9374" ObjAufnahme="1998-03-31" ObjStrasseID="3132" ObjHausnummer="Berliner Straße 30" ObjVorlage="2013-09-11 00:00:00.0" ObKeinKontakt="1" ObjArtID="8" Merkmal="0.0"/>
  <Objekte ObjID="9375" ObjAufnahme="1998-03-31" ObjStrasseID="3132" ObjHausnummer="Berliner Straße 32" ObjVorlage="2013-09-11 00:00:00.0" ObKeinKontakt="1" ObjArtID="8" Merkmal="0.0"/>
  <Objekte ObjID="9376" ObjAufnahme="1998-03-31" ObjStrasseID="3132" ObjHausnummer="Berliner Straße 34" ObjVorlage="2013-09-11 00:00:00.0" ObKeinKontakt="1" ObjArtID="8" Merkmal="0.0"/>
  <Objekte ObjID="9377" ObjAufnahme="1998-03-31" ObjStrasseID="3132" ObjHausnummer="Berliner Straße 36" ObjVorlage="2013-09-11 00:00:00.0" ObKeinKontakt="1" ObjArtID="8" Merkmal="0.0"/>
  <Objekte ObjID="9378" ObjAufnahme="1998-03-31" ObjStrasseID="3132" ObjHausnummer="Berliner Straße 38" ObjVorlage="2013-09-11 00:00:00.0" ObKeinKontakt="1" ObjArtID="8" Merkmal="0.0"/>
  <Objekte ObjID="9379" ObjAufnahme="1998-03-31" ObjLetztKontakt="2000-03-30" ObjStrasseID="3132" ObjHausnummer="Berliner Straße 40" ObjVorlage="2013-09-11 00:00:00.0" ObKeinKontakt="5" ObjArtID="176" Merkmal="0.0" ObjInfo="105 m², 514 m²1950399.000,-- DM"/>
  <Objekte ObjID="9380" ObjAufnahme="1998-03-31" ObjStrasseID="3132" ObjHausnummer="Berliner Straße 42" ObjVorlage="2013-09-11 00:00:00.0" ObKeinKontakt="1" ObjArtID="8" Merkmal="0.0"/>
  <Objekte ObjID="9381" ObjAufnahme="1998-03-31" ObjStrasseID="3132" ObjHausnummer="Berliner Straße 44" ObjVorlage="2013-09-11 00:00:00.0" ObKeinKontakt="1" ObjArtID="8" Merkmal="0.0"/>
  <Objekte ObjID="9382" ObjAufnahme="1998-03-31" ObjStrasseID="3132" ObjHausnummer="Berliner Straße 46" ObjVorlage="2013-09-11 00:00:00.0" ObKeinKontakt="1" ObjArtID="8" Merkmal="0.0"/>
  <Objekte ObjID="9383" ObjAufnahme="1998-03-31" ObjStrasseID="3132" ObjHausnummer="Berliner Straße 48" ObjVorlage="2013-09-11 00:00:00.0" ObKeinKontakt="1" ObjArtID="8" Merkmal="0.0"/>
  <Objekte ObjID="9384" ObjAufnahme="1998-03-31" ObjStrasseID="3132" ObjHausnummer="Berliner Straße 50" ObjVorlage="2013-09-11 00:00:00.0" ObKeinKontakt="1" ObjArtID="8" Merkmal="0.0"/>
  <Objekte ObjID="9385" ObjAufnahme="1998-03-31" ObjStrasseID="3132" ObjHausnummer="Berliner Straße 52" ObjVorlage="2013-09-11 00:00:00.0" ObKeinKontakt="1" ObjArtID="8" Merkmal="0.0"/>
  <Objekte ObjID="9386" ObjAufnahme="1998-03-31" ObjStrasseID="3132" ObjHausnummer="Berliner Straße 54" ObjVorlage="2013-09-11 00:00:00.0" ObKeinKontakt="1" ObjArtID="8" Merkmal="0.0"/>
  <Objekte ObjID="9387" ObjAufnahme="1998-03-31" ObjStrasseID="3132" ObjHausnummer="Berliner Straße 56" ObjVorlage="2013-09-11 00:00:00.0" ObKeinKontakt="1" ObjArtID="8" Merkmal="0.0"/>
  <Objekte ObjID="9388" ObjAufnahme="1998-03-31" ObjStrasseID="3132" ObjHausnummer="Berliner Straße 58" ObjVorlage="2013-09-11 00:00:00.0" ObKeinKontakt="1" ObjArtID="8" Merkmal="0.0"/>
  <Objekte ObjID="9389" ObjAufnahme="1998-03-31" ObjStrasseID="3132" ObjHausnummer="Berliner Straße 60" ObjVorlage="2013-09-11 00:00:00.0" ObKeinKontakt="1" ObjArtID="8" Merkmal="0.0"/>
  <Objekte ObjID="9390" ObjAufnahme="1998-03-31" ObjStrasseID="3132" ObjHausnummer="Berliner Straße 62" ObjVorlage="2013-09-11 00:00:00.0" ObKeinKontakt="1" ObjArtID="8" Merkmal="0.0"/>
  <Objekte ObjID="9391" ObjAufnahme="1998-03-31" ObjStrasseID="3132" ObjHausnummer="Berliner Straße 64" ObjVorlage="2013-09-11 00:00:00.0" ObKeinKontakt="1" ObjArtID="8" Merkmal="0.0"/>
  <Objekte ObjID="9392" ObjAufnahme="1998-03-31" ObjLetztKontakt="1998-03-31" ObjStrasseID="3132" ObjHausnummer="Berliner Straße 1" ObjVorlage="2013-09-11 00:00:00.0" ObKeinKontakt="1" ObjArtID="8" Merkmal="0.0"/>
  <Objekte ObjID="9393" ObjAufnahme="1998-04-01" ObjLetztKontakt="1998-04-24" ObjStrasseID="6227" ObjHausnummer="Dittmerstraße 9" ObjVorlage="2013-09-11 00:00:00.0" ObKeinKontakt="2" ObjArtID="8" Merkmal="0.0"/>
  <Objekte ObjID="9394" ObjAufnahme="1998-04-01" ObjStrasseID="6227" ObjHausnummer="Dittmerstraße 11" ObjVorlage="2013-09-11 00:00:00.0" ObKeinKontakt="1" ObjArtID="8" Merkmal="0.0"/>
  <Objekte ObjID="9395" ObjAufnahme="1998-04-01" ObjStrasseID="6227" ObjHausnummer="Dittmerstraße 13" ObjVorlage="2013-09-11 00:00:00.0" ObKeinKontakt="1" ObjArtID="8" Merkmal="0.0"/>
  <Objekte ObjID="9396" ObjAufnahme="1998-04-01" ObjLetztKontakt="1998-04-24" ObjStrasseID="6227" ObjHausnummer="Dittmerstraße 16" ObjVorlage="2013-09-11 00:00:00.0" ObKeinKontakt="2" ObjArtID="8" Merkmal="0.0"/>
  <Objekte ObjID="9397" ObjAufnahme="1998-04-01" ObjLetztKontakt="1998-04-24" ObjStrasseID="6227" ObjHausnummer="Dittmerstraße 14" ObjVorlage="2013-09-11 00:00:00.0" ObKeinKontakt="2" ObjArtID="8" Merkmal="0.0"/>
  <Objekte ObjID="9398" ObjAufnahme="1998-04-01" ObjStrasseID="6227" ObjHausnummer="Dittmerstraße 12" ObjVorlage="2013-09-11 00:00:00.0" ObKeinKontakt="1" ObjArtID="8" Merkmal="0.0"/>
  <Objekte ObjID="9399" ObjAufnahme="1998-04-01" ObjStrasseID="6227" ObjHausnummer="Dittmerstraße 8" ObjVorlage="2013-09-11 00:00:00.0" ObKeinKontakt="1" ObjArtID="8" Merkmal="0.0"/>
  <Objekte ObjID="9400" ObjAufnahme="1998-04-01" ObjLetztKontakt="1998-04-24" ObjStrasseID="6227" ObjHausnummer="Dittmerstraße 10" ObjVorlage="2013-09-11 00:00:00.0" ObKeinKontakt="2" ObjArtID="8" Merkmal="0.0"/>
  <Objekte ObjID="9401" ObjAufnahme="1998-04-01" ObjStrasseID="6227" ObjHausnummer="Dittmerstraße 4" ObjVorlage="2013-09-11 00:00:00.0" ObKeinKontakt="1" ObjArtID="8" Merkmal="0.0"/>
  <Objekte ObjID="9402" ObjAufnahme="1998-04-01" ObjStrasseID="6227" ObjHausnummer="Dittmerstraße 6" ObjVorlage="2013-09-11 00:00:00.0" ObKeinKontakt="1" ObjArtID="8" Merkmal="0.0"/>
  <Objekte ObjID="9403" ObjAufnahme="1998-04-01" ObjStrasseID="6227" ObjHausnummer="Dittmerstraße 2" ObjVorlage="2013-09-11 00:00:00.0" ObKeinKontakt="1" ObjArtID="8" Merkmal="0.0"/>
  <Objekte ObjID="9404" ObjAufnahme="1998-04-03" ObjLetztKontakt="1998-04-03" ObjStrasseID="8863" ObjHausnummer="Rosenstraße 3" ObjVorlage="2013-09-11 00:00:00.0" ObKeinKontakt="5" ObjArtID="20" Merkmal="0.0"/>
  <Objekte ObjID="9406" ObjAufnahme="1998-04-06" ObjStrasseID="8067" ObjHausnummer="Schiffgraben 27" ObjVorlage="2013-09-11 00:00:00.0" ObKeinKontakt="1" ObjArtID="9" Merkmal="0.0"/>
  <Objekte ObjID="9407" ObjAufnahme="1998-04-06" ObjStrasseID="8067" ObjHausnummer="Schiffgraben 25" ObjVorlage="2013-09-11 00:00:00.0" ObKeinKontakt="1" ObjArtID="9" Merkmal="0.0"/>
  <Objekte ObjID="9408" ObjAufnahme="1998-04-06" ObjStrasseID="8067" ObjHausnummer="Schiffgraben 23" ObjVorlage="2013-09-11 00:00:00.0" ObKeinKontakt="1" ObjArtID="9" Merkmal="0.0"/>
  <Objekte ObjID="9409" ObjAufnahme="1998-04-06" ObjStrasseID="8067" ObjHausnummer="Schiffgraben 21" ObjVorlage="2013-09-11 00:00:00.0" ObKeinKontakt="1" ObjArtID="9" Merkmal="0.0"/>
  <Objekte ObjID="9410" ObjAufnahme="1998-04-06" ObjStrasseID="8067" ObjHausnummer="Schiffgraben 19" ObjVorlage="2013-09-11 00:00:00.0" ObKeinKontakt="1" ObjArtID="9" Merkmal="0.0"/>
  <Objekte ObjID="9411" ObjAufnahme="1998-04-06" ObjStrasseID="8067" ObjHausnummer="Schiffgraben 17" ObjVorlage="2013-09-11 00:00:00.0" ObKeinKontakt="1" ObjArtID="9" Merkmal="0.0"/>
  <Objekte ObjID="9412" ObjAufnahme="1998-04-06" ObjStrasseID="8067" ObjHausnummer="Schiffgraben 15" ObjVorlage="2013-09-11 00:00:00.0" ObKeinKontakt="1" ObjArtID="9" Merkmal="0.0"/>
  <Objekte ObjID="9413" ObjAufnahme="1998-04-06" ObjStrasseID="8067" ObjHausnummer="Schiffgraben 13" ObjVorlage="2013-09-11 00:00:00.0" ObKeinKontakt="1" ObjArtID="9" Merkmal="0.0"/>
  <Objekte ObjID="9414" ObjAufnahme="1998-04-06" ObjStrasseID="8067" ObjHausnummer="Schiffgraben 11" ObjVorlage="2013-09-11 00:00:00.0" ObKeinKontakt="1" ObjArtID="9" Merkmal="0.0"/>
  <Objekte ObjID="9415" ObjAufnahme="1998-04-06" ObjStrasseID="8865" ObjHausnummer="Bahnhofstraße 1" ObjVorlage="2013-09-11 00:00:00.0" ObKeinKontakt="1" ObjArtID="5" Merkmal="0.0"/>
  <Objekte ObjID="9416" ObjAufnahme="1998-04-06" ObjLetztKontakt="1998-04-06" ObjStrasseID="8867" ObjHausnummer="Am Acker 3" ObjVorlage="2013-09-11 00:00:00.0" ObKeinKontakt="5" ObjArtID="8" Merkmal="0.0" ObjInfo="680/250/120/960/2 Grg./61/85"/>
  <Objekte ObjID="9420" ObjAufnahme="1998-04-07" ObjLetztKontakt="1998-04-07" ObjStrasseID="8868" ObjHausnummer="Am Sonnenhang 20B" ObjVorlage="2013-09-11 00:00:00.0" ObKeinKontakt="5" ObjArtID="8" Merkmal="0.9999999999999999" ObjInfo="850/160/85/600/-/Ke./95"/>
  <Objekte ObjID="9421" ObjAufnahme="1998-04-09" ObjLetztKontakt="1998-04-14" ObjStrasseID="7955" ObjHausnummer="Roßkamphof 2" ObjVorlage="2013-09-11 00:00:00.0" ObKeinKontakt="1" ObjArtID="8" Merkmal="0.0"/>
  <Objekte ObjID="9422" ObjAufnahme="1998-04-09" ObjStrasseID="7955" ObjHausnummer="Roßkamphof 2A" ObjVorlage="2013-09-11 00:00:00.0" ObKeinKontakt="1" ObjArtID="8" Merkmal="0.0"/>
  <Objekte ObjID="9423" ObjAufnahme="1998-04-09" ObjLetztKontakt="1998-04-24" ObjStrasseID="7955" ObjHausnummer="Roßkamphof 4" ObjVorlage="2013-09-11 00:00:00.0" ObKeinKontakt="2" ObjArtID="8" Merkmal="0.0"/>
  <Objekte ObjID="9424" ObjAufnahme="1998-04-09" ObjLetztKontakt="1998-04-24" ObjStrasseID="7955" ObjHausnummer="Roßkamphof 5" ObjVorlage="2013-09-11 00:00:00.0" ObKeinKontakt="2" ObjArtID="8" Merkmal="0.0"/>
  <Objekte ObjID="9425" ObjAufnahme="1998-04-09" ObjStrasseID="7955" ObjHausnummer="Roßkamphof 3" ObjVorlage="2013-09-11 00:00:00.0" ObKeinKontakt="1" ObjArtID="8" Merkmal="0.0"/>
  <Objekte ObjID="9426" ObjAufnahme="1998-04-09" ObjLetztKontakt="1998-04-24" ObjStrasseID="8593" ObjHausnummer="Wespyhof 1" ObjVorlage="2013-09-11 00:00:00.0" ObKeinKontakt="2" ObjArtID="8" Merkmal="0.0"/>
  <Objekte ObjID="9427" ObjAufnahme="1998-04-09" ObjLetztKontakt="1998-04-24" ObjStrasseID="8593" ObjHausnummer="Wespyhof 3" ObjVorlage="2013-09-11 00:00:00.0" ObKeinKontakt="2" ObjArtID="8" Merkmal="0.0"/>
  <Objekte ObjID="9428" ObjAufnahme="1998-04-09" ObjLetztKontakt="1998-04-24" ObjStrasseID="8593" ObjHausnummer="Wespyhof 5" ObjVorlage="2013-09-11 00:00:00.0" ObKeinKontakt="2" ObjArtID="8" Merkmal="0.0"/>
  <Objekte ObjID="9429" ObjAufnahme="1998-04-09" ObjStrasseID="8593" ObjHausnummer="Wespyhof 2" ObjVorlage="2013-09-11 00:00:00.0" ObKeinKontakt="1" ObjArtID="8" Merkmal="0.0"/>
  <Objekte ObjID="9430" ObjAufnahme="1998-04-09" ObjStrasseID="8593" ObjHausnummer="Wespyhof 4" ObjVorlage="2013-09-11 00:00:00.0" ObKeinKontakt="1" ObjArtID="8" Merkmal="0.0"/>
  <Objekte ObjID="9431" ObjAufnahme="1998-04-09" ObjLetztKontakt="1998-04-24" ObjStrasseID="8546" ObjHausnummer="Wehrhahnhof 1" ObjVorlage="2013-09-11 00:00:00.0" ObKeinKontakt="2" ObjArtID="8" Merkmal="0.0"/>
  <Objekte ObjID="9432" ObjAufnahme="1998-04-09" ObjLetztKontakt="1998-04-24" ObjStrasseID="8546" ObjHausnummer="Wehrhahnhof 2" ObjVorlage="2013-09-11 00:00:00.0" ObKeinKontakt="2" ObjArtID="8" Merkmal="0.0"/>
  <Objekte ObjID="9433" ObjAufnahme="1998-04-09" ObjStrasseID="8546" ObjHausnummer="Wehrhahnhof 3" ObjVorlage="2013-09-11 00:00:00.0" ObKeinKontakt="1" ObjArtID="8" Merkmal="0.0"/>
  <Objekte ObjID="9434" ObjAufnahme="1998-04-09" ObjLetztKontakt="1998-04-24" ObjStrasseID="8546" ObjHausnummer="Wehrhahnhof 4" ObjVorlage="2013-09-11 00:00:00.0" ObKeinKontakt="2" ObjArtID="8" Merkmal="0.0"/>
  <Objekte ObjID="9435" ObjAufnahme="1998-04-09" ObjStrasseID="8546" ObjHausnummer="Wehrhahnhof 6" ObjVorlage="2013-09-11 00:00:00.0" ObKeinKontakt="1" ObjArtID="8" Merkmal="0.0"/>
  <Objekte ObjID="9436" ObjAufnahme="1998-04-09" ObjStrasseID="8546" ObjHausnummer="Wehrhahnhof 5" ObjVorlage="2013-09-11 00:00:00.0" ObKeinKontakt="1" ObjArtID="8" Merkmal="0.0"/>
  <Objekte ObjID="9438" ObjAufnahme="1998-04-15" ObjStrasseID="7727" ObjHausnummer="Pappelbrink 17" ObjVorlage="2013-09-11 00:00:00.0" ObKeinKontakt="1" ObjArtID="8" Merkmal="0.0" ObjInfo="1,2/175/157780/Do. Grg./-/72"/>
  <Objekte ObjID="9440" ObjAufnahme="1998-04-15" ObjLetztKontakt="1998-04-15" ObjStrasseID="8836" ObjHausnummer="Theodorstraße 6" ObjVorlage="2013-09-11 00:00:00.0" ObKeinKontakt="5" ObjArtID="53" Merkmal="0.0" ObjInfo="9645488Blk."/>
  <Objekte ObjID="9444" ObjAufnahme="1998-04-16" ObjStrasseID="7185" ObjHausnummer="Klohestraße 1" ObjVorlage="2013-09-11 00:00:00.0" ObKeinKontakt="1" ObjArtID="24" Merkmal="0.0"/>
  <Objekte ObjID="9445" ObjAufnahme="1998-04-16" ObjStrasseID="7185" ObjHausnummer="Klohestraße 3" ObjVorlage="2013-09-11 00:00:00.0" ObKeinKontakt="1" ObjArtID="24" Merkmal="0.0"/>
  <Objekte ObjID="9446" ObjAufnahme="1998-04-16" ObjStrasseID="7185" ObjHausnummer="Klohestraße 5" ObjVorlage="2013-09-11 00:00:00.0" ObKeinKontakt="1" ObjArtID="24" Merkmal="0.0"/>
  <Objekte ObjID="9447" ObjAufnahme="1998-04-16" ObjStrasseID="7185" ObjHausnummer="Klohestraße 7" ObjVorlage="2013-09-11 00:00:00.0" ObKeinKontakt="1" ObjArtID="24" Merkmal="0.0"/>
  <Objekte ObjID="9448" ObjAufnahme="1998-04-16" ObjStrasseID="7185" ObjHausnummer="Klohestraße 9" ObjVorlage="2013-09-11 00:00:00.0" ObKeinKontakt="1" ObjArtID="24" Merkmal="0.0"/>
  <Objekte ObjID="9449" ObjAufnahme="1998-04-16" ObjStrasseID="7185" ObjHausnummer="Klohestraße 11" ObjVorlage="2013-09-11 00:00:00.0" ObKeinKontakt="1" ObjArtID="24" Merkmal="0.0"/>
  <Objekte ObjID="9450" ObjAufnahme="1998-04-16" ObjStrasseID="7185" ObjHausnummer="Klohestraße 13" ObjVorlage="2013-09-11 00:00:00.0" ObKeinKontakt="1" ObjArtID="24" Merkmal="0.0"/>
  <Objekte ObjID="9451" ObjAufnahme="1998-04-16" ObjStrasseID="7185" ObjHausnummer="Klohestraße 15" ObjVorlage="2013-09-11 00:00:00.0" ObKeinKontakt="1" ObjArtID="24" Merkmal="0.0"/>
  <Objekte ObjID="9453" ObjAufnahme="1998-04-16" ObjStrasseID="7185" ObjHausnummer="Klohestraße 17" ObjVorlage="2013-09-11 00:00:00.0" ObKeinKontakt="1" ObjArtID="24" Merkmal="0.0"/>
  <Objekte ObjID="9454" ObjAufnahme="1998-04-16" ObjStrasseID="7185" ObjHausnummer="Klohestraße 19" ObjVorlage="2013-09-11 00:00:00.0" ObKeinKontakt="1" ObjArtID="24" Merkmal="0.0"/>
  <Objekte ObjID="9455" ObjAufnahme="1998-04-16" ObjStrasseID="7185" ObjHausnummer="Klohestraße 21" ObjVorlage="2013-09-11 00:00:00.0" ObKeinKontakt="1" ObjArtID="24" Merkmal="0.0"/>
  <Objekte ObjID="9456" ObjAufnahme="1998-04-16" ObjStrasseID="7185" ObjHausnummer="Klohestraße 23" ObjVorlage="2013-09-11 00:00:00.0" ObKeinKontakt="1" ObjArtID="24" Merkmal="0.0"/>
  <Objekte ObjID="9457" ObjAufnahme="1998-04-16" ObjStrasseID="7185" ObjHausnummer="Klohestraße 25" ObjVorlage="2013-09-11 00:00:00.0" ObKeinKontakt="1" ObjArtID="24" Merkmal="0.0"/>
  <Objekte ObjID="9458" ObjAufnahme="1998-04-16" ObjStrasseID="7185" ObjHausnummer="Klohestraße 18" ObjVorlage="2013-09-11 00:00:00.0" ObKeinKontakt="1" ObjArtID="24" Merkmal="0.0"/>
  <Objekte ObjID="9459" ObjAufnahme="1998-04-16" ObjStrasseID="7185" ObjHausnummer="Klohestraße 14" ObjVorlage="2013-09-11 00:00:00.0" ObKeinKontakt="1" ObjArtID="24" Merkmal="0.0"/>
  <Objekte ObjID="9460" ObjAufnahme="1998-04-16" ObjStrasseID="7185" ObjHausnummer="Klohestraße 16" ObjVorlage="2013-09-11 00:00:00.0" ObKeinKontakt="1" ObjArtID="24" Merkmal="0.0"/>
  <Objekte ObjID="9461" ObjAufnahme="1998-04-16" ObjStrasseID="7185" ObjHausnummer="Klohestraße 10" ObjVorlage="2013-09-11 00:00:00.0" ObKeinKontakt="1" ObjArtID="24" Merkmal="0.0"/>
  <Objekte ObjID="9462" ObjAufnahme="1998-04-16" ObjStrasseID="7185" ObjHausnummer="Klohestraße 12" ObjVorlage="2013-09-11 00:00:00.0" ObKeinKontakt="1" ObjArtID="24" Merkmal="0.0"/>
  <Objekte ObjID="9463" ObjAufnahme="1998-04-16" ObjStrasseID="7185" ObjHausnummer="Klohestraße 6" ObjVorlage="2013-09-11 00:00:00.0" ObKeinKontakt="1" ObjArtID="24" Merkmal="0.0"/>
  <Objekte ObjID="9464" ObjAufnahme="1998-04-16" ObjStrasseID="7185" ObjHausnummer="Klohestraße 8" ObjVorlage="2013-09-11 00:00:00.0" ObKeinKontakt="1" ObjArtID="24" Merkmal="0.0"/>
  <Objekte ObjID="9465" ObjAufnahme="1998-04-16" ObjStrasseID="7185" ObjHausnummer="Klohestraße 2" ObjVorlage="2013-09-11 00:00:00.0" ObKeinKontakt="1" ObjArtID="24" Merkmal="0.0"/>
  <Objekte ObjID="9466" ObjAufnahme="1998-04-16" ObjStrasseID="7185" ObjHausnummer="Klohestraße 4" ObjVorlage="2013-09-11 00:00:00.0" ObKeinKontakt="1" ObjArtID="24" Merkmal="0.0"/>
  <Objekte ObjID="9467" ObjAufnahme="1998-04-16" ObjStrasseID="7467" ObjHausnummer="Mallnitzstraße 3" ObjVorlage="2013-09-11 00:00:00.0" ObKeinKontakt="1" ObjArtID="8" Merkmal="0.0"/>
  <Objekte ObjID="9468" ObjAufnahme="1998-04-16" ObjStrasseID="7467" ObjHausnummer="Mallnitzstraße 5" ObjVorlage="2013-09-11 00:00:00.0" ObKeinKontakt="1" ObjArtID="8" Merkmal="0.0"/>
  <Objekte ObjID="9469" ObjAufnahme="1998-04-16" ObjStrasseID="7467" ObjHausnummer="Mallnitzstraße 7" ObjVorlage="2013-09-11 00:00:00.0" ObKeinKontakt="1" ObjArtID="8" Merkmal="0.0"/>
  <Objekte ObjID="9470" ObjAufnahme="1998-04-16" ObjStrasseID="7467" ObjHausnummer="Mallnitzstraße 6" ObjVorlage="2013-09-11 00:00:00.0" ObKeinKontakt="1" ObjArtID="8" Merkmal="0.0"/>
  <Objekte ObjID="9471" ObjAufnahme="1998-04-16" ObjStrasseID="7467" ObjHausnummer="Mallnitzstraße 8" ObjVorlage="2013-09-11 00:00:00.0" ObKeinKontakt="1" ObjArtID="8" Merkmal="0.0"/>
  <Objekte ObjID="9474" ObjAufnahme="1998-04-17" ObjStrasseID="7751" ObjHausnummer="Peiner Straße 65" ObjVorlage="2013-09-11 00:00:00.0" ObKeinKontakt="1" ObjArtID="8" Merkmal="0.9999999999999999" ObjInfo="190qm/720qm/1939/580.000,-- DM"/>
  <Objekte ObjID="9478" ObjAufnahme="1998-04-18" ObjStrasseID="6413" ObjHausnummer="Fichtestraße 8" ObjVorlage="2013-09-11 00:00:00.0" ObKeinKontakt="1" ObjArtID="18" Merkmal="0.9999999999999999"/>
  <Objekte ObjID="9479" ObjAufnahme="1998-04-18" ObjStrasseID="5852" ObjHausnummer="Aussiger Wende 8A" ObjVorlage="2013-09-11 00:00:00.0" ObKeinKontakt="1" ObjArtID="8" Merkmal="0.0"/>
  <Objekte ObjID="9483" ObjAufnahme="1998-04-20" ObjLetztKontakt="1998-04-20" ObjStrasseID="6690" ObjHausnummer="Habermannweg 8" ObjVorlage="2013-09-11 00:00:00.0" ObKeinKontakt="5" ObjArtID="21" Merkmal="0.0"/>
  <Objekte ObjID="9484" ObjAufnahme="1998-04-21" ObjStrasseID="2857" ObjHausnummer="Alte Stöckener Straße 74" ObjVorlage="2016-01-01 00:00:00.0" ObKeinKontakt="2" ObjArtID="54" Merkmal="0.0" ObjInfo="evtl. in 2016"/>
  <Objekte ObjID="9486" ObjAufnahme="1998-04-21" ObjLetztKontakt="1998-04-21" ObjStrasseID="8880" ObjHausnummer="Mühlenstraße 13H" ObjVorlage="2013-09-11 00:00:00.0" ObKeinKontakt="5" ObjArtID="22" Merkmal="0.0"/>
  <Objekte ObjID="9487" ObjAufnahme="1998-04-21" ObjLetztKontakt="1999-10-29" ObjStrasseID="6977" ObjHausnummer="Im Haspelfelde 7" ObjVorlage="2013-09-11 00:00:00.0" ObKeinKontakt="5" ObjArtID="63" Merkmal="0.9999999999999999" ObjInfo="335/20128\Blk.Süd-West Grg."/>
  <Objekte ObjID="9488" ObjAufnahme="1998-04-22" ObjLetztKontakt="1998-04-22" ObjStrasseID="3768" ObjHausnummer="Hildesheimer Straße 46" ObjVorlage="2013-09-11 00:00:00.0" ObKeinKontakt="5" ObjArtID="5" Merkmal="0.9999999999999999" ObjInfo="LT.Akte/kein Verkauf mehr"/>
  <Objekte ObjID="9490" ObjAufnahme="1998-04-23" ObjStrasseID="7301" ObjHausnummer="Landwehrstraße 67" ObjVorlage="2013-09-11 00:00:00.0" ObKeinKontakt="2" ObjArtID="1" Merkmal="0.0"/>
  <Objekte ObjID="9491" ObjAufnahme="1998-04-23" ObjStrasseID="7301" ObjHausnummer="Landwehrstraße 69" ObjVorlage="2013-09-11 00:00:00.0" ObKeinKontakt="1" ObjArtID="5" Merkmal="0.0"/>
  <Objekte ObjID="9492" ObjAufnahme="1998-04-23" ObjStrasseID="7301" ObjHausnummer="Landwehrstraße 71" ObjVorlage="2013-09-11 00:00:00.0" ObKeinKontakt="1" ObjArtID="1" Merkmal="0.0"/>
  <Objekte ObjID="9493" ObjAufnahme="1998-04-23" ObjLetztKontakt="1998-05-06" ObjStrasseID="7301" ObjHausnummer="Landwehrstraße 63" ObjVorlage="2013-09-11 00:00:00.0" ObKeinKontakt="2" ObjArtID="1" Merkmal="0.0"/>
  <Objekte ObjID="9494" ObjAufnahme="1998-04-23" ObjStrasseID="7301" ObjHausnummer="Landwehrstraße 75" ObjVorlage="2013-09-11 00:00:00.0" ObKeinKontakt="1" ObjArtID="1" Merkmal="0.0"/>
  <Objekte ObjID="9495" ObjAufnahme="1998-04-23" ObjStrasseID="7301" ObjHausnummer="Landwehrstraße 65" ObjVorlage="2013-09-11 00:00:00.0" ObKeinKontakt="1" ObjArtID="1" Merkmal="0.0"/>
  <Objekte ObjID="9496" ObjAufnahme="1998-04-23" ObjStrasseID="7301" ObjHausnummer="Landwehrstraße 77" ObjVorlage="2013-09-11 00:00:00.0" ObKeinKontakt="1" ObjArtID="1" Merkmal="0.0" ObjInfo="Ist aufgeteilt in Eigentumswohnungen"/>
  <Objekte ObjID="9497" ObjAufnahme="1998-04-23" ObjStrasseID="7301" ObjHausnummer="Landwehrstraße 79" ObjVorlage="2013-09-11 00:00:00.0" ObKeinKontakt="1" ObjArtID="1" Merkmal="0.0"/>
  <Objekte ObjID="9498" ObjAufnahme="1998-04-23" ObjStrasseID="7301" ObjHausnummer="Landwehrstraße 81" ObjVorlage="2013-09-11 00:00:00.0" ObKeinKontakt="1" ObjArtID="1" Merkmal="0.0"/>
  <Objekte ObjID="9499" ObjAufnahme="1998-04-23" ObjStrasseID="7301" ObjHausnummer="Landwehrstraße 83" ObjVorlage="2013-09-11 00:00:00.0" ObKeinKontakt="1" ObjArtID="1" Merkmal="0.0"/>
  <Objekte ObjID="9500" ObjAufnahme="1998-04-23" ObjStrasseID="7301" ObjHausnummer="Landwehrstraße 85" ObjVorlage="2013-09-11 00:00:00.0" ObKeinKontakt="1" ObjArtID="1" Merkmal="0.0"/>
  <Objekte ObjID="9501" ObjAufnahme="1998-04-23" ObjStrasseID="7301" ObjHausnummer="Landwehrstraße 85A" ObjVorlage="2013-09-11 00:00:00.0" ObKeinKontakt="1" ObjArtID="1" Merkmal="0.0"/>
  <Objekte ObjID="9502" ObjAufnahme="1998-04-23" ObjStrasseID="7301" ObjHausnummer="Landwehrstraße 87" ObjVorlage="2013-09-11 00:00:00.0" ObKeinKontakt="1" ObjArtID="1" Merkmal="0.0"/>
  <Objekte ObjID="9503" ObjAufnahme="1998-04-23" ObjStrasseID="7301" ObjHausnummer="Landwehrstraße 89" ObjVorlage="2013-09-11 00:00:00.0" ObKeinKontakt="1" ObjArtID="1" Merkmal="0.0"/>
  <Objekte ObjID="9504" ObjAufnahme="1998-04-23" ObjStrasseID="7301" ObjHausnummer="Landwehrstraße 88" ObjVorlage="2013-09-11 00:00:00.0" ObKeinKontakt="2" ObjArtID="1" Merkmal="0.0" ObjInfo="Verwalter Herr Meyer Tel. 0511 527545 oder 0511 429898"/>
  <Objekte ObjID="9505" ObjAufnahme="1998-04-23" ObjStrasseID="7301" ObjHausnummer="Landwehrstraße 86" ObjVorlage="2013-09-11 00:00:00.0" ObKeinKontakt="1" ObjArtID="1" Merkmal="0.0"/>
  <Objekte ObjID="9506" ObjAufnahme="1998-04-23" ObjStrasseID="7301" ObjHausnummer="Landwehrstraße 84" ObjVorlage="2013-09-11 00:00:00.0" ObKeinKontakt="1" ObjArtID="1" Merkmal="0.0"/>
  <Objekte ObjID="9507" ObjAufnahme="1998-04-23" ObjStrasseID="7301" ObjHausnummer="Landwehrstraße 82" ObjVorlage="2013-09-11 00:00:00.0" ObKeinKontakt="1" ObjArtID="1" Merkmal="0.0"/>
  <Objekte ObjID="9508" ObjAufnahme="1998-04-23" ObjStrasseID="7301" ObjHausnummer="Landwehrstraße 80" ObjVorlage="2013-09-11 00:00:00.0" ObKeinKontakt="1" ObjArtID="1" Merkmal="0.0"/>
  <Objekte ObjID="9509" ObjAufnahme="1998-04-23" ObjStrasseID="7301" ObjHausnummer="Landwehrstraße 78" ObjVorlage="2013-09-11 00:00:00.0" ObKeinKontakt="1" ObjArtID="1" Merkmal="0.0"/>
  <Objekte ObjID="9510" ObjAufnahme="1998-04-23" ObjLetztKontakt="2001-12-12" ObjStrasseID="7301" ObjHausnummer="Landwehrstraße 76" ObjVorlage="2013-09-11 00:00:00.0" ObKeinKontakt="9" ObjArtID="230" Merkmal="0.0" ObjInfo="18072\"/>
  <Objekte ObjID="9512" ObjAufnahme="1998-04-24" ObjStrasseID="7301" ObjHausnummer="Landwehrstraße 74" ObjVorlage="2013-09-11 00:00:00.0" ObKeinKontakt="1" ObjArtID="1" Merkmal="0.0" ObjInfo="Ist aufgeteilt in Eigentumswohnungen"/>
  <Objekte ObjID="9513" ObjAufnahme="1998-04-24" ObjStrasseID="7301" ObjHausnummer="Landwehrstraße 72" ObjVorlage="2013-09-11 00:00:00.0" ObKeinKontakt="1" ObjArtID="1" Merkmal="0.0"/>
  <Objekte ObjID="9514" ObjAufnahme="1998-04-24" ObjStrasseID="7301" ObjHausnummer="Landwehrstraße 70" ObjVorlage="2013-09-11 00:00:00.0" ObKeinKontakt="2" ObjArtID="1" Merkmal="0.0" ObjInfo="Verwalter Herr Froms Tel. 0511 343539"/>
  <Objekte ObjID="9515" ObjAufnahme="1998-04-24" ObjStrasseID="7301" ObjHausnummer="Landwehrstraße 68" ObjVorlage="2013-09-11 00:00:00.0" ObKeinKontakt="2" ObjArtID="1" Merkmal="0.0"/>
  <Objekte ObjID="9516" ObjAufnahme="1998-04-24" ObjStrasseID="7301" ObjHausnummer="Landwehrstraße 66" ObjVorlage="2013-09-11 00:00:00.0" ObKeinKontakt="1" ObjArtID="1" Merkmal="0.0"/>
  <Objekte ObjID="9517" ObjAufnahme="1998-04-24" ObjLetztKontakt="1998-05-06" ObjStrasseID="7301" ObjHausnummer="Landwehrstraße 64" ObjVorlage="2013-09-11 00:00:00.0" ObKeinKontakt="2" ObjArtID="1" Merkmal="0.0" ObjInfo="Voreigentümer Herr Karl Schramme Tel. 0511 831767,jetzt eine Frau Kern Hannover- Döhren"/>
  <Objekte ObjID="9518" ObjAufnahme="1998-04-24" ObjLetztKontakt="1998-05-06" ObjStrasseID="7301" ObjHausnummer="Landwehrstraße 62" ObjVorlage="2013-09-11 00:00:00.0" ObKeinKontakt="2" ObjArtID="1" Merkmal="0.0"/>
  <Objekte ObjID="9519" ObjAufnahme="1998-04-24" ObjLetztKontakt="1998-05-06" ObjStrasseID="7301" ObjHausnummer="Landwehrstraße 60" ObjVorlage="2013-09-11 00:00:00.0" ObKeinKontakt="2" ObjArtID="1" Merkmal="0.0"/>
  <Objekte ObjID="9520" ObjAufnahme="1998-04-24" ObjLetztKontakt="1998-05-06" ObjStrasseID="7301" ObjHausnummer="Landwehrstraße 58" ObjVorlage="2013-09-11 00:00:00.0" ObKeinKontakt="2" ObjArtID="1" Merkmal="0.0"/>
  <Objekte ObjID="9521" ObjAufnahme="1998-04-24" ObjStrasseID="7301" ObjHausnummer="Landwehrstraße 56" ObjVorlage="2013-09-11 00:00:00.0" ObKeinKontakt="5" ObjArtID="1" Merkmal="0.0" ObjInfo="7WE/1Bü/1900/58/1,0"/>
  <Objekte ObjID="9522" ObjAufnahme="1998-04-24" ObjStrasseID="7301" ObjHausnummer="Landwehrstraße 54" ObjVorlage="2013-09-11 00:00:00.0" ObKeinKontakt="1" ObjArtID="1" Merkmal="0.0"/>
  <Objekte ObjID="9523" ObjAufnahme="1998-04-24" ObjLetztKontakt="1998-05-06" ObjStrasseID="7301" ObjHausnummer="Landwehrstraße 48" ObjVorlage="2013-09-11 00:00:00.0" ObKeinKontakt="2" ObjArtID="1" Merkmal="0.0"/>
  <Objekte ObjID="9524" ObjAufnahme="1998-04-24" ObjStrasseID="7301" ObjHausnummer="Landwehrstraße 46" ObjVorlage="2013-09-11 00:00:00.0" ObKeinKontakt="2" ObjArtID="1" Merkmal="0.0"/>
  <Objekte ObjID="9525" ObjAufnahme="1998-04-24" ObjStrasseID="7301" ObjHausnummer="Landwehrstraße 44" ObjVorlage="2013-09-11 00:00:00.0" ObKeinKontakt="2" ObjArtID="1" Merkmal="0.0"/>
  <Objekte ObjID="9526" ObjAufnahme="1998-04-24" ObjStrasseID="7301" ObjHausnummer="Landwehrstraße 42" ObjVorlage="2013-09-11 00:00:00.0" ObKeinKontakt="1" ObjArtID="1" Merkmal="0.0"/>
  <Objekte ObjID="9527" ObjAufnahme="1998-04-24" ObjStrasseID="7301" ObjHausnummer="Landwehrstraße 40" ObjVorlage="2013-09-11 00:00:00.0" ObKeinKontakt="1" ObjArtID="1" Merkmal="0.0"/>
  <Objekte ObjID="9528" ObjAufnahme="1998-04-24" ObjStrasseID="7301" ObjHausnummer="Landwehrstraße 38" ObjVorlage="2013-09-11 00:00:00.0" ObKeinKontakt="1" ObjArtID="1" Merkmal="0.0"/>
  <Objekte ObjID="9529" ObjAufnahme="1998-04-24" ObjStrasseID="7301" ObjHausnummer="Landwehrstraße 36" ObjVorlage="2013-09-11 00:00:00.0" ObKeinKontakt="1" ObjArtID="1" Merkmal="0.0"/>
  <Objekte ObjID="9530" ObjAufnahme="1998-04-24" ObjStrasseID="7301" ObjHausnummer="Landwehrstraße 37" ObjVorlage="2013-09-11 00:00:00.0" ObKeinKontakt="1" ObjArtID="1" Merkmal="0.0"/>
  <Objekte ObjID="9531" ObjAufnahme="1998-04-24" ObjStrasseID="7301" ObjHausnummer="Landwehrstraße 39" ObjVorlage="2013-09-11 00:00:00.0" ObKeinKontakt="1" ObjArtID="1" Merkmal="0.0"/>
  <Objekte ObjID="9532" ObjAufnahme="1998-04-24" ObjStrasseID="7301" ObjHausnummer="Landwehrstraße 41" ObjVorlage="2013-09-11 00:00:00.0" ObKeinKontakt="1" ObjArtID="1" Merkmal="0.0"/>
  <Objekte ObjID="9533" ObjAufnahme="1998-04-24" ObjStrasseID="7301" ObjHausnummer="Landwehrstraße 45" ObjVorlage="2013-09-11 00:00:00.0" ObKeinKontakt="1" ObjArtID="1" Merkmal="0.0"/>
  <Objekte ObjID="9534" ObjAufnahme="1998-04-24" ObjStrasseID="7301" ObjHausnummer="Landwehrstraße 47" ObjVorlage="2013-09-11 00:00:00.0" ObKeinKontakt="1" ObjArtID="1" Merkmal="0.0"/>
  <Objekte ObjID="9535" ObjAufnahme="1998-04-24" ObjStrasseID="7301" ObjHausnummer="Landwehrstraße 49" ObjVorlage="2013-09-11 00:00:00.0" ObKeinKontakt="1" ObjArtID="1" Merkmal="0.0"/>
  <Objekte ObjID="9536" ObjAufnahme="1998-04-24" ObjStrasseID="7301" ObjHausnummer="Landwehrstraße 51" ObjVorlage="2013-09-11 00:00:00.0" ObKeinKontakt="1" ObjArtID="1" Merkmal="0.0"/>
  <Objekte ObjID="9537" ObjAufnahme="1998-04-24" ObjStrasseID="7301" ObjHausnummer="Landwehrstraße 51A" ObjVorlage="2013-09-11 00:00:00.0" ObKeinKontakt="1" ObjArtID="1" Merkmal="0.0"/>
  <Objekte ObjID="9538" ObjAufnahme="1998-04-24" ObjLetztKontakt="1998-04-24" ObjStrasseID="2815" ObjHausnummer="Aalgrund 49" ObjVorlage="2013-09-11 00:00:00.0" ObKeinKontakt="5" ObjArtID="22" Merkmal="0.9999999999999999" ObjInfo="140qm/470qm/1994/Carport/380.000DM"/>
  <Objekte ObjID="9539" ObjAufnahme="1998-04-24" ObjLetztKontakt="1998-05-06" ObjStrasseID="7301" ObjHausnummer="Landwehrstraße 53" ObjVorlage="2013-09-11 00:00:00.0" ObKeinKontakt="2" ObjArtID="5" Merkmal="0.0"/>
  <Objekte ObjID="9540" ObjAufnahme="1998-04-24" ObjStrasseID="7301" ObjHausnummer="Landwehrstraße 59" ObjVorlage="2013-09-11 00:00:00.0" ObKeinKontakt="1" ObjArtID="1" Merkmal="0.0"/>
  <Objekte ObjID="9541" ObjAufnahme="1998-04-24" ObjStrasseID="7301" ObjHausnummer="Landwehrstraße 57" ObjVorlage="2013-09-11 00:00:00.0" ObKeinKontakt="1" ObjArtID="1" Merkmal="0.0" ObjInfo="Herr Böttcher, Am Klagesmarkt, Tel. 1317650"/>
  <Objekte ObjID="9542" ObjAufnahme="1998-04-24" ObjLetztKontakt="1998-05-06" ObjStrasseID="7301" ObjHausnummer="Landwehrstraße 61" ObjVorlage="2013-09-11 00:00:00.0" ObKeinKontakt="2" ObjArtID="1" Merkmal="0.0"/>
  <Objekte ObjID="9543" ObjAufnahme="1998-04-25" ObjLetztKontakt="1998-04-25" ObjStrasseID="311" ObjHausnummer="Allmersstraße 1" ObjVorlage="2013-09-11 00:00:00.0" ObKeinKontakt="1" ObjArtID="1" Merkmal="0.0"/>
  <Objekte ObjID="9544" ObjAufnahme="1998-04-25" ObjLetztKontakt="1998-04-25" ObjStrasseID="311" ObjHausnummer="Allmersstraße 1A" ObjVorlage="2013-09-11 00:00:00.0" ObKeinKontakt="1" ObjArtID="1" Merkmal="0.0"/>
  <Objekte ObjID="9545" ObjAufnahme="1998-04-25" ObjLetztKontakt="1998-04-25" ObjStrasseID="311" ObjHausnummer="Allmersstraße 2" ObjVorlage="2013-09-11 00:00:00.0" ObKeinKontakt="1" ObjArtID="1" Merkmal="0.0"/>
  <Objekte ObjID="9546" ObjAufnahme="1998-04-25" ObjLetztKontakt="1998-04-25" ObjStrasseID="311" ObjHausnummer="Allmersstraße 3" ObjVorlage="2013-09-11 00:00:00.0" ObKeinKontakt="1" ObjArtID="1" Merkmal="0.0"/>
  <Objekte ObjID="9547" ObjAufnahme="1998-04-25" ObjLetztKontakt="1998-04-25" ObjStrasseID="311" ObjHausnummer="Allmersstraße 4" ObjVorlage="2013-09-11 00:00:00.0" ObKeinKontakt="1" ObjArtID="1" Merkmal="0.0"/>
  <Objekte ObjID="9548" ObjAufnahme="1998-04-25" ObjLetztKontakt="1998-04-25" ObjStrasseID="311" ObjHausnummer="Allmersstraße 8" ObjVorlage="2013-09-11 00:00:00.0" ObKeinKontakt="1" ObjArtID="1" Merkmal="0.0"/>
  <Objekte ObjID="9549" ObjAufnahme="1998-04-25" ObjLetztKontakt="1998-04-25" ObjStrasseID="311" ObjHausnummer="Allmersstraße 9" ObjVorlage="2013-09-11 00:00:00.0" ObKeinKontakt="1" ObjArtID="1" Merkmal="0.0"/>
  <Objekte ObjID="9550" ObjAufnahme="1998-04-25" ObjLetztKontakt="1998-04-25" ObjStrasseID="5860" ObjHausnummer="Badenstedter Straße 26" ObjVorlage="2013-09-11 00:00:00.0" ObKeinKontakt="1" ObjArtID="1" Merkmal="0.0"/>
  <Objekte ObjID="9551" ObjAufnahme="1998-04-25" ObjLetztKontakt="1998-04-25" ObjStrasseID="5860" ObjHausnummer="Badenstedter Straße 28" ObjVorlage="2013-09-11 00:00:00.0" ObKeinKontakt="1" ObjArtID="1" Merkmal="0.0"/>
  <Objekte ObjID="9552" ObjAufnahme="1998-04-25" ObjLetztKontakt="1998-04-25" ObjStrasseID="5860" ObjHausnummer="Badenstedter Straße 40" ObjVorlage="2013-09-11 00:00:00.0" ObKeinKontakt="1" ObjArtID="1" Merkmal="0.0"/>
  <Objekte ObjID="9553" ObjAufnahme="1998-04-25" ObjLetztKontakt="1998-04-25" ObjStrasseID="6196" ObjHausnummer="Davenstedter Straße 75" ObjVorlage="2013-09-11 00:00:00.0" ObKeinKontakt="1" ObjArtID="1" Merkmal="0.0"/>
  <Objekte ObjID="9554" ObjAufnahme="1998-04-25" ObjLetztKontakt="1998-04-25" ObjStrasseID="8054" ObjVorlage="2013-09-11 00:00:00.0" ObKeinKontakt="1" ObjArtID="1" Merkmal="0.0"/>
  <Objekte ObjID="9555" ObjAufnahme="1998-04-25" ObjLetztKontakt="1998-04-25" ObjStrasseID="7191" ObjHausnummer="Kniestraße 40" ObjVorlage="2013-09-11 00:00:00.0" ObKeinKontakt="1" ObjArtID="5" Merkmal="0.0"/>
  <Objekte ObjID="9556" ObjAufnahme="1998-04-26" ObjLetztKontakt="1998-04-26" ObjStrasseID="7301" ObjHausnummer="Landwehrstraße 41A" ObjVorlage="2013-09-11 00:00:00.0" ObKeinKontakt="1" ObjArtID="1" Merkmal="0.0"/>
  <Objekte ObjID="9557" ObjAufnahme="1998-04-26" ObjLetztKontakt="1998-04-26" ObjStrasseID="7301" ObjHausnummer="Landwehrstraße 47A" ObjVorlage="2013-09-11 00:00:00.0" ObKeinKontakt="1" ObjArtID="1" Merkmal="0.0"/>
  <Objekte ObjID="9558" ObjAufnahme="1998-04-26" ObjLetztKontakt="1998-04-26" ObjStrasseID="7301" ObjHausnummer="Landwehrstraße 47B" ObjVorlage="2013-09-11 00:00:00.0" ObKeinKontakt="1" ObjArtID="1" Merkmal="0.0"/>
  <Objekte ObjID="9559" ObjAufnahme="1998-04-26" ObjLetztKontakt="1998-04-26" ObjStrasseID="7301" ObjHausnummer="Landwehrstraße 67A" ObjVorlage="2013-09-11 00:00:00.0" ObKeinKontakt="1" ObjArtID="1" Merkmal="0.0"/>
  <Objekte ObjID="9560" ObjAufnahme="1998-04-26" ObjLetztKontakt="1998-04-26" ObjStrasseID="7301" ObjHausnummer="Landwehrstraße 69A" ObjVorlage="2013-09-11 00:00:00.0" ObKeinKontakt="1" ObjArtID="1" Merkmal="0.0"/>
  <Objekte ObjID="9562" ObjAufnahme="1998-04-26" ObjLetztKontakt="1998-04-26" ObjStrasseID="7191" ObjHausnummer="Kniestraße 19A" ObjVorlage="2013-09-11 00:00:00.0" ObKeinKontakt="1" ObjArtID="1" Merkmal="0.0"/>
  <Objekte ObjID="9563" ObjAufnahme="1998-04-26" ObjLetztKontakt="1998-04-26" ObjStrasseID="7191" ObjHausnummer="Kniestraße 20A" ObjVorlage="2013-09-11 00:00:00.0" ObKeinKontakt="2" ObjArtID="1" Merkmal="0.0"/>
  <Objekte ObjID="9564" ObjAufnahme="1998-04-27" ObjLetztKontakt="1998-04-27" ObjStrasseID="6465" ObjHausnummer="Frerkingweg 2" ObjVorlage="2013-09-11 00:00:00.0" ObKeinKontakt="5" ObjArtID="8" Merkmal="0.0" ObjInfo="449/120/-/430/Grg./-/89"/>
  <Objekte ObjID="9565" ObjAufnahme="1998-04-27" ObjLetztKontakt="1998-04-27" ObjStrasseID="3963" ObjHausnummer="Karlsruher Straße 4" ObjVorlage="2013-09-11 00:00:00.0" ObKeinKontakt="5" ObjArtID="11" Merkmal="0.0" ObjInfo="Gewerbe/Hotel/70/71/13,5"/>
  <Objekte ObjID="9566" ObjAufnahme="1998-04-27" ObjLetztKontakt="1998-04-27" ObjStrasseID="3263" ObjHausnummer="Bürgermeister-Fink-Straße 15" ObjVorlage="2013-09-11 00:00:00.0" ObKeinKontakt="1" ObjArtID="1" Merkmal="0.0" ObjInfo="Franke"/>
  <Objekte ObjID="9567" ObjAufnahme="1998-04-27" ObjLetztKontakt="1998-04-27" ObjStrasseID="5869" ObjHausnummer="Bandelstraße 12" ObjVorlage="2013-09-11 00:00:00.0" ObKeinKontakt="1" ObjArtID="1" Merkmal="0.0"/>
  <Objekte ObjID="9569" ObjAufnahme="1998-04-28" ObjStrasseID="6609" ObjHausnummer="Göttinger Chaussee 31A" ObjVorlage="2013-09-11 00:00:00.0" ObKeinKontakt="1" ObjArtID="1" Merkmal="0.0"/>
  <Objekte ObjID="9570" ObjAufnahme="1998-04-28" ObjStrasseID="6609" ObjHausnummer="Göttinger Chaussee 37" ObjVorlage="2013-09-11 00:00:00.0" ObKeinKontakt="1" ObjArtID="1" Merkmal="0.0"/>
  <Objekte ObjID="9571" ObjAufnahme="1998-04-28" ObjStrasseID="6609" ObjHausnummer="Göttinger Chaussee 39" ObjVorlage="2013-09-11 00:00:00.0" ObKeinKontakt="1" ObjArtID="1" Merkmal="0.0"/>
  <Objekte ObjID="9572" ObjAufnahme="1998-04-28" ObjStrasseID="6609" ObjHausnummer="Göttinger Chaussee 41" ObjVorlage="2013-09-11 00:00:00.0" ObKeinKontakt="1" ObjArtID="1" Merkmal="0.0"/>
  <Objekte ObjID="9573" ObjAufnahme="1998-04-28" ObjStrasseID="6609" ObjHausnummer="Göttinger Chaussee 43" ObjVorlage="2013-09-11 00:00:00.0" ObKeinKontakt="1" ObjArtID="1" Merkmal="0.0"/>
  <Objekte ObjID="9574" ObjAufnahme="1998-04-28" ObjStrasseID="6609" ObjHausnummer="Göttinger Chaussee 45" ObjVorlage="2013-09-11 00:00:00.0" ObKeinKontakt="1" ObjArtID="1" Merkmal="0.0"/>
  <Objekte ObjID="9575" ObjAufnahme="1998-04-28" ObjStrasseID="6609" ObjHausnummer="Göttinger Chaussee 47" ObjVorlage="2013-09-11 00:00:00.0" ObKeinKontakt="1" ObjArtID="1" Merkmal="0.0"/>
  <Objekte ObjID="9576" ObjAufnahme="1998-04-28" ObjStrasseID="6609" ObjHausnummer="Göttinger Chaussee 49" ObjVorlage="2013-09-11 00:00:00.0" ObKeinKontakt="1" ObjArtID="1" Merkmal="0.0"/>
  <Objekte ObjID="9577" ObjAufnahme="1998-04-28" ObjStrasseID="6609" ObjHausnummer="Göttinger Chaussee 51" ObjVorlage="2013-09-11 00:00:00.0" ObKeinKontakt="1" ObjArtID="1" Merkmal="0.0"/>
  <Objekte ObjID="9578" ObjAufnahme="1998-04-28" ObjStrasseID="6609" ObjHausnummer="Göttinger Chaussee 53" ObjVorlage="2013-09-11 00:00:00.0" ObKeinKontakt="1" ObjArtID="1" Merkmal="0.0"/>
  <Objekte ObjID="9579" ObjAufnahme="1998-04-28" ObjStrasseID="6609" ObjHausnummer="Göttinger Chaussee 55" ObjVorlage="2013-09-11 00:00:00.0" ObKeinKontakt="1" ObjArtID="1" Merkmal="0.0"/>
  <Objekte ObjID="9580" ObjAufnahme="1998-04-28" ObjStrasseID="6609" ObjHausnummer="Göttinger Chaussee 57" ObjVorlage="2013-09-11 00:00:00.0" ObKeinKontakt="1" ObjArtID="1" Merkmal="0.0"/>
  <Objekte ObjID="9581" ObjAufnahme="1998-04-28" ObjStrasseID="6609" ObjHausnummer="Göttinger Chaussee 59" ObjVorlage="2013-09-11 00:00:00.0" ObKeinKontakt="1" ObjArtID="1" Merkmal="0.0"/>
  <Objekte ObjID="9582" ObjAufnahme="1998-04-28" ObjStrasseID="6609" ObjHausnummer="Göttinger Chaussee 61" ObjVorlage="2013-09-11 00:00:00.0" ObKeinKontakt="1" ObjArtID="1" Merkmal="0.0"/>
  <Objekte ObjID="9583" ObjAufnahme="1998-04-28" ObjStrasseID="6609" ObjHausnummer="Göttinger Chaussee 63" ObjVorlage="2013-09-11 00:00:00.0" ObKeinKontakt="1" ObjArtID="1" Merkmal="0.0"/>
  <Objekte ObjID="9584" ObjAufnahme="1998-04-28" ObjStrasseID="6609" ObjHausnummer="Göttinger Chaussee 65" ObjVorlage="2013-09-11 00:00:00.0" ObKeinKontakt="1" ObjArtID="1" Merkmal="0.0"/>
  <Objekte ObjID="9585" ObjAufnahme="1998-04-28" ObjStrasseID="6609" ObjHausnummer="Göttinger Chaussee 67" ObjVorlage="2013-09-11 00:00:00.0" ObKeinKontakt="1" ObjArtID="1" Merkmal="0.0"/>
  <Objekte ObjID="9586" ObjAufnahme="1998-04-28" ObjStrasseID="6609" ObjHausnummer="Göttinger Chaussee 69" ObjVorlage="2013-09-11 00:00:00.0" ObKeinKontakt="1" ObjArtID="1" Merkmal="0.0"/>
  <Objekte ObjID="9587" ObjAufnahme="1998-04-28" ObjStrasseID="6609" ObjHausnummer="Göttinger Chaussee 71" ObjVorlage="2013-09-11 00:00:00.0" ObKeinKontakt="1" ObjArtID="1" Merkmal="0.0"/>
  <Objekte ObjID="9588" ObjAufnahme="1998-04-28" ObjStrasseID="6609" ObjHausnummer="Göttinger Chaussee 73" ObjVorlage="2013-09-11 00:00:00.0" ObKeinKontakt="1" ObjArtID="1" Merkmal="0.0"/>
  <Objekte ObjID="9589" ObjAufnahme="1998-04-28" ObjStrasseID="6609" ObjHausnummer="Göttinger Chaussee 75" ObjVorlage="2013-09-11 00:00:00.0" ObKeinKontakt="1" ObjArtID="1" Merkmal="0.0"/>
  <Objekte ObjID="9590" ObjAufnahme="1998-04-28" ObjStrasseID="6609" ObjHausnummer="Göttinger Chaussee 77" ObjVorlage="2013-09-11 00:00:00.0" ObKeinKontakt="1" ObjArtID="1" Merkmal="0.0"/>
  <Objekte ObjID="9591" ObjAufnahme="1998-04-28" ObjLetztKontakt="1998-11-01" ObjStrasseID="3263" ObjHausnummer="Bürgermeister-Fink-Straße 1" ObjVorlage="2013-09-11 00:00:00.0" ObKeinKontakt="2" ObjArtID="1" Merkmal="0.0" ObjInfo="Eigt. W. Hunthe tel 483133, Sohn makelt auch"/>
  <Objekte ObjID="9592" ObjAufnahme="1998-04-28" ObjStrasseID="3263" ObjHausnummer="Bürgermeister-Fink-Straße 3" ObjVorlage="2013-09-11 00:00:00.0" ObKeinKontakt="1" ObjArtID="1" Merkmal="0.0"/>
  <Objekte ObjID="9593" ObjAufnahme="1998-04-28" ObjLetztKontakt="1998-11-01" ObjStrasseID="3263" ObjHausnummer="Bürgermeister-Fink-Straße 5" ObjVorlage="2013-09-11 00:00:00.0" ObKeinKontakt="2" ObjArtID="1" Merkmal="0.0" ObjInfo="Han-Herrmann Lodemann Dänemark 00457452365"/>
  <Objekte ObjID="9594" ObjAufnahme="1998-04-28" ObjLetztKontakt="1998-04-28" ObjStrasseID="8375" ObjHausnummer="Tieckstraße 29" ObjVorlage="2013-09-11 00:00:00.0" ObKeinKontakt="1" ObjArtID="1" Merkmal="0.0"/>
  <Objekte ObjID="9596" ObjAufnahme="1998-04-29" ObjLetztKontakt="1998-04-29" ObjStrasseID="6964" ObjHausnummer="Im Born 8" ObjVorlage="2013-09-11 00:00:00.0" ObKeinKontakt="5" ObjArtID="1" Merkmal="0.0"/>
  <Objekte ObjID="9597" ObjAufnahme="1998-04-29" ObjLetztKontakt="1998-04-29" ObjStrasseID="2861" ObjHausnummer="Altenbekener Damm 41" ObjVorlage="2013-09-11 00:00:00.0" ObKeinKontakt="1" ObjArtID="238" Merkmal="0.0" ObjInfo="460142\Dachterrasse"/>
  <Objekte ObjID="9598" ObjAufnahme="1998-04-29" ObjStrasseID="8912" ObjHausnummer="Kochlandsweg 25" ObjVorlage="2013-09-11 00:00:00.0" ObKeinKontakt="1" ObjArtID="5" Merkmal="0.9999999999999999"/>
  <Objekte ObjID="9599" ObjAufnahme="1998-04-29" ObjLetztKontakt="1998-04-29" ObjStrasseID="2861" ObjHausnummer="Altenbekener Damm 39" ObjVorlage="2013-09-11 00:00:00.0" ObKeinKontakt="1" ObjArtID="1" Merkmal="0.0"/>
  <Objekte ObjID="9600" ObjAufnahme="1998-04-29" ObjLetztKontakt="1998-04-29" ObjStrasseID="2861" ObjHausnummer="Altenbekener Damm 33" ObjVorlage="2013-09-11 00:00:00.0" ObKeinKontakt="1" ObjArtID="1" Merkmal="0.0"/>
  <Objekte ObjID="9602" ObjAufnahme="1998-04-29" ObjLetztKontakt="1998-04-29" ObjStrasseID="7790" ObjHausnummer="Plathnerstraße 55" ObjVorlage="2013-09-11 00:00:00.0" ObKeinKontakt="1" ObjArtID="1" Merkmal="0.0"/>
  <Objekte ObjID="9603" ObjAufnahme="1998-04-29" ObjLetztKontakt="1998-04-29" ObjStrasseID="7938" ObjHausnummer="Roseggerstraße 11" ObjVorlage="2013-09-11 00:00:00.0" ObKeinKontakt="1" ObjArtID="1" Merkmal="0.0"/>
  <Objekte ObjID="9604" ObjAufnahme="1998-04-29" ObjLetztKontakt="1998-04-29" ObjStrasseID="7938" ObjHausnummer="Roseggerstraße 13" ObjVorlage="2013-09-11 00:00:00.0" ObKeinKontakt="1" ObjArtID="1" Merkmal="0.0"/>
  <Objekte ObjID="9605" ObjAufnahme="1998-04-29" ObjStrasseID="8601" ObjHausnummer="Weststraße 1" ObjVorlage="2013-09-11 00:00:00.0" ObKeinKontakt="2" ObjArtID="1" Merkmal="0.0"/>
  <Objekte ObjID="9606" ObjAufnahme="1998-04-29" ObjStrasseID="8601" ObjHausnummer="Weststraße 3" ObjVorlage="2013-09-11 00:00:00.0" ObKeinKontakt="1" ObjArtID="1" Merkmal="0.0"/>
  <Objekte ObjID="9607" ObjAufnahme="1998-04-29" ObjStrasseID="8601" ObjHausnummer="Weststraße 5" ObjVorlage="2013-09-11 00:00:00.0" ObKeinKontakt="2" ObjArtID="1" Merkmal="0.0"/>
  <Objekte ObjID="9608" ObjAufnahme="1998-04-29" ObjStrasseID="8601" ObjHausnummer="Weststraße 7" ObjVorlage="2013-09-11 00:00:00.0" ObKeinKontakt="1" ObjArtID="1" Merkmal="0.0"/>
  <Objekte ObjID="9609" ObjAufnahme="1998-04-29" ObjStrasseID="8601" ObjHausnummer="Weststraße 6" ObjVorlage="2013-09-11 00:00:00.0" ObKeinKontakt="1" ObjArtID="1" Merkmal="0.0"/>
  <Objekte ObjID="9610" ObjAufnahme="1998-04-29" ObjStrasseID="8601" ObjHausnummer="Weststraße 4" ObjVorlage="2013-09-11 00:00:00.0" ObKeinKontakt="1" ObjArtID="1" Merkmal="0.0"/>
  <Objekte ObjID="9611" ObjAufnahme="1998-04-29" ObjStrasseID="8601" ObjHausnummer="Weststraße 2" ObjVorlage="2013-09-11 00:00:00.0" ObKeinKontakt="1" ObjArtID="1" Merkmal="0.0"/>
  <Objekte ObjID="9614" ObjAufnahme="1998-04-30" ObjLetztKontakt="1998-04-30" ObjStrasseID="2861" ObjHausnummer="Altenbekener Damm 40" ObjVorlage="2013-09-11 00:00:00.0" ObKeinKontakt="1" ObjArtID="1" Merkmal="0.0"/>
  <Objekte ObjID="9615" ObjAufnahme="1998-04-30" ObjLetztKontakt="1998-04-30" ObjStrasseID="2861" ObjHausnummer="Altenbekener Damm 42" ObjVorlage="2013-09-11 00:00:00.0" ObKeinKontakt="1" ObjArtID="1" Merkmal="0.0"/>
  <Objekte ObjID="9616" ObjAufnahme="1998-04-30" ObjLetztKontakt="1998-04-30" ObjStrasseID="2861" ObjHausnummer="Altenbekener Damm 44" ObjVorlage="2013-09-11 00:00:00.0" ObKeinKontakt="1" ObjArtID="1" Merkmal="0.0"/>
  <Objekte ObjID="9617" ObjAufnahme="1998-04-30" ObjLetztKontakt="1998-04-30" ObjStrasseID="2861" ObjHausnummer="Altenbekener Damm 46" ObjVorlage="2013-09-11 00:00:00.0" ObKeinKontakt="1" ObjArtID="1" Merkmal="0.0"/>
  <Objekte ObjID="9618" ObjAufnahme="1998-04-30" ObjLetztKontakt="1998-04-30" ObjStrasseID="2861" ObjHausnummer="Altenbekener Damm 48" ObjVorlage="2013-09-11 00:00:00.0" ObKeinKontakt="1" ObjArtID="1" Merkmal="0.0"/>
  <Objekte ObjID="9619" ObjAufnahme="1998-04-30" ObjLetztKontakt="1998-04-30" ObjStrasseID="6608" ObjHausnummer="Göttinger Chaussee 43" ObjVorlage="2013-09-11 00:00:00.0" ObKeinKontakt="5" ObjArtID="1" Merkmal="0.0" ObjInfo="9WE/1Gast/1930/104/1,7"/>
  <Objekte ObjID="9620" ObjAufnahme="1998-04-30" ObjLetztKontakt="1998-04-30" ObjStrasseID="2861" ObjHausnummer="Altenbekener Damm 50" ObjVorlage="2013-09-11 00:00:00.0" ObKeinKontakt="1" ObjArtID="1" Merkmal="0.0"/>
  <Objekte ObjID="9621" ObjAufnahme="1998-04-30" ObjLetztKontakt="1998-04-30" ObjStrasseID="2861" ObjHausnummer="Altenbekener Damm 52" ObjVorlage="2013-09-11 00:00:00.0" ObKeinKontakt="1" ObjArtID="1" Merkmal="0.0"/>
  <Objekte ObjID="9622" ObjAufnahme="1998-04-30" ObjLetztKontakt="1998-04-30" ObjStrasseID="2861" ObjHausnummer="Altenbekener Damm 54" ObjVorlage="2013-09-11 00:00:00.0" ObKeinKontakt="1" ObjArtID="1" Merkmal="0.0"/>
  <Objekte ObjID="9623" ObjAufnahme="1998-04-30" ObjLetztKontakt="1998-04-30" ObjStrasseID="2861" ObjHausnummer="Altenbekener Damm 56" ObjVorlage="2013-09-11 00:00:00.0" ObKeinKontakt="1" ObjArtID="1" Merkmal="0.0"/>
  <Objekte ObjID="9624" ObjAufnahme="1998-04-30" ObjLetztKontakt="1998-04-30" ObjStrasseID="5780" ObjHausnummer="An der Tiefenriede 27" ObjVorlage="2013-09-11 00:00:00.0" ObKeinKontakt="1" ObjArtID="1" Merkmal="0.0"/>
  <Objekte ObjID="9625" ObjAufnahme="1998-04-30" ObjLetztKontakt="1998-04-30" ObjStrasseID="5780" ObjHausnummer="An der Tiefenriede 29" ObjVorlage="2013-09-11 00:00:00.0" ObKeinKontakt="1" ObjArtID="1" Merkmal="0.0"/>
  <Objekte ObjID="9626" ObjAufnahme="1998-04-30" ObjLetztKontakt="1998-04-30" ObjStrasseID="5780" ObjHausnummer="An der Tiefenriede 31" ObjVorlage="2013-09-11 00:00:00.0" ObKeinKontakt="1" ObjArtID="1" Merkmal="0.0"/>
  <Objekte ObjID="9627" ObjAufnahme="1998-04-30" ObjLetztKontakt="1998-04-30" ObjStrasseID="6004" ObjHausnummer="Bodenstedtstraße 3" ObjVorlage="2013-09-11 00:00:00.0" ObKeinKontakt="1" ObjArtID="1" Merkmal="0.0"/>
  <Objekte ObjID="9628" ObjAufnahme="1998-04-30" ObjLetztKontakt="1998-04-30" ObjStrasseID="6004" ObjHausnummer="Bodenstedtstraße 4" ObjVorlage="2013-09-11 00:00:00.0" ObKeinKontakt="1" ObjArtID="1" Merkmal="0.0"/>
  <Objekte ObjID="9629" ObjAufnahme="1998-04-30" ObjLetztKontakt="1998-04-30" ObjStrasseID="6004" ObjHausnummer="Bodenstedtstraße 7" ObjVorlage="2013-09-11 00:00:00.0" ObKeinKontakt="1" ObjArtID="1" Merkmal="0.0"/>
  <Objekte ObjID="9630" ObjAufnahme="1998-04-30" ObjLetztKontakt="1998-04-30" ObjStrasseID="6011" ObjHausnummer="Böhmerstraße 11" ObjVorlage="2013-09-11 00:00:00.0" ObKeinKontakt="1" ObjArtID="1" Merkmal="0.0"/>
  <Objekte ObjID="9631" ObjAufnahme="1998-04-30" ObjLetztKontakt="1998-04-30" ObjStrasseID="6011" ObjHausnummer="Böhmerstraße 13" ObjVorlage="2013-09-11 00:00:00.0" ObKeinKontakt="1" ObjArtID="1" Merkmal="0.0"/>
  <Objekte ObjID="9632" ObjAufnahme="1998-04-30" ObjLetztKontakt="1998-04-30" ObjStrasseID="6011" ObjHausnummer="Böhmerstraße 15" ObjVorlage="2013-09-11 00:00:00.0" ObKeinKontakt="1" ObjArtID="1" Merkmal="0.0"/>
  <Objekte ObjID="9633" ObjAufnahme="1998-04-30" ObjLetztKontakt="1998-04-30" ObjStrasseID="6031" ObjHausnummer="Börnestraße 1" ObjVorlage="2013-09-11 00:00:00.0" ObKeinKontakt="1" ObjArtID="1" Merkmal="0.0"/>
  <Objekte ObjID="9634" ObjAufnahme="1998-04-30" ObjLetztKontakt="1998-04-30" ObjStrasseID="6031" ObjHausnummer="Börnestraße 3" ObjVorlage="2013-09-11 00:00:00.0" ObKeinKontakt="1" ObjArtID="1" Merkmal="0.0"/>
  <Objekte ObjID="9635" ObjAufnahme="1998-04-30" ObjLetztKontakt="1998-04-30" ObjStrasseID="6031" ObjHausnummer="Börnestraße 5" ObjVorlage="2013-09-11 00:00:00.0" ObKeinKontakt="1" ObjArtID="1" Merkmal="0.0"/>
  <Objekte ObjID="9636" ObjAufnahme="1998-04-30" ObjLetztKontakt="1998-04-30" ObjStrasseID="6066" ObjHausnummer="Brehmhof 1" ObjVorlage="2013-09-11 00:00:00.0" ObKeinKontakt="1" ObjArtID="1" Merkmal="0.0"/>
  <Objekte ObjID="9637" ObjAufnahme="1998-04-30" ObjLetztKontakt="1998-04-30" ObjStrasseID="6066" ObjHausnummer="Brehmhof 2" ObjVorlage="2013-09-11 00:00:00.0" ObKeinKontakt="1" ObjArtID="1" Merkmal="0.0"/>
  <Objekte ObjID="9638" ObjAufnahme="1998-04-30" ObjLetztKontakt="1998-04-30" ObjStrasseID="6066" ObjHausnummer="Brehmhof 3" ObjVorlage="2013-09-11 00:00:00.0" ObKeinKontakt="1" ObjArtID="1" Merkmal="0.0"/>
  <Objekte ObjID="9639" ObjAufnahme="1998-04-30" ObjLetztKontakt="1998-04-30" ObjStrasseID="6066" ObjHausnummer="Brehmhof 4" ObjVorlage="2013-09-11 00:00:00.0" ObKeinKontakt="1" ObjArtID="1" Merkmal="0.0"/>
  <Objekte ObjID="9640" ObjAufnahme="1998-04-30" ObjLetztKontakt="1998-04-30" ObjStrasseID="6067" ObjHausnummer="Brehmstraße 29" ObjVorlage="2013-09-11 00:00:00.0" ObKeinKontakt="1" ObjArtID="1" Merkmal="0.0"/>
  <Objekte ObjID="9641" ObjAufnahme="1998-04-30" ObjLetztKontakt="1998-04-30" ObjStrasseID="6067" ObjHausnummer="Brehmstraße 31" ObjVorlage="2013-09-11 00:00:00.0" ObKeinKontakt="1" ObjArtID="1" Merkmal="0.0"/>
  <Objekte ObjID="9642" ObjAufnahme="1998-04-30" ObjLetztKontakt="1998-04-30" ObjStrasseID="6461" ObjHausnummer="Freiligrathstraße 11" ObjVorlage="2013-09-11 00:00:00.0" ObKeinKontakt="1" ObjArtID="1" Merkmal="0.0"/>
  <Objekte ObjID="9643" ObjAufnahme="1998-04-30" ObjLetztKontakt="1999-02-15" ObjStrasseID="6534" ObjHausnummer="Geibelstraße 1" ObjVorlage="2013-09-11 00:00:00.0" ObKeinKontakt="2" ObjArtID="1" Merkmal="0.0"/>
  <Objekte ObjID="9644" ObjAufnahme="1998-04-30" ObjLetztKontakt="1999-02-15" ObjStrasseID="6534" ObjHausnummer="Geibelstraße 3" ObjVorlage="2013-09-11 00:00:00.0" ObKeinKontakt="2" ObjArtID="1" Merkmal="0.0"/>
  <Objekte ObjID="9645" ObjAufnahme="1998-04-30" ObjLetztKontakt="1999-02-15" ObjStrasseID="6534" ObjHausnummer="Geibelstraße 5" ObjVorlage="2013-09-11 00:00:00.0" ObKeinKontakt="2" ObjArtID="1" Merkmal="0.0"/>
  <Objekte ObjID="9646" ObjAufnahme="1998-04-30" ObjLetztKontakt="1999-02-15" ObjStrasseID="6534" ObjHausnummer="Geibelstraße 7" ObjVorlage="2013-09-11 00:00:00.0" ObKeinKontakt="2" ObjArtID="1" Merkmal="0.0"/>
  <Objekte ObjID="9647" ObjAufnahme="1998-04-30" ObjLetztKontakt="1999-02-15" ObjStrasseID="6534" ObjHausnummer="Geibelstraße 9" ObjVorlage="2013-09-11 00:00:00.0" ObKeinKontakt="2" ObjArtID="1" Merkmal="0.0"/>
  <Objekte ObjID="9648" ObjAufnahme="1998-04-30" ObjLetztKontakt="1999-02-15" ObjStrasseID="6534" ObjHausnummer="Geibelstraße 11" ObjVorlage="2013-09-11 00:00:00.0" ObKeinKontakt="2" ObjArtID="1" Merkmal="0.0"/>
  <Objekte ObjID="9649" ObjAufnahme="1998-04-30" ObjLetztKontakt="1998-10-29" ObjStrasseID="6534" ObjHausnummer="Geibelstraße 47" ObjVorlage="2013-09-11 00:00:00.0" ObKeinKontakt="2" ObjArtID="1" Merkmal="0.0"/>
  <Objekte ObjID="9650" ObjAufnahme="1998-04-30" ObjLetztKontakt="1998-10-29" ObjStrasseID="6534" ObjHausnummer="Geibelstraße 49" ObjVorlage="2013-09-11 00:00:00.0" ObKeinKontakt="2" ObjArtID="1" Merkmal="0.0"/>
  <Objekte ObjID="9651" ObjAufnahme="1998-04-30" ObjLetztKontakt="1998-10-29" ObjStrasseID="6534" ObjHausnummer="Geibelstraße 51" ObjVorlage="2013-09-11 00:00:00.0" ObKeinKontakt="2" ObjArtID="1" Merkmal="0.0"/>
  <Objekte ObjID="9652" ObjAufnahme="1998-04-30" ObjLetztKontakt="1998-10-29" ObjStrasseID="6534" ObjHausnummer="Geibelstraße 53" ObjVorlage="2013-09-11 00:00:00.0" ObKeinKontakt="2" ObjArtID="1" Merkmal="0.0"/>
  <Objekte ObjID="9653" ObjAufnahme="1998-04-30" ObjLetztKontakt="1998-04-30" ObjStrasseID="6640" ObjHausnummer="Grimmstraße 1" ObjVorlage="2013-09-11 00:00:00.0" ObKeinKontakt="1" ObjArtID="1" Merkmal="0.0"/>
  <Objekte ObjID="9654" ObjAufnahme="1998-04-30" ObjLetztKontakt="1998-04-30" ObjStrasseID="6640" ObjHausnummer="Grimmstraße 2" ObjVorlage="2013-09-11 00:00:00.0" ObKeinKontakt="1" ObjArtID="1" Merkmal="0.0"/>
  <Objekte ObjID="9655" ObjAufnahme="1998-04-30" ObjLetztKontakt="1998-04-30" ObjStrasseID="6640" ObjHausnummer="Grimmstraße 3" ObjVorlage="2013-09-11 00:00:00.0" ObKeinKontakt="1" ObjArtID="1" Merkmal="0.0"/>
  <Objekte ObjID="9656" ObjAufnahme="1998-04-30" ObjLetztKontakt="1998-04-30" ObjStrasseID="6640" ObjHausnummer="Grimmstraße 5" ObjVorlage="2013-09-11 00:00:00.0" ObKeinKontakt="1" ObjArtID="1" Merkmal="0.0"/>
  <Objekte ObjID="9657" ObjAufnahme="1998-04-30" ObjLetztKontakt="1998-04-30" ObjStrasseID="6640" ObjHausnummer="Grimmstraße 9" ObjVorlage="2013-09-11 00:00:00.0" ObKeinKontakt="1" ObjArtID="1" Merkmal="0.0"/>
  <Objekte ObjID="9658" ObjAufnahme="1998-04-30" ObjLetztKontakt="1998-04-30" ObjStrasseID="6640" ObjHausnummer="Grimmstraße 10" ObjVorlage="2013-09-11 00:00:00.0" ObKeinKontakt="1" ObjArtID="1" Merkmal="0.0"/>
  <Objekte ObjID="9659" ObjAufnahme="1998-04-30" ObjLetztKontakt="1998-04-30" ObjStrasseID="6640" ObjHausnummer="Grimmstraße 11" ObjVorlage="2013-09-11 00:00:00.0" ObKeinKontakt="1" ObjArtID="1" Merkmal="0.0"/>
  <Objekte ObjID="9660" ObjAufnahme="1998-04-30" ObjLetztKontakt="1998-04-30" ObjStrasseID="6801" ObjHausnummer="Heinrich-Heine-Straße 1" ObjVorlage="2013-09-11 00:00:00.0" ObKeinKontakt="1" ObjArtID="1" Merkmal="0.0"/>
  <Objekte ObjID="9661" ObjAufnahme="1998-04-30" ObjLetztKontakt="1998-04-30" ObjStrasseID="6801" ObjHausnummer="Heinrich-Heine-Straße 3" ObjVorlage="2013-09-11 00:00:00.0" ObKeinKontakt="1" ObjArtID="1" Merkmal="0.0"/>
  <Objekte ObjID="9662" ObjAufnahme="1998-04-30" ObjLetztKontakt="1998-04-30" ObjStrasseID="6801" ObjHausnummer="Heinrich-Heine-Straße 5" ObjVorlage="2013-09-11 00:00:00.0" ObKeinKontakt="1" ObjArtID="1" Merkmal="0.0"/>
  <Objekte ObjID="9663" ObjAufnahme="1998-04-30" ObjLetztKontakt="1998-04-30" ObjStrasseID="6801" ObjHausnummer="Heinrich-Heine-Straße 7" ObjVorlage="2013-09-11 00:00:00.0" ObKeinKontakt="1" ObjArtID="1" Merkmal="0.0"/>
  <Objekte ObjID="9664" ObjAufnahme="1998-04-30" ObjLetztKontakt="1998-04-30" ObjStrasseID="6801" ObjHausnummer="Heinrich-Heine-Straße 14" ObjVorlage="2013-09-11 00:00:00.0" ObKeinKontakt="1" ObjArtID="1" Merkmal="0.0"/>
  <Objekte ObjID="9665" ObjAufnahme="1998-04-30" ObjLetztKontakt="1998-04-30" ObjStrasseID="6801" ObjHausnummer="Heinrich-Heine-Straße 16" ObjVorlage="2013-09-11 00:00:00.0" ObKeinKontakt="1" ObjArtID="1" Merkmal="0.0"/>
  <Objekte ObjID="9666" ObjAufnahme="1998-04-30" ObjLetztKontakt="1998-04-30" ObjStrasseID="6801" ObjHausnummer="Heinrich-Heine-Straße 18" ObjVorlage="2013-09-11 00:00:00.0" ObKeinKontakt="1" ObjArtID="1" Merkmal="0.0"/>
  <Objekte ObjID="9667" ObjAufnahme="1998-04-30" ObjLetztKontakt="1998-04-30" ObjStrasseID="6801" ObjHausnummer="Heinrich-Heine-Straße 20" ObjVorlage="2013-09-11 00:00:00.0" ObKeinKontakt="1" ObjArtID="1" Merkmal="0.0"/>
  <Objekte ObjID="9668" ObjAufnahme="1998-04-30" ObjLetztKontakt="1998-04-30" ObjStrasseID="6801" ObjHausnummer="Heinrich-Heine-Straße 22" ObjVorlage="2013-09-11 00:00:00.0" ObKeinKontakt="1" ObjArtID="1" Merkmal="0.0"/>
  <Objekte ObjID="9669" ObjAufnahme="1998-04-30" ObjLetztKontakt="1998-04-30" ObjStrasseID="6801" ObjHausnummer="Heinrich-Heine-Straße 24" ObjVorlage="2013-09-11 00:00:00.0" ObKeinKontakt="1" ObjArtID="1" Merkmal="0.0"/>
  <Objekte ObjID="9670" ObjAufnahme="1998-04-30" ObjLetztKontakt="1998-04-30" ObjStrasseID="6801" ObjHausnummer="Heinrich-Heine-Straße 26" ObjVorlage="2013-09-11 00:00:00.0" ObKeinKontakt="1" ObjArtID="1" Merkmal="0.0"/>
  <Objekte ObjID="9671" ObjAufnahme="1998-04-30" ObjLetztKontakt="1998-04-30" ObjStrasseID="6801" ObjHausnummer="Heinrich-Heine-Straße 28" ObjVorlage="2013-09-11 00:00:00.0" ObKeinKontakt="1" ObjArtID="1" Merkmal="0.0"/>
  <Objekte ObjID="9672" ObjAufnahme="1998-04-30" ObjLetztKontakt="1998-04-30" ObjStrasseID="6801" ObjHausnummer="Heinrich-Heine-Straße 30" ObjVorlage="2013-09-11 00:00:00.0" ObKeinKontakt="1" ObjArtID="1" Merkmal="0.0"/>
  <Objekte ObjID="9673" ObjAufnahme="1998-04-30" ObjLetztKontakt="1998-04-30" ObjStrasseID="6801" ObjHausnummer="Heinrich-Heine-Straße 32" ObjVorlage="2013-09-11 00:00:00.0" ObKeinKontakt="1" ObjArtID="1" Merkmal="0.0"/>
  <Objekte ObjID="9674" ObjAufnahme="1998-04-30" ObjLetztKontakt="1998-04-30" ObjStrasseID="6801" ObjHausnummer="Heinrich-Heine-Straße 34" ObjVorlage="2013-09-11 00:00:00.0" ObKeinKontakt="1" ObjArtID="1" Merkmal="0.0"/>
  <Objekte ObjID="9675" ObjAufnahme="1998-04-30" ObjLetztKontakt="1998-04-30" ObjStrasseID="6801" ObjHausnummer="Heinrich-Heine-Straße 36" ObjVorlage="2013-09-11 00:00:00.0" ObKeinKontakt="1" ObjArtID="1" Merkmal="0.0"/>
  <Objekte ObjID="9676" ObjAufnahme="1998-04-30" ObjLetztKontakt="1998-04-30" ObjStrasseID="6801" ObjHausnummer="Heinrich-Heine-Straße 38" ObjVorlage="2013-09-11 00:00:00.0" ObKeinKontakt="1" ObjArtID="1" Merkmal="0.0"/>
  <Objekte ObjID="9677" ObjAufnahme="1998-04-30" ObjLetztKontakt="1998-04-30" ObjStrasseID="7662" ObjHausnummer="Obere Ziegelei 3" ObjVorlage="2013-09-11 00:00:00.0" ObKeinKontakt="1" ObjArtID="1" Merkmal="0.0"/>
  <Objekte ObjID="9678" ObjAufnahme="1998-04-30" ObjLetztKontakt="1998-04-30" ObjStrasseID="7662" ObjHausnummer="Obere Ziegelei 4" ObjVorlage="2013-09-11 00:00:00.0" ObKeinKontakt="1" ObjArtID="1" Merkmal="0.0"/>
  <Objekte ObjID="9679" ObjAufnahme="1998-04-30" ObjLetztKontakt="1998-04-30" ObjStrasseID="7662" ObjHausnummer="Obere Ziegelei 6" ObjVorlage="2013-09-11 00:00:00.0" ObKeinKontakt="1" ObjArtID="1" Merkmal="0.0"/>
  <Objekte ObjID="9680" ObjAufnahme="1998-04-30" ObjLetztKontakt="1998-04-30" ObjStrasseID="7662" ObjHausnummer="Obere Ziegelei 8" ObjVorlage="2013-09-11 00:00:00.0" ObKeinKontakt="1" ObjArtID="1" Merkmal="0.0"/>
  <Objekte ObjID="9681" ObjAufnahme="1998-04-30" ObjLetztKontakt="1998-04-30" ObjStrasseID="7662" ObjHausnummer="Obere Ziegelei 10" ObjVorlage="2013-09-11 00:00:00.0" ObKeinKontakt="1" ObjArtID="1" Merkmal="0.0"/>
  <Objekte ObjID="9682" ObjAufnahme="1998-04-30" ObjLetztKontakt="1998-04-30" ObjStrasseID="7662" ObjHausnummer="Obere Ziegelei 12" ObjVorlage="2013-09-11 00:00:00.0" ObKeinKontakt="1" ObjArtID="1" Merkmal="0.0"/>
  <Objekte ObjID="9683" ObjAufnahme="1998-04-30" ObjLetztKontakt="1998-04-30" ObjStrasseID="7662" ObjHausnummer="Obere Ziegelei 14" ObjVorlage="2013-09-11 00:00:00.0" ObKeinKontakt="1" ObjArtID="1" Merkmal="0.0"/>
  <Objekte ObjID="9684" ObjAufnahme="1998-04-30" ObjLetztKontakt="1998-04-30" ObjStrasseID="7662" ObjHausnummer="Obere Ziegelei 16" ObjVorlage="2013-09-11 00:00:00.0" ObKeinKontakt="1" ObjArtID="1" Merkmal="0.0"/>
  <Objekte ObjID="9685" ObjAufnahme="1998-04-30" ObjLetztKontakt="1998-04-30" ObjStrasseID="7662" ObjHausnummer="Obere Ziegelei 18" ObjVorlage="2013-09-11 00:00:00.0" ObKeinKontakt="1" ObjArtID="1" Merkmal="0.0"/>
  <Objekte ObjID="9686" ObjAufnahme="1998-04-30" ObjLetztKontakt="1998-04-30" ObjStrasseID="7662" ObjHausnummer="Obere Ziegelei 18A" ObjVorlage="2013-09-11 00:00:00.0" ObKeinKontakt="1" ObjArtID="1" Merkmal="0.0"/>
  <Objekte ObjID="9687" ObjAufnahme="1998-04-30" ObjLetztKontakt="1998-04-30" ObjStrasseID="7518" ObjHausnummer="Mendelssohnstraße 14" ObjVorlage="2013-09-11 00:00:00.0" ObKeinKontakt="1" ObjArtID="1" Merkmal="0.0"/>
  <Objekte ObjID="9688" ObjAufnahme="1998-04-30" ObjLetztKontakt="1998-04-30" ObjStrasseID="8189" ObjHausnummer="Siemensstraße 8" ObjVorlage="2013-09-11 00:00:00.0" ObKeinKontakt="1" ObjArtID="1" Merkmal="0.0"/>
  <Objekte ObjID="9689" ObjAufnahme="1998-04-30" ObjLetztKontakt="1998-04-30" ObjStrasseID="8381" ObjHausnummer="Tiestestraße 33" ObjVorlage="2013-09-11 00:00:00.0" ObKeinKontakt="1" ObjArtID="1" Merkmal="0.0"/>
  <Objekte ObjID="9690" ObjAufnahme="1998-04-30" ObjLetztKontakt="1998-04-30" ObjStrasseID="8381" ObjHausnummer="Tiestestraße 35" ObjVorlage="2013-09-11 00:00:00.0" ObKeinKontakt="1" ObjArtID="1" Merkmal="0.0"/>
  <Objekte ObjID="9691" ObjAufnahme="1998-04-30" ObjLetztKontakt="1998-04-30" ObjStrasseID="8381" ObjHausnummer="Tiestestraße 37" ObjVorlage="2013-09-11 00:00:00.0" ObKeinKontakt="1" ObjArtID="1" Merkmal="0.0"/>
  <Objekte ObjID="9692" ObjAufnahme="1998-04-30" ObjLetztKontakt="1998-04-30" ObjStrasseID="8381" ObjHausnummer="Tiestestraße 39" ObjVorlage="2013-09-11 00:00:00.0" ObKeinKontakt="1" ObjArtID="1" Merkmal="0.0"/>
  <Objekte ObjID="9693" ObjAufnahme="1998-04-30" ObjLetztKontakt="1998-04-30" ObjStrasseID="8381" ObjHausnummer="Tiestestraße 41" ObjVorlage="2013-09-11 00:00:00.0" ObKeinKontakt="1" ObjArtID="1" Merkmal="0.0"/>
  <Objekte ObjID="9694" ObjAufnahme="1998-04-30" ObjLetztKontakt="1998-04-30" ObjStrasseID="8381" ObjHausnummer="Tiestestraße 43" ObjVorlage="2013-09-11 00:00:00.0" ObKeinKontakt="1" ObjArtID="1" Merkmal="0.0"/>
  <Objekte ObjID="9695" ObjAufnahme="1998-04-30" ObjLetztKontakt="1998-04-30" ObjStrasseID="8539" ObjHausnummer="Wedemeyerstraße 1" ObjVorlage="2013-09-11 00:00:00.0" ObKeinKontakt="1" ObjArtID="1" Merkmal="0.0"/>
  <Objekte ObjID="9696" ObjAufnahme="1998-04-30" ObjLetztKontakt="1998-04-30" ObjStrasseID="8539" ObjHausnummer="Wedemeyerstraße 2" ObjVorlage="2013-09-11 00:00:00.0" ObKeinKontakt="1" ObjArtID="1" Merkmal="0.0"/>
  <Objekte ObjID="9697" ObjAufnahme="1998-04-30" ObjLetztKontakt="1998-04-30" ObjStrasseID="8916" ObjHausnummer="Am Schafbrinke 87" ObjVorlage="2013-09-11 00:00:00.0" ObKeinKontakt="1" ObjArtID="1" Merkmal="0.0"/>
  <Objekte ObjID="9698" ObjAufnahme="1998-04-30" ObjLetztKontakt="1998-04-30" ObjStrasseID="8916" ObjHausnummer="Am Schafbrinke 89" ObjVorlage="2013-09-11 00:00:00.0" ObKeinKontakt="1" ObjArtID="1" Merkmal="0.0"/>
  <Objekte ObjID="9699" ObjAufnahme="1998-04-30" ObjLetztKontakt="1998-04-30" ObjStrasseID="7377" ObjHausnummer="Liebrechtstraße 1" ObjVorlage="2013-09-11 00:00:00.0" ObKeinKontakt="1" ObjArtID="1" Merkmal="0.0"/>
  <Objekte ObjID="9700" ObjAufnahme="1998-04-30" ObjLetztKontakt="1998-04-30" ObjStrasseID="7377" ObjHausnummer="Liebrechtstraße 3" ObjVorlage="2013-09-11 00:00:00.0" ObKeinKontakt="1" ObjArtID="1" Merkmal="0.0"/>
  <Objekte ObjID="9701" ObjAufnahme="1998-04-30" ObjLetztKontakt="1998-04-30" ObjStrasseID="7377" ObjHausnummer="Liebrechtstraße 5" ObjVorlage="2013-09-11 00:00:00.0" ObKeinKontakt="1" ObjArtID="1" Merkmal="0.0"/>
  <Objekte ObjID="9702" ObjAufnahme="1998-04-30" ObjLetztKontakt="1998-04-30" ObjStrasseID="7377" ObjHausnummer="Liebrechtstraße 7" ObjVorlage="2013-09-11 00:00:00.0" ObKeinKontakt="1" ObjArtID="1" Merkmal="0.0"/>
  <Objekte ObjID="9703" ObjAufnahme="1998-04-30" ObjLetztKontakt="1998-04-30" ObjStrasseID="7377" ObjHausnummer="Liebrechtstraße 9" ObjVorlage="2013-09-11 00:00:00.0" ObKeinKontakt="1" ObjArtID="1" Merkmal="0.0"/>
  <Objekte ObjID="9704" ObjAufnahme="1998-04-30" ObjLetztKontakt="1998-04-30" ObjStrasseID="7377" ObjHausnummer="Liebrechtstraße 13" ObjVorlage="2013-09-11 00:00:00.0" ObKeinKontakt="1" ObjArtID="1" Merkmal="0.0"/>
  <Objekte ObjID="9705" ObjAufnahme="1998-04-30" ObjLetztKontakt="1998-04-30" ObjStrasseID="7377" ObjHausnummer="Liebrechtstraße 15" ObjVorlage="2013-09-11 00:00:00.0" ObKeinKontakt="1" ObjArtID="1" Merkmal="0.0"/>
  <Objekte ObjID="9706" ObjAufnahme="1998-04-30" ObjLetztKontakt="1998-04-30" ObjStrasseID="7377" ObjHausnummer="Liebrechtstraße 17" ObjVorlage="2013-09-11 00:00:00.0" ObKeinKontakt="1" ObjArtID="1" Merkmal="0.0"/>
  <Objekte ObjID="9707" ObjAufnahme="1998-04-30" ObjLetztKontakt="1998-04-30" ObjStrasseID="7377" ObjHausnummer="Liebrechtstraße 19" ObjVorlage="2013-09-11 00:00:00.0" ObKeinKontakt="1" ObjArtID="1" Merkmal="0.0"/>
  <Objekte ObjID="9708" ObjAufnahme="1998-04-30" ObjLetztKontakt="1998-04-30" ObjStrasseID="7377" ObjHausnummer="Liebrechtstraße 36" ObjVorlage="2013-09-11 00:00:00.0" ObKeinKontakt="1" ObjArtID="1" Merkmal="0.0"/>
  <Objekte ObjID="9709" ObjAufnahme="1998-04-30" ObjLetztKontakt="1998-04-30" ObjStrasseID="7377" ObjHausnummer="Liebrechtstraße 38" ObjVorlage="2013-09-11 00:00:00.0" ObKeinKontakt="1" ObjArtID="1" Merkmal="0.0"/>
  <Objekte ObjID="9710" ObjAufnahme="1998-04-30" ObjLetztKontakt="1998-04-30" ObjStrasseID="7377" ObjHausnummer="Liebrechtstraße 53" ObjVorlage="2013-09-11 00:00:00.0" ObKeinKontakt="1" ObjArtID="1" Merkmal="0.0"/>
  <Objekte ObjID="9711" ObjAufnahme="1998-04-30" ObjLetztKontakt="1998-04-30" ObjStrasseID="7377" ObjHausnummer="Liebrechtstraße 54" ObjVorlage="2013-09-11 00:00:00.0" ObKeinKontakt="1" ObjArtID="1" Merkmal="0.0"/>
  <Objekte ObjID="9712" ObjAufnahme="1998-04-30" ObjLetztKontakt="1998-04-30" ObjStrasseID="7377" ObjHausnummer="Liebrechtstraße 56" ObjVorlage="2013-09-11 00:00:00.0" ObKeinKontakt="1" ObjArtID="1" Merkmal="0.0"/>
  <Objekte ObjID="9713" ObjAufnahme="1998-04-30" ObjLetztKontakt="1998-04-30" ObjStrasseID="7716" ObjHausnummer="Ottostraße 1" ObjVorlage="2013-09-11 00:00:00.0" ObKeinKontakt="1" ObjArtID="1" Merkmal="0.0"/>
  <Objekte ObjID="9714" ObjAufnahme="1998-04-30" ObjLetztKontakt="1998-04-30" ObjStrasseID="7716" ObjHausnummer="Ottostraße 3" ObjVorlage="2013-09-11 00:00:00.0" ObKeinKontakt="1" ObjArtID="1" Merkmal="0.0"/>
  <Objekte ObjID="9715" ObjAufnahme="1998-04-30" ObjLetztKontakt="1998-04-30" ObjStrasseID="7716" ObjHausnummer="Ottostraße 5" ObjVorlage="2013-09-11 00:00:00.0" ObKeinKontakt="1" ObjArtID="1" Merkmal="0.0"/>
  <Objekte ObjID="9716" ObjAufnahme="1998-04-30" ObjLetztKontakt="1998-04-30" ObjStrasseID="7716" ObjHausnummer="Ottostraße 6" ObjVorlage="2013-09-11 00:00:00.0" ObKeinKontakt="1" ObjArtID="1" Merkmal="0.0"/>
  <Objekte ObjID="9717" ObjAufnahme="1998-04-30" ObjLetztKontakt="1998-04-30" ObjStrasseID="7716" ObjHausnummer="Ottostraße 8" ObjVorlage="2013-09-11 00:00:00.0" ObKeinKontakt="1" ObjArtID="1" Merkmal="0.0"/>
  <Objekte ObjID="9718" ObjAufnahme="1998-04-30" ObjLetztKontakt="1998-04-30" ObjStrasseID="7716" ObjHausnummer="Ottostraße 10" ObjVorlage="2013-09-11 00:00:00.0" ObKeinKontakt="1" ObjArtID="1" Merkmal="0.0"/>
  <Objekte ObjID="9719" ObjAufnahme="1998-04-30" ObjLetztKontakt="1998-04-30" ObjStrasseID="7716" ObjHausnummer="Ottostraße 12" ObjVorlage="2013-09-11 00:00:00.0" ObKeinKontakt="1" ObjArtID="1" Merkmal="0.0"/>
  <Objekte ObjID="9720" ObjAufnahme="1998-04-30" ObjLetztKontakt="1998-04-30" ObjStrasseID="7716" ObjHausnummer="Ottostraße 12A" ObjVorlage="2013-09-11 00:00:00.0" ObKeinKontakt="1" ObjArtID="1" Merkmal="0.0"/>
  <Objekte ObjID="9721" ObjAufnahme="1998-04-30" ObjLetztKontakt="1998-04-30" ObjStrasseID="5941" ObjHausnummer="Besselstraße 1" ObjVorlage="2013-09-11 00:00:00.0" ObKeinKontakt="1" ObjArtID="1" Merkmal="0.0"/>
  <Objekte ObjID="9722" ObjAufnahme="1998-04-30" ObjLetztKontakt="1998-04-30" ObjStrasseID="6823" ObjHausnummer="Helenenstraße 12" ObjVorlage="2013-09-11 00:00:00.0" ObKeinKontakt="1" ObjArtID="1" Merkmal="0.0"/>
  <Objekte ObjID="9723" ObjAufnahme="1998-04-30" ObjLetztKontakt="1998-04-30" ObjStrasseID="6823" ObjHausnummer="Helenenstraße 13" ObjVorlage="2013-09-11 00:00:00.0" ObKeinKontakt="1" ObjArtID="1" Merkmal="0.0"/>
  <Objekte ObjID="9724" ObjAufnahme="1998-04-30" ObjLetztKontakt="1998-04-30" ObjStrasseID="6823" ObjHausnummer="Helenenstraße 14" ObjVorlage="2013-09-11 00:00:00.0" ObKeinKontakt="1" ObjArtID="1" Merkmal="0.0"/>
  <Objekte ObjID="9725" ObjAufnahme="1998-04-30" ObjLetztKontakt="1998-04-30" ObjStrasseID="6823" ObjHausnummer="Helenenstraße 15" ObjVorlage="2013-09-11 00:00:00.0" ObKeinKontakt="1" ObjArtID="1" Merkmal="0.0"/>
  <Objekte ObjID="9726" ObjAufnahme="1998-04-30" ObjLetztKontakt="1998-04-30" ObjStrasseID="6823" ObjHausnummer="Helenenstraße 16" ObjVorlage="2013-09-11 00:00:00.0" ObKeinKontakt="1" ObjArtID="1" Merkmal="0.0"/>
  <Objekte ObjID="9727" ObjAufnahme="1998-04-30" ObjLetztKontakt="1998-04-30" ObjStrasseID="6823" ObjHausnummer="Helenenstraße 17" ObjVorlage="2013-09-11 00:00:00.0" ObKeinKontakt="1" ObjArtID="1" Merkmal="0.0"/>
  <Objekte ObjID="9728" ObjAufnahme="1998-04-30" ObjLetztKontakt="1998-04-30" ObjStrasseID="6823" ObjHausnummer="Helenenstraße 18" ObjVorlage="2013-09-11 00:00:00.0" ObKeinKontakt="1" ObjArtID="1" Merkmal="0.0"/>
  <Objekte ObjID="9729" ObjAufnahme="1998-04-30" ObjLetztKontakt="1998-04-30" ObjStrasseID="6823" ObjHausnummer="Helenenstraße 19" ObjVorlage="2013-09-11 00:00:00.0" ObKeinKontakt="1" ObjArtID="1" Merkmal="0.0"/>
  <Objekte ObjID="9730" ObjAufnahme="1998-04-30" ObjLetztKontakt="1998-04-30" ObjStrasseID="6823" ObjHausnummer="Helenenstraße 19A" ObjVorlage="2013-09-11 00:00:00.0" ObKeinKontakt="1" ObjArtID="1" Merkmal="0.0"/>
  <Objekte ObjID="9731" ObjAufnahme="1998-04-30" ObjLetztKontakt="1998-04-30" ObjStrasseID="6907" ObjHausnummer="Hoher Weg 8" ObjVorlage="2013-09-11 00:00:00.0" ObKeinKontakt="1" ObjArtID="1" Merkmal="0.0"/>
  <Objekte ObjID="9732" ObjAufnahme="1998-04-30" ObjLetztKontakt="1998-04-30" ObjStrasseID="6907" ObjHausnummer="Hoher Weg 10" ObjVorlage="2013-09-11 00:00:00.0" ObKeinKontakt="1" ObjArtID="1" Merkmal="0.0"/>
  <Objekte ObjID="9733" ObjAufnahme="1998-04-30" ObjLetztKontakt="1998-04-30" ObjStrasseID="6907" ObjHausnummer="Hoher Weg 12" ObjVorlage="2013-09-11 00:00:00.0" ObKeinKontakt="1" ObjArtID="1" Merkmal="0.0"/>
  <Objekte ObjID="9734" ObjAufnahme="1998-04-30" ObjLetztKontakt="1998-04-30" ObjStrasseID="6907" ObjHausnummer="Hoher Weg 14" ObjVorlage="2013-09-11 00:00:00.0" ObKeinKontakt="1" ObjArtID="1" Merkmal="0.0"/>
  <Objekte ObjID="9735" ObjAufnahme="1998-04-30" ObjLetztKontakt="1998-04-30" ObjStrasseID="6907" ObjHausnummer="Hoher Weg 16" ObjVorlage="2013-09-11 00:00:00.0" ObKeinKontakt="1" ObjArtID="1" Merkmal="0.0"/>
  <Objekte ObjID="9736" ObjAufnahme="1998-04-30" ObjLetztKontakt="1998-04-30" ObjStrasseID="6907" ObjHausnummer="Hoher Weg 18" ObjVorlage="2013-09-11 00:00:00.0" ObKeinKontakt="1" ObjArtID="1" Merkmal="0.0"/>
  <Objekte ObjID="9737" ObjAufnahme="1998-04-30" ObjLetztKontakt="1998-04-30" ObjStrasseID="6907" ObjHausnummer="Hoher Weg 20" ObjVorlage="2013-09-11 00:00:00.0" ObKeinKontakt="1" ObjArtID="1" Merkmal="0.0"/>
  <Objekte ObjID="9738" ObjAufnahme="1998-04-30" ObjLetztKontakt="1998-04-30" ObjStrasseID="6915" ObjHausnummer="Holthusenstraße 1" ObjVorlage="2013-09-11 00:00:00.0" ObKeinKontakt="1" ObjArtID="1" Merkmal="0.0"/>
  <Objekte ObjID="9739" ObjAufnahme="1998-04-30" ObjLetztKontakt="1998-04-30" ObjStrasseID="6915" ObjHausnummer="Holthusenstraße 3" ObjVorlage="2013-09-11 00:00:00.0" ObKeinKontakt="1" ObjArtID="1" Merkmal="0.0"/>
  <Objekte ObjID="9740" ObjAufnahme="1998-04-30" ObjLetztKontakt="1998-04-30" ObjStrasseID="6915" ObjHausnummer="Holthusenstraße 5" ObjVorlage="2013-09-11 00:00:00.0" ObKeinKontakt="1" ObjArtID="1" Merkmal="0.0"/>
  <Objekte ObjID="9741" ObjAufnahme="1998-04-30" ObjLetztKontakt="1998-04-30" ObjStrasseID="6915" ObjHausnummer="Holthusenstraße 7" ObjVorlage="2013-09-11 00:00:00.0" ObKeinKontakt="1" ObjArtID="1" Merkmal="0.0"/>
  <Objekte ObjID="9742" ObjAufnahme="1998-04-30" ObjLetztKontakt="1998-04-30" ObjStrasseID="7084" ObjHausnummer="Kammweg 1" ObjVorlage="2013-09-11 00:00:00.0" ObKeinKontakt="1" ObjArtID="1" Merkmal="0.0"/>
  <Objekte ObjID="9743" ObjAufnahme="1998-04-30" ObjLetztKontakt="1998-04-30" ObjStrasseID="7084" ObjHausnummer="Kammweg 2" ObjVorlage="2013-09-11 00:00:00.0" ObKeinKontakt="1" ObjArtID="1" Merkmal="0.0"/>
  <Objekte ObjID="9744" ObjAufnahme="1998-04-30" ObjLetztKontakt="1998-04-30" ObjStrasseID="7084" ObjHausnummer="Kammweg 3" ObjVorlage="2013-09-11 00:00:00.0" ObKeinKontakt="1" ObjArtID="1" Merkmal="0.0"/>
  <Objekte ObjID="9745" ObjAufnahme="1998-04-30" ObjLetztKontakt="1998-04-30" ObjStrasseID="7084" ObjHausnummer="Kammweg 4" ObjVorlage="2013-09-11 00:00:00.0" ObKeinKontakt="1" ObjArtID="1" Merkmal="0.0"/>
  <Objekte ObjID="9746" ObjAufnahme="1998-04-30" ObjLetztKontakt="1998-04-30" ObjStrasseID="7751" ObjHausnummer="Peiner Straße 37" ObjVorlage="2013-09-11 00:00:00.0" ObKeinKontakt="1" ObjArtID="1" Merkmal="0.0"/>
  <Objekte ObjID="9747" ObjAufnahme="1998-04-30" ObjLetztKontakt="1998-04-30" ObjStrasseID="7751" ObjHausnummer="Peiner Straße 39" ObjVorlage="2013-09-11 00:00:00.0" ObKeinKontakt="1" ObjArtID="1" Merkmal="0.0"/>
  <Objekte ObjID="9748" ObjAufnahme="1998-04-30" ObjLetztKontakt="1998-04-30" ObjStrasseID="7751" ObjHausnummer="Peiner Straße 40" ObjVorlage="2013-09-11 00:00:00.0" ObKeinKontakt="1" ObjArtID="1" Merkmal="0.0"/>
  <Objekte ObjID="9749" ObjAufnahme="1998-04-30" ObjLetztKontakt="1998-04-30" ObjStrasseID="7751" ObjHausnummer="Peiner Straße 41" ObjVorlage="2013-09-11 00:00:00.0" ObKeinKontakt="1" ObjArtID="1" Merkmal="0.0"/>
  <Objekte ObjID="9750" ObjAufnahme="1998-04-30" ObjLetztKontakt="1998-04-30" ObjStrasseID="7751" ObjHausnummer="Peiner Straße 42" ObjVorlage="2013-09-11 00:00:00.0" ObKeinKontakt="1" ObjArtID="1" Merkmal="0.0"/>
  <Objekte ObjID="9751" ObjAufnahme="1998-04-30" ObjLetztKontakt="1998-04-30" ObjStrasseID="7751" ObjHausnummer="Peiner Straße 43" ObjVorlage="2013-09-11 00:00:00.0" ObKeinKontakt="1" ObjArtID="1" Merkmal="0.0"/>
  <Objekte ObjID="9752" ObjAufnahme="1998-04-30" ObjLetztKontakt="1998-04-30" ObjStrasseID="7751" ObjHausnummer="Peiner Straße 44" ObjVorlage="2013-09-11 00:00:00.0" ObKeinKontakt="1" ObjArtID="1" Merkmal="0.0"/>
  <Objekte ObjID="9753" ObjAufnahme="1998-04-30" ObjLetztKontakt="1998-04-30" ObjStrasseID="7751" ObjHausnummer="Peiner Straße 45" ObjVorlage="2013-09-11 00:00:00.0" ObKeinKontakt="1" ObjArtID="1" Merkmal="0.0"/>
  <Objekte ObjID="9754" ObjAufnahme="1998-04-30" ObjLetztKontakt="1998-04-30" ObjStrasseID="7751" ObjHausnummer="Peiner Straße 46" ObjVorlage="2013-09-11 00:00:00.0" ObKeinKontakt="1" ObjArtID="1" Merkmal="0.0"/>
  <Objekte ObjID="9755" ObjAufnahme="1998-04-30" ObjLetztKontakt="1998-04-30" ObjStrasseID="7751" ObjHausnummer="Peiner Straße 47" ObjVorlage="2013-09-11 00:00:00.0" ObKeinKontakt="1" ObjArtID="1" Merkmal="0.0"/>
  <Objekte ObjID="9756" ObjAufnahme="1998-04-30" ObjLetztKontakt="1998-04-30" ObjStrasseID="7751" ObjHausnummer="Peiner Straße 48" ObjVorlage="2013-09-11 00:00:00.0" ObKeinKontakt="1" ObjArtID="1" Merkmal="0.0"/>
  <Objekte ObjID="9757" ObjAufnahme="1998-04-30" ObjLetztKontakt="1998-04-30" ObjStrasseID="7751" ObjHausnummer="Peiner Straße 49" ObjVorlage="2013-09-11 00:00:00.0" ObKeinKontakt="1" ObjArtID="1" Merkmal="0.0"/>
  <Objekte ObjID="9758" ObjAufnahme="1998-04-30" ObjLetztKontakt="1998-04-30" ObjStrasseID="7751" ObjHausnummer="Peiner Straße 50" ObjVorlage="2013-09-11 00:00:00.0" ObKeinKontakt="1" ObjArtID="1" Merkmal="0.0"/>
  <Objekte ObjID="9759" ObjAufnahme="1998-04-30" ObjLetztKontakt="1998-04-30" ObjStrasseID="7751" ObjHausnummer="Peiner Straße 51" ObjVorlage="2013-09-11 00:00:00.0" ObKeinKontakt="1" ObjArtID="1" Merkmal="0.0"/>
  <Objekte ObjID="9760" ObjAufnahme="1998-04-30" ObjLetztKontakt="1998-04-30" ObjStrasseID="7751" ObjHausnummer="Peiner Straße 52" ObjVorlage="2013-09-11 00:00:00.0" ObKeinKontakt="1" ObjArtID="1" Merkmal="0.0"/>
  <Objekte ObjID="9761" ObjAufnahme="1998-04-30" ObjLetztKontakt="1998-04-30" ObjStrasseID="7751" ObjHausnummer="Peiner Straße 53" ObjVorlage="2013-09-11 00:00:00.0" ObKeinKontakt="1" ObjArtID="1" Merkmal="0.0"/>
  <Objekte ObjID="9762" ObjAufnahme="1998-04-30" ObjLetztKontakt="1998-04-30" ObjStrasseID="7751" ObjHausnummer="Peiner Straße 54" ObjVorlage="2013-09-11 00:00:00.0" ObKeinKontakt="1" ObjArtID="1" Merkmal="0.0"/>
  <Objekte ObjID="9763" ObjAufnahme="1998-04-30" ObjLetztKontakt="1998-04-30" ObjStrasseID="7751" ObjHausnummer="Peiner Straße 55" ObjVorlage="2013-09-11 00:00:00.0" ObKeinKontakt="1" ObjArtID="1" Merkmal="0.0"/>
  <Objekte ObjID="9764" ObjAufnahme="1998-04-30" ObjLetztKontakt="1998-04-30" ObjStrasseID="7751" ObjHausnummer="Peiner Straße 57" ObjVorlage="2013-09-11 00:00:00.0" ObKeinKontakt="1" ObjArtID="1" Merkmal="0.0"/>
  <Objekte ObjID="9765" ObjAufnahme="1998-04-30" ObjLetztKontakt="1998-04-30" ObjStrasseID="7751" ObjHausnummer="Peiner Straße 59" ObjVorlage="2013-09-11 00:00:00.0" ObKeinKontakt="1" ObjArtID="1" Merkmal="0.0"/>
  <Objekte ObjID="9766" ObjAufnahme="1998-04-30" ObjLetztKontakt="1998-04-30" ObjStrasseID="7751" ObjHausnummer="Peiner Straße 80" ObjVorlage="2013-09-11 00:00:00.0" ObKeinKontakt="1" ObjArtID="1" Merkmal="0.0"/>
  <Objekte ObjID="9767" ObjAufnahme="1998-04-30" ObjLetztKontakt="1998-04-30" ObjStrasseID="7751" ObjHausnummer="Peiner Straße 82" ObjVorlage="2013-09-11 00:00:00.0" ObKeinKontakt="1" ObjArtID="1" Merkmal="0.0"/>
  <Objekte ObjID="9768" ObjAufnahme="1998-04-30" ObjLetztKontakt="1998-04-30" ObjStrasseID="7751" ObjHausnummer="Peiner Straße 84" ObjVorlage="2013-09-11 00:00:00.0" ObKeinKontakt="1" ObjArtID="1" Merkmal="0.0"/>
  <Objekte ObjID="9769" ObjAufnahme="1998-04-30" ObjLetztKontakt="1998-04-30" ObjStrasseID="7751" ObjHausnummer="Peiner Straße 86" ObjVorlage="2013-09-11 00:00:00.0" ObKeinKontakt="1" ObjArtID="1" Merkmal="0.0"/>
  <Objekte ObjID="9770" ObjAufnahme="1998-04-30" ObjLetztKontakt="1998-04-30" ObjStrasseID="7751" ObjHausnummer="Peiner Straße 88" ObjVorlage="2013-09-11 00:00:00.0" ObKeinKontakt="1" ObjArtID="1" Merkmal="0.0"/>
  <Objekte ObjID="9771" ObjAufnahme="1998-04-30" ObjLetztKontakt="1998-04-30" ObjStrasseID="8682" ObjHausnummer="Wollweg 1" ObjVorlage="2013-09-11 00:00:00.0" ObKeinKontakt="1" ObjArtID="1" Merkmal="0.0"/>
  <Objekte ObjID="9772" ObjAufnahme="1998-04-30" ObjLetztKontakt="1998-04-30" ObjStrasseID="8682" ObjHausnummer="Wollweg 3" ObjVorlage="2013-09-11 00:00:00.0" ObKeinKontakt="1" ObjArtID="1" Merkmal="0.0"/>
  <Objekte ObjID="9773" ObjAufnahme="1998-04-30" ObjLetztKontakt="1998-04-30" ObjStrasseID="8682" ObjHausnummer="Wollweg 5" ObjVorlage="2013-09-11 00:00:00.0" ObKeinKontakt="1" ObjArtID="1" Merkmal="0.0"/>
  <Objekte ObjID="9774" ObjAufnahme="1998-04-30" ObjLetztKontakt="1998-04-30" ObjStrasseID="8682" ObjHausnummer="Wollweg 7" ObjVorlage="2013-09-11 00:00:00.0" ObKeinKontakt="1" ObjArtID="1" Merkmal="0.0"/>
  <Objekte ObjID="9775" ObjAufnahme="1998-04-30" ObjLetztKontakt="1998-04-30" ObjStrasseID="8682" ObjHausnummer="Wollweg 9" ObjVorlage="2013-09-11 00:00:00.0" ObKeinKontakt="1" ObjArtID="1" Merkmal="0.0"/>
  <Objekte ObjID="9776" ObjAufnahme="1998-04-30" ObjLetztKontakt="1998-04-30" ObjStrasseID="8682" ObjHausnummer="Wollweg 11" ObjVorlage="2013-09-11 00:00:00.0" ObKeinKontakt="1" ObjArtID="1" Merkmal="0.0"/>
  <Objekte ObjID="9777" ObjAufnahme="1998-04-30" ObjLetztKontakt="1998-04-30" ObjStrasseID="8682" ObjHausnummer="Wollweg 13" ObjVorlage="2013-09-11 00:00:00.0" ObKeinKontakt="1" ObjArtID="1" Merkmal="0.0"/>
  <Objekte ObjID="9778" ObjAufnahme="1998-04-30" ObjLetztKontakt="1998-04-30" ObjStrasseID="8682" ObjHausnummer="Wollweg 15" ObjVorlage="2013-09-11 00:00:00.0" ObKeinKontakt="1" ObjArtID="1" Merkmal="0.0"/>
  <Objekte ObjID="9779" ObjAufnahme="1998-04-30" ObjLetztKontakt="1998-04-30" ObjStrasseID="8682" ObjHausnummer="Wollweg 17" ObjVorlage="2013-09-11 00:00:00.0" ObKeinKontakt="1" ObjArtID="1" Merkmal="0.0"/>
  <Objekte ObjID="9780" ObjAufnahme="1998-04-30" ObjLetztKontakt="1998-04-30" ObjStrasseID="5552" ObjHausnummer="Ahornstraße 1" ObjVorlage="2013-09-11 00:00:00.0" ObKeinKontakt="1" ObjArtID="1" Merkmal="0.0"/>
  <Objekte ObjID="9781" ObjAufnahme="1998-04-30" ObjLetztKontakt="1998-04-30" ObjStrasseID="5552" ObjHausnummer="Ahornstraße 1A" ObjVorlage="2013-09-11 00:00:00.0" ObKeinKontakt="1" ObjArtID="1" Merkmal="0.0"/>
  <Objekte ObjID="9782" ObjAufnahme="1998-04-30" ObjLetztKontakt="1998-04-30" ObjStrasseID="5552" ObjHausnummer="Ahornstraße 1B" ObjVorlage="2013-09-11 00:00:00.0" ObKeinKontakt="1" ObjArtID="1" Merkmal="0.0"/>
  <Objekte ObjID="9783" ObjAufnahme="1998-04-30" ObjLetztKontakt="1998-04-30" ObjStrasseID="5552" ObjHausnummer="Ahornstraße 2" ObjVorlage="2013-09-11 00:00:00.0" ObKeinKontakt="1" ObjArtID="1" Merkmal="0.0"/>
  <Objekte ObjID="9784" ObjAufnahme="1998-04-30" ObjLetztKontakt="1998-04-30" ObjStrasseID="5552" ObjHausnummer="Ahornstraße 2A" ObjVorlage="2013-09-11 00:00:00.0" ObKeinKontakt="1" ObjArtID="1" Merkmal="0.0"/>
  <Objekte ObjID="9785" ObjAufnahme="1998-04-30" ObjLetztKontakt="1998-04-30" ObjStrasseID="5552" ObjHausnummer="Ahornstraße 2B" ObjVorlage="2013-09-11 00:00:00.0" ObKeinKontakt="1" ObjArtID="1" Merkmal="0.0"/>
  <Objekte ObjID="9786" ObjAufnahme="1998-04-30" ObjLetztKontakt="1998-04-30" ObjStrasseID="5552" ObjHausnummer="Ahornstraße 3" ObjVorlage="2013-09-11 00:00:00.0" ObKeinKontakt="1" ObjArtID="1" Merkmal="0.0"/>
  <Objekte ObjID="9787" ObjAufnahme="1998-04-30" ObjLetztKontakt="1998-04-30" ObjStrasseID="5552" ObjHausnummer="Ahornstraße 4" ObjVorlage="2013-09-11 00:00:00.0" ObKeinKontakt="1" ObjArtID="1" Merkmal="0.0"/>
  <Objekte ObjID="9788" ObjAufnahme="1998-04-30" ObjLetztKontakt="1998-04-30" ObjStrasseID="5552" ObjHausnummer="Ahornstraße 5" ObjVorlage="2013-09-11 00:00:00.0" ObKeinKontakt="1" ObjArtID="1" Merkmal="0.0"/>
  <Objekte ObjID="9789" ObjAufnahme="1998-04-30" ObjLetztKontakt="1998-04-30" ObjStrasseID="5552" ObjHausnummer="Ahornstraße 6" ObjVorlage="2013-09-11 00:00:00.0" ObKeinKontakt="1" ObjArtID="1" Merkmal="0.0"/>
  <Objekte ObjID="9790" ObjAufnahme="1998-04-30" ObjLetztKontakt="1998-04-30" ObjStrasseID="5552" ObjHausnummer="Ahornstraße 7" ObjVorlage="2013-09-11 00:00:00.0" ObKeinKontakt="1" ObjArtID="1" Merkmal="0.0"/>
  <Objekte ObjID="9791" ObjAufnahme="1998-04-30" ObjLetztKontakt="1998-04-30" ObjStrasseID="5552" ObjHausnummer="Ahornstraße 8" ObjVorlage="2013-09-11 00:00:00.0" ObKeinKontakt="1" ObjArtID="1" Merkmal="0.0"/>
  <Objekte ObjID="9792" ObjAufnahme="1998-04-30" ObjLetztKontakt="1998-04-30" ObjStrasseID="5552" ObjHausnummer="Ahornstraße 9" ObjVorlage="2013-09-11 00:00:00.0" ObKeinKontakt="1" ObjArtID="1" Merkmal="0.0"/>
  <Objekte ObjID="9793" ObjAufnahme="1998-04-30" ObjLetztKontakt="1998-04-30" ObjStrasseID="5552" ObjHausnummer="Ahornstraße 10" ObjVorlage="2013-09-11 00:00:00.0" ObKeinKontakt="1" ObjArtID="1" Merkmal="0.0"/>
  <Objekte ObjID="9794" ObjAufnahme="1998-04-30" ObjLetztKontakt="1998-04-30" ObjStrasseID="5552" ObjHausnummer="Ahornstraße 11" ObjVorlage="2013-09-11 00:00:00.0" ObKeinKontakt="1" ObjArtID="1" Merkmal="0.0"/>
  <Objekte ObjID="9795" ObjAufnahme="1998-04-30" ObjLetztKontakt="1998-04-30" ObjStrasseID="5552" ObjHausnummer="Ahornstraße 12" ObjVorlage="2013-09-11 00:00:00.0" ObKeinKontakt="1" ObjArtID="1" Merkmal="0.0"/>
  <Objekte ObjID="9796" ObjAufnahme="1998-04-30" ObjLetztKontakt="1998-04-30" ObjStrasseID="5552" ObjHausnummer="Ahornstraße 13" ObjVorlage="2013-09-11 00:00:00.0" ObKeinKontakt="1" ObjArtID="1" Merkmal="0.0"/>
  <Objekte ObjID="9797" ObjAufnahme="1998-04-30" ObjLetztKontakt="1998-04-30" ObjStrasseID="5552" ObjHausnummer="Ahornstraße 14" ObjVorlage="2013-09-11 00:00:00.0" ObKeinKontakt="1" ObjArtID="1" Merkmal="0.0"/>
  <Objekte ObjID="9798" ObjAufnahme="1998-04-30" ObjLetztKontakt="1998-04-30" ObjStrasseID="5552" ObjHausnummer="Ahornstraße 15" ObjVorlage="2013-09-11 00:00:00.0" ObKeinKontakt="1" ObjArtID="1" Merkmal="0.0"/>
  <Objekte ObjID="9799" ObjAufnahme="1998-04-30" ObjLetztKontakt="1998-04-30" ObjStrasseID="5552" ObjHausnummer="Ahornstraße 16" ObjVorlage="2013-09-11 00:00:00.0" ObKeinKontakt="1" ObjArtID="1" Merkmal="0.0"/>
  <Objekte ObjID="9800" ObjAufnahme="1998-04-30" ObjLetztKontakt="1998-04-30" ObjStrasseID="5552" ObjHausnummer="Ahornstraße 17" ObjVorlage="2013-09-11 00:00:00.0" ObKeinKontakt="1" ObjArtID="1" Merkmal="0.0"/>
  <Objekte ObjID="9801" ObjAufnahme="1998-04-30" ObjLetztKontakt="1998-04-30" ObjStrasseID="5685" ObjHausnummer="Am Mittelfelde 80" ObjVorlage="2013-09-11 00:00:00.0" ObKeinKontakt="1" ObjArtID="1" Merkmal="0.0"/>
  <Objekte ObjID="9802" ObjAufnahme="1998-04-30" ObjLetztKontakt="1998-04-30" ObjStrasseID="5685" ObjHausnummer="Am Mittelfelde 82" ObjVorlage="2013-09-11 00:00:00.0" ObKeinKontakt="1" ObjArtID="1" Merkmal="0.0"/>
  <Objekte ObjID="9803" ObjAufnahme="1998-04-30" ObjLetztKontakt="1998-04-30" ObjStrasseID="5685" ObjHausnummer="Am Mittelfelde 84" ObjVorlage="2013-09-11 00:00:00.0" ObKeinKontakt="1" ObjArtID="1" Merkmal="0.0"/>
  <Objekte ObjID="9804" ObjAufnahme="1998-04-30" ObjLetztKontakt="1998-04-30" ObjStrasseID="5685" ObjHausnummer="Am Mittelfelde 86" ObjVorlage="2013-09-11 00:00:00.0" ObKeinKontakt="1" ObjArtID="1" Merkmal="0.0"/>
  <Objekte ObjID="9805" ObjAufnahme="1998-04-30" ObjLetztKontakt="1998-04-30" ObjStrasseID="5685" ObjHausnummer="Am Mittelfelde 88" ObjVorlage="2013-09-11 00:00:00.0" ObKeinKontakt="1" ObjArtID="1" Merkmal="0.0"/>
  <Objekte ObjID="9806" ObjAufnahme="1998-04-30" ObjLetztKontakt="1998-04-30" ObjStrasseID="6375" ObjHausnummer="Erythropelstraße 57" ObjVorlage="2013-09-11 00:00:00.0" ObKeinKontakt="1" ObjArtID="1" Merkmal="0.0"/>
  <Objekte ObjID="9807" ObjAufnahme="1998-04-30" ObjLetztKontakt="1998-04-30" ObjStrasseID="6375" ObjHausnummer="Erythropelstraße 57A" ObjVorlage="2013-09-11 00:00:00.0" ObKeinKontakt="1" ObjArtID="1" Merkmal="0.0"/>
  <Objekte ObjID="9808" ObjAufnahme="1998-04-30" ObjLetztKontakt="1998-04-30" ObjStrasseID="6520" ObjHausnummer="Garkenburgstraße 48" ObjVorlage="2013-09-11 00:00:00.0" ObKeinKontakt="1" ObjArtID="1" Merkmal="0.0"/>
  <Objekte ObjID="9809" ObjAufnahme="1998-04-30" ObjLetztKontakt="1998-04-30" ObjStrasseID="6520" ObjHausnummer="Garkenburgstraße 50" ObjVorlage="2013-09-11 00:00:00.0" ObKeinKontakt="1" ObjArtID="1" Merkmal="0.0"/>
  <Objekte ObjID="9810" ObjAufnahme="1998-04-30" ObjLetztKontakt="1998-04-30" ObjStrasseID="6520" ObjHausnummer="Garkenburgstraße 52" ObjVorlage="2013-09-11 00:00:00.0" ObKeinKontakt="1" ObjArtID="1" Merkmal="0.0"/>
  <Objekte ObjID="9811" ObjAufnahme="1998-04-30" ObjLetztKontakt="1998-04-30" ObjStrasseID="6520" ObjHausnummer="Garkenburgstraße 54" ObjVorlage="2013-09-11 00:00:00.0" ObKeinKontakt="1" ObjArtID="1" Merkmal="0.0"/>
  <Objekte ObjID="9812" ObjAufnahme="1998-04-30" ObjLetztKontakt="1998-04-30" ObjStrasseID="6520" ObjHausnummer="Garkenburgstraße 56" ObjVorlage="2013-09-11 00:00:00.0" ObKeinKontakt="1" ObjArtID="1" Merkmal="0.0"/>
  <Objekte ObjID="9813" ObjAufnahme="1998-04-30" ObjLetztKontakt="1998-04-30" ObjStrasseID="6903" ObjHausnummer="Hohe Linde 1" ObjVorlage="2013-09-11 00:00:00.0" ObKeinKontakt="1" ObjArtID="1" Merkmal="0.0"/>
  <Objekte ObjID="9814" ObjAufnahme="1998-04-30" ObjLetztKontakt="1998-04-30" ObjStrasseID="6903" ObjHausnummer="Hohe Linde 2" ObjVorlage="2013-09-11 00:00:00.0" ObKeinKontakt="1" ObjArtID="1" Merkmal="0.0"/>
  <Objekte ObjID="9815" ObjAufnahme="1998-04-30" ObjLetztKontakt="1998-04-30" ObjStrasseID="6903" ObjHausnummer="Hohe Linde 3" ObjVorlage="2013-09-11 00:00:00.0" ObKeinKontakt="1" ObjArtID="1" Merkmal="0.0"/>
  <Objekte ObjID="9816" ObjAufnahme="1998-04-30" ObjLetztKontakt="1998-04-30" ObjStrasseID="6903" ObjHausnummer="Hohe Linde 4" ObjVorlage="2013-09-11 00:00:00.0" ObKeinKontakt="1" ObjArtID="1" Merkmal="0.0"/>
  <Objekte ObjID="9817" ObjAufnahme="1998-04-30" ObjLetztKontakt="1998-04-30" ObjStrasseID="6903" ObjHausnummer="Hohe Linde 5" ObjVorlage="2013-09-11 00:00:00.0" ObKeinKontakt="1" ObjArtID="1" Merkmal="0.0"/>
  <Objekte ObjID="9818" ObjAufnahme="1998-04-30" ObjLetztKontakt="1998-04-30" ObjStrasseID="6903" ObjHausnummer="Hohe Linde 6" ObjVorlage="2013-09-11 00:00:00.0" ObKeinKontakt="1" ObjArtID="1" Merkmal="0.0"/>
  <Objekte ObjID="9819" ObjAufnahme="1998-04-30" ObjLetztKontakt="1998-04-30" ObjStrasseID="7003" ObjHausnummer="Im Triftfelde 16" ObjVorlage="2013-09-11 00:00:00.0" ObKeinKontakt="1" ObjArtID="1" Merkmal="0.0"/>
  <Objekte ObjID="9820" ObjAufnahme="1998-04-30" ObjLetztKontakt="1998-04-30" ObjStrasseID="7003" ObjHausnummer="Im Triftfelde 17" ObjVorlage="2013-09-11 00:00:00.0" ObKeinKontakt="1" ObjArtID="1" Merkmal="0.0"/>
  <Objekte ObjID="9821" ObjAufnahme="1998-04-30" ObjLetztKontakt="1998-04-30" ObjStrasseID="7003" ObjHausnummer="Im Triftfelde 18" ObjVorlage="2013-09-11 00:00:00.0" ObKeinKontakt="1" ObjArtID="1" Merkmal="0.0"/>
  <Objekte ObjID="9822" ObjAufnahme="1998-04-30" ObjLetztKontakt="1998-04-30" ObjStrasseID="7003" ObjHausnummer="Im Triftfelde 19" ObjVorlage="2013-09-11 00:00:00.0" ObKeinKontakt="1" ObjArtID="1" Merkmal="0.0"/>
  <Objekte ObjID="9823" ObjAufnahme="1998-04-30" ObjLetztKontakt="1998-04-30" ObjStrasseID="7003" ObjHausnummer="Im Triftfelde 20" ObjVorlage="2013-09-11 00:00:00.0" ObKeinKontakt="1" ObjArtID="1" Merkmal="0.0"/>
  <Objekte ObjID="9824" ObjAufnahme="1998-04-30" ObjLetztKontakt="1998-04-30" ObjStrasseID="7003" ObjHausnummer="Im Triftfelde 21" ObjVorlage="2013-09-11 00:00:00.0" ObKeinKontakt="1" ObjArtID="1" Merkmal="0.0"/>
  <Objekte ObjID="9825" ObjAufnahme="1998-04-30" ObjLetztKontakt="1998-04-30" ObjStrasseID="7003" ObjHausnummer="Im Triftfelde 22" ObjVorlage="2013-09-11 00:00:00.0" ObKeinKontakt="1" ObjArtID="1" Merkmal="0.0"/>
  <Objekte ObjID="9826" ObjAufnahme="1998-04-30" ObjLetztKontakt="1998-04-30" ObjStrasseID="7003" ObjHausnummer="Im Triftfelde 23" ObjVorlage="2013-09-11 00:00:00.0" ObKeinKontakt="1" ObjArtID="1" Merkmal="0.0"/>
  <Objekte ObjID="9827" ObjAufnahme="1998-04-30" ObjLetztKontakt="1998-04-30" ObjStrasseID="7003" ObjHausnummer="Im Triftfelde 24" ObjVorlage="2013-09-11 00:00:00.0" ObKeinKontakt="1" ObjArtID="1" Merkmal="0.0"/>
  <Objekte ObjID="9828" ObjAufnahme="1998-04-30" ObjLetztKontakt="1998-04-30" ObjStrasseID="7003" ObjHausnummer="Im Triftfelde 25" ObjVorlage="2013-09-11 00:00:00.0" ObKeinKontakt="1" ObjArtID="1" Merkmal="0.0"/>
  <Objekte ObjID="9829" ObjAufnahme="1998-04-30" ObjLetztKontakt="1998-04-30" ObjStrasseID="7362" ObjHausnummer="Letterhausweg 8" ObjVorlage="2013-09-11 00:00:00.0" ObKeinKontakt="1" ObjArtID="1" Merkmal="0.0"/>
  <Objekte ObjID="9830" ObjAufnahme="1998-04-30" ObjLetztKontakt="1998-04-30" ObjStrasseID="7362" ObjHausnummer="Letterhausweg 10" ObjVorlage="2013-09-11 00:00:00.0" ObKeinKontakt="1" ObjArtID="1" Merkmal="0.0"/>
  <Objekte ObjID="9831" ObjAufnahme="1998-04-30" ObjLetztKontakt="1998-04-30" ObjStrasseID="7779" ObjHausnummer="Pieperstraße 15" ObjVorlage="2013-09-11 00:00:00.0" ObKeinKontakt="1" ObjArtID="1" Merkmal="0.0"/>
  <Objekte ObjID="9836" ObjAufnahme="1998-04-30" ObjLetztKontakt="1998-04-30" ObjStrasseID="6609" ObjHausnummer="Göttinger Chaussee 158" ObjVorlage="2013-09-11 00:00:00.0" ObKeinKontakt="1" ObjArtID="1" Merkmal="0.0"/>
  <Objekte ObjID="9837" ObjAufnahme="1998-04-30" ObjLetztKontakt="1998-04-30" ObjStrasseID="6609" ObjHausnummer="Göttinger Chaussee 160" ObjVorlage="2013-09-11 00:00:00.0" ObKeinKontakt="1" ObjArtID="1" Merkmal="0.0"/>
  <Objekte ObjID="9838" ObjAufnahme="1998-04-30" ObjLetztKontakt="1998-04-30" ObjStrasseID="6609" ObjHausnummer="Göttinger Chaussee 160A" ObjVorlage="2013-09-11 00:00:00.0" ObKeinKontakt="1" ObjArtID="1" Merkmal="0.0"/>
  <Objekte ObjID="9839" ObjAufnahme="1998-04-30" ObjLetztKontakt="1998-04-30" ObjStrasseID="6609" ObjHausnummer="Göttinger Chaussee 162" ObjVorlage="2013-09-11 00:00:00.0" ObKeinKontakt="1" ObjArtID="1" Merkmal="0.0"/>
  <Objekte ObjID="9840" ObjAufnahme="1998-04-30" ObjLetztKontakt="1998-04-30" ObjStrasseID="6609" ObjHausnummer="Göttinger Chaussee 162A" ObjVorlage="2013-09-11 00:00:00.0" ObKeinKontakt="1" ObjArtID="1" Merkmal="0.0"/>
  <Objekte ObjID="9841" ObjAufnahme="1998-04-30" ObjLetztKontakt="1998-04-30" ObjStrasseID="6609" ObjHausnummer="Göttinger Chaussee 162B" ObjVorlage="2013-09-11 00:00:00.0" ObKeinKontakt="1" ObjArtID="1" Merkmal="0.0"/>
  <Objekte ObjID="9842" ObjAufnahme="1998-04-30" ObjLetztKontakt="1998-04-30" ObjStrasseID="6609" ObjHausnummer="Göttinger Chaussee 164" ObjVorlage="2013-09-11 00:00:00.0" ObKeinKontakt="1" ObjArtID="1" Merkmal="0.0"/>
  <Objekte ObjID="9843" ObjAufnahme="1998-04-30" ObjLetztKontakt="1998-04-30" ObjStrasseID="6609" ObjHausnummer="Göttinger Chaussee 166" ObjVorlage="2013-09-11 00:00:00.0" ObKeinKontakt="1" ObjArtID="1" Merkmal="0.0"/>
  <Objekte ObjID="9844" ObjAufnahme="1998-04-30" ObjLetztKontakt="1998-04-30" ObjStrasseID="6609" ObjHausnummer="Göttinger Chaussee 168" ObjVorlage="2013-09-11 00:00:00.0" ObKeinKontakt="1" ObjArtID="1" Merkmal="0.0"/>
  <Objekte ObjID="9845" ObjAufnahme="1998-04-30" ObjLetztKontakt="1998-04-30" ObjStrasseID="6609" ObjHausnummer="Göttinger Chaussee 170" ObjVorlage="2013-09-11 00:00:00.0" ObKeinKontakt="1" ObjArtID="1" Merkmal="0.0"/>
  <Objekte ObjID="9846" ObjAufnahme="1998-04-30" ObjLetztKontakt="1998-04-30" ObjStrasseID="6923" ObjHausnummer="Höpfnerstraße 5" ObjVorlage="2013-09-11 00:00:00.0" ObKeinKontakt="1" ObjArtID="1" Merkmal="0.0"/>
  <Objekte ObjID="9847" ObjAufnahme="1998-04-30" ObjLetztKontakt="1998-04-30" ObjStrasseID="6923" ObjHausnummer="Höpfnerstraße 7" ObjVorlage="2013-09-11 00:00:00.0" ObKeinKontakt="1" ObjArtID="1" Merkmal="0.0"/>
  <Objekte ObjID="9848" ObjAufnahme="1998-04-30" ObjLetztKontakt="1998-04-30" ObjStrasseID="6923" ObjHausnummer="Höpfnerstraße 9" ObjVorlage="2013-09-11 00:00:00.0" ObKeinKontakt="1" ObjArtID="1" Merkmal="0.0"/>
  <Objekte ObjID="9849" ObjAufnahme="1998-04-30" ObjLetztKontakt="1998-04-30" ObjStrasseID="7651" ObjHausnummer="Nordfeldstraße 16" ObjVorlage="2013-09-11 00:00:00.0" ObKeinKontakt="1" ObjArtID="1" Merkmal="0.0"/>
  <Objekte ObjID="9850" ObjAufnahme="1998-04-30" ObjLetztKontakt="1998-04-30" ObjStrasseID="7651" ObjHausnummer="Nordfeldstraße 16A" ObjVorlage="2013-09-11 00:00:00.0" ObKeinKontakt="1" ObjArtID="1" Merkmal="0.0"/>
  <Objekte ObjID="9851" ObjAufnahme="1998-04-30" ObjLetztKontakt="1998-04-30" ObjStrasseID="7651" ObjHausnummer="Nordfeldstraße 18" ObjVorlage="2013-09-11 00:00:00.0" ObKeinKontakt="1" ObjArtID="1" Merkmal="0.0"/>
  <Objekte ObjID="9852" ObjAufnahme="1998-04-30" ObjLetztKontakt="1998-04-30" ObjStrasseID="7651" ObjHausnummer="Nordfeldstraße 18A" ObjVorlage="2013-09-11 00:00:00.0" ObKeinKontakt="1" ObjArtID="1" Merkmal="0.0"/>
  <Objekte ObjID="9853" ObjAufnahme="1998-04-30" ObjLetztKontakt="1998-04-30" ObjStrasseID="7892" ObjHausnummer="Ricklinger Stadtweg 58" ObjVorlage="2013-09-11 00:00:00.0" ObKeinKontakt="1" ObjArtID="1" Merkmal="0.0"/>
  <Objekte ObjID="9854" ObjAufnahme="1998-04-30" ObjLetztKontakt="1998-04-30" ObjStrasseID="7892" ObjHausnummer="Ricklinger Stadtweg 60" ObjVorlage="2013-09-11 00:00:00.0" ObKeinKontakt="1" ObjArtID="1" Merkmal="0.0"/>
  <Objekte ObjID="9855" ObjAufnahme="1998-04-30" ObjLetztKontakt="1998-04-30" ObjStrasseID="7892" ObjHausnummer="Ricklinger Stadtweg 62" ObjVorlage="2013-09-11 00:00:00.0" ObKeinKontakt="1" ObjArtID="1" Merkmal="0.0"/>
  <Objekte ObjID="9856" ObjAufnahme="1998-04-30" ObjLetztKontakt="1998-04-30" ObjStrasseID="82" ObjHausnummer="Auf dem Lärchenberge 14C" ObjVorlage="2013-09-11 00:00:00.0" ObKeinKontakt="1" ObjArtID="1" Merkmal="0.0" ObjInfo="1979: Frau J.Behrens"/>
  <Objekte ObjID="9857" ObjAufnahme="1998-05-01" ObjLetztKontakt="1998-05-01" ObjStrasseID="6002" ObjHausnummer="Bödekerstraße 19" ObjVorlage="2013-09-11 00:00:00.0" ObKeinKontakt="1" ObjArtID="1" Merkmal="0.0"/>
  <Objekte ObjID="9858" ObjAufnahme="1998-05-01" ObjLetztKontakt="1998-05-01" ObjStrasseID="7224" ObjHausnummer="Konradstraße 9" ObjVorlage="2013-09-11 00:00:00.0" ObKeinKontakt="1" ObjArtID="1" Merkmal="0.0"/>
  <Objekte ObjID="9859" ObjAufnahme="1998-05-01" ObjLetztKontakt="1998-05-01" ObjStrasseID="7224" ObjHausnummer="Konradstraße 10" ObjVorlage="2013-09-11 00:00:00.0" ObKeinKontakt="1" ObjArtID="1" Merkmal="0.0"/>
  <Objekte ObjID="9860" ObjAufnahme="1998-05-01" ObjLetztKontakt="1998-05-01" ObjStrasseID="7224" ObjHausnummer="Konradstraße 11" ObjVorlage="2013-09-11 00:00:00.0" ObKeinKontakt="1" ObjArtID="1" Merkmal="0.0"/>
  <Objekte ObjID="9861" ObjAufnahme="1998-05-01" ObjLetztKontakt="1998-05-01" ObjStrasseID="7224" ObjHausnummer="Konradstraße 12" ObjVorlage="2013-09-11 00:00:00.0" ObKeinKontakt="1" ObjArtID="1" Merkmal="0.0"/>
  <Objekte ObjID="9862" ObjAufnahme="1998-05-01" ObjLetztKontakt="1998-01-01" ObjStrasseID="7224" ObjHausnummer="Konradstraße 13" ObjVorlage="2013-09-11 00:00:00.0" ObKeinKontakt="1" ObjArtID="1" Merkmal="0.0"/>
  <Objekte ObjID="9863" ObjAufnahme="1998-05-01" ObjLetztKontakt="1998-05-01" ObjStrasseID="7224" ObjHausnummer="Konradstraße 14" ObjVorlage="2013-09-11 00:00:00.0" ObKeinKontakt="1" ObjArtID="1" Merkmal="0.0"/>
  <Objekte ObjID="9864" ObjAufnahme="1998-05-01" ObjLetztKontakt="1998-05-01" ObjStrasseID="7224" ObjHausnummer="Konradstraße 15" ObjVorlage="2013-09-11 00:00:00.0" ObKeinKontakt="1" ObjArtID="1" Merkmal="0.0"/>
  <Objekte ObjID="9865" ObjAufnahme="1998-05-01" ObjLetztKontakt="1998-05-01" ObjStrasseID="7224" ObjHausnummer="Konradstraße 16" ObjVorlage="2013-09-11 00:00:00.0" ObKeinKontakt="1" ObjArtID="1" Merkmal="0.0"/>
  <Objekte ObjID="9866" ObjAufnahme="1998-05-01" ObjLetztKontakt="1998-05-01" ObjStrasseID="7224" ObjHausnummer="Konradstraße 17" ObjVorlage="2013-09-11 00:00:00.0" ObKeinKontakt="1" ObjArtID="1" Merkmal="0.0"/>
  <Objekte ObjID="9867" ObjAufnahme="1998-05-01" ObjLetztKontakt="1998-05-01" ObjStrasseID="8638" ObjHausnummer="Wilhelmstraße 9" ObjVorlage="2013-09-11 00:00:00.0" ObKeinKontakt="1" ObjArtID="1" Merkmal="0.0"/>
  <Objekte ObjID="9868" ObjAufnahme="1998-05-01" ObjLetztKontakt="1998-05-01" ObjStrasseID="8638" ObjHausnummer="Wilhelmstraße 10" ObjVorlage="2013-09-11 00:00:00.0" ObKeinKontakt="1" ObjArtID="1" Merkmal="0.0"/>
  <Objekte ObjID="9869" ObjAufnahme="1998-05-01" ObjLetztKontakt="1998-05-01" ObjStrasseID="8638" ObjHausnummer="Wilhelmstraße 11" ObjVorlage="2013-09-11 00:00:00.0" ObKeinKontakt="1" ObjArtID="1" Merkmal="0.0"/>
  <Objekte ObjID="9870" ObjAufnahme="1998-05-01" ObjLetztKontakt="1998-05-01" ObjStrasseID="8638" ObjHausnummer="Wilhelmstraße 12" ObjVorlage="2013-09-11 00:00:00.0" ObKeinKontakt="1" ObjArtID="1" Merkmal="0.0"/>
  <Objekte ObjID="9871" ObjAufnahme="1998-05-01" ObjLetztKontakt="1998-05-01" ObjStrasseID="8638" ObjHausnummer="Wilhelmstraße 13" ObjVorlage="2013-09-11 00:00:00.0" ObKeinKontakt="1" ObjArtID="1" Merkmal="0.0"/>
  <Objekte ObjID="9872" ObjAufnahme="1998-05-01" ObjLetztKontakt="1998-05-01" ObjStrasseID="5932" ObjHausnummer="Berhard-Caspar-Straße 2" ObjVorlage="2013-09-11 00:00:00.0" ObKeinKontakt="1" ObjArtID="1" Merkmal="0.0"/>
  <Objekte ObjID="9873" ObjAufnahme="1998-05-01" ObjLetztKontakt="1998-05-01" ObjStrasseID="5932" ObjHausnummer="Berhard-Caspar-Straße 4" ObjVorlage="2013-09-11 00:00:00.0" ObKeinKontakt="1" ObjArtID="1" Merkmal="0.0"/>
  <Objekte ObjID="9874" ObjAufnahme="1998-05-01" ObjLetztKontakt="1998-05-01" ObjStrasseID="5932" ObjHausnummer="Berhard-Caspar-Straße 6" ObjVorlage="2013-09-11 00:00:00.0" ObKeinKontakt="1" ObjArtID="1" Merkmal="0.0"/>
  <Objekte ObjID="9875" ObjAufnahme="1998-05-01" ObjLetztKontakt="1998-05-01" ObjStrasseID="5932" ObjHausnummer="Berhard-Caspar-Straße 8" ObjVorlage="2013-09-11 00:00:00.0" ObKeinKontakt="1" ObjArtID="1" Merkmal="0.0"/>
  <Objekte ObjID="9876" ObjAufnahme="1998-05-01" ObjLetztKontakt="1998-05-01" ObjStrasseID="5932" ObjHausnummer="Berhard-Caspar-Straße 10" ObjVorlage="2013-09-11 00:00:00.0" ObKeinKontakt="1" ObjArtID="1" Merkmal="0.0"/>
  <Objekte ObjID="9877" ObjAufnahme="1998-05-01" ObjLetztKontakt="1998-05-01" ObjStrasseID="5932" ObjHausnummer="Berhard-Caspar-Straße 12" ObjVorlage="2013-09-11 00:00:00.0" ObKeinKontakt="1" ObjArtID="1" Merkmal="0.0"/>
  <Objekte ObjID="9878" ObjAufnahme="1998-05-01" ObjLetztKontakt="1998-05-01" ObjStrasseID="5932" ObjHausnummer="Berhard-Caspar-Straße 12A" ObjVorlage="2013-09-11 00:00:00.0" ObKeinKontakt="1" ObjArtID="1" Merkmal="0.0"/>
  <Objekte ObjID="9879" ObjAufnahme="1998-05-01" ObjLetztKontakt="1998-05-01" ObjStrasseID="5932" ObjHausnummer="Berhard-Caspar-Straße 14" ObjVorlage="2013-09-11 00:00:00.0" ObKeinKontakt="1" ObjArtID="1" Merkmal="0.0"/>
  <Objekte ObjID="9880" ObjAufnahme="1998-05-01" ObjLetztKontakt="1998-05-01" ObjStrasseID="5932" ObjHausnummer="Berhard-Caspar-Straße 16" ObjVorlage="2013-09-11 00:00:00.0" ObKeinKontakt="1" ObjArtID="1" Merkmal="0.0"/>
  <Objekte ObjID="9881" ObjAufnahme="1998-05-01" ObjLetztKontakt="1998-05-01" ObjStrasseID="5932" ObjHausnummer="Berhard-Caspar-Straße 18" ObjVorlage="2013-09-11 00:00:00.0" ObKeinKontakt="1" ObjArtID="1" Merkmal="0.0"/>
  <Objekte ObjID="9882" ObjAufnahme="1998-05-01" ObjLetztKontakt="1998-05-01" ObjStrasseID="5932" ObjHausnummer="Berhard-Caspar-Straße 20" ObjVorlage="2013-09-11 00:00:00.0" ObKeinKontakt="1" ObjArtID="1" Merkmal="0.0"/>
  <Objekte ObjID="9883" ObjAufnahme="1998-05-01" ObjLetztKontakt="1998-05-01" ObjStrasseID="5932" ObjHausnummer="Berhard-Caspar-Straße 22" ObjVorlage="2013-09-11 00:00:00.0" ObKeinKontakt="1" ObjArtID="1" Merkmal="0.0"/>
  <Objekte ObjID="9884" ObjAufnahme="1998-05-01" ObjLetztKontakt="1998-05-01" ObjStrasseID="5932" ObjHausnummer="Berhard-Caspar-Straße 24" ObjVorlage="2013-09-11 00:00:00.0" ObKeinKontakt="1" ObjArtID="1" Merkmal="0.0"/>
  <Objekte ObjID="9885" ObjAufnahme="1998-05-01" ObjLetztKontakt="1998-05-01" ObjStrasseID="5932" ObjHausnummer="Berhard-Caspar-Straße 26" ObjVorlage="2013-09-11 00:00:00.0" ObKeinKontakt="1" ObjArtID="1" Merkmal="0.0"/>
  <Objekte ObjID="9886" ObjAufnahme="1998-05-01" ObjLetztKontakt="1998-05-01" ObjStrasseID="5932" ObjHausnummer="Berhard-Caspar-Straße 28" ObjVorlage="2013-09-11 00:00:00.0" ObKeinKontakt="1" ObjArtID="1" Merkmal="0.0"/>
  <Objekte ObjID="9887" ObjAufnahme="1998-05-01" ObjLetztKontakt="1998-05-01" ObjStrasseID="6196" ObjHausnummer="Davenstedter Straße 77" ObjVorlage="2013-09-11 00:00:00.0" ObKeinKontakt="1" ObjArtID="1" Merkmal="0.0"/>
  <Objekte ObjID="9888" ObjAufnahme="1998-05-01" ObjLetztKontakt="1998-05-01" ObjStrasseID="6196" ObjHausnummer="Davenstedter Straße 79" ObjVorlage="2013-09-11 00:00:00.0" ObKeinKontakt="1" ObjArtID="1" Merkmal="0.0"/>
  <Objekte ObjID="9889" ObjAufnahme="1998-05-01" ObjLetztKontakt="1998-05-01" ObjStrasseID="6337" ObjHausnummer="Elsa-Brandström-Straße 1" ObjVorlage="2013-09-11 00:00:00.0" ObKeinKontakt="1" ObjArtID="1" Merkmal="0.0"/>
  <Objekte ObjID="9890" ObjAufnahme="1998-05-01" ObjLetztKontakt="1998-05-01" ObjStrasseID="6337" ObjHausnummer="Elsa-Brandström-Straße 2" ObjVorlage="2013-09-11 00:00:00.0" ObKeinKontakt="1" ObjArtID="1" Merkmal="0.0"/>
  <Objekte ObjID="9891" ObjAufnahme="1998-05-01" ObjLetztKontakt="1998-05-01" ObjStrasseID="6337" ObjHausnummer="Elsa-Brandström-Straße 3" ObjVorlage="2013-09-11 00:00:00.0" ObKeinKontakt="1" ObjArtID="1" Merkmal="0.0"/>
  <Objekte ObjID="9892" ObjAufnahme="1998-05-01" ObjLetztKontakt="1998-05-01" ObjStrasseID="6337" ObjHausnummer="Elsa-Brandström-Straße 4" ObjVorlage="2013-09-11 00:00:00.0" ObKeinKontakt="1" ObjArtID="1" Merkmal="0.0"/>
  <Objekte ObjID="9893" ObjAufnahme="1998-05-01" ObjLetztKontakt="1998-05-01" ObjStrasseID="6337" ObjHausnummer="Elsa-Brandström-Straße 5" ObjVorlage="2013-09-11 00:00:00.0" ObKeinKontakt="1" ObjArtID="1" Merkmal="0.0"/>
  <Objekte ObjID="9894" ObjAufnahme="1998-05-01" ObjLetztKontakt="1998-05-01" ObjStrasseID="6337" ObjHausnummer="Elsa-Brandström-Straße 6" ObjVorlage="2013-09-11 00:00:00.0" ObKeinKontakt="1" ObjArtID="1" Merkmal="0.0"/>
  <Objekte ObjID="9895" ObjAufnahme="1998-05-01" ObjLetztKontakt="1998-05-01" ObjStrasseID="6337" ObjHausnummer="Elsa-Brandström-Straße 7" ObjVorlage="2013-09-11 00:00:00.0" ObKeinKontakt="1" ObjArtID="1" Merkmal="0.0"/>
  <Objekte ObjID="9896" ObjAufnahme="1998-05-01" ObjLetztKontakt="1998-05-01" ObjStrasseID="6337" ObjHausnummer="Elsa-Brandström-Straße 8" ObjVorlage="2013-09-11 00:00:00.0" ObKeinKontakt="1" ObjArtID="1" Merkmal="0.0"/>
  <Objekte ObjID="9897" ObjAufnahme="1998-05-01" ObjLetztKontakt="1998-05-01" ObjStrasseID="6337" ObjHausnummer="Elsa-Brandström-Straße 9" ObjVorlage="2013-09-11 00:00:00.0" ObKeinKontakt="1" ObjArtID="1" Merkmal="0.0"/>
  <Objekte ObjID="9898" ObjAufnahme="1998-05-01" ObjLetztKontakt="1998-05-01" ObjStrasseID="6337" ObjHausnummer="Elsa-Brandström-Straße 10" ObjVorlage="2013-09-11 00:00:00.0" ObKeinKontakt="1" ObjArtID="1" Merkmal="0.0"/>
  <Objekte ObjID="9899" ObjAufnahme="1998-05-01" ObjLetztKontakt="1998-05-01" ObjStrasseID="6337" ObjHausnummer="Elsa-Brandström-Straße 11" ObjVorlage="2013-09-11 00:00:00.0" ObKeinKontakt="1" ObjArtID="1" Merkmal="0.0"/>
  <Objekte ObjID="9900" ObjAufnahme="1998-05-01" ObjLetztKontakt="1998-05-01" ObjStrasseID="6337" ObjHausnummer="Elsa-Brandström-Straße 12" ObjVorlage="2013-09-11 00:00:00.0" ObKeinKontakt="1" ObjArtID="1" Merkmal="0.0"/>
  <Objekte ObjID="9901" ObjAufnahme="1998-05-01" ObjLetztKontakt="1998-05-01" ObjStrasseID="6337" ObjHausnummer="Elsa-Brandström-Straße 13" ObjVorlage="2013-09-11 00:00:00.0" ObKeinKontakt="1" ObjArtID="1" Merkmal="0.0"/>
  <Objekte ObjID="9902" ObjAufnahme="1998-05-01" ObjLetztKontakt="1998-05-01" ObjStrasseID="6337" ObjHausnummer="Elsa-Brandström-Straße 14" ObjVorlage="2013-09-11 00:00:00.0" ObKeinKontakt="1" ObjArtID="1" Merkmal="0.0"/>
  <Objekte ObjID="9903" ObjAufnahme="1998-05-01" ObjLetztKontakt="1998-05-01" ObjStrasseID="6337" ObjHausnummer="Elsa-Brandström-Straße 15" ObjVorlage="2013-09-11 00:00:00.0" ObKeinKontakt="1" ObjArtID="1" Merkmal="0.0"/>
  <Objekte ObjID="9904" ObjAufnahme="1998-05-01" ObjLetztKontakt="1998-05-01" ObjStrasseID="6337" ObjHausnummer="Elsa-Brandström-Straße 16" ObjVorlage="2013-09-11 00:00:00.0" ObKeinKontakt="1" ObjArtID="1" Merkmal="0.0"/>
  <Objekte ObjID="9905" ObjAufnahme="1998-05-01" ObjLetztKontakt="1998-05-01" ObjStrasseID="3683" ObjHausnummer="Haasemannstraße 7" ObjVorlage="2013-09-11 00:00:00.0" ObKeinKontakt="1" ObjArtID="1" Merkmal="0.0"/>
  <Objekte ObjID="9906" ObjAufnahme="1998-05-01" ObjLetztKontakt="1998-05-01" ObjStrasseID="3683" ObjHausnummer="Haasemannstraße 9" ObjVorlage="2013-09-11 00:00:00.0" ObKeinKontakt="1" ObjArtID="1" Merkmal="0.0"/>
  <Objekte ObjID="9907" ObjAufnahme="1998-05-01" ObjLetztKontakt="1998-05-01" ObjStrasseID="7841" ObjHausnummer="Rampenstraße 3" ObjVorlage="2013-09-11 00:00:00.0" ObKeinKontakt="1" ObjArtID="1" Merkmal="0.0"/>
  <Objekte ObjID="9908" ObjAufnahme="1998-05-01" ObjLetztKontakt="1998-05-01" ObjStrasseID="7841" ObjHausnummer="Rampenstraße 4" ObjVorlage="2013-09-11 00:00:00.0" ObKeinKontakt="1" ObjArtID="1" Merkmal="0.0"/>
  <Objekte ObjID="9909" ObjAufnahme="1998-05-01" ObjLetztKontakt="1998-05-01" ObjStrasseID="2835" ObjHausnummer="Alemannstraße 2" ObjVorlage="2013-09-11 00:00:00.0" ObKeinKontakt="1" ObjArtID="1" Merkmal="0.0"/>
  <Objekte ObjID="9910" ObjAufnahme="1998-05-01" ObjLetztKontakt="1998-05-01" ObjStrasseID="5826" ObjHausnummer="Auerhahnhof 3" ObjVorlage="2013-09-11 00:00:00.0" ObKeinKontakt="1" ObjArtID="1" Merkmal="0.0"/>
  <Objekte ObjID="9911" ObjAufnahme="1998-05-01" ObjLetztKontakt="1998-05-01" ObjStrasseID="5826" ObjHausnummer="Auerhahnhof 3A" ObjVorlage="2013-09-11 00:00:00.0" ObKeinKontakt="1" ObjArtID="1" Merkmal="0.0"/>
  <Objekte ObjID="9912" ObjAufnahme="1998-05-01" ObjLetztKontakt="1998-05-01" ObjStrasseID="5826" ObjHausnummer="Auerhahnhof 3B" ObjVorlage="2013-09-11 00:00:00.0" ObKeinKontakt="1" ObjArtID="1" Merkmal="0.0"/>
  <Objekte ObjID="9913" ObjAufnahme="1998-05-01" ObjLetztKontakt="1998-05-01" ObjStrasseID="5826" ObjHausnummer="Auerhahnhof 5" ObjVorlage="2013-09-11 00:00:00.0" ObKeinKontakt="1" ObjArtID="1" Merkmal="0.0"/>
  <Objekte ObjID="9914" ObjAufnahme="1998-05-01" ObjLetztKontakt="1998-05-01" ObjStrasseID="5826" ObjHausnummer="Auerhahnhof 5A" ObjVorlage="2013-09-11 00:00:00.0" ObKeinKontakt="1" ObjArtID="1" Merkmal="0.0"/>
  <Objekte ObjID="9915" ObjAufnahme="1998-05-01" ObjLetztKontakt="1998-05-01" ObjStrasseID="5826" ObjHausnummer="Auerhahnhof 5B" ObjVorlage="2013-09-11 00:00:00.0" ObKeinKontakt="1" ObjArtID="1" Merkmal="0.0"/>
  <Objekte ObjID="9916" ObjAufnahme="1998-05-01" ObjLetztKontakt="1998-05-01" ObjStrasseID="5961" ObjHausnummer="Birkhahnhof 2" ObjVorlage="2013-09-11 00:00:00.0" ObKeinKontakt="1" ObjArtID="1" Merkmal="0.0"/>
  <Objekte ObjID="9917" ObjAufnahme="1998-05-01" ObjLetztKontakt="1998-05-01" ObjStrasseID="5961" ObjHausnummer="Birkhahnhof 4" ObjVorlage="2013-09-11 00:00:00.0" ObKeinKontakt="1" ObjArtID="1" Merkmal="0.0"/>
  <Objekte ObjID="9918" ObjAufnahme="1998-05-01" ObjLetztKontakt="1998-05-01" ObjStrasseID="5961" ObjHausnummer="Birkhahnhof 6" ObjVorlage="2013-09-11 00:00:00.0" ObKeinKontakt="1" ObjArtID="1" Merkmal="0.0"/>
  <Objekte ObjID="9919" ObjAufnahme="1998-05-01" ObjLetztKontakt="1998-05-01" ObjStrasseID="5961" ObjHausnummer="Birkhahnhof 6A" ObjVorlage="2013-09-11 00:00:00.0" ObKeinKontakt="1" ObjArtID="1" Merkmal="0.0"/>
  <Objekte ObjID="9920" ObjAufnahme="1998-05-01" ObjLetztKontakt="1998-05-01" ObjStrasseID="5961" ObjHausnummer="Birkhahnhof 8" ObjVorlage="2013-09-11 00:00:00.0" ObKeinKontakt="1" ObjArtID="1" Merkmal="0.0"/>
  <Objekte ObjID="9921" ObjAufnahme="1998-05-01" ObjLetztKontakt="1998-05-01" ObjStrasseID="5961" ObjHausnummer="Birkhahnhof 8A" ObjVorlage="2013-09-11 00:00:00.0" ObKeinKontakt="1" ObjArtID="1" Merkmal="0.0"/>
  <Objekte ObjID="9922" ObjAufnahme="1998-05-01" ObjLetztKontakt="1998-05-01" ObjStrasseID="7230" ObjHausnummer="Korallenweg 1" ObjVorlage="2013-09-11 00:00:00.0" ObKeinKontakt="1" ObjArtID="1" Merkmal="0.0"/>
  <Objekte ObjID="9923" ObjAufnahme="1998-05-01" ObjLetztKontakt="1998-05-01" ObjStrasseID="7230" ObjHausnummer="Korallenweg 5" ObjVorlage="2013-09-11 00:00:00.0" ObKeinKontakt="1" ObjArtID="1" Merkmal="0.0"/>
  <Objekte ObjID="9924" ObjAufnahme="1998-05-01" ObjLetztKontakt="1998-05-01" ObjStrasseID="7230" ObjHausnummer="Korallenweg 5A" ObjVorlage="2013-09-11 00:00:00.0" ObKeinKontakt="1" ObjArtID="1" Merkmal="0.0"/>
  <Objekte ObjID="9925" ObjAufnahme="1998-05-01" ObjLetztKontakt="1998-05-01" ObjStrasseID="7230" ObjHausnummer="Korallenweg 5B" ObjVorlage="2013-09-11 00:00:00.0" ObKeinKontakt="1" ObjArtID="1" Merkmal="0.0"/>
  <Objekte ObjID="9926" ObjAufnahme="1998-05-01" ObjLetztKontakt="1998-05-01" ObjStrasseID="7230" ObjHausnummer="Korallenweg 5C" ObjVorlage="2013-09-11 00:00:00.0" ObKeinKontakt="1" ObjArtID="1" Merkmal="0.0"/>
  <Objekte ObjID="9927" ObjAufnahme="1998-05-01" ObjLetztKontakt="1998-05-01" ObjStrasseID="8064" ObjHausnummer="Schieferkamp 15" ObjVorlage="2013-09-11 00:00:00.0" ObKeinKontakt="1" ObjArtID="1" Merkmal="0.0"/>
  <Objekte ObjID="9928" ObjAufnahme="1998-05-01" ObjLetztKontakt="1998-05-01" ObjStrasseID="8064" ObjHausnummer="Schieferkamp 15A" ObjVorlage="2013-09-11 00:00:00.0" ObKeinKontakt="1" ObjArtID="1" Merkmal="0.0"/>
  <Objekte ObjID="9929" ObjAufnahme="1998-05-01" ObjLetztKontakt="1998-05-01" ObjStrasseID="8064" ObjHausnummer="Schieferkamp 15B" ObjVorlage="2013-09-11 00:00:00.0" ObKeinKontakt="1" ObjArtID="1" Merkmal="0.0"/>
  <Objekte ObjID="9930" ObjAufnahme="1998-05-01" ObjLetztKontakt="1998-05-01" ObjStrasseID="7810" ObjHausnummer="Posener Straße 6" ObjVorlage="2013-09-11 00:00:00.0" ObKeinKontakt="1" ObjArtID="1" Merkmal="0.0"/>
  <Objekte ObjID="9931" ObjAufnahme="1998-05-01" ObjLetztKontakt="1998-05-01" ObjStrasseID="7810" ObjHausnummer="Posener Straße 8" ObjVorlage="2013-09-11 00:00:00.0" ObKeinKontakt="1" ObjArtID="1" Merkmal="0.0"/>
  <Objekte ObjID="9932" ObjAufnahme="1998-05-01" ObjLetztKontakt="1998-05-01" ObjStrasseID="7810" ObjHausnummer="Posener Straße 10" ObjVorlage="2013-09-11 00:00:00.0" ObKeinKontakt="1" ObjArtID="1" Merkmal="0.0"/>
  <Objekte ObjID="9933" ObjAufnahme="1998-05-01" ObjLetztKontakt="1998-05-01" ObjStrasseID="7810" ObjHausnummer="Posener Straße 12" ObjVorlage="2013-09-11 00:00:00.0" ObKeinKontakt="1" ObjArtID="1" Merkmal="0.0"/>
  <Objekte ObjID="9934" ObjAufnahme="1998-05-01" ObjLetztKontakt="1998-05-01" ObjStrasseID="7810" ObjHausnummer="Posener Straße 2" ObjVorlage="2013-09-11 00:00:00.0" ObKeinKontakt="1" ObjArtID="1" Merkmal="0.0"/>
  <Objekte ObjID="9935" ObjAufnahme="1998-05-01" ObjLetztKontakt="1998-05-01" ObjStrasseID="7810" ObjHausnummer="Posener Straße 4" ObjVorlage="2013-09-11 00:00:00.0" ObKeinKontakt="1" ObjArtID="1" Merkmal="0.0"/>
  <Objekte ObjID="9936" ObjAufnahme="1998-05-01" ObjLetztKontakt="1998-05-01" ObjStrasseID="2835" ObjHausnummer="Alemannstraße 6" ObjVorlage="2013-09-11 00:00:00.0" ObKeinKontakt="1" ObjArtID="1" Merkmal="0.0"/>
  <Objekte ObjID="9937" ObjAufnahme="1998-05-01" ObjLetztKontakt="1998-05-01" ObjStrasseID="2835" ObjHausnummer="Alemannstraße 8" ObjVorlage="2013-09-11 00:00:00.0" ObKeinKontakt="1" ObjArtID="1" Merkmal="0.0"/>
  <Objekte ObjID="9938" ObjAufnahme="1998-05-01" ObjLetztKontakt="1998-05-01" ObjStrasseID="2835" ObjHausnummer="Alemannstraße 10" ObjVorlage="2013-09-11 00:00:00.0" ObKeinKontakt="1" ObjArtID="1" Merkmal="0.0"/>
  <Objekte ObjID="9939" ObjAufnahme="1998-05-01" ObjLetztKontakt="1998-05-01" ObjStrasseID="2835" ObjHausnummer="Alemannstraße 12" ObjVorlage="2013-09-11 00:00:00.0" ObKeinKontakt="1" ObjArtID="1" Merkmal="0.0"/>
  <Objekte ObjID="9940" ObjAufnahme="1998-05-01" ObjLetztKontakt="1998-05-01" ObjStrasseID="2835" ObjHausnummer="Alemannstraße 14" ObjVorlage="2013-09-11 00:00:00.0" ObKeinKontakt="1" ObjArtID="1" Merkmal="0.0"/>
  <Objekte ObjID="9941" ObjAufnahme="1998-05-01" ObjLetztKontakt="1998-05-01" ObjStrasseID="2835" ObjHausnummer="Alemannstraße 16" ObjVorlage="2013-09-11 00:00:00.0" ObKeinKontakt="1" ObjArtID="1" Merkmal="0.0"/>
  <Objekte ObjID="9942" ObjAufnahme="1998-05-01" ObjLetztKontakt="1998-05-01" ObjStrasseID="2835" ObjHausnummer="Alemannstraße 18" ObjVorlage="2013-09-11 00:00:00.0" ObKeinKontakt="1" ObjArtID="1" Merkmal="0.0"/>
  <Objekte ObjID="9943" ObjAufnahme="1998-05-01" ObjLetztKontakt="1998-05-01" ObjStrasseID="5809" ObjHausnummer="Apenrader Straße 4" ObjVorlage="2013-09-11 00:00:00.0" ObKeinKontakt="1" ObjArtID="1" Merkmal="0.0"/>
  <Objekte ObjID="9944" ObjAufnahme="1998-05-01" ObjLetztKontakt="1998-05-01" ObjStrasseID="5833" ObjHausnummer="Auf dem Hollen 5" ObjVorlage="2013-09-11 00:00:00.0" ObKeinKontakt="1" ObjArtID="1" Merkmal="0.0"/>
  <Objekte ObjID="9945" ObjAufnahme="1998-05-01" ObjLetztKontakt="1998-05-01" ObjStrasseID="5833" ObjHausnummer="Auf dem Hollen 7" ObjVorlage="2013-09-11 00:00:00.0" ObKeinKontakt="1" ObjArtID="1" Merkmal="0.0"/>
  <Objekte ObjID="9946" ObjAufnahme="1998-05-01" ObjLetztKontakt="1998-05-01" ObjStrasseID="5833" ObjHausnummer="Auf dem Hollen 9" ObjVorlage="2013-09-11 00:00:00.0" ObKeinKontakt="1" ObjArtID="1" Merkmal="0.0"/>
  <Objekte ObjID="9947" ObjAufnahme="1998-05-01" ObjLetztKontakt="1998-05-01" ObjStrasseID="5833" ObjHausnummer="Auf dem Hollen 11" ObjVorlage="2013-09-11 00:00:00.0" ObKeinKontakt="1" ObjArtID="1" Merkmal="0.0"/>
  <Objekte ObjID="9948" ObjAufnahme="1998-05-01" ObjLetztKontakt="1998-05-01" ObjStrasseID="5833" ObjHausnummer="Auf dem Hollen 13" ObjVorlage="2013-09-11 00:00:00.0" ObKeinKontakt="1" ObjArtID="1" Merkmal="0.0"/>
  <Objekte ObjID="9949" ObjAufnahme="1998-05-01" ObjLetztKontakt="1998-05-01" ObjStrasseID="5833" ObjHausnummer="Auf dem Hollen 29" ObjVorlage="2013-09-11 00:00:00.0" ObKeinKontakt="1" ObjArtID="1" Merkmal="0.0"/>
  <Objekte ObjID="9950" ObjAufnahme="1998-05-01" ObjLetztKontakt="1998-05-01" ObjStrasseID="5833" ObjHausnummer="Auf dem Hollen 31" ObjVorlage="2013-09-11 00:00:00.0" ObKeinKontakt="1" ObjArtID="1" Merkmal="0.0"/>
  <Objekte ObjID="9951" ObjAufnahme="1998-05-01" ObjLetztKontakt="1998-05-01" ObjStrasseID="6260" ObjHausnummer="Dragonerstaße 1" ObjVorlage="2013-09-11 00:00:00.0" ObKeinKontakt="1" ObjArtID="1" Merkmal="0.0"/>
  <Objekte ObjID="9952" ObjAufnahme="1998-05-01" ObjLetztKontakt="1998-05-01" ObjStrasseID="6260" ObjHausnummer="Dragonerstaße 2" ObjVorlage="2013-09-11 00:00:00.0" ObKeinKontakt="1" ObjArtID="1" Merkmal="0.0"/>
  <Objekte ObjID="9953" ObjAufnahme="1998-05-01" ObjLetztKontakt="1998-05-01" ObjStrasseID="6260" ObjHausnummer="Dragonerstaße 3" ObjVorlage="2013-09-11 00:00:00.0" ObKeinKontakt="1" ObjArtID="1" Merkmal="0.0"/>
  <Objekte ObjID="9954" ObjAufnahme="1998-05-01" ObjLetztKontakt="1998-05-01" ObjStrasseID="6260" ObjHausnummer="Dragonerstaße 4" ObjVorlage="2013-09-11 00:00:00.0" ObKeinKontakt="1" ObjArtID="1" Merkmal="0.0"/>
  <Objekte ObjID="9955" ObjAufnahme="1998-05-01" ObjLetztKontakt="1998-05-01" ObjStrasseID="6260" ObjHausnummer="Dragonerstaße 5" ObjVorlage="2013-09-11 00:00:00.0" ObKeinKontakt="1" ObjArtID="1" Merkmal="0.0"/>
  <Objekte ObjID="9956" ObjAufnahme="1998-05-01" ObjLetztKontakt="1998-05-01" ObjStrasseID="6260" ObjHausnummer="Dragonerstaße 6" ObjVorlage="2013-09-11 00:00:00.0" ObKeinKontakt="1" ObjArtID="1" Merkmal="0.0"/>
  <Objekte ObjID="9957" ObjAufnahme="1998-05-01" ObjLetztKontakt="1998-05-01" ObjStrasseID="6260" ObjHausnummer="Dragonerstaße 8" ObjVorlage="2013-09-11 00:00:00.0" ObKeinKontakt="1" ObjArtID="1" Merkmal="0.0"/>
  <Objekte ObjID="9958" ObjAufnahme="1998-05-01" ObjLetztKontakt="1998-05-01" ObjStrasseID="6260" ObjHausnummer="Dragonerstaße 20" ObjVorlage="2013-09-11 00:00:00.0" ObKeinKontakt="1" ObjArtID="1" Merkmal="0.0"/>
  <Objekte ObjID="9959" ObjAufnahme="1998-05-01" ObjLetztKontakt="1998-05-01" ObjStrasseID="6260" ObjHausnummer="Dragonerstaße 12" ObjVorlage="2013-09-11 00:00:00.0" ObKeinKontakt="1" ObjArtID="1" Merkmal="0.0"/>
  <Objekte ObjID="9960" ObjAufnahme="1998-05-01" ObjLetztKontakt="1998-05-01" ObjStrasseID="6260" ObjHausnummer="Dragonerstaße 14" ObjVorlage="2013-09-11 00:00:00.0" ObKeinKontakt="1" ObjArtID="1" Merkmal="0.0"/>
  <Objekte ObjID="9961" ObjAufnahme="1998-05-01" ObjLetztKontakt="1998-05-01" ObjStrasseID="6260" ObjHausnummer="Dragonerstaße 10" ObjVorlage="2013-09-11 00:00:00.0" ObKeinKontakt="1" ObjArtID="1" Merkmal="0.0"/>
  <Objekte ObjID="9962" ObjAufnahme="1998-05-01" ObjLetztKontakt="1998-05-01" ObjStrasseID="6617" ObjHausnummer="Grahnstraße 2" ObjVorlage="2013-09-11 00:00:00.0" ObKeinKontakt="1" ObjArtID="1" Merkmal="0.0"/>
  <Objekte ObjID="9963" ObjAufnahme="1998-05-01" ObjLetztKontakt="1998-05-01" ObjStrasseID="6617" ObjHausnummer="Grahnstraße 4" ObjVorlage="2013-09-11 00:00:00.0" ObKeinKontakt="1" ObjArtID="1" Merkmal="0.0"/>
  <Objekte ObjID="9964" ObjAufnahme="1998-05-01" ObjLetztKontakt="1998-05-01" ObjStrasseID="6617" ObjHausnummer="Grahnstraße 6" ObjVorlage="2013-09-11 00:00:00.0" ObKeinKontakt="1" ObjArtID="1" Merkmal="0.0"/>
  <Objekte ObjID="9965" ObjAufnahme="1998-05-01" ObjLetztKontakt="1998-05-01" ObjStrasseID="6617" ObjHausnummer="Grahnstraße 8" ObjVorlage="2013-09-11 00:00:00.0" ObKeinKontakt="1" ObjArtID="1" Merkmal="0.0"/>
  <Objekte ObjID="9966" ObjAufnahme="1998-05-01" ObjLetztKontakt="1998-05-01" ObjStrasseID="6617" ObjHausnummer="Grahnstraße 10" ObjVorlage="2013-09-11 00:00:00.0" ObKeinKontakt="1" ObjArtID="1" Merkmal="0.0"/>
  <Objekte ObjID="9967" ObjAufnahme="1998-05-01" ObjLetztKontakt="1998-05-01" ObjStrasseID="6617" ObjHausnummer="Grahnstraße 12" ObjVorlage="2013-09-11 00:00:00.0" ObKeinKontakt="1" ObjArtID="1" Merkmal="0.0"/>
  <Objekte ObjID="9968" ObjAufnahme="1998-05-01" ObjLetztKontakt="1998-05-01" ObjStrasseID="6684" ObjHausnummer="Guts-Muths-Straße 6" ObjVorlage="2013-09-11 00:00:00.0" ObKeinKontakt="1" ObjArtID="1" Merkmal="0.0"/>
  <Objekte ObjID="9969" ObjAufnahme="1998-05-01" ObjLetztKontakt="1998-05-01" ObjStrasseID="6684" ObjHausnummer="Guts-Muths-Straße 8" ObjVorlage="2013-09-11 00:00:00.0" ObKeinKontakt="1" ObjArtID="1" Merkmal="0.0"/>
  <Objekte ObjID="9970" ObjAufnahme="1998-05-01" ObjLetztKontakt="1998-05-01" ObjStrasseID="6684" ObjHausnummer="Guts-Muths-Straße 10" ObjVorlage="2013-09-11 00:00:00.0" ObKeinKontakt="1" ObjArtID="1" Merkmal="0.0"/>
  <Objekte ObjID="9971" ObjAufnahme="1998-05-01" ObjLetztKontakt="1998-05-01" ObjStrasseID="6684" ObjHausnummer="Guts-Muths-Straße 12" ObjVorlage="2013-09-11 00:00:00.0" ObKeinKontakt="1" ObjArtID="1" Merkmal="0.0"/>
  <Objekte ObjID="9972" ObjAufnahme="1998-05-01" ObjLetztKontakt="1998-05-01" ObjStrasseID="6684" ObjHausnummer="Guts-Muths-Straße 36" ObjVorlage="2013-09-11 00:00:00.0" ObKeinKontakt="1" ObjArtID="1" Merkmal="0.0"/>
  <Objekte ObjID="9973" ObjAufnahme="1998-05-01" ObjLetztKontakt="1998-05-01" ObjStrasseID="6684" ObjHausnummer="Guts-Muths-Straße 38" ObjVorlage="2013-09-11 00:00:00.0" ObKeinKontakt="1" ObjArtID="1" Merkmal="0.0"/>
  <Objekte ObjID="9974" ObjAufnahme="1998-05-01" ObjLetztKontakt="1998-05-01" ObjStrasseID="6684" ObjHausnummer="Guts-Muths-Straße 40" ObjVorlage="2013-09-11 00:00:00.0" ObKeinKontakt="1" ObjArtID="1" Merkmal="0.0"/>
  <Objekte ObjID="9975" ObjAufnahme="1998-05-01" ObjLetztKontakt="1998-05-01" ObjStrasseID="6708" ObjHausnummer="Halkettstraße 8" ObjVorlage="2013-09-11 00:00:00.0" ObKeinKontakt="1" ObjArtID="1" Merkmal="0.0"/>
  <Objekte ObjID="9976" ObjAufnahme="1998-05-01" ObjLetztKontakt="1998-05-01" ObjStrasseID="6708" ObjHausnummer="Halkettstraße 10" ObjVorlage="2013-09-11 00:00:00.0" ObKeinKontakt="1" ObjArtID="1" Merkmal="0.0"/>
  <Objekte ObjID="9977" ObjAufnahme="1998-05-01" ObjLetztKontakt="1998-05-01" ObjStrasseID="6708" ObjHausnummer="Halkettstraße 12" ObjVorlage="2013-09-11 00:00:00.0" ObKeinKontakt="1" ObjArtID="1" Merkmal="0.0"/>
  <Objekte ObjID="9978" ObjAufnahme="1998-05-01" ObjLetztKontakt="1998-05-01" ObjStrasseID="6708" ObjHausnummer="Halkettstraße 14" ObjVorlage="2013-09-11 00:00:00.0" ObKeinKontakt="1" ObjArtID="1" Merkmal="0.0"/>
  <Objekte ObjID="9979" ObjAufnahme="1998-05-01" ObjLetztKontakt="1998-05-01" ObjStrasseID="6708" ObjHausnummer="Halkettstraße 16" ObjVorlage="2013-09-11 00:00:00.0" ObKeinKontakt="1" ObjArtID="1" Merkmal="0.0"/>
  <Objekte ObjID="9980" ObjAufnahme="1998-05-01" ObjLetztKontakt="1998-05-01" ObjStrasseID="6708" ObjHausnummer="Halkettstraße 18" ObjVorlage="2013-09-11 00:00:00.0" ObKeinKontakt="1" ObjArtID="1" Merkmal="0.0"/>
  <Objekte ObjID="9981" ObjAufnahme="1998-05-01" ObjLetztKontakt="1998-05-01" ObjStrasseID="6708" ObjHausnummer="Halkettstraße 29" ObjVorlage="2013-09-11 00:00:00.0" ObKeinKontakt="1" ObjArtID="1" Merkmal="0.0"/>
  <Objekte ObjID="9982" ObjAufnahme="1998-05-01" ObjLetztKontakt="1998-05-01" ObjStrasseID="6708" ObjHausnummer="Halkettstraße 31" ObjVorlage="2013-09-11 00:00:00.0" ObKeinKontakt="1" ObjArtID="1" Merkmal="0.0"/>
  <Objekte ObjID="9984" ObjAufnahme="1998-05-01" ObjLetztKontakt="1998-05-01" ObjStrasseID="6708" ObjHausnummer="Halkettstraße 36" ObjVorlage="2013-09-11 00:00:00.0" ObKeinKontakt="1" ObjArtID="1" Merkmal="0.0"/>
  <Objekte ObjID="9985" ObjAufnahme="1998-05-01" ObjLetztKontakt="1998-05-01" ObjStrasseID="6708" ObjHausnummer="Halkettstraße 38" ObjVorlage="2013-09-11 00:00:00.0" ObKeinKontakt="1" ObjArtID="1" Merkmal="0.0"/>
  <Objekte ObjID="9986" ObjAufnahme="1998-05-01" ObjLetztKontakt="1998-05-01" ObjStrasseID="7056" ObjHausnummer="Johannes-Lau-Hof 1" ObjVorlage="2013-09-11 00:00:00.0" ObKeinKontakt="1" ObjArtID="1" Merkmal="0.0"/>
  <Objekte ObjID="9987" ObjAufnahme="1998-05-01" ObjLetztKontakt="1998-05-01" ObjStrasseID="7056" ObjHausnummer="Johannes-Lau-Hof 2" ObjVorlage="2013-09-11 00:00:00.0" ObKeinKontakt="1" ObjArtID="1" Merkmal="0.0"/>
  <Objekte ObjID="9988" ObjAufnahme="1998-05-01" ObjLetztKontakt="1998-05-01" ObjStrasseID="7056" ObjHausnummer="Johannes-Lau-Hof 3" ObjVorlage="2013-09-11 00:00:00.0" ObKeinKontakt="1" ObjArtID="1" Merkmal="0.0"/>
  <Objekte ObjID="9989" ObjAufnahme="1998-05-01" ObjLetztKontakt="1998-05-01" ObjStrasseID="7056" ObjHausnummer="Johannes-Lau-Hof 4" ObjVorlage="2013-09-11 00:00:00.0" ObKeinKontakt="1" ObjArtID="1" Merkmal="0.0"/>
  <Objekte ObjID="9990" ObjAufnahme="1998-05-01" ObjLetztKontakt="1998-05-01" ObjStrasseID="7056" ObjHausnummer="Johannes-Lau-Hof 5" ObjVorlage="2013-09-11 00:00:00.0" ObKeinKontakt="1" ObjArtID="1" Merkmal="0.0"/>
  <Objekte ObjID="9991" ObjAufnahme="1998-05-01" ObjLetztKontakt="1998-05-01" ObjStrasseID="7056" ObjHausnummer="Johannes-Lau-Hof 6" ObjVorlage="2013-09-11 00:00:00.0" ObKeinKontakt="1" ObjArtID="1" Merkmal="0.0"/>
  <Objekte ObjID="9992" ObjAufnahme="1998-05-01" ObjLetztKontakt="1998-05-01" ObjStrasseID="7056" ObjHausnummer="Johannes-Lau-Hof 7" ObjVorlage="2013-09-11 00:00:00.0" ObKeinKontakt="1" ObjArtID="1" Merkmal="0.0"/>
  <Objekte ObjID="9993" ObjAufnahme="1998-05-01" ObjLetztKontakt="1998-05-01" ObjStrasseID="7056" ObjHausnummer="Johannes-Lau-Hof 8" ObjVorlage="2013-09-11 00:00:00.0" ObKeinKontakt="1" ObjArtID="1" Merkmal="0.0"/>
  <Objekte ObjID="9994" ObjAufnahme="1998-05-01" ObjLetztKontakt="1998-05-01" ObjStrasseID="7056" ObjHausnummer="Johannes-Lau-Hof 9" ObjVorlage="2013-09-11 00:00:00.0" ObKeinKontakt="1" ObjArtID="1" Merkmal="0.0"/>
  <Objekte ObjID="9995" ObjAufnahme="1998-05-01" ObjLetztKontakt="1998-05-01" ObjStrasseID="7056" ObjHausnummer="Johannes-Lau-Hof 10" ObjVorlage="2013-09-11 00:00:00.0" ObKeinKontakt="1" ObjArtID="1" Merkmal="0.0"/>
  <Objekte ObjID="9996" ObjAufnahme="1998-05-01" ObjLetztKontakt="1998-05-01" ObjStrasseID="7056" ObjHausnummer="Johannes-Lau-Hof 11" ObjVorlage="2013-09-11 00:00:00.0" ObKeinKontakt="1" ObjArtID="1" Merkmal="0.0"/>
  <Objekte ObjID="9997" ObjAufnahme="1998-05-01" ObjLetztKontakt="1998-05-01" ObjStrasseID="7688" ObjHausnummer="Omptedastraße 3" ObjVorlage="2013-09-11 00:00:00.0" ObKeinKontakt="1" ObjArtID="1" Merkmal="0.0"/>
  <Objekte ObjID="9998" ObjAufnahme="1998-05-01" ObjLetztKontakt="1998-05-01" ObjStrasseID="7688" ObjHausnummer="Omptedastraße 4" ObjVorlage="2013-09-11 00:00:00.0" ObKeinKontakt="1" ObjArtID="1" Merkmal="0.0"/>
  <Objekte ObjID="9999" ObjAufnahme="1998-05-01" ObjLetztKontakt="1998-05-01" ObjStrasseID="7688" ObjHausnummer="Omptedastraße 5" ObjVorlage="2013-09-11 00:00:00.0" ObKeinKontakt="1" ObjArtID="1" Merkmal="0.0"/>
  <Objekte ObjID="10000" ObjAufnahme="1998-05-01" ObjLetztKontakt="1998-05-01" ObjStrasseID="7688" ObjHausnummer="Omptedastraße 6" ObjVorlage="2013-09-11 00:00:00.0" ObKeinKontakt="1" ObjArtID="1" Merkmal="0.0"/>
  <Objekte ObjID="10001" ObjAufnahme="1998-05-01" ObjLetztKontakt="1998-05-01" ObjStrasseID="7778" ObjHausnummer="Philipsbornstraße 29" ObjVorlage="2013-09-11 00:00:00.0" ObKeinKontakt="1" ObjArtID="1" Merkmal="0.0"/>
  <Objekte ObjID="10002" ObjAufnahme="1998-05-01" ObjLetztKontakt="1998-05-01" ObjStrasseID="7778" ObjHausnummer="Philipsbornstraße 31" ObjVorlage="2013-09-11 00:00:00.0" ObKeinKontakt="1" ObjArtID="1" Merkmal="0.0"/>
  <Objekte ObjID="10003" ObjAufnahme="1998-05-01" ObjLetztKontakt="1998-05-01" ObjStrasseID="7778" ObjHausnummer="Philipsbornstraße 33" ObjVorlage="2013-09-11 00:00:00.0" ObKeinKontakt="1" ObjArtID="1" Merkmal="0.0"/>
  <Objekte ObjID="10004" ObjAufnahme="1998-05-01" ObjLetztKontakt="1998-05-01" ObjStrasseID="7778" ObjHausnummer="Philipsbornstraße 35" ObjVorlage="2013-09-11 00:00:00.0" ObKeinKontakt="1" ObjArtID="1" Merkmal="0.0"/>
  <Objekte ObjID="10005" ObjAufnahme="1998-05-01" ObjLetztKontakt="1998-05-01" ObjStrasseID="7778" ObjHausnummer="Philipsbornstraße 37" ObjVorlage="2013-09-11 00:00:00.0" ObKeinKontakt="1" ObjArtID="1" Merkmal="0.0"/>
  <Objekte ObjID="10006" ObjAufnahme="1998-05-01" ObjLetztKontakt="1998-05-01" ObjStrasseID="7778" ObjHausnummer="Philipsbornstraße 39" ObjVorlage="2013-09-11 00:00:00.0" ObKeinKontakt="1" ObjArtID="1" Merkmal="0.0"/>
  <Objekte ObjID="10007" ObjAufnahme="1998-05-01" ObjLetztKontakt="1998-05-01" ObjStrasseID="7778" ObjHausnummer="Philipsbornstraße 41" ObjVorlage="2013-09-11 00:00:00.0" ObKeinKontakt="1" ObjArtID="1" Merkmal="0.0"/>
  <Objekte ObjID="10008" ObjAufnahme="1998-05-01" ObjLetztKontakt="1998-05-01" ObjStrasseID="7778" ObjHausnummer="Philipsbornstraße 42" ObjVorlage="2013-09-11 00:00:00.0" ObKeinKontakt="1" ObjArtID="1" Merkmal="0.0"/>
  <Objekte ObjID="10009" ObjAufnahme="1998-05-01" ObjLetztKontakt="1998-05-01" ObjStrasseID="7778" ObjHausnummer="Philipsbornstraße 43" ObjVorlage="2013-09-11 00:00:00.0" ObKeinKontakt="1" ObjArtID="1" Merkmal="0.0"/>
  <Objekte ObjID="10010" ObjAufnahme="1998-05-01" ObjLetztKontakt="1998-05-01" ObjStrasseID="7778" ObjHausnummer="Philipsbornstraße 44" ObjVorlage="2013-09-11 00:00:00.0" ObKeinKontakt="1" ObjArtID="1" Merkmal="0.0"/>
  <Objekte ObjID="10011" ObjAufnahme="1998-05-01" ObjLetztKontakt="1998-05-01" ObjStrasseID="7778" ObjHausnummer="Philipsbornstraße 46" ObjVorlage="2013-09-11 00:00:00.0" ObKeinKontakt="1" ObjArtID="1" Merkmal="0.0"/>
  <Objekte ObjID="10012" ObjAufnahme="1998-05-01" ObjLetztKontakt="1998-05-01" ObjStrasseID="7778" ObjHausnummer="Philipsbornstraße 48" ObjVorlage="2013-09-11 00:00:00.0" ObKeinKontakt="1" ObjArtID="1" Merkmal="0.0"/>
  <Objekte ObjID="10013" ObjAufnahme="1998-05-01" ObjLetztKontakt="1998-05-01" ObjStrasseID="7854" ObjHausnummer="Redeckerstraße 2" ObjVorlage="2013-09-11 00:00:00.0" ObKeinKontakt="1" ObjArtID="1" Merkmal="0.0"/>
  <Objekte ObjID="10014" ObjAufnahme="1998-05-01" ObjLetztKontakt="1998-05-01" ObjStrasseID="7854" ObjHausnummer="Redeckerstraße 4" ObjVorlage="2013-09-11 00:00:00.0" ObKeinKontakt="1" ObjArtID="1" Merkmal="0.0"/>
  <Objekte ObjID="10015" ObjAufnahme="1998-05-01" ObjLetztKontakt="1998-05-01" ObjStrasseID="7942" ObjHausnummer="Rosenbergstraße 15" ObjVorlage="2013-09-11 00:00:00.0" ObKeinKontakt="1" ObjArtID="1" Merkmal="0.0"/>
  <Objekte ObjID="10016" ObjAufnahme="1998-05-01" ObjLetztKontakt="1998-05-01" ObjStrasseID="7942" ObjHausnummer="Rosenbergstraße 17" ObjVorlage="2013-09-11 00:00:00.0" ObKeinKontakt="1" ObjArtID="1" Merkmal="0.0"/>
  <Objekte ObjID="10017" ObjAufnahme="1998-05-01" ObjLetztKontakt="1998-05-01" ObjStrasseID="7942" ObjHausnummer="Rosenbergstraße 25" ObjVorlage="2013-09-11 00:00:00.0" ObKeinKontakt="1" ObjArtID="1" Merkmal="0.0"/>
  <Objekte ObjID="10018" ObjAufnahme="1998-05-01" ObjLetztKontakt="1998-05-01" ObjStrasseID="7963" ObjHausnummer="Rotermundstraße 25" ObjVorlage="2013-09-11 00:00:00.0" ObKeinKontakt="1" ObjArtID="1" Merkmal="0.0"/>
  <Objekte ObjID="10019" ObjAufnahme="1998-05-01" ObjLetztKontakt="1998-05-01" ObjStrasseID="7963" ObjHausnummer="Rotermundstraße 25A" ObjVorlage="2013-09-11 00:00:00.0" ObKeinKontakt="1" ObjArtID="1" Merkmal="0.0"/>
  <Objekte ObjID="10020" ObjAufnahme="1998-05-01" ObjLetztKontakt="1998-05-01" ObjStrasseID="8484" ObjHausnummer="Voltastraße 25" ObjVorlage="2013-09-11 00:00:00.0" ObKeinKontakt="1" ObjArtID="1" Merkmal="0.0"/>
  <Objekte ObjID="10021" ObjAufnahme="1998-05-01" ObjLetztKontakt="1998-05-01" ObjStrasseID="8484" ObjHausnummer="Voltastraße 27" ObjVorlage="2013-09-11 00:00:00.0" ObKeinKontakt="1" ObjArtID="1" Merkmal="0.0"/>
  <Objekte ObjID="10022" ObjAufnahme="1998-05-01" ObjLetztKontakt="1998-05-01" ObjStrasseID="8484" ObjHausnummer="Voltastraße 29" ObjVorlage="2013-09-11 00:00:00.0" ObKeinKontakt="1" ObjArtID="1" Merkmal="0.0"/>
  <Objekte ObjID="10023" ObjAufnahme="1998-05-01" ObjLetztKontakt="1998-05-01" ObjStrasseID="8484" ObjHausnummer="Voltastraße 31" ObjVorlage="2013-09-11 00:00:00.0" ObKeinKontakt="1" ObjArtID="1" Merkmal="0.0"/>
  <Objekte ObjID="10024" ObjAufnahme="1998-05-01" ObjLetztKontakt="1998-05-01" ObjStrasseID="8484" ObjHausnummer="Voltastraße 32" ObjVorlage="2013-09-11 00:00:00.0" ObKeinKontakt="1" ObjArtID="1" Merkmal="0.0"/>
  <Objekte ObjID="10025" ObjAufnahme="1998-05-01" ObjLetztKontakt="1998-05-01" ObjStrasseID="8484" ObjHausnummer="Voltastraße 33" ObjVorlage="2013-09-11 00:00:00.0" ObKeinKontakt="1" ObjArtID="1" Merkmal="0.0"/>
  <Objekte ObjID="10026" ObjAufnahme="1998-05-01" ObjLetztKontakt="1998-05-01" ObjStrasseID="8484" ObjHausnummer="Voltastraße 34" ObjVorlage="2013-09-11 00:00:00.0" ObKeinKontakt="1" ObjArtID="1" Merkmal="0.0"/>
  <Objekte ObjID="10027" ObjAufnahme="1998-05-01" ObjLetztKontakt="1998-05-01" ObjStrasseID="8484" ObjHausnummer="Voltastraße 36" ObjVorlage="2013-09-11 00:00:00.0" ObKeinKontakt="1" ObjArtID="1" Merkmal="0.0"/>
  <Objekte ObjID="10028" ObjAufnahme="1998-05-01" ObjLetztKontakt="1998-05-01" ObjStrasseID="8484" ObjHausnummer="Voltastraße 38" ObjVorlage="2013-09-11 00:00:00.0" ObKeinKontakt="1" ObjArtID="1" Merkmal="0.0"/>
  <Objekte ObjID="10029" ObjAufnahme="1998-05-01" ObjLetztKontakt="1998-05-01" ObjStrasseID="8484" ObjHausnummer="Voltastraße 40" ObjVorlage="2013-09-11 00:00:00.0" ObKeinKontakt="1" ObjArtID="1" Merkmal="0.0"/>
  <Objekte ObjID="10030" ObjAufnahme="1998-05-01" ObjLetztKontakt="1998-05-01" ObjStrasseID="8538" ObjHausnummer="Wedelstraße 1" ObjVorlage="2013-09-11 00:00:00.0" ObKeinKontakt="1" ObjArtID="1" Merkmal="0.0"/>
  <Objekte ObjID="10031" ObjAufnahme="1998-05-01" ObjLetztKontakt="1998-05-01" ObjStrasseID="8538" ObjHausnummer="Wedelstraße 3" ObjVorlage="2013-09-11 00:00:00.0" ObKeinKontakt="1" ObjArtID="1" Merkmal="0.0"/>
  <Objekte ObjID="10032" ObjAufnahme="1998-05-02" ObjLetztKontakt="1998-05-02" ObjStrasseID="8664" ObjHausnummer="Wittekamp 20D" ObjVorlage="2013-09-11 00:00:00.0" ObKeinKontakt="1" ObjArtID="1" Merkmal="0.0"/>
  <Objekte ObjID="10033" ObjAufnahme="1998-05-02" ObjLetztKontakt="1998-05-02" ObjStrasseID="8664" ObjHausnummer="Wittekamp 20E" ObjVorlage="2013-09-11 00:00:00.0" ObKeinKontakt="1" ObjArtID="1" Merkmal="0.0"/>
  <Objekte ObjID="10034" ObjAufnahme="1998-05-02" ObjLetztKontakt="1998-05-02" ObjStrasseID="8402" ObjHausnummer="Trageweg 4" ObjVorlage="2013-09-11 00:00:00.0" ObKeinKontakt="1" ObjArtID="1" Merkmal="0.0"/>
  <Objekte ObjID="10035" ObjAufnahme="1998-05-02" ObjLetztKontakt="1998-05-02" ObjStrasseID="4141" ObjHausnummer="Leistikowweg 12" ObjVorlage="2013-09-11 00:00:00.0" ObKeinKontakt="1" ObjArtID="1" Merkmal="0.0"/>
  <Objekte ObjID="10036" ObjAufnahme="1998-05-02" ObjLetztKontakt="1998-05-02" ObjStrasseID="4141" ObjHausnummer="Leistikowweg 14" ObjVorlage="2013-09-11 00:00:00.0" ObKeinKontakt="1" ObjArtID="1" Merkmal="0.0"/>
  <Objekte ObjID="10037" ObjAufnahme="1998-05-01" ObjLetztKontakt="1998-05-01" ObjStrasseID="7810" ObjHausnummer="Posener Straße 14" ObjVorlage="2013-09-11 00:00:00.0" ObKeinKontakt="1" ObjArtID="1" Merkmal="0.0"/>
  <Objekte ObjID="10038" ObjAufnahme="1998-05-01" ObjLetztKontakt="1998-05-01" ObjStrasseID="7810" ObjHausnummer="Posener Straße 16" ObjVorlage="2013-09-11 00:00:00.0" ObKeinKontakt="1" ObjArtID="1" Merkmal="0.0"/>
  <Objekte ObjID="10039" ObjAufnahme="1998-05-01" ObjLetztKontakt="1998-05-01" ObjStrasseID="7810" ObjHausnummer="Posener Straße 18" ObjVorlage="2013-09-11 00:00:00.0" ObKeinKontakt="1" ObjArtID="1" Merkmal="0.0"/>
  <Objekte ObjID="10040" ObjAufnahme="1998-05-01" ObjLetztKontakt="1998-05-01" ObjStrasseID="8094" ObjHausnummer="Schneidemühler Weg 8" ObjVorlage="2013-09-11 00:00:00.0" ObKeinKontakt="1" ObjArtID="1" Merkmal="0.0"/>
  <Objekte ObjID="10041" ObjAufnahme="1998-05-01" ObjLetztKontakt="1998-05-01" ObjStrasseID="8094" ObjHausnummer="Schneidemühler Weg 10" ObjVorlage="2013-09-11 00:00:00.0" ObKeinKontakt="1" ObjArtID="1" Merkmal="0.0"/>
  <Objekte ObjID="10042" ObjAufnahme="1998-05-01" ObjLetztKontakt="1998-05-01" ObjStrasseID="8094" ObjHausnummer="Schneidemühler Weg 12" ObjVorlage="2013-09-11 00:00:00.0" ObKeinKontakt="1" ObjArtID="1" Merkmal="0.0"/>
  <Objekte ObjID="10043" ObjAufnahme="1998-05-01" ObjLetztKontakt="1998-05-01" ObjStrasseID="8094" ObjHausnummer="Schneidemühler Weg 14" ObjVorlage="2013-09-11 00:00:00.0" ObKeinKontakt="1" ObjArtID="1" Merkmal="0.0"/>
  <Objekte ObjID="10044" ObjAufnahme="1998-05-01" ObjLetztKontakt="1998-05-01" ObjStrasseID="8094" ObjHausnummer="Schneidemühler Weg 16" ObjVorlage="2013-09-11 00:00:00.0" ObKeinKontakt="1" ObjArtID="1" Merkmal="0.0"/>
  <Objekte ObjID="10045" ObjAufnahme="1998-05-01" ObjLetztKontakt="1998-05-01" ObjStrasseID="8094" ObjHausnummer="Schneidemühler Weg 18" ObjVorlage="2013-09-11 00:00:00.0" ObKeinKontakt="1" ObjArtID="1" Merkmal="0.0"/>
  <Objekte ObjID="10046" ObjAufnahme="1998-05-01" ObjLetztKontakt="1998-05-01" ObjStrasseID="6297" ObjHausnummer="Efeuhof 1" ObjVorlage="2013-09-11 00:00:00.0" ObKeinKontakt="1" ObjArtID="1" Merkmal="0.0"/>
  <Objekte ObjID="10047" ObjAufnahme="1998-05-01" ObjLetztKontakt="1998-05-01" ObjStrasseID="6297" ObjHausnummer="Efeuhof 3" ObjVorlage="2013-09-11 00:00:00.0" ObKeinKontakt="1" ObjArtID="1" Merkmal="0.0"/>
  <Objekte ObjID="10048" ObjAufnahme="1998-05-01" ObjLetztKontakt="1998-05-01" ObjStrasseID="6297" ObjHausnummer="Efeuhof 5" ObjVorlage="2013-09-11 00:00:00.0" ObKeinKontakt="1" ObjArtID="1" Merkmal="0.0"/>
  <Objekte ObjID="10049" ObjAufnahme="1998-05-01" ObjLetztKontakt="1998-05-01" ObjStrasseID="6297" ObjHausnummer="Efeuhof 7" ObjVorlage="2013-09-11 00:00:00.0" ObKeinKontakt="1" ObjArtID="1" Merkmal="0.0"/>
  <Objekte ObjID="10050" ObjAufnahme="1998-05-01" ObjLetztKontakt="1998-05-01" ObjStrasseID="6297" ObjHausnummer="Efeuhof 9" ObjVorlage="2013-09-11 00:00:00.0" ObKeinKontakt="1" ObjArtID="1" Merkmal="0.0"/>
  <Objekte ObjID="10051" ObjAufnahme="1998-05-01" ObjLetztKontakt="1998-05-01" ObjStrasseID="6297" ObjHausnummer="Efeuhof 4" ObjVorlage="2013-09-11 00:00:00.0" ObKeinKontakt="1" ObjArtID="1" Merkmal="0.0"/>
  <Objekte ObjID="10052" ObjAufnahme="1998-05-01" ObjLetztKontakt="1998-05-01" ObjStrasseID="6297" ObjHausnummer="Efeuhof 6" ObjVorlage="2013-09-11 00:00:00.0" ObKeinKontakt="1" ObjArtID="1" Merkmal="0.0"/>
  <Objekte ObjID="10053" ObjAufnahme="1998-05-01" ObjLetztKontakt="1998-05-01" ObjStrasseID="6297" ObjHausnummer="Efeuhof 8" ObjVorlage="2013-09-11 00:00:00.0" ObKeinKontakt="1" ObjArtID="1" Merkmal="0.0"/>
  <Objekte ObjID="10054" ObjAufnahme="1998-05-01" ObjLetztKontakt="1998-05-01" ObjStrasseID="6297" ObjHausnummer="Efeuhof 10" ObjVorlage="2013-09-11 00:00:00.0" ObKeinKontakt="1" ObjArtID="1" Merkmal="0.0"/>
  <Objekte ObjID="10055" ObjAufnahme="1998-05-01" ObjLetztKontakt="1998-05-01" ObjStrasseID="8917" ObjHausnummer="Thomasstraße 3" ObjVorlage="2013-09-11 00:00:00.0" ObKeinKontakt="1" ObjArtID="1" Merkmal="0.0"/>
  <Objekte ObjID="10056" ObjAufnahme="1998-05-01" ObjLetztKontakt="1998-05-01" ObjStrasseID="8917" ObjHausnummer="Thomasstraße 4" ObjVorlage="2013-09-11 00:00:00.0" ObKeinKontakt="1" ObjArtID="1" Merkmal="0.0"/>
  <Objekte ObjID="10057" ObjAufnahme="1998-05-01" ObjLetztKontakt="1998-05-01" ObjStrasseID="8917" ObjHausnummer="Thomasstraße 5" ObjVorlage="2013-09-11 00:00:00.0" ObKeinKontakt="1" ObjArtID="1" Merkmal="0.0"/>
  <Objekte ObjID="10058" ObjAufnahme="1998-05-01" ObjLetztKontakt="1998-05-01" ObjStrasseID="8918" ObjHausnummer="Goethestraße 1" ObjVorlage="2013-09-11 00:00:00.0" ObKeinKontakt="1" ObjArtID="1" Merkmal="0.0"/>
  <Objekte ObjID="10059" ObjAufnahme="1998-05-01" ObjLetztKontakt="1998-05-01" ObjStrasseID="8918" ObjHausnummer="Goethestraße 3" ObjVorlage="2013-09-11 00:00:00.0" ObKeinKontakt="1" ObjArtID="1" Merkmal="0.0"/>
  <Objekte ObjID="10060" ObjAufnahme="1998-05-01" ObjLetztKontakt="1998-05-01" ObjStrasseID="8918" ObjHausnummer="Goethestraße 17" ObjVorlage="2013-09-11 00:00:00.0" ObKeinKontakt="1" ObjArtID="1" Merkmal="0.0"/>
  <Objekte ObjID="10061" ObjAufnahme="1998-05-01" ObjLetztKontakt="1998-05-01" ObjStrasseID="8918" ObjHausnummer="Goethestraße 19" ObjVorlage="2013-09-11 00:00:00.0" ObKeinKontakt="1" ObjArtID="1" Merkmal="0.0"/>
  <Objekte ObjID="10062" ObjAufnahme="1998-05-01" ObjLetztKontakt="1998-05-01" ObjStrasseID="8918" ObjHausnummer="Goethestraße 21" ObjVorlage="2013-09-11 00:00:00.0" ObKeinKontakt="1" ObjArtID="1" Merkmal="0.0"/>
  <Objekte ObjID="10063" ObjAufnahme="1998-05-01" ObjLetztKontakt="1998-05-01" ObjStrasseID="8918" ObjHausnummer="Goethestraße 23" ObjVorlage="2013-09-11 00:00:00.0" ObKeinKontakt="1" ObjArtID="1" Merkmal="0.0"/>
  <Objekte ObjID="10064" ObjAufnahme="1998-05-01" ObjLetztKontakt="1998-05-01" ObjStrasseID="8918" ObjHausnummer="Goethestraße 25" ObjVorlage="2013-09-11 00:00:00.0" ObKeinKontakt="1" ObjArtID="1" Merkmal="0.0"/>
  <Objekte ObjID="10065" ObjAufnahme="1998-05-01" ObjLetztKontakt="1998-05-01" ObjStrasseID="8777" ObjHausnummer="Theodor-Storm-Straße 2" ObjVorlage="2013-09-11 00:00:00.0" ObKeinKontakt="1" ObjArtID="1" Merkmal="0.0"/>
  <Objekte ObjID="10066" ObjAufnahme="1998-05-01" ObjLetztKontakt="1998-05-01" ObjStrasseID="8777" ObjHausnummer="Theodor-Storm-Straße 4" ObjVorlage="2013-09-11 00:00:00.0" ObKeinKontakt="1" ObjArtID="1" Merkmal="0.0"/>
  <Objekte ObjID="10067" ObjAufnahme="1998-05-01" ObjLetztKontakt="1998-05-01" ObjStrasseID="8777" ObjHausnummer="Theodor-Storm-Straße 6" ObjVorlage="2013-09-11 00:00:00.0" ObKeinKontakt="1" ObjArtID="1" Merkmal="0.0"/>
  <Objekte ObjID="10068" ObjAufnahme="1998-05-01" ObjLetztKontakt="1998-05-01" ObjStrasseID="8777" ObjHausnummer="Theodor-Storm-Straße 13" ObjVorlage="2013-09-11 00:00:00.0" ObKeinKontakt="1" ObjArtID="1" Merkmal="0.0"/>
  <Objekte ObjID="10069" ObjAufnahme="1998-05-01" ObjLetztKontakt="1998-05-01" ObjStrasseID="8777" ObjHausnummer="Theodor-Storm-Straße 15" ObjVorlage="2013-09-11 00:00:00.0" ObKeinKontakt="1" ObjArtID="1" Merkmal="0.0"/>
  <Objekte ObjID="10070" ObjAufnahme="1998-05-01" ObjLetztKontakt="1998-05-01" ObjStrasseID="8777" ObjHausnummer="Theodor-Storm-Straße 17" ObjVorlage="2013-09-11 00:00:00.0" ObKeinKontakt="1" ObjArtID="1" Merkmal="0.0"/>
  <Objekte ObjID="10071" ObjAufnahme="1998-05-02" ObjLetztKontakt="1998-05-02" ObjStrasseID="8777" ObjHausnummer="Theodor-Storm-Straße 19" ObjVorlage="2013-09-11 00:00:00.0" ObKeinKontakt="1" ObjArtID="1" Merkmal="0.0"/>
  <Objekte ObjID="10072" ObjAufnahme="1998-05-02" ObjLetztKontakt="1998-05-02" ObjStrasseID="8777" ObjHausnummer="Theodor-Storm-Straße 26" ObjVorlage="2013-09-11 00:00:00.0" ObKeinKontakt="1" ObjArtID="1" Merkmal="0.0"/>
  <Objekte ObjID="10073" ObjAufnahme="1998-05-02" ObjLetztKontakt="1998-05-02" ObjStrasseID="8777" ObjHausnummer="Theodor-Storm-Straße 28" ObjVorlage="2013-09-11 00:00:00.0" ObKeinKontakt="1" ObjArtID="1" Merkmal="0.0"/>
  <Objekte ObjID="10074" ObjAufnahme="1998-05-02" ObjLetztKontakt="1998-05-02" ObjStrasseID="8777" ObjHausnummer="Theodor-Storm-Straße 30" ObjVorlage="2013-09-11 00:00:00.0" ObKeinKontakt="1" ObjArtID="1" Merkmal="0.0"/>
  <Objekte ObjID="10075" ObjAufnahme="1998-05-02" ObjLetztKontakt="1998-05-02" ObjStrasseID="8777" ObjHausnummer="Theodor-Storm-Straße 32" ObjVorlage="2013-09-11 00:00:00.0" ObKeinKontakt="1" ObjArtID="1" Merkmal="0.0"/>
  <Objekte ObjID="10076" ObjAufnahme="1998-05-02" ObjLetztKontakt="1998-05-02" ObjStrasseID="6208" ObjHausnummer="Derfflingerstraße 15" ObjVorlage="2013-09-11 00:00:00.0" ObKeinKontakt="1" ObjArtID="1" Merkmal="0.0"/>
  <Objekte ObjID="10077" ObjAufnahme="1998-05-02" ObjLetztKontakt="1998-05-02" ObjStrasseID="6208" ObjHausnummer="Derfflingerstraße 18" ObjVorlage="2013-09-11 00:00:00.0" ObKeinKontakt="1" ObjArtID="1" Merkmal="0.0"/>
  <Objekte ObjID="10078" ObjAufnahme="1998-05-02" ObjLetztKontakt="1998-05-02" ObjStrasseID="7514" ObjHausnummer="Melanchthonstraße 19" ObjVorlage="2013-09-11 00:00:00.0" ObKeinKontakt="1" ObjArtID="1" Merkmal="0.0"/>
  <Objekte ObjID="10079" ObjAufnahme="1998-05-02" ObjLetztKontakt="1998-05-02" ObjStrasseID="7514" ObjHausnummer="Melanchthonstraße 21" ObjVorlage="2013-09-11 00:00:00.0" ObKeinKontakt="1" ObjArtID="1" Merkmal="0.0"/>
  <Objekte ObjID="10080" ObjAufnahme="1998-05-02" ObjLetztKontakt="1998-05-02" ObjStrasseID="7514" ObjHausnummer="Melanchthonstraße 23" ObjVorlage="2013-09-11 00:00:00.0" ObKeinKontakt="1" ObjArtID="1" Merkmal="0.0"/>
  <Objekte ObjID="10081" ObjAufnahme="1998-05-02" ObjLetztKontakt="1998-05-02" ObjStrasseID="7514" ObjHausnummer="Melanchthonstraße 25" ObjVorlage="2013-09-11 00:00:00.0" ObKeinKontakt="1" ObjArtID="1" Merkmal="0.0"/>
  <Objekte ObjID="10082" ObjAufnahme="1998-05-02" ObjLetztKontakt="1998-05-02" ObjStrasseID="7514" ObjHausnummer="Melanchthonstraße 27" ObjVorlage="2013-09-11 00:00:00.0" ObKeinKontakt="1" ObjArtID="1" Merkmal="0.0"/>
  <Objekte ObjID="10083" ObjAufnahme="1998-05-02" ObjLetztKontakt="1998-05-02" ObjStrasseID="7514" ObjHausnummer="Melanchthonstraße 29" ObjVorlage="2013-09-11 00:00:00.0" ObKeinKontakt="1" ObjArtID="1" Merkmal="0.0"/>
  <Objekte ObjID="10084" ObjAufnahme="1998-05-02" ObjLetztKontakt="1998-05-02" ObjStrasseID="7514" ObjHausnummer="Melanchthonstraße 31" ObjVorlage="2013-09-11 00:00:00.0" ObKeinKontakt="1" ObjArtID="1" Merkmal="0.0"/>
  <Objekte ObjID="10085" ObjAufnahme="1998-05-02" ObjLetztKontakt="1998-05-02" ObjStrasseID="7514" ObjHausnummer="Melanchthonstraße 25A" ObjVorlage="2013-09-11 00:00:00.0" ObKeinKontakt="1" ObjArtID="1" Merkmal="0.0"/>
  <Objekte ObjID="10086" ObjAufnahme="1998-05-02" ObjLetztKontakt="1998-05-02" ObjStrasseID="7514" ObjHausnummer="Melanchthonstraße 39" ObjVorlage="2013-09-11 00:00:00.0" ObKeinKontakt="1" ObjArtID="1" Merkmal="0.0"/>
  <Objekte ObjID="10087" ObjAufnahme="1998-05-02" ObjLetztKontakt="1998-05-02" ObjStrasseID="7514" ObjHausnummer="Melanchthonstraße 39A" ObjVorlage="2013-09-11 00:00:00.0" ObKeinKontakt="1" ObjArtID="1" Merkmal="0.0"/>
  <Objekte ObjID="10088" ObjAufnahme="1998-05-02" ObjLetztKontakt="1998-05-02" ObjStrasseID="7514" ObjHausnummer="Melanchthonstraße 37" ObjVorlage="2013-09-11 00:00:00.0" ObKeinKontakt="1" ObjArtID="1" Merkmal="0.0"/>
  <Objekte ObjID="10089" ObjAufnahme="1998-05-02" ObjLetztKontakt="1998-05-02" ObjStrasseID="7514" ObjHausnummer="Melanchthonstraße 36" ObjVorlage="2013-09-11 00:00:00.0" ObKeinKontakt="1" ObjArtID="1" Merkmal="0.0"/>
  <Objekte ObjID="10090" ObjAufnahme="1998-05-02" ObjLetztKontakt="1998-05-02" ObjStrasseID="7514" ObjHausnummer="Melanchthonstraße 38" ObjVorlage="2013-09-11 00:00:00.0" ObKeinKontakt="1" ObjArtID="1" Merkmal="0.0"/>
  <Objekte ObjID="10091" ObjAufnahme="1998-05-02" ObjLetztKontakt="1998-05-02" ObjStrasseID="7514" ObjHausnummer="Melanchthonstraße 20" ObjVorlage="2013-09-11 00:00:00.0" ObKeinKontakt="1" ObjArtID="1" Merkmal="0.0"/>
  <Objekte ObjID="10092" ObjAufnahme="1998-05-02" ObjLetztKontakt="1998-05-02" ObjStrasseID="7514" ObjHausnummer="Melanchthonstraße 22" ObjVorlage="2013-09-11 00:00:00.0" ObKeinKontakt="1" ObjArtID="1" Merkmal="0.0"/>
  <Objekte ObjID="10093" ObjAufnahme="1998-05-02" ObjLetztKontakt="1998-05-02" ObjStrasseID="7514" ObjHausnummer="Melanchthonstraße 24" ObjVorlage="2013-09-11 00:00:00.0" ObKeinKontakt="1" ObjArtID="1" Merkmal="0.0"/>
  <Objekte ObjID="10094" ObjAufnahme="1998-05-02" ObjLetztKontakt="1998-05-02" ObjStrasseID="7514" ObjHausnummer="Melanchthonstraße 26" ObjVorlage="2013-09-11 00:00:00.0" ObKeinKontakt="1" ObjArtID="1" Merkmal="0.0"/>
  <Objekte ObjID="10095" ObjAufnahme="1998-05-02" ObjLetztKontakt="1998-05-02" ObjStrasseID="7514" ObjHausnummer="Melanchthonstraße 28" ObjVorlage="2013-09-11 00:00:00.0" ObKeinKontakt="1" ObjArtID="1" Merkmal="0.0"/>
  <Objekte ObjID="10096" ObjAufnahme="1998-05-02" ObjLetztKontakt="1998-05-02" ObjStrasseID="7514" ObjHausnummer="Melanchthonstraße 30" ObjVorlage="2013-09-11 00:00:00.0" ObKeinKontakt="1" ObjArtID="1" Merkmal="0.0"/>
  <Objekte ObjID="10097" ObjAufnahme="1998-05-02" ObjLetztKontakt="1998-05-02" ObjStrasseID="7514" ObjHausnummer="Melanchthonstraße 32" ObjVorlage="2013-09-11 00:00:00.0" ObKeinKontakt="1" ObjArtID="1" Merkmal="0.0"/>
  <Objekte ObjID="10098" ObjAufnahme="1998-05-02" ObjLetztKontakt="1998-05-02" ObjStrasseID="7514" ObjHausnummer="Melanchthonstraße 34" ObjVorlage="2013-09-11 00:00:00.0" ObKeinKontakt="1" ObjArtID="1" Merkmal="0.0"/>
  <Objekte ObjID="10099" ObjAufnahme="1998-05-02" ObjLetztKontakt="1998-05-02" ObjStrasseID="5912" ObjHausnummer="Benzweg 6" ObjVorlage="2013-09-11 00:00:00.0" ObKeinKontakt="1" ObjArtID="1" Merkmal="0.0"/>
  <Objekte ObjID="10100" ObjAufnahme="1998-05-02" ObjLetztKontakt="1998-05-02" ObjStrasseID="5912" ObjHausnummer="Benzweg 6A" ObjVorlage="2013-09-11 00:00:00.0" ObKeinKontakt="1" ObjArtID="1" Merkmal="0.0"/>
  <Objekte ObjID="10101" ObjAufnahme="1998-05-02" ObjLetztKontakt="1998-05-02" ObjStrasseID="5912" ObjHausnummer="Benzweg 2" ObjVorlage="2013-09-11 00:00:00.0" ObKeinKontakt="1" ObjArtID="1" Merkmal="0.0"/>
  <Objekte ObjID="10102" ObjAufnahme="1998-05-02" ObjLetztKontakt="1998-05-02" ObjStrasseID="6180" ObjHausnummer="Daimlerstraße 1" ObjVorlage="2013-09-11 00:00:00.0" ObKeinKontakt="1" ObjArtID="1" Merkmal="0.0"/>
  <Objekte ObjID="10103" ObjAufnahme="1998-05-02" ObjLetztKontakt="1998-05-02" ObjStrasseID="6180" ObjHausnummer="Daimlerstraße 3" ObjVorlage="2013-09-11 00:00:00.0" ObKeinKontakt="1" ObjArtID="1" Merkmal="0.0"/>
  <Objekte ObjID="10104" ObjAufnahme="1998-05-02" ObjLetztKontakt="1998-05-02" ObjStrasseID="6180" ObjHausnummer="Daimlerstraße 5" ObjVorlage="2013-09-11 00:00:00.0" ObKeinKontakt="1" ObjArtID="1" Merkmal="0.0"/>
  <Objekte ObjID="10105" ObjAufnahme="1998-05-02" ObjLetztKontakt="1998-05-02" ObjStrasseID="6180" ObjHausnummer="Daimlerstraße 7" ObjVorlage="2013-09-11 00:00:00.0" ObKeinKontakt="1" ObjArtID="1" Merkmal="0.0"/>
  <Objekte ObjID="10106" ObjAufnahme="1998-05-02" ObjLetztKontakt="1998-05-02" ObjStrasseID="6180" ObjHausnummer="Daimlerstraße 9" ObjVorlage="2013-09-11 00:00:00.0" ObKeinKontakt="1" ObjArtID="1" Merkmal="0.0"/>
  <Objekte ObjID="10107" ObjAufnahme="1998-05-02" ObjLetztKontakt="1998-05-02" ObjStrasseID="6180" ObjHausnummer="Daimlerstraße 11" ObjVorlage="2013-09-11 00:00:00.0" ObKeinKontakt="1" ObjArtID="1" Merkmal="0.0"/>
  <Objekte ObjID="10108" ObjAufnahme="1998-05-02" ObjLetztKontakt="1998-05-02" ObjStrasseID="6617" ObjHausnummer="Grahnstraße 23" ObjVorlage="2013-09-11 00:00:00.0" ObKeinKontakt="1" ObjArtID="1" Merkmal="0.0"/>
  <Objekte ObjID="10109" ObjAufnahme="1998-05-02" ObjLetztKontakt="1998-05-02" ObjStrasseID="6617" ObjHausnummer="Grahnstraße 25" ObjVorlage="2013-09-11 00:00:00.0" ObKeinKontakt="1" ObjArtID="1" Merkmal="0.0"/>
  <Objekte ObjID="10110" ObjAufnahme="1998-05-02" ObjLetztKontakt="1998-05-02" ObjStrasseID="6617" ObjHausnummer="Grahnstraße 27" ObjVorlage="2013-09-11 00:00:00.0" ObKeinKontakt="1" ObjArtID="1" Merkmal="0.0"/>
  <Objekte ObjID="10111" ObjAufnahme="1998-05-02" ObjLetztKontakt="1998-05-02" ObjStrasseID="6617" ObjHausnummer="Grahnstraße 29" ObjVorlage="2013-09-11 00:00:00.0" ObKeinKontakt="1" ObjArtID="1" Merkmal="0.0"/>
  <Objekte ObjID="10112" ObjAufnahme="1998-05-02" ObjLetztKontakt="1998-05-02" ObjStrasseID="6617" ObjHausnummer="Grahnstraße 31" ObjVorlage="2013-09-11 00:00:00.0" ObKeinKontakt="1" ObjArtID="1" Merkmal="0.0"/>
  <Objekte ObjID="10113" ObjAufnahme="1998-05-02" ObjLetztKontakt="1998-05-02" ObjStrasseID="6617" ObjHausnummer="Grahnstraße 33" ObjVorlage="2013-09-11 00:00:00.0" ObKeinKontakt="1" ObjArtID="1" Merkmal="0.0"/>
  <Objekte ObjID="10114" ObjAufnahme="1998-05-02" ObjLetztKontakt="1998-05-02" ObjStrasseID="6684" ObjHausnummer="Guts-Muths-Straße 42" ObjVorlage="2013-09-11 00:00:00.0" ObKeinKontakt="1" ObjArtID="1" Merkmal="0.0"/>
  <Objekte ObjID="10115" ObjAufnahme="1998-05-02" ObjLetztKontakt="1998-05-02" ObjStrasseID="7493" ObjHausnummer="Maßmannstraße 1" ObjVorlage="2013-09-11 00:00:00.0" ObKeinKontakt="1" ObjArtID="1" Merkmal="0.0"/>
  <Objekte ObjID="10116" ObjAufnahme="1998-05-02" ObjLetztKontakt="1998-05-02" ObjStrasseID="7493" ObjHausnummer="Maßmannstraße 3" ObjVorlage="2013-09-11 00:00:00.0" ObKeinKontakt="1" ObjArtID="1" Merkmal="0.0"/>
  <Objekte ObjID="10117" ObjAufnahme="1998-05-02" ObjLetztKontakt="1998-05-02" ObjStrasseID="7493" ObjHausnummer="Maßmannstraße 5" ObjVorlage="2013-09-11 00:00:00.0" ObKeinKontakt="1" ObjArtID="1" Merkmal="0.0"/>
  <Objekte ObjID="10118" ObjAufnahme="1998-05-02" ObjLetztKontakt="1998-05-02" ObjStrasseID="7493" ObjHausnummer="Maßmannstraße 7" ObjVorlage="2013-09-11 00:00:00.0" ObKeinKontakt="1" ObjArtID="1" Merkmal="0.0"/>
  <Objekte ObjID="10119" ObjAufnahme="1998-05-02" ObjLetztKontakt="1998-05-02" ObjStrasseID="7493" ObjHausnummer="Maßmannstraße 9" ObjVorlage="2013-09-11 00:00:00.0" ObKeinKontakt="1" ObjArtID="1" Merkmal="0.0"/>
  <Objekte ObjID="10120" ObjAufnahme="1998-05-02" ObjLetztKontakt="1998-05-02" ObjStrasseID="7493" ObjHausnummer="Maßmannstraße 11" ObjVorlage="2013-09-11 00:00:00.0" ObKeinKontakt="1" ObjArtID="1" Merkmal="0.0"/>
  <Objekte ObjID="10121" ObjAufnahme="1998-05-02" ObjLetztKontakt="1998-05-02" ObjStrasseID="7493" ObjHausnummer="Maßmannstraße 2" ObjVorlage="2013-09-11 00:00:00.0" ObKeinKontakt="1" ObjArtID="1" Merkmal="0.0"/>
  <Objekte ObjID="10122" ObjAufnahme="1998-05-02" ObjLetztKontakt="1998-05-02" ObjStrasseID="7493" ObjHausnummer="Maßmannstraße 4" ObjVorlage="2013-09-11 00:00:00.0" ObKeinKontakt="1" ObjArtID="1" Merkmal="0.0"/>
  <Objekte ObjID="10123" ObjAufnahme="1998-05-02" ObjLetztKontakt="1998-05-02" ObjStrasseID="7569" ObjHausnummer="Moorkamp 18" ObjVorlage="2013-09-11 00:00:00.0" ObKeinKontakt="1" ObjArtID="1" Merkmal="0.0"/>
  <Objekte ObjID="10124" ObjAufnahme="1998-05-02" ObjLetztKontakt="1998-05-02" ObjStrasseID="7569" ObjHausnummer="Moorkamp 10" ObjVorlage="2013-09-11 00:00:00.0" ObKeinKontakt="1" ObjArtID="1" Merkmal="0.0"/>
  <Objekte ObjID="10125" ObjAufnahme="1998-05-02" ObjLetztKontakt="1998-05-02" ObjStrasseID="7569" ObjHausnummer="Moorkamp 14" ObjVorlage="2013-09-11 00:00:00.0" ObKeinKontakt="1" ObjArtID="1" Merkmal="0.0"/>
  <Objekte ObjID="10126" ObjAufnahme="1998-05-02" ObjLetztKontakt="1998-05-02" ObjStrasseID="8469" ObjHausnummer="Viethof 4" ObjVorlage="2013-09-11 00:00:00.0" ObKeinKontakt="1" ObjArtID="1" Merkmal="0.0"/>
  <Objekte ObjID="10127" ObjAufnahme="1998-05-02" ObjLetztKontakt="1998-05-02" ObjStrasseID="8469" ObjHausnummer="Viethof 6" ObjVorlage="2013-09-11 00:00:00.0" ObKeinKontakt="1" ObjArtID="1" Merkmal="0.0"/>
  <Objekte ObjID="10128" ObjAufnahme="1998-05-02" ObjLetztKontakt="1998-05-02" ObjStrasseID="8469" ObjHausnummer="Viethof 8" ObjVorlage="2013-09-11 00:00:00.0" ObKeinKontakt="1" ObjArtID="1" Merkmal="0.0"/>
  <Objekte ObjID="10129" ObjAufnahme="1998-05-02" ObjLetztKontakt="1998-05-02" ObjStrasseID="8469" ObjHausnummer="Viethof 10" ObjVorlage="2013-09-11 00:00:00.0" ObKeinKontakt="1" ObjArtID="1" Merkmal="0.0"/>
  <Objekte ObjID="10130" ObjAufnahme="1998-05-02" ObjLetztKontakt="1998-05-02" ObjStrasseID="8469" ObjHausnummer="Viethof 13" ObjVorlage="2013-09-11 00:00:00.0" ObKeinKontakt="1" ObjArtID="1" Merkmal="0.0"/>
  <Objekte ObjID="10131" ObjAufnahme="1998-05-02" ObjLetztKontakt="1998-05-02" ObjStrasseID="8469" ObjHausnummer="Viethof 15" ObjVorlage="2013-09-11 00:00:00.0" ObKeinKontakt="1" ObjArtID="1" Merkmal="0.0"/>
  <Objekte ObjID="10132" ObjAufnahme="1998-05-02" ObjLetztKontakt="1998-05-02" ObjStrasseID="8469" ObjHausnummer="Viethof 17" ObjVorlage="2013-09-11 00:00:00.0" ObKeinKontakt="1" ObjArtID="1" Merkmal="0.0"/>
  <Objekte ObjID="10133" ObjAufnahme="1998-05-02" ObjLetztKontakt="1998-05-02" ObjStrasseID="8469" ObjHausnummer="Viethof 19" ObjVorlage="2013-09-11 00:00:00.0" ObKeinKontakt="1" ObjArtID="1" Merkmal="0.0"/>
  <Objekte ObjID="10134" ObjAufnahme="1998-05-02" ObjLetztKontakt="1998-05-02" ObjStrasseID="8469" ObjHausnummer="Viethof 12" ObjVorlage="2013-09-11 00:00:00.0" ObKeinKontakt="1" ObjArtID="1" Merkmal="0.0"/>
  <Objekte ObjID="10135" ObjAufnahme="1998-05-02" ObjLetztKontakt="1998-05-02" ObjStrasseID="8469" ObjHausnummer="Viethof 14" ObjVorlage="2013-09-11 00:00:00.0" ObKeinKontakt="1" ObjArtID="1" Merkmal="0.0"/>
  <Objekte ObjID="10136" ObjAufnahme="1998-05-02" ObjLetztKontakt="1998-05-02" ObjStrasseID="8469" ObjHausnummer="Viethof 16" ObjVorlage="2013-09-11 00:00:00.0" ObKeinKontakt="1" ObjArtID="1" Merkmal="0.0"/>
  <Objekte ObjID="10137" ObjAufnahme="1998-05-02" ObjLetztKontakt="1998-05-02" ObjStrasseID="8469" ObjHausnummer="Viethof 18" ObjVorlage="2013-09-11 00:00:00.0" ObKeinKontakt="1" ObjArtID="1" Merkmal="0.0"/>
  <Objekte ObjID="10138" ObjAufnahme="1998-05-02" ObjLetztKontakt="1998-05-02" ObjStrasseID="8469" ObjHausnummer="Viethof 1" ObjVorlage="2013-09-11 00:00:00.0" ObKeinKontakt="1" ObjArtID="1" Merkmal="0.0"/>
  <Objekte ObjID="10139" ObjAufnahme="1998-05-02" ObjLetztKontakt="1998-05-02" ObjStrasseID="8469" ObjHausnummer="Viethof 3" ObjVorlage="2013-09-11 00:00:00.0" ObKeinKontakt="1" ObjArtID="1" Merkmal="0.0"/>
  <Objekte ObjID="10140" ObjAufnahme="1998-05-02" ObjLetztKontakt="1998-05-02" ObjStrasseID="8469" ObjHausnummer="Viethof 5" ObjVorlage="2013-09-11 00:00:00.0" ObKeinKontakt="1" ObjArtID="1" Merkmal="0.0"/>
  <Objekte ObjID="10141" ObjAufnahme="1998-05-02" ObjLetztKontakt="1998-05-02" ObjStrasseID="8469" ObjHausnummer="Viethof 7" ObjVorlage="2013-09-11 00:00:00.0" ObKeinKontakt="1" ObjArtID="1" Merkmal="0.0"/>
  <Objekte ObjID="10142" ObjAufnahme="1998-05-02" ObjLetztKontakt="1998-05-02" ObjStrasseID="8469" ObjHausnummer="Viethof 9" ObjVorlage="2013-09-11 00:00:00.0" ObKeinKontakt="1" ObjArtID="1" Merkmal="0.0"/>
  <Objekte ObjID="10143" ObjAufnahme="1998-05-02" ObjLetztKontakt="1998-05-02" ObjStrasseID="7514" ObjHausnummer="Melanchthonstraße 11" ObjVorlage="2013-09-11 00:00:00.0" ObKeinKontakt="1" ObjArtID="1" Merkmal="0.0"/>
  <Objekte ObjID="10144" ObjAufnahme="1998-05-03" ObjStrasseID="6335" ObjHausnummer="Ellernstraße 41" ObjVorlage="2013-09-11 00:00:00.0" ObKeinKontakt="1" ObjArtID="220" Merkmal="0.0" ObjInfo="500160\240 m² Garten 2Grg/Zahnarzt"/>
  <Objekte ObjID="10145" ObjAufnahme="1998-05-03" ObjStrasseID="6335" ObjHausnummer="Ellernstraße 42" ObjVorlage="2013-09-11 00:00:00.0" ObKeinKontakt="1" ObjArtID="1" Merkmal="0.0"/>
  <Objekte ObjID="10146" ObjAufnahme="1998-05-03" ObjStrasseID="6335" ObjHausnummer="Ellernstraße 44" ObjVorlage="2013-09-11 00:00:00.0" ObKeinKontakt="1" ObjArtID="1" Merkmal="0.0"/>
  <Objekte ObjID="10147" ObjAufnahme="1998-05-03" ObjStrasseID="5130" ObjHausnummer="Auf der Horst 123" ObjVorlage="2013-09-11 00:00:00.0" ObKeinKontakt="1" ObjArtID="38" Merkmal="0.0"/>
  <Objekte ObjID="10149" ObjAufnahme="1998-05-04" ObjStrasseID="8414" ObjHausnummer="Tronjeweg 14" ObjVorlage="2013-09-11 00:00:00.0" ObKeinKontakt="5" ObjArtID="8" Merkmal="0.0"/>
  <Objekte ObjID="10153" ObjAufnahme="1998-05-04" ObjLetztKontakt="1998-05-04" ObjStrasseID="8495" ObjHausnummer="Voßstraße 29" ObjVorlage="2013-09-11 00:00:00.0" ObKeinKontakt="1" ObjArtID="1" Merkmal="0.0" ObjInfo="O.Meyer"/>
  <Objekte ObjID="10154" ObjAufnahme="1998-05-04" ObjLetztKontakt="1999-07-15" ObjStrasseID="8495" ObjHausnummer="Voßstraße 31" ObjVorlage="2013-09-11 00:00:00.0" ObKeinKontakt="1" ObjArtID="56" Merkmal="0.0" ObjInfo="P.Leipelt Goebenstraße 4"/>
  <Objekte ObjID="10155" ObjAufnahme="1998-05-04" ObjLetztKontakt="1999-06-20" ObjStrasseID="8495" ObjHausnummer="Voßstraße 5" ObjVorlage="2013-09-11 00:00:00.0" ObKeinKontakt="1" ObjArtID="1" Merkmal="0.0"/>
  <Objekte ObjID="10156" ObjAufnahme="1998-05-04" ObjLetztKontakt="1999-06-20" ObjStrasseID="8495" ObjHausnummer="Voßstraße 9" ObjVorlage="2013-09-11 00:00:00.0" ObKeinKontakt="1" ObjArtID="1" Merkmal="0.0"/>
  <Objekte ObjID="10157" ObjAufnahme="1998-05-04" ObjLetztKontakt="1999-06-20" ObjStrasseID="8495" ObjHausnummer="Voßstraße 11" ObjVorlage="2013-09-11 00:00:00.0" ObKeinKontakt="1" ObjArtID="1" Merkmal="0.0"/>
  <Objekte ObjID="10158" ObjAufnahme="1998-05-04" ObjStrasseID="8495" ObjHausnummer="Voßstraße 11A" ObjVorlage="2013-09-11 00:00:00.0" ObKeinKontakt="1" ObjArtID="1" Merkmal="0.0"/>
  <Objekte ObjID="10159" ObjAufnahme="1998-05-04" ObjLetztKontakt="1999-06-20" ObjStrasseID="8495" ObjHausnummer="Voßstraße 13" ObjVorlage="2013-09-11 00:00:00.0" ObKeinKontakt="1" ObjArtID="1" Merkmal="0.0" ObjInfo="scout66660971 inseriert Wohnung Tobias Poeschl 01632896243"/>
  <Objekte ObjID="10160" ObjAufnahme="1998-05-04" ObjLetztKontakt="1999-06-20" ObjStrasseID="8495" ObjHausnummer="Voßstraße 15" ObjVorlage="2013-09-11 00:00:00.0" ObKeinKontakt="1" ObjArtID="1" Merkmal="0.0"/>
  <Objekte ObjID="10161" ObjAufnahme="1998-05-04" ObjLetztKontakt="1999-06-20" ObjStrasseID="8495" ObjHausnummer="Voßstraße 17" ObjVorlage="2013-09-11 00:00:00.0" ObKeinKontakt="1" ObjArtID="1" Merkmal="0.0"/>
  <Objekte ObjID="10162" ObjAufnahme="1998-05-04" ObjLetztKontakt="1999-06-20" ObjStrasseID="8495" ObjHausnummer="Voßstraße 19" ObjVorlage="2013-09-11 00:00:00.0" ObKeinKontakt="1" ObjArtID="1" Merkmal="0.0"/>
  <Objekte ObjID="10163" ObjAufnahme="1998-05-04" ObjStrasseID="8495" ObjHausnummer="Voßstraße 21" ObjVorlage="2013-09-11 00:00:00.0" ObKeinKontakt="1" ObjArtID="1" Merkmal="0.0"/>
  <Objekte ObjID="10164" ObjAufnahme="1998-05-04" ObjLetztKontakt="1999-06-20" ObjStrasseID="8495" ObjHausnummer="Voßstraße 23" ObjVorlage="2013-09-11 00:00:00.0" ObKeinKontakt="1" ObjArtID="1" Merkmal="0.0"/>
  <Objekte ObjID="10165" ObjAufnahme="1998-05-04" ObjLetztKontakt="1999-07-15" ObjStrasseID="8495" ObjHausnummer="Voßstraße 25" ObjVorlage="2013-09-11 00:00:00.0" ObKeinKontakt="1" ObjArtID="1" Merkmal="0.0"/>
  <Objekte ObjID="10166" ObjAufnahme="1998-05-04" ObjStrasseID="8495" ObjHausnummer="Voßstraße 25A" ObjVorlage="2013-09-11 00:00:00.0" ObKeinKontakt="1" ObjArtID="1" Merkmal="0.0"/>
  <Objekte ObjID="10167" ObjAufnahme="1998-05-04" ObjStrasseID="8495" ObjHausnummer="Voßstraße 27" ObjVorlage="2013-09-11 00:00:00.0" ObKeinKontakt="1" ObjArtID="1" Merkmal="0.0"/>
  <Objekte ObjID="10168" ObjAufnahme="1998-05-04" ObjStrasseID="8495" ObjHausnummer="Voßstraße 33" ObjVorlage="2013-09-11 00:00:00.0" ObKeinKontakt="1" ObjArtID="1" Merkmal="0.0"/>
  <Objekte ObjID="10169" ObjAufnahme="1998-05-04" ObjLetztKontakt="1999-07-15" ObjStrasseID="8495" ObjHausnummer="Voßstraße 35" ObjVorlage="2013-09-11 00:00:00.0" ObKeinKontakt="1" ObjArtID="118" Merkmal="0.0"/>
  <Objekte ObjID="10170" ObjAufnahme="1998-05-04" ObjLetztKontakt="1999-07-15" ObjStrasseID="8495" ObjHausnummer="Voßstraße 37" ObjVorlage="2013-09-11 00:00:00.0" ObKeinKontakt="1" ObjArtID="1" Merkmal="0.0"/>
  <Objekte ObjID="10171" ObjAufnahme="1998-05-04" ObjLetztKontakt="1999-07-15" ObjStrasseID="8495" ObjHausnummer="Voßstraße 39" ObjVorlage="2013-09-11 00:00:00.0" ObKeinKontakt="1" ObjArtID="1" Merkmal="0.0"/>
  <Objekte ObjID="10172" ObjAufnahme="1998-05-04" ObjLetztKontakt="1999-07-15" ObjStrasseID="8495" ObjHausnummer="Voßstraße 41" ObjVorlage="2013-09-11 00:00:00.0" ObKeinKontakt="1" ObjArtID="1" Merkmal="0.0"/>
  <Objekte ObjID="10173" ObjAufnahme="1998-05-04" ObjLetztKontakt="1999-07-15" ObjStrasseID="8495" ObjHausnummer="Voßstraße 43" ObjVorlage="2013-09-11 00:00:00.0" ObKeinKontakt="1" ObjArtID="1" Merkmal="0.0"/>
  <Objekte ObjID="10174" ObjAufnahme="1998-05-04" ObjStrasseID="8495" ObjHausnummer="Voßstraße 43A" ObjVorlage="2013-09-11 00:00:00.0" ObKeinKontakt="1" ObjArtID="1" Merkmal="0.0"/>
  <Objekte ObjID="10175" ObjAufnahme="1998-05-04" ObjLetztKontakt="2003-06-27" ObjStrasseID="8495" ObjHausnummer="Voßstraße 45" ObjVorlage="2013-09-11 00:00:00.0" ObKeinKontakt="1" ObjArtID="1" Merkmal="0.0"/>
  <Objekte ObjID="10176" ObjAufnahme="1998-05-04" ObjStrasseID="8495" ObjHausnummer="Voßstraße 45A" ObjVorlage="2013-09-11 00:00:00.0" ObKeinKontakt="1" ObjArtID="1" Merkmal="0.0"/>
  <Objekte ObjID="10177" ObjAufnahme="1998-05-04" ObjLetztKontakt="1999-07-15" ObjStrasseID="8495" ObjHausnummer="Voßstraße 47" ObjVorlage="2013-09-11 00:00:00.0" ObKeinKontakt="1" ObjArtID="1" Merkmal="0.0"/>
  <Objekte ObjID="10178" ObjAufnahme="1998-05-04" ObjStrasseID="8496" ObjHausnummer="Voßstraße 49" ObjVorlage="2013-09-11 00:00:00.0" ObKeinKontakt="1" ObjArtID="1" Merkmal="0.0"/>
  <Objekte ObjID="10179" ObjAufnahme="1998-05-04" ObjLetztKontakt="1999-07-15" ObjStrasseID="8496" ObjHausnummer="Voßstraße 51" ObjVorlage="2013-09-11 00:00:00.0" ObKeinKontakt="1" ObjArtID="261" Merkmal="0.0"/>
  <Objekte ObjID="10180" ObjAufnahme="1998-05-04" ObjLetztKontakt="1999-07-15" ObjStrasseID="8496" ObjHausnummer="Voßstraße 53" ObjVorlage="2013-09-11 00:00:00.0" ObKeinKontakt="1" ObjArtID="177" Merkmal="0.0"/>
  <Objekte ObjID="10181" ObjAufnahme="1998-05-04" ObjStrasseID="8496" ObjHausnummer="Voßstraße 55" ObjVorlage="2013-09-11 00:00:00.0" ObKeinKontakt="1" ObjArtID="1" Merkmal="0.0"/>
  <Objekte ObjID="10182" ObjAufnahme="1998-05-04" ObjStrasseID="8496" ObjHausnummer="Voßstraße 57" ObjVorlage="2013-09-11 00:00:00.0" ObKeinKontakt="1" ObjArtID="1" Merkmal="0.0"/>
  <Objekte ObjID="10183" ObjAufnahme="1998-05-04" ObjLetztKontakt="1999-07-15" ObjStrasseID="8496" ObjHausnummer="Voßstraße 59" ObjVorlage="2013-09-11 00:00:00.0" ObKeinKontakt="1" ObjArtID="1" Merkmal="0.0"/>
  <Objekte ObjID="10186" ObjAufnahme="1998-05-04" ObjLetztKontakt="1999-07-15" ObjStrasseID="8496" ObjHausnummer="Voßstraße 63" ObjVorlage="2013-09-11 00:00:00.0" ObKeinKontakt="1" ObjArtID="173" Merkmal="0.0"/>
  <Objekte ObjID="10188" ObjAufnahme="1998-05-04" ObjStrasseID="6490" ObjHausnummer="Friesenstraße 24A" ObjVorlage="2013-09-11 00:00:00.0" ObKeinKontakt="1" ObjArtID="1" Merkmal="0.0"/>
  <Objekte ObjID="10189" ObjAufnahme="1998-05-04" ObjStrasseID="6490" ObjHausnummer="Friesenstraße 30" ObjVorlage="2013-09-11 00:00:00.0" ObKeinKontakt="1" ObjArtID="1" Merkmal="0.0"/>
  <Objekte ObjID="10190" ObjAufnahme="1998-05-04" ObjStrasseID="6490" ObjHausnummer="Friesenstraße 32" ObjVorlage="2013-09-11 00:00:00.0" ObKeinKontakt="1" ObjArtID="1" Merkmal="0.0"/>
  <Objekte ObjID="10191" ObjAufnahme="1998-05-04" ObjLetztKontakt="1998-05-04" ObjStrasseID="7191" ObjHausnummer="Kniestraße 30" ObjVorlage="2013-09-11 00:00:00.0" ObKeinKontakt="1" ObjArtID="1" Merkmal="0.0"/>
  <Objekte ObjID="10192" ObjAufnahme="1998-05-04" ObjLetztKontakt="1998-05-04" ObjStrasseID="7191" ObjHausnummer="Kniestraße 30A" ObjVorlage="2013-09-11 00:00:00.0" ObKeinKontakt="1" ObjArtID="1" Merkmal="0.0"/>
  <Objekte ObjID="10193" ObjAufnahme="1998-05-04" ObjStrasseID="7191" ObjHausnummer="Kniestraße 9" ObjVorlage="2013-09-11 00:00:00.0" ObKeinKontakt="1" ObjArtID="1" Merkmal="0.0"/>
  <Objekte ObjID="10194" ObjAufnahme="1998-05-04" ObjStrasseID="7191" ObjHausnummer="Kniestraße 22A" ObjVorlage="2013-09-11 00:00:00.0" ObKeinKontakt="1" ObjArtID="1" Merkmal="0.0"/>
  <Objekte ObjID="10195" ObjAufnahme="1998-05-04" ObjStrasseID="7191" ObjHausnummer="Kniestraße 28A" ObjVorlage="2013-09-11 00:00:00.0" ObKeinKontakt="1" ObjArtID="1" Merkmal="0.0"/>
  <Objekte ObjID="10196" ObjAufnahme="1998-05-04" ObjStrasseID="7191" ObjHausnummer="Kniestraße 29A" ObjVorlage="2013-09-11 00:00:00.0" ObKeinKontakt="1" ObjArtID="1" Merkmal="0.0"/>
  <Objekte ObjID="10197" ObjAufnahme="1998-05-04" ObjStrasseID="7191" ObjHausnummer="Kniestraße 31A" ObjVorlage="2013-09-11 00:00:00.0" ObKeinKontakt="1" ObjArtID="1" Merkmal="0.0"/>
  <Objekte ObjID="10198" ObjAufnahme="1998-05-04" ObjStrasseID="7191" ObjHausnummer="Kniestraße 39A" ObjVorlage="2013-09-11 00:00:00.0" ObKeinKontakt="1" ObjArtID="1" Merkmal="0.0"/>
  <Objekte ObjID="10199" ObjAufnahme="1998-05-04" ObjStrasseID="82" ObjHausnummer="Auf dem Lärchenberge 15D" ObjVorlage="2013-09-11 00:00:00.0" ObKeinKontakt="1" ObjArtID="1" Merkmal="0.0"/>
  <Objekte ObjID="10200" ObjAufnahme="1998-05-04" ObjLetztKontakt="2002-09-30" ObjStrasseID="82" ObjHausnummer="Auf dem Lärchenberge 21A" ObjVorlage="2013-09-11 00:00:00.0" ObKeinKontakt="1" ObjArtID="1" Merkmal="0.0" ObjInfo="1979: Lieslotte Röder gehört Erbengemeinschaft wollen verkaufen"/>
  <Objekte ObjID="10201" ObjAufnahme="1998-05-04" ObjStrasseID="15569" ObjHausnummer="Bernstraße 13" ObjVorlage="2013-09-11 00:00:00.0" ObKeinKontakt="1" ObjArtID="1" Merkmal="0.0"/>
  <Objekte ObjID="10202" ObjAufnahme="1998-05-04" ObjStrasseID="15569" ObjHausnummer="Bernstraße 27" ObjVorlage="2013-09-11 00:00:00.0" ObKeinKontakt="1" ObjArtID="1" Merkmal="0.0"/>
  <Objekte ObjID="10203" ObjAufnahme="1998-05-04" ObjStrasseID="15569" ObjHausnummer="Bernstraße 37" ObjVorlage="2013-09-11 00:00:00.0" ObKeinKontakt="1" ObjArtID="1" Merkmal="0.0"/>
  <Objekte ObjID="10204" ObjAufnahme="1998-05-04" ObjStrasseID="15569" ObjHausnummer="Bernstraße 38" ObjVorlage="2013-09-11 00:00:00.0" ObKeinKontakt="1" ObjArtID="1" Merkmal="0.0"/>
  <Objekte ObjID="10206" ObjAufnahme="1998-05-05" ObjLetztKontakt="1998-05-05" ObjStrasseID="8920" ObjHausnummer="Rehmenbreiten 17A" ObjVorlage="2013-09-11 00:00:00.0" ObKeinKontakt="5" ObjArtID="8" Merkmal="0.9999999999999999" ObjInfo="150qm/580qm/1992/Garage+Carport/680.000DM"/>
  <Objekte ObjID="10207" ObjAufnahme="1998-05-06" ObjLetztKontakt="1998-05-06" ObjStrasseID="6401" ObjHausnummer="Fenskestraße 30" ObjVorlage="2013-09-11 00:00:00.0" ObKeinKontakt="1" ObjArtID="1" Merkmal="0.0"/>
  <Objekte ObjID="10208" ObjAufnahme="1998-05-06" ObjLetztKontakt="1998-05-06" ObjStrasseID="6401" ObjHausnummer="Fenskestraße 32" ObjVorlage="2013-09-11 00:00:00.0" ObKeinKontakt="1" ObjArtID="1" Merkmal="0.0"/>
  <Objekte ObjID="10209" ObjAufnahme="1998-05-06" ObjStrasseID="6581" ObjHausnummer="Gneisenaustraße 6" ObjVorlage="2013-09-11 00:00:00.0" ObKeinKontakt="1" ObjArtID="1" Merkmal="0.0" ObjInfo="unbekannt"/>
  <Objekte ObjID="10211" ObjAufnahme="1998-05-06" ObjStrasseID="6581" ObjHausnummer="Gneisenaustraße 40" ObjVorlage="2013-09-11 00:00:00.0" ObKeinKontakt="1" ObjArtID="1" Merkmal="0.0"/>
  <Objekte ObjID="10213" ObjAufnahme="1998-05-06" ObjStrasseID="6581" ObjHausnummer="Gneisenaustraße 44" ObjVorlage="2013-09-11 00:00:00.0" ObKeinKontakt="1" ObjArtID="1" Merkmal="0.0"/>
  <Objekte ObjID="10216" ObjAufnahme="1998-05-06" ObjStrasseID="6581" ObjHausnummer="Gneisenaustraße 52" ObjVorlage="2013-09-11 00:00:00.0" ObKeinKontakt="1" ObjArtID="1" Merkmal="0.0"/>
  <Objekte ObjID="10220" ObjAufnahme="1998-05-06" ObjLetztKontakt="1998-10-15" ObjStrasseID="6636" ObjHausnummer="Gretchenstraße 49" ObjVorlage="2013-09-11 00:00:00.0" ObKeinKontakt="2" ObjArtID="1" Merkmal="0.0" ObjInfo="wie 48"/>
  <Objekte ObjID="10221" ObjAufnahme="1998-05-06" ObjLetztKontakt="1998-05-06" ObjStrasseID="6231" ObjHausnummer="Dohmeyers Weg 23" ObjVorlage="2013-09-11 00:00:00.0" ObKeinKontakt="5" ObjArtID="1" Merkmal="0.9999999999999999" ObjInfo="4WE/1Saal/1905/780"/>
  <Objekte ObjID="10222" ObjAufnahme="1998-05-07" ObjLetztKontakt="1998-05-07" ObjStrasseID="6401" ObjHausnummer="Fenskestraße 34" ObjVorlage="2013-09-11 00:00:00.0" ObKeinKontakt="1" ObjArtID="1" Merkmal="0.0"/>
  <Objekte ObjID="10223" ObjAufnahme="1998-05-07" ObjLetztKontakt="1998-05-07" ObjStrasseID="8928" ObjVorlage="2013-09-11 00:00:00.0" ObKeinKontakt="5" ObjArtID="10" Merkmal="0.0"/>
  <Objekte ObjID="10225" ObjAufnahme="1998-05-07" ObjLetztKontakt="1998-05-07" ObjStrasseID="8931" ObjHausnummer="Hornteichwiesen 20" ObjVorlage="2013-09-11 00:00:00.0" ObKeinKontakt="5" ObjArtID="22" Merkmal="0.0"/>
  <Objekte ObjID="10226" ObjAufnahme="1998-05-08" ObjLetztKontakt="1998-05-08" ObjStrasseID="8932" ObjHausnummer="Feldstraße 5" ObjVorlage="2013-09-11 00:00:00.0" ObKeinKontakt="5" ObjArtID="21" Merkmal="0.0"/>
  <Objekte ObjID="10227" ObjAufnahme="1998-05-08" ObjStrasseID="6555" ObjHausnummer="Gerstäckerstraße 17" ObjVorlage="2013-09-11 00:00:00.0" ObKeinKontakt="5" ObjArtID="24" Merkmal="0.9999999999999999" ObjInfo="185qm/370qm/1935/Garage/825.000DM"/>
  <Objekte ObjID="10229" ObjAufnahme="1998-05-08" ObjStrasseID="8137" ObjHausnummer="Schwarzer Bär 1" ObjVorlage="2013-09-11 00:00:00.0" ObKeinKontakt="1" ObjArtID="1" Merkmal="0.0" ObjInfo="G.Diekmann und M.Palmer Mannheim Rathenaustraße 6"/>
  <Objekte ObjID="10230" ObjAufnahme="1998-05-08" ObjStrasseID="8137" ObjHausnummer="Schwarzer Bär 2" ObjVorlage="2013-09-11 00:00:00.0" ObKeinKontakt="1" ObjArtID="1" Merkmal="0.0" ObjInfo="F.Fricke Empelde"/>
  <Objekte ObjID="10231" ObjAufnahme="1998-05-08" ObjStrasseID="8137" ObjHausnummer="Schwarzer Bär 3" ObjVorlage="2013-09-11 00:00:00.0" ObKeinKontakt="1" ObjArtID="1" Merkmal="0.0" ObjInfo="A.Henniges Limmerstraße 55"/>
  <Objekte ObjID="10232" ObjAufnahme="1998-05-08" ObjStrasseID="8137" ObjHausnummer="Schwarzer Bär 5" ObjVorlage="2013-09-11 00:00:00.0" ObKeinKontakt="1" ObjArtID="1" Merkmal="0.0" ObjInfo="Dr. W.Rosse Waldhausen, Güntherstraße 21 A"/>
  <Objekte ObjID="10233" ObjAufnahme="1998-05-08" ObjStrasseID="8137" ObjHausnummer="Schwarzer Bär 6" ObjVorlage="2013-09-11 00:00:00.0" ObKeinKontakt="1" ObjArtID="1" Merkmal="0.0" ObjInfo="Eigentumswohnungen"/>
  <Objekte ObjID="10234" ObjAufnahme="1998-05-08" ObjStrasseID="8137" ObjHausnummer="Schwarzer Bär 7" ObjVorlage="2013-09-11 00:00:00.0" ObKeinKontakt="1" ObjArtID="1" Merkmal="0.0" ObjInfo="R.Greiser Lemgo/Lippe Grevenmarsch 44"/>
  <Objekte ObjID="10235" ObjAufnahme="1998-05-08" ObjStrasseID="8137" ObjHausnummer="Schwarzer Bär 8" ObjVorlage="2013-09-11 00:00:00.0" ObKeinKontakt="1" ObjArtID="1" Merkmal="0.0" ObjInfo="mecklenburg. Versicherungsgesellschaft Auf dem Emmerberge 23/27"/>
  <Objekte ObjID="10236" ObjAufnahme="1998-05-08" ObjStrasseID="5684" ObjHausnummer="Am Marstall 1" ObjVorlage="2013-09-11 00:00:00.0" ObKeinKontakt="1" ObjArtID="1" Merkmal="0.0"/>
  <Objekte ObjID="10237" ObjAufnahme="1998-05-08" ObjStrasseID="5684" ObjHausnummer="Am Marstall 2" ObjVorlage="2013-09-11 00:00:00.0" ObKeinKontakt="1" ObjArtID="1" Merkmal="0.0" ObjInfo="Kölnische Lebensversicherung"/>
  <Objekte ObjID="10238" ObjAufnahme="1998-05-08" ObjStrasseID="5684" ObjHausnummer="Am Marstall 3" ObjVorlage="2013-09-11 00:00:00.0" ObKeinKontakt="1" ObjArtID="1" Merkmal="0.0" ObjInfo="E.Bullwinkel"/>
  <Objekte ObjID="10239" ObjAufnahme="1998-05-08" ObjStrasseID="5684" ObjHausnummer="Am Marstall 4" ObjVorlage="2013-09-11 00:00:00.0" ObKeinKontakt="1" ObjArtID="1" Merkmal="0.0" ObjInfo="M.Burghard"/>
  <Objekte ObjID="10240" ObjAufnahme="1998-05-08" ObjStrasseID="5684" ObjHausnummer="Am Marstall 5" ObjVorlage="2013-09-11 00:00:00.0" ObKeinKontakt="1" ObjArtID="1" Merkmal="0.0" ObjInfo="Martha warneke"/>
  <Objekte ObjID="10241" ObjAufnahme="1998-05-08" ObjStrasseID="5684" ObjHausnummer="Am Marstall 6" ObjVorlage="2013-09-11 00:00:00.0" ObKeinKontakt="1" ObjArtID="1" Merkmal="0.0" ObjInfo="U.P.Keller Perreux Neuchatel, Uta keller Salenstein Schweiz"/>
  <Objekte ObjID="10242" ObjAufnahme="1998-05-08" ObjStrasseID="5684" ObjHausnummer="Am Marstall 7" ObjVorlage="2013-09-11 00:00:00.0" ObKeinKontakt="1" ObjArtID="1" Merkmal="0.0" ObjInfo="Dorothea grefe Hammersteinstr 2"/>
  <Objekte ObjID="10243" ObjAufnahme="1998-05-08" ObjStrasseID="5684" ObjHausnummer="Am Marstall 8" ObjVorlage="2013-09-11 00:00:00.0" ObKeinKontakt="1" ObjArtID="1" Merkmal="0.0" ObjInfo="H.Langwost Sedanstr 68"/>
  <Objekte ObjID="10244" ObjAufnahme="1998-05-08" ObjStrasseID="5684" ObjHausnummer="Am Marstall 9" ObjVorlage="2013-09-11 00:00:00.0" ObKeinKontakt="1" ObjArtID="1" Merkmal="0.0" ObjInfo="H.Fischer Schierhorn 5"/>
  <Objekte ObjID="10245" ObjAufnahme="1998-05-08" ObjStrasseID="5684" ObjHausnummer="Am Marstall 10" ObjVorlage="2013-09-11 00:00:00.0" ObKeinKontakt="1" ObjArtID="1" Merkmal="0.0" ObjInfo="H.langwost Sedanstraße 68"/>
  <Objekte ObjID="10246" ObjAufnahme="1998-05-08" ObjStrasseID="5684" ObjHausnummer="Am Marstall 11" ObjVorlage="2013-09-11 00:00:00.0" ObKeinKontakt="1" ObjArtID="1" Merkmal="0.0" ObjInfo="H.Fastje Erben"/>
  <Objekte ObjID="10247" ObjAufnahme="1998-05-08" ObjStrasseID="5684" ObjHausnummer="Am Marstall 13" ObjVorlage="2013-09-11 00:00:00.0" ObKeinKontakt="1" ObjArtID="1" Merkmal="0.0" ObjInfo="H.Fastje Erben"/>
  <Objekte ObjID="10248" ObjAufnahme="1998-05-08" ObjStrasseID="5684" ObjHausnummer="Am Marstall 14" ObjVorlage="2013-09-11 00:00:00.0" ObKeinKontakt="1" ObjArtID="1" Merkmal="0.0" ObjInfo="M.L.Elgeti, Löwenstraße 20"/>
  <Objekte ObjID="10249" ObjAufnahme="1998-05-08" ObjStrasseID="5684" ObjHausnummer="Am Marstall 15" ObjVorlage="2013-09-11 00:00:00.0" ObKeinKontakt="1" ObjArtID="1" Merkmal="0.0" ObjInfo="Grundstücksgemeinschaft Am marstall 15"/>
  <Objekte ObjID="10250" ObjAufnahme="1998-05-08" ObjStrasseID="5684" ObjHausnummer="Am Marstall 16" ObjVorlage="2013-09-11 00:00:00.0" ObKeinKontakt="1" ObjArtID="1" Merkmal="0.0" ObjInfo="Ingeborg Böttcher Bodenteich"/>
  <Objekte ObjID="10251" ObjAufnahme="1998-05-08" ObjStrasseID="5684" ObjHausnummer="Am Marstall 17" ObjVorlage="2013-09-11 00:00:00.0" ObKeinKontakt="1" ObjArtID="1" Merkmal="0.0" ObjInfo="J.Pechmeyer"/>
  <Objekte ObjID="10252" ObjAufnahme="1998-05-08" ObjStrasseID="5684" ObjHausnummer="Am Marstall 18" ObjVorlage="2013-09-11 00:00:00.0" ObKeinKontakt="1" ObjArtID="1" Merkmal="0.0" ObjInfo="Walter Koch Schleiermacherstraße 11"/>
  <Objekte ObjID="10253" ObjAufnahme="1998-05-08" ObjStrasseID="5684" ObjHausnummer="Am Marstall 19" ObjVorlage="2013-09-11 00:00:00.0" ObKeinKontakt="1" ObjArtID="1" Merkmal="0.0" ObjInfo="E.G.Bertram"/>
  <Objekte ObjID="10254" ObjAufnahme="1998-05-08" ObjStrasseID="5684" ObjHausnummer="Am Marstall 20" ObjVorlage="2013-09-11 00:00:00.0" ObKeinKontakt="1" ObjArtID="1" Merkmal="0.0" ObjInfo="Walter Koch"/>
  <Objekte ObjID="10255" ObjAufnahme="1998-05-08" ObjLetztKontakt="2013-01-15" ObjStrasseID="5684" ObjHausnummer="Am Marstall 21" ObjVorlage="2013-09-11 00:00:00.0" ObKeinKontakt="1" ObjArtID="1" Merkmal="0.0" ObjInfo="Gertie Bazand calenberger Straße 9&#xD;&#xA;Herr Keimer &#xD;&#xA;01717866160&#xD;&#xA;kein Verkauf&#xD;&#xA;kauft aber Zentrum List Südstadt"/>
  <Objekte ObjID="10256" ObjAufnahme="1998-05-08" ObjStrasseID="5684" ObjHausnummer="Am Marstall 22" ObjVorlage="2013-09-11 00:00:00.0" ObKeinKontakt="1" ObjArtID="1" Merkmal="0.0" ObjInfo="Walter Koch"/>
  <Objekte ObjID="10257" ObjAufnahme="1998-05-08" ObjStrasseID="5684" ObjHausnummer="Am Marstall 23" ObjVorlage="2013-09-11 00:00:00.0" ObKeinKontakt="1" ObjArtID="1" Merkmal="0.0" ObjInfo="I.kaufmann"/>
  <Objekte ObjID="10258" ObjAufnahme="1998-05-08" ObjStrasseID="5684" ObjHausnummer="Am Marstall 24" ObjVorlage="2013-09-11 00:00:00.0" ObKeinKontakt="1" ObjArtID="1" Merkmal="0.0" ObjInfo="Walter Koch"/>
  <Objekte ObjID="10259" ObjAufnahme="1998-05-08" ObjStrasseID="5684" ObjHausnummer="Am Marstall 25" ObjVorlage="2013-09-11 00:00:00.0" ObKeinKontakt="1" ObjArtID="1" Merkmal="0.0" ObjInfo="Die heilsarmee GmbH Köln Salierring 23-27"/>
  <Objekte ObjID="10260" ObjAufnahme="1998-05-03" ObjStrasseID="6401" ObjHausnummer="Fenskestraße 36" ObjVorlage="2013-09-11 00:00:00.0" ObKeinKontakt="1" ObjArtID="1" Merkmal="0.0"/>
  <Objekte ObjID="10261" ObjAufnahme="1998-05-04" ObjStrasseID="6401" ObjHausnummer="Fenskestraße 38" ObjVorlage="2013-09-11 00:00:00.0" ObKeinKontakt="1" ObjArtID="1" Merkmal="0.0"/>
  <Objekte ObjID="10262" ObjAufnahme="1998-05-04" ObjStrasseID="6401" ObjHausnummer="Fenskestraße 40" ObjVorlage="2013-09-11 00:00:00.0" ObKeinKontakt="1" ObjArtID="1" Merkmal="0.0"/>
  <Objekte ObjID="10263" ObjAufnahme="1998-05-04" ObjStrasseID="6401" ObjHausnummer="Fenskestraße 42" ObjVorlage="2013-09-11 00:00:00.0" ObKeinKontakt="1" ObjArtID="1" Merkmal="0.0"/>
  <Objekte ObjID="10264" ObjAufnahme="1998-05-04" ObjStrasseID="6401" ObjHausnummer="Fenskestraße 44" ObjVorlage="2013-09-11 00:00:00.0" ObKeinKontakt="1" ObjArtID="1" Merkmal="0.0"/>
  <Objekte ObjID="10265" ObjAufnahme="1998-05-04" ObjStrasseID="6401" ObjHausnummer="Fenskestraße 46" ObjVorlage="2013-09-11 00:00:00.0" ObKeinKontakt="1" ObjArtID="1" Merkmal="0.0"/>
  <Objekte ObjID="10266" ObjAufnahme="1998-05-04" ObjStrasseID="6401" ObjHausnummer="Fenskestraße 48" ObjVorlage="2013-09-11 00:00:00.0" ObKeinKontakt="1" ObjArtID="1" Merkmal="0.0"/>
  <Objekte ObjID="10267" ObjAufnahme="1998-05-04" ObjStrasseID="6401" ObjHausnummer="Fenskestraße 50" ObjVorlage="2013-09-11 00:00:00.0" ObKeinKontakt="1" ObjArtID="1" Merkmal="0.0"/>
  <Objekte ObjID="10268" ObjAufnahme="1998-05-04" ObjStrasseID="6401" ObjHausnummer="Fenskestraße 52" ObjVorlage="2013-09-11 00:00:00.0" ObKeinKontakt="1" ObjArtID="1" Merkmal="0.0"/>
  <Objekte ObjID="10269" ObjAufnahme="1998-05-04" ObjStrasseID="5809" ObjHausnummer="Apenrader Straße 39" ObjVorlage="2013-09-11 00:00:00.0" ObKeinKontakt="1" ObjArtID="1" Merkmal="0.0"/>
  <Objekte ObjID="10270" ObjAufnahme="1998-05-04" ObjStrasseID="5809" ObjHausnummer="Apenrader Straße 31A" ObjVorlage="2013-09-11 00:00:00.0" ObKeinKontakt="1" ObjArtID="1" Merkmal="0.0"/>
  <Objekte ObjID="10271" ObjAufnahme="1998-05-04" ObjStrasseID="5909" ObjHausnummer="Bennostraße 8" ObjVorlage="2013-09-11 00:00:00.0" ObKeinKontakt="1" ObjArtID="1" Merkmal="0.0"/>
  <Objekte ObjID="10272" ObjAufnahme="1998-05-04" ObjStrasseID="5909" ObjHausnummer="Bennostraße 10" ObjVorlage="2013-09-11 00:00:00.0" ObKeinKontakt="1" ObjArtID="1" Merkmal="0.0"/>
  <Objekte ObjID="10273" ObjAufnahme="1998-05-04" ObjStrasseID="5909" ObjHausnummer="Bennostraße 12" ObjVorlage="2013-09-11 00:00:00.0" ObKeinKontakt="1" ObjArtID="1" Merkmal="0.0"/>
  <Objekte ObjID="10274" ObjAufnahme="1998-05-04" ObjStrasseID="5909" ObjHausnummer="Bennostraße 14" ObjVorlage="2013-09-11 00:00:00.0" ObKeinKontakt="1" ObjArtID="1" Merkmal="0.0"/>
  <Objekte ObjID="10275" ObjAufnahme="1998-05-04" ObjStrasseID="6837" ObjHausnummer="Hennigestraße 4" ObjVorlage="2013-09-11 00:00:00.0" ObKeinKontakt="1" ObjArtID="1" Merkmal="0.0"/>
  <Objekte ObjID="10276" ObjAufnahme="1998-05-04" ObjStrasseID="6837" ObjHausnummer="Hennigestraße 6" ObjVorlage="2013-09-11 00:00:00.0" ObKeinKontakt="1" ObjArtID="1" Merkmal="0.0"/>
  <Objekte ObjID="10277" ObjAufnahme="1998-05-04" ObjStrasseID="6837" ObjHausnummer="Hennigestraße 8" ObjVorlage="2013-09-11 00:00:00.0" ObKeinKontakt="1" ObjArtID="1" Merkmal="0.0"/>
  <Objekte ObjID="10278" ObjAufnahme="1998-05-04" ObjStrasseID="6837" ObjHausnummer="Hennigestraße 10" ObjVorlage="2013-09-11 00:00:00.0" ObKeinKontakt="1" ObjArtID="1" Merkmal="0.0"/>
  <Objekte ObjID="10279" ObjAufnahme="1998-05-04" ObjStrasseID="8406" ObjHausnummer="Trautenauer Hof 2" ObjVorlage="2013-09-11 00:00:00.0" ObKeinKontakt="1" ObjArtID="1" Merkmal="0.0"/>
  <Objekte ObjID="10280" ObjAufnahme="1998-05-04" ObjStrasseID="8406" ObjHausnummer="Trautenauer Hof 4" ObjVorlage="2013-09-11 00:00:00.0" ObKeinKontakt="1" ObjArtID="1" Merkmal="0.0"/>
  <Objekte ObjID="10281" ObjAufnahme="1998-05-04" ObjStrasseID="8406" ObjHausnummer="Trautenauer Hof 8" ObjVorlage="2013-09-11 00:00:00.0" ObKeinKontakt="1" ObjArtID="1" Merkmal="0.0"/>
  <Objekte ObjID="10282" ObjAufnahme="1998-05-04" ObjStrasseID="8626" ObjHausnummer="Wilhelm-Bluhm-Straße 31" ObjVorlage="2013-09-11 00:00:00.0" ObKeinKontakt="1" ObjArtID="1" Merkmal="0.0"/>
  <Objekte ObjID="10283" ObjAufnahme="1998-05-04" ObjStrasseID="8626" ObjHausnummer="Wilhelm-Bluhm-Straße 33" ObjVorlage="2013-09-11 00:00:00.0" ObKeinKontakt="1" ObjArtID="1" Merkmal="0.0"/>
  <Objekte ObjID="10284" ObjAufnahme="1998-05-04" ObjStrasseID="8626" ObjHausnummer="Wilhelm-Bluhm-Straße 35" ObjVorlage="2013-09-11 00:00:00.0" ObKeinKontakt="1" ObjArtID="1" Merkmal="0.0"/>
  <Objekte ObjID="10285" ObjAufnahme="1998-05-04" ObjStrasseID="8626" ObjHausnummer="Wilhelm-Bluhm-Straße 37" ObjVorlage="2013-09-11 00:00:00.0" ObKeinKontakt="1" ObjArtID="1" Merkmal="0.0"/>
  <Objekte ObjID="10286" ObjAufnahme="1998-05-04" ObjStrasseID="5909" ObjHausnummer="Bennostraße 10A" ObjVorlage="2013-09-11 00:00:00.0" ObKeinKontakt="1" ObjArtID="1" Merkmal="0.0"/>
  <Objekte ObjID="10287" ObjAufnahme="1998-05-04" ObjStrasseID="8301" ObjHausnummer="Stockmannstraße 1" ObjVorlage="2013-09-11 00:00:00.0" ObKeinKontakt="1" ObjArtID="1" Merkmal="0.0"/>
  <Objekte ObjID="10288" ObjAufnahme="1998-05-04" ObjStrasseID="8301" ObjHausnummer="Stockmannstraße 9" ObjVorlage="2013-09-11 00:00:00.0" ObKeinKontakt="1" ObjArtID="1" Merkmal="0.0"/>
  <Objekte ObjID="10289" ObjAufnahme="1998-05-04" ObjStrasseID="8301" ObjHausnummer="Stockmannstraße 11" ObjVorlage="2013-09-11 00:00:00.0" ObKeinKontakt="1" ObjArtID="1" Merkmal="0.0"/>
  <Objekte ObjID="10290" ObjAufnahme="1998-05-04" ObjStrasseID="6660" ObjHausnummer="Grotestraße 13" ObjVorlage="2013-09-11 00:00:00.0" ObKeinKontakt="1" ObjArtID="1" Merkmal="0.0"/>
  <Objekte ObjID="10291" ObjAufnahme="1998-05-04" ObjStrasseID="6142" ObjHausnummer="Chamissostraße 2" ObjVorlage="2013-09-11 00:00:00.0" ObKeinKontakt="1" ObjArtID="1" Merkmal="0.0"/>
  <Objekte ObjID="10292" ObjAufnahme="1998-05-04" ObjStrasseID="6142" ObjHausnummer="Chamissostraße 3" ObjVorlage="2013-09-11 00:00:00.0" ObKeinKontakt="1" ObjArtID="1" Merkmal="0.0"/>
  <Objekte ObjID="10293" ObjAufnahme="1998-05-04" ObjStrasseID="6142" ObjHausnummer="Chamissostraße 4" ObjVorlage="2013-09-11 00:00:00.0" ObKeinKontakt="1" ObjArtID="1" Merkmal="0.0"/>
  <Objekte ObjID="10294" ObjAufnahme="1998-05-04" ObjStrasseID="6142" ObjHausnummer="Chamissostraße 5" ObjVorlage="2013-09-11 00:00:00.0" ObKeinKontakt="1" ObjArtID="1" Merkmal="0.0"/>
  <Objekte ObjID="10295" ObjAufnahme="1998-05-04" ObjStrasseID="6142" ObjHausnummer="Chamissostraße 17" ObjVorlage="2013-09-11 00:00:00.0" ObKeinKontakt="1" ObjArtID="1" Merkmal="0.0"/>
  <Objekte ObjID="10296" ObjAufnahme="1998-05-04" ObjStrasseID="6142" ObjHausnummer="Chamissostraße 17A" ObjVorlage="2013-09-11 00:00:00.0" ObKeinKontakt="1" ObjArtID="1" Merkmal="0.0"/>
  <Objekte ObjID="10297" ObjAufnahme="1998-05-04" ObjStrasseID="6142" ObjHausnummer="Chamissostraße 18" ObjVorlage="2013-09-11 00:00:00.0" ObKeinKontakt="1" ObjArtID="1" Merkmal="0.0"/>
  <Objekte ObjID="10298" ObjAufnahme="1998-05-04" ObjStrasseID="6142" ObjHausnummer="Chamissostraße 19" ObjVorlage="2013-09-11 00:00:00.0" ObKeinKontakt="1" ObjArtID="1" Merkmal="0.0"/>
  <Objekte ObjID="10299" ObjAufnahme="1998-05-04" ObjStrasseID="6142" ObjHausnummer="Chamissostraße 19A" ObjVorlage="2013-09-11 00:00:00.0" ObKeinKontakt="1" ObjArtID="1" Merkmal="0.0"/>
  <Objekte ObjID="10300" ObjAufnahme="1998-05-04" ObjStrasseID="6142" ObjHausnummer="Chamissostraße 20" ObjVorlage="2013-09-11 00:00:00.0" ObKeinKontakt="1" ObjArtID="1" Merkmal="0.0"/>
  <Objekte ObjID="10301" ObjAufnahme="1998-05-04" ObjStrasseID="6142" ObjHausnummer="Chamissostraße 21" ObjVorlage="2013-09-11 00:00:00.0" ObKeinKontakt="1" ObjArtID="1" Merkmal="0.0"/>
  <Objekte ObjID="10302" ObjAufnahme="1998-05-04" ObjStrasseID="6142" ObjHausnummer="Chamissostraße 22" ObjVorlage="2013-09-11 00:00:00.0" ObKeinKontakt="1" ObjArtID="1" Merkmal="0.0"/>
  <Objekte ObjID="10303" ObjAufnahme="1998-05-04" ObjStrasseID="6142" ObjHausnummer="Chamissostraße 23" ObjVorlage="2013-09-11 00:00:00.0" ObKeinKontakt="1" ObjArtID="1" Merkmal="0.0"/>
  <Objekte ObjID="10304" ObjAufnahme="1998-05-04" ObjStrasseID="6142" ObjHausnummer="Chamissostraße 24" ObjVorlage="2013-09-11 00:00:00.0" ObKeinKontakt="1" ObjArtID="1" Merkmal="0.0"/>
  <Objekte ObjID="10305" ObjAufnahme="1998-05-04" ObjStrasseID="8485" ObjHausnummer="Voltmerstraße 67" ObjVorlage="2013-09-11 00:00:00.0" ObKeinKontakt="1" ObjArtID="1" Merkmal="0.0"/>
  <Objekte ObjID="10306" ObjAufnahme="1998-05-04" ObjStrasseID="8485" ObjHausnummer="Voltmerstraße 69" ObjVorlage="2013-09-11 00:00:00.0" ObKeinKontakt="1" ObjArtID="1" Merkmal="0.0"/>
  <Objekte ObjID="10307" ObjAufnahme="1998-05-04" ObjStrasseID="8485" ObjHausnummer="Voltmerstraße 71" ObjVorlage="2013-09-11 00:00:00.0" ObKeinKontakt="1" ObjArtID="1" Merkmal="0.0"/>
  <Objekte ObjID="10308" ObjAufnahme="1998-05-04" ObjStrasseID="8485" ObjHausnummer="Voltmerstraße 71A" ObjVorlage="2013-09-11 00:00:00.0" ObKeinKontakt="1" ObjArtID="1" Merkmal="0.0"/>
  <Objekte ObjID="10309" ObjAufnahme="1998-05-04" ObjStrasseID="7405" ObjHausnummer="Lister Kirchweg 1" ObjVorlage="2013-09-11 00:00:00.0" ObKeinKontakt="1" ObjArtID="1" Merkmal="0.0"/>
  <Objekte ObjID="10310" ObjAufnahme="1998-05-04" ObjStrasseID="7405" ObjHausnummer="Lister Kirchweg 3" ObjVorlage="2013-09-11 00:00:00.0" ObKeinKontakt="1" ObjArtID="1" Merkmal="0.0"/>
  <Objekte ObjID="10311" ObjAufnahme="1998-05-04" ObjStrasseID="7405" ObjHausnummer="Lister Kirchweg 5" ObjVorlage="2013-09-11 00:00:00.0" ObKeinKontakt="1" ObjArtID="1" Merkmal="0.0"/>
  <Objekte ObjID="10312" ObjAufnahme="1998-05-05" ObjStrasseID="7405" ObjHausnummer="Lister Kirchweg 7" ObjVorlage="2013-09-11 00:00:00.0" ObKeinKontakt="1" ObjArtID="1" Merkmal="0.0"/>
  <Objekte ObjID="10313" ObjAufnahme="1998-05-06" ObjStrasseID="7405" ObjHausnummer="Lister Kirchweg 9" ObjVorlage="2013-09-11 00:00:00.0" ObKeinKontakt="1" ObjArtID="1" Merkmal="0.0"/>
  <Objekte ObjID="10314" ObjAufnahme="1998-05-06" ObjStrasseID="7405" ObjHausnummer="Lister Kirchweg 11" ObjVorlage="2013-09-11 00:00:00.0" ObKeinKontakt="1" ObjArtID="1" Merkmal="0.0"/>
  <Objekte ObjID="10315" ObjAufnahme="1998-05-06" ObjStrasseID="7405" ObjHausnummer="Lister Kirchweg 13" ObjVorlage="2013-09-11 00:00:00.0" ObKeinKontakt="1" ObjArtID="1" Merkmal="0.0"/>
  <Objekte ObjID="10316" ObjAufnahme="1998-05-06" ObjStrasseID="7405" ObjHausnummer="Lister Kirchweg 15" ObjVorlage="2013-09-11 00:00:00.0" ObKeinKontakt="1" ObjArtID="1" Merkmal="0.0"/>
  <Objekte ObjID="10317" ObjAufnahme="1998-05-06" ObjStrasseID="7405" ObjHausnummer="Lister Kirchweg 17" ObjVorlage="2013-09-11 00:00:00.0" ObKeinKontakt="1" ObjArtID="1" Merkmal="0.0"/>
  <Objekte ObjID="10318" ObjAufnahme="1998-05-06" ObjStrasseID="7405" ObjHausnummer="Lister Kirchweg 19" ObjVorlage="2013-09-11 00:00:00.0" ObKeinKontakt="1" ObjArtID="1" Merkmal="0.0"/>
  <Objekte ObjID="10319" ObjAufnahme="1998-05-06" ObjStrasseID="7405" ObjHausnummer="Lister Kirchweg 21" ObjVorlage="2013-09-11 00:00:00.0" ObKeinKontakt="1" ObjArtID="1" Merkmal="0.0"/>
  <Objekte ObjID="10320" ObjAufnahme="1998-05-06" ObjStrasseID="7405" ObjHausnummer="Lister Kirchweg 23" ObjVorlage="2013-09-11 00:00:00.0" ObKeinKontakt="1" ObjArtID="1" Merkmal="0.0"/>
  <Objekte ObjID="10321" ObjAufnahme="1998-05-07" ObjStrasseID="7405" ObjHausnummer="Lister Kirchweg 25" ObjVorlage="2013-09-11 00:00:00.0" ObKeinKontakt="1" ObjArtID="1" Merkmal="0.0"/>
  <Objekte ObjID="10322" ObjAufnahme="1998-05-07" ObjStrasseID="7405" ObjHausnummer="Lister Kirchweg 27" ObjVorlage="2013-09-11 00:00:00.0" ObKeinKontakt="1" ObjArtID="1" Merkmal="0.0"/>
  <Objekte ObjID="10323" ObjAufnahme="1998-05-07" ObjStrasseID="6786" ObjHausnummer="Heidornstraße 8" ObjVorlage="2013-09-11 00:00:00.0" ObKeinKontakt="1" ObjArtID="1" Merkmal="0.0"/>
  <Objekte ObjID="10324" ObjAufnahme="1998-05-08" ObjStrasseID="6786" ObjHausnummer="Heidornstraße 10" ObjVorlage="2013-09-11 00:00:00.0" ObKeinKontakt="1" ObjArtID="1" Merkmal="0.0"/>
  <Objekte ObjID="10325" ObjAufnahme="1998-05-08" ObjStrasseID="6786" ObjHausnummer="Heidornstraße 12" ObjVorlage="2013-09-11 00:00:00.0" ObKeinKontakt="1" ObjArtID="1" Merkmal="0.0"/>
  <Objekte ObjID="10326" ObjAufnahme="1998-05-08" ObjStrasseID="6786" ObjHausnummer="Heidornstraße 14" ObjVorlage="2013-09-11 00:00:00.0" ObKeinKontakt="1" ObjArtID="1" Merkmal="0.0"/>
  <Objekte ObjID="10327" ObjAufnahme="1998-05-08" ObjStrasseID="6786" ObjHausnummer="Heidornstraße 16" ObjVorlage="2013-09-11 00:00:00.0" ObKeinKontakt="1" ObjArtID="1" Merkmal="0.0"/>
  <Objekte ObjID="10328" ObjAufnahme="1998-05-08" ObjStrasseID="6786" ObjHausnummer="Heidornstraße 16A" ObjVorlage="2013-09-11 00:00:00.0" ObKeinKontakt="1" ObjArtID="1" Merkmal="0.0"/>
  <Objekte ObjID="10329" ObjAufnahme="1998-05-08" ObjStrasseID="6786" ObjHausnummer="Heidornstraße 16B" ObjVorlage="2013-09-11 00:00:00.0" ObKeinKontakt="1" ObjArtID="1" Merkmal="0.0"/>
  <Objekte ObjID="10330" ObjAufnahme="1998-05-08" ObjStrasseID="8232" ObjHausnummer="Spielhagenstraße 1" ObjVorlage="2013-09-11 00:00:00.0" ObKeinKontakt="1" ObjArtID="1" Merkmal="0.0"/>
  <Objekte ObjID="10331" ObjAufnahme="1998-05-08" ObjStrasseID="8232" ObjHausnummer="Spielhagenstraße 3" ObjVorlage="2013-09-11 00:00:00.0" ObKeinKontakt="1" ObjArtID="1" Merkmal="0.0"/>
  <Objekte ObjID="10332" ObjAufnahme="1998-05-08" ObjStrasseID="8232" ObjHausnummer="Spielhagenstraße 5" ObjVorlage="2013-09-11 00:00:00.0" ObKeinKontakt="1" ObjArtID="1" Merkmal="0.0"/>
  <Objekte ObjID="10333" ObjAufnahme="1998-05-08" ObjStrasseID="8232" ObjHausnummer="Spielhagenstraße 7" ObjVorlage="2013-09-11 00:00:00.0" ObKeinKontakt="1" ObjArtID="1" Merkmal="0.0"/>
  <Objekte ObjID="10334" ObjAufnahme="1998-05-08" ObjStrasseID="6134" ObjHausnummer="Cambridgeweg 87" ObjVorlage="2013-09-11 00:00:00.0" ObKeinKontakt="1" ObjArtID="1" Merkmal="0.0"/>
  <Objekte ObjID="10335" ObjAufnahme="1998-05-08" ObjStrasseID="6134" ObjHausnummer="Cambridgeweg 89" ObjVorlage="2013-09-11 00:00:00.0" ObKeinKontakt="1" ObjArtID="1" Merkmal="0.0"/>
  <Objekte ObjID="10336" ObjAufnahme="1998-05-08" ObjStrasseID="8316" ObjHausnummer="Strousbergstraße 9" ObjVorlage="2013-09-11 00:00:00.0" ObKeinKontakt="1" ObjArtID="1" Merkmal="0.0"/>
  <Objekte ObjID="10337" ObjAufnahme="1998-05-08" ObjStrasseID="5657" ObjHausnummer="Am Judenkirchhof 11" ObjVorlage="2013-09-11 00:00:00.0" ObKeinKontakt="1" ObjArtID="1" Merkmal="0.0"/>
  <Objekte ObjID="10338" ObjAufnahme="1998-05-08" ObjStrasseID="6087" ObjHausnummer="Brüggemannhof 1" ObjVorlage="2013-09-11 00:00:00.0" ObKeinKontakt="1" ObjArtID="1" Merkmal="0.0"/>
  <Objekte ObjID="10339" ObjAufnahme="1998-05-08" ObjStrasseID="6087" ObjHausnummer="Brüggemannhof 18" ObjVorlage="2013-09-11 00:00:00.0" ObKeinKontakt="1" ObjArtID="1" Merkmal="0.0"/>
  <Objekte ObjID="10340" ObjAufnahme="1998-05-08" ObjStrasseID="6087" ObjHausnummer="Brüggemannhof 19" ObjVorlage="2013-09-11 00:00:00.0" ObKeinKontakt="1" ObjArtID="1" Merkmal="0.0"/>
  <Objekte ObjID="10341" ObjAufnahme="1998-05-08" ObjStrasseID="6087" ObjHausnummer="Brüggemannhof 20" ObjVorlage="2013-09-11 00:00:00.0" ObKeinKontakt="1" ObjArtID="1" Merkmal="0.0"/>
  <Objekte ObjID="10342" ObjAufnahme="1998-05-08" ObjStrasseID="6087" ObjHausnummer="Brüggemannhof 21" ObjVorlage="2013-09-11 00:00:00.0" ObKeinKontakt="1" ObjArtID="1" Merkmal="0.0"/>
  <Objekte ObjID="10343" ObjAufnahme="1998-05-08" ObjStrasseID="6087" ObjHausnummer="Brüggemannhof 22" ObjVorlage="2013-09-11 00:00:00.0" ObKeinKontakt="1" ObjArtID="1" Merkmal="0.0"/>
  <Objekte ObjID="10344" ObjAufnahme="1998-05-08" ObjStrasseID="6087" ObjHausnummer="Brüggemannhof 3" ObjVorlage="2013-09-11 00:00:00.0" ObKeinKontakt="1" ObjArtID="1" Merkmal="0.0"/>
  <Objekte ObjID="10345" ObjAufnahme="1998-05-08" ObjStrasseID="6087" ObjHausnummer="Brüggemannhof 4" ObjVorlage="2013-09-11 00:00:00.0" ObKeinKontakt="1" ObjArtID="1" Merkmal="0.0"/>
  <Objekte ObjID="10346" ObjAufnahme="1998-05-08" ObjStrasseID="6087" ObjHausnummer="Brüggemannhof 5" ObjVorlage="2013-09-11 00:00:00.0" ObKeinKontakt="1" ObjArtID="1" Merkmal="0.0"/>
  <Objekte ObjID="10347" ObjAufnahme="1998-05-08" ObjStrasseID="6087" ObjHausnummer="Brüggemannhof 6" ObjVorlage="2013-09-11 00:00:00.0" ObKeinKontakt="1" ObjArtID="1" Merkmal="0.0"/>
  <Objekte ObjID="10348" ObjAufnahme="1998-05-08" ObjStrasseID="6087" ObjHausnummer="Brüggemannhof 7" ObjVorlage="2013-09-11 00:00:00.0" ObKeinKontakt="1" ObjArtID="1" Merkmal="0.0"/>
  <Objekte ObjID="10349" ObjAufnahme="1998-05-08" ObjStrasseID="6087" ObjHausnummer="Brüggemannhof 8" ObjVorlage="2013-09-11 00:00:00.0" ObKeinKontakt="1" ObjArtID="1" Merkmal="0.0"/>
  <Objekte ObjID="10350" ObjAufnahme="1998-05-08" ObjStrasseID="6087" ObjHausnummer="Brüggemannhof 9" ObjVorlage="2013-09-11 00:00:00.0" ObKeinKontakt="1" ObjArtID="1" Merkmal="0.0"/>
  <Objekte ObjID="10351" ObjAufnahme="1998-05-08" ObjStrasseID="6087" ObjHausnummer="Brüggemannhof 10" ObjVorlage="2013-09-11 00:00:00.0" ObKeinKontakt="1" ObjArtID="1" Merkmal="0.0"/>
  <Objekte ObjID="10352" ObjAufnahme="1998-05-08" ObjStrasseID="6087" ObjHausnummer="Brüggemannhof 11" ObjVorlage="2013-09-11 00:00:00.0" ObKeinKontakt="1" ObjArtID="1" Merkmal="0.0"/>
  <Objekte ObjID="10353" ObjAufnahme="1998-05-08" ObjStrasseID="6087" ObjHausnummer="Brüggemannhof 12" ObjVorlage="2013-09-11 00:00:00.0" ObKeinKontakt="1" ObjArtID="1" Merkmal="0.0"/>
  <Objekte ObjID="10354" ObjAufnahme="1998-05-08" ObjStrasseID="6087" ObjHausnummer="Brüggemannhof 13" ObjVorlage="2013-09-11 00:00:00.0" ObKeinKontakt="1" ObjArtID="1" Merkmal="0.0"/>
  <Objekte ObjID="10355" ObjAufnahme="1998-05-08" ObjStrasseID="6087" ObjHausnummer="Brüggemannhof 14" ObjVorlage="2013-09-11 00:00:00.0" ObKeinKontakt="1" ObjArtID="1" Merkmal="0.0"/>
  <Objekte ObjID="10356" ObjAufnahme="1998-05-08" ObjStrasseID="6087" ObjHausnummer="Brüggemannhof 15" ObjVorlage="2013-09-11 00:00:00.0" ObKeinKontakt="1" ObjArtID="1" Merkmal="0.0"/>
  <Objekte ObjID="10357" ObjAufnahme="1998-05-08" ObjStrasseID="6087" ObjHausnummer="Brüggemannhof 17" ObjVorlage="2013-09-11 00:00:00.0" ObKeinKontakt="1" ObjArtID="1" Merkmal="0.0"/>
  <Objekte ObjID="10358" ObjAufnahme="1998-05-08" ObjStrasseID="6087" ObjHausnummer="Brüggemannhof 2" ObjVorlage="2013-09-11 00:00:00.0" ObKeinKontakt="1" ObjArtID="1" Merkmal="0.0"/>
  <Objekte ObjID="10359" ObjAufnahme="1998-05-08" ObjStrasseID="6087" ObjHausnummer="Brüggemannhof 16" ObjVorlage="2013-09-11 00:00:00.0" ObKeinKontakt="1" ObjArtID="1" Merkmal="0.0"/>
  <Objekte ObjID="10360" ObjAufnahme="1998-05-08" ObjStrasseID="5814" ObjHausnummer="Arndtstraße 16" ObjVorlage="2013-09-11 00:00:00.0" ObKeinKontakt="1" ObjArtID="1" Merkmal="0.0"/>
  <Objekte ObjID="10361" ObjAufnahme="1998-05-08" ObjStrasseID="5814" ObjHausnummer="Arndtstraße 18" ObjVorlage="2013-09-11 00:00:00.0" ObKeinKontakt="1" ObjArtID="1" Merkmal="0.0"/>
  <Objekte ObjID="10362" ObjAufnahme="1998-05-08" ObjStrasseID="5814" ObjHausnummer="Arndtstraße 22" ObjVorlage="2013-09-11 00:00:00.0" ObKeinKontakt="1" ObjArtID="1" Merkmal="0.0"/>
  <Objekte ObjID="10363" ObjAufnahme="1998-05-08" ObjStrasseID="8313" ObjHausnummer="Striehlstraße 2" ObjVorlage="2013-09-11 00:00:00.0" ObKeinKontakt="1" ObjArtID="1" Merkmal="0.0"/>
  <Objekte ObjID="10364" ObjAufnahme="1998-05-08" ObjStrasseID="6706" ObjHausnummer="Hainhölzer Straße 15" ObjVorlage="2013-09-11 00:00:00.0" ObKeinKontakt="1" ObjArtID="1" Merkmal="0.0"/>
  <Objekte ObjID="10365" ObjAufnahme="1998-05-08" ObjStrasseID="6706" ObjHausnummer="Hainhölzer Straße 17" ObjVorlage="2013-09-11 00:00:00.0" ObKeinKontakt="1" ObjArtID="1" Merkmal="0.0"/>
  <Objekte ObjID="10366" ObjAufnahme="1998-05-08" ObjStrasseID="6706" ObjHausnummer="Hainhölzer Straße 19" ObjVorlage="2013-09-11 00:00:00.0" ObKeinKontakt="1" ObjArtID="1" Merkmal="0.0"/>
  <Objekte ObjID="10367" ObjAufnahme="1998-05-08" ObjStrasseID="6706" ObjHausnummer="Hainhölzer Straße 21" ObjVorlage="2013-09-11 00:00:00.0" ObKeinKontakt="1" ObjArtID="1" Merkmal="0.0"/>
  <Objekte ObjID="10368" ObjAufnahme="1998-05-08" ObjStrasseID="6706" ObjHausnummer="Hainhölzer Straße 23" ObjVorlage="2013-09-11 00:00:00.0" ObKeinKontakt="1" ObjArtID="1" Merkmal="0.0"/>
  <Objekte ObjID="10369" ObjAufnahme="1998-05-08" ObjStrasseID="8313" ObjHausnummer="Striehlstraße 4" ObjVorlage="2013-09-11 00:00:00.0" ObKeinKontakt="1" ObjArtID="1" Merkmal="0.0"/>
  <Objekte ObjID="10370" ObjAufnahme="1998-05-08" ObjStrasseID="8313" ObjHausnummer="Striehlstraße 6" ObjVorlage="2013-09-11 00:00:00.0" ObKeinKontakt="1" ObjArtID="1" Merkmal="0.0"/>
  <Objekte ObjID="10372" ObjAufnahme="1998-05-11" ObjStrasseID="7218" ObjHausnummer="Königstraße 6A" ObjVorlage="2013-09-11 00:00:00.0" ObKeinKontakt="1" ObjArtID="1" Merkmal="0.0"/>
  <Objekte ObjID="10373" ObjAufnahme="1998-05-11" ObjStrasseID="7218" ObjHausnummer="Königstraße 13" ObjVorlage="2013-09-11 00:00:00.0" ObKeinKontakt="1" ObjArtID="1" Merkmal="0.0"/>
  <Objekte ObjID="10374" ObjAufnahme="1998-05-11" ObjStrasseID="7218" ObjHausnummer="Königstraße 50A" ObjVorlage="2013-09-11 00:00:00.0" ObKeinKontakt="1" ObjArtID="1" Merkmal="0.0"/>
  <Objekte ObjID="10375" ObjAufnahme="1998-05-11" ObjStrasseID="7218" ObjHausnummer="Königstraße 53A" ObjVorlage="2013-09-11 00:00:00.0" ObKeinKontakt="1" ObjArtID="1" Merkmal="0.0" ObjInfo="aufgeteilt z.B. Morcinski"/>
  <Objekte ObjID="10376" ObjAufnahme="1998-05-13" ObjLetztKontakt="1998-05-13" ObjStrasseID="8942" ObjHausnummer="Zum Klay 1" ObjVorlage="2013-09-11 00:00:00.0" ObKeinKontakt="5" ObjArtID="8" Merkmal="0.0" ObjInfo="Angebot aus 1996/1-2 Fam.Haus+Schenne/1,5 Mio."/>
  <Objekte ObjID="10377" ObjAufnahme="1998-05-13" ObjLetztKontakt="1998-05-13" ObjStrasseID="7199" ObjHausnummer="Kochstraße 6" ObjVorlage="2013-09-11 00:00:00.0" ObKeinKontakt="1" ObjArtID="1" Merkmal="0.0"/>
  <Objekte ObjID="10378" ObjAufnahme="1998-05-13" ObjLetztKontakt="1998-05-13" ObjStrasseID="7560" ObjHausnummer="Molthanstraße 5" ObjVorlage="2013-09-11 00:00:00.0" ObKeinKontakt="1" ObjArtID="1" Merkmal="0.0"/>
  <Objekte ObjID="10379" ObjAufnahme="1998-05-13" ObjLetztKontakt="1998-05-13" ObjStrasseID="7710" ObjHausnummer="Ottenstraße 5" ObjVorlage="2013-09-11 00:00:00.0" ObKeinKontakt="1" ObjArtID="1" Merkmal="0.0"/>
  <Objekte ObjID="10380" ObjAufnahme="1998-05-13" ObjLetztKontakt="1998-05-13" ObjStrasseID="8944" ObjHausnummer="Bürgermeister-Ewert-Straße 7" ObjVorlage="2013-09-11 00:00:00.0" ObKeinKontakt="1" ObjArtID="1" Merkmal="0.0"/>
  <Objekte ObjID="10381" ObjAufnahme="1998-05-13" ObjLetztKontakt="1998-05-13" ObjStrasseID="5837" ObjHausnummer="Auf dem Loh 20" ObjVorlage="2013-09-11 00:00:00.0" ObKeinKontakt="1" ObjArtID="1" Merkmal="0.0"/>
  <Objekte ObjID="10382" ObjAufnahme="1998-05-13" ObjLetztKontakt="1998-05-13" ObjStrasseID="7560" ObjHausnummer="Molthanstraße 17" ObjVorlage="2013-09-11 00:00:00.0" ObKeinKontakt="1" ObjArtID="1" Merkmal="0.0"/>
  <Objekte ObjID="10383" ObjAufnahme="1998-05-13" ObjLetztKontakt="1998-05-13" ObjStrasseID="6031" ObjHausnummer="Börnestraße 6" ObjVorlage="2013-09-11 00:00:00.0" ObKeinKontakt="1" ObjArtID="1" Merkmal="0.0"/>
  <Objekte ObjID="10384" ObjAufnahme="1998-05-13" ObjLetztKontakt="1998-05-13" ObjStrasseID="7933" ObjHausnummer="Röntgenstraße 4" ObjVorlage="2013-09-11 00:00:00.0" ObKeinKontakt="1" ObjArtID="1" Merkmal="0.0"/>
  <Objekte ObjID="10385" ObjAufnahme="1998-05-13" ObjLetztKontakt="1998-05-13" ObjStrasseID="7131" ObjHausnummer="Kaulbachstraße 6" ObjVorlage="2013-09-11 00:00:00.0" ObKeinKontakt="1" ObjArtID="1" Merkmal="0.0"/>
  <Objekte ObjID="10386" ObjAufnahme="1998-05-13" ObjLetztKontakt="1998-05-13" ObjStrasseID="7670" ObjHausnummer="Oeltzenstraße 8" ObjVorlage="2013-09-11 00:00:00.0" ObKeinKontakt="1" ObjArtID="1" Merkmal="0.0"/>
  <Objekte ObjID="10387" ObjAufnahme="1998-05-13" ObjLetztKontakt="1998-05-13" ObjStrasseID="8439" ObjHausnummer="Ulrichstraße 4" ObjVorlage="2013-09-11 00:00:00.0" ObKeinKontakt="1" ObjArtID="1" Merkmal="0.0"/>
  <Objekte ObjID="10388" ObjAufnahme="1998-05-13" ObjLetztKontakt="1998-05-13" ObjStrasseID="8439" ObjHausnummer="Ulrichstraße 4A" ObjVorlage="2013-09-11 00:00:00.0" ObKeinKontakt="1" ObjArtID="1" Merkmal="0.0"/>
  <Objekte ObjID="10389" ObjAufnahme="1998-05-13" ObjLetztKontakt="1998-05-13" ObjStrasseID="8551" ObjHausnummer="Weidendamm 27" ObjVorlage="2013-09-11 00:00:00.0" ObKeinKontakt="1" ObjArtID="1" Merkmal="0.0"/>
  <Objekte ObjID="10390" ObjAufnahme="1998-05-13" ObjLetztKontakt="1998-05-13" ObjStrasseID="6779" ObjHausnummer="Hegelstraße 6" ObjVorlage="2013-09-11 00:00:00.0" ObKeinKontakt="1" ObjArtID="1" Merkmal="0.0"/>
  <Objekte ObjID="10391" ObjAufnahme="1998-05-13" ObjLetztKontakt="1998-05-13" ObjStrasseID="6765" ObjHausnummer="Hauptstraße 43" ObjVorlage="2013-09-11 00:00:00.0" ObKeinKontakt="1" ObjArtID="1" Merkmal="0.0"/>
  <Objekte ObjID="10392" ObjAufnahme="1998-05-13" ObjLetztKontakt="1998-05-13" ObjStrasseID="5833" ObjHausnummer="Auf dem Hollen 24" ObjVorlage="2013-09-11 00:00:00.0" ObKeinKontakt="1" ObjArtID="1" Merkmal="0.0"/>
  <Objekte ObjID="10393" ObjAufnahme="1998-05-13" ObjLetztKontakt="1998-05-13" ObjStrasseID="8336" ObjHausnummer="Sutelstraße 67" ObjVorlage="2013-09-11 00:00:00.0" ObKeinKontakt="1" ObjArtID="1" Merkmal="0.0"/>
  <Objekte ObjID="10394" ObjAufnahme="1998-05-13" ObjLetztKontakt="1998-05-13" ObjStrasseID="5625" ObjHausnummer="Am Forstkamp 6" ObjVorlage="2013-09-11 00:00:00.0" ObKeinKontakt="1" ObjArtID="1" Merkmal="0.0"/>
  <Objekte ObjID="10395" ObjAufnahme="1998-05-13" ObjLetztKontakt="1998-05-13" ObjStrasseID="5708" ObjHausnummer="Am Soltekampe 73" ObjVorlage="2013-09-11 00:00:00.0" ObKeinKontakt="1" ObjArtID="1" Merkmal="0.0"/>
  <Objekte ObjID="10396" ObjAufnahme="1998-05-13" ObjLetztKontakt="1998-05-13" ObjStrasseID="8790" ObjHausnummer="Am Tönniesberg 14" ObjVorlage="2013-09-11 00:00:00.0" ObKeinKontakt="1" ObjArtID="1" Merkmal="0.0"/>
  <Objekte ObjID="10397" ObjAufnahme="1998-05-13" ObjLetztKontakt="1998-05-13" ObjStrasseID="5955" ObjHausnummer="Billweg 7" ObjVorlage="2013-09-11 00:00:00.0" ObKeinKontakt="1" ObjArtID="1" Merkmal="0.0"/>
  <Objekte ObjID="10398" ObjAufnahme="1998-05-13" ObjLetztKontakt="1998-05-13" ObjStrasseID="6057" ObjHausnummer="Brandestraße 9" ObjVorlage="2013-09-11 00:00:00.0" ObKeinKontakt="1" ObjArtID="1" Merkmal="0.0"/>
  <Objekte ObjID="10399" ObjAufnahme="1998-05-13" ObjLetztKontakt="1998-05-13" ObjStrasseID="6067" ObjHausnummer="Brehmstraße 25" ObjVorlage="2013-09-11 00:00:00.0" ObKeinKontakt="1" ObjArtID="1" Merkmal="0.0"/>
  <Objekte ObjID="10400" ObjAufnahme="1998-05-13" ObjLetztKontakt="1998-05-13" ObjStrasseID="8167" ObjHausnummer="Senator-Bauer-Straße 19" ObjVorlage="2013-09-11 00:00:00.0" ObKeinKontakt="1" ObjArtID="1" Merkmal="0.0"/>
  <Objekte ObjID="10401" ObjAufnahme="1998-05-13" ObjLetztKontakt="1998-05-13" ObjStrasseID="6246" ObjHausnummer="Dopmeyerhof 14" ObjVorlage="2013-09-11 00:00:00.0" ObKeinKontakt="1" ObjArtID="1" Merkmal="0.0"/>
  <Objekte ObjID="10402" ObjAufnahme="1998-05-13" ObjLetztKontakt="1998-05-13" ObjStrasseID="6262" ObjHausnummer="Dreihornstraße 7" ObjVorlage="2013-09-11 00:00:00.0" ObKeinKontakt="1" ObjArtID="1" Merkmal="0.0"/>
  <Objekte ObjID="10403" ObjAufnahme="1998-05-13" ObjLetztKontakt="1998-05-13" ObjStrasseID="6553" ObjHausnummer="Gernsstraße 34" ObjVorlage="2013-09-11 00:00:00.0" ObKeinKontakt="1" ObjArtID="1" Merkmal="0.0"/>
  <Objekte ObjID="10404" ObjAufnahme="1998-05-13" ObjLetztKontakt="1998-05-13" ObjStrasseID="6350" ObjHausnummer="Engelbosteler Damm 87" ObjVorlage="2013-09-11 00:00:00.0" ObKeinKontakt="1" ObjArtID="1" Merkmal="0.0"/>
  <Objekte ObjID="10405" ObjAufnahme="1998-05-13" ObjLetztKontakt="1998-05-13" ObjStrasseID="6376" ObjHausnummer="Eschenbachstraße 16" ObjVorlage="2013-09-11 00:00:00.0" ObKeinKontakt="1" ObjArtID="1" Merkmal="0.0"/>
  <Objekte ObjID="10406" ObjAufnahme="1998-05-13" ObjLetztKontakt="1998-05-13" ObjStrasseID="3494" ObjHausnummer="Freytagstraße 26" ObjVorlage="2013-09-11 00:00:00.0" ObKeinKontakt="1" ObjArtID="1" Merkmal="0.0" ObjInfo="und garagenanlage in Freytagstraße 32"/>
  <Objekte ObjID="10407" ObjAufnahme="1998-05-13" ObjLetztKontakt="1998-05-13" ObjStrasseID="6428" ObjHausnummer="Fliederstraße 7" ObjVorlage="2013-09-11 00:00:00.0" ObKeinKontakt="1" ObjArtID="1" Merkmal="0.0"/>
  <Objekte ObjID="10408" ObjAufnahme="1998-05-13" ObjLetztKontakt="1998-05-13" ObjStrasseID="6437" ObjHausnummer="Fontainestraße 14" ObjVorlage="2013-09-11 00:00:00.0" ObKeinKontakt="1" ObjArtID="1" Merkmal="0.0"/>
  <Objekte ObjID="10409" ObjAufnahme="1998-05-13" ObjLetztKontakt="1998-05-13" ObjStrasseID="6479" ObjHausnummer="Friedrich-Ebert-Straße 44" ObjVorlage="2013-09-11 00:00:00.0" ObKeinKontakt="1" ObjArtID="1" Merkmal="0.0"/>
  <Objekte ObjID="10410" ObjAufnahme="1998-05-13" ObjLetztKontakt="1998-05-13" ObjStrasseID="6530" ObjHausnummer="Gehägestraße 13" ObjVorlage="2013-09-11 00:00:00.0" ObKeinKontakt="1" ObjArtID="1" Merkmal="0.0"/>
  <Objekte ObjID="10411" ObjAufnahme="1998-05-13" ObjLetztKontakt="1998-05-13" ObjStrasseID="6530" ObjHausnummer="Gehägestraße 13A" ObjVorlage="2013-09-11 00:00:00.0" ObKeinKontakt="1" ObjArtID="1" Merkmal="0.0"/>
  <Objekte ObjID="10412" ObjAufnahme="1998-05-13" ObjLetztKontakt="1998-05-13" ObjStrasseID="6553" ObjHausnummer="Gernsstraße 13" ObjVorlage="2013-09-11 00:00:00.0" ObKeinKontakt="1" ObjArtID="1" Merkmal="0.0"/>
  <Objekte ObjID="10413" ObjAufnahme="1998-05-13" ObjLetztKontakt="1998-05-13" ObjStrasseID="6645" ObjHausnummer="Groß-Buchholzer-Kirchweg 10" ObjVorlage="2013-09-11 00:00:00.0" ObKeinKontakt="1" ObjArtID="1" Merkmal="0.0"/>
  <Objekte ObjID="10414" ObjAufnahme="1998-05-13" ObjLetztKontakt="1998-05-13" ObjStrasseID="6721" ObjHausnummer="Hanebuthwinkel 7" ObjVorlage="2013-09-11 00:00:00.0" ObKeinKontakt="1" ObjArtID="1" Merkmal="0.0"/>
  <Objekte ObjID="10415" ObjAufnahme="1998-05-13" ObjLetztKontakt="1998-05-13" ObjStrasseID="7035" ObjHausnummer="Innstraße 13" ObjVorlage="2013-09-11 00:00:00.0" ObKeinKontakt="1" ObjArtID="1" Merkmal="0.0"/>
  <Objekte ObjID="10416" ObjAufnahme="1998-05-13" ObjLetztKontakt="1998-05-13" ObjStrasseID="7131" ObjHausnummer="Kaulbachstraße 13" ObjVorlage="2013-09-11 00:00:00.0" ObKeinKontakt="1" ObjArtID="1" Merkmal="0.0"/>
  <Objekte ObjID="10417" ObjAufnahme="1998-05-13" ObjLetztKontakt="1998-05-13" ObjStrasseID="7131" ObjHausnummer="Kaulbachstraße 5" ObjVorlage="2013-09-11 00:00:00.0" ObKeinKontakt="1" ObjArtID="1" Merkmal="0.0"/>
  <Objekte ObjID="10418" ObjAufnahme="1998-05-13" ObjLetztKontakt="1998-05-13" ObjStrasseID="7168" ObjHausnummer="Klein-Buchholzer-Kirchweg 32" ObjVorlage="2013-09-11 00:00:00.0" ObKeinKontakt="1" ObjArtID="1" Merkmal="0.0"/>
  <Objekte ObjID="10419" ObjAufnahme="1998-05-13" ObjLetztKontakt="1998-05-13" ObjStrasseID="7168" ObjHausnummer="Klein-Buchholzer-Kirchweg 34" ObjVorlage="2013-09-11 00:00:00.0" ObKeinKontakt="1" ObjArtID="1" Merkmal="0.0"/>
  <Objekte ObjID="10420" ObjAufnahme="1998-05-14" ObjLetztKontakt="1998-05-14" ObjStrasseID="7237" ObjHausnummer="Kortumstraße 8" ObjVorlage="2013-09-11 00:00:00.0" ObKeinKontakt="1" ObjArtID="1" Merkmal="0.0"/>
  <Objekte ObjID="10421" ObjAufnahme="1998-05-14" ObjLetztKontakt="1998-05-14" ObjStrasseID="7200" ObjHausnummer="Kohlrauschstraße 4" ObjVorlage="2013-09-11 00:00:00.0" ObKeinKontakt="1" ObjArtID="1" Merkmal="0.0"/>
  <Objekte ObjID="10422" ObjAufnahme="1998-05-14" ObjLetztKontakt="1998-05-14" ObjStrasseID="6649" ObjHausnummer="Große Heide 2" ObjVorlage="2013-09-11 00:00:00.0" ObKeinKontakt="1" ObjArtID="1" Merkmal="0.0"/>
  <Objekte ObjID="10423" ObjAufnahme="1998-05-14" ObjLetztKontakt="1998-05-14" ObjStrasseID="7275" ObjHausnummer="Kugelfangtrift 61" ObjVorlage="2013-09-11 00:00:00.0" ObKeinKontakt="1" ObjArtID="1" Merkmal="0.0"/>
  <Objekte ObjID="10424" ObjAufnahme="1998-05-14" ObjLetztKontakt="1998-05-14" ObjStrasseID="7293" ObjHausnummer="Laher Kirchweg 73" ObjVorlage="2013-09-11 00:00:00.0" ObKeinKontakt="1" ObjArtID="1" Merkmal="0.0"/>
  <Objekte ObjID="10425" ObjAufnahme="1998-05-14" ObjLetztKontakt="1998-05-14" ObjStrasseID="7490" ObjHausnummer="Martinstraße 5" ObjVorlage="2013-09-11 00:00:00.0" ObKeinKontakt="1" ObjArtID="1" Merkmal="0.0"/>
  <Objekte ObjID="10426" ObjAufnahme="1998-05-14" ObjLetztKontakt="1998-05-14" ObjStrasseID="7308" ObjHausnummer="Langenforther Straße 32" ObjVorlage="2013-09-11 00:00:00.0" ObKeinKontakt="1" ObjArtID="1" Merkmal="0.0" ObjInfo="Herr Hans Schlott, Frau Griseldis Buechler"/>
  <Objekte ObjID="10427" ObjAufnahme="1998-05-14" ObjLetztKontakt="1998-05-14" ObjStrasseID="8949" ObjHausnummer="Im Riepenfelde 16" ObjVorlage="2013-09-11 00:00:00.0" ObKeinKontakt="5" ObjArtID="8" Merkmal="0.0" ObjInfo="520/185/80/760/Grg./Ke./73"/>
  <Objekte ObjID="10428" ObjAufnahme="1998-05-14" ObjLetztKontakt="1998-10-29" ObjStrasseID="7562" ObjHausnummer="Mommsenstraße 42" ObjVorlage="2013-09-11 00:00:00.0" ObKeinKontakt="2" ObjArtID="1" Merkmal="0.0"/>
  <Objekte ObjID="10429" ObjAufnahme="1998-05-14" ObjLetztKontakt="1998-05-14" ObjStrasseID="7589" ObjHausnummer="Münterstraße 3" ObjVorlage="2013-09-11 00:00:00.0" ObKeinKontakt="1" ObjArtID="1" Merkmal="0.0"/>
  <Objekte ObjID="10430" ObjAufnahme="1998-05-14" ObjLetztKontakt="1998-05-14" ObjStrasseID="7651" ObjHausnummer="Nordfeldstraße 21" ObjVorlage="2013-09-11 00:00:00.0" ObKeinKontakt="1" ObjArtID="1" Merkmal="0.0"/>
  <Objekte ObjID="10431" ObjAufnahme="1998-05-14" ObjLetztKontakt="1998-05-14" ObjStrasseID="7727" ObjHausnummer="Pappelbrink 7B" ObjVorlage="2013-09-11 00:00:00.0" ObKeinKontakt="1" ObjArtID="1" Merkmal="0.0"/>
  <Objekte ObjID="10432" ObjAufnahme="1998-05-14" ObjLetztKontakt="1998-05-14" ObjStrasseID="7887" ObjVorlage="2013-09-11 00:00:00.0" ObKeinKontakt="1" ObjArtID="1" Merkmal="0.0"/>
  <Objekte ObjID="10433" ObjAufnahme="1998-05-14" ObjLetztKontakt="1998-05-14" ObjStrasseID="8023" ObjHausnummer="Sallstraße 4" ObjVorlage="2013-09-11 00:00:00.0" ObKeinKontakt="1" ObjArtID="1" Merkmal="0.0"/>
  <Objekte ObjID="10434" ObjAufnahme="1998-05-14" ObjLetztKontakt="1998-05-14" ObjStrasseID="8074" ObjHausnummer="Schlägerstraße 13" ObjVorlage="2013-09-11 00:00:00.0" ObKeinKontakt="1" ObjArtID="1" Merkmal="0.0"/>
  <Objekte ObjID="10435" ObjAufnahme="1998-05-14" ObjLetztKontakt="1998-05-14" ObjStrasseID="8074" ObjHausnummer="Schlägerstraße 31" ObjVorlage="2013-09-11 00:00:00.0" ObKeinKontakt="1" ObjArtID="1" Merkmal="0.0"/>
  <Objekte ObjID="10436" ObjAufnahme="1998-05-14" ObjLetztKontakt="1998-05-14" ObjStrasseID="8079" ObjHausnummer="Schleiermacherstraße 26" ObjVorlage="2013-09-11 00:00:00.0" ObKeinKontakt="1" ObjArtID="1" Merkmal="0.0"/>
  <Objekte ObjID="10437" ObjAufnahme="1998-05-14" ObjLetztKontakt="1998-05-14" ObjStrasseID="8079" ObjHausnummer="Schleiermacherstraße 27" ObjVorlage="2013-09-11 00:00:00.0" ObKeinKontakt="1" ObjArtID="1" Merkmal="0.0"/>
  <Objekte ObjID="10438" ObjAufnahme="1998-05-14" ObjLetztKontakt="1998-05-14" ObjStrasseID="8065" ObjVorlage="2013-09-11 00:00:00.0" ObKeinKontakt="1" ObjArtID="1" Merkmal="0.0"/>
  <Objekte ObjID="10439" ObjAufnahme="1998-05-14" ObjLetztKontakt="1998-05-14" ObjStrasseID="8112" ObjHausnummer="Schuhstraße 11" ObjVorlage="2013-09-11 00:00:00.0" ObKeinKontakt="1" ObjArtID="1" Merkmal="0.0"/>
  <Objekte ObjID="10440" ObjAufnahme="1998-05-14" ObjLetztKontakt="1998-05-14" ObjStrasseID="8114" ObjHausnummer="Schulenburger Landstraße 52" ObjVorlage="2013-09-11 00:00:00.0" ObKeinKontakt="1" ObjArtID="1" Merkmal="0.0"/>
  <Objekte ObjID="10441" ObjAufnahme="1998-05-14" ObjLetztKontakt="1998-05-14" ObjStrasseID="8485" ObjHausnummer="Voltmerstraße 37" ObjVorlage="2013-09-11 00:00:00.0" ObKeinKontakt="1" ObjArtID="1" Merkmal="0.0"/>
  <Objekte ObjID="10442" ObjAufnahme="1998-05-15" ObjLetztKontakt="1998-05-15" ObjStrasseID="8154" ObjHausnummer="Seestraße 8" ObjVorlage="2013-09-11 00:00:00.0" ObKeinKontakt="1" ObjArtID="1" Merkmal="0.0"/>
  <Objekte ObjID="10443" ObjAufnahme="1998-05-15" ObjLetztKontakt="1998-05-15" ObjStrasseID="8160" ObjHausnummer="Seilerstraße 2" ObjVorlage="2013-09-11 00:00:00.0" ObKeinKontakt="1" ObjArtID="1" Merkmal="0.0"/>
  <Objekte ObjID="10444" ObjAufnahme="1998-05-15" ObjLetztKontakt="1998-05-15" ObjStrasseID="8160" ObjHausnummer="Seilerstraße 11" ObjVorlage="2013-09-11 00:00:00.0" ObKeinKontakt="1" ObjArtID="1" Merkmal="0.0"/>
  <Objekte ObjID="10445" ObjAufnahme="1998-05-15" ObjLetztKontakt="1998-05-15" ObjStrasseID="8160" ObjHausnummer="Seilerstraße 13" ObjVorlage="2013-09-11 00:00:00.0" ObKeinKontakt="1" ObjArtID="1" Merkmal="0.0"/>
  <Objekte ObjID="10446" ObjAufnahme="1998-05-15" ObjLetztKontakt="1998-05-15" ObjStrasseID="5958" ObjHausnummer="Birkenstraße 27" ObjVorlage="2013-09-11 00:00:00.0" ObKeinKontakt="1" ObjArtID="1" Merkmal="0.0"/>
  <Objekte ObjID="10447" ObjAufnahme="1998-05-15" ObjLetztKontakt="1998-05-15" ObjStrasseID="8161" ObjHausnummer="Seilwinderstraße 4" ObjVorlage="2013-09-11 00:00:00.0" ObKeinKontakt="1" ObjArtID="1" Merkmal="0.0" ObjInfo="Criee verwaltet für Carola Niemak-Geis"/>
  <Objekte ObjID="10448" ObjAufnahme="1998-05-15" ObjLetztKontakt="1998-05-15" ObjStrasseID="8161" ObjHausnummer="Seilwinderstraße 5" ObjVorlage="2013-09-11 00:00:00.0" ObKeinKontakt="1" ObjArtID="1" Merkmal="0.0" ObjInfo="Criee verwaltet für Carola Niemak-Geis"/>
  <Objekte ObjID="10449" ObjAufnahme="1998-05-15" ObjLetztKontakt="1998-05-15" ObjStrasseID="8167" ObjHausnummer="Senator-Bauer-Straße 1" ObjVorlage="2013-09-11 00:00:00.0" ObKeinKontakt="1" ObjArtID="1" Merkmal="0.0"/>
  <Objekte ObjID="10450" ObjAufnahme="1998-05-15" ObjLetztKontakt="1998-05-15" ObjStrasseID="8512" ObjHausnummer="Wallmodenstraße 26" ObjVorlage="2013-09-11 00:00:00.0" ObKeinKontakt="1" ObjArtID="1" Merkmal="0.0"/>
  <Objekte ObjID="10451" ObjAufnahme="1998-05-15" ObjLetztKontakt="1998-05-15" ObjStrasseID="8512" ObjHausnummer="Wallmodenstraße 28" ObjVorlage="2013-09-11 00:00:00.0" ObKeinKontakt="1" ObjArtID="1" Merkmal="0.0"/>
  <Objekte ObjID="10452" ObjAufnahme="1998-05-15" ObjLetztKontakt="1998-05-15" ObjStrasseID="8192" ObjHausnummer="Silberstraße 1" ObjVorlage="2013-09-11 00:00:00.0" ObKeinKontakt="1" ObjArtID="1" Merkmal="0.0"/>
  <Objekte ObjID="10453" ObjAufnahme="1998-05-15" ObjLetztKontakt="1998-05-15" ObjStrasseID="8194" ObjHausnummer="Simrockstraße 4" ObjVorlage="2013-09-11 00:00:00.0" ObKeinKontakt="1" ObjArtID="1" Merkmal="0.0"/>
  <Objekte ObjID="10454" ObjAufnahme="1998-05-15" ObjLetztKontakt="1998-05-15" ObjStrasseID="8194" ObjHausnummer="Simrockstraße 7" ObjVorlage="2013-09-11 00:00:00.0" ObKeinKontakt="1" ObjArtID="1" Merkmal="0.0"/>
  <Objekte ObjID="10455" ObjAufnahme="1998-05-15" ObjLetztKontakt="1998-10-15" ObjStrasseID="8215" ObjHausnummer="Sonnenweg 28" ObjVorlage="2013-09-11 00:00:00.0" ObKeinKontakt="2" ObjArtID="1" Merkmal="0.0"/>
  <Objekte ObjID="10456" ObjAufnahme="1998-05-15" ObjLetztKontakt="1998-10-15" ObjStrasseID="8215" ObjHausnummer="Sonnenweg 30" ObjVorlage="2013-09-11 00:00:00.0" ObKeinKontakt="1" ObjArtID="1" Merkmal="0.0"/>
  <Objekte ObjID="10457" ObjAufnahme="1998-05-15" ObjLetztKontakt="1998-05-15" ObjStrasseID="8273" ObjHausnummer="Steinmetzstraße 11C" ObjVorlage="2013-09-11 00:00:00.0" ObKeinKontakt="1" ObjArtID="1" Merkmal="0.0"/>
  <Objekte ObjID="10458" ObjAufnahme="1998-05-15" ObjLetztKontakt="1998-05-15" ObjStrasseID="8237" ObjHausnummer="Spinozastraße 2" ObjVorlage="2013-09-11 00:00:00.0" ObKeinKontakt="1" ObjArtID="1" Merkmal="0.0"/>
  <Objekte ObjID="10459" ObjAufnahme="1998-05-15" ObjLetztKontakt="1998-05-15" ObjStrasseID="8295" ObjVorlage="2013-09-11 00:00:00.0" ObKeinKontakt="1" ObjArtID="1" Merkmal="0.0"/>
  <Objekte ObjID="10460" ObjAufnahme="1998-05-15" ObjLetztKontakt="1998-05-15" ObjStrasseID="8331" ObjHausnummer="Sündernstraße 16A" ObjVorlage="2013-09-11 00:00:00.0" ObKeinKontakt="1" ObjArtID="1" Merkmal="0.0"/>
  <Objekte ObjID="10461" ObjAufnahme="1998-05-15" ObjLetztKontakt="1998-05-15" ObjStrasseID="5765" ObjHausnummer="An der Johanniskirche 10" ObjVorlage="2013-09-11 00:00:00.0" ObKeinKontakt="1" ObjArtID="1" Merkmal="0.0"/>
  <Objekte ObjID="10462" ObjAufnahme="1998-05-15" ObjLetztKontakt="1998-05-15" ObjStrasseID="8336" ObjHausnummer="Sutelstraße 14" ObjVorlage="2013-09-11 00:00:00.0" ObKeinKontakt="1" ObjArtID="1" Merkmal="0.0"/>
  <Objekte ObjID="10463" ObjAufnahme="1998-05-15" ObjLetztKontakt="1998-05-15" ObjStrasseID="8375" ObjHausnummer="Tieckstraße 25" ObjVorlage="2013-09-11 00:00:00.0" ObKeinKontakt="1" ObjArtID="1" Merkmal="0.0"/>
  <Objekte ObjID="10464" ObjAufnahme="1998-05-15" ObjLetztKontakt="1998-05-15" ObjStrasseID="8401" ObjHausnummer="Torstraße 3" ObjVorlage="2013-09-11 00:00:00.0" ObKeinKontakt="2" ObjArtID="1" Merkmal="0.0"/>
  <Objekte ObjID="10465" ObjAufnahme="1998-05-15" ObjLetztKontakt="1998-10-21" ObjStrasseID="8401" ObjHausnummer="Torstraße 13" ObjVorlage="2013-09-11 00:00:00.0" ObKeinKontakt="2" ObjArtID="1" Merkmal="0.0" ObjInfo="Miessner nicht mehr Eigentümerin"/>
  <Objekte ObjID="10466" ObjAufnahme="1998-05-15" ObjLetztKontakt="1998-05-15" ObjStrasseID="8615" ObjHausnummer="Wienhauser Wende 1" ObjVorlage="2013-09-11 00:00:00.0" ObKeinKontakt="1" ObjArtID="1" Merkmal="0.0"/>
  <Objekte ObjID="10467" ObjAufnahme="1998-05-15" ObjLetztKontakt="1998-05-15" ObjStrasseID="8620" ObjHausnummer="Wietzendiek 24" ObjVorlage="2013-09-11 00:00:00.0" ObKeinKontakt="1" ObjArtID="1" Merkmal="0.0"/>
  <Objekte ObjID="10468" ObjAufnahme="1998-05-15" ObjLetztKontakt="1998-05-15" ObjStrasseID="8667" ObjHausnummer="Wittenberger Straße 76" ObjVorlage="2013-09-11 00:00:00.0" ObKeinKontakt="1" ObjArtID="1" Merkmal="0.0"/>
  <Objekte ObjID="10469" ObjAufnahme="1998-05-15" ObjLetztKontakt="1999-07-08" ObjStrasseID="8337" ObjHausnummer="Suthwiesenstraße 22" ObjVorlage="2013-09-11 00:00:00.0" ObKeinKontakt="1" ObjArtID="55" Merkmal="0.0" ObjInfo="16065\Südbalkon"/>
  <Objekte ObjID="10470" ObjAufnahme="1998-05-15" ObjStrasseID="8337" ObjHausnummer="Suthwiesenstraße 24" ObjVorlage="2013-09-11 00:00:00.0" ObKeinKontakt="1" ObjArtID="1" Merkmal="0.0"/>
  <Objekte ObjID="10471" ObjAufnahme="1998-05-15" ObjStrasseID="5667" ObjHausnummer="Am Kleinen Felde 22" ObjVorlage="2013-09-11 00:00:00.0" ObKeinKontakt="1" ObjArtID="1" Merkmal="0.0"/>
  <Objekte ObjID="10472" ObjAufnahme="1998-05-15" ObjStrasseID="7384" ObjHausnummer="Lilienstraße 5" ObjVorlage="2013-09-11 00:00:00.0" ObKeinKontakt="1" ObjArtID="1" Merkmal="0.0"/>
  <Objekte ObjID="10473" ObjAufnahme="1998-05-15" ObjStrasseID="8412" ObjHausnummer="Trojanstraße 4" ObjVorlage="2013-09-11 00:00:00.0" ObKeinKontakt="1" ObjArtID="1" Merkmal="0.0"/>
  <Objekte ObjID="10474" ObjAufnahme="1998-05-15" ObjStrasseID="5814" ObjHausnummer="Arndtstraße 5" ObjVorlage="2013-09-11 00:00:00.0" ObKeinKontakt="1" ObjArtID="1" Merkmal="0.0"/>
  <Objekte ObjID="10475" ObjAufnahme="1998-05-15" ObjStrasseID="8420" ObjHausnummer="Türkstraße 2" ObjVorlage="2013-09-11 00:00:00.0" ObKeinKontakt="1" ObjArtID="1" Merkmal="0.0"/>
  <Objekte ObjID="10476" ObjAufnahme="1998-05-15" ObjStrasseID="8107" ObjHausnummer="Schraderstraße 9" ObjVorlage="2013-09-11 00:00:00.0" ObKeinKontakt="1" ObjArtID="1" Merkmal="0.0"/>
  <Objekte ObjID="10477" ObjAufnahme="1998-05-15" ObjStrasseID="8107" ObjHausnummer="Schraderstraße 11" ObjVorlage="2013-09-11 00:00:00.0" ObKeinKontakt="1" ObjArtID="1" Merkmal="0.0"/>
  <Objekte ObjID="10478" ObjAufnahme="1998-05-15" ObjStrasseID="5829" ObjHausnummer="Auf dem Dorn 23A" ObjVorlage="2013-09-11 00:00:00.0" ObKeinKontakt="1" ObjArtID="1" Merkmal="0.0"/>
  <Objekte ObjID="10479" ObjAufnahme="1998-05-15" ObjStrasseID="5829" ObjHausnummer="Auf dem Dorn 24" ObjVorlage="2013-09-11 00:00:00.0" ObKeinKontakt="1" ObjArtID="1" Merkmal="0.0"/>
  <Objekte ObjID="10480" ObjAufnahme="1998-05-15" ObjStrasseID="5829" ObjHausnummer="Auf dem Dorn 24A" ObjVorlage="2013-09-11 00:00:00.0" ObKeinKontakt="1" ObjArtID="1" Merkmal="0.0"/>
  <Objekte ObjID="10481" ObjAufnahme="1998-05-15" ObjStrasseID="6708" ObjHausnummer="Halkettstraße 44" ObjVorlage="2013-09-11 00:00:00.0" ObKeinKontakt="1" ObjArtID="1" Merkmal="0.0"/>
  <Objekte ObjID="10482" ObjAufnahme="1998-05-15" ObjStrasseID="6708" ObjHausnummer="Halkettstraße 46" ObjVorlage="2013-09-11 00:00:00.0" ObKeinKontakt="1" ObjArtID="1" Merkmal="0.0"/>
  <Objekte ObjID="10483" ObjAufnahme="1998-05-15" ObjStrasseID="6708" ObjHausnummer="Halkettstraße 48" ObjVorlage="2013-09-11 00:00:00.0" ObKeinKontakt="1" ObjArtID="1" Merkmal="0.0"/>
  <Objekte ObjID="10484" ObjAufnahme="1998-05-15" ObjStrasseID="6768" ObjHausnummer="Havemannstraße 3" ObjVorlage="2013-09-11 00:00:00.0" ObKeinKontakt="1" ObjArtID="1" Merkmal="0.0"/>
  <Objekte ObjID="10485" ObjAufnahme="1998-05-15" ObjStrasseID="6768" ObjHausnummer="Havemannstraße 5" ObjVorlage="2013-09-11 00:00:00.0" ObKeinKontakt="1" ObjArtID="1" Merkmal="0.0"/>
  <Objekte ObjID="10486" ObjAufnahme="1998-05-15" ObjStrasseID="6768" ObjHausnummer="Havemannstraße 7" ObjVorlage="2013-09-11 00:00:00.0" ObKeinKontakt="1" ObjArtID="1" Merkmal="0.0"/>
  <Objekte ObjID="10487" ObjAufnahme="1998-05-15" ObjStrasseID="6768" ObjHausnummer="Havemannstraße 9" ObjVorlage="2013-09-11 00:00:00.0" ObKeinKontakt="1" ObjArtID="1" Merkmal="0.0"/>
  <Objekte ObjID="10488" ObjAufnahme="1998-05-15" ObjStrasseID="6825" ObjHausnummer="Helmholtzstraße 2" ObjVorlage="2013-09-11 00:00:00.0" ObKeinKontakt="1" ObjArtID="1" Merkmal="0.0"/>
  <Objekte ObjID="10489" ObjAufnahme="1998-05-15" ObjStrasseID="6825" ObjHausnummer="Helmholtzstraße 4" ObjVorlage="2013-09-11 00:00:00.0" ObKeinKontakt="1" ObjArtID="1" Merkmal="0.0"/>
  <Objekte ObjID="10490" ObjAufnahme="1998-05-15" ObjStrasseID="6825" ObjHausnummer="Helmholtzstraße 6" ObjVorlage="2013-09-11 00:00:00.0" ObKeinKontakt="1" ObjArtID="1" Merkmal="0.0"/>
  <Objekte ObjID="10491" ObjAufnahme="1998-05-15" ObjStrasseID="6825" ObjHausnummer="Helmholtzstraße 8" ObjVorlage="2013-09-11 00:00:00.0" ObKeinKontakt="1" ObjArtID="1" Merkmal="0.0"/>
  <Objekte ObjID="10492" ObjAufnahme="1998-05-15" ObjStrasseID="8107" ObjHausnummer="Schraderstraße 8A" ObjVorlage="2013-09-11 00:00:00.0" ObKeinKontakt="1" ObjArtID="1" Merkmal="0.0"/>
  <Objekte ObjID="10493" ObjAufnahme="1998-05-15" ObjStrasseID="5829" ObjHausnummer="Auf dem Dorn 25" ObjVorlage="2013-09-11 00:00:00.0" ObKeinKontakt="1" ObjArtID="1" Merkmal="0.0"/>
  <Objekte ObjID="10494" ObjAufnahme="1998-05-15" ObjStrasseID="5829" ObjHausnummer="Auf dem Dorn 26" ObjVorlage="2013-09-11 00:00:00.0" ObKeinKontakt="1" ObjArtID="1" Merkmal="0.0"/>
  <Objekte ObjID="10495" ObjAufnahme="1998-05-15" ObjStrasseID="6708" ObjHausnummer="Halkettstraße 40" ObjVorlage="2013-09-11 00:00:00.0" ObKeinKontakt="1" ObjArtID="1" Merkmal="0.0"/>
  <Objekte ObjID="10496" ObjAufnahme="1998-05-15" ObjStrasseID="6708" ObjHausnummer="Halkettstraße 42" ObjVorlage="2013-09-11 00:00:00.0" ObKeinKontakt="1" ObjArtID="1" Merkmal="0.0"/>
  <Objekte ObjID="10497" ObjAufnahme="1998-05-15" ObjStrasseID="6768" ObjHausnummer="Havemannstraße 2" ObjVorlage="2013-09-11 00:00:00.0" ObKeinKontakt="1" ObjArtID="1" Merkmal="0.0"/>
  <Objekte ObjID="10498" ObjAufnahme="1998-05-15" ObjStrasseID="6768" ObjHausnummer="Havemannstraße 4" ObjVorlage="2013-09-11 00:00:00.0" ObKeinKontakt="1" ObjArtID="1" Merkmal="0.0"/>
  <Objekte ObjID="10499" ObjAufnahme="1998-05-15" ObjStrasseID="6768" ObjHausnummer="Havemannstraße 6" ObjVorlage="2013-09-11 00:00:00.0" ObKeinKontakt="1" ObjArtID="1" Merkmal="0.0"/>
  <Objekte ObjID="10500" ObjAufnahme="1998-05-15" ObjStrasseID="6768" ObjHausnummer="Havemannstraße 10" ObjVorlage="2013-09-11 00:00:00.0" ObKeinKontakt="1" ObjArtID="1" Merkmal="0.0"/>
  <Objekte ObjID="10501" ObjAufnahme="1998-05-15" ObjStrasseID="6768" ObjHausnummer="Havemannstraße 12" ObjVorlage="2013-09-11 00:00:00.0" ObKeinKontakt="1" ObjArtID="1" Merkmal="0.0"/>
  <Objekte ObjID="10502" ObjAufnahme="1998-05-15" ObjStrasseID="7778" ObjHausnummer="Philipsbornstraße 45" ObjVorlage="2013-09-11 00:00:00.0" ObKeinKontakt="1" ObjArtID="1" Merkmal="0.0"/>
  <Objekte ObjID="10503" ObjAufnahme="1998-05-15" ObjStrasseID="6768" ObjHausnummer="Havemannstraße 8" ObjVorlage="2013-09-11 00:00:00.0" ObKeinKontakt="1" ObjArtID="1" Merkmal="0.0"/>
  <Objekte ObjID="10504" ObjAufnahme="1998-05-15" ObjStrasseID="5829" ObjHausnummer="Auf dem Dorn 27" ObjVorlage="2013-09-11 00:00:00.0" ObKeinKontakt="1" ObjArtID="1" Merkmal="0.0"/>
  <Objekte ObjID="10505" ObjAufnahme="1998-05-15" ObjStrasseID="5829" ObjHausnummer="Auf dem Dorn 28" ObjVorlage="2013-09-11 00:00:00.0" ObKeinKontakt="1" ObjArtID="1" Merkmal="0.0"/>
  <Objekte ObjID="10506" ObjAufnahme="1998-05-15" ObjStrasseID="5829" ObjHausnummer="Auf dem Dorn 29" ObjVorlage="2013-09-11 00:00:00.0" ObKeinKontakt="1" ObjArtID="1" Merkmal="0.0"/>
  <Objekte ObjID="10507" ObjAufnahme="1998-05-15" ObjStrasseID="5829" ObjHausnummer="Auf dem Dorn 30" ObjVorlage="2013-09-11 00:00:00.0" ObKeinKontakt="1" ObjArtID="1" Merkmal="0.0"/>
  <Objekte ObjID="10508" ObjAufnahme="1998-05-15" ObjStrasseID="5829" ObjHausnummer="Auf dem Dorn 31" ObjVorlage="2013-09-11 00:00:00.0" ObKeinKontakt="1" ObjArtID="1" Merkmal="0.0"/>
  <Objekte ObjID="10509" ObjAufnahme="1998-05-15" ObjStrasseID="6684" ObjHausnummer="Guts-Muths-Straße 11" ObjVorlage="2013-09-11 00:00:00.0" ObKeinKontakt="1" ObjArtID="1" Merkmal="0.0"/>
  <Objekte ObjID="10510" ObjAufnahme="1998-05-15" ObjStrasseID="6684" ObjHausnummer="Guts-Muths-Straße 21" ObjVorlage="2013-09-11 00:00:00.0" ObKeinKontakt="1" ObjArtID="1" Merkmal="0.0"/>
  <Objekte ObjID="10511" ObjAufnahme="1998-05-15" ObjStrasseID="6684" ObjHausnummer="Guts-Muths-Straße 13" ObjVorlage="2013-09-11 00:00:00.0" ObKeinKontakt="1" ObjArtID="1" Merkmal="0.0"/>
  <Objekte ObjID="10512" ObjAufnahme="1998-05-15" ObjStrasseID="6684" ObjHausnummer="Guts-Muths-Straße 15" ObjVorlage="2013-09-11 00:00:00.0" ObKeinKontakt="1" ObjArtID="1" Merkmal="0.0"/>
  <Objekte ObjID="10513" ObjAufnahme="1998-05-15" ObjStrasseID="6684" ObjHausnummer="Guts-Muths-Straße 17" ObjVorlage="2013-09-11 00:00:00.0" ObKeinKontakt="1" ObjArtID="1" Merkmal="0.0"/>
  <Objekte ObjID="10514" ObjAufnahme="1998-05-15" ObjStrasseID="6684" ObjHausnummer="Guts-Muths-Straße 19" ObjVorlage="2013-09-11 00:00:00.0" ObKeinKontakt="1" ObjArtID="1" Merkmal="0.0"/>
  <Objekte ObjID="10515" ObjAufnahme="1998-05-15" ObjStrasseID="6825" ObjHausnummer="Helmholtzstraße 26" ObjVorlage="2013-09-11 00:00:00.0" ObKeinKontakt="1" ObjArtID="1" Merkmal="0.0"/>
  <Objekte ObjID="10516" ObjAufnahme="1998-05-15" ObjStrasseID="6825" ObjHausnummer="Helmholtzstraße 10" ObjVorlage="2013-09-11 00:00:00.0" ObKeinKontakt="1" ObjArtID="1" Merkmal="0.0"/>
  <Objekte ObjID="10517" ObjAufnahme="1998-05-15" ObjStrasseID="6825" ObjHausnummer="Helmholtzstraße 12" ObjVorlage="2013-09-11 00:00:00.0" ObKeinKontakt="1" ObjArtID="1" Merkmal="0.0"/>
  <Objekte ObjID="10518" ObjAufnahme="1998-05-15" ObjStrasseID="6825" ObjHausnummer="Helmholtzstraße 14" ObjVorlage="2013-09-11 00:00:00.0" ObKeinKontakt="1" ObjArtID="1" Merkmal="0.0"/>
  <Objekte ObjID="10519" ObjAufnahme="1998-05-15" ObjStrasseID="6825" ObjHausnummer="Helmholtzstraße 18" ObjVorlage="2013-09-11 00:00:00.0" ObKeinKontakt="1" ObjArtID="1" Merkmal="0.0"/>
  <Objekte ObjID="10520" ObjAufnahme="1998-05-15" ObjStrasseID="6825" ObjHausnummer="Helmholtzstraße 20" ObjVorlage="2013-09-11 00:00:00.0" ObKeinKontakt="1" ObjArtID="1" Merkmal="0.0"/>
  <Objekte ObjID="10521" ObjAufnahme="1998-05-15" ObjStrasseID="6825" ObjHausnummer="Helmholtzstraße 22" ObjVorlage="2013-09-11 00:00:00.0" ObKeinKontakt="1" ObjArtID="1" Merkmal="0.0"/>
  <Objekte ObjID="10522" ObjAufnahme="1998-05-15" ObjStrasseID="7569" ObjHausnummer="Moorkamp 23" ObjVorlage="2013-09-11 00:00:00.0" ObKeinKontakt="1" ObjArtID="1" Merkmal="0.0"/>
  <Objekte ObjID="10523" ObjAufnahme="1998-05-15" ObjStrasseID="6684" ObjHausnummer="Guts-Muths-Straße 1" ObjVorlage="2013-09-11 00:00:00.0" ObKeinKontakt="1" ObjArtID="1" Merkmal="0.0"/>
  <Objekte ObjID="10524" ObjAufnahme="1998-05-15" ObjStrasseID="6684" ObjHausnummer="Guts-Muths-Straße 3" ObjVorlage="2013-09-11 00:00:00.0" ObKeinKontakt="1" ObjArtID="1" Merkmal="0.0"/>
  <Objekte ObjID="10525" ObjAufnahme="1998-05-15" ObjStrasseID="6684" ObjHausnummer="Guts-Muths-Straße 5" ObjVorlage="2013-09-11 00:00:00.0" ObKeinKontakt="1" ObjArtID="1" Merkmal="0.0"/>
  <Objekte ObjID="10526" ObjAufnahme="1998-05-15" ObjStrasseID="6684" ObjHausnummer="Guts-Muths-Straße 7" ObjVorlage="2013-09-11 00:00:00.0" ObKeinKontakt="1" ObjArtID="1" Merkmal="0.0"/>
  <Objekte ObjID="10527" ObjAufnahme="1998-05-15" ObjStrasseID="6684" ObjHausnummer="Guts-Muths-Straße 9" ObjVorlage="2013-09-11 00:00:00.0" ObKeinKontakt="1" ObjArtID="1" Merkmal="0.0"/>
  <Objekte ObjID="10528" ObjAufnahme="1998-05-15" ObjStrasseID="6825" ObjHausnummer="Helmholtzstraße 16" ObjVorlage="2013-09-11 00:00:00.0" ObKeinKontakt="1" ObjArtID="1" Merkmal="0.0"/>
  <Objekte ObjID="10529" ObjAufnahme="1998-05-15" ObjStrasseID="6825" ObjHausnummer="Helmholtzstraße 24" ObjVorlage="2013-09-11 00:00:00.0" ObKeinKontakt="1" ObjArtID="1" Merkmal="0.0"/>
  <Objekte ObjID="10531" ObjAufnahme="1998-05-15" ObjStrasseID="7048" ObjHausnummer="Jahnplatz 4" ObjVorlage="2013-09-11 00:00:00.0" ObKeinKontakt="1" ObjArtID="1" Merkmal="0.0"/>
  <Objekte ObjID="10532" ObjAufnahme="1998-05-15" ObjStrasseID="7048" ObjHausnummer="Jahnplatz 8" ObjVorlage="2013-09-11 00:00:00.0" ObKeinKontakt="1" ObjArtID="1" Merkmal="0.0"/>
  <Objekte ObjID="10533" ObjAufnahme="1998-05-15" ObjStrasseID="7048" ObjHausnummer="Jahnplatz 10" ObjVorlage="2013-09-11 00:00:00.0" ObKeinKontakt="1" ObjArtID="1" Merkmal="0.0"/>
  <Objekte ObjID="10534" ObjAufnahme="1998-05-15" ObjStrasseID="7048" ObjHausnummer="Jahnplatz 12" ObjVorlage="2013-09-11 00:00:00.0" ObKeinKontakt="1" ObjArtID="1" Merkmal="0.0"/>
  <Objekte ObjID="10535" ObjAufnahme="1998-05-15" ObjStrasseID="6684" ObjHausnummer="Guts-Muths-Straße 2" ObjVorlage="2013-09-11 00:00:00.0" ObKeinKontakt="1" ObjArtID="1" Merkmal="0.0"/>
  <Objekte ObjID="10536" ObjAufnahme="1998-05-15" ObjStrasseID="6684" ObjHausnummer="Guts-Muths-Straße 4" ObjVorlage="2013-09-11 00:00:00.0" ObKeinKontakt="1" ObjArtID="1" Merkmal="0.0"/>
  <Objekte ObjID="10537" ObjAufnahme="1998-05-15" ObjStrasseID="7048" ObjHausnummer="Jahnplatz 6" ObjVorlage="2013-09-11 00:00:00.0" ObKeinKontakt="1" ObjArtID="1" Merkmal="0.0"/>
  <Objekte ObjID="10538" ObjAufnahme="1998-05-15" ObjStrasseID="5829" ObjHausnummer="Auf dem Dorn 32" ObjVorlage="2013-09-11 00:00:00.0" ObKeinKontakt="1" ObjArtID="1" Merkmal="0.0"/>
  <Objekte ObjID="10539" ObjAufnahme="1998-05-15" ObjStrasseID="5829" ObjHausnummer="Auf dem Dorn 33" ObjVorlage="2013-09-11 00:00:00.0" ObKeinKontakt="1" ObjArtID="1" Merkmal="0.0"/>
  <Objekte ObjID="10540" ObjAufnahme="1998-05-15" ObjStrasseID="6825" ObjHausnummer="Helmholtzstraße 13" ObjVorlage="2013-09-11 00:00:00.0" ObKeinKontakt="1" ObjArtID="1" Merkmal="0.0"/>
  <Objekte ObjID="10541" ObjAufnahme="1998-05-15" ObjStrasseID="6825" ObjHausnummer="Helmholtzstraße 15" ObjVorlage="2013-09-11 00:00:00.0" ObKeinKontakt="1" ObjArtID="1" Merkmal="0.0"/>
  <Objekte ObjID="10542" ObjAufnahme="1998-05-15" ObjStrasseID="6825" ObjHausnummer="Helmholtzstraße 17" ObjVorlage="2013-09-11 00:00:00.0" ObKeinKontakt="1" ObjArtID="1" Merkmal="0.0"/>
  <Objekte ObjID="10543" ObjAufnahme="1998-05-15" ObjStrasseID="6825" ObjHausnummer="Helmholtzstraße 19" ObjVorlage="2013-09-11 00:00:00.0" ObKeinKontakt="1" ObjArtID="1" Merkmal="0.0"/>
  <Objekte ObjID="10544" ObjAufnahme="1998-05-15" ObjStrasseID="6825" ObjHausnummer="Helmholtzstraße 21" ObjVorlage="2013-09-11 00:00:00.0" ObKeinKontakt="1" ObjArtID="1" Merkmal="0.0"/>
  <Objekte ObjID="10545" ObjAufnahme="1998-05-15" ObjStrasseID="6825" ObjHausnummer="Helmholtzstraße 23" ObjVorlage="2013-09-11 00:00:00.0" ObKeinKontakt="1" ObjArtID="1" Merkmal="0.0"/>
  <Objekte ObjID="10546" ObjAufnahme="1998-05-15" ObjStrasseID="6825" ObjHausnummer="Helmholtzstraße 25" ObjVorlage="2013-09-11 00:00:00.0" ObKeinKontakt="1" ObjArtID="1" Merkmal="0.0"/>
  <Objekte ObjID="10547" ObjAufnahme="1998-05-15" ObjStrasseID="6825" ObjHausnummer="Helmholtzstraße 27" ObjVorlage="2013-09-11 00:00:00.0" ObKeinKontakt="1" ObjArtID="1" Merkmal="0.0"/>
  <Objekte ObjID="10548" ObjAufnahme="1998-05-15" ObjStrasseID="7569" ObjHausnummer="Moorkamp 25" ObjVorlage="2013-09-11 00:00:00.0" ObKeinKontakt="1" ObjArtID="1" Merkmal="0.0"/>
  <Objekte ObjID="10549" ObjAufnahme="1998-05-15" ObjStrasseID="7569" ObjHausnummer="Moorkamp 27" ObjVorlage="2013-09-11 00:00:00.0" ObKeinKontakt="1" ObjArtID="1" Merkmal="0.0"/>
  <Objekte ObjID="10550" ObjAufnahme="1998-05-15" ObjStrasseID="7569" ObjHausnummer="Moorkamp 29" ObjVorlage="2013-09-11 00:00:00.0" ObKeinKontakt="1" ObjArtID="1" Merkmal="0.0"/>
  <Objekte ObjID="10551" ObjAufnahme="1998-05-15" ObjStrasseID="7569" ObjHausnummer="Moorkamp 31" ObjVorlage="2013-09-11 00:00:00.0" ObKeinKontakt="1" ObjArtID="1" Merkmal="0.0"/>
  <Objekte ObjID="10552" ObjAufnahme="1998-05-15" ObjStrasseID="8057" ObjHausnummer="Scheelenkamp 1" ObjVorlage="2013-09-11 00:00:00.0" ObKeinKontakt="1" ObjArtID="1" Merkmal="0.0"/>
  <Objekte ObjID="10553" ObjAufnahme="1998-05-15" ObjStrasseID="8057" ObjHausnummer="Scheelenkamp 3" ObjVorlage="2013-09-11 00:00:00.0" ObKeinKontakt="1" ObjArtID="1" Merkmal="0.0"/>
  <Objekte ObjID="10554" ObjAufnahme="1998-05-15" ObjStrasseID="8057" ObjHausnummer="Scheelenkamp 5" ObjVorlage="2013-09-11 00:00:00.0" ObKeinKontakt="1" ObjArtID="1" Merkmal="0.0"/>
  <Objekte ObjID="10555" ObjAufnahme="1998-05-15" ObjStrasseID="8057" ObjHausnummer="Scheelenkamp 7" ObjVorlage="2013-09-11 00:00:00.0" ObKeinKontakt="1" ObjArtID="1" Merkmal="0.0"/>
  <Objekte ObjID="10556" ObjAufnahme="1998-05-15" ObjStrasseID="8057" ObjHausnummer="Scheelenkamp 9" ObjVorlage="2013-09-11 00:00:00.0" ObKeinKontakt="1" ObjArtID="1" Merkmal="0.0"/>
  <Objekte ObjID="10557" ObjAufnahme="1998-05-15" ObjStrasseID="8057" ObjHausnummer="Scheelenkamp 11" ObjVorlage="2013-09-11 00:00:00.0" ObKeinKontakt="1" ObjArtID="1" Merkmal="0.0"/>
  <Objekte ObjID="10558" ObjAufnahme="1998-05-15" ObjStrasseID="8057" ObjHausnummer="Scheelenkamp 13" ObjVorlage="2013-09-11 00:00:00.0" ObKeinKontakt="1" ObjArtID="1" Merkmal="0.0"/>
  <Objekte ObjID="10559" ObjAufnahme="1998-05-15" ObjStrasseID="6684" ObjHausnummer="Guts-Muths-Straße 23" ObjVorlage="2013-09-11 00:00:00.0" ObKeinKontakt="1" ObjArtID="1" Merkmal="0.0"/>
  <Objekte ObjID="10560" ObjAufnahme="1998-05-15" ObjStrasseID="6684" ObjHausnummer="Guts-Muths-Straße 25" ObjVorlage="2013-09-11 00:00:00.0" ObKeinKontakt="1" ObjArtID="1" Merkmal="0.0"/>
  <Objekte ObjID="10561" ObjAufnahme="1998-05-15" ObjStrasseID="6684" ObjHausnummer="Guts-Muths-Straße 27" ObjVorlage="2013-09-11 00:00:00.0" ObKeinKontakt="1" ObjArtID="1" Merkmal="0.0"/>
  <Objekte ObjID="10562" ObjAufnahme="1998-05-15" ObjStrasseID="6684" ObjHausnummer="Guts-Muths-Straße 29" ObjVorlage="2013-09-11 00:00:00.0" ObKeinKontakt="1" ObjArtID="1" Merkmal="0.0"/>
  <Objekte ObjID="10563" ObjAufnahme="1998-05-15" ObjStrasseID="6684" ObjHausnummer="Guts-Muths-Straße 31" ObjVorlage="2013-09-11 00:00:00.0" ObKeinKontakt="1" ObjArtID="1" Merkmal="0.0"/>
  <Objekte ObjID="10564" ObjAufnahme="1998-05-15" ObjStrasseID="6684" ObjHausnummer="Guts-Muths-Straße 33" ObjVorlage="2013-09-11 00:00:00.0" ObKeinKontakt="1" ObjArtID="1" Merkmal="0.0"/>
  <Objekte ObjID="10565" ObjAufnahme="1998-05-15" ObjStrasseID="6684" ObjHausnummer="Guts-Muths-Straße 35" ObjVorlage="2013-09-11 00:00:00.0" ObKeinKontakt="1" ObjArtID="1" Merkmal="0.0"/>
  <Objekte ObjID="10566" ObjAufnahme="1998-05-15" ObjStrasseID="6684" ObjHausnummer="Guts-Muths-Straße 37" ObjVorlage="2013-09-11 00:00:00.0" ObKeinKontakt="1" ObjArtID="1" Merkmal="0.0"/>
  <Objekte ObjID="10567" ObjAufnahme="1998-05-15" ObjStrasseID="7569" ObjHausnummer="Moorkamp 22" ObjVorlage="2013-09-11 00:00:00.0" ObKeinKontakt="1" ObjArtID="1" Merkmal="0.0"/>
  <Objekte ObjID="10568" ObjAufnahme="1998-05-15" ObjStrasseID="7569" ObjHausnummer="Moorkamp 24" ObjVorlage="2013-09-11 00:00:00.0" ObKeinKontakt="1" ObjArtID="1" Merkmal="0.0"/>
  <Objekte ObjID="10569" ObjAufnahme="1998-05-15" ObjStrasseID="7569" ObjHausnummer="Moorkamp 26" ObjVorlage="2013-09-11 00:00:00.0" ObKeinKontakt="1" ObjArtID="1" Merkmal="0.0"/>
  <Objekte ObjID="10570" ObjAufnahme="1998-05-15" ObjStrasseID="7569" ObjHausnummer="Moorkamp 28" ObjVorlage="2013-09-11 00:00:00.0" ObKeinKontakt="1" ObjArtID="1" Merkmal="0.0"/>
  <Objekte ObjID="10571" ObjAufnahme="1998-05-15" ObjStrasseID="7569" ObjHausnummer="Moorkamp 30" ObjVorlage="2013-09-11 00:00:00.0" ObKeinKontakt="1" ObjArtID="1" Merkmal="0.0"/>
  <Objekte ObjID="10572" ObjAufnahme="1998-05-15" ObjStrasseID="8057" ObjHausnummer="Scheelenkamp 15" ObjVorlage="2013-09-11 00:00:00.0" ObKeinKontakt="1" ObjArtID="1" Merkmal="0.0"/>
  <Objekte ObjID="10573" ObjAufnahme="1998-05-15" ObjStrasseID="8057" ObjHausnummer="Scheelenkamp 17" ObjVorlage="2013-09-11 00:00:00.0" ObKeinKontakt="1" ObjArtID="1" Merkmal="0.0"/>
  <Objekte ObjID="10574" ObjAufnahme="1998-05-15" ObjStrasseID="8057" ObjHausnummer="Scheelenkamp 19" ObjVorlage="2013-09-11 00:00:00.0" ObKeinKontakt="1" ObjArtID="1" Merkmal="0.0"/>
  <Objekte ObjID="10575" ObjAufnahme="1998-05-15" ObjStrasseID="8057" ObjHausnummer="Scheelenkamp 21" ObjVorlage="2013-09-11 00:00:00.0" ObKeinKontakt="1" ObjArtID="1" Merkmal="0.0"/>
  <Objekte ObjID="10576" ObjAufnahme="1998-05-15" ObjStrasseID="8057" ObjHausnummer="Scheelenkamp 23" ObjVorlage="2013-09-11 00:00:00.0" ObKeinKontakt="1" ObjArtID="1" Merkmal="0.0"/>
  <Objekte ObjID="10577" ObjAufnahme="1998-05-15" ObjStrasseID="8057" ObjHausnummer="Scheelenkamp 25" ObjVorlage="2013-09-11 00:00:00.0" ObKeinKontakt="1" ObjArtID="1" Merkmal="0.0"/>
  <Objekte ObjID="10578" ObjAufnahme="1998-05-15" ObjStrasseID="8057" ObjHausnummer="Scheelenkamp 27" ObjVorlage="2013-09-11 00:00:00.0" ObKeinKontakt="1" ObjArtID="1" Merkmal="0.0"/>
  <Objekte ObjID="10579" ObjAufnahme="1998-05-15" ObjStrasseID="8057" ObjHausnummer="Scheelenkamp 29" ObjVorlage="2013-09-11 00:00:00.0" ObKeinKontakt="1" ObjArtID="1" Merkmal="0.0"/>
  <Objekte ObjID="10580" ObjAufnahme="1998-05-15" ObjStrasseID="7514" ObjHausnummer="Melanchthonstraße 10" ObjVorlage="2013-09-11 00:00:00.0" ObKeinKontakt="1" ObjArtID="1" Merkmal="0.0"/>
  <Objekte ObjID="10581" ObjAufnahme="1998-05-15" ObjStrasseID="7514" ObjHausnummer="Melanchthonstraße 10A" ObjVorlage="2013-09-11 00:00:00.0" ObKeinKontakt="1" ObjArtID="1" Merkmal="0.0"/>
  <Objekte ObjID="10582" ObjAufnahme="1998-05-15" ObjStrasseID="7514" ObjHausnummer="Melanchthonstraße 10B" ObjVorlage="2013-09-11 00:00:00.0" ObKeinKontakt="1" ObjArtID="1" Merkmal="0.0"/>
  <Objekte ObjID="10583" ObjAufnahme="1998-05-15" ObjStrasseID="7514" ObjHausnummer="Melanchthonstraße 16A" ObjVorlage="2013-09-11 00:00:00.0" ObKeinKontakt="1" ObjArtID="1" Merkmal="0.0"/>
  <Objekte ObjID="10584" ObjAufnahme="1998-05-15" ObjStrasseID="7514" ObjHausnummer="Melanchthonstraße 18" ObjVorlage="2013-09-11 00:00:00.0" ObKeinKontakt="1" ObjArtID="1" Merkmal="0.0"/>
  <Objekte ObjID="10585" ObjAufnahme="1998-05-15" ObjStrasseID="7569" ObjHausnummer="Moorkamp 32" ObjVorlage="2013-09-11 00:00:00.0" ObKeinKontakt="1" ObjArtID="1" Merkmal="0.0"/>
  <Objekte ObjID="10586" ObjAufnahme="1998-05-15" ObjStrasseID="7569" ObjHausnummer="Moorkamp 38" ObjVorlage="2013-09-11 00:00:00.0" ObKeinKontakt="1" ObjArtID="1" Merkmal="0.0"/>
  <Objekte ObjID="10587" ObjAufnahme="1998-05-15" ObjStrasseID="7569" ObjHausnummer="Moorkamp 40" ObjVorlage="2013-09-11 00:00:00.0" ObKeinKontakt="1" ObjArtID="1" Merkmal="0.0"/>
  <Objekte ObjID="10588" ObjAufnahme="1998-05-15" ObjStrasseID="7569" ObjHausnummer="Moorkamp 42" ObjVorlage="2013-09-11 00:00:00.0" ObKeinKontakt="1" ObjArtID="1" Merkmal="0.0"/>
  <Objekte ObjID="10589" ObjAufnahme="1998-05-15" ObjStrasseID="7569" ObjHausnummer="Moorkamp 44" ObjVorlage="2013-09-11 00:00:00.0" ObKeinKontakt="1" ObjArtID="1" Merkmal="0.0"/>
  <Objekte ObjID="10590" ObjAufnahme="1998-05-15" ObjStrasseID="7569" ObjHausnummer="Moorkamp 46" ObjVorlage="2013-09-11 00:00:00.0" ObKeinKontakt="1" ObjArtID="1" Merkmal="0.0"/>
  <Objekte ObjID="10591" ObjAufnahme="1998-05-15" ObjStrasseID="7569" ObjHausnummer="Moorkamp 48" ObjVorlage="2013-09-11 00:00:00.0" ObKeinKontakt="1" ObjArtID="1" Merkmal="0.0"/>
  <Objekte ObjID="10592" ObjAufnahme="1998-05-15" ObjStrasseID="6805" ObjHausnummer="Heinrich-Köhler-Hof 1" ObjVorlage="2013-09-11 00:00:00.0" ObKeinKontakt="1" ObjArtID="1" Merkmal="0.0"/>
  <Objekte ObjID="10593" ObjAufnahme="1998-05-15" ObjStrasseID="6805" ObjHausnummer="Heinrich-Köhler-Hof 2" ObjVorlage="2013-09-11 00:00:00.0" ObKeinKontakt="1" ObjArtID="1" Merkmal="0.0"/>
  <Objekte ObjID="10594" ObjAufnahme="1998-05-15" ObjStrasseID="6805" ObjHausnummer="Heinrich-Köhler-Hof 3" ObjVorlage="2013-09-11 00:00:00.0" ObKeinKontakt="1" ObjArtID="1" Merkmal="0.0"/>
  <Objekte ObjID="10595" ObjAufnahme="1998-05-15" ObjStrasseID="6805" ObjHausnummer="Heinrich-Köhler-Hof 4" ObjVorlage="2013-09-11 00:00:00.0" ObKeinKontakt="1" ObjArtID="1" Merkmal="0.0"/>
  <Objekte ObjID="10596" ObjAufnahme="1998-05-15" ObjStrasseID="6805" ObjHausnummer="Heinrich-Köhler-Hof 5" ObjVorlage="2013-09-11 00:00:00.0" ObKeinKontakt="1" ObjArtID="1" Merkmal="0.0"/>
  <Objekte ObjID="10597" ObjAufnahme="1998-05-15" ObjStrasseID="6805" ObjHausnummer="Heinrich-Köhler-Hof 6" ObjVorlage="2013-09-11 00:00:00.0" ObKeinKontakt="1" ObjArtID="1" Merkmal="0.0"/>
  <Objekte ObjID="10598" ObjAufnahme="1998-05-15" ObjStrasseID="6805" ObjHausnummer="Heinrich-Köhler-Hof 7" ObjVorlage="2013-09-11 00:00:00.0" ObKeinKontakt="1" ObjArtID="1" Merkmal="0.0"/>
  <Objekte ObjID="10599" ObjAufnahme="1998-05-15" ObjStrasseID="6805" ObjHausnummer="Heinrich-Köhler-Hof 8" ObjVorlage="2013-09-11 00:00:00.0" ObKeinKontakt="1" ObjArtID="1" Merkmal="0.0"/>
  <Objekte ObjID="10600" ObjAufnahme="1998-05-15" ObjStrasseID="6805" ObjHausnummer="Heinrich-Köhler-Hof 9" ObjVorlage="2013-09-11 00:00:00.0" ObKeinKontakt="1" ObjArtID="1" Merkmal="0.0"/>
  <Objekte ObjID="10601" ObjAufnahme="1998-05-15" ObjStrasseID="6805" ObjHausnummer="Heinrich-Köhler-Hof 10" ObjVorlage="2013-09-11 00:00:00.0" ObKeinKontakt="1" ObjArtID="1" Merkmal="0.0"/>
  <Objekte ObjID="10602" ObjAufnahme="1998-05-15" ObjStrasseID="6805" ObjHausnummer="Heinrich-Köhler-Hof 11" ObjVorlage="2013-09-11 00:00:00.0" ObKeinKontakt="1" ObjArtID="1" Merkmal="0.0"/>
  <Objekte ObjID="10603" ObjAufnahme="1998-05-15" ObjStrasseID="6805" ObjHausnummer="Heinrich-Köhler-Hof 12" ObjVorlage="2013-09-11 00:00:00.0" ObKeinKontakt="1" ObjArtID="1" Merkmal="0.0"/>
  <Objekte ObjID="10604" ObjAufnahme="1998-05-15" ObjStrasseID="6805" ObjHausnummer="Heinrich-Köhler-Hof 13" ObjVorlage="2013-09-11 00:00:00.0" ObKeinKontakt="1" ObjArtID="1" Merkmal="0.0"/>
  <Objekte ObjID="10605" ObjAufnahme="1998-05-15" ObjStrasseID="6805" ObjHausnummer="Heinrich-Köhler-Hof 14" ObjVorlage="2013-09-11 00:00:00.0" ObKeinKontakt="1" ObjArtID="1" Merkmal="0.0"/>
  <Objekte ObjID="10606" ObjAufnahme="1998-05-15" ObjStrasseID="6805" ObjHausnummer="Heinrich-Köhler-Hof 15" ObjVorlage="2013-09-11 00:00:00.0" ObKeinKontakt="1" ObjArtID="1" Merkmal="0.0"/>
  <Objekte ObjID="10607" ObjAufnahme="1998-05-15" ObjStrasseID="6805" ObjHausnummer="Heinrich-Köhler-Hof 16" ObjVorlage="2013-09-11 00:00:00.0" ObKeinKontakt="1" ObjArtID="1" Merkmal="0.0"/>
  <Objekte ObjID="10608" ObjAufnahme="1998-05-15" ObjStrasseID="6805" ObjHausnummer="Heinrich-Köhler-Hof 17" ObjVorlage="2013-09-11 00:00:00.0" ObKeinKontakt="1" ObjArtID="1" Merkmal="0.0"/>
  <Objekte ObjID="10609" ObjAufnahme="1998-05-15" ObjStrasseID="6805" ObjHausnummer="Heinrich-Köhler-Hof 18" ObjVorlage="2013-09-11 00:00:00.0" ObKeinKontakt="1" ObjArtID="1" Merkmal="0.0"/>
  <Objekte ObjID="10610" ObjAufnahme="1998-05-15" ObjStrasseID="6805" ObjHausnummer="Heinrich-Köhler-Hof 24" ObjVorlage="2013-09-11 00:00:00.0" ObKeinKontakt="1" ObjArtID="1" Merkmal="0.0"/>
  <Objekte ObjID="10611" ObjAufnahme="1998-05-15" ObjStrasseID="6805" ObjHausnummer="Heinrich-Köhler-Hof 25" ObjVorlage="2013-09-11 00:00:00.0" ObKeinKontakt="1" ObjArtID="1" Merkmal="0.0"/>
  <Objekte ObjID="10612" ObjAufnahme="1998-05-15" ObjStrasseID="6805" ObjHausnummer="Heinrich-Köhler-Hof 26" ObjVorlage="2013-09-11 00:00:00.0" ObKeinKontakt="1" ObjArtID="1" Merkmal="0.0"/>
  <Objekte ObjID="10613" ObjAufnahme="1998-05-15" ObjStrasseID="6805" ObjHausnummer="Heinrich-Köhler-Hof 27" ObjVorlage="2013-09-11 00:00:00.0" ObKeinKontakt="1" ObjArtID="1" Merkmal="0.0"/>
  <Objekte ObjID="10614" ObjAufnahme="1998-05-15" ObjStrasseID="6805" ObjHausnummer="Heinrich-Köhler-Hof 28" ObjVorlage="2013-09-11 00:00:00.0" ObKeinKontakt="1" ObjArtID="1" Merkmal="0.0"/>
  <Objekte ObjID="10615" ObjAufnahme="1998-05-15" ObjStrasseID="6805" ObjHausnummer="Heinrich-Köhler-Hof 29" ObjVorlage="2013-09-11 00:00:00.0" ObKeinKontakt="1" ObjArtID="1" Merkmal="0.0"/>
  <Objekte ObjID="10616" ObjAufnahme="1998-05-15" ObjStrasseID="6805" ObjHausnummer="Heinrich-Köhler-Hof 30" ObjVorlage="2013-09-11 00:00:00.0" ObKeinKontakt="1" ObjArtID="1" Merkmal="0.0"/>
  <Objekte ObjID="10617" ObjAufnahme="1998-05-15" ObjStrasseID="6805" ObjHausnummer="Heinrich-Köhler-Hof 31" ObjVorlage="2013-09-11 00:00:00.0" ObKeinKontakt="1" ObjArtID="1" Merkmal="0.0"/>
  <Objekte ObjID="10618" ObjAufnahme="1998-05-15" ObjStrasseID="6805" ObjHausnummer="Heinrich-Köhler-Hof 32" ObjVorlage="2013-09-11 00:00:00.0" ObKeinKontakt="1" ObjArtID="1" Merkmal="0.0"/>
  <Objekte ObjID="10619" ObjAufnahme="1998-05-15" ObjStrasseID="6805" ObjHausnummer="Heinrich-Köhler-Hof 33" ObjVorlage="2013-09-11 00:00:00.0" ObKeinKontakt="1" ObjArtID="1" Merkmal="0.0"/>
  <Objekte ObjID="10620" ObjAufnahme="1998-05-15" ObjStrasseID="6805" ObjHausnummer="Heinrich-Köhler-Hof 34" ObjVorlage="2013-09-11 00:00:00.0" ObKeinKontakt="1" ObjArtID="1" Merkmal="0.0"/>
  <Objekte ObjID="10621" ObjAufnahme="1998-05-15" ObjStrasseID="6805" ObjHausnummer="Heinrich-Köhler-Hof 35" ObjVorlage="2013-09-11 00:00:00.0" ObKeinKontakt="1" ObjArtID="1" Merkmal="0.0"/>
  <Objekte ObjID="10622" ObjAufnahme="1998-05-15" ObjStrasseID="6805" ObjHausnummer="Heinrich-Köhler-Hof 36" ObjVorlage="2013-09-11 00:00:00.0" ObKeinKontakt="1" ObjArtID="1" Merkmal="0.0"/>
  <Objekte ObjID="10623" ObjAufnahme="1998-05-15" ObjStrasseID="6805" ObjHausnummer="Heinrich-Köhler-Hof 37" ObjVorlage="2013-09-11 00:00:00.0" ObKeinKontakt="1" ObjArtID="1" Merkmal="0.0"/>
  <Objekte ObjID="10624" ObjAufnahme="1998-05-15" ObjStrasseID="6805" ObjHausnummer="Heinrich-Köhler-Hof 38" ObjVorlage="2013-09-11 00:00:00.0" ObKeinKontakt="1" ObjArtID="1" Merkmal="0.0"/>
  <Objekte ObjID="10625" ObjAufnahme="1998-05-15" ObjStrasseID="6805" ObjHausnummer="Heinrich-Köhler-Hof 39" ObjVorlage="2013-09-11 00:00:00.0" ObKeinKontakt="1" ObjArtID="1" Merkmal="0.0"/>
  <Objekte ObjID="10626" ObjAufnahme="1998-05-15" ObjStrasseID="6805" ObjHausnummer="Heinrich-Köhler-Hof 40" ObjVorlage="2013-09-11 00:00:00.0" ObKeinKontakt="1" ObjArtID="1" Merkmal="0.0"/>
  <Objekte ObjID="10627" ObjAufnahme="1998-05-15" ObjStrasseID="8057" ObjHausnummer="Scheelenkamp 14" ObjVorlage="2013-09-11 00:00:00.0" ObKeinKontakt="1" ObjArtID="1" Merkmal="0.0"/>
  <Objekte ObjID="10628" ObjAufnahme="1998-05-15" ObjStrasseID="8057" ObjHausnummer="Scheelenkamp 16" ObjVorlage="2013-09-11 00:00:00.0" ObKeinKontakt="1" ObjArtID="1" Merkmal="0.0"/>
  <Objekte ObjID="10629" ObjAufnahme="1998-05-15" ObjStrasseID="8057" ObjHausnummer="Scheelenkamp 18" ObjVorlage="2013-09-11 00:00:00.0" ObKeinKontakt="1" ObjArtID="1" Merkmal="0.0"/>
  <Objekte ObjID="10630" ObjAufnahme="1998-05-15" ObjStrasseID="8057" ObjHausnummer="Scheelenkamp 20" ObjVorlage="2013-09-11 00:00:00.0" ObKeinKontakt="1" ObjArtID="1" Merkmal="0.0"/>
  <Objekte ObjID="10631" ObjAufnahme="1998-05-15" ObjStrasseID="8057" ObjHausnummer="Scheelenkamp 22" ObjVorlage="2013-09-11 00:00:00.0" ObKeinKontakt="1" ObjArtID="1" Merkmal="0.0"/>
  <Objekte ObjID="10632" ObjAufnahme="1998-05-15" ObjStrasseID="8057" ObjHausnummer="Scheelenkamp 24" ObjVorlage="2013-09-11 00:00:00.0" ObKeinKontakt="1" ObjArtID="1" Merkmal="0.0"/>
  <Objekte ObjID="10633" ObjAufnahme="1998-05-15" ObjStrasseID="5914" ObjHausnummer="Berdingstraße 1" ObjVorlage="2013-09-11 00:00:00.0" ObKeinKontakt="1" ObjArtID="1" Merkmal="0.0"/>
  <Objekte ObjID="10634" ObjAufnahme="1998-05-15" ObjStrasseID="5914" ObjHausnummer="Berdingstraße 3" ObjVorlage="2013-09-11 00:00:00.0" ObKeinKontakt="1" ObjArtID="1" Merkmal="0.0"/>
  <Objekte ObjID="10635" ObjAufnahme="1998-05-15" ObjStrasseID="5914" ObjHausnummer="Berdingstraße 5" ObjVorlage="2013-09-11 00:00:00.0" ObKeinKontakt="1" ObjArtID="1" Merkmal="0.0"/>
  <Objekte ObjID="10636" ObjAufnahme="1998-05-15" ObjStrasseID="5914" ObjHausnummer="Berdingstraße 7" ObjVorlage="2013-09-11 00:00:00.0" ObKeinKontakt="1" ObjArtID="1" Merkmal="0.0"/>
  <Objekte ObjID="10637" ObjAufnahme="1998-05-15" ObjStrasseID="6053" ObjHausnummer="Brackebuschstraße 1" ObjVorlage="2013-09-11 00:00:00.0" ObKeinKontakt="1" ObjArtID="1" Merkmal="0.0"/>
  <Objekte ObjID="10638" ObjAufnahme="1998-05-15" ObjStrasseID="6053" ObjHausnummer="Brackebuschstraße 2" ObjVorlage="2013-09-11 00:00:00.0" ObKeinKontakt="1" ObjArtID="1" Merkmal="0.0"/>
  <Objekte ObjID="10639" ObjAufnahme="1998-05-15" ObjStrasseID="6053" ObjHausnummer="Brackebuschstraße 3" ObjVorlage="2013-09-11 00:00:00.0" ObKeinKontakt="1" ObjArtID="1" Merkmal="0.0"/>
  <Objekte ObjID="10640" ObjAufnahme="1998-05-15" ObjStrasseID="6053" ObjHausnummer="Brackebuschstraße 4" ObjVorlage="2013-09-11 00:00:00.0" ObKeinKontakt="1" ObjArtID="1" Merkmal="0.0"/>
  <Objekte ObjID="10641" ObjAufnahme="1998-05-15" ObjStrasseID="6053" ObjHausnummer="Brackebuschstraße 5" ObjVorlage="2013-09-11 00:00:00.0" ObKeinKontakt="1" ObjArtID="1" Merkmal="0.0"/>
  <Objekte ObjID="10642" ObjAufnahme="1998-05-15" ObjStrasseID="7338" ObjHausnummer="Leierhof 19" ObjVorlage="2013-09-11 00:00:00.0" ObKeinKontakt="1" ObjArtID="1" Merkmal="0.0"/>
  <Objekte ObjID="10643" ObjAufnahme="1998-05-15" ObjStrasseID="7338" ObjHausnummer="Leierhof 21" ObjVorlage="2013-09-11 00:00:00.0" ObKeinKontakt="1" ObjArtID="1" Merkmal="0.0"/>
  <Objekte ObjID="10644" ObjAufnahme="1998-05-15" ObjStrasseID="7338" ObjHausnummer="Leierhof 23" ObjVorlage="2013-09-11 00:00:00.0" ObKeinKontakt="1" ObjArtID="1" Merkmal="0.0"/>
  <Objekte ObjID="10645" ObjAufnahme="1998-05-15" ObjStrasseID="7338" ObjHausnummer="Leierhof 17" ObjVorlage="2013-09-11 00:00:00.0" ObKeinKontakt="1" ObjArtID="1" Merkmal="0.0"/>
  <Objekte ObjID="10646" ObjAufnahme="1998-05-15" ObjStrasseID="8626" ObjHausnummer="Wilhelm-Bluhm-Straße 20" ObjVorlage="2013-09-11 00:00:00.0" ObKeinKontakt="1" ObjArtID="1" Merkmal="0.0"/>
  <Objekte ObjID="10647" ObjAufnahme="1998-05-15" ObjStrasseID="8626" ObjHausnummer="Wilhelm-Bluhm-Straße 22" ObjVorlage="2013-09-11 00:00:00.0" ObKeinKontakt="1" ObjArtID="1" Merkmal="0.0"/>
  <Objekte ObjID="10648" ObjAufnahme="1998-05-15" ObjStrasseID="8626" ObjHausnummer="Wilhelm-Bluhm-Straße 24" ObjVorlage="2013-09-11 00:00:00.0" ObKeinKontakt="1" ObjArtID="1" Merkmal="0.0"/>
  <Objekte ObjID="10649" ObjAufnahme="1998-05-15" ObjStrasseID="8626" ObjHausnummer="Wilhelm-Bluhm-Straße 26" ObjVorlage="2013-09-11 00:00:00.0" ObKeinKontakt="1" ObjArtID="1" Merkmal="0.0"/>
  <Objekte ObjID="10650" ObjAufnahme="1998-05-15" ObjStrasseID="6478" ObjHausnummer="Friedrich-Ebert-Platz 1" ObjVorlage="2013-09-11 00:00:00.0" ObKeinKontakt="1" ObjArtID="1" Merkmal="0.0"/>
  <Objekte ObjID="10651" ObjAufnahme="1998-05-15" ObjStrasseID="6478" ObjHausnummer="Friedrich-Ebert-Platz 3" ObjVorlage="2013-09-11 00:00:00.0" ObKeinKontakt="1" ObjArtID="1" Merkmal="0.0"/>
  <Objekte ObjID="10652" ObjAufnahme="1998-05-15" ObjStrasseID="6478" ObjHausnummer="Friedrich-Ebert-Platz 5" ObjVorlage="2013-09-11 00:00:00.0" ObKeinKontakt="1" ObjArtID="1" Merkmal="0.0"/>
  <Objekte ObjID="10653" ObjAufnahme="1998-05-15" ObjStrasseID="6478" ObjHausnummer="Friedrich-Ebert-Platz 7" ObjVorlage="2013-09-11 00:00:00.0" ObKeinKontakt="1" ObjArtID="1" Merkmal="0.0"/>
  <Objekte ObjID="10654" ObjAufnahme="1998-05-15" ObjStrasseID="6808" ObjHausnummer="Heinrich-Meister-Allee 2" ObjVorlage="2013-09-11 00:00:00.0" ObKeinKontakt="1" ObjArtID="1" Merkmal="0.0"/>
  <Objekte ObjID="10655" ObjAufnahme="1998-05-15" ObjStrasseID="6808" ObjHausnummer="Heinrich-Meister-Allee 4" ObjVorlage="2013-09-11 00:00:00.0" ObKeinKontakt="1" ObjArtID="1" Merkmal="0.0"/>
  <Objekte ObjID="10656" ObjAufnahme="1998-05-15" ObjStrasseID="6808" ObjHausnummer="Heinrich-Meister-Allee 6" ObjVorlage="2013-09-11 00:00:00.0" ObKeinKontakt="1" ObjArtID="1" Merkmal="0.0"/>
  <Objekte ObjID="10657" ObjAufnahme="1998-05-15" ObjStrasseID="6808" ObjHausnummer="Heinrich-Meister-Allee 8" ObjVorlage="2013-09-11 00:00:00.0" ObKeinKontakt="1" ObjArtID="1" Merkmal="0.0"/>
  <Objekte ObjID="10658" ObjAufnahme="1998-05-15" ObjStrasseID="6808" ObjHausnummer="Heinrich-Meister-Allee 10" ObjVorlage="2013-09-11 00:00:00.0" ObKeinKontakt="1" ObjArtID="1" Merkmal="0.0"/>
  <Objekte ObjID="10659" ObjAufnahme="1998-05-15" ObjStrasseID="6808" ObjHausnummer="Heinrich-Meister-Allee 12" ObjVorlage="2013-09-11 00:00:00.0" ObKeinKontakt="1" ObjArtID="1" Merkmal="0.0"/>
  <Objekte ObjID="10660" ObjAufnahme="1998-05-15" ObjStrasseID="6808" ObjHausnummer="Heinrich-Meister-Allee 14" ObjVorlage="2013-09-11 00:00:00.0" ObKeinKontakt="1" ObjArtID="1" Merkmal="0.0"/>
  <Objekte ObjID="10661" ObjAufnahme="1998-05-15" ObjStrasseID="6808" ObjHausnummer="Heinrich-Meister-Allee 16" ObjVorlage="2013-09-11 00:00:00.0" ObKeinKontakt="1" ObjArtID="1" Merkmal="0.0"/>
  <Objekte ObjID="10662" ObjAufnahme="1998-05-15" ObjStrasseID="6808" ObjHausnummer="Heinrich-Meister-Allee 18" ObjVorlage="2013-09-11 00:00:00.0" ObKeinKontakt="1" ObjArtID="1" Merkmal="0.0"/>
  <Objekte ObjID="10663" ObjAufnahme="1998-05-15" ObjStrasseID="7222" ObjHausnummer="Konrad-Hänisch-Straße 2" ObjVorlage="2013-09-11 00:00:00.0" ObKeinKontakt="1" ObjArtID="1" Merkmal="0.0"/>
  <Objekte ObjID="10664" ObjAufnahme="1998-05-15" ObjStrasseID="7222" ObjHausnummer="Konrad-Hänisch-Straße 4" ObjVorlage="2013-09-11 00:00:00.0" ObKeinKontakt="1" ObjArtID="1" Merkmal="0.0"/>
  <Objekte ObjID="10665" ObjAufnahme="1998-05-15" ObjStrasseID="7892" ObjHausnummer="Ricklinger Stadtweg 75" ObjVorlage="2013-09-11 00:00:00.0" ObKeinKontakt="1" ObjArtID="1" Merkmal="0.0"/>
  <Objekte ObjID="10666" ObjAufnahme="1998-05-15" ObjStrasseID="7892" ObjHausnummer="Ricklinger Stadtweg 77" ObjVorlage="2013-09-11 00:00:00.0" ObKeinKontakt="1" ObjArtID="1" Merkmal="0.0"/>
  <Objekte ObjID="10667" ObjAufnahme="1998-05-15" ObjStrasseID="7892" ObjHausnummer="Ricklinger Stadtweg 79" ObjVorlage="2013-09-11 00:00:00.0" ObKeinKontakt="1" ObjArtID="1" Merkmal="0.0"/>
  <Objekte ObjID="10668" ObjAufnahme="1998-05-15" ObjStrasseID="7892" ObjHausnummer="Ricklinger Stadtweg 81" ObjVorlage="2013-09-11 00:00:00.0" ObKeinKontakt="1" ObjArtID="1" Merkmal="0.0"/>
  <Objekte ObjID="10669" ObjAufnahme="1998-05-15" ObjStrasseID="7892" ObjHausnummer="Ricklinger Stadtweg 83" ObjVorlage="2013-09-11 00:00:00.0" ObKeinKontakt="1" ObjArtID="1" Merkmal="0.0"/>
  <Objekte ObjID="10670" ObjAufnahme="1998-05-15" ObjStrasseID="7892" ObjHausnummer="Ricklinger Stadtweg 85" ObjVorlage="2013-09-11 00:00:00.0" ObKeinKontakt="1" ObjArtID="1" Merkmal="0.0"/>
  <Objekte ObjID="10671" ObjAufnahme="1998-05-15" ObjStrasseID="7892" ObjHausnummer="Ricklinger Stadtweg 87" ObjVorlage="2013-09-11 00:00:00.0" ObKeinKontakt="1" ObjArtID="1" Merkmal="0.0"/>
  <Objekte ObjID="10672" ObjAufnahme="1998-05-15" ObjStrasseID="7892" ObjHausnummer="Ricklinger Stadtweg 89" ObjVorlage="2013-09-11 00:00:00.0" ObKeinKontakt="1" ObjArtID="1" Merkmal="0.0"/>
  <Objekte ObjID="10673" ObjAufnahme="1998-05-15" ObjStrasseID="7892" ObjHausnummer="Ricklinger Stadtweg 91" ObjVorlage="2013-09-11 00:00:00.0" ObKeinKontakt="1" ObjArtID="1" Merkmal="0.0"/>
  <Objekte ObjID="10674" ObjAufnahme="1998-05-15" ObjStrasseID="7892" ObjHausnummer="Ricklinger Stadtweg 93" ObjVorlage="2013-09-11 00:00:00.0" ObKeinKontakt="1" ObjArtID="1" Merkmal="0.0"/>
  <Objekte ObjID="10675" ObjAufnahme="1998-05-15" ObjStrasseID="7892" ObjHausnummer="Ricklinger Stadtweg 95" ObjVorlage="2013-09-11 00:00:00.0" ObKeinKontakt="1" ObjArtID="1" Merkmal="0.0"/>
  <Objekte ObjID="10676" ObjAufnahme="1998-05-15" ObjStrasseID="7892" ObjHausnummer="Ricklinger Stadtweg 97" ObjVorlage="2013-09-11 00:00:00.0" ObKeinKontakt="1" ObjArtID="1" Merkmal="0.0"/>
  <Objekte ObjID="10677" ObjAufnahme="1998-05-15" ObjStrasseID="7222" ObjHausnummer="Konrad-Hänisch-Straße 1" ObjVorlage="2013-09-11 00:00:00.0" ObKeinKontakt="1" ObjArtID="1" Merkmal="0.0"/>
  <Objekte ObjID="10678" ObjAufnahme="1998-05-15" ObjStrasseID="7222" ObjHausnummer="Konrad-Hänisch-Straße 3" ObjVorlage="2013-09-11 00:00:00.0" ObKeinKontakt="1" ObjArtID="1" Merkmal="0.0"/>
  <Objekte ObjID="10679" ObjAufnahme="1998-05-15" ObjStrasseID="7892" ObjHausnummer="Ricklinger Stadtweg 69" ObjVorlage="2013-09-11 00:00:00.0" ObKeinKontakt="1" ObjArtID="1" Merkmal="0.0"/>
  <Objekte ObjID="10680" ObjAufnahme="1998-05-15" ObjStrasseID="7892" ObjHausnummer="Ricklinger Stadtweg 71" ObjVorlage="2013-09-11 00:00:00.0" ObKeinKontakt="1" ObjArtID="1" Merkmal="0.0"/>
  <Objekte ObjID="10681" ObjAufnahme="1998-05-15" ObjStrasseID="7892" ObjHausnummer="Ricklinger Stadtweg 73" ObjVorlage="2013-09-11 00:00:00.0" ObKeinKontakt="1" ObjArtID="1" Merkmal="0.0"/>
  <Objekte ObjID="10682" ObjAufnahme="1998-05-15" ObjStrasseID="5889" ObjHausnummer="Bebelstraße 2" ObjVorlage="2013-09-11 00:00:00.0" ObKeinKontakt="1" ObjArtID="1" Merkmal="0.0"/>
  <Objekte ObjID="10683" ObjAufnahme="1998-05-15" ObjStrasseID="5889" ObjHausnummer="Bebelstraße 4" ObjVorlage="2013-09-11 00:00:00.0" ObKeinKontakt="1" ObjArtID="1" Merkmal="0.0"/>
  <Objekte ObjID="10684" ObjAufnahme="1998-05-15" ObjStrasseID="5889" ObjHausnummer="Bebelstraße 6" ObjVorlage="2013-09-11 00:00:00.0" ObKeinKontakt="1" ObjArtID="1" Merkmal="0.0"/>
  <Objekte ObjID="10685" ObjAufnahme="1998-05-15" ObjStrasseID="5889" ObjHausnummer="Bebelstraße 8" ObjVorlage="2013-09-11 00:00:00.0" ObKeinKontakt="1" ObjArtID="1" Merkmal="0.0"/>
  <Objekte ObjID="10686" ObjAufnahme="1998-05-15" ObjStrasseID="5889" ObjHausnummer="Bebelstraße 10" ObjVorlage="2013-09-11 00:00:00.0" ObKeinKontakt="1" ObjArtID="1" Merkmal="0.0"/>
  <Objekte ObjID="10687" ObjAufnahme="1998-05-15" ObjStrasseID="5889" ObjHausnummer="Bebelstraße 12" ObjVorlage="2013-09-11 00:00:00.0" ObKeinKontakt="1" ObjArtID="1" Merkmal="0.0"/>
  <Objekte ObjID="10688" ObjAufnahme="1998-05-15" ObjStrasseID="5889" ObjHausnummer="Bebelstraße 14" ObjVorlage="2013-09-11 00:00:00.0" ObKeinKontakt="1" ObjArtID="1" Merkmal="0.0"/>
  <Objekte ObjID="10689" ObjAufnahme="1998-05-15" ObjStrasseID="5889" ObjHausnummer="Bebelstraße 16" ObjVorlage="2013-09-11 00:00:00.0" ObKeinKontakt="1" ObjArtID="1" Merkmal="0.0"/>
  <Objekte ObjID="10690" ObjAufnahme="1998-05-15" ObjStrasseID="5889" ObjHausnummer="Bebelstraße 18" ObjVorlage="2013-09-11 00:00:00.0" ObKeinKontakt="1" ObjArtID="1" Merkmal="0.0"/>
  <Objekte ObjID="10691" ObjAufnahme="1998-05-15" ObjStrasseID="5889" ObjHausnummer="Bebelstraße 20" ObjVorlage="2013-09-11 00:00:00.0" ObKeinKontakt="1" ObjArtID="1" Merkmal="0.0"/>
  <Objekte ObjID="10692" ObjAufnahme="1998-05-15" ObjStrasseID="5889" ObjHausnummer="Bebelstraße 22" ObjVorlage="2013-09-11 00:00:00.0" ObKeinKontakt="1" ObjArtID="1" Merkmal="0.0"/>
  <Objekte ObjID="10693" ObjAufnahme="1998-05-15" ObjStrasseID="6478" ObjHausnummer="Friedrich-Ebert-Platz 9" ObjVorlage="2013-09-11 00:00:00.0" ObKeinKontakt="1" ObjArtID="1" Merkmal="0.0"/>
  <Objekte ObjID="10694" ObjAufnahme="1998-05-15" ObjStrasseID="6808" ObjHausnummer="Heinrich-Meister-Allee 1" ObjVorlage="2013-09-11 00:00:00.0" ObKeinKontakt="1" ObjArtID="1" Merkmal="0.0"/>
  <Objekte ObjID="10695" ObjAufnahme="1998-05-15" ObjStrasseID="6808" ObjHausnummer="Heinrich-Meister-Allee 1A" ObjVorlage="2013-09-11 00:00:00.0" ObKeinKontakt="1" ObjArtID="1" Merkmal="0.0"/>
  <Objekte ObjID="10696" ObjAufnahme="1998-05-15" ObjStrasseID="6808" ObjHausnummer="Heinrich-Meister-Allee 3" ObjVorlage="2013-09-11 00:00:00.0" ObKeinKontakt="1" ObjArtID="1" Merkmal="0.0"/>
  <Objekte ObjID="10697" ObjAufnahme="1998-05-15" ObjStrasseID="6808" ObjHausnummer="Heinrich-Meister-Allee 5" ObjVorlage="2013-09-11 00:00:00.0" ObKeinKontakt="1" ObjArtID="1" Merkmal="0.0"/>
  <Objekte ObjID="10698" ObjAufnahme="1998-05-15" ObjStrasseID="6808" ObjHausnummer="Heinrich-Meister-Allee 7" ObjVorlage="2013-09-11 00:00:00.0" ObKeinKontakt="1" ObjArtID="1" Merkmal="0.0"/>
  <Objekte ObjID="10699" ObjAufnahme="1998-05-15" ObjStrasseID="6808" ObjHausnummer="Heinrich-Meister-Allee 9" ObjVorlage="2013-09-11 00:00:00.0" ObKeinKontakt="1" ObjArtID="1" Merkmal="0.0"/>
  <Objekte ObjID="10700" ObjAufnahme="1998-05-15" ObjStrasseID="6808" ObjHausnummer="Heinrich-Meister-Allee 11" ObjVorlage="2013-09-11 00:00:00.0" ObKeinKontakt="1" ObjArtID="1" Merkmal="0.0"/>
  <Objekte ObjID="10701" ObjAufnahme="1998-05-15" ObjStrasseID="6808" ObjHausnummer="Heinrich-Meister-Allee 13" ObjVorlage="2013-09-11 00:00:00.0" ObKeinKontakt="1" ObjArtID="1" Merkmal="0.0"/>
  <Objekte ObjID="10702" ObjAufnahme="1998-05-15" ObjStrasseID="6808" ObjHausnummer="Heinrich-Meister-Allee 15" ObjVorlage="2013-09-11 00:00:00.0" ObKeinKontakt="1" ObjArtID="1" Merkmal="0.0"/>
  <Objekte ObjID="10703" ObjAufnahme="1998-05-15" ObjStrasseID="6808" ObjHausnummer="Heinrich-Meister-Allee 17" ObjVorlage="2013-09-11 00:00:00.0" ObKeinKontakt="1" ObjArtID="1" Merkmal="0.0"/>
  <Objekte ObjID="10704" ObjAufnahme="1998-05-15" ObjStrasseID="6808" ObjHausnummer="Heinrich-Meister-Allee 19" ObjVorlage="2013-09-11 00:00:00.0" ObKeinKontakt="1" ObjArtID="1" Merkmal="0.0"/>
  <Objekte ObjID="10705" ObjAufnahme="1998-05-15" ObjStrasseID="7222" ObjHausnummer="Konrad-Hänisch-Straße 6" ObjVorlage="2013-09-11 00:00:00.0" ObKeinKontakt="1" ObjArtID="1" Merkmal="0.0"/>
  <Objekte ObjID="10706" ObjAufnahme="1998-05-15" ObjStrasseID="7222" ObjHausnummer="Konrad-Hänisch-Straße 8" ObjVorlage="2013-09-11 00:00:00.0" ObKeinKontakt="1" ObjArtID="1" Merkmal="0.0"/>
  <Objekte ObjID="10707" ObjAufnahme="1998-05-16" ObjStrasseID="7553" ObjHausnummer="Möckernstraße 36A" ObjVorlage="2013-09-11 00:00:00.0" ObKeinKontakt="1" ObjArtID="1" Merkmal="0.0"/>
  <Objekte ObjID="10708" ObjAufnahme="1998-05-16" ObjStrasseID="6891" ObjHausnummer="Hirtenweg 28A" ObjVorlage="2013-09-11 00:00:00.0" ObKeinKontakt="1" ObjArtID="1" Merkmal="0.0"/>
  <Objekte ObjID="10709" ObjAufnahme="1998-05-16" ObjStrasseID="6891" ObjHausnummer="Hirtenweg 28" ObjVorlage="2013-09-11 00:00:00.0" ObKeinKontakt="1" ObjArtID="1" Merkmal="0.0"/>
  <Objekte ObjID="10711" ObjAufnahme="1998-05-16" ObjStrasseID="7398" ObjHausnummer="Linsingenstraße 46A" ObjVorlage="2013-09-11 00:00:00.0" ObKeinKontakt="1" ObjArtID="1" Merkmal="0.0"/>
  <Objekte ObjID="10712" ObjAufnahme="1998-05-16" ObjStrasseID="7398" ObjHausnummer="Linsingenstraße 18" ObjVorlage="2013-09-11 00:00:00.0" ObKeinKontakt="1" ObjArtID="1" Merkmal="0.0"/>
  <Objekte ObjID="10713" ObjAufnahme="1998-05-16" ObjStrasseID="7398" ObjHausnummer="Linsingenstraße 20" ObjVorlage="2013-09-11 00:00:00.0" ObKeinKontakt="1" ObjArtID="1" Merkmal="0.0"/>
  <Objekte ObjID="10714" ObjAufnahme="1998-05-16" ObjStrasseID="7398" ObjHausnummer="Linsingenstraße 22" ObjVorlage="2013-09-11 00:00:00.0" ObKeinKontakt="1" ObjArtID="1" Merkmal="0.0"/>
  <Objekte ObjID="10715" ObjAufnahme="1998-05-16" ObjStrasseID="7398" ObjHausnummer="Linsingenstraße 24" ObjVorlage="2013-09-11 00:00:00.0" ObKeinKontakt="1" ObjArtID="1" Merkmal="0.0"/>
  <Objekte ObjID="10716" ObjAufnahme="1998-05-16" ObjStrasseID="7398" ObjHausnummer="Linsingenstraße 26" ObjVorlage="2013-09-11 00:00:00.0" ObKeinKontakt="1" ObjArtID="1" Merkmal="0.0"/>
  <Objekte ObjID="10717" ObjAufnahme="1998-05-16" ObjStrasseID="7398" ObjHausnummer="Linsingenstraße 28" ObjVorlage="2013-09-11 00:00:00.0" ObKeinKontakt="1" ObjArtID="1" Merkmal="0.0"/>
  <Objekte ObjID="10718" ObjAufnahme="1998-05-16" ObjStrasseID="7398" ObjHausnummer="Linsingenstraße 30" ObjVorlage="2013-09-11 00:00:00.0" ObKeinKontakt="1" ObjArtID="1" Merkmal="0.0"/>
  <Objekte ObjID="10719" ObjAufnahme="1998-05-16" ObjStrasseID="7398" ObjHausnummer="Linsingenstraße 32" ObjVorlage="2013-09-11 00:00:00.0" ObKeinKontakt="1" ObjArtID="1" Merkmal="0.0"/>
  <Objekte ObjID="10720" ObjAufnahme="1998-05-16" ObjStrasseID="7398" ObjHausnummer="Linsingenstraße 34" ObjVorlage="2013-09-11 00:00:00.0" ObKeinKontakt="1" ObjArtID="1" Merkmal="0.0"/>
  <Objekte ObjID="10721" ObjAufnahme="1998-05-16" ObjStrasseID="7398" ObjHausnummer="Linsingenstraße 36" ObjVorlage="2013-09-11 00:00:00.0" ObKeinKontakt="1" ObjArtID="1" Merkmal="0.0"/>
  <Objekte ObjID="10722" ObjAufnahme="1998-05-16" ObjStrasseID="7398" ObjHausnummer="Linsingenstraße 38" ObjVorlage="2013-09-11 00:00:00.0" ObKeinKontakt="1" ObjArtID="1" Merkmal="0.0"/>
  <Objekte ObjID="10723" ObjAufnahme="1998-05-16" ObjStrasseID="7398" ObjHausnummer="Linsingenstraße 40" ObjVorlage="2013-09-11 00:00:00.0" ObKeinKontakt="1" ObjArtID="1" Merkmal="0.0"/>
  <Objekte ObjID="10724" ObjAufnahme="1998-05-16" ObjStrasseID="7398" ObjHausnummer="Linsingenstraße 42" ObjVorlage="2013-09-11 00:00:00.0" ObKeinKontakt="1" ObjArtID="1" Merkmal="0.0"/>
  <Objekte ObjID="10725" ObjAufnahme="1998-05-16" ObjStrasseID="7398" ObjHausnummer="Linsingenstraße 44" ObjVorlage="2013-09-11 00:00:00.0" ObKeinKontakt="1" ObjArtID="1" Merkmal="0.0"/>
  <Objekte ObjID="10726" ObjAufnahme="1998-05-16" ObjStrasseID="7398" ObjHausnummer="Linsingenstraße 46" ObjVorlage="2013-09-11 00:00:00.0" ObKeinKontakt="1" ObjArtID="1" Merkmal="0.0"/>
  <Objekte ObjID="10733" ObjAufnahme="1998-05-16" ObjStrasseID="6941" ObjHausnummer="Hurlebuschweg 12" ObjVorlage="2013-09-11 00:00:00.0" ObKeinKontakt="1" ObjArtID="1" Merkmal="0.0"/>
  <Objekte ObjID="10734" ObjAufnahme="1998-05-16" ObjStrasseID="6941" ObjHausnummer="Hurlebuschweg 14" ObjVorlage="2013-09-11 00:00:00.0" ObKeinKontakt="1" ObjArtID="1" Merkmal="0.0"/>
  <Objekte ObjID="10735" ObjAufnahme="1998-05-16" ObjStrasseID="6941" ObjHausnummer="Hurlebuschweg 16" ObjVorlage="2013-09-11 00:00:00.0" ObKeinKontakt="1" ObjArtID="1" Merkmal="0.0"/>
  <Objekte ObjID="10736" ObjAufnahme="1998-05-16" ObjStrasseID="6941" ObjHausnummer="Hurlebuschweg 18" ObjVorlage="2013-09-11 00:00:00.0" ObKeinKontakt="1" ObjArtID="1" Merkmal="0.0"/>
  <Objekte ObjID="10737" ObjAufnahme="1998-05-16" ObjStrasseID="6941" ObjHausnummer="Hurlebuschweg 20" ObjVorlage="2013-09-11 00:00:00.0" ObKeinKontakt="1" ObjArtID="1" Merkmal="0.0"/>
  <Objekte ObjID="10738" ObjAufnahme="1998-05-16" ObjStrasseID="6941" ObjHausnummer="Hurlebuschweg 22" ObjVorlage="2013-09-11 00:00:00.0" ObKeinKontakt="1" ObjArtID="1" Merkmal="0.0"/>
  <Objekte ObjID="10739" ObjAufnahme="1998-05-16" ObjStrasseID="7380" ObjHausnummer="Liepmannstraße 11" ObjVorlage="2013-09-11 00:00:00.0" ObKeinKontakt="1" ObjArtID="1" Merkmal="0.0"/>
  <Objekte ObjID="10740" ObjAufnahme="1998-05-16" ObjStrasseID="7380" ObjHausnummer="Liepmannstraße 13" ObjVorlage="2013-09-11 00:00:00.0" ObKeinKontakt="1" ObjArtID="1" Merkmal="0.0"/>
  <Objekte ObjID="10741" ObjAufnahme="1998-05-16" ObjStrasseID="7380" ObjHausnummer="Liepmannstraße 15" ObjVorlage="2013-09-11 00:00:00.0" ObKeinKontakt="1" ObjArtID="1" Merkmal="0.0"/>
  <Objekte ObjID="10742" ObjAufnahme="1998-05-16" ObjStrasseID="7380" ObjHausnummer="Liepmannstraße 17" ObjVorlage="2013-09-11 00:00:00.0" ObKeinKontakt="1" ObjArtID="1" Merkmal="0.0"/>
  <Objekte ObjID="10743" ObjAufnahme="1998-05-16" ObjStrasseID="7380" ObjHausnummer="Liepmannstraße 19" ObjVorlage="2013-09-11 00:00:00.0" ObKeinKontakt="1" ObjArtID="1" Merkmal="0.0"/>
  <Objekte ObjID="10744" ObjAufnahme="1998-05-16" ObjStrasseID="6742" ObjHausnummer="Harenberger Straße 117" ObjVorlage="2013-09-11 00:00:00.0" ObKeinKontakt="1" ObjArtID="1" Merkmal="0.0"/>
  <Objekte ObjID="10745" ObjAufnahme="1998-05-16" ObjStrasseID="6742" ObjHausnummer="Harenberger Straße 121" ObjVorlage="2013-09-11 00:00:00.0" ObKeinKontakt="1" ObjArtID="1" Merkmal="0.0"/>
  <Objekte ObjID="10746" ObjAufnahme="1998-05-16" ObjStrasseID="8714" ObjHausnummer="Zimmermannstraße 4" ObjVorlage="2013-09-11 00:00:00.0" ObKeinKontakt="1" ObjArtID="1" Merkmal="0.0"/>
  <Objekte ObjID="10747" ObjAufnahme="1998-05-16" ObjStrasseID="8714" ObjHausnummer="Zimmermannstraße 6" ObjVorlage="2013-09-11 00:00:00.0" ObKeinKontakt="1" ObjArtID="1" Merkmal="0.0"/>
  <Objekte ObjID="10748" ObjAufnahme="1998-05-16" ObjStrasseID="8714" ObjHausnummer="Zimmermannstraße 8" ObjVorlage="2013-09-11 00:00:00.0" ObKeinKontakt="1" ObjArtID="1" Merkmal="0.0"/>
  <Objekte ObjID="10749" ObjAufnahme="1998-05-16" ObjStrasseID="8714" ObjHausnummer="Zimmermannstraße 10" ObjVorlage="2013-09-11 00:00:00.0" ObKeinKontakt="1" ObjArtID="1" Merkmal="0.0"/>
  <Objekte ObjID="10750" ObjAufnahme="1998-05-16" ObjStrasseID="6478" ObjHausnummer="Friedrich-Ebert-Platz 4" ObjVorlage="2013-09-11 00:00:00.0" ObKeinKontakt="1" ObjArtID="1" Merkmal="0.0"/>
  <Objekte ObjID="10751" ObjAufnahme="1998-05-16" ObjStrasseID="6478" ObjHausnummer="Friedrich-Ebert-Platz 6" ObjVorlage="2013-09-11 00:00:00.0" ObKeinKontakt="1" ObjArtID="1" Merkmal="0.0"/>
  <Objekte ObjID="10752" ObjAufnahme="1998-05-16" ObjStrasseID="6478" ObjHausnummer="Friedrich-Ebert-Platz 8" ObjVorlage="2013-09-11 00:00:00.0" ObKeinKontakt="1" ObjArtID="1" Merkmal="0.0"/>
  <Objekte ObjID="10753" ObjAufnahme="1998-05-16" ObjStrasseID="6478" ObjHausnummer="Friedrich-Ebert-Platz 10" ObjVorlage="2013-09-11 00:00:00.0" ObKeinKontakt="1" ObjArtID="1" Merkmal="0.0"/>
  <Objekte ObjID="10754" ObjAufnahme="1998-05-16" ObjStrasseID="6478" ObjHausnummer="Friedrich-Ebert-Platz 12" ObjVorlage="2013-09-11 00:00:00.0" ObKeinKontakt="1" ObjArtID="1" Merkmal="0.0"/>
  <Objekte ObjID="10755" ObjAufnahme="1998-05-16" ObjStrasseID="6478" ObjHausnummer="Friedrich-Ebert-Platz 14" ObjVorlage="2013-09-11 00:00:00.0" ObKeinKontakt="1" ObjArtID="1" Merkmal="0.0"/>
  <Objekte ObjID="10756" ObjAufnahme="1998-05-16" ObjStrasseID="6478" ObjHausnummer="Friedrich-Ebert-Platz 16" ObjVorlage="2013-09-11 00:00:00.0" ObKeinKontakt="1" ObjArtID="1" Merkmal="0.0"/>
  <Objekte ObjID="10757" ObjAufnahme="1998-05-16" ObjStrasseID="6478" ObjHausnummer="Friedrich-Ebert-Platz 18" ObjVorlage="2013-09-11 00:00:00.0" ObKeinKontakt="1" ObjArtID="1" Merkmal="0.0"/>
  <Objekte ObjID="10758" ObjAufnahme="1998-05-16" ObjStrasseID="6479" ObjHausnummer="Friedrich-Ebert-Straße 1" ObjVorlage="2013-09-11 00:00:00.0" ObKeinKontakt="1" ObjArtID="1" Merkmal="0.0"/>
  <Objekte ObjID="10759" ObjAufnahme="1998-05-16" ObjStrasseID="6479" ObjHausnummer="Friedrich-Ebert-Straße 3" ObjVorlage="2013-09-11 00:00:00.0" ObKeinKontakt="1" ObjArtID="1" Merkmal="0.0"/>
  <Objekte ObjID="10760" ObjAufnahme="1998-05-16" ObjStrasseID="6479" ObjHausnummer="Friedrich-Ebert-Straße 5" ObjVorlage="2013-09-11 00:00:00.0" ObKeinKontakt="1" ObjArtID="1" Merkmal="0.0"/>
  <Objekte ObjID="10761" ObjAufnahme="1998-05-16" ObjStrasseID="6479" ObjHausnummer="Friedrich-Ebert-Straße 7" ObjVorlage="2013-09-11 00:00:00.0" ObKeinKontakt="1" ObjArtID="1" Merkmal="0.0"/>
  <Objekte ObjID="10762" ObjAufnahme="1998-05-16" ObjStrasseID="6479" ObjHausnummer="Friedrich-Ebert-Straße 9" ObjVorlage="2013-09-11 00:00:00.0" ObKeinKontakt="1" ObjArtID="1" Merkmal="0.0"/>
  <Objekte ObjID="10763" ObjAufnahme="1998-05-16" ObjStrasseID="6479" ObjHausnummer="Friedrich-Ebert-Straße 11" ObjVorlage="2013-09-11 00:00:00.0" ObKeinKontakt="1" ObjArtID="1" Merkmal="0.0"/>
  <Objekte ObjID="10764" ObjAufnahme="1998-05-16" ObjStrasseID="6479" ObjHausnummer="Friedrich-Ebert-Straße 13" ObjVorlage="2013-09-11 00:00:00.0" ObKeinKontakt="1" ObjArtID="1" Merkmal="0.0"/>
  <Objekte ObjID="10765" ObjAufnahme="1998-05-16" ObjStrasseID="6479" ObjHausnummer="Friedrich-Ebert-Straße 1A" ObjVorlage="2013-09-11 00:00:00.0" ObKeinKontakt="1" ObjArtID="1" Merkmal="0.0"/>
  <Objekte ObjID="10766" ObjAufnahme="1998-05-16" ObjStrasseID="6479" ObjHausnummer="Friedrich-Ebert-Straße 3A" ObjVorlage="2013-09-11 00:00:00.0" ObKeinKontakt="1" ObjArtID="1" Merkmal="0.0"/>
  <Objekte ObjID="10767" ObjAufnahme="1998-05-16" ObjStrasseID="6479" ObjHausnummer="Friedrich-Ebert-Straße 5A" ObjVorlage="2013-09-11 00:00:00.0" ObKeinKontakt="1" ObjArtID="1" Merkmal="0.0"/>
  <Objekte ObjID="10768" ObjAufnahme="1998-05-16" ObjStrasseID="7892" ObjHausnummer="Ricklinger Stadtweg 101" ObjVorlage="2013-09-11 00:00:00.0" ObKeinKontakt="1" ObjArtID="1" Merkmal="0.0"/>
  <Objekte ObjID="10769" ObjAufnahme="1998-05-16" ObjStrasseID="7892" ObjHausnummer="Ricklinger Stadtweg 103" ObjVorlage="2013-09-11 00:00:00.0" ObKeinKontakt="1" ObjArtID="1" Merkmal="0.0"/>
  <Objekte ObjID="10770" ObjAufnahme="1998-05-16" ObjStrasseID="7892" ObjHausnummer="Ricklinger Stadtweg 105" ObjVorlage="2013-09-11 00:00:00.0" ObKeinKontakt="1" ObjArtID="1" Merkmal="0.0"/>
  <Objekte ObjID="10771" ObjAufnahme="1998-05-16" ObjStrasseID="7892" ObjHausnummer="Ricklinger Stadtweg 107" ObjVorlage="2013-09-11 00:00:00.0" ObKeinKontakt="1" ObjArtID="1" Merkmal="0.0"/>
  <Objekte ObjID="10772" ObjAufnahme="1998-05-16" ObjStrasseID="7892" ObjHausnummer="Ricklinger Stadtweg 107A" ObjVorlage="2013-09-11 00:00:00.0" ObKeinKontakt="1" ObjArtID="1" Merkmal="0.0"/>
  <Objekte ObjID="10773" ObjAufnahme="1998-05-16" ObjStrasseID="7892" ObjHausnummer="Ricklinger Stadtweg 107B" ObjVorlage="2013-09-11 00:00:00.0" ObKeinKontakt="1" ObjArtID="1" Merkmal="0.0"/>
  <Objekte ObjID="10774" ObjAufnahme="1998-05-16" ObjStrasseID="7892" ObjHausnummer="Ricklinger Stadtweg 107C" ObjVorlage="2013-09-11 00:00:00.0" ObKeinKontakt="1" ObjArtID="1" Merkmal="0.0"/>
  <Objekte ObjID="10775" ObjAufnahme="1998-05-16" ObjStrasseID="7892" ObjHausnummer="Ricklinger Stadtweg 107D" ObjVorlage="2013-09-11 00:00:00.0" ObKeinKontakt="1" ObjArtID="1" Merkmal="0.0"/>
  <Objekte ObjID="10776" ObjAufnahme="1998-05-16" ObjStrasseID="7892" ObjHausnummer="Ricklinger Stadtweg 107E" ObjVorlage="2013-09-11 00:00:00.0" ObKeinKontakt="1" ObjArtID="1" Merkmal="0.0"/>
  <Objekte ObjID="10777" ObjAufnahme="1998-05-16" ObjStrasseID="7892" ObjHausnummer="Ricklinger Stadtweg 107F" ObjVorlage="2013-09-11 00:00:00.0" ObKeinKontakt="1" ObjArtID="1" Merkmal="0.0"/>
  <Objekte ObjID="10778" ObjAufnahme="1998-05-16" ObjStrasseID="7892" ObjHausnummer="Ricklinger Stadtweg 107G" ObjVorlage="2013-09-11 00:00:00.0" ObKeinKontakt="1" ObjArtID="1" Merkmal="0.0"/>
  <Objekte ObjID="10779" ObjAufnahme="1998-05-16" ObjStrasseID="5889" ObjHausnummer="Bebelstraße 1" ObjVorlage="2013-09-11 00:00:00.0" ObKeinKontakt="1" ObjArtID="1" Merkmal="0.0"/>
  <Objekte ObjID="10780" ObjAufnahme="1998-05-16" ObjStrasseID="5889" ObjHausnummer="Bebelstraße 3" ObjVorlage="2013-09-11 00:00:00.0" ObKeinKontakt="1" ObjArtID="1" Merkmal="0.0"/>
  <Objekte ObjID="10781" ObjAufnahme="1998-05-16" ObjStrasseID="5889" ObjHausnummer="Bebelstraße 5" ObjVorlage="2013-09-11 00:00:00.0" ObKeinKontakt="1" ObjArtID="1" Merkmal="0.0"/>
  <Objekte ObjID="10782" ObjAufnahme="1998-05-16" ObjStrasseID="5889" ObjHausnummer="Bebelstraße 7" ObjVorlage="2013-09-11 00:00:00.0" ObKeinKontakt="1" ObjArtID="1" Merkmal="0.0"/>
  <Objekte ObjID="10783" ObjAufnahme="1998-05-16" ObjStrasseID="5889" ObjHausnummer="Bebelstraße 9" ObjVorlage="2013-09-11 00:00:00.0" ObKeinKontakt="1" ObjArtID="1" Merkmal="0.0"/>
  <Objekte ObjID="10784" ObjAufnahme="1998-05-16" ObjStrasseID="5889" ObjHausnummer="Bebelstraße 11" ObjVorlage="2013-09-11 00:00:00.0" ObKeinKontakt="1" ObjArtID="1" Merkmal="0.0"/>
  <Objekte ObjID="10785" ObjAufnahme="1998-05-16" ObjStrasseID="5889" ObjHausnummer="Bebelstraße 13" ObjVorlage="2013-09-11 00:00:00.0" ObKeinKontakt="1" ObjArtID="1" Merkmal="0.0"/>
  <Objekte ObjID="10786" ObjAufnahme="1998-05-16" ObjStrasseID="5889" ObjHausnummer="Bebelstraße 15" ObjVorlage="2013-09-11 00:00:00.0" ObKeinKontakt="1" ObjArtID="1" Merkmal="0.0"/>
  <Objekte ObjID="10787" ObjAufnahme="1998-05-16" ObjStrasseID="5889" ObjHausnummer="Bebelstraße 17" ObjVorlage="2013-09-11 00:00:00.0" ObKeinKontakt="1" ObjArtID="1" Merkmal="0.0"/>
  <Objekte ObjID="10788" ObjAufnahme="1998-05-16" ObjStrasseID="5889" ObjHausnummer="Bebelstraße 19" ObjVorlage="2013-09-11 00:00:00.0" ObKeinKontakt="1" ObjArtID="1" Merkmal="0.0"/>
  <Objekte ObjID="10789" ObjAufnahme="1998-05-16" ObjStrasseID="5889" ObjHausnummer="Bebelstraße 21" ObjVorlage="2013-09-11 00:00:00.0" ObKeinKontakt="1" ObjArtID="1" Merkmal="0.0"/>
  <Objekte ObjID="10790" ObjAufnahme="1998-05-16" ObjStrasseID="5889" ObjHausnummer="Bebelstraße 23" ObjVorlage="2013-09-11 00:00:00.0" ObKeinKontakt="1" ObjArtID="1" Merkmal="0.0"/>
  <Objekte ObjID="10791" ObjAufnahme="1998-05-16" ObjStrasseID="6478" ObjHausnummer="Friedrich-Ebert-Platz 11" ObjVorlage="2013-09-11 00:00:00.0" ObKeinKontakt="1" ObjArtID="1" Merkmal="0.0"/>
  <Objekte ObjID="10792" ObjAufnahme="1998-05-16" ObjStrasseID="6479" ObjHausnummer="Friedrich-Ebert-Straße 15" ObjVorlage="2013-09-11 00:00:00.0" ObKeinKontakt="1" ObjArtID="1" Merkmal="0.0"/>
  <Objekte ObjID="10793" ObjAufnahme="1998-05-16" ObjStrasseID="6479" ObjHausnummer="Friedrich-Ebert-Straße 17" ObjVorlage="2013-09-11 00:00:00.0" ObKeinKontakt="1" ObjArtID="1" Merkmal="0.0"/>
  <Objekte ObjID="10794" ObjAufnahme="1998-05-16" ObjStrasseID="6479" ObjHausnummer="Friedrich-Ebert-Straße 19" ObjVorlage="2013-09-11 00:00:00.0" ObKeinKontakt="1" ObjArtID="1" Merkmal="0.0"/>
  <Objekte ObjID="10795" ObjAufnahme="1998-05-16" ObjStrasseID="6479" ObjHausnummer="Friedrich-Ebert-Straße 21" ObjVorlage="2013-09-11 00:00:00.0" ObKeinKontakt="1" ObjArtID="1" Merkmal="0.0"/>
  <Objekte ObjID="10796" ObjAufnahme="1998-05-16" ObjStrasseID="6479" ObjHausnummer="Friedrich-Ebert-Straße 23" ObjVorlage="2013-09-11 00:00:00.0" ObKeinKontakt="1" ObjArtID="1" Merkmal="0.0"/>
  <Objekte ObjID="10797" ObjAufnahme="1998-05-16" ObjStrasseID="6479" ObjHausnummer="Friedrich-Ebert-Straße 25" ObjVorlage="2013-09-11 00:00:00.0" ObKeinKontakt="1" ObjArtID="1" Merkmal="0.0"/>
  <Objekte ObjID="10798" ObjAufnahme="1998-05-16" ObjStrasseID="6479" ObjHausnummer="Friedrich-Ebert-Straße 27" ObjVorlage="2013-09-11 00:00:00.0" ObKeinKontakt="1" ObjArtID="1" Merkmal="0.0"/>
  <Objekte ObjID="10799" ObjAufnahme="1998-05-16" ObjStrasseID="6479" ObjHausnummer="Friedrich-Ebert-Straße 25A" ObjVorlage="2013-09-11 00:00:00.0" ObKeinKontakt="1" ObjArtID="1" Merkmal="0.0"/>
  <Objekte ObjID="10800" ObjAufnahme="1998-05-16" ObjStrasseID="7222" ObjHausnummer="Konrad-Hänisch-Straße 10" ObjVorlage="2013-09-11 00:00:00.0" ObKeinKontakt="1" ObjArtID="1" Merkmal="0.0"/>
  <Objekte ObjID="10801" ObjAufnahme="1998-05-16" ObjStrasseID="7222" ObjHausnummer="Konrad-Hänisch-Straße 12" ObjVorlage="2013-09-11 00:00:00.0" ObKeinKontakt="1" ObjArtID="1" Merkmal="0.0"/>
  <Objekte ObjID="10802" ObjAufnahme="1998-05-16" ObjStrasseID="7222" ObjHausnummer="Konrad-Hänisch-Straße 14" ObjVorlage="2013-09-11 00:00:00.0" ObKeinKontakt="1" ObjArtID="1" Merkmal="0.0"/>
  <Objekte ObjID="10803" ObjAufnahme="1998-05-16" ObjStrasseID="6479" ObjHausnummer="Friedrich-Ebert-Straße 4" ObjVorlage="2013-09-11 00:00:00.0" ObKeinKontakt="1" ObjArtID="1" Merkmal="0.0"/>
  <Objekte ObjID="10804" ObjAufnahme="1998-05-16" ObjStrasseID="6609" ObjHausnummer="Göttinger Chaussee 11" ObjVorlage="2013-09-11 00:00:00.0" ObKeinKontakt="1" ObjArtID="1" Merkmal="0.0"/>
  <Objekte ObjID="10805" ObjAufnahme="1998-05-16" ObjStrasseID="6609" ObjHausnummer="Göttinger Chaussee 13" ObjVorlage="2013-09-11 00:00:00.0" ObKeinKontakt="1" ObjArtID="1" Merkmal="0.0"/>
  <Objekte ObjID="10806" ObjAufnahme="1998-05-16" ObjStrasseID="6609" ObjHausnummer="Göttinger Chaussee 15" ObjVorlage="2013-09-11 00:00:00.0" ObKeinKontakt="1" ObjArtID="1" Merkmal="0.0"/>
  <Objekte ObjID="10807" ObjAufnahme="1998-05-16" ObjStrasseID="6609" ObjHausnummer="Göttinger Chaussee 17" ObjVorlage="2013-09-11 00:00:00.0" ObKeinKontakt="1" ObjArtID="1" Merkmal="0.0"/>
  <Objekte ObjID="10808" ObjAufnahme="1998-05-16" ObjStrasseID="6609" ObjHausnummer="Göttinger Chaussee 19" ObjVorlage="2013-09-11 00:00:00.0" ObKeinKontakt="1" ObjArtID="1" Merkmal="0.0"/>
  <Objekte ObjID="10809" ObjAufnahme="1998-05-16" ObjStrasseID="6609" ObjHausnummer="Göttinger Chaussee 21" ObjVorlage="2013-09-11 00:00:00.0" ObKeinKontakt="1" ObjArtID="1" Merkmal="0.0"/>
  <Objekte ObjID="10810" ObjAufnahme="1998-05-16" ObjStrasseID="6609" ObjHausnummer="Göttinger Chaussee 23" ObjVorlage="2013-09-11 00:00:00.0" ObKeinKontakt="1" ObjArtID="1" Merkmal="0.0"/>
  <Objekte ObjID="10811" ObjAufnahme="1998-05-16" ObjStrasseID="6609" ObjHausnummer="Göttinger Chaussee 25" ObjVorlage="2013-09-11 00:00:00.0" ObKeinKontakt="1" ObjArtID="1" Merkmal="0.0"/>
  <Objekte ObjID="10812" ObjAufnahme="1998-05-16" ObjStrasseID="6609" ObjHausnummer="Göttinger Chaussee 27" ObjVorlage="2013-09-11 00:00:00.0" ObKeinKontakt="1" ObjArtID="1" Merkmal="0.0"/>
  <Objekte ObjID="10813" ObjAufnahme="1998-05-16" ObjStrasseID="6609" ObjHausnummer="Göttinger Chaussee 29" ObjVorlage="2013-09-11 00:00:00.0" ObKeinKontakt="1" ObjArtID="1" Merkmal="0.0"/>
  <Objekte ObjID="10814" ObjAufnahme="1998-05-16" ObjStrasseID="6609" ObjHausnummer="Göttinger Chaussee 31" ObjVorlage="2013-09-11 00:00:00.0" ObKeinKontakt="1" ObjArtID="1" Merkmal="0.0"/>
  <Objekte ObjID="10815" ObjAufnahme="1998-05-16" ObjStrasseID="6609" ObjHausnummer="Göttinger Chaussee 33" ObjVorlage="2013-09-11 00:00:00.0" ObKeinKontakt="1" ObjArtID="1" Merkmal="0.0"/>
  <Objekte ObjID="10816" ObjAufnahme="1998-05-16" ObjStrasseID="6609" ObjHausnummer="Göttinger Chaussee 35" ObjVorlage="2013-09-11 00:00:00.0" ObKeinKontakt="1" ObjArtID="1" Merkmal="0.0"/>
  <Objekte ObjID="10818" ObjAufnahme="1998-05-16" ObjStrasseID="6801" ObjHausnummer="Heinrich-Heine-Straße 41" ObjVorlage="2013-09-11 00:00:00.0" ObKeinKontakt="1" ObjArtID="1" Merkmal="0.0"/>
  <Objekte ObjID="10819" ObjAufnahme="1998-05-16" ObjStrasseID="6801" ObjHausnummer="Heinrich-Heine-Straße 43" ObjVorlage="2013-09-11 00:00:00.0" ObKeinKontakt="1" ObjArtID="1" Merkmal="0.0"/>
  <Objekte ObjID="10820" ObjAufnahme="1998-05-16" ObjStrasseID="6801" ObjHausnummer="Heinrich-Heine-Straße 45" ObjVorlage="2013-09-11 00:00:00.0" ObKeinKontakt="1" ObjArtID="1" Merkmal="0.0"/>
  <Objekte ObjID="10821" ObjAufnahme="1998-05-16" ObjStrasseID="5938" ObjHausnummer="Bertha-von-Suttner-Platz 9" ObjVorlage="2013-09-11 00:00:00.0" ObKeinKontakt="1" ObjArtID="1" Merkmal="0.0"/>
  <Objekte ObjID="10822" ObjAufnahme="1998-05-16" ObjStrasseID="7600" ObjHausnummer="Nachtigalstraße 2" ObjVorlage="2013-09-11 00:00:00.0" ObKeinKontakt="1" ObjArtID="1" Merkmal="0.0"/>
  <Objekte ObjID="10823" ObjAufnahme="1998-05-16" ObjStrasseID="7600" ObjHausnummer="Nachtigalstraße 4" ObjVorlage="2013-09-11 00:00:00.0" ObKeinKontakt="1" ObjArtID="1" Merkmal="0.0"/>
  <Objekte ObjID="10824" ObjAufnahme="1998-05-16" ObjStrasseID="7600" ObjHausnummer="Nachtigalstraße 6" ObjVorlage="2013-09-11 00:00:00.0" ObKeinKontakt="1" ObjArtID="1" Merkmal="0.0"/>
  <Objekte ObjID="10825" ObjAufnahme="1998-05-16" ObjStrasseID="7600" ObjHausnummer="Nachtigalstraße 8" ObjVorlage="2013-09-11 00:00:00.0" ObKeinKontakt="1" ObjArtID="1" Merkmal="0.0"/>
  <Objekte ObjID="10826" ObjAufnahme="1998-05-16" ObjStrasseID="7600" ObjHausnummer="Nachtigalstraße 10" ObjVorlage="2013-09-11 00:00:00.0" ObKeinKontakt="1" ObjArtID="1" Merkmal="0.0"/>
  <Objekte ObjID="10827" ObjAufnahme="1998-05-16" ObjStrasseID="7600" ObjHausnummer="Nachtigalstraße 12" ObjVorlage="2013-09-11 00:00:00.0" ObKeinKontakt="1" ObjArtID="1" Merkmal="0.0"/>
  <Objekte ObjID="10828" ObjAufnahme="1998-05-16" ObjStrasseID="7600" ObjHausnummer="Nachtigalstraße 14" ObjVorlage="2013-09-11 00:00:00.0" ObKeinKontakt="1" ObjArtID="1" Merkmal="0.0"/>
  <Objekte ObjID="10829" ObjAufnahme="1998-05-16" ObjStrasseID="8312" ObjHausnummer="Stresemannallee 1" ObjVorlage="2013-09-11 00:00:00.0" ObKeinKontakt="1" ObjArtID="1" Merkmal="0.0"/>
  <Objekte ObjID="10830" ObjAufnahme="1998-05-16" ObjStrasseID="8312" ObjHausnummer="Stresemannallee 3" ObjVorlage="2013-09-11 00:00:00.0" ObKeinKontakt="1" ObjArtID="1" Merkmal="0.0"/>
  <Objekte ObjID="10831" ObjAufnahme="1998-05-16" ObjStrasseID="8312" ObjHausnummer="Stresemannallee 5" ObjVorlage="2013-09-11 00:00:00.0" ObKeinKontakt="1" ObjArtID="1" Merkmal="0.0"/>
  <Objekte ObjID="10832" ObjAufnahme="1998-05-16" ObjStrasseID="8312" ObjHausnummer="Stresemannallee 7" ObjVorlage="2013-09-11 00:00:00.0" ObKeinKontakt="1" ObjArtID="1" Merkmal="0.0"/>
  <Objekte ObjID="10833" ObjAufnahme="1998-05-16" ObjStrasseID="8312" ObjHausnummer="Stresemannallee 9" ObjVorlage="2013-09-11 00:00:00.0" ObKeinKontakt="1" ObjArtID="1" Merkmal="0.0"/>
  <Objekte ObjID="10834" ObjAufnahme="1998-05-16" ObjStrasseID="8312" ObjHausnummer="Stresemannallee 11" ObjVorlage="2013-09-11 00:00:00.0" ObKeinKontakt="1" ObjArtID="1" Merkmal="0.0"/>
  <Objekte ObjID="10835" ObjAufnahme="1998-05-16" ObjStrasseID="5565" ObjHausnummer="Alfred-Wilm-Straße 2" ObjVorlage="2013-09-11 00:00:00.0" ObKeinKontakt="1" ObjArtID="1" Merkmal="0.0"/>
  <Objekte ObjID="10836" ObjAufnahme="1998-05-16" ObjStrasseID="5565" ObjHausnummer="Alfred-Wilm-Straße 4" ObjVorlage="2013-09-11 00:00:00.0" ObKeinKontakt="1" ObjArtID="1" Merkmal="0.0"/>
  <Objekte ObjID="10837" ObjAufnahme="1998-05-16" ObjStrasseID="5565" ObjHausnummer="Alfred-Wilm-Straße 6" ObjVorlage="2013-09-11 00:00:00.0" ObKeinKontakt="1" ObjArtID="1" Merkmal="0.0"/>
  <Objekte ObjID="10838" ObjAufnahme="1998-05-16" ObjStrasseID="5565" ObjHausnummer="Alfred-Wilm-Straße 8" ObjVorlage="2013-09-11 00:00:00.0" ObKeinKontakt="1" ObjArtID="1" Merkmal="0.0"/>
  <Objekte ObjID="10839" ObjAufnahme="1998-05-16" ObjStrasseID="5565" ObjHausnummer="Alfred-Wilm-Straße 10" ObjVorlage="2013-09-11 00:00:00.0" ObKeinKontakt="1" ObjArtID="1" Merkmal="0.0"/>
  <Objekte ObjID="10840" ObjAufnahme="1998-05-16" ObjStrasseID="5565" ObjHausnummer="Alfred-Wilm-Straße 12" ObjVorlage="2013-09-11 00:00:00.0" ObKeinKontakt="1" ObjArtID="1" Merkmal="0.0"/>
  <Objekte ObjID="10841" ObjAufnahme="1998-05-16" ObjStrasseID="5565" ObjHausnummer="Alfred-Wilm-Straße 14" ObjVorlage="2013-09-11 00:00:00.0" ObKeinKontakt="1" ObjArtID="1" Merkmal="0.0"/>
  <Objekte ObjID="10842" ObjAufnahme="1998-05-16" ObjStrasseID="5678" ObjHausnummer="Am Lindener Hafen 45" ObjVorlage="2013-09-11 00:00:00.0" ObKeinKontakt="1" ObjArtID="1" Merkmal="0.0"/>
  <Objekte ObjID="10843" ObjAufnahme="1998-05-16" ObjStrasseID="5678" ObjHausnummer="Am Lindener Hafen 47" ObjVorlage="2013-09-11 00:00:00.0" ObKeinKontakt="1" ObjArtID="1" Merkmal="0.0"/>
  <Objekte ObjID="10844" ObjAufnahme="1998-05-16" ObjStrasseID="5678" ObjHausnummer="Am Lindener Hafen 49" ObjVorlage="2013-09-11 00:00:00.0" ObKeinKontakt="1" ObjArtID="1" Merkmal="0.0"/>
  <Objekte ObjID="10845" ObjAufnahme="1998-05-16" ObjStrasseID="5678" ObjHausnummer="Am Lindener Hafen 51" ObjVorlage="2013-09-11 00:00:00.0" ObKeinKontakt="1" ObjArtID="1" Merkmal="0.0"/>
  <Objekte ObjID="10846" ObjAufnahme="1998-05-16" ObjStrasseID="5678" ObjHausnummer="Am Lindener Hafen 53" ObjVorlage="2013-09-11 00:00:00.0" ObKeinKontakt="1" ObjArtID="1" Merkmal="0.0"/>
  <Objekte ObjID="10847" ObjAufnahme="1998-05-16" ObjStrasseID="5678" ObjHausnummer="Am Lindener Hafen 55" ObjVorlage="2013-09-11 00:00:00.0" ObKeinKontakt="1" ObjArtID="1" Merkmal="0.0"/>
  <Objekte ObjID="10848" ObjAufnahme="1998-05-16" ObjStrasseID="5678" ObjHausnummer="Am Lindener Hafen 57" ObjVorlage="2013-09-11 00:00:00.0" ObKeinKontakt="1" ObjArtID="1" Merkmal="0.0"/>
  <Objekte ObjID="10849" ObjAufnahme="1998-05-16" ObjStrasseID="5678" ObjHausnummer="Am Lindener Hafen 59" ObjVorlage="2013-09-11 00:00:00.0" ObKeinKontakt="1" ObjArtID="1" Merkmal="0.0"/>
  <Objekte ObjID="10850" ObjAufnahme="1998-05-16" ObjStrasseID="5678" ObjHausnummer="Am Lindener Hafen 61" ObjVorlage="2013-09-11 00:00:00.0" ObKeinKontakt="1" ObjArtID="1" Merkmal="0.0"/>
  <Objekte ObjID="10851" ObjAufnahme="1998-05-16" ObjStrasseID="5678" ObjHausnummer="Am Lindener Hafen 63" ObjVorlage="2013-09-11 00:00:00.0" ObKeinKontakt="1" ObjArtID="1" Merkmal="0.0"/>
  <Objekte ObjID="10852" ObjAufnahme="1998-05-16" ObjStrasseID="5678" ObjHausnummer="Am Lindener Hafen 65" ObjVorlage="2013-09-11 00:00:00.0" ObKeinKontakt="1" ObjArtID="1" Merkmal="0.0"/>
  <Objekte ObjID="10853" ObjAufnahme="1998-05-16" ObjStrasseID="5678" ObjHausnummer="Am Lindener Hafen 67" ObjVorlage="2013-09-11 00:00:00.0" ObKeinKontakt="1" ObjArtID="1" Merkmal="0.0"/>
  <Objekte ObjID="10854" ObjAufnahme="1998-05-16" ObjStrasseID="5678" ObjHausnummer="Am Lindener Hafen 69" ObjVorlage="2013-09-11 00:00:00.0" ObKeinKontakt="1" ObjArtID="1" Merkmal="0.0"/>
  <Objekte ObjID="10855" ObjAufnahme="1998-05-16" ObjStrasseID="5678" ObjHausnummer="Am Lindener Hafen 71" ObjVorlage="2013-09-11 00:00:00.0" ObKeinKontakt="1" ObjArtID="1" Merkmal="0.0"/>
  <Objekte ObjID="10856" ObjAufnahme="1998-05-16" ObjStrasseID="5678" ObjHausnummer="Am Lindener Hafen 73" ObjVorlage="2013-09-11 00:00:00.0" ObKeinKontakt="1" ObjArtID="1" Merkmal="0.0"/>
  <Objekte ObjID="10857" ObjAufnahme="1998-05-16" ObjStrasseID="5678" ObjHausnummer="Am Lindener Hafen 75" ObjVorlage="2013-09-11 00:00:00.0" ObKeinKontakt="1" ObjArtID="1" Merkmal="0.0"/>
  <Objekte ObjID="10858" ObjAufnahme="1998-05-16" ObjStrasseID="7380" ObjHausnummer="Liepmannstraße 21" ObjVorlage="2013-09-11 00:00:00.0" ObKeinKontakt="1" ObjArtID="1" Merkmal="0.0"/>
  <Objekte ObjID="10859" ObjAufnahme="1998-05-16" ObjStrasseID="7380" ObjHausnummer="Liepmannstraße 23" ObjVorlage="2013-09-11 00:00:00.0" ObKeinKontakt="1" ObjArtID="1" Merkmal="0.0"/>
  <Objekte ObjID="10860" ObjAufnahme="1998-05-16" ObjStrasseID="7380" ObjHausnummer="Liepmannstraße 25" ObjVorlage="2013-09-11 00:00:00.0" ObKeinKontakt="1" ObjArtID="1" Merkmal="0.0"/>
  <Objekte ObjID="10861" ObjAufnahme="1998-05-16" ObjStrasseID="7380" ObjHausnummer="Liepmannstraße 27" ObjVorlage="2013-09-11 00:00:00.0" ObKeinKontakt="1" ObjArtID="1" Merkmal="0.0"/>
  <Objekte ObjID="10862" ObjAufnahme="1998-05-16" ObjStrasseID="7380" ObjHausnummer="Liepmannstraße 29" ObjVorlage="2013-09-11 00:00:00.0" ObKeinKontakt="1" ObjArtID="1" Merkmal="0.0"/>
  <Objekte ObjID="10863" ObjAufnahme="1998-05-16" ObjStrasseID="7380" ObjHausnummer="Liepmannstraße 31" ObjVorlage="2013-09-11 00:00:00.0" ObKeinKontakt="1" ObjArtID="1" Merkmal="0.0"/>
  <Objekte ObjID="10864" ObjAufnahme="1998-05-16" ObjStrasseID="7380" ObjHausnummer="Liepmannstraße 33" ObjVorlage="2013-09-11 00:00:00.0" ObKeinKontakt="1" ObjArtID="1" Merkmal="0.0"/>
  <Objekte ObjID="10865" ObjAufnahme="1998-05-16" ObjStrasseID="7380" ObjHausnummer="Liepmannstraße 35" ObjVorlage="2013-09-11 00:00:00.0" ObKeinKontakt="1" ObjArtID="1" Merkmal="0.0"/>
  <Objekte ObjID="10866" ObjAufnahme="1998-05-16" ObjStrasseID="7380" ObjHausnummer="Liepmannstraße 22C" ObjVorlage="2013-09-11 00:00:00.0" ObKeinKontakt="1" ObjArtID="1" Merkmal="0.0"/>
  <Objekte ObjID="10867" ObjAufnahme="1998-05-16" ObjStrasseID="7380" ObjHausnummer="Liepmannstraße 22" ObjVorlage="2013-09-11 00:00:00.0" ObKeinKontakt="1" ObjArtID="1" Merkmal="0.0"/>
  <Objekte ObjID="10868" ObjAufnahme="1998-05-16" ObjStrasseID="7380" ObjHausnummer="Liepmannstraße 24" ObjVorlage="2013-09-11 00:00:00.0" ObKeinKontakt="1" ObjArtID="1" Merkmal="0.0"/>
  <Objekte ObjID="10869" ObjAufnahme="1998-05-16" ObjStrasseID="7380" ObjHausnummer="Liepmannstraße 26" ObjVorlage="2013-09-11 00:00:00.0" ObKeinKontakt="1" ObjArtID="1" Merkmal="0.0"/>
  <Objekte ObjID="10870" ObjAufnahme="1998-05-16" ObjStrasseID="7380" ObjHausnummer="Liepmannstraße 28" ObjVorlage="2013-09-11 00:00:00.0" ObKeinKontakt="1" ObjArtID="1" Merkmal="0.0"/>
  <Objekte ObjID="10871" ObjAufnahme="1998-05-16" ObjStrasseID="7380" ObjHausnummer="Liepmannstraße 30" ObjVorlage="2013-09-11 00:00:00.0" ObKeinKontakt="1" ObjArtID="1" Merkmal="0.0"/>
  <Objekte ObjID="10872" ObjAufnahme="1998-05-16" ObjStrasseID="7380" ObjHausnummer="Liepmannstraße 22A" ObjVorlage="2013-09-11 00:00:00.0" ObKeinKontakt="1" ObjArtID="1" Merkmal="0.0"/>
  <Objekte ObjID="10873" ObjAufnahme="1998-05-16" ObjStrasseID="7380" ObjHausnummer="Liepmannstraße 22B" ObjVorlage="2013-09-11 00:00:00.0" ObKeinKontakt="1" ObjArtID="1" Merkmal="0.0"/>
  <Objekte ObjID="10874" ObjAufnahme="1998-05-16" ObjStrasseID="8714" ObjHausnummer="Zimmermannstraße 12" ObjVorlage="2013-09-11 00:00:00.0" ObKeinKontakt="1" ObjArtID="1" Merkmal="0.0"/>
  <Objekte ObjID="10875" ObjAufnahme="1998-05-16" ObjStrasseID="8714" ObjHausnummer="Zimmermannstraße 14" ObjVorlage="2013-09-11 00:00:00.0" ObKeinKontakt="1" ObjArtID="1" Merkmal="0.0"/>
  <Objekte ObjID="10876" ObjAufnahme="1998-05-16" ObjStrasseID="8714" ObjHausnummer="Zimmermannstraße 16" ObjVorlage="2013-09-11 00:00:00.0" ObKeinKontakt="1" ObjArtID="1" Merkmal="0.0"/>
  <Objekte ObjID="10877" ObjAufnahme="1998-05-16" ObjStrasseID="8714" ObjHausnummer="Zimmermannstraße 22A" ObjVorlage="2013-09-11 00:00:00.0" ObKeinKontakt="1" ObjArtID="1" Merkmal="0.0"/>
  <Objekte ObjID="10878" ObjAufnahme="1998-05-16" ObjStrasseID="8714" ObjHausnummer="Zimmermannstraße 22B" ObjVorlage="2013-09-11 00:00:00.0" ObKeinKontakt="1" ObjArtID="1" Merkmal="0.0"/>
  <Objekte ObjID="10879" ObjAufnahme="1998-05-16" ObjStrasseID="8714" ObjHausnummer="Zimmermannstraße 15" ObjVorlage="2013-09-11 00:00:00.0" ObKeinKontakt="1" ObjArtID="1" Merkmal="0.0"/>
  <Objekte ObjID="10880" ObjAufnahme="1998-05-16" ObjStrasseID="8714" ObjHausnummer="Zimmermannstraße 17" ObjVorlage="2013-09-11 00:00:00.0" ObKeinKontakt="1" ObjArtID="1" Merkmal="0.0"/>
  <Objekte ObjID="10881" ObjAufnahme="1998-05-16" ObjStrasseID="8714" ObjHausnummer="Zimmermannstraße 19" ObjVorlage="2013-09-11 00:00:00.0" ObKeinKontakt="1" ObjArtID="1" Merkmal="0.0"/>
  <Objekte ObjID="10882" ObjAufnahme="1998-05-16" ObjStrasseID="5565" ObjHausnummer="Alfred-Wilm-Straße 1" ObjVorlage="2013-09-11 00:00:00.0" ObKeinKontakt="1" ObjArtID="1" Merkmal="0.0"/>
  <Objekte ObjID="10883" ObjAufnahme="1998-05-16" ObjStrasseID="5565" ObjHausnummer="Alfred-Wilm-Straße 3" ObjVorlage="2013-09-11 00:00:00.0" ObKeinKontakt="1" ObjArtID="1" Merkmal="0.0"/>
  <Objekte ObjID="10884" ObjAufnahme="1998-05-16" ObjStrasseID="5565" ObjHausnummer="Alfred-Wilm-Straße 5" ObjVorlage="2013-09-11 00:00:00.0" ObKeinKontakt="1" ObjArtID="1" Merkmal="0.0"/>
  <Objekte ObjID="10885" ObjAufnahme="1998-05-16" ObjStrasseID="5565" ObjHausnummer="Alfred-Wilm-Straße 7" ObjVorlage="2013-09-11 00:00:00.0" ObKeinKontakt="1" ObjArtID="1" Merkmal="0.0"/>
  <Objekte ObjID="10886" ObjAufnahme="1998-05-16" ObjStrasseID="5565" ObjHausnummer="Alfred-Wilm-Straße 9" ObjVorlage="2013-09-11 00:00:00.0" ObKeinKontakt="1" ObjArtID="1" Merkmal="0.0"/>
  <Objekte ObjID="10887" ObjAufnahme="1998-05-16" ObjStrasseID="5565" ObjHausnummer="Alfred-Wilm-Straße 11" ObjVorlage="2013-09-11 00:00:00.0" ObKeinKontakt="1" ObjArtID="1" Merkmal="0.0"/>
  <Objekte ObjID="10888" ObjAufnahme="1998-05-16" ObjStrasseID="5565" ObjHausnummer="Alfred-Wilm-Straße 13" ObjVorlage="2013-09-11 00:00:00.0" ObKeinKontakt="1" ObjArtID="1" Merkmal="0.0"/>
  <Objekte ObjID="10889" ObjAufnahme="1998-05-16" ObjStrasseID="5565" ObjHausnummer="Alfred-Wilm-Straße 15" ObjVorlage="2013-09-11 00:00:00.0" ObKeinKontakt="1" ObjArtID="1" Merkmal="0.0"/>
  <Objekte ObjID="10890" ObjAufnahme="1998-05-16" ObjStrasseID="5565" ObjHausnummer="Alfred-Wilm-Straße 1A" ObjVorlage="2013-09-11 00:00:00.0" ObKeinKontakt="1" ObjArtID="1" Merkmal="0.0"/>
  <Objekte ObjID="10891" ObjAufnahme="1998-05-16" ObjStrasseID="5565" ObjHausnummer="Alfred-Wilm-Straße 9A" ObjVorlage="2013-09-11 00:00:00.0" ObKeinKontakt="1" ObjArtID="1" Merkmal="0.0"/>
  <Objekte ObjID="10892" ObjAufnahme="1998-05-16" ObjStrasseID="5565" ObjHausnummer="Alfred-Wilm-Straße 17" ObjVorlage="2013-09-11 00:00:00.0" ObKeinKontakt="1" ObjArtID="1" Merkmal="0.0"/>
  <Objekte ObjID="10893" ObjAufnahme="1998-05-16" ObjStrasseID="5678" ObjHausnummer="Am Lindener Hafen 51A" ObjVorlage="2013-09-11 00:00:00.0" ObKeinKontakt="1" ObjArtID="1" Merkmal="0.0"/>
  <Objekte ObjID="10894" ObjAufnahme="1998-05-16" ObjStrasseID="5678" ObjHausnummer="Am Lindener Hafen 57A" ObjVorlage="2013-09-11 00:00:00.0" ObKeinKontakt="1" ObjArtID="1" Merkmal="0.0"/>
  <Objekte ObjID="10895" ObjAufnahme="1998-05-16" ObjStrasseID="6941" ObjHausnummer="Hurlebuschweg 2" ObjVorlage="2013-09-11 00:00:00.0" ObKeinKontakt="1" ObjArtID="1" Merkmal="0.0"/>
  <Objekte ObjID="10896" ObjAufnahme="1998-05-16" ObjStrasseID="6941" ObjHausnummer="Hurlebuschweg 4" ObjVorlage="2013-09-11 00:00:00.0" ObKeinKontakt="1" ObjArtID="1" Merkmal="0.0"/>
  <Objekte ObjID="10897" ObjAufnahme="1998-05-16" ObjStrasseID="6941" ObjHausnummer="Hurlebuschweg 6" ObjVorlage="2013-09-11 00:00:00.0" ObKeinKontakt="1" ObjArtID="1" Merkmal="0.0"/>
  <Objekte ObjID="10898" ObjAufnahme="1998-05-16" ObjStrasseID="6941" ObjHausnummer="Hurlebuschweg 8" ObjVorlage="2013-09-11 00:00:00.0" ObKeinKontakt="1" ObjArtID="1" Merkmal="0.0"/>
  <Objekte ObjID="10899" ObjAufnahme="1998-05-16" ObjStrasseID="6941" ObjHausnummer="Hurlebuschweg 10" ObjVorlage="2013-09-11 00:00:00.0" ObKeinKontakt="1" ObjArtID="1" Merkmal="0.0"/>
  <Objekte ObjID="10900" ObjAufnahme="1998-05-16" ObjStrasseID="6941" ObjHausnummer="Hurlebuschweg 24" ObjVorlage="2013-09-11 00:00:00.0" ObKeinKontakt="1" ObjArtID="1" Merkmal="0.0"/>
  <Objekte ObjID="10901" ObjAufnahme="1998-05-16" ObjStrasseID="6941" ObjHausnummer="Hurlebuschweg 26" ObjVorlage="2013-09-11 00:00:00.0" ObKeinKontakt="1" ObjArtID="1" Merkmal="0.0"/>
  <Objekte ObjID="10902" ObjAufnahme="1998-05-16" ObjStrasseID="6941" ObjHausnummer="Hurlebuschweg 26A" ObjVorlage="2013-09-11 00:00:00.0" ObKeinKontakt="1" ObjArtID="1" Merkmal="0.0"/>
  <Objekte ObjID="10903" ObjAufnahme="1998-05-16" ObjStrasseID="6941" ObjHausnummer="Hurlebuschweg 15" ObjVorlage="2013-09-11 00:00:00.0" ObKeinKontakt="1" ObjArtID="1" Merkmal="0.0"/>
  <Objekte ObjID="10904" ObjAufnahme="1998-05-16" ObjStrasseID="6941" ObjHausnummer="Hurlebuschweg 17" ObjVorlage="2013-09-11 00:00:00.0" ObKeinKontakt="1" ObjArtID="1" Merkmal="0.0"/>
  <Objekte ObjID="10905" ObjAufnahme="1998-05-16" ObjStrasseID="6941" ObjHausnummer="Hurlebuschweg 19" ObjVorlage="2013-09-11 00:00:00.0" ObKeinKontakt="1" ObjArtID="1" Merkmal="0.0"/>
  <Objekte ObjID="10906" ObjAufnahme="1998-05-16" ObjStrasseID="6941" ObjHausnummer="Hurlebuschweg 21" ObjVorlage="2013-09-11 00:00:00.0" ObKeinKontakt="1" ObjArtID="1" Merkmal="0.0"/>
  <Objekte ObjID="10907" ObjAufnahme="1998-05-16" ObjStrasseID="6742" ObjHausnummer="Harenberger Straße 119" ObjVorlage="2013-09-11 00:00:00.0" ObKeinKontakt="1" ObjArtID="1" Merkmal="0.0"/>
  <Objekte ObjID="10908" ObjAufnahme="1998-05-16" ObjStrasseID="6742" ObjHausnummer="Harenberger Straße 123" ObjVorlage="2013-09-11 00:00:00.0" ObKeinKontakt="1" ObjArtID="1" Merkmal="0.0"/>
  <Objekte ObjID="10909" ObjAufnahme="1998-05-16" ObjStrasseID="6742" ObjHausnummer="Harenberger Straße 125" ObjVorlage="2013-09-11 00:00:00.0" ObKeinKontakt="1" ObjArtID="1" Merkmal="0.0"/>
  <Objekte ObjID="10910" ObjAufnahme="1998-05-16" ObjStrasseID="6742" ObjHausnummer="Harenberger Straße 127" ObjVorlage="2013-09-11 00:00:00.0" ObKeinKontakt="1" ObjArtID="1" Merkmal="0.0"/>
  <Objekte ObjID="10911" ObjAufnahme="1998-05-16" ObjStrasseID="6742" ObjHausnummer="Harenberger Straße 117A" ObjVorlage="2013-09-11 00:00:00.0" ObKeinKontakt="1" ObjArtID="1" Merkmal="0.0"/>
  <Objekte ObjID="10912" ObjAufnahme="1998-05-16" ObjStrasseID="6742" ObjHausnummer="Harenberger Straße 117B" ObjVorlage="2013-09-11 00:00:00.0" ObKeinKontakt="1" ObjArtID="1" Merkmal="0.0"/>
  <Objekte ObjID="10913" ObjAufnahme="1998-05-16" ObjStrasseID="6742" ObjHausnummer="Harenberger Straße 117C" ObjVorlage="2013-09-11 00:00:00.0" ObKeinKontakt="1" ObjArtID="1" Merkmal="0.0"/>
  <Objekte ObjID="10914" ObjAufnahme="1998-05-16" ObjStrasseID="6742" ObjHausnummer="Harenberger Straße 117D" ObjVorlage="2013-09-11 00:00:00.0" ObKeinKontakt="1" ObjArtID="1" Merkmal="0.0"/>
  <Objekte ObjID="10915" ObjAufnahme="1998-05-16" ObjStrasseID="6742" ObjHausnummer="Harenberger Straße 117E" ObjVorlage="2013-09-11 00:00:00.0" ObKeinKontakt="1" ObjArtID="1" Merkmal="0.0"/>
  <Objekte ObjID="10916" ObjAufnahme="1998-05-16" ObjStrasseID="6302" ObjHausnummer="Ehrhartstraße 9" ObjVorlage="2013-09-11 00:00:00.0" ObKeinKontakt="1" ObjArtID="1" Merkmal="0.0"/>
  <Objekte ObjID="10917" ObjAufnahme="1998-05-16" ObjStrasseID="6302" ObjHausnummer="Ehrhartstraße 11" ObjVorlage="2013-09-11 00:00:00.0" ObKeinKontakt="1" ObjArtID="1" Merkmal="0.0"/>
  <Objekte ObjID="10918" ObjAufnahme="1998-05-16" ObjStrasseID="6302" ObjHausnummer="Ehrhartstraße 13" ObjVorlage="2013-09-11 00:00:00.0" ObKeinKontakt="1" ObjArtID="1" Merkmal="0.0"/>
  <Objekte ObjID="10919" ObjAufnahme="1998-05-16" ObjStrasseID="8011" ObjHausnummer="Sackmannstraße 36A" ObjVorlage="2013-09-11 00:00:00.0" ObKeinKontakt="1" ObjArtID="1" Merkmal="0.0"/>
  <Objekte ObjID="10920" ObjAufnahme="1998-05-16" ObjStrasseID="8011" ObjHausnummer="Sackmannstraße 36B" ObjVorlage="2013-09-11 00:00:00.0" ObKeinKontakt="1" ObjArtID="1" Merkmal="0.0"/>
  <Objekte ObjID="10921" ObjAufnahme="1998-05-16" ObjStrasseID="8011" ObjHausnummer="Sackmannstraße 36C" ObjVorlage="2013-09-11 00:00:00.0" ObKeinKontakt="1" ObjArtID="1" Merkmal="0.0"/>
  <Objekte ObjID="10922" ObjAufnahme="1998-05-16" ObjStrasseID="8011" ObjHausnummer="Sackmannstraße 36D" ObjVorlage="2013-09-11 00:00:00.0" ObKeinKontakt="1" ObjArtID="1" Merkmal="0.0"/>
  <Objekte ObjID="10923" ObjAufnahme="1998-05-16" ObjStrasseID="8011" ObjHausnummer="Sackmannstraße 36E" ObjVorlage="2013-09-11 00:00:00.0" ObKeinKontakt="1" ObjArtID="1" Merkmal="0.0"/>
  <Objekte ObjID="10924" ObjAufnahme="1998-05-16" ObjStrasseID="8011" ObjHausnummer="Sackmannstraße 36F" ObjVorlage="2013-09-11 00:00:00.0" ObKeinKontakt="1" ObjArtID="1" Merkmal="0.0"/>
  <Objekte ObjID="10925" ObjAufnahme="1998-05-16" ObjStrasseID="8011" ObjHausnummer="Sackmannstraße 36G" ObjVorlage="2013-09-11 00:00:00.0" ObKeinKontakt="1" ObjArtID="1" Merkmal="0.0"/>
  <Objekte ObjID="10926" ObjAufnahme="1998-05-16" ObjStrasseID="8011" ObjHausnummer="Sackmannstraße 36H" ObjVorlage="2013-09-11 00:00:00.0" ObKeinKontakt="1" ObjArtID="1" Merkmal="0.0"/>
  <Objekte ObjID="10927" ObjAufnahme="1998-05-16" ObjStrasseID="8011" ObjHausnummer="Sackmannstraße 38" ObjVorlage="2013-09-11 00:00:00.0" ObKeinKontakt="1" ObjArtID="1" Merkmal="0.0"/>
  <Objekte ObjID="10928" ObjAufnahme="1998-05-16" ObjStrasseID="8011" ObjHausnummer="Sackmannstraße 40" ObjVorlage="2013-09-11 00:00:00.0" ObKeinKontakt="1" ObjArtID="1" Merkmal="0.0"/>
  <Objekte ObjID="10929" ObjAufnahme="1998-05-16" ObjStrasseID="6891" ObjHausnummer="Hirtenweg 28B" ObjVorlage="2013-09-11 00:00:00.0" ObKeinKontakt="1" ObjArtID="1" Merkmal="0.0"/>
  <Objekte ObjID="10930" ObjAufnahme="1998-05-16" ObjStrasseID="6891" ObjHausnummer="Hirtenweg 28C" ObjVorlage="2013-09-11 00:00:00.0" ObKeinKontakt="1" ObjArtID="1" Merkmal="0.0"/>
  <Objekte ObjID="10931" ObjAufnahme="1998-05-16" ObjStrasseID="6891" ObjHausnummer="Hirtenweg 30" ObjVorlage="2013-09-11 00:00:00.0" ObKeinKontakt="1" ObjArtID="1" Merkmal="0.0"/>
  <Objekte ObjID="10932" ObjAufnahme="1998-05-16" ObjStrasseID="6891" ObjHausnummer="Hirtenweg 32" ObjVorlage="2013-09-11 00:00:00.0" ObKeinKontakt="1" ObjArtID="1" Merkmal="0.0"/>
  <Objekte ObjID="10933" ObjAufnahme="1998-05-16" ObjStrasseID="6891" ObjHausnummer="Hirtenweg 34" ObjVorlage="2013-09-11 00:00:00.0" ObKeinKontakt="1" ObjArtID="1" Merkmal="0.0"/>
  <Objekte ObjID="10934" ObjAufnahme="1998-05-16" ObjStrasseID="6891" ObjHausnummer="Hirtenweg 36" ObjVorlage="2013-09-11 00:00:00.0" ObKeinKontakt="1" ObjArtID="1" Merkmal="0.0"/>
  <Objekte ObjID="10935" ObjAufnahme="1998-05-16" ObjStrasseID="7398" ObjHausnummer="Linsingenstraße 14" ObjVorlage="2013-09-11 00:00:00.0" ObKeinKontakt="1" ObjArtID="1" Merkmal="0.0"/>
  <Objekte ObjID="10936" ObjAufnahme="1998-05-16" ObjStrasseID="7398" ObjHausnummer="Linsingenstraße 16" ObjVorlage="2013-09-11 00:00:00.0" ObKeinKontakt="1" ObjArtID="1" Merkmal="0.0"/>
  <Objekte ObjID="10937" ObjAufnahme="1998-05-16" ObjStrasseID="7398" ObjHausnummer="Linsingenstraße 46B" ObjVorlage="2013-09-11 00:00:00.0" ObKeinKontakt="1" ObjArtID="1" Merkmal="0.0"/>
  <Objekte ObjID="10938" ObjAufnahme="1998-05-16" ObjStrasseID="7398" ObjHausnummer="Linsingenstraße 46C" ObjVorlage="2013-09-11 00:00:00.0" ObKeinKontakt="1" ObjArtID="1" Merkmal="0.0"/>
  <Objekte ObjID="10939" ObjAufnahme="1998-05-16" ObjStrasseID="8341" ObjHausnummer="Talaverastraße 1" ObjVorlage="2013-09-11 00:00:00.0" ObKeinKontakt="1" ObjArtID="1" Merkmal="0.0"/>
  <Objekte ObjID="10940" ObjAufnahme="1998-05-16" ObjStrasseID="7398" ObjHausnummer="Linsingenstraße 23" ObjVorlage="2013-09-11 00:00:00.0" ObKeinKontakt="1" ObjArtID="1" Merkmal="0.0"/>
  <Objekte ObjID="10960" ObjAufnahme="1998-05-17" ObjStrasseID="7398" ObjHausnummer="Linsingenstraße 23A" ObjVorlage="2013-09-11 00:00:00.0" ObKeinKontakt="1" ObjArtID="1" Merkmal="0.0"/>
  <Objekte ObjID="10961" ObjAufnahme="1998-05-17" ObjStrasseID="8415" ObjHausnummer="Troschkestraße 2" ObjVorlage="2013-09-11 00:00:00.0" ObKeinKontakt="1" ObjArtID="1" Merkmal="0.0"/>
  <Objekte ObjID="10966" ObjAufnahme="1998-05-17" ObjStrasseID="7635" ObjHausnummer="Niedersachsenring 14A" ObjVorlage="2013-09-11 00:00:00.0" ObKeinKontakt="1" ObjArtID="1" Merkmal="0.0"/>
  <Objekte ObjID="10967" ObjAufnahme="1998-05-17" ObjStrasseID="7635" ObjHausnummer="Niedersachsenring 20A" ObjVorlage="2013-09-11 00:00:00.0" ObKeinKontakt="1" ObjArtID="1" Merkmal="0.0"/>
  <Objekte ObjID="10968" ObjAufnahme="1998-05-17" ObjStrasseID="7266" ObjHausnummer="Krosigkstraße 2A" ObjVorlage="2013-09-11 00:00:00.0" ObKeinKontakt="1" ObjArtID="1" Merkmal="0.0"/>
  <Objekte ObjID="10969" ObjAufnahme="1998-05-17" ObjStrasseID="6007" ObjHausnummer="Boelckestraße 11A" ObjVorlage="2013-09-11 00:00:00.0" ObKeinKontakt="1" ObjArtID="1" Merkmal="0.0"/>
  <Objekte ObjID="10970" ObjAufnahme="1998-05-17" ObjStrasseID="6007" ObjHausnummer="Boelckestraße 11B" ObjVorlage="2013-09-11 00:00:00.0" ObKeinKontakt="1" ObjArtID="1" Merkmal="0.0"/>
  <Objekte ObjID="10971" ObjAufnahme="1998-05-17" ObjStrasseID="6007" ObjHausnummer="Boelckestraße 14" ObjVorlage="2013-09-11 00:00:00.0" ObKeinKontakt="1" ObjArtID="1" Merkmal="0.0"/>
  <Objekte ObjID="10972" ObjAufnahme="1998-05-17" ObjStrasseID="6007" ObjHausnummer="Boelckestraße 16" ObjVorlage="2013-09-11 00:00:00.0" ObKeinKontakt="1" ObjArtID="1" Merkmal="0.0"/>
  <Objekte ObjID="10973" ObjAufnahme="1998-05-17" ObjStrasseID="6007" ObjHausnummer="Boelckestraße 18" ObjVorlage="2013-09-11 00:00:00.0" ObKeinKontakt="1" ObjArtID="1" Merkmal="0.0"/>
  <Objekte ObjID="10974" ObjAufnahme="1998-05-17" ObjStrasseID="6655" ObjHausnummer="Großer Kolonnenweg 2" ObjVorlage="2013-09-11 00:00:00.0" ObKeinKontakt="1" ObjArtID="1" Merkmal="0.0"/>
  <Objekte ObjID="10975" ObjAufnahme="1998-05-17" ObjStrasseID="6655" ObjHausnummer="Großer Kolonnenweg 4" ObjVorlage="2013-09-11 00:00:00.0" ObKeinKontakt="1" ObjArtID="1" Merkmal="0.0"/>
  <Objekte ObjID="10976" ObjAufnahme="1998-05-17" ObjStrasseID="6655" ObjHausnummer="Großer Kolonnenweg 2A" ObjVorlage="2013-09-11 00:00:00.0" ObKeinKontakt="1" ObjArtID="1" Merkmal="0.0"/>
  <Objekte ObjID="10977" ObjAufnahme="1998-05-17" ObjStrasseID="6655" ObjHausnummer="Großer Kolonnenweg 2B" ObjVorlage="2013-09-11 00:00:00.0" ObKeinKontakt="1" ObjArtID="1" Merkmal="0.0"/>
  <Objekte ObjID="10978" ObjAufnahme="1998-05-17" ObjStrasseID="6655" ObjHausnummer="Großer Kolonnenweg 4A" ObjVorlage="2013-09-11 00:00:00.0" ObKeinKontakt="1" ObjArtID="1" Merkmal="0.0"/>
  <Objekte ObjID="10979" ObjAufnahme="1998-05-17" ObjStrasseID="6655" ObjHausnummer="Großer Kolonnenweg 4B" ObjVorlage="2013-09-11 00:00:00.0" ObKeinKontakt="1" ObjArtID="1" Merkmal="0.0"/>
  <Objekte ObjID="10980" ObjAufnahme="1998-05-17" ObjStrasseID="7890" ObjHausnummer="Richthofenstraße 1" ObjVorlage="2013-09-11 00:00:00.0" ObKeinKontakt="1" ObjArtID="1" Merkmal="0.0"/>
  <Objekte ObjID="10981" ObjAufnahme="1998-05-17" ObjStrasseID="7890" ObjHausnummer="Richthofenstraße 3" ObjVorlage="2013-09-11 00:00:00.0" ObKeinKontakt="1" ObjArtID="1" Merkmal="0.0"/>
  <Objekte ObjID="10982" ObjAufnahme="1998-05-17" ObjStrasseID="7890" ObjHausnummer="Richthofenstraße 5" ObjVorlage="2013-09-11 00:00:00.0" ObKeinKontakt="1" ObjArtID="1" Merkmal="0.0"/>
  <Objekte ObjID="10983" ObjAufnahme="1998-05-17" ObjStrasseID="7890" ObjHausnummer="Richthofenstraße 7" ObjVorlage="2013-09-11 00:00:00.0" ObKeinKontakt="1" ObjArtID="1" Merkmal="0.0"/>
  <Objekte ObjID="10984" ObjAufnahme="1998-05-17" ObjStrasseID="7890" ObjHausnummer="Richthofenstraße 9" ObjVorlage="2013-09-11 00:00:00.0" ObKeinKontakt="1" ObjArtID="1" Merkmal="0.0"/>
  <Objekte ObjID="10985" ObjAufnahme="1998-05-17" ObjStrasseID="7890" ObjHausnummer="Richthofenstraße 11" ObjVorlage="2013-09-11 00:00:00.0" ObKeinKontakt="1" ObjArtID="1" Merkmal="0.0"/>
  <Objekte ObjID="10986" ObjAufnahme="1998-05-17" ObjStrasseID="7890" ObjHausnummer="Richthofenstraße 13" ObjVorlage="2013-09-11 00:00:00.0" ObKeinKontakt="1" ObjArtID="1" Merkmal="0.0"/>
  <Objekte ObjID="10987" ObjAufnahme="1998-05-17" ObjStrasseID="7890" ObjHausnummer="Richthofenstraße 15" ObjVorlage="2013-09-11 00:00:00.0" ObKeinKontakt="1" ObjArtID="1" Merkmal="0.0"/>
  <Objekte ObjID="10988" ObjAufnahme="1998-05-17" ObjStrasseID="7052" ObjHausnummer="Jathostraße 4" ObjVorlage="2013-09-11 00:00:00.0" ObKeinKontakt="1" ObjArtID="1" Merkmal="0.0"/>
  <Objekte ObjID="10989" ObjAufnahme="1998-05-17" ObjStrasseID="6615" ObjHausnummer="Gradestraße 1" ObjVorlage="2013-09-11 00:00:00.0" ObKeinKontakt="1" ObjArtID="1" Merkmal="0.0"/>
  <Objekte ObjID="10990" ObjAufnahme="1998-05-17" ObjStrasseID="6615" ObjHausnummer="Gradestraße 3" ObjVorlage="2013-09-11 00:00:00.0" ObKeinKontakt="1" ObjArtID="1" Merkmal="0.0"/>
  <Objekte ObjID="10991" ObjAufnahme="1998-05-17" ObjStrasseID="6615" ObjHausnummer="Gradestraße 5" ObjVorlage="2013-09-11 00:00:00.0" ObKeinKontakt="1" ObjArtID="1" Merkmal="0.0"/>
  <Objekte ObjID="10992" ObjAufnahme="1998-05-17" ObjStrasseID="6615" ObjHausnummer="Gradestraße 7" ObjVorlage="2013-09-11 00:00:00.0" ObKeinKontakt="1" ObjArtID="1" Merkmal="0.0"/>
  <Objekte ObjID="10993" ObjAufnahme="1998-05-17" ObjStrasseID="6615" ObjHausnummer="Gradestraße 9" ObjVorlage="2013-09-11 00:00:00.0" ObKeinKontakt="1" ObjArtID="1" Merkmal="0.0"/>
  <Objekte ObjID="10994" ObjAufnahme="1998-05-17" ObjStrasseID="6615" ObjHausnummer="Gradestraße 11" ObjVorlage="2013-09-11 00:00:00.0" ObKeinKontakt="1" ObjArtID="1" Merkmal="0.0"/>
  <Objekte ObjID="10995" ObjAufnahme="1998-05-17" ObjStrasseID="6615" ObjHausnummer="Gradestraße 13" ObjVorlage="2013-09-11 00:00:00.0" ObKeinKontakt="1" ObjArtID="1" Merkmal="0.0"/>
  <Objekte ObjID="10996" ObjAufnahme="1998-05-17" ObjStrasseID="6615" ObjHausnummer="Gradestraße 15" ObjVorlage="2013-09-11 00:00:00.0" ObKeinKontakt="1" ObjArtID="1" Merkmal="0.0"/>
  <Objekte ObjID="10997" ObjAufnahme="1998-05-17" ObjStrasseID="6615" ObjHausnummer="Gradestraße 17" ObjVorlage="2013-09-11 00:00:00.0" ObKeinKontakt="1" ObjArtID="1" Merkmal="0.0"/>
  <Objekte ObjID="10998" ObjAufnahme="1998-05-17" ObjStrasseID="6615" ObjHausnummer="Gradestraße 19" ObjVorlage="2013-09-11 00:00:00.0" ObKeinKontakt="1" ObjArtID="1" Merkmal="0.0"/>
  <Objekte ObjID="10999" ObjAufnahme="1998-05-17" ObjStrasseID="6615" ObjHausnummer="Gradestraße 7A" ObjVorlage="2013-09-11 00:00:00.0" ObKeinKontakt="1" ObjArtID="1" Merkmal="0.0"/>
  <Objekte ObjID="11000" ObjAufnahme="1998-05-17" ObjStrasseID="6615" ObjHausnummer="Gradestraße 9A" ObjVorlage="2013-09-11 00:00:00.0" ObKeinKontakt="1" ObjArtID="1" Merkmal="0.0"/>
  <Objekte ObjID="11001" ObjAufnahme="1998-05-17" ObjStrasseID="6615" ObjHausnummer="Gradestraße 11A" ObjVorlage="2013-09-11 00:00:00.0" ObKeinKontakt="1" ObjArtID="1" Merkmal="0.0"/>
  <Objekte ObjID="11002" ObjAufnahme="1998-05-17" ObjStrasseID="6615" ObjHausnummer="Gradestraße 17A" ObjVorlage="2013-09-11 00:00:00.0" ObKeinKontakt="1" ObjArtID="1" Merkmal="0.0"/>
  <Objekte ObjID="11003" ObjAufnahme="1998-05-17" ObjStrasseID="6615" ObjHausnummer="Gradestraße 19A" ObjVorlage="2013-09-11 00:00:00.0" ObKeinKontakt="1" ObjArtID="1" Merkmal="0.0"/>
  <Objekte ObjID="11004" ObjAufnahme="1998-05-17" ObjStrasseID="6891" ObjHausnummer="Hirtenweg 33A" ObjVorlage="2013-09-11 00:00:00.0" ObKeinKontakt="1" ObjArtID="1" Merkmal="0.0"/>
  <Objekte ObjID="11005" ObjAufnahme="1998-05-17" ObjStrasseID="7052" ObjHausnummer="Jathostraße 15" ObjVorlage="2013-09-11 00:00:00.0" ObKeinKontakt="1" ObjArtID="1" Merkmal="0.0"/>
  <Objekte ObjID="11006" ObjAufnahme="1998-05-17" ObjStrasseID="7052" ObjHausnummer="Jathostraße 17" ObjVorlage="2013-09-11 00:00:00.0" ObKeinKontakt="1" ObjArtID="1" Merkmal="0.0"/>
  <Objekte ObjID="11007" ObjAufnahme="1998-05-17" ObjStrasseID="7052" ObjHausnummer="Jathostraße 19" ObjVorlage="2013-09-11 00:00:00.0" ObKeinKontakt="1" ObjArtID="1" Merkmal="0.0"/>
  <Objekte ObjID="11008" ObjAufnahme="1998-05-17" ObjStrasseID="6124" ObjHausnummer="Bussestraße 7" ObjVorlage="2013-09-11 00:00:00.0" ObKeinKontakt="1" ObjArtID="1" Merkmal="0.0"/>
  <Objekte ObjID="11009" ObjAufnahme="1998-05-17" ObjStrasseID="6124" ObjHausnummer="Bussestraße 7A" ObjVorlage="2013-09-11 00:00:00.0" ObKeinKontakt="1" ObjArtID="1" Merkmal="0.0"/>
  <Objekte ObjID="11010" ObjAufnahme="1998-05-17" ObjStrasseID="6124" ObjHausnummer="Bussestraße 4" ObjVorlage="2013-09-11 00:00:00.0" ObKeinKontakt="1" ObjArtID="1" Merkmal="0.0"/>
  <Objekte ObjID="11011" ObjAufnahme="1998-05-17" ObjStrasseID="6124" ObjHausnummer="Bussestraße 6" ObjVorlage="2013-09-11 00:00:00.0" ObKeinKontakt="1" ObjArtID="1" Merkmal="0.0"/>
  <Objekte ObjID="11012" ObjAufnahme="1998-05-17" ObjStrasseID="6124" ObjHausnummer="Bussestraße 8" ObjVorlage="2013-09-11 00:00:00.0" ObKeinKontakt="1" ObjArtID="1" Merkmal="0.0"/>
  <Objekte ObjID="11013" ObjAufnahme="1998-05-17" ObjStrasseID="6124" ObjHausnummer="Bussestraße 9" ObjVorlage="2013-09-11 00:00:00.0" ObKeinKontakt="1" ObjArtID="1" Merkmal="0.0"/>
  <Objekte ObjID="11014" ObjAufnahme="1998-05-17" ObjStrasseID="6124" ObjHausnummer="Bussestraße 11" ObjVorlage="2013-09-11 00:00:00.0" ObKeinKontakt="1" ObjArtID="1" Merkmal="0.0"/>
  <Objekte ObjID="11015" ObjAufnahme="1998-05-17" ObjStrasseID="6124" ObjHausnummer="Bussestraße 13" ObjVorlage="2013-09-11 00:00:00.0" ObKeinKontakt="1" ObjArtID="1" Merkmal="0.0"/>
  <Objekte ObjID="11016" ObjAufnahme="1998-05-17" ObjStrasseID="6124" ObjHausnummer="Bussestraße 15" ObjVorlage="2013-09-11 00:00:00.0" ObKeinKontakt="1" ObjArtID="1" Merkmal="0.0"/>
  <Objekte ObjID="11017" ObjAufnahme="1998-05-17" ObjStrasseID="6124" ObjHausnummer="Bussestraße 17" ObjVorlage="2013-09-11 00:00:00.0" ObKeinKontakt="1" ObjArtID="1" Merkmal="0.0"/>
  <Objekte ObjID="11018" ObjAufnahme="1998-05-17" ObjStrasseID="6124" ObjHausnummer="Bussestraße 19" ObjVorlage="2013-09-11 00:00:00.0" ObKeinKontakt="1" ObjArtID="1" Merkmal="0.0"/>
  <Objekte ObjID="11019" ObjAufnahme="1998-05-17" ObjStrasseID="6124" ObjHausnummer="Bussestraße 21" ObjVorlage="2013-09-11 00:00:00.0" ObKeinKontakt="1" ObjArtID="1" Merkmal="0.0"/>
  <Objekte ObjID="11020" ObjAufnahme="1998-05-17" ObjStrasseID="6124" ObjHausnummer="Bussestraße 14" ObjVorlage="2013-09-11 00:00:00.0" ObKeinKontakt="1" ObjArtID="1" Merkmal="0.0"/>
  <Objekte ObjID="11021" ObjAufnahme="1998-05-17" ObjStrasseID="6124" ObjHausnummer="Bussestraße 16" ObjVorlage="2013-09-11 00:00:00.0" ObKeinKontakt="1" ObjArtID="1" Merkmal="0.0"/>
  <Objekte ObjID="11022" ObjAufnahme="1998-05-17" ObjStrasseID="6124" ObjHausnummer="Bussestraße 18" ObjVorlage="2013-09-11 00:00:00.0" ObKeinKontakt="1" ObjArtID="1" Merkmal="0.0"/>
  <Objekte ObjID="11023" ObjAufnahme="1998-05-17" ObjStrasseID="6124" ObjHausnummer="Bussestraße 20" ObjVorlage="2013-09-11 00:00:00.0" ObKeinKontakt="1" ObjArtID="1" Merkmal="0.0"/>
  <Objekte ObjID="11024" ObjAufnahme="1998-05-17" ObjStrasseID="6124" ObjHausnummer="Bussestraße 22" ObjVorlage="2013-09-11 00:00:00.0" ObKeinKontakt="1" ObjArtID="1" Merkmal="0.0"/>
  <Objekte ObjID="11025" ObjAufnahme="1998-05-17" ObjStrasseID="6124" ObjHausnummer="Bussestraße 24" ObjVorlage="2013-09-11 00:00:00.0" ObKeinKontakt="1" ObjArtID="1" Merkmal="0.0"/>
  <Objekte ObjID="11026" ObjAufnahme="1998-05-17" ObjStrasseID="6124" ObjHausnummer="Bussestraße 26" ObjVorlage="2013-09-11 00:00:00.0" ObKeinKontakt="1" ObjArtID="1" Merkmal="0.0"/>
  <Objekte ObjID="11027" ObjAufnahme="1998-05-17" ObjStrasseID="6124" ObjHausnummer="Bussestraße 28" ObjVorlage="2013-09-11 00:00:00.0" ObKeinKontakt="1" ObjArtID="1" Merkmal="0.0"/>
  <Objekte ObjID="11028" ObjAufnahme="1998-05-17" ObjStrasseID="6124" ObjHausnummer="Bussestraße 30" ObjVorlage="2013-09-11 00:00:00.0" ObKeinKontakt="1" ObjArtID="1" Merkmal="0.0"/>
  <Objekte ObjID="11029" ObjAufnahme="1998-05-17" ObjStrasseID="6124" ObjHausnummer="Bussestraße 32" ObjVorlage="2013-09-11 00:00:00.0" ObKeinKontakt="1" ObjArtID="1" Merkmal="0.0"/>
  <Objekte ObjID="11030" ObjAufnahme="1998-05-17" ObjStrasseID="6124" ObjHausnummer="Bussestraße 21A" ObjVorlage="2013-09-11 00:00:00.0" ObKeinKontakt="1" ObjArtID="1" Merkmal="0.0"/>
  <Objekte ObjID="11031" ObjAufnahme="1998-05-17" ObjStrasseID="6124" ObjHausnummer="Bussestraße 21B" ObjVorlage="2013-09-11 00:00:00.0" ObKeinKontakt="1" ObjArtID="1" Merkmal="0.0"/>
  <Objekte ObjID="11032" ObjAufnahme="1998-05-17" ObjStrasseID="6124" ObjHausnummer="Bussestraße 21C" ObjVorlage="2013-09-11 00:00:00.0" ObKeinKontakt="1" ObjArtID="1" Merkmal="0.0"/>
  <Objekte ObjID="11033" ObjAufnahme="1998-05-17" ObjStrasseID="6124" ObjHausnummer="Bussestraße 21D" ObjVorlage="2013-09-11 00:00:00.0" ObKeinKontakt="1" ObjArtID="1" Merkmal="0.0"/>
  <Objekte ObjID="11034" ObjAufnahme="1998-05-17" ObjStrasseID="6124" ObjHausnummer="Bussestraße 21E" ObjVorlage="2013-09-11 00:00:00.0" ObKeinKontakt="1" ObjArtID="1" Merkmal="0.0"/>
  <Objekte ObjID="11035" ObjAufnahme="1998-05-17" ObjStrasseID="6124" ObjHausnummer="Bussestraße 34" ObjVorlage="2013-09-11 00:00:00.0" ObKeinKontakt="1" ObjArtID="1" Merkmal="0.0"/>
  <Objekte ObjID="11036" ObjAufnahme="1998-05-17" ObjStrasseID="7528" ObjHausnummer="Merianweg 11" ObjVorlage="2013-09-11 00:00:00.0" ObKeinKontakt="1" ObjArtID="1" Merkmal="0.0"/>
  <Objekte ObjID="11037" ObjAufnahme="1998-05-17" ObjStrasseID="7528" ObjHausnummer="Merianweg 13" ObjVorlage="2013-09-11 00:00:00.0" ObKeinKontakt="1" ObjArtID="1" Merkmal="0.0"/>
  <Objekte ObjID="11038" ObjAufnahme="1998-05-17" ObjStrasseID="7528" ObjHausnummer="Merianweg 15" ObjVorlage="2013-09-11 00:00:00.0" ObKeinKontakt="1" ObjArtID="1" Merkmal="0.0"/>
  <Objekte ObjID="11039" ObjAufnahme="1998-05-17" ObjStrasseID="7528" ObjHausnummer="Merianweg 17" ObjVorlage="2013-09-11 00:00:00.0" ObKeinKontakt="1" ObjArtID="1" Merkmal="0.0"/>
  <Objekte ObjID="11040" ObjAufnahme="1998-05-17" ObjStrasseID="7528" ObjHausnummer="Merianweg 19" ObjVorlage="2013-09-11 00:00:00.0" ObKeinKontakt="1" ObjArtID="1" Merkmal="0.0"/>
  <Objekte ObjID="11041" ObjAufnahme="1998-05-17" ObjStrasseID="7528" ObjHausnummer="Merianweg 21" ObjVorlage="2013-09-11 00:00:00.0" ObKeinKontakt="1" ObjArtID="1" Merkmal="0.0"/>
  <Objekte ObjID="11042" ObjAufnahme="1998-05-17" ObjStrasseID="7528" ObjHausnummer="Merianweg 23" ObjVorlage="2013-09-11 00:00:00.0" ObKeinKontakt="1" ObjArtID="1" Merkmal="0.0"/>
  <Objekte ObjID="11043" ObjAufnahme="1998-05-17" ObjStrasseID="7528" ObjHausnummer="Merianweg 25" ObjVorlage="2013-09-11 00:00:00.0" ObKeinKontakt="1" ObjArtID="1" Merkmal="0.0"/>
  <Objekte ObjID="11044" ObjAufnahme="1998-05-17" ObjStrasseID="7528" ObjHausnummer="Merianweg 27" ObjVorlage="2013-09-11 00:00:00.0" ObKeinKontakt="1" ObjArtID="1" Merkmal="0.0"/>
  <Objekte ObjID="11045" ObjAufnahme="1998-05-17" ObjStrasseID="7528" ObjHausnummer="Merianweg 29" ObjVorlage="2013-09-11 00:00:00.0" ObKeinKontakt="1" ObjArtID="1" Merkmal="0.0"/>
  <Objekte ObjID="11046" ObjAufnahme="1998-05-17" ObjStrasseID="7528" ObjHausnummer="Merianweg 31" ObjVorlage="2013-09-11 00:00:00.0" ObKeinKontakt="1" ObjArtID="1" Merkmal="0.0"/>
  <Objekte ObjID="11047" ObjAufnahme="1998-05-17" ObjStrasseID="7528" ObjHausnummer="Merianweg 33" ObjVorlage="2013-09-11 00:00:00.0" ObKeinKontakt="1" ObjArtID="1" Merkmal="0.0"/>
  <Objekte ObjID="11048" ObjAufnahme="1998-05-17" ObjStrasseID="7528" ObjHausnummer="Merianweg 35" ObjVorlage="2013-09-11 00:00:00.0" ObKeinKontakt="1" ObjArtID="1" Merkmal="0.0"/>
  <Objekte ObjID="11049" ObjAufnahme="1998-05-17" ObjStrasseID="7528" ObjHausnummer="Merianweg 37" ObjVorlage="2013-09-11 00:00:00.0" ObKeinKontakt="1" ObjArtID="1" Merkmal="0.0"/>
  <Objekte ObjID="11050" ObjAufnahme="1998-05-17" ObjStrasseID="7528" ObjHausnummer="Merianweg 39" ObjVorlage="2013-09-11 00:00:00.0" ObKeinKontakt="1" ObjArtID="1" Merkmal="0.0"/>
  <Objekte ObjID="11051" ObjAufnahme="1998-05-17" ObjStrasseID="7528" ObjHausnummer="Merianweg 41" ObjVorlage="2013-09-11 00:00:00.0" ObKeinKontakt="1" ObjArtID="1" Merkmal="0.0"/>
  <Objekte ObjID="11052" ObjAufnahme="1998-05-17" ObjStrasseID="7528" ObjHausnummer="Merianweg 50" ObjVorlage="2013-09-11 00:00:00.0" ObKeinKontakt="1" ObjArtID="1" Merkmal="0.0"/>
  <Objekte ObjID="11053" ObjAufnahme="1998-05-17" ObjStrasseID="7528" ObjHausnummer="Merianweg 52" ObjVorlage="2013-09-11 00:00:00.0" ObKeinKontakt="1" ObjArtID="1" Merkmal="0.0"/>
  <Objekte ObjID="11054" ObjAufnahme="1998-05-17" ObjStrasseID="7528" ObjHausnummer="Merianweg 54" ObjVorlage="2013-09-11 00:00:00.0" ObKeinKontakt="1" ObjArtID="1" Merkmal="0.0"/>
  <Objekte ObjID="11055" ObjAufnahme="1998-05-17" ObjStrasseID="7320" ObjHausnummer="Läuferweg 20" ObjVorlage="2013-09-11 00:00:00.0" ObKeinKontakt="1" ObjArtID="1" Merkmal="0.0"/>
  <Objekte ObjID="11056" ObjAufnahme="1998-05-17" ObjStrasseID="6124" ObjHausnummer="Bussestraße 27" ObjVorlage="2013-09-11 00:00:00.0" ObKeinKontakt="1" ObjArtID="1" Merkmal="0.0"/>
  <Objekte ObjID="11057" ObjAufnahme="1998-05-17" ObjStrasseID="6124" ObjHausnummer="Bussestraße 29" ObjVorlage="2013-09-11 00:00:00.0" ObKeinKontakt="1" ObjArtID="1" Merkmal="0.0"/>
  <Objekte ObjID="11058" ObjAufnahme="1998-05-17" ObjStrasseID="6124" ObjHausnummer="Bussestraße 31" ObjVorlage="2013-09-11 00:00:00.0" ObKeinKontakt="1" ObjArtID="1" Merkmal="0.0"/>
  <Objekte ObjID="11059" ObjAufnahme="1998-05-17" ObjStrasseID="6124" ObjHausnummer="Bussestraße 33" ObjVorlage="2013-09-11 00:00:00.0" ObKeinKontakt="1" ObjArtID="1" Merkmal="0.0"/>
  <Objekte ObjID="11060" ObjAufnahme="1998-05-17" ObjStrasseID="6124" ObjHausnummer="Bussestraße 35" ObjVorlage="2013-09-11 00:00:00.0" ObKeinKontakt="1" ObjArtID="1" Merkmal="0.0"/>
  <Objekte ObjID="11061" ObjAufnahme="1998-05-17" ObjStrasseID="6124" ObjHausnummer="Bussestraße 37" ObjVorlage="2013-09-11 00:00:00.0" ObKeinKontakt="1" ObjArtID="1" Merkmal="0.0"/>
  <Objekte ObjID="11062" ObjAufnahme="1998-05-17" ObjStrasseID="6124" ObjHausnummer="Bussestraße 38" ObjVorlage="2013-09-11 00:00:00.0" ObKeinKontakt="1" ObjArtID="1" Merkmal="0.0"/>
  <Objekte ObjID="11063" ObjAufnahme="1998-05-17" ObjStrasseID="6124" ObjHausnummer="Bussestraße 40" ObjVorlage="2013-09-11 00:00:00.0" ObKeinKontakt="1" ObjArtID="1" Merkmal="0.0"/>
  <Objekte ObjID="11064" ObjAufnahme="1998-05-17" ObjStrasseID="6124" ObjHausnummer="Bussestraße 42" ObjVorlage="2013-09-11 00:00:00.0" ObKeinKontakt="1" ObjArtID="1" Merkmal="0.0"/>
  <Objekte ObjID="11065" ObjAufnahme="1998-05-17" ObjStrasseID="6124" ObjHausnummer="Bussestraße 44" ObjVorlage="2013-09-11 00:00:00.0" ObKeinKontakt="1" ObjArtID="1" Merkmal="0.0"/>
  <Objekte ObjID="11066" ObjAufnahme="1998-05-17" ObjStrasseID="6124" ObjHausnummer="Bussestraße 56" ObjVorlage="2013-09-11 00:00:00.0" ObKeinKontakt="1" ObjArtID="1" Merkmal="0.0"/>
  <Objekte ObjID="11067" ObjAufnahme="1998-05-17" ObjStrasseID="6124" ObjHausnummer="Bussestraße 58" ObjVorlage="2013-09-11 00:00:00.0" ObKeinKontakt="1" ObjArtID="1" Merkmal="0.0"/>
  <Objekte ObjID="11068" ObjAufnahme="1998-05-17" ObjLetztKontakt="2005-03-14" ObjStrasseID="8956" ObjHausnummer="Annastraße 2" ObjVorlage="2013-09-11 00:00:00.0" ObKeinKontakt="1" ObjArtID="1" Merkmal="0.0"/>
  <Objekte ObjID="11069" ObjAufnahme="1998-05-17" ObjLetztKontakt="2005-03-14" ObjStrasseID="8956" ObjHausnummer="Annastraße 4" ObjVorlage="2013-09-11 00:00:00.0" ObKeinKontakt="1" ObjArtID="1" Merkmal="0.0"/>
  <Objekte ObjID="11070" ObjAufnahme="1998-05-17" ObjLetztKontakt="2005-03-14" ObjStrasseID="8956" ObjHausnummer="Annastraße 6" ObjVorlage="2013-09-11 00:00:00.0" ObKeinKontakt="1" ObjArtID="1" Merkmal="0.0"/>
  <Objekte ObjID="11071" ObjAufnahme="1998-05-17" ObjLetztKontakt="2005-03-14" ObjStrasseID="8956" ObjHausnummer="Annastraße 8" ObjVorlage="2013-09-11 00:00:00.0" ObKeinKontakt="1" ObjArtID="1" Merkmal="0.0"/>
  <Objekte ObjID="11072" ObjAufnahme="1998-05-17" ObjLetztKontakt="2005-03-14" ObjStrasseID="8956" ObjHausnummer="Annastraße 10" ObjVorlage="2013-09-11 00:00:00.0" ObKeinKontakt="1" ObjArtID="1" Merkmal="0.0"/>
  <Objekte ObjID="11073" ObjAufnahme="1998-05-17" ObjLetztKontakt="2005-03-14" ObjStrasseID="8956" ObjHausnummer="Annastraße 12" ObjVorlage="2013-09-11 00:00:00.0" ObKeinKontakt="1" ObjArtID="1" Merkmal="0.0"/>
  <Objekte ObjID="11074" ObjAufnahme="1998-05-17" ObjLetztKontakt="2005-03-14" ObjStrasseID="8956" ObjHausnummer="Annastraße 14" ObjVorlage="2013-09-11 00:00:00.0" ObKeinKontakt="1" ObjArtID="1" Merkmal="0.0"/>
  <Objekte ObjID="11075" ObjAufnahme="1998-05-17" ObjLetztKontakt="2005-03-14" ObjStrasseID="8956" ObjHausnummer="Annastraße 16" ObjVorlage="2013-09-11 00:00:00.0" ObKeinKontakt="1" ObjArtID="1" Merkmal="0.0"/>
  <Objekte ObjID="11076" ObjAufnahme="1998-05-17" ObjLetztKontakt="2005-03-14" ObjStrasseID="8956" ObjHausnummer="Annastraße 18" ObjVorlage="2013-09-11 00:00:00.0" ObKeinKontakt="1" ObjArtID="1" Merkmal="0.0"/>
  <Objekte ObjID="11077" ObjAufnahme="1998-05-17" ObjStrasseID="5134" ObjHausnummer="Berenbosteler Straße 38A" ObjVorlage="2013-09-11 00:00:00.0" ObKeinKontakt="1" ObjArtID="1" Merkmal="0.0"/>
  <Objekte ObjID="11078" ObjAufnahme="1998-05-17" ObjStrasseID="7027" ObjHausnummer="In der Rehre 47" ObjVorlage="2013-09-11 00:00:00.0" ObKeinKontakt="1" ObjArtID="1" Merkmal="0.0"/>
  <Objekte ObjID="11079" ObjAufnahme="1998-05-17" ObjStrasseID="7027" ObjHausnummer="In der Rehre 49" ObjVorlage="2013-09-11 00:00:00.0" ObKeinKontakt="1" ObjArtID="1" Merkmal="0.0"/>
  <Objekte ObjID="11080" ObjAufnahme="1998-05-17" ObjStrasseID="7027" ObjHausnummer="In der Rehre 51" ObjVorlage="2013-09-11 00:00:00.0" ObKeinKontakt="1" ObjArtID="1" Merkmal="0.0"/>
  <Objekte ObjID="11081" ObjAufnahme="1998-05-17" ObjStrasseID="7027" ObjHausnummer="In der Rehre 53" ObjVorlage="2013-09-11 00:00:00.0" ObKeinKontakt="1" ObjArtID="1" Merkmal="0.0"/>
  <Objekte ObjID="11082" ObjAufnahme="1998-05-17" ObjStrasseID="7027" ObjHausnummer="In der Rehre 55" ObjVorlage="2013-09-11 00:00:00.0" ObKeinKontakt="1" ObjArtID="1" Merkmal="0.0"/>
  <Objekte ObjID="11083" ObjAufnahme="1998-05-17" ObjStrasseID="7027" ObjHausnummer="In der Rehre 57" ObjVorlage="2013-09-11 00:00:00.0" ObKeinKontakt="1" ObjArtID="1" Merkmal="0.0"/>
  <Objekte ObjID="11084" ObjAufnahme="1998-05-17" ObjStrasseID="7027" ObjHausnummer="In der Rehre 59" ObjVorlage="2013-09-11 00:00:00.0" ObKeinKontakt="1" ObjArtID="1" Merkmal="0.0"/>
  <Objekte ObjID="11085" ObjAufnahme="1998-05-17" ObjStrasseID="7980" ObjHausnummer="Rudolfstraße 1" ObjVorlage="2013-09-11 00:00:00.0" ObKeinKontakt="1" ObjArtID="1" Merkmal="0.0"/>
  <Objekte ObjID="11086" ObjAufnahme="1998-05-17" ObjStrasseID="7980" ObjHausnummer="Rudolfstraße 2" ObjVorlage="2013-09-11 00:00:00.0" ObKeinKontakt="1" ObjArtID="1" Merkmal="0.0"/>
  <Objekte ObjID="11087" ObjAufnahme="1998-05-17" ObjStrasseID="7980" ObjHausnummer="Rudolfstraße 3" ObjVorlage="2013-09-11 00:00:00.0" ObKeinKontakt="1" ObjArtID="1" Merkmal="0.0"/>
  <Objekte ObjID="11088" ObjAufnahme="1998-05-17" ObjStrasseID="7980" ObjHausnummer="Rudolfstraße 4" ObjVorlage="2013-09-11 00:00:00.0" ObKeinKontakt="1" ObjArtID="1" Merkmal="0.0"/>
  <Objekte ObjID="11089" ObjAufnahme="1998-05-17" ObjStrasseID="7980" ObjHausnummer="Rudolfstraße 5" ObjVorlage="2013-09-11 00:00:00.0" ObKeinKontakt="1" ObjArtID="1" Merkmal="0.0"/>
  <Objekte ObjID="11090" ObjAufnahme="1998-05-17" ObjStrasseID="8638" ObjHausnummer="Wilhelmstraße 1A" ObjVorlage="2013-09-11 00:00:00.0" ObKeinKontakt="1" ObjArtID="1" Merkmal="0.0"/>
  <Objekte ObjID="11091" ObjAufnahme="1998-05-17" ObjStrasseID="7913" ObjHausnummer="Rodbraken 3" ObjVorlage="2013-09-11 00:00:00.0" ObKeinKontakt="1" ObjArtID="1" Merkmal="0.0"/>
  <Objekte ObjID="11092" ObjAufnahme="1998-05-17" ObjStrasseID="7913" ObjHausnummer="Rodbraken 4" ObjVorlage="2013-09-11 00:00:00.0" ObKeinKontakt="1" ObjArtID="1" Merkmal="0.0"/>
  <Objekte ObjID="11093" ObjAufnahme="1998-05-17" ObjStrasseID="7913" ObjHausnummer="Rodbraken 5" ObjVorlage="2013-09-11 00:00:00.0" ObKeinKontakt="1" ObjArtID="1" Merkmal="0.0"/>
  <Objekte ObjID="11094" ObjAufnahme="1998-05-17" ObjStrasseID="7913" ObjHausnummer="Rodbraken 6" ObjVorlage="2013-09-11 00:00:00.0" ObKeinKontakt="1" ObjArtID="1" Merkmal="0.0"/>
  <Objekte ObjID="11095" ObjAufnahme="1998-05-17" ObjStrasseID="7913" ObjHausnummer="Rodbraken 7" ObjVorlage="2013-09-11 00:00:00.0" ObKeinKontakt="1" ObjArtID="1" Merkmal="0.0"/>
  <Objekte ObjID="11096" ObjAufnahme="1998-05-17" ObjStrasseID="7913" ObjHausnummer="Rodbraken 8" ObjVorlage="2013-09-11 00:00:00.0" ObKeinKontakt="1" ObjArtID="1" Merkmal="0.0"/>
  <Objekte ObjID="11097" ObjAufnahme="1998-05-17" ObjStrasseID="7913" ObjHausnummer="Rodbraken 9" ObjVorlage="2013-09-11 00:00:00.0" ObKeinKontakt="1" ObjArtID="1" Merkmal="0.0"/>
  <Objekte ObjID="11098" ObjAufnahme="1998-05-17" ObjStrasseID="7913" ObjHausnummer="Rodbraken 11" ObjVorlage="2013-09-11 00:00:00.0" ObKeinKontakt="1" ObjArtID="1" Merkmal="0.0"/>
  <Objekte ObjID="11099" ObjAufnahme="1998-05-17" ObjStrasseID="7913" ObjHausnummer="Rodbraken 13" ObjVorlage="2013-09-11 00:00:00.0" ObKeinKontakt="1" ObjArtID="1" Merkmal="0.0"/>
  <Objekte ObjID="11100" ObjAufnahme="1998-05-17" ObjStrasseID="7913" ObjHausnummer="Rodbraken 15" ObjVorlage="2013-09-11 00:00:00.0" ObKeinKontakt="1" ObjArtID="1" Merkmal="0.0"/>
  <Objekte ObjID="11101" ObjAufnahme="1998-05-17" ObjStrasseID="7913" ObjHausnummer="Rodbraken 17" ObjVorlage="2013-09-11 00:00:00.0" ObKeinKontakt="1" ObjArtID="1" Merkmal="0.0"/>
  <Objekte ObjID="11102" ObjAufnahme="1998-05-17" ObjStrasseID="7913" ObjHausnummer="Rodbraken 3A" ObjVorlage="2013-09-11 00:00:00.0" ObKeinKontakt="1" ObjArtID="1" Merkmal="0.0"/>
  <Objekte ObjID="11103" ObjAufnahme="1998-05-17" ObjStrasseID="7913" ObjHausnummer="Rodbraken 5A" ObjVorlage="2013-09-11 00:00:00.0" ObKeinKontakt="1" ObjArtID="1" Merkmal="0.0"/>
  <Objekte ObjID="11104" ObjAufnahme="1998-05-17" ObjStrasseID="7913" ObjHausnummer="Rodbraken 7A" ObjVorlage="2013-09-11 00:00:00.0" ObKeinKontakt="1" ObjArtID="1" Merkmal="0.0"/>
  <Objekte ObjID="11105" ObjAufnahme="1998-05-17" ObjStrasseID="7913" ObjHausnummer="Rodbraken 9A" ObjVorlage="2013-09-11 00:00:00.0" ObKeinKontakt="1" ObjArtID="1" Merkmal="0.0"/>
  <Objekte ObjID="11106" ObjAufnahme="1998-05-17" ObjStrasseID="7913" ObjHausnummer="Rodbraken 11A" ObjVorlage="2013-09-11 00:00:00.0" ObKeinKontakt="1" ObjArtID="1" Merkmal="0.0"/>
  <Objekte ObjID="11107" ObjAufnahme="1998-05-17" ObjStrasseID="7913" ObjHausnummer="Rodbraken 3B" ObjVorlage="2013-09-11 00:00:00.0" ObKeinKontakt="1" ObjArtID="1" Merkmal="0.0"/>
  <Objekte ObjID="11108" ObjAufnahme="1998-05-17" ObjStrasseID="7913" ObjHausnummer="Rodbraken 41A" ObjVorlage="2013-09-11 00:00:00.0" ObKeinKontakt="1" ObjArtID="1" Merkmal="0.0"/>
  <Objekte ObjID="11109" ObjAufnahme="1998-05-17" ObjStrasseID="7913" ObjHausnummer="Rodbraken 16" ObjVorlage="2013-09-11 00:00:00.0" ObKeinKontakt="1" ObjArtID="1" Merkmal="0.0"/>
  <Objekte ObjID="11110" ObjAufnahme="1998-05-17" ObjStrasseID="7913" ObjHausnummer="Rodbraken 18" ObjVorlage="2013-09-11 00:00:00.0" ObKeinKontakt="1" ObjArtID="1" Merkmal="0.0"/>
  <Objekte ObjID="11111" ObjAufnahme="1998-05-17" ObjStrasseID="7913" ObjHausnummer="Rodbraken 20" ObjVorlage="2013-09-11 00:00:00.0" ObKeinKontakt="1" ObjArtID="1" Merkmal="0.0"/>
  <Objekte ObjID="11112" ObjAufnahme="1998-05-17" ObjStrasseID="7913" ObjHausnummer="Rodbraken 23" ObjVorlage="2013-09-11 00:00:00.0" ObKeinKontakt="1" ObjArtID="1" Merkmal="0.0"/>
  <Objekte ObjID="11113" ObjAufnahme="1998-05-17" ObjStrasseID="7913" ObjHausnummer="Rodbraken 25" ObjVorlage="2013-09-11 00:00:00.0" ObKeinKontakt="1" ObjArtID="1" Merkmal="0.0"/>
  <Objekte ObjID="11114" ObjAufnahme="1998-05-17" ObjStrasseID="7913" ObjHausnummer="Rodbraken 27" ObjVorlage="2013-09-11 00:00:00.0" ObKeinKontakt="1" ObjArtID="1" Merkmal="0.0"/>
  <Objekte ObjID="11115" ObjAufnahme="1998-05-17" ObjStrasseID="7913" ObjHausnummer="Rodbraken 29" ObjVorlage="2013-09-11 00:00:00.0" ObKeinKontakt="1" ObjArtID="1" Merkmal="0.0"/>
  <Objekte ObjID="11116" ObjAufnahme="1998-05-17" ObjStrasseID="7913" ObjHausnummer="Rodbraken 31" ObjVorlage="2013-09-11 00:00:00.0" ObKeinKontakt="1" ObjArtID="1" Merkmal="0.0"/>
  <Objekte ObjID="11117" ObjAufnahme="1998-05-17" ObjStrasseID="7913" ObjHausnummer="Rodbraken 41" ObjVorlage="2013-09-11 00:00:00.0" ObKeinKontakt="1" ObjArtID="1" Merkmal="0.0"/>
  <Objekte ObjID="11118" ObjAufnahme="1998-05-17" ObjStrasseID="7913" ObjHausnummer="Rodbraken 43" ObjVorlage="2013-09-11 00:00:00.0" ObKeinKontakt="1" ObjArtID="1" Merkmal="0.0"/>
  <Objekte ObjID="11119" ObjAufnahme="1998-05-17" ObjStrasseID="7913" ObjHausnummer="Rodbraken 45" ObjVorlage="2013-09-11 00:00:00.0" ObKeinKontakt="1" ObjArtID="1" Merkmal="0.0"/>
  <Objekte ObjID="11120" ObjAufnahme="1998-05-17" ObjStrasseID="7913" ObjHausnummer="Rodbraken 47" ObjVorlage="2013-09-11 00:00:00.0" ObKeinKontakt="1" ObjArtID="1" Merkmal="0.0"/>
  <Objekte ObjID="11121" ObjAufnahme="1998-05-17" ObjStrasseID="7913" ObjHausnummer="Rodbraken 49" ObjVorlage="2013-09-11 00:00:00.0" ObKeinKontakt="1" ObjArtID="1" Merkmal="0.0"/>
  <Objekte ObjID="11122" ObjAufnahme="1998-05-17" ObjStrasseID="7913" ObjHausnummer="Rodbraken 51" ObjVorlage="2013-09-11 00:00:00.0" ObKeinKontakt="1" ObjArtID="1" Merkmal="0.0"/>
  <Objekte ObjID="11123" ObjAufnahme="1998-05-17" ObjStrasseID="7913" ObjHausnummer="Rodbraken 53" ObjVorlage="2013-09-11 00:00:00.0" ObKeinKontakt="1" ObjArtID="1" Merkmal="0.0"/>
  <Objekte ObjID="11124" ObjAufnahme="1998-05-17" ObjStrasseID="7413" ObjHausnummer="Lohfeldweg 24" ObjVorlage="2013-09-11 00:00:00.0" ObKeinKontakt="1" ObjArtID="1" Merkmal="0.0"/>
  <Objekte ObjID="11125" ObjAufnahme="1998-05-17" ObjLetztKontakt="2001-11-13" ObjStrasseID="8618" ObjHausnummer="Wiesenstraße 4" ObjVorlage="2013-09-11 00:00:00.0" ObKeinKontakt="2" ObjArtID="1" Merkmal="0.0"/>
  <Objekte ObjID="11126" ObjAufnahme="1998-05-17" ObjLetztKontakt="1998-05-17" ObjStrasseID="8618" ObjHausnummer="Wiesenstraße 50A" ObjVorlage="2013-09-11 00:00:00.0" ObKeinKontakt="1" ObjArtID="8" Merkmal="0.0" ObjInfo="entweder U.Ernst Wiesenstr 4 Tel. 887584 oder Günther Ernst Am Lindener Berge 26 Tel. 452160"/>
  <Objekte ObjID="11127" ObjAufnahme="1998-05-17" ObjLetztKontakt="1998-05-17" ObjStrasseID="8671" ObjHausnummer="Woermannstraße 30" ObjVorlage="2013-09-11 00:00:00.0" ObKeinKontakt="1" ObjArtID="1" Merkmal="0.0" ObjInfo="entweder U.Ernst Wiesenstr 4 Tel. 887584 oder Günther Ernst Am Lindener Berge 26 Tel. 452160"/>
  <Objekte ObjID="11128" ObjAufnahme="1998-05-17" ObjLetztKontakt="1998-05-17" ObjStrasseID="8375" ObjHausnummer="Tieckstraße 11" ObjVorlage="2013-09-11 00:00:00.0" ObKeinKontakt="1" ObjArtID="1" Merkmal="0.0" ObjInfo="Wilhelm Erwig Tieckstr. 11 Tel 555804"/>
  <Objekte ObjID="11129" ObjAufnahme="1998-05-17" ObjStrasseID="5624" ObjHausnummer="Am Flöth 63" ObjVorlage="2013-09-11 00:00:00.0" ObKeinKontakt="1" ObjArtID="54" Merkmal="0.0"/>
  <Objekte ObjID="11130" ObjAufnahme="1998-05-17" ObjStrasseID="6676" ObjHausnummer="Güntherstraße 35" ObjVorlage="2013-09-11 00:00:00.0" ObKeinKontakt="1" ObjArtID="1" Merkmal="0.0"/>
  <Objekte ObjID="11131" ObjAufnahme="1998-05-17" ObjStrasseID="6841" ObjHausnummer="Herbartstraße 2" ObjVorlage="2013-09-11 00:00:00.0" ObKeinKontakt="1" ObjArtID="1" Merkmal="0.0"/>
  <Objekte ObjID="11132" ObjAufnahme="1998-05-17" ObjStrasseID="7297" ObjHausnummer="Lampestraße 2" ObjVorlage="2013-09-11 00:00:00.0" ObKeinKontakt="1" ObjArtID="1" Merkmal="0.0"/>
  <Objekte ObjID="11133" ObjAufnahme="1998-05-17" ObjStrasseID="7852" ObjHausnummer="Rautenstraße 14" ObjVorlage="2013-09-11 00:00:00.0" ObKeinKontakt="1" ObjArtID="1" Merkmal="0.0"/>
  <Objekte ObjID="11134" ObjAufnahme="1998-05-17" ObjStrasseID="8255" ObjHausnummer="Stammestraße 11" ObjVorlage="2013-09-11 00:00:00.0" ObKeinKontakt="1" ObjArtID="1" Merkmal="0.0"/>
  <Objekte ObjID="11135" ObjAufnahme="1998-05-17" ObjStrasseID="7534" ObjHausnummer="Meterstraße 29" ObjVorlage="2013-09-11 00:00:00.0" ObKeinKontakt="1" ObjArtID="1" Merkmal="0.0"/>
  <Objekte ObjID="11136" ObjAufnahme="1998-05-17" ObjStrasseID="7534" ObjHausnummer="Meterstraße 31" ObjVorlage="2013-09-11 00:00:00.0" ObKeinKontakt="1" ObjArtID="1" Merkmal="0.0"/>
  <Objekte ObjID="11137" ObjAufnahme="1998-05-17" ObjStrasseID="7534" ObjHausnummer="Meterstraße 33" ObjVorlage="2013-09-11 00:00:00.0" ObKeinKontakt="1" ObjArtID="1" Merkmal="0.0"/>
  <Objekte ObjID="11138" ObjAufnahme="1998-05-17" ObjStrasseID="7534" ObjHausnummer="Meterstraße 35" ObjVorlage="2013-09-11 00:00:00.0" ObKeinKontakt="1" ObjArtID="1" Merkmal="0.0"/>
  <Objekte ObjID="11139" ObjAufnahme="1998-05-17" ObjStrasseID="7534" ObjHausnummer="Meterstraße 37" ObjVorlage="2013-09-11 00:00:00.0" ObKeinKontakt="1" ObjArtID="1" Merkmal="0.0"/>
  <Objekte ObjID="11140" ObjAufnahme="1998-05-17" ObjStrasseID="7568" ObjHausnummer="Moorhoffstraße 28" ObjVorlage="2013-09-11 00:00:00.0" ObKeinKontakt="1" ObjArtID="1" Merkmal="0.0"/>
  <Objekte ObjID="11141" ObjAufnahme="1998-05-17" ObjStrasseID="5906" ObjHausnummer="Beneckeallee 2" ObjVorlage="2013-09-11 00:00:00.0" ObKeinKontakt="1" ObjArtID="1" Merkmal="0.0"/>
  <Objekte ObjID="11142" ObjAufnahme="1998-05-17" ObjStrasseID="5943" ObjHausnummer="Bethlehemplatz 1" ObjVorlage="2013-09-11 00:00:00.0" ObKeinKontakt="1" ObjArtID="1" Merkmal="0.0"/>
  <Objekte ObjID="11143" ObjAufnahme="1998-05-17" ObjStrasseID="5943" ObjHausnummer="Bethlehemplatz 1B" ObjVorlage="2013-09-11 00:00:00.0" ObKeinKontakt="1" ObjArtID="1" Merkmal="0.0"/>
  <Objekte ObjID="11144" ObjAufnahme="1998-05-17" ObjStrasseID="6004" ObjHausnummer="Bodenstedtstraße 5" ObjVorlage="2013-09-11 00:00:00.0" ObKeinKontakt="1" ObjArtID="1" Merkmal="0.0"/>
  <Objekte ObjID="11145" ObjAufnahme="1998-05-17" ObjStrasseID="6004" ObjHausnummer="Bodenstedtstraße 6" ObjVorlage="2013-09-11 00:00:00.0" ObKeinKontakt="1" ObjArtID="1" Merkmal="0.0"/>
  <Objekte ObjID="11146" ObjAufnahme="1998-05-17" ObjStrasseID="6025" ObjHausnummer="Borcherstraße 6" ObjVorlage="2013-09-11 00:00:00.0" ObKeinKontakt="1" ObjArtID="1" Merkmal="0.0"/>
  <Objekte ObjID="11147" ObjAufnahme="1998-05-17" ObjStrasseID="6933" ObjHausnummer="Hudeplan 42C" ObjVorlage="2013-09-11 00:00:00.0" ObKeinKontakt="1" ObjArtID="1" Merkmal="0.0"/>
  <Objekte ObjID="11148" ObjAufnahme="1998-05-17" ObjStrasseID="6944" ObjHausnummer="Hüttenstraße 3A" ObjVorlage="2013-09-11 00:00:00.0" ObKeinKontakt="1" ObjArtID="1" Merkmal="0.0"/>
  <Objekte ObjID="11149" ObjAufnahme="1998-05-17" ObjStrasseID="7438" ObjHausnummer="Ludwig-Jahn-Straße 18" ObjVorlage="2013-09-11 00:00:00.0" ObKeinKontakt="1" ObjArtID="1" Merkmal="0.0"/>
  <Objekte ObjID="11150" ObjAufnahme="1998-05-17" ObjStrasseID="7438" ObjHausnummer="Ludwig-Jahn-Straße 20" ObjVorlage="2013-09-11 00:00:00.0" ObKeinKontakt="1" ObjArtID="1" Merkmal="0.0"/>
  <Objekte ObjID="11151" ObjAufnahme="1998-05-17" ObjStrasseID="7636" ObjHausnummer="Niemeyerstraße 16" ObjVorlage="2013-09-11 00:00:00.0" ObKeinKontakt="1" ObjArtID="1" Merkmal="0.0"/>
  <Objekte ObjID="11152" ObjAufnahme="1998-05-17" ObjStrasseID="7870" ObjHausnummer="Reinholdstraße 21" ObjVorlage="2013-09-11 00:00:00.0" ObKeinKontakt="1" ObjArtID="1" Merkmal="0.0"/>
  <Objekte ObjID="11153" ObjAufnahme="1998-05-17" ObjStrasseID="7870" ObjHausnummer="Reinholdstraße 23" ObjVorlage="2013-09-11 00:00:00.0" ObKeinKontakt="1" ObjArtID="1" Merkmal="0.0"/>
  <Objekte ObjID="11154" ObjAufnahme="1998-05-17" ObjStrasseID="7878" ObjHausnummer="Rethener Straße 2A" ObjVorlage="2013-09-11 00:00:00.0" ObKeinKontakt="1" ObjArtID="1" Merkmal="0.0"/>
  <Objekte ObjID="11155" ObjAufnahme="1998-05-17" ObjStrasseID="7907" ObjHausnummer="Ritter-Brüning-Straße 16" ObjVorlage="2013-09-11 00:00:00.0" ObKeinKontakt="1" ObjArtID="1" Merkmal="0.0"/>
  <Objekte ObjID="11156" ObjAufnahme="1998-05-17" ObjStrasseID="8511" ObjHausnummer="Wallensteinstraße 32B" ObjVorlage="2013-09-11 00:00:00.0" ObKeinKontakt="1" ObjArtID="1" Merkmal="0.0"/>
  <Objekte ObjID="11157" ObjAufnahme="1998-05-17" ObjStrasseID="8531" ObjHausnummer="Waterloostraße 3" ObjVorlage="2013-09-11 00:00:00.0" ObKeinKontakt="1" ObjArtID="1" Merkmal="0.0"/>
  <Objekte ObjID="11158" ObjAufnahme="1998-05-17" ObjStrasseID="8027" ObjHausnummer="Salzmannstraße 5" ObjVorlage="2013-09-11 00:00:00.0" ObKeinKontakt="1" ObjArtID="1" Merkmal="0.0"/>
  <Objekte ObjID="11159" ObjAufnahme="1998-05-17" ObjStrasseID="8027" ObjHausnummer="Salzmannstraße 7" ObjVorlage="2013-09-11 00:00:00.0" ObKeinKontakt="1" ObjArtID="1" Merkmal="0.0"/>
  <Objekte ObjID="11160" ObjAufnahme="1998-05-17" ObjStrasseID="6858" ObjHausnummer="Herrenhäuser Straße 2A" ObjVorlage="2013-09-11 00:00:00.0" ObKeinKontakt="1" ObjArtID="1" Merkmal="0.0"/>
  <Objekte ObjID="11161" ObjAufnahme="1998-05-17" ObjLetztKontakt="2000-01-11" ObjStrasseID="7436" ObjHausnummer="Ludwig-Bruns-Straße 9" ObjVorlage="2013-09-11 00:00:00.0" ObKeinKontakt="1" ObjArtID="1" Merkmal="0.0"/>
  <Objekte ObjID="11162" ObjAufnahme="1998-05-17" ObjStrasseID="7436" ObjHausnummer="Ludwig-Bruns-Straße 13" ObjVorlage="2013-09-11 00:00:00.0" ObKeinKontakt="1" ObjArtID="1" Merkmal="0.0"/>
  <Objekte ObjID="11163" ObjAufnahme="1998-05-17" ObjStrasseID="7450" ObjHausnummer="Lüneburger Damm 2" ObjVorlage="2013-09-11 00:00:00.0" ObKeinKontakt="1" ObjArtID="1" Merkmal="0.0"/>
  <Objekte ObjID="11164" ObjAufnahme="1998-05-17" ObjStrasseID="7450" ObjHausnummer="Lüneburger Damm 4" ObjVorlage="2013-09-11 00:00:00.0" ObKeinKontakt="1" ObjArtID="1" Merkmal="0.0"/>
  <Objekte ObjID="11165" ObjAufnahme="1998-05-17" ObjStrasseID="7450" ObjHausnummer="Lüneburger Damm 2B" ObjVorlage="2013-09-11 00:00:00.0" ObKeinKontakt="1" ObjArtID="1" Merkmal="0.0"/>
  <Objekte ObjID="11166" ObjAufnahme="1998-05-17" ObjStrasseID="7450" ObjHausnummer="Lüneburger Damm 4B" ObjVorlage="2013-09-11 00:00:00.0" ObKeinKontakt="1" ObjArtID="1" Merkmal="0.0"/>
  <Objekte ObjID="11167" ObjAufnahme="1998-05-17" ObjStrasseID="7450" ObjHausnummer="Lüneburger Damm 4A" ObjVorlage="2013-09-11 00:00:00.0" ObKeinKontakt="1" ObjArtID="1" Merkmal="0.0"/>
  <Objekte ObjID="11168" ObjAufnahme="1998-05-17" ObjStrasseID="8882" ObjHausnummer="Groß-Buchholzer Straße 8" ObjVorlage="2013-09-11 00:00:00.0" ObKeinKontakt="1" ObjArtID="1" Merkmal="0.0"/>
  <Objekte ObjID="11169" ObjAufnahme="1998-05-17" ObjStrasseID="6777" ObjHausnummer="Hegebläch 21" ObjVorlage="2013-09-11 00:00:00.0" ObKeinKontakt="1" ObjArtID="1" Merkmal="0.0"/>
  <Objekte ObjID="11170" ObjAufnahme="1998-05-17" ObjStrasseID="8011" ObjHausnummer="Sackmannstraße 27" ObjVorlage="2013-09-11 00:00:00.0" ObKeinKontakt="1" ObjArtID="1" Merkmal="0.0"/>
  <Objekte ObjID="11171" ObjAufnahme="1998-05-17" ObjStrasseID="8011" ObjHausnummer="Sackmannstraße 32" ObjVorlage="2013-09-11 00:00:00.0" ObKeinKontakt="1" ObjArtID="1" Merkmal="0.0"/>
  <Objekte ObjID="11172" ObjAufnahme="1998-05-17" ObjStrasseID="8011" ObjHausnummer="Sackmannstraße 34" ObjVorlage="2013-09-11 00:00:00.0" ObKeinKontakt="1" ObjArtID="1" Merkmal="0.0"/>
  <Objekte ObjID="11173" ObjAufnahme="1998-05-17" ObjStrasseID="5770" ObjHausnummer="An der Martinskirche 14" ObjVorlage="2013-09-11 00:00:00.0" ObKeinKontakt="1" ObjArtID="1" Merkmal="0.0"/>
  <Objekte ObjID="11174" ObjAufnahme="1998-05-17" ObjStrasseID="6726" ObjHausnummer="Hanns-Lilje-Platz 2" ObjVorlage="2013-09-11 00:00:00.0" ObKeinKontakt="1" ObjArtID="1" Merkmal="0.0"/>
  <Objekte ObjID="11175" ObjAufnahme="1998-05-17" ObjStrasseID="6726" ObjHausnummer="Hanns-Lilje-Platz 3" ObjVorlage="2013-09-11 00:00:00.0" ObKeinKontakt="1" ObjArtID="1" Merkmal="0.0"/>
  <Objekte ObjID="11176" ObjAufnahme="1998-05-17" ObjStrasseID="5679" ObjHausnummer="Am Lindenhofe 18" ObjVorlage="2013-09-11 00:00:00.0" ObKeinKontakt="1" ObjArtID="1" Merkmal="0.0"/>
  <Objekte ObjID="11177" ObjAufnahme="1998-05-17" ObjStrasseID="5726" ObjHausnummer="Am Wachholder 14" ObjVorlage="2013-09-11 00:00:00.0" ObKeinKontakt="1" ObjArtID="1" Merkmal="0.0"/>
  <Objekte ObjID="11178" ObjAufnahme="1998-05-17" ObjStrasseID="5860" ObjHausnummer="Badenstedter Straße 15" ObjVorlage="2013-09-11 00:00:00.0" ObKeinKontakt="1" ObjArtID="1" Merkmal="0.0"/>
  <Objekte ObjID="11179" ObjAufnahme="1998-05-17" ObjStrasseID="5860" ObjHausnummer="Badenstedter Straße 17" ObjVorlage="2013-09-11 00:00:00.0" ObKeinKontakt="1" ObjArtID="1" Merkmal="0.0"/>
  <Objekte ObjID="11180" ObjAufnahme="1998-05-17" ObjStrasseID="5860" ObjHausnummer="Badenstedter Straße 17A" ObjVorlage="2013-09-11 00:00:00.0" ObKeinKontakt="1" ObjArtID="1" Merkmal="0.0"/>
  <Objekte ObjID="11181" ObjAufnahme="1998-05-17" ObjStrasseID="5860" ObjHausnummer="Badenstedter Straße 29" ObjVorlage="2013-09-11 00:00:00.0" ObKeinKontakt="1" ObjArtID="1" Merkmal="0.0"/>
  <Objekte ObjID="11182" ObjAufnahme="1998-05-17" ObjStrasseID="5860" ObjHausnummer="Badenstedter Straße 37" ObjVorlage="2013-09-11 00:00:00.0" ObKeinKontakt="1" ObjArtID="1" Merkmal="0.0"/>
  <Objekte ObjID="11183" ObjAufnahme="1998-05-17" ObjStrasseID="6676" ObjHausnummer="Güntherstraße 7" ObjVorlage="2013-09-11 00:00:00.0" ObKeinKontakt="1" ObjArtID="1" Merkmal="0.0"/>
  <Objekte ObjID="11184" ObjAufnahme="1998-05-17" ObjStrasseID="6751" ObjHausnummer="Hartungstraße 1" ObjVorlage="2013-09-11 00:00:00.0" ObKeinKontakt="1" ObjArtID="1" Merkmal="0.0"/>
  <Objekte ObjID="11185" ObjAufnahme="1998-05-17" ObjStrasseID="6047" ObjHausnummer="Böttcherstraße 10" ObjVorlage="2013-09-11 00:00:00.0" ObKeinKontakt="1" ObjArtID="1" Merkmal="0.0"/>
  <Objekte ObjID="11186" ObjAufnahme="1998-05-17" ObjStrasseID="6574" ObjHausnummer="Gleiwitzer Straße 25" ObjVorlage="2013-09-11 00:00:00.0" ObKeinKontakt="1" ObjArtID="1" Merkmal="0.0"/>
  <Objekte ObjID="11187" ObjAufnahme="1998-05-17" ObjStrasseID="6574" ObjHausnummer="Gleiwitzer Straße 25A" ObjVorlage="2013-09-11 00:00:00.0" ObKeinKontakt="1" ObjArtID="1" Merkmal="0.0"/>
  <Objekte ObjID="11188" ObjAufnahme="1998-05-17" ObjStrasseID="6627" ObjHausnummer="Grazer Straße 23" ObjVorlage="2013-09-11 00:00:00.0" ObKeinKontakt="1" ObjArtID="1" Merkmal="0.0"/>
  <Objekte ObjID="11189" ObjAufnahme="1998-05-17" ObjStrasseID="6970" ObjHausnummer="Im Dorfe 14" ObjVorlage="2013-09-11 00:00:00.0" ObKeinKontakt="1" ObjArtID="1" Merkmal="0.0"/>
  <Objekte ObjID="11190" ObjAufnahme="1998-05-17" ObjStrasseID="7012" ObjHausnummer="Immelmannstraße 13" ObjVorlage="2013-09-11 00:00:00.0" ObKeinKontakt="1" ObjArtID="1" Merkmal="0.0"/>
  <Objekte ObjID="11191" ObjAufnahme="1998-05-17" ObjStrasseID="8562" ObjHausnummer="Weinstraße 5A" ObjVorlage="2013-09-11 00:00:00.0" ObKeinKontakt="1" ObjArtID="1" Merkmal="0.0"/>
  <Objekte ObjID="11192" ObjAufnahme="1998-05-17" ObjStrasseID="5539" ObjHausnummer="Adickesstraße 7" ObjVorlage="2013-09-11 00:00:00.0" ObKeinKontakt="1" ObjArtID="1" Merkmal="0.0"/>
  <Objekte ObjID="11193" ObjAufnahme="1998-05-17" ObjStrasseID="2852" ObjHausnummer="Alte Döhrener Straße 28" ObjVorlage="2013-09-11 00:00:00.0" ObKeinKontakt="1" ObjArtID="1" Merkmal="0.0"/>
  <Objekte ObjID="11194" ObjAufnahme="1998-05-17" ObjStrasseID="2852" ObjHausnummer="Alte Döhrener Straße 30" ObjVorlage="2013-09-11 00:00:00.0" ObKeinKontakt="1" ObjArtID="1" Merkmal="0.0"/>
  <Objekte ObjID="11195" ObjAufnahme="1998-05-17" ObjLetztKontakt="1998-10-29" ObjStrasseID="6534" ObjHausnummer="Geibelstraße 81" ObjVorlage="2013-09-11 00:00:00.0" ObKeinKontakt="5" ObjArtID="1" Merkmal="0.0"/>
  <Objekte ObjID="11196" ObjAufnahme="1998-05-17" ObjLetztKontakt="1998-10-29" ObjStrasseID="6534" ObjHausnummer="Geibelstraße 83" ObjVorlage="2013-09-11 00:00:00.0" ObKeinKontakt="5" ObjArtID="1" Merkmal="0.0"/>
  <Objekte ObjID="11197" ObjAufnahme="1998-05-17" ObjLetztKontakt="1998-10-29" ObjStrasseID="6534" ObjHausnummer="Geibelstraße 85" ObjVorlage="2013-09-11 00:00:00.0" ObKeinKontakt="5" ObjArtID="1" Merkmal="0.0"/>
  <Objekte ObjID="11198" ObjAufnahme="1998-05-17" ObjStrasseID="6534" ObjHausnummer="Geibelstraße 99" ObjVorlage="2013-09-11 00:00:00.0" ObKeinKontakt="5" ObjArtID="1" Merkmal="0.9999999999999999"/>
  <Objekte ObjID="11199" ObjAufnahme="1998-05-17" ObjLetztKontakt="2001-09-03" ObjStrasseID="6534" ObjHausnummer="Geibelstraße 101" ObjVorlage="2013-09-11 00:00:00.0" ObKeinKontakt="9" ObjArtID="105" Merkmal="0.0" ObjInfo="355101\S-Blk."/>
  <Objekte ObjID="11200" ObjAufnahme="1998-05-17" ObjLetztKontakt="1998-10-29" ObjStrasseID="6534" ObjHausnummer="Geibelstraße 103" ObjVorlage="2013-09-11 00:00:00.0" ObKeinKontakt="5" ObjArtID="1" Merkmal="0.0"/>
  <Objekte ObjID="11201" ObjAufnahme="1998-05-17" ObjLetztKontakt="1998-10-29" ObjStrasseID="6534" ObjHausnummer="Geibelstraße 105" ObjVorlage="2013-09-11 00:00:00.0" ObKeinKontakt="5" ObjArtID="1" Merkmal="0.0"/>
  <Objekte ObjID="11202" ObjAufnahme="1998-05-17" ObjStrasseID="8231" ObjHausnummer="Spichernstraße 26" ObjVorlage="2013-09-11 00:00:00.0" ObKeinKontakt="1" ObjArtID="1" Merkmal="0.0"/>
  <Objekte ObjID="11203" ObjAufnahme="1998-05-17" ObjStrasseID="8529" ObjHausnummer="Waßmannstraße 2" ObjVorlage="2013-09-11 00:00:00.0" ObKeinKontakt="1" ObjArtID="1" Merkmal="0.0"/>
  <Objekte ObjID="11204" ObjAufnahme="1998-05-17" ObjStrasseID="8529" ObjHausnummer="Waßmannstraße 4" ObjVorlage="2013-09-11 00:00:00.0" ObKeinKontakt="1" ObjArtID="1" Merkmal="0.0"/>
  <Objekte ObjID="11205" ObjAufnahme="1998-05-17" ObjStrasseID="8529" ObjHausnummer="Waßmannstraße 6" ObjVorlage="2013-09-11 00:00:00.0" ObKeinKontakt="1" ObjArtID="1" Merkmal="0.0"/>
  <Objekte ObjID="11206" ObjAufnahme="1998-05-17" ObjStrasseID="8529" ObjHausnummer="Waßmannstraße 8" ObjVorlage="2013-09-11 00:00:00.0" ObKeinKontakt="1" ObjArtID="1" Merkmal="0.0"/>
  <Objekte ObjID="11207" ObjAufnahme="1998-05-17" ObjStrasseID="8529" ObjHausnummer="Waßmannstraße 10" ObjVorlage="2013-09-11 00:00:00.0" ObKeinKontakt="1" ObjArtID="1" Merkmal="0.0"/>
  <Objekte ObjID="11208" ObjAufnahme="1998-05-17" ObjStrasseID="8529" ObjHausnummer="Waßmannstraße 12" ObjVorlage="2013-09-11 00:00:00.0" ObKeinKontakt="1" ObjArtID="1" Merkmal="0.0"/>
  <Objekte ObjID="11209" ObjAufnahme="1998-05-17" ObjStrasseID="8529" ObjHausnummer="Waßmannstraße 14" ObjVorlage="2013-09-11 00:00:00.0" ObKeinKontakt="1" ObjArtID="1" Merkmal="0.0"/>
  <Objekte ObjID="11210" ObjAufnahme="1998-05-17" ObjStrasseID="8529" ObjHausnummer="Waßmannstraße 16" ObjVorlage="2013-09-11 00:00:00.0" ObKeinKontakt="1" ObjArtID="1" Merkmal="0.0"/>
  <Objekte ObjID="11211" ObjAufnahme="1998-05-17" ObjStrasseID="8529" ObjHausnummer="Waßmannstraße 18" ObjVorlage="2013-09-11 00:00:00.0" ObKeinKontakt="1" ObjArtID="1" Merkmal="0.0"/>
  <Objekte ObjID="11212" ObjAufnahme="1998-05-17" ObjStrasseID="7036" ObjHausnummer="Insterburger Weg 1" ObjVorlage="2013-09-11 00:00:00.0" ObKeinKontakt="1" ObjArtID="1" Merkmal="0.0"/>
  <Objekte ObjID="11213" ObjAufnahme="1998-05-17" ObjStrasseID="7036" ObjHausnummer="Insterburger Weg 3" ObjVorlage="2013-09-11 00:00:00.0" ObKeinKontakt="1" ObjArtID="1" Merkmal="0.0"/>
  <Objekte ObjID="11214" ObjAufnahme="1998-05-17" ObjStrasseID="7275" ObjHausnummer="Kugelfangtrift 150" ObjVorlage="2013-09-11 00:00:00.0" ObKeinKontakt="1" ObjArtID="1" Merkmal="0.0"/>
  <Objekte ObjID="11215" ObjAufnahme="1998-05-17" ObjStrasseID="7658" ObjHausnummer="Nottelmannufer 11" ObjVorlage="2013-09-11 00:00:00.0" ObKeinKontakt="1" ObjArtID="1" Merkmal="0.0"/>
  <Objekte ObjID="11216" ObjAufnahme="1998-05-17" ObjStrasseID="7861" ObjHausnummer="Rehmer Feld 11" ObjVorlage="2013-09-11 00:00:00.0" ObKeinKontakt="1" ObjArtID="1" Merkmal="0.0"/>
  <Objekte ObjID="11217" ObjAufnahme="1998-05-17" ObjStrasseID="6479" ObjHausnummer="Friedrich-Ebert-Straße 30" ObjVorlage="2013-09-11 00:00:00.0" ObKeinKontakt="1" ObjArtID="1" Merkmal="0.0"/>
  <Objekte ObjID="11218" ObjAufnahme="1998-05-17" ObjStrasseID="6479" ObjHausnummer="Friedrich-Ebert-Straße 32" ObjVorlage="2013-09-11 00:00:00.0" ObKeinKontakt="1" ObjArtID="1" Merkmal="0.0"/>
  <Objekte ObjID="11219" ObjAufnahme="1998-05-17" ObjStrasseID="5780" ObjHausnummer="An der Tiefenriede 35" ObjVorlage="2013-09-11 00:00:00.0" ObKeinKontakt="1" ObjArtID="1" Merkmal="0.0"/>
  <Objekte ObjID="11220" ObjAufnahme="1998-05-17" ObjStrasseID="5780" ObjHausnummer="An der Tiefenriede 39" ObjVorlage="2013-09-11 00:00:00.0" ObKeinKontakt="1" ObjArtID="1" Merkmal="0.0"/>
  <Objekte ObjID="11221" ObjAufnahme="1998-05-17" ObjLetztKontakt="1999-10-29" ObjStrasseID="5780" ObjHausnummer="An der Tiefenriede 51" ObjVorlage="2013-09-11 00:00:00.0" ObKeinKontakt="1" ObjArtID="1" Merkmal="0.0"/>
  <Objekte ObjID="11222" ObjAufnahme="1998-05-17" ObjLetztKontakt="1999-10-29" ObjStrasseID="5780" ObjHausnummer="An der Tiefenriede 55" ObjVorlage="2013-09-11 00:00:00.0" ObKeinKontakt="1" ObjArtID="1" Merkmal="0.0"/>
  <Objekte ObjID="11223" ObjAufnahme="1998-05-17" ObjStrasseID="6334" ObjHausnummer="Elkartallee 15" ObjVorlage="2013-09-11 00:00:00.0" ObKeinKontakt="1" ObjArtID="1" Merkmal="0.0"/>
  <Objekte ObjID="11224" ObjAufnahme="1998-05-17" ObjLetztKontakt="1999-10-29" ObjStrasseID="6977" ObjHausnummer="Im Haspelfelde 14" ObjVorlage="2013-09-11 00:00:00.0" ObKeinKontakt="1" ObjArtID="1" Merkmal="0.0"/>
  <Objekte ObjID="11225" ObjAufnahme="1998-05-17" ObjLetztKontakt="1999-10-29" ObjStrasseID="6977" ObjHausnummer="Im Haspelfelde 16" ObjVorlage="2013-09-11 00:00:00.0" ObKeinKontakt="1" ObjArtID="1" Merkmal="0.0"/>
  <Objekte ObjID="11226" ObjAufnahme="1998-05-17" ObjStrasseID="7035" ObjHausnummer="Innstraße 8" ObjVorlage="2013-09-11 00:00:00.0" ObKeinKontakt="1" ObjArtID="1" Merkmal="0.0"/>
  <Objekte ObjID="11227" ObjAufnahme="1998-05-17" ObjStrasseID="7035" ObjHausnummer="Innstraße 10" ObjVorlage="2013-09-11 00:00:00.0" ObKeinKontakt="1" ObjArtID="1" Merkmal="0.0"/>
  <Objekte ObjID="11228" ObjAufnahme="1998-05-17" ObjStrasseID="7605" ObjHausnummer="Nauheimer Straße 8" ObjVorlage="2013-09-11 00:00:00.0" ObKeinKontakt="1" ObjArtID="1" Merkmal="0.0"/>
  <Objekte ObjID="11229" ObjAufnahme="1998-05-17" ObjStrasseID="7605" ObjHausnummer="Nauheimer Straße 10" ObjVorlage="2013-09-11 00:00:00.0" ObKeinKontakt="1" ObjArtID="1" Merkmal="0.0"/>
  <Objekte ObjID="11230" ObjAufnahme="1998-05-17" ObjStrasseID="435" ObjHausnummer="Borkumer Straße 2" ObjVorlage="2013-09-11 00:00:00.0" ObKeinKontakt="1" ObjArtID="1" Merkmal="0.0"/>
  <Objekte ObjID="11231" ObjAufnahme="1998-05-17" ObjStrasseID="435" ObjHausnummer="Borkumer Straße 4" ObjVorlage="2013-09-11 00:00:00.0" ObKeinKontakt="1" ObjArtID="1" Merkmal="0.0"/>
  <Objekte ObjID="11232" ObjAufnahme="1998-05-17" ObjStrasseID="435" ObjHausnummer="Borkumer Straße 6" ObjVorlage="2013-09-11 00:00:00.0" ObKeinKontakt="1" ObjArtID="1" Merkmal="0.0"/>
  <Objekte ObjID="11233" ObjAufnahme="1998-05-17" ObjStrasseID="435" ObjHausnummer="Borkumer Straße 8" ObjVorlage="2013-09-11 00:00:00.0" ObKeinKontakt="1" ObjArtID="1" Merkmal="0.0"/>
  <Objekte ObjID="11234" ObjAufnahme="1998-05-17" ObjStrasseID="6283" ObjHausnummer="Ebellstraße 3" ObjVorlage="2013-09-11 00:00:00.0" ObKeinKontakt="1" ObjArtID="177" Merkmal="0.0"/>
  <Objekte ObjID="11235" ObjAufnahme="1998-05-17" ObjStrasseID="6283" ObjHausnummer="Ebellstraße 4" ObjVorlage="2013-09-11 00:00:00.0" ObKeinKontakt="1" ObjArtID="1" Merkmal="0.0"/>
  <Objekte ObjID="11236" ObjAufnahme="1998-05-17" ObjStrasseID="6283" ObjHausnummer="Ebellstraße 5" ObjVorlage="2013-09-11 00:00:00.0" ObKeinKontakt="1" ObjArtID="1" Merkmal="0.0"/>
  <Objekte ObjID="11237" ObjAufnahme="1998-05-17" ObjStrasseID="6283" ObjHausnummer="Ebellstraße 6" ObjVorlage="2013-09-11 00:00:00.0" ObKeinKontakt="1" ObjArtID="1" Merkmal="0.0"/>
  <Objekte ObjID="11238" ObjAufnahme="1998-05-17" ObjStrasseID="6283" ObjHausnummer="Ebellstraße 7" ObjVorlage="2013-09-11 00:00:00.0" ObKeinKontakt="1" ObjArtID="1" Merkmal="0.0"/>
  <Objekte ObjID="11239" ObjAufnahme="1998-05-17" ObjStrasseID="6283" ObjHausnummer="Ebellstraße 8" ObjVorlage="2013-09-11 00:00:00.0" ObKeinKontakt="1" ObjArtID="1" Merkmal="0.0"/>
  <Objekte ObjID="11240" ObjAufnahme="1998-05-17" ObjStrasseID="6283" ObjHausnummer="Ebellstraße 9" ObjVorlage="2013-09-11 00:00:00.0" ObKeinKontakt="1" ObjArtID="1" Merkmal="0.0"/>
  <Objekte ObjID="11241" ObjAufnahme="1998-05-17" ObjStrasseID="6283" ObjHausnummer="Ebellstraße 10" ObjVorlage="2013-09-11 00:00:00.0" ObKeinKontakt="1" ObjArtID="1" Merkmal="0.0"/>
  <Objekte ObjID="11242" ObjAufnahme="1998-05-17" ObjStrasseID="6824" ObjHausnummer="Helgoländer Straße 23" ObjVorlage="2013-09-11 00:00:00.0" ObKeinKontakt="1" ObjArtID="1" Merkmal="0.0"/>
  <Objekte ObjID="11243" ObjAufnahme="1998-05-17" ObjStrasseID="6824" ObjHausnummer="Helgoländer Straße 25" ObjVorlage="2013-09-11 00:00:00.0" ObKeinKontakt="1" ObjArtID="1" Merkmal="0.0"/>
  <Objekte ObjID="11244" ObjAufnahme="1998-05-17" ObjStrasseID="6824" ObjHausnummer="Helgoländer Straße 27" ObjVorlage="2013-09-11 00:00:00.0" ObKeinKontakt="1" ObjArtID="1" Merkmal="0.0"/>
  <Objekte ObjID="11245" ObjAufnahme="1998-05-17" ObjStrasseID="6880" ObjHausnummer="Hinrichsring 1" ObjVorlage="2013-09-11 00:00:00.0" ObKeinKontakt="1" ObjArtID="1" Merkmal="0.0"/>
  <Objekte ObjID="11246" ObjAufnahme="1998-05-17" ObjStrasseID="6880" ObjHausnummer="Hinrichsring 3" ObjVorlage="2013-09-11 00:00:00.0" ObKeinKontakt="1" ObjArtID="1" Merkmal="0.0"/>
  <Objekte ObjID="11247" ObjAufnahme="1998-05-17" ObjStrasseID="6880" ObjHausnummer="Hinrichsring 5" ObjVorlage="2013-09-11 00:00:00.0" ObKeinKontakt="1" ObjArtID="1" Merkmal="0.0"/>
  <Objekte ObjID="11248" ObjAufnahme="1998-05-17" ObjStrasseID="6880" ObjHausnummer="Hinrichsring 7" ObjVorlage="2013-09-11 00:00:00.0" ObKeinKontakt="1" ObjArtID="1" Merkmal="0.0"/>
  <Objekte ObjID="11249" ObjAufnahme="1998-05-17" ObjStrasseID="6880" ObjHausnummer="Hinrichsring 9" ObjVorlage="2013-09-11 00:00:00.0" ObKeinKontakt="1" ObjArtID="1" Merkmal="0.0"/>
  <Objekte ObjID="11250" ObjAufnahme="1998-05-17" ObjStrasseID="6880" ObjHausnummer="Hinrichsring 11" ObjVorlage="2013-09-11 00:00:00.0" ObKeinKontakt="1" ObjArtID="1" Merkmal="0.0"/>
  <Objekte ObjID="11251" ObjAufnahme="1998-05-17" ObjStrasseID="6880" ObjHausnummer="Hinrichsring 11A" ObjVorlage="2013-09-11 00:00:00.0" ObKeinKontakt="1" ObjArtID="1" Merkmal="0.0"/>
  <Objekte ObjID="11252" ObjAufnahme="1998-05-17" ObjStrasseID="6880" ObjHausnummer="Hinrichsring 11B" ObjVorlage="2013-09-11 00:00:00.0" ObKeinKontakt="1" ObjArtID="1" Merkmal="0.0"/>
  <Objekte ObjID="11253" ObjAufnahme="1998-05-17" ObjStrasseID="7068" ObjHausnummer="Julius-Leber-Weg 2" ObjVorlage="2013-09-11 00:00:00.0" ObKeinKontakt="1" ObjArtID="1" Merkmal="0.0"/>
  <Objekte ObjID="11254" ObjAufnahme="1998-05-17" ObjStrasseID="7068" ObjHausnummer="Julius-Leber-Weg 4" ObjVorlage="2013-09-11 00:00:00.0" ObKeinKontakt="1" ObjArtID="1" Merkmal="0.0"/>
  <Objekte ObjID="11255" ObjAufnahme="1998-05-17" ObjStrasseID="7068" ObjHausnummer="Julius-Leber-Weg 6" ObjVorlage="2013-09-11 00:00:00.0" ObKeinKontakt="1" ObjArtID="1" Merkmal="0.0"/>
  <Objekte ObjID="11256" ObjAufnahme="1998-05-17" ObjStrasseID="7068" ObjHausnummer="Julius-Leber-Weg 8" ObjVorlage="2013-09-11 00:00:00.0" ObKeinKontakt="1" ObjArtID="1" Merkmal="0.0"/>
  <Objekte ObjID="11257" ObjAufnahme="1998-05-17" ObjStrasseID="7068" ObjHausnummer="Julius-Leber-Weg 10" ObjVorlage="2013-09-11 00:00:00.0" ObKeinKontakt="1" ObjArtID="1" Merkmal="0.0"/>
  <Objekte ObjID="11258" ObjAufnahme="1998-05-17" ObjStrasseID="7068" ObjHausnummer="Julius-Leber-Weg 12" ObjVorlage="2013-09-11 00:00:00.0" ObKeinKontakt="1" ObjArtID="1" Merkmal="0.0"/>
  <Objekte ObjID="11259" ObjAufnahme="1998-05-17" ObjStrasseID="7068" ObjHausnummer="Julius-Leber-Weg 14" ObjVorlage="2013-09-11 00:00:00.0" ObKeinKontakt="1" ObjArtID="1" Merkmal="0.0"/>
  <Objekte ObjID="11260" ObjAufnahme="1998-05-17" ObjStrasseID="7068" ObjHausnummer="Julius-Leber-Weg 16" ObjVorlage="2013-09-11 00:00:00.0" ObKeinKontakt="1" ObjArtID="1" Merkmal="0.0"/>
  <Objekte ObjID="11261" ObjAufnahme="1998-05-17" ObjStrasseID="7470" ObjHausnummer="Malortiestraße 4" ObjVorlage="2013-09-11 00:00:00.0" ObKeinKontakt="1" ObjArtID="1" Merkmal="0.0"/>
  <Objekte ObjID="11262" ObjAufnahme="1998-05-17" ObjStrasseID="7470" ObjHausnummer="Malortiestraße 6" ObjVorlage="2013-09-11 00:00:00.0" ObKeinKontakt="1" ObjArtID="1" Merkmal="0.0"/>
  <Objekte ObjID="11263" ObjAufnahme="1998-05-17" ObjStrasseID="7470" ObjHausnummer="Malortiestraße 8" ObjVorlage="2013-09-11 00:00:00.0" ObKeinKontakt="1" ObjArtID="1" Merkmal="0.0"/>
  <Objekte ObjID="11264" ObjAufnahme="1998-05-17" ObjStrasseID="7470" ObjHausnummer="Malortiestraße 10" ObjVorlage="2013-09-11 00:00:00.0" ObKeinKontakt="1" ObjArtID="1" Merkmal="0.0"/>
  <Objekte ObjID="11265" ObjAufnahme="1998-05-17" ObjStrasseID="7470" ObjHausnummer="Malortiestraße 12" ObjVorlage="2013-09-11 00:00:00.0" ObKeinKontakt="1" ObjArtID="1" Merkmal="0.0"/>
  <Objekte ObjID="11266" ObjAufnahme="1998-05-17" ObjStrasseID="7470" ObjHausnummer="Malortiestraße 14" ObjVorlage="2013-09-11 00:00:00.0" ObKeinKontakt="1" ObjArtID="1" Merkmal="0.0"/>
  <Objekte ObjID="11267" ObjAufnahme="1998-05-17" ObjStrasseID="7470" ObjHausnummer="Malortiestraße 16" ObjVorlage="2013-09-11 00:00:00.0" ObKeinKontakt="1" ObjArtID="1" Merkmal="0.0"/>
  <Objekte ObjID="11268" ObjAufnahme="1998-05-17" ObjStrasseID="7470" ObjHausnummer="Malortiestraße 18" ObjVorlage="2013-09-11 00:00:00.0" ObKeinKontakt="1" ObjArtID="1" Merkmal="0.0"/>
  <Objekte ObjID="11269" ObjAufnahme="1998-05-17" ObjStrasseID="7470" ObjHausnummer="Malortiestraße 20" ObjVorlage="2013-09-11 00:00:00.0" ObKeinKontakt="1" ObjArtID="1" Merkmal="0.0"/>
  <Objekte ObjID="11270" ObjAufnahme="1998-05-17" ObjStrasseID="7470" ObjHausnummer="Malortiestraße 22" ObjVorlage="2013-09-11 00:00:00.0" ObKeinKontakt="1" ObjArtID="1" Merkmal="0.0"/>
  <Objekte ObjID="11271" ObjAufnahme="1998-05-17" ObjStrasseID="7866" ObjHausnummer="Reichweinweg 2" ObjVorlage="2013-09-11 00:00:00.0" ObKeinKontakt="1" ObjArtID="1" Merkmal="0.0"/>
  <Objekte ObjID="11272" ObjAufnahme="1998-05-17" ObjStrasseID="7866" ObjHausnummer="Reichweinweg 4" ObjVorlage="2013-09-11 00:00:00.0" ObKeinKontakt="1" ObjArtID="1" Merkmal="0.0"/>
  <Objekte ObjID="11273" ObjAufnahme="1998-05-17" ObjStrasseID="7866" ObjHausnummer="Reichweinweg 6" ObjVorlage="2013-09-11 00:00:00.0" ObKeinKontakt="1" ObjArtID="1" Merkmal="0.0"/>
  <Objekte ObjID="11274" ObjAufnahme="1998-05-17" ObjStrasseID="7866" ObjHausnummer="Reichweinweg 8" ObjVorlage="2013-09-11 00:00:00.0" ObKeinKontakt="1" ObjArtID="1" Merkmal="0.0"/>
  <Objekte ObjID="11275" ObjAufnahme="1998-05-17" ObjStrasseID="7866" ObjHausnummer="Reichweinweg 10" ObjVorlage="2013-09-11 00:00:00.0" ObKeinKontakt="1" ObjArtID="1" Merkmal="0.0"/>
  <Objekte ObjID="11276" ObjAufnahme="1998-05-17" ObjStrasseID="7866" ObjHausnummer="Reichweinweg 12" ObjVorlage="2013-09-11 00:00:00.0" ObKeinKontakt="1" ObjArtID="1" Merkmal="0.0"/>
  <Objekte ObjID="11277" ObjAufnahme="1998-05-17" ObjStrasseID="7866" ObjHausnummer="Reichweinweg 14" ObjVorlage="2013-09-11 00:00:00.0" ObKeinKontakt="1" ObjArtID="1" Merkmal="0.0"/>
  <Objekte ObjID="11278" ObjAufnahme="1998-05-17" ObjStrasseID="8568" ObjHausnummer="Weiße Rose 2" ObjVorlage="2013-09-11 00:00:00.0" ObKeinKontakt="1" ObjArtID="1" Merkmal="0.0"/>
  <Objekte ObjID="11279" ObjAufnahme="1998-05-17" ObjStrasseID="8568" ObjHausnummer="Weiße Rose 4" ObjVorlage="2013-09-11 00:00:00.0" ObKeinKontakt="1" ObjArtID="1" Merkmal="0.0"/>
  <Objekte ObjID="11280" ObjAufnahme="1998-05-17" ObjStrasseID="8568" ObjHausnummer="Weiße Rose 6" ObjVorlage="2013-09-11 00:00:00.0" ObKeinKontakt="1" ObjArtID="1" Merkmal="0.0"/>
  <Objekte ObjID="11281" ObjAufnahme="1998-05-17" ObjStrasseID="8568" ObjHausnummer="Weiße Rose 8" ObjVorlage="2013-09-11 00:00:00.0" ObKeinKontakt="1" ObjArtID="1" Merkmal="0.0"/>
  <Objekte ObjID="11282" ObjAufnahme="1998-05-17" ObjStrasseID="8568" ObjHausnummer="Weiße Rose 10" ObjVorlage="2013-09-11 00:00:00.0" ObKeinKontakt="1" ObjArtID="1" Merkmal="0.0"/>
  <Objekte ObjID="11283" ObjAufnahme="1998-05-17" ObjStrasseID="8568" ObjHausnummer="Weiße Rose 12" ObjVorlage="2013-09-11 00:00:00.0" ObKeinKontakt="1" ObjArtID="1" Merkmal="0.0"/>
  <Objekte ObjID="11284" ObjAufnahme="1998-05-17" ObjStrasseID="8568" ObjHausnummer="Weiße Rose 14" ObjVorlage="2013-09-11 00:00:00.0" ObKeinKontakt="1" ObjArtID="1" Merkmal="0.0"/>
  <Objekte ObjID="11285" ObjAufnahme="1998-05-17" ObjStrasseID="8568" ObjHausnummer="Weiße Rose 16" ObjVorlage="2013-09-11 00:00:00.0" ObKeinKontakt="1" ObjArtID="1" Merkmal="0.0"/>
  <Objekte ObjID="11286" ObjAufnahme="1998-05-17" ObjStrasseID="8568" ObjHausnummer="Weiße Rose 18" ObjVorlage="2013-09-11 00:00:00.0" ObKeinKontakt="1" ObjArtID="1" Merkmal="0.0"/>
  <Objekte ObjID="11287" ObjAufnahme="1998-05-17" ObjStrasseID="8568" ObjHausnummer="Weiße Rose 20" ObjVorlage="2013-09-11 00:00:00.0" ObKeinKontakt="1" ObjArtID="1" Merkmal="0.0"/>
  <Objekte ObjID="11288" ObjAufnahme="1998-05-17" ObjStrasseID="8568" ObjHausnummer="Weiße Rose 22" ObjVorlage="2013-09-11 00:00:00.0" ObKeinKontakt="1" ObjArtID="1" Merkmal="0.0"/>
  <Objekte ObjID="11289" ObjAufnahme="1998-05-17" ObjStrasseID="8568" ObjHausnummer="Weiße Rose 24" ObjVorlage="2013-09-11 00:00:00.0" ObKeinKontakt="1" ObjArtID="1" Merkmal="0.0"/>
  <Objekte ObjID="11290" ObjAufnahme="1998-05-17" ObjStrasseID="8568" ObjHausnummer="Weiße Rose 26" ObjVorlage="2013-09-11 00:00:00.0" ObKeinKontakt="1" ObjArtID="1" Merkmal="0.0"/>
  <Objekte ObjID="11291" ObjAufnahme="1998-05-17" ObjStrasseID="7134" ObjHausnummer="Keplerstraße 1" ObjVorlage="2013-09-11 00:00:00.0" ObKeinKontakt="1" ObjArtID="1" Merkmal="0.0"/>
  <Objekte ObjID="11292" ObjAufnahme="1998-05-17" ObjStrasseID="7134" ObjHausnummer="Keplerstraße 3" ObjVorlage="2013-09-11 00:00:00.0" ObKeinKontakt="1" ObjArtID="1" Merkmal="0.0"/>
  <Objekte ObjID="11293" ObjAufnahme="1998-05-17" ObjStrasseID="7134" ObjHausnummer="Keplerstraße 5" ObjVorlage="2013-09-11 00:00:00.0" ObKeinKontakt="1" ObjArtID="1" Merkmal="0.0"/>
  <Objekte ObjID="11294" ObjAufnahme="1998-05-17" ObjStrasseID="7134" ObjHausnummer="Keplerstraße 7" ObjVorlage="2013-09-11 00:00:00.0" ObKeinKontakt="1" ObjArtID="1" Merkmal="0.0"/>
  <Objekte ObjID="11295" ObjAufnahme="1998-05-17" ObjStrasseID="7134" ObjHausnummer="Keplerstraße 9" ObjVorlage="2013-09-11 00:00:00.0" ObKeinKontakt="1" ObjArtID="1" Merkmal="0.0"/>
  <Objekte ObjID="11296" ObjAufnahme="1998-05-17" ObjStrasseID="7134" ObjHausnummer="Keplerstraße 11" ObjVorlage="2013-09-11 00:00:00.0" ObKeinKontakt="1" ObjArtID="1" Merkmal="0.0"/>
  <Objekte ObjID="11297" ObjAufnahme="1998-05-17" ObjStrasseID="7388" ObjHausnummer="Limmerstraße 124" ObjVorlage="2013-09-11 00:00:00.0" ObKeinKontakt="1" ObjArtID="1" Merkmal="0.0"/>
  <Objekte ObjID="11298" ObjAufnahme="1998-05-17" ObjStrasseID="8405" ObjHausnummer="Trappenkehre 1" ObjVorlage="2013-09-11 00:00:00.0" ObKeinKontakt="1" ObjArtID="1" Merkmal="0.0"/>
  <Objekte ObjID="11299" ObjAufnahme="1998-05-17" ObjStrasseID="8405" ObjHausnummer="Trappenkehre 3" ObjVorlage="2013-09-11 00:00:00.0" ObKeinKontakt="1" ObjArtID="1" Merkmal="0.0"/>
  <Objekte ObjID="11300" ObjAufnahme="1998-05-17" ObjStrasseID="8405" ObjHausnummer="Trappenkehre 5" ObjVorlage="2013-09-11 00:00:00.0" ObKeinKontakt="1" ObjArtID="1" Merkmal="0.0"/>
  <Objekte ObjID="11301" ObjAufnahme="1998-05-17" ObjStrasseID="8405" ObjHausnummer="Trappenkehre 7" ObjVorlage="2013-09-11 00:00:00.0" ObKeinKontakt="1" ObjArtID="1" Merkmal="0.0"/>
  <Objekte ObjID="11302" ObjAufnahme="1998-05-17" ObjStrasseID="8405" ObjHausnummer="Trappenkehre 9" ObjVorlage="2013-09-11 00:00:00.0" ObKeinKontakt="1" ObjArtID="1" Merkmal="0.0"/>
  <Objekte ObjID="11303" ObjAufnahme="1998-05-17" ObjStrasseID="8405" ObjHausnummer="Trappenkehre 11" ObjVorlage="2013-09-11 00:00:00.0" ObKeinKontakt="1" ObjArtID="1" Merkmal="0.0"/>
  <Objekte ObjID="11304" ObjAufnahme="1998-05-17" ObjStrasseID="8405" ObjHausnummer="Trappenkehre 13" ObjVorlage="2013-09-11 00:00:00.0" ObKeinKontakt="1" ObjArtID="1" Merkmal="0.0"/>
  <Objekte ObjID="11305" ObjAufnahme="1998-05-17" ObjStrasseID="8217" ObjHausnummer="Sorauer Weg 1" ObjVorlage="2013-09-11 00:00:00.0" ObKeinKontakt="1" ObjArtID="1" Merkmal="0.0"/>
  <Objekte ObjID="11306" ObjAufnahme="1998-05-17" ObjStrasseID="8217" ObjHausnummer="Sorauer Weg 2" ObjVorlage="2013-09-11 00:00:00.0" ObKeinKontakt="1" ObjArtID="1" Merkmal="0.0"/>
  <Objekte ObjID="11307" ObjAufnahme="1998-05-17" ObjStrasseID="8217" ObjHausnummer="Sorauer Weg 3" ObjVorlage="2013-09-11 00:00:00.0" ObKeinKontakt="1" ObjArtID="1" Merkmal="0.0"/>
  <Objekte ObjID="11308" ObjAufnahme="1998-05-17" ObjStrasseID="8217" ObjHausnummer="Sorauer Weg 4" ObjVorlage="2013-09-11 00:00:00.0" ObKeinKontakt="1" ObjArtID="1" Merkmal="0.0"/>
  <Objekte ObjID="11309" ObjAufnahme="1998-05-17" ObjStrasseID="8217" ObjHausnummer="Sorauer Weg 5" ObjVorlage="2013-09-11 00:00:00.0" ObKeinKontakt="1" ObjArtID="1" Merkmal="0.0"/>
  <Objekte ObjID="11310" ObjAufnahme="1998-05-17" ObjStrasseID="8217" ObjHausnummer="Sorauer Weg 6" ObjVorlage="2013-09-11 00:00:00.0" ObKeinKontakt="1" ObjArtID="1" Merkmal="0.0"/>
  <Objekte ObjID="11311" ObjAufnahme="1998-05-17" ObjStrasseID="8217" ObjHausnummer="Sorauer Weg 7" ObjVorlage="2013-09-11 00:00:00.0" ObKeinKontakt="1" ObjArtID="1" Merkmal="0.0"/>
  <Objekte ObjID="11312" ObjAufnahme="1998-05-17" ObjStrasseID="7142" ObjHausnummer="Kiefernpfad 1" ObjVorlage="2013-09-11 00:00:00.0" ObKeinKontakt="1" ObjArtID="1" Merkmal="0.0"/>
  <Objekte ObjID="11313" ObjAufnahme="1998-05-17" ObjStrasseID="7142" ObjHausnummer="Kiefernpfad 2" ObjVorlage="2013-09-11 00:00:00.0" ObKeinKontakt="1" ObjArtID="1" Merkmal="0.0"/>
  <Objekte ObjID="11314" ObjAufnahme="1998-05-17" ObjStrasseID="7142" ObjHausnummer="Kiefernpfad 3" ObjVorlage="2013-09-11 00:00:00.0" ObKeinKontakt="1" ObjArtID="1" Merkmal="0.0"/>
  <Objekte ObjID="11315" ObjAufnahme="1998-05-17" ObjStrasseID="7142" ObjHausnummer="Kiefernpfad 4" ObjVorlage="2013-09-11 00:00:00.0" ObKeinKontakt="1" ObjArtID="1" Merkmal="0.0"/>
  <Objekte ObjID="11316" ObjAufnahme="1998-05-17" ObjStrasseID="7142" ObjHausnummer="Kiefernpfad 2A" ObjVorlage="2013-09-11 00:00:00.0" ObKeinKontakt="1" ObjArtID="1" Merkmal="0.0"/>
  <Objekte ObjID="11317" ObjAufnahme="1998-05-17" ObjStrasseID="7142" ObjHausnummer="Kiefernpfad 4A" ObjVorlage="2013-09-11 00:00:00.0" ObKeinKontakt="1" ObjArtID="1" Merkmal="0.0"/>
  <Objekte ObjID="11318" ObjAufnahme="1998-05-17" ObjStrasseID="7142" ObjHausnummer="Kiefernpfad 6" ObjVorlage="2013-09-11 00:00:00.0" ObKeinKontakt="1" ObjArtID="1" Merkmal="0.0"/>
  <Objekte ObjID="11319" ObjAufnahme="1998-05-17" ObjStrasseID="7142" ObjHausnummer="Kiefernpfad 9" ObjVorlage="2013-09-11 00:00:00.0" ObKeinKontakt="1" ObjArtID="1" Merkmal="0.0"/>
  <Objekte ObjID="11320" ObjAufnahme="1998-05-17" ObjStrasseID="7142" ObjHausnummer="Kiefernpfad 11" ObjVorlage="2013-09-11 00:00:00.0" ObKeinKontakt="1" ObjArtID="1" Merkmal="0.0"/>
  <Objekte ObjID="11321" ObjAufnahme="1998-05-17" ObjStrasseID="7142" ObjHausnummer="Kiefernpfad 13" ObjVorlage="2013-09-11 00:00:00.0" ObKeinKontakt="1" ObjArtID="1" Merkmal="0.0"/>
  <Objekte ObjID="11322" ObjAufnahme="1998-05-17" ObjStrasseID="7142" ObjHausnummer="Kiefernpfad 9A" ObjVorlage="2013-09-11 00:00:00.0" ObKeinKontakt="1" ObjArtID="1" Merkmal="0.0"/>
  <Objekte ObjID="11323" ObjAufnahme="1998-05-17" ObjStrasseID="7142" ObjHausnummer="Kiefernpfad 14" ObjVorlage="2013-09-11 00:00:00.0" ObKeinKontakt="1" ObjArtID="1" Merkmal="0.0"/>
  <Objekte ObjID="11324" ObjAufnahme="1998-05-17" ObjStrasseID="7142" ObjHausnummer="Kiefernpfad 14A" ObjVorlage="2013-09-11 00:00:00.0" ObKeinKontakt="1" ObjArtID="1" Merkmal="0.0"/>
  <Objekte ObjID="11325" ObjAufnahme="1998-05-17" ObjStrasseID="7142" ObjHausnummer="Kiefernpfad 15A" ObjVorlage="2013-09-11 00:00:00.0" ObKeinKontakt="1" ObjArtID="1" Merkmal="0.0"/>
  <Objekte ObjID="11326" ObjAufnahme="1998-05-17" ObjStrasseID="7142" ObjHausnummer="Kiefernpfad 16A" ObjVorlage="2013-09-11 00:00:00.0" ObKeinKontakt="1" ObjArtID="1" Merkmal="0.0"/>
  <Objekte ObjID="11327" ObjAufnahme="1998-05-17" ObjStrasseID="7142" ObjHausnummer="Kiefernpfad 17" ObjVorlage="2013-09-11 00:00:00.0" ObKeinKontakt="1" ObjArtID="1" Merkmal="0.0"/>
  <Objekte ObjID="11328" ObjAufnahme="1998-05-17" ObjStrasseID="7142" ObjHausnummer="Kiefernpfad 17A" ObjVorlage="2013-09-11 00:00:00.0" ObKeinKontakt="1" ObjArtID="1" Merkmal="0.0"/>
  <Objekte ObjID="11329" ObjAufnahme="1998-05-17" ObjStrasseID="7142" ObjHausnummer="Kiefernpfad 18A" ObjVorlage="2013-09-11 00:00:00.0" ObKeinKontakt="1" ObjArtID="1" Merkmal="0.0"/>
  <Objekte ObjID="11330" ObjAufnahme="1998-05-17" ObjStrasseID="7142" ObjHausnummer="Kiefernpfad 19A" ObjVorlage="2013-09-11 00:00:00.0" ObKeinKontakt="1" ObjArtID="1" Merkmal="0.0"/>
  <Objekte ObjID="11331" ObjAufnahme="1998-05-17" ObjStrasseID="7142" ObjHausnummer="Kiefernpfad 18" ObjVorlage="2013-09-11 00:00:00.0" ObKeinKontakt="1" ObjArtID="22" Merkmal="0.0"/>
  <Objekte ObjID="11332" ObjAufnahme="1998-05-17" ObjStrasseID="7142" ObjHausnummer="Kiefernpfad 20" ObjVorlage="2013-09-11 00:00:00.0" ObKeinKontakt="1" ObjArtID="1" Merkmal="0.0"/>
  <Objekte ObjID="11333" ObjAufnahme="1998-05-17" ObjStrasseID="7142" ObjHausnummer="Kiefernpfad 21" ObjVorlage="2013-09-11 00:00:00.0" ObKeinKontakt="1" ObjArtID="1" Merkmal="0.0"/>
  <Objekte ObjID="11334" ObjAufnahme="1998-05-17" ObjStrasseID="7142" ObjHausnummer="Kiefernpfad 23" ObjVorlage="2013-09-11 00:00:00.0" ObKeinKontakt="1" ObjArtID="1" Merkmal="0.0"/>
  <Objekte ObjID="11335" ObjAufnahme="1998-05-17" ObjStrasseID="7142" ObjHausnummer="Kiefernpfad 24" ObjVorlage="2013-09-11 00:00:00.0" ObKeinKontakt="1" ObjArtID="1" Merkmal="0.0"/>
  <Objekte ObjID="11336" ObjAufnahme="1998-05-17" ObjStrasseID="7142" ObjHausnummer="Kiefernpfad 21A" ObjVorlage="2013-09-11 00:00:00.0" ObKeinKontakt="1" ObjArtID="1" Merkmal="0.0"/>
  <Objekte ObjID="11337" ObjAufnahme="1998-05-17" ObjStrasseID="7142" ObjHausnummer="Kiefernpfad 22A" ObjVorlage="2013-09-11 00:00:00.0" ObKeinKontakt="1" ObjArtID="1" Merkmal="0.0"/>
  <Objekte ObjID="11338" ObjAufnahme="1998-05-17" ObjStrasseID="7142" ObjHausnummer="Kiefernpfad 23A" ObjVorlage="2013-09-11 00:00:00.0" ObKeinKontakt="1" ObjArtID="1" Merkmal="0.0"/>
  <Objekte ObjID="11339" ObjAufnahme="1998-05-17" ObjStrasseID="7142" ObjHausnummer="Kiefernpfad 24A" ObjVorlage="2013-09-11 00:00:00.0" ObKeinKontakt="1" ObjArtID="1" Merkmal="0.0"/>
  <Objekte ObjID="11340" ObjAufnahme="1998-05-17" ObjStrasseID="6270" ObjHausnummer="Drosselgasse 17A" ObjVorlage="2013-09-11 00:00:00.0" ObKeinKontakt="1" ObjArtID="1" Merkmal="0.0"/>
  <Objekte ObjID="11341" ObjAufnahme="1998-05-17" ObjStrasseID="7495" ObjHausnummer="Mathildenstraße 17" ObjVorlage="2013-09-11 00:00:00.0" ObKeinKontakt="1" ObjArtID="1" Merkmal="0.0"/>
  <Objekte ObjID="11342" ObjAufnahme="1998-05-17" ObjStrasseID="5754" ObjHausnummer="An der Breiten Wiese 46" ObjVorlage="2013-09-11 00:00:00.0" ObKeinKontakt="1" ObjArtID="1" Merkmal="0.0"/>
  <Objekte ObjID="11343" ObjAufnahme="1998-05-17" ObjStrasseID="5754" ObjHausnummer="An der Breiten Wiese 48" ObjVorlage="2013-09-11 00:00:00.0" ObKeinKontakt="1" ObjArtID="1" Merkmal="0.0"/>
  <Objekte ObjID="11344" ObjAufnahme="1998-05-17" ObjStrasseID="5754" ObjHausnummer="An der Breiten Wiese 50" ObjVorlage="2013-09-11 00:00:00.0" ObKeinKontakt="1" ObjArtID="1" Merkmal="0.0"/>
  <Objekte ObjID="11345" ObjAufnahme="1998-05-17" ObjStrasseID="5754" ObjHausnummer="An der Breiten Wiese 52" ObjVorlage="2013-09-11 00:00:00.0" ObKeinKontakt="1" ObjArtID="1" Merkmal="0.0" ObjInfo="oder GAGFAH"/>
  <Objekte ObjID="11346" ObjAufnahme="1998-05-17" ObjStrasseID="5779" ObjHausnummer="An der Strangriede 8" ObjVorlage="2013-09-11 00:00:00.0" ObKeinKontakt="1" ObjArtID="1" Merkmal="0.0"/>
  <Objekte ObjID="11347" ObjAufnahme="1998-05-17" ObjStrasseID="5793" ObjHausnummer="Anderter Straße 44B" ObjVorlage="2013-09-11 00:00:00.0" ObKeinKontakt="1" ObjArtID="1" Merkmal="0.0"/>
  <Objekte ObjID="11348" ObjAufnahme="1998-05-17" ObjStrasseID="5793" ObjHausnummer="Anderter Straße 44C" ObjVorlage="2013-09-11 00:00:00.0" ObKeinKontakt="1" ObjArtID="1" Merkmal="0.0"/>
  <Objekte ObjID="11349" ObjAufnahme="1998-05-17" ObjStrasseID="5793" ObjHausnummer="Anderter Straße 44D" ObjVorlage="2013-09-11 00:00:00.0" ObKeinKontakt="1" ObjArtID="1" Merkmal="0.0"/>
  <Objekte ObjID="11350" ObjAufnahme="1998-05-17" ObjStrasseID="5802" ObjHausnummer="Anhalter Hof 4" ObjVorlage="2013-09-11 00:00:00.0" ObKeinKontakt="1" ObjArtID="1" Merkmal="0.0"/>
  <Objekte ObjID="11351" ObjAufnahme="1998-05-17" ObjStrasseID="5802" ObjHausnummer="Anhalter Hof 6" ObjVorlage="2013-09-11 00:00:00.0" ObKeinKontakt="1" ObjArtID="1" Merkmal="0.0"/>
  <Objekte ObjID="11352" ObjAufnahme="1998-05-17" ObjStrasseID="5802" ObjHausnummer="Anhalter Hof 8" ObjVorlage="2013-09-11 00:00:00.0" ObKeinKontakt="1" ObjArtID="1" Merkmal="0.0"/>
  <Objekte ObjID="11353" ObjAufnahme="1998-05-17" ObjStrasseID="5802" ObjHausnummer="Anhalter Hof 10" ObjVorlage="2013-09-11 00:00:00.0" ObKeinKontakt="1" ObjArtID="1" Merkmal="0.0"/>
  <Objekte ObjID="11354" ObjAufnahme="1998-05-17" ObjStrasseID="5802" ObjHausnummer="Anhalter Hof 12" ObjVorlage="2013-09-11 00:00:00.0" ObKeinKontakt="1" ObjArtID="1" Merkmal="0.0"/>
  <Objekte ObjID="11355" ObjAufnahme="1998-05-17" ObjStrasseID="6761" ObjHausnummer="Haspelmathstraße 32" ObjVorlage="2013-09-11 00:00:00.0" ObKeinKontakt="1" ObjArtID="1" Merkmal="0.0"/>
  <Objekte ObjID="11356" ObjAufnahme="1998-05-17" ObjStrasseID="6761" ObjHausnummer="Haspelmathstraße 38" ObjVorlage="2013-09-11 00:00:00.0" ObKeinKontakt="1" ObjArtID="1" Merkmal="0.0"/>
  <Objekte ObjID="11357" ObjAufnahme="1998-05-17" ObjStrasseID="6834" ObjHausnummer="Hengstmannstraße 6" ObjVorlage="2013-09-11 00:00:00.0" ObKeinKontakt="1" ObjArtID="1" Merkmal="0.0"/>
  <Objekte ObjID="11358" ObjAufnahme="1998-05-17" ObjStrasseID="6834" ObjHausnummer="Hengstmannstraße 8" ObjVorlage="2013-09-11 00:00:00.0" ObKeinKontakt="1" ObjArtID="1" Merkmal="0.0"/>
  <Objekte ObjID="11359" ObjAufnahme="1998-05-17" ObjStrasseID="6845" ObjHausnummer="Herkuleshof 12C" ObjVorlage="2013-09-11 00:00:00.0" ObKeinKontakt="1" ObjArtID="1" Merkmal="0.0"/>
  <Objekte ObjID="11360" ObjAufnahme="1998-05-17" ObjStrasseID="6902" ObjHausnummer="Hogrefestraße 9" ObjVorlage="2013-09-11 00:00:00.0" ObKeinKontakt="1" ObjArtID="1" Merkmal="0.0"/>
  <Objekte ObjID="11361" ObjAufnahme="1998-05-17" ObjStrasseID="6902" ObjHausnummer="Hogrefestraße 11" ObjVorlage="2013-09-11 00:00:00.0" ObKeinKontakt="1" ObjArtID="1" Merkmal="0.0"/>
  <Objekte ObjID="11362" ObjAufnahme="1998-05-17" ObjStrasseID="7362" ObjHausnummer="Letterhausweg 1" ObjVorlage="2013-09-11 00:00:00.0" ObKeinKontakt="1" ObjArtID="1" Merkmal="0.0"/>
  <Objekte ObjID="11363" ObjAufnahme="1998-05-17" ObjStrasseID="7362" ObjHausnummer="Letterhausweg 3" ObjVorlage="2013-09-11 00:00:00.0" ObKeinKontakt="1" ObjArtID="1" Merkmal="0.0"/>
  <Objekte ObjID="11364" ObjAufnahme="1998-05-17" ObjStrasseID="7362" ObjHausnummer="Letterhausweg 5" ObjVorlage="2013-09-11 00:00:00.0" ObKeinKontakt="1" ObjArtID="1" Merkmal="0.0"/>
  <Objekte ObjID="11365" ObjAufnahme="1998-05-17" ObjStrasseID="7362" ObjHausnummer="Letterhausweg 7" ObjVorlage="2013-09-11 00:00:00.0" ObKeinKontakt="1" ObjArtID="1" Merkmal="0.0"/>
  <Objekte ObjID="11366" ObjAufnahme="1998-05-17" ObjStrasseID="7362" ObjHausnummer="Letterhausweg 9" ObjVorlage="2013-09-11 00:00:00.0" ObKeinKontakt="1" ObjArtID="1" Merkmal="0.0"/>
  <Objekte ObjID="11367" ObjAufnahme="1998-05-17" ObjStrasseID="7644" ObjHausnummer="Nobelring 38" ObjVorlage="2013-09-11 00:00:00.0" ObKeinKontakt="1" ObjArtID="1" Merkmal="0.0"/>
  <Objekte ObjID="11368" ObjAufnahme="1998-05-17" ObjStrasseID="7644" ObjHausnummer="Nobelring 40" ObjVorlage="2013-09-11 00:00:00.0" ObKeinKontakt="1" ObjArtID="1" Merkmal="0.0"/>
  <Objekte ObjID="11369" ObjAufnahme="1998-05-17" ObjStrasseID="7644" ObjHausnummer="Nobelring 42" ObjVorlage="2013-09-11 00:00:00.0" ObKeinKontakt="1" ObjArtID="1" Merkmal="0.0"/>
  <Objekte ObjID="11370" ObjAufnahme="1998-05-17" ObjStrasseID="7644" ObjHausnummer="Nobelring 44" ObjVorlage="2013-09-11 00:00:00.0" ObKeinKontakt="1" ObjArtID="1" Merkmal="0.0"/>
  <Objekte ObjID="11371" ObjAufnahme="1998-05-17" ObjStrasseID="7654" ObjHausnummer="Nordring 14" ObjVorlage="2013-09-11 00:00:00.0" ObKeinKontakt="1" ObjArtID="1" Merkmal="0.0"/>
  <Objekte ObjID="11372" ObjAufnahme="1998-05-17" ObjStrasseID="7654" ObjHausnummer="Nordring 16" ObjVorlage="2013-09-11 00:00:00.0" ObKeinKontakt="1" ObjArtID="1" Merkmal="0.0"/>
  <Objekte ObjID="11373" ObjAufnahme="1998-05-17" ObjStrasseID="7654" ObjHausnummer="Nordring 14A" ObjVorlage="2013-09-11 00:00:00.0" ObKeinKontakt="1" ObjArtID="1" Merkmal="0.0"/>
  <Objekte ObjID="11374" ObjAufnahme="1998-05-17" ObjStrasseID="7654" ObjHausnummer="Nordring 14B" ObjVorlage="2013-09-11 00:00:00.0" ObKeinKontakt="1" ObjArtID="1" Merkmal="0.0"/>
  <Objekte ObjID="11375" ObjAufnahme="1998-05-17" ObjStrasseID="7654" ObjHausnummer="Nordring 14C" ObjVorlage="2013-09-11 00:00:00.0" ObKeinKontakt="1" ObjArtID="1" Merkmal="0.0"/>
  <Objekte ObjID="11376" ObjAufnahme="1998-05-17" ObjStrasseID="7684" ObjHausnummer="Olbersstraße 1" ObjVorlage="2013-09-11 00:00:00.0" ObKeinKontakt="1" ObjArtID="1" Merkmal="0.0"/>
  <Objekte ObjID="11377" ObjAufnahme="1998-05-17" ObjStrasseID="7684" ObjHausnummer="Olbersstraße 3" ObjVorlage="2013-09-11 00:00:00.0" ObKeinKontakt="1" ObjArtID="1" Merkmal="0.0"/>
  <Objekte ObjID="11378" ObjAufnahme="1998-05-17" ObjStrasseID="7684" ObjHausnummer="Olbersstraße 5" ObjVorlage="2013-09-11 00:00:00.0" ObKeinKontakt="1" ObjArtID="1" Merkmal="0.0"/>
  <Objekte ObjID="11379" ObjAufnahme="1998-05-17" ObjStrasseID="7684" ObjHausnummer="Olbersstraße 7" ObjVorlage="2013-09-11 00:00:00.0" ObKeinKontakt="1" ObjArtID="1" Merkmal="0.0"/>
  <Objekte ObjID="11380" ObjAufnahme="1998-05-17" ObjStrasseID="7684" ObjHausnummer="Olbersstraße 11" ObjVorlage="2013-09-11 00:00:00.0" ObKeinKontakt="1" ObjArtID="1" Merkmal="0.0"/>
  <Objekte ObjID="11381" ObjAufnahme="1998-05-17" ObjStrasseID="7684" ObjHausnummer="Olbersstraße 11A" ObjVorlage="2013-09-11 00:00:00.0" ObKeinKontakt="1" ObjArtID="1" Merkmal="0.0"/>
  <Objekte ObjID="11382" ObjAufnahme="1998-05-17" ObjStrasseID="7698" ObjHausnummer="Osterfelddamm 39" ObjVorlage="2013-09-11 00:00:00.0" ObKeinKontakt="1" ObjArtID="1" Merkmal="0.0"/>
  <Objekte ObjID="11383" ObjAufnahme="1998-05-17" ObjStrasseID="7698" ObjHausnummer="Osterfelddamm 41" ObjVorlage="2013-09-11 00:00:00.0" ObKeinKontakt="1" ObjArtID="1" Merkmal="0.0"/>
  <Objekte ObjID="11384" ObjAufnahme="1998-05-17" ObjStrasseID="7698" ObjHausnummer="Osterfelddamm 43" ObjVorlage="2013-09-11 00:00:00.0" ObKeinKontakt="1" ObjArtID="1" Merkmal="0.0"/>
  <Objekte ObjID="11385" ObjAufnahme="1998-05-17" ObjStrasseID="7698" ObjHausnummer="Osterfelddamm 45" ObjVorlage="2013-09-11 00:00:00.0" ObKeinKontakt="1" ObjArtID="1" Merkmal="0.0"/>
  <Objekte ObjID="11386" ObjAufnahme="1998-05-17" ObjStrasseID="7698" ObjHausnummer="Osterfelddamm 47" ObjVorlage="2013-09-11 00:00:00.0" ObKeinKontakt="1" ObjArtID="1" Merkmal="0.0"/>
  <Objekte ObjID="11387" ObjAufnahme="1998-05-17" ObjStrasseID="7698" ObjHausnummer="Osterfelddamm 49" ObjVorlage="2013-09-11 00:00:00.0" ObKeinKontakt="1" ObjArtID="1" Merkmal="0.0"/>
  <Objekte ObjID="11388" ObjAufnahme="1998-05-17" ObjStrasseID="7721" ObjHausnummer="Pagelsdorffweg 1" ObjVorlage="2013-09-11 00:00:00.0" ObKeinKontakt="1" ObjArtID="1" Merkmal="0.0"/>
  <Objekte ObjID="11389" ObjAufnahme="1998-05-17" ObjStrasseID="7721" ObjHausnummer="Pagelsdorffweg 2" ObjVorlage="2013-09-11 00:00:00.0" ObKeinKontakt="1" ObjArtID="1" Merkmal="0.0"/>
  <Objekte ObjID="11390" ObjAufnahme="1998-05-17" ObjStrasseID="7721" ObjHausnummer="Pagelsdorffweg 3" ObjVorlage="2013-09-11 00:00:00.0" ObKeinKontakt="1" ObjArtID="1" Merkmal="0.0"/>
  <Objekte ObjID="11391" ObjAufnahme="1998-05-17" ObjStrasseID="8014" ObjHausnummer="Saganer Weg 1" ObjVorlage="2013-09-11 00:00:00.0" ObKeinKontakt="1" ObjArtID="1" Merkmal="0.0"/>
  <Objekte ObjID="11392" ObjAufnahme="1998-05-17" ObjStrasseID="8014" ObjHausnummer="Saganer Weg 2" ObjVorlage="2013-09-11 00:00:00.0" ObKeinKontakt="1" ObjArtID="1" Merkmal="0.0"/>
  <Objekte ObjID="11393" ObjAufnahme="1998-05-17" ObjStrasseID="8014" ObjHausnummer="Saganer Weg 3" ObjVorlage="2013-09-11 00:00:00.0" ObKeinKontakt="1" ObjArtID="1" Merkmal="0.0"/>
  <Objekte ObjID="11394" ObjAufnahme="1998-05-17" ObjStrasseID="8014" ObjHausnummer="Saganer Weg 4" ObjVorlage="2013-09-11 00:00:00.0" ObKeinKontakt="1" ObjArtID="1" Merkmal="0.0"/>
  <Objekte ObjID="11395" ObjAufnahme="1998-05-17" ObjStrasseID="8016" ObjHausnummer="Sahlkamp 51" ObjVorlage="2013-09-11 00:00:00.0" ObKeinKontakt="1" ObjArtID="1" Merkmal="0.0"/>
  <Objekte ObjID="11396" ObjAufnahme="1998-05-17" ObjStrasseID="8016" ObjHausnummer="Sahlkamp 53" ObjVorlage="2013-09-11 00:00:00.0" ObKeinKontakt="1" ObjArtID="1" Merkmal="0.0"/>
  <Objekte ObjID="11397" ObjAufnahme="1998-05-17" ObjStrasseID="8016" ObjHausnummer="Sahlkamp 55" ObjVorlage="2013-09-11 00:00:00.0" ObKeinKontakt="1" ObjArtID="1" Merkmal="0.0"/>
  <Objekte ObjID="11398" ObjAufnahme="1998-05-17" ObjStrasseID="8016" ObjHausnummer="Sahlkamp 57" ObjVorlage="2013-09-11 00:00:00.0" ObKeinKontakt="1" ObjArtID="1" Merkmal="0.0"/>
  <Objekte ObjID="11399" ObjAufnahme="1998-05-17" ObjStrasseID="8016" ObjHausnummer="Sahlkamp 59" ObjVorlage="2013-09-11 00:00:00.0" ObKeinKontakt="1" ObjArtID="1" Merkmal="0.0"/>
  <Objekte ObjID="11400" ObjAufnahme="1998-05-17" ObjStrasseID="8016" ObjHausnummer="Sahlkamp 81" ObjVorlage="2013-09-11 00:00:00.0" ObKeinKontakt="1" ObjArtID="1" Merkmal="0.0"/>
  <Objekte ObjID="11401" ObjAufnahme="1998-05-17" ObjStrasseID="8016" ObjHausnummer="Sahlkamp 83" ObjVorlage="2013-09-11 00:00:00.0" ObKeinKontakt="1" ObjArtID="1" Merkmal="0.0"/>
  <Objekte ObjID="11402" ObjAufnahme="1998-05-17" ObjStrasseID="8016" ObjHausnummer="Sahlkamp 85" ObjVorlage="2013-09-11 00:00:00.0" ObKeinKontakt="1" ObjArtID="1" Merkmal="0.0"/>
  <Objekte ObjID="11403" ObjAufnahme="1998-05-17" ObjStrasseID="8016" ObjHausnummer="Sahlkamp 87" ObjVorlage="2013-09-11 00:00:00.0" ObKeinKontakt="1" ObjArtID="1" Merkmal="0.0"/>
  <Objekte ObjID="11404" ObjAufnahme="1998-05-17" ObjStrasseID="8016" ObjHausnummer="Sahlkamp 89" ObjVorlage="2013-09-11 00:00:00.0" ObKeinKontakt="1" ObjArtID="1" Merkmal="0.0"/>
  <Objekte ObjID="11405" ObjAufnahme="1998-05-17" ObjStrasseID="8016" ObjHausnummer="Sahlkamp 185" ObjVorlage="2013-09-11 00:00:00.0" ObKeinKontakt="1" ObjArtID="1" Merkmal="0.0"/>
  <Objekte ObjID="11406" ObjAufnahme="1998-05-17" ObjStrasseID="8016" ObjHausnummer="Sahlkamp 187" ObjVorlage="2013-09-11 00:00:00.0" ObKeinKontakt="1" ObjArtID="1" Merkmal="0.0"/>
  <Objekte ObjID="11407" ObjAufnahme="1998-05-17" ObjStrasseID="8042" ObjHausnummer="Sauerbruchweg 1" ObjVorlage="2013-09-11 00:00:00.0" ObKeinKontakt="1" ObjArtID="1" Merkmal="0.0"/>
  <Objekte ObjID="11408" ObjAufnahme="1998-05-17" ObjStrasseID="8042" ObjHausnummer="Sauerbruchweg 2" ObjVorlage="2013-09-11 00:00:00.0" ObKeinKontakt="1" ObjArtID="1" Merkmal="0.0"/>
  <Objekte ObjID="11409" ObjAufnahme="1998-05-17" ObjStrasseID="8042" ObjHausnummer="Sauerbruchweg 3" ObjVorlage="2013-09-11 00:00:00.0" ObKeinKontakt="1" ObjArtID="1" Merkmal="0.0"/>
  <Objekte ObjID="11410" ObjAufnahme="1998-05-17" ObjStrasseID="8042" ObjHausnummer="Sauerbruchweg 4" ObjVorlage="2013-09-11 00:00:00.0" ObKeinKontakt="1" ObjArtID="1" Merkmal="0.0"/>
  <Objekte ObjID="11411" ObjAufnahme="1998-05-17" ObjStrasseID="8042" ObjHausnummer="Sauerbruchweg 5" ObjVorlage="2013-09-11 00:00:00.0" ObKeinKontakt="1" ObjArtID="1" Merkmal="0.0"/>
  <Objekte ObjID="11412" ObjAufnahme="1998-05-17" ObjStrasseID="7235" ObjHausnummer="Körtingsdorfer Weg 2A" ObjVorlage="2013-09-11 00:00:00.0" ObKeinKontakt="1" ObjArtID="1" Merkmal="0.0"/>
  <Objekte ObjID="11413" ObjAufnahme="1998-05-17" ObjStrasseID="7235" ObjHausnummer="Körtingsdorfer Weg 4A" ObjVorlage="2013-09-11 00:00:00.0" ObKeinKontakt="1" ObjArtID="1" Merkmal="0.0"/>
  <Objekte ObjID="11414" ObjAufnahme="1998-05-17" ObjStrasseID="7235" ObjHausnummer="Körtingsdorfer Weg 6A" ObjVorlage="2013-09-11 00:00:00.0" ObKeinKontakt="1" ObjArtID="1" Merkmal="0.0"/>
  <Objekte ObjID="11415" ObjAufnahme="1998-05-17" ObjStrasseID="7235" ObjHausnummer="Körtingsdorfer Weg 2B" ObjVorlage="2013-09-11 00:00:00.0" ObKeinKontakt="1" ObjArtID="1" Merkmal="0.0"/>
  <Objekte ObjID="11416" ObjAufnahme="1998-05-17" ObjStrasseID="7235" ObjHausnummer="Körtingsdorfer Weg 4B" ObjVorlage="2013-09-11 00:00:00.0" ObKeinKontakt="1" ObjArtID="1" Merkmal="0.0"/>
  <Objekte ObjID="11417" ObjAufnahme="1998-05-17" ObjStrasseID="7235" ObjHausnummer="Körtingsdorfer Weg 6B" ObjVorlage="2013-09-11 00:00:00.0" ObKeinKontakt="1" ObjArtID="1" Merkmal="0.0"/>
  <Objekte ObjID="11418" ObjAufnahme="1998-05-17" ObjStrasseID="7235" ObjHausnummer="Körtingsdorfer Weg 4" ObjVorlage="2013-09-11 00:00:00.0" ObKeinKontakt="1" ObjArtID="1" Merkmal="0.0"/>
  <Objekte ObjID="11419" ObjAufnahme="1998-05-17" ObjStrasseID="6477" ObjHausnummer="Friedländer Weg 13" ObjVorlage="2013-09-11 00:00:00.0" ObKeinKontakt="1" ObjArtID="1" Merkmal="0.0"/>
  <Objekte ObjID="11420" ObjAufnahme="1998-05-17" ObjStrasseID="6477" ObjHausnummer="Friedländer Weg 15" ObjVorlage="2013-09-11 00:00:00.0" ObKeinKontakt="1" ObjArtID="1" Merkmal="0.0"/>
  <Objekte ObjID="11421" ObjAufnahme="1998-05-17" ObjStrasseID="6477" ObjHausnummer="Friedländer Weg 17" ObjVorlage="2013-09-11 00:00:00.0" ObKeinKontakt="1" ObjArtID="1" Merkmal="0.0"/>
  <Objekte ObjID="11422" ObjAufnahme="1998-05-17" ObjStrasseID="6537" ObjHausnummer="General-Wever-Straße 137" ObjVorlage="2013-09-11 00:00:00.0" ObKeinKontakt="1" ObjArtID="1" Merkmal="0.0"/>
  <Objekte ObjID="11423" ObjAufnahme="1998-05-17" ObjStrasseID="5839" ObjHausnummer="Auf den Kirchstücken 6A" ObjVorlage="2013-09-11 00:00:00.0" ObKeinKontakt="1" ObjArtID="1" Merkmal="0.0"/>
  <Objekte ObjID="11424" ObjAufnahme="1998-05-17" ObjStrasseID="5839" ObjHausnummer="Auf den Kirchstücken 8B" ObjVorlage="2013-09-11 00:00:00.0" ObKeinKontakt="1" ObjArtID="1" Merkmal="0.0"/>
  <Objekte ObjID="11425" ObjAufnahme="1998-05-17" ObjStrasseID="5868" ObjHausnummer="Ballhofstraße 8" ObjVorlage="2013-09-11 00:00:00.0" ObKeinKontakt="1" ObjArtID="96" Merkmal="0.0"/>
  <Objekte ObjID="11426" ObjAufnahme="1998-05-17" ObjStrasseID="5868" ObjHausnummer="Ballhofstraße 10" ObjVorlage="2013-09-11 00:00:00.0" ObKeinKontakt="1" ObjArtID="1" Merkmal="0.0"/>
  <Objekte ObjID="11427" ObjAufnahme="1998-05-17" ObjStrasseID="5885" ObjHausnummer="Bautzener Hof 1" ObjVorlage="2013-09-11 00:00:00.0" ObKeinKontakt="1" ObjArtID="1" Merkmal="0.0"/>
  <Objekte ObjID="11428" ObjAufnahme="1998-05-17" ObjStrasseID="5885" ObjHausnummer="Bautzener Hof 2" ObjVorlage="2013-09-11 00:00:00.0" ObKeinKontakt="1" ObjArtID="1" Merkmal="0.0"/>
  <Objekte ObjID="11429" ObjAufnahme="1998-05-17" ObjStrasseID="5885" ObjHausnummer="Bautzener Hof 3" ObjVorlage="2013-09-11 00:00:00.0" ObKeinKontakt="1" ObjArtID="1" Merkmal="0.0"/>
  <Objekte ObjID="11430" ObjAufnahme="1998-05-17" ObjStrasseID="5885" ObjHausnummer="Bautzener Hof 4" ObjVorlage="2013-09-11 00:00:00.0" ObKeinKontakt="1" ObjArtID="1" Merkmal="0.0"/>
  <Objekte ObjID="11431" ObjAufnahme="1998-05-17" ObjStrasseID="5885" ObjHausnummer="Bautzener Hof 5" ObjVorlage="2013-09-11 00:00:00.0" ObKeinKontakt="1" ObjArtID="1" Merkmal="0.0"/>
  <Objekte ObjID="11432" ObjAufnahme="1998-05-17" ObjStrasseID="5896" ObjHausnummer="Behnsenstraße 7" ObjVorlage="2013-09-11 00:00:00.0" ObKeinKontakt="1" ObjArtID="1" Merkmal="0.0"/>
  <Objekte ObjID="11433" ObjAufnahme="1998-05-17" ObjStrasseID="5896" ObjHausnummer="Behnsenstraße 30" ObjVorlage="2013-09-11 00:00:00.0" ObKeinKontakt="1" ObjArtID="1" Merkmal="0.0"/>
  <Objekte ObjID="11434" ObjAufnahme="1998-05-17" ObjStrasseID="5898" ObjHausnummer="Behringweg 1" ObjVorlage="2013-09-11 00:00:00.0" ObKeinKontakt="1" ObjArtID="1" Merkmal="0.0"/>
  <Objekte ObjID="11435" ObjAufnahme="1998-05-17" ObjStrasseID="5898" ObjHausnummer="Behringweg 2" ObjVorlage="2013-09-11 00:00:00.0" ObKeinKontakt="1" ObjArtID="1" Merkmal="0.0"/>
  <Objekte ObjID="11436" ObjAufnahme="1998-05-17" ObjStrasseID="5898" ObjHausnummer="Behringweg 3" ObjVorlage="2013-09-11 00:00:00.0" ObKeinKontakt="1" ObjArtID="1" Merkmal="0.0"/>
  <Objekte ObjID="11437" ObjAufnahme="1998-05-17" ObjStrasseID="5898" ObjHausnummer="Behringweg 4" ObjVorlage="2013-09-11 00:00:00.0" ObKeinKontakt="1" ObjArtID="1" Merkmal="0.0"/>
  <Objekte ObjID="11438" ObjAufnahme="1998-05-17" ObjStrasseID="5913" ObjHausnummer="Berckhusenstraße 38" ObjVorlage="2013-09-11 00:00:00.0" ObKeinKontakt="1" ObjArtID="1" Merkmal="0.0"/>
  <Objekte ObjID="11439" ObjAufnahme="1998-05-17" ObjStrasseID="5913" ObjHausnummer="Berckhusenstraße 40" ObjVorlage="2013-09-11 00:00:00.0" ObKeinKontakt="1" ObjArtID="1" Merkmal="0.0"/>
  <Objekte ObjID="11440" ObjAufnahme="1998-05-17" ObjStrasseID="5913" ObjHausnummer="Berckhusenstraße 42" ObjVorlage="2013-09-11 00:00:00.0" ObKeinKontakt="1" ObjArtID="1" Merkmal="0.0"/>
  <Objekte ObjID="11441" ObjAufnahme="1998-05-17" ObjStrasseID="5913" ObjHausnummer="Berckhusenstraße 44" ObjVorlage="2013-09-11 00:00:00.0" ObKeinKontakt="1" ObjArtID="1" Merkmal="0.0"/>
  <Objekte ObjID="11442" ObjAufnahme="1998-05-17" ObjStrasseID="5913" ObjHausnummer="Berckhusenstraße 46" ObjVorlage="2013-09-11 00:00:00.0" ObKeinKontakt="1" ObjArtID="1" Merkmal="0.0"/>
  <Objekte ObjID="11443" ObjAufnahme="1998-05-17" ObjStrasseID="5913" ObjHausnummer="Berckhusenstraße 48" ObjVorlage="2013-09-11 00:00:00.0" ObKeinKontakt="1" ObjArtID="1" Merkmal="0.0"/>
  <Objekte ObjID="11444" ObjAufnahme="1998-05-17" ObjStrasseID="5913" ObjHausnummer="Berckhusenstraße 50" ObjVorlage="2013-09-11 00:00:00.0" ObKeinKontakt="1" ObjArtID="1" Merkmal="0.0"/>
  <Objekte ObjID="11445" ObjAufnahme="1998-05-17" ObjStrasseID="5913" ObjHausnummer="Berckhusenstraße 52" ObjVorlage="2013-09-11 00:00:00.0" ObKeinKontakt="1" ObjArtID="1" Merkmal="0.0"/>
  <Objekte ObjID="11446" ObjAufnahme="1998-05-17" ObjStrasseID="5949" ObjHausnummer="Bevenser Weg 7" ObjVorlage="2013-09-11 00:00:00.0" ObKeinKontakt="1" ObjArtID="1" Merkmal="0.0"/>
  <Objekte ObjID="11447" ObjAufnahme="1998-05-17" ObjStrasseID="5949" ObjHausnummer="Bevenser Weg 9" ObjVorlage="2013-09-11 00:00:00.0" ObKeinKontakt="1" ObjArtID="1" Merkmal="0.0"/>
  <Objekte ObjID="11448" ObjAufnahme="1998-05-17" ObjStrasseID="5949" ObjHausnummer="Bevenser Weg 11" ObjVorlage="2013-09-11 00:00:00.0" ObKeinKontakt="1" ObjArtID="1" Merkmal="0.0"/>
  <Objekte ObjID="11449" ObjAufnahme="1998-05-17" ObjStrasseID="5949" ObjHausnummer="Bevenser Weg 13" ObjVorlage="2013-09-11 00:00:00.0" ObKeinKontakt="1" ObjArtID="1" Merkmal="0.0"/>
  <Objekte ObjID="11450" ObjAufnahme="1998-05-17" ObjStrasseID="5949" ObjHausnummer="Bevenser Weg 15" ObjVorlage="2013-09-11 00:00:00.0" ObKeinKontakt="1" ObjArtID="1" Merkmal="0.0"/>
  <Objekte ObjID="11451" ObjAufnahme="1998-05-17" ObjStrasseID="5949" ObjHausnummer="Bevenser Weg 17" ObjVorlage="2013-09-11 00:00:00.0" ObKeinKontakt="1" ObjArtID="1" Merkmal="0.0"/>
  <Objekte ObjID="11452" ObjAufnahme="1998-05-17" ObjStrasseID="5949" ObjHausnummer="Bevenser Weg 19" ObjVorlage="2013-09-11 00:00:00.0" ObKeinKontakt="1" ObjArtID="1" Merkmal="0.0"/>
  <Objekte ObjID="11453" ObjAufnahme="1998-05-17" ObjStrasseID="6018" ObjHausnummer="Bömelburgstraße 13" ObjVorlage="2013-09-11 00:00:00.0" ObKeinKontakt="1" ObjArtID="1" Merkmal="0.0"/>
  <Objekte ObjID="11454" ObjAufnahme="1998-05-17" ObjStrasseID="6018" ObjHausnummer="Bömelburgstraße 14" ObjVorlage="2013-09-11 00:00:00.0" ObKeinKontakt="1" ObjArtID="1" Merkmal="0.0"/>
  <Objekte ObjID="11455" ObjAufnahme="1998-05-17" ObjStrasseID="6018" ObjHausnummer="Bömelburgstraße 15" ObjVorlage="2013-09-11 00:00:00.0" ObKeinKontakt="1" ObjArtID="1" Merkmal="0.0"/>
  <Objekte ObjID="11456" ObjAufnahme="1998-05-17" ObjStrasseID="6018" ObjHausnummer="Bömelburgstraße 16" ObjVorlage="2013-09-11 00:00:00.0" ObKeinKontakt="1" ObjArtID="1" Merkmal="0.0"/>
  <Objekte ObjID="11457" ObjAufnahme="1998-05-17" ObjStrasseID="6018" ObjHausnummer="Bömelburgstraße 17" ObjVorlage="2013-09-11 00:00:00.0" ObKeinKontakt="1" ObjArtID="1" Merkmal="0.0"/>
  <Objekte ObjID="11458" ObjAufnahme="1998-05-17" ObjStrasseID="6018" ObjHausnummer="Bömelburgstraße 18" ObjVorlage="2013-09-11 00:00:00.0" ObKeinKontakt="1" ObjArtID="1" Merkmal="0.0"/>
  <Objekte ObjID="11459" ObjAufnahme="1998-05-17" ObjStrasseID="6018" ObjHausnummer="Bömelburgstraße 19" ObjVorlage="2013-09-11 00:00:00.0" ObKeinKontakt="1" ObjArtID="1" Merkmal="0.0"/>
  <Objekte ObjID="11460" ObjAufnahme="1998-05-17" ObjStrasseID="6018" ObjHausnummer="Bömelburgstraße 20" ObjVorlage="2013-09-11 00:00:00.0" ObKeinKontakt="1" ObjArtID="1" Merkmal="0.0"/>
  <Objekte ObjID="11461" ObjAufnahme="1998-05-17" ObjStrasseID="6018" ObjHausnummer="Bömelburgstraße 21" ObjVorlage="2013-09-11 00:00:00.0" ObKeinKontakt="1" ObjArtID="1" Merkmal="0.0"/>
  <Objekte ObjID="11462" ObjAufnahme="1998-05-17" ObjStrasseID="6018" ObjHausnummer="Bömelburgstraße 22" ObjVorlage="2013-09-11 00:00:00.0" ObKeinKontakt="1" ObjArtID="1" Merkmal="0.0"/>
  <Objekte ObjID="11463" ObjAufnahme="1998-05-17" ObjStrasseID="6018" ObjHausnummer="Bömelburgstraße 24" ObjVorlage="2013-09-11 00:00:00.0" ObKeinKontakt="1" ObjArtID="1" Merkmal="0.0"/>
  <Objekte ObjID="11464" ObjAufnahme="1998-05-17" ObjStrasseID="6018" ObjHausnummer="Bömelburgstraße 26" ObjVorlage="2013-09-11 00:00:00.0" ObKeinKontakt="1" ObjArtID="1" Merkmal="0.0"/>
  <Objekte ObjID="11465" ObjAufnahme="1998-05-17" ObjStrasseID="6018" ObjHausnummer="Bömelburgstraße 28" ObjVorlage="2013-09-11 00:00:00.0" ObKeinKontakt="1" ObjArtID="1" Merkmal="0.0"/>
  <Objekte ObjID="11466" ObjAufnahme="1998-05-17" ObjStrasseID="6018" ObjHausnummer="Bömelburgstraße 13A" ObjVorlage="2013-09-11 00:00:00.0" ObKeinKontakt="1" ObjArtID="1" Merkmal="0.0"/>
  <Objekte ObjID="11467" ObjAufnahme="1998-05-17" ObjStrasseID="6018" ObjHausnummer="Bömelburgstraße 13B" ObjVorlage="2013-09-11 00:00:00.0" ObKeinKontakt="1" ObjArtID="1" Merkmal="0.0"/>
  <Objekte ObjID="11468" ObjAufnahme="1998-05-17" ObjStrasseID="6018" ObjHausnummer="Bömelburgstraße 13C" ObjVorlage="2013-09-11 00:00:00.0" ObKeinKontakt="1" ObjArtID="1" Merkmal="0.0"/>
  <Objekte ObjID="11469" ObjAufnahme="1998-05-17" ObjStrasseID="6018" ObjHausnummer="Bömelburgstraße 13D" ObjVorlage="2013-09-11 00:00:00.0" ObKeinKontakt="1" ObjArtID="1" Merkmal="0.0"/>
  <Objekte ObjID="11470" ObjAufnahme="1998-05-17" ObjStrasseID="6018" ObjHausnummer="Bömelburgstraße 13E" ObjVorlage="2013-09-11 00:00:00.0" ObKeinKontakt="1" ObjArtID="1" Merkmal="0.0"/>
  <Objekte ObjID="11471" ObjAufnahme="1998-05-17" ObjStrasseID="6018" ObjHausnummer="Bömelburgstraße 13F" ObjVorlage="2013-09-11 00:00:00.0" ObKeinKontakt="1" ObjArtID="1" Merkmal="0.0"/>
  <Objekte ObjID="11472" ObjAufnahme="1998-05-17" ObjStrasseID="6018" ObjHausnummer="Bömelburgstraße 18A" ObjVorlage="2013-09-11 00:00:00.0" ObKeinKontakt="1" ObjArtID="1" Merkmal="0.0"/>
  <Objekte ObjID="11473" ObjAufnahme="1998-05-17" ObjStrasseID="6018" ObjHausnummer="Bömelburgstraße 18B" ObjVorlage="2013-09-11 00:00:00.0" ObKeinKontakt="1" ObjArtID="1" Merkmal="0.0"/>
  <Objekte ObjID="11474" ObjAufnahme="1998-05-17" ObjStrasseID="6018" ObjHausnummer="Bömelburgstraße 20A" ObjVorlage="2013-09-11 00:00:00.0" ObKeinKontakt="1" ObjArtID="1" Merkmal="0.0"/>
  <Objekte ObjID="11475" ObjAufnahme="1998-05-17" ObjStrasseID="6018" ObjHausnummer="Bömelburgstraße 20B" ObjVorlage="2013-09-11 00:00:00.0" ObKeinKontakt="1" ObjArtID="1" Merkmal="0.0"/>
  <Objekte ObjID="11476" ObjAufnahme="1998-05-17" ObjStrasseID="6018" ObjHausnummer="Bömelburgstraße 22A" ObjVorlage="2013-09-11 00:00:00.0" ObKeinKontakt="1" ObjArtID="1" Merkmal="0.0"/>
  <Objekte ObjID="11477" ObjAufnahme="1998-05-17" ObjStrasseID="6018" ObjHausnummer="Bömelburgstraße 22B" ObjVorlage="2013-09-11 00:00:00.0" ObKeinKontakt="1" ObjArtID="1" Merkmal="0.0"/>
  <Objekte ObjID="11478" ObjAufnahme="1998-05-17" ObjStrasseID="6018" ObjHausnummer="Bömelburgstraße 29" ObjVorlage="2013-09-11 00:00:00.0" ObKeinKontakt="1" ObjArtID="1" Merkmal="0.0"/>
  <Objekte ObjID="11479" ObjAufnahme="1998-05-17" ObjStrasseID="6018" ObjHausnummer="Bömelburgstraße 30" ObjVorlage="2013-09-11 00:00:00.0" ObKeinKontakt="1" ObjArtID="1" Merkmal="0.0"/>
  <Objekte ObjID="11480" ObjAufnahme="1998-05-17" ObjStrasseID="6018" ObjHausnummer="Bömelburgstraße 31" ObjVorlage="2013-09-11 00:00:00.0" ObKeinKontakt="1" ObjArtID="1" Merkmal="0.0"/>
  <Objekte ObjID="11481" ObjAufnahme="1998-05-17" ObjStrasseID="6018" ObjHausnummer="Bömelburgstraße 32" ObjVorlage="2013-09-11 00:00:00.0" ObKeinKontakt="1" ObjArtID="1" Merkmal="0.0"/>
  <Objekte ObjID="11482" ObjAufnahme="1998-05-17" ObjStrasseID="6018" ObjHausnummer="Bömelburgstraße 33" ObjVorlage="2013-09-11 00:00:00.0" ObKeinKontakt="1" ObjArtID="1" Merkmal="0.0"/>
  <Objekte ObjID="11483" ObjAufnahme="1998-05-17" ObjStrasseID="6018" ObjHausnummer="Bömelburgstraße 34" ObjVorlage="2013-09-11 00:00:00.0" ObKeinKontakt="1" ObjArtID="1" Merkmal="0.0"/>
  <Objekte ObjID="11484" ObjAufnahme="1998-05-17" ObjStrasseID="6018" ObjHausnummer="Bömelburgstraße 35" ObjVorlage="2013-09-11 00:00:00.0" ObKeinKontakt="1" ObjArtID="1" Merkmal="0.0"/>
  <Objekte ObjID="11485" ObjAufnahme="1998-05-17" ObjStrasseID="6018" ObjHausnummer="Bömelburgstraße 36" ObjVorlage="2013-09-11 00:00:00.0" ObKeinKontakt="1" ObjArtID="1" Merkmal="0.0"/>
  <Objekte ObjID="11486" ObjAufnahme="1998-05-17" ObjStrasseID="6018" ObjHausnummer="Bömelburgstraße 37" ObjVorlage="2013-09-11 00:00:00.0" ObKeinKontakt="1" ObjArtID="1" Merkmal="0.0"/>
  <Objekte ObjID="11487" ObjAufnahme="1998-05-17" ObjStrasseID="6018" ObjHausnummer="Bömelburgstraße 38" ObjVorlage="2013-09-11 00:00:00.0" ObKeinKontakt="1" ObjArtID="1" Merkmal="0.0"/>
  <Objekte ObjID="11488" ObjAufnahme="1998-05-17" ObjStrasseID="6018" ObjHausnummer="Bömelburgstraße 39" ObjVorlage="2013-09-11 00:00:00.0" ObKeinKontakt="1" ObjArtID="1" Merkmal="0.0"/>
  <Objekte ObjID="11489" ObjAufnahme="1998-05-17" ObjStrasseID="6018" ObjHausnummer="Bömelburgstraße 40" ObjVorlage="2013-09-11 00:00:00.0" ObKeinKontakt="1" ObjArtID="1" Merkmal="0.0"/>
  <Objekte ObjID="11490" ObjAufnahme="1998-05-17" ObjStrasseID="6018" ObjHausnummer="Bömelburgstraße 39A" ObjVorlage="2013-09-11 00:00:00.0" ObKeinKontakt="1" ObjArtID="1" Merkmal="0.0"/>
  <Objekte ObjID="11491" ObjAufnahme="1998-05-17" ObjStrasseID="6018" ObjHausnummer="Bömelburgstraße 39B" ObjVorlage="2013-09-11 00:00:00.0" ObKeinKontakt="1" ObjArtID="1" Merkmal="0.0"/>
  <Objekte ObjID="11492" ObjAufnahme="1998-05-17" ObjStrasseID="6018" ObjHausnummer="Bömelburgstraße 44" ObjVorlage="2013-09-11 00:00:00.0" ObKeinKontakt="1" ObjArtID="1" Merkmal="0.0"/>
  <Objekte ObjID="11493" ObjAufnahme="1998-05-17" ObjStrasseID="6018" ObjHausnummer="Bömelburgstraße 46" ObjVorlage="2013-09-11 00:00:00.0" ObKeinKontakt="1" ObjArtID="1" Merkmal="0.0"/>
  <Objekte ObjID="11494" ObjAufnahme="1998-05-17" ObjStrasseID="6018" ObjHausnummer="Bömelburgstraße 48" ObjVorlage="2013-09-11 00:00:00.0" ObKeinKontakt="1" ObjArtID="1" Merkmal="0.0"/>
  <Objekte ObjID="11495" ObjAufnahme="1998-05-17" ObjStrasseID="6018" ObjHausnummer="Bömelburgstraße 50" ObjVorlage="2013-09-11 00:00:00.0" ObKeinKontakt="1" ObjArtID="1" Merkmal="0.0"/>
  <Objekte ObjID="11496" ObjAufnahme="1998-05-17" ObjStrasseID="6018" ObjHausnummer="Bömelburgstraße 52" ObjVorlage="2013-09-11 00:00:00.0" ObKeinKontakt="1" ObjArtID="1" Merkmal="0.0"/>
  <Objekte ObjID="11497" ObjAufnahme="1998-05-17" ObjStrasseID="6018" ObjHausnummer="Bömelburgstraße 54" ObjVorlage="2013-09-11 00:00:00.0" ObKeinKontakt="1" ObjArtID="1" Merkmal="0.0"/>
  <Objekte ObjID="11498" ObjAufnahme="1998-05-17" ObjStrasseID="6074" ObjHausnummer="Breslauer Straße 1" ObjVorlage="2013-09-11 00:00:00.0" ObKeinKontakt="1" ObjArtID="1" Merkmal="0.0"/>
  <Objekte ObjID="11499" ObjAufnahme="1998-05-17" ObjStrasseID="6074" ObjHausnummer="Breslauer Straße 2" ObjVorlage="2013-09-11 00:00:00.0" ObKeinKontakt="1" ObjArtID="1" Merkmal="0.0"/>
  <Objekte ObjID="11500" ObjAufnahme="1998-05-17" ObjStrasseID="6074" ObjHausnummer="Breslauer Straße 3" ObjVorlage="2013-09-11 00:00:00.0" ObKeinKontakt="1" ObjArtID="1" Merkmal="0.0"/>
  <Objekte ObjID="11501" ObjAufnahme="1998-05-17" ObjStrasseID="6074" ObjHausnummer="Breslauer Straße 4" ObjVorlage="2013-09-11 00:00:00.0" ObKeinKontakt="1" ObjArtID="1" Merkmal="0.0"/>
  <Objekte ObjID="11502" ObjAufnahme="1998-05-17" ObjStrasseID="6074" ObjHausnummer="Breslauer Straße 5" ObjVorlage="2013-09-11 00:00:00.0" ObKeinKontakt="1" ObjArtID="1" Merkmal="0.0"/>
  <Objekte ObjID="11503" ObjAufnahme="1998-05-17" ObjStrasseID="6074" ObjHausnummer="Breslauer Straße 6" ObjVorlage="2013-09-11 00:00:00.0" ObKeinKontakt="1" ObjArtID="1" Merkmal="0.0"/>
  <Objekte ObjID="11504" ObjAufnahme="1998-05-17" ObjStrasseID="6074" ObjHausnummer="Breslauer Straße 7" ObjVorlage="2013-09-11 00:00:00.0" ObKeinKontakt="1" ObjArtID="1" Merkmal="0.0"/>
  <Objekte ObjID="11505" ObjAufnahme="1998-05-17" ObjStrasseID="6074" ObjHausnummer="Breslauer Straße 8" ObjVorlage="2013-09-11 00:00:00.0" ObKeinKontakt="1" ObjArtID="1" Merkmal="0.0"/>
  <Objekte ObjID="11506" ObjAufnahme="1998-05-17" ObjStrasseID="6074" ObjHausnummer="Breslauer Straße 9" ObjVorlage="2013-09-11 00:00:00.0" ObKeinKontakt="1" ObjArtID="1" Merkmal="0.0"/>
  <Objekte ObjID="11507" ObjAufnahme="1998-05-17" ObjStrasseID="6074" ObjHausnummer="Breslauer Straße 10" ObjVorlage="2013-09-11 00:00:00.0" ObKeinKontakt="1" ObjArtID="1" Merkmal="0.0"/>
  <Objekte ObjID="11508" ObjAufnahme="1998-05-17" ObjStrasseID="6075" ObjHausnummer="Brieger Weg 1" ObjVorlage="2013-09-11 00:00:00.0" ObKeinKontakt="1" ObjArtID="1" Merkmal="0.0"/>
  <Objekte ObjID="11509" ObjAufnahme="1998-05-17" ObjStrasseID="6118" ObjHausnummer="Burgstraße 23A" ObjVorlage="2013-09-11 00:00:00.0" ObKeinKontakt="1" ObjArtID="1" Merkmal="0.0"/>
  <Objekte ObjID="11510" ObjAufnahme="1998-05-17" ObjStrasseID="6143" ObjHausnummer="Charlottenstraße 52" ObjVorlage="2013-09-11 00:00:00.0" ObKeinKontakt="1" ObjArtID="1" Merkmal="0.0"/>
  <Objekte ObjID="11511" ObjAufnahme="1998-05-17" ObjStrasseID="6143" ObjHausnummer="Charlottenstraße 73" ObjVorlage="2013-09-11 00:00:00.0" ObKeinKontakt="1" ObjArtID="1" Merkmal="0.0"/>
  <Objekte ObjID="11512" ObjAufnahme="1998-05-17" ObjStrasseID="6144" ObjHausnummer="Chemnitzer Straße 1" ObjVorlage="2013-09-11 00:00:00.0" ObKeinKontakt="1" ObjArtID="1" Merkmal="0.0"/>
  <Objekte ObjID="11513" ObjAufnahme="1998-05-17" ObjStrasseID="6248" ObjHausnummer="Dorfstraße 5" ObjVorlage="2013-09-11 00:00:00.0" ObKeinKontakt="1" ObjArtID="1" Merkmal="0.0"/>
  <Objekte ObjID="11514" ObjAufnahme="1998-05-17" ObjStrasseID="6248" ObjHausnummer="Dorfstraße 5A" ObjVorlage="2013-09-11 00:00:00.0" ObKeinKontakt="1" ObjArtID="1" Merkmal="0.0"/>
  <Objekte ObjID="11515" ObjAufnahme="1998-05-17" ObjStrasseID="5146" ObjHausnummer="Dormannstraße 1" ObjVorlage="2013-09-11 00:00:00.0" ObKeinKontakt="1" ObjArtID="1" Merkmal="0.0"/>
  <Objekte ObjID="11516" ObjAufnahme="1998-05-17" ObjStrasseID="5146" ObjHausnummer="Dormannstraße 3" ObjVorlage="2013-09-11 00:00:00.0" ObKeinKontakt="1" ObjArtID="1" Merkmal="0.0"/>
  <Objekte ObjID="11517" ObjAufnahme="1998-05-17" ObjStrasseID="5146" ObjHausnummer="Dormannstraße 5" ObjVorlage="2013-09-11 00:00:00.0" ObKeinKontakt="1" ObjArtID="1" Merkmal="0.0"/>
  <Objekte ObjID="11518" ObjAufnahme="1998-05-17" ObjStrasseID="5146" ObjHausnummer="Dormannstraße 7" ObjVorlage="2013-09-11 00:00:00.0" ObKeinKontakt="1" ObjArtID="1" Merkmal="0.0"/>
  <Objekte ObjID="11519" ObjAufnahme="1998-05-17" ObjStrasseID="5146" ObjHausnummer="Dormannstraße 9" ObjVorlage="2013-09-11 00:00:00.0" ObKeinKontakt="1" ObjArtID="1" Merkmal="0.0"/>
  <Objekte ObjID="11520" ObjAufnahme="1998-05-17" ObjStrasseID="5146" ObjHausnummer="Dormannstraße 11" ObjVorlage="2013-09-11 00:00:00.0" ObKeinKontakt="1" ObjArtID="1" Merkmal="0.0"/>
  <Objekte ObjID="11521" ObjAufnahme="1998-05-17" ObjStrasseID="5146" ObjHausnummer="Dormannstraße 13" ObjVorlage="2013-09-11 00:00:00.0" ObKeinKontakt="1" ObjArtID="1" Merkmal="0.0"/>
  <Objekte ObjID="11522" ObjAufnahme="1998-05-17" ObjStrasseID="5146" ObjHausnummer="Dormannstraße 15" ObjVorlage="2013-09-11 00:00:00.0" ObKeinKontakt="1" ObjArtID="1" Merkmal="0.0"/>
  <Objekte ObjID="11523" ObjAufnahme="1998-05-17" ObjStrasseID="5146" ObjHausnummer="Dormannstraße 6" ObjVorlage="2013-09-11 00:00:00.0" ObKeinKontakt="1" ObjArtID="1" Merkmal="0.0"/>
  <Objekte ObjID="11524" ObjAufnahme="1998-05-17" ObjStrasseID="5146" ObjHausnummer="Dormannstraße 8" ObjVorlage="2013-09-11 00:00:00.0" ObKeinKontakt="1" ObjArtID="1" Merkmal="0.0"/>
  <Objekte ObjID="11525" ObjAufnahme="1998-05-17" ObjStrasseID="5146" ObjHausnummer="Dormannstraße 10" ObjVorlage="2013-09-11 00:00:00.0" ObKeinKontakt="1" ObjArtID="1" Merkmal="0.0"/>
  <Objekte ObjID="11526" ObjAufnahme="1998-05-17" ObjStrasseID="5146" ObjHausnummer="Dormannstraße 12" ObjVorlage="2013-09-11 00:00:00.0" ObKeinKontakt="1" ObjArtID="1" Merkmal="0.0"/>
  <Objekte ObjID="11527" ObjAufnahme="1998-05-17" ObjStrasseID="5146" ObjHausnummer="Dormannstraße 14" ObjVorlage="2013-09-11 00:00:00.0" ObKeinKontakt="1" ObjArtID="1" Merkmal="0.0"/>
  <Objekte ObjID="11528" ObjAufnahme="1998-05-17" ObjStrasseID="5146" ObjHausnummer="Dormannstraße 16" ObjVorlage="2013-09-11 00:00:00.0" ObKeinKontakt="1" ObjArtID="1" Merkmal="0.0"/>
  <Objekte ObjID="11529" ObjAufnahme="1998-05-17" ObjStrasseID="6255" ObjHausnummer="Dorpater Straße 8" ObjVorlage="2013-09-11 00:00:00.0" ObKeinKontakt="1" ObjArtID="1" Merkmal="0.0"/>
  <Objekte ObjID="11530" ObjAufnahme="1998-05-17" ObjStrasseID="6255" ObjHausnummer="Dorpater Straße 9" ObjVorlage="2013-09-11 00:00:00.0" ObKeinKontakt="1" ObjArtID="1" Merkmal="0.0"/>
  <Objekte ObjID="11531" ObjAufnahme="1998-05-17" ObjStrasseID="6255" ObjHausnummer="Dorpater Straße 10" ObjVorlage="2013-09-11 00:00:00.0" ObKeinKontakt="1" ObjArtID="1" Merkmal="0.0"/>
  <Objekte ObjID="11532" ObjAufnahme="1998-05-17" ObjStrasseID="6255" ObjHausnummer="Dorpater Straße 11" ObjVorlage="2013-09-11 00:00:00.0" ObKeinKontakt="1" ObjArtID="1" Merkmal="0.0"/>
  <Objekte ObjID="11533" ObjAufnahme="1998-05-17" ObjStrasseID="6255" ObjHausnummer="Dorpater Straße 12" ObjVorlage="2013-09-11 00:00:00.0" ObKeinKontakt="1" ObjArtID="1" Merkmal="0.0"/>
  <Objekte ObjID="11534" ObjAufnahme="1998-05-17" ObjStrasseID="6255" ObjHausnummer="Dorpater Straße 13" ObjVorlage="2013-09-11 00:00:00.0" ObKeinKontakt="1" ObjArtID="1" Merkmal="0.0"/>
  <Objekte ObjID="11535" ObjAufnahme="1998-05-17" ObjStrasseID="6255" ObjHausnummer="Dorpater Straße 16" ObjVorlage="2013-09-11 00:00:00.0" ObKeinKontakt="1" ObjArtID="1" Merkmal="0.0"/>
  <Objekte ObjID="11536" ObjAufnahme="1998-05-17" ObjStrasseID="6255" ObjHausnummer="Dorpater Straße 17" ObjVorlage="2013-09-11 00:00:00.0" ObKeinKontakt="1" ObjArtID="1" Merkmal="0.0"/>
  <Objekte ObjID="11537" ObjAufnahme="1998-05-17" ObjStrasseID="6255" ObjHausnummer="Dorpater Straße 18" ObjVorlage="2013-09-11 00:00:00.0" ObKeinKontakt="1" ObjArtID="1" Merkmal="0.0"/>
  <Objekte ObjID="11538" ObjAufnahme="1998-05-17" ObjStrasseID="6255" ObjHausnummer="Dorpater Straße 19" ObjVorlage="2013-09-11 00:00:00.0" ObKeinKontakt="1" ObjArtID="1" Merkmal="0.0"/>
  <Objekte ObjID="11539" ObjAufnahme="1998-05-17" ObjStrasseID="6255" ObjHausnummer="Dorpater Straße 21" ObjVorlage="2013-09-11 00:00:00.0" ObKeinKontakt="1" ObjArtID="1" Merkmal="0.0"/>
  <Objekte ObjID="11540" ObjAufnahme="1998-05-17" ObjStrasseID="6255" ObjHausnummer="Dorpater Straße 23" ObjVorlage="2013-09-11 00:00:00.0" ObKeinKontakt="1" ObjArtID="1" Merkmal="0.0"/>
  <Objekte ObjID="11541" ObjAufnahme="1998-05-17" ObjStrasseID="6255" ObjHausnummer="Dorpater Straße 24" ObjVorlage="2013-09-11 00:00:00.0" ObKeinKontakt="1" ObjArtID="1" Merkmal="0.0"/>
  <Objekte ObjID="11542" ObjAufnahme="1998-05-17" ObjStrasseID="6255" ObjHausnummer="Dorpater Straße 25" ObjVorlage="2013-09-11 00:00:00.0" ObKeinKontakt="1" ObjArtID="1" Merkmal="0.0"/>
  <Objekte ObjID="11543" ObjAufnahme="1998-05-17" ObjStrasseID="6255" ObjHausnummer="Dorpater Straße 26" ObjVorlage="2013-09-11 00:00:00.0" ObKeinKontakt="1" ObjArtID="1" Merkmal="0.0"/>
  <Objekte ObjID="11544" ObjAufnahme="1998-05-17" ObjStrasseID="6255" ObjHausnummer="Dorpater Straße 28" ObjVorlage="2013-09-11 00:00:00.0" ObKeinKontakt="1" ObjArtID="1" Merkmal="0.0"/>
  <Objekte ObjID="11545" ObjAufnahme="1998-05-17" ObjStrasseID="6265" ObjHausnummer="Dresdener Straße 2" ObjVorlage="2013-09-11 00:00:00.0" ObKeinKontakt="1" ObjArtID="1" Merkmal="0.0"/>
  <Objekte ObjID="11546" ObjAufnahme="1998-05-17" ObjStrasseID="6265" ObjHausnummer="Dresdener Straße 4" ObjVorlage="2013-09-11 00:00:00.0" ObKeinKontakt="1" ObjArtID="1" Merkmal="0.0"/>
  <Objekte ObjID="11547" ObjAufnahme="1998-05-17" ObjStrasseID="6265" ObjHausnummer="Dresdener Straße 6" ObjVorlage="2013-09-11 00:00:00.0" ObKeinKontakt="1" ObjArtID="1" Merkmal="0.0"/>
  <Objekte ObjID="11548" ObjAufnahme="1998-05-17" ObjStrasseID="6265" ObjHausnummer="Dresdener Straße 8" ObjVorlage="2013-09-11 00:00:00.0" ObKeinKontakt="1" ObjArtID="1" Merkmal="0.0"/>
  <Objekte ObjID="11549" ObjAufnahme="1998-05-17" ObjStrasseID="6265" ObjHausnummer="Dresdener Straße 10" ObjVorlage="2013-09-11 00:00:00.0" ObKeinKontakt="1" ObjArtID="1" Merkmal="0.0"/>
  <Objekte ObjID="11550" ObjAufnahme="1998-05-17" ObjStrasseID="6265" ObjHausnummer="Dresdener Straße 12" ObjVorlage="2013-09-11 00:00:00.0" ObKeinKontakt="1" ObjArtID="1" Merkmal="0.0"/>
  <Objekte ObjID="11551" ObjAufnahme="1998-05-17" ObjStrasseID="6265" ObjHausnummer="Dresdener Straße 14" ObjVorlage="2013-09-11 00:00:00.0" ObKeinKontakt="1" ObjArtID="1" Merkmal="0.0"/>
  <Objekte ObjID="11552" ObjAufnahme="1998-05-17" ObjStrasseID="6265" ObjHausnummer="Dresdener Straße 16" ObjVorlage="2013-09-11 00:00:00.0" ObKeinKontakt="1" ObjArtID="1" Merkmal="0.0"/>
  <Objekte ObjID="11553" ObjAufnahme="1998-05-17" ObjStrasseID="6265" ObjHausnummer="Dresdener Straße 18" ObjVorlage="2013-09-11 00:00:00.0" ObKeinKontakt="1" ObjArtID="1" Merkmal="0.0"/>
  <Objekte ObjID="11554" ObjAufnahme="1998-05-17" ObjStrasseID="6265" ObjHausnummer="Dresdener Straße 19" ObjVorlage="2013-09-11 00:00:00.0" ObKeinKontakt="1" ObjArtID="1" Merkmal="0.0"/>
  <Objekte ObjID="11555" ObjAufnahme="1998-05-17" ObjStrasseID="6265" ObjHausnummer="Dresdener Straße 21" ObjVorlage="2013-09-11 00:00:00.0" ObKeinKontakt="1" ObjArtID="1" Merkmal="0.0"/>
  <Objekte ObjID="11556" ObjAufnahme="1998-05-17" ObjStrasseID="6265" ObjHausnummer="Dresdener Straße 30" ObjVorlage="2013-09-11 00:00:00.0" ObKeinKontakt="1" ObjArtID="1" Merkmal="0.0"/>
  <Objekte ObjID="11557" ObjAufnahme="1998-05-17" ObjStrasseID="6265" ObjHausnummer="Dresdener Straße 32" ObjVorlage="2013-09-11 00:00:00.0" ObKeinKontakt="1" ObjArtID="1" Merkmal="0.0"/>
  <Objekte ObjID="11558" ObjAufnahme="1998-05-17" ObjStrasseID="6265" ObjHausnummer="Dresdener Straße 34" ObjVorlage="2013-09-11 00:00:00.0" ObKeinKontakt="1" ObjArtID="1" Merkmal="0.0"/>
  <Objekte ObjID="11559" ObjAufnahme="1998-05-17" ObjStrasseID="6265" ObjHausnummer="Dresdener Straße 36" ObjVorlage="2013-09-11 00:00:00.0" ObKeinKontakt="1" ObjArtID="1" Merkmal="0.0"/>
  <Objekte ObjID="11560" ObjAufnahme="1998-05-17" ObjStrasseID="6265" ObjHausnummer="Dresdener Straße 38" ObjVorlage="2013-09-11 00:00:00.0" ObKeinKontakt="1" ObjArtID="1" Merkmal="0.0"/>
  <Objekte ObjID="11561" ObjAufnahme="1998-05-17" ObjStrasseID="6265" ObjHausnummer="Dresdener Straße 40" ObjVorlage="2013-09-11 00:00:00.0" ObKeinKontakt="1" ObjArtID="1" Merkmal="0.0"/>
  <Objekte ObjID="11562" ObjAufnahme="1998-05-17" ObjStrasseID="6265" ObjHausnummer="Dresdener Straße 42" ObjVorlage="2013-09-11 00:00:00.0" ObKeinKontakt="1" ObjArtID="1" Merkmal="0.0"/>
  <Objekte ObjID="11563" ObjAufnahme="1998-05-17" ObjStrasseID="6265" ObjHausnummer="Dresdener Straße 44" ObjVorlage="2013-09-11 00:00:00.0" ObKeinKontakt="1" ObjArtID="1" Merkmal="0.0"/>
  <Objekte ObjID="11564" ObjAufnahme="1998-05-17" ObjStrasseID="6265" ObjHausnummer="Dresdener Straße 46" ObjVorlage="2013-09-11 00:00:00.0" ObKeinKontakt="1" ObjArtID="1" Merkmal="0.0"/>
  <Objekte ObjID="11565" ObjAufnahme="1998-05-17" ObjStrasseID="6265" ObjHausnummer="Dresdener Straße 48" ObjVorlage="2013-09-11 00:00:00.0" ObKeinKontakt="1" ObjArtID="1" Merkmal="0.0"/>
  <Objekte ObjID="11566" ObjAufnahme="1998-05-17" ObjStrasseID="6265" ObjHausnummer="Dresdener Straße 50" ObjVorlage="2013-09-11 00:00:00.0" ObKeinKontakt="1" ObjArtID="1" Merkmal="0.0"/>
  <Objekte ObjID="11567" ObjAufnahme="1998-05-17" ObjStrasseID="6265" ObjHausnummer="Dresdener Straße 52" ObjVorlage="2013-09-11 00:00:00.0" ObKeinKontakt="1" ObjArtID="1" Merkmal="0.0"/>
  <Objekte ObjID="11568" ObjAufnahme="1998-05-17" ObjStrasseID="6265" ObjHausnummer="Dresdener Straße 54" ObjVorlage="2013-09-11 00:00:00.0" ObKeinKontakt="1" ObjArtID="1" Merkmal="0.0"/>
  <Objekte ObjID="11569" ObjAufnahme="1998-05-17" ObjStrasseID="6265" ObjHausnummer="Dresdener Straße 56" ObjVorlage="2013-09-11 00:00:00.0" ObKeinKontakt="1" ObjArtID="1" Merkmal="0.0"/>
  <Objekte ObjID="11570" ObjAufnahme="1998-05-17" ObjStrasseID="6265" ObjHausnummer="Dresdener Straße 58" ObjVorlage="2013-09-11 00:00:00.0" ObKeinKontakt="1" ObjArtID="1" Merkmal="0.0"/>
  <Objekte ObjID="11571" ObjAufnahme="1998-05-17" ObjStrasseID="6265" ObjHausnummer="Dresdener Straße 60" ObjVorlage="2013-09-11 00:00:00.0" ObKeinKontakt="1" ObjArtID="1" Merkmal="0.0"/>
  <Objekte ObjID="11572" ObjAufnahme="1998-05-17" ObjStrasseID="6265" ObjHausnummer="Dresdener Straße 62" ObjVorlage="2013-09-11 00:00:00.0" ObKeinKontakt="1" ObjArtID="1" Merkmal="0.0"/>
  <Objekte ObjID="11573" ObjAufnahme="1998-05-17" ObjStrasseID="6265" ObjHausnummer="Dresdener Straße 64" ObjVorlage="2013-09-11 00:00:00.0" ObKeinKontakt="1" ObjArtID="1" Merkmal="0.0"/>
  <Objekte ObjID="11574" ObjAufnahme="1998-05-17" ObjStrasseID="6275" ObjHausnummer="Dunantstraße 2" ObjVorlage="2013-09-11 00:00:00.0" ObKeinKontakt="1" ObjArtID="1" Merkmal="0.0"/>
  <Objekte ObjID="11575" ObjAufnahme="1998-05-17" ObjStrasseID="6275" ObjHausnummer="Dunantstraße 2B" ObjVorlage="2013-09-11 00:00:00.0" ObKeinKontakt="1" ObjArtID="1" Merkmal="0.0"/>
  <Objekte ObjID="11576" ObjAufnahme="1998-05-17" ObjStrasseID="6283" ObjHausnummer="Ebellstraße 1" ObjVorlage="2013-09-11 00:00:00.0" ObKeinKontakt="1" ObjArtID="1" Merkmal="0.0"/>
  <Objekte ObjID="11577" ObjAufnahme="1998-05-17" ObjStrasseID="6283" ObjHausnummer="Ebellstraße 2" ObjVorlage="2013-09-11 00:00:00.0" ObKeinKontakt="1" ObjArtID="1" Merkmal="0.0"/>
  <Objekte ObjID="11578" ObjAufnahme="1998-05-17" ObjStrasseID="6322" ObjHausnummer="Einsteinstraße 10" ObjVorlage="2013-09-11 00:00:00.0" ObKeinKontakt="1" ObjArtID="1" Merkmal="0.0"/>
  <Objekte ObjID="11579" ObjAufnahme="1998-05-17" ObjStrasseID="6322" ObjHausnummer="Einsteinstraße 12" ObjVorlage="2013-09-11 00:00:00.0" ObKeinKontakt="1" ObjArtID="1" Merkmal="0.0"/>
  <Objekte ObjID="11580" ObjAufnahme="1998-05-17" ObjStrasseID="6322" ObjHausnummer="Einsteinstraße 14" ObjVorlage="2013-09-11 00:00:00.0" ObKeinKontakt="1" ObjArtID="1" Merkmal="0.0"/>
  <Objekte ObjID="11581" ObjAufnahme="1998-05-17" ObjStrasseID="6322" ObjHausnummer="Einsteinstraße 16" ObjVorlage="2013-09-11 00:00:00.0" ObKeinKontakt="1" ObjArtID="1" Merkmal="0.0"/>
  <Objekte ObjID="11582" ObjAufnahme="1998-05-17" ObjStrasseID="6322" ObjHausnummer="Einsteinstraße 18" ObjVorlage="2013-09-11 00:00:00.0" ObKeinKontakt="1" ObjArtID="1" Merkmal="0.0"/>
  <Objekte ObjID="11583" ObjAufnahme="1998-05-17" ObjStrasseID="6322" ObjHausnummer="Einsteinstraße 20" ObjVorlage="2013-09-11 00:00:00.0" ObKeinKontakt="1" ObjArtID="1" Merkmal="0.0"/>
  <Objekte ObjID="11584" ObjAufnahme="1998-05-17" ObjStrasseID="6322" ObjHausnummer="Einsteinstraße 22" ObjVorlage="2013-09-11 00:00:00.0" ObKeinKontakt="1" ObjArtID="1" Merkmal="0.0"/>
  <Objekte ObjID="11585" ObjAufnahme="1998-05-17" ObjStrasseID="6322" ObjHausnummer="Einsteinstraße 24" ObjVorlage="2013-09-11 00:00:00.0" ObKeinKontakt="1" ObjArtID="1" Merkmal="0.0"/>
  <Objekte ObjID="11586" ObjAufnahme="1998-05-17" ObjStrasseID="6322" ObjHausnummer="Einsteinstraße 26" ObjVorlage="2013-09-11 00:00:00.0" ObKeinKontakt="1" ObjArtID="1" Merkmal="0.0"/>
  <Objekte ObjID="11587" ObjAufnahme="1998-05-17" ObjStrasseID="6322" ObjHausnummer="Einsteinstraße 28" ObjVorlage="2013-09-11 00:00:00.0" ObKeinKontakt="1" ObjArtID="1" Merkmal="0.0"/>
  <Objekte ObjID="11588" ObjAufnahme="1998-05-17" ObjStrasseID="6322" ObjHausnummer="Einsteinstraße 30" ObjVorlage="2013-09-11 00:00:00.0" ObKeinKontakt="1" ObjArtID="1" Merkmal="0.0"/>
  <Objekte ObjID="11589" ObjAufnahme="1998-05-17" ObjStrasseID="6322" ObjHausnummer="Einsteinstraße 32" ObjVorlage="2013-09-11 00:00:00.0" ObKeinKontakt="1" ObjArtID="1" Merkmal="0.0"/>
  <Objekte ObjID="11590" ObjAufnahme="1998-05-17" ObjStrasseID="6322" ObjHausnummer="Einsteinstraße 13" ObjVorlage="2013-09-11 00:00:00.0" ObKeinKontakt="1" ObjArtID="1" Merkmal="0.0"/>
  <Objekte ObjID="11591" ObjAufnahme="1998-05-17" ObjStrasseID="6323" ObjHausnummer="Eintrachtweg 1" ObjVorlage="2013-09-11 00:00:00.0" ObKeinKontakt="1" ObjArtID="1" Merkmal="0.0"/>
  <Objekte ObjID="11592" ObjAufnahme="1998-05-17" ObjStrasseID="6323" ObjHausnummer="Eintrachtweg 2" ObjVorlage="2013-09-11 00:00:00.0" ObKeinKontakt="1" ObjArtID="1" Merkmal="0.0"/>
  <Objekte ObjID="11593" ObjAufnahme="1998-05-17" ObjStrasseID="6323" ObjHausnummer="Eintrachtweg 3" ObjVorlage="2013-09-11 00:00:00.0" ObKeinKontakt="1" ObjArtID="1" Merkmal="0.0"/>
  <Objekte ObjID="11594" ObjAufnahme="1998-05-17" ObjStrasseID="6323" ObjHausnummer="Eintrachtweg 5" ObjVorlage="2013-09-11 00:00:00.0" ObKeinKontakt="1" ObjArtID="1" Merkmal="0.0"/>
  <Objekte ObjID="11595" ObjAufnahme="1998-05-17" ObjStrasseID="6323" ObjHausnummer="Eintrachtweg 6" ObjVorlage="2013-09-11 00:00:00.0" ObKeinKontakt="1" ObjArtID="1" Merkmal="0.0"/>
  <Objekte ObjID="11596" ObjAufnahme="1998-05-17" ObjStrasseID="6323" ObjHausnummer="Eintrachtweg 7" ObjVorlage="2013-09-11 00:00:00.0" ObKeinKontakt="1" ObjArtID="1" Merkmal="0.0"/>
  <Objekte ObjID="11597" ObjAufnahme="1998-05-17" ObjStrasseID="6323" ObjHausnummer="Eintrachtweg 8" ObjVorlage="2013-09-11 00:00:00.0" ObKeinKontakt="1" ObjArtID="1" Merkmal="0.0"/>
  <Objekte ObjID="11598" ObjAufnahme="1998-05-17" ObjStrasseID="6323" ObjHausnummer="Eintrachtweg 9" ObjVorlage="2013-09-11 00:00:00.0" ObKeinKontakt="1" ObjArtID="1" Merkmal="0.0"/>
  <Objekte ObjID="11599" ObjAufnahme="1998-05-17" ObjStrasseID="6323" ObjHausnummer="Eintrachtweg 10" ObjVorlage="2013-09-11 00:00:00.0" ObKeinKontakt="1" ObjArtID="1" Merkmal="0.0"/>
  <Objekte ObjID="11600" ObjAufnahme="1998-05-17" ObjStrasseID="6323" ObjHausnummer="Eintrachtweg 11" ObjVorlage="2013-09-11 00:00:00.0" ObKeinKontakt="1" ObjArtID="1" Merkmal="0.0"/>
  <Objekte ObjID="11601" ObjAufnahme="1998-05-17" ObjStrasseID="6323" ObjHausnummer="Eintrachtweg 13" ObjVorlage="2013-09-11 00:00:00.0" ObKeinKontakt="1" ObjArtID="1" Merkmal="0.0"/>
  <Objekte ObjID="11602" ObjAufnahme="1998-05-17" ObjStrasseID="6323" ObjHausnummer="Eintrachtweg 15" ObjVorlage="2013-09-11 00:00:00.0" ObKeinKontakt="1" ObjArtID="1" Merkmal="0.0"/>
  <Objekte ObjID="11603" ObjAufnahme="1998-05-17" ObjStrasseID="6325" ObjHausnummer="Eisenbartweg 1" ObjVorlage="2013-09-11 00:00:00.0" ObKeinKontakt="1" ObjArtID="1" Merkmal="0.0"/>
  <Objekte ObjID="11604" ObjAufnahme="1998-05-17" ObjStrasseID="6325" ObjHausnummer="Eisenbartweg 2" ObjVorlage="2013-09-11 00:00:00.0" ObKeinKontakt="1" ObjArtID="1" Merkmal="0.0"/>
  <Objekte ObjID="11605" ObjAufnahme="1998-05-17" ObjStrasseID="6325" ObjHausnummer="Eisenbartweg 3" ObjVorlage="2013-09-11 00:00:00.0" ObKeinKontakt="1" ObjArtID="1" Merkmal="0.0"/>
  <Objekte ObjID="11606" ObjAufnahme="1998-05-17" ObjStrasseID="6325" ObjHausnummer="Eisenbartweg 4" ObjVorlage="2013-09-11 00:00:00.0" ObKeinKontakt="1" ObjArtID="1" Merkmal="0.0"/>
  <Objekte ObjID="11607" ObjAufnahme="1998-05-17" ObjStrasseID="6325" ObjHausnummer="Eisenbartweg 5" ObjVorlage="2013-09-11 00:00:00.0" ObKeinKontakt="1" ObjArtID="1" Merkmal="0.0"/>
  <Objekte ObjID="11608" ObjAufnahme="1998-05-17" ObjStrasseID="6333" ObjHausnummer="Elisenstraße 14" ObjVorlage="2013-09-11 00:00:00.0" ObKeinKontakt="1" ObjArtID="1" Merkmal="0.0"/>
  <Objekte ObjID="11609" ObjAufnahme="1998-05-17" ObjStrasseID="6357" ObjHausnummer="Erderstraße 14" ObjVorlage="2013-09-11 00:00:00.0" ObKeinKontakt="1" ObjArtID="1" Merkmal="0.0"/>
  <Objekte ObjID="11610" ObjAufnahme="1998-05-17" ObjStrasseID="6358" ObjHausnummer="Erfurter Weg 1" ObjVorlage="2013-09-11 00:00:00.0" ObKeinKontakt="1" ObjArtID="1" Merkmal="0.0"/>
  <Objekte ObjID="11611" ObjAufnahme="1998-05-17" ObjStrasseID="6358" ObjHausnummer="Erfurter Weg 2" ObjVorlage="2013-09-11 00:00:00.0" ObKeinKontakt="1" ObjArtID="1" Merkmal="0.0"/>
  <Objekte ObjID="11612" ObjAufnahme="1998-05-17" ObjStrasseID="6358" ObjHausnummer="Erfurter Weg 3" ObjVorlage="2013-09-11 00:00:00.0" ObKeinKontakt="1" ObjArtID="1" Merkmal="0.0"/>
  <Objekte ObjID="11613" ObjAufnahme="1998-05-17" ObjStrasseID="6358" ObjHausnummer="Erfurter Weg 4" ObjVorlage="2013-09-11 00:00:00.0" ObKeinKontakt="1" ObjArtID="1" Merkmal="0.0"/>
  <Objekte ObjID="11614" ObjAufnahme="1998-05-17" ObjStrasseID="6358" ObjHausnummer="Erfurter Weg 5" ObjVorlage="2013-09-11 00:00:00.0" ObKeinKontakt="1" ObjArtID="1" Merkmal="0.0"/>
  <Objekte ObjID="11615" ObjAufnahme="1998-05-17" ObjStrasseID="6358" ObjHausnummer="Erfurter Weg 6" ObjVorlage="2013-09-11 00:00:00.0" ObKeinKontakt="1" ObjArtID="1" Merkmal="0.0"/>
  <Objekte ObjID="11616" ObjAufnahme="1998-05-17" ObjStrasseID="6358" ObjHausnummer="Erfurter Weg 7" ObjVorlage="2013-09-11 00:00:00.0" ObKeinKontakt="1" ObjArtID="1" Merkmal="0.0"/>
  <Objekte ObjID="11617" ObjAufnahme="1998-05-17" ObjStrasseID="6358" ObjHausnummer="Erfurter Weg 8" ObjVorlage="2013-09-11 00:00:00.0" ObKeinKontakt="1" ObjArtID="1" Merkmal="0.0"/>
  <Objekte ObjID="11618" ObjAufnahme="1998-05-17" ObjStrasseID="6358" ObjHausnummer="Erfurter Weg 9" ObjVorlage="2013-09-11 00:00:00.0" ObKeinKontakt="1" ObjArtID="1" Merkmal="0.0"/>
  <Objekte ObjID="11619" ObjAufnahme="1998-05-17" ObjStrasseID="6358" ObjHausnummer="Erfurter Weg 10" ObjVorlage="2013-09-11 00:00:00.0" ObKeinKontakt="1" ObjArtID="1" Merkmal="0.0"/>
  <Objekte ObjID="11620" ObjAufnahme="1998-05-17" ObjStrasseID="6358" ObjHausnummer="Erfurter Weg 11" ObjVorlage="2013-09-11 00:00:00.0" ObKeinKontakt="1" ObjArtID="1" Merkmal="0.0"/>
  <Objekte ObjID="11621" ObjAufnahme="1998-05-17" ObjStrasseID="6358" ObjHausnummer="Erfurter Weg 12" ObjVorlage="2013-09-11 00:00:00.0" ObKeinKontakt="1" ObjArtID="1" Merkmal="0.0"/>
  <Objekte ObjID="11622" ObjAufnahme="1998-05-17" ObjStrasseID="6358" ObjHausnummer="Erfurter Weg 13" ObjVorlage="2013-09-11 00:00:00.0" ObKeinKontakt="1" ObjArtID="1" Merkmal="0.0"/>
  <Objekte ObjID="11623" ObjAufnahme="1998-05-17" ObjStrasseID="6358" ObjHausnummer="Erfurter Weg 15" ObjVorlage="2013-09-11 00:00:00.0" ObKeinKontakt="1" ObjArtID="1" Merkmal="0.0"/>
  <Objekte ObjID="11624" ObjAufnahme="1998-05-17" ObjStrasseID="6358" ObjHausnummer="Erfurter Weg 17" ObjVorlage="2013-09-11 00:00:00.0" ObKeinKontakt="1" ObjArtID="1" Merkmal="0.0"/>
  <Objekte ObjID="11625" ObjAufnahme="1998-05-17" ObjStrasseID="6364" ObjHausnummer="Erlenstieg 1" ObjVorlage="2013-09-11 00:00:00.0" ObKeinKontakt="1" ObjArtID="1" Merkmal="0.0"/>
  <Objekte ObjID="11626" ObjAufnahme="1998-05-17" ObjStrasseID="6364" ObjHausnummer="Erlenstieg 2" ObjVorlage="2013-09-11 00:00:00.0" ObKeinKontakt="1" ObjArtID="1" Merkmal="0.0"/>
  <Objekte ObjID="11627" ObjAufnahme="1998-05-17" ObjStrasseID="6364" ObjHausnummer="Erlenstieg 3" ObjVorlage="2013-09-11 00:00:00.0" ObKeinKontakt="1" ObjArtID="1" Merkmal="0.0"/>
  <Objekte ObjID="11628" ObjAufnahme="1998-05-17" ObjStrasseID="6364" ObjHausnummer="Erlenstieg 4" ObjVorlage="2013-09-11 00:00:00.0" ObKeinKontakt="1" ObjArtID="1" Merkmal="0.0"/>
  <Objekte ObjID="11629" ObjAufnahme="1998-05-17" ObjStrasseID="6364" ObjHausnummer="Erlenstieg 5" ObjVorlage="2013-09-11 00:00:00.0" ObKeinKontakt="1" ObjArtID="1" Merkmal="0.0"/>
  <Objekte ObjID="11630" ObjAufnahme="1998-05-17" ObjStrasseID="6394" ObjHausnummer="Farnstieg 1" ObjVorlage="2013-09-11 00:00:00.0" ObKeinKontakt="1" ObjArtID="1" Merkmal="0.0"/>
  <Objekte ObjID="11631" ObjAufnahme="1998-05-17" ObjStrasseID="6394" ObjHausnummer="Farnstieg 5" ObjVorlage="2013-09-11 00:00:00.0" ObKeinKontakt="1" ObjArtID="1" Merkmal="0.0"/>
  <Objekte ObjID="11632" ObjAufnahme="1998-05-17" ObjStrasseID="6394" ObjHausnummer="Farnstieg 9" ObjVorlage="2013-09-11 00:00:00.0" ObKeinKontakt="1" ObjArtID="1" Merkmal="0.0"/>
  <Objekte ObjID="11633" ObjAufnahme="1998-05-17" ObjStrasseID="6394" ObjHausnummer="Farnstieg 10" ObjVorlage="2013-09-11 00:00:00.0" ObKeinKontakt="1" ObjArtID="1" Merkmal="0.0"/>
  <Objekte ObjID="11634" ObjAufnahme="1998-05-17" ObjStrasseID="6394" ObjHausnummer="Farnstieg 11" ObjVorlage="2013-09-11 00:00:00.0" ObKeinKontakt="1" ObjArtID="1" Merkmal="0.0"/>
  <Objekte ObjID="11635" ObjAufnahme="1998-05-17" ObjStrasseID="6394" ObjHausnummer="Farnstieg 13" ObjVorlage="2013-09-11 00:00:00.0" ObKeinKontakt="1" ObjArtID="1" Merkmal="0.0"/>
  <Objekte ObjID="11636" ObjAufnahme="1998-05-17" ObjStrasseID="6416" ObjHausnummer="Findstellenweg 9" ObjVorlage="2013-09-11 00:00:00.0" ObKeinKontakt="1" ObjArtID="1" Merkmal="0.0"/>
  <Objekte ObjID="11637" ObjAufnahme="1998-05-17" ObjStrasseID="6416" ObjHausnummer="Findstellenweg 12A" ObjVorlage="2013-09-11 00:00:00.0" ObKeinKontakt="1" ObjArtID="1" Merkmal="0.0"/>
  <Objekte ObjID="11638" ObjAufnahme="1998-05-17" ObjStrasseID="6416" ObjHausnummer="Findstellenweg 12B" ObjVorlage="2013-09-11 00:00:00.0" ObKeinKontakt="1" ObjArtID="1" Merkmal="0.0"/>
  <Objekte ObjID="11639" ObjAufnahme="1998-05-17" ObjStrasseID="6416" ObjHausnummer="Findstellenweg 12C" ObjVorlage="2013-09-11 00:00:00.0" ObKeinKontakt="1" ObjArtID="1" Merkmal="0.0"/>
  <Objekte ObjID="11640" ObjAufnahme="1998-05-17" ObjStrasseID="6442" ObjHausnummer="Fössestraße 4" ObjVorlage="2013-09-11 00:00:00.0" ObKeinKontakt="1" ObjArtID="1" Merkmal="0.0"/>
  <Objekte ObjID="11641" ObjAufnahme="1998-05-17" ObjStrasseID="6442" ObjHausnummer="Fössestraße 6" ObjVorlage="2013-09-11 00:00:00.0" ObKeinKontakt="1" ObjArtID="1" Merkmal="0.0"/>
  <Objekte ObjID="11642" ObjAufnahme="1998-05-17" ObjStrasseID="6442" ObjHausnummer="Fössestraße 8" ObjVorlage="2013-09-11 00:00:00.0" ObKeinKontakt="1" ObjArtID="1" Merkmal="0.0"/>
  <Objekte ObjID="11643" ObjAufnahme="1998-05-17" ObjStrasseID="6442" ObjHausnummer="Fössestraße 10" ObjVorlage="2013-09-11 00:00:00.0" ObKeinKontakt="1" ObjArtID="1" Merkmal="0.0"/>
  <Objekte ObjID="11644" ObjAufnahme="1998-05-17" ObjStrasseID="6442" ObjHausnummer="Fössestraße 12" ObjVorlage="2013-09-11 00:00:00.0" ObKeinKontakt="1" ObjArtID="1" Merkmal="0.0"/>
  <Objekte ObjID="11645" ObjAufnahme="1998-05-17" ObjStrasseID="6561" ObjHausnummer="Geveker Kamp 9" ObjVorlage="2013-09-11 00:00:00.0" ObKeinKontakt="1" ObjArtID="1" Merkmal="0.0"/>
  <Objekte ObjID="11646" ObjAufnahme="1998-05-17" ObjStrasseID="6561" ObjHausnummer="Geveker Kamp 11" ObjVorlage="2013-09-11 00:00:00.0" ObKeinKontakt="1" ObjArtID="1" Merkmal="0.0"/>
  <Objekte ObjID="11647" ObjAufnahme="1998-05-17" ObjStrasseID="6561" ObjHausnummer="Geveker Kamp 13" ObjVorlage="2013-09-11 00:00:00.0" ObKeinKontakt="1" ObjArtID="1" Merkmal="0.0"/>
  <Objekte ObjID="11648" ObjAufnahme="1998-05-17" ObjStrasseID="6561" ObjHausnummer="Geveker Kamp 15" ObjVorlage="2013-09-11 00:00:00.0" ObKeinKontakt="1" ObjArtID="1" Merkmal="0.0"/>
  <Objekte ObjID="11649" ObjAufnahme="1998-05-17" ObjStrasseID="6561" ObjHausnummer="Geveker Kamp 19" ObjVorlage="2013-09-11 00:00:00.0" ObKeinKontakt="1" ObjArtID="1" Merkmal="0.0"/>
  <Objekte ObjID="11650" ObjAufnahme="1998-05-17" ObjStrasseID="6572" ObjHausnummer="Glatzer Straße 1" ObjVorlage="2013-09-11 00:00:00.0" ObKeinKontakt="1" ObjArtID="1" Merkmal="0.0"/>
  <Objekte ObjID="11651" ObjAufnahme="1998-05-17" ObjStrasseID="6572" ObjHausnummer="Glatzer Straße 3" ObjVorlage="2013-09-11 00:00:00.0" ObKeinKontakt="1" ObjArtID="1" Merkmal="0.0"/>
  <Objekte ObjID="11652" ObjAufnahme="1998-05-17" ObjStrasseID="6572" ObjHausnummer="Glatzer Straße 5" ObjVorlage="2013-09-11 00:00:00.0" ObKeinKontakt="1" ObjArtID="1" Merkmal="0.0"/>
  <Objekte ObjID="11653" ObjAufnahme="1998-05-17" ObjStrasseID="6572" ObjHausnummer="Glatzer Straße 7" ObjVorlage="2013-09-11 00:00:00.0" ObKeinKontakt="1" ObjArtID="1" Merkmal="0.0"/>
  <Objekte ObjID="11654" ObjAufnahme="1998-05-17" ObjStrasseID="6572" ObjHausnummer="Glatzer Straße 9" ObjVorlage="2013-09-11 00:00:00.0" ObKeinKontakt="1" ObjArtID="1" Merkmal="0.0"/>
  <Objekte ObjID="11655" ObjAufnahme="1998-05-17" ObjStrasseID="6572" ObjHausnummer="Glatzer Straße 11" ObjVorlage="2013-09-11 00:00:00.0" ObKeinKontakt="1" ObjArtID="1" Merkmal="0.0"/>
  <Objekte ObjID="11656" ObjAufnahme="1998-05-17" ObjStrasseID="6572" ObjHausnummer="Glatzer Straße 13" ObjVorlage="2013-09-11 00:00:00.0" ObKeinKontakt="1" ObjArtID="1" Merkmal="0.0"/>
  <Objekte ObjID="11657" ObjAufnahme="1998-05-17" ObjStrasseID="6572" ObjHausnummer="Glatzer Straße 15" ObjVorlage="2013-09-11 00:00:00.0" ObKeinKontakt="1" ObjArtID="1" Merkmal="0.0"/>
  <Objekte ObjID="11658" ObjAufnahme="1998-05-17" ObjStrasseID="6572" ObjHausnummer="Glatzer Straße 17" ObjVorlage="2013-09-11 00:00:00.0" ObKeinKontakt="1" ObjArtID="1" Merkmal="0.0"/>
  <Objekte ObjID="11659" ObjAufnahme="1998-05-17" ObjStrasseID="6572" ObjHausnummer="Glatzer Straße 19" ObjVorlage="2013-09-11 00:00:00.0" ObKeinKontakt="1" ObjArtID="1" Merkmal="0.0"/>
  <Objekte ObjID="11660" ObjAufnahme="1998-05-17" ObjStrasseID="6572" ObjHausnummer="Glatzer Straße 21" ObjVorlage="2013-09-11 00:00:00.0" ObKeinKontakt="1" ObjArtID="1" Merkmal="0.0"/>
  <Objekte ObjID="11661" ObjAufnahme="1998-05-17" ObjStrasseID="6572" ObjHausnummer="Glatzer Straße 23" ObjVorlage="2013-09-11 00:00:00.0" ObKeinKontakt="1" ObjArtID="1" Merkmal="0.0"/>
  <Objekte ObjID="11662" ObjAufnahme="1998-05-17" ObjStrasseID="6572" ObjHausnummer="Glatzer Straße 25" ObjVorlage="2013-09-11 00:00:00.0" ObKeinKontakt="1" ObjArtID="1" Merkmal="0.0"/>
  <Objekte ObjID="11663" ObjAufnahme="1998-05-17" ObjStrasseID="6572" ObjHausnummer="Glatzer Straße 13B" ObjVorlage="2013-09-11 00:00:00.0" ObKeinKontakt="1" ObjArtID="1" Merkmal="0.0"/>
  <Objekte ObjID="11664" ObjAufnahme="1998-05-17" ObjStrasseID="6574" ObjHausnummer="Gleiwitzer Straße 2" ObjVorlage="2013-09-11 00:00:00.0" ObKeinKontakt="1" ObjArtID="1" Merkmal="0.0"/>
  <Objekte ObjID="11665" ObjAufnahme="1998-05-17" ObjStrasseID="6574" ObjHausnummer="Gleiwitzer Straße 3" ObjVorlage="2013-09-11 00:00:00.0" ObKeinKontakt="1" ObjArtID="1" Merkmal="0.0"/>
  <Objekte ObjID="11666" ObjAufnahme="1998-05-17" ObjStrasseID="6574" ObjHausnummer="Gleiwitzer Straße 4" ObjVorlage="2013-09-11 00:00:00.0" ObKeinKontakt="1" ObjArtID="1" Merkmal="0.0"/>
  <Objekte ObjID="11667" ObjAufnahme="1998-05-17" ObjStrasseID="6574" ObjHausnummer="Gleiwitzer Straße 5" ObjVorlage="2013-09-11 00:00:00.0" ObKeinKontakt="1" ObjArtID="1" Merkmal="0.0"/>
  <Objekte ObjID="11668" ObjAufnahme="1998-05-17" ObjStrasseID="6574" ObjHausnummer="Gleiwitzer Straße 6" ObjVorlage="2013-09-11 00:00:00.0" ObKeinKontakt="1" ObjArtID="1" Merkmal="0.0"/>
  <Objekte ObjID="11669" ObjAufnahme="1998-05-17" ObjStrasseID="6574" ObjHausnummer="Gleiwitzer Straße 7" ObjVorlage="2013-09-11 00:00:00.0" ObKeinKontakt="1" ObjArtID="1" Merkmal="0.0"/>
  <Objekte ObjID="11670" ObjAufnahme="1998-05-17" ObjStrasseID="6574" ObjHausnummer="Gleiwitzer Straße 8" ObjVorlage="2013-09-11 00:00:00.0" ObKeinKontakt="1" ObjArtID="1" Merkmal="0.0"/>
  <Objekte ObjID="11671" ObjAufnahme="1998-05-17" ObjStrasseID="6574" ObjHausnummer="Gleiwitzer Straße 9" ObjVorlage="2013-09-11 00:00:00.0" ObKeinKontakt="1" ObjArtID="1" Merkmal="0.0"/>
  <Objekte ObjID="11672" ObjAufnahme="1998-05-17" ObjStrasseID="6574" ObjHausnummer="Gleiwitzer Straße 10" ObjVorlage="2013-09-11 00:00:00.0" ObKeinKontakt="1" ObjArtID="1" Merkmal="0.0"/>
  <Objekte ObjID="11673" ObjAufnahme="1998-05-17" ObjStrasseID="6574" ObjHausnummer="Gleiwitzer Straße 11" ObjVorlage="2013-09-11 00:00:00.0" ObKeinKontakt="1" ObjArtID="1" Merkmal="0.0"/>
  <Objekte ObjID="11674" ObjAufnahme="1998-05-17" ObjStrasseID="6574" ObjHausnummer="Gleiwitzer Straße 12" ObjVorlage="2013-09-11 00:00:00.0" ObKeinKontakt="1" ObjArtID="1" Merkmal="0.0"/>
  <Objekte ObjID="11675" ObjAufnahme="1998-05-17" ObjStrasseID="6574" ObjHausnummer="Gleiwitzer Straße 13" ObjVorlage="2013-09-11 00:00:00.0" ObKeinKontakt="1" ObjArtID="1" Merkmal="0.0"/>
  <Objekte ObjID="11676" ObjAufnahme="1998-05-17" ObjStrasseID="6574" ObjHausnummer="Gleiwitzer Straße 14" ObjVorlage="2013-09-11 00:00:00.0" ObKeinKontakt="1" ObjArtID="1" Merkmal="0.0"/>
  <Objekte ObjID="11677" ObjAufnahme="1998-05-17" ObjStrasseID="6574" ObjHausnummer="Gleiwitzer Straße 15" ObjVorlage="2013-09-11 00:00:00.0" ObKeinKontakt="1" ObjArtID="1" Merkmal="0.0"/>
  <Objekte ObjID="11678" ObjAufnahme="1998-05-17" ObjStrasseID="6574" ObjHausnummer="Gleiwitzer Straße 16" ObjVorlage="2013-09-11 00:00:00.0" ObKeinKontakt="1" ObjArtID="1" Merkmal="0.0"/>
  <Objekte ObjID="11679" ObjAufnahme="1998-05-17" ObjStrasseID="6574" ObjHausnummer="Gleiwitzer Straße 17" ObjVorlage="2013-09-11 00:00:00.0" ObKeinKontakt="1" ObjArtID="1" Merkmal="0.0"/>
  <Objekte ObjID="11680" ObjAufnahme="1998-05-17" ObjStrasseID="6574" ObjHausnummer="Gleiwitzer Straße 18" ObjVorlage="2013-09-11 00:00:00.0" ObKeinKontakt="1" ObjArtID="1" Merkmal="0.0"/>
  <Objekte ObjID="11681" ObjAufnahme="1998-05-17" ObjStrasseID="6574" ObjHausnummer="Gleiwitzer Straße 19" ObjVorlage="2013-09-11 00:00:00.0" ObKeinKontakt="1" ObjArtID="1" Merkmal="0.0"/>
  <Objekte ObjID="11682" ObjAufnahme="1998-05-17" ObjStrasseID="6574" ObjHausnummer="Gleiwitzer Straße 20" ObjVorlage="2013-09-11 00:00:00.0" ObKeinKontakt="1" ObjArtID="1" Merkmal="0.0"/>
  <Objekte ObjID="11683" ObjAufnahme="1998-05-17" ObjStrasseID="6574" ObjHausnummer="Gleiwitzer Straße 21" ObjVorlage="2013-09-11 00:00:00.0" ObKeinKontakt="1" ObjArtID="1" Merkmal="0.0"/>
  <Objekte ObjID="11684" ObjAufnahme="1998-05-17" ObjStrasseID="6574" ObjHausnummer="Gleiwitzer Straße 22" ObjVorlage="2013-09-11 00:00:00.0" ObKeinKontakt="1" ObjArtID="1" Merkmal="0.0"/>
  <Objekte ObjID="11685" ObjAufnahme="1998-05-17" ObjStrasseID="6574" ObjHausnummer="Gleiwitzer Straße 23" ObjVorlage="2013-09-11 00:00:00.0" ObKeinKontakt="1" ObjArtID="1" Merkmal="0.0"/>
  <Objekte ObjID="11686" ObjAufnahme="1998-05-17" ObjStrasseID="6579" ObjHausnummer="Glücksburger Weg 15" ObjVorlage="2013-09-11 00:00:00.0" ObKeinKontakt="1" ObjArtID="1" Merkmal="0.0"/>
  <Objekte ObjID="11687" ObjAufnahme="1998-05-17" ObjStrasseID="6579" ObjHausnummer="Glücksburger Weg 15A" ObjVorlage="2013-09-11 00:00:00.0" ObKeinKontakt="1" ObjArtID="1" Merkmal="0.0"/>
  <Objekte ObjID="11688" ObjAufnahme="1998-05-17" ObjStrasseID="6602" ObjHausnummer="Görlitzer Hof 2" ObjVorlage="2013-09-11 00:00:00.0" ObKeinKontakt="1" ObjArtID="1" Merkmal="0.0"/>
  <Objekte ObjID="11689" ObjAufnahme="1998-05-17" ObjStrasseID="6602" ObjHausnummer="Görlitzer Hof 4" ObjVorlage="2013-09-11 00:00:00.0" ObKeinKontakt="1" ObjArtID="1" Merkmal="0.0"/>
  <Objekte ObjID="11690" ObjAufnahme="1998-05-17" ObjStrasseID="6602" ObjHausnummer="Görlitzer Hof 6" ObjVorlage="2013-09-11 00:00:00.0" ObKeinKontakt="1" ObjArtID="1" Merkmal="0.0"/>
  <Objekte ObjID="11691" ObjAufnahme="1998-05-17" ObjStrasseID="6602" ObjHausnummer="Görlitzer Hof 8" ObjVorlage="2013-09-11 00:00:00.0" ObKeinKontakt="1" ObjArtID="1" Merkmal="0.0"/>
  <Objekte ObjID="11692" ObjAufnahme="1998-05-17" ObjStrasseID="6602" ObjHausnummer="Görlitzer Hof 10" ObjVorlage="2013-09-11 00:00:00.0" ObKeinKontakt="1" ObjArtID="1" Merkmal="0.0"/>
  <Objekte ObjID="11693" ObjAufnahme="1998-05-17" ObjStrasseID="6602" ObjHausnummer="Görlitzer Hof 12" ObjVorlage="2013-09-11 00:00:00.0" ObKeinKontakt="1" ObjArtID="1" Merkmal="0.0"/>
  <Objekte ObjID="11694" ObjAufnahme="1998-05-17" ObjStrasseID="6602" ObjHausnummer="Görlitzer Hof 12A" ObjVorlage="2013-09-11 00:00:00.0" ObKeinKontakt="1" ObjArtID="1" Merkmal="0.0"/>
  <Objekte ObjID="11695" ObjAufnahme="1998-05-17" ObjStrasseID="6602" ObjHausnummer="Görlitzer Hof 12B" ObjVorlage="2013-09-11 00:00:00.0" ObKeinKontakt="1" ObjArtID="1" Merkmal="0.0"/>
  <Objekte ObjID="11696" ObjAufnahme="1998-05-17" ObjStrasseID="6602" ObjHausnummer="Görlitzer Hof 12C" ObjVorlage="2013-09-11 00:00:00.0" ObKeinKontakt="1" ObjArtID="1" Merkmal="0.0"/>
  <Objekte ObjID="11697" ObjAufnahme="1998-05-17" ObjStrasseID="6615" ObjHausnummer="Gradestraße 4" ObjVorlage="2013-09-11 00:00:00.0" ObKeinKontakt="1" ObjArtID="1" Merkmal="0.0"/>
  <Objekte ObjID="11698" ObjAufnahme="1998-05-17" ObjStrasseID="6615" ObjHausnummer="Gradestraße 6" ObjVorlage="2013-09-11 00:00:00.0" ObKeinKontakt="1" ObjArtID="1" Merkmal="0.0"/>
  <Objekte ObjID="11699" ObjAufnahme="1998-05-17" ObjStrasseID="6615" ObjHausnummer="Gradestraße 8" ObjVorlage="2013-09-11 00:00:00.0" ObKeinKontakt="1" ObjArtID="1" Merkmal="0.0"/>
  <Objekte ObjID="11700" ObjAufnahme="1998-05-17" ObjStrasseID="6633" ObjHausnummer="Greizkuhle 2" ObjVorlage="2013-09-11 00:00:00.0" ObKeinKontakt="1" ObjArtID="1" Merkmal="0.0"/>
  <Objekte ObjID="11701" ObjAufnahme="1998-05-17" ObjStrasseID="6633" ObjHausnummer="Greizkuhle 4" ObjVorlage="2013-09-11 00:00:00.0" ObKeinKontakt="1" ObjArtID="1" Merkmal="0.0"/>
  <Objekte ObjID="11702" ObjAufnahme="1998-05-17" ObjStrasseID="6633" ObjHausnummer="Greizkuhle 6" ObjVorlage="2013-09-11 00:00:00.0" ObKeinKontakt="1" ObjArtID="1" Merkmal="0.0"/>
  <Objekte ObjID="11703" ObjAufnahme="1998-05-17" ObjStrasseID="6633" ObjHausnummer="Greizkuhle 8" ObjVorlage="2013-09-11 00:00:00.0" ObKeinKontakt="1" ObjArtID="1" Merkmal="0.0"/>
  <Objekte ObjID="11704" ObjAufnahme="1998-05-17" ObjStrasseID="6633" ObjHausnummer="Greizkuhle 10" ObjVorlage="2013-09-11 00:00:00.0" ObKeinKontakt="1" ObjArtID="1" Merkmal="0.0"/>
  <Objekte ObjID="11705" ObjAufnahme="1998-05-17" ObjStrasseID="6633" ObjHausnummer="Greizkuhle 12" ObjVorlage="2013-09-11 00:00:00.0" ObKeinKontakt="1" ObjArtID="1" Merkmal="0.0"/>
  <Objekte ObjID="11706" ObjAufnahme="1998-05-17" ObjStrasseID="6633" ObjHausnummer="Greizkuhle 14" ObjVorlage="2013-09-11 00:00:00.0" ObKeinKontakt="1" ObjArtID="1" Merkmal="0.0"/>
  <Objekte ObjID="11707" ObjAufnahme="1998-05-17" ObjStrasseID="6633" ObjHausnummer="Greizkuhle 16" ObjVorlage="2013-09-11 00:00:00.0" ObKeinKontakt="1" ObjArtID="1" Merkmal="0.0"/>
  <Objekte ObjID="11708" ObjAufnahme="1998-05-17" ObjStrasseID="6643" ObjHausnummer="Gronostraße 6A" ObjVorlage="2013-09-11 00:00:00.0" ObKeinKontakt="1" ObjArtID="1" Merkmal="0.0"/>
  <Objekte ObjID="11710" ObjAufnahme="1998-05-17" ObjStrasseID="6643" ObjHausnummer="Gronostraße 6C" ObjVorlage="2013-09-11 00:00:00.0" ObKeinKontakt="1" ObjArtID="1" Merkmal="0.0"/>
  <Objekte ObjID="11711" ObjAufnahme="1998-05-17" ObjStrasseID="6643" ObjHausnummer="Gronostraße 8" ObjVorlage="2013-09-11 00:00:00.0" ObKeinKontakt="1" ObjArtID="1" Merkmal="0.0"/>
  <Objekte ObjID="11712" ObjAufnahme="1998-05-17" ObjStrasseID="6643" ObjHausnummer="Gronostraße 10" ObjVorlage="2013-09-11 00:00:00.0" ObKeinKontakt="1" ObjArtID="1" Merkmal="0.0"/>
  <Objekte ObjID="11713" ObjAufnahme="1998-05-17" ObjStrasseID="6643" ObjHausnummer="Gronostraße 12" ObjVorlage="2013-09-11 00:00:00.0" ObKeinKontakt="1" ObjArtID="1" Merkmal="0.0"/>
  <Objekte ObjID="11714" ObjAufnahme="1998-05-17" ObjStrasseID="6643" ObjHausnummer="Gronostraße 14" ObjVorlage="2013-09-11 00:00:00.0" ObKeinKontakt="1" ObjArtID="1" Merkmal="0.0"/>
  <Objekte ObjID="11715" ObjAufnahme="1998-05-17" ObjStrasseID="6643" ObjHausnummer="Gronostraße 11" ObjVorlage="2013-09-11 00:00:00.0" ObKeinKontakt="1" ObjArtID="1" Merkmal="0.0"/>
  <Objekte ObjID="11716" ObjAufnahme="1998-05-17" ObjStrasseID="6662" ObjHausnummer="Grünberger Weg 1" ObjVorlage="2013-09-11 00:00:00.0" ObKeinKontakt="1" ObjArtID="1" Merkmal="0.0"/>
  <Objekte ObjID="11717" ObjAufnahme="1998-05-17" ObjStrasseID="6662" ObjHausnummer="Grünberger Weg 3" ObjVorlage="2013-09-11 00:00:00.0" ObKeinKontakt="1" ObjArtID="1" Merkmal="0.0"/>
  <Objekte ObjID="11718" ObjAufnahme="1998-05-17" ObjStrasseID="6662" ObjHausnummer="Grünberger Weg 5" ObjVorlage="2013-09-11 00:00:00.0" ObKeinKontakt="1" ObjArtID="1" Merkmal="0.0"/>
  <Objekte ObjID="11719" ObjAufnahme="1998-05-17" ObjStrasseID="6662" ObjHausnummer="Grünberger Weg 7" ObjVorlage="2013-09-11 00:00:00.0" ObKeinKontakt="1" ObjArtID="1" Merkmal="0.0"/>
  <Objekte ObjID="11720" ObjAufnahme="1998-05-17" ObjStrasseID="6662" ObjHausnummer="Grünberger Weg 9" ObjVorlage="2013-09-11 00:00:00.0" ObKeinKontakt="1" ObjArtID="1" Merkmal="0.0" ObjInfo="von Baum Unternehmensgruppe inseriert"/>
  <Objekte ObjID="11721" ObjAufnahme="1998-05-17" ObjStrasseID="6662" ObjHausnummer="Grünberger Weg 11" ObjVorlage="2013-09-11 00:00:00.0" ObKeinKontakt="1" ObjArtID="1" Merkmal="0.0"/>
  <Objekte ObjID="11722" ObjAufnahme="1998-05-17" ObjStrasseID="6662" ObjHausnummer="Grünberger Weg 13" ObjVorlage="2013-09-11 00:00:00.0" ObKeinKontakt="1" ObjArtID="1" Merkmal="0.0"/>
  <Objekte ObjID="11723" ObjAufnahme="1998-05-17" ObjStrasseID="6711" ObjHausnummer="Hallesche Straße 1" ObjVorlage="2013-09-11 00:00:00.0" ObKeinKontakt="1" ObjArtID="1" Merkmal="0.0"/>
  <Objekte ObjID="11724" ObjAufnahme="1998-05-17" ObjStrasseID="6711" ObjHausnummer="Hallesche Straße 2" ObjVorlage="2013-09-11 00:00:00.0" ObKeinKontakt="1" ObjArtID="1" Merkmal="0.0"/>
  <Objekte ObjID="11725" ObjAufnahme="1998-05-17" ObjStrasseID="6711" ObjHausnummer="Hallesche Straße 3" ObjVorlage="2013-09-11 00:00:00.0" ObKeinKontakt="1" ObjArtID="1" Merkmal="0.0"/>
  <Objekte ObjID="11726" ObjAufnahme="1998-05-17" ObjStrasseID="6711" ObjHausnummer="Hallesche Straße 8" ObjVorlage="2013-09-11 00:00:00.0" ObKeinKontakt="1" ObjArtID="1" Merkmal="0.0"/>
  <Objekte ObjID="11727" ObjAufnahme="1998-05-17" ObjStrasseID="6711" ObjHausnummer="Hallesche Straße 10" ObjVorlage="2013-09-11 00:00:00.0" ObKeinKontakt="1" ObjArtID="1" Merkmal="0.0"/>
  <Objekte ObjID="11728" ObjAufnahme="1998-05-17" ObjStrasseID="6711" ObjHausnummer="Hallesche Straße 12" ObjVorlage="2013-09-11 00:00:00.0" ObKeinKontakt="1" ObjArtID="1" Merkmal="0.0"/>
  <Objekte ObjID="11729" ObjAufnahme="1998-05-17" ObjStrasseID="6711" ObjHausnummer="Hallesche Straße 14" ObjVorlage="2013-09-11 00:00:00.0" ObKeinKontakt="1" ObjArtID="1" Merkmal="0.0"/>
  <Objekte ObjID="11730" ObjAufnahme="1998-05-17" ObjStrasseID="6711" ObjHausnummer="Hallesche Straße 16" ObjVorlage="2013-09-11 00:00:00.0" ObKeinKontakt="1" ObjArtID="1" Merkmal="0.0"/>
  <Objekte ObjID="11731" ObjAufnahme="1998-05-17" ObjStrasseID="6711" ObjHausnummer="Hallesche Straße 18" ObjVorlage="2013-09-11 00:00:00.0" ObKeinKontakt="1" ObjArtID="1" Merkmal="0.0"/>
  <Objekte ObjID="11732" ObjAufnahme="1998-05-17" ObjStrasseID="6711" ObjHausnummer="Hallesche Straße 20" ObjVorlage="2013-09-11 00:00:00.0" ObKeinKontakt="1" ObjArtID="1" Merkmal="0.0"/>
  <Objekte ObjID="11733" ObjAufnahme="1998-05-17" ObjStrasseID="6711" ObjHausnummer="Hallesche Straße 22" ObjVorlage="2013-09-11 00:00:00.0" ObKeinKontakt="1" ObjArtID="1" Merkmal="0.0"/>
  <Objekte ObjID="11734" ObjAufnahme="1998-05-17" ObjStrasseID="6711" ObjHausnummer="Hallesche Straße 24" ObjVorlage="2013-09-11 00:00:00.0" ObKeinKontakt="1" ObjArtID="1" Merkmal="0.0"/>
  <Objekte ObjID="11735" ObjAufnahme="1998-05-17" ObjStrasseID="6711" ObjHausnummer="Hallesche Straße 26" ObjVorlage="2013-09-11 00:00:00.0" ObKeinKontakt="1" ObjArtID="1" Merkmal="0.0"/>
  <Objekte ObjID="11736" ObjAufnahme="1998-05-17" ObjStrasseID="6711" ObjHausnummer="Hallesche Straße 28" ObjVorlage="2013-09-11 00:00:00.0" ObKeinKontakt="1" ObjArtID="1" Merkmal="0.0"/>
  <Objekte ObjID="11737" ObjAufnahme="1998-05-17" ObjStrasseID="6711" ObjHausnummer="Hallesche Straße 30" ObjVorlage="2013-09-11 00:00:00.0" ObKeinKontakt="1" ObjArtID="1" Merkmal="0.0"/>
  <Objekte ObjID="11738" ObjAufnahme="1998-05-17" ObjStrasseID="6711" ObjHausnummer="Hallesche Straße 32" ObjVorlage="2013-09-11 00:00:00.0" ObKeinKontakt="1" ObjArtID="1" Merkmal="0.0"/>
  <Objekte ObjID="11739" ObjAufnahme="1998-05-17" ObjStrasseID="6712" ObjHausnummer="Haltenhoffstraße 212" ObjVorlage="2013-09-11 00:00:00.0" ObKeinKontakt="1" ObjArtID="1" Merkmal="0.0"/>
  <Objekte ObjID="11740" ObjAufnahme="1998-05-17" ObjStrasseID="6712" ObjHausnummer="Haltenhoffstraße 212A" ObjVorlage="2013-09-11 00:00:00.0" ObKeinKontakt="1" ObjArtID="1" Merkmal="0.0"/>
  <Objekte ObjID="11741" ObjAufnahme="1998-05-17" ObjStrasseID="6712" ObjHausnummer="Haltenhoffstraße 212B" ObjVorlage="2013-09-11 00:00:00.0" ObKeinKontakt="1" ObjArtID="1" Merkmal="0.0"/>
  <Objekte ObjID="11742" ObjAufnahme="1998-05-17" ObjStrasseID="6712" ObjHausnummer="Haltenhoffstraße 212C" ObjVorlage="2013-09-11 00:00:00.0" ObKeinKontakt="1" ObjArtID="1" Merkmal="0.0"/>
  <Objekte ObjID="11743" ObjAufnahme="1998-05-17" ObjStrasseID="6712" ObjHausnummer="Haltenhoffstraße 212D" ObjVorlage="2013-09-11 00:00:00.0" ObKeinKontakt="1" ObjArtID="1" Merkmal="0.0"/>
  <Objekte ObjID="11744" ObjAufnahme="1998-05-17" ObjStrasseID="6712" ObjHausnummer="Haltenhoffstraße 212E" ObjVorlage="2013-09-11 00:00:00.0" ObKeinKontakt="1" ObjArtID="1" Merkmal="0.0"/>
  <Objekte ObjID="11745" ObjAufnahme="1998-05-17" ObjStrasseID="6712" ObjHausnummer="Haltenhoffstraße 212F" ObjVorlage="2013-09-11 00:00:00.0" ObKeinKontakt="1" ObjArtID="1" Merkmal="0.0"/>
  <Objekte ObjID="11746" ObjAufnahme="1998-05-17" ObjStrasseID="6712" ObjHausnummer="Haltenhoffstraße 214" ObjVorlage="2013-09-11 00:00:00.0" ObKeinKontakt="1" ObjArtID="1" Merkmal="0.0"/>
  <Objekte ObjID="11747" ObjAufnahme="1998-05-17" ObjStrasseID="6712" ObjHausnummer="Haltenhoffstraße 216" ObjVorlage="2013-09-11 00:00:00.0" ObKeinKontakt="1" ObjArtID="1" Merkmal="0.0"/>
  <Objekte ObjID="11748" ObjAufnahme="1998-05-17" ObjStrasseID="6712" ObjHausnummer="Haltenhoffstraße 218" ObjVorlage="2013-09-11 00:00:00.0" ObKeinKontakt="1" ObjArtID="1" Merkmal="0.0"/>
  <Objekte ObjID="11749" ObjAufnahme="1998-05-17" ObjStrasseID="6712" ObjHausnummer="Haltenhoffstraße 214A" ObjVorlage="2013-09-11 00:00:00.0" ObKeinKontakt="1" ObjArtID="1" Merkmal="0.0"/>
  <Objekte ObjID="11750" ObjAufnahme="1998-05-17" ObjStrasseID="6712" ObjHausnummer="Haltenhoffstraße 216A" ObjVorlage="2013-09-11 00:00:00.0" ObKeinKontakt="1" ObjArtID="1" Merkmal="0.0"/>
  <Objekte ObjID="11751" ObjAufnahme="1998-05-17" ObjStrasseID="6712" ObjHausnummer="Haltenhoffstraße 218A" ObjVorlage="2013-09-11 00:00:00.0" ObKeinKontakt="1" ObjArtID="1" Merkmal="0.0"/>
  <Objekte ObjID="11752" ObjAufnahme="1998-05-17" ObjStrasseID="6712" ObjHausnummer="Haltenhoffstraße 214B" ObjVorlage="2013-09-11 00:00:00.0" ObKeinKontakt="1" ObjArtID="1" Merkmal="0.0"/>
  <Objekte ObjID="11753" ObjAufnahme="1998-05-17" ObjStrasseID="6712" ObjHausnummer="Haltenhoffstraße 216B" ObjVorlage="2013-09-11 00:00:00.0" ObKeinKontakt="1" ObjArtID="1" Merkmal="0.0"/>
  <Objekte ObjID="11754" ObjAufnahme="1998-05-17" ObjStrasseID="6712" ObjHausnummer="Haltenhoffstraße 216C" ObjVorlage="2013-09-11 00:00:00.0" ObKeinKontakt="1" ObjArtID="1" Merkmal="0.0"/>
  <Objekte ObjID="11755" ObjAufnahme="1998-05-17" ObjStrasseID="6712" ObjHausnummer="Haltenhoffstraße 216D" ObjVorlage="2013-09-11 00:00:00.0" ObKeinKontakt="1" ObjArtID="1" Merkmal="0.0"/>
  <Objekte ObjID="11756" ObjAufnahme="1998-05-17" ObjStrasseID="6712" ObjHausnummer="Haltenhoffstraße 216E" ObjVorlage="2013-09-11 00:00:00.0" ObKeinKontakt="1" ObjArtID="1" Merkmal="0.0"/>
  <Objekte ObjID="11757" ObjAufnahme="1998-05-17" ObjStrasseID="6890" ObjHausnummer="Hirschberger Weg 1" ObjVorlage="2013-09-11 00:00:00.0" ObKeinKontakt="1" ObjArtID="1" Merkmal="0.0"/>
  <Objekte ObjID="11758" ObjAufnahme="1998-05-17" ObjStrasseID="6890" ObjHausnummer="Hirschberger Weg 2" ObjVorlage="2013-09-11 00:00:00.0" ObKeinKontakt="1" ObjArtID="1" Merkmal="0.0"/>
  <Objekte ObjID="11759" ObjAufnahme="1998-05-17" ObjStrasseID="6890" ObjHausnummer="Hirschberger Weg 3" ObjVorlage="2013-09-11 00:00:00.0" ObKeinKontakt="1" ObjArtID="1" Merkmal="0.0"/>
  <Objekte ObjID="11760" ObjAufnahme="1998-05-17" ObjStrasseID="6890" ObjHausnummer="Hirschberger Weg 4" ObjVorlage="2013-09-11 00:00:00.0" ObKeinKontakt="1" ObjArtID="1" Merkmal="0.0"/>
  <Objekte ObjID="11761" ObjAufnahme="1998-05-17" ObjStrasseID="6920" ObjHausnummer="Holzwiesen 113" ObjVorlage="2013-09-11 00:00:00.0" ObKeinKontakt="1" ObjArtID="1" Merkmal="0.0"/>
  <Objekte ObjID="11762" ObjAufnahme="1998-05-17" ObjStrasseID="6933" ObjHausnummer="Hudeplan 20" ObjVorlage="2013-09-11 00:00:00.0" ObKeinKontakt="1" ObjArtID="1" Merkmal="0.0"/>
  <Objekte ObjID="11763" ObjAufnahme="1998-05-17" ObjStrasseID="6933" ObjHausnummer="Hudeplan 22" ObjVorlage="2013-09-11 00:00:00.0" ObKeinKontakt="1" ObjArtID="1" Merkmal="0.0"/>
  <Objekte ObjID="11764" ObjAufnahme="1998-05-17" ObjStrasseID="6933" ObjHausnummer="Hudeplan 24" ObjVorlage="2013-09-11 00:00:00.0" ObKeinKontakt="1" ObjArtID="1" Merkmal="0.0"/>
  <Objekte ObjID="11765" ObjAufnahme="1998-05-17" ObjStrasseID="6933" ObjHausnummer="Hudeplan 26" ObjVorlage="2013-09-11 00:00:00.0" ObKeinKontakt="1" ObjArtID="1" Merkmal="0.0"/>
  <Objekte ObjID="11766" ObjAufnahme="1998-05-17" ObjStrasseID="6933" ObjHausnummer="Hudeplan 28" ObjVorlage="2013-09-11 00:00:00.0" ObKeinKontakt="1" ObjArtID="1" Merkmal="0.0"/>
  <Objekte ObjID="11767" ObjAufnahme="1998-05-17" ObjStrasseID="7003" ObjHausnummer="Im Triftfelde 1" ObjVorlage="2013-09-11 00:00:00.0" ObKeinKontakt="1" ObjArtID="1" Merkmal="0.0"/>
  <Objekte ObjID="11768" ObjAufnahme="1998-05-17" ObjStrasseID="7003" ObjHausnummer="Im Triftfelde 3" ObjVorlage="2013-09-11 00:00:00.0" ObKeinKontakt="1" ObjArtID="1" Merkmal="0.0"/>
  <Objekte ObjID="11769" ObjAufnahme="1998-05-17" ObjStrasseID="7003" ObjHausnummer="Im Triftfelde 5" ObjVorlage="2013-09-11 00:00:00.0" ObKeinKontakt="1" ObjArtID="1" Merkmal="0.0"/>
  <Objekte ObjID="11770" ObjAufnahme="1998-05-17" ObjStrasseID="7003" ObjHausnummer="Im Triftfelde 7" ObjVorlage="2013-09-11 00:00:00.0" ObKeinKontakt="1" ObjArtID="1" Merkmal="0.0"/>
  <Objekte ObjID="11771" ObjAufnahme="1998-05-17" ObjStrasseID="7003" ObjHausnummer="Im Triftfelde 9" ObjVorlage="2013-09-11 00:00:00.0" ObKeinKontakt="1" ObjArtID="1" Merkmal="0.0"/>
  <Objekte ObjID="11772" ObjAufnahme="1998-05-17" ObjStrasseID="7003" ObjHausnummer="Im Triftfelde 11" ObjVorlage="2013-09-11 00:00:00.0" ObKeinKontakt="1" ObjArtID="1" Merkmal="0.0"/>
  <Objekte ObjID="11773" ObjAufnahme="1998-05-17" ObjStrasseID="7003" ObjHausnummer="Im Triftfelde 13" ObjVorlage="2013-09-11 00:00:00.0" ObKeinKontakt="1" ObjArtID="1" Merkmal="0.0"/>
  <Objekte ObjID="11774" ObjAufnahme="1998-05-17" ObjStrasseID="7003" ObjHausnummer="Im Triftfelde 15" ObjVorlage="2013-09-11 00:00:00.0" ObKeinKontakt="1" ObjArtID="1" Merkmal="0.0"/>
  <Objekte ObjID="11775" ObjAufnahme="1998-05-17" ObjStrasseID="7003" ObjHausnummer="Im Triftfelde 26" ObjVorlage="2013-09-11 00:00:00.0" ObKeinKontakt="1" ObjArtID="1" Merkmal="0.0"/>
  <Objekte ObjID="11776" ObjAufnahme="1998-05-17" ObjStrasseID="7003" ObjHausnummer="Im Triftfelde 28" ObjVorlage="2013-09-11 00:00:00.0" ObKeinKontakt="1" ObjArtID="1" Merkmal="0.0"/>
  <Objekte ObjID="11777" ObjAufnahme="1998-05-17" ObjStrasseID="7003" ObjHausnummer="Im Triftfelde 30" ObjVorlage="2013-09-11 00:00:00.0" ObKeinKontakt="1" ObjArtID="1" Merkmal="0.0"/>
  <Objekte ObjID="11778" ObjAufnahme="1998-05-17" ObjStrasseID="7022" ObjHausnummer="In den Sieben Stücken 2" ObjVorlage="2013-09-11 00:00:00.0" ObKeinKontakt="1" ObjArtID="1" Merkmal="0.0"/>
  <Objekte ObjID="11779" ObjAufnahme="1998-05-17" ObjStrasseID="7022" ObjHausnummer="In den Sieben Stücken 4" ObjVorlage="2013-09-11 00:00:00.0" ObKeinKontakt="1" ObjArtID="1" Merkmal="0.0"/>
  <Objekte ObjID="11780" ObjAufnahme="1998-05-17" ObjStrasseID="7022" ObjHausnummer="In den Sieben Stücken 7A" ObjVorlage="2013-09-11 00:00:00.0" ObKeinKontakt="1" ObjArtID="1" Merkmal="0.0"/>
  <Objekte ObjID="11781" ObjAufnahme="1998-05-17" ObjStrasseID="7022" ObjHausnummer="In den Sieben Stücken 7B" ObjVorlage="2013-09-11 00:00:00.0" ObKeinKontakt="1" ObjArtID="1" Merkmal="0.0"/>
  <Objekte ObjID="11782" ObjAufnahme="1998-05-17" ObjStrasseID="7022" ObjHausnummer="In den Sieben Stücken 9" ObjVorlage="2013-09-11 00:00:00.0" ObKeinKontakt="1" ObjArtID="1" Merkmal="0.0"/>
  <Objekte ObjID="11783" ObjAufnahme="1998-05-17" ObjStrasseID="7022" ObjHausnummer="In den Sieben Stücken 50" ObjVorlage="2013-09-11 00:00:00.0" ObKeinKontakt="1" ObjArtID="1" Merkmal="0.0"/>
  <Objekte ObjID="11784" ObjAufnahme="1998-05-17" ObjStrasseID="7042" ObjHausnummer="Ithstraße 2" ObjVorlage="2013-09-11 00:00:00.0" ObKeinKontakt="1" ObjArtID="1" Merkmal="0.0"/>
  <Objekte ObjID="11785" ObjAufnahme="1998-05-17" ObjStrasseID="7042" ObjHausnummer="Ithstraße 4" ObjVorlage="2013-09-11 00:00:00.0" ObKeinKontakt="1" ObjArtID="1" Merkmal="0.0"/>
  <Objekte ObjID="11786" ObjAufnahme="1998-05-17" ObjStrasseID="7042" ObjHausnummer="Ithstraße 6" ObjVorlage="2013-09-11 00:00:00.0" ObKeinKontakt="1" ObjArtID="1" Merkmal="0.0"/>
  <Objekte ObjID="11787" ObjAufnahme="1998-05-17" ObjStrasseID="7042" ObjHausnummer="Ithstraße 8" ObjVorlage="2013-09-11 00:00:00.0" ObKeinKontakt="1" ObjArtID="1" Merkmal="0.0"/>
  <Objekte ObjID="11788" ObjAufnahme="1998-05-17" ObjStrasseID="7042" ObjHausnummer="Ithstraße 10" ObjVorlage="2013-09-11 00:00:00.0" ObKeinKontakt="1" ObjArtID="1" Merkmal="0.0"/>
  <Objekte ObjID="11789" ObjAufnahme="1998-05-17" ObjStrasseID="7042" ObjHausnummer="Ithstraße 2A" ObjVorlage="2013-09-11 00:00:00.0" ObKeinKontakt="1" ObjArtID="1" Merkmal="0.0"/>
  <Objekte ObjID="11790" ObjAufnahme="1998-05-17" ObjStrasseID="7042" ObjHausnummer="Ithstraße 2B" ObjVorlage="2013-09-11 00:00:00.0" ObKeinKontakt="1" ObjArtID="1" Merkmal="0.0"/>
  <Objekte ObjID="11791" ObjAufnahme="1998-05-17" ObjStrasseID="7042" ObjHausnummer="Ithstraße 2C" ObjVorlage="2013-09-11 00:00:00.0" ObKeinKontakt="1" ObjArtID="1" Merkmal="0.0"/>
  <Objekte ObjID="11792" ObjAufnahme="1998-05-17" ObjStrasseID="7042" ObjHausnummer="Ithstraße 2D" ObjVorlage="2013-09-11 00:00:00.0" ObKeinKontakt="1" ObjArtID="1" Merkmal="0.0"/>
  <Objekte ObjID="11793" ObjAufnahme="1998-05-17" ObjStrasseID="7042" ObjHausnummer="Ithstraße 4A" ObjVorlage="2013-09-11 00:00:00.0" ObKeinKontakt="1" ObjArtID="1" Merkmal="0.0"/>
  <Objekte ObjID="11794" ObjAufnahme="1998-05-17" ObjStrasseID="7042" ObjHausnummer="Ithstraße 4B" ObjVorlage="2013-09-11 00:00:00.0" ObKeinKontakt="1" ObjArtID="1" Merkmal="0.0"/>
  <Objekte ObjID="11795" ObjAufnahme="1998-05-17" ObjStrasseID="7042" ObjHausnummer="Ithstraße 4C" ObjVorlage="2013-09-11 00:00:00.0" ObKeinKontakt="1" ObjArtID="1" Merkmal="0.0"/>
  <Objekte ObjID="11796" ObjAufnahme="1998-05-17" ObjStrasseID="7042" ObjHausnummer="Ithstraße 4D" ObjVorlage="2013-09-11 00:00:00.0" ObKeinKontakt="1" ObjArtID="1" Merkmal="0.0"/>
  <Objekte ObjID="11797" ObjAufnahme="1998-05-17" ObjStrasseID="7042" ObjHausnummer="Ithstraße 6A" ObjVorlage="2013-09-11 00:00:00.0" ObKeinKontakt="1" ObjArtID="1" Merkmal="0.0"/>
  <Objekte ObjID="11798" ObjAufnahme="1998-05-17" ObjStrasseID="7042" ObjHausnummer="Ithstraße 6B" ObjVorlage="2013-09-11 00:00:00.0" ObKeinKontakt="1" ObjArtID="1" Merkmal="0.0"/>
  <Objekte ObjID="11799" ObjAufnahme="1998-05-17" ObjStrasseID="7042" ObjHausnummer="Ithstraße 8A" ObjVorlage="2013-09-11 00:00:00.0" ObKeinKontakt="1" ObjArtID="1" Merkmal="0.0"/>
  <Objekte ObjID="11800" ObjAufnahme="1998-05-17" ObjStrasseID="7235" ObjHausnummer="Körtingsdorfer Weg 52" ObjVorlage="2013-09-11 00:00:00.0" ObKeinKontakt="1" ObjArtID="1" Merkmal="0.0"/>
  <Objekte ObjID="11801" ObjAufnahme="1998-05-17" ObjStrasseID="7242" ObjHausnummer="Kötnerholzweg 46" ObjVorlage="2013-09-11 00:00:00.0" ObKeinKontakt="1" ObjArtID="1" Merkmal="0.0"/>
  <Objekte ObjID="11802" ObjAufnahme="1998-05-17" ObjStrasseID="7242" ObjHausnummer="Kötnerholzweg 54" ObjVorlage="2013-09-11 00:00:00.0" ObKeinKontakt="1" ObjArtID="1" Merkmal="0.0"/>
  <Objekte ObjID="11803" ObjAufnahme="1998-05-17" ObjStrasseID="7242" ObjHausnummer="Kötnerholzweg 55" ObjVorlage="2013-09-11 00:00:00.0" ObKeinKontakt="1" ObjArtID="1" Merkmal="0.0"/>
  <Objekte ObjID="11804" ObjAufnahme="1998-05-17" ObjStrasseID="7249" ObjHausnummer="Krausenstraße 6" ObjVorlage="2013-09-11 00:00:00.0" ObKeinKontakt="1" ObjArtID="1" Merkmal="0.0"/>
  <Objekte ObjID="11805" ObjAufnahme="1998-05-17" ObjStrasseID="7255" ObjHausnummer="Kreuzburger Weg 1" ObjVorlage="2013-09-11 00:00:00.0" ObKeinKontakt="1" ObjArtID="1" Merkmal="0.0"/>
  <Objekte ObjID="11806" ObjAufnahme="1998-05-17" ObjStrasseID="7255" ObjHausnummer="Kreuzburger Weg 2" ObjVorlage="2013-09-11 00:00:00.0" ObKeinKontakt="1" ObjArtID="1" Merkmal="0.0"/>
  <Objekte ObjID="11807" ObjAufnahme="1998-05-17" ObjStrasseID="7255" ObjHausnummer="Kreuzburger Weg 3" ObjVorlage="2013-09-11 00:00:00.0" ObKeinKontakt="1" ObjArtID="1" Merkmal="0.0"/>
  <Objekte ObjID="11808" ObjAufnahme="1998-05-17" ObjStrasseID="7255" ObjHausnummer="Kreuzburger Weg 4" ObjVorlage="2013-09-11 00:00:00.0" ObKeinKontakt="1" ObjArtID="1" Merkmal="0.0"/>
  <Objekte ObjID="11809" ObjAufnahme="1998-05-17" ObjStrasseID="7260" ObjHausnummer="Kreuzstraße 1" ObjVorlage="2013-09-11 00:00:00.0" ObKeinKontakt="1" ObjArtID="1" Merkmal="0.0" ObjInfo="0178-5239760&#xD;&#xA;scout66647164"/>
  <Objekte ObjID="11810" ObjAufnahme="1998-05-17" ObjStrasseID="7260" ObjHausnummer="Kreuzstraße 7" ObjVorlage="2013-09-11 00:00:00.0" ObKeinKontakt="1" ObjArtID="1" Merkmal="0.0"/>
  <Objekte ObjID="11811" ObjAufnahme="1998-05-17" ObjStrasseID="7260" ObjHausnummer="Kreuzstraße 8" ObjVorlage="2013-09-11 00:00:00.0" ObKeinKontakt="1" ObjArtID="1" Merkmal="0.0"/>
  <Objekte ObjID="11812" ObjAufnahme="1998-05-17" ObjStrasseID="7260" ObjHausnummer="Kreuzstraße 9" ObjVorlage="2013-09-11 00:00:00.0" ObKeinKontakt="1" ObjArtID="1" Merkmal="0.0"/>
  <Objekte ObjID="11813" ObjAufnahme="1998-05-17" ObjStrasseID="7260" ObjHausnummer="Kreuzstraße 10" ObjVorlage="2013-09-11 00:00:00.0" ObKeinKontakt="1" ObjArtID="1" Merkmal="0.0"/>
  <Objekte ObjID="11814" ObjAufnahme="1998-05-17" ObjStrasseID="7260" ObjHausnummer="Kreuzstraße 11" ObjVorlage="2013-09-11 00:00:00.0" ObKeinKontakt="1" ObjArtID="1" Merkmal="0.0"/>
  <Objekte ObjID="11815" ObjAufnahme="1998-05-17" ObjStrasseID="7287" ObjHausnummer="Kurze-Kamp-Straße 7" ObjVorlage="2013-09-11 00:00:00.0" ObKeinKontakt="1" ObjArtID="1" Merkmal="0.0"/>
  <Objekte ObjID="11816" ObjAufnahme="1998-05-17" ObjStrasseID="7287" ObjHausnummer="Kurze-Kamp-Straße 8" ObjVorlage="2013-09-11 00:00:00.0" ObKeinKontakt="1" ObjArtID="1" Merkmal="0.0"/>
  <Objekte ObjID="11817" ObjAufnahme="1998-05-17" ObjStrasseID="7287" ObjHausnummer="Kurze-Kamp-Straße 9" ObjVorlage="2013-09-11 00:00:00.0" ObKeinKontakt="1" ObjArtID="1" Merkmal="0.0"/>
  <Objekte ObjID="11818" ObjAufnahme="1998-05-17" ObjStrasseID="7287" ObjHausnummer="Kurze-Kamp-Straße 10" ObjVorlage="2013-09-11 00:00:00.0" ObKeinKontakt="1" ObjArtID="1" Merkmal="0.0"/>
  <Objekte ObjID="11819" ObjAufnahme="1998-05-17" ObjStrasseID="7287" ObjHausnummer="Kurze-Kamp-Straße 11" ObjVorlage="2013-09-11 00:00:00.0" ObKeinKontakt="1" ObjArtID="1" Merkmal="0.0"/>
  <Objekte ObjID="11820" ObjAufnahme="1998-05-17" ObjStrasseID="7287" ObjHausnummer="Kurze-Kamp-Straße 12" ObjVorlage="2013-09-11 00:00:00.0" ObKeinKontakt="1" ObjArtID="1" Merkmal="0.0"/>
  <Objekte ObjID="11821" ObjAufnahme="1998-05-17" ObjStrasseID="7287" ObjHausnummer="Kurze-Kamp-Straße 7A" ObjVorlage="2013-09-11 00:00:00.0" ObKeinKontakt="1" ObjArtID="1" Merkmal="0.0"/>
  <Objekte ObjID="11822" ObjAufnahme="1998-05-17" ObjStrasseID="7287" ObjHausnummer="Kurze-Kamp-Straße 7B" ObjVorlage="2013-09-11 00:00:00.0" ObKeinKontakt="1" ObjArtID="1" Merkmal="0.0"/>
  <Objekte ObjID="11823" ObjAufnahme="1998-05-17" ObjStrasseID="7287" ObjHausnummer="Kurze-Kamp-Straße 7C" ObjVorlage="2013-09-11 00:00:00.0" ObKeinKontakt="1" ObjArtID="1" Merkmal="0.0"/>
  <Objekte ObjID="11824" ObjAufnahme="1998-05-17" ObjStrasseID="7287" ObjHausnummer="Kurze-Kamp-Straße 8A" ObjVorlage="2013-09-11 00:00:00.0" ObKeinKontakt="1" ObjArtID="1" Merkmal="0.0"/>
  <Objekte ObjID="11825" ObjAufnahme="1998-05-17" ObjStrasseID="7287" ObjHausnummer="Kurze-Kamp-Straße 8B" ObjVorlage="2013-09-11 00:00:00.0" ObKeinKontakt="1" ObjArtID="1" Merkmal="0.0"/>
  <Objekte ObjID="11826" ObjAufnahme="1998-05-17" ObjStrasseID="7287" ObjHausnummer="Kurze-Kamp-Straße 8C" ObjVorlage="2013-09-11 00:00:00.0" ObKeinKontakt="1" ObjArtID="1" Merkmal="0.0"/>
  <Objekte ObjID="11827" ObjAufnahme="1998-05-17" ObjStrasseID="7287" ObjHausnummer="Kurze-Kamp-Straße 9A" ObjVorlage="2013-09-11 00:00:00.0" ObKeinKontakt="1" ObjArtID="1" Merkmal="0.0"/>
  <Objekte ObjID="11828" ObjAufnahme="1998-05-17" ObjStrasseID="7287" ObjHausnummer="Kurze-Kamp-Straße 9B" ObjVorlage="2013-09-11 00:00:00.0" ObKeinKontakt="1" ObjArtID="1" Merkmal="0.0"/>
  <Objekte ObjID="11829" ObjAufnahme="1998-05-17" ObjStrasseID="7287" ObjHausnummer="Kurze-Kamp-Straße 9C" ObjVorlage="2013-09-11 00:00:00.0" ObKeinKontakt="1" ObjArtID="1" Merkmal="0.0"/>
  <Objekte ObjID="11830" ObjAufnahme="1998-05-17" ObjStrasseID="7287" ObjHausnummer="Kurze-Kamp-Straße 10A" ObjVorlage="2013-09-11 00:00:00.0" ObKeinKontakt="1" ObjArtID="1" Merkmal="0.0"/>
  <Objekte ObjID="11831" ObjAufnahme="1998-05-17" ObjStrasseID="7287" ObjHausnummer="Kurze-Kamp-Straße 10B" ObjVorlage="2013-09-11 00:00:00.0" ObKeinKontakt="1" ObjArtID="1" Merkmal="0.0"/>
  <Objekte ObjID="11832" ObjAufnahme="1998-05-17" ObjStrasseID="7287" ObjHausnummer="Kurze-Kamp-Straße 10C" ObjVorlage="2013-09-11 00:00:00.0" ObKeinKontakt="1" ObjArtID="1" Merkmal="0.0"/>
  <Objekte ObjID="11833" ObjAufnahme="1998-05-17" ObjStrasseID="7287" ObjHausnummer="Kurze-Kamp-Straße 11A" ObjVorlage="2013-09-11 00:00:00.0" ObKeinKontakt="1" ObjArtID="1" Merkmal="0.0"/>
  <Objekte ObjID="11834" ObjAufnahme="1998-05-17" ObjStrasseID="7287" ObjHausnummer="Kurze-Kamp-Straße 11B" ObjVorlage="2013-09-11 00:00:00.0" ObKeinKontakt="1" ObjArtID="1" Merkmal="0.0"/>
  <Objekte ObjID="11835" ObjAufnahme="1998-05-17" ObjStrasseID="7287" ObjHausnummer="Kurze-Kamp-Straße 11C" ObjVorlage="2013-09-11 00:00:00.0" ObKeinKontakt="1" ObjArtID="1" Merkmal="0.0"/>
  <Objekte ObjID="11836" ObjAufnahme="1998-05-17" ObjStrasseID="7287" ObjHausnummer="Kurze-Kamp-Straße 12A" ObjVorlage="2013-09-11 00:00:00.0" ObKeinKontakt="1" ObjArtID="1" Merkmal="0.0"/>
  <Objekte ObjID="11837" ObjAufnahme="1998-05-17" ObjStrasseID="7287" ObjHausnummer="Kurze-Kamp-Straße 12B" ObjVorlage="2013-09-11 00:00:00.0" ObKeinKontakt="1" ObjArtID="1" Merkmal="0.0"/>
  <Objekte ObjID="11838" ObjAufnahme="1998-05-17" ObjStrasseID="7287" ObjHausnummer="Kurze-Kamp-Straße 12C" ObjVorlage="2013-09-11 00:00:00.0" ObKeinKontakt="1" ObjArtID="1" Merkmal="0.0"/>
  <Objekte ObjID="11839" ObjAufnahme="1998-05-17" ObjStrasseID="7293" ObjHausnummer="Laher Kirchweg 13" ObjVorlage="2013-09-11 00:00:00.0" ObKeinKontakt="1" ObjArtID="1" Merkmal="0.0"/>
  <Objekte ObjID="11840" ObjAufnahme="1998-05-17" ObjStrasseID="7293" ObjHausnummer="Laher Kirchweg 15" ObjVorlage="2013-09-11 00:00:00.0" ObKeinKontakt="1" ObjArtID="1" Merkmal="0.0"/>
  <Objekte ObjID="11841" ObjAufnahme="1998-05-17" ObjStrasseID="7293" ObjHausnummer="Laher Kirchweg 17" ObjVorlage="2013-09-11 00:00:00.0" ObKeinKontakt="1" ObjArtID="1" Merkmal="0.0"/>
  <Objekte ObjID="11842" ObjAufnahme="1998-05-17" ObjStrasseID="7293" ObjHausnummer="Laher Kirchweg 19" ObjVorlage="2013-09-11 00:00:00.0" ObKeinKontakt="1" ObjArtID="1" Merkmal="0.0"/>
  <Objekte ObjID="11843" ObjAufnahme="1998-05-17" ObjStrasseID="7293" ObjHausnummer="Laher Kirchweg 21" ObjVorlage="2013-09-11 00:00:00.0" ObKeinKontakt="1" ObjArtID="1" Merkmal="0.0"/>
  <Objekte ObjID="11844" ObjAufnahme="1998-05-17" ObjStrasseID="7293" ObjHausnummer="Laher Kirchweg 25" ObjVorlage="2013-09-11 00:00:00.0" ObKeinKontakt="1" ObjArtID="1" Merkmal="0.0"/>
  <Objekte ObjID="11845" ObjAufnahme="1998-05-17" ObjStrasseID="7293" ObjHausnummer="Laher Kirchweg 27" ObjVorlage="2013-09-11 00:00:00.0" ObKeinKontakt="1" ObjArtID="1" Merkmal="0.0"/>
  <Objekte ObjID="11846" ObjAufnahme="1998-05-17" ObjStrasseID="7293" ObjHausnummer="Laher Kirchweg 29" ObjVorlage="2013-09-11 00:00:00.0" ObKeinKontakt="1" ObjArtID="1" Merkmal="0.0"/>
  <Objekte ObjID="11847" ObjAufnahme="1998-05-17" ObjStrasseID="7293" ObjHausnummer="Laher Kirchweg 31" ObjVorlage="2013-09-11 00:00:00.0" ObKeinKontakt="1" ObjArtID="1" Merkmal="0.0"/>
  <Objekte ObjID="11848" ObjAufnahme="1998-05-17" ObjStrasseID="7293" ObjHausnummer="Laher Kirchweg 33" ObjVorlage="2013-09-11 00:00:00.0" ObKeinKontakt="1" ObjArtID="1" Merkmal="0.0"/>
  <Objekte ObjID="11849" ObjAufnahme="1998-05-17" ObjStrasseID="7293" ObjHausnummer="Laher Kirchweg 35" ObjVorlage="2013-09-11 00:00:00.0" ObKeinKontakt="1" ObjArtID="1" Merkmal="0.0"/>
  <Objekte ObjID="11850" ObjAufnahme="1998-05-17" ObjStrasseID="7293" ObjHausnummer="Laher Kirchweg 37" ObjVorlage="2013-09-11 00:00:00.0" ObKeinKontakt="1" ObjArtID="1" Merkmal="0.0"/>
  <Objekte ObjID="11851" ObjAufnahme="1998-05-17" ObjStrasseID="7293" ObjHausnummer="Laher Kirchweg 39" ObjVorlage="2013-09-11 00:00:00.0" ObKeinKontakt="1" ObjArtID="1" Merkmal="0.0"/>
  <Objekte ObjID="11852" ObjAufnahme="1998-05-17" ObjStrasseID="7293" ObjHausnummer="Laher Kirchweg 41" ObjVorlage="2013-09-11 00:00:00.0" ObKeinKontakt="1" ObjArtID="1" Merkmal="0.0"/>
  <Objekte ObjID="11853" ObjAufnahme="1998-05-17" ObjStrasseID="7293" ObjHausnummer="Laher Kirchweg 43" ObjVorlage="2013-09-11 00:00:00.0" ObKeinKontakt="1" ObjArtID="1" Merkmal="0.0"/>
  <Objekte ObjID="11854" ObjAufnahme="1998-05-17" ObjStrasseID="7293" ObjHausnummer="Laher Kirchweg 47" ObjVorlage="2013-09-11 00:00:00.0" ObKeinKontakt="1" ObjArtID="1" Merkmal="0.0"/>
  <Objekte ObjID="11855" ObjAufnahme="1998-05-17" ObjStrasseID="7293" ObjHausnummer="Laher Kirchweg 49" ObjVorlage="2013-09-11 00:00:00.0" ObKeinKontakt="1" ObjArtID="1" Merkmal="0.0"/>
  <Objekte ObjID="11856" ObjAufnahme="1998-05-17" ObjStrasseID="7293" ObjHausnummer="Laher Kirchweg 51" ObjVorlage="2013-09-11 00:00:00.0" ObKeinKontakt="1" ObjArtID="1" Merkmal="0.0"/>
  <Objekte ObjID="11857" ObjAufnahme="1998-05-17" ObjStrasseID="7293" ObjHausnummer="Laher Kirchweg 53" ObjVorlage="2013-09-11 00:00:00.0" ObKeinKontakt="1" ObjArtID="1" Merkmal="0.0"/>
  <Objekte ObjID="11858" ObjAufnahme="1998-05-17" ObjStrasseID="7293" ObjHausnummer="Laher Kirchweg 55" ObjVorlage="2013-09-11 00:00:00.0" ObKeinKontakt="1" ObjArtID="1" Merkmal="0.0"/>
  <Objekte ObjID="11859" ObjAufnahme="1998-05-17" ObjStrasseID="7293" ObjHausnummer="Laher Kirchweg 57" ObjVorlage="2013-09-11 00:00:00.0" ObKeinKontakt="1" ObjArtID="1" Merkmal="0.0"/>
  <Objekte ObjID="11860" ObjAufnahme="1998-05-17" ObjStrasseID="7293" ObjHausnummer="Laher Kirchweg 59" ObjVorlage="2013-09-11 00:00:00.0" ObKeinKontakt="1" ObjArtID="1" Merkmal="0.0"/>
  <Objekte ObjID="11861" ObjAufnahme="1998-05-17" ObjStrasseID="7293" ObjHausnummer="Laher Kirchweg 61" ObjVorlage="2013-09-11 00:00:00.0" ObKeinKontakt="1" ObjArtID="1" Merkmal="0.0"/>
  <Objekte ObjID="11862" ObjAufnahme="1998-05-17" ObjStrasseID="7293" ObjHausnummer="Laher Kirchweg 63" ObjVorlage="2013-09-11 00:00:00.0" ObKeinKontakt="1" ObjArtID="1" Merkmal="0.0"/>
  <Objekte ObjID="11863" ObjAufnahme="1998-05-17" ObjStrasseID="7293" ObjHausnummer="Laher Kirchweg 65" ObjVorlage="2013-09-11 00:00:00.0" ObKeinKontakt="1" ObjArtID="1" Merkmal="0.0"/>
  <Objekte ObjID="11864" ObjAufnahme="1998-05-17" ObjStrasseID="7293" ObjHausnummer="Laher Kirchweg 54" ObjVorlage="2013-09-11 00:00:00.0" ObKeinKontakt="1" ObjArtID="1" Merkmal="0.0"/>
  <Objekte ObjID="11865" ObjAufnahme="1998-05-17" ObjStrasseID="7339" ObjHausnummer="Leinaustraße 9" ObjVorlage="2013-09-11 00:00:00.0" ObKeinKontakt="1" ObjArtID="1" Merkmal="0.0"/>
  <Objekte ObjID="11866" ObjAufnahme="1998-05-17" ObjStrasseID="7339" ObjHausnummer="Leinaustraße 11" ObjVorlage="2013-09-11 00:00:00.0" ObKeinKontakt="1" ObjArtID="1" Merkmal="0.0"/>
  <Objekte ObjID="11867" ObjAufnahme="1998-05-17" ObjStrasseID="7343" ObjHausnummer="Leipziger Straße 2" ObjVorlage="2013-09-11 00:00:00.0" ObKeinKontakt="1" ObjArtID="1" Merkmal="0.0"/>
  <Objekte ObjID="11868" ObjAufnahme="1998-05-17" ObjStrasseID="7343" ObjHausnummer="Leipziger Straße 4" ObjVorlage="2013-09-11 00:00:00.0" ObKeinKontakt="1" ObjArtID="1" Merkmal="0.0"/>
  <Objekte ObjID="11869" ObjAufnahme="1998-05-17" ObjStrasseID="7343" ObjHausnummer="Leipziger Straße 6" ObjVorlage="2013-09-11 00:00:00.0" ObKeinKontakt="1" ObjArtID="1" Merkmal="0.0"/>
  <Objekte ObjID="11870" ObjAufnahme="1998-05-17" ObjStrasseID="7343" ObjHausnummer="Leipziger Straße 8" ObjVorlage="2013-09-11 00:00:00.0" ObKeinKontakt="1" ObjArtID="1" Merkmal="0.0"/>
  <Objekte ObjID="11871" ObjAufnahme="1998-05-17" ObjStrasseID="7343" ObjHausnummer="Leipziger Straße 10" ObjVorlage="2013-09-11 00:00:00.0" ObKeinKontakt="1" ObjArtID="1" Merkmal="0.0"/>
  <Objekte ObjID="11872" ObjAufnahme="1998-05-17" ObjStrasseID="7343" ObjHausnummer="Leipziger Straße 100" ObjVorlage="2013-09-11 00:00:00.0" ObKeinKontakt="1" ObjArtID="1" Merkmal="0.0"/>
  <Objekte ObjID="11873" ObjAufnahme="1998-05-17" ObjStrasseID="7343" ObjHausnummer="Leipziger Straße 102" ObjVorlage="2013-09-11 00:00:00.0" ObKeinKontakt="1" ObjArtID="1" Merkmal="0.0"/>
  <Objekte ObjID="11874" ObjAufnahme="1998-05-17" ObjStrasseID="7343" ObjHausnummer="Leipziger Straße 104" ObjVorlage="2013-09-11 00:00:00.0" ObKeinKontakt="1" ObjArtID="1" Merkmal="0.0"/>
  <Objekte ObjID="11875" ObjAufnahme="1998-05-17" ObjStrasseID="7343" ObjHausnummer="Leipziger Straße 106" ObjVorlage="2013-09-11 00:00:00.0" ObKeinKontakt="1" ObjArtID="1" Merkmal="0.0"/>
  <Objekte ObjID="11876" ObjAufnahme="1998-05-17" ObjStrasseID="7343" ObjHausnummer="Leipziger Straße 108" ObjVorlage="2013-09-11 00:00:00.0" ObKeinKontakt="1" ObjArtID="1" Merkmal="0.0"/>
  <Objekte ObjID="11877" ObjAufnahme="1998-05-17" ObjStrasseID="7343" ObjHausnummer="Leipziger Straße 110" ObjVorlage="2013-09-11 00:00:00.0" ObKeinKontakt="1" ObjArtID="1" Merkmal="0.0"/>
  <Objekte ObjID="11878" ObjAufnahme="1998-05-17" ObjStrasseID="7343" ObjHausnummer="Leipziger Straße 12" ObjVorlage="2013-09-11 00:00:00.0" ObKeinKontakt="1" ObjArtID="1" Merkmal="0.0"/>
  <Objekte ObjID="11879" ObjAufnahme="1998-05-17" ObjStrasseID="7343" ObjHausnummer="Leipziger Straße 14" ObjVorlage="2013-09-11 00:00:00.0" ObKeinKontakt="1" ObjArtID="1" Merkmal="0.0"/>
  <Objekte ObjID="11880" ObjAufnahme="1998-05-17" ObjStrasseID="7343" ObjHausnummer="Leipziger Straße 16" ObjVorlage="2013-09-11 00:00:00.0" ObKeinKontakt="1" ObjArtID="1" Merkmal="0.0"/>
  <Objekte ObjID="11881" ObjAufnahme="1998-05-17" ObjStrasseID="7343" ObjHausnummer="Leipziger Straße 18" ObjVorlage="2013-09-11 00:00:00.0" ObKeinKontakt="1" ObjArtID="1" Merkmal="0.0"/>
  <Objekte ObjID="11882" ObjAufnahme="1998-05-17" ObjStrasseID="7343" ObjHausnummer="Leipziger Straße 22" ObjVorlage="2013-09-11 00:00:00.0" ObKeinKontakt="1" ObjArtID="1" Merkmal="0.0"/>
  <Objekte ObjID="11883" ObjAufnahme="1998-05-17" ObjStrasseID="7343" ObjHausnummer="Leipziger Straße 23" ObjVorlage="2013-09-11 00:00:00.0" ObKeinKontakt="1" ObjArtID="1" Merkmal="0.0"/>
  <Objekte ObjID="11884" ObjAufnahme="1998-05-17" ObjStrasseID="7343" ObjHausnummer="Leipziger Straße 24" ObjVorlage="2013-09-11 00:00:00.0" ObKeinKontakt="1" ObjArtID="1" Merkmal="0.0"/>
  <Objekte ObjID="11885" ObjAufnahme="1998-05-17" ObjStrasseID="7343" ObjHausnummer="Leipziger Straße 25" ObjVorlage="2013-09-11 00:00:00.0" ObKeinKontakt="1" ObjArtID="1" Merkmal="0.0"/>
  <Objekte ObjID="11886" ObjAufnahme="1998-05-17" ObjStrasseID="7343" ObjHausnummer="Leipziger Straße 26" ObjVorlage="2013-09-11 00:00:00.0" ObKeinKontakt="1" ObjArtID="1" Merkmal="0.0"/>
  <Objekte ObjID="11887" ObjAufnahme="1998-05-17" ObjStrasseID="7343" ObjHausnummer="Leipziger Straße 27" ObjVorlage="2013-09-11 00:00:00.0" ObKeinKontakt="1" ObjArtID="1" Merkmal="0.0"/>
  <Objekte ObjID="11888" ObjAufnahme="1998-05-17" ObjStrasseID="7343" ObjHausnummer="Leipziger Straße 28" ObjVorlage="2013-09-11 00:00:00.0" ObKeinKontakt="1" ObjArtID="1" Merkmal="0.0"/>
  <Objekte ObjID="11889" ObjAufnahme="1998-05-17" ObjStrasseID="7343" ObjHausnummer="Leipziger Straße 29" ObjVorlage="2013-09-11 00:00:00.0" ObKeinKontakt="1" ObjArtID="1" Merkmal="0.0"/>
  <Objekte ObjID="11890" ObjAufnahme="1998-05-17" ObjStrasseID="7343" ObjHausnummer="Leipziger Straße 30" ObjVorlage="2013-09-11 00:00:00.0" ObKeinKontakt="1" ObjArtID="1" Merkmal="0.0"/>
  <Objekte ObjID="11891" ObjAufnahme="1998-05-17" ObjStrasseID="7343" ObjHausnummer="Leipziger Straße 31" ObjVorlage="2013-09-11 00:00:00.0" ObKeinKontakt="1" ObjArtID="1" Merkmal="0.0"/>
  <Objekte ObjID="11892" ObjAufnahme="1998-05-17" ObjStrasseID="7343" ObjHausnummer="Leipziger Straße 32" ObjVorlage="2013-09-11 00:00:00.0" ObKeinKontakt="1" ObjArtID="1" Merkmal="0.0"/>
  <Objekte ObjID="11893" ObjAufnahme="1998-05-17" ObjStrasseID="7343" ObjHausnummer="Leipziger Straße 33" ObjVorlage="2013-09-11 00:00:00.0" ObKeinKontakt="1" ObjArtID="1" Merkmal="0.0"/>
  <Objekte ObjID="11894" ObjAufnahme="1998-05-17" ObjStrasseID="7343" ObjHausnummer="Leipziger Straße 34" ObjVorlage="2013-09-11 00:00:00.0" ObKeinKontakt="1" ObjArtID="1" Merkmal="0.0"/>
  <Objekte ObjID="11895" ObjAufnahme="1998-05-17" ObjStrasseID="7343" ObjHausnummer="Leipziger Straße 35" ObjVorlage="2013-09-11 00:00:00.0" ObKeinKontakt="1" ObjArtID="1" Merkmal="0.0"/>
  <Objekte ObjID="11896" ObjAufnahme="1998-05-17" ObjStrasseID="7343" ObjHausnummer="Leipziger Straße 37" ObjVorlage="2013-09-11 00:00:00.0" ObKeinKontakt="1" ObjArtID="1" Merkmal="0.0"/>
  <Objekte ObjID="11897" ObjAufnahme="1998-05-17" ObjStrasseID="7343" ObjHausnummer="Leipziger Straße 39" ObjVorlage="2013-09-11 00:00:00.0" ObKeinKontakt="1" ObjArtID="1" Merkmal="0.0"/>
  <Objekte ObjID="11898" ObjAufnahme="1998-05-17" ObjStrasseID="7343" ObjHausnummer="Leipziger Straße 41" ObjVorlage="2013-09-11 00:00:00.0" ObKeinKontakt="1" ObjArtID="1" Merkmal="0.0"/>
  <Objekte ObjID="11899" ObjAufnahme="1998-05-17" ObjStrasseID="7343" ObjHausnummer="Leipziger Straße 43" ObjVorlage="2013-09-11 00:00:00.0" ObKeinKontakt="1" ObjArtID="1" Merkmal="0.0"/>
  <Objekte ObjID="11900" ObjAufnahme="1998-05-17" ObjStrasseID="7343" ObjHausnummer="Leipziger Straße 45" ObjVorlage="2013-09-11 00:00:00.0" ObKeinKontakt="1" ObjArtID="1" Merkmal="0.0"/>
  <Objekte ObjID="11901" ObjAufnahme="1998-05-17" ObjStrasseID="7343" ObjHausnummer="Leipziger Straße 47" ObjVorlage="2013-09-11 00:00:00.0" ObKeinKontakt="1" ObjArtID="1" Merkmal="0.0"/>
  <Objekte ObjID="11902" ObjAufnahme="1998-05-17" ObjStrasseID="7343" ObjHausnummer="Leipziger Straße 49" ObjVorlage="2013-09-11 00:00:00.0" ObKeinKontakt="1" ObjArtID="1" Merkmal="0.0"/>
  <Objekte ObjID="11903" ObjAufnahme="1998-05-17" ObjStrasseID="7343" ObjHausnummer="Leipziger Straße 51" ObjVorlage="2013-09-11 00:00:00.0" ObKeinKontakt="1" ObjArtID="1" Merkmal="0.0"/>
  <Objekte ObjID="11904" ObjAufnahme="1998-05-17" ObjStrasseID="7343" ObjHausnummer="Leipziger Straße 53" ObjVorlage="2013-09-11 00:00:00.0" ObKeinKontakt="1" ObjArtID="1" Merkmal="0.0"/>
  <Objekte ObjID="11905" ObjAufnahme="1998-05-17" ObjStrasseID="7343" ObjHausnummer="Leipziger Straße 55" ObjVorlage="2013-09-11 00:00:00.0" ObKeinKontakt="1" ObjArtID="1" Merkmal="0.0"/>
  <Objekte ObjID="11906" ObjAufnahme="1998-05-17" ObjStrasseID="7343" ObjHausnummer="Leipziger Straße 57" ObjVorlage="2013-09-11 00:00:00.0" ObKeinKontakt="1" ObjArtID="1" Merkmal="0.0"/>
  <Objekte ObjID="11907" ObjAufnahme="1998-05-17" ObjStrasseID="7343" ObjHausnummer="Leipziger Straße 59" ObjVorlage="2013-09-11 00:00:00.0" ObKeinKontakt="1" ObjArtID="1" Merkmal="0.0"/>
  <Objekte ObjID="11908" ObjAufnahme="1998-05-17" ObjStrasseID="7343" ObjHausnummer="Leipziger Straße 61" ObjVorlage="2013-09-11 00:00:00.0" ObKeinKontakt="1" ObjArtID="1" Merkmal="0.0"/>
  <Objekte ObjID="11909" ObjAufnahme="1998-05-17" ObjStrasseID="7343" ObjHausnummer="Leipziger Straße 63" ObjVorlage="2013-09-11 00:00:00.0" ObKeinKontakt="1" ObjArtID="1" Merkmal="0.0"/>
  <Objekte ObjID="11910" ObjAufnahme="1998-05-17" ObjStrasseID="7343" ObjHausnummer="Leipziger Straße 65" ObjVorlage="2013-09-11 00:00:00.0" ObKeinKontakt="1" ObjArtID="1" Merkmal="0.0"/>
  <Objekte ObjID="11911" ObjAufnahme="1998-05-17" ObjStrasseID="7343" ObjHausnummer="Leipziger Straße 67" ObjVorlage="2013-09-11 00:00:00.0" ObKeinKontakt="1" ObjArtID="1" Merkmal="0.0"/>
  <Objekte ObjID="11912" ObjAufnahme="1998-05-17" ObjStrasseID="7343" ObjHausnummer="Leipziger Straße 74" ObjVorlage="2013-09-11 00:00:00.0" ObKeinKontakt="1" ObjArtID="1" Merkmal="0.0"/>
  <Objekte ObjID="11913" ObjAufnahme="1998-05-17" ObjStrasseID="7343" ObjHausnummer="Leipziger Straße 75" ObjVorlage="2013-09-11 00:00:00.0" ObKeinKontakt="1" ObjArtID="1" Merkmal="0.0"/>
  <Objekte ObjID="11914" ObjAufnahme="1998-05-17" ObjStrasseID="7343" ObjHausnummer="Leipziger Straße 76" ObjVorlage="2013-09-11 00:00:00.0" ObKeinKontakt="1" ObjArtID="1" Merkmal="0.0"/>
  <Objekte ObjID="11915" ObjAufnahme="1998-05-17" ObjStrasseID="7343" ObjHausnummer="Leipziger Straße 77" ObjVorlage="2013-09-11 00:00:00.0" ObKeinKontakt="1" ObjArtID="1" Merkmal="0.0"/>
  <Objekte ObjID="11916" ObjAufnahme="1998-05-17" ObjStrasseID="7343" ObjHausnummer="Leipziger Straße 78" ObjVorlage="2013-09-11 00:00:00.0" ObKeinKontakt="1" ObjArtID="1" Merkmal="0.0"/>
  <Objekte ObjID="11917" ObjAufnahme="1998-05-17" ObjStrasseID="7343" ObjHausnummer="Leipziger Straße 79" ObjVorlage="2013-09-11 00:00:00.0" ObKeinKontakt="1" ObjArtID="1" Merkmal="0.0"/>
  <Objekte ObjID="11918" ObjAufnahme="1998-05-17" ObjStrasseID="7343" ObjHausnummer="Leipziger Straße 80" ObjVorlage="2013-09-11 00:00:00.0" ObKeinKontakt="1" ObjArtID="1" Merkmal="0.0"/>
  <Objekte ObjID="11919" ObjAufnahme="1998-05-17" ObjStrasseID="7343" ObjHausnummer="Leipziger Straße 81" ObjVorlage="2013-09-11 00:00:00.0" ObKeinKontakt="1" ObjArtID="1" Merkmal="0.0"/>
  <Objekte ObjID="11920" ObjAufnahme="1998-05-17" ObjStrasseID="7343" ObjHausnummer="Leipziger Straße 82" ObjVorlage="2013-09-11 00:00:00.0" ObKeinKontakt="1" ObjArtID="1" Merkmal="0.0"/>
  <Objekte ObjID="11921" ObjAufnahme="1998-05-17" ObjStrasseID="7343" ObjHausnummer="Leipziger Straße 83" ObjVorlage="2013-09-11 00:00:00.0" ObKeinKontakt="1" ObjArtID="1" Merkmal="0.0"/>
  <Objekte ObjID="11922" ObjAufnahme="1998-05-17" ObjStrasseID="7343" ObjHausnummer="Leipziger Straße 84" ObjVorlage="2013-09-11 00:00:00.0" ObKeinKontakt="1" ObjArtID="1" Merkmal="0.0"/>
  <Objekte ObjID="11923" ObjAufnahme="1998-05-17" ObjStrasseID="7343" ObjHausnummer="Leipziger Straße 85" ObjVorlage="2013-09-11 00:00:00.0" ObKeinKontakt="1" ObjArtID="1" Merkmal="0.0"/>
  <Objekte ObjID="11924" ObjAufnahme="1998-05-17" ObjStrasseID="7343" ObjHausnummer="Leipziger Straße 86" ObjVorlage="2013-09-11 00:00:00.0" ObKeinKontakt="1" ObjArtID="1" Merkmal="0.0"/>
  <Objekte ObjID="11925" ObjAufnahme="1998-05-17" ObjStrasseID="7343" ObjHausnummer="Leipziger Straße 88" ObjVorlage="2013-09-11 00:00:00.0" ObKeinKontakt="1" ObjArtID="1" Merkmal="0.0"/>
  <Objekte ObjID="11926" ObjAufnahme="1998-05-17" ObjStrasseID="7343" ObjHausnummer="Leipziger Straße 90" ObjVorlage="2013-09-11 00:00:00.0" ObKeinKontakt="1" ObjArtID="1" Merkmal="0.0"/>
  <Objekte ObjID="11927" ObjAufnahme="1998-05-17" ObjStrasseID="7343" ObjHausnummer="Leipziger Straße 92" ObjVorlage="2013-09-11 00:00:00.0" ObKeinKontakt="1" ObjArtID="1" Merkmal="0.0"/>
  <Objekte ObjID="11928" ObjAufnahme="1998-05-17" ObjStrasseID="7343" ObjHausnummer="Leipziger Straße 94" ObjVorlage="2013-09-11 00:00:00.0" ObKeinKontakt="1" ObjArtID="1" Merkmal="0.0"/>
  <Objekte ObjID="11929" ObjAufnahme="1998-05-17" ObjStrasseID="7343" ObjHausnummer="Leipziger Straße 95" ObjVorlage="2013-09-11 00:00:00.0" ObKeinKontakt="1" ObjArtID="1" Merkmal="0.0"/>
  <Objekte ObjID="11930" ObjAufnahme="1998-05-17" ObjStrasseID="7343" ObjHausnummer="Leipziger Straße 96" ObjVorlage="2013-09-11 00:00:00.0" ObKeinKontakt="1" ObjArtID="1" Merkmal="0.0"/>
  <Objekte ObjID="11931" ObjAufnahme="1998-05-17" ObjStrasseID="7343" ObjHausnummer="Leipziger Straße 97" ObjVorlage="2013-09-11 00:00:00.0" ObKeinKontakt="1" ObjArtID="1" Merkmal="0.0"/>
  <Objekte ObjID="11932" ObjAufnahme="1998-05-17" ObjStrasseID="7343" ObjHausnummer="Leipziger Straße 98" ObjVorlage="2013-09-11 00:00:00.0" ObKeinKontakt="1" ObjArtID="1" Merkmal="0.0"/>
  <Objekte ObjID="11933" ObjAufnahme="1998-05-17" ObjStrasseID="7343" ObjHausnummer="Leipziger Straße 99" ObjVorlage="2013-09-11 00:00:00.0" ObKeinKontakt="1" ObjArtID="1" Merkmal="0.0"/>
  <Objekte ObjID="11934" ObjAufnahme="1998-05-17" ObjStrasseID="7343" ObjHausnummer="Leipziger Straße 111" ObjVorlage="2013-09-11 00:00:00.0" ObKeinKontakt="1" ObjArtID="1" Merkmal="0.0"/>
  <Objekte ObjID="11935" ObjAufnahme="1998-05-17" ObjStrasseID="7343" ObjHausnummer="Leipziger Straße 111A" ObjVorlage="2013-09-11 00:00:00.0" ObKeinKontakt="1" ObjArtID="1" Merkmal="0.0"/>
  <Objekte ObjID="11936" ObjAufnahme="1998-05-17" ObjStrasseID="7343" ObjHausnummer="Leipziger Straße 20" ObjVorlage="2013-09-11 00:00:00.0" ObKeinKontakt="1" ObjArtID="1" Merkmal="0.0"/>
  <Objekte ObjID="11937" ObjAufnahme="1998-05-17" ObjStrasseID="7359" ObjHausnummer="Lerchenstieg 1" ObjVorlage="2013-09-11 00:00:00.0" ObKeinKontakt="1" ObjArtID="1" Merkmal="0.0"/>
  <Objekte ObjID="11938" ObjAufnahme="1998-05-17" ObjStrasseID="7359" ObjHausnummer="Lerchenstieg 1A" ObjVorlage="2013-09-11 00:00:00.0" ObKeinKontakt="1" ObjArtID="1" Merkmal="0.0"/>
  <Objekte ObjID="11939" ObjAufnahme="1998-05-17" ObjStrasseID="7378" ObjHausnummer="Liegnitzer Weg 1" ObjVorlage="2013-09-11 00:00:00.0" ObKeinKontakt="1" ObjArtID="1" Merkmal="0.0"/>
  <Objekte ObjID="11940" ObjAufnahme="1998-05-17" ObjStrasseID="7378" ObjHausnummer="Liegnitzer Weg 3" ObjVorlage="2013-09-11 00:00:00.0" ObKeinKontakt="1" ObjArtID="1" Merkmal="0.0"/>
  <Objekte ObjID="11941" ObjAufnahme="1998-05-17" ObjStrasseID="7378" ObjHausnummer="Liegnitzer Weg 5" ObjVorlage="2013-09-11 00:00:00.0" ObKeinKontakt="1" ObjArtID="1" Merkmal="0.0"/>
  <Objekte ObjID="11942" ObjAufnahme="1998-05-17" ObjStrasseID="7393" ObjHausnummer="Lindener Weg 7" ObjVorlage="2013-09-11 00:00:00.0" ObKeinKontakt="1" ObjArtID="1" Merkmal="0.0"/>
  <Objekte ObjID="11943" ObjAufnahme="1998-05-17" ObjStrasseID="7393" ObjHausnummer="Lindener Weg 7A" ObjVorlage="2013-09-11 00:00:00.0" ObKeinKontakt="1" ObjArtID="1" Merkmal="0.0"/>
  <Objekte ObjID="11944" ObjAufnahme="1998-05-17" ObjStrasseID="7393" ObjHausnummer="Lindener Weg 7B" ObjVorlage="2013-09-11 00:00:00.0" ObKeinKontakt="1" ObjArtID="1" Merkmal="0.0"/>
  <Objekte ObjID="11945" ObjAufnahme="1998-05-17" ObjStrasseID="7393" ObjHausnummer="Lindener Weg 7C" ObjVorlage="2013-09-11 00:00:00.0" ObKeinKontakt="1" ObjArtID="1" Merkmal="0.0"/>
  <Objekte ObjID="11946" ObjAufnahme="1998-05-17" ObjStrasseID="7393" ObjHausnummer="Lindener Weg 23" ObjVorlage="2013-09-11 00:00:00.0" ObKeinKontakt="1" ObjArtID="1" Merkmal="0.0"/>
  <Objekte ObjID="11947" ObjAufnahme="1998-05-17" ObjStrasseID="7393" ObjHausnummer="Lindener Weg 25" ObjVorlage="2013-09-11 00:00:00.0" ObKeinKontakt="1" ObjArtID="1" Merkmal="0.0"/>
  <Objekte ObjID="11948" ObjAufnahme="1998-05-17" ObjStrasseID="7393" ObjHausnummer="Lindener Weg 27" ObjVorlage="2013-09-11 00:00:00.0" ObKeinKontakt="1" ObjArtID="1" Merkmal="0.0"/>
  <Objekte ObjID="11949" ObjAufnahme="1998-05-17" ObjStrasseID="7393" ObjHausnummer="Lindener Weg 29" ObjVorlage="2013-09-11 00:00:00.0" ObKeinKontakt="1" ObjArtID="1" Merkmal="0.0"/>
  <Objekte ObjID="11950" ObjAufnahme="1998-05-17" ObjStrasseID="7393" ObjHausnummer="Lindener Weg 31" ObjVorlage="2013-09-11 00:00:00.0" ObKeinKontakt="1" ObjArtID="1" Merkmal="0.0"/>
  <Objekte ObjID="11951" ObjAufnahme="1998-05-17" ObjStrasseID="7393" ObjHausnummer="Lindener Weg 33" ObjVorlage="2013-09-11 00:00:00.0" ObKeinKontakt="1" ObjArtID="1" Merkmal="0.0"/>
  <Objekte ObjID="11952" ObjAufnahme="1998-05-17" ObjStrasseID="7393" ObjHausnummer="Lindener Weg 35" ObjVorlage="2013-09-11 00:00:00.0" ObKeinKontakt="1" ObjArtID="1" Merkmal="0.0"/>
  <Objekte ObjID="11953" ObjAufnahme="1998-05-17" ObjStrasseID="7427" ObjHausnummer="Löwenzahnweg 1" ObjVorlage="2013-09-11 00:00:00.0" ObKeinKontakt="1" ObjArtID="1" Merkmal="0.0"/>
  <Objekte ObjID="11954" ObjAufnahme="1998-05-17" ObjStrasseID="7427" ObjHausnummer="Löwenzahnweg 2" ObjVorlage="2013-09-11 00:00:00.0" ObKeinKontakt="1" ObjArtID="1" Merkmal="0.0"/>
  <Objekte ObjID="11955" ObjAufnahme="1998-05-17" ObjStrasseID="7427" ObjHausnummer="Löwenzahnweg 3" ObjVorlage="2013-09-11 00:00:00.0" ObKeinKontakt="1" ObjArtID="1" Merkmal="0.0"/>
  <Objekte ObjID="11956" ObjAufnahme="1998-05-17" ObjStrasseID="7427" ObjHausnummer="Löwenzahnweg 4" ObjVorlage="2013-09-11 00:00:00.0" ObKeinKontakt="1" ObjArtID="1" Merkmal="0.0"/>
  <Objekte ObjID="11957" ObjAufnahme="1998-05-17" ObjStrasseID="7427" ObjHausnummer="Löwenzahnweg 5" ObjVorlage="2013-09-11 00:00:00.0" ObKeinKontakt="1" ObjArtID="1" Merkmal="0.0"/>
  <Objekte ObjID="11958" ObjAufnahme="1998-05-17" ObjStrasseID="7439" ObjHausnummer="Ludwig-Richter-Straße 1" ObjVorlage="2013-09-11 00:00:00.0" ObKeinKontakt="1" ObjArtID="1" Merkmal="0.0"/>
  <Objekte ObjID="11959" ObjAufnahme="1998-05-17" ObjStrasseID="7439" ObjHausnummer="Ludwig-Richter-Straße 2" ObjVorlage="2013-09-11 00:00:00.0" ObKeinKontakt="1" ObjArtID="1" Merkmal="0.0"/>
  <Objekte ObjID="11960" ObjAufnahme="1998-05-17" ObjStrasseID="7439" ObjHausnummer="Ludwig-Richter-Straße 3" ObjVorlage="2013-09-11 00:00:00.0" ObKeinKontakt="1" ObjArtID="1" Merkmal="0.0"/>
  <Objekte ObjID="11961" ObjAufnahme="1998-05-17" ObjStrasseID="7439" ObjHausnummer="Ludwig-Richter-Straße 4" ObjVorlage="2013-09-11 00:00:00.0" ObKeinKontakt="1" ObjArtID="1" Merkmal="0.0"/>
  <Objekte ObjID="11962" ObjAufnahme="1998-05-17" ObjStrasseID="7439" ObjHausnummer="Ludwig-Richter-Straße 6" ObjVorlage="2013-09-11 00:00:00.0" ObKeinKontakt="1" ObjArtID="1" Merkmal="0.0"/>
  <Objekte ObjID="11963" ObjAufnahme="1998-05-17" ObjStrasseID="7439" ObjHausnummer="Ludwig-Richter-Straße 7" ObjVorlage="2013-09-11 00:00:00.0" ObKeinKontakt="1" ObjArtID="1" Merkmal="0.0"/>
  <Objekte ObjID="11964" ObjAufnahme="1998-05-17" ObjStrasseID="7439" ObjHausnummer="Ludwig-Richter-Straße 2A" ObjVorlage="2013-09-11 00:00:00.0" ObKeinKontakt="1" ObjArtID="1" Merkmal="0.0"/>
  <Objekte ObjID="11965" ObjAufnahme="1998-05-17" ObjStrasseID="7439" ObjHausnummer="Ludwig-Richter-Straße 3A" ObjVorlage="2013-09-11 00:00:00.0" ObKeinKontakt="1" ObjArtID="1" Merkmal="0.0"/>
  <Objekte ObjID="11966" ObjAufnahme="1998-05-17" ObjStrasseID="7439" ObjHausnummer="Ludwig-Richter-Straße 4A" ObjVorlage="2013-09-11 00:00:00.0" ObKeinKontakt="1" ObjArtID="1" Merkmal="0.0"/>
  <Objekte ObjID="11967" ObjAufnahme="1998-05-17" ObjStrasseID="7439" ObjHausnummer="Ludwig-Richter-Straße 5A" ObjVorlage="2013-09-11 00:00:00.0" ObKeinKontakt="1" ObjArtID="1" Merkmal="0.0"/>
  <Objekte ObjID="11968" ObjAufnahme="1998-05-17" ObjStrasseID="7439" ObjHausnummer="Ludwig-Richter-Straße 6A" ObjVorlage="2013-09-11 00:00:00.0" ObKeinKontakt="1" ObjArtID="1" Merkmal="0.0"/>
  <Objekte ObjID="11969" ObjAufnahme="1998-05-17" ObjStrasseID="7450" ObjHausnummer="Lüneburger Damm 42" ObjVorlage="2013-09-11 00:00:00.0" ObKeinKontakt="1" ObjArtID="1" Merkmal="0.0"/>
  <Objekte ObjID="11970" ObjAufnahme="1998-05-17" ObjStrasseID="7462" ObjHausnummer="Magdeburger Straße 1" ObjVorlage="2013-09-11 00:00:00.0" ObKeinKontakt="1" ObjArtID="1" Merkmal="0.0"/>
  <Objekte ObjID="11971" ObjAufnahme="1998-05-17" ObjStrasseID="7462" ObjHausnummer="Magdeburger Straße 3" ObjVorlage="2013-09-11 00:00:00.0" ObKeinKontakt="1" ObjArtID="1" Merkmal="0.0"/>
  <Objekte ObjID="11972" ObjAufnahme="1998-05-17" ObjStrasseID="7462" ObjHausnummer="Magdeburger Straße 5" ObjVorlage="2013-09-11 00:00:00.0" ObKeinKontakt="1" ObjArtID="1" Merkmal="0.0"/>
  <Objekte ObjID="11973" ObjAufnahme="1998-05-17" ObjStrasseID="7462" ObjHausnummer="Magdeburger Straße 7" ObjVorlage="2013-09-11 00:00:00.0" ObKeinKontakt="1" ObjArtID="1" Merkmal="0.0"/>
  <Objekte ObjID="11974" ObjAufnahme="1998-05-17" ObjStrasseID="7462" ObjHausnummer="Magdeburger Straße 9" ObjVorlage="2013-09-11 00:00:00.0" ObKeinKontakt="1" ObjArtID="1" Merkmal="0.0"/>
  <Objekte ObjID="11975" ObjAufnahme="1998-05-17" ObjStrasseID="7462" ObjHausnummer="Magdeburger Straße 11" ObjVorlage="2013-09-11 00:00:00.0" ObKeinKontakt="1" ObjArtID="1" Merkmal="0.0"/>
  <Objekte ObjID="11976" ObjAufnahme="1998-05-17" ObjStrasseID="7462" ObjHausnummer="Magdeburger Straße 13" ObjVorlage="2013-09-11 00:00:00.0" ObKeinKontakt="1" ObjArtID="1" Merkmal="0.0"/>
  <Objekte ObjID="11977" ObjAufnahme="1998-05-17" ObjStrasseID="7462" ObjHausnummer="Magdeburger Straße 15" ObjVorlage="2013-09-11 00:00:00.0" ObKeinKontakt="1" ObjArtID="1" Merkmal="0.0"/>
  <Objekte ObjID="11978" ObjAufnahme="1998-05-17" ObjStrasseID="7462" ObjHausnummer="Magdeburger Straße 17" ObjVorlage="2013-09-11 00:00:00.0" ObKeinKontakt="1" ObjArtID="1" Merkmal="0.0"/>
  <Objekte ObjID="11979" ObjAufnahme="1998-05-17" ObjStrasseID="7462" ObjHausnummer="Magdeburger Straße 19" ObjVorlage="2013-09-11 00:00:00.0" ObKeinKontakt="1" ObjArtID="1" Merkmal="0.0"/>
  <Objekte ObjID="11980" ObjAufnahme="1998-05-17" ObjStrasseID="7462" ObjHausnummer="Magdeburger Straße 21" ObjVorlage="2013-09-11 00:00:00.0" ObKeinKontakt="1" ObjArtID="1" Merkmal="0.0"/>
  <Objekte ObjID="11981" ObjAufnahme="1998-05-17" ObjStrasseID="7462" ObjHausnummer="Magdeburger Straße 23" ObjVorlage="2013-09-11 00:00:00.0" ObKeinKontakt="1" ObjArtID="1" Merkmal="0.0"/>
  <Objekte ObjID="11982" ObjAufnahme="1998-05-17" ObjStrasseID="7462" ObjHausnummer="Magdeburger Straße 25" ObjVorlage="2013-09-11 00:00:00.0" ObKeinKontakt="1" ObjArtID="1" Merkmal="0.0"/>
  <Objekte ObjID="11983" ObjAufnahme="1998-05-17" ObjStrasseID="7462" ObjHausnummer="Magdeburger Straße 27" ObjVorlage="2013-09-11 00:00:00.0" ObKeinKontakt="1" ObjArtID="1" Merkmal="0.0"/>
  <Objekte ObjID="11984" ObjAufnahme="1998-05-17" ObjStrasseID="7462" ObjHausnummer="Magdeburger Straße 29" ObjVorlage="2013-09-11 00:00:00.0" ObKeinKontakt="1" ObjArtID="1" Merkmal="0.0"/>
  <Objekte ObjID="11985" ObjAufnahme="1998-05-17" ObjStrasseID="7462" ObjHausnummer="Magdeburger Straße 31" ObjVorlage="2013-09-11 00:00:00.0" ObKeinKontakt="1" ObjArtID="1" Merkmal="0.0"/>
  <Objekte ObjID="11986" ObjAufnahme="1998-05-17" ObjStrasseID="7462" ObjHausnummer="Magdeburger Straße 33" ObjVorlage="2013-09-11 00:00:00.0" ObKeinKontakt="1" ObjArtID="1" Merkmal="0.0"/>
  <Objekte ObjID="11987" ObjAufnahme="1998-05-17" ObjStrasseID="7462" ObjHausnummer="Magdeburger Straße 35" ObjVorlage="2013-09-11 00:00:00.0" ObKeinKontakt="1" ObjArtID="1" Merkmal="0.0"/>
  <Objekte ObjID="11988" ObjAufnahme="1998-05-17" ObjStrasseID="7462" ObjHausnummer="Magdeburger Straße 37" ObjVorlage="2013-09-11 00:00:00.0" ObKeinKontakt="1" ObjArtID="1" Merkmal="0.0"/>
  <Objekte ObjID="11989" ObjAufnahme="1998-05-17" ObjStrasseID="7462" ObjHausnummer="Magdeburger Straße 39" ObjVorlage="2013-09-11 00:00:00.0" ObKeinKontakt="1" ObjArtID="1" Merkmal="0.0"/>
  <Objekte ObjID="11990" ObjAufnahme="1998-05-17" ObjStrasseID="7462" ObjHausnummer="Magdeburger Straße 10" ObjVorlage="2013-09-11 00:00:00.0" ObKeinKontakt="1" ObjArtID="1" Merkmal="0.0"/>
  <Objekte ObjID="11991" ObjAufnahme="1998-05-17" ObjStrasseID="7462" ObjHausnummer="Magdeburger Straße 12" ObjVorlage="2013-09-11 00:00:00.0" ObKeinKontakt="1" ObjArtID="1" Merkmal="0.0"/>
  <Objekte ObjID="11992" ObjAufnahme="1998-05-17" ObjStrasseID="7462" ObjHausnummer="Magdeburger Straße 14" ObjVorlage="2013-09-11 00:00:00.0" ObKeinKontakt="1" ObjArtID="1" Merkmal="0.0"/>
  <Objekte ObjID="11993" ObjAufnahme="1998-05-17" ObjStrasseID="7462" ObjHausnummer="Magdeburger Straße 16" ObjVorlage="2013-09-11 00:00:00.0" ObKeinKontakt="1" ObjArtID="1" Merkmal="0.0"/>
  <Objekte ObjID="11994" ObjAufnahme="1998-05-17" ObjStrasseID="7462" ObjHausnummer="Magdeburger Straße 18" ObjVorlage="2013-09-11 00:00:00.0" ObKeinKontakt="1" ObjArtID="1" Merkmal="0.0"/>
  <Objekte ObjID="11995" ObjAufnahme="1998-05-17" ObjStrasseID="7462" ObjHausnummer="Magdeburger Straße 20" ObjVorlage="2013-09-11 00:00:00.0" ObKeinKontakt="1" ObjArtID="1" Merkmal="0.0"/>
  <Objekte ObjID="11996" ObjAufnahme="1998-05-17" ObjStrasseID="7462" ObjHausnummer="Magdeburger Straße 22" ObjVorlage="2013-09-11 00:00:00.0" ObKeinKontakt="1" ObjArtID="1" Merkmal="0.0"/>
  <Objekte ObjID="11997" ObjAufnahme="1998-05-17" ObjStrasseID="7462" ObjHausnummer="Magdeburger Straße 24" ObjVorlage="2013-09-11 00:00:00.0" ObKeinKontakt="1" ObjArtID="1" Merkmal="0.0"/>
  <Objekte ObjID="11998" ObjAufnahme="1998-05-17" ObjStrasseID="7472" ObjHausnummer="Maneckestraße 2" ObjVorlage="2013-09-11 00:00:00.0" ObKeinKontakt="1" ObjArtID="1" Merkmal="0.0"/>
  <Objekte ObjID="11999" ObjAufnahme="1998-05-17" ObjStrasseID="7512" ObjHausnummer="Meißener Hof 1" ObjVorlage="2013-09-11 00:00:00.0" ObKeinKontakt="1" ObjArtID="1" Merkmal="0.0"/>
  <Objekte ObjID="12000" ObjAufnahme="1998-05-17" ObjStrasseID="7512" ObjHausnummer="Meißener Hof 2" ObjVorlage="2013-09-11 00:00:00.0" ObKeinKontakt="1" ObjArtID="1" Merkmal="0.0"/>
  <Objekte ObjID="12001" ObjAufnahme="1998-05-17" ObjStrasseID="7512" ObjHausnummer="Meißener Hof 3" ObjVorlage="2013-09-11 00:00:00.0" ObKeinKontakt="1" ObjArtID="1" Merkmal="0.0"/>
  <Objekte ObjID="12002" ObjAufnahme="1998-05-17" ObjStrasseID="7512" ObjHausnummer="Meißener Hof 4" ObjVorlage="2013-09-11 00:00:00.0" ObKeinKontakt="1" ObjArtID="1" Merkmal="0.0"/>
  <Objekte ObjID="12003" ObjAufnahme="1998-05-17" ObjStrasseID="7512" ObjHausnummer="Meißener Hof 5" ObjVorlage="2013-09-11 00:00:00.0" ObKeinKontakt="1" ObjArtID="1" Merkmal="0.0"/>
  <Objekte ObjID="12004" ObjAufnahme="1998-05-17" ObjStrasseID="7512" ObjHausnummer="Meißener Hof 6" ObjVorlage="2013-09-11 00:00:00.0" ObKeinKontakt="1" ObjArtID="1" Merkmal="0.0"/>
  <Objekte ObjID="12005" ObjAufnahme="1998-05-17" ObjStrasseID="7512" ObjHausnummer="Meißener Hof 7" ObjVorlage="2013-09-11 00:00:00.0" ObKeinKontakt="1" ObjArtID="1" Merkmal="0.0"/>
  <Objekte ObjID="12006" ObjAufnahme="1998-05-17" ObjStrasseID="7512" ObjHausnummer="Meißener Hof 9" ObjVorlage="2013-09-11 00:00:00.0" ObKeinKontakt="1" ObjArtID="1" Merkmal="0.0"/>
  <Objekte ObjID="12007" ObjAufnahme="1998-05-17" ObjStrasseID="7512" ObjHausnummer="Meißener Hof 11" ObjVorlage="2013-09-11 00:00:00.0" ObKeinKontakt="1" ObjArtID="1" Merkmal="0.0"/>
  <Objekte ObjID="12008" ObjAufnahme="1998-05-17" ObjStrasseID="7512" ObjHausnummer="Meißener Hof 12" ObjVorlage="2013-09-11 00:00:00.0" ObKeinKontakt="1" ObjArtID="1" Merkmal="0.0"/>
  <Objekte ObjID="12009" ObjAufnahme="1998-05-17" ObjStrasseID="7512" ObjHausnummer="Meißener Hof 14" ObjVorlage="2013-09-11 00:00:00.0" ObKeinKontakt="1" ObjArtID="1" Merkmal="0.0"/>
  <Objekte ObjID="12010" ObjAufnahme="1998-05-17" ObjStrasseID="7512" ObjHausnummer="Meißener Hof 16" ObjVorlage="2013-09-11 00:00:00.0" ObKeinKontakt="1" ObjArtID="1" Merkmal="0.0"/>
  <Objekte ObjID="12011" ObjAufnahme="1998-05-18" ObjStrasseID="7513" ObjHausnummer="Meitnerstraße 5" ObjVorlage="2013-09-11 00:00:00.0" ObKeinKontakt="1" ObjArtID="1" Merkmal="0.0"/>
  <Objekte ObjID="12012" ObjAufnahme="1998-05-18" ObjStrasseID="7513" ObjHausnummer="Meitnerstraße 5A" ObjVorlage="2013-09-11 00:00:00.0" ObKeinKontakt="1" ObjArtID="1" Merkmal="0.0"/>
  <Objekte ObjID="12013" ObjAufnahme="1998-05-18" ObjStrasseID="7513" ObjHausnummer="Meitnerstraße 5B" ObjVorlage="2013-09-11 00:00:00.0" ObKeinKontakt="1" ObjArtID="1" Merkmal="0.0"/>
  <Objekte ObjID="12014" ObjAufnahme="1998-05-18" ObjStrasseID="7513" ObjHausnummer="Meitnerstraße 5C" ObjVorlage="2013-09-11 00:00:00.0" ObKeinKontakt="1" ObjArtID="1" Merkmal="0.0"/>
  <Objekte ObjID="12015" ObjAufnahme="1998-05-18" ObjStrasseID="7513" ObjHausnummer="Meitnerstraße 5D" ObjVorlage="2013-09-11 00:00:00.0" ObKeinKontakt="1" ObjArtID="1" Merkmal="0.0"/>
  <Objekte ObjID="12016" ObjAufnahme="1998-05-18" ObjStrasseID="7611" ObjHausnummer="Neisser Weg 1" ObjVorlage="2013-09-11 00:00:00.0" ObKeinKontakt="1" ObjArtID="1" Merkmal="0.0"/>
  <Objekte ObjID="12017" ObjAufnahme="1998-05-18" ObjStrasseID="7611" ObjHausnummer="Neisser Weg 2" ObjVorlage="2013-09-11 00:00:00.0" ObKeinKontakt="1" ObjArtID="1" Merkmal="0.0"/>
  <Objekte ObjID="12018" ObjAufnahme="1998-05-18" ObjStrasseID="7611" ObjHausnummer="Neisser Weg 3" ObjVorlage="2013-09-11 00:00:00.0" ObKeinKontakt="1" ObjArtID="1" Merkmal="0.0"/>
  <Objekte ObjID="12019" ObjAufnahme="1998-05-18" ObjStrasseID="7611" ObjHausnummer="Neisser Weg 4" ObjVorlage="2013-09-11 00:00:00.0" ObKeinKontakt="1" ObjArtID="1" Merkmal="0.0"/>
  <Objekte ObjID="12020" ObjAufnahme="1998-05-18" ObjStrasseID="7611" ObjHausnummer="Neisser Weg 5" ObjVorlage="2013-09-11 00:00:00.0" ObKeinKontakt="1" ObjArtID="1" Merkmal="0.0"/>
  <Objekte ObjID="12021" ObjAufnahme="1998-05-18" ObjStrasseID="7732" ObjHausnummer="Paracelsusweg 1" ObjVorlage="2013-09-11 00:00:00.0" ObKeinKontakt="1" ObjArtID="1" Merkmal="0.0"/>
  <Objekte ObjID="12022" ObjAufnahme="1998-05-18" ObjStrasseID="7732" ObjHausnummer="Paracelsusweg 2" ObjVorlage="2013-09-11 00:00:00.0" ObKeinKontakt="1" ObjArtID="1" Merkmal="0.0"/>
  <Objekte ObjID="12023" ObjAufnahme="1998-05-18" ObjStrasseID="7732" ObjHausnummer="Paracelsusweg 3" ObjVorlage="2013-09-11 00:00:00.0" ObKeinKontakt="1" ObjArtID="1" Merkmal="0.0"/>
  <Objekte ObjID="12024" ObjAufnahme="1998-05-18" ObjStrasseID="7732" ObjHausnummer="Paracelsusweg 4" ObjVorlage="2013-09-11 00:00:00.0" ObKeinKontakt="1" ObjArtID="1" Merkmal="0.0"/>
  <Objekte ObjID="12025" ObjAufnahme="1998-05-18" ObjStrasseID="7732" ObjHausnummer="Paracelsusweg 5" ObjVorlage="2013-09-11 00:00:00.0" ObKeinKontakt="1" ObjArtID="1" Merkmal="0.0"/>
  <Objekte ObjID="12026" ObjAufnahme="1998-05-18" ObjStrasseID="7732" ObjHausnummer="Paracelsusweg 6" ObjVorlage="2013-09-11 00:00:00.0" ObKeinKontakt="1" ObjArtID="1" Merkmal="0.0"/>
  <Objekte ObjID="12027" ObjAufnahme="1998-05-18" ObjStrasseID="7732" ObjHausnummer="Paracelsusweg 7" ObjVorlage="2013-09-11 00:00:00.0" ObKeinKontakt="1" ObjArtID="1" Merkmal="0.0"/>
  <Objekte ObjID="12028" ObjAufnahme="1998-05-18" ObjStrasseID="7732" ObjHausnummer="Paracelsusweg 8" ObjVorlage="2013-09-11 00:00:00.0" ObKeinKontakt="1" ObjArtID="1" Merkmal="0.0"/>
  <Objekte ObjID="12029" ObjAufnahme="1998-05-18" ObjStrasseID="7732" ObjHausnummer="Paracelsusweg 9" ObjVorlage="2013-09-11 00:00:00.0" ObKeinKontakt="1" ObjArtID="1" Merkmal="0.0"/>
  <Objekte ObjID="12030" ObjAufnahme="1998-05-18" ObjStrasseID="7732" ObjHausnummer="Paracelsusweg 10" ObjVorlage="2013-09-11 00:00:00.0" ObKeinKontakt="1" ObjArtID="1" Merkmal="0.0"/>
  <Objekte ObjID="12031" ObjAufnahme="1998-05-18" ObjStrasseID="7732" ObjHausnummer="Paracelsusweg 11" ObjVorlage="2013-09-11 00:00:00.0" ObKeinKontakt="1" ObjArtID="1" Merkmal="0.0"/>
  <Objekte ObjID="12032" ObjAufnahme="1998-05-18" ObjStrasseID="7732" ObjHausnummer="Paracelsusweg 12" ObjVorlage="2013-09-11 00:00:00.0" ObKeinKontakt="1" ObjArtID="1" Merkmal="0.0"/>
  <Objekte ObjID="12033" ObjAufnahme="1998-05-18" ObjStrasseID="7732" ObjHausnummer="Paracelsusweg 13" ObjVorlage="2013-09-11 00:00:00.0" ObKeinKontakt="1" ObjArtID="1" Merkmal="0.0"/>
  <Objekte ObjID="12034" ObjAufnahme="1998-05-18" ObjStrasseID="7732" ObjHausnummer="Paracelsusweg 14" ObjVorlage="2013-09-11 00:00:00.0" ObKeinKontakt="1" ObjArtID="1" Merkmal="0.0"/>
  <Objekte ObjID="12035" ObjAufnahme="1998-05-18" ObjStrasseID="7732" ObjHausnummer="Paracelsusweg 15" ObjVorlage="2013-09-11 00:00:00.0" ObKeinKontakt="1" ObjArtID="1" Merkmal="0.0"/>
  <Objekte ObjID="12036" ObjAufnahme="1998-05-18" ObjStrasseID="7732" ObjHausnummer="Paracelsusweg 16" ObjVorlage="2013-09-11 00:00:00.0" ObKeinKontakt="1" ObjArtID="1" Merkmal="0.0"/>
  <Objekte ObjID="12037" ObjAufnahme="1998-05-18" ObjStrasseID="7732" ObjHausnummer="Paracelsusweg 17" ObjVorlage="2013-09-11 00:00:00.0" ObKeinKontakt="1" ObjArtID="1" Merkmal="0.0"/>
  <Objekte ObjID="12038" ObjAufnahme="1998-05-18" ObjStrasseID="7732" ObjHausnummer="Paracelsusweg 18" ObjVorlage="2013-09-11 00:00:00.0" ObKeinKontakt="1" ObjArtID="1" Merkmal="0.0"/>
  <Objekte ObjID="12039" ObjAufnahme="1998-05-18" ObjStrasseID="7732" ObjHausnummer="Paracelsusweg 19" ObjVorlage="2013-09-11 00:00:00.0" ObKeinKontakt="1" ObjArtID="1" Merkmal="0.0"/>
  <Objekte ObjID="12040" ObjAufnahme="1998-05-18" ObjStrasseID="7772" ObjHausnummer="Pfarrlandstraße 1" ObjVorlage="2013-09-11 00:00:00.0" ObKeinKontakt="1" ObjArtID="1" Merkmal="0.0"/>
  <Objekte ObjID="12041" ObjAufnahme="1998-05-18" ObjStrasseID="7772" ObjHausnummer="Pfarrlandstraße 3" ObjVorlage="2013-09-11 00:00:00.0" ObKeinKontakt="1" ObjArtID="1" Merkmal="0.0"/>
  <Objekte ObjID="12042" ObjAufnahme="1998-05-18" ObjStrasseID="7772" ObjHausnummer="Pfarrlandstraße 5" ObjVorlage="2013-09-11 00:00:00.0" ObKeinKontakt="1" ObjArtID="1" Merkmal="0.0"/>
  <Objekte ObjID="12043" ObjAufnahme="1998-05-18" ObjStrasseID="7793" ObjHausnummer="Plauener Straße 2" ObjVorlage="2013-09-11 00:00:00.0" ObKeinKontakt="1" ObjArtID="1" Merkmal="0.0"/>
  <Objekte ObjID="12044" ObjAufnahme="1998-05-18" ObjStrasseID="7793" ObjHausnummer="Plauener Straße 3" ObjVorlage="2013-09-11 00:00:00.0" ObKeinKontakt="1" ObjArtID="1" Merkmal="0.0"/>
  <Objekte ObjID="12045" ObjAufnahme="1998-05-18" ObjStrasseID="7793" ObjHausnummer="Plauener Straße 4" ObjVorlage="2013-09-11 00:00:00.0" ObKeinKontakt="1" ObjArtID="1" Merkmal="0.0"/>
  <Objekte ObjID="12046" ObjAufnahme="1998-05-18" ObjStrasseID="7793" ObjHausnummer="Plauener Straße 5" ObjVorlage="2013-09-11 00:00:00.0" ObKeinKontakt="1" ObjArtID="1" Merkmal="0.0"/>
  <Objekte ObjID="12047" ObjAufnahme="1998-05-18" ObjStrasseID="7793" ObjHausnummer="Plauener Straße 6" ObjVorlage="2013-09-11 00:00:00.0" ObKeinKontakt="1" ObjArtID="1" Merkmal="0.0"/>
  <Objekte ObjID="12048" ObjAufnahme="1998-05-18" ObjStrasseID="7793" ObjHausnummer="Plauener Straße 7" ObjVorlage="2013-09-11 00:00:00.0" ObKeinKontakt="1" ObjArtID="1" Merkmal="0.0"/>
  <Objekte ObjID="12049" ObjAufnahme="1998-05-18" ObjStrasseID="7793" ObjHausnummer="Plauener Straße 8" ObjVorlage="2013-09-11 00:00:00.0" ObKeinKontakt="1" ObjArtID="1" Merkmal="0.0"/>
  <Objekte ObjID="12050" ObjAufnahme="1998-05-18" ObjStrasseID="7793" ObjHausnummer="Plauener Straße 9" ObjVorlage="2013-09-11 00:00:00.0" ObKeinKontakt="1" ObjArtID="1" Merkmal="0.0"/>
  <Objekte ObjID="12051" ObjAufnahme="1998-05-18" ObjStrasseID="7793" ObjHausnummer="Plauener Straße 11" ObjVorlage="2013-09-11 00:00:00.0" ObKeinKontakt="1" ObjArtID="1" Merkmal="0.0"/>
  <Objekte ObjID="12052" ObjAufnahme="1998-05-18" ObjStrasseID="7793" ObjHausnummer="Plauener Straße 13" ObjVorlage="2013-09-11 00:00:00.0" ObKeinKontakt="1" ObjArtID="1" Merkmal="0.0"/>
  <Objekte ObjID="12053" ObjAufnahme="1998-05-18" ObjStrasseID="7793" ObjHausnummer="Plauener Straße 14" ObjVorlage="2013-09-11 00:00:00.0" ObKeinKontakt="1" ObjArtID="1" Merkmal="0.0"/>
  <Objekte ObjID="12054" ObjAufnahme="1998-05-18" ObjStrasseID="7793" ObjHausnummer="Plauener Straße 15" ObjVorlage="2013-09-11 00:00:00.0" ObKeinKontakt="1" ObjArtID="1" Merkmal="0.0"/>
  <Objekte ObjID="12055" ObjAufnahme="1998-05-18" ObjStrasseID="7793" ObjHausnummer="Plauener Straße 16" ObjVorlage="2013-09-11 00:00:00.0" ObKeinKontakt="1" ObjArtID="1" Merkmal="0.0"/>
  <Objekte ObjID="12056" ObjAufnahme="1998-05-18" ObjStrasseID="7793" ObjHausnummer="Plauener Straße 17" ObjVorlage="2013-09-11 00:00:00.0" ObKeinKontakt="1" ObjArtID="1" Merkmal="0.0"/>
  <Objekte ObjID="12057" ObjAufnahme="1998-05-18" ObjStrasseID="7793" ObjHausnummer="Plauener Straße 18" ObjVorlage="2013-09-11 00:00:00.0" ObKeinKontakt="1" ObjArtID="1" Merkmal="0.0"/>
  <Objekte ObjID="12058" ObjAufnahme="1998-05-18" ObjStrasseID="7793" ObjHausnummer="Plauener Straße 19" ObjVorlage="2013-09-11 00:00:00.0" ObKeinKontakt="1" ObjArtID="1" Merkmal="0.0"/>
  <Objekte ObjID="12059" ObjAufnahme="1998-05-18" ObjStrasseID="7793" ObjHausnummer="Plauener Straße 20" ObjVorlage="2013-09-11 00:00:00.0" ObKeinKontakt="1" ObjArtID="1" Merkmal="0.0"/>
  <Objekte ObjID="12060" ObjAufnahme="1998-05-18" ObjStrasseID="7793" ObjHausnummer="Plauener Straße 22" ObjVorlage="2013-09-11 00:00:00.0" ObKeinKontakt="1" ObjArtID="1" Merkmal="0.0"/>
  <Objekte ObjID="12061" ObjAufnahme="1998-05-18" ObjStrasseID="7793" ObjHausnummer="Plauener Straße 23" ObjVorlage="2013-09-11 00:00:00.0" ObKeinKontakt="1" ObjArtID="160" Merkmal="0.0"/>
  <Objekte ObjID="12062" ObjAufnahme="1998-05-18" ObjStrasseID="7793" ObjHausnummer="Plauener Straße 24" ObjVorlage="2013-09-11 00:00:00.0" ObKeinKontakt="1" ObjArtID="1" Merkmal="0.0"/>
  <Objekte ObjID="12063" ObjAufnahme="1998-05-18" ObjLetztKontakt="2002-07-19" ObjStrasseID="7793" ObjHausnummer="Plauener Straße 25" ObjVorlage="2013-09-11 00:00:00.0" ObKeinKontakt="6" ObjArtID="77" Merkmal="0.0"/>
  <Objekte ObjID="12064" ObjAufnahme="1998-05-18" ObjStrasseID="7793" ObjHausnummer="Plauener Straße 29" ObjVorlage="2013-09-11 00:00:00.0" ObKeinKontakt="1" ObjArtID="1" Merkmal="0.0"/>
  <Objekte ObjID="12065" ObjAufnahme="1998-05-18" ObjStrasseID="7793" ObjHausnummer="Plauener Straße 31" ObjVorlage="2013-09-11 00:00:00.0" ObKeinKontakt="1" ObjArtID="1" Merkmal="0.0"/>
  <Objekte ObjID="12066" ObjAufnahme="1998-05-18" ObjStrasseID="7793" ObjHausnummer="Plauener Straße 33" ObjVorlage="2013-09-11 00:00:00.0" ObKeinKontakt="1" ObjArtID="1" Merkmal="0.0"/>
  <Objekte ObjID="12067" ObjAufnahme="1998-05-18" ObjStrasseID="7793" ObjHausnummer="Plauener Straße 35" ObjVorlage="2013-09-11 00:00:00.0" ObKeinKontakt="1" ObjArtID="1" Merkmal="0.0"/>
  <Objekte ObjID="12068" ObjAufnahme="1998-05-18" ObjStrasseID="7811" ObjHausnummer="Posthornstraße 15" ObjVorlage="2013-09-11 00:00:00.0" ObKeinKontakt="1" ObjArtID="1" Merkmal="0.0"/>
  <Objekte ObjID="12069" ObjAufnahme="1998-05-18" ObjStrasseID="7821" ObjHausnummer="Prußweg 1" ObjVorlage="2013-09-11 00:00:00.0" ObKeinKontakt="1" ObjArtID="1" Merkmal="0.0"/>
  <Objekte ObjID="12070" ObjAufnahme="1998-05-18" ObjStrasseID="7821" ObjHausnummer="Prußweg 2" ObjVorlage="2013-09-11 00:00:00.0" ObKeinKontakt="1" ObjArtID="1" Merkmal="0.0"/>
  <Objekte ObjID="12071" ObjAufnahme="1998-05-18" ObjStrasseID="7821" ObjHausnummer="Prußweg 3" ObjVorlage="2013-09-11 00:00:00.0" ObKeinKontakt="1" ObjArtID="1" Merkmal="0.0"/>
  <Objekte ObjID="12072" ObjAufnahme="1998-05-18" ObjStrasseID="7821" ObjHausnummer="Prußweg 4" ObjVorlage="2013-09-11 00:00:00.0" ObKeinKontakt="1" ObjArtID="1" Merkmal="0.0"/>
  <Objekte ObjID="12073" ObjAufnahme="1998-05-18" ObjStrasseID="7821" ObjHausnummer="Prußweg 5" ObjVorlage="2013-09-11 00:00:00.0" ObKeinKontakt="1" ObjArtID="1" Merkmal="0.0"/>
  <Objekte ObjID="12074" ObjAufnahme="1998-05-18" ObjStrasseID="7821" ObjHausnummer="Prußweg 6" ObjVorlage="2013-09-11 00:00:00.0" ObKeinKontakt="1" ObjArtID="1" Merkmal="0.0"/>
  <Objekte ObjID="12075" ObjAufnahme="1998-05-18" ObjStrasseID="7821" ObjHausnummer="Prußweg 7" ObjVorlage="2013-09-11 00:00:00.0" ObKeinKontakt="1" ObjArtID="1" Merkmal="0.0"/>
  <Objekte ObjID="12076" ObjAufnahme="1998-05-18" ObjStrasseID="7821" ObjHausnummer="Prußweg 8" ObjVorlage="2013-09-11 00:00:00.0" ObKeinKontakt="1" ObjArtID="1" Merkmal="0.0"/>
  <Objekte ObjID="12077" ObjAufnahme="1998-05-18" ObjStrasseID="7821" ObjHausnummer="Prußweg 9" ObjVorlage="2013-09-11 00:00:00.0" ObKeinKontakt="1" ObjArtID="1" Merkmal="0.0"/>
  <Objekte ObjID="12078" ObjAufnahme="1998-05-18" ObjStrasseID="7821" ObjHausnummer="Prußweg 10" ObjVorlage="2013-09-11 00:00:00.0" ObKeinKontakt="1" ObjArtID="1" Merkmal="0.0"/>
  <Objekte ObjID="12079" ObjAufnahme="1998-05-18" ObjStrasseID="7821" ObjHausnummer="Prußweg 15" ObjVorlage="2013-09-11 00:00:00.0" ObKeinKontakt="1" ObjArtID="1" Merkmal="0.0"/>
  <Objekte ObjID="12080" ObjAufnahme="1998-05-18" ObjStrasseID="7821" ObjHausnummer="Prußweg 17" ObjVorlage="2013-09-11 00:00:00.0" ObKeinKontakt="1" ObjArtID="1" Merkmal="0.0"/>
  <Objekte ObjID="12081" ObjAufnahme="1998-05-18" ObjStrasseID="7821" ObjHausnummer="Prußweg 19" ObjVorlage="2013-09-11 00:00:00.0" ObKeinKontakt="1" ObjArtID="1" Merkmal="0.0"/>
  <Objekte ObjID="12082" ObjAufnahme="1998-05-18" ObjStrasseID="7821" ObjHausnummer="Prußweg 21" ObjVorlage="2013-09-11 00:00:00.0" ObKeinKontakt="1" ObjArtID="1" Merkmal="0.0"/>
  <Objekte ObjID="12083" ObjAufnahme="1998-05-18" ObjStrasseID="7848" ObjHausnummer="Ratiborer Weg 1" ObjVorlage="2013-09-11 00:00:00.0" ObKeinKontakt="1" ObjArtID="1" Merkmal="0.0"/>
  <Objekte ObjID="12084" ObjAufnahme="1998-05-18" ObjStrasseID="7848" ObjHausnummer="Ratiborer Weg 2" ObjVorlage="2013-09-11 00:00:00.0" ObKeinKontakt="1" ObjArtID="1" Merkmal="0.0"/>
  <Objekte ObjID="12085" ObjAufnahme="1998-05-18" ObjStrasseID="7848" ObjHausnummer="Ratiborer Weg 3" ObjVorlage="2013-09-11 00:00:00.0" ObKeinKontakt="1" ObjArtID="1" Merkmal="0.0"/>
  <Objekte ObjID="12086" ObjAufnahme="1998-05-18" ObjStrasseID="7860" ObjHausnummer="Rehbockstraße 10" ObjVorlage="2013-09-11 00:00:00.0" ObKeinKontakt="1" ObjArtID="1" Merkmal="0.0"/>
  <Objekte ObjID="12087" ObjAufnahme="1998-05-18" ObjStrasseID="4102" ObjHausnummer="Lange-Feld-Straße 1" ObjVorlage="2013-09-11 00:00:00.0" ObKeinKontakt="1" ObjArtID="1" Merkmal="0.0"/>
  <Objekte ObjID="12088" ObjAufnahme="1998-05-18" ObjStrasseID="4102" ObjHausnummer="Lange-Feld-Straße 2" ObjVorlage="2013-09-11 00:00:00.0" ObKeinKontakt="1" ObjArtID="1" Merkmal="0.0"/>
  <Objekte ObjID="12089" ObjAufnahme="1998-05-18" ObjStrasseID="4102" ObjHausnummer="Lange-Feld-Straße 3" ObjVorlage="2013-09-11 00:00:00.0" ObKeinKontakt="1" ObjArtID="1" Merkmal="0.0"/>
  <Objekte ObjID="12090" ObjAufnahme="1998-05-18" ObjStrasseID="4102" ObjHausnummer="Lange-Feld-Straße 5" ObjVorlage="2013-09-11 00:00:00.0" ObKeinKontakt="1" ObjArtID="1" Merkmal="0.0"/>
  <Objekte ObjID="12091" ObjAufnahme="1998-05-18" ObjStrasseID="4102" ObjHausnummer="Lange-Feld-Straße 6" ObjVorlage="2013-09-11 00:00:00.0" ObKeinKontakt="1" ObjArtID="1" Merkmal="0.0"/>
  <Objekte ObjID="12092" ObjAufnahme="1998-05-18" ObjStrasseID="4102" ObjHausnummer="Lange-Feld-Straße 7" ObjVorlage="2013-09-11 00:00:00.0" ObKeinKontakt="1" ObjArtID="1" Merkmal="0.0"/>
  <Objekte ObjID="12093" ObjAufnahme="1998-05-18" ObjStrasseID="4102" ObjHausnummer="Lange-Feld-Straße 8" ObjVorlage="2013-09-11 00:00:00.0" ObKeinKontakt="1" ObjArtID="1" Merkmal="0.0"/>
  <Objekte ObjID="12094" ObjAufnahme="1998-05-18" ObjStrasseID="4102" ObjHausnummer="Lange-Feld-Straße 10" ObjVorlage="2013-09-11 00:00:00.0" ObKeinKontakt="1" ObjArtID="1" Merkmal="0.0"/>
  <Objekte ObjID="12095" ObjAufnahme="1998-05-18" ObjStrasseID="4102" ObjHausnummer="Lange-Feld-Straße 10A" ObjVorlage="2013-09-11 00:00:00.0" ObKeinKontakt="1" ObjArtID="1" Merkmal="0.0"/>
  <Objekte ObjID="12096" ObjAufnahme="1998-05-18" ObjStrasseID="4102" ObjHausnummer="Lange-Feld-Straße 11" ObjVorlage="2013-09-11 00:00:00.0" ObKeinKontakt="1" ObjArtID="1" Merkmal="0.0"/>
  <Objekte ObjID="12097" ObjAufnahme="1998-05-18" ObjStrasseID="4102" ObjHausnummer="Lange-Feld-Straße 12" ObjVorlage="2013-09-11 00:00:00.0" ObKeinKontakt="1" ObjArtID="1" Merkmal="0.0"/>
  <Objekte ObjID="12098" ObjAufnahme="1998-05-18" ObjStrasseID="4102" ObjHausnummer="Lange-Feld-Straße 13" ObjVorlage="2013-09-11 00:00:00.0" ObKeinKontakt="1" ObjArtID="1" Merkmal="0.0"/>
  <Objekte ObjID="12099" ObjAufnahme="1998-05-18" ObjStrasseID="4102" ObjHausnummer="Lange-Feld-Straße 14" ObjVorlage="2013-09-11 00:00:00.0" ObKeinKontakt="1" ObjArtID="1" Merkmal="0.0"/>
  <Objekte ObjID="12100" ObjAufnahme="1998-05-18" ObjStrasseID="4102" ObjHausnummer="Lange-Feld-Straße 15" ObjVorlage="2013-09-11 00:00:00.0" ObKeinKontakt="1" ObjArtID="1" Merkmal="0.0"/>
  <Objekte ObjID="12101" ObjAufnahme="1998-05-18" ObjStrasseID="4102" ObjHausnummer="Lange-Feld-Straße 16" ObjVorlage="2013-09-11 00:00:00.0" ObKeinKontakt="1" ObjArtID="1" Merkmal="0.0"/>
  <Objekte ObjID="12102" ObjAufnahme="1998-05-18" ObjStrasseID="4102" ObjHausnummer="Lange-Feld-Straße 17" ObjVorlage="2013-09-11 00:00:00.0" ObKeinKontakt="1" ObjArtID="1" Merkmal="0.0"/>
  <Objekte ObjID="12103" ObjAufnahme="1998-05-18" ObjStrasseID="4102" ObjHausnummer="Lange-Feld-Straße 18" ObjVorlage="2013-09-11 00:00:00.0" ObKeinKontakt="1" ObjArtID="1" Merkmal="0.0"/>
  <Objekte ObjID="12104" ObjAufnahme="1998-05-18" ObjStrasseID="4102" ObjHausnummer="Lange-Feld-Straße 19" ObjVorlage="2013-09-11 00:00:00.0" ObKeinKontakt="1" ObjArtID="1" Merkmal="0.0"/>
  <Objekte ObjID="12105" ObjAufnahme="1998-05-18" ObjStrasseID="4102" ObjHausnummer="Lange-Feld-Straße 20" ObjVorlage="2013-09-11 00:00:00.0" ObKeinKontakt="1" ObjArtID="1" Merkmal="0.0"/>
  <Objekte ObjID="12106" ObjAufnahme="1998-05-18" ObjStrasseID="4102" ObjHausnummer="Lange-Feld-Straße 21" ObjVorlage="2013-09-11 00:00:00.0" ObKeinKontakt="1" ObjArtID="1" Merkmal="0.0"/>
  <Objekte ObjID="12107" ObjAufnahme="1998-05-18" ObjStrasseID="4102" ObjHausnummer="Lange-Feld-Straße 21A" ObjVorlage="2013-09-11 00:00:00.0" ObKeinKontakt="1" ObjArtID="1" Merkmal="0.0"/>
  <Objekte ObjID="12108" ObjAufnahme="1998-05-18" ObjStrasseID="4102" ObjHausnummer="Lange-Feld-Straße 22" ObjVorlage="2013-09-11 00:00:00.0" ObKeinKontakt="1" ObjArtID="1" Merkmal="0.0"/>
  <Objekte ObjID="12109" ObjAufnahme="1998-05-18" ObjStrasseID="4102" ObjHausnummer="Lange-Feld-Straße 23" ObjVorlage="2013-09-11 00:00:00.0" ObKeinKontakt="1" ObjArtID="1" Merkmal="0.0"/>
  <Objekte ObjID="12110" ObjAufnahme="1998-05-18" ObjStrasseID="4102" ObjHausnummer="Lange-Feld-Straße 24" ObjVorlage="2013-09-11 00:00:00.0" ObKeinKontakt="1" ObjArtID="1" Merkmal="0.0"/>
  <Objekte ObjID="12111" ObjAufnahme="1998-05-18" ObjStrasseID="4102" ObjHausnummer="Lange-Feld-Straße 24A" ObjVorlage="2013-09-11 00:00:00.0" ObKeinKontakt="1" ObjArtID="1" Merkmal="0.0"/>
  <Objekte ObjID="12112" ObjAufnahme="1998-05-18" ObjStrasseID="4102" ObjHausnummer="Lange-Feld-Straße 25" ObjVorlage="2013-09-11 00:00:00.0" ObKeinKontakt="1" ObjArtID="1" Merkmal="0.0"/>
  <Objekte ObjID="12113" ObjAufnahme="1998-05-18" ObjStrasseID="4102" ObjHausnummer="Lange-Feld-Straße 26" ObjVorlage="2013-09-11 00:00:00.0" ObKeinKontakt="1" ObjArtID="1" Merkmal="0.0"/>
  <Objekte ObjID="12114" ObjAufnahme="1998-05-18" ObjStrasseID="4102" ObjHausnummer="Lange-Feld-Straße 27" ObjVorlage="2013-09-11 00:00:00.0" ObKeinKontakt="1" ObjArtID="1" Merkmal="0.0"/>
  <Objekte ObjID="12115" ObjAufnahme="1998-05-18" ObjStrasseID="4102" ObjHausnummer="Lange-Feld-Straße 28" ObjVorlage="2013-09-11 00:00:00.0" ObKeinKontakt="1" ObjArtID="1" Merkmal="0.0"/>
  <Objekte ObjID="12116" ObjAufnahme="1998-05-18" ObjStrasseID="4102" ObjHausnummer="Lange-Feld-Straße 29" ObjVorlage="2013-09-11 00:00:00.0" ObKeinKontakt="1" ObjArtID="1" Merkmal="0.0"/>
  <Objekte ObjID="12117" ObjAufnahme="1998-05-18" ObjStrasseID="4102" ObjHausnummer="Lange-Feld-Straße 30" ObjVorlage="2013-09-11 00:00:00.0" ObKeinKontakt="1" ObjArtID="1" Merkmal="0.0"/>
  <Objekte ObjID="12118" ObjAufnahme="1998-05-18" ObjStrasseID="4102" ObjHausnummer="Lange-Feld-Straße 31" ObjVorlage="2013-09-11 00:00:00.0" ObKeinKontakt="1" ObjArtID="1" Merkmal="0.0"/>
  <Objekte ObjID="12119" ObjAufnahme="1998-05-18" ObjStrasseID="4102" ObjHausnummer="Lange-Feld-Straße 32" ObjVorlage="2013-09-11 00:00:00.0" ObKeinKontakt="1" ObjArtID="1" Merkmal="0.0"/>
  <Objekte ObjID="12120" ObjAufnahme="1998-05-18" ObjStrasseID="4102" ObjHausnummer="Lange-Feld-Straße 33" ObjVorlage="2013-09-11 00:00:00.0" ObKeinKontakt="1" ObjArtID="1" Merkmal="0.0"/>
  <Objekte ObjID="12121" ObjAufnahme="1998-05-18" ObjStrasseID="4102" ObjHausnummer="Lange-Feld-Straße 34" ObjVorlage="2013-09-11 00:00:00.0" ObKeinKontakt="1" ObjArtID="1" Merkmal="0.0"/>
  <Objekte ObjID="12122" ObjAufnahme="1998-05-18" ObjStrasseID="4102" ObjHausnummer="Lange-Feld-Straße 35" ObjVorlage="2013-09-11 00:00:00.0" ObKeinKontakt="1" ObjArtID="1" Merkmal="0.0"/>
  <Objekte ObjID="12123" ObjAufnahme="1998-05-18" ObjStrasseID="4102" ObjHausnummer="Lange-Feld-Straße 35A" ObjVorlage="2013-09-11 00:00:00.0" ObKeinKontakt="1" ObjArtID="1" Merkmal="0.0"/>
  <Objekte ObjID="12124" ObjAufnahme="1998-05-18" ObjStrasseID="4102" ObjHausnummer="Lange-Feld-Straße 36" ObjVorlage="2013-09-11 00:00:00.0" ObKeinKontakt="1" ObjArtID="1" Merkmal="0.0"/>
  <Objekte ObjID="12125" ObjAufnahme="1998-05-18" ObjStrasseID="4102" ObjHausnummer="Lange-Feld-Straße 37" ObjVorlage="2013-09-11 00:00:00.0" ObKeinKontakt="1" ObjArtID="1" Merkmal="0.0"/>
  <Objekte ObjID="12126" ObjAufnahme="1998-05-18" ObjStrasseID="4102" ObjHausnummer="Lange-Feld-Straße 38" ObjVorlage="2013-09-11 00:00:00.0" ObKeinKontakt="1" ObjArtID="1" Merkmal="0.0"/>
  <Objekte ObjID="12127" ObjAufnahme="1998-05-18" ObjStrasseID="4102" ObjHausnummer="Lange-Feld-Straße 40" ObjVorlage="2013-09-11 00:00:00.0" ObKeinKontakt="1" ObjArtID="1" Merkmal="0.0"/>
  <Objekte ObjID="12128" ObjAufnahme="1998-05-18" ObjStrasseID="4102" ObjHausnummer="Lange-Feld-Straße 41" ObjVorlage="2013-09-11 00:00:00.0" ObKeinKontakt="1" ObjArtID="1" Merkmal="0.0"/>
  <Objekte ObjID="12129" ObjAufnahme="1998-05-18" ObjStrasseID="4102" ObjHausnummer="Lange-Feld-Straße 42" ObjVorlage="2013-09-11 00:00:00.0" ObKeinKontakt="1" ObjArtID="1" Merkmal="0.0"/>
  <Objekte ObjID="12130" ObjAufnahme="1998-05-18" ObjStrasseID="4102" ObjHausnummer="Lange-Feld-Straße 43" ObjVorlage="2013-09-11 00:00:00.0" ObKeinKontakt="1" ObjArtID="1" Merkmal="0.0"/>
  <Objekte ObjID="12131" ObjAufnahme="1998-05-18" ObjStrasseID="4102" ObjHausnummer="Lange-Feld-Straße 44" ObjVorlage="2013-09-11 00:00:00.0" ObKeinKontakt="1" ObjArtID="1" Merkmal="0.0"/>
  <Objekte ObjID="12132" ObjAufnahme="1998-05-18" ObjStrasseID="4102" ObjHausnummer="Lange-Feld-Straße 45" ObjVorlage="2013-09-11 00:00:00.0" ObKeinKontakt="1" ObjArtID="1" Merkmal="0.0"/>
  <Objekte ObjID="12133" ObjAufnahme="1998-05-18" ObjStrasseID="4102" ObjHausnummer="Lange-Feld-Straße 46" ObjVorlage="2013-09-11 00:00:00.0" ObKeinKontakt="1" ObjArtID="1" Merkmal="0.0"/>
  <Objekte ObjID="12134" ObjAufnahme="1998-05-18" ObjStrasseID="4102" ObjHausnummer="Lange-Feld-Straße 47" ObjVorlage="2013-09-11 00:00:00.0" ObKeinKontakt="1" ObjArtID="1" Merkmal="0.0"/>
  <Objekte ObjID="12135" ObjAufnahme="1998-05-18" ObjStrasseID="4102" ObjHausnummer="Lange-Feld-Straße 48" ObjVorlage="2013-09-11 00:00:00.0" ObKeinKontakt="1" ObjArtID="1" Merkmal="0.0"/>
  <Objekte ObjID="12136" ObjAufnahme="1998-05-18" ObjStrasseID="4102" ObjHausnummer="Lange-Feld-Straße 49" ObjVorlage="2013-09-11 00:00:00.0" ObKeinKontakt="1" ObjArtID="1" Merkmal="0.0"/>
  <Objekte ObjID="12137" ObjAufnahme="1998-05-18" ObjStrasseID="4102" ObjHausnummer="Lange-Feld-Straße 50" ObjVorlage="2013-09-11 00:00:00.0" ObKeinKontakt="1" ObjArtID="1" Merkmal="0.0"/>
  <Objekte ObjID="12138" ObjAufnahme="1998-05-18" ObjStrasseID="4102" ObjHausnummer="Lange-Feld-Straße 51" ObjVorlage="2013-09-11 00:00:00.0" ObKeinKontakt="1" ObjArtID="1" Merkmal="0.0"/>
  <Objekte ObjID="12139" ObjAufnahme="1998-05-18" ObjLetztKontakt="2002-10-16" ObjStrasseID="4102" ObjHausnummer="Lange-Feld-Straße 52" ObjVorlage="2013-09-11 00:00:00.0" ObKeinKontakt="1" ObjArtID="1" Merkmal="0.0"/>
  <Objekte ObjID="12140" ObjAufnahme="1998-05-18" ObjStrasseID="4102" ObjHausnummer="Lange-Feld-Straße 53" ObjVorlage="2013-09-11 00:00:00.0" ObKeinKontakt="1" ObjArtID="1" Merkmal="0.0"/>
  <Objekte ObjID="12141" ObjAufnahme="1998-05-18" ObjStrasseID="4102" ObjHausnummer="Lange-Feld-Straße 54" ObjVorlage="2013-09-11 00:00:00.0" ObKeinKontakt="1" ObjArtID="1" Merkmal="0.0"/>
  <Objekte ObjID="12142" ObjAufnahme="1998-05-18" ObjStrasseID="4102" ObjHausnummer="Lange-Feld-Straße 55" ObjVorlage="2013-09-11 00:00:00.0" ObKeinKontakt="1" ObjArtID="1" Merkmal="0.0"/>
  <Objekte ObjID="12143" ObjAufnahme="1998-05-18" ObjStrasseID="4102" ObjHausnummer="Lange-Feld-Straße 56" ObjVorlage="2013-09-11 00:00:00.0" ObKeinKontakt="1" ObjArtID="1" Merkmal="0.0"/>
  <Objekte ObjID="12144" ObjAufnahme="1998-05-18" ObjStrasseID="4102" ObjHausnummer="Lange-Feld-Straße 57" ObjVorlage="2013-09-11 00:00:00.0" ObKeinKontakt="1" ObjArtID="1" Merkmal="0.0"/>
  <Objekte ObjID="12145" ObjAufnahme="1998-05-18" ObjStrasseID="4102" ObjHausnummer="Lange-Feld-Straße 58" ObjVorlage="2013-09-11 00:00:00.0" ObKeinKontakt="1" ObjArtID="1" Merkmal="0.0"/>
  <Objekte ObjID="12146" ObjAufnahme="1998-05-18" ObjStrasseID="4102" ObjHausnummer="Lange-Feld-Straße 59" ObjVorlage="2013-09-11 00:00:00.0" ObKeinKontakt="1" ObjArtID="1" Merkmal="0.0"/>
  <Objekte ObjID="12147" ObjAufnahme="1998-05-18" ObjStrasseID="4102" ObjHausnummer="Lange-Feld-Straße 60" ObjVorlage="2013-09-11 00:00:00.0" ObKeinKontakt="1" ObjArtID="1" Merkmal="0.0"/>
  <Objekte ObjID="12148" ObjAufnahme="1998-05-18" ObjStrasseID="4102" ObjHausnummer="Lange-Feld-Straße 61" ObjVorlage="2013-09-11 00:00:00.0" ObKeinKontakt="1" ObjArtID="1" Merkmal="0.0"/>
  <Objekte ObjID="12149" ObjAufnahme="1998-05-18" ObjStrasseID="4102" ObjHausnummer="Lange-Feld-Straße 62" ObjVorlage="2013-09-11 00:00:00.0" ObKeinKontakt="1" ObjArtID="1" Merkmal="0.0"/>
  <Objekte ObjID="12150" ObjAufnahme="1998-05-18" ObjStrasseID="4102" ObjHausnummer="Lange-Feld-Straße 64" ObjVorlage="2013-09-11 00:00:00.0" ObKeinKontakt="1" ObjArtID="1" Merkmal="0.0"/>
  <Objekte ObjID="12151" ObjAufnahme="1998-05-18" ObjStrasseID="4102" ObjHausnummer="Lange-Feld-Straße 65" ObjVorlage="2013-09-11 00:00:00.0" ObKeinKontakt="1" ObjArtID="1" Merkmal="0.0"/>
  <Objekte ObjID="12152" ObjAufnahme="1998-05-18" ObjStrasseID="4102" ObjHausnummer="Lange-Feld-Straße 66" ObjVorlage="2013-09-11 00:00:00.0" ObKeinKontakt="1" ObjArtID="1" Merkmal="0.0"/>
  <Objekte ObjID="12153" ObjAufnahme="1998-05-18" ObjStrasseID="4102" ObjHausnummer="Lange-Feld-Straße 67" ObjVorlage="2013-09-11 00:00:00.0" ObKeinKontakt="1" ObjArtID="1" Merkmal="0.0"/>
  <Objekte ObjID="12154" ObjAufnahme="1998-05-18" ObjStrasseID="4102" ObjHausnummer="Lange-Feld-Straße 68" ObjVorlage="2013-09-11 00:00:00.0" ObKeinKontakt="1" ObjArtID="1" Merkmal="0.0"/>
  <Objekte ObjID="12155" ObjAufnahme="1998-05-18" ObjStrasseID="4102" ObjHausnummer="Lange-Feld-Straße 69" ObjVorlage="2013-09-11 00:00:00.0" ObKeinKontakt="1" ObjArtID="1" Merkmal="0.0"/>
  <Objekte ObjID="12156" ObjAufnahme="1998-05-18" ObjStrasseID="4102" ObjHausnummer="Lange-Feld-Straße 70" ObjVorlage="2013-09-11 00:00:00.0" ObKeinKontakt="1" ObjArtID="1" Merkmal="0.0"/>
  <Objekte ObjID="12157" ObjAufnahme="1998-05-18" ObjStrasseID="4102" ObjHausnummer="Lange-Feld-Straße 71" ObjVorlage="2013-09-11 00:00:00.0" ObKeinKontakt="1" ObjArtID="1" Merkmal="0.0"/>
  <Objekte ObjID="12158" ObjAufnahme="1998-05-18" ObjStrasseID="4102" ObjHausnummer="Lange-Feld-Straße 72" ObjVorlage="2013-09-11 00:00:00.0" ObKeinKontakt="1" ObjArtID="1" Merkmal="0.0"/>
  <Objekte ObjID="12159" ObjAufnahme="1998-05-18" ObjStrasseID="4102" ObjHausnummer="Lange-Feld-Straße 73" ObjVorlage="2013-09-11 00:00:00.0" ObKeinKontakt="1" ObjArtID="1" Merkmal="0.0"/>
  <Objekte ObjID="12160" ObjAufnahme="1998-05-18" ObjStrasseID="4102" ObjHausnummer="Lange-Feld-Straße 74" ObjVorlage="2013-09-11 00:00:00.0" ObKeinKontakt="1" ObjArtID="1" Merkmal="0.0"/>
  <Objekte ObjID="12161" ObjAufnahme="1998-05-18" ObjStrasseID="4102" ObjHausnummer="Lange-Feld-Straße 75" ObjVorlage="2013-09-11 00:00:00.0" ObKeinKontakt="1" ObjArtID="1" Merkmal="0.0"/>
  <Objekte ObjID="12162" ObjAufnahme="1998-05-18" ObjStrasseID="4102" ObjHausnummer="Lange-Feld-Straße 76" ObjVorlage="2013-09-11 00:00:00.0" ObKeinKontakt="1" ObjArtID="1" Merkmal="0.0"/>
  <Objekte ObjID="12163" ObjAufnahme="1998-05-18" ObjStrasseID="4102" ObjHausnummer="Lange-Feld-Straße 77" ObjVorlage="2013-09-11 00:00:00.0" ObKeinKontakt="1" ObjArtID="1" Merkmal="0.0"/>
  <Objekte ObjID="12164" ObjAufnahme="1998-05-18" ObjStrasseID="4102" ObjHausnummer="Lange-Feld-Straße 78" ObjVorlage="2013-09-11 00:00:00.0" ObKeinKontakt="1" ObjArtID="1" Merkmal="0.0"/>
  <Objekte ObjID="12165" ObjAufnahme="1998-05-18" ObjStrasseID="4102" ObjHausnummer="Lange-Feld-Straße 79" ObjVorlage="2013-09-11 00:00:00.0" ObKeinKontakt="1" ObjArtID="1" Merkmal="0.0"/>
  <Objekte ObjID="12166" ObjAufnahme="1998-05-18" ObjStrasseID="4102" ObjHausnummer="Lange-Feld-Straße 80" ObjVorlage="2013-09-11 00:00:00.0" ObKeinKontakt="1" ObjArtID="1" Merkmal="0.0"/>
  <Objekte ObjID="12167" ObjAufnahme="1998-05-18" ObjStrasseID="4102" ObjHausnummer="Lange-Feld-Straße 81" ObjVorlage="2013-09-11 00:00:00.0" ObKeinKontakt="1" ObjArtID="1" Merkmal="0.0"/>
  <Objekte ObjID="12168" ObjAufnahme="1998-05-18" ObjStrasseID="4102" ObjHausnummer="Lange-Feld-Straße 83" ObjVorlage="2013-09-11 00:00:00.0" ObKeinKontakt="1" ObjArtID="1" Merkmal="0.0"/>
  <Objekte ObjID="12169" ObjAufnahme="1998-05-18" ObjStrasseID="4102" ObjHausnummer="Lange-Feld-Straße 84" ObjVorlage="2013-09-11 00:00:00.0" ObKeinKontakt="1" ObjArtID="1" Merkmal="0.0"/>
  <Objekte ObjID="12170" ObjAufnahme="1998-05-18" ObjStrasseID="4102" ObjHausnummer="Lange-Feld-Straße 85" ObjVorlage="2013-09-11 00:00:00.0" ObKeinKontakt="1" ObjArtID="1" Merkmal="0.0"/>
  <Objekte ObjID="12171" ObjAufnahme="1998-05-18" ObjStrasseID="4102" ObjHausnummer="Lange-Feld-Straße 86" ObjVorlage="2013-09-11 00:00:00.0" ObKeinKontakt="1" ObjArtID="1" Merkmal="0.0"/>
  <Objekte ObjID="12172" ObjAufnahme="1998-05-18" ObjStrasseID="4102" ObjHausnummer="Lange-Feld-Straße 87" ObjVorlage="2013-09-11 00:00:00.0" ObKeinKontakt="1" ObjArtID="1" Merkmal="0.0"/>
  <Objekte ObjID="12173" ObjAufnahme="1998-05-18" ObjStrasseID="4102" ObjHausnummer="Lange-Feld-Straße 88" ObjVorlage="2013-09-11 00:00:00.0" ObKeinKontakt="1" ObjArtID="1" Merkmal="0.0"/>
  <Objekte ObjID="12174" ObjAufnahme="1998-05-18" ObjStrasseID="4102" ObjHausnummer="Lange-Feld-Straße 89" ObjVorlage="2013-09-11 00:00:00.0" ObKeinKontakt="1" ObjArtID="1" Merkmal="0.0"/>
  <Objekte ObjID="12175" ObjAufnahme="1998-05-18" ObjStrasseID="4102" ObjHausnummer="Lange-Feld-Straße 90" ObjVorlage="2013-09-11 00:00:00.0" ObKeinKontakt="1" ObjArtID="1" Merkmal="0.0"/>
  <Objekte ObjID="12176" ObjAufnahme="1998-05-18" ObjStrasseID="4102" ObjHausnummer="Lange-Feld-Straße 91" ObjVorlage="2013-09-11 00:00:00.0" ObKeinKontakt="1" ObjArtID="1" Merkmal="0.0"/>
  <Objekte ObjID="12177" ObjAufnahme="1998-05-18" ObjStrasseID="4102" ObjHausnummer="Lange-Feld-Straße 92" ObjVorlage="2013-09-11 00:00:00.0" ObKeinKontakt="1" ObjArtID="1" Merkmal="0.0"/>
  <Objekte ObjID="12178" ObjAufnahme="1998-05-18" ObjStrasseID="4102" ObjHausnummer="Lange-Feld-Straße 93" ObjVorlage="2013-09-11 00:00:00.0" ObKeinKontakt="1" ObjArtID="1" Merkmal="0.0"/>
  <Objekte ObjID="12179" ObjAufnahme="1998-05-18" ObjStrasseID="4102" ObjHausnummer="Lange-Feld-Straße 94" ObjVorlage="2013-09-11 00:00:00.0" ObKeinKontakt="1" ObjArtID="1" Merkmal="0.0"/>
  <Objekte ObjID="12180" ObjAufnahme="1998-05-18" ObjStrasseID="4102" ObjHausnummer="Lange-Feld-Straße 95" ObjVorlage="2013-09-11 00:00:00.0" ObKeinKontakt="1" ObjArtID="1" Merkmal="0.0"/>
  <Objekte ObjID="12181" ObjAufnahme="1998-05-18" ObjStrasseID="4102" ObjHausnummer="Lange-Feld-Straße 96" ObjVorlage="2013-09-11 00:00:00.0" ObKeinKontakt="1" ObjArtID="1" Merkmal="0.0"/>
  <Objekte ObjID="12182" ObjAufnahme="1998-05-18" ObjStrasseID="4102" ObjHausnummer="Lange-Feld-Straße 97" ObjVorlage="2013-09-11 00:00:00.0" ObKeinKontakt="1" ObjArtID="1" Merkmal="0.0"/>
  <Objekte ObjID="12183" ObjAufnahme="1998-05-18" ObjStrasseID="4102" ObjHausnummer="Lange-Feld-Straße 98" ObjVorlage="2013-09-11 00:00:00.0" ObKeinKontakt="1" ObjArtID="1" Merkmal="0.0"/>
  <Objekte ObjID="12184" ObjAufnahme="1998-05-18" ObjStrasseID="4102" ObjHausnummer="Lange-Feld-Straße 99" ObjVorlage="2013-09-11 00:00:00.0" ObKeinKontakt="1" ObjArtID="1" Merkmal="0.0"/>
  <Objekte ObjID="12185" ObjAufnahme="1998-05-18" ObjStrasseID="4102" ObjHausnummer="Lange-Feld-Straße 100" ObjVorlage="2013-09-11 00:00:00.0" ObKeinKontakt="1" ObjArtID="1" Merkmal="0.0"/>
  <Objekte ObjID="12186" ObjAufnahme="1998-05-18" ObjStrasseID="4102" ObjHausnummer="Lange-Feld-Straße 101" ObjVorlage="2013-09-11 00:00:00.0" ObKeinKontakt="1" ObjArtID="1" Merkmal="0.0"/>
  <Objekte ObjID="12187" ObjAufnahme="1998-05-18" ObjStrasseID="4102" ObjHausnummer="Lange-Feld-Straße 102" ObjVorlage="2013-09-11 00:00:00.0" ObKeinKontakt="1" ObjArtID="1" Merkmal="0.0"/>
  <Objekte ObjID="12188" ObjAufnahme="1998-05-18" ObjStrasseID="4102" ObjHausnummer="Lange-Feld-Straße 103" ObjVorlage="2013-09-11 00:00:00.0" ObKeinKontakt="1" ObjArtID="1" Merkmal="0.0"/>
  <Objekte ObjID="12189" ObjAufnahme="1998-05-18" ObjStrasseID="4102" ObjHausnummer="Lange-Feld-Straße 105" ObjVorlage="2013-09-11 00:00:00.0" ObKeinKontakt="1" ObjArtID="1" Merkmal="0.0"/>
  <Objekte ObjID="12190" ObjAufnahme="1998-05-18" ObjStrasseID="4102" ObjHausnummer="Lange-Feld-Straße 107" ObjVorlage="2013-09-11 00:00:00.0" ObKeinKontakt="1" ObjArtID="1" Merkmal="0.0"/>
  <Objekte ObjID="12191" ObjAufnahme="1998-05-18" ObjStrasseID="4102" ObjHausnummer="Lange-Feld-Straße 109" ObjVorlage="2013-09-11 00:00:00.0" ObKeinKontakt="1" ObjArtID="1" Merkmal="0.0"/>
  <Objekte ObjID="12192" ObjAufnahme="1998-05-18" ObjStrasseID="4102" ObjHausnummer="Lange-Feld-Straße 111" ObjVorlage="2013-09-11 00:00:00.0" ObKeinKontakt="1" ObjArtID="1" Merkmal="0.0"/>
  <Objekte ObjID="12193" ObjAufnahme="1998-05-18" ObjStrasseID="4102" ObjHausnummer="Lange-Feld-Straße 112" ObjVorlage="2013-09-11 00:00:00.0" ObKeinKontakt="1" ObjArtID="1" Merkmal="0.0"/>
  <Objekte ObjID="12194" ObjAufnahme="1998-05-18" ObjStrasseID="4102" ObjHausnummer="Lange-Feld-Straße 113" ObjVorlage="2013-09-11 00:00:00.0" ObKeinKontakt="1" ObjArtID="1" Merkmal="0.0"/>
  <Objekte ObjID="12195" ObjAufnahme="1998-05-18" ObjStrasseID="4102" ObjHausnummer="Lange-Feld-Straße 114A" ObjVorlage="2013-09-11 00:00:00.0" ObKeinKontakt="1" ObjArtID="1" Merkmal="0.0"/>
  <Objekte ObjID="12196" ObjAufnahme="1998-05-18" ObjStrasseID="4102" ObjHausnummer="Lange-Feld-Straße 115" ObjVorlage="2013-09-11 00:00:00.0" ObKeinKontakt="1" ObjArtID="1" Merkmal="0.0"/>
  <Objekte ObjID="12197" ObjAufnahme="1998-05-18" ObjStrasseID="4102" ObjHausnummer="Lange-Feld-Straße 116" ObjVorlage="2013-09-11 00:00:00.0" ObKeinKontakt="1" ObjArtID="1" Merkmal="0.0"/>
  <Objekte ObjID="12198" ObjAufnahme="1998-05-18" ObjStrasseID="4102" ObjHausnummer="Lange-Feld-Straße 117" ObjVorlage="2013-09-11 00:00:00.0" ObKeinKontakt="1" ObjArtID="1" Merkmal="0.0"/>
  <Objekte ObjID="12199" ObjAufnahme="1998-05-18" ObjStrasseID="4102" ObjHausnummer="Lange-Feld-Straße 119" ObjVorlage="2013-09-11 00:00:00.0" ObKeinKontakt="1" ObjArtID="1" Merkmal="0.0"/>
  <Objekte ObjID="12200" ObjAufnahme="1998-05-18" ObjStrasseID="4102" ObjHausnummer="Lange-Feld-Straße 123" ObjVorlage="2013-09-11 00:00:00.0" ObKeinKontakt="1" ObjArtID="1" Merkmal="0.0"/>
  <Objekte ObjID="12201" ObjAufnahme="1998-05-18" ObjLetztKontakt="1998-05-18" ObjStrasseID="8958" ObjHausnummer="Uferweg 2" ObjVorlage="2013-09-11 00:00:00.0" ObKeinKontakt="5" ObjArtID="22" Merkmal="0.9999999999999999"/>
  <Objekte ObjID="12206" ObjAufnahme="1998-05-18" ObjStrasseID="7880" ObjHausnummer="Revaler Straße 3A" ObjVorlage="2013-09-11 00:00:00.0" ObKeinKontakt="1" ObjArtID="1" Merkmal="0.0"/>
  <Objekte ObjID="12207" ObjAufnahme="1998-05-18" ObjStrasseID="7880" ObjHausnummer="Revaler Straße 7A" ObjVorlage="2013-09-11 00:00:00.0" ObKeinKontakt="1" ObjArtID="1" Merkmal="0.0"/>
  <Objekte ObjID="12208" ObjAufnahme="1998-05-18" ObjStrasseID="7880" ObjHausnummer="Revaler Straße 10" ObjVorlage="2013-09-11 00:00:00.0" ObKeinKontakt="1" ObjArtID="1" Merkmal="0.0"/>
  <Objekte ObjID="12209" ObjAufnahme="1998-05-18" ObjStrasseID="7880" ObjHausnummer="Revaler Straße 11A" ObjVorlage="2013-09-11 00:00:00.0" ObKeinKontakt="1" ObjArtID="1" Merkmal="0.0"/>
  <Objekte ObjID="12210" ObjAufnahme="1998-05-18" ObjStrasseID="7880" ObjHausnummer="Revaler Straße 12" ObjVorlage="2013-09-11 00:00:00.0" ObKeinKontakt="1" ObjArtID="1" Merkmal="0.0"/>
  <Objekte ObjID="12211" ObjAufnahme="1998-05-18" ObjStrasseID="7880" ObjHausnummer="Revaler Straße 13" ObjVorlage="2013-09-11 00:00:00.0" ObKeinKontakt="1" ObjArtID="1" Merkmal="0.0"/>
  <Objekte ObjID="12212" ObjAufnahme="1998-05-18" ObjStrasseID="7880" ObjHausnummer="Revaler Straße 15A" ObjVorlage="2013-09-11 00:00:00.0" ObKeinKontakt="1" ObjArtID="1" Merkmal="0.0"/>
  <Objekte ObjID="12213" ObjAufnahme="1998-05-18" ObjStrasseID="7880" ObjHausnummer="Revaler Straße 16" ObjVorlage="2013-09-11 00:00:00.0" ObKeinKontakt="1" ObjArtID="1" Merkmal="0.0"/>
  <Objekte ObjID="12214" ObjAufnahme="1998-05-18" ObjStrasseID="7880" ObjHausnummer="Revaler Straße 19A" ObjVorlage="2013-09-11 00:00:00.0" ObKeinKontakt="1" ObjArtID="1" Merkmal="0.0"/>
  <Objekte ObjID="12215" ObjAufnahme="1998-05-18" ObjStrasseID="7880" ObjHausnummer="Revaler Straße 20" ObjVorlage="2013-09-11 00:00:00.0" ObKeinKontakt="1" ObjArtID="1" Merkmal="0.0"/>
  <Objekte ObjID="12216" ObjAufnahme="1998-05-18" ObjStrasseID="8010" ObjHausnummer="Sachsenhof 2" ObjVorlage="2013-09-11 00:00:00.0" ObKeinKontakt="1" ObjArtID="1" Merkmal="0.0"/>
  <Objekte ObjID="12217" ObjAufnahme="1998-05-18" ObjStrasseID="8010" ObjHausnummer="Sachsenhof 4" ObjVorlage="2013-09-11 00:00:00.0" ObKeinKontakt="1" ObjArtID="1" Merkmal="0.0"/>
  <Objekte ObjID="12218" ObjAufnahme="1998-05-18" ObjStrasseID="8010" ObjHausnummer="Sachsenhof 6" ObjVorlage="2013-09-11 00:00:00.0" ObKeinKontakt="1" ObjArtID="1" Merkmal="0.0"/>
  <Objekte ObjID="12219" ObjAufnahme="1998-05-18" ObjStrasseID="8010" ObjHausnummer="Sachsenhof 8" ObjVorlage="2013-09-11 00:00:00.0" ObKeinKontakt="1" ObjArtID="1" Merkmal="0.0"/>
  <Objekte ObjID="12220" ObjAufnahme="1998-05-18" ObjStrasseID="8010" ObjHausnummer="Sachsenhof 10" ObjVorlage="2013-09-11 00:00:00.0" ObKeinKontakt="1" ObjArtID="1" Merkmal="0.0"/>
  <Objekte ObjID="12221" ObjAufnahme="1998-05-18" ObjStrasseID="8010" ObjHausnummer="Sachsenhof 12" ObjVorlage="2013-09-11 00:00:00.0" ObKeinKontakt="1" ObjArtID="1" Merkmal="0.0"/>
  <Objekte ObjID="12222" ObjAufnahme="1998-05-18" ObjStrasseID="8010" ObjHausnummer="Sachsenhof 14" ObjVorlage="2013-09-11 00:00:00.0" ObKeinKontakt="1" ObjArtID="1" Merkmal="0.0"/>
  <Objekte ObjID="12223" ObjAufnahme="1998-05-18" ObjStrasseID="8010" ObjHausnummer="Sachsenhof 16" ObjVorlage="2013-09-11 00:00:00.0" ObKeinKontakt="1" ObjArtID="1" Merkmal="0.0"/>
  <Objekte ObjID="12224" ObjAufnahme="1998-05-18" ObjStrasseID="8010" ObjHausnummer="Sachsenhof 18" ObjVorlage="2013-09-11 00:00:00.0" ObKeinKontakt="1" ObjArtID="1" Merkmal="0.0"/>
  <Objekte ObjID="12225" ObjAufnahme="1998-05-18" ObjStrasseID="8010" ObjHausnummer="Sachsenhof 5" ObjVorlage="2013-09-11 00:00:00.0" ObKeinKontakt="1" ObjArtID="1" Merkmal="0.0"/>
  <Objekte ObjID="12226" ObjAufnahme="1998-05-18" ObjStrasseID="8010" ObjHausnummer="Sachsenhof 7" ObjVorlage="2013-09-11 00:00:00.0" ObKeinKontakt="1" ObjArtID="1" Merkmal="0.0"/>
  <Objekte ObjID="12227" ObjAufnahme="1998-05-18" ObjStrasseID="8010" ObjHausnummer="Sachsenhof 5A" ObjVorlage="2013-09-11 00:00:00.0" ObKeinKontakt="1" ObjArtID="1" Merkmal="0.0"/>
  <Objekte ObjID="12228" ObjAufnahme="1998-05-18" ObjStrasseID="8010" ObjHausnummer="Sachsenhof 5B" ObjVorlage="2013-09-11 00:00:00.0" ObKeinKontakt="1" ObjArtID="1" Merkmal="0.0"/>
  <Objekte ObjID="12229" ObjAufnahme="1998-05-18" ObjStrasseID="8010" ObjHausnummer="Sachsenhof 7A" ObjVorlage="2013-09-11 00:00:00.0" ObKeinKontakt="1" ObjArtID="1" Merkmal="0.0"/>
  <Objekte ObjID="12230" ObjAufnahme="1998-05-18" ObjStrasseID="8010" ObjHausnummer="Sachsenhof 7B" ObjVorlage="2013-09-11 00:00:00.0" ObKeinKontakt="1" ObjArtID="1" Merkmal="0.0"/>
  <Objekte ObjID="12231" ObjAufnahme="1998-05-18" ObjStrasseID="8031" ObjHausnummer="Salzwiesen 22" ObjVorlage="2013-09-11 00:00:00.0" ObKeinKontakt="1" ObjArtID="1" Merkmal="0.0"/>
  <Objekte ObjID="12232" ObjAufnahme="1998-05-18" ObjStrasseID="8058" ObjHausnummer="Scheffelfeld 2" ObjVorlage="2013-09-11 00:00:00.0" ObKeinKontakt="1" ObjArtID="1" Merkmal="0.0"/>
  <Objekte ObjID="12233" ObjAufnahme="1998-05-18" ObjStrasseID="8058" ObjHausnummer="Scheffelfeld 4" ObjVorlage="2013-09-11 00:00:00.0" ObKeinKontakt="1" ObjArtID="1" Merkmal="0.0"/>
  <Objekte ObjID="12234" ObjAufnahme="1998-05-18" ObjStrasseID="8058" ObjHausnummer="Scheffelfeld 4A" ObjVorlage="2013-09-11 00:00:00.0" ObKeinKontakt="1" ObjArtID="1" Merkmal="0.0"/>
  <Objekte ObjID="12235" ObjAufnahme="1998-05-18" ObjStrasseID="8065" ObjHausnummer="Schierholzstraße 2" ObjVorlage="2013-09-11 00:00:00.0" ObKeinKontakt="1" ObjArtID="1" Merkmal="0.0"/>
  <Objekte ObjID="12236" ObjAufnahme="1998-05-18" ObjStrasseID="8087" ObjHausnummer="Schmedesweg 9" ObjVorlage="2013-09-11 00:00:00.0" ObKeinKontakt="1" ObjArtID="1" Merkmal="0.0"/>
  <Objekte ObjID="12237" ObjAufnahme="1998-05-18" ObjStrasseID="8087" ObjHausnummer="Schmedesweg 11" ObjVorlage="2013-09-11 00:00:00.0" ObKeinKontakt="1" ObjArtID="1" Merkmal="0.0"/>
  <Objekte ObjID="12238" ObjAufnahme="1998-05-18" ObjStrasseID="8121" ObjHausnummer="Schuppertweg 3" ObjVorlage="2013-09-11 00:00:00.0" ObKeinKontakt="1" ObjArtID="1" Merkmal="0.0"/>
  <Objekte ObjID="12239" ObjAufnahme="1998-05-18" ObjStrasseID="8121" ObjHausnummer="Schuppertweg 5" ObjVorlage="2013-09-11 00:00:00.0" ObKeinKontakt="1" ObjArtID="1" Merkmal="0.0"/>
  <Objekte ObjID="12240" ObjAufnahme="1998-05-18" ObjStrasseID="8121" ObjHausnummer="Schuppertweg 7" ObjVorlage="2013-09-11 00:00:00.0" ObKeinKontakt="1" ObjArtID="1" Merkmal="0.0"/>
  <Objekte ObjID="12241" ObjAufnahme="1998-05-18" ObjStrasseID="8121" ObjHausnummer="Schuppertweg 9" ObjVorlage="2013-09-11 00:00:00.0" ObKeinKontakt="1" ObjArtID="1" Merkmal="0.0"/>
  <Objekte ObjID="12242" ObjAufnahme="1998-05-18" ObjStrasseID="8121" ObjHausnummer="Schuppertweg 11" ObjVorlage="2013-09-11 00:00:00.0" ObKeinKontakt="1" ObjArtID="1" Merkmal="0.0"/>
  <Objekte ObjID="12243" ObjAufnahme="1998-05-18" ObjStrasseID="8165" ObjHausnummer="Selmastraße 1" ObjVorlage="2013-09-11 00:00:00.0" ObKeinKontakt="1" ObjArtID="1" Merkmal="0.0"/>
  <Objekte ObjID="12244" ObjAufnahme="1998-05-18" ObjStrasseID="8165" ObjHausnummer="Selmastraße 7" ObjVorlage="2013-09-11 00:00:00.0" ObKeinKontakt="1" ObjArtID="1" Merkmal="0.0"/>
  <Objekte ObjID="12245" ObjAufnahme="1998-05-18" ObjStrasseID="8165" ObjHausnummer="Selmastraße 10" ObjVorlage="2013-09-11 00:00:00.0" ObKeinKontakt="1" ObjArtID="1" Merkmal="0.0"/>
  <Objekte ObjID="12246" ObjAufnahme="1998-05-18" ObjStrasseID="8165" ObjHausnummer="Selmastraße 6" ObjVorlage="2013-09-11 00:00:00.0" ObKeinKontakt="1" ObjArtID="1" Merkmal="0.0"/>
  <Objekte ObjID="12247" ObjAufnahme="1998-05-18" ObjStrasseID="8166" ObjHausnummer="Semmelweisweg 1" ObjVorlage="2013-09-11 00:00:00.0" ObKeinKontakt="1" ObjArtID="1" Merkmal="0.0"/>
  <Objekte ObjID="12248" ObjAufnahme="1998-05-18" ObjStrasseID="8166" ObjHausnummer="Semmelweisweg 2" ObjVorlage="2013-09-11 00:00:00.0" ObKeinKontakt="1" ObjArtID="1" Merkmal="0.0"/>
  <Objekte ObjID="12249" ObjAufnahme="1998-05-18" ObjStrasseID="8166" ObjHausnummer="Semmelweisweg 3" ObjVorlage="2013-09-11 00:00:00.0" ObKeinKontakt="1" ObjArtID="1" Merkmal="0.0"/>
  <Objekte ObjID="12250" ObjAufnahme="1998-05-18" ObjStrasseID="8166" ObjHausnummer="Semmelweisweg 4" ObjVorlage="2013-09-11 00:00:00.0" ObKeinKontakt="1" ObjArtID="1" Merkmal="0.0"/>
  <Objekte ObjID="12251" ObjAufnahme="1998-05-18" ObjLetztKontakt="2013-03-15" ObjStrasseID="8282" ObjHausnummer="Stemmer Weg 1" ObjVorlage="2013-09-11 00:00:00.0" ObKeinKontakt="2" ObjArtID="1" Merkmal="0.0" ObjInfo="01724182716 Rüdiger Macht gehört ganzes Haus ankauf unter ruedigermacht@hotmail.com&#xD;&#xA;vielleicht 30966 Hemmingen/Harkenbleck 051015857977"/>
  <Objekte ObjID="12252" ObjAufnahme="1998-05-18" ObjStrasseID="8282" ObjHausnummer="Stemmer Weg 3" ObjVorlage="2013-09-11 00:00:00.0" ObKeinKontakt="1" ObjArtID="1" Merkmal="0.0"/>
  <Objekte ObjID="12253" ObjAufnahme="1998-05-18" ObjStrasseID="8380" ObjHausnummer="Tiergartenstraße 178" ObjVorlage="2013-09-11 00:00:00.0" ObKeinKontakt="1" ObjArtID="1" Merkmal="0.0"/>
  <Objekte ObjID="12254" ObjAufnahme="1998-05-18" ObjStrasseID="8380" ObjHausnummer="Tiergartenstraße 180" ObjVorlage="2013-09-11 00:00:00.0" ObKeinKontakt="1" ObjArtID="1" Merkmal="0.0"/>
  <Objekte ObjID="12255" ObjAufnahme="1998-05-18" ObjStrasseID="8436" ObjHausnummer="Ulenflucht 1" ObjVorlage="2013-09-11 00:00:00.0" ObKeinKontakt="1" ObjArtID="1" Merkmal="0.0"/>
  <Objekte ObjID="12256" ObjAufnahme="1998-05-18" ObjStrasseID="8436" ObjHausnummer="Ulenflucht 2" ObjVorlage="2013-09-11 00:00:00.0" ObKeinKontakt="1" ObjArtID="1" Merkmal="0.0"/>
  <Objekte ObjID="12257" ObjAufnahme="1998-05-18" ObjStrasseID="8436" ObjHausnummer="Ulenflucht 3" ObjVorlage="2013-09-11 00:00:00.0" ObKeinKontakt="1" ObjArtID="1" Merkmal="0.0"/>
  <Objekte ObjID="12258" ObjAufnahme="1998-05-18" ObjStrasseID="8436" ObjHausnummer="Ulenflucht 4" ObjVorlage="2013-09-11 00:00:00.0" ObKeinKontakt="1" ObjArtID="1" Merkmal="0.0"/>
  <Objekte ObjID="12259" ObjAufnahme="1998-05-18" ObjStrasseID="8436" ObjHausnummer="Ulenflucht 5" ObjVorlage="2013-09-11 00:00:00.0" ObKeinKontakt="1" ObjArtID="1" Merkmal="0.0"/>
  <Objekte ObjID="12260" ObjAufnahme="1998-05-18" ObjStrasseID="8436" ObjHausnummer="Ulenflucht 6" ObjVorlage="2013-09-11 00:00:00.0" ObKeinKontakt="1" ObjArtID="1" Merkmal="0.0"/>
  <Objekte ObjID="12261" ObjAufnahme="1998-05-18" ObjStrasseID="8436" ObjHausnummer="Ulenflucht 7" ObjVorlage="2013-09-11 00:00:00.0" ObKeinKontakt="1" ObjArtID="1" Merkmal="0.0"/>
  <Objekte ObjID="12262" ObjAufnahme="1998-05-18" ObjStrasseID="8436" ObjHausnummer="Ulenflucht 8" ObjVorlage="2013-09-11 00:00:00.0" ObKeinKontakt="1" ObjArtID="1" Merkmal="0.0"/>
  <Objekte ObjID="12263" ObjAufnahme="1998-05-18" ObjStrasseID="8476" ObjHausnummer="Virchowweg 2" ObjVorlage="2013-09-11 00:00:00.0" ObKeinKontakt="1" ObjArtID="1" Merkmal="0.0"/>
  <Objekte ObjID="12264" ObjAufnahme="1998-05-18" ObjStrasseID="8476" ObjHausnummer="Virchowweg 3" ObjVorlage="2013-09-11 00:00:00.0" ObKeinKontakt="1" ObjArtID="1" Merkmal="0.0"/>
  <Objekte ObjID="12265" ObjAufnahme="1998-05-18" ObjStrasseID="8476" ObjHausnummer="Virchowweg 4" ObjVorlage="2013-09-11 00:00:00.0" ObKeinKontakt="1" ObjArtID="1" Merkmal="0.0"/>
  <Objekte ObjID="12266" ObjAufnahme="1998-05-18" ObjStrasseID="8476" ObjHausnummer="Virchowweg 5" ObjVorlage="2013-09-11 00:00:00.0" ObKeinKontakt="1" ObjArtID="1" Merkmal="0.0"/>
  <Objekte ObjID="12267" ObjAufnahme="1998-05-18" ObjStrasseID="8480" ObjHausnummer="Vogtländer Hof 2" ObjVorlage="2013-09-11 00:00:00.0" ObKeinKontakt="1" ObjArtID="1" Merkmal="0.0"/>
  <Objekte ObjID="12268" ObjAufnahme="1998-05-18" ObjStrasseID="8480" ObjHausnummer="Vogtländer Hof 3" ObjVorlage="2013-09-11 00:00:00.0" ObKeinKontakt="1" ObjArtID="1" Merkmal="0.0"/>
  <Objekte ObjID="12269" ObjAufnahme="1998-05-18" ObjStrasseID="8480" ObjHausnummer="Vogtländer Hof 4" ObjVorlage="2013-09-11 00:00:00.0" ObKeinKontakt="1" ObjArtID="1" Merkmal="0.0"/>
  <Objekte ObjID="12270" ObjAufnahme="1998-05-18" ObjStrasseID="8480" ObjHausnummer="Vogtländer Hof 6" ObjVorlage="2013-09-11 00:00:00.0" ObKeinKontakt="1" ObjArtID="1" Merkmal="0.0"/>
  <Objekte ObjID="12271" ObjAufnahme="1998-05-18" ObjStrasseID="8480" ObjHausnummer="Vogtländer Hof 7" ObjVorlage="2013-09-11 00:00:00.0" ObKeinKontakt="1" ObjArtID="1" Merkmal="0.0"/>
  <Objekte ObjID="12272" ObjAufnahme="1998-05-18" ObjStrasseID="8480" ObjHausnummer="Vogtländer Hof 8" ObjVorlage="2013-09-11 00:00:00.0" ObKeinKontakt="1" ObjArtID="1" Merkmal="0.0"/>
  <Objekte ObjID="12273" ObjAufnahme="1998-05-18" ObjStrasseID="8480" ObjHausnummer="Vogtländer Hof 3A" ObjVorlage="2013-09-11 00:00:00.0" ObKeinKontakt="1" ObjArtID="1" Merkmal="0.0"/>
  <Objekte ObjID="12274" ObjAufnahme="1998-05-18" ObjStrasseID="8480" ObjHausnummer="Vogtländer Hof 3B" ObjVorlage="2013-09-11 00:00:00.0" ObKeinKontakt="1" ObjArtID="1" Merkmal="0.0"/>
  <Objekte ObjID="12275" ObjAufnahme="1998-05-18" ObjStrasseID="8480" ObjHausnummer="Vogtländer Hof 7A" ObjVorlage="2013-09-11 00:00:00.0" ObKeinKontakt="1" ObjArtID="1" Merkmal="0.0"/>
  <Objekte ObjID="12276" ObjAufnahme="1998-05-18" ObjStrasseID="8480" ObjHausnummer="Vogtländer Hof 7B" ObjVorlage="2013-09-11 00:00:00.0" ObKeinKontakt="1" ObjArtID="1" Merkmal="0.0"/>
  <Objekte ObjID="12277" ObjAufnahme="1998-05-18" ObjStrasseID="8485" ObjHausnummer="Voltmerstraße 16" ObjVorlage="2013-09-11 00:00:00.0" ObKeinKontakt="1" ObjArtID="1" Merkmal="0.0"/>
  <Objekte ObjID="12278" ObjAufnahme="1998-05-18" ObjStrasseID="8485" ObjHausnummer="Voltmerstraße 57C" ObjVorlage="2013-09-11 00:00:00.0" ObKeinKontakt="1" ObjArtID="1" Merkmal="0.0"/>
  <Objekte ObjID="12279" ObjAufnahme="1998-05-18" ObjStrasseID="8485" ObjHausnummer="Voltmerstraße 57D" ObjVorlage="2013-09-11 00:00:00.0" ObKeinKontakt="1" ObjArtID="1" Merkmal="0.0"/>
  <Objekte ObjID="12280" ObjAufnahme="1998-05-18" ObjStrasseID="8485" ObjHausnummer="Voltmerstraße 57E" ObjVorlage="2013-09-11 00:00:00.0" ObKeinKontakt="1" ObjArtID="1" Merkmal="0.0"/>
  <Objekte ObjID="12281" ObjAufnahme="1998-05-18" ObjStrasseID="8486" ObjHausnummer="Von-Alten-Allee 22" ObjVorlage="2013-09-11 00:00:00.0" ObKeinKontakt="1" ObjArtID="1" Merkmal="0.0"/>
  <Objekte ObjID="12282" ObjAufnahme="1998-05-18" ObjStrasseID="8503" ObjHausnummer="Waldenburger Weg 7" ObjVorlage="2013-09-11 00:00:00.0" ObKeinKontakt="1" ObjArtID="1" Merkmal="0.0"/>
  <Objekte ObjID="12283" ObjAufnahme="1998-05-18" ObjStrasseID="8503" ObjHausnummer="Waldenburger Weg 8" ObjVorlage="2013-09-11 00:00:00.0" ObKeinKontakt="1" ObjArtID="1" Merkmal="0.0"/>
  <Objekte ObjID="12284" ObjAufnahme="1998-05-18" ObjStrasseID="8503" ObjHausnummer="Waldenburger Weg 9" ObjVorlage="2013-09-11 00:00:00.0" ObKeinKontakt="1" ObjArtID="1" Merkmal="0.0"/>
  <Objekte ObjID="12285" ObjAufnahme="1998-05-18" ObjStrasseID="8503" ObjHausnummer="Waldenburger Weg 10" ObjVorlage="2013-09-11 00:00:00.0" ObKeinKontakt="1" ObjArtID="1" Merkmal="0.0"/>
  <Objekte ObjID="12286" ObjAufnahme="1998-05-18" ObjStrasseID="8503" ObjHausnummer="Waldenburger Weg 14" ObjVorlage="2013-09-11 00:00:00.0" ObKeinKontakt="1" ObjArtID="1" Merkmal="0.0"/>
  <Objekte ObjID="12287" ObjAufnahme="1998-05-18" ObjStrasseID="8511" ObjHausnummer="Wallensteinstraße 2" ObjVorlage="2013-09-11 00:00:00.0" ObKeinKontakt="1" ObjArtID="1" Merkmal="0.0"/>
  <Objekte ObjID="12288" ObjAufnahme="1998-05-18" ObjStrasseID="8511" ObjHausnummer="Wallensteinstraße 4" ObjVorlage="2013-09-11 00:00:00.0" ObKeinKontakt="1" ObjArtID="1" Merkmal="0.0"/>
  <Objekte ObjID="12289" ObjAufnahme="1998-05-18" ObjStrasseID="8511" ObjHausnummer="Wallensteinstraße 6" ObjVorlage="2013-09-11 00:00:00.0" ObKeinKontakt="1" ObjArtID="1" Merkmal="0.0"/>
  <Objekte ObjID="12290" ObjAufnahme="1998-05-18" ObjStrasseID="8525" ObjHausnummer="Washingtonweg 3" ObjVorlage="2013-09-11 00:00:00.0" ObKeinKontakt="1" ObjArtID="1" Merkmal="0.0"/>
  <Objekte ObjID="12291" ObjAufnahme="1998-05-18" ObjStrasseID="8532" ObjHausnummer="Weberstraße 14" ObjVorlage="2013-09-11 00:00:00.0" ObKeinKontakt="1" ObjArtID="1" Merkmal="0.0"/>
  <Objekte ObjID="12292" ObjAufnahme="1998-05-18" ObjStrasseID="8543" ObjHausnummer="Wegerichtrift 1" ObjVorlage="2013-09-11 00:00:00.0" ObKeinKontakt="1" ObjArtID="1" Merkmal="0.0"/>
  <Objekte ObjID="12293" ObjAufnahme="1998-05-18" ObjStrasseID="8543" ObjHausnummer="Wegerichtrift 2" ObjVorlage="2013-09-11 00:00:00.0" ObKeinKontakt="1" ObjArtID="1" Merkmal="0.0"/>
  <Objekte ObjID="12294" ObjAufnahme="1998-05-18" ObjStrasseID="8543" ObjHausnummer="Wegerichtrift 3" ObjVorlage="2013-09-11 00:00:00.0" ObKeinKontakt="1" ObjArtID="1" Merkmal="0.0"/>
  <Objekte ObjID="12295" ObjAufnahme="1998-05-18" ObjStrasseID="8543" ObjHausnummer="Wegerichtrift 4" ObjVorlage="2013-09-11 00:00:00.0" ObKeinKontakt="1" ObjArtID="1" Merkmal="0.0"/>
  <Objekte ObjID="12296" ObjAufnahme="1998-05-18" ObjStrasseID="8543" ObjHausnummer="Wegerichtrift 5" ObjVorlage="2013-09-11 00:00:00.0" ObKeinKontakt="1" ObjArtID="1" Merkmal="0.0"/>
  <Objekte ObjID="12297" ObjAufnahme="1998-05-18" ObjStrasseID="8572" ObjHausnummer="Weizenfeldstraße 1" ObjVorlage="2013-09-11 00:00:00.0" ObKeinKontakt="1" ObjArtID="1" Merkmal="0.0"/>
  <Objekte ObjID="12298" ObjAufnahme="1998-05-18" ObjStrasseID="8572" ObjHausnummer="Weizenfeldstraße 3" ObjVorlage="2013-09-11 00:00:00.0" ObKeinKontakt="1" ObjArtID="1" Merkmal="0.0"/>
  <Objekte ObjID="12299" ObjAufnahme="1998-05-18" ObjStrasseID="8572" ObjHausnummer="Weizenfeldstraße 5" ObjVorlage="2013-09-11 00:00:00.0" ObKeinKontakt="1" ObjArtID="1" Merkmal="0.0"/>
  <Objekte ObjID="12300" ObjAufnahme="1998-05-18" ObjStrasseID="8572" ObjHausnummer="Weizenfeldstraße 7" ObjVorlage="2013-09-11 00:00:00.0" ObKeinKontakt="1" ObjArtID="1" Merkmal="0.0"/>
  <Objekte ObjID="12301" ObjAufnahme="1998-05-18" ObjStrasseID="8594" ObjHausnummer="Wesselstraße 7" ObjVorlage="2013-09-11 00:00:00.0" ObKeinKontakt="1" ObjArtID="1" Merkmal="0.0"/>
  <Objekte ObjID="12302" ObjAufnahme="1998-05-18" ObjStrasseID="8594" ObjHausnummer="Wesselstraße 8" ObjVorlage="2013-09-11 00:00:00.0" ObKeinKontakt="1" ObjArtID="1" Merkmal="0.0"/>
  <Objekte ObjID="12303" ObjAufnahme="1998-05-18" ObjStrasseID="8594" ObjHausnummer="Wesselstraße 9" ObjVorlage="2013-09-11 00:00:00.0" ObKeinKontakt="1" ObjArtID="1" Merkmal="0.0"/>
  <Objekte ObjID="12304" ObjAufnahme="1998-05-18" ObjStrasseID="8594" ObjHausnummer="Wesselstraße 10" ObjVorlage="2013-09-11 00:00:00.0" ObKeinKontakt="1" ObjArtID="1" Merkmal="0.0"/>
  <Objekte ObjID="12305" ObjAufnahme="1998-05-18" ObjStrasseID="8594" ObjHausnummer="Wesselstraße 11" ObjVorlage="2013-09-11 00:00:00.0" ObKeinKontakt="1" ObjArtID="1" Merkmal="0.0"/>
  <Objekte ObjID="12306" ObjAufnahme="1998-05-18" ObjStrasseID="8594" ObjHausnummer="Wesselstraße 23" ObjVorlage="2013-09-11 00:00:00.0" ObKeinKontakt="1" ObjArtID="1" Merkmal="0.0"/>
  <Objekte ObjID="12307" ObjAufnahme="1998-05-18" ObjStrasseID="8594" ObjHausnummer="Wesselstraße 25" ObjVorlage="2013-09-11 00:00:00.0" ObKeinKontakt="1" ObjArtID="1" Merkmal="0.0"/>
  <Objekte ObjID="12308" ObjAufnahme="1998-05-18" ObjStrasseID="8594" ObjHausnummer="Wesselstraße 31" ObjVorlage="2013-09-11 00:00:00.0" ObKeinKontakt="1" ObjArtID="1" Merkmal="0.0"/>
  <Objekte ObjID="12309" ObjAufnahme="1998-05-18" ObjStrasseID="8671" ObjHausnummer="Woermannstraße 31" ObjVorlage="2013-09-11 00:00:00.0" ObKeinKontakt="1" ObjArtID="1" Merkmal="0.0"/>
  <Objekte ObjID="12310" ObjAufnahme="1998-05-18" ObjStrasseID="8671" ObjHausnummer="Woermannstraße 33" ObjVorlage="2013-09-11 00:00:00.0" ObKeinKontakt="1" ObjArtID="1" Merkmal="0.0"/>
  <Objekte ObjID="12311" ObjAufnahme="1998-05-18" ObjStrasseID="8671" ObjHausnummer="Woermannstraße 35" ObjVorlage="2013-09-11 00:00:00.0" ObKeinKontakt="1" ObjArtID="1" Merkmal="0.0"/>
  <Objekte ObjID="12312" ObjAufnahme="1998-05-18" ObjStrasseID="8671" ObjHausnummer="Woermannstraße 37" ObjVorlage="2013-09-11 00:00:00.0" ObKeinKontakt="1" ObjArtID="1" Merkmal="0.0"/>
  <Objekte ObjID="12313" ObjAufnahme="1998-05-18" ObjStrasseID="8690" ObjHausnummer="Wülferoder Straße 1" ObjVorlage="2013-09-11 00:00:00.0" ObKeinKontakt="1" ObjArtID="1" Merkmal="0.0"/>
  <Objekte ObjID="12314" ObjAufnahme="1998-05-18" ObjStrasseID="8690" ObjHausnummer="Wülferoder Straße 3" ObjVorlage="2013-09-11 00:00:00.0" ObKeinKontakt="1" ObjArtID="1" Merkmal="0.0"/>
  <Objekte ObjID="12315" ObjAufnahme="1998-05-18" ObjStrasseID="8690" ObjHausnummer="Wülferoder Straße 5" ObjVorlage="2013-09-11 00:00:00.0" ObKeinKontakt="1" ObjArtID="1" Merkmal="0.0"/>
  <Objekte ObjID="12316" ObjAufnahme="1998-05-18" ObjStrasseID="8690" ObjHausnummer="Wülferoder Straße 7" ObjVorlage="2013-09-11 00:00:00.0" ObKeinKontakt="1" ObjArtID="1" Merkmal="0.0"/>
  <Objekte ObjID="12317" ObjAufnahme="1998-05-18" ObjStrasseID="8690" ObjHausnummer="Wülferoder Straße 9" ObjVorlage="2013-09-11 00:00:00.0" ObKeinKontakt="1" ObjArtID="1" Merkmal="0.0"/>
  <Objekte ObjID="12318" ObjAufnahme="1998-05-18" ObjStrasseID="8690" ObjHausnummer="Wülferoder Straße 11" ObjVorlage="2013-09-11 00:00:00.0" ObKeinKontakt="1" ObjArtID="1" Merkmal="0.0"/>
  <Objekte ObjID="12319" ObjAufnahme="1998-05-18" ObjStrasseID="8692" ObjHausnummer="Wulfeshorn 1" ObjVorlage="2013-09-11 00:00:00.0" ObKeinKontakt="1" ObjArtID="1" Merkmal="0.0"/>
  <Objekte ObjID="12320" ObjAufnahme="1998-05-18" ObjStrasseID="8715" ObjHausnummer="Zittauer Hof 1" ObjVorlage="2013-09-11 00:00:00.0" ObKeinKontakt="1" ObjArtID="1" Merkmal="0.0"/>
  <Objekte ObjID="12321" ObjAufnahme="1998-05-18" ObjStrasseID="8715" ObjHausnummer="Zittauer Hof 2" ObjVorlage="2013-09-11 00:00:00.0" ObKeinKontakt="1" ObjArtID="1" Merkmal="0.0"/>
  <Objekte ObjID="12322" ObjAufnahme="1998-05-18" ObjStrasseID="8715" ObjHausnummer="Zittauer Hof 3" ObjVorlage="2013-09-11 00:00:00.0" ObKeinKontakt="1" ObjArtID="1" Merkmal="0.0"/>
  <Objekte ObjID="12323" ObjAufnahme="1998-05-18" ObjStrasseID="8715" ObjHausnummer="Zittauer Hof 4" ObjVorlage="2013-09-11 00:00:00.0" ObKeinKontakt="1" ObjArtID="1" Merkmal="0.0"/>
  <Objekte ObjID="12324" ObjAufnahme="1998-05-18" ObjStrasseID="8715" ObjHausnummer="Zittauer Hof 5" ObjVorlage="2013-09-11 00:00:00.0" ObKeinKontakt="1" ObjArtID="1" Merkmal="0.0"/>
  <Objekte ObjID="12325" ObjAufnahme="1998-05-18" ObjStrasseID="8727" ObjHausnummer="Zwickauer Straße 1" ObjVorlage="2013-09-11 00:00:00.0" ObKeinKontakt="1" ObjArtID="1" Merkmal="0.0"/>
  <Objekte ObjID="12326" ObjAufnahme="1998-05-18" ObjStrasseID="8727" ObjHausnummer="Zwickauer Straße 2" ObjVorlage="2013-09-11 00:00:00.0" ObKeinKontakt="1" ObjArtID="1" Merkmal="0.0"/>
  <Objekte ObjID="12327" ObjAufnahme="1998-05-18" ObjStrasseID="8727" ObjHausnummer="Zwickauer Straße 3" ObjVorlage="2013-09-11 00:00:00.0" ObKeinKontakt="1" ObjArtID="1" Merkmal="0.0"/>
  <Objekte ObjID="12328" ObjAufnahme="1998-05-18" ObjStrasseID="8727" ObjHausnummer="Zwickauer Straße 4" ObjVorlage="2013-09-11 00:00:00.0" ObKeinKontakt="1" ObjArtID="1" Merkmal="0.0"/>
  <Objekte ObjID="12329" ObjAufnahme="1998-05-18" ObjStrasseID="8727" ObjHausnummer="Zwickauer Straße 5" ObjVorlage="2013-09-11 00:00:00.0" ObKeinKontakt="1" ObjArtID="1" Merkmal="0.0"/>
  <Objekte ObjID="12330" ObjAufnahme="1998-05-18" ObjStrasseID="8727" ObjHausnummer="Zwickauer Straße 6" ObjVorlage="2013-09-11 00:00:00.0" ObKeinKontakt="1" ObjArtID="1" Merkmal="0.0"/>
  <Objekte ObjID="12331" ObjAufnahme="1998-05-18" ObjStrasseID="8727" ObjHausnummer="Zwickauer Straße 7" ObjVorlage="2013-09-11 00:00:00.0" ObKeinKontakt="1" ObjArtID="1" Merkmal="0.0"/>
  <Objekte ObjID="12332" ObjAufnahme="1998-05-18" ObjStrasseID="8727" ObjHausnummer="Zwickauer Straße 8" ObjVorlage="2013-09-11 00:00:00.0" ObKeinKontakt="1" ObjArtID="1" Merkmal="0.0"/>
  <Objekte ObjID="12333" ObjAufnahme="1998-05-18" ObjStrasseID="8727" ObjHausnummer="Zwickauer Straße 9" ObjVorlage="2013-09-11 00:00:00.0" ObKeinKontakt="1" ObjArtID="1" Merkmal="0.0"/>
  <Objekte ObjID="12334" ObjAufnahme="1998-05-18" ObjStrasseID="8727" ObjHausnummer="Zwickauer Straße 10" ObjVorlage="2013-09-11 00:00:00.0" ObKeinKontakt="1" ObjArtID="1" Merkmal="0.0"/>
  <Objekte ObjID="12335" ObjAufnahme="1998-05-18" ObjStrasseID="8727" ObjHausnummer="Zwickauer Straße 11" ObjVorlage="2013-09-11 00:00:00.0" ObKeinKontakt="1" ObjArtID="1" Merkmal="0.0"/>
  <Objekte ObjID="12336" ObjAufnahme="1998-05-18" ObjStrasseID="8727" ObjHausnummer="Zwickauer Straße 12" ObjVorlage="2013-09-11 00:00:00.0" ObKeinKontakt="1" ObjArtID="1" Merkmal="0.0"/>
  <Objekte ObjID="12337" ObjAufnahme="1998-05-18" ObjStrasseID="8727" ObjHausnummer="Zwickauer Straße 13" ObjVorlage="2013-09-11 00:00:00.0" ObKeinKontakt="1" ObjArtID="1" Merkmal="0.0"/>
  <Objekte ObjID="12338" ObjAufnahme="1998-05-18" ObjStrasseID="8727" ObjHausnummer="Zwickauer Straße 15" ObjVorlage="2013-09-11 00:00:00.0" ObKeinKontakt="1" ObjArtID="1" Merkmal="0.0"/>
  <Objekte ObjID="12339" ObjAufnahme="1998-05-18" ObjStrasseID="8727" ObjHausnummer="Zwickauer Straße 16" ObjVorlage="2013-09-11 00:00:00.0" ObKeinKontakt="1" ObjArtID="1" Merkmal="0.0"/>
  <Objekte ObjID="12340" ObjAufnahme="1998-05-18" ObjStrasseID="8727" ObjHausnummer="Zwickauer Straße 17" ObjVorlage="2013-09-11 00:00:00.0" ObKeinKontakt="1" ObjArtID="1" Merkmal="0.0"/>
  <Objekte ObjID="12341" ObjAufnahme="1998-05-18" ObjStrasseID="8727" ObjHausnummer="Zwickauer Straße 18" ObjVorlage="2013-09-11 00:00:00.0" ObKeinKontakt="1" ObjArtID="1" Merkmal="0.0"/>
  <Objekte ObjID="12342" ObjAufnahme="1998-05-18" ObjStrasseID="8727" ObjHausnummer="Zwickauer Straße 19" ObjVorlage="2013-09-11 00:00:00.0" ObKeinKontakt="1" ObjArtID="1" Merkmal="0.0"/>
  <Objekte ObjID="12343" ObjAufnahme="1998-05-18" ObjStrasseID="8727" ObjHausnummer="Zwickauer Straße 20" ObjVorlage="2013-09-11 00:00:00.0" ObKeinKontakt="1" ObjArtID="1" Merkmal="0.0"/>
  <Objekte ObjID="12344" ObjAufnahme="1998-05-18" ObjStrasseID="8727" ObjHausnummer="Zwickauer Straße 21" ObjVorlage="2013-09-11 00:00:00.0" ObKeinKontakt="1" ObjArtID="1" Merkmal="0.0"/>
  <Objekte ObjID="12345" ObjAufnahme="1998-05-18" ObjStrasseID="7194" ObjHausnummer="Knoevenagelweg 2" ObjVorlage="2013-09-11 00:00:00.0" ObKeinKontakt="1" ObjArtID="1" Merkmal="0.0"/>
  <Objekte ObjID="12346" ObjAufnahme="1998-05-18" ObjStrasseID="7194" ObjHausnummer="Knoevenagelweg 3" ObjVorlage="2013-09-11 00:00:00.0" ObKeinKontakt="1" ObjArtID="1" Merkmal="0.0"/>
  <Objekte ObjID="12347" ObjAufnahme="1998-05-18" ObjStrasseID="7194" ObjHausnummer="Knoevenagelweg 4" ObjVorlage="2013-09-11 00:00:00.0" ObKeinKontakt="1" ObjArtID="1" Merkmal="0.0"/>
  <Objekte ObjID="12348" ObjAufnahme="1998-05-18" ObjStrasseID="7194" ObjHausnummer="Knoevenagelweg 5" ObjVorlage="2013-09-11 00:00:00.0" ObKeinKontakt="1" ObjArtID="1" Merkmal="0.0"/>
  <Objekte ObjID="12349" ObjAufnahme="1998-05-18" ObjStrasseID="7194" ObjHausnummer="Knoevenagelweg 3A" ObjVorlage="2013-09-11 00:00:00.0" ObKeinKontakt="1" ObjArtID="1" Merkmal="0.0"/>
  <Objekte ObjID="12350" ObjAufnahme="1998-05-18" ObjStrasseID="7194" ObjHausnummer="Knoevenagelweg 3B" ObjVorlage="2013-09-11 00:00:00.0" ObKeinKontakt="1" ObjArtID="1" Merkmal="0.0"/>
  <Objekte ObjID="12351" ObjAufnahme="1998-05-18" ObjStrasseID="7194" ObjHausnummer="Knoevenagelweg 7" ObjVorlage="2013-09-11 00:00:00.0" ObKeinKontakt="1" ObjArtID="1" Merkmal="0.0"/>
  <Objekte ObjID="12352" ObjAufnahme="1998-05-18" ObjStrasseID="7194" ObjHausnummer="Knoevenagelweg 9" ObjVorlage="2013-09-11 00:00:00.0" ObKeinKontakt="1" ObjArtID="1" Merkmal="0.0"/>
  <Objekte ObjID="12353" ObjAufnahme="1998-05-18" ObjStrasseID="7194" ObjHausnummer="Knoevenagelweg 10" ObjVorlage="2013-09-11 00:00:00.0" ObKeinKontakt="1" ObjArtID="1" Merkmal="0.0"/>
  <Objekte ObjID="12354" ObjAufnahme="1998-05-18" ObjStrasseID="7194" ObjHausnummer="Knoevenagelweg 11" ObjVorlage="2013-09-11 00:00:00.0" ObKeinKontakt="1" ObjArtID="1" Merkmal="0.0"/>
  <Objekte ObjID="12355" ObjAufnahme="1998-05-18" ObjStrasseID="7194" ObjHausnummer="Knoevenagelweg 12" ObjVorlage="2013-09-11 00:00:00.0" ObKeinKontakt="1" ObjArtID="1" Merkmal="0.0"/>
  <Objekte ObjID="12356" ObjAufnahme="1998-05-18" ObjStrasseID="7194" ObjHausnummer="Knoevenagelweg 13" ObjVorlage="2013-09-11 00:00:00.0" ObKeinKontakt="1" ObjArtID="1" Merkmal="0.0"/>
  <Objekte ObjID="12357" ObjAufnahme="1998-05-18" ObjStrasseID="7194" ObjHausnummer="Knoevenagelweg 15" ObjVorlage="2013-09-11 00:00:00.0" ObKeinKontakt="1" ObjArtID="1" Merkmal="0.0"/>
  <Objekte ObjID="12358" ObjAufnahme="1998-05-19" ObjLetztKontakt="1998-05-19" ObjStrasseID="6033" ObjHausnummer="Bornholmer Weg 15" ObjVorlage="2013-09-11 00:00:00.0" ObKeinKontakt="5" ObjArtID="21" Merkmal="0.0" ObjInfo="100qm/180qm/1993/Einstellplatz/375.000DM"/>
  <Objekte ObjID="12359" ObjAufnahme="1998-05-19" ObjStrasseID="7865" ObjHausnummer="Reichhelmstraße 24" ObjVorlage="2013-09-11 00:00:00.0" ObKeinKontakt="1" ObjArtID="1" Merkmal="0.0"/>
  <Objekte ObjID="12360" ObjAufnahme="1998-05-19" ObjStrasseID="7865" ObjHausnummer="Reichhelmstraße 22" ObjVorlage="2013-09-11 00:00:00.0" ObKeinKontakt="1" ObjArtID="1" Merkmal="0.0"/>
  <Objekte ObjID="12361" ObjAufnahme="1998-05-19" ObjStrasseID="7865" ObjHausnummer="Reichhelmstraße 20" ObjVorlage="2013-09-11 00:00:00.0" ObKeinKontakt="1" ObjArtID="1" Merkmal="0.0"/>
  <Objekte ObjID="12362" ObjAufnahme="1998-05-19" ObjStrasseID="7865" ObjHausnummer="Reichhelmstraße 12" ObjVorlage="2013-09-11 00:00:00.0" ObKeinKontakt="1" ObjArtID="1" Merkmal="0.0"/>
  <Objekte ObjID="12363" ObjAufnahme="1998-05-19" ObjStrasseID="7865" ObjHausnummer="Reichhelmstraße 14" ObjVorlage="2013-09-11 00:00:00.0" ObKeinKontakt="1" ObjArtID="1" Merkmal="0.0"/>
  <Objekte ObjID="12364" ObjAufnahme="1998-05-19" ObjStrasseID="7865" ObjHausnummer="Reichhelmstraße 10" ObjVorlage="2013-09-11 00:00:00.0" ObKeinKontakt="1" ObjArtID="1" Merkmal="0.0"/>
  <Objekte ObjID="12365" ObjAufnahme="1998-05-19" ObjStrasseID="7865" ObjHausnummer="Reichhelmstraße 8" ObjVorlage="2013-09-11 00:00:00.0" ObKeinKontakt="1" ObjArtID="1" Merkmal="0.0"/>
  <Objekte ObjID="12366" ObjAufnahme="1998-05-19" ObjStrasseID="7865" ObjHausnummer="Reichhelmstraße 6" ObjVorlage="2013-09-11 00:00:00.0" ObKeinKontakt="1" ObjArtID="1" Merkmal="0.0"/>
  <Objekte ObjID="12367" ObjAufnahme="1998-05-19" ObjStrasseID="7865" ObjHausnummer="Reichhelmstraße 4" ObjVorlage="2013-09-11 00:00:00.0" ObKeinKontakt="1" ObjArtID="1" Merkmal="0.0"/>
  <Objekte ObjID="12368" ObjAufnahme="1998-05-19" ObjStrasseID="7865" ObjHausnummer="Reichhelmstraße 2" ObjVorlage="2013-09-11 00:00:00.0" ObKeinKontakt="1" ObjArtID="1" Merkmal="0.0"/>
  <Objekte ObjID="12369" ObjAufnahme="1998-05-19" ObjStrasseID="7865" ObjHausnummer="Reichhelmstraße 1" ObjVorlage="2013-09-11 00:00:00.0" ObKeinKontakt="1" ObjArtID="1" Merkmal="0.0"/>
  <Objekte ObjID="12370" ObjAufnahme="1998-05-20" ObjStrasseID="8337" ObjHausnummer="Suthwiesenstraße 47" ObjVorlage="2013-09-11 00:00:00.0" ObKeinKontakt="1" ObjArtID="1" Merkmal="0.0"/>
  <Objekte ObjID="12371" ObjAufnahme="1998-05-20" ObjStrasseID="8337" ObjHausnummer="Suthwiesenstraße 45" ObjVorlage="2013-09-11 00:00:00.0" ObKeinKontakt="1" ObjArtID="1" Merkmal="0.0"/>
  <Objekte ObjID="12372" ObjAufnahme="1998-05-20" ObjStrasseID="8337" ObjHausnummer="Suthwiesenstraße 43" ObjVorlage="2013-09-11 00:00:00.0" ObKeinKontakt="1" ObjArtID="1" Merkmal="0.0"/>
  <Objekte ObjID="12373" ObjAufnahme="1998-05-20" ObjStrasseID="8337" ObjHausnummer="Suthwiesenstraße 41" ObjVorlage="2013-09-11 00:00:00.0" ObKeinKontakt="1" ObjArtID="1" Merkmal="0.0"/>
  <Objekte ObjID="12374" ObjAufnahme="1998-05-20" ObjStrasseID="8337" ObjHausnummer="Suthwiesenstraße 39" ObjVorlage="2013-09-11 00:00:00.0" ObKeinKontakt="1" ObjArtID="1" Merkmal="0.0"/>
  <Objekte ObjID="12375" ObjAufnahme="1998-05-20" ObjStrasseID="8337" ObjHausnummer="Suthwiesenstraße 37" ObjVorlage="2013-09-11 00:00:00.0" ObKeinKontakt="1" ObjArtID="1" Merkmal="0.0"/>
  <Objekte ObjID="12376" ObjAufnahme="1998-05-20" ObjStrasseID="8337" ObjHausnummer="Suthwiesenstraße 35" ObjVorlage="2013-09-11 00:00:00.0" ObKeinKontakt="1" ObjArtID="1" Merkmal="0.0"/>
  <Objekte ObjID="12377" ObjAufnahme="1998-05-20" ObjStrasseID="8337" ObjHausnummer="Suthwiesenstraße 33" ObjVorlage="2013-09-11 00:00:00.0" ObKeinKontakt="1" ObjArtID="1" Merkmal="0.0"/>
  <Objekte ObjID="12378" ObjAufnahme="1998-05-20" ObjStrasseID="8337" ObjHausnummer="Suthwiesenstraße 29" ObjVorlage="2013-09-11 00:00:00.0" ObKeinKontakt="1" ObjArtID="1" Merkmal="0.0"/>
  <Objekte ObjID="12379" ObjAufnahme="1998-05-20" ObjStrasseID="8337" ObjHausnummer="Suthwiesenstraße 27" ObjVorlage="2013-09-11 00:00:00.0" ObKeinKontakt="1" ObjArtID="1" Merkmal="0.0"/>
  <Objekte ObjID="12380" ObjAufnahme="1998-05-20" ObjStrasseID="8337" ObjHausnummer="Suthwiesenstraße 25" ObjVorlage="2013-09-11 00:00:00.0" ObKeinKontakt="1" ObjArtID="1" Merkmal="0.0"/>
  <Objekte ObjID="12381" ObjAufnahme="1998-05-20" ObjStrasseID="8337" ObjHausnummer="Suthwiesenstraße 23" ObjVorlage="2013-09-11 00:00:00.0" ObKeinKontakt="1" ObjArtID="1" Merkmal="0.0"/>
  <Objekte ObjID="12382" ObjAufnahme="1998-05-20" ObjStrasseID="8337" ObjHausnummer="Suthwiesenstraße 19" ObjVorlage="2013-09-11 00:00:00.0" ObKeinKontakt="1" ObjArtID="1" Merkmal="0.0"/>
  <Objekte ObjID="12383" ObjAufnahme="1998-05-20" ObjStrasseID="8337" ObjHausnummer="Suthwiesenstraße 17" ObjVorlage="2013-09-11 00:00:00.0" ObKeinKontakt="1" ObjArtID="1" Merkmal="0.0"/>
  <Objekte ObjID="12384" ObjAufnahme="1998-05-20" ObjStrasseID="8337" ObjHausnummer="Suthwiesenstraße 15" ObjVorlage="2013-09-11 00:00:00.0" ObKeinKontakt="1" ObjArtID="1" Merkmal="0.0"/>
  <Objekte ObjID="12385" ObjAufnahme="1998-05-20" ObjStrasseID="8337" ObjHausnummer="Suthwiesenstraße 13" ObjVorlage="2013-09-11 00:00:00.0" ObKeinKontakt="1" ObjArtID="1" Merkmal="0.0"/>
  <Objekte ObjID="12386" ObjAufnahme="1998-05-20" ObjStrasseID="8337" ObjHausnummer="Suthwiesenstraße 11" ObjVorlage="2013-09-11 00:00:00.0" ObKeinKontakt="1" ObjArtID="1" Merkmal="0.0"/>
  <Objekte ObjID="12387" ObjAufnahme="1998-05-20" ObjStrasseID="8337" ObjHausnummer="Suthwiesenstraße 9" ObjVorlage="2013-09-11 00:00:00.0" ObKeinKontakt="1" ObjArtID="1" Merkmal="0.0"/>
  <Objekte ObjID="12388" ObjAufnahme="1998-05-20" ObjStrasseID="8337" ObjHausnummer="Suthwiesenstraße 18" ObjVorlage="2013-09-11 00:00:00.0" ObKeinKontakt="1" ObjArtID="1" Merkmal="0.0"/>
  <Objekte ObjID="12389" ObjAufnahme="1998-05-20" ObjStrasseID="8337" ObjHausnummer="Suthwiesenstraße 20" ObjVorlage="2013-09-11 00:00:00.0" ObKeinKontakt="1" ObjArtID="1" Merkmal="0.0"/>
  <Objekte ObjID="12390" ObjAufnahme="1998-05-21" ObjStrasseID="8373" ObjHausnummer="Thüringer Straße 27" ObjVorlage="2013-09-11 00:00:00.0" ObKeinKontakt="1" ObjArtID="1" Merkmal="0.0"/>
  <Objekte ObjID="12391" ObjAufnahme="1998-05-21" ObjStrasseID="8373" ObjHausnummer="Thüringer Straße 29" ObjVorlage="2013-09-11 00:00:00.0" ObKeinKontakt="1" ObjArtID="1" Merkmal="0.0"/>
  <Objekte ObjID="12392" ObjAufnahme="1998-05-21" ObjStrasseID="8373" ObjHausnummer="Thüringer Straße 30" ObjVorlage="2013-09-11 00:00:00.0" ObKeinKontakt="1" ObjArtID="1" Merkmal="0.0"/>
  <Objekte ObjID="12393" ObjAufnahme="1998-05-21" ObjStrasseID="8373" ObjHausnummer="Thüringer Straße 31" ObjVorlage="2013-09-11 00:00:00.0" ObKeinKontakt="1" ObjArtID="1" Merkmal="0.0"/>
  <Objekte ObjID="12394" ObjAufnahme="1998-05-21" ObjStrasseID="8373" ObjHausnummer="Thüringer Straße 32" ObjVorlage="2013-09-11 00:00:00.0" ObKeinKontakt="1" ObjArtID="1" Merkmal="0.0"/>
  <Objekte ObjID="12395" ObjAufnahme="1998-05-21" ObjStrasseID="8373" ObjHausnummer="Thüringer Straße 33" ObjVorlage="2013-09-11 00:00:00.0" ObKeinKontakt="1" ObjArtID="1" Merkmal="0.0"/>
  <Objekte ObjID="12396" ObjAufnahme="1998-05-21" ObjStrasseID="8373" ObjHausnummer="Thüringer Straße 34" ObjVorlage="2013-09-11 00:00:00.0" ObKeinKontakt="1" ObjArtID="1" Merkmal="0.0"/>
  <Objekte ObjID="12397" ObjAufnahme="1998-05-21" ObjStrasseID="8373" ObjHausnummer="Thüringer Straße 35" ObjVorlage="2013-09-11 00:00:00.0" ObKeinKontakt="1" ObjArtID="1" Merkmal="0.0"/>
  <Objekte ObjID="12398" ObjAufnahme="1998-05-21" ObjStrasseID="8373" ObjHausnummer="Thüringer Straße 37" ObjVorlage="2013-09-11 00:00:00.0" ObKeinKontakt="1" ObjArtID="1" Merkmal="0.0"/>
  <Objekte ObjID="12399" ObjAufnahme="1998-05-21" ObjStrasseID="8373" ObjHausnummer="Thüringer Straße 39" ObjVorlage="2013-09-11 00:00:00.0" ObKeinKontakt="1" ObjArtID="1" Merkmal="0.0"/>
  <Objekte ObjID="12400" ObjAufnahme="1998-05-21" ObjStrasseID="7860" ObjHausnummer="Rehbockstraße 32" ObjVorlage="2013-09-11 00:00:00.0" ObKeinKontakt="1" ObjArtID="1" Merkmal="0.0"/>
  <Objekte ObjID="12401" ObjAufnahme="1998-05-21" ObjStrasseID="5891" ObjHausnummer="Beckstraße 1" ObjVorlage="2013-09-11 00:00:00.0" ObKeinKontakt="1" ObjArtID="1" Merkmal="0.0"/>
  <Objekte ObjID="12402" ObjAufnahme="1998-05-21" ObjStrasseID="5891" ObjHausnummer="Beckstraße 3" ObjVorlage="2013-09-11 00:00:00.0" ObKeinKontakt="1" ObjArtID="1" Merkmal="0.0"/>
  <Objekte ObjID="12403" ObjAufnahme="1998-05-21" ObjStrasseID="5891" ObjHausnummer="Beckstraße 5" ObjVorlage="2013-09-11 00:00:00.0" ObKeinKontakt="1" ObjArtID="1" Merkmal="0.0"/>
  <Objekte ObjID="12404" ObjAufnahme="1998-05-21" ObjStrasseID="5891" ObjHausnummer="Beckstraße 7" ObjVorlage="2013-09-11 00:00:00.0" ObKeinKontakt="1" ObjArtID="1" Merkmal="0.0"/>
  <Objekte ObjID="12405" ObjAufnahme="1998-05-21" ObjStrasseID="5891" ObjHausnummer="Beckstraße 9" ObjVorlage="2013-09-11 00:00:00.0" ObKeinKontakt="1" ObjArtID="1" Merkmal="0.0"/>
  <Objekte ObjID="12406" ObjAufnahme="1998-05-21" ObjStrasseID="5891" ObjHausnummer="Beckstraße 11" ObjVorlage="2013-09-11 00:00:00.0" ObKeinKontakt="1" ObjArtID="1" Merkmal="0.0"/>
  <Objekte ObjID="12407" ObjAufnahme="1998-05-21" ObjStrasseID="5891" ObjHausnummer="Beckstraße 13" ObjVorlage="2013-09-11 00:00:00.0" ObKeinKontakt="1" ObjArtID="1" Merkmal="0.0"/>
  <Objekte ObjID="12408" ObjAufnahme="1998-05-21" ObjStrasseID="5891" ObjHausnummer="Beckstraße 15" ObjVorlage="2013-09-11 00:00:00.0" ObKeinKontakt="1" ObjArtID="1" Merkmal="0.0"/>
  <Objekte ObjID="12409" ObjAufnahme="1998-05-21" ObjStrasseID="5891" ObjHausnummer="Beckstraße 17" ObjVorlage="2013-09-11 00:00:00.0" ObKeinKontakt="1" ObjArtID="1" Merkmal="0.0"/>
  <Objekte ObjID="12410" ObjAufnahme="1998-05-21" ObjStrasseID="5891" ObjHausnummer="Beckstraße 19" ObjVorlage="2013-09-11 00:00:00.0" ObKeinKontakt="1" ObjArtID="1" Merkmal="0.0"/>
  <Objekte ObjID="12411" ObjAufnahme="1998-05-21" ObjStrasseID="5891" ObjHausnummer="Beckstraße 21" ObjVorlage="2013-09-11 00:00:00.0" ObKeinKontakt="1" ObjArtID="1" Merkmal="0.0"/>
  <Objekte ObjID="12412" ObjAufnahme="1998-05-21" ObjStrasseID="5891" ObjHausnummer="Beckstraße 23" ObjVorlage="2013-09-11 00:00:00.0" ObKeinKontakt="1" ObjArtID="1" Merkmal="0.0"/>
  <Objekte ObjID="12413" ObjAufnahme="1998-05-21" ObjStrasseID="5891" ObjHausnummer="Beckstraße 25" ObjVorlage="2013-09-11 00:00:00.0" ObKeinKontakt="1" ObjArtID="1" Merkmal="0.0"/>
  <Objekte ObjID="12414" ObjAufnahme="1998-05-21" ObjStrasseID="5891" ObjHausnummer="Beckstraße 27" ObjVorlage="2013-09-11 00:00:00.0" ObKeinKontakt="1" ObjArtID="1" Merkmal="0.0"/>
  <Objekte ObjID="12415" ObjAufnahme="1998-05-21" ObjStrasseID="5891" ObjHausnummer="Beckstraße 29" ObjVorlage="2013-09-11 00:00:00.0" ObKeinKontakt="1" ObjArtID="1" Merkmal="0.0"/>
  <Objekte ObjID="12416" ObjAufnahme="1998-05-21" ObjStrasseID="5891" ObjHausnummer="Beckstraße 31" ObjVorlage="2013-09-11 00:00:00.0" ObKeinKontakt="1" ObjArtID="1" Merkmal="0.0"/>
  <Objekte ObjID="12417" ObjAufnahme="1998-05-21" ObjStrasseID="6157" ObjHausnummer="Constantinstraße 20" ObjVorlage="2013-09-11 00:00:00.0" ObKeinKontakt="1" ObjArtID="1" Merkmal="0.0"/>
  <Objekte ObjID="12418" ObjAufnahme="1998-05-21" ObjStrasseID="6157" ObjHausnummer="Constantinstraße 22" ObjVorlage="2013-09-11 00:00:00.0" ObKeinKontakt="1" ObjArtID="1" Merkmal="0.0"/>
  <Objekte ObjID="12419" ObjAufnahme="1998-05-21" ObjStrasseID="6157" ObjHausnummer="Constantinstraße 24" ObjVorlage="2013-09-11 00:00:00.0" ObKeinKontakt="1" ObjArtID="1" Merkmal="0.0"/>
  <Objekte ObjID="12420" ObjAufnahme="1998-05-21" ObjStrasseID="6157" ObjHausnummer="Constantinstraße 26" ObjVorlage="2013-09-11 00:00:00.0" ObKeinKontakt="1" ObjArtID="1" Merkmal="0.0"/>
  <Objekte ObjID="12421" ObjAufnahme="1998-05-21" ObjStrasseID="6157" ObjHausnummer="Constantinstraße 28" ObjVorlage="2013-09-11 00:00:00.0" ObKeinKontakt="1" ObjArtID="1" Merkmal="0.0"/>
  <Objekte ObjID="12422" ObjAufnahme="1998-05-21" ObjStrasseID="7695" ObjHausnummer="Ossietzkyring 2" ObjVorlage="2013-09-11 00:00:00.0" ObKeinKontakt="1" ObjArtID="1" Merkmal="0.0"/>
  <Objekte ObjID="12423" ObjAufnahme="1998-05-21" ObjStrasseID="7695" ObjHausnummer="Ossietzkyring 4" ObjVorlage="2013-09-11 00:00:00.0" ObKeinKontakt="1" ObjArtID="1" Merkmal="0.0"/>
  <Objekte ObjID="12424" ObjAufnahme="1998-05-21" ObjStrasseID="7695" ObjHausnummer="Ossietzkyring 6" ObjVorlage="2013-09-11 00:00:00.0" ObKeinKontakt="1" ObjArtID="1" Merkmal="0.0"/>
  <Objekte ObjID="12425" ObjAufnahme="1998-05-21" ObjStrasseID="7695" ObjHausnummer="Ossietzkyring 8" ObjVorlage="2013-09-11 00:00:00.0" ObKeinKontakt="1" ObjArtID="1" Merkmal="0.0"/>
  <Objekte ObjID="12426" ObjAufnahme="1998-05-21" ObjStrasseID="7695" ObjHausnummer="Ossietzkyring 37" ObjVorlage="2013-09-11 00:00:00.0" ObKeinKontakt="1" ObjArtID="1" Merkmal="0.0"/>
  <Objekte ObjID="12427" ObjAufnahme="1998-05-21" ObjStrasseID="7695" ObjHausnummer="Ossietzkyring 38" ObjVorlage="2013-09-11 00:00:00.0" ObKeinKontakt="1" ObjArtID="1" Merkmal="0.0"/>
  <Objekte ObjID="12428" ObjAufnahme="1998-05-21" ObjStrasseID="7695" ObjHausnummer="Ossietzkyring 37A" ObjVorlage="2013-09-11 00:00:00.0" ObKeinKontakt="1" ObjArtID="1" Merkmal="0.0"/>
  <Objekte ObjID="12429" ObjAufnahme="1998-05-21" ObjStrasseID="7695" ObjHausnummer="Ossietzkyring 38A" ObjVorlage="2013-09-11 00:00:00.0" ObKeinKontakt="1" ObjArtID="1" Merkmal="0.0"/>
  <Objekte ObjID="12430" ObjAufnahme="1998-05-21" ObjStrasseID="7695" ObjHausnummer="Ossietzkyring 38B" ObjVorlage="2013-09-11 00:00:00.0" ObKeinKontakt="1" ObjArtID="1" Merkmal="0.0"/>
  <Objekte ObjID="12431" ObjAufnahme="1998-05-21" ObjStrasseID="8100" ObjHausnummer="Schollweg 4" ObjVorlage="2013-09-11 00:00:00.0" ObKeinKontakt="1" ObjArtID="1" Merkmal="0.0"/>
  <Objekte ObjID="12432" ObjAufnahme="1998-05-21" ObjStrasseID="8100" ObjHausnummer="Schollweg 6" ObjVorlage="2013-09-11 00:00:00.0" ObKeinKontakt="1" ObjArtID="1" Merkmal="0.0"/>
  <Objekte ObjID="12433" ObjAufnahme="1998-05-21" ObjStrasseID="8100" ObjHausnummer="Schollweg 8" ObjVorlage="2013-09-11 00:00:00.0" ObKeinKontakt="1" ObjArtID="1" Merkmal="0.0"/>
  <Objekte ObjID="12434" ObjAufnahme="1998-05-21" ObjStrasseID="8100" ObjHausnummer="Schollweg 10" ObjVorlage="2013-09-11 00:00:00.0" ObKeinKontakt="1" ObjArtID="1" Merkmal="0.0"/>
  <Objekte ObjID="12435" ObjAufnahme="1998-05-21" ObjStrasseID="8100" ObjHausnummer="Schollweg 12" ObjVorlage="2013-09-11 00:00:00.0" ObKeinKontakt="1" ObjArtID="1" Merkmal="0.0"/>
  <Objekte ObjID="12436" ObjAufnahme="1998-05-21" ObjStrasseID="8100" ObjHausnummer="Schollweg 14" ObjVorlage="2013-09-11 00:00:00.0" ObKeinKontakt="1" ObjArtID="1" Merkmal="0.0"/>
  <Objekte ObjID="12437" ObjAufnahme="1998-05-21" ObjStrasseID="6554" ObjHausnummer="Gerrit-Engelke-Straße 35" ObjVorlage="2013-09-11 00:00:00.0" ObKeinKontakt="1" ObjArtID="1" Merkmal="0.0"/>
  <Objekte ObjID="12438" ObjAufnahme="1998-05-21" ObjStrasseID="6554" ObjHausnummer="Gerrit-Engelke-Straße 37" ObjVorlage="2013-09-11 00:00:00.0" ObKeinKontakt="1" ObjArtID="1" Merkmal="0.0"/>
  <Objekte ObjID="12439" ObjAufnahme="1998-05-21" ObjStrasseID="6554" ObjHausnummer="Gerrit-Engelke-Straße 39" ObjVorlage="2013-09-11 00:00:00.0" ObKeinKontakt="1" ObjArtID="1" Merkmal="0.0"/>
  <Objekte ObjID="12440" ObjAufnahme="1998-05-21" ObjStrasseID="6554" ObjHausnummer="Gerrit-Engelke-Straße 41" ObjVorlage="2013-09-11 00:00:00.0" ObKeinKontakt="1" ObjArtID="1" Merkmal="0.0"/>
  <Objekte ObjID="12441" ObjAufnahme="1998-05-21" ObjStrasseID="6554" ObjHausnummer="Gerrit-Engelke-Straße 43" ObjVorlage="2013-09-11 00:00:00.0" ObKeinKontakt="1" ObjArtID="1" Merkmal="0.0"/>
  <Objekte ObjID="12442" ObjAufnahme="1998-05-21" ObjStrasseID="6554" ObjHausnummer="Gerrit-Engelke-Straße 45" ObjVorlage="2013-09-11 00:00:00.0" ObKeinKontakt="1" ObjArtID="1" Merkmal="0.0"/>
  <Objekte ObjID="12443" ObjAufnahme="1998-05-21" ObjStrasseID="7534" ObjHausnummer="Meterstraße 18" ObjVorlage="2013-09-11 00:00:00.0" ObKeinKontakt="1" ObjArtID="1" Merkmal="0.0"/>
  <Objekte ObjID="12444" ObjAufnahme="1998-05-21" ObjStrasseID="7579" ObjHausnummer="Mozartstraße 6" ObjVorlage="2013-09-11 00:00:00.0" ObKeinKontakt="1" ObjArtID="1" Merkmal="0.0"/>
  <Objekte ObjID="12445" ObjAufnahme="1998-05-21" ObjStrasseID="7579" ObjHausnummer="Mozartstraße 7" ObjVorlage="2013-09-11 00:00:00.0" ObKeinKontakt="1" ObjArtID="1" Merkmal="0.0"/>
  <Objekte ObjID="12446" ObjAufnahme="1998-05-21" ObjStrasseID="7579" ObjHausnummer="Mozartstraße 8" ObjVorlage="2013-09-11 00:00:00.0" ObKeinKontakt="1" ObjArtID="1" Merkmal="0.0"/>
  <Objekte ObjID="12447" ObjAufnahme="1998-05-21" ObjStrasseID="5703" ObjHausnummer="Am Schatzkampe 18" ObjVorlage="2013-09-11 00:00:00.0" ObKeinKontakt="1" ObjArtID="1" Merkmal="0.0"/>
  <Objekte ObjID="12448" ObjAufnahme="1998-05-21" ObjStrasseID="5703" ObjHausnummer="Am Schatzkampe 19" ObjVorlage="2013-09-11 00:00:00.0" ObKeinKontakt="1" ObjArtID="1" Merkmal="0.0"/>
  <Objekte ObjID="12449" ObjAufnahme="1998-05-21" ObjStrasseID="5703" ObjHausnummer="Am Schatzkampe 20" ObjVorlage="2013-09-11 00:00:00.0" ObKeinKontakt="1" ObjArtID="1" Merkmal="0.0"/>
  <Objekte ObjID="12450" ObjAufnahme="1998-05-21" ObjStrasseID="5741" ObjHausnummer="Amundsenweg 1" ObjVorlage="2013-09-11 00:00:00.0" ObKeinKontakt="1" ObjArtID="1" Merkmal="0.0"/>
  <Objekte ObjID="12451" ObjAufnahme="1998-05-21" ObjStrasseID="5741" ObjHausnummer="Amundsenweg 2" ObjVorlage="2013-09-11 00:00:00.0" ObKeinKontakt="1" ObjArtID="1" Merkmal="0.0"/>
  <Objekte ObjID="12452" ObjAufnahme="1998-05-21" ObjStrasseID="5741" ObjHausnummer="Amundsenweg 3" ObjVorlage="2013-09-11 00:00:00.0" ObKeinKontakt="1" ObjArtID="1" Merkmal="0.0"/>
  <Objekte ObjID="12453" ObjAufnahme="1998-05-21" ObjStrasseID="5741" ObjHausnummer="Amundsenweg 4" ObjVorlage="2013-09-11 00:00:00.0" ObKeinKontakt="1" ObjArtID="1" Merkmal="0.0"/>
  <Objekte ObjID="12454" ObjAufnahme="1998-05-21" ObjStrasseID="5741" ObjHausnummer="Amundsenweg 5" ObjVorlage="2013-09-11 00:00:00.0" ObKeinKontakt="1" ObjArtID="1" Merkmal="0.0"/>
  <Objekte ObjID="12455" ObjAufnahme="1998-05-21" ObjStrasseID="5741" ObjHausnummer="Amundsenweg 6" ObjVorlage="2013-09-11 00:00:00.0" ObKeinKontakt="1" ObjArtID="1" Merkmal="0.0"/>
  <Objekte ObjID="12456" ObjAufnahme="1998-05-21" ObjStrasseID="5741" ObjHausnummer="Amundsenweg 7" ObjVorlage="2013-09-11 00:00:00.0" ObKeinKontakt="1" ObjArtID="1" Merkmal="0.0"/>
  <Objekte ObjID="12457" ObjAufnahme="1998-05-21" ObjStrasseID="5741" ObjHausnummer="Amundsenweg 8" ObjVorlage="2013-09-11 00:00:00.0" ObKeinKontakt="1" ObjArtID="1" Merkmal="0.0"/>
  <Objekte ObjID="12458" ObjAufnahme="1998-05-21" ObjStrasseID="5741" ObjHausnummer="Amundsenweg 9" ObjVorlage="2013-09-11 00:00:00.0" ObKeinKontakt="1" ObjArtID="1" Merkmal="0.0"/>
  <Objekte ObjID="12459" ObjAufnahme="1998-05-21" ObjStrasseID="5741" ObjHausnummer="Amundsenweg 10" ObjVorlage="2013-09-11 00:00:00.0" ObKeinKontakt="1" ObjArtID="1" Merkmal="0.0"/>
  <Objekte ObjID="12460" ObjAufnahme="1998-05-21" ObjStrasseID="5741" ObjHausnummer="Amundsenweg 11" ObjVorlage="2013-09-11 00:00:00.0" ObKeinKontakt="1" ObjArtID="1" Merkmal="0.0"/>
  <Objekte ObjID="12461" ObjAufnahme="1998-05-21" ObjStrasseID="5741" ObjHausnummer="Amundsenweg 12" ObjVorlage="2013-09-11 00:00:00.0" ObKeinKontakt="1" ObjArtID="1" Merkmal="0.0"/>
  <Objekte ObjID="12462" ObjAufnahme="1998-05-21" ObjStrasseID="5741" ObjHausnummer="Amundsenweg 13" ObjVorlage="2013-09-11 00:00:00.0" ObKeinKontakt="1" ObjArtID="1" Merkmal="0.0"/>
  <Objekte ObjID="12463" ObjAufnahme="1998-05-21" ObjStrasseID="5741" ObjHausnummer="Amundsenweg 14" ObjVorlage="2013-09-11 00:00:00.0" ObKeinKontakt="1" ObjArtID="1" Merkmal="0.0"/>
  <Objekte ObjID="12464" ObjAufnahme="1998-05-21" ObjStrasseID="5741" ObjHausnummer="Amundsenweg 15" ObjVorlage="2013-09-11 00:00:00.0" ObKeinKontakt="1" ObjArtID="1" Merkmal="0.0"/>
  <Objekte ObjID="12465" ObjAufnahme="1998-05-21" ObjStrasseID="5741" ObjHausnummer="Amundsenweg 16" ObjVorlage="2013-09-11 00:00:00.0" ObKeinKontakt="1" ObjArtID="1" Merkmal="0.0"/>
  <Objekte ObjID="12466" ObjAufnahme="1998-05-21" ObjStrasseID="5741" ObjHausnummer="Amundsenweg 17" ObjVorlage="2013-09-11 00:00:00.0" ObKeinKontakt="1" ObjArtID="1" Merkmal="0.0"/>
  <Objekte ObjID="12467" ObjAufnahme="1998-05-21" ObjStrasseID="5809" ObjHausnummer="Apenrader Straße 41" ObjVorlage="2013-09-11 00:00:00.0" ObKeinKontakt="1" ObjArtID="1" Merkmal="0.0"/>
  <Objekte ObjID="12468" ObjAufnahme="1998-05-21" ObjStrasseID="5809" ObjHausnummer="Apenrader Straße 42" ObjVorlage="2013-09-11 00:00:00.0" ObKeinKontakt="1" ObjArtID="177" Merkmal="0.0"/>
  <Objekte ObjID="12469" ObjAufnahme="1998-05-21" ObjStrasseID="5809" ObjHausnummer="Apenrader Straße 43" ObjVorlage="2013-09-11 00:00:00.0" ObKeinKontakt="1" ObjArtID="1" Merkmal="0.0"/>
  <Objekte ObjID="12470" ObjAufnahme="1998-05-21" ObjStrasseID="5809" ObjHausnummer="Apenrader Straße 44" ObjVorlage="2013-09-11 00:00:00.0" ObKeinKontakt="1" ObjArtID="1" Merkmal="0.0"/>
  <Objekte ObjID="12471" ObjAufnahme="1998-05-21" ObjStrasseID="5809" ObjHausnummer="Apenrader Straße 45" ObjVorlage="2013-09-11 00:00:00.0" ObKeinKontakt="1" ObjArtID="1" Merkmal="0.0"/>
  <Objekte ObjID="12472" ObjAufnahme="1998-05-21" ObjStrasseID="7534" ObjHausnummer="Meterstraße 20" ObjVorlage="2013-09-11 00:00:00.0" ObKeinKontakt="1" ObjArtID="1" Merkmal="0.0"/>
  <Objekte ObjID="12473" ObjAufnahme="1998-05-21" ObjStrasseID="6103" ObjHausnummer="Bugenhagenstraße 8" ObjVorlage="2013-09-11 00:00:00.0" ObKeinKontakt="1" ObjArtID="1" Merkmal="0.0"/>
  <Objekte ObjID="12474" ObjAufnahme="1998-05-21" ObjStrasseID="6103" ObjHausnummer="Bugenhagenstraße 10" ObjVorlage="2013-09-11 00:00:00.0" ObKeinKontakt="1" ObjArtID="1" Merkmal="0.0"/>
  <Objekte ObjID="12475" ObjAufnahme="1998-05-21" ObjStrasseID="6103" ObjHausnummer="Bugenhagenstraße 12" ObjVorlage="2013-09-11 00:00:00.0" ObKeinKontakt="1" ObjArtID="1" Merkmal="0.0"/>
  <Objekte ObjID="12476" ObjAufnahme="1998-05-21" ObjStrasseID="6103" ObjHausnummer="Bugenhagenstraße 14" ObjVorlage="2013-09-11 00:00:00.0" ObKeinKontakt="1" ObjArtID="1" Merkmal="0.0"/>
  <Objekte ObjID="12477" ObjAufnahme="1998-05-21" ObjStrasseID="6245" ObjHausnummer="Donaustraße 23" ObjVorlage="2013-09-11 00:00:00.0" ObKeinKontakt="1" ObjArtID="1" Merkmal="0.0"/>
  <Objekte ObjID="12478" ObjAufnahme="1998-05-21" ObjStrasseID="6245" ObjHausnummer="Donaustraße 25" ObjVorlage="2013-09-11 00:00:00.0" ObKeinKontakt="1" ObjArtID="1" Merkmal="0.0"/>
  <Objekte ObjID="12479" ObjAufnahme="1998-05-21" ObjStrasseID="6245" ObjHausnummer="Donaustraße 27" ObjVorlage="2013-09-11 00:00:00.0" ObKeinKontakt="1" ObjArtID="1" Merkmal="0.0"/>
  <Objekte ObjID="12480" ObjAufnahme="1998-05-21" ObjStrasseID="6245" ObjHausnummer="Donaustraße 29" ObjVorlage="2013-09-11 00:00:00.0" ObKeinKontakt="1" ObjArtID="1" Merkmal="0.0"/>
  <Objekte ObjID="12481" ObjAufnahme="1998-05-21" ObjStrasseID="6245" ObjHausnummer="Donaustraße 31" ObjVorlage="2013-09-11 00:00:00.0" ObKeinKontakt="1" ObjArtID="1" Merkmal="0.0"/>
  <Objekte ObjID="12482" ObjAufnahme="1998-05-21" ObjStrasseID="6245" ObjHausnummer="Donaustraße 33" ObjVorlage="2013-09-11 00:00:00.0" ObKeinKontakt="1" ObjArtID="1" Merkmal="0.0"/>
  <Objekte ObjID="12483" ObjAufnahme="1998-05-21" ObjStrasseID="6245" ObjHausnummer="Donaustraße 35" ObjVorlage="2013-09-11 00:00:00.0" ObKeinKontakt="1" ObjArtID="1" Merkmal="0.0"/>
  <Objekte ObjID="12484" ObjAufnahme="1998-05-21" ObjStrasseID="6245" ObjHausnummer="Donaustraße 37" ObjVorlage="2013-09-11 00:00:00.0" ObKeinKontakt="1" ObjArtID="1" Merkmal="0.0"/>
  <Objekte ObjID="12485" ObjAufnahme="1998-05-21" ObjStrasseID="6245" ObjHausnummer="Donaustraße 28" ObjVorlage="2013-09-11 00:00:00.0" ObKeinKontakt="1" ObjArtID="201" Merkmal="0.0"/>
  <Objekte ObjID="12486" ObjAufnahme="1998-05-21" ObjStrasseID="6245" ObjHausnummer="Donaustraße 30" ObjVorlage="2013-09-11 00:00:00.0" ObKeinKontakt="1" ObjArtID="1" Merkmal="0.0"/>
  <Objekte ObjID="12487" ObjAufnahme="1998-05-21" ObjStrasseID="6245" ObjHausnummer="Donaustraße 32" ObjVorlage="2013-09-11 00:00:00.0" ObKeinKontakt="1" ObjArtID="75" Merkmal="0.0" ObjInfo="14650\Blk."/>
  <Objekte ObjID="12488" ObjAufnahme="1998-05-21" ObjStrasseID="6416" ObjHausnummer="Findstellenweg 30" ObjVorlage="2013-09-11 00:00:00.0" ObKeinKontakt="1" ObjArtID="1" Merkmal="0.0"/>
  <Objekte ObjID="12489" ObjAufnahme="1998-05-21" ObjStrasseID="6579" ObjHausnummer="Glücksburger Weg 1" ObjVorlage="2013-09-11 00:00:00.0" ObKeinKontakt="1" ObjArtID="1" Merkmal="0.0"/>
  <Objekte ObjID="12490" ObjAufnahme="1998-05-21" ObjStrasseID="6599" ObjHausnummer="Gollstraße 50" ObjVorlage="2013-09-11 00:00:00.0" ObKeinKontakt="1" ObjArtID="1" Merkmal="0.0"/>
  <Objekte ObjID="12491" ObjAufnahme="1998-05-21" ObjStrasseID="6599" ObjHausnummer="Gollstraße 56" ObjVorlage="2013-09-11 00:00:00.0" ObKeinKontakt="1" ObjArtID="1" Merkmal="0.0"/>
  <Objekte ObjID="12492" ObjAufnahme="1998-05-21" ObjStrasseID="6599" ObjHausnummer="Gollstraße 58" ObjVorlage="2013-09-11 00:00:00.0" ObKeinKontakt="1" ObjArtID="1" Merkmal="0.0"/>
  <Objekte ObjID="12493" ObjAufnahme="1998-05-21" ObjStrasseID="6599" ObjHausnummer="Gollstraße 60" ObjVorlage="2013-09-11 00:00:00.0" ObKeinKontakt="1" ObjArtID="1" Merkmal="0.0"/>
  <Objekte ObjID="12494" ObjAufnahme="1998-05-21" ObjStrasseID="6601" ObjHausnummer="Gorch-Fock-Straße 14" ObjVorlage="2013-09-11 00:00:00.0" ObKeinKontakt="1" ObjArtID="1" Merkmal="0.0"/>
  <Objekte ObjID="12495" ObjAufnahme="1998-05-21" ObjStrasseID="6601" ObjHausnummer="Gorch-Fock-Straße 16" ObjVorlage="2013-09-11 00:00:00.0" ObKeinKontakt="1" ObjArtID="1" Merkmal="0.0"/>
  <Objekte ObjID="12496" ObjAufnahme="1998-05-21" ObjStrasseID="6601" ObjHausnummer="Gorch-Fock-Straße 18" ObjVorlage="2013-09-11 00:00:00.0" ObKeinKontakt="1" ObjArtID="1" Merkmal="0.0"/>
  <Objekte ObjID="12497" ObjAufnahme="1998-05-21" ObjStrasseID="6601" ObjHausnummer="Gorch-Fock-Straße 18A" ObjVorlage="2013-09-11 00:00:00.0" ObKeinKontakt="1" ObjArtID="1" Merkmal="0.0"/>
  <Objekte ObjID="12498" ObjAufnahme="1998-05-21" ObjStrasseID="6670" ObjHausnummer="Gulbranssonweg 2" ObjVorlage="2013-09-11 00:00:00.0" ObKeinKontakt="1" ObjArtID="1" Merkmal="0.0"/>
  <Objekte ObjID="12499" ObjAufnahme="1998-05-21" ObjStrasseID="6670" ObjHausnummer="Gulbranssonweg 4" ObjVorlage="2013-09-11 00:00:00.0" ObKeinKontakt="1" ObjArtID="1" Merkmal="0.0"/>
  <Objekte ObjID="12500" ObjAufnahme="1998-05-21" ObjStrasseID="6670" ObjHausnummer="Gulbranssonweg 6" ObjVorlage="2013-09-11 00:00:00.0" ObKeinKontakt="1" ObjArtID="1" Merkmal="0.0"/>
  <Objekte ObjID="12501" ObjAufnahme="1998-05-21" ObjStrasseID="6670" ObjHausnummer="Gulbranssonweg 8" ObjVorlage="2013-09-11 00:00:00.0" ObKeinKontakt="1" ObjArtID="1" Merkmal="0.0"/>
  <Objekte ObjID="12502" ObjAufnahme="1998-05-21" ObjStrasseID="6670" ObjHausnummer="Gulbranssonweg 10" ObjVorlage="2013-09-11 00:00:00.0" ObKeinKontakt="1" ObjArtID="1" Merkmal="0.0"/>
  <Objekte ObjID="12503" ObjAufnahme="1998-05-21" ObjStrasseID="6670" ObjHausnummer="Gulbranssonweg 12" ObjVorlage="2013-09-11 00:00:00.0" ObKeinKontakt="1" ObjArtID="1" Merkmal="0.0"/>
  <Objekte ObjID="12504" ObjAufnahme="1998-05-21" ObjStrasseID="6670" ObjHausnummer="Gulbranssonweg 19" ObjVorlage="2013-09-11 00:00:00.0" ObKeinKontakt="1" ObjArtID="1" Merkmal="0.0"/>
  <Objekte ObjID="12505" ObjAufnahme="1998-05-21" ObjStrasseID="6670" ObjHausnummer="Gulbranssonweg 21" ObjVorlage="2013-09-11 00:00:00.0" ObKeinKontakt="1" ObjArtID="1" Merkmal="0.0"/>
  <Objekte ObjID="12506" ObjAufnahme="1998-05-21" ObjStrasseID="6670" ObjHausnummer="Gulbranssonweg 25" ObjVorlage="2013-09-11 00:00:00.0" ObKeinKontakt="1" ObjArtID="1" Merkmal="0.0"/>
  <Objekte ObjID="12507" ObjAufnahme="1998-05-21" ObjStrasseID="6670" ObjHausnummer="Gulbranssonweg 29" ObjVorlage="2013-09-11 00:00:00.0" ObKeinKontakt="1" ObjArtID="1" Merkmal="0.0"/>
  <Objekte ObjID="12508" ObjAufnahme="1998-05-21" ObjStrasseID="6670" ObjHausnummer="Gulbranssonweg 31" ObjVorlage="2013-09-11 00:00:00.0" ObKeinKontakt="1" ObjArtID="1" Merkmal="0.0"/>
  <Objekte ObjID="12509" ObjAufnahme="1998-05-21" ObjStrasseID="7210" ObjHausnummer="Kollenrodtstraße 46" ObjVorlage="2013-09-11 00:00:00.0" ObKeinKontakt="1" ObjArtID="1" Merkmal="0.0"/>
  <Objekte ObjID="12510" ObjAufnahme="1998-05-21" ObjStrasseID="7210" ObjHausnummer="Kollenrodtstraße 47" ObjVorlage="2013-09-11 00:00:00.0" ObKeinKontakt="1" ObjArtID="177" Merkmal="0.0"/>
  <Objekte ObjID="12511" ObjAufnahme="1998-05-21" ObjStrasseID="7210" ObjHausnummer="Kollenrodtstraße 48" ObjVorlage="2013-09-11 00:00:00.0" ObKeinKontakt="1" ObjArtID="177" Merkmal="0.0"/>
  <Objekte ObjID="12512" ObjAufnahme="1998-05-21" ObjStrasseID="7210" ObjHausnummer="Kollenrodtstraße 49" ObjVorlage="2013-09-11 00:00:00.0" ObKeinKontakt="1" ObjArtID="177" Merkmal="0.0"/>
  <Objekte ObjID="12513" ObjAufnahme="1998-05-21" ObjStrasseID="7210" ObjHausnummer="Kollenrodtstraße 50" ObjVorlage="2013-09-11 00:00:00.0" ObKeinKontakt="1" ObjArtID="177" Merkmal="0.0"/>
  <Objekte ObjID="12514" ObjAufnahme="1998-05-21" ObjStrasseID="7563" ObjHausnummer="Mommsenstraße 32" ObjVorlage="2013-09-11 00:00:00.0" ObKeinKontakt="1" ObjArtID="1" Merkmal="0.0"/>
  <Objekte ObjID="12515" ObjAufnahme="1998-05-21" ObjStrasseID="7563" ObjHausnummer="Mommsenstraße 33" ObjVorlage="2013-09-11 00:00:00.0" ObKeinKontakt="1" ObjArtID="1" Merkmal="0.0"/>
  <Objekte ObjID="12516" ObjAufnahme="1998-05-21" ObjStrasseID="7563" ObjHausnummer="Mommsenstraße 34" ObjVorlage="2013-09-11 00:00:00.0" ObKeinKontakt="1" ObjArtID="1" Merkmal="0.0"/>
  <Objekte ObjID="12517" ObjAufnahme="1998-05-21" ObjStrasseID="7770" ObjHausnummer="Pfalzstraße 12" ObjVorlage="2013-09-11 00:00:00.0" ObKeinKontakt="1" ObjArtID="1" Merkmal="0.0"/>
  <Objekte ObjID="12518" ObjAufnahme="1998-05-21" ObjStrasseID="7770" ObjHausnummer="Pfalzstraße 14" ObjVorlage="2013-09-11 00:00:00.0" ObKeinKontakt="1" ObjArtID="1" Merkmal="0.0"/>
  <Objekte ObjID="12519" ObjAufnahme="1998-05-21" ObjStrasseID="7770" ObjHausnummer="Pfalzstraße 16" ObjVorlage="2013-09-11 00:00:00.0" ObKeinKontakt="1" ObjArtID="1" Merkmal="0.0"/>
  <Objekte ObjID="12520" ObjAufnahme="1998-05-21" ObjStrasseID="7770" ObjHausnummer="Pfalzstraße 18" ObjVorlage="2013-09-11 00:00:00.0" ObKeinKontakt="1" ObjArtID="1" Merkmal="0.0"/>
  <Objekte ObjID="12521" ObjAufnahme="1998-05-21" ObjStrasseID="7770" ObjHausnummer="Pfalzstraße 20" ObjVorlage="2013-09-11 00:00:00.0" ObKeinKontakt="1" ObjArtID="1" Merkmal="0.0"/>
  <Objekte ObjID="12522" ObjAufnahme="1998-05-21" ObjStrasseID="8065" ObjHausnummer="Schierholzstraße 100" ObjVorlage="2013-09-11 00:00:00.0" ObKeinKontakt="1" ObjArtID="1" Merkmal="0.0"/>
  <Objekte ObjID="12523" ObjAufnahme="1998-05-21" ObjStrasseID="8065" ObjHausnummer="Schierholzstraße 102" ObjVorlage="2013-09-11 00:00:00.0" ObKeinKontakt="1" ObjArtID="1" Merkmal="0.0"/>
  <Objekte ObjID="12524" ObjAufnahme="1998-05-21" ObjStrasseID="8065" ObjHausnummer="Schierholzstraße 100A" ObjVorlage="2013-09-11 00:00:00.0" ObKeinKontakt="1" ObjArtID="1" Merkmal="0.0"/>
  <Objekte ObjID="12525" ObjAufnahme="1998-05-21" ObjStrasseID="8065" ObjHausnummer="Schierholzstraße 100B" ObjVorlage="2013-09-11 00:00:00.0" ObKeinKontakt="1" ObjArtID="1" Merkmal="0.0"/>
  <Objekte ObjID="12526" ObjAufnahme="1998-05-21" ObjStrasseID="8177" ObjHausnummer="Sibeliusweg 1" ObjVorlage="2013-09-11 00:00:00.0" ObKeinKontakt="1" ObjArtID="1" Merkmal="0.0"/>
  <Objekte ObjID="12527" ObjAufnahme="1998-05-21" ObjStrasseID="8177" ObjHausnummer="Sibeliusweg 2" ObjVorlage="2013-09-11 00:00:00.0" ObKeinKontakt="1" ObjArtID="1" Merkmal="0.0"/>
  <Objekte ObjID="12528" ObjAufnahme="1998-05-21" ObjStrasseID="8177" ObjHausnummer="Sibeliusweg 3" ObjVorlage="2013-09-11 00:00:00.0" ObKeinKontakt="1" ObjArtID="1" Merkmal="0.0"/>
  <Objekte ObjID="12529" ObjAufnahme="1998-05-21" ObjStrasseID="8177" ObjHausnummer="Sibeliusweg 4" ObjVorlage="2013-09-11 00:00:00.0" ObKeinKontakt="1" ObjArtID="1" Merkmal="0.0"/>
  <Objekte ObjID="12530" ObjAufnahme="1998-05-21" ObjStrasseID="8177" ObjHausnummer="Sibeliusweg 5" ObjVorlage="2013-09-11 00:00:00.0" ObKeinKontakt="1" ObjArtID="1" Merkmal="0.0"/>
  <Objekte ObjID="12531" ObjAufnahme="1998-05-21" ObjStrasseID="8177" ObjHausnummer="Sibeliusweg 6" ObjVorlage="2013-09-11 00:00:00.0" ObKeinKontakt="1" ObjArtID="1" Merkmal="0.0"/>
  <Objekte ObjID="12532" ObjAufnahme="1998-05-21" ObjStrasseID="8177" ObjHausnummer="Sibeliusweg 7" ObjVorlage="2013-09-11 00:00:00.0" ObKeinKontakt="1" ObjArtID="1" Merkmal="0.0"/>
  <Objekte ObjID="12533" ObjAufnahme="1998-05-21" ObjStrasseID="8177" ObjHausnummer="Sibeliusweg 8" ObjVorlage="2013-09-11 00:00:00.0" ObKeinKontakt="1" ObjArtID="1" Merkmal="0.0"/>
  <Objekte ObjID="12534" ObjAufnahme="1998-05-21" ObjStrasseID="8177" ObjHausnummer="Sibeliusweg 9" ObjVorlage="2013-09-11 00:00:00.0" ObKeinKontakt="1" ObjArtID="1" Merkmal="0.0"/>
  <Objekte ObjID="12535" ObjAufnahme="1998-05-21" ObjStrasseID="8177" ObjHausnummer="Sibeliusweg 10" ObjVorlage="2013-09-11 00:00:00.0" ObKeinKontakt="1" ObjArtID="1" Merkmal="0.0"/>
  <Objekte ObjID="12536" ObjAufnahme="1998-05-21" ObjStrasseID="8177" ObjHausnummer="Sibeliusweg 11" ObjVorlage="2013-09-11 00:00:00.0" ObKeinKontakt="1" ObjArtID="1" Merkmal="0.0"/>
  <Objekte ObjID="12537" ObjAufnahme="1998-05-21" ObjStrasseID="8177" ObjHausnummer="Sibeliusweg 12" ObjVorlage="2013-09-11 00:00:00.0" ObKeinKontakt="1" ObjArtID="1" Merkmal="0.0"/>
  <Objekte ObjID="12538" ObjAufnahme="1998-05-21" ObjStrasseID="8177" ObjHausnummer="Sibeliusweg 13" ObjVorlage="2013-09-11 00:00:00.0" ObKeinKontakt="1" ObjArtID="1" Merkmal="0.0"/>
  <Objekte ObjID="12539" ObjAufnahme="1998-05-21" ObjStrasseID="8177" ObjHausnummer="Sibeliusweg 14" ObjVorlage="2013-09-11 00:00:00.0" ObKeinKontakt="1" ObjArtID="1" Merkmal="0.0"/>
  <Objekte ObjID="12540" ObjAufnahme="1998-05-21" ObjStrasseID="8177" ObjHausnummer="Sibeliusweg 15" ObjVorlage="2013-09-11 00:00:00.0" ObKeinKontakt="1" ObjArtID="1" Merkmal="0.0"/>
  <Objekte ObjID="12541" ObjAufnahme="1998-05-21" ObjStrasseID="8177" ObjHausnummer="Sibeliusweg 16" ObjVorlage="2013-09-11 00:00:00.0" ObKeinKontakt="1" ObjArtID="1" Merkmal="0.0"/>
  <Objekte ObjID="12542" ObjAufnahme="1998-05-21" ObjStrasseID="8177" ObjHausnummer="Sibeliusweg 17" ObjVorlage="2013-09-11 00:00:00.0" ObKeinKontakt="1" ObjArtID="1" Merkmal="0.0"/>
  <Objekte ObjID="12543" ObjAufnahme="1998-05-21" ObjStrasseID="8177" ObjHausnummer="Sibeliusweg 19" ObjVorlage="2013-09-11 00:00:00.0" ObKeinKontakt="1" ObjArtID="1" Merkmal="0.0"/>
  <Objekte ObjID="12544" ObjAufnahme="1998-05-21" ObjStrasseID="8177" ObjHausnummer="Sibeliusweg 21" ObjVorlage="2013-09-11 00:00:00.0" ObKeinKontakt="1" ObjArtID="1" Merkmal="0.0"/>
  <Objekte ObjID="12545" ObjAufnahme="1998-05-21" ObjStrasseID="8177" ObjHausnummer="Sibeliusweg 23" ObjVorlage="2013-09-11 00:00:00.0" ObKeinKontakt="1" ObjArtID="1" Merkmal="0.0"/>
  <Objekte ObjID="12546" ObjAufnahme="1998-05-21" ObjStrasseID="8183" ObjHausnummer="Siedlerstraße 49" ObjVorlage="2013-09-11 00:00:00.0" ObKeinKontakt="1" ObjArtID="1" Merkmal="0.0"/>
  <Objekte ObjID="12547" ObjAufnahme="1998-05-21" ObjStrasseID="8189" ObjHausnummer="Siemensstraße 3" ObjVorlage="2013-09-11 00:00:00.0" ObKeinKontakt="1" ObjArtID="1" Merkmal="0.0"/>
  <Objekte ObjID="12548" ObjAufnahme="1998-05-21" ObjStrasseID="8297" ObjHausnummer="Stilleweg 7" ObjVorlage="2013-09-11 00:00:00.0" ObKeinKontakt="1" ObjArtID="177" Merkmal="0.0"/>
  <Objekte ObjID="12549" ObjAufnahme="1998-05-21" ObjStrasseID="8297" ObjHausnummer="Stilleweg 9" ObjVorlage="2013-09-11 00:00:00.0" ObKeinKontakt="1" ObjArtID="177" Merkmal="0.0"/>
  <Objekte ObjID="12550" ObjAufnahme="1998-05-21" ObjStrasseID="8297" ObjHausnummer="Stilleweg 11" ObjVorlage="2013-09-11 00:00:00.0" ObKeinKontakt="1" ObjArtID="177" Merkmal="0.0"/>
  <Objekte ObjID="12551" ObjAufnahme="1998-05-21" ObjStrasseID="8297" ObjHausnummer="Stilleweg 13" ObjVorlage="2013-09-11 00:00:00.0" ObKeinKontakt="1" ObjArtID="177" Merkmal="0.0"/>
  <Objekte ObjID="12552" ObjAufnahme="1998-05-21" ObjStrasseID="8297" ObjHausnummer="Stilleweg 15" ObjVorlage="2013-09-11 00:00:00.0" ObKeinKontakt="1" ObjArtID="1" Merkmal="0.0"/>
  <Objekte ObjID="12553" ObjAufnahme="1998-05-21" ObjStrasseID="8297" ObjHausnummer="Stilleweg 17" ObjVorlage="2013-09-11 00:00:00.0" ObKeinKontakt="1" ObjArtID="1" Merkmal="0.0"/>
  <Objekte ObjID="12554" ObjAufnahme="1998-05-21" ObjStrasseID="8312" ObjHausnummer="Stresemannallee 25" ObjVorlage="2013-09-11 00:00:00.0" ObKeinKontakt="1" ObjArtID="1" Merkmal="0.0"/>
  <Objekte ObjID="12555" ObjAufnahme="1998-05-21" ObjStrasseID="8312" ObjHausnummer="Stresemannallee 33" ObjVorlage="2013-09-11 00:00:00.0" ObKeinKontakt="1" ObjArtID="1" Merkmal="0.0"/>
  <Objekte ObjID="12556" ObjAufnahme="1998-05-21" ObjStrasseID="8312" ObjHausnummer="Stresemannallee 25A" ObjVorlage="2013-09-11 00:00:00.0" ObKeinKontakt="1" ObjArtID="1" Merkmal="0.0"/>
  <Objekte ObjID="12557" ObjAufnahme="1998-05-21" ObjStrasseID="8312" ObjHausnummer="Stresemannallee 25B" ObjVorlage="2013-09-11 00:00:00.0" ObKeinKontakt="1" ObjArtID="1" Merkmal="0.0"/>
  <Objekte ObjID="12558" ObjAufnahme="1998-05-21" ObjStrasseID="8312" ObjHausnummer="Stresemannallee 33A" ObjVorlage="2013-09-11 00:00:00.0" ObKeinKontakt="1" ObjArtID="1" Merkmal="0.0"/>
  <Objekte ObjID="12559" ObjAufnahme="1998-05-21" ObjStrasseID="8312" ObjHausnummer="Stresemannallee 33B" ObjVorlage="2013-09-11 00:00:00.0" ObKeinKontakt="1" ObjArtID="1" Merkmal="0.0"/>
  <Objekte ObjID="12560" ObjAufnahme="1998-05-21" ObjStrasseID="8312" ObjHausnummer="Stresemannallee 33C" ObjVorlage="2013-09-11 00:00:00.0" ObKeinKontakt="1" ObjArtID="1" Merkmal="0.0"/>
  <Objekte ObjID="12561" ObjAufnahme="1998-05-21" ObjStrasseID="8312" ObjHausnummer="Stresemannallee 33D" ObjVorlage="2013-09-11 00:00:00.0" ObKeinKontakt="1" ObjArtID="1" Merkmal="0.0"/>
  <Objekte ObjID="12562" ObjAufnahme="1998-05-21" ObjStrasseID="8339" ObjHausnummer="Sven-Hedin-Straße 1" ObjVorlage="2013-09-11 00:00:00.0" ObKeinKontakt="1" ObjArtID="1" Merkmal="0.0"/>
  <Objekte ObjID="12563" ObjAufnahme="1998-05-21" ObjStrasseID="8339" ObjHausnummer="Sven-Hedin-Straße 3" ObjVorlage="2013-09-11 00:00:00.0" ObKeinKontakt="1" ObjArtID="1" Merkmal="0.0"/>
  <Objekte ObjID="12564" ObjAufnahme="1998-05-21" ObjStrasseID="8339" ObjHausnummer="Sven-Hedin-Straße 5" ObjVorlage="2013-09-11 00:00:00.0" ObKeinKontakt="1" ObjArtID="1" Merkmal="0.0"/>
  <Objekte ObjID="12565" ObjAufnahme="1998-05-21" ObjStrasseID="8339" ObjHausnummer="Sven-Hedin-Straße 7" ObjVorlage="2013-09-11 00:00:00.0" ObKeinKontakt="1" ObjArtID="1" Merkmal="0.0"/>
  <Objekte ObjID="12566" ObjAufnahme="1998-05-21" ObjStrasseID="8339" ObjHausnummer="Sven-Hedin-Straße 13" ObjVorlage="2013-09-11 00:00:00.0" ObKeinKontakt="1" ObjArtID="1" Merkmal="0.0"/>
  <Objekte ObjID="12567" ObjAufnahme="1998-05-21" ObjStrasseID="8339" ObjHausnummer="Sven-Hedin-Straße 15" ObjVorlage="2013-09-11 00:00:00.0" ObKeinKontakt="1" ObjArtID="1" Merkmal="0.0"/>
  <Objekte ObjID="12568" ObjAufnahme="1998-05-21" ObjStrasseID="8339" ObjHausnummer="Sven-Hedin-Straße 17" ObjVorlage="2013-09-11 00:00:00.0" ObKeinKontakt="1" ObjArtID="1" Merkmal="0.0"/>
  <Objekte ObjID="12569" ObjAufnahme="1998-05-21" ObjStrasseID="8339" ObjHausnummer="Sven-Hedin-Straße 19" ObjVorlage="2013-09-11 00:00:00.0" ObKeinKontakt="1" ObjArtID="1" Merkmal="0.0"/>
  <Objekte ObjID="12570" ObjAufnahme="1998-05-21" ObjStrasseID="8339" ObjHausnummer="Sven-Hedin-Straße 21" ObjVorlage="2013-09-11 00:00:00.0" ObKeinKontakt="1" ObjArtID="1" Merkmal="0.0"/>
  <Objekte ObjID="12571" ObjAufnahme="1998-05-21" ObjStrasseID="8340" ObjHausnummer="Sylter Weg 15" ObjVorlage="2013-09-11 00:00:00.0" ObKeinKontakt="1" ObjArtID="1" Merkmal="0.0"/>
  <Objekte ObjID="12572" ObjAufnahme="1998-05-21" ObjStrasseID="8340" ObjHausnummer="Sylter Weg 19" ObjVorlage="2013-09-11 00:00:00.0" ObKeinKontakt="1" ObjArtID="1" Merkmal="0.0"/>
  <Objekte ObjID="12573" ObjAufnahme="1998-05-21" ObjStrasseID="8548" ObjHausnummer="Weichselstraße 1" ObjVorlage="2013-09-11 00:00:00.0" ObKeinKontakt="1" ObjArtID="1" Merkmal="0.0"/>
  <Objekte ObjID="12574" ObjAufnahme="1998-05-21" ObjStrasseID="8548" ObjHausnummer="Weichselstraße 3" ObjVorlage="2013-09-11 00:00:00.0" ObKeinKontakt="1" ObjArtID="1" Merkmal="0.0"/>
  <Objekte ObjID="12575" ObjAufnahme="1998-05-21" ObjStrasseID="8577" ObjHausnummer="Wellingtonweg 56" ObjVorlage="2013-09-11 00:00:00.0" ObKeinKontakt="1" ObjArtID="1" Merkmal="0.0"/>
  <Objekte ObjID="12576" ObjAufnahme="1998-05-21" ObjStrasseID="8544" ObjHausnummer="Wegsfeld 5A" ObjVorlage="2013-09-11 00:00:00.0" ObKeinKontakt="1" ObjArtID="1" Merkmal="0.0"/>
  <Objekte ObjID="12577" ObjAufnahme="1998-05-21" ObjStrasseID="8544" ObjHausnummer="Wegsfeld 5B" ObjVorlage="2013-09-11 00:00:00.0" ObKeinKontakt="1" ObjArtID="1" Merkmal="0.0"/>
  <Objekte ObjID="12578" ObjAufnahme="1998-05-21" ObjStrasseID="8544" ObjHausnummer="Wegsfeld 7" ObjVorlage="2013-09-11 00:00:00.0" ObKeinKontakt="1" ObjArtID="1" Merkmal="0.0"/>
  <Objekte ObjID="12579" ObjAufnahme="1998-05-21" ObjStrasseID="8544" ObjHausnummer="Wegsfeld 22" ObjVorlage="2013-09-11 00:00:00.0" ObKeinKontakt="1" ObjArtID="1" Merkmal="0.0"/>
  <Objekte ObjID="12580" ObjAufnahme="1998-05-21" ObjStrasseID="8544" ObjHausnummer="Wegsfeld 24" ObjVorlage="2013-09-11 00:00:00.0" ObKeinKontakt="1" ObjArtID="1" Merkmal="0.0"/>
  <Objekte ObjID="12581" ObjAufnahme="1998-05-21" ObjStrasseID="8544" ObjHausnummer="Wegsfeld 26" ObjVorlage="2013-09-11 00:00:00.0" ObKeinKontakt="1" ObjArtID="1" Merkmal="0.0"/>
  <Objekte ObjID="12582" ObjAufnahme="1998-05-21" ObjStrasseID="8544" ObjHausnummer="Wegsfeld 28" ObjVorlage="2013-09-11 00:00:00.0" ObKeinKontakt="1" ObjArtID="1" Merkmal="0.0"/>
  <Objekte ObjID="12583" ObjAufnahme="1998-05-21" ObjStrasseID="6536" ObjHausnummer="Gemeindeholzstraße 3" ObjVorlage="2013-09-11 00:00:00.0" ObKeinKontakt="1" ObjArtID="1" Merkmal="0.0"/>
  <Objekte ObjID="12584" ObjAufnahme="1998-05-21" ObjStrasseID="6536" ObjHausnummer="Gemeindeholzstraße 3B" ObjVorlage="2013-09-11 00:00:00.0" ObKeinKontakt="1" ObjArtID="1" Merkmal="0.0"/>
  <Objekte ObjID="12585" ObjAufnahme="1998-05-21" ObjStrasseID="6192" ObjHausnummer="Davenstedter Markt 8" ObjVorlage="2013-09-11 00:00:00.0" ObKeinKontakt="1" ObjArtID="1" Merkmal="0.0"/>
  <Objekte ObjID="12586" ObjAufnahme="1998-05-21" ObjStrasseID="6192" ObjHausnummer="Davenstedter Markt 10" ObjVorlage="2013-09-11 00:00:00.0" ObKeinKontakt="1" ObjArtID="1" Merkmal="0.0"/>
  <Objekte ObjID="12587" ObjAufnahme="1998-05-21" ObjStrasseID="6192" ObjHausnummer="Davenstedter Markt 14" ObjVorlage="2013-09-11 00:00:00.0" ObKeinKontakt="1" ObjArtID="1" Merkmal="0.0"/>
  <Objekte ObjID="12588" ObjAufnahme="1998-05-21" ObjStrasseID="6192" ObjHausnummer="Davenstedter Markt 15" ObjVorlage="2013-09-11 00:00:00.0" ObKeinKontakt="1" ObjArtID="1" Merkmal="0.0"/>
  <Objekte ObjID="12589" ObjAufnahme="1998-05-21" ObjStrasseID="7029" ObjHausnummer="In der Steinbreite 37" ObjVorlage="2013-09-11 00:00:00.0" ObKeinKontakt="1" ObjArtID="1" Merkmal="0.0"/>
  <Objekte ObjID="12590" ObjAufnahme="1998-05-21" ObjStrasseID="7029" ObjHausnummer="In der Steinbreite 39" ObjVorlage="2013-09-11 00:00:00.0" ObKeinKontakt="1" ObjArtID="1" Merkmal="0.0"/>
  <Objekte ObjID="12591" ObjAufnahme="1998-05-21" ObjStrasseID="7029" ObjHausnummer="In der Steinbreite 41" ObjVorlage="2013-09-11 00:00:00.0" ObKeinKontakt="1" ObjArtID="1" Merkmal="0.0"/>
  <Objekte ObjID="12592" ObjAufnahme="1998-05-21" ObjStrasseID="7029" ObjHausnummer="In der Steinbreite 43" ObjVorlage="2013-09-11 00:00:00.0" ObKeinKontakt="1" ObjArtID="1" Merkmal="0.0"/>
  <Objekte ObjID="12593" ObjAufnahme="1998-05-21" ObjStrasseID="7029" ObjHausnummer="In der Steinbreite 45" ObjVorlage="2013-09-11 00:00:00.0" ObKeinKontakt="1" ObjArtID="1" Merkmal="0.0"/>
  <Objekte ObjID="12594" ObjAufnahme="1998-05-21" ObjStrasseID="7029" ObjHausnummer="In der Steinbreite 47" ObjVorlage="2013-09-11 00:00:00.0" ObKeinKontakt="1" ObjArtID="1" Merkmal="0.0"/>
  <Objekte ObjID="12595" ObjAufnahme="1998-05-21" ObjStrasseID="7230" ObjHausnummer="Korallenweg 7" ObjVorlage="2013-09-11 00:00:00.0" ObKeinKontakt="1" ObjArtID="1" Merkmal="0.0"/>
  <Objekte ObjID="12596" ObjAufnahme="1998-05-21" ObjStrasseID="7230" ObjHausnummer="Korallenweg 9" ObjVorlage="2013-09-11 00:00:00.0" ObKeinKontakt="1" ObjArtID="177" Merkmal="0.0"/>
  <Objekte ObjID="12597" ObjAufnahme="1998-05-21" ObjStrasseID="7230" ObjHausnummer="Korallenweg 7A" ObjVorlage="2013-09-11 00:00:00.0" ObKeinKontakt="1" ObjArtID="1" Merkmal="0.0"/>
  <Objekte ObjID="12598" ObjAufnahme="1998-05-21" ObjLetztKontakt="2013-04-25" ObjStrasseID="7230" ObjHausnummer="Korallenweg 7B" ObjVorlage="2013-09-11 00:00:00.0" ObKeinKontakt="2" ObjArtID="177" Merkmal="0.0"/>
  <Objekte ObjID="12599" ObjAufnahme="1998-05-21" ObjStrasseID="7230" ObjHausnummer="Korallenweg 9A" ObjVorlage="2013-09-11 00:00:00.0" ObKeinKontakt="1" ObjArtID="1" Merkmal="0.0"/>
  <Objekte ObjID="12600" ObjAufnahme="1998-05-21" ObjStrasseID="7230" ObjHausnummer="Korallenweg 9B" ObjVorlage="2013-09-11 00:00:00.0" ObKeinKontakt="1" ObjArtID="1" Merkmal="0.0"/>
  <Objekte ObjID="12601" ObjAufnahme="1998-05-21" ObjStrasseID="8064" ObjHausnummer="Schieferkamp 27" ObjVorlage="2013-09-11 00:00:00.0" ObKeinKontakt="1" ObjArtID="1" Merkmal="0.0"/>
  <Objekte ObjID="12602" ObjAufnahme="1998-05-21" ObjStrasseID="8064" ObjHausnummer="Schieferkamp 29" ObjVorlage="2013-09-11 00:00:00.0" ObKeinKontakt="1" ObjArtID="200" Merkmal="0.0"/>
  <Objekte ObjID="12603" ObjAufnahme="1998-05-21" ObjStrasseID="8473" ObjHausnummer="Vinnhorster Weg 13" ObjVorlage="2013-09-11 00:00:00.0" ObKeinKontakt="1" ObjArtID="1" Merkmal="0.0"/>
  <Objekte ObjID="12604" ObjAufnahme="1998-05-21" ObjStrasseID="8544" ObjHausnummer="Wegsfeld 5" ObjVorlage="2013-09-11 00:00:00.0" ObKeinKontakt="1" ObjArtID="1" Merkmal="0.0"/>
  <Objekte ObjID="12607" ObjAufnahme="1998-05-21" ObjStrasseID="7980" ObjHausnummer="Rudolfstraße 10" ObjVorlage="2013-09-11 00:00:00.0" ObKeinKontakt="1" ObjArtID="1" Merkmal="0.0"/>
  <Objekte ObjID="12608" ObjAufnahme="1998-05-21" ObjStrasseID="7980" ObjHausnummer="Rudolfstraße 11" ObjVorlage="2013-09-11 00:00:00.0" ObKeinKontakt="1" ObjArtID="1" Merkmal="0.0"/>
  <Objekte ObjID="12609" ObjAufnahme="1998-05-21" ObjStrasseID="7980" ObjHausnummer="Rudolfstraße 12" ObjVorlage="2013-09-11 00:00:00.0" ObKeinKontakt="1" ObjArtID="1" Merkmal="0.0"/>
  <Objekte ObjID="12610" ObjAufnahme="1998-05-21" ObjStrasseID="8970" ObjHausnummer="Am Karl-Peters-Platz 1" ObjVorlage="2013-09-11 00:00:00.0" ObKeinKontakt="1" ObjArtID="1" Merkmal="0.0"/>
  <Objekte ObjID="12611" ObjAufnahme="1998-05-21" ObjStrasseID="8970" ObjHausnummer="Am Karl-Peters-Platz 2" ObjVorlage="2013-09-11 00:00:00.0" ObKeinKontakt="1" ObjArtID="1" Merkmal="0.0"/>
  <Objekte ObjID="12612" ObjAufnahme="1998-05-21" ObjStrasseID="8970" ObjHausnummer="Am Karl-Peters-Platz 1A" ObjVorlage="2013-09-11 00:00:00.0" ObKeinKontakt="1" ObjArtID="1" Merkmal="0.0"/>
  <Objekte ObjID="12613" ObjAufnahme="1998-05-21" ObjStrasseID="5667" ObjHausnummer="Am Kleinen Felde 31" ObjVorlage="2013-09-11 00:00:00.0" ObKeinKontakt="1" ObjArtID="1" Merkmal="0.0"/>
  <Objekte ObjID="12614" ObjAufnahme="1998-05-21" ObjStrasseID="5773" ObjHausnummer="An der Questenhorst 13" ObjVorlage="2013-09-11 00:00:00.0" ObKeinKontakt="1" ObjArtID="1" Merkmal="0.0"/>
  <Objekte ObjID="12615" ObjAufnahme="1998-05-21" ObjStrasseID="3003" ObjHausnummer="Anecampstraße 12A" ObjVorlage="2013-09-11 00:00:00.0" ObKeinKontakt="1" ObjArtID="1" Merkmal="0.0"/>
  <Objekte ObjID="12616" ObjAufnahme="1998-05-21" ObjStrasseID="3003" ObjHausnummer="Anecampstraße 12B" ObjVorlage="2013-09-11 00:00:00.0" ObKeinKontakt="1" ObjArtID="1" Merkmal="0.0"/>
  <Objekte ObjID="12617" ObjAufnahme="1998-05-21" ObjStrasseID="3003" ObjHausnummer="Anecampstraße 12C" ObjVorlage="2013-09-11 00:00:00.0" ObKeinKontakt="1" ObjArtID="1" Merkmal="0.0"/>
  <Objekte ObjID="12618" ObjAufnahme="1998-05-21" ObjStrasseID="3003" ObjHausnummer="Anecampstraße 12D" ObjVorlage="2013-09-11 00:00:00.0" ObKeinKontakt="1" ObjArtID="1" Merkmal="0.0"/>
  <Objekte ObjID="12619" ObjAufnahme="1998-05-21" ObjStrasseID="5830" ObjHausnummer="Auf dem Emmerberge 1" ObjVorlage="2013-09-11 00:00:00.0" ObKeinKontakt="2" ObjArtID="1" Merkmal="0.0"/>
  <Objekte ObjID="12620" ObjAufnahme="1998-05-21" ObjStrasseID="5833" ObjHausnummer="Auf dem Hollen 15" ObjVorlage="2013-09-11 00:00:00.0" ObKeinKontakt="1" ObjArtID="1" Merkmal="0.0"/>
  <Objekte ObjID="12621" ObjAufnahme="1998-05-21" ObjStrasseID="5833" ObjHausnummer="Auf dem Hollen 17" ObjVorlage="2013-09-11 00:00:00.0" ObKeinKontakt="1" ObjArtID="1" Merkmal="0.0"/>
  <Objekte ObjID="12622" ObjAufnahme="1998-05-21" ObjStrasseID="5833" ObjHausnummer="Auf dem Hollen 19" ObjVorlage="2013-09-11 00:00:00.0" ObKeinKontakt="1" ObjArtID="1" Merkmal="0.0"/>
  <Objekte ObjID="12623" ObjAufnahme="1998-05-21" ObjStrasseID="5833" ObjHausnummer="Auf dem Hollen 21" ObjVorlage="2013-09-11 00:00:00.0" ObKeinKontakt="1" ObjArtID="1" Merkmal="0.0"/>
  <Objekte ObjID="12624" ObjAufnahme="1998-05-21" ObjStrasseID="5833" ObjHausnummer="Auf dem Hollen 23" ObjVorlage="2013-09-11 00:00:00.0" ObKeinKontakt="1" ObjArtID="1" Merkmal="0.0"/>
  <Objekte ObjID="12625" ObjAufnahme="1998-05-21" ObjStrasseID="5833" ObjHausnummer="Auf dem Hollen 25" ObjVorlage="2013-09-11 00:00:00.0" ObKeinKontakt="1" ObjArtID="1" Merkmal="0.0"/>
  <Objekte ObjID="12626" ObjAufnahme="1998-05-21" ObjStrasseID="5920" ObjHausnummer="Bergmannstraße 3" ObjVorlage="2013-09-11 00:00:00.0" ObKeinKontakt="1" ObjArtID="1" Merkmal="0.0"/>
  <Objekte ObjID="12627" ObjAufnahme="1998-05-21" ObjStrasseID="5920" ObjHausnummer="Bergmannstraße 7" ObjVorlage="2013-09-11 00:00:00.0" ObKeinKontakt="1" ObjArtID="1" Merkmal="0.0"/>
  <Objekte ObjID="12628" ObjAufnahme="1998-05-21" ObjStrasseID="6032" ObjHausnummer="Bornhof 5" ObjVorlage="2013-09-11 00:00:00.0" ObKeinKontakt="1" ObjArtID="1" Merkmal="0.0"/>
  <Objekte ObjID="12629" ObjAufnahme="1998-05-21" ObjStrasseID="6204" ObjHausnummer="Deisterstraße 14" ObjVorlage="2013-09-11 00:00:00.0" ObKeinKontakt="1" ObjArtID="1" Merkmal="0.0"/>
  <Objekte ObjID="12630" ObjAufnahme="1998-05-21" ObjStrasseID="6241" ObjHausnummer="Domagkweg 1" ObjVorlage="2013-09-11 00:00:00.0" ObKeinKontakt="1" ObjArtID="1" Merkmal="0.0"/>
  <Objekte ObjID="12631" ObjAufnahme="1998-05-21" ObjStrasseID="6241" ObjHausnummer="Domagkweg 3" ObjVorlage="2013-09-11 00:00:00.0" ObKeinKontakt="1" ObjArtID="1" Merkmal="0.0"/>
  <Objekte ObjID="12632" ObjAufnahme="1998-05-21" ObjStrasseID="6241" ObjHausnummer="Domagkweg 5" ObjVorlage="2013-09-11 00:00:00.0" ObKeinKontakt="1" ObjArtID="1" Merkmal="0.0"/>
  <Objekte ObjID="12633" ObjAufnahme="1998-05-21" ObjStrasseID="6241" ObjHausnummer="Domagkweg 7" ObjVorlage="2013-09-11 00:00:00.0" ObKeinKontakt="1" ObjArtID="1" Merkmal="0.0"/>
  <Objekte ObjID="12634" ObjAufnahme="1998-05-21" ObjStrasseID="6241" ObjHausnummer="Domagkweg 9" ObjVorlage="2013-09-11 00:00:00.0" ObKeinKontakt="1" ObjArtID="1" Merkmal="0.0"/>
  <Objekte ObjID="12635" ObjAufnahme="1998-05-21" ObjStrasseID="6241" ObjHausnummer="Domagkweg 11" ObjVorlage="2013-09-11 00:00:00.0" ObKeinKontakt="1" ObjArtID="1" Merkmal="0.0"/>
  <Objekte ObjID="12636" ObjAufnahme="1998-05-21" ObjStrasseID="6241" ObjHausnummer="Domagkweg 13" ObjVorlage="2013-09-11 00:00:00.0" ObKeinKontakt="1" ObjArtID="1" Merkmal="0.0"/>
  <Objekte ObjID="12637" ObjAufnahme="1998-05-21" ObjStrasseID="6241" ObjHausnummer="Domagkweg 15" ObjVorlage="2013-09-11 00:00:00.0" ObKeinKontakt="1" ObjArtID="1" Merkmal="0.0"/>
  <Objekte ObjID="12638" ObjAufnahme="1998-05-21" ObjStrasseID="6241" ObjHausnummer="Domagkweg 17" ObjVorlage="2013-09-11 00:00:00.0" ObKeinKontakt="1" ObjArtID="1" Merkmal="0.0"/>
  <Objekte ObjID="12639" ObjAufnahme="1998-05-21" ObjStrasseID="6241" ObjHausnummer="Domagkweg 19" ObjVorlage="2013-09-11 00:00:00.0" ObKeinKontakt="1" ObjArtID="1" Merkmal="0.0"/>
  <Objekte ObjID="12640" ObjAufnahme="1998-05-21" ObjStrasseID="6241" ObjHausnummer="Domagkweg 21" ObjVorlage="2013-09-11 00:00:00.0" ObKeinKontakt="1" ObjArtID="1" Merkmal="0.0"/>
  <Objekte ObjID="12641" ObjAufnahme="1998-05-21" ObjStrasseID="6241" ObjHausnummer="Domagkweg 23" ObjVorlage="2013-09-11 00:00:00.0" ObKeinKontakt="1" ObjArtID="1" Merkmal="0.0"/>
  <Objekte ObjID="12642" ObjAufnahme="1998-05-21" ObjStrasseID="6241" ObjHausnummer="Domagkweg 25" ObjVorlage="2013-09-11 00:00:00.0" ObKeinKontakt="1" ObjArtID="1" Merkmal="0.0"/>
  <Objekte ObjID="12643" ObjAufnahme="1998-05-21" ObjStrasseID="6241" ObjHausnummer="Domagkweg 27" ObjVorlage="2013-09-11 00:00:00.0" ObKeinKontakt="1" ObjArtID="1" Merkmal="0.0"/>
  <Objekte ObjID="12644" ObjAufnahme="1998-05-21" ObjStrasseID="6241" ObjHausnummer="Domagkweg 30" ObjVorlage="2013-09-11 00:00:00.0" ObKeinKontakt="1" ObjArtID="1" Merkmal="0.0"/>
  <Objekte ObjID="12645" ObjAufnahme="1998-05-21" ObjStrasseID="3357" ObjHausnummer="Ebereschenweg 4" ObjVorlage="2013-09-11 00:00:00.0" ObKeinKontakt="1" ObjArtID="1" Merkmal="0.0"/>
  <Objekte ObjID="12646" ObjAufnahme="1998-05-21" ObjStrasseID="3357" ObjHausnummer="Ebereschenweg 6" ObjVorlage="2013-09-11 00:00:00.0" ObKeinKontakt="1" ObjArtID="1" Merkmal="0.0"/>
  <Objekte ObjID="12647" ObjAufnahme="1998-05-21" ObjStrasseID="3357" ObjHausnummer="Ebereschenweg 8" ObjVorlage="2013-09-11 00:00:00.0" ObKeinKontakt="1" ObjArtID="1" Merkmal="0.0"/>
  <Objekte ObjID="12648" ObjAufnahme="1998-05-21" ObjStrasseID="6295" ObjHausnummer="Edisonweg 2" ObjVorlage="2013-09-11 00:00:00.0" ObKeinKontakt="1" ObjArtID="1" Merkmal="0.0"/>
  <Objekte ObjID="12649" ObjAufnahme="1998-05-21" ObjStrasseID="6295" ObjHausnummer="Edisonweg 3" ObjVorlage="2013-09-11 00:00:00.0" ObKeinKontakt="1" ObjArtID="1" Merkmal="0.0"/>
  <Objekte ObjID="12650" ObjAufnahme="1998-05-21" ObjStrasseID="6295" ObjHausnummer="Edisonweg 4" ObjVorlage="2013-09-11 00:00:00.0" ObKeinKontakt="1" ObjArtID="1" Merkmal="0.0"/>
  <Objekte ObjID="12651" ObjAufnahme="1998-05-21" ObjStrasseID="6295" ObjHausnummer="Edisonweg 5" ObjVorlage="2013-09-11 00:00:00.0" ObKeinKontakt="1" ObjArtID="1" Merkmal="0.0"/>
  <Objekte ObjID="12652" ObjAufnahme="1998-05-21" ObjStrasseID="6295" ObjHausnummer="Edisonweg 6" ObjVorlage="2013-09-11 00:00:00.0" ObKeinKontakt="1" ObjArtID="1" Merkmal="0.0"/>
  <Objekte ObjID="12653" ObjAufnahme="1998-05-21" ObjStrasseID="6295" ObjHausnummer="Edisonweg 7" ObjVorlage="2013-09-11 00:00:00.0" ObKeinKontakt="1" ObjArtID="1" Merkmal="0.0"/>
  <Objekte ObjID="12654" ObjAufnahme="1998-05-21" ObjStrasseID="6295" ObjHausnummer="Edisonweg 2A" ObjVorlage="2013-09-11 00:00:00.0" ObKeinKontakt="1" ObjArtID="1" Merkmal="0.0"/>
  <Objekte ObjID="12655" ObjAufnahme="1998-05-21" ObjStrasseID="6295" ObjHausnummer="Edisonweg 3A" ObjVorlage="2013-09-11 00:00:00.0" ObKeinKontakt="1" ObjArtID="1" Merkmal="0.0"/>
  <Objekte ObjID="12656" ObjAufnahme="1998-05-21" ObjStrasseID="6295" ObjHausnummer="Edisonweg 3B" ObjVorlage="2013-09-11 00:00:00.0" ObKeinKontakt="1" ObjArtID="1" Merkmal="0.0"/>
  <Objekte ObjID="12657" ObjAufnahme="1998-05-21" ObjStrasseID="6295" ObjHausnummer="Edisonweg 4A" ObjVorlage="2013-09-11 00:00:00.0" ObKeinKontakt="1" ObjArtID="1" Merkmal="0.0"/>
  <Objekte ObjID="12658" ObjAufnahme="1998-05-21" ObjStrasseID="6295" ObjHausnummer="Edisonweg 5A" ObjVorlage="2013-09-11 00:00:00.0" ObKeinKontakt="1" ObjArtID="1" Merkmal="0.0"/>
  <Objekte ObjID="12659" ObjAufnahme="1998-05-21" ObjStrasseID="6295" ObjHausnummer="Edisonweg 6A" ObjVorlage="2013-09-11 00:00:00.0" ObKeinKontakt="1" ObjArtID="1" Merkmal="0.0"/>
  <Objekte ObjID="12660" ObjAufnahme="1998-05-21" ObjStrasseID="6372" ObjHausnummer="Ernst-Eiselen-Straße 1" ObjVorlage="2013-09-11 00:00:00.0" ObKeinKontakt="1" ObjArtID="1" Merkmal="0.0"/>
  <Objekte ObjID="12661" ObjAufnahme="1998-05-21" ObjStrasseID="6372" ObjHausnummer="Ernst-Eiselen-Straße 2" ObjVorlage="2013-09-11 00:00:00.0" ObKeinKontakt="1" ObjArtID="1" Merkmal="0.0"/>
  <Objekte ObjID="12662" ObjAufnahme="1998-05-21" ObjStrasseID="6372" ObjHausnummer="Ernst-Eiselen-Straße 3" ObjVorlage="2013-09-11 00:00:00.0" ObKeinKontakt="1" ObjArtID="1" Merkmal="0.0"/>
  <Objekte ObjID="12663" ObjAufnahme="1998-05-21" ObjStrasseID="6372" ObjHausnummer="Ernst-Eiselen-Straße 4" ObjVorlage="2013-09-11 00:00:00.0" ObKeinKontakt="1" ObjArtID="1" Merkmal="0.0"/>
  <Objekte ObjID="12664" ObjAufnahme="1998-05-21" ObjStrasseID="6372" ObjHausnummer="Ernst-Eiselen-Straße 5" ObjVorlage="2013-09-11 00:00:00.0" ObKeinKontakt="1" ObjArtID="1" Merkmal="0.0"/>
  <Objekte ObjID="12665" ObjAufnahme="1998-05-21" ObjStrasseID="6372" ObjHausnummer="Ernst-Eiselen-Straße 6" ObjVorlage="2013-09-11 00:00:00.0" ObKeinKontakt="1" ObjArtID="1" Merkmal="0.0"/>
  <Objekte ObjID="12666" ObjAufnahme="1998-05-21" ObjStrasseID="6372" ObjHausnummer="Ernst-Eiselen-Straße 8" ObjVorlage="2013-09-11 00:00:00.0" ObKeinKontakt="1" ObjArtID="1" Merkmal="0.0"/>
  <Objekte ObjID="12667" ObjAufnahme="1998-05-21" ObjStrasseID="6443" ObjHausnummer="Fössestraße 93" ObjVorlage="2013-09-11 00:00:00.0" ObKeinKontakt="1" ObjArtID="1" Merkmal="0.0"/>
  <Objekte ObjID="12668" ObjAufnahme="1998-05-21" ObjStrasseID="6443" ObjHausnummer="Fössestraße 95" ObjVorlage="2013-09-11 00:00:00.0" ObKeinKontakt="1" ObjArtID="1" Merkmal="0.0"/>
  <Objekte ObjID="12670" ObjAufnahme="1998-05-21" ObjStrasseID="6609" ObjHausnummer="Göttinger Chaussee 117" ObjVorlage="2013-09-11 00:00:00.0" ObKeinKontakt="1" ObjArtID="1" Merkmal="0.0"/>
  <Objekte ObjID="12671" ObjAufnahme="1998-05-21" ObjStrasseID="6609" ObjHausnummer="Göttinger Chaussee 119" ObjVorlage="2013-09-11 00:00:00.0" ObKeinKontakt="1" ObjArtID="1" Merkmal="0.0"/>
  <Objekte ObjID="12672" ObjAufnahme="1998-05-21" ObjStrasseID="6609" ObjHausnummer="Göttinger Chaussee 121" ObjVorlage="2013-09-11 00:00:00.0" ObKeinKontakt="2" ObjArtID="1" Merkmal="0.0" ObjInfo="gehört BTI GmbH weder verkaufen noch kaufen gesprochen mit Frau Lenau 05111670640"/>
  <Objekte ObjID="12673" ObjAufnahme="1998-05-21" ObjStrasseID="6647" ObjHausnummer="Große Barlinge 11" ObjVorlage="2013-09-11 00:00:00.0" ObKeinKontakt="1" ObjArtID="1" Merkmal="0.0"/>
  <Objekte ObjID="12674" ObjAufnahme="1998-05-21" ObjStrasseID="6647" ObjHausnummer="Große Barlinge 13" ObjVorlage="2013-09-11 00:00:00.0" ObKeinKontakt="1" ObjArtID="1" Merkmal="0.0"/>
  <Objekte ObjID="12675" ObjAufnahme="1998-05-21" ObjStrasseID="6694" ObjHausnummer="Hagebuttenweg 2" ObjVorlage="2013-09-11 00:00:00.0" ObKeinKontakt="1" ObjArtID="1" Merkmal="0.0"/>
  <Objekte ObjID="12676" ObjAufnahme="1998-05-21" ObjStrasseID="6694" ObjHausnummer="Hagebuttenweg 4" ObjVorlage="2013-09-11 00:00:00.0" ObKeinKontakt="1" ObjArtID="1" Merkmal="0.0"/>
  <Objekte ObjID="12677" ObjAufnahme="1998-05-21" ObjStrasseID="6694" ObjHausnummer="Hagebuttenweg 6" ObjVorlage="2013-09-11 00:00:00.0" ObKeinKontakt="1" ObjArtID="1" Merkmal="0.0"/>
  <Objekte ObjID="12678" ObjAufnahme="1998-05-21" ObjStrasseID="6694" ObjHausnummer="Hagebuttenweg 8" ObjVorlage="2013-09-11 00:00:00.0" ObKeinKontakt="1" ObjArtID="1" Merkmal="0.0"/>
  <Objekte ObjID="12679" ObjAufnahme="1998-05-21" ObjStrasseID="6694" ObjHausnummer="Hagebuttenweg 14" ObjVorlage="2013-09-11 00:00:00.0" ObKeinKontakt="1" ObjArtID="1" Merkmal="0.0"/>
  <Objekte ObjID="12680" ObjAufnahme="1998-05-21" ObjStrasseID="6694" ObjHausnummer="Hagebuttenweg 16" ObjVorlage="2013-09-11 00:00:00.0" ObKeinKontakt="1" ObjArtID="1" Merkmal="0.0"/>
  <Objekte ObjID="12681" ObjAufnahme="1998-05-21" ObjStrasseID="6694" ObjHausnummer="Hagebuttenweg 18" ObjVorlage="2013-09-11 00:00:00.0" ObKeinKontakt="1" ObjArtID="1" Merkmal="0.0"/>
  <Objekte ObjID="12682" ObjAufnahme="1998-05-21" ObjStrasseID="6694" ObjHausnummer="Hagebuttenweg 20" ObjVorlage="2013-09-11 00:00:00.0" ObKeinKontakt="1" ObjArtID="1" Merkmal="0.0"/>
  <Objekte ObjID="12683" ObjAufnahme="1998-05-21" ObjStrasseID="6694" ObjHausnummer="Hagebuttenweg 22" ObjVorlage="2013-09-11 00:00:00.0" ObKeinKontakt="1" ObjArtID="1" Merkmal="0.0"/>
  <Objekte ObjID="12684" ObjAufnahme="1998-05-21" ObjStrasseID="6733" ObjHausnummer="Hans-Sachs-Weg 2" ObjVorlage="2013-09-11 00:00:00.0" ObKeinKontakt="1" ObjArtID="1" Merkmal="0.0"/>
  <Objekte ObjID="12685" ObjAufnahme="1998-05-21" ObjStrasseID="6733" ObjHausnummer="Hans-Sachs-Weg 4" ObjVorlage="2013-09-11 00:00:00.0" ObKeinKontakt="1" ObjArtID="1" Merkmal="0.0"/>
  <Objekte ObjID="12686" ObjAufnahme="1998-05-21" ObjStrasseID="6733" ObjHausnummer="Hans-Sachs-Weg 6" ObjVorlage="2013-09-11 00:00:00.0" ObKeinKontakt="1" ObjArtID="1" Merkmal="0.0"/>
  <Objekte ObjID="12687" ObjAufnahme="1998-05-21" ObjStrasseID="6813" ObjHausnummer="Heinrichstraße 1" ObjVorlage="2013-09-11 00:00:00.0" ObKeinKontakt="1" ObjArtID="1" Merkmal="0.0"/>
  <Objekte ObjID="12688" ObjAufnahme="1998-05-21" ObjStrasseID="6813" ObjHausnummer="Heinrichstraße 2" ObjVorlage="2013-09-11 00:00:00.0" ObKeinKontakt="1" ObjArtID="1" Merkmal="0.0"/>
  <Objekte ObjID="12689" ObjAufnahme="1998-05-21" ObjStrasseID="6813" ObjHausnummer="Heinrichstraße 3" ObjVorlage="2013-09-11 00:00:00.0" ObKeinKontakt="1" ObjArtID="1" Merkmal="0.0"/>
  <Objekte ObjID="12690" ObjAufnahme="1998-05-21" ObjStrasseID="6813" ObjHausnummer="Heinrichstraße 4" ObjVorlage="2013-09-11 00:00:00.0" ObKeinKontakt="1" ObjArtID="1" Merkmal="0.0"/>
  <Objekte ObjID="12691" ObjAufnahme="1998-05-21" ObjStrasseID="6813" ObjHausnummer="Heinrichstraße 5" ObjVorlage="2013-09-11 00:00:00.0" ObKeinKontakt="1" ObjArtID="1" Merkmal="0.0"/>
  <Objekte ObjID="12692" ObjAufnahme="1998-05-21" ObjStrasseID="6813" ObjHausnummer="Heinrichstraße 6" ObjVorlage="2013-09-11 00:00:00.0" ObKeinKontakt="1" ObjArtID="1" Merkmal="0.0"/>
  <Objekte ObjID="12693" ObjAufnahme="1998-05-21" ObjStrasseID="6853" ObjHausnummer="Hermannstraße 1" ObjVorlage="2013-09-11 00:00:00.0" ObKeinKontakt="1" ObjArtID="1" Merkmal="0.0"/>
  <Objekte ObjID="12694" ObjAufnahme="1998-05-21" ObjStrasseID="6853" ObjHausnummer="Hermannstraße 2" ObjVorlage="2013-09-11 00:00:00.0" ObKeinKontakt="1" ObjArtID="1" Merkmal="0.0"/>
  <Objekte ObjID="12695" ObjAufnahme="1998-05-21" ObjStrasseID="6853" ObjHausnummer="Hermannstraße 3" ObjVorlage="2013-09-11 00:00:00.0" ObKeinKontakt="1" ObjArtID="1" Merkmal="0.0"/>
  <Objekte ObjID="12696" ObjAufnahme="1998-05-21" ObjStrasseID="6853" ObjHausnummer="Hermannstraße 4" ObjVorlage="2013-09-11 00:00:00.0" ObKeinKontakt="1" ObjArtID="1" Merkmal="0.0"/>
  <Objekte ObjID="12697" ObjAufnahme="1998-05-21" ObjStrasseID="6853" ObjHausnummer="Hermannstraße 5" ObjVorlage="2013-09-11 00:00:00.0" ObKeinKontakt="1" ObjArtID="1" Merkmal="0.0"/>
  <Objekte ObjID="12698" ObjAufnahme="1998-05-21" ObjStrasseID="6876" ObjHausnummer="Hildesheimer Straße 80" ObjVorlage="2013-09-11 00:00:00.0" ObKeinKontakt="1" ObjArtID="1" Merkmal="0.0"/>
  <Objekte ObjID="12699" ObjAufnahme="1998-05-21" ObjStrasseID="6933" ObjHausnummer="Hudeplan 4" ObjVorlage="2013-09-11 00:00:00.0" ObKeinKontakt="1" ObjArtID="1" Merkmal="0.0"/>
  <Objekte ObjID="12700" ObjAufnahme="1998-05-21" ObjStrasseID="6933" ObjHausnummer="Hudeplan 6" ObjVorlage="2013-09-11 00:00:00.0" ObKeinKontakt="1" ObjArtID="1" Merkmal="0.0"/>
  <Objekte ObjID="12701" ObjAufnahme="1998-05-21" ObjStrasseID="6933" ObjHausnummer="Hudeplan 8" ObjVorlage="2013-09-11 00:00:00.0" ObKeinKontakt="1" ObjArtID="1" Merkmal="0.0"/>
  <Objekte ObjID="12702" ObjAufnahme="1998-05-21" ObjStrasseID="6933" ObjHausnummer="Hudeplan 10" ObjVorlage="2013-09-11 00:00:00.0" ObKeinKontakt="1" ObjArtID="1" Merkmal="0.0"/>
  <Objekte ObjID="12703" ObjAufnahme="1998-05-21" ObjStrasseID="6933" ObjHausnummer="Hudeplan 12" ObjVorlage="2013-09-11 00:00:00.0" ObKeinKontakt="1" ObjArtID="1" Merkmal="0.0"/>
  <Objekte ObjID="12704" ObjAufnahme="1998-05-21" ObjStrasseID="6970" ObjHausnummer="Im Dorfe 9" ObjVorlage="2013-09-11 00:00:00.0" ObKeinKontakt="1" ObjArtID="1" Merkmal="0.0"/>
  <Objekte ObjID="12705" ObjAufnahme="1998-05-21" ObjLetztKontakt="1999-10-29" ObjStrasseID="6977" ObjHausnummer="Im Haspelfelde 18" ObjVorlage="2013-09-11 00:00:00.0" ObKeinKontakt="1" ObjArtID="1" Merkmal="0.0"/>
  <Objekte ObjID="12706" ObjAufnahme="1998-05-21" ObjStrasseID="7035" ObjHausnummer="Innstraße 12" ObjVorlage="2013-09-11 00:00:00.0" ObKeinKontakt="1" ObjArtID="1" Merkmal="0.0"/>
  <Objekte ObjID="12707" ObjAufnahme="1998-05-21" ObjStrasseID="7035" ObjHausnummer="Innstraße 16" ObjVorlage="2013-09-11 00:00:00.0" ObKeinKontakt="1" ObjArtID="1" Merkmal="0.0"/>
  <Objekte ObjID="12708" ObjAufnahme="1998-05-21" ObjStrasseID="7044" ObjHausnummer="Jacobsstraße 3" ObjVorlage="2013-09-11 00:00:00.0" ObKeinKontakt="1" ObjArtID="1" Merkmal="0.0"/>
  <Objekte ObjID="12709" ObjAufnahme="1998-05-21" ObjStrasseID="7102" ObjHausnummer="Karl-Hinze-Weg 6" ObjVorlage="2013-09-11 00:00:00.0" ObKeinKontakt="1" ObjArtID="1" Merkmal="0.0"/>
  <Objekte ObjID="12710" ObjAufnahme="1998-05-21" ObjStrasseID="7119" ObjHausnummer="Karlstraße 1" ObjVorlage="2013-09-11 00:00:00.0" ObKeinKontakt="1" ObjArtID="1" Merkmal="0.0"/>
  <Objekte ObjID="12711" ObjAufnahme="1998-05-21" ObjStrasseID="7119" ObjHausnummer="Karlstraße 2" ObjVorlage="2013-09-11 00:00:00.0" ObKeinKontakt="1" ObjArtID="1" Merkmal="0.0"/>
  <Objekte ObjID="12712" ObjAufnahme="1998-05-21" ObjStrasseID="7119" ObjHausnummer="Karlstraße 3" ObjVorlage="2013-09-11 00:00:00.0" ObKeinKontakt="1" ObjArtID="1" Merkmal="0.0"/>
  <Objekte ObjID="12713" ObjAufnahme="1998-05-21" ObjStrasseID="7119" ObjHausnummer="Karlstraße 4" ObjVorlage="2013-09-11 00:00:00.0" ObKeinKontakt="1" ObjArtID="1" Merkmal="0.0"/>
  <Objekte ObjID="12714" ObjAufnahme="1998-05-21" ObjStrasseID="7119" ObjHausnummer="Karlstraße 5" ObjVorlage="2013-09-11 00:00:00.0" ObKeinKontakt="1" ObjArtID="1" Merkmal="0.0"/>
  <Objekte ObjID="12715" ObjAufnahme="1998-05-21" ObjStrasseID="7119" ObjHausnummer="Karlstraße 6" ObjVorlage="2013-09-11 00:00:00.0" ObKeinKontakt="1" ObjArtID="1" Merkmal="0.0"/>
  <Objekte ObjID="12716" ObjAufnahme="1998-05-21" ObjStrasseID="7119" ObjHausnummer="Karlstraße 7" ObjVorlage="2013-09-11 00:00:00.0" ObKeinKontakt="1" ObjArtID="1" Merkmal="0.0"/>
  <Objekte ObjID="12717" ObjAufnahme="1998-05-21" ObjStrasseID="7119" ObjHausnummer="Karlstraße 8" ObjVorlage="2013-09-11 00:00:00.0" ObKeinKontakt="1" ObjArtID="1" Merkmal="0.0"/>
  <Objekte ObjID="12718" ObjAufnahme="1998-05-21" ObjStrasseID="7119" ObjHausnummer="Karlstraße 9" ObjVorlage="2013-09-11 00:00:00.0" ObKeinKontakt="1" ObjArtID="1" Merkmal="0.0"/>
  <Objekte ObjID="12719" ObjAufnahme="1998-05-21" ObjStrasseID="7119" ObjHausnummer="Karlstraße 10" ObjVorlage="2013-09-11 00:00:00.0" ObKeinKontakt="1" ObjArtID="1" Merkmal="0.0"/>
  <Objekte ObjID="12720" ObjAufnahme="1998-05-21" ObjStrasseID="7119" ObjHausnummer="Karlstraße 11" ObjVorlage="2013-09-11 00:00:00.0" ObKeinKontakt="1" ObjArtID="1" Merkmal="0.0"/>
  <Objekte ObjID="12721" ObjAufnahme="1998-05-21" ObjStrasseID="7119" ObjHausnummer="Karlstraße 12" ObjVorlage="2013-09-11 00:00:00.0" ObKeinKontakt="1" ObjArtID="1" Merkmal="0.0"/>
  <Objekte ObjID="12722" ObjAufnahme="1998-05-21" ObjStrasseID="7119" ObjHausnummer="Karlstraße 13" ObjVorlage="2013-09-11 00:00:00.0" ObKeinKontakt="1" ObjArtID="1" Merkmal="0.0"/>
  <Objekte ObjID="12723" ObjAufnahme="1998-05-21" ObjStrasseID="7119" ObjHausnummer="Karlstraße 14" ObjVorlage="2013-09-11 00:00:00.0" ObKeinKontakt="1" ObjArtID="1" Merkmal="0.0"/>
  <Objekte ObjID="12724" ObjAufnahme="1998-05-21" ObjStrasseID="7167" ObjHausnummer="Kleiestraße 4C" ObjVorlage="2013-09-11 00:00:00.0" ObKeinKontakt="1" ObjArtID="1" Merkmal="0.0"/>
  <Objekte ObjID="12725" ObjAufnahme="1998-05-21" ObjStrasseID="7167" ObjHausnummer="Kleiestraße 5B" ObjVorlage="2013-09-11 00:00:00.0" ObKeinKontakt="1" ObjArtID="1" Merkmal="0.0"/>
  <Objekte ObjID="12726" ObjAufnahme="1998-05-21" ObjStrasseID="7167" ObjHausnummer="Kleiestraße 5A" ObjVorlage="2013-09-11 00:00:00.0" ObKeinKontakt="1" ObjArtID="1" Merkmal="0.0"/>
  <Objekte ObjID="12727" ObjAufnahme="1998-05-21" ObjStrasseID="7237" ObjHausnummer="Kortumstraße 7" ObjVorlage="2013-09-11 00:00:00.0" ObKeinKontakt="1" ObjArtID="1" Merkmal="0.0"/>
  <Objekte ObjID="12728" ObjAufnahme="1998-05-21" ObjStrasseID="7312" ObjHausnummer="Laportestraße 10" ObjVorlage="2013-09-11 00:00:00.0" ObKeinKontakt="1" ObjArtID="1" Merkmal="0.0"/>
  <Objekte ObjID="12729" ObjAufnahme="1998-05-21" ObjStrasseID="7326" ObjHausnummer="Lavesstraße 60" ObjVorlage="2013-09-11 00:00:00.0" ObKeinKontakt="1" ObjArtID="1" Merkmal="0.0"/>
  <Objekte ObjID="12730" ObjAufnahme="1998-05-21" ObjStrasseID="7382" ObjHausnummer="Liliencronplatz 1" ObjVorlage="2013-09-11 00:00:00.0" ObKeinKontakt="1" ObjArtID="1" Merkmal="0.0"/>
  <Objekte ObjID="12731" ObjAufnahme="1998-05-21" ObjStrasseID="7382" ObjHausnummer="Liliencronplatz 2" ObjVorlage="2013-09-11 00:00:00.0" ObKeinKontakt="1" ObjArtID="1" Merkmal="0.0"/>
  <Objekte ObjID="12732" ObjAufnahme="1998-05-21" ObjStrasseID="7405" ObjHausnummer="Lister Kirchweg 109" ObjVorlage="2013-09-11 00:00:00.0" ObKeinKontakt="1" ObjArtID="1" Merkmal="0.0"/>
  <Objekte ObjID="12733" ObjAufnahme="1998-05-21" ObjStrasseID="7405" ObjHausnummer="Lister Kirchweg 111" ObjVorlage="2013-09-11 00:00:00.0" ObKeinKontakt="1" ObjArtID="1" Merkmal="0.0"/>
  <Objekte ObjID="12734" ObjAufnahme="1998-05-21" ObjStrasseID="7453" ObjHausnummer="Lutherstraße 2" ObjVorlage="2013-09-11 00:00:00.0" ObKeinKontakt="1" ObjArtID="1" Merkmal="0.0"/>
  <Objekte ObjID="12735" ObjAufnahme="1998-05-21" ObjStrasseID="7527" ObjHausnummer="Mergenthalerweg 1" ObjVorlage="2013-09-11 00:00:00.0" ObKeinKontakt="1" ObjArtID="1" Merkmal="0.0"/>
  <Objekte ObjID="12736" ObjAufnahme="1998-05-21" ObjStrasseID="7527" ObjHausnummer="Mergenthalerweg 3" ObjVorlage="2013-09-11 00:00:00.0" ObKeinKontakt="1" ObjArtID="1" Merkmal="0.0"/>
  <Objekte ObjID="12737" ObjAufnahme="1998-05-21" ObjStrasseID="7527" ObjHausnummer="Mergenthalerweg 5" ObjVorlage="2013-09-11 00:00:00.0" ObKeinKontakt="1" ObjArtID="1" Merkmal="0.0"/>
  <Objekte ObjID="12738" ObjAufnahme="1998-05-21" ObjStrasseID="7527" ObjHausnummer="Mergenthalerweg 7" ObjVorlage="2013-09-11 00:00:00.0" ObKeinKontakt="1" ObjArtID="1" Merkmal="0.0"/>
  <Objekte ObjID="12739" ObjAufnahme="1998-05-21" ObjStrasseID="7527" ObjHausnummer="Mergenthalerweg 9" ObjVorlage="2013-09-11 00:00:00.0" ObKeinKontakt="1" ObjArtID="1" Merkmal="0.0"/>
  <Objekte ObjID="12740" ObjAufnahme="1998-05-21" ObjStrasseID="7527" ObjHausnummer="Mergenthalerweg 11" ObjVorlage="2013-09-11 00:00:00.0" ObKeinKontakt="1" ObjArtID="1" Merkmal="0.0"/>
  <Objekte ObjID="12741" ObjAufnahme="1998-05-21" ObjStrasseID="7527" ObjHausnummer="Mergenthalerweg 14" ObjVorlage="2013-09-11 00:00:00.0" ObKeinKontakt="1" ObjArtID="1" Merkmal="0.0"/>
  <Objekte ObjID="12742" ObjAufnahme="1998-05-21" ObjStrasseID="7527" ObjHausnummer="Mergenthalerweg 16" ObjVorlage="2013-09-11 00:00:00.0" ObKeinKontakt="1" ObjArtID="1" Merkmal="0.0"/>
  <Objekte ObjID="12743" ObjAufnahme="1998-05-21" ObjStrasseID="7527" ObjHausnummer="Mergenthalerweg 18" ObjVorlage="2013-09-11 00:00:00.0" ObKeinKontakt="1" ObjArtID="1" Merkmal="0.0"/>
  <Objekte ObjID="12744" ObjAufnahme="1998-05-21" ObjStrasseID="7644" ObjHausnummer="Nobelring 3" ObjVorlage="2013-09-11 00:00:00.0" ObKeinKontakt="1" ObjArtID="1" Merkmal="0.0"/>
  <Objekte ObjID="12745" ObjAufnahme="1998-05-21" ObjStrasseID="7644" ObjHausnummer="Nobelring 5" ObjVorlage="2013-09-11 00:00:00.0" ObKeinKontakt="1" ObjArtID="1" Merkmal="0.0"/>
  <Objekte ObjID="12746" ObjAufnahme="1998-05-21" ObjStrasseID="7644" ObjHausnummer="Nobelring 7" ObjVorlage="2013-09-11 00:00:00.0" ObKeinKontakt="1" ObjArtID="1" Merkmal="0.0"/>
  <Objekte ObjID="12747" ObjAufnahme="1998-05-21" ObjStrasseID="7644" ObjHausnummer="Nobelring 11" ObjVorlage="2013-09-11 00:00:00.0" ObKeinKontakt="1" ObjArtID="1" Merkmal="0.0"/>
  <Objekte ObjID="12748" ObjAufnahme="1998-05-21" ObjStrasseID="7644" ObjHausnummer="Nobelring 14" ObjVorlage="2013-09-11 00:00:00.0" ObKeinKontakt="1" ObjArtID="1" Merkmal="0.0"/>
  <Objekte ObjID="12749" ObjAufnahme="1998-05-21" ObjStrasseID="7644" ObjHausnummer="Nobelring 16" ObjVorlage="2013-09-11 00:00:00.0" ObKeinKontakt="1" ObjArtID="1" Merkmal="0.0"/>
  <Objekte ObjID="12750" ObjAufnahme="1998-05-21" ObjStrasseID="7644" ObjHausnummer="Nobelring 18" ObjVorlage="2013-09-11 00:00:00.0" ObKeinKontakt="1" ObjArtID="1" Merkmal="0.0"/>
  <Objekte ObjID="12751" ObjAufnahme="1998-05-21" ObjStrasseID="7644" ObjHausnummer="Nobelring 20" ObjVorlage="2013-09-11 00:00:00.0" ObKeinKontakt="1" ObjArtID="1" Merkmal="0.0"/>
  <Objekte ObjID="12752" ObjAufnahme="1998-05-21" ObjStrasseID="7644" ObjHausnummer="Nobelring 22" ObjVorlage="2013-09-11 00:00:00.0" ObKeinKontakt="1" ObjArtID="1" Merkmal="0.0"/>
  <Objekte ObjID="12753" ObjAufnahme="1998-05-21" ObjStrasseID="7644" ObjHausnummer="Nobelring 24" ObjVorlage="2013-09-11 00:00:00.0" ObKeinKontakt="1" ObjArtID="1" Merkmal="0.0"/>
  <Objekte ObjID="12754" ObjAufnahme="1998-05-21" ObjStrasseID="7644" ObjHausnummer="Nobelring 26" ObjVorlage="2013-09-11 00:00:00.0" ObKeinKontakt="1" ObjArtID="1" Merkmal="0.0"/>
  <Objekte ObjID="12755" ObjAufnahme="1998-05-21" ObjStrasseID="7644" ObjHausnummer="Nobelring 28" ObjVorlage="2013-09-11 00:00:00.0" ObKeinKontakt="1" ObjArtID="1" Merkmal="0.0"/>
  <Objekte ObjID="12756" ObjAufnahme="1998-05-21" ObjStrasseID="7659" ObjHausnummer="Nußriede 3" ObjVorlage="2013-09-11 00:00:00.0" ObKeinKontakt="1" ObjArtID="1" Merkmal="0.0"/>
  <Objekte ObjID="12757" ObjAufnahme="1998-05-21" ObjLetztKontakt="2013-02-26" ObjStrasseID="7717" ObjHausnummer="Ottweilerstraße 19" ObjVorlage="2013-09-11 00:00:00.0" ObKeinKontakt="3" ObjArtID="5" Merkmal="0.0"/>
  <Objekte ObjID="12758" ObjAufnahme="1998-05-21" ObjStrasseID="8232" ObjHausnummer="Spielhagenstraße 14" ObjVorlage="2013-09-11 00:00:00.0" ObKeinKontakt="1" ObjArtID="1" Merkmal="0.0"/>
  <Objekte ObjID="12759" ObjAufnahme="1998-05-21" ObjStrasseID="8232" ObjHausnummer="Spielhagenstraße 16" ObjVorlage="2013-09-11 00:00:00.0" ObKeinKontakt="1" ObjArtID="1" Merkmal="0.0"/>
  <Objekte ObjID="12760" ObjAufnahme="1998-05-21" ObjStrasseID="8394" ObjHausnummer="Tollenbrink 16" ObjVorlage="2013-09-11 00:00:00.0" ObKeinKontakt="1" ObjArtID="1" Merkmal="0.0"/>
  <Objekte ObjID="12761" ObjAufnahme="1998-05-21" ObjStrasseID="8424" ObjHausnummer="Ubbenstraße 10" ObjVorlage="2013-09-11 00:00:00.0" ObKeinKontakt="1" ObjArtID="1" Merkmal="0.0"/>
  <Objekte ObjID="12762" ObjAufnahme="1998-05-21" ObjStrasseID="8424" ObjHausnummer="Ubbenstraße 1" ObjVorlage="2013-09-11 00:00:00.0" ObKeinKontakt="1" ObjArtID="1" Merkmal="0.0"/>
  <Objekte ObjID="12763" ObjAufnahme="1998-05-21" ObjStrasseID="8518" ObjHausnummer="Warburghof 1" ObjVorlage="2013-09-11 00:00:00.0" ObKeinKontakt="1" ObjArtID="1" Merkmal="0.0"/>
  <Objekte ObjID="12764" ObjAufnahme="1998-05-21" ObjStrasseID="8518" ObjHausnummer="Warburghof 2" ObjVorlage="2013-09-11 00:00:00.0" ObKeinKontakt="1" ObjArtID="1" Merkmal="0.0"/>
  <Objekte ObjID="12765" ObjAufnahme="1998-05-21" ObjStrasseID="8518" ObjHausnummer="Warburghof 3" ObjVorlage="2013-09-11 00:00:00.0" ObKeinKontakt="1" ObjArtID="1" Merkmal="0.0"/>
  <Objekte ObjID="12766" ObjAufnahme="1998-05-21" ObjStrasseID="8518" ObjHausnummer="Warburghof 4" ObjVorlage="2013-09-11 00:00:00.0" ObKeinKontakt="1" ObjArtID="1" Merkmal="0.0"/>
  <Objekte ObjID="12767" ObjAufnahme="1998-05-21" ObjStrasseID="8518" ObjHausnummer="Warburghof 5" ObjVorlage="2013-09-11 00:00:00.0" ObKeinKontakt="1" ObjArtID="1" Merkmal="0.0"/>
  <Objekte ObjID="12768" ObjAufnahme="1998-05-21" ObjStrasseID="8518" ObjHausnummer="Warburghof 6" ObjVorlage="2013-09-11 00:00:00.0" ObKeinKontakt="1" ObjArtID="1" Merkmal="0.0"/>
  <Objekte ObjID="12769" ObjAufnahme="1998-05-21" ObjStrasseID="8518" ObjHausnummer="Warburghof 8" ObjVorlage="2013-09-11 00:00:00.0" ObKeinKontakt="1" ObjArtID="1" Merkmal="0.0"/>
  <Objekte ObjID="12770" ObjAufnahme="1998-05-21" ObjLetztKontakt="1999-06-20" ObjStrasseID="8550" ObjHausnummer="Weidemannweg 6" ObjVorlage="2013-09-11 00:00:00.0" ObKeinKontakt="1" ObjArtID="1" Merkmal="0.0"/>
  <Objekte ObjID="12771" ObjAufnahme="1998-05-21" ObjStrasseID="8561" ObjHausnummer="Weinschenkweg 7" ObjVorlage="2013-09-11 00:00:00.0" ObKeinKontakt="1" ObjArtID="1" Merkmal="0.0"/>
  <Objekte ObjID="12772" ObjAufnahme="1998-05-21" ObjStrasseID="8638" ObjHausnummer="Wilhelmstraße 1" ObjVorlage="2013-09-11 00:00:00.0" ObKeinKontakt="1" ObjArtID="1" Merkmal="0.0"/>
  <Objekte ObjID="12773" ObjAufnahme="1998-05-21" ObjStrasseID="8638" ObjHausnummer="Wilhelmstraße 2" ObjVorlage="2013-09-11 00:00:00.0" ObKeinKontakt="1" ObjArtID="1" Merkmal="0.0"/>
  <Objekte ObjID="12774" ObjAufnahme="1998-05-21" ObjStrasseID="8638" ObjHausnummer="Wilhelmstraße 3" ObjVorlage="2013-09-11 00:00:00.0" ObKeinKontakt="1" ObjArtID="1" Merkmal="0.0"/>
  <Objekte ObjID="12775" ObjAufnahme="1998-05-21" ObjStrasseID="8638" ObjHausnummer="Wilhelmstraße 8" ObjVorlage="2013-09-11 00:00:00.0" ObKeinKontakt="1" ObjArtID="1" Merkmal="0.0"/>
  <Objekte ObjID="12776" ObjAufnahme="1998-05-21" ObjStrasseID="8664" ObjHausnummer="Wittekamp 31" ObjVorlage="2013-09-11 00:00:00.0" ObKeinKontakt="1" ObjArtID="1" Merkmal="0.0"/>
  <Objekte ObjID="12777" ObjAufnahme="1998-05-21" ObjStrasseID="3357" ObjHausnummer="Ebereschenweg 10" ObjVorlage="2013-09-11 00:00:00.0" ObKeinKontakt="1" ObjArtID="1" Merkmal="0.0"/>
  <Objekte ObjID="12778" ObjAufnahme="1998-05-21" ObjStrasseID="8204" ObjHausnummer="Sohnreystraße 2" ObjVorlage="2013-09-11 00:00:00.0" ObKeinKontakt="1" ObjArtID="1" Merkmal="0.0"/>
  <Objekte ObjID="12779" ObjAufnahme="1998-05-21" ObjStrasseID="6498" ObjHausnummer="Frobösestraße 4" ObjVorlage="2013-09-11 00:00:00.0" ObKeinKontakt="1" ObjArtID="1" Merkmal="0.0"/>
  <Objekte ObjID="12780" ObjAufnahme="1998-05-21" ObjStrasseID="6498" ObjHausnummer="Frobösestraße 6" ObjVorlage="2013-09-11 00:00:00.0" ObKeinKontakt="1" ObjArtID="1" Merkmal="0.0"/>
  <Objekte ObjID="12781" ObjAufnahme="1998-05-21" ObjStrasseID="6216" ObjHausnummer="Dieckmannstraße 8" ObjVorlage="2013-09-11 00:00:00.0" ObKeinKontakt="1" ObjArtID="1" Merkmal="0.0"/>
  <Objekte ObjID="12782" ObjAufnahme="1998-05-21" ObjStrasseID="6216" ObjHausnummer="Dieckmannstraße 9" ObjVorlage="2013-09-11 00:00:00.0" ObKeinKontakt="1" ObjArtID="1" Merkmal="0.0"/>
  <Objekte ObjID="12783" ObjAufnahme="1998-05-21" ObjStrasseID="6617" ObjHausnummer="Grahnstraße 3" ObjVorlage="2013-09-11 00:00:00.0" ObKeinKontakt="1" ObjArtID="1" Merkmal="0.0"/>
  <Objekte ObjID="12784" ObjAufnahme="1998-05-21" ObjStrasseID="6617" ObjHausnummer="Grahnstraße 5" ObjVorlage="2013-09-11 00:00:00.0" ObKeinKontakt="1" ObjArtID="1" Merkmal="0.0"/>
  <Objekte ObjID="12785" ObjAufnahme="1998-05-21" ObjStrasseID="6617" ObjHausnummer="Grahnstraße 7" ObjVorlage="2013-09-11 00:00:00.0" ObKeinKontakt="1" ObjArtID="1" Merkmal="0.0"/>
  <Objekte ObjID="12786" ObjAufnahme="1998-05-21" ObjStrasseID="6617" ObjHausnummer="Grahnstraße 9" ObjVorlage="2013-09-11 00:00:00.0" ObKeinKontakt="1" ObjArtID="1" Merkmal="0.0"/>
  <Objekte ObjID="12787" ObjAufnahme="1998-05-21" ObjStrasseID="6617" ObjHausnummer="Grahnstraße 21" ObjVorlage="2013-09-11 00:00:00.0" ObKeinKontakt="1" ObjArtID="1" Merkmal="0.0"/>
  <Objekte ObjID="12788" ObjAufnahme="1998-05-21" ObjStrasseID="6719" ObjHausnummer="Hamsunstraße 8" ObjVorlage="2013-09-11 00:00:00.0" ObKeinKontakt="1" ObjArtID="1" Merkmal="0.0"/>
  <Objekte ObjID="12789" ObjAufnahme="1998-05-21" ObjStrasseID="6719" ObjHausnummer="Hamsunstraße 8A" ObjVorlage="2013-09-11 00:00:00.0" ObKeinKontakt="1" ObjArtID="1" Merkmal="0.0"/>
  <Objekte ObjID="12790" ObjAufnahme="1998-05-21" ObjLetztKontakt="1998-05-21" ObjStrasseID="5162" ObjHausnummer="Georgstraße 2" ObjVorlage="2013-09-11 00:00:00.0" ObKeinKontakt="5" ObjArtID="1" Merkmal="0.0"/>
  <Objekte ObjID="12791" ObjAufnahme="1998-05-21" ObjLetztKontakt="1998-05-21" ObjStrasseID="8015" ObjHausnummer="Sahlkamp 149" ObjVorlage="2013-09-11 00:00:00.0" ObKeinKontakt="5" ObjArtID="9" Merkmal="0.0"/>
  <Objekte ObjID="12792" ObjAufnahme="1998-05-21" ObjLetztKontakt="1998-05-21" ObjStrasseID="5129" ObjHausnummer="An der Zuckerfabrik 1" ObjVorlage="2013-09-11 00:00:00.0" ObKeinKontakt="4" ObjArtID="1" Merkmal="0.9999999999999999"/>
  <Objekte ObjID="12793" ObjAufnahme="1998-05-21" ObjLetztKontakt="1998-05-21" ObjStrasseID="5129" ObjHausnummer="An der Zuckerfabrik 3" ObjVorlage="2013-09-11 00:00:00.0" ObKeinKontakt="4" ObjArtID="1" Merkmal="0.9999999999999999"/>
  <Objekte ObjID="12794" ObjAufnahme="1998-05-21" ObjLetztKontakt="1998-05-21" ObjStrasseID="5129" ObjHausnummer="An der Zuckerfabrik 2" ObjVorlage="2013-09-11 00:00:00.0" ObKeinKontakt="5" ObjArtID="1" Merkmal="0.9999999999999999"/>
  <Objekte ObjID="12795" ObjAufnahme="1998-05-21" ObjLetztKontakt="1998-05-21" ObjStrasseID="5129" ObjHausnummer="An der Zuckerfabrik 4" ObjVorlage="2013-09-11 00:00:00.0" ObKeinKontakt="5" ObjArtID="1" Merkmal="0.9999999999999999"/>
  <Objekte ObjID="12797" ObjAufnahme="1998-05-23" ObjStrasseID="7485" ObjHausnummer="Mars-la-Tour-Straße 16" ObjVorlage="2013-09-11 00:00:00.0" ObKeinKontakt="1" ObjArtID="1" Merkmal="0.0"/>
  <Objekte ObjID="12798" ObjAufnahme="1998-05-23" ObjStrasseID="8380" ObjHausnummer="Tiergartenstraße 137" ObjVorlage="2013-09-11 00:00:00.0" ObKeinKontakt="1" ObjArtID="1" Merkmal="0.0"/>
  <Objekte ObjID="12799" ObjAufnahme="1998-05-23" ObjStrasseID="5927" ObjHausnummer="Berliner Allee 19" ObjVorlage="2013-09-11 00:00:00.0" ObKeinKontakt="1" ObjArtID="1" Merkmal="0.0"/>
  <Objekte ObjID="12800" ObjAufnahme="1998-05-23" ObjStrasseID="7029" ObjHausnummer="In der Steinbreite 27" ObjVorlage="2013-09-11 00:00:00.0" ObKeinKontakt="1" ObjArtID="1" Merkmal="0.0"/>
  <Objekte ObjID="12801" ObjAufnahme="1998-05-23" ObjStrasseID="7029" ObjHausnummer="In der Steinbreite 29" ObjVorlage="2013-09-11 00:00:00.0" ObKeinKontakt="1" ObjArtID="1" Merkmal="0.0"/>
  <Objekte ObjID="12802" ObjAufnahme="1998-05-23" ObjStrasseID="7029" ObjHausnummer="In der Steinbreite 31" ObjVorlage="2013-09-11 00:00:00.0" ObKeinKontakt="1" ObjArtID="1" Merkmal="0.0"/>
  <Objekte ObjID="12803" ObjAufnahme="1998-05-23" ObjStrasseID="7029" ObjHausnummer="In der Steinbreite 33" ObjVorlage="2013-09-11 00:00:00.0" ObKeinKontakt="1" ObjArtID="1" Merkmal="0.0"/>
  <Objekte ObjID="12804" ObjAufnahme="1998-05-23" ObjStrasseID="8064" ObjHausnummer="Schieferkamp 39" ObjVorlage="2013-09-11 00:00:00.0" ObKeinKontakt="1" ObjArtID="1" Merkmal="0.0"/>
  <Objekte ObjID="12805" ObjAufnahme="1998-05-23" ObjStrasseID="8064" ObjHausnummer="Schieferkamp 41" ObjVorlage="2013-09-11 00:00:00.0" ObKeinKontakt="1" ObjArtID="1" Merkmal="0.0"/>
  <Objekte ObjID="12806" ObjAufnahme="1998-05-23" ObjStrasseID="8064" ObjHausnummer="Schieferkamp 43" ObjVorlage="2013-09-11 00:00:00.0" ObKeinKontakt="1" ObjArtID="1" Merkmal="0.0"/>
  <Objekte ObjID="12807" ObjAufnahme="1998-05-23" ObjStrasseID="8626" ObjHausnummer="Wilhelm-Bluhm-Straße 21" ObjVorlage="2013-09-11 00:00:00.0" ObKeinKontakt="1" ObjArtID="1" Merkmal="0.0"/>
  <Objekte ObjID="12808" ObjAufnahme="1998-05-23" ObjStrasseID="8626" ObjHausnummer="Wilhelm-Bluhm-Straße 36" ObjVorlage="2013-09-11 00:00:00.0" ObKeinKontakt="1" ObjArtID="1" Merkmal="0.0"/>
  <Objekte ObjID="12809" ObjAufnahme="1998-05-23" ObjStrasseID="8626" ObjHausnummer="Wilhelm-Bluhm-Straße 46" ObjVorlage="2013-09-11 00:00:00.0" ObKeinKontakt="1" ObjArtID="1" Merkmal="0.0"/>
  <Objekte ObjID="12810" ObjAufnahme="1998-05-23" ObjStrasseID="8644" ObjHausnummer="Willmerstraße 4" ObjVorlage="2013-09-11 00:00:00.0" ObKeinKontakt="1" ObjArtID="1" Merkmal="0.0"/>
  <Objekte ObjID="12811" ObjAufnahme="1998-05-23" ObjStrasseID="6259" ObjHausnummer="Dragonerstraße 22" ObjVorlage="2013-09-11 00:00:00.0" ObKeinKontakt="1" ObjArtID="1" Merkmal="0.0"/>
  <Objekte ObjID="12812" ObjAufnahme="1998-05-23" ObjStrasseID="6259" ObjHausnummer="Dragonerstraße 24" ObjVorlage="2013-09-11 00:00:00.0" ObKeinKontakt="1" ObjArtID="1" Merkmal="0.0"/>
  <Objekte ObjID="12813" ObjAufnahme="1998-05-23" ObjStrasseID="6841" ObjHausnummer="Herbartstraße 7" ObjVorlage="2013-09-11 00:00:00.0" ObKeinKontakt="1" ObjArtID="1" Merkmal="0.0"/>
  <Objekte ObjID="12814" ObjAufnahme="1998-05-23" ObjStrasseID="2835" ObjHausnummer="Alemannstraße 22" ObjVorlage="2013-09-11 00:00:00.0" ObKeinKontakt="1" ObjArtID="1" Merkmal="0.0"/>
  <Objekte ObjID="12815" ObjAufnahme="1998-05-23" ObjStrasseID="2835" ObjHausnummer="Alemannstraße 28" ObjVorlage="2013-09-11 00:00:00.0" ObKeinKontakt="1" ObjArtID="1" Merkmal="0.0"/>
  <Objekte ObjID="12816" ObjAufnahme="1998-05-23" ObjStrasseID="6091" ObjHausnummer="Brunnenstraße 9" ObjVorlage="2013-09-11 00:00:00.0" ObKeinKontakt="1" ObjArtID="1" Merkmal="0.0"/>
  <Objekte ObjID="12817" ObjAufnahme="1998-05-23" ObjStrasseID="6091" ObjHausnummer="Brunnenstraße 11" ObjVorlage="2013-09-11 00:00:00.0" ObKeinKontakt="1" ObjArtID="1" Merkmal="0.0"/>
  <Objekte ObjID="12818" ObjAufnahme="1998-05-23" ObjStrasseID="6091" ObjHausnummer="Brunnenstraße 13" ObjVorlage="2013-09-11 00:00:00.0" ObKeinKontakt="1" ObjArtID="1" Merkmal="0.0"/>
  <Objekte ObjID="12819" ObjAufnahme="1998-05-23" ObjStrasseID="6091" ObjHausnummer="Brunnenstraße 15" ObjVorlage="2013-09-11 00:00:00.0" ObKeinKontakt="1" ObjArtID="1" Merkmal="0.0"/>
  <Objekte ObjID="12820" ObjAufnahme="1998-05-23" ObjStrasseID="6091" ObjHausnummer="Brunnenstraße 17" ObjVorlage="2013-09-11 00:00:00.0" ObKeinKontakt="1" ObjArtID="1" Merkmal="0.0"/>
  <Objekte ObjID="12821" ObjAufnahme="1998-05-23" ObjStrasseID="6091" ObjHausnummer="Brunnenstraße 19" ObjVorlage="2013-09-11 00:00:00.0" ObKeinKontakt="1" ObjArtID="1" Merkmal="0.0"/>
  <Objekte ObjID="12822" ObjAufnahme="1998-05-23" ObjStrasseID="6091" ObjHausnummer="Brunnenstraße 21" ObjVorlage="2013-09-11 00:00:00.0" ObKeinKontakt="1" ObjArtID="1" Merkmal="0.0"/>
  <Objekte ObjID="12823" ObjAufnahme="1998-05-23" ObjStrasseID="6592" ObjHausnummer="Goethestraße 17" ObjVorlage="2013-09-11 00:00:00.0" ObKeinKontakt="1" ObjArtID="1" Merkmal="0.0"/>
  <Objekte ObjID="12824" ObjAufnahme="1998-05-23" ObjStrasseID="6592" ObjHausnummer="Goethestraße 21" ObjVorlage="2013-09-11 00:00:00.0" ObKeinKontakt="1" ObjArtID="1" Merkmal="0.0"/>
  <Objekte ObjID="12825" ObjAufnahme="1998-05-23" ObjStrasseID="6659" ObjHausnummer="Grotefendstraße 9A" ObjVorlage="2013-09-11 00:00:00.0" ObKeinKontakt="1" ObjArtID="1" Merkmal="0.0"/>
  <Objekte ObjID="12826" ObjAufnahme="1998-05-23" ObjStrasseID="6875" ObjHausnummer="Hildesheimer Straße 222" ObjVorlage="2013-09-11 00:00:00.0" ObKeinKontakt="1" ObjArtID="1" Merkmal="0.0"/>
  <Objekte ObjID="12827" ObjAufnahme="1998-05-23" ObjStrasseID="6875" ObjHausnummer="Hildesheimer Straße 224" ObjVorlage="2013-09-11 00:00:00.0" ObKeinKontakt="1" ObjArtID="1" Merkmal="0.0"/>
  <Objekte ObjID="12828" ObjAufnahme="1998-05-23" ObjStrasseID="6609" ObjHausnummer="Göttinger Chaussee 150" ObjVorlage="2013-09-11 00:00:00.0" ObKeinKontakt="1" ObjArtID="1" Merkmal="0.0"/>
  <Objekte ObjID="12829" ObjAufnahme="1998-05-23" ObjStrasseID="6609" ObjHausnummer="Göttinger Chaussee 152" ObjVorlage="2013-09-11 00:00:00.0" ObKeinKontakt="1" ObjArtID="1" Merkmal="0.0"/>
  <Objekte ObjID="12830" ObjAufnahme="1998-05-23" ObjStrasseID="6609" ObjHausnummer="Göttinger Chaussee 154" ObjVorlage="2013-09-11 00:00:00.0" ObKeinKontakt="1" ObjArtID="1" Merkmal="0.0"/>
  <Objekte ObjID="12831" ObjAufnahme="1998-05-23" ObjStrasseID="6609" ObjHausnummer="Göttinger Chaussee 156" ObjVorlage="2013-09-11 00:00:00.0" ObKeinKontakt="1" ObjArtID="1" Merkmal="0.0"/>
  <Objekte ObjID="12832" ObjAufnahme="1998-05-23" ObjStrasseID="6880" ObjHausnummer="Hinrichsring 2" ObjVorlage="2013-09-11 00:00:00.0" ObKeinKontakt="1" ObjArtID="1" Merkmal="0.0"/>
  <Objekte ObjID="12833" ObjAufnahme="1998-05-23" ObjStrasseID="6880" ObjHausnummer="Hinrichsring 4" ObjVorlage="2013-09-11 00:00:00.0" ObKeinKontakt="1" ObjArtID="1" Merkmal="0.0"/>
  <Objekte ObjID="12834" ObjAufnahme="1998-05-23" ObjStrasseID="6880" ObjHausnummer="Hinrichsring 6" ObjVorlage="2013-09-11 00:00:00.0" ObKeinKontakt="1" ObjArtID="1" Merkmal="0.0"/>
  <Objekte ObjID="12835" ObjAufnahme="1998-05-23" ObjStrasseID="6880" ObjHausnummer="Hinrichsring 8" ObjVorlage="2013-09-11 00:00:00.0" ObKeinKontakt="1" ObjArtID="1" Merkmal="0.0"/>
  <Objekte ObjID="12836" ObjAufnahme="1998-05-23" ObjStrasseID="6880" ObjHausnummer="Hinrichsring 8 A" ObjVorlage="2013-09-11 00:00:00.0" ObKeinKontakt="1" ObjArtID="1" Merkmal="0.0"/>
  <Objekte ObjID="12837" ObjAufnahme="1998-05-23" ObjStrasseID="6880" ObjHausnummer="Hinrichsring 8B" ObjVorlage="2013-09-11 00:00:00.0" ObKeinKontakt="1" ObjArtID="1" Merkmal="0.0"/>
  <Objekte ObjID="12838" ObjAufnahme="1998-05-23" ObjStrasseID="8424" ObjHausnummer="Ubbenstraße 16" ObjVorlage="2013-09-11 00:00:00.0" ObKeinKontakt="1" ObjArtID="1" Merkmal="0.0"/>
  <Objekte ObjID="12839" ObjAufnahme="1998-05-23" ObjStrasseID="8424" ObjHausnummer="Ubbenstraße 18" ObjVorlage="2013-09-11 00:00:00.0" ObKeinKontakt="1" ObjArtID="1" Merkmal="0.0"/>
  <Objekte ObjID="12840" ObjAufnahme="1998-05-23" ObjStrasseID="8424" ObjHausnummer="Ubbenstraße 20" ObjVorlage="2013-09-11 00:00:00.0" ObKeinKontakt="1" ObjArtID="1" Merkmal="0.0"/>
  <Objekte ObjID="12841" ObjAufnahme="1998-05-23" ObjStrasseID="5543" ObjHausnummer="Aegidiendamm 7" ObjVorlage="2013-09-11 00:00:00.0" ObKeinKontakt="1" ObjArtID="1" Merkmal="0.0"/>
  <Objekte ObjID="12842" ObjAufnahme="1998-05-23" ObjStrasseID="2822" ObjHausnummer="Aegidientorplatz 2A" ObjVorlage="2013-09-11 00:00:00.0" ObKeinKontakt="1" ObjArtID="1" Merkmal="0.0"/>
  <Objekte ObjID="12843" ObjAufnahme="1998-05-23" ObjStrasseID="4069" ObjHausnummer="Kramerstraße 11" ObjVorlage="2013-09-11 00:00:00.0" ObKeinKontakt="1" ObjArtID="1" Merkmal="0.0"/>
  <Objekte ObjID="12844" ObjAufnahme="1998-05-23" ObjStrasseID="8496" ObjHausnummer="Voßstraße 15" ObjVorlage="2013-09-11 00:00:00.0" ObKeinKontakt="1" ObjArtID="1" Merkmal="0.0"/>
  <Objekte ObjID="12845" ObjAufnahme="1998-05-23" ObjStrasseID="8496" ObjHausnummer="Voßstraße 17" ObjVorlage="2013-09-11 00:00:00.0" ObKeinKontakt="1" ObjArtID="1" Merkmal="0.0"/>
  <Objekte ObjID="12846" ObjAufnahme="1998-05-23" ObjStrasseID="5748" ObjHausnummer="An der Alten Fabrik 1" ObjVorlage="2013-09-11 00:00:00.0" ObKeinKontakt="1" ObjArtID="1" Merkmal="0.0"/>
  <Objekte ObjID="12847" ObjAufnahme="1998-05-23" ObjLetztKontakt="2013-05-22" ObjStrasseID="5748" ObjHausnummer="An der Alten Fabrik 2" ObjVorlage="2013-09-11 00:00:00.0" ObKeinKontakt="2" ObjArtID="1" Merkmal="0.0"/>
  <Objekte ObjID="12848" ObjAufnahme="1998-05-23" ObjStrasseID="5748" ObjHausnummer="An der Alten Fabrik 4" ObjVorlage="2013-09-11 00:00:00.0" ObKeinKontakt="1" ObjArtID="1" Merkmal="0.0"/>
  <Objekte ObjID="12849" ObjAufnahme="1998-05-23" ObjStrasseID="5748" ObjHausnummer="An der Alten Fabrik 6" ObjVorlage="2013-09-11 00:00:00.0" ObKeinKontakt="1" ObjArtID="1" Merkmal="0.0"/>
  <Objekte ObjID="12850" ObjAufnahme="1998-05-23" ObjStrasseID="5748" ObjHausnummer="An der Alten Fabrik 8" ObjVorlage="2013-09-11 00:00:00.0" ObKeinKontakt="1" ObjArtID="1" Merkmal="0.0"/>
  <Objekte ObjID="12851" ObjAufnahme="1998-05-23" ObjStrasseID="5748" ObjHausnummer="An der Alten Fabrik 10" ObjVorlage="2013-09-11 00:00:00.0" ObKeinKontakt="1" ObjArtID="1" Merkmal="0.0"/>
  <Objekte ObjID="12852" ObjAufnahme="1998-05-23" ObjStrasseID="5748" ObjHausnummer="An der Alten Fabrik 12" ObjVorlage="2013-09-11 00:00:00.0" ObKeinKontakt="1" ObjArtID="1" Merkmal="0.0"/>
  <Objekte ObjID="12853" ObjAufnahme="1998-05-23" ObjStrasseID="5748" ObjHausnummer="An der Alten Fabrik 14" ObjVorlage="2013-09-11 00:00:00.0" ObKeinKontakt="1" ObjArtID="1" Merkmal="0.0"/>
  <Objekte ObjID="12854" ObjAufnahme="1998-05-23" ObjStrasseID="7809" ObjHausnummer="Portlandstraße 11A" ObjVorlage="2013-09-11 00:00:00.0" ObKeinKontakt="1" ObjArtID="1" Merkmal="0.0"/>
  <Objekte ObjID="12855" ObjAufnahme="1998-05-23" ObjStrasseID="7809" ObjHausnummer="Portlandstraße 11B" ObjVorlage="2013-09-11 00:00:00.0" ObKeinKontakt="1" ObjArtID="1" Merkmal="0.0"/>
  <Objekte ObjID="12856" ObjAufnahme="1998-05-23" ObjStrasseID="6545" ObjHausnummer="Gerbarndstraße 10" ObjVorlage="2013-09-11 00:00:00.0" ObKeinKontakt="1" ObjArtID="1" Merkmal="0.0"/>
  <Objekte ObjID="12857" ObjAufnahme="1998-05-23" ObjStrasseID="6545" ObjHausnummer="Gerbarndstraße 11" ObjVorlage="2013-09-11 00:00:00.0" ObKeinKontakt="1" ObjArtID="1" Merkmal="0.0"/>
  <Objekte ObjID="12858" ObjAufnahme="1998-05-23" ObjStrasseID="5659" ObjHausnummer="Am Kalkbruche 1" ObjVorlage="2013-09-11 00:00:00.0" ObKeinKontakt="1" ObjArtID="1" Merkmal="0.0"/>
  <Objekte ObjID="12859" ObjAufnahme="1998-05-23" ObjStrasseID="5659" ObjHausnummer="Am Kalkbruche 1B" ObjVorlage="2013-09-11 00:00:00.0" ObKeinKontakt="1" ObjArtID="1" Merkmal="0.0"/>
  <Objekte ObjID="12860" ObjAufnahme="1998-05-23" ObjStrasseID="5659" ObjHausnummer="Am Kalkbruche 1C" ObjVorlage="2013-09-11 00:00:00.0" ObKeinKontakt="1" ObjArtID="1" Merkmal="0.0"/>
  <Objekte ObjID="12861" ObjAufnahme="1998-05-23" ObjStrasseID="5659" ObjHausnummer="Am Kalkbruche 1D" ObjVorlage="2013-09-11 00:00:00.0" ObKeinKontakt="1" ObjArtID="1" Merkmal="0.0"/>
  <Objekte ObjID="12862" ObjAufnahme="1998-05-23" ObjStrasseID="5659" ObjHausnummer="Am Kalkbruche 1E" ObjVorlage="2013-09-11 00:00:00.0" ObKeinKontakt="1" ObjArtID="1" Merkmal="0.0"/>
  <Objekte ObjID="12863" ObjAufnahme="1998-05-23" ObjStrasseID="5659" ObjHausnummer="Am Kalkbruche 1F" ObjVorlage="2013-09-11 00:00:00.0" ObKeinKontakt="1" ObjArtID="1" Merkmal="0.0"/>
  <Objekte ObjID="12864" ObjAufnahme="1998-05-23" ObjStrasseID="5679" ObjHausnummer="Am Lindenhofe 11" ObjVorlage="2013-09-11 00:00:00.0" ObKeinKontakt="1" ObjArtID="1" Merkmal="0.0"/>
  <Objekte ObjID="12865" ObjAufnahme="1998-05-23" ObjStrasseID="5679" ObjHausnummer="Am Lindenhofe 11A" ObjVorlage="2013-09-11 00:00:00.0" ObKeinKontakt="1" ObjArtID="1" Merkmal="0.0"/>
  <Objekte ObjID="12866" ObjAufnahme="1998-05-23" ObjStrasseID="5679" ObjHausnummer="Am Lindenhofe 11B" ObjVorlage="2013-09-11 00:00:00.0" ObKeinKontakt="1" ObjArtID="1" Merkmal="0.0"/>
  <Objekte ObjID="12867" ObjAufnahme="1998-05-23" ObjStrasseID="5918" ObjHausnummer="Bergiusstraße 25" ObjVorlage="2013-09-11 00:00:00.0" ObKeinKontakt="1" ObjArtID="1" Merkmal="0.0"/>
  <Objekte ObjID="12868" ObjAufnahme="1998-05-23" ObjStrasseID="5918" ObjHausnummer="Bergiusstraße 27" ObjVorlage="2013-09-11 00:00:00.0" ObKeinKontakt="1" ObjArtID="1" Merkmal="0.0"/>
  <Objekte ObjID="12869" ObjAufnahme="1998-05-23" ObjStrasseID="5918" ObjHausnummer="Bergiusstraße 29" ObjVorlage="2013-09-11 00:00:00.0" ObKeinKontakt="1" ObjArtID="1" Merkmal="0.0"/>
  <Objekte ObjID="12870" ObjAufnahme="1998-05-23" ObjStrasseID="5918" ObjHausnummer="Bergiusstraße 31" ObjVorlage="2013-09-11 00:00:00.0" ObKeinKontakt="1" ObjArtID="1" Merkmal="0.0"/>
  <Objekte ObjID="12871" ObjAufnahme="1998-05-23" ObjStrasseID="5918" ObjHausnummer="Bergiusstraße 33" ObjVorlage="2013-09-11 00:00:00.0" ObKeinKontakt="1" ObjArtID="1" Merkmal="0.0"/>
  <Objekte ObjID="12872" ObjAufnahme="1998-05-23" ObjStrasseID="5918" ObjHausnummer="Bergiusstraße 35" ObjVorlage="2013-09-11 00:00:00.0" ObKeinKontakt="1" ObjArtID="1" Merkmal="0.0"/>
  <Objekte ObjID="12873" ObjAufnahme="1998-05-23" ObjStrasseID="5918" ObjHausnummer="Bergiusstraße 37" ObjVorlage="2013-09-11 00:00:00.0" ObKeinKontakt="1" ObjArtID="1" Merkmal="0.0"/>
  <Objekte ObjID="12874" ObjAufnahme="1998-05-23" ObjStrasseID="5918" ObjHausnummer="Bergiusstraße 37A" ObjVorlage="2013-09-11 00:00:00.0" ObKeinKontakt="1" ObjArtID="1" Merkmal="0.0"/>
  <Objekte ObjID="12875" ObjAufnahme="1998-05-23" ObjStrasseID="5918" ObjHausnummer="Bergiusstraße 37B" ObjVorlage="2013-09-11 00:00:00.0" ObKeinKontakt="1" ObjArtID="1" Merkmal="0.0"/>
  <Objekte ObjID="12876" ObjAufnahme="1998-05-23" ObjStrasseID="6084" ObjHausnummer="Brückstraße 10" ObjVorlage="2013-09-11 00:00:00.0" ObKeinKontakt="1" ObjArtID="1" Merkmal="0.0"/>
  <Objekte ObjID="12877" ObjAufnahme="1998-05-23" ObjStrasseID="6084" ObjHausnummer="Brückstraße 11" ObjVorlage="2013-09-11 00:00:00.0" ObKeinKontakt="1" ObjArtID="1" Merkmal="0.0"/>
  <Objekte ObjID="12878" ObjAufnahme="1998-05-23" ObjStrasseID="6125" ObjHausnummer="Bussilliatweg 28" ObjVorlage="2013-09-11 00:00:00.0" ObKeinKontakt="1" ObjArtID="1" Merkmal="0.0"/>
  <Objekte ObjID="12879" ObjAufnahme="1998-05-23" ObjStrasseID="6125" ObjHausnummer="Bussilliatweg 30" ObjVorlage="2013-09-11 00:00:00.0" ObKeinKontakt="1" ObjArtID="1" Merkmal="0.0"/>
  <Objekte ObjID="12880" ObjAufnahme="1998-05-23" ObjStrasseID="6152" ObjHausnummer="Clemensstraße 10" ObjVorlage="2013-09-11 00:00:00.0" ObKeinKontakt="1" ObjArtID="1" Merkmal="0.0"/>
  <Objekte ObjID="12881" ObjAufnahme="1998-05-23" ObjStrasseID="6152" ObjHausnummer="Clemensstraße 12" ObjVorlage="2013-09-11 00:00:00.0" ObKeinKontakt="1" ObjArtID="1" Merkmal="0.0"/>
  <Objekte ObjID="12882" ObjAufnahme="1998-05-23" ObjStrasseID="8511" ObjHausnummer="Wallensteinstraße 110B" ObjVorlage="2013-09-11 00:00:00.0" ObKeinKontakt="1" ObjArtID="1" Merkmal="0.0"/>
  <Objekte ObjID="12883" ObjAufnahme="1998-05-23" ObjStrasseID="8511" ObjHausnummer="Wallensteinstraße 110C" ObjVorlage="2013-09-11 00:00:00.0" ObKeinKontakt="1" ObjArtID="1" Merkmal="0.0"/>
  <Objekte ObjID="12884" ObjAufnahme="1998-05-23" ObjStrasseID="8511" ObjHausnummer="Wallensteinstraße 110D" ObjVorlage="2013-09-11 00:00:00.0" ObKeinKontakt="1" ObjArtID="1" Merkmal="0.0"/>
  <Objekte ObjID="12885" ObjAufnahme="1998-05-23" ObjStrasseID="8511" ObjHausnummer="Wallensteinstraße 110E" ObjVorlage="2013-09-11 00:00:00.0" ObKeinKontakt="1" ObjArtID="1" Merkmal="0.0"/>
  <Objekte ObjID="12886" ObjAufnahme="1998-05-23" ObjStrasseID="8511" ObjHausnummer="Wallensteinstraße 112" ObjVorlage="2013-09-11 00:00:00.0" ObKeinKontakt="1" ObjArtID="1" Merkmal="0.0"/>
  <Objekte ObjID="12887" ObjAufnahme="1998-05-23" ObjStrasseID="8511" ObjHausnummer="Wallensteinstraße 114" ObjVorlage="2013-09-11 00:00:00.0" ObKeinKontakt="1" ObjArtID="1" Merkmal="0.0"/>
  <Objekte ObjID="12888" ObjAufnahme="1998-05-23" ObjStrasseID="8511" ObjHausnummer="Wallensteinstraße 116" ObjVorlage="2013-09-11 00:00:00.0" ObKeinKontakt="1" ObjArtID="1" Merkmal="0.0"/>
  <Objekte ObjID="12889" ObjAufnahme="1998-05-23" ObjStrasseID="8511" ObjHausnummer="Wallensteinstraße 112A" ObjVorlage="2013-09-11 00:00:00.0" ObKeinKontakt="1" ObjArtID="1" Merkmal="0.0"/>
  <Objekte ObjID="12890" ObjAufnahme="1998-05-23" ObjStrasseID="8511" ObjHausnummer="Wallensteinstraße 112B" ObjVorlage="2013-09-11 00:00:00.0" ObKeinKontakt="1" ObjArtID="1" Merkmal="0.0"/>
  <Objekte ObjID="12891" ObjAufnahme="1998-05-23" ObjStrasseID="8511" ObjHausnummer="Wallensteinstraße 112C" ObjVorlage="2013-09-11 00:00:00.0" ObKeinKontakt="1" ObjArtID="1" Merkmal="0.0"/>
  <Objekte ObjID="12892" ObjAufnahme="1998-05-23" ObjStrasseID="8511" ObjHausnummer="Wallensteinstraße 112D" ObjVorlage="2013-09-11 00:00:00.0" ObKeinKontakt="1" ObjArtID="1" Merkmal="0.0"/>
  <Objekte ObjID="12893" ObjAufnahme="1998-05-23" ObjStrasseID="8511" ObjHausnummer="Wallensteinstraße 112E" ObjVorlage="2013-09-11 00:00:00.0" ObKeinKontakt="1" ObjArtID="1" Merkmal="0.0"/>
  <Objekte ObjID="12894" ObjAufnahme="1998-05-23" ObjStrasseID="8511" ObjHausnummer="Wallensteinstraße 114A" ObjVorlage="2013-09-11 00:00:00.0" ObKeinKontakt="1" ObjArtID="1" Merkmal="0.0"/>
  <Objekte ObjID="12895" ObjAufnahme="1998-05-23" ObjStrasseID="8511" ObjHausnummer="Wallensteinstraße 114B" ObjVorlage="2013-09-11 00:00:00.0" ObKeinKontakt="1" ObjArtID="1" Merkmal="0.0"/>
  <Objekte ObjID="12896" ObjAufnahme="1998-05-23" ObjStrasseID="8511" ObjHausnummer="Wallensteinstraße 114C" ObjVorlage="2013-09-11 00:00:00.0" ObKeinKontakt="1" ObjArtID="1" Merkmal="0.0"/>
  <Objekte ObjID="12897" ObjAufnahme="1998-05-23" ObjStrasseID="8511" ObjHausnummer="Wallensteinstraße 114D" ObjVorlage="2013-09-11 00:00:00.0" ObKeinKontakt="1" ObjArtID="1" Merkmal="0.0"/>
  <Objekte ObjID="12898" ObjAufnahme="1998-05-23" ObjStrasseID="8511" ObjHausnummer="Wallensteinstraße 114E" ObjVorlage="2013-09-11 00:00:00.0" ObKeinKontakt="1" ObjArtID="1" Merkmal="0.0"/>
  <Objekte ObjID="12899" ObjAufnahme="1998-05-23" ObjStrasseID="8572" ObjHausnummer="Weizenfeldstraße 53" ObjVorlage="2013-09-11 00:00:00.0" ObKeinKontakt="1" ObjArtID="1" Merkmal="0.0"/>
  <Objekte ObjID="12900" ObjAufnahme="1998-05-23" ObjStrasseID="8679" ObjHausnummer="Wolkerhof 1" ObjVorlage="2013-09-11 00:00:00.0" ObKeinKontakt="1" ObjArtID="1" Merkmal="0.0"/>
  <Objekte ObjID="12901" ObjAufnahme="1998-05-23" ObjStrasseID="8679" ObjHausnummer="Wolkerhof 3" ObjVorlage="2013-09-11 00:00:00.0" ObKeinKontakt="1" ObjArtID="1" Merkmal="0.0"/>
  <Objekte ObjID="12902" ObjAufnahme="1998-05-23" ObjStrasseID="8679" ObjHausnummer="Wolkerhof 5" ObjVorlage="2013-09-11 00:00:00.0" ObKeinKontakt="1" ObjArtID="1" Merkmal="0.0"/>
  <Objekte ObjID="12903" ObjAufnahme="1998-05-23" ObjStrasseID="8679" ObjHausnummer="Wolkerhof 7" ObjVorlage="2013-09-11 00:00:00.0" ObKeinKontakt="1" ObjArtID="1" Merkmal="0.0"/>
  <Objekte ObjID="12904" ObjAufnahme="1998-05-23" ObjStrasseID="7477" ObjHausnummer="Mardalstraße 8" ObjVorlage="2013-09-11 00:00:00.0" ObKeinKontakt="1" ObjArtID="1" Merkmal="0.0"/>
  <Objekte ObjID="12905" ObjAufnahme="1998-05-23" ObjStrasseID="7477" ObjHausnummer="Mardalstraße 10" ObjVorlage="2013-09-11 00:00:00.0" ObKeinKontakt="1" ObjArtID="1" Merkmal="0.0"/>
  <Objekte ObjID="12906" ObjAufnahme="1998-05-23" ObjStrasseID="7480" ObjHausnummer="Marienstraße 78" ObjVorlage="2013-09-11 00:00:00.0" ObKeinKontakt="1" ObjArtID="1" Merkmal="0.0"/>
  <Objekte ObjID="12907" ObjAufnahme="1998-05-23" ObjStrasseID="7480" ObjHausnummer="Marienstraße 80" ObjVorlage="2013-09-11 00:00:00.0" ObKeinKontakt="1" ObjArtID="1" Merkmal="0.0"/>
  <Objekte ObjID="12908" ObjAufnahme="1998-05-23" ObjStrasseID="8023" ObjHausnummer="Sallstraße 1" ObjVorlage="2013-09-11 00:00:00.0" ObKeinKontakt="1" ObjArtID="1" Merkmal="0.0"/>
  <Objekte ObjID="12909" ObjAufnahme="1998-05-23" ObjStrasseID="8023" ObjHausnummer="Sallstraße 3" ObjVorlage="2013-09-11 00:00:00.0" ObKeinKontakt="1" ObjArtID="1" Merkmal="0.0"/>
  <Objekte ObjID="12910" ObjAufnahme="1998-05-23" ObjStrasseID="8023" ObjHausnummer="Sallstraße 5" ObjVorlage="2013-09-11 00:00:00.0" ObKeinKontakt="1" ObjArtID="1" Merkmal="0.0"/>
  <Objekte ObjID="12911" ObjAufnahme="1998-05-23" ObjStrasseID="8142" ObjHausnummer="Schwemannstraße 13" ObjVorlage="2013-09-11 00:00:00.0" ObKeinKontakt="1" ObjArtID="1" Merkmal="0.0"/>
  <Objekte ObjID="12912" ObjAufnahme="1998-05-23" ObjStrasseID="8142" ObjHausnummer="Schwemannstraße 2" ObjVorlage="2013-09-11 00:00:00.0" ObKeinKontakt="1" ObjArtID="1" Merkmal="0.0"/>
  <Objekte ObjID="12913" ObjAufnahme="1998-05-23" ObjStrasseID="8142" ObjHausnummer="Schwemannstraße 2A" ObjVorlage="2013-09-11 00:00:00.0" ObKeinKontakt="1" ObjArtID="1" Merkmal="0.0"/>
  <Objekte ObjID="12914" ObjAufnahme="1998-05-23" ObjStrasseID="8142" ObjHausnummer="Schwemannstraße 7" ObjVorlage="2013-09-11 00:00:00.0" ObKeinKontakt="1" ObjArtID="1" Merkmal="0.0"/>
  <Objekte ObjID="12915" ObjAufnahme="1998-05-23" ObjStrasseID="8142" ObjHausnummer="Schwemannstraße 9" ObjVorlage="2013-09-11 00:00:00.0" ObKeinKontakt="1" ObjArtID="1" Merkmal="0.0"/>
  <Objekte ObjID="12916" ObjAufnahme="1998-05-23" ObjStrasseID="8142" ObjHausnummer="Schwemannstraße 17" ObjVorlage="2013-09-11 00:00:00.0" ObKeinKontakt="1" ObjArtID="1" Merkmal="0.0"/>
  <Objekte ObjID="12917" ObjAufnahme="1998-05-23" ObjStrasseID="8142" ObjHausnummer="Schwemannstraße 19" ObjVorlage="2013-09-11 00:00:00.0" ObKeinKontakt="1" ObjArtID="1" Merkmal="0.0"/>
  <Objekte ObjID="12918" ObjAufnahme="1998-05-23" ObjStrasseID="8142" ObjHausnummer="Schwemannstraße 21" ObjVorlage="2013-09-11 00:00:00.0" ObKeinKontakt="1" ObjArtID="1" Merkmal="0.0"/>
  <Objekte ObjID="12919" ObjAufnahme="1998-05-23" ObjStrasseID="8215" ObjHausnummer="Sonnenweg 2" ObjVorlage="2013-09-11 00:00:00.0" ObKeinKontakt="1" ObjArtID="1" Merkmal="0.0"/>
  <Objekte ObjID="12920" ObjAufnahme="1998-05-23" ObjStrasseID="8215" ObjHausnummer="Sonnenweg 4" ObjVorlage="2013-09-11 00:00:00.0" ObKeinKontakt="1" ObjArtID="177" Merkmal="0.0"/>
  <Objekte ObjID="12921" ObjAufnahme="1998-05-23" ObjStrasseID="8215" ObjHausnummer="Sonnenweg 6" ObjVorlage="2013-09-11 00:00:00.0" ObKeinKontakt="1" ObjArtID="177" Merkmal="0.0"/>
  <Objekte ObjID="12922" ObjAufnahme="1998-05-23" ObjStrasseID="8215" ObjHausnummer="Sonnenweg 8" ObjVorlage="2013-09-11 00:00:00.0" ObKeinKontakt="1" ObjArtID="1" Merkmal="0.0"/>
  <Objekte ObjID="12923" ObjAufnahme="1998-05-23" ObjStrasseID="8215" ObjHausnummer="Sonnenweg 10" ObjVorlage="2013-09-11 00:00:00.0" ObKeinKontakt="1" ObjArtID="1" Merkmal="0.0"/>
  <Objekte ObjID="12924" ObjAufnahme="1998-05-23" ObjStrasseID="8380" ObjHausnummer="Tiergartenstraße 79" ObjVorlage="2013-09-11 00:00:00.0" ObKeinKontakt="1" ObjArtID="1" Merkmal="0.0"/>
  <Objekte ObjID="12925" ObjAufnahme="1998-05-23" ObjStrasseID="8380" ObjHausnummer="Tiergartenstraße 81" ObjVorlage="2013-09-11 00:00:00.0" ObKeinKontakt="1" ObjArtID="1" Merkmal="0.0"/>
  <Objekte ObjID="12926" ObjAufnahme="1998-05-23" ObjStrasseID="8380" ObjHausnummer="Tiergartenstraße 83" ObjVorlage="2013-09-11 00:00:00.0" ObKeinKontakt="1" ObjArtID="1" Merkmal="0.0"/>
  <Objekte ObjID="12927" ObjAufnahme="1998-05-23" ObjStrasseID="8380" ObjHausnummer="Tiergartenstraße 87" ObjVorlage="2013-09-11 00:00:00.0" ObKeinKontakt="1" ObjArtID="1" Merkmal="0.0"/>
  <Objekte ObjID="12928" ObjAufnahme="1998-05-23" ObjStrasseID="7153" ObjHausnummer="Kirchröder Straße 69A" ObjVorlage="2013-09-11 00:00:00.0" ObKeinKontakt="1" ObjArtID="1" Merkmal="0.0"/>
  <Objekte ObjID="12929" ObjAufnahme="1998-05-23" ObjStrasseID="7390" ObjHausnummer="Lindemannallee 8" ObjVorlage="2013-09-11 00:00:00.0" ObKeinKontakt="1" ObjArtID="1" Merkmal="0.0"/>
  <Objekte ObjID="12930" ObjAufnahme="1998-05-23" ObjStrasseID="7390" ObjHausnummer="Lindemannallee 22" ObjVorlage="2013-09-11 00:00:00.0" ObKeinKontakt="1" ObjArtID="1" Merkmal="0.0"/>
  <Objekte ObjID="12931" ObjAufnahme="1998-05-23" ObjStrasseID="7390" ObjHausnummer="Lindemannallee 48" ObjVorlage="2013-09-11 00:00:00.0" ObKeinKontakt="1" ObjArtID="1" Merkmal="0.0"/>
  <Objekte ObjID="12932" ObjAufnahme="1998-05-23" ObjStrasseID="7390" ObjHausnummer="Lindemannallee 48A" ObjVorlage="2013-09-11 00:00:00.0" ObKeinKontakt="1" ObjArtID="1" Merkmal="0.0"/>
  <Objekte ObjID="12933" ObjAufnahme="1998-05-23" ObjStrasseID="7390" ObjHausnummer="Lindemannallee 54" ObjVorlage="2013-09-11 00:00:00.0" ObKeinKontakt="1" ObjArtID="1" Merkmal="0.0"/>
  <Objekte ObjID="12934" ObjAufnahme="1998-05-23" ObjStrasseID="7390" ObjHausnummer="Lindemannallee 54A" ObjVorlage="2013-09-11 00:00:00.0" ObKeinKontakt="1" ObjArtID="1" Merkmal="0.0"/>
  <Objekte ObjID="12935" ObjAufnahme="1998-05-23" ObjStrasseID="8022" ObjHausnummer="Salinenstraße 2" ObjVorlage="2013-09-11 00:00:00.0" ObKeinKontakt="1" ObjArtID="1" Merkmal="0.0"/>
  <Objekte ObjID="12936" ObjAufnahme="1998-05-23" ObjStrasseID="8709" ObjHausnummer="Ziesenißstraße 26" ObjVorlage="2013-09-11 00:00:00.0" ObKeinKontakt="1" ObjArtID="1" Merkmal="0.0"/>
  <Objekte ObjID="12937" ObjAufnahme="1998-05-23" ObjStrasseID="2861" ObjHausnummer="Altenbekener Damm 43" ObjVorlage="2013-09-11 00:00:00.0" ObKeinKontakt="1" ObjArtID="1" Merkmal="0.0"/>
  <Objekte ObjID="12938" ObjAufnahme="1998-05-23" ObjStrasseID="2861" ObjHausnummer="Altenbekener Damm 47" ObjVorlage="2013-09-11 00:00:00.0" ObKeinKontakt="1" ObjArtID="1" Merkmal="0.0"/>
  <Objekte ObjID="12939" ObjAufnahme="1998-05-23" ObjStrasseID="2861" ObjHausnummer="Altenbekener Damm 49" ObjVorlage="2013-09-11 00:00:00.0" ObKeinKontakt="1" ObjArtID="1" Merkmal="0.0"/>
  <Objekte ObjID="12940" ObjAufnahme="1998-05-23" ObjStrasseID="2861" ObjHausnummer="Altenbekener Damm 51" ObjVorlage="2013-09-11 00:00:00.0" ObKeinKontakt="1" ObjArtID="1" Merkmal="0.0"/>
  <Objekte ObjID="12941" ObjAufnahme="1998-05-23" ObjStrasseID="2861" ObjHausnummer="Altenbekener Damm 53" ObjVorlage="2013-09-11 00:00:00.0" ObKeinKontakt="1" ObjArtID="1" Merkmal="0.0"/>
  <Objekte ObjID="12942" ObjAufnahme="1998-05-23" ObjStrasseID="2861" ObjHausnummer="Altenbekener Damm 45" ObjVorlage="2013-09-11 00:00:00.0" ObKeinKontakt="1" ObjArtID="1" Merkmal="0.0"/>
  <Objekte ObjID="12943" ObjAufnahme="1998-05-23" ObjStrasseID="6378" ObjHausnummer="Escherstraße 14" ObjVorlage="2013-09-11 00:00:00.0" ObKeinKontakt="1" ObjArtID="1" Merkmal="0.0"/>
  <Objekte ObjID="12944" ObjAufnahme="1998-05-23" ObjStrasseID="6408" ObjHausnummer="Feuerbachstraße 1" ObjVorlage="2013-09-11 00:00:00.0" ObKeinKontakt="1" ObjArtID="1" Merkmal="0.0"/>
  <Objekte ObjID="12945" ObjAufnahme="1998-05-23" ObjStrasseID="6408" ObjHausnummer="Feuerbachstraße 9" ObjVorlage="2013-09-11 00:00:00.0" ObKeinKontakt="1" ObjArtID="1" Merkmal="0.0"/>
  <Objekte ObjID="12946" ObjAufnahme="1998-05-23" ObjLetztKontakt="2003-09-09" ObjStrasseID="6880" ObjHausnummer="Hinrichsring 19" ObjVorlage="2013-09-11 00:00:00.0" ObKeinKontakt="1" ObjArtID="1" Merkmal="0.0"/>
  <Objekte ObjID="12947" ObjAufnahme="1998-05-23" ObjLetztKontakt="2003-09-09" ObjStrasseID="6880" ObjHausnummer="Hinrichsring 21" ObjVorlage="2013-09-11 00:00:00.0" ObKeinKontakt="1" ObjArtID="1" Merkmal="0.0"/>
  <Objekte ObjID="12948" ObjAufnahme="1998-05-23" ObjLetztKontakt="2003-09-09" ObjStrasseID="6880" ObjHausnummer="Hinrichsring 23" ObjVorlage="2013-09-11 00:00:00.0" ObKeinKontakt="1" ObjArtID="1" Merkmal="0.0"/>
  <Objekte ObjID="12949" ObjAufnahme="1998-05-23" ObjStrasseID="6880" ObjHausnummer="Hinrichsring 23A" ObjVorlage="2013-09-11 00:00:00.0" ObKeinKontakt="1" ObjArtID="1" Merkmal="0.0"/>
  <Objekte ObjID="12950" ObjAufnahme="1998-05-23" ObjStrasseID="7302" ObjHausnummer="Lange Laube 29" ObjVorlage="2013-09-11 00:00:00.0" ObKeinKontakt="1" ObjArtID="1" Merkmal="0.0"/>
  <Objekte ObjID="12951" ObjAufnahme="1998-05-23" ObjStrasseID="4200" ObjHausnummer="Louise-Schröder-Straße 23" ObjVorlage="2013-09-11 00:00:00.0" ObKeinKontakt="1" ObjArtID="1" Merkmal="0.0"/>
  <Objekte ObjID="12952" ObjAufnahme="1998-05-23" ObjStrasseID="4200" ObjHausnummer="Louise-Schröder-Straße 25" ObjVorlage="2013-09-11 00:00:00.0" ObKeinKontakt="1" ObjArtID="1" Merkmal="0.0"/>
  <Objekte ObjID="12953" ObjAufnahme="1998-05-23" ObjStrasseID="4200" ObjHausnummer="Louise-Schröder-Straße 27" ObjVorlage="2013-09-11 00:00:00.0" ObKeinKontakt="1" ObjArtID="1" Merkmal="0.0"/>
  <Objekte ObjID="12954" ObjAufnahme="1998-05-23" ObjStrasseID="4200" ObjHausnummer="Louise-Schröder-Straße 29" ObjVorlage="2013-09-11 00:00:00.0" ObKeinKontakt="1" ObjArtID="1" Merkmal="0.0"/>
  <Objekte ObjID="12955" ObjAufnahme="1998-05-23" ObjStrasseID="4200" ObjHausnummer="Louise-Schröder-Straße 31" ObjVorlage="2013-09-11 00:00:00.0" ObKeinKontakt="1" ObjArtID="1" Merkmal="0.0"/>
  <Objekte ObjID="12956" ObjAufnahme="1998-05-23" ObjStrasseID="4200" ObjHausnummer="Louise-Schröder-Straße 33" ObjVorlage="2013-09-11 00:00:00.0" ObKeinKontakt="1" ObjArtID="1" Merkmal="0.0"/>
  <Objekte ObjID="12957" ObjAufnahme="1998-05-23" ObjStrasseID="4200" ObjHausnummer="Louise-Schröder-Straße 35" ObjVorlage="2013-09-11 00:00:00.0" ObKeinKontakt="1" ObjArtID="1" Merkmal="0.0"/>
  <Objekte ObjID="12958" ObjAufnahme="1998-05-23" ObjStrasseID="4200" ObjHausnummer="Louise-Schröder-Straße 37" ObjVorlage="2013-09-11 00:00:00.0" ObKeinKontakt="1" ObjArtID="1" Merkmal="0.0"/>
  <Objekte ObjID="12959" ObjAufnahme="1998-05-23" ObjStrasseID="4200" ObjHausnummer="Louise-Schröder-Straße 39" ObjVorlage="2013-09-11 00:00:00.0" ObKeinKontakt="1" ObjArtID="1" Merkmal="0.0"/>
  <Objekte ObjID="12960" ObjAufnahme="1998-05-23" ObjStrasseID="4200" ObjHausnummer="Louise-Schröder-Straße 41" ObjVorlage="2013-09-11 00:00:00.0" ObKeinKontakt="1" ObjArtID="1" Merkmal="0.0"/>
  <Objekte ObjID="12961" ObjAufnahme="1998-05-23" ObjStrasseID="8359" ObjHausnummer="Theodor-Heuss-Ring 18" ObjVorlage="2013-09-11 00:00:00.0" ObKeinKontakt="1" ObjArtID="56" Merkmal="0.0"/>
  <Objekte ObjID="12962" ObjAufnahme="1998-05-23" ObjStrasseID="8359" ObjHausnummer="Theodor-Heuss-Ring 20" ObjVorlage="2013-09-11 00:00:00.0" ObKeinKontakt="1" ObjArtID="1" Merkmal="0.0"/>
  <Objekte ObjID="12963" ObjAufnahme="1998-05-23" ObjStrasseID="8359" ObjHausnummer="Theodor-Heuss-Ring 22" ObjVorlage="2013-09-11 00:00:00.0" ObKeinKontakt="1" ObjArtID="1" Merkmal="0.0"/>
  <Objekte ObjID="12964" ObjAufnahme="1998-05-23" ObjStrasseID="8359" ObjHausnummer="Theodor-Heuss-Ring 26" ObjVorlage="2013-09-11 00:00:00.0" ObKeinKontakt="1" ObjArtID="1" Merkmal="0.0"/>
  <Objekte ObjID="12965" ObjAufnahme="1998-05-23" ObjStrasseID="8359" ObjHausnummer="Theodor-Heuss-Ring 28" ObjVorlage="2013-09-11 00:00:00.0" ObKeinKontakt="1" ObjArtID="1" Merkmal="0.0"/>
  <Objekte ObjID="12966" ObjAufnahme="1998-05-23" ObjStrasseID="8359" ObjHausnummer="Theodor-Heuss-Ring 30" ObjVorlage="2013-09-11 00:00:00.0" ObKeinKontakt="1" ObjArtID="254" Merkmal="0.0" ObjInfo="Eine der Etws stand zur Vermietung an in 2013"/>
  <Objekte ObjID="12967" ObjAufnahme="1998-05-23" ObjStrasseID="8359" ObjHausnummer="Theodor-Heuss-Ring 32" ObjVorlage="2013-09-11 00:00:00.0" ObKeinKontakt="1" ObjArtID="1" Merkmal="0.0"/>
  <Objekte ObjID="12968" ObjAufnahme="1998-05-23" ObjStrasseID="8359" ObjHausnummer="Theodor-Heuss-Ring 34" ObjVorlage="2013-09-11 00:00:00.0" ObKeinKontakt="1" ObjArtID="1" Merkmal="0.0"/>
  <Objekte ObjID="12969" ObjAufnahme="1998-05-24" ObjStrasseID="8975" ObjHausnummer="Bungeweg 6" ObjVorlage="2013-09-11 00:00:00.0" ObKeinKontakt="1" ObjArtID="18" Merkmal="0.0" ObjInfo="Villa/Grst/1932/3,5"/>
  <Objekte ObjID="12970" ObjAufnahme="1998-05-24" ObjStrasseID="8975" ObjHausnummer="Bungeweg 8" ObjVorlage="2013-09-11 00:00:00.0" ObKeinKontakt="1" ObjArtID="18" Merkmal="0.0"/>
  <Objekte ObjID="12971" ObjAufnahme="1998-05-24" ObjStrasseID="8975" ObjHausnummer="Bungeweg 10" ObjVorlage="2013-09-11 00:00:00.0" ObKeinKontakt="1" ObjArtID="18" Merkmal="0.0"/>
  <Objekte ObjID="12972" ObjAufnahme="1998-05-24" ObjStrasseID="6544" ObjHausnummer="Gerberstraße 1" ObjVorlage="2013-09-11 00:00:00.0" ObKeinKontakt="1" ObjArtID="1" Merkmal="0.0"/>
  <Objekte ObjID="12973" ObjAufnahme="1998-05-24" ObjStrasseID="6544" ObjHausnummer="Gerberstraße 1A" ObjVorlage="2013-09-11 00:00:00.0" ObKeinKontakt="1" ObjArtID="1" Merkmal="0.0"/>
  <Objekte ObjID="12974" ObjAufnahme="1998-05-24" ObjStrasseID="6544" ObjHausnummer="Gerberstraße 2" ObjVorlage="2013-09-11 00:00:00.0" ObKeinKontakt="1" ObjArtID="1" Merkmal="0.0"/>
  <Objekte ObjID="12975" ObjAufnahme="1998-05-24" ObjStrasseID="6544" ObjHausnummer="Gerberstraße 3" ObjVorlage="2013-09-11 00:00:00.0" ObKeinKontakt="1" ObjArtID="1" Merkmal="0.0" ObjInfo="01778077470 Türkal Ansprechpartner&#xD;&#xA;Kulturverein zur Förderung und Integration von Jugendlichen in Hannover&#xD;&#xA;früher Gülük 01704187070"/>
  <Objekte ObjID="12976" ObjAufnahme="1998-05-24" ObjStrasseID="6544" ObjHausnummer="Gerberstraße 3A" ObjVorlage="2013-09-11 00:00:00.0" ObKeinKontakt="1" ObjArtID="1" Merkmal="0.0"/>
  <Objekte ObjID="12977" ObjAufnahme="1998-05-24" ObjStrasseID="6544" ObjHausnummer="Gerberstraße 4" ObjVorlage="2013-09-11 00:00:00.0" ObKeinKontakt="1" ObjArtID="1" Merkmal="0.0"/>
  <Objekte ObjID="12978" ObjAufnahme="1998-05-24" ObjStrasseID="6544" ObjHausnummer="Gerberstraße 6" ObjVorlage="2013-09-11 00:00:00.0" ObKeinKontakt="5" ObjArtID="1" Merkmal="0.0"/>
  <Objekte ObjID="12979" ObjAufnahme="1998-05-24" ObjStrasseID="6544" ObjHausnummer="Gerberstraße 7" ObjVorlage="2013-09-11 00:00:00.0" ObKeinKontakt="1" ObjArtID="1" Merkmal="0.0"/>
  <Objekte ObjID="12980" ObjAufnahme="1998-05-24" ObjStrasseID="6544" ObjHausnummer="Gerberstraße 14" ObjVorlage="2013-09-11 00:00:00.0" ObKeinKontakt="1" ObjArtID="1" Merkmal="0.0"/>
  <Objekte ObjID="12981" ObjAufnahme="1998-05-24" ObjStrasseID="6544" ObjHausnummer="Gerberstraße 15" ObjVorlage="2013-09-11 00:00:00.0" ObKeinKontakt="1" ObjArtID="1" Merkmal="0.0"/>
  <Objekte ObjID="12982" ObjAufnahme="1998-05-24" ObjStrasseID="6544" ObjHausnummer="Gerberstraße 16" ObjVorlage="2013-09-11 00:00:00.0" ObKeinKontakt="1" ObjArtID="1" Merkmal="0.0"/>
  <Objekte ObjID="12983" ObjAufnahme="1998-05-24" ObjStrasseID="6544" ObjHausnummer="Gerberstraße 17" ObjVorlage="2013-09-11 00:00:00.0" ObKeinKontakt="1" ObjArtID="1" Merkmal="0.0"/>
  <Objekte ObjID="12984" ObjAufnahme="1998-05-24" ObjStrasseID="6544" ObjHausnummer="Gerberstraße 19" ObjVorlage="2013-09-11 00:00:00.0" ObKeinKontakt="1" ObjArtID="1" Merkmal="0.0"/>
  <Objekte ObjID="12985" ObjAufnahme="1998-05-24" ObjStrasseID="6544" ObjHausnummer="Gerberstraße 23" ObjVorlage="2013-09-11 00:00:00.0" ObKeinKontakt="1" ObjArtID="1" Merkmal="0.0"/>
  <Objekte ObjID="12986" ObjAufnahme="1998-05-24" ObjStrasseID="6544" ObjHausnummer="Gerberstraße 24" ObjVorlage="2013-09-11 00:00:00.0" ObKeinKontakt="1" ObjArtID="1" Merkmal="0.0"/>
  <Objekte ObjID="12987" ObjAufnahme="1998-05-24" ObjStrasseID="6544" ObjHausnummer="Gerberstraße 25" ObjVorlage="2013-09-11 00:00:00.0" ObKeinKontakt="1" ObjArtID="1" Merkmal="0.0"/>
  <Objekte ObjID="12988" ObjAufnahme="1998-05-24" ObjStrasseID="6544" ObjHausnummer="Gerberstraße 26" ObjVorlage="2013-09-11 00:00:00.0" ObKeinKontakt="1" ObjArtID="1" Merkmal="0.0"/>
  <Objekte ObjID="12989" ObjAufnahme="1998-05-24" ObjStrasseID="6752" ObjHausnummer="Hartwigstraße 1" ObjVorlage="2013-09-11 00:00:00.0" ObKeinKontakt="1" ObjArtID="1" Merkmal="0.0"/>
  <Objekte ObjID="12990" ObjAufnahme="1998-05-24" ObjStrasseID="6752" ObjHausnummer="Hartwigstraße 2" ObjVorlage="2013-09-11 00:00:00.0" ObKeinKontakt="1" ObjArtID="1" Merkmal="0.0"/>
  <Objekte ObjID="12991" ObjAufnahme="1998-05-24" ObjStrasseID="6752" ObjHausnummer="Hartwigstraße 3" ObjVorlage="2013-09-11 00:00:00.0" ObKeinKontakt="1" ObjArtID="1" Merkmal="0.0"/>
  <Objekte ObjID="12992" ObjAufnahme="1998-05-24" ObjStrasseID="6752" ObjHausnummer="Hartwigstraße 4" ObjVorlage="2013-09-11 00:00:00.0" ObKeinKontakt="1" ObjArtID="1" Merkmal="0.0"/>
  <Objekte ObjID="12993" ObjAufnahme="1998-05-24" ObjStrasseID="6752" ObjHausnummer="Hartwigstraße 4A" ObjVorlage="2013-09-11 00:00:00.0" ObKeinKontakt="1" ObjArtID="1" Merkmal="0.0"/>
  <Objekte ObjID="12994" ObjAufnahme="1998-05-24" ObjStrasseID="6752" ObjHausnummer="Hartwigstraße 4B" ObjVorlage="2013-09-11 00:00:00.0" ObKeinKontakt="1" ObjArtID="1" Merkmal="0.0"/>
  <Objekte ObjID="12995" ObjAufnahme="1998-05-24" ObjStrasseID="6752" ObjHausnummer="Hartwigstraße 5" ObjVorlage="2013-09-11 00:00:00.0" ObKeinKontakt="1" ObjArtID="1" Merkmal="0.0"/>
  <Objekte ObjID="12996" ObjAufnahme="1998-05-24" ObjStrasseID="6752" ObjHausnummer="Hartwigstraße 6" ObjVorlage="2013-09-11 00:00:00.0" ObKeinKontakt="1" ObjArtID="1" Merkmal="0.0"/>
  <Objekte ObjID="12997" ObjAufnahme="1998-05-24" ObjStrasseID="6752" ObjHausnummer="Hartwigstraße 48" ObjVorlage="2013-09-11 00:00:00.0" ObKeinKontakt="1" ObjArtID="1" Merkmal="0.0"/>
  <Objekte ObjID="12998" ObjAufnahme="1998-05-24" ObjStrasseID="7670" ObjHausnummer="Oeltzenstraße 1" ObjVorlage="2013-09-11 00:00:00.0" ObKeinKontakt="1" ObjArtID="1" Merkmal="0.0"/>
  <Objekte ObjID="12999" ObjAufnahme="1998-05-24" ObjStrasseID="7670" ObjHausnummer="Oeltzenstraße 2" ObjVorlage="2013-09-11 00:00:00.0" ObKeinKontakt="1" ObjArtID="1" Merkmal="0.0"/>
  <Objekte ObjID="13000" ObjAufnahme="1998-05-24" ObjLetztKontakt="2004-09-29" ObjStrasseID="7670" ObjHausnummer="Oeltzenstraße 3" ObjVorlage="2013-09-11 00:00:00.0" ObKeinKontakt="1" ObjArtID="5" Merkmal="0.0"/>
  <Objekte ObjID="13001" ObjAufnahme="1998-05-24" ObjStrasseID="7670" ObjHausnummer="Oeltzenstraße 4" ObjVorlage="2013-09-11 00:00:00.0" ObKeinKontakt="1" ObjArtID="1" Merkmal="0.0"/>
  <Objekte ObjID="13002" ObjAufnahme="1998-05-24" ObjStrasseID="7670" ObjHausnummer="Oeltzenstraße 5" ObjVorlage="2013-09-11 00:00:00.0" ObKeinKontakt="1" ObjArtID="1" Merkmal="0.0"/>
  <Objekte ObjID="13003" ObjAufnahme="1998-05-24" ObjStrasseID="7670" ObjHausnummer="Oeltzenstraße 6" ObjVorlage="2013-09-11 00:00:00.0" ObKeinKontakt="1" ObjArtID="1" Merkmal="0.0"/>
  <Objekte ObjID="13004" ObjAufnahme="1998-05-24" ObjStrasseID="7670" ObjHausnummer="Oeltzenstraße 7" ObjVorlage="2013-09-11 00:00:00.0" ObKeinKontakt="1" ObjArtID="1" Merkmal="0.0"/>
  <Objekte ObjID="13005" ObjAufnahme="1998-05-24" ObjStrasseID="7670" ObjHausnummer="Oeltzenstraße 9" ObjVorlage="2013-09-11 00:00:00.0" ObKeinKontakt="1" ObjArtID="1" Merkmal="0.0"/>
  <Objekte ObjID="13006" ObjAufnahme="1998-05-24" ObjStrasseID="7670" ObjHausnummer="Oeltzenstraße 10" ObjVorlage="2013-09-11 00:00:00.0" ObKeinKontakt="1" ObjArtID="1" Merkmal="0.0"/>
  <Objekte ObjID="13007" ObjAufnahme="1998-05-24" ObjStrasseID="7670" ObjHausnummer="Oeltzenstraße 11" ObjVorlage="2013-09-11 00:00:00.0" ObKeinKontakt="1" ObjArtID="1" Merkmal="0.0"/>
  <Objekte ObjID="13008" ObjAufnahme="1998-05-24" ObjStrasseID="7670" ObjHausnummer="Oeltzenstraße 13" ObjVorlage="2013-09-11 00:00:00.0" ObKeinKontakt="1" ObjArtID="1" Merkmal="0.0"/>
  <Objekte ObjID="13009" ObjAufnahme="1998-05-24" ObjStrasseID="7670" ObjHausnummer="Oeltzenstraße 14" ObjVorlage="2013-09-11 00:00:00.0" ObKeinKontakt="1" ObjArtID="1" Merkmal="0.0"/>
  <Objekte ObjID="13010" ObjAufnahme="1998-05-24" ObjStrasseID="7670" ObjHausnummer="Oeltzenstraße 14A" ObjVorlage="2013-09-11 00:00:00.0" ObKeinKontakt="1" ObjArtID="1" Merkmal="0.0"/>
  <Objekte ObjID="13011" ObjAufnahme="1998-05-24" ObjStrasseID="7670" ObjHausnummer="Oeltzenstraße 15" ObjVorlage="2013-09-11 00:00:00.0" ObKeinKontakt="1" ObjArtID="1" Merkmal="0.0"/>
  <Objekte ObjID="13012" ObjAufnahme="1998-05-24" ObjStrasseID="7670" ObjHausnummer="Oeltzenstraße 16" ObjVorlage="2013-09-11 00:00:00.0" ObKeinKontakt="1" ObjArtID="1" Merkmal="0.0"/>
  <Objekte ObjID="13013" ObjAufnahme="1998-05-24" ObjStrasseID="7670" ObjHausnummer="Oeltzenstraße 17" ObjVorlage="2013-09-11 00:00:00.0" ObKeinKontakt="1" ObjArtID="1" Merkmal="0.0"/>
  <Objekte ObjID="13014" ObjAufnahme="1998-05-24" ObjStrasseID="7670" ObjHausnummer="Oeltzenstraße 18" ObjVorlage="2013-09-11 00:00:00.0" ObKeinKontakt="1" ObjArtID="1" Merkmal="0.0"/>
  <Objekte ObjID="13015" ObjAufnahme="1998-05-24" ObjStrasseID="7670" ObjHausnummer="Oeltzenstraße 19" ObjVorlage="2013-09-11 00:00:00.0" ObKeinKontakt="1" ObjArtID="1" Merkmal="0.0"/>
  <Objekte ObjID="13016" ObjAufnahme="1998-05-24" ObjStrasseID="7670" ObjHausnummer="Oeltzenstraße 20" ObjVorlage="2013-09-11 00:00:00.0" ObKeinKontakt="1" ObjArtID="1" Merkmal="0.0"/>
  <Objekte ObjID="13017" ObjAufnahme="1998-05-24" ObjStrasseID="7670" ObjHausnummer="Oeltzenstraße 21" ObjVorlage="2013-09-11 00:00:00.0" ObKeinKontakt="1" ObjArtID="1" Merkmal="0.0"/>
  <Objekte ObjID="13018" ObjAufnahme="1998-05-24" ObjStrasseID="7670" ObjHausnummer="Oeltzenstraße 22" ObjVorlage="2013-09-11 00:00:00.0" ObKeinKontakt="1" ObjArtID="1" Merkmal="0.0" ObjInfo="Hausbauverein Oeltzenstraße 22 e.V.&#xD;&#xA;051154575609&#xD;&#xA;017659783905&#xD;&#xA;Jan-Eike Lange&#xD;&#xA;scout49280854"/>
  <Objekte ObjID="13019" ObjAufnahme="1998-05-24" ObjStrasseID="7670" ObjHausnummer="Oeltzenstraße 23" ObjVorlage="2013-09-11 00:00:00.0" ObKeinKontakt="1" ObjArtID="1" Merkmal="0.0"/>
  <Objekte ObjID="13020" ObjAufnahme="1998-05-24" ObjStrasseID="7670" ObjHausnummer="Oeltzenstraße 24" ObjVorlage="2013-09-11 00:00:00.0" ObKeinKontakt="1" ObjArtID="1" Merkmal="0.0"/>
  <Objekte ObjID="13021" ObjAufnahme="1998-05-24" ObjStrasseID="7670" ObjHausnummer="Oeltzenstraße 25" ObjVorlage="2013-09-11 00:00:00.0" ObKeinKontakt="1" ObjArtID="1" Merkmal="0.0"/>
  <Objekte ObjID="13022" ObjAufnahme="1998-05-24" ObjStrasseID="7670" ObjHausnummer="Oeltzenstraße 26" ObjVorlage="2013-09-11 00:00:00.0" ObKeinKontakt="1" ObjArtID="1" Merkmal="0.0"/>
  <Objekte ObjID="13023" ObjAufnahme="1998-05-24" ObjStrasseID="7670" ObjHausnummer="Oeltzenstraße 27" ObjVorlage="2013-09-11 00:00:00.0" ObKeinKontakt="1" ObjArtID="1" Merkmal="0.0"/>
  <Objekte ObjID="13024" ObjAufnahme="1998-05-24" ObjStrasseID="6267" ObjHausnummer="Dreyerstraße 1" ObjVorlage="2013-09-11 00:00:00.0" ObKeinKontakt="1" ObjArtID="1" Merkmal="0.0"/>
  <Objekte ObjID="13025" ObjAufnahme="1998-05-24" ObjStrasseID="6267" ObjHausnummer="Dreyerstraße 2A" ObjVorlage="2013-09-11 00:00:00.0" ObKeinKontakt="1" ObjArtID="1" Merkmal="0.0"/>
  <Objekte ObjID="13026" ObjAufnahme="1998-05-24" ObjStrasseID="6267" ObjHausnummer="Dreyerstraße 6" ObjVorlage="2013-09-11 00:00:00.0" ObKeinKontakt="1" ObjArtID="1" Merkmal="0.0"/>
  <Objekte ObjID="13027" ObjAufnahme="1998-05-24" ObjStrasseID="6267" ObjHausnummer="Dreyerstraße 10A" ObjVorlage="2013-09-11 00:00:00.0" ObKeinKontakt="1" ObjArtID="1" Merkmal="0.0"/>
  <Objekte ObjID="13028" ObjAufnahme="1998-05-24" ObjStrasseID="6267" ObjHausnummer="Dreyerstraße 10B" ObjVorlage="2013-09-11 00:00:00.0" ObKeinKontakt="1" ObjArtID="1" Merkmal="0.0"/>
  <Objekte ObjID="13029" ObjAufnahme="1998-05-24" ObjStrasseID="6267" ObjHausnummer="Dreyerstraße 11" ObjVorlage="2013-09-11 00:00:00.0" ObKeinKontakt="1" ObjArtID="74" Merkmal="0.0" ObjInfo="Gundlach Eigentumswohnungen"/>
  <Objekte ObjID="13030" ObjAufnahme="1998-05-24" ObjStrasseID="6267" ObjHausnummer="Dreyerstraße 13" ObjVorlage="2013-09-11 00:00:00.0" ObKeinKontakt="1" ObjArtID="1" Merkmal="0.0"/>
  <Objekte ObjID="13031" ObjAufnahme="1998-05-24" ObjStrasseID="6267" ObjHausnummer="Dreyerstraße 14" ObjVorlage="2013-09-11 00:00:00.0" ObKeinKontakt="1" ObjArtID="1" Merkmal="0.0"/>
  <Objekte ObjID="13032" ObjAufnahme="1998-05-24" ObjStrasseID="6267" ObjHausnummer="Dreyerstraße 15" ObjVorlage="2013-09-11 00:00:00.0" ObKeinKontakt="1" ObjArtID="1" Merkmal="0.0"/>
  <Objekte ObjID="13033" ObjAufnahme="1998-05-24" ObjStrasseID="6267" ObjHausnummer="Dreyerstraße 16" ObjVorlage="2013-09-11 00:00:00.0" ObKeinKontakt="1" ObjArtID="1" Merkmal="0.0"/>
  <Objekte ObjID="13034" ObjAufnahme="1998-05-24" ObjStrasseID="6267" ObjHausnummer="Dreyerstraße 17" ObjVorlage="2013-09-11 00:00:00.0" ObKeinKontakt="1" ObjArtID="1" Merkmal="0.0"/>
  <Objekte ObjID="13035" ObjAufnahme="1998-05-24" ObjStrasseID="6267" ObjHausnummer="Dreyerstraße 18" ObjVorlage="2013-09-11 00:00:00.0" ObKeinKontakt="1" ObjArtID="1" Merkmal="0.0"/>
  <Objekte ObjID="13036" ObjAufnahme="1998-05-24" ObjStrasseID="6267" ObjHausnummer="Dreyerstraße 4" ObjVorlage="2013-09-11 00:00:00.0" ObKeinKontakt="1" ObjArtID="1" Merkmal="0.0"/>
  <Objekte ObjID="13038" ObjAufnahme="1998-05-26" ObjLetztKontakt="1998-05-26" ObjStrasseID="7666" ObjHausnummer="Odeonstraße 6" ObjVorlage="2013-09-11 00:00:00.0" ObKeinKontakt="5" ObjArtID="118" Merkmal="0.0" ObjInfo="350133\Loggia Grg."/>
  <Objekte ObjID="13039" ObjAufnahme="1998-05-26" ObjLetztKontakt="1998-05-26" ObjStrasseID="8673" ObjHausnummer="Wöhlerstraße 43A" ObjVorlage="2013-09-11 00:00:00.0" ObKeinKontakt="1" ObjArtID="1" Merkmal="0.0" ObjInfo="Erbengemeinschaft Biester"/>
  <Objekte ObjID="13040" ObjAufnahme="1998-05-26" ObjLetztKontakt="1998-05-26" ObjStrasseID="8215" ObjHausnummer="Sonnenweg 27" ObjVorlage="2013-09-11 00:00:00.0" ObKeinKontakt="5" ObjArtID="177" Merkmal="0.0"/>
  <Objekte ObjID="13041" ObjAufnahme="1998-05-26" ObjLetztKontakt="1998-05-26" ObjStrasseID="5800" ObjHausnummer="Angerstraße 11" ObjVorlage="2013-09-11 00:00:00.0" ObKeinKontakt="5" ObjArtID="1" Merkmal="0.0"/>
  <Objekte ObjID="13042" ObjAufnahme="1998-05-26" ObjLetztKontakt="1998-05-26" ObjStrasseID="8421" ObjHausnummer="Turmstraße 5" ObjVorlage="2013-09-11 00:00:00.0" ObKeinKontakt="5" ObjArtID="1" Merkmal="0.0"/>
  <Objekte ObjID="13043" ObjAufnahme="1998-05-27" ObjLetztKontakt="1998-05-27" ObjStrasseID="6434" ObjHausnummer="Flüggestraße 10" ObjVorlage="2013-09-11 00:00:00.0" ObKeinKontakt="5" ObjArtID="5" Merkmal="0.0"/>
  <Objekte ObjID="13044" ObjAufnahme="1998-05-27" ObjLetztKontakt="1998-05-27" ObjStrasseID="7956" ObjVorlage="2013-09-11 00:00:00.0" ObKeinKontakt="1" ObjArtID="1" Merkmal="0.0"/>
  <Objekte ObjID="13045" ObjAufnahme="1998-05-27" ObjLetztKontakt="1998-05-27" ObjStrasseID="7708" ObjHausnummer="Ostwender Straße 8B" ObjVorlage="2013-09-11 00:00:00.0" ObKeinKontakt="1" ObjArtID="1" Merkmal="0.0"/>
  <Objekte ObjID="13046" ObjAufnahme="1998-05-29" ObjLetztKontakt="1998-05-29" ObjStrasseID="7591" ObjHausnummer="Münzstraße 6" ObjVorlage="2013-09-11 00:00:00.0" ObKeinKontakt="2" ObjArtID="37" Merkmal="0.0"/>
  <Objekte ObjID="13047" ObjAufnahme="1998-05-30" ObjStrasseID="5790" ObjHausnummer="Andertensche Wiese 11" ObjVorlage="2013-09-11 00:00:00.0" ObKeinKontakt="1" ObjArtID="1" Merkmal="0.0"/>
  <Objekte ObjID="13048" ObjAufnahme="1998-05-30" ObjStrasseID="5790" ObjHausnummer="Andertensche Wiese 7" ObjVorlage="2013-09-11 00:00:00.0" ObKeinKontakt="1" ObjArtID="1" Merkmal="0.0"/>
  <Objekte ObjID="13049" ObjAufnahme="1998-05-30" ObjLetztKontakt="2013-08-21" ObjStrasseID="5790" ObjHausnummer="Andertensche Wiese 8" ObjVorlage="2013-09-11 00:00:00.0" ObKeinKontakt="2" ObjArtID="177" Merkmal="0.0"/>
  <Objekte ObjID="13050" ObjAufnahme="1998-05-30" ObjStrasseID="5790" ObjHausnummer="Andertensche Wiese 9" ObjVorlage="2013-09-11 00:00:00.0" ObKeinKontakt="1" ObjArtID="1" Merkmal="0.0"/>
  <Objekte ObjID="13051" ObjAufnahme="1998-05-30" ObjStrasseID="5790" ObjHausnummer="Andertensche Wiese 10" ObjVorlage="2013-09-11 00:00:00.0" ObKeinKontakt="1" ObjArtID="1" Merkmal="0.0"/>
  <Objekte ObjID="13052" ObjAufnahme="1998-05-30" ObjStrasseID="5790" ObjHausnummer="Andertensche Wiese 12" ObjVorlage="2013-09-11 00:00:00.0" ObKeinKontakt="1" ObjArtID="1" Merkmal="0.0"/>
  <Objekte ObjID="13053" ObjAufnahme="1998-05-30" ObjStrasseID="5790" ObjHausnummer="Andertensche Wiese 13" ObjVorlage="2013-09-11 00:00:00.0" ObKeinKontakt="1" ObjArtID="1" Merkmal="0.0"/>
  <Objekte ObjID="13054" ObjAufnahme="1998-05-30" ObjStrasseID="5790" ObjHausnummer="Andertensche Wiese 14" ObjVorlage="2013-09-11 00:00:00.0" ObKeinKontakt="1" ObjArtID="1" Merkmal="0.0"/>
  <Objekte ObjID="13055" ObjAufnahme="1998-05-30" ObjStrasseID="5790" ObjHausnummer="Andertensche Wiese 15" ObjVorlage="2013-09-11 00:00:00.0" ObKeinKontakt="1" ObjArtID="1" Merkmal="0.0"/>
  <Objekte ObjID="13056" ObjAufnahme="1998-05-30" ObjStrasseID="5790" ObjHausnummer="Andertensche Wiese 16" ObjVorlage="2013-09-11 00:00:00.0" ObKeinKontakt="1" ObjArtID="1" Merkmal="0.0"/>
  <Objekte ObjID="13057" ObjAufnahme="1998-05-30" ObjStrasseID="5790" ObjHausnummer="Andertensche Wiese 17" ObjVorlage="2013-09-11 00:00:00.0" ObKeinKontakt="1" ObjArtID="1" Merkmal="0.0"/>
  <Objekte ObjID="13058" ObjAufnahme="1998-05-30" ObjStrasseID="5790" ObjHausnummer="Andertensche Wiese 18" ObjVorlage="2013-09-11 00:00:00.0" ObKeinKontakt="1" ObjArtID="1" Merkmal="0.0"/>
  <Objekte ObjID="13059" ObjAufnahme="1998-05-30" ObjStrasseID="5790" ObjHausnummer="Andertensche Wiese 22" ObjVorlage="2013-09-11 00:00:00.0" ObKeinKontakt="1" ObjArtID="1" Merkmal="0.0"/>
  <Objekte ObjID="13060" ObjAufnahme="1998-05-30" ObjStrasseID="5790" ObjHausnummer="Andertensche Wiese 26" ObjVorlage="2013-09-11 00:00:00.0" ObKeinKontakt="1" ObjArtID="1" Merkmal="0.0"/>
  <Objekte ObjID="13061" ObjAufnahme="1998-05-30" ObjStrasseID="6267" ObjHausnummer="Dreyerstraße 7" ObjVorlage="2013-09-11 00:00:00.0" ObKeinKontakt="1" ObjArtID="1" Merkmal="0.0" ObjInfo="Sparkassenakademie"/>
  <Objekte ObjID="13062" ObjAufnahme="1998-05-30" ObjStrasseID="6267" ObjHausnummer="Dreyerstraße 8" ObjVorlage="2013-09-11 00:00:00.0" ObKeinKontakt="1" ObjArtID="1" Merkmal="0.0" ObjInfo="Sparkassenakademie"/>
  <Objekte ObjID="13063" ObjAufnahme="1998-05-30" ObjStrasseID="6267" ObjHausnummer="Dreyerstraße 9" ObjVorlage="2013-09-11 00:00:00.0" ObKeinKontakt="1" ObjArtID="1" Merkmal="0.0" ObjInfo="Sparkassenakademie"/>
  <Objekte ObjID="13064" ObjAufnahme="1998-05-30" ObjStrasseID="6406" ObjHausnummer="Ferdinandstraße 1" ObjVorlage="2013-09-11 00:00:00.0" ObKeinKontakt="1" ObjArtID="104" Merkmal="0.0" ObjInfo="18068\Blk. S/O Grg."/>
  <Objekte ObjID="13065" ObjAufnahme="1998-05-30" ObjStrasseID="6406" ObjHausnummer="Ferdinandstraße 2" ObjVorlage="2013-09-11 00:00:00.0" ObKeinKontakt="1" ObjArtID="1" Merkmal="0.0"/>
  <Objekte ObjID="13066" ObjAufnahme="1998-05-30" ObjStrasseID="6406" ObjHausnummer="Ferdinandstraße 3" ObjVorlage="2013-09-11 00:00:00.0" ObKeinKontakt="1" ObjArtID="1" Merkmal="0.0"/>
  <Objekte ObjID="13067" ObjAufnahme="1998-05-30" ObjStrasseID="6406" ObjHausnummer="Ferdinandstraße 4" ObjVorlage="2013-09-11 00:00:00.0" ObKeinKontakt="1" ObjArtID="1" Merkmal="0.0"/>
  <Objekte ObjID="13068" ObjAufnahme="1998-05-30" ObjStrasseID="6406" ObjHausnummer="Ferdinandstraße 5" ObjVorlage="2013-09-11 00:00:00.0" ObKeinKontakt="1" ObjArtID="1" Merkmal="0.0"/>
  <Objekte ObjID="13069" ObjAufnahme="1998-05-30" ObjStrasseID="6406" ObjHausnummer="Ferdinandstraße 6" ObjVorlage="2013-09-11 00:00:00.0" ObKeinKontakt="1" ObjArtID="1" Merkmal="0.0"/>
  <Objekte ObjID="13070" ObjAufnahme="1998-05-30" ObjStrasseID="6406" ObjHausnummer="Ferdinandstraße 7" ObjVorlage="2013-09-11 00:00:00.0" ObKeinKontakt="1" ObjArtID="1" Merkmal="0.0"/>
  <Objekte ObjID="13071" ObjAufnahme="1998-05-30" ObjStrasseID="6406" ObjHausnummer="Ferdinandstraße 11" ObjVorlage="2013-09-11 00:00:00.0" ObKeinKontakt="1" ObjArtID="1" Merkmal="0.0"/>
  <Objekte ObjID="13072" ObjAufnahme="1998-05-30" ObjStrasseID="6406" ObjHausnummer="Ferdinandstraße 12" ObjVorlage="2013-09-11 00:00:00.0" ObKeinKontakt="1" ObjArtID="1" Merkmal="0.0"/>
  <Objekte ObjID="13073" ObjAufnahme="1998-05-30" ObjStrasseID="6406" ObjHausnummer="Ferdinandstraße 13" ObjVorlage="2013-09-11 00:00:00.0" ObKeinKontakt="1" ObjArtID="1" Merkmal="0.0"/>
  <Objekte ObjID="13074" ObjAufnahme="1998-05-30" ObjStrasseID="6406" ObjHausnummer="Ferdinandstraße 46" ObjVorlage="2013-09-11 00:00:00.0" ObKeinKontakt="1" ObjArtID="1" Merkmal="0.0"/>
  <Objekte ObjID="13075" ObjAufnahme="1998-05-30" ObjStrasseID="6406" ObjHausnummer="Ferdinandstraße 47" ObjVorlage="2013-09-11 00:00:00.0" ObKeinKontakt="1" ObjArtID="1" Merkmal="0.0"/>
  <Objekte ObjID="13076" ObjAufnahme="1998-05-30" ObjStrasseID="7172" ObjHausnummer="Kleine Pfahlstraße 20C" ObjVorlage="2013-09-11 00:00:00.0" ObKeinKontakt="1" ObjArtID="1" Merkmal="0.0"/>
  <Objekte ObjID="13077" ObjAufnahme="1998-05-30" ObjStrasseID="7313" ObjHausnummer="Lärchenstraße 10" ObjVorlage="2013-09-11 00:00:00.0" ObKeinKontakt="1" ObjArtID="1" Merkmal="0.0"/>
  <Objekte ObjID="13078" ObjAufnahme="1998-05-30" ObjStrasseID="7313" ObjHausnummer="Lärchenstraße 21" ObjVorlage="2013-09-11 00:00:00.0" ObKeinKontakt="1" ObjArtID="1" Merkmal="0.0"/>
  <Objekte ObjID="13079" ObjAufnahme="1998-05-30" ObjStrasseID="7356" ObjHausnummer="Leonhardtstraße 1" ObjVorlage="2013-09-11 00:00:00.0" ObKeinKontakt="1" ObjArtID="1" Merkmal="0.0"/>
  <Objekte ObjID="13080" ObjAufnahme="1998-05-30" ObjStrasseID="7356" ObjHausnummer="Leonhardtstraße 2" ObjVorlage="2013-09-11 00:00:00.0" ObKeinKontakt="1" ObjArtID="1" Merkmal="0.0"/>
  <Objekte ObjID="13081" ObjAufnahme="1998-05-30" ObjStrasseID="7356" ObjHausnummer="Leonhardtstraße 2A" ObjVorlage="2013-09-11 00:00:00.0" ObKeinKontakt="1" ObjArtID="1" Merkmal="0.0"/>
  <Objekte ObjID="13082" ObjAufnahme="1998-05-30" ObjStrasseID="7356" ObjHausnummer="Leonhardtstraße 3" ObjVorlage="2013-09-11 00:00:00.0" ObKeinKontakt="1" ObjArtID="1" Merkmal="0.0"/>
  <Objekte ObjID="13083" ObjAufnahme="1998-05-30" ObjStrasseID="7356" ObjHausnummer="Leonhardtstraße 4" ObjVorlage="2013-09-11 00:00:00.0" ObKeinKontakt="1" ObjArtID="9" Merkmal="0.0"/>
  <Objekte ObjID="13084" ObjAufnahme="1998-05-30" ObjStrasseID="7356" ObjHausnummer="Leonhardtstraße 6" ObjVorlage="2013-09-11 00:00:00.0" ObKeinKontakt="1" ObjArtID="1" Merkmal="0.0"/>
  <Objekte ObjID="13085" ObjAufnahme="1998-05-30" ObjStrasseID="7356" ObjHausnummer="Leonhardtstraße 8" ObjVorlage="2013-09-11 00:00:00.0" ObKeinKontakt="1" ObjArtID="1" Merkmal="0.0"/>
  <Objekte ObjID="13086" ObjAufnahme="1998-05-30" ObjStrasseID="7356" ObjHausnummer="Leonhardtstraße 9" ObjVorlage="2013-09-11 00:00:00.0" ObKeinKontakt="1" ObjArtID="1" Merkmal="0.0"/>
  <Objekte ObjID="13087" ObjAufnahme="1998-05-30" ObjStrasseID="7356" ObjHausnummer="Leonhardtstraße 9B" ObjVorlage="2013-09-11 00:00:00.0" ObKeinKontakt="1" ObjArtID="1" Merkmal="0.0"/>
  <Objekte ObjID="13088" ObjAufnahme="1998-05-30" ObjStrasseID="7356" ObjHausnummer="Leonhardtstraße 11" ObjVorlage="2013-09-11 00:00:00.0" ObKeinKontakt="1" ObjArtID="1" Merkmal="0.0"/>
  <Objekte ObjID="13089" ObjAufnahme="1998-05-30" ObjStrasseID="7078" ObjHausnummer="Kaiserallee 1" ObjVorlage="2013-09-11 00:00:00.0" ObKeinKontakt="1" ObjArtID="270" Merkmal="0.0"/>
  <Objekte ObjID="13090" ObjAufnahme="1998-05-30" ObjStrasseID="7078" ObjHausnummer="Kaiserallee 2" ObjVorlage="2013-09-11 00:00:00.0" ObKeinKontakt="1" ObjArtID="1" Merkmal="0.0"/>
  <Objekte ObjID="13091" ObjAufnahme="1998-05-30" ObjStrasseID="7078" ObjHausnummer="Kaiserallee 4" ObjVorlage="2013-09-11 00:00:00.0" ObKeinKontakt="1" ObjArtID="1" Merkmal="0.0"/>
  <Objekte ObjID="13092" ObjAufnahme="1998-05-30" ObjStrasseID="7078" ObjHausnummer="Kaiserallee 8" ObjVorlage="2013-09-11 00:00:00.0" ObKeinKontakt="1" ObjArtID="1" Merkmal="0.0"/>
  <Objekte ObjID="13093" ObjAufnahme="1998-05-30" ObjStrasseID="7708" ObjHausnummer="Ostwender Straße 2A" ObjVorlage="2013-09-11 00:00:00.0" ObKeinKontakt="1" ObjArtID="1" Merkmal="0.0"/>
  <Objekte ObjID="13094" ObjAufnahme="1998-05-30" ObjStrasseID="7840" ObjHausnummer="Rambergstraße 17A" ObjVorlage="2013-09-11 00:00:00.0" ObKeinKontakt="1" ObjArtID="1" Merkmal="0.0"/>
  <Objekte ObjID="13095" ObjAufnahme="1998-05-30" ObjStrasseID="8150" ObjHausnummer="Sedanstraße 51" ObjVorlage="2013-09-11 00:00:00.0" ObKeinKontakt="1" ObjArtID="1" Merkmal="0.0"/>
  <Objekte ObjID="13096" ObjAufnahme="1998-05-30" ObjStrasseID="8150" ObjHausnummer="Sedanstraße 57" ObjVorlage="2013-09-11 00:00:00.0" ObKeinKontakt="1" ObjArtID="1" Merkmal="0.0"/>
  <Objekte ObjID="13097" ObjAufnahme="1998-05-30" ObjStrasseID="8150" ObjHausnummer="Sedanstraße 67" ObjVorlage="2013-09-11 00:00:00.0" ObKeinKontakt="1" ObjArtID="1" Merkmal="0.0"/>
  <Objekte ObjID="13098" ObjAufnahme="1998-05-30" ObjStrasseID="8431" ObjHausnummer="Uhlemeyerstraße 11" ObjVorlage="2013-09-11 00:00:00.0" ObKeinKontakt="1" ObjArtID="1" Merkmal="0.0"/>
  <Objekte ObjID="13099" ObjAufnahme="1998-05-31" ObjStrasseID="8482" ObjHausnummer="Volgersweg 58A" ObjVorlage="2013-09-11 00:00:00.0" ObKeinKontakt="1" ObjArtID="1" Merkmal="0.0" ObjInfo="Gerke wie 58"/>
  <Objekte ObjID="13100" ObjAufnahme="1998-05-31" ObjStrasseID="8482" ObjHausnummer="Volgersweg 67" ObjVorlage="2013-09-11 00:00:00.0" ObKeinKontakt="1" ObjArtID="1" Merkmal="0.0"/>
  <Objekte ObjID="13101" ObjAufnahme="1998-05-31" ObjStrasseID="7078" ObjHausnummer="Kaiserallee 7" ObjVorlage="2013-09-11 00:00:00.0" ObKeinKontakt="1" ObjArtID="1" Merkmal="0.0"/>
  <Objekte ObjID="13102" ObjAufnahme="1998-05-31" ObjStrasseID="7078" ObjHausnummer="Kaiserallee 3" ObjVorlage="2013-09-11 00:00:00.0" ObKeinKontakt="1" ObjArtID="1" Merkmal="0.0"/>
  <Objekte ObjID="13103" ObjAufnahme="1998-05-31" ObjStrasseID="7078" ObjHausnummer="Kaiserallee 5" ObjVorlage="2013-09-11 00:00:00.0" ObKeinKontakt="1" ObjArtID="1" Merkmal="0.0"/>
  <Objekte ObjID="13104" ObjAufnahme="1998-05-31" ObjStrasseID="7078" ObjHausnummer="Kaiserallee 6" ObjVorlage="2013-09-11 00:00:00.0" ObKeinKontakt="1" ObjArtID="1" Merkmal="0.0"/>
  <Objekte ObjID="13105" ObjAufnahme="1998-06-01" ObjStrasseID="6887" ObjHausnummer="Hinüberstraße 5" ObjVorlage="2013-09-11 00:00:00.0" ObKeinKontakt="1" ObjArtID="1" Merkmal="0.0"/>
  <Objekte ObjID="13106" ObjAufnahme="1998-06-01" ObjStrasseID="6887" ObjHausnummer="Hinüberstraße 13A" ObjVorlage="2013-09-11 00:00:00.0" ObKeinKontakt="1" ObjArtID="1" Merkmal="0.0"/>
  <Objekte ObjID="13107" ObjAufnahme="1998-06-01" ObjStrasseID="6406" ObjVorlage="2013-09-11 00:00:00.0" ObKeinKontakt="1" ObjArtID="1" Merkmal="0.0"/>
  <Objekte ObjID="13108" ObjAufnahme="1998-06-01" ObjStrasseID="6887" ObjHausnummer="Hinüberstraße 6" ObjVorlage="2013-09-11 00:00:00.0" ObKeinKontakt="1" ObjArtID="1" Merkmal="0.0"/>
  <Objekte ObjID="13109" ObjAufnahme="1998-06-02" ObjStrasseID="6441" ObjHausnummer="Fortunastraße 2" ObjVorlage="2013-09-11 00:00:00.0" ObKeinKontakt="1" ObjArtID="1" Merkmal="0.0"/>
  <Objekte ObjID="13110" ObjAufnahme="1998-06-02" ObjStrasseID="6441" ObjHausnummer="Fortunastraße 3" ObjVorlage="2013-09-11 00:00:00.0" ObKeinKontakt="1" ObjArtID="1" Merkmal="0.0"/>
  <Objekte ObjID="13111" ObjAufnahme="1998-06-02" ObjStrasseID="6441" ObjHausnummer="Fortunastraße 4" ObjVorlage="2013-09-11 00:00:00.0" ObKeinKontakt="1" ObjArtID="1" Merkmal="0.0"/>
  <Objekte ObjID="13112" ObjAufnahme="1998-06-02" ObjStrasseID="6441" ObjHausnummer="Fortunastraße 5" ObjVorlage="2013-09-11 00:00:00.0" ObKeinKontakt="1" ObjArtID="1" Merkmal="0.0"/>
  <Objekte ObjID="13113" ObjAufnahme="1998-06-02" ObjStrasseID="6441" ObjHausnummer="Fortunastraße 8" ObjVorlage="2013-09-11 00:00:00.0" ObKeinKontakt="1" ObjArtID="1" Merkmal="0.0"/>
  <Objekte ObjID="13114" ObjAufnahme="1998-06-02" ObjStrasseID="6441" ObjHausnummer="Fortunastraße 9" ObjVorlage="2013-09-11 00:00:00.0" ObKeinKontakt="1" ObjArtID="1" Merkmal="0.0"/>
  <Objekte ObjID="13115" ObjAufnahme="1998-06-02" ObjStrasseID="6441" ObjHausnummer="Fortunastraße 10" ObjVorlage="2013-09-11 00:00:00.0" ObKeinKontakt="1" ObjArtID="1" Merkmal="0.0"/>
  <Objekte ObjID="13116" ObjAufnahme="1998-06-02" ObjStrasseID="6441" ObjHausnummer="Fortunastraße 11" ObjVorlage="2013-09-11 00:00:00.0" ObKeinKontakt="1" ObjArtID="1" Merkmal="0.0"/>
  <Objekte ObjID="13117" ObjAufnahme="1998-06-02" ObjStrasseID="6441" ObjHausnummer="Fortunastraße 12" ObjVorlage="2013-09-11 00:00:00.0" ObKeinKontakt="1" ObjArtID="1" Merkmal="0.0"/>
  <Objekte ObjID="13118" ObjAufnahme="1998-06-02" ObjStrasseID="6441" ObjHausnummer="Fortunastraße 12A" ObjVorlage="2013-09-11 00:00:00.0" ObKeinKontakt="1" ObjArtID="1" Merkmal="0.0"/>
  <Objekte ObjID="13119" ObjAufnahme="1998-06-02" ObjStrasseID="6441" ObjHausnummer="Fortunastraße 13" ObjVorlage="2013-09-11 00:00:00.0" ObKeinKontakt="1" ObjArtID="1" Merkmal="0.0"/>
  <Objekte ObjID="13120" ObjAufnahme="1998-06-02" ObjStrasseID="6441" ObjHausnummer="Fortunastraße 14" ObjVorlage="2013-09-11 00:00:00.0" ObKeinKontakt="1" ObjArtID="1" Merkmal="0.0"/>
  <Objekte ObjID="13121" ObjAufnahme="1998-06-02" ObjStrasseID="6441" ObjHausnummer="Fortunastraße 23" ObjVorlage="2013-09-11 00:00:00.0" ObKeinKontakt="1" ObjArtID="1" Merkmal="0.0"/>
  <Objekte ObjID="13122" ObjAufnahme="1998-06-02" ObjStrasseID="6441" ObjHausnummer="Fortunastraße 23A" ObjVorlage="2013-09-11 00:00:00.0" ObKeinKontakt="1" ObjArtID="1" Merkmal="0.0"/>
  <Objekte ObjID="13123" ObjAufnahme="1998-06-02" ObjStrasseID="6441" ObjHausnummer="Fortunastraße 23B" ObjVorlage="2013-09-11 00:00:00.0" ObKeinKontakt="1" ObjArtID="1" Merkmal="0.0"/>
  <Objekte ObjID="13124" ObjAufnahme="1998-06-02" ObjStrasseID="6441" ObjHausnummer="Fortunastraße 23C" ObjVorlage="2013-09-11 00:00:00.0" ObKeinKontakt="1" ObjArtID="1" Merkmal="0.0"/>
  <Objekte ObjID="13125" ObjAufnahme="1998-06-02" ObjStrasseID="6441" ObjHausnummer="Fortunastraße 24" ObjVorlage="2013-09-11 00:00:00.0" ObKeinKontakt="1" ObjArtID="1" Merkmal="0.0"/>
  <Objekte ObjID="13126" ObjAufnahme="1998-06-02" ObjStrasseID="6441" ObjHausnummer="Fortunastraße 25" ObjVorlage="2013-09-11 00:00:00.0" ObKeinKontakt="1" ObjArtID="1" Merkmal="0.0"/>
  <Objekte ObjID="13127" ObjAufnahme="1998-06-02" ObjStrasseID="6441" ObjHausnummer="Fortunastraße 25A" ObjVorlage="2013-09-11 00:00:00.0" ObKeinKontakt="1" ObjArtID="1" Merkmal="0.0"/>
  <Objekte ObjID="13128" ObjAufnahme="1998-06-02" ObjStrasseID="6441" ObjHausnummer="Fortunastraße 26" ObjVorlage="2013-09-11 00:00:00.0" ObKeinKontakt="1" ObjArtID="1" Merkmal="0.0"/>
  <Objekte ObjID="13129" ObjAufnahme="1998-06-02" ObjStrasseID="6441" ObjHausnummer="Fortunastraße 28" ObjVorlage="2013-09-11 00:00:00.0" ObKeinKontakt="1" ObjArtID="195" Merkmal="0.0"/>
  <Objekte ObjID="13130" ObjAufnahme="1998-06-03" ObjLetztKontakt="1998-06-03" ObjStrasseID="8991" ObjHausnummer="Debberode 24" ObjVorlage="2013-09-11 00:00:00.0" ObKeinKontakt="5" ObjArtID="21" Merkmal="0.0"/>
  <Objekte ObjID="13131" ObjAufnahme="1998-06-03" ObjLetztKontakt="1998-06-03" ObjStrasseID="6655" ObjHausnummer="Großer Kolonnenweg 3A" ObjVorlage="2013-09-11 00:00:00.0" ObKeinKontakt="5" ObjArtID="11" Merkmal="0.0"/>
  <Objekte ObjID="13132" ObjAufnahme="1998-06-03" ObjLetztKontakt="1998-06-03" ObjStrasseID="5983" ObjHausnummer="Bischofsholer Damm 87" ObjVorlage="2013-09-11 00:00:00.0" ObKeinKontakt="5" ObjArtID="10" Merkmal="0.0"/>
  <Objekte ObjID="13133" ObjAufnahme="1998-06-03" ObjLetztKontakt="1998-06-03" ObjStrasseID="6875" ObjHausnummer="Hildesheimer Straße 291" ObjVorlage="2013-09-11 00:00:00.0" ObKeinKontakt="5" ObjArtID="10" Merkmal="0.0"/>
  <Objekte ObjID="13134" ObjAufnahme="1998-06-03" ObjStrasseID="8522" ObjHausnummer="Warstraße 1" ObjVorlage="2013-09-11 00:00:00.0" ObKeinKontakt="1" ObjArtID="1" Merkmal="0.0"/>
  <Objekte ObjID="13135" ObjAufnahme="1998-06-03" ObjStrasseID="8522" ObjHausnummer="Warstraße 2" ObjVorlage="2013-09-11 00:00:00.0" ObKeinKontakt="1" ObjArtID="1" Merkmal="0.0"/>
  <Objekte ObjID="13136" ObjAufnahme="1998-06-03" ObjStrasseID="8522" ObjHausnummer="Warstraße 3" ObjVorlage="2013-09-11 00:00:00.0" ObKeinKontakt="1" ObjArtID="1" Merkmal="0.0"/>
  <Objekte ObjID="13137" ObjAufnahme="1998-06-03" ObjStrasseID="8522" ObjHausnummer="Warstraße 4" ObjVorlage="2013-09-11 00:00:00.0" ObKeinKontakt="1" ObjArtID="1" Merkmal="0.0"/>
  <Objekte ObjID="13138" ObjAufnahme="1998-06-03" ObjStrasseID="8522" ObjHausnummer="Warstraße 5" ObjVorlage="2013-09-11 00:00:00.0" ObKeinKontakt="1" ObjArtID="1" Merkmal="0.0"/>
  <Objekte ObjID="13139" ObjAufnahme="1998-06-03" ObjStrasseID="8522" ObjHausnummer="Warstraße 5A" ObjVorlage="2013-09-11 00:00:00.0" ObKeinKontakt="1" ObjArtID="1" Merkmal="0.0"/>
  <Objekte ObjID="13140" ObjAufnahme="1998-06-03" ObjStrasseID="8522" ObjHausnummer="Warstraße 6" ObjVorlage="2013-09-11 00:00:00.0" ObKeinKontakt="5" ObjArtID="5" Merkmal="0.0" ObjInfo="7WE/2Büros/1897/75/1,025"/>
  <Objekte ObjID="13141" ObjAufnahme="1998-06-03" ObjStrasseID="8522" ObjHausnummer="Warstraße 6A" ObjVorlage="2013-09-11 00:00:00.0" ObKeinKontakt="1" ObjArtID="1" Merkmal="0.0"/>
  <Objekte ObjID="13142" ObjAufnahme="1998-06-03" ObjStrasseID="8522" ObjHausnummer="Warstraße 7" ObjVorlage="2013-09-11 00:00:00.0" ObKeinKontakt="1" ObjArtID="1" Merkmal="0.0"/>
  <Objekte ObjID="13143" ObjAufnahme="1998-06-03" ObjStrasseID="8522" ObjHausnummer="Warstraße 7A" ObjVorlage="2013-09-11 00:00:00.0" ObKeinKontakt="1" ObjArtID="1" Merkmal="0.0"/>
  <Objekte ObjID="13144" ObjAufnahme="1998-06-03" ObjStrasseID="8522" ObjHausnummer="Warstraße 8" ObjVorlage="2013-09-11 00:00:00.0" ObKeinKontakt="1" ObjArtID="1" Merkmal="0.0"/>
  <Objekte ObjID="13145" ObjAufnahme="1998-06-03" ObjStrasseID="8522" ObjHausnummer="Warstraße 9" ObjVorlage="2013-09-11 00:00:00.0" ObKeinKontakt="1" ObjArtID="1" Merkmal="0.0"/>
  <Objekte ObjID="13146" ObjAufnahme="1998-06-03" ObjStrasseID="8522" ObjHausnummer="Warstraße 9A" ObjVorlage="2013-09-11 00:00:00.0" ObKeinKontakt="1" ObjArtID="1" Merkmal="0.0"/>
  <Objekte ObjID="13147" ObjAufnahme="1998-06-03" ObjStrasseID="8522" ObjHausnummer="Warstraße 10" ObjVorlage="2013-09-11 00:00:00.0" ObKeinKontakt="1" ObjArtID="1" Merkmal="0.0"/>
  <Objekte ObjID="13148" ObjAufnahme="1998-06-03" ObjStrasseID="8522" ObjHausnummer="Warstraße 12" ObjVorlage="2013-09-11 00:00:00.0" ObKeinKontakt="1" ObjArtID="1" Merkmal="0.0"/>
  <Objekte ObjID="13149" ObjAufnahme="1998-06-03" ObjStrasseID="8522" ObjHausnummer="Warstraße 12A" ObjVorlage="2013-09-11 00:00:00.0" ObKeinKontakt="1" ObjArtID="1" Merkmal="0.0"/>
  <Objekte ObjID="13150" ObjAufnahme="1998-06-03" ObjStrasseID="8522" ObjHausnummer="Warstraße 12B" ObjVorlage="2013-09-11 00:00:00.0" ObKeinKontakt="1" ObjArtID="1" Merkmal="0.0"/>
  <Objekte ObjID="13151" ObjAufnahme="1998-06-03" ObjStrasseID="8522" ObjHausnummer="Warstraße 13" ObjVorlage="2013-09-11 00:00:00.0" ObKeinKontakt="1" ObjArtID="1" Merkmal="0.0"/>
  <Objekte ObjID="13152" ObjAufnahme="1998-06-03" ObjStrasseID="8522" ObjHausnummer="Warstraße 13A" ObjVorlage="2013-09-11 00:00:00.0" ObKeinKontakt="1" ObjArtID="1" Merkmal="0.0"/>
  <Objekte ObjID="13153" ObjAufnahme="1998-06-03" ObjStrasseID="8522" ObjHausnummer="Warstraße 14" ObjVorlage="2013-09-11 00:00:00.0" ObKeinKontakt="1" ObjArtID="1" Merkmal="0.0"/>
  <Objekte ObjID="13154" ObjAufnahme="1998-06-03" ObjStrasseID="8522" ObjHausnummer="Warstraße 14A" ObjVorlage="2013-09-11 00:00:00.0" ObKeinKontakt="1" ObjArtID="1" Merkmal="0.0"/>
  <Objekte ObjID="13155" ObjAufnahme="1998-06-03" ObjStrasseID="8522" ObjHausnummer="Warstraße 15" ObjVorlage="2013-09-11 00:00:00.0" ObKeinKontakt="1" ObjArtID="1" Merkmal="0.0"/>
  <Objekte ObjID="13156" ObjAufnahme="1998-06-03" ObjStrasseID="8522" ObjHausnummer="Warstraße 15A" ObjVorlage="2013-09-11 00:00:00.0" ObKeinKontakt="1" ObjArtID="1" Merkmal="0.0"/>
  <Objekte ObjID="13157" ObjAufnahme="1998-06-03" ObjStrasseID="8522" ObjHausnummer="Warstraße 16" ObjVorlage="2013-09-11 00:00:00.0" ObKeinKontakt="1" ObjArtID="1" Merkmal="0.0"/>
  <Objekte ObjID="13158" ObjAufnahme="1998-06-03" ObjStrasseID="8522" ObjHausnummer="Warstraße 17" ObjVorlage="2013-09-11 00:00:00.0" ObKeinKontakt="1" ObjArtID="1" Merkmal="0.0"/>
  <Objekte ObjID="13159" ObjAufnahme="1998-06-03" ObjStrasseID="8522" ObjHausnummer="Warstraße 18" ObjVorlage="2013-09-11 00:00:00.0" ObKeinKontakt="1" ObjArtID="1" Merkmal="0.0"/>
  <Objekte ObjID="13160" ObjAufnahme="1998-06-03" ObjStrasseID="8522" ObjHausnummer="Warstraße 19" ObjVorlage="2013-09-11 00:00:00.0" ObKeinKontakt="1" ObjArtID="1" Merkmal="0.0"/>
  <Objekte ObjID="13161" ObjAufnahme="1998-06-03" ObjStrasseID="8522" ObjHausnummer="Warstraße 20" ObjVorlage="2013-09-11 00:00:00.0" ObKeinKontakt="1" ObjArtID="1" Merkmal="0.0"/>
  <Objekte ObjID="13162" ObjAufnahme="1998-06-03" ObjStrasseID="8522" ObjHausnummer="Warstraße 20A" ObjVorlage="2013-09-11 00:00:00.0" ObKeinKontakt="1" ObjArtID="1" Merkmal="0.0"/>
  <Objekte ObjID="13163" ObjAufnahme="1998-06-03" ObjStrasseID="8522" ObjHausnummer="Warstraße 21" ObjVorlage="2013-09-11 00:00:00.0" ObKeinKontakt="1" ObjArtID="1" Merkmal="0.0"/>
  <Objekte ObjID="13164" ObjAufnahme="1998-06-04" ObjLetztKontakt="1998-06-04" ObjStrasseID="8199" ObjHausnummer="Smalianwinkel 4" ObjVorlage="2013-09-11 00:00:00.0" ObKeinKontakt="5" ObjArtID="37" Merkmal="0.0"/>
  <Objekte ObjID="13165" ObjAufnahme="1998-06-04" ObjLetztKontakt="1998-06-04" ObjStrasseID="8038" ObjHausnummer="Sandstraße 5" ObjVorlage="2013-09-11 00:00:00.0" ObKeinKontakt="5" ObjArtID="10" Merkmal="0.0"/>
  <Objekte ObjID="13166" ObjAufnahme="1998-06-04" ObjLetztKontakt="1998-06-04" ObjStrasseID="7892" ObjHausnummer="Ricklinger Stadtweg 102" ObjVorlage="2013-09-11 00:00:00.0" ObKeinKontakt="5" ObjArtID="1" Merkmal="0.0"/>
  <Objekte ObjID="13167" ObjAufnahme="1998-06-04" ObjLetztKontakt="1998-06-04" ObjStrasseID="6612" ObjHausnummer="Götzstraße 74" ObjVorlage="2013-09-11 00:00:00.0" ObKeinKontakt="5" ObjArtID="24" Merkmal="0.0" ObjInfo="780/300/100/500/-/Ke./36/80"/>
  <Objekte ObjID="13168" ObjAufnahme="1998-06-04" ObjStrasseID="8165" ObjHausnummer="Selmastraße 8" ObjVorlage="2013-09-11 00:00:00.0" ObKeinKontakt="1" ObjArtID="1" Merkmal="0.0"/>
  <Objekte ObjID="13169" ObjStrasseID="8165" ObjHausnummer="Selmastraße 2" ObjVorlage="2013-09-11 00:00:00.0" ObKeinKontakt="1" ObjArtID="1" Merkmal="0.0"/>
  <Objekte ObjID="13170" ObjAufnahme="1998-06-05" ObjStrasseID="6987" ObjHausnummer="Im Lämpchen 2" ObjVorlage="2013-09-11 00:00:00.0" ObKeinKontakt="1" ObjArtID="1" Merkmal="0.0"/>
  <Objekte ObjID="13171" ObjAufnahme="1998-06-05" ObjLetztKontakt="1998-08-07" ObjStrasseID="6987" ObjHausnummer="Im Lämpchen 5" ObjVorlage="2013-09-11 00:00:00.0" ObKeinKontakt="5" ObjArtID="1" Merkmal="0.9999999999999999" ObjInfo="8WE/1956/94/75/975"/>
  <Objekte ObjID="13172" ObjAufnahme="1998-06-05" ObjStrasseID="6987" ObjHausnummer="Im Lämpchen 6" ObjVorlage="2013-09-11 00:00:00.0" ObKeinKontakt="2" ObjArtID="177" Merkmal="0.0" ObjInfo="Gabriele Monden &#xD;&#xA;wollen weder verkaufen noch kaufen&#xD;&#xA;051307390"/>
  <Objekte ObjID="13173" ObjAufnahme="1998-06-05" ObjLetztKontakt="1998-08-07" ObjStrasseID="6987" ObjHausnummer="Im Lämpchen 7" ObjVorlage="2013-09-11 00:00:00.0" ObKeinKontakt="5" ObjArtID="1" Merkmal="0.9999999999999999" ObjInfo="12WE/1950/86/795"/>
  <Objekte ObjID="13174" ObjAufnahme="1998-06-05" ObjStrasseID="6987" ObjHausnummer="Im Lämpchen 7A" ObjVorlage="2013-09-11 00:00:00.0" ObKeinKontakt="1" ObjArtID="1" Merkmal="0.0"/>
  <Objekte ObjID="13175" ObjAufnahme="1998-06-05" ObjStrasseID="6987" ObjHausnummer="Im Lämpchen 8" ObjVorlage="2013-09-11 00:00:00.0" ObKeinKontakt="1" ObjArtID="1" Merkmal="0.0"/>
  <Objekte ObjID="13176" ObjAufnahme="1998-06-05" ObjStrasseID="6987" ObjHausnummer="Im Lämpchen 9" ObjVorlage="2013-09-11 00:00:00.0" ObKeinKontakt="1" ObjArtID="1" Merkmal="0.0"/>
  <Objekte ObjID="13177" ObjAufnahme="1998-06-05" ObjStrasseID="6987" ObjHausnummer="Im Lämpchen 10" ObjVorlage="2013-09-11 00:00:00.0" ObKeinKontakt="1" ObjArtID="1" Merkmal="0.0"/>
  <Objekte ObjID="13178" ObjAufnahme="1998-06-05" ObjStrasseID="6987" ObjHausnummer="Im Lämpchen 11" ObjVorlage="2013-09-11 00:00:00.0" ObKeinKontakt="1" ObjArtID="1" Merkmal="0.0"/>
  <Objekte ObjID="13179" ObjAufnahme="1998-06-05" ObjStrasseID="6987" ObjHausnummer="Im Lämpchen 12" ObjVorlage="2013-09-11 00:00:00.0" ObKeinKontakt="1" ObjArtID="1" Merkmal="0.0"/>
  <Objekte ObjID="13180" ObjAufnahme="1998-06-05" ObjStrasseID="6987" ObjHausnummer="Im Lämpchen 13" ObjVorlage="2013-09-11 00:00:00.0" ObKeinKontakt="5" ObjArtID="1" Merkmal="0.0" ObjInfo="7WE/1885/75/1,1"/>
  <Objekte ObjID="13181" ObjAufnahme="1998-06-05" ObjStrasseID="6987" ObjHausnummer="Im Lämpchen 14" ObjVorlage="2013-09-11 00:00:00.0" ObKeinKontakt="1" ObjArtID="1" Merkmal="0.0"/>
  <Objekte ObjID="13182" ObjAufnahme="1998-06-05" ObjStrasseID="6987" ObjHausnummer="Im Lämpchen 15" ObjVorlage="2013-09-11 00:00:00.0" ObKeinKontakt="1" ObjArtID="1" Merkmal="0.0"/>
  <Objekte ObjID="13183" ObjAufnahme="1998-06-05" ObjStrasseID="6987" ObjHausnummer="Im Lämpchen 16" ObjVorlage="2013-09-11 00:00:00.0" ObKeinKontakt="1" ObjArtID="1" Merkmal="0.0"/>
  <Objekte ObjID="13184" ObjAufnahme="1998-06-05" ObjStrasseID="6987" ObjHausnummer="Im Lämpchen 17" ObjVorlage="2013-09-11 00:00:00.0" ObKeinKontakt="1" ObjArtID="1" Merkmal="0.0"/>
  <Objekte ObjID="13185" ObjAufnahme="1998-06-05" ObjStrasseID="6987" ObjHausnummer="Im Lämpchen 17B" ObjVorlage="2013-09-11 00:00:00.0" ObKeinKontakt="1" ObjArtID="1" Merkmal="0.0"/>
  <Objekte ObjID="13186" ObjAufnahme="1998-06-05" ObjStrasseID="6987" ObjHausnummer="Im Lämpchen 19" ObjVorlage="2013-09-11 00:00:00.0" ObKeinKontakt="1" ObjArtID="1" Merkmal="0.0"/>
  <Objekte ObjID="13187" ObjAufnahme="1998-06-05" ObjStrasseID="6987" ObjHausnummer="Im Lämpchen 9A" ObjVorlage="2013-09-11 00:00:00.0" ObKeinKontakt="1" ObjArtID="1" Merkmal="0.0"/>
  <Objekte ObjID="13188" ObjAufnahme="1998-06-05" ObjStrasseID="8165" ObjHausnummer="Selmastraße 9" ObjVorlage="2013-09-11 00:00:00.0" ObKeinKontakt="1" ObjArtID="1" Merkmal="0.0"/>
  <Objekte ObjID="13189" ObjAufnahme="1998-06-05" ObjStrasseID="8165" ObjHausnummer="Selmastraße 5" ObjVorlage="2013-09-11 00:00:00.0" ObKeinKontakt="1" ObjArtID="1" Merkmal="0.0"/>
  <Objekte ObjID="13190" ObjAufnahme="1998-06-05" ObjStrasseID="8165" ObjHausnummer="Selmastraße 3" ObjVorlage="2013-09-11 00:00:00.0" ObKeinKontakt="1" ObjArtID="1" Merkmal="0.0"/>
  <Objekte ObjID="13191" ObjAufnahme="1998-06-05" ObjStrasseID="8165" ObjHausnummer="Selmastraße 1" ObjVorlage="2013-09-11 00:00:00.0" ObKeinKontakt="1" ObjArtID="1" Merkmal="0.0"/>
  <Objekte ObjID="13192" ObjAufnahme="1998-06-07" ObjStrasseID="3045" ObjHausnummer="Auf der Papenburg 21" ObjVorlage="2013-09-11 00:00:00.0" ObKeinKontakt="1" ObjArtID="1" Merkmal="0.0"/>
  <Objekte ObjID="13193" ObjAufnahme="1998-06-07" ObjStrasseID="3045" ObjHausnummer="Auf der Papenburg 19" ObjVorlage="2013-09-11 00:00:00.0" ObKeinKontakt="1" ObjArtID="1" Merkmal="0.0"/>
  <Objekte ObjID="13194" ObjAufnahme="1998-06-07" ObjStrasseID="3045" ObjHausnummer="Auf der Papenburg 17" ObjVorlage="2013-09-11 00:00:00.0" ObKeinKontakt="1" ObjArtID="1" Merkmal="0.0"/>
  <Objekte ObjID="13195" ObjAufnahme="1998-06-07" ObjStrasseID="3045" ObjHausnummer="Auf der Papenburg 15" ObjVorlage="2013-09-11 00:00:00.0" ObKeinKontakt="1" ObjArtID="1" Merkmal="0.0"/>
  <Objekte ObjID="13196" ObjAufnahme="1998-06-07" ObjLetztKontakt="1998-08-07" ObjStrasseID="3045" ObjHausnummer="Auf der Papenburg 13" ObjVorlage="2013-09-11 00:00:00.0" ObKeinKontakt="5" ObjArtID="1" Merkmal="0.0" ObjInfo="11WE/1939/81/1,050"/>
  <Objekte ObjID="13197" ObjAufnahme="1998-06-07" ObjStrasseID="3045" ObjHausnummer="Auf der Papenburg 11" ObjVorlage="2013-09-11 00:00:00.0" ObKeinKontakt="1" ObjArtID="1" Merkmal="0.0"/>
  <Objekte ObjID="13198" ObjAufnahme="1998-06-07" ObjStrasseID="3045" ObjHausnummer="Auf der Papenburg 9" ObjVorlage="2013-09-11 00:00:00.0" ObKeinKontakt="1" ObjArtID="1" Merkmal="0.0"/>
  <Objekte ObjID="13199" ObjAufnahme="1998-06-07" ObjStrasseID="3045" ObjHausnummer="Auf der Papenburg 7" ObjVorlage="2013-09-11 00:00:00.0" ObKeinKontakt="1" ObjArtID="1" Merkmal="0.0"/>
  <Objekte ObjID="13200" ObjAufnahme="1998-06-08" ObjLetztKontakt="1998-06-08" ObjStrasseID="7242" ObjHausnummer="Kötnerholzweg 36" ObjVorlage="2013-09-11 00:00:00.0" ObKeinKontakt="5" ObjArtID="118" Merkmal="0.0"/>
  <Objekte ObjID="13201" ObjAufnahme="1998-06-08" ObjLetztKontakt="1998-06-08" ObjStrasseID="8995" ObjHausnummer="Finkenweg 3" ObjVorlage="2013-09-11 00:00:00.0" ObKeinKontakt="5" ObjArtID="18" Merkmal="0.0" ObjInfo="500qm/1100qm/1981-82/2Garagen/1.500.000DM"/>
  <Objekte ObjID="13202" ObjAufnahme="1998-06-08" ObjStrasseID="7495" ObjHausnummer="Mathildenstraße 16" ObjVorlage="2013-09-11 00:00:00.0" ObKeinKontakt="1" ObjArtID="1" Merkmal="0.0"/>
  <Objekte ObjID="13203" ObjAufnahme="1998-06-08" ObjStrasseID="7495" ObjHausnummer="Mathildenstraße 7C" ObjVorlage="2013-09-11 00:00:00.0" ObKeinKontakt="1" ObjArtID="1" Merkmal="0.0"/>
  <Objekte ObjID="13204" ObjAufnahme="1998-06-08" ObjStrasseID="7495" ObjHausnummer="Mathildenstraße 15" ObjVorlage="2013-09-11 00:00:00.0" ObKeinKontakt="1" ObjArtID="1" Merkmal="0.0"/>
  <Objekte ObjID="13205" ObjAufnahme="1998-06-08" ObjLetztKontakt="2003-06-17" ObjStrasseID="7495" ObjHausnummer="Mathildenstraße 6" ObjVorlage="2013-09-11 00:00:00.0" ObKeinKontakt="5" ObjArtID="47" Merkmal="0.0"/>
  <Objekte ObjID="13206" ObjAufnahme="1998-06-08" ObjStrasseID="7495" ObjHausnummer="Mathildenstraße 14" ObjVorlage="2013-09-11 00:00:00.0" ObKeinKontakt="1" ObjArtID="1" Merkmal="0.0"/>
  <Objekte ObjID="13207" ObjAufnahme="1998-06-08" ObjStrasseID="7495" ObjHausnummer="Mathildenstraße 13" ObjVorlage="2013-09-11 00:00:00.0" ObKeinKontakt="1" ObjArtID="104" Merkmal="0.0"/>
  <Objekte ObjID="13208" ObjAufnahme="1998-06-08" ObjStrasseID="7750" ObjHausnummer="Pavillonstraße 12" ObjVorlage="2013-09-11 00:00:00.0" ObKeinKontakt="1" ObjArtID="1" Merkmal="0.0"/>
  <Objekte ObjID="13209" ObjAufnahme="1998-06-08" ObjStrasseID="7495" ObjHausnummer="Mathildenstraße 12" ObjVorlage="2013-09-11 00:00:00.0" ObKeinKontakt="1" ObjArtID="1" Merkmal="0.0"/>
  <Objekte ObjID="13210" ObjAufnahme="1998-06-08" ObjStrasseID="7495" ObjHausnummer="Mathildenstraße 7A" ObjVorlage="2013-09-11 00:00:00.0" ObKeinKontakt="1" ObjArtID="1" Merkmal="0.0"/>
  <Objekte ObjID="13211" ObjAufnahme="1998-06-08" ObjStrasseID="7495" ObjHausnummer="Mathildenstraße 7D" ObjVorlage="2013-09-11 00:00:00.0" ObKeinKontakt="1" ObjArtID="1" Merkmal="0.0"/>
  <Objekte ObjID="13212" ObjAufnahme="1998-06-08" ObjStrasseID="7495" ObjHausnummer="Mathildenstraße 7B" ObjVorlage="2013-09-11 00:00:00.0" ObKeinKontakt="1" ObjArtID="1" Merkmal="0.0"/>
  <Objekte ObjID="13213" ObjAufnahme="1998-06-13" ObjStrasseID="6441" ObjHausnummer="Fortunastraße 7" ObjVorlage="2013-09-11 00:00:00.0" ObKeinKontakt="1" ObjArtID="1" Merkmal="0.0"/>
  <Objekte ObjID="13214" ObjAufnahme="1998-06-13" ObjStrasseID="6441" ObjHausnummer="Fortunastraße 6" ObjVorlage="2013-09-11 00:00:00.0" ObKeinKontakt="1" ObjArtID="1" Merkmal="0.0"/>
  <Objekte ObjID="13215" ObjAufnahme="1998-06-13" ObjStrasseID="6441" ObjHausnummer="Fortunastraße 1" ObjVorlage="2013-09-11 00:00:00.0" ObKeinKontakt="1" ObjArtID="1" Merkmal="0.0"/>
  <Objekte ObjID="13216" ObjAufnahme="1998-06-15" ObjLetztKontakt="1998-06-15" ObjStrasseID="6712" ObjHausnummer="Haltenhoffstraße 9" ObjVorlage="2013-09-11 00:00:00.0" ObKeinKontakt="2" ObjArtID="1" Merkmal="0.0"/>
  <Objekte ObjID="13218" ObjAufnahme="1998-06-16" ObjLetztKontakt="1998-06-16" ObjStrasseID="7002" ObjHausnummer="Im Töpferort 4" ObjVorlage="2013-09-11 00:00:00.0" ObKeinKontakt="5" ObjArtID="8" Merkmal="0.0"/>
  <Objekte ObjID="13219" ObjAufnahme="1998-06-16" ObjStrasseID="6204" ObjHausnummer="Deisterstraße 16" ObjVorlage="2013-09-11 00:00:00.0" ObKeinKontakt="5" ObjArtID="5" Merkmal="0.0"/>
  <Objekte ObjID="13220" ObjAufnahme="1998-06-16" ObjStrasseID="6204" ObjHausnummer="Deisterstraße 20" ObjVorlage="2013-09-11 00:00:00.0" ObKeinKontakt="1" ObjArtID="1" Merkmal="0.0"/>
  <Objekte ObjID="13221" ObjAufnahme="1998-06-16" ObjStrasseID="6204" ObjHausnummer="Deisterstraße 22" ObjVorlage="2013-09-11 00:00:00.0" ObKeinKontakt="1" ObjArtID="1" Merkmal="0.0"/>
  <Objekte ObjID="13222" ObjAufnahme="1998-06-16" ObjStrasseID="6204" ObjHausnummer="Deisterstraße 24" ObjVorlage="2013-09-11 00:00:00.0" ObKeinKontakt="1" ObjArtID="1" Merkmal="0.0"/>
  <Objekte ObjID="13223" ObjAufnahme="1998-06-16" ObjStrasseID="6204" ObjHausnummer="Deisterstraße 26" ObjVorlage="2013-09-11 00:00:00.0" ObKeinKontakt="1" ObjArtID="1" Merkmal="0.0"/>
  <Objekte ObjID="13224" ObjAufnahme="1998-06-16" ObjStrasseID="6204" ObjHausnummer="Deisterstraße 28" ObjVorlage="2013-09-11 00:00:00.0" ObKeinKontakt="1" ObjArtID="1" Merkmal="0.0"/>
  <Objekte ObjID="13225" ObjAufnahme="1998-06-16" ObjStrasseID="6204" ObjHausnummer="Deisterstraße 30" ObjVorlage="2013-09-11 00:00:00.0" ObKeinKontakt="1" ObjArtID="1" Merkmal="0.0"/>
  <Objekte ObjID="13226" ObjAufnahme="1998-06-16" ObjStrasseID="6204" ObjHausnummer="Deisterstraße 32" ObjVorlage="2013-09-11 00:00:00.0" ObKeinKontakt="1" ObjArtID="1" Merkmal="0.0"/>
  <Objekte ObjID="13227" ObjAufnahme="1998-06-16" ObjStrasseID="6204" ObjHausnummer="Deisterstraße 34" ObjVorlage="2013-09-11 00:00:00.0" ObKeinKontakt="1" ObjArtID="1" Merkmal="0.0"/>
  <Objekte ObjID="13228" ObjAufnahme="1998-06-16" ObjStrasseID="6204" ObjHausnummer="Deisterstraße 36" ObjVorlage="2013-09-11 00:00:00.0" ObKeinKontakt="1" ObjArtID="1" Merkmal="0.0"/>
  <Objekte ObjID="13229" ObjAufnahme="1998-06-16" ObjStrasseID="6204" ObjHausnummer="Deisterstraße 38" ObjVorlage="2013-09-11 00:00:00.0" ObKeinKontakt="1" ObjArtID="1" Merkmal="0.0"/>
  <Objekte ObjID="13230" ObjAufnahme="1998-06-16" ObjStrasseID="6204" ObjHausnummer="Deisterstraße 40" ObjVorlage="2013-09-11 00:00:00.0" ObKeinKontakt="1" ObjArtID="1" Merkmal="0.0"/>
  <Objekte ObjID="13231" ObjAufnahme="1998-06-16" ObjStrasseID="6204" ObjHausnummer="Deisterstraße 42" ObjVorlage="2013-09-11 00:00:00.0" ObKeinKontakt="1" ObjArtID="5" Merkmal="0.0"/>
  <Objekte ObjID="13232" ObjAufnahme="1998-06-16" ObjStrasseID="6204" ObjHausnummer="Deisterstraße 46" ObjVorlage="2013-09-11 00:00:00.0" ObKeinKontakt="1" ObjArtID="159" Merkmal="0.0"/>
  <Objekte ObjID="13233" ObjAufnahme="1998-06-17" ObjStrasseID="6204" ObjHausnummer="Deisterstraße 52" ObjVorlage="2013-09-11 00:00:00.0" ObKeinKontakt="1" ObjArtID="1" Merkmal="0.0"/>
  <Objekte ObjID="13234" ObjAufnahme="1998-06-17" ObjLetztKontakt="1998-06-17" ObjStrasseID="4018" ObjHausnummer="Kleines Feld 64" ObjVorlage="2013-09-11 00:00:00.0" ObKeinKontakt="5" ObjArtID="8" Merkmal="0.0" ObjInfo="1,5/300/-/700/Grg./-/95"/>
  <Objekte ObjID="13235" ObjAufnahme="1998-06-17" ObjStrasseID="6204" ObjHausnummer="Deisterstraße 54" ObjVorlage="2013-09-11 00:00:00.0" ObKeinKontakt="1" ObjArtID="1" Merkmal="0.0"/>
  <Objekte ObjID="13236" ObjAufnahme="1998-06-17" ObjStrasseID="6204" ObjHausnummer="Deisterstraße 56" ObjVorlage="2013-09-11 00:00:00.0" ObKeinKontakt="1" ObjArtID="1" Merkmal="0.0"/>
  <Objekte ObjID="13237" ObjAufnahme="1998-06-17" ObjStrasseID="6204" ObjHausnummer="Deisterstraße 58" ObjVorlage="2013-09-11 00:00:00.0" ObKeinKontakt="1" ObjArtID="1" Merkmal="0.0"/>
  <Objekte ObjID="13238" ObjAufnahme="1998-06-17" ObjStrasseID="6204" ObjHausnummer="Deisterstraße 60" ObjVorlage="2013-09-11 00:00:00.0" ObKeinKontakt="1" ObjArtID="1" Merkmal="0.0"/>
  <Objekte ObjID="13239" ObjAufnahme="1998-06-17" ObjStrasseID="6204" ObjHausnummer="Deisterstraße 62" ObjVorlage="2013-09-11 00:00:00.0" ObKeinKontakt="1" ObjArtID="1" Merkmal="0.0"/>
  <Objekte ObjID="13240" ObjAufnahme="1998-06-17" ObjStrasseID="6204" ObjHausnummer="Deisterstraße 64" ObjVorlage="2013-09-11 00:00:00.0" ObKeinKontakt="1" ObjArtID="1" Merkmal="0.0"/>
  <Objekte ObjID="13241" ObjAufnahme="1998-06-17" ObjStrasseID="6204" ObjHausnummer="Deisterstraße 66" ObjVorlage="2013-09-11 00:00:00.0" ObKeinKontakt="1" ObjArtID="1" Merkmal="0.0"/>
  <Objekte ObjID="13242" ObjAufnahme="1998-06-17" ObjStrasseID="6204" ObjHausnummer="Deisterstraße 68" ObjVorlage="2013-09-11 00:00:00.0" ObKeinKontakt="1" ObjArtID="1" Merkmal="0.0"/>
  <Objekte ObjID="13243" ObjAufnahme="1998-06-17" ObjStrasseID="6204" ObjHausnummer="Deisterstraße 70" ObjVorlage="2013-09-11 00:00:00.0" ObKeinKontakt="1" ObjArtID="1" Merkmal="0.0"/>
  <Objekte ObjID="13244" ObjAufnahme="1998-06-17" ObjStrasseID="6204" ObjHausnummer="Deisterstraße 72" ObjVorlage="2013-09-11 00:00:00.0" ObKeinKontakt="1" ObjArtID="1" Merkmal="0.0"/>
  <Objekte ObjID="13245" ObjAufnahme="1998-06-17" ObjLetztKontakt="2003-04-10" ObjStrasseID="6204" ObjHausnummer="Deisterstraße 74" ObjVorlage="2013-09-11 00:00:00.0" ObKeinKontakt="1" ObjArtID="5" Merkmal="0.0"/>
  <Objekte ObjID="13246" ObjAufnahme="1998-06-17" ObjStrasseID="6204" ObjHausnummer="Deisterstraße 78" ObjVorlage="2013-09-11 00:00:00.0" ObKeinKontakt="1" ObjArtID="1" Merkmal="0.0"/>
  <Objekte ObjID="13247" ObjAufnahme="1998-06-17" ObjStrasseID="6204" ObjHausnummer="Deisterstraße 79A" ObjVorlage="2013-09-11 00:00:00.0" ObKeinKontakt="1" ObjArtID="1" Merkmal="0.0"/>
  <Objekte ObjID="13248" ObjAufnahme="1998-06-17" ObjStrasseID="6204" ObjHausnummer="Deisterstraße 77" ObjVorlage="2013-09-11 00:00:00.0" ObKeinKontakt="1" ObjArtID="1" Merkmal="0.0"/>
  <Objekte ObjID="13249" ObjAufnahme="1998-06-17" ObjLetztKontakt="1998-06-17" ObjStrasseID="6349" ObjHausnummer="Enckestraße 15" ObjVorlage="2013-09-11 00:00:00.0" ObKeinKontakt="5" ObjArtID="24" Merkmal="0.0"/>
  <Objekte ObjID="13250" ObjAufnahme="1998-06-17" ObjStrasseID="6349" ObjHausnummer="Enckestraße 15" ObjVorlage="2013-09-11 00:00:00.0" ObKeinKontakt="1" ObjArtID="24" Merkmal="0.0"/>
  <Objekte ObjID="13251" ObjAufnahme="1998-06-17" ObjStrasseID="6349" ObjHausnummer="Enckestraße 15" ObjVorlage="2013-09-11 00:00:00.0" ObKeinKontakt="1" ObjArtID="24" Merkmal="0.0"/>
  <Objekte ObjID="13252" ObjAufnahme="1998-06-17" ObjLetztKontakt="1998-06-17" ObjStrasseID="9011" ObjHausnummer="Brennereiweg 13" ObjVorlage="2013-09-11 00:00:00.0" ObKeinKontakt="5" ObjArtID="24" Merkmal="0.0" ObjInfo="104qm/240qm/1999/........../299.000+4500DM"/>
  <Objekte ObjID="13253" ObjAufnahme="1998-06-17" ObjLetztKontakt="1998-06-17" ObjStrasseID="5720" ObjHausnummer="Am Taubenfelde 30" ObjVorlage="2013-09-11 00:00:00.0" ObKeinKontakt="1" ObjArtID="1" Merkmal="0.9999999999999999"/>
  <Objekte ObjID="13254" ObjAufnahme="1998-06-18" ObjLetztKontakt="1998-06-18" ObjStrasseID="8702" ObjHausnummer="Zeisigweg 8A" ObjVorlage="2013-09-11 00:00:00.0" ObKeinKontakt="5" ObjArtID="8" Merkmal="0.9999999999999999" ObjInfo="570/150/100/1000/Grg./Ke./81"/>
  <Objekte ObjID="13255" ObjAufnahme="1998-06-22" ObjLetztKontakt="1998-06-22" ObjStrasseID="9012" ObjHausnummer="Eichenweg 32" ObjVorlage="2013-09-11 00:00:00.0" ObKeinKontakt="5" ObjArtID="8" Merkmal="0.0"/>
  <Objekte ObjID="13256" ObjAufnahme="1998-06-25" ObjLetztKontakt="1998-06-25" ObjStrasseID="5562" ObjHausnummer="Alexanderstraße 7" ObjVorlage="2013-09-11 00:00:00.0" ObKeinKontakt="5" ObjArtID="38" Merkmal="0.9999999999999999" ObjInfo="4WE/3Bü/1Gast/1982/165/2,45/verkauft/1,9"/>
  <Objekte ObjID="13257" ObjAufnahme="1998-06-25" ObjLetztKontakt="1998-06-25" ObjStrasseID="7737" ObjHausnummer="Pasemannweg 22" ObjVorlage="2013-09-11 00:00:00.0" ObKeinKontakt="1" ObjArtID="1" Merkmal="0.0"/>
  <Objekte ObjID="13258" ObjAufnahme="1998-06-25" ObjLetztKontakt="1998-06-25" ObjStrasseID="7737" ObjHausnummer="Pasemannweg 24" ObjVorlage="2013-09-11 00:00:00.0" ObKeinKontakt="1" ObjArtID="1" Merkmal="0.0"/>
  <Objekte ObjID="13259" ObjAufnahme="1998-06-25" ObjLetztKontakt="1998-06-25" ObjStrasseID="7230" ObjHausnummer="Korallenweg 49" ObjVorlage="2013-09-11 00:00:00.0" ObKeinKontakt="1" ObjArtID="1" Merkmal="0.0"/>
  <Objekte ObjID="13260" ObjAufnahme="1998-06-29" ObjStrasseID="6774" ObjHausnummer="Hedwigsweg 17" ObjVorlage="2013-09-11 00:00:00.0" ObKeinKontakt="1" ObjArtID="8" Merkmal="0.0"/>
  <Objekte ObjID="13261" ObjAufnahme="1998-06-30" ObjStrasseID="6510" ObjHausnummer="Gabelsbergerstraße 18" ObjVorlage="2013-09-11 00:00:00.0" ObKeinKontakt="1" ObjArtID="1" Merkmal="0.0" ObjInfo="Haus ist bereits aufgeteilt und 2 Wohnungen sind verkauft, Stand: 03.11.00"/>
  <Objekte ObjID="13262" ObjAufnahme="1998-07-01" ObjStrasseID="6510" ObjHausnummer="Gabelsbergerstraße 18" ObjVorlage="2013-09-11 00:00:00.0" ObKeinKontakt="1" ObjArtID="168" Merkmal="0.0"/>
  <Objekte ObjID="13263" ObjAufnahme="1998-07-01" ObjStrasseID="7911" ObjHausnummer="Robertstraße 12" ObjVorlage="2013-09-11 00:00:00.0" ObKeinKontakt="1" ObjArtID="75" Merkmal="0.0"/>
  <Objekte ObjID="13264" ObjAufnahme="1998-07-01" ObjStrasseID="7911" ObjHausnummer="Robertstraße 12" ObjVorlage="2013-09-11 00:00:00.0" ObKeinKontakt="1" ObjArtID="75" Merkmal="0.9999999999999999"/>
  <Objekte ObjID="13265" ObjAufnahme="1998-07-01" ObjLetztKontakt="1999-07-08" ObjStrasseID="6141" ObjHausnummer="Celler Straße 40" ObjVorlage="2013-09-11 00:00:00.0" ObKeinKontakt="1" ObjArtID="75" Merkmal="0.0"/>
  <Objekte ObjID="13266" ObjAufnahme="1998-07-01" ObjStrasseID="6141" ObjHausnummer="Celler Straße 40" ObjVorlage="2013-09-11 00:00:00.0" ObKeinKontakt="1" ObjArtID="75" Merkmal="0.0"/>
  <Objekte ObjID="13272" ObjAufnahme="1998-07-01" ObjStrasseID="6764" ObjHausnummer="Hauffstraße 17" ObjVorlage="2013-09-11 00:00:00.0" ObKeinKontakt="1" ObjArtID="96" Merkmal="0.0" ObjInfo="13355\ Blk."/>
  <Objekte ObjID="13273" ObjAufnahme="1998-07-02" ObjStrasseID="8132" ObjHausnummer="Schwarmstedter Straße 29" ObjVorlage="2013-09-11 00:00:00.0" ObKeinKontakt="1" ObjArtID="22" Merkmal="0.0"/>
  <Objekte ObjID="13274" ObjAufnahme="1998-07-02" ObjStrasseID="8132" ObjHausnummer="Schwarmstedter Straße 29" ObjVorlage="2013-09-11 00:00:00.0" ObKeinKontakt="1" ObjArtID="22" Merkmal="0.0"/>
  <Objekte ObjID="13275" ObjAufnahme="1998-07-02" ObjLetztKontakt="1998-07-02" ObjStrasseID="6356" ObjHausnummer="Eppersstraße 6" ObjVorlage="2013-09-11 00:00:00.0" ObKeinKontakt="5" ObjArtID="111" Merkmal="0.0"/>
  <Objekte ObjID="13276" ObjAufnahme="1998-07-07" ObjLetztKontakt="1998-07-07" ObjStrasseID="5100" ObjHausnummer="Zum Oberntor 30" ObjVorlage="2013-09-11 00:00:00.0" ObKeinKontakt="5" ObjArtID="20" Merkmal="0.0"/>
  <Objekte ObjID="13277" ObjAufnahme="1998-07-07" ObjStrasseID="2861" ObjHausnummer="Altenbekener Damm 57" ObjVorlage="2013-09-11 00:00:00.0" ObKeinKontakt="1" ObjArtID="1" Merkmal="0.0"/>
  <Objekte ObjID="13279" ObjAufnahme="1998-07-08" ObjLetztKontakt="1998-07-08" ObjStrasseID="9020" ObjHausnummer="Rehbocksweg 11A" ObjVorlage="2013-09-11 00:00:00.0" ObKeinKontakt="5" ObjArtID="176" Merkmal="0.0" ObjInfo="125 o. 118qm/135 o. 139 o. 276qm/1999/........../369.000 o. 469.000DM"/>
  <Objekte ObjID="13280" ObjAufnahme="1998-07-09" ObjLetztKontakt="1998-07-09" ObjStrasseID="9020" ObjHausnummer="Rehbocksweg 2" ObjVorlage="2013-09-11 00:00:00.0" ObKeinKontakt="5" ObjArtID="38" Merkmal="0.0" ObjInfo="2WE/3Bü/4La/1998/185/4,2"/>
  <Objekte ObjID="13281" ObjAufnahme="1998-07-10" ObjStrasseID="9024" ObjHausnummer="Aschenkrug 4" ObjVorlage="2013-09-11 00:00:00.0" ObKeinKontakt="1" ObjArtID="1" Merkmal="0.0" ObjInfo="5WE/1La/1963/64/850"/>
  <Objekte ObjID="13282" ObjAufnahme="1998-07-10" ObjLetztKontakt="1999-12-02" ObjStrasseID="8456" ObjHausnummer="Varrelmannstraße 15" ObjVorlage="2013-09-11 00:00:00.0" ObKeinKontakt="1" ObjArtID="1" Merkmal="0.0"/>
  <Objekte ObjID="13283" ObjAufnahme="1998-07-10" ObjLetztKontakt="1998-07-10" ObjStrasseID="8349" ObjHausnummer="Teichstraße 15" ObjVorlage="2013-09-11 00:00:00.0" ObKeinKontakt="1" ObjArtID="1" Merkmal="0.0"/>
  <Objekte ObjID="13284" ObjAufnahme="1998-07-10" ObjLetztKontakt="1998-07-10" ObjStrasseID="7197" ObjHausnummer="Koblenzer Straße 15" ObjVorlage="2013-09-11 00:00:00.0" ObKeinKontakt="1" ObjArtID="1" Merkmal="0.0"/>
  <Objekte ObjID="13285" ObjAufnahme="1998-07-10" ObjLetztKontakt="2004-04-23" ObjStrasseID="5983" ObjHausnummer="Bischofsholer Damm 100" ObjVorlage="2013-09-11 00:00:00.0" ObKeinKontakt="1" ObjArtID="18" Merkmal="0.0" ObjInfo="280 m²300 m²Grg.19301.100.000,-- DM"/>
  <Objekte ObjID="13287" ObjAufnahme="1998-07-10" ObjStrasseID="4438" ObjHausnummer="Pestalozzistraße 1" ObjVorlage="2013-09-11 00:00:00.0" ObKeinKontakt="1" ObjArtID="1" Merkmal="0.0"/>
  <Objekte ObjID="13288" ObjAufnahme="1998-07-10" ObjStrasseID="4438" ObjHausnummer="Pestalozzistraße 2" ObjVorlage="2013-09-11 00:00:00.0" ObKeinKontakt="1" ObjArtID="1" Merkmal="0.0"/>
  <Objekte ObjID="13289" ObjAufnahme="1998-07-10" ObjStrasseID="4438" ObjHausnummer="Pestalozzistraße 3" ObjVorlage="2013-09-11 00:00:00.0" ObKeinKontakt="1" ObjArtID="1" Merkmal="0.0"/>
  <Objekte ObjID="13290" ObjAufnahme="1998-07-10" ObjStrasseID="4438" ObjHausnummer="Pestalozzistraße 4" ObjVorlage="2013-09-11 00:00:00.0" ObKeinKontakt="1" ObjArtID="1" Merkmal="0.0"/>
  <Objekte ObjID="13291" ObjAufnahme="1998-07-10" ObjStrasseID="4438" ObjHausnummer="Pestalozzistraße 5" ObjVorlage="2013-09-11 00:00:00.0" ObKeinKontakt="1" ObjArtID="1" Merkmal="0.0"/>
  <Objekte ObjID="13292" ObjAufnahme="1998-07-10" ObjStrasseID="4438" ObjHausnummer="Pestalozzistraße 6" ObjVorlage="2013-09-11 00:00:00.0" ObKeinKontakt="1" ObjArtID="1" Merkmal="0.0"/>
  <Objekte ObjID="13293" ObjAufnahme="1998-07-10" ObjStrasseID="4438" ObjHausnummer="Pestalozzistraße 7" ObjVorlage="2013-09-11 00:00:00.0" ObKeinKontakt="1" ObjArtID="1" Merkmal="0.0"/>
  <Objekte ObjID="13294" ObjAufnahme="1998-07-10" ObjStrasseID="4438" ObjHausnummer="Pestalozzistraße 8" ObjVorlage="2013-09-11 00:00:00.0" ObKeinKontakt="1" ObjArtID="1" Merkmal="0.0"/>
  <Objekte ObjID="13295" ObjAufnahme="1998-07-10" ObjStrasseID="4438" ObjHausnummer="Pestalozzistraße 9" ObjVorlage="2013-09-11 00:00:00.0" ObKeinKontakt="1" ObjArtID="1" Merkmal="0.0"/>
  <Objekte ObjID="13296" ObjAufnahme="1998-07-10" ObjStrasseID="4438" ObjHausnummer="Pestalozzistraße 10" ObjVorlage="2013-09-11 00:00:00.0" ObKeinKontakt="1" ObjArtID="1" Merkmal="0.0"/>
  <Objekte ObjID="13297" ObjAufnahme="1998-07-10" ObjStrasseID="4438" ObjHausnummer="Pestalozzistraße 11" ObjVorlage="2013-09-11 00:00:00.0" ObKeinKontakt="1" ObjArtID="1" Merkmal="0.0"/>
  <Objekte ObjID="13298" ObjAufnahme="1998-07-10" ObjStrasseID="4438" ObjHausnummer="Pestalozzistraße 12" ObjVorlage="2013-09-11 00:00:00.0" ObKeinKontakt="2" ObjArtID="1" Merkmal="0.0"/>
  <Objekte ObjID="13299" ObjAufnahme="1998-07-10" ObjStrasseID="4438" ObjHausnummer="Pestalozzistraße 13" ObjVorlage="2013-09-11 00:00:00.0" ObKeinKontakt="1" ObjArtID="1" Merkmal="0.0"/>
  <Objekte ObjID="13300" ObjAufnahme="1998-07-10" ObjStrasseID="4438" ObjHausnummer="Pestalozzistraße 14" ObjVorlage="2013-09-11 00:00:00.0" ObKeinKontakt="1" ObjArtID="1" Merkmal="0.0"/>
  <Objekte ObjID="13301" ObjAufnahme="1998-07-10" ObjStrasseID="4438" ObjHausnummer="Pestalozzistraße 15" ObjVorlage="2013-09-11 00:00:00.0" ObKeinKontakt="1" ObjArtID="1" Merkmal="0.0"/>
  <Objekte ObjID="13302" ObjAufnahme="1998-07-10" ObjStrasseID="4438" ObjHausnummer="Pestalozzistraße 16" ObjVorlage="2013-09-11 00:00:00.0" ObKeinKontakt="1" ObjArtID="1" Merkmal="0.0" ObjInfo="Eigentümer : Karl Goslar  Tel 0511 653470, Fax 0511 9055324"/>
  <Objekte ObjID="13303" ObjAufnahme="1998-07-10" ObjStrasseID="4438" ObjHausnummer="Pestalozzistraße 18" ObjVorlage="2013-09-11 00:00:00.0" ObKeinKontakt="1" ObjArtID="1" Merkmal="0.0"/>
  <Objekte ObjID="13304" ObjAufnahme="1998-07-10" ObjStrasseID="4438" ObjHausnummer="Pestalozzistraße 20" ObjVorlage="2013-09-11 00:00:00.0" ObKeinKontakt="1" ObjArtID="1" Merkmal="0.0"/>
  <Objekte ObjID="13305" ObjAufnahme="1998-07-10" ObjLetztKontakt="1998-10-23" ObjStrasseID="5944" ObjHausnummer="Bethlehemstraße 1" ObjVorlage="2013-09-11 00:00:00.0" ObKeinKontakt="1" ObjArtID="1" Merkmal="0.0"/>
  <Objekte ObjID="13306" ObjAufnahme="1998-07-10" ObjStrasseID="5944" ObjHausnummer="Bethlehemstraße 2" ObjVorlage="2013-09-11 00:00:00.0" ObKeinKontakt="1" ObjArtID="1" Merkmal="0.0"/>
  <Objekte ObjID="13307" ObjAufnahme="1998-07-10" ObjStrasseID="5944" ObjHausnummer="Bethlehemstraße 3" ObjVorlage="2013-09-11 00:00:00.0" ObKeinKontakt="1" ObjArtID="1" Merkmal="0.0"/>
  <Objekte ObjID="13308" ObjAufnahme="1998-07-10" ObjStrasseID="5944" ObjHausnummer="Bethlehemstraße 4" ObjVorlage="2013-09-11 00:00:00.0" ObKeinKontakt="1" ObjArtID="1" Merkmal="0.0"/>
  <Objekte ObjID="13309" ObjAufnahme="1998-07-10" ObjStrasseID="5944" ObjHausnummer="Bethlehemstraße 5" ObjVorlage="2013-09-11 00:00:00.0" ObKeinKontakt="1" ObjArtID="239" Merkmal="0.9999999999999999" ObjInfo="17057,5\Blk."/>
  <Objekte ObjID="13310" ObjAufnahme="1998-07-10" ObjStrasseID="5944" ObjHausnummer="Bethlehemstraße 6" ObjVorlage="2013-09-11 00:00:00.0" ObKeinKontakt="5" ObjArtID="1" Merkmal="0.0"/>
  <Objekte ObjID="13311" ObjAufnahme="1998-07-10" ObjStrasseID="5944" ObjHausnummer="Bethlehemstraße 7" ObjVorlage="2013-09-11 00:00:00.0" ObKeinKontakt="1" ObjArtID="1" Merkmal="0.0"/>
  <Objekte ObjID="13312" ObjAufnahme="1998-07-10" ObjStrasseID="5944" ObjHausnummer="Bethlehemstraße 8" ObjVorlage="2013-09-11 00:00:00.0" ObKeinKontakt="1" ObjArtID="1" Merkmal="0.0"/>
  <Objekte ObjID="13313" ObjAufnahme="1998-07-10" ObjStrasseID="5944" ObjHausnummer="Bethlehemstraße 9" ObjVorlage="2013-09-11 00:00:00.0" ObKeinKontakt="1" ObjArtID="1" Merkmal="0.0"/>
  <Objekte ObjID="13314" ObjAufnahme="1998-07-10" ObjStrasseID="5944" ObjHausnummer="Bethlehemstraße 10" ObjVorlage="2013-09-11 00:00:00.0" ObKeinKontakt="1" ObjArtID="1" Merkmal="0.0"/>
  <Objekte ObjID="13315" ObjAufnahme="1998-07-10" ObjStrasseID="5944" ObjHausnummer="Bethlehemstraße 11" ObjVorlage="2013-09-11 00:00:00.0" ObKeinKontakt="1" ObjArtID="1" Merkmal="0.0"/>
  <Objekte ObjID="13316" ObjAufnahme="1998-07-10" ObjStrasseID="5944" ObjHausnummer="Bethlehemstraße 12" ObjVorlage="2013-09-11 00:00:00.0" ObKeinKontakt="1" ObjArtID="1" Merkmal="0.0"/>
  <Objekte ObjID="13317" ObjAufnahme="1998-07-10" ObjStrasseID="5944" ObjHausnummer="Bethlehemstraße 13" ObjVorlage="2013-09-11 00:00:00.0" ObKeinKontakt="1" ObjArtID="1" Merkmal="0.0"/>
  <Objekte ObjID="13318" ObjAufnahme="1998-07-10" ObjStrasseID="5944" ObjHausnummer="Bethlehemstraße 14" ObjVorlage="2013-09-11 00:00:00.0" ObKeinKontakt="1" ObjArtID="1" Merkmal="0.0"/>
  <Objekte ObjID="13319" ObjAufnahme="1998-07-10" ObjStrasseID="5944" ObjHausnummer="Bethlehemstraße 15" ObjVorlage="2013-09-11 00:00:00.0" ObKeinKontakt="1" ObjArtID="1" Merkmal="0.0"/>
  <Objekte ObjID="13320" ObjAufnahme="1998-07-10" ObjStrasseID="5944" ObjHausnummer="Bethlehemstraße 16" ObjVorlage="2013-09-11 00:00:00.0" ObKeinKontakt="1" ObjArtID="1" Merkmal="0.0"/>
  <Objekte ObjID="13321" ObjAufnahme="1998-07-10" ObjStrasseID="5944" ObjHausnummer="Bethlehemstraße 17" ObjVorlage="2013-09-11 00:00:00.0" ObKeinKontakt="1" ObjArtID="1" Merkmal="0.0"/>
  <Objekte ObjID="13322" ObjAufnahme="1998-07-10" ObjStrasseID="5944" ObjHausnummer="Bethlehemstraße 18" ObjVorlage="2013-09-11 00:00:00.0" ObKeinKontakt="1" ObjArtID="1" Merkmal="0.0"/>
  <Objekte ObjID="13323" ObjAufnahme="1998-07-10" ObjStrasseID="5944" ObjHausnummer="Bethlehemstraße 19" ObjVorlage="2013-09-11 00:00:00.0" ObKeinKontakt="1" ObjArtID="1" Merkmal="0.0"/>
  <Objekte ObjID="13324" ObjAufnahme="1998-07-10" ObjStrasseID="5944" ObjHausnummer="Bethlehemstraße 20" ObjVorlage="2013-09-11 00:00:00.0" ObKeinKontakt="1" ObjArtID="1" Merkmal="0.0"/>
  <Objekte ObjID="13325" ObjAufnahme="1998-07-10" ObjStrasseID="5944" ObjHausnummer="Bethlehemstraße 21" ObjVorlage="2013-09-11 00:00:00.0" ObKeinKontakt="1" ObjArtID="1" Merkmal="0.0"/>
  <Objekte ObjID="13326" ObjAufnahme="1998-07-10" ObjLetztKontakt="2003-04-11" ObjStrasseID="8534" ObjHausnummer="Weckenstraße 1" ObjVorlage="2013-09-11 00:00:00.0" ObKeinKontakt="1" ObjArtID="5" Merkmal="0.0"/>
  <Objekte ObjID="13327" ObjAufnahme="1998-07-10" ObjStrasseID="8534" ObjHausnummer="Weckenstraße 2" ObjVorlage="2013-09-11 00:00:00.0" ObKeinKontakt="1" ObjArtID="1" Merkmal="0.0"/>
  <Objekte ObjID="13328" ObjAufnahme="1998-07-10" ObjStrasseID="8534" ObjHausnummer="Weckenstraße 3" ObjVorlage="2013-09-11 00:00:00.0" ObKeinKontakt="1" ObjArtID="1" Merkmal="0.0"/>
  <Objekte ObjID="13329" ObjAufnahme="1998-07-10" ObjStrasseID="8534" ObjHausnummer="Weckenstraße 4" ObjVorlage="2013-09-11 00:00:00.0" ObKeinKontakt="1" ObjArtID="1" Merkmal="0.0"/>
  <Objekte ObjID="13330" ObjAufnahme="1998-07-10" ObjStrasseID="8534" ObjHausnummer="Weckenstraße 5" ObjVorlage="2013-09-11 00:00:00.0" ObKeinKontakt="1" ObjArtID="1" Merkmal="0.0"/>
  <Objekte ObjID="13331" ObjAufnahme="1998-07-10" ObjStrasseID="8534" ObjHausnummer="Weckenstraße 6" ObjVorlage="2013-09-11 00:00:00.0" ObKeinKontakt="1" ObjArtID="1" Merkmal="0.0"/>
  <Objekte ObjID="13332" ObjAufnahme="1998-07-10" ObjStrasseID="8534" ObjHausnummer="Weckenstraße 7" ObjVorlage="2013-09-11 00:00:00.0" ObKeinKontakt="1" ObjArtID="1" Merkmal="0.0"/>
  <Objekte ObjID="13333" ObjAufnahme="1998-07-10" ObjStrasseID="8534" ObjHausnummer="Weckenstraße 8" ObjVorlage="2013-09-11 00:00:00.0" ObKeinKontakt="1" ObjArtID="1" Merkmal="0.0"/>
  <Objekte ObjID="13334" ObjAufnahme="1998-07-10" ObjStrasseID="8534" ObjHausnummer="Weckenstraße 9" ObjVorlage="2013-09-11 00:00:00.0" ObKeinKontakt="5" ObjArtID="1" Merkmal="0.9999999999999999"/>
  <Objekte ObjID="13335" ObjAufnahme="1998-07-10" ObjStrasseID="8534" ObjHausnummer="Weckenstraße 10" ObjVorlage="2013-09-11 00:00:00.0" ObKeinKontakt="1" ObjArtID="1" Merkmal="0.0"/>
  <Objekte ObjID="13336" ObjAufnahme="1998-07-10" ObjStrasseID="8534" ObjHausnummer="Weckenstraße 11" ObjVorlage="2013-09-11 00:00:00.0" ObKeinKontakt="1" ObjArtID="1" Merkmal="0.0"/>
  <Objekte ObjID="13337" ObjAufnahme="1998-07-10" ObjStrasseID="8534" ObjHausnummer="Weckenstraße 12" ObjVorlage="2013-09-11 00:00:00.0" ObKeinKontakt="1" ObjArtID="1" Merkmal="0.0"/>
  <Objekte ObjID="13338" ObjAufnahme="1998-07-10" ObjStrasseID="8534" ObjHausnummer="Weckenstraße 13" ObjVorlage="2013-09-11 00:00:00.0" ObKeinKontakt="1" ObjArtID="1" Merkmal="0.0"/>
  <Objekte ObjID="13339" ObjAufnahme="1998-07-10" ObjStrasseID="8534" ObjHausnummer="Weckenstraße 14" ObjVorlage="2013-09-11 00:00:00.0" ObKeinKontakt="1" ObjArtID="1" Merkmal="0.0"/>
  <Objekte ObjID="13340" ObjAufnahme="1998-07-10" ObjStrasseID="8534" ObjHausnummer="Weckenstraße 15" ObjVorlage="2013-09-11 00:00:00.0" ObKeinKontakt="1" ObjArtID="1" Merkmal="0.0"/>
  <Objekte ObjID="13341" ObjAufnahme="1998-07-10" ObjStrasseID="8534" ObjHausnummer="Weckenstraße 16" ObjVorlage="2013-09-11 00:00:00.0" ObKeinKontakt="1" ObjArtID="1" Merkmal="0.0"/>
  <Objekte ObjID="13342" ObjAufnahme="1998-07-10" ObjStrasseID="8534" ObjHausnummer="Weckenstraße 17" ObjVorlage="2013-09-11 00:00:00.0" ObKeinKontakt="1" ObjArtID="1" Merkmal="0.0"/>
  <Objekte ObjID="13343" ObjAufnahme="1998-07-10" ObjStrasseID="8534" ObjHausnummer="Weckenstraße 18" ObjVorlage="2013-09-11 00:00:00.0" ObKeinKontakt="1" ObjArtID="1" Merkmal="0.0"/>
  <Objekte ObjID="13344" ObjAufnahme="1998-07-10" ObjStrasseID="8534" ObjHausnummer="Weckenstraße 19" ObjVorlage="2013-09-11 00:00:00.0" ObKeinKontakt="1" ObjArtID="1" Merkmal="0.0"/>
  <Objekte ObjID="13345" ObjAufnahme="1998-07-10" ObjStrasseID="8534" ObjHausnummer="Weckenstraße 20" ObjVorlage="2013-09-11 00:00:00.0" ObKeinKontakt="1" ObjArtID="1" Merkmal="0.0"/>
  <Objekte ObjID="13346" ObjAufnahme="1998-07-10" ObjStrasseID="8534" ObjHausnummer="Weckenstraße 21" ObjVorlage="2013-09-11 00:00:00.0" ObKeinKontakt="1" ObjArtID="1" Merkmal="0.0"/>
  <Objekte ObjID="13347" ObjAufnahme="1998-07-10" ObjStrasseID="6496" ObjHausnummer="Fröbelstraße 1" ObjVorlage="2013-09-11 00:00:00.0" ObKeinKontakt="1" ObjArtID="1" Merkmal="0.0"/>
  <Objekte ObjID="13348" ObjAufnahme="1998-07-10" ObjStrasseID="6496" ObjHausnummer="Fröbelstraße 2" ObjVorlage="2013-09-11 00:00:00.0" ObKeinKontakt="1" ObjArtID="1" Merkmal="0.0"/>
  <Objekte ObjID="13349" ObjAufnahme="1998-07-10" ObjStrasseID="6496" ObjHausnummer="Fröbelstraße 3" ObjVorlage="2013-09-11 00:00:00.0" ObKeinKontakt="1" ObjArtID="1" Merkmal="0.0"/>
  <Objekte ObjID="13350" ObjAufnahme="1998-07-10" ObjStrasseID="6496" ObjHausnummer="Fröbelstraße 4" ObjVorlage="2013-09-11 00:00:00.0" ObKeinKontakt="1" ObjArtID="1" Merkmal="0.0"/>
  <Objekte ObjID="13351" ObjAufnahme="1998-07-10" ObjStrasseID="6496" ObjHausnummer="Fröbelstraße 5" ObjVorlage="2013-09-11 00:00:00.0" ObKeinKontakt="1" ObjArtID="1" Merkmal="0.0"/>
  <Objekte ObjID="13352" ObjAufnahme="1998-07-10" ObjStrasseID="6496" ObjHausnummer="Fröbelstraße 6" ObjVorlage="2013-09-11 00:00:00.0" ObKeinKontakt="1" ObjArtID="177" Merkmal="0.0"/>
  <Objekte ObjID="13353" ObjAufnahme="1998-07-10" ObjStrasseID="6496" ObjHausnummer="Fröbelstraße 7" ObjVorlage="2013-09-11 00:00:00.0" ObKeinKontakt="1" ObjArtID="1" Merkmal="0.0"/>
  <Objekte ObjID="13354" ObjAufnahme="1998-07-10" ObjStrasseID="6496" ObjHausnummer="Fröbelstraße 8" ObjVorlage="2013-09-11 00:00:00.0" ObKeinKontakt="1" ObjArtID="1" Merkmal="0.0"/>
  <Objekte ObjID="13355" ObjAufnahme="1998-07-10" ObjStrasseID="6496" ObjHausnummer="Fröbelstraße 9" ObjVorlage="2013-09-11 00:00:00.0" ObKeinKontakt="1" ObjArtID="1" Merkmal="0.0"/>
  <Objekte ObjID="13356" ObjAufnahme="1998-07-10" ObjStrasseID="6496" ObjHausnummer="Fröbelstraße 10" ObjVorlage="2013-09-11 00:00:00.0" ObKeinKontakt="1" ObjArtID="96" Merkmal="0.0"/>
  <Objekte ObjID="13357" ObjAufnahme="1998-07-10" ObjStrasseID="6496" ObjHausnummer="Fröbelstraße 11" ObjVorlage="2013-09-11 00:00:00.0" ObKeinKontakt="1" ObjArtID="1" Merkmal="0.0"/>
  <Objekte ObjID="13358" ObjAufnahme="1998-07-10" ObjStrasseID="6496" ObjHausnummer="Fröbelstraße 12" ObjVorlage="2013-09-11 00:00:00.0" ObKeinKontakt="1" ObjArtID="1" Merkmal="0.0"/>
  <Objekte ObjID="13359" ObjAufnahme="1998-07-10" ObjLetztKontakt="2013-03-15" ObjStrasseID="6496" ObjHausnummer="Fröbelstraße 13" ObjVorlage="2013-09-11 00:00:00.0" ObKeinKontakt="2" ObjArtID="1" Merkmal="0.0" ObjInfo="meldet sich ein Herr Treder 01714966116&#xD;&#xA;ist Hausmeister angeblich kein Verkauf kein Zukauf"/>
  <Objekte ObjID="13360" ObjAufnahme="1998-07-10" ObjStrasseID="6496" ObjHausnummer="Fröbelstraße 14" ObjVorlage="2013-09-11 00:00:00.0" ObKeinKontakt="1" ObjArtID="201" Merkmal="0.0" ObjInfo="Eigentumswohnungen"/>
  <Objekte ObjID="13361" ObjAufnahme="1998-07-10" ObjStrasseID="6496" ObjHausnummer="Fröbelstraße 14A" ObjVorlage="2013-09-11 00:00:00.0" ObKeinKontakt="1" ObjArtID="1" Merkmal="0.0"/>
  <Objekte ObjID="13362" ObjAufnahme="1998-07-10" ObjStrasseID="6496" ObjHausnummer="Fröbelstraße 15" ObjVorlage="2013-09-11 00:00:00.0" ObKeinKontakt="1" ObjArtID="1" Merkmal="0.0"/>
  <Objekte ObjID="13363" ObjAufnahme="1998-07-10" ObjStrasseID="6496" ObjHausnummer="Fröbelstraße 16" ObjVorlage="2013-09-11 00:00:00.0" ObKeinKontakt="1" ObjArtID="1" Merkmal="0.0"/>
  <Objekte ObjID="13364" ObjAufnahme="1998-07-10" ObjStrasseID="6496" ObjHausnummer="Fröbelstraße 17" ObjVorlage="2013-09-11 00:00:00.0" ObKeinKontakt="1" ObjArtID="1" Merkmal="0.0"/>
  <Objekte ObjID="13365" ObjAufnahme="1998-07-10" ObjStrasseID="6496" ObjHausnummer="Fröbelstraße 18" ObjVorlage="2013-09-11 00:00:00.0" ObKeinKontakt="1" ObjArtID="1" Merkmal="0.0"/>
  <Objekte ObjID="13366" ObjAufnahme="1998-07-10" ObjStrasseID="6496" ObjHausnummer="Fröbelstraße 20" ObjVorlage="2013-09-11 00:00:00.0" ObKeinKontakt="1" ObjArtID="1" Merkmal="0.0"/>
  <Objekte ObjID="13367" ObjAufnahme="1998-07-10" ObjStrasseID="6496" ObjHausnummer="Fröbelstraße 22" ObjVorlage="2013-09-11 00:00:00.0" ObKeinKontakt="1" ObjArtID="1" Merkmal="0.0"/>
  <Objekte ObjID="13368" ObjAufnahme="1998-07-13" ObjLetztKontakt="1998-07-13" ObjStrasseID="7024" ObjHausnummer="In der Bebie 64" ObjVorlage="2013-09-11 00:00:00.0" ObKeinKontakt="5" ObjArtID="22" Merkmal="0.0"/>
  <Objekte ObjID="13369" ObjAufnahme="1998-07-14" ObjStrasseID="9030" ObjVorlage="2013-09-11 00:00:00.0" ObKeinKontakt="1" ObjArtID="176" Merkmal="0.0"/>
  <Objekte ObjID="13370" ObjAufnahme="1998-07-14" ObjStrasseID="5562" ObjHausnummer="Alexanderstraße 2" ObjVorlage="2013-09-11 00:00:00.0" ObKeinKontakt="1" ObjArtID="1" Merkmal="0.0"/>
  <Objekte ObjID="13371" ObjAufnahme="1998-07-14" ObjLetztKontakt="1998-08-26" ObjStrasseID="5562" ObjHausnummer="Alexanderstraße 3" ObjVorlage="2013-09-11 00:00:00.0" ObKeinKontakt="2" ObjArtID="1" Merkmal="0.0"/>
  <Objekte ObjID="13372" ObjAufnahme="1998-07-14" ObjStrasseID="5562" ObjHausnummer="Alexanderstraße 4" ObjVorlage="2013-09-11 00:00:00.0" ObKeinKontakt="1" ObjArtID="1" Merkmal="0.0"/>
  <Objekte ObjID="13373" ObjAufnahme="1998-07-14" ObjStrasseID="5562" ObjHausnummer="Alexanderstraße 8" ObjVorlage="2013-09-11 00:00:00.0" ObKeinKontakt="1" ObjArtID="9" Merkmal="0.0"/>
  <Objekte ObjID="13374" ObjAufnahme="1998-07-15" ObjLetztKontakt="1998-07-15" ObjStrasseID="9024" ObjHausnummer="Aschenkrug 6" ObjVorlage="2013-09-11 00:00:00.0" ObKeinKontakt="5" ObjArtID="11" Merkmal="0.0" ObjInfo="1WE/1Tankst/1954/800"/>
  <Objekte ObjID="13375" ObjAufnahme="1998-07-15" ObjLetztKontakt="1999-07-08" ObjStrasseID="5828" ObjHausnummer="Auf dem Brinke 10" ObjVorlage="2013-09-11 00:00:00.0" ObKeinKontakt="2" ObjArtID="75" Merkmal="0.0" ObjInfo="14554\Blk."/>
  <Objekte ObjID="13377" ObjAufnahme="1998-07-15" ObjStrasseID="8113" ObjHausnummer="Schulenburger Landstraße 7" ObjVorlage="2013-09-11 00:00:00.0" ObKeinKontakt="1" ObjArtID="1" Merkmal="0.0"/>
  <Objekte ObjID="13378" ObjAufnahme="1998-07-15" ObjStrasseID="6350" ObjHausnummer="Engelbosteler Damm 97" ObjVorlage="2013-09-11 00:00:00.0" ObKeinKontakt="1" ObjArtID="177" Merkmal="0.0"/>
  <Objekte ObjID="13379" ObjAufnahme="1998-07-15" ObjStrasseID="5824" ObjHausnummer="Asternstraße 14" ObjVorlage="2013-09-11 00:00:00.0" ObKeinKontakt="1" ObjArtID="1" Merkmal="0.0"/>
  <Objekte ObjID="13380" ObjAufnahme="1998-07-15" ObjStrasseID="8522" ObjHausnummer="Warstraße 6" ObjVorlage="2013-09-11 00:00:00.0" ObKeinKontakt="1" ObjArtID="1" Merkmal="0.0"/>
  <Objekte ObjID="13381" ObjAufnahme="1998-07-15" ObjStrasseID="8522" ObjHausnummer="Warstraße 6a" ObjVorlage="2013-09-11 00:00:00.0" ObKeinKontakt="1" ObjArtID="1" Merkmal="0.0"/>
  <Objekte ObjID="13383" ObjAufnahme="1998-07-17" ObjLetztKontakt="1998-07-17" ObjStrasseID="9031" ObjHausnummer="Eckerweg 5" ObjVorlage="2013-09-11 00:00:00.0" ObKeinKontakt="5" ObjArtID="23" Merkmal="0.0"/>
  <Objekte ObjID="13384" ObjAufnahme="1998-07-20" ObjStrasseID="6204" ObjHausnummer="Deisterstraße 53" ObjVorlage="2013-09-11 00:00:00.0" ObKeinKontakt="5" ObjArtID="5" Merkmal="0.0"/>
  <Objekte ObjID="13385" ObjAufnahme="1998-07-20" ObjLetztKontakt="1998-07-20" ObjStrasseID="9035" ObjHausnummer="Am Roggenkamp 21" ObjVorlage="2013-09-11 00:00:00.0" ObKeinKontakt="5" ObjArtID="24" Merkmal="0.9999999999999999" ObjInfo="111qm/300qm/1995/Einstellplatz/530.000,-- DM"/>
  <Objekte ObjID="13386" ObjAufnahme="1998-07-20" ObjStrasseID="9036" ObjHausnummer="Göttinger Straße 76" ObjVorlage="2013-09-11 00:00:00.0" ObKeinKontakt="1" ObjArtID="5" Merkmal="0.0" ObjInfo="Herr Bakir hat sein Haus verkauft 02.11.1998"/>
  <Objekte ObjID="13388" ObjAufnahme="1998-07-20" ObjLetztKontakt="1998-07-20" ObjStrasseID="9042" ObjHausnummer="Hertzstraße 6" ObjVorlage="2013-09-11 00:00:00.0" ObKeinKontakt="5" ObjArtID="11" Merkmal="0.0" ObjInfo="Hallen/Büros/1978/1985/78/1,0"/>
  <Objekte ObjID="13389" ObjAufnahme="1998-07-20" ObjLetztKontakt="1998-07-20" ObjStrasseID="9038" ObjHausnummer="Im Tannenweg 14" ObjVorlage="2013-09-11 00:00:00.0" ObKeinKontakt="5" ObjArtID="8" Merkmal="0.9999999999999999" ObjInfo="277+80qm/2500qm/1962/3Garagen/595.000DM"/>
  <Objekte ObjID="13390" ObjAufnahme="1998-07-20" ObjStrasseID="8534" ObjVorlage="2013-09-11 00:00:00.0" ObKeinKontakt="1" ObjArtID="1" Merkmal="0.0"/>
  <Objekte ObjID="13391" ObjAufnahme="1998-07-20" ObjStrasseID="8534" ObjHausnummer="Weckenstraße 14" ObjVorlage="2013-09-11 00:00:00.0" ObKeinKontakt="1" ObjArtID="1" Merkmal="0.0"/>
  <Objekte ObjID="13392" ObjAufnahme="1998-07-21" ObjLetztKontakt="1998-07-21" ObjStrasseID="5781" ObjHausnummer="An der Trift 8D" ObjVorlage="2013-09-11 00:00:00.0" ObKeinKontakt="5" ObjArtID="8" Merkmal="0.9999999999999999" ObjInfo="1,6/300/240/2400/3 Grg./56"/>
  <Objekte ObjID="13393" ObjAufnahme="1998-07-24" ObjLetztKontakt="1998-07-24" ObjStrasseID="7991" ObjHausnummer="Rutenbergstraße 22A" ObjVorlage="2013-09-11 00:00:00.0" ObKeinKontakt="5" ObjArtID="8" Merkmal="0.9999999999999999" ObjInfo="750/176/48/676/Grg./Ke./63"/>
  <Objekte ObjID="13394" ObjAufnahme="1998-07-24" ObjLetztKontakt="1998-07-24" ObjStrasseID="7441" ObjHausnummer="Ludwigsaue 1" ObjVorlage="2013-09-11 00:00:00.0" ObKeinKontakt="5" ObjArtID="8" Merkmal="0.0" ObjInfo="599/226/47/1078/2 Grg. Carp./Ke./56"/>
  <Objekte ObjID="13395" ObjAufnahme="1998-07-28" ObjStrasseID="8117" ObjHausnummer="Schulzenstraße 2" ObjVorlage="2013-09-11 00:00:00.0" ObKeinKontakt="5" ObjArtID="1" Merkmal="0.9999999999999999" ObjInfo="9WE/1900/71/998"/>
  <Objekte ObjID="13396" ObjAufnahme="1998-07-28" ObjLetztKontakt="1999-11-12" ObjStrasseID="8150" ObjHausnummer="Sedanstraße 18A" ObjVorlage="2013-09-11 00:00:00.0" ObKeinKontakt="3" ObjArtID="36" Merkmal="0.0"/>
  <Objekte ObjID="13399" ObjAufnahme="1998-08-04" ObjLetztKontakt="2013-05-07" ObjStrasseID="5671" ObjHausnummer="Am Landwehrgraben 4" ObjVorlage="2013-09-11 00:00:00.0" ObKeinKontakt="1" ObjArtID="177" Merkmal="0.0"/>
  <Objekte ObjID="13401" ObjAufnahme="1998-08-04" ObjStrasseID="5671" ObjHausnummer="Am Landwehrgraben 6" ObjVorlage="2013-09-11 00:00:00.0" ObKeinKontakt="1" ObjArtID="177" Merkmal="0.0"/>
  <Objekte ObjID="13403" ObjAufnahme="1998-08-04" ObjStrasseID="5671" ObjHausnummer="Am Landwehrgraben 8" ObjVorlage="2013-09-11 00:00:00.0" ObKeinKontakt="1" ObjArtID="165" Merkmal="0.0"/>
  <Objekte ObjID="13406" ObjAufnahme="1998-08-04" ObjStrasseID="5671" ObjHausnummer="Am Landwehrgraben 13" ObjVorlage="2013-09-11 00:00:00.0" ObKeinKontakt="3" ObjArtID="1" Merkmal="0.0"/>
  <Objekte ObjID="13415" ObjAufnahme="1998-08-04" ObjLetztKontakt="1998-08-04" ObjStrasseID="9051" ObjHausnummer="Hoher Eschenweg 6" ObjVorlage="2013-09-11 00:00:00.0" ObKeinKontakt="5" ObjArtID="8" Merkmal="0.0"/>
  <Objekte ObjID="13417" ObjAufnahme="1998-08-05" ObjLetztKontakt="1998-08-20" ObjStrasseID="5671" ObjHausnummer="Am Landwehrgraben 1" ObjVorlage="2013-09-11 00:00:00.0" ObKeinKontakt="2" ObjArtID="1" Merkmal="0.0"/>
  <Objekte ObjID="13418" ObjAufnahme="1998-08-05" ObjStrasseID="5671" ObjHausnummer="Am Landwehrgraben 3" ObjVorlage="2013-09-11 00:00:00.0" ObKeinKontakt="1" ObjArtID="1" Merkmal="0.0"/>
  <Objekte ObjID="13419" ObjAufnahme="1998-08-05" ObjStrasseID="5671" ObjHausnummer="Am Landwehrgraben 5" ObjVorlage="2013-09-11 00:00:00.0" ObKeinKontakt="1" ObjArtID="1" Merkmal="0.0"/>
  <Objekte ObjID="13420" ObjAufnahme="1998-08-05" ObjStrasseID="5671" ObjHausnummer="Am Landwehrgraben 7" ObjVorlage="2013-09-11 00:00:00.0" ObKeinKontakt="1" ObjArtID="1" Merkmal="0.0"/>
  <Objekte ObjID="13421" ObjAufnahme="1998-08-05" ObjStrasseID="5671" ObjHausnummer="Am Landwehrgraben 9" ObjVorlage="2013-09-11 00:00:00.0" ObKeinKontakt="1" ObjArtID="1" Merkmal="0.0"/>
  <Objekte ObjID="13422" ObjAufnahme="1998-08-05" ObjStrasseID="5671" ObjHausnummer="Am Landwehrgraben 11" ObjVorlage="2013-09-11 00:00:00.0" ObKeinKontakt="1" ObjArtID="1" Merkmal="0.0"/>
  <Objekte ObjID="13424" ObjAufnahme="1998-08-05" ObjLetztKontakt="1998-08-20" ObjStrasseID="5671" ObjHausnummer="Am Landwehrgraben 15" ObjVorlage="2013-09-11 00:00:00.0" ObKeinKontakt="2" ObjArtID="1" Merkmal="0.0"/>
  <Objekte ObjID="13425" ObjAufnahme="1998-08-05" ObjLetztKontakt="1998-08-20" ObjStrasseID="5671" ObjHausnummer="Am Landwehrgraben 17" ObjVorlage="2013-09-11 00:00:00.0" ObKeinKontakt="2" ObjArtID="1" Merkmal="0.0"/>
  <Objekte ObjID="13426" ObjAufnahme="1998-08-05" ObjStrasseID="5671" ObjHausnummer="Am Landwehrgraben 19" ObjVorlage="2013-09-11 00:00:00.0" ObKeinKontakt="1" ObjArtID="177" Merkmal="0.0"/>
  <Objekte ObjID="13427" ObjAufnahme="1998-08-05" ObjStrasseID="5671" ObjHausnummer="Am Landwehrgraben 21" ObjVorlage="2013-09-11 00:00:00.0" ObKeinKontakt="1" ObjArtID="1" Merkmal="0.0"/>
  <Objekte ObjID="13428" ObjAufnahme="1998-08-05" ObjStrasseID="5671" ObjHausnummer="Am Landwehrgraben 23" ObjVorlage="2013-09-11 00:00:00.0" ObKeinKontakt="1" ObjArtID="177" Merkmal="0.0"/>
  <Objekte ObjID="13429" ObjAufnahme="1998-08-05" ObjStrasseID="5671" ObjHausnummer="Am Landwehrgraben 25" ObjVorlage="2013-09-11 00:00:00.0" ObKeinKontakt="1" ObjArtID="1" Merkmal="0.0"/>
  <Objekte ObjID="13430" ObjAufnahme="1998-08-05" ObjLetztKontakt="1998-08-20" ObjStrasseID="5671" ObjHausnummer="Am Landwehrgraben 27" ObjVorlage="2013-09-11 00:00:00.0" ObKeinKontakt="1" ObjArtID="177" Merkmal="0.0" ObjInfo="will Eigentumswohnungen verkaufen"/>
  <Objekte ObjID="13431" ObjAufnahme="1998-08-05" ObjStrasseID="5671" ObjHausnummer="Am Landwehrgraben 29" ObjVorlage="2013-09-11 00:00:00.0" ObKeinKontakt="1" ObjArtID="1" Merkmal="0.0"/>
  <Objekte ObjID="13432" ObjAufnahme="1998-08-05" ObjStrasseID="6676" ObjHausnummer="Güntherstraße 1" ObjVorlage="2013-09-11 00:00:00.0" ObKeinKontakt="1" ObjArtID="1" Merkmal="0.0"/>
  <Objekte ObjID="13433" ObjAufnahme="1998-08-05" ObjStrasseID="6676" ObjHausnummer="Güntherstraße 3" ObjVorlage="2013-09-11 00:00:00.0" ObKeinKontakt="1" ObjArtID="1" Merkmal="0.0"/>
  <Objekte ObjID="13434" ObjAufnahme="1998-08-05" ObjStrasseID="6676" ObjHausnummer="Güntherstraße 5" ObjVorlage="2013-09-11 00:00:00.0" ObKeinKontakt="1" ObjArtID="1" Merkmal="0.0"/>
  <Objekte ObjID="13435" ObjAufnahme="1998-08-05" ObjStrasseID="6676" ObjHausnummer="Güntherstraße 7" ObjVorlage="2013-09-11 00:00:00.0" ObKeinKontakt="1" ObjArtID="1" Merkmal="0.0"/>
  <Objekte ObjID="13437" ObjAufnahme="1998-08-05" ObjStrasseID="6676" ObjHausnummer="Güntherstraße 9" ObjVorlage="2013-09-11 00:00:00.0" ObKeinKontakt="1" ObjArtID="1" Merkmal="0.0"/>
  <Objekte ObjID="13438" ObjAufnahme="1998-08-05" ObjStrasseID="6676" ObjHausnummer="Güntherstraße 11" ObjVorlage="2013-09-11 00:00:00.0" ObKeinKontakt="1" ObjArtID="1" Merkmal="0.0"/>
  <Objekte ObjID="13439" ObjAufnahme="1998-08-05" ObjStrasseID="6676" ObjHausnummer="Güntherstraße 13" ObjVorlage="2013-09-11 00:00:00.0" ObKeinKontakt="1" ObjArtID="1" Merkmal="0.0"/>
  <Objekte ObjID="13440" ObjAufnahme="1998-08-05" ObjStrasseID="6676" ObjHausnummer="Güntherstraße 15" ObjVorlage="2013-09-11 00:00:00.0" ObKeinKontakt="1" ObjArtID="1" Merkmal="0.0"/>
  <Objekte ObjID="13441" ObjAufnahme="1998-08-05" ObjStrasseID="6676" ObjHausnummer="Güntherstraße 17" ObjVorlage="2013-09-11 00:00:00.0" ObKeinKontakt="1" ObjArtID="1" Merkmal="0.0"/>
  <Objekte ObjID="13442" ObjAufnahme="1998-08-05" ObjStrasseID="6676" ObjHausnummer="Güntherstraße 19" ObjVorlage="2013-09-11 00:00:00.0" ObKeinKontakt="1" ObjArtID="1" Merkmal="0.0"/>
  <Objekte ObjID="13443" ObjAufnahme="1998-08-05" ObjStrasseID="6676" ObjHausnummer="Güntherstraße 21a" ObjVorlage="2013-09-11 00:00:00.0" ObKeinKontakt="1" ObjArtID="1" Merkmal="0.0"/>
  <Objekte ObjID="13444" ObjAufnahme="1998-08-05" ObjStrasseID="6676" ObjHausnummer="Güntherstraße 23" ObjVorlage="2013-09-11 00:00:00.0" ObKeinKontakt="1" ObjArtID="1" Merkmal="0.0"/>
  <Objekte ObjID="13445" ObjAufnahme="1998-08-05" ObjStrasseID="6676" ObjHausnummer="Güntherstraße 16" ObjVorlage="2013-09-11 00:00:00.0" ObKeinKontakt="1" ObjArtID="251" Merkmal="0.0"/>
  <Objekte ObjID="13446" ObjAufnahme="1998-08-05" ObjStrasseID="6676" ObjHausnummer="Güntherstraße 18" ObjVorlage="2013-09-11 00:00:00.0" ObKeinKontakt="1" ObjArtID="1" Merkmal="0.0"/>
  <Objekte ObjID="13447" ObjAufnahme="1998-08-05" ObjStrasseID="6676" ObjHausnummer="Güntherstraße 20" ObjVorlage="2013-09-11 00:00:00.0" ObKeinKontakt="1" ObjArtID="1" Merkmal="0.0"/>
  <Objekte ObjID="13448" ObjAufnahme="1998-08-05" ObjStrasseID="6676" ObjHausnummer="Güntherstraße 22" ObjVorlage="2013-09-11 00:00:00.0" ObKeinKontakt="1" ObjArtID="1" Merkmal="0.0"/>
  <Objekte ObjID="13449" ObjAufnahme="1998-08-05" ObjStrasseID="6676" ObjHausnummer="Güntherstraße 24" ObjVorlage="2013-09-11 00:00:00.0" ObKeinKontakt="1" ObjArtID="1" Merkmal="0.0"/>
  <Objekte ObjID="13450" ObjAufnahme="1998-08-05" ObjLetztKontakt="2001-08-16" ObjStrasseID="6676" ObjHausnummer="Güntherstraße 26" ObjVorlage="2013-09-11 00:00:00.0" ObKeinKontakt="2" ObjArtID="170" Merkmal="0.0" ObjInfo="690140\2Blk.N-W"/>
  <Objekte ObjID="13451" ObjAufnahme="1998-08-05" ObjStrasseID="6676" ObjHausnummer="Güntherstraße 30" ObjVorlage="2013-09-11 00:00:00.0" ObKeinKontakt="1" ObjArtID="1" Merkmal="0.0"/>
  <Objekte ObjID="13452" ObjAufnahme="1998-08-06" ObjLetztKontakt="1998-08-07" ObjStrasseID="8255" ObjHausnummer="Stammestraße 83" ObjVorlage="2013-09-11 00:00:00.0" ObKeinKontakt="5" ObjArtID="1" Merkmal="0.9999999999999999" ObjInfo="7WE/1904/47/400"/>
  <Objekte ObjID="13453" ObjAufnahme="1998-08-06" ObjLetztKontakt="1998-08-06" ObjStrasseID="4946" ObjHausnummer="Vor dem Berge 3" ObjVorlage="2013-09-11 00:00:00.0" ObKeinKontakt="5" ObjArtID="8" Merkmal="0.0"/>
  <Objekte ObjID="13455" ObjAufnahme="1998-08-07" ObjLetztKontakt="1998-08-07" ObjStrasseID="6592" ObjHausnummer="Goethestraße 5" ObjVorlage="2013-09-11 00:00:00.0" ObKeinKontakt="5" ObjArtID="37" Merkmal="0.0"/>
  <Objekte ObjID="13456" ObjAufnahme="1998-08-07" ObjLetztKontakt="1998-08-07" ObjStrasseID="9057" ObjHausnummer="Am Wäldchen 13" ObjVorlage="2013-09-11 00:00:00.0" ObKeinKontakt="5" ObjArtID="178" Merkmal="0.0" ObjInfo="100qm/840qm/1992/Garage+Carport/420.000DM"/>
  <Objekte ObjID="13457" ObjAufnahme="1998-08-10" ObjLetztKontakt="1998-08-10" ObjStrasseID="6782" ObjHausnummer="Heidering 59" ObjVorlage="2013-09-11 00:00:00.0" ObKeinKontakt="5" ObjArtID="8" Merkmal="0.0"/>
  <Objekte ObjID="13458" ObjAufnahme="1998-08-11" ObjStrasseID="6782" ObjHausnummer="Heidering 59" ObjVorlage="2013-09-11 00:00:00.0" ObKeinKontakt="1" ObjArtID="8" Merkmal="0.0"/>
  <Objekte ObjID="13459" ObjAufnahme="1998-08-14" ObjLetztKontakt="1998-08-14" ObjStrasseID="8124" ObjHausnummer="Schützenallee 31" ObjVorlage="2013-09-11 00:00:00.0" ObKeinKontakt="1" ObjArtID="1" Merkmal="0.0"/>
  <Objekte ObjID="13460" ObjAufnahme="1998-08-14" ObjStrasseID="8015" ObjHausnummer="Sahlkamp 146" ObjVorlage="2013-09-11 00:00:00.0" ObKeinKontakt="1" ObjArtID="10" Merkmal="0.0"/>
  <Objekte ObjID="13461" ObjAufnahme="1998-08-14" ObjStrasseID="8015" ObjVorlage="2013-09-11 00:00:00.0" ObKeinKontakt="1" ObjArtID="10" Merkmal="0.0"/>
  <Objekte ObjID="13462" ObjAufnahme="1998-08-14" ObjStrasseID="8015" ObjVorlage="2013-09-11 00:00:00.0" ObKeinKontakt="1" ObjArtID="10" Merkmal="0.0"/>
  <Objekte ObjID="13463" ObjAufnahme="1998-08-14" ObjStrasseID="8015" ObjVorlage="2013-09-11 00:00:00.0" ObKeinKontakt="1" ObjArtID="10" Merkmal="0.0"/>
  <Objekte ObjID="13464" ObjAufnahme="1998-08-15" ObjStrasseID="7120" ObjHausnummer="Karmarschstraße 41" ObjVorlage="2013-09-11 00:00:00.0" ObKeinKontakt="1" ObjArtID="37" Merkmal="0.0"/>
  <Objekte ObjID="13465" ObjAufnahme="1998-08-15" ObjStrasseID="7120" ObjHausnummer="Karmarschstraße 33" ObjVorlage="2013-09-11 00:00:00.0" ObKeinKontakt="1" ObjArtID="37" Merkmal="0.0"/>
  <Objekte ObjID="13466" ObjAufnahme="1998-08-15" ObjStrasseID="7120" ObjHausnummer="Karmarschstraße 35" ObjVorlage="2013-09-11 00:00:00.0" ObKeinKontakt="1" ObjArtID="37" Merkmal="0.0"/>
  <Objekte ObjID="13467" ObjAufnahme="1998-08-15" ObjStrasseID="7120" ObjHausnummer="Karmarschstraße 19" ObjVorlage="2013-09-11 00:00:00.0" ObKeinKontakt="1" ObjArtID="37" Merkmal="0.0"/>
  <Objekte ObjID="13468" ObjAufnahme="1998-08-15" ObjStrasseID="8256" ObjHausnummer="Ständehausstraße 1" ObjVorlage="2013-09-11 00:00:00.0" ObKeinKontakt="1" ObjArtID="37" Merkmal="0.0"/>
  <Objekte ObjID="13469" ObjAufnahme="1998-08-15" ObjStrasseID="8256" ObjHausnummer="Ständehausstraße 2" ObjVorlage="2013-09-11 00:00:00.0" ObKeinKontakt="1" ObjArtID="37" Merkmal="0.0"/>
  <Objekte ObjID="13470" ObjAufnahme="1998-08-15" ObjStrasseID="8256" ObjHausnummer="Ständehausstraße 4" ObjVorlage="2013-09-11 00:00:00.0" ObKeinKontakt="1" ObjArtID="37" Merkmal="0.0"/>
  <Objekte ObjID="13471" ObjAufnahme="1998-08-15" ObjStrasseID="8256" ObjHausnummer="Ständehausstraße 7" ObjVorlage="2013-09-11 00:00:00.0" ObKeinKontakt="1" ObjArtID="37" Merkmal="0.0"/>
  <Objekte ObjID="13472" ObjAufnahme="1998-08-15" ObjStrasseID="8256" ObjHausnummer="Ständehausstraße 8" ObjVorlage="2013-09-11 00:00:00.0" ObKeinKontakt="1" ObjArtID="37" Merkmal="0.0"/>
  <Objekte ObjID="13473" ObjAufnahme="1998-08-15" ObjStrasseID="8256" ObjHausnummer="Ständehausstraße 9" ObjVorlage="2013-09-11 00:00:00.0" ObKeinKontakt="1" ObjArtID="37" Merkmal="0.0"/>
  <Objekte ObjID="13474" ObjAufnahme="1998-08-15" ObjStrasseID="8256" ObjHausnummer="Ständehausstraße 10" ObjVorlage="2013-09-11 00:00:00.0" ObKeinKontakt="1" ObjArtID="37" Merkmal="0.0"/>
  <Objekte ObjID="13475" ObjAufnahme="1998-08-15" ObjStrasseID="8256" ObjHausnummer="Ständehausstraße 11" ObjVorlage="2013-09-11 00:00:00.0" ObKeinKontakt="1" ObjArtID="37" Merkmal="0.0"/>
  <Objekte ObjID="13476" ObjAufnahme="1998-08-15" ObjStrasseID="8256" ObjHausnummer="Ständehausstraße 12" ObjVorlage="2013-09-11 00:00:00.0" ObKeinKontakt="1" ObjArtID="37" Merkmal="0.0"/>
  <Objekte ObjID="13477" ObjAufnahme="1998-08-15" ObjStrasseID="8256" ObjHausnummer="Ständehausstraße 13" ObjVorlage="2013-09-11 00:00:00.0" ObKeinKontakt="1" ObjArtID="37" Merkmal="0.0"/>
  <Objekte ObjID="13478" ObjAufnahme="1998-08-15" ObjStrasseID="8256" ObjHausnummer="Ständehausstraße 14" ObjVorlage="2013-09-11 00:00:00.0" ObKeinKontakt="1" ObjArtID="37" Merkmal="0.0"/>
  <Objekte ObjID="13479" ObjAufnahme="1998-08-15" ObjStrasseID="8256" ObjHausnummer="Ständehausstraße 16" ObjVorlage="2013-09-11 00:00:00.0" ObKeinKontakt="1" ObjArtID="37" Merkmal="0.0"/>
  <Objekte ObjID="13480" ObjAufnahme="1998-08-15" ObjLetztKontakt="1998-08-20" ObjStrasseID="5861" ObjHausnummer="Bahnhofstraße 5" ObjVorlage="2013-09-11 00:00:00.0" ObKeinKontakt="6" ObjArtID="25" Merkmal="0.0" ObjInfo="Herr Krall"/>
  <Objekte ObjID="13481" ObjAufnahme="1998-08-15" ObjLetztKontakt="1998-08-20" ObjStrasseID="5861" ObjHausnummer="Bahnhofstraße 4" ObjVorlage="2013-09-11 00:00:00.0" ObKeinKontakt="2" ObjArtID="25" Merkmal="0.0"/>
  <Objekte ObjID="13482" ObjAufnahme="1998-08-15" ObjLetztKontakt="1998-08-20" ObjStrasseID="5861" ObjHausnummer="Bahnhofstraße 3" ObjVorlage="2013-09-11 00:00:00.0" ObKeinKontakt="2" ObjArtID="25" Merkmal="0.0"/>
  <Objekte ObjID="13483" ObjAufnahme="1998-08-15" ObjLetztKontakt="1998-08-20" ObjStrasseID="5861" ObjHausnummer="Bahnhofstraße 2" ObjVorlage="2013-09-11 00:00:00.0" ObKeinKontakt="2" ObjArtID="37" Merkmal="0.0" ObjInfo="Erbengemeinschaft Busch"/>
  <Objekte ObjID="13484" ObjAufnahme="1998-08-15" ObjStrasseID="5861" ObjHausnummer="Bahnhofstraße 1" ObjVorlage="2013-09-11 00:00:00.0" ObKeinKontakt="1" ObjArtID="37" Merkmal="0.0"/>
  <Objekte ObjID="13485" ObjAufnahme="1998-08-15" ObjStrasseID="5861" ObjHausnummer="Bahnhofstraße 14" ObjVorlage="2013-09-11 00:00:00.0" ObKeinKontakt="1" ObjArtID="37" Merkmal="0.0"/>
  <Objekte ObjID="13486" ObjAufnahme="1998-08-15" ObjStrasseID="5861" ObjHausnummer="Bahnhofstraße 9" ObjVorlage="2013-09-11 00:00:00.0" ObKeinKontakt="1" ObjArtID="37" Merkmal="0.0"/>
  <Objekte ObjID="13487" ObjAufnahme="1998-08-15" ObjStrasseID="5861" ObjHausnummer="Bahnhofstraße 11" ObjVorlage="2013-09-11 00:00:00.0" ObKeinKontakt="1" ObjArtID="37" Merkmal="0.0"/>
  <Objekte ObjID="13488" ObjAufnahme="1998-08-15" ObjStrasseID="5861" ObjHausnummer="Bahnhofstraße 12" ObjVorlage="2013-09-11 00:00:00.0" ObKeinKontakt="1" ObjArtID="37" Merkmal="0.0"/>
  <Objekte ObjID="13489" ObjAufnahme="1998-08-15" ObjStrasseID="6368" ObjHausnummer="Ernst-August-Platz 5" ObjVorlage="2013-09-11 00:00:00.0" ObKeinKontakt="1" ObjArtID="25" Merkmal="0.0"/>
  <Objekte ObjID="13490" ObjAufnahme="1998-08-15" ObjStrasseID="7120" ObjHausnummer="Karmarschstraße 4" ObjVorlage="2013-09-11 00:00:00.0" ObKeinKontakt="3" ObjArtID="25" Merkmal="0.0"/>
  <Objekte ObjID="13491" ObjAufnahme="1998-08-15" ObjStrasseID="7120" ObjHausnummer="Karmarschstraße 6" ObjVorlage="2013-09-11 00:00:00.0" ObKeinKontakt="1" ObjArtID="25" Merkmal="0.0"/>
  <Objekte ObjID="13492" ObjAufnahme="1998-08-15" ObjStrasseID="7120" ObjHausnummer="Karmarschstraße 8" ObjVorlage="2013-09-11 00:00:00.0" ObKeinKontakt="1" ObjArtID="25" Merkmal="0.0"/>
  <Objekte ObjID="13493" ObjAufnahme="1998-08-15" ObjStrasseID="7120" ObjHausnummer="Karmarschstraße 10" ObjVorlage="2013-09-11 00:00:00.0" ObKeinKontakt="1" ObjArtID="25" Merkmal="0.0"/>
  <Objekte ObjID="13494" ObjAufnahme="1998-08-15" ObjStrasseID="7120" ObjHausnummer="Karmarschstraße 12" ObjVorlage="2013-09-11 00:00:00.0" ObKeinKontakt="1" ObjArtID="25" Merkmal="0.0"/>
  <Objekte ObjID="13495" ObjAufnahme="1998-08-15" ObjStrasseID="7120" ObjHausnummer="Karmarschstraße 14" ObjVorlage="2013-09-11 00:00:00.0" ObKeinKontakt="1" ObjArtID="25" Merkmal="0.0"/>
  <Objekte ObjID="13496" ObjAufnahme="1998-08-15" ObjStrasseID="7120" ObjHausnummer="Karmarschstraße 16" ObjVorlage="2013-09-11 00:00:00.0" ObKeinKontakt="1" ObjArtID="25" Merkmal="0.0"/>
  <Objekte ObjID="13497" ObjAufnahme="1998-08-15" ObjStrasseID="7120" ObjHausnummer="Karmarschstraße 18" ObjVorlage="2013-09-11 00:00:00.0" ObKeinKontakt="1" ObjArtID="25" Merkmal="0.0"/>
  <Objekte ObjID="13498" ObjAufnahme="1998-08-15" ObjStrasseID="7120" ObjHausnummer="Karmarschstraße 20" ObjVorlage="2013-09-11 00:00:00.0" ObKeinKontakt="1" ObjArtID="25" Merkmal="0.0"/>
  <Objekte ObjID="13499" ObjAufnahme="1998-08-15" ObjStrasseID="7120" ObjHausnummer="Karmarschstraße 24" ObjVorlage="2013-09-11 00:00:00.0" ObKeinKontakt="1" ObjArtID="25" Merkmal="0.0"/>
  <Objekte ObjID="13500" ObjAufnahme="1998-08-15" ObjStrasseID="7120" ObjHausnummer="Karmarschstraße 26" ObjVorlage="2013-09-11 00:00:00.0" ObKeinKontakt="1" ObjArtID="25" Merkmal="0.0"/>
  <Objekte ObjID="13501" ObjAufnahme="1998-08-15" ObjStrasseID="7120" ObjHausnummer="Karmarschstraße 27" ObjVorlage="2013-09-11 00:00:00.0" ObKeinKontakt="1" ObjArtID="25" Merkmal="0.0"/>
  <Objekte ObjID="13502" ObjAufnahme="1998-08-15" ObjStrasseID="7120" ObjHausnummer="Karmarschstraße 29" ObjVorlage="2013-09-11 00:00:00.0" ObKeinKontakt="1" ObjArtID="25" Merkmal="0.0"/>
  <Objekte ObjID="13503" ObjAufnahme="1998-08-15" ObjStrasseID="7120" ObjHausnummer="Karmarschstraße 25" ObjVorlage="2013-09-11 00:00:00.0" ObKeinKontakt="1" ObjArtID="25" Merkmal="0.0"/>
  <Objekte ObjID="13504" ObjAufnahme="1998-08-15" ObjStrasseID="7120" ObjHausnummer="Karmarschstraße 30" ObjVorlage="2013-09-11 00:00:00.0" ObKeinKontakt="1" ObjArtID="25" Merkmal="0.0"/>
  <Objekte ObjID="13505" ObjAufnahme="1998-08-15" ObjStrasseID="7120" ObjHausnummer="Karmarschstraße 32" ObjVorlage="2013-09-11 00:00:00.0" ObKeinKontakt="1" ObjArtID="25" Merkmal="0.0"/>
  <Objekte ObjID="13506" ObjAufnahme="1998-08-15" ObjStrasseID="7120" ObjHausnummer="Karmarschstraße 34" ObjVorlage="2013-09-11 00:00:00.0" ObKeinKontakt="1" ObjArtID="25" Merkmal="0.0"/>
  <Objekte ObjID="13507" ObjAufnahme="1998-08-15" ObjStrasseID="7120" ObjHausnummer="Karmarschstraße 36" ObjVorlage="2013-09-11 00:00:00.0" ObKeinKontakt="1" ObjArtID="25" Merkmal="0.0"/>
  <Objekte ObjID="13508" ObjAufnahme="1998-08-15" ObjStrasseID="7120" ObjHausnummer="Karmarschstraße 38" ObjVorlage="2013-09-11 00:00:00.0" ObKeinKontakt="1" ObjArtID="25" Merkmal="0.0"/>
  <Objekte ObjID="13509" ObjAufnahme="1998-08-15" ObjStrasseID="7120" ObjHausnummer="Karmarschstraße 40" ObjVorlage="2013-09-11 00:00:00.0" ObKeinKontakt="1" ObjArtID="25" Merkmal="0.0"/>
  <Objekte ObjID="13510" ObjAufnahme="1998-08-15" ObjStrasseID="7120" ObjHausnummer="Karmarschstraße 43" ObjVorlage="2013-09-11 00:00:00.0" ObKeinKontakt="1" ObjArtID="25" Merkmal="0.0"/>
  <Objekte ObjID="13511" ObjAufnahme="1998-08-18" ObjLetztKontakt="1998-08-18" ObjStrasseID="6588" ObjHausnummer="Goebenstraße 7" ObjVorlage="2013-09-11 00:00:00.0" ObKeinKontakt="1" ObjArtID="1" Merkmal="0.0" ObjInfo="Herr A. Rohde 755164 nach 18:00"/>
  <Objekte ObjID="13513" ObjAufnahme="1998-08-18" ObjLetztKontakt="1998-08-18" ObjStrasseID="4997" ObjHausnummer="Weidenstraße 25" ObjVorlage="2013-09-11 00:00:00.0" ObKeinKontakt="5" ObjArtID="8" Merkmal="0.9999999999999999" ObjInfo="230qm/1125qm/1971/Garage+Carport/798.000DM"/>
  <Objekte ObjID="13514" ObjAufnahme="1998-08-18" ObjLetztKontakt="1998-08-18" ObjStrasseID="6492" ObjHausnummer="Fritz-Beindorff-Allee 10" ObjVorlage="2013-09-11 00:00:00.0" ObKeinKontakt="2" ObjArtID="1" Merkmal="0.0"/>
  <Objekte ObjID="13515" ObjAufnahme="1998-08-20" ObjLetztKontakt="1998-08-20" ObjStrasseID="7591" ObjHausnummer="Münzstraße 10" ObjVorlage="2013-09-11 00:00:00.0" ObKeinKontakt="1" ObjArtID="1" Merkmal="0.0"/>
  <Objekte ObjID="13516" ObjAufnahme="1998-08-21" ObjLetztKontakt="1998-08-21" ObjStrasseID="9084" ObjHausnummer="Entenfang 36" ObjVorlage="2013-09-11 00:00:00.0" ObKeinKontakt="5" ObjArtID="8" Merkmal="0.9999999999999999"/>
  <Objekte ObjID="13517" ObjAufnahme="1998-08-24" ObjLetztKontakt="1998-08-24" ObjStrasseID="9095" ObjHausnummer="Hohenheider Straße 157" ObjVorlage="2013-09-11 00:00:00.0" ObKeinKontakt="5" ObjArtID="8" Merkmal="0.0" ObjInfo="420/180/90/2200/2 Grg./Ke./57 ren. bed."/>
  <Objekte ObjID="13518" ObjAufnahme="1998-08-24" ObjStrasseID="9098" ObjHausnummer="Birkhahnweg 22" ObjVorlage="2013-09-11 00:00:00.0" ObKeinKontakt="5" ObjArtID="8" Merkmal="0.0" ObjInfo="230qm/1570qm/1974/3Garagen/790.000 DM"/>
  <Objekte ObjID="13519" ObjAufnahme="1998-08-25" ObjLetztKontakt="1998-10-29" ObjStrasseID="6534" ObjHausnummer="Geibelstraße 87" ObjVorlage="2013-09-11 00:00:00.0" ObKeinKontakt="5" ObjArtID="1" Merkmal="0.0"/>
  <Objekte ObjID="13520" ObjAufnahme="1998-08-25" ObjLetztKontakt="1998-10-29" ObjStrasseID="6534" ObjHausnummer="Geibelstraße 89" ObjVorlage="2013-09-11 00:00:00.0" ObKeinKontakt="5" ObjArtID="1" Merkmal="0.0"/>
  <Objekte ObjID="13521" ObjAufnahme="1998-08-25" ObjLetztKontakt="1998-10-29" ObjStrasseID="6534" ObjHausnummer="Geibelstraße 91" ObjVorlage="2013-09-11 00:00:00.0" ObKeinKontakt="5" ObjArtID="1" Merkmal="0.0"/>
  <Objekte ObjID="13522" ObjAufnahme="1998-08-25" ObjLetztKontakt="1998-10-29" ObjStrasseID="6534" ObjHausnummer="Geibelstraße 93" ObjVorlage="2013-09-11 00:00:00.0" ObKeinKontakt="5" ObjArtID="1" Merkmal="0.0"/>
  <Objekte ObjID="13523" ObjAufnahme="1998-08-25" ObjLetztKontakt="1998-10-29" ObjStrasseID="6534" ObjHausnummer="Geibelstraße 95" ObjVorlage="2013-09-11 00:00:00.0" ObKeinKontakt="5" ObjArtID="1" Merkmal="0.0"/>
  <Objekte ObjID="13524" ObjAufnahme="1998-08-25" ObjLetztKontakt="1998-10-29" ObjStrasseID="6534" ObjHausnummer="Geibelstraße 97" ObjVorlage="2013-09-11 00:00:00.0" ObKeinKontakt="5" ObjArtID="1" Merkmal="0.0"/>
  <Objekte ObjID="13525" ObjAufnahme="1998-08-25" ObjLetztKontakt="2001-11-14" ObjStrasseID="6534" ObjHausnummer="Geibelstraße 50" ObjVorlage="2013-09-11 00:00:00.0" ObKeinKontakt="2" ObjArtID="1" Merkmal="0.0"/>
  <Objekte ObjID="13526" ObjAufnahme="1998-08-25" ObjLetztKontakt="2001-11-14" ObjStrasseID="6534" ObjHausnummer="Geibelstraße 54" ObjVorlage="2013-09-11 00:00:00.0" ObKeinKontakt="2" ObjArtID="1" Merkmal="0.0"/>
  <Objekte ObjID="13527" ObjAufnahme="1998-08-25" ObjLetztKontakt="2001-11-14" ObjStrasseID="6534" ObjHausnummer="Geibelstraße 55" ObjVorlage="2013-09-11 00:00:00.0" ObKeinKontakt="2" ObjArtID="1" Merkmal="0.0"/>
  <Objekte ObjID="13528" ObjAufnahme="1998-08-25" ObjLetztKontakt="2001-11-14" ObjStrasseID="6534" ObjHausnummer="Geibelstraße 26" ObjVorlage="2013-09-11 00:00:00.0" ObKeinKontakt="2" ObjArtID="1" Merkmal="0.0"/>
  <Objekte ObjID="13529" ObjAufnahme="1998-08-25" ObjLetztKontakt="2001-11-14" ObjStrasseID="6534" ObjHausnummer="Geibelstraße 57" ObjVorlage="2013-09-11 00:00:00.0" ObKeinKontakt="2" ObjArtID="1" Merkmal="0.0"/>
  <Objekte ObjID="13530" ObjAufnahme="1998-08-25" ObjLetztKontakt="2001-11-14" ObjStrasseID="6534" ObjHausnummer="Geibelstraße 58" ObjVorlage="2013-09-11 00:00:00.0" ObKeinKontakt="2" ObjArtID="1" Merkmal="0.0"/>
  <Objekte ObjID="13531" ObjAufnahme="1998-08-25" ObjLetztKontakt="1999-02-15" ObjStrasseID="6534" ObjHausnummer="Geibelstraße 59" ObjVorlage="2013-09-11 00:00:00.0" ObKeinKontakt="1" ObjArtID="177" Merkmal="0.0"/>
  <Objekte ObjID="13532" ObjAufnahme="1998-08-25" ObjLetztKontakt="2001-11-14" ObjStrasseID="6534" ObjHausnummer="Geibelstraße 60" ObjVorlage="2013-09-11 00:00:00.0" ObKeinKontakt="2" ObjArtID="1" Merkmal="0.0"/>
  <Objekte ObjID="13533" ObjAufnahme="1998-08-25" ObjLetztKontakt="1998-10-21" ObjStrasseID="3366" ObjHausnummer="Egestorffstraße 9" ObjVorlage="2013-09-11 00:00:00.0" ObKeinKontakt="5" ObjArtID="1" Merkmal="0.0"/>
  <Objekte ObjID="13534" ObjAufnahme="1998-08-25" ObjLetztKontakt="2001-11-14" ObjStrasseID="6534" ObjHausnummer="Geibelstraße 62" ObjVorlage="2013-09-11 00:00:00.0" ObKeinKontakt="2" ObjArtID="1" Merkmal="0.0"/>
  <Objekte ObjID="13535" ObjAufnahme="1998-08-25" ObjLetztKontakt="2001-11-14" ObjStrasseID="6534" ObjHausnummer="Geibelstraße 64" ObjVorlage="2013-09-11 00:00:00.0" ObKeinKontakt="2" ObjArtID="54" Merkmal="0.0"/>
  <Objekte ObjID="13536" ObjAufnahme="1998-08-25" ObjLetztKontakt="1998-10-29" ObjStrasseID="6534" ObjHausnummer="Geibelstraße 65" ObjVorlage="2013-09-11 00:00:00.0" ObKeinKontakt="2" ObjArtID="25" Merkmal="0.0"/>
  <Objekte ObjID="13537" ObjAufnahme="1998-08-25" ObjLetztKontakt="1999-07-08" ObjStrasseID="6534" ObjHausnummer="Geibelstraße 66" ObjVorlage="2013-09-11 00:00:00.0" ObKeinKontakt="1" ObjArtID="82" Merkmal="0.0" ObjInfo="13568~&#xD;&#xA;13538"/>
  <Objekte ObjID="13539" ObjAufnahme="1998-08-25" ObjLetztKontakt="2002-12-18" ObjStrasseID="6534" ObjHausnummer="Geibelstraße 69" ObjVorlage="2013-09-11 00:00:00.0" ObKeinKontakt="2" ObjArtID="177" Merkmal="0.0" ObjInfo="Markus Wissing&#xD;&#xA;kein Nebenjob"/>
  <Objekte ObjID="13540" ObjAufnahme="1998-08-25" ObjLetztKontakt="2001-11-14" ObjStrasseID="6534" ObjHausnummer="Geibelstraße 70" ObjVorlage="2013-09-11 00:00:00.0" ObKeinKontakt="2" ObjArtID="1" Merkmal="0.0"/>
  <Objekte ObjID="13541" ObjAufnahme="1998-08-25" ObjLetztKontakt="2001-11-14" ObjStrasseID="6534" ObjHausnummer="Geibelstraße 71" ObjVorlage="2013-09-11 00:00:00.0" ObKeinKontakt="2" ObjArtID="1" Merkmal="0.0"/>
  <Objekte ObjID="13542" ObjAufnahme="1998-08-25" ObjLetztKontakt="1998-10-29" ObjStrasseID="6534" ObjHausnummer="Geibelstraße 72" ObjVorlage="2013-09-11 00:00:00.0" ObKeinKontakt="1" ObjArtID="1" Merkmal="0.0" ObjInfo="Verwaltung Kerkhoff H.Kindler 28869332"/>
  <Objekte ObjID="13543" ObjAufnahme="1998-08-25" ObjLetztKontakt="1998-08-25" ObjStrasseID="6534" ObjHausnummer="Geibelstraße 73" ObjVorlage="2013-09-11 00:00:00.0" ObKeinKontakt="5" ObjArtID="1" Merkmal="0.0"/>
  <Objekte ObjID="13544" ObjAufnahme="1998-08-25" ObjLetztKontakt="1999-02-15" ObjStrasseID="6534" ObjHausnummer="Geibelstraße 75" ObjVorlage="2013-09-11 00:00:00.0" ObKeinKontakt="1" ObjArtID="177" Merkmal="0.0"/>
  <Objekte ObjID="13545" ObjAufnahme="1998-08-25" ObjLetztKontakt="1998-08-25" ObjStrasseID="6534" ObjHausnummer="Geibelstraße 90" ObjVorlage="2013-09-11 00:00:00.0" ObKeinKontakt="1" ObjArtID="35" Merkmal="0.0" ObjInfo="Stadt Hannover, Altenheim"/>
  <Objekte ObjID="13546" ObjAufnahme="1998-08-25" ObjLetztKontakt="1999-02-15" ObjStrasseID="6534" ObjHausnummer="Geibelstraße 96" ObjVorlage="2013-09-11 00:00:00.0" ObKeinKontakt="5" ObjArtID="177" Merkmal="0.0"/>
  <Objekte ObjID="13547" ObjAufnahme="1998-08-25" ObjLetztKontakt="1999-02-15" ObjStrasseID="6534" ObjHausnummer="Geibelstraße 98" ObjVorlage="2013-09-11 00:00:00.0" ObKeinKontakt="5" ObjArtID="54" Merkmal="0.0"/>
  <Objekte ObjID="13548" ObjAufnahme="1998-08-25" ObjLetztKontakt="1998-10-29" ObjStrasseID="6534" ObjHausnummer="Geibelstraße 100" ObjVorlage="2013-09-11 00:00:00.0" ObKeinKontakt="5" ObjArtID="1" Merkmal="0.0"/>
  <Objekte ObjID="13549" ObjAufnahme="1998-08-25" ObjLetztKontakt="2001-11-14" ObjStrasseID="6534" ObjHausnummer="Geibelstraße 102" ObjVorlage="2013-09-11 00:00:00.0" ObKeinKontakt="5" ObjArtID="1" Merkmal="0.0"/>
  <Objekte ObjID="13550" ObjAufnahme="1998-08-25" ObjLetztKontakt="1999-07-08" ObjStrasseID="6534" ObjHausnummer="Geibelstraße 107" ObjVorlage="2013-09-11 00:00:00.0" ObKeinKontakt="1" ObjArtID="219" Merkmal="0.9999999999999999" ObjInfo="560127\2 Blk. SW u. SO"/>
  <Objekte ObjID="13551" ObjAufnahme="1998-08-26" ObjLetztKontakt="1998-08-26" ObjStrasseID="8654" ObjHausnummer="Windthorststraße 12" ObjVorlage="2013-09-11 00:00:00.0" ObKeinKontakt="7" ObjArtID="1" Merkmal="0.0"/>
  <Objekte ObjID="13552" ObjAufnahme="1998-08-26" ObjLetztKontakt="1998-08-26" ObjStrasseID="5896" ObjHausnummer="Behnsenstraße 10" ObjVorlage="2013-09-11 00:00:00.0" ObKeinKontakt="7" ObjArtID="1" Merkmal="0.0"/>
  <Objekte ObjID="13553" ObjAufnahme="1998-08-31" ObjStrasseID="7153" ObjHausnummer="Kirchröder Straße 40" ObjVorlage="2013-09-11 00:00:00.0" ObKeinKontakt="5" ObjArtID="24" Merkmal="0.0"/>
  <Objekte ObjID="13555" ObjAufnahme="1998-09-01" ObjLetztKontakt="1998-09-01" ObjStrasseID="9114" ObjHausnummer="Gänsemarsch 1C" ObjVorlage="2013-09-11 00:00:00.0" ObKeinKontakt="5" ObjArtID="8" Merkmal="0.0" ObjInfo="860/235/21/550/2 Stellpl./-/1780/93"/>
  <Objekte ObjID="13557" ObjAufnahme="1998-09-01" ObjLetztKontakt="1998-09-01" ObjStrasseID="7563" ObjHausnummer="Mommsenstraße 36" ObjVorlage="2013-09-11 00:00:00.0" ObKeinKontakt="5" ObjArtID="1" Merkmal="0.0"/>
  <Objekte ObjID="13558" ObjAufnahme="1998-09-01" ObjStrasseID="6206" ObjHausnummer="Denickeweg 4" ObjVorlage="2013-09-11 00:00:00.0" ObKeinKontakt="5" ObjArtID="8" Merkmal="0.0"/>
  <Objekte ObjID="13559" ObjAufnahme="1998-09-02" ObjLetztKontakt="1998-09-02" ObjStrasseID="8695" ObjHausnummer="Wunstorfer Landstraße 1" ObjVorlage="2013-09-11 00:00:00.0" ObKeinKontakt="5" ObjArtID="197" Merkmal="0.0" ObjInfo="295112Ausbau vor 3 Jahren Terr. Grg."/>
  <Objekte ObjID="13560" ObjAufnahme="1998-09-02" ObjLetztKontakt="1998-09-02" ObjStrasseID="5168" ObjHausnummer="Hainhäuser Weg 186" ObjVorlage="2013-09-11 00:00:00.0" ObKeinKontakt="5" ObjArtID="8" Merkmal="0.0" ObjInfo="220qm/558qm/1984/Garage/695.000DM"/>
  <Objekte ObjID="13561" ObjAufnahme="1998-09-04" ObjStrasseID="6593" ObjHausnummer="Goethestraße 4" ObjVorlage="2013-09-11 00:00:00.0" ObKeinKontakt="1" ObjArtID="1" Merkmal="0.0"/>
  <Objekte ObjID="13563" ObjAufnahme="1998-09-10" ObjLetztKontakt="1998-09-10" ObjStrasseID="9138" ObjHausnummer="Sundernweg 4" ObjVorlage="2013-09-11 00:00:00.0" ObKeinKontakt="5" ObjArtID="8" Merkmal="0.0"/>
  <Objekte ObjID="13564" ObjAufnahme="1998-09-11" ObjLetztKontakt="1998-09-11" ObjStrasseID="6380" ObjHausnummer="Esperantostraße 10" ObjVorlage="2013-09-11 00:00:00.0" ObKeinKontakt="5" ObjArtID="9" Merkmal="0.9999999999999999" ObjInfo="-Bürohaus/1991/210/3,0"/>
  <Objekte ObjID="13565" ObjAufnahme="1998-09-14" ObjLetztKontakt="1998-09-14" ObjStrasseID="6534" ObjHausnummer="Geibelstraße 61" ObjVorlage="2013-09-11 00:00:00.0" ObKeinKontakt="5" ObjArtID="25" Merkmal="0.9999999999999999" ObjInfo="-Bürohaus/1900/1954/700/10,5"/>
  <Objekte ObjID="13566" ObjAufnahme="1998-09-14" ObjLetztKontakt="1998-10-20" ObjStrasseID="8401" ObjHausnummer="Torstraße 1" ObjVorlage="2013-09-11 00:00:00.0" ObKeinKontakt="2" ObjArtID="1" Merkmal="0.0"/>
  <Objekte ObjID="13567" ObjAufnahme="1998-09-14" ObjLetztKontakt="1998-10-20" ObjStrasseID="8401" ObjHausnummer="Torstraße 2" ObjVorlage="2013-09-11 00:00:00.0" ObKeinKontakt="2" ObjArtID="1" Merkmal="0.0"/>
  <Objekte ObjID="13568" ObjAufnahme="1998-09-14" ObjLetztKontakt="1998-09-14" ObjStrasseID="8401" ObjHausnummer="Torstraße 5" ObjVorlage="2013-09-11 00:00:00.0" ObKeinKontakt="2" ObjArtID="1" Merkmal="0.0"/>
  <Objekte ObjID="13569" ObjAufnahme="1998-09-14" ObjLetztKontakt="1999-03-19" ObjStrasseID="8401" ObjHausnummer="Torstraße 6" ObjVorlage="2013-09-11 00:00:00.0" ObKeinKontakt="1" ObjArtID="177" Merkmal="0.0"/>
  <Objekte ObjID="13570" ObjAufnahme="1998-09-14" ObjLetztKontakt="1999-03-19" ObjStrasseID="8401" ObjHausnummer="Torstraße 7" ObjVorlage="2013-09-11 00:00:00.0" ObKeinKontakt="1" ObjArtID="177" Merkmal="0.0"/>
  <Objekte ObjID="13571" ObjAufnahme="1998-09-14" ObjLetztKontakt="1999-03-19" ObjStrasseID="8401" ObjHausnummer="Torstraße 9" ObjVorlage="2013-09-11 00:00:00.0" ObKeinKontakt="1" ObjArtID="177" Merkmal="0.0"/>
  <Objekte ObjID="13572" ObjAufnahme="1998-09-14" ObjLetztKontakt="1998-09-14" ObjStrasseID="8401" ObjHausnummer="Torstraße 10" ObjVorlage="2013-09-11 00:00:00.0" ObKeinKontakt="1" ObjArtID="1" Merkmal="0.0" ObjInfo="Eigentümer Eva Ruprecht hat 97 verkauft"/>
  <Objekte ObjID="13573" ObjAufnahme="1998-09-14" ObjLetztKontakt="1999-03-19" ObjStrasseID="8401" ObjHausnummer="Torstraße 11" ObjVorlage="2013-09-11 00:00:00.0" ObKeinKontakt="1" ObjArtID="177" Merkmal="0.0"/>
  <Objekte ObjID="13574" ObjAufnahme="1998-09-14" ObjLetztKontakt="1999-03-19" ObjStrasseID="8401" ObjHausnummer="Torstraße 12" ObjVorlage="2013-09-11 00:00:00.0" ObKeinKontakt="1" ObjArtID="177" Merkmal="0.0"/>
  <Objekte ObjID="13575" ObjAufnahme="1998-09-14" ObjLetztKontakt="1998-09-14" ObjStrasseID="8401" ObjHausnummer="Torstraße 14" ObjVorlage="2013-09-11 00:00:00.0" ObKeinKontakt="1" ObjArtID="1" Merkmal="0.0"/>
  <Objekte ObjID="13576" ObjAufnahme="1998-09-14" ObjLetztKontakt="1998-10-21" ObjStrasseID="8401" ObjHausnummer="Torstraße 15" ObjVorlage="2013-09-11 00:00:00.0" ObKeinKontakt="2" ObjArtID="1" Merkmal="0.0"/>
  <Objekte ObjID="13577" ObjAufnahme="1998-09-14" ObjLetztKontakt="1999-03-19" ObjStrasseID="8401" ObjHausnummer="Torstraße 17" ObjVorlage="2013-09-11 00:00:00.0" ObKeinKontakt="1" ObjArtID="177" Merkmal="0.0"/>
  <Objekte ObjID="13578" ObjAufnahme="1998-09-14" ObjLetztKontakt="1998-09-14" ObjStrasseID="8401" ObjHausnummer="Torstraße 21" ObjVorlage="2013-09-11 00:00:00.0" ObKeinKontakt="4" ObjArtID="1" Merkmal="0.0"/>
  <Objekte ObjID="13579" ObjAufnahme="1998-09-14" ObjLetztKontakt="1998-09-14" ObjStrasseID="7562" ObjHausnummer="Mommsenstraße 1" ObjVorlage="2013-09-11 00:00:00.0" ObKeinKontakt="2" ObjArtID="1" Merkmal="0.0"/>
  <Objekte ObjID="13580" ObjAufnahme="1998-09-14" ObjLetztKontakt="1998-10-29" ObjStrasseID="7562" ObjHausnummer="Mommsenstraße 2" ObjVorlage="2013-09-11 00:00:00.0" ObKeinKontakt="1" ObjArtID="177" Merkmal="0.0"/>
  <Objekte ObjID="13581" ObjAufnahme="1998-09-14" ObjLetztKontakt="2001-06-11" ObjStrasseID="7562" ObjHausnummer="Mommsenstraße 3" ObjVorlage="2013-09-11 00:00:00.0" ObKeinKontakt="9" ObjArtID="117" Merkmal="0.0" ObjInfo="21565850Südwest-Wintergarten unbefr."/>
  <Objekte ObjID="13582" ObjAufnahme="1998-09-14" ObjLetztKontakt="1998-10-29" ObjStrasseID="7562" ObjHausnummer="Mommsenstraße 4" ObjVorlage="2013-09-11 00:00:00.0" ObKeinKontakt="1" ObjArtID="177" Merkmal="0.0"/>
  <Objekte ObjID="13583" ObjAufnahme="1998-09-14" ObjLetztKontakt="1998-10-29" ObjStrasseID="7562" ObjHausnummer="Mommsenstraße 5" ObjVorlage="2013-09-11 00:00:00.0" ObKeinKontakt="1" ObjArtID="177" Merkmal="0.0"/>
  <Objekte ObjID="13584" ObjAufnahme="1998-09-14" ObjLetztKontakt="1998-10-29" ObjStrasseID="7562" ObjHausnummer="Mommsenstraße 6" ObjVorlage="2013-09-11 00:00:00.0" ObKeinKontakt="1" ObjArtID="177" Merkmal="0.0"/>
  <Objekte ObjID="13585" ObjAufnahme="1998-09-14" ObjLetztKontakt="1998-10-29" ObjStrasseID="7562" ObjHausnummer="Mommsenstraße 38" ObjVorlage="2013-09-11 00:00:00.0" ObKeinKontakt="1" ObjArtID="177" Merkmal="0.0"/>
  <Objekte ObjID="13586" ObjAufnahme="1998-09-14" ObjStrasseID="7562" ObjHausnummer="Mommsenstraße 40" ObjVorlage="2013-09-11 00:00:00.0" ObKeinKontakt="2" ObjArtID="1" Merkmal="0.0"/>
  <Objekte ObjID="13587" ObjAufnahme="1998-09-14" ObjLetztKontakt="1998-11-02" ObjStrasseID="7562" ObjHausnummer="Mommsenstraße 41" ObjVorlage="2013-09-11 00:00:00.0" ObKeinKontakt="2" ObjArtID="1" Merkmal="0.0"/>
  <Objekte ObjID="13588" ObjAufnahme="1998-09-14" ObjLetztKontakt="1998-09-14" ObjStrasseID="7563" ObjHausnummer="Mommsenstraße 8" ObjVorlage="2013-09-11 00:00:00.0" ObKeinKontakt="2" ObjArtID="1" Merkmal="0.0"/>
  <Objekte ObjID="13589" ObjAufnahme="1998-09-14" ObjLetztKontakt="1998-09-14" ObjStrasseID="7563" ObjHausnummer="Mommsenstraße 9" ObjVorlage="2013-09-11 00:00:00.0" ObKeinKontakt="5" ObjArtID="177" Merkmal="0.0"/>
  <Objekte ObjID="13590" ObjAufnahme="1998-09-14" ObjLetztKontakt="1998-09-14" ObjStrasseID="7563" ObjHausnummer="Mommsenstraße 10" ObjVorlage="2013-09-11 00:00:00.0" ObKeinKontakt="7" ObjArtID="1" Merkmal="0.0"/>
  <Objekte ObjID="13591" ObjAufnahme="1998-09-14" ObjLetztKontakt="1998-11-02" ObjStrasseID="7563" ObjHausnummer="Mommsenstraße 13" ObjVorlage="2013-09-11 00:00:00.0" ObKeinKontakt="3" ObjArtID="1" Merkmal="0.0"/>
  <Objekte ObjID="13592" ObjAufnahme="1998-09-14" ObjLetztKontakt="1998-11-02" ObjStrasseID="7563" ObjHausnummer="Mommsenstraße 35" ObjVorlage="2013-09-11 00:00:00.0" ObKeinKontakt="2" ObjArtID="1" Merkmal="0.0"/>
  <Objekte ObjID="13593" ObjAufnahme="1998-09-14" ObjLetztKontakt="1998-11-02" ObjStrasseID="7563" ObjHausnummer="Mommsenstraße 37" ObjVorlage="2013-09-11 00:00:00.0" ObKeinKontakt="1" ObjArtID="1" Merkmal="0.0" ObjInfo="Dr. Uwe Brötz 30900 WedemarkBrötz Margarete, Am Meierhof 2, 30900 Wedemark, 05130-3088"/>
  <Objekte ObjID="13594" ObjAufnahme="1998-09-15" ObjLetztKontakt="1998-09-15" ObjStrasseID="9149" ObjHausnummer="Auf dem Kiel 7" ObjVorlage="2013-09-11 00:00:00.0" ObKeinKontakt="5" ObjArtID="8" Merkmal="0.9999999999999999"/>
  <Objekte ObjID="13595" ObjAufnahme="1998-09-16" ObjLetztKontakt="1998-09-16" ObjStrasseID="3086" ObjHausnummer="Baumgarten 33" ObjVorlage="2013-09-11 00:00:00.0" ObKeinKontakt="5" ObjArtID="8" Merkmal="0.9999999999999999" ObjInfo="140qm/510qm/1988/Garage/795.000DM"/>
  <Objekte ObjID="13596" ObjAufnahme="1998-09-16" ObjLetztKontakt="1999-07-08" ObjStrasseID="8695" ObjHausnummer="Wunstorfer Landstraße 57" ObjVorlage="2013-09-11 00:00:00.0" ObKeinKontakt="5" ObjArtID="195" Merkmal="0.0" ObjInfo="8045\Blk.Ost Grg."/>
  <Objekte ObjID="13597" ObjAufnahme="1998-09-16" ObjLetztKontakt="1998-09-16" ObjStrasseID="7408" ObjHausnummer="Lister Straße 7" ObjVorlage="2013-09-11 00:00:00.0" ObKeinKontakt="1" ObjArtID="37" Merkmal="0.0"/>
  <Objekte ObjID="13598" ObjAufnahme="1998-09-16" ObjLetztKontakt="1998-09-16" ObjStrasseID="7408" ObjHausnummer="Lister Straße 10" ObjVorlage="2013-09-11 00:00:00.0" ObKeinKontakt="1" ObjArtID="37" Merkmal="0.0"/>
  <Objekte ObjID="13599" ObjAufnahme="1998-09-16" ObjLetztKontakt="1998-09-16" ObjStrasseID="7408" ObjHausnummer="Lister Straße 11" ObjVorlage="2013-09-11 00:00:00.0" ObKeinKontakt="1" ObjArtID="37" Merkmal="0.0"/>
  <Objekte ObjID="13600" ObjAufnahme="1998-09-17" ObjLetztKontakt="1998-09-17" ObjStrasseID="7312" ObjHausnummer="Laportestraße 2" ObjVorlage="2013-09-11 00:00:00.0" ObKeinKontakt="5" ObjArtID="1" Merkmal="0.0" ObjInfo="15WE/105/1,7"/>
  <Objekte ObjID="13601" ObjAufnahme="1998-09-18" ObjLetztKontakt="1998-09-18" ObjStrasseID="7242" ObjHausnummer="Kötnerholzweg 47" ObjVorlage="2013-09-11 00:00:00.0" ObKeinKontakt="1" ObjArtID="1" Merkmal="0.0"/>
  <Objekte ObjID="13602" ObjAufnahme="1998-09-18" ObjStrasseID="6231" ObjHausnummer="Dohmeyers Weg 1" ObjVorlage="2013-09-11 00:00:00.0" ObKeinKontakt="1" ObjArtID="1" Merkmal="0.0"/>
  <Objekte ObjID="13603" ObjAufnahme="1998-09-18" ObjStrasseID="6231" ObjHausnummer="Dohmeyers Weg 1A" ObjVorlage="2013-09-11 00:00:00.0" ObKeinKontakt="1" ObjArtID="1" Merkmal="0.0"/>
  <Objekte ObjID="13604" ObjAufnahme="1998-09-18" ObjStrasseID="6231" ObjHausnummer="Dohmeyers Weg 1D" ObjVorlage="2013-09-11 00:00:00.0" ObKeinKontakt="1" ObjArtID="1" Merkmal="0.0"/>
  <Objekte ObjID="13605" ObjAufnahme="1998-09-18" ObjStrasseID="6231" ObjHausnummer="Dohmeyers Weg 2" ObjVorlage="2013-09-11 00:00:00.0" ObKeinKontakt="1" ObjArtID="1" Merkmal="0.0"/>
  <Objekte ObjID="13606" ObjAufnahme="1998-09-18" ObjStrasseID="6231" ObjHausnummer="Dohmeyers Weg 3" ObjVorlage="2013-09-11 00:00:00.0" ObKeinKontakt="1" ObjArtID="1" Merkmal="0.0" ObjInfo="Jürgen Duenbastel, untergetaucht nachfragen bei H.Duenbostel 557813"/>
  <Objekte ObjID="13607" ObjAufnahme="1998-09-18" ObjStrasseID="6231" ObjHausnummer="Dohmeyers Weg 4" ObjVorlage="2013-09-11 00:00:00.0" ObKeinKontakt="1" ObjArtID="1" Merkmal="0.0"/>
  <Objekte ObjID="13608" ObjAufnahme="1998-09-18" ObjStrasseID="6231" ObjHausnummer="Dohmeyers Weg 5" ObjVorlage="2013-09-11 00:00:00.0" ObKeinKontakt="1" ObjArtID="1" Merkmal="0.0"/>
  <Objekte ObjID="13609" ObjAufnahme="1998-09-18" ObjLetztKontakt="2013-03-27" ObjStrasseID="6231" ObjHausnummer="Dohmeyers Weg 6" ObjVorlage="2013-09-11 00:00:00.0" ObKeinKontakt="2" ObjArtID="1" Merkmal="0.0"/>
  <Objekte ObjID="13610" ObjAufnahme="1998-09-18" ObjStrasseID="6231" ObjHausnummer="Dohmeyers Weg 7" ObjVorlage="2013-09-11 00:00:00.0" ObKeinKontakt="1" ObjArtID="1" Merkmal="0.0"/>
  <Objekte ObjID="13611" ObjAufnahme="1998-09-18" ObjStrasseID="6231" ObjHausnummer="Dohmeyers Weg 8" ObjVorlage="2013-09-11 00:00:00.0" ObKeinKontakt="1" ObjArtID="1" Merkmal="0.0"/>
  <Objekte ObjID="13612" ObjAufnahme="1998-09-18" ObjStrasseID="6231" ObjHausnummer="Dohmeyers Weg 8A" ObjVorlage="2013-09-11 00:00:00.0" ObKeinKontakt="1" ObjArtID="1" Merkmal="0.0"/>
  <Objekte ObjID="13613" ObjAufnahme="1998-09-18" ObjStrasseID="6231" ObjHausnummer="Dohmeyers Weg 9" ObjVorlage="2013-09-11 00:00:00.0" ObKeinKontakt="1" ObjArtID="1" Merkmal="0.0"/>
  <Objekte ObjID="13614" ObjAufnahme="1998-09-18" ObjStrasseID="6231" ObjHausnummer="Dohmeyers Weg 10" ObjVorlage="2013-09-11 00:00:00.0" ObKeinKontakt="1" ObjArtID="1" Merkmal="0.0"/>
  <Objekte ObjID="13615" ObjAufnahme="1998-09-18" ObjStrasseID="6231" ObjHausnummer="Dohmeyers Weg 10A" ObjVorlage="2013-09-11 00:00:00.0" ObKeinKontakt="1" ObjArtID="1" Merkmal="0.0"/>
  <Objekte ObjID="13616" ObjAufnahme="1998-09-18" ObjStrasseID="6231" ObjHausnummer="Dohmeyers Weg 11" ObjVorlage="2013-09-11 00:00:00.0" ObKeinKontakt="1" ObjArtID="1" Merkmal="0.0"/>
  <Objekte ObjID="13617" ObjAufnahme="1998-09-18" ObjStrasseID="6231" ObjHausnummer="Dohmeyers Weg 13" ObjVorlage="2013-09-11 00:00:00.0" ObKeinKontakt="1" ObjArtID="1" Merkmal="0.0"/>
  <Objekte ObjID="13618" ObjAufnahme="1998-09-18" ObjStrasseID="6231" ObjHausnummer="Dohmeyers Weg 14" ObjVorlage="2013-09-11 00:00:00.0" ObKeinKontakt="1" ObjArtID="1" Merkmal="0.0"/>
  <Objekte ObjID="13619" ObjAufnahme="1998-09-18" ObjStrasseID="6231" ObjHausnummer="Dohmeyers Weg 16" ObjVorlage="2013-09-11 00:00:00.0" ObKeinKontakt="1" ObjArtID="177" Merkmal="0.0"/>
  <Objekte ObjID="13620" ObjAufnahme="1998-09-18" ObjStrasseID="6231" ObjHausnummer="Dohmeyers Weg 17" ObjVorlage="2013-09-11 00:00:00.0" ObKeinKontakt="2" ObjArtID="1" Merkmal="0.0" ObjInfo="E. Spelzhaus Erben 537713"/>
  <Objekte ObjID="13621" ObjAufnahme="1998-09-18" ObjStrasseID="6231" ObjHausnummer="Dohmeyers Weg 18" ObjVorlage="2013-09-11 00:00:00.0" ObKeinKontakt="1" ObjArtID="177" Merkmal="0.0"/>
  <Objekte ObjID="13622" ObjAufnahme="1998-09-18" ObjStrasseID="6231" ObjHausnummer="Dohmeyers Weg 20" ObjVorlage="2013-09-11 00:00:00.0" ObKeinKontakt="1" ObjArtID="1" Merkmal="0.0"/>
  <Objekte ObjID="13623" ObjAufnahme="1998-09-18" ObjStrasseID="6231" ObjHausnummer="Dohmeyers Weg 21" ObjVorlage="2013-09-11 00:00:00.0" ObKeinKontakt="1" ObjArtID="1" Merkmal="0.0"/>
  <Objekte ObjID="13624" ObjAufnahme="1998-09-18" ObjStrasseID="6231" ObjHausnummer="Dohmeyers Weg 22" ObjVorlage="2013-09-11 00:00:00.0" ObKeinKontakt="1" ObjArtID="1" Merkmal="0.0"/>
  <Objekte ObjID="13625" ObjAufnahme="1998-09-18" ObjStrasseID="6231" ObjHausnummer="Dohmeyers Weg 24" ObjVorlage="2013-09-11 00:00:00.0" ObKeinKontakt="1" ObjArtID="1" Merkmal="0.0"/>
  <Objekte ObjID="13626" ObjAufnahme="1998-09-18" ObjStrasseID="6231" ObjHausnummer="Dohmeyers Weg 25" ObjVorlage="2013-09-11 00:00:00.0" ObKeinKontakt="1" ObjArtID="1" Merkmal="0.0"/>
  <Objekte ObjID="13627" ObjAufnahme="1998-09-18" ObjStrasseID="6231" ObjHausnummer="Dohmeyers Weg 26" ObjVorlage="2013-09-11 00:00:00.0" ObKeinKontakt="1" ObjArtID="1" Merkmal="0.0"/>
  <Objekte ObjID="13628" ObjAufnahme="1998-09-18" ObjStrasseID="6231" ObjHausnummer="Dohmeyers Weg 27" ObjVorlage="2013-09-11 00:00:00.0" ObKeinKontakt="1" ObjArtID="1" Merkmal="0.0"/>
  <Objekte ObjID="13629" ObjAufnahme="1998-09-18" ObjStrasseID="6231" ObjHausnummer="Dohmeyers Weg 27A" ObjVorlage="2013-09-11 00:00:00.0" ObKeinKontakt="1" ObjArtID="1" Merkmal="0.0"/>
  <Objekte ObjID="13630" ObjAufnahme="1998-09-18" ObjStrasseID="6231" ObjHausnummer="Dohmeyers Weg 27B" ObjVorlage="2013-09-11 00:00:00.0" ObKeinKontakt="1" ObjArtID="1" Merkmal="0.0"/>
  <Objekte ObjID="13631" ObjAufnahme="1998-09-18" ObjStrasseID="6231" ObjHausnummer="Dohmeyers Weg 27C" ObjVorlage="2013-09-11 00:00:00.0" ObKeinKontakt="1" ObjArtID="1" Merkmal="0.0"/>
  <Objekte ObjID="13632" ObjAufnahme="1998-09-18" ObjStrasseID="6231" ObjHausnummer="Dohmeyers Weg 28" ObjVorlage="2013-09-11 00:00:00.0" ObKeinKontakt="1" ObjArtID="1" Merkmal="0.0"/>
  <Objekte ObjID="13633" ObjAufnahme="1998-09-18" ObjStrasseID="6231" ObjHausnummer="Dohmeyers Weg 30" ObjVorlage="2013-09-11 00:00:00.0" ObKeinKontakt="1" ObjArtID="177" Merkmal="0.0"/>
  <Objekte ObjID="13634" ObjAufnahme="1998-09-18" ObjStrasseID="6231" ObjHausnummer="Dohmeyers Weg 32" ObjVorlage="2013-09-11 00:00:00.0" ObKeinKontakt="1" ObjArtID="1" Merkmal="0.0"/>
  <Objekte ObjID="13635" ObjAufnahme="1998-09-18" ObjStrasseID="6231" ObjHausnummer="Dohmeyers Weg 34" ObjVorlage="2013-09-11 00:00:00.0" ObKeinKontakt="1" ObjArtID="1" Merkmal="0.0"/>
  <Objekte ObjID="13636" ObjAufnahme="1998-09-21" ObjLetztKontakt="1998-09-21" ObjStrasseID="6873" ObjVorlage="2013-09-11 00:00:00.0" ObKeinKontakt="5" ObjArtID="24" Merkmal="0.0"/>
  <Objekte ObjID="13637" ObjAufnahme="1998-09-21" ObjLetztKontakt="1998-09-21" ObjStrasseID="6873" ObjHausnummer="Hildeboldstraße 24" ObjVorlage="2013-09-11 00:00:00.0" ObKeinKontakt="5" ObjArtID="24" Merkmal="0.0" ObjInfo="130qm/1200qm/1933/2Garagen/550.000DM"/>
  <Objekte ObjID="13638" ObjAufnahme="1998-09-21" ObjLetztKontakt="1998-09-21" ObjStrasseID="9090" ObjHausnummer="Im Bruchfeld 28" ObjVorlage="2013-09-11 00:00:00.0" ObKeinKontakt="5" ObjArtID="8" Merkmal="0.0" ObjInfo="480/145/80/720/Grg./Ke./68"/>
  <Objekte ObjID="13639" ObjAufnahme="1998-09-24" ObjLetztKontakt="1998-09-24" ObjStrasseID="9159" ObjHausnummer="Eulenkamp 10" ObjVorlage="2013-09-11 00:00:00.0" ObKeinKontakt="5" ObjArtID="8" Merkmal="0.9999999999999999" ObjInfo="680/200/135/1538/2 Grg./Ke./59"/>
  <Objekte ObjID="13640" ObjAufnahme="1998-09-24" ObjLetztKontakt="1998-09-24" ObjStrasseID="5942" ObjHausnummer="Bessemerstraße 4" ObjVorlage="2013-09-11 00:00:00.0" ObKeinKontakt="5" ObjArtID="105" Merkmal="0.9999999999999999" ObjInfo="499146\"/>
  <Objekte ObjID="13641" ObjAufnahme="1998-09-28" ObjLetztKontakt="2013-07-24" ObjStrasseID="7468" ObjHausnummer="Malmedyer Straße 1A" ObjVorlage="2013-09-11 00:00:00.0" ObKeinKontakt="2" ObjArtID="8" Merkmal="1.0" ObjInfo="175qm/600qm/1964/Carport/595.000DM/ruhen lassen"/>
  <Objekte ObjID="13642" ObjAufnahme="1998-09-30" ObjLetztKontakt="1998-09-30" ObjStrasseID="7204" ObjHausnummer="Kolbergstraße 14" ObjVorlage="2013-09-11 00:00:00.0" ObKeinKontakt="5" ObjArtID="9" Merkmal="0.9999999999999999" ObjInfo="Bürohaus/1953/300/3,0+"/>
  <Objekte ObjID="13643" ObjAufnahme="1998-09-30" ObjLetztKontakt="1998-09-30" ObjStrasseID="7637" ObjHausnummer="Nienburger Straße 14A" ObjVorlage="2013-09-11 00:00:00.0" ObKeinKontakt="5" ObjArtID="9" Merkmal="0.0"/>
  <Objekte ObjID="13644" ObjAufnahme="1998-09-30" ObjLetztKontakt="1998-09-30" ObjStrasseID="7637" ObjHausnummer="Nienburger Straße 15" ObjVorlage="2013-09-11 00:00:00.0" ObKeinKontakt="5" ObjArtID="9" Merkmal="0.0"/>
  <Objekte ObjID="13645" ObjAufnahme="1998-10-02" ObjLetztKontakt="1998-10-02" ObjStrasseID="9167" ObjHausnummer="Mühlenweg 6C" ObjVorlage="2013-09-11 00:00:00.0" ObKeinKontakt="1" ObjArtID="8" Merkmal="0.0" ObjInfo="20003161001,5 Mio.  Do.grg."/>
  <Objekte ObjID="13646" ObjAufnahme="1998-10-05" ObjLetztKontakt="1998-10-05" ObjStrasseID="9169" ObjHausnummer="Im Rehwinkel 1" ObjVorlage="2013-09-11 00:00:00.0" ObKeinKontakt="5" ObjArtID="11" Merkmal="0.0"/>
  <Objekte ObjID="13647" ObjAufnahme="1998-10-05" ObjLetztKontakt="1998-10-05" ObjStrasseID="9170" ObjHausnummer="Sommerbosteler Straße 18" ObjVorlage="2013-09-11 00:00:00.0" ObKeinKontakt="5" ObjArtID="8" Merkmal="0.0"/>
  <Objekte ObjID="13648" ObjAufnahme="1998-10-05" ObjLetztKontakt="1998-10-05" ObjStrasseID="6146" ObjHausnummer="Christian-Flemes-Weg 21" ObjVorlage="2013-09-11 00:00:00.0" ObKeinKontakt="5" ObjArtID="8" Merkmal="0.9999999999999999" ObjInfo="200qm/1150qm/1975/Doppelgarage/1.300.000DM"/>
  <Objekte ObjID="13649" ObjAufnahme="1998-10-07" ObjLetztKontakt="1998-10-07" ObjStrasseID="9175" ObjHausnummer="Bordenauer Straße 10" ObjVorlage="2013-09-11 00:00:00.0" ObKeinKontakt="5" ObjArtID="8" Merkmal="0.0"/>
  <Objekte ObjID="13650" ObjAufnahme="1998-10-07" ObjLetztKontakt="1998-10-07" ObjStrasseID="8836" ObjHausnummer="Theodorstraße 6" ObjVorlage="2013-09-11 00:00:00.0" ObKeinKontakt="5" ObjArtID="181" Merkmal="0.0" ObjInfo="10951615Blk."/>
  <Objekte ObjID="13651" ObjAufnahme="1998-10-07" ObjLetztKontakt="1998-10-07" ObjStrasseID="8836" ObjHausnummer="Theodorstraße 6" ObjVorlage="2013-09-11 00:00:00.0" ObKeinKontakt="5" ObjArtID="12" Merkmal="0.0" ObjInfo="9645450Blk."/>
  <Objekte ObjID="13652" ObjAufnahme="1998-10-07" ObjLetztKontakt="1998-10-07" ObjStrasseID="8836" ObjHausnummer="Theodorstraße 6" ObjVorlage="2013-09-11 00:00:00.0" ObKeinKontakt="5" ObjArtID="185" Merkmal="0.0" ObjInfo="10951608Blk."/>
  <Objekte ObjID="13653" ObjAufnahme="1998-10-07" ObjLetztKontakt="1998-10-07" ObjStrasseID="8836" ObjHausnummer="Theodorstraße 6" ObjVorlage="2013-09-11 00:00:00.0" ObKeinKontakt="5" ObjArtID="182" Merkmal="0.0" ObjInfo="10951612Blk."/>
  <Objekte ObjID="13654" ObjAufnahme="1998-10-07" ObjLetztKontakt="1998-10-07" ObjStrasseID="8836" ObjHausnummer="Theodorstraße 6" ObjVorlage="2013-09-11 00:00:00.0" ObKeinKontakt="5" ObjArtID="81" Merkmal="0.0" ObjInfo="9645460Blk."/>
  <Objekte ObjID="13655" ObjAufnahme="1998-10-07" ObjLetztKontakt="1998-10-07" ObjStrasseID="8836" ObjHausnummer="Theodorstraße 6" ObjVorlage="2013-09-11 00:00:00.0" ObKeinKontakt="5" ObjArtID="183" Merkmal="0.0" ObjInfo="7334460~&#xD;&#xA;13656"/>
  <Objekte ObjID="13658" ObjAufnahme="1998-10-07" ObjLetztKontakt="1998-10-07" ObjStrasseID="8836" ObjHausnummer="Theodorstraße 6" ObjVorlage="2013-09-11 00:00:00.0" ObKeinKontakt="5" ObjArtID="74" Merkmal="0.0" ObjInfo="9645488Blk. ab 1.1.99 frei"/>
  <Objekte ObjID="13659" ObjAufnahme="1998-10-07" ObjLetztKontakt="1999-09-23" ObjStrasseID="7169" ObjHausnummer="Kleine Düwelstraße 13" ObjVorlage="2013-09-11 00:00:00.0" ObKeinKontakt="5" ObjArtID="55" Merkmal="0.0" ObjInfo="34073/30\Kiosk"/>
  <Objekte ObjID="13660" ObjAufnahme="1998-10-07" ObjLetztKontakt="1999-09-23" ObjStrasseID="7169" ObjHausnummer="Kleine Düwelstraße 13" ObjVorlage="2013-09-11 00:00:00.0" ObKeinKontakt="2" ObjArtID="139" Merkmal="0.0" ObjInfo="24376\ Blk."/>
  <Objekte ObjID="13661" ObjAufnahme="1998-10-07" ObjLetztKontakt="1999-09-23" ObjStrasseID="7169" ObjHausnummer="Kleine Düwelstraße 13" ObjVorlage="2013-09-11 00:00:00.0" ObKeinKontakt="2" ObjArtID="125" Merkmal="0.0" ObjInfo="24376\ Blk."/>
  <Objekte ObjID="13662" ObjAufnahme="1998-10-07" ObjLetztKontakt="1999-07-08" ObjStrasseID="6588" ObjHausnummer="Goebenstraße 4" ObjVorlage="2013-09-11 00:00:00.0" ObKeinKontakt="5" ObjArtID="214" Merkmal="0.0" ObjInfo="330103\Blk.Süd-Ost Vorvertrag"/>
  <Objekte ObjID="13663" ObjAufnahme="1998-10-07" ObjLetztKontakt="2001-08-10" ObjStrasseID="6588" ObjHausnummer="Goebenstraße 4" ObjVorlage="2013-09-11 00:00:00.0" ObKeinKontakt="5" ObjArtID="213" Merkmal="0.0" ObjInfo="386120\Blk.Süd-Ost"/>
  <Objekte ObjID="13664" ObjAufnahme="1998-10-07" ObjLetztKontakt="1999-07-08" ObjStrasseID="6588" ObjHausnummer="Goebenstraße 4" ObjVorlage="2013-09-11 00:00:00.0" ObKeinKontakt="9" ObjArtID="186" Merkmal="0.0" ObjInfo="395146\Winterg.S-O Blk.N-W ,Gartant."/>
  <Objekte ObjID="13665" ObjAufnahme="1998-10-07" ObjLetztKontakt="1999-07-08" ObjStrasseID="6588" ObjHausnummer="Goebenstraße 4" ObjVorlage="2013-09-11 00:00:00.0" ObKeinKontakt="9" ObjArtID="187" Merkmal="0.0" ObjInfo="560200\Blk.Süd-Ost, Grg."/>
  <Objekte ObjID="13666" ObjAufnahme="1998-10-07" ObjLetztKontakt="1999-07-08" ObjStrasseID="5828" ObjHausnummer="Auf dem Brinke 10" ObjVorlage="2013-09-11 00:00:00.0" ObKeinKontakt="5" ObjArtID="63" Merkmal="0.0" ObjInfo="2761021090Blk."/>
  <Objekte ObjID="13667" ObjAufnahme="1998-10-07" ObjLetztKontakt="1999-07-08" ObjStrasseID="5828" ObjHausnummer="Auf dem Brinke 10" ObjVorlage="2013-09-11 00:00:00.0" ObKeinKontakt="5" ObjArtID="97" Merkmal="0.0" ObjInfo="19973\Blk."/>
  <Objekte ObjID="13668" ObjAufnahme="1998-10-07" ObjLetztKontakt="1999-07-08" ObjStrasseID="5828" ObjHausnummer="Auf dem Brinke 10" ObjVorlage="2013-09-11 00:00:00.0" ObKeinKontakt="5" ObjArtID="83" Merkmal="0.0" ObjInfo="22784950Blk. wird frei in 98"/>
  <Objekte ObjID="13669" ObjAufnahme="1998-10-07" ObjLetztKontakt="1999-07-08" ObjStrasseID="5828" ObjHausnummer="Auf dem Brinke 10" ObjVorlage="2013-09-11 00:00:00.0" ObKeinKontakt="5" ObjArtID="118" Merkmal="0.0" ObjInfo="19974\Blk."/>
  <Objekte ObjID="13670" ObjAufnahme="1998-10-07" ObjLetztKontakt="1999-07-08" ObjStrasseID="5828" ObjHausnummer="Auf dem Brinke 10" ObjVorlage="2013-09-11 00:00:00.0" ObKeinKontakt="5" ObjArtID="104" Merkmal="0.0" ObjInfo="22784\Blk."/>
  <Objekte ObjID="13671" ObjAufnahme="1998-10-07" ObjLetztKontakt="1999-07-08" ObjStrasseID="5828" ObjHausnummer="Auf dem Brinke 10" ObjVorlage="2013-09-11 00:00:00.0" ObKeinKontakt="5" ObjArtID="188" Merkmal="0.0" ObjInfo="9673\Blk.nicht ausgebaut"/>
  <Objekte ObjID="13672" ObjAufnahme="1998-10-07" ObjLetztKontakt="1999-07-08" ObjStrasseID="5828" ObjHausnummer="Auf dem Brinke 10" ObjVorlage="2013-09-11 00:00:00.0" ObKeinKontakt="5" ObjArtID="189" Merkmal="0.9999999999999999" ObjInfo="9674\Blk.nicht ausgebaut"/>
  <Objekte ObjID="13673" ObjAufnahme="1998-10-07" ObjLetztKontakt="1998-10-07" ObjStrasseID="6510" ObjHausnummer="Gabelsbergerstraße 18" ObjVorlage="2013-09-11 00:00:00.0" ObKeinKontakt="5" ObjArtID="191" Merkmal="0.9999999999999999" ObjInfo="380120\ ren. bed. Dachter. Blk.nicht anb."/>
  <Objekte ObjID="13674" ObjAufnahme="1998-10-07" ObjLetztKontakt="2001-11-13" ObjStrasseID="8618" ObjHausnummer="Wiesenstraße 2" ObjVorlage="2013-09-11 00:00:00.0" ObKeinKontakt="2" ObjArtID="1" Merkmal="0.0"/>
  <Objekte ObjID="13675" ObjAufnahme="1998-10-07" ObjStrasseID="8618" ObjHausnummer="Wiesenstraße 1" ObjVorlage="2013-09-11 00:00:00.0" ObKeinKontakt="1" ObjArtID="9" Merkmal="0.0"/>
  <Objekte ObjID="13676" ObjAufnahme="1998-10-07" ObjLetztKontakt="2001-11-13" ObjStrasseID="8618" ObjHausnummer="Wiesenstraße 3" ObjVorlage="2013-09-11 00:00:00.0" ObKeinKontakt="2" ObjArtID="1" Merkmal="0.0"/>
  <Objekte ObjID="13677" ObjAufnahme="1998-10-07" ObjStrasseID="8618" ObjHausnummer="Wiesenstraße 4A" ObjVorlage="2013-09-11 00:00:00.0" ObKeinKontakt="1" ObjArtID="1" Merkmal="0.0"/>
  <Objekte ObjID="13678" ObjAufnahme="1998-10-07" ObjLetztKontakt="2001-11-13" ObjStrasseID="8618" ObjHausnummer="Wiesenstraße 5" ObjVorlage="2013-09-11 00:00:00.0" ObKeinKontakt="2" ObjArtID="1" Merkmal="0.0" ObjInfo="Testamentbevollmächtigter"/>
  <Objekte ObjID="13679" ObjAufnahme="1998-10-07" ObjLetztKontakt="2001-11-13" ObjStrasseID="8618" ObjHausnummer="Wiesenstraße 6" ObjVorlage="2013-09-11 00:00:00.0" ObKeinKontakt="2" ObjArtID="1" Merkmal="0.0"/>
  <Objekte ObjID="13680" ObjAufnahme="1998-10-07" ObjLetztKontakt="2001-11-13" ObjStrasseID="8618" ObjHausnummer="Wiesenstraße 7" ObjVorlage="2013-09-11 00:00:00.0" ObKeinKontakt="2" ObjArtID="1" Merkmal="0.0" ObjInfo="Testamentsvollstrecker"/>
  <Objekte ObjID="13681" ObjAufnahme="1998-10-07" ObjLetztKontakt="2001-11-13" ObjStrasseID="8618" ObjHausnummer="Wiesenstraße 8" ObjVorlage="2013-09-11 00:00:00.0" ObKeinKontakt="2" ObjArtID="1" Merkmal="0.0"/>
  <Objekte ObjID="13682" ObjAufnahme="1998-10-07" ObjLetztKontakt="2001-11-13" ObjStrasseID="8618" ObjHausnummer="Wiesenstraße 9" ObjVorlage="2013-09-11 00:00:00.0" ObKeinKontakt="2" ObjArtID="1" Merkmal="0.0"/>
  <Objekte ObjID="13683" ObjAufnahme="1998-10-07" ObjLetztKontakt="2001-11-13" ObjStrasseID="8618" ObjHausnummer="Wiesenstraße 10" ObjVorlage="2013-09-11 00:00:00.0" ObKeinKontakt="2" ObjArtID="1" Merkmal="0.0"/>
  <Objekte ObjID="13684" ObjAufnahme="1998-10-07" ObjLetztKontakt="2001-11-13" ObjStrasseID="8618" ObjHausnummer="Wiesenstraße 11" ObjVorlage="2013-09-11 00:00:00.0" ObKeinKontakt="2" ObjArtID="1" Merkmal="0.0"/>
  <Objekte ObjID="13685" ObjAufnahme="1998-10-07" ObjLetztKontakt="2001-11-13" ObjStrasseID="8618" ObjHausnummer="Wiesenstraße 12" ObjVorlage="2013-09-11 00:00:00.0" ObKeinKontakt="2" ObjArtID="1" Merkmal="0.0"/>
  <Objekte ObjID="13686" ObjAufnahme="1998-10-07" ObjLetztKontakt="2001-11-13" ObjStrasseID="8618" ObjHausnummer="Wiesenstraße 13" ObjVorlage="2013-09-11 00:00:00.0" ObKeinKontakt="2" ObjArtID="1" Merkmal="0.0"/>
  <Objekte ObjID="13687" ObjAufnahme="1998-10-07" ObjLetztKontakt="2000-09-28" ObjStrasseID="8618" ObjHausnummer="Wiesenstraße 15" ObjVorlage="2013-09-11 00:00:00.0" ObKeinKontakt="1" ObjArtID="177" Merkmal="0.0"/>
  <Objekte ObjID="13688" ObjAufnahme="1998-10-07" ObjLetztKontakt="1999-12-10" ObjStrasseID="8618" ObjHausnummer="Wiesenstraße 16" ObjVorlage="2013-09-11 00:00:00.0" ObKeinKontakt="1" ObjArtID="8" Merkmal="0.0"/>
  <Objekte ObjID="13689" ObjAufnahme="1998-10-07" ObjStrasseID="8618" ObjHausnummer="Wiesenstraße 16C" ObjVorlage="2013-09-11 00:00:00.0" ObKeinKontakt="1" ObjArtID="8" Merkmal="0.0"/>
  <Objekte ObjID="13690" ObjAufnahme="1998-10-07" ObjStrasseID="8618" ObjHausnummer="Wiesenstraße 17" ObjVorlage="2013-09-11 00:00:00.0" ObKeinKontakt="1" ObjArtID="8" Merkmal="0.0"/>
  <Objekte ObjID="13691" ObjAufnahme="1998-10-07" ObjLetztKontakt="1999-12-10" ObjStrasseID="8618" ObjHausnummer="Wiesenstraße 18A" ObjVorlage="2013-09-11 00:00:00.0" ObKeinKontakt="1" ObjArtID="8" Merkmal="0.0"/>
  <Objekte ObjID="13692" ObjAufnahme="1998-10-07" ObjLetztKontakt="1999-12-10" ObjStrasseID="8618" ObjHausnummer="Wiesenstraße 18B" ObjVorlage="2013-09-11 00:00:00.0" ObKeinKontakt="1" ObjArtID="8" Merkmal="0.0"/>
  <Objekte ObjID="13693" ObjAufnahme="1998-10-07" ObjLetztKontakt="2001-11-13" ObjStrasseID="8618" ObjHausnummer="Wiesenstraße 19" ObjVorlage="2013-09-11 00:00:00.0" ObKeinKontakt="2" ObjArtID="1" Merkmal="0.0"/>
  <Objekte ObjID="13694" ObjAufnahme="1998-10-07" ObjLetztKontakt="1999-12-10" ObjStrasseID="8618" ObjHausnummer="Wiesenstraße 20" ObjVorlage="2013-09-11 00:00:00.0" ObKeinKontakt="1" ObjArtID="1" Merkmal="0.0" ObjInfo="Breiholz füher Eigentümer 804400"/>
  <Objekte ObjID="13695" ObjAufnahme="1998-10-07" ObjLetztKontakt="2001-11-13" ObjStrasseID="8618" ObjHausnummer="Wiesenstraße 21" ObjVorlage="2013-09-11 00:00:00.0" ObKeinKontakt="2" ObjArtID="1" Merkmal="0.0"/>
  <Objekte ObjID="13696" ObjAufnahme="1998-10-07" ObjLetztKontakt="2001-11-13" ObjStrasseID="8618" ObjHausnummer="Wiesenstraße 23" ObjVorlage="2013-09-11 00:00:00.0" ObKeinKontakt="2" ObjArtID="1" Merkmal="0.0"/>
  <Objekte ObjID="13697" ObjAufnahme="1998-10-07" ObjStrasseID="8618" ObjHausnummer="Wiesenstraße 24" ObjVorlage="2013-09-11 00:00:00.0" ObKeinKontakt="1" ObjArtID="8" Merkmal="0.0"/>
  <Objekte ObjID="13698" ObjAufnahme="1998-10-07" ObjLetztKontakt="2001-11-13" ObjStrasseID="8618" ObjHausnummer="Wiesenstraße 25" ObjVorlage="2013-09-11 00:00:00.0" ObKeinKontakt="2" ObjArtID="1" Merkmal="0.0"/>
  <Objekte ObjID="13699" ObjAufnahme="1998-10-07" ObjLetztKontakt="1999-02-18" ObjStrasseID="8618" ObjHausnummer="Wiesenstraße 26" ObjVorlage="2013-09-11 00:00:00.0" ObKeinKontakt="2" ObjArtID="1" Merkmal="0.0"/>
  <Objekte ObjID="13700" ObjAufnahme="1998-10-07" ObjLetztKontakt="1999-12-10" ObjStrasseID="8618" ObjHausnummer="Wiesenstraße 27" ObjVorlage="2013-09-11 00:00:00.0" ObKeinKontakt="1" ObjArtID="177" Merkmal="0.0"/>
  <Objekte ObjID="13701" ObjAufnahme="1998-10-07" ObjLetztKontakt="1999-02-18" ObjStrasseID="8618" ObjHausnummer="Wiesenstraße 28" ObjVorlage="2013-09-11 00:00:00.0" ObKeinKontakt="2" ObjArtID="1" Merkmal="0.0"/>
  <Objekte ObjID="13702" ObjAufnahme="1998-10-07" ObjLetztKontakt="2001-11-13" ObjStrasseID="8618" ObjHausnummer="Wiesenstraße 29" ObjVorlage="2013-09-11 00:00:00.0" ObKeinKontakt="2" ObjArtID="1" Merkmal="0.0"/>
  <Objekte ObjID="13703" ObjAufnahme="1998-10-07" ObjLetztKontakt="1999-02-18" ObjStrasseID="8618" ObjHausnummer="Wiesenstraße 30" ObjVorlage="2013-09-11 00:00:00.0" ObKeinKontakt="2" ObjArtID="1" Merkmal="0.0"/>
  <Objekte ObjID="13704" ObjAufnahme="1998-10-07" ObjLetztKontakt="2001-11-13" ObjStrasseID="8618" ObjHausnummer="Wiesenstraße 31" ObjVorlage="2013-09-11 00:00:00.0" ObKeinKontakt="2" ObjArtID="1" Merkmal="0.0"/>
  <Objekte ObjID="13705" ObjAufnahme="1998-10-07" ObjLetztKontakt="1999-12-10" ObjStrasseID="8618" ObjHausnummer="Wiesenstraße 33" ObjVorlage="2013-09-11 00:00:00.0" ObKeinKontakt="1" ObjArtID="177" Merkmal="0.0"/>
  <Objekte ObjID="13706" ObjAufnahme="1998-10-07" ObjLetztKontakt="2001-11-13" ObjStrasseID="8618" ObjHausnummer="Wiesenstraße 35" ObjVorlage="2013-09-11 00:00:00.0" ObKeinKontakt="2" ObjArtID="1" Merkmal="0.0"/>
  <Objekte ObjID="13707" ObjAufnahme="1998-10-07" ObjLetztKontakt="1998-10-13" ObjStrasseID="8618" ObjHausnummer="Wiesenstraße 37" ObjVorlage="2013-09-11 00:00:00.0" ObKeinKontakt="2" ObjArtID="1" Merkmal="0.0"/>
  <Objekte ObjID="13708" ObjAufnahme="1998-10-07" ObjLetztKontakt="1998-10-13" ObjStrasseID="8618" ObjHausnummer="Wiesenstraße 39" ObjVorlage="2013-09-11 00:00:00.0" ObKeinKontakt="2" ObjArtID="1" Merkmal="0.0"/>
  <Objekte ObjID="13709" ObjAufnahme="1998-10-07" ObjLetztKontakt="1999-02-18" ObjStrasseID="8618" ObjHausnummer="Wiesenstraße 40" ObjVorlage="2013-09-11 00:00:00.0" ObKeinKontakt="2" ObjArtID="1" Merkmal="0.0"/>
  <Objekte ObjID="13710" ObjAufnahme="1998-10-07" ObjLetztKontakt="2001-11-13" ObjStrasseID="8618" ObjHausnummer="Wiesenstraße 41" ObjVorlage="2013-09-11 00:00:00.0" ObKeinKontakt="2" ObjArtID="1" Merkmal="0.0"/>
  <Objekte ObjID="13711" ObjAufnahme="1998-10-07" ObjLetztKontakt="2001-11-13" ObjStrasseID="8618" ObjHausnummer="Wiesenstraße 42" ObjVorlage="2013-09-11 00:00:00.0" ObKeinKontakt="2" ObjArtID="1" Merkmal="0.0"/>
  <Objekte ObjID="13712" ObjAufnahme="1998-10-07" ObjLetztKontakt="2001-11-13" ObjStrasseID="8618" ObjHausnummer="Wiesenstraße 43" ObjVorlage="2013-09-11 00:00:00.0" ObKeinKontakt="2" ObjArtID="1" Merkmal="0.0"/>
  <Objekte ObjID="13713" ObjAufnahme="1998-10-07" ObjLetztKontakt="1999-12-09" ObjStrasseID="8618" ObjHausnummer="Wiesenstraße 44" ObjVorlage="2013-09-11 00:00:00.0" ObKeinKontakt="1" ObjArtID="8" Merkmal="0.0"/>
  <Objekte ObjID="13714" ObjAufnahme="1998-10-07" ObjLetztKontakt="1999-12-09" ObjStrasseID="8618" ObjHausnummer="Wiesenstraße 44A" ObjVorlage="2013-09-11 00:00:00.0" ObKeinKontakt="1" ObjArtID="8" Merkmal="0.0"/>
  <Objekte ObjID="13715" ObjAufnahme="1998-10-07" ObjLetztKontakt="1999-12-09" ObjStrasseID="8618" ObjHausnummer="Wiesenstraße 44B" ObjVorlage="2013-09-11 00:00:00.0" ObKeinKontakt="1" ObjArtID="8" Merkmal="0.0"/>
  <Objekte ObjID="13716" ObjAufnahme="1998-10-07" ObjLetztKontakt="2001-11-13" ObjStrasseID="8618" ObjHausnummer="Wiesenstraße 45" ObjVorlage="2013-09-11 00:00:00.0" ObKeinKontakt="2" ObjArtID="1" Merkmal="0.0"/>
  <Objekte ObjID="13717" ObjAufnahme="1998-10-07" ObjLetztKontakt="1999-12-09" ObjStrasseID="8618" ObjHausnummer="Wiesenstraße 46" ObjVorlage="2013-09-11 00:00:00.0" ObKeinKontakt="1" ObjArtID="8" Merkmal="0.0"/>
  <Objekte ObjID="13718" ObjAufnahme="1998-10-07" ObjLetztKontakt="1999-12-09" ObjStrasseID="8618" ObjHausnummer="Wiesenstraße 46A" ObjVorlage="2013-09-11 00:00:00.0" ObKeinKontakt="1" ObjArtID="8" Merkmal="0.0"/>
  <Objekte ObjID="13719" ObjAufnahme="1998-10-07" ObjLetztKontakt="1999-12-09" ObjStrasseID="8618" ObjHausnummer="Wiesenstraße 48" ObjVorlage="2013-09-11 00:00:00.0" ObKeinKontakt="1" ObjArtID="8" Merkmal="0.0"/>
  <Objekte ObjID="13720" ObjAufnahme="1998-10-07" ObjStrasseID="8618" ObjHausnummer="Wiesenstraße 48A" ObjVorlage="2013-09-11 00:00:00.0" ObKeinKontakt="1" ObjArtID="8" Merkmal="0.0"/>
  <Objekte ObjID="13721" ObjAufnahme="1998-10-07" ObjLetztKontakt="1999-12-10" ObjStrasseID="8618" ObjHausnummer="Wiesenstraße 49" ObjVorlage="2013-09-11 00:00:00.0" ObKeinKontakt="1" ObjArtID="177" Merkmal="0.0"/>
  <Objekte ObjID="13722" ObjAufnahme="1998-10-07" ObjStrasseID="8618" ObjHausnummer="Wiesenstraße 50" ObjVorlage="2013-09-11 00:00:00.0" ObKeinKontakt="1" ObjArtID="8" Merkmal="0.0"/>
  <Objekte ObjID="13723" ObjAufnahme="1998-10-07" ObjStrasseID="8618" ObjHausnummer="Wiesenstraße 50C" ObjVorlage="2013-09-11 00:00:00.0" ObKeinKontakt="1" ObjArtID="8" Merkmal="0.0"/>
  <Objekte ObjID="13724" ObjAufnahme="1998-10-07" ObjStrasseID="8618" ObjHausnummer="Wiesenstraße 50D" ObjVorlage="2013-09-11 00:00:00.0" ObKeinKontakt="1" ObjArtID="8" Merkmal="0.0"/>
  <Objekte ObjID="13725" ObjAufnahme="1998-10-07" ObjStrasseID="8618" ObjHausnummer="Wiesenstraße 50E" ObjVorlage="2013-09-11 00:00:00.0" ObKeinKontakt="1" ObjArtID="8" Merkmal="0.0"/>
  <Objekte ObjID="13726" ObjAufnahme="1998-10-07" ObjStrasseID="8618" ObjHausnummer="Wiesenstraße 50F" ObjVorlage="2013-09-11 00:00:00.0" ObKeinKontakt="1" ObjArtID="8" Merkmal="0.0"/>
  <Objekte ObjID="13727" ObjAufnahme="1998-10-07" ObjStrasseID="8618" ObjHausnummer="Wiesenstraße 50H" ObjVorlage="2013-09-11 00:00:00.0" ObKeinKontakt="1" ObjArtID="8" Merkmal="0.0"/>
  <Objekte ObjID="13728" ObjAufnahme="1998-10-07" ObjLetztKontakt="1999-12-10" ObjStrasseID="8618" ObjHausnummer="Wiesenstraße 51" ObjVorlage="2013-09-11 00:00:00.0" ObKeinKontakt="1" ObjArtID="177" Merkmal="0.0"/>
  <Objekte ObjID="13729" ObjAufnahme="1998-10-07" ObjStrasseID="8618" ObjHausnummer="Wiesenstraße 52" ObjVorlage="2013-09-11 00:00:00.0" ObKeinKontakt="1" ObjArtID="8" Merkmal="0.0"/>
  <Objekte ObjID="13730" ObjAufnahme="1998-10-07" ObjStrasseID="8618" ObjHausnummer="Wiesenstraße 52A" ObjVorlage="2013-09-11 00:00:00.0" ObKeinKontakt="1" ObjArtID="8" Merkmal="0.0"/>
  <Objekte ObjID="13731" ObjAufnahme="1998-10-07" ObjStrasseID="8618" ObjHausnummer="Wiesenstraße 52C" ObjVorlage="2013-09-11 00:00:00.0" ObKeinKontakt="1" ObjArtID="8" Merkmal="0.0"/>
  <Objekte ObjID="13732" ObjAufnahme="1998-10-07" ObjStrasseID="8618" ObjHausnummer="Wiesenstraße 52D" ObjVorlage="2013-09-11 00:00:00.0" ObKeinKontakt="1" ObjArtID="8" Merkmal="0.0"/>
  <Objekte ObjID="13733" ObjAufnahme="1998-10-07" ObjStrasseID="8618" ObjHausnummer="Wiesenstraße 52F" ObjVorlage="2013-09-11 00:00:00.0" ObKeinKontakt="1" ObjArtID="8" Merkmal="0.0"/>
  <Objekte ObjID="13734" ObjAufnahme="1998-10-07" ObjLetztKontakt="1999-12-10" ObjStrasseID="8618" ObjHausnummer="Wiesenstraße 53" ObjVorlage="2013-09-11 00:00:00.0" ObKeinKontakt="1" ObjArtID="177" Merkmal="0.0"/>
  <Objekte ObjID="13735" ObjAufnahme="1998-10-07" ObjLetztKontakt="1999-03-16" ObjStrasseID="8618" ObjHausnummer="Wiesenstraße 54" ObjVorlage="2013-09-11 00:00:00.0" ObKeinKontakt="1" ObjArtID="177" Merkmal="0.0"/>
  <Objekte ObjID="13736" ObjAufnahme="1998-10-07" ObjLetztKontakt="1999-12-10" ObjStrasseID="8618" ObjHausnummer="Wiesenstraße 55" ObjVorlage="2013-09-11 00:00:00.0" ObKeinKontakt="4" ObjArtID="208" Merkmal="0.0" ObjInfo="850101\Terrasse N-O,Balkon S-W"/>
  <Objekte ObjID="13737" ObjAufnahme="1998-10-07" ObjStrasseID="8618" ObjHausnummer="Wiesenstraße 56" ObjVorlage="2013-09-11 00:00:00.0" ObKeinKontakt="1" ObjArtID="1" Merkmal="0.0"/>
  <Objekte ObjID="13738" ObjAufnahme="1998-10-07" ObjStrasseID="8618" ObjHausnummer="Wiesenstraße 57" ObjVorlage="2013-09-11 00:00:00.0" ObKeinKontakt="1" ObjArtID="9" Merkmal="0.0"/>
  <Objekte ObjID="13739" ObjAufnahme="1998-10-07" ObjStrasseID="8618" ObjHausnummer="Wiesenstraße 58" ObjVorlage="2013-09-11 00:00:00.0" ObKeinKontakt="1" ObjArtID="1" Merkmal="0.0"/>
  <Objekte ObjID="13740" ObjAufnahme="1998-10-07" ObjLetztKontakt="1999-12-10" ObjStrasseID="8618" ObjHausnummer="Wiesenstraße 59" ObjVorlage="2013-09-11 00:00:00.0" ObKeinKontakt="1" ObjArtID="177" Merkmal="0.0"/>
  <Objekte ObjID="13741" ObjAufnahme="1998-10-07" ObjLetztKontakt="2001-11-13" ObjStrasseID="8618" ObjHausnummer="Wiesenstraße 63" ObjVorlage="2013-09-11 00:00:00.0" ObKeinKontakt="2" ObjArtID="1" Merkmal="0.0"/>
  <Objekte ObjID="13742" ObjAufnahme="1998-10-07" ObjLetztKontakt="2001-11-14" ObjStrasseID="8618" ObjHausnummer="Wiesenstraße 65" ObjVorlage="2013-09-11 00:00:00.0" ObKeinKontakt="2" ObjArtID="1" Merkmal="0.0"/>
  <Objekte ObjID="13743" ObjAufnahme="1998-10-07" ObjLetztKontakt="1999-12-10" ObjStrasseID="8618" ObjHausnummer="Wiesenstraße 67" ObjVorlage="2013-09-11 00:00:00.0" ObKeinKontakt="1" ObjArtID="177" Merkmal="0.0"/>
  <Objekte ObjID="13744" ObjAufnahme="1998-10-07" ObjLetztKontakt="2001-11-14" ObjStrasseID="8618" ObjHausnummer="Wiesenstraße 69" ObjVorlage="2013-09-11 00:00:00.0" ObKeinKontakt="1" ObjArtID="1" Merkmal="0.0"/>
  <Objekte ObjID="13745" ObjAufnahme="1998-10-07" ObjLetztKontakt="2001-11-14" ObjStrasseID="8618" ObjHausnummer="Wiesenstraße 71" ObjVorlage="2013-09-11 00:00:00.0" ObKeinKontakt="2" ObjArtID="1" Merkmal="0.0"/>
  <Objekte ObjID="13746" ObjAufnahme="1998-10-07" ObjLetztKontakt="1999-12-10" ObjStrasseID="8618" ObjHausnummer="Wiesenstraße 73" ObjVorlage="2013-09-11 00:00:00.0" ObKeinKontakt="1" ObjArtID="177" Merkmal="0.0"/>
  <Objekte ObjID="13747" ObjAufnahme="1998-10-07" ObjLetztKontakt="1999-12-10" ObjStrasseID="8618" ObjHausnummer="Wiesenstraße 75" ObjVorlage="2013-09-11 00:00:00.0" ObKeinKontakt="1" ObjArtID="55" Merkmal="0.0"/>
  <Objekte ObjID="13748" ObjAufnahme="1998-10-07" ObjLetztKontakt="1999-03-16" ObjStrasseID="8618" ObjHausnummer="Wiesenstraße 77" ObjVorlage="2013-09-11 00:00:00.0" ObKeinKontakt="1" ObjArtID="177" Merkmal="0.0"/>
  <Objekte ObjID="13749" ObjAufnahme="1998-10-07" ObjLetztKontakt="2001-11-14" ObjStrasseID="8618" ObjHausnummer="Wiesenstraße 79" ObjVorlage="2013-09-11 00:00:00.0" ObKeinKontakt="2" ObjArtID="1" Merkmal="0.0"/>
  <Objekte ObjID="13750" ObjAufnahme="1998-10-07" ObjLetztKontakt="2001-11-14" ObjStrasseID="8618" ObjHausnummer="Wiesenstraße 81" ObjVorlage="2013-09-11 00:00:00.0" ObKeinKontakt="2" ObjArtID="1" Merkmal="0.0"/>
  <Objekte ObjID="13751" ObjAufnahme="1998-10-08" ObjLetztKontakt="1998-10-08" ObjStrasseID="9177" ObjHausnummer="Birkengrasebrink 24" ObjVorlage="2013-09-11 00:00:00.0" ObKeinKontakt="5" ObjArtID="8" Merkmal="0.9999999999999999" ObjInfo="650/180/50/600/Grg./Ke./84"/>
  <Objekte ObjID="13752" ObjAufnahme="1998-10-08" ObjLetztKontakt="1998-10-08" ObjStrasseID="8450" ObjHausnummer="Vahrenwalder Straße 59" ObjVorlage="2013-09-11 00:00:00.0" ObKeinKontakt="5" ObjArtID="11" Merkmal="0.9999999999999999" ObjInfo="SB-Markt/1968/0,087/1,060"/>
  <Objekte ObjID="13753" ObjAufnahme="1998-10-08" ObjLetztKontakt="1998-10-08" ObjStrasseID="6666" ObjHausnummer="Grünlinde 16C" ObjVorlage="2013-09-11 00:00:00.0" ObKeinKontakt="5" ObjArtID="24" Merkmal="0.9999999999999999" ObjInfo="140qm/320qm/1984/Garage/540.000DM"/>
  <Objekte ObjID="13754" ObjAufnahme="1998-10-08" ObjLetztKontakt="1999-07-08" ObjStrasseID="8695" ObjHausnummer="Wunstorfer Landstraße 57" ObjVorlage="2013-09-11 00:00:00.0" ObKeinKontakt="5" ObjArtID="196" Merkmal="0.9999999999999999" ObjInfo="8045700Blk.Ost Grg."/>
  <Objekte ObjID="13755" ObjAufnahme="1998-10-09" ObjLetztKontakt="1998-10-09" ObjStrasseID="7374" ObjHausnummer="Liebermannstraße 1A" ObjVorlage="2013-09-11 00:00:00.0" ObKeinKontakt="5" ObjArtID="173" Merkmal="0.0" ObjInfo="897/15/25132\Neubau, 2 Terr. Carp. Grg."/>
  <Objekte ObjID="13756" ObjAufnahme="1998-10-09" ObjLetztKontakt="1998-10-09" ObjStrasseID="7374" ObjHausnummer="Liebermannstraße 1A" ObjVorlage="2013-09-11 00:00:00.0" ObKeinKontakt="5" ObjArtID="200" Merkmal="0.0" ObjInfo="918/25/15135\neubau 2 Blk. Grg. Carp."/>
  <Objekte ObjID="13757" ObjAufnahme="1998-10-09" ObjLetztKontakt="1998-10-09" ObjStrasseID="7374" ObjHausnummer="Liebermannstraße 1A" ObjVorlage="2013-09-11 00:00:00.0" ObKeinKontakt="5" ObjArtID="201" Merkmal="0.9999999999999999" ObjInfo="904/15/45133\Neubau 1 Terr. 1Blk.Grg. Carp."/>
  <Objekte ObjID="13758" ObjAufnahme="1998-10-13" ObjLetztKontakt="1998-10-13" ObjStrasseID="9164" ObjHausnummer="Kalmusweg 5A" ObjVorlage="2013-09-11 00:00:00.0" ObKeinKontakt="5" ObjArtID="24" Merkmal="0.9999999999999999"/>
  <Objekte ObjID="13759" ObjAufnahme="1998-10-15" ObjLetztKontakt="1999-05-30" ObjStrasseID="6636" ObjHausnummer="Gretchenstraße 5" ObjVorlage="2013-09-11 00:00:00.0" ObKeinKontakt="1" ObjArtID="5" Merkmal="0.0"/>
  <Objekte ObjID="13760" ObjAufnahme="1998-10-17" ObjStrasseID="5860" ObjHausnummer="Badenstedter Straße 2" ObjVorlage="2013-09-11 00:00:00.0" ObKeinKontakt="1" ObjArtID="1" Merkmal="0.0"/>
  <Objekte ObjID="13761" ObjAufnahme="1998-10-17" ObjStrasseID="5860" ObjHausnummer="Badenstedter Straße 4" ObjVorlage="2013-09-11 00:00:00.0" ObKeinKontakt="1" ObjArtID="1" Merkmal="0.0"/>
  <Objekte ObjID="13762" ObjAufnahme="1998-10-17" ObjStrasseID="5860" ObjHausnummer="Badenstedter Straße 5" ObjVorlage="2013-09-11 00:00:00.0" ObKeinKontakt="1" ObjArtID="1" Merkmal="0.0"/>
  <Objekte ObjID="13763" ObjAufnahme="1998-10-17" ObjStrasseID="5860" ObjHausnummer="Badenstedter Straße 6" ObjVorlage="2013-09-11 00:00:00.0" ObKeinKontakt="1" ObjArtID="1" Merkmal="0.0"/>
  <Objekte ObjID="13764" ObjAufnahme="1998-10-17" ObjStrasseID="5860" ObjHausnummer="Badenstedter Straße 8" ObjVorlage="2013-09-11 00:00:00.0" ObKeinKontakt="1" ObjArtID="1" Merkmal="0.0"/>
  <Objekte ObjID="13765" ObjAufnahme="1998-10-17" ObjStrasseID="5860" ObjHausnummer="Badenstedter Straße 9" ObjVorlage="2013-09-11 00:00:00.0" ObKeinKontakt="1" ObjArtID="1" Merkmal="0.0"/>
  <Objekte ObjID="13766" ObjAufnahme="1998-10-17" ObjStrasseID="5860" ObjHausnummer="Badenstedter Straße 10" ObjVorlage="2013-09-11 00:00:00.0" ObKeinKontakt="1" ObjArtID="119" Merkmal="0.0"/>
  <Objekte ObjID="13767" ObjAufnahme="1998-10-17" ObjStrasseID="5860" ObjHausnummer="Badenstedter Straße 11" ObjVorlage="2013-09-11 00:00:00.0" ObKeinKontakt="1" ObjArtID="1" Merkmal="0.0"/>
  <Objekte ObjID="13768" ObjAufnahme="1998-10-17" ObjStrasseID="5860" ObjHausnummer="Badenstedter Straße 12" ObjVorlage="2013-09-11 00:00:00.0" ObKeinKontakt="1" ObjArtID="1" Merkmal="0.0"/>
  <Objekte ObjID="13769" ObjAufnahme="1998-10-17" ObjStrasseID="5860" ObjHausnummer="Badenstedter Straße 14" ObjVorlage="2013-09-11 00:00:00.0" ObKeinKontakt="1" ObjArtID="1" Merkmal="0.0"/>
  <Objekte ObjID="13770" ObjAufnahme="1998-10-17" ObjStrasseID="5860" ObjHausnummer="Badenstedter Straße 16" ObjVorlage="2013-09-11 00:00:00.0" ObKeinKontakt="1" ObjArtID="1" Merkmal="0.0"/>
  <Objekte ObjID="13771" ObjAufnahme="1998-10-17" ObjStrasseID="5860" ObjHausnummer="Badenstedter Straße 18" ObjVorlage="2013-09-11 00:00:00.0" ObKeinKontakt="1" ObjArtID="1" Merkmal="0.0"/>
  <Objekte ObjID="13772" ObjAufnahme="1998-10-17" ObjStrasseID="5860" ObjHausnummer="Badenstedter Straße 19" ObjVorlage="2013-09-11 00:00:00.0" ObKeinKontakt="1" ObjArtID="1" Merkmal="0.0"/>
  <Objekte ObjID="13773" ObjAufnahme="1998-10-17" ObjStrasseID="5860" ObjHausnummer="Badenstedter Straße 20" ObjVorlage="2013-09-11 00:00:00.0" ObKeinKontakt="1" ObjArtID="1" Merkmal="0.0"/>
  <Objekte ObjID="13774" ObjAufnahme="1998-10-17" ObjStrasseID="5860" ObjHausnummer="Badenstedter Straße 21" ObjVorlage="2013-09-11 00:00:00.0" ObKeinKontakt="1" ObjArtID="1" Merkmal="0.0"/>
  <Objekte ObjID="13775" ObjAufnahme="1998-10-17" ObjStrasseID="5860" ObjHausnummer="Badenstedter Straße 22" ObjVorlage="2013-09-11 00:00:00.0" ObKeinKontakt="1" ObjArtID="1" Merkmal="0.0"/>
  <Objekte ObjID="13776" ObjAufnahme="1998-10-17" ObjStrasseID="5860" ObjHausnummer="Badenstedter Straße 23" ObjVorlage="2013-09-11 00:00:00.0" ObKeinKontakt="1" ObjArtID="1" Merkmal="0.0" ObjInfo="Wurde von Stefan Raspini am 29.11.2010 für 563.000 angeboten"/>
  <Objekte ObjID="13777" ObjAufnahme="1998-10-17" ObjStrasseID="5860" ObjHausnummer="Badenstedter Straße 24" ObjVorlage="2013-09-11 00:00:00.0" ObKeinKontakt="1" ObjArtID="1" Merkmal="0.0"/>
  <Objekte ObjID="13778" ObjAufnahme="1998-10-17" ObjStrasseID="5860" ObjHausnummer="Badenstedter Straße 35" ObjVorlage="2013-09-11 00:00:00.0" ObKeinKontakt="1" ObjArtID="1" Merkmal="0.0"/>
  <Objekte ObjID="13779" ObjAufnahme="1998-10-17" ObjStrasseID="5860" ObjHausnummer="Badenstedter Straße 39" ObjVorlage="2013-09-11 00:00:00.0" ObKeinKontakt="1" ObjArtID="1" Merkmal="0.0"/>
  <Objekte ObjID="13780" ObjAufnahme="1998-10-17" ObjStrasseID="5860" ObjHausnummer="Badenstedter Straße 41" ObjVorlage="2013-09-11 00:00:00.0" ObKeinKontakt="1" ObjArtID="1" Merkmal="0.0"/>
  <Objekte ObjID="13781" ObjAufnahme="1998-10-17" ObjStrasseID="5859" ObjHausnummer="Badenstedter Straße 145" ObjVorlage="2013-09-11 00:00:00.0" ObKeinKontakt="1" ObjArtID="1" Merkmal="0.0"/>
  <Objekte ObjID="13782" ObjAufnahme="1998-10-17" ObjStrasseID="5859" ObjHausnummer="Badenstedter Straße 158" ObjVorlage="2013-09-11 00:00:00.0" ObKeinKontakt="1" ObjArtID="1" Merkmal="0.0"/>
  <Objekte ObjID="13783" ObjAufnahme="1998-10-17" ObjStrasseID="5859" ObjHausnummer="Badenstedter Straße 160" ObjVorlage="2013-09-11 00:00:00.0" ObKeinKontakt="1" ObjArtID="1" Merkmal="0.0"/>
  <Objekte ObjID="13784" ObjAufnahme="1998-10-17" ObjStrasseID="5859" ObjHausnummer="Badenstedter Straße 162" ObjVorlage="2013-09-11 00:00:00.0" ObKeinKontakt="1" ObjArtID="1" Merkmal="0.0"/>
  <Objekte ObjID="13785" ObjAufnahme="1998-10-17" ObjStrasseID="5859" ObjHausnummer="Badenstedter Straße 164" ObjVorlage="2013-09-11 00:00:00.0" ObKeinKontakt="1" ObjArtID="1" Merkmal="0.0"/>
  <Objekte ObjID="13786" ObjAufnahme="1998-10-17" ObjStrasseID="5859" ObjHausnummer="Badenstedter Straße 166" ObjVorlage="2013-09-11 00:00:00.0" ObKeinKontakt="1" ObjArtID="1" Merkmal="0.0" ObjInfo="scout43714359&#xD;&#xA;Gisela Heine will Haus veerben&#xD;&#xA;Tel. 05117125180"/>
  <Objekte ObjID="13787" ObjAufnahme="1998-10-17" ObjStrasseID="5859" ObjHausnummer="Badenstedter Straße 168" ObjVorlage="2013-09-11 00:00:00.0" ObKeinKontakt="1" ObjArtID="1" Merkmal="0.0"/>
  <Objekte ObjID="13788" ObjAufnahme="1998-10-17" ObjStrasseID="5859" ObjHausnummer="Badenstedter Straße 169" ObjVorlage="2013-09-11 00:00:00.0" ObKeinKontakt="1" ObjArtID="1" Merkmal="0.0"/>
  <Objekte ObjID="13789" ObjAufnahme="1998-10-17" ObjStrasseID="5859" ObjHausnummer="Badenstedter Straße 170" ObjVorlage="2013-09-11 00:00:00.0" ObKeinKontakt="1" ObjArtID="1" Merkmal="0.0"/>
  <Objekte ObjID="13790" ObjAufnahme="1998-10-17" ObjStrasseID="5859" ObjHausnummer="Badenstedter Straße 172" ObjVorlage="2013-09-11 00:00:00.0" ObKeinKontakt="1" ObjArtID="1" Merkmal="0.0"/>
  <Objekte ObjID="13791" ObjAufnahme="1998-10-17" ObjStrasseID="5859" ObjHausnummer="Badenstedter Straße 174" ObjVorlage="2013-09-11 00:00:00.0" ObKeinKontakt="1" ObjArtID="1" Merkmal="0.0"/>
  <Objekte ObjID="13792" ObjAufnahme="1998-10-17" ObjStrasseID="5859" ObjHausnummer="Badenstedter Straße 176" ObjVorlage="2013-09-11 00:00:00.0" ObKeinKontakt="1" ObjArtID="1" Merkmal="0.0"/>
  <Objekte ObjID="13793" ObjAufnahme="1998-10-17" ObjStrasseID="5859" ObjHausnummer="Badenstedter Straße 177A" ObjVorlage="2013-09-11 00:00:00.0" ObKeinKontakt="1" ObjArtID="1" Merkmal="0.0"/>
  <Objekte ObjID="13794" ObjAufnahme="1998-10-17" ObjStrasseID="5859" ObjHausnummer="Badenstedter Straße 178" ObjVorlage="2013-09-11 00:00:00.0" ObKeinKontakt="1" ObjArtID="1" Merkmal="0.0"/>
  <Objekte ObjID="13795" ObjAufnahme="1998-10-17" ObjStrasseID="5859" ObjHausnummer="Badenstedter Straße 179" ObjVorlage="2013-09-11 00:00:00.0" ObKeinKontakt="1" ObjArtID="1" Merkmal="0.0"/>
  <Objekte ObjID="13796" ObjAufnahme="1998-10-17" ObjStrasseID="5859" ObjHausnummer="Badenstedter Straße 180" ObjVorlage="2013-09-11 00:00:00.0" ObKeinKontakt="1" ObjArtID="1" Merkmal="0.0"/>
  <Objekte ObjID="13797" ObjAufnahme="1998-10-17" ObjStrasseID="5859" ObjHausnummer="Badenstedter Straße 181" ObjVorlage="2013-09-11 00:00:00.0" ObKeinKontakt="1" ObjArtID="1" Merkmal="0.0"/>
  <Objekte ObjID="13798" ObjAufnahme="1998-10-17" ObjStrasseID="5859" ObjHausnummer="Badenstedter Straße 183" ObjVorlage="2013-09-11 00:00:00.0" ObKeinKontakt="1" ObjArtID="1" Merkmal="0.0"/>
  <Objekte ObjID="13799" ObjAufnahme="1998-10-17" ObjStrasseID="5859" ObjHausnummer="Badenstedter Straße 185" ObjVorlage="2013-09-11 00:00:00.0" ObKeinKontakt="1" ObjArtID="1" Merkmal="0.0"/>
  <Objekte ObjID="13800" ObjAufnahme="1998-10-17" ObjStrasseID="5859" ObjHausnummer="Badenstedter Straße 186" ObjVorlage="2013-09-11 00:00:00.0" ObKeinKontakt="1" ObjArtID="1" Merkmal="0.0"/>
  <Objekte ObjID="13801" ObjAufnahme="1998-10-17" ObjStrasseID="5859" ObjHausnummer="Badenstedter Straße 187" ObjVorlage="2013-09-11 00:00:00.0" ObKeinKontakt="1" ObjArtID="1" Merkmal="0.0"/>
  <Objekte ObjID="13802" ObjAufnahme="1998-10-17" ObjStrasseID="5859" ObjHausnummer="Badenstedter Straße 189" ObjVorlage="2013-09-11 00:00:00.0" ObKeinKontakt="1" ObjArtID="1" Merkmal="0.0"/>
  <Objekte ObjID="13803" ObjAufnahme="1998-10-17" ObjStrasseID="5859" ObjHausnummer="Badenstedter Straße 190" ObjVorlage="2013-09-11 00:00:00.0" ObKeinKontakt="1" ObjArtID="1" Merkmal="0.0"/>
  <Objekte ObjID="13804" ObjAufnahme="1998-10-17" ObjStrasseID="5859" ObjHausnummer="Badenstedter Straße 191" ObjVorlage="2013-09-11 00:00:00.0" ObKeinKontakt="1" ObjArtID="1" Merkmal="0.0"/>
  <Objekte ObjID="13805" ObjAufnahme="1998-10-17" ObjStrasseID="5859" ObjHausnummer="Badenstedter Straße 193" ObjVorlage="2013-09-11 00:00:00.0" ObKeinKontakt="1" ObjArtID="1" Merkmal="0.0"/>
  <Objekte ObjID="13806" ObjAufnahme="1998-10-17" ObjStrasseID="5859" ObjHausnummer="Badenstedter Straße 194" ObjVorlage="2013-09-11 00:00:00.0" ObKeinKontakt="1" ObjArtID="1" Merkmal="0.0"/>
  <Objekte ObjID="13807" ObjAufnahme="1998-10-17" ObjStrasseID="5859" ObjHausnummer="Badenstedter Straße 195" ObjVorlage="2013-09-11 00:00:00.0" ObKeinKontakt="1" ObjArtID="1" Merkmal="0.0"/>
  <Objekte ObjID="13808" ObjAufnahme="1998-10-17" ObjStrasseID="5859" ObjHausnummer="Badenstedter Straße 196" ObjVorlage="2013-09-11 00:00:00.0" ObKeinKontakt="1" ObjArtID="1" Merkmal="0.0"/>
  <Objekte ObjID="13809" ObjAufnahme="1998-10-17" ObjStrasseID="5859" ObjHausnummer="Badenstedter Straße 197" ObjVorlage="2013-09-11 00:00:00.0" ObKeinKontakt="1" ObjArtID="1" Merkmal="0.0"/>
  <Objekte ObjID="13810" ObjAufnahme="1998-10-17" ObjStrasseID="5859" ObjHausnummer="Badenstedter Straße 198" ObjVorlage="2013-09-11 00:00:00.0" ObKeinKontakt="1" ObjArtID="1" Merkmal="0.0"/>
  <Objekte ObjID="13811" ObjAufnahme="1998-10-17" ObjStrasseID="5859" ObjHausnummer="Badenstedter Straße 199" ObjVorlage="2013-09-11 00:00:00.0" ObKeinKontakt="1" ObjArtID="1" Merkmal="0.0"/>
  <Objekte ObjID="13812" ObjAufnahme="1998-10-17" ObjStrasseID="5859" ObjHausnummer="Badenstedter Straße 200" ObjVorlage="2013-09-11 00:00:00.0" ObKeinKontakt="1" ObjArtID="1" Merkmal="0.0"/>
  <Objekte ObjID="13813" ObjAufnahme="1998-10-17" ObjStrasseID="5859" ObjHausnummer="Badenstedter Straße 201" ObjVorlage="2013-09-11 00:00:00.0" ObKeinKontakt="1" ObjArtID="1" Merkmal="0.0"/>
  <Objekte ObjID="13814" ObjAufnahme="1998-10-17" ObjStrasseID="5859" ObjHausnummer="Badenstedter Straße 203" ObjVorlage="2013-09-11 00:00:00.0" ObKeinKontakt="1" ObjArtID="1" Merkmal="0.0"/>
  <Objekte ObjID="13815" ObjAufnahme="1998-10-17" ObjStrasseID="5859" ObjHausnummer="Badenstedter Straße 204" ObjVorlage="2013-09-11 00:00:00.0" ObKeinKontakt="1" ObjArtID="1" Merkmal="0.0"/>
  <Objekte ObjID="13816" ObjAufnahme="1998-10-17" ObjStrasseID="5859" ObjHausnummer="Badenstedter Straße 205" ObjVorlage="2013-09-11 00:00:00.0" ObKeinKontakt="1" ObjArtID="1" Merkmal="0.0"/>
  <Objekte ObjID="13817" ObjAufnahme="1998-10-17" ObjStrasseID="5859" ObjHausnummer="Badenstedter Straße 207" ObjVorlage="2013-09-11 00:00:00.0" ObKeinKontakt="1" ObjArtID="1" Merkmal="0.0"/>
  <Objekte ObjID="13818" ObjAufnahme="1998-10-17" ObjStrasseID="5859" ObjHausnummer="Badenstedter Straße 208" ObjVorlage="2013-09-11 00:00:00.0" ObKeinKontakt="1" ObjArtID="1" Merkmal="0.0"/>
  <Objekte ObjID="13819" ObjAufnahme="1998-10-17" ObjStrasseID="5859" ObjHausnummer="Badenstedter Straße 209" ObjVorlage="2013-09-11 00:00:00.0" ObKeinKontakt="1" ObjArtID="1" Merkmal="0.0"/>
  <Objekte ObjID="13820" ObjAufnahme="1998-10-17" ObjStrasseID="5859" ObjHausnummer="Badenstedter Straße 209A" ObjVorlage="2013-09-11 00:00:00.0" ObKeinKontakt="1" ObjArtID="1" Merkmal="0.0"/>
  <Objekte ObjID="13821" ObjAufnahme="1998-10-17" ObjStrasseID="5859" ObjHausnummer="Badenstedter Straße 211" ObjVorlage="2013-09-11 00:00:00.0" ObKeinKontakt="1" ObjArtID="1" Merkmal="0.0"/>
  <Objekte ObjID="13822" ObjAufnahme="1998-10-17" ObjStrasseID="5859" ObjHausnummer="Badenstedter Straße 213" ObjVorlage="2013-09-11 00:00:00.0" ObKeinKontakt="1" ObjArtID="1" Merkmal="0.0"/>
  <Objekte ObjID="13823" ObjAufnahme="1998-10-17" ObjStrasseID="5859" ObjHausnummer="Badenstedter Straße 214" ObjVorlage="2013-09-11 00:00:00.0" ObKeinKontakt="1" ObjArtID="1" Merkmal="0.0"/>
  <Objekte ObjID="13824" ObjAufnahme="1998-10-17" ObjStrasseID="5859" ObjHausnummer="Badenstedter Straße 215" ObjVorlage="2013-09-11 00:00:00.0" ObKeinKontakt="1" ObjArtID="1" Merkmal="0.0"/>
  <Objekte ObjID="13825" ObjAufnahme="1998-10-17" ObjStrasseID="5859" ObjHausnummer="Badenstedter Straße 216" ObjVorlage="2013-09-11 00:00:00.0" ObKeinKontakt="1" ObjArtID="1" Merkmal="0.0"/>
  <Objekte ObjID="13826" ObjAufnahme="1998-10-17" ObjStrasseID="5859" ObjHausnummer="Badenstedter Straße 217" ObjVorlage="2013-09-11 00:00:00.0" ObKeinKontakt="1" ObjArtID="1" Merkmal="0.0"/>
  <Objekte ObjID="13827" ObjAufnahme="1998-10-17" ObjStrasseID="5859" ObjHausnummer="Badenstedter Straße 219" ObjVorlage="2013-09-11 00:00:00.0" ObKeinKontakt="1" ObjArtID="1" Merkmal="0.0"/>
  <Objekte ObjID="13828" ObjAufnahme="1998-10-17" ObjLetztKontakt="1998-09-10" ObjStrasseID="5859" ObjHausnummer="Badenstedter Straße 220" ObjVorlage="2013-09-11 00:00:00.0" ObKeinKontakt="1" ObjArtID="1" Merkmal="0.0"/>
  <Objekte ObjID="13829" ObjAufnahme="1998-10-17" ObjStrasseID="3062" ObjHausnummer="Badenstedter Straße 40" ObjVorlage="2013-09-11 00:00:00.0" ObKeinKontakt="1" ObjArtID="1" Merkmal="0.0"/>
  <Objekte ObjID="13830" ObjAufnahme="1998-10-17" ObjStrasseID="3062" ObjHausnummer="Badenstedter Straße 42" ObjVorlage="2013-09-11 00:00:00.0" ObKeinKontakt="1" ObjArtID="1" Merkmal="0.0"/>
  <Objekte ObjID="13831" ObjAufnahme="1998-10-17" ObjStrasseID="3062" ObjHausnummer="Badenstedter Straße 44" ObjVorlage="2013-09-11 00:00:00.0" ObKeinKontakt="1" ObjArtID="1" Merkmal="0.0"/>
  <Objekte ObjID="13832" ObjAufnahme="1998-10-17" ObjStrasseID="3062" ObjHausnummer="Badenstedter Straße 44B" ObjVorlage="2013-09-11 00:00:00.0" ObKeinKontakt="1" ObjArtID="1" Merkmal="0.0"/>
  <Objekte ObjID="13833" ObjAufnahme="1998-10-17" ObjStrasseID="3062" ObjHausnummer="Badenstedter Straße 46" ObjVorlage="2013-09-11 00:00:00.0" ObKeinKontakt="1" ObjArtID="1" Merkmal="0.0"/>
  <Objekte ObjID="13834" ObjAufnahme="1998-10-17" ObjStrasseID="3062" ObjHausnummer="Badenstedter Straße 46A" ObjVorlage="2013-09-11 00:00:00.0" ObKeinKontakt="1" ObjArtID="1" Merkmal="0.0"/>
  <Objekte ObjID="13835" ObjAufnahme="1998-10-17" ObjStrasseID="3062" ObjHausnummer="Badenstedter Straße 46C" ObjVorlage="2013-09-11 00:00:00.0" ObKeinKontakt="1" ObjArtID="1" Merkmal="0.0"/>
  <Objekte ObjID="13836" ObjAufnahme="1998-10-17" ObjStrasseID="3062" ObjHausnummer="Badenstedter Straße 46D" ObjVorlage="2013-09-11 00:00:00.0" ObKeinKontakt="1" ObjArtID="1" Merkmal="0.0"/>
  <Objekte ObjID="13837" ObjAufnahme="1998-10-17" ObjStrasseID="3062" ObjHausnummer="Badenstedter Straße 50" ObjVorlage="2013-09-11 00:00:00.0" ObKeinKontakt="1" ObjArtID="1" Merkmal="0.0"/>
  <Objekte ObjID="13838" ObjAufnahme="1998-10-17" ObjStrasseID="3062" ObjHausnummer="Badenstedter Straße 52" ObjVorlage="2013-09-11 00:00:00.0" ObKeinKontakt="1" ObjArtID="1" Merkmal="0.0"/>
  <Objekte ObjID="13839" ObjAufnahme="1998-10-17" ObjStrasseID="3062" ObjHausnummer="Badenstedter Straße 54" ObjVorlage="2013-09-11 00:00:00.0" ObKeinKontakt="1" ObjArtID="1" Merkmal="0.0"/>
  <Objekte ObjID="13840" ObjAufnahme="1998-10-17" ObjStrasseID="3062" ObjHausnummer="Badenstedter Straße 56" ObjVorlage="2013-09-11 00:00:00.0" ObKeinKontakt="1" ObjArtID="1" Merkmal="0.0"/>
  <Objekte ObjID="13841" ObjAufnahme="1998-10-17" ObjStrasseID="3062" ObjHausnummer="Badenstedter Straße 58" ObjVorlage="2013-09-11 00:00:00.0" ObKeinKontakt="1" ObjArtID="1" Merkmal="0.0"/>
  <Objekte ObjID="13842" ObjAufnahme="1998-10-17" ObjStrasseID="3062" ObjHausnummer="Badenstedter Straße 60" ObjVorlage="2013-09-11 00:00:00.0" ObKeinKontakt="1" ObjArtID="1" Merkmal="0.0"/>
  <Objekte ObjID="13843" ObjAufnahme="1998-10-17" ObjStrasseID="3062" ObjHausnummer="Badenstedter Straße 62" ObjVorlage="2013-09-11 00:00:00.0" ObKeinKontakt="1" ObjArtID="1" Merkmal="0.0"/>
  <Objekte ObjID="13844" ObjAufnahme="1998-10-17" ObjStrasseID="3062" ObjHausnummer="Badenstedter Straße 63" ObjVorlage="2013-09-11 00:00:00.0" ObKeinKontakt="1" ObjArtID="1" Merkmal="0.0"/>
  <Objekte ObjID="13845" ObjAufnahme="1998-10-17" ObjStrasseID="3062" ObjHausnummer="Badenstedter Straße 64" ObjVorlage="2013-09-11 00:00:00.0" ObKeinKontakt="1" ObjArtID="1" Merkmal="0.0"/>
  <Objekte ObjID="13846" ObjAufnahme="1998-10-17" ObjStrasseID="3062" ObjHausnummer="Badenstedter Straße 66" ObjVorlage="2013-09-11 00:00:00.0" ObKeinKontakt="1" ObjArtID="1" Merkmal="0.0"/>
  <Objekte ObjID="13847" ObjAufnahme="1998-10-17" ObjStrasseID="3062" ObjHausnummer="Badenstedter Straße 67A" ObjVorlage="2013-09-11 00:00:00.0" ObKeinKontakt="1" ObjArtID="1" Merkmal="0.0"/>
  <Objekte ObjID="13848" ObjAufnahme="1998-10-17" ObjStrasseID="3062" ObjHausnummer="Badenstedter Straße 67B" ObjVorlage="2013-09-11 00:00:00.0" ObKeinKontakt="1" ObjArtID="1" Merkmal="0.0"/>
  <Objekte ObjID="13849" ObjAufnahme="1998-10-17" ObjStrasseID="3062" ObjHausnummer="Badenstedter Straße 68" ObjVorlage="2013-09-11 00:00:00.0" ObKeinKontakt="1" ObjArtID="1" Merkmal="0.0"/>
  <Objekte ObjID="13850" ObjAufnahme="1998-10-17" ObjStrasseID="3062" ObjHausnummer="Badenstedter Straße 70" ObjVorlage="2013-09-11 00:00:00.0" ObKeinKontakt="1" ObjArtID="1" Merkmal="0.0"/>
  <Objekte ObjID="13851" ObjAufnahme="1998-10-17" ObjStrasseID="3062" ObjHausnummer="Badenstedter Straße 72" ObjVorlage="2013-09-11 00:00:00.0" ObKeinKontakt="1" ObjArtID="1" Merkmal="0.0"/>
  <Objekte ObjID="13852" ObjAufnahme="1998-10-17" ObjStrasseID="3062" ObjHausnummer="Badenstedter Straße 74" ObjVorlage="2013-09-11 00:00:00.0" ObKeinKontakt="1" ObjArtID="1" Merkmal="0.0"/>
  <Objekte ObjID="13853" ObjAufnahme="1998-10-17" ObjStrasseID="3062" ObjHausnummer="Badenstedter Straße 76" ObjVorlage="2013-09-11 00:00:00.0" ObKeinKontakt="1" ObjArtID="1" Merkmal="0.0"/>
  <Objekte ObjID="13854" ObjAufnahme="1998-10-17" ObjStrasseID="3062" ObjHausnummer="Badenstedter Straße 78" ObjVorlage="2013-09-11 00:00:00.0" ObKeinKontakt="1" ObjArtID="1" Merkmal="0.0"/>
  <Objekte ObjID="13855" ObjAufnahme="1998-10-17" ObjStrasseID="3062" ObjHausnummer="Badenstedter Straße 80" ObjVorlage="2013-09-11 00:00:00.0" ObKeinKontakt="1" ObjArtID="1" Merkmal="0.0"/>
  <Objekte ObjID="13856" ObjAufnahme="1998-10-17" ObjStrasseID="3062" ObjHausnummer="Badenstedter Straße 91" ObjVorlage="2013-09-11 00:00:00.0" ObKeinKontakt="1" ObjArtID="1" Merkmal="0.0"/>
  <Objekte ObjID="13857" ObjAufnahme="1998-10-17" ObjStrasseID="3062" ObjHausnummer="Badenstedter Straße 93" ObjVorlage="2013-09-11 00:00:00.0" ObKeinKontakt="1" ObjArtID="1" Merkmal="0.0"/>
  <Objekte ObjID="13858" ObjAufnahme="1998-10-17" ObjStrasseID="3062" ObjHausnummer="Badenstedter Straße 95" ObjVorlage="2013-09-11 00:00:00.0" ObKeinKontakt="1" ObjArtID="1" Merkmal="0.0"/>
  <Objekte ObjID="13859" ObjAufnahme="1998-10-17" ObjStrasseID="3062" ObjHausnummer="Badenstedter Straße 96" ObjVorlage="2013-09-11 00:00:00.0" ObKeinKontakt="1" ObjArtID="1" Merkmal="0.0"/>
  <Objekte ObjID="13860" ObjAufnahme="1998-10-17" ObjStrasseID="3062" ObjHausnummer="Badenstedter Straße 97" ObjVorlage="2013-09-11 00:00:00.0" ObKeinKontakt="1" ObjArtID="1" Merkmal="0.0"/>
  <Objekte ObjID="13861" ObjAufnahme="1998-10-17" ObjStrasseID="3062" ObjHausnummer="Badenstedter Straße 98" ObjVorlage="2013-09-11 00:00:00.0" ObKeinKontakt="1" ObjArtID="1" Merkmal="0.0"/>
  <Objekte ObjID="13862" ObjAufnahme="1998-10-17" ObjStrasseID="3062" ObjHausnummer="Badenstedter Straße 98A" ObjVorlage="2013-09-11 00:00:00.0" ObKeinKontakt="1" ObjArtID="1" Merkmal="0.0"/>
  <Objekte ObjID="13863" ObjAufnahme="1998-10-17" ObjStrasseID="3062" ObjHausnummer="Badenstedter Straße 99" ObjVorlage="2013-09-11 00:00:00.0" ObKeinKontakt="1" ObjArtID="1" Merkmal="0.0"/>
  <Objekte ObjID="13864" ObjAufnahme="1998-10-17" ObjStrasseID="3062" ObjHausnummer="Badenstedter Straße 100" ObjVorlage="2013-09-11 00:00:00.0" ObKeinKontakt="1" ObjArtID="1" Merkmal="0.0"/>
  <Objekte ObjID="13865" ObjAufnahme="1998-10-17" ObjStrasseID="3062" ObjHausnummer="Badenstedter Straße 101" ObjVorlage="2013-09-11 00:00:00.0" ObKeinKontakt="1" ObjArtID="1" Merkmal="0.0"/>
  <Objekte ObjID="13866" ObjAufnahme="1998-10-17" ObjStrasseID="3062" ObjHausnummer="Badenstedter Straße 102" ObjVorlage="2013-09-11 00:00:00.0" ObKeinKontakt="1" ObjArtID="1" Merkmal="0.0"/>
  <Objekte ObjID="13867" ObjAufnahme="1998-10-17" ObjStrasseID="3062" ObjHausnummer="Badenstedter Straße 103" ObjVorlage="2013-09-11 00:00:00.0" ObKeinKontakt="1" ObjArtID="1" Merkmal="0.0"/>
  <Objekte ObjID="13868" ObjAufnahme="1998-10-17" ObjStrasseID="3062" ObjHausnummer="Badenstedter Straße 105" ObjVorlage="2013-09-11 00:00:00.0" ObKeinKontakt="1" ObjArtID="1" Merkmal="0.0"/>
  <Objekte ObjID="13869" ObjAufnahme="1998-10-17" ObjStrasseID="3062" ObjHausnummer="Badenstedter Straße 107" ObjVorlage="2013-09-11 00:00:00.0" ObKeinKontakt="1" ObjArtID="1" Merkmal="0.0"/>
  <Objekte ObjID="13870" ObjAufnahme="1998-10-17" ObjStrasseID="3062" ObjHausnummer="Badenstedter Straße 109" ObjVorlage="2013-09-11 00:00:00.0" ObKeinKontakt="1" ObjArtID="1" Merkmal="0.0"/>
  <Objekte ObjID="13871" ObjAufnahme="1998-10-17" ObjStrasseID="3062" ObjHausnummer="Badenstedter Straße 111" ObjVorlage="2013-09-11 00:00:00.0" ObKeinKontakt="1" ObjArtID="1" Merkmal="0.0"/>
  <Objekte ObjID="13872" ObjAufnahme="1998-10-17" ObjStrasseID="3062" ObjHausnummer="Badenstedter Straße 113" ObjVorlage="2013-09-11 00:00:00.0" ObKeinKontakt="1" ObjArtID="1" Merkmal="0.0"/>
  <Objekte ObjID="13873" ObjAufnahme="1998-10-17" ObjStrasseID="3062" ObjHausnummer="Badenstedter Straße 115" ObjVorlage="2013-09-11 00:00:00.0" ObKeinKontakt="1" ObjArtID="1" Merkmal="0.0"/>
  <Objekte ObjID="13874" ObjAufnahme="1998-10-17" ObjStrasseID="3062" ObjHausnummer="Badenstedter Straße 117" ObjVorlage="2013-09-11 00:00:00.0" ObKeinKontakt="1" ObjArtID="1" Merkmal="0.0"/>
  <Objekte ObjID="13875" ObjAufnahme="1998-10-17" ObjStrasseID="3062" ObjHausnummer="Badenstedter Straße 119" ObjVorlage="2013-09-11 00:00:00.0" ObKeinKontakt="1" ObjArtID="1" Merkmal="0.0"/>
  <Objekte ObjID="13876" ObjAufnahme="1998-10-17" ObjStrasseID="3062" ObjHausnummer="Badenstedter Straße 121" ObjVorlage="2013-09-11 00:00:00.0" ObKeinKontakt="1" ObjArtID="1" Merkmal="0.0"/>
  <Objekte ObjID="13877" ObjAufnahme="1998-10-17" ObjStrasseID="3062" ObjHausnummer="Badenstedter Straße 123" ObjVorlage="2013-09-11 00:00:00.0" ObKeinKontakt="1" ObjArtID="1" Merkmal="0.0"/>
  <Objekte ObjID="13878" ObjAufnahme="1998-10-17" ObjStrasseID="3062" ObjHausnummer="Badenstedter Straße 125" ObjVorlage="2013-09-11 00:00:00.0" ObKeinKontakt="1" ObjArtID="1" Merkmal="0.0"/>
  <Objekte ObjID="13879" ObjAufnahme="1998-10-17" ObjStrasseID="3062" ObjHausnummer="Badenstedter Straße 127" ObjVorlage="2013-09-11 00:00:00.0" ObKeinKontakt="1" ObjArtID="1" Merkmal="0.0"/>
  <Objekte ObjID="13880" ObjAufnahme="1998-10-17" ObjStrasseID="3062" ObjHausnummer="Badenstedter Straße 128" ObjVorlage="2013-09-11 00:00:00.0" ObKeinKontakt="1" ObjArtID="1" Merkmal="0.0"/>
  <Objekte ObjID="13881" ObjAufnahme="1998-10-17" ObjStrasseID="3062" ObjHausnummer="Badenstedter Straße 129" ObjVorlage="2013-09-11 00:00:00.0" ObKeinKontakt="1" ObjArtID="1" Merkmal="0.0"/>
  <Objekte ObjID="13882" ObjAufnahme="1998-10-17" ObjStrasseID="7176" ObjHausnummer="Kleiststraße 9A" ObjVorlage="2013-09-11 00:00:00.0" ObKeinKontakt="1" ObjArtID="1" Merkmal="0.0"/>
  <Objekte ObjID="13883" ObjAufnahme="1998-10-17" ObjStrasseID="7176" ObjHausnummer="Kleiststraße 10A" ObjVorlage="2013-09-11 00:00:00.0" ObKeinKontakt="1" ObjArtID="1" Merkmal="0.0"/>
  <Objekte ObjID="13884" ObjAufnahme="1998-10-17" ObjStrasseID="7176" ObjHausnummer="Kleiststraße 23" ObjVorlage="2013-09-11 00:00:00.0" ObKeinKontakt="1" ObjArtID="1" Merkmal="0.0"/>
  <Objekte ObjID="13885" ObjAufnahme="1998-10-17" ObjLetztKontakt="1998-11-06" ObjStrasseID="7453" ObjHausnummer="Lutherstraße 1" ObjVorlage="2013-09-11 00:00:00.0" ObKeinKontakt="2" ObjArtID="1" Merkmal="0.0"/>
  <Objekte ObjID="13886" ObjAufnahme="1998-10-17" ObjLetztKontakt="1999-03-22" ObjStrasseID="7453" ObjHausnummer="Lutherstraße 3" ObjVorlage="2013-09-11 00:00:00.0" ObKeinKontakt="1" ObjArtID="177" Merkmal="0.0"/>
  <Objekte ObjID="13887" ObjAufnahme="1998-10-17" ObjLetztKontakt="1998-10-13" ObjStrasseID="7453" ObjHausnummer="Lutherstraße 4" ObjVorlage="2013-09-11 00:00:00.0" ObKeinKontakt="7" ObjArtID="1" Merkmal="0.0"/>
  <Objekte ObjID="13888" ObjAufnahme="1998-10-17" ObjLetztKontakt="1998-11-06" ObjStrasseID="7453" ObjHausnummer="Lutherstraße 5" ObjVorlage="2013-09-11 00:00:00.0" ObKeinKontakt="2" ObjArtID="1" Merkmal="0.0" ObjInfo="Bodlin 05137/75224"/>
  <Objekte ObjID="13889" ObjAufnahme="1998-10-17" ObjStrasseID="7453" ObjHausnummer="Lutherstraße 6" ObjVorlage="2013-09-11 00:00:00.0" ObKeinKontakt="1" ObjArtID="1" Merkmal="0.0" ObjInfo="Hausmeister Amelung, Eigt. Kollberg"/>
  <Objekte ObjID="13890" ObjAufnahme="1998-10-17" ObjLetztKontakt="1999-03-22" ObjStrasseID="7453" ObjHausnummer="Lutherstraße 7" ObjVorlage="2013-09-11 00:00:00.0" ObKeinKontakt="1" ObjArtID="177" Merkmal="0.0"/>
  <Objekte ObjID="13891" ObjAufnahme="1998-10-17" ObjLetztKontakt="1998-11-06" ObjStrasseID="7453" ObjHausnummer="Lutherstraße 8" ObjVorlage="2013-09-11 00:00:00.0" ObKeinKontakt="2" ObjArtID="1" Merkmal="0.0" ObjInfo="Sauerbrey, 341410 nicht im Haus"/>
  <Objekte ObjID="13892" ObjAufnahme="1998-10-17" ObjStrasseID="7453" ObjHausnummer="Lutherstraße 9" ObjVorlage="2013-09-11 00:00:00.0" ObKeinKontakt="1" ObjArtID="1" Merkmal="0.0" ObjInfo="Eigt Willich"/>
  <Objekte ObjID="13893" ObjAufnahme="1998-10-17" ObjLetztKontakt="1998-11-06" ObjStrasseID="7453" ObjHausnummer="Lutherstraße 10" ObjVorlage="2013-09-11 00:00:00.0" ObKeinKontakt="7" ObjArtID="1" Merkmal="0.0"/>
  <Objekte ObjID="13894" ObjAufnahme="1998-10-17" ObjLetztKontakt="1998-10-13" ObjStrasseID="7453" ObjHausnummer="Lutherstraße 11" ObjVorlage="2013-09-11 00:00:00.0" ObKeinKontakt="1" ObjArtID="1" Merkmal="0.0"/>
  <Objekte ObjID="13895" ObjAufnahme="1998-10-17" ObjLetztKontakt="1998-10-13" ObjStrasseID="7453" ObjHausnummer="Lutherstraße 12" ObjVorlage="2013-09-11 00:00:00.0" ObKeinKontakt="1" ObjArtID="1" Merkmal="0.0" ObjInfo="Dettmering oder Trittschranke"/>
  <Objekte ObjID="13896" ObjAufnahme="1998-10-17" ObjLetztKontakt="1998-11-06" ObjStrasseID="7453" ObjHausnummer="Lutherstraße 13" ObjVorlage="2013-09-11 00:00:00.0" ObKeinKontakt="2" ObjArtID="1" Merkmal="0.0" ObjInfo="Monden, 30974 Wennigsermark, Lichetnbergsweg, 05103-3163, Finanzamt 4192083 oder 0177-4433441"/>
  <Objekte ObjID="13897" ObjAufnahme="1998-10-17" ObjStrasseID="7453" ObjHausnummer="Lutherstraße 14" ObjVorlage="2013-09-11 00:00:00.0" ObKeinKontakt="1" ObjArtID="1" Merkmal="0.0"/>
  <Objekte ObjID="13898" ObjAufnahme="1998-10-17" ObjStrasseID="7453" ObjHausnummer="Lutherstraße 15" ObjVorlage="2013-09-11 00:00:00.0" ObKeinKontakt="1" ObjArtID="1" Merkmal="0.0" ObjInfo="Zapf"/>
  <Objekte ObjID="13899" ObjAufnahme="1998-10-17" ObjLetztKontakt="1999-03-22" ObjStrasseID="7453" ObjHausnummer="Lutherstraße 16" ObjVorlage="2013-09-11 00:00:00.0" ObKeinKontakt="1" ObjArtID="177" Merkmal="0.0"/>
  <Objekte ObjID="13900" ObjAufnahme="1998-10-17" ObjLetztKontakt="1998-11-06" ObjStrasseID="7453" ObjHausnummer="Lutherstraße 17" ObjVorlage="2013-09-11 00:00:00.0" ObKeinKontakt="2" ObjArtID="1" Merkmal="0.0" ObjInfo="Verw. Dirkes 888864, Eigt. Debus 554607"/>
  <Objekte ObjID="13901" ObjAufnahme="1998-10-17" ObjLetztKontakt="1998-11-06" ObjStrasseID="7453" ObjHausnummer="Lutherstraße 18" ObjVorlage="2013-09-11 00:00:00.0" ObKeinKontakt="2" ObjArtID="1" Merkmal="0.0" ObjInfo="Sanitär Schwemann 3646-0 , Familie Wiesemann"/>
  <Objekte ObjID="13902" ObjAufnahme="1998-10-17" ObjStrasseID="7453" ObjHausnummer="Lutherstraße 19" ObjVorlage="2013-09-11 00:00:00.0" ObKeinKontakt="1" ObjArtID="1" Merkmal="0.0" ObjInfo="Westermann"/>
  <Objekte ObjID="13903" ObjAufnahme="1998-10-17" ObjStrasseID="7453" ObjHausnummer="Lutherstraße 20" ObjVorlage="2013-09-11 00:00:00.0" ObKeinKontakt="1" ObjArtID="1" Merkmal="0.0" ObjInfo="Brandes, Kunze verwalter"/>
  <Objekte ObjID="13904" ObjAufnahme="1998-10-17" ObjStrasseID="7453" ObjHausnummer="Lutherstraße 21" ObjVorlage="2013-09-11 00:00:00.0" ObKeinKontakt="1" ObjArtID="1" Merkmal="0.0"/>
  <Objekte ObjID="13905" ObjAufnahme="1998-10-17" ObjStrasseID="7453" ObjHausnummer="Lutherstraße 22" ObjVorlage="2013-09-11 00:00:00.0" ObKeinKontakt="1" ObjArtID="1" Merkmal="0.0"/>
  <Objekte ObjID="13906" ObjAufnahme="1998-10-17" ObjLetztKontakt="2013-03-11" ObjStrasseID="7453" ObjHausnummer="Lutherstraße 23" ObjVorlage="2013-09-11 00:00:00.0" ObKeinKontakt="2" ObjArtID="177" Merkmal="0.0" ObjInfo="Allianz Lebensvers."/>
  <Objekte ObjID="13907" ObjAufnahme="1998-10-17" ObjStrasseID="7453" ObjHausnummer="Lutherstraße 24" ObjVorlage="2013-09-11 00:00:00.0" ObKeinKontakt="1" ObjArtID="1" Merkmal="0.0"/>
  <Objekte ObjID="13908" ObjAufnahme="1998-10-17" ObjLetztKontakt="2013-03-11" ObjStrasseID="7453" ObjHausnummer="Lutherstraße 25" ObjVorlage="2013-09-11 00:00:00.0" ObKeinKontakt="2" ObjArtID="177" Merkmal="0.0" ObjInfo="Allianz Lebensv."/>
  <Objekte ObjID="13909" ObjAufnahme="1998-10-17" ObjLetztKontakt="1998-10-13" ObjStrasseID="7453" ObjHausnummer="Lutherstraße 26" ObjVorlage="2013-09-11 00:00:00.0" ObKeinKontakt="7" ObjArtID="1" Merkmal="0.0"/>
  <Objekte ObjID="13910" ObjAufnahme="1998-10-17" ObjStrasseID="7453" ObjHausnummer="Lutherstraße 27" ObjVorlage="2013-09-11 00:00:00.0" ObKeinKontakt="1" ObjArtID="1" Merkmal="0.0" ObjInfo="Meyerholz"/>
  <Objekte ObjID="13911" ObjAufnahme="1998-10-17" ObjLetztKontakt="1998-11-06" ObjStrasseID="7453" ObjHausnummer="Lutherstraße 28" ObjVorlage="2013-09-11 00:00:00.0" ObKeinKontakt="2" ObjArtID="1" Merkmal="0.0" ObjInfo="Architekt Mues 830282"/>
  <Objekte ObjID="13912" ObjAufnahme="1998-10-17" ObjLetztKontakt="1998-10-13" ObjStrasseID="7453" ObjHausnummer="Lutherstraße 29" ObjVorlage="2013-09-11 00:00:00.0" ObKeinKontakt="1" ObjArtID="1" Merkmal="0.0"/>
  <Objekte ObjID="13913" ObjAufnahme="1998-10-17" ObjStrasseID="7453" ObjHausnummer="Lutherstraße 29A" ObjVorlage="2013-09-11 00:00:00.0" ObKeinKontakt="1" ObjArtID="1" Merkmal="0.0" ObjInfo="Senft Langenhagen"/>
  <Objekte ObjID="13914" ObjAufnahme="1998-10-17" ObjStrasseID="7453" ObjHausnummer="Lutherstraße 30" ObjVorlage="2013-09-11 00:00:00.0" ObKeinKontakt="1" ObjArtID="1" Merkmal="0.0" ObjInfo="wie 28"/>
  <Objekte ObjID="13915" ObjAufnahme="1998-10-17" ObjStrasseID="7453" ObjHausnummer="Lutherstraße 30A" ObjVorlage="2013-09-11 00:00:00.0" ObKeinKontakt="1" ObjArtID="1" Merkmal="0.0"/>
  <Objekte ObjID="13916" ObjAufnahme="1998-10-17" ObjStrasseID="7453" ObjHausnummer="Lutherstraße 31" ObjVorlage="2013-09-11 00:00:00.0" ObKeinKontakt="1" ObjArtID="1" Merkmal="0.0" ObjInfo="Schulze"/>
  <Objekte ObjID="13917" ObjAufnahme="1998-10-17" ObjStrasseID="7453" ObjHausnummer="Lutherstraße 33" ObjVorlage="2013-09-11 00:00:00.0" ObKeinKontakt="1" ObjArtID="1" Merkmal="0.0" ObjInfo="Wohnungsgen. der Polizei"/>
  <Objekte ObjID="13918" ObjAufnahme="1998-10-17" ObjLetztKontakt="2013-04-10" ObjStrasseID="7453" ObjHausnummer="Lutherstraße 34" ObjVorlage="2013-09-11 00:00:00.0" ObKeinKontakt="2" ObjArtID="1" Merkmal="0.0" ObjInfo="Eigt. wohnt in Göttingen"/>
  <Objekte ObjID="13919" ObjAufnahme="1998-10-17" ObjLetztKontakt="1998-10-13" ObjStrasseID="7453" ObjHausnummer="Lutherstraße 35" ObjVorlage="2013-09-11 00:00:00.0" ObKeinKontakt="1" ObjArtID="1" Merkmal="0.0"/>
  <Objekte ObjID="13920" ObjAufnahme="1998-10-17" ObjLetztKontakt="1998-11-06" ObjStrasseID="7453" ObjHausnummer="Lutherstraße 36" ObjVorlage="2013-09-11 00:00:00.0" ObKeinKontakt="2" ObjArtID="1" Merkmal="0.0" ObjInfo="Wenzlaff 813102, Sparkasse 3603-526"/>
  <Objekte ObjID="13921" ObjAufnahme="1998-10-17" ObjLetztKontakt="1999-03-22" ObjStrasseID="7453" ObjHausnummer="Lutherstraße 37" ObjVorlage="2013-09-11 00:00:00.0" ObKeinKontakt="1" ObjArtID="177" Merkmal="0.0"/>
  <Objekte ObjID="13922" ObjAufnahme="1998-10-17" ObjStrasseID="7453" ObjHausnummer="Lutherstraße 38" ObjVorlage="2013-09-11 00:00:00.0" ObKeinKontakt="1" ObjArtID="1" Merkmal="0.0"/>
  <Objekte ObjID="13923" ObjAufnahme="1998-10-17" ObjLetztKontakt="1999-03-22" ObjStrasseID="7453" ObjHausnummer="Lutherstraße 39" ObjVorlage="2013-09-11 00:00:00.0" ObKeinKontakt="1" ObjArtID="177" Merkmal="0.0"/>
  <Objekte ObjID="13924" ObjAufnahme="1998-10-17" ObjStrasseID="7453" ObjHausnummer="Lutherstraße 40" ObjVorlage="2013-09-11 00:00:00.0" ObKeinKontakt="1" ObjArtID="1" Merkmal="0.0" ObjInfo="Fritz Nagel 889993"/>
  <Objekte ObjID="13925" ObjAufnahme="1998-10-17" ObjLetztKontakt="1998-10-13" ObjStrasseID="7453" ObjHausnummer="Lutherstraße 41" ObjVorlage="2013-09-11 00:00:00.0" ObKeinKontakt="1" ObjArtID="1" Merkmal="0.0"/>
  <Objekte ObjID="13926" ObjAufnahme="1998-10-17" ObjStrasseID="7453" ObjHausnummer="Lutherstraße 42" ObjVorlage="2013-09-11 00:00:00.0" ObKeinKontakt="1" ObjArtID="1" Merkmal="0.0" ObjInfo="Verwalter Rodewald 14383"/>
  <Objekte ObjID="13927" ObjAufnahme="1998-10-17" ObjLetztKontakt="1999-03-22" ObjStrasseID="7453" ObjHausnummer="Lutherstraße 43" ObjVorlage="2013-09-11 00:00:00.0" ObKeinKontakt="1" ObjArtID="177" Merkmal="0.0"/>
  <Objekte ObjID="13928" ObjAufnahme="1998-10-17" ObjStrasseID="7453" ObjHausnummer="Lutherstraße 44" ObjVorlage="2013-09-11 00:00:00.0" ObKeinKontakt="1" ObjArtID="1" Merkmal="0.0" ObjInfo="Verwalter Frau Meyer 05131-465303 bzw. 430827"/>
  <Objekte ObjID="13929" ObjAufnahme="1998-10-17" ObjStrasseID="7453" ObjHausnummer="Lutherstraße 46" ObjVorlage="2013-09-11 00:00:00.0" ObKeinKontakt="1" ObjArtID="1" Merkmal="0.0"/>
  <Objekte ObjID="13930" ObjAufnahme="1998-10-17" ObjStrasseID="7453" ObjHausnummer="Lutherstraße 48" ObjVorlage="2013-09-11 00:00:00.0" ObKeinKontakt="1" ObjArtID="1" Merkmal="0.0" ObjInfo="Diedrich Hans 812570 u. 812562"/>
  <Objekte ObjID="13931" ObjAufnahme="1998-10-17" ObjStrasseID="7453" ObjHausnummer="Lutherstraße 49" ObjVorlage="2013-09-11 00:00:00.0" ObKeinKontakt="1" ObjArtID="1" Merkmal="0.0" ObjInfo="Heuer"/>
  <Objekte ObjID="13932" ObjAufnahme="1998-10-17" ObjLetztKontakt="1999-03-22" ObjStrasseID="7453" ObjHausnummer="Lutherstraße 50" ObjVorlage="2013-09-11 00:00:00.0" ObKeinKontakt="1" ObjArtID="202" Merkmal="0.0"/>
  <Objekte ObjID="13933" ObjAufnahme="1998-10-17" ObjStrasseID="7453" ObjHausnummer="Lutherstraße 51" ObjVorlage="2013-09-11 00:00:00.0" ObKeinKontakt="1" ObjArtID="1" Merkmal="0.0"/>
  <Objekte ObjID="13934" ObjAufnahme="1998-10-17" ObjStrasseID="7453" ObjHausnummer="Lutherstraße 52" ObjVorlage="2013-09-11 00:00:00.0" ObKeinKontakt="1" ObjArtID="1" Merkmal="0.0" ObjInfo="Rotbarth Kirchrode 528454"/>
  <Objekte ObjID="13935" ObjAufnahme="1998-10-17" ObjStrasseID="7453" ObjHausnummer="Lutherstraße 53" ObjVorlage="2013-09-11 00:00:00.0" ObKeinKontakt="1" ObjArtID="1" Merkmal="0.0" ObjInfo="Großmann"/>
  <Objekte ObjID="13936" ObjAufnahme="1998-10-17" ObjStrasseID="7453" ObjHausnummer="Lutherstraße 54" ObjVorlage="2013-09-11 00:00:00.0" ObKeinKontakt="1" ObjArtID="1" Merkmal="0.0" ObjInfo="Puppel Haus &amp; Grund"/>
  <Objekte ObjID="13937" ObjAufnahme="1998-10-17" ObjLetztKontakt="1998-10-13" ObjStrasseID="7453" ObjHausnummer="Lutherstraße 55" ObjVorlage="2013-09-11 00:00:00.0" ObKeinKontakt="1" ObjArtID="1" Merkmal="0.0"/>
  <Objekte ObjID="13938" ObjAufnahme="1998-10-17" ObjStrasseID="7453" ObjHausnummer="Lutherstraße 56" ObjVorlage="2013-09-11 00:00:00.0" ObKeinKontakt="1" ObjArtID="1" Merkmal="0.0" ObjInfo="Wohnungsbau Niedersachsen"/>
  <Objekte ObjID="13939" ObjAufnahme="1998-10-17" ObjStrasseID="7453" ObjHausnummer="Lutherstraße 57" ObjVorlage="2013-09-11 00:00:00.0" ObKeinKontakt="1" ObjArtID="1" Merkmal="0.0"/>
  <Objekte ObjID="13940" ObjAufnahme="1998-10-17" ObjStrasseID="7453" ObjHausnummer="Lutherstraße 58" ObjVorlage="2013-09-11 00:00:00.0" ObKeinKontakt="1" ObjArtID="1" Merkmal="0.0" ObjInfo="Sticher Löwenstraße 282409"/>
  <Objekte ObjID="13941" ObjAufnahme="1998-10-17" ObjStrasseID="7453" ObjHausnummer="Lutherstraße 59" ObjVorlage="2013-09-11 00:00:00.0" ObKeinKontakt="1" ObjArtID="1" Merkmal="0.0" ObjInfo="Erbeng. Giffhorn Helga Reinecke"/>
  <Objekte ObjID="13942" ObjAufnahme="1998-10-17" ObjLetztKontakt="1999-03-22" ObjStrasseID="7453" ObjHausnummer="Lutherstraße 60" ObjVorlage="2013-09-11 00:00:00.0" ObKeinKontakt="1" ObjArtID="177" Merkmal="0.0"/>
  <Objekte ObjID="13943" ObjAufnahme="1998-10-17" ObjLetztKontakt="1998-10-13" ObjStrasseID="7453" ObjHausnummer="Lutherstraße 61" ObjVorlage="2013-09-11 00:00:00.0" ObKeinKontakt="1" ObjArtID="1" Merkmal="0.0"/>
  <Objekte ObjID="13944" ObjAufnahme="1998-10-17" ObjLetztKontakt="1999-03-22" ObjStrasseID="7453" ObjHausnummer="Lutherstraße 62" ObjVorlage="2013-09-11 00:00:00.0" ObKeinKontakt="1" ObjArtID="177" Merkmal="0.0"/>
  <Objekte ObjID="13945" ObjAufnahme="1998-10-17" ObjStrasseID="7453" ObjHausnummer="Lutherstraße 63" ObjVorlage="2013-09-11 00:00:00.0" ObKeinKontakt="1" ObjArtID="1" Merkmal="0.0" ObjInfo="Apel-Sauer"/>
  <Objekte ObjID="13946" ObjAufnahme="1998-10-17" ObjLetztKontakt="1998-10-13" ObjStrasseID="7453" ObjHausnummer="Lutherstraße 64" ObjVorlage="2013-09-11 00:00:00.0" ObKeinKontakt="2" ObjArtID="1" Merkmal="0.0"/>
  <Objekte ObjID="13947" ObjAufnahme="1998-10-17" ObjStrasseID="7453" ObjHausnummer="Lutherstraße 64A" ObjVorlage="2013-09-11 00:00:00.0" ObKeinKontakt="1" ObjArtID="1" Merkmal="0.0"/>
  <Objekte ObjID="13948" ObjAufnahme="1998-10-17" ObjStrasseID="7453" ObjHausnummer="Lutherstraße 65" ObjVorlage="2013-09-11 00:00:00.0" ObKeinKontakt="1" ObjArtID="1" Merkmal="0.0" ObjInfo="Thoms Bothfeld 652681"/>
  <Objekte ObjID="13949" ObjAufnahme="1998-10-17" ObjStrasseID="7453" ObjHausnummer="Lutherstraße 66" ObjVorlage="2013-09-11 00:00:00.0" ObKeinKontakt="1" ObjArtID="1" Merkmal="0.0"/>
  <Objekte ObjID="13950" ObjAufnahme="1998-10-17" ObjStrasseID="7453" ObjHausnummer="Lutherstraße 66A" ObjVorlage="2013-09-11 00:00:00.0" ObKeinKontakt="1" ObjArtID="1" Merkmal="0.0"/>
  <Objekte ObjID="13951" ObjAufnahme="1998-10-17" ObjStrasseID="7453" ObjHausnummer="Lutherstraße 67" ObjVorlage="2013-09-11 00:00:00.0" ObKeinKontakt="1" ObjArtID="1" Merkmal="0.0"/>
  <Objekte ObjID="13952" ObjAufnahme="1998-10-17" ObjStrasseID="7453" ObjHausnummer="Lutherstraße 68" ObjVorlage="2013-09-11 00:00:00.0" ObKeinKontakt="1" ObjArtID="118" Merkmal="0.0" ObjInfo="Wohnungsgenossenschaft Schuchard"/>
  <Objekte ObjID="13953" ObjAufnahme="1998-10-17" ObjStrasseID="7453" ObjHausnummer="Lutherstraße 69" ObjVorlage="2013-09-11 00:00:00.0" ObKeinKontakt="1" ObjArtID="1" Merkmal="0.0"/>
  <Objekte ObjID="13954" ObjAufnahme="1998-10-17" ObjStrasseID="7453" ObjHausnummer="Lutherstraße 71" ObjVorlage="2013-09-11 00:00:00.0" ObKeinKontakt="1" ObjArtID="1" Merkmal="0.0"/>
  <Objekte ObjID="13955" ObjAufnahme="1998-10-17" ObjStrasseID="7453" ObjHausnummer="Lutherstraße 72" ObjVorlage="2013-09-11 00:00:00.0" ObKeinKontakt="1" ObjArtID="1" Merkmal="0.0" ObjInfo="Deutsche Bundesbahn"/>
  <Objekte ObjID="13956" ObjAufnahme="1998-10-17" ObjLetztKontakt="1998-10-13" ObjStrasseID="7453" ObjHausnummer="Lutherstraße 73" ObjVorlage="2013-09-11 00:00:00.0" ObKeinKontakt="1" ObjArtID="1" Merkmal="0.0"/>
  <Objekte ObjID="13957" ObjAufnahme="1998-10-17" ObjStrasseID="7453" ObjHausnummer="Lutherstraße 74" ObjVorlage="2013-09-11 00:00:00.0" ObKeinKontakt="1" ObjArtID="1" Merkmal="0.0" ObjInfo="Deutsch Bundesbahn"/>
  <Objekte ObjID="13958" ObjAufnahme="1998-10-17" ObjStrasseID="7453" ObjHausnummer="Lutherstraße 75" ObjVorlage="2013-09-11 00:00:00.0" ObKeinKontakt="1" ObjArtID="1" Merkmal="0.0"/>
  <Objekte ObjID="13959" ObjAufnahme="1998-10-17" ObjStrasseID="7453" ObjHausnummer="Lutherstraße 77" ObjVorlage="2013-09-11 00:00:00.0" ObKeinKontakt="1" ObjArtID="1" Merkmal="0.0" ObjInfo="Elektrogeschäft Grove 858658"/>
  <Objekte ObjID="13960" ObjAufnahme="1998-10-17" ObjStrasseID="7453" ObjHausnummer="Lutherstraße 79" ObjVorlage="2013-09-11 00:00:00.0" ObKeinKontakt="1" ObjArtID="1" Merkmal="0.0"/>
  <Objekte ObjID="13961" ObjAufnahme="1998-10-17" ObjStrasseID="7453" ObjHausnummer="Lutherstraße 81" ObjVorlage="2013-09-11 00:00:00.0" ObKeinKontakt="1" ObjArtID="1" Merkmal="0.0"/>
  <Objekte ObjID="13962" ObjAufnahme="1998-10-17" ObjStrasseID="7453" ObjHausnummer="Lutherstraße 83" ObjVorlage="2013-09-11 00:00:00.0" ObKeinKontakt="1" ObjArtID="1" Merkmal="0.0"/>
  <Objekte ObjID="13963" ObjAufnahme="1998-10-17" ObjStrasseID="7605" ObjHausnummer="Nauheimer Straße 1" ObjVorlage="2013-09-11 00:00:00.0" ObKeinKontakt="1" ObjArtID="1" Merkmal="0.0"/>
  <Objekte ObjID="13964" ObjAufnahme="1998-10-17" ObjStrasseID="7605" ObjHausnummer="Nauheimer Straße 2" ObjVorlage="2013-09-11 00:00:00.0" ObKeinKontakt="1" ObjArtID="1" Merkmal="0.0"/>
  <Objekte ObjID="13965" ObjAufnahme="1998-10-17" ObjStrasseID="7605" ObjHausnummer="Nauheimer Straße 3" ObjVorlage="2013-09-11 00:00:00.0" ObKeinKontakt="1" ObjArtID="1" Merkmal="0.0"/>
  <Objekte ObjID="13966" ObjAufnahme="1998-10-17" ObjLetztKontakt="1998-10-17" ObjStrasseID="7605" ObjHausnummer="Nauheimer Straße 4" ObjVorlage="2013-09-11 00:00:00.0" ObKeinKontakt="1" ObjArtID="1" Merkmal="0.0"/>
  <Objekte ObjID="13967" ObjAufnahme="1998-10-17" ObjStrasseID="7605" ObjHausnummer="Nauheimer Straße 5" ObjVorlage="2013-09-11 00:00:00.0" ObKeinKontakt="1" ObjArtID="1" Merkmal="0.0" ObjInfo="Herrenhäuser Wohnungsgesellschaft 971960"/>
  <Objekte ObjID="13968" ObjAufnahme="1998-10-17" ObjStrasseID="7605" ObjHausnummer="Nauheimer Straße 6" ObjVorlage="2013-09-11 00:00:00.0" ObKeinKontakt="1" ObjArtID="1" Merkmal="0.0"/>
  <Objekte ObjID="13969" ObjAufnahme="1998-10-17" ObjStrasseID="7605" ObjHausnummer="Nauheimer Straße 7" ObjVorlage="2013-09-11 00:00:00.0" ObKeinKontakt="1" ObjArtID="1" Merkmal="0.0"/>
  <Objekte ObjID="13970" ObjAufnahme="1998-10-17" ObjStrasseID="7605" ObjHausnummer="Nauheimer Straße 9" ObjVorlage="2013-09-11 00:00:00.0" ObKeinKontakt="1" ObjArtID="1" Merkmal="0.0"/>
  <Objekte ObjID="13971" ObjAufnahme="1998-10-17" ObjStrasseID="7605" ObjHausnummer="Nauheimer Straße 11" ObjVorlage="2013-09-11 00:00:00.0" ObKeinKontakt="1" ObjArtID="1" Merkmal="0.0"/>
  <Objekte ObjID="13972" ObjAufnahme="1998-10-17" ObjLetztKontakt="1998-11-16" ObjStrasseID="7605" ObjHausnummer="Nauheimer Straße 12" ObjVorlage="2013-09-11 00:00:00.0" ObKeinKontakt="2" ObjArtID="1" Merkmal="0.0" ObjInfo="Schod, Am Soltekamp 5, Tel. 733973"/>
  <Objekte ObjID="13973" ObjAufnahme="1998-10-17" ObjStrasseID="7605" ObjHausnummer="Nauheimer Straße 13" ObjVorlage="2013-09-11 00:00:00.0" ObKeinKontakt="1" ObjArtID="1" Merkmal="0.0"/>
  <Objekte ObjID="13974" ObjAufnahme="1998-10-17" ObjStrasseID="7605" ObjHausnummer="Nauheimer Straße 15" ObjVorlage="2013-09-11 00:00:00.0" ObKeinKontakt="1" ObjArtID="1" Merkmal="0.0"/>
  <Objekte ObjID="13975" ObjAufnahme="1998-10-17" ObjStrasseID="7605" ObjHausnummer="Nauheimer Straße 17" ObjVorlage="2013-09-11 00:00:00.0" ObKeinKontakt="1" ObjArtID="1" Merkmal="0.0"/>
  <Objekte ObjID="13976" ObjAufnahme="1998-10-17" ObjStrasseID="7605" ObjHausnummer="Nauheimer Straße 21" ObjVorlage="2013-09-11 00:00:00.0" ObKeinKontakt="1" ObjArtID="1" Merkmal="0.0"/>
  <Objekte ObjID="13977" ObjAufnahme="1998-10-17" ObjStrasseID="8215" ObjHausnummer="Sonnenweg 1" ObjVorlage="2013-09-11 00:00:00.0" ObKeinKontakt="1" ObjArtID="1" Merkmal="0.0"/>
  <Objekte ObjID="13978" ObjAufnahme="1998-10-17" ObjStrasseID="8215" ObjHausnummer="Sonnenweg 3" ObjVorlage="2013-09-11 00:00:00.0" ObKeinKontakt="1" ObjArtID="1" Merkmal="0.0"/>
  <Objekte ObjID="13979" ObjAufnahme="1998-10-17" ObjStrasseID="8215" ObjHausnummer="Sonnenweg 5" ObjVorlage="2013-09-11 00:00:00.0" ObKeinKontakt="1" ObjArtID="177" Merkmal="0.0"/>
  <Objekte ObjID="13980" ObjAufnahme="1998-10-17" ObjStrasseID="8215" ObjHausnummer="Sonnenweg 7" ObjVorlage="2013-09-11 00:00:00.0" ObKeinKontakt="1" ObjArtID="177" Merkmal="0.0"/>
  <Objekte ObjID="13981" ObjAufnahme="1998-10-17" ObjStrasseID="8215" ObjHausnummer="Sonnenweg 9" ObjVorlage="2013-09-11 00:00:00.0" ObKeinKontakt="1" ObjArtID="177" Merkmal="0.0"/>
  <Objekte ObjID="13982" ObjAufnahme="1998-10-17" ObjLetztKontakt="1998-10-15" ObjStrasseID="8215" ObjHausnummer="Sonnenweg 11" ObjVorlage="2013-09-11 00:00:00.0" ObKeinKontakt="1" ObjArtID="1" Merkmal="0.0"/>
  <Objekte ObjID="13983" ObjAufnahme="1998-10-17" ObjStrasseID="8215" ObjHausnummer="Sonnenweg 12" ObjVorlage="2013-09-11 00:00:00.0" ObKeinKontakt="1" ObjArtID="1" Merkmal="0.0" ObjInfo="Verw. Schmülling"/>
  <Objekte ObjID="13984" ObjAufnahme="1998-10-17" ObjStrasseID="8215" ObjHausnummer="Sonnenweg 13" ObjVorlage="2013-09-11 00:00:00.0" ObKeinKontakt="1" ObjArtID="1" Merkmal="0.0" ObjInfo="Stodler Verwalter ? 664971"/>
  <Objekte ObjID="13985" ObjAufnahme="1998-10-17" ObjStrasseID="8215" ObjHausnummer="Sonnenweg 14" ObjVorlage="2013-09-11 00:00:00.0" ObKeinKontakt="1" ObjArtID="1" Merkmal="0.0"/>
  <Objekte ObjID="13986" ObjAufnahme="1998-10-17" ObjStrasseID="8215" ObjHausnummer="Sonnenweg 15" ObjVorlage="2013-09-11 00:00:00.0" ObKeinKontakt="1" ObjArtID="177" Merkmal="0.0"/>
  <Objekte ObjID="13987" ObjAufnahme="1998-10-17" ObjLetztKontakt="1998-11-16" ObjStrasseID="8215" ObjHausnummer="Sonnenweg 16" ObjVorlage="2013-09-11 00:00:00.0" ObKeinKontakt="2" ObjArtID="1" Merkmal="0.0"/>
  <Objekte ObjID="13988" ObjAufnahme="1998-10-17" ObjStrasseID="8215" ObjHausnummer="Sonnenweg 17" ObjVorlage="2013-09-11 00:00:00.0" ObKeinKontakt="1" ObjArtID="177" Merkmal="0.0"/>
  <Objekte ObjID="13989" ObjAufnahme="1998-10-17" ObjStrasseID="8215" ObjHausnummer="Sonnenweg 18" ObjVorlage="2013-09-11 00:00:00.0" ObKeinKontakt="1" ObjArtID="1" Merkmal="0.0"/>
  <Objekte ObjID="13990" ObjAufnahme="1998-10-17" ObjStrasseID="8215" ObjHausnummer="Sonnenweg 19" ObjVorlage="2013-09-11 00:00:00.0" ObKeinKontakt="1" ObjArtID="1" Merkmal="0.0"/>
  <Objekte ObjID="13991" ObjAufnahme="1998-10-17" ObjLetztKontakt="1998-10-15" ObjStrasseID="8215" ObjHausnummer="Sonnenweg 20" ObjVorlage="2013-09-11 00:00:00.0" ObKeinKontakt="1" ObjArtID="1" Merkmal="0.0"/>
  <Objekte ObjID="13992" ObjAufnahme="1998-10-17" ObjLetztKontakt="1998-11-16" ObjStrasseID="8215" ObjHausnummer="Sonnenweg 21" ObjVorlage="2013-09-11 00:00:00.0" ObKeinKontakt="2" ObjArtID="54" Merkmal="0.0" ObjInfo="11288\Terr."/>
  <Objekte ObjID="13993" ObjAufnahme="1998-10-17" ObjLetztKontakt="1998-11-16" ObjStrasseID="8215" ObjHausnummer="Sonnenweg 21A" ObjVorlage="2013-09-11 00:00:00.0" ObKeinKontakt="2" ObjArtID="1" Merkmal="0.0"/>
  <Objekte ObjID="13994" ObjAufnahme="1998-10-17" ObjLetztKontakt="1998-11-16" ObjStrasseID="8215" ObjHausnummer="Sonnenweg 21B" ObjVorlage="2013-09-11 00:00:00.0" ObKeinKontakt="2" ObjArtID="1" Merkmal="0.0"/>
  <Objekte ObjID="13995" ObjAufnahme="1998-10-17" ObjLetztKontakt="1998-10-15" ObjStrasseID="8215" ObjHausnummer="Sonnenweg 22" ObjVorlage="2013-09-11 00:00:00.0" ObKeinKontakt="1" ObjArtID="1" Merkmal="0.0"/>
  <Objekte ObjID="13996" ObjAufnahme="1998-10-17" ObjLetztKontakt="1998-11-16" ObjStrasseID="8215" ObjHausnummer="Sonnenweg 23" ObjVorlage="2013-09-11 00:00:00.0" ObKeinKontakt="2" ObjArtID="1" Merkmal="0.0" ObjInfo="Dr. Ahrend,priv.Fax 06253-85536,dienstl. 06253-8250"/>
  <Objekte ObjID="13997" ObjAufnahme="1998-10-17" ObjStrasseID="8215" ObjHausnummer="Sonnenweg 24" ObjVorlage="2013-09-11 00:00:00.0" ObKeinKontakt="1" ObjArtID="1" Merkmal="0.0"/>
  <Objekte ObjID="13998" ObjAufnahme="1998-10-17" ObjStrasseID="8215" ObjHausnummer="Sonnenweg 25" ObjVorlage="2013-09-11 00:00:00.0" ObKeinKontakt="1" ObjArtID="1" Merkmal="0.0"/>
  <Objekte ObjID="13999" ObjAufnahme="1998-10-17" ObjStrasseID="8215" ObjHausnummer="Sonnenweg 26" ObjVorlage="2013-09-11 00:00:00.0" ObKeinKontakt="1" ObjArtID="1" Merkmal="0.0" ObjInfo="Packhäuser, 0171-6829870"/>
  <Objekte ObjID="14000" ObjAufnahme="1998-10-17" ObjStrasseID="8215" ObjHausnummer="Sonnenweg 29" ObjVorlage="2013-09-11 00:00:00.0" ObKeinKontakt="1" ObjArtID="1" Merkmal="0.0" ObjInfo="Kiene"/>
  <Objekte ObjID="14001" ObjAufnahme="1998-10-17" ObjStrasseID="8215" ObjHausnummer="Sonnenweg 31" ObjVorlage="2013-09-11 00:00:00.0" ObKeinKontakt="1" ObjArtID="1" Merkmal="0.0"/>
  <Objekte ObjID="14002" ObjAufnahme="1998-10-17" ObjLetztKontakt="1998-11-16" ObjStrasseID="8215" ObjHausnummer="Sonnenweg 32" ObjVorlage="2013-09-11 00:00:00.0" ObKeinKontakt="2" ObjArtID="1" Merkmal="0.0" ObjInfo="Wilfried Wohlgemuth Tel. 650243"/>
  <Objekte ObjID="14003" ObjAufnahme="1998-10-17" ObjStrasseID="8215" ObjHausnummer="Sonnenweg 33" ObjVorlage="2013-09-11 00:00:00.0" ObKeinKontakt="1" ObjArtID="177" Merkmal="0.0"/>
  <Objekte ObjID="14004" ObjAufnahme="1998-10-17" ObjLetztKontakt="1998-10-15" ObjStrasseID="8215" ObjHausnummer="Sonnenweg 34" ObjVorlage="2013-09-11 00:00:00.0" ObKeinKontakt="1" ObjArtID="1" Merkmal="0.0"/>
  <Objekte ObjID="14005" ObjAufnahme="1998-10-17" ObjStrasseID="8215" ObjHausnummer="Sonnenweg 35" ObjVorlage="2013-09-11 00:00:00.0" ObKeinKontakt="1" ObjArtID="177" Merkmal="0.0"/>
  <Objekte ObjID="14006" ObjAufnahme="1998-10-17" ObjLetztKontakt="1998-10-15" ObjStrasseID="8215" ObjHausnummer="Sonnenweg 36" ObjVorlage="2013-09-11 00:00:00.0" ObKeinKontakt="1" ObjArtID="1" Merkmal="0.0"/>
  <Objekte ObjID="14007" ObjAufnahme="1998-10-17" ObjStrasseID="8215" ObjHausnummer="Sonnenweg 37" ObjVorlage="2013-09-11 00:00:00.0" ObKeinKontakt="1" ObjArtID="1" Merkmal="0.0"/>
  <Objekte ObjID="14008" ObjAufnahme="1998-10-17" ObjStrasseID="8215" ObjHausnummer="Sonnenweg 52" ObjVorlage="2013-09-11 00:00:00.0" ObKeinKontakt="1" ObjArtID="1" Merkmal="0.0"/>
  <Objekte ObjID="14009" ObjAufnahme="1998-10-17" ObjStrasseID="8215" ObjHausnummer="Sonnenweg 167" ObjVorlage="2013-09-11 00:00:00.0" ObKeinKontakt="1" ObjArtID="1" Merkmal="0.0"/>
  <Objekte ObjID="14010" ObjAufnahme="1998-10-17" ObjStrasseID="8215" ObjHausnummer="Sonnenweg 182" ObjVorlage="2013-09-11 00:00:00.0" ObKeinKontakt="1" ObjArtID="1" Merkmal="0.0"/>
  <Objekte ObjID="14011" ObjAufnahme="1998-10-17" ObjStrasseID="8215" ObjHausnummer="Sonnenweg 184" ObjVorlage="2013-09-11 00:00:00.0" ObKeinKontakt="1" ObjArtID="1" Merkmal="0.0"/>
  <Objekte ObjID="14012" ObjAufnahme="1998-10-17" ObjStrasseID="8070" ObjHausnummer="Schildtstraße 2" ObjVorlage="2013-09-11 00:00:00.0" ObKeinKontakt="1" ObjArtID="1" Merkmal="0.0"/>
  <Objekte ObjID="14013" ObjAufnahme="1998-10-17" ObjStrasseID="8070" ObjHausnummer="Schildtstraße 3" ObjVorlage="2013-09-11 00:00:00.0" ObKeinKontakt="1" ObjArtID="1" Merkmal="0.0"/>
  <Objekte ObjID="14014" ObjAufnahme="1998-10-17" ObjStrasseID="8070" ObjHausnummer="Schildtstraße 4" ObjVorlage="2013-09-11 00:00:00.0" ObKeinKontakt="1" ObjArtID="1" Merkmal="0.0"/>
  <Objekte ObjID="14015" ObjAufnahme="1998-10-17" ObjStrasseID="8070" ObjHausnummer="Schildtstraße 5" ObjVorlage="2013-09-11 00:00:00.0" ObKeinKontakt="1" ObjArtID="1" Merkmal="0.0"/>
  <Objekte ObjID="14016" ObjAufnahme="1998-10-17" ObjLetztKontakt="1998-11-17" ObjStrasseID="8070" ObjHausnummer="Schildtstraße 7" ObjVorlage="2013-09-11 00:00:00.0" ObKeinKontakt="3" ObjArtID="1" Merkmal="0.0" ObjInfo="Bauunternehmen Gieseke Tel. 051084940, Fax 051086737, Gehrden, Ronnenberger 8"/>
  <Objekte ObjID="14017" ObjAufnahme="1998-10-17" ObjStrasseID="8070" ObjHausnummer="Schildtstraße 9" ObjVorlage="2013-09-11 00:00:00.0" ObKeinKontakt="1" ObjArtID="1" Merkmal="0.0"/>
  <Objekte ObjID="14018" ObjAufnahme="1998-10-17" ObjStrasseID="8070" ObjHausnummer="Schildtstraße 11" ObjVorlage="2013-09-11 00:00:00.0" ObKeinKontakt="1" ObjArtID="1" Merkmal="0.0"/>
  <Objekte ObjID="14019" ObjAufnahme="1998-10-17" ObjStrasseID="8070" ObjHausnummer="Schildtstraße 13" ObjVorlage="2013-09-11 00:00:00.0" ObKeinKontakt="1" ObjArtID="1" Merkmal="0.0"/>
  <Objekte ObjID="14020" ObjAufnahme="1998-10-17" ObjLetztKontakt="1998-09-09" ObjStrasseID="8070" ObjHausnummer="Schildtstraße 15" ObjVorlage="2013-09-11 00:00:00.0" ObKeinKontakt="1" ObjArtID="1" Merkmal="0.0"/>
  <Objekte ObjID="14021" ObjAufnahme="1998-10-17" ObjStrasseID="8070" ObjHausnummer="Schildtstraße 16" ObjVorlage="2013-09-11 00:00:00.0" ObKeinKontakt="1" ObjArtID="1" Merkmal="0.0" ObjInfo="Wohnungsgen. Herrenhausen"/>
  <Objekte ObjID="14022" ObjAufnahme="1998-10-17" ObjLetztKontakt="1998-09-09" ObjStrasseID="8070" ObjHausnummer="Schildtstraße 17" ObjVorlage="2013-09-11 00:00:00.0" ObKeinKontakt="1" ObjArtID="1" Merkmal="0.0"/>
  <Objekte ObjID="14023" ObjAufnahme="1998-10-17" ObjStrasseID="8070" ObjHausnummer="Schildtstraße 18" ObjVorlage="2013-09-11 00:00:00.0" ObKeinKontakt="1" ObjArtID="1" Merkmal="0.0" ObjInfo="Wohnungsgen. Herrenhausen"/>
  <Objekte ObjID="14024" ObjAufnahme="1998-10-17" ObjLetztKontakt="1998-11-17" ObjStrasseID="8070" ObjHausnummer="Schildtstraße 19" ObjVorlage="2013-09-11 00:00:00.0" ObKeinKontakt="2" ObjArtID="1" Merkmal="0.0" ObjInfo="Gerda Wilke, Hof 6 ,30455 Hannover,495489"/>
  <Objekte ObjID="14025" ObjAufnahme="1998-10-17" ObjStrasseID="8070" ObjHausnummer="Schildtstraße 20" ObjVorlage="2013-09-11 00:00:00.0" ObKeinKontakt="1" ObjArtID="1" Merkmal="0.0" ObjInfo="Herrenhäuser Wohnungsgen.,Herr Rieness,Herr Klitz, 9719617"/>
  <Objekte ObjID="14026" ObjAufnahme="1998-10-17" ObjStrasseID="8070" ObjHausnummer="Schildtstraße 21" ObjVorlage="2013-09-11 00:00:00.0" ObKeinKontakt="1" ObjArtID="177" Merkmal="0.0"/>
  <Objekte ObjID="14027" ObjAufnahme="1998-10-17" ObjStrasseID="8070" ObjHausnummer="Schildtstraße 22" ObjVorlage="2013-09-11 00:00:00.0" ObKeinKontakt="1" ObjArtID="1" Merkmal="0.0" ObjInfo="Wohnungsgenossenschaft Herrenhausen, Sekr. Frau Bähre 97196/35, Vorstand herr Backhaus,Königsworther Platz,30167 Hannover"/>
  <Objekte ObjID="14028" ObjAufnahme="1998-10-17" ObjStrasseID="8070" ObjHausnummer="Schildtstraße 23" ObjVorlage="2013-09-11 00:00:00.0" ObKeinKontakt="1" ObjArtID="1" Merkmal="0.0" ObjInfo="wie 22"/>
  <Objekte ObjID="14029" ObjAufnahme="1998-10-19" ObjLetztKontakt="1998-10-19" ObjStrasseID="9213" ObjHausnummer="Borchersstraße 1" ObjVorlage="2013-09-11 00:00:00.0" ObKeinKontakt="5" ObjArtID="20" Merkmal="0.9999999999999999"/>
  <Objekte ObjID="14030" ObjAufnahme="1998-10-19" ObjLetztKontakt="1999-12-10" ObjStrasseID="8618" ObjHausnummer="Wiesenstraße 18" ObjVorlage="2013-09-11 00:00:00.0" ObKeinKontakt="6" ObjArtID="1" Merkmal="0.0"/>
  <Objekte ObjID="14031" ObjAufnahme="1998-10-20" ObjLetztKontakt="1998-10-20" ObjStrasseID="4312" ObjHausnummer="Mühlenweg 25" ObjVorlage="2013-09-11 00:00:00.0" ObKeinKontakt="5" ObjArtID="8" Merkmal="0.0"/>
  <Objekte ObjID="14032" ObjAufnahme="1998-10-20" ObjLetztKontakt="1998-10-20" ObjStrasseID="9123" ObjHausnummer="Spannweg 34" ObjVorlage="2013-09-11 00:00:00.0" ObKeinKontakt="5" ObjArtID="21" Merkmal="0.9999999999999999"/>
  <Objekte ObjID="14033" ObjAufnahme="1998-10-22" ObjLetztKontakt="1999-09-23" ObjStrasseID="8318" ObjHausnummer="Struckmeyerstraße 9" ObjVorlage="2013-09-11 00:00:00.0" ObKeinKontakt="5" ObjArtID="54" Merkmal="0.0" ObjInfo="14657\"/>
  <Objekte ObjID="14034" ObjAufnahme="1998-10-22" ObjLetztKontakt="1998-10-22" ObjStrasseID="8318" ObjHausnummer="Struckmeyerstraße 9" ObjVorlage="2013-09-11 00:00:00.0" ObKeinKontakt="2" ObjArtID="209" Merkmal="0.0" ObjInfo="19591\"/>
  <Objekte ObjID="14035" ObjAufnahme="1998-10-22" ObjLetztKontakt="1998-10-22" ObjStrasseID="8318" ObjHausnummer="Struckmeyerstraße 9" ObjVorlage="2013-09-11 00:00:00.0" ObKeinKontakt="5" ObjArtID="202" Merkmal="0.0" ObjInfo="15563\"/>
  <Objekte ObjID="14036" ObjAufnahme="1998-10-22" ObjLetztKontakt="1998-10-22" ObjStrasseID="8318" ObjHausnummer="Struckmeyerstraße 9" ObjVorlage="2013-09-11 00:00:00.0" ObKeinKontakt="5" ObjArtID="203" Merkmal="0.0" ObjInfo="13153\ Spitzb. 40m² 22.000 DM 73000 DM Ausb."/>
  <Objekte ObjID="14037" ObjAufnahme="1998-10-22" ObjLetztKontakt="1998-10-22" ObjStrasseID="8318" ObjHausnummer="Struckmeyerstraße 9" ObjVorlage="2013-09-11 00:00:00.0" ObKeinKontakt="2" ObjArtID="63" Merkmal="0.0" ObjInfo="13074833~&#xD;&#xA;14038"/>
  <Objekte ObjID="14043" ObjAufnahme="1998-10-23" ObjStrasseID="5633" ObjHausnummer="Am Graswege 1" ObjVorlage="2013-09-11 00:00:00.0" ObKeinKontakt="1" ObjArtID="5" Merkmal="0.0" ObjInfo="alt: Kalbhenn Erben, nicht ermittelt"/>
  <Objekte ObjID="14044" ObjAufnahme="1998-10-23" ObjLetztKontakt="1999-03-22" ObjStrasseID="5633" ObjHausnummer="Am Graswege 2" ObjVorlage="2013-09-11 00:00:00.0" ObKeinKontakt="1" ObjArtID="177" Merkmal="0.0"/>
  <Objekte ObjID="14045" ObjAufnahme="1998-10-23" ObjLetztKontakt="2000-12-14" ObjStrasseID="5633" ObjHausnummer="Am Graswege 3" ObjVorlage="2013-09-11 00:00:00.0" ObKeinKontakt="2" ObjArtID="1" Merkmal="0.0" ObjInfo="Dr. W. Pförtner i.Hs. Tel. 0511/ 880907"/>
  <Objekte ObjID="14046" ObjAufnahme="1998-10-23" ObjLetztKontakt="1998-10-27" ObjStrasseID="5633" ObjHausnummer="Am Graswege 4" ObjVorlage="2013-09-11 00:00:00.0" ObKeinKontakt="2" ObjArtID="1" Merkmal="0.0"/>
  <Objekte ObjID="14047" ObjAufnahme="1998-10-23" ObjLetztKontakt="2000-12-14" ObjStrasseID="5633" ObjHausnummer="Am Graswege 5" ObjVorlage="2013-09-11 00:00:00.0" ObKeinKontakt="2" ObjArtID="1" Merkmal="0.0" ObjInfo="Dipl.-Ing. Günter Despang i.Hs. Tel. 0511/ 882840"/>
  <Objekte ObjID="14048" ObjAufnahme="1998-10-23" ObjStrasseID="5633" ObjHausnummer="Am Graswege 6" ObjVorlage="2013-09-11 00:00:00.0" ObKeinKontakt="1" ObjArtID="9" Merkmal="0.0" ObjInfo="Deutsche Bundespost"/>
  <Objekte ObjID="14049" ObjAufnahme="1998-10-23" ObjLetztKontakt="2000-12-14" ObjStrasseID="5633" ObjHausnummer="Am Graswege 7" ObjVorlage="2013-09-11 00:00:00.0" ObKeinKontakt="2" ObjArtID="1" Merkmal="0.0" ObjInfo="Haus - Erich Kast; i.Hs. Tel. 0511/ 886767"/>
  <Objekte ObjID="14050" ObjAufnahme="1998-10-23" ObjLetztKontakt="2000-12-14" ObjStrasseID="5633" ObjHausnummer="Am Graswege 8" ObjVorlage="2013-09-11 00:00:00.0" ObKeinKontakt="2" ObjArtID="1" Merkmal="0.0" ObjInfo="Paul Pasemann und Frau, Köcherstr.9, Tel.0511/ 832152"/>
  <Objekte ObjID="14051" ObjAufnahme="1998-10-23" ObjStrasseID="5633" ObjHausnummer="Am Graswege 9" ObjVorlage="2013-09-11 00:00:00.0" ObKeinKontakt="1" ObjArtID="1" Merkmal="0.0" ObjInfo="alt: Nicoletta Kracke;     - nicht ermittelt -"/>
  <Objekte ObjID="14052" ObjAufnahme="1998-10-23" ObjLetztKontakt="1998-11-01" ObjStrasseID="5633" ObjHausnummer="Am Graswege 10" ObjVorlage="2013-09-11 00:00:00.0" ObKeinKontakt="2" ObjArtID="1" Merkmal="0.0" ObjInfo="Halve , Springe 05041-62461"/>
  <Objekte ObjID="14053" ObjAufnahme="1998-10-23" ObjStrasseID="5633" ObjHausnummer="Am Graswege 11" ObjVorlage="2013-09-11 00:00:00.0" ObKeinKontakt="1" ObjArtID="1" Merkmal="0.0" ObjInfo="alt: Frau Böttcher verstorben, hat an Nichte übertragen - diese nicht vermittelt"/>
  <Objekte ObjID="14054" ObjAufnahme="1998-10-23" ObjLetztKontakt="2000-12-14" ObjStrasseID="5633" ObjHausnummer="Am Graswege 12" ObjVorlage="2013-09-11 00:00:00.0" ObKeinKontakt="2" ObjArtID="1" Merkmal="0.0" ObjInfo="Wohnungsgenossenschaft Heimkehr - in  03/00 gekauft"/>
  <Objekte ObjID="14055" ObjAufnahme="1998-10-23" ObjLetztKontakt="2000-12-14" ObjStrasseID="5633" ObjHausnummer="Am Graswege 13" ObjVorlage="2013-09-11 00:00:00.0" ObKeinKontakt="2" ObjArtID="1" Merkmal="0.0" ObjInfo="Dipl.-Ing. Arnold Poelder i.Hs., Tel. 0511/ 883653"/>
  <Objekte ObjID="14056" ObjAufnahme="1998-10-23" ObjLetztKontakt="2000-12-14" ObjStrasseID="5633" ObjHausnummer="Am Graswege 14" ObjVorlage="2013-09-11 00:00:00.0" ObKeinKontakt="2" ObjArtID="1" Merkmal="0.0" ObjInfo="Frau Dannenberg von Dannenberg Immobilien in  05/2000 erworben"/>
  <Objekte ObjID="14057" ObjAufnahme="1998-10-23" ObjLetztKontakt="2000-12-14" ObjStrasseID="5633" ObjHausnummer="Am Graswege 15" ObjVorlage="2013-09-11 00:00:00.0" ObKeinKontakt="2" ObjArtID="1" Merkmal="0.0" ObjInfo="Hans Behrendt i.Hs. Tel. 0511/ 889547"/>
  <Objekte ObjID="14058" ObjAufnahme="1998-10-23" ObjLetztKontakt="1998-11-05" ObjStrasseID="5633" ObjHausnummer="Am Graswege 16" ObjVorlage="2013-09-11 00:00:00.0" ObKeinKontakt="1" ObjArtID="1" Merkmal="0.0" ObjInfo="H. Wiederholt ( ?) - von Mark Galley in 06/99  verkauft -"/>
  <Objekte ObjID="14059" ObjAufnahme="1998-10-23" ObjStrasseID="5633" ObjHausnummer="Am Graswege 17" ObjVorlage="2013-09-11 00:00:00.0" ObKeinKontakt="1" ObjArtID="1" Merkmal="0.0" ObjInfo="Selma Zabel; Herdestr. 8, 29549 Bad Bevensen, Tel. 05821/1518 ; xind : 12/00"/>
  <Objekte ObjID="14060" ObjAufnahme="1998-10-23" ObjLetztKontakt="2000-12-14" ObjStrasseID="5633" ObjHausnummer="Am Graswege 18" ObjVorlage="2013-09-11 00:00:00.0" ObKeinKontakt="2" ObjArtID="1" Merkmal="0.0"/>
  <Objekte ObjID="14061" ObjAufnahme="1998-10-23" ObjStrasseID="5633" ObjHausnummer="Am Graswege 19" ObjVorlage="2013-09-11 00:00:00.0" ObKeinKontakt="2" ObjArtID="1" Merkmal="0.0" ObjInfo="Dr.med.E.Palzschke, Stephansplatz 3, kein Verkauf gem. Schwiegertochter i.Hs. T. 801139"/>
  <Objekte ObjID="14062" ObjAufnahme="1998-10-23" ObjStrasseID="5633" ObjHausnummer="Am Graswege 20" ObjVorlage="2013-09-11 00:00:00.0" ObKeinKontakt="1" ObjArtID="1" Merkmal="0.0" ObjInfo="alt:  Wilde/Meyer/Meyer   - kein Kontakt -"/>
  <Objekte ObjID="14063" ObjAufnahme="1998-10-23" ObjStrasseID="5633" ObjHausnummer="Am Graswege 20A" ObjVorlage="2013-09-11 00:00:00.0" ObKeinKontakt="1" ObjArtID="25" Merkmal="0.0"/>
  <Objekte ObjID="14064" ObjAufnahme="1998-10-23" ObjStrasseID="5633" ObjHausnummer="Am Graswege 21" ObjVorlage="2013-09-11 00:00:00.0" ObKeinKontakt="1" ObjArtID="177" Merkmal="0.0"/>
  <Objekte ObjID="14065" ObjAufnahme="1998-10-23" ObjLetztKontakt="2000-12-14" ObjStrasseID="5633" ObjHausnummer="Am Graswege 22" ObjVorlage="2013-09-11 00:00:00.0" ObKeinKontakt="2" ObjArtID="1" Merkmal="0.0" ObjInfo="H. Hülsemann i.Hs. Tel. 0511/ 802024;  hat auf Kinder übertragen"/>
  <Objekte ObjID="14066" ObjAufnahme="1998-10-23" ObjLetztKontakt="2000-12-14" ObjStrasseID="5633" ObjHausnummer="Am Graswege 23" ObjVorlage="2013-09-11 00:00:00.0" ObKeinKontakt="2" ObjArtID="1" Merkmal="0.0" ObjInfo="Gabriele und Ingo Keimer, Birkenweg 11, 30657 Isernhagen-Süd, Tel.0511/651304 - in 1999 erworben -"/>
  <Objekte ObjID="14067" ObjAufnahme="1998-10-23" ObjLetztKontakt="2000-12-14" ObjStrasseID="5633" ObjHausnummer="Am Graswege 24" ObjVorlage="2013-09-11 00:00:00.0" ObKeinKontakt="2" ObjArtID="1" Merkmal="0.0" ObjInfo="karl-Heinz Gehring i.Hs. Tel. 0511/ 808499"/>
  <Objekte ObjID="14068" ObjAufnahme="1998-10-23" ObjLetztKontakt="2000-12-14" ObjStrasseID="5633" ObjHausnummer="Am Graswege 25" ObjVorlage="2013-09-11 00:00:00.0" ObKeinKontakt="2" ObjArtID="1" Merkmal="0.0" ObjInfo="Elfriede Röhler  i.Hs. Nr. 27, Tel. 0511/ 886468"/>
  <Objekte ObjID="14069" ObjAufnahme="1998-10-23" ObjLetztKontakt="2000-12-14" ObjStrasseID="5633" ObjHausnummer="Am Graswege 26" ObjVorlage="2013-09-11 00:00:00.0" ObKeinKontakt="2" ObjArtID="1" Merkmal="0.0"/>
  <Objekte ObjID="14070" ObjAufnahme="1998-10-23" ObjLetztKontakt="1998-10-27" ObjStrasseID="5633" ObjHausnummer="Am Graswege 27" ObjVorlage="2013-09-11 00:00:00.0" ObKeinKontakt="1" ObjArtID="1" Merkmal="0.0"/>
  <Objekte ObjID="14071" ObjAufnahme="1998-10-23" ObjLetztKontakt="1999-03-22" ObjStrasseID="5633" ObjHausnummer="Am Graswege 29" ObjVorlage="2013-09-11 00:00:00.0" ObKeinKontakt="1" ObjArtID="177" Merkmal="0.0"/>
  <Objekte ObjID="14072" ObjAufnahme="1998-10-23" ObjStrasseID="5633" ObjHausnummer="Am Graswege 29A" ObjVorlage="2013-09-11 00:00:00.0" ObKeinKontakt="1" ObjArtID="1" Merkmal="0.0"/>
  <Objekte ObjID="14073" ObjAufnahme="1998-10-23" ObjStrasseID="5633" ObjHausnummer="Am Graswege 30" ObjVorlage="2013-09-11 00:00:00.0" ObKeinKontakt="1" ObjArtID="1" Merkmal="0.0" ObjInfo="alt:  Frau D. Hermann - verstorben; an Sohn übertragen, diesen nicht ermittelt"/>
  <Objekte ObjID="14074" ObjAufnahme="1998-10-23" ObjLetztKontakt="2000-12-14" ObjStrasseID="5633" ObjHausnummer="Am Graswege 31" ObjVorlage="2013-09-11 00:00:00.0" ObKeinKontakt="2" ObjArtID="1" Merkmal="0.0"/>
  <Objekte ObjID="14075" ObjAufnahme="1998-10-23" ObjLetztKontakt="1998-10-27" ObjStrasseID="5633" ObjHausnummer="Am Graswege 32" ObjVorlage="2013-09-11 00:00:00.0" ObKeinKontakt="2" ObjArtID="1" Merkmal="0.0"/>
  <Objekte ObjID="14076" ObjAufnahme="1998-10-23" ObjLetztKontakt="1999-03-22" ObjStrasseID="5633" ObjHausnummer="Am Graswege 33" ObjVorlage="2013-09-11 00:00:00.0" ObKeinKontakt="1" ObjArtID="177" Merkmal="0.0"/>
  <Objekte ObjID="14077" ObjAufnahme="1998-10-23" ObjLetztKontakt="2000-12-14" ObjStrasseID="5633" ObjHausnummer="Am Graswege 34" ObjVorlage="2013-09-11 00:00:00.0" ObKeinKontakt="2" ObjArtID="1" Merkmal="0.0"/>
  <Objekte ObjID="14078" ObjAufnahme="1998-10-23" ObjLetztKontakt="2000-12-14" ObjStrasseID="5633" ObjHausnummer="Am Graswege 35" ObjVorlage="2013-09-11 00:00:00.0" ObKeinKontakt="2" ObjArtID="1" Merkmal="0.0" ObjInfo="Stadtsparkasse"/>
  <Objekte ObjID="14079" ObjAufnahme="1998-10-23" ObjStrasseID="5633" ObjHausnummer="Am Graswege 37" ObjVorlage="2013-09-11 00:00:00.0" ObKeinKontakt="1" ObjArtID="177" Merkmal="0.0"/>
  <Objekte ObjID="14080" ObjAufnahme="1998-10-23" ObjStrasseID="5633" ObjHausnummer="Am Graswege 38" ObjVorlage="2013-09-11 00:00:00.0" ObKeinKontakt="1" ObjArtID="1" Merkmal="0.0" ObjInfo="alt: Erbengemeinschaft Gremer - noch keinen Kontakt"/>
  <Objekte ObjID="14081" ObjAufnahme="1998-10-23" ObjStrasseID="5633" ObjHausnummer="Am Graswege 39" ObjVorlage="2013-09-11 00:00:00.0" ObKeinKontakt="1" ObjArtID="1" Merkmal="0.0"/>
  <Objekte ObjID="14082" ObjAufnahme="1998-10-23" ObjStrasseID="5633" ObjHausnummer="Am Graswege 40" ObjVorlage="2013-09-11 00:00:00.0" ObKeinKontakt="1" ObjArtID="1" Merkmal="0.0"/>
  <Objekte ObjID="14083" ObjAufnahme="1998-10-23" ObjLetztKontakt="2000-12-14" ObjStrasseID="5633" ObjHausnummer="Am Graswege 41" ObjVorlage="2013-09-11 00:00:00.0" ObKeinKontakt="2" ObjArtID="1" Merkmal="0.0" ObjInfo="Herrn Kochheim i.Fa. Wiedene Eisenhauser GmbH; Güntherstr.8, Tel.0511/9845299, 30519 Hann."/>
  <Objekte ObjID="14084" ObjAufnahme="1998-10-23" ObjLetztKontakt="2000-12-14" ObjStrasseID="5633" ObjHausnummer="Am Graswege 42" ObjVorlage="2013-09-11 00:00:00.0" ObKeinKontakt="2" ObjArtID="1" Merkmal="0.0" ObjInfo="Cornelia Poggenpohl, Varrelheide 4 A, Tel. 0511/652979"/>
  <Objekte ObjID="14085" ObjAufnahme="1998-10-23" ObjLetztKontakt="2000-12-14" ObjStrasseID="5633" ObjHausnummer="Am Graswege 45" ObjVorlage="2013-09-11 00:00:00.0" ObKeinKontakt="2" ObjArtID="1" Merkmal="0.0" ObjInfo="Frau Wolfram i.Hs. Tel. 0511/ 885641"/>
  <Objekte ObjID="14086" ObjAufnahme="1998-10-23" ObjLetztKontakt="2000-12-14" ObjStrasseID="5633" ObjHausnummer="Am Graswege 47" ObjVorlage="2013-09-11 00:00:00.0" ObKeinKontakt="2" ObjArtID="1" Merkmal="0.0" ObjInfo="Wolf-Dieter Gogoll, Tel. 05131/53538"/>
  <Objekte ObjID="14087" ObjAufnahme="1998-10-23" ObjLetztKontakt="2000-12-14" ObjStrasseID="5633" ObjHausnummer="Am Graswege 49" ObjVorlage="2013-09-11 00:00:00.0" ObKeinKontakt="2" ObjArtID="1" Merkmal="0.0" ObjInfo="Heinz Böhm i.Hs., Tel. 0511/ 808760"/>
  <Objekte ObjID="14088" ObjAufnahme="1998-10-23" ObjLetztKontakt="2000-12-14" ObjStrasseID="5633" ObjHausnummer="Am Graswege 51" ObjVorlage="2013-09-11 00:00:00.0" ObKeinKontakt="2" ObjArtID="1" Merkmal="0.0" ObjInfo="Frau E. Balzer, Constantinstr. 66, Tel. 0511/ 692777"/>
  <Objekte ObjID="14089" ObjAufnahme="1998-10-23" ObjStrasseID="5633" ObjHausnummer="Am Graswege 36" ObjVorlage="2013-09-11 00:00:00.0" ObKeinKontakt="1" ObjArtID="1" Merkmal="0.0" ObjInfo="alt: E. Fricke und E. Wand - kein Kontakt"/>
  <Objekte ObjID="14090" ObjAufnahme="1998-10-26" ObjLetztKontakt="1998-10-26" ObjStrasseID="7860" ObjHausnummer="Rehbockstraße 34" ObjVorlage="2013-09-11 00:00:00.0" ObKeinKontakt="1" ObjArtID="1" Merkmal="0.0" ObjInfo="gehört Wollny"/>
  <Objekte ObjID="14091" ObjAufnahme="1998-10-26" ObjLetztKontakt="1998-10-26" ObjStrasseID="8594" ObjHausnummer="Wesselstraße 13" ObjVorlage="2013-09-11 00:00:00.0" ObKeinKontakt="1" ObjArtID="1" Merkmal="0.0"/>
  <Objekte ObjID="14092" ObjAufnahme="1998-10-26" ObjLetztKontakt="1998-10-26" ObjStrasseID="8375" ObjHausnummer="Tieckstraße 26" ObjVorlage="2013-09-11 00:00:00.0" ObKeinKontakt="1" ObjArtID="1" Merkmal="0.0"/>
  <Objekte ObjID="14093" ObjAufnahme="1998-10-26" ObjLetztKontakt="1998-10-26" ObjStrasseID="8375" ObjHausnummer="Tieckstraße 26A" ObjVorlage="2013-09-11 00:00:00.0" ObKeinKontakt="1" ObjArtID="1" Merkmal="0.0"/>
  <Objekte ObjID="14094" ObjAufnahme="1998-10-26" ObjLetztKontakt="1998-10-26" ObjStrasseID="8594" ObjHausnummer="Wesselstraße 28" ObjVorlage="2013-09-11 00:00:00.0" ObKeinKontakt="1" ObjArtID="1" Merkmal="0.0"/>
  <Objekte ObjID="14095" ObjAufnahme="1998-10-26" ObjLetztKontakt="1998-10-26" ObjStrasseID="6329" ObjHausnummer="Elbinger Weg 13" ObjVorlage="2013-09-11 00:00:00.0" ObKeinKontakt="5" ObjArtID="8" Merkmal="0.9999999999999999" ObjInfo="150qm/540qm/1979/Garage/650.000DM"/>
  <Objekte ObjID="14096" ObjAufnahme="1998-10-27" ObjStrasseID="7392" ObjHausnummer="Lindener Marktplatz 2" ObjVorlage="2013-09-11 00:00:00.0" ObKeinKontakt="5" ObjArtID="83" Merkmal="0.9999999999999999" ObjInfo="295115\"/>
  <Objekte ObjID="14097" ObjAufnahme="1998-10-28" ObjStrasseID="6840" ObjHausnummer="Henzeweg 1" ObjVorlage="2013-09-11 00:00:00.0" ObKeinKontakt="1" ObjArtID="1" Merkmal="0.0"/>
  <Objekte ObjID="14098" ObjAufnahme="1998-10-28" ObjStrasseID="6840" ObjHausnummer="Henzeweg 2" ObjVorlage="2013-09-11 00:00:00.0" ObKeinKontakt="1" ObjArtID="1" Merkmal="0.0"/>
  <Objekte ObjID="14099" ObjAufnahme="1998-10-28" ObjStrasseID="6840" ObjHausnummer="Henzeweg 3" ObjVorlage="2013-09-11 00:00:00.0" ObKeinKontakt="1" ObjArtID="1" Merkmal="0.0"/>
  <Objekte ObjID="14100" ObjAufnahme="1998-10-28" ObjStrasseID="6840" ObjHausnummer="Henzeweg 4" ObjVorlage="2013-09-11 00:00:00.0" ObKeinKontakt="1" ObjArtID="1" Merkmal="0.0"/>
  <Objekte ObjID="14101" ObjAufnahme="1998-10-28" ObjStrasseID="6840" ObjHausnummer="Henzeweg 5" ObjVorlage="2013-09-11 00:00:00.0" ObKeinKontakt="1" ObjArtID="1" Merkmal="0.0"/>
  <Objekte ObjID="14102" ObjAufnahme="1998-10-28" ObjLetztKontakt="1998-10-28" ObjStrasseID="6840" ObjHausnummer="Henzeweg 6" ObjVorlage="2013-09-11 00:00:00.0" ObKeinKontakt="2" ObjArtID="1" Merkmal="0.0"/>
  <Objekte ObjID="14103" ObjAufnahme="1998-10-28" ObjStrasseID="6840" ObjHausnummer="Henzeweg 7" ObjVorlage="2013-09-11 00:00:00.0" ObKeinKontakt="1" ObjArtID="1" Merkmal="0.0"/>
  <Objekte ObjID="14104" ObjAufnahme="1998-10-28" ObjStrasseID="6840" ObjHausnummer="Henzeweg 8" ObjVorlage="2013-09-11 00:00:00.0" ObKeinKontakt="1" ObjArtID="1" Merkmal="0.0"/>
  <Objekte ObjID="14105" ObjAufnahme="1998-10-28" ObjStrasseID="6840" ObjHausnummer="Henzeweg 10" ObjVorlage="2013-09-11 00:00:00.0" ObKeinKontakt="1" ObjArtID="1" Merkmal="0.0"/>
  <Objekte ObjID="14106" ObjAufnahme="1998-10-28" ObjStrasseID="5682" ObjHausnummer="Am Lohgraben 2" ObjVorlage="2013-09-11 00:00:00.0" ObKeinKontakt="1" ObjArtID="1" Merkmal="0.0"/>
  <Objekte ObjID="14107" ObjAufnahme="1998-10-28" ObjStrasseID="5682" ObjHausnummer="Am Lohgraben 4" ObjVorlage="2013-09-11 00:00:00.0" ObKeinKontakt="1" ObjArtID="1" Merkmal="0.0"/>
  <Objekte ObjID="14108" ObjAufnahme="1998-10-28" ObjStrasseID="5682" ObjHausnummer="Am Lohgraben 6" ObjVorlage="2013-09-11 00:00:00.0" ObKeinKontakt="1" ObjArtID="1" Merkmal="0.0"/>
  <Objekte ObjID="14109" ObjAufnahme="1998-10-28" ObjStrasseID="5682" ObjHausnummer="Am Lohgraben 8" ObjVorlage="2013-09-11 00:00:00.0" ObKeinKontakt="1" ObjArtID="1" Merkmal="0.0"/>
  <Objekte ObjID="14110" ObjAufnahme="1998-10-28" ObjStrasseID="5682" ObjHausnummer="Am Lohgraben 9" ObjVorlage="2013-09-11 00:00:00.0" ObKeinKontakt="1" ObjArtID="1" Merkmal="0.0"/>
  <Objekte ObjID="14111" ObjAufnahme="1998-10-28" ObjStrasseID="5682" ObjHausnummer="Am Lohgraben 10" ObjVorlage="2013-09-11 00:00:00.0" ObKeinKontakt="1" ObjArtID="1" Merkmal="0.0"/>
  <Objekte ObjID="14112" ObjAufnahme="1998-10-28" ObjStrasseID="5682" ObjHausnummer="Am Lohgraben 11" ObjVorlage="2013-09-11 00:00:00.0" ObKeinKontakt="1" ObjArtID="1" Merkmal="0.0"/>
  <Objekte ObjID="14113" ObjAufnahme="1998-10-28" ObjStrasseID="5682" ObjHausnummer="Am Lohgraben 12" ObjVorlage="2013-09-11 00:00:00.0" ObKeinKontakt="1" ObjArtID="1" Merkmal="0.0"/>
  <Objekte ObjID="14114" ObjAufnahme="1998-10-28" ObjStrasseID="5682" ObjHausnummer="Am Lohgraben 13" ObjVorlage="2013-09-11 00:00:00.0" ObKeinKontakt="1" ObjArtID="1" Merkmal="0.0"/>
  <Objekte ObjID="14115" ObjAufnahme="1998-10-28" ObjStrasseID="5682" ObjHausnummer="Am Lohgraben 14" ObjVorlage="2013-09-11 00:00:00.0" ObKeinKontakt="1" ObjArtID="1" Merkmal="0.0"/>
  <Objekte ObjID="14116" ObjAufnahme="1998-10-28" ObjStrasseID="5682" ObjHausnummer="Am Lohgraben 15" ObjVorlage="2013-09-11 00:00:00.0" ObKeinKontakt="1" ObjArtID="1" Merkmal="0.0"/>
  <Objekte ObjID="14117" ObjAufnahme="1998-10-28" ObjStrasseID="5682" ObjHausnummer="Am Lohgraben 16" ObjVorlage="2013-09-11 00:00:00.0" ObKeinKontakt="1" ObjArtID="1" Merkmal="0.0"/>
  <Objekte ObjID="14118" ObjAufnahme="1998-10-28" ObjStrasseID="5682" ObjHausnummer="Am Lohgraben 17" ObjVorlage="2013-09-11 00:00:00.0" ObKeinKontakt="1" ObjArtID="1" Merkmal="0.0"/>
  <Objekte ObjID="14119" ObjAufnahme="1998-10-28" ObjStrasseID="5682" ObjHausnummer="Am Lohgraben 18" ObjVorlage="2013-09-11 00:00:00.0" ObKeinKontakt="1" ObjArtID="1" Merkmal="0.0"/>
  <Objekte ObjID="14120" ObjAufnahme="1998-10-28" ObjStrasseID="5682" ObjHausnummer="Am Lohgraben 20" ObjVorlage="2013-09-11 00:00:00.0" ObKeinKontakt="1" ObjArtID="1" Merkmal="0.0"/>
  <Objekte ObjID="14121" ObjAufnahme="1998-10-28" ObjStrasseID="5682" ObjHausnummer="Am Lohgraben 21" ObjVorlage="2013-09-11 00:00:00.0" ObKeinKontakt="1" ObjArtID="1" Merkmal="0.0"/>
  <Objekte ObjID="14122" ObjAufnahme="1998-10-28" ObjLetztKontakt="1998-10-28" ObjStrasseID="5682" ObjHausnummer="Am Lohgraben 22" ObjVorlage="2013-09-11 00:00:00.0" ObKeinKontakt="1" ObjArtID="1" Merkmal="0.0"/>
  <Objekte ObjID="14123" ObjAufnahme="1998-10-28" ObjStrasseID="5682" ObjHausnummer="Am Lohgraben 23" ObjVorlage="2013-09-11 00:00:00.0" ObKeinKontakt="1" ObjArtID="1" Merkmal="0.0"/>
  <Objekte ObjID="14124" ObjAufnahme="1998-10-28" ObjStrasseID="5682" ObjHausnummer="Am Lohgraben 24" ObjVorlage="2013-09-11 00:00:00.0" ObKeinKontakt="1" ObjArtID="1" Merkmal="0.0"/>
  <Objekte ObjID="14125" ObjAufnahme="1998-10-28" ObjStrasseID="5682" ObjHausnummer="Am Lohgraben 25" ObjVorlage="2013-09-11 00:00:00.0" ObKeinKontakt="1" ObjArtID="1" Merkmal="0.0"/>
  <Objekte ObjID="14126" ObjAufnahme="1998-10-28" ObjStrasseID="5682" ObjHausnummer="Am Lohgraben 26" ObjVorlage="2013-09-11 00:00:00.0" ObKeinKontakt="1" ObjArtID="1" Merkmal="0.0"/>
  <Objekte ObjID="14127" ObjAufnahme="1998-10-28" ObjStrasseID="5682" ObjHausnummer="Am Lohgraben 27" ObjVorlage="2013-09-11 00:00:00.0" ObKeinKontakt="1" ObjArtID="1" Merkmal="0.0"/>
  <Objekte ObjID="14128" ObjAufnahme="1998-10-28" ObjStrasseID="5682" ObjHausnummer="Am Lohgraben 28" ObjVorlage="2013-09-11 00:00:00.0" ObKeinKontakt="1" ObjArtID="1" Merkmal="0.0"/>
  <Objekte ObjID="14129" ObjAufnahme="1998-10-28" ObjStrasseID="5682" ObjHausnummer="Am Lohgraben 29" ObjVorlage="2013-09-11 00:00:00.0" ObKeinKontakt="1" ObjArtID="1" Merkmal="0.0"/>
  <Objekte ObjID="14130" ObjAufnahme="1998-10-28" ObjStrasseID="5682" ObjHausnummer="Am Lohgraben 30" ObjVorlage="2013-09-11 00:00:00.0" ObKeinKontakt="1" ObjArtID="1" Merkmal="0.0"/>
  <Objekte ObjID="14131" ObjAufnahme="1998-10-28" ObjStrasseID="5682" ObjHausnummer="Am Lohgraben 31" ObjVorlage="2013-09-11 00:00:00.0" ObKeinKontakt="1" ObjArtID="1" Merkmal="0.0"/>
  <Objekte ObjID="14132" ObjAufnahme="1998-10-28" ObjStrasseID="5682" ObjHausnummer="Am Lohgraben 32" ObjVorlage="2013-09-11 00:00:00.0" ObKeinKontakt="1" ObjArtID="1" Merkmal="0.0"/>
  <Objekte ObjID="14133" ObjAufnahme="1998-10-28" ObjStrasseID="5682" ObjHausnummer="Am Lohgraben 33" ObjVorlage="2013-09-11 00:00:00.0" ObKeinKontakt="1" ObjArtID="1" Merkmal="0.0"/>
  <Objekte ObjID="14134" ObjAufnahme="1998-10-28" ObjStrasseID="5682" ObjHausnummer="Am Lohgraben 35" ObjVorlage="2013-09-11 00:00:00.0" ObKeinKontakt="1" ObjArtID="1" Merkmal="0.0"/>
  <Objekte ObjID="14135" ObjAufnahme="1998-10-28" ObjLetztKontakt="1999-10-29" ObjStrasseID="6977" ObjHausnummer="Im Haspelfelde 2" ObjVorlage="2013-09-11 00:00:00.0" ObKeinKontakt="1" ObjArtID="1" Merkmal="0.0" ObjInfo="Else Heinzelmann"/>
  <Objekte ObjID="14136" ObjAufnahme="1998-10-28" ObjLetztKontakt="1999-10-29" ObjStrasseID="6977" ObjHausnummer="Im Haspelfelde 3" ObjVorlage="2013-09-11 00:00:00.0" ObKeinKontakt="1" ObjArtID="1" Merkmal="0.0" ObjInfo="Sauerbrey H. Waldhausenstr.33"/>
  <Objekte ObjID="14137" ObjAufnahme="1998-10-28" ObjLetztKontakt="1999-10-29" ObjStrasseID="6977" ObjHausnummer="Im Haspelfelde 4" ObjVorlage="2013-09-11 00:00:00.0" ObKeinKontakt="1" ObjArtID="1" Merkmal="0.0" ObjInfo="Emma Koch Alte Döhrener Str. 21"/>
  <Objekte ObjID="14138" ObjAufnahme="1998-10-28" ObjLetztKontakt="1999-10-29" ObjStrasseID="6977" ObjHausnummer="Im Haspelfelde 5" ObjVorlage="2013-09-11 00:00:00.0" ObKeinKontakt="1" ObjArtID="1" Merkmal="0.0" ObjInfo="Sauerbrey H.J. Lutherstr. 8"/>
  <Objekte ObjID="14139" ObjAufnahme="1998-10-28" ObjLetztKontakt="1999-10-29" ObjStrasseID="6977" ObjHausnummer="Im Haspelfelde 6" ObjVorlage="2013-09-11 00:00:00.0" ObKeinKontakt="1" ObjArtID="1" Merkmal="0.0" ObjInfo="M.neldel Rühmkorffstr. 1"/>
  <Objekte ObjID="14140" ObjAufnahme="1998-10-28" ObjLetztKontakt="1999-10-29" ObjStrasseID="6977" ObjHausnummer="Im Haspelfelde 8" ObjVorlage="2013-09-11 00:00:00.0" ObKeinKontakt="1" ObjArtID="1" Merkmal="0.0" ObjInfo="siehe 6"/>
  <Objekte ObjID="14141" ObjAufnahme="1998-10-28" ObjLetztKontakt="1999-10-29" ObjStrasseID="6977" ObjHausnummer="Im Haspelfelde 9" ObjVorlage="2013-09-11 00:00:00.0" ObKeinKontakt="1" ObjArtID="1" Merkmal="0.0" ObjInfo="Rudolf Volger"/>
  <Objekte ObjID="14142" ObjAufnahme="1998-10-28" ObjLetztKontakt="1999-09-25" ObjStrasseID="6977" ObjHausnummer="Im Haspelfelde 11" ObjVorlage="2013-09-11 00:00:00.0" ObKeinKontakt="1" ObjArtID="1" Merkmal="0.0" ObjInfo="Elisabeth Retis Adolf-Ey-Str. 5"/>
  <Objekte ObjID="14143" ObjAufnahme="1998-10-28" ObjLetztKontakt="1999-10-29" ObjStrasseID="6977" ObjHausnummer="Im Haspelfelde 12" ObjVorlage="2013-09-11 00:00:00.0" ObKeinKontakt="1" ObjArtID="1" Merkmal="0.0" ObjInfo="H.Kellner"/>
  <Objekte ObjID="14144" ObjAufnahme="1998-10-28" ObjLetztKontakt="1999-09-25" ObjStrasseID="6977" ObjHausnummer="Im Haspelfelde 13" ObjVorlage="2013-09-11 00:00:00.0" ObKeinKontakt="1" ObjArtID="1" Merkmal="0.0" ObjInfo="Nordwestdt. Siedlungsges. georgsplatz 18"/>
  <Objekte ObjID="14145" ObjAufnahme="1998-10-28" ObjLetztKontakt="1999-09-25" ObjStrasseID="6977" ObjHausnummer="Im Haspelfelde 15" ObjVorlage="2013-09-11 00:00:00.0" ObKeinKontakt="1" ObjArtID="1" Merkmal="0.0" ObjInfo="siehe 13"/>
  <Objekte ObjID="14146" ObjAufnahme="1998-10-28" ObjLetztKontakt="1999-09-25" ObjStrasseID="6977" ObjHausnummer="Im Haspelfelde 17" ObjVorlage="2013-09-11 00:00:00.0" ObKeinKontakt="1" ObjArtID="1" Merkmal="0.0" ObjInfo="siehe 13"/>
  <Objekte ObjID="14147" ObjAufnahme="1998-10-28" ObjLetztKontakt="1999-09-25" ObjStrasseID="6977" ObjHausnummer="Im Haspelfelde 19" ObjVorlage="2013-09-11 00:00:00.0" ObKeinKontakt="1" ObjArtID="1" Merkmal="0.0" ObjInfo="siehe 13"/>
  <Objekte ObjID="14148" ObjAufnahme="1998-10-28" ObjLetztKontakt="1999-10-29" ObjStrasseID="6977" ObjHausnummer="Im Haspelfelde 21" ObjVorlage="2013-09-11 00:00:00.0" ObKeinKontakt="1" ObjArtID="1" Merkmal="0.0" ObjInfo="siehe 13"/>
  <Objekte ObjID="14149" ObjAufnahme="1998-10-28" ObjLetztKontakt="1999-09-25" ObjStrasseID="6977" ObjHausnummer="Im Haspelfelde 23" ObjVorlage="2013-09-11 00:00:00.0" ObKeinKontakt="1" ObjArtID="1" Merkmal="0.0" ObjInfo="siehe 13"/>
  <Objekte ObjID="14150" ObjAufnahme="1998-10-28" ObjLetztKontakt="1999-10-29" ObjStrasseID="6977" ObjHausnummer="Im Haspelfelde 24" ObjVorlage="2013-09-11 00:00:00.0" ObKeinKontakt="1" ObjArtID="1" Merkmal="0.0" ObjInfo="Hannoversche landwirtschaftl Berufsgenossenschaft"/>
  <Objekte ObjID="14151" ObjAufnahme="1998-10-28" ObjLetztKontakt="1999-09-25" ObjStrasseID="6977" ObjHausnummer="Im Haspelfelde 25" ObjVorlage="2013-09-11 00:00:00.0" ObKeinKontakt="1" ObjArtID="1" Merkmal="0.0" ObjInfo="siehe 13"/>
  <Objekte ObjID="14152" ObjAufnahme="1998-10-28" ObjLetztKontakt="1999-09-25" ObjStrasseID="6977" ObjHausnummer="Im Haspelfelde 27" ObjVorlage="2013-09-11 00:00:00.0" ObKeinKontakt="1" ObjArtID="1" Merkmal="0.0" ObjInfo="siehe 13"/>
  <Objekte ObjID="14153" ObjAufnahme="1998-10-28" ObjLetztKontakt="1999-09-25" ObjStrasseID="6977" ObjHausnummer="Im Haspelfelde 29" ObjVorlage="2013-09-11 00:00:00.0" ObKeinKontakt="1" ObjArtID="1" Merkmal="0.0" ObjInfo="siehe 13"/>
  <Objekte ObjID="14154" ObjAufnahme="1998-10-28" ObjLetztKontakt="1999-10-29" ObjStrasseID="6977" ObjHausnummer="Im Haspelfelde 31" ObjVorlage="2013-09-11 00:00:00.0" ObKeinKontakt="1" ObjArtID="177" Merkmal="0.0"/>
  <Objekte ObjID="14155" ObjAufnahme="1998-10-28" ObjLetztKontakt="1999-10-29" ObjStrasseID="6977" ObjHausnummer="Im Haspelfelde 33" ObjVorlage="2013-09-11 00:00:00.0" ObKeinKontakt="1" ObjArtID="177" Merkmal="0.0"/>
  <Objekte ObjID="14156" ObjAufnahme="1998-10-28" ObjLetztKontakt="1999-10-29" ObjStrasseID="6977" ObjHausnummer="Im Haspelfelde 35" ObjVorlage="2013-09-11 00:00:00.0" ObKeinKontakt="1" ObjArtID="177" Merkmal="0.0"/>
  <Objekte ObjID="14157" ObjAufnahme="1998-10-28" ObjLetztKontakt="1999-10-29" ObjStrasseID="6977" ObjHausnummer="Im Haspelfelde 38" ObjVorlage="2013-09-11 00:00:00.0" ObKeinKontakt="1" ObjArtID="177" Merkmal="0.0" ObjInfo="nochmal nachfragen"/>
  <Objekte ObjID="14158" ObjAufnahme="1998-10-28" ObjLetztKontakt="1999-10-29" ObjStrasseID="6977" ObjHausnummer="Im Haspelfelde 40" ObjVorlage="2013-09-11 00:00:00.0" ObKeinKontakt="1" ObjArtID="1" Merkmal="0.0" ObjInfo="Erbengem. Pfad Hasenwinkel 44 Hamburg"/>
  <Objekte ObjID="14159" ObjAufnahme="1998-10-28" ObjLetztKontakt="1999-10-29" ObjStrasseID="6977" ObjHausnummer="Im Haspelfelde 41" ObjVorlage="2013-09-11 00:00:00.0" ObKeinKontakt="1" ObjArtID="1" Merkmal="0.0" ObjInfo="H.Woltje Lister Platz 1"/>
  <Objekte ObjID="14160" ObjAufnahme="1998-10-28" ObjLetztKontakt="1999-10-29" ObjStrasseID="6977" ObjHausnummer="Im Haspelfelde 42" ObjVorlage="2013-09-11 00:00:00.0" ObKeinKontakt="1" ObjArtID="1" Merkmal="0.0" ObjInfo="F.neidhardt"/>
  <Objekte ObjID="14161" ObjAufnahme="1998-10-28" ObjLetztKontakt="1999-10-29" ObjStrasseID="6977" ObjHausnummer="Im Haspelfelde 44" ObjVorlage="2013-09-11 00:00:00.0" ObKeinKontakt="1" ObjArtID="177" Merkmal="0.0"/>
  <Objekte ObjID="14162" ObjAufnahme="1998-10-28" ObjLetztKontakt="1999-10-29" ObjStrasseID="6977" ObjHausnummer="Im Haspelfelde 46" ObjVorlage="2013-09-11 00:00:00.0" ObKeinKontakt="1" ObjArtID="1" Merkmal="0.0" ObjInfo="P.Wiegand"/>
  <Objekte ObjID="14163" ObjAufnahme="1998-10-29" ObjLetztKontakt="1998-10-29" ObjStrasseID="6764" ObjHausnummer="Hauffstraße 9" ObjVorlage="2013-09-11 00:00:00.0" ObKeinKontakt="5" ObjArtID="97" Merkmal="0.9999999999999999" ObjInfo="20575900Blk unbefr. vermietet"/>
  <Objekte ObjID="14164" ObjAufnahme="1998-10-29" ObjStrasseID="6954" ObjHausnummer="Ifflandstraße 1" ObjVorlage="2013-09-11 00:00:00.0" ObKeinKontakt="1" ObjArtID="1" Merkmal="0.0"/>
  <Objekte ObjID="14165" ObjAufnahme="1998-10-29" ObjStrasseID="6954" ObjHausnummer="Ifflandstraße 2" ObjVorlage="2013-09-11 00:00:00.0" ObKeinKontakt="1" ObjArtID="1" Merkmal="0.0"/>
  <Objekte ObjID="14166" ObjAufnahme="1998-10-29" ObjStrasseID="6954" ObjHausnummer="Ifflandstraße 3" ObjVorlage="2013-09-11 00:00:00.0" ObKeinKontakt="1" ObjArtID="1" Merkmal="0.0"/>
  <Objekte ObjID="14167" ObjAufnahme="1998-10-29" ObjStrasseID="6954" ObjHausnummer="Ifflandstraße 4" ObjVorlage="2013-09-11 00:00:00.0" ObKeinKontakt="1" ObjArtID="1" Merkmal="0.0"/>
  <Objekte ObjID="14168" ObjAufnahme="1998-10-29" ObjStrasseID="6954" ObjHausnummer="Ifflandstraße 5" ObjVorlage="2013-09-11 00:00:00.0" ObKeinKontakt="1" ObjArtID="208" Merkmal="0.9999999999999999" ObjInfo="35093\Terrasse Süden"/>
  <Objekte ObjID="14169" ObjAufnahme="1998-10-29" ObjStrasseID="6954" ObjHausnummer="Ifflandstraße 6" ObjVorlage="2013-09-11 00:00:00.0" ObKeinKontakt="1" ObjArtID="1" Merkmal="0.0"/>
  <Objekte ObjID="14170" ObjAufnahme="1998-10-29" ObjStrasseID="6954" ObjHausnummer="Ifflandstraße 7" ObjVorlage="2013-09-11 00:00:00.0" ObKeinKontakt="1" ObjArtID="1" Merkmal="0.0"/>
  <Objekte ObjID="14171" ObjAufnahme="1998-10-29" ObjStrasseID="6954" ObjHausnummer="Ifflandstraße 8" ObjVorlage="2013-09-11 00:00:00.0" ObKeinKontakt="1" ObjArtID="1" Merkmal="0.0"/>
  <Objekte ObjID="14172" ObjAufnahme="1998-10-29" ObjStrasseID="6954" ObjHausnummer="Ifflandstraße 9" ObjVorlage="2013-09-11 00:00:00.0" ObKeinKontakt="1" ObjArtID="1" Merkmal="0.0"/>
  <Objekte ObjID="14173" ObjAufnahme="1998-10-29" ObjStrasseID="6954" ObjHausnummer="Ifflandstraße 10" ObjVorlage="2013-09-11 00:00:00.0" ObKeinKontakt="1" ObjArtID="1" Merkmal="0.0"/>
  <Objekte ObjID="14174" ObjAufnahme="1998-10-29" ObjStrasseID="6954" ObjHausnummer="Ifflandstraße 11" ObjVorlage="2013-09-11 00:00:00.0" ObKeinKontakt="1" ObjArtID="1" Merkmal="0.0"/>
  <Objekte ObjID="14175" ObjAufnahme="1998-10-29" ObjStrasseID="6954" ObjHausnummer="Ifflandstraße 12" ObjVorlage="2013-09-11 00:00:00.0" ObKeinKontakt="1" ObjArtID="1" Merkmal="0.0"/>
  <Objekte ObjID="14176" ObjAufnahme="1998-10-29" ObjStrasseID="6954" ObjHausnummer="Ifflandstraße 13" ObjVorlage="2013-09-11 00:00:00.0" ObKeinKontakt="1" ObjArtID="1" Merkmal="0.0"/>
  <Objekte ObjID="14177" ObjAufnahme="1998-10-29" ObjStrasseID="6954" ObjHausnummer="Ifflandstraße 14" ObjVorlage="2013-09-11 00:00:00.0" ObKeinKontakt="1" ObjArtID="1" Merkmal="0.0"/>
  <Objekte ObjID="14178" ObjAufnahme="1998-10-29" ObjStrasseID="6954" ObjHausnummer="Ifflandstraße 15" ObjVorlage="2013-09-11 00:00:00.0" ObKeinKontakt="1" ObjArtID="1" Merkmal="0.0"/>
  <Objekte ObjID="14179" ObjAufnahme="1998-10-29" ObjStrasseID="6954" ObjHausnummer="Ifflandstraße 16" ObjVorlage="2013-09-11 00:00:00.0" ObKeinKontakt="1" ObjArtID="1" Merkmal="0.0"/>
  <Objekte ObjID="14180" ObjAufnahme="1998-10-29" ObjStrasseID="6954" ObjHausnummer="Ifflandstraße 16A" ObjVorlage="2013-09-11 00:00:00.0" ObKeinKontakt="1" ObjArtID="1" Merkmal="0.0"/>
  <Objekte ObjID="14181" ObjAufnahme="1998-10-29" ObjStrasseID="6954" ObjHausnummer="Ifflandstraße 17" ObjVorlage="2013-09-11 00:00:00.0" ObKeinKontakt="1" ObjArtID="1" Merkmal="0.0"/>
  <Objekte ObjID="14182" ObjAufnahme="1998-10-29" ObjStrasseID="6954" ObjHausnummer="Ifflandstraße 18" ObjVorlage="2013-09-11 00:00:00.0" ObKeinKontakt="1" ObjArtID="1" Merkmal="0.0"/>
  <Objekte ObjID="14183" ObjAufnahme="1998-10-29" ObjStrasseID="6954" ObjHausnummer="Ifflandstraße 19" ObjVorlage="2013-09-11 00:00:00.0" ObKeinKontakt="1" ObjArtID="1" Merkmal="0.0"/>
  <Objekte ObjID="14184" ObjAufnahme="1998-10-29" ObjStrasseID="6954" ObjHausnummer="Ifflandstraße 20" ObjVorlage="2013-09-11 00:00:00.0" ObKeinKontakt="1" ObjArtID="1" Merkmal="0.0"/>
  <Objekte ObjID="14185" ObjAufnahme="1998-10-29" ObjStrasseID="6954" ObjHausnummer="Ifflandstraße 21" ObjVorlage="2013-09-11 00:00:00.0" ObKeinKontakt="1" ObjArtID="1" Merkmal="0.0"/>
  <Objekte ObjID="14186" ObjAufnahme="1998-10-29" ObjStrasseID="6954" ObjHausnummer="Ifflandstraße 22" ObjVorlage="2013-09-11 00:00:00.0" ObKeinKontakt="1" ObjArtID="1" Merkmal="0.0"/>
  <Objekte ObjID="14187" ObjAufnahme="1998-10-29" ObjLetztKontakt="2001-10-19" ObjStrasseID="6954" ObjHausnummer="Ifflandstraße 23" ObjVorlage="2013-09-11 00:00:00.0" ObKeinKontakt="9" ObjArtID="97" Merkmal="0.0" ObjInfo="38092\W-Blk."/>
  <Objekte ObjID="14188" ObjAufnahme="1998-10-29" ObjStrasseID="6954" ObjHausnummer="Ifflandstraße 24" ObjVorlage="2013-09-11 00:00:00.0" ObKeinKontakt="1" ObjArtID="1" Merkmal="0.0"/>
  <Objekte ObjID="14189" ObjAufnahme="1998-10-29" ObjStrasseID="6954" ObjHausnummer="Ifflandstraße 25" ObjVorlage="2013-09-11 00:00:00.0" ObKeinKontakt="1" ObjArtID="1" Merkmal="0.0"/>
  <Objekte ObjID="14190" ObjAufnahme="1998-10-29" ObjStrasseID="6954" ObjHausnummer="Ifflandstraße 26" ObjVorlage="2013-09-11 00:00:00.0" ObKeinKontakt="1" ObjArtID="1" Merkmal="0.0"/>
  <Objekte ObjID="14191" ObjAufnahme="1998-10-29" ObjStrasseID="6954" ObjHausnummer="Ifflandstraße 27" ObjVorlage="2013-09-11 00:00:00.0" ObKeinKontakt="1" ObjArtID="1" Merkmal="0.0"/>
  <Objekte ObjID="14192" ObjAufnahme="1998-10-29" ObjStrasseID="6954" ObjHausnummer="Ifflandstraße 28" ObjVorlage="2013-09-11 00:00:00.0" ObKeinKontakt="1" ObjArtID="1" Merkmal="0.0"/>
  <Objekte ObjID="14193" ObjAufnahme="1998-10-29" ObjStrasseID="6954" ObjHausnummer="Ifflandstraße 29" ObjVorlage="2013-09-11 00:00:00.0" ObKeinKontakt="1" ObjArtID="1" Merkmal="0.0"/>
  <Objekte ObjID="14194" ObjAufnahme="1998-10-29" ObjStrasseID="6954" ObjHausnummer="Ifflandstraße 30" ObjVorlage="2013-09-11 00:00:00.0" ObKeinKontakt="1" ObjArtID="1" Merkmal="0.0"/>
  <Objekte ObjID="14195" ObjAufnahme="1998-10-29" ObjStrasseID="6954" ObjHausnummer="Ifflandstraße 31" ObjVorlage="2013-09-11 00:00:00.0" ObKeinKontakt="1" ObjArtID="1" Merkmal="0.0"/>
  <Objekte ObjID="14196" ObjAufnahme="1998-10-29" ObjStrasseID="6954" ObjHausnummer="Ifflandstraße 32" ObjVorlage="2013-09-11 00:00:00.0" ObKeinKontakt="1" ObjArtID="1" Merkmal="0.0"/>
  <Objekte ObjID="14197" ObjAufnahme="1998-10-29" ObjStrasseID="6954" ObjHausnummer="Ifflandstraße 33" ObjVorlage="2013-09-11 00:00:00.0" ObKeinKontakt="1" ObjArtID="1" Merkmal="0.0"/>
  <Objekte ObjID="14198" ObjAufnahme="1998-10-29" ObjStrasseID="6954" ObjHausnummer="Ifflandstraße 34" ObjVorlage="2013-09-11 00:00:00.0" ObKeinKontakt="1" ObjArtID="1" Merkmal="0.0"/>
  <Objekte ObjID="14199" ObjAufnahme="1998-10-29" ObjStrasseID="6954" ObjHausnummer="Ifflandstraße 34A" ObjVorlage="2013-09-11 00:00:00.0" ObKeinKontakt="1" ObjArtID="1" Merkmal="0.0"/>
  <Objekte ObjID="14200" ObjAufnahme="1998-10-29" ObjStrasseID="6954" ObjHausnummer="Ifflandstraße 35" ObjVorlage="2013-09-11 00:00:00.0" ObKeinKontakt="1" ObjArtID="1" Merkmal="0.0"/>
  <Objekte ObjID="14201" ObjAufnahme="1998-10-29" ObjStrasseID="6954" ObjHausnummer="Ifflandstraße 36" ObjVorlage="2013-09-11 00:00:00.0" ObKeinKontakt="1" ObjArtID="1" Merkmal="0.0"/>
  <Objekte ObjID="14202" ObjAufnahme="1998-10-29" ObjStrasseID="6954" ObjHausnummer="Ifflandstraße 37" ObjVorlage="2013-09-11 00:00:00.0" ObKeinKontakt="1" ObjArtID="1" Merkmal="0.0"/>
  <Objekte ObjID="14203" ObjAufnahme="1998-10-29" ObjLetztKontakt="2002-12-16" ObjStrasseID="6954" ObjHausnummer="Ifflandstraße 38" ObjVorlage="2013-09-11 00:00:00.0" ObKeinKontakt="1" ObjArtID="1" Merkmal="0.0"/>
  <Objekte ObjID="14204" ObjAufnahme="1998-10-30" ObjLetztKontakt="1998-11-01" ObjStrasseID="3263" ObjHausnummer="Bürgermeister-Fink-Straße 2" ObjVorlage="2013-09-11 00:00:00.0" ObKeinKontakt="1" ObjArtID="1" Merkmal="0.0"/>
  <Objekte ObjID="14205" ObjAufnahme="1998-10-30" ObjStrasseID="3263" ObjHausnummer="Bürgermeister-Fink-Straße 4" ObjVorlage="2013-09-11 00:00:00.0" ObKeinKontakt="1" ObjArtID="1" Merkmal="0.0" ObjInfo="Dr. Rievel"/>
  <Objekte ObjID="14206" ObjAufnahme="1998-10-30" ObjLetztKontakt="1998-11-01" ObjStrasseID="3263" ObjHausnummer="Bürgermeister-Fink-Straße 6" ObjVorlage="2013-09-11 00:00:00.0" ObKeinKontakt="2" ObjArtID="1" Merkmal="0.0" ObjInfo="auch 030 3234661"/>
  <Objekte ObjID="14207" ObjAufnahme="1998-10-30" ObjStrasseID="3263" ObjHausnummer="Bürgermeister-Fink-Straße 7" ObjVorlage="2013-09-11 00:00:00.0" ObKeinKontakt="1" ObjArtID="1" Merkmal="0.0"/>
  <Objekte ObjID="14208" ObjAufnahme="1998-10-30" ObjLetztKontakt="2003-02-11" ObjStrasseID="3263" ObjHausnummer="Bürgermeister-Fink-Straße 8" ObjVorlage="2013-09-11 00:00:00.0" ObKeinKontakt="1" ObjArtID="1" Merkmal="0.0"/>
  <Objekte ObjID="14209" ObjAufnahme="1998-10-30" ObjStrasseID="3263" ObjHausnummer="Bürgermeister-Fink-Straße 9" ObjVorlage="2013-09-11 00:00:00.0" ObKeinKontakt="1" ObjArtID="1" Merkmal="0.0"/>
  <Objekte ObjID="14210" ObjAufnahme="1998-10-30" ObjStrasseID="3263" ObjHausnummer="Bürgermeister-Fink-Straße 10" ObjVorlage="2013-09-11 00:00:00.0" ObKeinKontakt="1" ObjArtID="1" Merkmal="0.0" ObjInfo="Wolze ?"/>
  <Objekte ObjID="14211" ObjAufnahme="1998-10-30" ObjStrasseID="3263" ObjHausnummer="Bürgermeister-Fink-Straße 11" ObjVorlage="2013-09-11 00:00:00.0" ObKeinKontakt="1" ObjArtID="1" Merkmal="0.0"/>
  <Objekte ObjID="14212" ObjAufnahme="1998-10-30" ObjStrasseID="3263" ObjHausnummer="Bürgermeister-Fink-Straße 12" ObjVorlage="2013-09-11 00:00:00.0" ObKeinKontakt="1" ObjArtID="1" Merkmal="0.0" ObjInfo="Engelmann"/>
  <Objekte ObjID="14213" ObjAufnahme="1998-10-30" ObjStrasseID="3263" ObjHausnummer="Bürgermeister-Fink-Straße 13" ObjVorlage="2013-09-11 00:00:00.0" ObKeinKontakt="1" ObjArtID="1" Merkmal="0.0"/>
  <Objekte ObjID="14214" ObjAufnahme="1998-10-30" ObjStrasseID="3263" ObjHausnummer="Bürgermeister-Fink-Straße 14" ObjVorlage="2013-09-11 00:00:00.0" ObKeinKontakt="1" ObjArtID="1" Merkmal="0.0"/>
  <Objekte ObjID="14215" ObjAufnahme="1998-10-30" ObjStrasseID="3263" ObjHausnummer="Bürgermeister-Fink-Straße 16" ObjVorlage="2013-09-11 00:00:00.0" ObKeinKontakt="1" ObjArtID="1" Merkmal="0.0" ObjInfo="Dierkes Hausverwaltung 888864"/>
  <Objekte ObjID="14216" ObjAufnahme="1998-10-30" ObjStrasseID="3263" ObjHausnummer="Bürgermeister-Fink-Straße 17" ObjVorlage="2013-09-11 00:00:00.0" ObKeinKontakt="1" ObjArtID="1" Merkmal="0.0"/>
  <Objekte ObjID="14217" ObjAufnahme="1998-10-30" ObjStrasseID="3263" ObjHausnummer="Bürgermeister-Fink-Straße 19" ObjVorlage="2013-09-11 00:00:00.0" ObKeinKontakt="1" ObjArtID="1" Merkmal="0.0" ObjInfo="Naumann RA"/>
  <Objekte ObjID="14218" ObjAufnahme="1998-10-30" ObjStrasseID="3263" ObjHausnummer="Bürgermeister-Fink-Straße 21" ObjVorlage="2013-09-11 00:00:00.0" ObKeinKontakt="1" ObjArtID="1" Merkmal="0.0"/>
  <Objekte ObjID="14219" ObjAufnahme="1998-10-30" ObjStrasseID="3263" ObjHausnummer="Bürgermeister-Fink-Straße 22" ObjVorlage="2013-09-11 00:00:00.0" ObKeinKontakt="1" ObjArtID="1" Merkmal="0.0" ObjInfo="Baumhögger"/>
  <Objekte ObjID="14220" ObjAufnahme="1998-10-30" ObjLetztKontakt="1999-03-19" ObjStrasseID="3263" ObjHausnummer="Bürgermeister-Fink-Straße 23" ObjVorlage="2013-09-11 00:00:00.0" ObKeinKontakt="1" ObjArtID="177" Merkmal="0.0"/>
  <Objekte ObjID="14221" ObjAufnahme="1998-10-30" ObjLetztKontakt="1999-03-19" ObjStrasseID="3263" ObjHausnummer="Bürgermeister-Fink-Straße 24" ObjVorlage="2013-09-11 00:00:00.0" ObKeinKontakt="1" ObjArtID="177" Merkmal="0.0"/>
  <Objekte ObjID="14222" ObjAufnahme="1998-10-30" ObjLetztKontakt="1998-11-01" ObjStrasseID="3263" ObjHausnummer="Bürgermeister-Fink-Straße 25" ObjVorlage="2013-09-11 00:00:00.0" ObKeinKontakt="1" ObjArtID="1" Merkmal="0.0"/>
  <Objekte ObjID="14223" ObjAufnahme="1998-10-30" ObjStrasseID="3263" ObjHausnummer="Bürgermeister-Fink-Straße 26" ObjVorlage="2013-09-11 00:00:00.0" ObKeinKontakt="1" ObjArtID="1" Merkmal="0.0"/>
  <Objekte ObjID="14224" ObjAufnahme="1998-10-30" ObjLetztKontakt="2001-11-13" ObjStrasseID="3263" ObjHausnummer="Bürgermeister-Fink-Straße 27" ObjVorlage="2013-09-11 00:00:00.0" ObKeinKontakt="2" ObjArtID="169" Merkmal="0.0" ObjInfo="495125\Terr.S-W"/>
  <Objekte ObjID="14225" ObjAufnahme="1998-10-30" ObjLetztKontakt="1998-11-10" ObjStrasseID="3263" ObjHausnummer="Bürgermeister-Fink-Straße 28" ObjVorlage="2013-09-11 00:00:00.0" ObKeinKontakt="2" ObjArtID="1" Merkmal="0.0"/>
  <Objekte ObjID="14226" ObjAufnahme="1998-10-30" ObjStrasseID="3263" ObjHausnummer="Bürgermeister-Fink-Straße 29" ObjVorlage="2013-09-11 00:00:00.0" ObKeinKontakt="1" ObjArtID="1" Merkmal="0.0" ObjInfo="Erbengemeinschaft"/>
  <Objekte ObjID="14227" ObjAufnahme="1998-10-30" ObjLetztKontakt="1999-03-19" ObjStrasseID="3263" ObjHausnummer="Bürgermeister-Fink-Straße 31" ObjVorlage="2013-09-11 00:00:00.0" ObKeinKontakt="1" ObjArtID="177" Merkmal="0.0"/>
  <Objekte ObjID="14228" ObjAufnahme="1998-10-30" ObjStrasseID="3263" ObjHausnummer="Bürgermeister-Fink-Straße 33" ObjVorlage="2013-09-11 00:00:00.0" ObKeinKontakt="1" ObjArtID="1" Merkmal="0.0" ObjInfo="Eigt. Frau Schoppenhauer ist im Altersheim"/>
  <Objekte ObjID="14229" ObjAufnahme="1998-10-30" ObjStrasseID="3263" ObjHausnummer="Bürgermeister-Fink-Straße 34" ObjVorlage="2013-09-11 00:00:00.0" ObKeinKontakt="1" ObjArtID="1" Merkmal="0.0" ObjInfo="Knackstadt"/>
  <Objekte ObjID="14230" ObjAufnahme="1998-10-30" ObjLetztKontakt="1999-03-19" ObjStrasseID="3263" ObjHausnummer="Bürgermeister-Fink-Straße 35" ObjVorlage="2013-09-11 00:00:00.0" ObKeinKontakt="1" ObjArtID="177" Merkmal="0.0"/>
  <Objekte ObjID="14231" ObjAufnahme="1998-10-30" ObjLetztKontakt="1998-11-01" ObjStrasseID="3263" ObjHausnummer="Bürgermeister-Fink-Straße 36" ObjVorlage="2013-09-11 00:00:00.0" ObKeinKontakt="1" ObjArtID="1" Merkmal="0.0"/>
  <Objekte ObjID="14232" ObjAufnahme="1998-10-30" ObjLetztKontakt="1999-03-19" ObjStrasseID="3263" ObjHausnummer="Bürgermeister-Fink-Straße 37" ObjVorlage="2013-09-11 00:00:00.0" ObKeinKontakt="1" ObjArtID="177" Merkmal="0.0"/>
  <Objekte ObjID="14233" ObjAufnahme="1998-10-30" ObjLetztKontakt="1998-11-01" ObjStrasseID="3263" ObjHausnummer="Bürgermeister-Fink-Straße 38" ObjVorlage="2013-09-11 00:00:00.0" ObKeinKontakt="1" ObjArtID="1" Merkmal="0.0"/>
  <Objekte ObjID="14234" ObjAufnahme="1998-10-30" ObjStrasseID="3263" ObjHausnummer="Bürgermeister-Fink-Straße 39" ObjVorlage="2013-09-11 00:00:00.0" ObKeinKontakt="1" ObjArtID="1" Merkmal="0.0"/>
  <Objekte ObjID="14235" ObjAufnahme="1998-10-30" ObjStrasseID="3263" ObjHausnummer="Bürgermeister-Fink-Straße 40" ObjVorlage="2013-09-11 00:00:00.0" ObKeinKontakt="1" ObjArtID="1" Merkmal="0.0" ObjInfo="Sohn ist Eigentümer"/>
  <Objekte ObjID="14236" ObjAufnahme="1998-10-30" ObjStrasseID="3263" ObjHausnummer="Bürgermeister-Fink-Straße 41" ObjVorlage="2013-09-11 00:00:00.0" ObKeinKontakt="1" ObjArtID="1" Merkmal="0.0" ObjInfo="Erbengemeinschaft"/>
  <Objekte ObjID="14237" ObjAufnahme="1998-10-30" ObjStrasseID="3263" ObjHausnummer="Bürgermeister-Fink-Straße 43" ObjVorlage="2013-09-11 00:00:00.0" ObKeinKontakt="1" ObjArtID="1" Merkmal="0.0"/>
  <Objekte ObjID="14238" ObjAufnahme="1998-10-30" ObjStrasseID="3263" ObjHausnummer="Bürgermeister-Fink-Straße 45" ObjVorlage="2013-09-11 00:00:00.0" ObKeinKontakt="1" ObjArtID="1" Merkmal="0.0"/>
  <Objekte ObjID="14239" ObjAufnahme="1998-10-30" ObjStrasseID="3263" ObjHausnummer="Bürgermeister-Fink-Straße 240" ObjVorlage="2013-09-11 00:00:00.0" ObKeinKontakt="1" ObjArtID="1" Merkmal="0.0"/>
  <Objekte ObjID="14240" ObjAufnahme="1998-10-31" ObjLetztKontakt="1998-10-31" ObjStrasseID="6878" ObjHausnummer="Hindenburgstraße 31" ObjVorlage="2013-09-11 00:00:00.0" ObKeinKontakt="1" ObjArtID="9" Merkmal="0.0"/>
  <Objekte ObjID="14241" ObjAufnahme="1998-10-31" ObjLetztKontakt="1998-10-31" ObjStrasseID="6878" ObjHausnummer="Hindenburgstraße 30" ObjVorlage="2013-09-11 00:00:00.0" ObKeinKontakt="1" ObjArtID="37" Merkmal="0.0"/>
  <Objekte ObjID="14242" ObjAufnahme="1998-10-31" ObjLetztKontakt="1998-10-31" ObjStrasseID="7443" ObjHausnummer="Lüerstraße 2" ObjVorlage="2013-09-11 00:00:00.0" ObKeinKontakt="1" ObjArtID="1" Merkmal="0.0"/>
  <Objekte ObjID="14243" ObjAufnahme="1998-11-02" ObjStrasseID="7563" ObjHausnummer="Mommsenstraße 37A" ObjVorlage="2013-09-11 00:00:00.0" ObKeinKontakt="1" ObjArtID="177" Merkmal="0.0"/>
  <Objekte ObjID="14244" ObjAufnahme="1998-11-02" ObjLetztKontakt="2000-05-15" ObjStrasseID="8220" ObjHausnummer="Spannhagengarten 15" ObjVorlage="2013-09-11 00:00:00.0" ObKeinKontakt="2" ObjArtID="206" Merkmal="0.9999999999999999" ObjInfo="450180\Sauna,Maisonnette"/>
  <Objekte ObjID="14245" ObjAufnahme="1998-11-03" ObjStrasseID="8067" ObjHausnummer="Schiffgraben 16" ObjVorlage="2013-09-11 00:00:00.0" ObKeinKontakt="1" ObjArtID="9" Merkmal="0.0"/>
  <Objekte ObjID="14246" ObjAufnahme="1998-11-03" ObjLetztKontakt="1998-11-03" ObjStrasseID="6636" ObjHausnummer="Gretchenstraße 20" ObjVorlage="2013-09-11 00:00:00.0" ObKeinKontakt="4" ObjArtID="192" Merkmal="0.0" ObjInfo="730250\Winterg. gewerbl.nutzb."/>
  <Objekte ObjID="14248" ObjAufnahme="1998-11-03" ObjStrasseID="7839" ObjHausnummer="Raimundstraße 1" ObjVorlage="2013-09-11 00:00:00.0" ObKeinKontakt="1" ObjArtID="1" Merkmal="0.0" ObjInfo="Helga Jacobi"/>
  <Objekte ObjID="14249" ObjAufnahme="1998-11-03" ObjStrasseID="7839" ObjHausnummer="Raimundstraße 2" ObjVorlage="2013-09-11 00:00:00.0" ObKeinKontakt="1" ObjArtID="1" Merkmal="0.0" ObjInfo="C.H.Schultze,Balmerstr ? ,Podbi 32"/>
  <Objekte ObjID="14250" ObjAufnahme="1998-11-03" ObjLetztKontakt="1998-11-05" ObjStrasseID="7839" ObjHausnummer="Raimundstraße 3" ObjVorlage="2013-09-11 00:00:00.0" ObKeinKontakt="1" ObjArtID="1" Merkmal="0.0"/>
  <Objekte ObjID="14251" ObjAufnahme="1998-11-03" ObjLetztKontakt="1998-11-03" ObjStrasseID="7839" ObjHausnummer="Raimundstraße 4" ObjVorlage="2013-09-11 00:00:00.0" ObKeinKontakt="4" ObjArtID="1" Merkmal="0.9999999999999999"/>
  <Objekte ObjID="14252" ObjAufnahme="1998-11-03" ObjLetztKontakt="1998-11-05" ObjStrasseID="7839" ObjHausnummer="Raimundstraße 5" ObjVorlage="2013-09-11 00:00:00.0" ObKeinKontakt="1" ObjArtID="1" Merkmal="0.0"/>
  <Objekte ObjID="14253" ObjAufnahme="1998-11-03" ObjLetztKontakt="1999-03-22" ObjStrasseID="7839" ObjHausnummer="Raimundstraße 6" ObjVorlage="2013-09-11 00:00:00.0" ObKeinKontakt="1" ObjArtID="169" Merkmal="0.0"/>
  <Objekte ObjID="14254" ObjAufnahme="1998-11-03" ObjStrasseID="7839" ObjHausnummer="Raimundstraße 7" ObjVorlage="2013-09-11 00:00:00.0" ObKeinKontakt="1" ObjArtID="1" Merkmal="0.0" ObjInfo="Erbengem. ?"/>
  <Objekte ObjID="14255" ObjAufnahme="1998-11-03" ObjLetztKontakt="2002-05-14" ObjStrasseID="7839" ObjHausnummer="Raimundstraße 8" ObjVorlage="2013-09-11 00:00:00.0" ObKeinKontakt="5" ObjArtID="173" Merkmal="0.0"/>
  <Objekte ObjID="14256" ObjAufnahme="1998-11-03" ObjStrasseID="7839" ObjHausnummer="Raimundstraße 10" ObjVorlage="2013-09-11 00:00:00.0" ObKeinKontakt="1" ObjArtID="1" Merkmal="0.0"/>
  <Objekte ObjID="14257" ObjAufnahme="1998-11-03" ObjStrasseID="7839" ObjHausnummer="Raimundstraße 12" ObjVorlage="2013-09-11 00:00:00.0" ObKeinKontakt="1" ObjArtID="1" Merkmal="0.0" ObjInfo="Rena Kniggendorf Tel . 282318   o. 282430"/>
  <Objekte ObjID="14258" ObjAufnahme="1998-11-03" ObjLetztKontakt="1998-11-05" ObjStrasseID="7839" ObjHausnummer="Raimundstraße 14" ObjVorlage="2013-09-11 00:00:00.0" ObKeinKontakt="2" ObjArtID="1" Merkmal="0.0" ObjInfo="Eigt. Schäfer Tel. 806280"/>
  <Objekte ObjID="14259" ObjAufnahme="1998-11-03" ObjStrasseID="6534" ObjHausnummer="Geibelstraße 2" ObjVorlage="2013-09-11 00:00:00.0" ObKeinKontakt="1" ObjArtID="119" Merkmal="0.0" ObjInfo="Aufteiler Meixner, Markert"/>
  <Objekte ObjID="14260" ObjAufnahme="1998-11-03" ObjLetztKontakt="1999-02-15" ObjStrasseID="6534" ObjHausnummer="Geibelstraße 4" ObjVorlage="2013-09-11 00:00:00.0" ObKeinKontakt="1" ObjArtID="124" Merkmal="0.0" ObjInfo="19075\"/>
  <Objekte ObjID="14261" ObjAufnahme="1998-11-03" ObjLetztKontakt="1999-02-15" ObjStrasseID="6534" ObjHausnummer="Geibelstraße 6" ObjVorlage="2013-09-11 00:00:00.0" ObKeinKontakt="1" ObjArtID="177" Merkmal="0.0"/>
  <Objekte ObjID="14262" ObjAufnahme="1998-11-03" ObjLetztKontakt="1999-02-15" ObjStrasseID="6534" ObjHausnummer="Geibelstraße 8" ObjVorlage="2013-09-11 00:00:00.0" ObKeinKontakt="1" ObjArtID="177" Merkmal="0.0"/>
  <Objekte ObjID="14263" ObjAufnahme="1998-11-03" ObjLetztKontakt="1999-02-15" ObjStrasseID="6534" ObjHausnummer="Geibelstraße 10" ObjVorlage="2013-09-11 00:00:00.0" ObKeinKontakt="2" ObjArtID="1" Merkmal="0.0"/>
  <Objekte ObjID="14264" ObjAufnahme="1998-11-03" ObjLetztKontakt="1999-02-15" ObjStrasseID="6534" ObjHausnummer="Geibelstraße 12" ObjVorlage="2013-09-11 00:00:00.0" ObKeinKontakt="2" ObjArtID="1" Merkmal="0.0"/>
  <Objekte ObjID="14265" ObjAufnahme="1998-11-03" ObjLetztKontakt="1999-02-15" ObjStrasseID="6534" ObjHausnummer="Geibelstraße 13" ObjVorlage="2013-09-11 00:00:00.0" ObKeinKontakt="1" ObjArtID="177" Merkmal="0.0"/>
  <Objekte ObjID="14266" ObjAufnahme="1998-11-03" ObjLetztKontakt="1999-02-15" ObjStrasseID="6534" ObjHausnummer="Geibelstraße 13A" ObjVorlage="2013-09-11 00:00:00.0" ObKeinKontakt="1" ObjArtID="177" Merkmal="0.0"/>
  <Objekte ObjID="14267" ObjAufnahme="1998-11-03" ObjLetztKontakt="2001-11-14" ObjStrasseID="6534" ObjHausnummer="Geibelstraße 14" ObjVorlage="2013-09-11 00:00:00.0" ObKeinKontakt="2" ObjArtID="1" Merkmal="0.0"/>
  <Objekte ObjID="14268" ObjAufnahme="1998-11-03" ObjLetztKontakt="2001-11-14" ObjStrasseID="6534" ObjHausnummer="Geibelstraße 15" ObjVorlage="2013-09-11 00:00:00.0" ObKeinKontakt="2" ObjArtID="1" Merkmal="0.0"/>
  <Objekte ObjID="14269" ObjAufnahme="1998-11-03" ObjLetztKontakt="2001-11-14" ObjStrasseID="6534" ObjHausnummer="Geibelstraße 16" ObjVorlage="2013-09-11 00:00:00.0" ObKeinKontakt="2" ObjArtID="1" Merkmal="0.0"/>
  <Objekte ObjID="14270" ObjAufnahme="1998-11-03" ObjStrasseID="6534" ObjHausnummer="Geibelstraße 17" ObjVorlage="2013-09-11 00:00:00.0" ObKeinKontakt="1" ObjArtID="1" Merkmal="0.0" ObjInfo="Hausverwaltung Dr. Cajewitz"/>
  <Objekte ObjID="14271" ObjAufnahme="1998-11-03" ObjLetztKontakt="1999-02-15" ObjStrasseID="6534" ObjHausnummer="Geibelstraße 18" ObjVorlage="2013-09-11 00:00:00.0" ObKeinKontakt="2" ObjArtID="1" Merkmal="0.0"/>
  <Objekte ObjID="14272" ObjAufnahme="1998-11-03" ObjLetztKontakt="2001-11-14" ObjStrasseID="6534" ObjHausnummer="Geibelstraße 19" ObjVorlage="2013-09-11 00:00:00.0" ObKeinKontakt="2" ObjArtID="1" Merkmal="0.0"/>
  <Objekte ObjID="14273" ObjAufnahme="1998-11-03" ObjLetztKontakt="2001-11-14" ObjStrasseID="6534" ObjHausnummer="Geibelstraße 20" ObjVorlage="2013-09-11 00:00:00.0" ObKeinKontakt="2" ObjArtID="1" Merkmal="0.0"/>
  <Objekte ObjID="14274" ObjAufnahme="1998-11-03" ObjLetztKontakt="1999-02-15" ObjStrasseID="6534" ObjHausnummer="Geibelstraße 20A" ObjVorlage="2013-09-11 00:00:00.0" ObKeinKontakt="2" ObjArtID="1" Merkmal="0.0"/>
  <Objekte ObjID="14275" ObjAufnahme="1998-11-03" ObjLetztKontakt="2001-11-14" ObjStrasseID="6534" ObjHausnummer="Geibelstraße 21" ObjVorlage="2013-09-11 00:00:00.0" ObKeinKontakt="2" ObjArtID="1" Merkmal="0.0"/>
  <Objekte ObjID="14276" ObjAufnahme="1998-11-03" ObjLetztKontakt="1999-02-15" ObjStrasseID="6534" ObjHausnummer="Geibelstraße 22" ObjVorlage="2013-09-11 00:00:00.0" ObKeinKontakt="1" ObjArtID="177" Merkmal="0.0"/>
  <Objekte ObjID="14277" ObjAufnahme="1998-11-03" ObjLetztKontakt="1999-02-15" ObjStrasseID="6534" ObjHausnummer="Geibelstraße 23" ObjVorlage="2013-09-11 00:00:00.0" ObKeinKontakt="1" ObjArtID="177" Merkmal="0.0"/>
  <Objekte ObjID="14278" ObjAufnahme="1998-11-03" ObjLetztKontakt="1999-02-15" ObjStrasseID="6534" ObjHausnummer="Geibelstraße 24" ObjVorlage="2013-09-11 00:00:00.0" ObKeinKontakt="1" ObjArtID="177" Merkmal="0.0"/>
  <Objekte ObjID="14279" ObjAufnahme="1998-11-03" ObjLetztKontakt="1999-02-15" ObjStrasseID="6534" ObjHausnummer="Geibelstraße 25" ObjVorlage="2013-09-11 00:00:00.0" ObKeinKontakt="1" ObjArtID="177" Merkmal="0.0"/>
  <Objekte ObjID="14280" ObjAufnahme="1998-11-03" ObjLetztKontakt="2001-11-14" ObjStrasseID="6534" ObjHausnummer="Geibelstraße 27" ObjVorlage="2013-09-11 00:00:00.0" ObKeinKontakt="2" ObjArtID="1" Merkmal="0.0"/>
  <Objekte ObjID="14281" ObjAufnahme="1998-11-03" ObjLetztKontakt="2001-11-14" ObjStrasseID="6534" ObjHausnummer="Geibelstraße 28" ObjVorlage="2013-09-11 00:00:00.0" ObKeinKontakt="2" ObjArtID="1" Merkmal="0.0"/>
  <Objekte ObjID="14282" ObjAufnahme="1998-11-03" ObjLetztKontakt="2001-11-14" ObjStrasseID="6534" ObjHausnummer="Geibelstraße 29" ObjVorlage="2013-09-11 00:00:00.0" ObKeinKontakt="2" ObjArtID="1" Merkmal="0.0"/>
  <Objekte ObjID="14283" ObjAufnahme="1998-11-03" ObjLetztKontakt="1999-02-15" ObjStrasseID="6534" ObjHausnummer="Geibelstraße 31" ObjVorlage="2013-09-11 00:00:00.0" ObKeinKontakt="1" ObjArtID="177" Merkmal="0.0"/>
  <Objekte ObjID="14284" ObjAufnahme="1998-11-03" ObjLetztKontakt="1999-02-15" ObjStrasseID="6534" ObjHausnummer="Geibelstraße 31A" ObjVorlage="2013-09-11 00:00:00.0" ObKeinKontakt="1" ObjArtID="177" Merkmal="0.0"/>
  <Objekte ObjID="14285" ObjAufnahme="1998-11-03" ObjLetztKontakt="2001-11-14" ObjStrasseID="6534" ObjHausnummer="Geibelstraße 33" ObjVorlage="2013-09-11 00:00:00.0" ObKeinKontakt="2" ObjArtID="1" Merkmal="0.0"/>
  <Objekte ObjID="14286" ObjAufnahme="1998-11-03" ObjLetztKontakt="2001-11-14" ObjStrasseID="6534" ObjHausnummer="Geibelstraße 34" ObjVorlage="2013-09-11 00:00:00.0" ObKeinKontakt="2" ObjArtID="1" Merkmal="0.0"/>
  <Objekte ObjID="14287" ObjAufnahme="1998-11-03" ObjLetztKontakt="2001-11-14" ObjStrasseID="6534" ObjHausnummer="Geibelstraße 35" ObjVorlage="2013-09-11 00:00:00.0" ObKeinKontakt="2" ObjArtID="1" Merkmal="0.0"/>
  <Objekte ObjID="14288" ObjAufnahme="1998-11-03" ObjLetztKontakt="2001-11-14" ObjStrasseID="6534" ObjHausnummer="Geibelstraße 36" ObjVorlage="2013-09-11 00:00:00.0" ObKeinKontakt="5" ObjArtID="1" Merkmal="0.9999999999999999" ObjInfo="16WE/1952/143/2,3"/>
  <Objekte ObjID="14289" ObjAufnahme="1998-11-03" ObjLetztKontakt="2001-11-14" ObjStrasseID="6534" ObjHausnummer="Geibelstraße 37" ObjVorlage="2013-09-11 00:00:00.0" ObKeinKontakt="6" ObjArtID="1" Merkmal="0.0"/>
  <Objekte ObjID="14290" ObjAufnahme="1998-11-03" ObjLetztKontakt="2001-11-14" ObjStrasseID="6534" ObjHausnummer="Geibelstraße 38" ObjVorlage="2013-09-11 00:00:00.0" ObKeinKontakt="2" ObjArtID="1" Merkmal="0.0"/>
  <Objekte ObjID="14291" ObjAufnahme="1998-11-03" ObjLetztKontakt="1999-02-15" ObjStrasseID="6534" ObjHausnummer="Geibelstraße 39" ObjVorlage="2013-09-11 00:00:00.0" ObKeinKontakt="1" ObjArtID="177" Merkmal="0.0"/>
  <Objekte ObjID="14292" ObjAufnahme="1998-11-03" ObjLetztKontakt="1999-02-15" ObjStrasseID="6534" ObjHausnummer="Geibelstraße 41" ObjVorlage="2013-09-11 00:00:00.0" ObKeinKontakt="1" ObjArtID="140" Merkmal="0.9999999999999999" ObjInfo="22078\Blk Süd z.Zt. nicht anbieten"/>
  <Objekte ObjID="14293" ObjAufnahme="1998-11-03" ObjLetztKontakt="2001-11-14" ObjStrasseID="6534" ObjHausnummer="Geibelstraße 42" ObjVorlage="2013-09-11 00:00:00.0" ObKeinKontakt="2" ObjArtID="1" Merkmal="0.0"/>
  <Objekte ObjID="14294" ObjAufnahme="1998-11-03" ObjLetztKontakt="2001-11-14" ObjStrasseID="6534" ObjHausnummer="Geibelstraße 43" ObjVorlage="2013-09-11 00:00:00.0" ObKeinKontakt="2" ObjArtID="1" Merkmal="0.0"/>
  <Objekte ObjID="14295" ObjAufnahme="1998-11-03" ObjLetztKontakt="2001-11-14" ObjStrasseID="6534" ObjHausnummer="Geibelstraße 44" ObjVorlage="2013-09-11 00:00:00.0" ObKeinKontakt="2" ObjArtID="1" Merkmal="0.0"/>
  <Objekte ObjID="14296" ObjAufnahme="1998-11-03" ObjLetztKontakt="2001-11-14" ObjStrasseID="6534" ObjHausnummer="Geibelstraße 45" ObjVorlage="2013-09-11 00:00:00.0" ObKeinKontakt="2" ObjArtID="1" Merkmal="0.0"/>
  <Objekte ObjID="14297" ObjAufnahme="1998-11-03" ObjLetztKontakt="2001-11-14" ObjStrasseID="6534" ObjHausnummer="Geibelstraße 48" ObjVorlage="2013-09-11 00:00:00.0" ObKeinKontakt="2" ObjArtID="1" Merkmal="0.0"/>
  <Objekte ObjID="14298" ObjAufnahme="1998-11-03" ObjStrasseID="6534" ObjHausnummer="Geibelstraße 56" ObjVorlage="2013-09-11 00:00:00.0" ObKeinKontakt="1" ObjArtID="1" Merkmal="0.0"/>
  <Objekte ObjID="14299" ObjAufnahme="1998-11-03" ObjStrasseID="6534" ObjHausnummer="Geibelstraße 82" ObjVorlage="2013-09-11 00:00:00.0" ObKeinKontakt="1" ObjArtID="1" Merkmal="0.0"/>
  <Objekte ObjID="14300" ObjAufnahme="1998-11-03" ObjStrasseID="6534" ObjHausnummer="Geibelstraße 104" ObjVorlage="2013-09-11 00:00:00.0" ObKeinKontakt="1" ObjArtID="11" Merkmal="0.0"/>
  <Objekte ObjID="14301" ObjAufnahme="1998-11-05" ObjLetztKontakt="1998-11-05" ObjStrasseID="8737" ObjHausnummer="Sollingweg 17" ObjVorlage="2013-09-11 00:00:00.0" ObKeinKontakt="5" ObjArtID="21" Merkmal="0.0" ObjInfo="85qm/150qm/1957/........../299.000DM"/>
  <Objekte ObjID="14302" ObjAufnahme="1998-11-06" ObjLetztKontakt="1998-11-06" ObjStrasseID="5927" ObjHausnummer="Berliner Allee 6" ObjVorlage="2013-09-11 00:00:00.0" ObKeinKontakt="5" ObjArtID="5" Merkmal="0.9999999999999999"/>
  <Objekte ObjID="14303" ObjAufnahme="1998-11-06" ObjLetztKontakt="1998-11-06" ObjStrasseID="8298" ObjHausnummer="Stöckener Straße 169" ObjVorlage="2013-09-11 00:00:00.0" ObKeinKontakt="5" ObjArtID="1" Merkmal="0.9999999999999999" ObjInfo="21WE/1965/180/2,4"/>
  <Objekte ObjID="14304" ObjAufnahme="1998-11-09" ObjLetztKontakt="1998-11-09" ObjStrasseID="4101" ObjHausnummer="Lange Feld Straße 45" ObjVorlage="2013-09-11 00:00:00.0" ObKeinKontakt="5" ObjArtID="75" Merkmal="0.9999999999999999" ObjInfo="29868\Blk Süd-West"/>
  <Objekte ObjID="14305" ObjAufnahme="1998-11-10" ObjStrasseID="7151" ObjHausnummer="Kirchhorster Straße 2" ObjVorlage="2013-09-11 00:00:00.0" ObKeinKontakt="1" ObjArtID="9" Merkmal="0.0"/>
  <Objekte ObjID="14306" ObjAufnahme="1998-11-10" ObjLetztKontakt="1998-11-10" ObjStrasseID="7575" ObjHausnummer="Mörlinsstraße 5G" ObjVorlage="2013-09-11 00:00:00.0" ObKeinKontakt="5" ObjArtID="21" Merkmal="0.9999999999999999" ObjInfo="475/133/53/223/Grg./Ke./77/Kriechke."/>
  <Objekte ObjID="14307" ObjAufnahme="1998-11-11" ObjStrasseID="2852" ObjHausnummer="Alte Döhrener Straße 83" ObjVorlage="2013-09-11 00:00:00.0" ObKeinKontakt="1" ObjArtID="1" Merkmal="0.0"/>
  <Objekte ObjID="14308" ObjAufnahme="1998-11-11" ObjStrasseID="2852" ObjHausnummer="Alte Döhrener Straße 85" ObjVorlage="2013-09-11 00:00:00.0" ObKeinKontakt="1" ObjArtID="1" Merkmal="0.0"/>
  <Objekte ObjID="14310" ObjAufnahme="1998-11-11" ObjStrasseID="7562" ObjHausnummer="Mommsenstraße 9" ObjVorlage="2013-09-11 00:00:00.0" ObKeinKontakt="1" ObjArtID="1" Merkmal="0.0"/>
  <Objekte ObjID="14311" ObjAufnahme="1998-11-11" ObjStrasseID="7562" ObjHausnummer="Mommsenstraße 10" ObjVorlage="2013-09-11 00:00:00.0" ObKeinKontakt="1" ObjArtID="1" Merkmal="0.0"/>
  <Objekte ObjID="14312" ObjAufnahme="1998-11-13" ObjLetztKontakt="1998-11-13" ObjStrasseID="9233" ObjHausnummer="Am Rodelberg 4" ObjVorlage="2013-09-11 00:00:00.0" ObKeinKontakt="5" ObjArtID="21" Merkmal="0.9999999999999999"/>
  <Objekte ObjID="14313" ObjAufnahme="1998-11-16" ObjLetztKontakt="1998-11-16" ObjStrasseID="6561" ObjHausnummer="Geveker Kamp 7" ObjVorlage="2013-09-11 00:00:00.0" ObKeinKontakt="5" ObjArtID="46" Merkmal="0.9999999999999999" ObjInfo="8036\ Blk."/>
  <Objekte ObjID="14314" ObjAufnahme="1998-11-23" ObjLetztKontakt="1998-11-23" ObjStrasseID="7612" ObjHausnummer="Nelkenstraße 20" ObjVorlage="2013-09-11 00:00:00.0" ObKeinKontakt="5" ObjArtID="100" Merkmal="0.9999999999999999" ObjInfo="315117\"/>
  <Objekte ObjID="14315" ObjAufnahme="1998-11-23" ObjLetztKontakt="1998-11-23" ObjStrasseID="8384" ObjHausnummer="Tillystraße 20" ObjVorlage="2013-09-11 00:00:00.0" ObKeinKontakt="5" ObjArtID="8" Merkmal="0.9999999999999999"/>
  <Objekte ObjID="14316" ObjAufnahme="1998-11-25" ObjLetztKontakt="1998-11-25" ObjStrasseID="9185" ObjHausnummer="Neue Straße 6" ObjVorlage="2013-09-11 00:00:00.0" ObKeinKontakt="5" ObjArtID="1" Merkmal="0.9999999999999999" ObjInfo="11WE/1938/70/970"/>
  <Objekte ObjID="14318" ObjAufnahme="1998-11-26" ObjLetztKontakt="1999-07-08" ObjStrasseID="7404" ObjHausnummer="Lister Kirchweg 67" ObjVorlage="2013-09-11 00:00:00.0" ObKeinKontakt="5" ObjArtID="63" Merkmal="0.9999999999999999" ObjInfo="3601141480Loggia West Grg. langfristig verm."/>
  <Objekte ObjID="14319" ObjAufnahme="1998-11-26" ObjLetztKontakt="1998-11-26" ObjStrasseID="5676" ObjHausnummer="Am Leinewehr 30" ObjVorlage="2013-09-11 00:00:00.0" ObKeinKontakt="5" ObjArtID="167" Merkmal="0.9999999999999999" ObjInfo="35086\Garten,Terrasse West und Loggia Ost ,Grg."/>
  <Objekte ObjID="14320" ObjAufnahme="1998-11-30" ObjLetztKontakt="1998-11-30" ObjStrasseID="8353" ObjHausnummer="Tewesweg 11" ObjVorlage="2013-09-11 00:00:00.0" ObKeinKontakt="5" ObjArtID="8" Merkmal="0.0"/>
  <Objekte ObjID="14321" ObjAufnahme="1998-11-30" ObjLetztKontakt="1998-11-30" ObjStrasseID="2868" ObjHausnummer="Am alten Freyhof 19" ObjVorlage="2013-09-11 00:00:00.0" ObKeinKontakt="5" ObjArtID="8" Merkmal="0.9999999999999999" ObjInfo="195qm/1000qm/1984/Garage/850.000DM"/>
  <Objekte ObjID="14322" ObjAufnahme="1998-11-30" ObjLetztKontakt="1998-11-30" ObjStrasseID="8353" ObjHausnummer="Tewesweg 11" ObjVorlage="2013-09-11 00:00:00.0" ObKeinKontakt="5" ObjArtID="8" Merkmal="0.9999999999999999"/>
  <Objekte ObjID="14323" ObjAufnahme="1998-12-01" ObjLetztKontakt="1998-12-01" ObjStrasseID="6608" ObjHausnummer="Göttinger Chaussee 76" ObjVorlage="2013-09-11 00:00:00.0" ObKeinKontakt="5" ObjArtID="11" Merkmal="0.9999999999999999" ObjInfo="Gewerbefl.bebaut/22,0"/>
  <Objekte ObjID="14324" ObjAufnahme="1998-12-04" ObjLetztKontakt="1998-12-04" ObjStrasseID="9270" ObjHausnummer="Hermann-Löns-Straße 112" ObjVorlage="2013-09-11 00:00:00.0" ObKeinKontakt="5" ObjArtID="8" Merkmal="0.0"/>
  <Objekte ObjID="14325" ObjAufnahme="1998-12-04" ObjLetztKontakt="1998-12-04" ObjStrasseID="6331" ObjHausnummer="Elfenweg 26" ObjVorlage="2013-09-11 00:00:00.0" ObKeinKontakt="5" ObjArtID="8" Merkmal="0.9999999999999999"/>
  <Objekte ObjID="14326" ObjAufnahme="1998-12-08" ObjLetztKontakt="1998-12-08" ObjStrasseID="3273" ObjHausnummer="Burgwedeler Straße 135D" ObjVorlage="2013-09-11 00:00:00.0" ObKeinKontakt="1" ObjArtID="8" Merkmal="0.0"/>
  <Objekte ObjID="14327" ObjAufnahme="1998-12-09" ObjLetztKontakt="1998-12-10" ObjStrasseID="5676" ObjHausnummer="Am Leinewehr 20" ObjVorlage="2013-09-11 00:00:00.0" ObKeinKontakt="1" ObjArtID="201" Merkmal="0.0"/>
  <Objekte ObjID="14328" ObjAufnahme="1998-12-09" ObjLetztKontakt="1998-12-10" ObjStrasseID="5676" ObjHausnummer="Am Leinewehr 22" ObjVorlage="2013-09-11 00:00:00.0" ObKeinKontakt="1" ObjArtID="1" Merkmal="0.0"/>
  <Objekte ObjID="14329" ObjAufnahme="1998-12-09" ObjLetztKontakt="1999-07-14" ObjStrasseID="5676" ObjHausnummer="Am Leinewehr 24" ObjVorlage="2013-09-11 00:00:00.0" ObKeinKontakt="1" ObjArtID="167" Merkmal="0.0"/>
  <Objekte ObjID="14330" ObjAufnahme="1998-12-09" ObjLetztKontakt="1998-12-10" ObjStrasseID="5676" ObjHausnummer="Am Leinewehr 26" ObjVorlage="2013-09-11 00:00:00.0" ObKeinKontakt="1" ObjArtID="1" Merkmal="0.0"/>
  <Objekte ObjID="14331" ObjAufnahme="1998-12-09" ObjLetztKontakt="2013-02-25" ObjStrasseID="5676" ObjHausnummer="Am Leinewehr 28" ObjVorlage="2013-09-11 00:00:00.0" ObKeinKontakt="1" ObjArtID="177" Merkmal="0.0" ObjInfo="Frau Finking hat gerade die Eigentumswohnung gekauft&#xD;&#xA;Tel. 05066901886"/>
  <Objekte ObjID="14332" ObjAufnahme="1998-12-09" ObjStrasseID="7340" ObjHausnummer="Leineinsel 29A" ObjVorlage="2013-09-11 00:00:00.0" ObKeinKontakt="1" ObjArtID="1" Merkmal="0.0"/>
  <Objekte ObjID="14333" ObjAufnahme="1998-12-09" ObjStrasseID="7340" ObjHausnummer="Leineinsel 29" ObjVorlage="2013-09-11 00:00:00.0" ObKeinKontakt="1" ObjArtID="1" Merkmal="0.0"/>
  <Objekte ObjID="14334" ObjAufnahme="1998-12-09" ObjStrasseID="7340" ObjHausnummer="Leineinsel 27" ObjVorlage="2013-09-11 00:00:00.0" ObKeinKontakt="1" ObjArtID="47" Merkmal="0.0" ObjInfo="17375\Terr."/>
  <Objekte ObjID="14335" ObjAufnahme="1998-12-09" ObjStrasseID="7340" ObjHausnummer="Leineinsel 25" ObjVorlage="2013-09-11 00:00:00.0" ObKeinKontakt="1" ObjArtID="104" Merkmal="0.0" ObjInfo="560100\TG, Terr. S-O"/>
  <Objekte ObjID="14336" ObjAufnahme="1998-12-10" ObjLetztKontakt="2001-10-22" ObjStrasseID="7340" ObjHausnummer="Leineinsel 26" ObjVorlage="2013-09-11 00:00:00.0" ObKeinKontakt="9" ObjArtID="56" Merkmal="0.0" ObjInfo="685135\Wi-garten Terr. S-W"/>
  <Objekte ObjID="14337" ObjAufnahme="1998-12-10" ObjLetztKontakt="1999-01-14" ObjStrasseID="7340" ObjHausnummer="Leineinsel 28" ObjVorlage="2013-09-11 00:00:00.0" ObKeinKontakt="1" ObjArtID="98" Merkmal="0.0"/>
  <Objekte ObjID="14339" ObjAufnahme="1998-12-10" ObjLetztKontakt="1999-01-14" ObjStrasseID="7340" ObjHausnummer="Leineinsel 32" ObjVorlage="2013-09-11 00:00:00.0" ObKeinKontakt="1" ObjArtID="1" Merkmal="0.0"/>
  <Objekte ObjID="14340" ObjAufnahme="1998-12-10" ObjLetztKontakt="1999-01-14" ObjStrasseID="7340" ObjHausnummer="Leineinsel 34" ObjVorlage="2013-09-11 00:00:00.0" ObKeinKontakt="1" ObjArtID="77" Merkmal="0.0"/>
  <Objekte ObjID="14341" ObjAufnahme="1998-12-10" ObjLetztKontakt="1998-12-10" ObjStrasseID="5676" ObjHausnummer="Am Leinewehr 39" ObjVorlage="2013-09-11 00:00:00.0" ObKeinKontakt="1" ObjArtID="1" Merkmal="0.0"/>
  <Objekte ObjID="14342" ObjAufnahme="1998-12-10" ObjLetztKontakt="2000-05-15" ObjStrasseID="5676" ObjHausnummer="Am Leinewehr 37" ObjVorlage="2013-09-11 00:00:00.0" ObKeinKontakt="1" ObjArtID="75" Merkmal="0.0" ObjInfo="27365\S-W Loggia TG"/>
  <Objekte ObjID="14343" ObjAufnahme="1998-12-10" ObjLetztKontakt="1998-12-10" ObjStrasseID="5676" ObjHausnummer="Am Leinewehr 35" ObjVorlage="2013-09-11 00:00:00.0" ObKeinKontakt="1" ObjArtID="1" Merkmal="0.0"/>
  <Objekte ObjID="14344" ObjAufnahme="1998-12-10" ObjLetztKontakt="1998-12-10" ObjStrasseID="5676" ObjHausnummer="Am Leinewehr 33" ObjVorlage="2013-09-11 00:00:00.0" ObKeinKontakt="1" ObjArtID="1" Merkmal="0.0"/>
  <Objekte ObjID="14345" ObjAufnahme="1998-12-10" ObjLetztKontakt="1998-12-10" ObjStrasseID="5676" ObjHausnummer="Am Leinewehr 31" ObjVorlage="2013-09-11 00:00:00.0" ObKeinKontakt="1" ObjArtID="173" Merkmal="0.0"/>
  <Objekte ObjID="14346" ObjAufnahme="1998-12-10" ObjLetztKontakt="1998-12-10" ObjStrasseID="5676" ObjHausnummer="Am Leinewehr 29" ObjVorlage="2013-09-11 00:00:00.0" ObKeinKontakt="1" ObjArtID="1" Merkmal="0.0"/>
  <Objekte ObjID="14347" ObjAufnahme="1998-12-10" ObjLetztKontakt="2001-09-05" ObjStrasseID="5676" ObjHausnummer="Am Leinewehr 27" ObjVorlage="2013-09-11 00:00:00.0" ObKeinKontakt="1" ObjArtID="55" Merkmal="0.0" ObjInfo="550134\3 Terr TG"/>
  <Objekte ObjID="14348" ObjAufnahme="1998-12-10" ObjLetztKontakt="1998-12-10" ObjStrasseID="5676" ObjHausnummer="Am Leinewehr 25" ObjVorlage="2013-09-11 00:00:00.0" ObKeinKontakt="1" ObjArtID="1" Merkmal="0.0"/>
  <Objekte ObjID="14350" ObjAufnahme="1998-12-10" ObjLetztKontakt="1998-12-10" ObjStrasseID="5676" ObjHausnummer="Am Leinewehr 23" ObjVorlage="2013-09-11 00:00:00.0" ObKeinKontakt="1" ObjArtID="1" Merkmal="0.0"/>
  <Objekte ObjID="14351" ObjAufnahme="1998-12-10" ObjLetztKontakt="1998-12-10" ObjStrasseID="5676" ObjHausnummer="Am Leinewehr 19" ObjVorlage="2013-09-11 00:00:00.0" ObKeinKontakt="1" ObjArtID="1" Merkmal="0.0"/>
  <Objekte ObjID="14352" ObjAufnahme="1998-12-10" ObjLetztKontakt="1998-12-10" ObjStrasseID="5676" ObjHausnummer="Am Leinewehr 17" ObjVorlage="2013-09-11 00:00:00.0" ObKeinKontakt="1" ObjArtID="1" Merkmal="0.0"/>
  <Objekte ObjID="14353" ObjAufnahme="1998-12-10" ObjLetztKontakt="1998-12-10" ObjStrasseID="5676" ObjHausnummer="Am Leinewehr 15" ObjVorlage="2013-09-11 00:00:00.0" ObKeinKontakt="1" ObjArtID="72" Merkmal="0.0"/>
  <Objekte ObjID="14354" ObjAufnahme="1998-12-10" ObjLetztKontakt="1998-12-10" ObjStrasseID="5676" ObjHausnummer="Am Leinewehr 13" ObjVorlage="2013-09-11 00:00:00.0" ObKeinKontakt="1" ObjArtID="1" Merkmal="0.0"/>
  <Objekte ObjID="14355" ObjAufnahme="1998-12-10" ObjLetztKontakt="1998-12-10" ObjStrasseID="5676" ObjHausnummer="Am Leinewehr 11" ObjVorlage="2013-09-11 00:00:00.0" ObKeinKontakt="1" ObjArtID="1" Merkmal="0.0"/>
  <Objekte ObjID="14356" ObjAufnahme="1998-12-10" ObjLetztKontakt="2002-10-18" ObjStrasseID="5676" ObjHausnummer="Am Leinewehr 11A" ObjVorlage="2013-09-11 00:00:00.0" ObKeinKontakt="5" ObjArtID="200" Merkmal="0.0"/>
  <Objekte ObjID="14357" ObjAufnahme="1998-12-10" ObjLetztKontakt="1998-12-10" ObjStrasseID="5676" ObjHausnummer="Am Leinewehr 9" ObjVorlage="2013-09-11 00:00:00.0" ObKeinKontakt="1" ObjArtID="1" Merkmal="0.0"/>
  <Objekte ObjID="14358" ObjAufnahme="1998-12-10" ObjLetztKontakt="1998-12-10" ObjStrasseID="5676" ObjHausnummer="Am Leinewehr 9A" ObjVorlage="2013-09-11 00:00:00.0" ObKeinKontakt="1" ObjArtID="1" Merkmal="0.0"/>
  <Objekte ObjID="14359" ObjAufnahme="1998-12-10" ObjLetztKontakt="1998-12-10" ObjStrasseID="5676" ObjHausnummer="Am Leinewehr 7" ObjVorlage="2013-09-11 00:00:00.0" ObKeinKontakt="1" ObjArtID="1" Merkmal="0.0"/>
  <Objekte ObjID="14360" ObjAufnahme="1998-12-10" ObjLetztKontakt="1999-07-08" ObjStrasseID="5676" ObjHausnummer="Am Leinewehr 7A" ObjVorlage="2013-09-11 00:00:00.0" ObKeinKontakt="1" ObjArtID="200" Merkmal="0.9999999999999999" ObjInfo="530122\Balkon,Grg."/>
  <Objekte ObjID="14361" ObjAufnahme="1998-12-10" ObjLetztKontakt="1998-12-10" ObjStrasseID="5676" ObjHausnummer="Am Leinewehr 5" ObjVorlage="2013-09-11 00:00:00.0" ObKeinKontakt="1" ObjArtID="1" Merkmal="0.0"/>
  <Objekte ObjID="14362" ObjAufnahme="1998-12-10" ObjLetztKontakt="1998-12-10" ObjStrasseID="5676" ObjHausnummer="Am Leinewehr 5A" ObjVorlage="2013-09-11 00:00:00.0" ObKeinKontakt="1" ObjArtID="167" Merkmal="0.0"/>
  <Objekte ObjID="14363" ObjAufnahme="1998-12-16" ObjLetztKontakt="1998-12-16" ObjStrasseID="7525" ObjHausnummer="Mercedesstraße 9" ObjVorlage="2013-09-11 00:00:00.0" ObKeinKontakt="5" ObjArtID="210" Merkmal="0.9999999999999999" ObjInfo="Gewerbefl.unbebaut/Höchstgebot"/>
  <Objekte ObjID="14364" ObjAufnahme="1998-12-18" ObjLetztKontakt="1998-12-18" ObjStrasseID="8308" ObjHausnummer="Stormstraße 10" ObjVorlage="2013-09-11 00:00:00.0" ObKeinKontakt="5" ObjArtID="83" Merkmal="0.9999999999999999" ObjInfo="14862\Blk nicht anbieten"/>
  <Objekte ObjID="14365" ObjAufnahme="1998-12-22" ObjLetztKontakt="2000-05-15" ObjStrasseID="5676" ObjHausnummer="Am Leinewehr 21" ObjVorlage="2013-09-11 00:00:00.0" ObKeinKontakt="9" ObjArtID="173" Merkmal="0.9999999999999999" ObjInfo="485122\S-W-Blk., Terrasse N-O"/>
  <Objekte ObjID="14366" ObjAufnahme="1999-01-14" ObjStrasseID="7340" ObjHausnummer="Leineinsel 1" ObjVorlage="2013-09-11 00:00:00.0" ObKeinKontakt="1" ObjArtID="1" Merkmal="0.0"/>
  <Objekte ObjID="14367" ObjAufnahme="1999-01-14" ObjStrasseID="7340" ObjHausnummer="Leineinsel 3" ObjVorlage="2013-09-11 00:00:00.0" ObKeinKontakt="1" ObjArtID="1" Merkmal="0.0"/>
  <Objekte ObjID="14368" ObjAufnahme="1999-01-14" ObjStrasseID="7340" ObjHausnummer="Leineinsel 5" ObjVorlage="2013-09-11 00:00:00.0" ObKeinKontakt="1" ObjArtID="1" Merkmal="0.0"/>
  <Objekte ObjID="14369" ObjAufnahme="1999-01-14" ObjStrasseID="7340" ObjHausnummer="Leineinsel 7" ObjVorlage="2013-09-11 00:00:00.0" ObKeinKontakt="1" ObjArtID="1" Merkmal="0.0"/>
  <Objekte ObjID="14370" ObjAufnahme="1999-01-14" ObjStrasseID="7340" ObjHausnummer="Leineinsel 9" ObjVorlage="2013-09-11 00:00:00.0" ObKeinKontakt="1" ObjArtID="1" Merkmal="0.0"/>
  <Objekte ObjID="14371" ObjAufnahme="1999-01-14" ObjLetztKontakt="2013-02-12" ObjStrasseID="7340" ObjHausnummer="Leineinsel 15" ObjVorlage="2013-09-11 00:00:00.0" ObKeinKontakt="1" ObjArtID="177" Merkmal="0.0"/>
  <Objekte ObjID="14372" ObjAufnahme="1999-01-14" ObjLetztKontakt="1999-07-20" ObjStrasseID="5611" ObjHausnummer="Am Brückenhaus 2" ObjVorlage="2013-09-11 00:00:00.0" ObKeinKontakt="1" ObjArtID="1" Merkmal="0.0"/>
  <Objekte ObjID="14373" ObjAufnahme="1999-01-14" ObjLetztKontakt="1999-07-20" ObjStrasseID="5611" ObjHausnummer="Am Brückenhaus 4" ObjVorlage="2013-09-11 00:00:00.0" ObKeinKontakt="1" ObjArtID="54" Merkmal="0.0"/>
  <Objekte ObjID="14374" ObjAufnahme="1999-01-14" ObjLetztKontakt="1999-08-10" ObjStrasseID="5611" ObjHausnummer="Am Brückenhaus 10" ObjVorlage="2013-09-11 00:00:00.0" ObKeinKontakt="1" ObjArtID="76" Merkmal="0.0"/>
  <Objekte ObjID="14375" ObjAufnahme="1999-01-14" ObjLetztKontakt="1999-08-10" ObjStrasseID="5611" ObjHausnummer="Am Brückenhaus 11" ObjVorlage="2013-09-11 00:00:00.0" ObKeinKontakt="1" ObjArtID="117" Merkmal="0.0" ObjInfo="24060\Südwest-Balkon"/>
  <Objekte ObjID="14376" ObjAufnahme="1999-01-14" ObjLetztKontakt="1999-08-10" ObjStrasseID="5611" ObjHausnummer="Am Brückenhaus 12" ObjVorlage="2013-09-11 00:00:00.0" ObKeinKontakt="1" ObjArtID="177" Merkmal="0.0"/>
  <Objekte ObjID="14377" ObjAufnahme="1999-01-14" ObjLetztKontakt="2002-08-13" ObjStrasseID="5611" ObjHausnummer="Am Brückenhaus 13" ObjVorlage="2013-09-11 00:00:00.0" ObKeinKontakt="1" ObjArtID="96" Merkmal="0.9999999999999999" ObjInfo="25960\Loggia Süden"/>
  <Objekte ObjID="14378" ObjAufnahme="1999-01-14" ObjLetztKontakt="1999-08-10" ObjStrasseID="5611" ObjHausnummer="Am Brückenhaus 14" ObjVorlage="2013-09-11 00:00:00.0" ObKeinKontakt="1" ObjArtID="177" Merkmal="0.0"/>
  <Objekte ObjID="14379" ObjAufnahme="1999-01-14" ObjLetztKontakt="2000-09-28" ObjStrasseID="5676" ObjHausnummer="Am Leinewehr 1" ObjVorlage="2013-09-11 00:00:00.0" ObKeinKontakt="1" ObjArtID="118" Merkmal="0.0"/>
  <Objekte ObjID="14380" ObjAufnahme="1999-01-14" ObjStrasseID="5676" ObjHausnummer="Am Leinewehr 2" ObjVorlage="2013-09-11 00:00:00.0" ObKeinKontakt="1" ObjArtID="1" Merkmal="0.0"/>
  <Objekte ObjID="14381" ObjAufnahme="1999-01-14" ObjStrasseID="5676" ObjHausnummer="Am Leinewehr 4" ObjVorlage="2013-09-11 00:00:00.0" ObKeinKontakt="1" ObjArtID="1" Merkmal="0.0"/>
  <Objekte ObjID="14382" ObjAufnahme="1999-01-18" ObjLetztKontakt="1999-01-18" ObjStrasseID="4327" ObjHausnummer="Nenndorfer Straße 1" ObjVorlage="2013-09-11 00:00:00.0" ObKeinKontakt="5" ObjArtID="18" Merkmal="0.9999999999999999" ObjInfo="310qm/6070qm/1900/3Garagen/549.000DM"/>
  <Objekte ObjID="14383" ObjAufnahme="1999-01-18" ObjStrasseID="8318" ObjHausnummer="Struckmeyerstraße 1" ObjVorlage="2013-09-11 00:00:00.0" ObKeinKontakt="1" ObjArtID="1" Merkmal="0.0"/>
  <Objekte ObjID="14384" ObjAufnahme="1999-01-18" ObjStrasseID="8318" ObjHausnummer="Struckmeyerstraße 2" ObjVorlage="2013-09-11 00:00:00.0" ObKeinKontakt="1" ObjArtID="1" Merkmal="0.0"/>
  <Objekte ObjID="14385" ObjAufnahme="1999-01-18" ObjStrasseID="8318" ObjHausnummer="Struckmeyerstraße 3" ObjVorlage="2013-09-11 00:00:00.0" ObKeinKontakt="1" ObjArtID="1" Merkmal="0.0"/>
  <Objekte ObjID="14386" ObjAufnahme="1999-01-18" ObjStrasseID="8318" ObjHausnummer="Struckmeyerstraße 4" ObjVorlage="2013-09-11 00:00:00.0" ObKeinKontakt="1" ObjArtID="1" Merkmal="0.0"/>
  <Objekte ObjID="14387" ObjAufnahme="1999-01-18" ObjStrasseID="8318" ObjHausnummer="Struckmeyerstraße 5" ObjVorlage="2013-09-11 00:00:00.0" ObKeinKontakt="1" ObjArtID="1" Merkmal="0.0"/>
  <Objekte ObjID="14388" ObjAufnahme="1999-01-18" ObjStrasseID="8318" ObjHausnummer="Struckmeyerstraße 6" ObjVorlage="2013-09-11 00:00:00.0" ObKeinKontakt="1" ObjArtID="1" Merkmal="0.0"/>
  <Objekte ObjID="14389" ObjAufnahme="1999-01-18" ObjStrasseID="8318" ObjHausnummer="Struckmeyerstraße 7" ObjVorlage="2013-09-11 00:00:00.0" ObKeinKontakt="1" ObjArtID="1" Merkmal="0.0"/>
  <Objekte ObjID="14439" ObjAufnahme="1999-01-18" ObjStrasseID="5830" ObjHausnummer="Auf dem Emmerberge 2" ObjVorlage="2013-09-11 00:00:00.0" ObKeinKontakt="1" ObjArtID="1" Merkmal="0.0"/>
  <Objekte ObjID="14440" ObjAufnahme="1999-01-18" ObjStrasseID="5830" ObjHausnummer="Auf dem Emmerberge 3" ObjVorlage="2013-09-11 00:00:00.0" ObKeinKontakt="2" ObjArtID="1" Merkmal="0.0" ObjInfo="Leni Vollmer i.Hs."/>
  <Objekte ObjID="14441" ObjAufnahme="1999-01-18" ObjLetztKontakt="2001-12-12" ObjStrasseID="5830" ObjHausnummer="Auf dem Emmerberge 4" ObjVorlage="2013-09-11 00:00:00.0" ObKeinKontakt="2" ObjArtID="1" Merkmal="0.0"/>
  <Objekte ObjID="14442" ObjAufnahme="1999-01-18" ObjStrasseID="5830" ObjHausnummer="Auf dem Emmerberge 5" ObjVorlage="2013-09-11 00:00:00.0" ObKeinKontakt="1" ObjArtID="1" Merkmal="0.0"/>
  <Objekte ObjID="14443" ObjAufnahme="1999-01-18" ObjStrasseID="5830" ObjHausnummer="Auf dem Emmerberge 6" ObjVorlage="2013-09-11 00:00:00.0" ObKeinKontakt="2" ObjArtID="1" Merkmal="0.0" ObjInfo="Verwalter; Kühne Hausverwaltungen, Hemmingen    keine Auskunft über Eigentümer"/>
  <Objekte ObjID="14444" ObjAufnahme="1999-01-18" ObjStrasseID="5830" ObjHausnummer="Auf dem Emmerberge 7" ObjVorlage="2013-09-11 00:00:00.0" ObKeinKontakt="2" ObjArtID="1" Merkmal="0.0" ObjInfo="Herr Langenstrafen, Toyota Autohaus in Laatzen, Tel. 98373-0, Senefelderstr. 2"/>
  <Objekte ObjID="14445" ObjAufnahme="1999-01-18" ObjStrasseID="5830" ObjHausnummer="Auf dem Emmerberge 8" ObjVorlage="2013-09-11 00:00:00.0" ObKeinKontakt="2" ObjArtID="1" Merkmal="0.0" ObjInfo="Frau von Graffen, St.Ingbert-Weg 21, Tel. 520579"/>
  <Objekte ObjID="14446" ObjAufnahme="1999-01-18" ObjStrasseID="5830" ObjHausnummer="Auf dem Emmerberge 9" ObjVorlage="2013-09-11 00:00:00.0" ObKeinKontakt="2" ObjArtID="1" Merkmal="0.0" ObjInfo="vormals: margret Groß i.Hs.;   hat das Haus an Enkelin übertragen Tel. 888359"/>
  <Objekte ObjID="14448" ObjAufnahme="1999-01-18" ObjStrasseID="5830" ObjHausnummer="Auf dem Emmerberge 11" ObjVorlage="2013-09-11 00:00:00.0" ObKeinKontakt="2" ObjArtID="1" Merkmal="0.0" ObjInfo="Dr. Ilsedore Funk, Tel. 523914, Mitglied einer weitverzweigten Erbengemeinschaft"/>
  <Objekte ObjID="14449" ObjAufnahme="1999-01-18" ObjStrasseID="5830" ObjHausnummer="Auf dem Emmerberge 12" ObjVorlage="2013-09-11 00:00:00.0" ObKeinKontakt="1" ObjArtID="1" Merkmal="0.0"/>
  <Objekte ObjID="14450" ObjAufnahme="1999-01-18" ObjStrasseID="5830" ObjHausnummer="Auf dem Emmerberge 13" ObjVorlage="2013-09-11 00:00:00.0" ObKeinKontakt="2" ObjArtID="1" Merkmal="0.0" ObjInfo="Brigitte Göbben i.Hs., Tel. 8093565"/>
  <Objekte ObjID="14451" ObjAufnahme="1999-01-18" ObjStrasseID="5830" ObjHausnummer="Auf dem Emmerberge 14" ObjVorlage="2013-09-11 00:00:00.0" ObKeinKontakt="1" ObjArtID="1" Merkmal="0.0"/>
  <Objekte ObjID="14452" ObjAufnahme="1999-01-18" ObjStrasseID="5830" ObjHausnummer="Auf dem Emmerberge 15" ObjVorlage="2013-09-11 00:00:00.0" ObKeinKontakt="2" ObjArtID="1" Merkmal="0.0" ObjInfo="Verwalterin: Irma Scholz i.Hd. Tel. 887688"/>
  <Objekte ObjID="14453" ObjAufnahme="1999-01-18" ObjLetztKontakt="2001-12-12" ObjStrasseID="5830" ObjHausnummer="Auf dem Emmerberge 16" ObjVorlage="2013-09-11 00:00:00.0" ObKeinKontakt="9" ObjArtID="103" Merkmal="0.0"/>
  <Objekte ObjID="14454" ObjAufnahme="1999-01-18" ObjStrasseID="5830" ObjHausnummer="Auf dem Emmerberge 17" ObjVorlage="2013-09-11 00:00:00.0" ObKeinKontakt="2" ObjArtID="1" Merkmal="0.0" ObjInfo="Mecklenburgische Versicherung, Frau Lange Tel. 5351-384"/>
  <Objekte ObjID="14455" ObjAufnahme="1999-01-18" ObjStrasseID="5830" ObjHausnummer="Auf dem Emmerberge 18" ObjVorlage="2013-09-11 00:00:00.0" ObKeinKontakt="2" ObjArtID="1" Merkmal="0.0" ObjInfo="Herr Wolff; Sohn von Marianne Wolff i.Hs. Tel. 883535"/>
  <Objekte ObjID="14456" ObjAufnahme="1999-01-18" ObjStrasseID="5830" ObjHausnummer="Auf dem Emmerberge 19" ObjVorlage="2013-09-11 00:00:00.0" ObKeinKontakt="2" ObjArtID="9" Merkmal="0.0" ObjInfo="NDR Hamburg"/>
  <Objekte ObjID="14457" ObjAufnahme="1999-01-18" ObjStrasseID="5830" ObjHausnummer="Auf dem Emmerberge 20" ObjVorlage="2013-09-11 00:00:00.0" ObKeinKontakt="2" ObjArtID="1" Merkmal="0.0" ObjInfo="wie Haus-Nr. 18"/>
  <Objekte ObjID="14458" ObjAufnahme="1999-01-18" ObjStrasseID="5830" ObjHausnummer="Auf dem Emmerberge 21" ObjVorlage="2013-09-11 00:00:00.0" ObKeinKontakt="2" ObjArtID="1" Merkmal="0.0" ObjInfo="Frau E. Sühloy i.Hs. Tel. 887321"/>
  <Objekte ObjID="14459" ObjAufnahme="1999-01-18" ObjStrasseID="5830" ObjHausnummer="Auf dem Emmerberge 23" ObjVorlage="2013-09-11 00:00:00.0" ObKeinKontakt="1" ObjArtID="9" Merkmal="0.0" ObjInfo="NDR Hamburg"/>
  <Objekte ObjID="14460" ObjAufnahme="1999-01-18" ObjStrasseID="5830" ObjHausnummer="Auf dem Emmerberge 24" ObjVorlage="2013-09-11 00:00:00.0" ObKeinKontakt="1" ObjArtID="1" Merkmal="0.0"/>
  <Objekte ObjID="14461" ObjAufnahme="1999-01-18" ObjStrasseID="5830" ObjHausnummer="Auf dem Emmerberge 26" ObjVorlage="2013-09-11 00:00:00.0" ObKeinKontakt="3" ObjArtID="1" Merkmal="0.0" ObjInfo="Fritz Grove sen. Tel. 858678;  3 Mio."/>
  <Objekte ObjID="14462" ObjAufnahme="1999-01-18" ObjStrasseID="5830" ObjHausnummer="Auf dem Emmerberge 28" ObjVorlage="2013-09-11 00:00:00.0" ObKeinKontakt="2" ObjArtID="1" Merkmal="0.0" ObjInfo="Lieselotte Schrader, Hohenherder Str. 159, 30900 Wedemark, Tel. 05130/5578"/>
  <Objekte ObjID="14463" ObjAufnahme="1999-01-18" ObjStrasseID="5830" ObjHausnummer="Auf dem Emmerberge 30" ObjVorlage="2013-09-11 00:00:00.0" ObKeinKontakt="2" ObjArtID="1" Merkmal="0.0" ObjInfo="Uwe Dierks i.Hs. Tel. 889030, Volker Dierks i.Hs. Tel. 884413; je zur Hälfte   ETW"/>
  <Objekte ObjID="14464" ObjAufnahme="1999-01-18" ObjStrasseID="5830" ObjHausnummer="Auf dem Emmerberge 32" ObjVorlage="2013-09-11 00:00:00.0" ObKeinKontakt="1" ObjArtID="170" Merkmal="0.0"/>
  <Objekte ObjID="14465" ObjAufnahme="1999-01-18" ObjStrasseID="5830" ObjHausnummer="Auf dem Emmerberge 34" ObjVorlage="2013-09-11 00:00:00.0" ObKeinKontakt="2" ObjArtID="1" Merkmal="0.0" ObjInfo="Lieselotte Flücke i.Hs., Tel. 8091395"/>
  <Objekte ObjID="14466" ObjAufnahme="1999-01-18" ObjStrasseID="5830" ObjHausnummer="Auf dem Emmerberge 36" ObjVorlage="2013-09-11 00:00:00.0" ObKeinKontakt="1" ObjArtID="1" Merkmal="0.0" ObjInfo="nicht ermittelt, zu häßlich"/>
  <Objekte ObjID="14467" ObjAufnahme="1999-01-18" ObjStrasseID="8308" ObjHausnummer="Stormstraße 1" ObjVorlage="2013-09-11 00:00:00.0" ObKeinKontakt="1" ObjArtID="1" Merkmal="0.0" ObjInfo="L.Burckhardt&#xD;&#xA;i61133092"/>
  <Objekte ObjID="14468" ObjAufnahme="1999-01-18" ObjStrasseID="8308" ObjHausnummer="Stormstraße 2" ObjVorlage="2013-09-11 00:00:00.0" ObKeinKontakt="1" ObjArtID="1" Merkmal="0.0" ObjInfo="Richardt Erben, Overbeckstraße 6"/>
  <Objekte ObjID="14469" ObjAufnahme="1999-01-18" ObjStrasseID="8308" ObjHausnummer="Stormstraße 3" ObjVorlage="2013-09-11 00:00:00.0" ObKeinKontakt="1" ObjArtID="1" Merkmal="0.0" ObjInfo="E.Berne, Widemannstraße 13"/>
  <Objekte ObjID="14470" ObjAufnahme="1999-01-18" ObjStrasseID="8308" ObjHausnummer="Stormstraße 4" ObjVorlage="2013-09-11 00:00:00.0" ObKeinKontakt="1" ObjArtID="1" Merkmal="0.0" ObjInfo="Frida Richardt Overbeckstraße 6"/>
  <Objekte ObjID="14471" ObjAufnahme="1999-01-18" ObjStrasseID="8308" ObjHausnummer="Stormstraße 5" ObjVorlage="2013-09-11 00:00:00.0" ObKeinKontakt="1" ObjArtID="1" Merkmal="0.0" ObjInfo="wie 4"/>
  <Objekte ObjID="14472" ObjAufnahme="1999-01-18" ObjStrasseID="8308" ObjHausnummer="Stormstraße 6" ObjVorlage="2013-09-11 00:00:00.0" ObKeinKontakt="1" ObjArtID="1" Merkmal="0.0" ObjInfo="A.Borges, Resse, Lilienstraße 2"/>
  <Objekte ObjID="14473" ObjAufnahme="1999-01-18" ObjStrasseID="8308" ObjHausnummer="Stormstraße 6A" ObjVorlage="2013-09-11 00:00:00.0" ObKeinKontakt="1" ObjArtID="1" Merkmal="0.0" ObjInfo="wie 2"/>
  <Objekte ObjID="14474" ObjAufnahme="1999-01-18" ObjStrasseID="8308" ObjHausnummer="Stormstraße 8" ObjVorlage="2013-09-11 00:00:00.0" ObKeinKontakt="1" ObjArtID="1" Merkmal="0.0" ObjInfo="Gerald Hülsmeyer, Panoramaweg 27 Wieda"/>
  <Objekte ObjID="14475" ObjAufnahme="1999-01-18" ObjStrasseID="8308" ObjHausnummer="Stormstraße 9" ObjVorlage="2013-09-11 00:00:00.0" ObKeinKontakt="1" ObjArtID="1" Merkmal="0.0" ObjInfo="F.Siede, Staatswiesenstraße 14"/>
  <Objekte ObjID="14476" ObjAufnahme="1999-01-18" ObjStrasseID="8308" ObjHausnummer="Stormstraße 11" ObjVorlage="2013-09-11 00:00:00.0" ObKeinKontakt="1" ObjArtID="1" Merkmal="0.0" ObjInfo="K.Mischkus, Burgdorf"/>
  <Objekte ObjID="14477" ObjAufnahme="1999-01-18" ObjStrasseID="8308" ObjHausnummer="Stormstraße 12" ObjVorlage="2013-09-11 00:00:00.0" ObKeinKontakt="1" ObjArtID="1" Merkmal="0.0" ObjInfo="Hennies"/>
  <Objekte ObjID="14478" ObjAufnahme="1999-01-18" ObjStrasseID="8308" ObjHausnummer="Stormstraße 15" ObjVorlage="2013-09-11 00:00:00.0" ObKeinKontakt="1" ObjArtID="1" Merkmal="0.0" ObjInfo="A.Krenz,Bergen"/>
  <Objekte ObjID="14479" ObjAufnahme="1999-01-18" ObjStrasseID="8308" ObjHausnummer="Stormstraße 16" ObjVorlage="2013-09-11 00:00:00.0" ObKeinKontakt="1" ObjArtID="1" Merkmal="0.0" ObjInfo="Struß"/>
  <Objekte ObjID="14480" ObjAufnahme="1999-01-18" ObjStrasseID="8308" ObjHausnummer="Stormstraße 17" ObjVorlage="2013-09-11 00:00:00.0" ObKeinKontakt="1" ObjArtID="1" Merkmal="0.0" ObjInfo="Schulz, Raabestraße 1"/>
  <Objekte ObjID="14481" ObjAufnahme="1999-01-18" ObjStrasseID="8308" ObjHausnummer="Stormstraße 18" ObjVorlage="2013-09-11 00:00:00.0" ObKeinKontakt="1" ObjArtID="1" Merkmal="0.0" ObjInfo="Lochter"/>
  <Objekte ObjID="14482" ObjAufnahme="1999-01-18" ObjStrasseID="8308" ObjHausnummer="Stormstraße 19" ObjVorlage="2013-09-11 00:00:00.0" ObKeinKontakt="1" ObjArtID="1" Merkmal="0.0" ObjInfo="Ev.luth Kirchengemeinde"/>
  <Objekte ObjID="14483" ObjAufnahme="1999-01-18" ObjStrasseID="8308" ObjHausnummer="Stormstraße 23" ObjVorlage="2013-09-11 00:00:00.0" ObKeinKontakt="1" ObjArtID="1" Merkmal="0.0"/>
  <Objekte ObjID="14484" ObjAufnahme="1999-01-18" ObjStrasseID="8308" ObjHausnummer="Stormstraße 24" ObjVorlage="2013-09-11 00:00:00.0" ObKeinKontakt="1" ObjArtID="1" Merkmal="0.0" ObjInfo="A.Borges,Resse, Lilienstraße 2"/>
  <Objekte ObjID="14485" ObjAufnahme="1999-01-18" ObjStrasseID="8308" ObjHausnummer="Stormstraße 25" ObjVorlage="2013-09-11 00:00:00.0" ObKeinKontakt="1" ObjArtID="1" Merkmal="0.0" ObjInfo="wie 4"/>
  <Objekte ObjID="14486" ObjAufnahme="1999-01-18" ObjStrasseID="8308" ObjHausnummer="Stormstraße 26" ObjVorlage="2013-09-11 00:00:00.0" ObKeinKontakt="1" ObjArtID="1" Merkmal="0.0" ObjInfo="wie 24"/>
  <Objekte ObjID="14487" ObjAufnahme="1999-01-18" ObjStrasseID="8308" ObjHausnummer="Stormstraße 27" ObjVorlage="2013-09-11 00:00:00.0" ObKeinKontakt="1" ObjArtID="1" Merkmal="0.0" ObjInfo="Günther Wagner, Pelikanwerke Podbi 141"/>
  <Objekte ObjID="14488" ObjAufnahme="1999-01-18" ObjStrasseID="8308" ObjHausnummer="Stormstraße 28" ObjVorlage="2013-09-11 00:00:00.0" ObKeinKontakt="1" ObjArtID="1" Merkmal="0.0" ObjInfo="wie 27"/>
  <Objekte ObjID="14489" ObjAufnahme="1999-01-19" ObjLetztKontakt="1999-07-08" ObjStrasseID="6588" ObjHausnummer="Goebenstraße 4" ObjVorlage="2013-09-11 00:00:00.0" ObKeinKontakt="9" ObjArtID="215" Merkmal="0.0" ObjInfo="17061679Blk, Süd-Ost DG"/>
  <Objekte ObjID="14490" ObjAufnahme="1999-01-19" ObjLetztKontakt="1999-07-08" ObjStrasseID="6588" ObjHausnummer="Goebenstraße 4" ObjVorlage="2013-09-11 00:00:00.0" ObKeinKontakt="5" ObjArtID="216" Merkmal="0.0" ObjInfo="330105\Blk Süd-Ost"/>
  <Objekte ObjID="14491" ObjAufnahme="1999-01-19" ObjStrasseID="5830" ObjHausnummer="Auf dem Emmerberge 25" ObjVorlage="2013-09-11 00:00:00.0" ObKeinKontakt="1" ObjArtID="9" Merkmal="0.0" ObjInfo="NDR Hamburg"/>
  <Objekte ObjID="14492" ObjAufnahme="1999-01-19" ObjStrasseID="5830" ObjHausnummer="Auf dem Emmerberge 27" ObjVorlage="2013-09-11 00:00:00.0" ObKeinKontakt="1" ObjArtID="9" Merkmal="0.0" ObjInfo="NDR Hamburg"/>
  <Objekte ObjID="14493" ObjAufnahme="1999-01-19" ObjStrasseID="5830" ObjVorlage="2013-09-11 00:00:00.0" ObKeinKontakt="1" ObjArtID="1" Merkmal="0.0"/>
  <Objekte ObjID="14494" ObjAufnahme="1999-01-20" ObjStrasseID="5830" ObjHausnummer="Auf dem Emmerberge 10" ObjVorlage="2013-09-11 00:00:00.0" ObKeinKontakt="1" ObjArtID="1" Merkmal="0.0"/>
  <Objekte ObjID="14495" ObjAufnahme="1999-01-27" ObjLetztKontakt="1999-01-27" ObjStrasseID="8132" ObjHausnummer="Schwarmstedter Straße 17" ObjVorlage="2013-09-11 00:00:00.0" ObKeinKontakt="5" ObjArtID="21" Merkmal="0.9999999999999999" ObjInfo="420/105/50/180/Grg./Ke./56"/>
  <Objekte ObjID="14496" ObjAufnahme="1999-02-03" ObjLetztKontakt="2003-09-08" ObjStrasseID="8666" ObjHausnummer="Wittekindstraße 4" ObjVorlage="2013-09-11 00:00:00.0" ObKeinKontakt="1" ObjArtID="219" Merkmal="0.0"/>
  <Objekte ObjID="14497" ObjAufnahme="1999-02-09" ObjLetztKontakt="1999-02-09" ObjStrasseID="5530" ObjHausnummer="Aachener Straße 2" ObjVorlage="2013-09-11 00:00:00.0" ObKeinKontakt="5" ObjArtID="20" Merkmal="0.9999999999999999" ObjInfo="695/160/75/671/Grg./Ke./38 san."/>
  <Objekte ObjID="14499" ObjAufnahme="1999-02-12" ObjLetztKontakt="1999-02-12" ObjStrasseID="8036" ObjHausnummer="Sandsteinweg 1" ObjVorlage="2013-09-11 00:00:00.0" ObKeinKontakt="5" ObjArtID="22" Merkmal="0.9999999999999999"/>
  <Objekte ObjID="14500" ObjAufnahme="1999-02-12" ObjLetztKontakt="1999-02-12" ObjStrasseID="3181" ObjHausnummer="Bodeweg 30" ObjVorlage="2013-09-11 00:00:00.0" ObKeinKontakt="5" ObjArtID="24" Merkmal="0.9999999999999999" ObjInfo="430/120/50/200/Grg./Ke./79"/>
  <Objekte ObjID="14502" ObjAufnahme="1999-02-16" ObjLetztKontakt="1999-02-16" ObjStrasseID="6455" ObjHausnummer="Fraunhoferstraße 2" ObjVorlage="2013-09-11 00:00:00.0" ObKeinKontakt="5" ObjArtID="75" Merkmal="0.9999999999999999" ObjInfo="19570\"/>
  <Objekte ObjID="14503" ObjAufnahme="1999-02-17" ObjLetztKontakt="1999-02-17" ObjStrasseID="6651" ObjHausnummer="Große Pfahlstraße 24" ObjVorlage="2013-09-11 00:00:00.0" ObKeinKontakt="5" ObjArtID="111" Merkmal="0.9999999999999999" ObjInfo="370125\ Dachter.mögl. Unterl.fehlen"/>
  <Objekte ObjID="14507" ObjAufnahme="1999-02-18" ObjLetztKontakt="1999-02-18" ObjStrasseID="6900" ObjHausnummer="Hofhäuserweg 7A" ObjVorlage="2013-09-11 00:00:00.0" ObKeinKontakt="5" ObjArtID="217" Merkmal="0.0" ObjInfo="2- Eigentumswohnung"/>
  <Objekte ObjID="14508" ObjAufnahme="1999-02-18" ObjLetztKontakt="1999-02-18" ObjStrasseID="8618" ObjHausnummer="Wiesenstraße 22" ObjVorlage="2013-09-11 00:00:00.0" ObKeinKontakt="2" ObjArtID="1" Merkmal="0.0"/>
  <Objekte ObjID="14509" ObjAufnahme="1999-02-18" ObjLetztKontakt="1999-02-18" ObjStrasseID="8659" ObjHausnummer="Wipperweg 22" ObjVorlage="2013-09-11 00:00:00.0" ObKeinKontakt="5" ObjArtID="24" Merkmal="0.0" ObjInfo="Doppelhaushälfte mit Nebengebäude"/>
  <Objekte ObjID="14510" ObjAufnahme="1999-02-18" ObjLetztKontakt="1999-02-18" ObjStrasseID="8659" ObjHausnummer="Wipperweg 22" ObjVorlage="2013-09-11 00:00:00.0" ObKeinKontakt="5" ObjArtID="24" Merkmal="0.9999999999999999" ObjInfo="530/122/60/650/-/Ke./61"/>
  <Objekte ObjID="14511" ObjAufnahme="1999-02-18" ObjLetztKontakt="1999-02-18" ObjStrasseID="9270" ObjHausnummer="Hermann-Löns-Straße 112" ObjVorlage="2013-09-11 00:00:00.0" ObKeinKontakt="5" ObjArtID="8" Merkmal="0.9999999999999999" ObjInfo="270qm/1300qm/1984/Doppelgarage/920.000DM"/>
  <Objekte ObjID="14515" ObjAufnahme="1999-02-19" ObjLetztKontakt="1999-02-19" ObjStrasseID="6636" ObjHausnummer="Gretchenstraße 45" ObjVorlage="2013-09-11 00:00:00.0" ObKeinKontakt="5" ObjArtID="217" Merkmal="0.9999999999999999" ObjInfo="16045\ Vorsicht beim anbieten"/>
  <Objekte ObjID="14516" ObjAufnahme="1999-02-19" ObjLetztKontakt="1999-02-19" ObjStrasseID="6534" ObjHausnummer="Geibelstraße 4" ObjVorlage="2013-09-11 00:00:00.0" ObKeinKontakt="5" ObjArtID="131" Merkmal="0.9999999999999999" ObjInfo="19075\"/>
  <Objekte ObjID="14517" ObjAufnahme="1999-02-19" ObjLetztKontakt="1999-02-19" ObjStrasseID="7406" ObjHausnummer="Lister Meile 36" ObjVorlage="2013-09-11 00:00:00.0" ObKeinKontakt="5" ObjArtID="5" Merkmal="0.0" ObjInfo="Geschäftshaus"/>
  <Objekte ObjID="14520" ObjAufnahme="1999-02-19" ObjLetztKontakt="1999-02-19" ObjStrasseID="8618" ObjHausnummer="Wiesenstraße 32" ObjVorlage="2013-09-11 00:00:00.0" ObKeinKontakt="2" ObjArtID="1" Merkmal="0.0"/>
  <Objekte ObjID="14521" ObjAufnahme="1999-02-23" ObjLetztKontakt="1999-02-23" ObjStrasseID="7426" ObjHausnummer="Löwenstraße 12" ObjVorlage="2013-09-11 00:00:00.0" ObKeinKontakt="9" ObjArtID="200" Merkmal="0.9999999999999999" ObjInfo="585140\ Blk. Wintergarten O"/>
  <Objekte ObjID="14522" ObjAufnahme="1999-02-23" ObjLetztKontakt="1999-09-23" ObjStrasseID="7169" ObjHausnummer="Kleine Düwelstraße 13" ObjVorlage="2013-09-11 00:00:00.0" ObKeinKontakt="5" ObjArtID="14" Merkmal="0.0" ObjInfo="21074\"/>
  <Objekte ObjID="14523" ObjAufnahme="1999-02-23" ObjLetztKontakt="1999-09-23" ObjStrasseID="7169" ObjHausnummer="Kleine Düwelstraße 13" ObjVorlage="2013-09-11 00:00:00.0" ObKeinKontakt="5" ObjArtID="77" Merkmal="0.0" ObjInfo="2901001036~&#xD;&#xA;14524"/>
  <Objekte ObjID="14526" ObjAufnahme="1999-02-23" ObjLetztKontakt="1999-09-23" ObjStrasseID="7169" ObjHausnummer="Kleine Düwelstraße 13" ObjVorlage="2013-09-11 00:00:00.0" ObKeinKontakt="5" ObjArtID="104" Merkmal="0.0" ObjInfo="22076\ Blk."/>
  <Objekte ObjID="14527" ObjAufnahme="1999-02-23" ObjLetztKontakt="1999-09-23" ObjStrasseID="7169" ObjHausnummer="Kleine Düwelstraße 13" ObjVorlage="2013-09-11 00:00:00.0" ObKeinKontakt="5" ObjArtID="131" Merkmal="0.9999999999999999" ObjInfo="15956\"/>
  <Objekte ObjID="14528" ObjAufnahme="1999-02-23" ObjLetztKontakt="1999-09-23" ObjStrasseID="7169" ObjHausnummer="Kleine Düwelstraße 13A" ObjVorlage="2013-09-11 00:00:00.0" ObKeinKontakt="5" ObjArtID="15" Merkmal="0.0" ObjInfo="22087\ Bad WC"/>
  <Objekte ObjID="14529" ObjAufnahme="1999-02-23" ObjLetztKontakt="1999-09-23" ObjStrasseID="7169" ObjHausnummer="Kleine Düwelstraße 13A" ObjVorlage="2013-09-11 00:00:00.0" ObKeinKontakt="5" ObjArtID="75" Merkmal="0.9999999999999999" ObjInfo="13553650 Bad WC"/>
  <Objekte ObjID="14530" ObjAufnahme="1999-02-24" ObjLetztKontakt="1999-02-24" ObjStrasseID="5676" ObjHausnummer="Am Leinewehr 1" ObjVorlage="2013-09-11 00:00:00.0" ObKeinKontakt="5" ObjArtID="111" Merkmal="0.9999999999999999" ObjInfo="400105\Loggia Süd-West"/>
  <Objekte ObjID="14531" ObjAufnahme="1999-02-24" ObjLetztKontakt="1999-07-08" ObjStrasseID="7340" ObjHausnummer="Leineinsel 30" ObjVorlage="2013-09-11 00:00:00.0" ObKeinKontakt="5" ObjArtID="173" Merkmal="0.9999999999999999" ObjInfo="530102\Terr Süd-West Grg Terrasse"/>
  <Objekte ObjID="14532" ObjAufnahme="1999-02-25" ObjStrasseID="6534" ObjHausnummer="Geibelstraße 77" ObjVorlage="2013-09-11 00:00:00.0" ObKeinKontakt="1" ObjArtID="1" Merkmal="0.0"/>
  <Objekte ObjID="14534" ObjAufnahme="1999-02-26" ObjStrasseID="8618" ObjVorlage="2013-09-11 00:00:00.0" ObKeinKontakt="1" ObjArtID="1" Merkmal="0.0"/>
  <Objekte ObjID="14535" ObjAufnahme="1999-02-26" ObjLetztKontakt="2002-08-14" ObjStrasseID="8618" ObjVorlage="2013-09-11 00:00:00.0" ObKeinKontakt="1" ObjArtID="1" Merkmal="0.0"/>
  <Objekte ObjID="14536" ObjAufnahme="1999-03-01" ObjStrasseID="6946" ObjHausnummer="Untere Wieme 6" ObjVorlage="2013-09-11 00:00:00.0" ObKeinKontakt="1" ObjArtID="8" Merkmal="0.9999999999999999" ObjInfo="177qm/890qm/1960-94/Garage/595.000DM"/>
  <Objekte ObjID="14538" ObjAufnahme="1999-03-04" ObjLetztKontakt="1999-03-04" ObjStrasseID="8506" ObjHausnummer="Waldhausenstraße 9" ObjVorlage="2013-09-11 00:00:00.0" ObKeinKontakt="5" ObjArtID="18" Merkmal="0.9999999999999999" ObjInfo="400qm+75qm/900qm/1903-1996/Garage+Stellplätze/3.100.000DM"/>
  <Objekte ObjID="14539" ObjAufnahme="1999-03-11" ObjLetztKontakt="1999-03-11" ObjStrasseID="5820" ObjHausnummer="Aschendorfer Straße 2" ObjVorlage="2013-09-11 00:00:00.0" ObKeinKontakt="5" ObjArtID="22" Merkmal="0.9999999999999999" ObjInfo="114qm/277qm/1991/Carport/339.000DM"/>
  <Objekte ObjID="14540" ObjAufnahme="1999-03-11" ObjLetztKontakt="1999-03-11" ObjStrasseID="9431" ObjHausnummer="Am Rothbusch 64" ObjVorlage="2013-09-11 00:00:00.0" ObKeinKontakt="5" ObjArtID="176" Merkmal="0.9999999999999999" ObjInfo="398/110/65/264/Grg./Ke./85"/>
  <Objekte ObjID="14541" ObjAufnahme="1999-03-18" ObjStrasseID="8618" ObjHausnummer="Wiesenstraße 47" ObjVorlage="2013-09-11 00:00:00.0" ObKeinKontakt="1" ObjArtID="1" Merkmal="0.0"/>
  <Objekte ObjID="14542" ObjAufnahme="1999-03-19" ObjLetztKontakt="1999-03-19" ObjStrasseID="3365" ObjHausnummer="Egestorfer Straße 61" ObjVorlage="2013-09-11 00:00:00.0" ObKeinKontakt="5" ObjArtID="8" Merkmal="0.9999999999999999" ObjInfo="240qm/1070qm/1920-1993/Garage/420.000DM"/>
  <Objekte ObjID="14543" ObjAufnahme="1999-03-19" ObjLetztKontakt="1999-03-19" ObjStrasseID="7672" ObjHausnummer="Oesterleystraße 13" ObjVorlage="2013-09-11 00:00:00.0" ObKeinKontakt="5" ObjArtID="1" Merkmal="0.9999999999999999"/>
  <Objekte ObjID="14544" ObjAufnahme="1999-03-23" ObjLetztKontakt="1999-07-08" ObjStrasseID="6210" ObjHausnummer="Detmoldstraße 1" ObjVorlage="2013-09-11 00:00:00.0" ObKeinKontakt="1" ObjArtID="75" Merkmal="0.0" ObjInfo="16951\Südbalkon"/>
  <Objekte ObjID="14545" ObjAufnahme="1999-03-24" ObjLetztKontakt="1999-03-24" ObjStrasseID="5784" ObjHausnummer="An der Wietze 2" ObjVorlage="2013-09-11 00:00:00.0" ObKeinKontakt="5" ObjArtID="8" Merkmal="0.9999999999999999"/>
  <Objekte ObjID="14546" ObjAufnahme="1999-03-26" ObjLetztKontakt="1999-03-26" ObjStrasseID="8313" ObjHausnummer="Striehlstraße 17" ObjVorlage="2013-09-11 00:00:00.0" ObKeinKontakt="5" ObjArtID="62" Merkmal="0.0" ObjInfo="19075\"/>
  <Objekte ObjID="14547" ObjAufnahme="1999-03-26" ObjLetztKontakt="1999-07-09" ObjStrasseID="6648" ObjHausnummer="Große Düwelstraße 45" ObjVorlage="2013-09-11 00:00:00.0" ObKeinKontakt="5" ObjArtID="13" Merkmal="1.0" ObjInfo="29988\Terrasse wie DHH&#xD;&#xA;eine der Doppelhaushälften stand 2013 zur Vermietung an"/>
  <Objekte ObjID="14548" ObjAufnahme="1999-03-30" ObjLetztKontakt="1999-12-09" ObjStrasseID="8273" ObjHausnummer="Steinmetzstraße 9A" ObjVorlage="2013-09-11 00:00:00.0" ObKeinKontakt="1" ObjArtID="1" Merkmal="0.0"/>
  <Objekte ObjID="14549" ObjAufnahme="1999-03-30" ObjStrasseID="8273" ObjHausnummer="Steinmetzstraße 28" ObjVorlage="2013-09-11 00:00:00.0" ObKeinKontakt="1" ObjArtID="1" Merkmal="0.0"/>
  <Objekte ObjID="14550" ObjAufnahme="1999-03-31" ObjLetztKontakt="1999-07-12" ObjStrasseID="6588" ObjHausnummer="Goebenstraße 46" ObjVorlage="2013-09-11 00:00:00.0" ObKeinKontakt="5" ObjArtID="97" Merkmal="0.9999999999999999" ObjInfo="3251101440 bis Ende 2000 vermietet"/>
  <Objekte ObjID="14551" ObjAufnahme="1999-03-31" ObjLetztKontakt="1999-12-09" ObjStrasseID="8273" ObjHausnummer="Steinmetzstraße 11A" ObjVorlage="2013-09-11 00:00:00.0" ObKeinKontakt="1" ObjArtID="1" Merkmal="0.0"/>
  <Objekte ObjID="14552" ObjAufnahme="1999-03-31" ObjLetztKontakt="1999-12-09" ObjStrasseID="8273" ObjHausnummer="Steinmetzstraße 11B" ObjVorlage="2013-09-11 00:00:00.0" ObKeinKontakt="1" ObjArtID="1" Merkmal="0.0"/>
  <Objekte ObjID="14553" ObjAufnahme="1999-03-31" ObjLetztKontakt="1999-10-10" ObjStrasseID="6686" ObjHausnummer="Haarstraße 7" ObjVorlage="2013-09-11 00:00:00.0" ObKeinKontakt="1" ObjArtID="54" Merkmal="0.0" ObjInfo="15452\  Nr.1"/>
  <Objekte ObjID="14554" ObjAufnahme="1999-03-31" ObjLetztKontakt="1999-07-08" ObjStrasseID="6588" ObjHausnummer="Goebenstraße 4" ObjVorlage="2013-09-11 00:00:00.0" ObKeinKontakt="1" ObjArtID="220" Merkmal="0.9999999999999999"/>
  <Objekte ObjID="14555" ObjAufnahme="1999-04-06" ObjLetztKontakt="1999-04-06" ObjStrasseID="8673" ObjHausnummer="Wöhlerstraße 32" ObjVorlage="2013-09-11 00:00:00.0" ObKeinKontakt="1" ObjArtID="1" Merkmal="0.0" ObjInfo="Berneburg,Heinz, Höfestr. 7"/>
  <Objekte ObjID="14556" ObjAufnahme="1999-04-06" ObjLetztKontakt="1999-04-06" ObjStrasseID="8673" ObjHausnummer="Wöhlerstraße 34" ObjVorlage="2013-09-11 00:00:00.0" ObKeinKontakt="1" ObjArtID="1" Merkmal="0.0" ObjInfo="Heine, Sophie und Asche E."/>
  <Objekte ObjID="14557" ObjAufnahme="1999-04-06" ObjLetztKontakt="1999-04-06" ObjStrasseID="8673" ObjHausnummer="Wöhlerstraße 36" ObjVorlage="2013-09-11 00:00:00.0" ObKeinKontakt="1" ObjArtID="1" Merkmal="0.0" ObjInfo="wie 34"/>
  <Objekte ObjID="14558" ObjAufnahme="1999-04-06" ObjLetztKontakt="1999-04-06" ObjStrasseID="8673" ObjHausnummer="Wöhlerstraße 38" ObjVorlage="2013-09-11 00:00:00.0" ObKeinKontakt="1" ObjArtID="1" Merkmal="0.0" ObjInfo="Hinze, W."/>
  <Objekte ObjID="14559" ObjAufnahme="1999-04-06" ObjLetztKontakt="1999-04-06" ObjStrasseID="8673" ObjHausnummer="Wöhlerstraße 40" ObjVorlage="2013-09-11 00:00:00.0" ObKeinKontakt="1" ObjArtID="1" Merkmal="0.0" ObjInfo="wie 38"/>
  <Objekte ObjID="14560" ObjAufnahme="1999-04-06" ObjLetztKontakt="1999-04-06" ObjStrasseID="8673" ObjHausnummer="Wöhlerstraße 48" ObjVorlage="2013-09-11 00:00:00.0" ObKeinKontakt="1" ObjArtID="1" Merkmal="0.0" ObjInfo="Baumgarte, Erben"/>
  <Objekte ObjID="14561" ObjAufnahme="1999-04-06" ObjLetztKontakt="1999-04-06" ObjStrasseID="8313" ObjHausnummer="Striehlstraße 17" ObjVorlage="2013-09-11 00:00:00.0" ObKeinKontakt="5" ObjArtID="76" Merkmal="0.9999999999999999" ObjInfo="190751075~&#xD;&#xA;14563"/>
  <Objekte ObjID="14564" ObjAufnahme="1999-04-12" ObjLetztKontakt="1999-04-12" ObjStrasseID="7925" ObjHausnummer="Röhrichtweg 25" ObjVorlage="2013-09-11 00:00:00.0" ObKeinKontakt="5" ObjArtID="23" Merkmal="0.9999999999999999"/>
  <Objekte ObjID="14565" ObjAufnahme="1999-04-13" ObjLetztKontakt="1999-04-13" ObjStrasseID="7706" ObjHausnummer="Ostfeldstraße 42" ObjVorlage="2013-09-11 00:00:00.0" ObKeinKontakt="5" ObjArtID="8" Merkmal="0.9999999999999999"/>
  <Objekte ObjID="14568" ObjAufnahme="1999-04-14" ObjLetztKontakt="1999-04-14" ObjStrasseID="6875" ObjHausnummer="Hildesheimer Straße 221" ObjVorlage="2013-09-11 00:00:00.0" ObKeinKontakt="5" ObjArtID="153" Merkmal="0.9999999999999999" ObjInfo="16974\Grg. Blk"/>
  <Objekte ObjID="14569" ObjAufnahme="1999-04-15" ObjLetztKontakt="1999-04-15" ObjStrasseID="9431" ObjHausnummer="Am Rothbusch 66" ObjVorlage="2013-09-11 00:00:00.0" ObKeinKontakt="5" ObjArtID="21" Merkmal="0.9999999999999999" ObjInfo="110qm/250qm/1984/Garage/380.000DM"/>
  <Objekte ObjID="14570" ObjAufnahme="1999-04-15" ObjLetztKontakt="1999-04-15" ObjStrasseID="6033" ObjHausnummer="Bornholmer Weg 55" ObjVorlage="2013-09-11 00:00:00.0" ObKeinKontakt="5" ObjArtID="21" Merkmal="0.9999999999999999"/>
  <Objekte ObjID="14571" ObjAufnahme="1999-04-19" ObjLetztKontakt="1999-04-19" ObjStrasseID="9459" ObjHausnummer="In den Schütten 6A" ObjVorlage="2013-09-11 00:00:00.0" ObKeinKontakt="5" ObjArtID="8" Merkmal="0.9999999999999999" ObjInfo="150qm/660+290qm/1987-1995/Doppelgarage/680.000DM"/>
  <Objekte ObjID="14572" ObjAufnahme="1999-04-26" ObjLetztKontakt="1999-04-26" ObjStrasseID="9474" ObjHausnummer="Ernst-Kohlrautz-Straße 48" ObjVorlage="2013-09-11 00:00:00.0" ObKeinKontakt="5" ObjArtID="8" Merkmal="0.0"/>
  <Objekte ObjID="14573" ObjAufnahme="1999-04-27" ObjLetztKontakt="1999-04-27" ObjStrasseID="9474" ObjHausnummer="Ernst-Kohlrautz-Straße 48" ObjVorlage="2013-09-11 00:00:00.0" ObKeinKontakt="5" ObjArtID="8" Merkmal="0.0"/>
  <Objekte ObjID="14574" ObjAufnahme="1999-04-27" ObjLetztKontakt="1999-04-27" ObjStrasseID="9474" ObjHausnummer="Ernst-Kohlrautz-Straße 48" ObjVorlage="2013-09-11 00:00:00.0" ObKeinKontakt="5" ObjArtID="8" Merkmal="0.0"/>
  <Objekte ObjID="14575" ObjAufnahme="1999-04-28" ObjLetztKontakt="1999-04-28" ObjStrasseID="9468" ObjHausnummer="Schulstraße 1" ObjVorlage="2013-09-11 00:00:00.0" ObKeinKontakt="5" ObjArtID="233" Merkmal="0.9999999999999999" ObjInfo="380qm/900qm/1900/3Stellplätze/750.000,-- DM"/>
  <Objekte ObjID="14576" ObjAufnahme="1999-04-28" ObjLetztKontakt="2000-03-07" ObjStrasseID="6636" ObjHausnummer="Gretchenstraße 20" ObjVorlage="2013-09-11 00:00:00.0" ObKeinKontakt="6" ObjArtID="222" Merkmal="0.9999999999999999" ObjInfo="695250\Loggia Süd"/>
  <Objekte ObjID="14578" ObjAufnahme="1999-04-30" ObjLetztKontakt="1999-04-30" ObjStrasseID="6876" ObjHausnummer="Hildesheimer Straße 223" ObjVorlage="2013-09-11 00:00:00.0" ObKeinKontakt="5" ObjArtID="60" Merkmal="0.9999999999999999" ObjInfo="5028\ vermietet"/>
  <Objekte ObjID="14580" ObjAufnahme="1999-05-05" ObjLetztKontakt="1999-05-05" ObjStrasseID="9484" ObjHausnummer="Boschstraße 14" ObjVorlage="2013-09-11 00:00:00.0" ObKeinKontakt="1" ObjArtID="8" Merkmal="0.0"/>
  <Objekte ObjID="14581" ObjAufnahme="1999-05-07" ObjLetztKontakt="1999-05-07" ObjStrasseID="3502" ObjHausnummer="Friedrich-Rodehorst-Straße 33" ObjVorlage="2013-09-11 00:00:00.0" ObKeinKontakt="5" ObjArtID="24" Merkmal="0.0" ObjInfo="140qm/285qm/1994/Garage/785.000DM"/>
  <Objekte ObjID="14582" ObjAufnahme="1999-05-07" ObjLetztKontakt="1999-05-07" ObjStrasseID="7169" ObjHausnummer="Kleine Düwelstraße 26" ObjVorlage="2013-09-11 00:00:00.0" ObKeinKontakt="1" ObjArtID="118" Merkmal="0.0"/>
  <Objekte ObjID="14583" ObjAufnahme="1999-05-12" ObjLetztKontakt="1999-05-12" ObjStrasseID="9503" ObjHausnummer="Hoher Weg 8" ObjVorlage="2013-09-11 00:00:00.0" ObKeinKontakt="5" ObjArtID="20" Merkmal="0.0" ObjInfo="330+55qm/800qm/1979/Doppelgarage/650.000DM"/>
  <Objekte ObjID="14584" ObjAufnahme="1999-05-12" ObjLetztKontakt="1999-05-12" ObjStrasseID="8708" ObjHausnummer="Zieglerhof 14" ObjVorlage="2013-09-11 00:00:00.0" ObKeinKontakt="5" ObjArtID="22" Merkmal="0.0"/>
  <Objekte ObjID="14586" ObjAufnahme="1999-05-12" ObjLetztKontakt="1999-05-12" ObjStrasseID="9502" ObjHausnummer="Erdbrandweg 102" ObjVorlage="2013-09-11 00:00:00.0" ObKeinKontakt="5" ObjArtID="8" Merkmal="0.0" ObjInfo="172qm/687qm/1978/Garage+Doppelcarport"/>
  <Objekte ObjID="14587" ObjAufnahme="1999-05-13" ObjLetztKontakt="1999-05-13" ObjStrasseID="286" ObjHausnummer="Alandweg 51" ObjVorlage="2013-09-11 00:00:00.0" ObKeinKontakt="1" ObjArtID="176" Merkmal="0.0" ObjInfo="170qm/210qm/1981/499.000,-- DM"/>
  <Objekte ObjID="14588" ObjAufnahme="1999-05-15" ObjLetztKontakt="1999-05-15" ObjStrasseID="9505" ObjHausnummer="Frida-Nadig-Straße 8E" ObjVorlage="2013-09-11 00:00:00.0" ObKeinKontakt="1" ObjArtID="22" Merkmal="0.0" ObjInfo="160qm/250qm/1997/Garage/550.000DM"/>
  <Objekte ObjID="14589" ObjAufnahme="1999-05-19" ObjLetztKontakt="1999-05-19" ObjStrasseID="6979" ObjHausnummer="Im Heidkampe 162F" ObjVorlage="2013-09-11 00:00:00.0" ObKeinKontakt="5" ObjArtID="24" Merkmal="0.0" ObjInfo="150qm/250qm/1996/........./599.000DM"/>
  <Objekte ObjID="14590" ObjAufnahme="1999-05-19" ObjLetztKontakt="1999-05-19" ObjStrasseID="8211" ObjHausnummer="Sonnenhagen 8" ObjVorlage="2013-09-11 00:00:00.0" ObKeinKontakt="1" ObjArtID="24" Merkmal="0.0" ObjInfo="100qm/830qm/1938/Garage/550.000DM"/>
  <Objekte ObjID="14591" ObjAufnahme="1999-05-19" ObjLetztKontakt="1999-05-19" ObjStrasseID="9512" ObjHausnummer="Farrelweg 4" ObjVorlage="2013-09-11 00:00:00.0" ObKeinKontakt="1" ObjArtID="24" Merkmal="0.0" ObjInfo="175qm/575qm/1968/Garage+Doppelcarport/598.000DM"/>
  <Objekte ObjID="14592" ObjAufnahme="1999-05-20" ObjLetztKontakt="1999-05-20" ObjStrasseID="4953" ObjHausnummer="Vor den Kämpen 43" ObjVorlage="2013-09-11 00:00:00.0" ObKeinKontakt="1" ObjArtID="22" Merkmal="0.0" ObjInfo="110qm/480qm/1990/Garage/575.000DM"/>
  <Objekte ObjID="14593" ObjAufnahme="1999-05-20" ObjLetztKontakt="1999-05-20" ObjStrasseID="4557" ObjHausnummer="Robert-Koch-Straße 123D" ObjVorlage="2013-09-11 00:00:00.0" ObKeinKontakt="1" ObjArtID="8" Merkmal="0.0" ObjInfo="160qm/700qm/1985/Garage+Carport/540.000,-- DM"/>
  <Objekte ObjID="14594" ObjAufnahme="1999-05-20" ObjLetztKontakt="1999-05-20" ObjStrasseID="5221" ObjHausnummer="Seerosenstraße 54F" ObjVorlage="2013-09-11 00:00:00.0" ObKeinKontakt="1" ObjArtID="8" Merkmal="0.0" ObjInfo="170qm/200qm/1993/........./499.000DM"/>
  <Objekte ObjID="14595" ObjAufnahme="1999-05-21" ObjLetztKontakt="1999-05-21" ObjStrasseID="9518" ObjHausnummer="Mühlenweg 5" ObjVorlage="2013-09-11 00:00:00.0" ObKeinKontakt="1" ObjArtID="8" Merkmal="0.0" ObjInfo="180qm/633qm/1984/Doppelgarage/550.000DM"/>
  <Objekte ObjID="14596" ObjAufnahme="1999-05-21" ObjLetztKontakt="2000-09-20" ObjStrasseID="7934" ObjHausnummer="Roonstraße 4" ObjVorlage="2013-09-11 00:00:00.0" ObKeinKontakt="1" ObjArtID="190" Merkmal="0.0" ObjInfo="36595\Südterrasse"/>
  <Objekte ObjID="14597" ObjAufnahme="1999-05-25" ObjLetztKontakt="1999-05-25" ObjStrasseID="4332" ObjHausnummer="Neuwarmbüchener Straße 8" ObjVorlage="2013-09-11 00:00:00.0" ObKeinKontakt="1" ObjArtID="8" Merkmal="0.0" ObjInfo="150+25qm/473qm/1982/Garage/489.000DM"/>
  <Objekte ObjID="14598" ObjAufnahme="1999-06-01" ObjLetztKontakt="2001-06-11" ObjStrasseID="8537" ObjHausnummer="Wedekindstraße 12A" ObjVorlage="2013-09-11 00:00:00.0" ObKeinKontakt="9" ObjArtID="97" Merkmal="0.0" ObjInfo="29083\Grg"/>
  <Objekte ObjID="14599" ObjAufnahme="1999-06-01" ObjLetztKontakt="2000-03-21" ObjStrasseID="8173" ObjHausnummer="Seumestraße 3" ObjVorlage="2013-09-11 00:00:00.0" ObKeinKontakt="2" ObjArtID="1" Merkmal="0.0" ObjInfo="Dempewolf-Fischer"/>
  <Objekte ObjID="14600" ObjAufnahme="1999-06-02" ObjLetztKontakt="1999-06-02" ObjStrasseID="9541" ObjHausnummer="Schacht-Albert-Ring 11" ObjVorlage="2013-09-11 00:00:00.0" ObKeinKontakt="1" ObjArtID="21" Merkmal="0.0"/>
  <Objekte ObjID="14601" ObjAufnahme="1999-06-04" ObjLetztKontakt="1999-06-04" ObjStrasseID="6691" ObjHausnummer="Habichtshorststraße 9" ObjVorlage="2013-09-11 00:00:00.0" ObKeinKontakt="1" ObjArtID="8" Merkmal="0.0" ObjInfo="350 m²760 m²1996Grg.1,59 Mio. DM"/>
  <Objekte ObjID="14602" ObjAufnahme="1999-06-04" ObjLetztKontakt="1999-06-04" ObjStrasseID="7366" ObjHausnummer="Leuninger Straße 37" ObjVorlage="2013-09-11 00:00:00.0" ObKeinKontakt="1" ObjArtID="8" Merkmal="0.0"/>
  <Objekte ObjID="14603" ObjAufnahme="1999-06-04" ObjLetztKontakt="1999-06-04" ObjStrasseID="9552" ObjHausnummer="Malvenstraße 2" ObjVorlage="2013-09-11 00:00:00.0" ObKeinKontakt="1" ObjArtID="8" Merkmal="0.0" ObjInfo="170qm/1063qm/1970-1992/......../650.000DM"/>
  <Objekte ObjID="14605" ObjAufnahme="1999-06-08" ObjLetztKontakt="1999-06-08" ObjStrasseID="9180" ObjHausnummer="Auf dem Rade 37" ObjVorlage="2013-09-11 00:00:00.0" ObKeinKontakt="1" ObjArtID="24" Merkmal="0.0" ObjInfo="117qm/277qm/1982/Garage/435.000DM"/>
  <Objekte ObjID="14606" ObjAufnahme="1999-06-10" ObjLetztKontakt="1999-06-10" ObjStrasseID="6979" ObjHausnummer="Im Heidkampe 43" ObjVorlage="2013-09-11 00:00:00.0" ObKeinKontakt="1" ObjArtID="8" Merkmal="0.0" ObjInfo="230qm/1100qm/1958-1994/Garage/1.100.000DM"/>
  <Objekte ObjID="14607" ObjAufnahme="1999-06-11" ObjLetztKontakt="2001-10-25" ObjStrasseID="6210" ObjHausnummer="Detmoldstraße 14" ObjVorlage="2013-09-11 00:00:00.0" ObKeinKontakt="2" ObjArtID="68" Merkmal="0.0" ObjInfo="21572\Nordblk bis Frühjahr 2001 verm."/>
  <Objekte ObjID="14608" ObjAufnahme="1999-06-12" ObjLetztKontakt="1999-06-12" ObjStrasseID="5938" ObjHausnummer="Bertha-von-Suttner-Platz 11" ObjVorlage="2013-09-11 00:00:00.0" ObKeinKontakt="1" ObjArtID="69" Merkmal="0.0"/>
  <Objekte ObjID="14609" ObjAufnahme="1999-06-13" ObjLetztKontakt="1999-06-13" ObjStrasseID="7172" ObjHausnummer="Kleine Pfahlstraße 1" ObjVorlage="2013-09-11 00:00:00.0" ObKeinKontakt="1" ObjArtID="1" Merkmal="0.0" ObjInfo="H.K.Rompe,Köln, u. M.A.Leineweber, Fuhlrottstraße 95, leinefelde"/>
  <Objekte ObjID="14610" ObjAufnahme="1999-06-16" ObjLetztKontakt="1999-06-16" ObjStrasseID="9594" ObjHausnummer="Lange Straße 25" ObjVorlage="2013-09-11 00:00:00.0" ObKeinKontakt="1" ObjArtID="8" Merkmal="0.0" ObjInfo="170qm/980qm/1962-1982/............./469.000DM"/>
  <Objekte ObjID="14611" ObjAufnahme="1999-06-17" ObjLetztKontakt="1999-06-17" ObjStrasseID="6434" ObjHausnummer="Flüggestraße 13" ObjVorlage="2013-09-11 00:00:00.0" ObKeinKontakt="1" ObjArtID="105" Merkmal="0.0"/>
  <Objekte ObjID="14612" ObjAufnahme="1999-06-18" ObjLetztKontakt="1999-06-18" ObjStrasseID="5983" ObjHausnummer="Bischofsholer Damm 90A" ObjVorlage="2013-09-11 00:00:00.0" ObKeinKontakt="1" ObjArtID="8" Merkmal="0.0"/>
  <Objekte ObjID="14613" ObjAufnahme="1999-06-18" ObjLetztKontakt="1999-06-18" ObjStrasseID="5983" ObjHausnummer="Bischofsholer Damm 90" ObjVorlage="2013-09-11 00:00:00.0" ObKeinKontakt="1" ObjArtID="8" Merkmal="0.0"/>
  <Objekte ObjID="14614" ObjAufnahme="1999-06-18" ObjLetztKontakt="1999-06-18" ObjStrasseID="5983" ObjHausnummer="Bischofsholer Damm 88" ObjVorlage="2013-09-11 00:00:00.0" ObKeinKontakt="1" ObjArtID="8" Merkmal="0.0"/>
  <Objekte ObjID="14615" ObjAufnahme="1999-06-18" ObjLetztKontakt="1999-06-18" ObjStrasseID="5983" ObjHausnummer="Bischofsholer Damm 86" ObjVorlage="2013-09-11 00:00:00.0" ObKeinKontakt="1" ObjArtID="8" Merkmal="0.0"/>
  <Objekte ObjID="14616" ObjAufnahme="1999-06-18" ObjLetztKontakt="1999-06-18" ObjStrasseID="5983" ObjHausnummer="Bischofsholer Damm 84" ObjVorlage="2013-09-11 00:00:00.0" ObKeinKontakt="1" ObjArtID="8" Merkmal="0.0"/>
  <Objekte ObjID="14617" ObjAufnahme="1999-06-18" ObjLetztKontakt="1999-06-18" ObjStrasseID="5983" ObjHausnummer="Bischofsholer Damm 82" ObjVorlage="2013-09-11 00:00:00.0" ObKeinKontakt="1" ObjArtID="8" Merkmal="0.0"/>
  <Objekte ObjID="14618" ObjAufnahme="1999-06-18" ObjLetztKontakt="1999-06-18" ObjStrasseID="5983" ObjHausnummer="Bischofsholer Damm 80" ObjVorlage="2013-09-11 00:00:00.0" ObKeinKontakt="1" ObjArtID="8" Merkmal="0.0"/>
  <Objekte ObjID="14619" ObjAufnahme="1999-06-18" ObjLetztKontakt="1999-06-18" ObjStrasseID="5983" ObjHausnummer="Bischofsholer Damm 78" ObjVorlage="2013-09-11 00:00:00.0" ObKeinKontakt="1" ObjArtID="8" Merkmal="0.0"/>
  <Objekte ObjID="14620" ObjAufnahme="1999-06-18" ObjLetztKontakt="1999-06-18" ObjStrasseID="5983" ObjHausnummer="Bischofsholer Damm 76A" ObjVorlage="2013-09-11 00:00:00.0" ObKeinKontakt="1" ObjArtID="8" Merkmal="0.0"/>
  <Objekte ObjID="14621" ObjAufnahme="1999-06-18" ObjLetztKontakt="1999-06-18" ObjStrasseID="5983" ObjHausnummer="Bischofsholer Damm 76" ObjVorlage="2013-09-11 00:00:00.0" ObKeinKontakt="1" ObjArtID="8" Merkmal="0.0"/>
  <Objekte ObjID="14622" ObjAufnahme="1999-06-18" ObjLetztKontakt="1999-06-18" ObjStrasseID="5983" ObjHausnummer="Bischofsholer Damm 74" ObjVorlage="2013-09-11 00:00:00.0" ObKeinKontakt="1" ObjArtID="8" Merkmal="0.0"/>
  <Objekte ObjID="14623" ObjAufnahme="1999-06-18" ObjLetztKontakt="1999-06-18" ObjStrasseID="5983" ObjHausnummer="Bischofsholer Damm 72" ObjVorlage="2013-09-11 00:00:00.0" ObKeinKontakt="1" ObjArtID="8" Merkmal="0.0"/>
  <Objekte ObjID="14624" ObjAufnahme="1999-06-18" ObjLetztKontakt="1999-06-18" ObjStrasseID="5983" ObjHausnummer="Bischofsholer Damm 70" ObjVorlage="2013-09-11 00:00:00.0" ObKeinKontakt="1" ObjArtID="8" Merkmal="0.0"/>
  <Objekte ObjID="14625" ObjAufnahme="1999-06-18" ObjLetztKontakt="1999-06-18" ObjStrasseID="5983" ObjHausnummer="Bischofsholer Damm 68" ObjVorlage="2013-09-11 00:00:00.0" ObKeinKontakt="1" ObjArtID="8" Merkmal="0.0"/>
  <Objekte ObjID="14626" ObjAufnahme="1999-06-18" ObjLetztKontakt="1999-06-18" ObjStrasseID="5983" ObjHausnummer="Bischofsholer Damm 66" ObjVorlage="2013-09-11 00:00:00.0" ObKeinKontakt="1" ObjArtID="8" Merkmal="0.0"/>
  <Objekte ObjID="14627" ObjAufnahme="1999-06-18" ObjLetztKontakt="1999-06-18" ObjStrasseID="5983" ObjHausnummer="Bischofsholer Damm 64" ObjVorlage="2013-09-11 00:00:00.0" ObKeinKontakt="1" ObjArtID="8" Merkmal="0.0"/>
  <Objekte ObjID="14628" ObjAufnahme="1999-06-18" ObjLetztKontakt="1999-06-18" ObjStrasseID="5983" ObjHausnummer="Bischofsholer Damm 62" ObjVorlage="2013-09-11 00:00:00.0" ObKeinKontakt="1" ObjArtID="8" Merkmal="0.0"/>
  <Objekte ObjID="14629" ObjAufnahme="1999-06-18" ObjLetztKontakt="1999-06-18" ObjStrasseID="5983" ObjHausnummer="Bischofsholer Damm 60" ObjVorlage="2013-09-11 00:00:00.0" ObKeinKontakt="1" ObjArtID="8" Merkmal="0.0"/>
  <Objekte ObjID="14630" ObjAufnahme="1999-06-18" ObjLetztKontakt="1999-06-18" ObjStrasseID="5983" ObjHausnummer="Bischofsholer Damm 58" ObjVorlage="2013-09-11 00:00:00.0" ObKeinKontakt="1" ObjArtID="8" Merkmal="0.0"/>
  <Objekte ObjID="14631" ObjAufnahme="1999-06-18" ObjLetztKontakt="1999-06-18" ObjStrasseID="5983" ObjHausnummer="Bischofsholer Damm 56" ObjVorlage="2013-09-11 00:00:00.0" ObKeinKontakt="1" ObjArtID="8" Merkmal="0.0"/>
  <Objekte ObjID="14632" ObjAufnahme="1999-06-18" ObjLetztKontakt="1999-06-18" ObjStrasseID="5983" ObjHausnummer="Bischofsholer Damm 54" ObjVorlage="2013-09-11 00:00:00.0" ObKeinKontakt="1" ObjArtID="8" Merkmal="0.0"/>
  <Objekte ObjID="14633" ObjAufnahme="1999-06-18" ObjLetztKontakt="1999-06-18" ObjStrasseID="5983" ObjHausnummer="Bischofsholer Damm 52" ObjVorlage="2013-09-11 00:00:00.0" ObKeinKontakt="1" ObjArtID="8" Merkmal="0.0"/>
  <Objekte ObjID="14634" ObjAufnahme="1999-06-18" ObjLetztKontakt="1999-06-18" ObjStrasseID="5983" ObjHausnummer="Bischofsholer Damm 50" ObjVorlage="2013-09-11 00:00:00.0" ObKeinKontakt="1" ObjArtID="8" Merkmal="0.0"/>
  <Objekte ObjID="14635" ObjAufnahme="1999-06-18" ObjLetztKontakt="1999-06-18" ObjStrasseID="5983" ObjHausnummer="Bischofsholer Damm 48" ObjVorlage="2013-09-11 00:00:00.0" ObKeinKontakt="1" ObjArtID="8" Merkmal="0.0"/>
  <Objekte ObjID="14636" ObjAufnahme="1999-06-18" ObjLetztKontakt="1999-06-18" ObjStrasseID="3691" ObjHausnummer="Hauptstraße 30" ObjVorlage="2013-09-11 00:00:00.0" ObKeinKontakt="1" ObjArtID="8" Merkmal="0.0" ObjInfo="264qm/3000+18.000qm/1635-1826-1974/Carport/1.500.000,-- DM"/>
  <Objekte ObjID="14637" ObjAufnahme="1999-06-20" ObjLetztKontakt="1999-06-20" ObjStrasseID="8240" ObjHausnummer="Spitzwegwinkel 3" ObjVorlage="2013-09-11 00:00:00.0" ObKeinKontakt="1" ObjArtID="1" Merkmal="0.0"/>
  <Objekte ObjID="14638" ObjAufnahme="1999-06-20" ObjLetztKontakt="1999-06-20" ObjStrasseID="8240" ObjHausnummer="Spitzwegwinkel 5" ObjVorlage="2013-09-11 00:00:00.0" ObKeinKontakt="1" ObjArtID="1" Merkmal="0.0"/>
  <Objekte ObjID="14639" ObjAufnahme="1999-06-20" ObjLetztKontakt="1999-06-20" ObjStrasseID="8550" ObjHausnummer="Weidemannweg 1" ObjVorlage="2013-09-11 00:00:00.0" ObKeinKontakt="1" ObjArtID="1" Merkmal="0.0"/>
  <Objekte ObjID="14640" ObjAufnahme="1999-06-20" ObjLetztKontakt="1999-06-20" ObjStrasseID="8550" ObjHausnummer="Weidemannweg 3" ObjVorlage="2013-09-11 00:00:00.0" ObKeinKontakt="1" ObjArtID="1" Merkmal="0.0"/>
  <Objekte ObjID="14641" ObjAufnahme="1999-06-20" ObjLetztKontakt="1999-06-20" ObjStrasseID="8550" ObjHausnummer="Weidemannweg 5" ObjVorlage="2013-09-11 00:00:00.0" ObKeinKontakt="1" ObjArtID="1" Merkmal="0.0"/>
  <Objekte ObjID="14642" ObjAufnahme="1999-06-20" ObjLetztKontakt="1999-06-20" ObjStrasseID="8550" ObjHausnummer="Weidemannweg 7" ObjVorlage="2013-09-11 00:00:00.0" ObKeinKontakt="1" ObjArtID="1" Merkmal="0.0"/>
  <Objekte ObjID="14643" ObjAufnahme="1999-06-20" ObjLetztKontakt="1999-06-20" ObjStrasseID="8550" ObjHausnummer="Weidemannweg 9" ObjVorlage="2013-09-11 00:00:00.0" ObKeinKontakt="1" ObjArtID="1" Merkmal="0.0"/>
  <Objekte ObjID="14644" ObjAufnahme="1999-06-20" ObjLetztKontakt="1999-06-20" ObjStrasseID="8550" ObjHausnummer="Weidemannweg 11" ObjVorlage="2013-09-11 00:00:00.0" ObKeinKontakt="1" ObjArtID="1" Merkmal="0.0"/>
  <Objekte ObjID="14645" ObjAufnahme="1999-06-20" ObjLetztKontakt="1999-06-20" ObjStrasseID="8550" ObjHausnummer="Weidemannweg 13" ObjVorlage="2013-09-11 00:00:00.0" ObKeinKontakt="1" ObjArtID="1" Merkmal="0.0"/>
  <Objekte ObjID="14646" ObjAufnahme="1999-06-20" ObjLetztKontakt="1999-06-20" ObjStrasseID="8550" ObjHausnummer="Weidemannweg 14" ObjVorlage="2013-09-11 00:00:00.0" ObKeinKontakt="1" ObjArtID="1" Merkmal="0.0"/>
  <Objekte ObjID="14647" ObjAufnahme="1999-06-21" ObjLetztKontakt="1999-06-21" ObjStrasseID="9425" ObjHausnummer="Im Eschbruch 6D" ObjVorlage="2013-09-11 00:00:00.0" ObKeinKontakt="1" ObjArtID="21" Merkmal="0.0" ObjInfo="175qm/320qm/1989/Garage/595.000DM"/>
  <Objekte ObjID="14648" ObjAufnahme="1999-06-21" ObjLetztKontakt="1999-06-21" ObjStrasseID="8347" ObjHausnummer="Tegtmeyerallee 1" ObjVorlage="2013-09-11 00:00:00.0" ObKeinKontakt="1" ObjArtID="1" Merkmal="0.0"/>
  <Objekte ObjID="14649" ObjAufnahme="1999-06-21" ObjLetztKontakt="1999-06-21" ObjStrasseID="8347" ObjHausnummer="Tegtmeyerallee 2" ObjVorlage="2013-09-11 00:00:00.0" ObKeinKontakt="1" ObjArtID="1" Merkmal="0.0"/>
  <Objekte ObjID="14650" ObjAufnahme="1999-06-21" ObjLetztKontakt="1999-06-21" ObjStrasseID="8347" ObjHausnummer="Tegtmeyerallee 3" ObjVorlage="2013-09-11 00:00:00.0" ObKeinKontakt="1" ObjArtID="1" Merkmal="0.0"/>
  <Objekte ObjID="14651" ObjAufnahme="1999-06-21" ObjLetztKontakt="1999-06-21" ObjStrasseID="8347" ObjHausnummer="Tegtmeyerallee 4" ObjVorlage="2013-09-11 00:00:00.0" ObKeinKontakt="1" ObjArtID="1" Merkmal="0.0"/>
  <Objekte ObjID="14652" ObjAufnahme="1999-06-21" ObjLetztKontakt="1999-06-21" ObjStrasseID="8347" ObjHausnummer="Tegtmeyerallee 5" ObjVorlage="2013-09-11 00:00:00.0" ObKeinKontakt="1" ObjArtID="177" Merkmal="0.0"/>
  <Objekte ObjID="14653" ObjAufnahme="1999-06-21" ObjLetztKontakt="1999-06-21" ObjStrasseID="8347" ObjHausnummer="Tegtmeyerallee 6" ObjVorlage="2013-09-11 00:00:00.0" ObKeinKontakt="1" ObjArtID="1" Merkmal="0.0"/>
  <Objekte ObjID="14654" ObjAufnahme="1999-06-21" ObjLetztKontakt="1999-06-21" ObjStrasseID="8347" ObjHausnummer="Tegtmeyerallee 7" ObjVorlage="2013-09-11 00:00:00.0" ObKeinKontakt="1" ObjArtID="1" Merkmal="0.0"/>
  <Objekte ObjID="14655" ObjAufnahme="1999-06-21" ObjLetztKontakt="1999-06-21" ObjStrasseID="8347" ObjHausnummer="Tegtmeyerallee 8" ObjVorlage="2013-09-11 00:00:00.0" ObKeinKontakt="1" ObjArtID="1" Merkmal="0.0"/>
  <Objekte ObjID="14656" ObjAufnahme="1999-06-21" ObjLetztKontakt="1999-06-21" ObjStrasseID="8347" ObjHausnummer="Tegtmeyerallee 9" ObjVorlage="2013-09-11 00:00:00.0" ObKeinKontakt="1" ObjArtID="1" Merkmal="0.0"/>
  <Objekte ObjID="14657" ObjAufnahme="1999-06-21" ObjLetztKontakt="1999-06-21" ObjStrasseID="8347" ObjHausnummer="Tegtmeyerallee 10" ObjVorlage="2013-09-11 00:00:00.0" ObKeinKontakt="1" ObjArtID="1" Merkmal="0.0"/>
  <Objekte ObjID="14658" ObjAufnahme="1999-06-21" ObjLetztKontakt="1999-06-21" ObjStrasseID="8347" ObjHausnummer="Tegtmeyerallee 11" ObjVorlage="2013-09-11 00:00:00.0" ObKeinKontakt="1" ObjArtID="1" Merkmal="0.0"/>
  <Objekte ObjID="14659" ObjAufnahme="1999-06-21" ObjLetztKontakt="1999-06-21" ObjStrasseID="8347" ObjHausnummer="Tegtmeyerallee 12" ObjVorlage="2013-09-11 00:00:00.0" ObKeinKontakt="1" ObjArtID="1" Merkmal="0.0"/>
  <Objekte ObjID="14660" ObjAufnahme="1999-06-21" ObjLetztKontakt="1999-06-21" ObjStrasseID="8347" ObjHausnummer="Tegtmeyerallee 13" ObjVorlage="2013-09-11 00:00:00.0" ObKeinKontakt="1" ObjArtID="1" Merkmal="0.0"/>
  <Objekte ObjID="14661" ObjAufnahme="1999-06-21" ObjLetztKontakt="1999-06-21" ObjStrasseID="8347" ObjHausnummer="Tegtmeyerallee 14" ObjVorlage="2013-09-11 00:00:00.0" ObKeinKontakt="1" ObjArtID="1" Merkmal="0.0"/>
  <Objekte ObjID="14662" ObjAufnahme="1999-06-21" ObjLetztKontakt="1999-06-21" ObjStrasseID="8347" ObjHausnummer="Tegtmeyerallee 15" ObjVorlage="2013-09-11 00:00:00.0" ObKeinKontakt="1" ObjArtID="1" Merkmal="0.0"/>
  <Objekte ObjID="14663" ObjAufnahme="1999-06-21" ObjLetztKontakt="1999-06-21" ObjStrasseID="8347" ObjHausnummer="Tegtmeyerallee 16" ObjVorlage="2013-09-11 00:00:00.0" ObKeinKontakt="1" ObjArtID="1" Merkmal="0.0"/>
  <Objekte ObjID="14664" ObjAufnahme="1999-06-21" ObjLetztKontakt="1999-06-21" ObjStrasseID="8347" ObjHausnummer="Tegtmeyerallee 17" ObjVorlage="2013-09-11 00:00:00.0" ObKeinKontakt="1" ObjArtID="1" Merkmal="0.0"/>
  <Objekte ObjID="14665" ObjAufnahme="1999-06-21" ObjLetztKontakt="1999-06-21" ObjStrasseID="8347" ObjHausnummer="Tegtmeyerallee 18" ObjVorlage="2013-09-11 00:00:00.0" ObKeinKontakt="1" ObjArtID="1" Merkmal="0.0"/>
  <Objekte ObjID="14666" ObjAufnahme="1999-06-21" ObjLetztKontakt="1999-06-21" ObjStrasseID="8347" ObjHausnummer="Tegtmeyerallee 19" ObjVorlage="2013-09-11 00:00:00.0" ObKeinKontakt="1" ObjArtID="1" Merkmal="0.0"/>
  <Objekte ObjID="14667" ObjAufnahme="1999-06-21" ObjLetztKontakt="1999-06-21" ObjStrasseID="8347" ObjHausnummer="Tegtmeyerallee 20" ObjVorlage="2013-09-11 00:00:00.0" ObKeinKontakt="1" ObjArtID="1" Merkmal="0.0"/>
  <Objekte ObjID="14668" ObjAufnahme="1999-06-21" ObjLetztKontakt="1999-06-21" ObjStrasseID="8347" ObjHausnummer="Tegtmeyerallee 21" ObjVorlage="2013-09-11 00:00:00.0" ObKeinKontakt="1" ObjArtID="1" Merkmal="0.0"/>
  <Objekte ObjID="14669" ObjAufnahme="1999-06-21" ObjLetztKontakt="1999-06-21" ObjStrasseID="8347" ObjHausnummer="Tegtmeyerallee 22" ObjVorlage="2013-09-11 00:00:00.0" ObKeinKontakt="1" ObjArtID="1" Merkmal="0.0"/>
  <Objekte ObjID="14670" ObjAufnahme="1999-06-21" ObjLetztKontakt="1999-06-21" ObjStrasseID="8347" ObjHausnummer="Tegtmeyerallee 23" ObjVorlage="2013-09-11 00:00:00.0" ObKeinKontakt="1" ObjArtID="1" Merkmal="0.0"/>
  <Objekte ObjID="14671" ObjAufnahme="1999-06-21" ObjLetztKontakt="1999-06-21" ObjStrasseID="8347" ObjHausnummer="Tegtmeyerallee 24" ObjVorlage="2013-09-11 00:00:00.0" ObKeinKontakt="1" ObjArtID="1" Merkmal="0.0"/>
  <Objekte ObjID="14672" ObjAufnahme="1999-06-21" ObjLetztKontakt="1999-06-21" ObjStrasseID="8347" ObjHausnummer="Tegtmeyerallee 25" ObjVorlage="2013-09-11 00:00:00.0" ObKeinKontakt="1" ObjArtID="1" Merkmal="0.0"/>
  <Objekte ObjID="14673" ObjAufnahme="1999-06-21" ObjLetztKontakt="1999-06-21" ObjStrasseID="8347" ObjHausnummer="Tegtmeyerallee 26" ObjVorlage="2013-09-11 00:00:00.0" ObKeinKontakt="1" ObjArtID="1" Merkmal="0.0"/>
  <Objekte ObjID="14674" ObjAufnahme="1999-06-21" ObjLetztKontakt="1999-06-21" ObjStrasseID="8347" ObjHausnummer="Tegtmeyerallee 27" ObjVorlage="2013-09-11 00:00:00.0" ObKeinKontakt="1" ObjArtID="1" Merkmal="0.0"/>
  <Objekte ObjID="14675" ObjAufnahme="1999-06-21" ObjLetztKontakt="1999-06-21" ObjStrasseID="8347" ObjHausnummer="Tegtmeyerallee 28" ObjVorlage="2013-09-11 00:00:00.0" ObKeinKontakt="1" ObjArtID="1" Merkmal="0.0"/>
  <Objekte ObjID="14676" ObjAufnahme="1999-06-23" ObjLetztKontakt="1999-06-23" ObjStrasseID="5938" ObjHausnummer="Bertha-von-Suttner-Platz 11" ObjVorlage="2013-09-11 00:00:00.0" ObKeinKontakt="1" ObjArtID="61" Merkmal="0.0" ObjInfo="36090\"/>
  <Objekte ObjID="14677" ObjAufnahme="1999-06-23" ObjLetztKontakt="1999-06-23" ObjStrasseID="7904" ObjHausnummer="Rischkamp 33F" ObjVorlage="2013-09-11 00:00:00.0" ObKeinKontakt="1" ObjArtID="21" Merkmal="0.0"/>
  <Objekte ObjID="14678" ObjAufnahme="1999-06-29" ObjLetztKontakt="1999-06-29" ObjStrasseID="8606" ObjHausnummer="Wichmannstraße 20" ObjVorlage="2013-09-11 00:00:00.0" ObKeinKontakt="9" ObjArtID="111" Merkmal="0.0" ObjInfo="490155\Terrasse S-W"/>
  <Objekte ObjID="14679" ObjAufnahme="1999-06-29" ObjLetztKontakt="1999-06-29" ObjStrasseID="3518" ObjHausnummer="Fuhlsbütteler Weg 3" ObjVorlage="2013-09-11 00:00:00.0" ObKeinKontakt="1" ObjArtID="167" Merkmal="0.0" ObjInfo="35091\2 Loggien Süd und Nord"/>
  <Objekte ObjID="14680" ObjAufnahme="1999-06-30" ObjLetztKontakt="1999-06-30" ObjStrasseID="7188" ObjHausnummer="Klusmannstraße 15" ObjVorlage="2013-09-11 00:00:00.0" ObKeinKontakt="1" ObjArtID="8" Merkmal="0.0"/>
  <Objekte ObjID="14681" ObjAufnahme="1999-06-30" ObjLetztKontakt="1999-06-30" ObjStrasseID="9643" ObjHausnummer="Kranichstraße 14" ObjVorlage="2013-09-11 00:00:00.0" ObKeinKontakt="1" ObjArtID="8" Merkmal="0.0" ObjInfo="130qm/1200qm/1969/2Garagen/520.000DM"/>
  <Objekte ObjID="14682" ObjAufnahme="1999-07-01" ObjLetztKontakt="1999-07-01" ObjStrasseID="7489" ObjHausnummer="Martinihof 51" ObjVorlage="2013-09-11 00:00:00.0" ObKeinKontakt="1" ObjArtID="21" Merkmal="0.0"/>
  <Objekte ObjID="14683" ObjAufnahme="1999-07-03" ObjLetztKontakt="1999-07-03" ObjStrasseID="7313" ObjHausnummer="Lärchenstraße 2A" ObjVorlage="2013-09-11 00:00:00.0" ObKeinKontakt="1" ObjArtID="1" Merkmal="0.0"/>
  <Objekte ObjID="14684" ObjAufnahme="1999-07-03" ObjLetztKontakt="1999-07-03" ObjStrasseID="7313" ObjHausnummer="Lärchenstraße 12" ObjVorlage="2013-09-11 00:00:00.0" ObKeinKontakt="1" ObjArtID="1" Merkmal="0.0"/>
  <Objekte ObjID="14685" ObjAufnahme="1999-07-03" ObjLetztKontakt="1999-07-03" ObjStrasseID="7313" ObjHausnummer="Lärchenstraße 14" ObjVorlage="2013-09-11 00:00:00.0" ObKeinKontakt="1" ObjArtID="1" Merkmal="0.0"/>
  <Objekte ObjID="14686" ObjAufnahme="1999-07-03" ObjLetztKontakt="1999-07-03" ObjStrasseID="7313" ObjHausnummer="Lärchenstraße 16" ObjVorlage="2013-09-11 00:00:00.0" ObKeinKontakt="1" ObjArtID="1" Merkmal="0.0"/>
  <Objekte ObjID="14687" ObjAufnahme="1999-07-06" ObjLetztKontakt="1999-07-06" ObjStrasseID="3366" ObjHausnummer="Egestorffstraße 11" ObjVorlage="2013-09-11 00:00:00.0" ObKeinKontakt="1" ObjArtID="57" Merkmal="0.0" ObjInfo="290109\"/>
  <Objekte ObjID="14688" ObjAufnahme="1999-07-06" ObjLetztKontakt="1999-07-06" ObjStrasseID="6434" ObjHausnummer="Flüggestraße 13" ObjVorlage="2013-09-11 00:00:00.0" ObKeinKontakt="1" ObjArtID="106" Merkmal="0.0" ObjInfo="350140\Blk Ost"/>
  <Objekte ObjID="14689" ObjAufnahme="1999-07-06" ObjLetztKontakt="1999-07-06" ObjStrasseID="9665" ObjHausnummer="Probsthäger Straße 4" ObjVorlage="2013-09-11 00:00:00.0" ObKeinKontakt="1" ObjArtID="8" Merkmal="0.0"/>
  <Objekte ObjID="14690" ObjAufnahme="1999-07-07" ObjLetztKontakt="1999-07-07" ObjStrasseID="9666" ObjHausnummer="Wagnerweg 7" ObjVorlage="2013-09-11 00:00:00.0" ObKeinKontakt="1" ObjArtID="8" Merkmal="0.0" ObjInfo="145qm/730qm/1993/Carport/650.000DM"/>
  <Objekte ObjID="14691" ObjAufnahme="1999-07-07" ObjLetztKontakt="1999-07-07" ObjStrasseID="9667" ObjHausnummer="Ostertorstraße 26" ObjVorlage="2013-09-11 00:00:00.0" ObKeinKontakt="1" ObjArtID="8" Merkmal="0.0" ObjInfo="103qm/498qm/1975/Garage/549.000DM"/>
  <Objekte ObjID="14692" ObjAufnahme="1999-07-07" ObjLetztKontakt="1999-07-07" ObjStrasseID="6200" ObjHausnummer="Defreggerstraße 23" ObjVorlage="2013-09-11 00:00:00.0" ObKeinKontakt="1" ObjArtID="21" Merkmal="0.0"/>
  <Objekte ObjID="14693" ObjAufnahme="1999-07-07" ObjLetztKontakt="1999-07-08" ObjStrasseID="5724" ObjHausnummer="Am Uhrturm 16" ObjVorlage="2013-09-11 00:00:00.0" ObKeinKontakt="1" ObjArtID="177" Merkmal="0.0"/>
  <Objekte ObjID="14694" ObjAufnahme="1999-07-07" ObjLetztKontakt="1999-07-08" ObjStrasseID="5724" ObjHausnummer="Am Uhrturm 18" ObjVorlage="2013-09-11 00:00:00.0" ObKeinKontakt="1" ObjArtID="177" Merkmal="0.0"/>
  <Objekte ObjID="14695" ObjAufnahme="1999-07-07" ObjLetztKontakt="1999-09-22" ObjStrasseID="5724" ObjHausnummer="Am Uhrturm 20" ObjVorlage="2013-09-11 00:00:00.0" ObKeinKontakt="9" ObjArtID="117" Merkmal="0.0" ObjInfo="26561\S-W Loggia, Grg., Fahrstuhl"/>
  <Objekte ObjID="14696" ObjAufnahme="1999-07-07" ObjLetztKontakt="1999-09-25" ObjStrasseID="5724" ObjHausnummer="Am Uhrturm 22" ObjVorlage="2013-09-11 00:00:00.0" ObKeinKontakt="1" ObjArtID="161" Merkmal="0.0"/>
  <Objekte ObjID="14697" ObjAufnahme="1999-07-07" ObjLetztKontakt="2000-08-30" ObjStrasseID="5724" ObjHausnummer="Am Uhrturm 24" ObjVorlage="2013-09-11 00:00:00.0" ObKeinKontakt="1" ObjArtID="177" Merkmal="0.0" ObjInfo="Herr Greuner hat hier Wohnung, will eventuell verkaufen 0259477419"/>
  <Objekte ObjID="14698" ObjAufnahme="1999-07-07" ObjLetztKontakt="1999-09-25" ObjStrasseID="5724" ObjHausnummer="Am Uhrturm 26" ObjVorlage="2013-09-11 00:00:00.0" ObKeinKontakt="1" ObjArtID="96" Merkmal="0.0"/>
  <Objekte ObjID="14699" ObjAufnahme="1999-07-07" ObjLetztKontakt="1999-09-25" ObjStrasseID="5724" ObjHausnummer="Am Uhrturm 28" ObjVorlage="2013-09-11 00:00:00.0" ObKeinKontakt="9" ObjArtID="104" Merkmal="0.0" ObjInfo="29986\S-Terr., Grg.20000,-"/>
  <Objekte ObjID="14700" ObjAufnahme="1999-07-07" ObjLetztKontakt="1999-07-08" ObjStrasseID="5724" ObjHausnummer="Am Uhrturm 18A" ObjVorlage="2013-09-11 00:00:00.0" ObKeinKontakt="1" ObjArtID="177" Merkmal="0.0"/>
  <Objekte ObjID="14701" ObjAufnahme="1999-07-07" ObjLetztKontakt="1999-07-08" ObjStrasseID="5724" ObjHausnummer="Am Uhrturm 18B" ObjVorlage="2013-09-11 00:00:00.0" ObKeinKontakt="1" ObjArtID="177" Merkmal="0.0"/>
  <Objekte ObjID="14702" ObjAufnahme="1999-07-07" ObjLetztKontakt="1999-07-08" ObjStrasseID="5724" ObjHausnummer="Am Uhrturm 18C" ObjVorlage="2013-09-11 00:00:00.0" ObKeinKontakt="1" ObjArtID="177" Merkmal="0.0"/>
  <Objekte ObjID="14703" ObjAufnahme="1999-07-07" ObjLetztKontakt="1999-07-08" ObjStrasseID="5724" ObjHausnummer="Am Uhrturm 18D" ObjVorlage="2013-09-11 00:00:00.0" ObKeinKontakt="1" ObjArtID="177" Merkmal="0.0"/>
  <Objekte ObjID="14704" ObjAufnahme="1999-07-07" ObjLetztKontakt="1999-09-25" ObjStrasseID="5724" ObjHausnummer="Am Uhrturm 22A" ObjVorlage="2013-09-11 00:00:00.0" ObKeinKontakt="1" ObjArtID="177" Merkmal="0.0"/>
  <Objekte ObjID="14705" ObjAufnahme="1999-07-07" ObjLetztKontakt="1999-09-25" ObjStrasseID="5724" ObjHausnummer="Am Uhrturm 22B" ObjVorlage="2013-09-11 00:00:00.0" ObKeinKontakt="1" ObjArtID="177" Merkmal="0.0"/>
  <Objekte ObjID="14706" ObjAufnahme="1999-07-07" ObjLetztKontakt="1999-09-25" ObjStrasseID="5724" ObjHausnummer="Am Uhrturm 22C" ObjVorlage="2013-09-11 00:00:00.0" ObKeinKontakt="1" ObjArtID="177" Merkmal="0.0"/>
  <Objekte ObjID="14707" ObjAufnahme="1999-07-07" ObjLetztKontakt="1999-09-25" ObjStrasseID="5724" ObjHausnummer="Am Uhrturm 22D" ObjVorlage="2013-09-11 00:00:00.0" ObKeinKontakt="1" ObjArtID="177" Merkmal="0.0"/>
  <Objekte ObjID="14708" ObjAufnahme="1999-07-07" ObjLetztKontakt="1999-09-25" ObjStrasseID="5724" ObjHausnummer="Am Uhrturm 22E" ObjVorlage="2013-09-11 00:00:00.0" ObKeinKontakt="1" ObjArtID="177" Merkmal="0.0"/>
  <Objekte ObjID="14709" ObjAufnahme="1999-07-07" ObjLetztKontakt="1999-09-25" ObjStrasseID="5724" ObjHausnummer="Am Uhrturm 22F" ObjVorlage="2013-09-11 00:00:00.0" ObKeinKontakt="1" ObjArtID="177" Merkmal="0.0"/>
  <Objekte ObjID="14710" ObjAufnahme="1999-07-07" ObjLetztKontakt="1999-09-25" ObjStrasseID="5724" ObjHausnummer="Am Uhrturm 22G" ObjVorlage="2013-09-11 00:00:00.0" ObKeinKontakt="1" ObjArtID="177" Merkmal="0.0"/>
  <Objekte ObjID="14711" ObjAufnahme="1999-07-07" ObjLetztKontakt="1999-09-25" ObjStrasseID="5724" ObjHausnummer="Am Uhrturm 22H" ObjVorlage="2013-09-11 00:00:00.0" ObKeinKontakt="1" ObjArtID="177" Merkmal="0.0"/>
  <Objekte ObjID="14712" ObjAufnahme="1999-07-09" ObjLetztKontakt="1999-08-10" ObjStrasseID="5611" ObjHausnummer="Am Brückenhaus 15" ObjVorlage="2013-09-11 00:00:00.0" ObKeinKontakt="1" ObjArtID="177" Merkmal="0.0"/>
  <Objekte ObjID="14713" ObjAufnahme="1999-07-09" ObjLetztKontakt="1999-07-09" ObjStrasseID="5724" ObjHausnummer="Am Uhrturm 18E" ObjVorlage="2013-09-11 00:00:00.0" ObKeinKontakt="1" ObjArtID="22" Merkmal="0.0"/>
  <Objekte ObjID="14714" ObjAufnahme="1999-07-09" ObjLetztKontakt="2001-10-25" ObjStrasseID="7347" ObjHausnummer="Lemförder Straße 1" ObjVorlage="2013-09-11 00:00:00.0" ObKeinKontakt="9" ObjArtID="63" Merkmal="0.0" ObjInfo="330120\Blk Süd, Stellpl."/>
  <Objekte ObjID="14715" ObjAufnahme="1999-07-09" ObjLetztKontakt="1999-07-09" ObjStrasseID="7347" ObjHausnummer="Lemförder Straße 2" ObjVorlage="2013-09-11 00:00:00.0" ObKeinKontakt="2" ObjArtID="1" Merkmal="0.0"/>
  <Objekte ObjID="14716" ObjAufnahme="1999-07-09" ObjLetztKontakt="1999-07-09" ObjStrasseID="7347" ObjHausnummer="Lemförder Straße 3" ObjVorlage="2013-09-11 00:00:00.0" ObKeinKontakt="2" ObjArtID="1" Merkmal="0.0"/>
  <Objekte ObjID="14717" ObjAufnahme="1999-07-09" ObjLetztKontakt="1999-07-09" ObjStrasseID="7347" ObjHausnummer="Lemförder Straße 4" ObjVorlage="2013-09-11 00:00:00.0" ObKeinKontakt="2" ObjArtID="1" Merkmal="0.0"/>
  <Objekte ObjID="14718" ObjAufnahme="1999-07-09" ObjLetztKontakt="1999-07-09" ObjStrasseID="7347" ObjHausnummer="Lemförder Straße 5" ObjVorlage="2013-09-11 00:00:00.0" ObKeinKontakt="1" ObjArtID="177" Merkmal="0.0"/>
  <Objekte ObjID="14719" ObjAufnahme="1999-07-09" ObjLetztKontakt="1999-07-09" ObjStrasseID="7347" ObjHausnummer="Lemförder Straße 6" ObjVorlage="2013-09-11 00:00:00.0" ObKeinKontakt="1" ObjArtID="1" Merkmal="0.0"/>
  <Objekte ObjID="14720" ObjAufnahme="1999-07-09" ObjLetztKontakt="1999-07-09" ObjStrasseID="7347" ObjHausnummer="Lemförder Straße 9" ObjVorlage="2013-09-11 00:00:00.0" ObKeinKontakt="1" ObjArtID="1" Merkmal="0.0" ObjInfo="Verwalter ; Haus &amp; Grund"/>
  <Objekte ObjID="14721" ObjAufnahme="1999-07-09" ObjLetztKontakt="1999-07-09" ObjStrasseID="7347" ObjHausnummer="Lemförder Straße 8A" ObjVorlage="2013-09-11 00:00:00.0" ObKeinKontakt="2" ObjArtID="200" Merkmal="0.0"/>
  <Objekte ObjID="14722" ObjAufnahme="1999-07-09" ObjLetztKontakt="1999-07-09" ObjStrasseID="7347" ObjHausnummer="Lemförder Straße 10" ObjVorlage="2013-09-11 00:00:00.0" ObKeinKontakt="2" ObjArtID="1" Merkmal="0.0"/>
  <Objekte ObjID="14723" ObjAufnahme="1999-07-09" ObjLetztKontakt="1999-07-09" ObjStrasseID="7347" ObjHausnummer="Lemförder Straße 11" ObjVorlage="2013-09-11 00:00:00.0" ObKeinKontakt="2" ObjArtID="1" Merkmal="0.0"/>
  <Objekte ObjID="14724" ObjAufnahme="1999-07-10" ObjLetztKontakt="1999-07-10" ObjStrasseID="7221" ObjHausnummer="Konkordiastraße 9" ObjVorlage="2013-09-11 00:00:00.0" ObKeinKontakt="1" ObjArtID="15" Merkmal="0.0" ObjInfo="20072\Stuck; Kachelofen"/>
  <Objekte ObjID="14725" ObjAufnahme="1999-07-12" ObjLetztKontakt="1999-07-12" ObjStrasseID="6636" ObjHausnummer="Gretchenstraße 47" ObjVorlage="2013-09-11 00:00:00.0" ObKeinKontakt="1" ObjArtID="110" Merkmal="0.0" ObjInfo="25055\2 Blk"/>
  <Objekte ObjID="14727" ObjAufnahme="1999-07-13" ObjLetztKontakt="1999-07-13" ObjStrasseID="7659" ObjHausnummer="Nußriede 1A" ObjVorlage="2013-09-11 00:00:00.0" ObKeinKontakt="1" ObjArtID="47" Merkmal="0.0" ObjInfo="28086\Südterrasse"/>
  <Objekte ObjID="14728" ObjAufnahme="1999-07-14" ObjLetztKontakt="1999-07-14" ObjStrasseID="6470" ObjHausnummer="Fridastraße 17" ObjVorlage="2013-09-11 00:00:00.0" ObKeinKontakt="1" ObjArtID="167" Merkmal="0.0" ObjInfo="18248\Westbalkon"/>
  <Objekte ObjID="14729" ObjAufnahme="1999-07-14" ObjLetztKontakt="1999-07-14" ObjStrasseID="9690" ObjHausnummer="Fontanestraße 9" ObjVorlage="2013-09-11 00:00:00.0" ObKeinKontakt="1" ObjArtID="8" Merkmal="0.0"/>
  <Objekte ObjID="14730" ObjAufnahme="1999-07-15" ObjLetztKontakt="1999-07-15" ObjStrasseID="6508" ObjHausnummer="Fundstraße 11A" ObjVorlage="2013-09-11 00:00:00.0" ObKeinKontakt="1" ObjArtID="109" Merkmal="0.0" ObjInfo="13338\"/>
  <Objekte ObjID="14731" ObjAufnahme="1999-07-15" ObjLetztKontakt="1999-07-15" ObjStrasseID="6420" ObjHausnummer="Fischerstraße 13" ObjVorlage="2013-09-11 00:00:00.0" ObKeinKontakt="1" ObjArtID="5" Merkmal="0.0" ObjInfo="1400qm/1000qm/1976/........../ca. 5.000.000DM"/>
  <Objekte ObjID="14732" ObjAufnahme="1999-07-16" ObjLetztKontakt="1999-07-16" ObjStrasseID="7043" ObjHausnummer="Jacobsenweg 4" ObjVorlage="2013-09-11 00:00:00.0" ObKeinKontakt="1" ObjArtID="8" Merkmal="0.0" ObjInfo="260qm/600qm/1978-79/Garage/1, 2 Mio. DM"/>
  <Objekte ObjID="14733" ObjAufnahme="1999-07-17" ObjLetztKontakt="1999-07-17" ObjStrasseID="7347" ObjHausnummer="Lemförder Straße 8" ObjVorlage="2013-09-11 00:00:00.0" ObKeinKontakt="2" ObjArtID="1" Merkmal="0.0"/>
  <Objekte ObjID="14734" ObjAufnahme="1999-07-17" ObjLetztKontakt="1999-07-17" ObjStrasseID="6582" ObjHausnummer="Gneiststraße 6" ObjVorlage="2013-09-11 00:00:00.0" ObKeinKontakt="2" ObjArtID="1" Merkmal="0.0"/>
  <Objekte ObjID="14735" ObjAufnahme="1999-07-17" ObjLetztKontakt="1999-07-17" ObjStrasseID="6582" ObjHausnummer="Gneiststraße 1" ObjVorlage="2013-09-11 00:00:00.0" ObKeinKontakt="1" ObjArtID="177" Merkmal="0.0"/>
  <Objekte ObjID="14736" ObjAufnahme="1999-07-17" ObjLetztKontakt="1999-07-17" ObjStrasseID="6582" ObjHausnummer="Gneiststraße 2" ObjVorlage="2013-09-11 00:00:00.0" ObKeinKontakt="1" ObjArtID="177" Merkmal="0.0"/>
  <Objekte ObjID="14737" ObjAufnahme="1999-07-17" ObjLetztKontakt="1999-07-17" ObjStrasseID="6582" ObjHausnummer="Gneiststraße 11" ObjVorlage="2013-09-11 00:00:00.0" ObKeinKontakt="1" ObjArtID="20" Merkmal="0.0" ObjInfo="nicht ermittelt"/>
  <Objekte ObjID="14738" ObjAufnahme="1999-07-17" ObjLetztKontakt="1999-07-17" ObjStrasseID="6582" ObjHausnummer="Gneiststraße 12" ObjVorlage="2013-09-11 00:00:00.0" ObKeinKontakt="1" ObjArtID="1" Merkmal="0.0" ObjInfo="Eigentümerin: Margarete Kaiser ; Tochter von Barbara Kaiser i.Hs.  Tel. 0511/ 8093246"/>
  <Objekte ObjID="14739" ObjAufnahme="1999-07-17" ObjLetztKontakt="1999-07-17" ObjStrasseID="5543" ObjHausnummer="Aegidiendamm 2" ObjVorlage="2013-09-11 00:00:00.0" ObKeinKontakt="1" ObjArtID="1" Merkmal="0.0" ObjInfo="Sozialwohnungen ; wahrscheinlich GBH"/>
  <Objekte ObjID="14740" ObjAufnahme="1999-07-17" ObjLetztKontakt="1999-07-17" ObjStrasseID="5543" ObjHausnummer="Aegidiendamm 3" ObjVorlage="2013-09-11 00:00:00.0" ObKeinKontakt="1" ObjArtID="25" Merkmal="0.0" ObjInfo="nicht ermittelt;  sehr hübsch, aber klein"/>
  <Objekte ObjID="14741" ObjAufnahme="1999-07-17" ObjLetztKontakt="1999-07-17" ObjStrasseID="5543" ObjHausnummer="Aegidiendamm 4" ObjVorlage="2013-09-11 00:00:00.0" ObKeinKontakt="1" ObjArtID="1" Merkmal="0.0" ObjInfo="Sozialwohnungen; wahrscheinlich GBH"/>
  <Objekte ObjID="14742" ObjAufnahme="1999-07-17" ObjLetztKontakt="1999-07-17" ObjStrasseID="5543" ObjHausnummer="Aegidiendamm 5" ObjVorlage="2013-09-11 00:00:00.0" ObKeinKontakt="3" ObjArtID="1" Merkmal="0.0" ObjInfo="Uwe Grothkopf, Tel. 0511/ 8093786 p., 05121/42021 d."/>
  <Objekte ObjID="14743" ObjAufnahme="1999-07-17" ObjLetztKontakt="1999-07-17" ObjStrasseID="5543" ObjHausnummer="Aegidiendamm 8" ObjVorlage="2013-09-11 00:00:00.0" ObKeinKontakt="2" ObjArtID="5" Merkmal="0.0"/>
  <Objekte ObjID="14744" ObjAufnahme="1999-07-17" ObjLetztKontakt="1999-07-17" ObjStrasseID="5543" ObjHausnummer="Aegidiendamm 9" ObjVorlage="2013-09-11 00:00:00.0" ObKeinKontakt="2" ObjArtID="1" Merkmal="0.0" ObjInfo="ehemals: Barbara Casper, Kerstingstr. 17, Tel. 817906; Im Wege der Vorerbfolge auf die Kinder übertragen"/>
  <Objekte ObjID="14745" ObjAufnahme="1999-07-19" ObjLetztKontakt="1999-07-19" ObjStrasseID="6064" ObjHausnummer="Bredenbecker Straße 1" ObjVorlage="2013-09-11 00:00:00.0" ObKeinKontakt="1" ObjArtID="118" Merkmal="0.0" ObjInfo="17582\Balkon SW"/>
  <Objekte ObjID="14746" ObjAufnahme="1999-07-26" ObjLetztKontakt="1999-07-26" ObjStrasseID="9713" ObjHausnummer="Rostocker Straße 33B" ObjVorlage="2013-09-11 00:00:00.0" ObKeinKontakt="1" ObjArtID="8" Merkmal="0.0" ObjInfo="126+69qm/670+42qm/1983/2Garagen+Carport/598.000DM"/>
  <Objekte ObjID="14747" ObjAufnahme="1999-07-26" ObjLetztKontakt="1999-07-26" ObjStrasseID="9716" ObjHausnummer="Ahornallee 1" ObjVorlage="2013-09-11 00:00:00.0" ObKeinKontakt="1" ObjArtID="8" Merkmal="0.0" ObjInfo="135qm/680qm/1999/Stellplatz/385.000DM"/>
  <Objekte ObjID="14748" ObjAufnahme="1999-07-27" ObjLetztKontakt="2001-01-10" ObjStrasseID="9721" ObjHausnummer="Am Lohner Hof 16" ObjVorlage="2013-09-11 00:00:00.0" ObKeinKontakt="1" ObjArtID="38" Merkmal="0.0" ObjInfo="160+160qm/777qm/1998/Doppelgarage/1.280.000DM"/>
  <Objekte ObjID="14749" ObjAufnahme="1999-07-29" ObjLetztKontakt="1999-07-29" ObjStrasseID="6460" ObjHausnummer="Freihorstfeld 7" ObjVorlage="2013-09-11 00:00:00.0" ObKeinKontakt="1" ObjArtID="21" Merkmal="0.0"/>
  <Objekte ObjID="14750" ObjAufnahme="1999-07-30" ObjLetztKontakt="1999-07-30" ObjStrasseID="6534" ObjHausnummer="Geibelstraße 63" ObjVorlage="2013-09-11 00:00:00.0" ObKeinKontakt="1" ObjArtID="25" Merkmal="0.0"/>
  <Objekte ObjID="14751" ObjAufnahme="1999-08-02" ObjLetztKontakt="1999-10-10" ObjStrasseID="6686" ObjHausnummer="Haarstraße 7" ObjVorlage="2013-09-11 00:00:00.0" ObKeinKontakt="1" ObjArtID="181" Merkmal="0.0" ObjInfo="19877\  Nr.2"/>
  <Objekte ObjID="14752" ObjAufnahme="1999-08-02" ObjLetztKontakt="1999-10-10" ObjStrasseID="6686" ObjHausnummer="Haarstraße 7" ObjVorlage="2013-09-11 00:00:00.0" ObKeinKontakt="1" ObjArtID="224" Merkmal="0.0" ObjInfo="18458\Blk  Nr.3"/>
  <Objekte ObjID="14753" ObjAufnahme="1999-08-02" ObjLetztKontakt="1999-10-10" ObjStrasseID="6686" ObjHausnummer="Haarstraße 7" ObjVorlage="2013-09-11 00:00:00.0" ObKeinKontakt="1" ObjArtID="13" Merkmal="0.0" ObjInfo="244741053Blk  Nr.4"/>
  <Objekte ObjID="14754" ObjAufnahme="1999-08-02" ObjLetztKontakt="1999-10-10" ObjStrasseID="6686" ObjHausnummer="Haarstraße 7" ObjVorlage="2013-09-11 00:00:00.0" ObKeinKontakt="1" ObjArtID="75" Merkmal="0.0" ObjInfo="21964\  Nr.5"/>
  <Objekte ObjID="14755" ObjAufnahme="1999-08-02" ObjLetztKontakt="1999-10-10" ObjStrasseID="6686" ObjHausnummer="Haarstraße 7" ObjVorlage="2013-09-11 00:00:00.0" ObKeinKontakt="1" ObjArtID="185" Merkmal="0.0" ObjInfo="23977\  Nr.6"/>
  <Objekte ObjID="14756" ObjAufnahme="1999-08-02" ObjLetztKontakt="1999-10-10" ObjStrasseID="6686" ObjHausnummer="Haarstraße 7" ObjVorlage="2013-09-11 00:00:00.0" ObKeinKontakt="1" ObjArtID="225" Merkmal="0.0" ObjInfo="19858908Blk  Nr.7"/>
  <Objekte ObjID="14757" ObjAufnahme="1999-08-02" ObjLetztKontakt="1999-10-10" ObjStrasseID="6686" ObjHausnummer="Haarstraße 7" ObjVorlage="2013-09-11 00:00:00.0" ObKeinKontakt="1" ObjArtID="61" Merkmal="0.0" ObjInfo="249741170Blk, wird frei,   Nr.8"/>
  <Objekte ObjID="14758" ObjAufnahme="1999-08-02" ObjLetztKontakt="1999-10-10" ObjStrasseID="6686" ObjHausnummer="Haarstraße 7" ObjVorlage="2013-09-11 00:00:00.0" ObKeinKontakt="2" ObjArtID="96" Merkmal="0.0" ObjInfo="18864905\Nr. 9"/>
  <Objekte ObjID="14759" ObjAufnahme="1999-08-02" ObjLetztKontakt="1999-10-10" ObjStrasseID="6686" ObjHausnummer="Haarstraße 7" ObjVorlage="2013-09-11 00:00:00.0" ObKeinKontakt="2" ObjArtID="182" Merkmal="0.0" ObjInfo="210771176  Nr.10"/>
  <Objekte ObjID="14760" ObjAufnahme="1999-08-02" ObjLetztKontakt="1999-10-10" ObjStrasseID="6686" ObjHausnummer="Haarstraße 7" ObjVorlage="2013-09-11 00:00:00.0" ObKeinKontakt="1" ObjArtID="226" Merkmal="0.0" ObjInfo="19858\Blk  Nr.11"/>
  <Objekte ObjID="14761" ObjAufnahme="1999-08-02" ObjLetztKontakt="1999-10-10" ObjStrasseID="6686" ObjHausnummer="Haarstraße 7" ObjVorlage="2013-09-11 00:00:00.0" ObKeinKontakt="1" ObjArtID="227" Merkmal="0.0" ObjInfo="3891081738Blk   Nr.13"/>
  <Objekte ObjID="14762" ObjAufnahme="1999-08-02" ObjLetztKontakt="1999-10-10" ObjStrasseID="6686" ObjHausnummer="Haarstraße 7" ObjVorlage="2013-09-11 00:00:00.0" ObKeinKontakt="1" ObjArtID="82" Merkmal="0.0" ObjInfo="24973Blk  Nr.12"/>
  <Objekte ObjID="14763" ObjAufnahme="1999-08-02" ObjLetztKontakt="1999-10-10" ObjStrasseID="6686" ObjHausnummer="Haarstraße 7" ObjVorlage="2013-09-11 00:00:00.0" ObKeinKontakt="1" ObjArtID="110" Merkmal="0.0" ObjInfo="12047645   Nr. 14 DG"/>
  <Objekte ObjID="14764" ObjAufnahme="1999-08-02" ObjLetztKontakt="1999-10-10" ObjStrasseID="6686" ObjHausnummer="Haarstraße 7" ObjVorlage="2013-09-11 00:00:00.0" ObKeinKontakt="1" ObjArtID="189" Merkmal="0.0" ObjInfo="21461\Blk.  Nr.15"/>
  <Objekte ObjID="14765" ObjAufnahme="1999-08-03" ObjLetztKontakt="1999-08-03" ObjStrasseID="9051" ObjHausnummer="Hoher Eschenweg 8" ObjVorlage="2013-09-11 00:00:00.0" ObKeinKontakt="1" ObjArtID="24" Merkmal="0.0" ObjInfo="100qm/205qm/1992/Carport/459.000DM"/>
  <Objekte ObjID="14766" ObjAufnahme="1999-08-03" ObjLetztKontakt="1999-08-03" ObjStrasseID="6678" ObjHausnummer="Gustav-Adolf-Straße 8" ObjVorlage="2013-09-11 00:00:00.0" ObKeinKontakt="1" ObjArtID="25" Merkmal="0.0"/>
  <Objekte ObjID="14767" ObjAufnahme="1999-08-04" ObjLetztKontakt="1999-08-04" ObjStrasseID="5154" ObjHausnummer="Feldstraße 11" ObjVorlage="2013-09-11 00:00:00.0" ObKeinKontakt="1" ObjArtID="8" Merkmal="0.0" ObjInfo="300+80qm/620qm/1929-1979/Doppelgarage/800.000DM"/>
  <Objekte ObjID="14768" ObjAufnahme="1999-08-05" ObjLetztKontakt="1999-08-05" ObjStrasseID="7889" ObjHausnummer="Richartzstraße 2" ObjVorlage="2013-09-11 00:00:00.0" ObKeinKontakt="1" ObjArtID="5" Merkmal="0.0"/>
  <Objekte ObjID="14769" ObjAufnahme="1999-08-06" ObjLetztKontakt="2000-03-23" ObjStrasseID="7608" ObjHausnummer="Nedderfeldstraße 30" ObjVorlage="2013-09-11 00:00:00.0" ObKeinKontakt="1" ObjArtID="1" Merkmal="0.0"/>
  <Objekte ObjID="14770" ObjAufnahme="1999-08-06" ObjLetztKontakt="1999-08-06" ObjStrasseID="6569" ObjHausnummer="Girlitzpark 54" ObjVorlage="2013-09-11 00:00:00.0" ObKeinKontakt="1" ObjArtID="22" Merkmal="0.0" ObjInfo="115+40qm/262qm/1983/Garage/530.000DM"/>
  <Objekte ObjID="14771" ObjAufnahme="1999-08-07" ObjLetztKontakt="1999-09-27" ObjStrasseID="8609" ObjHausnummer="Wiehbergpark 7" ObjVorlage="2013-09-11 00:00:00.0" ObKeinKontakt="1" ObjArtID="124" Merkmal="0.0"/>
  <Objekte ObjID="14772" ObjAufnahme="1999-08-12" ObjLetztKontakt="1999-08-12" ObjStrasseID="9751" ObjHausnummer="Peiner Straße 42" ObjVorlage="2013-09-11 00:00:00.0" ObKeinKontakt="1" ObjArtID="8" Merkmal="0.0" ObjInfo="203qm/1000-1700qm/1954-66/2Garagen-450.000/620.000DM"/>
  <Objekte ObjID="14773" ObjAufnahme="1999-08-12" ObjLetztKontakt="1999-08-12" ObjStrasseID="7165" ObjHausnummer="Kleestraße 12C" ObjVorlage="2013-09-11 00:00:00.0" ObKeinKontakt="1" ObjArtID="8" Merkmal="0.0" ObjInfo="176qm/400qm/30+x/..........-445.000DM"/>
  <Objekte ObjID="14774" ObjAufnahme="1999-08-12" ObjLetztKontakt="1999-08-12" ObjStrasseID="4626" ObjHausnummer="Schäfer-Struck-Weg 5" ObjVorlage="2013-09-11 00:00:00.0" ObKeinKontakt="1" ObjArtID="21" Merkmal="0.0" ObjInfo="130m²/280m²/1971/Grg./370.000,-- DM"/>
  <Objekte ObjID="14775" ObjAufnahme="1999-08-16" ObjLetztKontakt="1999-08-16" ObjStrasseID="9757" ObjHausnummer="Rotdornweg 10" ObjVorlage="2013-09-11 00:00:00.0" ObKeinKontakt="1" ObjArtID="8" Merkmal="0.0" ObjInfo="142qm/530qm/1992/Garage-729.000DM"/>
  <Objekte ObjID="14776" ObjAufnahme="1999-08-23" ObjLetztKontakt="1999-08-23" ObjStrasseID="3806" ObjHausnummer="Hohes Feld 52" ObjVorlage="2013-09-11 00:00:00.0" ObKeinKontakt="1" ObjArtID="22" Merkmal="0.0" ObjInfo="132qm/216qm/1995/Carport-420.000DM"/>
  <Objekte ObjID="14777" ObjAufnahme="1999-08-24" ObjLetztKontakt="1999-08-24" ObjStrasseID="7771" ObjHausnummer="Pfarrlandplatz 11" ObjVorlage="2013-09-11 00:00:00.0" ObKeinKontakt="1" ObjArtID="1" Merkmal="0.0" ObjInfo="Landeshauptstadt Han"/>
  <Objekte ObjID="14778" ObjAufnahme="1999-08-26" ObjLetztKontakt="1999-08-26" ObjStrasseID="8450" ObjHausnummer="Vahrenwalder Straße 195A" ObjVorlage="2013-09-11 00:00:00.0" ObKeinKontakt="1" ObjArtID="9" Merkmal="0.0"/>
  <Objekte ObjID="14779" ObjAufnahme="1999-08-26" ObjLetztKontakt="1999-08-26" ObjStrasseID="9791" ObjHausnummer="Barbarastraße 4" ObjVorlage="2013-09-11 00:00:00.0" ObKeinKontakt="1" ObjArtID="8" Merkmal="0.0" ObjInfo="210qm/426qm/1994/Garage-590.000DM"/>
  <Objekte ObjID="14780" ObjAufnahme="1999-08-31" ObjLetztKontakt="1999-08-31" ObjStrasseID="3273" ObjHausnummer="Burgwedeler Straße 28B" ObjVorlage="2013-09-11 00:00:00.0" ObKeinKontakt="1" ObjArtID="8" Merkmal="0.0" ObjInfo="165qm/578qm/Doppelgarage-725.000DM"/>
  <Objekte ObjID="14781" ObjAufnahme="1999-08-31" ObjLetztKontakt="1999-12-15" ObjStrasseID="7029" ObjHausnummer="In der Steinbreite 63A" ObjVorlage="2013-09-11 00:00:00.0" ObKeinKontakt="1" ObjArtID="24" Merkmal="0.0" ObjInfo="115qm/400qm/Einstellplatz-349.000,-- DM"/>
  <Objekte ObjID="14782" ObjAufnahme="1999-08-31" ObjLetztKontakt="1999-08-31" ObjStrasseID="9463" ObjHausnummer="Hügelstraße 9" ObjVorlage="2013-09-11 00:00:00.0" ObKeinKontakt="1" ObjArtID="8" Merkmal="0.0" ObjInfo="265qm/1150qm/1968/Doppelgarage-750.000DM"/>
  <Objekte ObjID="14783" ObjAufnahme="1999-09-02" ObjLetztKontakt="1999-09-18" ObjStrasseID="7672" ObjHausnummer="Oesterleystraße 1" ObjVorlage="2013-09-11 00:00:00.0" ObKeinKontakt="1" ObjArtID="231" Merkmal="0.0" ObjInfo="520168\ Dachterrasse"/>
  <Objekte ObjID="14784" ObjAufnahme="1999-09-02" ObjLetztKontakt="1999-09-02" ObjStrasseID="7405" ObjHausnummer="Lister Kirchweg 90" ObjVorlage="2013-09-11 00:00:00.0" ObKeinKontakt="1" ObjArtID="230" Merkmal="0.0" ObjInfo="16856\"/>
  <Objekte ObjID="14785" ObjAufnahme="1999-09-08" ObjLetztKontakt="1999-09-08" ObjStrasseID="9812" ObjHausnummer="Deisterweg 1" ObjVorlage="2013-09-11 00:00:00.0" ObKeinKontakt="1" ObjArtID="8" Merkmal="0.0" ObjInfo="100qm/288qm/1950-51/Garage-370.000DM"/>
  <Objekte ObjID="14786" ObjAufnahme="1999-09-09" ObjLetztKontakt="1999-09-09" ObjStrasseID="9815" ObjHausnummer="Fasanenweg 11" ObjVorlage="2013-09-11 00:00:00.0" ObKeinKontakt="1" ObjArtID="8" Merkmal="0.0" ObjInfo="150+60qm/2300qm/1972-1988/Garage-698.000DM"/>
  <Objekte ObjID="14787" ObjAufnahme="1999-09-09" ObjLetztKontakt="1999-09-09" ObjStrasseID="4357" ObjHausnummer="Normannische Straße 26C" ObjVorlage="2013-09-11 00:00:00.0" ObKeinKontakt="1" ObjArtID="20" Merkmal="0.0" ObjInfo="185qm/470qm/1992/Garage-680 000DM"/>
  <Objekte ObjID="14788" ObjAufnahme="1999-09-09" ObjLetztKontakt="1999-09-09" ObjStrasseID="9816" ObjHausnummer="Bahnhofstraße 10" ObjVorlage="2013-09-11 00:00:00.0" ObKeinKontakt="1" ObjArtID="18" Merkmal="0.0" ObjInfo="360qm/1420qm/1910/2Garagen,2Carports-1.790.000 DM"/>
  <Objekte ObjID="14789" ObjAufnahme="1999-09-09" ObjLetztKontakt="2001-10-26" ObjStrasseID="5942" ObjHausnummer="Bessemerstraße 4" ObjVorlage="2013-09-11 00:00:00.0" ObKeinKontakt="9" ObjArtID="56" Merkmal="0.0" ObjInfo="355140\  Blk."/>
  <Objekte ObjID="14790" ObjAufnahme="1999-09-14" ObjLetztKontakt="1999-09-14" ObjStrasseID="6906" ObjHausnummer="Hohenzollernstraße 41" ObjVorlage="2013-09-11 00:00:00.0" ObKeinKontakt="1" ObjArtID="13" Merkmal="0.0" ObjInfo="35093\  südwestl. Blk vermietet"/>
  <Objekte ObjID="14791" ObjAufnahme="1999-09-20" ObjLetztKontakt="2000-03-30" ObjStrasseID="5724" ObjHausnummer="Am Uhrturm 29" ObjVorlage="2013-09-11 00:00:00.0" ObKeinKontakt="5" ObjArtID="208" Merkmal="0.0"/>
  <Objekte ObjID="14792" ObjAufnahme="1999-09-20" ObjLetztKontakt="1999-09-20" ObjStrasseID="5724" ObjHausnummer="Am Uhrturm 3" ObjVorlage="2013-09-11 00:00:00.0" ObKeinKontakt="1" ObjArtID="177" Merkmal="0.0"/>
  <Objekte ObjID="14793" ObjAufnahme="1999-09-20" ObjLetztKontakt="1999-09-20" ObjStrasseID="5679" ObjHausnummer="Am Lindenhofe 32" ObjVorlage="2013-09-11 00:00:00.0" ObKeinKontakt="1" ObjArtID="69" Merkmal="0.0" ObjInfo="435122\  S-W-Terrasse"/>
  <Objekte ObjID="14794" ObjAufnahme="1999-09-20" ObjLetztKontakt="2001-06-11" ObjStrasseID="5679" ObjHausnummer="Am Lindenhofe 34" ObjVorlage="2013-09-11 00:00:00.0" ObKeinKontakt="9" ObjArtID="97" Merkmal="0.0" ObjInfo="26087\  Loggia S-W TG 15.000-- DM"/>
  <Objekte ObjID="14795" ObjAufnahme="1999-09-20" ObjLetztKontakt="1999-09-20" ObjStrasseID="5679" ObjHausnummer="Am Lindenhofe 36" ObjVorlage="2013-09-11 00:00:00.0" ObKeinKontakt="1" ObjArtID="96" Merkmal="0.0"/>
  <Objekte ObjID="14796" ObjAufnahme="1999-09-20" ObjLetztKontakt="1999-09-20" ObjStrasseID="5679" ObjHausnummer="Am Lindenhofe 38" ObjVorlage="2013-09-11 00:00:00.0" ObKeinKontakt="1" ObjArtID="177" Merkmal="0.0"/>
  <Objekte ObjID="14797" ObjAufnahme="1999-09-21" ObjLetztKontakt="1999-09-21" ObjStrasseID="9848" ObjHausnummer="Am Trendelkamp 9A" ObjVorlage="2013-09-11 00:00:00.0" ObKeinKontakt="1" ObjArtID="22" Merkmal="0.0" ObjInfo="560 m²155 m²420.000,-- DM"/>
  <Objekte ObjID="14798" ObjAufnahme="1999-09-23" ObjLetztKontakt="1999-09-23" ObjStrasseID="4338" ObjHausnummer="Niederrader Allee 39" ObjVorlage="2013-09-11 00:00:00.0" ObKeinKontakt="1" ObjArtID="21" Merkmal="0.0" ObjInfo="215 m²180 m²70 m²625.000,--  Grg.einstellplatz"/>
  <Objekte ObjID="14799" ObjAufnahme="1999-09-23" ObjLetztKontakt="1999-09-23" ObjStrasseID="8220" ObjHausnummer="Spannhagengarten 1" ObjVorlage="2013-09-11 00:00:00.0" ObKeinKontakt="1" ObjArtID="118" Merkmal="0.0"/>
  <Objekte ObjID="14800" ObjAufnahme="1999-09-23" ObjLetztKontakt="1999-09-23" ObjStrasseID="8220" ObjHausnummer="Spannhagengarten 2" ObjVorlage="2013-09-11 00:00:00.0" ObKeinKontakt="1" ObjArtID="201" Merkmal="0.0"/>
  <Objekte ObjID="14801" ObjAufnahme="1999-09-23" ObjLetztKontakt="1999-09-23" ObjStrasseID="8220" ObjHausnummer="Spannhagengarten 3" ObjVorlage="2013-09-11 00:00:00.0" ObKeinKontakt="1" ObjArtID="14" Merkmal="0.0" ObjInfo="26594\Blk. W"/>
  <Objekte ObjID="14802" ObjAufnahme="1999-09-23" ObjLetztKontakt="1999-09-23" ObjStrasseID="8220" ObjHausnummer="Spannhagengarten 4" ObjVorlage="2013-09-11 00:00:00.0" ObKeinKontakt="1" ObjArtID="177" Merkmal="0.0"/>
  <Objekte ObjID="14803" ObjAufnahme="1999-09-23" ObjLetztKontakt="1999-09-25" ObjStrasseID="8609" ObjHausnummer="Wiehbergpark 4" ObjVorlage="2013-09-11 00:00:00.0" ObKeinKontakt="1" ObjArtID="1" Merkmal="0.0"/>
  <Objekte ObjID="14804" ObjAufnahme="1999-09-23" ObjLetztKontakt="1999-09-25" ObjStrasseID="8609" ObjHausnummer="Wiehbergpark 5" ObjVorlage="2013-09-11 00:00:00.0" ObKeinKontakt="1" ObjArtID="1" Merkmal="0.0"/>
  <Objekte ObjID="14805" ObjAufnahme="1999-09-23" ObjLetztKontakt="1999-09-23" ObjStrasseID="8609" ObjHausnummer="Wiehbergpark 2" ObjVorlage="2013-09-11 00:00:00.0" ObKeinKontakt="1" ObjArtID="1" Merkmal="0.0"/>
  <Objekte ObjID="14806" ObjAufnahme="1999-09-23" ObjLetztKontakt="1999-09-23" ObjStrasseID="8609" ObjHausnummer="Wiehbergpark 3" ObjVorlage="2013-09-11 00:00:00.0" ObKeinKontakt="1" ObjArtID="1" Merkmal="0.0"/>
  <Objekte ObjID="14807" ObjAufnahme="1999-09-23" ObjLetztKontakt="1999-09-25" ObjStrasseID="8609" ObjHausnummer="Wiehbergpark 6" ObjVorlage="2013-09-11 00:00:00.0" ObKeinKontakt="1" ObjArtID="1" Merkmal="0.0"/>
  <Objekte ObjID="14808" ObjAufnahme="1999-09-23" ObjLetztKontakt="1999-10-29" ObjStrasseID="8609" ObjHausnummer="Wiehbergpark 8" ObjVorlage="2013-09-11 00:00:00.0" ObKeinKontakt="1" ObjArtID="124" Merkmal="0.0"/>
  <Objekte ObjID="14809" ObjAufnahme="1999-09-23" ObjLetztKontakt="1999-10-29" ObjStrasseID="8609" ObjHausnummer="Wiehbergpark 9" ObjVorlage="2013-09-11 00:00:00.0" ObKeinKontakt="1" ObjArtID="124" Merkmal="0.0"/>
  <Objekte ObjID="14810" ObjAufnahme="1999-09-23" ObjLetztKontakt="1999-10-29" ObjStrasseID="8609" ObjHausnummer="Wiehbergpark 10" ObjVorlage="2013-09-11 00:00:00.0" ObKeinKontakt="1" ObjArtID="124" Merkmal="0.0"/>
  <Objekte ObjID="14811" ObjAufnahme="1999-09-23" ObjLetztKontakt="1999-10-29" ObjStrasseID="8609" ObjHausnummer="Wiehbergpark 11" ObjVorlage="2013-09-11 00:00:00.0" ObKeinKontakt="1" ObjArtID="124" Merkmal="0.0"/>
  <Objekte ObjID="14812" ObjAufnahme="1999-09-23" ObjLetztKontakt="1999-10-29" ObjStrasseID="8609" ObjHausnummer="Wiehbergpark 12" ObjVorlage="2013-09-11 00:00:00.0" ObKeinKontakt="1" ObjArtID="124" Merkmal="0.0"/>
  <Objekte ObjID="14813" ObjAufnahme="1999-09-23" ObjLetztKontakt="1999-10-29" ObjStrasseID="6381" ObjHausnummer="Essener Straße 2A" ObjVorlage="2013-09-11 00:00:00.0" ObKeinKontakt="1" ObjArtID="1" Merkmal="0.0"/>
  <Objekte ObjID="14814" ObjAufnahme="1999-09-23" ObjLetztKontakt="1999-10-29" ObjStrasseID="6381" ObjHausnummer="Essener Straße 2" ObjVorlage="2013-09-11 00:00:00.0" ObKeinKontakt="1" ObjArtID="1" Merkmal="0.0"/>
  <Objekte ObjID="14815" ObjAufnahme="1999-09-23" ObjLetztKontakt="1999-10-29" ObjStrasseID="6381" ObjHausnummer="Essener Straße 4" ObjVorlage="2013-09-11 00:00:00.0" ObKeinKontakt="1" ObjArtID="1" Merkmal="0.0"/>
  <Objekte ObjID="14816" ObjAufnahme="1999-09-23" ObjLetztKontakt="1999-09-23" ObjStrasseID="6334" ObjHausnummer="Elkartallee 1" ObjVorlage="2013-09-11 00:00:00.0" ObKeinKontakt="1" ObjArtID="119" Merkmal="0.0"/>
  <Objekte ObjID="14817" ObjAufnahme="1999-09-23" ObjLetztKontakt="1999-09-23" ObjStrasseID="6334" ObjHausnummer="Elkartallee 3" ObjVorlage="2013-09-11 00:00:00.0" ObKeinKontakt="1" ObjArtID="1" Merkmal="0.0"/>
  <Objekte ObjID="14818" ObjAufnahme="1999-09-23" ObjLetztKontakt="1999-09-23" ObjStrasseID="6334" ObjHausnummer="Elkartallee 5" ObjVorlage="2013-09-11 00:00:00.0" ObKeinKontakt="1" ObjArtID="1" Merkmal="0.0"/>
  <Objekte ObjID="14819" ObjAufnahme="1999-09-23" ObjLetztKontakt="1999-09-23" ObjStrasseID="6334" ObjHausnummer="Elkartallee 7" ObjVorlage="2013-09-11 00:00:00.0" ObKeinKontakt="1" ObjArtID="1" Merkmal="0.0"/>
  <Objekte ObjID="14820" ObjAufnahme="1999-09-23" ObjLetztKontakt="1999-09-23" ObjStrasseID="6334" ObjHausnummer="Elkartallee 9" ObjVorlage="2013-09-11 00:00:00.0" ObKeinKontakt="1" ObjArtID="1" Merkmal="0.0"/>
  <Objekte ObjID="14821" ObjAufnahme="1999-09-23" ObjLetztKontakt="1999-09-23" ObjStrasseID="6334" ObjHausnummer="Elkartallee 11" ObjVorlage="2013-09-11 00:00:00.0" ObKeinKontakt="1" ObjArtID="1" Merkmal="0.0"/>
  <Objekte ObjID="14822" ObjAufnahme="1999-09-23" ObjLetztKontakt="1999-09-23" ObjStrasseID="6334" ObjHausnummer="Elkartallee 13" ObjVorlage="2013-09-11 00:00:00.0" ObKeinKontakt="1" ObjArtID="1" Merkmal="0.0"/>
  <Objekte ObjID="14823" ObjAufnahme="1999-09-23" ObjLetztKontakt="1999-09-23" ObjStrasseID="6334" ObjHausnummer="Elkartallee 17" ObjVorlage="2013-09-11 00:00:00.0" ObKeinKontakt="1" ObjArtID="1" Merkmal="0.0"/>
  <Objekte ObjID="14824" ObjAufnahme="1999-09-23" ObjLetztKontakt="1999-09-23" ObjStrasseID="6334" ObjHausnummer="Elkartallee 19" ObjVorlage="2013-09-11 00:00:00.0" ObKeinKontakt="1" ObjArtID="1" Merkmal="0.0"/>
  <Objekte ObjID="14825" ObjAufnahme="1999-09-23" ObjLetztKontakt="1999-09-23" ObjStrasseID="6334" ObjHausnummer="Elkartallee 21" ObjVorlage="2013-09-11 00:00:00.0" ObKeinKontakt="1" ObjArtID="1" Merkmal="0.0"/>
  <Objekte ObjID="14826" ObjAufnahme="1999-09-23" ObjLetztKontakt="1999-09-23" ObjStrasseID="6334" ObjHausnummer="Elkartallee 23" ObjVorlage="2013-09-11 00:00:00.0" ObKeinKontakt="1" ObjArtID="1" Merkmal="0.0"/>
  <Objekte ObjID="14827" ObjAufnahme="1999-09-23" ObjLetztKontakt="1999-09-23" ObjStrasseID="6334" ObjHausnummer="Elkartallee 25" ObjVorlage="2013-09-11 00:00:00.0" ObKeinKontakt="1" ObjArtID="1" Merkmal="0.0"/>
  <Objekte ObjID="14828" ObjAufnahme="1999-09-23" ObjLetztKontakt="1999-10-29" ObjStrasseID="5780" ObjHausnummer="An der Tiefenriede 54" ObjVorlage="2013-09-11 00:00:00.0" ObKeinKontakt="1" ObjArtID="1" Merkmal="0.0"/>
  <Objekte ObjID="14829" ObjAufnahme="1999-09-23" ObjLetztKontakt="1999-09-23" ObjStrasseID="5780" ObjHausnummer="An der Tiefenriede 52" ObjVorlage="2013-09-11 00:00:00.0" ObKeinKontakt="1" ObjArtID="1" Merkmal="0.0"/>
  <Objekte ObjID="14830" ObjAufnahme="1999-09-23" ObjLetztKontakt="1999-09-23" ObjStrasseID="5780" ObjHausnummer="An der Tiefenriede 50" ObjVorlage="2013-09-11 00:00:00.0" ObKeinKontakt="1" ObjArtID="1" Merkmal="0.0"/>
  <Objekte ObjID="14831" ObjAufnahme="1999-09-23" ObjLetztKontakt="1999-09-23" ObjStrasseID="5780" ObjHausnummer="An der Tiefenriede 48" ObjVorlage="2013-09-11 00:00:00.0" ObKeinKontakt="1" ObjArtID="1" Merkmal="0.0"/>
  <Objekte ObjID="14832" ObjAufnahme="1999-09-23" ObjLetztKontakt="1999-09-23" ObjStrasseID="5780" ObjHausnummer="An der Tiefenriede 46" ObjVorlage="2013-09-11 00:00:00.0" ObKeinKontakt="1" ObjArtID="1" Merkmal="0.0"/>
  <Objekte ObjID="14833" ObjAufnahme="1999-09-23" ObjLetztKontakt="1999-09-23" ObjStrasseID="5780" ObjHausnummer="An der Tiefenriede 42" ObjVorlage="2013-09-11 00:00:00.0" ObKeinKontakt="1" ObjArtID="1" Merkmal="0.0"/>
  <Objekte ObjID="14834" ObjAufnahme="1999-09-23" ObjLetztKontakt="1999-09-23" ObjStrasseID="5780" ObjHausnummer="An der Tiefenriede 40" ObjVorlage="2013-09-11 00:00:00.0" ObKeinKontakt="1" ObjArtID="1" Merkmal="0.0"/>
  <Objekte ObjID="14835" ObjAufnahme="1999-09-23" ObjLetztKontakt="1999-09-23" ObjStrasseID="5780" ObjHausnummer="An der Tiefenriede 38" ObjVorlage="2013-09-11 00:00:00.0" ObKeinKontakt="1" ObjArtID="1" Merkmal="0.0"/>
  <Objekte ObjID="14836" ObjAufnahme="1999-09-23" ObjLetztKontakt="1999-09-23" ObjStrasseID="5780" ObjHausnummer="An der Tiefenriede 36" ObjVorlage="2013-09-11 00:00:00.0" ObKeinKontakt="1" ObjArtID="1" Merkmal="0.0"/>
  <Objekte ObjID="14837" ObjAufnahme="1999-09-23" ObjLetztKontakt="1999-09-23" ObjStrasseID="5780" ObjHausnummer="An der Tiefenriede 34" ObjVorlage="2013-09-11 00:00:00.0" ObKeinKontakt="1" ObjArtID="1" Merkmal="0.0"/>
  <Objekte ObjID="14838" ObjAufnahme="1999-09-23" ObjLetztKontakt="1999-09-23" ObjStrasseID="5780" ObjHausnummer="An der Tiefenriede 33" ObjVorlage="2013-09-11 00:00:00.0" ObKeinKontakt="1" ObjArtID="1" Merkmal="0.0"/>
  <Objekte ObjID="14839" ObjAufnahme="1999-09-23" ObjLetztKontakt="1999-09-23" ObjStrasseID="5780" ObjHausnummer="An der Tiefenriede 37" ObjVorlage="2013-09-11 00:00:00.0" ObKeinKontakt="1" ObjArtID="1" Merkmal="0.0"/>
  <Objekte ObjID="14840" ObjAufnahme="1999-09-23" ObjLetztKontakt="1999-09-23" ObjStrasseID="5780" ObjHausnummer="An der Tiefenriede 41" ObjVorlage="2013-09-11 00:00:00.0" ObKeinKontakt="1" ObjArtID="1" Merkmal="0.0"/>
  <Objekte ObjID="14841" ObjAufnahme="1999-09-23" ObjLetztKontakt="1999-09-23" ObjStrasseID="5780" ObjHausnummer="An der Tiefenriede 43" ObjVorlage="2013-09-11 00:00:00.0" ObKeinKontakt="1" ObjArtID="1" Merkmal="0.0"/>
  <Objekte ObjID="14842" ObjAufnahme="1999-09-23" ObjLetztKontakt="1999-09-23" ObjStrasseID="5780" ObjHausnummer="An der Tiefenriede 45" ObjVorlage="2013-09-11 00:00:00.0" ObKeinKontakt="1" ObjArtID="1" Merkmal="0.0"/>
  <Objekte ObjID="14843" ObjAufnahme="1999-09-23" ObjLetztKontakt="1999-09-23" ObjStrasseID="5780" ObjHausnummer="An der Tiefenriede 47" ObjVorlage="2013-09-11 00:00:00.0" ObKeinKontakt="1" ObjArtID="1" Merkmal="0.0"/>
  <Objekte ObjID="14844" ObjAufnahme="1999-09-23" ObjLetztKontakt="1999-09-23" ObjStrasseID="5745" ObjHausnummer="An den Maschwiesen 1" ObjVorlage="2013-09-11 00:00:00.0" ObKeinKontakt="1" ObjArtID="1" Merkmal="0.0"/>
  <Objekte ObjID="14845" ObjAufnahme="1999-09-23" ObjLetztKontakt="1999-09-23" ObjStrasseID="5745" ObjHausnummer="An den Maschwiesen 3" ObjVorlage="2013-09-11 00:00:00.0" ObKeinKontakt="1" ObjArtID="1" Merkmal="0.0"/>
  <Objekte ObjID="14846" ObjAufnahme="1999-09-24" ObjLetztKontakt="1999-09-24" ObjStrasseID="8804" ObjHausnummer="Hinter dem Dorfe 12" ObjVorlage="2013-09-11 00:00:00.0" ObKeinKontakt="1" ObjArtID="233" Merkmal="0.0" ObjInfo="2014 m²200 m²850.000,-- DM + Gewerbefl."/>
  <Objekte ObjID="14847" ObjAufnahme="1999-09-24" ObjLetztKontakt="1999-09-24" ObjStrasseID="9855" ObjHausnummer="Alte Hannöversche Straße 2" ObjVorlage="2013-09-11 00:00:00.0" ObKeinKontakt="1" ObjArtID="18" Merkmal="0.0" ObjInfo="658 m²6600 m²19002 Carp.1.595.000,-- DMTennisplatz + Park"/>
  <Objekte ObjID="14848" ObjAufnahme="1999-09-25" ObjLetztKontakt="1999-09-25" ObjStrasseID="5780" ObjHausnummer="An der Tiefenriede 23" ObjVorlage="2013-09-11 00:00:00.0" ObKeinKontakt="1" ObjArtID="1" Merkmal="0.0"/>
  <Objekte ObjID="14849" ObjAufnahme="1999-09-25" ObjLetztKontakt="1999-09-25" ObjStrasseID="5780" ObjHausnummer="An der Tiefenriede 25" ObjVorlage="2013-09-11 00:00:00.0" ObKeinKontakt="1" ObjArtID="1" Merkmal="0.0"/>
  <Objekte ObjID="14850" ObjAufnahme="1999-09-25" ObjLetztKontakt="1999-09-25" ObjStrasseID="6801" ObjHausnummer="Heinrich-Heine-Straße 2" ObjVorlage="2013-09-11 00:00:00.0" ObKeinKontakt="1" ObjArtID="118" Merkmal="0.0"/>
  <Objekte ObjID="14851" ObjAufnahme="1999-09-25" ObjLetztKontakt="1999-09-25" ObjStrasseID="6801" ObjHausnummer="Heinrich-Heine-Straße 4" ObjVorlage="2013-09-11 00:00:00.0" ObKeinKontakt="1" ObjArtID="200" Merkmal="0.0"/>
  <Objekte ObjID="14852" ObjAufnahme="1999-09-25" ObjLetztKontakt="1999-09-25" ObjStrasseID="6801" ObjHausnummer="Heinrich-Heine-Straße 6" ObjVorlage="2013-09-11 00:00:00.0" ObKeinKontakt="1" ObjArtID="1" Merkmal="0.0"/>
  <Objekte ObjID="14853" ObjAufnahme="1999-09-25" ObjLetztKontakt="1999-09-25" ObjStrasseID="6801" ObjHausnummer="Heinrich-Heine-Straße 9" ObjVorlage="2013-09-11 00:00:00.0" ObKeinKontakt="1" ObjArtID="1" Merkmal="0.0"/>
  <Objekte ObjID="14854" ObjAufnahme="1999-09-25" ObjLetztKontakt="1999-09-25" ObjStrasseID="6801" ObjHausnummer="Heinrich-Heine-Straße 11" ObjVorlage="2013-09-11 00:00:00.0" ObKeinKontakt="1" ObjArtID="1" Merkmal="0.0"/>
  <Objekte ObjID="14855" ObjAufnahme="1999-09-25" ObjLetztKontakt="1999-09-25" ObjStrasseID="6801" ObjHausnummer="Heinrich-Heine-Straße 8" ObjVorlage="2013-09-11 00:00:00.0" ObKeinKontakt="1" ObjArtID="1" Merkmal="0.0"/>
  <Objekte ObjID="14856" ObjAufnahme="1999-09-25" ObjLetztKontakt="1999-09-25" ObjStrasseID="7518" ObjHausnummer="Mendelssohnstraße 31" ObjVorlage="2013-09-11 00:00:00.0" ObKeinKontakt="1" ObjArtID="1" Merkmal="0.0"/>
  <Objekte ObjID="14857" ObjAufnahme="1999-09-25" ObjLetztKontakt="1999-09-25" ObjStrasseID="6801" ObjHausnummer="Heinrich-Heine-Straße 10" ObjVorlage="2013-09-11 00:00:00.0" ObKeinKontakt="1" ObjArtID="1" Merkmal="0.0"/>
  <Objekte ObjID="14858" ObjAufnahme="1999-09-25" ObjLetztKontakt="1999-09-25" ObjStrasseID="6801" ObjHausnummer="Heinrich-Heine-Straße 12" ObjVorlage="2013-09-11 00:00:00.0" ObKeinKontakt="1" ObjArtID="1" Merkmal="0.0"/>
  <Objekte ObjID="14859" ObjAufnahme="1999-09-25" ObjLetztKontakt="1999-10-29" ObjStrasseID="5780" ObjHausnummer="An der Tiefenriede 49" ObjVorlage="2013-09-11 00:00:00.0" ObKeinKontakt="1" ObjArtID="1" Merkmal="0.0"/>
  <Objekte ObjID="14860" ObjAufnahme="1999-09-25" ObjLetztKontakt="1999-10-29" ObjStrasseID="5780" ObjHausnummer="An der Tiefenriede 53" ObjVorlage="2013-09-11 00:00:00.0" ObKeinKontakt="1" ObjArtID="1" Merkmal="0.0"/>
  <Objekte ObjID="14861" ObjAufnahme="1999-09-25" ObjLetztKontakt="1999-10-29" ObjStrasseID="5780" ObjHausnummer="An der Tiefenriede 57" ObjVorlage="2013-09-11 00:00:00.0" ObKeinKontakt="1" ObjArtID="1" Merkmal="0.0"/>
  <Objekte ObjID="14862" ObjAufnahme="1999-09-25" ObjLetztKontakt="1999-09-25" ObjStrasseID="5780" ObjHausnummer="An der Tiefenriede 32" ObjVorlage="2013-09-11 00:00:00.0" ObKeinKontakt="1" ObjArtID="1" Merkmal="0.0"/>
  <Objekte ObjID="14863" ObjAufnahme="1999-09-25" ObjLetztKontakt="1999-09-25" ObjStrasseID="5780" ObjHausnummer="An der Tiefenriede 30" ObjVorlage="2013-09-11 00:00:00.0" ObKeinKontakt="1" ObjArtID="1" Merkmal="0.0"/>
  <Objekte ObjID="14864" ObjAufnahme="1999-09-25" ObjLetztKontakt="1999-09-25" ObjStrasseID="5780" ObjHausnummer="An der Tiefenriede 28" ObjVorlage="2013-09-11 00:00:00.0" ObKeinKontakt="1" ObjArtID="1" Merkmal="0.0"/>
  <Objekte ObjID="14865" ObjAufnahme="1999-09-25" ObjLetztKontakt="1999-09-25" ObjStrasseID="5780" ObjHausnummer="An der Tiefenriede 26" ObjVorlage="2013-09-11 00:00:00.0" ObKeinKontakt="1" ObjArtID="1" Merkmal="0.0"/>
  <Objekte ObjID="14866" ObjAufnahme="1999-09-25" ObjLetztKontakt="1999-09-25" ObjStrasseID="5780" ObjHausnummer="An der Tiefenriede 24" ObjVorlage="2013-09-11 00:00:00.0" ObKeinKontakt="1" ObjArtID="1" Merkmal="0.0"/>
  <Objekte ObjID="14867" ObjAufnahme="1999-09-25" ObjLetztKontakt="1999-09-25" ObjStrasseID="5780" ObjHausnummer="An der Tiefenriede 22" ObjVorlage="2013-09-11 00:00:00.0" ObKeinKontakt="1" ObjArtID="1" Merkmal="0.0"/>
  <Objekte ObjID="14868" ObjAufnahme="1999-09-25" ObjLetztKontakt="1999-09-25" ObjStrasseID="5780" ObjHausnummer="An der Tiefenriede 20" ObjVorlage="2013-09-11 00:00:00.0" ObKeinKontakt="1" ObjArtID="1" Merkmal="0.0"/>
  <Objekte ObjID="14869" ObjAufnahme="1999-09-25" ObjLetztKontakt="1999-09-25" ObjStrasseID="5780" ObjHausnummer="An der Tiefenriede 18" ObjVorlage="2013-09-11 00:00:00.0" ObKeinKontakt="1" ObjArtID="1" Merkmal="0.0"/>
  <Objekte ObjID="14870" ObjAufnahme="1999-09-25" ObjLetztKontakt="1999-09-25" ObjStrasseID="5780" ObjHausnummer="An der Tiefenriede 16" ObjVorlage="2013-09-11 00:00:00.0" ObKeinKontakt="1" ObjArtID="1" Merkmal="0.0"/>
  <Objekte ObjID="14871" ObjAufnahme="1999-09-25" ObjLetztKontakt="1999-09-25" ObjStrasseID="5780" ObjHausnummer="An der Tiefenriede 14" ObjVorlage="2013-09-11 00:00:00.0" ObKeinKontakt="1" ObjArtID="1" Merkmal="0.0"/>
  <Objekte ObjID="14872" ObjAufnahme="1999-09-25" ObjLetztKontakt="1999-09-25" ObjStrasseID="5780" ObjHausnummer="An der Tiefenriede 12" ObjVorlage="2013-09-11 00:00:00.0" ObKeinKontakt="1" ObjArtID="1" Merkmal="0.0"/>
  <Objekte ObjID="14873" ObjAufnahme="1999-09-25" ObjLetztKontakt="1999-09-25" ObjStrasseID="5780" ObjHausnummer="An der Tiefenriede 10" ObjVorlage="2013-09-11 00:00:00.0" ObKeinKontakt="1" ObjArtID="1" Merkmal="0.0"/>
  <Objekte ObjID="14874" ObjAufnahme="1999-09-25" ObjLetztKontakt="1999-09-25" ObjStrasseID="5780" ObjHausnummer="An der Tiefenriede 8" ObjVorlage="2013-09-11 00:00:00.0" ObKeinKontakt="1" ObjArtID="1" Merkmal="0.0"/>
  <Objekte ObjID="14875" ObjAufnahme="1999-09-25" ObjLetztKontakt="1999-09-25" ObjStrasseID="5780" ObjHausnummer="An der Tiefenriede 6" ObjVorlage="2013-09-11 00:00:00.0" ObKeinKontakt="1" ObjArtID="1" Merkmal="0.0"/>
  <Objekte ObjID="14876" ObjAufnahme="1999-09-25" ObjLetztKontakt="1999-09-25" ObjStrasseID="5780" ObjHausnummer="An der Tiefenriede 4" ObjVorlage="2013-09-11 00:00:00.0" ObKeinKontakt="1" ObjArtID="1" Merkmal="0.0"/>
  <Objekte ObjID="14877" ObjAufnahme="1999-09-25" ObjLetztKontakt="1999-09-25" ObjStrasseID="5780" ObjHausnummer="An der Tiefenriede 2" ObjVorlage="2013-09-11 00:00:00.0" ObKeinKontakt="1" ObjArtID="1" Merkmal="0.0"/>
  <Objekte ObjID="14878" ObjAufnahme="1999-09-25" ObjLetztKontakt="1999-09-25" ObjStrasseID="5780" ObjHausnummer="An der Tiefenriede 1" ObjVorlage="2013-09-11 00:00:00.0" ObKeinKontakt="1" ObjArtID="1" Merkmal="0.0"/>
  <Objekte ObjID="14879" ObjAufnahme="1999-09-25" ObjLetztKontakt="1999-09-25" ObjStrasseID="5780" ObjHausnummer="An der Tiefenriede 3" ObjVorlage="2013-09-11 00:00:00.0" ObKeinKontakt="1" ObjArtID="1" Merkmal="0.0"/>
  <Objekte ObjID="14880" ObjAufnahme="1999-09-25" ObjLetztKontakt="1999-09-25" ObjStrasseID="5780" ObjHausnummer="An der Tiefenriede 5" ObjVorlage="2013-09-11 00:00:00.0" ObKeinKontakt="1" ObjArtID="1" Merkmal="0.0"/>
  <Objekte ObjID="14881" ObjAufnahme="1999-09-25" ObjLetztKontakt="1999-09-25" ObjStrasseID="5780" ObjHausnummer="An der Tiefenriede 7" ObjVorlage="2013-09-11 00:00:00.0" ObKeinKontakt="1" ObjArtID="1" Merkmal="0.0"/>
  <Objekte ObjID="14882" ObjAufnahme="1999-09-25" ObjLetztKontakt="1999-09-25" ObjStrasseID="5780" ObjHausnummer="An der Tiefenriede 9" ObjVorlage="2013-09-11 00:00:00.0" ObKeinKontakt="1" ObjArtID="1" Merkmal="0.0"/>
  <Objekte ObjID="14883" ObjAufnahme="1999-09-25" ObjLetztKontakt="1999-09-25" ObjStrasseID="5780" ObjHausnummer="An der Tiefenriede 11" ObjVorlage="2013-09-11 00:00:00.0" ObKeinKontakt="1" ObjArtID="1" Merkmal="0.0"/>
  <Objekte ObjID="14884" ObjAufnahme="1999-09-25" ObjLetztKontakt="1999-09-25" ObjStrasseID="5780" ObjHausnummer="An der Tiefenriede 13" ObjVorlage="2013-09-11 00:00:00.0" ObKeinKontakt="1" ObjArtID="1" Merkmal="0.0"/>
  <Objekte ObjID="14885" ObjAufnahme="1999-09-25" ObjLetztKontakt="1999-09-25" ObjStrasseID="5780" ObjHausnummer="An der Tiefenriede 15" ObjVorlage="2013-09-11 00:00:00.0" ObKeinKontakt="1" ObjArtID="1" Merkmal="0.0"/>
  <Objekte ObjID="14886" ObjAufnahme="1999-09-25" ObjLetztKontakt="1999-09-25" ObjStrasseID="5780" ObjHausnummer="An der Tiefenriede 17" ObjVorlage="2013-09-11 00:00:00.0" ObKeinKontakt="1" ObjArtID="1" Merkmal="0.0"/>
  <Objekte ObjID="14887" ObjAufnahme="1999-09-25" ObjLetztKontakt="1999-09-25" ObjStrasseID="6801" ObjHausnummer="Heinrich-Heine-Straße 31" ObjVorlage="2013-09-11 00:00:00.0" ObKeinKontakt="1" ObjArtID="1" Merkmal="0.0"/>
  <Objekte ObjID="14888" ObjAufnahme="1999-09-25" ObjLetztKontakt="1999-09-25" ObjStrasseID="6801" ObjHausnummer="Heinrich-Heine-Straße 29" ObjVorlage="2013-09-11 00:00:00.0" ObKeinKontakt="1" ObjArtID="1" Merkmal="0.0"/>
  <Objekte ObjID="14889" ObjAufnahme="1999-09-25" ObjLetztKontakt="1999-09-25" ObjStrasseID="6801" ObjHausnummer="Heinrich-Heine-Straße 27" ObjVorlage="2013-09-11 00:00:00.0" ObKeinKontakt="1" ObjArtID="1" Merkmal="0.0"/>
  <Objekte ObjID="14890" ObjAufnahme="1999-09-25" ObjLetztKontakt="1999-09-25" ObjStrasseID="6801" ObjHausnummer="Heinrich-Heine-Straße 25" ObjVorlage="2013-09-11 00:00:00.0" ObKeinKontakt="1" ObjArtID="1" Merkmal="0.0"/>
  <Objekte ObjID="14891" ObjAufnahme="1999-09-25" ObjLetztKontakt="1999-09-25" ObjStrasseID="6801" ObjHausnummer="Heinrich-Heine-Straße 23" ObjVorlage="2013-09-11 00:00:00.0" ObKeinKontakt="1" ObjArtID="1" Merkmal="0.0"/>
  <Objekte ObjID="14892" ObjAufnahme="1999-09-25" ObjLetztKontakt="1999-09-25" ObjStrasseID="6801" ObjHausnummer="Heinrich-Heine-Straße 21" ObjVorlage="2013-09-11 00:00:00.0" ObKeinKontakt="1" ObjArtID="1" Merkmal="0.0"/>
  <Objekte ObjID="14893" ObjAufnahme="1999-09-25" ObjLetztKontakt="1999-09-25" ObjStrasseID="6801" ObjHausnummer="Heinrich-Heine-Straße 19" ObjVorlage="2013-09-11 00:00:00.0" ObKeinKontakt="1" ObjArtID="1" Merkmal="0.0"/>
  <Objekte ObjID="14894" ObjAufnahme="1999-09-25" ObjLetztKontakt="1999-09-25" ObjStrasseID="6801" ObjHausnummer="Heinrich-Heine-Straße 17" ObjVorlage="2013-09-11 00:00:00.0" ObKeinKontakt="1" ObjArtID="1" Merkmal="0.0"/>
  <Objekte ObjID="14895" ObjAufnahme="1999-09-25" ObjLetztKontakt="1999-09-25" ObjStrasseID="6801" ObjHausnummer="Heinrich-Heine-Straße 15" ObjVorlage="2013-09-11 00:00:00.0" ObKeinKontakt="1" ObjArtID="1" Merkmal="0.0"/>
  <Objekte ObjID="14896" ObjAufnahme="1999-09-25" ObjLetztKontakt="1999-09-25" ObjStrasseID="6801" ObjHausnummer="Heinrich-Heine-Straße 13" ObjVorlage="2013-09-11 00:00:00.0" ObKeinKontakt="1" ObjArtID="1" Merkmal="0.0"/>
  <Objekte ObjID="14897" ObjAufnahme="1999-09-25" ObjLetztKontakt="1999-09-25" ObjStrasseID="6801" ObjHausnummer="Heinrich-Heine-Straße 40" ObjVorlage="2013-09-11 00:00:00.0" ObKeinKontakt="1" ObjArtID="1" Merkmal="0.0"/>
  <Objekte ObjID="14898" ObjAufnahme="1999-09-25" ObjLetztKontakt="1999-09-25" ObjStrasseID="6801" ObjHausnummer="Heinrich-Heine-Straße 42" ObjVorlage="2013-09-11 00:00:00.0" ObKeinKontakt="1" ObjArtID="1" Merkmal="0.0"/>
  <Objekte ObjID="14899" ObjAufnahme="1999-09-25" ObjLetztKontakt="1999-09-25" ObjStrasseID="6801" ObjHausnummer="Heinrich-Heine-Straße 44" ObjVorlage="2013-09-11 00:00:00.0" ObKeinKontakt="1" ObjArtID="1" Merkmal="0.0"/>
  <Objekte ObjID="14900" ObjAufnahme="1999-09-25" ObjLetztKontakt="1999-09-25" ObjStrasseID="6801" ObjHausnummer="Heinrich-Heine-Straße 46" ObjVorlage="2013-09-11 00:00:00.0" ObKeinKontakt="1" ObjArtID="1" Merkmal="0.0"/>
  <Objekte ObjID="14901" ObjAufnahme="1999-09-25" ObjLetztKontakt="1999-09-25" ObjStrasseID="6801" ObjHausnummer="Heinrich-Heine-Straße 48" ObjVorlage="2013-09-11 00:00:00.0" ObKeinKontakt="1" ObjArtID="1" Merkmal="0.0"/>
  <Objekte ObjID="14902" ObjAufnahme="1999-09-25" ObjLetztKontakt="1999-09-25" ObjStrasseID="6801" ObjHausnummer="Heinrich-Heine-Straße 50" ObjVorlage="2013-09-11 00:00:00.0" ObKeinKontakt="1" ObjArtID="1" Merkmal="0.0"/>
  <Objekte ObjID="14903" ObjAufnahme="1999-09-25" ObjLetztKontakt="1999-09-25" ObjStrasseID="6801" ObjHausnummer="Heinrich-Heine-Straße 52" ObjVorlage="2013-09-11 00:00:00.0" ObKeinKontakt="1" ObjArtID="1" Merkmal="0.0"/>
  <Objekte ObjID="14904" ObjAufnahme="1999-09-25" ObjLetztKontakt="1999-09-25" ObjStrasseID="6801" ObjHausnummer="Heinrich-Heine-Straße 54" ObjVorlage="2013-09-11 00:00:00.0" ObKeinKontakt="1" ObjArtID="1" Merkmal="0.0"/>
  <Objekte ObjID="14905" ObjAufnahme="1999-09-25" ObjLetztKontakt="1999-09-25" ObjStrasseID="6801" ObjHausnummer="Heinrich-Heine-Straße 56" ObjVorlage="2013-09-11 00:00:00.0" ObKeinKontakt="1" ObjArtID="1" Merkmal="0.0"/>
  <Objekte ObjID="14906" ObjAufnahme="1999-09-25" ObjLetztKontakt="1999-09-25" ObjStrasseID="6801" ObjHausnummer="Heinrich-Heine-Straße 58" ObjVorlage="2013-09-11 00:00:00.0" ObKeinKontakt="1" ObjArtID="1" Merkmal="0.0"/>
  <Objekte ObjID="14907" ObjAufnahme="1999-09-25" ObjLetztKontakt="1999-09-25" ObjStrasseID="6801" ObjHausnummer="Heinrich-Heine-Straße 64" ObjVorlage="2013-09-11 00:00:00.0" ObKeinKontakt="1" ObjArtID="1" Merkmal="0.0"/>
  <Objekte ObjID="14908" ObjAufnahme="1999-09-25" ObjLetztKontakt="1999-09-25" ObjStrasseID="6801" ObjHausnummer="Heinrich-Heine-Straße 66" ObjVorlage="2013-09-11 00:00:00.0" ObKeinKontakt="1" ObjArtID="1" Merkmal="0.0"/>
  <Objekte ObjID="14909" ObjAufnahme="1999-09-25" ObjLetztKontakt="1999-09-25" ObjStrasseID="6801" ObjHausnummer="Heinrich-Heine-Straße 53" ObjVorlage="2013-09-11 00:00:00.0" ObKeinKontakt="1" ObjArtID="1" Merkmal="0.0"/>
  <Objekte ObjID="14910" ObjAufnahme="1999-09-25" ObjLetztKontakt="1999-09-25" ObjStrasseID="6801" ObjHausnummer="Heinrich-Heine-Straße 51" ObjVorlage="2013-09-11 00:00:00.0" ObKeinKontakt="1" ObjArtID="1" Merkmal="0.0"/>
  <Objekte ObjID="14911" ObjAufnahme="1999-09-25" ObjLetztKontakt="1999-09-25" ObjStrasseID="6801" ObjHausnummer="Heinrich-Heine-Straße 49" ObjVorlage="2013-09-11 00:00:00.0" ObKeinKontakt="1" ObjArtID="1" Merkmal="0.0"/>
  <Objekte ObjID="14912" ObjAufnahme="1999-09-25" ObjLetztKontakt="1999-09-25" ObjStrasseID="6801" ObjHausnummer="Heinrich-Heine-Straße 47" ObjVorlage="2013-09-11 00:00:00.0" ObKeinKontakt="1" ObjArtID="1" Merkmal="0.0"/>
  <Objekte ObjID="14913" ObjAufnahme="1999-09-25" ObjLetztKontakt="1999-09-25" ObjStrasseID="6801" ObjHausnummer="Heinrich-Heine-Straße 60" ObjVorlage="2013-09-11 00:00:00.0" ObKeinKontakt="1" ObjArtID="1" Merkmal="0.0"/>
  <Objekte ObjID="14914" ObjAufnahme="1999-09-25" ObjLetztKontakt="1999-09-25" ObjStrasseID="6801" ObjHausnummer="Heinrich-Heine-Straße 62" ObjVorlage="2013-09-11 00:00:00.0" ObKeinKontakt="1" ObjArtID="1" Merkmal="0.0"/>
  <Objekte ObjID="14915" ObjAufnahme="1999-09-25" ObjLetztKontakt="1999-09-25" ObjStrasseID="6801" ObjHausnummer="Heinrich-Heine-Straße 39" ObjVorlage="2013-09-11 00:00:00.0" ObKeinKontakt="1" ObjArtID="1" Merkmal="0.0"/>
  <Objekte ObjID="14916" ObjAufnahme="1999-09-25" ObjLetztKontakt="1999-09-25" ObjStrasseID="6801" ObjHausnummer="Heinrich-Heine-Straße 37" ObjVorlage="2013-09-11 00:00:00.0" ObKeinKontakt="1" ObjArtID="1" Merkmal="0.0"/>
  <Objekte ObjID="14917" ObjAufnahme="1999-09-25" ObjLetztKontakt="1999-09-25" ObjStrasseID="6801" ObjHausnummer="Heinrich-Heine-Straße 35" ObjVorlage="2013-09-11 00:00:00.0" ObKeinKontakt="1" ObjArtID="1" Merkmal="0.0"/>
  <Objekte ObjID="14918" ObjAufnahme="1999-09-25" ObjLetztKontakt="1999-09-25" ObjStrasseID="6801" ObjHausnummer="Heinrich-Heine-Straße 33" ObjVorlage="2013-09-11 00:00:00.0" ObKeinKontakt="1" ObjArtID="1" Merkmal="0.0"/>
  <Objekte ObjID="14919" ObjAufnahme="1999-09-25" ObjLetztKontakt="1999-09-25" ObjStrasseID="5724" ObjHausnummer="Am Uhrturm 1" ObjVorlage="2013-09-11 00:00:00.0" ObKeinKontakt="1" ObjArtID="177" Merkmal="0.0"/>
  <Objekte ObjID="14920" ObjAufnahme="1999-09-25" ObjLetztKontakt="2013-01-15" ObjStrasseID="5724" ObjHausnummer="Am Uhrturm 2" ObjVorlage="2013-09-11 00:00:00.0" ObKeinKontakt="2" ObjArtID="5" Merkmal="0.0"/>
  <Objekte ObjID="14921" ObjAufnahme="1999-09-25" ObjLetztKontakt="1999-09-25" ObjStrasseID="5724" ObjHausnummer="Am Uhrturm 28A" ObjVorlage="2013-09-11 00:00:00.0" ObKeinKontakt="1" ObjArtID="177" Merkmal="0.0"/>
  <Objekte ObjID="14922" ObjAufnahme="1999-09-25" ObjLetztKontakt="1999-09-25" ObjStrasseID="5724" ObjHausnummer="Am Uhrturm 28B" ObjVorlage="2013-09-11 00:00:00.0" ObKeinKontakt="1" ObjArtID="177" Merkmal="0.0"/>
  <Objekte ObjID="14923" ObjAufnahme="1999-09-25" ObjLetztKontakt="1999-09-25" ObjStrasseID="5724" ObjHausnummer="Am Uhrturm 28C" ObjVorlage="2013-09-11 00:00:00.0" ObKeinKontakt="1" ObjArtID="177" Merkmal="0.0"/>
  <Objekte ObjID="14924" ObjAufnahme="1999-09-25" ObjLetztKontakt="1999-09-25" ObjStrasseID="5724" ObjHausnummer="Am Uhrturm 28D" ObjVorlage="2013-09-11 00:00:00.0" ObKeinKontakt="1" ObjArtID="177" Merkmal="0.0"/>
  <Objekte ObjID="14925" ObjAufnahme="1999-09-25" ObjLetztKontakt="1999-09-25" ObjStrasseID="5724" ObjHausnummer="Am Uhrturm 28E" ObjVorlage="2013-09-11 00:00:00.0" ObKeinKontakt="1" ObjArtID="177" Merkmal="0.0"/>
  <Objekte ObjID="14926" ObjAufnahme="1999-09-28" ObjLetztKontakt="1999-09-28" ObjStrasseID="7164" ObjHausnummer="Kleefelder Straße 2" ObjVorlage="2013-09-11 00:00:00.0" ObKeinKontakt="1" ObjArtID="8" Merkmal="0.0"/>
  <Objekte ObjID="14927" ObjAufnahme="1999-10-02" ObjLetztKontakt="1999-10-02" ObjStrasseID="6274" ObjHausnummer="Duisburger Straße 28" ObjVorlage="2013-09-11 00:00:00.0" ObKeinKontakt="1" ObjArtID="1" Merkmal="0.0"/>
  <Objekte ObjID="14928" ObjAufnahme="1999-10-02" ObjLetztKontakt="1999-10-02" ObjStrasseID="6274" ObjHausnummer="Duisburger Straße 26" ObjVorlage="2013-09-11 00:00:00.0" ObKeinKontakt="1" ObjArtID="1" Merkmal="0.0"/>
  <Objekte ObjID="14929" ObjAufnahme="1999-10-02" ObjLetztKontakt="1999-10-02" ObjStrasseID="6274" ObjHausnummer="Duisburger Straße 24" ObjVorlage="2013-09-11 00:00:00.0" ObKeinKontakt="1" ObjArtID="1" Merkmal="0.0"/>
  <Objekte ObjID="14930" ObjAufnahme="1999-10-02" ObjLetztKontakt="1999-10-02" ObjStrasseID="6274" ObjHausnummer="Duisburger Straße 22" ObjVorlage="2013-09-11 00:00:00.0" ObKeinKontakt="1" ObjArtID="1" Merkmal="0.0"/>
  <Objekte ObjID="14931" ObjAufnahme="1999-10-02" ObjLetztKontakt="1999-10-02" ObjStrasseID="6274" ObjHausnummer="Duisburger Straße 20" ObjVorlage="2013-09-11 00:00:00.0" ObKeinKontakt="1" ObjArtID="1" Merkmal="0.0"/>
  <Objekte ObjID="14932" ObjAufnahme="1999-10-02" ObjLetztKontakt="1999-10-02" ObjStrasseID="6274" ObjHausnummer="Duisburger Straße 18" ObjVorlage="2013-09-11 00:00:00.0" ObKeinKontakt="1" ObjArtID="1" Merkmal="0.0"/>
  <Objekte ObjID="14933" ObjAufnahme="1999-10-02" ObjLetztKontakt="1999-10-02" ObjStrasseID="6274" ObjHausnummer="Duisburger Straße 16" ObjVorlage="2013-09-11 00:00:00.0" ObKeinKontakt="1" ObjArtID="1" Merkmal="0.0"/>
  <Objekte ObjID="14934" ObjAufnahme="1999-10-02" ObjLetztKontakt="1999-10-02" ObjStrasseID="6274" ObjHausnummer="Duisburger Straße 14" ObjVorlage="2013-09-11 00:00:00.0" ObKeinKontakt="1" ObjArtID="1" Merkmal="0.0"/>
  <Objekte ObjID="14935" ObjAufnahme="1999-10-02" ObjLetztKontakt="1999-10-02" ObjStrasseID="6274" ObjHausnummer="Duisburger Straße 12" ObjVorlage="2013-09-11 00:00:00.0" ObKeinKontakt="1" ObjArtID="1" Merkmal="0.0"/>
  <Objekte ObjID="14936" ObjAufnahme="1999-10-02" ObjLetztKontakt="1999-10-02" ObjStrasseID="6274" ObjHausnummer="Duisburger Straße 6" ObjVorlage="2013-09-11 00:00:00.0" ObKeinKontakt="1" ObjArtID="18" Merkmal="0.0"/>
  <Objekte ObjID="14937" ObjAufnahme="1999-10-02" ObjLetztKontakt="1999-10-02" ObjStrasseID="6274" ObjHausnummer="Duisburger Straße 2" ObjVorlage="2013-09-11 00:00:00.0" ObKeinKontakt="1" ObjArtID="18" Merkmal="0.0"/>
  <Objekte ObjID="14938" ObjAufnahme="1999-10-04" ObjLetztKontakt="1999-10-04" ObjStrasseID="9562" ObjHausnummer="Memeler Straße 15" ObjVorlage="2013-09-11 00:00:00.0" ObKeinKontakt="1" ObjArtID="20" Merkmal="0.0" ObjInfo="760 m²186 m²650.000,-- DM"/>
  <Objekte ObjID="14939" ObjAufnahme="1999-10-05" ObjLetztKontakt="1999-10-05" ObjStrasseID="9885" ObjHausnummer="Alte Poststraße 34" ObjVorlage="2013-09-11 00:00:00.0" ObKeinKontakt="1" ObjArtID="18" Merkmal="0.0" ObjInfo="350 m²2000 m²19204 Stellp.790.000,-- DM"/>
  <Objekte ObjID="14940" ObjAufnahme="1999-10-05" ObjLetztKontakt="1999-10-05" ObjStrasseID="6593" ObjHausnummer="Goethestraße 37" ObjVorlage="2013-09-11 00:00:00.0" ObKeinKontakt="1" ObjArtID="5" Merkmal="0.0"/>
  <Objekte ObjID="14941" ObjAufnahme="1999-10-06" ObjLetztKontakt="1999-10-06" ObjStrasseID="8023" ObjHausnummer="Sallstraße 86" ObjVorlage="2013-09-11 00:00:00.0" ObKeinKontakt="1" ObjArtID="62" Merkmal="0.0" ObjInfo="27583\ SW-Blk."/>
  <Objekte ObjID="14942" ObjAufnahme="1999-10-07" ObjLetztKontakt="1999-12-08" ObjStrasseID="6414" ObjHausnummer="Fiedelerplatz 1" ObjVorlage="2013-09-11 00:00:00.0" ObKeinKontakt="1" ObjArtID="1" Merkmal="0.0"/>
  <Objekte ObjID="14943" ObjAufnahme="1999-10-08" ObjLetztKontakt="2000-03-28" ObjStrasseID="3802" ObjHausnummer="Hohenhorster Kirchweg 4" ObjVorlage="2013-09-11 00:00:00.0" ObKeinKontakt="1" ObjArtID="8" Merkmal="0.0" ObjInfo="220 m²3000 m² + ca 6000 m² Pacht1992Do.grg.1,85 Mio. DM"/>
  <Objekte ObjID="14944" ObjAufnahme="1999-10-08" ObjLetztKontakt="1999-10-08" ObjStrasseID="5679" ObjHausnummer="Am Lindenhofe 32" ObjVorlage="2013-09-11 00:00:00.0" ObKeinKontakt="1" ObjArtID="3" Merkmal="0.0"/>
  <Objekte ObjID="14945" ObjAufnahme="1999-10-10" ObjLetztKontakt="1999-10-10" ObjStrasseID="7830" ObjHausnummer="Querstraße 35" ObjVorlage="2013-09-11 00:00:00.0" ObKeinKontakt="1" ObjArtID="197" Merkmal="0.0"/>
  <Objekte ObjID="14946" ObjAufnahme="1999-10-11" ObjLetztKontakt="1999-10-11" ObjStrasseID="8291" ObjHausnummer="Steubenweg 2F" ObjVorlage="2013-09-11 00:00:00.0" ObKeinKontakt="1" ObjArtID="22" Merkmal="0.0" ObjInfo="135 m²368 m²1952-59Grg.350.000,-- DM"/>
  <Objekte ObjID="14947" ObjAufnahme="1999-10-12" ObjLetztKontakt="1999-10-12" ObjStrasseID="7201" ObjHausnummer="Kohnestraße 9" ObjVorlage="2013-09-11 00:00:00.0" ObKeinKontakt="1" ObjArtID="18" Merkmal="0.0"/>
  <Objekte ObjID="14948" ObjAufnahme="1999-10-12" ObjLetztKontakt="1999-10-12" ObjStrasseID="8215" ObjHausnummer="Sonnenweg 31" ObjVorlage="2013-09-11 00:00:00.0" ObKeinKontakt="1" ObjArtID="1" Merkmal="0.0"/>
  <Objekte ObjID="14949" ObjAufnahme="1999-10-12" ObjLetztKontakt="1999-10-12" ObjStrasseID="8215" ObjHausnummer="Sonnenweg 29" ObjVorlage="2013-09-11 00:00:00.0" ObKeinKontakt="1" ObjArtID="75" Merkmal="0.0" ObjInfo="15557\"/>
  <Objekte ObjID="14950" ObjAufnahme="1999-10-12" ObjLetztKontakt="1999-10-12" ObjStrasseID="8215" ObjHausnummer="Sonnenweg 27" ObjVorlage="2013-09-11 00:00:00.0" ObKeinKontakt="1" ObjArtID="1" Merkmal="0.0"/>
  <Objekte ObjID="14951" ObjAufnahme="1999-10-12" ObjLetztKontakt="1999-10-12" ObjStrasseID="8215" ObjHausnummer="Sonnenweg 25" ObjVorlage="2013-09-11 00:00:00.0" ObKeinKontakt="1" ObjArtID="1" Merkmal="0.0"/>
  <Objekte ObjID="14952" ObjAufnahme="1999-10-12" ObjLetztKontakt="1999-10-12" ObjStrasseID="8215" ObjHausnummer="Sonnenweg 22" ObjVorlage="2013-09-11 00:00:00.0" ObKeinKontakt="1" ObjArtID="1" Merkmal="0.0"/>
  <Objekte ObjID="14953" ObjAufnahme="1999-10-12" ObjLetztKontakt="1999-10-12" ObjStrasseID="8215" ObjHausnummer="Sonnenweg 24" ObjVorlage="2013-09-11 00:00:00.0" ObKeinKontakt="1" ObjArtID="1" Merkmal="0.0"/>
  <Objekte ObjID="14954" ObjAufnahme="1999-10-12" ObjLetztKontakt="1999-10-12" ObjStrasseID="8215" ObjHausnummer="Sonnenweg 26" ObjVorlage="2013-09-11 00:00:00.0" ObKeinKontakt="1" ObjArtID="1" Merkmal="0.0"/>
  <Objekte ObjID="14955" ObjAufnahme="1999-10-12" ObjLetztKontakt="1999-10-12" ObjStrasseID="8703" ObjHausnummer="Zeißstraße 85" ObjVorlage="2013-09-11 00:00:00.0" ObKeinKontakt="1" ObjArtID="250" Merkmal="0.0"/>
  <Objekte ObjID="14956" ObjAufnahme="1999-10-12" ObjLetztKontakt="1999-10-12" ObjStrasseID="7204" ObjHausnummer="Kolbergstraße 10" ObjVorlage="2013-09-11 00:00:00.0" ObKeinKontakt="1" ObjArtID="8" Merkmal="0.0"/>
  <Objekte ObjID="14957" ObjAufnahme="1999-10-12" ObjLetztKontakt="1999-10-12" ObjStrasseID="7204" ObjHausnummer="Kolbergstraße 12" ObjVorlage="2013-09-11 00:00:00.0" ObKeinKontakt="1" ObjArtID="8" Merkmal="0.0"/>
  <Objekte ObjID="14958" ObjAufnahme="1999-10-12" ObjLetztKontakt="1999-10-12" ObjStrasseID="7204" ObjHausnummer="Kolbergstraße 12A" ObjVorlage="2013-09-11 00:00:00.0" ObKeinKontakt="1" ObjArtID="8" Merkmal="0.0"/>
  <Objekte ObjID="14959" ObjAufnahme="1999-10-12" ObjLetztKontakt="1999-10-12" ObjStrasseID="7204" ObjHausnummer="Kolbergstraße 12B" ObjVorlage="2013-09-11 00:00:00.0" ObKeinKontakt="1" ObjArtID="8" Merkmal="0.0"/>
  <Objekte ObjID="14960" ObjAufnahme="1999-10-12" ObjLetztKontakt="1999-10-12" ObjStrasseID="7204" ObjHausnummer="Kolbergstraße 12C" ObjVorlage="2013-09-11 00:00:00.0" ObKeinKontakt="1" ObjArtID="8" Merkmal="0.0"/>
  <Objekte ObjID="14961" ObjAufnahme="1999-10-12" ObjLetztKontakt="1999-10-12" ObjStrasseID="7204" ObjHausnummer="Kolbergstraße 9" ObjVorlage="2013-09-11 00:00:00.0" ObKeinKontakt="1" ObjArtID="8" Merkmal="0.0"/>
  <Objekte ObjID="14962" ObjAufnahme="1999-10-12" ObjLetztKontakt="1999-10-12" ObjStrasseID="7617" ObjHausnummer="Nettelbeckstraße 2" ObjVorlage="2013-09-11 00:00:00.0" ObKeinKontakt="1" ObjArtID="8" Merkmal="0.0"/>
  <Objekte ObjID="14963" ObjAufnahme="1999-10-12" ObjLetztKontakt="1999-10-12" ObjStrasseID="7617" ObjHausnummer="Nettelbeckstraße 4" ObjVorlage="2013-09-11 00:00:00.0" ObKeinKontakt="1" ObjArtID="8" Merkmal="0.0"/>
  <Objekte ObjID="14964" ObjAufnahme="1999-10-12" ObjLetztKontakt="1999-10-12" ObjStrasseID="7617" ObjHausnummer="Nettelbeckstraße 6" ObjVorlage="2013-09-11 00:00:00.0" ObKeinKontakt="1" ObjArtID="22" Merkmal="0.0"/>
  <Objekte ObjID="14965" ObjAufnahme="1999-10-12" ObjLetztKontakt="1999-10-12" ObjStrasseID="7617" ObjHausnummer="Nettelbeckstraße 8" ObjVorlage="2013-09-11 00:00:00.0" ObKeinKontakt="1" ObjArtID="8" Merkmal="0.0"/>
  <Objekte ObjID="14966" ObjAufnahme="1999-10-12" ObjLetztKontakt="1999-10-12" ObjStrasseID="7617" ObjHausnummer="Nettelbeckstraße 10" ObjVorlage="2013-09-11 00:00:00.0" ObKeinKontakt="1" ObjArtID="8" Merkmal="0.0"/>
  <Objekte ObjID="14967" ObjAufnahme="1999-10-12" ObjLetztKontakt="1999-10-12" ObjStrasseID="7617" ObjHausnummer="Nettelbeckstraße 12" ObjVorlage="2013-09-11 00:00:00.0" ObKeinKontakt="1" ObjArtID="8" Merkmal="0.0"/>
  <Objekte ObjID="14968" ObjAufnahme="1999-10-12" ObjLetztKontakt="1999-10-12" ObjStrasseID="7617" ObjHausnummer="Nettelbeckstraße 14" ObjVorlage="2013-09-11 00:00:00.0" ObKeinKontakt="1" ObjArtID="8" Merkmal="0.0"/>
  <Objekte ObjID="14969" ObjAufnahme="1999-10-12" ObjLetztKontakt="1999-10-12" ObjStrasseID="7617" ObjHausnummer="Nettelbeckstraße 16" ObjVorlage="2013-09-11 00:00:00.0" ObKeinKontakt="1" ObjArtID="8" Merkmal="0.0"/>
  <Objekte ObjID="14970" ObjAufnahme="1999-10-12" ObjLetztKontakt="1999-10-12" ObjStrasseID="7617" ObjHausnummer="Nettelbeckstraße 18" ObjVorlage="2013-09-11 00:00:00.0" ObKeinKontakt="1" ObjArtID="8" Merkmal="0.0"/>
  <Objekte ObjID="14971" ObjAufnahme="1999-10-12" ObjLetztKontakt="1999-10-12" ObjStrasseID="7617" ObjHausnummer="Nettelbeckstraße 22" ObjVorlage="2013-09-11 00:00:00.0" ObKeinKontakt="1" ObjArtID="8" Merkmal="0.0"/>
  <Objekte ObjID="14972" ObjAufnahme="1999-10-12" ObjLetztKontakt="1999-10-12" ObjStrasseID="7617" ObjHausnummer="Nettelbeckstraße 24" ObjVorlage="2013-09-11 00:00:00.0" ObKeinKontakt="1" ObjArtID="8" Merkmal="0.0"/>
  <Objekte ObjID="14973" ObjAufnahme="1999-10-12" ObjLetztKontakt="1999-10-12" ObjStrasseID="7617" ObjHausnummer="Nettelbeckstraße 26" ObjVorlage="2013-09-11 00:00:00.0" ObKeinKontakt="1" ObjArtID="8" Merkmal="0.0"/>
  <Objekte ObjID="14974" ObjAufnahme="1999-10-12" ObjLetztKontakt="1999-10-12" ObjStrasseID="7617" ObjHausnummer="Nettelbeckstraße 19" ObjVorlage="2013-09-11 00:00:00.0" ObKeinKontakt="1" ObjArtID="8" Merkmal="0.0"/>
  <Objekte ObjID="14975" ObjAufnahme="1999-10-12" ObjLetztKontakt="1999-10-12" ObjStrasseID="7617" ObjHausnummer="Nettelbeckstraße 21" ObjVorlage="2013-09-11 00:00:00.0" ObKeinKontakt="1" ObjArtID="8" Merkmal="0.0"/>
  <Objekte ObjID="14976" ObjAufnahme="1999-10-12" ObjLetztKontakt="1999-10-12" ObjStrasseID="7617" ObjHausnummer="Nettelbeckstraße 15" ObjVorlage="2013-09-11 00:00:00.0" ObKeinKontakt="1" ObjArtID="8" Merkmal="0.0"/>
  <Objekte ObjID="14977" ObjAufnahme="1999-10-12" ObjLetztKontakt="1999-10-12" ObjStrasseID="7617" ObjHausnummer="Nettelbeckstraße 17" ObjVorlage="2013-09-11 00:00:00.0" ObKeinKontakt="1" ObjArtID="8" Merkmal="0.0"/>
  <Objekte ObjID="14978" ObjAufnahme="1999-10-12" ObjLetztKontakt="1999-10-12" ObjStrasseID="7617" ObjHausnummer="Nettelbeckstraße 11" ObjVorlage="2013-09-11 00:00:00.0" ObKeinKontakt="1" ObjArtID="8" Merkmal="0.0"/>
  <Objekte ObjID="14979" ObjAufnahme="1999-10-12" ObjLetztKontakt="1999-10-12" ObjStrasseID="7617" ObjHausnummer="Nettelbeckstraße 13" ObjVorlage="2013-09-11 00:00:00.0" ObKeinKontakt="1" ObjArtID="8" Merkmal="0.0"/>
  <Objekte ObjID="14980" ObjAufnahme="1999-10-12" ObjLetztKontakt="1999-10-12" ObjStrasseID="7617" ObjHausnummer="Nettelbeckstraße 9" ObjVorlage="2013-09-11 00:00:00.0" ObKeinKontakt="1" ObjArtID="8" Merkmal="0.0"/>
  <Objekte ObjID="14981" ObjAufnahme="1999-10-12" ObjLetztKontakt="1999-10-12" ObjStrasseID="7617" ObjHausnummer="Nettelbeckstraße 7" ObjVorlage="2013-09-11 00:00:00.0" ObKeinKontakt="1" ObjArtID="8" Merkmal="0.0"/>
  <Objekte ObjID="14982" ObjAufnahme="1999-10-12" ObjLetztKontakt="1999-10-12" ObjStrasseID="7617" ObjHausnummer="Nettelbeckstraße 5" ObjVorlage="2013-09-11 00:00:00.0" ObKeinKontakt="1" ObjArtID="8" Merkmal="0.0"/>
  <Objekte ObjID="14983" ObjAufnahme="1999-10-12" ObjLetztKontakt="1999-10-12" ObjStrasseID="7617" ObjHausnummer="Nettelbeckstraße 3" ObjVorlage="2013-09-11 00:00:00.0" ObKeinKontakt="1" ObjArtID="8" Merkmal="0.0"/>
  <Objekte ObjID="14984" ObjAufnahme="1999-10-12" ObjLetztKontakt="1999-10-12" ObjStrasseID="7617" ObjHausnummer="Nettelbeckstraße 1" ObjVorlage="2013-09-11 00:00:00.0" ObKeinKontakt="1" ObjArtID="8" Merkmal="0.0"/>
  <Objekte ObjID="14985" ObjAufnahme="1999-10-12" ObjLetztKontakt="1999-10-12" ObjStrasseID="7436" ObjHausnummer="Ludwig-Bruns-Straße 2" ObjVorlage="2013-09-11 00:00:00.0" ObKeinKontakt="1" ObjArtID="1" Merkmal="0.0"/>
  <Objekte ObjID="14986" ObjAufnahme="1999-10-12" ObjLetztKontakt="1999-10-12" ObjStrasseID="7436" ObjHausnummer="Ludwig-Bruns-Straße 3" ObjVorlage="2013-09-11 00:00:00.0" ObKeinKontakt="1" ObjArtID="1" Merkmal="0.0"/>
  <Objekte ObjID="14987" ObjAufnahme="1999-10-12" ObjLetztKontakt="1999-10-12" ObjStrasseID="7436" ObjHausnummer="Ludwig-Bruns-Straße 5" ObjVorlage="2013-09-11 00:00:00.0" ObKeinKontakt="1" ObjArtID="1" Merkmal="0.0"/>
  <Objekte ObjID="14988" ObjAufnahme="1999-10-12" ObjLetztKontakt="1999-10-12" ObjStrasseID="7436" ObjHausnummer="Ludwig-Bruns-Straße 8" ObjVorlage="2013-09-11 00:00:00.0" ObKeinKontakt="1" ObjArtID="1" Merkmal="0.0"/>
  <Objekte ObjID="14989" ObjAufnahme="1999-10-12" ObjLetztKontakt="1999-10-12" ObjStrasseID="7436" ObjHausnummer="Ludwig-Bruns-Straße 4" ObjVorlage="2013-09-11 00:00:00.0" ObKeinKontakt="1" ObjArtID="1" Merkmal="0.0"/>
  <Objekte ObjID="14990" ObjAufnahme="1999-10-12" ObjLetztKontakt="1999-10-12" ObjStrasseID="7436" ObjHausnummer="Ludwig-Bruns-Straße 6" ObjVorlage="2013-09-11 00:00:00.0" ObKeinKontakt="1" ObjArtID="1" Merkmal="0.0"/>
  <Objekte ObjID="14991" ObjAufnahme="1999-10-12" ObjLetztKontakt="1999-10-12" ObjStrasseID="7436" ObjHausnummer="Ludwig-Bruns-Straße 15" ObjVorlage="2013-09-11 00:00:00.0" ObKeinKontakt="1" ObjArtID="1" Merkmal="0.0"/>
  <Objekte ObjID="14992" ObjAufnahme="1999-10-12" ObjLetztKontakt="1999-10-12" ObjStrasseID="7436" ObjHausnummer="Ludwig-Bruns-Straße 19" ObjVorlage="2013-09-11 00:00:00.0" ObKeinKontakt="1" ObjArtID="8" Merkmal="0.0"/>
  <Objekte ObjID="14993" ObjAufnahme="1999-10-12" ObjLetztKontakt="1999-10-12" ObjStrasseID="7436" ObjHausnummer="Ludwig-Bruns-Straße 21" ObjVorlage="2013-09-11 00:00:00.0" ObKeinKontakt="1" ObjArtID="8" Merkmal="0.0"/>
  <Objekte ObjID="14994" ObjAufnahme="1999-10-12" ObjLetztKontakt="1999-10-12" ObjStrasseID="7436" ObjHausnummer="Ludwig-Bruns-Straße 23" ObjVorlage="2013-09-11 00:00:00.0" ObKeinKontakt="1" ObjArtID="8" Merkmal="0.0"/>
  <Objekte ObjID="14995" ObjAufnahme="1999-10-12" ObjLetztKontakt="1999-10-12" ObjStrasseID="8047" ObjHausnummer="Schackstraße 1" ObjVorlage="2013-09-11 00:00:00.0" ObKeinKontakt="1" ObjArtID="8" Merkmal="0.0"/>
  <Objekte ObjID="14996" ObjAufnahme="1999-10-12" ObjLetztKontakt="1999-10-12" ObjStrasseID="8047" ObjHausnummer="Schackstraße 3" ObjVorlage="2013-09-11 00:00:00.0" ObKeinKontakt="1" ObjArtID="8" Merkmal="0.0"/>
  <Objekte ObjID="14997" ObjAufnahme="1999-10-12" ObjLetztKontakt="1999-10-12" ObjStrasseID="8047" ObjHausnummer="Schackstraße 11" ObjVorlage="2013-09-11 00:00:00.0" ObKeinKontakt="1" ObjArtID="8" Merkmal="0.0"/>
  <Objekte ObjID="14998" ObjAufnahme="1999-10-12" ObjLetztKontakt="1999-10-12" ObjStrasseID="8047" ObjHausnummer="Schackstraße 8" ObjVorlage="2013-09-11 00:00:00.0" ObKeinKontakt="1" ObjArtID="8" Merkmal="0.0"/>
  <Objekte ObjID="14999" ObjAufnahme="1999-10-12" ObjLetztKontakt="1999-10-12" ObjStrasseID="8047" ObjHausnummer="Schackstraße 13" ObjVorlage="2013-09-11 00:00:00.0" ObKeinKontakt="1" ObjArtID="8" Merkmal="0.0"/>
  <Objekte ObjID="15000" ObjAufnahme="1999-10-12" ObjLetztKontakt="1999-10-12" ObjStrasseID="8047" ObjHausnummer="Schackstraße 15" ObjVorlage="2013-09-11 00:00:00.0" ObKeinKontakt="1" ObjArtID="8" Merkmal="0.0"/>
  <Objekte ObjID="15001" ObjAufnahme="1999-10-12" ObjLetztKontakt="1999-10-12" ObjStrasseID="8047" ObjHausnummer="Schackstraße 12" ObjVorlage="2013-09-11 00:00:00.0" ObKeinKontakt="1" ObjArtID="8" Merkmal="0.0"/>
  <Objekte ObjID="15002" ObjAufnahme="1999-10-12" ObjLetztKontakt="1999-10-12" ObjStrasseID="8047" ObjHausnummer="Schackstraße 10" ObjVorlage="2013-09-11 00:00:00.0" ObKeinKontakt="1" ObjArtID="8" Merkmal="0.0"/>
  <Objekte ObjID="15003" ObjAufnahme="1999-10-12" ObjLetztKontakt="1999-10-12" ObjStrasseID="7204" ObjHausnummer="Kolbergstraße 4" ObjVorlage="2013-09-11 00:00:00.0" ObKeinKontakt="1" ObjArtID="8" Merkmal="0.0"/>
  <Objekte ObjID="15004" ObjAufnahme="1999-10-12" ObjLetztKontakt="1999-10-12" ObjStrasseID="7204" ObjHausnummer="Kolbergstraße 6" ObjVorlage="2013-09-11 00:00:00.0" ObKeinKontakt="1" ObjArtID="8" Merkmal="0.0"/>
  <Objekte ObjID="15005" ObjAufnahme="1999-10-14" ObjLetztKontakt="1999-10-14" ObjStrasseID="8351" ObjHausnummer="Teplitzer Straße 2" ObjVorlage="2013-09-11 00:00:00.0" ObKeinKontakt="1" ObjArtID="8" Merkmal="0.0" ObjInfo="300 m²1500 m²1959/60Do.Grg.920.000,-- DM"/>
  <Objekte ObjID="15006" ObjAufnahme="1999-10-15" ObjLetztKontakt="1999-10-15" ObjStrasseID="6520" ObjHausnummer="Garkenburgstraße 2" ObjVorlage="2013-09-11 00:00:00.0" ObKeinKontakt="1" ObjArtID="235" Merkmal="0.0"/>
  <Objekte ObjID="15007" ObjAufnahme="1999-10-15" ObjLetztKontakt="1999-10-15" ObjStrasseID="9906" ObjHausnummer="Rennefeldstraße 5" ObjVorlage="2013-09-11 00:00:00.0" ObKeinKontakt="1" ObjArtID="18" Merkmal="0.0" ObjInfo="186 m²671 m²19301 Grg.675.000,-- DM"/>
  <Objekte ObjID="15008" ObjAufnahme="1999-10-18" ObjLetztKontakt="1999-10-18" ObjStrasseID="8015" ObjHausnummer="Sahlkamp 1" ObjVorlage="2013-09-11 00:00:00.0" ObKeinKontakt="1" ObjArtID="10" Merkmal="0.0"/>
  <Objekte ObjID="15009" ObjAufnahme="1999-10-18" ObjLetztKontakt="1999-10-18" ObjStrasseID="3357" ObjHausnummer="Ebereschenweg 1" ObjVorlage="2013-09-11 00:00:00.0" ObKeinKontakt="1" ObjArtID="10" Merkmal="0.0"/>
  <Objekte ObjID="15010" ObjAufnahme="1999-10-19" ObjLetztKontakt="1999-10-19" ObjStrasseID="9924" ObjHausnummer="Schlachterstraße 1" ObjVorlage="2013-09-11 00:00:00.0" ObKeinKontakt="1" ObjArtID="20" Merkmal="0.0" ObjInfo="200 m²868 m²1917/1992 mod.Do.grg.365.000,-- DM"/>
  <Objekte ObjID="15011" ObjAufnahme="1999-10-21" ObjLetztKontakt="1999-10-21" ObjStrasseID="8606" ObjHausnummer="Wichmannstraße 20" ObjVorlage="2013-09-11 00:00:00.0" ObKeinKontakt="1" ObjArtID="1" Merkmal="0.0"/>
  <Objekte ObjID="15012" ObjAufnahme="1999-10-22" ObjLetztKontakt="1999-10-22" ObjStrasseID="9504" ObjHausnummer="Erdbrandweg 26" ObjVorlage="2013-09-11 00:00:00.0" ObKeinKontakt="1" ObjArtID="176" Merkmal="0.0" ObjInfo="90 m²185 m²1971Grg.330.000,-- DM"/>
  <Objekte ObjID="15013" ObjAufnahme="1999-10-25" ObjLetztKontakt="1999-10-25" ObjStrasseID="8606" ObjHausnummer="Wichmannstraße 20" ObjVorlage="2013-09-11 00:00:00.0" ObKeinKontakt="1" ObjArtID="83" Merkmal="0.0" ObjInfo="19864\ Blk."/>
  <Objekte ObjID="15014" ObjAufnahme="1999-10-25" ObjLetztKontakt="1999-10-25" ObjStrasseID="8664" ObjHausnummer="Wittekamp 16" ObjVorlage="2013-09-11 00:00:00.0" ObKeinKontakt="1" ObjArtID="77" Merkmal="0.0"/>
  <Objekte ObjID="15015" ObjAufnahme="1999-10-29" ObjLetztKontakt="1999-10-29" ObjStrasseID="6434" ObjHausnummer="Flüggestraße 13" ObjVorlage="2013-09-11 00:00:00.0" ObKeinKontakt="1" ObjArtID="237" Merkmal="0.0" ObjInfo="320113\Terrasse"/>
  <Objekte ObjID="15016" ObjAufnahme="1999-11-02" ObjLetztKontakt="1999-11-02" ObjStrasseID="6714" ObjHausnummer="Hamburger Allee 29" ObjVorlage="2013-09-11 00:00:00.0" ObKeinKontakt="1" ObjArtID="1" Merkmal="0.0"/>
  <Objekte ObjID="15017" ObjAufnahme="1999-11-03" ObjLetztKontakt="2000-03-07" ObjStrasseID="6434" ObjHausnummer="Flüggestraße 13" ObjVorlage="2013-09-11 00:00:00.0" ObKeinKontakt="6" ObjArtID="120" Merkmal="0.0" ObjInfo="500130\Blk."/>
  <Objekte ObjID="15018" ObjAufnahme="1999-11-03" ObjLetztKontakt="2001-05-28" ObjStrasseID="8220" ObjHausnummer="Spannhagengarten 7" ObjVorlage="2013-09-11 00:00:00.0" ObKeinKontakt="9" ObjArtID="139" Merkmal="0.0" ObjInfo="450200\Terrasse S Mais."/>
  <Objekte ObjID="15019" ObjAufnahme="1999-11-03" ObjLetztKontakt="2001-10-25" ObjStrasseID="8220" ObjHausnummer="Spannhagengarten 8" ObjVorlage="2013-09-11 00:00:00.0" ObKeinKontakt="2" ObjArtID="14" Merkmal="0.0" ObjInfo="23578\Blk. S"/>
  <Objekte ObjID="15020" ObjAufnahme="1999-11-03" ObjLetztKontakt="1999-11-03" ObjStrasseID="8220" ObjHausnummer="Spannhagengarten 9" ObjVorlage="2013-09-11 00:00:00.0" ObKeinKontakt="1" ObjArtID="177" Merkmal="0.0"/>
  <Objekte ObjID="15021" ObjAufnahme="1999-11-03" ObjLetztKontakt="1999-11-03" ObjStrasseID="8220" ObjHausnummer="Spannhagengarten 10" ObjVorlage="2013-09-11 00:00:00.0" ObKeinKontakt="1" ObjArtID="177" Merkmal="0.0"/>
  <Objekte ObjID="15022" ObjAufnahme="1999-11-03" ObjLetztKontakt="1999-11-03" ObjStrasseID="8220" ObjHausnummer="Spannhagengarten 11A" ObjVorlage="2013-09-11 00:00:00.0" ObKeinKontakt="1" ObjArtID="177" Merkmal="0.0"/>
  <Objekte ObjID="15023" ObjAufnahme="1999-11-04" ObjLetztKontakt="1999-11-09" ObjStrasseID="8560" ObjHausnummer="Weimarer Allee 52" ObjVorlage="2013-09-11 00:00:00.0" ObKeinKontakt="1" ObjArtID="21" Merkmal="0.0" ObjInfo="120 m²260 m²1966380.000,-- DM"/>
  <Objekte ObjID="15024" ObjAufnahme="1999-11-10" ObjLetztKontakt="1999-11-10" ObjStrasseID="7753" ObjHausnummer="Peperfeld 23" ObjVorlage="2013-09-11 00:00:00.0" ObKeinKontakt="1" ObjArtID="22" Merkmal="0.0" ObjInfo="145 m²300 m²1972Grg.470.000,-- DM"/>
  <Objekte ObjID="15025" ObjAufnahme="1999-11-10" ObjLetztKontakt="2000-01-04" ObjStrasseID="6475" ObjHausnummer="Friedhofsallee 16C" ObjVorlage="2013-09-11 00:00:00.0" ObKeinKontakt="1" ObjArtID="22" Merkmal="0.0" ObjInfo="130 m²394 m²1985Grg.498.000,-- DM"/>
  <Objekte ObjID="15026" ObjAufnahme="1999-11-11" ObjLetztKontakt="1999-11-11" ObjStrasseID="6131" ObjHausnummer="Cäcilienstraße 2" ObjVorlage="2013-09-11 00:00:00.0" ObKeinKontakt="1" ObjArtID="177" Merkmal="0.0" ObjInfo="Haus gehört Gutbrodt"/>
  <Objekte ObjID="15027" ObjAufnahme="1999-11-11" ObjLetztKontakt="1999-11-11" ObjStrasseID="6131" ObjHausnummer="Cäcilienstraße 4" ObjVorlage="2013-09-11 00:00:00.0" ObKeinKontakt="1" ObjArtID="1" Merkmal="0.0"/>
  <Objekte ObjID="15028" ObjAufnahme="1999-11-11" ObjLetztKontakt="1999-11-11" ObjStrasseID="6131" ObjHausnummer="Cäcilienstraße 6" ObjVorlage="2013-09-11 00:00:00.0" ObKeinKontakt="1" ObjArtID="177" Merkmal="0.0" ObjInfo="von Herrn Hein aufgeteilt"/>
  <Objekte ObjID="15029" ObjAufnahme="1999-11-11" ObjLetztKontakt="1999-11-11" ObjStrasseID="6131" ObjHausnummer="Cäcilienstraße 8" ObjVorlage="2013-09-11 00:00:00.0" ObKeinKontakt="1" ObjArtID="1" Merkmal="0.0"/>
  <Objekte ObjID="15030" ObjAufnahme="1999-11-11" ObjLetztKontakt="1999-11-11" ObjStrasseID="6131" ObjHausnummer="Cäcilienstraße 8A" ObjVorlage="2013-09-11 00:00:00.0" ObKeinKontakt="1" ObjArtID="1" Merkmal="0.0"/>
  <Objekte ObjID="15031" ObjAufnahme="1999-11-11" ObjLetztKontakt="1999-11-11" ObjStrasseID="8606" ObjHausnummer="Wichmannstraße 22" ObjVorlage="2013-09-11 00:00:00.0" ObKeinKontakt="1" ObjArtID="1" Merkmal="0.0"/>
  <Objekte ObjID="15032" ObjAufnahme="1999-11-11" ObjLetztKontakt="1999-11-11" ObjStrasseID="8606" ObjHausnummer="Wichmannstraße 26" ObjVorlage="2013-09-11 00:00:00.0" ObKeinKontakt="1" ObjArtID="1" Merkmal="0.0"/>
  <Objekte ObjID="15033" ObjAufnahme="1999-11-11" ObjLetztKontakt="1999-11-11" ObjStrasseID="8606" ObjHausnummer="Wichmannstraße 1" ObjVorlage="2013-09-11 00:00:00.0" ObKeinKontakt="1" ObjArtID="1" Merkmal="0.0"/>
  <Objekte ObjID="15034" ObjAufnahme="1999-11-11" ObjLetztKontakt="1999-11-11" ObjStrasseID="8606" ObjHausnummer="Wichmannstraße 3" ObjVorlage="2013-09-11 00:00:00.0" ObKeinKontakt="1" ObjArtID="1" Merkmal="0.0"/>
  <Objekte ObjID="15035" ObjAufnahme="1999-11-11" ObjLetztKontakt="1999-11-11" ObjStrasseID="8606" ObjHausnummer="Wichmannstraße 4" ObjVorlage="2013-09-11 00:00:00.0" ObKeinKontakt="1" ObjArtID="1" Merkmal="0.0"/>
  <Objekte ObjID="15036" ObjAufnahme="1999-11-11" ObjLetztKontakt="1999-11-11" ObjStrasseID="8606" ObjHausnummer="Wichmannstraße 5" ObjVorlage="2013-09-11 00:00:00.0" ObKeinKontakt="1" ObjArtID="1" Merkmal="0.0"/>
  <Objekte ObjID="15037" ObjAufnahme="1999-11-11" ObjLetztKontakt="1999-11-11" ObjStrasseID="8606" ObjHausnummer="Wichmannstraße 6" ObjVorlage="2013-09-11 00:00:00.0" ObKeinKontakt="1" ObjArtID="1" Merkmal="0.0"/>
  <Objekte ObjID="15038" ObjAufnahme="1999-11-11" ObjLetztKontakt="1999-11-11" ObjStrasseID="8606" ObjHausnummer="Wichmannstraße 7" ObjVorlage="2013-09-11 00:00:00.0" ObKeinKontakt="1" ObjArtID="1" Merkmal="0.0"/>
  <Objekte ObjID="15039" ObjAufnahme="1999-11-11" ObjLetztKontakt="1999-11-11" ObjStrasseID="8606" ObjHausnummer="Wichmannstraße 8" ObjVorlage="2013-09-11 00:00:00.0" ObKeinKontakt="1" ObjArtID="1" Merkmal="0.0"/>
  <Objekte ObjID="15040" ObjAufnahme="1999-11-12" ObjLetztKontakt="1999-11-12" ObjStrasseID="6883" ObjHausnummer="Hinter dem Kampe 27" ObjVorlage="2013-09-11 00:00:00.0" ObKeinKontakt="1" ObjArtID="24" Merkmal="0.0" ObjInfo="125 m²315 m²19841 Stellplatz425.000,-- DM"/>
  <Objekte ObjID="15041" ObjAufnahme="1999-11-12" ObjLetztKontakt="1999-11-12" ObjStrasseID="9980" ObjHausnummer="Deisterstraße 46" ObjVorlage="2013-09-11 00:00:00.0" ObKeinKontakt="1" ObjArtID="21" Merkmal="0.0" ObjInfo="117 m²205 m²1961\398.000,-- DM"/>
  <Objekte ObjID="15042" ObjAufnahme="1999-11-12" ObjLetztKontakt="1999-11-12" ObjStrasseID="8723" ObjHausnummer="Zur Mühle 33" ObjVorlage="2013-09-11 00:00:00.0" ObKeinKontakt="1" ObjArtID="8" Merkmal="0.0" ObjInfo="170 m²1226 m²1852Grg.790.000,-- DM"/>
  <Objekte ObjID="15043" ObjAufnahme="1999-11-12" ObjLetztKontakt="1999-11-12" ObjStrasseID="8509" ObjHausnummer="Waldstraße 36" ObjVorlage="2013-09-11 00:00:00.0" ObKeinKontakt="1" ObjArtID="69" Merkmal="0.0"/>
  <Objekte ObjID="15044" ObjAufnahme="1999-11-16" ObjLetztKontakt="1999-11-16" ObjStrasseID="5884" ObjHausnummer="Baumstraße 21" ObjVorlage="2013-09-11 00:00:00.0" ObKeinKontakt="1" ObjArtID="118" Merkmal="0.0" ObjInfo="26080\Dachterrasse W Mais."/>
  <Objekte ObjID="15045" ObjAufnahme="1999-11-18" ObjLetztKontakt="1999-11-20" ObjStrasseID="2852" ObjHausnummer="Alte Döhrener Straße 2" ObjVorlage="2013-09-11 00:00:00.0" ObKeinKontakt="5" ObjArtID="14" Merkmal="0.0"/>
  <Objekte ObjID="15046" ObjAufnahme="1999-11-18" ObjLetztKontakt="1999-11-18" ObjStrasseID="2852" ObjHausnummer="Alte Döhrener Straße 4" ObjVorlage="2013-09-11 00:00:00.0" ObKeinKontakt="1" ObjArtID="96" Merkmal="0.0"/>
  <Objekte ObjID="15047" ObjAufnahme="1999-11-18" ObjLetztKontakt="1999-11-18" ObjStrasseID="7561" ObjHausnummer="Moltkeplatz 11" ObjVorlage="2013-09-11 00:00:00.0" ObKeinKontakt="1" ObjArtID="177" Merkmal="0.0"/>
  <Objekte ObjID="15048" ObjAufnahme="1999-11-18" ObjLetztKontakt="1999-11-18" ObjStrasseID="5556" ObjHausnummer="Akazienstraße 15" ObjVorlage="2013-09-11 00:00:00.0" ObKeinKontakt="1" ObjArtID="177" Merkmal="0.0"/>
  <Objekte ObjID="15049" ObjAufnahme="1999-11-18" ObjLetztKontakt="1999-11-18" ObjStrasseID="5576" ObjHausnummer="Alte Döhrener Straße 34" ObjVorlage="2013-09-11 00:00:00.0" ObKeinKontakt="1" ObjArtID="177" Merkmal="0.0"/>
  <Objekte ObjID="15050" ObjAufnahme="1999-11-20" ObjLetztKontakt="1999-11-20" ObjStrasseID="6534" ObjHausnummer="Geibelstraße 4" ObjVorlage="2013-09-11 00:00:00.0" ObKeinKontakt="1" ObjArtID="14" Merkmal="0.0" ObjInfo="249100\Blk."/>
  <Objekte ObjID="15051" ObjAufnahme="1999-11-20" ObjLetztKontakt="1999-11-20" ObjStrasseID="2852" ObjHausnummer="Alte Döhrener Straße 4" ObjVorlage="2013-09-11 00:00:00.0" ObKeinKontakt="1" ObjArtID="82" Merkmal="0.0"/>
  <Objekte ObjID="15052" ObjAufnahme="1999-11-22" ObjLetztKontakt="1999-11-22" ObjStrasseID="6274" ObjHausnummer="Duisburger Straße 8" ObjVorlage="2013-09-11 00:00:00.0" ObKeinKontakt="1" ObjArtID="8" Merkmal="0.0" ObjInfo="220 m²350 m²1928Grg.790.000,-- DM"/>
  <Objekte ObjID="15053" ObjAufnahme="1999-11-30" ObjLetztKontakt="1999-11-30" ObjStrasseID="7199" ObjHausnummer="Kochstraße 17" ObjVorlage="2013-09-11 00:00:00.0" ObKeinKontakt="1" ObjArtID="1" Merkmal="0.0"/>
  <Objekte ObjID="15054" ObjAufnahme="1999-11-30" ObjLetztKontakt="1999-11-30" ObjStrasseID="5558" ObjHausnummer="Albert-Niemann-Straße 1" ObjVorlage="2013-09-11 00:00:00.0" ObKeinKontakt="1" ObjArtID="1" Merkmal="0.0"/>
  <Objekte ObjID="15055" ObjAufnahme="1999-11-30" ObjLetztKontakt="1999-11-30" ObjStrasseID="5558" ObjHausnummer="Albert-Niemann-Straße 16" ObjVorlage="2013-09-11 00:00:00.0" ObKeinKontakt="1" ObjArtID="1" Merkmal="0.0"/>
  <Objekte ObjID="15056" ObjAufnahme="1999-11-30" ObjLetztKontakt="1999-11-30" ObjStrasseID="5558" ObjHausnummer="Albert-Niemann-Straße 17" ObjVorlage="2013-09-11 00:00:00.0" ObKeinKontakt="1" ObjArtID="1" Merkmal="0.0"/>
  <Objekte ObjID="15057" ObjAufnahme="1999-12-01" ObjLetztKontakt="1999-12-01" ObjStrasseID="5628" ObjHausnummer="Am Fuhrenkampe 90" ObjVorlage="2013-09-11 00:00:00.0" ObKeinKontakt="1" ObjArtID="24" Merkmal="0.0" ObjInfo="130 m²470 m²1956Grg.495.000,-- DM"/>
  <Objekte ObjID="15058" ObjAufnahme="1999-12-07" ObjLetztKontakt="1999-12-10" ObjStrasseID="6470" ObjHausnummer="Fridastraße 23B" ObjVorlage="2013-09-11 00:00:00.0" ObKeinKontakt="1" ObjArtID="8" Merkmal="0.0" ObjInfo="160 m²1983Tiefgrg.798.000,-- DM"/>
  <Objekte ObjID="15059" ObjAufnahme="1999-12-08" ObjLetztKontakt="1999-12-08" ObjStrasseID="6984" ObjHausnummer="Im Klingenkampe 26" ObjVorlage="2013-09-11 00:00:00.0" ObKeinKontakt="1" ObjArtID="24" Merkmal="0.0" ObjInfo="100 m²800 m²1975Do.grg.420.000,-- DM"/>
  <Objekte ObjID="15060" ObjAufnahme="1999-12-09" ObjLetztKontakt="1999-12-09" ObjStrasseID="7335" ObjHausnummer="Lehzenstraße 4" ObjVorlage="2013-09-11 00:00:00.0" ObKeinKontakt="1" ObjArtID="1" Merkmal="0.0"/>
  <Objekte ObjID="15061" ObjAufnahme="1999-12-09" ObjLetztKontakt="1999-12-09" ObjStrasseID="7335" ObjHausnummer="Lehzenstraße 3" ObjVorlage="2013-09-11 00:00:00.0" ObKeinKontakt="1" ObjArtID="1" Merkmal="0.0"/>
  <Objekte ObjID="15062" ObjAufnahme="1999-12-09" ObjLetztKontakt="1999-12-09" ObjStrasseID="7335" ObjHausnummer="Lehzenstraße 5" ObjVorlage="2013-09-11 00:00:00.0" ObKeinKontakt="1" ObjArtID="1" Merkmal="0.0"/>
  <Objekte ObjID="15063" ObjAufnahme="1999-12-09" ObjLetztKontakt="1999-12-09" ObjStrasseID="7335" ObjHausnummer="Lehzenstraße 6" ObjVorlage="2013-09-11 00:00:00.0" ObKeinKontakt="1" ObjArtID="1" Merkmal="0.0"/>
  <Objekte ObjID="15064" ObjAufnahme="1999-12-09" ObjLetztKontakt="1999-12-09" ObjStrasseID="7335" ObjHausnummer="Lehzenstraße 7" ObjVorlage="2013-09-11 00:00:00.0" ObKeinKontakt="1" ObjArtID="1" Merkmal="0.0"/>
  <Objekte ObjID="15065" ObjAufnahme="1999-12-09" ObjLetztKontakt="1999-12-09" ObjStrasseID="7335" ObjHausnummer="Lehzenstraße 8" ObjVorlage="2013-09-11 00:00:00.0" ObKeinKontakt="1" ObjArtID="1" Merkmal="0.0"/>
  <Objekte ObjID="15066" ObjAufnahme="1999-12-09" ObjLetztKontakt="1999-12-09" ObjStrasseID="7335" ObjHausnummer="Lehzenstraße 10" ObjVorlage="2013-09-11 00:00:00.0" ObKeinKontakt="1" ObjArtID="1" Merkmal="0.0"/>
  <Objekte ObjID="15067" ObjAufnahme="1999-12-09" ObjLetztKontakt="1999-12-09" ObjStrasseID="8706" ObjHausnummer="Ziegelstraße 13" ObjVorlage="2013-09-11 00:00:00.0" ObKeinKontakt="1" ObjArtID="177" Merkmal="0.0"/>
  <Objekte ObjID="15068" ObjAufnahme="1999-12-09" ObjLetztKontakt="1999-12-09" ObjStrasseID="8618" ObjHausnummer="Wiesenstraße 46B" ObjVorlage="2013-09-11 00:00:00.0" ObKeinKontakt="1" ObjArtID="1" Merkmal="0.0"/>
  <Objekte ObjID="15069" ObjAufnahme="1999-12-09" ObjLetztKontakt="1999-12-09" ObjStrasseID="8706" ObjHausnummer="Ziegelstraße 11" ObjVorlage="2013-09-11 00:00:00.0" ObKeinKontakt="1" ObjArtID="1" Merkmal="0.0" ObjInfo="gehört Eigentümer mit größerem Immobilienbestand"/>
  <Objekte ObjID="15070" ObjAufnahme="1999-12-15" ObjLetztKontakt="1999-12-15" ObjStrasseID="7706" ObjHausnummer="Ostfeldstraße 24" ObjVorlage="2013-09-11 00:00:00.0" ObKeinKontakt="1" ObjArtID="8" Merkmal="0.0" ObjInfo="274 m²1100 m²1970Grg.1,8 Mio. DM"/>
  <Objekte ObjID="15071" ObjAufnahme="1999-12-16" ObjLetztKontakt="1999-12-16" ObjStrasseID="5944" ObjHausnummer="Bethlehemstraße 5" ObjVorlage="2013-09-11 00:00:00.0" ObKeinKontakt="1" ObjArtID="240" Merkmal="0.0" ObjInfo="15057,5419Blk. S"/>
  <Objekte ObjID="15072" ObjAufnahme="1999-12-16" ObjLetztKontakt="1999-12-16" ObjStrasseID="5944" ObjHausnummer="Bethlehemstraße 5" ObjVorlage="2013-09-11 00:00:00.0" ObKeinKontakt="1" ObjArtID="76" Merkmal="0.0" ObjInfo="21080616Blk. S"/>
  <Objekte ObjID="15073" ObjAufnahme="1999-12-16" ObjLetztKontakt="1999-12-16" ObjStrasseID="5944" ObjHausnummer="Bethlehemstraße 5" ObjVorlage="2013-09-11 00:00:00.0" ObKeinKontakt="1" ObjArtID="61" Merkmal="0.0" ObjInfo="13551480Blk. S"/>
  <Objekte ObjID="15074" ObjAufnahme="1999-12-16" ObjLetztKontakt="1999-12-16" ObjStrasseID="5944" ObjHausnummer="Bethlehemstraße 5" ObjVorlage="2013-09-11 00:00:00.0" ObKeinKontakt="1" ObjArtID="241" Merkmal="0.0" ObjInfo="16562542Blk. S"/>
  <Objekte ObjID="15075" ObjAufnahme="1999-12-16" ObjLetztKontakt="1999-12-16" ObjStrasseID="5944" ObjHausnummer="Bethlehemstraße 5" ObjVorlage="2013-09-11 00:00:00.0" ObKeinKontakt="1" ObjArtID="242" Merkmal="0.0" ObjInfo="16562670Blk. S"/>
  <Objekte ObjID="15076" ObjAufnahme="1999-12-16" ObjLetztKontakt="1999-12-16" ObjStrasseID="5944" ObjHausnummer="Bethlehemstraße 5" ObjVorlage="2013-09-11 00:00:00.0" ObKeinKontakt="1" ObjArtID="243" Merkmal="0.0" ObjInfo="16562550Blk. S"/>
  <Objekte ObjID="15077" ObjAufnahme="1999-12-16" ObjLetztKontakt="1999-12-16" ObjStrasseID="5944" ObjHausnummer="Bethlehemstraße 5" ObjVorlage="2013-09-11 00:00:00.0" ObKeinKontakt="1" ObjArtID="230" Merkmal="0.0" ObjInfo="16562550Blk. S"/>
  <Objekte ObjID="15078" ObjAufnahme="1999-12-16" ObjLetztKontakt="1999-12-16" ObjStrasseID="5944" ObjHausnummer="Bethlehemstraße 5" ObjVorlage="2013-09-11 00:00:00.0" ObKeinKontakt="1" ObjArtID="168" Merkmal="0.0" ObjInfo="390118\Blk. S"/>
  <Objekte ObjID="15079" ObjAufnahme="1999-12-20" ObjLetztKontakt="1999-12-20" ObjStrasseID="6612" ObjHausnummer="Götzstraße 27" ObjVorlage="2013-09-11 00:00:00.0" ObKeinKontakt="1" ObjArtID="24" Merkmal="0.0" ObjInfo="200 m²450 m²1933/79/85Grg.590.000,-- DM"/>
  <Objekte ObjID="15080" ObjAufnahme="2000-01-05" ObjLetztKontakt="2000-01-05" ObjStrasseID="8471" ObjHausnummer="Viktoriastraße 8" ObjVorlage="2013-09-11 00:00:00.0" ObKeinKontakt="1" ObjArtID="8" Merkmal="0.0" ObjInfo="190 m²400 m²1890630.000,-- DM"/>
  <Objekte ObjID="15081" ObjAufnahme="2000-01-05" ObjLetztKontakt="2000-01-05" ObjStrasseID="8471" ObjHausnummer="Viktoriastraße 7" ObjVorlage="2013-09-11 00:00:00.0" ObKeinKontakt="1" ObjArtID="1" Merkmal="0.0"/>
  <Objekte ObjID="15082" ObjAufnahme="2000-01-05" ObjLetztKontakt="2000-01-05" ObjStrasseID="8471" ObjHausnummer="Viktoriastraße 6" ObjVorlage="2013-09-11 00:00:00.0" ObKeinKontakt="1" ObjArtID="20" Merkmal="0.0"/>
  <Objekte ObjID="15083" ObjAufnahme="2000-01-05" ObjLetztKontakt="2000-01-05" ObjStrasseID="8471" ObjHausnummer="Viktoriastraße 5B" ObjVorlage="2013-09-11 00:00:00.0" ObKeinKontakt="1" ObjArtID="20" Merkmal="0.0"/>
  <Objekte ObjID="15084" ObjAufnahme="2000-01-05" ObjLetztKontakt="2000-01-05" ObjStrasseID="8471" ObjHausnummer="Viktoriastraße 5A" ObjVorlage="2013-09-11 00:00:00.0" ObKeinKontakt="1" ObjArtID="24" Merkmal="0.0"/>
  <Objekte ObjID="15085" ObjAufnahme="2000-01-05" ObjLetztKontakt="2000-01-05" ObjStrasseID="8471" ObjHausnummer="Viktoriastraße 4" ObjVorlage="2013-09-11 00:00:00.0" ObKeinKontakt="1" ObjArtID="24" Merkmal="0.0"/>
  <Objekte ObjID="15086" ObjAufnahme="2000-01-05" ObjLetztKontakt="2000-01-05" ObjStrasseID="8471" ObjHausnummer="Viktoriastraße 3" ObjVorlage="2013-09-11 00:00:00.0" ObKeinKontakt="1" ObjArtID="8" Merkmal="0.0"/>
  <Objekte ObjID="15087" ObjAufnahme="2000-01-05" ObjLetztKontakt="2000-01-05" ObjStrasseID="8471" ObjHausnummer="Viktoriastraße 2A" ObjVorlage="2013-09-11 00:00:00.0" ObKeinKontakt="1" ObjArtID="20" Merkmal="0.0"/>
  <Objekte ObjID="15088" ObjAufnahme="2000-01-05" ObjLetztKontakt="2000-01-05" ObjStrasseID="8471" ObjHausnummer="Viktoriastraße 2B" ObjVorlage="2013-09-11 00:00:00.0" ObKeinKontakt="1" ObjArtID="20" Merkmal="0.0"/>
  <Objekte ObjID="15089" ObjAufnahme="2000-01-05" ObjLetztKontakt="2000-01-05" ObjStrasseID="8471" ObjHausnummer="Viktoriastraße 1" ObjVorlage="2013-09-11 00:00:00.0" ObKeinKontakt="1" ObjArtID="25" Merkmal="0.0"/>
  <Objekte ObjID="15090" ObjAufnahme="2000-01-05" ObjLetztKontakt="2000-01-05" ObjStrasseID="8471" ObjHausnummer="Viktoriastraße 43" ObjVorlage="2013-09-11 00:00:00.0" ObKeinKontakt="1" ObjArtID="25" Merkmal="0.0"/>
  <Objekte ObjID="15091" ObjAufnahme="2000-01-05" ObjLetztKontakt="2000-01-05" ObjStrasseID="8471" ObjHausnummer="Viktoriastraße 42" ObjVorlage="2013-09-11 00:00:00.0" ObKeinKontakt="1" ObjArtID="1" Merkmal="0.0"/>
  <Objekte ObjID="15092" ObjAufnahme="2000-01-05" ObjLetztKontakt="2000-01-05" ObjStrasseID="8471" ObjHausnummer="Viktoriastraße 41A" ObjVorlage="2013-09-11 00:00:00.0" ObKeinKontakt="1" ObjArtID="24" Merkmal="0.0"/>
  <Objekte ObjID="15093" ObjAufnahme="2000-01-05" ObjLetztKontakt="2000-01-05" ObjStrasseID="8471" ObjHausnummer="Viktoriastraße 41B" ObjVorlage="2013-09-11 00:00:00.0" ObKeinKontakt="1" ObjArtID="24" Merkmal="0.0"/>
  <Objekte ObjID="15094" ObjAufnahme="2000-01-05" ObjLetztKontakt="2000-01-05" ObjStrasseID="8471" ObjHausnummer="Viktoriastraße 40" ObjVorlage="2013-09-11 00:00:00.0" ObKeinKontakt="1" ObjArtID="24" Merkmal="0.0"/>
  <Objekte ObjID="15095" ObjAufnahme="2000-01-05" ObjLetztKontakt="2000-01-05" ObjStrasseID="8471" ObjHausnummer="Viktoriastraße 39A" ObjVorlage="2013-09-11 00:00:00.0" ObKeinKontakt="1" ObjArtID="24" Merkmal="0.0"/>
  <Objekte ObjID="15096" ObjAufnahme="2000-01-05" ObjLetztKontakt="2000-01-05" ObjStrasseID="8471" ObjHausnummer="Viktoriastraße 39B" ObjVorlage="2013-09-11 00:00:00.0" ObKeinKontakt="1" ObjArtID="24" Merkmal="0.0"/>
  <Objekte ObjID="15097" ObjAufnahme="2000-01-05" ObjLetztKontakt="2000-01-05" ObjStrasseID="8471" ObjHausnummer="Viktoriastraße 38A" ObjVorlage="2013-09-11 00:00:00.0" ObKeinKontakt="1" ObjArtID="24" Merkmal="0.0"/>
  <Objekte ObjID="15098" ObjAufnahme="2000-01-05" ObjLetztKontakt="2000-01-05" ObjStrasseID="8471" ObjHausnummer="Viktoriastraße 38B" ObjVorlage="2013-09-11 00:00:00.0" ObKeinKontakt="1" ObjArtID="24" Merkmal="0.0"/>
  <Objekte ObjID="15099" ObjAufnahme="2000-01-05" ObjLetztKontakt="2000-01-05" ObjStrasseID="8471" ObjHausnummer="Viktoriastraße 37" ObjVorlage="2013-09-11 00:00:00.0" ObKeinKontakt="1" ObjArtID="1" Merkmal="0.0"/>
  <Objekte ObjID="15100" ObjAufnahme="2000-01-05" ObjLetztKontakt="2000-01-05" ObjStrasseID="8471" ObjHausnummer="Viktoriastraße 36" ObjVorlage="2013-09-11 00:00:00.0" ObKeinKontakt="1" ObjArtID="24" Merkmal="0.0"/>
  <Objekte ObjID="15101" ObjAufnahme="2000-01-05" ObjLetztKontakt="2000-01-05" ObjStrasseID="8471" ObjHausnummer="Viktoriastraße 35" ObjVorlage="2013-09-11 00:00:00.0" ObKeinKontakt="1" ObjArtID="24" Merkmal="0.0"/>
  <Objekte ObjID="15102" ObjAufnahme="2000-01-05" ObjLetztKontakt="2000-01-05" ObjStrasseID="8471" ObjHausnummer="Viktoriastraße 33" ObjVorlage="2013-09-11 00:00:00.0" ObKeinKontakt="1" ObjArtID="24" Merkmal="0.0"/>
  <Objekte ObjID="15103" ObjAufnahme="2000-01-05" ObjLetztKontakt="2000-01-05" ObjStrasseID="8471" ObjHausnummer="Viktoriastraße 32" ObjVorlage="2013-09-11 00:00:00.0" ObKeinKontakt="1" ObjArtID="24" Merkmal="0.0"/>
  <Objekte ObjID="15104" ObjAufnahme="2000-01-05" ObjLetztKontakt="2000-01-05" ObjStrasseID="8471" ObjHausnummer="Viktoriastraße 31" ObjVorlage="2013-09-11 00:00:00.0" ObKeinKontakt="1" ObjArtID="24" Merkmal="0.0"/>
  <Objekte ObjID="15105" ObjAufnahme="2000-01-05" ObjLetztKontakt="2000-01-05" ObjStrasseID="8471" ObjHausnummer="Viktoriastraße 30" ObjVorlage="2013-09-11 00:00:00.0" ObKeinKontakt="1" ObjArtID="24" Merkmal="0.0"/>
  <Objekte ObjID="15106" ObjAufnahme="2000-01-05" ObjLetztKontakt="2000-01-05" ObjStrasseID="8471" ObjHausnummer="Viktoriastraße 29" ObjVorlage="2013-09-11 00:00:00.0" ObKeinKontakt="1" ObjArtID="24" Merkmal="0.0"/>
  <Objekte ObjID="15107" ObjAufnahme="2000-01-05" ObjLetztKontakt="2000-01-05" ObjStrasseID="8471" ObjHausnummer="Viktoriastraße 28" ObjVorlage="2013-09-11 00:00:00.0" ObKeinKontakt="1" ObjArtID="1" Merkmal="0.0"/>
  <Objekte ObjID="15108" ObjAufnahme="2000-01-05" ObjLetztKontakt="2000-01-05" ObjStrasseID="8471" ObjHausnummer="Viktoriastraße 25" ObjVorlage="2013-09-11 00:00:00.0" ObKeinKontakt="1" ObjArtID="1" Merkmal="0.0"/>
  <Objekte ObjID="15109" ObjAufnahme="2000-01-05" ObjLetztKontakt="2000-01-05" ObjStrasseID="8471" ObjHausnummer="Viktoriastraße 24" ObjVorlage="2013-09-11 00:00:00.0" ObKeinKontakt="1" ObjArtID="1" Merkmal="0.0"/>
  <Objekte ObjID="15110" ObjAufnahme="2000-01-05" ObjLetztKontakt="2000-01-05" ObjStrasseID="8471" ObjHausnummer="Viktoriastraße 23" ObjVorlage="2013-09-11 00:00:00.0" ObKeinKontakt="1" ObjArtID="1" Merkmal="0.0"/>
  <Objekte ObjID="15111" ObjAufnahme="2000-01-05" ObjLetztKontakt="2000-01-05" ObjStrasseID="8471" ObjHausnummer="Viktoriastraße 22" ObjVorlage="2013-09-11 00:00:00.0" ObKeinKontakt="1" ObjArtID="1" Merkmal="0.0"/>
  <Objekte ObjID="15112" ObjAufnahme="2000-01-05" ObjLetztKontakt="2000-01-05" ObjStrasseID="8471" ObjHausnummer="Viktoriastraße 20" ObjVorlage="2013-09-11 00:00:00.0" ObKeinKontakt="1" ObjArtID="1" Merkmal="0.0"/>
  <Objekte ObjID="15113" ObjAufnahme="2000-01-05" ObjLetztKontakt="2000-01-05" ObjStrasseID="8471" ObjHausnummer="Viktoriastraße 19" ObjVorlage="2013-09-11 00:00:00.0" ObKeinKontakt="1" ObjArtID="8" Merkmal="0.0"/>
  <Objekte ObjID="15114" ObjAufnahme="2000-01-05" ObjLetztKontakt="2000-01-05" ObjStrasseID="8471" ObjHausnummer="Viktoriastraße 18" ObjVorlage="2013-09-11 00:00:00.0" ObKeinKontakt="1" ObjArtID="1" Merkmal="0.0"/>
  <Objekte ObjID="15115" ObjAufnahme="2000-01-05" ObjLetztKontakt="2000-01-05" ObjStrasseID="8471" ObjHausnummer="Viktoriastraße 17" ObjVorlage="2013-09-11 00:00:00.0" ObKeinKontakt="1" ObjArtID="1" Merkmal="0.0"/>
  <Objekte ObjID="15116" ObjAufnahme="2000-01-05" ObjLetztKontakt="2000-01-05" ObjStrasseID="8471" ObjHausnummer="Viktoriastraße 16" ObjVorlage="2013-09-11 00:00:00.0" ObKeinKontakt="1" ObjArtID="1" Merkmal="0.0"/>
  <Objekte ObjID="15117" ObjAufnahme="2000-01-05" ObjLetztKontakt="2000-01-05" ObjStrasseID="8471" ObjHausnummer="Viktoriastraße 15" ObjVorlage="2013-09-11 00:00:00.0" ObKeinKontakt="1" ObjArtID="8" Merkmal="0.0"/>
  <Objekte ObjID="15118" ObjAufnahme="2000-01-05" ObjLetztKontakt="2000-01-05" ObjStrasseID="8471" ObjHausnummer="Viktoriastraße 14" ObjVorlage="2013-09-11 00:00:00.0" ObKeinKontakt="1" ObjArtID="1" Merkmal="0.0"/>
  <Objekte ObjID="15119" ObjAufnahme="2000-01-05" ObjLetztKontakt="2000-01-05" ObjStrasseID="8471" ObjHausnummer="Viktoriastraße 13" ObjVorlage="2013-09-11 00:00:00.0" ObKeinKontakt="1" ObjArtID="1" Merkmal="0.0"/>
  <Objekte ObjID="15120" ObjAufnahme="2000-01-05" ObjLetztKontakt="2000-01-05" ObjStrasseID="8471" ObjHausnummer="Viktoriastraße 12" ObjVorlage="2013-09-11 00:00:00.0" ObKeinKontakt="1" ObjArtID="1" Merkmal="0.0"/>
  <Objekte ObjID="15121" ObjAufnahme="2000-01-05" ObjLetztKontakt="2000-01-05" ObjStrasseID="8471" ObjHausnummer="Viktoriastraße 11" ObjVorlage="2013-09-11 00:00:00.0" ObKeinKontakt="1" ObjArtID="8" Merkmal="0.0"/>
  <Objekte ObjID="15122" ObjAufnahme="2000-01-05" ObjLetztKontakt="2000-01-05" ObjStrasseID="8471" ObjHausnummer="Viktoriastraße 10" ObjVorlage="2013-09-11 00:00:00.0" ObKeinKontakt="1" ObjArtID="8" Merkmal="0.0"/>
  <Objekte ObjID="15123" ObjAufnahme="2000-01-05" ObjLetztKontakt="2000-01-05" ObjStrasseID="8471" ObjHausnummer="Viktoriastraße 9" ObjVorlage="2013-09-11 00:00:00.0" ObKeinKontakt="1" ObjArtID="1" Merkmal="0.0"/>
  <Objekte ObjID="15124" ObjAufnahme="2000-01-06" ObjLetztKontakt="2000-01-06" ObjStrasseID="7199" ObjHausnummer="Kochstraße 11D" ObjVorlage="2013-09-11 00:00:00.0" ObKeinKontakt="1" ObjArtID="1" Merkmal="0.0"/>
  <Objekte ObjID="15125" ObjAufnahme="2000-01-06" ObjLetztKontakt="2000-01-06" ObjStrasseID="7199" ObjHausnummer="Kochstraße 11B" ObjVorlage="2013-09-11 00:00:00.0" ObKeinKontakt="1" ObjArtID="1" Merkmal="0.0"/>
  <Objekte ObjID="15126" ObjAufnahme="2000-01-06" ObjLetztKontakt="2000-01-06" ObjStrasseID="7199" ObjHausnummer="Kochstraße 11A" ObjVorlage="2013-09-11 00:00:00.0" ObKeinKontakt="1" ObjArtID="1" Merkmal="0.0"/>
  <Objekte ObjID="15127" ObjAufnahme="2000-01-06" ObjLetztKontakt="2000-01-06" ObjStrasseID="7199" ObjHausnummer="Kochstraße 9" ObjVorlage="2013-09-11 00:00:00.0" ObKeinKontakt="1" ObjArtID="1" Merkmal="0.0"/>
  <Objekte ObjID="15128" ObjAufnahme="2000-01-06" ObjLetztKontakt="2000-01-06" ObjStrasseID="7199" ObjHausnummer="Kochstraße 8" ObjVorlage="2013-09-11 00:00:00.0" ObKeinKontakt="1" ObjArtID="1" Merkmal="0.0" ObjInfo="Eigentümer ist ein Hr. Schleusner in der Schweiz; Verw.: Fr. Stichternath i.Hs. Kochstr.8 A"/>
  <Objekte ObjID="15129" ObjAufnahme="2000-01-06" ObjLetztKontakt="2000-01-06" ObjStrasseID="7199" ObjHausnummer="Kochstraße 7" ObjVorlage="2013-09-11 00:00:00.0" ObKeinKontakt="1" ObjArtID="1" Merkmal="0.0"/>
  <Objekte ObjID="15130" ObjAufnahme="2000-01-06" ObjLetztKontakt="2000-01-06" ObjStrasseID="7199" ObjHausnummer="Kochstraße 5" ObjVorlage="2013-09-11 00:00:00.0" ObKeinKontakt="1" ObjArtID="1" Merkmal="0.0"/>
  <Objekte ObjID="15131" ObjAufnahme="2000-01-06" ObjLetztKontakt="2000-01-06" ObjStrasseID="7199" ObjHausnummer="Kochstraße 4" ObjVorlage="2013-09-11 00:00:00.0" ObKeinKontakt="1" ObjArtID="1" Merkmal="0.0"/>
  <Objekte ObjID="15132" ObjAufnahme="2000-01-10" ObjLetztKontakt="2000-01-10" ObjStrasseID="7199" ObjHausnummer="Kochstraße 11" ObjVorlage="2013-09-11 00:00:00.0" ObKeinKontakt="1" ObjArtID="1" Merkmal="0.0"/>
  <Objekte ObjID="15133" ObjAufnahme="2000-01-10" ObjLetztKontakt="2000-02-24" ObjStrasseID="7199" ObjHausnummer="Kochstraße 3" ObjVorlage="2013-09-11 00:00:00.0" ObKeinKontakt="1" ObjArtID="1" Merkmal="0.0"/>
  <Objekte ObjID="15134" ObjAufnahme="2000-01-10" ObjLetztKontakt="2000-01-10" ObjStrasseID="7199" ObjHausnummer="Kochstraße 20" ObjVorlage="2013-09-11 00:00:00.0" ObKeinKontakt="1" ObjArtID="1" Merkmal="0.0"/>
  <Objekte ObjID="15135" ObjAufnahme="2000-01-10" ObjLetztKontakt="2000-02-24" ObjStrasseID="7199" ObjHausnummer="Kochstraße 19" ObjVorlage="2013-09-11 00:00:00.0" ObKeinKontakt="1" ObjArtID="1" Merkmal="0.0"/>
  <Objekte ObjID="15136" ObjAufnahme="2000-01-10" ObjLetztKontakt="2000-01-10" ObjStrasseID="7199" ObjHausnummer="Kochstraße 1A" ObjVorlage="2013-09-11 00:00:00.0" ObKeinKontakt="1" ObjArtID="1" Merkmal="0.0"/>
  <Objekte ObjID="15137" ObjAufnahme="2000-01-10" ObjLetztKontakt="2000-01-10" ObjStrasseID="7199" ObjHausnummer="Kochstraße 10" ObjVorlage="2013-09-11 00:00:00.0" ObKeinKontakt="1" ObjArtID="1" Merkmal="0.0"/>
  <Objekte ObjID="15138" ObjAufnahme="2000-01-10" ObjLetztKontakt="2000-01-10" ObjStrasseID="7199" ObjHausnummer="Kochstraße 18" ObjVorlage="2013-09-11 00:00:00.0" ObKeinKontakt="1" ObjArtID="1" Merkmal="0.0"/>
  <Objekte ObjID="15139" ObjAufnahme="2000-01-10" ObjLetztKontakt="2000-01-10" ObjStrasseID="7199" ObjHausnummer="Kochstraße 16" ObjVorlage="2013-09-11 00:00:00.0" ObKeinKontakt="1" ObjArtID="1" Merkmal="0.0"/>
  <Objekte ObjID="15140" ObjAufnahme="2000-01-10" ObjLetztKontakt="2000-01-10" ObjStrasseID="7199" ObjHausnummer="Kochstraße 15" ObjVorlage="2013-09-11 00:00:00.0" ObKeinKontakt="1" ObjArtID="177" Merkmal="0.0"/>
  <Objekte ObjID="15141" ObjAufnahme="2000-01-10" ObjLetztKontakt="2000-01-10" ObjStrasseID="7199" ObjHausnummer="Kochstraße 13" ObjVorlage="2013-09-11 00:00:00.0" ObKeinKontakt="1" ObjArtID="1" Merkmal="0.0"/>
  <Objekte ObjID="15142" ObjAufnahme="2000-01-10" ObjLetztKontakt="2000-01-10" ObjStrasseID="7199" ObjHausnummer="Kochstraße 12" ObjVorlage="2013-09-11 00:00:00.0" ObKeinKontakt="1" ObjArtID="1" Merkmal="0.0"/>
  <Objekte ObjID="15143" ObjAufnahme="2000-01-11" ObjLetztKontakt="2000-01-11" ObjStrasseID="7199" ObjHausnummer="Kochstraße 11C" ObjVorlage="2013-09-11 00:00:00.0" ObKeinKontakt="1" ObjArtID="1" Merkmal="0.0"/>
  <Objekte ObjID="15144" ObjAufnahme="2000-01-11" ObjLetztKontakt="2000-01-11" ObjStrasseID="8260" ObjHausnummer="Stärkestraße 11" ObjVorlage="2013-09-11 00:00:00.0" ObKeinKontakt="1" ObjArtID="1" Merkmal="0.0"/>
  <Objekte ObjID="15145" ObjAufnahme="2000-01-11" ObjLetztKontakt="2000-01-11" ObjStrasseID="8260" ObjHausnummer="Stärkestraße 10" ObjVorlage="2013-09-11 00:00:00.0" ObKeinKontakt="1" ObjArtID="1" Merkmal="0.0"/>
  <Objekte ObjID="15146" ObjAufnahme="2000-01-11" ObjLetztKontakt="2000-01-11" ObjStrasseID="8260" ObjHausnummer="Stärkestraße 9" ObjVorlage="2013-09-11 00:00:00.0" ObKeinKontakt="1" ObjArtID="1" Merkmal="0.0"/>
  <Objekte ObjID="15147" ObjAufnahme="2000-01-11" ObjLetztKontakt="2000-01-11" ObjStrasseID="8260" ObjHausnummer="Stärkestraße 8" ObjVorlage="2013-09-11 00:00:00.0" ObKeinKontakt="1" ObjArtID="1" Merkmal="0.0"/>
  <Objekte ObjID="15148" ObjAufnahme="2000-01-11" ObjLetztKontakt="2000-01-11" ObjStrasseID="8260" ObjHausnummer="Stärkestraße 7" ObjVorlage="2013-09-11 00:00:00.0" ObKeinKontakt="1" ObjArtID="1" Merkmal="0.0"/>
  <Objekte ObjID="15149" ObjAufnahme="2000-01-11" ObjLetztKontakt="2000-01-11" ObjStrasseID="8260" ObjHausnummer="Stärkestraße 6" ObjVorlage="2013-09-11 00:00:00.0" ObKeinKontakt="1" ObjArtID="1" Merkmal="0.0"/>
  <Objekte ObjID="15150" ObjAufnahme="2000-01-11" ObjLetztKontakt="2000-01-11" ObjStrasseID="8260" ObjHausnummer="Stärkestraße 5" ObjVorlage="2013-09-11 00:00:00.0" ObKeinKontakt="1" ObjArtID="1" Merkmal="0.0"/>
  <Objekte ObjID="15151" ObjAufnahme="2000-01-11" ObjLetztKontakt="2000-01-11" ObjStrasseID="8260" ObjHausnummer="Stärkestraße 3" ObjVorlage="2013-09-11 00:00:00.0" ObKeinKontakt="1" ObjArtID="1" Merkmal="0.0"/>
  <Objekte ObjID="15152" ObjAufnahme="2000-01-11" ObjLetztKontakt="2000-01-11" ObjStrasseID="8260" ObjHausnummer="Stärkestraße 1" ObjVorlage="2013-09-11 00:00:00.0" ObKeinKontakt="1" ObjArtID="1" Merkmal="0.0"/>
  <Objekte ObjID="15153" ObjAufnahme="2000-01-11" ObjLetztKontakt="2000-01-11" ObjStrasseID="8260" ObjHausnummer="Stärkestraße 1A" ObjVorlage="2013-09-11 00:00:00.0" ObKeinKontakt="1" ObjArtID="1" Merkmal="0.0"/>
  <Objekte ObjID="15154" ObjAufnahme="2000-01-11" ObjLetztKontakt="2000-01-11" ObjStrasseID="8260" ObjHausnummer="Stärkestraße 27A" ObjVorlage="2013-09-11 00:00:00.0" ObKeinKontakt="1" ObjArtID="1" Merkmal="0.0"/>
  <Objekte ObjID="15155" ObjAufnahme="2000-01-11" ObjLetztKontakt="2000-01-11" ObjStrasseID="8260" ObjHausnummer="Stärkestraße 27" ObjVorlage="2013-09-11 00:00:00.0" ObKeinKontakt="1" ObjArtID="1" Merkmal="0.0"/>
  <Objekte ObjID="15156" ObjAufnahme="2000-01-11" ObjLetztKontakt="2000-01-11" ObjStrasseID="8260" ObjHausnummer="Stärkestraße 26" ObjVorlage="2013-09-11 00:00:00.0" ObKeinKontakt="1" ObjArtID="1" Merkmal="0.0"/>
  <Objekte ObjID="15157" ObjAufnahme="2000-01-11" ObjLetztKontakt="2000-01-11" ObjStrasseID="8260" ObjHausnummer="Stärkestraße 23" ObjVorlage="2013-09-11 00:00:00.0" ObKeinKontakt="1" ObjArtID="1" Merkmal="0.0"/>
  <Objekte ObjID="15158" ObjAufnahme="2000-01-11" ObjLetztKontakt="2000-01-11" ObjStrasseID="8260" ObjHausnummer="Stärkestraße 22" ObjVorlage="2013-09-11 00:00:00.0" ObKeinKontakt="1" ObjArtID="1" Merkmal="0.0"/>
  <Objekte ObjID="15159" ObjAufnahme="2000-01-11" ObjLetztKontakt="2000-01-11" ObjStrasseID="8260" ObjHausnummer="Stärkestraße 21" ObjVorlage="2013-09-11 00:00:00.0" ObKeinKontakt="1" ObjArtID="1" Merkmal="0.0"/>
  <Objekte ObjID="15160" ObjAufnahme="2000-01-11" ObjLetztKontakt="2000-01-11" ObjStrasseID="8260" ObjHausnummer="Stärkestraße 19A" ObjVorlage="2013-09-11 00:00:00.0" ObKeinKontakt="1" ObjArtID="1" Merkmal="0.0"/>
  <Objekte ObjID="15161" ObjAufnahme="2000-01-11" ObjLetztKontakt="2000-01-11" ObjStrasseID="8260" ObjHausnummer="Stärkestraße 19" ObjVorlage="2013-09-11 00:00:00.0" ObKeinKontakt="1" ObjArtID="1" Merkmal="0.0"/>
  <Objekte ObjID="15162" ObjAufnahme="2000-01-11" ObjLetztKontakt="2000-01-11" ObjStrasseID="8260" ObjHausnummer="Stärkestraße 18C" ObjVorlage="2013-09-11 00:00:00.0" ObKeinKontakt="1" ObjArtID="1" Merkmal="0.0"/>
  <Objekte ObjID="15163" ObjAufnahme="2000-01-11" ObjLetztKontakt="2000-01-11" ObjStrasseID="8260" ObjHausnummer="Stärkestraße 18B" ObjVorlage="2013-09-11 00:00:00.0" ObKeinKontakt="1" ObjArtID="1" Merkmal="0.0"/>
  <Objekte ObjID="15164" ObjAufnahme="2000-01-11" ObjLetztKontakt="2000-01-11" ObjStrasseID="8260" ObjHausnummer="Stärkestraße 18A" ObjVorlage="2013-09-11 00:00:00.0" ObKeinKontakt="1" ObjArtID="1" Merkmal="0.0"/>
  <Objekte ObjID="15165" ObjAufnahme="2000-01-11" ObjLetztKontakt="2000-01-11" ObjStrasseID="8260" ObjHausnummer="Stärkestraße 17" ObjVorlage="2013-09-11 00:00:00.0" ObKeinKontakt="1" ObjArtID="1" Merkmal="0.0"/>
  <Objekte ObjID="15166" ObjAufnahme="2000-01-11" ObjLetztKontakt="2000-01-11" ObjStrasseID="8260" ObjHausnummer="Stärkestraße 16A" ObjVorlage="2013-09-11 00:00:00.0" ObKeinKontakt="1" ObjArtID="1" Merkmal="0.0"/>
  <Objekte ObjID="15167" ObjAufnahme="2000-01-11" ObjLetztKontakt="2000-01-11" ObjStrasseID="8260" ObjHausnummer="Stärkestraße 15" ObjVorlage="2013-09-11 00:00:00.0" ObKeinKontakt="1" ObjArtID="1" Merkmal="0.0"/>
  <Objekte ObjID="15168" ObjAufnahme="2000-01-11" ObjLetztKontakt="2000-01-11" ObjStrasseID="8260" ObjHausnummer="Stärkestraße 14" ObjVorlage="2013-09-11 00:00:00.0" ObKeinKontakt="1" ObjArtID="1" Merkmal="0.0"/>
  <Objekte ObjID="15169" ObjAufnahme="2000-01-11" ObjLetztKontakt="2000-01-11" ObjStrasseID="7710" ObjHausnummer="Ottenstraße 1" ObjVorlage="2013-09-11 00:00:00.0" ObKeinKontakt="1" ObjArtID="1" Merkmal="0.0"/>
  <Objekte ObjID="15170" ObjAufnahme="2000-01-11" ObjLetztKontakt="2000-01-11" ObjStrasseID="7710" ObjHausnummer="Ottenstraße 3" ObjVorlage="2013-09-11 00:00:00.0" ObKeinKontakt="1" ObjArtID="1" Merkmal="0.0"/>
  <Objekte ObjID="15171" ObjAufnahme="2000-01-11" ObjLetztKontakt="2000-01-11" ObjStrasseID="7710" ObjHausnummer="Ottenstraße 10" ObjVorlage="2013-09-11 00:00:00.0" ObKeinKontakt="1" ObjArtID="1" Merkmal="0.0"/>
  <Objekte ObjID="15172" ObjAufnahme="2000-01-11" ObjLetztKontakt="2000-01-11" ObjStrasseID="8260" ObjHausnummer="Stärkestraße 12" ObjVorlage="2013-09-11 00:00:00.0" ObKeinKontakt="1" ObjArtID="1" Merkmal="0.0"/>
  <Objekte ObjID="15173" ObjAufnahme="2000-01-11" ObjLetztKontakt="2000-01-11" ObjStrasseID="7710" ObjHausnummer="Ottenstraße 7" ObjVorlage="2013-09-11 00:00:00.0" ObKeinKontakt="1" ObjArtID="1" Merkmal="0.0"/>
  <Objekte ObjID="15174" ObjAufnahme="2000-01-11" ObjLetztKontakt="2000-01-11" ObjStrasseID="7710" ObjHausnummer="Ottenstraße 9" ObjVorlage="2013-09-11 00:00:00.0" ObKeinKontakt="1" ObjArtID="1" Merkmal="0.0"/>
  <Objekte ObjID="15175" ObjAufnahme="2000-01-11" ObjLetztKontakt="2000-01-11" ObjStrasseID="7710" ObjHausnummer="Ottenstraße 11" ObjVorlage="2013-09-11 00:00:00.0" ObKeinKontakt="1" ObjArtID="1" Merkmal="0.0"/>
  <Objekte ObjID="15176" ObjAufnahme="2000-01-11" ObjLetztKontakt="2000-01-11" ObjStrasseID="7710" ObjHausnummer="Ottenstraße 13" ObjVorlage="2013-09-11 00:00:00.0" ObKeinKontakt="1" ObjArtID="1" Merkmal="0.0"/>
  <Objekte ObjID="15177" ObjAufnahme="2000-01-11" ObjLetztKontakt="2000-01-11" ObjStrasseID="7710" ObjHausnummer="Ottenstraße 15" ObjVorlage="2013-09-11 00:00:00.0" ObKeinKontakt="1" ObjArtID="1" Merkmal="0.0"/>
  <Objekte ObjID="15178" ObjAufnahme="2000-01-11" ObjLetztKontakt="2000-01-11" ObjStrasseID="7710" ObjHausnummer="Ottenstraße 17" ObjVorlage="2013-09-11 00:00:00.0" ObKeinKontakt="1" ObjArtID="1" Merkmal="0.0"/>
  <Objekte ObjID="15179" ObjAufnahme="2000-01-11" ObjLetztKontakt="2000-01-11" ObjStrasseID="7710" ObjHausnummer="Ottenstraße 19" ObjVorlage="2013-09-11 00:00:00.0" ObKeinKontakt="1" ObjArtID="1" Merkmal="0.0"/>
  <Objekte ObjID="15180" ObjAufnahme="2000-01-11" ObjLetztKontakt="2000-01-11" ObjStrasseID="7710" ObjHausnummer="Ottenstraße 30" ObjVorlage="2013-09-11 00:00:00.0" ObKeinKontakt="1" ObjArtID="1" Merkmal="0.0"/>
  <Objekte ObjID="15181" ObjAufnahme="2000-01-11" ObjLetztKontakt="2000-01-11" ObjStrasseID="7710" ObjHausnummer="Ottenstraße 28" ObjVorlage="2013-09-11 00:00:00.0" ObKeinKontakt="1" ObjArtID="1" Merkmal="0.0"/>
  <Objekte ObjID="15182" ObjAufnahme="2000-01-11" ObjLetztKontakt="2000-01-11" ObjStrasseID="7710" ObjHausnummer="Ottenstraße 26" ObjVorlage="2013-09-11 00:00:00.0" ObKeinKontakt="1" ObjArtID="1" Merkmal="0.0"/>
  <Objekte ObjID="15183" ObjAufnahme="2000-01-11" ObjLetztKontakt="2000-01-11" ObjStrasseID="7710" ObjHausnummer="Ottenstraße 22" ObjVorlage="2013-09-11 00:00:00.0" ObKeinKontakt="1" ObjArtID="1" Merkmal="0.0"/>
  <Objekte ObjID="15184" ObjAufnahme="2000-01-11" ObjLetztKontakt="2000-01-11" ObjStrasseID="7710" ObjHausnummer="Ottenstraße 20" ObjVorlage="2013-09-11 00:00:00.0" ObKeinKontakt="1" ObjArtID="1" Merkmal="0.0"/>
  <Objekte ObjID="15185" ObjAufnahme="2000-01-11" ObjLetztKontakt="2000-01-11" ObjStrasseID="7710" ObjHausnummer="Ottenstraße 18A" ObjVorlage="2013-09-11 00:00:00.0" ObKeinKontakt="1" ObjArtID="1" Merkmal="0.0"/>
  <Objekte ObjID="15186" ObjAufnahme="2000-01-11" ObjLetztKontakt="2000-01-11" ObjStrasseID="7710" ObjHausnummer="Ottenstraße 18" ObjVorlage="2013-09-11 00:00:00.0" ObKeinKontakt="1" ObjArtID="1" Merkmal="0.0"/>
  <Objekte ObjID="15187" ObjAufnahme="2000-01-11" ObjLetztKontakt="2000-01-11" ObjStrasseID="7710" ObjHausnummer="Ottenstraße 16" ObjVorlage="2013-09-11 00:00:00.0" ObKeinKontakt="1" ObjArtID="1" Merkmal="0.0"/>
  <Objekte ObjID="15188" ObjAufnahme="2000-01-11" ObjLetztKontakt="2000-01-11" ObjStrasseID="7710" ObjHausnummer="Ottenstraße 14" ObjVorlage="2013-09-11 00:00:00.0" ObKeinKontakt="1" ObjArtID="1" Merkmal="0.0"/>
  <Objekte ObjID="15189" ObjAufnahme="2000-01-11" ObjLetztKontakt="2000-01-11" ObjStrasseID="7608" ObjHausnummer="Nedderfeldstraße 17" ObjVorlage="2013-09-11 00:00:00.0" ObKeinKontakt="1" ObjArtID="1" Merkmal="0.0"/>
  <Objekte ObjID="15190" ObjAufnahme="2000-01-11" ObjLetztKontakt="2000-01-11" ObjStrasseID="6333" ObjHausnummer="Elisenstraße 10" ObjVorlage="2013-09-11 00:00:00.0" ObKeinKontakt="1" ObjArtID="1" Merkmal="0.0"/>
  <Objekte ObjID="15191" ObjAufnahme="2000-01-20" ObjLetztKontakt="2000-01-20" ObjStrasseID="5659" ObjHausnummer="Am Kalkbruche 5" ObjVorlage="2013-09-11 00:00:00.0" ObKeinKontakt="1" ObjArtID="8" Merkmal="0.0" ObjInfo="220 m²785 m²1976Do.grg.698.000,-- DM"/>
  <Objekte ObjID="15192" ObjAufnahme="2000-01-20" ObjLetztKontakt="2000-01-20" ObjStrasseID="6195" ObjHausnummer="Davenstedter Straße 42" ObjVorlage="2013-09-11 00:00:00.0" ObKeinKontakt="1" ObjArtID="78" Merkmal="0.0" ObjInfo="375160\"/>
  <Objekte ObjID="15193" ObjAufnahme="2000-01-20" ObjLetztKontakt="2000-02-08" ObjStrasseID="10076" ObjHausnummer="Kastanienweg 9" ObjVorlage="2013-09-11 00:00:00.0" ObKeinKontakt="1" ObjArtID="23" Merkmal="0.0" ObjInfo="125 m²313 m²Carport460.000,-- DM"/>
  <Objekte ObjID="15194" ObjAufnahme="2000-01-20" ObjLetztKontakt="2000-01-20" ObjStrasseID="6765" ObjHausnummer="Hauptstraße 9A" ObjVorlage="2013-09-11 00:00:00.0" ObKeinKontakt="1" ObjArtID="22" Merkmal="0.0" ObjInfo="132 m²150 m²1994Grg.350.000,-- DM"/>
  <Objekte ObjID="15195" ObjAufnahme="2000-01-21" ObjLetztKontakt="2000-01-21" ObjStrasseID="8958" ObjHausnummer="Uferweg 54" ObjVorlage="2013-09-11 00:00:00.0" ObKeinKontakt="1" ObjArtID="21" Merkmal="0.0" ObjInfo="128 m²124 m²1989Grg.395.000,-- DM"/>
  <Objekte ObjID="15196" ObjAufnahme="2000-01-21" ObjLetztKontakt="2000-01-21" ObjStrasseID="2903" ObjHausnummer="Am Kalkofen 14" ObjVorlage="2013-09-11 00:00:00.0" ObKeinKontakt="1" ObjArtID="1" Merkmal="0.0"/>
  <Objekte ObjID="15197" ObjAufnahme="2000-01-28" ObjLetztKontakt="2001-02-12" ObjStrasseID="10069" ObjHausnummer="Dammühle 5" ObjVorlage="2013-09-11 00:00:00.0" ObKeinKontakt="2" ObjArtID="24" Merkmal="0.0" ObjInfo="120 m²370 m²1993Grg.360.000,-- DM"/>
  <Objekte ObjID="15198" ObjAufnahme="2000-01-28" ObjLetztKontakt="2000-01-28" ObjStrasseID="7753" ObjHausnummer="Peperfeld 30" ObjVorlage="2013-09-11 00:00:00.0" ObKeinKontakt="1" ObjArtID="21" Merkmal="0.0" ObjInfo="135 m²165 m²1972~&#xD;&#xA;15199"/>
  <Objekte ObjID="15200" ObjAufnahme="2000-02-03" ObjLetztKontakt="2000-02-03" ObjStrasseID="4667" ObjHausnummer="Schneeballweg 1" ObjVorlage="2013-09-11 00:00:00.0" ObKeinKontakt="1" ObjArtID="22" Merkmal="0.0" ObjInfo="125 m²310 m²1993Carp. u. Grg.369.000,-- DM"/>
  <Objekte ObjID="15201" ObjAufnahme="2000-02-03" ObjLetztKontakt="2000-02-03" ObjStrasseID="8065" ObjHausnummer="Schierholzstraße 35" ObjVorlage="2013-09-11 00:00:00.0" ObKeinKontakt="1" ObjArtID="8" Merkmal="0.0" ObjInfo="120 m²263 m²1954-1987Tiefgrg.485.000,-- DM"/>
  <Objekte ObjID="15202" ObjAufnahme="2000-02-03" ObjLetztKontakt="2000-02-03" ObjStrasseID="4645" ObjHausnummer="Schilfkamp 41" ObjVorlage="2013-09-11 00:00:00.0" ObKeinKontakt="1" ObjArtID="8" Merkmal="0.0" ObjInfo="170 m²650 m²1983Do.Grg.598.000,-- DM"/>
  <Objekte ObjID="15203" ObjAufnahme="2000-02-04" ObjLetztKontakt="2000-02-04" ObjStrasseID="10109" ObjHausnummer="Meierkamp 13" ObjVorlage="2013-09-11 00:00:00.0" ObKeinKontakt="1" ObjArtID="8" Merkmal="0.0" ObjInfo="117 m²420 m²\330.000,-- DM"/>
  <Objekte ObjID="15204" ObjAufnahme="2000-02-04" ObjLetztKontakt="2000-02-04" ObjStrasseID="7210" ObjHausnummer="Kollenrodtstraße 58A" ObjVorlage="2013-09-11 00:00:00.0" ObKeinKontakt="1" ObjArtID="1" Merkmal="0.0"/>
  <Objekte ObjID="15206" ObjAufnahme="2000-02-08" ObjLetztKontakt="2000-02-08" ObjStrasseID="7131" ObjHausnummer="Kaulbachstraße 11" ObjVorlage="2013-09-11 00:00:00.0" ObKeinKontakt="5" ObjArtID="18" Merkmal="0.0" ObjInfo="265 m2287 m²1905\1,3 Mio."/>
  <Objekte ObjID="15207" ObjAufnahme="2000-02-08" ObjLetztKontakt="2000-02-08" ObjStrasseID="7309" ObjHausnummer="Langensalzastraße 18" ObjVorlage="2013-09-11 00:00:00.0" ObKeinKontakt="1" ObjArtID="1" Merkmal="0.0"/>
  <Objekte ObjID="15208" ObjAufnahme="2000-02-08" ObjLetztKontakt="2000-02-08" ObjStrasseID="7309" ObjHausnummer="Langensalzastraße 1" ObjVorlage="2013-09-11 00:00:00.0" ObKeinKontakt="1" ObjArtID="1" Merkmal="0.0"/>
  <Objekte ObjID="15209" ObjAufnahme="2000-02-08" ObjLetztKontakt="2000-02-08" ObjStrasseID="7309" ObjHausnummer="Langensalzastraße 5" ObjVorlage="2013-09-11 00:00:00.0" ObKeinKontakt="1" ObjArtID="177" Merkmal="0.0"/>
  <Objekte ObjID="15210" ObjAufnahme="2000-02-08" ObjLetztKontakt="2000-02-08" ObjStrasseID="7309" ObjHausnummer="Langensalzastraße 7" ObjVorlage="2013-09-11 00:00:00.0" ObKeinKontakt="1" ObjArtID="177" Merkmal="0.0"/>
  <Objekte ObjID="15211" ObjAufnahme="2000-02-08" ObjLetztKontakt="2000-02-08" ObjStrasseID="7309" ObjHausnummer="Langensalzastraße 8" ObjVorlage="2013-09-11 00:00:00.0" ObKeinKontakt="1" ObjArtID="177" Merkmal="0.0"/>
  <Objekte ObjID="15212" ObjAufnahme="2000-02-08" ObjLetztKontakt="2000-02-08" ObjStrasseID="7309" ObjHausnummer="Langensalzastraße 19" ObjVorlage="2013-09-11 00:00:00.0" ObKeinKontakt="1" ObjArtID="177" Merkmal="0.0"/>
  <Objekte ObjID="15213" ObjAufnahme="2000-02-08" ObjLetztKontakt="2000-02-08" ObjStrasseID="7309" ObjHausnummer="Langensalzastraße 20" ObjVorlage="2013-09-11 00:00:00.0" ObKeinKontakt="1" ObjArtID="177" Merkmal="0.0"/>
  <Objekte ObjID="15214" ObjAufnahme="2000-02-08" ObjLetztKontakt="2000-02-08" ObjStrasseID="7309" ObjHausnummer="Langensalzastraße 21" ObjVorlage="2013-09-11 00:00:00.0" ObKeinKontakt="2" ObjArtID="1" Merkmal="0.0"/>
  <Objekte ObjID="15215" ObjAufnahme="2000-02-08" ObjLetztKontakt="2000-02-08" ObjStrasseID="7309" ObjHausnummer="Langensalzastraße 22" ObjVorlage="2013-09-11 00:00:00.0" ObKeinKontakt="1" ObjArtID="177" Merkmal="0.0"/>
  <Objekte ObjID="15216" ObjAufnahme="2000-02-08" ObjLetztKontakt="2000-02-08" ObjStrasseID="6806" ObjHausnummer="Heinrich-Kümmel-Straße 1" ObjVorlage="2013-09-11 00:00:00.0" ObKeinKontakt="1" ObjArtID="177" Merkmal="0.0"/>
  <Objekte ObjID="15217" ObjAufnahme="2000-02-08" ObjLetztKontakt="2000-02-08" ObjStrasseID="6806" ObjHausnummer="Heinrich-Kümmel-Straße 2" ObjVorlage="2013-09-11 00:00:00.0" ObKeinKontakt="1" ObjArtID="177" Merkmal="0.0"/>
  <Objekte ObjID="15218" ObjAufnahme="2000-02-08" ObjLetztKontakt="2000-02-08" ObjStrasseID="6806" ObjHausnummer="Heinrich-Kümmel-Straße 3" ObjVorlage="2013-09-11 00:00:00.0" ObKeinKontakt="1" ObjArtID="177" Merkmal="0.0"/>
  <Objekte ObjID="15219" ObjAufnahme="2000-02-08" ObjLetztKontakt="2000-02-08" ObjStrasseID="6806" ObjHausnummer="Heinrich-Kümmel-Straße 4" ObjVorlage="2013-09-11 00:00:00.0" ObKeinKontakt="1" ObjArtID="177" Merkmal="0.0"/>
  <Objekte ObjID="15220" ObjAufnahme="2000-02-08" ObjLetztKontakt="2000-02-08" ObjStrasseID="6806" ObjHausnummer="Heinrich-Kümmel-Straße 6" ObjVorlage="2013-09-11 00:00:00.0" ObKeinKontakt="1" ObjArtID="1" Merkmal="0.0"/>
  <Objekte ObjID="15221" ObjAufnahme="2000-02-08" ObjLetztKontakt="2000-02-08" ObjStrasseID="6806" ObjHausnummer="Heinrich-Kümmel-Straße 8" ObjVorlage="2013-09-11 00:00:00.0" ObKeinKontakt="1" ObjArtID="5" Merkmal="0.0"/>
  <Objekte ObjID="15222" ObjAufnahme="2000-02-09" ObjLetztKontakt="2000-02-14" ObjStrasseID="6283" ObjHausnummer="Ebellstraße 18" ObjVorlage="2013-09-11 00:00:00.0" ObKeinKontakt="1" ObjArtID="8" Merkmal="0.0" ObjInfo="220 m²370 m²1929Grg.720.000,-- DM"/>
  <Objekte ObjID="15223" ObjAufnahme="2000-02-09" ObjLetztKontakt="2000-02-09" ObjStrasseID="6205" ObjHausnummer="Delpweg 9" ObjVorlage="2013-09-11 00:00:00.0" ObKeinKontakt="1" ObjArtID="22" Merkmal="0.0" ObjInfo="106 m²201 m²1973Tiefgrg.350.000,-- DM"/>
  <Objekte ObjID="15224" ObjAufnahme="2000-02-09" ObjLetztKontakt="2000-02-09" ObjStrasseID="7889" ObjHausnummer="Richartzstraße 18" ObjVorlage="2013-09-11 00:00:00.0" ObKeinKontakt="1" ObjArtID="55" Merkmal="0.0" ObjInfo="16563\Blk."/>
  <Objekte ObjID="15225" ObjAufnahme="2000-02-10" ObjLetztKontakt="2000-02-10" ObjStrasseID="7306" ObjHausnummer="Lange-Hop-Straße 14" ObjVorlage="2013-09-11 00:00:00.0" ObKeinKontakt="1" ObjArtID="173" Merkmal="0.0" ObjInfo="650118\ Terr. gr. Garten S/W Grg."/>
  <Objekte ObjID="15226" ObjAufnahme="2000-02-10" ObjLetztKontakt="2000-02-10" ObjStrasseID="9884" ObjHausnummer="Alte Poststraße 34" ObjVorlage="2013-09-11 00:00:00.0" ObKeinKontakt="1" ObjArtID="1" Merkmal="0.0"/>
  <Objekte ObjID="15227" ObjAufnahme="2000-02-11" ObjStrasseID="6066" ObjHausnummer="Brehmhof 5" ObjVorlage="2013-09-11 00:00:00.0" ObKeinKontakt="1" ObjArtID="8" Merkmal="0.0"/>
  <Objekte ObjID="15228" ObjAufnahme="2000-02-11" ObjStrasseID="6066" ObjHausnummer="Brehmhof 6" ObjVorlage="2013-09-11 00:00:00.0" ObKeinKontakt="1" ObjArtID="8" Merkmal="0.0"/>
  <Objekte ObjID="15229" ObjAufnahme="2000-02-11" ObjStrasseID="6066" ObjHausnummer="Brehmhof 9" ObjVorlage="2013-09-11 00:00:00.0" ObKeinKontakt="1" ObjArtID="8" Merkmal="0.0"/>
  <Objekte ObjID="15230" ObjAufnahme="2000-02-11" ObjStrasseID="6066" ObjHausnummer="Brehmhof 10" ObjVorlage="2013-09-11 00:00:00.0" ObKeinKontakt="1" ObjArtID="8" Merkmal="0.0"/>
  <Objekte ObjID="15231" ObjAufnahme="2000-02-11" ObjStrasseID="6066" ObjHausnummer="Brehmhof 11" ObjVorlage="2013-09-11 00:00:00.0" ObKeinKontakt="1" ObjArtID="8" Merkmal="0.0"/>
  <Objekte ObjID="15232" ObjAufnahme="2000-02-11" ObjStrasseID="6066" ObjHausnummer="Brehmhof 12" ObjVorlage="2013-09-11 00:00:00.0" ObKeinKontakt="1" ObjArtID="8" Merkmal="0.0"/>
  <Objekte ObjID="15233" ObjAufnahme="2000-02-11" ObjStrasseID="6066" ObjHausnummer="Brehmhof 13" ObjVorlage="2013-09-11 00:00:00.0" ObKeinKontakt="1" ObjArtID="8" Merkmal="0.0"/>
  <Objekte ObjID="15234" ObjAufnahme="2000-02-11" ObjStrasseID="6066" ObjHausnummer="Brehmhof 14" ObjVorlage="2013-09-11 00:00:00.0" ObKeinKontakt="1" ObjArtID="8" Merkmal="0.0"/>
  <Objekte ObjID="15235" ObjAufnahme="2000-02-11" ObjStrasseID="6066" ObjHausnummer="Brehmhof 15" ObjVorlage="2013-09-11 00:00:00.0" ObKeinKontakt="1" ObjArtID="8" Merkmal="0.0"/>
  <Objekte ObjID="15236" ObjAufnahme="2000-02-11" ObjStrasseID="6066" ObjHausnummer="Brehmhof 18" ObjVorlage="2013-09-11 00:00:00.0" ObKeinKontakt="1" ObjArtID="8" Merkmal="0.0"/>
  <Objekte ObjID="15237" ObjAufnahme="2000-02-11" ObjStrasseID="6066" ObjHausnummer="Brehmhof 19" ObjVorlage="2013-09-11 00:00:00.0" ObKeinKontakt="1" ObjArtID="8" Merkmal="0.0"/>
  <Objekte ObjID="15238" ObjAufnahme="2000-02-11" ObjStrasseID="6066" ObjHausnummer="Brehmhof 20" ObjVorlage="2013-09-11 00:00:00.0" ObKeinKontakt="1" ObjArtID="8" Merkmal="0.0"/>
  <Objekte ObjID="15239" ObjAufnahme="2000-02-11" ObjStrasseID="6066" ObjHausnummer="Brehmhof 21" ObjVorlage="2013-09-11 00:00:00.0" ObKeinKontakt="1" ObjArtID="8" Merkmal="0.0"/>
  <Objekte ObjID="15240" ObjAufnahme="2000-02-11" ObjStrasseID="6066" ObjHausnummer="Brehmhof 22" ObjVorlage="2013-09-11 00:00:00.0" ObKeinKontakt="1" ObjArtID="8" Merkmal="0.0"/>
  <Objekte ObjID="15241" ObjAufnahme="2000-02-11" ObjStrasseID="6066" ObjHausnummer="Brehmhof 23" ObjVorlage="2013-09-11 00:00:00.0" ObKeinKontakt="1" ObjArtID="8" Merkmal="0.0"/>
  <Objekte ObjID="15242" ObjAufnahme="2000-02-11" ObjStrasseID="6066" ObjHausnummer="Brehmhof 24" ObjVorlage="2013-09-11 00:00:00.0" ObKeinKontakt="1" ObjArtID="8" Merkmal="0.0"/>
  <Objekte ObjID="15243" ObjAufnahme="2000-02-15" ObjStrasseID="6067" ObjHausnummer="Brehmstraße 1" ObjVorlage="2013-09-11 00:00:00.0" ObKeinKontakt="1" ObjArtID="8" Merkmal="0.0"/>
  <Objekte ObjID="15244" ObjAufnahme="2000-02-15" ObjStrasseID="6067" ObjHausnummer="Brehmstraße 3" ObjVorlage="2013-09-11 00:00:00.0" ObKeinKontakt="1" ObjArtID="8" Merkmal="0.0"/>
  <Objekte ObjID="15245" ObjAufnahme="2000-02-15" ObjStrasseID="6067" ObjHausnummer="Brehmstraße 5" ObjVorlage="2013-09-11 00:00:00.0" ObKeinKontakt="1" ObjArtID="8" Merkmal="0.0"/>
  <Objekte ObjID="15246" ObjAufnahme="2000-02-15" ObjStrasseID="6067" ObjHausnummer="Brehmstraße 7" ObjVorlage="2013-09-11 00:00:00.0" ObKeinKontakt="1" ObjArtID="8" Merkmal="0.0"/>
  <Objekte ObjID="15247" ObjAufnahme="2000-02-15" ObjStrasseID="6067" ObjHausnummer="Brehmstraße 9" ObjVorlage="2013-09-11 00:00:00.0" ObKeinKontakt="1" ObjArtID="8" Merkmal="0.0"/>
  <Objekte ObjID="15248" ObjAufnahme="2000-02-15" ObjStrasseID="6067" ObjHausnummer="Brehmstraße 11" ObjVorlage="2013-09-11 00:00:00.0" ObKeinKontakt="1" ObjArtID="8" Merkmal="0.0"/>
  <Objekte ObjID="15249" ObjAufnahme="2000-02-15" ObjStrasseID="6067" ObjHausnummer="Brehmstraße 13" ObjVorlage="2013-09-11 00:00:00.0" ObKeinKontakt="1" ObjArtID="8" Merkmal="0.0"/>
  <Objekte ObjID="15250" ObjAufnahme="2000-02-15" ObjStrasseID="6067" ObjHausnummer="Brehmstraße 15" ObjVorlage="2013-09-11 00:00:00.0" ObKeinKontakt="1" ObjArtID="8" Merkmal="0.0"/>
  <Objekte ObjID="15251" ObjAufnahme="2000-02-15" ObjStrasseID="6067" ObjHausnummer="Brehmstraße 17" ObjVorlage="2013-09-11 00:00:00.0" ObKeinKontakt="1" ObjArtID="8" Merkmal="0.0"/>
  <Objekte ObjID="15252" ObjAufnahme="2000-02-15" ObjStrasseID="6067" ObjHausnummer="Brehmstraße 10" ObjVorlage="2013-09-11 00:00:00.0" ObKeinKontakt="1" ObjArtID="8" Merkmal="0.0"/>
  <Objekte ObjID="15253" ObjAufnahme="2000-02-15" ObjStrasseID="6067" ObjHausnummer="Brehmstraße 12" ObjVorlage="2013-09-11 00:00:00.0" ObKeinKontakt="1" ObjArtID="8" Merkmal="0.0"/>
  <Objekte ObjID="15254" ObjAufnahme="2000-02-15" ObjStrasseID="6067" ObjHausnummer="Brehmstraße 14" ObjVorlage="2013-09-11 00:00:00.0" ObKeinKontakt="1" ObjArtID="8" Merkmal="0.0"/>
  <Objekte ObjID="15255" ObjAufnahme="2000-02-15" ObjStrasseID="6067" ObjHausnummer="Brehmstraße 16" ObjVorlage="2013-09-11 00:00:00.0" ObKeinKontakt="1" ObjArtID="8" Merkmal="0.0"/>
  <Objekte ObjID="15256" ObjAufnahme="2000-02-15" ObjStrasseID="6067" ObjHausnummer="Brehmstraße 20" ObjVorlage="2013-09-11 00:00:00.0" ObKeinKontakt="1" ObjArtID="8" Merkmal="0.0"/>
  <Objekte ObjID="15257" ObjAufnahme="2000-02-15" ObjStrasseID="6067" ObjHausnummer="Brehmstraße 22" ObjVorlage="2013-09-11 00:00:00.0" ObKeinKontakt="1" ObjArtID="8" Merkmal="0.0"/>
  <Objekte ObjID="15258" ObjAufnahme="2000-02-15" ObjStrasseID="6067" ObjHausnummer="Brehmstraße 24" ObjVorlage="2013-09-11 00:00:00.0" ObKeinKontakt="1" ObjArtID="8" Merkmal="0.0"/>
  <Objekte ObjID="15259" ObjAufnahme="2000-02-15" ObjStrasseID="6067" ObjHausnummer="Brehmstraße 26" ObjVorlage="2013-09-11 00:00:00.0" ObKeinKontakt="1" ObjArtID="8" Merkmal="0.0"/>
  <Objekte ObjID="15260" ObjAufnahme="2000-02-15" ObjStrasseID="6067" ObjHausnummer="Brehmstraße 28" ObjVorlage="2013-09-11 00:00:00.0" ObKeinKontakt="1" ObjArtID="8" Merkmal="0.0"/>
  <Objekte ObjID="15261" ObjAufnahme="2000-02-15" ObjStrasseID="6067" ObjHausnummer="Brehmstraße 30" ObjVorlage="2013-09-11 00:00:00.0" ObKeinKontakt="1" ObjArtID="8" Merkmal="0.0"/>
  <Objekte ObjID="15262" ObjAufnahme="2000-02-15" ObjStrasseID="6067" ObjHausnummer="Brehmstraße 32" ObjVorlage="2013-09-11 00:00:00.0" ObKeinKontakt="1" ObjArtID="8" Merkmal="0.0"/>
  <Objekte ObjID="15263" ObjAufnahme="2000-02-15" ObjStrasseID="6067" ObjHausnummer="Brehmstraße 34" ObjVorlage="2013-09-11 00:00:00.0" ObKeinKontakt="1" ObjArtID="8" Merkmal="0.0"/>
  <Objekte ObjID="15264" ObjAufnahme="2000-02-15" ObjStrasseID="6067" ObjHausnummer="Brehmstraße 36" ObjVorlage="2013-09-11 00:00:00.0" ObKeinKontakt="1" ObjArtID="8" Merkmal="0.0"/>
  <Objekte ObjID="15265" ObjAufnahme="2000-02-15" ObjStrasseID="6067" ObjHausnummer="Brehmstraße 38" ObjVorlage="2013-09-11 00:00:00.0" ObKeinKontakt="1" ObjArtID="8" Merkmal="0.0"/>
  <Objekte ObjID="15266" ObjAufnahme="2000-02-15" ObjStrasseID="6067" ObjHausnummer="Brehmstraße 40" ObjVorlage="2013-09-11 00:00:00.0" ObKeinKontakt="1" ObjArtID="8" Merkmal="0.0"/>
  <Objekte ObjID="15267" ObjAufnahme="2000-02-15" ObjStrasseID="6067" ObjHausnummer="Brehmstraße 42" ObjVorlage="2013-09-11 00:00:00.0" ObKeinKontakt="1" ObjArtID="8" Merkmal="0.0"/>
  <Objekte ObjID="15268" ObjAufnahme="2000-02-15" ObjStrasseID="6067" ObjHausnummer="Brehmstraße 44" ObjVorlage="2013-09-11 00:00:00.0" ObKeinKontakt="1" ObjArtID="8" Merkmal="0.0"/>
  <Objekte ObjID="15269" ObjAufnahme="2000-02-15" ObjStrasseID="6067" ObjHausnummer="Brehmstraße 46" ObjVorlage="2013-09-11 00:00:00.0" ObKeinKontakt="1" ObjArtID="8" Merkmal="0.0"/>
  <Objekte ObjID="15270" ObjAufnahme="2000-02-15" ObjStrasseID="6067" ObjHausnummer="Brehmstraße 48" ObjVorlage="2013-09-11 00:00:00.0" ObKeinKontakt="1" ObjArtID="8" Merkmal="0.0"/>
  <Objekte ObjID="15271" ObjAufnahme="2000-02-15" ObjStrasseID="6067" ObjHausnummer="Brehmstraße 50" ObjVorlage="2013-09-11 00:00:00.0" ObKeinKontakt="1" ObjArtID="8" Merkmal="0.0"/>
  <Objekte ObjID="15272" ObjAufnahme="2000-02-15" ObjStrasseID="6067" ObjHausnummer="Brehmstraße 52" ObjVorlage="2013-09-11 00:00:00.0" ObKeinKontakt="1" ObjArtID="8" Merkmal="0.0"/>
  <Objekte ObjID="15273" ObjAufnahme="2000-02-15" ObjStrasseID="6067" ObjHausnummer="Brehmstraße 54" ObjVorlage="2013-09-11 00:00:00.0" ObKeinKontakt="1" ObjArtID="8" Merkmal="0.0"/>
  <Objekte ObjID="15274" ObjAufnahme="2000-02-15" ObjStrasseID="6067" ObjHausnummer="Brehmstraße 56" ObjVorlage="2013-09-11 00:00:00.0" ObKeinKontakt="1" ObjArtID="8" Merkmal="0.0"/>
  <Objekte ObjID="15275" ObjAufnahme="2000-02-15" ObjStrasseID="6067" ObjHausnummer="Brehmstraße 58" ObjVorlage="2013-09-11 00:00:00.0" ObKeinKontakt="1" ObjArtID="8" Merkmal="0.0"/>
  <Objekte ObjID="15276" ObjAufnahme="2000-02-15" ObjStrasseID="6067" ObjHausnummer="Brehmstraße 60" ObjVorlage="2013-09-11 00:00:00.0" ObKeinKontakt="1" ObjArtID="8" Merkmal="0.0"/>
  <Objekte ObjID="15277" ObjAufnahme="2000-02-15" ObjStrasseID="6067" ObjHausnummer="Brehmstraße 62" ObjVorlage="2013-09-11 00:00:00.0" ObKeinKontakt="1" ObjArtID="8" Merkmal="0.0"/>
  <Objekte ObjID="15278" ObjAufnahme="2000-02-15" ObjStrasseID="6067" ObjHausnummer="Brehmstraße 64" ObjVorlage="2013-09-11 00:00:00.0" ObKeinKontakt="1" ObjArtID="8" Merkmal="0.0"/>
  <Objekte ObjID="15279" ObjAufnahme="2000-02-15" ObjStrasseID="6067" ObjHausnummer="Brehmstraße 66" ObjVorlage="2013-09-11 00:00:00.0" ObKeinKontakt="1" ObjArtID="8" Merkmal="0.0"/>
  <Objekte ObjID="15280" ObjAufnahme="2000-02-15" ObjStrasseID="6067" ObjHausnummer="Brehmstraße 68" ObjVorlage="2013-09-11 00:00:00.0" ObKeinKontakt="1" ObjArtID="8" Merkmal="0.0"/>
  <Objekte ObjID="15281" ObjAufnahme="2000-02-15" ObjStrasseID="6067" ObjHausnummer="Brehmstraße 70" ObjVorlage="2013-09-11 00:00:00.0" ObKeinKontakt="1" ObjArtID="173" Merkmal="0.0"/>
  <Objekte ObjID="15282" ObjAufnahme="2000-02-15" ObjStrasseID="6067" ObjHausnummer="Brehmstraße 72" ObjVorlage="2013-09-11 00:00:00.0" ObKeinKontakt="1" ObjArtID="8" Merkmal="0.0"/>
  <Objekte ObjID="15283" ObjAufnahme="2000-02-15" ObjStrasseID="6067" ObjHausnummer="Brehmstraße 74" ObjVorlage="2013-09-11 00:00:00.0" ObKeinKontakt="1" ObjArtID="8" Merkmal="0.0"/>
  <Objekte ObjID="15284" ObjAufnahme="2000-02-15" ObjStrasseID="6067" ObjHausnummer="Brehmstraße 76" ObjVorlage="2013-09-11 00:00:00.0" ObKeinKontakt="1" ObjArtID="8" Merkmal="0.0"/>
  <Objekte ObjID="15285" ObjAufnahme="2000-02-15" ObjStrasseID="6067" ObjHausnummer="Brehmstraße 78" ObjVorlage="2013-09-11 00:00:00.0" ObKeinKontakt="1" ObjArtID="8" Merkmal="0.0"/>
  <Objekte ObjID="15286" ObjAufnahme="2000-02-15" ObjStrasseID="6067" ObjHausnummer="Brehmstraße 80" ObjVorlage="2013-09-11 00:00:00.0" ObKeinKontakt="1" ObjArtID="8" Merkmal="0.0"/>
  <Objekte ObjID="15287" ObjAufnahme="2000-02-15" ObjStrasseID="6067" ObjHausnummer="Brehmstraße 21" ObjVorlage="2013-09-11 00:00:00.0" ObKeinKontakt="1" ObjArtID="8" Merkmal="0.0"/>
  <Objekte ObjID="15288" ObjAufnahme="2000-02-15" ObjStrasseID="6067" ObjHausnummer="Brehmstraße 23" ObjVorlage="2013-09-11 00:00:00.0" ObKeinKontakt="1" ObjArtID="8" Merkmal="0.0"/>
  <Objekte ObjID="15289" ObjAufnahme="2000-02-15" ObjStrasseID="6067" ObjHausnummer="Brehmstraße 27" ObjVorlage="2013-09-11 00:00:00.0" ObKeinKontakt="1" ObjArtID="8" Merkmal="0.0"/>
  <Objekte ObjID="15290" ObjAufnahme="2000-02-15" ObjStrasseID="6067" ObjHausnummer="Brehmstraße 33" ObjVorlage="2013-09-11 00:00:00.0" ObKeinKontakt="1" ObjArtID="8" Merkmal="0.0"/>
  <Objekte ObjID="15291" ObjAufnahme="2000-02-15" ObjStrasseID="6067" ObjHausnummer="Brehmstraße 35" ObjVorlage="2013-09-11 00:00:00.0" ObKeinKontakt="1" ObjArtID="8" Merkmal="0.0"/>
  <Objekte ObjID="15292" ObjAufnahme="2000-02-15" ObjStrasseID="6067" ObjHausnummer="Brehmstraße 37" ObjVorlage="2013-09-11 00:00:00.0" ObKeinKontakt="1" ObjArtID="8" Merkmal="0.0"/>
  <Objekte ObjID="15293" ObjAufnahme="2000-02-15" ObjStrasseID="6067" ObjHausnummer="Brehmstraße 39" ObjVorlage="2013-09-11 00:00:00.0" ObKeinKontakt="1" ObjArtID="8" Merkmal="0.0"/>
  <Objekte ObjID="15294" ObjAufnahme="2000-02-15" ObjStrasseID="6067" ObjHausnummer="Brehmstraße 41" ObjVorlage="2013-09-11 00:00:00.0" ObKeinKontakt="1" ObjArtID="8" Merkmal="0.0"/>
  <Objekte ObjID="15295" ObjAufnahme="2000-02-15" ObjStrasseID="6067" ObjHausnummer="Brehmstraße 43" ObjVorlage="2013-09-11 00:00:00.0" ObKeinKontakt="1" ObjArtID="8" Merkmal="0.0"/>
  <Objekte ObjID="15296" ObjAufnahme="2000-02-15" ObjStrasseID="6067" ObjHausnummer="Brehmstraße 45" ObjVorlage="2013-09-11 00:00:00.0" ObKeinKontakt="1" ObjArtID="8" Merkmal="0.0"/>
  <Objekte ObjID="15297" ObjAufnahme="2000-02-15" ObjStrasseID="6067" ObjHausnummer="Brehmstraße 47" ObjVorlage="2013-09-11 00:00:00.0" ObKeinKontakt="1" ObjArtID="8" Merkmal="0.0"/>
  <Objekte ObjID="15298" ObjAufnahme="2000-02-15" ObjStrasseID="6067" ObjHausnummer="Brehmstraße 49" ObjVorlage="2013-09-11 00:00:00.0" ObKeinKontakt="1" ObjArtID="8" Merkmal="0.0"/>
  <Objekte ObjID="15299" ObjAufnahme="2000-02-15" ObjStrasseID="6066" ObjHausnummer="Brehmhof 7" ObjVorlage="2013-09-11 00:00:00.0" ObKeinKontakt="1" ObjArtID="8" Merkmal="0.0"/>
  <Objekte ObjID="15300" ObjAufnahme="2000-02-15" ObjStrasseID="6066" ObjHausnummer="Brehmhof 17" ObjVorlage="2013-09-11 00:00:00.0" ObKeinKontakt="1" ObjArtID="8" Merkmal="0.0"/>
  <Objekte ObjID="15301" ObjAufnahme="2000-02-15" ObjStrasseID="6066" ObjHausnummer="Brehmhof 8" ObjVorlage="2013-09-11 00:00:00.0" ObKeinKontakt="1" ObjArtID="8" Merkmal="0.0"/>
  <Objekte ObjID="15302" ObjAufnahme="2000-02-15" ObjStrasseID="6066" ObjHausnummer="Brehmhof 16" ObjVorlage="2013-09-11 00:00:00.0" ObKeinKontakt="1" ObjArtID="8" Merkmal="0.0"/>
  <Objekte ObjID="15303" ObjAufnahme="2000-02-15" ObjStrasseID="6183" ObjHausnummer="Dammannstraße 4" ObjVorlage="2013-09-11 00:00:00.0" ObKeinKontakt="1" ObjArtID="8" Merkmal="0.0"/>
  <Objekte ObjID="15304" ObjAufnahme="2000-02-15" ObjStrasseID="6183" ObjHausnummer="Dammannstraße 6" ObjVorlage="2013-09-11 00:00:00.0" ObKeinKontakt="1" ObjArtID="8" Merkmal="0.0"/>
  <Objekte ObjID="15305" ObjAufnahme="2000-02-15" ObjStrasseID="6183" ObjHausnummer="Dammannstraße 8" ObjVorlage="2013-09-11 00:00:00.0" ObKeinKontakt="1" ObjArtID="8" Merkmal="0.0"/>
  <Objekte ObjID="15306" ObjAufnahme="2000-02-15" ObjStrasseID="6183" ObjHausnummer="Dammannstraße 10" ObjVorlage="2013-09-11 00:00:00.0" ObKeinKontakt="1" ObjArtID="8" Merkmal="0.0"/>
  <Objekte ObjID="15307" ObjAufnahme="2000-02-15" ObjStrasseID="6183" ObjHausnummer="Dammannstraße 12" ObjVorlage="2013-09-11 00:00:00.0" ObKeinKontakt="1" ObjArtID="8" Merkmal="0.0"/>
  <Objekte ObjID="15308" ObjAufnahme="2000-02-15" ObjStrasseID="6183" ObjHausnummer="Dammannstraße 14" ObjVorlage="2013-09-11 00:00:00.0" ObKeinKontakt="1" ObjArtID="8" Merkmal="0.0"/>
  <Objekte ObjID="15309" ObjAufnahme="2000-02-15" ObjStrasseID="6183" ObjHausnummer="Dammannstraße 16" ObjVorlage="2013-09-11 00:00:00.0" ObKeinKontakt="1" ObjArtID="8" Merkmal="0.0"/>
  <Objekte ObjID="15310" ObjAufnahme="2000-02-15" ObjStrasseID="6183" ObjHausnummer="Dammannstraße 18" ObjVorlage="2013-09-11 00:00:00.0" ObKeinKontakt="1" ObjArtID="8" Merkmal="0.0"/>
  <Objekte ObjID="15311" ObjAufnahme="2000-02-15" ObjStrasseID="6183" ObjHausnummer="Dammannstraße 20" ObjVorlage="2013-09-11 00:00:00.0" ObKeinKontakt="1" ObjArtID="8" Merkmal="0.0"/>
  <Objekte ObjID="15312" ObjAufnahme="2000-02-15" ObjStrasseID="6183" ObjHausnummer="Dammannstraße 22" ObjVorlage="2013-09-11 00:00:00.0" ObKeinKontakt="1" ObjArtID="8" Merkmal="0.0"/>
  <Objekte ObjID="15313" ObjAufnahme="2000-02-15" ObjStrasseID="6183" ObjHausnummer="Dammannstraße 24" ObjVorlage="2013-09-11 00:00:00.0" ObKeinKontakt="1" ObjArtID="8" Merkmal="0.0"/>
  <Objekte ObjID="15314" ObjAufnahme="2000-02-15" ObjStrasseID="6183" ObjHausnummer="Dammannstraße 26" ObjVorlage="2013-09-11 00:00:00.0" ObKeinKontakt="1" ObjArtID="8" Merkmal="0.0"/>
  <Objekte ObjID="15315" ObjAufnahme="2000-02-15" ObjStrasseID="6183" ObjHausnummer="Dammannstraße 28" ObjVorlage="2013-09-11 00:00:00.0" ObKeinKontakt="1" ObjArtID="8" Merkmal="0.0"/>
  <Objekte ObjID="15316" ObjAufnahme="2000-02-15" ObjStrasseID="6183" ObjHausnummer="Dammannstraße 30" ObjVorlage="2013-09-11 00:00:00.0" ObKeinKontakt="1" ObjArtID="8" Merkmal="0.0"/>
  <Objekte ObjID="15317" ObjAufnahme="2000-02-15" ObjStrasseID="6183" ObjHausnummer="Dammannstraße 32" ObjVorlage="2013-09-11 00:00:00.0" ObKeinKontakt="1" ObjArtID="8" Merkmal="0.0"/>
  <Objekte ObjID="15318" ObjAufnahme="2000-02-15" ObjStrasseID="6183" ObjHausnummer="Dammannstraße 34" ObjVorlage="2013-09-11 00:00:00.0" ObKeinKontakt="1" ObjArtID="8" Merkmal="0.0"/>
  <Objekte ObjID="15319" ObjAufnahme="2000-02-15" ObjStrasseID="6183" ObjHausnummer="Dammannstraße 36" ObjVorlage="2013-09-11 00:00:00.0" ObKeinKontakt="1" ObjArtID="8" Merkmal="0.0"/>
  <Objekte ObjID="15320" ObjAufnahme="2000-02-15" ObjStrasseID="6183" ObjHausnummer="Dammannstraße 38" ObjVorlage="2013-09-11 00:00:00.0" ObKeinKontakt="1" ObjArtID="8" Merkmal="0.0"/>
  <Objekte ObjID="15321" ObjAufnahme="2000-02-15" ObjStrasseID="6183" ObjHausnummer="Dammannstraße 40" ObjVorlage="2013-09-11 00:00:00.0" ObKeinKontakt="1" ObjArtID="8" Merkmal="0.0"/>
  <Objekte ObjID="15322" ObjAufnahme="2000-02-15" ObjStrasseID="6183" ObjHausnummer="Dammannstraße 42" ObjVorlage="2013-09-11 00:00:00.0" ObKeinKontakt="1" ObjArtID="8" Merkmal="0.0"/>
  <Objekte ObjID="15323" ObjAufnahme="2000-02-15" ObjStrasseID="6183" ObjHausnummer="Dammannstraße 44" ObjVorlage="2013-09-11 00:00:00.0" ObKeinKontakt="1" ObjArtID="8" Merkmal="0.0"/>
  <Objekte ObjID="15324" ObjAufnahme="2000-02-15" ObjStrasseID="6183" ObjHausnummer="Dammannstraße 9" ObjVorlage="2013-09-11 00:00:00.0" ObKeinKontakt="1" ObjArtID="8" Merkmal="0.0"/>
  <Objekte ObjID="15325" ObjAufnahme="2000-02-15" ObjStrasseID="6183" ObjHausnummer="Dammannstraße 11" ObjVorlage="2013-09-11 00:00:00.0" ObKeinKontakt="1" ObjArtID="8" Merkmal="0.0"/>
  <Objekte ObjID="15326" ObjAufnahme="2000-02-15" ObjStrasseID="6183" ObjHausnummer="Dammannstraße 13" ObjVorlage="2013-09-11 00:00:00.0" ObKeinKontakt="1" ObjArtID="8" Merkmal="0.0"/>
  <Objekte ObjID="15327" ObjAufnahme="2000-02-15" ObjStrasseID="6183" ObjHausnummer="Dammannstraße 15" ObjVorlage="2013-09-11 00:00:00.0" ObKeinKontakt="1" ObjArtID="8" Merkmal="0.0"/>
  <Objekte ObjID="15328" ObjAufnahme="2000-02-15" ObjStrasseID="6183" ObjHausnummer="Dammannstraße 17" ObjVorlage="2013-09-11 00:00:00.0" ObKeinKontakt="1" ObjArtID="8" Merkmal="0.0"/>
  <Objekte ObjID="15329" ObjAufnahme="2000-02-15" ObjStrasseID="6183" ObjHausnummer="Dammannstraße 19" ObjVorlage="2013-09-11 00:00:00.0" ObKeinKontakt="1" ObjArtID="8" Merkmal="0.0"/>
  <Objekte ObjID="15330" ObjAufnahme="2000-02-15" ObjStrasseID="6183" ObjHausnummer="Dammannstraße 21" ObjVorlage="2013-09-11 00:00:00.0" ObKeinKontakt="1" ObjArtID="8" Merkmal="0.0"/>
  <Objekte ObjID="15331" ObjAufnahme="2000-02-15" ObjStrasseID="6183" ObjHausnummer="Dammannstraße 23" ObjVorlage="2013-09-11 00:00:00.0" ObKeinKontakt="1" ObjArtID="8" Merkmal="0.0"/>
  <Objekte ObjID="15332" ObjAufnahme="2000-02-15" ObjStrasseID="6183" ObjHausnummer="Dammannstraße 25" ObjVorlage="2013-09-11 00:00:00.0" ObKeinKontakt="1" ObjArtID="8" Merkmal="0.0"/>
  <Objekte ObjID="15333" ObjAufnahme="2000-02-15" ObjStrasseID="6183" ObjHausnummer="Dammannstraße 27" ObjVorlage="2013-09-11 00:00:00.0" ObKeinKontakt="1" ObjArtID="8" Merkmal="0.0"/>
  <Objekte ObjID="15334" ObjAufnahme="2000-02-15" ObjStrasseID="6183" ObjHausnummer="Dammannstraße 29" ObjVorlage="2013-09-11 00:00:00.0" ObKeinKontakt="1" ObjArtID="8" Merkmal="0.0"/>
  <Objekte ObjID="15335" ObjAufnahme="2000-02-15" ObjStrasseID="6183" ObjHausnummer="Dammannstraße 31" ObjVorlage="2013-09-11 00:00:00.0" ObKeinKontakt="1" ObjArtID="8" Merkmal="0.0"/>
  <Objekte ObjID="15336" ObjAufnahme="2000-02-15" ObjStrasseID="6183" ObjHausnummer="Dammannstraße 33" ObjVorlage="2013-09-11 00:00:00.0" ObKeinKontakt="1" ObjArtID="8" Merkmal="0.0"/>
  <Objekte ObjID="15337" ObjAufnahme="2000-02-15" ObjStrasseID="6183" ObjHausnummer="Dammannstraße 35" ObjVorlage="2013-09-11 00:00:00.0" ObKeinKontakt="1" ObjArtID="8" Merkmal="0.0"/>
  <Objekte ObjID="15338" ObjAufnahme="2000-02-15" ObjStrasseID="6183" ObjHausnummer="Dammannstraße 37" ObjVorlage="2013-09-11 00:00:00.0" ObKeinKontakt="1" ObjArtID="8" Merkmal="0.0"/>
  <Objekte ObjID="15339" ObjAufnahme="2000-02-15" ObjStrasseID="6183" ObjHausnummer="Dammannstraße 39" ObjVorlage="2013-09-11 00:00:00.0" ObKeinKontakt="1" ObjArtID="8" Merkmal="0.0"/>
  <Objekte ObjID="15340" ObjAufnahme="2000-02-15" ObjStrasseID="6183" ObjHausnummer="Dammannstraße 41" ObjVorlage="2013-09-11 00:00:00.0" ObKeinKontakt="1" ObjArtID="8" Merkmal="0.0"/>
  <Objekte ObjID="15341" ObjAufnahme="2000-02-15" ObjStrasseID="6183" ObjHausnummer="Dammannstraße 43" ObjVorlage="2013-09-11 00:00:00.0" ObKeinKontakt="1" ObjArtID="8" Merkmal="0.0"/>
  <Objekte ObjID="15342" ObjAufnahme="2000-02-16" ObjLetztKontakt="2000-02-16" ObjStrasseID="8373" ObjHausnummer="Thüringer Straße 16" ObjVorlage="2013-09-11 00:00:00.0" ObKeinKontakt="1" ObjArtID="22" Merkmal="0.0" ObjInfo="117 m²400 m²1968Grg.498.000,-- DM"/>
  <Objekte ObjID="15343" ObjAufnahme="2000-02-16" ObjLetztKontakt="2000-08-31" ObjStrasseID="10134" ObjHausnummer="Heistergarten 21" ObjVorlage="2013-09-11 00:00:00.0" ObKeinKontakt="2" ObjArtID="8" Merkmal="0.0" ObjInfo="157 m²800 m²1977Grg.690.000,-- DM"/>
  <Objekte ObjID="15344" ObjAufnahme="2000-02-18" ObjLetztKontakt="2000-02-18" ObjStrasseID="8132" ObjHausnummer="Schwarmstedter Straße 24" ObjVorlage="2013-09-11 00:00:00.0" ObKeinKontakt="1" ObjArtID="21" Merkmal="0.0" ObjInfo="82 m²173 m²1957\270.000,-- DM"/>
  <Objekte ObjID="15345" ObjAufnahme="2000-02-22" ObjLetztKontakt="2000-02-22" ObjStrasseID="2934" ObjHausnummer="Am Ortfelde 113" ObjVorlage="2013-09-11 00:00:00.0" ObKeinKontakt="1" ObjArtID="8" Merkmal="0.0" ObjInfo="116 m²300 m²17922 Carports425.000,-- DM"/>
  <Objekte ObjID="15346" ObjAufnahme="2000-02-22" ObjLetztKontakt="2000-02-22" ObjStrasseID="8023" ObjHausnummer="Sallstraße 20" ObjVorlage="2013-09-11 00:00:00.0" ObKeinKontakt="1" ObjArtID="78" Merkmal="0.0" ObjInfo="333132\Blk., Loggia"/>
  <Objekte ObjID="15347" ObjAufnahme="2000-02-22" ObjLetztKontakt="2000-02-22" ObjStrasseID="6912" ObjHausnummer="Holscherstraße 13" ObjVorlage="2013-09-11 00:00:00.0" ObKeinKontakt="5" ObjArtID="13" Merkmal="0.0"/>
  <Objekte ObjID="15348" ObjAufnahme="2000-02-22" ObjLetztKontakt="2000-02-22" ObjStrasseID="8023" ObjHausnummer="Sallstraße 20" ObjVorlage="2013-09-11 00:00:00.0" ObKeinKontakt="5" ObjArtID="140" Merkmal="0.0"/>
  <Objekte ObjID="15349" ObjAufnahme="2000-02-22" ObjLetztKontakt="2000-02-22" ObjStrasseID="7199" ObjHausnummer="Kochstraße 14" ObjVorlage="2013-09-11 00:00:00.0" ObKeinKontakt="1" ObjArtID="1" Merkmal="0.0"/>
  <Objekte ObjID="15350" ObjAufnahme="2000-02-22" ObjLetztKontakt="2000-02-22" ObjStrasseID="6129" ObjHausnummer="Bütersworthstraße 10" ObjVorlage="2013-09-11 00:00:00.0" ObKeinKontakt="2" ObjArtID="1" Merkmal="0.0" ObjInfo="Vw.: Frau Christa Bode, Hannover, Gellertstr. 46"/>
  <Objekte ObjID="15351" ObjAufnahme="2000-02-23" ObjLetztKontakt="2000-02-23" ObjStrasseID="10146" ObjHausnummer="Rottanger 5" ObjVorlage="2013-09-11 00:00:00.0" ObKeinKontakt="1" ObjArtID="8" Merkmal="0.0" ObjInfo="250 m²1200 m²19753 Carports1,25 Mio. DM"/>
  <Objekte ObjID="15352" ObjAufnahme="2000-02-25" ObjLetztKontakt="2000-02-25" ObjStrasseID="6067" ObjHausnummer="Brehmstraße 19" ObjVorlage="2013-09-11 00:00:00.0" ObKeinKontakt="1" ObjArtID="22" Merkmal="0.0" ObjInfo="280 m²700 m²1929Grg.1,2 Mio."/>
  <Objekte ObjID="15353" ObjAufnahme="2000-02-29" ObjLetztKontakt="2000-02-29" ObjStrasseID="7508" ObjHausnummer="Meffertstraße 42" ObjVorlage="2013-09-11 00:00:00.0" ObKeinKontakt="1" ObjArtID="21" Merkmal="0.0" ObjInfo="135 m²204 m²1984Carport540.000,-- DM"/>
  <Objekte ObjID="15354" ObjAufnahme="2000-02-29" ObjLetztKontakt="2000-02-29" ObjStrasseID="7608" ObjHausnummer="Nedderfeldstraße 17A" ObjVorlage="2013-09-11 00:00:00.0" ObKeinKontakt="1" ObjArtID="1" Merkmal="0.0"/>
  <Objekte ObjID="15355" ObjAufnahme="2000-02-29" ObjLetztKontakt="2000-02-29" ObjStrasseID="7608" ObjHausnummer="Nedderfeldstraße 19" ObjVorlage="2013-09-11 00:00:00.0" ObKeinKontakt="1" ObjArtID="1" Merkmal="0.0"/>
  <Objekte ObjID="15356" ObjAufnahme="2000-02-29" ObjLetztKontakt="2000-02-29" ObjStrasseID="7608" ObjHausnummer="Nedderfeldstraße 21" ObjVorlage="2013-09-11 00:00:00.0" ObKeinKontakt="1" ObjArtID="1" Merkmal="0.0"/>
  <Objekte ObjID="15357" ObjAufnahme="2000-02-29" ObjLetztKontakt="2000-02-29" ObjStrasseID="7608" ObjHausnummer="Nedderfeldstraße 28" ObjVorlage="2013-09-11 00:00:00.0" ObKeinKontakt="1" ObjArtID="1" Merkmal="0.0"/>
  <Objekte ObjID="15358" ObjAufnahme="2000-02-29" ObjLetztKontakt="2000-02-29" ObjStrasseID="7608" ObjHausnummer="Nedderfeldstraße 24" ObjVorlage="2013-09-11 00:00:00.0" ObKeinKontakt="1" ObjArtID="1" Merkmal="0.0"/>
  <Objekte ObjID="15359" ObjAufnahme="2000-02-29" ObjLetztKontakt="2000-02-29" ObjStrasseID="7608" ObjHausnummer="Nedderfeldstraße 22" ObjVorlage="2013-09-11 00:00:00.0" ObKeinKontakt="1" ObjArtID="1" Merkmal="0.0"/>
  <Objekte ObjID="15360" ObjAufnahme="2000-02-29" ObjLetztKontakt="2000-02-29" ObjStrasseID="7608" ObjHausnummer="Nedderfeldstraße 20" ObjVorlage="2013-09-11 00:00:00.0" ObKeinKontakt="1" ObjArtID="1" Merkmal="0.0"/>
  <Objekte ObjID="15361" ObjAufnahme="2000-02-29" ObjLetztKontakt="2000-02-29" ObjStrasseID="7608" ObjHausnummer="Nedderfeldstraße 18" ObjVorlage="2013-09-11 00:00:00.0" ObKeinKontakt="1" ObjArtID="1" Merkmal="0.0"/>
  <Objekte ObjID="15362" ObjAufnahme="2000-02-29" ObjLetztKontakt="2000-02-29" ObjStrasseID="7608" ObjHausnummer="Nedderfeldstraße 16" ObjVorlage="2013-09-11 00:00:00.0" ObKeinKontakt="1" ObjArtID="1" Merkmal="0.0"/>
  <Objekte ObjID="15363" ObjAufnahme="2000-02-29" ObjLetztKontakt="2000-02-29" ObjStrasseID="7608" ObjHausnummer="Nedderfeldstraße 14" ObjVorlage="2013-09-11 00:00:00.0" ObKeinKontakt="1" ObjArtID="1" Merkmal="0.0"/>
  <Objekte ObjID="15364" ObjAufnahme="2000-02-29" ObjLetztKontakt="2000-02-29" ObjStrasseID="7608" ObjHausnummer="Nedderfeldstraße 12" ObjVorlage="2013-09-11 00:00:00.0" ObKeinKontakt="1" ObjArtID="1" Merkmal="0.0"/>
  <Objekte ObjID="15365" ObjAufnahme="2000-02-29" ObjLetztKontakt="2000-02-29" ObjStrasseID="7608" ObjHausnummer="Nedderfeldstraße 10" ObjVorlage="2013-09-11 00:00:00.0" ObKeinKontakt="1" ObjArtID="1" Merkmal="0.0"/>
  <Objekte ObjID="15366" ObjAufnahme="2000-02-29" ObjLetztKontakt="2000-02-29" ObjStrasseID="7608" ObjHausnummer="Nedderfeldstraße 8" ObjVorlage="2013-09-11 00:00:00.0" ObKeinKontakt="1" ObjArtID="1" Merkmal="0.0"/>
  <Objekte ObjID="15367" ObjAufnahme="2000-02-29" ObjLetztKontakt="2000-02-29" ObjStrasseID="7608" ObjHausnummer="Nedderfeldstraße 6" ObjVorlage="2013-09-11 00:00:00.0" ObKeinKontakt="1" ObjArtID="1" Merkmal="0.0"/>
  <Objekte ObjID="15368" ObjAufnahme="2000-02-29" ObjLetztKontakt="2000-02-29" ObjStrasseID="7608" ObjHausnummer="Nedderfeldstraße 4" ObjVorlage="2013-09-11 00:00:00.0" ObKeinKontakt="1" ObjArtID="1" Merkmal="0.0"/>
  <Objekte ObjID="15369" ObjAufnahme="2000-02-29" ObjLetztKontakt="2000-02-29" ObjStrasseID="7608" ObjHausnummer="Nedderfeldstraße 1" ObjVorlage="2013-09-11 00:00:00.0" ObKeinKontakt="1" ObjArtID="1" Merkmal="0.0"/>
  <Objekte ObjID="15370" ObjAufnahme="2000-02-29" ObjLetztKontakt="2000-02-29" ObjStrasseID="7608" ObjHausnummer="Nedderfeldstraße 3" ObjVorlage="2013-09-11 00:00:00.0" ObKeinKontakt="1" ObjArtID="1" Merkmal="0.0"/>
  <Objekte ObjID="15371" ObjAufnahme="2000-02-29" ObjLetztKontakt="2000-03-23" ObjStrasseID="7608" ObjHausnummer="Nedderfeldstraße 5" ObjVorlage="2013-09-11 00:00:00.0" ObKeinKontakt="2" ObjArtID="1" Merkmal="0.0"/>
  <Objekte ObjID="15372" ObjAufnahme="2000-02-29" ObjLetztKontakt="2000-02-29" ObjStrasseID="7608" ObjHausnummer="Nedderfeldstraße 7" ObjVorlage="2013-09-11 00:00:00.0" ObKeinKontakt="1" ObjArtID="1" Merkmal="0.0"/>
  <Objekte ObjID="15373" ObjAufnahme="2000-02-29" ObjLetztKontakt="2000-02-29" ObjStrasseID="7608" ObjHausnummer="Nedderfeldstraße 9" ObjVorlage="2013-09-11 00:00:00.0" ObKeinKontakt="1" ObjArtID="1" Merkmal="0.0"/>
  <Objekte ObjID="15374" ObjAufnahme="2000-02-29" ObjLetztKontakt="2000-02-29" ObjStrasseID="7608" ObjHausnummer="Nedderfeldstraße 11" ObjVorlage="2013-09-11 00:00:00.0" ObKeinKontakt="1" ObjArtID="1" Merkmal="0.0"/>
  <Objekte ObjID="15375" ObjAufnahme="2000-02-29" ObjLetztKontakt="2000-02-29" ObjStrasseID="7608" ObjHausnummer="Nedderfeldstraße 13" ObjVorlage="2013-09-11 00:00:00.0" ObKeinKontakt="1" ObjArtID="1" Merkmal="0.0"/>
  <Objekte ObjID="15376" ObjAufnahme="2000-02-29" ObjLetztKontakt="2000-02-29" ObjStrasseID="7608" ObjHausnummer="Nedderfeldstraße 15" ObjVorlage="2013-09-11 00:00:00.0" ObKeinKontakt="1" ObjArtID="1" Merkmal="0.0"/>
  <Objekte ObjID="15377" ObjAufnahme="2000-03-01" ObjLetztKontakt="2001-07-21" ObjStrasseID="6686" ObjHausnummer="Haarstraße 14" ObjVorlage="2013-09-11 00:00:00.0" ObKeinKontakt="2" ObjArtID="72" Merkmal="0.0" ObjInfo="670175\Süd-Ost"/>
  <Objekte ObjID="15378" ObjAufnahme="2000-03-02" ObjLetztKontakt="2000-03-02" ObjStrasseID="9897" ObjHausnummer="Lönsstraße 1A" ObjVorlage="2013-09-11 00:00:00.0" ObKeinKontakt="1" ObjArtID="8" Merkmal="0.0" ObjInfo="136 m²570 m²Grg.1992520.000,-- DM"/>
  <Objekte ObjID="15379" ObjAufnahme="2000-03-09" ObjLetztKontakt="2000-03-09" ObjStrasseID="9011" ObjHausnummer="Brennereiweg 13D" ObjVorlage="2013-09-11 00:00:00.0" ObKeinKontakt="1" ObjArtID="24" Merkmal="0.0" ObjInfo="104 m²296 m²1 StellplatzNeubau349.000,-- DM"/>
  <Objekte ObjID="15380" ObjAufnahme="2000-03-10" ObjLetztKontakt="2000-03-10" ObjStrasseID="5754" ObjHausnummer="An der Breiten Wiese 4" ObjVorlage="2013-09-11 00:00:00.0" ObKeinKontakt="1" ObjArtID="233" Merkmal="0.0" ObjInfo="290 m²597 m²2 Grg.1985550.000,-- DM"/>
  <Objekte ObjID="15381" ObjAufnahme="2000-03-16" ObjLetztKontakt="2000-03-16" ObjStrasseID="6460" ObjHausnummer="Freihorstfeld 68" ObjVorlage="2013-09-11 00:00:00.0" ObKeinKontakt="1" ObjArtID="178" Merkmal="0.0" ObjInfo="165 m²650 m²1965920.000,-- DM"/>
  <Objekte ObjID="15382" ObjAufnahme="2000-03-16" ObjLetztKontakt="2000-03-16" ObjStrasseID="7024" ObjHausnummer="In der Bebie 80" ObjVorlage="2013-09-11 00:00:00.0" ObKeinKontakt="1" ObjArtID="21" Merkmal="0.0" ObjInfo="120 m²200 m²Grg.1987470.000,-- DM"/>
  <Objekte ObjID="15383" ObjAufnahme="2000-03-17" ObjLetztKontakt="2000-03-23" ObjStrasseID="7811" ObjHausnummer="Posthornstraße 12" ObjVorlage="2013-09-11 00:00:00.0" ObKeinKontakt="1" ObjArtID="124" Merkmal="0.0" ObjInfo="23570\DG-Terr."/>
  <Objekte ObjID="15384" ObjAufnahme="2000-03-17" ObjLetztKontakt="2000-03-17" ObjStrasseID="10177" ObjHausnummer="Eulenkamp 5" ObjVorlage="2013-09-11 00:00:00.0" ObKeinKontakt="1" ObjArtID="22" Merkmal="0.0" ObjInfo="102 m²735 m²1 Stellplatz1980gegen Gebot"/>
  <Objekte ObjID="15385" ObjAufnahme="2000-03-17" ObjLetztKontakt="2000-03-17" ObjStrasseID="10178" ObjHausnummer="Finkenschlag 1" ObjVorlage="2013-09-11 00:00:00.0" ObKeinKontakt="1" ObjArtID="178" Merkmal="0.0" ObjInfo="144 m²950 m²Grg.1977550.000,-- DM"/>
  <Objekte ObjID="15386" ObjAufnahme="2000-03-21" ObjLetztKontakt="2000-03-21" ObjStrasseID="6174" ObjHausnummer="Curiehof 19" ObjVorlage="2013-09-11 00:00:00.0" ObKeinKontakt="1" ObjArtID="178" Merkmal="0.0" ObjInfo="140 m²250 m²Grg.1991570.000,-- DM"/>
  <Objekte ObjID="15387" ObjAufnahme="2000-03-21" ObjLetztKontakt="2000-03-21" ObjStrasseID="7306" ObjHausnummer="Lange-Hop-Straße 94" ObjVorlage="2013-09-11 00:00:00.0" ObKeinKontakt="1" ObjArtID="8" Merkmal="0.0" ObjInfo="170 m²1300 m²Grg.1930770.000,-- DM"/>
  <Objekte ObjID="15388" ObjAufnahme="2000-03-21" ObjLetztKontakt="2000-03-21" ObjStrasseID="6333" ObjHausnummer="Elisenstraße 6A" ObjVorlage="2013-09-11 00:00:00.0" ObKeinKontakt="1" ObjArtID="1" Merkmal="0.0"/>
  <Objekte ObjID="15389" ObjAufnahme="2000-03-22" ObjLetztKontakt="2000-03-22" ObjStrasseID="4655" ObjHausnummer="Schlenderhanweg 7" ObjVorlage="2013-09-11 00:00:00.0" ObKeinKontakt="1" ObjArtID="23" Merkmal="0.0" ObjInfo="200 m²320 m²1980649.000,-- DM"/>
  <Objekte ObjID="15390" ObjAufnahme="2000-03-23" ObjLetztKontakt="2000-03-23" ObjStrasseID="10186" ObjHausnummer="Löhrkamp 1" ObjVorlage="2013-09-11 00:00:00.0" ObKeinKontakt="1" ObjArtID="8" Merkmal="0.0" ObjInfo="190 m²60 m²Grg.1985630.000,-- DM"/>
  <Objekte ObjID="15391" ObjAufnahme="2000-03-24" ObjLetztKontakt="2000-03-24" ObjStrasseID="10191" ObjHausnummer="Dörrieweg 3" ObjVorlage="2013-09-11 00:00:00.0" ObKeinKontakt="1" ObjArtID="24" Merkmal="0.0" ObjInfo="140 m²320 m²2 Grg.1985660.000,-- DM"/>
  <Objekte ObjID="15392" ObjAufnahme="2000-03-24" ObjLetztKontakt="2000-03-24" ObjStrasseID="10192" ObjHausnummer="Am Gehäge 6" ObjVorlage="2013-09-11 00:00:00.0" ObKeinKontakt="1" ObjArtID="176" Merkmal="0.0" ObjInfo="148 m²188 m²Grg.1978420.000,-- DM"/>
  <Objekte ObjID="15393" ObjAufnahme="2000-03-24" ObjLetztKontakt="2000-03-24" ObjStrasseID="7881" ObjHausnummer="Rheinstraße 8" ObjVorlage="2013-09-11 00:00:00.0" ObKeinKontakt="1" ObjArtID="72" Merkmal="0.0" ObjInfo="550160\"/>
  <Objekte ObjID="15394" ObjAufnahme="2000-03-24" ObjLetztKontakt="2000-03-24" ObjStrasseID="10133" ObjHausnummer="Hauptstraße 37" ObjVorlage="2013-09-11 00:00:00.0" ObKeinKontakt="1" ObjArtID="18" Merkmal="0.0" ObjInfo="400 m²+150 m²24.000 m²19201,9 Mio. DM"/>
  <Objekte ObjID="15395" ObjAufnahme="2000-03-30" ObjLetztKontakt="2000-03-30" ObjStrasseID="4218" ObjHausnummer="Mahlsdorferweg 3" ObjVorlage="2013-09-11 00:00:00.0" ObKeinKontakt="1" ObjArtID="8" Merkmal="0.0" ObjInfo="120 m²580 m²Grg.1959480.000,-- DM"/>
  <Objekte ObjID="15396" ObjAufnahme="2000-03-30" ObjLetztKontakt="2000-03-30" ObjStrasseID="5981" ObjHausnummer="Ernst-Grote-Straße 54" ObjVorlage="2013-09-11 00:00:00.0" ObKeinKontakt="1" ObjArtID="20" Merkmal="0.0" ObjInfo="240 m²800 m²Grg.1980795.000,-- DM"/>
  <Objekte ObjID="15397" ObjAufnahme="2000-03-30" ObjLetztKontakt="2000-03-30" ObjStrasseID="7464" ObjHausnummer="Mahlsdorfweg 3" ObjVorlage="2013-09-11 00:00:00.0" ObKeinKontakt="5" ObjArtID="8" Merkmal="0.0"/>
  <Objekte ObjID="15398" ObjAufnahme="2000-03-30" ObjLetztKontakt="2000-03-30" ObjStrasseID="7399" ObjHausnummer="Linzer Straße 1" ObjVorlage="2013-09-11 00:00:00.0" ObKeinKontakt="5" ObjArtID="79" Merkmal="0.0" ObjInfo="780186\ Wintergarten S/W"/>
  <Objekte ObjID="15399" ObjAufnahme="2000-03-30" ObjLetztKontakt="2000-03-30" ObjStrasseID="5881" ObjHausnummer="Baumbachstraße 4" ObjVorlage="2013-09-11 00:00:00.0" ObKeinKontakt="2" ObjArtID="5" Merkmal="0.0"/>
  <Objekte ObjID="15400" ObjAufnahme="2000-03-31" ObjLetztKontakt="2000-03-31" ObjStrasseID="7157" ObjHausnummer="Kirschgarten 2" ObjVorlage="2013-09-11 00:00:00.0" ObKeinKontakt="1" ObjArtID="24" Merkmal="0.0" ObjInfo="110 m²231 m²Grg.1994430.000,-- DM"/>
  <Objekte ObjID="15401" ObjAufnahme="2000-04-03" ObjLetztKontakt="2000-04-03" ObjStrasseID="6465" ObjHausnummer="Frerkingweg 42" ObjVorlage="2013-09-11 00:00:00.0" ObKeinKontakt="1" ObjArtID="24" Merkmal="0.0" ObjInfo="100 m²250 m²Grg.1994449.000,-- DM"/>
  <Objekte ObjID="15402" ObjAufnahme="2000-04-03" ObjLetztKontakt="2000-04-03" ObjStrasseID="5834" ObjHausnummer="Auf dem Kampe 9" ObjVorlage="2013-09-11 00:00:00.0" ObKeinKontakt="1" ObjArtID="8" Merkmal="0.0" ObjInfo="205 m²680 m²Grg.1972720.000,-- DM"/>
  <Objekte ObjID="15403" ObjAufnahme="2000-04-04" ObjLetztKontakt="2000-04-04" ObjStrasseID="8450" ObjHausnummer="Vahrenwalder Straße 121" ObjVorlage="2013-09-11 00:00:00.0" ObKeinKontakt="1" ObjArtID="1" Merkmal="0.0"/>
  <Objekte ObjID="15404" ObjAufnahme="2000-04-05" ObjLetztKontakt="2000-08-14" ObjStrasseID="5724" ObjHausnummer="Am Uhrturm 29" ObjVorlage="2013-09-11 00:00:00.0" ObKeinKontakt="9" ObjArtID="173" Merkmal="0.0" ObjInfo="4401501400/100TG Terr. S"/>
  <Objekte ObjID="15405" ObjAufnahme="2000-04-06" ObjLetztKontakt="2000-04-06" ObjStrasseID="6989" ObjHausnummer="Im Moore 9" ObjVorlage="2013-09-11 00:00:00.0" ObKeinKontakt="1" ObjArtID="1" Merkmal="0.0"/>
  <Objekte ObjID="15406" ObjAufnahme="2000-04-06" ObjLetztKontakt="2000-04-06" ObjStrasseID="6989" ObjHausnummer="Im Moore 7" ObjVorlage="2013-09-11 00:00:00.0" ObKeinKontakt="1" ObjArtID="1" Merkmal="0.0"/>
  <Objekte ObjID="15407" ObjAufnahme="2000-04-06" ObjLetztKontakt="2000-04-06" ObjStrasseID="6989" ObjHausnummer="Im Moore 5" ObjVorlage="2013-09-11 00:00:00.0" ObKeinKontakt="1" ObjArtID="1" Merkmal="0.0"/>
  <Objekte ObjID="15408" ObjAufnahme="2000-04-06" ObjLetztKontakt="2000-04-06" ObjStrasseID="6989" ObjHausnummer="Im Moore 3" ObjVorlage="2013-09-11 00:00:00.0" ObKeinKontakt="1" ObjArtID="1" Merkmal="0.0"/>
  <Objekte ObjID="15409" ObjAufnahme="2000-04-06" ObjLetztKontakt="2000-04-06" ObjStrasseID="6989" ObjHausnummer="Im Moore 2" ObjVorlage="2013-09-11 00:00:00.0" ObKeinKontakt="1" ObjArtID="1" Merkmal="0.0" ObjInfo="Eigentümer Lange"/>
  <Objekte ObjID="15410" ObjAufnahme="2000-04-06" ObjLetztKontakt="2000-04-06" ObjStrasseID="6989" ObjHausnummer="Im Moore 4" ObjVorlage="2013-09-11 00:00:00.0" ObKeinKontakt="1" ObjArtID="1" Merkmal="0.0"/>
  <Objekte ObjID="15411" ObjAufnahme="2000-04-06" ObjLetztKontakt="2000-04-06" ObjStrasseID="6989" ObjHausnummer="Im Moore 6" ObjVorlage="2013-09-11 00:00:00.0" ObKeinKontakt="1" ObjArtID="1" Merkmal="0.0"/>
  <Objekte ObjID="15412" ObjAufnahme="2000-04-06" ObjLetztKontakt="2000-04-06" ObjStrasseID="6989" ObjHausnummer="Im Moore 8" ObjVorlage="2013-09-11 00:00:00.0" ObKeinKontakt="1" ObjArtID="1" Merkmal="0.0"/>
  <Objekte ObjID="15413" ObjAufnahme="2000-04-06" ObjLetztKontakt="2000-04-06" ObjStrasseID="6989" ObjHausnummer="Im Moore 10" ObjVorlage="2013-09-11 00:00:00.0" ObKeinKontakt="1" ObjArtID="1" Merkmal="0.0"/>
  <Objekte ObjID="15414" ObjAufnahme="2000-04-06" ObjLetztKontakt="2000-04-06" ObjStrasseID="6989" ObjHausnummer="Im Moore 12" ObjVorlage="2013-09-11 00:00:00.0" ObKeinKontakt="1" ObjArtID="1" Merkmal="0.0"/>
  <Objekte ObjID="15415" ObjAufnahme="2000-04-06" ObjLetztKontakt="2000-04-06" ObjStrasseID="6989" ObjHausnummer="Im Moore 14" ObjVorlage="2013-09-11 00:00:00.0" ObKeinKontakt="1" ObjArtID="1" Merkmal="0.0"/>
  <Objekte ObjID="15416" ObjAufnahme="2000-04-06" ObjLetztKontakt="2000-04-06" ObjStrasseID="6989" ObjHausnummer="Im Moore 16" ObjVorlage="2013-09-11 00:00:00.0" ObKeinKontakt="1" ObjArtID="1" Merkmal="0.0"/>
  <Objekte ObjID="15417" ObjAufnahme="2000-04-06" ObjLetztKontakt="2000-04-06" ObjStrasseID="6989" ObjHausnummer="Im Moore 16A" ObjVorlage="2013-09-11 00:00:00.0" ObKeinKontakt="1" ObjArtID="1" Merkmal="0.0"/>
  <Objekte ObjID="15418" ObjAufnahme="2000-04-06" ObjLetztKontakt="2000-04-06" ObjStrasseID="6989" ObjHausnummer="Im Moore 18" ObjVorlage="2013-09-11 00:00:00.0" ObKeinKontakt="1" ObjArtID="1" Merkmal="0.0"/>
  <Objekte ObjID="15419" ObjAufnahme="2000-04-06" ObjLetztKontakt="2000-04-06" ObjStrasseID="6989" ObjHausnummer="Im Moore 18A" ObjVorlage="2013-09-11 00:00:00.0" ObKeinKontakt="1" ObjArtID="1" Merkmal="0.0"/>
  <Objekte ObjID="15420" ObjAufnahme="2000-04-06" ObjLetztKontakt="2000-04-06" ObjStrasseID="6989" ObjHausnummer="Im Moore 20" ObjVorlage="2013-09-11 00:00:00.0" ObKeinKontakt="1" ObjArtID="1" Merkmal="0.0"/>
  <Objekte ObjID="15421" ObjAufnahme="2000-04-06" ObjLetztKontakt="2000-04-06" ObjStrasseID="6989" ObjHausnummer="Im Moore 22" ObjVorlage="2013-09-11 00:00:00.0" ObKeinKontakt="1" ObjArtID="1" Merkmal="0.0"/>
  <Objekte ObjID="15422" ObjAufnahme="2000-04-06" ObjLetztKontakt="2000-04-06" ObjStrasseID="6989" ObjHausnummer="Im Moore 24" ObjVorlage="2013-09-11 00:00:00.0" ObKeinKontakt="1" ObjArtID="1" Merkmal="0.0"/>
  <Objekte ObjID="15423" ObjAufnahme="2000-04-06" ObjLetztKontakt="2000-04-06" ObjStrasseID="6989" ObjHausnummer="Im Moore 26" ObjVorlage="2013-09-11 00:00:00.0" ObKeinKontakt="1" ObjArtID="1" Merkmal="0.0"/>
  <Objekte ObjID="15424" ObjAufnahme="2000-04-06" ObjLetztKontakt="2000-04-06" ObjStrasseID="6989" ObjHausnummer="Im Moore 28" ObjVorlage="2013-09-11 00:00:00.0" ObKeinKontakt="1" ObjArtID="1" Merkmal="0.0"/>
  <Objekte ObjID="15425" ObjAufnahme="2000-04-06" ObjLetztKontakt="2000-04-06" ObjStrasseID="6989" ObjHausnummer="Im Moore 30" ObjVorlage="2013-09-11 00:00:00.0" ObKeinKontakt="1" ObjArtID="1" Merkmal="0.0"/>
  <Objekte ObjID="15426" ObjAufnahme="2000-04-06" ObjLetztKontakt="2000-04-06" ObjStrasseID="6989" ObjHausnummer="Im Moore 32" ObjVorlage="2013-09-11 00:00:00.0" ObKeinKontakt="1" ObjArtID="1" Merkmal="0.0"/>
  <Objekte ObjID="15427" ObjAufnahme="2000-04-06" ObjLetztKontakt="2013-08-15" ObjStrasseID="6989" ObjHausnummer="Im Moore 34" ObjVorlage="2013-09-11 00:00:00.0" ObKeinKontakt="2" ObjArtID="1" Merkmal="0.0" ObjInfo="gehört Rademacher 0511345526 kein Verkauf&#xD;&#xA;kein Zukauf"/>
  <Objekte ObjID="15428" ObjAufnahme="2000-04-06" ObjLetztKontakt="2000-04-06" ObjStrasseID="6989" ObjHausnummer="Im Moore 36" ObjVorlage="2013-09-11 00:00:00.0" ObKeinKontakt="1" ObjArtID="1" Merkmal="0.0"/>
  <Objekte ObjID="15429" ObjAufnahme="2000-04-06" ObjLetztKontakt="2000-04-06" ObjStrasseID="6989" ObjHausnummer="Im Moore 38" ObjVorlage="2013-09-11 00:00:00.0" ObKeinKontakt="1" ObjArtID="1" Merkmal="0.0"/>
  <Objekte ObjID="15430" ObjAufnahme="2000-04-06" ObjLetztKontakt="2000-04-06" ObjStrasseID="6989" ObjHausnummer="Im Moore 40" ObjVorlage="2013-09-11 00:00:00.0" ObKeinKontakt="1" ObjArtID="1" Merkmal="0.0"/>
  <Objekte ObjID="15431" ObjAufnahme="2000-04-06" ObjLetztKontakt="2000-04-06" ObjStrasseID="6989" ObjHausnummer="Im Moore 45" ObjVorlage="2013-09-11 00:00:00.0" ObKeinKontakt="1" ObjArtID="1" Merkmal="0.0"/>
  <Objekte ObjID="15432" ObjAufnahme="2000-04-06" ObjLetztKontakt="2000-04-06" ObjStrasseID="6989" ObjHausnummer="Im Moore 43" ObjVorlage="2013-09-11 00:00:00.0" ObKeinKontakt="1" ObjArtID="1" Merkmal="0.0"/>
  <Objekte ObjID="15433" ObjAufnahme="2000-04-06" ObjLetztKontakt="2000-04-06" ObjStrasseID="6989" ObjHausnummer="Im Moore 41" ObjVorlage="2013-09-11 00:00:00.0" ObKeinKontakt="1" ObjArtID="1" Merkmal="0.0"/>
  <Objekte ObjID="15434" ObjAufnahme="2000-04-06" ObjLetztKontakt="2000-04-06" ObjStrasseID="6989" ObjHausnummer="Im Moore 39" ObjVorlage="2013-09-11 00:00:00.0" ObKeinKontakt="1" ObjArtID="1" Merkmal="0.0"/>
  <Objekte ObjID="15435" ObjAufnahme="2000-04-06" ObjLetztKontakt="2000-04-06" ObjStrasseID="6989" ObjHausnummer="Im Moore 37" ObjVorlage="2013-09-11 00:00:00.0" ObKeinKontakt="1" ObjArtID="1" Merkmal="0.0"/>
  <Objekte ObjID="15436" ObjAufnahme="2000-04-06" ObjLetztKontakt="2000-04-06" ObjStrasseID="6989" ObjHausnummer="Im Moore 35" ObjVorlage="2013-09-11 00:00:00.0" ObKeinKontakt="1" ObjArtID="1" Merkmal="0.0"/>
  <Objekte ObjID="15437" ObjAufnahme="2000-04-06" ObjLetztKontakt="2000-04-06" ObjStrasseID="6989" ObjHausnummer="Im Moore 33" ObjVorlage="2013-09-11 00:00:00.0" ObKeinKontakt="1" ObjArtID="173" Merkmal="0.0"/>
  <Objekte ObjID="15438" ObjAufnahme="2000-04-06" ObjLetztKontakt="2000-04-06" ObjStrasseID="6989" ObjHausnummer="Im Moore 31" ObjVorlage="2013-09-11 00:00:00.0" ObKeinKontakt="1" ObjArtID="1" Merkmal="0.0"/>
  <Objekte ObjID="15439" ObjAufnahme="2000-04-06" ObjLetztKontakt="2000-04-06" ObjStrasseID="6989" ObjHausnummer="Im Moore 29" ObjVorlage="2013-09-11 00:00:00.0" ObKeinKontakt="1" ObjArtID="1" Merkmal="0.0"/>
  <Objekte ObjID="15440" ObjAufnahme="2000-04-06" ObjLetztKontakt="2000-04-06" ObjStrasseID="6989" ObjHausnummer="Im Moore 27" ObjVorlage="2013-09-11 00:00:00.0" ObKeinKontakt="1" ObjArtID="1" Merkmal="0.0"/>
  <Objekte ObjID="15441" ObjAufnahme="2000-04-06" ObjLetztKontakt="2000-04-06" ObjStrasseID="6989" ObjHausnummer="Im Moore 25" ObjVorlage="2013-09-11 00:00:00.0" ObKeinKontakt="1" ObjArtID="1" Merkmal="0.0"/>
  <Objekte ObjID="15442" ObjAufnahme="2000-04-06" ObjLetztKontakt="2000-04-06" ObjStrasseID="6989" ObjHausnummer="Im Moore 23" ObjVorlage="2013-09-11 00:00:00.0" ObKeinKontakt="1" ObjArtID="1" Merkmal="0.0"/>
  <Objekte ObjID="15443" ObjAufnahme="2000-04-06" ObjLetztKontakt="2000-04-06" ObjStrasseID="6989" ObjHausnummer="Im Moore 21" ObjVorlage="2013-09-11 00:00:00.0" ObKeinKontakt="1" ObjArtID="1" Merkmal="0.0"/>
  <Objekte ObjID="15444" ObjAufnahme="2000-04-06" ObjLetztKontakt="2000-04-06" ObjStrasseID="6989" ObjHausnummer="Im Moore 19" ObjVorlage="2013-09-11 00:00:00.0" ObKeinKontakt="1" ObjArtID="1" Merkmal="0.0"/>
  <Objekte ObjID="15445" ObjAufnahme="2000-04-06" ObjLetztKontakt="2000-04-06" ObjStrasseID="6989" ObjHausnummer="Im Moore 17" ObjVorlage="2013-09-11 00:00:00.0" ObKeinKontakt="1" ObjArtID="1" Merkmal="0.0"/>
  <Objekte ObjID="15446" ObjAufnahme="2000-04-06" ObjLetztKontakt="2000-04-06" ObjStrasseID="6989" ObjHausnummer="Im Moore 15" ObjVorlage="2013-09-11 00:00:00.0" ObKeinKontakt="1" ObjArtID="1" Merkmal="0.0"/>
  <Objekte ObjID="15447" ObjAufnahme="2000-04-06" ObjLetztKontakt="2000-04-06" ObjStrasseID="6989" ObjHausnummer="Im Moore 15A" ObjVorlage="2013-09-11 00:00:00.0" ObKeinKontakt="1" ObjArtID="1" Merkmal="0.0"/>
  <Objekte ObjID="15448" ObjAufnahme="2000-04-06" ObjLetztKontakt="2000-04-06" ObjStrasseID="6989" ObjHausnummer="Im Moore 13" ObjVorlage="2013-09-11 00:00:00.0" ObKeinKontakt="1" ObjArtID="1" Merkmal="0.0"/>
  <Objekte ObjID="15449" ObjAufnahme="2000-04-06" ObjLetztKontakt="2000-04-06" ObjStrasseID="6333" ObjHausnummer="Elisenstraße 15" ObjVorlage="2013-09-11 00:00:00.0" ObKeinKontakt="1" ObjArtID="1" Merkmal="0.0"/>
  <Objekte ObjID="15450" ObjAufnahme="2000-04-06" ObjLetztKontakt="2000-04-06" ObjStrasseID="6333" ObjHausnummer="Elisenstraße 17" ObjVorlage="2013-09-11 00:00:00.0" ObKeinKontakt="1" ObjArtID="1" Merkmal="0.0"/>
  <Objekte ObjID="15451" ObjAufnahme="2000-04-06" ObjLetztKontakt="2000-04-06" ObjStrasseID="6333" ObjHausnummer="Elisenstraße 23" ObjVorlage="2013-09-11 00:00:00.0" ObKeinKontakt="1" ObjArtID="1" Merkmal="0.0"/>
  <Objekte ObjID="15452" ObjAufnahme="2000-04-06" ObjLetztKontakt="2000-04-06" ObjStrasseID="6333" ObjHausnummer="Elisenstraße 25" ObjVorlage="2013-09-11 00:00:00.0" ObKeinKontakt="1" ObjArtID="1" Merkmal="0.0"/>
  <Objekte ObjID="15453" ObjAufnahme="2000-04-06" ObjLetztKontakt="2000-04-06" ObjStrasseID="6333" ObjHausnummer="Elisenstraße 27" ObjVorlage="2013-09-11 00:00:00.0" ObKeinKontakt="1" ObjArtID="1" Merkmal="0.0"/>
  <Objekte ObjID="15454" ObjAufnahme="2000-04-06" ObjLetztKontakt="2000-04-06" ObjStrasseID="6333" ObjHausnummer="Elisenstraße 29" ObjVorlage="2013-09-11 00:00:00.0" ObKeinKontakt="1" ObjArtID="1" Merkmal="0.0"/>
  <Objekte ObjID="15455" ObjAufnahme="2000-04-06" ObjLetztKontakt="2000-04-06" ObjStrasseID="6333" ObjHausnummer="Elisenstraße 31" ObjVorlage="2013-09-11 00:00:00.0" ObKeinKontakt="1" ObjArtID="1" Merkmal="0.0"/>
  <Objekte ObjID="15456" ObjAufnahme="2000-04-06" ObjLetztKontakt="2000-04-06" ObjStrasseID="6333" ObjHausnummer="Elisenstraße 33" ObjVorlage="2013-09-11 00:00:00.0" ObKeinKontakt="1" ObjArtID="1" Merkmal="0.0"/>
  <Objekte ObjID="15457" ObjAufnahme="2000-04-06" ObjLetztKontakt="2000-04-06" ObjStrasseID="6333" ObjHausnummer="Elisenstraße 37" ObjVorlage="2013-09-11 00:00:00.0" ObKeinKontakt="1" ObjArtID="1" Merkmal="0.0"/>
  <Objekte ObjID="15458" ObjAufnahme="2000-04-06" ObjLetztKontakt="2000-04-06" ObjStrasseID="6333" ObjHausnummer="Elisenstraße 22" ObjVorlage="2013-09-11 00:00:00.0" ObKeinKontakt="1" ObjArtID="1" Merkmal="0.0"/>
  <Objekte ObjID="15459" ObjAufnahme="2000-04-06" ObjLetztKontakt="2000-04-06" ObjStrasseID="6333" ObjHausnummer="Elisenstraße 20" ObjVorlage="2013-09-11 00:00:00.0" ObKeinKontakt="1" ObjArtID="177" Merkmal="0.0"/>
  <Objekte ObjID="15460" ObjAufnahme="2000-04-06" ObjLetztKontakt="2000-04-06" ObjStrasseID="6333" ObjHausnummer="Elisenstraße 18" ObjVorlage="2013-09-11 00:00:00.0" ObKeinKontakt="1" ObjArtID="1" Merkmal="0.0"/>
  <Objekte ObjID="15461" ObjAufnahme="2000-04-06" ObjLetztKontakt="2000-04-06" ObjStrasseID="6333" ObjHausnummer="Elisenstraße 18A" ObjVorlage="2013-09-11 00:00:00.0" ObKeinKontakt="1" ObjArtID="1" Merkmal="0.0"/>
  <Objekte ObjID="15462" ObjAufnahme="2000-04-06" ObjLetztKontakt="2000-04-06" ObjStrasseID="6333" ObjHausnummer="Elisenstraße 10A" ObjVorlage="2013-09-11 00:00:00.0" ObKeinKontakt="1" ObjArtID="1" Merkmal="0.0"/>
  <Objekte ObjID="15463" ObjAufnahme="2000-04-06" ObjLetztKontakt="2000-04-06" ObjStrasseID="6333" ObjHausnummer="Elisenstraße 12" ObjVorlage="2013-09-11 00:00:00.0" ObKeinKontakt="1" ObjArtID="1" Merkmal="0.0"/>
  <Objekte ObjID="15464" ObjAufnahme="2000-04-06" ObjLetztKontakt="2000-04-06" ObjStrasseID="6333" ObjHausnummer="Elisenstraße 8" ObjVorlage="2013-09-11 00:00:00.0" ObKeinKontakt="1" ObjArtID="1" Merkmal="0.0"/>
  <Objekte ObjID="15465" ObjAufnahme="2000-04-06" ObjLetztKontakt="2000-04-06" ObjStrasseID="6333" ObjHausnummer="Elisenstraße 4" ObjVorlage="2013-09-11 00:00:00.0" ObKeinKontakt="1" ObjArtID="1" Merkmal="0.0"/>
  <Objekte ObjID="15466" ObjAufnahme="2000-04-06" ObjLetztKontakt="2000-04-06" ObjStrasseID="6333" ObjHausnummer="Elisenstraße 6" ObjVorlage="2013-09-11 00:00:00.0" ObKeinKontakt="1" ObjArtID="1" Merkmal="0.0"/>
  <Objekte ObjID="15467" ObjAufnahme="2000-04-06" ObjLetztKontakt="2000-04-06" ObjStrasseID="6333" ObjHausnummer="Elisenstraße 2" ObjVorlage="2013-09-11 00:00:00.0" ObKeinKontakt="1" ObjArtID="1" Merkmal="0.0"/>
  <Objekte ObjID="15468" ObjAufnahme="2000-04-06" ObjLetztKontakt="2000-04-06" ObjStrasseID="6333" ObjHausnummer="Elisenstraße 7" ObjVorlage="2013-09-11 00:00:00.0" ObKeinKontakt="1" ObjArtID="1" Merkmal="0.0"/>
  <Objekte ObjID="15469" ObjAufnahme="2000-04-06" ObjLetztKontakt="2000-04-06" ObjStrasseID="6333" ObjHausnummer="Elisenstraße 9" ObjVorlage="2013-09-11 00:00:00.0" ObKeinKontakt="1" ObjArtID="1" Merkmal="0.0"/>
  <Objekte ObjID="15470" ObjAufnahme="2000-04-06" ObjLetztKontakt="2000-04-06" ObjStrasseID="6333" ObjHausnummer="Elisenstraße 39" ObjVorlage="2013-09-11 00:00:00.0" ObKeinKontakt="1" ObjArtID="1" Merkmal="0.0"/>
  <Objekte ObjID="15471" ObjAufnahme="2000-04-06" ObjLetztKontakt="2000-04-06" ObjStrasseID="6333" ObjHausnummer="Elisenstraße 41" ObjVorlage="2013-09-11 00:00:00.0" ObKeinKontakt="1" ObjArtID="1" Merkmal="0.0"/>
  <Objekte ObjID="15472" ObjAufnahme="2000-04-06" ObjLetztKontakt="2000-04-06" ObjStrasseID="6333" ObjHausnummer="Elisenstraße 43" ObjVorlage="2013-09-11 00:00:00.0" ObKeinKontakt="1" ObjArtID="1" Merkmal="0.0"/>
  <Objekte ObjID="15473" ObjAufnahme="2000-04-06" ObjLetztKontakt="2000-04-06" ObjStrasseID="6333" ObjHausnummer="Elisenstraße 45" ObjVorlage="2013-09-11 00:00:00.0" ObKeinKontakt="1" ObjArtID="1" Merkmal="0.0"/>
  <Objekte ObjID="15474" ObjAufnahme="2000-04-06" ObjLetztKontakt="2000-04-06" ObjStrasseID="6333" ObjHausnummer="Elisenstraße 47" ObjVorlage="2013-09-11 00:00:00.0" ObKeinKontakt="1" ObjArtID="1" Merkmal="0.0"/>
  <Objekte ObjID="15475" ObjAufnahme="2000-04-06" ObjLetztKontakt="2000-04-06" ObjStrasseID="6333" ObjHausnummer="Elisenstraße 49" ObjVorlage="2013-09-11 00:00:00.0" ObKeinKontakt="1" ObjArtID="1" Merkmal="0.0"/>
  <Objekte ObjID="15476" ObjAufnahme="2000-04-06" ObjLetztKontakt="2000-04-06" ObjStrasseID="6333" ObjHausnummer="Elisenstraße 51" ObjVorlage="2013-09-11 00:00:00.0" ObKeinKontakt="1" ObjArtID="1" Merkmal="0.0"/>
  <Objekte ObjID="15477" ObjAufnahme="2000-04-06" ObjLetztKontakt="2000-04-06" ObjStrasseID="6333" ObjHausnummer="Elisenstraße 53" ObjVorlage="2013-09-11 00:00:00.0" ObKeinKontakt="1" ObjArtID="1" Merkmal="0.0"/>
  <Objekte ObjID="15478" ObjAufnahme="2000-04-06" ObjLetztKontakt="2000-04-06" ObjStrasseID="6333" ObjHausnummer="Elisenstraße 57" ObjVorlage="2013-09-11 00:00:00.0" ObKeinKontakt="1" ObjArtID="1" Merkmal="0.0"/>
  <Objekte ObjID="15479" ObjAufnahme="2000-04-06" ObjLetztKontakt="2000-04-06" ObjStrasseID="6333" ObjHausnummer="Elisenstraße 59" ObjVorlage="2013-09-11 00:00:00.0" ObKeinKontakt="1" ObjArtID="1" Merkmal="0.0"/>
  <Objekte ObjID="15480" ObjAufnahme="2000-04-06" ObjLetztKontakt="2000-04-06" ObjStrasseID="6333" ObjHausnummer="Elisenstraße 35" ObjVorlage="2013-09-11 00:00:00.0" ObKeinKontakt="1" ObjArtID="1" Merkmal="0.0"/>
  <Objekte ObjID="15481" ObjAufnahme="2000-04-06" ObjLetztKontakt="2000-04-06" ObjStrasseID="6333" ObjHausnummer="Elisenstraße 44" ObjVorlage="2013-09-11 00:00:00.0" ObKeinKontakt="1" ObjArtID="1" Merkmal="0.0"/>
  <Objekte ObjID="15482" ObjAufnahme="2000-04-06" ObjLetztKontakt="2000-04-06" ObjStrasseID="6333" ObjHausnummer="Elisenstraße 42" ObjVorlage="2013-09-11 00:00:00.0" ObKeinKontakt="1" ObjArtID="1" Merkmal="0.0"/>
  <Objekte ObjID="15483" ObjAufnahme="2000-04-06" ObjLetztKontakt="2000-04-06" ObjStrasseID="6333" ObjHausnummer="Elisenstraße 40" ObjVorlage="2013-09-11 00:00:00.0" ObKeinKontakt="1" ObjArtID="1" Merkmal="0.0"/>
  <Objekte ObjID="15484" ObjAufnahme="2000-04-06" ObjLetztKontakt="2000-04-06" ObjStrasseID="6333" ObjHausnummer="Elisenstraße 38" ObjVorlage="2013-09-11 00:00:00.0" ObKeinKontakt="1" ObjArtID="1" Merkmal="0.0"/>
  <Objekte ObjID="15485" ObjAufnahme="2000-04-06" ObjLetztKontakt="2000-04-06" ObjStrasseID="6333" ObjHausnummer="Elisenstraße 36" ObjVorlage="2013-09-11 00:00:00.0" ObKeinKontakt="1" ObjArtID="1" Merkmal="0.0"/>
  <Objekte ObjID="15486" ObjAufnahme="2000-04-06" ObjLetztKontakt="2000-04-06" ObjStrasseID="6333" ObjHausnummer="Elisenstraße 34" ObjVorlage="2013-09-11 00:00:00.0" ObKeinKontakt="1" ObjArtID="1" Merkmal="0.0"/>
  <Objekte ObjID="15487" ObjAufnahme="2000-04-06" ObjLetztKontakt="2000-04-06" ObjStrasseID="6333" ObjHausnummer="Elisenstraße 32" ObjVorlage="2013-09-11 00:00:00.0" ObKeinKontakt="1" ObjArtID="1" Merkmal="0.0"/>
  <Objekte ObjID="15488" ObjAufnahme="2000-04-06" ObjLetztKontakt="2000-04-06" ObjStrasseID="6333" ObjHausnummer="Elisenstraße 28" ObjVorlage="2013-09-11 00:00:00.0" ObKeinKontakt="1" ObjArtID="1" Merkmal="0.0"/>
  <Objekte ObjID="15489" ObjAufnahme="2000-04-06" ObjLetztKontakt="2000-04-06" ObjStrasseID="6333" ObjHausnummer="Elisenstraße 26" ObjVorlage="2013-09-11 00:00:00.0" ObKeinKontakt="1" ObjArtID="1" Merkmal="0.0"/>
  <Objekte ObjID="15490" ObjAufnahme="2000-04-06" ObjLetztKontakt="2000-04-06" ObjStrasseID="6333" ObjHausnummer="Elisenstraße 24" ObjVorlage="2013-09-11 00:00:00.0" ObKeinKontakt="1" ObjArtID="1" Merkmal="0.0"/>
  <Objekte ObjID="15491" ObjAufnahme="2000-04-06" ObjLetztKontakt="2000-04-06" ObjStrasseID="6333" ObjHausnummer="Elisenstraße 5" ObjVorlage="2013-09-11 00:00:00.0" ObKeinKontakt="1" ObjArtID="1" Merkmal="0.0"/>
  <Objekte ObjID="15492" ObjAufnahme="2000-04-07" ObjLetztKontakt="2000-04-07" ObjStrasseID="3821" ObjHausnummer="Hoppegartenring 58" ObjVorlage="2013-09-11 00:00:00.0" ObKeinKontakt="1" ObjArtID="22" Merkmal="0.0" ObjInfo="95 m²422 m²Grg.1980480.000,-- DM"/>
  <Objekte ObjID="15493" ObjAufnahme="2000-04-10" ObjLetztKontakt="2000-04-10" ObjStrasseID="6958" ObjHausnummer="Ihmer Straße 22" ObjVorlage="2013-09-11 00:00:00.0" ObKeinKontakt="1" ObjArtID="10" Merkmal="0.0"/>
  <Objekte ObjID="15494" ObjAufnahme="2000-04-11" ObjLetztKontakt="2000-04-11" ObjStrasseID="10214" ObjHausnummer="Lutterbrinkstraße 13" ObjVorlage="2013-09-11 00:00:00.0" ObKeinKontakt="1" ObjArtID="8" Merkmal="0.0" ObjInfo="175 m²917 m²Grg.1950539.000,-- DM"/>
  <Objekte ObjID="15495" ObjAufnahme="2000-04-11" ObjLetztKontakt="2000-04-11" ObjStrasseID="8334" ObjHausnummer="Süßeroder Straße 46" ObjVorlage="2013-09-11 00:00:00.0" ObKeinKontakt="1" ObjArtID="23" Merkmal="0.0" ObjInfo="170 m²350 m²1970690.000,-- DM"/>
  <Objekte ObjID="15496" ObjAufnahme="2000-04-12" ObjLetztKontakt="2000-04-12" ObjStrasseID="4357" ObjHausnummer="Normannische Straße 28A" ObjVorlage="2013-09-11 00:00:00.0" ObKeinKontakt="1" ObjArtID="20" Merkmal="0.0" ObjInfo="160 m²380 m²Grg.1996575.000,-- DM"/>
  <Objekte ObjID="15497" ObjAufnahme="2000-04-20" ObjLetztKontakt="2000-04-20" ObjStrasseID="8380" ObjHausnummer="Tiergartenstraße 1" ObjVorlage="2013-09-11 00:00:00.0" ObKeinKontakt="1" ObjArtID="8" Merkmal="0.0" ObjInfo="325 m²900 m²Stellpl.1888950.000,-- DM"/>
  <Objekte ObjID="15498" ObjAufnahme="2000-04-20" ObjLetztKontakt="2000-04-20" ObjStrasseID="10224" ObjHausnummer="Südstraße 12" ObjVorlage="2013-09-11 00:00:00.0" ObKeinKontakt="1" ObjArtID="8" Merkmal="0.0" ObjInfo="240 m²330 m²Grg., Carp.1750435.000,-- DM"/>
  <Objekte ObjID="15499" ObjAufnahme="2000-05-09" ObjLetztKontakt="2000-05-09" ObjStrasseID="5805" ObjHausnummer="Annenstraße 9" ObjVorlage="2013-09-11 00:00:00.0" ObKeinKontakt="1" ObjArtID="238" Merkmal="0.0"/>
  <Objekte ObjID="15500" ObjAufnahme="2000-05-10" ObjLetztKontakt="2000-05-10" ObjStrasseID="5805" ObjHausnummer="Annenstraße 9" ObjVorlage="2013-09-11 00:00:00.0" ObKeinKontakt="1" ObjArtID="105" Merkmal="0.0" ObjInfo="22580\Blk. W"/>
  <Objekte ObjID="15501" ObjAufnahme="2000-05-12" ObjLetztKontakt="2000-05-12" ObjStrasseID="9177" ObjHausnummer="Birkengrasebrink 44" ObjVorlage="2013-09-11 00:00:00.0" ObKeinKontakt="1" ObjArtID="8" Merkmal="0.0" ObjInfo="201,7 m²1449 m²2 Grg.1985795.000,-- DM"/>
  <Objekte ObjID="15502" ObjAufnahme="2000-05-12" ObjLetztKontakt="2000-05-12" ObjStrasseID="8641" ObjHausnummer="Wilksheide 19" ObjVorlage="2013-09-11 00:00:00.0" ObKeinKontakt="1" ObjArtID="23" Merkmal="0.0" ObjInfo="145 m²288 m²Grg.1968510.000,-- DM"/>
  <Objekte ObjID="15503" ObjAufnahme="2000-05-17" ObjLetztKontakt="2000-05-17" ObjStrasseID="4564" ObjHausnummer="Roggenkamp 8" ObjVorlage="2013-09-11 00:00:00.0" ObKeinKontakt="1" ObjArtID="1" Merkmal="0.0" ObjInfo="331 m²4500 m²mehrere Stellpl.1900700.000,-- DM"/>
  <Objekte ObjID="15504" ObjAufnahme="2000-05-21" ObjLetztKontakt="2000-05-21" ObjStrasseID="6460" ObjHausnummer="Freihorstfeld 62" ObjVorlage="2013-09-11 00:00:00.0" ObKeinKontakt="1" ObjArtID="8" Merkmal="0.0" ObjInfo="150 m²500 m²Do.grg.1963798.000,-- DM"/>
  <Objekte ObjID="15505" ObjAufnahme="2000-05-21" ObjLetztKontakt="2000-05-21" ObjStrasseID="9654" ObjHausnummer="Pahlberg 2" ObjVorlage="2013-09-11 00:00:00.0" ObKeinKontakt="1" ObjArtID="8" Merkmal="0.0" ObjInfo="256 m²1500 m²Grg., Carp.1970860.000,-- DM"/>
  <Objekte ObjID="15506" ObjAufnahme="2000-05-21" ObjLetztKontakt="2000-05-21" ObjStrasseID="10244" ObjHausnummer="Waldstraße 35" ObjVorlage="2013-09-11 00:00:00.0" ObKeinKontakt="1" ObjArtID="8" Merkmal="0.0" ObjInfo="135 m²776 m²Do.grg.1962390.000,-- DM"/>
  <Objekte ObjID="15508" ObjAufnahme="2000-05-21" ObjLetztKontakt="2000-05-21" ObjStrasseID="10245" ObjHausnummer="Brauhausberg 6" ObjVorlage="2013-09-11 00:00:00.0" ObKeinKontakt="1" ObjArtID="1" Merkmal="0.0"/>
  <Objekte ObjID="15509" ObjAufnahme="2000-05-24" ObjLetztKontakt="2000-05-24" ObjStrasseID="6057" ObjHausnummer="Brandestraße 10" ObjVorlage="2013-09-11 00:00:00.0" ObKeinKontakt="1" ObjArtID="233" Merkmal="0.0" ObjInfo="350 m²650 m²19001,5 Mio. DM"/>
  <Objekte ObjID="15510" ObjAufnahme="2000-05-30" ObjLetztKontakt="2000-05-30" ObjStrasseID="10261" ObjHausnummer="Schumannweg 15" ObjVorlage="2013-09-11 00:00:00.0" ObKeinKontakt="1" ObjArtID="8" Merkmal="0.0" ObjInfo="167 m²567 m²2 Grg.1991740.000,-- DM"/>
  <Objekte ObjID="15511" ObjAufnahme="2000-05-30" ObjLetztKontakt="2000-05-30" ObjStrasseID="8666" ObjHausnummer="Wittekindstraße 47" ObjVorlage="2013-09-11 00:00:00.0" ObKeinKontakt="1" ObjArtID="1" Merkmal="0.0"/>
  <Objekte ObjID="15512" ObjAufnahme="2000-06-07" ObjLetztKontakt="2000-06-07" ObjStrasseID="6984" ObjHausnummer="Im Klingenkampe 39" ObjVorlage="2013-09-11 00:00:00.0" ObKeinKontakt="1" ObjArtID="20" Merkmal="0.0" ObjInfo="180 m²1200 m²Grg.1973750.000,-- DM"/>
  <Objekte ObjID="15513" ObjAufnahme="2000-06-08" ObjLetztKontakt="2000-06-08" ObjStrasseID="5580" ObjHausnummer="Alte Peiner Heerstraße 86" ObjVorlage="2013-09-11 00:00:00.0" ObKeinKontakt="1" ObjArtID="11" Merkmal="0.0"/>
  <Objekte ObjID="15514" ObjAufnahme="2000-06-08" ObjLetztKontakt="2000-06-08" ObjStrasseID="10266" ObjHausnummer="Gerstenstiege 3" ObjVorlage="2013-09-11 00:00:00.0" ObKeinKontakt="1" ObjArtID="8" Merkmal="0.0" ObjInfo="150 m²600 m²Do.Carport1982710.000,-- DM"/>
  <Objekte ObjID="15515" ObjAufnahme="2000-06-14" ObjLetztKontakt="2000-06-14" ObjStrasseID="6648" ObjHausnummer="Große Düwelstraße 55" ObjVorlage="2013-09-11 00:00:00.0" ObKeinKontakt="1" ObjArtID="26" Merkmal="0.0"/>
  <Objekte ObjID="15516" ObjAufnahme="2000-06-16" ObjLetztKontakt="2000-11-06" ObjStrasseID="3989" ObjHausnummer="Kiebitzweg 18" ObjVorlage="2013-09-11 00:00:00.0" ObKeinKontakt="1" ObjArtID="21" Merkmal="0.0" ObjInfo="130 m²260 m²Grg.1976385.000,-- DM"/>
  <Objekte ObjID="15517" ObjAufnahme="2000-06-20" ObjLetztKontakt="2000-06-20" ObjStrasseID="8562" ObjHausnummer="Weinstraße 20" ObjVorlage="2013-09-11 00:00:00.0" ObKeinKontakt="1" ObjArtID="1" Merkmal="0.0"/>
  <Objekte ObjID="15518" ObjAufnahme="2000-06-20" ObjLetztKontakt="2000-06-20" ObjStrasseID="8562" ObjHausnummer="Weinstraße 18" ObjVorlage="2013-09-11 00:00:00.0" ObKeinKontakt="1" ObjArtID="1" Merkmal="0.0"/>
  <Objekte ObjID="15519" ObjAufnahme="2000-06-20" ObjLetztKontakt="2000-06-20" ObjStrasseID="8562" ObjHausnummer="Weinstraße 17" ObjVorlage="2013-09-11 00:00:00.0" ObKeinKontakt="2" ObjArtID="1" Merkmal="0.0"/>
  <Objekte ObjID="15520" ObjAufnahme="2000-06-20" ObjLetztKontakt="2000-06-20" ObjStrasseID="8562" ObjHausnummer="Weinstraße 16A" ObjVorlage="2013-09-11 00:00:00.0" ObKeinKontakt="2" ObjArtID="1" Merkmal="0.0"/>
  <Objekte ObjID="15521" ObjAufnahme="2000-06-20" ObjLetztKontakt="2000-06-20" ObjStrasseID="8562" ObjHausnummer="Weinstraße 16" ObjVorlage="2013-09-11 00:00:00.0" ObKeinKontakt="1" ObjArtID="1" Merkmal="0.0"/>
  <Objekte ObjID="15522" ObjAufnahme="2000-06-20" ObjLetztKontakt="2000-06-20" ObjStrasseID="8562" ObjHausnummer="Weinstraße 15" ObjVorlage="2013-09-11 00:00:00.0" ObKeinKontakt="2" ObjArtID="1" Merkmal="0.0"/>
  <Objekte ObjID="15523" ObjAufnahme="2000-06-20" ObjLetztKontakt="2000-06-20" ObjStrasseID="8562" ObjHausnummer="Weinstraße 15A" ObjVorlage="2013-09-11 00:00:00.0" ObKeinKontakt="1" ObjArtID="1" Merkmal="0.0"/>
  <Objekte ObjID="15524" ObjAufnahme="2000-06-20" ObjLetztKontakt="2000-06-20" ObjStrasseID="8562" ObjHausnummer="Weinstraße 15B" ObjVorlage="2013-09-11 00:00:00.0" ObKeinKontakt="1" ObjArtID="1" Merkmal="0.0"/>
  <Objekte ObjID="15525" ObjAufnahme="2000-06-20" ObjLetztKontakt="2000-06-20" ObjStrasseID="8562" ObjHausnummer="Weinstraße 14" ObjVorlage="2013-09-11 00:00:00.0" ObKeinKontakt="1" ObjArtID="1" Merkmal="0.0"/>
  <Objekte ObjID="15526" ObjAufnahme="2000-06-20" ObjLetztKontakt="2000-06-20" ObjStrasseID="8562" ObjHausnummer="Weinstraße 12" ObjVorlage="2013-09-11 00:00:00.0" ObKeinKontakt="1" ObjArtID="1" Merkmal="0.0"/>
  <Objekte ObjID="15527" ObjAufnahme="2000-06-20" ObjLetztKontakt="2000-06-20" ObjStrasseID="8562" ObjHausnummer="Weinstraße 9" ObjVorlage="2013-09-11 00:00:00.0" ObKeinKontakt="1" ObjArtID="1" Merkmal="0.0"/>
  <Objekte ObjID="15528" ObjAufnahme="2000-06-20" ObjLetztKontakt="2000-06-20" ObjStrasseID="8562" ObjHausnummer="Weinstraße 8" ObjVorlage="2013-09-11 00:00:00.0" ObKeinKontakt="1" ObjArtID="1" Merkmal="0.0"/>
  <Objekte ObjID="15529" ObjAufnahme="2000-06-20" ObjLetztKontakt="2000-06-20" ObjStrasseID="8562" ObjHausnummer="Weinstraße 7" ObjVorlage="2013-09-11 00:00:00.0" ObKeinKontakt="1" ObjArtID="1" Merkmal="0.0"/>
  <Objekte ObjID="15530" ObjAufnahme="2000-06-20" ObjLetztKontakt="2000-06-20" ObjStrasseID="8562" ObjHausnummer="Weinstraße 6" ObjVorlage="2013-09-11 00:00:00.0" ObKeinKontakt="1" ObjArtID="1" Merkmal="0.0"/>
  <Objekte ObjID="15531" ObjAufnahme="2000-06-20" ObjLetztKontakt="2000-06-20" ObjStrasseID="8562" ObjHausnummer="Weinstraße 5" ObjVorlage="2013-09-11 00:00:00.0" ObKeinKontakt="1" ObjArtID="1" Merkmal="0.0"/>
  <Objekte ObjID="15532" ObjAufnahme="2000-06-20" ObjLetztKontakt="2000-06-20" ObjStrasseID="8562" ObjHausnummer="Weinstraße 4" ObjVorlage="2013-09-11 00:00:00.0" ObKeinKontakt="1" ObjArtID="1" Merkmal="0.0"/>
  <Objekte ObjID="15533" ObjAufnahme="2000-06-20" ObjLetztKontakt="2000-06-20" ObjStrasseID="8562" ObjHausnummer="Weinstraße 3" ObjVorlage="2013-09-11 00:00:00.0" ObKeinKontakt="1" ObjArtID="1" Merkmal="0.0"/>
  <Objekte ObjID="15534" ObjAufnahme="2000-06-20" ObjLetztKontakt="2000-06-20" ObjStrasseID="8562" ObjHausnummer="Weinstraße 2" ObjVorlage="2013-09-11 00:00:00.0" ObKeinKontakt="1" ObjArtID="1" Merkmal="0.0"/>
  <Objekte ObjID="15535" ObjAufnahme="2000-06-28" ObjLetztKontakt="2000-06-28" ObjStrasseID="10287" ObjHausnummer="Ulmenkamp 14" ObjVorlage="2013-09-11 00:00:00.0" ObKeinKontakt="1" ObjArtID="8" Merkmal="0.0" ObjInfo="215 m²545 m²2 Grg.1972669.000,-- DM"/>
  <Objekte ObjID="15536" ObjAufnahme="2000-06-28" ObjLetztKontakt="2000-06-28" ObjStrasseID="6721" ObjHausnummer="Hanebuthwinkel 23" ObjVorlage="2013-09-11 00:00:00.0" ObKeinKontakt="1" ObjArtID="18" Merkmal="0.0" ObjInfo="320 m²1300 m²4 Grg.19913,3 Mio."/>
  <Objekte ObjID="15537" ObjAufnahme="2000-06-29" ObjLetztKontakt="2000-06-29" ObjStrasseID="7889" ObjHausnummer="Richartzstraße 18" ObjVorlage="2013-09-11 00:00:00.0" ObKeinKontakt="1" ObjArtID="13" Merkmal="0.0" ObjInfo="19965\Blk.S-W"/>
  <Objekte ObjID="15538" ObjAufnahme="2000-06-29" ObjLetztKontakt="2000-06-29" ObjStrasseID="6475" ObjHausnummer="Friedhofsallee 18B" ObjVorlage="2013-09-11 00:00:00.0" ObKeinKontakt="1" ObjArtID="176" Merkmal="0.0" ObjInfo="158 m²362 m²Grg.1977530.000,-- DM"/>
  <Objekte ObjID="15539" ObjAufnahme="2000-07-06" ObjLetztKontakt="2000-07-06" ObjStrasseID="8220" ObjHausnummer="Spannhagengarten 16" ObjVorlage="2013-09-11 00:00:00.0" ObKeinKontakt="1" ObjArtID="104" Merkmal="0.0" ObjInfo="26593\Blk. West"/>
  <Objekte ObjID="15540" ObjAufnahme="2000-07-06" ObjLetztKontakt="2000-07-06" ObjStrasseID="9042" ObjHausnummer="Hertzstraße 1" ObjVorlage="2013-09-11 00:00:00.0" ObKeinKontakt="1" ObjArtID="8" Merkmal="0.0"/>
  <Objekte ObjID="15541" ObjAufnahme="2000-07-06" ObjLetztKontakt="2000-07-06" ObjStrasseID="10297" ObjHausnummer="Weidenkamp 9" ObjVorlage="2013-09-11 00:00:00.0" ObKeinKontakt="1" ObjArtID="8" Merkmal="0.0"/>
  <Objekte ObjID="15542" ObjAufnahme="2000-07-07" ObjLetztKontakt="2000-07-07" ObjStrasseID="9753" ObjHausnummer="Auf dem Spanne 3" ObjVorlage="2013-09-11 00:00:00.0" ObKeinKontakt="1" ObjArtID="8" Merkmal="0.0" ObjInfo="170 m²480 m²Grg./Stellpl.1969465.000,-- DM"/>
  <Objekte ObjID="15543" ObjAufnahme="2000-07-07" ObjLetztKontakt="2000-07-07" ObjStrasseID="10300" ObjHausnummer="Eschenweg 7" ObjVorlage="2013-09-11 00:00:00.0" ObKeinKontakt="1" ObjArtID="8" Merkmal="0.0" ObjInfo="256 m²1680 m²Do.grg.1992820.000,-- DM"/>
  <Objekte ObjID="15544" ObjAufnahme="2000-07-07" ObjLetztKontakt="2000-07-07" ObjStrasseID="6644" ObjHausnummer="Gropiusstraße 20" ObjVorlage="2013-09-11 00:00:00.0" ObKeinKontakt="1" ObjArtID="23" Merkmal="0.0" ObjInfo="145 m²625 m²1978720.000,-- DM"/>
  <Objekte ObjID="15545" ObjAufnahme="2000-07-10" ObjLetztKontakt="2000-07-10" ObjStrasseID="8450" ObjHausnummer="Vahrenwalder Straße 29" ObjVorlage="2013-09-11 00:00:00.0" ObKeinKontakt="1" ObjArtID="5" Merkmal="0.0"/>
  <Objekte ObjID="15546" ObjAufnahme="2000-07-10" ObjLetztKontakt="2000-07-10" ObjStrasseID="6429" ObjHausnummer="Fliegerstraße 1" ObjVorlage="2013-09-11 00:00:00.0" ObKeinKontakt="1" ObjArtID="10" Merkmal="0.0"/>
  <Objekte ObjID="15547" ObjAufnahme="2000-07-12" ObjLetztKontakt="2000-07-12" ObjStrasseID="5611" ObjHausnummer="Am Brückenhaus 11" ObjVorlage="2013-09-11 00:00:00.0" ObKeinKontakt="1" ObjArtID="47" Merkmal="0.0" ObjInfo="23068\Terr.S-W, Grg."/>
  <Objekte ObjID="15548" ObjAufnahme="2000-07-12" ObjLetztKontakt="2001-09-03" ObjStrasseID="6686" ObjHausnummer="Haarstraße 7" ObjVorlage="2013-09-11 00:00:00.0" ObKeinKontakt="9" ObjArtID="98" Merkmal="0.0" ObjInfo="3251412081~&#xD;&#xA;15549"/>
  <Objekte ObjID="15550" ObjAufnahme="2000-07-13" ObjLetztKontakt="2000-07-13" ObjStrasseID="6593" ObjHausnummer="Goethestraße 26" ObjVorlage="2013-09-11 00:00:00.0" ObKeinKontakt="1" ObjArtID="1" Merkmal="0.0"/>
  <Objekte ObjID="15551" ObjAufnahme="2000-07-13" ObjLetztKontakt="2000-07-13" ObjStrasseID="6593" ObjHausnummer="Goethestraße 4" ObjVorlage="2013-09-11 00:00:00.0" ObKeinKontakt="1" ObjArtID="1" Merkmal="0.0"/>
  <Objekte ObjID="15552" ObjAufnahme="2000-07-13" ObjLetztKontakt="2000-07-13" ObjStrasseID="6593" ObjHausnummer="Goethestraße 6" ObjVorlage="2013-09-11 00:00:00.0" ObKeinKontakt="1" ObjArtID="5" Merkmal="0.0"/>
  <Objekte ObjID="15553" ObjAufnahme="2000-07-13" ObjLetztKontakt="2000-07-13" ObjStrasseID="6593" ObjHausnummer="Goethestraße 6B" ObjVorlage="2013-09-11 00:00:00.0" ObKeinKontakt="1" ObjArtID="5" Merkmal="0.0"/>
  <Objekte ObjID="15554" ObjAufnahme="2000-07-18" ObjLetztKontakt="2000-07-18" ObjStrasseID="10311" ObjHausnummer="Lindenallee 16" ObjVorlage="2013-09-11 00:00:00.0" ObKeinKontakt="1" ObjArtID="8" Merkmal="0.0" ObjInfo="163 m²581 m²1985550.000,-- DM"/>
  <Objekte ObjID="15555" ObjAufnahme="2000-07-18" ObjLetztKontakt="2000-07-18" ObjStrasseID="10312" ObjHausnummer="Ginsterweg 6D" ObjVorlage="2013-09-11 00:00:00.0" ObKeinKontakt="1" ObjArtID="21" Merkmal="0.0" ObjInfo="100 m²212 m²1972390.000,-- DM"/>
  <Objekte ObjID="15556" ObjAufnahme="2000-07-18" ObjLetztKontakt="2000-07-18" ObjStrasseID="3273" ObjHausnummer="Burgwedeler Straße 28" ObjVorlage="2013-09-11 00:00:00.0" ObKeinKontakt="1" ObjArtID="8" Merkmal="0.0" ObjInfo="220 m²1100 m²1890799.000,-- DM"/>
  <Objekte ObjID="15557" ObjAufnahme="2000-07-19" ObjLetztKontakt="2000-07-19" ObjStrasseID="9092" ObjHausnummer="Rebhuhnweg 20E" ObjVorlage="2013-09-11 00:00:00.0" ObKeinKontakt="1" ObjArtID="176" Merkmal="0.0" ObjInfo="130 m²160 m²Grg.1992450.000,-- DM"/>
  <Objekte ObjID="15558" ObjAufnahme="2000-07-19" ObjLetztKontakt="2000-07-19" ObjStrasseID="3354" ObjHausnummer="Dürerring 4C" ObjVorlage="2013-09-11 00:00:00.0" ObKeinKontakt="1" ObjArtID="8" Merkmal="0.0" ObjInfo="174 m²529 m²Carport1990550.000,-- DM"/>
  <Objekte ObjID="15559" ObjAufnahme="2000-07-19" ObjLetztKontakt="2000-07-19" ObjStrasseID="5801" ObjHausnummer="Angerstraße 5" ObjVorlage="2013-09-11 00:00:00.0" ObKeinKontakt="1" ObjArtID="24" Merkmal="0.0" ObjInfo="160 m²880 m²Grg.1932600.000,-- DM"/>
  <Objekte ObjID="15560" ObjAufnahme="2000-07-20" ObjLetztKontakt="2000-07-20" ObjStrasseID="10315" ObjHausnummer="Otzer Landstraße 13" ObjVorlage="2013-09-11 00:00:00.0" ObKeinKontakt="1" ObjArtID="18" Merkmal="0.0" ObjInfo="450 m²30.000 m²3 Grg.19221,7 Mio."/>
  <Objekte ObjID="15561" ObjAufnahme="2000-07-20" ObjLetztKontakt="2000-07-20" ObjStrasseID="10316" ObjHausnummer="Akazienstraße 21" ObjVorlage="2013-09-11 00:00:00.0" ObKeinKontakt="1" ObjArtID="8" Merkmal="0.0"/>
  <Objekte ObjID="15562" ObjAufnahme="2000-07-20" ObjLetztKontakt="2000-07-20" ObjStrasseID="3357" ObjHausnummer="Ebereschenweg 12" ObjVorlage="2013-09-11 00:00:00.0" ObKeinKontakt="1" ObjArtID="176" Merkmal="0.0" ObjInfo="113 m²130 m²Grg.1994430.000,-- DM"/>
  <Objekte ObjID="15563" ObjAufnahme="2000-07-21" ObjLetztKontakt="2000-07-21" ObjStrasseID="6983" ObjHausnummer="Im Kleinen Bruche 1" ObjVorlage="2013-09-11 00:00:00.0" ObKeinKontakt="1" ObjArtID="24" Merkmal="0.0" ObjInfo="100 m²600 m²Grg.1938370.000,-- DM"/>
  <Objekte ObjID="15564" ObjAufnahme="2000-07-21" ObjLetztKontakt="2000-07-21" ObjStrasseID="10318" ObjHausnummer="Am Wedemarkbad 1B" ObjVorlage="2013-09-11 00:00:00.0" ObKeinKontakt="1" ObjArtID="21" Merkmal="0.0" ObjInfo="148 m²150 m²Stellplatz1985369.000,-- DM"/>
  <Objekte ObjID="15565" ObjAufnahme="2000-07-21" ObjLetztKontakt="2000-07-21" ObjStrasseID="9447" ObjHausnummer="Am Wietze Strand 13" ObjVorlage="2013-09-11 00:00:00.0" ObKeinKontakt="1" ObjArtID="8" Merkmal="0.0" ObjInfo="370 m²1900 m²1974839.000,-- DM"/>
  <Objekte ObjID="15566" ObjAufnahme="2000-07-21" ObjLetztKontakt="2000-07-21" ObjStrasseID="8451" ObjHausnummer="Vahrenwalder Straße 260" ObjVorlage="2013-09-11 00:00:00.0" ObKeinKontakt="1" ObjArtID="10" Merkmal="0.0"/>
  <Objekte ObjID="15567" ObjAufnahme="2000-07-24" ObjLetztKontakt="2000-07-24" ObjStrasseID="6429" ObjHausnummer="Fliegerstraße 2" ObjVorlage="2013-09-11 00:00:00.0" ObKeinKontakt="1" ObjArtID="10" Merkmal="0.0"/>
  <Objekte ObjID="15568" ObjAufnahme="2000-07-25" ObjLetztKontakt="2000-07-25" ObjStrasseID="10321" ObjHausnummer="Hinter den Gärten 13" ObjVorlage="2013-09-11 00:00:00.0" ObKeinKontakt="1" ObjArtID="21" Merkmal="0.0" ObjInfo="110 m²200 m²2 Stellplätze1993420.000,-- DM"/>
  <Objekte ObjID="15569" ObjAufnahme="2000-07-25" ObjLetztKontakt="2000-07-25" ObjStrasseID="7860" ObjHausnummer="Rehbockstraße 2" ObjVorlage="2013-09-11 00:00:00.0" ObKeinKontakt="1" ObjArtID="1" Merkmal="0.0"/>
  <Objekte ObjID="15570" ObjAufnahme="2000-07-25" ObjLetztKontakt="2000-07-25" ObjStrasseID="6983" ObjHausnummer="Im Kleinen Bruche 1" ObjVorlage="2013-09-11 00:00:00.0" ObKeinKontakt="1" ObjArtID="8" Merkmal="0.0"/>
  <Objekte ObjID="15571" ObjAufnahme="2000-07-27" ObjLetztKontakt="2000-07-27" ObjStrasseID="10327" ObjHausnummer="Akazienstraße 21" ObjVorlage="2013-09-11 00:00:00.0" ObKeinKontakt="1" ObjArtID="8" Merkmal="0.0" ObjInfo="140 m²725 m²Carport1963465.000,-- DM"/>
  <Objekte ObjID="15572" ObjAufnahme="2000-07-27" ObjLetztKontakt="2000-07-27" ObjStrasseID="10328" ObjHausnummer="Eichenkamp 1" ObjVorlage="2013-09-11 00:00:00.0" ObKeinKontakt="1" ObjArtID="8" Merkmal="0.0" ObjInfo="254 m² 60 m²Grg., Carp.1990650.000,-- DM"/>
  <Objekte ObjID="15573" ObjAufnahme="2000-07-27" ObjLetztKontakt="2000-07-27" ObjStrasseID="10288" ObjHausnummer="Hannoversche Straße 149" ObjVorlage="2013-09-11 00:00:00.0" ObKeinKontakt="1" ObjArtID="20" Merkmal="0.0" ObjInfo="230 m²1240 m²1951680.000,-- DM"/>
  <Objekte ObjID="15574" ObjAufnahme="2000-07-28" ObjLetztKontakt="2000-07-28" ObjStrasseID="5576" ObjHausnummer="Alte Döhrener Straße 51" ObjVorlage="2013-09-11 00:00:00.0" ObKeinKontakt="1" ObjArtID="161" Merkmal="0.0" ObjInfo="399130\Winterg./Dachterr.alle Richt."/>
  <Objekte ObjID="15575" ObjAufnahme="2000-08-01" ObjLetztKontakt="2000-08-01" ObjStrasseID="4274" ObjHausnummer="Mergenthaler Straße 57" ObjVorlage="2013-09-11 00:00:00.0" ObKeinKontakt="1" ObjArtID="210" Merkmal="0.0"/>
  <Objekte ObjID="15576" ObjAufnahme="2000-08-01" ObjLetztKontakt="2000-08-01" ObjStrasseID="7502" ObjHausnummer="Max-von-Laue-Ring 48" ObjVorlage="2013-09-11 00:00:00.0" ObKeinKontakt="1" ObjArtID="24" Merkmal="0.0" ObjInfo="145 m²220 m²1988498.000,-- DM"/>
  <Objekte ObjID="15577" ObjAufnahme="2000-08-01" ObjLetztKontakt="2000-08-01" ObjStrasseID="3000" ObjHausnummer="An der Worth 24" ObjVorlage="2013-09-11 00:00:00.0" ObKeinKontakt="1" ObjArtID="8" Merkmal="0.0" ObjInfo="130 m²700 m²Grg.750.000,-- DM"/>
  <Objekte ObjID="15578" ObjAufnahme="2000-08-01" ObjLetztKontakt="2000-08-01" ObjStrasseID="2857" ObjHausnummer="Alte Stöckener Straße 43" ObjVorlage="2013-09-11 00:00:00.0" ObKeinKontakt="1" ObjArtID="1" Merkmal="0.0"/>
  <Objekte ObjID="15579" ObjAufnahme="2000-08-01" ObjLetztKontakt="2000-08-01" ObjStrasseID="4274" ObjHausnummer="Mergenthaler Straße 10" ObjVorlage="2013-09-11 00:00:00.0" ObKeinKontakt="1" ObjArtID="26" Merkmal="0.0"/>
  <Objekte ObjID="15580" ObjAufnahme="2000-08-01" ObjLetztKontakt="2000-08-01" ObjStrasseID="7131" ObjHausnummer="Kaulbachstraße 24" ObjVorlage="2013-09-11 00:00:00.0" ObKeinKontakt="1" ObjArtID="18" Merkmal="0.0" ObjInfo="300 m²287 m²Grg.1915950.000,-- DM"/>
  <Objekte ObjID="15581" ObjAufnahme="2000-08-02" ObjLetztKontakt="2000-08-02" ObjStrasseID="8637" ObjHausnummer="Wilhelmstraße 4" ObjVorlage="2013-09-11 00:00:00.0" ObKeinKontakt="1" ObjArtID="9" Merkmal="0.0"/>
  <Objekte ObjID="15582" ObjAufnahme="2000-08-03" ObjLetztKontakt="2000-08-03" ObjStrasseID="8380" ObjHausnummer="Tiergartenstraße 150" ObjVorlage="2013-09-11 00:00:00.0" ObKeinKontakt="9" ObjArtID="181" Merkmal="0.0" ObjInfo="230611000Terr. Süd, Grg."/>
  <Objekte ObjID="15583" ObjAufnahme="2000-08-03" ObjLetztKontakt="2000-08-03" ObjStrasseID="8485" ObjHausnummer="Voltmerstraße 43A" ObjVorlage="2013-09-11 00:00:00.0" ObKeinKontakt="1" ObjArtID="1" Merkmal="0.0"/>
  <Objekte ObjID="15584" ObjAufnahme="2000-08-03" ObjLetztKontakt="2000-08-03" ObjStrasseID="7374" ObjHausnummer="Liebermannstraße 10" ObjVorlage="2013-09-11 00:00:00.0" ObKeinKontakt="1" ObjArtID="8" Merkmal="0.0" ObjInfo="245 m²807 m²Grg. + Stellpl.19641,4 Mio. DM"/>
  <Objekte ObjID="15585" ObjAufnahme="2000-08-03" ObjLetztKontakt="2000-08-03" ObjStrasseID="3357" ObjHausnummer="Ebereschenweg 11" ObjVorlage="2013-09-11 00:00:00.0" ObKeinKontakt="1" ObjArtID="8" Merkmal="0.0" ObjInfo="113 m²130 m²1994395.000,-- DM"/>
  <Objekte ObjID="15586" ObjAufnahme="2000-08-03" ObjLetztKontakt="2000-08-03" ObjStrasseID="5779" ObjHausnummer="An der Strangriede 5" ObjVorlage="2013-09-11 00:00:00.0" ObKeinKontakt="1" ObjArtID="1" Merkmal="0.0"/>
  <Objekte ObjID="15587" ObjAufnahme="2000-08-03" ObjLetztKontakt="2000-08-03" ObjStrasseID="8485" ObjHausnummer="Voltmerstraße 43" ObjVorlage="2013-09-11 00:00:00.0" ObKeinKontakt="1" ObjArtID="1" Merkmal="0.0"/>
  <Objekte ObjID="15588" ObjAufnahme="2000-08-08" ObjLetztKontakt="2000-08-08" ObjStrasseID="10339" ObjHausnummer="Hauptstraße 43" ObjVorlage="2013-09-11 00:00:00.0" ObKeinKontakt="5" ObjArtID="5" Merkmal="0.0"/>
  <Objekte ObjID="15589" ObjAufnahme="2000-08-09" ObjLetztKontakt="2000-08-09" ObjStrasseID="10342" ObjHausnummer="Bergfeldstraße 1" ObjVorlage="2013-09-11 00:00:00.0" ObKeinKontakt="1" ObjArtID="24" Merkmal="0.0" ObjInfo="131 m²290 m²2000540.000,-- DM"/>
  <Objekte ObjID="15590" ObjAufnahme="2000-08-09" ObjLetztKontakt="2000-08-09" ObjStrasseID="7716" ObjHausnummer="Ottostraße 1A" ObjVorlage="2013-09-11 00:00:00.0" ObKeinKontakt="1" ObjArtID="77" Merkmal="0.0" ObjInfo="365106\2 Blk. N-W, S-W"/>
  <Objekte ObjID="15591" ObjAufnahme="2000-08-09" ObjLetztKontakt="2000-08-09" ObjStrasseID="3629" ObjHausnummer="Gutenbergstraße 10" ObjVorlage="2013-09-11 00:00:00.0" ObKeinKontakt="1" ObjArtID="11" Merkmal="0.0"/>
  <Objekte ObjID="15592" ObjAufnahme="2000-08-10" ObjLetztKontakt="2000-08-10" ObjStrasseID="10344" ObjHausnummer="Raiffeisenstraße 8" ObjVorlage="2013-09-11 00:00:00.0" ObKeinKontakt="1" ObjArtID="9" Merkmal="0.0"/>
  <Objekte ObjID="15593" ObjAufnahme="2000-08-11" ObjLetztKontakt="2000-08-11" ObjStrasseID="6764" ObjHausnummer="Hauffstraße 8" ObjVorlage="2013-09-11 00:00:00.0" ObKeinKontakt="1" ObjArtID="14" Merkmal="0.0" ObjInfo="24587\Blk. O"/>
  <Objekte ObjID="15594" ObjAufnahme="2000-08-11" ObjLetztKontakt="2000-08-11" ObjStrasseID="8610" ObjHausnummer="Wiehbergstraße 83" ObjVorlage="2013-09-11 00:00:00.0" ObKeinKontakt="9" ObjArtID="111" Merkmal="0.0" ObjInfo="29090\"/>
  <Objekte ObjID="15595" ObjAufnahme="2000-08-14" ObjLetztKontakt="2001-08-14" ObjStrasseID="5606" ObjHausnummer="Am Bokemahle 12" ObjVorlage="2013-09-11 00:00:00.0" ObKeinKontakt="2" ObjArtID="118" Merkmal="0.0" ObjInfo="26976\Südblk./DG"/>
  <Objekte ObjID="15596" ObjAufnahme="2000-08-15" ObjLetztKontakt="2000-08-15" ObjStrasseID="7838" ObjHausnummer="Raiffeisenstraße 8" ObjVorlage="2013-09-11 00:00:00.0" ObKeinKontakt="1" ObjArtID="11" Merkmal="0.0"/>
  <Objekte ObjID="15597" ObjAufnahme="2000-08-21" ObjLetztKontakt="2000-08-21" ObjStrasseID="4069" ObjHausnummer="Kramerstraße 14" ObjVorlage="2013-09-11 00:00:00.0" ObKeinKontakt="1" ObjArtID="1" Merkmal="0.0"/>
  <Objekte ObjID="15598" ObjAufnahme="2000-08-22" ObjLetztKontakt="2000-08-22" ObjStrasseID="6676" ObjHausnummer="Güntherstraße 43A" ObjVorlage="2013-09-11 00:00:00.0" ObKeinKontakt="1" ObjArtID="1" Merkmal="0.0"/>
  <Objekte ObjID="15599" ObjAufnahme="2000-08-22" ObjLetztKontakt="2000-08-22" ObjStrasseID="6676" ObjHausnummer="Güntherstraße 47" ObjVorlage="2013-09-11 00:00:00.0" ObKeinKontakt="1" ObjArtID="1" Merkmal="0.0"/>
  <Objekte ObjID="15600" ObjAufnahme="2000-08-22" ObjLetztKontakt="2000-08-22" ObjStrasseID="6676" ObjHausnummer="Güntherstraße 43E" ObjVorlage="2013-09-11 00:00:00.0" ObKeinKontakt="1" ObjArtID="1" Merkmal="0.0"/>
  <Objekte ObjID="15601" ObjAufnahme="2000-08-22" ObjLetztKontakt="2000-08-22" ObjStrasseID="6676" ObjHausnummer="Güntherstraße 2" ObjVorlage="2013-09-11 00:00:00.0" ObKeinKontakt="1" ObjArtID="1" Merkmal="0.0"/>
  <Objekte ObjID="15602" ObjAufnahme="2000-08-22" ObjLetztKontakt="2000-08-22" ObjStrasseID="6676" ObjHausnummer="Güntherstraße 4" ObjVorlage="2013-09-11 00:00:00.0" ObKeinKontakt="1" ObjArtID="1" Merkmal="0.0"/>
  <Objekte ObjID="15603" ObjAufnahme="2000-08-22" ObjLetztKontakt="2000-08-22" ObjStrasseID="6676" ObjHausnummer="Güntherstraße 6" ObjVorlage="2013-09-11 00:00:00.0" ObKeinKontakt="1" ObjArtID="1" Merkmal="0.0"/>
  <Objekte ObjID="15604" ObjAufnahme="2000-08-22" ObjLetztKontakt="2000-08-22" ObjStrasseID="6676" ObjHausnummer="Güntherstraße 10" ObjVorlage="2013-09-11 00:00:00.0" ObKeinKontakt="1" ObjArtID="1" Merkmal="0.0"/>
  <Objekte ObjID="15605" ObjAufnahme="2000-08-22" ObjLetztKontakt="2000-08-22" ObjStrasseID="6676" ObjHausnummer="Güntherstraße 12" ObjVorlage="2013-09-11 00:00:00.0" ObKeinKontakt="1" ObjArtID="1" Merkmal="0.0"/>
  <Objekte ObjID="15606" ObjAufnahme="2000-08-22" ObjLetztKontakt="2000-08-22" ObjStrasseID="6676" ObjHausnummer="Güntherstraße 14" ObjVorlage="2013-09-11 00:00:00.0" ObKeinKontakt="1" ObjArtID="1" Merkmal="0.0"/>
  <Objekte ObjID="15607" ObjAufnahme="2000-08-22" ObjLetztKontakt="2000-08-22" ObjStrasseID="6676" ObjHausnummer="Güntherstraße 26" ObjVorlage="2013-09-11 00:00:00.0" ObKeinKontakt="1" ObjArtID="1" Merkmal="0.0"/>
  <Objekte ObjID="15608" ObjAufnahme="2000-08-22" ObjLetztKontakt="2000-08-22" ObjStrasseID="6676" ObjHausnummer="Güntherstraße 28" ObjVorlage="2013-09-11 00:00:00.0" ObKeinKontakt="1" ObjArtID="1" Merkmal="0.0"/>
  <Objekte ObjID="15609" ObjAufnahme="2000-08-22" ObjLetztKontakt="2000-08-22" ObjStrasseID="6676" ObjHausnummer="Güntherstraße 32" ObjVorlage="2013-09-11 00:00:00.0" ObKeinKontakt="1" ObjArtID="1" Merkmal="0.0"/>
  <Objekte ObjID="15610" ObjAufnahme="2000-08-22" ObjLetztKontakt="2000-08-22" ObjStrasseID="6676" ObjHausnummer="Güntherstraße 34" ObjVorlage="2013-09-11 00:00:00.0" ObKeinKontakt="1" ObjArtID="1" Merkmal="0.0"/>
  <Objekte ObjID="15611" ObjAufnahme="2000-08-22" ObjLetztKontakt="2000-08-22" ObjStrasseID="6676" ObjHausnummer="Güntherstraße 36" ObjVorlage="2013-09-11 00:00:00.0" ObKeinKontakt="1" ObjArtID="1" Merkmal="0.0"/>
  <Objekte ObjID="15612" ObjAufnahme="2000-08-22" ObjLetztKontakt="2000-08-22" ObjStrasseID="6676" ObjHausnummer="Güntherstraße 43" ObjVorlage="2013-09-11 00:00:00.0" ObKeinKontakt="1" ObjArtID="1" Merkmal="0.0"/>
  <Objekte ObjID="15613" ObjAufnahme="2000-08-22" ObjLetztKontakt="2001-06-28" ObjStrasseID="6676" ObjHausnummer="Güntherstraße 41" ObjVorlage="2013-09-11 00:00:00.0" ObKeinKontakt="9" ObjArtID="111" Merkmal="0.0" ObjInfo="875150\Terr., Grg, Süd-West"/>
  <Objekte ObjID="15614" ObjAufnahme="2000-08-22" ObjLetztKontakt="2000-08-22" ObjStrasseID="6676" ObjHausnummer="Güntherstraße 39" ObjVorlage="2013-09-11 00:00:00.0" ObKeinKontakt="1" ObjArtID="1" Merkmal="0.0"/>
  <Objekte ObjID="15615" ObjAufnahme="2000-08-22" ObjLetztKontakt="2000-08-22" ObjStrasseID="6676" ObjHausnummer="Güntherstraße 37" ObjVorlage="2013-09-11 00:00:00.0" ObKeinKontakt="1" ObjArtID="1" Merkmal="0.0"/>
  <Objekte ObjID="15616" ObjAufnahme="2000-08-22" ObjLetztKontakt="2000-08-22" ObjStrasseID="6676" ObjHausnummer="Güntherstraße 33" ObjVorlage="2013-09-11 00:00:00.0" ObKeinKontakt="1" ObjArtID="1" Merkmal="0.0"/>
  <Objekte ObjID="15617" ObjAufnahme="2000-08-22" ObjLetztKontakt="2000-08-22" ObjStrasseID="6676" ObjHausnummer="Güntherstraße 31" ObjVorlage="2013-09-11 00:00:00.0" ObKeinKontakt="1" ObjArtID="1" Merkmal="0.0"/>
  <Objekte ObjID="15618" ObjAufnahme="2000-08-22" ObjLetztKontakt="2000-08-22" ObjStrasseID="6676" ObjHausnummer="Güntherstraße 29" ObjVorlage="2013-09-11 00:00:00.0" ObKeinKontakt="1" ObjArtID="1" Merkmal="0.0"/>
  <Objekte ObjID="15619" ObjAufnahme="2000-08-22" ObjLetztKontakt="2000-08-22" ObjStrasseID="6676" ObjHausnummer="Güntherstraße 27" ObjVorlage="2013-09-11 00:00:00.0" ObKeinKontakt="1" ObjArtID="1" Merkmal="0.0"/>
  <Objekte ObjID="15620" ObjAufnahme="2000-08-22" ObjLetztKontakt="2000-08-22" ObjStrasseID="6676" ObjHausnummer="Güntherstraße 21" ObjVorlage="2013-09-11 00:00:00.0" ObKeinKontakt="1" ObjArtID="1" Merkmal="0.0"/>
  <Objekte ObjID="15621" ObjAufnahme="2000-08-22" ObjLetztKontakt="2000-08-22" ObjStrasseID="3494" ObjHausnummer="Freytagstraße 21" ObjVorlage="2013-09-11 00:00:00.0" ObKeinKontakt="1" ObjArtID="1" Merkmal="0.0"/>
  <Objekte ObjID="15622" ObjAufnahme="2000-08-22" ObjLetztKontakt="2000-08-22" ObjStrasseID="6350" ObjHausnummer="Engelbosteler Damm 30" ObjVorlage="2013-09-11 00:00:00.0" ObKeinKontakt="1" ObjArtID="25" Merkmal="0.0"/>
  <Objekte ObjID="15623" ObjAufnahme="2000-08-22" ObjLetztKontakt="2000-08-22" ObjStrasseID="10365" ObjHausnummer="Buchenweg 5" ObjVorlage="2013-09-11 00:00:00.0" ObKeinKontakt="1" ObjArtID="8" Merkmal="0.0"/>
  <Objekte ObjID="15624" ObjAufnahme="2000-08-28" ObjLetztKontakt="2000-08-28" ObjStrasseID="10368" ObjHausnummer="Birkenweg 37" ObjVorlage="2013-09-11 00:00:00.0" ObKeinKontakt="1" ObjArtID="8" Merkmal="0.0"/>
  <Objekte ObjID="15625" ObjAufnahme="2000-08-28" ObjLetztKontakt="2000-08-28" ObjStrasseID="7728" ObjHausnummer="Pappelteich 24" ObjVorlage="2013-09-11 00:00:00.0" ObKeinKontakt="1" ObjArtID="20" Merkmal="0.0"/>
  <Objekte ObjID="15626" ObjAufnahme="2000-08-31" ObjLetztKontakt="2000-08-31" ObjStrasseID="5926" ObjHausnummer="Berlageweg 4" ObjVorlage="2013-09-11 00:00:00.0" ObKeinKontakt="1" ObjArtID="23" Merkmal="0.0"/>
  <Objekte ObjID="15627" ObjAufnahme="2000-09-04" ObjLetztKontakt="2000-09-04" ObjStrasseID="8189" ObjHausnummer="Siemensstraße 4" ObjVorlage="2013-09-11 00:00:00.0" ObKeinKontakt="1" ObjArtID="118" Merkmal="0.0" ObjInfo="29581\W-Blk."/>
  <Objekte ObjID="15628" ObjAufnahme="2000-09-07" ObjLetztKontakt="2000-09-07" ObjStrasseID="7897" ObjHausnummer="Riepestraße 8" ObjVorlage="2013-09-11 00:00:00.0" ObKeinKontakt="1" ObjArtID="238" Merkmal="0.0" ObjInfo="26592\Blk.S/W"/>
  <Objekte ObjID="15629" ObjAufnahme="2000-09-07" ObjLetztKontakt="2000-09-07" ObjStrasseID="7153" ObjHausnummer="Kirchröder Straße 32" ObjVorlage="2013-09-11 00:00:00.0" ObKeinKontakt="1" ObjArtID="18" Merkmal="0.0" ObjInfo="170 m²1260 m²Grg.19511,2 Mio."/>
  <Objekte ObjID="15630" ObjAufnahme="2000-09-07" ObjLetztKontakt="2000-09-07" ObjStrasseID="10243" ObjHausnummer="Reiherstieg 2" ObjVorlage="2013-09-11 00:00:00.0" ObKeinKontakt="1" ObjArtID="8" Merkmal="0.0" ObjInfo="130 m²417 m²Garg.1997515.000,-- DM"/>
  <Objekte ObjID="15631" ObjAufnahme="2000-09-08" ObjLetztKontakt="2000-09-08" ObjStrasseID="6026" ObjHausnummer="Borgentrickstraße 4" ObjVorlage="2013-09-11 00:00:00.0" ObKeinKontakt="1" ObjArtID="1" Merkmal="0.0"/>
  <Objekte ObjID="15632" ObjAufnahme="2000-09-08" ObjLetztKontakt="2000-09-08" ObjStrasseID="6026" ObjHausnummer="Borgentrickstraße 6" ObjVorlage="2013-09-11 00:00:00.0" ObKeinKontakt="1" ObjArtID="1" Merkmal="0.0"/>
  <Objekte ObjID="15633" ObjAufnahme="2000-09-11" ObjLetztKontakt="2000-09-11" ObjStrasseID="10391" ObjHausnummer="Sölterweg 5" ObjVorlage="2013-09-11 00:00:00.0" ObKeinKontakt="1" ObjArtID="8" Merkmal="0.0" ObjInfo="170 m²700 m²Carport630.000,-- DM"/>
  <Objekte ObjID="15634" ObjAufnahme="2000-09-11" ObjLetztKontakt="2000-09-11" ObjStrasseID="8131" ObjHausnummer="Schwanenring 13" ObjVorlage="2013-09-11 00:00:00.0" ObKeinKontakt="1" ObjArtID="178" Merkmal="0.0" ObjInfo="140 m²492 m²Doppelcarport550.000,-- DM"/>
  <Objekte ObjID="15635" ObjAufnahme="2000-09-12" ObjLetztKontakt="2000-09-12" ObjStrasseID="7502" ObjHausnummer="Max-von-Laue-Ring 58" ObjVorlage="2013-09-11 00:00:00.0" ObKeinKontakt="1" ObjArtID="24" Merkmal="0.0" ObjInfo="145 m²220 m²Grg.1988545.000,-- DM"/>
  <Objekte ObjID="15636" ObjAufnahme="2000-09-13" ObjLetztKontakt="2000-09-13" ObjStrasseID="10397" ObjHausnummer="Schwalbennest 5" ObjVorlage="2013-09-11 00:00:00.0" ObKeinKontakt="1" ObjArtID="8" Merkmal="0.0" ObjInfo="230 m²408 m²Grg.1975778.000,-- DM"/>
  <Objekte ObjID="15637" ObjAufnahme="2000-09-13" ObjLetztKontakt="2000-10-11" ObjStrasseID="6733" ObjHausnummer="Hans-Sachs-Weg 16" ObjVorlage="2013-09-11 00:00:00.0" ObKeinKontakt="1" ObjArtID="8" Merkmal="0.0" ObjInfo="793 m²Do.-Grg.895.000,-- DM"/>
  <Objekte ObjID="15638" ObjAufnahme="2000-09-14" ObjLetztKontakt="2000-09-14" ObjStrasseID="10022" ObjHausnummer="Hermann-Löns-Straße 8" ObjVorlage="2013-09-11 00:00:00.0" ObKeinKontakt="1" ObjArtID="8" Merkmal="0.0" ObjInfo="195 m²650 m²Tiefgrg.1975660.000,-- DM"/>
  <Objekte ObjID="15639" ObjAufnahme="2000-09-14" ObjLetztKontakt="2000-09-14" ObjStrasseID="10401" ObjHausnummer="Westerfeld 8A" ObjVorlage="2013-09-11 00:00:00.0" ObKeinKontakt="1" ObjArtID="8" Merkmal="0.0" ObjInfo="200 m²1500 m²Do.grg.2000850.000,-- DM"/>
  <Objekte ObjID="15640" ObjAufnahme="2000-09-14" ObjLetztKontakt="2000-09-14" ObjStrasseID="10402" ObjHausnummer="Gänsemagdweg 2" ObjVorlage="2013-09-11 00:00:00.0" ObKeinKontakt="1" ObjArtID="8" Merkmal="0.0" ObjInfo="360 m²560 m²1990698.000,-- DM"/>
  <Objekte ObjID="15641" ObjAufnahme="2000-09-15" ObjLetztKontakt="2000-09-15" ObjStrasseID="10404" ObjHausnummer="Gartenstraße 5" ObjVorlage="2013-09-11 00:00:00.0" ObKeinKontakt="1" ObjArtID="178" Merkmal="0.0" ObjInfo="300 m²1800 m²Do.grg.1970800.000,-- DM"/>
  <Objekte ObjID="15642" ObjAufnahme="2000-09-15" ObjLetztKontakt="2000-09-15" ObjStrasseID="9654" ObjHausnummer="Pahlberg 25A" ObjVorlage="2013-09-11 00:00:00.0" ObKeinKontakt="1" ObjArtID="8" Merkmal="0.0" ObjInfo="300 m²1400 m²Do.Grg.2000850.000,-- DM"/>
  <Objekte ObjID="15643" ObjAufnahme="2000-09-15" ObjLetztKontakt="2000-09-15" ObjStrasseID="7105" ObjHausnummer="Karl-Jakob-Hirsch-Weg 55" ObjVorlage="2013-09-11 00:00:00.0" ObKeinKontakt="1" ObjArtID="24" Merkmal="0.0" ObjInfo="160 m²500 m²Grg./Stellpl.1997698.000,-- DM"/>
  <Objekte ObjID="15644" ObjAufnahme="2000-09-18" ObjLetztKontakt="2000-09-18" ObjStrasseID="10260" ObjHausnummer="Großer Weg 25" ObjVorlage="2013-09-11 00:00:00.0" ObKeinKontakt="1" ObjArtID="8" Merkmal="0.0" ObjInfo="280 m²800 m²Do.+Einzelgrg.1977695.000,-- DM"/>
  <Objekte ObjID="15645" ObjAufnahme="2000-09-19" ObjLetztKontakt="2000-09-19" ObjStrasseID="8370" ObjHausnummer="Thönser Straße 18" ObjVorlage="2013-09-11 00:00:00.0" ObKeinKontakt="1" ObjArtID="8" Merkmal="0.0" ObjInfo="226 m²800 m²2 Grg.1956850.000,-- DM"/>
  <Objekte ObjID="15646" ObjAufnahme="2000-09-19" ObjLetztKontakt="2000-09-19" ObjStrasseID="10226" ObjHausnummer="Sundernstraße 17" ObjVorlage="2013-09-11 00:00:00.0" ObKeinKontakt="1" ObjArtID="23" Merkmal="0.0" ObjInfo="180 m²680 m²Grg.1974750.000,-- DM"/>
  <Objekte ObjID="15647" ObjAufnahme="2000-09-19" ObjLetztKontakt="2000-09-19" ObjStrasseID="2994" ObjHausnummer="An der Riehe 10" ObjVorlage="2013-09-11 00:00:00.0" ObKeinKontakt="1" ObjArtID="8" Merkmal="0.0" ObjInfo="183 m²800 m²2 Grg.1961720.000,-- DM"/>
  <Objekte ObjID="15648" ObjAufnahme="2000-09-19" ObjLetztKontakt="2000-09-19" ObjStrasseID="10410" ObjHausnummer="Speicherwinkel 20" ObjVorlage="2013-09-11 00:00:00.0" ObKeinKontakt="1" ObjArtID="8" Merkmal="0.0" ObjInfo="152 m²588 m²1990710.000,-- DM"/>
  <Objekte ObjID="15649" ObjAufnahme="2000-09-19" ObjLetztKontakt="2000-09-19" ObjStrasseID="7518" ObjHausnummer="Mendelssohnstraße 8" ObjVorlage="2013-09-11 00:00:00.0" ObKeinKontakt="1" ObjArtID="168" Merkmal="0.0" ObjInfo="420120\Blk."/>
  <Objekte ObjID="15650" ObjAufnahme="2000-09-20" ObjLetztKontakt="2000-09-20" ObjStrasseID="8705" ObjHausnummer="Zeppelinstraße 8" ObjVorlage="2013-09-11 00:00:00.0" ObKeinKontakt="1" ObjArtID="18" Merkmal="0.0"/>
  <Objekte ObjID="15651" ObjAufnahme="2000-09-20" ObjLetztKontakt="2001-10-25" ObjStrasseID="5611" ObjHausnummer="Am Brückenhaus 11" ObjVorlage="2013-09-11 00:00:00.0" ObKeinKontakt="2" ObjArtID="54" Merkmal="0.0" ObjInfo="25064\Terr. S-W, Blk. N-O; TG"/>
  <Objekte ObjID="15652" ObjAufnahme="2000-09-21" ObjLetztKontakt="2000-09-21" ObjStrasseID="10413" ObjHausnummer="Föhrenweg 7" ObjVorlage="2013-09-11 00:00:00.0" ObKeinKontakt="1" ObjArtID="24" Merkmal="0.0" ObjInfo="150 m²533 m²Do.grg.1983560.000,-- DM"/>
  <Objekte ObjID="15653" ObjAufnahme="2000-09-26" ObjLetztKontakt="2000-09-26" ObjStrasseID="5718" ObjHausnummer="Am Sünderkamp 22E" ObjVorlage="2013-09-11 00:00:00.0" ObKeinKontakt="1" ObjArtID="1" Merkmal="0.0"/>
  <Objekte ObjID="15654" ObjAufnahme="2000-09-28" ObjLetztKontakt="2000-09-28" ObjStrasseID="10365" ObjHausnummer="Buchenweg 7" ObjVorlage="2013-09-11 00:00:00.0" ObKeinKontakt="1" ObjArtID="8" Merkmal="0.0"/>
  <Objekte ObjID="15655" ObjAufnahme="2000-09-28" ObjLetztKontakt="2000-09-28" ObjStrasseID="10365" ObjHausnummer="Buchenweg 9" ObjVorlage="2013-09-11 00:00:00.0" ObKeinKontakt="1" ObjArtID="8" Merkmal="0.0" ObjInfo="220 m²700 m² Baupl.Do.grg.1965990.000,-- DM"/>
  <Objekte ObjID="15656" ObjAufnahme="2000-09-28" ObjLetztKontakt="2000-09-28" ObjStrasseID="10427" ObjHausnummer="Bremer Straße 24" ObjVorlage="2013-09-11 00:00:00.0" ObKeinKontakt="1" ObjArtID="1" Merkmal="0.0"/>
  <Objekte ObjID="15657" ObjAufnahme="2000-09-28" ObjLetztKontakt="2000-09-28" ObjStrasseID="10427" ObjHausnummer="Bremer Straße 26" ObjVorlage="2013-09-11 00:00:00.0" ObKeinKontakt="1" ObjArtID="1" Merkmal="0.0"/>
  <Objekte ObjID="15658" ObjAufnahme="2000-09-28" ObjLetztKontakt="2000-09-28" ObjStrasseID="4101" ObjHausnummer="Lange Feld Straße 103" ObjVorlage="2013-09-11 00:00:00.0" ObKeinKontakt="1" ObjArtID="1" Merkmal="0.0"/>
  <Objekte ObjID="15659" ObjAufnahme="2000-09-28" ObjLetztKontakt="2000-09-28" ObjStrasseID="8696" ObjHausnummer="Wunstorfer Straße 49" ObjVorlage="2013-09-11 00:00:00.0" ObKeinKontakt="1" ObjArtID="177" Merkmal="0.0"/>
  <Objekte ObjID="15660" ObjAufnahme="2000-09-28" ObjLetztKontakt="2000-09-28" ObjStrasseID="8696" ObjHausnummer="Wunstorfer Straße 51" ObjVorlage="2013-09-11 00:00:00.0" ObKeinKontakt="1" ObjArtID="5" Merkmal="0.0"/>
  <Objekte ObjID="15661" ObjAufnahme="2000-09-28" ObjLetztKontakt="2000-09-28" ObjStrasseID="6350" ObjHausnummer="Engelbosteler Damm 79" ObjVorlage="2013-09-11 00:00:00.0" ObKeinKontakt="1" ObjArtID="5" Merkmal="0.0"/>
  <Objekte ObjID="15662" ObjAufnahme="2000-09-28" ObjLetztKontakt="2000-09-28" ObjStrasseID="8695" ObjHausnummer="Wunstorfer Landstraße 54" ObjVorlage="2013-09-11 00:00:00.0" ObKeinKontakt="1" ObjArtID="5" Merkmal="0.0"/>
  <Objekte ObjID="15663" ObjAufnahme="2000-09-29" ObjLetztKontakt="2000-09-29" ObjStrasseID="10426" ObjHausnummer="Dammstraße 4" ObjVorlage="2013-09-11 00:00:00.0" ObKeinKontakt="1" ObjArtID="38" Merkmal="0.0"/>
  <Objekte ObjID="15664" ObjAufnahme="2000-10-05" ObjLetztKontakt="2000-10-05" ObjStrasseID="5576" ObjHausnummer="Alte Döhrener Straße 43A" ObjVorlage="2013-09-11 00:00:00.0" ObKeinKontakt="1" ObjArtID="1" Merkmal="0.0"/>
  <Objekte ObjID="15665" ObjAufnahme="2000-10-05" ObjLetztKontakt="2000-10-05" ObjStrasseID="5576" ObjHausnummer="Alte Döhrener Straße 43" ObjVorlage="2013-09-11 00:00:00.0" ObKeinKontakt="1" ObjArtID="1" Merkmal="0.0" ObjInfo="höchstwahrscheinlich aufgeteilt"/>
  <Objekte ObjID="15666" ObjAufnahme="2000-10-06" ObjLetztKontakt="2000-10-06" ObjStrasseID="5989" ObjHausnummer="Bleidornstraße 29" ObjVorlage="2013-09-11 00:00:00.0" ObKeinKontakt="1" ObjArtID="8" Merkmal="0.0" ObjInfo="350 m²600 m²2 Grg.1969510.000,-- DM"/>
  <Objekte ObjID="15667" ObjAufnahme="2000-10-06" ObjLetztKontakt="2000-10-06" ObjStrasseID="6050" ObjHausnummer="Brabeckstraße 17A" ObjVorlage="2013-09-11 00:00:00.0" ObKeinKontakt="1" ObjArtID="8" Merkmal="0.0" ObjInfo="175 m²350 m²Grg.1936559.000,-- DM"/>
  <Objekte ObjID="15668" ObjAufnahme="2000-10-10" ObjLetztKontakt="2000-10-10" ObjStrasseID="6875" ObjHausnummer="Hildesheimer Straße 406" ObjVorlage="2013-09-11 00:00:00.0" ObKeinKontakt="1" ObjArtID="5" Merkmal="0.0"/>
  <Objekte ObjID="15669" ObjAufnahme="2000-10-13" ObjLetztKontakt="2002-07-25" ObjStrasseID="6109" ObjHausnummer="Bünteroder Straße 4" ObjVorlage="2013-09-11 00:00:00.0" ObKeinKontakt="6" ObjArtID="24" Merkmal="0.0" ObjInfo="zu teuer"/>
  <Objekte ObjID="15670" ObjAufnahme="2000-10-17" ObjLetztKontakt="2000-10-17" ObjStrasseID="6972" ObjHausnummer="Im Eichholz 38" ObjVorlage="2013-09-11 00:00:00.0" ObKeinKontakt="1" ObjArtID="8" Merkmal="0.0"/>
  <Objekte ObjID="15671" ObjAufnahme="2000-10-19" ObjLetztKontakt="2000-10-19" ObjStrasseID="8594" ObjHausnummer="Wesselstraße 17, 17 A" ObjVorlage="2013-09-11 00:00:00.0" ObKeinKontakt="1" ObjArtID="1" Merkmal="0.0"/>
  <Objekte ObjID="15672" ObjAufnahme="2000-10-19" ObjLetztKontakt="2000-10-19" ObjStrasseID="6593" ObjHausnummer="Goethestraße 16" ObjVorlage="2013-09-11 00:00:00.0" ObKeinKontakt="1" ObjArtID="5" Merkmal="0.0"/>
  <Objekte ObjID="15673" ObjAufnahme="2000-10-24" ObjLetztKontakt="2000-10-24" ObjStrasseID="6003" ObjHausnummer="Bodenstabstraße 6" ObjVorlage="2013-09-11 00:00:00.0" ObKeinKontakt="1" ObjArtID="8" Merkmal="0.0" ObjInfo="353 m²741 m²2 Grg.1935/1987980.000,-- DM"/>
  <Objekte ObjID="15674" ObjAufnahme="2000-10-24" ObjLetztKontakt="2000-10-24" ObjStrasseID="7701" ObjHausnummer="Ostermannstraße 17" ObjVorlage="2013-09-11 00:00:00.0" ObKeinKontakt="1" ObjArtID="1" Merkmal="0.0"/>
  <Objekte ObjID="15675" ObjAufnahme="2000-10-26" ObjLetztKontakt="2000-10-26" ObjStrasseID="5649" ObjHausnummer="Am Holderbusch 10" ObjVorlage="2013-09-11 00:00:00.0" ObKeinKontakt="1" ObjArtID="8" Merkmal="0.0" ObjInfo="225 m²966 m²Do.grg.1954/1998930.000,-- DM"/>
  <Objekte ObjID="15676" ObjAufnahme="2000-10-31" ObjLetztKontakt="2000-10-31" ObjStrasseID="7790" ObjHausnummer="Plathnerstraße 60" ObjVorlage="2013-09-11 00:00:00.0" ObKeinKontakt="1" ObjArtID="246" Merkmal="0.0"/>
  <Objekte ObjID="15677" ObjAufnahme="2000-10-31" ObjLetztKontakt="2001-06-29" ObjStrasseID="7790" ObjHausnummer="Plathnerstraße 60" ObjVorlage="2013-09-11 00:00:00.0" ObKeinKontakt="9" ObjArtID="111" Merkmal="0.0" ObjInfo="47994\S-W-Loggia, N-O-Blk., DG,TG-St."/>
  <Objekte ObjID="15678" ObjAufnahme="2000-11-03" ObjLetztKontakt="2000-11-03" ObjStrasseID="10477" ObjHausnummer="Wiking-Hafen 1" ObjVorlage="2013-09-11 00:00:00.0" ObKeinKontakt="1" ObjArtID="210" Merkmal="0.0"/>
  <Objekte ObjID="15679" ObjAufnahme="2000-11-07" ObjLetztKontakt="2001-01-02" ObjStrasseID="3315" ObjHausnummer="Deisterstraße 47" ObjVorlage="2013-09-11 00:00:00.0" ObKeinKontakt="1" ObjArtID="8" Merkmal="0.0" ObjInfo="140 m²602 m²Carport1997660.000,-- DM"/>
  <Objekte ObjID="15680" ObjAufnahme="2000-11-08" ObjLetztKontakt="2000-11-08" ObjStrasseID="10197" ObjHausnummer="Usedomstraße 5" ObjVorlage="2013-09-11 00:00:00.0" ObKeinKontakt="1" ObjArtID="23" Merkmal="0.0" ObjInfo="135 m²650 m²Grg.1975495.000,-- DM"/>
  <Objekte ObjID="15681" ObjAufnahme="2000-11-09" ObjLetztKontakt="2000-11-10" ObjStrasseID="7480" ObjHausnummer="Marienstraße 83" ObjVorlage="2013-09-11 00:00:00.0" ObKeinKontakt="1" ObjArtID="5" Merkmal="0.0"/>
  <Objekte ObjID="15682" ObjAufnahme="2000-11-09" ObjLetztKontakt="2000-11-09" ObjStrasseID="6013" ObjHausnummer="Bohnhorststraße 9" ObjVorlage="2013-09-11 00:00:00.0" ObKeinKontakt="1" ObjArtID="5" Merkmal="0.0"/>
  <Objekte ObjID="15683" ObjAufnahme="2000-11-09" ObjLetztKontakt="2000-11-09" ObjStrasseID="6013" ObjHausnummer="Bohnhorststraße 11" ObjVorlage="2013-09-11 00:00:00.0" ObKeinKontakt="1" ObjArtID="5" Merkmal="0.0"/>
  <Objekte ObjID="15684" ObjAufnahme="2000-11-15" ObjLetztKontakt="2000-11-15" ObjStrasseID="10488" ObjHausnummer="Wiesenweg 9A" ObjVorlage="2013-09-11 00:00:00.0" ObKeinKontakt="1" ObjArtID="8" Merkmal="0.0" ObjInfo="150 m²542 m²Carport1980450.000,-- DM"/>
  <Objekte ObjID="15685" ObjAufnahme="2000-11-16" ObjLetztKontakt="2000-11-16" ObjStrasseID="10489" ObjHausnummer="Hauptstraße 29" ObjVorlage="2013-09-11 00:00:00.0" ObKeinKontakt="1" ObjArtID="28" Merkmal="0.0"/>
  <Objekte ObjID="15686" ObjAufnahme="2000-11-16" ObjLetztKontakt="2000-11-16" ObjStrasseID="7334" ObjHausnummer="Lehrter Straße 51" ObjVorlage="2013-09-11 00:00:00.0" ObKeinKontakt="1" ObjArtID="5" Merkmal="0.0"/>
  <Objekte ObjID="15687" ObjAufnahme="2000-11-17" ObjLetztKontakt="2000-11-17" ObjStrasseID="6430" ObjHausnummer="Flintweg 16" ObjVorlage="2013-09-11 00:00:00.0" ObKeinKontakt="1" ObjArtID="8" Merkmal="0.0" ObjInfo="175 m²233 m²Grg.1980495.000,-- DM"/>
  <Objekte ObjID="15688" ObjAufnahme="2000-11-17" ObjLetztKontakt="2000-11-17" ObjStrasseID="7667" ObjHausnummer="Oderstraße 32" ObjVorlage="2013-09-11 00:00:00.0" ObKeinKontakt="1" ObjArtID="21" Merkmal="0.0" ObjInfo="120 m²180 m²1970390.000,-- DM"/>
  <Objekte ObjID="15689" ObjAufnahme="2000-11-23" ObjLetztKontakt="2000-11-23" ObjStrasseID="6195" ObjHausnummer="Davenstedter Straße 21" ObjVorlage="2013-09-11 00:00:00.0" ObKeinKontakt="1" ObjArtID="1" Merkmal="0.0"/>
  <Objekte ObjID="15690" ObjAufnahme="2000-11-23" ObjLetztKontakt="2000-11-23" ObjStrasseID="10274" ObjHausnummer="Burgfeld 3" ObjVorlage="2013-09-11 00:00:00.0" ObKeinKontakt="1" ObjArtID="8" Merkmal="0.0" ObjInfo="1.300.000,-- DM"/>
  <Objekte ObjID="15691" ObjAufnahme="2000-11-23" ObjLetztKontakt="2000-11-23" ObjStrasseID="82" ObjHausnummer="Auf dem Lärchenberge 18" ObjVorlage="2013-09-11 00:00:00.0" ObKeinKontakt="1" ObjArtID="55" Merkmal="0.0"/>
  <Objekte ObjID="15692" ObjAufnahme="2000-11-28" ObjLetztKontakt="2000-11-28" ObjStrasseID="3003" ObjHausnummer="Anecampstraße 33" ObjVorlage="2013-09-11 00:00:00.0" ObKeinKontakt="1" ObjArtID="20" Merkmal="0.0" ObjInfo="205 m²680 m²2 Grg.1963699.000,-- DM"/>
  <Objekte ObjID="15693" ObjAufnahme="2000-12-05" ObjLetztKontakt="2000-12-05" ObjStrasseID="10274" ObjHausnummer="Burgfeld 7" ObjVorlage="2013-09-11 00:00:00.0" ObKeinKontakt="1" ObjArtID="18" Merkmal="0.0"/>
  <Objekte ObjID="15694" ObjAufnahme="2000-12-08" ObjLetztKontakt="2000-12-08" ObjStrasseID="115" ObjHausnummer="Hirschkamp 3" ObjVorlage="2013-09-11 00:00:00.0" ObKeinKontakt="1" ObjArtID="8" Merkmal="0.0"/>
  <Objekte ObjID="15695" ObjAufnahme="2000-12-11" ObjLetztKontakt="2000-12-11" ObjStrasseID="10510" ObjHausnummer="Waldweg 28" ObjVorlage="2013-09-11 00:00:00.0" ObKeinKontakt="1" ObjArtID="8" Merkmal="0.0" ObjInfo="540 m²2300 m²Do.grg.1995950.000,-- DM"/>
  <Objekte ObjID="15696" ObjAufnahme="2000-12-12" ObjLetztKontakt="2000-12-12" ObjStrasseID="9431" ObjHausnummer="Am Rothbusch 20" ObjVorlage="2013-09-11 00:00:00.0" ObKeinKontakt="1" ObjArtID="21" Merkmal="0.0" ObjInfo="186 m²230 m²2 Stellpl.1986359.000,-- DM"/>
  <Objekte ObjID="15697" ObjAufnahme="2000-12-14" ObjLetztKontakt="2000-12-14" ObjStrasseID="5837" ObjHausnummer="Auf dem Loh 4" ObjVorlage="2013-09-11 00:00:00.0" ObKeinKontakt="1" ObjArtID="1" Merkmal="0.0"/>
  <Objekte ObjID="15698" ObjAufnahme="2000-12-14" ObjLetztKontakt="2000-12-14" ObjStrasseID="6749" ObjHausnummer="Hartmannstraße 1" ObjVorlage="2013-09-11 00:00:00.0" ObKeinKontakt="1" ObjArtID="1" Merkmal="0.0" ObjInfo="Frau Irmgard Becker i.Hs.  Tel. 0511/ 881669"/>
  <Objekte ObjID="15699" ObjAufnahme="2000-12-14" ObjLetztKontakt="2000-12-14" ObjStrasseID="6749" ObjHausnummer="Hartmannstraße 2" ObjVorlage="2013-09-11 00:00:00.0" ObKeinKontakt="1" ObjArtID="1" Merkmal="0.0" ObjInfo="ETW`s"/>
  <Objekte ObjID="15700" ObjAufnahme="2000-12-14" ObjLetztKontakt="2000-12-14" ObjStrasseID="6749" ObjHausnummer="Hartmannstraße 3" ObjVorlage="2013-09-11 00:00:00.0" ObKeinKontakt="2" ObjArtID="1" Merkmal="0.0" ObjInfo="Frau Renate Best, i.Hs. Tel. 0511/ 884176"/>
  <Objekte ObjID="15701" ObjAufnahme="2000-12-14" ObjLetztKontakt="2000-12-14" ObjStrasseID="6749" ObjHausnummer="Hartmannstraße 4" ObjVorlage="2013-09-11 00:00:00.0" ObKeinKontakt="2" ObjArtID="1" Merkmal="0.0" ObjInfo="Albert Hoffmeister, Eichenfeldstr. 45, Tel. 0511/ 494345"/>
  <Objekte ObjID="15702" ObjAufnahme="2000-12-14" ObjLetztKontakt="2000-12-14" ObjStrasseID="6749" ObjHausnummer="Hartmannstraße 5" ObjVorlage="2013-09-11 00:00:00.0" ObKeinKontakt="2" ObjArtID="1" Merkmal="0.0" ObjInfo="Erbengemeinschaft Sander, Tel. 05321/3790-0, Elektro-Bartels GmbH,Dörntener Str. 18, 38644 Goslar"/>
  <Objekte ObjID="15703" ObjAufnahme="2000-12-14" ObjLetztKontakt="2000-12-14" ObjStrasseID="6749" ObjHausnummer="Hartmannstraße 6" ObjVorlage="2013-09-11 00:00:00.0" ObKeinKontakt="1" ObjArtID="1" Merkmal="0.0" ObjInfo="Frau Krüger i.Hs. ohne Tel."/>
  <Objekte ObjID="15704" ObjAufnahme="2000-12-14" ObjLetztKontakt="2000-12-14" ObjStrasseID="6749" ObjHausnummer="Hartmannstraße 7" ObjVorlage="2013-09-11 00:00:00.0" ObKeinKontakt="2" ObjArtID="1" Merkmal="0.0" ObjInfo="Lindener Ersenbau GmbH, Herrn Andreas Kochherm, Güntherstr. 8, 30519 Hann.,Tel.0511/ 9845299"/>
  <Objekte ObjID="15705" ObjAufnahme="2000-12-14" ObjLetztKontakt="2000-12-14" ObjStrasseID="6749" ObjHausnummer="Hartmannstraße 8" ObjVorlage="2013-09-11 00:00:00.0" ObKeinKontakt="3" ObjArtID="1" Merkmal="0.0" ObjInfo="Werner Otto, Heymesstr. 31, 30539 H., Tel. 0511/ 526684"/>
  <Objekte ObjID="15706" ObjAufnahme="2000-12-14" ObjLetztKontakt="2000-12-14" ObjStrasseID="6749" ObjHausnummer="Hartmannstraße 9" ObjVorlage="2013-09-11 00:00:00.0" ObKeinKontakt="3" ObjArtID="1" Merkmal="0.0" ObjInfo="Landeszentralbank in Niedersachsen, Frau Jarkulski, Tel. 0511/ 3033-0"/>
  <Objekte ObjID="15707" ObjAufnahme="2000-12-14" ObjLetztKontakt="2000-12-14" ObjStrasseID="6749" ObjHausnummer="Hartmannstraße 10" ObjVorlage="2013-09-11 00:00:00.0" ObKeinKontakt="1" ObjArtID="1" Merkmal="0.0" ObjInfo="ETW`s"/>
  <Objekte ObjID="15708" ObjAufnahme="2000-12-14" ObjLetztKontakt="2000-12-14" ObjStrasseID="6749" ObjHausnummer="Hartmannstraße 10A" ObjVorlage="2013-09-11 00:00:00.0" ObKeinKontakt="1" ObjArtID="1" Merkmal="0.0" ObjInfo="ETW`s"/>
  <Objekte ObjID="15709" ObjAufnahme="2000-12-14" ObjLetztKontakt="2000-12-14" ObjStrasseID="6749" ObjHausnummer="Hartmannstraße 12" ObjVorlage="2013-09-11 00:00:00.0" ObKeinKontakt="1" ObjArtID="1" Merkmal="0.0" ObjInfo="ETW`s"/>
  <Objekte ObjID="15710" ObjAufnahme="2000-12-14" ObjLetztKontakt="2000-12-14" ObjStrasseID="6749" ObjHausnummer="Hartmannstraße 11" ObjVorlage="2013-09-11 00:00:00.0" ObKeinKontakt="2" ObjArtID="1" Merkmal="0.0" ObjInfo="Rosemarie Hohmeyer, Bahnhofstr.4, 31737 Rinteln, Tel. 05751/960016"/>
  <Objekte ObjID="15711" ObjAufnahme="2000-12-14" ObjLetztKontakt="2000-12-14" ObjStrasseID="8698" ObjHausnummer="Yorckstraße 2" ObjVorlage="2013-09-11 00:00:00.0" ObKeinKontakt="1" ObjArtID="1" Merkmal="0.0" ObjInfo="ETW`s"/>
  <Objekte ObjID="15712" ObjAufnahme="2000-12-14" ObjLetztKontakt="2000-12-14" ObjStrasseID="5633" ObjHausnummer="Am Graswege 43" ObjVorlage="2013-09-11 00:00:00.0" ObKeinKontakt="2" ObjArtID="1" Merkmal="0.0" ObjInfo="wie Haus - Nr.: 41"/>
  <Objekte ObjID="15713" ObjAufnahme="2000-12-19" ObjLetztKontakt="2000-12-19" ObjStrasseID="5095" ObjHausnummer="Zum Blauen See 7" ObjVorlage="2013-09-11 00:00:00.0" ObKeinKontakt="1" ObjArtID="9" Merkmal="0.0"/>
  <Objekte ObjID="15714" ObjAufnahme="2000-12-19" ObjLetztKontakt="2000-12-19" ObjStrasseID="8392" ObjHausnummer="Tizianstraße 1" ObjVorlage="2013-09-11 00:00:00.0" ObKeinKontakt="1" ObjArtID="104" Merkmal="0.0" ObjInfo="41097\Mais. DG, Terr. S-W"/>
  <Objekte ObjID="15715" ObjAufnahme="2000-12-28" ObjLetztKontakt="2002-04-17" ObjStrasseID="6404" ObjHausnummer="Ferdinand-Wallbrecht-Straße 26" ObjVorlage="2013-09-11 00:00:00.0" ObKeinKontakt="9" ObjArtID="85" Merkmal="0.0" ObjInfo="495146\S-O-Blk., N-W-Blk."/>
  <Objekte ObjID="15716" ObjAufnahme="2001-01-02" ObjLetztKontakt="2001-01-02" ObjStrasseID="10402" ObjHausnummer="Gänsemagdweg 5" ObjVorlage="2013-09-11 00:00:00.0" ObKeinKontakt="1" ObjArtID="8" Merkmal="0.0" ObjInfo="300 m²560 m²1990785.000,-- DM"/>
  <Objekte ObjID="15717" ObjAufnahme="2001-01-16" ObjLetztKontakt="2001-01-16" ObjStrasseID="9512" ObjHausnummer="Farrelweg 4" ObjVorlage="2013-09-11 00:00:00.0" ObKeinKontakt="1" ObjArtID="8" Merkmal="0.0"/>
  <Objekte ObjID="15718" ObjAufnahme="2001-01-17" ObjLetztKontakt="2001-01-17" ObjStrasseID="10499" ObjHausnummer="Am Kreuzstein 21" ObjVorlage="2013-09-11 00:00:00.0" ObKeinKontakt="1" ObjArtID="22" Merkmal="0.0" ObjInfo="120 m²110 m²Grg.1992430.000,-- DM"/>
  <Objekte ObjID="15719" ObjAufnahme="2001-01-17" ObjLetztKontakt="2001-01-17" ObjStrasseID="8544" ObjHausnummer="Wegsfeld 42" ObjVorlage="2013-09-11 00:00:00.0" ObKeinKontakt="1" ObjArtID="154" Merkmal="0.0" ObjInfo="280125\Terr."/>
  <Objekte ObjID="15720" ObjAufnahme="2001-01-18" ObjLetztKontakt="2001-01-18" ObjStrasseID="6141" ObjHausnummer="Celler Straße 74" ObjVorlage="2013-09-11 00:00:00.0" ObKeinKontakt="1" ObjArtID="5" Merkmal="0.0"/>
  <Objekte ObjID="15721" ObjAufnahme="2001-01-18" ObjLetztKontakt="2001-01-18" ObjStrasseID="8537" ObjHausnummer="Wedekindstraße 28" ObjVorlage="2013-09-11 00:00:00.0" ObKeinKontakt="1" ObjArtID="5" Merkmal="0.0"/>
  <Objekte ObjID="15722" ObjAufnahme="2001-01-18" ObjLetztKontakt="2001-11-17" ObjStrasseID="8537" ObjHausnummer="Wedekindstraße 32" ObjVorlage="2013-09-11 00:00:00.0" ObKeinKontakt="9" ObjArtID="16" Merkmal="0.0" ObjInfo="329124\N-W-Wi.Grt."/>
  <Objekte ObjID="15723" ObjAufnahme="2001-01-18" ObjLetztKontakt="2001-01-18" ObjStrasseID="10537" ObjHausnummer="Vorsteher-Rust-Straße 28" ObjVorlage="2013-09-11 00:00:00.0" ObKeinKontakt="1" ObjArtID="20" Merkmal="0.0"/>
  <Objekte ObjID="15724" ObjAufnahme="2001-01-19" ObjLetztKontakt="2001-01-19" ObjStrasseID="5084" ObjHausnummer="Ziegeleistraße 2" ObjVorlage="2013-09-11 00:00:00.0" ObKeinKontakt="1" ObjArtID="8" Merkmal="0.0" ObjInfo="200 m²500 m²Do.grg.1940585.000,-- DM"/>
  <Objekte ObjID="15725" ObjAufnahme="2001-01-19" ObjLetztKontakt="2001-08-01" ObjStrasseID="4847" ObjHausnummer="Talstraße 32" ObjVorlage="2013-09-11 00:00:00.0" ObKeinKontakt="1" ObjArtID="23" Merkmal="0.0" ObjInfo="130 m²300 m²1980520.000,-- DM"/>
  <Objekte ObjID="15726" ObjAufnahme="2001-01-22" ObjLetztKontakt="2001-01-22" ObjStrasseID="5608" ObjHausnummer="Am Brambusch 1" ObjVorlage="2013-09-11 00:00:00.0" ObKeinKontakt="1" ObjArtID="20" Merkmal="0.0" ObjInfo="210 m²735 m²2 Grg.1962950.000,-- DM"/>
  <Objekte ObjID="15727" ObjAufnahme="2001-01-23" ObjLetztKontakt="2001-01-23" ObjStrasseID="10547" ObjHausnummer="Mühlenstraße 24" ObjVorlage="2013-09-11 00:00:00.0" ObKeinKontakt="1" ObjArtID="22" Merkmal="0.0" ObjInfo="165 m²421 m²Do.grg.1974475.000,-- DM"/>
  <Objekte ObjID="15728" ObjAufnahme="2001-01-24" ObjLetztKontakt="2001-01-24" ObjStrasseID="10549" ObjHausnummer="An der Sandgrube 1A" ObjVorlage="2013-09-11 00:00:00.0" ObKeinKontakt="1" ObjArtID="8" Merkmal="0.0" ObjInfo="164 m²624 m²Grg., Stellpl.1978595.000,-- DM"/>
  <Objekte ObjID="15729" ObjAufnahme="2001-01-24" ObjLetztKontakt="2001-01-24" ObjStrasseID="10550" ObjHausnummer="Westerhop 17" ObjVorlage="2013-09-11 00:00:00.0" ObKeinKontakt="1" ObjArtID="8" Merkmal="0.0" ObjInfo="250 m²1700 m²Grg.1994699.000,-- DM"/>
  <Objekte ObjID="15730" ObjAufnahme="2001-01-24" ObjLetztKontakt="2001-01-24" ObjStrasseID="3697" ObjHausnummer="Hauptstraße 16" ObjVorlage="2013-09-11 00:00:00.0" ObKeinKontakt="1" ObjArtID="25" Merkmal="0.0"/>
  <Objekte ObjID="15731" ObjAufnahme="2001-01-25" ObjLetztKontakt="2001-10-25" ObjStrasseID="2824" ObjHausnummer="Ahltener Straße 86" ObjVorlage="2013-09-11 00:00:00.0" ObKeinKontakt="2" ObjArtID="111" Merkmal="0.0" ObjInfo="18060\"/>
  <Objekte ObjID="15732" ObjAufnahme="2001-02-08" ObjLetztKontakt="2001-02-08" ObjStrasseID="10581" ObjHausnummer="Leinefeldstraße 12" ObjVorlage="2013-09-11 00:00:00.0" ObKeinKontakt="1" ObjArtID="8" Merkmal="0.0" ObjInfo="98 m²331 m²Grg.2001385 TSD"/>
  <Objekte ObjID="15733" ObjAufnahme="2001-02-08" ObjLetztKontakt="2001-02-08" ObjStrasseID="3768" ObjHausnummer="Hildesheimer Straße 559" ObjVorlage="2013-09-11 00:00:00.0" ObKeinKontakt="1" ObjArtID="5" Merkmal="0.0"/>
  <Objekte ObjID="15734" ObjAufnahme="2001-02-08" ObjLetztKontakt="2001-02-08" ObjStrasseID="3768" ObjHausnummer="Hildesheimer Straße 556" ObjVorlage="2013-09-11 00:00:00.0" ObKeinKontakt="1" ObjArtID="5" Merkmal="0.0"/>
  <Objekte ObjID="15735" ObjAufnahme="2001-02-08" ObjLetztKontakt="2001-02-08" ObjStrasseID="10468" ObjHausnummer="Langer Acker 41" ObjVorlage="2013-09-11 00:00:00.0" ObKeinKontakt="1" ObjArtID="8" Merkmal="0.0"/>
  <Objekte ObjID="15736" ObjAufnahme="2001-02-09" ObjLetztKontakt="2001-02-09" ObjStrasseID="10402" ObjHausnummer="Gänsemagdweg 4" ObjVorlage="2013-09-11 00:00:00.0" ObKeinKontakt="1" ObjArtID="8" Merkmal="0.0" ObjInfo="150 m²531 m²Grg. u. Carp.1985575.000,-- DM"/>
  <Objekte ObjID="15737" ObjAufnahme="2001-02-12" ObjLetztKontakt="2001-02-12" ObjStrasseID="5679" ObjHausnummer="Am Lindenhofe 34" ObjVorlage="2013-09-11 00:00:00.0" ObKeinKontakt="1" ObjArtID="104" Merkmal="0.0"/>
  <Objekte ObjID="15738" ObjAufnahme="2001-02-13" ObjLetztKontakt="2001-02-19" ObjStrasseID="10588" ObjHausnummer="Holbeinstraße 1" ObjVorlage="2013-09-11 00:00:00.0" ObKeinKontakt="1" ObjArtID="25" Merkmal="0.0"/>
  <Objekte ObjID="15739" ObjAufnahme="2001-02-13" ObjLetztKontakt="2001-02-13" ObjStrasseID="10589" ObjHausnummer="An der Bleiche 14A" ObjVorlage="2013-09-11 00:00:00.0" ObKeinKontakt="1" ObjArtID="9" Merkmal="0.0"/>
  <Objekte ObjID="15740" ObjAufnahme="2001-02-15" ObjLetztKontakt="2001-02-15" ObjStrasseID="10591" ObjHausnummer="Mühlenweg 6" ObjVorlage="2013-09-11 00:00:00.0" ObKeinKontakt="1" ObjArtID="20" Merkmal="0.0"/>
  <Objekte ObjID="15741" ObjAufnahme="2001-02-19" ObjLetztKontakt="2001-02-19" ObjStrasseID="7276" ObjHausnummer="Kugelfangtrift 79" ObjVorlage="2013-09-11 00:00:00.0" ObKeinKontakt="1" ObjArtID="8" Merkmal="0.0" ObjInfo="107 m²541 m²Grg.1955450.000,-- DM"/>
  <Objekte ObjID="15742" ObjAufnahme="2001-02-19" ObjLetztKontakt="2001-02-21" ObjStrasseID="10588" ObjHausnummer="Holbeinstraße 2A" ObjVorlage="2013-09-11 00:00:00.0" ObKeinKontakt="1" ObjArtID="25" Merkmal="0.0"/>
  <Objekte ObjID="15743" ObjAufnahme="2001-02-20" ObjLetztKontakt="2001-02-20" ObjStrasseID="7168" ObjHausnummer="Klein-Buchholzer-Kirchweg 16" ObjVorlage="2013-09-11 00:00:00.0" ObKeinKontakt="1" ObjArtID="8" Merkmal="0.0" ObjInfo="119 m²/556 m²1 Stellpl.390.000,-- DM"/>
  <Objekte ObjID="15744" ObjAufnahme="2001-02-26" ObjLetztKontakt="2001-02-26" ObjStrasseID="5869" ObjHausnummer="Bandelstraße 9B" ObjVorlage="2013-09-11 00:00:00.0" ObKeinKontakt="1" ObjArtID="21" Merkmal="0.0" ObjInfo="130 m²260 m²19521.800,-- DM KM"/>
  <Objekte ObjID="15745" ObjAufnahme="2001-02-28" ObjLetztKontakt="2001-02-28" ObjStrasseID="6002" ObjHausnummer="Bödekerstraße 68" ObjVorlage="2013-09-11 00:00:00.0" ObKeinKontakt="1" ObjArtID="213" Merkmal="0.0" ObjInfo="475183\Blk"/>
  <Objekte ObjID="15746" ObjAufnahme="2001-02-28" ObjLetztKontakt="2001-02-28" ObjStrasseID="6002" ObjHausnummer="Bödekerstraße 68" ObjVorlage="2013-09-11 00:00:00.0" ObKeinKontakt="1" ObjArtID="248" Merkmal="0.0" ObjInfo="17567\"/>
  <Objekte ObjID="15747" ObjAufnahme="2001-03-01" ObjLetztKontakt="2001-03-01" ObjStrasseID="6691" ObjHausnummer="Habichtshorststraße 10" ObjVorlage="2013-09-11 00:00:00.0" ObKeinKontakt="1" ObjArtID="23" Merkmal="0.0" ObjInfo="165 m²540 m²2 Grg.19731,2 Mio. DM"/>
  <Objekte ObjID="15748" ObjAufnahme="2001-03-01" ObjLetztKontakt="2001-03-01" ObjStrasseID="10614" ObjHausnummer="Klusmoor 12" ObjVorlage="2013-09-11 00:00:00.0" ObKeinKontakt="1" ObjArtID="24" Merkmal="0.0" ObjInfo="ca. 265 m²737 m²Do.grg.1972795.000,-- DM"/>
  <Objekte ObjID="15749" ObjAufnahme="2001-03-01" ObjLetztKontakt="2001-03-01" ObjStrasseID="10618" ObjHausnummer="Lessingstraße 5" ObjVorlage="2013-09-11 00:00:00.0" ObKeinKontakt="1" ObjArtID="8" Merkmal="0.0" ObjInfo="185 m²250 m²Grg.1990KM: 2.200,-- DM"/>
  <Objekte ObjID="15750" ObjAufnahme="2001-03-01" ObjLetztKontakt="2001-03-01" ObjStrasseID="6415" ObjHausnummer="Fiedelerstraße 16" ObjVorlage="2013-09-11 00:00:00.0" ObKeinKontakt="1" ObjArtID="1" Merkmal="0.0"/>
  <Objekte ObjID="15751" ObjAufnahme="2001-03-01" ObjLetztKontakt="2001-03-01" ObjStrasseID="6548" ObjHausnummer="Gerhardtstraße 16" ObjVorlage="2013-09-11 00:00:00.0" ObKeinKontakt="1" ObjArtID="25" Merkmal="0.0"/>
  <Objekte ObjID="15752" ObjAufnahme="2001-03-01" ObjLetztKontakt="2001-03-01" ObjStrasseID="5855" ObjHausnummer="Bachstraße 15" ObjVorlage="2013-09-11 00:00:00.0" ObKeinKontakt="1" ObjArtID="38" Merkmal="0.0"/>
  <Objekte ObjID="15753" ObjAufnahme="2001-03-01" ObjLetztKontakt="2001-08-29" ObjStrasseID="6434" ObjHausnummer="Flüggestraße 20" ObjVorlage="2013-09-11 00:00:00.0" ObKeinKontakt="2" ObjArtID="168" Merkmal="0.0" ObjInfo="380132\Terr.W"/>
  <Objekte ObjID="15754" ObjAufnahme="2001-03-07" ObjLetztKontakt="2001-03-07" ObjStrasseID="3908" ObjHausnummer="In den Kolkwiesen 63" ObjVorlage="2013-09-11 00:00:00.0" ObKeinKontakt="1" ObjArtID="8" Merkmal="0.0" ObjInfo="185 m²785 m²Do.grg.1972645.000,-- DM"/>
  <Objekte ObjID="15755" ObjAufnahme="2001-03-07" ObjLetztKontakt="2001-03-07" ObjStrasseID="8900" ObjHausnummer="Auf dem Kampe 27" ObjVorlage="2013-09-11 00:00:00.0" ObKeinKontakt="1" ObjArtID="20" Merkmal="0.0" ObjInfo="164 m²647 m²2 Grg.1961495.000,-- DM"/>
  <Objekte ObjID="15756" ObjAufnahme="2001-03-12" ObjLetztKontakt="2001-03-12" ObjStrasseID="10614" ObjHausnummer="Klusmoor 12" ObjVorlage="2013-09-11 00:00:00.0" ObKeinKontakt="1" ObjArtID="8" Merkmal="0.0"/>
  <Objekte ObjID="15757" ObjAufnahme="2001-03-13" ObjLetztKontakt="2001-03-13" ObjStrasseID="6183" ObjHausnummer="Dammannstraße 7" ObjVorlage="2013-09-11 00:00:00.0" ObKeinKontakt="1" ObjArtID="8" Merkmal="0.0"/>
  <Objekte ObjID="15758" ObjAufnahme="2001-03-13" ObjLetztKontakt="2001-03-13" ObjStrasseID="6016" ObjHausnummer="Bölschestraße 19" ObjVorlage="2013-09-11 00:00:00.0" ObKeinKontakt="1" ObjArtID="1" Merkmal="0.0"/>
  <Objekte ObjID="15759" ObjAufnahme="2001-03-13" ObjLetztKontakt="2001-03-13" ObjStrasseID="6016" ObjHausnummer="Bölschestraße 21" ObjVorlage="2013-09-11 00:00:00.0" ObKeinKontakt="1" ObjArtID="1" Merkmal="0.0"/>
  <Objekte ObjID="15760" ObjAufnahme="2001-03-13" ObjLetztKontakt="2001-03-13" ObjStrasseID="6016" ObjHausnummer="Bölschestraße 23" ObjVorlage="2013-09-11 00:00:00.0" ObKeinKontakt="1" ObjArtID="1" Merkmal="0.0"/>
  <Objekte ObjID="15761" ObjAufnahme="2001-03-13" ObjLetztKontakt="2001-03-13" ObjStrasseID="6016" ObjHausnummer="Bölschestraße 25" ObjVorlage="2013-09-11 00:00:00.0" ObKeinKontakt="1" ObjArtID="1" Merkmal="0.0"/>
  <Objekte ObjID="15762" ObjAufnahme="2001-03-13" ObjLetztKontakt="2001-03-13" ObjStrasseID="6016" ObjHausnummer="Bölschestraße 27" ObjVorlage="2013-09-11 00:00:00.0" ObKeinKontakt="1" ObjArtID="1" Merkmal="0.0"/>
  <Objekte ObjID="15763" ObjAufnahme="2001-03-13" ObjLetztKontakt="2001-03-13" ObjStrasseID="6016" ObjHausnummer="Bölschestraße 29" ObjVorlage="2013-09-11 00:00:00.0" ObKeinKontakt="1" ObjArtID="1" Merkmal="0.0"/>
  <Objekte ObjID="15764" ObjAufnahme="2001-03-13" ObjLetztKontakt="2001-03-13" ObjStrasseID="6016" ObjHausnummer="Bölschestraße 31" ObjVorlage="2013-09-11 00:00:00.0" ObKeinKontakt="1" ObjArtID="1" Merkmal="0.0"/>
  <Objekte ObjID="15765" ObjAufnahme="2001-03-13" ObjLetztKontakt="2001-03-13" ObjStrasseID="6016" ObjHausnummer="Bölschestraße 33" ObjVorlage="2013-09-11 00:00:00.0" ObKeinKontakt="1" ObjArtID="1" Merkmal="0.0"/>
  <Objekte ObjID="15766" ObjAufnahme="2001-03-13" ObjLetztKontakt="2001-03-13" ObjStrasseID="6016" ObjHausnummer="Bölschestraße 35" ObjVorlage="2013-09-11 00:00:00.0" ObKeinKontakt="1" ObjArtID="1" Merkmal="0.0"/>
  <Objekte ObjID="15767" ObjAufnahme="2001-03-13" ObjLetztKontakt="2001-03-13" ObjStrasseID="6016" ObjHausnummer="Bölschestraße 42" ObjVorlage="2013-09-11 00:00:00.0" ObKeinKontakt="1" ObjArtID="1" Merkmal="0.0"/>
  <Objekte ObjID="15768" ObjAufnahme="2001-03-13" ObjLetztKontakt="2001-03-13" ObjStrasseID="6016" ObjHausnummer="Bölschestraße 40" ObjVorlage="2013-09-11 00:00:00.0" ObKeinKontakt="1" ObjArtID="1" Merkmal="0.0"/>
  <Objekte ObjID="15769" ObjAufnahme="2001-03-13" ObjLetztKontakt="2001-03-13" ObjStrasseID="6016" ObjHausnummer="Bölschestraße 38" ObjVorlage="2013-09-11 00:00:00.0" ObKeinKontakt="1" ObjArtID="1" Merkmal="0.0"/>
  <Objekte ObjID="15770" ObjAufnahme="2001-03-13" ObjLetztKontakt="2001-03-13" ObjStrasseID="6016" ObjHausnummer="Bölschestraße 36" ObjVorlage="2013-09-11 00:00:00.0" ObKeinKontakt="1" ObjArtID="1" Merkmal="0.0"/>
  <Objekte ObjID="15771" ObjAufnahme="2001-03-13" ObjLetztKontakt="2001-03-13" ObjStrasseID="6016" ObjHausnummer="Bölschestraße 34" ObjVorlage="2013-09-11 00:00:00.0" ObKeinKontakt="1" ObjArtID="1" Merkmal="0.0"/>
  <Objekte ObjID="15772" ObjAufnahme="2001-03-13" ObjLetztKontakt="2001-03-13" ObjStrasseID="6016" ObjHausnummer="Bölschestraße 32" ObjVorlage="2013-09-11 00:00:00.0" ObKeinKontakt="1" ObjArtID="1" Merkmal="0.0"/>
  <Objekte ObjID="15773" ObjAufnahme="2001-03-13" ObjLetztKontakt="2001-03-13" ObjStrasseID="6016" ObjHausnummer="Bölschestraße 30" ObjVorlage="2013-09-11 00:00:00.0" ObKeinKontakt="1" ObjArtID="1" Merkmal="0.0"/>
  <Objekte ObjID="15774" ObjAufnahme="2001-03-13" ObjLetztKontakt="2001-03-13" ObjStrasseID="6016" ObjHausnummer="Bölschestraße 28" ObjVorlage="2013-09-11 00:00:00.0" ObKeinKontakt="1" ObjArtID="1" Merkmal="0.0"/>
  <Objekte ObjID="15775" ObjAufnahme="2001-03-13" ObjLetztKontakt="2001-03-13" ObjStrasseID="6016" ObjHausnummer="Bölschestraße 26" ObjVorlage="2013-09-11 00:00:00.0" ObKeinKontakt="1" ObjArtID="1" Merkmal="0.0"/>
  <Objekte ObjID="15776" ObjAufnahme="2001-03-13" ObjLetztKontakt="2001-03-13" ObjStrasseID="6016" ObjHausnummer="Bölschestraße 24" ObjVorlage="2013-09-11 00:00:00.0" ObKeinKontakt="1" ObjArtID="1" Merkmal="0.0"/>
  <Objekte ObjID="15777" ObjAufnahme="2001-03-13" ObjLetztKontakt="2001-03-13" ObjStrasseID="6016" ObjHausnummer="Bölschestraße 22" ObjVorlage="2013-09-11 00:00:00.0" ObKeinKontakt="1" ObjArtID="1" Merkmal="0.0"/>
  <Objekte ObjID="15778" ObjAufnahme="2001-03-13" ObjLetztKontakt="2001-03-13" ObjStrasseID="6016" ObjHausnummer="Bölschestraße 18" ObjVorlage="2013-09-11 00:00:00.0" ObKeinKontakt="1" ObjArtID="1" Merkmal="0.0"/>
  <Objekte ObjID="15779" ObjAufnahme="2001-03-13" ObjLetztKontakt="2001-03-13" ObjStrasseID="6016" ObjHausnummer="Bölschestraße 16" ObjVorlage="2013-09-11 00:00:00.0" ObKeinKontakt="1" ObjArtID="1" Merkmal="0.0"/>
  <Objekte ObjID="15780" ObjAufnahme="2001-03-13" ObjLetztKontakt="2001-03-13" ObjStrasseID="6016" ObjHausnummer="Bölschestraße 14" ObjVorlage="2013-09-11 00:00:00.0" ObKeinKontakt="1" ObjArtID="1" Merkmal="0.0"/>
  <Objekte ObjID="15781" ObjAufnahme="2001-03-13" ObjLetztKontakt="2001-03-13" ObjStrasseID="6016" ObjHausnummer="Bölschestraße 12" ObjVorlage="2013-09-11 00:00:00.0" ObKeinKontakt="1" ObjArtID="1" Merkmal="0.0"/>
  <Objekte ObjID="15782" ObjAufnahme="2001-03-13" ObjLetztKontakt="2001-03-13" ObjStrasseID="6016" ObjHausnummer="Bölschestraße 10" ObjVorlage="2013-09-11 00:00:00.0" ObKeinKontakt="1" ObjArtID="1" Merkmal="0.0"/>
  <Objekte ObjID="15783" ObjAufnahme="2001-03-13" ObjLetztKontakt="2001-03-13" ObjStrasseID="6016" ObjHausnummer="Bölschestraße 8" ObjVorlage="2013-09-11 00:00:00.0" ObKeinKontakt="1" ObjArtID="1" Merkmal="0.0"/>
  <Objekte ObjID="15784" ObjAufnahme="2001-03-13" ObjLetztKontakt="2001-03-13" ObjStrasseID="6016" ObjHausnummer="Bölschestraße 6" ObjVorlage="2013-09-11 00:00:00.0" ObKeinKontakt="1" ObjArtID="1" Merkmal="0.0"/>
  <Objekte ObjID="15785" ObjAufnahme="2001-03-13" ObjLetztKontakt="2001-03-13" ObjStrasseID="6016" ObjHausnummer="Bölschestraße 4" ObjVorlage="2013-09-11 00:00:00.0" ObKeinKontakt="1" ObjArtID="1" Merkmal="0.0"/>
  <Objekte ObjID="15786" ObjAufnahme="2001-03-13" ObjLetztKontakt="2001-03-13" ObjStrasseID="6016" ObjHausnummer="Bölschestraße 2" ObjVorlage="2013-09-11 00:00:00.0" ObKeinKontakt="1" ObjArtID="1" Merkmal="0.0"/>
  <Objekte ObjID="15787" ObjAufnahme="2001-03-13" ObjLetztKontakt="2001-03-13" ObjStrasseID="6016" ObjHausnummer="Bölschestraße 1" ObjVorlage="2013-09-11 00:00:00.0" ObKeinKontakt="1" ObjArtID="1" Merkmal="0.0"/>
  <Objekte ObjID="15788" ObjAufnahme="2001-03-13" ObjLetztKontakt="2001-03-13" ObjStrasseID="6016" ObjHausnummer="Bölschestraße 3" ObjVorlage="2013-09-11 00:00:00.0" ObKeinKontakt="1" ObjArtID="1" Merkmal="0.0"/>
  <Objekte ObjID="15789" ObjAufnahme="2001-03-13" ObjLetztKontakt="2001-03-13" ObjStrasseID="6016" ObjHausnummer="Bölschestraße 5" ObjVorlage="2013-09-11 00:00:00.0" ObKeinKontakt="1" ObjArtID="1" Merkmal="0.0"/>
  <Objekte ObjID="15790" ObjAufnahme="2001-03-13" ObjLetztKontakt="2001-03-13" ObjStrasseID="6016" ObjHausnummer="Bölschestraße 7" ObjVorlage="2013-09-11 00:00:00.0" ObKeinKontakt="1" ObjArtID="1" Merkmal="0.0"/>
  <Objekte ObjID="15791" ObjAufnahme="2001-03-13" ObjLetztKontakt="2001-03-13" ObjStrasseID="6016" ObjHausnummer="Bölschestraße 9" ObjVorlage="2013-09-11 00:00:00.0" ObKeinKontakt="1" ObjArtID="1" Merkmal="0.0"/>
  <Objekte ObjID="15792" ObjAufnahme="2001-03-13" ObjLetztKontakt="2001-03-13" ObjStrasseID="6016" ObjHausnummer="Bölschestraße 11" ObjVorlage="2013-09-11 00:00:00.0" ObKeinKontakt="1" ObjArtID="1" Merkmal="0.0"/>
  <Objekte ObjID="15793" ObjAufnahme="2001-03-13" ObjLetztKontakt="2001-03-13" ObjStrasseID="6016" ObjHausnummer="Bölschestraße 13" ObjVorlage="2013-09-11 00:00:00.0" ObKeinKontakt="1" ObjArtID="1" Merkmal="0.0"/>
  <Objekte ObjID="15794" ObjAufnahme="2001-03-13" ObjLetztKontakt="2001-03-13" ObjStrasseID="6016" ObjHausnummer="Bölschestraße 15" ObjVorlage="2013-09-11 00:00:00.0" ObKeinKontakt="1" ObjArtID="1" Merkmal="0.0"/>
  <Objekte ObjID="15795" ObjAufnahme="2001-03-13" ObjLetztKontakt="2001-03-13" ObjStrasseID="6016" ObjHausnummer="Bölschestraße 17" ObjVorlage="2013-09-11 00:00:00.0" ObKeinKontakt="1" ObjArtID="1" Merkmal="0.0"/>
  <Objekte ObjID="15796" ObjAufnahme="2001-03-13" ObjLetztKontakt="2001-03-13" ObjStrasseID="6330" ObjHausnummer="Eleonorenstraße 7" ObjVorlage="2013-09-11 00:00:00.0" ObKeinKontakt="1" ObjArtID="1" Merkmal="0.0"/>
  <Objekte ObjID="15797" ObjAufnahme="2001-03-13" ObjLetztKontakt="2001-10-25" ObjStrasseID="8610" ObjHausnummer="Wiehbergstraße 18" ObjVorlage="2013-09-11 00:00:00.0" ObKeinKontakt="9" ObjArtID="55" Merkmal="0.0" ObjInfo="375101\S-W-Terrasse"/>
  <Objekte ObjID="15798" ObjAufnahme="2001-03-14" ObjLetztKontakt="2001-03-14" ObjStrasseID="6551" ObjHausnummer="Gerlachstraße 55" ObjVorlage="2013-09-11 00:00:00.0" ObKeinKontakt="1" ObjArtID="8" Merkmal="0.0"/>
  <Objekte ObjID="15799" ObjAufnahme="2001-03-14" ObjLetztKontakt="2001-03-14" ObjStrasseID="6551" ObjHausnummer="Gerlachstraße 53" ObjVorlage="2013-09-11 00:00:00.0" ObKeinKontakt="1" ObjArtID="8" Merkmal="0.0"/>
  <Objekte ObjID="15800" ObjAufnahme="2001-03-14" ObjLetztKontakt="2001-03-14" ObjStrasseID="6551" ObjHausnummer="Gerlachstraße 51" ObjVorlage="2013-09-11 00:00:00.0" ObKeinKontakt="1" ObjArtID="8" Merkmal="0.0"/>
  <Objekte ObjID="15801" ObjAufnahme="2001-03-14" ObjLetztKontakt="2001-03-14" ObjStrasseID="6551" ObjHausnummer="Gerlachstraße 49" ObjVorlage="2013-09-11 00:00:00.0" ObKeinKontakt="1" ObjArtID="8" Merkmal="0.0"/>
  <Objekte ObjID="15802" ObjAufnahme="2001-03-14" ObjLetztKontakt="2001-03-14" ObjStrasseID="6551" ObjHausnummer="Gerlachstraße 47" ObjVorlage="2013-09-11 00:00:00.0" ObKeinKontakt="1" ObjArtID="8" Merkmal="0.0"/>
  <Objekte ObjID="15803" ObjAufnahme="2001-03-14" ObjLetztKontakt="2001-03-14" ObjStrasseID="6551" ObjHausnummer="Gerlachstraße 45" ObjVorlage="2013-09-11 00:00:00.0" ObKeinKontakt="1" ObjArtID="8" Merkmal="0.0"/>
  <Objekte ObjID="15804" ObjAufnahme="2001-03-14" ObjLetztKontakt="2001-03-14" ObjStrasseID="6551" ObjHausnummer="Gerlachstraße 38" ObjVorlage="2013-09-11 00:00:00.0" ObKeinKontakt="1" ObjArtID="8" Merkmal="0.0"/>
  <Objekte ObjID="15805" ObjAufnahme="2001-03-14" ObjLetztKontakt="2001-03-14" ObjStrasseID="6551" ObjHausnummer="Gerlachstraße 36" ObjVorlage="2013-09-11 00:00:00.0" ObKeinKontakt="1" ObjArtID="8" Merkmal="0.0"/>
  <Objekte ObjID="15807" ObjAufnahme="2001-03-14" ObjLetztKontakt="2001-03-14" ObjStrasseID="6551" ObjHausnummer="Gerlachstraße 34" ObjVorlage="2013-09-11 00:00:00.0" ObKeinKontakt="1" ObjArtID="8" Merkmal="0.0"/>
  <Objekte ObjID="15808" ObjAufnahme="2001-03-14" ObjLetztKontakt="2001-03-14" ObjStrasseID="6551" ObjHausnummer="Gerlachstraße 35" ObjVorlage="2013-09-11 00:00:00.0" ObKeinKontakt="1" ObjArtID="8" Merkmal="0.0"/>
  <Objekte ObjID="15809" ObjAufnahme="2001-03-14" ObjLetztKontakt="2001-03-14" ObjStrasseID="6551" ObjHausnummer="Gerlachstraße 37" ObjVorlage="2013-09-11 00:00:00.0" ObKeinKontakt="1" ObjArtID="8" Merkmal="0.0"/>
  <Objekte ObjID="15810" ObjAufnahme="2001-03-14" ObjLetztKontakt="2001-03-14" ObjStrasseID="6551" ObjHausnummer="Gerlachstraße 39" ObjVorlage="2013-09-11 00:00:00.0" ObKeinKontakt="1" ObjArtID="8" Merkmal="0.0"/>
  <Objekte ObjID="15811" ObjAufnahme="2001-03-14" ObjLetztKontakt="2001-03-14" ObjStrasseID="6551" ObjHausnummer="Gerlachstraße 40" ObjVorlage="2013-09-11 00:00:00.0" ObKeinKontakt="1" ObjArtID="8" Merkmal="0.0"/>
  <Objekte ObjID="15812" ObjAufnahme="2001-03-14" ObjLetztKontakt="2001-03-14" ObjStrasseID="6551" ObjHausnummer="Gerlachstraße 41" ObjVorlage="2013-09-11 00:00:00.0" ObKeinKontakt="1" ObjArtID="8" Merkmal="0.0"/>
  <Objekte ObjID="15813" ObjAufnahme="2001-03-14" ObjLetztKontakt="2001-03-14" ObjStrasseID="6551" ObjHausnummer="Gerlachstraße 42" ObjVorlage="2013-09-11 00:00:00.0" ObKeinKontakt="1" ObjArtID="8" Merkmal="0.0"/>
  <Objekte ObjID="15814" ObjAufnahme="2001-03-14" ObjLetztKontakt="2001-03-14" ObjStrasseID="6551" ObjHausnummer="Gerlachstraße 43" ObjVorlage="2013-09-11 00:00:00.0" ObKeinKontakt="1" ObjArtID="8" Merkmal="0.0"/>
  <Objekte ObjID="15815" ObjAufnahme="2001-03-14" ObjLetztKontakt="2001-03-14" ObjStrasseID="6551" ObjHausnummer="Gerlachstraße 32" ObjVorlage="2013-09-11 00:00:00.0" ObKeinKontakt="1" ObjArtID="8" Merkmal="0.0"/>
  <Objekte ObjID="15816" ObjAufnahme="2001-03-14" ObjLetztKontakt="2001-03-14" ObjStrasseID="6551" ObjHausnummer="Gerlachstraße 30" ObjVorlage="2013-09-11 00:00:00.0" ObKeinKontakt="1" ObjArtID="8" Merkmal="0.0"/>
  <Objekte ObjID="15817" ObjAufnahme="2001-03-14" ObjLetztKontakt="2001-03-14" ObjStrasseID="6551" ObjHausnummer="Gerlachstraße 28" ObjVorlage="2013-09-11 00:00:00.0" ObKeinKontakt="1" ObjArtID="8" Merkmal="0.0"/>
  <Objekte ObjID="15818" ObjAufnahme="2001-03-14" ObjLetztKontakt="2001-03-14" ObjStrasseID="6551" ObjHausnummer="Gerlachstraße 26" ObjVorlage="2013-09-11 00:00:00.0" ObKeinKontakt="1" ObjArtID="8" Merkmal="0.0"/>
  <Objekte ObjID="15819" ObjAufnahme="2001-03-14" ObjLetztKontakt="2001-03-14" ObjStrasseID="6551" ObjHausnummer="Gerlachstraße 34A" ObjVorlage="2013-09-11 00:00:00.0" ObKeinKontakt="1" ObjArtID="8" Merkmal="0.0"/>
  <Objekte ObjID="15820" ObjAufnahme="2001-03-14" ObjLetztKontakt="2001-03-14" ObjStrasseID="6551" ObjHausnummer="Gerlachstraße 24" ObjVorlage="2013-09-11 00:00:00.0" ObKeinKontakt="1" ObjArtID="8" Merkmal="0.0"/>
  <Objekte ObjID="15821" ObjAufnahme="2001-03-14" ObjLetztKontakt="2001-03-14" ObjStrasseID="6551" ObjHausnummer="Gerlachstraße 27" ObjVorlage="2013-09-11 00:00:00.0" ObKeinKontakt="1" ObjArtID="8" Merkmal="0.0"/>
  <Objekte ObjID="15822" ObjAufnahme="2001-03-14" ObjLetztKontakt="2001-03-14" ObjStrasseID="6551" ObjHausnummer="Gerlachstraße 29" ObjVorlage="2013-09-11 00:00:00.0" ObKeinKontakt="1" ObjArtID="8" Merkmal="0.0"/>
  <Objekte ObjID="15823" ObjAufnahme="2001-03-14" ObjLetztKontakt="2001-03-14" ObjStrasseID="6551" ObjHausnummer="Gerlachstraße 31" ObjVorlage="2013-09-11 00:00:00.0" ObKeinKontakt="1" ObjArtID="8" Merkmal="0.0"/>
  <Objekte ObjID="15824" ObjAufnahme="2001-03-14" ObjLetztKontakt="2001-03-14" ObjStrasseID="6551" ObjHausnummer="Gerlachstraße 33" ObjVorlage="2013-09-11 00:00:00.0" ObKeinKontakt="1" ObjArtID="8" Merkmal="0.0"/>
  <Objekte ObjID="15825" ObjAufnahme="2001-03-14" ObjLetztKontakt="2001-03-14" ObjStrasseID="6551" ObjHausnummer="Gerlachstraße 22" ObjVorlage="2013-09-11 00:00:00.0" ObKeinKontakt="1" ObjArtID="8" Merkmal="0.0"/>
  <Objekte ObjID="15826" ObjAufnahme="2001-03-14" ObjLetztKontakt="2001-03-14" ObjStrasseID="6551" ObjHausnummer="Gerlachstraße 20" ObjVorlage="2013-09-11 00:00:00.0" ObKeinKontakt="1" ObjArtID="8" Merkmal="0.0"/>
  <Objekte ObjID="15827" ObjAufnahme="2001-03-14" ObjLetztKontakt="2001-03-14" ObjStrasseID="6551" ObjHausnummer="Gerlachstraße 18" ObjVorlage="2013-09-11 00:00:00.0" ObKeinKontakt="1" ObjArtID="8" Merkmal="0.0"/>
  <Objekte ObjID="15828" ObjAufnahme="2001-03-14" ObjLetztKontakt="2001-03-14" ObjStrasseID="6551" ObjHausnummer="Gerlachstraße 16" ObjVorlage="2013-09-11 00:00:00.0" ObKeinKontakt="1" ObjArtID="8" Merkmal="0.0"/>
  <Objekte ObjID="15829" ObjAufnahme="2001-03-14" ObjLetztKontakt="2001-03-14" ObjStrasseID="6551" ObjHausnummer="Gerlachstraße 17" ObjVorlage="2013-09-11 00:00:00.0" ObKeinKontakt="1" ObjArtID="8" Merkmal="0.0"/>
  <Objekte ObjID="15830" ObjAufnahme="2001-03-14" ObjLetztKontakt="2001-03-14" ObjStrasseID="6551" ObjHausnummer="Gerlachstraße 19" ObjVorlage="2013-09-11 00:00:00.0" ObKeinKontakt="1" ObjArtID="8" Merkmal="0.0"/>
  <Objekte ObjID="15831" ObjAufnahme="2001-03-14" ObjLetztKontakt="2001-03-14" ObjStrasseID="6551" ObjHausnummer="Gerlachstraße 21" ObjVorlage="2013-09-11 00:00:00.0" ObKeinKontakt="1" ObjArtID="8" Merkmal="0.0"/>
  <Objekte ObjID="15832" ObjAufnahme="2001-03-14" ObjLetztKontakt="2001-03-14" ObjStrasseID="6551" ObjHausnummer="Gerlachstraße 23" ObjVorlage="2013-09-11 00:00:00.0" ObKeinKontakt="1" ObjArtID="8" Merkmal="0.0"/>
  <Objekte ObjID="15833" ObjAufnahme="2001-03-14" ObjLetztKontakt="2001-03-14" ObjStrasseID="6551" ObjHausnummer="Gerlachstraße 25" ObjVorlage="2013-09-11 00:00:00.0" ObKeinKontakt="1" ObjArtID="8" Merkmal="0.0"/>
  <Objekte ObjID="15834" ObjAufnahme="2001-03-14" ObjLetztKontakt="2001-03-14" ObjStrasseID="6551" ObjHausnummer="Gerlachstraße 14" ObjVorlage="2013-09-11 00:00:00.0" ObKeinKontakt="1" ObjArtID="8" Merkmal="0.0"/>
  <Objekte ObjID="15835" ObjAufnahme="2001-03-14" ObjLetztKontakt="2001-03-14" ObjStrasseID="6551" ObjHausnummer="Gerlachstraße 12" ObjVorlage="2013-09-11 00:00:00.0" ObKeinKontakt="1" ObjArtID="8" Merkmal="0.0"/>
  <Objekte ObjID="15836" ObjAufnahme="2001-03-14" ObjLetztKontakt="2001-03-14" ObjStrasseID="6551" ObjHausnummer="Gerlachstraße 10" ObjVorlage="2013-09-11 00:00:00.0" ObKeinKontakt="1" ObjArtID="8" Merkmal="0.0"/>
  <Objekte ObjID="15837" ObjAufnahme="2001-03-14" ObjLetztKontakt="2001-03-14" ObjStrasseID="6551" ObjHausnummer="Gerlachstraße 8" ObjVorlage="2013-09-11 00:00:00.0" ObKeinKontakt="1" ObjArtID="8" Merkmal="0.0"/>
  <Objekte ObjID="15838" ObjAufnahme="2001-03-14" ObjLetztKontakt="2001-03-14" ObjStrasseID="6551" ObjHausnummer="Gerlachstraße 7" ObjVorlage="2013-09-11 00:00:00.0" ObKeinKontakt="1" ObjArtID="8" Merkmal="0.0"/>
  <Objekte ObjID="15839" ObjAufnahme="2001-03-14" ObjLetztKontakt="2001-03-14" ObjStrasseID="6551" ObjHausnummer="Gerlachstraße 9" ObjVorlage="2013-09-11 00:00:00.0" ObKeinKontakt="1" ObjArtID="8" Merkmal="0.0"/>
  <Objekte ObjID="15840" ObjAufnahme="2001-03-14" ObjLetztKontakt="2001-03-14" ObjStrasseID="6551" ObjHausnummer="Gerlachstraße 11" ObjVorlage="2013-09-11 00:00:00.0" ObKeinKontakt="1" ObjArtID="8" Merkmal="0.0"/>
  <Objekte ObjID="15841" ObjAufnahme="2001-03-14" ObjLetztKontakt="2001-03-14" ObjStrasseID="6551" ObjHausnummer="Gerlachstraße 13" ObjVorlage="2013-09-11 00:00:00.0" ObKeinKontakt="1" ObjArtID="8" Merkmal="0.0"/>
  <Objekte ObjID="15842" ObjAufnahme="2001-03-14" ObjLetztKontakt="2001-03-14" ObjStrasseID="6551" ObjHausnummer="Gerlachstraße 15" ObjVorlage="2013-09-11 00:00:00.0" ObKeinKontakt="1" ObjArtID="8" Merkmal="0.0"/>
  <Objekte ObjID="15843" ObjAufnahme="2001-03-14" ObjLetztKontakt="2001-03-14" ObjStrasseID="6551" ObjHausnummer="Gerlachstraße 6" ObjVorlage="2013-09-11 00:00:00.0" ObKeinKontakt="1" ObjArtID="8" Merkmal="0.0"/>
  <Objekte ObjID="15844" ObjAufnahme="2001-03-14" ObjLetztKontakt="2001-03-14" ObjStrasseID="6551" ObjHausnummer="Gerlachstraße 4" ObjVorlage="2013-09-11 00:00:00.0" ObKeinKontakt="1" ObjArtID="8" Merkmal="0.0"/>
  <Objekte ObjID="15845" ObjAufnahme="2001-03-14" ObjLetztKontakt="2001-03-14" ObjStrasseID="6551" ObjHausnummer="Gerlachstraße 2" ObjVorlage="2013-09-11 00:00:00.0" ObKeinKontakt="1" ObjArtID="8" Merkmal="0.0"/>
  <Objekte ObjID="15846" ObjAufnahme="2001-03-15" ObjLetztKontakt="2001-03-15" ObjStrasseID="6551" ObjHausnummer="Gerlachstraße 1" ObjVorlage="2013-09-11 00:00:00.0" ObKeinKontakt="1" ObjArtID="8" Merkmal="0.0"/>
  <Objekte ObjID="15847" ObjAufnahme="2001-03-15" ObjLetztKontakt="2001-03-15" ObjStrasseID="6551" ObjHausnummer="Gerlachstraße 3" ObjVorlage="2013-09-11 00:00:00.0" ObKeinKontakt="1" ObjArtID="8" Merkmal="0.0"/>
  <Objekte ObjID="15848" ObjAufnahme="2001-03-15" ObjLetztKontakt="2001-03-15" ObjStrasseID="6551" ObjHausnummer="Gerlachstraße 5" ObjVorlage="2013-09-11 00:00:00.0" ObKeinKontakt="1" ObjArtID="8" Merkmal="0.0"/>
  <Objekte ObjID="15849" ObjAufnahme="2001-03-15" ObjLetztKontakt="2001-03-15" ObjStrasseID="6551" ObjHausnummer="Gerlachstraße 5A" ObjVorlage="2013-09-11 00:00:00.0" ObKeinKontakt="1" ObjArtID="8" Merkmal="0.0"/>
  <Objekte ObjID="15850" ObjAufnahme="2001-03-15" ObjLetztKontakt="2001-03-15" ObjStrasseID="7136" ObjHausnummer="Kerstingstraße 4" ObjVorlage="2013-09-11 00:00:00.0" ObKeinKontakt="1" ObjArtID="8" Merkmal="0.0"/>
  <Objekte ObjID="15851" ObjAufnahme="2001-03-15" ObjLetztKontakt="2001-03-15" ObjStrasseID="7136" ObjHausnummer="Kerstingstraße 6" ObjVorlage="2013-09-11 00:00:00.0" ObKeinKontakt="1" ObjArtID="8" Merkmal="0.0"/>
  <Objekte ObjID="15852" ObjAufnahme="2001-03-15" ObjLetztKontakt="2001-03-15" ObjStrasseID="7136" ObjHausnummer="Kerstingstraße 8" ObjVorlage="2013-09-11 00:00:00.0" ObKeinKontakt="1" ObjArtID="8" Merkmal="0.0"/>
  <Objekte ObjID="15853" ObjAufnahme="2001-03-15" ObjLetztKontakt="2001-03-15" ObjStrasseID="7136" ObjHausnummer="Kerstingstraße 10" ObjVorlage="2013-09-11 00:00:00.0" ObKeinKontakt="1" ObjArtID="8" Merkmal="0.0"/>
  <Objekte ObjID="15854" ObjAufnahme="2001-03-15" ObjLetztKontakt="2001-03-15" ObjStrasseID="7136" ObjHausnummer="Kerstingstraße 12" ObjVorlage="2013-09-11 00:00:00.0" ObKeinKontakt="1" ObjArtID="8" Merkmal="0.0"/>
  <Objekte ObjID="15855" ObjAufnahme="2001-03-15" ObjLetztKontakt="2001-03-15" ObjStrasseID="7136" ObjHausnummer="Kerstingstraße 14" ObjVorlage="2013-09-11 00:00:00.0" ObKeinKontakt="1" ObjArtID="8" Merkmal="0.0"/>
  <Objekte ObjID="15856" ObjAufnahme="2001-03-15" ObjLetztKontakt="2001-03-15" ObjStrasseID="7136" ObjHausnummer="Kerstingstraße 16" ObjVorlage="2013-09-11 00:00:00.0" ObKeinKontakt="1" ObjArtID="8" Merkmal="0.0"/>
  <Objekte ObjID="15857" ObjAufnahme="2001-03-15" ObjLetztKontakt="2001-03-15" ObjStrasseID="7136" ObjHausnummer="Kerstingstraße 18" ObjVorlage="2013-09-11 00:00:00.0" ObKeinKontakt="1" ObjArtID="8" Merkmal="0.0"/>
  <Objekte ObjID="15858" ObjAufnahme="2001-03-15" ObjLetztKontakt="2001-03-15" ObjStrasseID="7136" ObjHausnummer="Kerstingstraße 20" ObjVorlage="2013-09-11 00:00:00.0" ObKeinKontakt="1" ObjArtID="8" Merkmal="0.0"/>
  <Objekte ObjID="15859" ObjAufnahme="2001-03-15" ObjLetztKontakt="2001-03-15" ObjStrasseID="7136" ObjHausnummer="Kerstingstraße 22" ObjVorlage="2013-09-11 00:00:00.0" ObKeinKontakt="1" ObjArtID="8" Merkmal="0.0"/>
  <Objekte ObjID="15860" ObjAufnahme="2001-03-15" ObjLetztKontakt="2001-03-15" ObjStrasseID="7136" ObjHausnummer="Kerstingstraße 24" ObjVorlage="2013-09-11 00:00:00.0" ObKeinKontakt="1" ObjArtID="8" Merkmal="0.0"/>
  <Objekte ObjID="15861" ObjAufnahme="2001-03-15" ObjLetztKontakt="2001-03-15" ObjStrasseID="7136" ObjHausnummer="Kerstingstraße 26" ObjVorlage="2013-09-11 00:00:00.0" ObKeinKontakt="1" ObjArtID="8" Merkmal="0.0"/>
  <Objekte ObjID="15862" ObjAufnahme="2001-03-15" ObjLetztKontakt="2001-03-15" ObjStrasseID="7136" ObjHausnummer="Kerstingstraße 28" ObjVorlage="2013-09-11 00:00:00.0" ObKeinKontakt="1" ObjArtID="8" Merkmal="0.0"/>
  <Objekte ObjID="15863" ObjAufnahme="2001-03-15" ObjLetztKontakt="2001-03-15" ObjStrasseID="7136" ObjHausnummer="Kerstingstraße 30" ObjVorlage="2013-09-11 00:00:00.0" ObKeinKontakt="1" ObjArtID="8" Merkmal="0.0"/>
  <Objekte ObjID="15864" ObjAufnahme="2001-03-15" ObjLetztKontakt="2001-03-15" ObjStrasseID="7136" ObjHausnummer="Kerstingstraße 32" ObjVorlage="2013-09-11 00:00:00.0" ObKeinKontakt="1" ObjArtID="8" Merkmal="0.0"/>
  <Objekte ObjID="15865" ObjAufnahme="2001-03-15" ObjLetztKontakt="2001-03-15" ObjStrasseID="7136" ObjHausnummer="Kerstingstraße 34" ObjVorlage="2013-09-11 00:00:00.0" ObKeinKontakt="1" ObjArtID="8" Merkmal="0.0"/>
  <Objekte ObjID="15866" ObjAufnahme="2001-03-15" ObjLetztKontakt="2001-03-15" ObjStrasseID="7136" ObjHausnummer="Kerstingstraße 36" ObjVorlage="2013-09-11 00:00:00.0" ObKeinKontakt="1" ObjArtID="8" Merkmal="0.0"/>
  <Objekte ObjID="15867" ObjAufnahme="2001-03-15" ObjLetztKontakt="2001-03-15" ObjStrasseID="7136" ObjHausnummer="Kerstingstraße 36A" ObjVorlage="2013-09-11 00:00:00.0" ObKeinKontakt="1" ObjArtID="8" Merkmal="0.0"/>
  <Objekte ObjID="15868" ObjAufnahme="2001-03-15" ObjLetztKontakt="2001-03-15" ObjStrasseID="7136" ObjHausnummer="Kerstingstraße 38" ObjVorlage="2013-09-11 00:00:00.0" ObKeinKontakt="1" ObjArtID="8" Merkmal="0.0"/>
  <Objekte ObjID="15869" ObjAufnahme="2001-03-15" ObjLetztKontakt="2001-03-15" ObjStrasseID="7136" ObjHausnummer="Kerstingstraße 43" ObjVorlage="2013-09-11 00:00:00.0" ObKeinKontakt="1" ObjArtID="8" Merkmal="0.0"/>
  <Objekte ObjID="15870" ObjAufnahme="2001-03-15" ObjLetztKontakt="2001-03-15" ObjStrasseID="7136" ObjHausnummer="Kerstingstraße 41" ObjVorlage="2013-09-11 00:00:00.0" ObKeinKontakt="1" ObjArtID="8" Merkmal="0.0"/>
  <Objekte ObjID="15871" ObjAufnahme="2001-03-15" ObjLetztKontakt="2001-03-15" ObjStrasseID="7136" ObjHausnummer="Kerstingstraße 39" ObjVorlage="2013-09-11 00:00:00.0" ObKeinKontakt="1" ObjArtID="8" Merkmal="0.0"/>
  <Objekte ObjID="15872" ObjAufnahme="2001-03-15" ObjLetztKontakt="2001-03-15" ObjStrasseID="7136" ObjHausnummer="Kerstingstraße 37" ObjVorlage="2013-09-11 00:00:00.0" ObKeinKontakt="1" ObjArtID="8" Merkmal="0.0"/>
  <Objekte ObjID="15873" ObjAufnahme="2001-03-15" ObjLetztKontakt="2001-03-15" ObjStrasseID="7136" ObjHausnummer="Kerstingstraße 35" ObjVorlage="2013-09-11 00:00:00.0" ObKeinKontakt="1" ObjArtID="8" Merkmal="0.0"/>
  <Objekte ObjID="15874" ObjAufnahme="2001-03-15" ObjLetztKontakt="2001-03-15" ObjStrasseID="7136" ObjHausnummer="Kerstingstraße 33" ObjVorlage="2013-09-11 00:00:00.0" ObKeinKontakt="1" ObjArtID="8" Merkmal="0.0"/>
  <Objekte ObjID="15875" ObjAufnahme="2001-03-15" ObjLetztKontakt="2001-03-15" ObjStrasseID="7136" ObjHausnummer="Kerstingstraße 31" ObjVorlage="2013-09-11 00:00:00.0" ObKeinKontakt="1" ObjArtID="8" Merkmal="0.0"/>
  <Objekte ObjID="15876" ObjAufnahme="2001-03-15" ObjLetztKontakt="2001-03-15" ObjStrasseID="7136" ObjHausnummer="Kerstingstraße 29" ObjVorlage="2013-09-11 00:00:00.0" ObKeinKontakt="1" ObjArtID="8" Merkmal="0.0"/>
  <Objekte ObjID="15877" ObjAufnahme="2001-03-15" ObjLetztKontakt="2001-03-15" ObjStrasseID="7136" ObjHausnummer="Kerstingstraße 27" ObjVorlage="2013-09-11 00:00:00.0" ObKeinKontakt="1" ObjArtID="8" Merkmal="0.0"/>
  <Objekte ObjID="15878" ObjAufnahme="2001-03-15" ObjLetztKontakt="2001-03-15" ObjStrasseID="7136" ObjHausnummer="Kerstingstraße 25" ObjVorlage="2013-09-11 00:00:00.0" ObKeinKontakt="1" ObjArtID="8" Merkmal="0.0"/>
  <Objekte ObjID="15879" ObjAufnahme="2001-03-15" ObjLetztKontakt="2001-03-15" ObjStrasseID="7136" ObjHausnummer="Kerstingstraße 23" ObjVorlage="2013-09-11 00:00:00.0" ObKeinKontakt="1" ObjArtID="8" Merkmal="0.0"/>
  <Objekte ObjID="15880" ObjAufnahme="2001-03-16" ObjLetztKontakt="2001-03-16" ObjStrasseID="7993" ObjHausnummer="Leipziger Straße 12" ObjVorlage="2013-09-11 00:00:00.0" ObKeinKontakt="1" ObjArtID="178" Merkmal="0.0" ObjInfo="140 m²700 m²Grg./Carp.1975580.000,-- DM"/>
  <Objekte ObjID="15881" ObjAufnahme="2001-03-21" ObjLetztKontakt="2001-03-21" ObjStrasseID="6968" ObjHausnummer="Im Buchenfelde 1" ObjVorlage="2013-09-11 00:00:00.0" ObKeinKontakt="1" ObjArtID="20" Merkmal="0.0" ObjInfo="270 m²1360 m²19651,4 Mio. DM"/>
  <Objekte ObjID="15882" ObjAufnahme="2001-04-02" ObjLetztKontakt="2001-04-02" ObjStrasseID="5658" ObjHausnummer="Am Jungfernplan 21" ObjVorlage="2013-09-11 00:00:00.0" ObKeinKontakt="1" ObjArtID="1" Merkmal="0.0"/>
  <Objekte ObjID="15883" ObjAufnahme="2001-04-02" ObjLetztKontakt="2001-04-02" ObjStrasseID="8450" ObjHausnummer="Vahrenwalder Straße 159" ObjVorlage="2013-09-11 00:00:00.0" ObKeinKontakt="1" ObjArtID="1" Merkmal="0.0"/>
  <Objekte ObjID="15884" ObjAufnahme="2001-04-02" ObjLetztKontakt="2001-04-02" ObjStrasseID="8044" ObjHausnummer="Sauerweinstraße 3" ObjVorlage="2013-09-11 00:00:00.0" ObKeinKontakt="1" ObjArtID="1" Merkmal="0.0"/>
  <Objekte ObjID="15885" ObjAufnahme="2001-04-02" ObjLetztKontakt="2001-06-18" ObjStrasseID="8626" ObjHausnummer="Wilhelm-Bluhm-Straße 25" ObjVorlage="2013-09-11 00:00:00.0" ObKeinKontakt="1" ObjArtID="1" Merkmal="0.0"/>
  <Objekte ObjID="15886" ObjAufnahme="2001-04-06" ObjLetztKontakt="2001-08-23" ObjStrasseID="4107" ObjHausnummer="Lange Weihe 67A" ObjVorlage="2013-09-11 00:00:00.0" ObKeinKontakt="2" ObjArtID="106" Merkmal="0.0" ObjInfo="380128\Loggia, Terr."/>
  <Objekte ObjID="15887" ObjAufnahme="2001-04-19" ObjLetztKontakt="2001-04-19" ObjStrasseID="7356" ObjHausnummer="Leonhardtstraße 13" ObjVorlage="2013-09-11 00:00:00.0" ObKeinKontakt="1" ObjArtID="1" Merkmal="0.0"/>
  <Objekte ObjID="15888" ObjAufnahme="2001-04-19" ObjLetztKontakt="2001-04-19" ObjStrasseID="5576" ObjHausnummer="Alte Döhrener Straße 51" ObjVorlage="2013-09-11 00:00:00.0" ObKeinKontakt="1" ObjArtID="141" Merkmal="0.0"/>
  <Objekte ObjID="15889" ObjAufnahme="2001-04-27" ObjLetztKontakt="2001-04-27" ObjStrasseID="10704" ObjHausnummer="An der Beeke 18" ObjVorlage="2013-09-11 00:00:00.0" ObKeinKontakt="1" ObjArtID="8" Merkmal="0.0"/>
  <Objekte ObjID="15890" ObjAufnahme="2001-05-03" ObjLetztKontakt="2001-05-03" ObjStrasseID="3583" ObjHausnummer="Göttinger Landstraße 19A" ObjVorlage="2013-09-11 00:00:00.0" ObKeinKontakt="1" ObjArtID="8" Merkmal="0.0"/>
  <Objekte ObjID="15891" ObjAufnahme="2001-05-03" ObjLetztKontakt="2001-05-03" ObjStrasseID="6569" ObjHausnummer="Girlitzpark 61" ObjVorlage="2013-09-11 00:00:00.0" ObKeinKontakt="1" ObjArtID="24" Merkmal="0.0"/>
  <Objekte ObjID="15892" ObjAufnahme="2001-05-03" ObjLetztKontakt="2001-05-03" ObjStrasseID="6404" ObjHausnummer="Ferdinand-Wallbrecht-Straße 26" ObjVorlage="2013-09-11 00:00:00.0" ObKeinKontakt="1" ObjArtID="1" Merkmal="0.0"/>
  <Objekte ObjID="15893" ObjAufnahme="2001-05-04" ObjLetztKontakt="2001-05-04" ObjStrasseID="9512" ObjHausnummer="Farrelweg 19A" ObjVorlage="2013-09-11 00:00:00.0" ObKeinKontakt="1" ObjArtID="8" Merkmal="0.0" ObjInfo="220 m²720 m²1995700.000,-- DM"/>
  <Objekte ObjID="15894" ObjAufnahme="2001-05-08" ObjLetztKontakt="2001-05-08" ObjStrasseID="10208" ObjHausnummer="Jathostraße 14" ObjVorlage="2013-09-11 00:00:00.0" ObKeinKontakt="1" ObjArtID="20" Merkmal="0.0"/>
  <Objekte ObjID="15895" ObjAufnahme="2001-05-08" ObjLetztKontakt="2001-05-08" ObjStrasseID="7109" ObjHausnummer="Karl-Ludwig-Schleich-Weg 10" ObjVorlage="2013-09-11 00:00:00.0" ObKeinKontakt="1" ObjArtID="22" Merkmal="0.0" ObjInfo="126 m²240 m²1960Grg.419.000,-- DM"/>
  <Objekte ObjID="15896" ObjAufnahme="2001-05-10" ObjLetztKontakt="2001-05-10" ObjStrasseID="7124" ObjHausnummer="Kastanienallee 11" ObjVorlage="2013-09-11 00:00:00.0" ObKeinKontakt="1" ObjArtID="8" Merkmal="0.0" ObjInfo="160 m²294 m²Grg.690.000,-- DM"/>
  <Objekte ObjID="15897" ObjAufnahme="2001-05-10" ObjLetztKontakt="2001-05-10" ObjStrasseID="10718" ObjHausnummer="Maspe 1" ObjVorlage="2013-09-11 00:00:00.0" ObKeinKontakt="1" ObjArtID="1" Merkmal="0.0" ObjInfo="331 m²4.500 m²1900700.000,-- DM"/>
  <Objekte ObjID="15898" ObjAufnahme="2001-05-11" ObjLetztKontakt="2001-05-11" ObjStrasseID="9491" ObjHausnummer="Rohrweg 34" ObjVorlage="2013-09-11 00:00:00.0" ObKeinKontakt="1" ObjArtID="24" Merkmal="0.0" ObjInfo="150 m²320 m²1990/1 Stellpl/595.000,-- DM"/>
  <Objekte ObjID="15899" ObjAufnahme="2001-05-14" ObjLetztKontakt="2001-05-14" ObjStrasseID="375" ObjHausnummer="Elbeweg 8" ObjVorlage="2013-09-11 00:00:00.0" ObKeinKontakt="1" ObjArtID="176" Merkmal="0.0" ObjInfo="150 m²227 m²Grg.1967445.000,-- DM"/>
  <Objekte ObjID="15900" ObjAufnahme="2001-05-15" ObjLetztKontakt="2001-05-15" ObjStrasseID="8062" ObjHausnummer="Schellingstraße 12A" ObjVorlage="2013-09-11 00:00:00.0" ObKeinKontakt="1" ObjArtID="18" Merkmal="0.0" ObjInfo="240 m²540 m²Grg.19141.350.000,-- DM"/>
  <Objekte ObjID="15901" ObjAufnahme="2001-05-17" ObjLetztKontakt="2001-05-17" ObjStrasseID="10730" ObjHausnummer="Zum Ostertor 8" ObjVorlage="2013-09-11 00:00:00.0" ObKeinKontakt="1" ObjArtID="8" Merkmal="0.0"/>
  <Objekte ObjID="15902" ObjAufnahme="2001-05-19" ObjLetztKontakt="2001-05-19" ObjStrasseID="10734" ObjHausnummer="Schwaigerner Straße 19" ObjVorlage="2013-09-11 00:00:00.0" ObKeinKontakt="1" ObjArtID="11" Merkmal="0.0"/>
  <Objekte ObjID="15903" ObjAufnahme="2001-05-19" ObjLetztKontakt="2001-05-19" ObjStrasseID="3132" ObjHausnummer="Berliner Straße 4" ObjVorlage="2013-09-11 00:00:00.0" ObKeinKontakt="1" ObjArtID="11" Merkmal="0.0"/>
  <Objekte ObjID="15904" ObjAufnahme="2001-05-22" ObjLetztKontakt="2001-05-22" ObjStrasseID="8204" ObjHausnummer="Sohnreystraße 6" ObjVorlage="2013-09-11 00:00:00.0" ObKeinKontakt="2" ObjArtID="153" Merkmal="0.0" ObjInfo="430/131//W-Terr."/>
  <Objekte ObjID="15905" ObjAufnahme="2001-05-30" ObjLetztKontakt="2001-05-30" ObjStrasseID="6916" ObjHausnummer="Höltystraße 19" ObjVorlage="2013-09-11 00:00:00.0" ObKeinKontakt="1" ObjArtID="5" Merkmal="0.0"/>
  <Objekte ObjID="15906" ObjAufnahme="2001-05-31" ObjLetztKontakt="2001-11-06" ObjStrasseID="6434" ObjHausnummer="Flüggestraße 13" ObjVorlage="2013-09-11 00:00:00.0" ObKeinKontakt="2" ObjArtID="76" Merkmal="0.0" ObjInfo="355117\O-Blk. Stellpl. z. anm."/>
  <Objekte ObjID="15907" ObjAufnahme="2001-06-01" ObjLetztKontakt="2001-06-01" ObjStrasseID="7930" ObjHausnummer="Rönnegang 49" ObjVorlage="2013-09-11 00:00:00.0" ObKeinKontakt="1" ObjArtID="1" Merkmal="0.0"/>
  <Objekte ObjID="15908" ObjAufnahme="2001-06-11" ObjLetztKontakt="2001-10-15" ObjStrasseID="7406" ObjHausnummer="Lister Meile 35A" ObjVorlage="2013-09-11 00:00:00.0" ObKeinKontakt="2" ObjArtID="249" Merkmal="0.0" ObjInfo="702453\Dachterrasse Süd-Ost, Terasse Nord-Ost"/>
  <Objekte ObjID="15909" ObjAufnahme="2001-06-11" ObjLetztKontakt="2001-06-11" ObjStrasseID="6054" ObjHausnummer="Brahmsstraße 3" ObjVorlage="2013-09-11 00:00:00.0" ObKeinKontakt="9" ObjArtID="119" Merkmal="0.0" ObjInfo="590170\"/>
  <Objekte ObjID="15910" ObjAufnahme="2001-06-11" ObjLetztKontakt="2001-10-25" ObjStrasseID="7169" ObjHausnummer="Kleine Düwelstraße 26A" ObjVorlage="2013-09-11 00:00:00.0" ObKeinKontakt="2" ObjArtID="14" Merkmal="0.0" ObjInfo="\~&#xD;&#xA;15911"/>
  <Objekte ObjID="15912" ObjAufnahme="2001-06-12" ObjLetztKontakt="2001-10-25" ObjStrasseID="8239" ObjHausnummer="Spitzwegstraße 3" ObjVorlage="2013-09-11 00:00:00.0" ObKeinKontakt="2" ObjArtID="201" Merkmal="0.0" ObjInfo="488142\SW-Terrasse"/>
  <Objekte ObjID="15913" ObjAufnahme="2001-06-12" ObjLetztKontakt="2001-06-12" ObjStrasseID="8065" ObjHausnummer="Schierholzstraße 13A" ObjVorlage="2013-09-11 00:00:00.0" ObKeinKontakt="9" ObjArtID="55" Merkmal="0.0" ObjInfo="30085\terr"/>
  <Objekte ObjID="15914" ObjAufnahme="2001-06-12" ObjLetztKontakt="2001-06-12" ObjStrasseID="8392" ObjHausnummer="Tizianstraße 5" ObjVorlage="2013-09-11 00:00:00.0" ObKeinKontakt="9" ObjArtID="83" Merkmal="0.0" ObjInfo="350100,96\Blk. S-O,N-W"/>
  <Objekte ObjID="15915" ObjAufnahme="2001-06-19" ObjLetztKontakt="2001-06-19" ObjStrasseID="8916" ObjHausnummer="Am Schafbrinke 69A" ObjVorlage="2013-09-11 00:00:00.0" ObKeinKontakt="1" ObjArtID="8" Merkmal="0.0" ObjInfo="150 m²450 m²Grg.1956500.000,-- DM"/>
  <Objekte ObjID="15916" ObjAufnahme="2001-06-19" ObjLetztKontakt="2001-06-19" ObjStrasseID="10785" ObjHausnummer="Arnumer Straße 11" ObjVorlage="2013-09-11 00:00:00.0" ObKeinKontakt="1" ObjArtID="8" Merkmal="0.0"/>
  <Objekte ObjID="15917" ObjAufnahme="2001-06-21" ObjLetztKontakt="2001-06-21" ObjStrasseID="7366" ObjHausnummer="Leuninger Straße 57" ObjVorlage="2013-09-11 00:00:00.0" ObKeinKontakt="1" ObjArtID="176" Merkmal="0.0"/>
  <Objekte ObjID="15918" ObjAufnahme="2001-06-25" ObjLetztKontakt="2001-06-25" ObjStrasseID="10789" ObjHausnummer="Osterbergstrasse 13" ObjVorlage="2013-09-11 00:00:00.0" ObKeinKontakt="1" ObjArtID="8" Merkmal="0.0"/>
  <Objekte ObjID="15919" ObjAufnahme="2001-06-28" ObjLetztKontakt="2001-06-28" ObjStrasseID="7125" ObjHausnummer="Kastanienweg 5" ObjVorlage="2013-09-11 00:00:00.0" ObKeinKontakt="1" ObjArtID="8" Merkmal="0.0"/>
  <Objekte ObjID="15920" ObjAufnahme="2001-06-28" ObjLetztKontakt="2001-06-28" ObjStrasseID="6002" ObjHausnummer="Bödekerstraße 55" ObjVorlage="2013-09-11 00:00:00.0" ObKeinKontakt="9" ObjArtID="105" Merkmal="0.0" ObjInfo="720140\Blk.West"/>
  <Objekte ObjID="15921" ObjAufnahme="2001-06-28" ObjLetztKontakt="2001-06-28" ObjStrasseID="6534" ObjHausnummer="Geibelstraße 76" ObjVorlage="2013-09-11 00:00:00.0" ObKeinKontakt="9" ObjArtID="229" Merkmal="0.0" ObjInfo="29072\ BJ98 Fahrstuhl,TG 30Tsd extra, 2 Sonnenterr."/>
  <Objekte ObjID="15922" ObjAufnahme="2001-06-28" ObjLetztKontakt="2001-06-28" ObjStrasseID="8023" ObjHausnummer="Sallstraße 13" ObjVorlage="2013-09-11 00:00:00.0" ObKeinKontakt="9" ObjArtID="228" Merkmal="0.0" ObjInfo="29597\Terr. u.Blk.Süden"/>
  <Objekte ObjID="15923" ObjAufnahme="2001-06-28" ObjLetztKontakt="2001-06-28" ObjStrasseID="8305" ObjHausnummer="Stolzestraße 27" ObjVorlage="2013-09-11 00:00:00.0" ObKeinKontakt="9" ObjArtID="55" Merkmal="0.0" ObjInfo="340112\garten Ost"/>
  <Objekte ObjID="15924" ObjAufnahme="2001-06-28" ObjLetztKontakt="2001-08-14" ObjStrasseID="7062" ObjHausnummer="Jordanstraße 15" ObjVorlage="2013-09-11 00:00:00.0" ObKeinKontakt="2" ObjArtID="104" Merkmal="0.0" ObjInfo="339102\Blk."/>
  <Objekte ObjID="15925" ObjAufnahme="2001-06-29" ObjLetztKontakt="2001-06-29" ObjStrasseID="7872" ObjHausnummer="Remarqueweg 13" ObjVorlage="2013-09-11 00:00:00.0" ObKeinKontakt="5" ObjArtID="8" Merkmal="0.0"/>
  <Objekte ObjID="15926" ObjAufnahme="2001-07-03" ObjLetztKontakt="2001-08-14" ObjStrasseID="7062" ObjHausnummer="Jordanstraße 15" ObjVorlage="2013-09-11 00:00:00.0" ObKeinKontakt="2" ObjArtID="105" Merkmal="0.0" ObjInfo="339102\Südloggia"/>
  <Objekte ObjID="15927" ObjAufnahme="2001-07-04" ObjLetztKontakt="2001-07-04" ObjStrasseID="9491" ObjHausnummer="Rohrweg 17" ObjVorlage="2013-09-11 00:00:00.0" ObKeinKontakt="1" ObjArtID="176" Merkmal="0.0"/>
  <Objekte ObjID="15928" ObjAufnahme="2001-07-04" ObjLetztKontakt="2001-07-12" ObjStrasseID="9425" ObjHausnummer="Im Eschbruch 8" ObjVorlage="2013-09-11 00:00:00.0" ObKeinKontakt="1" ObjArtID="24" Merkmal="0.0" ObjInfo="160 m²380 m²1990625.000,-- DM"/>
  <Objekte ObjID="15930" ObjAufnahme="2001-07-04" ObjLetztKontakt="2001-07-04" ObjStrasseID="3263" ObjHausnummer="Bürgermeister-Fink-Straße 27" ObjVorlage="2013-09-11 00:00:00.0" ObKeinKontakt="9" ObjArtID="221" Merkmal="0.0" ObjInfo="459125\ West-Terr"/>
  <Objekte ObjID="15931" ObjAufnahme="2001-07-10" ObjLetztKontakt="2001-07-10" ObjStrasseID="6575" ObjHausnummer="Glimmerweg 3" ObjVorlage="2013-09-11 00:00:00.0" ObKeinKontakt="1" ObjArtID="176" Merkmal="0.0" ObjInfo="146 m²293 m²1982Grg.495.000,-- DM"/>
  <Objekte ObjID="15932" ObjAufnahme="2001-07-10" ObjLetztKontakt="2001-07-10" ObjStrasseID="10813" ObjHausnummer="In der Feddel 8" ObjVorlage="2013-09-11 00:00:00.0" ObKeinKontakt="1" ObjArtID="8" Merkmal="0.0" ObjInfo="174 m²550 m²1992Carp.648.000,-- DM"/>
  <Objekte ObjID="15933" ObjAufnahme="2001-07-10" ObjLetztKontakt="2001-07-10" ObjStrasseID="10814" ObjHausnummer="Eschbruch 8" ObjVorlage="2013-09-11 00:00:00.0" ObKeinKontakt="1" ObjArtID="24" Merkmal="0.0"/>
  <Objekte ObjID="15934" ObjAufnahme="2001-07-11" ObjLetztKontakt="2001-07-11" ObjStrasseID="159" ObjHausnummer="Jakobistraße 8" ObjVorlage="2013-09-11 00:00:00.0" ObKeinKontakt="1" ObjArtID="5" Merkmal="0.0"/>
  <Objekte ObjID="15935" ObjAufnahme="2001-07-11" ObjLetztKontakt="2001-07-11" ObjStrasseID="5824" ObjHausnummer="Asternstraße 14" ObjVorlage="2013-09-11 00:00:00.0" ObKeinKontakt="1" ObjArtID="155" Merkmal="0.0" ObjInfo="229130\"/>
  <Objekte ObjID="15936" ObjAufnahme="2001-07-12" ObjLetztKontakt="2001-07-12" ObjStrasseID="10818" ObjHausnummer="Laydbrunnenweg 31" ObjVorlage="2013-09-11 00:00:00.0" ObKeinKontakt="1" ObjArtID="8" Merkmal="0.0"/>
  <Objekte ObjID="15937" ObjAufnahme="2001-07-14" ObjLetztKontakt="2001-10-25" ObjStrasseID="6157" ObjHausnummer="Constantinstraße 33" ObjVorlage="2013-09-11 00:00:00.0" ObKeinKontakt="2" ObjArtID="139" Merkmal="0.0" ObjInfo="31080\Sü-Blk.,Aufzug, TG"/>
  <Objekte ObjID="15938" ObjAufnahme="2001-07-16" ObjLetztKontakt="2001-07-16" ObjStrasseID="7892" ObjHausnummer="Ricklinger Stadtweg 34" ObjVorlage="2013-09-11 00:00:00.0" ObKeinKontakt="1" ObjArtID="1" Merkmal="0.0"/>
  <Objekte ObjID="15939" ObjAufnahme="2001-07-16" ObjLetztKontakt="2001-07-16" ObjStrasseID="3805" ObjHausnummer="Hoher Kamp 50" ObjVorlage="2013-09-11 00:00:00.0" ObKeinKontakt="1" ObjArtID="8" Merkmal="0.0"/>
  <Objekte ObjID="15940" ObjAufnahme="2001-07-18" ObjLetztKontakt="2001-07-18" ObjStrasseID="10825" ObjHausnummer="Osterbergstraße 13" ObjVorlage="2013-09-11 00:00:00.0" ObKeinKontakt="1" ObjArtID="8" Merkmal="0.0" ObjInfo="160 m²1000 m²1967Do.grg.520.000,-- DM"/>
  <Objekte ObjID="15941" ObjAufnahme="2001-07-19" ObjLetztKontakt="2001-07-19" ObjStrasseID="10827" ObjHausnummer="Wilhelm-Busch-Straße 9" ObjVorlage="2013-09-11 00:00:00.0" ObKeinKontakt="1" ObjArtID="20" Merkmal="0.0" ObjInfo="155 + 58 m²772 m²2 Grg.2 Stellpl.1966595.000,-- DM"/>
  <Objekte ObjID="15942" ObjAufnahme="2001-07-23" ObjLetztKontakt="2001-07-23" ObjStrasseID="6342" ObjHausnummer="Emil-Nolde-Weg 38" ObjVorlage="2013-09-11 00:00:00.0" ObKeinKontakt="1" ObjArtID="21" Merkmal="0.0" ObjInfo="93 m²182 m²Grg.1956375.000,-- DM"/>
  <Objekte ObjID="15943" ObjAufnahme="2001-07-25" ObjLetztKontakt="2001-11-14" ObjStrasseID="7169" ObjHausnummer="Kleine Düwelstraße 13" ObjVorlage="2013-09-11 00:00:00.0" ObKeinKontakt="2" ObjArtID="133" Merkmal="0.0" ObjInfo="32596\Blk"/>
  <Objekte ObjID="15944" ObjAufnahme="2001-07-26" ObjLetztKontakt="2001-07-26" ObjStrasseID="7881" ObjHausnummer="Rheinstraße 10" ObjVorlage="2013-09-11 00:00:00.0" ObKeinKontakt="9" ObjArtID="75" Merkmal="0.0" ObjInfo="35280\Blk S-O"/>
  <Objekte ObjID="15945" ObjAufnahme="2001-07-30" ObjLetztKontakt="2001-07-30" ObjStrasseID="10843" ObjHausnummer="Jacobyweg 1" ObjVorlage="2013-09-11 00:00:00.0" ObKeinKontakt="1" ObjArtID="8" Merkmal="0.0" ObjInfo="215 m²765 m²2 Grg.1997649.000,-- DM"/>
  <Objekte ObjID="15946" ObjAufnahme="2001-08-03" ObjLetztKontakt="2001-08-03" ObjStrasseID="10849" ObjHausnummer="Am Freihof 18" ObjVorlage="2013-09-11 00:00:00.0" ObKeinKontakt="1" ObjArtID="22" Merkmal="0.0" ObjInfo="120 m²318 m²2 Carp.1986365.000,-- DM"/>
  <Objekte ObjID="15947" ObjAufnahme="2001-08-07" ObjLetztKontakt="2001-08-07" ObjStrasseID="10859" ObjHausnummer="Kopernikusstraße 5" ObjVorlage="2013-09-11 00:00:00.0" ObKeinKontakt="1" ObjArtID="8" Merkmal="0.0" ObjInfo="258 m²825 m²Grg.1980690.000,-- DM"/>
  <Objekte ObjID="15948" ObjAufnahme="2001-08-08" ObjLetztKontakt="2001-08-08" ObjStrasseID="5168" ObjHausnummer="Hainhäuser Weg 14" ObjVorlage="2013-09-11 00:00:00.0" ObKeinKontakt="1" ObjArtID="8" Merkmal="0.0" ObjInfo="162 m²445 m²Grg.1982449.000,-- DM"/>
  <Objekte ObjID="15949" ObjAufnahme="2001-08-08" ObjLetztKontakt="2001-08-08" ObjStrasseID="5676" ObjHausnummer="Am Leinewehr 27" ObjVorlage="2013-09-11 00:00:00.0" ObKeinKontakt="9" ObjArtID="167" Merkmal="0.0" ObjInfo="550132\Terr."/>
  <Objekte ObjID="15950" ObjAufnahme="2001-08-09" ObjLetztKontakt="2001-08-09" ObjStrasseID="10866" ObjHausnummer="Blücherstraße 4" ObjVorlage="2013-09-11 00:00:00.0" ObKeinKontakt="1" ObjArtID="8" Merkmal="0.0" ObjInfo="110 m²550 m²2 Grg.550.000,-- DM"/>
  <Objekte ObjID="15951" ObjAufnahme="2001-08-09" ObjLetztKontakt="2001-08-09" ObjStrasseID="10866" ObjHausnummer="Blücherstraße 4A" ObjVorlage="2013-09-11 00:00:00.0" ObKeinKontakt="1" ObjArtID="8" Merkmal="0.0" ObjInfo="130 m²550 m²2 Grg.690.000,-- DM"/>
  <Objekte ObjID="15952" ObjAufnahme="2001-08-09" ObjLetztKontakt="2001-08-09" ObjStrasseID="8124" ObjHausnummer="Schützenallee 9" ObjVorlage="2013-09-11 00:00:00.0" ObKeinKontakt="9" ObjArtID="56" Merkmal="0.0" ObjInfo="29593\Blk. West"/>
  <Objekte ObjID="15953" ObjAufnahme="2001-08-10" ObjLetztKontakt="2001-08-10" ObjStrasseID="82" ObjHausnummer="Auf dem Lärchenberge 5" ObjVorlage="2013-09-11 00:00:00.0" ObKeinKontakt="1" ObjArtID="62" Merkmal="0.0"/>
  <Objekte ObjID="15954" ObjAufnahme="2001-08-17" ObjLetztKontakt="2001-08-17" ObjStrasseID="7237" ObjHausnummer="Kortumstraße 10" ObjVorlage="2013-09-11 00:00:00.0" ObKeinKontakt="9" ObjArtID="118" Merkmal="0.0" ObjInfo="400118\Süd-Terrasse, TG"/>
  <Objekte ObjID="15955" ObjAufnahme="2001-08-27" ObjLetztKontakt="2001-08-27" ObjStrasseID="10905" ObjHausnummer="Papenriede 2A" ObjVorlage="2013-09-11 00:00:00.0" ObKeinKontakt="1" ObjArtID="8" Merkmal="0.0" ObjInfo="142 m²459 m²Do.grg., Carp.1966549.000,-- DM"/>
  <Objekte ObjID="15956" ObjAufnahme="2001-08-27" ObjLetztKontakt="2001-08-27" ObjStrasseID="6287" ObjHausnummer="Ebstorfer Weg 7" ObjVorlage="2013-09-11 00:00:00.0" ObKeinKontakt="1" ObjArtID="23" Merkmal="0.0" ObjInfo="120 m²1000 m²ß19571.100.000,-- DM"/>
  <Objekte ObjID="15957" ObjAufnahme="2001-08-27" ObjLetztKontakt="1998-01-01" ObjStrasseID="7236" ObjHausnummer="Körtingstraße 6" ObjVorlage="2013-09-11 00:00:00.0" ObKeinKontakt="9" ObjArtID="98" Merkmal="0.0" ObjInfo="375136\Blk."/>
  <Objekte ObjID="15958" ObjAufnahme="2001-08-28" ObjLetztKontakt="2001-08-28" ObjStrasseID="8713" ObjHausnummer="Zilleweg 1A" ObjVorlage="2013-09-11 00:00:00.0" ObKeinKontakt="1" ObjArtID="23" Merkmal="0.0" ObjInfo="200 m²700 m²Grg.1970780.000,-- DM"/>
  <Objekte ObjID="15959" ObjAufnahme="2001-08-29" ObjLetztKontakt="2001-08-29" ObjStrasseID="3806" ObjHausnummer="Hohes Feld 13" ObjVorlage="2013-09-11 00:00:00.0" ObKeinKontakt="1" ObjArtID="8" Merkmal="0.0"/>
  <Objekte ObjID="15960" ObjAufnahme="2001-08-29" ObjLetztKontakt="2001-08-29" ObjStrasseID="5576" ObjHausnummer="Alte Döhrener Straße 29" ObjVorlage="2013-09-11 00:00:00.0" ObKeinKontakt="1" ObjArtID="1" Merkmal="0.0"/>
  <Objekte ObjID="15961" ObjAufnahme="2001-09-05" ObjLetztKontakt="2001-09-05" ObjStrasseID="6972" ObjHausnummer="Im Eichholz 15A" ObjVorlage="2013-09-11 00:00:00.0" ObKeinKontakt="1" ObjArtID="8" Merkmal="0.0" ObjInfo="200 m²680 m²Do.grg.1980920.000,-- DM"/>
  <Objekte ObjID="15962" ObjAufnahme="2001-09-07" ObjLetztKontakt="2001-09-07" ObjStrasseID="10923" ObjHausnummer="Wallbrink 3" ObjVorlage="2013-09-11 00:00:00.0" ObKeinKontakt="1" ObjArtID="24" Merkmal="0.0"/>
  <Objekte ObjID="15963" ObjAufnahme="2001-09-07" ObjLetztKontakt="2001-09-07" ObjStrasseID="10924" ObjHausnummer="Große Egge 9" ObjVorlage="2013-09-11 00:00:00.0" ObKeinKontakt="1" ObjArtID="8" Merkmal="0.0" ObjInfo="180 m²573 m²Do.grg.1980615.000,-- DM"/>
  <Objekte ObjID="15964" ObjAufnahme="2001-09-25" ObjLetztKontakt="2001-09-25" ObjStrasseID="3752" ObjHausnummer="Hermann-Löns-Straße 14" ObjVorlage="2013-09-11 00:00:00.0" ObKeinKontakt="1" ObjArtID="8" Merkmal="0.0"/>
  <Objekte ObjID="15965" ObjAufnahme="2001-09-27" ObjLetztKontakt="2001-09-27" ObjStrasseID="6413" ObjHausnummer="Fichtestraße 20" ObjVorlage="2013-09-11 00:00:00.0" ObKeinKontakt="1" ObjArtID="8" Merkmal="0.0"/>
  <Objekte ObjID="15966" ObjAufnahme="2001-10-02" ObjLetztKontakt="2001-10-02" ObjStrasseID="6191" ObjHausnummer="Davenstedter Holz 19" ObjVorlage="2013-09-11 00:00:00.0" ObKeinKontakt="1" ObjArtID="8" Merkmal="0.0"/>
  <Objekte ObjID="15967" ObjAufnahme="2001-10-04" ObjLetztKontakt="2001-10-04" ObjStrasseID="10952" ObjHausnummer="Im Tale 1" ObjVorlage="2013-09-11 00:00:00.0" ObKeinKontakt="5" ObjArtID="8" Merkmal="0.0"/>
  <Objekte ObjID="15968" ObjAufnahme="2001-10-08" ObjLetztKontakt="2001-10-08" ObjStrasseID="8506" ObjHausnummer="Waldhausenstraße 19" ObjVorlage="2013-09-11 00:00:00.0" ObKeinKontakt="9" ObjArtID="71" Merkmal="0.0" ObjInfo="890175\Penthouse, 3 Bäd, 50 m² Terr. Kamin"/>
  <Objekte ObjID="15969" ObjAufnahme="2001-10-09" ObjLetztKontakt="2001-10-09" ObjStrasseID="10955" ObjHausnummer="Bernhard-Lohmüller-Straße 41" ObjVorlage="2013-09-11 00:00:00.0" ObKeinKontakt="5" ObjArtID="24" Merkmal="0.0"/>
  <Objekte ObjID="15970" ObjAufnahme="2001-10-09" ObjLetztKontakt="2001-10-09" ObjStrasseID="10956" ObjHausnummer="Lange Straße 31" ObjVorlage="2013-09-11 00:00:00.0" ObKeinKontakt="5" ObjArtID="5" Merkmal="0.0"/>
  <Objekte ObjID="15971" ObjAufnahme="2001-10-09" ObjLetztKontakt="2001-10-09" ObjStrasseID="10956" ObjHausnummer="Lange Straße 33" ObjVorlage="2013-09-11 00:00:00.0" ObKeinKontakt="5" ObjArtID="5" Merkmal="0.0"/>
  <Objekte ObjID="15972" ObjAufnahme="2001-10-10" ObjLetztKontakt="2001-10-10" ObjStrasseID="10959" ObjHausnummer="Erlenweg 4B" ObjVorlage="2013-09-11 00:00:00.0" ObKeinKontakt="5" ObjArtID="8" Merkmal="0.0"/>
  <Objekte ObjID="15973" ObjAufnahme="2001-10-10" ObjLetztKontakt="2001-10-10" ObjStrasseID="10269" ObjHausnummer="Im Hammfeld 3" ObjVorlage="2013-09-11 00:00:00.0" ObKeinKontakt="5" ObjArtID="8" Merkmal="0.0"/>
  <Objekte ObjID="15974" ObjAufnahme="2001-10-10" ObjLetztKontakt="2001-10-10" ObjStrasseID="8204" ObjHausnummer="Sohnreystraße 6" ObjVorlage="2013-09-11 00:00:00.0" ObKeinKontakt="9" ObjArtID="173" Merkmal="0.0" ObjInfo="21081\Blk. Gartennutzung"/>
  <Objekte ObjID="15976" ObjAufnahme="2001-10-10" ObjLetztKontakt="2001-10-10" ObjStrasseID="7406" ObjHausnummer="Lister Meile 35" ObjVorlage="2013-09-11 00:00:00.0" ObKeinKontakt="9" ObjArtID="161" Merkmal="0.0" ObjInfo="688164\Wintergarten Da.Terr."/>
  <Objekte ObjID="15977" ObjAufnahme="2001-10-10" ObjLetztKontakt="2001-10-10" ObjStrasseID="7406" ObjHausnummer="Lister Meile 35A" ObjVorlage="2013-09-11 00:00:00.0" ObKeinKontakt="9" ObjArtID="166" Merkmal="0.0" ObjInfo="583187\Terrasse"/>
  <Objekte ObjID="15978" ObjAufnahme="2001-10-11" ObjLetztKontakt="2001-10-11" ObjStrasseID="5767" ObjHausnummer="An der Lister Kirche 1" ObjVorlage="2013-09-11 00:00:00.0" ObKeinKontakt="9" ObjArtID="160" Merkmal="0.0" ObjInfo="365115\Dach Terrasse möglich"/>
  <Objekte ObjID="15979" ObjAufnahme="2001-10-11" ObjLetztKontakt="2001-10-11" ObjStrasseID="6936" ObjHausnummer="Hugo-Preuß-Straße 10" ObjVorlage="2013-09-11 00:00:00.0" ObKeinKontakt="9" ObjArtID="56" Merkmal="0.0" ObjInfo="319106\12 m² West-Terr. &amp; Blk"/>
  <Objekte ObjID="15980" ObjAufnahme="2001-10-11" ObjLetztKontakt="2001-11-12" ObjStrasseID="8637" ObjHausnummer="Wilhelmstraße 21" ObjVorlage="2013-09-11 00:00:00.0" ObKeinKontakt="9" ObjArtID="171" Merkmal="0.0" ObjInfo="380108\TG Wi-Ga"/>
  <Objekte ObjID="15981" ObjAufnahme="2001-10-11" ObjLetztKontakt="2001-10-11" ObjStrasseID="8637" ObjHausnummer="Wilhelmstraße 15" ObjVorlage="2013-09-11 00:00:00.0" ObKeinKontakt="5" ObjArtID="171" Merkmal="0.0"/>
  <Objekte ObjID="15982" ObjAufnahme="2001-10-11" ObjLetztKontakt="2001-10-11" ObjStrasseID="8637" ObjHausnummer="Wilhelmstraße 21" ObjVorlage="2013-09-11 00:00:00.0" ObKeinKontakt="5" ObjArtID="55" Merkmal="0.0"/>
  <Objekte ObjID="15983" ObjAufnahme="2001-10-12" ObjLetztKontakt="2001-10-12" ObjStrasseID="10963" ObjHausnummer="Kuckuckskamp 61" ObjVorlage="2013-09-11 00:00:00.0" ObKeinKontakt="1" ObjArtID="22" Merkmal="0.0"/>
  <Objekte ObjID="15984" ObjAufnahme="2001-10-13" ObjLetztKontakt="2001-10-13" ObjStrasseID="8991" ObjHausnummer="Debberode 93" ObjVorlage="2013-09-11 00:00:00.0" ObKeinKontakt="1" ObjArtID="24" Merkmal="0.0"/>
  <Objekte ObjID="15985" ObjAufnahme="2001-10-15" ObjLetztKontakt="2001-10-15" ObjStrasseID="10964" ObjHausnummer="Am Messeweg 18D" ObjVorlage="2013-09-11 00:00:00.0" ObKeinKontakt="5" ObjArtID="8" Merkmal="0.0"/>
  <Objekte ObjID="15986" ObjAufnahme="2001-10-15" ObjLetztKontakt="2001-10-15" ObjStrasseID="8505" ObjHausnummer="Walderseestraße 25" ObjVorlage="2013-09-11 00:00:00.0" ObKeinKontakt="9" ObjArtID="251" Merkmal="0.0" ObjInfo="1000231\2 Terr, TG"/>
  <Objekte ObjID="15987" ObjAufnahme="2001-10-16" ObjLetztKontakt="2001-10-16" ObjStrasseID="4762" ObjHausnummer="Spitzwegstraße 12" ObjVorlage="2013-09-11 00:00:00.0" ObKeinKontakt="1" ObjArtID="8" Merkmal="0.0"/>
  <Objekte ObjID="15988" ObjAufnahme="2001-10-16" ObjLetztKontakt="2001-10-16" ObjStrasseID="4431" ObjHausnummer="Paul-Ehrlich-Straße 31" ObjVorlage="2013-09-11 00:00:00.0" ObKeinKontakt="1" ObjArtID="22" Merkmal="0.0"/>
  <Objekte ObjID="15989" ObjAufnahme="2001-10-16" ObjLetztKontakt="2001-10-16" ObjStrasseID="10972" ObjHausnummer="Redderser Straße 5" ObjVorlage="2013-09-11 00:00:00.0" ObKeinKontakt="1" ObjArtID="1" Merkmal="0.0"/>
  <Objekte ObjID="15990" ObjAufnahme="2001-10-16" ObjLetztKontakt="2001-10-16" ObjStrasseID="9239" ObjHausnummer="Bremer Straße 10" ObjVorlage="2013-09-11 00:00:00.0" ObKeinKontakt="1" ObjArtID="1" Merkmal="0.0"/>
  <Objekte ObjID="15991" ObjAufnahme="2001-10-17" ObjLetztKontakt="2001-10-17" ObjStrasseID="7169" ObjHausnummer="Kleine Düwelstraße 24" ObjVorlage="2013-09-11 00:00:00.0" ObKeinKontakt="1" ObjArtID="1" Merkmal="0.0"/>
  <Objekte ObjID="15992" ObjAufnahme="2001-10-17" ObjLetztKontakt="2001-10-17" ObjStrasseID="7210" ObjHausnummer="Kollenrodtstraße 56" ObjVorlage="2013-09-11 00:00:00.0" ObKeinKontakt="9" ObjArtID="57" Merkmal="0.0" ObjInfo="525150\Blk. Gartenzug.N-W"/>
  <Objekte ObjID="15993" ObjAufnahme="2001-10-19" ObjLetztKontakt="2001-10-19" ObjStrasseID="7770" ObjHausnummer="Pfalzstraße 6" ObjVorlage="2013-09-11 00:00:00.0" ObKeinKontakt="9" ObjArtID="97" Merkmal="0.0" ObjInfo="26075\s-Blk"/>
  <Objekte ObjID="15994" ObjAufnahme="2001-10-19" ObjLetztKontakt="2001-10-19" ObjStrasseID="2819" ObjHausnummer="Adelheidstraße 9A" ObjVorlage="2013-09-11 00:00:00.0" ObKeinKontakt="9" ObjArtID="55" Merkmal="0.0" ObjInfo="28082\S-Blk"/>
  <Objekte ObjID="15995" ObjAufnahme="2001-10-19" ObjLetztKontakt="2001-10-19" ObjStrasseID="6213" ObjHausnummer="Devrientstraße 12A" ObjVorlage="2013-09-11 00:00:00.0" ObKeinKontakt="9" ObjArtID="112" Merkmal="0.0" ObjInfo="349145\Da-Terr mögl Süd"/>
  <Objekte ObjID="15996" ObjAufnahme="2001-10-19" ObjLetztKontakt="2001-10-19" ObjStrasseID="7169" ObjHausnummer="Kleine Düwelstraße 4" ObjVorlage="2013-09-11 00:00:00.0" ObKeinKontakt="9" ObjArtID="118" Merkmal="0.0" ObjInfo="22182\S-Blk"/>
  <Objekte ObjID="15997" ObjAufnahme="2001-10-19" ObjLetztKontakt="2001-10-19" ObjStrasseID="7169" ObjHausnummer="Kleine Düwelstraße 4" ObjVorlage="2013-09-11 00:00:00.0" ObKeinKontakt="9" ObjArtID="110" Merkmal="0.0" ObjInfo="15156\"/>
  <Objekte ObjID="15998" ObjAufnahme="2001-10-19" ObjLetztKontakt="2001-10-19" ObjStrasseID="7169" ObjHausnummer="Kleine Düwelstraße 4" ObjVorlage="2013-09-11 00:00:00.0" ObKeinKontakt="9" ObjArtID="82" Merkmal="0.0" ObjInfo="18970\S-Blk"/>
  <Objekte ObjID="15999" ObjAufnahme="2001-10-19" ObjLetztKontakt="2001-10-19" ObjStrasseID="6875" ObjHausnummer="Hildesheimer Straße 339" ObjVorlage="2013-09-11 00:00:00.0" ObKeinKontakt="9" ObjArtID="77" Merkmal="0.0" ObjInfo="375162\k.Blk."/>
  <Objekte ObjID="16000" ObjAufnahme="2001-10-23" ObjLetztKontakt="2001-10-23" ObjStrasseID="8220" ObjHausnummer="Spannhagengarten 15" ObjVorlage="2013-09-11 00:00:00.0" ObKeinKontakt="9" ObjArtID="105" Merkmal="0.0" ObjInfo="348124\O-Blk"/>
  <Objekte ObjID="16001" ObjAufnahme="2001-10-25" ObjLetztKontakt="2001-10-25" ObjStrasseID="7672" ObjHausnummer="Oesterleystraße 4" ObjVorlage="2013-09-11 00:00:00.0" ObKeinKontakt="9" ObjArtID="99" Merkmal="0.0" ObjInfo="365131\Blk. Ost u. West-Nord-West"/>
  <Objekte ObjID="16002" ObjAufnahme="2001-10-25" ObjLetztKontakt="2001-10-25" ObjStrasseID="10942" ObjHausnummer="Ortskamp 32" ObjVorlage="2013-09-11 00:00:00.0" ObKeinKontakt="1" ObjArtID="21" Merkmal="0.0"/>
  <Objekte ObjID="16003" ObjAufnahme="2001-10-26" ObjLetztKontakt="2001-10-26" ObjStrasseID="10957" ObjHausnummer="Kreithwinkel 22" ObjVorlage="2013-09-11 00:00:00.0" ObKeinKontakt="1" ObjArtID="22" Merkmal="0.0"/>
  <Objekte ObjID="16004" ObjAufnahme="2001-10-26" ObjLetztKontakt="2001-10-26" ObjStrasseID="7240" ObjHausnummer="Kothöferdamm 6" ObjVorlage="2013-09-11 00:00:00.0" ObKeinKontakt="1" ObjArtID="8" Merkmal="0.0"/>
  <Objekte ObjID="16005" ObjAufnahme="2001-10-26" ObjLetztKontakt="2001-10-26" ObjStrasseID="5550" ObjHausnummer="Ahlemer Waldstraße 17" ObjVorlage="2013-09-11 00:00:00.0" ObKeinKontakt="1" ObjArtID="8" Merkmal="0.0"/>
  <Objekte ObjID="16006" ObjAufnahme="2001-10-30" ObjLetztKontakt="2001-10-30" ObjStrasseID="11001" ObjHausnummer="Rosenstrasse 13" ObjVorlage="2013-09-11 00:00:00.0" ObKeinKontakt="1" ObjArtID="22" Merkmal="0.0"/>
  <Objekte ObjID="16007" ObjAufnahme="2001-10-30" ObjLetztKontakt="2001-10-30" ObjStrasseID="11001" ObjHausnummer="Rosenstrasse 30" ObjVorlage="2013-09-11 00:00:00.0" ObKeinKontakt="1" ObjArtID="22" Merkmal="0.0"/>
  <Objekte ObjID="16008" ObjAufnahme="2001-10-30" ObjLetztKontakt="2001-10-30" ObjStrasseID="8616" ObjHausnummer="Wieselpfad 29" ObjVorlage="2013-09-11 00:00:00.0" ObKeinKontakt="1" ObjArtID="24" Merkmal="0.0"/>
  <Objekte ObjID="16009" ObjAufnahme="2001-11-02" ObjLetztKontakt="2001-11-02" ObjStrasseID="11007" ObjHausnummer="Mühlenrär 10" ObjVorlage="2013-09-11 00:00:00.0" ObKeinKontakt="1" ObjArtID="8" Merkmal="0.0"/>
  <Objekte ObjID="16010" ObjAufnahme="2001-11-05" ObjLetztKontakt="2001-11-05" ObjStrasseID="6522" ObjHausnummer="Gartenheimstraße 32A" ObjVorlage="2013-09-11 00:00:00.0" ObKeinKontakt="1" ObjArtID="22" Merkmal="0.0"/>
  <Objekte ObjID="16011" ObjAufnahme="2001-11-06" ObjLetztKontakt="2001-11-06" ObjStrasseID="5767" ObjHausnummer="An der Lister Kirche 2" ObjVorlage="2013-09-11 00:00:00.0" ObKeinKontakt="9" ObjArtID="77" Merkmal="0.0" ObjInfo="490140\ 2 Blk N-O , S-W"/>
  <Objekte ObjID="16012" ObjAufnahme="2001-11-08" ObjLetztKontakt="2001-11-08" ObjStrasseID="5613" ObjHausnummer="Am Deichhof 6" ObjVorlage="2013-09-11 00:00:00.0" ObKeinKontakt="9" ObjArtID="77" Merkmal="0.0" ObjInfo="690188\Südterr.Südblk.2TG"/>
  <Objekte ObjID="16013" ObjAufnahme="2001-11-09" ObjLetztKontakt="2001-11-09" ObjStrasseID="6247" ObjHausnummer="Dorfmarkhof 12" ObjVorlage="2013-09-11 00:00:00.0" ObKeinKontakt="1" ObjArtID="22" Merkmal="0.0"/>
  <Objekte ObjID="16014" ObjAufnahme="2001-11-09" ObjLetztKontakt="2001-11-09" ObjStrasseID="8355" ObjHausnummer="Thea-Bähnisch-Weg 19" ObjVorlage="2013-09-11 00:00:00.0" ObKeinKontakt="5" ObjArtID="24" Merkmal="0.0"/>
  <Objekte ObjID="16015" ObjAufnahme="2001-11-12" ObjLetztKontakt="2001-11-12" ObjStrasseID="8352" ObjHausnummer="Tessenowweg 5A" ObjVorlage="2013-09-11 00:00:00.0" ObKeinKontakt="1" ObjArtID="8" Merkmal="0.0"/>
  <Objekte ObjID="16016" ObjAufnahme="2001-11-13" ObjLetztKontakt="2001-11-13" ObjStrasseID="6764" ObjHausnummer="Hauffstraße 17" ObjVorlage="2013-09-11 00:00:00.0" ObKeinKontakt="9" ObjArtID="82" Merkmal="0.0" ObjInfo="13856\Blk W"/>
  <Objekte ObjID="16017" ObjAufnahme="2001-11-14" ObjLetztKontakt="2001-11-14" ObjStrasseID="11040" ObjHausnummer="Lichtenberger Straße 1" ObjVorlage="2013-09-11 00:00:00.0" ObKeinKontakt="1" ObjArtID="5" Merkmal="0.0"/>
  <Objekte ObjID="16018" ObjAufnahme="2001-11-16" ObjLetztKontakt="2001-11-16" ObjStrasseID="4096" ObjHausnummer="Lahriede 23" ObjVorlage="2013-09-11 00:00:00.0" ObKeinKontakt="1" ObjArtID="8" Merkmal="0.0"/>
  <Objekte ObjID="16019" ObjAufnahme="2001-11-16" ObjLetztKontakt="2001-11-16" ObjStrasseID="11022" ObjHausnummer="Mesters Hof 2" ObjVorlage="2013-09-11 00:00:00.0" ObKeinKontakt="1" ObjArtID="8" Merkmal="0.0"/>
  <Objekte ObjID="16020" ObjAufnahme="2001-11-20" ObjLetztKontakt="2001-11-20" ObjStrasseID="11007" ObjHausnummer="Mühlenrär 5" ObjVorlage="2013-09-11 00:00:00.0" ObKeinKontakt="1" ObjArtID="24" Merkmal="0.0"/>
  <Objekte ObjID="16021" ObjAufnahme="2001-11-20" ObjLetztKontakt="2001-11-20" ObjStrasseID="7528" ObjHausnummer="Merianweg 2" ObjVorlage="2013-09-11 00:00:00.0" ObKeinKontakt="1" ObjArtID="3" Merkmal="0.0"/>
  <Objekte ObjID="16022" ObjAufnahme="2001-11-21" ObjLetztKontakt="2001-11-21" ObjStrasseID="7424" ObjHausnummer="Lothringer Straße 26" ObjVorlage="2013-09-11 00:00:00.0" ObKeinKontakt="6" ObjArtID="8" Merkmal="0.0"/>
  <Objekte ObjID="16023" ObjAufnahme="2001-11-21" ObjLetztKontakt="2001-11-21" ObjStrasseID="6335" ObjHausnummer="Ellernstraße 41" ObjVorlage="2013-09-11 00:00:00.0" ObKeinKontakt="1" ObjArtID="165" Merkmal="0.0"/>
  <Objekte ObjID="16024" ObjAufnahme="2001-11-23" ObjLetztKontakt="2001-11-23" ObjStrasseID="9285" ObjHausnummer="Osterwalder Straße 177A" ObjVorlage="2013-09-11 00:00:00.0" ObKeinKontakt="1" ObjArtID="8" Merkmal="0.0"/>
  <Objekte ObjID="16025" ObjAufnahme="2001-11-23" ObjLetztKontakt="2001-11-23" ObjStrasseID="9285" ObjHausnummer="Osterwalder Straße 117A" ObjVorlage="2013-09-11 00:00:00.0" ObKeinKontakt="1" ObjArtID="8" Merkmal="0.0"/>
  <Objekte ObjID="16026" ObjAufnahme="2001-11-24" ObjLetztKontakt="2001-11-24" ObjStrasseID="6421" ObjHausnummer="Fischteichweg 16" ObjVorlage="2013-09-11 00:00:00.0" ObKeinKontakt="1" ObjArtID="22" Merkmal="0.0"/>
  <Objekte ObjID="16027" ObjAufnahme="2001-11-24" ObjLetztKontakt="2001-11-24" ObjStrasseID="7950" ObjHausnummer="Rosenweg 15" ObjVorlage="2013-09-11 00:00:00.0" ObKeinKontakt="1" ObjArtID="22" Merkmal="0.0"/>
  <Objekte ObjID="16028" ObjAufnahme="2001-11-24" ObjLetztKontakt="2001-11-24" ObjStrasseID="8908" ObjHausnummer="Oppelner Straße 25" ObjVorlage="2013-09-11 00:00:00.0" ObKeinKontakt="1" ObjArtID="8" Merkmal="0.0"/>
  <Objekte ObjID="16029" ObjAufnahme="2001-11-24" ObjLetztKontakt="2001-11-24" ObjStrasseID="7435" ObjHausnummer="Ludwig-Barnay-Straße 9" ObjVorlage="2013-09-11 00:00:00.0" ObKeinKontakt="1" ObjArtID="91" Merkmal="0.0"/>
  <Objekte ObjID="16030" ObjAufnahme="2001-11-26" ObjLetztKontakt="2001-11-26" ObjStrasseID="7818" ObjHausnummer="Prinzenstraße 10" ObjVorlage="2013-09-11 00:00:00.0" ObKeinKontakt="1" ObjArtID="5" Merkmal="0.0"/>
  <Objekte ObjID="16031" ObjAufnahme="2001-11-27" ObjLetztKontakt="2001-11-27" ObjStrasseID="10983" ObjHausnummer="Werlhofstrasse 6" ObjVorlage="2013-09-11 00:00:00.0" ObKeinKontakt="3" ObjArtID="176" Merkmal="0.0"/>
  <Objekte ObjID="16032" ObjAufnahme="2001-11-28" ObjLetztKontakt="2001-11-28" ObjStrasseID="6569" ObjHausnummer="Girlitzpark 62" ObjVorlage="2013-09-11 00:00:00.0" ObKeinKontakt="5" ObjArtID="21" Merkmal="0.0"/>
  <Objekte ObjID="16033" ObjAufnahme="2001-11-29" ObjLetztKontakt="2001-11-29" ObjStrasseID="6858" ObjHausnummer="Herrenhäuser Straße 57" ObjVorlage="2013-09-11 00:00:00.0" ObKeinKontakt="6" ObjArtID="83" Merkmal="0.0" ObjInfo="320106\S-Blk.Grg"/>
  <Objekte ObjID="16034" ObjAufnahme="2001-12-04" ObjLetztKontakt="2001-12-04" ObjStrasseID="5918" ObjHausnummer="Bergiusstraße 28" ObjVorlage="2013-09-11 00:00:00.0" ObKeinKontakt="1" ObjArtID="173" Merkmal="0.0" ObjInfo="35595\TG West-Terrasse"/>
  <Objekte ObjID="16035" ObjAufnahme="2001-12-04" ObjLetztKontakt="2001-12-04" ObjStrasseID="11055" ObjHausnummer="Glatzer Weg 18" ObjVorlage="2013-09-11 00:00:00.0" ObKeinKontakt="1" ObjArtID="176" Merkmal="0.0"/>
  <Objekte ObjID="16036" ObjAufnahme="2001-12-04" ObjLetztKontakt="2001-12-04" ObjStrasseID="11055" ObjHausnummer="Glatzer Weg 18" ObjVorlage="2013-09-11 00:00:00.0" ObKeinKontakt="1" ObjArtID="176" Merkmal="0.0"/>
  <Objekte ObjID="16037" ObjAufnahme="2001-12-04" ObjLetztKontakt="2001-12-04" ObjStrasseID="6509" ObjHausnummer="Fürstenwalder Straße 4" ObjVorlage="2013-09-11 00:00:00.0" ObKeinKontakt="1" ObjArtID="229" Merkmal="0.0"/>
  <Objekte ObjID="16038" ObjAufnahme="2001-12-04" ObjLetztKontakt="2001-12-04" ObjStrasseID="6875" ObjHausnummer="Hildesheimer Straße 339" ObjVorlage="2013-09-11 00:00:00.0" ObKeinKontakt="1" ObjArtID="98" Merkmal="0.0"/>
  <Objekte ObjID="16039" ObjAufnahme="2001-12-05" ObjLetztKontakt="2001-12-05" ObjStrasseID="7169" ObjHausnummer="Kleine Düwelstraße 4" ObjVorlage="2013-09-11 00:00:00.0" ObKeinKontakt="9" ObjArtID="67" Merkmal="0.0" ObjInfo="10840\"/>
  <Objekte ObjID="16040" ObjAufnahme="2001-12-10" ObjLetztKontakt="2001-12-10" ObjStrasseID="9128" ObjHausnummer="Am Sportfeld 8" ObjVorlage="2013-09-11 00:00:00.0" ObKeinKontakt="1" ObjArtID="8" Merkmal="0.0"/>
  <Objekte ObjID="16041" ObjAufnahme="2001-12-11" ObjLetztKontakt="2001-12-11" ObjStrasseID="9752" ObjHausnummer="Im Felde 10" ObjVorlage="2013-09-11 00:00:00.0" ObKeinKontakt="1" ObjArtID="176" Merkmal="0.0"/>
  <Objekte ObjID="16042" ObjAufnahme="2001-12-11" ObjLetztKontakt="2001-12-11" ObjStrasseID="6779" ObjHausnummer="Hegelstraße 5" ObjVorlage="2013-09-11 00:00:00.0" ObKeinKontakt="9" ObjArtID="201" Merkmal="0.0" ObjInfo="35075\"/>
  <Objekte ObjID="16043" ObjAufnahme="2001-12-12" ObjLetztKontakt="2001-12-12" ObjStrasseID="6215" ObjHausnummer="Dieckbornstraße 1" ObjVorlage="2013-09-11 00:00:00.0" ObKeinKontakt="9" ObjArtID="62" Merkmal="0.0" ObjInfo="11561\"/>
  <Objekte ObjID="16044" ObjAufnahme="2001-12-12" ObjLetztKontakt="2001-12-12" ObjStrasseID="6195" ObjHausnummer="Davenstedter Straße 40" ObjVorlage="2013-09-11 00:00:00.0" ObKeinKontakt="9" ObjArtID="119" Merkmal="0.0" ObjInfo="220100\"/>
  <Objekte ObjID="16045" ObjAufnahme="2001-12-12" ObjLetztKontakt="2001-12-12" ObjStrasseID="7916" ObjHausnummer="Rodenstraße 12" ObjVorlage="2013-09-11 00:00:00.0" ObKeinKontakt="9" ObjArtID="54" Merkmal="0.0" ObjInfo="17553\"/>
  <Objekte ObjID="16046" ObjAufnahme="2001-12-12" ObjLetztKontakt="2001-12-12" ObjStrasseID="6443" ObjHausnummer="Fössestraße 97" ObjVorlage="2013-09-11 00:00:00.0" ObKeinKontakt="9" ObjArtID="167" Merkmal="0.0" ObjInfo="25096\S-Blk"/>
  <Objekte ObjID="16047" ObjAufnahme="2001-12-12" ObjLetztKontakt="2001-12-12" ObjStrasseID="6268" ObjHausnummer="Droehnenstraße 35" ObjVorlage="2013-09-11 00:00:00.0" ObKeinKontakt="9" ObjArtID="166" Merkmal="0.0" ObjInfo="295112\S-W-Loggia"/>
  <Objekte ObjID="16048" ObjAufnahme="2001-12-13" ObjLetztKontakt="2001-12-13" ObjStrasseID="10950" ObjHausnummer="Hölderlinweg 79A" ObjVorlage="2013-09-11 00:00:00.0" ObKeinKontakt="1" ObjArtID="24" Merkmal="0.0"/>
  <Objekte ObjID="16049" ObjAufnahme="2001-12-14" ObjLetztKontakt="2001-12-14" ObjStrasseID="9899" ObjHausnummer="Dahlemer Straße 4" ObjVorlage="2013-09-11 00:00:00.0" ObKeinKontakt="1" ObjArtID="22" Merkmal="0.0"/>
  <Objekte ObjID="16050" ObjAufnahme="2001-12-17" ObjLetztKontakt="2001-12-17" ObjStrasseID="7176" ObjHausnummer="Kleiststraße 11" ObjVorlage="2013-09-11 00:00:00.0" ObKeinKontakt="1" ObjArtID="246" Merkmal="0.0"/>
  <Objekte ObjID="16051" ObjAufnahme="2001-12-20" ObjLetztKontakt="2001-12-20" ObjStrasseID="11115" ObjHausnummer="Landstraße 28" ObjVorlage="2013-09-11 00:00:00.0" ObKeinKontakt="9" ObjArtID="8" Merkmal="0.0"/>
  <Objekte ObjID="16052" ObjAufnahme="2002-01-02" ObjLetztKontakt="2002-01-02" ObjStrasseID="5717" ObjHausnummer="Am Südhang 14" ObjVorlage="2013-09-11 00:00:00.0" ObKeinKontakt="1" ObjArtID="8" Merkmal="0.0"/>
  <Objekte ObjID="16053" ObjAufnahme="2002-01-07" ObjLetztKontakt="2002-01-07" ObjStrasseID="7153" ObjHausnummer="Kirchröder Straße 56" ObjVorlage="2013-09-11 00:00:00.0" ObKeinKontakt="9" ObjArtID="1" Merkmal="0.0"/>
  <Objekte ObjID="16054" ObjAufnahme="2002-01-11" ObjLetztKontakt="2002-01-11" ObjStrasseID="6878" ObjHausnummer="Hindenburgstraße 15" ObjVorlage="2013-09-11 00:00:00.0" ObKeinKontakt="1" ObjArtID="212" Merkmal="0.0"/>
  <Objekte ObjID="16055" ObjAufnahme="2002-01-17" ObjLetztKontakt="2002-01-17" ObjStrasseID="11140" ObjHausnummer="Gut Lohne 14" ObjVorlage="2013-09-11 00:00:00.0" ObKeinKontakt="1" ObjArtID="8" Merkmal="0.0"/>
  <Objekte ObjID="16056" ObjAufnahme="2002-01-18" ObjLetztKontakt="2002-01-18" ObjStrasseID="7695" ObjHausnummer="Ossietzkyring 33" ObjVorlage="2013-09-11 00:00:00.0" ObKeinKontakt="7" ObjArtID="8" Merkmal="0.0"/>
  <Objekte ObjID="16057" ObjAufnahme="2002-01-21" ObjLetztKontakt="2002-01-21" ObjStrasseID="11144" ObjHausnummer="Weidenweg 2" ObjVorlage="2013-09-11 00:00:00.0" ObKeinKontakt="7" ObjArtID="8" Merkmal="0.0"/>
  <Objekte ObjID="16058" ObjAufnahme="2002-02-01" ObjLetztKontakt="2002-02-01" ObjStrasseID="4374" ObjHausnummer="Oestbergweg 14" ObjVorlage="2013-09-11 00:00:00.0" ObKeinKontakt="5" ObjArtID="8" Merkmal="0.0"/>
  <Objekte ObjID="16059" ObjAufnahme="2002-02-01" ObjLetztKontakt="2002-02-01" ObjStrasseID="8269" ObjHausnummer="Steinbruchstraße 8A" ObjVorlage="2013-09-11 00:00:00.0" ObKeinKontakt="5" ObjArtID="8" Merkmal="0.0"/>
  <Objekte ObjID="16060" ObjAufnahme="2002-02-05" ObjLetztKontakt="2002-02-05" ObjStrasseID="8510" ObjHausnummer="Waldstraße 19B" ObjVorlage="2013-09-11 00:00:00.0" ObKeinKontakt="5" ObjArtID="83" Merkmal="0.0"/>
  <Objekte ObjID="16061" ObjAufnahme="2002-02-07" ObjLetztKontakt="2002-02-07" ObjStrasseID="11012" ObjHausnummer="Im Rosenhag 26" ObjVorlage="2013-09-11 00:00:00.0" ObKeinKontakt="5" ObjArtID="22" Merkmal="0.0"/>
  <Objekte ObjID="16062" ObjAufnahme="2002-02-13" ObjLetztKontakt="2002-02-13" ObjStrasseID="9205" ObjHausnummer="Kaliweg 10" ObjVorlage="2013-09-11 00:00:00.0" ObKeinKontakt="5" ObjArtID="21" Merkmal="0.0"/>
  <Objekte ObjID="16063" ObjAufnahme="2002-02-13" ObjLetztKontakt="2002-02-13" ObjStrasseID="5831" ObjHausnummer="Auf dem Grethel 1" ObjVorlage="2013-09-11 00:00:00.0" ObKeinKontakt="5" ObjArtID="8" Merkmal="0.0"/>
  <Objekte ObjID="16064" ObjAufnahme="2002-02-14" ObjLetztKontakt="2002-02-14" ObjStrasseID="6210" ObjHausnummer="Detmoldstraße 3" ObjVorlage="2013-09-11 00:00:00.0" ObKeinKontakt="1" ObjArtID="83" Merkmal="0.0"/>
  <Objekte ObjID="16065" ObjAufnahme="2002-02-14" ObjLetztKontakt="2002-02-14" ObjStrasseID="9277" ObjHausnummer="Seeadlerring 11" ObjVorlage="2013-09-11 00:00:00.0" ObKeinKontakt="5" ObjArtID="176" Merkmal="0.0"/>
  <Objekte ObjID="16066" ObjAufnahme="2002-02-19" ObjLetztKontakt="2002-02-19" ObjStrasseID="11128" ObjHausnummer="Osterwalder Straße 177A" ObjVorlage="2013-09-11 00:00:00.0" ObKeinKontakt="1" ObjArtID="8" Merkmal="0.0"/>
  <Objekte ObjID="16067" ObjAufnahme="2002-02-20" ObjLetztKontakt="2002-02-20" ObjStrasseID="5875" ObjHausnummer="Bartold-Knaust-Straße 55" ObjVorlage="2013-09-11 00:00:00.0" ObKeinKontakt="1" ObjArtID="21" Merkmal="0.0"/>
  <Objekte ObjID="16068" ObjAufnahme="2002-02-21" ObjLetztKontakt="2002-02-21" ObjStrasseID="10098" ObjHausnummer="Weserweg 56" ObjVorlage="2013-09-11 00:00:00.0" ObKeinKontakt="5" ObjArtID="176" Merkmal="0.0"/>
  <Objekte ObjID="16069" ObjAufnahme="2002-02-22" ObjLetztKontakt="2002-02-22" ObjStrasseID="7393" ObjHausnummer="Lindener Weg 40C" ObjVorlage="2013-09-11 00:00:00.0" ObKeinKontakt="5" ObjArtID="21" Merkmal="0.0"/>
  <Objekte ObjID="16070" ObjAufnahme="2002-02-25" ObjLetztKontakt="2002-02-25" ObjStrasseID="10785" ObjHausnummer="Arnumer Straße 5B" ObjVorlage="2013-09-11 00:00:00.0" ObKeinKontakt="1" ObjArtID="8" Merkmal="0.0"/>
  <Objekte ObjID="16071" ObjAufnahme="2002-02-26" ObjLetztKontakt="2002-02-26" ObjStrasseID="11009" ObjHausnummer="Harkenbleckerstrasse 10" ObjVorlage="2013-09-11 00:00:00.0" ObKeinKontakt="1" ObjArtID="21" Merkmal="0.0"/>
  <Objekte ObjID="16072" ObjAufnahme="2002-02-27" ObjLetztKontakt="2002-02-27" ObjStrasseID="11222" ObjHausnummer="Eduard-Mörike-Straße 13" ObjVorlage="2013-09-11 00:00:00.0" ObKeinKontakt="5" ObjArtID="1" Merkmal="0.0"/>
  <Objekte ObjID="16073" ObjAufnahme="2002-03-05" ObjLetztKontakt="2002-03-05" ObjStrasseID="6479" ObjHausnummer="Friedrich-Ebert-Straße 20" ObjVorlage="2013-09-11 00:00:00.0" ObKeinKontakt="5" ObjArtID="14" Merkmal="0.0"/>
  <Objekte ObjID="16074" ObjAufnahme="2002-03-07" ObjLetztKontakt="2002-03-07" ObjStrasseID="8267" ObjHausnummer="Steimbker Hof 9" ObjVorlage="2013-09-11 00:00:00.0" ObKeinKontakt="5" ObjArtID="193" Merkmal="0.0"/>
  <Objekte ObjID="16075" ObjAufnahme="2002-03-12" ObjLetztKontakt="2002-03-12" ObjStrasseID="4695" ObjHausnummer="Schumannstraße 5" ObjVorlage="2013-09-11 00:00:00.0" ObKeinKontakt="1" ObjArtID="8" Merkmal="0.0"/>
  <Objekte ObjID="16076" ObjAufnahme="2002-03-13" ObjLetztKontakt="2002-03-13" ObjStrasseID="6353" ObjHausnummer="Entenfangweg 14" ObjVorlage="2013-09-11 00:00:00.0" ObKeinKontakt="5" ObjArtID="8" Merkmal="0.0"/>
  <Objekte ObjID="16077" ObjAufnahme="2002-03-19" ObjLetztKontakt="2002-03-19" ObjStrasseID="8278" ObjHausnummer="Steintorfeldstraße 9" ObjVorlage="2013-09-11 00:00:00.0" ObKeinKontakt="5" ObjArtID="14" Merkmal="0.0"/>
  <Objekte ObjID="16078" ObjAufnahme="2002-03-20" ObjLetztKontakt="2002-03-20" ObjStrasseID="8485" ObjHausnummer="Voltmerstraße 39" ObjVorlage="2013-09-11 00:00:00.0" ObKeinKontakt="5" ObjArtID="54" Merkmal="0.0"/>
  <Objekte ObjID="16079" ObjAufnahme="2002-03-21" ObjLetztKontakt="2002-03-21" ObjStrasseID="7334" ObjHausnummer="Lehrter Straße 41" ObjVorlage="2013-09-11 00:00:00.0" ObKeinKontakt="1" ObjArtID="153" Merkmal="0.0" ObjInfo="195118\Grg."/>
  <Objekte ObjID="16080" ObjAufnahme="2002-03-22" ObjLetztKontakt="2002-03-22" ObjStrasseID="7486" ObjHausnummer="Marschnerstraße 20" ObjVorlage="2013-09-11 00:00:00.0" ObKeinKontakt="1" ObjArtID="14" Merkmal="0.0"/>
  <Objekte ObjID="16081" ObjAufnahme="2002-03-22" ObjLetztKontakt="2002-09-12" ObjStrasseID="7242" ObjHausnummer="Kötnerholzweg 25" ObjVorlage="2013-09-11 00:00:00.0" ObKeinKontakt="1" ObjArtID="127" Merkmal="0.0" ObjInfo="189160\Terr."/>
  <Objekte ObjID="16082" ObjAufnahme="2002-03-22" ObjLetztKontakt="2002-03-22" ObjStrasseID="4635" ObjHausnummer="Scheelenkamp 17" ObjVorlage="2013-09-11 00:00:00.0" ObKeinKontakt="1" ObjArtID="8" Merkmal="0.0"/>
  <Objekte ObjID="16083" ObjAufnahme="2002-03-25" ObjLetztKontakt="2002-03-25" ObjStrasseID="6264" ObjHausnummer="Drenkriede 2" ObjVorlage="2013-09-11 00:00:00.0" ObKeinKontakt="1" ObjArtID="24" Merkmal="0.0"/>
  <Objekte ObjID="16084" ObjAufnahme="2002-03-25" ObjLetztKontakt="2002-03-25" ObjStrasseID="7580" ObjHausnummer="Müdener Weg 63" ObjVorlage="2013-09-11 00:00:00.0" ObKeinKontakt="1" ObjArtID="8" Merkmal="0.0"/>
  <Objekte ObjID="16085" ObjAufnahme="2002-03-25" ObjLetztKontakt="2002-03-25" ObjStrasseID="11274" ObjHausnummer="Grimmstraße 7" ObjVorlage="2013-09-11 00:00:00.0" ObKeinKontakt="1" ObjArtID="8" Merkmal="0.0"/>
  <Objekte ObjID="16086" ObjAufnahme="2002-03-26" ObjLetztKontakt="2002-03-26" ObjStrasseID="6676" ObjHausnummer="Güntherstraße 26" ObjVorlage="2013-09-11 00:00:00.0" ObKeinKontakt="1" ObjArtID="166" Merkmal="0.0" ObjInfo="340140\Blk."/>
  <Objekte ObjID="16087" ObjAufnahme="2002-03-27" ObjLetztKontakt="2002-03-27" ObjStrasseID="6157" ObjHausnummer="Constantinstraße 33" ObjVorlage="2013-09-11 00:00:00.0" ObKeinKontakt="1" ObjArtID="97" Merkmal="0.0" ObjInfo="15579\Blk."/>
  <Objekte ObjID="16088" ObjAufnahme="2002-03-28" ObjLetztKontakt="2002-03-28" ObjStrasseID="5628" ObjHausnummer="Am Fuhrenkampe 31" ObjVorlage="2013-09-11 00:00:00.0" ObKeinKontakt="5" ObjArtID="20" Merkmal="0.0"/>
  <Objekte ObjID="16089" ObjAufnahme="2002-04-03" ObjLetztKontakt="2002-04-03" ObjStrasseID="6305" ObjHausnummer="Eichelkampstraße 39A" ObjVorlage="2013-09-11 00:00:00.0" ObKeinKontakt="1" ObjArtID="112" Merkmal="0.0" ObjInfo="11590\Blk."/>
  <Objekte ObjID="16090" ObjAufnahme="2002-04-03" ObjLetztKontakt="2002-04-03" ObjStrasseID="6141" ObjHausnummer="Celler Straße 40" ObjVorlage="2013-09-11 00:00:00.0" ObKeinKontakt="1" ObjArtID="103" Merkmal="0.0" ObjInfo="8453\Blk."/>
  <Objekte ObjID="16091" ObjAufnahme="2002-04-05" ObjLetztKontakt="2002-04-05" ObjStrasseID="8619" ObjHausnummer="Wietzegraben 74A" ObjVorlage="2013-09-11 00:00:00.0" ObKeinKontakt="1" ObjArtID="173" Merkmal="0.0" ObjInfo="9576\SW-Loggia"/>
  <Objekte ObjID="16092" ObjAufnahme="2002-04-05" ObjLetztKontakt="2002-04-05" ObjStrasseID="11291" ObjHausnummer="Allensteiner Straße 5" ObjVorlage="2013-09-11 00:00:00.0" ObKeinKontakt="1" ObjArtID="168" Merkmal="0.0" ObjInfo="240102\Terr."/>
  <Objekte ObjID="16093" ObjAufnahme="2002-04-08" ObjLetztKontakt="2002-04-08" ObjStrasseID="11295" ObjHausnummer="Schubertstraße 19" ObjVorlage="2013-09-11 00:00:00.0" ObKeinKontakt="1" ObjArtID="8" Merkmal="0.0"/>
  <Objekte ObjID="16094" ObjAufnahme="2002-04-08" ObjLetztKontakt="2002-04-08" ObjStrasseID="11255" ObjHausnummer="Im Kurzen Felde 8A" ObjVorlage="2013-09-11 00:00:00.0" ObKeinKontakt="1" ObjArtID="8" Merkmal="0.0"/>
  <Objekte ObjID="16095" ObjAufnahme="2002-04-09" ObjLetztKontakt="2002-04-09" ObjStrasseID="11303" ObjHausnummer="Gustav-Pries-Straße 38" ObjVorlage="2013-09-11 00:00:00.0" ObKeinKontakt="1" ObjArtID="8" Merkmal="0.0"/>
  <Objekte ObjID="16096" ObjAufnahme="2002-04-09" ObjLetztKontakt="2002-04-09" ObjStrasseID="5833" ObjHausnummer="Auf dem Hollen 3" ObjVorlage="2013-09-11 00:00:00.0" ObKeinKontakt="1" ObjArtID="217" Merkmal="0.0" ObjInfo="89.50056\S-Blk."/>
  <Objekte ObjID="16097" ObjAufnahme="2002-04-11" ObjLetztKontakt="2002-04-11" ObjStrasseID="8533" ObjHausnummer="Weberstraße 2" ObjVorlage="2013-09-11 00:00:00.0" ObKeinKontakt="1" ObjArtID="89" Merkmal="0.0"/>
  <Objekte ObjID="16098" ObjAufnahme="2002-04-16" ObjLetztKontakt="2002-04-16" ObjStrasseID="7334" ObjHausnummer="Lehrter Straße 24" ObjVorlage="2013-09-11 00:00:00.0" ObKeinKontakt="1" ObjArtID="153" Merkmal="0.0" ObjInfo="195118\"/>
  <Objekte ObjID="16099" ObjAufnahme="2002-04-16" ObjLetztKontakt="2002-04-16" ObjStrasseID="8267" ObjHausnummer="Steimbker Hof 9" ObjVorlage="2013-09-11 00:00:00.0" ObKeinKontakt="1" ObjArtID="253" Merkmal="0.0"/>
  <Objekte ObjID="16100" ObjAufnahme="2002-04-16" ObjLetztKontakt="2002-04-16" ObjStrasseID="6293" ObjHausnummer="Edenstraße 20" ObjVorlage="2013-09-11 00:00:00.0" ObKeinKontakt="1" ObjArtID="229" Merkmal="0.0"/>
  <Objekte ObjID="16101" ObjAufnahme="2002-04-17" ObjLetztKontakt="2002-04-17" ObjStrasseID="8505" ObjHausnummer="Walderseestraße 15" ObjVorlage="2013-09-11 00:00:00.0" ObKeinKontakt="1" ObjArtID="200" Merkmal="0.0"/>
  <Objekte ObjID="16102" ObjAufnahme="2002-04-17" ObjLetztKontakt="2002-04-17" ObjStrasseID="7236" ObjHausnummer="Körtingstraße 4" ObjVorlage="2013-09-11 00:00:00.0" ObKeinKontakt="1" ObjArtID="166" Merkmal="0.0"/>
  <Objekte ObjID="16103" ObjAufnahme="2002-04-17" ObjLetztKontakt="2002-04-17" ObjStrasseID="6686" ObjHausnummer="Haarstraße 7" ObjVorlage="2013-09-11 00:00:00.0" ObKeinKontakt="1" ObjArtID="47" Merkmal="0.0"/>
  <Objekte ObjID="16104" ObjAufnahme="2002-04-17" ObjLetztKontakt="2002-04-17" ObjStrasseID="6305" ObjHausnummer="Eichelkampstraße 39A" ObjVorlage="2013-09-11 00:00:00.0" ObKeinKontakt="1" ObjArtID="168" Merkmal="0.0"/>
  <Objekte ObjID="16105" ObjAufnahme="2002-04-17" ObjLetztKontakt="2002-04-17" ObjStrasseID="6305" ObjHausnummer="Eichelkampstraße 39A" ObjVorlage="2013-09-11 00:00:00.0" ObKeinKontakt="1" ObjArtID="133" Merkmal="0.0"/>
  <Objekte ObjID="16106" ObjAufnahme="2002-04-18" ObjLetztKontakt="2002-04-18" ObjStrasseID="8673" ObjHausnummer="Wöhlerstraße 2" ObjVorlage="2013-09-11 00:00:00.0" ObKeinKontakt="1" ObjArtID="169" Merkmal="0.0"/>
  <Objekte ObjID="16107" ObjAufnahme="2002-04-19" ObjLetztKontakt="2003-12-23" ObjStrasseID="6979" ObjHausnummer="Im Heidkampe 21" ObjVorlage="2013-09-11 00:00:00.0" ObKeinKontakt="1" ObjArtID="97" Merkmal="0.0"/>
  <Objekte ObjID="16108" ObjAufnahme="2002-04-19" ObjLetztKontakt="2002-04-19" ObjStrasseID="9330" ObjHausnummer="Fuchsklint 20" ObjVorlage="2013-09-11 00:00:00.0" ObKeinKontakt="1" ObjArtID="21" Merkmal="0.0"/>
  <Objekte ObjID="16109" ObjAufnahme="2002-04-19" ObjLetztKontakt="2002-04-19" ObjStrasseID="9150" ObjHausnummer="Schillerstraße 9E" ObjVorlage="2013-09-11 00:00:00.0" ObKeinKontakt="1" ObjArtID="24" Merkmal="0.0"/>
  <Objekte ObjID="16110" ObjAufnahme="2002-04-19" ObjLetztKontakt="2002-04-19" ObjStrasseID="7153" ObjHausnummer="Kirchröder Straße 7" ObjVorlage="2013-09-11 00:00:00.0" ObKeinKontakt="1" ObjArtID="200" Merkmal="0.0"/>
  <Objekte ObjID="16112" ObjAufnahme="2002-04-23" ObjLetztKontakt="2002-04-23" ObjStrasseID="8532" ObjHausnummer="Weberstraße 2" ObjVorlage="2013-09-11 00:00:00.0" ObKeinKontakt="5" ObjArtID="96" Merkmal="0.0"/>
  <Objekte ObjID="16113" ObjAufnahme="2002-04-23" ObjLetztKontakt="2002-04-23" ObjStrasseID="6636" ObjHausnummer="Gretchenstraße 45" ObjVorlage="2013-09-11 00:00:00.0" ObKeinKontakt="5" ObjArtID="229" Merkmal="0.0"/>
  <Objekte ObjID="16114" ObjAufnahme="2002-04-23" ObjLetztKontakt="2002-04-23" ObjStrasseID="8069" ObjHausnummer="Schiffhornfeld 3" ObjVorlage="2013-09-11 00:00:00.0" ObKeinKontakt="5" ObjArtID="56" Merkmal="0.0"/>
  <Objekte ObjID="16115" ObjAufnahme="2002-04-23" ObjLetztKontakt="2002-04-23" ObjStrasseID="6459" ObjHausnummer="Freienwalder Straße 13" ObjVorlage="2013-09-11 00:00:00.0" ObKeinKontakt="5" ObjArtID="254" Merkmal="0.0"/>
  <Objekte ObjID="16116" ObjAufnahme="2002-04-24" ObjLetztKontakt="2002-04-24" ObjStrasseID="6073" ObjHausnummer="Brentanostraße 23" ObjVorlage="2013-09-11 00:00:00.0" ObKeinKontakt="1" ObjArtID="139" Merkmal="0.0"/>
  <Objekte ObjID="16117" ObjAufnahme="2002-04-29" ObjLetztKontakt="2002-04-29" ObjStrasseID="8394" ObjHausnummer="Tollenbrink 2A" ObjVorlage="2013-09-11 00:00:00.0" ObKeinKontakt="5" ObjArtID="200" Merkmal="0.0"/>
  <Objekte ObjID="16118" ObjAufnahme="2002-05-06" ObjLetztKontakt="2002-05-06" ObjStrasseID="3848" ObjHausnummer="Iltener Straße 74" ObjVorlage="2013-09-11 00:00:00.0" ObKeinKontakt="4" ObjArtID="8" Merkmal="0.0" ObjInfo="wir wollen das Objekt nicht aufnehmen. Knorr"/>
  <Objekte ObjID="16119" ObjAufnahme="2002-05-06" ObjLetztKontakt="2002-05-06" ObjStrasseID="8675" ObjHausnummer="Wolfenbütteler Straße 12" ObjVorlage="2013-09-11 00:00:00.0" ObKeinKontakt="6" ObjArtID="169" Merkmal="0.0"/>
  <Objekte ObjID="16120" ObjAufnahme="2002-05-06" ObjLetztKontakt="2002-05-06" ObjStrasseID="9989" ObjHausnummer="Nenndorfer Straße 19" ObjVorlage="2013-09-11 00:00:00.0" ObKeinKontakt="5" ObjArtID="10" Merkmal="0.0"/>
  <Objekte ObjID="16121" ObjAufnahme="2002-05-07" ObjLetztKontakt="2002-05-07" ObjStrasseID="7138" ObjHausnummer="Kestnerstraße 8" ObjVorlage="2013-09-11 00:00:00.0" ObKeinKontakt="5" ObjArtID="141" Merkmal="0.0"/>
  <Objekte ObjID="16122" ObjAufnahme="2002-05-07" ObjLetztKontakt="2002-05-07" ObjStrasseID="7391" ObjHausnummer="Lindenallee 19" ObjVorlage="2013-09-11 00:00:00.0" ObKeinKontakt="5" ObjArtID="8" Merkmal="0.0"/>
  <Objekte ObjID="16123" ObjAufnahme="2002-05-07" ObjLetztKontakt="2002-05-07" ObjStrasseID="11342" ObjHausnummer="Habichthorst 15" ObjVorlage="2013-09-11 00:00:00.0" ObKeinKontakt="5" ObjArtID="22" Merkmal="0.0"/>
  <Objekte ObjID="16124" ObjAufnahme="2002-05-07" ObjLetztKontakt="2002-05-07" ObjStrasseID="7143" ObjHausnummer="Kiefkampstraße 18C" ObjVorlage="2013-09-11 00:00:00.0" ObKeinKontakt="5" ObjArtID="10" Merkmal="0.0"/>
  <Objekte ObjID="16125" ObjAufnahme="2002-05-07" ObjLetztKontakt="2002-05-07" ObjStrasseID="8619" ObjHausnummer="Wietzegraben 34" ObjVorlage="2013-09-11 00:00:00.0" ObKeinKontakt="5" ObjArtID="24" Merkmal="0.0"/>
  <Objekte ObjID="16126" ObjAufnahme="2002-05-08" ObjLetztKontakt="2002-05-08" ObjStrasseID="5995" ObjHausnummer="Blumhardthof 19" ObjVorlage="2013-09-11 00:00:00.0" ObKeinKontakt="5" ObjArtID="169" Merkmal="0.0"/>
  <Objekte ObjID="16127" ObjAufnahme="2002-05-08" ObjLetztKontakt="2002-05-08" ObjStrasseID="7143" ObjHausnummer="Kiefkampstraße 15" ObjVorlage="2013-09-11 00:00:00.0" ObKeinKontakt="5" ObjArtID="10" Merkmal="0.0"/>
  <Objekte ObjID="16128" ObjAufnahme="2002-05-08" ObjLetztKontakt="2002-05-08" ObjStrasseID="10672" ObjHausnummer="Marie-Curie-Straße 6A" ObjVorlage="2013-09-11 00:00:00.0" ObKeinKontakt="1" ObjArtID="8" Merkmal="0.0"/>
  <Objekte ObjID="16129" ObjAufnahme="2002-05-08" ObjLetztKontakt="2002-05-08" ObjStrasseID="5831" ObjHausnummer="Auf dem Grethel 39" ObjVorlage="2013-09-11 00:00:00.0" ObKeinKontakt="5" ObjArtID="8" Merkmal="0.0"/>
  <Objekte ObjID="16130" ObjAufnahme="2002-05-10" ObjLetztKontakt="2002-05-10" ObjStrasseID="6836" ObjHausnummer="Henniesruh 47A" ObjVorlage="2013-09-11 00:00:00.0" ObKeinKontakt="5" ObjArtID="24" Merkmal="0.0"/>
  <Objekte ObjID="16131" ObjAufnahme="2002-05-10" ObjLetztKontakt="2002-05-10" ObjStrasseID="11384" ObjHausnummer="Enzianweg 6" ObjVorlage="2013-09-11 00:00:00.0" ObKeinKontakt="5" ObjArtID="20" Merkmal="0.0"/>
  <Objekte ObjID="16132" ObjAufnahme="2002-05-13" ObjLetztKontakt="2002-05-13" ObjStrasseID="3173" ObjHausnummer="Blumenweg 4" ObjVorlage="2013-09-11 00:00:00.0" ObKeinKontakt="1" ObjArtID="8" Merkmal="0.0"/>
  <Objekte ObjID="16133" ObjAufnahme="2002-05-13" ObjLetztKontakt="2002-05-13" ObjStrasseID="11329" ObjHausnummer="Hahnenfußweg 6" ObjVorlage="2013-09-11 00:00:00.0" ObKeinKontakt="1" ObjArtID="8" Merkmal="0.0"/>
  <Objekte ObjID="16134" ObjAufnahme="2002-05-13" ObjLetztKontakt="2002-05-13" ObjStrasseID="5742" ObjHausnummer="An den Deichwiesen 27" ObjVorlage="2013-09-11 00:00:00.0" ObKeinKontakt="5" ObjArtID="1" Merkmal="0.0"/>
  <Objekte ObjID="16135" ObjAufnahme="2002-05-13" ObjLetztKontakt="2002-05-13" ObjStrasseID="8458" ObjHausnummer="Veilchenstraße 1" ObjVorlage="2013-09-11 00:00:00.0" ObKeinKontakt="1" ObjArtID="167" Merkmal="0.0"/>
  <Objekte ObjID="16136" ObjAufnahme="2002-05-14" ObjLetztKontakt="2002-05-14" ObjStrasseID="7426" ObjHausnummer="Löwenstraße 14" ObjVorlage="2013-09-11 00:00:00.0" ObKeinKontakt="1" ObjArtID="118" Merkmal="0.0"/>
  <Objekte ObjID="16137" ObjAufnahme="2002-05-14" ObjLetztKontakt="2002-05-14" ObjStrasseID="6032" ObjHausnummer="Bornhof 4" ObjVorlage="2013-09-11 00:00:00.0" ObKeinKontakt="5" ObjArtID="172" Merkmal="0.0"/>
  <Objekte ObjID="16138" ObjAufnahme="2002-05-14" ObjLetztKontakt="2002-05-14" ObjStrasseID="6032" ObjHausnummer="Bornhof 4" ObjVorlage="2013-09-11 00:00:00.0" ObKeinKontakt="5" ObjArtID="208" Merkmal="0.0"/>
  <Objekte ObjID="16139" ObjAufnahme="2002-05-17" ObjLetztKontakt="2002-05-17" ObjStrasseID="3019" ObjHausnummer="Arnumer Kirchstraße 2" ObjVorlage="2013-09-11 00:00:00.0" ObKeinKontakt="1" ObjArtID="258" Merkmal="0.0"/>
  <Objekte ObjID="16140" ObjAufnahme="2002-05-22" ObjLetztKontakt="2002-05-22" ObjStrasseID="6973" ObjHausnummer="Im Gosewinkel 11" ObjVorlage="2013-09-11 00:00:00.0" ObKeinKontakt="1" ObjArtID="8" Merkmal="0.0"/>
  <Objekte ObjID="16141" ObjAufnahme="2002-05-22" ObjLetztKontakt="2002-05-22" ObjStrasseID="11396" ObjHausnummer="Knappenweg 11" ObjVorlage="2013-09-11 00:00:00.0" ObKeinKontakt="1" ObjArtID="247" Merkmal="0.0"/>
  <Objekte ObjID="16142" ObjAufnahme="2002-05-23" ObjLetztKontakt="2002-05-23" ObjStrasseID="2861" ObjHausnummer="Altenbekener Damm 72" ObjVorlage="2013-09-11 00:00:00.0" ObKeinKontakt="1" ObjArtID="173" Merkmal="0.0"/>
  <Objekte ObjID="16143" ObjAufnahme="2002-05-23" ObjLetztKontakt="2002-05-23" ObjStrasseID="7492" ObjHausnummer="Maschstraße 28" ObjVorlage="2013-09-11 00:00:00.0" ObKeinKontakt="1" ObjArtID="1" Merkmal="0.0"/>
  <Objekte ObjID="16144" ObjAufnahme="2002-05-24" ObjLetztKontakt="2002-05-24" ObjStrasseID="6210" ObjHausnummer="Detmoldstraße 5" ObjVorlage="2013-09-11 00:00:00.0" ObKeinKontakt="1" ObjArtID="118" Merkmal="0.0"/>
  <Objekte ObjID="16145" ObjAufnahme="2002-05-28" ObjLetztKontakt="2002-05-28" ObjStrasseID="10876" ObjHausnummer="Kollwitzweg 32" ObjVorlage="2013-09-11 00:00:00.0" ObKeinKontakt="1" ObjArtID="8" Merkmal="0.0"/>
  <Objekte ObjID="16146" ObjAufnahme="2002-05-28" ObjLetztKontakt="2002-05-28" ObjStrasseID="6245" ObjHausnummer="Donaustraße 15" ObjVorlage="2013-09-11 00:00:00.0" ObKeinKontakt="1" ObjArtID="201" Merkmal="0.0"/>
  <Objekte ObjID="16147" ObjAufnahme="2002-05-29" ObjLetztKontakt="2002-05-29" ObjStrasseID="6836" ObjHausnummer="Henniesruh 47A" ObjVorlage="2013-09-11 00:00:00.0" ObKeinKontakt="1" ObjArtID="23" Merkmal="0.0"/>
  <Objekte ObjID="16148" ObjAufnahme="2002-05-29" ObjLetztKontakt="2002-05-29" ObjStrasseID="4107" ObjHausnummer="Lange Weihe 27I" ObjVorlage="2013-09-11 00:00:00.0" ObKeinKontakt="1" ObjArtID="21" Merkmal="0.0"/>
  <Objekte ObjID="16149" ObjAufnahme="2002-05-31" ObjLetztKontakt="2002-05-31" ObjStrasseID="4635" ObjHausnummer="Scheelenkamp 3" ObjVorlage="2013-09-11 00:00:00.0" ObKeinKontakt="1" ObjArtID="8" Merkmal="0.0"/>
  <Objekte ObjID="16150" ObjAufnahme="2002-06-03" ObjLetztKontakt="2002-06-03" ObjStrasseID="82" ObjHausnummer="Auf dem Lärchenberge 5" ObjVorlage="2013-09-11 00:00:00.0" ObKeinKontakt="1" ObjArtID="118" Merkmal="0.0"/>
  <Objekte ObjID="16151" ObjAufnahme="2002-06-06" ObjLetztKontakt="2002-06-06" ObjStrasseID="11435" ObjHausnummer="Kolenfelder Straße 67" ObjVorlage="2013-09-11 00:00:00.0" ObKeinKontakt="1" ObjArtID="11" Merkmal="0.0"/>
  <Objekte ObjID="16152" ObjAufnahme="2002-06-06" ObjLetztKontakt="2002-06-06" ObjStrasseID="11435" ObjHausnummer="Kolenfelder Straße 67B" ObjVorlage="2013-09-11 00:00:00.0" ObKeinKontakt="1" ObjArtID="11" Merkmal="0.0"/>
  <Objekte ObjID="16153" ObjAufnahme="2002-06-06" ObjLetztKontakt="2002-06-06" ObjStrasseID="7165" ObjHausnummer="Kleestraße 1" ObjVorlage="2013-06-21 00:00:00.0" ObKeinKontakt="2" ObjArtID="177" Merkmal="0.0" ObjInfo="keine Lust mehr auf Immobilien"/>
  <Objekte ObjID="16154" ObjAufnahme="2002-06-10" ObjLetztKontakt="2002-06-10" ObjStrasseID="11265" ObjHausnummer="Am Holze 32" ObjVorlage="2013-09-11 00:00:00.0" ObKeinKontakt="1" ObjArtID="8" Merkmal="0.0"/>
  <Objekte ObjID="16155" ObjAufnahme="2002-06-12" ObjLetztKontakt="2002-06-12" ObjStrasseID="7435" ObjHausnummer="Ludwig-Barnay-Straße 9" ObjVorlage="2013-09-11 00:00:00.0" ObKeinKontakt="1" ObjArtID="250" Merkmal="0.0"/>
  <Objekte ObjID="16156" ObjAufnahme="2002-06-12" ObjLetztKontakt="2002-06-12" ObjStrasseID="7426" ObjHausnummer="Löwenstraße 14" ObjVorlage="2013-09-11 00:00:00.0" ObKeinKontakt="1" ObjArtID="250" Merkmal="0.0"/>
  <Objekte ObjID="16157" ObjAufnahme="2002-06-12" ObjLetztKontakt="2002-06-12" ObjStrasseID="6750" ObjHausnummer="Hartmannstraße 12" ObjVorlage="2013-09-11 00:00:00.0" ObKeinKontakt="1" ObjArtID="247" Merkmal="0.0"/>
  <Objekte ObjID="16158" ObjAufnahme="2002-06-14" ObjLetztKontakt="2002-06-14" ObjStrasseID="7384" ObjHausnummer="Lilienstraße 18" ObjVorlage="2013-09-11 00:00:00.0" ObKeinKontakt="1" ObjArtID="119" Merkmal="0.0"/>
  <Objekte ObjID="16159" ObjAufnahme="2002-06-14" ObjLetztKontakt="2002-06-14" ObjStrasseID="8341" ObjHausnummer="Talaverastraße 14" ObjVorlage="2013-09-11 00:00:00.0" ObKeinKontakt="1" ObjArtID="14" Merkmal="0.0"/>
  <Objekte ObjID="16160" ObjAufnahme="2002-06-14" ObjLetztKontakt="2002-06-14" ObjStrasseID="8341" ObjHausnummer="Talaverastraße 14" ObjVorlage="2013-09-11 00:00:00.0" ObKeinKontakt="1" ObjArtID="54" Merkmal="0.0"/>
  <Objekte ObjID="16161" ObjAufnahme="2002-06-14" ObjLetztKontakt="2002-06-14" ObjStrasseID="8341" ObjHausnummer="Talaverastraße 14" ObjVorlage="2013-09-11 00:00:00.0" ObKeinKontakt="1" ObjArtID="74" Merkmal="0.0"/>
  <Objekte ObjID="16162" ObjAufnahme="2002-06-17" ObjLetztKontakt="2002-06-17" ObjStrasseID="11390" ObjHausnummer="Sportweg 14" ObjVorlage="2013-09-11 00:00:00.0" ObKeinKontakt="1" ObjArtID="24" Merkmal="0.0"/>
  <Objekte ObjID="16163" ObjAufnahme="2002-06-17" ObjLetztKontakt="2002-06-17" ObjStrasseID="11437" ObjHausnummer="Spreinswinkel 1A" ObjVorlage="2013-09-11 00:00:00.0" ObKeinKontakt="1" ObjArtID="8" Merkmal="0.0"/>
  <Objekte ObjID="16164" ObjAufnahme="2002-06-17" ObjLetztKontakt="2002-07-25" ObjStrasseID="6785" ObjHausnummer="Heidkampsee 34" ObjVorlage="2013-09-11 00:00:00.0" ObKeinKontakt="6" ObjArtID="176" Merkmal="0.0" ObjInfo="zu teuer"/>
  <Objekte ObjID="16165" ObjAufnahme="2002-06-17" ObjLetztKontakt="2002-07-25" ObjStrasseID="4018" ObjHausnummer="Kleines Feld 56" ObjVorlage="2013-09-11 00:00:00.0" ObKeinKontakt="6" ObjArtID="24" Merkmal="0.0" ObjInfo="zu teuer"/>
  <Objekte ObjID="16166" ObjAufnahme="2002-06-17" ObjLetztKontakt="2002-06-17" ObjStrasseID="4803" ObjHausnummer="Steller Straße 21B" ObjVorlage="2013-09-11 00:00:00.0" ObKeinKontakt="1" ObjArtID="24" Merkmal="0.0"/>
  <Objekte ObjID="16167" ObjAufnahme="2002-06-17" ObjLetztKontakt="2002-06-17" ObjStrasseID="6750" ObjHausnummer="Hartmannstraße 12" ObjVorlage="2013-09-11 00:00:00.0" ObKeinKontakt="1" ObjArtID="200" Merkmal="0.0"/>
  <Objekte ObjID="16168" ObjAufnahme="2002-06-18" ObjLetztKontakt="2002-06-18" ObjStrasseID="6289" ObjHausnummer="Echterngrund 5" ObjVorlage="2013-09-11 00:00:00.0" ObKeinKontakt="1" ObjArtID="8" Merkmal="0.0"/>
  <Objekte ObjID="16169" ObjAufnahme="2002-06-19" ObjLetztKontakt="2002-06-19" ObjStrasseID="9846" ObjHausnummer="Am Bergdahle 1" ObjVorlage="2013-09-11 00:00:00.0" ObKeinKontakt="1" ObjArtID="8" Merkmal="0.0"/>
  <Objekte ObjID="16170" ObjAufnahme="2002-06-19" ObjLetztKontakt="2002-06-19" ObjStrasseID="4107" ObjHausnummer="Lange Weihe 27J" ObjVorlage="2013-09-11 00:00:00.0" ObKeinKontakt="1" ObjArtID="176" Merkmal="0.0"/>
  <Objekte ObjID="16171" ObjAufnahme="2002-06-21" ObjLetztKontakt="2002-06-21" ObjStrasseID="3806" ObjHausnummer="Hohes Feld 1" ObjVorlage="2013-09-11 00:00:00.0" ObKeinKontakt="1" ObjArtID="8" Merkmal="0.0"/>
  <Objekte ObjID="16172" ObjAufnahme="2002-06-21" ObjLetztKontakt="2002-06-21" ObjStrasseID="11466" ObjHausnummer="Schwalbennest 7" ObjVorlage="2013-09-11 00:00:00.0" ObKeinKontakt="1" ObjArtID="8" Merkmal="0.0"/>
  <Objekte ObjID="16173" ObjAufnahme="2002-06-24" ObjLetztKontakt="2002-06-24" ObjStrasseID="11467" ObjHausnummer="Im Steinkamp 33" ObjVorlage="2013-09-11 00:00:00.0" ObKeinKontakt="1" ObjArtID="8" Merkmal="0.0"/>
  <Objekte ObjID="16174" ObjAufnahme="2002-06-24" ObjLetztKontakt="2002-06-24" ObjStrasseID="11457" ObjHausnummer="Königsberger Weg 7" ObjVorlage="2013-09-11 00:00:00.0" ObKeinKontakt="1" ObjArtID="176" Merkmal="0.0"/>
  <Objekte ObjID="16175" ObjAufnahme="2002-06-26" ObjLetztKontakt="2002-06-26" ObjStrasseID="11475" ObjHausnummer="Am Wehr 7" ObjVorlage="2013-09-11 00:00:00.0" ObKeinKontakt="1" ObjArtID="23" Merkmal="0.0"/>
  <Objekte ObjID="16176" ObjAufnahme="2002-06-27" ObjLetztKontakt="2002-06-27" ObjStrasseID="3389" ObjHausnummer="Eiselenweg 51" ObjVorlage="2013-09-11 00:00:00.0" ObKeinKontakt="1" ObjArtID="20" Merkmal="0.0"/>
  <Objekte ObjID="16177" ObjAufnahme="2002-06-28" ObjLetztKontakt="2002-06-28" ObjStrasseID="8739" ObjHausnummer="Wennigser Straße 58B" ObjVorlage="2013-09-11 00:00:00.0" ObKeinKontakt="1" ObjArtID="24" Merkmal="0.0"/>
  <Objekte ObjID="16178" ObjAufnahme="2002-07-01" ObjLetztKontakt="2002-07-25" ObjStrasseID="6717" ObjHausnummer="Hammhof 5" ObjVorlage="2013-09-11 00:00:00.0" ObKeinKontakt="6" ObjArtID="8" Merkmal="0.0" ObjInfo="zu teuer"/>
  <Objekte ObjID="16179" ObjAufnahme="2002-07-02" ObjLetztKontakt="2002-07-02" ObjStrasseID="8908" ObjHausnummer="Oppelner Straße 4" ObjVorlage="2013-09-11 00:00:00.0" ObKeinKontakt="1" ObjArtID="98" Merkmal="0.0"/>
  <Objekte ObjID="16180" ObjAufnahme="2002-07-03" ObjLetztKontakt="2002-07-03" ObjStrasseID="5621" ObjHausnummer="Am Fasanenbusch 11" ObjVorlage="2013-09-11 00:00:00.0" ObKeinKontakt="1" ObjArtID="176" Merkmal="0.0"/>
  <Objekte ObjID="16181" ObjAufnahme="2002-07-04" ObjLetztKontakt="2002-07-04" ObjStrasseID="11487" ObjHausnummer="Hannoversche Straße 67" ObjVorlage="2013-09-11 00:00:00.0" ObKeinKontakt="1" ObjArtID="22" Merkmal="0.0"/>
  <Objekte ObjID="16182" ObjAufnahme="2002-07-04" ObjLetztKontakt="2002-07-04" ObjStrasseID="5942" ObjHausnummer="Bessemerstraße 5" ObjVorlage="2013-09-11 00:00:00.0" ObKeinKontakt="1" ObjArtID="230" Merkmal="0.0"/>
  <Objekte ObjID="16183" ObjAufnahme="2002-07-08" ObjLetztKontakt="2002-07-08" ObjStrasseID="8735" ObjHausnummer="Steinkamp 20" ObjVorlage="2013-09-11 00:00:00.0" ObKeinKontakt="1" ObjArtID="8" Merkmal="0.0"/>
  <Objekte ObjID="16184" ObjAufnahme="2002-07-16" ObjLetztKontakt="2002-07-16" ObjStrasseID="5740" ObjHausnummer="Amselgasse 12" ObjVorlage="2013-09-11 00:00:00.0" ObKeinKontakt="1" ObjArtID="21" Merkmal="0.0"/>
  <Objekte ObjID="16185" ObjAufnahme="2002-07-19" ObjLetztKontakt="2002-07-19" ObjStrasseID="11503" ObjHausnummer="Breslauer Strasse 15A" ObjVorlage="2013-09-11 00:00:00.0" ObKeinKontakt="1" ObjArtID="22" Merkmal="0.0"/>
  <Objekte ObjID="16186" ObjAufnahme="2002-07-19" ObjLetztKontakt="2002-07-25" ObjStrasseID="5875" ObjHausnummer="Bartold-Knaust-Straße 76" ObjVorlage="2013-09-11 00:00:00.0" ObKeinKontakt="6" ObjArtID="24" Merkmal="0.0" ObjInfo="zu teuer"/>
  <Objekte ObjID="16187" ObjAufnahme="2002-07-24" ObjLetztKontakt="2002-07-24" ObjStrasseID="10955" ObjHausnummer="Bernhard-Lohmüller-Straße 4A" ObjVorlage="2013-09-11 00:00:00.0" ObKeinKontakt="1" ObjArtID="8" Merkmal="0.0"/>
  <Objekte ObjID="16188" ObjAufnahme="2002-07-24" ObjLetztKontakt="2002-07-24" ObjStrasseID="7430" ObjHausnummer="Luckenwalder Straße 10" ObjVorlage="2013-09-11 00:00:00.0" ObKeinKontakt="1" ObjArtID="8" Merkmal="0.0"/>
  <Objekte ObjID="16189" ObjAufnahme="2002-07-24" ObjLetztKontakt="2002-07-24" ObjStrasseID="11519" ObjHausnummer="Landstraße 28" ObjVorlage="2013-09-11 00:00:00.0" ObKeinKontakt="1" ObjArtID="8" Merkmal="0.0"/>
  <Objekte ObjID="16190" ObjAufnahme="2002-07-24" ObjLetztKontakt="2002-07-24" ObjStrasseID="11001" ObjHausnummer="Rosenstrasse 3" ObjVorlage="2013-09-11 00:00:00.0" ObKeinKontakt="1" ObjArtID="8" Merkmal="0.0"/>
  <Objekte ObjID="16191" ObjAufnahme="2002-07-24" ObjLetztKontakt="2002-07-24" ObjStrasseID="9150" ObjHausnummer="Schillerstraße 9" ObjVorlage="2013-09-11 00:00:00.0" ObKeinKontakt="1" ObjArtID="8" Merkmal="0.0"/>
  <Objekte ObjID="16192" ObjAufnahme="2002-07-24" ObjLetztKontakt="2002-07-24" ObjStrasseID="9128" ObjHausnummer="Am Sportfeld 8" ObjVorlage="2013-09-11 00:00:00.0" ObKeinKontakt="1" ObjArtID="8" Merkmal="0.0"/>
  <Objekte ObjID="16193" ObjAufnahme="2002-07-24" ObjLetztKontakt="2002-07-24" ObjStrasseID="7964" ObjHausnummer="Rothaarweg 7" ObjVorlage="2013-09-11 00:00:00.0" ObKeinKontakt="1" ObjArtID="167" Merkmal="0.0"/>
  <Objekte ObjID="16194" ObjAufnahme="2002-07-24" ObjLetztKontakt="2002-07-24" ObjStrasseID="11502" ObjHausnummer="Düsterstrasse 15" ObjVorlage="2013-09-11 00:00:00.0" ObKeinKontakt="6" ObjArtID="176" Merkmal="0.0" ObjInfo="zu teuer"/>
  <Objekte ObjID="16195" ObjAufnahme="2002-07-24" ObjLetztKontakt="2002-07-24" ObjStrasseID="10040" ObjHausnummer="Kurze Straße 25" ObjVorlage="2013-09-11 00:00:00.0" ObKeinKontakt="6" ObjArtID="8" Merkmal="0.0" ObjInfo="zu teuer"/>
  <Objekte ObjID="16196" ObjAufnahme="2002-07-25" ObjLetztKontakt="2002-07-25" ObjStrasseID="5629" ObjHausnummer="Am Gänsebusch 49" ObjVorlage="2013-09-11 00:00:00.0" ObKeinKontakt="6" ObjArtID="22" Merkmal="0.0" ObjInfo="zu teuer"/>
  <Objekte ObjID="16197" ObjAufnahme="2002-07-25" ObjLetztKontakt="2002-07-25" ObjStrasseID="11003" ObjHausnummer="Neue Strasse 8" ObjVorlage="2013-09-11 00:00:00.0" ObKeinKontakt="6" ObjArtID="8" Merkmal="0.0" ObjInfo="zu teuer"/>
  <Objekte ObjID="16198" ObjAufnahme="2002-07-25" ObjLetztKontakt="2002-07-25" ObjStrasseID="11481" ObjHausnummer="Niedersachsenstasse 23" ObjVorlage="2013-09-11 00:00:00.0" ObKeinKontakt="6" ObjArtID="24" Merkmal="0.0" ObjInfo="zu teuer"/>
  <Objekte ObjID="16199" ObjAufnahme="2002-07-25" ObjLetztKontakt="2002-07-25" ObjStrasseID="6182" ObjHausnummer="Damaschkestraße 17" ObjVorlage="2013-09-11 00:00:00.0" ObKeinKontakt="6" ObjArtID="24" Merkmal="0.0" ObjInfo="zu teuer"/>
  <Objekte ObjID="16200" ObjAufnahme="2002-07-25" ObjLetztKontakt="2002-07-25" ObjStrasseID="7109" ObjHausnummer="Karl-Ludwig-Schleich-Weg 17" ObjVorlage="2013-09-11 00:00:00.0" ObKeinKontakt="6" ObjArtID="22" Merkmal="0.0" ObjInfo="zu teuer"/>
  <Objekte ObjID="16201" ObjAufnahme="2002-07-25" ObjLetztKontakt="2002-07-25" ObjStrasseID="8882" ObjHausnummer="Groß-Buchholzer Straße 29" ObjVorlage="2013-09-11 00:00:00.0" ObKeinKontakt="6" ObjArtID="8" Merkmal="0.0" ObjInfo="zu teuer"/>
  <Objekte ObjID="16202" ObjAufnahme="2002-07-25" ObjLetztKontakt="2002-07-25" ObjStrasseID="9911" ObjHausnummer="Laubeichenfeld 21" ObjVorlage="2013-09-11 00:00:00.0" ObKeinKontakt="6" ObjArtID="176" Merkmal="0.0" ObjInfo="zu teuer"/>
  <Objekte ObjID="16203" ObjAufnahme="2002-07-25" ObjLetztKontakt="2002-07-25" ObjStrasseID="11040" ObjHausnummer="Lichtenberger Straße 19" ObjVorlage="2013-09-11 00:00:00.0" ObKeinKontakt="6" ObjArtID="24" Merkmal="0.0" ObjInfo="zu teuer"/>
  <Objekte ObjID="16204" ObjAufnahme="2002-07-25" ObjLetztKontakt="2002-07-25" ObjStrasseID="11522" ObjHausnummer="Alte Trift 1" ObjVorlage="2013-09-11 00:00:00.0" ObKeinKontakt="6" ObjArtID="8" Merkmal="0.0" ObjInfo="zu teuer"/>
  <Objekte ObjID="16205" ObjAufnahme="2002-07-25" ObjLetztKontakt="2002-07-25" ObjStrasseID="11523" ObjHausnummer="Allerweg 147" ObjVorlage="2013-09-11 00:00:00.0" ObKeinKontakt="6" ObjArtID="8" Merkmal="0.0" ObjInfo="zu teuer"/>
  <Objekte ObjID="16206" ObjAufnahme="2002-07-25" ObjLetztKontakt="2002-07-25" ObjStrasseID="2846" ObjHausnummer="Allerweg 99" ObjVorlage="2013-09-11 00:00:00.0" ObKeinKontakt="6" ObjArtID="8" Merkmal="0.0" ObjInfo="zu teuer"/>
  <Objekte ObjID="16207" ObjAufnahme="2002-07-25" ObjLetztKontakt="2002-07-25" ObjStrasseID="11388" ObjHausnummer="Schulstrasse 2" ObjVorlage="2013-09-11 00:00:00.0" ObKeinKontakt="6" ObjArtID="8" Merkmal="0.0" ObjInfo="zu teuer, abgesagt"/>
  <Objekte ObjID="16208" ObjAufnahme="2002-07-25" ObjLetztKontakt="2002-07-25" ObjStrasseID="11524" ObjHausnummer="Waldfrieden 9" ObjVorlage="2013-09-11 00:00:00.0" ObKeinKontakt="6" ObjArtID="24" Merkmal="0.0" ObjInfo="zu teuer, abgesagt"/>
  <Objekte ObjID="16209" ObjAufnahme="2002-07-25" ObjLetztKontakt="2002-07-25" ObjStrasseID="11156" ObjHausnummer="Eulenflucht 1A" ObjVorlage="2013-09-11 00:00:00.0" ObKeinKontakt="6" ObjArtID="8" Merkmal="0.0" ObjInfo="zu teuer, verschoben"/>
  <Objekte ObjID="16210" ObjAufnahme="2002-07-25" ObjLetztKontakt="2002-07-25" ObjStrasseID="3888" ObjHausnummer="Im Steerfeld 12A" ObjVorlage="2013-09-11 00:00:00.0" ObKeinKontakt="6" ObjArtID="8" Merkmal="0.0" ObjInfo="zu teuer"/>
  <Objekte ObjID="16211" ObjAufnahme="2002-07-25" ObjLetztKontakt="2002-07-25" ObjStrasseID="10992" ObjHausnummer="Heimstätterweg 1" ObjVorlage="2013-09-11 00:00:00.0" ObKeinKontakt="6" ObjArtID="24" Merkmal="0.0" ObjInfo="zu teuer"/>
  <Objekte ObjID="16212" ObjAufnahme="2002-07-25" ObjLetztKontakt="2002-07-25" ObjStrasseID="11080" ObjHausnummer="Heinrich-Heine-Weg 7A" ObjVorlage="2013-09-11 00:00:00.0" ObKeinKontakt="6" ObjArtID="21" Merkmal="0.0" ObjInfo="zu teuer"/>
  <Objekte ObjID="16213" ObjAufnahme="2002-07-25" ObjLetztKontakt="2002-07-25" ObjStrasseID="11036" ObjHausnummer="Raffelbergweg 2" ObjVorlage="2013-09-11 00:00:00.0" ObKeinKontakt="6" ObjArtID="22" Merkmal="0.0" ObjInfo="zu teuer"/>
  <Objekte ObjID="16214" ObjAufnahme="2002-07-25" ObjLetztKontakt="2002-07-25" ObjStrasseID="11525" ObjHausnummer="Hermannstraße 19" ObjVorlage="2013-09-11 00:00:00.0" ObKeinKontakt="6" ObjArtID="8" Merkmal="0.0" ObjInfo="zu teuer"/>
  <Objekte ObjID="16215" ObjAufnahme="2002-07-25" ObjLetztKontakt="2002-07-25" ObjStrasseID="6796" ObjHausnummer="Heinersdorfweg 21" ObjVorlage="2013-09-11 00:00:00.0" ObKeinKontakt="6" ObjArtID="8" Merkmal="0.0" ObjInfo="zu teuer"/>
  <Objekte ObjID="16216" ObjAufnahme="2002-07-25" ObjLetztKontakt="2002-07-25" ObjStrasseID="7862" ObjHausnummer="Rehwinkel 9" ObjVorlage="2013-09-11 00:00:00.0" ObKeinKontakt="6" ObjArtID="8" Merkmal="0.0" ObjInfo="zu teuer"/>
  <Objekte ObjID="16217" ObjAufnahme="2002-07-25" ObjLetztKontakt="2002-07-25" ObjStrasseID="8092" ObjHausnummer="Schneckenburgerstraße 23" ObjVorlage="2013-09-11 00:00:00.0" ObKeinKontakt="6" ObjArtID="21" Merkmal="0.0" ObjInfo="zu teuer"/>
  <Objekte ObjID="16218" ObjAufnahme="2002-07-26" ObjLetztKontakt="2002-07-26" ObjStrasseID="4113" ObjHausnummer="Langer Bruch 3" ObjVorlage="2013-09-11 00:00:00.0" ObKeinKontakt="1" ObjArtID="8" Merkmal="0.0"/>
  <Objekte ObjID="16219" ObjAufnahme="2002-07-26" ObjLetztKontakt="2002-07-26" ObjStrasseID="11511" ObjHausnummer="Am Stockfeld 1A" ObjVorlage="2013-09-11 00:00:00.0" ObKeinKontakt="1" ObjArtID="8" Merkmal="0.0"/>
  <Objekte ObjID="16220" ObjAufnahme="2002-07-26" ObjLetztKontakt="2002-07-26" ObjStrasseID="7406" ObjHausnummer="Lister Meile 35A" ObjVorlage="2013-09-11 00:00:00.0" ObKeinKontakt="1" ObjArtID="170" Merkmal="0.0"/>
  <Objekte ObjID="16221" ObjAufnahme="2002-07-31" ObjLetztKontakt="2002-07-31" ObjStrasseID="11510" ObjHausnummer="Im Winkel 1" ObjVorlage="2013-09-11 00:00:00.0" ObKeinKontakt="1" ObjArtID="22" Merkmal="0.0"/>
  <Objekte ObjID="16222" ObjAufnahme="2002-08-01" ObjLetztKontakt="2002-08-01" ObjStrasseID="11538" ObjHausnummer="An der Mühle 7" ObjVorlage="2013-09-11 00:00:00.0" ObKeinKontakt="1" ObjArtID="8" Merkmal="0.0"/>
  <Objekte ObjID="16223" ObjAufnahme="2002-08-09" ObjLetztKontakt="2002-08-09" ObjStrasseID="11512" ObjHausnummer="Weidenweg 11" ObjVorlage="2013-09-11 00:00:00.0" ObKeinKontakt="5" ObjArtID="8" Merkmal="0.0"/>
  <Objekte ObjID="16224" ObjAufnahme="2002-08-09" ObjLetztKontakt="2002-08-09" ObjStrasseID="11532" ObjHausnummer="Stieglitzstrasse 8" ObjVorlage="2013-09-11 00:00:00.0" ObKeinKontakt="5" ObjArtID="8" Merkmal="0.0"/>
  <Objekte ObjID="16225" ObjAufnahme="2002-08-12" ObjLetztKontakt="2002-08-12" ObjStrasseID="11560" ObjHausnummer="Westerfeld 5" ObjVorlage="2013-09-11 00:00:00.0" ObKeinKontakt="1" ObjArtID="8" Merkmal="0.0"/>
  <Objekte ObjID="16226" ObjAufnahme="2002-08-12" ObjLetztKontakt="2002-08-12" ObjStrasseID="147" ObjHausnummer="Soorenweg 2A" ObjVorlage="2013-09-11 00:00:00.0" ObKeinKontakt="1" ObjArtID="8" Merkmal="0.0"/>
  <Objekte ObjID="16227" ObjAufnahme="2002-08-12" ObjLetztKontakt="2002-08-12" ObjStrasseID="11561" ObjHausnummer="Margeritenweg 18" ObjVorlage="2013-09-11 00:00:00.0" ObKeinKontakt="1" ObjArtID="8" Merkmal="0.0"/>
  <Objekte ObjID="16228" ObjAufnahme="2002-08-13" ObjLetztKontakt="2002-09-10" ObjStrasseID="8594" ObjHausnummer="Wesselstraße 1A" ObjVorlage="2013-09-11 00:00:00.0" ObKeinKontakt="5" ObjArtID="179" Merkmal="0.0"/>
  <Objekte ObjID="16229" ObjAufnahme="2002-08-14" ObjLetztKontakt="2002-08-14" ObjStrasseID="11566" ObjHausnummer="Westerfeld 5" ObjVorlage="2013-09-11 00:00:00.0" ObKeinKontakt="1" ObjArtID="8" Merkmal="0.0"/>
  <Objekte ObjID="16230" ObjAufnahme="2002-08-14" ObjLetztKontakt="2002-08-14" ObjStrasseID="5676" ObjHausnummer="Am Leinewehr 7A" ObjVorlage="2013-09-11 00:00:00.0" ObKeinKontakt="1" ObjArtID="49" Merkmal="0.0"/>
  <Objekte ObjID="16231" ObjAufnahme="2002-08-14" ObjLetztKontakt="2002-08-14" ObjStrasseID="6434" ObjHausnummer="Flüggestraße 20" ObjVorlage="2013-09-11 00:00:00.0" ObKeinKontakt="1" ObjArtID="174" Merkmal="0.0"/>
  <Objekte ObjID="16232" ObjAufnahme="2002-08-14" ObjLetztKontakt="2002-08-14" ObjStrasseID="6195" ObjHausnummer="Davenstedter Straße 3" ObjVorlage="2013-09-11 00:00:00.0" ObKeinKontakt="1" ObjArtID="1" Merkmal="0.0"/>
  <Objekte ObjID="16233" ObjAufnahme="2002-08-14" ObjLetztKontakt="2002-08-14" ObjStrasseID="6195" ObjHausnummer="Davenstedter Straße 5" ObjVorlage="2013-09-11 00:00:00.0" ObKeinKontakt="1" ObjArtID="1" Merkmal="0.0"/>
  <Objekte ObjID="16234" ObjAufnahme="2002-08-14" ObjLetztKontakt="2002-08-14" ObjStrasseID="6195" ObjHausnummer="Davenstedter Straße 7" ObjVorlage="2013-09-11 00:00:00.0" ObKeinKontakt="1" ObjArtID="1" Merkmal="0.0"/>
  <Objekte ObjID="16235" ObjAufnahme="2002-08-14" ObjLetztKontakt="2002-08-14" ObjStrasseID="6195" ObjHausnummer="Davenstedter Straße 9" ObjVorlage="2013-09-11 00:00:00.0" ObKeinKontakt="1" ObjArtID="1" Merkmal="0.0"/>
  <Objekte ObjID="16236" ObjAufnahme="2002-08-14" ObjLetztKontakt="2002-08-14" ObjStrasseID="6195" ObjHausnummer="Davenstedter Straße 11" ObjVorlage="2013-09-11 00:00:00.0" ObKeinKontakt="1" ObjArtID="1" Merkmal="0.0"/>
  <Objekte ObjID="16237" ObjAufnahme="2002-08-14" ObjLetztKontakt="2002-08-14" ObjStrasseID="6195" ObjHausnummer="Davenstedter Straße 13" ObjVorlage="2013-09-11 00:00:00.0" ObKeinKontakt="1" ObjArtID="1" Merkmal="0.0"/>
  <Objekte ObjID="16238" ObjAufnahme="2002-08-14" ObjLetztKontakt="2002-08-14" ObjStrasseID="6195" ObjHausnummer="Davenstedter Straße 15" ObjVorlage="2013-09-11 00:00:00.0" ObKeinKontakt="1" ObjArtID="1" Merkmal="0.0"/>
  <Objekte ObjID="16239" ObjAufnahme="2002-08-14" ObjLetztKontakt="2002-08-14" ObjStrasseID="6195" ObjHausnummer="Davenstedter Straße 17" ObjVorlage="2013-09-11 00:00:00.0" ObKeinKontakt="1" ObjArtID="75" Merkmal="0.0"/>
  <Objekte ObjID="16240" ObjAufnahme="2002-08-14" ObjLetztKontakt="2002-08-14" ObjStrasseID="6195" ObjHausnummer="Davenstedter Straße 19" ObjVorlage="2013-09-11 00:00:00.0" ObKeinKontakt="1" ObjArtID="1" Merkmal="0.0"/>
  <Objekte ObjID="16241" ObjAufnahme="2002-08-14" ObjLetztKontakt="2002-08-14" ObjStrasseID="6061" ObjHausnummer="Brauhofstraße 2" ObjVorlage="2013-09-11 00:00:00.0" ObKeinKontakt="1" ObjArtID="125" Merkmal="0.0"/>
  <Objekte ObjID="16242" ObjAufnahme="2002-08-14" ObjLetztKontakt="2002-08-14" ObjStrasseID="6061" ObjHausnummer="Brauhofstraße 1" ObjVorlage="2013-09-11 00:00:00.0" ObKeinKontakt="1" ObjArtID="1" Merkmal="0.0"/>
  <Objekte ObjID="16243" ObjAufnahme="2002-08-14" ObjLetztKontakt="2002-08-14" ObjStrasseID="6061" ObjHausnummer="Brauhofstraße 4" ObjVorlage="2013-09-11 00:00:00.0" ObKeinKontakt="1" ObjArtID="1" Merkmal="0.0"/>
  <Objekte ObjID="16244" ObjAufnahme="2002-08-14" ObjLetztKontakt="2002-08-14" ObjStrasseID="6061" ObjHausnummer="Brauhofstraße 6" ObjVorlage="2013-09-11 00:00:00.0" ObKeinKontakt="1" ObjArtID="125" Merkmal="0.0"/>
  <Objekte ObjID="16245" ObjAufnahme="2002-08-14" ObjLetztKontakt="2002-08-14" ObjStrasseID="6061" ObjHausnummer="Brauhofstraße 3" ObjVorlage="2013-09-11 00:00:00.0" ObKeinKontakt="1" ObjArtID="1" Merkmal="0.0"/>
  <Objekte ObjID="16246" ObjAufnahme="2002-08-14" ObjLetztKontakt="2002-08-14" ObjStrasseID="6061" ObjHausnummer="Brauhofstraße 5" ObjVorlage="2013-09-11 00:00:00.0" ObKeinKontakt="1" ObjArtID="1" Merkmal="0.0"/>
  <Objekte ObjID="16247" ObjAufnahme="2002-08-14" ObjLetztKontakt="2002-08-14" ObjStrasseID="6061" ObjHausnummer="Brauhofstraße 7" ObjVorlage="2013-09-11 00:00:00.0" ObKeinKontakt="1" ObjArtID="1" Merkmal="0.0"/>
  <Objekte ObjID="16248" ObjAufnahme="2002-08-14" ObjLetztKontakt="2002-08-14" ObjStrasseID="6061" ObjHausnummer="Brauhofstraße 9" ObjVorlage="2013-09-11 00:00:00.0" ObKeinKontakt="1" ObjArtID="1" Merkmal="0.0"/>
  <Objekte ObjID="16249" ObjAufnahme="2002-08-14" ObjLetztKontakt="2002-08-14" ObjStrasseID="6061" ObjHausnummer="Brauhofstraße 11" ObjVorlage="2013-09-11 00:00:00.0" ObKeinKontakt="1" ObjArtID="1" Merkmal="0.0"/>
  <Objekte ObjID="16251" ObjAufnahme="2002-08-19" ObjLetztKontakt="2002-08-19" ObjStrasseID="5805" ObjHausnummer="Annenstraße 9" ObjVorlage="2013-09-11 00:00:00.0" ObKeinKontakt="1" ObjArtID="167" Merkmal="0.0"/>
  <Objekte ObjID="16252" ObjAufnahme="2002-08-19" ObjLetztKontakt="2002-08-19" ObjStrasseID="3768" ObjHausnummer="Hildesheimer Straße 41" ObjVorlage="2013-09-11 00:00:00.0" ObKeinKontakt="5" ObjArtID="5" Merkmal="0.0"/>
  <Objekte ObjID="16253" ObjAufnahme="2002-08-20" ObjLetztKontakt="2002-08-20" ObjStrasseID="3583" ObjHausnummer="Göttinger Landstraße 20" ObjVorlage="2013-09-11 00:00:00.0" ObKeinKontakt="1" ObjArtID="233" Merkmal="0.0"/>
  <Objekte ObjID="16254" ObjAufnahme="2002-08-21" ObjLetztKontakt="2002-08-21" ObjStrasseID="8220" ObjHausnummer="Spannhagengarten 14" ObjVorlage="2013-09-11 00:00:00.0" ObKeinKontakt="5" ObjArtID="201" Merkmal="0.0"/>
  <Objekte ObjID="16255" ObjAufnahme="2002-08-22" ObjLetztKontakt="2002-08-22" ObjStrasseID="7486" ObjHausnummer="Marschnerstraße 16" ObjVorlage="2013-09-11 00:00:00.0" ObKeinKontakt="1" ObjArtID="173" Merkmal="0.0"/>
  <Objekte ObjID="16256" ObjAufnahme="2002-08-23" ObjLetztKontakt="2002-08-23" ObjStrasseID="5752" ObjHausnummer="An der Bismarckschule 20" ObjVorlage="2013-09-11 00:00:00.0" ObKeinKontakt="5" ObjArtID="1" Merkmal="0.0"/>
  <Objekte ObjID="16257" ObjAufnahme="2002-08-27" ObjLetztKontakt="2002-09-17" ObjStrasseID="6143" ObjHausnummer="Charlottenstraße 82" ObjVorlage="2013-09-11 00:00:00.0" ObKeinKontakt="1" ObjArtID="1" Merkmal="0.0"/>
  <Objekte ObjID="16258" ObjAufnahme="2002-08-27" ObjLetztKontakt="2003-07-31" ObjStrasseID="6204" ObjHausnummer="Deisterstraße 15" ObjVorlage="2013-09-11 00:00:00.0" ObKeinKontakt="1" ObjArtID="5" Merkmal="0.0"/>
  <Objekte ObjID="16259" ObjAufnahme="2002-08-29" ObjLetztKontakt="2002-08-29" ObjStrasseID="7819" ObjHausnummer="Prüßentrift 26" ObjVorlage="2013-09-11 00:00:00.0" ObKeinKontakt="1" ObjArtID="8" Merkmal="0.0"/>
  <Objekte ObjID="16260" ObjAufnahme="2002-08-30" ObjLetztKontakt="2002-08-30" ObjStrasseID="7486" ObjHausnummer="Marschnerstraße 16" ObjVorlage="2013-09-11 00:00:00.0" ObKeinKontakt="1" ObjArtID="165" Merkmal="0.0"/>
  <Objekte ObjID="16261" ObjAufnahme="2002-08-30" ObjLetztKontakt="2002-08-30" ObjStrasseID="7600" ObjHausnummer="Nachtigalstraße 11" ObjVorlage="2013-09-11 00:00:00.0" ObKeinKontakt="1" ObjArtID="167" Merkmal="0.0"/>
  <Objekte ObjID="16262" ObjAufnahme="2002-08-30" ObjLetztKontakt="2002-08-30" ObjStrasseID="8594" ObjHausnummer="Wesselstraße 1" ObjVorlage="2013-09-11 00:00:00.0" ObKeinKontakt="1" ObjArtID="1" Merkmal="0.0"/>
  <Objekte ObjID="16263" ObjAufnahme="2002-08-30" ObjLetztKontakt="2002-08-30" ObjStrasseID="5896" ObjHausnummer="Behnsenstraße 2" ObjVorlage="2013-09-11 00:00:00.0" ObKeinKontakt="1" ObjArtID="1" Merkmal="0.0"/>
  <Objekte ObjID="16264" ObjAufnahme="2002-09-04" ObjLetztKontakt="2002-09-04" ObjStrasseID="8095" ObjHausnummer="Schneiderberg 23" ObjVorlage="2013-09-11 00:00:00.0" ObKeinKontakt="1" ObjArtID="167" Merkmal="0.0"/>
  <Objekte ObjID="16265" ObjAufnahme="2002-09-04" ObjLetztKontakt="2002-09-04" ObjStrasseID="6397" ObjHausnummer="Feldstraße 10" ObjVorlage="2013-09-11 00:00:00.0" ObKeinKontakt="1" ObjArtID="230" Merkmal="0.0"/>
  <Objekte ObjID="16266" ObjAufnahme="2002-09-04" ObjLetztKontakt="2002-09-04" ObjStrasseID="6700" ObjHausnummer="Hägewiesen 109" ObjVorlage="2013-09-11 00:00:00.0" ObKeinKontakt="1" ObjArtID="159" Merkmal="0.0"/>
  <Objekte ObjID="16267" ObjAufnahme="2002-09-05" ObjLetztKontakt="2002-09-05" ObjStrasseID="8124" ObjHausnummer="Schützenallee 9" ObjVorlage="2013-09-11 00:00:00.0" ObKeinKontakt="1" ObjArtID="160" Merkmal="0.0"/>
  <Objekte ObjID="16268" ObjAufnahme="2002-09-06" ObjLetztKontakt="2002-09-06" ObjStrasseID="2861" ObjHausnummer="Altenbekener Damm 68" ObjVorlage="2013-09-11 00:00:00.0" ObKeinKontakt="1" ObjArtID="14" Merkmal="0.0"/>
  <Objekte ObjID="16269" ObjAufnahme="2002-09-10" ObjLetztKontakt="2002-09-10" ObjStrasseID="7940" ObjHausnummer="Rosemeyerstraße 1" ObjVorlage="2013-09-11 00:00:00.0" ObKeinKontakt="1" ObjArtID="1" Merkmal="0.0"/>
  <Objekte ObjID="16270" ObjAufnahme="2002-09-11" ObjLetztKontakt="2002-09-11" ObjStrasseID="11588" ObjHausnummer="Neptunring 5" ObjVorlage="2013-09-11 00:00:00.0" ObKeinKontakt="1" ObjArtID="8" Merkmal="0.0"/>
  <Objekte ObjID="16271" ObjAufnahme="2002-09-12" ObjLetztKontakt="2002-09-12" ObjStrasseID="6434" ObjHausnummer="Flüggestraße 20" ObjVorlage="2013-09-11 00:00:00.0" ObKeinKontakt="1" ObjArtID="128" Merkmal="0.0"/>
  <Objekte ObjID="16272" ObjAufnahme="2002-09-12" ObjLetztKontakt="2002-09-12" ObjStrasseID="2861" ObjHausnummer="Altenbekener Damm 68" ObjVorlage="2013-09-11 00:00:00.0" ObKeinKontakt="1" ObjArtID="55" Merkmal="0.0"/>
  <Objekte ObjID="16273" ObjAufnahme="2002-09-12" ObjLetztKontakt="2002-09-12" ObjStrasseID="11587" ObjHausnummer="Am Hüllfeld 7" ObjVorlage="2013-09-11 00:00:00.0" ObKeinKontakt="1" ObjArtID="23" Merkmal="0.0"/>
  <Objekte ObjID="16274" ObjAufnahme="2002-09-12" ObjLetztKontakt="2002-09-12" ObjStrasseID="8978" ObjHausnummer="Leinestraße 7C" ObjVorlage="2013-09-11 00:00:00.0" ObKeinKontakt="1" ObjArtID="8" Merkmal="0.0"/>
  <Objekte ObjID="16275" ObjAufnahme="2002-09-12" ObjLetztKontakt="2002-09-12" ObjStrasseID="7665" ObjHausnummer="Odenwaldstraße 3" ObjVorlage="2013-09-11 00:00:00.0" ObKeinKontakt="1" ObjArtID="201" Merkmal="0.0"/>
  <Objekte ObjID="16276" ObjAufnahme="2002-09-17" ObjLetztKontakt="2002-09-17" ObjStrasseID="7336" ObjHausnummer="Leiblstraße 7" ObjVorlage="2013-09-11 00:00:00.0" ObKeinKontakt="1" ObjArtID="201" Merkmal="0.0"/>
  <Objekte ObjID="16277" ObjAufnahme="2002-09-26" ObjLetztKontakt="2002-09-26" ObjStrasseID="10318" ObjHausnummer="Am Wedemarkbad 5A" ObjVorlage="2013-09-11 00:00:00.0" ObKeinKontakt="1" ObjArtID="22" Merkmal="0.0"/>
  <Objekte ObjID="16278" ObjAufnahme="2002-10-07" ObjLetztKontakt="2002-10-07" ObjStrasseID="6319" ObjHausnummer="Eimbeckhäuser Straße 23" ObjVorlage="2013-09-11 00:00:00.0" ObKeinKontakt="1" ObjArtID="21" Merkmal="0.0"/>
  <Objekte ObjID="16279" ObjAufnahme="2002-10-08" ObjLetztKontakt="2002-10-08" ObjStrasseID="6289" ObjHausnummer="Echterngrund 21" ObjVorlage="2013-09-11 00:00:00.0" ObKeinKontakt="1" ObjArtID="10" Merkmal="0.0"/>
  <Objekte ObjID="16280" ObjAufnahme="2002-10-08" ObjLetztKontakt="2002-10-08" ObjStrasseID="6782" ObjHausnummer="Heidering 19B" ObjVorlage="2013-09-11 00:00:00.0" ObKeinKontakt="1" ObjArtID="75" Merkmal="0.0"/>
  <Objekte ObjID="16281" ObjAufnahme="2002-10-09" ObjLetztKontakt="2002-10-09" ObjStrasseID="4102" ObjHausnummer="Lange-Feld-Straße 52" ObjVorlage="2013-09-11 00:00:00.0" ObKeinKontakt="1" ObjArtID="1" Merkmal="0.0"/>
  <Objekte ObjID="16282" ObjAufnahme="2002-10-09" ObjLetztKontakt="2002-10-09" ObjStrasseID="8533" ObjHausnummer="Weberstraße 3" ObjVorlage="2013-09-11 00:00:00.0" ObKeinKontakt="1" ObjArtID="98" Merkmal="0.0"/>
  <Objekte ObjID="16283" ObjAufnahme="2002-10-09" ObjLetztKontakt="2002-10-09" ObjStrasseID="5870" ObjHausnummer="Bangemannweg 1" ObjVorlage="2013-09-11 00:00:00.0" ObKeinKontakt="1" ObjArtID="82" Merkmal="0.0"/>
  <Objekte ObjID="16284" ObjAufnahme="2002-10-09" ObjLetztKontakt="2002-10-09" ObjStrasseID="7802" ObjHausnummer="Podbielskistraße 45" ObjVorlage="2013-09-11 00:00:00.0" ObKeinKontakt="1" ObjArtID="16" Merkmal="0.0"/>
  <Objekte ObjID="16285" ObjAufnahme="2002-10-10" ObjLetztKontakt="2002-10-10" ObjStrasseID="6353" ObjHausnummer="Entenfangweg 5A" ObjVorlage="2013-09-11 00:00:00.0" ObKeinKontakt="1" ObjArtID="1" Merkmal="0.0"/>
  <Objekte ObjID="16286" ObjAufnahme="2002-10-11" ObjLetztKontakt="2002-10-11" ObjStrasseID="7334" ObjHausnummer="Lehrter Straße 22" ObjVorlage="2013-09-11 00:00:00.0" ObKeinKontakt="5" ObjArtID="55" Merkmal="0.0"/>
  <Objekte ObjID="16287" ObjAufnahme="2002-10-11" ObjLetztKontakt="2002-10-11" ObjStrasseID="9446" ObjHausnummer="Müggenwinkel 15" ObjVorlage="2013-09-11 00:00:00.0" ObKeinKontakt="1" ObjArtID="21" Merkmal="0.0"/>
  <Objekte ObjID="16288" ObjAufnahme="2002-10-11" ObjLetztKontakt="2002-10-11" ObjStrasseID="8752" ObjHausnummer="Danziger Straße 15" ObjVorlage="2013-09-11 00:00:00.0" ObKeinKontakt="1" ObjArtID="8" Merkmal="0.0"/>
  <Objekte ObjID="16289" ObjAufnahme="2002-10-11" ObjLetztKontakt="2002-10-11" ObjStrasseID="2816" ObjHausnummer="Ackerrain 77" ObjVorlage="2013-09-11 00:00:00.0" ObKeinKontakt="1" ObjArtID="21" Merkmal="0.0"/>
  <Objekte ObjID="16290" ObjAufnahme="2002-10-11" ObjLetztKontakt="2002-10-11" ObjStrasseID="5917" ObjHausnummer="Berggartenstraße 7" ObjVorlage="2013-09-11 00:00:00.0" ObKeinKontakt="1" ObjArtID="97" Merkmal="0.0"/>
  <Objekte ObjID="16291" ObjAufnahme="2002-10-14" ObjLetztKontakt="2002-10-14" ObjStrasseID="7615" ObjHausnummer="Nenndorfer Platz 8" ObjVorlage="2013-09-11 00:00:00.0" ObKeinKontakt="5" ObjArtID="176" Merkmal="0.0"/>
  <Objekte ObjID="16292" ObjAufnahme="2002-10-16" ObjLetztKontakt="2002-10-16" ObjStrasseID="6059" ObjHausnummer="Brandriede 6" ObjVorlage="2013-09-11 00:00:00.0" ObKeinKontakt="5" ObjArtID="8" Merkmal="0.0"/>
  <Objekte ObjID="16293" ObjAufnahme="2002-10-16" ObjLetztKontakt="2002-10-16" ObjStrasseID="7037" ObjHausnummer="Insterweg 7" ObjVorlage="2013-09-11 00:00:00.0" ObKeinKontakt="5" ObjArtID="8" Merkmal="0.0"/>
  <Objekte ObjID="16294" ObjAufnahme="2002-10-16" ObjLetztKontakt="2002-10-16" ObjStrasseID="5811" ObjHausnummer="Appelstraße 27" ObjVorlage="2013-09-11 00:00:00.0" ObKeinKontakt="5" ObjArtID="186" Merkmal="0.0"/>
  <Objekte ObjID="16295" ObjAufnahme="2002-10-16" ObjLetztKontakt="2002-10-16" ObjStrasseID="6187" ObjHausnummer="Danziger Straße 15" ObjVorlage="2013-09-11 00:00:00.0" ObKeinKontakt="1" ObjArtID="8" Merkmal="0.0"/>
  <Objekte ObjID="16296" ObjAufnahme="2002-10-17" ObjLetztKontakt="2002-10-17" ObjStrasseID="8533" ObjHausnummer="Weberstraße 4" ObjVorlage="2013-09-11 00:00:00.0" ObKeinKontakt="5" ObjArtID="172" Merkmal="0.0"/>
  <Objekte ObjID="16297" ObjAufnahme="2002-10-17" ObjLetztKontakt="2002-10-17" ObjStrasseID="7213" ObjHausnummer="Kommandanturstraße 8" ObjVorlage="2013-09-11 00:00:00.0" ObKeinKontakt="1" ObjArtID="89" Merkmal="0.0"/>
  <Objekte ObjID="16298" ObjAufnahme="2002-10-17" ObjLetztKontakt="2002-10-17" ObjStrasseID="6721" ObjHausnummer="Hanebuthwinkel 27" ObjVorlage="2013-09-11 00:00:00.0" ObKeinKontakt="1" ObjArtID="10" Merkmal="0.0"/>
  <Objekte ObjID="16299" ObjAufnahme="2002-10-18" ObjLetztKontakt="2002-10-18" ObjStrasseID="7190" ObjHausnummer="Kneippweg 5" ObjVorlage="2013-09-11 00:00:00.0" ObKeinKontakt="5" ObjArtID="91" Merkmal="0.0"/>
  <Objekte ObjID="16300" ObjAufnahme="2002-10-22" ObjLetztKontakt="2002-10-22" ObjStrasseID="6188" ObjHausnummer="Darwinstraße 15A" ObjVorlage="2013-09-11 00:00:00.0" ObKeinKontakt="5" ObjArtID="201" Merkmal="0.0"/>
  <Objekte ObjID="16301" ObjAufnahme="2002-10-23" ObjLetztKontakt="2002-10-23" ObjStrasseID="3691" ObjHausnummer="Hauptstraße 89B" ObjVorlage="2013-09-11 00:00:00.0" ObKeinKontakt="5" ObjArtID="176" Merkmal="0.0"/>
  <Objekte ObjID="16302" ObjAufnahme="2002-10-24" ObjLetztKontakt="2002-10-24" ObjStrasseID="11707" ObjHausnummer="Saarstraße 19" ObjVorlage="2013-09-11 00:00:00.0" ObKeinKontakt="1" ObjArtID="21" Merkmal="0.0"/>
  <Objekte ObjID="16303" ObjAufnahme="2002-10-24" ObjLetztKontakt="2002-10-24" ObjStrasseID="5168" ObjHausnummer="Hainhäuser Weg 10" ObjVorlage="2013-09-11 00:00:00.0" ObKeinKontakt="1" ObjArtID="8" Merkmal="0.0"/>
  <Objekte ObjID="16304" ObjAufnahme="2002-10-25" ObjLetztKontakt="2002-10-25" ObjStrasseID="5811" ObjHausnummer="Appelstraße 42" ObjVorlage="2013-09-11 00:00:00.0" ObKeinKontakt="1" ObjArtID="8" Merkmal="0.0"/>
  <Objekte ObjID="16305" ObjAufnahme="2002-10-25" ObjLetztKontakt="2002-10-25" ObjStrasseID="5811" ObjHausnummer="Appelstraße 44" ObjVorlage="2013-09-11 00:00:00.0" ObKeinKontakt="1" ObjArtID="8" Merkmal="0.0"/>
  <Objekte ObjID="16306" ObjAufnahme="2002-10-25" ObjLetztKontakt="2002-10-25" ObjStrasseID="5811" ObjHausnummer="Appelstraße 40" ObjVorlage="2013-09-11 00:00:00.0" ObKeinKontakt="1" ObjArtID="8" Merkmal="0.0"/>
  <Objekte ObjID="16307" ObjAufnahme="2002-10-25" ObjLetztKontakt="2002-10-25" ObjStrasseID="5811" ObjHausnummer="Appelstraße 38" ObjVorlage="2013-09-11 00:00:00.0" ObKeinKontakt="1" ObjArtID="8" Merkmal="0.0"/>
  <Objekte ObjID="16308" ObjAufnahme="2002-10-25" ObjLetztKontakt="2002-10-25" ObjStrasseID="5811" ObjHausnummer="Appelstraße 36" ObjVorlage="2013-09-11 00:00:00.0" ObKeinKontakt="1" ObjArtID="8" Merkmal="0.0"/>
  <Objekte ObjID="16309" ObjAufnahme="2002-10-25" ObjLetztKontakt="2002-10-25" ObjStrasseID="5811" ObjHausnummer="Appelstraße 34" ObjVorlage="2013-09-11 00:00:00.0" ObKeinKontakt="1" ObjArtID="8" Merkmal="0.0"/>
  <Objekte ObjID="16310" ObjAufnahme="2002-10-25" ObjLetztKontakt="2002-10-25" ObjStrasseID="5811" ObjHausnummer="Appelstraße 35" ObjVorlage="2013-09-11 00:00:00.0" ObKeinKontakt="1" ObjArtID="8" Merkmal="0.0"/>
  <Objekte ObjID="16311" ObjAufnahme="2002-10-25" ObjLetztKontakt="2002-10-25" ObjStrasseID="5811" ObjHausnummer="Appelstraße 33" ObjVorlage="2013-09-11 00:00:00.0" ObKeinKontakt="1" ObjArtID="8" Merkmal="0.0"/>
  <Objekte ObjID="16312" ObjAufnahme="2002-10-25" ObjLetztKontakt="2002-10-25" ObjStrasseID="5811" ObjHausnummer="Appelstraße 25" ObjVorlage="2013-09-11 00:00:00.0" ObKeinKontakt="1" ObjArtID="8" Merkmal="0.0"/>
  <Objekte ObjID="16313" ObjAufnahme="2002-10-25" ObjLetztKontakt="2002-10-25" ObjStrasseID="5811" ObjHausnummer="Appelstraße 30" ObjVorlage="2013-09-11 00:00:00.0" ObKeinKontakt="1" ObjArtID="8" Merkmal="0.0"/>
  <Objekte ObjID="16314" ObjAufnahme="2002-10-25" ObjLetztKontakt="2002-10-25" ObjStrasseID="5811" ObjHausnummer="Appelstraße 28" ObjVorlage="2013-09-11 00:00:00.0" ObKeinKontakt="1" ObjArtID="8" Merkmal="0.0"/>
  <Objekte ObjID="16315" ObjAufnahme="2002-10-25" ObjLetztKontakt="2002-10-25" ObjStrasseID="5811" ObjHausnummer="Appelstraße 23" ObjVorlage="2013-09-11 00:00:00.0" ObKeinKontakt="1" ObjArtID="8" Merkmal="0.0"/>
  <Objekte ObjID="16316" ObjAufnahme="2002-10-25" ObjLetztKontakt="2002-10-25" ObjStrasseID="5811" ObjHausnummer="Appelstraße 21" ObjVorlage="2013-09-11 00:00:00.0" ObKeinKontakt="1" ObjArtID="8" Merkmal="0.0"/>
  <Objekte ObjID="16317" ObjAufnahme="2002-10-25" ObjLetztKontakt="2002-10-25" ObjStrasseID="5811" ObjHausnummer="Appelstraße 19" ObjVorlage="2013-09-11 00:00:00.0" ObKeinKontakt="1" ObjArtID="8" Merkmal="0.0"/>
  <Objekte ObjID="16318" ObjAufnahme="2002-10-25" ObjLetztKontakt="2002-10-25" ObjStrasseID="5811" ObjHausnummer="Appelstraße 17" ObjVorlage="2013-09-11 00:00:00.0" ObKeinKontakt="1" ObjArtID="8" Merkmal="0.0"/>
  <Objekte ObjID="16319" ObjAufnahme="2002-10-25" ObjLetztKontakt="2002-10-25" ObjStrasseID="5811" ObjHausnummer="Appelstraße 26" ObjVorlage="2013-09-11 00:00:00.0" ObKeinKontakt="1" ObjArtID="8" Merkmal="0.0"/>
  <Objekte ObjID="16320" ObjAufnahme="2002-10-25" ObjLetztKontakt="2002-10-25" ObjStrasseID="5811" ObjHausnummer="Appelstraße 24" ObjVorlage="2013-09-11 00:00:00.0" ObKeinKontakt="1" ObjArtID="167" Merkmal="0.0"/>
  <Objekte ObjID="16321" ObjAufnahme="2002-10-25" ObjLetztKontakt="2002-10-25" ObjStrasseID="5811" ObjHausnummer="Appelstraße 22" ObjVorlage="2013-09-11 00:00:00.0" ObKeinKontakt="1" ObjArtID="8" Merkmal="0.0"/>
  <Objekte ObjID="16322" ObjAufnahme="2002-10-25" ObjLetztKontakt="2002-10-25" ObjStrasseID="5811" ObjHausnummer="Appelstraße 20" ObjVorlage="2013-09-11 00:00:00.0" ObKeinKontakt="1" ObjArtID="8" Merkmal="0.0"/>
  <Objekte ObjID="16323" ObjAufnahme="2002-10-25" ObjLetztKontakt="2002-10-25" ObjStrasseID="5811" ObjHausnummer="Appelstraße 15" ObjVorlage="2013-09-11 00:00:00.0" ObKeinKontakt="1" ObjArtID="8" Merkmal="0.0"/>
  <Objekte ObjID="16324" ObjAufnahme="2002-10-25" ObjLetztKontakt="2002-10-25" ObjStrasseID="5811" ObjHausnummer="Appelstraße 7" ObjVorlage="2013-09-11 00:00:00.0" ObKeinKontakt="1" ObjArtID="8" Merkmal="0.0"/>
  <Objekte ObjID="16325" ObjAufnahme="2002-10-25" ObjLetztKontakt="2002-10-25" ObjStrasseID="5993" ObjHausnummer="Blumenhagenstraße 2" ObjVorlage="2013-09-11 00:00:00.0" ObKeinKontakt="1" ObjArtID="8" Merkmal="0.0"/>
  <Objekte ObjID="16326" ObjAufnahme="2002-10-25" ObjLetztKontakt="2002-10-25" ObjStrasseID="5993" ObjHausnummer="Blumenhagenstraße 1" ObjVorlage="2013-09-11 00:00:00.0" ObKeinKontakt="1" ObjArtID="8" Merkmal="0.0"/>
  <Objekte ObjID="16327" ObjAufnahme="2002-10-25" ObjLetztKontakt="2002-10-25" ObjStrasseID="5993" ObjHausnummer="Blumenhagenstraße 11" ObjVorlage="2013-09-11 00:00:00.0" ObKeinKontakt="1" ObjArtID="8" Merkmal="0.0"/>
  <Objekte ObjID="16328" ObjAufnahme="2002-10-28" ObjLetztKontakt="2002-10-28" ObjStrasseID="90" ObjHausnummer="Georgstraße 8" ObjVorlage="2013-09-11 00:00:00.0" ObKeinKontakt="1" ObjArtID="25" Merkmal="0.0"/>
  <Objekte ObjID="16329" ObjAufnahme="2002-10-29" ObjLetztKontakt="2002-10-29" ObjStrasseID="8500" ObjHausnummer="Wackenroderstraße 18" ObjVorlage="2013-09-11 00:00:00.0" ObKeinKontakt="1" ObjArtID="24" Merkmal="0.0"/>
  <Objekte ObjID="16330" ObjAufnahme="2002-10-29" ObjLetztKontakt="2002-10-29" ObjStrasseID="11717" ObjHausnummer="Wilhelm-Busch-Weg 5" ObjVorlage="2013-09-11 00:00:00.0" ObKeinKontakt="1" ObjArtID="84" Merkmal="0.0"/>
  <Objekte ObjID="16331" ObjAufnahme="2002-10-30" ObjLetztKontakt="2002-10-30" ObjStrasseID="11127" ObjHausnummer="Haydnweg 2" ObjVorlage="2013-09-11 00:00:00.0" ObKeinKontakt="1" ObjArtID="167" Merkmal="0.0"/>
  <Objekte ObjID="16332" ObjAufnahme="2002-10-31" ObjLetztKontakt="2002-10-31" ObjStrasseID="10318" ObjHausnummer="Am Wedemarkbad 19A" ObjVorlage="2013-09-11 00:00:00.0" ObKeinKontakt="1" ObjArtID="22" Merkmal="0.0"/>
  <Objekte ObjID="16333" ObjAufnahme="2002-11-04" ObjLetztKontakt="2002-11-04" ObjStrasseID="3328" ObjHausnummer="Dieterichsstraße 26" ObjVorlage="2013-09-11 00:00:00.0" ObKeinKontakt="1" ObjArtID="250" Merkmal="0.0"/>
  <Objekte ObjID="16334" ObjAufnahme="2002-11-05" ObjLetztKontakt="2002-11-05" ObjStrasseID="4602" ObjHausnummer="Saarweg 19" ObjVorlage="2013-09-11 00:00:00.0" ObKeinKontakt="1" ObjArtID="21" Merkmal="0.0"/>
  <Objekte ObjID="16335" ObjAufnahme="2002-11-06" ObjLetztKontakt="2002-11-06" ObjStrasseID="8509" ObjHausnummer="Waldstraße 23" ObjVorlage="2013-09-11 00:00:00.0" ObKeinKontakt="1" ObjArtID="170" Merkmal="0.0"/>
  <Objekte ObjID="16336" ObjAufnahme="2002-11-07" ObjLetztKontakt="2002-11-07" ObjStrasseID="4299" ObjHausnummer="Moulineauxplatz 7" ObjVorlage="2013-09-11 00:00:00.0" ObKeinKontakt="1" ObjArtID="118" Merkmal="0.0"/>
  <Objekte ObjID="16337" ObjAufnahme="2002-11-07" ObjLetztKontakt="2002-11-07" ObjStrasseID="8030" ObjHausnummer="Salzweg 65" ObjVorlage="2013-09-11 00:00:00.0" ObKeinKontakt="1" ObjArtID="8" Merkmal="0.0"/>
  <Objekte ObjID="16338" ObjAufnahme="2002-11-07" ObjLetztKontakt="2002-11-07" ObjStrasseID="11742" ObjHausnummer="Johannes-Schrader-Ring 52" ObjVorlage="2013-09-11 00:00:00.0" ObKeinKontakt="1" ObjArtID="8" Merkmal="0.0"/>
  <Objekte ObjID="16339" ObjAufnahme="2002-11-08" ObjLetztKontakt="2002-11-08" ObjStrasseID="7009" ObjHausnummer="Im Wölpfelde 12" ObjVorlage="2013-09-11 00:00:00.0" ObKeinKontakt="1" ObjArtID="1" Merkmal="0.0"/>
  <Objekte ObjID="16340" ObjAufnahme="2002-11-11" ObjLetztKontakt="2002-11-11" ObjStrasseID="11735" ObjHausnummer="Leibnitzstrasse 36" ObjVorlage="2013-09-11 00:00:00.0" ObKeinKontakt="1" ObjArtID="23" Merkmal="0.0"/>
  <Objekte ObjID="16341" ObjAufnahme="2002-11-13" ObjLetztKontakt="2002-11-13" ObjStrasseID="5811" ObjHausnummer="Appelstraße 27" ObjVorlage="2013-09-11 00:00:00.0" ObKeinKontakt="1" ObjArtID="166" Merkmal="0.0"/>
  <Objekte ObjID="16342" ObjAufnahme="2002-11-15" ObjLetztKontakt="2002-11-15" ObjStrasseID="11752" ObjHausnummer="Am Büchenfeld 43" ObjVorlage="2013-09-11 00:00:00.0" ObKeinKontakt="1" ObjArtID="24" Merkmal="0.0"/>
  <Objekte ObjID="16343" ObjAufnahme="2002-11-15" ObjLetztKontakt="2002-11-15" ObjStrasseID="4107" ObjHausnummer="Lange Weihe 23C" ObjVorlage="2013-09-11 00:00:00.0" ObKeinKontakt="1" ObjArtID="21" Merkmal="0.0"/>
  <Objekte ObjID="16344" ObjAufnahme="2002-11-15" ObjLetztKontakt="2002-11-15" ObjStrasseID="7497" ObjHausnummer="Matthäikirchstraße 76" ObjVorlage="2013-09-11 00:00:00.0" ObKeinKontakt="1" ObjArtID="8" Merkmal="0.0"/>
  <Objekte ObjID="16345" ObjAufnahme="2002-11-15" ObjLetztKontakt="2002-11-15" ObjStrasseID="6195" ObjHausnummer="Davenstedter Straße 17" ObjVorlage="2013-09-11 00:00:00.0" ObKeinKontakt="1" ObjArtID="117" Merkmal="0.0"/>
  <Objekte ObjID="16346" ObjAufnahme="2002-11-15" ObjLetztKontakt="2002-11-15" ObjStrasseID="6195" ObjHausnummer="Davenstedter Straße 17" ObjVorlage="2013-09-11 00:00:00.0" ObKeinKontakt="1" ObjArtID="96" Merkmal="0.0"/>
  <Objekte ObjID="16347" ObjAufnahme="2002-11-15" ObjLetztKontakt="2002-11-15" ObjStrasseID="6195" ObjHausnummer="Davenstedter Straße 17" ObjVorlage="2013-09-11 00:00:00.0" ObKeinKontakt="1" ObjArtID="167" Merkmal="0.0"/>
  <Objekte ObjID="16348" ObjAufnahme="2002-11-15" ObjLetztKontakt="2002-11-15" ObjStrasseID="6195" ObjHausnummer="Davenstedter Straße 17" ObjVorlage="2013-09-11 00:00:00.0" ObKeinKontakt="1" ObjArtID="118" Merkmal="0.0"/>
  <Objekte ObjID="16349" ObjAufnahme="2002-11-15" ObjLetztKontakt="2002-11-15" ObjStrasseID="6195" ObjHausnummer="Davenstedter Straße 17" ObjVorlage="2013-09-11 00:00:00.0" ObKeinKontakt="1" ObjArtID="201" Merkmal="0.0"/>
  <Objekte ObjID="16350" ObjAufnahme="2002-11-15" ObjLetztKontakt="2002-11-15" ObjStrasseID="6195" ObjHausnummer="Davenstedter Straße 17" ObjVorlage="2013-09-11 00:00:00.0" ObKeinKontakt="1" ObjArtID="14" Merkmal="0.0"/>
  <Objekte ObjID="16351" ObjAufnahme="2002-11-18" ObjLetztKontakt="2002-11-18" ObjStrasseID="3683" ObjHausnummer="Haasemannstraße 2" ObjVorlage="2013-09-11 00:00:00.0" ObKeinKontakt="1" ObjArtID="1" Merkmal="0.0"/>
  <Objekte ObjID="16352" ObjAufnahme="2002-11-18" ObjLetztKontakt="2002-11-18" ObjStrasseID="3683" ObjHausnummer="Haasemannstraße 5" ObjVorlage="2013-09-11 00:00:00.0" ObKeinKontakt="1" ObjArtID="1" Merkmal="0.0"/>
  <Objekte ObjID="16353" ObjAufnahme="2002-11-18" ObjLetztKontakt="2002-11-18" ObjStrasseID="3683" ObjHausnummer="Haasemannstraße 4" ObjVorlage="2013-09-11 00:00:00.0" ObKeinKontakt="1" ObjArtID="1" Merkmal="0.0"/>
  <Objekte ObjID="16354" ObjAufnahme="2002-11-18" ObjLetztKontakt="2002-11-18" ObjStrasseID="3683" ObjHausnummer="Haasemannstraße 8" ObjVorlage="2013-09-11 00:00:00.0" ObKeinKontakt="1" ObjArtID="1" Merkmal="0.0"/>
  <Objekte ObjID="16355" ObjAufnahme="2002-11-18" ObjLetztKontakt="2002-11-18" ObjStrasseID="3683" ObjHausnummer="Haasemannstraße 12" ObjVorlage="2013-09-11 00:00:00.0" ObKeinKontakt="1" ObjArtID="1" Merkmal="0.0"/>
  <Objekte ObjID="16356" ObjAufnahme="2002-11-18" ObjLetztKontakt="2002-11-18" ObjStrasseID="3683" ObjHausnummer="Haasemannstraße 11" ObjVorlage="2013-09-11 00:00:00.0" ObKeinKontakt="1" ObjArtID="1" Merkmal="0.0"/>
  <Objekte ObjID="16357" ObjAufnahme="2002-11-18" ObjLetztKontakt="2002-11-18" ObjStrasseID="7547" ObjHausnummer="Minister-Stüve-Straße 5" ObjVorlage="2013-09-11 00:00:00.0" ObKeinKontakt="1" ObjArtID="1" Merkmal="0.0"/>
  <Objekte ObjID="16358" ObjAufnahme="2002-11-18" ObjLetztKontakt="2002-11-18" ObjStrasseID="7044" ObjHausnummer="Jacobsstraße 7" ObjVorlage="2013-09-11 00:00:00.0" ObKeinKontakt="1" ObjArtID="1" Merkmal="0.0"/>
  <Objekte ObjID="16359" ObjAufnahme="2002-11-18" ObjLetztKontakt="2002-11-18" ObjStrasseID="7044" ObjHausnummer="Jacobsstraße 5" ObjVorlage="2013-09-11 00:00:00.0" ObKeinKontakt="1" ObjArtID="1" Merkmal="0.0"/>
  <Objekte ObjID="16360" ObjAufnahme="2002-11-18" ObjLetztKontakt="2002-11-18" ObjStrasseID="7044" ObjHausnummer="Jacobsstraße 4" ObjVorlage="2013-09-11 00:00:00.0" ObKeinKontakt="1" ObjArtID="1" Merkmal="0.0"/>
  <Objekte ObjID="16361" ObjAufnahme="2002-11-18" ObjLetztKontakt="2002-11-18" ObjStrasseID="7044" ObjHausnummer="Jacobsstraße 2A" ObjVorlage="2013-09-11 00:00:00.0" ObKeinKontakt="1" ObjArtID="1" Merkmal="0.0"/>
  <Objekte ObjID="16362" ObjAufnahme="2002-11-18" ObjLetztKontakt="2002-11-18" ObjStrasseID="7547" ObjHausnummer="Minister-Stüve-Straße 14" ObjVorlage="2013-09-11 00:00:00.0" ObKeinKontakt="1" ObjArtID="5" Merkmal="0.0"/>
  <Objekte ObjID="16363" ObjAufnahme="2002-11-18" ObjLetztKontakt="2002-11-18" ObjStrasseID="7547" ObjHausnummer="Minister-Stüve-Straße 15" ObjVorlage="2013-09-11 00:00:00.0" ObKeinKontakt="1" ObjArtID="1" Merkmal="0.0"/>
  <Objekte ObjID="16364" ObjAufnahme="2002-11-18" ObjLetztKontakt="2002-11-18" ObjStrasseID="7547" ObjHausnummer="Minister-Stüve-Straße 17" ObjVorlage="2013-09-11 00:00:00.0" ObKeinKontakt="1" ObjArtID="1" Merkmal="0.0"/>
  <Objekte ObjID="16365" ObjAufnahme="2002-11-18" ObjLetztKontakt="2002-11-18" ObjStrasseID="7547" ObjHausnummer="Minister-Stüve-Straße 18" ObjVorlage="2013-09-11 00:00:00.0" ObKeinKontakt="1" ObjArtID="1" Merkmal="0.0"/>
  <Objekte ObjID="16366" ObjAufnahme="2002-11-18" ObjLetztKontakt="2002-11-18" ObjStrasseID="6521" ObjHausnummer="Gartenallee 21" ObjVorlage="2013-09-11 00:00:00.0" ObKeinKontakt="1" ObjArtID="1" Merkmal="0.0"/>
  <Objekte ObjID="16367" ObjAufnahme="2002-11-18" ObjLetztKontakt="2002-11-18" ObjStrasseID="6521" ObjHausnummer="Gartenallee 20" ObjVorlage="2013-09-11 00:00:00.0" ObKeinKontakt="1" ObjArtID="1" Merkmal="0.0"/>
  <Objekte ObjID="16368" ObjAufnahme="2002-11-18" ObjLetztKontakt="2002-11-18" ObjStrasseID="6521" ObjHausnummer="Gartenallee 20A" ObjVorlage="2013-09-11 00:00:00.0" ObKeinKontakt="1" ObjArtID="1" Merkmal="0.0"/>
  <Objekte ObjID="16369" ObjAufnahme="2002-11-18" ObjLetztKontakt="2002-11-18" ObjStrasseID="6521" ObjHausnummer="Gartenallee 19" ObjVorlage="2013-09-11 00:00:00.0" ObKeinKontakt="1" ObjArtID="1" Merkmal="0.0"/>
  <Objekte ObjID="16370" ObjAufnahme="2002-11-18" ObjLetztKontakt="2002-11-18" ObjStrasseID="6521" ObjHausnummer="Gartenallee 18" ObjVorlage="2013-09-11 00:00:00.0" ObKeinKontakt="1" ObjArtID="1" Merkmal="0.0"/>
  <Objekte ObjID="16371" ObjAufnahme="2002-11-18" ObjLetztKontakt="2002-11-18" ObjStrasseID="7372" ObjHausnummer="Lichtenbergplatz 1" ObjVorlage="2013-09-11 00:00:00.0" ObKeinKontakt="1" ObjArtID="1" Merkmal="0.0"/>
  <Objekte ObjID="16372" ObjAufnahme="2002-11-18" ObjLetztKontakt="2002-11-18" ObjStrasseID="7372" ObjHausnummer="Lichtenbergplatz 2" ObjVorlage="2013-09-11 00:00:00.0" ObKeinKontakt="1" ObjArtID="1" Merkmal="0.0"/>
  <Objekte ObjID="16373" ObjAufnahme="2002-11-18" ObjLetztKontakt="2002-11-18" ObjStrasseID="7372" ObjHausnummer="Lichtenbergplatz 8" ObjVorlage="2013-09-11 00:00:00.0" ObKeinKontakt="1" ObjArtID="1" Merkmal="0.0"/>
  <Objekte ObjID="16374" ObjAufnahme="2002-11-18" ObjLetztKontakt="2002-11-18" ObjStrasseID="7372" ObjHausnummer="Lichtenbergplatz 4" ObjVorlage="2013-09-11 00:00:00.0" ObKeinKontakt="1" ObjArtID="1" Merkmal="0.0"/>
  <Objekte ObjID="16375" ObjAufnahme="2002-11-18" ObjLetztKontakt="2002-11-18" ObjStrasseID="7372" ObjHausnummer="Lichtenbergplatz 6" ObjVorlage="2013-09-11 00:00:00.0" ObKeinKontakt="1" ObjArtID="1" Merkmal="0.0"/>
  <Objekte ObjID="16376" ObjAufnahme="2002-11-20" ObjLetztKontakt="2002-11-20" ObjStrasseID="11764" ObjHausnummer="Theodor-Storm-Straße 7" ObjVorlage="2013-09-11 00:00:00.0" ObKeinKontakt="1" ObjArtID="176" Merkmal="0.0"/>
  <Objekte ObjID="16377" ObjAufnahme="2002-11-20" ObjLetztKontakt="2002-11-20" ObjStrasseID="11765" ObjHausnummer="Erlenstraße 5" ObjVorlage="2013-09-11 00:00:00.0" ObKeinKontakt="1" ObjArtID="176" Merkmal="0.0"/>
  <Objekte ObjID="16378" ObjAufnahme="2002-11-22" ObjLetztKontakt="2002-11-22" ObjStrasseID="6985" ObjHausnummer="Im Kreuzkampe 1" ObjVorlage="2013-09-11 00:00:00.0" ObKeinKontakt="1" ObjArtID="167" Merkmal="0.0"/>
  <Objekte ObjID="16379" ObjAufnahme="2002-11-22" ObjLetztKontakt="2002-11-22" ObjStrasseID="6985" ObjHausnummer="Im Kreuzkampe 1" ObjVorlage="2013-09-11 00:00:00.0" ObKeinKontakt="1" ObjArtID="75" Merkmal="0.0"/>
  <Objekte ObjID="16380" ObjAufnahme="2002-11-26" ObjLetztKontakt="2002-11-26" ObjStrasseID="8703" ObjHausnummer="Zeißstraße 9" ObjVorlage="2013-09-11 00:00:00.0" ObKeinKontakt="1" ObjArtID="250" Merkmal="0.0"/>
  <Objekte ObjID="16381" ObjAufnahme="2002-11-27" ObjLetztKontakt="2002-11-27" ObjStrasseID="9664" ObjHausnummer="Altes Dorf 6E" ObjVorlage="2013-09-11 00:00:00.0" ObKeinKontakt="1" ObjArtID="176" Merkmal="0.0"/>
  <Objekte ObjID="16382" ObjAufnahme="2002-11-27" ObjLetztKontakt="2002-11-27" ObjStrasseID="7643" ObjHausnummer="Nikolaistraße 3" ObjVorlage="2013-09-11 00:00:00.0" ObKeinKontakt="1" ObjArtID="11" Merkmal="0.0"/>
  <Objekte ObjID="16383" ObjAufnahme="2002-11-28" ObjLetztKontakt="2002-11-28" ObjStrasseID="4357" ObjHausnummer="Normannische Straße 6B" ObjVorlage="2013-09-11 00:00:00.0" ObKeinKontakt="1" ObjArtID="21" Merkmal="0.0"/>
  <Objekte ObjID="16384" ObjAufnahme="2002-11-28" ObjLetztKontakt="2002-11-28" ObjStrasseID="8060" ObjHausnummer="Scheibenstandsweg 16" ObjVorlage="2013-09-11 00:00:00.0" ObKeinKontakt="1" ObjArtID="22" Merkmal="0.0"/>
  <Objekte ObjID="16385" ObjAufnahme="2002-11-29" ObjLetztKontakt="2002-11-29" ObjStrasseID="6834" ObjHausnummer="Hengstmannstraße 9" ObjVorlage="2013-09-11 00:00:00.0" ObKeinKontakt="1" ObjArtID="1" Merkmal="0.0"/>
  <Objekte ObjID="16386" ObjAufnahme="2002-11-29" ObjLetztKontakt="2002-11-29" ObjStrasseID="6892" ObjHausnummer="Hischestraße 1" ObjVorlage="2013-09-11 00:00:00.0" ObKeinKontakt="1" ObjArtID="1" Merkmal="0.0"/>
  <Objekte ObjID="16387" ObjAufnahme="2002-11-29" ObjLetztKontakt="2002-11-29" ObjStrasseID="6002" ObjHausnummer="Bödekerstraße 27" ObjVorlage="2013-09-11 00:00:00.0" ObKeinKontakt="1" ObjArtID="1" Merkmal="0.0"/>
  <Objekte ObjID="16388" ObjAufnahme="2002-12-03" ObjLetztKontakt="2002-12-03" ObjStrasseID="6684" ObjHausnummer="Guts-Muths-Straße 18" ObjVorlage="2013-09-11 00:00:00.0" ObKeinKontakt="1" ObjArtID="1" Merkmal="0.0"/>
  <Objekte ObjID="16389" ObjAufnahme="2002-12-04" ObjLetztKontakt="2002-12-04" ObjStrasseID="5743" ObjHausnummer="An den Eichhölzern 15" ObjVorlage="2013-09-11 00:00:00.0" ObKeinKontakt="1" ObjArtID="23" Merkmal="0.0"/>
  <Objekte ObjID="16390" ObjAufnahme="2002-12-04" ObjLetztKontakt="2002-12-04" ObjStrasseID="7169" ObjHausnummer="Kleine Düwelstraße 13B" ObjVorlage="2013-09-11 00:00:00.0" ObKeinKontakt="1" ObjArtID="54" Merkmal="0.0"/>
  <Objekte ObjID="16391" ObjAufnahme="2002-12-05" ObjLetztKontakt="2003-02-11" ObjStrasseID="3263" ObjHausnummer="Bürgermeister-Fink-Straße 49" ObjVorlage="2013-09-11 00:00:00.0" ObKeinKontakt="1" ObjArtID="1" Merkmal="0.0"/>
  <Objekte ObjID="16392" ObjAufnahme="2002-12-05" ObjLetztKontakt="2002-12-05" ObjStrasseID="7790" ObjHausnummer="Plathnerstraße 68" ObjVorlage="2013-09-11 00:00:00.0" ObKeinKontakt="1" ObjArtID="96" Merkmal="0.0"/>
  <Objekte ObjID="16393" ObjAufnahme="2002-12-05" ObjLetztKontakt="2002-12-05" ObjStrasseID="7790" ObjHausnummer="Plathnerstraße 68" ObjVorlage="2013-09-11 00:00:00.0" ObKeinKontakt="1" ObjArtID="98" Merkmal="0.0"/>
  <Objekte ObjID="16394" ObjAufnahme="2002-12-06" ObjLetztKontakt="2002-12-06" ObjStrasseID="6289" ObjHausnummer="Echterngrund 20" ObjVorlage="2013-09-11 00:00:00.0" ObKeinKontakt="1" ObjArtID="8" Merkmal="0.0"/>
  <Objekte ObjID="16395" ObjAufnahme="2002-12-06" ObjLetztKontakt="2002-12-06" ObjStrasseID="8916" ObjHausnummer="Am Schafbrinke 60A" ObjVorlage="2013-09-11 00:00:00.0" ObKeinKontakt="1" ObjArtID="20" Merkmal="0.0"/>
  <Objekte ObjID="16396" ObjAufnahme="2002-12-09" ObjLetztKontakt="2002-12-09" ObjStrasseID="8798" ObjHausnummer="Otto-Hahn-Str. 21" ObjVorlage="2013-09-11 00:00:00.0" ObKeinKontakt="1" ObjArtID="56" Merkmal="0.0"/>
  <Objekte ObjID="16397" ObjAufnahme="2002-12-11" ObjLetztKontakt="2002-12-11" ObjStrasseID="7359" ObjHausnummer="Lerchenstieg 4A" ObjVorlage="2013-09-11 00:00:00.0" ObKeinKontakt="1" ObjArtID="8" Merkmal="0.0"/>
  <Objekte ObjID="16398" ObjAufnahme="2002-12-12" ObjLetztKontakt="2002-12-12" ObjStrasseID="8377" ObjHausnummer="Tiefe Riehe 22" ObjVorlage="2013-09-11 00:00:00.0" ObKeinKontakt="1" ObjArtID="167" Merkmal="0.0"/>
  <Objekte ObjID="16399" ObjAufnahme="2002-12-19" ObjLetztKontakt="2002-12-19" ObjStrasseID="6479" ObjHausnummer="Friedrich-Ebert-Straße 47" ObjVorlage="2013-09-11 00:00:00.0" ObKeinKontakt="1" ObjArtID="1" Merkmal="0.0"/>
  <Objekte ObjID="16400" ObjAufnahme="2002-12-19" ObjLetztKontakt="2002-12-19" ObjStrasseID="6764" ObjHausnummer="Hauffstraße 24" ObjVorlage="2013-09-11 00:00:00.0" ObKeinKontakt="5" ObjArtID="54" Merkmal="0.0"/>
  <Objekte ObjID="16401" ObjAufnahme="2002-12-19" ObjLetztKontakt="2002-12-19" ObjStrasseID="3328" ObjHausnummer="Dieterichsstraße 26" ObjVorlage="2013-09-11 00:00:00.0" ObKeinKontakt="5" ObjArtID="166" Merkmal="0.0"/>
  <Objekte ObjID="16402" ObjAufnahme="2003-01-01" ObjLetztKontakt="2003-01-01" ObjStrasseID="6432" ObjHausnummer="Flöthwiesen 3" ObjVorlage="2013-09-11 00:00:00.0" ObKeinKontakt="1" ObjArtID="8" Merkmal="0.0"/>
  <Objekte ObjID="16403" ObjAufnahme="2003-01-01" ObjLetztKontakt="2003-01-01" ObjStrasseID="9431" ObjHausnummer="Am Rothbusch 13" ObjVorlage="2013-09-11 00:00:00.0" ObKeinKontakt="1" ObjArtID="22" Merkmal="0.0"/>
  <Objekte ObjID="16404" ObjAufnahme="2003-01-06" ObjLetztKontakt="2003-01-06" ObjStrasseID="7802" ObjHausnummer="Podbielskistraße 135" ObjVorlage="2013-09-11 00:00:00.0" ObKeinKontakt="1" ObjArtID="98" Merkmal="0.0"/>
  <Objekte ObjID="16405" ObjAufnahme="2003-01-07" ObjLetztKontakt="2003-01-07" ObjStrasseID="8482" ObjHausnummer="Volgersweg 42" ObjVorlage="2013-09-11 00:00:00.0" ObKeinKontakt="1" ObjArtID="173" Merkmal="0.0"/>
  <Objekte ObjID="16406" ObjAufnahme="2003-01-09" ObjLetztKontakt="2005-12-12" ObjStrasseID="5955" ObjHausnummer="Billweg 6" ObjVorlage="2013-09-11 00:00:00.0" ObKeinKontakt="1" ObjArtID="5" Merkmal="0.0"/>
  <Objekte ObjID="16407" ObjAufnahme="2003-01-09" ObjLetztKontakt="2003-01-09" ObjStrasseID="7534" ObjHausnummer="Meterstraße 38" ObjVorlage="2013-09-11 00:00:00.0" ObKeinKontakt="1" ObjArtID="229" Merkmal="0.0"/>
  <Objekte ObjID="16408" ObjAufnahme="2003-01-09" ObjLetztKontakt="2003-01-09" ObjStrasseID="6610" ObjHausnummer="Göttinger Hof 8A" ObjVorlage="2013-09-11 00:00:00.0" ObKeinKontakt="1" ObjArtID="98" Merkmal="0.0"/>
  <Objekte ObjID="16409" ObjAufnahme="2003-01-09" ObjLetztKontakt="2003-01-09" ObjStrasseID="5928" ObjHausnummer="Berliner Straße 17" ObjVorlage="2013-09-11 00:00:00.0" ObKeinKontakt="1" ObjArtID="96" Merkmal="0.0"/>
  <Objekte ObjID="16410" ObjAufnahme="2003-01-10" ObjLetztKontakt="2003-01-10" ObjStrasseID="6611" ObjHausnummer="Göttinger Straße 54" ObjVorlage="2013-09-11 00:00:00.0" ObKeinKontakt="1" ObjArtID="5" Merkmal="0.0"/>
  <Objekte ObjID="16411" ObjAufnahme="2003-01-13" ObjLetztKontakt="2003-01-13" ObjStrasseID="4107" ObjHausnummer="Lange Weihe 99" ObjVorlage="2013-09-11 00:00:00.0" ObKeinKontakt="1" ObjArtID="118" Merkmal="0.0"/>
  <Objekte ObjID="16412" ObjAufnahme="2003-01-14" ObjLetztKontakt="2003-01-14" ObjStrasseID="10989" ObjHausnummer="Marktstraße 24" ObjVorlage="2013-09-11 00:00:00.0" ObKeinKontakt="1" ObjArtID="167" Merkmal="0.0"/>
  <Objekte ObjID="16413" ObjAufnahme="2003-01-15" ObjLetztKontakt="2003-01-15" ObjStrasseID="5553" ObjHausnummer="Ahrbergstraße 14" ObjVorlage="2013-09-11 00:00:00.0" ObKeinKontakt="1" ObjArtID="167" Merkmal="0.0"/>
  <Objekte ObjID="16414" ObjAufnahme="2003-01-15" ObjLetztKontakt="2003-01-15" ObjStrasseID="11864" ObjHausnummer="Stettiner Straße 17" ObjVorlage="2013-09-11 00:00:00.0" ObKeinKontakt="1" ObjArtID="22" Merkmal="0.0"/>
  <Objekte ObjID="16415" ObjAufnahme="2003-01-16" ObjLetztKontakt="2003-01-16" ObjStrasseID="7027" ObjHausnummer="In der Rehre 29" ObjVorlage="2013-09-11 00:00:00.0" ObKeinKontakt="1" ObjArtID="200" Merkmal="0.0"/>
  <Objekte ObjID="16416" ObjAufnahme="2003-01-16" ObjLetztKontakt="2003-01-16" ObjStrasseID="9745" ObjHausnummer="Sollingstraße 16" ObjVorlage="2013-09-11 00:00:00.0" ObKeinKontakt="1" ObjArtID="173" Merkmal="0.0"/>
  <Objekte ObjID="16417" ObjAufnahme="2003-01-17" ObjLetztKontakt="2003-01-17" ObjStrasseID="11871" ObjHausnummer="Wilhelm-von-Ketteler-Straße 16" ObjVorlage="2013-09-11 00:00:00.0" ObKeinKontakt="1" ObjArtID="8" Merkmal="0.0"/>
  <Objekte ObjID="16418" ObjAufnahme="2003-01-17" ObjLetztKontakt="2003-01-17" ObjStrasseID="11872" ObjHausnummer="Wilhelm-Raabe-Straße 14" ObjVorlage="2013-09-11 00:00:00.0" ObKeinKontakt="1" ObjArtID="178" Merkmal="0.0"/>
  <Objekte ObjID="16419" ObjAufnahme="2003-01-17" ObjLetztKontakt="2003-01-17" ObjStrasseID="4635" ObjHausnummer="Scheelenkamp 15" ObjVorlage="2013-09-11 00:00:00.0" ObKeinKontakt="1" ObjArtID="8" Merkmal="0.0"/>
  <Objekte ObjID="16420" ObjAufnahme="2003-01-18" ObjLetztKontakt="2003-01-18" ObjStrasseID="3052" ObjHausnummer="August-Bebel-Straße 9" ObjVorlage="2013-09-11 00:00:00.0" ObKeinKontakt="1" ObjArtID="10" Merkmal="0.0"/>
  <Objekte ObjID="16421" ObjAufnahme="2003-01-18" ObjLetztKontakt="2003-01-18" ObjStrasseID="3052" ObjHausnummer="August-Bebel-Straße 11" ObjVorlage="2013-09-11 00:00:00.0" ObKeinKontakt="1" ObjArtID="10" Merkmal="0.0"/>
  <Objekte ObjID="16422" ObjAufnahme="2003-01-21" ObjLetztKontakt="2003-01-21" ObjStrasseID="4654" ObjHausnummer="Schlehenweg 14" ObjVorlage="2013-09-11 00:00:00.0" ObKeinKontakt="1" ObjArtID="26" Merkmal="0.0"/>
  <Objekte ObjID="16423" ObjAufnahme="2003-01-22" ObjLetztKontakt="2003-01-22" ObjStrasseID="11891" ObjHausnummer="Nordstraße 2" ObjVorlage="2013-09-11 00:00:00.0" ObKeinKontakt="1" ObjArtID="20" Merkmal="0.0"/>
  <Objekte ObjID="16424" ObjAufnahme="2003-01-23" ObjLetztKontakt="2003-01-23" ObjStrasseID="11283" ObjHausnummer="Hindenburgallee 3" ObjVorlage="2013-09-11 00:00:00.0" ObKeinKontakt="1" ObjArtID="20" Merkmal="0.0"/>
  <Objekte ObjID="16425" ObjAufnahme="2003-01-24" ObjLetztKontakt="2003-01-24" ObjStrasseID="3648" ObjHausnummer="Harkenblecker Straße 44" ObjVorlage="2013-09-11 00:00:00.0" ObKeinKontakt="1" ObjArtID="22" Merkmal="0.0"/>
  <Objekte ObjID="16426" ObjAufnahme="2003-01-27" ObjLetztKontakt="2003-01-27" ObjStrasseID="10260" ObjHausnummer="Großer Weg 4" ObjVorlage="2013-09-11 00:00:00.0" ObKeinKontakt="1" ObjArtID="20" Merkmal="0.0"/>
  <Objekte ObjID="16427" ObjAufnahme="2003-01-27" ObjLetztKontakt="2003-01-27" ObjStrasseID="5234" ObjHausnummer="Walsroder Straße 4" ObjVorlage="2013-09-11 00:00:00.0" ObKeinKontakt="1" ObjArtID="173" Merkmal="0.0"/>
  <Objekte ObjID="16428" ObjAufnahme="2003-01-27" ObjLetztKontakt="2003-01-27" ObjStrasseID="11037" ObjHausnummer="Neue Wiesen 15" ObjVorlage="2013-09-11 00:00:00.0" ObKeinKontakt="1" ObjArtID="201" Merkmal="0.0"/>
  <Objekte ObjID="16429" ObjAufnahme="2003-01-27" ObjLetztKontakt="2003-01-27" ObjStrasseID="11909" ObjHausnummer="Hagebuttenweg 1A" ObjVorlage="2013-09-11 00:00:00.0" ObKeinKontakt="1" ObjArtID="24" Merkmal="0.0"/>
  <Objekte ObjID="16430" ObjAufnahme="2003-01-28" ObjLetztKontakt="2003-01-28" ObjStrasseID="6132" ObjHausnummer="Callinstraße 12" ObjVorlage="2013-09-11 00:00:00.0" ObKeinKontakt="1" ObjArtID="75" Merkmal="0.0"/>
  <Objekte ObjID="16431" ObjAufnahme="2003-01-28" ObjLetztKontakt="2003-01-28" ObjStrasseID="6648" ObjHausnummer="Große Düwelstraße 47" ObjVorlage="2013-09-11 00:00:00.0" ObKeinKontakt="1" ObjArtID="1" Merkmal="0.0"/>
  <Objekte ObjID="16432" ObjAufnahme="2003-01-28" ObjLetztKontakt="2003-01-28" ObjStrasseID="6648" ObjHausnummer="Große Düwelstraße 47A" ObjVorlage="2013-09-11 00:00:00.0" ObKeinKontakt="1" ObjArtID="1" Merkmal="0.0"/>
  <Objekte ObjID="16433" ObjAufnahme="2003-01-29" ObjLetztKontakt="2003-01-29" ObjStrasseID="10643" ObjHausnummer="Erlkönigweg 12" ObjVorlage="2013-09-11 00:00:00.0" ObKeinKontakt="1" ObjArtID="176" Merkmal="0.0"/>
  <Objekte ObjID="16434" ObjAufnahme="2003-01-29" ObjLetztKontakt="2003-01-29" ObjStrasseID="11758" ObjHausnummer="Im Strauchgarten 1" ObjVorlage="2013-09-11 00:00:00.0" ObKeinKontakt="1" ObjArtID="8" Merkmal="0.0"/>
  <Objekte ObjID="16435" ObjAufnahme="2003-01-31" ObjLetztKontakt="2003-01-31" ObjStrasseID="11920" ObjHausnummer="Am Weißdornbusch 44" ObjVorlage="2013-09-11 00:00:00.0" ObKeinKontakt="1" ObjArtID="8" Merkmal="0.0"/>
  <Objekte ObjID="16436" ObjAufnahme="2003-01-31" ObjLetztKontakt="2003-01-31" ObjStrasseID="11921" ObjHausnummer="Am Schlehenbusch 6" ObjVorlage="2013-09-11 00:00:00.0" ObKeinKontakt="1" ObjArtID="23" Merkmal="0.0"/>
  <Objekte ObjID="16437" ObjAufnahme="2003-02-03" ObjLetztKontakt="2003-02-03" ObjStrasseID="11926" ObjHausnummer="Breite Straße 6" ObjVorlage="2013-09-11 00:00:00.0" ObKeinKontakt="1" ObjArtID="8" Merkmal="0.0"/>
  <Objekte ObjID="16438" ObjAufnahme="2003-02-04" ObjLetztKontakt="2003-02-04" ObjStrasseID="7885" ObjHausnummer="Richard-Lattorf-Straße 53" ObjVorlage="2013-09-11 00:00:00.0" ObKeinKontakt="1" ObjArtID="96" Merkmal="0.0"/>
  <Objekte ObjID="16439" ObjAufnahme="2003-02-05" ObjLetztKontakt="2003-02-05" ObjStrasseID="6846" ObjHausnummer="Hermann-Bahlsen-Allee 49" ObjVorlage="2013-09-11 00:00:00.0" ObKeinKontakt="1" ObjArtID="18" Merkmal="0.0"/>
  <Objekte ObjID="16440" ObjAufnahme="2003-02-06" ObjLetztKontakt="2003-02-06" ObjStrasseID="10080" ObjHausnummer="Gartenweg 15" ObjVorlage="2013-09-11 00:00:00.0" ObKeinKontakt="1" ObjArtID="8" Merkmal="0.0"/>
  <Objekte ObjID="16441" ObjAufnahme="2003-02-06" ObjLetztKontakt="2003-02-06" ObjStrasseID="4246" ObjHausnummer="Max-Born-Weg 3" ObjVorlage="2013-09-11 00:00:00.0" ObKeinKontakt="1" ObjArtID="159" Merkmal="0.0"/>
  <Objekte ObjID="16442" ObjAufnahme="2003-02-06" ObjLetztKontakt="2003-02-06" ObjStrasseID="11939" ObjHausnummer="Falkenweg 9" ObjVorlage="2013-09-11 00:00:00.0" ObKeinKontakt="1" ObjArtID="200" Merkmal="0.0"/>
  <Objekte ObjID="16443" ObjAufnahme="2003-02-06" ObjLetztKontakt="2003-02-06" ObjStrasseID="4747" ObjHausnummer="Söseweg 6" ObjVorlage="2013-09-11 00:00:00.0" ObKeinKontakt="1" ObjArtID="146" Merkmal="0.0"/>
  <Objekte ObjID="16444" ObjAufnahme="2003-02-06" ObjLetztKontakt="2003-02-06" ObjStrasseID="4056" ObjHausnummer="Konrad-Adenauer-Straße 42" ObjVorlage="2013-09-11 00:00:00.0" ObKeinKontakt="1" ObjArtID="228" Merkmal="0.0"/>
  <Objekte ObjID="16445" ObjAufnahme="2003-02-07" ObjLetztKontakt="2003-02-07" ObjStrasseID="6782" ObjHausnummer="Heidering 30" ObjVorlage="2013-09-11 00:00:00.0" ObKeinKontakt="1" ObjArtID="167" Merkmal="0.0"/>
  <Objekte ObjID="16446" ObjAufnahme="2003-02-10" ObjLetztKontakt="2003-02-10" ObjStrasseID="11945" ObjHausnummer="Koppelweg 12" ObjVorlage="2013-09-11 00:00:00.0" ObKeinKontakt="1" ObjArtID="54" Merkmal="0.0"/>
  <Objekte ObjID="16447" ObjAufnahme="2003-02-11" ObjLetztKontakt="2003-02-11" ObjStrasseID="5869" ObjHausnummer="Bandelstraße 6" ObjVorlage="2013-09-11 00:00:00.0" ObKeinKontakt="1" ObjArtID="201" Merkmal="0.0"/>
  <Objekte ObjID="16448" ObjAufnahme="2003-02-11" ObjLetztKontakt="2003-02-11" ObjStrasseID="7182" ObjHausnummer="Klingerstraße 10" ObjVorlage="2013-09-11 00:00:00.0" ObKeinKontakt="1" ObjArtID="1" Merkmal="0.0"/>
  <Objekte ObjID="16449" ObjAufnahme="2003-02-11" ObjLetztKontakt="2003-02-11" ObjStrasseID="7182" ObjHausnummer="Klingerstraße 12" ObjVorlage="2013-09-11 00:00:00.0" ObKeinKontakt="1" ObjArtID="1" Merkmal="0.0"/>
  <Objekte ObjID="16450" ObjAufnahme="2003-02-11" ObjLetztKontakt="2003-02-11" ObjStrasseID="7182" ObjHausnummer="Klingerstraße 14" ObjVorlage="2013-09-11 00:00:00.0" ObKeinKontakt="1" ObjArtID="1" Merkmal="0.0"/>
  <Objekte ObjID="16451" ObjAufnahme="2003-02-11" ObjLetztKontakt="2003-02-11" ObjStrasseID="7182" ObjHausnummer="Klingerstraße 16" ObjVorlage="2013-09-11 00:00:00.0" ObKeinKontakt="1" ObjArtID="1" Merkmal="0.0"/>
  <Objekte ObjID="16452" ObjAufnahme="2003-02-11" ObjLetztKontakt="2003-02-11" ObjStrasseID="6032" ObjHausnummer="Bornhof 2" ObjVorlage="2013-09-11 00:00:00.0" ObKeinKontakt="1" ObjArtID="167" Merkmal="0.0"/>
  <Objekte ObjID="16453" ObjAufnahme="2003-02-13" ObjLetztKontakt="2003-02-13" ObjStrasseID="11953" ObjHausnummer="Rudolf-Wahrendorff-Straße 6" ObjVorlage="2013-09-11 00:00:00.0" ObKeinKontakt="1" ObjArtID="8" Merkmal="0.0"/>
  <Objekte ObjID="16454" ObjAufnahme="2003-02-13" ObjLetztKontakt="2003-02-13" ObjStrasseID="11142" ObjHausnummer="Adolf-Kolping-Straße 26" ObjVorlage="2013-09-11 00:00:00.0" ObKeinKontakt="1" ObjArtID="21" Merkmal="0.0"/>
  <Objekte ObjID="16455" ObjAufnahme="2003-02-13" ObjLetztKontakt="2003-02-13" ObjStrasseID="6836" ObjHausnummer="Henniesruh 57C" ObjVorlage="2013-09-11 00:00:00.0" ObKeinKontakt="1" ObjArtID="178" Merkmal="0.0"/>
  <Objekte ObjID="16456" ObjAufnahme="2003-02-13" ObjLetztKontakt="2003-02-13" ObjStrasseID="11955" ObjHausnummer="Hohe Heide 44" ObjVorlage="2013-09-11 00:00:00.0" ObKeinKontakt="1" ObjArtID="8" Merkmal="0.0"/>
  <Objekte ObjID="16457" ObjAufnahme="2003-02-14" ObjLetztKontakt="2003-02-14" ObjStrasseID="7830" ObjHausnummer="Querstraße 27" ObjVorlage="2013-09-11 00:00:00.0" ObKeinKontakt="1" ObjArtID="1" Merkmal="0.0"/>
  <Objekte ObjID="16458" ObjAufnahme="2003-02-14" ObjLetztKontakt="2003-02-14" ObjStrasseID="7830" ObjHausnummer="Querstraße 29" ObjVorlage="2013-09-11 00:00:00.0" ObKeinKontakt="1" ObjArtID="1" Merkmal="0.0"/>
  <Objekte ObjID="16459" ObjAufnahme="2003-02-14" ObjLetztKontakt="2003-02-14" ObjStrasseID="2857" ObjHausnummer="Alte Stöckener Straße 28" ObjVorlage="2013-09-11 00:00:00.0" ObKeinKontakt="1" ObjArtID="75" Merkmal="0.0"/>
  <Objekte ObjID="16460" ObjAufnahme="2003-02-19" ObjLetztKontakt="2003-02-19" ObjStrasseID="10196" ObjHausnummer="Liebigstraße 59" ObjVorlage="2013-09-11 00:00:00.0" ObKeinKontakt="1" ObjArtID="22" Merkmal="0.0"/>
  <Objekte ObjID="16461" ObjAufnahme="2003-02-19" ObjLetztKontakt="2003-02-19" ObjStrasseID="5918" ObjHausnummer="Bergiusstraße 20" ObjVorlage="2013-09-11 00:00:00.0" ObKeinKontakt="1" ObjArtID="117" Merkmal="0.0"/>
  <Objekte ObjID="16462" ObjAufnahme="2003-02-20" ObjLetztKontakt="2003-02-20" ObjStrasseID="7616" ObjHausnummer="Nestroyweg 10" ObjVorlage="2013-09-11 00:00:00.0" ObKeinKontakt="1" ObjArtID="167" Merkmal="0.0"/>
  <Objekte ObjID="16463" ObjAufnahme="2003-02-20" ObjLetztKontakt="2003-04-01" ObjStrasseID="7830" ObjHausnummer="Querstraße 5" ObjVorlage="2013-09-11 00:00:00.0" ObKeinKontakt="1" ObjArtID="1" Merkmal="0.0"/>
  <Objekte ObjID="16464" ObjAufnahme="2003-02-21" ObjLetztKontakt="2003-04-01" ObjStrasseID="7830" ObjHausnummer="Querstraße 5A" ObjVorlage="2013-09-11 00:00:00.0" ObKeinKontakt="1" ObjArtID="1" Merkmal="0.0"/>
  <Objekte ObjID="16465" ObjAufnahme="2003-02-26" ObjLetztKontakt="2003-02-26" ObjStrasseID="6514" ObjHausnummer="Gandhistraße 4" ObjVorlage="2013-09-11 00:00:00.0" ObKeinKontakt="1" ObjArtID="200" Merkmal="0.0"/>
  <Objekte ObjID="16466" ObjAufnahme="2003-02-27" ObjLetztKontakt="2003-02-27" ObjStrasseID="7596" ObjHausnummer="Muthesiusweg 48A" ObjVorlage="2013-09-11 00:00:00.0" ObKeinKontakt="1" ObjArtID="24" Merkmal="0.0"/>
  <Objekte ObjID="16467" ObjAufnahme="2003-02-27" ObjLetztKontakt="2003-02-27" ObjStrasseID="11984" ObjHausnummer="Turmalinstraße 1" ObjVorlage="2013-09-11 00:00:00.0" ObKeinKontakt="1" ObjArtID="22" Merkmal="0.0"/>
  <Objekte ObjID="16468" ObjAufnahme="2003-02-28" ObjLetztKontakt="2003-02-28" ObjStrasseID="6721" ObjHausnummer="Hanebuthwinkel 25" ObjVorlage="2013-09-11 00:00:00.0" ObKeinKontakt="1" ObjArtID="20" Merkmal="0.0"/>
  <Objekte ObjID="16469" ObjAufnahme="2003-03-04" ObjLetztKontakt="2003-03-04" ObjStrasseID="7790" ObjHausnummer="Plathnerstraße 68" ObjVorlage="2013-09-11 00:00:00.0" ObKeinKontakt="1" ObjArtID="229" Merkmal="0.0"/>
  <Objekte ObjID="16470" ObjAufnahme="2003-03-04" ObjLetztKontakt="2003-03-04" ObjStrasseID="11996" ObjHausnummer="Lindhorstweg 13" ObjVorlage="2013-09-11 00:00:00.0" ObKeinKontakt="1" ObjArtID="24" Merkmal="0.0"/>
  <Objekte ObjID="16471" ObjAufnahme="2003-03-04" ObjLetztKontakt="2003-03-04" ObjStrasseID="11996" ObjHausnummer="Lindhorstweg 13A" ObjVorlage="2013-09-11 00:00:00.0" ObKeinKontakt="1" ObjArtID="24" Merkmal="0.0"/>
  <Objekte ObjID="16472" ObjAufnahme="2003-03-04" ObjLetztKontakt="2003-03-04" ObjStrasseID="10642" ObjHausnummer="Zuckerstraße 4C" ObjVorlage="2013-09-11 00:00:00.0" ObKeinKontakt="1" ObjArtID="21" Merkmal="0.0"/>
  <Objekte ObjID="16473" ObjAufnahme="2003-03-04" ObjLetztKontakt="2003-03-04" ObjStrasseID="8795" ObjHausnummer="Krümpel 12" ObjVorlage="2013-09-11 00:00:00.0" ObKeinKontakt="5" ObjArtID="22" Merkmal="0.0"/>
  <Objekte ObjID="16474" ObjAufnahme="2003-03-05" ObjLetztKontakt="2003-03-05" ObjStrasseID="8313" ObjHausnummer="Striehlstraße 14" ObjVorlage="2013-09-11 00:00:00.0" ObKeinKontakt="1" ObjArtID="10" Merkmal="0.0"/>
  <Objekte ObjID="16475" ObjAufnahme="2003-03-06" ObjLetztKontakt="2003-03-06" ObjStrasseID="6647" ObjHausnummer="Große Barlinge 29" ObjVorlage="2013-09-11 00:00:00.0" ObKeinKontakt="1" ObjArtID="238" Merkmal="0.0"/>
  <Objekte ObjID="16476" ObjAufnahme="2003-03-06" ObjLetztKontakt="2003-03-06" ObjStrasseID="12003" ObjHausnummer="Lortzingweg 9" ObjVorlage="2013-09-11 00:00:00.0" ObKeinKontakt="1" ObjArtID="21" Merkmal="0.0"/>
  <Objekte ObjID="16477" ObjAufnahme="2003-03-06" ObjLetztKontakt="2003-03-06" ObjStrasseID="3977" ObjHausnummer="Katzenwinkel 42" ObjVorlage="2013-09-11 00:00:00.0" ObKeinKontakt="1" ObjArtID="21" Merkmal="0.0"/>
  <Objekte ObjID="16478" ObjAufnahme="2003-03-07" ObjLetztKontakt="2003-03-07" ObjStrasseID="8360" ObjHausnummer="Theodor-Krüger-Straße 8" ObjVorlage="2013-09-11 00:00:00.0" ObKeinKontakt="1" ObjArtID="1" Merkmal="0.0"/>
  <Objekte ObjID="16479" ObjAufnahme="2003-03-07" ObjLetztKontakt="2003-03-07" ObjStrasseID="5768" ObjHausnummer="An der Lutherkirche 10" ObjVorlage="2013-09-11 00:00:00.0" ObKeinKontakt="1" ObjArtID="5" Merkmal="0.0"/>
  <Objekte ObjID="16480" ObjAufnahme="2003-03-10" ObjLetztKontakt="2003-03-10" ObjStrasseID="6476" ObjHausnummer="Friedhofstraße 24" ObjVorlage="2013-09-11 00:00:00.0" ObKeinKontakt="1" ObjArtID="1" Merkmal="0.0"/>
  <Objekte ObjID="16481" ObjAufnahme="2003-03-10" ObjLetztKontakt="2003-03-10" ObjStrasseID="6476" ObjHausnummer="Friedhofstraße 26" ObjVorlage="2013-09-11 00:00:00.0" ObKeinKontakt="1" ObjArtID="1" Merkmal="0.0"/>
  <Objekte ObjID="16482" ObjAufnahme="2003-03-10" ObjLetztKontakt="2003-03-10" ObjStrasseID="6783" ObjHausnummer="Heidewinkel 17A" ObjVorlage="2013-09-11 00:00:00.0" ObKeinKontakt="1" ObjArtID="8" Merkmal="0.0"/>
  <Objekte ObjID="16483" ObjAufnahme="2003-03-10" ObjLetztKontakt="2003-03-10" ObjStrasseID="7741" ObjHausnummer="Pasteurallee 112" ObjVorlage="2013-09-11 00:00:00.0" ObKeinKontakt="1" ObjArtID="176" Merkmal="0.0"/>
  <Objekte ObjID="16484" ObjAufnahme="2003-03-11" ObjLetztKontakt="2003-03-11" ObjStrasseID="11756" ObjHausnummer="Wachtelweg 6" ObjVorlage="2013-09-11 00:00:00.0" ObKeinKontakt="1" ObjArtID="21" Merkmal="0.0"/>
  <Objekte ObjID="16485" ObjAufnahme="2003-03-11" ObjLetztKontakt="2003-03-11" ObjStrasseID="8696" ObjHausnummer="Wunstorfer Straße 46" ObjVorlage="2013-09-11 00:00:00.0" ObKeinKontakt="1" ObjArtID="5" Merkmal="0.0"/>
  <Objekte ObjID="16486" ObjAufnahme="2003-03-11" ObjLetztKontakt="2003-03-11" ObjStrasseID="11327" ObjHausnummer="Max-Planck-Straße 4" ObjVorlage="2013-09-11 00:00:00.0" ObKeinKontakt="1" ObjArtID="112" Merkmal="0.0"/>
  <Objekte ObjID="16487" ObjAufnahme="2003-03-12" ObjLetztKontakt="2003-03-12" ObjStrasseID="7942" ObjHausnummer="Rosenbergstraße 12A" ObjVorlage="2013-09-11 00:00:00.0" ObKeinKontakt="1" ObjArtID="96" Merkmal="0.0"/>
  <Objekte ObjID="16488" ObjAufnahme="2003-03-12" ObjLetztKontakt="2003-03-12" ObjStrasseID="6833" ObjHausnummer="Henckellweg 27" ObjVorlage="2013-09-11 00:00:00.0" ObKeinKontakt="1" ObjArtID="117" Merkmal="0.0"/>
  <Objekte ObjID="16489" ObjAufnahme="2003-03-14" ObjLetztKontakt="2003-03-14" ObjStrasseID="3150" ObjHausnummer="Birkenweg 9" ObjVorlage="2013-09-11 00:00:00.0" ObKeinKontakt="1" ObjArtID="23" Merkmal="0.0"/>
  <Objekte ObjID="16490" ObjAufnahme="2003-03-19" ObjLetztKontakt="2003-03-19" ObjStrasseID="12043" ObjHausnummer="Bussenstraße 4" ObjVorlage="2013-09-11 00:00:00.0" ObKeinKontakt="1" ObjArtID="8" Merkmal="0.0"/>
  <Objekte ObjID="16491" ObjAufnahme="2003-03-20" ObjLetztKontakt="2003-03-20" ObjStrasseID="11216" ObjHausnummer="Richard-Strauss-Straße 50" ObjVorlage="2013-09-11 00:00:00.0" ObKeinKontakt="1" ObjArtID="21" Merkmal="0.0"/>
  <Objekte ObjID="16492" ObjAufnahme="2003-03-25" ObjLetztKontakt="2003-03-25" ObjStrasseID="6567" ObjHausnummer="Gimpelsteg 5B" ObjVorlage="2013-09-11 00:00:00.0" ObKeinKontakt="1" ObjArtID="24" Merkmal="0.0"/>
  <Objekte ObjID="16493" ObjAufnahme="2003-03-25" ObjLetztKontakt="2005-01-21" ObjStrasseID="7088" ObjHausnummer="Kanalstraße 9" ObjVorlage="2013-09-11 00:00:00.0" ObKeinKontakt="1" ObjArtID="5" Merkmal="0.0"/>
  <Objekte ObjID="16494" ObjAufnahme="2003-03-25" ObjLetztKontakt="2003-03-25" ObjStrasseID="10012" ObjHausnummer="Hohes Feld 4" ObjVorlage="2013-09-11 00:00:00.0" ObKeinKontakt="1" ObjArtID="8" Merkmal="0.0"/>
  <Objekte ObjID="16495" ObjAufnahme="2003-03-25" ObjLetztKontakt="2003-03-25" ObjStrasseID="9911" ObjHausnummer="Laubeichenfeld 36" ObjVorlage="2013-09-11 00:00:00.0" ObKeinKontakt="1" ObjArtID="22" Merkmal="0.0"/>
  <Objekte ObjID="16496" ObjAufnahme="2003-03-25" ObjLetztKontakt="2003-03-25" ObjStrasseID="5777" ObjHausnummer="An der Schwarzen Riede 14" ObjVorlage="2013-09-11 00:00:00.0" ObKeinKontakt="1" ObjArtID="24" Merkmal="0.0"/>
  <Objekte ObjID="16497" ObjAufnahme="2003-03-26" ObjLetztKontakt="2003-03-26" ObjStrasseID="8398" ObjHausnummer="Torgarten 16" ObjVorlage="2013-09-11 00:00:00.0" ObKeinKontakt="1" ObjArtID="98" Merkmal="0.0"/>
  <Objekte ObjID="16498" ObjAufnahme="2003-03-26" ObjLetztKontakt="2003-03-26" ObjStrasseID="8139" ObjHausnummer="Schwarzwaldstraße 14" ObjVorlage="2013-09-11 00:00:00.0" ObKeinKontakt="1" ObjArtID="118" Merkmal="0.0"/>
  <Objekte ObjID="16499" ObjAufnahme="2003-03-26" ObjLetztKontakt="2003-03-26" ObjStrasseID="12059" ObjHausnummer="Bode Ring 59" ObjVorlage="2013-09-11 00:00:00.0" ObKeinKontakt="1" ObjArtID="8" Merkmal="0.0"/>
  <Objekte ObjID="16500" ObjAufnahme="2003-03-27" ObjLetztKontakt="2003-03-27" ObjStrasseID="12065" ObjHausnummer="Lehmbünte 2A" ObjVorlage="2013-09-11 00:00:00.0" ObKeinKontakt="1" ObjArtID="8" Merkmal="0.0"/>
  <Objekte ObjID="16501" ObjAufnahme="2003-03-27" ObjLetztKontakt="2003-03-27" ObjStrasseID="12066" ObjHausnummer="Am Jahnplatz 17" ObjVorlage="2013-09-11 00:00:00.0" ObKeinKontakt="1" ObjArtID="176" Merkmal="0.0"/>
  <Objekte ObjID="16502" ObjAufnahme="2003-04-02" ObjLetztKontakt="2003-04-02" ObjStrasseID="9431" ObjHausnummer="Am Rothbusch 9" ObjVorlage="2013-09-11 00:00:00.0" ObKeinKontakt="1" ObjArtID="176" Merkmal="0.0"/>
  <Objekte ObjID="16503" ObjAufnahme="2003-04-04" ObjLetztKontakt="2003-04-04" ObjStrasseID="7518" ObjHausnummer="Mendelssohnstraße 50" ObjVorlage="2013-09-11 00:00:00.0" ObKeinKontakt="1" ObjArtID="56" Merkmal="0.0"/>
  <Objekte ObjID="16504" ObjAufnahme="2003-04-07" ObjLetztKontakt="2003-04-07" ObjStrasseID="3768" ObjHausnummer="Hildesheimer Straße 6A" ObjVorlage="2013-09-11 00:00:00.0" ObKeinKontakt="1" ObjArtID="118" Merkmal="0.0"/>
  <Objekte ObjID="16505" ObjAufnahme="2003-04-07" ObjLetztKontakt="2003-04-07" ObjStrasseID="5918" ObjHausnummer="Bergiusstraße 19" ObjVorlage="2013-09-11 00:00:00.0" ObKeinKontakt="1" ObjArtID="118" Merkmal="0.0"/>
  <Objekte ObjID="16506" ObjAufnahme="2003-04-08" ObjLetztKontakt="2003-04-08" ObjStrasseID="7574" ObjHausnummer="Mörikestraße 11" ObjVorlage="2013-09-11 00:00:00.0" ObKeinKontakt="1" ObjArtID="260" Merkmal="0.0"/>
  <Objekte ObjID="16507" ObjAufnahme="2003-04-08" ObjLetztKontakt="2003-04-08" ObjStrasseID="10913" ObjHausnummer="Prinz-Albrecht-Ring 13" ObjVorlage="2013-09-11 00:00:00.0" ObKeinKontakt="1" ObjArtID="54" Merkmal="0.0"/>
  <Objekte ObjID="16508" ObjAufnahme="2003-04-08" ObjLetztKontakt="2003-04-08" ObjStrasseID="7317" ObjHausnummer="Lauckerthof 7" ObjVorlage="2013-09-11 00:00:00.0" ObKeinKontakt="1" ObjArtID="255" Merkmal="0.0"/>
  <Objekte ObjID="16509" ObjAufnahme="2003-04-09" ObjLetztKontakt="2003-04-09" ObjStrasseID="7513" ObjHausnummer="Meitnerstraße 2" ObjVorlage="2013-09-11 00:00:00.0" ObKeinKontakt="1" ObjArtID="160" Merkmal="0.0"/>
  <Objekte ObjID="16510" ObjAufnahme="2003-04-10" ObjLetztKontakt="2003-04-10" ObjStrasseID="12105" ObjHausnummer="Danziger Straße 5" ObjVorlage="2013-09-11 00:00:00.0" ObKeinKontakt="1" ObjArtID="22" Merkmal="0.0"/>
  <Objekte ObjID="16511" ObjAufnahme="2003-04-11" ObjLetztKontakt="2003-04-11" ObjStrasseID="12112" ObjHausnummer="Bergwiesenstraße 2" ObjVorlage="2013-09-11 00:00:00.0" ObKeinKontakt="1" ObjArtID="24" Merkmal="0.0"/>
  <Objekte ObjID="16512" ObjAufnahme="2003-04-11" ObjLetztKontakt="2003-04-11" ObjStrasseID="10062" ObjHausnummer="Mühlenweg 5" ObjVorlage="2013-09-11 00:00:00.0" ObKeinKontakt="1" ObjArtID="21" Merkmal="0.0"/>
  <Objekte ObjID="16513" ObjAufnahme="2003-04-14" ObjLetztKontakt="2003-04-14" ObjStrasseID="7578" ObjHausnummer="Möwengrund 13" ObjVorlage="2013-09-11 00:00:00.0" ObKeinKontakt="1" ObjArtID="10" Merkmal="0.0"/>
  <Objekte ObjID="16514" ObjAufnahme="2003-04-15" ObjLetztKontakt="2003-04-15" ObjStrasseID="7578" ObjHausnummer="Möwengrund 3" ObjVorlage="2013-09-11 00:00:00.0" ObKeinKontakt="1" ObjArtID="8" Merkmal="0.0"/>
  <Objekte ObjID="16515" ObjAufnahme="2003-04-15" ObjLetztKontakt="2003-04-15" ObjStrasseID="8174" ObjHausnummer="Sextrostraße 17" ObjVorlage="2013-09-11 00:00:00.0" ObKeinKontakt="1" ObjArtID="197" Merkmal="0.0"/>
  <Objekte ObjID="16516" ObjAufnahme="2003-04-15" ObjLetztKontakt="2003-04-15" ObjStrasseID="7534" ObjHausnummer="Meterstraße 10" ObjVorlage="2013-09-11 00:00:00.0" ObKeinKontakt="1" ObjArtID="1" Merkmal="0.0"/>
  <Objekte ObjID="16517" ObjAufnahme="2003-04-15" ObjLetztKontakt="2003-04-15" ObjStrasseID="5558" ObjHausnummer="Albert-Niemann-Straße 12" ObjVorlage="2013-09-11 00:00:00.0" ObKeinKontakt="1" ObjArtID="1" Merkmal="0.0"/>
  <Objekte ObjID="16518" ObjAufnahme="2003-04-16" ObjLetztKontakt="2003-04-16" ObjStrasseID="6335" ObjHausnummer="Ellernstraße 41" ObjVorlage="2013-09-11 00:00:00.0" ObKeinKontakt="1" ObjArtID="158" Merkmal="0.0"/>
  <Objekte ObjID="16519" ObjAufnahme="2003-04-23" ObjLetztKontakt="2003-04-23" ObjStrasseID="12115" ObjHausnummer="Fuhrenkamp 29" ObjVorlage="2013-09-11 00:00:00.0" ObKeinKontakt="1" ObjArtID="8" Merkmal="0.0"/>
  <Objekte ObjID="16520" ObjAufnahme="2003-04-23" ObjLetztKontakt="2003-04-23" ObjStrasseID="12131" ObjHausnummer="Gretenberger Straße 37" ObjVorlage="2013-09-11 00:00:00.0" ObKeinKontakt="1" ObjArtID="24" Merkmal="0.0"/>
  <Objekte ObjID="16521" ObjAufnahme="2003-04-23" ObjLetztKontakt="2003-04-23" ObjStrasseID="10547" ObjHausnummer="Mühlenstraße 5" ObjVorlage="2013-09-11 00:00:00.0" ObKeinKontakt="1" ObjArtID="21" Merkmal="0.0"/>
  <Objekte ObjID="16522" ObjAufnahme="2003-04-24" ObjLetztKontakt="2003-04-24" ObjStrasseID="6311" ObjHausnummer="Eichenweg 80" ObjVorlage="2013-09-11 00:00:00.0" ObKeinKontakt="1" ObjArtID="10" Merkmal="0.0"/>
  <Objekte ObjID="16523" ObjAufnahme="2003-04-25" ObjLetztKontakt="2003-04-25" ObjStrasseID="6585" ObjHausnummer="Godehardistraße 12" ObjVorlage="2013-09-11 00:00:00.0" ObKeinKontakt="1" ObjArtID="117" Merkmal="0.0"/>
  <Objekte ObjID="16524" ObjAufnahme="2003-04-28" ObjLetztKontakt="2003-04-28" ObjStrasseID="6832" ObjHausnummer="Hemminger Weg 2" ObjVorlage="2013-09-11 00:00:00.0" ObKeinKontakt="1" ObjArtID="240" Merkmal="0.0"/>
  <Objekte ObjID="16525" ObjAufnahme="2003-05-06" ObjLetztKontakt="2003-05-06" ObjStrasseID="6633" ObjHausnummer="Greizkuhle 7" ObjVorlage="2013-09-11 00:00:00.0" ObKeinKontakt="1" ObjArtID="229" Merkmal="0.0"/>
  <Objekte ObjID="16526" ObjAufnahme="2003-05-06" ObjLetztKontakt="2003-05-06" ObjStrasseID="8267" ObjHausnummer="Steimbker Hof 17" ObjVorlage="2013-09-11 00:00:00.0" ObKeinKontakt="1" ObjArtID="49" Merkmal="0.0"/>
  <Objekte ObjID="16527" ObjAufnahme="2003-05-06" ObjLetztKontakt="2003-05-06" ObjStrasseID="8527" ObjHausnummer="Wasserkampstraße 18" ObjVorlage="2013-09-11 00:00:00.0" ObKeinKontakt="1" ObjArtID="75" Merkmal="0.0"/>
  <Objekte ObjID="16528" ObjAufnahme="2003-05-06" ObjLetztKontakt="2003-05-06" ObjStrasseID="7390" ObjHausnummer="Lindemannallee 17" ObjVorlage="2013-09-11 00:00:00.0" ObKeinKontakt="1" ObjArtID="112" Merkmal="0.0"/>
  <Objekte ObjID="16529" ObjAufnahme="2003-05-07" ObjLetztKontakt="2003-05-07" ObjStrasseID="12164" ObjHausnummer="Seebeeke 33" ObjVorlage="2013-09-11 00:00:00.0" ObKeinKontakt="1" ObjArtID="22" Merkmal="0.0"/>
  <Objekte ObjID="16530" ObjAufnahme="2003-05-08" ObjLetztKontakt="2003-05-08" ObjStrasseID="12144" ObjHausnummer="Am Baggersee 4" ObjVorlage="2013-09-11 00:00:00.0" ObKeinKontakt="1" ObjArtID="176" Merkmal="0.0"/>
  <Objekte ObjID="16531" ObjAufnahme="2003-05-13" ObjLetztKontakt="2003-05-13" ObjStrasseID="12171" ObjHausnummer="Leinestraße 10A" ObjVorlage="2013-09-11 00:00:00.0" ObKeinKontakt="1" ObjArtID="8" Merkmal="0.0"/>
  <Objekte ObjID="16532" ObjAufnahme="2003-05-13" ObjLetztKontakt="2003-05-13" ObjStrasseID="8030" ObjHausnummer="Salzweg 56" ObjVorlage="2013-09-11 00:00:00.0" ObKeinKontakt="1" ObjArtID="13" Merkmal="0.0"/>
  <Objekte ObjID="16533" ObjAufnahme="2003-05-13" ObjLetztKontakt="2003-05-13" ObjStrasseID="3802" ObjHausnummer="Hohenhorster Kirchweg 2" ObjVorlage="2013-09-11 00:00:00.0" ObKeinKontakt="1" ObjArtID="170" Merkmal="0.0"/>
  <Objekte ObjID="16534" ObjAufnahme="2003-05-14" ObjLetztKontakt="2003-05-14" ObjStrasseID="12176" ObjHausnummer="An der Eiche 10" ObjVorlage="2013-09-11 00:00:00.0" ObKeinKontakt="1" ObjArtID="39" Merkmal="0.0"/>
  <Objekte ObjID="16535" ObjAufnahme="2003-05-14" ObjLetztKontakt="2003-05-14" ObjStrasseID="12176" ObjHausnummer="An der Eiche 10" ObjVorlage="2013-09-11 00:00:00.0" ObKeinKontakt="1" ObjArtID="12" Merkmal="0.0"/>
  <Objekte ObjID="16536" ObjAufnahme="2003-05-15" ObjLetztKontakt="2003-05-15" ObjStrasseID="6828" ObjHausnummer="Helstorfer Straße 27" ObjVorlage="2013-09-11 00:00:00.0" ObKeinKontakt="1" ObjArtID="144" Merkmal="0.0"/>
  <Objekte ObjID="16537" ObjAufnahme="2003-05-15" ObjLetztKontakt="2003-05-15" ObjStrasseID="2864" ObjHausnummer="Alter Mühlenkamp 24" ObjVorlage="2013-09-11 00:00:00.0" ObKeinKontakt="1" ObjArtID="170" Merkmal="0.0"/>
  <Objekte ObjID="16538" ObjAufnahme="2003-05-15" ObjLetztKontakt="2003-05-15" ObjStrasseID="6043" ObjHausnummer="Bothfelder Anger 17" ObjVorlage="2013-09-11 00:00:00.0" ObKeinKontakt="1" ObjArtID="209" Merkmal="0.0"/>
  <Objekte ObjID="16539" ObjAufnahme="2003-05-15" ObjLetztKontakt="2005-12-15" ObjStrasseID="6043" ObjHausnummer="Bothfelder Anger 17" ObjVorlage="2013-09-11 00:00:00.0" ObKeinKontakt="1" ObjArtID="206" Merkmal="0.0"/>
  <Objekte ObjID="16540" ObjAufnahme="2003-05-17" ObjLetztKontakt="2003-05-17" ObjStrasseID="7776" ObjHausnummer="Pfitznerstraße 7" ObjVorlage="2013-09-11 00:00:00.0" ObKeinKontakt="1" ObjArtID="111" Merkmal="0.0"/>
  <Objekte ObjID="16541" ObjAufnahme="2003-05-19" ObjLetztKontakt="2003-05-19" ObjStrasseID="7830" ObjHausnummer="Querstraße 45" ObjVorlage="2013-09-11 00:00:00.0" ObKeinKontakt="1" ObjArtID="5" Merkmal="0.0"/>
  <Objekte ObjID="16542" ObjAufnahme="2003-05-19" ObjLetztKontakt="2003-05-19" ObjStrasseID="2951" ObjHausnummer="Am See 12" ObjVorlage="2013-09-11 00:00:00.0" ObKeinKontakt="1" ObjArtID="22" Merkmal="0.0"/>
  <Objekte ObjID="16543" ObjAufnahme="2003-05-19" ObjLetztKontakt="2003-05-19" ObjStrasseID="3724" ObjHausnummer="Heinrich-Heine-Straße 42" ObjVorlage="2013-09-11 00:00:00.0" ObKeinKontakt="1" ObjArtID="21" Merkmal="0.0"/>
  <Objekte ObjID="16544" ObjAufnahme="2003-05-20" ObjLetztKontakt="2003-05-20" ObjStrasseID="12189" ObjHausnummer="Am Kühberg 2" ObjVorlage="2013-09-11 00:00:00.0" ObKeinKontakt="1" ObjArtID="67" Merkmal="0.0"/>
  <Objekte ObjID="16545" ObjAufnahme="2003-05-21" ObjLetztKontakt="2003-05-21" ObjStrasseID="7793" ObjHausnummer="Plauener Straße 25" ObjVorlage="2013-09-11 00:00:00.0" ObKeinKontakt="1" ObjArtID="67" Merkmal="0.0"/>
  <Objekte ObjID="16546" ObjAufnahme="2003-05-23" ObjLetztKontakt="2003-05-23" ObjStrasseID="5611" ObjHausnummer="Am Brückenhaus 10" ObjVorlage="2013-09-11 00:00:00.0" ObKeinKontakt="1" ObjArtID="55" Merkmal="0.0"/>
  <Objekte ObjID="16547" ObjAufnahme="2003-05-26" ObjLetztKontakt="2003-05-26" ObjStrasseID="4644" ObjHausnummer="Schilfweg 36" ObjVorlage="2013-09-11 00:00:00.0" ObKeinKontakt="1" ObjArtID="21" Merkmal="0.0"/>
  <Objekte ObjID="16548" ObjAufnahme="2003-05-27" ObjLetztKontakt="2003-05-27" ObjStrasseID="6032" ObjHausnummer="Bornhof 2" ObjVorlage="2013-09-11 00:00:00.0" ObKeinKontakt="1" ObjArtID="254" Merkmal="0.0"/>
  <Objekte ObjID="16549" ObjAufnahme="2003-05-27" ObjLetztKontakt="2003-05-27" ObjStrasseID="7897" ObjHausnummer="Riepestraße 1" ObjVorlage="2013-09-11 00:00:00.0" ObKeinKontakt="1" ObjArtID="54" Merkmal="0.0"/>
  <Objekte ObjID="16550" ObjAufnahme="2003-05-28" ObjLetztKontakt="2003-05-28" ObjStrasseID="5603" ObjHausnummer="Am Bahndamm 33" ObjVorlage="2013-09-11 00:00:00.0" ObKeinKontakt="1" ObjArtID="201" Merkmal="0.0"/>
  <Objekte ObjID="16551" ObjAufnahme="2003-05-28" ObjLetztKontakt="2003-05-28" ObjStrasseID="3802" ObjHausnummer="Hohenhorster Kirchweg 2" ObjVorlage="2013-09-11 00:00:00.0" ObKeinKontakt="1" ObjArtID="170" Merkmal="0.0"/>
  <Objekte ObjID="16552" ObjAufnahme="2003-05-28" ObjLetztKontakt="2003-05-28" ObjStrasseID="8556" ObjHausnummer="Weidetorstraße 12" ObjVorlage="2013-09-11 00:00:00.0" ObKeinKontakt="1" ObjArtID="56" Merkmal="0.0"/>
  <Objekte ObjID="16553" ObjAufnahme="2003-05-28" ObjLetztKontakt="2003-05-28" ObjStrasseID="5915" ObjHausnummer="Bergener Straße 29" ObjVorlage="2013-09-11 00:00:00.0" ObKeinKontakt="1" ObjArtID="95" Merkmal="0.0"/>
  <Objekte ObjID="16554" ObjAufnahme="2003-06-02" ObjLetztKontakt="2003-06-02" ObjStrasseID="6592" ObjHausnummer="Goethestraße 22" ObjVorlage="2013-09-11 00:00:00.0" ObKeinKontakt="1" ObjArtID="84" Merkmal="0.0"/>
  <Objekte ObjID="16555" ObjAufnahme="2003-06-02" ObjLetztKontakt="2003-06-02" ObjStrasseID="6592" ObjHausnummer="Goethestraße 22" ObjVorlage="2013-09-11 00:00:00.0" ObKeinKontakt="1" ObjArtID="140" Merkmal="0.0"/>
  <Objekte ObjID="16556" ObjAufnahme="2003-06-02" ObjLetztKontakt="2003-06-02" ObjStrasseID="6592" ObjHausnummer="Goethestraße 22" ObjVorlage="2013-09-11 00:00:00.0" ObKeinKontakt="1" ObjArtID="261" Merkmal="0.0"/>
  <Objekte ObjID="16557" ObjAufnahme="2003-06-03" ObjLetztKontakt="2003-06-03" ObjStrasseID="10553" ObjHausnummer="Apollostraße 15E" ObjVorlage="2013-09-11 00:00:00.0" ObKeinKontakt="1" ObjArtID="22" Merkmal="0.0"/>
  <Objekte ObjID="16558" ObjAufnahme="2003-06-03" ObjLetztKontakt="2003-06-03" ObjStrasseID="9049" ObjHausnummer="Böhmeweg 21" ObjVorlage="2013-09-11 00:00:00.0" ObKeinKontakt="1" ObjArtID="201" Merkmal="0.0"/>
  <Objekte ObjID="16559" ObjAufnahme="2003-06-03" ObjLetztKontakt="2003-06-03" ObjStrasseID="7612" ObjHausnummer="Nelkenstraße 25" ObjVorlage="2013-09-11 00:00:00.0" ObKeinKontakt="1" ObjArtID="96" Merkmal="0.0"/>
  <Objekte ObjID="16560" ObjAufnahme="2003-06-04" ObjLetztKontakt="2003-06-04" ObjStrasseID="10553" ObjHausnummer="Apollostraße 15" ObjVorlage="2013-09-11 00:00:00.0" ObKeinKontakt="1" ObjArtID="22" Merkmal="0.0"/>
  <Objekte ObjID="16561" ObjAufnahme="2003-06-04" ObjLetztKontakt="2003-06-04" ObjStrasseID="10553" ObjHausnummer="Apollostraße 15A" ObjVorlage="2013-09-11 00:00:00.0" ObKeinKontakt="1" ObjArtID="21" Merkmal="0.0"/>
  <Objekte ObjID="16562" ObjAufnahme="2003-06-04" ObjLetztKontakt="2003-06-04" ObjStrasseID="10553" ObjHausnummer="Apollostraße 15B" ObjVorlage="2013-09-11 00:00:00.0" ObKeinKontakt="1" ObjArtID="22" Merkmal="0.0"/>
  <Objekte ObjID="16563" ObjAufnahme="2003-06-04" ObjLetztKontakt="2003-06-04" ObjStrasseID="7166" ObjHausnummer="Kleiberweg 1" ObjVorlage="2013-09-11 00:00:00.0" ObKeinKontakt="1" ObjArtID="8" Merkmal="0.0"/>
  <Objekte ObjID="16564" ObjAufnahme="2003-06-05" ObjLetztKontakt="2003-06-05" ObjStrasseID="6700" ObjHausnummer="Hägewiesen 93" ObjVorlage="2013-09-11 00:00:00.0" ObKeinKontakt="1" ObjArtID="130" Merkmal="0.0"/>
  <Objekte ObjID="16565" ObjAufnahme="2003-06-06" ObjLetztKontakt="2003-06-06" ObjStrasseID="8686" ObjHausnummer="Wülfeler Bruch 2" ObjVorlage="2013-09-11 00:00:00.0" ObKeinKontakt="1" ObjArtID="24" Merkmal="0.0"/>
  <Objekte ObjID="16566" ObjAufnahme="2003-06-10" ObjLetztKontakt="2003-06-10" ObjStrasseID="12243" ObjHausnummer="Moorkamp 14" ObjVorlage="2013-09-11 00:00:00.0" ObKeinKontakt="1" ObjArtID="8" Merkmal="0.0"/>
  <Objekte ObjID="16567" ObjAufnahme="2003-06-10" ObjLetztKontakt="2003-06-10" ObjStrasseID="12217" ObjHausnummer="Rotdornweg 8" ObjVorlage="2013-09-11 00:00:00.0" ObKeinKontakt="1" ObjArtID="24" Merkmal="0.0"/>
  <Objekte ObjID="16568" ObjAufnahme="2003-06-16" ObjLetztKontakt="2003-06-16" ObjStrasseID="9745" ObjHausnummer="Sollingstraße 9" ObjVorlage="2013-09-11 00:00:00.0" ObKeinKontakt="1" ObjArtID="104" Merkmal="0.0"/>
  <Objekte ObjID="16569" ObjAufnahme="2003-06-17" ObjLetztKontakt="2003-06-17" ObjStrasseID="5033" ObjHausnummer="Wiesenstraße 2" ObjVorlage="2013-09-11 00:00:00.0" ObKeinKontakt="1" ObjArtID="1" Merkmal="0.0"/>
  <Objekte ObjID="16570" ObjAufnahme="2003-06-17" ObjLetztKontakt="2003-06-17" ObjStrasseID="10627" ObjHausnummer="Unter dem Dorfe 27" ObjVorlage="2013-09-11 00:00:00.0" ObKeinKontakt="1" ObjArtID="8" Merkmal="0.0"/>
  <Objekte ObjID="16571" ObjAufnahme="2003-06-17" ObjLetztKontakt="2003-06-17" ObjStrasseID="6560" ObjHausnummer="Gesmannstraße 2" ObjVorlage="2013-09-11 00:00:00.0" ObKeinKontakt="1" ObjArtID="96" Merkmal="0.0"/>
  <Objekte ObjID="16572" ObjAufnahme="2003-06-17" ObjLetztKontakt="2003-06-17" ObjStrasseID="8113" ObjHausnummer="Schulenburger Landstraße 17" ObjVorlage="2013-09-11 00:00:00.0" ObKeinKontakt="1" ObjArtID="262" Merkmal="0.0"/>
  <Objekte ObjID="16573" ObjAufnahme="2003-06-17" ObjLetztKontakt="2003-06-17" ObjStrasseID="7644" ObjHausnummer="Nobelring 34" ObjVorlage="2013-09-11 00:00:00.0" ObKeinKontakt="1" ObjArtID="200" Merkmal="0.0"/>
  <Objekte ObjID="16574" ObjAufnahme="2003-06-18" ObjLetztKontakt="2003-06-18" ObjStrasseID="8398" ObjHausnummer="Torgarten 12" ObjVorlage="2013-09-11 00:00:00.0" ObKeinKontakt="1" ObjArtID="75" Merkmal="0.0"/>
  <Objekte ObjID="16575" ObjAufnahme="2003-06-19" ObjLetztKontakt="2003-06-19" ObjStrasseID="8995" ObjHausnummer="Finkenweg 4" ObjVorlage="2013-09-11 00:00:00.0" ObKeinKontakt="1" ObjArtID="8" Merkmal="0.0"/>
  <Objekte ObjID="16576" ObjAufnahme="2003-06-24" ObjLetztKontakt="2003-06-24" ObjStrasseID="7648" ObjHausnummer="Noltestraße 5" ObjVorlage="2013-09-11 00:00:00.0" ObKeinKontakt="1" ObjArtID="197" Merkmal="0.0"/>
  <Objekte ObjID="16577" ObjAufnahme="2003-06-25" ObjLetztKontakt="2003-06-25" ObjStrasseID="8366" ObjHausnummer="Thieshof 14" ObjVorlage="2013-09-11 00:00:00.0" ObKeinKontakt="1" ObjArtID="201" Merkmal="0.0"/>
  <Objekte ObjID="16578" ObjAufnahme="2003-06-25" ObjLetztKontakt="2003-06-25" ObjStrasseID="5576" ObjHausnummer="Alte Döhrener Straße 80" ObjVorlage="2013-09-11 00:00:00.0" ObKeinKontakt="1" ObjArtID="103" Merkmal="0.0"/>
  <Objekte ObjID="16579" ObjAufnahme="2003-06-27" ObjLetztKontakt="2003-06-27" ObjStrasseID="12291" ObjHausnummer="Im Nehrenbruch 11" ObjVorlage="2013-09-11 00:00:00.0" ObKeinKontakt="1" ObjArtID="8" Merkmal="0.0"/>
  <Objekte ObjID="16580" ObjAufnahme="2003-06-27" ObjLetztKontakt="2003-06-27" ObjStrasseID="5800" ObjHausnummer="Angerstraße 12" ObjVorlage="2013-09-11 00:00:00.0" ObKeinKontakt="1" ObjArtID="173" Merkmal="0.0"/>
  <Objekte ObjID="16581" ObjAufnahme="2003-06-30" ObjLetztKontakt="2003-06-30" ObjStrasseID="6195" ObjHausnummer="Davenstedter Straße 17" ObjVorlage="2013-09-11 00:00:00.0" ObKeinKontakt="1" ObjArtID="166" Merkmal="0.0"/>
  <Objekte ObjID="16582" ObjAufnahme="2003-07-01" ObjLetztKontakt="2003-07-01" ObjStrasseID="11539" ObjHausnummer="Irisstraße 13" ObjVorlage="2013-09-11 00:00:00.0" ObKeinKontakt="1" ObjArtID="230" Merkmal="0.0"/>
  <Objekte ObjID="16583" ObjAufnahme="2003-07-02" ObjLetztKontakt="2003-07-02" ObjStrasseID="7771" ObjHausnummer="Pfarrlandplatz 9" ObjVorlage="2013-09-11 00:00:00.0" ObKeinKontakt="1" ObjArtID="204" Merkmal="0.0"/>
  <Objekte ObjID="16584" ObjAufnahme="2003-07-03" ObjLetztKontakt="2003-07-03" ObjStrasseID="6479" ObjHausnummer="Friedrich-Ebert-Straße 22" ObjVorlage="2013-09-11 00:00:00.0" ObKeinKontakt="1" ObjArtID="1" Merkmal="0.0"/>
  <Objekte ObjID="16585" ObjAufnahme="2003-07-04" ObjLetztKontakt="2003-07-04" ObjStrasseID="7771" ObjHausnummer="Pfarrlandplatz 9" ObjVorlage="2013-09-11 00:00:00.0" ObKeinKontakt="1" ObjArtID="168" Merkmal="0.0"/>
  <Objekte ObjID="16586" ObjAufnahme="2003-07-07" ObjLetztKontakt="2003-07-07" ObjStrasseID="5826" ObjHausnummer="Auerhahnhof 4" ObjVorlage="2013-09-11 00:00:00.0" ObKeinKontakt="1" ObjArtID="118" Merkmal="0.0"/>
  <Objekte ObjID="16587" ObjAufnahme="2003-07-07" ObjLetztKontakt="2003-07-07" ObjStrasseID="7365" ObjHausnummer="Lettow-Vorbeck-Allee 85" ObjVorlage="2013-09-11 00:00:00.0" ObKeinKontakt="1" ObjArtID="229" Merkmal="0.0"/>
  <Objekte ObjID="16588" ObjAufnahme="2003-07-07" ObjLetztKontakt="2003-07-07" ObjStrasseID="291" ObjHausnummer="Große Bergstraße 27" ObjVorlage="2013-09-11 00:00:00.0" ObKeinKontakt="1" ObjArtID="8" Merkmal="0.0"/>
  <Objekte ObjID="16589" ObjAufnahme="2003-07-07" ObjLetztKontakt="2003-07-07" ObjStrasseID="6850" ObjHausnummer="Hermann-Hesse-Straße 1" ObjVorlage="2013-09-11 00:00:00.0" ObKeinKontakt="1" ObjArtID="112" Merkmal="0.0"/>
  <Objekte ObjID="16590" ObjAufnahme="2003-07-08" ObjLetztKontakt="2003-07-08" ObjStrasseID="6096" ObjHausnummer="Buchholzer Straße 47B" ObjVorlage="2013-09-11 00:00:00.0" ObKeinKontakt="1" ObjArtID="178" Merkmal="0.0"/>
  <Objekte ObjID="16591" ObjAufnahme="2003-07-08" ObjLetztKontakt="2003-07-08" ObjStrasseID="6428" ObjHausnummer="Fliederstraße 3" ObjVorlage="2013-09-11 00:00:00.0" ObKeinKontakt="1" ObjArtID="83" Merkmal="0.0"/>
  <Objekte ObjID="16592" ObjAufnahme="2003-07-08" ObjLetztKontakt="2003-07-08" ObjStrasseID="7802" ObjHausnummer="Podbielskistraße 135" ObjVorlage="2013-09-11 00:00:00.0" ObKeinKontakt="1" ObjArtID="125" Merkmal="0.0"/>
  <Objekte ObjID="16593" ObjAufnahme="2003-07-08" ObjLetztKontakt="2003-07-08" ObjStrasseID="7771" ObjHausnummer="Pfarrlandplatz 9" ObjVorlage="2013-09-11 00:00:00.0" ObKeinKontakt="1" ObjArtID="118" Merkmal="0.0"/>
  <Objekte ObjID="16594" ObjAufnahme="2003-07-08" ObjLetztKontakt="2003-07-08" ObjStrasseID="12115" ObjHausnummer="Fuhrenkamp 31" ObjVorlage="2013-09-11 00:00:00.0" ObKeinKontakt="1" ObjArtID="20" Merkmal="0.0"/>
  <Objekte ObjID="16595" ObjAufnahme="2003-07-08" ObjLetztKontakt="2003-07-08" ObjStrasseID="7117" ObjHausnummer="Karlsruher Straße 27" ObjVorlage="2013-09-11 00:00:00.0" ObKeinKontakt="1" ObjArtID="96" Merkmal="0.0"/>
  <Objekte ObjID="16596" ObjAufnahme="2003-07-09" ObjLetztKontakt="2003-07-09" ObjStrasseID="12331" ObjHausnummer="Am Fuchsberg 26" ObjVorlage="2013-09-11 00:00:00.0" ObKeinKontakt="1" ObjArtID="8" Merkmal="0.0"/>
  <Objekte ObjID="16597" ObjAufnahme="2003-07-09" ObjLetztKontakt="2003-07-09" ObjStrasseID="6478" ObjHausnummer="Friedrich-Ebert-Platz 22" ObjVorlage="2013-09-11 00:00:00.0" ObKeinKontakt="1" ObjArtID="1" Merkmal="0.0"/>
  <Objekte ObjID="16598" ObjAufnahme="2003-07-10" ObjLetztKontakt="2003-07-10" ObjStrasseID="11274" ObjHausnummer="Grimmstraße 1" ObjVorlage="2013-09-11 00:00:00.0" ObKeinKontakt="1" ObjArtID="8" Merkmal="0.0"/>
  <Objekte ObjID="16599" ObjAufnahme="2003-07-15" ObjLetztKontakt="2003-07-15" ObjStrasseID="8362" ObjHausnummer="Theodor-Lessing-Weg 26" ObjVorlage="2013-09-11 00:00:00.0" ObKeinKontakt="1" ObjArtID="24" Merkmal="0.0"/>
  <Objekte ObjID="16600" ObjAufnahme="2003-07-18" ObjLetztKontakt="2003-07-18" ObjStrasseID="7652" ObjHausnummer="Nordhorner Straße 8" ObjVorlage="2013-09-11 00:00:00.0" ObKeinKontakt="1" ObjArtID="21" Merkmal="0.0"/>
  <Objekte ObjID="16601" ObjAufnahme="2003-07-18" ObjLetztKontakt="2003-07-18" ObjStrasseID="2856" ObjHausnummer="Alte Herrenhäuser Straße 24" ObjVorlage="2013-09-11 00:00:00.0" ObKeinKontakt="1" ObjArtID="5" Merkmal="0.0"/>
  <Objekte ObjID="16602" ObjAufnahme="2003-07-21" ObjLetztKontakt="2003-07-21" ObjStrasseID="8619" ObjHausnummer="Wietzegraben 8" ObjVorlage="2013-09-11 00:00:00.0" ObKeinKontakt="1" ObjArtID="110" Merkmal="0.0"/>
  <Objekte ObjID="16603" ObjAufnahme="2003-07-22" ObjLetztKontakt="2003-07-22" ObjStrasseID="8695" ObjHausnummer="Wunstorfer Landstraße 71A" ObjVorlage="2013-09-11 00:00:00.0" ObKeinKontakt="1" ObjArtID="200" Merkmal="0.0"/>
  <Objekte ObjID="16604" ObjAufnahme="2003-07-22" ObjLetztKontakt="2003-07-22" ObjStrasseID="6335" ObjHausnummer="Ellernstraße 41" ObjVorlage="2013-09-11 00:00:00.0" ObKeinKontakt="1" ObjArtID="74" Merkmal="0.0"/>
  <Objekte ObjID="16605" ObjAufnahme="2003-07-22" ObjLetztKontakt="2003-07-22" ObjStrasseID="8638" ObjHausnummer="Wilhelmstraße 5" ObjVorlage="2013-09-11 00:00:00.0" ObKeinKontakt="1" ObjArtID="201" Merkmal="0.0"/>
  <Objekte ObjID="16606" ObjAufnahme="2003-07-23" ObjLetztKontakt="2003-07-23" ObjStrasseID="11572" ObjHausnummer="Helene-Weber-Straße 22" ObjVorlage="2013-09-11 00:00:00.0" ObKeinKontakt="1" ObjArtID="24" Merkmal="0.0"/>
  <Objekte ObjID="16607" ObjAufnahme="2003-07-23" ObjLetztKontakt="2003-07-23" ObjStrasseID="3803" ObjHausnummer="Hohenrode 19" ObjVorlage="2013-09-11 00:00:00.0" ObKeinKontakt="1" ObjArtID="160" Merkmal="0.0"/>
  <Objekte ObjID="16608" ObjAufnahme="2003-07-23" ObjLetztKontakt="2003-07-23" ObjStrasseID="12365" ObjHausnummer="Sauerampferweg 7A" ObjVorlage="2013-09-11 00:00:00.0" ObKeinKontakt="1" ObjArtID="24" Merkmal="0.0"/>
  <Objekte ObjID="16609" ObjAufnahme="2003-07-23" ObjLetztKontakt="2003-07-23" ObjStrasseID="12366" ObjHausnummer="Königsberger Straße 11" ObjVorlage="2013-09-11 00:00:00.0" ObKeinKontakt="1" ObjArtID="8" Merkmal="0.0"/>
  <Objekte ObjID="16610" ObjAufnahme="2003-07-24" ObjLetztKontakt="2003-07-24" ObjStrasseID="12365" ObjHausnummer="Sauerampferweg 79" ObjVorlage="2013-09-11 00:00:00.0" ObKeinKontakt="1" ObjArtID="176" Merkmal="0.0"/>
  <Objekte ObjID="16611" ObjAufnahme="2003-07-24" ObjLetztKontakt="2003-07-24" ObjStrasseID="7517" ObjHausnummer="Memeler Straße 38" ObjVorlage="2013-09-11 00:00:00.0" ObKeinKontakt="1" ObjArtID="176" Merkmal="0.0"/>
  <Objekte ObjID="16612" ObjAufnahme="2003-07-24" ObjLetztKontakt="2003-07-24" ObjStrasseID="8619" ObjHausnummer="Wietzegraben 74A" ObjVorlage="2013-09-11 00:00:00.0" ObKeinKontakt="1" ObjArtID="117" Merkmal="0.0"/>
  <Objekte ObjID="16613" ObjAufnahme="2003-07-24" ObjLetztKontakt="2003-07-24" ObjStrasseID="5074" ObjHausnummer="Würzburger Straße 14" ObjVorlage="2013-09-11 00:00:00.0" ObKeinKontakt="1" ObjArtID="158" Merkmal="0.0"/>
  <Objekte ObjID="16614" ObjAufnahme="2003-07-24" ObjLetztKontakt="2003-07-24" ObjStrasseID="7564" ObjHausnummer="Mönchekamp 4A" ObjVorlage="2013-09-11 00:00:00.0" ObKeinKontakt="1" ObjArtID="138" Merkmal="0.0"/>
  <Objekte ObjID="16615" ObjAufnahme="2003-07-24" ObjLetztKontakt="2003-07-24" ObjStrasseID="3859" ObjHausnummer="Im Goldfeld 10A" ObjVorlage="2013-09-11 00:00:00.0" ObKeinKontakt="1" ObjArtID="21" Merkmal="0.0"/>
  <Objekte ObjID="16616" ObjAufnahme="2003-07-25" ObjLetztKontakt="2003-07-25" ObjStrasseID="9731" ObjHausnummer="Speckmannsweg 54" ObjVorlage="2013-09-11 00:00:00.0" ObKeinKontakt="1" ObjArtID="8" Merkmal="0.0"/>
  <Objekte ObjID="16617" ObjAufnahme="2003-07-25" ObjLetztKontakt="2003-07-25" ObjStrasseID="11351" ObjHausnummer="Gartenstrasse 18" ObjVorlage="2013-09-11 00:00:00.0" ObKeinKontakt="1" ObjArtID="8" Merkmal="0.0"/>
  <Objekte ObjID="16618" ObjAufnahme="2003-07-28" ObjLetztKontakt="2003-07-28" ObjStrasseID="6765" ObjHausnummer="Hauptstraße 52" ObjVorlage="2013-09-11 00:00:00.0" ObKeinKontakt="1" ObjArtID="4" Merkmal="0.0"/>
  <Objekte ObjID="16619" ObjAufnahme="2003-07-30" ObjLetztKontakt="2003-07-30" ObjStrasseID="5708" ObjHausnummer="Am Soltekampe 75" ObjVorlage="2013-09-11 00:00:00.0" ObKeinKontakt="1" ObjArtID="118" Merkmal="0.0"/>
  <Objekte ObjID="16620" ObjAufnahme="2003-07-30" ObjLetztKontakt="2003-07-30" ObjStrasseID="6434" ObjHausnummer="Flüggestraße 1A" ObjVorlage="2013-09-11 00:00:00.0" ObKeinKontakt="1" ObjArtID="237" Merkmal="0.0"/>
  <Objekte ObjID="16621" ObjAufnahme="2003-07-31" ObjLetztKontakt="2005-12-01" ObjStrasseID="7940" ObjHausnummer="Rosemeyerstraße 11" ObjVorlage="2013-09-11 00:00:00.0" ObKeinKontakt="5" ObjArtID="1" Merkmal="0.0"/>
  <Objekte ObjID="16622" ObjAufnahme="2003-08-01" ObjLetztKontakt="2003-08-01" ObjStrasseID="7940" ObjHausnummer="Rosemeyerstraße 13" ObjVorlage="2013-09-11 00:00:00.0" ObKeinKontakt="1" ObjArtID="1" Merkmal="0.0"/>
  <Objekte ObjID="16623" ObjAufnahme="2003-08-01" ObjLetztKontakt="2003-08-01" ObjStrasseID="9036" ObjHausnummer="Göttinger Straße 7A" ObjVorlage="2013-09-11 00:00:00.0" ObKeinKontakt="1" ObjArtID="24" Merkmal="0.0"/>
  <Objekte ObjID="16624" ObjAufnahme="2003-08-04" ObjLetztKontakt="2003-08-04" ObjStrasseID="7889" ObjHausnummer="Richartzstraße 9" ObjVorlage="2013-09-11 00:00:00.0" ObKeinKontakt="1" ObjArtID="1" Merkmal="0.0"/>
  <Objekte ObjID="16625" ObjAufnahme="2003-08-04" ObjLetztKontakt="2003-08-04" ObjStrasseID="7889" ObjHausnummer="Richartzstraße 11" ObjVorlage="2013-09-11 00:00:00.0" ObKeinKontakt="1" ObjArtID="1" Merkmal="0.0"/>
  <Objekte ObjID="16626" ObjAufnahme="2003-08-04" ObjLetztKontakt="2003-08-04" ObjStrasseID="7889" ObjHausnummer="Richartzstraße 13" ObjVorlage="2013-09-11 00:00:00.0" ObKeinKontakt="1" ObjArtID="1" Merkmal="0.0"/>
  <Objekte ObjID="16627" ObjAufnahme="2003-08-04" ObjLetztKontakt="2003-08-04" ObjStrasseID="7889" ObjHausnummer="Richartzstraße 15" ObjVorlage="2013-09-11 00:00:00.0" ObKeinKontakt="1" ObjArtID="1" Merkmal="0.0"/>
  <Objekte ObjID="16628" ObjAufnahme="2003-08-04" ObjLetztKontakt="2003-08-04" ObjStrasseID="12393" ObjHausnummer="Nordrehr 3C" ObjVorlage="2013-09-11 00:00:00.0" ObKeinKontakt="1" ObjArtID="176" Merkmal="0.0"/>
  <Objekte ObjID="16629" ObjAufnahme="2003-08-04" ObjLetztKontakt="2003-08-04" ObjStrasseID="12395" ObjHausnummer="Dietrich-v. Mandelsloh-Weg 1" ObjVorlage="2013-09-11 00:00:00.0" ObKeinKontakt="1" ObjArtID="8" Merkmal="0.0"/>
  <Objekte ObjID="16630" ObjAufnahme="2003-08-05" ObjLetztKontakt="2003-08-05" ObjStrasseID="6002" ObjHausnummer="Bödekerstraße 100" ObjVorlage="2013-09-11 00:00:00.0" ObKeinKontakt="1" ObjArtID="261" Merkmal="0.0"/>
  <Objekte ObjID="16631" ObjAufnahme="2003-08-06" ObjLetztKontakt="2003-08-06" ObjStrasseID="7495" ObjHausnummer="Mathildenstraße 6" ObjVorlage="2013-09-11 00:00:00.0" ObKeinKontakt="1" ObjArtID="60" Merkmal="0.0"/>
  <Objekte ObjID="16632" ObjAufnahme="2003-08-06" ObjLetztKontakt="2003-08-06" ObjStrasseID="12388" ObjHausnummer="Lange Heese 36" ObjVorlage="2013-09-11 00:00:00.0" ObKeinKontakt="1" ObjArtID="20" Merkmal="0.0"/>
  <Objekte ObjID="16633" ObjAufnahme="2003-08-06" ObjLetztKontakt="2003-08-06" ObjStrasseID="11433" ObjHausnummer="Am Niederhof 1" ObjVorlage="2013-09-11 00:00:00.0" ObKeinKontakt="1" ObjArtID="20" Merkmal="0.0"/>
  <Objekte ObjID="16634" ObjAufnahme="2003-08-06" ObjLetztKontakt="2003-08-06" ObjStrasseID="6883" ObjHausnummer="Hinter dem Kampe 23" ObjVorlage="2013-09-11 00:00:00.0" ObKeinKontakt="1" ObjArtID="24" Merkmal="0.0"/>
  <Objekte ObjID="16635" ObjAufnahme="2003-08-06" ObjLetztKontakt="2003-08-06" ObjStrasseID="4107" ObjHausnummer="Lange Weihe 53A" ObjVorlage="2013-09-11 00:00:00.0" ObKeinKontakt="1" ObjArtID="24" Merkmal="0.0"/>
  <Objekte ObjID="16636" ObjAufnahme="2003-08-06" ObjLetztKontakt="2003-08-06" ObjStrasseID="7322" ObjHausnummer="Lausitzer Wende 12" ObjVorlage="2013-09-11 00:00:00.0" ObKeinKontakt="1" ObjArtID="173" Merkmal="0.0"/>
  <Objekte ObjID="16637" ObjAufnahme="2003-08-07" ObjLetztKontakt="2003-08-07" ObjStrasseID="8359" ObjHausnummer="Theodor-Heuss-Ring 7" ObjVorlage="2013-09-11 00:00:00.0" ObKeinKontakt="1" ObjArtID="118" Merkmal="0.0"/>
  <Objekte ObjID="16638" ObjAufnahme="2003-08-08" ObjLetztKontakt="2003-08-08" ObjStrasseID="12406" ObjHausnummer="Richard-Huch-Straße 15A" ObjVorlage="2013-09-11 00:00:00.0" ObKeinKontakt="1" ObjArtID="24" Merkmal="0.0"/>
  <Objekte ObjID="16639" ObjAufnahme="2003-08-08" ObjLetztKontakt="2003-08-08" ObjStrasseID="7388" ObjHausnummer="Limmerstraße 15C" ObjVorlage="2013-09-11 00:00:00.0" ObKeinKontakt="1" ObjArtID="229" Merkmal="0.0"/>
  <Objekte ObjID="16640" ObjAufnahme="2003-08-08" ObjLetztKontakt="2003-08-08" ObjStrasseID="7388" ObjHausnummer="Limmerstraße 15C" ObjVorlage="2013-09-11 00:00:00.0" ObKeinKontakt="1" ObjArtID="75" Merkmal="0.0"/>
  <Objekte ObjID="16641" ObjAufnahme="2003-08-12" ObjLetztKontakt="2003-08-12" ObjStrasseID="12415" ObjHausnummer="Weitzgarten 11" ObjVorlage="2013-09-11 00:00:00.0" ObKeinKontakt="1" ObjArtID="173" Merkmal="0.0"/>
  <Objekte ObjID="16642" ObjAufnahme="2003-08-12" ObjLetztKontakt="2003-08-12" ObjStrasseID="12415" ObjHausnummer="Weitzgarten 11" ObjVorlage="2013-09-11 00:00:00.0" ObKeinKontakt="1" ObjArtID="167" Merkmal="0.0"/>
  <Objekte ObjID="16643" ObjAufnahme="2003-08-12" ObjLetztKontakt="2003-08-12" ObjStrasseID="12415" ObjHausnummer="Weitzgarten 11" ObjVorlage="2013-09-11 00:00:00.0" ObKeinKontakt="1" ObjArtID="201" Merkmal="0.0"/>
  <Objekte ObjID="16644" ObjAufnahme="2003-08-12" ObjLetztKontakt="2003-08-12" ObjStrasseID="12415" ObjHausnummer="Weitzgarten 11" ObjVorlage="2013-09-11 00:00:00.0" ObKeinKontakt="1" ObjArtID="237" Merkmal="0.0"/>
  <Objekte ObjID="16645" ObjAufnahme="2003-08-12" ObjLetztKontakt="2003-08-12" ObjStrasseID="12415" ObjHausnummer="Weitzgarten 12" ObjVorlage="2013-09-11 00:00:00.0" ObKeinKontakt="1" ObjArtID="54" Merkmal="0.0"/>
  <Objekte ObjID="16646" ObjAufnahme="2003-08-12" ObjLetztKontakt="2003-08-12" ObjStrasseID="12415" ObjHausnummer="Weitzgarten 12" ObjVorlage="2013-09-11 00:00:00.0" ObKeinKontakt="1" ObjArtID="15" Merkmal="0.0"/>
  <Objekte ObjID="16647" ObjAufnahme="2003-08-12" ObjLetztKontakt="2003-08-12" ObjStrasseID="12415" ObjHausnummer="Weitzgarten 12" ObjVorlage="2013-09-11 00:00:00.0" ObKeinKontakt="1" ObjArtID="167" Merkmal="0.0"/>
  <Objekte ObjID="16648" ObjAufnahme="2003-08-12" ObjLetztKontakt="2003-08-12" ObjStrasseID="12415" ObjHausnummer="Weitzgarten 12" ObjVorlage="2013-09-11 00:00:00.0" ObKeinKontakt="1" ObjArtID="201" Merkmal="0.0"/>
  <Objekte ObjID="16649" ObjAufnahme="2003-08-12" ObjLetztKontakt="2003-08-12" ObjStrasseID="12415" ObjHausnummer="Weitzgarten 12" ObjVorlage="2013-09-11 00:00:00.0" ObKeinKontakt="1" ObjArtID="96" Merkmal="0.0"/>
  <Objekte ObjID="16650" ObjAufnahme="2003-08-12" ObjLetztKontakt="2003-08-12" ObjStrasseID="12415" ObjHausnummer="Weitzgarten 12" ObjVorlage="2013-09-11 00:00:00.0" ObKeinKontakt="1" ObjArtID="98" Merkmal="0.0"/>
  <Objekte ObjID="16651" ObjAufnahme="2003-08-12" ObjLetztKontakt="2003-08-12" ObjStrasseID="12415" ObjHausnummer="Weitzgarten 12" ObjVorlage="2013-09-11 00:00:00.0" ObKeinKontakt="1" ObjArtID="188" Merkmal="0.0"/>
  <Objekte ObjID="16652" ObjAufnahme="2003-08-12" ObjLetztKontakt="2003-08-12" ObjStrasseID="12415" ObjHausnummer="Weitzgarten 1" ObjVorlage="2013-09-11 00:00:00.0" ObKeinKontakt="1" ObjArtID="200" Merkmal="0.0"/>
  <Objekte ObjID="16653" ObjAufnahme="2003-08-12" ObjLetztKontakt="2003-08-12" ObjStrasseID="12415" ObjHausnummer="Weitzgarten 1" ObjVorlage="2013-09-11 00:00:00.0" ObKeinKontakt="1" ObjArtID="201" Merkmal="0.0"/>
  <Objekte ObjID="16654" ObjAufnahme="2003-08-12" ObjLetztKontakt="2003-08-12" ObjStrasseID="12415" ObjHausnummer="Weitzgarten 1" ObjVorlage="2013-09-11 00:00:00.0" ObKeinKontakt="1" ObjArtID="98" Merkmal="0.0"/>
  <Objekte ObjID="16655" ObjAufnahme="2003-08-12" ObjLetztKontakt="2003-08-12" ObjStrasseID="12415" ObjHausnummer="Weitzgarten 1" ObjVorlage="2013-09-11 00:00:00.0" ObKeinKontakt="1" ObjArtID="188" Merkmal="0.0"/>
  <Objekte ObjID="16656" ObjAufnahme="2003-08-12" ObjLetztKontakt="2003-08-12" ObjStrasseID="12415" ObjHausnummer="Weitzgarten 1" ObjVorlage="2013-09-11 00:00:00.0" ObKeinKontakt="1" ObjArtID="189" Merkmal="0.0"/>
  <Objekte ObjID="16657" ObjAufnahme="2003-08-12" ObjLetztKontakt="2003-08-12" ObjStrasseID="12415" ObjHausnummer="Weitzgarten 2" ObjVorlage="2013-09-11 00:00:00.0" ObKeinKontakt="1" ObjArtID="167" Merkmal="0.0"/>
  <Objekte ObjID="16658" ObjAufnahme="2003-08-12" ObjLetztKontakt="2003-08-12" ObjStrasseID="12415" ObjHausnummer="Weitzgarten 2" ObjVorlage="2013-09-11 00:00:00.0" ObKeinKontakt="1" ObjArtID="201" Merkmal="0.0"/>
  <Objekte ObjID="16659" ObjAufnahme="2003-08-12" ObjLetztKontakt="2003-08-12" ObjStrasseID="12415" ObjHausnummer="Weitzgarten 2" ObjVorlage="2013-09-11 00:00:00.0" ObKeinKontakt="1" ObjArtID="98" Merkmal="0.0"/>
  <Objekte ObjID="16660" ObjAufnahme="2003-08-12" ObjLetztKontakt="2003-08-12" ObjStrasseID="12415" ObjHausnummer="Weitzgarten 2" ObjVorlage="2013-09-11 00:00:00.0" ObKeinKontakt="1" ObjArtID="197" Merkmal="0.0"/>
  <Objekte ObjID="16661" ObjAufnahme="2003-08-12" ObjLetztKontakt="2003-08-12" ObjStrasseID="12415" ObjHausnummer="Weitzgarten 3" ObjVorlage="2013-09-11 00:00:00.0" ObKeinKontakt="1" ObjArtID="200" Merkmal="0.0"/>
  <Objekte ObjID="16662" ObjAufnahme="2003-08-12" ObjLetztKontakt="2003-08-12" ObjStrasseID="12415" ObjHausnummer="Weitzgarten 3" ObjVorlage="2013-09-11 00:00:00.0" ObKeinKontakt="1" ObjArtID="201" Merkmal="0.0"/>
  <Objekte ObjID="16663" ObjAufnahme="2003-08-13" ObjLetztKontakt="2003-08-13" ObjStrasseID="6933" ObjHausnummer="Hudeplan 21" ObjVorlage="2013-09-11 00:00:00.0" ObKeinKontakt="1" ObjArtID="98" Merkmal="0.0"/>
  <Objekte ObjID="16664" ObjAufnahme="2003-08-14" ObjLetztKontakt="2003-08-14" ObjStrasseID="8556" ObjHausnummer="Weidetorstraße 6" ObjVorlage="2013-09-11 00:00:00.0" ObKeinKontakt="1" ObjArtID="56" Merkmal="0.0"/>
  <Objekte ObjID="16665" ObjAufnahme="2003-08-14" ObjLetztKontakt="2003-08-14" ObjStrasseID="12424" ObjHausnummer="Conrad-Bube-Weg 3" ObjVorlage="2013-09-11 00:00:00.0" ObKeinKontakt="1" ObjArtID="167" Merkmal="0.0"/>
  <Objekte ObjID="16666" ObjAufnahme="2003-08-14" ObjLetztKontakt="2003-08-14" ObjStrasseID="12424" ObjHausnummer="Conrad-Bube-Weg 3" ObjVorlage="2013-09-11 00:00:00.0" ObKeinKontakt="1" ObjArtID="201" Merkmal="0.0"/>
  <Objekte ObjID="16667" ObjAufnahme="2003-08-14" ObjLetztKontakt="2003-08-14" ObjStrasseID="12424" ObjHausnummer="Conrad-Bube-Weg 5" ObjVorlage="2013-09-11 00:00:00.0" ObKeinKontakt="1" ObjArtID="200" Merkmal="0.0"/>
  <Objekte ObjID="16668" ObjAufnahme="2003-08-14" ObjLetztKontakt="2003-08-14" ObjStrasseID="12424" ObjHausnummer="Conrad-Bube-Weg 5" ObjVorlage="2013-09-11 00:00:00.0" ObKeinKontakt="1" ObjArtID="197" Merkmal="0.0"/>
  <Objekte ObjID="16669" ObjAufnahme="2003-08-14" ObjLetztKontakt="2003-08-14" ObjStrasseID="12424" ObjHausnummer="Conrad-Bube-Weg 9" ObjVorlage="2013-09-11 00:00:00.0" ObKeinKontakt="1" ObjArtID="167" Merkmal="0.0"/>
  <Objekte ObjID="16670" ObjAufnahme="2003-08-14" ObjLetztKontakt="2003-08-14" ObjStrasseID="12424" ObjHausnummer="Conrad-Bube-Weg 9" ObjVorlage="2013-09-11 00:00:00.0" ObKeinKontakt="1" ObjArtID="201" Merkmal="0.0"/>
  <Objekte ObjID="16671" ObjAufnahme="2003-08-14" ObjLetztKontakt="2003-08-14" ObjStrasseID="12424" ObjHausnummer="Conrad-Bube-Weg 9" ObjVorlage="2013-09-11 00:00:00.0" ObKeinKontakt="1" ObjArtID="237" Merkmal="0.0"/>
  <Objekte ObjID="16672" ObjAufnahme="2003-08-14" ObjLetztKontakt="2003-08-14" ObjStrasseID="12424" ObjHausnummer="Conrad-Bube-Weg 11" ObjVorlage="2013-09-11 00:00:00.0" ObKeinKontakt="1" ObjArtID="173" Merkmal="0.0"/>
  <Objekte ObjID="16673" ObjAufnahme="2003-08-14" ObjLetztKontakt="2003-08-14" ObjStrasseID="12424" ObjHausnummer="Conrad-Bube-Weg 15" ObjVorlage="2013-09-11 00:00:00.0" ObKeinKontakt="1" ObjArtID="56" Merkmal="0.0"/>
  <Objekte ObjID="16674" ObjAufnahme="2003-08-14" ObjLetztKontakt="2003-08-14" ObjStrasseID="12424" ObjHausnummer="Conrad-Bube-Weg 17" ObjVorlage="2013-09-11 00:00:00.0" ObKeinKontakt="1" ObjArtID="167" Merkmal="0.0"/>
  <Objekte ObjID="16675" ObjAufnahme="2003-08-19" ObjLetztKontakt="2003-08-19" ObjStrasseID="7648" ObjHausnummer="Noltestraße 15" ObjVorlage="2013-09-11 00:00:00.0" ObKeinKontakt="1" ObjArtID="117" Merkmal="0.0"/>
  <Objekte ObjID="16676" ObjAufnahme="2003-08-27" ObjLetztKontakt="2003-08-27" ObjStrasseID="12158" ObjHausnummer="Bokumer Straße 20" ObjVorlage="2013-09-11 00:00:00.0" ObKeinKontakt="1" ObjArtID="176" Merkmal="0.0"/>
  <Objekte ObjID="16677" ObjAufnahme="2003-08-27" ObjLetztKontakt="2003-08-27" ObjStrasseID="12448" ObjHausnummer="Romintenweg 7" ObjVorlage="2013-09-11 00:00:00.0" ObKeinKontakt="1" ObjArtID="8" Merkmal="0.0"/>
  <Objekte ObjID="16678" ObjAufnahme="2003-08-28" ObjLetztKontakt="2003-08-28" ObjStrasseID="8035" ObjHausnummer="Sanddorn 7" ObjVorlage="2013-09-11 00:00:00.0" ObKeinKontakt="1" ObjArtID="8" Merkmal="0.0"/>
  <Objekte ObjID="16679" ObjAufnahme="2003-08-28" ObjLetztKontakt="2003-08-28" ObjStrasseID="12267" ObjHausnummer="Ramlinger Straße 11A" ObjVorlage="2013-09-11 00:00:00.0" ObKeinKontakt="1" ObjArtID="8" Merkmal="0.0"/>
  <Objekte ObjID="16680" ObjAufnahme="2003-08-29" ObjLetztKontakt="2003-08-29" ObjStrasseID="5917" ObjHausnummer="Berggartenstraße 1" ObjVorlage="2013-09-11 00:00:00.0" ObKeinKontakt="1" ObjArtID="5" Merkmal="0.0"/>
  <Objekte ObjID="16681" ObjAufnahme="2003-09-01" ObjLetztKontakt="2003-09-01" ObjStrasseID="6700" ObjHausnummer="Hägewiesen 120" ObjVorlage="2013-09-11 00:00:00.0" ObKeinKontakt="1" ObjArtID="74" Merkmal="0.0"/>
  <Objekte ObjID="16682" ObjAufnahme="2003-09-01" ObjLetztKontakt="2003-09-01" ObjStrasseID="5917" ObjHausnummer="Berggartenstraße 10" ObjVorlage="2013-09-11 00:00:00.0" ObKeinKontakt="1" ObjArtID="1" Merkmal="0.0"/>
  <Objekte ObjID="16683" ObjAufnahme="2003-09-02" ObjLetztKontakt="2003-09-02" ObjStrasseID="9049" ObjHausnummer="Böhmeweg 8" ObjVorlage="2013-09-11 00:00:00.0" ObKeinKontakt="1" ObjArtID="167" Merkmal="0.0"/>
  <Objekte ObjID="16684" ObjAufnahme="2003-09-03" ObjLetztKontakt="2003-09-03" ObjStrasseID="456" ObjHausnummer="Abelmannstraße 11" ObjVorlage="2013-09-11 00:00:00.0" ObKeinKontakt="1" ObjArtID="54" Merkmal="0.0"/>
  <Objekte ObjID="16685" ObjAufnahme="2003-09-05" ObjLetztKontakt="2003-09-05" ObjStrasseID="11004" ObjHausnummer="Försterkamp 41A" ObjVorlage="2013-09-11 00:00:00.0" ObKeinKontakt="1" ObjArtID="24" Merkmal="0.0"/>
  <Objekte ObjID="16686" ObjAufnahme="2003-09-05" ObjLetztKontakt="2003-09-05" ObjStrasseID="8610" ObjHausnummer="Wiehbergstraße 37G" ObjVorlage="2013-09-11 00:00:00.0" ObKeinKontakt="1" ObjArtID="21" Merkmal="0.0"/>
  <Objekte ObjID="16687" ObjAufnahme="2003-09-05" ObjLetztKontakt="2003-09-05" ObjStrasseID="5792" ObjHausnummer="Anderter Straße 23" ObjVorlage="2013-09-11 00:00:00.0" ObKeinKontakt="1" ObjArtID="118" Merkmal="0.0"/>
  <Objekte ObjID="16688" ObjAufnahme="2003-09-05" ObjLetztKontakt="2003-09-05" ObjStrasseID="2846" ObjHausnummer="Allerweg 79" ObjVorlage="2013-09-11 00:00:00.0" ObKeinKontakt="1" ObjArtID="22" Merkmal="0.0"/>
  <Objekte ObjID="16689" ObjAufnahme="2003-09-09" ObjLetztKontakt="2003-09-09" ObjStrasseID="5074" ObjHausnummer="Würzburger Straße 40" ObjVorlage="2013-09-11 00:00:00.0" ObKeinKontakt="1" ObjArtID="76" Merkmal="0.0"/>
  <Objekte ObjID="16690" ObjAufnahme="2003-09-09" ObjLetztKontakt="2003-09-09" ObjStrasseID="7323" ObjHausnummer="Lavaterhof 10" ObjVorlage="2013-09-11 00:00:00.0" ObKeinKontakt="1" ObjArtID="74" Merkmal="0.0"/>
  <Objekte ObjID="16691" ObjAufnahme="2003-09-09" ObjLetztKontakt="2003-09-09" ObjStrasseID="6882" ObjHausnummer="Hinter dem Holze 27" ObjVorlage="2013-09-11 00:00:00.0" ObKeinKontakt="1" ObjArtID="98" Merkmal="0.0"/>
  <Objekte ObjID="16692" ObjAufnahme="2003-09-09" ObjLetztKontakt="2003-09-09" ObjStrasseID="6705" ObjHausnummer="Hahnenstraße 10" ObjVorlage="2013-09-11 00:00:00.0" ObKeinKontakt="1" ObjArtID="1" Merkmal="0.0"/>
  <Objekte ObjID="16693" ObjAufnahme="2003-09-09" ObjLetztKontakt="2003-09-09" ObjStrasseID="8258" ObjHausnummer="Starenweg 43" ObjVorlage="2013-09-11 00:00:00.0" ObKeinKontakt="1" ObjArtID="21" Merkmal="0.0"/>
  <Objekte ObjID="16694" ObjAufnahme="2003-09-09" ObjLetztKontakt="2003-09-09" ObjStrasseID="8619" ObjHausnummer="Wietzegraben 72" ObjVorlage="2013-09-11 00:00:00.0" ObKeinKontakt="1" ObjArtID="173" Merkmal="0.0"/>
  <Objekte ObjID="16695" ObjAufnahme="2003-09-09" ObjLetztKontakt="2003-09-09" ObjStrasseID="6459" ObjHausnummer="Freienwalder Straße 16" ObjVorlage="2013-09-11 00:00:00.0" ObKeinKontakt="1" ObjArtID="96" Merkmal="0.0"/>
  <Objekte ObjID="16696" ObjAufnahme="2003-09-13" ObjLetztKontakt="2003-09-13" ObjStrasseID="8610" ObjHausnummer="Wiehbergstraße 39G" ObjVorlage="2013-09-11 00:00:00.0" ObKeinKontakt="1" ObjArtID="21" Merkmal="0.0"/>
  <Objekte ObjID="16697" ObjAufnahme="2003-09-15" ObjLetztKontakt="2003-09-15" ObjStrasseID="7116" ObjHausnummer="Karlsbader Straße 4" ObjVorlage="2013-09-11 00:00:00.0" ObKeinKontakt="1" ObjArtID="24" Merkmal="0.0"/>
  <Objekte ObjID="16698" ObjAufnahme="2003-09-15" ObjLetztKontakt="2003-09-15" ObjStrasseID="6288" ObjHausnummer="Echternfeld 25A" ObjVorlage="2013-09-11 00:00:00.0" ObKeinKontakt="1" ObjArtID="18" Merkmal="0.0"/>
  <Objekte ObjID="16699" ObjAufnahme="2003-09-15" ObjLetztKontakt="2003-09-15" ObjStrasseID="8128" ObjHausnummer="Schwalbenflucht 7A" ObjVorlage="2013-09-11 00:00:00.0" ObKeinKontakt="1" ObjArtID="176" Merkmal="0.0"/>
  <Objekte ObjID="16700" ObjAufnahme="2003-09-16" ObjLetztKontakt="2003-09-16" ObjStrasseID="5676" ObjHausnummer="Am Leinewehr 27" ObjVorlage="2013-09-11 00:00:00.0" ObKeinKontakt="1" ObjArtID="201" Merkmal="0.0"/>
  <Objekte ObjID="16701" ObjAufnahme="2003-09-17" ObjLetztKontakt="2003-09-17" ObjStrasseID="5625" ObjHausnummer="Am Forstkamp 41A" ObjVorlage="2013-09-11 00:00:00.0" ObKeinKontakt="1" ObjArtID="24" Merkmal="0.0"/>
  <Objekte ObjID="16702" ObjAufnahme="2003-09-18" ObjLetztKontakt="2003-09-18" ObjStrasseID="12356" ObjHausnummer="Konrad-Adenauer-Straße 21A" ObjVorlage="2013-09-11 00:00:00.0" ObKeinKontakt="1" ObjArtID="24" Merkmal="0.0"/>
  <Objekte ObjID="16703" ObjAufnahme="2003-09-18" ObjLetztKontakt="2003-09-18" ObjStrasseID="12356" ObjHausnummer="Konrad-Adenauer-Straße 21" ObjVorlage="2013-09-11 00:00:00.0" ObKeinKontakt="1" ObjArtID="24" Merkmal="0.0"/>
  <Objekte ObjID="16704" ObjAufnahme="2003-09-19" ObjLetztKontakt="2003-09-19" ObjStrasseID="9247" ObjHausnummer="Saphirring 3" ObjVorlage="2013-09-11 00:00:00.0" ObKeinKontakt="1" ObjArtID="8" Merkmal="0.0"/>
  <Objekte ObjID="16705" ObjAufnahme="2003-09-22" ObjLetztKontakt="2003-09-22" ObjStrasseID="8211" ObjHausnummer="Sonnenhagen 12" ObjVorlage="2013-09-11 00:00:00.0" ObKeinKontakt="1" ObjArtID="24" Merkmal="0.0"/>
  <Objekte ObjID="16706" ObjAufnahme="2003-09-23" ObjLetztKontakt="2003-09-23" ObjStrasseID="7323" ObjHausnummer="Lavaterhof 8" ObjVorlage="2013-09-11 00:00:00.0" ObKeinKontakt="1" ObjArtID="74" Merkmal="0.0"/>
  <Objekte ObjID="16707" ObjAufnahme="2003-09-24" ObjLetztKontakt="2003-09-24" ObjStrasseID="10098" ObjHausnummer="Weserweg 14" ObjVorlage="2013-09-11 00:00:00.0" ObKeinKontakt="1" ObjArtID="75" Merkmal="0.0"/>
  <Objekte ObjID="16708" ObjAufnahme="2003-09-25" ObjLetztKontakt="2003-09-25" ObjStrasseID="6829" ObjHausnummer="Helwingerodestraße 1" ObjVorlage="2013-09-11 00:00:00.0" ObKeinKontakt="1" ObjArtID="69" Merkmal="0.0"/>
  <Objekte ObjID="16709" ObjAufnahme="2003-09-25" ObjLetztKontakt="2003-09-25" ObjStrasseID="10957" ObjHausnummer="Kreithwinkel 14" ObjVorlage="2013-09-11 00:00:00.0" ObKeinKontakt="1" ObjArtID="24" Merkmal="0.0"/>
  <Objekte ObjID="16710" ObjAufnahme="2003-09-25" ObjLetztKontakt="2003-09-25" ObjStrasseID="4026" ObjHausnummer="Klußweg 39" ObjVorlage="2013-09-11 00:00:00.0" ObKeinKontakt="1" ObjArtID="8" Merkmal="0.0"/>
  <Objekte ObjID="16711" ObjAufnahme="2003-09-25" ObjLetztKontakt="2003-09-25" ObjStrasseID="6365" ObjHausnummer="Erlenweg 14" ObjVorlage="2013-09-11 00:00:00.0" ObKeinKontakt="1" ObjArtID="200" Merkmal="0.0"/>
  <Objekte ObjID="16712" ObjAufnahme="2003-09-25" ObjLetztKontakt="2003-09-25" ObjStrasseID="6365" ObjHausnummer="Erlenweg 14" ObjVorlage="2013-09-11 00:00:00.0" ObKeinKontakt="1" ObjArtID="99" Merkmal="0.0"/>
  <Objekte ObjID="16713" ObjAufnahme="2003-09-25" ObjLetztKontakt="2003-09-25" ObjStrasseID="6365" ObjHausnummer="Erlenweg 15" ObjVorlage="2013-09-11 00:00:00.0" ObKeinKontakt="1" ObjArtID="175" Merkmal="0.0"/>
  <Objekte ObjID="16714" ObjAufnahme="2003-09-26" ObjLetztKontakt="2003-09-26" ObjStrasseID="9879" ObjHausnummer="Schöneberger Straße 22" ObjVorlage="2013-09-11 00:00:00.0" ObKeinKontakt="1" ObjArtID="240" Merkmal="0.0"/>
  <Objekte ObjID="16715" ObjAufnahme="2003-10-08" ObjLetztKontakt="2003-10-08" ObjStrasseID="6562" ObjHausnummer="Geveker Kamp 65" ObjVorlage="2013-09-11 00:00:00.0" ObKeinKontakt="1" ObjArtID="118" Merkmal="0.0"/>
  <Objekte ObjID="16716" ObjAufnahme="2003-10-08" ObjLetztKontakt="2003-10-08" ObjStrasseID="9005" ObjHausnummer="Klewertweg 14" ObjVorlage="2013-09-11 00:00:00.0" ObKeinKontakt="1" ObjArtID="8" Merkmal="0.0"/>
  <Objekte ObjID="16717" ObjAufnahme="2003-10-09" ObjLetztKontakt="2003-10-09" ObjStrasseID="11243" ObjHausnummer="Klusweg 39" ObjVorlage="2013-09-11 00:00:00.0" ObKeinKontakt="1" ObjArtID="8" Merkmal="0.0"/>
  <Objekte ObjID="16718" ObjAufnahme="2003-10-09" ObjLetztKontakt="2003-10-09" ObjStrasseID="7904" ObjHausnummer="Rischkamp 13" ObjVorlage="2013-09-11 00:00:00.0" ObKeinKontakt="1" ObjArtID="24" Merkmal="0.0"/>
  <Objekte ObjID="16719" ObjAufnahme="2003-10-15" ObjLetztKontakt="2003-10-15" ObjStrasseID="7383" ObjHausnummer="Liliencronstraße 4" ObjVorlage="2013-09-11 00:00:00.0" ObKeinKontakt="1" ObjArtID="97" Merkmal="0.0"/>
  <Objekte ObjID="16720" ObjAufnahme="2003-10-15" ObjLetztKontakt="2003-10-15" ObjStrasseID="12543" ObjHausnummer="Im Wiesengrund 12" ObjVorlage="2013-09-11 00:00:00.0" ObKeinKontakt="1" ObjArtID="20" Merkmal="0.0"/>
  <Objekte ObjID="16721" ObjAufnahme="2003-10-15" ObjLetztKontakt="2003-10-15" ObjStrasseID="11785" ObjHausnummer="Am Kirchfeld 19" ObjVorlage="2013-09-11 00:00:00.0" ObKeinKontakt="1" ObjArtID="22" Merkmal="0.0"/>
  <Objekte ObjID="16722" ObjAufnahme="2003-10-16" ObjLetztKontakt="2003-10-16" ObjStrasseID="8449" ObjHausnummer="Vahrenwalder Platz 3" ObjVorlage="2013-09-11 00:00:00.0" ObKeinKontakt="1" ObjArtID="25" Merkmal="0.0"/>
  <Objekte ObjID="16723" ObjAufnahme="2003-10-17" ObjLetztKontakt="2003-10-17" ObjStrasseID="3357" ObjHausnummer="Ebereschenweg 25" ObjVorlage="2013-09-11 00:00:00.0" ObKeinKontakt="1" ObjArtID="173" Merkmal="0.0"/>
  <Objekte ObjID="16724" ObjAufnahme="2003-10-17" ObjLetztKontakt="2003-10-17" ObjStrasseID="7367" ObjHausnummer="Leunisweg 7" ObjVorlage="2013-09-11 00:00:00.0" ObKeinKontakt="1" ObjArtID="98" Merkmal="0.0"/>
  <Objekte ObjID="16725" ObjAufnahme="2003-10-17" ObjLetztKontakt="2003-10-17" ObjStrasseID="7499" ObjHausnummer="Max-Eyth-Straße 40" ObjVorlage="2013-09-11 00:00:00.0" ObKeinKontakt="1" ObjArtID="8" Merkmal="0.0"/>
  <Objekte ObjID="16726" ObjAufnahme="2003-10-20" ObjLetztKontakt="2003-10-20" ObjStrasseID="5676" ObjHausnummer="Am Leinewehr 21" ObjVorlage="2013-09-11 00:00:00.0" ObKeinKontakt="1" ObjArtID="75" Merkmal="0.0"/>
  <Objekte ObjID="16727" ObjAufnahme="2003-10-20" ObjLetztKontakt="2003-10-20" ObjStrasseID="4855" ObjHausnummer="Taunusweg 11" ObjVorlage="2013-09-11 00:00:00.0" ObKeinKontakt="1" ObjArtID="76" Merkmal="0.0"/>
  <Objekte ObjID="16728" ObjAufnahme="2003-10-20" ObjLetztKontakt="2003-10-20" ObjStrasseID="3583" ObjHausnummer="Göttinger Landstraße 43" ObjVorlage="2013-09-11 00:00:00.0" ObKeinKontakt="1" ObjArtID="200" Merkmal="0.0"/>
  <Objekte ObjID="16729" ObjAufnahme="2003-10-21" ObjLetztKontakt="2003-10-21" ObjStrasseID="12557" ObjHausnummer="Hedwig-Kettler-Weg 4" ObjVorlage="2013-09-11 00:00:00.0" ObKeinKontakt="1" ObjArtID="167" Merkmal="0.0"/>
  <Objekte ObjID="16730" ObjAufnahme="2003-10-21" ObjLetztKontakt="2003-10-21" ObjStrasseID="4107" ObjHausnummer="Lange Weihe 25B" ObjVorlage="2013-09-11 00:00:00.0" ObKeinKontakt="1" ObjArtID="219" Merkmal="0.0"/>
  <Objekte ObjID="16731" ObjAufnahme="2003-10-22" ObjLetztKontakt="2003-10-22" ObjStrasseID="6952" ObjHausnummer="Heinkenstraße 10" ObjVorlage="2013-09-11 00:00:00.0" ObKeinKontakt="1" ObjArtID="76" Merkmal="0.0"/>
  <Objekte ObjID="16732" ObjAufnahme="2003-10-22" ObjLetztKontakt="2003-10-22" ObjStrasseID="7336" ObjHausnummer="Leiblstraße 6" ObjVorlage="2013-09-11 00:00:00.0" ObKeinKontakt="1" ObjArtID="223" Merkmal="0.0"/>
  <Objekte ObjID="16733" ObjAufnahme="2003-10-22" ObjLetztKontakt="2003-10-22" ObjStrasseID="5915" ObjHausnummer="Bergener Straße 44" ObjVorlage="2013-09-11 00:00:00.0" ObKeinKontakt="1" ObjArtID="8" Merkmal="0.0"/>
  <Objekte ObjID="16734" ObjAufnahme="2003-10-22" ObjLetztKontakt="2003-10-22" ObjStrasseID="6174" ObjHausnummer="Curiehof 8" ObjVorlage="2013-09-11 00:00:00.0" ObKeinKontakt="1" ObjArtID="23" Merkmal="0.0"/>
  <Objekte ObjID="16735" ObjAufnahme="2003-10-23" ObjLetztKontakt="2003-10-23" ObjStrasseID="5728" ObjHausnummer="Am Waldwinkel 12" ObjVorlage="2013-09-11 00:00:00.0" ObKeinKontakt="1" ObjArtID="8" Merkmal="0.0"/>
  <Objekte ObjID="16736" ObjAufnahme="2003-10-24" ObjLetztKontakt="2003-10-24" ObjStrasseID="8424" ObjHausnummer="Ubbenstraße 23" ObjVorlage="2013-09-11 00:00:00.0" ObKeinKontakt="1" ObjArtID="15" Merkmal="0.0"/>
  <Objekte ObjID="16737" ObjAufnahme="2003-10-28" ObjLetztKontakt="2003-10-28" ObjStrasseID="6313" ObjHausnummer="Eichsfelder Straße 61" ObjVorlage="2013-09-11 00:00:00.0" ObKeinKontakt="1" ObjArtID="118" Merkmal="0.0"/>
  <Objekte ObjID="16738" ObjAufnahme="2003-10-28" ObjLetztKontakt="2003-10-28" ObjStrasseID="12573" ObjHausnummer="An der Landstraße 9" ObjVorlage="2013-09-11 00:00:00.0" ObKeinKontakt="1" ObjArtID="20" Merkmal="0.0"/>
  <Objekte ObjID="16739" ObjAufnahme="2003-10-29" ObjLetztKontakt="2003-10-29" ObjStrasseID="12574" ObjHausnummer="Brinker Straße 54" ObjVorlage="2013-09-11 00:00:00.0" ObKeinKontakt="1" ObjArtID="8" Merkmal="0.0"/>
  <Objekte ObjID="16740" ObjAufnahme="2003-10-29" ObjLetztKontakt="2003-10-29" ObjStrasseID="8500" ObjHausnummer="Wackenroderstraße 11" ObjVorlage="2013-09-11 00:00:00.0" ObKeinKontakt="1" ObjArtID="24" Merkmal="0.0"/>
  <Objekte ObjID="16741" ObjAufnahme="2003-10-29" ObjLetztKontakt="2003-10-29" ObjStrasseID="8427" ObjHausnummer="Uferzeile 3" ObjVorlage="2013-09-11 00:00:00.0" ObKeinKontakt="1" ObjArtID="158" Merkmal="0.0"/>
  <Objekte ObjID="16742" ObjAufnahme="2003-10-29" ObjLetztKontakt="2003-10-29" ObjStrasseID="9190" ObjHausnummer="Bothfelder Straße 38" ObjVorlage="2013-09-11 00:00:00.0" ObKeinKontakt="1" ObjArtID="167" Merkmal="0.0"/>
  <Objekte ObjID="16743" ObjAufnahme="2003-10-29" ObjLetztKontakt="2003-10-29" ObjStrasseID="5654" ObjHausnummer="Am Ihmeufer 3" ObjVorlage="2013-09-11 00:00:00.0" ObKeinKontakt="1" ObjArtID="195" Merkmal="0.0"/>
  <Objekte ObjID="16744" ObjAufnahme="2003-10-29" ObjLetztKontakt="2003-10-29" ObjStrasseID="6125" ObjHausnummer="Bussilliatweg 34" ObjVorlage="2013-09-11 00:00:00.0" ObKeinKontakt="1" ObjArtID="119" Merkmal="0.0"/>
  <Objekte ObjID="16745" ObjAufnahme="2003-10-31" ObjLetztKontakt="2003-10-31" ObjStrasseID="11752" ObjHausnummer="Am Büchenfeld 11" ObjVorlage="2013-09-11 00:00:00.0" ObKeinKontakt="1" ObjArtID="98" Merkmal="0.0"/>
  <Objekte ObjID="16746" ObjAufnahme="2003-10-31" ObjLetztKontakt="2003-10-31" ObjStrasseID="12577" ObjHausnummer="Reichweinstraße 7" ObjVorlage="2013-09-11 00:00:00.0" ObKeinKontakt="1" ObjArtID="176" Merkmal="0.0"/>
  <Objekte ObjID="16747" ObjAufnahme="2003-11-03" ObjLetztKontakt="2003-11-03" ObjStrasseID="7423" ObjHausnummer="Loruper Weg 12" ObjVorlage="2013-09-11 00:00:00.0" ObKeinKontakt="1" ObjArtID="8" Merkmal="0.0"/>
  <Objekte ObjID="16748" ObjAufnahme="2003-11-03" ObjLetztKontakt="2003-11-03" ObjStrasseID="7158" ObjHausnummer="Klabundestraße 49" ObjVorlage="2013-09-11 00:00:00.0" ObKeinKontakt="1" ObjArtID="176" Merkmal="0.0"/>
  <Objekte ObjID="16749" ObjAufnahme="2003-11-03" ObjLetztKontakt="2003-11-03" ObjStrasseID="12580" ObjHausnummer="Ricarda-Huch-Straße 16" ObjVorlage="2013-09-11 00:00:00.0" ObKeinKontakt="1" ObjArtID="23" Merkmal="0.0"/>
  <Objekte ObjID="16750" ObjAufnahme="2003-11-03" ObjLetztKontakt="2003-11-03" ObjStrasseID="10113" ObjHausnummer="Auf dem Horne 5" ObjVorlage="2013-09-11 00:00:00.0" ObKeinKontakt="1" ObjArtID="84" Merkmal="0.0"/>
  <Objekte ObjID="16751" ObjAufnahme="2003-11-04" ObjLetztKontakt="2003-11-04" ObjStrasseID="6508" ObjHausnummer="Fundstraße 11A" ObjVorlage="2013-09-11 00:00:00.0" ObKeinKontakt="1" ObjArtID="237" Merkmal="0.0"/>
  <Objekte ObjID="16752" ObjAufnahme="2003-11-04" ObjLetztKontakt="2003-11-04" ObjStrasseID="6508" ObjHausnummer="Fundstraße 11A" ObjVorlage="2013-09-11 00:00:00.0" ObKeinKontakt="1" ObjArtID="197" Merkmal="0.0"/>
  <Objekte ObjID="16753" ObjAufnahme="2003-11-04" ObjLetztKontakt="2003-11-04" ObjStrasseID="6428" ObjHausnummer="Fliederstraße 3" ObjVorlage="2013-09-11 00:00:00.0" ObKeinKontakt="1" ObjArtID="168" Merkmal="0.0"/>
  <Objekte ObjID="16754" ObjAufnahme="2003-11-04" ObjLetztKontakt="2003-11-04" ObjStrasseID="6428" ObjHausnummer="Fliederstraße 3" ObjVorlage="2013-09-11 00:00:00.0" ObKeinKontakt="1" ObjArtID="258" Merkmal="0.0"/>
  <Objekte ObjID="16755" ObjAufnahme="2003-11-04" ObjLetztKontakt="2003-11-04" ObjStrasseID="4246" ObjHausnummer="Max-Born-Weg 33" ObjVorlage="2013-09-11 00:00:00.0" ObKeinKontakt="1" ObjArtID="110" Merkmal="0.0"/>
  <Objekte ObjID="16756" ObjAufnahme="2003-11-10" ObjLetztKontakt="2003-11-10" ObjStrasseID="9505" ObjHausnummer="Frida-Nadig-Straße 8" ObjVorlage="2013-09-11 00:00:00.0" ObKeinKontakt="1" ObjArtID="22" Merkmal="0.0"/>
  <Objekte ObjID="16757" ObjAufnahme="2003-11-10" ObjLetztKontakt="2003-11-10" ObjStrasseID="9963" ObjHausnummer="Peiner Straße 26" ObjVorlage="2013-09-11 00:00:00.0" ObKeinKontakt="1" ObjArtID="8" Merkmal="0.0"/>
  <Objekte ObjID="16758" ObjAufnahme="2003-11-10" ObjLetztKontakt="2003-11-10" ObjStrasseID="6021" ObjHausnummer="Bonatzweg 1" ObjVorlage="2013-09-11 00:00:00.0" ObKeinKontakt="1" ObjArtID="8" Merkmal="0.0"/>
  <Objekte ObjID="16759" ObjAufnahme="2003-11-13" ObjLetztKontakt="2003-11-13" ObjStrasseID="5679" ObjHausnummer="Am Lindenhofe 34" ObjVorlage="2013-09-11 00:00:00.0" ObKeinKontakt="1" ObjArtID="196" Merkmal="0.0"/>
  <Objekte ObjID="16760" ObjAufnahme="2003-11-13" ObjLetztKontakt="2003-11-13" ObjStrasseID="8666" ObjHausnummer="Wittekindstraße 10" ObjVorlage="2013-09-11 00:00:00.0" ObKeinKontakt="1" ObjArtID="118" Merkmal="0.0"/>
  <Objekte ObjID="16761" ObjAufnahme="2003-11-14" ObjLetztKontakt="2003-11-14" ObjStrasseID="12039" ObjHausnummer="Am Bruche 23" ObjVorlage="2013-09-11 00:00:00.0" ObKeinKontakt="1" ObjArtID="176" Merkmal="0.0"/>
  <Objekte ObjID="16762" ObjAufnahme="2003-11-17" ObjLetztKontakt="2003-11-17" ObjStrasseID="9963" ObjHausnummer="Peiner Straße 26A" ObjVorlage="2013-09-11 00:00:00.0" ObKeinKontakt="1" ObjArtID="24" Merkmal="0.0"/>
  <Objekte ObjID="16763" ObjAufnahme="2003-11-17" ObjLetztKontakt="2003-11-17" ObjStrasseID="5708" ObjHausnummer="Am Soltekampe 65" ObjVorlage="2013-09-11 00:00:00.0" ObKeinKontakt="1" ObjArtID="53" Merkmal="0.0"/>
  <Objekte ObjID="16764" ObjAufnahme="2003-11-17" ObjLetztKontakt="2003-11-17" ObjStrasseID="7172" ObjHausnummer="Kleine Pfahlstraße 11" ObjVorlage="2013-09-11 00:00:00.0" ObKeinKontakt="1" ObjArtID="165" Merkmal="0.0"/>
  <Objekte ObjID="16765" ObjAufnahme="2003-11-18" ObjLetztKontakt="2003-11-18" ObjStrasseID="5088" ObjHausnummer="Zilleweg 15" ObjVorlage="2013-09-11 00:00:00.0" ObKeinKontakt="1" ObjArtID="8" Merkmal="0.0"/>
  <Objekte ObjID="16766" ObjAufnahme="2003-11-19" ObjLetztKontakt="2003-11-19" ObjStrasseID="10113" ObjHausnummer="Auf dem Horne 1A" ObjVorlage="2013-09-11 00:00:00.0" ObKeinKontakt="1" ObjArtID="167" Merkmal="0.0"/>
  <Objekte ObjID="16767" ObjAufnahme="2003-11-19" ObjLetztKontakt="2003-11-19" ObjStrasseID="7534" ObjHausnummer="Meterstraße 12" ObjVorlage="2013-09-11 00:00:00.0" ObKeinKontakt="1" ObjArtID="237" Merkmal="0.0"/>
  <Objekte ObjID="16768" ObjAufnahme="2003-11-19" ObjLetztKontakt="2003-11-19" ObjStrasseID="12624" ObjHausnummer="Billerbachstraße 3" ObjVorlage="2013-09-11 00:00:00.0" ObKeinKontakt="1" ObjArtID="8" Merkmal="0.0"/>
  <Objekte ObjID="16769" ObjAufnahme="2003-11-20" ObjLetztKontakt="2003-11-20" ObjStrasseID="8336" ObjHausnummer="Sutelstraße 15" ObjVorlage="2013-09-11 00:00:00.0" ObKeinKontakt="1" ObjArtID="1" Merkmal="0.0"/>
  <Objekte ObjID="16770" ObjAufnahme="2003-11-20" ObjLetztKontakt="2003-11-20" ObjStrasseID="8610" ObjHausnummer="Wiehbergstraße 18" ObjVorlage="2013-09-11 00:00:00.0" ObKeinKontakt="1" ObjArtID="221" Merkmal="0.0"/>
  <Objekte ObjID="16771" ObjAufnahme="2003-11-20" ObjLetztKontakt="2003-11-20" ObjStrasseID="5625" ObjHausnummer="Am Forstkamp 25" ObjVorlage="2013-09-11 00:00:00.0" ObKeinKontakt="1" ObjArtID="158" Merkmal="0.0"/>
  <Objekte ObjID="16772" ObjAufnahme="2003-11-20" ObjLetztKontakt="2003-11-20" ObjStrasseID="5558" ObjHausnummer="Albert-Niemann-Straße 9" ObjVorlage="2013-09-11 00:00:00.0" ObKeinKontakt="1" ObjArtID="227" Merkmal="0.0"/>
  <Objekte ObjID="16773" ObjAufnahme="2003-11-20" ObjLetztKontakt="2003-11-20" ObjStrasseID="5558" ObjHausnummer="Albert-Niemann-Straße 9" ObjVorlage="2013-09-11 00:00:00.0" ObKeinKontakt="1" ObjArtID="202" Merkmal="0.0"/>
  <Objekte ObjID="16774" ObjAufnahme="2003-11-24" ObjLetztKontakt="2003-11-24" ObjStrasseID="8430" ObjHausnummer="Uhlandstraße 12" ObjVorlage="2013-09-11 00:00:00.0" ObKeinKontakt="1" ObjArtID="1" Merkmal="0.0"/>
  <Objekte ObjID="16775" ObjAufnahme="2003-11-24" ObjLetztKontakt="2003-11-24" ObjStrasseID="3407" ObjHausnummer="Engerode 79B" ObjVorlage="2013-09-11 00:00:00.0" ObKeinKontakt="1" ObjArtID="176" Merkmal="0.0"/>
  <Objekte ObjID="16776" ObjAufnahme="2003-11-25" ObjLetztKontakt="2003-11-25" ObjStrasseID="12634" ObjHausnummer="De Jonge-Straße 29" ObjVorlage="2013-09-11 00:00:00.0" ObKeinKontakt="1" ObjArtID="8" Merkmal="0.0"/>
  <Objekte ObjID="16777" ObjAufnahme="2003-11-25" ObjLetztKontakt="2003-11-25" ObjStrasseID="7995" ObjHausnummer="Moorkamp 8" ObjVorlage="2013-09-11 00:00:00.0" ObKeinKontakt="1" ObjArtID="8" Merkmal="0.0"/>
  <Objekte ObjID="16778" ObjAufnahme="2003-11-25" ObjLetztKontakt="2003-11-25" ObjStrasseID="4791" ObjHausnummer="Steinfeldstraße 12" ObjVorlage="2013-09-11 00:00:00.0" ObKeinKontakt="1" ObjArtID="20" Merkmal="0.0"/>
  <Objekte ObjID="16779" ObjAufnahme="2003-11-25" ObjLetztKontakt="2003-11-25" ObjStrasseID="3407" ObjHausnummer="Engerode 79A" ObjVorlage="2013-09-11 00:00:00.0" ObKeinKontakt="1" ObjArtID="21" Merkmal="0.0"/>
  <Objekte ObjID="16780" ObjAufnahme="2003-11-25" ObjLetztKontakt="2003-11-25" ObjStrasseID="9431" ObjHausnummer="Am Rothbusch 36B" ObjVorlage="2013-09-11 00:00:00.0" ObKeinKontakt="1" ObjArtID="21" Merkmal="0.0"/>
  <Objekte ObjID="16781" ObjAufnahme="2003-11-25" ObjLetztKontakt="2003-11-25" ObjStrasseID="5918" ObjHausnummer="Bergiusstraße 21" ObjVorlage="2013-09-11 00:00:00.0" ObKeinKontakt="1" ObjArtID="200" Merkmal="0.0"/>
  <Objekte ObjID="16782" ObjAufnahme="2003-11-25" ObjLetztKontakt="2003-11-25" ObjStrasseID="5918" ObjHausnummer="Bergiusstraße 21" ObjVorlage="2013-09-11 00:00:00.0" ObKeinKontakt="1" ObjArtID="119" Merkmal="0.0"/>
  <Objekte ObjID="16783" ObjAufnahme="2003-11-25" ObjLetztKontakt="2003-11-25" ObjStrasseID="6833" ObjHausnummer="Henckellweg 13" ObjVorlage="2013-09-11 00:00:00.0" ObKeinKontakt="1" ObjArtID="54" Merkmal="0.0"/>
  <Objekte ObjID="16784" ObjAufnahme="2003-11-25" ObjLetztKontakt="2003-11-25" ObjStrasseID="6833" ObjHausnummer="Henckellweg 13" ObjVorlage="2013-09-11 00:00:00.0" ObKeinKontakt="1" ObjArtID="224" Merkmal="0.0"/>
  <Objekte ObjID="16785" ObjAufnahme="2003-11-25" ObjLetztKontakt="2003-11-25" ObjStrasseID="8380" ObjHausnummer="Tiergartenstraße 150" ObjVorlage="2013-09-11 00:00:00.0" ObKeinKontakt="1" ObjArtID="185" Merkmal="0.0"/>
  <Objekte ObjID="16786" ObjAufnahme="2003-11-27" ObjLetztKontakt="2003-11-27" ObjStrasseID="7682" ObjHausnummer="Oisseler Straße 12" ObjVorlage="2013-09-11 00:00:00.0" ObKeinKontakt="1" ObjArtID="56" Merkmal="0.0"/>
  <Objekte ObjID="16787" ObjAufnahme="2003-11-27" ObjLetztKontakt="2003-11-27" ObjStrasseID="3019" ObjHausnummer="Arnumer Kirchstraße 16" ObjVorlage="2013-09-11 00:00:00.0" ObKeinKontakt="1" ObjArtID="173" Merkmal="0.0"/>
  <Objekte ObjID="16788" ObjAufnahme="2003-11-27" ObjLetztKontakt="2003-11-27" ObjStrasseID="6215" ObjHausnummer="Dieckbornstraße 10" ObjVorlage="2013-09-11 00:00:00.0" ObKeinKontakt="1" ObjArtID="197" Merkmal="0.0"/>
  <Objekte ObjID="16789" ObjAufnahme="2003-11-27" ObjLetztKontakt="2003-11-27" ObjStrasseID="12641" ObjHausnummer="Nordstraße 44" ObjVorlage="2013-09-11 00:00:00.0" ObKeinKontakt="1" ObjArtID="22" Merkmal="0.0"/>
  <Objekte ObjID="16790" ObjAufnahme="2003-11-27" ObjLetztKontakt="2003-11-27" ObjStrasseID="12643" ObjHausnummer="Glückaufstraße 51A" ObjVorlage="2013-09-11 00:00:00.0" ObKeinKontakt="1" ObjArtID="8" Merkmal="0.0"/>
  <Objekte ObjID="16791" ObjAufnahme="2003-11-27" ObjLetztKontakt="2003-11-27" ObjStrasseID="10500" ObjHausnummer="Kampstraße 12" ObjVorlage="2013-09-11 00:00:00.0" ObKeinKontakt="1" ObjArtID="167" Merkmal="0.0"/>
  <Objekte ObjID="16792" ObjAufnahme="2003-11-27" ObjLetztKontakt="2003-11-27" ObjStrasseID="8022" ObjHausnummer="Salinenstraße 17" ObjVorlage="2013-09-11 00:00:00.0" ObKeinKontakt="1" ObjArtID="96" Merkmal="0.0"/>
  <Objekte ObjID="16793" ObjAufnahme="2003-11-28" ObjLetztKontakt="2003-11-28" ObjStrasseID="12644" ObjHausnummer="Lindenweg 4" ObjVorlage="2013-09-11 00:00:00.0" ObKeinKontakt="1" ObjArtID="8" Merkmal="0.0"/>
  <Objekte ObjID="16794" ObjAufnahme="2003-11-28" ObjLetztKontakt="2003-11-28" ObjStrasseID="9976" ObjHausnummer="Schliekumer Straße 33" ObjVorlage="2013-09-11 00:00:00.0" ObKeinKontakt="1" ObjArtID="24" Merkmal="0.0"/>
  <Objekte ObjID="16795" ObjAufnahme="2003-11-28" ObjLetztKontakt="2003-11-28" ObjStrasseID="12610" ObjHausnummer="Celler Straße 4" ObjVorlage="2013-09-11 00:00:00.0" ObKeinKontakt="1" ObjArtID="8" Merkmal="0.0"/>
  <Objekte ObjID="16796" ObjAufnahme="2003-11-28" ObjLetztKontakt="2003-11-28" ObjStrasseID="11790" ObjHausnummer="Am Moritzberg 27" ObjVorlage="2013-09-11 00:00:00.0" ObKeinKontakt="1" ObjArtID="8" Merkmal="0.0"/>
  <Objekte ObjID="16797" ObjAufnahme="2003-12-01" ObjLetztKontakt="2003-12-01" ObjStrasseID="12647" ObjHausnummer="Die Alten Gärten 10" ObjVorlage="2013-09-11 00:00:00.0" ObKeinKontakt="1" ObjArtID="8" Merkmal="0.0"/>
  <Objekte ObjID="16798" ObjAufnahme="2003-12-01" ObjLetztKontakt="2003-12-01" ObjStrasseID="7390" ObjHausnummer="Lindemannallee 52A" ObjVorlage="2013-09-11 00:00:00.0" ObKeinKontakt="1" ObjArtID="8" Merkmal="0.0"/>
  <Objekte ObjID="16799" ObjAufnahme="2003-12-01" ObjLetztKontakt="2003-12-01" ObjStrasseID="10113" ObjHausnummer="Auf dem Horne 5" ObjVorlage="2013-09-11 00:00:00.0" ObKeinKontakt="1" ObjArtID="173" Merkmal="0.0"/>
  <Objekte ObjID="16800" ObjAufnahme="2003-12-02" ObjLetztKontakt="2003-12-02" ObjStrasseID="11974" ObjHausnummer="Schäfereiweg 5" ObjVorlage="2013-09-11 00:00:00.0" ObKeinKontakt="1" ObjArtID="24" Merkmal="0.0"/>
  <Objekte ObjID="16801" ObjAufnahme="2003-12-02" ObjLetztKontakt="2003-12-02" ObjStrasseID="8132" ObjHausnummer="Schwarmstedter Straße 49" ObjVorlage="2013-09-11 00:00:00.0" ObKeinKontakt="1" ObjArtID="176" Merkmal="0.0"/>
  <Objekte ObjID="16802" ObjAufnahme="2003-12-03" ObjLetztKontakt="2003-12-03" ObjStrasseID="5074" ObjHausnummer="Würzburger Straße 27" ObjVorlage="2013-09-11 00:00:00.0" ObKeinKontakt="1" ObjArtID="119" Merkmal="0.0"/>
  <Objekte ObjID="16803" ObjAufnahme="2003-12-03" ObjLetztKontakt="2003-12-03" ObjStrasseID="7027" ObjHausnummer="In der Rehre 26" ObjVorlage="2013-09-11 00:00:00.0" ObKeinKontakt="1" ObjArtID="98" Merkmal="0.0"/>
  <Objekte ObjID="16804" ObjAufnahme="2003-12-03" ObjLetztKontakt="2003-12-03" ObjStrasseID="12611" ObjHausnummer="Lindenweg 4" ObjVorlage="2013-09-11 00:00:00.0" ObKeinKontakt="1" ObjArtID="8" Merkmal="0.0"/>
  <Objekte ObjID="16805" ObjAufnahme="2003-12-04" ObjLetztKontakt="2003-12-04" ObjStrasseID="8270" ObjHausnummer="Steinfeldstraße 4" ObjVorlage="2013-09-11 00:00:00.0" ObKeinKontakt="1" ObjArtID="1" Merkmal="0.0"/>
  <Objekte ObjID="16806" ObjAufnahme="2003-12-04" ObjLetztKontakt="2003-12-04" ObjStrasseID="6311" ObjHausnummer="Eichenweg 69" ObjVorlage="2013-09-11 00:00:00.0" ObKeinKontakt="1" ObjArtID="167" Merkmal="0.0"/>
  <Objekte ObjID="16807" ObjAufnahme="2003-12-04" ObjLetztKontakt="2003-12-04" ObjStrasseID="8521" ObjHausnummer="Warnemünder Weg 11A" ObjVorlage="2013-09-11 00:00:00.0" ObKeinKontakt="1" ObjArtID="173" Merkmal="0.0"/>
  <Objekte ObjID="16808" ObjAufnahme="2003-12-04" ObjLetztKontakt="2003-12-04" ObjStrasseID="8371" ObjHausnummer="Thorner Straße 1A" ObjVorlage="2013-09-11 00:00:00.0" ObKeinKontakt="1" ObjArtID="167" Merkmal="0.0"/>
  <Objekte ObjID="16809" ObjAufnahme="2003-12-04" ObjLetztKontakt="2003-12-04" ObjStrasseID="3802" ObjHausnummer="Hohenhorster Kirchweg 2" ObjVorlage="2013-09-11 00:00:00.0" ObKeinKontakt="1" ObjArtID="197" Merkmal="0.0"/>
  <Objekte ObjID="16810" ObjAufnahme="2003-12-06" ObjLetztKontakt="2003-12-06" ObjStrasseID="11862" ObjHausnummer="Loeweweg 10" ObjVorlage="2013-09-11 00:00:00.0" ObKeinKontakt="1" ObjArtID="21" Merkmal="0.0"/>
  <Objekte ObjID="16811" ObjAufnahme="2003-12-08" ObjLetztKontakt="2003-12-08" ObjStrasseID="7760" ObjHausnummer="Peter-Köster-Straße 8" ObjVorlage="2013-09-11 00:00:00.0" ObKeinKontakt="1" ObjArtID="24" Merkmal="0.0"/>
  <Objekte ObjID="16812" ObjAufnahme="2003-12-08" ObjLetztKontakt="2003-12-08" ObjStrasseID="7179" ObjHausnummer="Klingenkamphof 7" ObjVorlage="2013-09-11 00:00:00.0" ObKeinKontakt="1" ObjArtID="24" Merkmal="0.0"/>
  <Objekte ObjID="16813" ObjAufnahme="2003-12-08" ObjLetztKontakt="2003-12-08" ObjStrasseID="12661" ObjHausnummer="Im Lindhofe 31" ObjVorlage="2013-09-11 00:00:00.0" ObKeinKontakt="1" ObjArtID="21" Merkmal="0.0"/>
  <Objekte ObjID="16814" ObjAufnahme="2003-12-10" ObjLetztKontakt="2003-12-10" ObjStrasseID="8666" ObjHausnummer="Wittekindstraße 10" ObjVorlage="2013-09-11 00:00:00.0" ObKeinKontakt="1" ObjArtID="139" Merkmal="0.0"/>
  <Objekte ObjID="16815" ObjAufnahme="2003-12-10" ObjLetztKontakt="2003-12-10" ObjStrasseID="6157" ObjHausnummer="Constantinstraße 67" ObjVorlage="2013-09-11 00:00:00.0" ObKeinKontakt="1" ObjArtID="1" Merkmal="0.0"/>
  <Objekte ObjID="16816" ObjAufnahme="2003-12-10" ObjLetztKontakt="2003-12-10" ObjStrasseID="5515" ObjHausnummer="Velsterstraße 7" ObjVorlage="2013-09-11 00:00:00.0" ObKeinKontakt="1" ObjArtID="167" Merkmal="0.0"/>
  <Objekte ObjID="16817" ObjAufnahme="2003-12-15" ObjLetztKontakt="2003-12-15" ObjStrasseID="8056" ObjHausnummer="Schaumburgstraße 17" ObjVorlage="2013-09-11 00:00:00.0" ObKeinKontakt="1" ObjArtID="1" Merkmal="0.0"/>
  <Objekte ObjID="16818" ObjAufnahme="2003-12-15" ObjLetztKontakt="2005-09-09" ObjStrasseID="6712" ObjHausnummer="Haltenhoffstraße 8" ObjVorlage="2013-09-11 00:00:00.0" ObKeinKontakt="1" ObjArtID="1" Merkmal="0.0"/>
  <Objekte ObjID="16819" ObjAufnahme="2003-12-16" ObjLetztKontakt="2003-12-16" ObjStrasseID="12674" ObjHausnummer="Juistweg 36" ObjVorlage="2013-09-11 00:00:00.0" ObKeinKontakt="1" ObjArtID="8" Merkmal="0.0"/>
  <Objekte ObjID="16820" ObjAufnahme="2003-12-17" ObjLetztKontakt="2003-12-17" ObjStrasseID="7206" ObjHausnummer="Koldemeyerweg 6" ObjVorlage="2013-09-11 00:00:00.0" ObKeinKontakt="1" ObjArtID="8" Merkmal="0.0"/>
  <Objekte ObjID="16821" ObjAufnahme="2003-12-17" ObjLetztKontakt="2003-12-17" ObjStrasseID="8355" ObjHausnummer="Thea-Bähnisch-Weg 36" ObjVorlage="2013-09-11 00:00:00.0" ObKeinKontakt="1" ObjArtID="8" Merkmal="0.0"/>
  <Objekte ObjID="16822" ObjAufnahme="2003-12-22" ObjLetztKontakt="2003-12-22" ObjStrasseID="8606" ObjHausnummer="Wichmannstraße 23" ObjVorlage="2013-09-11 00:00:00.0" ObKeinKontakt="1" ObjArtID="96" Merkmal="0.0"/>
  <Objekte ObjID="16823" ObjAufnahme="2004-01-06" ObjLetztKontakt="2004-01-06" ObjStrasseID="12697" ObjHausnummer="Humboldtstraße 15" ObjVorlage="2013-09-11 00:00:00.0" ObKeinKontakt="1" ObjArtID="8" Merkmal="0.0"/>
  <Objekte ObjID="16824" ObjAufnahme="2004-01-07" ObjLetztKontakt="2004-01-07" ObjStrasseID="2864" ObjHausnummer="Alter Mühlenkamp 28" ObjVorlage="2013-09-11 00:00:00.0" ObKeinKontakt="1" ObjArtID="173" Merkmal="0.0"/>
  <Objekte ObjID="16825" ObjAufnahme="2004-01-09" ObjLetztKontakt="2004-01-09" ObjStrasseID="12701" ObjHausnummer="Uetzer Straße 10" ObjVorlage="2013-09-11 00:00:00.0" ObKeinKontakt="1" ObjArtID="8" Merkmal="0.0"/>
  <Objekte ObjID="16826" ObjAufnahme="2004-01-09" ObjLetztKontakt="2004-01-09" ObjStrasseID="12701" ObjHausnummer="Uetzer Straße 5" ObjVorlage="2013-09-11 00:00:00.0" ObKeinKontakt="1" ObjArtID="20" Merkmal="0.0"/>
  <Objekte ObjID="16827" ObjAufnahme="2004-01-09" ObjLetztKontakt="2004-01-09" ObjStrasseID="12702" ObjHausnummer="Mönkeburgstraße 10" ObjVorlage="2013-09-11 00:00:00.0" ObKeinKontakt="1" ObjArtID="8" Merkmal="0.0"/>
  <Objekte ObjID="16828" ObjAufnahme="2004-01-13" ObjLetztKontakt="2004-01-13" ObjStrasseID="11191" ObjHausnummer="Süntelstraße 7" ObjVorlage="2013-09-11 00:00:00.0" ObKeinKontakt="1" ObjArtID="21" Merkmal="0.0"/>
  <Objekte ObjID="16829" ObjAufnahme="2004-01-13" ObjLetztKontakt="2004-01-13" ObjStrasseID="9911" ObjHausnummer="Laubeichenfeld 11" ObjVorlage="2013-09-11 00:00:00.0" ObKeinKontakt="1" ObjArtID="22" Merkmal="0.0"/>
  <Objekte ObjID="16830" ObjAufnahme="2004-01-13" ObjLetztKontakt="2004-01-13" ObjStrasseID="12712" ObjHausnummer="Leinemannweg 8" ObjVorlage="2013-09-11 00:00:00.0" ObKeinKontakt="1" ObjArtID="178" Merkmal="0.0"/>
  <Objekte ObjID="16831" ObjAufnahme="2004-01-13" ObjLetztKontakt="2004-01-13" ObjStrasseID="3057" ObjHausnummer="Bachstraße 13" ObjVorlage="2013-09-11 00:00:00.0" ObKeinKontakt="1" ObjArtID="24" Merkmal="0.0"/>
  <Objekte ObjID="16832" ObjAufnahme="2004-01-14" ObjLetztKontakt="2004-01-14" ObjStrasseID="6583" ObjHausnummer="Gnesener Weg 15" ObjVorlage="2013-09-11 00:00:00.0" ObKeinKontakt="1" ObjArtID="24" Merkmal="0.0"/>
  <Objekte ObjID="16833" ObjAufnahme="2004-01-14" ObjLetztKontakt="2004-01-14" ObjStrasseID="8524" ObjHausnummer="Wartheweg 13" ObjVorlage="2013-09-11 00:00:00.0" ObKeinKontakt="1" ObjArtID="54" Merkmal="0.0"/>
  <Objekte ObjID="16834" ObjAufnahme="2004-01-14" ObjLetztKontakt="2004-01-14" ObjStrasseID="10855" ObjHausnummer="Pattenser Straße 19" ObjVorlage="2013-09-11 00:00:00.0" ObKeinKontakt="1" ObjArtID="167" Merkmal="0.0"/>
  <Objekte ObjID="16835" ObjAufnahme="2004-01-14" ObjLetztKontakt="2004-01-14" ObjStrasseID="9964" ObjHausnummer="Wagnerweg 52" ObjVorlage="2013-09-11 00:00:00.0" ObKeinKontakt="1" ObjArtID="111" Merkmal="0.0"/>
  <Objekte ObjID="16836" ObjAufnahme="2004-01-15" ObjLetztKontakt="2004-01-15" ObjStrasseID="5711" ObjHausnummer="Am Spielfelde 6C" ObjVorlage="2013-09-11 00:00:00.0" ObKeinKontakt="1" ObjArtID="1" Merkmal="0.0"/>
  <Objekte ObjID="16837" ObjAufnahme="2004-01-16" ObjLetztKontakt="2004-01-16" ObjStrasseID="10286" ObjHausnummer="Weimarer Straße 12" ObjVorlage="2013-09-11 00:00:00.0" ObKeinKontakt="1" ObjArtID="167" Merkmal="0.0"/>
  <Objekte ObjID="16838" ObjAufnahme="2004-01-16" ObjLetztKontakt="2004-01-16" ObjStrasseID="6534" ObjHausnummer="Geibelstraße 64" ObjVorlage="2013-09-11 00:00:00.0" ObKeinKontakt="1" ObjArtID="118" Merkmal="0.0"/>
  <Objekte ObjID="16839" ObjAufnahme="2004-01-16" ObjLetztKontakt="2004-01-16" ObjStrasseID="6534" ObjHausnummer="Geibelstraße 64" ObjVorlage="2013-09-11 00:00:00.0" ObKeinKontakt="1" ObjArtID="124" Merkmal="0.0"/>
  <Objekte ObjID="16840" ObjAufnahme="2004-01-19" ObjLetztKontakt="2004-01-19" ObjStrasseID="9387" ObjHausnummer="Steingartenweg 1" ObjVorlage="2013-09-11 00:00:00.0" ObKeinKontakt="1" ObjArtID="8" Merkmal="0.0"/>
  <Objekte ObjID="16841" ObjAufnahme="2004-01-19" ObjLetztKontakt="2004-01-19" ObjStrasseID="6920" ObjHausnummer="Holzwiesen 129" ObjVorlage="2013-09-11 00:00:00.0" ObKeinKontakt="1" ObjArtID="97" Merkmal="0.0"/>
  <Objekte ObjID="16842" ObjAufnahme="2004-01-20" ObjLetztKontakt="2004-01-20" ObjStrasseID="6583" ObjHausnummer="Gnesener Weg 15" ObjVorlage="2013-09-11 00:00:00.0" ObKeinKontakt="1" ObjArtID="22" Merkmal="0.0"/>
  <Objekte ObjID="16843" ObjAufnahme="2004-01-20" ObjLetztKontakt="2004-01-20" ObjStrasseID="10286" ObjHausnummer="Weimarer Straße 12" ObjVorlage="2013-09-11 00:00:00.0" ObKeinKontakt="1" ObjArtID="201" Merkmal="0.0"/>
  <Objekte ObjID="16844" ObjAufnahme="2004-01-21" ObjLetztKontakt="2004-01-21" ObjStrasseID="8220" ObjHausnummer="Spannhagengarten 11" ObjVorlage="2013-09-11 00:00:00.0" ObKeinKontakt="1" ObjArtID="96" Merkmal="0.0"/>
  <Objekte ObjID="16845" ObjAufnahme="2004-01-22" ObjLetztKontakt="2004-01-22" ObjStrasseID="4052" ObjHausnummer="Königsberger Straße 47" ObjVorlage="2013-09-11 00:00:00.0" ObKeinKontakt="1" ObjArtID="77" Merkmal="0.0"/>
  <Objekte ObjID="16846" ObjAufnahme="2004-01-27" ObjLetztKontakt="2004-01-27" ObjStrasseID="6194" ObjHausnummer="Davenstedter Straße 247" ObjVorlage="2013-09-11 00:00:00.0" ObKeinKontakt="1" ObjArtID="24" Merkmal="0.0"/>
  <Objekte ObjID="16847" ObjAufnahme="2004-01-28" ObjLetztKontakt="2004-02-03" ObjStrasseID="12731" ObjHausnummer="Ricarda-Huch-Straße 3" ObjVorlage="2013-09-11 00:00:00.0" ObKeinKontakt="1" ObjArtID="176" Merkmal="0.0"/>
  <Objekte ObjID="16848" ObjAufnahme="2004-01-28" ObjLetztKontakt="2004-01-28" ObjStrasseID="8174" ObjHausnummer="Sextrostraße 17" ObjVorlage="2013-09-11 00:00:00.0" ObKeinKontakt="1" ObjArtID="74" Merkmal="0.0"/>
  <Objekte ObjID="16849" ObjAufnahme="2004-01-28" ObjLetztKontakt="2004-01-28" ObjStrasseID="8174" ObjHausnummer="Sextrostraße 17" ObjVorlage="2013-09-11 00:00:00.0" ObKeinKontakt="1" ObjArtID="165" Merkmal="0.0"/>
  <Objekte ObjID="16850" ObjAufnahme="2004-01-29" ObjLetztKontakt="2004-01-29" ObjStrasseID="11189" ObjHausnummer="Weizenkamp 58" ObjVorlage="2013-09-11 00:00:00.0" ObKeinKontakt="1" ObjArtID="22" Merkmal="0.0"/>
  <Objekte ObjID="16851" ObjAufnahme="2004-01-29" ObjLetztKontakt="2004-01-29" ObjStrasseID="11189" ObjHausnummer="Weizenkamp 74" ObjVorlage="2013-09-11 00:00:00.0" ObKeinKontakt="1" ObjArtID="22" Merkmal="0.0"/>
  <Objekte ObjID="16852" ObjAufnahme="2004-01-30" ObjLetztKontakt="2004-01-30" ObjStrasseID="12742" ObjHausnummer="Willy-Brandt-Ring 19" ObjVorlage="2013-09-11 00:00:00.0" ObKeinKontakt="1" ObjArtID="24" Merkmal="0.0"/>
  <Objekte ObjID="16853" ObjAufnahme="2004-01-30" ObjLetztKontakt="2004-01-30" ObjStrasseID="12742" ObjHausnummer="Willy-Brandt-Ring 19A" ObjVorlage="2013-09-11 00:00:00.0" ObKeinKontakt="1" ObjArtID="24" Merkmal="0.0"/>
  <Objekte ObjID="16854" ObjAufnahme="2004-01-30" ObjLetztKontakt="2004-01-30" ObjStrasseID="12743" ObjHausnummer="Wietzegraben 16C" ObjVorlage="2013-09-11 00:00:00.0" ObKeinKontakt="1" ObjArtID="176" Merkmal="0.0"/>
  <Objekte ObjID="16855" ObjAufnahme="2004-02-02" ObjLetztKontakt="2004-02-02" ObjStrasseID="12745" ObjHausnummer="Hilda-Rempel-Straße 18A" ObjVorlage="2013-09-11 00:00:00.0" ObKeinKontakt="1" ObjArtID="21" Merkmal="0.0"/>
  <Objekte ObjID="16856" ObjAufnahme="2004-02-02" ObjLetztKontakt="2004-02-02" ObjStrasseID="12746" ObjHausnummer="Theodor-Heuss-Straße 18B" ObjVorlage="2013-09-11 00:00:00.0" ObKeinKontakt="1" ObjArtID="23" Merkmal="0.0"/>
  <Objekte ObjID="16857" ObjAufnahme="2004-02-03" ObjLetztKontakt="2004-02-03" ObjStrasseID="12745" ObjHausnummer="Hilda-Rempel-Straße 1" ObjVorlage="2013-09-11 00:00:00.0" ObKeinKontakt="1" ObjArtID="8" Merkmal="0.0"/>
  <Objekte ObjID="16858" ObjAufnahme="2004-02-03" ObjLetztKontakt="2004-02-03" ObjStrasseID="12743" ObjHausnummer="Wietzegraben 8B" ObjVorlage="2013-09-11 00:00:00.0" ObKeinKontakt="1" ObjArtID="22" Merkmal="0.0"/>
  <Objekte ObjID="16859" ObjAufnahme="2004-02-03" ObjLetztKontakt="2004-02-03" ObjStrasseID="12731" ObjHausnummer="Ricarda-Huch-Straße 3B" ObjVorlage="2013-09-11 00:00:00.0" ObKeinKontakt="1" ObjArtID="176" Merkmal="0.0"/>
  <Objekte ObjID="16860" ObjAufnahme="2004-02-03" ObjLetztKontakt="2004-02-03" ObjStrasseID="7420" ObjHausnummer="Loosweg 12" ObjVorlage="2013-09-11 00:00:00.0" ObKeinKontakt="1" ObjArtID="178" Merkmal="0.0"/>
  <Objekte ObjID="16861" ObjAufnahme="2004-02-04" ObjLetztKontakt="2004-03-01" ObjStrasseID="12759" ObjHausnummer="Bahnhofstraße 18" ObjVorlage="2013-09-11 00:00:00.0" ObKeinKontakt="1" ObjArtID="1" Merkmal="0.0"/>
  <Objekte ObjID="16862" ObjAufnahme="2004-02-04" ObjLetztKontakt="2004-02-04" ObjStrasseID="8409" ObjHausnummer="Tresckowstraße 130" ObjVorlage="2013-09-11 00:00:00.0" ObKeinKontakt="1" ObjArtID="176" Merkmal="0.0"/>
  <Objekte ObjID="16863" ObjAufnahme="2004-02-05" ObjLetztKontakt="2004-02-05" ObjStrasseID="2925" ObjHausnummer="Am Mesterwinkel 34" ObjVorlage="2013-09-11 00:00:00.0" ObKeinKontakt="1" ObjArtID="8" Merkmal="0.0"/>
  <Objekte ObjID="16864" ObjAufnahme="2004-02-09" ObjLetztKontakt="2004-02-09" ObjStrasseID="6559" ObjHausnummer="Geseniusweg 5" ObjVorlage="2013-09-11 00:00:00.0" ObKeinKontakt="1" ObjArtID="8" Merkmal="0.0"/>
  <Objekte ObjID="16865" ObjAufnahme="2004-02-10" ObjLetztKontakt="2004-02-10" ObjStrasseID="12769" ObjHausnummer="Lortzingstraße 3" ObjVorlage="2013-09-11 00:00:00.0" ObKeinKontakt="1" ObjArtID="8" Merkmal="0.0"/>
  <Objekte ObjID="16866" ObjAufnahme="2004-02-10" ObjLetztKontakt="2004-02-10" ObjStrasseID="12702" ObjHausnummer="Mönkeburgstraße 16" ObjVorlage="2013-09-11 00:00:00.0" ObKeinKontakt="1" ObjArtID="8" Merkmal="0.0"/>
  <Objekte ObjID="16867" ObjAufnahme="2004-02-10" ObjLetztKontakt="2004-02-10" ObjStrasseID="12773" ObjHausnummer="Lampehof 11" ObjVorlage="2013-09-11 00:00:00.0" ObKeinKontakt="1" ObjArtID="176" Merkmal="0.0"/>
  <Objekte ObjID="16868" ObjAufnahme="2004-02-10" ObjLetztKontakt="2004-02-10" ObjStrasseID="6004" ObjHausnummer="Bodenstedtstraße 10" ObjVorlage="2013-09-11 00:00:00.0" ObKeinKontakt="1" ObjArtID="1" Merkmal="0.0"/>
  <Objekte ObjID="16869" ObjAufnahme="2004-02-11" ObjLetztKontakt="2004-02-11" ObjStrasseID="4429" ObjHausnummer="Pattenser Feldweg 34" ObjVorlage="2013-09-11 00:00:00.0" ObKeinKontakt="1" ObjArtID="98" Merkmal="0.0"/>
  <Objekte ObjID="16870" ObjAufnahme="2004-02-11" ObjLetztKontakt="2004-02-11" ObjStrasseID="7612" ObjHausnummer="Nelkenstraße 12" ObjVorlage="2013-09-11 00:00:00.0" ObKeinKontakt="1" ObjArtID="240" Merkmal="0.0"/>
  <Objekte ObjID="16871" ObjAufnahme="2004-02-11" ObjLetztKontakt="2004-02-11" ObjStrasseID="6004" ObjHausnummer="Bodenstedtstraße 11" ObjVorlage="2013-09-11 00:00:00.0" ObKeinKontakt="1" ObjArtID="1" Merkmal="0.0"/>
  <Objekte ObjID="16872" ObjAufnahme="2004-02-12" ObjLetztKontakt="2004-02-12" ObjStrasseID="3821" ObjHausnummer="Hoppegartenring 15" ObjVorlage="2013-09-11 00:00:00.0" ObKeinKontakt="1" ObjArtID="21" Merkmal="0.0"/>
  <Objekte ObjID="16873" ObjAufnahme="2004-02-12" ObjLetztKontakt="2004-02-12" ObjStrasseID="6185" ObjHausnummer="Dangersstraße 6" ObjVorlage="2013-09-11 00:00:00.0" ObKeinKontakt="1" ObjArtID="197" Merkmal="0.0"/>
  <Objekte ObjID="16874" ObjAufnahme="2004-02-12" ObjLetztKontakt="2004-02-12" ObjStrasseID="8153" ObjHausnummer="Seelhorststraße 40" ObjVorlage="2013-09-11 00:00:00.0" ObKeinKontakt="1" ObjArtID="118" Merkmal="0.0"/>
  <Objekte ObjID="16875" ObjAufnahme="2004-02-13" ObjLetztKontakt="2004-02-13" ObjStrasseID="6880" ObjHausnummer="Hinrichsring 20" ObjVorlage="2013-09-11 00:00:00.0" ObKeinKontakt="1" ObjArtID="235" Merkmal="0.0"/>
  <Objekte ObjID="16876" ObjAufnahme="2004-02-13" ObjLetztKontakt="2004-02-13" ObjStrasseID="12785" ObjHausnummer="Schwarzenbergsfeld 12" ObjVorlage="2013-09-11 00:00:00.0" ObKeinKontakt="1" ObjArtID="8" Merkmal="0.0"/>
  <Objekte ObjID="16877" ObjAufnahme="2004-02-13" ObjLetztKontakt="2004-02-13" ObjStrasseID="6592" ObjHausnummer="Goethestraße 22" ObjVorlage="2013-09-11 00:00:00.0" ObKeinKontakt="1" ObjArtID="119" Merkmal="0.0"/>
  <Objekte ObjID="16878" ObjAufnahme="2004-02-17" ObjLetztKontakt="2004-02-17" ObjStrasseID="6141" ObjHausnummer="Celler Straße 84" ObjVorlage="2013-09-11 00:00:00.0" ObKeinKontakt="1" ObjArtID="188" Merkmal="0.0"/>
  <Objekte ObjID="16879" ObjAufnahme="2004-02-17" ObjLetztKontakt="2004-02-17" ObjStrasseID="10196" ObjHausnummer="Liebigstraße 40" ObjVorlage="2013-09-11 00:00:00.0" ObKeinKontakt="1" ObjArtID="173" Merkmal="0.0"/>
  <Objekte ObjID="16880" ObjAufnahme="2004-02-17" ObjLetztKontakt="2004-02-17" ObjStrasseID="12745" ObjHausnummer="Hilda-Rempel-Straße 14F" ObjVorlage="2013-09-11 00:00:00.0" ObKeinKontakt="1" ObjArtID="21" Merkmal="0.0"/>
  <Objekte ObjID="16881" ObjAufnahme="2004-02-17" ObjLetztKontakt="2004-02-17" ObjStrasseID="12356" ObjHausnummer="Konrad-Adenauer-Straße 10" ObjVorlage="2013-09-11 00:00:00.0" ObKeinKontakt="1" ObjArtID="8" Merkmal="0.0"/>
  <Objekte ObjID="16882" ObjAufnahme="2004-02-18" ObjLetztKontakt="2004-02-18" ObjStrasseID="10996" ObjHausnummer="Stille Strasse 5" ObjVorlage="2013-09-11 00:00:00.0" ObKeinKontakt="1" ObjArtID="75" Merkmal="0.0"/>
  <Objekte ObjID="16883" ObjAufnahme="2004-02-20" ObjLetztKontakt="2004-02-20" ObjStrasseID="12798" ObjHausnummer="Nachtigallenweg 16" ObjVorlage="2013-09-11 00:00:00.0" ObKeinKontakt="1" ObjArtID="8" Merkmal="0.0"/>
  <Objekte ObjID="16884" ObjAufnahme="2004-02-23" ObjLetztKontakt="2004-02-23" ObjStrasseID="8220" ObjHausnummer="Spannhagengarten 7" ObjVorlage="2013-09-11 00:00:00.0" ObKeinKontakt="1" ObjArtID="167" Merkmal="0.0"/>
  <Objekte ObjID="16885" ObjAufnahme="2004-02-24" ObjLetztKontakt="2004-02-24" ObjStrasseID="12802" ObjHausnummer="Am Archiv 20" ObjVorlage="2013-09-11 00:00:00.0" ObKeinKontakt="1" ObjArtID="8" Merkmal="0.0"/>
  <Objekte ObjID="16886" ObjAufnahme="2004-02-26" ObjLetztKontakt="2004-02-26" ObjStrasseID="8150" ObjHausnummer="Sedanstraße 46" ObjVorlage="2013-09-11 00:00:00.0" ObKeinKontakt="1" ObjArtID="206" Merkmal="0.0"/>
  <Objekte ObjID="16887" ObjAufnahme="2004-02-26" ObjLetztKontakt="2004-02-26" ObjStrasseID="11040" ObjHausnummer="Lichtenberger Straße 9" ObjVorlage="2013-09-11 00:00:00.0" ObKeinKontakt="1" ObjArtID="24" Merkmal="0.0"/>
  <Objekte ObjID="16888" ObjAufnahme="2004-02-26" ObjLetztKontakt="2004-02-26" ObjStrasseID="9865" ObjHausnummer="Beekstraße 4" ObjVorlage="2013-09-11 00:00:00.0" ObKeinKontakt="1" ObjArtID="8" Merkmal="0.0"/>
  <Objekte ObjID="16889" ObjAufnahme="2004-03-01" ObjLetztKontakt="2004-03-01" ObjStrasseID="12803" ObjHausnummer="Schachtweg 11" ObjVorlage="2013-09-11 00:00:00.0" ObKeinKontakt="1" ObjArtID="8" Merkmal="0.0"/>
  <Objekte ObjID="16890" ObjAufnahme="2004-03-01" ObjLetztKontakt="2004-03-01" ObjStrasseID="12812" ObjHausnummer="Voigtstraße 30" ObjVorlage="2013-09-11 00:00:00.0" ObKeinKontakt="1" ObjArtID="24" Merkmal="0.0"/>
  <Objekte ObjID="16891" ObjAufnahme="2004-03-02" ObjLetztKontakt="2004-03-02" ObjStrasseID="12814" ObjHausnummer="Gertrudenweg 25" ObjVorlage="2013-09-11 00:00:00.0" ObKeinKontakt="1" ObjArtID="8" Merkmal="0.0"/>
  <Objekte ObjID="16892" ObjAufnahme="2004-03-02" ObjLetztKontakt="2004-03-02" ObjStrasseID="12815" ObjHausnummer="Garmsstraße 2A" ObjVorlage="2013-09-11 00:00:00.0" ObKeinKontakt="1" ObjArtID="21" Merkmal="0.0"/>
  <Objekte ObjID="16893" ObjAufnahme="2004-03-04" ObjLetztKontakt="2004-03-04" ObjStrasseID="9367" ObjHausnummer="Kaltenbornstraße 11A" ObjVorlage="2013-09-11 00:00:00.0" ObKeinKontakt="1" ObjArtID="8" Merkmal="0.0"/>
  <Objekte ObjID="16894" ObjAufnahme="2004-03-04" ObjLetztKontakt="2004-03-04" ObjStrasseID="5918" ObjHausnummer="Bergiusstraße 18" ObjVorlage="2013-09-11 00:00:00.0" ObKeinKontakt="1" ObjArtID="160" Merkmal="0.0"/>
  <Objekte ObjID="16895" ObjAufnahme="2004-03-04" ObjLetztKontakt="2004-03-04" ObjStrasseID="5223" ObjHausnummer="Sonnenweg 44" ObjVorlage="2013-09-11 00:00:00.0" ObKeinKontakt="1" ObjArtID="197" Merkmal="0.0"/>
  <Objekte ObjID="16896" ObjAufnahme="2004-03-04" ObjLetztKontakt="2004-03-04" ObjStrasseID="6979" ObjHausnummer="Im Heidkampe 41" ObjVorlage="2013-09-11 00:00:00.0" ObKeinKontakt="1" ObjArtID="82" Merkmal="0.0"/>
  <Objekte ObjID="16897" ObjAufnahme="2004-03-04" ObjLetztKontakt="2004-03-04" ObjStrasseID="12831" ObjHausnummer="Mozartstraße 32" ObjVorlage="2013-09-11 00:00:00.0" ObKeinKontakt="1" ObjArtID="178" Merkmal="0.0"/>
  <Objekte ObjID="16898" ObjAufnahme="2004-03-09" ObjLetztKontakt="2004-03-09" ObjStrasseID="4188" ObjHausnummer="Lobker Straße 22" ObjVorlage="2013-09-11 00:00:00.0" ObKeinKontakt="1" ObjArtID="1" Merkmal="0.0"/>
  <Objekte ObjID="16899" ObjAufnahme="2004-03-11" ObjLetztKontakt="2004-03-11" ObjStrasseID="6647" ObjHausnummer="Große Barlinge 64" ObjVorlage="2013-09-11 00:00:00.0" ObKeinKontakt="1" ObjArtID="195" Merkmal="0.0"/>
  <Objekte ObjID="16900" ObjAufnahme="2004-03-12" ObjLetztKontakt="2004-03-12" ObjStrasseID="12839" ObjHausnummer="Am Rathhaus 1" ObjVorlage="2013-09-11 00:00:00.0" ObKeinKontakt="1" ObjArtID="5" Merkmal="0.0"/>
  <Objekte ObjID="16901" ObjAufnahme="2004-03-12" ObjLetztKontakt="2004-03-12" ObjStrasseID="2824" ObjHausnummer="Ahltener Straße 2" ObjVorlage="2013-09-11 00:00:00.0" ObKeinKontakt="1" ObjArtID="5" Merkmal="0.0"/>
  <Objekte ObjID="16902" ObjAufnahme="2004-03-12" ObjLetztKontakt="2004-03-12" ObjStrasseID="12424" ObjHausnummer="Conrad-Bube-Weg 7" ObjVorlage="2013-09-11 00:00:00.0" ObKeinKontakt="1" ObjArtID="118" Merkmal="0.0"/>
  <Objekte ObjID="16903" ObjAufnahme="2004-03-12" ObjLetztKontakt="2004-03-12" ObjStrasseID="9336" ObjHausnummer="Stettiner Straße 16" ObjVorlage="2013-09-11 00:00:00.0" ObKeinKontakt="1" ObjArtID="173" Merkmal="0.0"/>
  <Objekte ObjID="16904" ObjAufnahme="2004-03-12" ObjLetztKontakt="2004-03-12" ObjStrasseID="3555" ObjHausnummer="Gertsertsweg 4" ObjVorlage="2013-09-11 00:00:00.0" ObKeinKontakt="1" ObjArtID="176" Merkmal="0.0"/>
  <Objekte ObjID="16905" ObjAufnahme="2004-03-12" ObjLetztKontakt="2004-03-12" ObjStrasseID="9233" ObjHausnummer="Am Rodelberg 9" ObjVorlage="2013-09-11 00:00:00.0" ObKeinKontakt="1" ObjArtID="79" Merkmal="0.0"/>
  <Objekte ObjID="16906" ObjAufnahme="2004-03-18" ObjLetztKontakt="2004-03-18" ObjStrasseID="8909" ObjHausnummer="Emil-von-Behring-Straße 11" ObjVorlage="2013-09-11 00:00:00.0" ObKeinKontakt="1" ObjArtID="22" Merkmal="0.0"/>
  <Objekte ObjID="16907" ObjAufnahme="2004-03-18" ObjLetztKontakt="2004-03-18" ObjStrasseID="12848" ObjHausnummer="Ludwig-Richter-Straße 26" ObjVorlage="2013-09-11 00:00:00.0" ObKeinKontakt="1" ObjArtID="178" Merkmal="0.0"/>
  <Objekte ObjID="16908" ObjAufnahme="2004-03-18" ObjLetztKontakt="2004-03-18" ObjStrasseID="12851" ObjHausnummer="Rennpaul 18" ObjVorlage="2013-09-11 00:00:00.0" ObKeinKontakt="1" ObjArtID="8" Merkmal="0.0"/>
  <Objekte ObjID="16909" ObjAufnahme="2004-03-19" ObjLetztKontakt="2004-03-19" ObjStrasseID="8403" ObjHausnummer="Trakehnerweg 1" ObjVorlage="2013-09-11 00:00:00.0" ObKeinKontakt="1" ObjArtID="8" Merkmal="0.0"/>
  <Objekte ObjID="16910" ObjAufnahme="2004-03-22" ObjLetztKontakt="2004-03-22" ObjStrasseID="3593" ObjHausnummer="Granatstraße 11" ObjVorlage="2013-09-11 00:00:00.0" ObKeinKontakt="1" ObjArtID="176" Merkmal="0.0"/>
  <Objekte ObjID="16911" ObjAufnahme="2004-03-22" ObjLetztKontakt="2004-03-22" ObjStrasseID="12185" ObjHausnummer="Max-Eyth-Straße 51" ObjVorlage="2013-09-11 00:00:00.0" ObKeinKontakt="1" ObjArtID="8" Merkmal="0.0"/>
  <Objekte ObjID="16912" ObjAufnahme="2004-03-22" ObjLetztKontakt="2004-03-22" ObjStrasseID="12856" ObjHausnummer="Lilienthalstraße 2" ObjVorlage="2013-09-11 00:00:00.0" ObKeinKontakt="1" ObjArtID="24" Merkmal="0.0"/>
  <Objekte ObjID="16913" ObjAufnahme="2004-03-23" ObjLetztKontakt="2004-03-23" ObjStrasseID="5983" ObjHausnummer="Bischofsholer Damm 28" ObjVorlage="2013-09-11 00:00:00.0" ObKeinKontakt="1" ObjArtID="1" Merkmal="0.0"/>
  <Objekte ObjID="16914" ObjAufnahme="2004-03-25" ObjLetztKontakt="2004-03-25" ObjStrasseID="8696" ObjHausnummer="Wunstorfer Straße 47" ObjVorlage="2013-09-11 00:00:00.0" ObKeinKontakt="1" ObjArtID="1" Merkmal="0.0"/>
  <Objekte ObjID="16915" ObjAufnahme="2004-03-30" ObjLetztKontakt="2004-03-30" ObjStrasseID="7697" ObjHausnummer="Ã–stbergweg 17" ObjVorlage="2013-09-11 00:00:00.0" ObKeinKontakt="1" ObjArtID="178" Merkmal="0.0"/>
  <Objekte ObjID="16916" ObjAufnahme="2004-03-31" ObjLetztKontakt="2004-03-31" ObjStrasseID="7931" ObjHausnummer="Rönnehof 16" ObjVorlage="2013-09-11 00:00:00.0" ObKeinKontakt="1" ObjArtID="22" Merkmal="0.0"/>
  <Objekte ObjID="16917" ObjAufnahme="2004-03-31" ObjLetztKontakt="2004-03-31" ObjStrasseID="6350" ObjHausnummer="Engelbosteler Damm 28" ObjVorlage="2013-09-11 00:00:00.0" ObKeinKontakt="1" ObjArtID="1" Merkmal="0.0"/>
  <Objekte ObjID="16918" ObjAufnahme="2004-03-31" ObjLetztKontakt="2004-03-31" ObjStrasseID="12881" ObjHausnummer="Ringstraße 30A" ObjVorlage="2013-09-11 00:00:00.0" ObKeinKontakt="1" ObjArtID="201" Merkmal="0.0"/>
  <Objekte ObjID="16919" ObjAufnahme="2004-04-01" ObjLetztKontakt="2004-04-01" ObjStrasseID="12883" ObjHausnummer="Saturnring 16" ObjVorlage="2013-09-11 00:00:00.0" ObKeinKontakt="1" ObjArtID="8" Merkmal="0.0"/>
  <Objekte ObjID="16920" ObjAufnahme="2004-04-01" ObjLetztKontakt="2004-04-01" ObjStrasseID="6216" ObjHausnummer="Dieckmannstraße 10" ObjVorlage="2013-09-11 00:00:00.0" ObKeinKontakt="1" ObjArtID="1" Merkmal="0.0"/>
  <Objekte ObjID="16921" ObjAufnahme="2004-04-02" ObjLetztKontakt="2004-06-11" ObjStrasseID="8160" ObjHausnummer="Seilerstraße 35" ObjVorlage="2013-09-11 00:00:00.0" ObKeinKontakt="1" ObjArtID="1" Merkmal="0.0"/>
  <Objekte ObjID="16922" ObjAufnahme="2004-04-07" ObjLetztKontakt="2004-04-07" ObjStrasseID="10855" ObjHausnummer="Pattenser Straße 4" ObjVorlage="2013-09-11 00:00:00.0" ObKeinKontakt="1" ObjArtID="173" Merkmal="0.0"/>
  <Objekte ObjID="16923" ObjAufnahme="2004-04-13" ObjLetztKontakt="2004-04-13" ObjStrasseID="8174" ObjHausnummer="Sextrostraße 17" ObjVorlage="2013-09-11 00:00:00.0" ObKeinKontakt="1" ObjArtID="53" Merkmal="0.0"/>
  <Objekte ObjID="16924" ObjAufnahme="2004-04-13" ObjLetztKontakt="2004-04-13" ObjStrasseID="8174" ObjHausnummer="Sextrostraße 17" ObjVorlage="2013-09-11 00:00:00.0" ObKeinKontakt="1" ObjArtID="12" Merkmal="0.0"/>
  <Objekte ObjID="16925" ObjAufnahme="2004-04-13" ObjLetztKontakt="2004-04-13" ObjStrasseID="8174" ObjHausnummer="Sextrostraße 17" ObjVorlage="2013-09-11 00:00:00.0" ObKeinKontakt="1" ObjArtID="195" Merkmal="0.0"/>
  <Objekte ObjID="16926" ObjAufnahme="2004-04-14" ObjLetztKontakt="2004-04-14" ObjStrasseID="5912" ObjHausnummer="Benzweg 4" ObjVorlage="2013-09-11 00:00:00.0" ObKeinKontakt="1" ObjArtID="173" Merkmal="0.0"/>
  <Objekte ObjID="16927" ObjAufnahme="2004-04-15" ObjLetztKontakt="2004-04-15" ObjStrasseID="7534" ObjHausnummer="Meterstraße 12" ObjVorlage="2013-09-11 00:00:00.0" ObKeinKontakt="1" ObjArtID="195" Merkmal="0.0"/>
  <Objekte ObjID="16928" ObjAufnahme="2004-04-15" ObjLetztKontakt="2004-04-15" ObjStrasseID="10590" ObjHausnummer="Schaperweg 5" ObjVorlage="2013-09-11 00:00:00.0" ObKeinKontakt="1" ObjArtID="117" Merkmal="0.0"/>
  <Objekte ObjID="16929" ObjAufnahme="2004-04-16" ObjLetztKontakt="2004-04-16" ObjStrasseID="6546" ObjHausnummer="Gerdingstraße 11C" ObjVorlage="2013-09-11 00:00:00.0" ObKeinKontakt="1" ObjArtID="176" Merkmal="0.0"/>
  <Objekte ObjID="16930" ObjAufnahme="2004-04-16" ObjLetztKontakt="2004-04-16" ObjStrasseID="8686" ObjHausnummer="Wülfeler Bruch 11A" ObjVorlage="2013-09-11 00:00:00.0" ObKeinKontakt="1" ObjArtID="8" Merkmal="0.0"/>
  <Objekte ObjID="16931" ObjAufnahme="2004-04-20" ObjLetztKontakt="2004-04-20" ObjStrasseID="9488" ObjHausnummer="Schaftrift 5" ObjVorlage="2013-09-11 00:00:00.0" ObKeinKontakt="1" ObjArtID="22" Merkmal="0.0"/>
  <Objekte ObjID="16932" ObjAufnahme="2004-04-21" ObjLetztKontakt="2004-04-21" ObjStrasseID="12834" ObjHausnummer="Herderstraße 7" ObjVorlage="2013-09-11 00:00:00.0" ObKeinKontakt="1" ObjArtID="22" Merkmal="0.0"/>
  <Objekte ObjID="16933" ObjAufnahme="2004-04-21" ObjLetztKontakt="2004-04-21" ObjStrasseID="2857" ObjHausnummer="Alte Stöckener Straße 62" ObjVorlage="2013-09-11 00:00:00.0" ObKeinKontakt="1" ObjArtID="1" Merkmal="0.0"/>
  <Objekte ObjID="16934" ObjAufnahme="2004-04-21" ObjLetztKontakt="2013-08-20" ObjStrasseID="6204" ObjHausnummer="Deisterstraße 75" ObjVorlage="2013-09-11 00:00:00.0" ObKeinKontakt="3" ObjArtID="5" Merkmal="0.0"/>
  <Objekte ObjID="16935" ObjAufnahme="2004-04-21" ObjLetztKontakt="2004-04-21" ObjStrasseID="3057" ObjHausnummer="Bachstraße 13A" ObjVorlage="2013-09-11 00:00:00.0" ObKeinKontakt="1" ObjArtID="24" Merkmal="0.0"/>
  <Objekte ObjID="16936" ObjAufnahme="2004-04-22" ObjLetztKontakt="2004-04-22" ObjStrasseID="10989" ObjHausnummer="Marktstraße 14" ObjVorlage="2013-09-11 00:00:00.0" ObKeinKontakt="1" ObjArtID="54" Merkmal="0.0"/>
  <Objekte ObjID="16937" ObjAufnahme="2004-04-22" ObjLetztKontakt="2004-04-22" ObjStrasseID="8058" ObjHausnummer="Scheffelfeld 52" ObjVorlage="2013-09-11 00:00:00.0" ObKeinKontakt="1" ObjArtID="22" Merkmal="0.0"/>
  <Objekte ObjID="16938" ObjAufnahme="2004-04-22" ObjLetztKontakt="2004-04-22" ObjStrasseID="8314" ObjHausnummer="Strindbergstraße 18" ObjVorlage="2013-09-11 00:00:00.0" ObKeinKontakt="1" ObjArtID="20" Merkmal="0.0"/>
  <Objekte ObjID="16939" ObjAufnahme="2004-04-26" ObjLetztKontakt="2004-04-26" ObjStrasseID="7242" ObjHausnummer="Kötnerholzweg 9" ObjVorlage="2013-09-11 00:00:00.0" ObKeinKontakt="1" ObjArtID="5" Merkmal="0.0" ObjInfo="Sohn  gehört das ganze Haus"/>
  <Objekte ObjID="16940" ObjAufnahme="2004-04-27" ObjLetztKontakt="2004-06-14" ObjStrasseID="7144" ObjHausnummer="Kiepertstraße 7" ObjVorlage="2013-09-11 00:00:00.0" ObKeinKontakt="2" ObjArtID="1" Merkmal="0.0"/>
  <Objekte ObjID="16941" ObjAufnahme="2004-04-27" ObjLetztKontakt="2004-04-27" ObjStrasseID="7960" ObjHausnummer="Rotekreuzstraße 22" ObjVorlage="2013-09-11 00:00:00.0" ObKeinKontakt="1" ObjArtID="118" Merkmal="0.0"/>
  <Objekte ObjID="16942" ObjAufnahme="2004-04-29" ObjLetztKontakt="2004-04-29" ObjStrasseID="5781" ObjHausnummer="An der Trift 18" ObjVorlage="2013-09-11 00:00:00.0" ObKeinKontakt="1" ObjArtID="8" Merkmal="0.0"/>
  <Objekte ObjID="16943" ObjAufnahme="2004-05-04" ObjLetztKontakt="2004-05-04" ObjStrasseID="5721" ObjHausnummer="Am Tiergarten 38" ObjVorlage="2013-09-11 00:00:00.0" ObKeinKontakt="1" ObjArtID="18" Merkmal="0.0"/>
  <Objekte ObjID="16944" ObjAufnahme="2004-05-04" ObjLetztKontakt="2004-05-04" ObjStrasseID="7825" ObjHausnummer="Quantelholz 24D" ObjVorlage="2013-09-11 00:00:00.0" ObKeinKontakt="1" ObjArtID="22" Merkmal="0.0"/>
  <Objekte ObjID="16945" ObjAufnahme="2004-05-04" ObjLetztKontakt="2004-05-04" ObjStrasseID="5558" ObjHausnummer="Albert-Niemann-Straße 19" ObjVorlage="2013-09-11 00:00:00.0" ObKeinKontakt="1" ObjArtID="179" Merkmal="0.0"/>
  <Objekte ObjID="16946" ObjAufnahme="2004-05-05" ObjLetztKontakt="2004-05-05" ObjStrasseID="7153" ObjHausnummer="Kirchröder Straße 59" ObjVorlage="2013-09-11 00:00:00.0" ObKeinKontakt="1" ObjArtID="24" Merkmal="0.0"/>
  <Objekte ObjID="16947" ObjAufnahme="2004-05-06" ObjLetztKontakt="2004-05-06" ObjStrasseID="7039" ObjHausnummer="Isernhagener Straße 41" ObjVorlage="2013-09-11 00:00:00.0" ObKeinKontakt="1" ObjArtID="168" Merkmal="0.0"/>
  <Objekte ObjID="16948" ObjAufnahme="2004-05-06" ObjLetztKontakt="2004-05-06" ObjStrasseID="7415" ObjHausnummer="Lohkamp 2" ObjVorlage="2013-09-11 00:00:00.0" ObKeinKontakt="1" ObjArtID="1" Merkmal="0.0"/>
  <Objekte ObjID="16949" ObjAufnahme="2004-05-06" ObjLetztKontakt="2004-05-06" ObjStrasseID="7311" ObjHausnummer="Lankwitzweg 12" ObjVorlage="2013-09-11 00:00:00.0" ObKeinKontakt="1" ObjArtID="1" Merkmal="0.0"/>
  <Objekte ObjID="16950" ObjAufnahme="2004-05-10" ObjLetztKontakt="2004-05-10" ObjStrasseID="6455" ObjHausnummer="Fraunhoferstraße 2" ObjVorlage="2013-09-11 00:00:00.0" ObKeinKontakt="1" ObjArtID="96" Merkmal="0.0"/>
  <Objekte ObjID="16951" ObjAufnahme="2004-05-10" ObjLetztKontakt="2004-06-02" ObjStrasseID="8532" ObjHausnummer="Weberstraße 6" ObjVorlage="2013-09-11 00:00:00.0" ObKeinKontakt="1" ObjArtID="1" Merkmal="0.0"/>
  <Objekte ObjID="16952" ObjAufnahme="2004-05-11" ObjLetztKontakt="2004-05-11" ObjStrasseID="12925" ObjHausnummer="Riethornweg 18" ObjVorlage="2013-09-11 00:00:00.0" ObKeinKontakt="1" ObjArtID="8" Merkmal="0.0"/>
  <Objekte ObjID="16953" ObjAufnahme="2004-05-12" ObjLetztKontakt="2004-05-12" ObjStrasseID="12612" ObjHausnummer="Rahlfsweg 42" ObjVorlage="2013-09-11 00:00:00.0" ObKeinKontakt="1" ObjArtID="8" Merkmal="0.0"/>
  <Objekte ObjID="16954" ObjAufnahme="2004-05-12" ObjLetztKontakt="2004-05-12" ObjStrasseID="6645" ObjHausnummer="Groß-Buchholzer-Kirchweg 54" ObjVorlage="2013-09-11 00:00:00.0" ObKeinKontakt="1" ObjArtID="127" Merkmal="0.0"/>
  <Objekte ObjID="16955" ObjAufnahme="2004-05-12" ObjLetztKontakt="2004-05-12" ObjStrasseID="7480" ObjHausnummer="Marienstraße 10" ObjVorlage="2013-09-11 00:00:00.0" ObKeinKontakt="1" ObjArtID="1" Merkmal="0.0"/>
  <Objekte ObjID="16956" ObjAufnahme="2004-05-13" ObjLetztKontakt="2004-05-13" ObjStrasseID="12932" ObjHausnummer="Finkenstraße 2A" ObjVorlage="2013-09-11 00:00:00.0" ObKeinKontakt="1" ObjArtID="8" Merkmal="0.0"/>
  <Objekte ObjID="16957" ObjAufnahme="2004-05-14" ObjLetztKontakt="2004-05-14" ObjStrasseID="8156" ObjHausnummer="Giesener Straße 15" ObjVorlage="2013-09-11 00:00:00.0" ObKeinKontakt="1" ObjArtID="240" Merkmal="0.0"/>
  <Objekte ObjID="16958" ObjAufnahme="2004-05-14" ObjLetztKontakt="2004-05-14" ObjStrasseID="7039" ObjHausnummer="Isernhagener Straße 19" ObjVorlage="2013-09-11 00:00:00.0" ObKeinKontakt="1" ObjArtID="104" Merkmal="0.0"/>
  <Objekte ObjID="16959" ObjAufnahme="2004-05-14" ObjLetztKontakt="2004-05-14" ObjStrasseID="7039" ObjHausnummer="Isernhagener Straße 19" ObjVorlage="2013-09-11 00:00:00.0" ObKeinKontakt="1" ObjArtID="204" Merkmal="0.0"/>
  <Objekte ObjID="16960" ObjAufnahme="2004-05-17" ObjLetztKontakt="2004-05-17" ObjStrasseID="8529" ObjHausnummer="Waßmannstraße 36" ObjVorlage="2013-09-11 00:00:00.0" ObKeinKontakt="1" ObjArtID="67" Merkmal="0.0"/>
  <Objekte ObjID="16961" ObjAufnahme="2004-05-17" ObjLetztKontakt="2004-05-17" ObjStrasseID="6002" ObjHausnummer="Bödekerstraße 64" ObjVorlage="2013-09-11 00:00:00.0" ObKeinKontakt="1" ObjArtID="195" Merkmal="0.0"/>
  <Objekte ObjID="16962" ObjAufnahme="2004-05-17" ObjLetztKontakt="2004-05-17" ObjStrasseID="6002" ObjHausnummer="Bödekerstraße 64" ObjVorlage="2013-09-11 00:00:00.0" ObKeinKontakt="1" ObjArtID="109" Merkmal="0.0"/>
  <Objekte ObjID="16963" ObjAufnahme="2004-05-18" ObjLetztKontakt="2004-05-18" ObjStrasseID="6130" ObjHausnummer="Büttnerstraße 19" ObjVorlage="2013-09-11 00:00:00.0" ObKeinKontakt="1" ObjArtID="11" Merkmal="0.0"/>
  <Objekte ObjID="16964" ObjAufnahme="2004-05-19" ObjLetztKontakt="2004-05-19" ObjStrasseID="6902" ObjHausnummer="Hogrefestraße 7" ObjVorlage="2013-09-11 00:00:00.0" ObKeinKontakt="1" ObjArtID="5" Merkmal="0.0"/>
  <Objekte ObjID="16965" ObjAufnahme="2004-05-25" ObjLetztKontakt="2004-05-25" ObjStrasseID="7973" ObjHausnummer="Rückertstraße 16" ObjVorlage="2013-09-11 00:00:00.0" ObKeinKontakt="1" ObjArtID="111" Merkmal="0.0"/>
  <Objekte ObjID="16966" ObjAufnahme="2004-05-26" ObjLetztKontakt="2004-05-26" ObjStrasseID="8490" ObjHausnummer="Von-Graevemeyer-Weg 16" ObjVorlage="2013-09-11 00:00:00.0" ObKeinKontakt="1" ObjArtID="8" Merkmal="0.0"/>
  <Objekte ObjID="16967" ObjAufnahme="2004-05-26" ObjLetztKontakt="2004-05-26" ObjStrasseID="7596" ObjHausnummer="Muthesiusweg 16" ObjVorlage="2013-09-11 00:00:00.0" ObKeinKontakt="1" ObjArtID="8" Merkmal="0.0"/>
  <Objekte ObjID="16968" ObjAufnahme="2004-05-26" ObjLetztKontakt="2004-05-26" ObjStrasseID="8267" ObjHausnummer="Steimbker Hof 11" ObjVorlage="2013-09-11 00:00:00.0" ObKeinKontakt="1" ObjArtID="263" Merkmal="0.0"/>
  <Objekte ObjID="16969" ObjAufnahme="2004-05-27" ObjLetztKontakt="2004-05-27" ObjStrasseID="7364" ObjHausnummer="Letterweg 12" ObjVorlage="2013-09-11 00:00:00.0" ObKeinKontakt="1" ObjArtID="1" Merkmal="0.0"/>
  <Objekte ObjID="16970" ObjAufnahme="2004-05-28" ObjLetztKontakt="2004-05-28" ObjStrasseID="12954" ObjHausnummer="Jägerweg 19" ObjVorlage="2013-09-11 00:00:00.0" ObKeinKontakt="1" ObjArtID="8" Merkmal="0.0"/>
  <Objekte ObjID="16971" ObjAufnahme="2004-05-28" ObjLetztKontakt="2004-05-28" ObjStrasseID="12955" ObjHausnummer="Im Gesenk 20" ObjVorlage="2013-09-11 00:00:00.0" ObKeinKontakt="1" ObjArtID="8" Merkmal="0.0"/>
  <Objekte ObjID="16972" ObjAufnahme="2004-05-28" ObjLetztKontakt="2004-05-28" ObjStrasseID="6970" ObjHausnummer="Im Dorfe 14A" ObjVorlage="2013-09-11 00:00:00.0" ObKeinKontakt="1" ObjArtID="74" Merkmal="0.0"/>
  <Objekte ObjID="16973" ObjAufnahme="2004-05-28" ObjLetztKontakt="2004-05-28" ObjStrasseID="5676" ObjHausnummer="Am Leinewehr 15" ObjVorlage="2013-09-11 00:00:00.0" ObKeinKontakt="1" ObjArtID="49" Merkmal="0.0"/>
  <Objekte ObjID="16974" ObjAufnahme="2004-05-28" ObjLetztKontakt="2004-05-28" ObjStrasseID="5676" ObjHausnummer="Am Leinewehr 15" ObjVorlage="2013-09-11 00:00:00.0" ObKeinKontakt="1" ObjArtID="264" Merkmal="0.0"/>
  <Objekte ObjID="16975" ObjAufnahme="2004-06-02" ObjLetztKontakt="2004-06-02" ObjStrasseID="12956" ObjHausnummer="Hinter dem Felde 8" ObjVorlage="2013-09-11 00:00:00.0" ObKeinKontakt="1" ObjArtID="8" Merkmal="0.0"/>
  <Objekte ObjID="16976" ObjAufnahme="2004-06-02" ObjLetztKontakt="2004-06-02" ObjStrasseID="10685" ObjHausnummer="Am Schützenplatz 7" ObjVorlage="2013-09-11 00:00:00.0" ObKeinKontakt="1" ObjArtID="8" Merkmal="0.0"/>
  <Objekte ObjID="16977" ObjAufnahme="2004-06-02" ObjLetztKontakt="2004-06-02" ObjStrasseID="7521" ObjHausnummer="Menschingstraße 3" ObjVorlage="2013-09-11 00:00:00.0" ObKeinKontakt="1" ObjArtID="1" Merkmal="0.0"/>
  <Objekte ObjID="16978" ObjAufnahme="2004-06-03" ObjLetztKontakt="2004-06-03" ObjStrasseID="3357" ObjHausnummer="Ebereschenweg 29" ObjVorlage="2013-09-11 00:00:00.0" ObKeinKontakt="1" ObjArtID="54" Merkmal="0.0"/>
  <Objekte ObjID="16979" ObjAufnahme="2004-06-03" ObjLetztKontakt="2004-06-03" ObjStrasseID="7405" ObjHausnummer="Lister Kirchweg 102" ObjVorlage="2013-09-11 00:00:00.0" ObKeinKontakt="1" ObjArtID="244" Merkmal="0.0"/>
  <Objekte ObjID="16980" ObjAufnahme="2004-06-03" ObjLetztKontakt="2004-06-03" ObjStrasseID="5715" ObjHausnummer="Am Stöckener Bach 14" ObjVorlage="2013-09-11 00:00:00.0" ObKeinKontakt="1" ObjArtID="228" Merkmal="0.0"/>
  <Objekte ObjID="16981" ObjAufnahme="2004-06-07" ObjLetztKontakt="2004-06-07" ObjStrasseID="5625" ObjHausnummer="Am Forstkamp 41B" ObjVorlage="2013-09-11 00:00:00.0" ObKeinKontakt="1" ObjArtID="24" Merkmal="0.0"/>
  <Objekte ObjID="16982" ObjAufnahme="2004-06-07" ObjLetztKontakt="2004-06-07" ObjStrasseID="12969" ObjHausnummer="Schrotgang 2" ObjVorlage="2013-09-11 00:00:00.0" ObKeinKontakt="1" ObjArtID="178" Merkmal="0.0"/>
  <Objekte ObjID="16983" ObjAufnahme="2004-06-07" ObjLetztKontakt="2004-06-07" ObjStrasseID="11510" ObjHausnummer="Im Winkel 7" ObjVorlage="2013-09-11 00:00:00.0" ObKeinKontakt="1" ObjArtID="22" Merkmal="0.0"/>
  <Objekte ObjID="16984" ObjAufnahme="2004-06-08" ObjLetztKontakt="2004-06-08" ObjStrasseID="6305" ObjHausnummer="Eichelkampstraße 39" ObjVorlage="2013-09-11 00:00:00.0" ObKeinKontakt="1" ObjArtID="254" Merkmal="0.0"/>
  <Objekte ObjID="16985" ObjAufnahme="2004-06-08" ObjLetztKontakt="2004-06-08" ObjStrasseID="8173" ObjHausnummer="Seumestraße 1" ObjVorlage="2013-09-11 00:00:00.0" ObKeinKontakt="1" ObjArtID="201" Merkmal="0.0"/>
  <Objekte ObjID="16986" ObjAufnahme="2004-06-09" ObjLetztKontakt="2004-06-09" ObjStrasseID="12976" ObjHausnummer="Drothwinkel 7" ObjVorlage="2013-09-11 00:00:00.0" ObKeinKontakt="1" ObjArtID="8" Merkmal="0.0"/>
  <Objekte ObjID="16987" ObjAufnahme="2004-06-09" ObjLetztKontakt="2004-06-09" ObjStrasseID="6330" ObjHausnummer="Eleonorenstraße 4" ObjVorlage="2013-09-11 00:00:00.0" ObKeinKontakt="1" ObjArtID="1" Merkmal="0.0"/>
  <Objekte ObjID="16988" ObjAufnahme="2004-06-10" ObjLetztKontakt="2004-06-10" ObjStrasseID="4041" ObjHausnummer="Kolberger Straße 10" ObjVorlage="2013-09-11 00:00:00.0" ObKeinKontakt="1" ObjArtID="166" Merkmal="0.0"/>
  <Objekte ObjID="16989" ObjAufnahme="2004-06-10" ObjLetztKontakt="2004-06-10" ObjStrasseID="4041" ObjHausnummer="Kolberger Straße 10" ObjVorlage="2013-09-11 00:00:00.0" ObKeinKontakt="1" ObjArtID="175" Merkmal="0.0"/>
  <Objekte ObjID="16990" ObjAufnahme="2004-06-11" ObjLetztKontakt="2004-06-11" ObjStrasseID="8220" ObjHausnummer="Spannhagengarten 6" ObjVorlage="2013-09-11 00:00:00.0" ObKeinKontakt="1" ObjArtID="118" Merkmal="0.0"/>
  <Objekte ObjID="16991" ObjAufnahme="2004-06-11" ObjLetztKontakt="2004-06-11" ObjStrasseID="8334" ObjHausnummer="Süßeroder Straße 1J" ObjVorlage="2013-09-11 00:00:00.0" ObKeinKontakt="1" ObjArtID="23" Merkmal="0.0"/>
  <Objekte ObjID="16992" ObjAufnahme="2004-06-11" ObjLetztKontakt="2004-06-11" ObjStrasseID="12243" ObjHausnummer="Moorkamp 2" ObjVorlage="2013-09-11 00:00:00.0" ObKeinKontakt="1" ObjArtID="23" Merkmal="0.0"/>
  <Objekte ObjID="16993" ObjAufnahme="2004-06-14" ObjLetztKontakt="2004-06-14" ObjStrasseID="12991" ObjHausnummer="Fliederweg 36" ObjVorlage="2013-09-11 00:00:00.0" ObKeinKontakt="1" ObjArtID="176" Merkmal="0.0"/>
  <Objekte ObjID="16994" ObjAufnahme="2004-06-14" ObjLetztKontakt="2004-06-14" ObjStrasseID="2857" ObjHausnummer="Alte Stöckener Straße 74" ObjVorlage="2013-09-11 00:00:00.0" ObKeinKontakt="1" ObjArtID="13" Merkmal="0.0"/>
  <Objekte ObjID="16995" ObjAufnahme="2004-06-14" ObjLetztKontakt="2004-06-14" ObjStrasseID="2857" ObjHausnummer="Alte Stöckener Straße 74" ObjVorlage="2013-09-11 00:00:00.0" ObKeinKontakt="1" ObjArtID="75" Merkmal="0.0"/>
  <Objekte ObjID="16996" ObjAufnahme="2004-06-14" ObjLetztKontakt="2004-06-14" ObjStrasseID="2857" ObjHausnummer="Alte Stöckener Straße 74" ObjVorlage="2013-09-11 00:00:00.0" ObKeinKontakt="1" ObjArtID="61" Merkmal="0.0"/>
  <Objekte ObjID="16997" ObjAufnahme="2004-06-14" ObjLetztKontakt="2004-06-14" ObjStrasseID="2857" ObjHausnummer="Alte Stöckener Straße 74" ObjVorlage="2013-09-11 00:00:00.0" ObKeinKontakt="1" ObjArtID="96" Merkmal="0.0"/>
  <Objekte ObjID="16998" ObjAufnahme="2004-06-14" ObjLetztKontakt="2004-06-14" ObjStrasseID="2857" ObjHausnummer="Alte Stöckener Straße 74" ObjVorlage="2013-09-11 00:00:00.0" ObKeinKontakt="1" ObjArtID="82" Merkmal="0.0"/>
  <Objekte ObjID="16999" ObjAufnahme="2004-06-15" ObjLetztKontakt="2004-06-15" ObjStrasseID="12398" ObjHausnummer="Föhrenkamp 5" ObjVorlage="2013-09-11 00:00:00.0" ObKeinKontakt="1" ObjArtID="20" Merkmal="0.0"/>
  <Objekte ObjID="17000" ObjAufnahme="2004-06-15" ObjLetztKontakt="2004-06-15" ObjStrasseID="6095" ObjHausnummer="Buchenplan 13" ObjVorlage="2013-09-11 00:00:00.0" ObKeinKontakt="1" ObjArtID="119" Merkmal="0.0"/>
  <Objekte ObjID="17001" ObjAufnahme="2004-06-15" ObjLetztKontakt="2004-06-15" ObjStrasseID="6095" ObjHausnummer="Buchenplan 13" ObjVorlage="2013-09-11 00:00:00.0" ObKeinKontakt="1" ObjArtID="105" Merkmal="0.0"/>
  <Objekte ObjID="17002" ObjAufnahme="2004-06-15" ObjLetztKontakt="2004-06-15" ObjStrasseID="6095" ObjHausnummer="Buchenplan 13" ObjVorlage="2013-09-11 00:00:00.0" ObKeinKontakt="1" ObjArtID="83" Merkmal="0.0"/>
  <Objekte ObjID="17003" ObjAufnahme="2004-06-16" ObjLetztKontakt="2004-06-16" ObjStrasseID="7804" ObjHausnummer="Poggendiek 10" ObjVorlage="2013-09-11 00:00:00.0" ObKeinKontakt="1" ObjArtID="176" Merkmal="0.0"/>
  <Objekte ObjID="17004" ObjAufnahme="2004-06-16" ObjLetztKontakt="2004-06-16" ObjStrasseID="5576" ObjHausnummer="Alte Döhrener Straße 78" ObjVorlage="2013-09-11 00:00:00.0" ObKeinKontakt="1" ObjArtID="1" Merkmal="0.0"/>
  <Objekte ObjID="17005" ObjAufnahme="2004-06-16" ObjLetztKontakt="2004-06-16" ObjStrasseID="9150" ObjHausnummer="Schillerstraße 50" ObjVorlage="2013-09-11 00:00:00.0" ObKeinKontakt="1" ObjArtID="1" Merkmal="0.0"/>
  <Objekte ObjID="17006" ObjAufnahme="2004-06-17" ObjLetztKontakt="2004-06-17" ObjStrasseID="7014" ObjHausnummer="Immermannstraße 1" ObjVorlage="2013-09-11 00:00:00.0" ObKeinKontakt="1" ObjArtID="229" Merkmal="0.0"/>
  <Objekte ObjID="17007" ObjAufnahme="2004-06-17" ObjLetztKontakt="2004-06-17" ObjStrasseID="3119" ObjHausnummer="Bergkammstraße 1" ObjVorlage="2013-09-11 00:00:00.0" ObKeinKontakt="1" ObjArtID="75" Merkmal="0.0"/>
  <Objekte ObjID="17008" ObjAufnahme="2004-06-18" ObjLetztKontakt="2004-06-18" ObjStrasseID="12998" ObjHausnummer="Deisterblick 1" ObjVorlage="2013-09-11 00:00:00.0" ObKeinKontakt="1" ObjArtID="8" Merkmal="0.0"/>
  <Objekte ObjID="17009" ObjAufnahme="2004-06-18" ObjLetztKontakt="2004-06-18" ObjStrasseID="5576" ObjHausnummer="Alte Döhrener Straße 76" ObjVorlage="2013-09-11 00:00:00.0" ObKeinKontakt="1" ObjArtID="1" Merkmal="0.0"/>
  <Objekte ObjID="17010" ObjAufnahme="2004-06-18" ObjLetztKontakt="2004-06-18" ObjStrasseID="5576" ObjHausnummer="Alte Döhrener Straße 76A" ObjVorlage="2013-09-11 00:00:00.0" ObKeinKontakt="1" ObjArtID="1" Merkmal="0.0"/>
  <Objekte ObjID="17011" ObjAufnahme="2004-06-21" ObjLetztKontakt="2004-06-21" ObjStrasseID="4911" ObjHausnummer="Uhlenkamp 4" ObjVorlage="2013-09-11 00:00:00.0" ObKeinKontakt="1" ObjArtID="200" Merkmal="0.0"/>
  <Objekte ObjID="17012" ObjAufnahme="2004-06-22" ObjLetztKontakt="2004-06-22" ObjStrasseID="7967" ObjHausnummer="Rotkäppchenweg 13" ObjVorlage="2013-09-11 00:00:00.0" ObKeinKontakt="1" ObjArtID="176" Merkmal="0.0"/>
  <Objekte ObjID="17013" ObjAufnahme="2004-06-22" ObjLetztKontakt="2004-06-22" ObjStrasseID="7350" ObjHausnummer="Lenbachstraße 59" ObjVorlage="2013-09-11 00:00:00.0" ObKeinKontakt="1" ObjArtID="8" Merkmal="0.0"/>
  <Objekte ObjID="17014" ObjAufnahme="2004-06-23" ObjLetztKontakt="2004-06-23" ObjStrasseID="7014" ObjHausnummer="Immermannstraße 5" ObjVorlage="2013-09-11 00:00:00.0" ObKeinKontakt="1" ObjArtID="98" Merkmal="0.0"/>
  <Objekte ObjID="17015" ObjAufnahme="2004-06-23" ObjLetztKontakt="2004-06-23" ObjStrasseID="7062" ObjHausnummer="Jordanstraße 20A" ObjVorlage="2013-09-11 00:00:00.0" ObKeinKontakt="1" ObjArtID="119" Merkmal="0.0"/>
  <Objekte ObjID="17016" ObjAufnahme="2004-06-23" ObjLetztKontakt="2004-06-23" ObjStrasseID="9212" ObjHausnummer="Dorfstraße 15" ObjVorlage="2013-09-11 00:00:00.0" ObKeinKontakt="1" ObjArtID="175" Merkmal="0.0"/>
  <Objekte ObjID="17017" ObjAufnahme="2004-06-23" ObjLetztKontakt="2004-06-23" ObjStrasseID="9212" ObjHausnummer="Dorfstraße 19" ObjVorlage="2013-09-11 00:00:00.0" ObKeinKontakt="1" ObjArtID="237" Merkmal="0.0"/>
  <Objekte ObjID="17018" ObjAufnahme="2004-06-23" ObjLetztKontakt="2004-06-23" ObjStrasseID="9212" ObjHausnummer="Dorfstraße 15" ObjVorlage="2013-09-11 00:00:00.0" ObKeinKontakt="1" ObjArtID="261" Merkmal="0.0"/>
  <Objekte ObjID="17019" ObjAufnahme="2004-06-24" ObjLetztKontakt="2004-06-24" ObjStrasseID="13004" ObjHausnummer="Bussardweg 20" ObjVorlage="2013-09-11 00:00:00.0" ObKeinKontakt="1" ObjArtID="8" Merkmal="0.0"/>
  <Objekte ObjID="17020" ObjAufnahme="2004-06-28" ObjLetztKontakt="2004-06-28" ObjStrasseID="6883" ObjHausnummer="Hinter dem Kampe 41" ObjVorlage="2013-09-11 00:00:00.0" ObKeinKontakt="1" ObjArtID="24" Merkmal="0.0"/>
  <Objekte ObjID="17021" ObjAufnahme="2004-06-28" ObjLetztKontakt="2004-06-28" ObjStrasseID="13007" ObjHausnummer="Posener Straße 7" ObjVorlage="2013-09-11 00:00:00.0" ObKeinKontakt="1" ObjArtID="24" Merkmal="0.0"/>
  <Objekte ObjID="17022" ObjAufnahme="2004-06-28" ObjLetztKontakt="2004-06-28" ObjStrasseID="12424" ObjHausnummer="Conrad-Bube-Weg 10" ObjVorlage="2013-09-11 00:00:00.0" ObKeinKontakt="1" ObjArtID="56" Merkmal="0.0"/>
  <Objekte ObjID="17023" ObjAufnahme="2004-06-28" ObjLetztKontakt="2004-06-28" ObjStrasseID="12424" ObjHausnummer="Conrad-Bube-Weg 10" ObjVorlage="2013-09-11 00:00:00.0" ObKeinKontakt="1" ObjArtID="54" Merkmal="0.0"/>
  <Objekte ObjID="17024" ObjAufnahme="2004-06-28" ObjLetztKontakt="2004-06-28" ObjStrasseID="12424" ObjHausnummer="Conrad-Bube-Weg 10" ObjVorlage="2013-09-11 00:00:00.0" ObKeinKontakt="1" ObjArtID="15" Merkmal="0.0"/>
  <Objekte ObjID="17025" ObjAufnahme="2004-06-28" ObjLetztKontakt="2004-06-28" ObjStrasseID="12424" ObjHausnummer="Conrad-Bube-Weg 10" ObjVorlage="2013-09-11 00:00:00.0" ObKeinKontakt="1" ObjArtID="75" Merkmal="0.0"/>
  <Objekte ObjID="17026" ObjAufnahme="2004-06-28" ObjLetztKontakt="2004-06-28" ObjStrasseID="12424" ObjHausnummer="Conrad-Bube-Weg 10" ObjVorlage="2013-09-11 00:00:00.0" ObKeinKontakt="1" ObjArtID="77" Merkmal="0.0"/>
  <Objekte ObjID="17027" ObjAufnahme="2004-06-28" ObjLetztKontakt="2004-06-28" ObjStrasseID="12424" ObjHausnummer="Conrad-Bube-Weg 10" ObjVorlage="2013-09-11 00:00:00.0" ObKeinKontakt="1" ObjArtID="98" Merkmal="0.0"/>
  <Objekte ObjID="17028" ObjAufnahme="2004-06-28" ObjLetztKontakt="2004-06-28" ObjStrasseID="12424" ObjHausnummer="Conrad-Bube-Weg 10" ObjVorlage="2013-09-11 00:00:00.0" ObKeinKontakt="1" ObjArtID="84" Merkmal="0.0"/>
  <Objekte ObjID="17029" ObjAufnahme="2004-06-28" ObjLetztKontakt="2004-06-28" ObjStrasseID="12424" ObjHausnummer="Conrad-Bube-Weg 12" ObjVorlage="2013-09-11 00:00:00.0" ObKeinKontakt="1" ObjArtID="173" Merkmal="0.0"/>
  <Objekte ObjID="17030" ObjAufnahme="2004-06-28" ObjLetztKontakt="2004-06-28" ObjStrasseID="12424" ObjHausnummer="Conrad-Bube-Weg 12" ObjVorlage="2013-09-11 00:00:00.0" ObKeinKontakt="1" ObjArtID="76" Merkmal="0.0"/>
  <Objekte ObjID="17031" ObjAufnahme="2004-06-28" ObjLetztKontakt="2004-06-28" ObjStrasseID="12424" ObjHausnummer="Conrad-Bube-Weg 12" ObjVorlage="2013-09-11 00:00:00.0" ObKeinKontakt="1" ObjArtID="201" Merkmal="0.0"/>
  <Objekte ObjID="17032" ObjAufnahme="2004-06-28" ObjLetztKontakt="2004-06-28" ObjStrasseID="12424" ObjHausnummer="Conrad-Bube-Weg 12" ObjVorlage="2013-09-11 00:00:00.0" ObKeinKontakt="1" ObjArtID="97" Merkmal="0.0"/>
  <Objekte ObjID="17033" ObjAufnahme="2004-06-28" ObjLetztKontakt="2004-06-28" ObjStrasseID="12424" ObjHausnummer="Conrad-Bube-Weg 12" ObjVorlage="2013-09-11 00:00:00.0" ObKeinKontakt="1" ObjArtID="207" Merkmal="0.0"/>
  <Objekte ObjID="17034" ObjAufnahme="2004-06-29" ObjLetztKontakt="2004-06-29" ObjStrasseID="6648" ObjHausnummer="Große Düwelstraße 49" ObjVorlage="2013-09-11 00:00:00.0" ObKeinKontakt="1" ObjArtID="95" Merkmal="0.0"/>
  <Objekte ObjID="17035" ObjAufnahme="2004-06-30" ObjLetztKontakt="2004-06-30" ObjStrasseID="7984" ObjHausnummer="Rühmkorffstraße 13" ObjVorlage="2013-09-11 00:00:00.0" ObKeinKontakt="1" ObjArtID="119" Merkmal="0.0"/>
  <Objekte ObjID="17036" ObjAufnahme="2004-06-30" ObjLetztKontakt="2004-06-30" ObjStrasseID="7984" ObjHausnummer="Rühmkorffstraße 13" ObjVorlage="2013-09-11 00:00:00.0" ObKeinKontakt="1" ObjArtID="200" Merkmal="0.0"/>
  <Objekte ObjID="17037" ObjAufnahme="2004-06-30" ObjLetztKontakt="2004-06-30" ObjStrasseID="9020" ObjHausnummer="Rehbocksweg 12" ObjVorlage="2013-09-11 00:00:00.0" ObKeinKontakt="1" ObjArtID="173" Merkmal="0.0"/>
  <Objekte ObjID="17038" ObjAufnahme="2004-06-30" ObjLetztKontakt="2004-06-30" ObjStrasseID="9020" ObjHausnummer="Rehbocksweg 12" ObjVorlage="2013-09-11 00:00:00.0" ObKeinKontakt="1" ObjArtID="56" Merkmal="0.0"/>
  <Objekte ObjID="17040" ObjAufnahme="2004-06-30" ObjLetztKontakt="2004-06-30" ObjStrasseID="9020" ObjHausnummer="Rehbocksweg 12" ObjVorlage="2013-09-11 00:00:00.0" ObKeinKontakt="1" ObjArtID="167" Merkmal="0.0"/>
  <Objekte ObjID="17041" ObjAufnahme="2004-06-30" ObjLetztKontakt="2004-06-30" ObjStrasseID="9020" ObjHausnummer="Rehbocksweg 12" ObjVorlage="2013-09-11 00:00:00.0" ObKeinKontakt="1" ObjArtID="200" Merkmal="0.0"/>
  <Objekte ObjID="17042" ObjAufnahme="2004-06-30" ObjLetztKontakt="2004-06-30" ObjStrasseID="9020" ObjHausnummer="Rehbocksweg 12" ObjVorlage="2013-09-11 00:00:00.0" ObKeinKontakt="1" ObjArtID="201" Merkmal="0.0"/>
  <Objekte ObjID="17043" ObjAufnahme="2004-06-30" ObjLetztKontakt="2004-06-30" ObjStrasseID="9020" ObjHausnummer="Rehbocksweg 12" ObjVorlage="2013-09-11 00:00:00.0" ObKeinKontakt="1" ObjArtID="96" Merkmal="0.0"/>
  <Objekte ObjID="17044" ObjAufnahme="2004-06-30" ObjLetztKontakt="2004-06-30" ObjStrasseID="9020" ObjHausnummer="Rehbocksweg 12" ObjVorlage="2013-09-11 00:00:00.0" ObKeinKontakt="1" ObjArtID="197" Merkmal="0.0"/>
  <Objekte ObjID="17045" ObjAufnahme="2004-06-30" ObjLetztKontakt="2004-06-30" ObjStrasseID="9020" ObjHausnummer="Rehbocksweg 12" ObjVorlage="2013-09-11 00:00:00.0" ObKeinKontakt="1" ObjArtID="175" Merkmal="0.0"/>
  <Objekte ObjID="17046" ObjAufnahme="2004-06-30" ObjLetztKontakt="2004-06-30" ObjStrasseID="9020" ObjHausnummer="Rehbocksweg 14" ObjVorlage="2013-09-11 00:00:00.0" ObKeinKontakt="1" ObjArtID="56" Merkmal="0.0"/>
  <Objekte ObjID="17047" ObjAufnahme="2004-06-30" ObjLetztKontakt="2004-06-30" ObjStrasseID="9020" ObjHausnummer="Rehbocksweg 14" ObjVorlage="2013-09-11 00:00:00.0" ObKeinKontakt="1" ObjArtID="173" Merkmal="0.0"/>
  <Objekte ObjID="17048" ObjAufnahme="2004-06-30" ObjLetztKontakt="2004-06-30" ObjStrasseID="9020" ObjHausnummer="Rehbocksweg 14" ObjVorlage="2013-09-11 00:00:00.0" ObKeinKontakt="1" ObjArtID="167" Merkmal="0.0"/>
  <Objekte ObjID="17049" ObjAufnahme="2004-06-30" ObjLetztKontakt="2004-06-30" ObjStrasseID="9020" ObjHausnummer="Rehbocksweg 14" ObjVorlage="2013-09-11 00:00:00.0" ObKeinKontakt="1" ObjArtID="201" Merkmal="0.0"/>
  <Objekte ObjID="17050" ObjAufnahme="2004-06-30" ObjLetztKontakt="2004-06-30" ObjStrasseID="9020" ObjHausnummer="Rehbocksweg 14" ObjVorlage="2013-09-11 00:00:00.0" ObKeinKontakt="1" ObjArtID="96" Merkmal="0.0"/>
  <Objekte ObjID="17051" ObjAufnahme="2004-06-30" ObjLetztKontakt="2004-06-30" ObjStrasseID="9020" ObjHausnummer="Rehbocksweg 14" ObjVorlage="2013-09-11 00:00:00.0" ObKeinKontakt="1" ObjArtID="197" Merkmal="0.0"/>
  <Objekte ObjID="17052" ObjAufnahme="2004-06-30" ObjLetztKontakt="2004-06-30" ObjStrasseID="9020" ObjHausnummer="Rehbocksweg 16" ObjVorlage="2013-09-11 00:00:00.0" ObKeinKontakt="1" ObjArtID="200" Merkmal="0.0"/>
  <Objekte ObjID="17053" ObjAufnahme="2004-06-30" ObjLetztKontakt="2004-06-30" ObjStrasseID="9899" ObjHausnummer="Dahlemer Straße 5" ObjVorlage="2013-09-11 00:00:00.0" ObKeinKontakt="1" ObjArtID="24" Merkmal="0.0"/>
  <Objekte ObjID="17054" ObjAufnahme="2004-06-30" ObjLetztKontakt="2004-06-30" ObjStrasseID="7751" ObjHausnummer="Peiner Straße 131B" ObjVorlage="2013-09-11 00:00:00.0" ObKeinKontakt="1" ObjArtID="8" Merkmal="0.0"/>
  <Objekte ObjID="17055" ObjAufnahme="2004-07-01" ObjLetztKontakt="2004-07-01" ObjStrasseID="7817" ObjHausnummer="Prießweg 7A" ObjVorlage="2013-09-11 00:00:00.0" ObKeinKontakt="1" ObjArtID="24" Merkmal="0.0"/>
  <Objekte ObjID="17056" ObjAufnahme="2004-07-01" ObjLetztKontakt="2004-07-01" ObjStrasseID="13013" ObjHausnummer="Eichhornstraße 5" ObjVorlage="2013-09-11 00:00:00.0" ObKeinKontakt="1" ObjArtID="8" Merkmal="0.0"/>
  <Objekte ObjID="17057" ObjAufnahme="2004-07-01" ObjLetztKontakt="2004-07-01" ObjStrasseID="9496" ObjHausnummer="Robert-Bosch-Straße 7" ObjVorlage="2013-09-11 00:00:00.0" ObKeinKontakt="1" ObjArtID="5" Merkmal="0.0"/>
  <Objekte ObjID="17058" ObjAufnahme="2004-07-01" ObjLetztKontakt="2004-07-01" ObjStrasseID="8095" ObjHausnummer="Schneiderberg 25B" ObjVorlage="2013-09-11 00:00:00.0" ObKeinKontakt="1" ObjArtID="118" Merkmal="0.0"/>
  <Objekte ObjID="17059" ObjAufnahme="2004-07-01" ObjLetztKontakt="2004-07-01" ObjStrasseID="5928" ObjHausnummer="Berliner Straße 17" ObjVorlage="2013-09-11 00:00:00.0" ObKeinKontakt="1" ObjArtID="54" Merkmal="0.0"/>
  <Objekte ObjID="17060" ObjAufnahme="2004-07-01" ObjLetztKontakt="2004-07-01" ObjStrasseID="12991" ObjHausnummer="Fliederweg 12" ObjVorlage="2013-09-11 00:00:00.0" ObKeinKontakt="1" ObjArtID="22" Merkmal="0.0"/>
  <Objekte ObjID="17061" ObjAufnahme="2004-07-01" ObjLetztKontakt="2004-07-01" ObjStrasseID="5707" ObjHausnummer="Am Seelberg 43" ObjVorlage="2013-09-11 00:00:00.0" ObKeinKontakt="1" ObjArtID="8" Merkmal="0.0"/>
  <Objekte ObjID="17062" ObjAufnahme="2004-07-05" ObjLetztKontakt="2004-07-05" ObjStrasseID="13017" ObjHausnummer="Kornblumenweg 22" ObjVorlage="2013-09-11 00:00:00.0" ObKeinKontakt="1" ObjArtID="8" Merkmal="0.0"/>
  <Objekte ObjID="17063" ObjAufnahme="2004-07-06" ObjLetztKontakt="2004-07-06" ObjStrasseID="8427" ObjHausnummer="Uferzeile 3" ObjVorlage="2013-09-11 00:00:00.0" ObKeinKontakt="1" ObjArtID="159" Merkmal="0.0"/>
  <Objekte ObjID="17064" ObjAufnahme="2004-07-13" ObjLetztKontakt="2004-07-13" ObjStrasseID="5707" ObjHausnummer="Am Seelberg 46" ObjVorlage="2013-09-11 00:00:00.0" ObKeinKontakt="1" ObjArtID="54" Merkmal="0.0"/>
  <Objekte ObjID="17065" ObjAufnahme="2004-07-13" ObjLetztKontakt="2004-07-13" ObjStrasseID="7835" ObjHausnummer="Radebeuler Hof 12" ObjVorlage="2013-09-11 00:00:00.0" ObKeinKontakt="1" ObjArtID="269" Merkmal="0.0"/>
  <Objekte ObjID="17066" ObjAufnahme="2004-07-13" ObjLetztKontakt="2004-07-13" ObjStrasseID="6502" ObjHausnummer="Fuchsrain 15A" ObjVorlage="2013-09-11 00:00:00.0" ObKeinKontakt="1" ObjArtID="24" Merkmal="0.0"/>
  <Objekte ObjID="17067" ObjAufnahme="2004-07-13" ObjLetztKontakt="2004-07-13" ObjStrasseID="4756" ObjHausnummer="Sperbergasse 35" ObjVorlage="2013-09-11 00:00:00.0" ObKeinKontakt="1" ObjArtID="176" Merkmal="0.0"/>
  <Objekte ObjID="17068" ObjAufnahme="2004-07-15" ObjLetztKontakt="2004-07-15" ObjStrasseID="7062" ObjHausnummer="Jordanstraße 1" ObjVorlage="2013-09-11 00:00:00.0" ObKeinKontakt="1" ObjArtID="1" Merkmal="0.0"/>
  <Objekte ObjID="17069" ObjAufnahme="2004-07-15" ObjLetztKontakt="2004-07-15" ObjStrasseID="11303" ObjHausnummer="Gustav-Pries-Straße 22" ObjVorlage="2013-09-11 00:00:00.0" ObKeinKontakt="1" ObjArtID="20" Merkmal="0.0"/>
  <Objekte ObjID="17070" ObjAufnahme="2004-07-15" ObjLetztKontakt="2004-07-15" ObjStrasseID="10703" ObjHausnummer="Meisenweg 7" ObjVorlage="2013-09-11 00:00:00.0" ObKeinKontakt="1" ObjArtID="8" Merkmal="0.0"/>
  <Objekte ObjID="17071" ObjAufnahme="2004-07-16" ObjLetztKontakt="2004-07-16" ObjStrasseID="12932" ObjHausnummer="Finkenstraße 3A" ObjVorlage="2013-09-11 00:00:00.0" ObKeinKontakt="1" ObjArtID="8" Merkmal="0.0"/>
  <Objekte ObjID="17072" ObjAufnahme="2004-07-16" ObjLetztKontakt="2004-07-16" ObjStrasseID="13033" ObjHausnummer="Am Hopfenberg 12" ObjVorlage="2013-09-11 00:00:00.0" ObKeinKontakt="1" ObjArtID="8" Merkmal="0.0"/>
  <Objekte ObjID="17073" ObjAufnahme="2004-07-21" ObjLetztKontakt="2004-07-21" ObjStrasseID="5933" ObjHausnummer="Bernhard-Jördens-Weg 4C" ObjVorlage="2013-09-11 00:00:00.0" ObKeinKontakt="1" ObjArtID="24" Merkmal="0.0"/>
  <Objekte ObjID="17074" ObjAufnahme="2004-07-26" ObjLetztKontakt="2004-07-26" ObjStrasseID="8705" ObjHausnummer="Zeppelinstraße 8A" ObjVorlage="2013-09-11 00:00:00.0" ObKeinKontakt="1" ObjArtID="56" Merkmal="0.0"/>
  <Objekte ObjID="17075" ObjAufnahme="2004-07-26" ObjLetztKontakt="2004-07-26" ObjStrasseID="8705" ObjHausnummer="Zeppelinstraße 8A" ObjVorlage="2013-09-11 00:00:00.0" ObKeinKontakt="1" ObjArtID="200" Merkmal="0.0"/>
  <Objekte ObjID="17076" ObjAufnahme="2004-07-26" ObjLetztKontakt="2004-07-26" ObjStrasseID="8705" ObjHausnummer="Zeppelinstraße 8A" ObjVorlage="2013-09-11 00:00:00.0" ObKeinKontakt="1" ObjArtID="98" Merkmal="0.0"/>
  <Objekte ObjID="17077" ObjAufnahme="2004-07-27" ObjLetztKontakt="2004-07-27" ObjStrasseID="6277" ObjHausnummer="Dunkelberggang 1" ObjVorlage="2013-09-11 00:00:00.0" ObKeinKontakt="1" ObjArtID="1" Merkmal="0.0"/>
  <Objekte ObjID="17078" ObjAufnahme="2004-07-28" ObjLetztKontakt="2004-07-28" ObjStrasseID="6215" ObjHausnummer="Dieckbornstraße 46" ObjVorlage="2013-09-11 00:00:00.0" ObKeinKontakt="1" ObjArtID="200" Merkmal="0.0"/>
  <Objekte ObjID="17079" ObjAufnahme="2004-07-28" ObjLetztKontakt="2004-07-28" ObjStrasseID="8427" ObjHausnummer="Uferzeile 3" ObjVorlage="2013-09-11 00:00:00.0" ObKeinKontakt="1" ObjArtID="194" Merkmal="0.0"/>
  <Objekte ObjID="17080" ObjAufnahme="2004-08-02" ObjLetztKontakt="2004-08-02" ObjStrasseID="10837" ObjHausnummer="Pestalozzistraße 21B" ObjVorlage="2013-09-11 00:00:00.0" ObKeinKontakt="1" ObjArtID="118" Merkmal="0.0"/>
  <Objekte ObjID="17081" ObjAufnahme="2004-08-03" ObjLetztKontakt="2004-08-03" ObjStrasseID="6850" ObjHausnummer="Hermann-Hesse-Straße 26" ObjVorlage="2013-09-11 00:00:00.0" ObKeinKontakt="1" ObjArtID="201" Merkmal="0.0"/>
  <Objekte ObjID="17082" ObjAufnahme="2004-08-03" ObjLetztKontakt="2004-08-03" ObjStrasseID="6195" ObjHausnummer="Davenstedter Straße 47" ObjVorlage="2013-09-11 00:00:00.0" ObKeinKontakt="1" ObjArtID="200" Merkmal="0.0"/>
  <Objekte ObjID="17083" ObjAufnahme="2004-08-03" ObjLetztKontakt="2004-08-03" ObjStrasseID="6773" ObjHausnummer="Hedwigstraße 4" ObjVorlage="2013-09-11 00:00:00.0" ObKeinKontakt="1" ObjArtID="1" Merkmal="0.0"/>
  <Objekte ObjID="17084" ObjAufnahme="2004-08-03" ObjLetztKontakt="2004-08-03" ObjStrasseID="6773" ObjHausnummer="Hedwigstraße 13" ObjVorlage="2013-09-11 00:00:00.0" ObKeinKontakt="1" ObjArtID="1" Merkmal="0.0"/>
  <Objekte ObjID="17085" ObjAufnahme="2004-08-03" ObjLetztKontakt="2004-08-03" ObjStrasseID="6773" ObjHausnummer="Hedwigstraße 15" ObjVorlage="2013-09-11 00:00:00.0" ObKeinKontakt="1" ObjArtID="1" Merkmal="0.0"/>
  <Objekte ObjID="17086" ObjAufnahme="2004-08-03" ObjLetztKontakt="2004-08-03" ObjStrasseID="6773" ObjHausnummer="Hedwigstraße 18" ObjVorlage="2013-09-11 00:00:00.0" ObKeinKontakt="1" ObjArtID="1" Merkmal="0.0"/>
  <Objekte ObjID="17087" ObjAufnahme="2004-08-03" ObjLetztKontakt="2004-08-03" ObjStrasseID="6904" ObjHausnummer="Hohe Straße 31" ObjVorlage="2013-09-11 00:00:00.0" ObKeinKontakt="1" ObjArtID="1" Merkmal="0.0"/>
  <Objekte ObjID="17088" ObjAufnahme="2004-08-04" ObjLetztKontakt="2004-08-04" ObjStrasseID="5679" ObjHausnummer="Am Lindenhofe 8" ObjVorlage="2013-09-11 00:00:00.0" ObKeinKontakt="1" ObjArtID="81" Merkmal="0.0"/>
  <Objekte ObjID="17089" ObjAufnahme="2004-08-04" ObjLetztKontakt="2004-08-04" ObjStrasseID="7636" ObjHausnummer="Niemeyerstraße 10" ObjVorlage="2013-09-11 00:00:00.0" ObKeinKontakt="1" ObjArtID="1" Merkmal="0.0"/>
  <Objekte ObjID="17090" ObjAufnahme="2004-08-04" ObjLetztKontakt="2004-08-04" ObjStrasseID="4056" ObjHausnummer="Konrad-Adenauer-Straße 44" ObjVorlage="2013-09-11 00:00:00.0" ObKeinKontakt="1" ObjArtID="200" Merkmal="0.0"/>
  <Objekte ObjID="17091" ObjAufnahme="2004-08-05" ObjLetztKontakt="2004-08-05" ObjStrasseID="3803" ObjHausnummer="Hohenrode 14" ObjVorlage="2013-09-11 00:00:00.0" ObKeinKontakt="1" ObjArtID="243" Merkmal="0.0"/>
  <Objekte ObjID="17092" ObjAufnahme="2004-08-05" ObjLetztKontakt="2004-08-05" ObjStrasseID="8241" ObjHausnummer="Spitzwegwinkel 1" ObjVorlage="2013-09-11 00:00:00.0" ObKeinKontakt="1" ObjArtID="18" Merkmal="0.0"/>
  <Objekte ObjID="17093" ObjAufnahme="2004-08-09" ObjLetztKontakt="2004-08-09" ObjStrasseID="13062" ObjHausnummer="Fasanenweg 7" ObjVorlage="2013-09-11 00:00:00.0" ObKeinKontakt="1" ObjArtID="8" Merkmal="0.0"/>
  <Objekte ObjID="17094" ObjAufnahme="2004-08-09" ObjLetztKontakt="2004-08-09" ObjStrasseID="8728" ObjHausnummer="Zwinglistraße 8" ObjVorlage="2013-09-11 00:00:00.0" ObKeinKontakt="1" ObjArtID="230" Merkmal="0.0"/>
  <Objekte ObjID="17095" ObjAufnahme="2004-08-10" ObjLetztKontakt="2004-08-10" ObjStrasseID="5088" ObjHausnummer="Zilleweg 72" ObjVorlage="2013-09-11 00:00:00.0" ObKeinKontakt="1" ObjArtID="8" Merkmal="0.0"/>
  <Objekte ObjID="17096" ObjAufnahme="2004-08-11" ObjLetztKontakt="2004-08-11" ObjStrasseID="7271" ObjHausnummer="Küchengartenstraße 3" ObjVorlage="2013-09-11 00:00:00.0" ObKeinKontakt="1" ObjArtID="1" Merkmal="0.0"/>
  <Objekte ObjID="17097" ObjAufnahme="2004-08-12" ObjLetztKontakt="2004-08-12" ObjStrasseID="5869" ObjHausnummer="Bandelstraße 30" ObjVorlage="2013-09-11 00:00:00.0" ObKeinKontakt="1" ObjArtID="173" Merkmal="0.0"/>
  <Objekte ObjID="17098" ObjAufnahme="2004-08-12" ObjLetztKontakt="2004-08-12" ObjStrasseID="6538" ObjHausnummer="Georg-Büchner-Straße 19" ObjVorlage="2013-09-11 00:00:00.0" ObKeinKontakt="1" ObjArtID="225" Merkmal="0.0"/>
  <Objekte ObjID="17099" ObjAufnahme="2004-08-12" ObjLetztKontakt="2004-08-12" ObjStrasseID="7094" ObjHausnummer="Kapellenstraße 12" ObjVorlage="2013-09-11 00:00:00.0" ObKeinKontakt="1" ObjArtID="1" Merkmal="0.0"/>
  <Objekte ObjID="17100" ObjAufnahme="2004-08-13" ObjLetztKontakt="2004-08-13" ObjStrasseID="4020" ObjHausnummer="Kleiststraße 32" ObjVorlage="2013-09-11 00:00:00.0" ObKeinKontakt="1" ObjArtID="8" Merkmal="0.0"/>
  <Objekte ObjID="17101" ObjAufnahme="2004-08-16" ObjLetztKontakt="2004-08-16" ObjStrasseID="7302" ObjHausnummer="Lange Laube 27" ObjVorlage="2013-09-11 00:00:00.0" ObKeinKontakt="1" ObjArtID="5" Merkmal="0.0"/>
  <Objekte ObjID="17102" ObjAufnahme="2004-08-16" ObjLetztKontakt="2004-08-16" ObjStrasseID="6634" ObjHausnummer="Grenzstraße 20" ObjVorlage="2013-09-11 00:00:00.0" ObKeinKontakt="1" ObjArtID="46" Merkmal="0.0"/>
  <Objekte ObjID="17103" ObjAufnahme="2004-08-16" ObjLetztKontakt="2004-08-16" ObjStrasseID="7490" ObjHausnummer="Martinstraße 2B" ObjVorlage="2013-09-11 00:00:00.0" ObKeinKontakt="1" ObjArtID="173" Merkmal="0.0"/>
  <Objekte ObjID="17104" ObjAufnahme="2004-08-17" ObjLetztKontakt="2004-08-17" ObjStrasseID="8059" ObjHausnummer="Scheffelstraße 9" ObjVorlage="2013-09-11 00:00:00.0" ObKeinKontakt="1" ObjArtID="230" Merkmal="0.0"/>
  <Objekte ObjID="17105" ObjAufnahme="2004-08-18" ObjLetztKontakt="2004-08-18" ObjStrasseID="11534" ObjHausnummer="Heckenweg 19" ObjVorlage="2013-09-11 00:00:00.0" ObKeinKontakt="1" ObjArtID="176" Merkmal="0.0"/>
  <Objekte ObjID="17106" ObjAufnahme="2004-08-19" ObjLetztKontakt="2004-08-19" ObjStrasseID="8619" ObjHausnummer="Wietzegraben 74A" ObjVorlage="2013-09-11 00:00:00.0" ObKeinKontakt="1" ObjArtID="161" Merkmal="0.0"/>
  <Objekte ObjID="17107" ObjAufnahme="2004-08-19" ObjLetztKontakt="2004-08-19" ObjStrasseID="3494" ObjHausnummer="Freytagstraße 6" ObjVorlage="2013-09-11 00:00:00.0" ObKeinKontakt="1" ObjArtID="84" Merkmal="0.0"/>
  <Objekte ObjID="17108" ObjAufnahme="2004-08-19" ObjLetztKontakt="2004-08-19" ObjStrasseID="6415" ObjHausnummer="Fiedelerstraße 6A" ObjVorlage="2013-09-11 00:00:00.0" ObKeinKontakt="1" ObjArtID="1" Merkmal="0.0"/>
  <Objekte ObjID="17109" ObjAufnahme="2004-08-19" ObjLetztKontakt="2004-08-19" ObjStrasseID="6350" ObjHausnummer="Engelbosteler Damm 78" ObjVorlage="2013-09-11 00:00:00.0" ObKeinKontakt="1" ObjArtID="1" Merkmal="0.0"/>
  <Objekte ObjID="17110" ObjAufnahme="2004-08-20" ObjLetztKontakt="2004-08-20" ObjStrasseID="7960" ObjHausnummer="Rotekreuzstraße 26" ObjVorlage="2013-09-11 00:00:00.0" ObKeinKontakt="1" ObjArtID="55" Merkmal="0.0"/>
  <Objekte ObjID="17111" ObjAufnahme="2004-08-20" ObjLetztKontakt="2004-08-20" ObjStrasseID="7639" ObjHausnummer="Nieschlagstraße 35" ObjVorlage="2013-09-11 00:00:00.0" ObKeinKontakt="1" ObjArtID="1" Merkmal="0.0"/>
  <Objekte ObjID="17112" ObjAufnahme="2004-08-20" ObjLetztKontakt="2004-08-20" ObjStrasseID="8023" ObjHausnummer="Sallstraße 20" ObjVorlage="2013-09-11 00:00:00.0" ObKeinKontakt="1" ObjArtID="175" Merkmal="0.0"/>
  <Objekte ObjID="17113" ObjAufnahme="2004-08-23" ObjLetztKontakt="2004-08-23" ObjStrasseID="13113" ObjHausnummer="Am Heerwege 2A" ObjVorlage="2013-09-11 00:00:00.0" ObKeinKontakt="1" ObjArtID="22" Merkmal="0.0"/>
  <Objekte ObjID="17114" ObjAufnahme="2004-08-23" ObjLetztKontakt="2004-08-23" ObjStrasseID="3241" ObjHausnummer="Brucknerstraße 14" ObjVorlage="2013-09-11 00:00:00.0" ObKeinKontakt="1" ObjArtID="8" Merkmal="0.0"/>
  <Objekte ObjID="17115" ObjAufnahme="2004-08-24" ObjLetztKontakt="2004-08-24" ObjStrasseID="10285" ObjHausnummer="Am Gutshof 2" ObjVorlage="2013-09-11 00:00:00.0" ObKeinKontakt="1" ObjArtID="172" Merkmal="0.0"/>
  <Objekte ObjID="17116" ObjAufnahme="2004-08-27" ObjLetztKontakt="2004-08-27" ObjStrasseID="6120" ObjHausnummer="Burgwedeler Straße 77B" ObjVorlage="2013-09-11 00:00:00.0" ObKeinKontakt="1" ObjArtID="22" Merkmal="0.0"/>
  <Objekte ObjID="17117" ObjAufnahme="2004-08-30" ObjLetztKontakt="2004-08-30" ObjStrasseID="9005" ObjHausnummer="Klewertweg 52A" ObjVorlage="2013-09-11 00:00:00.0" ObKeinKontakt="1" ObjArtID="8" Merkmal="0.0"/>
  <Objekte ObjID="17118" ObjAufnahme="2004-08-30" ObjLetztKontakt="2004-08-30" ObjStrasseID="9005" ObjHausnummer="Klewertweg 25A" ObjVorlage="2013-09-11 00:00:00.0" ObKeinKontakt="1" ObjArtID="8" Merkmal="0.0"/>
  <Objekte ObjID="17119" ObjAufnahme="2004-08-31" ObjLetztKontakt="2004-08-31" ObjStrasseID="6195" ObjHausnummer="Davenstedter Straße 47" ObjVorlage="2013-09-11 00:00:00.0" ObKeinKontakt="1" ObjArtID="167" Merkmal="0.0"/>
  <Objekte ObjID="17120" ObjAufnahme="2004-09-02" ObjLetztKontakt="2004-09-02" ObjStrasseID="8220" ObjHausnummer="Spannhagengarten 16" ObjVorlage="2013-09-11 00:00:00.0" ObKeinKontakt="1" ObjArtID="265" Merkmal="0.0"/>
  <Objekte ObjID="17121" ObjAufnahme="2004-09-03" ObjLetztKontakt="2004-09-03" ObjStrasseID="8305" ObjHausnummer="Stolzestraße 52" ObjVorlage="2013-09-11 00:00:00.0" ObKeinKontakt="1" ObjArtID="75" Merkmal="0.0"/>
  <Objekte ObjID="17122" ObjAufnahme="2004-09-03" ObjLetztKontakt="2004-09-03" ObjStrasseID="8305" ObjHausnummer="Stolzestraße 52" ObjVorlage="2013-09-11 00:00:00.0" ObKeinKontakt="1" ObjArtID="166" Merkmal="0.0"/>
  <Objekte ObjID="17123" ObjAufnahme="2004-09-03" ObjLetztKontakt="2004-09-03" ObjStrasseID="8180" ObjHausnummer="Siebenschönweg 5" ObjVorlage="2013-09-11 00:00:00.0" ObKeinKontakt="1" ObjArtID="173" Merkmal="0.0"/>
  <Objekte ObjID="17124" ObjAufnahme="2004-09-06" ObjLetztKontakt="2004-09-06" ObjStrasseID="6676" ObjHausnummer="Güntherstraße 16" ObjVorlage="2013-09-11 00:00:00.0" ObKeinKontakt="1" ObjArtID="79" Merkmal="0.0"/>
  <Objekte ObjID="17125" ObjAufnahme="2004-09-06" ObjLetztKontakt="2004-09-06" ObjStrasseID="6676" ObjHausnummer="Güntherstraße 16" ObjVorlage="2013-09-11 00:00:00.0" ObKeinKontakt="1" ObjArtID="250" Merkmal="0.0"/>
  <Objekte ObjID="17126" ObjAufnahme="2004-09-06" ObjLetztKontakt="2004-09-06" ObjStrasseID="6676" ObjHausnummer="Güntherstraße 16" ObjVorlage="2013-09-11 00:00:00.0" ObKeinKontakt="1" ObjArtID="197" Merkmal="0.0"/>
  <Objekte ObjID="17127" ObjAufnahme="2004-09-06" ObjLetztKontakt="2004-09-06" ObjStrasseID="6585" ObjHausnummer="Godehardistraße 12" ObjVorlage="2013-09-11 00:00:00.0" ObKeinKontakt="1" ObjArtID="146" Merkmal="0.0"/>
  <Objekte ObjID="17128" ObjAufnahme="2004-09-06" ObjLetztKontakt="2004-09-06" ObjStrasseID="7964" ObjHausnummer="Rothaarweg 21" ObjVorlage="2013-09-11 00:00:00.0" ObKeinKontakt="1" ObjArtID="166" Merkmal="0.0"/>
  <Objekte ObjID="17129" ObjAufnahme="2004-09-06" ObjLetztKontakt="2004-09-06" ObjStrasseID="10500" ObjHausnummer="Kampstraße 10" ObjVorlage="2013-09-11 00:00:00.0" ObKeinKontakt="1" ObjArtID="173" Merkmal="0.0"/>
  <Objekte ObjID="17130" ObjAufnahme="2004-09-06" ObjLetztKontakt="2004-09-06" ObjStrasseID="5751" ObjHausnummer="An der Bauerwiese 4" ObjVorlage="2013-09-11 00:00:00.0" ObKeinKontakt="1" ObjArtID="173" Merkmal="0.0"/>
  <Objekte ObjID="17131" ObjAufnahme="2004-09-06" ObjLetztKontakt="2004-09-06" ObjStrasseID="8673" ObjHausnummer="Wöhlerstraße 2" ObjVorlage="2013-09-11 00:00:00.0" ObKeinKontakt="1" ObjArtID="118" Merkmal="0.0"/>
  <Objekte ObjID="17132" ObjAufnahme="2004-09-07" ObjLetztKontakt="2004-09-07" ObjStrasseID="2861" ObjHausnummer="Altenbekener Damm 70A" ObjVorlage="2013-09-11 00:00:00.0" ObKeinKontakt="1" ObjArtID="165" Merkmal="0.0"/>
  <Objekte ObjID="17133" ObjAufnahme="2004-09-07" ObjLetztKontakt="2004-09-07" ObjStrasseID="7334" ObjHausnummer="Lehrter Straße 16" ObjVorlage="2013-09-11 00:00:00.0" ObKeinKontakt="1" ObjArtID="194" Merkmal="0.0"/>
  <Objekte ObjID="17134" ObjAufnahme="2004-09-07" ObjLetztKontakt="2004-09-07" ObjStrasseID="7157" ObjHausnummer="Kirschgarten 7" ObjVorlage="2013-09-11 00:00:00.0" ObKeinKontakt="1" ObjArtID="24" Merkmal="0.0"/>
  <Objekte ObjID="17135" ObjAufnahme="2004-09-08" ObjLetztKontakt="2004-09-08" ObjStrasseID="8512" ObjHausnummer="Wallmodenstraße 49" ObjVorlage="2013-09-11 00:00:00.0" ObKeinKontakt="1" ObjArtID="53" Merkmal="0.0"/>
  <Objekte ObjID="17136" ObjAufnahme="2004-09-08" ObjLetztKontakt="2004-09-08" ObjStrasseID="8512" ObjHausnummer="Wallmodenstraße 49" ObjVorlage="2013-09-11 00:00:00.0" ObKeinKontakt="1" ObjArtID="47" Merkmal="0.0"/>
  <Objekte ObjID="17137" ObjAufnahme="2004-09-08" ObjLetztKontakt="2004-09-08" ObjStrasseID="8512" ObjHausnummer="Wallmodenstraße 49" ObjVorlage="2013-09-11 00:00:00.0" ObKeinKontakt="1" ObjArtID="12" Merkmal="0.0"/>
  <Objekte ObjID="17138" ObjAufnahme="2004-09-08" ObjLetztKontakt="2004-09-08" ObjStrasseID="10989" ObjHausnummer="Marktstraße 28" ObjVorlage="2013-09-11 00:00:00.0" ObKeinKontakt="1" ObjArtID="54" Merkmal="0.0"/>
  <Objekte ObjID="17139" ObjAufnahme="2004-09-08" ObjLetztKontakt="2004-09-08" ObjStrasseID="4747" ObjHausnummer="Söseweg 8" ObjVorlage="2013-09-11 00:00:00.0" ObKeinKontakt="1" ObjArtID="151" Merkmal="0.0"/>
  <Objekte ObjID="17140" ObjAufnahme="2004-09-09" ObjLetztKontakt="2004-09-09" ObjStrasseID="6712" ObjHausnummer="Haltenhoffstraße 2" ObjVorlage="2013-09-11 00:00:00.0" ObKeinKontakt="1" ObjArtID="5" Merkmal="0.0"/>
  <Objekte ObjID="17141" ObjAufnahme="2004-09-10" ObjLetztKontakt="2004-09-10" ObjStrasseID="12715" ObjHausnummer="Hinter den Gärten 23" ObjVorlage="2013-09-11 00:00:00.0" ObKeinKontakt="1" ObjArtID="24" Merkmal="0.0"/>
  <Objekte ObjID="17142" ObjAufnahme="2004-09-10" ObjLetztKontakt="2004-09-10" ObjStrasseID="8538" ObjHausnummer="Wedelstraße 24A" ObjVorlage="2013-09-11 00:00:00.0" ObKeinKontakt="1" ObjArtID="75" Merkmal="0.0"/>
  <Objekte ObjID="17143" ObjAufnahme="2004-09-16" ObjLetztKontakt="2004-09-16" ObjStrasseID="3008" ObjHausnummer="Anton-Freytag-Straße 45" ObjVorlage="2013-09-11 00:00:00.0" ObKeinKontakt="1" ObjArtID="8" Merkmal="0.0"/>
  <Objekte ObjID="17144" ObjAufnahme="2004-09-17" ObjLetztKontakt="2004-09-17" ObjStrasseID="7892" ObjHausnummer="Ricklinger Stadtweg 43" ObjVorlage="2013-09-11 00:00:00.0" ObKeinKontakt="1" ObjArtID="53" Merkmal="0.0"/>
  <Objekte ObjID="17145" ObjAufnahme="2004-09-17" ObjLetztKontakt="2004-09-17" ObjStrasseID="6213" ObjHausnummer="Devrientstraße 12A" ObjVorlage="2013-09-11 00:00:00.0" ObKeinKontakt="1" ObjArtID="118" Merkmal="0.0"/>
  <Objekte ObjID="17146" ObjAufnahme="2004-09-17" ObjLetztKontakt="2004-09-17" ObjStrasseID="13166" ObjHausnummer="Auf den Ã„ckern 14" ObjVorlage="2013-09-11 00:00:00.0" ObKeinKontakt="1" ObjArtID="8" Merkmal="0.0"/>
  <Objekte ObjID="17147" ObjAufnahme="2004-09-17" ObjLetztKontakt="2004-09-17" ObjStrasseID="13167" ObjHausnummer="Eichengrund 8" ObjVorlage="2013-09-11 00:00:00.0" ObKeinKontakt="1" ObjArtID="8" Merkmal="0.0"/>
  <Objekte ObjID="17148" ObjAufnahme="2004-09-20" ObjLetztKontakt="2004-09-20" ObjStrasseID="7523" ObjHausnummer="Meppener Straße 50" ObjVorlage="2013-09-11 00:00:00.0" ObKeinKontakt="1" ObjArtID="8" Merkmal="0.0"/>
  <Objekte ObjID="17149" ObjAufnahme="2004-09-20" ObjLetztKontakt="2004-09-20" ObjStrasseID="6408" ObjHausnummer="Feuerbachstraße 7" ObjVorlage="2013-09-11 00:00:00.0" ObKeinKontakt="1" ObjArtID="167" Merkmal="0.0"/>
  <Objekte ObjID="17150" ObjAufnahme="2004-09-20" ObjLetztKontakt="2004-09-20" ObjStrasseID="7859" ObjHausnummer="Rehbergstraße 8" ObjVorlage="2013-09-11 00:00:00.0" ObKeinKontakt="1" ObjArtID="75" Merkmal="0.0"/>
  <Objekte ObjID="17151" ObjAufnahme="2004-09-20" ObjLetztKontakt="2004-09-20" ObjStrasseID="7663" ObjHausnummer="Oberstraße 6" ObjVorlage="2013-09-11 00:00:00.0" ObKeinKontakt="1" ObjArtID="1" Merkmal="0.0"/>
  <Objekte ObjID="17152" ObjAufnahme="2004-09-20" ObjLetztKontakt="2004-09-20" ObjStrasseID="8520" ObjHausnummer="Warmbüchenstraße 25" ObjVorlage="2013-09-11 00:00:00.0" ObKeinKontakt="1" ObjArtID="197" Merkmal="0.0"/>
  <Objekte ObjID="17153" ObjAufnahme="2004-09-21" ObjLetztKontakt="2004-09-21" ObjStrasseID="6071" ObjHausnummer="Brelinger Hof 2B" ObjVorlage="2013-09-11 00:00:00.0" ObKeinKontakt="1" ObjArtID="21" Merkmal="0.0"/>
  <Objekte ObjID="17154" ObjAufnahme="2004-09-22" ObjLetztKontakt="2004-09-22" ObjStrasseID="7903" ObjHausnummer="Rintelner Straße 17" ObjVorlage="2013-09-11 00:00:00.0" ObKeinKontakt="1" ObjArtID="197" Merkmal="0.0"/>
  <Objekte ObjID="17155" ObjAufnahme="2004-09-23" ObjLetztKontakt="2004-09-23" ObjStrasseID="5576" ObjHausnummer="Alte Döhrener Straße 37" ObjVorlage="2013-09-11 00:00:00.0" ObKeinKontakt="1" ObjArtID="197" Merkmal="0.0"/>
  <Objekte ObjID="17156" ObjAufnahme="2004-09-23" ObjLetztKontakt="2004-09-23" ObjStrasseID="13179" ObjHausnummer="Scherenbosteler Straße 37" ObjVorlage="2013-09-11 00:00:00.0" ObKeinKontakt="1" ObjArtID="20" Merkmal="0.0"/>
  <Objekte ObjID="17157" ObjAufnahme="2004-09-23" ObjLetztKontakt="2004-09-23" ObjStrasseID="13180" ObjHausnummer="An der Kirche 17" ObjVorlage="2013-09-11 00:00:00.0" ObKeinKontakt="1" ObjArtID="23" Merkmal="0.0"/>
  <Objekte ObjID="17158" ObjAufnahme="2004-09-23" ObjLetztKontakt="2004-09-23" ObjStrasseID="10885" ObjHausnummer="Spechtkehre 11" ObjVorlage="2013-09-11 00:00:00.0" ObKeinKontakt="1" ObjArtID="176" Merkmal="0.0"/>
  <Objekte ObjID="17159" ObjAufnahme="2004-09-24" ObjLetztKontakt="2004-09-24" ObjStrasseID="8496" ObjHausnummer="Voßstraße 63" ObjVorlage="2013-09-11 00:00:00.0" ObKeinKontakt="1" ObjArtID="186" Merkmal="0.0"/>
  <Objekte ObjID="17160" ObjAufnahme="2004-09-27" ObjLetztKontakt="2004-09-27" ObjStrasseID="9049" ObjHausnummer="Böhmeweg 10" ObjVorlage="2013-09-11 00:00:00.0" ObKeinKontakt="1" ObjArtID="68" Merkmal="0.0"/>
  <Objekte ObjID="17161" ObjAufnahme="2004-09-28" ObjLetztKontakt="2004-09-28" ObjStrasseID="159" ObjHausnummer="Jakobistraße 29" ObjVorlage="2013-09-11 00:00:00.0" ObKeinKontakt="1" ObjArtID="154" Merkmal="0.0"/>
  <Objekte ObjID="17162" ObjAufnahme="2004-09-29" ObjLetztKontakt="2004-09-29" ObjStrasseID="9504" ObjHausnummer="Erdbrandweg 21" ObjVorlage="2013-09-11 00:00:00.0" ObKeinKontakt="1" ObjArtID="22" Merkmal="0.0"/>
  <Objekte ObjID="17163" ObjAufnahme="2004-09-30" ObjLetztKontakt="2004-09-30" ObjStrasseID="7940" ObjHausnummer="Rosemeyerstraße 3" ObjVorlage="2013-09-11 00:00:00.0" ObKeinKontakt="1" ObjArtID="1" Merkmal="0.0"/>
  <Objekte ObjID="17164" ObjAufnahme="2004-09-30" ObjLetztKontakt="2004-09-30" ObjStrasseID="4423" ObjHausnummer="Parkstraße 25" ObjVorlage="2013-09-11 00:00:00.0" ObKeinKontakt="1" ObjArtID="8" Merkmal="0.0"/>
  <Objekte ObjID="17165" ObjAufnahme="2004-09-30" ObjLetztKontakt="2004-09-30" ObjStrasseID="7429" ObjHausnummer="Lüchower Straße 5" ObjVorlage="2013-09-11 00:00:00.0" ObKeinKontakt="1" ObjArtID="22" Merkmal="0.0"/>
  <Objekte ObjID="17166" ObjAufnahme="2004-10-05" ObjLetztKontakt="2004-10-05" ObjStrasseID="8520" ObjHausnummer="Warmbüchenstraße 25" ObjVorlage="2013-09-11 00:00:00.0" ObKeinKontakt="1" ObjArtID="118" Merkmal="0.0"/>
  <Objekte ObjID="17167" ObjAufnahme="2004-10-05" ObjLetztKontakt="2004-10-05" ObjStrasseID="8520" ObjHausnummer="Warmbüchenstraße 25" ObjVorlage="2013-09-11 00:00:00.0" ObKeinKontakt="1" ObjArtID="174" Merkmal="0.0"/>
  <Objekte ObjID="17168" ObjAufnahme="2004-10-06" ObjLetztKontakt="2004-10-06" ObjStrasseID="10978" ObjHausnummer="Bachstrasse 28" ObjVorlage="2013-09-11 00:00:00.0" ObKeinKontakt="1" ObjArtID="1" Merkmal="0.0"/>
  <Objekte ObjID="17169" ObjAufnahme="2004-10-06" ObjLetztKontakt="2004-10-06" ObjStrasseID="10978" ObjHausnummer="Bachstrasse 30" ObjVorlage="2013-09-11 00:00:00.0" ObKeinKontakt="1" ObjArtID="1" Merkmal="0.0"/>
  <Objekte ObjID="17170" ObjAufnahme="2004-10-06" ObjLetztKontakt="2004-10-06" ObjStrasseID="9337" ObjHausnummer="Händelstraße 27" ObjVorlage="2013-09-11 00:00:00.0" ObKeinKontakt="1" ObjArtID="1" Merkmal="0.0"/>
  <Objekte ObjID="17171" ObjAufnahme="2004-10-06" ObjLetztKontakt="2004-10-06" ObjStrasseID="13197" ObjHausnummer="Waldstraße 2B" ObjVorlage="2013-09-11 00:00:00.0" ObKeinKontakt="1" ObjArtID="1" Merkmal="0.0"/>
  <Objekte ObjID="17172" ObjAufnahme="2004-10-06" ObjLetztKontakt="2004-10-06" ObjStrasseID="13197" ObjHausnummer="Waldstraße 4" ObjVorlage="2013-09-11 00:00:00.0" ObKeinKontakt="1" ObjArtID="1" Merkmal="0.0"/>
  <Objekte ObjID="17173" ObjAufnahme="2004-10-06" ObjLetztKontakt="2004-10-06" ObjStrasseID="13197" ObjHausnummer="Waldstraße 6" ObjVorlage="2013-09-11 00:00:00.0" ObKeinKontakt="1" ObjArtID="1" Merkmal="0.0"/>
  <Objekte ObjID="17174" ObjAufnahme="2004-10-06" ObjLetztKontakt="2004-10-06" ObjStrasseID="13197" ObjHausnummer="Waldstraße 8" ObjVorlage="2013-09-11 00:00:00.0" ObKeinKontakt="1" ObjArtID="1" Merkmal="0.0"/>
  <Objekte ObjID="17175" ObjAufnahme="2004-10-06" ObjLetztKontakt="2004-10-06" ObjStrasseID="13197" ObjHausnummer="Waldstraße 10" ObjVorlage="2013-09-11 00:00:00.0" ObKeinKontakt="1" ObjArtID="1" Merkmal="0.0"/>
  <Objekte ObjID="17176" ObjAufnahme="2004-10-06" ObjLetztKontakt="2004-10-06" ObjStrasseID="13197" ObjHausnummer="Waldstraße 12" ObjVorlage="2013-09-11 00:00:00.0" ObKeinKontakt="1" ObjArtID="1" Merkmal="0.0"/>
  <Objekte ObjID="17177" ObjAufnahme="2004-10-06" ObjLetztKontakt="2004-10-06" ObjStrasseID="13197" ObjHausnummer="Waldstraße 14" ObjVorlage="2013-09-11 00:00:00.0" ObKeinKontakt="1" ObjArtID="1" Merkmal="0.0"/>
  <Objekte ObjID="17178" ObjAufnahme="2004-10-07" ObjLetztKontakt="2004-10-07" ObjStrasseID="11553" ObjHausnummer="Isernhagener Straße 38" ObjVorlage="2013-09-11 00:00:00.0" ObKeinKontakt="1" ObjArtID="178" Merkmal="0.0"/>
  <Objekte ObjID="17179" ObjAufnahme="2004-10-07" ObjLetztKontakt="2004-10-07" ObjStrasseID="7682" ObjHausnummer="Oisseler Straße 30" ObjVorlage="2013-09-11 00:00:00.0" ObKeinKontakt="1" ObjArtID="84" Merkmal="0.0"/>
  <Objekte ObjID="17180" ObjAufnahme="2004-10-07" ObjLetztKontakt="2004-10-07" ObjStrasseID="6233" ObjHausnummer="Döhrbruch 21" ObjVorlage="2013-09-11 00:00:00.0" ObKeinKontakt="1" ObjArtID="13" Merkmal="0.0"/>
  <Objekte ObjID="17181" ObjAufnahme="2004-10-08" ObjLetztKontakt="2004-10-08" ObjStrasseID="5645" ObjHausnummer="Am Herrenhäuser Bahnhof 9" ObjVorlage="2013-09-11 00:00:00.0" ObKeinKontakt="1" ObjArtID="79" Merkmal="0.0"/>
  <Objekte ObjID="17182" ObjAufnahme="2004-10-08" ObjLetztKontakt="2005-09-30" ObjStrasseID="7651" ObjHausnummer="Nordfeldstraße 20" ObjVorlage="2013-09-11 00:00:00.0" ObKeinKontakt="1" ObjArtID="1" Merkmal="0.0"/>
  <Objekte ObjID="17183" ObjAufnahme="2004-10-11" ObjLetztKontakt="2004-10-11" ObjStrasseID="5703" ObjHausnummer="Am Schatzkampe 13" ObjVorlage="2013-09-11 00:00:00.0" ObKeinKontakt="1" ObjArtID="212" Merkmal="0.0"/>
  <Objekte ObjID="17184" ObjAufnahme="2004-10-11" ObjLetztKontakt="2004-10-11" ObjStrasseID="5703" ObjHausnummer="Am Schatzkampe 13" ObjVorlage="2013-09-11 00:00:00.0" ObKeinKontakt="1" ObjArtID="225" Merkmal="0.0"/>
  <Objekte ObjID="17185" ObjAufnahme="2004-10-12" ObjLetztKontakt="2004-10-12" ObjStrasseID="7117" ObjHausnummer="Karlsruher Straße 29" ObjVorlage="2013-09-11 00:00:00.0" ObKeinKontakt="1" ObjArtID="104" Merkmal="0.0"/>
  <Objekte ObjID="17186" ObjAufnahme="2004-10-12" ObjLetztKontakt="2004-10-12" ObjStrasseID="6956" ObjHausnummer="Ihmepassage 2" ObjVorlage="2013-09-11 00:00:00.0" ObKeinKontakt="1" ObjArtID="194" Merkmal="0.0"/>
  <Objekte ObjID="17187" ObjAufnahme="2004-10-12" ObjLetztKontakt="2004-10-12" ObjStrasseID="6132" ObjHausnummer="Callinstraße 8" ObjVorlage="2013-09-11 00:00:00.0" ObKeinKontakt="1" ObjArtID="179" Merkmal="0.0"/>
  <Objekte ObjID="17189" ObjAufnahme="2004-10-14" ObjLetztKontakt="2004-10-14" ObjStrasseID="7326" ObjHausnummer="Lavesstraße 61" ObjVorlage="2013-09-11 00:00:00.0" ObKeinKontakt="1" ObjArtID="1" Merkmal="0.0"/>
  <Objekte ObjID="17190" ObjAufnahme="2004-10-15" ObjLetztKontakt="2004-10-15" ObjStrasseID="7835" ObjHausnummer="Radebeuler Hof 9" ObjVorlage="2013-09-11 00:00:00.0" ObKeinKontakt="1" ObjArtID="83" Merkmal="0.0"/>
  <Objekte ObjID="17191" ObjAufnahme="2004-10-18" ObjLetztKontakt="2004-10-18" ObjStrasseID="13230" ObjHausnummer="Drostei 7" ObjVorlage="2013-09-11 00:00:00.0" ObKeinKontakt="1" ObjArtID="8" Merkmal="0.0"/>
  <Objekte ObjID="17192" ObjAufnahme="2004-10-19" ObjLetztKontakt="2004-10-19" ObjStrasseID="6956" ObjHausnummer="Ihmepassage 2" ObjVorlage="2013-09-11 00:00:00.0" ObKeinKontakt="1" ObjArtID="160" Merkmal="0.0"/>
  <Objekte ObjID="17193" ObjAufnahme="2004-10-19" ObjLetztKontakt="2004-10-19" ObjStrasseID="9474" ObjHausnummer="Ernst-Kohlrautz-Straße 22" ObjVorlage="2013-09-11 00:00:00.0" ObKeinKontakt="1" ObjArtID="24" Merkmal="0.0"/>
  <Objekte ObjID="17194" ObjAufnahme="2004-10-21" ObjLetztKontakt="2004-10-21" ObjStrasseID="3494" ObjHausnummer="Freytagstraße 11" ObjVorlage="2013-09-11 00:00:00.0" ObKeinKontakt="1" ObjArtID="53" Merkmal="0.0"/>
  <Objekte ObjID="17195" ObjAufnahme="2004-10-21" ObjLetztKontakt="2004-10-21" ObjStrasseID="7409" ObjHausnummer="Loccumer Straße 5C" ObjVorlage="2013-09-11 00:00:00.0" ObKeinKontakt="1" ObjArtID="201" Merkmal="0.0"/>
  <Objekte ObjID="17196" ObjAufnahme="2004-10-21" ObjLetztKontakt="2004-10-21" ObjStrasseID="7143" ObjHausnummer="Kiefkampstraße 2" ObjVorlage="2013-09-11 00:00:00.0" ObKeinKontakt="1" ObjArtID="24" Merkmal="0.0"/>
  <Objekte ObjID="17197" ObjAufnahme="2004-10-25" ObjLetztKontakt="2004-10-25" ObjStrasseID="8394" ObjHausnummer="Tollenbrink 4" ObjVorlage="2013-09-11 00:00:00.0" ObKeinKontakt="1" ObjArtID="97" Merkmal="0.0"/>
  <Objekte ObjID="17198" ObjAufnahme="2004-10-25" ObjLetztKontakt="2004-10-25" ObjStrasseID="6032" ObjHausnummer="Bornhof 2" ObjVorlage="2013-09-11 00:00:00.0" ObKeinKontakt="1" ObjArtID="173" Merkmal="0.0"/>
  <Objekte ObjID="17199" ObjAufnahme="2004-10-25" ObjLetztKontakt="2004-10-25" ObjStrasseID="13244" ObjHausnummer="Eichenkämpe 8" ObjVorlage="2013-09-11 00:00:00.0" ObKeinKontakt="1" ObjArtID="23" Merkmal="0.0"/>
  <Objekte ObjID="17200" ObjAufnahme="2004-10-27" ObjLetztKontakt="2004-10-27" ObjStrasseID="11305" ObjHausnummer="Görlitzer Strasse 8" ObjVorlage="2013-09-11 00:00:00.0" ObKeinKontakt="1" ObjArtID="266" Merkmal="0.0"/>
  <Objekte ObjID="17201" ObjAufnahme="2004-11-01" ObjLetztKontakt="2004-11-01" ObjStrasseID="5676" ObjHausnummer="Am Leinewehr 31" ObjVorlage="2013-09-11 00:00:00.0" ObKeinKontakt="1" ObjArtID="201" Merkmal="0.0"/>
  <Objekte ObjID="17202" ObjAufnahme="2004-11-01" ObjLetztKontakt="2004-11-01" ObjStrasseID="2994" ObjHausnummer="An der Riehe 31" ObjVorlage="2013-09-11 00:00:00.0" ObKeinKontakt="1" ObjArtID="5" Merkmal="0.0"/>
  <Objekte ObjID="17203" ObjAufnahme="2004-11-02" ObjLetztKontakt="2004-11-02" ObjStrasseID="8728" ObjHausnummer="Zwinglistraße 8" ObjVorlage="2013-09-11 00:00:00.0" ObKeinKontakt="1" ObjArtID="139" Merkmal="0.0"/>
  <Objekte ObjID="17204" ObjAufnahme="2004-11-02" ObjLetztKontakt="2004-11-02" ObjStrasseID="6585" ObjHausnummer="Godehardistraße 12" ObjVorlage="2013-09-11 00:00:00.0" ObKeinKontakt="1" ObjArtID="268" Merkmal="0.0"/>
  <Objekte ObjID="17205" ObjAufnahme="2004-11-03" ObjLetztKontakt="2004-11-03" ObjStrasseID="8180" ObjHausnummer="Siebenschönweg 1" ObjVorlage="2013-09-11 00:00:00.0" ObKeinKontakt="1" ObjArtID="172" Merkmal="0.0"/>
  <Objekte ObjID="17206" ObjAufnahme="2004-11-04" ObjLetztKontakt="2004-11-04" ObjStrasseID="6095" ObjHausnummer="Buchenplan 13" ObjVorlage="2013-09-11 00:00:00.0" ObKeinKontakt="1" ObjArtID="167" Merkmal="0.0"/>
  <Objekte ObjID="17207" ObjAufnahme="2004-11-05" ObjLetztKontakt="2004-11-05" ObjStrasseID="9963" ObjHausnummer="Peiner Straße 32" ObjVorlage="2013-09-11 00:00:00.0" ObKeinKontakt="1" ObjArtID="1" Merkmal="0.0"/>
  <Objekte ObjID="17208" ObjAufnahme="2004-11-05" ObjLetztKontakt="2004-11-05" ObjStrasseID="6157" ObjHausnummer="Constantinstraße 35" ObjVorlage="2013-09-11 00:00:00.0" ObKeinKontakt="1" ObjArtID="82" Merkmal="0.0"/>
  <Objekte ObjID="17209" ObjAufnahme="2004-11-09" ObjLetztKontakt="2004-11-09" ObjStrasseID="8128" ObjHausnummer="Schwalbenflucht 7" ObjVorlage="2013-09-11 00:00:00.0" ObKeinKontakt="1" ObjArtID="22" Merkmal="0.0"/>
  <Objekte ObjID="17210" ObjAufnahme="2004-11-11" ObjLetztKontakt="2004-11-11" ObjStrasseID="6157" ObjHausnummer="Constantinstraße 8" ObjVorlage="2013-09-11 00:00:00.0" ObKeinKontakt="1" ObjArtID="167" Merkmal="0.0"/>
  <Objekte ObjID="17211" ObjAufnahme="2004-11-16" ObjLetztKontakt="2004-11-16" ObjStrasseID="7964" ObjHausnummer="Rothaarweg 5" ObjVorlage="2013-09-11 00:00:00.0" ObKeinKontakt="1" ObjArtID="223" Merkmal="0.0"/>
  <Objekte ObjID="17212" ObjAufnahme="2004-11-17" ObjLetztKontakt="2004-11-17" ObjStrasseID="6591" ObjHausnummer="Goetheplatz 3A" ObjVorlage="2013-09-11 00:00:00.0" ObKeinKontakt="1" ObjArtID="38" Merkmal="0.0"/>
  <Objekte ObjID="17213" ObjAufnahme="2004-11-17" ObjLetztKontakt="2004-11-17" ObjStrasseID="8154" ObjHausnummer="Seestraße 33" ObjVorlage="2013-09-11 00:00:00.0" ObKeinKontakt="1" ObjArtID="167" Merkmal="0.0"/>
  <Objekte ObjID="17214" ObjAufnahme="2004-11-17" ObjLetztKontakt="2004-11-17" ObjStrasseID="8380" ObjHausnummer="Tiergartenstraße 123" ObjVorlage="2013-09-11 00:00:00.0" ObKeinKontakt="1" ObjArtID="167" Merkmal="0.0"/>
  <Objekte ObjID="17215" ObjAufnahme="2004-11-17" ObjLetztKontakt="2004-11-17" ObjStrasseID="11594" ObjHausnummer="Niebüller Weg 8" ObjVorlage="2013-09-11 00:00:00.0" ObKeinKontakt="1" ObjArtID="112" Merkmal="0.0"/>
  <Objekte ObjID="17216" ObjAufnahme="2004-11-17" ObjLetztKontakt="2004-11-17" ObjStrasseID="8154" ObjHausnummer="Seestraße 33" ObjVorlage="2013-09-11 00:00:00.0" ObKeinKontakt="1" ObjArtID="173" Merkmal="0.0"/>
  <Objekte ObjID="17217" ObjAufnahme="2004-11-18" ObjLetztKontakt="2004-11-18" ObjStrasseID="7574" ObjHausnummer="Mörikestraße 6" ObjVorlage="2013-09-11 00:00:00.0" ObKeinKontakt="1" ObjArtID="201" Merkmal="0.0"/>
  <Objekte ObjID="17218" ObjAufnahme="2004-11-18" ObjLetztKontakt="2004-11-18" ObjStrasseID="8485" ObjHausnummer="Voltmerstraße 45" ObjVorlage="2013-09-11 00:00:00.0" ObKeinKontakt="1" ObjArtID="146" Merkmal="0.0"/>
  <Objekte ObjID="17219" ObjAufnahme="2004-11-18" ObjLetztKontakt="2004-11-18" ObjStrasseID="13283" ObjHausnummer="Heinrich-Wöhler-Straße 13" ObjVorlage="2013-09-11 00:00:00.0" ObKeinKontakt="1" ObjArtID="8" Merkmal="0.0"/>
  <Objekte ObjID="17220" ObjAufnahme="2004-11-18" ObjLetztKontakt="2004-11-18" ObjStrasseID="7027" ObjHausnummer="In der Rehre 42B" ObjVorlage="2013-09-11 00:00:00.0" ObKeinKontakt="1" ObjArtID="21" Merkmal="0.0"/>
  <Objekte ObjID="17221" ObjAufnahme="2004-11-19" ObjLetztKontakt="2004-11-19" ObjStrasseID="7960" ObjHausnummer="Rotekreuzstraße 11" ObjVorlage="2013-09-11 00:00:00.0" ObKeinKontakt="1" ObjArtID="54" Merkmal="0.0"/>
  <Objekte ObjID="17222" ObjAufnahme="2004-11-19" ObjLetztKontakt="2004-11-19" ObjStrasseID="7993" ObjHausnummer="Leipziger Straße 23A" ObjVorlage="2013-09-11 00:00:00.0" ObKeinKontakt="1" ObjArtID="24" Merkmal="0.0"/>
  <Objekte ObjID="17223" ObjAufnahme="2004-11-19" ObjLetztKontakt="2004-11-19" ObjStrasseID="6256" ObjHausnummer="Dörpefeld 40" ObjVorlage="2013-09-11 00:00:00.0" ObKeinKontakt="1" ObjArtID="178" Merkmal="0.0"/>
  <Objekte ObjID="17224" ObjAufnahme="2004-11-22" ObjLetztKontakt="2004-11-22" ObjStrasseID="6427" ObjHausnummer="Flensburger Straße 14" ObjVorlage="2013-09-11 00:00:00.0" ObKeinKontakt="1" ObjArtID="56" Merkmal="0.0"/>
  <Objekte ObjID="17225" ObjAufnahme="2004-11-22" ObjLetztKontakt="2004-11-22" ObjStrasseID="8544" ObjHausnummer="Wegsfeld 42" ObjVorlage="2013-09-11 00:00:00.0" ObKeinKontakt="1" ObjArtID="74" Merkmal="0.0"/>
  <Objekte ObjID="17226" ObjAufnahme="2004-11-23" ObjLetztKontakt="2004-11-23" ObjStrasseID="13287" ObjHausnummer="Grasweg 14A" ObjVorlage="2013-09-11 00:00:00.0" ObKeinKontakt="1" ObjArtID="21" Merkmal="0.0"/>
  <Objekte ObjID="17227" ObjAufnahme="2004-11-25" ObjLetztKontakt="2004-11-25" ObjStrasseID="12004" ObjHausnummer="Altes Dorf 37" ObjVorlage="2013-09-11 00:00:00.0" ObKeinKontakt="1" ObjArtID="8" Merkmal="0.0"/>
  <Objekte ObjID="17228" ObjAufnahme="2004-11-26" ObjLetztKontakt="2004-11-26" ObjStrasseID="5834" ObjHausnummer="Auf dem Kampe 5" ObjVorlage="2013-09-11 00:00:00.0" ObKeinKontakt="1" ObjArtID="96" Merkmal="0.0"/>
  <Objekte ObjID="17229" ObjAufnahme="2004-11-26" ObjLetztKontakt="2004-11-26" ObjStrasseID="7960" ObjHausnummer="Rotekreuzstraße 15" ObjVorlage="2013-09-11 00:00:00.0" ObKeinKontakt="1" ObjArtID="200" Merkmal="0.0"/>
  <Objekte ObjID="17230" ObjAufnahme="2004-11-26" ObjLetztKontakt="2004-11-26" ObjStrasseID="8533" ObjHausnummer="Weberstraße 4" ObjVorlage="2013-09-11 00:00:00.0" ObKeinKontakt="1" ObjArtID="56" Merkmal="0.0"/>
  <Objekte ObjID="17231" ObjAufnahme="2004-11-26" ObjLetztKontakt="2004-11-26" ObjStrasseID="13305" ObjHausnummer="Kahlenberg 20A" ObjVorlage="2013-09-11 00:00:00.0" ObKeinKontakt="1" ObjArtID="8" Merkmal="0.0"/>
  <Objekte ObjID="17232" ObjAufnahme="2004-11-29" ObjLetztKontakt="2004-11-29" ObjStrasseID="6129" ObjHausnummer="Bütersworthstraße 16" ObjVorlage="2013-09-11 00:00:00.0" ObKeinKontakt="1" ObjArtID="161" Merkmal="0.0"/>
  <Objekte ObjID="17233" ObjAufnahme="2004-11-29" ObjLetztKontakt="2004-11-29" ObjStrasseID="13307" ObjHausnummer="Im Dorffelde 2" ObjVorlage="2013-09-11 00:00:00.0" ObKeinKontakt="1" ObjArtID="8" Merkmal="0.0"/>
  <Objekte ObjID="17234" ObjAufnahme="2004-11-30" ObjLetztKontakt="2004-11-30" ObjStrasseID="7685" ObjHausnummer="Olbrichtstraße 73" ObjVorlage="2013-09-11 00:00:00.0" ObKeinKontakt="1" ObjArtID="20" Merkmal="0.0"/>
  <Objekte ObjID="17235" ObjAufnahme="2004-11-30" ObjLetztKontakt="2004-11-30" ObjStrasseID="8909" ObjHausnummer="Emil-von-Behring-Straße 3F" ObjVorlage="2013-09-11 00:00:00.0" ObKeinKontakt="1" ObjArtID="21" Merkmal="0.0"/>
  <Objekte ObjID="17236" ObjAufnahme="2004-12-02" ObjLetztKontakt="2004-12-02" ObjStrasseID="7248" ObjHausnummer="Krasseltweg 36" ObjVorlage="2013-09-11 00:00:00.0" ObKeinKontakt="1" ObjArtID="173" Merkmal="0.0"/>
  <Objekte ObjID="17237" ObjAufnahme="2004-12-02" ObjLetztKontakt="2004-12-02" ObjStrasseID="6609" ObjHausnummer="Göttinger Chaussee 98" ObjVorlage="2013-09-11 00:00:00.0" ObKeinKontakt="1" ObjArtID="1" Merkmal="0.0"/>
  <Objekte ObjID="17238" ObjAufnahme="2004-12-02" ObjLetztKontakt="2004-12-02" ObjStrasseID="8302" ObjHausnummer="Stollenweg 12" ObjVorlage="2013-09-11 00:00:00.0" ObKeinKontakt="1" ObjArtID="96" Merkmal="0.0"/>
  <Objekte ObjID="17239" ObjAufnahme="2004-12-02" ObjLetztKontakt="2004-12-02" ObjStrasseID="148" ObjHausnummer="Ackerstraße 9" ObjVorlage="2013-09-11 00:00:00.0" ObKeinKontakt="1" ObjArtID="117" Merkmal="0.0"/>
  <Objekte ObjID="17240" ObjAufnahme="2004-12-03" ObjLetztKontakt="2004-12-03" ObjStrasseID="7984" ObjHausnummer="Rühmkorffstraße 10" ObjVorlage="2013-09-11 00:00:00.0" ObKeinKontakt="1" ObjArtID="200" Merkmal="0.0"/>
  <Objekte ObjID="17241" ObjAufnahme="2004-12-03" ObjLetztKontakt="2004-12-03" ObjStrasseID="10964" ObjHausnummer="Am Messeweg 30B" ObjVorlage="2013-09-11 00:00:00.0" ObKeinKontakt="1" ObjArtID="176" Merkmal="0.0"/>
  <Objekte ObjID="17242" ObjAufnahme="2004-12-03" ObjLetztKontakt="2004-12-03" ObjStrasseID="8394" ObjHausnummer="Tollenbrink 14" ObjVorlage="2013-09-11 00:00:00.0" ObKeinKontakt="1" ObjArtID="146" Merkmal="0.0"/>
  <Objekte ObjID="17243" ObjAufnahme="2004-12-03" ObjLetztKontakt="2004-12-03" ObjStrasseID="5074" ObjHausnummer="Würzburger Straße 14" ObjVorlage="2013-09-11 00:00:00.0" ObKeinKontakt="1" ObjArtID="167" Merkmal="0.0"/>
  <Objekte ObjID="17244" ObjAufnahme="2004-12-03" ObjLetztKontakt="2004-12-03" ObjStrasseID="5074" ObjHausnummer="Würzburger Straße 44" ObjVorlage="2013-09-11 00:00:00.0" ObKeinKontakt="1" ObjArtID="89" Merkmal="0.0"/>
  <Objekte ObjID="17245" ObjAufnahme="2004-12-06" ObjLetztKontakt="2004-12-06" ObjStrasseID="8380" ObjHausnummer="Tiergartenstraße 150" ObjVorlage="2013-09-11 00:00:00.0" ObKeinKontakt="1" ObjArtID="173" Merkmal="0.0"/>
  <Objekte ObjID="17246" ObjAufnahme="2004-12-06" ObjLetztKontakt="2004-12-06" ObjStrasseID="3385" ObjHausnummer="Eichstraße 25A" ObjVorlage="2013-09-11 00:00:00.0" ObKeinKontakt="1" ObjArtID="56" Merkmal="0.0"/>
  <Objekte ObjID="17247" ObjAufnahme="2004-12-06" ObjLetztKontakt="2004-12-06" ObjStrasseID="7903" ObjHausnummer="Rintelner Straße 7" ObjVorlage="2013-09-11 00:00:00.0" ObKeinKontakt="1" ObjArtID="242" Merkmal="0.0"/>
  <Objekte ObjID="17248" ObjAufnahme="2004-12-06" ObjLetztKontakt="2004-12-06" ObjStrasseID="6525" ObjHausnummer="Gärtnerweg 3" ObjVorlage="2013-09-11 00:00:00.0" ObKeinKontakt="1" ObjArtID="98" Merkmal="0.0"/>
  <Objekte ObjID="17249" ObjAufnahme="2004-12-06" ObjLetztKontakt="2004-12-06" ObjStrasseID="9093" ObjHausnummer="Häkenstraße 9" ObjVorlage="2013-09-11 00:00:00.0" ObKeinKontakt="1" ObjArtID="167" Merkmal="0.0"/>
  <Objekte ObjID="17250" ObjAufnahme="2004-12-06" ObjLetztKontakt="2004-12-06" ObjStrasseID="10964" ObjHausnummer="Am Messeweg 29A" ObjVorlage="2013-09-11 00:00:00.0" ObKeinKontakt="1" ObjArtID="176" Merkmal="0.0"/>
  <Objekte ObjID="17251" ObjAufnahme="2004-12-06" ObjLetztKontakt="2004-12-06" ObjStrasseID="8533" ObjHausnummer="Weberstraße 4" ObjVorlage="2013-09-11 00:00:00.0" ObKeinKontakt="1" ObjArtID="98" Merkmal="0.0"/>
  <Objekte ObjID="17252" ObjAufnahme="2004-12-06" ObjLetztKontakt="2004-12-06" ObjStrasseID="11572" ObjHausnummer="Helene-Weber-Straße 5B" ObjVorlage="2013-09-11 00:00:00.0" ObKeinKontakt="1" ObjArtID="176" Merkmal="0.0"/>
  <Objekte ObjID="17253" ObjAufnahme="2004-12-08" ObjLetztKontakt="2004-12-08" ObjStrasseID="7776" ObjHausnummer="Pfitznerstraße 3" ObjVorlage="2013-09-11 00:00:00.0" ObKeinKontakt="1" ObjArtID="13" Merkmal="0.0"/>
  <Objekte ObjID="17254" ObjAufnahme="2004-12-13" ObjLetztKontakt="2004-12-13" ObjStrasseID="3593" ObjHausnummer="Granatstraße 48" ObjVorlage="2013-09-11 00:00:00.0" ObKeinKontakt="1" ObjArtID="8" Merkmal="0.0"/>
  <Objekte ObjID="17255" ObjAufnahme="2004-12-13" ObjLetztKontakt="2004-12-13" ObjStrasseID="6496" ObjHausnummer="Fröbelstraße 14" ObjVorlage="2013-09-11 00:00:00.0" ObKeinKontakt="1" ObjArtID="54" Merkmal="0.0"/>
  <Objekte ObjID="17256" ObjAufnahme="2004-12-13" ObjLetztKontakt="2004-12-13" ObjStrasseID="8528" ObjHausnummer="Wasserweg 6" ObjVorlage="2013-09-11 00:00:00.0" ObKeinKontakt="1" ObjArtID="200" Merkmal="0.0"/>
  <Objekte ObjID="17257" ObjAufnahme="2004-12-13" ObjLetztKontakt="2004-12-13" ObjStrasseID="5074" ObjHausnummer="Würzburger Straße 14" ObjVorlage="2013-09-11 00:00:00.0" ObKeinKontakt="1" ObjArtID="268" Merkmal="0.0"/>
  <Objekte ObjID="17258" ObjAufnahme="2004-12-14" ObjLetztKontakt="2004-12-14" ObjStrasseID="8655" ObjHausnummer="Winkelriede 7" ObjVorlage="2013-09-11 00:00:00.0" ObKeinKontakt="1" ObjArtID="214" Merkmal="0.0"/>
  <Objekte ObjID="17259" ObjAufnahme="2004-12-17" ObjLetztKontakt="2004-12-17" ObjStrasseID="7361" ObjHausnummer="Lessingstraße 11" ObjVorlage="2013-09-11 00:00:00.0" ObKeinKontakt="1" ObjArtID="98" Merkmal="0.0"/>
  <Objekte ObjID="17260" ObjAufnahme="2004-12-20" ObjLetztKontakt="2004-12-20" ObjStrasseID="8447" ObjHausnummer="Vahrenheider Markt 4" ObjVorlage="2013-09-11 00:00:00.0" ObKeinKontakt="1" ObjArtID="118" Merkmal="0.0"/>
  <Objekte ObjID="17261" ObjAufnahme="2004-12-20" ObjLetztKontakt="2004-12-20" ObjStrasseID="7550" ObjHausnummer="Mispelweg 10" ObjVorlage="2013-09-11 00:00:00.0" ObKeinKontakt="1" ObjArtID="1" Merkmal="0.0"/>
  <Objekte ObjID="17262" ObjAufnahme="2004-12-21" ObjLetztKontakt="2004-12-21" ObjStrasseID="6875" ObjHausnummer="Hildesheimer Straße 221" ObjVorlage="2013-09-11 00:00:00.0" ObKeinKontakt="1" ObjArtID="75" Merkmal="0.0"/>
  <Objekte ObjID="17263" ObjAufnahme="2004-12-21" ObjLetztKontakt="2004-12-21" ObjStrasseID="7233" ObjHausnummer="Kornstraße 5" ObjVorlage="2013-09-11 00:00:00.0" ObKeinKontakt="1" ObjArtID="82" Merkmal="0.0"/>
  <Objekte ObjID="17264" ObjAufnahme="2004-12-21" ObjLetztKontakt="2004-12-21" ObjStrasseID="7233" ObjHausnummer="Kornstraße 5" ObjVorlage="2013-09-11 00:00:00.0" ObKeinKontakt="1" ObjArtID="96" Merkmal="0.0"/>
  <Objekte ObjID="17265" ObjAufnahme="2004-12-22" ObjLetztKontakt="2004-12-22" ObjStrasseID="2816" ObjHausnummer="Ackerrain 89" ObjVorlage="2013-09-11 00:00:00.0" ObKeinKontakt="1" ObjArtID="176" Merkmal="0.0"/>
  <Objekte ObjID="17266" ObjAufnahme="2004-12-22" ObjLetztKontakt="2004-12-22" ObjStrasseID="4056" ObjHausnummer="Konrad-Adenauer-Straße 48" ObjVorlage="2013-09-11 00:00:00.0" ObKeinKontakt="1" ObjArtID="168" Merkmal="0.0"/>
  <Objekte ObjID="17267" ObjAufnahme="2004-12-22" ObjLetztKontakt="2004-12-22" ObjStrasseID="3385" ObjHausnummer="Eichstraße 25A" ObjVorlage="2013-09-11 00:00:00.0" ObKeinKontakt="1" ObjArtID="96" Merkmal="0.0"/>
  <Objekte ObjID="17268" ObjAufnahme="2004-12-28" ObjLetztKontakt="2004-12-28" ObjStrasseID="7336" ObjHausnummer="Leiblstraße 19" ObjVorlage="2013-09-11 00:00:00.0" ObKeinKontakt="1" ObjArtID="201" Merkmal="0.0"/>
  <Objekte ObjID="17269" ObjAufnahme="2004-12-28" ObjLetztKontakt="2004-12-28" ObjStrasseID="6442" ObjHausnummer="Fössestraße 79A" ObjVorlage="2013-09-11 00:00:00.0" ObKeinKontakt="1" ObjArtID="111" Merkmal="0.0"/>
  <Objekte ObjID="17270" ObjAufnahme="2004-12-29" ObjLetztKontakt="2004-12-29" ObjStrasseID="5961" ObjHausnummer="Birkhahnhof 7B" ObjVorlage="2013-09-11 00:00:00.0" ObKeinKontakt="1" ObjArtID="208" Merkmal="0.0"/>
  <Objekte ObjID="17271" ObjAufnahme="2004-12-29" ObjLetztKontakt="2004-12-29" ObjStrasseID="5961" ObjHausnummer="Birkhahnhof 7B" ObjVorlage="2013-09-11 00:00:00.0" ObKeinKontakt="1" ObjArtID="239" Merkmal="0.0"/>
  <Objekte ObjID="17272" ObjAufnahme="2004-12-29" ObjLetztKontakt="2004-12-29" ObjStrasseID="5961" ObjHausnummer="Birkhahnhof 7B" ObjVorlage="2013-09-11 00:00:00.0" ObKeinKontakt="1" ObjArtID="240" Merkmal="0.0"/>
  <Objekte ObjID="17273" ObjAufnahme="2005-01-03" ObjLetztKontakt="2005-01-03" ObjStrasseID="5961" ObjHausnummer="Birkhahnhof 7B" ObjVorlage="2013-09-11 00:00:00.0" ObKeinKontakt="1" ObjArtID="241" Merkmal="0.0"/>
  <Objekte ObjID="17274" ObjAufnahme="2005-01-04" ObjLetztKontakt="2005-01-04" ObjStrasseID="8447" ObjHausnummer="Vahrenheider Markt 8" ObjVorlage="2013-09-11 00:00:00.0" ObKeinKontakt="1" ObjArtID="146" Merkmal="0.0"/>
  <Objekte ObjID="17275" ObjAufnahme="2005-01-07" ObjLetztKontakt="2005-01-07" ObjStrasseID="13337" ObjHausnummer="Ratswinkel 11A" ObjVorlage="2013-09-11 00:00:00.0" ObKeinKontakt="1" ObjArtID="22" Merkmal="0.0"/>
  <Objekte ObjID="17276" ObjAufnahme="2005-01-11" ObjLetztKontakt="2005-01-11" ObjStrasseID="12725" ObjHausnummer="Breslauer Straße 10" ObjVorlage="2013-09-11 00:00:00.0" ObKeinKontakt="1" ObjArtID="8" Merkmal="0.0"/>
  <Objekte ObjID="17277" ObjAufnahme="2005-01-13" ObjLetztKontakt="2005-01-13" ObjStrasseID="13287" ObjHausnummer="Grasweg 14" ObjVorlage="2013-09-11 00:00:00.0" ObKeinKontakt="1" ObjArtID="22" Merkmal="0.0"/>
  <Objekte ObjID="17278" ObjAufnahme="2005-01-13" ObjLetztKontakt="2005-01-13" ObjStrasseID="13287" ObjHausnummer="Grasweg 13B" ObjVorlage="2013-09-11 00:00:00.0" ObKeinKontakt="1" ObjArtID="22" Merkmal="0.0"/>
  <Objekte ObjID="17279" ObjAufnahme="2005-01-13" ObjLetztKontakt="2005-01-13" ObjStrasseID="13287" ObjHausnummer="Grasweg 13A" ObjVorlage="2013-09-11 00:00:00.0" ObKeinKontakt="1" ObjArtID="24" Merkmal="0.0"/>
  <Objekte ObjID="17280" ObjAufnahme="2005-01-14" ObjLetztKontakt="2005-01-14" ObjStrasseID="6031" ObjHausnummer="Börnestraße 4" ObjVorlage="2013-09-11 00:00:00.0" ObKeinKontakt="1" ObjArtID="55" Merkmal="0.0"/>
  <Objekte ObjID="17281" ObjAufnahme="2005-01-14" ObjLetztKontakt="2005-01-14" ObjStrasseID="8056" ObjHausnummer="Schaumburgstraße 4B" ObjVorlage="2013-09-11 00:00:00.0" ObKeinKontakt="1" ObjArtID="201" Merkmal="0.0"/>
  <Objekte ObjID="17282" ObjAufnahme="2005-01-17" ObjLetztKontakt="2005-01-17" ObjStrasseID="6510" ObjHausnummer="Gabelsbergerstraße 1" ObjVorlage="2013-09-11 00:00:00.0" ObKeinKontakt="1" ObjArtID="209" Merkmal="0.0"/>
  <Objekte ObjID="17283" ObjAufnahme="2005-01-18" ObjLetztKontakt="2005-01-18" ObjStrasseID="6818" ObjHausnummer="Heisenstraße 19" ObjVorlage="2013-09-11 00:00:00.0" ObKeinKontakt="1" ObjArtID="98" Merkmal="0.0"/>
  <Objekte ObjID="17284" ObjAufnahme="2005-01-19" ObjLetztKontakt="2005-01-19" ObjStrasseID="12621" ObjHausnummer="Großburgwedeler Straße 1C" ObjVorlage="2013-09-11 00:00:00.0" ObKeinKontakt="1" ObjArtID="8" Merkmal="0.0"/>
  <Objekte ObjID="17285" ObjAufnahme="2005-01-19" ObjLetztKontakt="2005-01-19" ObjStrasseID="8124" ObjHausnummer="Schützenallee 49" ObjVorlage="2013-09-11 00:00:00.0" ObKeinKontakt="1" ObjArtID="104" Merkmal="0.0"/>
  <Objekte ObjID="17286" ObjAufnahme="2005-01-19" ObjLetztKontakt="2005-01-19" ObjStrasseID="6525" ObjHausnummer="Gärtnerweg 7" ObjVorlage="2013-09-11 00:00:00.0" ObKeinKontakt="1" ObjArtID="48" Merkmal="0.0"/>
  <Objekte ObjID="17287" ObjAufnahme="2005-01-24" ObjLetztKontakt="2005-01-24" ObjStrasseID="13373" ObjHausnummer="Schildhof 20" ObjVorlage="2013-09-11 00:00:00.0" ObKeinKontakt="1" ObjArtID="48" Merkmal="0.0"/>
  <Objekte ObjID="17288" ObjAufnahme="2005-01-27" ObjLetztKontakt="2005-01-27" ObjStrasseID="8728" ObjHausnummer="Zwinglistraße 8" ObjVorlage="2013-09-11 00:00:00.0" ObKeinKontakt="1" ObjArtID="14" Merkmal="0.0"/>
  <Objekte ObjID="17289" ObjAufnahme="2005-01-27" ObjLetztKontakt="2005-01-27" ObjStrasseID="8698" ObjHausnummer="Yorckstraße 2" ObjVorlage="2013-09-11 00:00:00.0" ObKeinKontakt="1" ObjArtID="136" Merkmal="0.0"/>
  <Objekte ObjID="17290" ObjAufnahme="2005-01-27" ObjLetztKontakt="2005-01-27" ObjStrasseID="6335" ObjHausnummer="Ellernstraße 41" ObjVorlage="2013-09-11 00:00:00.0" ObKeinKontakt="1" ObjArtID="144" Merkmal="0.0"/>
  <Objekte ObjID="17291" ObjAufnahme="2005-02-02" ObjLetztKontakt="2005-02-02" ObjStrasseID="10957" ObjHausnummer="Kreithwinkel 13" ObjVorlage="2013-09-11 00:00:00.0" ObKeinKontakt="1" ObjArtID="8" Merkmal="0.0"/>
  <Objekte ObjID="17292" ObjAufnahme="2005-02-03" ObjLetztKontakt="2005-02-03" ObjStrasseID="6081" ObjHausnummer="Bronsartstraße 16" ObjVorlage="2013-09-11 00:00:00.0" ObKeinKontakt="1" ObjArtID="75" Merkmal="0.0"/>
  <Objekte ObjID="17293" ObjAufnahme="2005-02-03" ObjLetztKontakt="2005-02-03" ObjStrasseID="6697" ObjHausnummer="Hagenstraße 23" ObjVorlage="2013-09-11 00:00:00.0" ObKeinKontakt="1" ObjArtID="1" Merkmal="0.0"/>
  <Objekte ObjID="17294" ObjAufnahme="2005-02-03" ObjLetztKontakt="2005-02-03" ObjStrasseID="3244" ObjHausnummer="Brunirode 27" ObjVorlage="2013-09-11 00:00:00.0" ObKeinKontakt="1" ObjArtID="8" Merkmal="0.0"/>
  <Objekte ObjID="17295" ObjAufnahme="2005-02-04" ObjLetztKontakt="2005-02-04" ObjStrasseID="8090" ObjHausnummer="Schmöckwitzweg 8" ObjVorlage="2013-09-11 00:00:00.0" ObKeinKontakt="1" ObjArtID="20" Merkmal="0.0"/>
  <Objekte ObjID="17296" ObjAufnahme="2005-02-04" ObjLetztKontakt="2005-02-04" ObjStrasseID="6737" ObjHausnummer="Hansteinstraße 7A" ObjVorlage="2013-09-11 00:00:00.0" ObKeinKontakt="1" ObjArtID="1" Merkmal="0.0"/>
  <Objekte ObjID="17297" ObjAufnahme="2005-02-04" ObjLetztKontakt="2005-02-04" ObjStrasseID="7092" ObjHausnummer="Kapellenbrink 21" ObjVorlage="2013-09-11 00:00:00.0" ObKeinKontakt="1" ObjArtID="8" Merkmal="0.0"/>
  <Objekte ObjID="17298" ObjAufnahme="2005-02-08" ObjLetztKontakt="2005-02-08" ObjStrasseID="6067" ObjHausnummer="Brehmstraße 17A" ObjVorlage="2013-09-11 00:00:00.0" ObKeinKontakt="1" ObjArtID="176" Merkmal="0.0"/>
  <Objekte ObjID="17299" ObjAufnahme="2005-02-09" ObjLetztKontakt="2005-02-09" ObjStrasseID="5942" ObjHausnummer="Bessemerstraße 4" ObjVorlage="2013-09-11 00:00:00.0" ObKeinKontakt="1" ObjArtID="221" Merkmal="0.0"/>
  <Objekte ObjID="17300" ObjAufnahme="2005-02-09" ObjLetztKontakt="2005-02-09" ObjStrasseID="6737" ObjHausnummer="Hansteinstraße 7" ObjVorlage="2013-09-11 00:00:00.0" ObKeinKontakt="1" ObjArtID="54" Merkmal="0.0"/>
  <Objekte ObjID="17301" ObjAufnahme="2005-02-11" ObjLetztKontakt="2005-02-11" ObjStrasseID="12900" ObjHausnummer="Wilhelm-Henze-Weg 24" ObjVorlage="2013-09-11 00:00:00.0" ObKeinKontakt="1" ObjArtID="8" Merkmal="0.0"/>
  <Objekte ObjID="17302" ObjAufnahme="2005-02-11" ObjLetztKontakt="2005-02-11" ObjStrasseID="8584" ObjHausnummer="Werfelstraße 6" ObjVorlage="2013-09-11 00:00:00.0" ObKeinKontakt="1" ObjArtID="20" Merkmal="0.0"/>
  <Objekte ObjID="17303" ObjAufnahme="2005-02-14" ObjLetztKontakt="2005-02-14" ObjStrasseID="7903" ObjHausnummer="Rintelner Straße 5" ObjVorlage="2013-09-11 00:00:00.0" ObKeinKontakt="1" ObjArtID="197" Merkmal="0.0"/>
  <Objekte ObjID="17304" ObjAufnahme="2005-02-14" ObjLetztKontakt="2005-02-14" ObjStrasseID="7771" ObjHausnummer="Pfarrlandplatz 10" ObjVorlage="2013-09-11 00:00:00.0" ObKeinKontakt="1" ObjArtID="167" Merkmal="0.0"/>
  <Objekte ObjID="17305" ObjAufnahme="2005-02-14" ObjLetztKontakt="2005-02-14" ObjStrasseID="7513" ObjHausnummer="Meitnerstraße 4" ObjVorlage="2013-09-11 00:00:00.0" ObKeinKontakt="1" ObjArtID="179" Merkmal="0.0"/>
  <Objekte ObjID="17306" ObjAufnahme="2005-02-14" ObjLetztKontakt="2005-02-14" ObjStrasseID="7486" ObjHausnummer="Marschnerstraße 16" ObjVorlage="2013-09-11 00:00:00.0" ObKeinKontakt="1" ObjArtID="54" Merkmal="0.0"/>
  <Objekte ObjID="17307" ObjAufnahme="2005-02-15" ObjLetztKontakt="2005-02-15" ObjStrasseID="6833" ObjHausnummer="Henckellweg 25" ObjVorlage="2013-09-11 00:00:00.0" ObKeinKontakt="1" ObjArtID="55" Merkmal="0.0"/>
  <Objekte ObjID="17308" ObjAufnahme="2005-02-15" ObjLetztKontakt="2005-02-15" ObjStrasseID="7172" ObjHausnummer="Kleine Pfahlstraße 11" ObjVorlage="2013-09-11 00:00:00.0" ObKeinKontakt="1" ObjArtID="75" Merkmal="0.0"/>
  <Objekte ObjID="17309" ObjAufnahme="2005-02-16" ObjLetztKontakt="2005-02-16" ObjStrasseID="13449" ObjHausnummer="Otto-Hahn-Straße 25" ObjVorlage="2013-09-11 00:00:00.0" ObKeinKontakt="1" ObjArtID="8" Merkmal="0.0"/>
  <Objekte ObjID="17310" ObjAufnahme="2005-02-16" ObjLetztKontakt="2005-02-16" ObjStrasseID="13450" ObjHausnummer="Im Blenze 9" ObjVorlage="2013-09-11 00:00:00.0" ObKeinKontakt="1" ObjArtID="20" Merkmal="0.0"/>
  <Objekte ObjID="17311" ObjAufnahme="2005-02-16" ObjLetztKontakt="2005-02-16" ObjStrasseID="8326" ObjHausnummer="Sudetenstraße 32" ObjVorlage="2013-09-11 00:00:00.0" ObKeinKontakt="1" ObjArtID="24" Merkmal="0.0"/>
  <Objekte ObjID="17312" ObjAufnahme="2005-02-16" ObjLetztKontakt="2005-02-16" ObjStrasseID="12198" ObjHausnummer="Vogelbeerweg 19" ObjVorlage="2013-09-11 00:00:00.0" ObKeinKontakt="1" ObjArtID="8" Merkmal="0.0"/>
  <Objekte ObjID="17313" ObjAufnahme="2005-02-17" ObjLetztKontakt="2005-02-17" ObjStrasseID="6712" ObjHausnummer="Haltenhoffstraße 71" ObjVorlage="2013-09-11 00:00:00.0" ObKeinKontakt="1" ObjArtID="173" Merkmal="0.0"/>
  <Objekte ObjID="17314" ObjAufnahme="2005-02-18" ObjLetztKontakt="2005-02-18" ObjStrasseID="8510" ObjHausnummer="Waldstraße 6" ObjVorlage="2013-09-11 00:00:00.0" ObKeinKontakt="1" ObjArtID="167" Merkmal="0.0"/>
  <Objekte ObjID="17315" ObjAufnahme="2005-02-18" ObjLetztKontakt="2005-02-18" ObjStrasseID="6724" ObjHausnummer="Hannoversche Straße 44B" ObjVorlage="2013-09-11 00:00:00.0" ObKeinKontakt="1" ObjArtID="223" Merkmal="0.0"/>
  <Objekte ObjID="17316" ObjAufnahme="2005-02-18" ObjLetztKontakt="2005-02-18" ObjStrasseID="13454" ObjHausnummer="Delmweg 6" ObjVorlage="2013-09-11 00:00:00.0" ObKeinKontakt="1" ObjArtID="8" Merkmal="0.0"/>
  <Objekte ObjID="17317" ObjAufnahme="2005-02-18" ObjLetztKontakt="2005-02-18" ObjStrasseID="7458" ObjHausnummer="Lyraweg 8" ObjVorlage="2013-09-11 00:00:00.0" ObKeinKontakt="1" ObjArtID="197" Merkmal="0.0"/>
  <Objekte ObjID="17318" ObjAufnahme="2005-02-21" ObjLetztKontakt="2005-02-21" ObjStrasseID="7964" ObjHausnummer="Rothaarweg 1" ObjVorlage="2013-09-11 00:00:00.0" ObKeinKontakt="1" ObjArtID="138" Merkmal="0.0"/>
  <Objekte ObjID="17319" ObjAufnahme="2005-02-21" ObjLetztKontakt="2005-02-21" ObjStrasseID="8394" ObjHausnummer="Tollenbrink 14" ObjVorlage="2013-09-11 00:00:00.0" ObKeinKontakt="1" ObjArtID="167" Merkmal="0.0"/>
  <Objekte ObjID="17320" ObjAufnahme="2005-02-22" ObjLetztKontakt="2005-02-22" ObjStrasseID="5959" ObjHausnummer="Birkenweg 8" ObjVorlage="2013-09-11 00:00:00.0" ObKeinKontakt="1" ObjArtID="186" Merkmal="0.0"/>
  <Objekte ObjID="17321" ObjAufnahme="2005-02-23" ObjLetztKontakt="2005-02-23" ObjStrasseID="12074" ObjHausnummer="Spechtweg 3" ObjVorlage="2013-09-11 00:00:00.0" ObKeinKontakt="1" ObjArtID="8" Merkmal="0.0"/>
  <Objekte ObjID="17322" ObjAufnahme="2005-02-28" ObjLetztKontakt="2005-02-28" ObjStrasseID="5778" ObjHausnummer="An der Silberkuhle 5" ObjVorlage="2013-09-11 00:00:00.0" ObKeinKontakt="1" ObjArtID="8" Merkmal="0.0"/>
  <Objekte ObjID="17323" ObjAufnahme="2005-03-01" ObjLetztKontakt="2005-03-01" ObjStrasseID="8447" ObjHausnummer="Vahrenheider Markt 6" ObjVorlage="2013-09-11 00:00:00.0" ObKeinKontakt="1" ObjArtID="211" Merkmal="0.0"/>
  <Objekte ObjID="17324" ObjAufnahme="2005-03-02" ObjLetztKontakt="2005-03-02" ObjStrasseID="9945" ObjHausnummer="Beethovenstraße 7" ObjVorlage="2013-09-11 00:00:00.0" ObKeinKontakt="1" ObjArtID="24" Merkmal="0.0"/>
  <Objekte ObjID="17325" ObjAufnahme="2005-03-02" ObjLetztKontakt="2005-03-02" ObjStrasseID="6335" ObjHausnummer="Ellernstraße 41" ObjVorlage="2013-09-11 00:00:00.0" ObKeinKontakt="1" ObjArtID="159" Merkmal="0.0"/>
  <Objekte ObjID="17326" ObjAufnahme="2005-03-04" ObjLetztKontakt="2005-03-04" ObjStrasseID="5589" ObjHausnummer="Am Alten Gehäge 90" ObjVorlage="2013-09-11 00:00:00.0" ObKeinKontakt="1" ObjArtID="22" Merkmal="0.0"/>
  <Objekte ObjID="17327" ObjAufnahme="2005-03-07" ObjLetztKontakt="2005-03-07" ObjStrasseID="5659" ObjHausnummer="Am Kalkbruche 11" ObjVorlage="2013-09-11 00:00:00.0" ObKeinKontakt="1" ObjArtID="118" Merkmal="0.0"/>
  <Objekte ObjID="17328" ObjAufnahme="2005-03-08" ObjLetztKontakt="2005-03-08" ObjStrasseID="3803" ObjHausnummer="Hohenrode 14" ObjVorlage="2013-09-11 00:00:00.0" ObKeinKontakt="1" ObjArtID="173" Merkmal="0.0"/>
  <Objekte ObjID="17329" ObjAufnahme="2005-03-08" ObjLetztKontakt="2005-03-08" ObjStrasseID="6479" ObjHausnummer="Friedrich-Ebert-Straße 20" ObjVorlage="2013-09-11 00:00:00.0" ObKeinKontakt="1" ObjArtID="96" Merkmal="0.0"/>
  <Objekte ObjID="17330" ObjAufnahme="2005-03-08" ObjLetztKontakt="2005-03-08" ObjStrasseID="7660" ObjHausnummer="Obentrautstraße 32" ObjVorlage="2013-09-11 00:00:00.0" ObKeinKontakt="1" ObjArtID="75" Merkmal="0.0"/>
  <Objekte ObjID="17331" ObjAufnahme="2005-03-08" ObjLetztKontakt="2005-03-08" ObjStrasseID="4107" ObjHausnummer="Lange Weihe 25D" ObjVorlage="2013-09-11 00:00:00.0" ObKeinKontakt="1" ObjArtID="56" Merkmal="0.0"/>
  <Objekte ObjID="17332" ObjAufnahme="2005-03-08" ObjLetztKontakt="2005-03-08" ObjStrasseID="13477" ObjHausnummer="Gerhart-Hauptmann-Straße 22" ObjVorlage="2013-09-11 00:00:00.0" ObKeinKontakt="1" ObjArtID="176" Merkmal="0.0"/>
  <Objekte ObjID="17333" ObjAufnahme="2005-03-08" ObjLetztKontakt="2005-03-08" ObjStrasseID="6786" ObjHausnummer="Heidornstraße 18" ObjVorlage="2013-09-11 00:00:00.0" ObKeinKontakt="1" ObjArtID="76" Merkmal="0.0"/>
  <Objekte ObjID="17334" ObjAufnahme="2005-03-09" ObjLetztKontakt="2005-03-09" ObjStrasseID="6149" ObjHausnummer="Claudiusstraße 7" ObjVorlage="2013-09-11 00:00:00.0" ObKeinKontakt="1" ObjArtID="118" Merkmal="0.0"/>
  <Objekte ObjID="17335" ObjAufnahme="2005-03-11" ObjLetztKontakt="2005-03-11" ObjStrasseID="11330" ObjHausnummer="Glockenblumenweg 11" ObjVorlage="2013-09-11 00:00:00.0" ObKeinKontakt="1" ObjArtID="8" Merkmal="0.0"/>
  <Objekte ObjID="17336" ObjAufnahme="2005-03-14" ObjLetztKontakt="2005-03-14" ObjStrasseID="6979" ObjHausnummer="Im Heidkampe 41A" ObjVorlage="2013-09-11 00:00:00.0" ObKeinKontakt="1" ObjArtID="96" Merkmal="0.0"/>
  <Objekte ObjID="17337" ObjAufnahme="2005-03-15" ObjLetztKontakt="2005-03-15" ObjStrasseID="11950" ObjHausnummer="Petersenstraße 29" ObjVorlage="2013-09-11 00:00:00.0" ObKeinKontakt="1" ObjArtID="8" Merkmal="0.0"/>
  <Objekte ObjID="17338" ObjAufnahme="2005-03-16" ObjLetztKontakt="2005-03-16" ObjStrasseID="13495" ObjHausnummer="Osterfeldweg 8" ObjVorlage="2013-09-11 00:00:00.0" ObKeinKontakt="1" ObjArtID="23" Merkmal="0.0"/>
  <Objekte ObjID="17339" ObjAufnahme="2005-03-17" ObjLetztKontakt="2005-03-17" ObjStrasseID="6592" ObjHausnummer="Goethestraße 42" ObjVorlage="2013-09-11 00:00:00.0" ObKeinKontakt="1" ObjArtID="96" Merkmal="0.0"/>
  <Objekte ObjID="17340" ObjAufnahme="2005-03-17" ObjLetztKontakt="2005-03-17" ObjStrasseID="7027" ObjHausnummer="In der Rehre 35" ObjVorlage="2013-09-11 00:00:00.0" ObKeinKontakt="1" ObjArtID="96" Merkmal="0.0"/>
  <Objekte ObjID="17341" ObjAufnahme="2005-03-17" ObjLetztKontakt="2005-03-17" ObjStrasseID="7474" ObjHausnummer="Mansfeldstraße 42A" ObjVorlage="2013-09-11 00:00:00.0" ObKeinKontakt="1" ObjArtID="24" Merkmal="0.0"/>
  <Objekte ObjID="17342" ObjAufnahme="2005-03-21" ObjLetztKontakt="2005-03-21" ObjStrasseID="3522" ObjHausnummer="Füllenfeldstraße 1" ObjVorlage="2013-09-11 00:00:00.0" ObKeinKontakt="1" ObjArtID="118" Merkmal="0.0"/>
  <Objekte ObjID="17343" ObjAufnahme="2005-03-22" ObjLetztKontakt="2005-03-22" ObjStrasseID="9907" ObjHausnummer="Brinkstraße 40" ObjVorlage="2013-09-11 00:00:00.0" ObKeinKontakt="1" ObjArtID="22" Merkmal="0.0"/>
  <Objekte ObjID="17344" ObjAufnahme="2005-03-23" ObjLetztKontakt="2005-03-23" ObjStrasseID="8124" ObjHausnummer="Schützenallee 49" ObjVorlage="2013-09-11 00:00:00.0" ObKeinKontakt="1" ObjArtID="248" Merkmal="0.0"/>
  <Objekte ObjID="17345" ObjAufnahme="2005-03-24" ObjLetztKontakt="2005-03-24" ObjStrasseID="13516" ObjHausnummer="Fliederstraße 31" ObjVorlage="2013-09-11 00:00:00.0" ObKeinKontakt="1" ObjArtID="8" Merkmal="0.0"/>
  <Objekte ObjID="17346" ObjAufnahme="2005-03-29" ObjLetztKontakt="2005-03-29" ObjStrasseID="13520" ObjHausnummer="Strandallee 9" ObjVorlage="2013-09-11 00:00:00.0" ObKeinKontakt="1" ObjArtID="8" Merkmal="0.0"/>
  <Objekte ObjID="17347" ObjAufnahme="2005-03-29" ObjLetztKontakt="2005-03-29" ObjStrasseID="13085" ObjHausnummer="Oppelner Weg 1A" ObjVorlage="2013-09-11 00:00:00.0" ObKeinKontakt="1" ObjArtID="8" Merkmal="0.0"/>
  <Objekte ObjID="17348" ObjAufnahme="2005-04-01" ObjLetztKontakt="2005-04-01" ObjStrasseID="13455" ObjHausnummer="Dohlenweg 5" ObjVorlage="2013-09-11 00:00:00.0" ObKeinKontakt="1" ObjArtID="24" Merkmal="0.0"/>
  <Objekte ObjID="17349" ObjAufnahme="2005-04-05" ObjLetztKontakt="2005-04-05" ObjStrasseID="7203" ObjHausnummer="Kokenstraße 6" ObjVorlage="2013-09-11 00:00:00.0" ObKeinKontakt="1" ObjArtID="95" Merkmal="0.0"/>
  <Objekte ObjID="17350" ObjAufnahme="2005-04-05" ObjLetztKontakt="2005-04-05" ObjStrasseID="7389" ObjHausnummer="Lincolnweg 8G" ObjVorlage="2013-09-11 00:00:00.0" ObKeinKontakt="1" ObjArtID="176" Merkmal="0.0"/>
  <Objekte ObjID="17351" ObjAufnahme="2005-04-06" ObjLetztKontakt="2005-04-06" ObjStrasseID="6350" ObjHausnummer="Engelbosteler Damm 104" ObjVorlage="2013-09-11 00:00:00.0" ObKeinKontakt="1" ObjArtID="118" Merkmal="0.0"/>
  <Objekte ObjID="17352" ObjAufnahme="2005-04-06" ObjLetztKontakt="2005-04-06" ObjStrasseID="5751" ObjHausnummer="An der Bauerwiese 15" ObjVorlage="2013-09-11 00:00:00.0" ObKeinKontakt="1" ObjArtID="74" Merkmal="0.0"/>
  <Objekte ObjID="17353" ObjAufnahme="2005-04-06" ObjLetztKontakt="2005-04-06" ObjStrasseID="6661" ObjHausnummer="Grünaustraße 9B" ObjVorlage="2013-09-11 00:00:00.0" ObKeinKontakt="1" ObjArtID="167" Merkmal="0.0"/>
  <Objekte ObjID="17354" ObjAufnahme="2005-04-06" ObjLetztKontakt="2005-04-06" ObjStrasseID="13373" ObjHausnummer="Schildhof 19" ObjVorlage="2013-09-11 00:00:00.0" ObKeinKontakt="1" ObjArtID="95" Merkmal="0.0"/>
  <Objekte ObjID="17355" ObjAufnahme="2005-04-08" ObjLetztKontakt="2005-07-01" ObjStrasseID="10939" ObjHausnummer="Ronnenberger Strasse 8" ObjVorlage="2013-09-11 00:00:00.0" ObKeinKontakt="1" ObjArtID="1" Merkmal="0.0"/>
  <Objekte ObjID="17356" ObjAufnahme="2005-04-08" ObjLetztKontakt="2005-04-08" ObjStrasseID="7040" ObjHausnummer="Isernhagener Straße 92" ObjVorlage="2013-09-11 00:00:00.0" ObKeinKontakt="1" ObjArtID="118" Merkmal="0.0"/>
  <Objekte ObjID="17357" ObjAufnahme="2005-04-11" ObjLetztKontakt="2005-04-11" ObjStrasseID="4662" ObjHausnummer="Schmiedeberger Straße 36B" ObjVorlage="2013-09-11 00:00:00.0" ObKeinKontakt="1" ObjArtID="76" Merkmal="0.0"/>
  <Objekte ObjID="17358" ObjAufnahme="2005-04-11" ObjLetztKontakt="2005-04-11" ObjStrasseID="7609" ObjHausnummer="Negenstraße 17" ObjVorlage="2013-09-11 00:00:00.0" ObKeinKontakt="1" ObjArtID="197" Merkmal="0.0"/>
  <Objekte ObjID="17359" ObjAufnahme="2005-04-12" ObjLetztKontakt="2005-04-12" ObjStrasseID="7916" ObjHausnummer="Rodenstraße 12" ObjVorlage="2013-09-11 00:00:00.0" ObKeinKontakt="1" ObjArtID="96" Merkmal="0.0"/>
  <Objekte ObjID="17360" ObjAufnahme="2005-04-14" ObjLetztKontakt="2005-04-14" ObjStrasseID="7361" ObjHausnummer="Lessingstraße 4" ObjVorlage="2013-09-11 00:00:00.0" ObKeinKontakt="1" ObjArtID="54" Merkmal="0.0"/>
  <Objekte ObjID="17361" ObjAufnahme="2005-04-14" ObjLetztKontakt="2005-04-14" ObjStrasseID="13099" ObjHausnummer="Lendorfstraße 19" ObjVorlage="2013-09-11 00:00:00.0" ObKeinKontakt="1" ObjArtID="176" Merkmal="0.0"/>
  <Objekte ObjID="17362" ObjAufnahme="2005-04-15" ObjLetztKontakt="2005-04-15" ObjStrasseID="9462" ObjHausnummer="Nordstraße 24" ObjVorlage="2013-09-11 00:00:00.0" ObKeinKontakt="1" ObjArtID="1" Merkmal="0.0"/>
  <Objekte ObjID="17363" ObjAufnahme="2005-04-15" ObjLetztKontakt="2005-04-15" ObjStrasseID="7336" ObjHausnummer="Leiblstraße 11" ObjVorlage="2013-09-11 00:00:00.0" ObKeinKontakt="1" ObjArtID="173" Merkmal="0.0"/>
  <Objekte ObjID="17364" ObjAufnahme="2005-04-15" ObjLetztKontakt="2005-04-15" ObjStrasseID="8798" ObjHausnummer="Otto-Hahn-Str. 13" ObjVorlage="2013-09-11 00:00:00.0" ObKeinKontakt="1" ObjArtID="74" Merkmal="0.0"/>
  <Objekte ObjID="17365" ObjAufnahme="2005-04-15" ObjLetztKontakt="2005-04-15" ObjStrasseID="6827" ObjHausnummer="Helmstedter Straße 32" ObjVorlage="2013-09-11 00:00:00.0" ObKeinKontakt="1" ObjArtID="75" Merkmal="0.0"/>
  <Objekte ObjID="17366" ObjAufnahme="2005-04-19" ObjLetztKontakt="2005-04-19" ObjStrasseID="6335" ObjHausnummer="Ellernstraße 41" ObjVorlage="2013-09-11 00:00:00.0" ObKeinKontakt="1" ObjArtID="217" Merkmal="0.0"/>
  <Objekte ObjID="17367" ObjAufnahme="2005-04-19" ObjLetztKontakt="2005-04-19" ObjStrasseID="11158" ObjHausnummer="Triftstraße 14" ObjVorlage="2013-09-11 00:00:00.0" ObKeinKontakt="1" ObjArtID="62" Merkmal="0.0"/>
  <Objekte ObjID="17368" ObjAufnahme="2005-04-19" ObjLetztKontakt="2005-04-19" ObjStrasseID="319" ObjHausnummer="Walsroder Straße 16B" ObjVorlage="2013-09-11 00:00:00.0" ObKeinKontakt="1" ObjArtID="247" Merkmal="0.0"/>
  <Objekte ObjID="17369" ObjAufnahme="2005-04-20" ObjLetztKontakt="2005-04-20" ObjStrasseID="13569" ObjHausnummer="Schiratswinkel 20" ObjVorlage="2013-09-11 00:00:00.0" ObKeinKontakt="1" ObjArtID="24" Merkmal="0.0"/>
  <Objekte ObjID="17370" ObjAufnahme="2005-04-20" ObjLetztKontakt="2005-04-20" ObjStrasseID="6616" ObjHausnummer="Graefenhainweg 10" ObjVorlage="2013-09-11 00:00:00.0" ObKeinKontakt="1" ObjArtID="219" Merkmal="0.0"/>
  <Objekte ObjID="17371" ObjAufnahme="2005-04-20" ObjLetztKontakt="2005-04-20" ObjStrasseID="13589" ObjHausnummer="Dr. Alex-Schönberg-Straße 22" ObjVorlage="2013-09-11 00:00:00.0" ObKeinKontakt="1" ObjArtID="176" Merkmal="0.0"/>
  <Objekte ObjID="17372" ObjAufnahme="2005-04-21" ObjLetztKontakt="2005-04-21" ObjStrasseID="10318" ObjHausnummer="Am Wedemarkbad 5C" ObjVorlage="2013-09-11 00:00:00.0" ObKeinKontakt="1" ObjArtID="176" Merkmal="0.0"/>
  <Objekte ObjID="17373" ObjAufnahme="2005-04-21" ObjLetztKontakt="2005-04-21" ObjStrasseID="6293" ObjHausnummer="Edenstraße 18" ObjVorlage="2013-09-11 00:00:00.0" ObKeinKontakt="1" ObjArtID="47" Merkmal="0.0"/>
  <Objekte ObjID="17374" ObjAufnahme="2005-04-22" ObjLetztKontakt="2005-04-22" ObjStrasseID="3145" ObjHausnummer="Bilmer Garten 21" ObjVorlage="2013-09-11 00:00:00.0" ObKeinKontakt="1" ObjArtID="176" Merkmal="0.0"/>
  <Objekte ObjID="17375" ObjAufnahme="2005-04-22" ObjLetztKontakt="2005-04-22" ObjStrasseID="6509" ObjHausnummer="Fürstenwalder Straße 6" ObjVorlage="2013-09-11 00:00:00.0" ObKeinKontakt="1" ObjArtID="200" Merkmal="0.0"/>
  <Objekte ObjID="17376" ObjAufnahme="2005-04-25" ObjLetztKontakt="2005-04-25" ObjStrasseID="7773" ObjHausnummer="Pfarrstraße 52" ObjVorlage="2013-09-11 00:00:00.0" ObKeinKontakt="1" ObjArtID="1" Merkmal="0.0"/>
  <Objekte ObjID="17377" ObjAufnahme="2005-04-25" ObjLetztKontakt="2005-04-25" ObjStrasseID="9185" ObjHausnummer="Neue Straße 1" ObjVorlage="2013-09-11 00:00:00.0" ObKeinKontakt="1" ObjArtID="1" Merkmal="0.0"/>
  <Objekte ObjID="17378" ObjAufnahme="2005-04-25" ObjLetztKontakt="2005-04-25" ObjStrasseID="9782" ObjHausnummer="Am Walde 6A" ObjVorlage="2013-09-11 00:00:00.0" ObKeinKontakt="1" ObjArtID="24" Merkmal="0.0"/>
  <Objekte ObjID="17379" ObjAufnahme="2005-04-26" ObjLetztKontakt="2005-04-26" ObjStrasseID="6712" ObjHausnummer="Haltenhoffstraße 55" ObjVorlage="2013-09-11 00:00:00.0" ObKeinKontakt="1" ObjArtID="201" Merkmal="0.0"/>
  <Objekte ObjID="17380" ObjAufnahme="2005-04-26" ObjLetztKontakt="2005-04-26" ObjStrasseID="7665" ObjHausnummer="Odenwaldstraße 3" ObjVorlage="2013-09-11 00:00:00.0" ObKeinKontakt="1" ObjArtID="263" Merkmal="0.0"/>
  <Objekte ObjID="17381" ObjAufnahme="2005-04-27" ObjLetztKontakt="2005-04-27" ObjStrasseID="5192" ObjHausnummer="Köhlerheide 72" ObjVorlage="2013-09-11 00:00:00.0" ObKeinKontakt="1" ObjArtID="176" Merkmal="0.0"/>
  <Objekte ObjID="17382" ObjAufnahme="2005-04-28" ObjLetztKontakt="2005-04-28" ObjStrasseID="13600" ObjHausnummer="Habichtshorst 11" ObjVorlage="2013-09-11 00:00:00.0" ObKeinKontakt="1" ObjArtID="8" Merkmal="0.0"/>
  <Objekte ObjID="17383" ObjAufnahme="2005-04-28" ObjLetztKontakt="2005-04-28" ObjStrasseID="3148" ObjHausnummer="Birkenkamp 33" ObjVorlage="2013-09-11 00:00:00.0" ObKeinKontakt="1" ObjArtID="8" Merkmal="0.0"/>
  <Objekte ObjID="17384" ObjAufnahme="2005-04-29" ObjLetztKontakt="2005-04-29" ObjStrasseID="13585" ObjHausnummer="Am Sportheim 5" ObjVorlage="2013-09-11 00:00:00.0" ObKeinKontakt="1" ObjArtID="8" Merkmal="0.0"/>
  <Objekte ObjID="17385" ObjAufnahme="2005-05-02" ObjLetztKontakt="2005-05-02" ObjStrasseID="13602" ObjHausnummer="Resser Straße 12" ObjVorlage="2013-09-11 00:00:00.0" ObKeinKontakt="1" ObjArtID="8" Merkmal="0.0"/>
  <Objekte ObjID="17386" ObjAufnahme="2005-05-03" ObjLetztKontakt="2005-05-03" ObjStrasseID="7367" ObjHausnummer="Leunisweg 10" ObjVorlage="2013-09-11 00:00:00.0" ObKeinKontakt="1" ObjArtID="167" Merkmal="0.0"/>
  <Objekte ObjID="17387" ObjAufnahme="2005-05-04" ObjLetztKontakt="2005-05-04" ObjStrasseID="10950" ObjHausnummer="Hölderlinweg 8C" ObjVorlage="2013-09-11 00:00:00.0" ObKeinKontakt="1" ObjArtID="176" Merkmal="0.0"/>
  <Objekte ObjID="17388" ObjAufnahme="2005-05-04" ObjLetztKontakt="2005-05-04" ObjStrasseID="6245" ObjHausnummer="Donaustraße 40" ObjVorlage="2013-09-11 00:00:00.0" ObKeinKontakt="1" ObjArtID="167" Merkmal="0.0"/>
  <Objekte ObjID="17389" ObjAufnahme="2005-05-12" ObjLetztKontakt="2005-05-12" ObjStrasseID="5074" ObjHausnummer="Würzburger Straße 40" ObjVorlage="2013-09-11 00:00:00.0" ObKeinKontakt="1" ObjArtID="173" Merkmal="0.0"/>
  <Objekte ObjID="17390" ObjAufnahme="2005-05-13" ObjLetztKontakt="2005-05-13" ObjStrasseID="2983" ObjHausnummer="An der Aue 39" ObjVorlage="2013-09-11 00:00:00.0" ObKeinKontakt="1" ObjArtID="8" Merkmal="0.0"/>
  <Objekte ObjID="17391" ObjAufnahme="2005-05-17" ObjLetztKontakt="2005-05-17" ObjStrasseID="5707" ObjHausnummer="Am Seelberg 44" ObjVorlage="2013-09-11 00:00:00.0" ObKeinKontakt="1" ObjArtID="75" Merkmal="0.0"/>
  <Objekte ObjID="17392" ObjAufnahme="2005-05-18" ObjLetztKontakt="2005-05-18" ObjStrasseID="12540" ObjHausnummer="Bruchstraße 16" ObjVorlage="2013-09-11 00:00:00.0" ObKeinKontakt="1" ObjArtID="8" Merkmal="0.0"/>
  <Objekte ObjID="17393" ObjAufnahme="2005-05-18" ObjLetztKontakt="2005-05-18" ObjStrasseID="5865" ObjHausnummer="Baldeniusstraße 13" ObjVorlage="2013-09-11 00:00:00.0" ObKeinKontakt="1" ObjArtID="8" Merkmal="0.0"/>
  <Objekte ObjID="17394" ObjAufnahme="2005-05-19" ObjLetztKontakt="2005-05-19" ObjStrasseID="9233" ObjHausnummer="Am Rodelberg 9" ObjVorlage="2013-09-11 00:00:00.0" ObKeinKontakt="1" ObjArtID="173" Merkmal="0.0"/>
  <Objekte ObjID="17395" ObjAufnahme="2005-05-19" ObjLetztKontakt="2005-05-19" ObjStrasseID="6228" ObjHausnummer="Döbbeckehof 10" ObjVorlage="2013-09-11 00:00:00.0" ObKeinKontakt="1" ObjArtID="54" Merkmal="0.0"/>
  <Objekte ObjID="17396" ObjAufnahme="2005-05-19" ObjLetztKontakt="2005-05-19" ObjStrasseID="7248" ObjHausnummer="Krasseltweg 50" ObjVorlage="2013-09-11 00:00:00.0" ObKeinKontakt="1" ObjArtID="167" Merkmal="0.0"/>
  <Objekte ObjID="17397" ObjAufnahme="2005-05-19" ObjLetztKontakt="2005-05-19" ObjStrasseID="7663" ObjHausnummer="Oberstraße 12" ObjVorlage="2013-09-11 00:00:00.0" ObKeinKontakt="1" ObjArtID="98" Merkmal="0.0"/>
  <Objekte ObjID="17398" ObjAufnahme="2005-05-23" ObjLetztKontakt="2005-05-23" ObjStrasseID="10672" ObjHausnummer="Marie-Curie-Straße 30" ObjVorlage="2013-09-11 00:00:00.0" ObKeinKontakt="1" ObjArtID="8" Merkmal="0.0"/>
  <Objekte ObjID="17399" ObjAufnahme="2005-05-23" ObjLetztKontakt="2005-05-23" ObjStrasseID="13651" ObjHausnummer="Akazienweg 3" ObjVorlage="2013-09-11 00:00:00.0" ObKeinKontakt="1" ObjArtID="176" Merkmal="0.0"/>
  <Objekte ObjID="17400" ObjAufnahme="2005-05-26" ObjLetztKontakt="2005-05-26" ObjStrasseID="6875" ObjHausnummer="Hildesheimer Straße 223" ObjVorlage="2013-09-11 00:00:00.0" ObKeinKontakt="1" ObjArtID="60" Merkmal="0.0"/>
  <Objekte ObjID="17401" ObjAufnahme="2005-05-26" ObjLetztKontakt="2005-05-26" ObjStrasseID="11844" ObjHausnummer="Neue Wiesen 3" ObjVorlage="2013-09-11 00:00:00.0" ObKeinKontakt="1" ObjArtID="8" Merkmal="0.0"/>
  <Objekte ObjID="17402" ObjAufnahme="2005-05-30" ObjLetztKontakt="2005-05-30" ObjStrasseID="7027" ObjHausnummer="In der Rehre 29" ObjVorlage="2013-09-11 00:00:00.0" ObKeinKontakt="1" ObjArtID="56" Merkmal="0.0"/>
  <Objekte ObjID="17403" ObjAufnahme="2005-06-02" ObjLetztKontakt="2005-06-02" ObjStrasseID="9256" ObjHausnummer="Niedersachsenstraße 14B" ObjVorlage="2013-09-11 00:00:00.0" ObKeinKontakt="1" ObjArtID="49" Merkmal="0.0"/>
  <Objekte ObjID="17404" ObjAufnahme="2005-06-02" ObjLetztKontakt="2005-06-02" ObjStrasseID="7141" ObjHausnummer="Kiebitzrain 86" ObjVorlage="2013-09-11 00:00:00.0" ObKeinKontakt="1" ObjArtID="240" Merkmal="0.0"/>
  <Objekte ObjID="17405" ObjAufnahme="2005-06-07" ObjLetztKontakt="2005-06-07" ObjStrasseID="8749" ObjHausnummer="Hugo-Riechers-Straße 6" ObjVorlage="2013-09-11 00:00:00.0" ObKeinKontakt="1" ObjArtID="10" Merkmal="0.0" ObjInfo="Lebenspartner von Frau Grefe"/>
  <Objekte ObjID="17406" ObjAufnahme="2005-06-07" ObjLetztKontakt="2005-06-07" ObjStrasseID="8749" ObjHausnummer="Hugo-Riechers-Straße 1" ObjVorlage="2013-09-11 00:00:00.0" ObKeinKontakt="1" ObjArtID="10" Merkmal="0.0"/>
  <Objekte ObjID="17407" ObjAufnahme="2005-06-07" ObjLetztKontakt="2005-06-07" ObjStrasseID="7894" ObjHausnummer="Riechersstraße 5" ObjVorlage="2013-09-11 00:00:00.0" ObKeinKontakt="1" ObjArtID="263" Merkmal="0.0"/>
  <Objekte ObjID="17408" ObjAufnahme="2005-06-08" ObjLetztKontakt="2005-06-08" ObjStrasseID="7076" ObjHausnummer="Kahlendamm 6" ObjVorlage="2013-09-11 00:00:00.0" ObKeinKontakt="1" ObjArtID="3" Merkmal="0.0"/>
  <Objekte ObjID="17409" ObjAufnahme="2005-06-08" ObjLetztKontakt="2005-06-08" ObjStrasseID="7076" ObjHausnummer="Kahlendamm 6" ObjVorlage="2013-09-11 00:00:00.0" ObKeinKontakt="1" ObjArtID="8" Merkmal="0.0"/>
  <Objekte ObjID="17410" ObjAufnahme="2005-06-09" ObjLetztKontakt="2005-06-09" ObjStrasseID="7153" ObjHausnummer="Kirchröder Straße 6" ObjVorlage="2013-09-11 00:00:00.0" ObKeinKontakt="1" ObjArtID="170" Merkmal="0.0"/>
  <Objekte ObjID="17411" ObjAufnahme="2005-06-09" ObjLetztKontakt="2005-06-09" ObjStrasseID="8619" ObjHausnummer="Wietzegraben 72" ObjVorlage="2013-09-11 00:00:00.0" ObKeinKontakt="1" ObjArtID="263" Merkmal="0.0"/>
  <Objekte ObjID="17412" ObjAufnahme="2005-06-09" ObjLetztKontakt="2005-06-09" ObjStrasseID="8619" ObjHausnummer="Wietzegraben 13" ObjVorlage="2013-09-11 00:00:00.0" ObKeinKontakt="1" ObjArtID="263" Merkmal="0.0"/>
  <Objekte ObjID="17413" ObjAufnahme="2005-06-10" ObjLetztKontakt="2005-06-10" ObjStrasseID="7669" ObjHausnummer="Oehlkersweg 2" ObjVorlage="2013-09-11 00:00:00.0" ObKeinKontakt="1" ObjArtID="240" Merkmal="0.0"/>
  <Objekte ObjID="17414" ObjAufnahme="2005-06-10" ObjLetztKontakt="2005-06-10" ObjStrasseID="7669" ObjHausnummer="Oehlkersweg 2" ObjVorlage="2013-09-11 00:00:00.0" ObKeinKontakt="1" ObjArtID="239" Merkmal="0.0"/>
  <Objekte ObjID="17415" ObjAufnahme="2005-06-13" ObjLetztKontakt="2005-06-13" ObjStrasseID="8619" ObjHausnummer="Wietzegraben 74" ObjVorlage="2013-09-11 00:00:00.0" ObKeinKontakt="1" ObjArtID="263" Merkmal="0.0"/>
  <Objekte ObjID="17416" ObjAufnahme="2005-06-13" ObjLetztKontakt="2005-06-13" ObjStrasseID="2934" ObjHausnummer="Am Ortfelde 22E" ObjVorlage="2013-09-11 00:00:00.0" ObKeinKontakt="1" ObjArtID="24" Merkmal="0.0"/>
  <Objekte ObjID="17417" ObjAufnahme="2005-06-14" ObjLetztKontakt="2005-06-14" ObjStrasseID="6828" ObjHausnummer="Helstorfer Straße 27" ObjVorlage="2013-09-11 00:00:00.0" ObKeinKontakt="1" ObjArtID="238" Merkmal="0.0"/>
  <Objekte ObjID="17418" ObjAufnahme="2005-06-14" ObjLetztKontakt="2005-06-14" ObjStrasseID="6696" ObjHausnummer="Hagenbleckstraße 41" ObjVorlage="2013-09-11 00:00:00.0" ObKeinKontakt="1" ObjArtID="98" Merkmal="0.0"/>
  <Objekte ObjID="17419" ObjAufnahme="2005-06-15" ObjLetztKontakt="2005-06-15" ObjStrasseID="7513" ObjHausnummer="Meitnerstraße 2" ObjVorlage="2013-09-11 00:00:00.0" ObKeinKontakt="1" ObjArtID="201" Merkmal="0.0"/>
  <Objekte ObjID="17420" ObjAufnahme="2005-06-15" ObjLetztKontakt="2005-06-15" ObjStrasseID="8302" ObjHausnummer="Stollenweg 13" ObjVorlage="2013-09-11 00:00:00.0" ObKeinKontakt="1" ObjArtID="53" Merkmal="0.0"/>
  <Objekte ObjID="17421" ObjAufnahme="2005-06-15" ObjLetztKontakt="2005-06-15" ObjStrasseID="8675" ObjHausnummer="Wolfenbütteler Straße 38" ObjVorlage="2013-09-11 00:00:00.0" ObKeinKontakt="1" ObjArtID="201" Merkmal="0.0"/>
  <Objekte ObjID="17422" ObjAufnahme="2005-06-15" ObjLetztKontakt="2005-06-15" ObjStrasseID="6810" ObjHausnummer="Heinrich-Stamme-Straße 6" ObjVorlage="2013-09-11 00:00:00.0" ObKeinKontakt="1" ObjArtID="173" Merkmal="0.0"/>
  <Objekte ObjID="17423" ObjAufnahme="2005-06-15" ObjLetztKontakt="2005-06-15" ObjStrasseID="12637" ObjHausnummer="Bachstraße 23" ObjVorlage="2013-09-11 00:00:00.0" ObKeinKontakt="1" ObjArtID="176" Merkmal="0.0"/>
  <Objekte ObjID="17424" ObjAufnahme="2005-06-16" ObjLetztKontakt="2005-06-16" ObjStrasseID="7513" ObjHausnummer="Meitnerstraße 8" ObjVorlage="2013-09-11 00:00:00.0" ObKeinKontakt="1" ObjArtID="168" Merkmal="0.0"/>
  <Objekte ObjID="17425" ObjAufnahme="2005-06-16" ObjLetztKontakt="2005-06-16" ObjStrasseID="8267" ObjHausnummer="Steimbker Hof 9" ObjVorlage="2013-09-11 00:00:00.0" ObKeinKontakt="1" ObjArtID="160" Merkmal="0.0"/>
  <Objekte ObjID="17426" ObjAufnahme="2005-06-17" ObjLetztKontakt="2005-06-17" ObjStrasseID="8506" ObjHausnummer="Waldhausenstraße 30" ObjVorlage="2013-09-11 00:00:00.0" ObKeinKontakt="1" ObjArtID="18" Merkmal="0.0"/>
  <Objekte ObjID="17427" ObjAufnahme="2005-06-21" ObjLetztKontakt="2005-06-21" ObjStrasseID="7390" ObjHausnummer="Lindemannallee 15" ObjVorlage="2013-09-11 00:00:00.0" ObKeinKontakt="1" ObjArtID="96" Merkmal="0.0"/>
  <Objekte ObjID="17428" ObjAufnahme="2005-06-21" ObjLetztKontakt="2005-06-21" ObjStrasseID="7802" ObjHausnummer="Podbielskistraße 55" ObjVorlage="2013-09-11 00:00:00.0" ObKeinKontakt="1" ObjArtID="119" Merkmal="0.0"/>
  <Objekte ObjID="17429" ObjAufnahme="2005-06-22" ObjLetztKontakt="2005-06-22" ObjStrasseID="6490" ObjHausnummer="Friesenstraße 46" ObjVorlage="2013-09-11 00:00:00.0" ObKeinKontakt="1" ObjArtID="195" Merkmal="0.0"/>
  <Objekte ObjID="17430" ObjAufnahme="2005-06-23" ObjLetztKontakt="2005-06-23" ObjStrasseID="8023" ObjHausnummer="Sallstraße 37" ObjVorlage="2013-09-11 00:00:00.0" ObKeinKontakt="1" ObjArtID="56" Merkmal="0.0"/>
  <Objekte ObjID="17431" ObjAufnahme="2005-06-23" ObjLetztKontakt="2005-06-23" ObjStrasseID="6844" ObjHausnummer="Herforder Straße 20" ObjVorlage="2013-09-11 00:00:00.0" ObKeinKontakt="1" ObjArtID="166" Merkmal="0.0"/>
  <Objekte ObjID="17432" ObjAufnahme="2005-06-23" ObjLetztKontakt="2005-06-23" ObjStrasseID="13704" ObjHausnummer="Holunderweg 11" ObjVorlage="2013-09-11 00:00:00.0" ObKeinKontakt="1" ObjArtID="176" Merkmal="0.0"/>
  <Objekte ObjID="17433" ObjAufnahme="2005-06-23" ObjLetztKontakt="2005-06-23" ObjStrasseID="13705" ObjHausnummer="Sandbirkenwende 4B" ObjVorlage="2013-09-11 00:00:00.0" ObKeinKontakt="1" ObjArtID="21" Merkmal="0.0"/>
  <Objekte ObjID="17434" ObjAufnahme="2005-06-23" ObjLetztKontakt="2005-06-23" ObjStrasseID="6811" ObjHausnummer="Heinrichstraße 16" ObjVorlage="2013-09-11 00:00:00.0" ObKeinKontakt="1" ObjArtID="54" Merkmal="0.0"/>
  <Objekte ObjID="17435" ObjAufnahme="2005-06-27" ObjLetztKontakt="2005-06-27" ObjStrasseID="7613" ObjHausnummer="Nelkenweg 7" ObjVorlage="2013-09-11 00:00:00.0" ObKeinKontakt="1" ObjArtID="176" Merkmal="0.0"/>
  <Objekte ObjID="17436" ObjAufnahme="2005-06-27" ObjLetztKontakt="2005-06-27" ObjStrasseID="8059" ObjHausnummer="Scheffelstraße 2" ObjVorlage="2013-09-11 00:00:00.0" ObKeinKontakt="1" ObjArtID="119" Merkmal="0.0"/>
  <Objekte ObjID="17437" ObjAufnahme="2005-06-28" ObjLetztKontakt="2005-06-28" ObjStrasseID="13455" ObjHausnummer="Dohlenweg 8A" ObjVorlage="2013-09-11 00:00:00.0" ObKeinKontakt="1" ObjArtID="24" Merkmal="0.0"/>
  <Objekte ObjID="17438" ObjAufnahme="2005-06-29" ObjLetztKontakt="2005-06-29" ObjStrasseID="4052" ObjHausnummer="Königsberger Straße 43" ObjVorlage="2013-09-11 00:00:00.0" ObKeinKontakt="1" ObjArtID="98" Merkmal="0.0"/>
  <Objekte ObjID="17439" ObjAufnahme="2005-06-29" ObjLetztKontakt="2005-06-29" ObjStrasseID="6455" ObjHausnummer="Fraunhoferstraße 1" ObjVorlage="2013-09-11 00:00:00.0" ObKeinKontakt="1" ObjArtID="186" Merkmal="0.0"/>
  <Objekte ObjID="17440" ObjAufnahme="2005-06-29" ObjLetztKontakt="2005-06-29" ObjStrasseID="8394" ObjHausnummer="Tollenbrink 14" ObjVorlage="2013-09-11 00:00:00.0" ObKeinKontakt="1" ObjArtID="254" Merkmal="0.0"/>
  <Objekte ObjID="17441" ObjAufnahme="2005-06-29" ObjLetztKontakt="2005-06-29" ObjStrasseID="456" ObjHausnummer="Abelmannstraße 13" ObjVorlage="2013-09-11 00:00:00.0" ObKeinKontakt="1" ObjArtID="1" Merkmal="0.0"/>
  <Objekte ObjID="17442" ObjAufnahme="2005-06-30" ObjLetztKontakt="2005-06-30" ObjStrasseID="6404" ObjHausnummer="Ferdinand-Wallbrecht-Straße 12" ObjVorlage="2013-09-11 00:00:00.0" ObKeinKontakt="1" ObjArtID="168" Merkmal="0.0"/>
  <Objekte ObjID="17443" ObjAufnahme="2005-06-30" ObjLetztKontakt="2005-06-30" ObjStrasseID="5576" ObjHausnummer="Alte Döhrener Straße 31" ObjVorlage="2013-09-11 00:00:00.0" ObKeinKontakt="1" ObjArtID="201" Merkmal="0.0"/>
  <Objekte ObjID="17444" ObjAufnahme="2005-07-01" ObjLetztKontakt="2005-07-01" ObjStrasseID="5848" ObjHausnummer="Aufhäuserstraße 77" ObjVorlage="2013-09-11 00:00:00.0" ObKeinKontakt="1" ObjArtID="176" Merkmal="0.0"/>
  <Objekte ObjID="17445" ObjAufnahme="2005-07-01" ObjLetztKontakt="2005-07-01" ObjStrasseID="4069" ObjHausnummer="Kramerstraße 5" ObjVorlage="2013-09-11 00:00:00.0" ObKeinKontakt="1" ObjArtID="160" Merkmal="0.0"/>
  <Objekte ObjID="17446" ObjAufnahme="2005-07-04" ObjLetztKontakt="2005-07-04" ObjStrasseID="10913" ObjHausnummer="Prinz-Albrecht-Ring 13" ObjVorlage="2013-09-11 00:00:00.0" ObKeinKontakt="1" ObjArtID="208" Merkmal="0.0"/>
  <Objekte ObjID="17447" ObjAufnahme="2005-07-04" ObjLetztKontakt="2005-07-04" ObjStrasseID="6712" ObjHausnummer="Haltenhoffstraße 18" ObjVorlage="2013-09-11 00:00:00.0" ObKeinKontakt="1" ObjArtID="55" Merkmal="0.0"/>
  <Objekte ObjID="17448" ObjAufnahme="2005-07-06" ObjLetztKontakt="2005-07-06" ObjStrasseID="13714" ObjHausnummer="Schlüsselblumenweg 4H" ObjVorlage="2013-09-11 00:00:00.0" ObKeinKontakt="1" ObjArtID="22" Merkmal="0.0"/>
  <Objekte ObjID="17449" ObjAufnahme="2005-07-06" ObjLetztKontakt="2005-07-06" ObjStrasseID="8675" ObjHausnummer="Wolfenbütteler Straße 38" ObjVorlage="2013-09-11 00:00:00.0" ObKeinKontakt="1" ObjArtID="169" Merkmal="0.0"/>
  <Objekte ObjID="17450" ObjAufnahme="2005-07-08" ObjLetztKontakt="2005-07-08" ObjStrasseID="13269" ObjHausnummer="Bert-Brecht-Weg 9" ObjVorlage="2013-09-11 00:00:00.0" ObKeinKontakt="1" ObjArtID="176" Merkmal="0.0"/>
  <Objekte ObjID="17451" ObjAufnahme="2005-07-11" ObjLetztKontakt="2005-07-11" ObjStrasseID="6443" ObjHausnummer="Fössestraße 97" ObjVorlage="2013-09-11 00:00:00.0" ObKeinKontakt="1" ObjArtID="76" Merkmal="0.0"/>
  <Objekte ObjID="17452" ObjAufnahme="2005-07-12" ObjLetztKontakt="2005-07-12" ObjStrasseID="7367" ObjHausnummer="Leunisweg 11" ObjVorlage="2013-09-11 00:00:00.0" ObKeinKontakt="1" ObjArtID="223" Merkmal="0.0"/>
  <Objekte ObjID="17453" ObjAufnahme="2005-07-13" ObjLetztKontakt="2005-07-13" ObjStrasseID="8153" ObjHausnummer="Seelhorststraße 51" ObjVorlage="2013-09-11 00:00:00.0" ObKeinKontakt="1" ObjArtID="118" Merkmal="0.0"/>
  <Objekte ObjID="17454" ObjAufnahme="2005-07-13" ObjLetztKontakt="2005-07-13" ObjStrasseID="6352" ObjHausnummer="Engelsburg 2" ObjVorlage="2013-09-11 00:00:00.0" ObKeinKontakt="1" ObjArtID="118" Merkmal="0.0"/>
  <Objekte ObjID="17455" ObjAufnahme="2005-07-15" ObjLetztKontakt="2005-07-15" ObjStrasseID="13416" ObjHausnummer="Irisweg 55" ObjVorlage="2013-09-11 00:00:00.0" ObKeinKontakt="1" ObjArtID="8" Merkmal="0.0"/>
  <Objekte ObjID="17456" ObjAufnahme="2005-07-18" ObjLetztKontakt="2005-07-18" ObjStrasseID="11948" ObjHausnummer="Planetenstraße 22A" ObjVorlage="2013-09-11 00:00:00.0" ObKeinKontakt="1" ObjArtID="176" Merkmal="0.0"/>
  <Objekte ObjID="17457" ObjAufnahme="2005-07-19" ObjLetztKontakt="2005-07-19" ObjStrasseID="2836" ObjHausnummer="Alemannstraße 15" ObjVorlage="2013-09-11 00:00:00.0" ObKeinKontakt="1" ObjArtID="201" Merkmal="0.0"/>
  <Objekte ObjID="17458" ObjAufnahme="2005-07-19" ObjLetztKontakt="2005-07-19" ObjStrasseID="8389" ObjHausnummer="Tintengraben 4" ObjVorlage="2013-09-11 00:00:00.0" ObKeinKontakt="1" ObjArtID="167" Merkmal="0.0"/>
  <Objekte ObjID="17459" ObjAufnahme="2005-07-19" ObjLetztKontakt="2005-07-19" ObjStrasseID="8175" ObjHausnummer="Seydlitzstraße 31" ObjVorlage="2013-09-11 00:00:00.0" ObKeinKontakt="1" ObjArtID="201" Merkmal="0.0"/>
  <Objekte ObjID="17460" ObjAufnahme="2005-07-19" ObjLetztKontakt="2005-07-19" ObjStrasseID="6818" ObjHausnummer="Heisenstraße 19" ObjVorlage="2013-09-11 00:00:00.0" ObKeinKontakt="1" ObjArtID="208" Merkmal="0.0"/>
  <Objekte ObjID="17461" ObjAufnahme="2005-07-20" ObjLetztKontakt="2005-07-20" ObjStrasseID="8220" ObjHausnummer="Spannhagengarten 8" ObjVorlage="2013-09-11 00:00:00.0" ObKeinKontakt="1" ObjArtID="142" Merkmal="0.0"/>
  <Objekte ObjID="17462" ObjAufnahme="2005-07-21" ObjLetztKontakt="2005-07-21" ObjStrasseID="13746" ObjHausnummer="Eichendorffstraße 5" ObjVorlage="2013-09-11 00:00:00.0" ObKeinKontakt="1" ObjArtID="20" Merkmal="0.0"/>
  <Objekte ObjID="17463" ObjAufnahme="2005-07-21" ObjLetztKontakt="2005-07-21" ObjStrasseID="7907" ObjHausnummer="Ritter-Brüning-Straße 20" ObjVorlage="2013-09-11 00:00:00.0" ObKeinKontakt="1" ObjArtID="237" Merkmal="0.0"/>
  <Objekte ObjID="17464" ObjAufnahme="2005-07-21" ObjLetztKontakt="2005-07-21" ObjStrasseID="7804" ObjHausnummer="Poggendiek 43C" ObjVorlage="2013-09-11 00:00:00.0" ObKeinKontakt="1" ObjArtID="176" Merkmal="0.0"/>
  <Objekte ObjID="17465" ObjAufnahme="2005-07-21" ObjLetztKontakt="2005-07-21" ObjStrasseID="8320" ObjHausnummer="Stuckestraße 31" ObjVorlage="2013-09-11 00:00:00.0" ObKeinKontakt="1" ObjArtID="75" Merkmal="0.0"/>
  <Objekte ObjID="17466" ObjAufnahme="2005-07-22" ObjLetztKontakt="2005-07-22" ObjStrasseID="7807" ObjHausnummer="Porscheweg 18" ObjVorlage="2013-09-11 00:00:00.0" ObKeinKontakt="1" ObjArtID="138" Merkmal="0.0"/>
  <Objekte ObjID="17467" ObjAufnahme="2005-07-22" ObjLetztKontakt="2005-07-22" ObjStrasseID="6285" ObjHausnummer="Eberswalder Straße 2" ObjVorlage="2013-09-11 00:00:00.0" ObKeinKontakt="1" ObjArtID="194" Merkmal="0.0"/>
  <Objekte ObjID="17468" ObjAufnahme="2005-07-25" ObjLetztKontakt="2005-07-25" ObjStrasseID="3518" ObjHausnummer="Fuhlsbütteler Weg 13" ObjVorlage="2013-09-11 00:00:00.0" ObKeinKontakt="1" ObjArtID="118" Merkmal="0.0"/>
  <Objekte ObjID="17469" ObjAufnahme="2005-07-26" ObjLetztKontakt="2005-07-26" ObjStrasseID="7039" ObjHausnummer="Isernhagener Straße 46" ObjVorlage="2013-09-11 00:00:00.0" ObKeinKontakt="1" ObjArtID="258" Merkmal="0.0"/>
  <Objekte ObjID="17470" ObjAufnahme="2005-07-27" ObjLetztKontakt="2005-07-27" ObjStrasseID="7960" ObjHausnummer="Rotekreuzstraße 11" ObjVorlage="2013-09-11 00:00:00.0" ObKeinKontakt="1" ObjArtID="159" Merkmal="0.0"/>
  <Objekte ObjID="17471" ObjAufnahme="2005-07-27" ObjLetztKontakt="2005-07-27" ObjStrasseID="8690" ObjHausnummer="Wülferoder Straße 66" ObjVorlage="2013-09-11 00:00:00.0" ObKeinKontakt="1" ObjArtID="176" Merkmal="0.0"/>
  <Objekte ObjID="17472" ObjAufnahme="2005-07-28" ObjLetztKontakt="2005-07-28" ObjStrasseID="7771" ObjHausnummer="Pfarrlandplatz 10" ObjVorlage="2013-09-11 00:00:00.0" ObKeinKontakt="1" ObjArtID="168" Merkmal="0.0"/>
  <Objekte ObjID="17473" ObjAufnahme="2005-07-28" ObjLetztKontakt="2005-07-28" ObjStrasseID="8431" ObjHausnummer="Uhlemeyerstraße 3" ObjVorlage="2013-09-11 00:00:00.0" ObKeinKontakt="1" ObjArtID="201" Merkmal="0.0"/>
  <Objekte ObjID="17474" ObjAufnahme="2005-07-29" ObjLetztKontakt="2005-07-29" ObjStrasseID="13780" ObjHausnummer="Jeinser Weg 6" ObjVorlage="2013-09-11 00:00:00.0" ObKeinKontakt="1" ObjArtID="8" Merkmal="0.0"/>
  <Objekte ObjID="17475" ObjAufnahme="2005-08-05" ObjLetztKontakt="2005-08-05" ObjStrasseID="6636" ObjHausnummer="Gretchenstraße 13A" ObjVorlage="2013-09-11 00:00:00.0" ObKeinKontakt="1" ObjArtID="169" Merkmal="0.0"/>
  <Objekte ObjID="17476" ObjAufnahme="2005-08-05" ObjLetztKontakt="2005-08-05" ObjStrasseID="5668" ObjHausnummer="Am Kleinen Teich 4" ObjVorlage="2013-09-11 00:00:00.0" ObKeinKontakt="1" ObjArtID="173" Merkmal="0.0"/>
  <Objekte ObjID="17477" ObjAufnahme="2005-08-09" ObjLetztKontakt="2005-08-09" ObjStrasseID="13794" ObjHausnummer="Paula-Königheim-Straße 31" ObjVorlage="2013-09-11 00:00:00.0" ObKeinKontakt="1" ObjArtID="22" Merkmal="0.0"/>
  <Objekte ObjID="17478" ObjAufnahme="2005-08-12" ObjLetztKontakt="2005-08-12" ObjStrasseID="8712" ObjHausnummer="Zietenstraße 2A" ObjVorlage="2013-09-11 00:00:00.0" ObKeinKontakt="1" ObjArtID="95" Merkmal="0.0"/>
  <Objekte ObjID="17479" ObjAufnahme="2005-08-12" ObjLetztKontakt="2005-08-12" ObjStrasseID="8712" ObjHausnummer="Zietenstraße 2A" ObjVorlage="2013-09-11 00:00:00.0" ObKeinKontakt="1" ObjArtID="165" Merkmal="0.0"/>
  <Objekte ObjID="17480" ObjAufnahme="2005-08-15" ObjLetztKontakt="2005-08-15" ObjStrasseID="10602" ObjHausnummer="Nils-Holgersson-Ring 12" ObjVorlage="2013-09-11 00:00:00.0" ObKeinKontakt="1" ObjArtID="176" Merkmal="0.0"/>
  <Objekte ObjID="17481" ObjAufnahme="2005-08-16" ObjLetztKontakt="2005-08-16" ObjStrasseID="10021" ObjHausnummer="Ackerstraße 32" ObjVorlage="2013-09-11 00:00:00.0" ObKeinKontakt="1" ObjArtID="8" Merkmal="0.0"/>
  <Objekte ObjID="17482" ObjAufnahme="2005-08-16" ObjLetztKontakt="2005-08-16" ObjStrasseID="6116" ObjHausnummer="Bürgermeister-Stümpel-Weg 10" ObjVorlage="2013-09-11 00:00:00.0" ObKeinKontakt="1" ObjArtID="8" Merkmal="0.0"/>
  <Objekte ObjID="17483" ObjAufnahme="2005-08-22" ObjLetztKontakt="2005-08-22" ObjStrasseID="12742" ObjHausnummer="Willy-Brandt-Ring 28" ObjVorlage="2013-09-11 00:00:00.0" ObKeinKontakt="1" ObjArtID="8" Merkmal="0.0"/>
  <Objekte ObjID="17484" ObjAufnahme="2005-08-23" ObjLetztKontakt="2005-08-23" ObjStrasseID="13827" ObjHausnummer="Pirolweg 8A" ObjVorlage="2013-09-11 00:00:00.0" ObKeinKontakt="1" ObjArtID="10" Merkmal="0.0"/>
  <Objekte ObjID="17485" ObjAufnahme="2005-08-24" ObjLetztKontakt="2005-08-24" ObjStrasseID="7040" ObjHausnummer="Isernhagener Straße 93" ObjVorlage="2013-09-11 00:00:00.0" ObKeinKontakt="1" ObjArtID="159" Merkmal="0.0"/>
  <Objekte ObjID="17486" ObjAufnahme="2005-08-24" ObjLetztKontakt="2005-08-24" ObjStrasseID="5824" ObjHausnummer="Asternstraße 23" ObjVorlage="2013-09-11 00:00:00.0" ObKeinKontakt="1" ObjArtID="219" Merkmal="0.0"/>
  <Objekte ObjID="17487" ObjAufnahme="2005-08-24" ObjLetztKontakt="2005-08-24" ObjStrasseID="6585" ObjHausnummer="Godehardistraße 12" ObjVorlage="2013-09-11 00:00:00.0" ObKeinKontakt="1" ObjArtID="167" Merkmal="0.0"/>
  <Objekte ObjID="17488" ObjAufnahme="2005-08-24" ObjLetztKontakt="2005-08-24" ObjStrasseID="8135" ObjHausnummer="Schwarze Heide 26" ObjVorlage="2013-09-11 00:00:00.0" ObKeinKontakt="1" ObjArtID="176" Merkmal="0.0"/>
  <Objekte ObjID="17489" ObjAufnahme="2005-08-25" ObjLetztKontakt="2005-08-25" ObjStrasseID="5830" ObjHausnummer="Auf dem Emmerberge 16" ObjVorlage="2013-09-11 00:00:00.0" ObKeinKontakt="1" ObjArtID="167" Merkmal="0.0"/>
  <Objekte ObjID="17490" ObjAufnahme="2005-08-26" ObjLetztKontakt="2005-08-26" ObjStrasseID="8916" ObjHausnummer="Am Schafbrinke 11" ObjVorlage="2013-09-11 00:00:00.0" ObKeinKontakt="1" ObjArtID="200" Merkmal="0.0"/>
  <Objekte ObjID="17491" ObjAufnahme="2005-08-26" ObjLetztKontakt="2005-08-26" ObjStrasseID="10837" ObjHausnummer="Pestalozzistraße 22" ObjVorlage="2013-09-11 00:00:00.0" ObKeinKontakt="1" ObjArtID="179" Merkmal="0.0"/>
  <Objekte ObjID="17492" ObjAufnahme="2005-08-29" ObjLetztKontakt="2005-08-29" ObjStrasseID="9603" ObjHausnummer="Wasseler Weg 28" ObjVorlage="2013-09-11 00:00:00.0" ObKeinKontakt="1" ObjArtID="24" Merkmal="0.0"/>
  <Objekte ObjID="17493" ObjAufnahme="2005-08-29" ObjLetztKontakt="2005-08-29" ObjStrasseID="13841" ObjHausnummer="Hamburger Chaussee 25" ObjVorlage="2013-09-11 00:00:00.0" ObKeinKontakt="1" ObjArtID="11" Merkmal="0.0"/>
  <Objekte ObjID="17494" ObjAufnahme="2005-08-30" ObjLetztKontakt="2005-08-30" ObjStrasseID="9505" ObjHausnummer="Frida-Nadig-Straße 4E" ObjVorlage="2013-09-11 00:00:00.0" ObKeinKontakt="1" ObjArtID="22" Merkmal="0.0"/>
  <Objekte ObjID="17495" ObjAufnahme="2005-08-30" ObjLetztKontakt="2005-08-30" ObjStrasseID="7438" ObjHausnummer="Ludwig-Jahn-Straße 12" ObjVorlage="2013-09-11 00:00:00.0" ObKeinKontakt="1" ObjArtID="56" Merkmal="0.0"/>
  <Objekte ObjID="17496" ObjAufnahme="2005-08-31" ObjLetztKontakt="2005-08-31" ObjStrasseID="13844" ObjHausnummer="Am Sülterberg 23" ObjVorlage="2013-09-11 00:00:00.0" ObKeinKontakt="1" ObjArtID="20" Merkmal="0.0"/>
  <Objekte ObjID="17497" ObjAufnahme="2005-08-31" ObjLetztKontakt="2005-08-31" ObjStrasseID="6875" ObjHausnummer="Hildesheimer Straße 234" ObjVorlage="2013-09-11 00:00:00.0" ObKeinKontakt="1" ObjArtID="1" Merkmal="0.0"/>
  <Objekte ObjID="17498" ObjAufnahme="2005-09-01" ObjLetztKontakt="2005-09-01" ObjStrasseID="7073" ObjHausnummer="Jütlandstraße 9" ObjVorlage="2013-09-11 00:00:00.0" ObKeinKontakt="1" ObjArtID="54" Merkmal="0.0"/>
  <Objekte ObjID="17499" ObjAufnahme="2005-09-02" ObjLetztKontakt="2005-09-02" ObjStrasseID="7630" ObjHausnummer="Neustädter Straße 4" ObjVorlage="2013-09-11 00:00:00.0" ObKeinKontakt="1" ObjArtID="118" Merkmal="0.0"/>
  <Objekte ObjID="17500" ObjAufnahme="2005-09-02" ObjLetztKontakt="2005-09-02" ObjStrasseID="10216" ObjHausnummer="Gladiolenstraße 12" ObjVorlage="2013-09-11 00:00:00.0" ObKeinKontakt="1" ObjArtID="201" Merkmal="0.0"/>
  <Objekte ObjID="17501" ObjAufnahme="2005-09-05" ObjLetztKontakt="2005-09-05" ObjStrasseID="7336" ObjHausnummer="Leiblstraße 16" ObjVorlage="2013-09-11 00:00:00.0" ObKeinKontakt="1" ObjArtID="223" Merkmal="0.0"/>
  <Objekte ObjID="17502" ObjAufnahme="2005-09-07" ObjLetztKontakt="2005-09-07" ObjStrasseID="6458" ObjHausnummer="Freidingstraße 13" ObjVorlage="2013-09-11 00:00:00.0" ObKeinKontakt="1" ObjArtID="13" Merkmal="0.0"/>
  <Objekte ObjID="17503" ObjAufnahme="2005-09-08" ObjLetztKontakt="2005-09-08" ObjStrasseID="10867" ObjHausnummer="Sohlweg 30" ObjVorlage="2013-09-11 00:00:00.0" ObKeinKontakt="1" ObjArtID="8" Merkmal="0.0"/>
  <Objekte ObjID="17504" ObjAufnahme="2005-09-12" ObjLetztKontakt="2005-09-12" ObjStrasseID="3583" ObjHausnummer="Göttinger Landstraße 28" ObjVorlage="2013-09-11 00:00:00.0" ObKeinKontakt="1" ObjArtID="233" Merkmal="0.0"/>
  <Objekte ObjID="17505" ObjAufnahme="2005-09-13" ObjLetztKontakt="2005-09-13" ObjStrasseID="6294" ObjHausnummer="Edenstraße 44" ObjVorlage="2013-09-11 00:00:00.0" ObKeinKontakt="1" ObjArtID="5" Merkmal="0.0"/>
  <Objekte ObjID="17506" ObjAufnahme="2005-09-15" ObjLetztKontakt="2005-09-15" ObjStrasseID="13862" ObjHausnummer="Platanenweg 1" ObjVorlage="2013-09-11 00:00:00.0" ObKeinKontakt="1" ObjArtID="23" Merkmal="0.0"/>
  <Objekte ObjID="17507" ObjAufnahme="2005-09-16" ObjLetztKontakt="2005-09-16" ObjStrasseID="10790" ObjHausnummer="Asternweg 12" ObjVorlage="2013-09-11 00:00:00.0" ObKeinKontakt="1" ObjArtID="176" Merkmal="0.0"/>
  <Objekte ObjID="17508" ObjAufnahme="2005-09-20" ObjLetztKontakt="2005-09-20" ObjStrasseID="8486" ObjHausnummer="Von-Alten-Allee 17" ObjVorlage="2013-09-11 00:00:00.0" ObKeinKontakt="1" ObjArtID="96" Merkmal="0.0"/>
  <Objekte ObjID="17509" ObjAufnahme="2005-09-20" ObjLetztKontakt="2005-09-20" ObjStrasseID="7967" ObjHausnummer="Rotkäppchenweg 30" ObjVorlage="2013-09-11 00:00:00.0" ObKeinKontakt="1" ObjArtID="8" Merkmal="0.0"/>
  <Objekte ObjID="17510" ObjAufnahme="2005-09-21" ObjLetztKontakt="2005-09-21" ObjStrasseID="7973" ObjHausnummer="Rückertstraße 16" ObjVorlage="2013-09-11 00:00:00.0" ObKeinKontakt="1" ObjArtID="118" Merkmal="0.0"/>
  <Objekte ObjID="17511" ObjAufnahme="2005-09-21" ObjLetztKontakt="2005-09-21" ObjStrasseID="13886" ObjHausnummer="Stettiner Straße 61" ObjVorlage="2013-09-11 00:00:00.0" ObKeinKontakt="1" ObjArtID="23" Merkmal="0.0"/>
  <Objekte ObjID="17513" ObjAufnahme="2005-09-26" ObjLetztKontakt="2005-09-26" ObjStrasseID="7903" ObjHausnummer="Rintelner Straße 19" ObjVorlage="2013-09-11 00:00:00.0" ObKeinKontakt="1" ObjArtID="217" Merkmal="0.0"/>
  <Objekte ObjID="17514" ObjAufnahme="2005-09-27" ObjLetztKontakt="2005-09-27" ObjStrasseID="11554" ObjHausnummer="Wirringer Garten 10" ObjVorlage="2013-09-11 00:00:00.0" ObKeinKontakt="1" ObjArtID="167" Merkmal="0.0"/>
  <Objekte ObjID="17515" ObjAufnahme="2005-09-27" ObjLetztKontakt="2005-09-27" ObjStrasseID="5201" ObjHausnummer="Lortzingweg 12" ObjVorlage="2013-09-11 00:00:00.0" ObKeinKontakt="1" ObjArtID="173" Merkmal="0.0"/>
  <Objekte ObjID="17516" ObjAufnahme="2005-09-27" ObjLetztKontakt="2005-09-27" ObjStrasseID="8359" ObjHausnummer="Theodor-Heuss-Ring 24" ObjVorlage="2013-09-11 00:00:00.0" ObKeinKontakt="1" ObjArtID="55" Merkmal="0.0"/>
  <Objekte ObjID="17517" ObjAufnahme="2005-09-28" ObjLetztKontakt="2005-09-28" ObjStrasseID="5928" ObjHausnummer="Berliner Straße 5" ObjVorlage="2013-09-11 00:00:00.0" ObKeinKontakt="1" ObjArtID="197" Merkmal="0.0"/>
  <Objekte ObjID="17518" ObjAufnahme="2005-09-30" ObjLetztKontakt="2005-09-30" ObjStrasseID="13913" ObjHausnummer="Im Wiesenhof 10A" ObjVorlage="2013-09-11 00:00:00.0" ObKeinKontakt="1" ObjArtID="8" Merkmal="0.0"/>
  <Objekte ObjID="17519" ObjAufnahme="2005-10-04" ObjLetztKontakt="2005-10-04" ObjStrasseID="6833" ObjHausnummer="Henckellweg 15" ObjVorlage="2013-09-11 00:00:00.0" ObKeinKontakt="1" ObjArtID="173" Merkmal="0.0"/>
  <Objekte ObjID="17520" ObjAufnahme="2005-10-05" ObjLetztKontakt="2005-10-05" ObjStrasseID="7663" ObjHausnummer="Oberstraße 12B" ObjVorlage="2013-09-11 00:00:00.0" ObKeinKontakt="1" ObjArtID="119" Merkmal="0.0"/>
  <Objekte ObjID="17521" ObjAufnahme="2005-10-10" ObjLetztKontakt="2005-10-10" ObjStrasseID="6979" ObjHausnummer="Im Heidkampe 21" ObjVorlage="2013-09-11 00:00:00.0" ObKeinKontakt="1" ObjArtID="173" Merkmal="0.0"/>
  <Objekte ObjID="17522" ObjAufnahme="2005-10-10" ObjLetztKontakt="2005-10-10" ObjStrasseID="7326" ObjHausnummer="Lavesstraße 76" ObjVorlage="2013-09-11 00:00:00.0" ObKeinKontakt="1" ObjArtID="25" Merkmal="0.0"/>
  <Objekte ObjID="17523" ObjAufnahme="2005-10-11" ObjLetztKontakt="2005-10-11" ObjStrasseID="5671" ObjHausnummer="Am Landwehrgraben 8" ObjVorlage="2013-09-11 00:00:00.0" ObKeinKontakt="1" ObjArtID="159" Merkmal="0.0"/>
  <Objekte ObjID="17524" ObjAufnahme="2005-10-11" ObjLetztKontakt="2005-10-11" ObjStrasseID="11737" ObjHausnummer="Hinter dem Dorfe 17" ObjVorlage="2013-09-11 00:00:00.0" ObKeinKontakt="1" ObjArtID="54" Merkmal="0.0"/>
  <Objekte ObjID="17525" ObjAufnahme="2005-10-11" ObjLetztKontakt="2005-10-11" ObjStrasseID="8637" ObjHausnummer="Wilhelmstraße 21" ObjVorlage="2013-09-11 00:00:00.0" ObKeinKontakt="1" ObjArtID="179" Merkmal="0.0"/>
  <Objekte ObjID="17526" ObjAufnahme="2005-10-12" ObjLetztKontakt="2005-10-12" ObjStrasseID="6204" ObjHausnummer="Deisterstraße 46" ObjVorlage="2013-09-11 00:00:00.0" ObKeinKontakt="1" ObjArtID="195" Merkmal="0.0"/>
  <Objekte ObjID="17527" ObjAufnahme="2005-10-12" ObjLetztKontakt="2005-10-12" ObjStrasseID="11147" ObjHausnummer="Im Langen Feld 34" ObjVorlage="2013-09-11 00:00:00.0" ObKeinKontakt="1" ObjArtID="118" Merkmal="0.0"/>
  <Objekte ObjID="17528" ObjAufnahme="2005-10-12" ObjLetztKontakt="2005-10-12" ObjStrasseID="13712" ObjHausnummer="Riepenstraße 62" ObjVorlage="2013-09-11 00:00:00.0" ObKeinKontakt="1" ObjArtID="176" Merkmal="0.0"/>
  <Objekte ObjID="17529" ObjAufnahme="2005-10-12" ObjLetztKontakt="2005-10-12" ObjStrasseID="7474" ObjHausnummer="Mansfeldstraße 18" ObjVorlage="2013-09-11 00:00:00.0" ObKeinKontakt="1" ObjArtID="176" Merkmal="0.0"/>
  <Objekte ObjID="17530" ObjAufnahme="2005-10-14" ObjLetztKontakt="2005-10-14" ObjStrasseID="9190" ObjHausnummer="Bothfelder Straße 41" ObjVorlage="2013-09-11 00:00:00.0" ObKeinKontakt="1" ObjArtID="119" Merkmal="0.0"/>
  <Objekte ObjID="17531" ObjAufnahme="2005-10-14" ObjLetztKontakt="2005-10-14" ObjStrasseID="6098" ObjHausnummer="Buchnerstraße 6F" ObjVorlage="2013-09-11 00:00:00.0" ObKeinKontakt="1" ObjArtID="53" Merkmal="0.0"/>
  <Objekte ObjID="17532" ObjAufnahme="2005-10-20" ObjLetztKontakt="2005-10-20" ObjStrasseID="6858" ObjHausnummer="Herrenhäuser Straße 62" ObjVorlage="2013-09-11 00:00:00.0" ObKeinKontakt="1" ObjArtID="167" Merkmal="0.0"/>
  <Objekte ObjID="17533" ObjAufnahme="2005-10-24" ObjLetztKontakt="2005-10-24" ObjStrasseID="7695" ObjHausnummer="Ossietzkyring 26" ObjVorlage="2013-09-11 00:00:00.0" ObKeinKontakt="1" ObjArtID="75" Merkmal="0.0"/>
  <Objekte ObjID="17534" ObjAufnahme="2005-10-25" ObjLetztKontakt="2005-10-25" ObjStrasseID="11182" ObjHausnummer="Am Gogericht 4B" ObjVorlage="2013-09-11 00:00:00.0" ObKeinKontakt="1" ObjArtID="22" Merkmal="0.0"/>
  <Objekte ObjID="17535" ObjAufnahme="2005-10-26" ObjLetztKontakt="2005-10-26" ObjStrasseID="13941" ObjHausnummer="Liegnitzer Straße 36" ObjVorlage="2013-09-11 00:00:00.0" ObKeinKontakt="1" ObjArtID="20" Merkmal="0.0"/>
  <Objekte ObjID="17536" ObjAufnahme="2005-10-26" ObjLetztKontakt="2005-10-26" ObjStrasseID="8989" ObjHausnummer="Westfalenstraße 1" ObjVorlage="2013-09-11 00:00:00.0" ObKeinKontakt="1" ObjArtID="8" Merkmal="0.0"/>
  <Objekte ObjID="17537" ObjAufnahme="2005-10-26" ObjLetztKontakt="2005-10-26" ObjStrasseID="6157" ObjHausnummer="Constantinstraße 21" ObjVorlage="2013-09-11 00:00:00.0" ObKeinKontakt="1" ObjArtID="260" Merkmal="0.0"/>
  <Objekte ObjID="17538" ObjAufnahme="2005-11-01" ObjLetztKontakt="2005-11-01" ObjStrasseID="8657" ObjHausnummer="Winsener Straße 32" ObjVorlage="2013-09-11 00:00:00.0" ObKeinKontakt="1" ObjArtID="1" Merkmal="0.0"/>
  <Objekte ObjID="17539" ObjAufnahme="2005-11-01" ObjLetztKontakt="2005-11-01" ObjStrasseID="13964" ObjHausnummer="Zum Rundshorn 9" ObjVorlage="2013-09-11 00:00:00.0" ObKeinKontakt="1" ObjArtID="10" Merkmal="0.0"/>
  <Objekte ObjID="17540" ObjAufnahme="2005-11-01" ObjLetztKontakt="2005-11-01" ObjStrasseID="3870" ObjHausnummer="Im Hohen Felde 15" ObjVorlage="2013-09-11 00:00:00.0" ObKeinKontakt="1" ObjArtID="268" Merkmal="0.0"/>
  <Objekte ObjID="17541" ObjAufnahme="2005-11-01" ObjLetztKontakt="2005-11-01" ObjStrasseID="3852" ObjHausnummer="Im Bultfeld 57" ObjVorlage="2013-09-11 00:00:00.0" ObKeinKontakt="1" ObjArtID="176" Merkmal="0.0"/>
  <Objekte ObjID="17542" ObjAufnahme="2005-11-02" ObjLetztKontakt="2005-11-02" ObjStrasseID="10228" ObjHausnummer="Hemminger Weg 10" ObjVorlage="2013-09-11 00:00:00.0" ObKeinKontakt="1" ObjArtID="173" Merkmal="0.0"/>
  <Objekte ObjID="17543" ObjAufnahme="2005-11-03" ObjLetztKontakt="2005-11-03" ObjStrasseID="8540" ObjHausnummer="Wefelsestraße 8" ObjVorlage="2013-09-11 00:00:00.0" ObKeinKontakt="1" ObjArtID="168" Merkmal="0.0"/>
  <Objekte ObjID="17544" ObjAufnahme="2005-11-07" ObjLetztKontakt="2005-11-07" ObjStrasseID="8228" ObjHausnummer="Sperlingsfeld 43" ObjVorlage="2013-09-11 00:00:00.0" ObKeinKontakt="1" ObjArtID="24" Merkmal="0.0"/>
  <Objekte ObjID="17545" ObjAufnahme="2005-11-08" ObjLetztKontakt="2005-11-08" ObjStrasseID="13986" ObjHausnummer="Johann-Koch-Straße 5" ObjVorlage="2013-09-11 00:00:00.0" ObKeinKontakt="1" ObjArtID="8" Merkmal="0.0"/>
  <Objekte ObjID="17546" ObjAufnahme="2005-11-08" ObjLetztKontakt="2005-11-08" ObjStrasseID="4417" ObjHausnummer="Papendieksfeld 27" ObjVorlage="2013-09-11 00:00:00.0" ObKeinKontakt="1" ObjArtID="75" Merkmal="0.0"/>
  <Objekte ObjID="17547" ObjAufnahme="2005-11-09" ObjLetztKontakt="2005-11-09" ObjStrasseID="4338" ObjHausnummer="Niederrader Allee 16" ObjVorlage="2013-09-11 00:00:00.0" ObKeinKontakt="1" ObjArtID="76" Merkmal="0.0"/>
  <Objekte ObjID="17548" ObjAufnahme="2005-11-15" ObjLetztKontakt="2005-11-15" ObjStrasseID="5831" ObjHausnummer="Auf dem Grethel 38" ObjVorlage="2013-09-11 00:00:00.0" ObKeinKontakt="1" ObjArtID="8" Merkmal="0.0"/>
  <Objekte ObjID="17549" ObjAufnahme="2005-11-15" ObjLetztKontakt="2005-11-15" ObjStrasseID="12498" ObjHausnummer="Elserstraße 8" ObjVorlage="2013-09-11 00:00:00.0" ObKeinKontakt="1" ObjArtID="176" Merkmal="0.0"/>
  <Objekte ObjID="17550" ObjAufnahme="2005-11-15" ObjLetztKontakt="2005-11-15" ObjStrasseID="6302" ObjHausnummer="Ehrhartstraße 10" ObjVorlage="2013-09-11 00:00:00.0" ObKeinKontakt="1" ObjArtID="118" Merkmal="0.0"/>
  <Objekte ObjID="17551" ObjAufnahme="2005-11-16" ObjLetztKontakt="2005-11-16" ObjStrasseID="8424" ObjHausnummer="Ubbenstraße 32" ObjVorlage="2013-09-11 00:00:00.0" ObKeinKontakt="1" ObjArtID="98" Merkmal="0.0"/>
  <Objekte ObjID="17552" ObjAufnahme="2005-11-16" ObjLetztKontakt="2005-11-16" ObjStrasseID="8424" ObjHausnummer="Ubbenstraße 32" ObjVorlage="2013-09-11 00:00:00.0" ObKeinKontakt="1" ObjArtID="84" Merkmal="0.0"/>
  <Objekte ObjID="17553" ObjAufnahme="2005-11-16" ObjLetztKontakt="2005-11-16" ObjStrasseID="14005" ObjHausnummer="Bernsteinweg 6" ObjVorlage="2013-09-11 00:00:00.0" ObKeinKontakt="1" ObjArtID="8" Merkmal="0.0"/>
  <Objekte ObjID="17554" ObjAufnahme="2005-11-16" ObjLetztKontakt="2005-11-16" ObjStrasseID="13973" ObjHausnummer="Adolf-Lücke-Weg 12" ObjVorlage="2013-09-11 00:00:00.0" ObKeinKontakt="1" ObjArtID="24" Merkmal="0.0"/>
  <Objekte ObjID="17555" ObjAufnahme="2005-11-17" ObjLetztKontakt="2005-11-17" ObjStrasseID="6545" ObjHausnummer="Gerbarndstraße 2" ObjVorlage="2013-09-11 00:00:00.0" ObKeinKontakt="1" ObjArtID="8" Merkmal="0.0"/>
  <Objekte ObjID="17556" ObjAufnahme="2005-11-18" ObjLetztKontakt="2005-11-18" ObjStrasseID="10963" ObjHausnummer="Kuckuckskamp 50A" ObjVorlage="2013-09-11 00:00:00.0" ObKeinKontakt="1" ObjArtID="200" Merkmal="0.0"/>
  <Objekte ObjID="17557" ObjAufnahme="2005-11-21" ObjLetztKontakt="2005-11-21" ObjStrasseID="8132" ObjHausnummer="Schwarmstedter Straße 30" ObjVorlage="2013-09-11 00:00:00.0" ObKeinKontakt="1" ObjArtID="22" Merkmal="0.0"/>
  <Objekte ObjID="17558" ObjAufnahme="2005-11-21" ObjLetztKontakt="2005-11-21" ObjStrasseID="6765" ObjHausnummer="Hauptstraße 52A" ObjVorlage="2013-09-11 00:00:00.0" ObKeinKontakt="1" ObjArtID="167" Merkmal="0.0"/>
  <Objekte ObjID="17559" ObjAufnahme="2005-11-22" ObjLetztKontakt="2005-11-22" ObjStrasseID="7288" ObjHausnummer="Küsterstraße 11" ObjVorlage="2013-09-11 00:00:00.0" ObKeinKontakt="1" ObjArtID="118" Merkmal="0.0"/>
  <Objekte ObjID="17560" ObjAufnahme="2005-11-22" ObjLetztKontakt="2005-11-22" ObjStrasseID="14017" ObjHausnummer="Gaußweg 40" ObjVorlage="2013-09-11 00:00:00.0" ObKeinKontakt="1" ObjArtID="22" Merkmal="0.0"/>
  <Objekte ObjID="17561" ObjAufnahme="2005-11-23" ObjLetztKontakt="2005-11-23" ObjStrasseID="12209" ObjHausnummer="Sprengelstraße 29C" ObjVorlage="2013-09-11 00:00:00.0" ObKeinKontakt="1" ObjArtID="8" Merkmal="0.0"/>
  <Objekte ObjID="17562" ObjAufnahme="2005-11-24" ObjLetztKontakt="2005-11-24" ObjStrasseID="8087" ObjHausnummer="Schmedesweg 3" ObjVorlage="2013-09-11 00:00:00.0" ObKeinKontakt="1" ObjArtID="201" Merkmal="0.0"/>
  <Objekte ObjID="17563" ObjAufnahme="2005-11-25" ObjLetztKontakt="2005-11-25" ObjStrasseID="7635" ObjHausnummer="Niedersachsenring 17" ObjVorlage="2013-09-11 00:00:00.0" ObKeinKontakt="1" ObjArtID="229" Merkmal="0.0"/>
  <Objekte ObjID="17564" ObjAufnahme="2005-11-25" ObjLetztKontakt="2005-11-25" ObjStrasseID="13278" ObjHausnummer="Reuterwiese 16" ObjVorlage="2013-09-11 00:00:00.0" ObKeinKontakt="1" ObjArtID="91" Merkmal="0.0"/>
  <Objekte ObjID="17565" ObjAufnahme="2005-11-25" ObjLetztKontakt="2005-11-25" ObjStrasseID="13278" ObjHausnummer="Reuterwiese 16" ObjVorlage="2013-09-11 00:00:00.0" ObKeinKontakt="1" ObjArtID="198" Merkmal="0.0"/>
  <Objekte ObjID="17566" ObjAufnahme="2005-11-25" ObjLetztKontakt="2005-11-25" ObjStrasseID="13278" ObjHausnummer="Reuterwiese 16" ObjVorlage="2013-09-11 00:00:00.0" ObKeinKontakt="1" ObjArtID="247" Merkmal="0.0"/>
  <Objekte ObjID="17567" ObjAufnahme="2005-11-28" ObjLetztKontakt="2005-11-28" ObjStrasseID="8666" ObjHausnummer="Wittekindstraße 10" ObjVorlage="2013-09-11 00:00:00.0" ObKeinKontakt="1" ObjArtID="169" Merkmal="0.0"/>
  <Objekte ObjID="17568" ObjAufnahme="2005-11-28" ObjLetztKontakt="2005-11-28" ObjStrasseID="8880" ObjHausnummer="Mühlenstraße 5" ObjVorlage="2013-09-11 00:00:00.0" ObKeinKontakt="1" ObjArtID="8" Merkmal="0.0"/>
  <Objekte ObjID="17569" ObjAufnahme="2005-11-28" ObjLetztKontakt="2005-11-28" ObjStrasseID="4635" ObjHausnummer="Scheelenkamp 11" ObjVorlage="2013-09-11 00:00:00.0" ObKeinKontakt="1" ObjArtID="8" Merkmal="0.0"/>
  <Objekte ObjID="17570" ObjAufnahme="2005-11-29" ObjLetztKontakt="2005-11-29" ObjStrasseID="13712" ObjHausnummer="Riepenstraße 66" ObjVorlage="2013-09-11 00:00:00.0" ObKeinKontakt="1" ObjArtID="22" Merkmal="0.0"/>
  <Objekte ObjID="17571" ObjAufnahme="2005-11-29" ObjLetztKontakt="2005-11-29" ObjStrasseID="5163" ObjHausnummer="Gertrud-Kochanowski-Weg 5" ObjVorlage="2013-09-11 00:00:00.0" ObKeinKontakt="1" ObjArtID="24" Merkmal="0.0"/>
  <Objekte ObjID="17572" ObjAufnahme="2005-11-29" ObjLetztKontakt="2005-11-29" ObjStrasseID="7918" ObjHausnummer="Roderbruchstraße 14" ObjVorlage="2013-09-11 00:00:00.0" ObKeinKontakt="1" ObjArtID="56" Merkmal="0.0"/>
  <Objekte ObjID="17573" ObjAufnahme="2005-11-29" ObjLetztKontakt="2005-11-29" ObjStrasseID="10963" ObjHausnummer="Kuckuckskamp 48" ObjVorlage="2013-09-11 00:00:00.0" ObKeinKontakt="1" ObjArtID="53" Merkmal="0.0"/>
  <Objekte ObjID="17574" ObjAufnahme="2005-12-01" ObjLetztKontakt="2005-12-01" ObjStrasseID="4950" ObjHausnummer="Vor den Ackern 30" ObjVorlage="2013-09-11 00:00:00.0" ObKeinKontakt="1" ObjArtID="8" Merkmal="0.0"/>
  <Objekte ObjID="17575" ObjAufnahme="2005-12-02" ObjLetztKontakt="2005-12-02" ObjStrasseID="7904" ObjHausnummer="Rischkamp 41D" ObjVorlage="2013-09-11 00:00:00.0" ObKeinKontakt="1" ObjArtID="176" Merkmal="0.0"/>
  <Objekte ObjID="17576" ObjAufnahme="2005-12-07" ObjLetztKontakt="2005-12-07" ObjStrasseID="5992" ObjHausnummer="Blumenauer Straße 9" ObjVorlage="2013-09-11 00:00:00.0" ObKeinKontakt="1" ObjArtID="258" Merkmal="0.0"/>
  <Objekte ObjID="17577" ObjAufnahme="2005-12-07" ObjLetztKontakt="2005-12-07" ObjStrasseID="7062" ObjHausnummer="Jordanstraße 5" ObjVorlage="2013-09-11 00:00:00.0" ObKeinKontakt="1" ObjArtID="221" Merkmal="0.0"/>
  <Objekte ObjID="17578" ObjAufnahme="2005-12-07" ObjLetztKontakt="2005-12-07" ObjStrasseID="8154" ObjHausnummer="Seestraße 9" ObjVorlage="2013-09-11 00:00:00.0" ObKeinKontakt="1" ObjArtID="117" Merkmal="0.0"/>
  <Objekte ObjID="17579" ObjAufnahme="2005-12-07" ObjLetztKontakt="2005-12-07" ObjStrasseID="9071" ObjHausnummer="Matzdorfer Weg 16" ObjVorlage="2013-09-11 00:00:00.0" ObKeinKontakt="1" ObjArtID="20" Merkmal="0.0"/>
  <Objekte ObjID="17580" ObjAufnahme="2005-12-08" ObjLetztKontakt="2005-12-08" ObjStrasseID="8424" ObjHausnummer="Ubbenstraße 32" ObjVorlage="2013-09-11 00:00:00.0" ObKeinKontakt="1" ObjArtID="168" Merkmal="0.0"/>
  <Objekte ObjID="17581" ObjAufnahme="2005-12-12" ObjLetztKontakt="2005-12-12" ObjStrasseID="14073" ObjHausnummer="Gustav-Adolf-Straße 3" ObjVorlage="2013-09-11 00:00:00.0" ObKeinKontakt="1" ObjArtID="8" Merkmal="0.0"/>
  <Objekte ObjID="17582" ObjAufnahme="2005-12-12" ObjLetztKontakt="2005-12-12" ObjStrasseID="14074" ObjHausnummer="Dopmeyerstraße 15" ObjVorlage="2013-09-11 00:00:00.0" ObKeinKontakt="1" ObjArtID="178" Merkmal="0.0"/>
  <Objekte ObjID="17583" ObjAufnahme="2005-12-15" ObjLetztKontakt="2005-12-15" ObjStrasseID="14084" ObjHausnummer="Im Osterfeld 24" ObjVorlage="2013-09-11 00:00:00.0" ObKeinKontakt="1" ObjArtID="21" Merkmal="0.0"/>
  <Objekte ObjID="17584" ObjAufnahme="2005-12-15" ObjLetztKontakt="2005-12-15" ObjStrasseID="10221" ObjHausnummer="Hannoversche Straße 37J" ObjVorlage="2013-09-11 00:00:00.0" ObKeinKontakt="1" ObjArtID="176" Merkmal="0.0"/>
  <Objekte ObjID="17585" ObjAufnahme="2005-12-16" ObjLetztKontakt="2005-12-16" ObjStrasseID="6204" ObjHausnummer="Deisterstraße 46" ObjVorlage="2013-09-11 00:00:00.0" ObKeinKontakt="1" ObjArtID="96" Merkmal="0.0"/>
  <Objekte ObjID="17586" ObjAufnahme="2005-12-19" ObjLetztKontakt="2005-12-19" ObjStrasseID="14056" ObjHausnummer="Gneisenaustraße 15" ObjVorlage="2013-09-11 00:00:00.0" ObKeinKontakt="1" ObjArtID="8" Merkmal="0.0"/>
  <Objekte ObjID="17587" ObjAufnahme="2005-12-20" ObjLetztKontakt="2005-12-20" ObjStrasseID="14103" ObjHausnummer="Von-Rutenberg-Anger 10" ObjVorlage="2013-09-11 00:00:00.0" ObKeinKontakt="1" ObjArtID="8" Merkmal="0.0"/>
  <Objekte ObjID="17588" ObjAufnahme="2005-12-20" ObjLetztKontakt="2005-12-20" ObjStrasseID="9233" ObjHausnummer="Am Rodelberg 9" ObjVorlage="2013-09-11 00:00:00.0" ObKeinKontakt="1" ObjArtID="20" Merkmal="0.0"/>
  <Objekte ObjID="17589" ObjAufnahme="2005-12-21" ObjLetztKontakt="2005-12-21" ObjStrasseID="14105" ObjHausnummer="Eltz-Weg 11A" ObjVorlage="2013-09-11 00:00:00.0" ObKeinKontakt="1" ObjArtID="24" Merkmal="0.0"/>
  <Objekte ObjID="17590" ObjAufnahme="2005-12-21" ObjLetztKontakt="2005-12-21" ObjStrasseID="5610" ObjHausnummer="Am Brombeerhag 5" ObjVorlage="2013-09-11 00:00:00.0" ObKeinKontakt="1" ObjArtID="24" Merkmal="0.0"/>
  <Objekte ObjID="17591" ObjAufnahme="2005-12-22" ObjLetztKontakt="2005-12-22" ObjStrasseID="8518" ObjHausnummer="Warburghof 10A" ObjVorlage="2013-09-11 00:00:00.0" ObKeinKontakt="1" ObjArtID="173" Merkmal="0.0"/>
  <Objekte ObjID="17592" ObjAufnahme="2005-12-29" ObjLetztKontakt="2005-12-29" ObjStrasseID="3566" ObjHausnummer="Ginsterweg 7" ObjVorlage="2013-09-11 00:00:00.0" ObKeinKontakt="5" ObjArtID="15" Merkmal="0.0"/>
  <Objekte ObjID="17593" ObjAufnahme="2006-01-02" ObjLetztKontakt="2006-01-02" ObjStrasseID="3568" ObjHausnummer="Glockenheide 57" ObjVorlage="2013-09-11 00:00:00.0" ObKeinKontakt="1" ObjArtID="8" Merkmal="0.0"/>
  <Objekte ObjID="17594" ObjAufnahme="2006-01-03" ObjLetztKontakt="2006-01-03" ObjStrasseID="12956" ObjHausnummer="Hinter dem Felde 6A" ObjVorlage="2013-09-11 00:00:00.0" ObKeinKontakt="1" ObjArtID="8" Merkmal="0.0"/>
  <Objekte ObjID="17595" ObjAufnahme="2006-01-04" ObjLetztKontakt="2006-01-04" ObjStrasseID="6710" ObjHausnummer="Hallerstraße 31" ObjVorlage="2013-09-11 00:00:00.0" ObKeinKontakt="1" ObjArtID="117" Merkmal="0.0"/>
  <Objekte ObjID="17596" ObjAufnahme="2006-01-04" ObjLetztKontakt="2006-01-04" ObjStrasseID="14115" ObjHausnummer="Wallgartenstraße 40" ObjVorlage="2013-09-11 00:00:00.0" ObKeinKontakt="1" ObjArtID="8" Merkmal="0.0"/>
  <Objekte ObjID="17597" ObjAufnahme="2006-01-05" ObjLetztKontakt="2006-01-05" ObjStrasseID="3648" ObjHausnummer="Harkenblecker Straße 1" ObjVorlage="2013-09-11 00:00:00.0" ObKeinKontakt="1" ObjArtID="96" Merkmal="0.0"/>
  <Objekte ObjID="17598" ObjAufnahme="2006-01-06" ObjLetztKontakt="2006-01-06" ObjStrasseID="8153" ObjHausnummer="Seelhorststraße 49" ObjVorlage="2013-09-11 00:00:00.0" ObKeinKontakt="1" ObjArtID="142" Merkmal="0.0"/>
  <Objekte ObjID="17599" ObjAufnahme="2006-01-09" ObjLetztKontakt="2006-01-09" ObjStrasseID="6076" ObjHausnummer="Brinckmannstraße 1" ObjVorlage="2013-09-11 00:00:00.0" ObKeinKontakt="1" ObjArtID="77" Merkmal="0.0"/>
  <Objekte ObjID="17600" ObjAufnahme="2006-01-11" ObjLetztKontakt="2006-01-11" ObjStrasseID="6936" ObjHausnummer="Hugo-Preuß-Straße 10" ObjVorlage="2013-09-11 00:00:00.0" ObKeinKontakt="1" ObjArtID="200" Merkmal="0.0"/>
  <Objekte ObjID="17601" ObjAufnahme="2006-01-11" ObjLetztKontakt="2006-01-11" ObjStrasseID="5074" ObjHausnummer="Würzburger Straße 48" ObjVorlage="2013-09-11 00:00:00.0" ObKeinKontakt="1" ObjArtID="54" Merkmal="0.0"/>
  <Objekte ObjID="17602" ObjAufnahme="2006-01-12" ObjLetztKontakt="2006-01-12" ObjStrasseID="14124" ObjHausnummer="Nordlicht 18A" ObjVorlage="2013-09-11 00:00:00.0" ObKeinKontakt="1" ObjArtID="24" Merkmal="0.0"/>
  <Objekte ObjID="17603" ObjAufnahme="2006-01-12" ObjLetztKontakt="2006-01-12" ObjStrasseID="8810" ObjHausnummer="Tegeler Straße 12" ObjVorlage="2013-09-11 00:00:00.0" ObKeinKontakt="1" ObjArtID="169" Merkmal="0.0"/>
  <Objekte ObjID="17604" ObjAufnahme="2006-01-13" ObjLetztKontakt="2006-01-13" ObjStrasseID="8267" ObjHausnummer="Steimbker Hof 7" ObjVorlage="2013-09-11 00:00:00.0" ObKeinKontakt="1" ObjArtID="117" Merkmal="0.0"/>
  <Objekte ObjID="17605" ObjAufnahme="2006-01-13" ObjLetztKontakt="2006-01-13" ObjStrasseID="13278" ObjHausnummer="Reuterwiese 16" ObjVorlage="2013-09-11 00:00:00.0" ObKeinKontakt="1" ObjArtID="167" Merkmal="0.0"/>
  <Objekte ObjID="17606" ObjAufnahme="2006-01-17" ObjLetztKontakt="2006-01-17" ObjStrasseID="6256" ObjHausnummer="Dörpefeld 64" ObjVorlage="2013-09-11 00:00:00.0" ObKeinKontakt="1" ObjArtID="54" Merkmal="0.0"/>
  <Objekte ObjID="17607" ObjAufnahme="2006-01-18" ObjLetztKontakt="2006-01-18" ObjStrasseID="5755" ObjHausnummer="An der Christuskirche 11" ObjVorlage="2013-09-11 00:00:00.0" ObKeinKontakt="1" ObjArtID="10" Merkmal="0.0"/>
  <Objekte ObjID="17608" ObjAufnahme="2006-01-18" ObjLetztKontakt="2006-01-18" ObjStrasseID="5755" ObjHausnummer="An der Christuskirche 12" ObjVorlage="2013-09-11 00:00:00.0" ObKeinKontakt="1" ObjArtID="10" Merkmal="0.0"/>
  <Objekte ObjID="17609" ObjAufnahme="2006-01-19" ObjLetztKontakt="2006-01-19" ObjStrasseID="7660" ObjHausnummer="Obentrautstraße 51" ObjVorlage="2013-09-11 00:00:00.0" ObKeinKontakt="1" ObjArtID="75" Merkmal="0.0"/>
  <Objekte ObjID="17610" ObjAufnahme="2006-01-19" ObjLetztKontakt="2006-01-19" ObjStrasseID="6735" ObjHausnummer="Hänselriede 3" ObjVorlage="2013-09-11 00:00:00.0" ObKeinKontakt="1" ObjArtID="76" Merkmal="0.0"/>
  <Objekte ObjID="17611" ObjAufnahme="2006-01-20" ObjLetztKontakt="2006-01-20" ObjStrasseID="7156" ObjHausnummer="Kirchwender Straße 22" ObjVorlage="2013-09-11 00:00:00.0" ObKeinKontakt="1" ObjArtID="201" Merkmal="0.0"/>
  <Objekte ObjID="17612" ObjAufnahme="2006-01-20" ObjLetztKontakt="2006-01-20" ObjStrasseID="14142" ObjHausnummer="Masurenstraße 3" ObjVorlage="2013-09-11 00:00:00.0" ObKeinKontakt="1" ObjArtID="8" Merkmal="0.0"/>
  <Objekte ObjID="17613" ObjAufnahme="2006-01-24" ObjLetztKontakt="2006-01-24" ObjStrasseID="7486" ObjHausnummer="Marschnerstraße 18" ObjVorlage="2013-09-11 00:00:00.0" ObKeinKontakt="1" ObjArtID="1" Merkmal="0.0"/>
  <Objekte ObjID="17614" ObjAufnahme="2006-01-24" ObjLetztKontakt="2006-01-24" ObjStrasseID="7486" ObjHausnummer="Marschnerstraße 22" ObjVorlage="2013-09-11 00:00:00.0" ObKeinKontakt="1" ObjArtID="1" Merkmal="0.0"/>
  <Objekte ObjID="17615" ObjAufnahme="2006-01-24" ObjLetztKontakt="2006-01-24" ObjStrasseID="7486" ObjHausnummer="Marschnerstraße 24" ObjVorlage="2013-09-11 00:00:00.0" ObKeinKontakt="1" ObjArtID="1" Merkmal="0.0"/>
  <Objekte ObjID="17616" ObjAufnahme="2006-01-24" ObjLetztKontakt="2006-01-24" ObjStrasseID="7486" ObjHausnummer="Marschnerstraße 26" ObjVorlage="2013-09-11 00:00:00.0" ObKeinKontakt="1" ObjArtID="1" Merkmal="0.0"/>
  <Objekte ObjID="17617" ObjAufnahme="2006-01-24" ObjLetztKontakt="2006-01-24" ObjStrasseID="7486" ObjHausnummer="Marschnerstraße 28" ObjVorlage="2013-09-11 00:00:00.0" ObKeinKontakt="1" ObjArtID="1" Merkmal="0.0"/>
  <Objekte ObjID="17618" ObjAufnahme="2006-01-24" ObjLetztKontakt="2006-01-24" ObjStrasseID="7486" ObjHausnummer="Marschnerstraße 34" ObjVorlage="2013-09-11 00:00:00.0" ObKeinKontakt="1" ObjArtID="1" Merkmal="0.0"/>
  <Objekte ObjID="17619" ObjAufnahme="2006-01-24" ObjLetztKontakt="2006-01-24" ObjStrasseID="7486" ObjHausnummer="Marschnerstraße 36" ObjVorlage="2013-09-11 00:00:00.0" ObKeinKontakt="1" ObjArtID="1" Merkmal="0.0"/>
  <Objekte ObjID="17620" ObjAufnahme="2006-01-24" ObjLetztKontakt="2006-01-24" ObjStrasseID="7486" ObjHausnummer="Marschnerstraße 38" ObjVorlage="2013-09-11 00:00:00.0" ObKeinKontakt="1" ObjArtID="1" Merkmal="0.0"/>
  <Objekte ObjID="17621" ObjAufnahme="2006-01-24" ObjLetztKontakt="2006-01-24" ObjStrasseID="7486" ObjHausnummer="Marschnerstraße 40" ObjVorlage="2013-09-11 00:00:00.0" ObKeinKontakt="1" ObjArtID="1" Merkmal="0.0"/>
  <Objekte ObjID="17622" ObjAufnahme="2006-01-24" ObjLetztKontakt="2006-01-24" ObjStrasseID="7486" ObjHausnummer="Marschnerstraße 42" ObjVorlage="2013-09-11 00:00:00.0" ObKeinKontakt="1" ObjArtID="1" Merkmal="0.0"/>
  <Objekte ObjID="17623" ObjAufnahme="2006-01-24" ObjLetztKontakt="2006-01-24" ObjStrasseID="7486" ObjHausnummer="Marschnerstraße 49" ObjVorlage="2013-09-11 00:00:00.0" ObKeinKontakt="1" ObjArtID="1" Merkmal="0.0"/>
  <Objekte ObjID="17624" ObjAufnahme="2006-01-24" ObjLetztKontakt="2006-01-24" ObjStrasseID="7486" ObjHausnummer="Marschnerstraße 47" ObjVorlage="2013-09-11 00:00:00.0" ObKeinKontakt="1" ObjArtID="1" Merkmal="0.0"/>
  <Objekte ObjID="17625" ObjAufnahme="2006-01-24" ObjLetztKontakt="2006-01-24" ObjStrasseID="7486" ObjHausnummer="Marschnerstraße 45" ObjVorlage="2013-09-11 00:00:00.0" ObKeinKontakt="1" ObjArtID="1" Merkmal="0.0"/>
  <Objekte ObjID="17626" ObjAufnahme="2006-01-24" ObjLetztKontakt="2006-01-24" ObjStrasseID="7486" ObjHausnummer="Marschnerstraße 43" ObjVorlage="2013-09-11 00:00:00.0" ObKeinKontakt="1" ObjArtID="1" Merkmal="0.0"/>
  <Objekte ObjID="17627" ObjAufnahme="2006-01-24" ObjLetztKontakt="2006-01-24" ObjStrasseID="7486" ObjHausnummer="Marschnerstraße 41" ObjVorlage="2013-09-11 00:00:00.0" ObKeinKontakt="1" ObjArtID="1" Merkmal="0.0"/>
  <Objekte ObjID="17628" ObjAufnahme="2006-01-24" ObjLetztKontakt="2006-01-24" ObjStrasseID="7486" ObjHausnummer="Marschnerstraße 39" ObjVorlage="2013-09-11 00:00:00.0" ObKeinKontakt="1" ObjArtID="1" Merkmal="0.0"/>
  <Objekte ObjID="17629" ObjAufnahme="2006-01-24" ObjLetztKontakt="2006-01-24" ObjStrasseID="7486" ObjHausnummer="Marschnerstraße 37" ObjVorlage="2013-09-11 00:00:00.0" ObKeinKontakt="1" ObjArtID="1" Merkmal="0.0"/>
  <Objekte ObjID="17630" ObjAufnahme="2006-01-24" ObjLetztKontakt="2006-01-24" ObjStrasseID="7486" ObjHausnummer="Marschnerstraße 35" ObjVorlage="2013-09-11 00:00:00.0" ObKeinKontakt="1" ObjArtID="1" Merkmal="0.0"/>
  <Objekte ObjID="17631" ObjAufnahme="2006-01-25" ObjLetztKontakt="2006-01-25" ObjStrasseID="7825" ObjHausnummer="Quantelholz 15" ObjVorlage="2013-09-11 00:00:00.0" ObKeinKontakt="1" ObjArtID="173" Merkmal="0.0"/>
  <Objekte ObjID="17632" ObjAufnahme="2006-01-25" ObjLetztKontakt="2006-01-25" ObjStrasseID="14151" ObjHausnummer="Bussardhorst 34" ObjVorlage="2013-09-11 00:00:00.0" ObKeinKontakt="1" ObjArtID="8" Merkmal="0.0"/>
  <Objekte ObjID="17633" ObjAufnahme="2006-01-26" ObjLetztKontakt="2006-01-26" ObjStrasseID="5869" ObjHausnummer="Bandelstraße 2" ObjVorlage="2013-09-11 00:00:00.0" ObKeinKontakt="1" ObjArtID="1" Merkmal="0.0"/>
  <Objekte ObjID="17634" ObjAufnahme="2006-01-26" ObjLetztKontakt="2006-01-26" ObjStrasseID="6476" ObjHausnummer="Friedhofstraße 34" ObjVorlage="2013-09-11 00:00:00.0" ObKeinKontakt="1" ObjArtID="1" Merkmal="0.0"/>
  <Objekte ObjID="17635" ObjAufnahme="2006-01-26" ObjLetztKontakt="2006-01-26" ObjStrasseID="7486" ObjHausnummer="Marschnerstraße 23" ObjVorlage="2013-09-11 00:00:00.0" ObKeinKontakt="1" ObjArtID="1" Merkmal="0.0"/>
  <Objekte ObjID="17636" ObjAufnahme="2006-01-26" ObjLetztKontakt="2006-01-26" ObjStrasseID="5744" ObjHausnummer="An den Hilligenwöhren 9" ObjVorlage="2013-09-11 00:00:00.0" ObKeinKontakt="1" ObjArtID="8" Merkmal="0.0"/>
  <Objekte ObjID="17637" ObjAufnahme="2006-01-27" ObjLetztKontakt="2006-01-27" ObjStrasseID="8462" ObjHausnummer="Verdener Hof 25" ObjVorlage="2013-09-11 00:00:00.0" ObKeinKontakt="1" ObjArtID="8" Merkmal="0.0"/>
  <Objekte ObjID="17638" ObjAufnahme="2006-01-27" ObjLetztKontakt="2006-01-27" ObjStrasseID="6256" ObjHausnummer="Dörpefeld 2C" ObjVorlage="2013-09-11 00:00:00.0" ObKeinKontakt="1" ObjArtID="55" Merkmal="0.0"/>
  <Objekte ObjID="17639" ObjAufnahme="2006-01-30" ObjLetztKontakt="2006-01-30" ObjStrasseID="8044" ObjHausnummer="Sauerweinstraße 7" ObjVorlage="2013-09-11 00:00:00.0" ObKeinKontakt="1" ObjArtID="173" Merkmal="0.0"/>
  <Objekte ObjID="17640" ObjAufnahme="2006-01-30" ObjLetztKontakt="2006-01-30" ObjStrasseID="8429" ObjHausnummer="Uhlandstraße 12" ObjVorlage="2013-09-11 00:00:00.0" ObKeinKontakt="1" ObjArtID="1" Merkmal="0.0"/>
  <Objekte ObjID="17641" ObjAufnahme="2006-01-30" ObjLetztKontakt="2006-01-30" ObjStrasseID="6875" ObjHausnummer="Hildesheimer Straße 410" ObjVorlage="2013-09-11 00:00:00.0" ObKeinKontakt="1" ObjArtID="11" Merkmal="0.0"/>
  <Objekte ObjID="17642" ObjAufnahme="2006-02-01" ObjLetztKontakt="2006-02-01" ObjStrasseID="6224" ObjHausnummer="Distelborn 5" ObjVorlage="2013-09-11 00:00:00.0" ObKeinKontakt="1" ObjArtID="98" Merkmal="0.0"/>
  <Objekte ObjID="17643" ObjAufnahme="2006-02-02" ObjLetztKontakt="2006-02-02" ObjStrasseID="8544" ObjHausnummer="Wegsfeld 42" ObjVorlage="2013-09-11 00:00:00.0" ObKeinKontakt="1" ObjArtID="195" Merkmal="0.0"/>
  <Objekte ObjID="17644" ObjAufnahme="2006-02-06" ObjLetztKontakt="2006-02-06" ObjStrasseID="8533" ObjHausnummer="Weberstraße 1A" ObjVorlage="2013-09-11 00:00:00.0" ObKeinKontakt="1" ObjArtID="167" Merkmal="0.0"/>
  <Objekte ObjID="17645" ObjAufnahme="2006-02-08" ObjLetztKontakt="2006-02-08" ObjStrasseID="10260" ObjHausnummer="Großer Weg 22" ObjVorlage="2013-09-11 00:00:00.0" ObKeinKontakt="1" ObjArtID="20" Merkmal="0.0"/>
  <Objekte ObjID="17646" ObjAufnahme="2006-02-09" ObjLetztKontakt="2006-02-09" ObjStrasseID="14177" ObjHausnummer="Amselweg 2" ObjVorlage="2013-09-11 00:00:00.0" ObKeinKontakt="1" ObjArtID="24" Merkmal="0.0"/>
  <Objekte ObjID="17647" ObjAufnahme="2006-02-10" ObjLetztKontakt="2006-02-10" ObjStrasseID="6735" ObjHausnummer="Hänselriede 3" ObjVorlage="2013-09-11 00:00:00.0" ObKeinKontakt="1" ObjArtID="169" Merkmal="0.0"/>
  <Objekte ObjID="17648" ObjAufnahme="2006-02-10" ObjLetztKontakt="2006-02-10" ObjStrasseID="11174" ObjHausnummer="Südring 56" ObjVorlage="2013-09-11 00:00:00.0" ObKeinKontakt="1" ObjArtID="8" Merkmal="0.0"/>
  <Objekte ObjID="17649" ObjAufnahme="2006-02-14" ObjLetztKontakt="2006-02-14" ObjStrasseID="6773" ObjHausnummer="Hedwigstraße 6" ObjVorlage="2013-09-11 00:00:00.0" ObKeinKontakt="1" ObjArtID="117" Merkmal="0.0"/>
  <Objekte ObjID="17650" ObjAufnahme="2006-02-16" ObjLetztKontakt="2006-02-16" ObjStrasseID="14186" ObjHausnummer="Auf dem Rade 24E" ObjVorlage="2013-09-11 00:00:00.0" ObKeinKontakt="1" ObjArtID="21" Merkmal="0.0"/>
  <Objekte ObjID="17651" ObjAufnahme="2006-02-17" ObjLetztKontakt="2006-02-17" ObjStrasseID="6750" ObjHausnummer="Hartmannstraße 10A" ObjVorlage="2013-09-11 00:00:00.0" ObKeinKontakt="1" ObjArtID="75" Merkmal="0.0"/>
  <Objekte ObjID="17652" ObjAufnahme="2006-02-21" ObjLetztKontakt="2006-02-21" ObjStrasseID="5756" ObjHausnummer="An der Dornenhecke 13" ObjVorlage="2013-09-11 00:00:00.0" ObKeinKontakt="1" ObjArtID="24" Merkmal="0.0"/>
  <Objekte ObjID="17653" ObjAufnahme="2006-02-21" ObjLetztKontakt="2006-02-21" ObjStrasseID="10235" ObjHausnummer="Carl-Zeiss-Straße 36" ObjVorlage="2013-09-11 00:00:00.0" ObKeinKontakt="1" ObjArtID="210" Merkmal="0.0"/>
  <Objekte ObjID="17654" ObjAufnahme="2006-02-21" ObjLetztKontakt="2006-02-21" ObjStrasseID="14202" ObjHausnummer="Am Forsthaus 1" ObjVorlage="2013-09-11 00:00:00.0" ObKeinKontakt="1" ObjArtID="8" Merkmal="0.0"/>
  <Objekte ObjID="17655" ObjAufnahme="2006-02-22" ObjLetztKontakt="2006-02-22" ObjStrasseID="8113" ObjHausnummer="Schulenburger Landstraße 106" ObjVorlage="2013-09-11 00:00:00.0" ObKeinKontakt="1" ObjArtID="1" Merkmal="0.0"/>
  <Objekte ObjID="17656" ObjAufnahme="2006-02-23" ObjLetztKontakt="2006-02-23" ObjStrasseID="5828" ObjHausnummer="Auf dem Brinke 15" ObjVorlage="2013-09-11 00:00:00.0" ObKeinKontakt="1" ObjArtID="270" Merkmal="0.0"/>
  <Objekte ObjID="17657" ObjAufnahme="2006-02-27" ObjLetztKontakt="2006-02-27" ObjStrasseID="10989" ObjHausnummer="Marktstraße 18" ObjVorlage="2013-09-11 00:00:00.0" ObKeinKontakt="1" ObjArtID="119" Merkmal="0.0"/>
  <Objekte ObjID="17658" ObjAufnahme="2006-02-28" ObjLetztKontakt="2006-02-28" ObjStrasseID="10363" ObjHausnummer="Sudewiesenstraße 19" ObjVorlage="2013-09-11 00:00:00.0" ObKeinKontakt="1" ObjArtID="23" Merkmal="0.0"/>
  <Objekte ObjID="17659" ObjAufnahme="2006-02-28" ObjLetztKontakt="2006-02-28" ObjStrasseID="7480" ObjHausnummer="Marienstraße 115" ObjVorlage="2013-09-11 00:00:00.0" ObKeinKontakt="1" ObjArtID="5" Merkmal="0.0"/>
  <Objekte ObjID="17660" ObjAufnahme="2006-02-28" ObjLetztKontakt="2006-02-28" ObjStrasseID="8450" ObjHausnummer="Vahrenwalder Straße 149" ObjVorlage="2013-09-11 00:00:00.0" ObKeinKontakt="1" ObjArtID="5" Merkmal="0.0"/>
  <Objekte ObjID="17661" ObjAufnahme="2006-02-28" ObjLetztKontakt="2006-02-28" ObjStrasseID="6647" ObjHausnummer="Große Barlinge 28" ObjVorlage="2013-09-11 00:00:00.0" ObKeinKontakt="1" ObjArtID="1" Merkmal="0.0"/>
  <Objekte ObjID="17662" ObjAufnahme="2006-02-28" ObjLetztKontakt="2006-02-28" ObjStrasseID="9185" ObjHausnummer="Neue Straße 24" ObjVorlage="2013-09-11 00:00:00.0" ObKeinKontakt="1" ObjArtID="1" Merkmal="0.0"/>
  <Objekte ObjID="17663" ObjAufnahme="2006-02-28" ObjLetztKontakt="2006-02-28" ObjStrasseID="8451" ObjHausnummer="Vahrenwalder Straße 287" ObjVorlage="2013-09-11 00:00:00.0" ObKeinKontakt="1" ObjArtID="1" Merkmal="0.0"/>
  <Objekte ObjID="17664" ObjAufnahme="2006-02-28" ObjLetztKontakt="2006-02-28" ObjStrasseID="8672" ObjHausnummer="Wohlenbergstraße 2" ObjVorlage="2013-09-11 00:00:00.0" ObKeinKontakt="1" ObjArtID="1" Merkmal="0.0"/>
  <Objekte ObjID="17665" ObjAufnahme="2006-02-28" ObjLetztKontakt="2006-02-28" ObjStrasseID="14216" ObjHausnummer="Graseweg 2B" ObjVorlage="2013-09-11 00:00:00.0" ObKeinKontakt="1" ObjArtID="1" Merkmal="0.0"/>
  <Objekte ObjID="17666" ObjAufnahme="2006-02-28" ObjLetztKontakt="2006-02-28" ObjStrasseID="14216" ObjHausnummer="Graseweg 2D" ObjVorlage="2013-09-11 00:00:00.0" ObKeinKontakt="1" ObjArtID="1" Merkmal="0.0"/>
  <Objekte ObjID="17667" ObjAufnahme="2006-02-28" ObjLetztKontakt="2006-02-28" ObjStrasseID="14216" ObjHausnummer="Graseweg 2A" ObjVorlage="2013-09-11 00:00:00.0" ObKeinKontakt="1" ObjArtID="1" Merkmal="0.0"/>
  <Objekte ObjID="17668" ObjAufnahme="2006-02-28" ObjLetztKontakt="2006-02-28" ObjStrasseID="14216" ObjHausnummer="Graseweg 2C" ObjVorlage="2013-09-11 00:00:00.0" ObKeinKontakt="1" ObjArtID="1" Merkmal="0.0"/>
  <Objekte ObjID="17669" ObjAufnahme="2006-02-28" ObjLetztKontakt="2006-02-28" ObjStrasseID="12023" ObjHausnummer="Osnabrücker Landstraße 11A" ObjVorlage="2013-09-11 00:00:00.0" ObKeinKontakt="1" ObjArtID="1" Merkmal="0.0"/>
  <Objekte ObjID="17670" ObjAufnahme="2006-03-01" ObjLetztKontakt="2006-03-01" ObjStrasseID="8132" ObjHausnummer="Schwarmstedter Straße 40" ObjVorlage="2013-09-11 00:00:00.0" ObKeinKontakt="1" ObjArtID="176" Merkmal="0.0"/>
  <Objekte ObjID="17671" ObjAufnahme="2006-03-01" ObjLetztKontakt="2006-03-01" ObjStrasseID="5918" ObjHausnummer="Bergiusstraße 26" ObjVorlage="2013-09-11 00:00:00.0" ObKeinKontakt="1" ObjArtID="49" Merkmal="0.0"/>
  <Objekte ObjID="17672" ObjAufnahme="2006-03-01" ObjLetztKontakt="2006-03-01" ObjStrasseID="8604" ObjHausnummer="Wettinerweg 31" ObjVorlage="2013-09-11 00:00:00.0" ObKeinKontakt="1" ObjArtID="21" Merkmal="0.0"/>
  <Objekte ObjID="17673" ObjAufnahme="2006-03-02" ObjLetztKontakt="2006-03-02" ObjStrasseID="4533" ObjHausnummer="Reuterdamm 23" ObjVorlage="2013-09-11 00:00:00.0" ObKeinKontakt="1" ObjArtID="24" Merkmal="0.0"/>
  <Objekte ObjID="17674" ObjAufnahme="2006-03-07" ObjLetztKontakt="2006-03-07" ObjStrasseID="8657" ObjHausnummer="Winsener Straße 14" ObjVorlage="2013-09-11 00:00:00.0" ObKeinKontakt="1" ObjArtID="1" Merkmal="0.0" ObjInfo="Verkauft durch Insolvenzverwalter Lehmann"/>
  <Objekte ObjID="17675" ObjStrasseID="15569" ObjVorlage="2013-09-11 00:00:00.0" ObKeinKontakt="1" ObjArtID="1"/>
  <Objekte ObjID="17676" ObjAufnahme="2011-02-24" ObjStrasseID="5121" ObjHausnummer="Albert- Schweizer-Straße 10" ObjVorlage="2013-09-11 00:00:00.0" ObKeinKontakt="1" ObjArtID="271" ObjInfo="Hertie ist raus Neubau,&#xD;&#xA;zweiter Investor ist Adler Immobilien"/>
  <Objekte ObjID="17677" ObjAufnahme="2011-02-24" ObjStrasseID="7987" ObjHausnummer="Rundestraße 6" ObjVorlage="2013-09-11 00:00:00.0" ObKeinKontakt="1" ObjArtID="37"/>
  <Objekte ObjID="17678" ObjAufnahme="2011-02-24" ObjStrasseID="6714" ObjHausnummer="Hamburger Allee 25" ObjVorlage="2013-09-11 00:00:00.0" ObKeinKontakt="1" ObjArtID="9"/>
  <Objekte ObjID="17679" ObjAufnahme="2011-02-24" ObjStrasseID="6714" ObjHausnummer="Hamburger Allee 25A" ObjVorlage="2013-09-11 00:00:00.0" ObKeinKontakt="1" ObjArtID="9"/>
  <Objekte ObjID="17680" ObjAufnahme="2011-02-24" ObjStrasseID="6714" ObjHausnummer="Hamburger Allee 27A" ObjVorlage="2013-09-11 00:00:00.0" ObKeinKontakt="1" ObjArtID="9"/>
  <Objekte ObjID="17681" ObjAufnahme="2011-07-13" ObjStrasseID="6875" ObjHausnummer="Hildesheimer Straße 314" ObjVorlage="2013-09-11 00:00:00.0" ObKeinKontakt="1" ObjArtID="5" ObjInfo="Wird von der Volksbank angeboten"/>
  <Objekte ObjID="17682" ObjAufnahme="2011-07-13" ObjStrasseID="5912" ObjHausnummer="Benzweg 1" ObjVorlage="2013-09-11 00:00:00.0" ObKeinKontakt="1" ObjArtID="5" ObjInfo="Wird schon lange von LeineImmobilien inseriert"/>
  <Objekte ObjID="17683" ObjAufnahme="2011-08-01" ObjStrasseID="11800" ObjHausnummer="Südstrasse 14" ObjVorlage="2013-09-11 00:00:00.0" ObKeinKontakt="5" ObjArtID="1"/>
  <Objekte ObjID="17684" ObjAufnahme="2011-08-04" ObjStrasseID="6944" ObjHausnummer="Hüttenstraße 5" ObjVorlage="2013-09-11 00:00:00.0" ObKeinKontakt="1" ObjArtID="5" ObjInfo="Wurde 31.5.2010 von Grefe angeboten.&#xD;&#xA;Ebenso 16.6.2009 von Nordland Investment Gregor Breschke&#xD;&#xA;Konnte mir nicht sagen wer Eigentümer"/>
  <Objekte ObjID="17685" ObjAufnahme="2011-08-04" ObjStrasseID="8298" ObjHausnummer="Stöckener Straße 99" ObjVorlage="2013-09-11 00:00:00.0" ObKeinKontakt="4" ObjArtID="5"/>
  <Objekte ObjID="17686" ObjAufnahme="2011-08-04" ObjStrasseID="6592" ObjHausnummer="Goethestraße 18" ObjVorlage="2013-09-11 00:00:00.0" ObKeinKontakt="3" ObjArtID="9"/>
  <Objekte ObjID="17687" ObjAufnahme="2011-08-04" ObjStrasseID="7480" ObjHausnummer="Marienstraße 28" ObjVorlage="2013-09-11 00:00:00.0" ObKeinKontakt="4" ObjArtID="5" ObjInfo="Wird von Engel und Völkers angeboten für 990.000 EUR bei 68.000 Nettomieteinnahmen"/>
  <Objekte ObjID="17688" ObjAufnahme="2011-08-04" ObjStrasseID="7299" ObjHausnummer="Landschaftsstraße 7" ObjVorlage="2013-09-11 00:00:00.0" ObKeinKontakt="4" ObjArtID="9" ObjInfo="Wird von Sebastian Fesser angeboten für 2.6 Mio EUR&#xD;&#xA;Schild kängt aus von Niedersachsen Immobilienfond&#xD;&#xA;www.immobilien.niedersachsen.de"/>
  <Objekte ObjID="17689" ObjAufnahme="2011-08-04" ObjStrasseID="5829" ObjHausnummer="Auf dem Dorn 18" ObjVorlage="2013-09-11 00:00:00.0" ObKeinKontakt="4" ObjArtID="11" ObjInfo="Wird von Kreipe für 2.535.900 EUR angeboten am 15.11.2010"/>
  <Objekte ObjID="17690" ObjAufnahme="2011-08-04" ObjStrasseID="8113" ObjHausnummer="Schulenburger Landstraße 110" ObjVorlage="2013-09-11 00:00:00.0" ObKeinKontakt="4" ObjArtID="1" ObjInfo="Wurde von Grefe am 20.12.2010 für 879.000 angeboten"/>
  <Objekte ObjID="17691" ObjAufnahme="2011-08-04" ObjStrasseID="8113" ObjHausnummer="Schulenburger Landstraße 112" ObjVorlage="2013-09-11 00:00:00.0" ObKeinKontakt="4" ObjArtID="1" ObjInfo="Wurde von Grefe am 20.12.2010 zusammen mit Schulenburger Landstraße 110"/>
  <Objekte ObjID="17692" ObjAufnahme="2011-08-04" ObjStrasseID="5837" ObjHausnummer="Auf dem Loh 28" ObjVorlage="2013-09-11 00:00:00.0" ObKeinKontakt="4" ObjArtID="5" ObjInfo="Wurde vom Maklwe Gaedecke für 499.000 EUR am 28.6.2011 angeboten"/>
  <Objekte ObjID="17693" ObjAufnahme="2011-08-08" ObjStrasseID="8359" ObjHausnummer="Theodor-Heuss-Ring 11" ObjVorlage="2013-09-11 00:00:00.0" ObKeinKontakt="1" ObjArtID="1" ObjInfo="am 24.11.10 neue 10-Jahresfinanzierung"/>
  <Objekte ObjID="17694" ObjAufnahme="2011-08-09" ObjStrasseID="8610" ObjHausnummer="Wiehbergstraße 2" ObjVorlage="2013-09-11 00:00:00.0" ObKeinKontakt="1" ObjArtID="5" ObjInfo="Objektart ist falsch Wohn-und-Geschäftshaus&#xD;&#xA;Verkauft"/>
  <Objekte ObjID="17695" ObjAufnahme="2011-08-09" ObjStrasseID="6697" ObjHausnummer="Hagenstraße 24" ObjVorlage="2013-09-11 00:00:00.0" ObKeinKontakt="1" ObjArtID="1" ObjInfo="Verkauft"/>
  <Objekte ObjID="17696" ObjAufnahme="2011-08-10" ObjStrasseID="6592" ObjHausnummer="Goethestraße 26" ObjVorlage="2013-09-11 00:00:00.0" ObKeinKontakt="1" ObjArtID="5" ObjInfo="Wohngemeinschaften"/>
  <Objekte ObjID="17697" ObjAufnahme="2011-08-10" ObjStrasseID="6592" ObjHausnummer="Goethestraße 16" ObjVorlage="2013-09-11 00:00:00.0" ObKeinKontakt="5" ObjArtID="5" ObjInfo="türkische Vereine"/>
  <Objekte ObjID="17698" ObjAufnahme="2011-08-10" ObjStrasseID="11501" ObjHausnummer="Alte Rathausstraße 5" ObjVorlage="2013-09-11 00:00:00.0" ObKeinKontakt="1" ObjArtID="1"/>
  <Objekte ObjID="17699" ObjAufnahme="2011-08-17" ObjStrasseID="5707" ObjHausnummer="Am Seelberg 45" ObjVorlage="2013-09-11 00:00:00.0" ObKeinKontakt="1" ObjArtID="35"/>
  <Objekte ObjID="17700" ObjAufnahme="2011-08-20" ObjStrasseID="6812" ObjHausnummer="Heinrichstraße" ObjVorlage="2013-09-11 00:00:00.0" ObKeinKontakt="1" ObjArtID="35"/>
  <Objekte ObjID="17701" ObjAufnahme="2011-08-20" ObjStrasseID="6812" ObjHausnummer="Heinrichstraße 37" ObjVorlage="2013-09-11 00:00:00.0" ObKeinKontakt="5" ObjArtID="35"/>
  <Objekte ObjID="17702" ObjAufnahme="2011-08-23" ObjStrasseID="6263" ObjHausnummer="Dreikreuzenstraße 7" ObjVorlage="2013-09-11 00:00:00.0" ObKeinKontakt="1" ObjArtID="1"/>
  <Objekte ObjID="17703" ObjAufnahme="2011-08-23" ObjStrasseID="8336" ObjHausnummer="Sutelstraße 38" ObjVorlage="2013-09-11 00:00:00.0" ObKeinKontakt="1" ObjArtID="1"/>
  <Objekte ObjID="17704" ObjAufnahme="2011-08-23" ObjStrasseID="6350" ObjHausnummer="Engelbosteler Damm 61" ObjVorlage="2013-09-11 00:00:00.0" ObKeinKontakt="1" ObjArtID="5"/>
  <Objekte ObjID="17705" ObjAufnahme="2011-08-23" ObjStrasseID="6195" ObjHausnummer="Davenstedter Straße 23" ObjVorlage="2013-09-11 00:00:00.0" ObKeinKontakt="1" ObjArtID="1"/>
  <Objekte ObjID="17706" ObjAufnahme="2011-08-23" ObjStrasseID="15298" ObjHausnummer="Schillerstraße 13" ObjVorlage="2013-09-11 00:00:00.0" ObKeinKontakt="1" ObjArtID="5"/>
  <Objekte ObjID="17707" ObjAufnahme="2011-08-23" ObjStrasseID="8232" ObjHausnummer="Spielhagenstraße 17" ObjVorlage="2013-09-11 00:00:00.0" ObKeinKontakt="1" ObjArtID="5"/>
  <Objekte ObjID="17708" ObjAufnahme="2011-08-23" ObjStrasseID="15299" ObjHausnummer="Münchhofstraße 53" ObjVorlage="2013-09-11 00:00:00.0" ObKeinKontakt="1" ObjArtID="1"/>
  <Objekte ObjID="17709" ObjAufnahme="2011-08-23" ObjStrasseID="5940" ObjHausnummer="Bertramstraße 6" ObjVorlage="2013-09-11 00:00:00.0" ObKeinKontakt="1" ObjArtID="1"/>
  <Objekte ObjID="17710" ObjAufnahme="2011-09-02" ObjStrasseID="8662" ObjHausnummer="Wißmannstraße 31" ObjVorlage="2013-09-11 00:00:00.0" ObKeinKontakt="1" ObjArtID="1"/>
  <Objekte ObjID="17711" ObjAufnahme="2011-09-02" ObjStrasseID="15309" ObjHausnummer="Schreiberhauer Straße 2-22" ObjVorlage="2013-09-11 00:00:00.0" ObKeinKontakt="1" ObjArtID="9"/>
  <Objekte ObjID="17712" ObjAufnahme="2011-09-02" ObjStrasseID="15310" ObjHausnummer="Rochusstraße 6-14" ObjVorlage="2013-09-11 00:00:00.0" ObKeinKontakt="1" ObjArtID="9"/>
  <Objekte ObjID="17713" ObjAufnahme="2011-09-02" ObjStrasseID="7830" ObjHausnummer="Querstraße 33" ObjVorlage="2013-09-11 00:00:00.0" ObKeinKontakt="1" ObjArtID="1"/>
  <Objekte ObjID="17714" ObjAufnahme="2011-09-02" ObjStrasseID="7695" ObjHausnummer="Ossietzkyring 10" ObjVorlage="2013-09-11 00:00:00.0" ObKeinKontakt="1" ObjArtID="1" ObjInfo="Dummy"/>
  <Objekte ObjID="17715" ObjAufnahme="2011-09-02" ObjStrasseID="15312" ObjHausnummer="Feininger Straße 2-22" ObjVorlage="2013-09-11 00:00:00.0" ObKeinKontakt="1" ObjArtID="1"/>
  <Objekte ObjID="17716" ObjAufnahme="2011-09-02" ObjStrasseID="15313" ObjHausnummer="Äußere Dresdener Straße 15" ObjVorlage="2013-09-11 00:00:00.0" ObKeinKontakt="1" ObjArtID="11"/>
  <Objekte ObjID="17717" ObjAufnahme="2011-09-02" ObjStrasseID="15314" ObjHausnummer="Kurt-Wagner.Straße 2" ObjVorlage="2013-09-11 00:00:00.0" ObKeinKontakt="1" ObjArtID="11"/>
  <Objekte ObjID="17718" ObjAufnahme="2011-09-07" ObjStrasseID="6686" ObjHausnummer="Haarstraße 1" ObjVorlage="2013-09-11 00:00:00.0" ObKeinKontakt="1" ObjArtID="1" ObjInfo="1977 Florin bevenser Weg 10"/>
  <Objekte ObjID="17719" ObjAufnahme="2011-09-07" ObjStrasseID="6686" ObjHausnummer="Haarstraße 3" ObjVorlage="2013-09-11 00:00:00.0" ObKeinKontakt="1" ObjArtID="1" ObjInfo="1977 E.Klas"/>
  <Objekte ObjID="17720" ObjAufnahme="2011-09-07" ObjStrasseID="6686" ObjHausnummer="Haarstraße 5" ObjVorlage="2013-09-11 00:00:00.0" ObKeinKontakt="1" ObjArtID="1" ObjInfo="1977 Prakla Seismos"/>
  <Objekte ObjID="17721" ObjAufnahme="2011-09-07" ObjStrasseID="6686" ObjHausnummer="Haarstraße 15" ObjVorlage="2013-09-11 00:00:00.0" ObKeinKontakt="1" ObjArtID="1" ObjInfo="1977 H.Simon,R.Abel,Dipl.Ing Zibelius, Bopp u.reuther GmbH Mannheim"/>
  <Objekte ObjID="17722" ObjAufnahme="2011-09-07" ObjStrasseID="6686" ObjHausnummer="Haarstraße 9" ObjVorlage="2013-09-11 00:00:00.0" ObKeinKontakt="1" ObjArtID="1" ObjInfo="H. Lückenhaus"/>
  <Objekte ObjID="17723" ObjAufnahme="2011-09-07" ObjStrasseID="6686" ObjHausnummer="Haarstraße 11" ObjVorlage="2013-09-11 00:00:00.0" ObKeinKontakt="1" ObjArtID="1" ObjInfo="1977 Elisabeth Hedeler"/>
  <Objekte ObjID="17724" ObjAufnahme="2011-09-07" ObjStrasseID="6686" ObjHausnummer="Haarstraße 13" ObjVorlage="2013-09-11 00:00:00.0" ObKeinKontakt="1" ObjArtID="1" ObjInfo="1977 Frau M.Schnepel deisterstraße 78, Frau B. Steigräber THymstr.2, Goslar-Krämerswinkel  u. Berty Gödeke Hindenburgstraße 10"/>
  <Objekte ObjID="17725" ObjAufnahme="2011-09-08" ObjStrasseID="6686" ObjHausnummer="Haarstraße 15" ObjVorlage="2013-09-11 00:00:00.0" ObKeinKontakt="1" ObjArtID="1" ObjInfo="1977 H.Simon, R.Abel u. K.Zibelius,Kopp &amp; Reuther Mannheim"/>
  <Objekte ObjID="17726" ObjAufnahme="2011-09-08" ObjStrasseID="6686" ObjHausnummer="Haarstraße 2" ObjVorlage="2013-09-11 00:00:00.0" ObKeinKontakt="1" ObjArtID="1" ObjInfo="1977 Frau werner Bevenser Weg 10"/>
  <Objekte ObjID="17727" ObjAufnahme="2011-09-08" ObjStrasseID="6686" ObjHausnummer="Haarstraße 4" ObjVorlage="2013-09-11 00:00:00.0" ObKeinKontakt="1" ObjArtID="1" ObjInfo="1977 W.Sauerwald"/>
  <Objekte ObjID="17728" ObjAufnahme="2011-09-08" ObjStrasseID="6686" ObjHausnummer="Haarstraße 6" ObjVorlage="2013-09-11 00:00:00.0" ObKeinKontakt="1" ObjArtID="1" ObjInfo="Ev.Luth. Kirche"/>
  <Objekte ObjID="17729" ObjAufnahme="2011-09-08" ObjStrasseID="6686" ObjHausnummer="Haarstraße 8" ObjVorlage="2013-09-11 00:00:00.0" ObKeinKontakt="1" ObjArtID="1" ObjInfo="1977 Ruth Schünemann"/>
  <Objekte ObjID="17730" ObjAufnahme="2011-09-08" ObjStrasseID="6686" ObjHausnummer="Haarstraße 10" ObjVorlage="2013-09-11 00:00:00.0" ObKeinKontakt="1" ObjArtID="1" ObjInfo="H.Siegling Lothringer Straße 43"/>
  <Objekte ObjID="17731" ObjAufnahme="2011-09-08" ObjStrasseID="6686" ObjHausnummer="Haarstraße 12" ObjVorlage="2013-09-11 00:00:00.0" ObKeinKontakt="1" ObjArtID="1" ObjInfo="1977 Edith Vincentz"/>
  <Objekte ObjID="17732" ObjAufnahme="2011-09-08" ObjStrasseID="6686" ObjHausnummer="Haarstraße 14" ObjVorlage="2013-09-11 00:00:00.0" ObKeinKontakt="1" ObjArtID="1" ObjInfo="1977 B.u.I.Vincentz"/>
  <Objekte ObjID="17733" ObjAufnahme="2011-09-08" ObjStrasseID="6686" ObjHausnummer="Haarstraße16" ObjVorlage="2013-09-11 00:00:00.0" ObKeinKontakt="1" ObjArtID="1" ObjInfo="1977 Cajewitz Hildesheimer Str. 11"/>
  <Objekte ObjID="17734" ObjAufnahme="2011-09-08" ObjStrasseID="6141" ObjHausnummer="Celler Straße 10" ObjVorlage="2013-09-11 00:00:00.0" ObKeinKontakt="1" ObjArtID="5"/>
  <Objekte ObjID="17735" ObjAufnahme="2011-09-09" ObjStrasseID="5679" ObjHausnummer="Am Lindenhofe 3" ObjVorlage="2013-09-11 00:00:00.0" ObKeinKontakt="1" ObjArtID="1"/>
  <Objekte ObjID="17736" ObjAufnahme="2011-09-10" ObjStrasseID="5983" ObjHausnummer="Bischofsholer Damm 20" ObjVorlage="2013-09-11 00:00:00.0" ObKeinKontakt="1" ObjArtID="177"/>
  <Objekte ObjID="17737" ObjAufnahme="2011-09-10" ObjStrasseID="7902" ObjHausnummer="Ringstraße 10B" ObjVorlage="2013-09-11 00:00:00.0" ObKeinKontakt="1" ObjArtID="5"/>
  <Objekte ObjID="17738" ObjAufnahme="2011-09-10" ObjStrasseID="8363" ObjHausnummer="Theodorstraße 2" ObjVorlage="2013-09-11 00:00:00.0" ObKeinKontakt="1" ObjArtID="5"/>
  <Objekte ObjID="17739" ObjAufnahme="2011-09-10" ObjStrasseID="15325" ObjHausnummer="Hamburger Straße 283-285" ObjVorlage="2013-09-11 00:00:00.0" ObKeinKontakt="1" ObjArtID="5"/>
  <Objekte ObjID="17740" ObjAufnahme="2011-09-10" ObjStrasseID="15327" ObjHausnummer="Kamp 2" ObjVorlage="2013-09-11 00:00:00.0" ObKeinKontakt="1" ObjArtID="35"/>
  <Objekte ObjID="17741" ObjAufnahme="2011-09-10" ObjStrasseID="6714" ObjHausnummer="Hamburger Allee 70" ObjVorlage="2013-09-11 00:00:00.0" ObKeinKontakt="1" ObjArtID="1"/>
  <Objekte ObjID="17742" ObjAufnahme="2011-10-05" ObjStrasseID="15414" ObjHausnummer="Leinfelderstraße" ObjVorlage="2013-09-11 00:00:00.0" ObKeinKontakt="1" ObjArtID="11"/>
  <Objekte ObjID="17743" ObjAufnahme="2011-10-05" ObjStrasseID="7818" ObjHausnummer="Prinzenstraße 8" ObjVorlage="2013-09-11 00:00:00.0" ObKeinKontakt="1" ObjArtID="37"/>
  <Objekte ObjID="17744" ObjAufnahme="2011-10-05" ObjStrasseID="15416" ObjHausnummer="Andersen Weg 5" ObjVorlage="2013-09-11 00:00:00.0" ObKeinKontakt="1" ObjArtID="10"/>
  <Objekte ObjID="17745" ObjAufnahme="2011-10-05" ObjStrasseID="6962" ObjHausnummer="Ilsenburger Weg 19" ObjVorlage="2013-09-11 00:00:00.0" ObKeinKontakt="1" ObjArtID="1"/>
  <Objekte ObjID="17746" ObjAufnahme="2011-10-05" ObjStrasseID="15417" ObjHausnummer="Hähnlehofstraße 5" ObjVorlage="2013-09-11 00:00:00.0" ObKeinKontakt="1" ObjArtID="11"/>
  <Objekte ObjID="17747" ObjAufnahme="2011-10-05" ObjStrasseID="10196" ObjHausnummer="Liebigstraße 30" ObjVorlage="2013-09-11 00:00:00.0" ObKeinKontakt="1" ObjArtID="1"/>
  <Objekte ObjID="17748" ObjAufnahme="2011-10-07" ObjStrasseID="8381" ObjHausnummer="Tiestestraße 16-18" ObjVorlage="2013-09-11 00:00:00.0" ObKeinKontakt="1" ObjArtID="9"/>
  <Objekte ObjID="17749" ObjAufnahme="2011-10-07" ObjStrasseID="15420" ObjHausnummer="Depenauer Weg 23-29" ObjVorlage="2013-09-11 00:00:00.0" ObKeinKontakt="1" ObjArtID="1"/>
  <Objekte ObjID="17750" ObjAufnahme="2011-10-07" ObjStrasseID="6706" ObjHausnummer="Hainhölzer Straße 9" ObjVorlage="2013-09-11 00:00:00.0" ObKeinKontakt="1" ObjArtID="1"/>
  <Objekte ObjID="17751" ObjAufnahme="2011-10-07" ObjStrasseID="15421" ObjHausnummer="An der Kahlrieteh 9,9A,10" ObjVorlage="2013-09-11 00:00:00.0" ObKeinKontakt="1" ObjArtID="1"/>
  <Objekte ObjID="17752" ObjAufnahme="2011-10-07" ObjStrasseID="7960" ObjHausnummer="Rotekreuzstraße 28-40" ObjVorlage="2013-09-11 00:00:00.0" ObKeinKontakt="1" ObjArtID="1"/>
  <Objekte ObjID="17753" ObjAufnahme="2011-10-07" ObjStrasseID="15422" ObjHausnummer="Königstraße 36-38" ObjVorlage="2013-09-11 00:00:00.0" ObKeinKontakt="1" ObjArtID="1"/>
  <Objekte ObjID="17754" ObjAufnahme="2011-10-07" ObjStrasseID="15424" ObjHausnummer="Prenzlauer Allee 198" ObjVorlage="2013-09-11 00:00:00.0" ObKeinKontakt="1" ObjArtID="1"/>
  <Objekte ObjID="17755" ObjAufnahme="2011-10-07" ObjStrasseID="15426" ObjHausnummer="Eberswalder Straße 22" ObjVorlage="2013-09-11 00:00:00.0" ObKeinKontakt="1" ObjArtID="1"/>
  <Objekte ObjID="17756" ObjAufnahme="2011-10-07" ObjStrasseID="7231" ObjHausnummer="Körnerstraße 10" ObjVorlage="2013-09-11 00:00:00.0" ObKeinKontakt="1" ObjArtID="1"/>
  <Objekte ObjID="17757" ObjAufnahme="2011-10-07" ObjStrasseID="15427" ObjHausnummer="M.T.Buchholzstich 2" ObjVorlage="2013-09-11 00:00:00.0" ObKeinKontakt="1" ObjArtID="1"/>
  <Objekte ObjID="17758" ObjAufnahme="2011-10-07" ObjStrasseID="3366" ObjHausnummer="Egestorffstraße 10" ObjVorlage="2013-09-11 00:00:00.0" ObKeinKontakt="1" ObjArtID="5"/>
  <Objekte ObjID="17759" ObjAufnahme="2011-10-07" ObjStrasseID="9337" ObjHausnummer="Händelstraße 26" ObjVorlage="2013-09-11 00:00:00.0" ObKeinKontakt="1" ObjArtID="1" ObjInfo="eventuell nur Eigentumswohnungen"/>
  <Objekte ObjID="17760" ObjAufnahme="2011-10-07" ObjStrasseID="15429" ObjHausnummer="Quellenweg 52-54" ObjVorlage="2013-09-11 00:00:00.0" ObKeinKontakt="1" ObjArtID="1"/>
  <Objekte ObjID="17761" ObjAufnahme="2012-02-10" ObjLetztKontakt="2012-02-21" ObjStrasseID="7220" ObjHausnummer="Königsworther Straße 23A" ObjVorlage="2013-09-11 00:00:00.0" ObKeinKontakt="1" ObjArtID="1" ObjInfo="gemeldet:&#xD;&#xA;Dr. Mußmann &amp; Partner&#xD;&#xA;Personal und Organisationsentwicklung&#xD;&#xA;Tel. (1227138)&#xD;&#xA;0511 - 165 976 0 - 20&#xD;&#xA;gehört Erbengemeinschaft in Sddeutschland alt&#xD;&#xA;Wollen nicht verkaufen.&#xD;&#xA;Dr. Mußmann hat sebst Interesse.&#xD;&#xA;Hat 2011 gefragt&#xD;&#xA;Ahb Architekten Amberger, Haberecht, Bösch&#xD;&#xA;131063&#xD;&#xA;Eigentümer früher: EGN Einkaufsgemeinschaft Nord für Sanitär und Heizung GmbH &amp; Co,"/>
  <Objekte ObjID="17762" ObjAufnahme="2012-03-03" ObjStrasseID="7220" ObjHausnummer="Königsworther Straße 3" ObjVorlage="2013-09-11 00:00:00.0" ObKeinKontakt="1" ObjArtID="1" ObjInfo="1977: Frau U.Baumann"/>
  <Objekte ObjID="17763" ObjAufnahme="2012-03-03" ObjStrasseID="7220" ObjHausnummer="Königsworther Straße 9" ObjVorlage="2013-09-11 00:00:00.0" ObKeinKontakt="1" ObjArtID="1" ObjInfo="1977: F.Busche Wernigeroder Weg 17"/>
  <Objekte ObjID="17764" ObjAufnahme="2012-03-03" ObjStrasseID="7220" ObjHausnummer="Königsworther Straße 45" ObjVorlage="2013-09-11 00:00:00.0" ObKeinKontakt="1" ObjArtID="1" ObjInfo="1977: Stadtwerke Hannover AG"/>
  <Objekte ObjID="17765" ObjAufnahme="2012-03-03" ObjStrasseID="7220" ObjHausnummer="Königsworther Straße 2" ObjVorlage="2013-09-11 00:00:00.0" ObKeinKontakt="1" ObjArtID="1" ObjInfo="1977: Bund der Vertriebenen u. Gilde Brauerei Hildesheimer Str. 132"/>
  <Objekte ObjID="17766" ObjAufnahme="2012-03-07" ObjStrasseID="6524" ObjHausnummer="Gartenstraße 15" ObjVorlage="2013-09-11 00:00:00.0" ObKeinKontakt="1" ObjArtID="1" ObjInfo="1977: Hermann U. Noe Dipl.Ing. Podbielskistr. 48, 0511660627&#xD;&#xA;lebt nicht mehr&#xD;&#xA;wahrscheinlich Kinder&#xD;&#xA;Kira weiss davon Hinten eine Werkstatt,&#xD;&#xA;Ihr Vermieter hat Interesse Alte Frau hat 11 Häuser will 500000&#xD;&#xA;Sie meint sie heist Lindner&#xD;&#xA;Tel Kira 4506189&#xD;&#xA;2012 :(Hans-Dieter Abraham&#xD;&#xA;Gartenstraße 15, 30161 Hannover,&#xD;&#xA;0171 5 31 85 94)&#xD;&#xA;Lothar Garbe&#xD;&#xA;Gartenstraße 15, 30161 Hannover,&#xD;&#xA;0511 34 23 11&#xD;&#xA;Kennt Eigentümer will aber nicht benennen"/>
  <Objekte ObjID="17767" ObjAufnahme="2012-03-07" ObjStrasseID="6524" ObjHausnummer="Gartenstraße 18A" ObjVorlage="2013-09-11 00:00:00.0" ObKeinKontakt="1" ObjArtID="1" ObjInfo="1977: I.Hahn Bückeburg,Ulmenallee 23&#xD;&#xA;2012: Schuschies Manfred Dipl.-Ing. , Hahne-Schuschies Margret Selbsthilfegruppe für Osteoporose &#09;(0 57 22) 52 95,"/>
  <Objekte ObjID="17768" ObjAufnahme="2012-03-07" ObjStrasseID="6524" ObjHausnummer="Gartenstraße 19A" ObjVorlage="2013-09-11 00:00:00.0" ObKeinKontakt="1" ObjArtID="1" ObjInfo="1977: wie 19"/>
  <Objekte ObjID="17769" ObjAufnahme="2012-03-07" ObjStrasseID="6524" ObjHausnummer="Gartenstraße 29" ObjVorlage="2013-09-11 00:00:00.0" ObKeinKontakt="1" ObjArtID="1" ObjInfo="1977: F.Kühn Sedanstr.58&#xD;&#xA;2012: renate Althaus Gartenstraße 29&#xD;&#xA;30161 Hannover&#xD;&#xA;Tel: 0511 484466"/>
  <Objekte ObjID="17770" ObjAufnahme="2012-03-07" ObjStrasseID="6524" ObjHausnummer="Gartenstraße 22A" ObjVorlage="2013-09-11 00:00:00.0" ObKeinKontakt="1" ObjArtID="1" ObjInfo="2012: Assama Alseheri&#xD;&#xA;Gartenstraße 22 A, 30161 Hannover,0171 1 72 84 94"/>
  <Objekte ObjID="17771" ObjAufnahme="2012-03-12" ObjStrasseID="6350" ObjHausnummer="Engelbosteler Damm 1" ObjVorlage="2013-09-11 00:00:00.0" ObKeinKontakt="1" ObjArtID="1" ObjInfo="Kontakt:&#xD;&#xA;AICHA JOUNI Kosmetik&#xD;&#xA;Engelbosteler Damm 1&#xD;&#xA;30167 Hannover&#xD;&#xA;Fon: 05 11 - 70 30 30&#xD;&#xA;Fax: 05 11 - 70 30 30&#xD;&#xA;E-Mail: info@aicha-jouni-kosmetik.de &#xD;&#xA;Fahrschule Metropol (0)&#xD;&#xA;&#xD;&#xA;Engelbosteler Damm 1&#xD;&#xA;30167 Hannover Nordstadt&#xD;&#xA;&#xD;&#xA;Tel.: (05 11) 6 42 50 66&#xD;&#xA;Ross Dieter&#xD;&#xA;Engelbosteler Damm 1, Tel.: 0511 717878 (Therapie Hannover)&#xD;&#xA;13.3.nochmal anrufen&#xD;&#xA;Hey Thomas&#xD;&#xA;Engelbosteler Damm 1, Tel.: 0511 16300-0 (Werbeagentur Hannover)&#xD;&#xA;Eigentümer Linke 01751959115"/>
  <Objekte ObjID="17772" ObjAufnahme="2012-04-19" ObjStrasseID="5994" ObjHausnummer="Blumenstraße 10" ObjVorlage="2013-09-11 00:00:00.0" ObKeinKontakt="1" ObjArtID="1" ObjInfo="Eigentümer Horst A. von Einsiedel, Amtberg 2, 30982 Pattensen-Koldingen&#xD;&#xA;Flächen an der B 65 (Bückeburger Allee)&#xD;&#xA;05102 48 98"/>
  <Objekte ObjID="17773" ObjAufnahme="2012-05-10" ObjStrasseID="7326" ObjHausnummer="Lavesstraße 74" ObjVorlage="2013-09-11 00:00:00.0" ObKeinKontakt="2" ObjArtID="5"/>
  <Objekte ObjID="17774" ObjAufnahme="2012-05-14" ObjStrasseID="7326" ObjHausnummer="Lavesstraße 6" ObjVorlage="2013-09-11 00:00:00.0" ObKeinKontakt="3" ObjArtID="37" ObjInfo="220 m² 3.OG 8,50 €/m²&#xD;&#xA;Ärzte Rechtsanwälte u.s.w."/>
  <Objekte ObjID="17775" ObjAufnahme="2012-05-15" ObjStrasseID="6877" ObjHausnummer="Hilshof 2-4" ObjVorlage="2013-09-11 00:00:00.0" ObKeinKontakt="1" ObjArtID="1" ObjInfo="Bei Altmietern ist keine Kündigung wegen wirtschaftlicher Verwertung möglich sowie Mietsteigerungen sind eingeschränkt vom 29.6.2012 mit Herrn Herrmann gesprochen"/>
  <Objekte ObjID="17776" ObjAufnahme="2012-05-21" ObjStrasseID="5607" ObjHausnummer="Am Brabrinke 14" ObjVorlage="2013-09-11 00:00:00.0" ObKeinKontakt="3" ObjArtID="11" ObjInfo="Angebot Vermietung Sirius Facilities GmbH"/>
  <Objekte ObjID="17777" ObjAufnahme="2012-06-16" ObjStrasseID="15455" ObjHausnummer="Franziskaner Straße 2-6" ObjVorlage="2013-09-11 00:00:00.0" ObKeinKontakt="5" ObjArtID="1"/>
  <Objekte ObjID="17778" ObjAufnahme="2012-06-16" ObjStrasseID="15456" ObjHausnummer="Steeler Strasse 95-101" ObjVorlage="2013-09-11 00:00:00.0" ObKeinKontakt="5" ObjArtID="1"/>
  <Objekte ObjID="17779" ObjAufnahme="2012-06-16" ObjStrasseID="15457" ObjHausnummer="Zweigstrasse 15" ObjVorlage="2013-09-11 00:00:00.0" ObKeinKontakt="5" ObjArtID="1"/>
  <Objekte ObjID="17780" ObjAufnahme="2012-06-16" ObjStrasseID="15458" ObjHausnummer="Sommerau 51-53" ObjVorlage="2013-09-11 00:00:00.0" ObKeinKontakt="5" ObjArtID="1"/>
  <Objekte ObjID="17781" ObjAufnahme="2012-06-16" ObjStrasseID="15460" ObjHausnummer="Ben-Gurion-Ring 64-88" ObjVorlage="2013-09-11 00:00:00.0" ObKeinKontakt="5" ObjArtID="1" ObjInfo="nur mehr 74 Wohnungen vorhanden"/>
  <Objekte ObjID="17782" ObjAufnahme="2012-06-16" ObjStrasseID="15461" ObjHausnummer="Wiesenstraße 1" ObjVorlage="2013-09-11 00:00:00.0" ObKeinKontakt="5" ObjArtID="1"/>
  <Objekte ObjID="17783" ObjAufnahme="2012-06-16" ObjStrasseID="15462" ObjHausnummer="Eckenbacher Strasse 3-5" ObjVorlage="2013-09-11 00:00:00.0" ObKeinKontakt="5" ObjArtID="1"/>
  <Objekte ObjID="17784" ObjAufnahme="2012-06-16" ObjStrasseID="15463" ObjHausnummer="Erlenweg 1-4" ObjVorlage="2013-09-11 00:00:00.0" ObKeinKontakt="5" ObjArtID="1"/>
  <Objekte ObjID="17785" ObjAufnahme="2012-06-16" ObjStrasseID="15465" ObjHausnummer="Kablower Weg 89" ObjVorlage="2013-09-11 00:00:00.0" ObKeinKontakt="1" ObjArtID="11"/>
  <Objekte ObjID="17786" ObjAufnahme="2012-07-12" ObjStrasseID="7326" ObjHausnummer="Lavesstraße 73" ObjVorlage="2013-09-11 00:00:00.0" ObKeinKontakt="1" ObjArtID="1" ObjInfo="F.C.Strümpel&#xD;&#xA;Goldschmiedemeister&#xD;&#xA;Tel. 0511321038"/>
  <Objekte ObjID="17787" ObjAufnahme="2012-07-12" ObjStrasseID="7326" ObjHausnummer="Lavesstraße 75" ObjVorlage="2013-09-11 00:00:00.0" ObKeinKontakt="4" ObjArtID="1" ObjInfo="Mieter:&#xD;&#xA;Videothek 0511328260&#xD;&#xA;Die Goldene Schere 0511324178&#xD;&#xA;Gabriele Methner 0511328260&#xD;&#xA;nummern stimmen nicht"/>
  <Objekte ObjID="17788" ObjAufnahme="2012-07-12" ObjStrasseID="7326" ObjHausnummer="Lavesstraße 10" ObjVorlage="2013-09-11 00:00:00.0" ObKeinKontakt="1" ObjArtID="1" ObjInfo="Baby First 051121586252&#xD;&#xA;Jürgen Herrenkind&#xD;&#xA;Erste Kirche Christi 0511321334&#xD;&#xA;Erika Knoop Mode&#xD;&#xA;0511319171&#xD;&#xA;1&amp;1 Schlüsseldienst&#xD;&#xA;051189964439&#xD;&#xA;Eigentümer verstorben&#xD;&#xA;Tel. 0511322363"/>
  <Objekte ObjID="17789" ObjAufnahme="2012-08-23" ObjStrasseID="14945" ObjHausnummer="Blücherstraße 3-5" ObjVorlage="2013-09-11 00:00:00.0" ObKeinKontakt="1" ObjArtID="1"/>
  <Objekte ObjID="17790" ObjAufnahme="2012-08-28" ObjStrasseID="6420" ObjHausnummer="Fischerstraße 7" ObjVorlage="2013-09-11 00:00:00.0" ObKeinKontakt="1" ObjArtID="1"/>
  <Objekte ObjID="17791" ObjAufnahme="2012-08-28" ObjStrasseID="7355" ObjHausnummer="Leo-Rosenblatt-Weg 6" ObjVorlage="2013-09-11 00:00:00.0" ObKeinKontakt="1" ObjArtID="1"/>
  <Objekte ObjID="17792" ObjAufnahme="2012-08-30" ObjStrasseID="8407" ObjHausnummer="Treitschkestraße 5" ObjVorlage="2013-09-11 00:00:00.0" ObKeinKontakt="1" ObjArtID="1"/>
  <Objekte ObjID="17793" ObjAufnahme="2012-08-30" ObjStrasseID="8450" ObjHausnummer="Vahrenwalder Straße 99" ObjVorlage="2013-09-11 00:00:00.0" ObKeinKontakt="1" ObjArtID="1" ObjInfo="kann auch Eigentumswohnung sein"/>
  <Objekte ObjID="17794" ObjAufnahme="2012-08-30" ObjStrasseID="15473" ObjHausnummer="Feldstraße 11-19" ObjVorlage="2013-09-11 00:00:00.0" ObKeinKontakt="1" ObjArtID="1"/>
  <Objekte ObjID="17795" ObjAufnahme="2012-08-31" ObjStrasseID="8287" ObjHausnummer="Stephanusstraße 9" ObjVorlage="2013-09-11 00:00:00.0" ObKeinKontakt="1" ObjArtID="1"/>
  <Objekte ObjID="17796" ObjAufnahme="2012-08-31" ObjStrasseID="5937" ObjHausnummer="Bertastraße 5" ObjVorlage="2013-09-11 00:00:00.0" ObKeinKontakt="1" ObjArtID="1" ObjInfo="vielleicht auch Eigentumswohnung"/>
  <Objekte ObjID="17797" ObjAufnahme="2012-08-31" ObjStrasseID="5869" ObjHausnummer="Bandelstraße 2A" ObjVorlage="2013-09-11 00:00:00.0" ObKeinKontakt="1" ObjArtID="1" ObjInfo="vielleicht auch nur Eigentumswohnung"/>
  <Objekte ObjID="17798" ObjAufnahme="2012-09-01" ObjStrasseID="7429" ObjHausnummer="Lüchower Straße 19A" ObjVorlage="2013-09-11 00:00:00.0" ObKeinKontakt="1" ObjArtID="1" ObjInfo="evtl. auch Eigentumswohnung"/>
  <Objekte ObjID="17799" ObjAufnahme="2012-09-01" ObjStrasseID="8298" ObjHausnummer="Stöckener Straße 6" ObjVorlage="2013-09-11 00:00:00.0" ObKeinKontakt="1" ObjArtID="1"/>
  <Objekte ObjID="17802" ObjAufnahme="2012-09-04" ObjStrasseID="12067" ObjHausnummer="Ellernbuschfeld 15" ObjVorlage="2013-09-11 00:00:00.0" ObKeinKontakt="1" ObjArtID="1"/>
  <Objekte ObjID="17803" ObjAufnahme="2012-09-04" ObjStrasseID="3137" ObjHausnummer="Bernwardstraße 34" ObjVorlage="2013-09-11 00:00:00.0" ObKeinKontakt="1" ObjArtID="1" ObjInfo="i61822994.ps"/>
  <Objekte ObjID="17804" ObjAufnahme="2012-09-04" ObjStrasseID="8145" ObjHausnummer="Schweriner Straße 21" ObjVorlage="2013-09-11 00:00:00.0" ObKeinKontakt="1" ObjArtID="1"/>
  <Objekte ObjID="17805" ObjAufnahme="2012-09-04" ObjStrasseID="8608" ObjHausnummer="Widemannstraße 19" ObjVorlage="2013-09-11 00:00:00.0" ObKeinKontakt="1" ObjArtID="1"/>
  <Objekte ObjID="17806" ObjAufnahme="2012-09-04" ObjStrasseID="6507" ObjHausnummer="Fuldaer Wende 14" ObjVorlage="2013-09-11 00:00:00.0" ObKeinKontakt="1" ObjArtID="1"/>
  <Objekte ObjID="17807" ObjAufnahme="2012-09-04" ObjStrasseID="5584" ObjHausnummer="Alte Ziegelei 37" ObjVorlage="2013-09-11 00:00:00.0" ObKeinKontakt="1" ObjArtID="1"/>
  <Objekte ObjID="17808" ObjAufnahme="2012-09-05" ObjStrasseID="7931" ObjHausnummer="Rönnehof 3" ObjVorlage="2013-09-11 00:00:00.0" ObKeinKontakt="1" ObjArtID="1"/>
  <Objekte ObjID="17809" ObjAufnahme="2012-09-05" ObjStrasseID="7326" ObjHausnummer="Lavesstraße 67" ObjVorlage="2013-09-11 00:00:00.0" ObKeinKontakt="1" ObjArtID="1" ObjInfo="i64361948.ps"/>
  <Objekte ObjID="17810" ObjAufnahme="2012-09-05" ObjStrasseID="7694" ObjHausnummer="Osnabrücker Straße 1" ObjVorlage="2013-09-11 00:00:00.0" ObKeinKontakt="1" ObjArtID="1" ObjInfo="i64426035.ps"/>
  <Objekte ObjID="17811" ObjAufnahme="2012-09-19" ObjStrasseID="6088" ObjHausnummer="Brühlstraße 4" ObjVorlage="2013-09-11 00:00:00.0" ObKeinKontakt="1" ObjArtID="36"/>
  <Objekte ObjID="17812" ObjAufnahme="2012-09-19" ObjStrasseID="7931" ObjHausnummer="Rönnehof 1" ObjVorlage="2013-09-11 00:00:00.0" ObKeinKontakt="1" ObjArtID="1"/>
  <Objekte ObjID="17813" ObjAufnahme="2012-09-22" ObjStrasseID="8139" ObjHausnummer="Schwarzwaldstraße 3" ObjVorlage="2013-09-11 00:00:00.0" ObKeinKontakt="1" ObjArtID="1"/>
  <Objekte ObjID="17814" ObjAufnahme="2012-09-22" ObjStrasseID="6700" ObjHausnummer="Hägewiesen 20" ObjVorlage="2013-09-11 00:00:00.0" ObKeinKontakt="1" ObjArtID="1"/>
  <Objekte ObjID="17815" ObjAufnahme="2012-09-22" ObjStrasseID="6050" ObjHausnummer="Brabeckstraße 141B" ObjVorlage="2013-09-11 00:00:00.0" ObKeinKontakt="1" ObjArtID="1"/>
  <Objekte ObjID="17816" ObjAufnahme="2012-09-22" ObjStrasseID="5737" ObjHausnummer="Am Wullwinkel 9" ObjVorlage="2013-09-11 00:00:00.0" ObKeinKontakt="1" ObjArtID="1"/>
  <Objekte ObjID="17817" ObjAufnahme="2012-09-22" ObjStrasseID="5650" ObjHausnummer="Am Holunder 9" ObjVorlage="2013-09-11 00:00:00.0" ObKeinKontakt="1" ObjArtID="1"/>
  <Objekte ObjID="17818" ObjAufnahme="2012-09-22" ObjStrasseID="6188" ObjHausnummer="Darwinstraße 17" ObjVorlage="2013-09-11 00:00:00.0" ObKeinKontakt="1" ObjArtID="1"/>
  <Objekte ObjID="17819" ObjAufnahme="2012-09-22" ObjStrasseID="7227" ObjHausnummer="Kopernikusstraße 5" ObjVorlage="2013-09-11 00:00:00.0" ObKeinKontakt="1" ObjArtID="1"/>
  <Objekte ObjID="17820" ObjAufnahme="2012-09-22" ObjStrasseID="7440" ObjHausnummer="Ludwig-Sievers-Ring 36" ObjVorlage="2013-09-11 00:00:00.0" ObKeinKontakt="1" ObjArtID="1"/>
  <Objekte ObjID="17821" ObjAufnahme="2012-09-22" ObjStrasseID="8298" ObjHausnummer="Stöckener Straße 8" ObjVorlage="2013-09-11 00:00:00.0" ObKeinKontakt="1" ObjArtID="1"/>
  <Objekte ObjID="17822" ObjAufnahme="2012-09-22" ObjStrasseID="6817" ObjHausnummer="Heisenbergstraße 3" ObjVorlage="2013-09-11 00:00:00.0" ObKeinKontakt="1" ObjArtID="1"/>
  <Objekte ObjID="17823" ObjAufnahme="2012-09-22" ObjStrasseID="7838" ObjHausnummer="Raiffeisenstraße 19" ObjVorlage="2013-09-11 00:00:00.0" ObKeinKontakt="1" ObjArtID="1"/>
  <Objekte ObjID="17824" ObjAufnahme="2012-09-22" ObjStrasseID="7827" ObjHausnummer="Quedlinburger Weg 2" ObjVorlage="2013-09-11 00:00:00.0" ObKeinKontakt="1" ObjArtID="1" ObjInfo="Susanne Scheibe 05112790693 01706637117&#xD;&#xA;i65625151&#xD;&#xA;nur Wohnungseigentümerin"/>
  <Objekte ObjID="17825" ObjAufnahme="2012-09-22" ObjStrasseID="6933" ObjHausnummer="Hudeplan 13" ObjVorlage="2013-09-11 00:00:00.0" ObKeinKontakt="1" ObjArtID="1"/>
  <Objekte ObjID="17826" ObjAufnahme="2012-09-22" ObjStrasseID="7825" ObjHausnummer="Quantelholz 5" ObjVorlage="2013-09-11 00:00:00.0" ObKeinKontakt="1" ObjArtID="15"/>
  <Objekte ObjID="17827" ObjAufnahme="2012-09-25" ObjStrasseID="6507" ObjHausnummer="Fuldaer Wende 18" ObjVorlage="2013-09-11 00:00:00.0" ObKeinKontakt="1" ObjArtID="1"/>
  <Objekte ObjID="17828" ObjAufnahme="2012-09-25" ObjStrasseID="6609" ObjHausnummer="Göttinger Chaussee 172" ObjVorlage="2013-09-11 00:00:00.0" ObKeinKontakt="1" ObjArtID="1"/>
  <Objekte ObjID="17829" ObjAufnahme="2012-09-25" ObjStrasseID="5632" ObjHausnummer="Am Ginsterbusch 28" ObjVorlage="2013-09-11 00:00:00.0" ObKeinKontakt="1" ObjArtID="1"/>
  <Objekte ObjID="17830" ObjAufnahme="2012-09-25" ObjStrasseID="7713" ObjHausnummer="Otto-Brenner-Straße 19" ObjVorlage="2013-09-11 00:00:00.0" ObKeinKontakt="1" ObjArtID="1"/>
  <Objekte ObjID="17831" ObjAufnahme="2012-09-25" ObjStrasseID="7138" ObjHausnummer="Kestnerstraße 46A" ObjVorlage="2013-09-11 00:00:00.0" ObKeinKontakt="1" ObjArtID="1"/>
  <Objekte ObjID="17832" ObjAufnahme="2012-09-25" ObjStrasseID="6523" ObjHausnummer="Gartenstraße 29" ObjVorlage="2013-09-11 00:00:00.0" ObKeinKontakt="1" ObjArtID="1"/>
  <Objekte ObjID="17833" ObjAufnahme="2012-09-25" ObjStrasseID="6119" ObjHausnummer="Burgundische Straße 7" ObjVorlage="2013-09-11 00:00:00.0" ObKeinKontakt="1" ObjArtID="1"/>
  <Objekte ObjID="17834" ObjAufnahme="2012-09-25" ObjStrasseID="5592" ObjHausnummer="Altenauer Weg 4" ObjVorlage="2013-09-11 00:00:00.0" ObKeinKontakt="1" ObjArtID="1"/>
  <Objekte ObjID="17835" ObjAufnahme="2012-09-29" ObjStrasseID="5934" ObjHausnummer="Bernstorffweg 8" ObjVorlage="2013-09-11 00:00:00.0" ObKeinKontakt="1" ObjArtID="1"/>
  <Objekte ObjID="17836" ObjAufnahme="2012-09-29" ObjStrasseID="6302" ObjHausnummer="Ehrhartstraße 9" ObjVorlage="2013-09-11 00:00:00.0" ObKeinKontakt="1" ObjArtID="1"/>
  <Objekte ObjID="17837" ObjAufnahme="2012-09-29" ObjStrasseID="6732" ObjHausnummer="Hans-Paulmann-Straße 13" ObjVorlage="2013-09-11 00:00:00.0" ObKeinKontakt="1" ObjArtID="1"/>
  <Objekte ObjID="17838" ObjAufnahme="2012-09-29" ObjStrasseID="6844" ObjHausnummer="Herforder Straße 4" ObjVorlage="2013-09-11 00:00:00.0" ObKeinKontakt="1" ObjArtID="1"/>
  <Objekte ObjID="17839" ObjAufnahme="2012-09-29" ObjStrasseID="8608" ObjHausnummer="Widemannstraße 21" ObjVorlage="2013-09-11 00:00:00.0" ObKeinKontakt="1" ObjArtID="1" ObjInfo="i66032099"/>
  <Objekte ObjID="17840" ObjAufnahme="2012-09-29" ObjStrasseID="6195" ObjHausnummer="Davenstedter Straße 44" ObjVorlage="2013-09-11 00:00:00.0" ObKeinKontakt="1" ObjArtID="1" ObjInfo="i66056556"/>
  <Objekte ObjID="17841" ObjAufnahme="2012-09-29" ObjStrasseID="8696" ObjHausnummer="Wunstorfer Straße 73" ObjVorlage="2013-09-11 00:00:00.0" ObKeinKontakt="1" ObjArtID="1"/>
  <Objekte ObjID="17842" ObjAufnahme="2012-09-29" ObjStrasseID="6697" ObjHausnummer="Hagenstraße 17A" ObjVorlage="2013-09-11 00:00:00.0" ObKeinKontakt="1" ObjArtID="1"/>
  <Objekte ObjID="17843" ObjAufnahme="2012-09-29" ObjStrasseID="5824" ObjHausnummer="Asternstraße 24" ObjVorlage="2013-09-11 00:00:00.0" ObKeinKontakt="1" ObjArtID="1"/>
  <Objekte ObjID="17844" ObjAufnahme="2012-10-01" ObjStrasseID="6088" ObjHausnummer="Brühlstraße 13" ObjVorlage="2013-09-11 00:00:00.0" ObKeinKontakt="1" ObjArtID="1"/>
  <Objekte ObjID="17845" ObjAufnahme="2012-10-01" ObjStrasseID="5673" ObjHausnummer="Am Langen Kampe" ObjVorlage="2013-09-11 00:00:00.0" ObKeinKontakt="1" ObjArtID="13" ObjInfo="gehört Erika Bonnes 017678039615"/>
  <Objekte ObjID="17846" ObjAufnahme="2012-10-02" ObjStrasseID="5755" ObjHausnummer="An der Christuskirche 10" ObjVorlage="2013-09-11 00:00:00.0" ObKeinKontakt="1" ObjArtID="1" ObjInfo="gehört Hoffmann 05365942088588 oder Fax 053658049"/>
  <Objekte ObjID="17847" ObjAufnahme="2012-10-02" ObjStrasseID="5817" ObjHausnummer="Arnswaldstraße 31" ObjVorlage="2013-09-11 00:00:00.0" ObKeinKontakt="1" ObjArtID="1" ObjInfo="gehört 0511855905 haben größeren Bestand i65990414"/>
  <Objekte ObjID="17848" ObjAufnahme="2012-10-08" ObjStrasseID="5993" ObjHausnummer="Blumenhagenstraße 10" ObjVorlage="2013-09-11 00:00:00.0" ObKeinKontakt="1" ObjArtID="8"/>
  <Objekte ObjID="17849" ObjAufnahme="2012-10-13" ObjStrasseID="6571" ObjHausnummer="Glashüttenstraße 2" ObjVorlage="2013-09-11 00:00:00.0" ObKeinKontakt="1" ObjArtID="1" ObjInfo="scout32446071"/>
  <Objekte ObjID="17850" ObjAufnahme="2012-10-13" ObjStrasseID="5752" ObjHausnummer="An der Bismarckschule 2" ObjVorlage="2013-09-11 00:00:00.0" ObKeinKontakt="1" ObjArtID="1" ObjInfo="eventuell nur 1-Zi-Wohnung 1 OG&#xD;&#xA;scout32868808"/>
  <Objekte ObjID="17851" ObjAufnahme="2012-10-13" ObjStrasseID="6798" ObjHausnummer="Heinrich-Heine-Ring 10" ObjVorlage="2013-09-11 00:00:00.0" ObKeinKontakt="1" ObjArtID="1" ObjInfo="eventuell nur 2-Zimmer-Wohnung&#xD;&#xA;scout35770177"/>
  <Objekte ObjID="17852" ObjAufnahme="2012-10-13" ObjStrasseID="8572" ObjHausnummer="Weizenfeldstraße 43" ObjVorlage="2013-09-11 00:00:00.0" ObKeinKontakt="1" ObjArtID="1" ObjInfo="Carsten Reimold 015156647478 vermietet nur&#xD;&#xA;scout47382540"/>
  <Objekte ObjID="17853" ObjAufnahme="2012-10-28" ObjStrasseID="8602" ObjHausnummer="Wettberger Edelhof 17" ObjVorlage="2013-09-11 00:00:00.0" ObKeinKontakt="1" ObjArtID="1"/>
  <Objekte ObjID="17854" ObjAufnahme="2012-10-28" ObjLetztKontakt="2012-11-01" ObjStrasseID="8485" ObjHausnummer="Voltmerstraße 63" ObjVorlage="2012-12-15 00:00:00.0" ObKeinKontakt="4" ObjArtID="1" ObjInfo="fühlt sich an anderen Makler gebunden"/>
  <Objekte ObjID="17855" ObjAufnahme="2012-10-28" ObjStrasseID="6979" ObjHausnummer="Im Heidkampe 141" ObjVorlage="2013-09-11 00:00:00.0" ObKeinKontakt="1" ObjArtID="1" ObjInfo="scout60520543"/>
  <Objekte ObjID="17856" ObjAufnahme="2012-10-28" ObjStrasseID="6198" ObjHausnummer="De-Vries-Hof 5-10" ObjVorlage="2013-09-11 00:00:00.0" ObKeinKontakt="1" ObjArtID="177"/>
  <Objekte ObjID="17857" ObjAufnahme="2012-10-28" ObjStrasseID="6659" ObjHausnummer="Grotefendstraße 2A" ObjVorlage="2013-09-11 00:00:00.0" ObKeinKontakt="1" ObjArtID="1" ObjInfo="scout56451679"/>
  <Objekte ObjID="17858" ObjAufnahme="2012-10-28" ObjLetztKontakt="2013-02-25" ObjStrasseID="8485" ObjHausnummer="Voltmerstraße 29" ObjVorlage="2013-09-11 00:00:00.0" ObKeinKontakt="2" ObjArtID="1"/>
  <Objekte ObjID="17859" ObjAufnahme="2012-10-28" ObjStrasseID="14302" ObjHausnummer="Hennigesstraße 7" ObjVorlage="2013-09-11 00:00:00.0" ObKeinKontakt="1" ObjArtID="1" ObjInfo="scout54758054"/>
  <Objekte ObjID="17860" ObjAufnahme="2012-10-28" ObjStrasseID="6201" ObjHausnummer="Deichmannstraße 1" ObjVorlage="2013-09-11 00:00:00.0" ObKeinKontakt="1" ObjArtID="1" ObjInfo="unter scout54509482 inseriert Herr Mathias Weiss &#xD;&#xA;0175/222 08 08"/>
  <Objekte ObjID="17861" ObjAufnahme="2012-10-28" ObjStrasseID="10933" ObjHausnummer="Papenkamp 26" ObjVorlage="2013-09-11 00:00:00.0" ObKeinKontakt="1" ObjArtID="1" ObjInfo="wird unter scout51096377 inseriert"/>
  <Objekte ObjID="17862" ObjAufnahme="2012-11-01" ObjStrasseID="8232" ObjHausnummer="Spielhagenstraße 25" ObjVorlage="2013-09-11 00:00:00.0" ObKeinKontakt="1" ObjArtID="1"/>
  <Objekte ObjID="17863" ObjAufnahme="2012-11-08" ObjStrasseID="5696" ObjHausnummer="Am Rohgraben 11" ObjVorlage="2013-09-11 00:00:00.0" ObKeinKontakt="1" ObjArtID="1"/>
  <Objekte ObjID="17864" ObjAufnahme="2012-11-08" ObjStrasseID="6770" ObjHausnummer="Hebbelstraße 13" ObjVorlage="2013-09-11 00:00:00.0" ObKeinKontakt="1" ObjArtID="1"/>
  <Objekte ObjID="17865" ObjAufnahme="2012-11-08" ObjStrasseID="6350" ObjHausnummer="Engelbosteler Damm 47" ObjVorlage="2013-09-11 00:00:00.0" ObKeinKontakt="2" ObjArtID="1" ObjInfo="beziehung unbekannt J.Maj 01706158133&#xD;&#xA;gehört Haus ist aber an Angeboten interessiert"/>
  <Objekte ObjID="17866" ObjAufnahme="2012-11-21" ObjStrasseID="7482" ObjHausnummer="Markgrafstraße 1" ObjVorlage="2013-09-11 00:00:00.0" ObKeinKontakt="1" ObjArtID="38"/>
  <Objekte ObjID="17867" ObjAufnahme="2012-11-22" ObjStrasseID="8490" ObjHausnummer="Von-Graevemeyer-Weg 2-8" ObjVorlage="2013-09-11 00:00:00.0" ObKeinKontakt="1" ObjArtID="1"/>
  <Objekte ObjID="17868" ObjAufnahme="2012-11-22" ObjStrasseID="7364" ObjHausnummer="Letterweg 10" ObjVorlage="2013-09-11 00:00:00.0" ObKeinKontakt="1" ObjArtID="1"/>
  <Objekte ObjID="17869" ObjAufnahme="2012-11-22" ObjStrasseID="8101" ObjHausnummer="Scholvinstraße 5" ObjVorlage="2013-09-11 00:00:00.0" ObKeinKontakt="1" ObjArtID="11"/>
  <Objekte ObjID="17870" ObjAufnahme="2012-11-23" ObjStrasseID="5870" ObjHausnummer="Bangemannweg 2" ObjVorlage="2013-09-11 00:00:00.0" ObKeinKontakt="1" ObjArtID="5"/>
  <Objekte ObjID="17871" ObjAufnahme="2012-11-23" ObjStrasseID="7879" ObjHausnummer="Reuterstraße 5" ObjVorlage="2013-09-11 00:00:00.0" ObKeinKontakt="1" ObjArtID="1" ObjInfo="K &amp; P Grundstücksverwaltung&#xD;&#xA;49 511324962"/>
  <Objekte ObjID="17872" ObjAufnahme="2012-11-23" ObjStrasseID="7118" ObjHausnummer="Karlstraße 122" ObjVorlage="2013-09-11 00:00:00.0" ObKeinKontakt="1" ObjArtID="1"/>
  <Objekte ObjID="17873" ObjAufnahme="2012-11-27" ObjStrasseID="13629" ObjHausnummer="Adolf-Emmelmann-Straße 41" ObjVorlage="2013-09-11 00:00:00.0" ObKeinKontakt="1" ObjArtID="1"/>
  <Objekte ObjID="17874" ObjAufnahme="2012-11-27" ObjStrasseID="5713" ObjHausnummer="Am Steinbruch 1" ObjVorlage="2013-09-11 00:00:00.0" ObKeinKontakt="1" ObjArtID="1"/>
  <Objekte ObjID="17875" ObjAufnahme="2012-11-27" ObjStrasseID="5906" ObjHausnummer="Beneckeallee 4" ObjVorlage="2013-09-11 00:00:00.0" ObKeinKontakt="1" ObjArtID="1" ObjInfo="Frau Brümmerhoff Anbieter kontaktieren Telefon: 05161 / 73499 ab 17 bis 20 Uhr Hannover"/>
  <Objekte ObjID="17876" ObjAufnahme="2012-11-27" ObjLetztKontakt="2013-03-15" ObjStrasseID="7480" ObjHausnummer="Marienstraße 48" ObjVorlage="2013-09-11 00:00:00.0" ObKeinKontakt="2" ObjArtID="1" ObjInfo="gehört angeblich Atrium Treuhandgesellschaft&#xD;&#xA;unter Julia Blume meldet sich slavisch sprechende Person 017688248582&#xD;&#xA;an Angebote interessiert List&#xD;&#xA;an info@atrium-hausverwaltung.de&#xD;&#xA;will Adresse nicht nennen"/>
  <Objekte ObjID="17877" ObjAufnahme="2012-11-27" ObjStrasseID="6777" ObjHausnummer="Hegebläch 14" ObjVorlage="2013-09-11 00:00:00.0" ObKeinKontakt="1" ObjArtID="1" ObjInfo="Behne 01732431928&#xD;&#xA;evtl. Verwalterin evtl. ETW&#xD;&#xA;kein Verkauf"/>
  <Objekte ObjID="17878" ObjAufnahme="2012-11-27" ObjStrasseID="6859" ObjHausnummer="Herrenstraße 8 B" ObjVorlage="2013-09-11 00:00:00.0" ObKeinKontakt="1" ObjArtID="1"/>
  <Objekte ObjID="17879" ObjAufnahme="2012-11-27" ObjStrasseID="2861" ObjHausnummer="Altenbekener Damm 60" ObjVorlage="2013-09-11 00:00:00.0" ObKeinKontakt="1" ObjArtID="1"/>
  <Objekte ObjID="17880" ObjAufnahme="2012-11-27" ObjStrasseID="8685" ObjHausnummer="Wredestraße 1" ObjVorlage="2013-09-11 00:00:00.0" ObKeinKontakt="1" ObjArtID="1"/>
  <Objekte ObjID="17881" ObjAufnahme="2012-11-27" ObjStrasseID="8323" ObjHausnummer="Stüvestraße 17" ObjVorlage="2013-09-11 00:00:00.0" ObKeinKontakt="1" ObjArtID="1"/>
  <Objekte ObjID="17882" ObjAufnahme="2012-11-27" ObjStrasseID="6125" ObjHausnummer="Bussilliatweg 34" ObjVorlage="2013-09-11 00:00:00.0" ObKeinKontakt="1" ObjArtID="1"/>
  <Objekte ObjID="17883" ObjAufnahme="2012-11-27" ObjStrasseID="7672" ObjHausnummer="Oesterleystraße 5-6" ObjVorlage="2013-09-11 00:00:00.0" ObKeinKontakt="1" ObjArtID="1"/>
  <Objekte ObjID="17884" ObjAufnahme="2012-11-27" ObjStrasseID="3003" ObjHausnummer="Anecampstraße 21 D" ObjVorlage="2013-09-11 00:00:00.0" ObKeinKontakt="2" ObjArtID="1"/>
  <Objekte ObjID="17885" ObjAufnahme="2012-11-27" ObjLetztKontakt="2013-03-22" ObjStrasseID="7334" ObjHausnummer="Lehrter Straße 56" ObjVorlage="2013-09-11 00:00:00.0" ObKeinKontakt="2" ObjArtID="177" ObjInfo="gehört Herrn Burose 01702117182 od. 0511 8483872"/>
  <Objekte ObjID="17886" ObjAufnahme="2012-11-27" ObjStrasseID="6149" ObjHausnummer="Claudiusstraße 13" ObjVorlage="2013-09-11 00:00:00.0" ObKeinKontakt="1" ObjArtID="1" ObjInfo="gehört einem von Hartig geb. 1942 emeritierter Uni-Professor gehört Villa in Berlin 1982 gekauft. Sehr mitteilsam"/>
  <Objekte ObjID="17887" ObjAufnahme="2012-11-27" ObjStrasseID="6696" ObjHausnummer="Hagenbleckstraße 35" ObjVorlage="2013-09-11 00:00:00.0" ObKeinKontakt="1" ObjArtID="1"/>
  <Objekte ObjID="17888" ObjAufnahme="2012-11-28" ObjStrasseID="8381" ObjHausnummer="Tiestestraße 22" ObjVorlage="2013-09-11 00:00:00.0" ObKeinKontakt="1" ObjArtID="1"/>
  <Objekte ObjID="17889" ObjAufnahme="2012-11-28" ObjStrasseID="7551" ObjHausnummer="Mithoffstraße 4" ObjVorlage="2013-09-11 00:00:00.0" ObKeinKontakt="1" ObjArtID="1"/>
  <Objekte ObjID="17890" ObjAufnahme="2012-11-28" ObjStrasseID="13629" ObjHausnummer="Adolf-Emmelmann-Straße 37" ObjVorlage="2013-09-11 00:00:00.0" ObKeinKontakt="1" ObjArtID="1"/>
  <Objekte ObjID="17891" ObjAufnahme="2012-11-28" ObjStrasseID="8409" ObjHausnummer="Tresckowstraße 183" ObjVorlage="2013-09-11 00:00:00.0" ObKeinKontakt="1" ObjArtID="1"/>
  <Objekte ObjID="17892" ObjAufnahme="2012-11-28" ObjStrasseID="7062" ObjHausnummer="Jordanstraße 35" ObjVorlage="2013-09-11 00:00:00.0" ObKeinKontakt="1" ObjArtID="1"/>
  <Objekte ObjID="17893" ObjAufnahme="2012-11-28" ObjStrasseID="7980" ObjHausnummer="Rudolfstraße 6" ObjVorlage="2013-09-11 00:00:00.0" ObKeinKontakt="1" ObjArtID="1"/>
  <Objekte ObjID="17894" ObjAufnahme="2012-11-28" ObjStrasseID="5639" ObjHausnummer="Am Gutspark 20" ObjVorlage="2013-09-11 00:00:00.0" ObKeinKontakt="1" ObjArtID="1"/>
  <Objekte ObjID="17895" ObjAufnahme="2012-11-28" ObjStrasseID="8635" ObjHausnummer="Wilhelm-Tell-Straße 84" ObjVorlage="2013-09-11 00:00:00.0" ObKeinKontakt="1" ObjArtID="1"/>
  <Objekte ObjID="17896" ObjAufnahme="2012-11-28" ObjStrasseID="6652" ObjHausnummer="Große Pranke 9 B" ObjVorlage="2013-09-11 00:00:00.0" ObKeinKontakt="1" ObjArtID="1"/>
  <Objekte ObjID="17897" ObjAufnahme="2012-11-28" ObjStrasseID="6724" ObjHausnummer="Hannoversche Straße 59" ObjVorlage="2013-09-11 00:00:00.0" ObKeinKontakt="1" ObjArtID="1"/>
  <Objekte ObjID="17898" ObjAufnahme="2012-11-28" ObjStrasseID="5603" ObjHausnummer="Am Bahndamm 1" ObjVorlage="2013-09-11 00:00:00.0" ObKeinKontakt="1" ObjArtID="1"/>
  <Objekte ObjID="17899" ObjAufnahme="2012-11-28" ObjStrasseID="7644" ObjHausnummer="Nobelring 19" ObjVorlage="2013-09-11 00:00:00.0" ObKeinKontakt="1" ObjArtID="1"/>
  <Objekte ObjID="17900" ObjAufnahme="2012-11-28" ObjStrasseID="8521" ObjHausnummer="Warnemünder Weg 5 C" ObjVorlage="2013-09-11 00:00:00.0" ObKeinKontakt="1" ObjArtID="1"/>
  <Objekte ObjID="17901" ObjAufnahme="2012-11-28" ObjStrasseID="6749" ObjHausnummer="Hartmannstraße 2 D" ObjVorlage="2013-09-11 00:00:00.0" ObKeinKontakt="1" ObjArtID="1"/>
  <Objekte ObjID="17902" ObjAufnahme="2012-11-28" ObjStrasseID="2836" ObjHausnummer="Alemannstraße 9" ObjVorlage="2013-09-11 00:00:00.0" ObKeinKontakt="1" ObjArtID="1" ObjInfo="wird von Turnier vermietet"/>
  <Objekte ObjID="17903" ObjAufnahme="2012-11-28" ObjStrasseID="6643" ObjHausnummer="Gronostraße 35" ObjVorlage="2013-09-11 00:00:00.0" ObKeinKontakt="1" ObjArtID="1"/>
  <Objekte ObjID="17904" ObjAufnahme="2012-11-28" ObjStrasseID="15524" ObjHausnummer="Johann-Piltz-Ring 5" ObjVorlage="2013-09-11 00:00:00.0" ObKeinKontakt="1" ObjArtID="1"/>
  <Objekte ObjID="17905" ObjAufnahme="2012-11-28" ObjStrasseID="6268" ObjHausnummer="Droehnenstraße 13" ObjVorlage="2013-09-11 00:00:00.0" ObKeinKontakt="1" ObjArtID="1"/>
  <Objekte ObjID="17906" ObjAufnahme="2012-11-28" ObjStrasseID="7734" ObjHausnummer="Parlweg 5 B" ObjVorlage="2013-09-11 00:00:00.0" ObKeinKontakt="1" ObjArtID="1"/>
  <Objekte ObjID="17907" ObjAufnahme="2012-11-28" ObjStrasseID="7510" ObjHausnummer="Meierwiesen 2 B" ObjVorlage="2013-09-11 00:00:00.0" ObKeinKontakt="1" ObjArtID="1"/>
  <Objekte ObjID="17908" ObjAufnahme="2012-11-28" ObjStrasseID="8529" ObjHausnummer="Waßmannstraße 36" ObjVorlage="2013-09-11 00:00:00.0" ObKeinKontakt="1" ObjArtID="1"/>
  <Objekte ObjID="17909" ObjAufnahme="2012-11-28" ObjStrasseID="15526" ObjHausnummer="Elly-Beinhorn-Straße 3" ObjVorlage="2013-09-11 00:00:00.0" ObKeinKontakt="1" ObjArtID="1"/>
  <Objekte ObjID="17910" ObjAufnahme="2012-11-28" ObjStrasseID="7795" ObjHausnummer="Plettenbergstraße 3" ObjVorlage="2013-09-11 00:00:00.0" ObKeinKontakt="1" ObjArtID="1"/>
  <Objekte ObjID="17911" ObjAufnahme="2012-11-28" ObjStrasseID="7547" ObjHausnummer="Minister-Stüve-Straße 9" ObjVorlage="2013-09-11 00:00:00.0" ObKeinKontakt="1" ObjArtID="1"/>
  <Objekte ObjID="17912" ObjAufnahme="2012-11-28" ObjStrasseID="5584" ObjHausnummer="Alte Ziegelei 39" ObjVorlage="2013-09-11 00:00:00.0" ObKeinKontakt="1" ObjArtID="1"/>
  <Objekte ObjID="17913" ObjAufnahme="2012-11-28" ObjStrasseID="7355" ObjHausnummer="Leo-Rosenblatt-Weg 9" ObjVorlage="2013-09-11 00:00:00.0" ObKeinKontakt="1" ObjArtID="1"/>
  <Objekte ObjID="17914" ObjAufnahme="2012-11-28" ObjStrasseID="6126" ObjHausnummer="Büssingweg 26" ObjVorlage="2013-09-11 00:00:00.0" ObKeinKontakt="1" ObjArtID="1"/>
  <Objekte ObjID="17915" ObjAufnahme="2012-11-28" ObjStrasseID="6131" ObjHausnummer="Cäcilienstraße 12 A" ObjVorlage="2013-09-11 00:00:00.0" ObKeinKontakt="1" ObjArtID="1"/>
  <Objekte ObjID="17916" ObjAufnahme="2012-11-28" ObjStrasseID="6328" ObjHausnummer="Elbestraße 8" ObjVorlage="2013-09-11 00:00:00.0" ObKeinKontakt="2" ObjArtID="1" ObjInfo="macht naiven Eindruck über 100 % Finanzierung"/>
  <Objekte ObjID="17917" ObjAufnahme="2012-11-28" ObjStrasseID="5708" ObjHausnummer="Am Soltekampe 66 E" ObjVorlage="2013-09-11 00:00:00.0" ObKeinKontakt="1" ObjArtID="1"/>
  <Objekte ObjID="17918" ObjAufnahme="2012-11-28" ObjStrasseID="6818" ObjHausnummer="Heisenstraße 15" ObjVorlage="2013-09-11 00:00:00.0" ObKeinKontakt="1" ObjArtID="1"/>
  <Objekte ObjID="17919" ObjAufnahme="2012-11-28" ObjStrasseID="8259" ObjHausnummer="Stargarder Weg 20" ObjVorlage="2013-09-11 00:00:00.0" ObKeinKontakt="1" ObjArtID="1"/>
  <Objekte ObjID="17920" ObjAufnahme="2012-11-29" ObjStrasseID="6466" ObjHausnummer="Freudenthalstraße 25" ObjVorlage="2013-09-11 00:00:00.0" ObKeinKontakt="1" ObjArtID="1"/>
  <Objekte ObjID="17921" ObjAufnahme="2012-11-29" ObjStrasseID="8259" ObjHausnummer="Stargarder Weg 8" ObjVorlage="2013-09-11 00:00:00.0" ObKeinKontakt="1" ObjArtID="1"/>
  <Objekte ObjID="17922" ObjAufnahme="2012-11-29" ObjStrasseID="5809" ObjHausnummer="Apenrader Straße 35" ObjVorlage="2013-09-11 00:00:00.0" ObKeinKontakt="1" ObjArtID="1"/>
  <Objekte ObjID="17923" ObjAufnahme="2012-11-29" ObjStrasseID="8417" ObjHausnummer="Tulpenstraße 12" ObjVorlage="2013-09-11 00:00:00.0" ObKeinKontakt="1" ObjArtID="1"/>
  <Objekte ObjID="17924" ObjAufnahme="2012-11-29" ObjStrasseID="6095" ObjHausnummer="Buchenplan 4" ObjVorlage="2013-09-11 00:00:00.0" ObKeinKontakt="1" ObjArtID="1"/>
  <Objekte ObjID="17925" ObjAufnahme="2012-11-29" ObjStrasseID="5720" ObjHausnummer="Am Taubenfelde 22" ObjVorlage="2013-09-11 00:00:00.0" ObKeinKontakt="1" ObjArtID="1"/>
  <Objekte ObjID="17926" ObjAufnahme="2012-11-29" ObjStrasseID="8486" ObjHausnummer="Von-Alten-Allee 17" ObjVorlage="2013-09-11 00:00:00.0" ObKeinKontakt="1" ObjArtID="1"/>
  <Objekte ObjID="17927" ObjAufnahme="2012-11-29" ObjStrasseID="5834" ObjHausnummer="Auf dem Kampe 20-22" ObjVorlage="2013-09-11 00:00:00.0" ObKeinKontakt="1" ObjArtID="1"/>
  <Objekte ObjID="17928" ObjAufnahme="2012-11-29" ObjStrasseID="6018" ObjHausnummer="Bömelburgstraße 3" ObjVorlage="2013-09-11 00:00:00.0" ObKeinKontakt="1" ObjArtID="1" ObjInfo="Herr Swen Kasten&#xD;&#xA;Steiner Kasten GbR&#xD;&#xA;Kein Bild vorhanden&#xD;&#xA;Tel.: 0175 5434121"/>
  <Objekte ObjID="17929" ObjAufnahme="2012-11-29" ObjStrasseID="8529" ObjHausnummer="Waßmannstraße 30" ObjVorlage="2013-09-11 00:00:00.0" ObKeinKontakt="1" ObjArtID="1"/>
  <Objekte ObjID="17930" ObjAufnahme="2012-11-29" ObjStrasseID="5958" ObjHausnummer="Birkenstraße 34" ObjVorlage="2013-09-11 00:00:00.0" ObKeinKontakt="1" ObjArtID="1"/>
  <Objekte ObjID="17931" ObjAufnahme="2012-11-29" ObjStrasseID="6956" ObjHausnummer="Ihmepassage 10" ObjVorlage="2013-09-11 00:00:00.0" ObKeinKontakt="1" ObjArtID="1"/>
  <Objekte ObjID="17932" ObjAufnahme="2012-11-29" ObjStrasseID="7445" ObjHausnummer="Lühnische Straße 7" ObjVorlage="2013-09-11 00:00:00.0" ObKeinKontakt="1" ObjArtID="1"/>
  <Objekte ObjID="17933" ObjAufnahme="2012-11-29" ObjLetztKontakt="2013-05-30" ObjStrasseID="8052" ObjHausnummer="Scharnhorststraße 23" ObjVorlage="2013-09-11 00:00:00.0" ObKeinKontakt="2" ObjArtID="177" ObjInfo="Dr Hafemann kauft nur etws&#xD;&#xA;0170202ß0833&#xD;&#xA;wolfgang.hafemann@t-online.de"/>
  <Objekte ObjID="17934" ObjAufnahme="2012-11-29" ObjStrasseID="11252" ObjHausnummer="Lehmbuschfeld 9" ObjVorlage="2013-09-11 00:00:00.0" ObKeinKontakt="1" ObjArtID="1"/>
  <Objekte ObjID="17935" ObjAufnahme="2012-11-29" ObjStrasseID="14737" ObjHausnummer="Landwehrstraße 60" ObjVorlage="2013-09-11 00:00:00.0" ObKeinKontakt="1" ObjArtID="1"/>
  <Objekte ObjID="17936" ObjAufnahme="2012-11-29" ObjStrasseID="7312" ObjHausnummer="Laportestraße 2 A" ObjVorlage="2013-09-11 00:00:00.0" ObKeinKontakt="1" ObjArtID="1"/>
  <Objekte ObjID="17937" ObjAufnahme="2012-11-29" ObjStrasseID="2817" ObjHausnummer="Adalbert-Stifter-Straße 5" ObjVorlage="2013-09-11 00:00:00.0" ObKeinKontakt="1" ObjArtID="1"/>
  <Objekte ObjID="17938" ObjAufnahme="2012-11-29" ObjStrasseID="8359" ObjHausnummer="Theodor-Heuss-Ring 1" ObjVorlage="2013-09-11 00:00:00.0" ObKeinKontakt="1" ObjArtID="1"/>
  <Objekte ObjID="17939" ObjAufnahme="2012-11-29" ObjStrasseID="6749" ObjHausnummer="Hartmannstraße 1 A" ObjVorlage="2013-09-11 00:00:00.0" ObKeinKontakt="1" ObjArtID="1"/>
  <Objekte ObjID="17940" ObjAufnahme="2012-11-29" ObjStrasseID="8572" ObjHausnummer="Weizenfeldstraße 43" ObjVorlage="2013-09-11 00:00:00.0" ObKeinKontakt="1" ObjArtID="177"/>
  <Objekte ObjID="17941" ObjAufnahme="2012-11-29" ObjStrasseID="6713" ObjHausnummer="Haltenhoffstraße 188" ObjVorlage="2013-09-11 00:00:00.0" ObKeinKontakt="1" ObjArtID="1"/>
  <Objekte ObjID="17942" ObjAufnahme="2012-11-29" ObjStrasseID="7734" ObjHausnummer="Parlweg 4 A" ObjVorlage="2013-09-11 00:00:00.0" ObKeinKontakt="1" ObjArtID="1"/>
  <Objekte ObjID="17943" ObjAufnahme="2012-11-29" ObjStrasseID="7073" ObjHausnummer="Jütlandstraße 25" ObjVorlage="2013-09-11 00:00:00.0" ObKeinKontakt="1" ObjArtID="1"/>
  <Objekte ObjID="17944" ObjAufnahme="2012-11-29" ObjStrasseID="5584" ObjHausnummer="Alte Ziegelei 27" ObjVorlage="2013-09-11 00:00:00.0" ObKeinKontakt="1" ObjArtID="1"/>
  <Objekte ObjID="17945" ObjAufnahme="2012-11-29" ObjStrasseID="6349" ObjHausnummer="Enckestraße 22" ObjVorlage="2013-09-11 00:00:00.0" ObKeinKontakt="2" ObjArtID="1" ObjInfo="Eigentümerin Frau Ulrike Hinz 01714721666&#xD;&#xA;kein Kauf"/>
  <Objekte ObjID="17946" ObjAufnahme="2012-11-29" ObjStrasseID="5792" ObjHausnummer="Anderter Straße 80" ObjVorlage="2013-09-11 00:00:00.0" ObKeinKontakt="1" ObjArtID="1"/>
  <Objekte ObjID="17947" ObjAufnahme="2012-11-29" ObjStrasseID="7892" ObjHausnummer="Ricklinger Stadtweg 90" ObjVorlage="2013-09-11 00:00:00.0" ObKeinKontakt="2" ObjArtID="1" ObjInfo="12.2.2013 kein Verkauf"/>
  <Objekte ObjID="17948" ObjAufnahme="2012-11-29" ObjStrasseID="13448" ObjHausnummer="Feldbuschwende 6" ObjVorlage="2013-09-11 00:00:00.0" ObKeinKontakt="1" ObjArtID="1"/>
  <Objekte ObjID="17949" ObjAufnahme="2012-11-29" ObjStrasseID="10933" ObjHausnummer="Papenkamp 12" ObjVorlage="2013-09-11 00:00:00.0" ObKeinKontakt="1" ObjArtID="1"/>
  <Objekte ObjID="17950" ObjAufnahme="2012-11-29" ObjStrasseID="12307" ObjHausnummer="Lütkenkamp 6" ObjVorlage="2013-09-11 00:00:00.0" ObKeinKontakt="1" ObjArtID="1"/>
  <Objekte ObjID="17951" ObjAufnahme="2012-11-29" ObjStrasseID="6189" ObjHausnummer="Das Mühlenfeld 2" ObjVorlage="2013-09-11 00:00:00.0" ObKeinKontakt="1" ObjArtID="1"/>
  <Objekte ObjID="17952" ObjAufnahme="2012-11-29" ObjStrasseID="8572" ObjHausnummer="Weizenfeldstraße 6" ObjVorlage="2013-09-11 00:00:00.0" ObKeinKontakt="1" ObjArtID="1"/>
  <Objekte ObjID="17953" ObjAufnahme="2012-11-29" ObjStrasseID="2867" ObjHausnummer="Altes Dorf 21" ObjVorlage="2013-09-11 00:00:00.0" ObKeinKontakt="1" ObjArtID="1"/>
  <Objekte ObjID="17954" ObjAufnahme="2012-11-29" ObjStrasseID="6007" ObjHausnummer="Boelckestraße 4" ObjVorlage="2013-09-11 00:00:00.0" ObKeinKontakt="1" ObjArtID="1"/>
  <Objekte ObjID="17955" ObjAufnahme="2012-11-29" ObjStrasseID="6427" ObjHausnummer="Flensburger Straße 3" ObjVorlage="2013-09-11 00:00:00.0" ObKeinKontakt="1" ObjArtID="1"/>
  <Objekte ObjID="17956" ObjAufnahme="2012-11-29" ObjStrasseID="6262" ObjHausnummer="Dreihornstraße 3 A" ObjVorlage="2013-09-11 00:00:00.0" ObKeinKontakt="1" ObjArtID="1" ObjInfo="Herr Mirko Bendig&#xD;&#xA;Tel.: 01638662943&#xD;&#xA;Mobil: 01638662943&#xD;&#xA;scout66754088"/>
  <Objekte ObjID="17957" ObjAufnahme="2012-11-29" ObjStrasseID="6135" ObjHausnummer="Canarisweg 13" ObjVorlage="2013-09-11 00:00:00.0" ObKeinKontakt="1" ObjArtID="1"/>
  <Objekte ObjID="17958" ObjAufnahme="2012-11-29" ObjStrasseID="8608" ObjHausnummer="Widemannstraße 23" ObjVorlage="2013-09-11 00:00:00.0" ObKeinKontakt="1" ObjArtID="1"/>
  <Objekte ObjID="17959" ObjAufnahme="2012-11-29" ObjStrasseID="8298" ObjHausnummer="Stöckener Straße 105" ObjVorlage="2013-09-11 00:00:00.0" ObKeinKontakt="1" ObjArtID="1"/>
  <Objekte ObjID="17960" ObjAufnahme="2012-11-29" ObjStrasseID="8114" ObjHausnummer="Schulenburger Landstraße 110" ObjVorlage="2013-09-11 00:00:00.0" ObKeinKontakt="1" ObjArtID="1"/>
  <Objekte ObjID="17961" ObjAufnahme="2012-11-29" ObjStrasseID="11244" ObjHausnummer="Oheriedentrift 10" ObjVorlage="2013-09-11 00:00:00.0" ObKeinKontakt="1" ObjArtID="1"/>
  <Objekte ObjID="17962" ObjAufnahme="2012-11-29" ObjStrasseID="5793" ObjHausnummer="Anderter Straße 110" ObjVorlage="2013-09-11 00:00:00.0" ObKeinKontakt="1" ObjArtID="1"/>
  <Objekte ObjID="17963" ObjAufnahme="2012-11-29" ObjStrasseID="15526" ObjHausnummer="Elly-Beinhorn-Straße 5" ObjVorlage="2013-09-11 00:00:00.0" ObKeinKontakt="1" ObjArtID="1"/>
  <Objekte ObjID="17964" ObjAufnahme="2012-11-29" ObjStrasseID="6034" ObjHausnummer="Bornumer Straße 8" ObjVorlage="2013-09-11 00:00:00.0" ObKeinKontakt="1" ObjArtID="1"/>
  <Objekte ObjID="17965" ObjAufnahme="2012-11-29" ObjStrasseID="8390" ObjHausnummer="Tischbeinstraße 52" ObjVorlage="2013-09-11 00:00:00.0" ObKeinKontakt="1" ObjArtID="1"/>
  <Objekte ObjID="17966" ObjAufnahme="2012-11-29" ObjStrasseID="6135" ObjHausnummer="Canarisweg 17" ObjVorlage="2013-09-11 00:00:00.0" ObKeinKontakt="1" ObjArtID="1"/>
  <Objekte ObjID="17967" ObjAufnahme="2012-11-29" ObjStrasseID="6818" ObjHausnummer="Heisenstraße 3" ObjVorlage="2013-09-11 00:00:00.0" ObKeinKontakt="1" ObjArtID="1"/>
  <Objekte ObjID="17968" ObjAufnahme="2012-11-29" ObjStrasseID="5584" ObjHausnummer="Alte Ziegelei 31" ObjVorlage="2013-09-11 00:00:00.0" ObKeinKontakt="1" ObjArtID="1"/>
  <Objekte ObjID="17969" ObjAufnahme="2012-11-29" ObjStrasseID="8591" ObjHausnummer="Wesenerweg 1" ObjVorlage="2013-09-11 00:00:00.0" ObKeinKontakt="1" ObjArtID="1"/>
  <Objekte ObjID="17970" ObjAufnahme="2012-11-29" ObjStrasseID="5850" ObjHausnummer="Augustenstraße 3" ObjVorlage="2013-09-11 00:00:00.0" ObKeinKontakt="1" ObjArtID="1"/>
  <Objekte ObjID="17971" ObjAufnahme="2012-11-29" ObjStrasseID="8547" ObjHausnummer="Wehrleweg 14" ObjVorlage="2013-09-11 00:00:00.0" ObKeinKontakt="1" ObjArtID="1"/>
  <Objekte ObjID="17972" ObjAufnahme="2012-11-29" ObjStrasseID="8608" ObjHausnummer="Widemannstraße 7" ObjVorlage="2013-09-11 00:00:00.0" ObKeinKontakt="1" ObjArtID="1"/>
  <Objekte ObjID="17973" ObjAufnahme="2012-11-29" ObjStrasseID="6025" ObjHausnummer="Borcherstraße 23" ObjVorlage="2013-09-11 00:00:00.0" ObKeinKontakt="1" ObjArtID="1"/>
  <Objekte ObjID="17974" ObjAufnahme="2012-11-29" ObjStrasseID="5615" ObjHausnummer="Am Dornbusch 1" ObjVorlage="2013-09-11 00:00:00.0" ObKeinKontakt="1" ObjArtID="1"/>
  <Objekte ObjID="17975" ObjAufnahme="2012-11-29" ObjStrasseID="6592" ObjHausnummer="Goethestraße 48" ObjVorlage="2013-09-11 00:00:00.0" ObKeinKontakt="1" ObjArtID="1"/>
  <Objekte ObjID="17976" ObjAufnahme="2012-11-29" ObjStrasseID="7029" ObjHausnummer="In der Steinbreite 99" ObjVorlage="2013-09-11 00:00:00.0" ObKeinKontakt="1" ObjArtID="1"/>
  <Objekte ObjID="17977" ObjAufnahme="2012-11-29" ObjStrasseID="5615" ObjHausnummer="Am Dornbusch 5" ObjVorlage="2013-09-11 00:00:00.0" ObKeinKontakt="1" ObjArtID="1"/>
  <Objekte ObjID="17978" ObjAufnahme="2012-11-29" ObjStrasseID="7801" ObjHausnummer="Podbielskistraße 348" ObjVorlage="2013-09-11 00:00:00.0" ObKeinKontakt="2" ObjArtID="1"/>
  <Objekte ObjID="17979" ObjAufnahme="2012-11-29" ObjStrasseID="6754" ObjHausnummer="Harzburger Straße 20" ObjVorlage="2013-09-11 00:00:00.0" ObKeinKontakt="1" ObjArtID="1"/>
  <Objekte ObjID="17980" ObjAufnahme="2012-11-29" ObjStrasseID="6635" ObjHausnummer="Grenzweg 11" ObjVorlage="2013-09-11 00:00:00.0" ObKeinKontakt="1" ObjArtID="1"/>
  <Objekte ObjID="17981" ObjAufnahme="2012-11-30" ObjStrasseID="7589" ObjHausnummer="Münterstraße 11" ObjVorlage="2013-09-11 00:00:00.0" ObKeinKontakt="1" ObjArtID="1"/>
  <Objekte ObjID="17982" ObjAufnahme="2012-11-30" ObjStrasseID="6956" ObjHausnummer="Ihmepassage 1" ObjVorlage="2013-09-11 00:00:00.0" ObKeinKontakt="1" ObjArtID="1"/>
  <Objekte ObjID="17983" ObjAufnahme="2012-11-30" ObjStrasseID="8641" ObjHausnummer="Wilksheide 72" ObjVorlage="2013-09-11 00:00:00.0" ObKeinKontakt="1" ObjArtID="1"/>
  <Objekte ObjID="17984" ObjAufnahme="2012-11-30" ObjStrasseID="8696" ObjHausnummer="Wunstorfer Straße 97" ObjVorlage="2013-09-11 00:00:00.0" ObKeinKontakt="1" ObjArtID="1"/>
  <Objekte ObjID="17985" ObjAufnahme="2012-11-30" ObjStrasseID="5661" ObjHausnummer="Am Kanonenwall 18" ObjVorlage="2013-09-11 00:00:00.0" ObKeinKontakt="1" ObjArtID="1"/>
  <Objekte ObjID="17986" ObjAufnahme="2012-11-30" ObjLetztKontakt="2013-02-12" ObjStrasseID="6561" ObjHausnummer="Geveker Kamp 17" ObjVorlage="2013-09-11 00:00:00.0" ObKeinKontakt="1" ObjArtID="1"/>
  <Objekte ObjID="17987" ObjAufnahme="2012-11-30" ObjStrasseID="8284" ObjHausnummer="Stenhusenstraße 33" ObjVorlage="2013-09-11 00:00:00.0" ObKeinKontakt="1" ObjArtID="1"/>
  <Objekte ObjID="17988" ObjAufnahme="2012-11-30" ObjStrasseID="6800" ObjHausnummer="Heinrich-Heine-Platz 3" ObjVorlage="2013-09-11 00:00:00.0" ObKeinKontakt="1" ObjArtID="1"/>
  <Objekte ObjID="17989" ObjAufnahme="2012-11-30" ObjStrasseID="8585" ObjHausnummer="Werftstraße 10" ObjVorlage="2013-09-11 00:00:00.0" ObKeinKontakt="1" ObjArtID="1"/>
  <Objekte ObjID="17990" ObjAufnahme="2012-11-30" ObjStrasseID="8312" ObjHausnummer="Stresemannallee 20" ObjVorlage="2013-09-11 00:00:00.0" ObKeinKontakt="1" ObjArtID="1"/>
  <Objekte ObjID="17991" ObjAufnahme="2012-11-30" ObjStrasseID="8313" ObjHausnummer="Striehlstraße 5" ObjVorlage="2013-09-11 00:00:00.0" ObKeinKontakt="1" ObjArtID="1"/>
  <Objekte ObjID="17992" ObjAufnahme="2012-11-30" ObjStrasseID="6716" ObjHausnummer="Hammersteinstraße 1" ObjVorlage="2013-09-11 00:00:00.0" ObKeinKontakt="1" ObjArtID="1"/>
  <Objekte ObjID="17993" ObjAufnahme="2012-11-30" ObjStrasseID="6882" ObjHausnummer="Hinter dem Holze 57" ObjVorlage="2013-09-11 00:00:00.0" ObKeinKontakt="1" ObjArtID="1"/>
  <Objekte ObjID="17994" ObjAufnahme="2012-11-30" ObjLetztKontakt="2013-03-25" ObjStrasseID="6612" ObjHausnummer="Götzstraße 68" ObjVorlage="2013-09-11 00:00:00.0" ObKeinKontakt="2" ObjArtID="1"/>
  <Objekte ObjID="17995" ObjAufnahme="2012-11-30" ObjStrasseID="6537" ObjHausnummer="General-Wever-Straße 93" ObjVorlage="2013-09-11 00:00:00.0" ObKeinKontakt="1" ObjArtID="1"/>
  <Objekte ObjID="17996" ObjAufnahme="2012-11-30" ObjStrasseID="8279" ObjHausnummer="Steintorstraße 9" ObjVorlage="2013-09-11 00:00:00.0" ObKeinKontakt="1" ObjArtID="1"/>
  <Objekte ObjID="17997" ObjAufnahme="2012-11-30" ObjStrasseID="5773" ObjHausnummer="An der Questenhorst 9" ObjVorlage="2013-09-11 00:00:00.0" ObKeinKontakt="1" ObjArtID="1"/>
  <Objekte ObjID="17998" ObjAufnahme="2012-11-30" ObjStrasseID="7773" ObjHausnummer="Pfarrstraße 38" ObjVorlage="2013-09-11 00:00:00.0" ObKeinKontakt="1" ObjArtID="1"/>
  <Objekte ObjID="17999" ObjAufnahme="2012-11-30" ObjLetztKontakt="2013-02-25" ObjStrasseID="6774" ObjHausnummer="Hedwigsweg 35" ObjVorlage="2013-09-11 00:00:00.0" ObKeinKontakt="2" ObjArtID="1"/>
  <Objekte ObjID="18000" ObjAufnahme="2012-11-30" ObjStrasseID="6985" ObjHausnummer="Im Kreuzkampe 17" ObjVorlage="2013-09-11 00:00:00.0" ObKeinKontakt="1" ObjArtID="1"/>
  <Objekte ObjID="18001" ObjAufnahme="2012-11-30" ObjStrasseID="8450" ObjHausnummer="Vahrenwalder Straße 67" ObjVorlage="2013-09-11 00:00:00.0" ObKeinKontakt="1" ObjArtID="1"/>
  <Objekte ObjID="18002" ObjAufnahme="2012-11-30" ObjStrasseID="7644" ObjHausnummer="Nobelring 25 A" ObjVorlage="2013-09-11 00:00:00.0" ObKeinKontakt="1" ObjArtID="1"/>
  <Objekte ObjID="18003" ObjAufnahme="2012-11-30" ObjStrasseID="6916" ObjHausnummer="Höltystraße 21" ObjVorlage="2013-09-11 00:00:00.0" ObKeinKontakt="1" ObjArtID="1"/>
  <Objekte ObjID="18004" ObjAufnahme="2012-11-30" ObjStrasseID="6827" ObjHausnummer="Helmstedter Straße 44" ObjVorlage="2013-09-11 00:00:00.0" ObKeinKontakt="1" ObjArtID="1"/>
  <Objekte ObjID="18005" ObjAufnahme="2012-11-30" ObjStrasseID="7415" ObjHausnummer="Lohkamp 7" ObjVorlage="2013-09-11 00:00:00.0" ObKeinKontakt="1" ObjArtID="1"/>
  <Objekte ObjID="18006" ObjAufnahme="2012-11-30" ObjStrasseID="7672" ObjHausnummer="Oesterleystraße 20" ObjVorlage="2013-09-11 00:00:00.0" ObKeinKontakt="1" ObjArtID="1"/>
  <Objekte ObjID="18007" ObjAufnahme="2012-11-30" ObjStrasseID="8154" ObjHausnummer="Seestraße 18" ObjVorlage="2013-09-11 00:00:00.0" ObKeinKontakt="1" ObjArtID="1"/>
  <Objekte ObjID="18008" ObjAufnahme="2012-11-30" ObjStrasseID="6876" ObjHausnummer="Hildesheimer Straße 145 A" ObjVorlage="2013-09-11 00:00:00.0" ObKeinKontakt="1" ObjArtID="1"/>
  <Objekte ObjID="18009" ObjAufnahme="2012-11-30" ObjStrasseID="8371" ObjHausnummer="Thorner Straße 2" ObjVorlage="2013-09-11 00:00:00.0" ObKeinKontakt="1" ObjArtID="1"/>
  <Objekte ObjID="18010" ObjAufnahme="2012-11-30" ObjStrasseID="5940" ObjHausnummer="Bertramstraße 4" ObjVorlage="2013-09-11 00:00:00.0" ObKeinKontakt="1" ObjArtID="1"/>
  <Objekte ObjID="18011" ObjAufnahme="2012-11-30" ObjStrasseID="8074" ObjHausnummer="Schlägerstraße 3" ObjVorlage="2013-09-11 00:00:00.0" ObKeinKontakt="1" ObjArtID="1"/>
  <Objekte ObjID="18012" ObjAufnahme="2012-11-30" ObjStrasseID="6700" ObjHausnummer="Hägewiesen 86" ObjVorlage="2013-09-11 00:00:00.0" ObKeinKontakt="1" ObjArtID="1"/>
  <Objekte ObjID="18013" ObjAufnahme="2012-11-30" ObjLetztKontakt="2013-02-25" ObjStrasseID="7044" ObjHausnummer="Jacobsstraße 17" ObjVorlage="2013-09-11 00:00:00.0" ObKeinKontakt="2" ObjArtID="177"/>
  <Objekte ObjID="18014" ObjAufnahme="2012-11-30" ObjStrasseID="7907" ObjHausnummer="Ritter-Brüning-Straße 34" ObjVorlage="2013-09-11 00:00:00.0" ObKeinKontakt="1" ObjArtID="1"/>
  <Objekte ObjID="18015" ObjAufnahme="2012-11-30" ObjStrasseID="6151" ObjHausnummer="Clausthaler Weg 11" ObjVorlage="2013-09-11 00:00:00.0" ObKeinKontakt="1" ObjArtID="1"/>
  <Objekte ObjID="18016" ObjAufnahme="2012-11-30" ObjStrasseID="8061" ObjHausnummer="Scheidestraße 20" ObjVorlage="2013-09-11 00:00:00.0" ObKeinKontakt="1" ObjArtID="1"/>
  <Objekte ObjID="18017" ObjAufnahme="2012-11-30" ObjStrasseID="6503" ObjHausnummer="Fuhrberger Straße 13" ObjVorlage="2013-09-11 00:00:00.0" ObKeinKontakt="1" ObjArtID="1"/>
  <Objekte ObjID="18018" ObjAufnahme="2012-11-30" ObjStrasseID="5870" ObjHausnummer="Bangemannweg 16" ObjVorlage="2013-09-11 00:00:00.0" ObKeinKontakt="1" ObjArtID="177"/>
  <Objekte ObjID="18019" ObjAufnahme="2012-11-30" ObjStrasseID="7688" ObjHausnummer="Omptedastraße 27" ObjVorlage="2013-09-11 00:00:00.0" ObKeinKontakt="1" ObjArtID="1"/>
  <Objekte ObjID="18020" ObjAufnahme="2012-11-30" ObjStrasseID="6880" ObjHausnummer="Hinrichsring 12" ObjVorlage="2013-09-11 00:00:00.0" ObKeinKontakt="1" ObjArtID="1"/>
  <Objekte ObjID="18021" ObjAufnahme="2012-11-30" ObjStrasseID="7131" ObjHausnummer="Kaulbachstraße 10" ObjVorlage="2013-09-11 00:00:00.0" ObKeinKontakt="1" ObjArtID="1"/>
  <Objekte ObjID="18022" ObjAufnahme="2012-11-30" ObjStrasseID="6057" ObjHausnummer="Brandestraße 15" ObjVorlage="2013-09-11 00:00:00.0" ObKeinKontakt="1" ObjArtID="1"/>
  <Objekte ObjID="18023" ObjAufnahme="2012-11-30" ObjStrasseID="6210" ObjHausnummer="Detmoldstraße 6" ObjVorlage="2013-09-11 00:00:00.0" ObKeinKontakt="1" ObjArtID="1"/>
  <Objekte ObjID="18024" ObjAufnahme="2012-11-30" ObjLetztKontakt="2013-02-12" ObjStrasseID="8701" ObjHausnummer="Zehlendorfweg 16" ObjVorlage="2013-09-11 00:00:00.0" ObKeinKontakt="1" ObjArtID="177"/>
  <Objekte ObjID="18025" ObjAufnahme="2012-11-30" ObjStrasseID="8286" ObjHausnummer="Stephansplatz 13" ObjVorlage="2013-09-11 00:00:00.0" ObKeinKontakt="1" ObjArtID="1"/>
  <Objekte ObjID="18026" ObjAufnahme="2012-11-30" ObjStrasseID="6819" ObjHausnummer="Heisterbergallee 103 B" ObjVorlage="2013-09-11 00:00:00.0" ObKeinKontakt="1" ObjArtID="1"/>
  <Objekte ObjID="18027" ObjAufnahme="2012-11-30" ObjStrasseID="15550" ObjHausnummer="Aladinweg 7" ObjVorlage="2013-09-11 00:00:00.0" ObKeinKontakt="1" ObjArtID="1"/>
  <Objekte ObjID="18028" ObjAufnahme="2012-11-30" ObjStrasseID="7377" ObjHausnummer="Liebrechtstraße 58 B" ObjVorlage="2013-09-11 00:00:00.0" ObKeinKontakt="1" ObjArtID="1"/>
  <Objekte ObjID="18029" ObjAufnahme="2012-11-30" ObjStrasseID="8065" ObjHausnummer="Schierholzstraße 7" ObjVorlage="2013-09-11 00:00:00.0" ObKeinKontakt="1" ObjArtID="177" ObjInfo="Raecke Anbieter kontaktieren Telefon: 05117613449"/>
  <Objekte ObjID="18030" ObjAufnahme="2012-11-30" ObjStrasseID="6782" ObjHausnummer="Heidering 15" ObjVorlage="2013-09-11 00:00:00.0" ObKeinKontakt="1" ObjArtID="1"/>
  <Objekte ObjID="18031" ObjAufnahme="2012-11-30" ObjStrasseID="6700" ObjHausnummer="Hägewiesen 88" ObjVorlage="2013-09-11 00:00:00.0" ObKeinKontakt="1" ObjArtID="1"/>
  <Objekte ObjID="18032" ObjAufnahme="2012-11-30" ObjStrasseID="6876" ObjHausnummer="Hildesheimer Straße 121" ObjVorlage="2013-09-11 00:00:00.0" ObKeinKontakt="1" ObjArtID="177"/>
  <Objekte ObjID="18033" ObjAufnahme="2012-11-30" ObjLetztKontakt="2013-04-25" ObjStrasseID="8485" ObjHausnummer="Voltmerstraße 61" ObjVorlage="2013-09-11 00:00:00.0" ObKeinKontakt="2" ObjArtID="177"/>
  <Objekte ObjID="18034" ObjAufnahme="2012-11-30" ObjStrasseID="6872" ObjHausnummer="Heymesstraße 18" ObjVorlage="2013-09-11 00:00:00.0" ObKeinKontakt="1" ObjArtID="1"/>
  <Objekte ObjID="18035" ObjAufnahme="2012-11-30" ObjStrasseID="5584" ObjHausnummer="Alte Ziegelei 17" ObjVorlage="2013-09-11 00:00:00.0" ObKeinKontakt="1" ObjArtID="1"/>
  <Objekte ObjID="18036" ObjAufnahme="2012-11-30" ObjStrasseID="5960" ObjHausnummer="Birkenweg 1" ObjVorlage="2013-09-11 00:00:00.0" ObKeinKontakt="1" ObjArtID="1"/>
  <Objekte ObjID="18037" ObjAufnahme="2012-11-30" ObjLetztKontakt="2013-03-26" ObjStrasseID="8723" ObjHausnummer="Zur Mühle 11" ObjVorlage="2013-09-11 00:00:00.0" ObKeinKontakt="2" ObjArtID="1"/>
  <Objekte ObjID="18038" ObjAufnahme="2012-11-30" ObjStrasseID="8511" ObjHausnummer="Wallensteinstraße 129" ObjVorlage="2013-09-11 00:00:00.0" ObKeinKontakt="1" ObjArtID="1"/>
  <Objekte ObjID="18039" ObjAufnahme="2012-11-30" ObjStrasseID="6466" ObjHausnummer="Freudenthalstraße 9" ObjVorlage="2013-09-11 00:00:00.0" ObKeinKontakt="1" ObjArtID="1"/>
  <Objekte ObjID="18040" ObjAufnahme="2012-11-30" ObjStrasseID="5792" ObjHausnummer="Anderter Straße 3" ObjVorlage="2013-09-11 00:00:00.0" ObKeinKontakt="1" ObjArtID="1"/>
  <Objekte ObjID="18041" ObjAufnahme="2012-11-30" ObjLetztKontakt="2013-05-23" ObjStrasseID="5957" ObjHausnummer="Bindingweg 2" ObjVorlage="2013-09-11 00:00:00.0" ObKeinKontakt="1" ObjArtID="177"/>
  <Objekte ObjID="18042" ObjAufnahme="2012-11-30" ObjStrasseID="6987" ObjHausnummer="Im Lämpchen 2" ObjVorlage="2013-09-11 00:00:00.0" ObKeinKontakt="1" ObjArtID="1"/>
  <Objekte ObjID="18043" ObjAufnahme="2012-11-30" ObjStrasseID="7831" ObjHausnummer="Quirrestraße 10" ObjVorlage="2013-09-11 00:00:00.0" ObKeinKontakt="1" ObjArtID="1"/>
  <Objekte ObjID="18044" ObjAufnahme="2012-11-30" ObjStrasseID="5909" ObjHausnummer="Bennostraße 15" ObjVorlage="2013-09-11 00:00:00.0" ObKeinKontakt="1" ObjArtID="1"/>
  <Objekte ObjID="18045" ObjAufnahme="2012-11-30" ObjLetztKontakt="2013-03-07" ObjStrasseID="8484" ObjHausnummer="Voltastraße 6" ObjVorlage="2013-09-11 00:00:00.0" ObKeinKontakt="2" ObjArtID="1"/>
  <Objekte ObjID="18046" ObjAufnahme="2012-11-30" ObjStrasseID="8373" ObjHausnummer="Thüringer Straße 13" ObjVorlage="2013-09-11 00:00:00.0" ObKeinKontakt="1" ObjArtID="1"/>
  <Objekte ObjID="18047" ObjAufnahme="2012-11-30" ObjStrasseID="456" ObjHausnummer="Abelmannstraße 18" ObjVorlage="2013-09-11 00:00:00.0" ObKeinKontakt="1" ObjArtID="1"/>
  <Objekte ObjID="18048" ObjAufnahme="2012-11-30" ObjStrasseID="6782" ObjHausnummer="Heidering 32" ObjVorlage="2013-09-11 00:00:00.0" ObKeinKontakt="5" ObjArtID="88" ObjInfo="Besichtigung über Bruder 01604990956"/>
  <Objekte ObjID="18049" ObjAufnahme="2012-11-30" ObjStrasseID="7168" ObjHausnummer="Klein-Buchholzer-Kirchweg 5" ObjVorlage="2013-09-11 00:00:00.0" ObKeinKontakt="1" ObjArtID="1"/>
  <Objekte ObjID="18050" ObjAufnahme="2012-11-30" ObjStrasseID="7328" ObjHausnummer="Lechstraße 4" ObjVorlage="2013-09-11 00:00:00.0" ObKeinKontakt="1" ObjArtID="1"/>
  <Objekte ObjID="18051" ObjAufnahme="2012-11-30" ObjStrasseID="5628" ObjHausnummer="Am Fuhrenkampe 56" ObjVorlage="2013-09-11 00:00:00.0" ObKeinKontakt="1" ObjArtID="1"/>
  <Objekte ObjID="18052" ObjAufnahme="2012-11-30" ObjStrasseID="6957" ObjHausnummer="Ihmeplatz 1" ObjVorlage="2013-09-11 00:00:00.0" ObKeinKontakt="1" ObjArtID="13" ObjInfo="scout 66726001 Frau Kochan&#xD;&#xA;Tel.: 0178/1693007&#xD;&#xA;Mobil: 0178/1693007"/>
  <Objekte ObjID="18053" ObjAufnahme="2012-11-30" ObjStrasseID="5916" ObjHausnummer="Bergfeldstraße 47" ObjVorlage="2013-09-11 00:00:00.0" ObKeinKontakt="1" ObjArtID="1"/>
  <Objekte ObjID="18054" ObjAufnahme="2012-11-30" ObjStrasseID="7965" ObjHausnummer="Rothenfelderstraße 5" ObjVorlage="2013-09-11 00:00:00.0" ObKeinKontakt="1" ObjArtID="1"/>
  <Objekte ObjID="18055" ObjAufnahme="2012-11-30" ObjStrasseID="7480" ObjHausnummer="Marienstraße 47" ObjVorlage="2013-09-11 00:00:00.0" ObKeinKontakt="1" ObjArtID="1"/>
  <Objekte ObjID="18056" ObjAufnahme="2012-11-30" ObjLetztKontakt="2013-02-20" ObjStrasseID="5695" ObjHausnummer="Am Puttenser Felde 7" ObjVorlage="2013-02-20 00:00:00.0" ObKeinKontakt="2" ObjArtID="1"/>
  <Objekte ObjID="18057" ObjAufnahme="2012-11-30" ObjStrasseID="8432" ObjHausnummer="Uhlenbornstraße 15" ObjVorlage="2013-09-11 00:00:00.0" ObKeinKontakt="2" ObjArtID="1" ObjInfo="gehört Frau Josefine Klünder 01721547963&#xD;&#xA;kein Verkauf kein Zukauf"/>
  <Objekte ObjID="18058" ObjAufnahme="2012-11-30" ObjStrasseID="6143" ObjHausnummer="Charlottenstraße 86" ObjVorlage="2013-09-11 00:00:00.0" ObKeinKontakt="2" ObjArtID="1" ObjInfo="Eltern von Frau Ottlewski gehört Haus&#xD;&#xA;0513988555&#xD;&#xA;015117723291"/>
  <Objekte ObjID="18059" ObjAufnahme="2012-11-30" ObjStrasseID="8284" ObjHausnummer="Stenhusenstraße 14" ObjVorlage="2013-09-11 00:00:00.0" ObKeinKontakt="1" ObjArtID="1"/>
  <Objekte ObjID="18060" ObjAufnahme="2012-11-30" ObjStrasseID="6892" ObjHausnummer="Hischestraße 3" ObjVorlage="2013-09-11 00:00:00.0" ObKeinKontakt="1" ObjArtID="1"/>
  <Objekte ObjID="18061" ObjAufnahme="2012-11-30" ObjStrasseID="6826" ObjHausnummer="Helmkestraße 11" ObjVorlage="2013-09-11 00:00:00.0" ObKeinKontakt="1" ObjArtID="1"/>
  <Objekte ObjID="18062" ObjAufnahme="2012-11-30" ObjStrasseID="7857" ObjHausnummer="Regenwalder Straße 10" ObjVorlage="2013-09-11 00:00:00.0" ObKeinKontakt="1" ObjArtID="1"/>
  <Objekte ObjID="18063" ObjAufnahme="2012-11-30" ObjStrasseID="6479" ObjHausnummer="Friedrich-Ebert-Straße 6" ObjVorlage="2013-09-11 00:00:00.0" ObKeinKontakt="1" ObjArtID="1"/>
  <Objekte ObjID="18064" ObjAufnahme="2012-11-30" ObjStrasseID="2852" ObjHausnummer="Alte Döhrener Straße 8" ObjVorlage="2013-09-11 00:00:00.0" ObKeinKontakt="1" ObjArtID="1"/>
  <Objekte ObjID="18065" ObjAufnahme="2012-11-30" ObjStrasseID="8485" ObjHausnummer="Voltmerstraße 47" ObjVorlage="2013-09-11 00:00:00.0" ObKeinKontakt="1" ObjArtID="1"/>
  <Objekte ObjID="18066" ObjAufnahme="2012-11-30" ObjStrasseID="7749" ObjHausnummer="Paulstraße 1 A" ObjVorlage="2013-09-11 00:00:00.0" ObKeinKontakt="1" ObjArtID="1"/>
  <Objekte ObjID="18067" ObjAufnahme="2012-11-30" ObjLetztKontakt="2013-05-30" ObjStrasseID="6401" ObjHausnummer="Fenskestraße 19" ObjVorlage="2013-09-11 00:00:00.0" ObKeinKontakt="2" ObjArtID="177"/>
  <Objekte ObjID="18068" ObjAufnahme="2012-11-30" ObjStrasseID="6875" ObjHausnummer="Hildesheimer Straße 375 B" ObjVorlage="2013-09-11 00:00:00.0" ObKeinKontakt="1" ObjArtID="1"/>
  <Objekte ObjID="18069" ObjAufnahme="2012-11-30" ObjStrasseID="5584" ObjHausnummer="Alte Ziegelei 7-13" ObjVorlage="2013-09-11 00:00:00.0" ObKeinKontakt="1" ObjArtID="1"/>
  <Objekte ObjID="18070" ObjAufnahme="2012-12-04" ObjStrasseID="8065" ObjHausnummer="Schierholzstraße 132" ObjVorlage="2013-09-11 00:00:00.0" ObKeinKontakt="1" ObjArtID="1"/>
  <Objekte ObjID="18071" ObjAufnahme="2012-12-04" ObjStrasseID="8065" ObjHausnummer="Schierholzstraße 130" ObjVorlage="2013-09-11 00:00:00.0" ObKeinKontakt="1" ObjArtID="1"/>
  <Objekte ObjID="18072" ObjAufnahme="2012-12-04" ObjStrasseID="6220" ObjHausnummer="Diesterwegstraße 21" ObjVorlage="2013-09-11 00:00:00.0" ObKeinKontakt="1" ObjArtID="1"/>
  <Objekte ObjID="18073" ObjAufnahme="2012-12-04" ObjStrasseID="6220" ObjHausnummer="Diesterwegstraße" ObjVorlage="2013-09-11 00:00:00.0" ObKeinKontakt="1" ObjArtID="1"/>
  <Objekte ObjID="18074" ObjAufnahme="2012-12-04" ObjStrasseID="7138" ObjHausnummer="Kestnerstraße 33 A" ObjVorlage="2013-09-11 00:00:00.0" ObKeinKontakt="1" ObjArtID="1"/>
  <Objekte ObjID="18075" ObjAufnahme="2012-12-04" ObjStrasseID="6036" ObjHausnummer="Bornumer Weg 8" ObjVorlage="2013-09-11 00:00:00.0" ObKeinKontakt="1" ObjArtID="1"/>
  <Objekte ObjID="18076" ObjAufnahme="2012-12-04" ObjStrasseID="8667" ObjHausnummer="Wittenberger Straße 67" ObjVorlage="2013-09-11 00:00:00.0" ObKeinKontakt="1" ObjArtID="1"/>
  <Objekte ObjID="18077" ObjAufnahme="2012-12-04" ObjStrasseID="7830" ObjHausnummer="Querstraße 7" ObjVorlage="2013-09-11 00:00:00.0" ObKeinKontakt="1" ObjArtID="1"/>
  <Objekte ObjID="18078" ObjAufnahme="2012-12-04" ObjStrasseID="6445" ObjHausnummer="Franckestraße 3" ObjVorlage="2013-09-11 00:00:00.0" ObKeinKontakt="1" ObjArtID="1"/>
  <Objekte ObjID="18079" ObjAufnahme="2012-12-04" ObjStrasseID="8313" ObjHausnummer="Striehlstraße 11" ObjVorlage="2013-09-11 00:00:00.0" ObKeinKontakt="1" ObjArtID="1"/>
  <Objekte ObjID="18080" ObjAufnahme="2012-12-05" ObjStrasseID="7892" ObjHausnummer="Ricklinger Stadtweg 50" ObjVorlage="2013-09-11 00:00:00.0" ObKeinKontakt="1" ObjArtID="1" ObjInfo="scout 66268589&#xD;&#xA;Frau Krohne 0179-45 84 696&#xD;&#xA;unten 2 Geschäfte&#xD;&#xA;1-4 Stock 2,2,3-Zimmerwohnungen&#xD;&#xA;5 2,3-Zimmerwohnungen&#xD;&#xA;6. 2-Zimmerwohnung&#xD;&#xA;Ihr gehören 50% einer alten Tante in Frankfurt der Rest, will aber nicht verkaufen.&#xD;&#xA;bietet die 48 mit an"/>
  <Objekte ObjID="18081" ObjAufnahme="2012-12-05" ObjStrasseID="7903" ObjHausnummer="Rintelner Straße 11" ObjVorlage="2013-09-11 00:00:00.0" ObKeinKontakt="1" ObjArtID="1"/>
  <Objekte ObjID="18082" ObjAufnahme="2012-12-05" ObjStrasseID="5737" ObjHausnummer="Am Wullwinkel 10" ObjVorlage="2013-09-11 00:00:00.0" ObKeinKontakt="1" ObjArtID="1"/>
  <Objekte ObjID="18083" ObjAufnahme="2012-12-05" ObjStrasseID="8390" ObjHausnummer="Tischbeinstraße 44" ObjVorlage="2013-09-11 00:00:00.0" ObKeinKontakt="1" ObjArtID="1"/>
  <Objekte ObjID="18084" ObjAufnahme="2012-12-05" ObjStrasseID="8394" ObjHausnummer="Tollenbrink 6" ObjVorlage="2013-09-11 00:00:00.0" ObKeinKontakt="1" ObjArtID="1"/>
  <Objekte ObjID="18085" ObjAufnahme="2012-12-05" ObjStrasseID="6592" ObjHausnummer="Goethestraße 39" ObjVorlage="2013-09-11 00:00:00.0" ObKeinKontakt="1" ObjArtID="1"/>
  <Objekte ObjID="18086" ObjAufnahme="2012-12-05" ObjStrasseID="5146" ObjHausnummer="Dormannstraße 32" ObjVorlage="2013-09-11 00:00:00.0" ObKeinKontakt="1" ObjArtID="1"/>
  <Objekte ObjID="18087" ObjAufnahme="2012-12-05" ObjStrasseID="6617" ObjHausnummer="Grahnstraße 17" ObjVorlage="2013-09-11 00:00:00.0" ObKeinKontakt="1" ObjArtID="1"/>
  <Objekte ObjID="18088" ObjAufnahme="2012-12-05" ObjStrasseID="3045" ObjHausnummer="Auf der Papenburg 14 A" ObjVorlage="2013-09-11 00:00:00.0" ObKeinKontakt="1" ObjArtID="1"/>
  <Objekte ObjID="18089" ObjAufnahme="2012-12-05" ObjStrasseID="7695" ObjHausnummer="Ossietzkyring 21" ObjVorlage="2013-09-11 00:00:00.0" ObKeinKontakt="1" ObjArtID="1"/>
  <Objekte ObjID="18090" ObjAufnahme="2012-12-05" ObjStrasseID="8589" ObjHausnummer="Wernigeroder Weg 26" ObjVorlage="2013-09-11 00:00:00.0" ObKeinKontakt="1" ObjArtID="1"/>
  <Objekte ObjID="18091" ObjAufnahme="2012-12-05" ObjStrasseID="6254" ObjHausnummer="Dorotheenstraße 25" ObjVorlage="2013-09-11 00:00:00.0" ObKeinKontakt="1" ObjArtID="1"/>
  <Objekte ObjID="18092" ObjAufnahme="2012-12-05" ObjStrasseID="5688" ObjHausnummer="Am Neuen Acker 12" ObjVorlage="2013-09-11 00:00:00.0" ObKeinKontakt="1" ObjArtID="1"/>
  <Objekte ObjID="18093" ObjAufnahme="2012-12-05" ObjStrasseID="6876" ObjHausnummer="Hildesheimer Straße 137" ObjVorlage="2013-09-11 00:00:00.0" ObKeinKontakt="1" ObjArtID="1"/>
  <Objekte ObjID="18094" ObjAufnahme="2012-12-05" ObjStrasseID="6461" ObjHausnummer="Freiligrathstraße 7" ObjVorlage="2013-09-11 00:00:00.0" ObKeinKontakt="1" ObjArtID="1"/>
  <Objekte ObjID="18095" ObjAufnahme="2012-12-05" ObjStrasseID="7014" ObjHausnummer="Immermannstraße 3" ObjVorlage="2013-09-11 00:00:00.0" ObKeinKontakt="1" ObjArtID="1"/>
  <Objekte ObjID="18096" ObjAufnahme="2012-12-05" ObjStrasseID="3357" ObjHausnummer="Ebereschenweg 31" ObjVorlage="2013-09-11 00:00:00.0" ObKeinKontakt="1" ObjArtID="1" ObjInfo="Andreas Creutzig 6046677 kein Anschluß"/>
  <Objekte ObjID="18097" ObjAufnahme="2012-12-05" ObjStrasseID="7857" ObjHausnummer="Regenwalder Straße 1" ObjVorlage="2013-09-11 00:00:00.0" ObKeinKontakt="1" ObjArtID="1" ObjInfo="01799311271"/>
  <Objekte ObjID="18098" ObjAufnahme="2012-12-05" ObjStrasseID="5685" ObjHausnummer="Am Mittelfelde 1" ObjVorlage="2013-09-11 00:00:00.0" ObKeinKontakt="1" ObjArtID="1"/>
  <Objekte ObjID="18099" ObjAufnahme="2012-12-05" ObjStrasseID="6033" ObjHausnummer="Bornholmer Weg 71" ObjVorlage="2013-09-11 00:00:00.0" ObKeinKontakt="1" ObjArtID="1"/>
  <Objekte ObjID="18100" ObjAufnahme="2012-12-05" ObjStrasseID="6439" ObjHausnummer="Forssmannweg 13" ObjVorlage="2013-09-11 00:00:00.0" ObKeinKontakt="1" ObjArtID="1"/>
  <Objekte ObjID="18101" ObjAufnahme="2012-12-05" ObjStrasseID="7355" ObjHausnummer="Leo-Rosenblatt-Weg 7 A" ObjVorlage="2013-09-11 00:00:00.0" ObKeinKontakt="1" ObjArtID="1"/>
  <Objekte ObjID="18102" ObjAufnahme="2012-12-05" ObjStrasseID="8362" ObjHausnummer="Theodor-Lessing-Weg 17" ObjVorlage="2013-09-11 00:00:00.0" ObKeinKontakt="1" ObjArtID="1"/>
  <Objekte ObjID="18103" ObjAufnahme="2012-12-06" ObjStrasseID="7504" ObjHausnummer="Mecklenburger Straße 16" ObjVorlage="2013-09-11 00:00:00.0" ObKeinKontakt="1" ObjArtID="1"/>
  <Objekte ObjID="18104" ObjAufnahme="2012-12-06" ObjStrasseID="7945" ObjHausnummer="Rosenfeststraße 15" ObjVorlage="2013-09-11 00:00:00.0" ObKeinKontakt="1" ObjArtID="1"/>
  <Objekte ObjID="18105" ObjAufnahme="2012-12-06" ObjStrasseID="6018" ObjHausnummer="Bömelburgstraße 8" ObjVorlage="2013-09-11 00:00:00.0" ObKeinKontakt="1" ObjArtID="1"/>
  <Objekte ObjID="18106" ObjAufnahme="2012-12-06" ObjStrasseID="6546" ObjHausnummer="Gerdingstraße 3 A" ObjVorlage="2013-09-11 00:00:00.0" ObKeinKontakt="1" ObjArtID="1"/>
  <Objekte ObjID="18107" ObjAufnahme="2012-12-06" ObjStrasseID="8177" ObjHausnummer="Sibeliusweg 23" ObjVorlage="2013-09-11 00:00:00.0" ObKeinKontakt="1" ObjArtID="1"/>
  <Objekte ObjID="18108" ObjAufnahme="2012-12-06" ObjStrasseID="5928" ObjHausnummer="Berliner Straße 12 C" ObjVorlage="2013-09-11 00:00:00.0" ObKeinKontakt="1" ObjArtID="14" ObjInfo="scout 66475115&#xD;&#xA;Torsten Bergemann 01791121480&#xD;&#xA;gehört die Wohnung"/>
  <Objekte ObjID="18109" ObjAufnahme="2012-12-06" ObjStrasseID="5928" ObjHausnummer="Berliner Straße 12 C" ObjVorlage="2013-09-11 00:00:00.0" ObKeinKontakt="1" ObjArtID="1" ObjInfo="scout 66475115&#xD;&#xA;Torsten Bergemann 01791121480"/>
  <Objekte ObjID="18110" ObjAufnahme="2012-12-06" ObjStrasseID="6875" ObjHausnummer="Hildesheimer Straße 320" ObjVorlage="2013-09-11 00:00:00.0" ObKeinKontakt="1" ObjArtID="1" ObjInfo="Frau Nicke&#xD;&#xA;Tel.: 0511-834323"/>
  <Objekte ObjID="18111" ObjAufnahme="2012-12-06" ObjStrasseID="12162" ObjHausnummer="Jakobskamp 16" ObjVorlage="2013-09-11 00:00:00.0" ObKeinKontakt="1" ObjArtID="1" ObjInfo="scout 66477908"/>
  <Objekte ObjID="18112" ObjAufnahme="2012-12-06" ObjStrasseID="8074" ObjHausnummer="Schlägerstraße 18" ObjVorlage="2013-09-11 00:00:00.0" ObKeinKontakt="1" ObjArtID="1"/>
  <Objekte ObjID="18113" ObjAufnahme="2012-12-06" ObjStrasseID="5793" ObjHausnummer="Anderter Straße 107" ObjVorlage="2013-09-11 00:00:00.0" ObKeinKontakt="1" ObjArtID="1"/>
  <Objekte ObjID="18114" ObjAufnahme="2012-12-06" ObjStrasseID="13130" ObjHausnummer="Heinrich-Böll-Weg 6" ObjVorlage="2013-09-11 00:00:00.0" ObKeinKontakt="1" ObjArtID="1"/>
  <Objekte ObjID="18115" ObjAufnahme="2012-12-06" ObjStrasseID="7825" ObjHausnummer="Quantelholz 7" ObjVorlage="2013-09-11 00:00:00.0" ObKeinKontakt="1" ObjArtID="1"/>
  <Objekte ObjID="18116" ObjAufnahme="2012-12-06" ObjStrasseID="7651" ObjHausnummer="Nordfeldstraße 9" ObjVorlage="2013-09-11 00:00:00.0" ObKeinKontakt="1" ObjArtID="1"/>
  <Objekte ObjID="18117" ObjAufnahme="2012-12-06" ObjStrasseID="7510" ObjHausnummer="Meierwiesen 1" ObjVorlage="2013-09-11 00:00:00.0" ObKeinKontakt="1" ObjArtID="1"/>
  <Objekte ObjID="18118" ObjAufnahme="2012-12-06" ObjStrasseID="8696" ObjHausnummer="Wunstorfer Straße 89" ObjVorlage="2013-09-11 00:00:00.0" ObKeinKontakt="5" ObjArtID="1" ObjInfo="Heidy Ulbrich Tel. 05112347956&#xD;&#xA;Handy 01783480984&#xD;&#xA;&#xD;&#xA;Daten&#xD;&#xA;Kaufpreis 900.000--&#xD;&#xA;33 Wohnungen á 200&#xD;&#xA;Baujahr 1969&#xD;&#xA;Gaszentralheizung vor 20 Jahren&#xD;&#xA;Elektrik Dachboden neu&#xD;&#xA;sonst wie 1969&#xD;&#xA;Dach 1969&#xD;&#xA;Fenster Balkontüren 1992&#xD;&#xA;dahinter wird gebaut&#xD;&#xA;Gemarkung Limmer&#xD;&#xA;Flur 1&#xD;&#xA;Flurstück 182/9"/>
  <Objekte ObjID="18119" ObjAufnahme="2012-12-06" ObjStrasseID="6609" ObjHausnummer="Göttinger Chaussee 200" ObjVorlage="2013-09-11 00:00:00.0" ObKeinKontakt="2" ObjArtID="1" ObjInfo="Eigentümerin Soenke Piepkorn&#xD;&#xA;Handy 01704731972&#xD;&#xA;Verwandte wohnt im Haus&#xD;&#xA;6.12.2012 kein Ankauf"/>
  <Objekte ObjID="18120" ObjAufnahme="2012-12-07" ObjStrasseID="6313" ObjHausnummer="Eichsfelder Straße 40 A" ObjVorlage="2013-09-11 00:00:00.0" ObKeinKontakt="1" ObjArtID="1"/>
  <Objekte ObjID="18121" ObjAufnahme="2012-12-07" ObjStrasseID="5584" ObjHausnummer="Alte Ziegelei 41" ObjVorlage="2013-09-11 00:00:00.0" ObKeinKontakt="1" ObjArtID="1"/>
  <Objekte ObjID="18122" ObjAufnahme="2012-12-07" ObjStrasseID="5584" ObjHausnummer="Alte Ziegelei 25" ObjVorlage="2013-09-11 00:00:00.0" ObKeinKontakt="1" ObjArtID="1"/>
  <Objekte ObjID="18123" ObjAufnahme="2012-12-07" ObjStrasseID="5663" ObjHausnummer="Am Kiffkampe 9" ObjVorlage="2013-09-11 00:00:00.0" ObKeinKontakt="1" ObjArtID="1"/>
  <Objekte ObjID="18124" ObjAufnahme="2012-12-07" ObjStrasseID="2861" ObjHausnummer="Altenbekener Damm 58" ObjVorlage="2013-09-11 00:00:00.0" ObKeinKontakt="1" ObjArtID="1"/>
  <Objekte ObjID="18125" ObjAufnahme="2012-12-07" ObjStrasseID="7960" ObjHausnummer="Rotekreuzstraße 3" ObjVorlage="2013-09-11 00:00:00.0" ObKeinKontakt="1" ObjArtID="1"/>
  <Objekte ObjID="18126" ObjAufnahme="2012-12-07" ObjStrasseID="6850" ObjHausnummer="Hermann-Hesse-Straße 67" ObjVorlage="2013-09-11 00:00:00.0" ObKeinKontakt="2" ObjArtID="177"/>
  <Objekte ObjID="18127" ObjAufnahme="2012-12-07" ObjStrasseID="7778" ObjHausnummer="Philipsbornstraße 32" ObjVorlage="2013-09-11 00:00:00.0" ObKeinKontakt="1" ObjArtID="1"/>
  <Objekte ObjID="18128" ObjAufnahme="2012-12-07" ObjStrasseID="6267" ObjHausnummer="Dreyerstraße  3-6" ObjVorlage="2013-09-11 00:00:00.0" ObKeinKontakt="1" ObjArtID="1"/>
  <Objekte ObjID="18129" ObjAufnahme="2012-12-07" ObjStrasseID="7302" ObjHausnummer="Lange Laube 1" ObjVorlage="2013-09-11 00:00:00.0" ObKeinKontakt="1" ObjArtID="1"/>
  <Objekte ObjID="18130" ObjAufnahme="2012-12-07" ObjStrasseID="8284" ObjHausnummer="Stenhusenstraße 18" ObjVorlage="2013-09-11 00:00:00.0" ObKeinKontakt="1" ObjArtID="1"/>
  <Objekte ObjID="18131" ObjAufnahme="2012-12-07" ObjStrasseID="6320" ObjHausnummer="Einbecker Straße 5" ObjVorlage="2013-09-11 00:00:00.0" ObKeinKontakt="1" ObjArtID="1"/>
  <Objekte ObjID="18132" ObjAufnahme="2012-12-07" ObjStrasseID="6072" ObjHausnummer="Bremer Straße 14" ObjVorlage="2013-09-11 00:00:00.0" ObKeinKontakt="1" ObjArtID="1"/>
  <Objekte ObjID="18133" ObjAufnahme="2012-12-07" ObjStrasseID="6072" ObjHausnummer="Bremer Straße 12" ObjVorlage="2013-09-11 00:00:00.0" ObKeinKontakt="1" ObjArtID="1"/>
  <Objekte ObjID="18134" ObjAufnahme="2012-12-07" ObjStrasseID="5798" ObjHausnummer="Bemeroder Anger 19" ObjVorlage="2013-09-11 00:00:00.0" ObKeinKontakt="1" ObjArtID="1" ObjInfo="Frau Marion Krbber&#xD;&#xA;Tel.: 05139 / 698532"/>
  <Objekte ObjID="18135" ObjAufnahme="2012-12-07" ObjStrasseID="7249" ObjHausnummer="Krausenstraße 27 A" ObjVorlage="2013-09-11 00:00:00.0" ObKeinKontakt="1" ObjArtID="1"/>
  <Objekte ObjID="18136" ObjAufnahme="2012-12-08" ObjStrasseID="6713" ObjHausnummer="Haltenhoffstraße 160" ObjVorlage="2013-09-11 00:00:00.0" ObKeinKontakt="1" ObjArtID="1"/>
  <Objekte ObjID="18137" ObjAufnahme="2012-12-08" ObjStrasseID="7757" ObjHausnummer="Pertzstraße 9" ObjVorlage="2013-09-11 00:00:00.0" ObKeinKontakt="1" ObjArtID="1"/>
  <Objekte ObjID="18138" ObjAufnahme="2012-12-08" ObjStrasseID="7345" ObjHausnummer="Leisewitzstraße 30" ObjVorlage="2013-09-11 00:00:00.0" ObKeinKontakt="1" ObjArtID="1"/>
  <Objekte ObjID="18139" ObjAufnahme="2012-12-08" ObjStrasseID="7293" ObjHausnummer="Laher Kirchweg 22" ObjVorlage="2013-09-11 00:00:00.0" ObKeinKontakt="1" ObjArtID="1"/>
  <Objekte ObjID="18140" ObjAufnahme="2012-12-08" ObjStrasseID="8561" ObjHausnummer="Weinschenkweg 9" ObjVorlage="2013-09-11 00:00:00.0" ObKeinKontakt="1" ObjArtID="1"/>
  <Objekte ObjID="18141" ObjAufnahme="2012-12-11" ObjStrasseID="7715" ObjHausnummer="Otto-Wels-Straße 17" ObjVorlage="2013-09-11 00:00:00.0" ObKeinKontakt="1" ObjArtID="1" ObjInfo="Eigentümer Hillebrecht"/>
  <Objekte ObjID="18142" ObjAufnahme="2012-12-11" ObjStrasseID="6197" ObjHausnummer="De-Haen-Platz 10" ObjVorlage="2013-09-11 00:00:00.0" ObKeinKontakt="1" ObjArtID="1"/>
  <Objekte ObjID="18143" ObjAufnahme="2012-12-11" ObjStrasseID="7302" ObjHausnummer="Lange Laube 10" ObjVorlage="2013-09-11 00:00:00.0" ObKeinKontakt="1" ObjArtID="1"/>
  <Objekte ObjID="18144" ObjAufnahme="2012-12-12" ObjStrasseID="8313" ObjHausnummer="Striehlstraße 27" ObjVorlage="2013-09-11 00:00:00.0" ObKeinKontakt="1" ObjArtID="1" ObjInfo="wird angeboten von Frau D. Rieper von WWH UG haftungsbeschränkt&#xD;&#xA;scout 67480917&#xD;&#xA;Mieter Tanzschule Meiners 0511 - 161 3581"/>
  <Objekte ObjID="18145" ObjAufnahme="2012-12-12" ObjStrasseID="14530" ObjHausnummer="Franklinstraße 14" ObjVorlage="2013-09-11 00:00:00.0" ObKeinKontakt="1" ObjArtID="1" ObjInfo="scout 66609003"/>
  <Objekte ObjID="18146" ObjAufnahme="2012-12-12" ObjStrasseID="6875" ObjHausnummer="Hildesheimer Straße 312" ObjVorlage="2013-09-11 00:00:00.0" ObKeinKontakt="1" ObjArtID="1"/>
  <Objekte ObjID="18147" ObjAufnahme="2012-12-12" ObjStrasseID="8882" ObjHausnummer="Groß-Buchholzer Straße 4 C" ObjVorlage="2013-09-11 00:00:00.0" ObKeinKontakt="1" ObjArtID="1"/>
  <Objekte ObjID="18148" ObjAufnahme="2012-12-12" ObjStrasseID="7073" ObjHausnummer="Jütlandstraße 31" ObjVorlage="2013-09-11 00:00:00.0" ObKeinKontakt="1" ObjArtID="1"/>
  <Objekte ObjID="18149" ObjAufnahme="2012-12-12" ObjStrasseID="7956" ObjHausnummer="Roßkampstraße 54 B" ObjVorlage="2013-09-11 00:00:00.0" ObKeinKontakt="1" ObjArtID="1"/>
  <Objekte ObjID="18150" ObjAufnahme="2012-12-12" ObjStrasseID="7295" ObjHausnummer="Lahwiesen 20" ObjVorlage="2013-09-11 00:00:00.0" ObKeinKontakt="1" ObjArtID="1" ObjInfo="Frau Anita Klie&#xD;&#xA;30657 Hannover&#xD;&#xA;Tel.: 0511 6062130&#xD;&#xA;7 Wohnungen kämpft mit Witwe des Vaters&#xD;&#xA;um diese Wohnungen.&#xD;&#xA;Nächster Gerichtstermin im Januar&#xD;&#xA;a.klie-hannover@t-online.de"/>
  <Objekte ObjID="18151" ObjAufnahme="2012-12-12" ObjStrasseID="5553" ObjHausnummer="Ahrbergstraße 10" ObjVorlage="2013-09-11 00:00:00.0" ObKeinKontakt="1" ObjArtID="1"/>
  <Objekte ObjID="18152" ObjAufnahme="2012-12-12" ObjStrasseID="8056" ObjHausnummer="Schaumburgstraße 17 A" ObjVorlage="2013-09-11 00:00:00.0" ObKeinKontakt="1" ObjArtID="1" ObjInfo="wird von Krasemann angeboten"/>
  <Objekte ObjID="18153" ObjAufnahme="2012-12-12" ObjStrasseID="7659" ObjHausnummer="Nußriede 18" ObjVorlage="2013-09-11 00:00:00.0" ObKeinKontakt="1" ObjArtID="1"/>
  <Objekte ObjID="18154" ObjAufnahme="2012-12-12" ObjStrasseID="15556" ObjHausnummer="Treppenkamp 10 B" ObjVorlage="2013-09-11 00:00:00.0" ObKeinKontakt="1" ObjArtID="1"/>
  <Objekte ObjID="18155" ObjAufnahme="2012-12-12" ObjStrasseID="6694" ObjHausnummer="Hagebuttenweg 31" ObjVorlage="2013-09-11 00:00:00.0" ObKeinKontakt="1" ObjArtID="1"/>
  <Objekte ObjID="18156" ObjAufnahme="2012-12-12" ObjStrasseID="5681" ObjHausnummer="Am Listholze 29 B" ObjVorlage="2013-09-11 00:00:00.0" ObKeinKontakt="1" ObjArtID="1"/>
  <Objekte ObjID="18157" ObjAufnahme="2012-12-12" ObjStrasseID="6057" ObjHausnummer="Brandestraße 36" ObjVorlage="2013-09-11 00:00:00.0" ObKeinKontakt="1" ObjArtID="1"/>
  <Objekte ObjID="18158" ObjAufnahme="2012-12-12" ObjStrasseID="13837" ObjHausnummer="Yvonne-Georgi-Allee 11" ObjVorlage="2013-09-11 00:00:00.0" ObKeinKontakt="1" ObjArtID="1"/>
  <Objekte ObjID="18159" ObjAufnahme="2012-12-12" ObjStrasseID="6046" ObjHausnummer="Bothmerstraße 7" ObjVorlage="2013-09-11 00:00:00.0" ObKeinKontakt="1" ObjArtID="1"/>
  <Objekte ObjID="18160" ObjAufnahme="2012-12-12" ObjStrasseID="6350" ObjHausnummer="Engelbosteler Damm 12" ObjVorlage="2013-09-11 00:00:00.0" ObKeinKontakt="1" ObjArtID="1" ObjInfo="0511-855905 Wohnungsangebot"/>
  <Objekte ObjID="18161" ObjAufnahme="2012-12-12" ObjStrasseID="7698" ObjHausnummer="Osterfelddamm 23" ObjVorlage="2013-09-11 00:00:00.0" ObKeinKontakt="1" ObjArtID="1"/>
  <Objekte ObjID="18162" ObjAufnahme="2012-12-12" ObjStrasseID="3942" ObjHausnummer="Kampstraße 12" ObjVorlage="2013-09-11 00:00:00.0" ObKeinKontakt="1" ObjArtID="1"/>
  <Objekte ObjID="18163" ObjAufnahme="2012-12-12" ObjStrasseID="3137" ObjHausnummer="Bernwardstraße 36" ObjVorlage="2013-09-11 00:00:00.0" ObKeinKontakt="1" ObjArtID="1"/>
  <Objekte ObjID="18164" ObjAufnahme="2012-12-12" ObjStrasseID="15558" ObjHausnummer="Nobelring 17 B" ObjVorlage="2013-09-11 00:00:00.0" ObKeinKontakt="1" ObjArtID="1"/>
  <Objekte ObjID="18165" ObjAufnahme="2012-12-12" ObjStrasseID="6004" ObjHausnummer="Bodenstedtstraße 1 A" ObjVorlage="2013-09-11 00:00:00.0" ObKeinKontakt="1" ObjArtID="1"/>
  <Objekte ObjID="18166" ObjAufnahme="2012-12-12" ObjStrasseID="5871" ObjHausnummer="Bardowicker Straße 6" ObjVorlage="2013-09-11 00:00:00.0" ObKeinKontakt="1" ObjArtID="1"/>
  <Objekte ObjID="18167" ObjAufnahme="2012-12-12" ObjStrasseID="7654" ObjHausnummer="Nordring 1 E" ObjVorlage="2013-09-11 00:00:00.0" ObKeinKontakt="1" ObjArtID="1"/>
  <Objekte ObjID="18168" ObjAufnahme="2012-12-12" ObjStrasseID="6937" ObjHausnummer="Humboldtstraße 22" ObjVorlage="2013-09-11 00:00:00.0" ObKeinKontakt="1" ObjArtID="1"/>
  <Objekte ObjID="18169" ObjAufnahme="2012-12-12" ObjStrasseID="6442" ObjHausnummer="Fössestraße 36 A" ObjVorlage="2013-09-11 00:00:00.0" ObKeinKontakt="1" ObjArtID="1"/>
  <Objekte ObjID="18170" ObjAufnahme="2012-12-12" ObjStrasseID="8695" ObjHausnummer="Wunstorfer Landstraße 1 A" ObjVorlage="2013-09-11 00:00:00.0" ObKeinKontakt="1" ObjArtID="1"/>
  <Objekte ObjID="18171" ObjAufnahme="2012-12-12" ObjStrasseID="3942" ObjHausnummer="Kampstraße 115" ObjVorlage="2013-09-11 00:00:00.0" ObKeinKontakt="1" ObjArtID="1" ObjInfo="Anbieter&#xD;&#xA;Herr Dr. Michael Edeling&#xD;&#xA;Fax: 0511-9585802"/>
  <Objekte ObjID="18172" ObjAufnahme="2012-12-12" ObjStrasseID="6935" ObjHausnummer="Hufelandstraße 1" ObjVorlage="2013-09-11 00:00:00.0" ObKeinKontakt="1" ObjArtID="1"/>
  <Objekte ObjID="18173" ObjAufnahme="2012-12-12" ObjStrasseID="5765" ObjHausnummer="An der Johanniskirche 4" ObjVorlage="2013-09-11 00:00:00.0" ObKeinKontakt="1" ObjArtID="1"/>
  <Objekte ObjID="18174" ObjAufnahme="2012-12-12" ObjStrasseID="10885" ObjHausnummer="Spechtkehre 49 B" ObjVorlage="2013-09-11 00:00:00.0" ObKeinKontakt="1" ObjArtID="1" ObjInfo="Andrea Nomigkeit 015789319330"/>
  <Objekte ObjID="18175" ObjAufnahme="2012-12-12" ObjStrasseID="5920" ObjHausnummer="Bergmannstraße 5" ObjVorlage="2013-09-11 00:00:00.0" ObKeinKontakt="1" ObjArtID="1"/>
  <Objekte ObjID="18176" ObjAufnahme="2012-12-12" ObjStrasseID="7249" ObjHausnummer="Krausenstraße 6 C" ObjVorlage="2013-09-11 00:00:00.0" ObKeinKontakt="1" ObjArtID="1"/>
  <Objekte ObjID="18177" ObjAufnahme="2012-12-12" ObjStrasseID="7660" ObjHausnummer="Obentrautstraße 16" ObjVorlage="2013-09-11 00:00:00.0" ObKeinKontakt="1" ObjArtID="1"/>
  <Objekte ObjID="18178" ObjAufnahme="2012-12-12" ObjStrasseID="3137" ObjHausnummer="Bernwardstraße 6" ObjVorlage="2013-09-11 00:00:00.0" ObKeinKontakt="1" ObjArtID="1"/>
  <Objekte ObjID="18179" ObjAufnahme="2012-12-12" ObjStrasseID="6424" ObjHausnummer="Flebbeweg 11" ObjVorlage="2013-09-11 00:00:00.0" ObKeinKontakt="1" ObjArtID="1"/>
  <Objekte ObjID="18180" ObjAufnahme="2012-12-12" ObjStrasseID="7215" ObjHausnummer="Königsberger Ring 8" ObjVorlage="2013-09-11 00:00:00.0" ObKeinKontakt="1" ObjArtID="1"/>
  <Objekte ObjID="18181" ObjAufnahme="2012-12-12" ObjStrasseID="6638" ObjHausnummer="Grethe-Jürgens-Straße 70" ObjVorlage="2013-09-11 00:00:00.0" ObKeinKontakt="1" ObjArtID="1"/>
  <Objekte ObjID="18182" ObjAufnahme="2012-12-12" ObjStrasseID="6875" ObjHausnummer="Hildesheimer Straße 298 A" ObjVorlage="2013-09-11 00:00:00.0" ObKeinKontakt="1" ObjArtID="1"/>
  <Objekte ObjID="18183" ObjAufnahme="2012-12-12" ObjStrasseID="8538" ObjHausnummer="Wedelstraße 2" ObjVorlage="2013-09-11 00:00:00.0" ObKeinKontakt="1" ObjArtID="1"/>
  <Objekte ObjID="18184" ObjAufnahme="2012-12-12" ObjStrasseID="8450" ObjHausnummer="Vahrenwalder Straße 165" ObjVorlage="2013-09-11 00:00:00.0" ObKeinKontakt="1" ObjArtID="1"/>
  <Objekte ObjID="18185" ObjAufnahme="2012-12-12" ObjStrasseID="5720" ObjHausnummer="Am Taubenfelde 12" ObjVorlage="2013-09-11 00:00:00.0" ObKeinKontakt="1" ObjArtID="1"/>
  <Objekte ObjID="18186" ObjAufnahme="2012-12-12" ObjStrasseID="7165" ObjHausnummer="Kleestraße 5" ObjVorlage="2013-09-11 00:00:00.0" ObKeinKontakt="1" ObjArtID="1"/>
  <Objekte ObjID="18187" ObjAufnahme="2012-12-12" ObjStrasseID="2861" ObjHausnummer="Altenbekener Damm 76" ObjVorlage="2013-09-11 00:00:00.0" ObKeinKontakt="1" ObjArtID="1" ObjInfo="Herr Michael Weiland&#xD;&#xA;Tel.: 0511555240"/>
  <Objekte ObjID="18188" ObjAufnahme="2012-12-13" ObjStrasseID="6724" ObjHausnummer="Hannoversche Straße 90" ObjVorlage="2013-09-11 00:00:00.0" ObKeinKontakt="1" ObjArtID="1"/>
  <Objekte ObjID="18189" ObjAufnahme="2012-12-13" ObjStrasseID="7215" ObjHausnummer="Königsberger Ring 6" ObjVorlage="2013-09-11 00:00:00.0" ObKeinKontakt="1" ObjArtID="1"/>
  <Objekte ObjID="18190" ObjAufnahme="2012-12-13" ObjStrasseID="6638" ObjHausnummer="Grethe-Jürgens-Straße 84" ObjVorlage="2013-09-11 00:00:00.0" ObKeinKontakt="1" ObjArtID="1"/>
  <Objekte ObjID="18191" ObjAufnahme="2012-12-13" ObjStrasseID="6638" ObjHausnummer="Grethe-Jürgens-Straße 82" ObjVorlage="2013-09-11 00:00:00.0" ObKeinKontakt="1" ObjArtID="1"/>
  <Objekte ObjID="18192" ObjAufnahme="2012-12-13" ObjStrasseID="8064" ObjHausnummer="Schieferkamp 37 B" ObjVorlage="2013-09-11 00:00:00.0" ObKeinKontakt="1" ObjArtID="1"/>
  <Objekte ObjID="18193" ObjAufnahme="2012-12-13" ObjStrasseID="6161" ObjHausnummer="Corinthstraße 1" ObjVorlage="2013-09-11 00:00:00.0" ObKeinKontakt="1" ObjArtID="1"/>
  <Objekte ObjID="18194" ObjAufnahme="2012-12-13" ObjStrasseID="7282" ObjHausnummer="Kurt-Schumacher-Ring 20 C" ObjVorlage="2013-09-11 00:00:00.0" ObKeinKontakt="1" ObjArtID="1"/>
  <Objekte ObjID="18195" ObjAufnahme="2012-12-13" ObjStrasseID="6135" ObjHausnummer="Canarisweg 11" ObjVorlage="2013-09-11 00:00:00.0" ObKeinKontakt="1" ObjArtID="1"/>
  <Objekte ObjID="18196" ObjAufnahme="2012-12-13" ObjStrasseID="8301" ObjHausnummer="Stockmannstraße 14" ObjVorlage="2013-09-11 00:00:00.0" ObKeinKontakt="1" ObjArtID="1"/>
  <Objekte ObjID="18197" ObjAufnahme="2012-12-13" ObjStrasseID="6416" ObjHausnummer="Findstellenweg 13" ObjVorlage="2013-09-11 00:00:00.0" ObKeinKontakt="1" ObjArtID="1"/>
  <Objekte ObjID="18198" ObjAufnahme="2012-12-13" ObjStrasseID="7859" ObjHausnummer="Rehbergstraße 1" ObjVorlage="2013-09-11 00:00:00.0" ObKeinKontakt="1" ObjArtID="1"/>
  <Objekte ObjID="18199" ObjAufnahme="2012-12-13" ObjStrasseID="8411" ObjHausnummer="Tripweg 15" ObjVorlage="2013-09-11 00:00:00.0" ObKeinKontakt="1" ObjArtID="1"/>
  <Objekte ObjID="18200" ObjAufnahme="2012-12-13" ObjLetztKontakt="2013-01-04" ObjStrasseID="6415" ObjHausnummer="Fiedelerstraße 2" ObjVorlage="2013-09-11 00:00:00.0" ObKeinKontakt="2" ObjArtID="1"/>
  <Objekte ObjID="18201" ObjAufnahme="2012-12-13" ObjStrasseID="7480" ObjHausnummer="Marienstraße 113" ObjVorlage="2013-09-11 00:00:00.0" ObKeinKontakt="1" ObjArtID="1"/>
  <Objekte ObjID="18202" ObjAufnahme="2012-12-13" ObjStrasseID="5681" ObjHausnummer="Am Listholze 16" ObjVorlage="2013-09-11 00:00:00.0" ObKeinKontakt="1" ObjArtID="1"/>
  <Objekte ObjID="18203" ObjAufnahme="2012-12-13" ObjStrasseID="6601" ObjHausnummer="Gorch-Fock-Straße 34" ObjVorlage="2013-09-11 00:00:00.0" ObKeinKontakt="1" ObjArtID="1"/>
  <Objekte ObjID="18204" ObjAufnahme="2012-12-13" ObjStrasseID="6056" ObjHausnummer="Brandensteinstraße 40" ObjVorlage="2013-09-11 00:00:00.0" ObKeinKontakt="2" ObjArtID="1" ObjInfo="Frau Imke Wrede ist Eigentümerin&#xD;&#xA;hat komplett saniert&#xD;&#xA;Tel.: 04331/3399140&#xD;&#xA;Mobil: 0152 5300 2780&#xD;&#xA;scout66735949&#xD;&#xA;Familie Schütte im Erdgeschoß sucht Haus"/>
  <Objekte ObjID="18205" ObjAufnahme="2012-12-13" ObjStrasseID="7812" ObjHausnummer="Postkamp 14" ObjVorlage="2013-09-11 00:00:00.0" ObKeinKontakt="1" ObjArtID="1"/>
  <Objekte ObjID="18206" ObjAufnahme="2012-12-17" ObjStrasseID="6661" ObjHausnummer="Grünaustraße 26" ObjVorlage="2013-09-11 00:00:00.0" ObKeinKontakt="1" ObjArtID="1" ObjInfo="kooperative Mieter:&#xD;&#xA;Frau Heuss : 01606709564&#xD;&#xA;Taha : 051154554242"/>
  <Objekte ObjID="18207" ObjAufnahme="2013-01-04" ObjStrasseID="6828" ObjHausnummer="Helstorfer Straße 25" ObjVorlage="2013-09-11 00:00:00.0" ObKeinKontakt="1" ObjArtID="1"/>
  <Objekte ObjID="18208" ObjAufnahme="2013-01-04" ObjStrasseID="5826" ObjHausnummer="Auerhahnhof 8" ObjVorlage="2013-09-11 00:00:00.0" ObKeinKontakt="1" ObjArtID="1"/>
  <Objekte ObjID="18209" ObjAufnahme="2013-01-04" ObjStrasseID="5942" ObjHausnummer="Bessemerstraße 15" ObjVorlage="2013-09-11 00:00:00.0" ObKeinKontakt="1" ObjArtID="177"/>
  <Objekte ObjID="18210" ObjAufnahme="2013-01-04" ObjStrasseID="2857" ObjHausnummer="Alte Stöckener Straße 47" ObjVorlage="2013-09-11 00:00:00.0" ObKeinKontakt="1" ObjArtID="1"/>
  <Objekte ObjID="18211" ObjAufnahme="2013-01-04" ObjStrasseID="5960" ObjHausnummer="Birkenweg 2" ObjVorlage="2013-09-11 00:00:00.0" ObKeinKontakt="1" ObjArtID="1"/>
  <Objekte ObjID="18212" ObjAufnahme="2013-01-04" ObjStrasseID="7830" ObjHausnummer="Querstraße 8" ObjVorlage="2013-09-11 00:00:00.0" ObKeinKontakt="1" ObjArtID="1"/>
  <Objekte ObjID="18213" ObjAufnahme="2013-01-04" ObjStrasseID="5639" ObjHausnummer="Am Gutspark 8" ObjVorlage="2013-09-11 00:00:00.0" ObKeinKontakt="1" ObjArtID="1"/>
  <Objekte ObjID="18214" ObjAufnahme="2013-01-04" ObjLetztKontakt="2013-01-14" ObjStrasseID="6401" ObjHausnummer="Fenskestraße 3" ObjVorlage="2013-09-11 00:00:00.0" ObKeinKontakt="3" ObjArtID="1" ObjInfo="Frau Wissel, Haus gehört Sohn&#xD;&#xA;evtl. Verkauf&#xD;&#xA;050458328"/>
  <Objekte ObjID="18215" ObjAufnahme="2013-01-04" ObjStrasseID="7778" ObjHausnummer="Philipsbornstraße 23" ObjVorlage="2013-09-11 00:00:00.0" ObKeinKontakt="1" ObjArtID="1"/>
  <Objekte ObjID="18216" ObjAufnahme="2013-01-04" ObjLetztKontakt="2013-03-22" ObjStrasseID="5792" ObjHausnummer="Anderter Straße 8" ObjVorlage="2013-09-11 00:00:00.0" ObKeinKontakt="4" ObjArtID="1" ObjInfo="4 Wohnungen 7 garagen 250 m² 225.000&#xD;&#xA;€ im Internet von Haus und Grund"/>
  <Objekte ObjID="18217" ObjAufnahme="2013-01-04" ObjStrasseID="6355" ObjHausnummer="Epiweg 5" ObjVorlage="2013-09-11 00:00:00.0" ObKeinKontakt="1" ObjArtID="1"/>
  <Objekte ObjID="18218" ObjAufnahme="2013-01-04" ObjStrasseID="5793" ObjHausnummer="Anderter Straße 113" ObjVorlage="2013-09-11 00:00:00.0" ObKeinKontakt="1" ObjArtID="1" ObjInfo="gehört Herrn Andreas Timmermann&#xD;&#xA;will nicht verkaufen noch kaufen&#xD;&#xA;6-Familienhaus altes Familienerbe"/>
  <Objekte ObjID="18219" ObjAufnahme="2013-01-04" ObjStrasseID="7715" ObjHausnummer="Otto-Wels-Straße 15" ObjVorlage="2013-09-11 00:00:00.0" ObKeinKontakt="1" ObjArtID="1" ObjInfo="Berndt Hildebrandt"/>
  <Objekte ObjID="18220" ObjAufnahme="2013-01-04" ObjStrasseID="8059" ObjHausnummer="Scheffelstraße 10" ObjVorlage="2013-09-11 00:00:00.0" ObKeinKontakt="1" ObjArtID="1"/>
  <Objekte ObjID="18221" ObjAufnahme="2013-01-07" ObjStrasseID="6631" ObjHausnummer="Greifswalderstraße 5" ObjVorlage="2013-09-11 00:00:00.0" ObKeinKontakt="1" ObjArtID="1"/>
  <Objekte ObjID="18222" ObjAufnahme="2013-01-07" ObjStrasseID="8056" ObjHausnummer="Schaumburgstraße 2 A" ObjVorlage="2013-09-11 00:00:00.0" ObKeinKontakt="1" ObjArtID="1"/>
  <Objekte ObjID="18223" ObjAufnahme="2013-01-07" ObjLetztKontakt="2013-02-06" ObjStrasseID="6039" ObjHausnummer="Börsmannstraße 1" ObjVorlage="2013-09-11 00:00:00.0" ObKeinKontakt="2" ObjArtID="1"/>
  <Objekte ObjID="18224" ObjAufnahme="2013-01-07" ObjStrasseID="7945" ObjHausnummer="Rosenfeststraße 8" ObjVorlage="2013-09-11 00:00:00.0" ObKeinKontakt="1" ObjArtID="1"/>
  <Objekte ObjID="18225" ObjAufnahme="2013-01-07" ObjStrasseID="7945" ObjHausnummer="Rosenfeststraße 8 A" ObjVorlage="2013-09-11 00:00:00.0" ObKeinKontakt="1" ObjArtID="1"/>
  <Objekte ObjID="18226" ObjAufnahme="2013-01-07" ObjStrasseID="8078" ObjHausnummer="Schleidenstraße 7" ObjVorlage="2013-09-11 00:00:00.0" ObKeinKontakt="1" ObjArtID="1"/>
  <Objekte ObjID="18227" ObjAufnahme="2013-01-07" ObjStrasseID="6912" ObjHausnummer="Holscherstraße 3" ObjVorlage="2013-09-11 00:00:00.0" ObKeinKontakt="1" ObjArtID="1"/>
  <Objekte ObjID="18228" ObjAufnahme="2013-01-07" ObjStrasseID="6442" ObjHausnummer="Fössestraße 36" ObjVorlage="2013-09-11 00:00:00.0" ObKeinKontakt="1" ObjArtID="1"/>
  <Objekte ObjID="18229" ObjAufnahme="2013-01-07" ObjStrasseID="7480" ObjHausnummer="Marienstraße 56" ObjVorlage="2013-09-11 00:00:00.0" ObKeinKontakt="1" ObjArtID="1"/>
  <Objekte ObjID="18230" ObjAufnahme="2013-01-07" ObjStrasseID="7153" ObjHausnummer="Kirchröder Straße 95" ObjVorlage="2013-09-11 00:00:00.0" ObKeinKontakt="1" ObjArtID="1"/>
  <Objekte ObjID="18231" ObjAufnahme="2013-01-10" ObjLetztKontakt="2013-02-15" ObjStrasseID="8298" ObjHausnummer="Stöckener Straße 159 B" ObjVorlage="2013-02-15 00:00:00.0" ObKeinKontakt="1" ObjArtID="1"/>
  <Objekte ObjID="18232" ObjAufnahme="2013-01-10" ObjStrasseID="6724" ObjHausnummer="Hannoversche Straße 44 C" ObjVorlage="2013-09-11 00:00:00.0" ObKeinKontakt="1" ObjArtID="1" ObjInfo="gehört ganzes Haus &#xD;&#xA;will nicht kaufen&#xD;&#xA;will nicht verkaufen"/>
  <Objekte ObjID="18233" ObjAufnahme="2013-01-10" ObjStrasseID="7698" ObjHausnummer="Osterfelddamm 57" ObjVorlage="2013-09-11 00:00:00.0" ObKeinKontakt="1" ObjArtID="1"/>
  <Objekte ObjID="18234" ObjAufnahme="2013-01-10" ObjStrasseID="5865" ObjHausnummer="Baldeniusstraße 29" ObjVorlage="2013-09-11 00:00:00.0" ObKeinKontakt="2" ObjArtID="1" ObjInfo="Friedrich Dreyer&#xD;&#xA;01785141610"/>
  <Objekte ObjID="18235" ObjAufnahme="2013-01-10" ObjStrasseID="6355" ObjHausnummer="Epiweg 3" ObjVorlage="2013-09-11 00:00:00.0" ObKeinKontakt="1" ObjArtID="1"/>
  <Objekte ObjID="18236" ObjAufnahme="2013-01-10" ObjStrasseID="6186" ObjHausnummer="Dannenbergstraße 23" ObjVorlage="2013-09-11 00:00:00.0" ObKeinKontakt="1" ObjArtID="1"/>
  <Objekte ObjID="18237" ObjAufnahme="2013-01-10" ObjLetztKontakt="2013-02-20" ObjStrasseID="7752" ObjHausnummer="Pelikanstraße 24" ObjVorlage="2013-02-20 00:00:00.0" ObKeinKontakt="2" ObjArtID="1"/>
  <Objekte ObjID="18238" ObjAufnahme="2013-01-10" ObjStrasseID="7416" ObjHausnummer="Lohmeyerhof 5" ObjVorlage="2013-09-11 00:00:00.0" ObKeinKontakt="1" ObjArtID="1"/>
  <Objekte ObjID="18239" ObjAufnahme="2013-01-10" ObjStrasseID="6823" ObjHausnummer="Helenenstraße 39" ObjVorlage="2013-09-11 00:00:00.0" ObKeinKontakt="1" ObjArtID="1"/>
  <Objekte ObjID="18240" ObjAufnahme="2013-01-10" ObjStrasseID="6593" ObjHausnummer="Goethestraße 10" ObjVorlage="2013-09-11 00:00:00.0" ObKeinKontakt="1" ObjArtID="1"/>
  <Objekte ObjID="18241" ObjAufnahme="2013-01-10" ObjStrasseID="14530" ObjHausnummer="Franklinstraße 15" ObjVorlage="2013-09-11 00:00:00.0" ObKeinKontakt="1" ObjArtID="1"/>
  <Objekte ObjID="18242" ObjAufnahme="2013-01-10" ObjStrasseID="8114" ObjHausnummer="Schulenburger Landstraße 156 B" ObjVorlage="2013-09-11 00:00:00.0" ObKeinKontakt="1" ObjArtID="1"/>
  <Objekte ObjID="18243" ObjAufnahme="2013-01-10" ObjStrasseID="7698" ObjHausnummer="Osterfelddamm 55" ObjVorlage="2013-09-11 00:00:00.0" ObKeinKontakt="1" ObjArtID="1"/>
  <Objekte ObjID="18244" ObjAufnahme="2013-01-10" ObjStrasseID="5694" ObjHausnummer="Am Plessenfelde 8" ObjVorlage="2013-09-11 00:00:00.0" ObKeinKontakt="3" ObjArtID="1" ObjInfo="Hannelore Boening &#xD;&#xA;alte Frau &#xD;&#xA;Bekannter hat abgenommen&#xD;&#xA;will vielleicht verkaufen&#xD;&#xA;ruft eventuell zurück&#xD;&#xA;01724433075"/>
  <Objekte ObjID="18245" ObjAufnahme="2013-01-10" ObjStrasseID="6631" ObjHausnummer="Greifswalderstraße 9" ObjVorlage="2013-09-11 00:00:00.0" ObKeinKontakt="2" ObjArtID="177" ObjInfo="Frau Waltraut Heuter"/>
  <Objekte ObjID="18246" ObjAufnahme="2013-01-11" ObjStrasseID="7892" ObjHausnummer="Ricklinger Stadtweg 48" ObjVorlage="2013-09-11 00:00:00.0" ObKeinKontakt="1" ObjArtID="1"/>
  <Objekte ObjID="18247" ObjAufnahme="2013-01-11" ObjStrasseID="8456" ObjHausnummer="Varrelmannstraße 9" ObjVorlage="2013-09-11 00:00:00.0" ObKeinKontakt="2" ObjArtID="1"/>
  <Objekte ObjID="18248" ObjAufnahme="2013-01-11" ObjLetztKontakt="2013-02-12" ObjStrasseID="5665" ObjHausnummer="Am Klagesmarkt 22" ObjVorlage="2013-09-11 00:00:00.0" ObKeinKontakt="1" ObjArtID="177"/>
  <Objekte ObjID="18249" ObjAufnahme="2013-01-15" ObjStrasseID="8192" ObjHausnummer="Silberstraße 25" ObjVorlage="2013-09-11 00:00:00.0" ObKeinKontakt="1" ObjArtID="1"/>
  <Objekte ObjID="18250" ObjAufnahme="2013-01-15" ObjStrasseID="7698" ObjHausnummer="Osterfelddamm 75" ObjVorlage="2013-09-11 00:00:00.0" ObKeinKontakt="1" ObjArtID="1"/>
  <Objekte ObjID="18251" ObjAufnahme="2013-01-15" ObjStrasseID="8636" ObjHausnummer="Wilhelmshavener Straße 4" ObjVorlage="2013-09-11 00:00:00.0" ObKeinKontakt="1" ObjArtID="1"/>
  <Objekte ObjID="18252" ObjAufnahme="2013-01-15" ObjLetztKontakt="2013-02-20" ObjStrasseID="6461" ObjHausnummer="Freiligrathstraße 8" ObjVorlage="2013-02-20 00:00:00.0" ObKeinKontakt="2" ObjArtID="1"/>
  <Objekte ObjID="18253" ObjAufnahme="2013-01-20" ObjStrasseID="15577" ObjHausnummer="Dornbusch 3" ObjVorlage="2013-09-11 00:00:00.0" ObKeinKontakt="1" ObjArtID="1"/>
  <Objekte ObjID="18254" ObjAufnahme="2013-01-20" ObjStrasseID="5992" ObjHausnummer="Blumenauer Straße 4" ObjVorlage="2013-09-11 00:00:00.0" ObKeinKontakt="1" ObjArtID="1"/>
  <Objekte ObjID="18255" ObjAufnahme="2013-01-20" ObjStrasseID="6300" ObjHausnummer="Ehlvershof 3" ObjVorlage="2013-09-11 00:00:00.0" ObKeinKontakt="2" ObjArtID="1"/>
  <Objekte ObjID="18256" ObjAufnahme="2013-01-20" ObjStrasseID="6885" ObjHausnummer="Hintere Schöneworth 17" ObjVorlage="2013-09-11 00:00:00.0" ObKeinKontakt="1" ObjArtID="1"/>
  <Objekte ObjID="18257" ObjAufnahme="2013-01-20" ObjStrasseID="8582" ObjHausnummer="Wennigser Straße 1 A" ObjVorlage="2013-09-11 00:00:00.0" ObKeinKontakt="1" ObjArtID="1"/>
  <Objekte ObjID="18258" ObjAufnahme="2013-01-20" ObjLetztKontakt="2013-03-07" ObjStrasseID="6538" ObjHausnummer="Georg-Büchner-Straße 7" ObjVorlage="2013-09-11 00:00:00.0" ObKeinKontakt="2" ObjArtID="177"/>
  <Objekte ObjID="18259" ObjAufnahme="2013-01-20" ObjLetztKontakt="2013-02-25" ObjStrasseID="7480" ObjHausnummer="Marienstraße 7" ObjVorlage="2013-09-11 00:00:00.0" ObKeinKontakt="3" ObjArtID="1"/>
  <Objekte ObjID="18260" ObjAufnahme="2013-01-20" ObjStrasseID="6345" ObjHausnummer="Empelder Straße 124" ObjVorlage="2013-09-11 00:00:00.0" ObKeinKontakt="1" ObjArtID="1"/>
  <Objekte ObjID="18261" ObjAufnahme="2013-01-21" ObjStrasseID="7176" ObjHausnummer="Kleiststraße 2" ObjVorlage="2013-09-11 00:00:00.0" ObKeinKontakt="1" ObjArtID="1"/>
  <Objekte ObjID="18262" ObjAufnahme="2013-01-21" ObjStrasseID="3762" ObjHausnummer="Hesemannstraße 54" ObjVorlage="2013-09-11 00:00:00.0" ObKeinKontakt="1" ObjArtID="1" ObjInfo="Bernd Ahlers 01776642720&#xD;&#xA;240 m² Wfl&#xD;&#xA;620 m² Grdst&#xD;&#xA;2000 neue Balkone&#xD;&#xA;neue Heizung&#xD;&#xA;Dach und Fenster müssten neu gemacht werden&#xD;&#xA;Mieteinnamhmen 22000&#xD;&#xA;&#xD;&#xA;Haus von 1950"/>
  <Objekte ObjID="18263" ObjAufnahme="2013-01-21" ObjStrasseID="10913" ObjHausnummer="Prinz-Albrecht-Ring 43/45" ObjVorlage="2013-09-11 00:00:00.0" ObKeinKontakt="1" ObjArtID="1"/>
  <Objekte ObjID="18264" ObjAufnahme="2013-01-21" ObjStrasseID="7926" ObjHausnummer="Rohrskamp 6" ObjVorlage="2013-09-11 00:00:00.0" ObKeinKontakt="1" ObjArtID="177"/>
  <Objekte ObjID="18265" ObjAufnahme="2013-01-21" ObjStrasseID="8363" ObjHausnummer="Theodorstraße 10" ObjVorlage="2013-09-11 00:00:00.0" ObKeinKontakt="1" ObjArtID="1"/>
  <Objekte ObjID="18266" ObjAufnahme="2013-01-21" ObjLetztKontakt="2013-04-06" ObjStrasseID="6737" ObjHausnummer="Hansteinstraße 5" ObjVorlage="2013-09-11 00:00:00.0" ObKeinKontakt="2" ObjArtID="1"/>
  <Objekte ObjID="18267" ObjAufnahme="2013-01-22" ObjStrasseID="8145" ObjHausnummer="Schweriner Straße 27" ObjVorlage="2013-09-11 00:00:00.0" ObKeinKontakt="1" ObjArtID="1"/>
  <Objekte ObjID="18268" ObjAufnahme="2013-01-22" ObjLetztKontakt="2013-03-22" ObjStrasseID="7027" ObjHausnummer="In der Rehre 52" ObjVorlage="2013-09-11 00:00:00.0" ObKeinKontakt="2" ObjArtID="177"/>
  <Objekte ObjID="18269" ObjAufnahme="2013-01-22" ObjStrasseID="7251" ObjHausnummer="Kreipeweg 7" ObjVorlage="2013-09-11 00:00:00.0" ObKeinKontakt="1" ObjArtID="1"/>
  <Objekte ObjID="18270" ObjAufnahme="2013-01-22" ObjStrasseID="6875" ObjHausnummer="Hildesheimer Straße 377" ObjVorlage="2013-09-11 00:00:00.0" ObKeinKontakt="1" ObjArtID="1"/>
  <Objekte ObjID="18271" ObjAufnahme="2013-01-22" ObjStrasseID="7886" ObjHausnummer="Richard-Partzsch-Weg 9" ObjVorlage="2013-09-11 00:00:00.0" ObKeinKontakt="1" ObjArtID="1" ObjInfo="Frau Birgit Schnatmann Anbieter kontaktieren Mobil: 01705310502 gehört&#xD;&#xA;Haus will nicht verkaufen will nicht kaufen"/>
  <Objekte ObjID="18272" ObjAufnahme="2013-01-22" ObjLetztKontakt="2013-01-31" ObjStrasseID="6761" ObjHausnummer="Haspelmathstraße 1" ObjVorlage="2013-09-11 00:00:00.0" ObKeinKontakt="2" ObjArtID="1" ObjInfo="will weder kaufen noch verkaufen"/>
  <Objekte ObjID="18273" ObjAufnahme="2013-01-23" ObjStrasseID="8332" ObjHausnummer="Süntelstraße 12" ObjVorlage="2013-09-11 00:00:00.0" ObKeinKontakt="1" ObjArtID="1"/>
  <Objekte ObjID="18274" ObjAufnahme="2013-01-23" ObjStrasseID="6905" ObjHausnummer="Hohensteinweg 14" ObjVorlage="2013-09-11 00:00:00.0" ObKeinKontakt="1" ObjArtID="1"/>
  <Objekte ObjID="18275" ObjAufnahme="2013-01-23" ObjStrasseID="6905" ObjHausnummer="Hohensteinweg 28" ObjVorlage="2013-09-11 00:00:00.0" ObKeinKontakt="1" ObjArtID="1"/>
  <Objekte ObjID="18276" ObjAufnahme="2013-01-23" ObjLetztKontakt="2013-03-05" ObjStrasseID="4069" ObjHausnummer="Kramerstraße 24" ObjVorlage="2013-03-19 00:00:00.0" ObKeinKontakt="2" ObjArtID="1"/>
  <Objekte ObjID="18277" ObjAufnahme="2013-01-23" ObjLetztKontakt="2013-02-21" ObjStrasseID="11244" ObjHausnummer="Oheriedentrift 26" ObjVorlage="2013-09-11 00:00:00.0" ObKeinKontakt="2" ObjArtID="1"/>
  <Objekte ObjID="18278" ObjAufnahme="2013-01-23" ObjStrasseID="7027" ObjHausnummer="In der Rehre 36" ObjVorlage="2013-09-11 00:00:00.0" ObKeinKontakt="1" ObjArtID="1"/>
  <Objekte ObjID="18279" ObjAufnahme="2013-01-23" ObjLetztKontakt="2013-05-22" ObjStrasseID="7612" ObjHausnummer="Nelkenstraße 27" ObjVorlage="2013-09-11 00:00:00.0" ObKeinKontakt="2" ObjArtID="1"/>
  <Objekte ObjID="18280" ObjAufnahme="2013-01-26" ObjStrasseID="7480" ObjHausnummer="Marienstraße 40" ObjVorlage="2013-09-11 00:00:00.0" ObKeinKontakt="3" ObjArtID="1" ObjInfo="sprechen am 4.2 über Verkauf"/>
  <Objekte ObjID="18281" ObjAufnahme="2013-01-26" ObjLetztKontakt="2013-02-25" ObjStrasseID="6770" ObjHausnummer="Hebbelstraße 3 A" ObjVorlage="2013-09-11 00:00:00.0" ObKeinKontakt="2" ObjArtID="177"/>
  <Objekte ObjID="18282" ObjAufnahme="2013-01-26" ObjStrasseID="7923" ObjHausnummer="Rohlfsstraße 6" ObjVorlage="2013-09-11 00:00:00.0" ObKeinKontakt="1" ObjArtID="1"/>
  <Objekte ObjID="18283" ObjAufnahme="2013-01-26" ObjLetztKontakt="2013-02-20" ObjStrasseID="6944" ObjHausnummer="Hüttenstraße 27 C" ObjVorlage="2013-09-11 00:00:00.0" ObKeinKontakt="3" ObjArtID="1"/>
  <Objekte ObjID="18284" ObjAufnahme="2013-01-26" ObjLetztKontakt="2013-02-12" ObjStrasseID="8500" ObjHausnummer="Wackenroderstraße 10" ObjVorlage="2013-09-11 00:00:00.0" ObKeinKontakt="1" ObjArtID="177"/>
  <Objekte ObjID="18285" ObjAufnahme="2013-01-26" ObjStrasseID="6020" ObjHausnummer="Bomhauerstraße 23" ObjVorlage="2013-09-11 00:00:00.0" ObKeinKontakt="1" ObjArtID="1"/>
  <Objekte ObjID="18286" ObjAufnahme="2013-01-26" ObjStrasseID="2857" ObjHausnummer="Alte Stöckener Straße 52" ObjVorlage="2013-09-11 00:00:00.0" ObKeinKontakt="1" ObjArtID="1"/>
  <Objekte ObjID="18287" ObjAufnahme="2013-01-26" ObjStrasseID="8077" ObjHausnummer="Schlegelstraße 16" ObjVorlage="2013-09-11 00:00:00.0" ObKeinKontakt="1" ObjArtID="1"/>
  <Objekte ObjID="18288" ObjAufnahme="2013-01-26" ObjStrasseID="2857" ObjHausnummer="Alte Stöckener Straße 17" ObjVorlage="2013-09-11 00:00:00.0" ObKeinKontakt="1" ObjArtID="1"/>
  <Objekte ObjID="18289" ObjAufnahme="2013-01-27" ObjStrasseID="8255" ObjHausnummer="Stammestraße 58" ObjVorlage="2013-09-11 00:00:00.0" ObKeinKontakt="1" ObjArtID="1"/>
  <Objekte ObjID="18290" ObjAufnahme="2013-01-27" ObjStrasseID="8336" ObjHausnummer="Sutelstraße 61" ObjVorlage="2013-09-11 00:00:00.0" ObKeinKontakt="1" ObjArtID="1"/>
  <Objekte ObjID="18291" ObjAufnahme="2013-01-27" ObjLetztKontakt="2013-02-21" ObjStrasseID="6461" ObjHausnummer="Freiligrathstraße 14" ObjVorlage="2013-09-11 00:00:00.0" ObKeinKontakt="2" ObjArtID="1"/>
  <Objekte ObjID="18292" ObjAufnahme="2013-01-27" ObjStrasseID="6712" ObjHausnummer="Haltenhoffstraße 3" ObjVorlage="2013-09-11 00:00:00.0" ObKeinKontakt="1" ObjArtID="1"/>
  <Objekte ObjID="18293" ObjAufnahme="2013-01-27" ObjStrasseID="6599" ObjHausnummer="Gollstraße 53" ObjVorlage="2013-09-11 00:00:00.0" ObKeinKontakt="1" ObjArtID="1"/>
  <Objekte ObjID="18294" ObjAufnahme="2013-01-27" ObjStrasseID="8484" ObjHausnummer="Voltastraße 10" ObjVorlage="2013-09-11 00:00:00.0" ObKeinKontakt="1" ObjArtID="1"/>
  <Objekte ObjID="18295" ObjAufnahme="2013-01-27" ObjLetztKontakt="2013-02-25" ObjStrasseID="5896" ObjHausnummer="Behnsenstraße 13" ObjVorlage="2013-09-11 00:00:00.0" ObKeinKontakt="2" ObjArtID="1"/>
  <Objekte ObjID="18296" ObjAufnahme="2013-01-27" ObjStrasseID="5708" ObjHausnummer="Am Soltekampe 66 A" ObjVorlage="2013-09-11 00:00:00.0" ObKeinKontakt="1" ObjArtID="1"/>
  <Objekte ObjID="18297" ObjAufnahme="2013-01-27" ObjStrasseID="8583" ObjHausnummer="Werderstraße 2" ObjVorlage="2013-09-11 00:00:00.0" ObKeinKontakt="1" ObjArtID="1"/>
  <Objekte ObjID="18298" ObjAufnahme="2013-01-27" ObjStrasseID="8637" ObjHausnummer="Wilhelmstraße 5" ObjVorlage="2013-09-11 00:00:00.0" ObKeinKontakt="1" ObjArtID="177" ObjInfo="&quot;Premium-Immobilie&quot;"/>
  <Objekte ObjID="18299" ObjAufnahme="2013-01-27" ObjLetztKontakt="2013-02-25" ObjStrasseID="6979" ObjHausnummer="Im Heidkampe 83" ObjVorlage="2013-09-11 00:00:00.0" ObKeinKontakt="2" ObjArtID="177"/>
  <Objekte ObjID="18300" ObjAufnahme="2013-01-27" ObjStrasseID="7571" ObjHausnummer="Moosbergstraße 19" ObjVorlage="2013-09-11 00:00:00.0" ObKeinKontakt="1" ObjArtID="1"/>
  <Objekte ObjID="18301" ObjAufnahme="2013-01-27" ObjStrasseID="6705" ObjHausnummer="Hahnenstraße 30" ObjVorlage="2013-09-11 00:00:00.0" ObKeinKontakt="1" ObjArtID="1"/>
  <Objekte ObjID="18302" ObjAufnahme="2013-01-28" ObjLetztKontakt="2013-02-19" ObjStrasseID="7233" ObjHausnummer="Kornstraße 7" ObjVorlage="2013-02-19 00:00:00.0" ObKeinKontakt="2" ObjArtID="1"/>
  <Objekte ObjID="18303" ObjAufnahme="2013-01-28" ObjStrasseID="6732" ObjHausnummer="Hans-Paulmann-Straße 7" ObjVorlage="2013-09-11 00:00:00.0" ObKeinKontakt="1" ObjArtID="1"/>
  <Objekte ObjID="18304" ObjAufnahme="2013-01-28" ObjStrasseID="7623" ObjHausnummer="Neue Land-Straße 9 A" ObjVorlage="2013-09-11 00:00:00.0" ObKeinKontakt="1" ObjArtID="177"/>
  <Objekte ObjID="18305" ObjAufnahme="2013-01-28" ObjStrasseID="6876" ObjHausnummer="Hildesheimer Straße 150" ObjVorlage="2013-09-11 00:00:00.0" ObKeinKontakt="1" ObjArtID="1"/>
  <Objekte ObjID="18306" ObjAufnahme="2013-01-28" ObjStrasseID="8464" ObjHausnummer="Verdener Straße 19" ObjVorlage="2013-09-11 00:00:00.0" ObKeinKontakt="1" ObjArtID="1"/>
  <Objekte ObjID="18307" ObjAufnahme="2013-01-28" ObjStrasseID="5918" ObjHausnummer="Bergiusstraße 39" ObjVorlage="2013-09-11 00:00:00.0" ObKeinKontakt="1" ObjArtID="1"/>
  <Objekte ObjID="18308" ObjAufnahme="2013-01-28" ObjStrasseID="8047" ObjHausnummer="Schackstraße 18" ObjVorlage="2013-09-11 00:00:00.0" ObKeinKontakt="1" ObjArtID="1"/>
  <Objekte ObjID="18309" ObjAufnahme="2013-01-28" ObjStrasseID="5983" ObjHausnummer="Bischofsholer Damm 22" ObjVorlage="2013-09-11 00:00:00.0" ObKeinKontakt="1" ObjArtID="1"/>
  <Objekte ObjID="18310" ObjAufnahme="2013-01-28" ObjStrasseID="8637" ObjHausnummer="Wilhelmstraße 8" ObjVorlage="2013-09-11 00:00:00.0" ObKeinKontakt="1" ObjArtID="1"/>
  <Objekte ObjID="18311" ObjAufnahme="2013-01-28" ObjLetztKontakt="2013-02-20" ObjStrasseID="6875" ObjHausnummer="Hildesheimer Straße 396" ObjVorlage="2013-02-20 00:00:00.0" ObKeinKontakt="2" ObjArtID="1"/>
  <Objekte ObjID="18312" ObjAufnahme="2013-01-28" ObjStrasseID="6636" ObjHausnummer="Gretchenstraße 11" ObjVorlage="2013-09-11 00:00:00.0" ObKeinKontakt="1" ObjArtID="178"/>
  <Objekte ObjID="18313" ObjAufnahme="2013-01-28" ObjStrasseID="8390" ObjHausnummer="Tischbeinstraße 15" ObjVorlage="2013-09-11 00:00:00.0" ObKeinKontakt="1" ObjArtID="1"/>
  <Objekte ObjID="18314" ObjAufnahme="2013-01-28" ObjStrasseID="6830" ObjHausnummer="Hemelingstraße 18" ObjVorlage="2013-09-11 00:00:00.0" ObKeinKontakt="2" ObjArtID="1"/>
  <Objekte ObjID="18315" ObjAufnahme="2013-01-28" ObjLetztKontakt="2013-02-25" ObjStrasseID="8148" ObjHausnummer="Schwindstraße 7" ObjVorlage="2013-09-11 00:00:00.0" ObKeinKontakt="2" ObjArtID="1" ObjInfo="gehört Frau Ingeborg Blunk 01608072136&#xD;&#xA;An Bungalow in Kirchrode interessiert"/>
  <Objekte ObjID="18316" ObjAufnahme="2013-01-28" ObjStrasseID="8336" ObjHausnummer="Sutelstraße 23 C" ObjVorlage="2013-09-11 00:00:00.0" ObKeinKontakt="1" ObjArtID="1"/>
  <Objekte ObjID="18317" ObjAufnahme="2013-01-28" ObjStrasseID="7012" ObjHausnummer="Immelmannstraße 17" ObjVorlage="2013-09-11 00:00:00.0" ObKeinKontakt="2" ObjArtID="177"/>
  <Objekte ObjID="18318" ObjAufnahme="2013-01-28" ObjLetztKontakt="2013-03-07" ObjStrasseID="7688" ObjHausnummer="Omptedastraße 21" ObjVorlage="2013-09-11 00:00:00.0" ObKeinKontakt="2" ObjArtID="177"/>
  <Objekte ObjID="18319" ObjAufnahme="2013-01-28" ObjStrasseID="3003" ObjHausnummer="Anecampstraße 8" ObjVorlage="2013-09-11 00:00:00.0" ObKeinKontakt="1" ObjArtID="1"/>
  <Objekte ObjID="18320" ObjAufnahme="2013-01-28" ObjStrasseID="3137" ObjHausnummer="Bernwardstraße 13" ObjVorlage="2013-09-11 00:00:00.0" ObKeinKontakt="1" ObjArtID="1"/>
  <Objekte ObjID="18321" ObjAufnahme="2013-01-28" ObjLetztKontakt="2013-02-19" ObjStrasseID="7334" ObjHausnummer="Lehrter Straße 26" ObjVorlage="2013-09-11 00:00:00.0" ObKeinKontakt="2" ObjArtID="177"/>
  <Objekte ObjID="18322" ObjAufnahme="2013-01-29" ObjStrasseID="7107" ObjHausnummer="Karl-Kraut-Straße 12" ObjVorlage="2013-09-11 00:00:00.0" ObKeinKontakt="1" ObjArtID="1" ObjInfo="arbeitet bei der Sparkasse Hannover"/>
  <Objekte ObjID="18323" ObjAufnahme="2013-01-29" ObjLetztKontakt="2013-03-05" ObjStrasseID="8098" ObjHausnummer="Schnuckentrift 2" ObjVorlage="2013-03-05 00:00:00.0" ObKeinKontakt="2" ObjArtID="1"/>
  <Objekte ObjID="18324" ObjAufnahme="2013-01-29" ObjStrasseID="7824" ObjHausnummer="Pyrmonter Straße 16" ObjVorlage="2013-09-11 00:00:00.0" ObKeinKontakt="1" ObjArtID="1"/>
  <Objekte ObjID="18325" ObjAufnahme="2013-01-29" ObjStrasseID="7960" ObjHausnummer="Rotekreuzstraße 10" ObjVorlage="2013-09-11 00:00:00.0" ObKeinKontakt="1" ObjArtID="1"/>
  <Objekte ObjID="18326" ObjAufnahme="2013-01-29" ObjStrasseID="8551" ObjHausnummer="Weidendamm 5" ObjVorlage="2013-09-11 00:00:00.0" ObKeinKontakt="1" ObjArtID="1"/>
  <Objekte ObjID="18327" ObjAufnahme="2013-01-29" ObjStrasseID="7312" ObjHausnummer="Laportestraße 22" ObjVorlage="2013-09-11 00:00:00.0" ObKeinKontakt="1" ObjArtID="1"/>
  <Objekte ObjID="18328" ObjAufnahme="2013-01-29" ObjStrasseID="6837" ObjHausnummer="Hennigestraße 9" ObjVorlage="2013-09-11 00:00:00.0" ObKeinKontakt="1" ObjArtID="1"/>
  <Objekte ObjID="18329" ObjAufnahme="2013-01-29" ObjStrasseID="6466" ObjHausnummer="Freudenthalstraße 55" ObjVorlage="2013-09-11 00:00:00.0" ObKeinKontakt="1" ObjArtID="1"/>
  <Objekte ObjID="18330" ObjAufnahme="2013-01-29" ObjStrasseID="6214" ObjHausnummer="Dickensstraße 33" ObjVorlage="2013-09-11 00:00:00.0" ObKeinKontakt="1" ObjArtID="1"/>
  <Objekte ObjID="18331" ObjAufnahme="2013-01-29" ObjStrasseID="6185" ObjHausnummer="Dangersstraße 5" ObjVorlage="2013-09-11 00:00:00.0" ObKeinKontakt="1" ObjArtID="1"/>
  <Objekte ObjID="18332" ObjAufnahme="2013-01-29" ObjLetztKontakt="2013-03-07" ObjStrasseID="7734" ObjHausnummer="Parlweg 1" ObjVorlage="2013-09-11 00:00:00.0" ObKeinKontakt="2" ObjArtID="1"/>
  <Objekte ObjID="18333" ObjAufnahme="2013-01-29" ObjStrasseID="5882" ObjHausnummer="Baumgartenstraße 10" ObjVorlage="2013-09-11 00:00:00.0" ObKeinKontakt="1" ObjArtID="1"/>
  <Objekte ObjID="18334" ObjAufnahme="2013-01-29" ObjStrasseID="8643" ObjHausnummer="Willführstraße 5" ObjVorlage="2013-09-11 00:00:00.0" ObKeinKontakt="1" ObjArtID="1"/>
  <Objekte ObjID="18335" ObjAufnahme="2013-01-29" ObjLetztKontakt="2013-03-13" ObjStrasseID="7698" ObjHausnummer="Osterfelddamm 69" ObjVorlage="2013-09-11 00:00:00.0" ObKeinKontakt="2" ObjArtID="1" ObjInfo="gehört Ursula Mühlpforte&#xD;&#xA;kein Ankauf jetzt"/>
  <Objekte ObjID="18336" ObjAufnahme="2013-01-29" ObjLetztKontakt="2013-04-03" ObjStrasseID="6119" ObjHausnummer="Burgundische Straße 1" ObjVorlage="2013-09-11 00:00:00.0" ObKeinKontakt="2" ObjArtID="1"/>
  <Objekte ObjID="18337" ObjAufnahme="2013-01-29" ObjStrasseID="15605" ObjHausnummer="Stöckener Hof 105" ObjVorlage="2013-09-11 00:00:00.0" ObKeinKontakt="1" ObjArtID="1"/>
  <Objekte ObjID="18338" ObjAufnahme="2013-01-29" ObjStrasseID="11004" ObjHausnummer="Försterkamp 15" ObjVorlage="2013-09-11 00:00:00.0" ObKeinKontakt="1" ObjArtID="1"/>
  <Objekte ObjID="18339" ObjAufnahme="2013-01-29" ObjStrasseID="6039" ObjHausnummer="Börsmannstraße 10" ObjVorlage="2013-09-11 00:00:00.0" ObKeinKontakt="1" ObjArtID="1"/>
  <Objekte ObjID="18340" ObjAufnahme="2013-01-29" ObjStrasseID="6843" ObjHausnummer="Herderstraße 7 A" ObjVorlage="2013-09-11 00:00:00.0" ObKeinKontakt="1" ObjArtID="1"/>
  <Objekte ObjID="18341" ObjAufnahme="2013-01-29" ObjLetztKontakt="2013-04-03" ObjStrasseID="5592" ObjHausnummer="Altenauer Weg 15" ObjVorlage="2013-09-11 00:00:00.0" ObKeinKontakt="2" ObjArtID="1"/>
  <Objekte ObjID="18342" ObjAufnahme="2013-01-29" ObjStrasseID="5752" ObjHausnummer="An der Bismarckschule 8 B" ObjVorlage="2013-09-11 00:00:00.0" ObKeinKontakt="1" ObjArtID="1"/>
  <Objekte ObjID="18343" ObjAufnahme="2013-01-29" ObjStrasseID="6905" ObjHausnummer="Hohensteinweg 8" ObjVorlage="2013-09-11 00:00:00.0" ObKeinKontakt="1" ObjArtID="1"/>
  <Objekte ObjID="18344" ObjAufnahme="2013-01-29" ObjStrasseID="7380" ObjHausnummer="Liepmannstraße 16" ObjVorlage="2013-09-11 00:00:00.0" ObKeinKontakt="1" ObjArtID="1"/>
  <Objekte ObjID="18345" ObjAufnahme="2013-01-29" ObjStrasseID="2852" ObjHausnummer="Alte Döhrener Straße 1 A" ObjVorlage="2013-09-11 00:00:00.0" ObKeinKontakt="1" ObjArtID="1"/>
  <Objekte ObjID="18346" ObjAufnahme="2013-01-29" ObjStrasseID="6189" ObjHausnummer="Das Mühlenfeld 10" ObjVorlage="2013-09-11 00:00:00.0" ObKeinKontakt="1" ObjArtID="1"/>
  <Objekte ObjID="18347" ObjAufnahme="2013-01-29" ObjLetztKontakt="2013-04-22" ObjStrasseID="6724" ObjHausnummer="Hannoversche Straße 33" ObjVorlage="2013-09-11 00:00:00.0" ObKeinKontakt="2" ObjArtID="20"/>
  <Objekte ObjID="18348" ObjAufnahme="2013-01-29" ObjLetztKontakt="2013-04-06" ObjStrasseID="6714" ObjHausnummer="Hamburger Allee 6" ObjVorlage="2013-09-11 00:00:00.0" ObKeinKontakt="3" ObjArtID="177"/>
  <Objekte ObjID="18349" ObjAufnahme="2013-01-29" ObjLetztKontakt="2013-04-13" ObjStrasseID="6355" ObjHausnummer="Epiweg 17" ObjVorlage="2013-04-15 00:00:00.0" ObKeinKontakt="3" ObjArtID="1" ObjInfo="Eigentümerin Ingrid Weers 01727136059"/>
  <Objekte ObjID="18350" ObjAufnahme="2013-01-29" ObjStrasseID="5685" ObjHausnummer="Am Mittelfelde 83 A,B,C" ObjVorlage="2013-09-11 00:00:00.0" ObKeinKontakt="1" ObjArtID="1" ObjInfo="Jürgen Kohne&#xD;&#xA;Systemberater&#xD;&#xA;&#xD;&#xA;Tel: 0171 8265849&#xD;&#xA;email: Juergen.kohne@miko-bremen.de"/>
  <Objekte ObjID="18351" ObjAufnahme="2013-01-29" ObjStrasseID="5685" ObjHausnummer="Am Mittelfelde 85 A,B,C" ObjVorlage="2013-09-11 00:00:00.0" ObKeinKontakt="1" ObjArtID="1" ObjInfo="Jürgen Kohne&#xD;&#xA;Systemberater&#xD;&#xA;&#xD;&#xA;Tel: 0171 8265849&#xD;&#xA;email: Juergen.kohne@miko-bremen.de"/>
  <Objekte ObjID="18352" ObjAufnahme="2013-01-31" ObjStrasseID="5993" ObjHausnummer="Blumenhagenstraße 12" ObjVorlage="2013-09-11 00:00:00.0" ObKeinKontakt="1" ObjArtID="1" ObjInfo="große Wohnungen 147 m²&#xD;&#xA;Wohnungsverkaufspreis 3.500 €/m²&#xD;&#xA;Gebot zum 18,5-fachen&#xD;&#xA;Gehört ihm mit Partner.&#xD;&#xA;Partner will nicht&#xD;&#xA;Habe 20,5 gesagt&#xD;&#xA;Meldet sich Montag&#xD;&#xA;Sommer 01724150034"/>
  <Objekte ObjID="18353" ObjAufnahme="2013-01-31" ObjStrasseID="7480" ObjHausnummer="Marienstraße 40 A" ObjVorlage="2013-09-11 00:00:00.0" ObKeinKontakt="3" ObjArtID="1"/>
  <Objekte ObjID="18354" ObjAufnahme="2013-01-31" ObjStrasseID="6151" ObjHausnummer="Clausthaler Weg 15" ObjVorlage="2013-09-11 00:00:00.0" ObKeinKontakt="3" ObjArtID="1"/>
  <Objekte ObjID="18355" ObjAufnahme="2013-02-06" ObjStrasseID="6958" ObjHausnummer="Ihmer Straße 4" ObjVorlage="2013-09-11 00:00:00.0" ObKeinKontakt="1" ObjArtID="1"/>
  <Objekte ObjID="18356" ObjAufnahme="2013-02-06" ObjStrasseID="8286" ObjHausnummer="Stephansplatz 3" ObjVorlage="2013-09-11 00:00:00.0" ObKeinKontakt="1" ObjArtID="1"/>
  <Objekte ObjID="18357" ObjAufnahme="2013-02-06" ObjLetztKontakt="2013-03-13" ObjStrasseID="5708" ObjHausnummer="Am Soltekampe 5" ObjVorlage="2013-09-11 00:00:00.0" ObKeinKontakt="2" ObjArtID="1" ObjInfo="mit einer M.F.H. Lenzen gesprochen 063122670&#xD;&#xA;01726501317&#xD;&#xA;unklar welche Rolle"/>
  <Objekte ObjID="18358" ObjAufnahme="2013-02-06" ObjStrasseID="8637" ObjHausnummer="Wilhelmstraße 16" ObjVorlage="2013-09-11 00:00:00.0" ObKeinKontakt="1" ObjArtID="1"/>
  <Objekte ObjID="18359" ObjAufnahme="2013-02-06" ObjStrasseID="7404" ObjHausnummer="Lister Kirchweg 63" ObjVorlage="2013-09-11 00:00:00.0" ObKeinKontakt="1" ObjArtID="1"/>
  <Objekte ObjID="18360" ObjAufnahme="2013-02-06" ObjStrasseID="8023" ObjHausnummer="Sallstraße 18" ObjVorlage="2013-09-11 00:00:00.0" ObKeinKontakt="1" ObjArtID="1"/>
  <Objekte ObjID="18361" ObjAufnahme="2013-02-06" ObjStrasseID="7918" ObjHausnummer="Roderbruchstraße 20" ObjVorlage="2013-09-11 00:00:00.0" ObKeinKontakt="1" ObjArtID="1"/>
  <Objekte ObjID="18362" ObjAufnahme="2013-02-06" ObjStrasseID="7241" ObjHausnummer="Kötnerhof 12" ObjVorlage="2013-09-11 00:00:00.0" ObKeinKontakt="1" ObjArtID="1"/>
  <Objekte ObjID="18363" ObjAufnahme="2013-02-06" ObjStrasseID="5914" ObjHausnummer="Berdingstraße 6 B" ObjVorlage="2013-09-11 00:00:00.0" ObKeinKontakt="1" ObjArtID="1"/>
  <Objekte ObjID="18364" ObjAufnahme="2013-02-06" ObjStrasseID="7138" ObjHausnummer="Kestnerstraße 45 A" ObjVorlage="2013-09-11 00:00:00.0" ObKeinKontakt="1" ObjArtID="1"/>
  <Objekte ObjID="18365" ObjAufnahme="2013-02-06" ObjStrasseID="5874" ObjHausnummer="Barsinghäuser Straße 11" ObjVorlage="2013-09-11 00:00:00.0" ObKeinKontakt="1" ObjArtID="1"/>
  <Objekte ObjID="18366" ObjAufnahme="2013-02-06" ObjStrasseID="8087" ObjHausnummer="Schmedesweg 14" ObjVorlage="2013-09-11 00:00:00.0" ObKeinKontakt="1" ObjArtID="1"/>
  <Objekte ObjID="18367" ObjAufnahme="2013-02-06" ObjStrasseID="8418" ObjHausnummer="Tulpenweg 2" ObjVorlage="2013-09-11 00:00:00.0" ObKeinKontakt="1" ObjArtID="1"/>
  <Objekte ObjID="18368" ObjAufnahme="2013-02-06" ObjLetztKontakt="2013-02-15" ObjStrasseID="7659" ObjHausnummer="Nußriede 19" ObjVorlage="2013-02-15 00:00:00.0" ObKeinKontakt="2" ObjArtID="177"/>
  <Objekte ObjID="18369" ObjAufnahme="2013-02-06" ObjStrasseID="7513" ObjHausnummer="Meitnerstraße 9" ObjVorlage="2013-09-11 00:00:00.0" ObKeinKontakt="1" ObjArtID="1"/>
  <Objekte ObjID="18370" ObjAufnahme="2013-02-07" ObjStrasseID="8239" ObjHausnummer="Spitzwegstraße 1" ObjVorlage="2013-09-11 00:00:00.0" ObKeinKontakt="1" ObjArtID="1"/>
  <Objekte ObjID="18371" ObjAufnahme="2013-02-07" ObjStrasseID="8380" ObjHausnummer="Tiergartenstraße 90" ObjVorlage="2013-09-11 00:00:00.0" ObKeinKontakt="1" ObjArtID="1"/>
  <Objekte ObjID="18372" ObjAufnahme="2013-02-07" ObjStrasseID="8538" ObjHausnummer="Wedelstraße 6" ObjVorlage="2013-09-11 00:00:00.0" ObKeinKontakt="1" ObjArtID="1"/>
  <Objekte ObjID="18373" ObjAufnahme="2013-02-07" ObjStrasseID="6858" ObjHausnummer="Herrenhäuser Straße 64" ObjVorlage="2013-09-11 00:00:00.0" ObKeinKontakt="1" ObjArtID="1"/>
  <Objekte ObjID="18374" ObjAufnahme="2013-02-07" ObjStrasseID="6461" ObjHausnummer="Freiligrathstraße 2" ObjVorlage="2013-09-11 00:00:00.0" ObKeinKontakt="1" ObjArtID="1"/>
  <Objekte ObjID="18375" ObjAufnahme="2013-02-07" ObjStrasseID="7931" ObjHausnummer="Rönnehof 15" ObjVorlage="2013-09-11 00:00:00.0" ObKeinKontakt="1" ObjArtID="1"/>
  <Objekte ObjID="18376" ObjAufnahme="2013-02-07" ObjStrasseID="6119" ObjHausnummer="Burgundische Straße 11" ObjVorlage="2013-09-11 00:00:00.0" ObKeinKontakt="1" ObjArtID="1"/>
  <Objekte ObjID="18377" ObjAufnahme="2013-02-07" ObjStrasseID="6119" ObjHausnummer="Burgundische Straße 15" ObjVorlage="2013-09-11 00:00:00.0" ObKeinKontakt="1" ObjArtID="1"/>
  <Objekte ObjID="18378" ObjAufnahme="2013-02-07" ObjStrasseID="7249" ObjHausnummer="Krausenstraße 44" ObjVorlage="2013-09-11 00:00:00.0" ObKeinKontakt="1" ObjArtID="1"/>
  <Objekte ObjID="18379" ObjAufnahme="2013-02-07" ObjStrasseID="8610" ObjHausnummer="Wiehbergstraße 70" ObjVorlage="2013-09-11 00:00:00.0" ObKeinKontakt="1" ObjArtID="1"/>
  <Objekte ObjID="18380" ObjAufnahme="2013-02-07" ObjStrasseID="7322" ObjHausnummer="Lausitzer Wende 2" ObjVorlage="2013-09-11 00:00:00.0" ObKeinKontakt="1" ObjArtID="1"/>
  <Objekte ObjID="18381" ObjAufnahme="2013-02-07" ObjStrasseID="7227" ObjHausnummer="Kopernikusstraße 6" ObjVorlage="2013-09-11 00:00:00.0" ObKeinKontakt="1" ObjArtID="1"/>
  <Objekte ObjID="18382" ObjAufnahme="2013-02-07" ObjStrasseID="14647" ObjHausnummer="Weistfeld 3" ObjVorlage="2013-09-11 00:00:00.0" ObKeinKontakt="1" ObjArtID="1"/>
  <Objekte ObjID="18383" ObjAufnahme="2013-02-07" ObjLetztKontakt="2013-02-25" ObjStrasseID="6905" ObjHausnummer="Hohensteinweg 16" ObjVorlage="2013-09-11 00:00:00.0" ObKeinKontakt="2" ObjArtID="1"/>
  <Objekte ObjID="18384" ObjAufnahme="2013-02-07" ObjLetztKontakt="2013-03-11" ObjStrasseID="6039" ObjHausnummer="Börsmannstraße 2" ObjVorlage="2013-09-11 00:00:00.0" ObKeinKontakt="2" ObjArtID="1"/>
  <Objekte ObjID="18385" ObjAufnahme="2013-02-07" ObjStrasseID="11004" ObjHausnummer="Försterkamp 9" ObjVorlage="2013-09-11 00:00:00.0" ObKeinKontakt="1" ObjArtID="1"/>
  <Objekte ObjID="18386" ObjAufnahme="2013-02-08" ObjStrasseID="5794" ObjHausnummer="Andreasstraße 1 A" ObjVorlage="2013-09-11 00:00:00.0" ObKeinKontakt="1" ObjArtID="1"/>
  <Objekte ObjID="18387" ObjAufnahme="2013-02-08" ObjStrasseID="7176" ObjHausnummer="Kleiststraße 4" ObjVorlage="2013-09-11 00:00:00.0" ObKeinKontakt="1" ObjArtID="1"/>
  <Objekte ObjID="18388" ObjAufnahme="2013-02-08" ObjStrasseID="6119" ObjHausnummer="Burgundische Straße 13" ObjVorlage="2013-09-11 00:00:00.0" ObKeinKontakt="1" ObjArtID="1"/>
  <Objekte ObjID="18389" ObjAufnahme="2013-02-08" ObjStrasseID="6119" ObjHausnummer="Burgundische Straße 9" ObjVorlage="2013-09-11 00:00:00.0" ObKeinKontakt="1" ObjArtID="1"/>
  <Objekte ObjID="18390" ObjAufnahme="2013-02-08" ObjLetztKontakt="2013-03-27" ObjStrasseID="8301" ObjHausnummer="Stockmannstraße 6" ObjVorlage="2013-09-11 00:00:00.0" ObKeinKontakt="2" ObjArtID="1"/>
  <Objekte ObjID="18391" ObjAufnahme="2013-02-08" ObjStrasseID="5806" ObjHausnummer="Annette-Kolb-Straße 13" ObjVorlage="2013-09-11 00:00:00.0" ObKeinKontakt="1" ObjArtID="1"/>
  <Objekte ObjID="18392" ObjAufnahme="2013-02-08" ObjStrasseID="8486" ObjHausnummer="Von-Alten-Allee 7" ObjVorlage="2013-09-11 00:00:00.0" ObKeinKontakt="1" ObjArtID="1"/>
  <Objekte ObjID="18393" ObjAufnahme="2013-02-08" ObjStrasseID="8085" ObjHausnummer="Schloßwender Straße 13" ObjVorlage="2013-09-11 00:00:00.0" ObKeinKontakt="1" ObjArtID="1"/>
  <Objekte ObjID="18394" ObjAufnahme="2013-02-08" ObjStrasseID="7959" ObjHausnummer="Rote Reihe 9" ObjVorlage="2013-09-11 00:00:00.0" ObKeinKontakt="1" ObjArtID="1"/>
  <Objekte ObjID="18395" ObjAufnahme="2013-02-11" ObjStrasseID="5949" ObjHausnummer="Bevenser Weg 3" ObjVorlage="2013-09-11 00:00:00.0" ObKeinKontakt="1" ObjArtID="1"/>
  <Objekte ObjID="18396" ObjAufnahme="2013-02-11" ObjStrasseID="8696" ObjHausnummer="Wunstorfer Straße 80" ObjVorlage="2013-09-11 00:00:00.0" ObKeinKontakt="1" ObjArtID="1"/>
  <Objekte ObjID="18397" ObjAufnahme="2013-02-11" ObjLetztKontakt="2013-02-25" ObjStrasseID="8068" ObjHausnummer="Schiffgraben 29" ObjVorlage="2013-09-11 00:00:00.0" ObKeinKontakt="2" ObjArtID="1"/>
  <Objekte ObjID="18398" ObjAufnahme="2013-02-11" ObjLetztKontakt="2013-03-15" ObjStrasseID="7819" ObjHausnummer="Prüßentrift 61 A" ObjVorlage="2013-09-11 00:00:00.0" ObKeinKontakt="2" ObjArtID="177"/>
  <Objekte ObjID="18399" ObjAufnahme="2013-02-11" ObjLetztKontakt="2013-06-03" ObjStrasseID="7513" ObjHausnummer="Meitnerstraße 7" ObjVorlage="2013-09-11 00:00:00.0" ObKeinKontakt="2" ObjArtID="177"/>
  <Objekte ObjID="18400" ObjAufnahme="2013-02-11" ObjStrasseID="8265" ObjHausnummer="Steigertahlstraße 2" ObjVorlage="2013-09-11 00:00:00.0" ObKeinKontakt="1" ObjArtID="1"/>
  <Objekte ObjID="18401" ObjAufnahme="2013-02-11" ObjStrasseID="8696" ObjHausnummer="Wunstorfer Straße 112" ObjVorlage="2013-09-11 00:00:00.0" ObKeinKontakt="1" ObjArtID="1"/>
  <Objekte ObjID="18402" ObjAufnahme="2013-02-11" ObjLetztKontakt="2013-02-25" ObjStrasseID="8298" ObjHausnummer="Stöckener Straße 173" ObjVorlage="2013-09-11 00:00:00.0" ObKeinKontakt="2" ObjArtID="177" ObjInfo="200 Einheiten"/>
  <Objekte ObjID="18403" ObjAufnahme="2013-02-11" ObjStrasseID="8285" ObjHausnummer="Stensenweg 10" ObjVorlage="2013-09-11 00:00:00.0" ObKeinKontakt="2" ObjArtID="177"/>
  <Objekte ObjID="18404" ObjAufnahme="2013-02-11" ObjStrasseID="6880" ObjHausnummer="Hinrichsring 10" ObjVorlage="2013-09-11 00:00:00.0" ObKeinKontakt="1" ObjArtID="1"/>
  <Objekte ObjID="18405" ObjAufnahme="2013-02-11" ObjStrasseID="7964" ObjHausnummer="Rothaarweg 3" ObjVorlage="2013-09-11 00:00:00.0" ObKeinKontakt="1" ObjArtID="1"/>
  <Objekte ObjID="18406" ObjAufnahme="2013-02-11" ObjStrasseID="6876" ObjHausnummer="Hildesheimer Straße 91" ObjVorlage="2013-09-11 00:00:00.0" ObKeinKontakt="1" ObjArtID="1"/>
  <Objekte ObjID="18407" ObjAufnahme="2013-02-11" ObjLetztKontakt="2013-03-12" ObjStrasseID="7027" ObjHausnummer="In der Rehre 31" ObjVorlage="2013-09-11 00:00:00.0" ObKeinKontakt="2" ObjArtID="177"/>
  <Objekte ObjID="18408" ObjAufnahme="2013-02-11" ObjLetztKontakt="2013-03-15" ObjStrasseID="6013" ObjHausnummer="Bohnhorststraße 2" ObjVorlage="2013-09-11 00:00:00.0" ObKeinKontakt="2" ObjArtID="1"/>
  <Objekte ObjID="18409" ObjAufnahme="2013-02-11" ObjStrasseID="6000" ObjHausnummer="Bockmerholzstraße 11 A" ObjVorlage="2013-09-11 00:00:00.0" ObKeinKontakt="1" ObjArtID="1"/>
  <Objekte ObjID="18410" ObjAufnahme="2013-02-11" ObjLetztKontakt="2013-04-06" ObjStrasseID="6204" ObjHausnummer="Deisterstraße 49" ObjVorlage="2013-09-11 00:00:00.0" ObKeinKontakt="2" ObjArtID="1"/>
  <Objekte ObjID="18411" ObjAufnahme="2013-02-11" ObjStrasseID="6984" ObjHausnummer="Im Klingenkampe 38" ObjVorlage="2013-09-11 00:00:00.0" ObKeinKontakt="1" ObjArtID="1"/>
  <Objekte ObjID="18412" ObjAufnahme="2013-02-11" ObjLetztKontakt="2013-05-13" ObjStrasseID="6705" ObjHausnummer="Hahnenstraße 20" ObjVorlage="2013-09-11 00:00:00.0" ObKeinKontakt="2" ObjArtID="1"/>
  <Objekte ObjID="18413" ObjAufnahme="2013-02-11" ObjLetztKontakt="2013-03-22" ObjStrasseID="7375" ObjHausnummer="Liebigstraße 21" ObjVorlage="2014-01-22 00:00:00.0" ObKeinKontakt="3" ObjArtID="1" ObjInfo="Firmenvorstellung geschickt"/>
  <Objekte ObjID="18414" ObjAufnahme="2013-02-12" ObjLetztKontakt="2013-03-05" ObjStrasseID="7165" ObjHausnummer="Kleestraße 7" ObjVorlage="2013-09-11 00:00:00.0" ObKeinKontakt="1" ObjArtID="1" ObjInfo="Eigentümer unter 01729108415 erreichbar&#xD;&#xA;will nicht verkaufen wegen Kauf kam er mir dumm"/>
  <Objekte ObjID="18415" ObjAufnahme="2013-02-12" ObjLetztKontakt="2013-03-05" ObjStrasseID="6676" ObjHausnummer="Güntherstraße 31 A" ObjVorlage="2017-01-01 00:00:00.0" ObKeinKontakt="2" ObjArtID="1"/>
  <Objekte ObjID="18416" ObjAufnahme="2013-02-12" ObjLetztKontakt="2013-03-11" ObjStrasseID="8610" ObjHausnummer="Wiehbergstraße 103" ObjVorlage="2013-09-11 00:00:00.0" ObKeinKontakt="2" ObjArtID="1" ObjInfo="Eigentümer Silke Bott 05118444525&#xD;&#xA;sucht in Döhren"/>
  <Objekte ObjID="18417" ObjAufnahme="2013-02-12" ObjLetztKontakt="2013-03-05" ObjStrasseID="6724" ObjHausnummer="Hannoversche Straße 63" ObjVorlage="2015-03-01 00:00:00.0" ObKeinKontakt="3" ObjArtID="1" ObjInfo="Eigentümer Bernd Weihser 017678207440&#xD;&#xA;hat mehrere Häuser will in 2 jahren verkaufen hat Deurag Merag Villa gekauft&#xD;&#xA;hat Bekannten der sucht&#xD;&#xA;mag Misburg"/>
  <Objekte ObjID="18418" ObjAufnahme="2013-02-12" ObjStrasseID="7418" ObjHausnummer="Lönsstraße 21" ObjVorlage="2013-09-11 00:00:00.0" ObKeinKontakt="1" ObjArtID="1"/>
  <Objekte ObjID="18419" ObjAufnahme="2013-02-12" ObjStrasseID="6675" ObjHausnummer="Günther-Wagner-Allee 1 A" ObjVorlage="2013-09-11 00:00:00.0" ObKeinKontakt="1" ObjArtID="1"/>
  <Objekte ObjID="18420" ObjAufnahme="2013-02-12" ObjStrasseID="8028" ObjHausnummer="Salzwedeler Hof 8" ObjVorlage="2013-09-11 00:00:00.0" ObKeinKontakt="1" ObjArtID="1"/>
  <Objekte ObjID="18421" ObjAufnahme="2013-02-12" ObjStrasseID="6231" ObjHausnummer="Dohmeyers Weg 12" ObjVorlage="2013-09-11 00:00:00.0" ObKeinKontakt="1" ObjArtID="1"/>
  <Objekte ObjID="18422" ObjAufnahme="2013-02-12" ObjStrasseID="7288" ObjHausnummer="Küsterstraße 6" ObjVorlage="2013-09-11 00:00:00.0" ObKeinKontakt="1" ObjArtID="1" ObjInfo="gehört einem Herrn Winkler. Ist aus der Branche 05119845997&#xD;&#xA;oder&#xD;&#xA;015778954997"/>
  <Objekte ObjID="18423" ObjAufnahme="2013-02-12" ObjStrasseID="7014" ObjHausnummer="Immermannstraße 6" ObjVorlage="2013-09-11 00:00:00.0" ObKeinKontakt="1" ObjArtID="1"/>
  <Objekte ObjID="18424" ObjAufnahme="2013-02-12" ObjStrasseID="7892" ObjHausnummer="Ricklinger Stadtweg 99" ObjVorlage="2013-09-11 00:00:00.0" ObKeinKontakt="1" ObjArtID="1"/>
  <Objekte ObjID="18425" ObjAufnahme="2013-02-12" ObjStrasseID="6535" ObjHausnummer="Gellertstraße 10" ObjVorlage="2013-09-11 00:00:00.0" ObKeinKontakt="1" ObjArtID="1"/>
  <Objekte ObjID="18426" ObjAufnahme="2013-02-12" ObjLetztKontakt="2013-02-12" ObjStrasseID="6954" ObjHausnummer="Ifflandstraße 23" ObjVorlage="2013-09-11 00:00:00.0" ObKeinKontakt="1" ObjArtID="177"/>
  <Objekte ObjID="18427" ObjAufnahme="2013-02-15" ObjStrasseID="8089" ObjHausnummer="Schmiedestraße 39" ObjVorlage="2013-09-11 00:00:00.0" ObKeinKontakt="1" ObjArtID="1"/>
  <Objekte ObjID="18428" ObjAufnahme="2013-02-15" ObjStrasseID="5648" ObjHausnummer="Am Hohen Ufer 3 A" ObjVorlage="2013-09-11 00:00:00.0" ObKeinKontakt="1" ObjArtID="1"/>
  <Objekte ObjID="18429" ObjAufnahme="2013-02-15" ObjStrasseID="7889" ObjHausnummer="Richartzstraße 1" ObjVorlage="2013-09-11 00:00:00.0" ObKeinKontakt="1" ObjArtID="1"/>
  <Objekte ObjID="18430" ObjAufnahme="2013-02-15" ObjStrasseID="7889" ObjHausnummer="Richartzstraße 3" ObjVorlage="2013-09-11 00:00:00.0" ObKeinKontakt="1" ObjArtID="1"/>
  <Objekte ObjID="18431" ObjAufnahme="2013-02-15" ObjStrasseID="7889" ObjHausnummer="Richartzstraße 5" ObjVorlage="2013-09-11 00:00:00.0" ObKeinKontakt="1" ObjArtID="1"/>
  <Objekte ObjID="18432" ObjAufnahme="2013-02-15" ObjStrasseID="7889" ObjHausnummer="Richartzstraße 7" ObjVorlage="2013-09-11 00:00:00.0" ObKeinKontakt="1" ObjArtID="1"/>
  <Objekte ObjID="18433" ObjAufnahme="2013-02-18" ObjStrasseID="7480" ObjHausnummer="Marienstraße 24" ObjVorlage="2013-09-11 00:00:00.0" ObKeinKontakt="1" ObjArtID="1" ObjInfo="gehört einem Pascal Klimek&#xD;&#xA;lebt in Spanien&#xD;&#xA;01755611616&#xD;&#xA;pascalklimek@o2online.de"/>
  <Objekte ObjID="18434" ObjAufnahme="2013-02-20" ObjLetztKontakt="2013-02-20" ObjStrasseID="12162" ObjHausnummer="Jakobskamp 3" ObjVorlage="2013-02-20 00:00:00.0" ObKeinKontakt="2" ObjArtID="1"/>
  <Objekte ObjID="18435" ObjAufnahme="2013-02-20" ObjStrasseID="6357" ObjHausnummer="Erderstraße 2" ObjVorlage="2013-09-11 00:00:00.0" ObKeinKontakt="1" ObjArtID="1"/>
  <Objekte ObjID="18436" ObjAufnahme="2013-02-20" ObjLetztKontakt="2013-02-20" ObjStrasseID="8192" ObjHausnummer="Silberstraße 10" ObjVorlage="2013-09-11 00:00:00.0" ObKeinKontakt="2" ObjArtID="1" ObjInfo="Haus mit 3 Einheiten,&#xD;&#xA;Eigentümer wohnt in Wiesbaden"/>
  <Objekte ObjID="18437" ObjAufnahme="2013-02-20" ObjStrasseID="6026" ObjHausnummer="Borgentrickstraße 14" ObjVorlage="2013-09-11 00:00:00.0" ObKeinKontakt="1" ObjArtID="1"/>
  <Objekte ObjID="18438" ObjAufnahme="2013-02-20" ObjStrasseID="6654" ObjHausnummer="Großer Hillen 12-14" ObjVorlage="2013-09-11 00:00:00.0" ObKeinKontakt="1" ObjArtID="1"/>
  <Objekte ObjID="18439" ObjAufnahme="2013-02-20" ObjStrasseID="5833" ObjHausnummer="Auf dem Hollen 10" ObjVorlage="2013-09-11 00:00:00.0" ObKeinKontakt="1" ObjArtID="1"/>
  <Objekte ObjID="18440" ObjAufnahme="2013-02-20" ObjStrasseID="8456" ObjHausnummer="Varrelmannstraße 14" ObjVorlage="2013-09-11 00:00:00.0" ObKeinKontakt="1" ObjArtID="1"/>
  <Objekte ObjID="18441" ObjAufnahme="2013-02-20" ObjStrasseID="7857" ObjHausnummer="Regenwalder Straße 6" ObjVorlage="2013-09-11 00:00:00.0" ObKeinKontakt="1" ObjArtID="1"/>
  <Objekte ObjID="18442" ObjAufnahme="2013-02-20" ObjLetztKontakt="2013-03-15" ObjStrasseID="5721" ObjHausnummer="Am Tiergarten 2" ObjVorlage="2013-09-11 00:00:00.0" ObKeinKontakt="2" ObjArtID="1"/>
  <Objekte ObjID="18443" ObjAufnahme="2013-02-20" ObjStrasseID="6103" ObjHausnummer="Bugenhagenstraße 15" ObjVorlage="2013-09-11 00:00:00.0" ObKeinKontakt="1" ObjArtID="1"/>
  <Objekte ObjID="18444" ObjAufnahme="2013-02-20" ObjLetztKontakt="2013-02-26" ObjStrasseID="7960" ObjHausnummer="Rotekreuzstraße 15" ObjVorlage="2013-09-11 00:00:00.0" ObKeinKontakt="2" ObjArtID="177"/>
  <Objekte ObjID="18445" ObjAufnahme="2013-02-20" ObjStrasseID="6124" ObjHausnummer="Bussestraße 2" ObjVorlage="2013-09-11 00:00:00.0" ObKeinKontakt="1" ObjArtID="1"/>
  <Objekte ObjID="18446" ObjAufnahme="2013-02-20" ObjStrasseID="7637" ObjHausnummer="Nienburger Straße 14" ObjVorlage="2013-09-11 00:00:00.0" ObKeinKontakt="1" ObjArtID="1"/>
  <Objekte ObjID="18447" ObjAufnahme="2013-02-20" ObjStrasseID="5639" ObjHausnummer="Am Gutspark 22" ObjVorlage="2013-09-11 00:00:00.0" ObKeinKontakt="1" ObjArtID="1"/>
  <Objekte ObjID="18448" ObjAufnahme="2013-02-20" ObjStrasseID="7704" ObjHausnummer="Osterstraße 37" ObjVorlage="2013-09-11 00:00:00.0" ObKeinKontakt="1" ObjArtID="1"/>
  <Objekte ObjID="18449" ObjAufnahme="2013-02-20" ObjStrasseID="6073" ObjHausnummer="Brentanostraße 17" ObjVorlage="2013-09-11 00:00:00.0" ObKeinKontakt="1" ObjArtID="1"/>
  <Objekte ObjID="18450" ObjAufnahme="2013-02-20" ObjStrasseID="6833" ObjHausnummer="Henckellweg 2" ObjVorlage="2013-09-11 00:00:00.0" ObKeinKontakt="1" ObjArtID="177"/>
  <Objekte ObjID="18451" ObjAufnahme="2013-02-20" ObjStrasseID="6663" ObjHausnummer="Grüne Aue 12" ObjVorlage="2013-09-11 00:00:00.0" ObKeinKontakt="1" ObjArtID="1"/>
  <Objekte ObjID="18452" ObjAufnahme="2013-02-20" ObjLetztKontakt="2013-02-21" ObjStrasseID="7029" ObjHausnummer="In der Steinbreite 68" ObjVorlage="2013-09-11 00:00:00.0" ObKeinKontakt="2" ObjArtID="177"/>
  <Objekte ObjID="18453" ObjAufnahme="2013-02-21" ObjStrasseID="5984" ObjHausnummer="Bismarckstraße 9 A" ObjVorlage="2013-09-11 00:00:00.0" ObKeinKontakt="1" ObjArtID="1"/>
  <Objekte ObjID="18454" ObjAufnahme="2013-02-21" ObjLetztKontakt="2013-03-15" ObjStrasseID="6186" ObjHausnummer="Dannenbergstraße 10" ObjVorlage="2013-09-11 00:00:00.0" ObKeinKontakt="2" ObjArtID="1"/>
  <Objekte ObjID="18455" ObjAufnahme="2013-02-21" ObjStrasseID="5662" ObjHausnummer="Am Kastanienhof 9" ObjVorlage="2013-09-11 00:00:00.0" ObKeinKontakt="1" ObjArtID="1"/>
  <Objekte ObjID="18456" ObjAufnahme="2013-02-21" ObjStrasseID="6300" ObjHausnummer="Ehlvershof 5" ObjVorlage="2013-09-11 00:00:00.0" ObKeinKontakt="1" ObjArtID="1"/>
  <Objekte ObjID="18457" ObjAufnahme="2013-02-21" ObjLetztKontakt="2013-02-25" ObjStrasseID="6071" ObjHausnummer="Brelinger Hof 15" ObjVorlage="2013-09-11 00:00:00.0" ObKeinKontakt="2" ObjArtID="1"/>
  <Objekte ObjID="18458" ObjAufnahme="2013-02-21" ObjStrasseID="8113" ObjHausnummer="Schulenburger Landstraße 21" ObjVorlage="2013-09-11 00:00:00.0" ObKeinKontakt="1" ObjArtID="1"/>
  <Objekte ObjID="18459" ObjAufnahme="2013-02-21" ObjLetztKontakt="2013-03-07" ObjStrasseID="7276" ObjHausnummer="Kugelfangtrift 152" ObjVorlage="2013-09-11 00:00:00.0" ObKeinKontakt="3" ObjArtID="1" ObjInfo="3-Familienhaus  650 m² Grdst. 335 m² Wohnraum 2 Garagen  Dachterrasse Wärmedämmung 2000€/m²"/>
  <Objekte ObjID="18460" ObjAufnahme="2013-02-21" ObjStrasseID="6875" ObjHausnummer="Hildesheimer Straße 363" ObjVorlage="2013-09-11 00:00:00.0" ObKeinKontakt="1" ObjArtID="1"/>
  <Objekte ObjID="18461" ObjAufnahme="2013-02-21" ObjStrasseID="8380" ObjHausnummer="Tiergartenstraße 71" ObjVorlage="2013-09-11 00:00:00.0" ObKeinKontakt="1" ObjArtID="1"/>
  <Objekte ObjID="18462" ObjAufnahme="2013-02-21" ObjStrasseID="6458" ObjHausnummer="Freidingstraße 22" ObjVorlage="2013-09-11 00:00:00.0" ObKeinKontakt="1" ObjArtID="1"/>
  <Objekte ObjID="18463" ObjAufnahme="2013-02-21" ObjStrasseID="6451" ObjHausnummer="Franz-Nause-Straße 2" ObjVorlage="2013-09-11 00:00:00.0" ObKeinKontakt="1" ObjArtID="1"/>
  <Objekte ObjID="18464" ObjAufnahme="2013-02-21" ObjStrasseID="8696" ObjHausnummer="Wunstorfer Straße 23" ObjVorlage="2013-09-11 00:00:00.0" ObKeinKontakt="1" ObjArtID="1"/>
  <Objekte ObjID="18465" ObjAufnahme="2013-02-21" ObjLetztKontakt="2013-03-04" ObjStrasseID="6724" ObjHausnummer="Hannoversche Straße 83" ObjVorlage="2013-09-11 00:00:00.0" ObKeinKontakt="3" ObjArtID="5"/>
  <Objekte ObjID="18466" ObjAufnahme="2013-02-21" ObjLetztKontakt="2013-03-13" ObjStrasseID="6157" ObjHausnummer="Constantinstraße 12" ObjVorlage="2013-09-11 00:00:00.0" ObKeinKontakt="2" ObjArtID="177" ObjInfo="gehört Dr. Ahmed Hosny&#xD;&#xA;01726758256"/>
  <Objekte ObjID="18467" ObjAufnahme="2013-02-21" ObjStrasseID="8269" ObjHausnummer="Steinbruchstraße 8 F" ObjVorlage="2013-09-11 00:00:00.0" ObKeinKontakt="1" ObjArtID="1"/>
  <Objekte ObjID="18468" ObjAufnahme="2013-02-21" ObjStrasseID="5869" ObjHausnummer="Bandelstraße 21" ObjVorlage="2013-09-11 00:00:00.0" ObKeinKontakt="1" ObjArtID="1"/>
  <Objekte ObjID="18469" ObjAufnahme="2013-02-21" ObjStrasseID="6537" ObjHausnummer="General-Wever-Straße 87" ObjVorlage="2013-09-11 00:00:00.0" ObKeinKontakt="1" ObjArtID="1"/>
  <Objekte ObjID="18470" ObjAufnahme="2013-02-21" ObjStrasseID="6296" ObjHausnummer="Edwin-Oppler-Weg 1 A" ObjVorlage="2013-09-11 00:00:00.0" ObKeinKontakt="1" ObjArtID="1"/>
  <Objekte ObjID="18471" ObjAufnahme="2013-02-21" ObjLetztKontakt="2013-03-07" ObjStrasseID="6634" ObjHausnummer="Grenzstraße 22" ObjVorlage="2013-09-11 00:00:00.0" ObKeinKontakt="2" ObjArtID="1" ObjInfo="gehört Herrn Wolfgang Huth 01724390104&#xD;&#xA;kein ankauf"/>
  <Objekte ObjID="18472" ObjAufnahme="2013-02-21" ObjStrasseID="8637" ObjHausnummer="Wilhelmstraße" ObjVorlage="2013-09-11 00:00:00.0" ObKeinKontakt="1" ObjArtID="177"/>
  <Objekte ObjID="18473" ObjAufnahme="2013-02-21" ObjStrasseID="5720" ObjHausnummer="Am Taubenfelde 21" ObjVorlage="2013-09-11 00:00:00.0" ObKeinKontakt="1" ObjArtID="1"/>
  <Objekte ObjID="18474" ObjAufnahme="2013-02-21" ObjStrasseID="8394" ObjHausnummer="Tollenbrink 24" ObjVorlage="2013-09-11 00:00:00.0" ObKeinKontakt="1" ObjArtID="1"/>
  <Objekte ObjID="18475" ObjAufnahme="2013-02-25" ObjLetztKontakt="2013-03-04" ObjStrasseID="8529" ObjHausnummer="Waßmannstraße 1" ObjVorlage="2013-09-11 00:00:00.0" ObKeinKontakt="1" ObjArtID="1"/>
  <Objekte ObjID="18476" ObjAufnahme="2013-02-25" ObjStrasseID="8286" ObjHausnummer="Stephansplatz 3 A" ObjVorlage="2013-09-11 00:00:00.0" ObKeinKontakt="1" ObjArtID="1"/>
  <Objekte ObjID="18477" ObjAufnahme="2013-02-25" ObjStrasseID="7639" ObjHausnummer="Nieschlagstraße 5" ObjVorlage="2013-09-11 00:00:00.0" ObKeinKontakt="1" ObjArtID="1"/>
  <Objekte ObjID="18478" ObjAufnahme="2013-02-25" ObjStrasseID="8513" ObjHausnummer="Walsroder Straße 10" ObjVorlage="2013-09-11 00:00:00.0" ObKeinKontakt="1" ObjArtID="1"/>
  <Objekte ObjID="18479" ObjAufnahme="2013-02-25" ObjStrasseID="8232" ObjHausnummer="Spielhagenstraße 21" ObjVorlage="2013-09-11 00:00:00.0" ObKeinKontakt="1" ObjArtID="1"/>
  <Objekte ObjID="18480" ObjAufnahme="2013-02-26" ObjStrasseID="8544" ObjHausnummer="Wegsfeld 42" ObjVorlage="2013-09-11 00:00:00.0" ObKeinKontakt="1" ObjArtID="177" ObjInfo="große Eigentumswohnung&#xD;&#xA;Herr Müller 01723643329&#xD;&#xA;juro.immobilien@t-online.de&#xD;&#xA;willm mir Wohnung vermieten"/>
  <Objekte ObjID="18481" ObjAufnahme="2013-02-27" ObjStrasseID="5988" ObjHausnummer="Bleichenstraße 3/5" ObjVorlage="2013-09-11 00:00:00.0" ObKeinKontakt="1" ObjArtID="1"/>
  <Objekte ObjID="18482" ObjAufnahme="2013-02-27" ObjStrasseID="7029" ObjHausnummer="In der Steinbreite 89" ObjVorlage="2013-09-11 00:00:00.0" ObKeinKontakt="2" ObjArtID="1" ObjInfo="wird verwaltet von Knut Treder sein Onkel verwaltet auch z.B. Erbengemeinschaft Meyer"/>
  <Objekte ObjID="18483" ObjAufnahme="2013-02-27" ObjStrasseID="6719" ObjHausnummer="Hamsunstraße 9" ObjVorlage="2013-09-11 00:00:00.0" ObKeinKontakt="1" ObjArtID="1"/>
  <Objekte ObjID="18484" ObjAufnahme="2013-02-27" ObjStrasseID="6445" ObjHausnummer="Franckestraße 1" ObjVorlage="2013-09-11 00:00:00.0" ObKeinKontakt="1" ObjArtID="1"/>
  <Objekte ObjID="18485" ObjAufnahme="2013-02-27" ObjStrasseID="6661" ObjHausnummer="Grünaustraße 18" ObjVorlage="2013-09-11 00:00:00.0" ObKeinKontakt="1" ObjArtID="1"/>
  <Objekte ObjID="18486" ObjAufnahme="2013-02-27" ObjStrasseID="8220" ObjHausnummer="Spannhagengarten 12" ObjVorlage="2013-09-11 00:00:00.0" ObKeinKontakt="1" ObjArtID="1"/>
  <Objekte ObjID="18487" ObjAufnahme="2013-02-27" ObjStrasseID="8255" ObjHausnummer="Stammestraße 74 A" ObjVorlage="2013-09-11 00:00:00.0" ObKeinKontakt="1" ObjArtID="1"/>
  <Objekte ObjID="18488" ObjAufnahme="2013-02-27" ObjStrasseID="7320" ObjHausnummer="Läuferweg 25 A" ObjVorlage="2013-09-11 00:00:00.0" ObKeinKontakt="1" ObjArtID="1"/>
  <Objekte ObjID="18489" ObjAufnahme="2013-02-27" ObjLetztKontakt="2013-03-25" ObjStrasseID="8129" ObjHausnummer="Schwalenberger Straße 8" ObjVorlage="2013-09-11 00:00:00.0" ObKeinKontakt="2" ObjArtID="177"/>
  <Objekte ObjID="18490" ObjAufnahme="2013-02-27" ObjStrasseID="7013" ObjHausnummer="Immengarten 7" ObjVorlage="2013-09-11 00:00:00.0" ObKeinKontakt="1" ObjArtID="1"/>
  <Objekte ObjID="18491" ObjAufnahme="2013-02-27" ObjStrasseID="5928" ObjHausnummer="Berliner Straße 27" ObjVorlage="2013-09-11 00:00:00.0" ObKeinKontakt="1" ObjArtID="177"/>
  <Objekte ObjID="18492" ObjAufnahme="2013-02-28" ObjLetztKontakt="2013-03-05" ObjStrasseID="7751" ObjHausnummer="Peiner Straße 76" ObjVorlage="2013-09-11 00:00:00.0" ObKeinKontakt="2" ObjArtID="1"/>
  <Objekte ObjID="18493" ObjAufnahme="2013-02-28" ObjStrasseID="6039" ObjHausnummer="Börsmannstraße 17" ObjVorlage="2013-09-11 00:00:00.0" ObKeinKontakt="1" ObjArtID="1"/>
  <Objekte ObjID="18494" ObjAufnahme="2013-02-28" ObjLetztKontakt="2013-03-07" ObjStrasseID="14256" ObjHausnummer="Klewergarten 4" ObjVorlage="2013-09-11 00:00:00.0" ObKeinKontakt="2" ObjArtID="1"/>
  <Objekte ObjID="18495" ObjAufnahme="2013-02-28" ObjStrasseID="7480" ObjHausnummer="Marienstraße 75" ObjVorlage="2013-09-11 00:00:00.0" ObKeinKontakt="1" ObjArtID="1"/>
  <Objekte ObjID="18496" ObjAufnahme="2013-02-28" ObjLetztKontakt="2013-04-25" ObjStrasseID="5798" ObjHausnummer="Bemeroder Anger 7" ObjVorlage="2013-09-11 00:00:00.0" ObKeinKontakt="2" ObjArtID="1"/>
  <Objekte ObjID="18497" ObjAufnahme="2013-02-28" ObjStrasseID="6390" ObjHausnummer="Falkenstraße 25" ObjVorlage="2013-09-11 00:00:00.0" ObKeinKontakt="2" ObjArtID="177"/>
  <Objekte ObjID="18498" ObjAufnahme="2013-02-28" ObjStrasseID="6020" ObjHausnummer="Bomhauerstraße 15" ObjVorlage="2013-09-11 00:00:00.0" ObKeinKontakt="1" ObjArtID="1"/>
  <Objekte ObjID="18499" ObjAufnahme="2013-02-28" ObjStrasseID="15646" ObjHausnummer="Krondorfer Straße 85" ObjVorlage="2013-09-11 00:00:00.0" ObKeinKontakt="1" ObjArtID="1" ObjInfo="Ansprechpartner ist ein Herr Klussmann&#xD;&#xA;01723425516&#xD;&#xA;Bietet folgendes Renditemodell&#xD;&#xA;Kauf einer GmbH in Polen die ein Grundstück besitzt, das zum Vogelschutzgebiet erklärt wurde.&#xD;&#xA;maximal 100 ha&#xD;&#xA;Bewirtschaftung ab und zu Rasen mähen&#xD;&#xA;50% Eigenkapital&#xD;&#xA;Entschädigung EU&#xD;&#xA;8-9% Rendite"/>
  <Objekte ObjID="18500" ObjAufnahme="2013-03-01" ObjLetztKontakt="2013-02-26" ObjStrasseID="8637" ObjHausnummer="Wilhelmstraße 21" ObjVorlage="2013-09-11 00:00:00.0" ObKeinKontakt="2" ObjArtID="177"/>
  <Objekte ObjID="18501" ObjAufnahme="2013-03-01" ObjStrasseID="6039" ObjHausnummer="Börsmannstraße 11" ObjVorlage="2013-09-11 00:00:00.0" ObKeinKontakt="1" ObjArtID="1" ObjInfo="Dogan 01785104789"/>
  <Objekte ObjID="18502" ObjAufnahme="2013-03-01" ObjStrasseID="6719" ObjHausnummer="Hamsunstraße 13" ObjVorlage="2013-09-11 00:00:00.0" ObKeinKontakt="1" ObjArtID="1" ObjInfo="Dogan 01785104789"/>
  <Objekte ObjID="18503" ObjAufnahme="2013-03-13" ObjStrasseID="7268" ObjHausnummer="Krumme Straße 4" ObjVorlage="2013-09-11 00:00:00.0" ObKeinKontakt="1" ObjArtID="1"/>
  <Objekte ObjID="18504" ObjAufnahme="2013-03-13" ObjStrasseID="7618" ObjHausnummer="Nettemannstraße 5" ObjVorlage="2013-09-11 00:00:00.0" ObKeinKontakt="1" ObjArtID="1"/>
  <Objekte ObjID="18505" ObjAufnahme="2013-03-13" ObjStrasseID="7666" ObjHausnummer="Odeonstraße 16" ObjVorlage="2013-09-11 00:00:00.0" ObKeinKontakt="1" ObjArtID="1"/>
  <Objekte ObjID="18506" ObjAufnahme="2013-03-13" ObjStrasseID="8232" ObjHausnummer="Spielhagenstraße 15" ObjVorlage="2013-09-11 00:00:00.0" ObKeinKontakt="1" ObjArtID="1"/>
  <Objekte ObjID="18507" ObjAufnahme="2013-03-13" ObjLetztKontakt="2013-03-24" ObjStrasseID="5725" ObjHausnummer="Am Urnenfeld 2" ObjVorlage="2013-10-30 00:00:00.0" ObKeinKontakt="3" ObjArtID="1" ObjInfo="Eigentümerin will wohl vekaufen&#xD;&#xA;0511-401111&#xD;&#xA;01716754050&#xD;&#xA;Volker Nierhoff Hausmeister"/>
  <Objekte ObjID="18508" ObjAufnahme="2013-03-13" ObjLetztKontakt="2013-05-13" ObjStrasseID="7565" ObjHausnummer="Mönckebergallee 2" ObjVorlage="2013-09-11 00:00:00.0" ObKeinKontakt="2" ObjArtID="1"/>
  <Objekte ObjID="18509" ObjAufnahme="2013-03-13" ObjLetztKontakt="2013-03-24" ObjStrasseID="7547" ObjHausnummer="Minister-Stüve-Straße 2" ObjVorlage="2013-09-11 00:00:00.0" ObKeinKontakt="2" ObjArtID="1"/>
  <Objekte ObjID="18510" ObjAufnahme="2013-03-13" ObjStrasseID="5927" ObjHausnummer="Berliner Allee 60" ObjVorlage="2013-09-11 00:00:00.0" ObKeinKontakt="1" ObjArtID="1"/>
  <Objekte ObjID="18511" ObjAufnahme="2013-03-13" ObjStrasseID="5707" ObjHausnummer="Am Seelberg 41" ObjVorlage="2013-09-11 00:00:00.0" ObKeinKontakt="1" ObjArtID="1"/>
  <Objekte ObjID="18512" ObjAufnahme="2013-03-14" ObjStrasseID="8613" ObjHausnummer="Wielandstraße 4 C" ObjVorlage="2013-09-11 00:00:00.0" ObKeinKontakt="1" ObjArtID="1"/>
  <Objekte ObjID="18513" ObjAufnahme="2013-03-14" ObjLetztKontakt="2013-04-10" ObjStrasseID="7075" ObjHausnummer="Kafkastraße 2" ObjVorlage="2013-09-11 00:00:00.0" ObKeinKontakt="2" ObjArtID="1" ObjInfo="gehört einem Manfred Gronsky aus Lehrte&#xD;&#xA;will weder verkaufen noch zukaufen&#xD;&#xA;Tel. 051756320"/>
  <Objekte ObjID="18514" ObjAufnahme="2013-03-14" ObjStrasseID="6712" ObjHausnummer="Haltenhoffstraße 5" ObjVorlage="2013-09-11 00:00:00.0" ObKeinKontakt="1" ObjArtID="1"/>
  <Objekte ObjID="18515" ObjAufnahme="2013-03-14" ObjStrasseID="5983" ObjHausnummer="Bischofsholer Damm 34" ObjVorlage="2013-09-11 00:00:00.0" ObKeinKontakt="1" ObjArtID="1"/>
  <Objekte ObjID="18516" ObjAufnahme="2013-03-14" ObjStrasseID="6828" ObjHausnummer="Helstorfer Straße 27" ObjVorlage="2013-09-11 00:00:00.0" ObKeinKontakt="1" ObjArtID="177"/>
  <Objekte ObjID="18517" ObjAufnahme="2013-03-14" ObjLetztKontakt="2013-03-26" ObjStrasseID="6199" ObjHausnummer="Debberoder Straße 2" ObjVorlage="2013-09-11 00:00:00.0" ObKeinKontakt="2" ObjArtID="1"/>
  <Objekte ObjID="18518" ObjAufnahme="2013-03-14" ObjStrasseID="6157" ObjHausnummer="Constantinstraße 25" ObjVorlage="2013-09-11 00:00:00.0" ObKeinKontakt="1" ObjArtID="1"/>
  <Objekte ObjID="18519" ObjAufnahme="2013-03-14" ObjStrasseID="6366" ObjHausnummer="Ermanweg 1" ObjVorlage="2013-09-11 00:00:00.0" ObKeinKontakt="1" ObjArtID="1"/>
  <Objekte ObjID="18520" ObjAufnahme="2013-03-14" ObjStrasseID="7887" ObjHausnummer="Richard-Wagner-Straße 5" ObjVorlage="2013-09-11 00:00:00.0" ObKeinKontakt="1" ObjArtID="1"/>
  <Objekte ObjID="18521" ObjAufnahme="2013-03-14" ObjStrasseID="5792" ObjHausnummer="Anderter Straße 88" ObjVorlage="2013-09-11 00:00:00.0" ObKeinKontakt="1" ObjArtID="1"/>
  <Objekte ObjID="18522" ObjAufnahme="2013-03-14" ObjLetztKontakt="2013-03-26" ObjStrasseID="7889" ObjHausnummer="Richartzstraße 24" ObjVorlage="2013-09-11 00:00:00.0" ObKeinKontakt="1" ObjArtID="1"/>
  <Objekte ObjID="18523" ObjAufnahme="2013-03-14" ObjStrasseID="8224" ObjHausnummer="Spartanerstraße 9" ObjVorlage="2013-09-11 00:00:00.0" ObKeinKontakt="1" ObjArtID="1"/>
  <Objekte ObjID="18524" ObjAufnahme="2013-03-14" ObjStrasseID="8728" ObjHausnummer="Zwinglistraße 7" ObjVorlage="2013-09-11 00:00:00.0" ObKeinKontakt="1" ObjArtID="1"/>
  <Objekte ObjID="18525" ObjAufnahme="2013-03-14" ObjStrasseID="8164" ObjHausnummer="Selma-Lagerlöf-Weg 9" ObjVorlage="2013-09-11 00:00:00.0" ObKeinKontakt="1" ObjArtID="1"/>
  <Objekte ObjID="18526" ObjAufnahme="2013-03-14" ObjStrasseID="6546" ObjHausnummer="Gerdingstraße 2 A" ObjVorlage="2013-09-11 00:00:00.0" ObKeinKontakt="1" ObjArtID="1"/>
  <Objekte ObjID="18527" ObjAufnahme="2013-03-14" ObjStrasseID="7935" ObjHausnummer="Roonstraße 16" ObjVorlage="2013-09-11 00:00:00.0" ObKeinKontakt="1" ObjArtID="1"/>
  <Objekte ObjID="18528" ObjAufnahme="2013-03-14" ObjStrasseID="7204" ObjHausnummer="Kolbergstraße 11" ObjVorlage="2013-09-11 00:00:00.0" ObKeinKontakt="1" ObjArtID="1"/>
  <Objekte ObjID="18529" ObjAufnahme="2013-03-14" ObjStrasseID="6478" ObjHausnummer="Friedrich-Ebert-Platz" ObjVorlage="2013-09-11 00:00:00.0" ObKeinKontakt="1" ObjArtID="1" ObjInfo="wie Ricklinger Stadtweg 99"/>
  <Objekte ObjID="18530" ObjAufnahme="2013-03-14" ObjStrasseID="6478" ObjHausnummer="Friedrich-Ebert-Platz 2 A" ObjVorlage="2013-09-11 00:00:00.0" ObKeinKontakt="1" ObjArtID="1" ObjInfo="wie Ricklinger Stadtweg 99"/>
  <Objekte ObjID="18531" ObjAufnahme="2013-03-15" ObjLetztKontakt="2013-03-22" ObjStrasseID="6152" ObjHausnummer="Clemensstraße 5" ObjVorlage="2013-09-11 00:00:00.0" ObKeinKontakt="2" ObjArtID="178"/>
  <Objekte ObjID="18532" ObjAufnahme="2013-03-15" ObjStrasseID="7153" ObjHausnummer="Kirchröder Straße 88" ObjVorlage="2013-09-11 00:00:00.0" ObKeinKontakt="1" ObjArtID="1"/>
  <Objekte ObjID="18533" ObjAufnahme="2013-03-15" ObjLetztKontakt="2013-03-26" ObjStrasseID="7737" ObjHausnummer="Pasemannweg 18" ObjVorlage="2013-09-11 00:00:00.0" ObKeinKontakt="2" ObjArtID="177"/>
  <Objekte ObjID="18534" ObjAufnahme="2013-03-15" ObjStrasseID="7380" ObjHausnummer="Liepmannstraße 8" ObjVorlage="2013-09-11 00:00:00.0" ObKeinKontakt="1" ObjArtID="1"/>
  <Objekte ObjID="18535" ObjAufnahme="2013-03-15" ObjStrasseID="6777" ObjHausnummer="Hegebläch 7" ObjVorlage="2013-09-11 00:00:00.0" ObKeinKontakt="1" ObjArtID="1"/>
  <Objekte ObjID="18536" ObjAufnahme="2013-03-15" ObjStrasseID="6647" ObjHausnummer="Große Barlinge 74" ObjVorlage="2013-09-11 00:00:00.0" ObKeinKontakt="1" ObjArtID="1"/>
  <Objekte ObjID="18537" ObjAufnahme="2013-03-15" ObjStrasseID="5870" ObjHausnummer="Bangemannweg 4" ObjVorlage="2013-09-11 00:00:00.0" ObKeinKontakt="1" ObjArtID="1"/>
  <Objekte ObjID="18538" ObjAufnahme="2013-03-15" ObjStrasseID="7165" ObjHausnummer="Kleestraße 6" ObjVorlage="2013-09-11 00:00:00.0" ObKeinKontakt="1" ObjArtID="1"/>
  <Objekte ObjID="18539" ObjAufnahme="2013-03-16" ObjLetztKontakt="2013-03-22" ObjStrasseID="5667" ObjHausnummer="Am Kleinen Felde 26" ObjVorlage="2013-09-11 00:00:00.0" ObKeinKontakt="2" ObjArtID="1" ObjInfo="Kein Verkauf kein Ankauf hat es wohl erst vor kurzem gekauft 01776051945"/>
  <Objekte ObjID="18540" ObjAufnahme="2013-03-16" ObjStrasseID="7033" ObjHausnummer="Innersteweg 10" ObjVorlage="2013-09-11 00:00:00.0" ObKeinKontakt="1" ObjArtID="1"/>
  <Objekte ObjID="18541" ObjAufnahme="2013-03-16" ObjStrasseID="5817" ObjHausnummer="Arnswaldstraße 29" ObjVorlage="2013-09-11 00:00:00.0" ObKeinKontakt="1" ObjArtID="1"/>
  <Objekte ObjID="18542" ObjAufnahme="2013-03-16" ObjLetztKontakt="2013-03-25" ObjStrasseID="7424" ObjHausnummer="Lothringer Straße 46 A" ObjVorlage="2013-09-11 00:00:00.0" ObKeinKontakt="2" ObjArtID="177"/>
  <Objekte ObjID="18543" ObjAufnahme="2013-03-16" ObjStrasseID="8234" ObjHausnummer="Spilckerstraße 1" ObjVorlage="2013-09-11 00:00:00.0" ObKeinKontakt="1" ObjArtID="1"/>
  <Objekte ObjID="18544" ObjAufnahme="2013-03-19" ObjStrasseID="8455" ObjHausnummer="Varrelheidering 11" ObjVorlage="2013-09-11 00:00:00.0" ObKeinKontakt="2" ObjArtID="271"/>
  <Objekte ObjID="18545" ObjAufnahme="2013-03-19" ObjStrasseID="8454" ObjHausnummer="Varrelheide 200" ObjVorlage="2014-05-11 00:00:00.0" ObKeinKontakt="1" ObjArtID="271" ObjInfo="Intershop ist raus zahlt zwar noch Miete für 6 Jahre Versuch Neuvermietung"/>
  <Objekte ObjID="18546" ObjAufnahme="2013-03-19" ObjStrasseID="8454" ObjHausnummer="Varrelheide 200 A" ObjVorlage="2013-09-11 00:00:00.0" ObKeinKontakt="1" ObjArtID="1"/>
  <Objekte ObjID="18547" ObjAufnahme="2013-03-19" ObjStrasseID="8454" ObjHausnummer="Varrelheide 202" ObjVorlage="2013-09-11 00:00:00.0" ObKeinKontakt="1" ObjArtID="1"/>
  <Objekte ObjID="18548" ObjAufnahme="2013-03-23" ObjStrasseID="5612" ObjHausnummer="Am Büchenberge 15" ObjVorlage="2013-09-11 00:00:00.0" ObKeinKontakt="1" ObjArtID="1"/>
  <Objekte ObjID="18549" ObjAufnahme="2013-03-23" ObjStrasseID="5539" ObjHausnummer="Adickesstraße 5" ObjVorlage="2013-09-11 00:00:00.0" ObKeinKontakt="1" ObjArtID="1"/>
  <Objekte ObjID="18550" ObjAufnahme="2013-03-23" ObjStrasseID="8510" ObjHausnummer="Waldstraße 1" ObjVorlage="2013-09-11 00:00:00.0" ObKeinKontakt="1" ObjArtID="1"/>
  <Objekte ObjID="18551" ObjAufnahme="2013-03-24" ObjLetztKontakt="2013-04-10" ObjStrasseID="5574" ObjHausnummer="Alt-Vinnhorst 51" ObjVorlage="2013-09-11 00:00:00.0" ObKeinKontakt="3" ObjArtID="177"/>
  <Objekte ObjID="18552" ObjAufnahme="2013-03-24" ObjStrasseID="8450" ObjHausnummer="Vahrenwalder Straße 153" ObjVorlage="2013-09-11 00:00:00.0" ObKeinKontakt="1" ObjArtID="1"/>
  <Objekte ObjID="18553" ObjAufnahme="2013-03-24" ObjLetztKontakt="2013-04-04" ObjStrasseID="6660" ObjHausnummer="Grotestraße 16" ObjVorlage="2013-09-11 00:00:00.0" ObKeinKontakt="2" ObjArtID="1" ObjInfo="3.4.2013 hat Haus gerade erst gekauft&#xD;&#xA;habe mit Frau gesprochen zugeknöpft"/>
  <Objekte ObjID="18554" ObjAufnahme="2013-03-24" ObjStrasseID="5927" ObjHausnummer="Berliner Allee 42" ObjVorlage="2013-09-11 00:00:00.0" ObKeinKontakt="1" ObjArtID="1"/>
  <Objekte ObjID="18555" ObjAufnahme="2013-03-24" ObjStrasseID="7096" ObjHausnummer="Kapitän-von-Müller-Straße 6" ObjVorlage="2013-09-11 00:00:00.0" ObKeinKontakt="1" ObjArtID="1"/>
  <Objekte ObjID="18556" ObjAufnahme="2013-03-24" ObjStrasseID="7606" ObjHausnummer="Neanderstraße 20" ObjVorlage="2013-09-11 00:00:00.0" ObKeinKontakt="1" ObjArtID="1"/>
  <Objekte ObjID="18557" ObjAufnahme="2013-03-24" ObjStrasseID="8486" ObjHausnummer="Von-Alten-Allee 5" ObjVorlage="2013-09-11 00:00:00.0" ObKeinKontakt="1" ObjArtID="1"/>
  <Objekte ObjID="18558" ObjAufnahme="2013-03-24" ObjStrasseID="8644" ObjHausnummer="Willmerstraße 18" ObjVorlage="2013-09-11 00:00:00.0" ObKeinKontakt="1" ObjArtID="1"/>
  <Objekte ObjID="18559" ObjAufnahme="2013-03-24" ObjStrasseID="6916" ObjHausnummer="Höltystraße 2" ObjVorlage="2013-09-11 00:00:00.0" ObKeinKontakt="1" ObjArtID="1"/>
  <Objekte ObjID="18560" ObjAufnahme="2013-03-25" ObjStrasseID="6476" ObjHausnummer="Friedhofstraße 44" ObjVorlage="2013-09-11 00:00:00.0" ObKeinKontakt="1" ObjArtID="1"/>
  <Objekte ObjID="18561" ObjAufnahme="2013-03-25" ObjStrasseID="6141" ObjHausnummer="Celler Straße 14" ObjVorlage="2013-09-11 00:00:00.0" ObKeinKontakt="1" ObjArtID="1"/>
  <Objekte ObjID="18562" ObjAufnahme="2013-03-25" ObjStrasseID="7885" ObjHausnummer="Richard-Lattorf-Straße 53" ObjVorlage="2013-09-11 00:00:00.0" ObKeinKontakt="1" ObjArtID="177"/>
  <Objekte ObjID="18563" ObjAufnahme="2013-03-25" ObjStrasseID="5751" ObjHausnummer="An der Bauerwiese 17" ObjVorlage="2013-09-11 00:00:00.0" ObKeinKontakt="1" ObjArtID="1"/>
  <Objekte ObjID="18564" ObjAufnahme="2013-03-25" ObjStrasseID="8023" ObjHausnummer="Sallstraße 37" ObjVorlage="2013-09-11 00:00:00.0" ObKeinKontakt="1" ObjArtID="177"/>
  <Objekte ObjID="18565" ObjAufnahme="2013-03-25" ObjStrasseID="8626" ObjHausnummer="Wilhelm-Bluhm-Straße 41" ObjVorlage="2013-09-11 00:00:00.0" ObKeinKontakt="1" ObjArtID="1"/>
  <Objekte ObjID="18566" ObjAufnahme="2013-03-25" ObjStrasseID="7415" ObjHausnummer="Lohkamp 3" ObjVorlage="2013-09-11 00:00:00.0" ObKeinKontakt="1" ObjArtID="1"/>
  <Objekte ObjID="18567" ObjAufnahme="2013-03-25" ObjStrasseID="11038" ObjHausnummer="Brockfeld 22" ObjVorlage="2013-09-11 00:00:00.0" ObKeinKontakt="1" ObjArtID="1"/>
  <Objekte ObjID="18568" ObjAufnahme="2013-03-25" ObjStrasseID="6334" ObjHausnummer="Elkartallee 1" ObjVorlage="2013-09-11 00:00:00.0" ObKeinKontakt="1" ObjArtID="177"/>
  <Objekte ObjID="18569" ObjAufnahme="2013-03-25" ObjStrasseID="6926" ObjHausnummer="Hornemannweg 10" ObjVorlage="2013-09-11 00:00:00.0" ObKeinKontakt="1" ObjArtID="1"/>
  <Objekte ObjID="18570" ObjAufnahme="2013-03-25" ObjStrasseID="7958" ObjHausnummer="Rostocker Straße 4" ObjVorlage="2013-09-11 00:00:00.0" ObKeinKontakt="1" ObjArtID="1"/>
  <Objekte ObjID="18571" ObjAufnahme="2013-03-25" ObjStrasseID="8375" ObjHausnummer="Tieckstraße 24" ObjVorlage="2013-09-11 00:00:00.0" ObKeinKontakt="1" ObjArtID="1"/>
  <Objekte ObjID="18572" ObjAufnahme="2013-03-25" ObjLetztKontakt="2013-04-11" ObjStrasseID="6442" ObjHausnummer="Fössestraße 50" ObjVorlage="2013-09-11 00:00:00.0" ObKeinKontakt="1" ObjArtID="1" ObjInfo="nicht klar ob ETW und Garip Tekkal &#xD;&#xA;01725417778 Eigentümer"/>
  <Objekte ObjID="18573" ObjAufnahme="2013-03-25" ObjStrasseID="7830" ObjHausnummer="Querstraße 6" ObjVorlage="2013-09-11 00:00:00.0" ObKeinKontakt="1" ObjArtID="1"/>
  <Objekte ObjID="18574" ObjAufnahme="2013-03-25" ObjStrasseID="7097" ObjHausnummer="Kaplanstraße 1" ObjVorlage="2013-09-11 00:00:00.0" ObKeinKontakt="1" ObjArtID="1"/>
  <Objekte ObjID="18575" ObjAufnahme="2013-03-25" ObjStrasseID="6608" ObjHausnummer="Göttinger Chaussee 108" ObjVorlage="2013-09-11 00:00:00.0" ObKeinKontakt="1" ObjArtID="1"/>
  <Objekte ObjID="18576" ObjAufnahme="2013-03-25" ObjStrasseID="5794" ObjHausnummer="Andreasstraße 2 A" ObjVorlage="2013-09-11 00:00:00.0" ObKeinKontakt="1" ObjArtID="1"/>
  <Objekte ObjID="18577" ObjAufnahme="2013-03-25" ObjStrasseID="6533" ObjHausnummer="Geibelplatz 1" ObjVorlage="2013-09-11 00:00:00.0" ObKeinKontakt="1" ObjArtID="1"/>
  <Objekte ObjID="18578" ObjAufnahme="2013-03-25" ObjLetztKontakt="2013-04-22" ObjStrasseID="5615" ObjHausnummer="Am Dornbusch 3" ObjVorlage="2013-09-11 00:00:00.0" ObKeinKontakt="2" ObjArtID="177"/>
  <Objekte ObjID="18579" ObjAufnahme="2013-03-25" ObjStrasseID="7334" ObjHausnummer="Lehrter Straße 23" ObjVorlage="2013-09-11 00:00:00.0" ObKeinKontakt="1" ObjArtID="1"/>
  <Objekte ObjID="18580" ObjAufnahme="2013-03-25" ObjStrasseID="2857" ObjHausnummer="Alte Stöckener Straße 28" ObjVorlage="2013-09-11 00:00:00.0" ObKeinKontakt="1" ObjArtID="177"/>
  <Objekte ObjID="18581" ObjAufnahme="2013-03-25" ObjStrasseID="6885" ObjHausnummer="Hintere Schöneworth 19" ObjVorlage="2013-09-11 00:00:00.0" ObKeinKontakt="1" ObjArtID="1"/>
  <Objekte ObjID="18582" ObjAufnahme="2013-03-25" ObjLetztKontakt="2013-04-29" ObjStrasseID="11038" ObjHausnummer="Brockfeld 4" ObjVorlage="2013-09-11 00:00:00.0" ObKeinKontakt="2" ObjArtID="1"/>
  <Objekte ObjID="18583" ObjAufnahme="2013-03-25" ObjStrasseID="14647" ObjHausnummer="Weistfeld 5" ObjVorlage="2013-09-11 00:00:00.0" ObKeinKontakt="1" ObjArtID="1"/>
  <Objekte ObjID="18584" ObjAufnahme="2013-03-25" ObjStrasseID="6725" ObjHausnummer="Hannoversche Straße 112 A" ObjVorlage="2013-09-11 00:00:00.0" ObKeinKontakt="1" ObjArtID="1"/>
  <Objekte ObjID="18585" ObjAufnahme="2013-04-07" ObjLetztKontakt="2013-05-23" ObjStrasseID="8155" ObjHausnummer="Sehnder Straße 1" ObjVorlage="2013-09-11 00:00:00.0" ObKeinKontakt="2" ObjArtID="1"/>
  <Objekte ObjID="18586" ObjAufnahme="2013-04-07" ObjStrasseID="6186" ObjHausnummer="Dannenbergstraße 31" ObjVorlage="2013-09-11 00:00:00.0" ObKeinKontakt="1" ObjArtID="1"/>
  <Objekte ObjID="18587" ObjAufnahme="2013-04-07" ObjStrasseID="5837" ObjHausnummer="Auf dem Loh 16" ObjVorlage="2013-09-11 00:00:00.0" ObKeinKontakt="1" ObjArtID="1"/>
  <Objekte ObjID="18588" ObjAufnahme="2013-04-07" ObjLetztKontakt="2013-04-11" ObjStrasseID="6143" ObjHausnummer="Charlottenstraße 59 A" ObjVorlage="2013-09-11 00:00:00.0" ObKeinKontakt="2" ObjArtID="1"/>
  <Objekte ObjID="18589" ObjAufnahme="2013-04-07" ObjStrasseID="5736" ObjHausnummer="Am Wöhren 2" ObjVorlage="2013-09-11 00:00:00.0" ObKeinKontakt="1" ObjArtID="177"/>
  <Objekte ObjID="18590" ObjAufnahme="2013-04-07" ObjLetztKontakt="2013-04-17" ObjStrasseID="5893" ObjHausnummer="Beekestraße 103" ObjVorlage="2013-09-11 00:00:00.0" ObKeinKontakt="2" ObjArtID="177"/>
  <Objekte ObjID="18591" ObjAufnahme="2013-04-07" ObjStrasseID="5707" ObjHausnummer="Am Seelberg 31 D" ObjVorlage="2013-09-11 00:00:00.0" ObKeinKontakt="1" ObjArtID="1"/>
  <Objekte ObjID="18592" ObjAufnahme="2013-04-07" ObjStrasseID="6585" ObjHausnummer="Godehardistraße 8" ObjVorlage="2013-09-11 00:00:00.0" ObKeinKontakt="1" ObjArtID="177"/>
  <Objekte ObjID="18593" ObjAufnahme="2013-04-08" ObjStrasseID="6413" ObjHausnummer="Fichtestraße 22" ObjVorlage="2013-09-11 00:00:00.0" ObKeinKontakt="1" ObjArtID="1"/>
  <Objekte ObjID="18594" ObjAufnahme="2013-04-08" ObjStrasseID="7606" ObjHausnummer="Neanderstraße 8" ObjVorlage="2013-09-11 00:00:00.0" ObKeinKontakt="1" ObjArtID="1"/>
  <Objekte ObjID="18595" ObjAufnahme="2013-04-08" ObjStrasseID="8160" ObjHausnummer="Seilerstraße 4" ObjVorlage="2013-09-11 00:00:00.0" ObKeinKontakt="1" ObjArtID="1"/>
  <Objekte ObjID="18596" ObjAufnahme="2013-04-08" ObjStrasseID="7827" ObjHausnummer="Quedlinburger Weg 12" ObjVorlage="2013-09-11 00:00:00.0" ObKeinKontakt="1" ObjArtID="1"/>
  <Objekte ObjID="18597" ObjAufnahme="2013-04-08" ObjStrasseID="8450" ObjHausnummer="Vahrenwalder Straße 63 A" ObjVorlage="2013-09-11 00:00:00.0" ObKeinKontakt="1" ObjArtID="1"/>
  <Objekte ObjID="18598" ObjAufnahme="2013-04-08" ObjLetztKontakt="2013-05-07" ObjStrasseID="7117" ObjHausnummer="Karlsruher Straße 7" ObjVorlage="2013-09-11 00:00:00.0" ObKeinKontakt="2" ObjArtID="1"/>
  <Objekte ObjID="18599" ObjAufnahme="2013-04-08" ObjStrasseID="8298" ObjHausnummer="Stöckener Straße 31" ObjVorlage="2013-09-11 00:00:00.0" ObKeinKontakt="1" ObjArtID="1"/>
  <Objekte ObjID="18600" ObjAufnahme="2013-04-08" ObjLetztKontakt="2013-05-13" ObjStrasseID="8662" ObjHausnummer="Wißmannstraße 29" ObjVorlage="2013-09-11 00:00:00.0" ObKeinKontakt="2" ObjArtID="1"/>
  <Objekte ObjID="18601" ObjAufnahme="2013-04-08" ObjStrasseID="3942" ObjHausnummer="Kampstraße 68" ObjVorlage="2013-09-11 00:00:00.0" ObKeinKontakt="1" ObjArtID="1"/>
  <Objekte ObjID="18602" ObjAufnahme="2013-04-08" ObjStrasseID="13685" ObjHausnummer="Geißblattweg 2-8" ObjVorlage="2013-09-11 00:00:00.0" ObKeinKontakt="1" ObjArtID="1"/>
  <Objekte ObjID="18603" ObjAufnahme="2013-04-09" ObjStrasseID="7359" ObjHausnummer="Lerchenstieg 15" ObjVorlage="2013-09-11 00:00:00.0" ObKeinKontakt="1" ObjArtID="1"/>
  <Objekte ObjID="18604" ObjAufnahme="2013-04-09" ObjStrasseID="7922" ObjHausnummer="Roesebeckstraße 11" ObjVorlage="2013-09-11 00:00:00.0" ObKeinKontakt="1" ObjArtID="1"/>
  <Objekte ObjID="18605" ObjAufnahme="2013-04-09" ObjStrasseID="7394" ObjHausnummer="Lindenplan 6" ObjVorlage="2013-09-11 00:00:00.0" ObKeinKontakt="1" ObjArtID="1"/>
  <Objekte ObjID="18606" ObjAufnahme="2013-04-09" ObjStrasseID="5912" ObjHausnummer="Benzweg 7" ObjVorlage="2013-09-11 00:00:00.0" ObKeinKontakt="1" ObjArtID="1"/>
  <Objekte ObjID="18607" ObjAufnahme="2013-04-09" ObjLetztKontakt="2013-05-27" ObjStrasseID="6860" ObjHausnummer="Herschelstraße 17" ObjVorlage="2013-05-27 00:00:00.0" ObKeinKontakt="3" ObjArtID="1"/>
  <Objekte ObjID="18608" ObjAufnahme="2013-04-09" ObjStrasseID="8220" ObjHausnummer="Spannhagengarten 16" ObjVorlage="2013-09-11 00:00:00.0" ObKeinKontakt="1" ObjArtID="177"/>
  <Objekte ObjID="18609" ObjAufnahme="2013-04-09" ObjStrasseID="8712" ObjHausnummer="Zietenstraße 2 A" ObjVorlage="2013-09-11 00:00:00.0" ObKeinKontakt="1" ObjArtID="177"/>
  <Objekte ObjID="18610" ObjAufnahme="2013-04-09" ObjStrasseID="7027" ObjHausnummer="In der Rehre 29" ObjVorlage="2013-09-11 00:00:00.0" ObKeinKontakt="1" ObjArtID="177"/>
  <Objekte ObjID="18611" ObjAufnahme="2013-04-09" ObjLetztKontakt="2013-04-29" ObjStrasseID="6786" ObjHausnummer="Heidornstraße 18" ObjVorlage="2013-09-11 00:00:00.0" ObKeinKontakt="2" ObjArtID="177"/>
  <Objekte ObjID="18612" ObjAufnahme="2013-04-09" ObjStrasseID="6020" ObjHausnummer="Bomhauerstraße 13" ObjVorlage="2013-09-11 00:00:00.0" ObKeinKontakt="1" ObjArtID="1"/>
  <Objekte ObjID="18613" ObjAufnahme="2013-04-09" ObjStrasseID="7793" ObjHausnummer="Plauener Straße 25" ObjVorlage="2013-09-11 00:00:00.0" ObKeinKontakt="1" ObjArtID="177"/>
  <Objekte ObjID="18614" ObjAufnahme="2013-04-09" ObjStrasseID="8077" ObjHausnummer="Schlegelstraße 13" ObjVorlage="2013-09-11 00:00:00.0" ObKeinKontakt="1" ObjArtID="1"/>
  <Objekte ObjID="18615" ObjAufnahme="2013-04-09" ObjStrasseID="5801" ObjHausnummer="Angerstraße 35 D" ObjVorlage="2013-09-11 00:00:00.0" ObKeinKontakt="1" ObjArtID="1"/>
  <Objekte ObjID="18616" ObjAufnahme="2013-04-15" ObjStrasseID="6923" ObjHausnummer="Höpfnerstraße 6" ObjVorlage="2013-09-11 00:00:00.0" ObKeinKontakt="1" ObjArtID="1"/>
  <Objekte ObjID="18617" ObjAufnahme="2013-04-15" ObjStrasseID="7388" ObjHausnummer="Limmerstraße 71" ObjVorlage="2013-09-11 00:00:00.0" ObKeinKontakt="1" ObjArtID="1"/>
  <Objekte ObjID="18618" ObjAufnahme="2013-04-15" ObjStrasseID="8510" ObjHausnummer="Waldstraße 19" ObjVorlage="2013-09-11 00:00:00.0" ObKeinKontakt="1" ObjArtID="1"/>
  <Objekte ObjID="18619" ObjAufnahme="2013-04-15" ObjStrasseID="5681" ObjHausnummer="Am Listholze 15" ObjVorlage="2013-09-11 00:00:00.0" ObKeinKontakt="1" ObjArtID="1"/>
  <Objekte ObjID="18620" ObjAufnahme="2013-04-15" ObjStrasseID="6141" ObjHausnummer="Celler Straße 20" ObjVorlage="2013-09-11 00:00:00.0" ObKeinKontakt="1" ObjArtID="1"/>
  <Objekte ObjID="18621" ObjAufnahme="2013-04-15" ObjLetztKontakt="2013-02-21" ObjStrasseID="12162" ObjHausnummer="Jakobskamp 1" ObjVorlage="2013-09-11 00:00:00.0" ObKeinKontakt="2" ObjArtID="1"/>
  <Objekte ObjID="18622" ObjAufnahme="2013-04-15" ObjStrasseID="5792" ObjHausnummer="Anderter Straße 25" ObjVorlage="2013-09-11 00:00:00.0" ObKeinKontakt="1" ObjArtID="1"/>
  <Objekte ObjID="18623" ObjAufnahme="2013-04-15" ObjStrasseID="8696" ObjHausnummer="Wunstorfer Straße 72" ObjVorlage="2013-09-11 00:00:00.0" ObKeinKontakt="1" ObjArtID="1"/>
  <Objekte ObjID="18624" ObjAufnahme="2013-04-15" ObjStrasseID="5655" ObjHausnummer="Am Immenkampe 1" ObjVorlage="2013-09-11 00:00:00.0" ObKeinKontakt="1" ObjArtID="1"/>
  <Objekte ObjID="18625" ObjAufnahme="2013-04-15" ObjLetztKontakt="2013-04-29" ObjStrasseID="7482" ObjHausnummer="Markgrafstraße 27" ObjVorlage="2013-09-11 00:00:00.0" ObKeinKontakt="2" ObjArtID="177"/>
  <Objekte ObjID="18626" ObjAufnahme="2013-04-15" ObjStrasseID="6647" ObjHausnummer="Große Barlinge 41 A" ObjVorlage="2013-09-11 00:00:00.0" ObKeinKontakt="1" ObjArtID="1"/>
  <Objekte ObjID="18627" ObjAufnahme="2013-04-16" ObjStrasseID="11403" ObjHausnummer="Ilse-ter-Meer-Weg 4" ObjVorlage="2013-09-11 00:00:00.0" ObKeinKontakt="1" ObjArtID="1"/>
  <Objekte ObjID="18628" ObjAufnahme="2013-04-16" ObjStrasseID="8459" ObjHausnummer="Velberstraße 9" ObjVorlage="2013-09-11 00:00:00.0" ObKeinKontakt="1" ObjArtID="1"/>
  <Objekte ObjID="18629" ObjAufnahme="2013-04-16" ObjLetztKontakt="2013-04-24" ObjStrasseID="15685" ObjHausnummer="Petermannstraße 45" ObjVorlage="2013-09-11 00:00:00.0" ObKeinKontakt="2" ObjArtID="1"/>
  <Objekte ObjID="18630" ObjAufnahme="2013-04-16" ObjStrasseID="8381" ObjHausnummer="Tiestestraße 15" ObjVorlage="2013-09-11 00:00:00.0" ObKeinKontakt="1" ObjArtID="1"/>
  <Objekte ObjID="18631" ObjAufnahme="2013-04-16" ObjStrasseID="5912" ObjHausnummer="Benzweg 12" ObjVorlage="2013-09-11 00:00:00.0" ObKeinKontakt="1" ObjArtID="1"/>
  <Objekte ObjID="18632" ObjAufnahme="2013-04-16" ObjLetztKontakt="2013-04-29" ObjStrasseID="3119" ObjHausnummer="Bergkammstraße 8" ObjVorlage="2013-09-11 00:00:00.0" ObKeinKontakt="2" ObjArtID="177"/>
  <Objekte ObjID="18633" ObjAufnahme="2013-04-16" ObjStrasseID="5995" ObjHausnummer="Blumhardthof 17" ObjVorlage="2013-09-11 00:00:00.0" ObKeinKontakt="1" ObjArtID="1"/>
  <Objekte ObjID="18634" ObjAufnahme="2013-04-16" ObjStrasseID="5611" ObjHausnummer="Am Brückenhaus 11" ObjVorlage="2013-09-11 00:00:00.0" ObKeinKontakt="1" ObjArtID="177"/>
  <Objekte ObjID="18635" ObjAufnahme="2013-04-16" ObjStrasseID="2857" ObjHausnummer="Alte Stöckener Straße 39" ObjVorlage="2013-09-11 00:00:00.0" ObKeinKontakt="1" ObjArtID="1"/>
  <Objekte ObjID="18636" ObjAufnahme="2013-04-16" ObjStrasseID="5681" ObjHausnummer="Am Listholze 2" ObjVorlage="2013-09-11 00:00:00.0" ObKeinKontakt="1" ObjArtID="1"/>
  <Objekte ObjID="18637" ObjAufnahme="2013-04-16" ObjStrasseID="6401" ObjHausnummer="Fenskestraße 25" ObjVorlage="2013-09-11 00:00:00.0" ObKeinKontakt="1" ObjArtID="1"/>
  <Objekte ObjID="18638" ObjAufnahme="2013-04-16" ObjStrasseID="8380" ObjHausnummer="Tiergartenstraße 36/38" ObjVorlage="2013-09-11 00:00:00.0" ObKeinKontakt="1" ObjArtID="1"/>
  <Objekte ObjID="18639" ObjAufnahme="2013-04-16" ObjLetztKontakt="2013-05-07" ObjStrasseID="7519" ObjHausnummer="Mendelweg 3" ObjVorlage="2013-09-11 00:00:00.0" ObKeinKontakt="2" ObjArtID="177"/>
  <Objekte ObjID="18640" ObjAufnahme="2013-04-16" ObjStrasseID="8359" ObjHausnummer="Theodor-Heuss-Ring 17" ObjVorlage="2013-09-11 00:00:00.0" ObKeinKontakt="1" ObjArtID="1"/>
  <Objekte ObjID="18641" ObjAufnahme="2013-04-16" ObjLetztKontakt="2013-04-29" ObjStrasseID="7375" ObjHausnummer="Liebigstraße 40" ObjVorlage="2013-09-11 00:00:00.0" ObKeinKontakt="2" ObjArtID="177"/>
  <Objekte ObjID="18642" ObjAufnahme="2013-04-23" ObjStrasseID="11461" ObjHausnummer="Kattenbrookstrift 9" ObjVorlage="2013-09-11 00:00:00.0" ObKeinKontakt="1" ObjArtID="1"/>
  <Objekte ObjID="18643" ObjAufnahme="2013-04-23" ObjStrasseID="6607" ObjHausnummer="Gottfried-Keller-Straße 6" ObjVorlage="2013-09-11 00:00:00.0" ObKeinKontakt="1" ObjArtID="1"/>
  <Objekte ObjID="18644" ObjAufnahme="2013-04-23" ObjLetztKontakt="2013-05-07" ObjStrasseID="6458" ObjHausnummer="Freidingstraße 29" ObjVorlage="2013-09-11 00:00:00.0" ObKeinKontakt="2" ObjArtID="177"/>
  <Objekte ObjID="18645" ObjAufnahme="2013-04-23" ObjStrasseID="5595" ObjHausnummer="Alveser Weg 6 A" ObjVorlage="2013-09-11 00:00:00.0" ObKeinKontakt="1" ObjArtID="1"/>
  <Objekte ObjID="18646" ObjAufnahme="2013-04-24" ObjStrasseID="6960" ObjHausnummer="Illerweg 16" ObjVorlage="2013-09-11 00:00:00.0" ObKeinKontakt="1" ObjArtID="1"/>
  <Objekte ObjID="18647" ObjAufnahme="2013-04-24" ObjStrasseID="7355" ObjHausnummer="Leo-Rosenblatt-Weg 2 A" ObjVorlage="2013-09-11 00:00:00.0" ObKeinKontakt="1" ObjArtID="1"/>
  <Objekte ObjID="18648" ObjAufnahme="2013-04-24" ObjLetztKontakt="2013-05-27" ObjStrasseID="5708" ObjHausnummer="Am Soltekampe 6" ObjVorlage="2014-05-27 00:00:00.0" ObKeinKontakt="2" ObjArtID="1"/>
  <Objekte ObjID="18649" ObjAufnahme="2013-04-24" ObjStrasseID="7241" ObjHausnummer="Kötnerhof 8" ObjVorlage="2013-09-11 00:00:00.0" ObKeinKontakt="1" ObjArtID="1"/>
  <Objekte ObjID="18650" ObjAufnahme="2013-04-24" ObjStrasseID="6350" ObjHausnummer="Engelbosteler Damm 6" ObjVorlage="2013-09-11 00:00:00.0" ObKeinKontakt="1" ObjArtID="1"/>
  <Objekte ObjID="18651" ObjAufnahme="2013-04-24" ObjStrasseID="6018" ObjHausnummer="Bömelburgstraße 10" ObjVorlage="2013-09-11 00:00:00.0" ObKeinKontakt="1" ObjArtID="1"/>
  <Objekte ObjID="18652" ObjAufnahme="2013-04-24" ObjStrasseID="7703" ObjHausnummer="Osteroder Weg 12" ObjVorlage="2013-09-11 00:00:00.0" ObKeinKontakt="1" ObjArtID="1"/>
  <Objekte ObjID="18653" ObjAufnahme="2013-04-24" ObjStrasseID="7187" ObjHausnummer="Klostergang 2" ObjVorlage="2013-09-11 00:00:00.0" ObKeinKontakt="1" ObjArtID="1"/>
  <Objekte ObjID="18654" ObjAufnahme="2013-04-24" ObjStrasseID="8196" ObjHausnummer="Skagenhof 13" ObjVorlage="2013-09-11 00:00:00.0" ObKeinKontakt="1" ObjArtID="1"/>
  <Objekte ObjID="18655" ObjAufnahme="2013-04-24" ObjStrasseID="8069" ObjHausnummer="Schiffhornfeld 8 A" ObjVorlage="2013-09-11 00:00:00.0" ObKeinKontakt="1" ObjArtID="1"/>
  <Objekte ObjID="18656" ObjAufnahme="2013-04-24" ObjStrasseID="15693" ObjHausnummer="Bernstraße 6" ObjVorlage="2013-09-11 00:00:00.0" ObKeinKontakt="1" ObjArtID="1"/>
  <Objekte ObjID="18657" ObjAufnahme="2013-04-25" ObjStrasseID="5558" ObjHausnummer="Albert-Niemann-Straße 14" ObjVorlage="2013-09-11 00:00:00.0" ObKeinKontakt="1" ObjArtID="1"/>
  <Objekte ObjID="18658" ObjAufnahme="2013-04-25" ObjLetztKontakt="2013-05-13" ObjStrasseID="8270" ObjHausnummer="Steinfeldstraße 8" ObjVorlage="2013-09-11 00:00:00.0" ObKeinKontakt="2" ObjArtID="177" ObjInfo="nicht ganz klar ob etw Eigentümer kurz angebunden"/>
  <Objekte ObjID="18659" ObjAufnahme="2013-04-25" ObjStrasseID="7305" ObjHausnummer="Lange-Feld-Straße 11" ObjVorlage="2013-09-11 00:00:00.0" ObKeinKontakt="1" ObjArtID="1"/>
  <Objekte ObjID="18660" ObjAufnahme="2013-04-25" ObjStrasseID="6481" ObjHausnummer="Friedrich-Heller-Straße 10" ObjVorlage="2013-09-11 00:00:00.0" ObKeinKontakt="1" ObjArtID="1"/>
  <Objekte ObjID="18661" ObjAufnahme="2013-04-25" ObjStrasseID="6184" ObjHausnummer="Dammstraße 31" ObjVorlage="2013-09-11 00:00:00.0" ObKeinKontakt="2" ObjArtID="1"/>
  <Objekte ObjID="18662" ObjAufnahme="2013-04-25" ObjStrasseID="8022" ObjHausnummer="Salinenstraße 15" ObjVorlage="2013-09-11 00:00:00.0" ObKeinKontakt="1" ObjArtID="1"/>
  <Objekte ObjID="18663" ObjAufnahme="2013-04-25" ObjStrasseID="8657" ObjHausnummer="Winsener Straße 4/6" ObjVorlage="2013-09-11 00:00:00.0" ObKeinKontakt="1" ObjArtID="1"/>
  <Objekte ObjID="18664" ObjAufnahme="2013-04-25" ObjStrasseID="6314" ObjHausnummer="Eichstraße 10" ObjVorlage="2013-09-11 00:00:00.0" ObKeinKontakt="1" ObjArtID="1"/>
  <Objekte ObjID="18665" ObjAufnahme="2013-04-25" ObjStrasseID="8613" ObjHausnummer="Wielandstraße 4 A" ObjVorlage="2013-09-11 00:00:00.0" ObKeinKontakt="1" ObjArtID="1"/>
  <Objekte ObjID="18666" ObjAufnahme="2013-04-25" ObjStrasseID="8214" ObjHausnummer="Sonnenweg 2" ObjVorlage="2013-09-11 00:00:00.0" ObKeinKontakt="1" ObjArtID="177"/>
  <Objekte ObjID="18667" ObjAufnahme="2013-04-25" ObjStrasseID="7861" ObjHausnummer="Rehmer Feld 20" ObjVorlage="2013-09-11 00:00:00.0" ObKeinKontakt="1" ObjArtID="1"/>
  <Objekte ObjID="18668" ObjAufnahme="2013-04-25" ObjStrasseID="7353" ObjHausnummer="Lenther Straße 53" ObjVorlage="2013-09-11 00:00:00.0" ObKeinKontakt="1" ObjArtID="1"/>
  <Objekte ObjID="18669" ObjAufnahme="2013-04-25" ObjStrasseID="8359" ObjHausnummer="Theodor-Heuss-Ring 13" ObjVorlage="2013-09-11 00:00:00.0" ObKeinKontakt="1" ObjArtID="1"/>
  <Objekte ObjID="18670" ObjAufnahme="2013-04-25" ObjLetztKontakt="2013-04-29" ObjStrasseID="6082" ObjHausnummer="Broyanstraße 17" ObjVorlage="2013-09-11 00:00:00.0" ObKeinKontakt="1" ObjArtID="1"/>
  <Objekte ObjID="18671" ObjAufnahme="2013-04-25" ObjLetztKontakt="2013-05-27" ObjStrasseID="6665" ObjHausnummer="Grünewaldstraße 25" ObjVorlage="2013-09-11 00:00:00.0" ObKeinKontakt="2" ObjArtID="1" ObjInfo="gehört einer Frau Schöder 01724158199"/>
  <Objekte ObjID="18672" ObjAufnahme="2013-04-25" ObjStrasseID="7318" ObjHausnummer="Lauenauer Straße 12" ObjVorlage="2013-09-11 00:00:00.0" ObKeinKontakt="1" ObjArtID="1"/>
  <Objekte ObjID="18673" ObjAufnahme="2013-04-25" ObjLetztKontakt="2013-05-22" ObjStrasseID="6390" ObjHausnummer="Falkenstraße 33" ObjVorlage="2013-09-11 00:00:00.0" ObKeinKontakt="2" ObjArtID="1"/>
  <Objekte ObjID="18674" ObjAufnahme="2013-04-30" ObjStrasseID="7261" ObjHausnummer="Kriegerstraße 25" ObjVorlage="2013-09-11 00:00:00.0" ObKeinKontakt="2" ObjArtID="177"/>
  <Objekte ObjID="18675" ObjAufnahme="2013-05-03" ObjStrasseID="8284" ObjHausnummer="Stenhusenstraße 23" ObjVorlage="2013-09-11 00:00:00.0" ObKeinKontakt="1" ObjArtID="1"/>
  <Objekte ObjID="18676" ObjAufnahme="2013-05-03" ObjStrasseID="6367" ObjHausnummer="Ermlander Weg 4" ObjVorlage="2013-09-11 00:00:00.0" ObKeinKontakt="1" ObjArtID="1"/>
  <Objekte ObjID="18677" ObjAufnahme="2013-05-06" ObjStrasseID="7451" ObjHausnummer="Lüssenhopstraße 12 B" ObjVorlage="2013-09-11 00:00:00.0" ObKeinKontakt="1" ObjArtID="177"/>
  <Objekte ObjID="18678" ObjAufnahme="2013-05-06" ObjStrasseID="8360" ObjHausnummer="Theodor-Krüger-Straße 2" ObjVorlage="2013-09-11 00:00:00.0" ObKeinKontakt="1" ObjArtID="1"/>
  <Objekte ObjID="18679" ObjAufnahme="2013-05-06" ObjLetztKontakt="2013-05-23" ObjStrasseID="8050" ObjHausnummer="Schäferweg 21" ObjVorlage="2013-09-11 00:00:00.0" ObKeinKontakt="2" ObjArtID="177"/>
  <Objekte ObjID="18680" ObjAufnahme="2013-05-06" ObjStrasseID="7165" ObjHausnummer="Kleestraße 14" ObjVorlage="2013-09-11 00:00:00.0" ObKeinKontakt="1" ObjArtID="1"/>
  <Objekte ObjID="18681" ObjAufnahme="2013-05-06" ObjStrasseID="6472" ObjHausnummer="Friedenauer Straße 20 B" ObjVorlage="2013-09-11 00:00:00.0" ObKeinKontakt="1" ObjArtID="1"/>
  <Objekte ObjID="18682" ObjAufnahme="2013-05-06" ObjStrasseID="8696" ObjHausnummer="Wunstorfer Straße 19" ObjVorlage="2013-09-11 00:00:00.0" ObKeinKontakt="1" ObjArtID="1"/>
  <Objekte ObjID="18683" ObjAufnahme="2013-05-06" ObjStrasseID="11244" ObjHausnummer="Oheriedentrift 22" ObjVorlage="2013-09-11 00:00:00.0" ObKeinKontakt="1" ObjArtID="1"/>
  <Objekte ObjID="18684" ObjAufnahme="2013-05-06" ObjStrasseID="6530" ObjHausnummer="Gehägestraße 20" ObjVorlage="2013-09-11 00:00:00.0" ObKeinKontakt="1" ObjArtID="1"/>
  <Objekte ObjID="18685" ObjAufnahme="2013-05-06" ObjStrasseID="8062" ObjHausnummer="Schellingstraße 9" ObjVorlage="2013-09-11 00:00:00.0" ObKeinKontakt="1" ObjArtID="1"/>
  <Objekte ObjID="18686" ObjAufnahme="2013-05-06" ObjLetztKontakt="2013-05-30" ObjStrasseID="2852" ObjHausnummer="Alte Döhrener Straße 17" ObjVorlage="2013-09-11 00:00:00.0" ObKeinKontakt="2" ObjArtID="177" ObjInfo="Bertram 01778912054"/>
  <Objekte ObjID="18687" ObjAufnahme="2013-05-06" ObjStrasseID="8192" ObjHausnummer="Silberstraße 25 A" ObjVorlage="2013-09-11 00:00:00.0" ObKeinKontakt="1" ObjArtID="1"/>
  <Objekte ObjID="18688" ObjAufnahme="2013-05-06" ObjStrasseID="6355" ObjHausnummer="Epiweg 25" ObjVorlage="2013-09-11 00:00:00.0" ObKeinKontakt="1" ObjArtID="1"/>
  <Objekte ObjID="18689" ObjAufnahme="2013-05-06" ObjStrasseID="7094" ObjHausnummer="Kapellenstraße 10" ObjVorlage="2013-09-11 00:00:00.0" ObKeinKontakt="1" ObjArtID="1"/>
  <Objekte ObjID="18690" ObjAufnahme="2013-05-06" ObjStrasseID="2845" ObjHausnummer="Allerweg 17" ObjVorlage="2013-09-11 00:00:00.0" ObKeinKontakt="1" ObjArtID="1"/>
  <Objekte ObjID="18691" ObjAufnahme="2013-05-06" ObjStrasseID="8398" ObjHausnummer="Torgarten 14" ObjVorlage="2013-09-11 00:00:00.0" ObKeinKontakt="1" ObjArtID="1"/>
  <Objekte ObjID="18692" ObjAufnahme="2013-05-06" ObjStrasseID="11004" ObjHausnummer="Försterkamp 7" ObjVorlage="2013-09-11 00:00:00.0" ObKeinKontakt="1" ObjArtID="1"/>
  <Objekte ObjID="18693" ObjAufnahme="2013-05-06" ObjStrasseID="6173" ObjHausnummer="Culemeyertrift 5" ObjVorlage="2013-09-11 00:00:00.0" ObKeinKontakt="1" ObjArtID="1"/>
  <Objekte ObjID="18694" ObjAufnahme="2013-05-06" ObjStrasseID="7251" ObjHausnummer="Kreipeweg 18" ObjVorlage="2013-09-11 00:00:00.0" ObKeinKontakt="1" ObjArtID="1"/>
  <Objekte ObjID="18695" ObjAufnahme="2013-05-06" ObjStrasseID="5718" ObjHausnummer="Am Sünderkamp 14 A" ObjVorlage="2013-09-11 00:00:00.0" ObKeinKontakt="1" ObjArtID="1"/>
  <Objekte ObjID="18696" ObjAufnahme="2013-05-06" ObjStrasseID="5639" ObjHausnummer="Am Gutspark 24" ObjVorlage="2013-09-11 00:00:00.0" ObKeinKontakt="1" ObjArtID="1"/>
  <Objekte ObjID="18697" ObjAufnahme="2013-05-06" ObjStrasseID="6313" ObjHausnummer="Eichsfelder Straße 49" ObjVorlage="2013-09-11 00:00:00.0" ObKeinKontakt="1" ObjArtID="1"/>
  <Objekte ObjID="18698" ObjAufnahme="2013-05-06" ObjStrasseID="8589" ObjHausnummer="Wernigeroder Weg 31" ObjVorlage="2013-09-11 00:00:00.0" ObKeinKontakt="1" ObjArtID="1"/>
  <Objekte ObjID="18699" ObjAufnahme="2013-05-06" ObjStrasseID="12162" ObjHausnummer="Jakobskamp 20" ObjVorlage="2013-09-11 00:00:00.0" ObKeinKontakt="1" ObjArtID="1"/>
  <Objekte ObjID="18700" ObjAufnahme="2013-05-06" ObjStrasseID="8696" ObjHausnummer="Wunstorfer Straße 61 A" ObjVorlage="2013-09-11 00:00:00.0" ObKeinKontakt="1" ObjArtID="1"/>
  <Objekte ObjID="18701" ObjAufnahme="2013-05-06" ObjStrasseID="6660" ObjHausnummer="Grotestraße 11" ObjVorlage="2013-09-11 00:00:00.0" ObKeinKontakt="1" ObjArtID="1"/>
  <Objekte ObjID="18702" ObjAufnahme="2013-05-06" ObjStrasseID="8095" ObjHausnummer="Schneiderberg 28" ObjVorlage="2013-09-11 00:00:00.0" ObKeinKontakt="2" ObjArtID="177"/>
  <Objekte ObjID="18703" ObjAufnahme="2013-05-13" ObjStrasseID="6798" ObjHausnummer="Heinrich-Heine-Ring 20" ObjVorlage="2013-09-11 00:00:00.0" ObKeinKontakt="1" ObjArtID="1"/>
  <Objekte ObjID="18704" ObjAufnahme="2013-05-13" ObjStrasseID="7416" ObjHausnummer="Lohmeyerhof 1" ObjVorlage="2013-09-11 00:00:00.0" ObKeinKontakt="1" ObjArtID="1"/>
  <Objekte ObjID="18705" ObjAufnahme="2013-05-13" ObjStrasseID="2836" ObjHausnummer="Alemannstraße 13" ObjVorlage="2013-09-11 00:00:00.0" ObKeinKontakt="1" ObjArtID="1"/>
  <Objekte ObjID="18706" ObjAufnahme="2013-05-13" ObjStrasseID="6131" ObjHausnummer="Cäcilienstraße 12" ObjVorlage="2013-09-11 00:00:00.0" ObKeinKontakt="1" ObjArtID="1"/>
  <Objekte ObjID="18707" ObjAufnahme="2013-05-13" ObjStrasseID="8533" ObjHausnummer="Weberstraße 5" ObjVorlage="2013-09-11 00:00:00.0" ObKeinKontakt="1" ObjArtID="1"/>
  <Objekte ObjID="18708" ObjAufnahme="2013-05-13" ObjStrasseID="6005" ObjHausnummer="Bodestraße 10" ObjVorlage="2013-09-11 00:00:00.0" ObKeinKontakt="1" ObjArtID="1"/>
  <Objekte ObjID="18709" ObjAufnahme="2013-05-13" ObjStrasseID="6601" ObjHausnummer="Gorch-Fock-Straße 24 D" ObjVorlage="2013-09-11 00:00:00.0" ObKeinKontakt="1" ObjArtID="1"/>
  <Objekte ObjID="18710" ObjAufnahme="2013-05-13" ObjStrasseID="6880" ObjHausnummer="Hinrichsring 44" ObjVorlage="2013-09-11 00:00:00.0" ObKeinKontakt="1" ObjArtID="1"/>
  <Objekte ObjID="18711" ObjAufnahme="2013-05-14" ObjLetztKontakt="2013-05-14" ObjStrasseID="6195" ObjHausnummer="Davenstedter Straße 27" ObjVorlage="2013-09-11 00:00:00.0" ObKeinKontakt="5" ObjArtID="1" ObjInfo="1 Gew 3 Wohnungen 1900 DG ausgebaut 70000 investiert"/>
  <Objekte ObjID="18712" ObjAufnahme="2013-05-14" ObjStrasseID="6439" ObjHausnummer="Forssmannweg 21" ObjVorlage="2013-09-11 00:00:00.0" ObKeinKontakt="1" ObjArtID="1"/>
  <Objekte ObjID="18713" ObjAufnahme="2013-05-14" ObjStrasseID="7934" ObjHausnummer="Roonstraße 15" ObjVorlage="2013-09-11 00:00:00.0" ObKeinKontakt="1" ObjArtID="1"/>
  <Objekte ObjID="18714" ObjAufnahme="2013-05-14" ObjStrasseID="6724" ObjHausnummer="Hannoversche Straße A" ObjVorlage="2013-09-11 00:00:00.0" ObKeinKontakt="1" ObjArtID="1"/>
  <Objekte ObjID="18715" ObjAufnahme="2013-05-14" ObjStrasseID="7465" ObjHausnummer="Mainzer Straße 5" ObjVorlage="2013-09-11 00:00:00.0" ObKeinKontakt="1" ObjArtID="1"/>
  <Objekte ObjID="18716" ObjAufnahme="2013-05-14" ObjLetztKontakt="2013-06-27" ObjStrasseID="6654" ObjHausnummer="Großer Hillen 39" ObjVorlage="2013-09-11 00:00:00.0" ObKeinKontakt="2" ObjArtID="1"/>
  <Objekte ObjID="18717" ObjAufnahme="2013-05-14" ObjLetztKontakt="2013-05-22" ObjStrasseID="8479" ObjHausnummer="Vogesort 10 A" ObjVorlage="2013-09-11 00:00:00.0" ObKeinKontakt="2" ObjArtID="177"/>
  <Objekte ObjID="18718" ObjAufnahme="2013-05-14" ObjStrasseID="5833" ObjHausnummer="Auf dem Hollen 12" ObjVorlage="2013-09-11 00:00:00.0" ObKeinKontakt="1" ObjArtID="1"/>
  <Objekte ObjID="18719" ObjAufnahme="2013-05-14" ObjLetztKontakt="2013-06-06" ObjStrasseID="7682" ObjHausnummer="Oisseler Straße 17" ObjVorlage="2013-09-11 00:00:00.0" ObKeinKontakt="2" ObjArtID="1"/>
  <Objekte ObjID="18720" ObjAufnahme="2013-05-14" ObjStrasseID="6330" ObjHausnummer="Eleonorenstraße 15" ObjVorlage="2013-09-11 00:00:00.0" ObKeinKontakt="1" ObjArtID="1"/>
  <Objekte ObjID="18721" ObjAufnahme="2013-05-14" ObjStrasseID="7276" ObjHausnummer="Kugelfangtrift 130" ObjVorlage="2013-09-11 00:00:00.0" ObKeinKontakt="1" ObjArtID="1"/>
  <Objekte ObjID="18722" ObjAufnahme="2013-05-14" ObjLetztKontakt="2013-06-03" ObjStrasseID="5718" ObjHausnummer="Am Sünderkamp 3" ObjVorlage="2013-09-11 00:00:00.0" ObKeinKontakt="2" ObjArtID="1" ObjInfo="hat gerade Nachbarhaus gekauft"/>
  <Objekte ObjID="18723" ObjAufnahme="2013-05-14" ObjStrasseID="8323" ObjHausnummer="Stüvestraße 6" ObjVorlage="2013-09-11 00:00:00.0" ObKeinKontakt="1" ObjArtID="1"/>
  <Objekte ObjID="18724" ObjAufnahme="2013-05-14" ObjStrasseID="7850" ObjHausnummer="Raupertstraße 30" ObjVorlage="2013-09-11 00:00:00.0" ObKeinKontakt="1" ObjArtID="1"/>
  <Objekte ObjID="18725" ObjAufnahme="2013-05-14" ObjStrasseID="8363" ObjHausnummer="Theodorstraße 8" ObjVorlage="2013-09-11 00:00:00.0" ObKeinKontakt="1" ObjArtID="1"/>
  <Objekte ObjID="18726" ObjAufnahme="2013-05-14" ObjStrasseID="7380" ObjHausnummer="Liepmannstraße 9 B" ObjVorlage="2013-09-11 00:00:00.0" ObKeinKontakt="1" ObjArtID="1"/>
  <Objekte ObjID="18727" ObjAufnahme="2013-05-14" ObjLetztKontakt="2013-06-29" ObjStrasseID="7990" ObjHausnummer="Rüsterburg 4" ObjVorlage="2013-09-11 00:00:00.0" ObKeinKontakt="2" ObjArtID="1"/>
  <Objekte ObjID="18728" ObjAufnahme="2013-05-14" ObjStrasseID="6186" ObjHausnummer="Dannenbergstraße 34" ObjVorlage="2013-09-11 00:00:00.0" ObKeinKontakt="1" ObjArtID="1"/>
  <Objekte ObjID="18729" ObjAufnahme="2013-05-14" ObjStrasseID="7932" ObjHausnummer="Ronnenberger Straße 43" ObjVorlage="2013-09-11 00:00:00.0" ObKeinKontakt="1" ObjArtID="1"/>
  <Objekte ObjID="18730" ObjAufnahme="2013-05-14" ObjStrasseID="6647" ObjHausnummer="Große Barlinge 53" ObjVorlage="2013-09-11 00:00:00.0" ObKeinKontakt="1" ObjArtID="1"/>
  <Objekte ObjID="18731" ObjAufnahme="2013-05-14" ObjStrasseID="5683" ObjHausnummer="Am Markte 13" ObjVorlage="2013-09-11 00:00:00.0" ObKeinKontakt="1" ObjArtID="1"/>
  <Objekte ObjID="18732" ObjAufnahme="2013-05-14" ObjStrasseID="5667" ObjHausnummer="Am Kleinen Felde 18" ObjVorlage="2013-09-11 00:00:00.0" ObKeinKontakt="1" ObjArtID="1"/>
  <Objekte ObjID="18733" ObjAufnahme="2013-05-14" ObjLetztKontakt="2013-08-26" ObjStrasseID="6824" ObjHausnummer="Helgoländer Straße 6" ObjVorlage="2013-09-11 00:00:00.0" ObKeinKontakt="2" ObjArtID="1"/>
  <Objekte ObjID="18734" ObjAufnahme="2013-05-16" ObjLetztKontakt="2013-05-16" ObjStrasseID="15714" ObjHausnummer="Waldflurstück" ObjVorlage="2013-09-11 00:00:00.0" ObKeinKontakt="5" ObjArtID="10"/>
  <Objekte ObjID="18735" ObjAufnahme="2013-05-23" ObjStrasseID="7648" ObjHausnummer="Noltestraße 8" ObjVorlage="2013-09-11 00:00:00.0" ObKeinKontakt="1" ObjArtID="1"/>
  <Objekte ObjID="18736" ObjAufnahme="2013-05-23" ObjLetztKontakt="2013-05-30" ObjStrasseID="6369" ObjHausnummer="Ernst-Bähre-Straße 26" ObjVorlage="2013-05-30 00:00:00.0" ObKeinKontakt="2" ObjArtID="1"/>
  <Objekte ObjID="18737" ObjAufnahme="2013-05-23" ObjStrasseID="8030" ObjHausnummer="Salzweg 54" ObjVorlage="2013-09-11 00:00:00.0" ObKeinKontakt="1" ObjArtID="1"/>
  <Objekte ObjID="18738" ObjAufnahme="2013-05-23" ObjStrasseID="6189" ObjHausnummer="Das Mühlenfeld 3" ObjVorlage="2013-09-11 00:00:00.0" ObKeinKontakt="1" ObjArtID="1"/>
  <Objekte ObjID="18739" ObjAufnahme="2013-05-23" ObjStrasseID="7249" ObjHausnummer="Krausenstraße 29" ObjVorlage="2013-09-11 00:00:00.0" ObKeinKontakt="2" ObjArtID="1" ObjInfo="gehört evtl. Anne-Katrin Keese 01608260050 evtl. Makler"/>
  <Objekte ObjID="18740" ObjAufnahme="2013-05-23" ObjStrasseID="3137" ObjHausnummer="Bernwardstraße 11" ObjVorlage="2013-09-11 00:00:00.0" ObKeinKontakt="1" ObjArtID="1"/>
  <Objekte ObjID="18741" ObjAufnahme="2013-05-23" ObjStrasseID="8229" ObjHausnummer="Sperlstraße 4" ObjVorlage="2013-09-11 00:00:00.0" ObKeinKontakt="1" ObjArtID="1"/>
  <Objekte ObjID="18742" ObjAufnahme="2013-05-23" ObjStrasseID="8170" ObjHausnummer="Senior-Blumenberg-Gang 4" ObjVorlage="2013-09-11 00:00:00.0" ObKeinKontakt="1" ObjArtID="1"/>
  <Objekte ObjID="18743" ObjAufnahme="2013-05-23" ObjStrasseID="8655" ObjHausnummer="Winkelriede 8" ObjVorlage="2013-09-11 00:00:00.0" ObKeinKontakt="1" ObjArtID="1"/>
  <Objekte ObjID="18744" ObjAufnahme="2013-05-23" ObjStrasseID="7647" ObjHausnummer="Nollendorfstraße 11" ObjVorlage="2013-09-11 00:00:00.0" ObKeinKontakt="1" ObjArtID="1"/>
  <Objekte ObjID="18745" ObjAufnahme="2013-05-23" ObjStrasseID="7380" ObjHausnummer="Liepmannstraße 10" ObjVorlage="2013-09-11 00:00:00.0" ObKeinKontakt="1" ObjArtID="1"/>
  <Objekte ObjID="18746" ObjAufnahme="2013-05-23" ObjStrasseID="6635" ObjHausnummer="Grenzweg 2" ObjVorlage="2013-09-11 00:00:00.0" ObKeinKontakt="1" ObjArtID="1"/>
  <Objekte ObjID="18747" ObjAufnahme="2013-05-23" ObjStrasseID="7794" ObjHausnummer="Plengestraße 5" ObjVorlage="2013-09-11 00:00:00.0" ObKeinKontakt="1" ObjArtID="1"/>
  <Objekte ObjID="18748" ObjAufnahme="2013-05-23" ObjStrasseID="6576" ObjHausnummer="Glockseestraße 3 C" ObjVorlage="2013-09-11 00:00:00.0" ObKeinKontakt="1" ObjArtID="1"/>
  <Objekte ObjID="18749" ObjAufnahme="2013-05-23" ObjStrasseID="8608" ObjHausnummer="Widemannstraße 11" ObjVorlage="2013-09-11 00:00:00.0" ObKeinKontakt="1" ObjArtID="1"/>
  <Objekte ObjID="18750" ObjAufnahme="2013-05-23" ObjStrasseID="6135" ObjHausnummer="Canarisweg 7" ObjVorlage="2013-09-11 00:00:00.0" ObKeinKontakt="1" ObjArtID="1"/>
  <Objekte ObjID="18751" ObjAufnahme="2013-05-23" ObjStrasseID="6700" ObjHausnummer="Hägewiesen 110 C" ObjVorlage="2013-09-11 00:00:00.0" ObKeinKontakt="1" ObjArtID="1"/>
  <Objekte ObjID="18752" ObjAufnahme="2013-05-23" ObjStrasseID="7711" ObjHausnummer="Otternplan 13" ObjVorlage="2013-09-11 00:00:00.0" ObKeinKontakt="1" ObjArtID="1"/>
  <Objekte ObjID="18753" ObjAufnahme="2013-05-23" ObjStrasseID="7276" ObjHausnummer="Kugelfangtrift 94" ObjVorlage="2013-09-11 00:00:00.0" ObKeinKontakt="1" ObjArtID="1"/>
  <Objekte ObjID="18754" ObjAufnahme="2013-05-23" ObjStrasseID="7328" ObjHausnummer="Lechstraße 2" ObjVorlage="2013-09-11 00:00:00.0" ObKeinKontakt="1" ObjArtID="1"/>
  <Objekte ObjID="18755" ObjAufnahme="2013-05-23" ObjStrasseID="8089" ObjHausnummer="Schmiedestraße 31" ObjVorlage="2013-09-11 00:00:00.0" ObKeinKontakt="1" ObjArtID="1"/>
  <Objekte ObjID="18756" ObjAufnahme="2013-05-23" ObjLetztKontakt="2013-08-15" ObjStrasseID="8714" ObjHausnummer="Zimmermannstraße 5" ObjVorlage="2013-09-11 00:00:00.0" ObKeinKontakt="2" ObjArtID="1" ObjInfo="Herr Kauke gehört das Haus evtl. Zukauf sehr vorsichtig 051372294"/>
  <Objekte ObjID="18757" ObjAufnahme="2013-05-24" ObjStrasseID="8124" ObjHausnummer="Schützenallee 37" ObjVorlage="2013-09-11 00:00:00.0" ObKeinKontakt="1" ObjArtID="1"/>
  <Objekte ObjID="18758" ObjAufnahme="2013-05-24" ObjStrasseID="8181" ObjHausnummer="Siebertalstraße 20" ObjVorlage="2013-09-11 00:00:00.0" ObKeinKontakt="1" ObjArtID="1"/>
  <Objekte ObjID="18759" ObjAufnahme="2013-05-24" ObjStrasseID="15717" ObjHausnummer="Johanneskamp 1" ObjVorlage="2013-09-11 00:00:00.0" ObKeinKontakt="1" ObjArtID="1"/>
  <Objekte ObjID="18760" ObjAufnahme="2013-05-24" ObjStrasseID="6020" ObjHausnummer="Bomhauerstraße 18" ObjVorlage="2013-09-11 00:00:00.0" ObKeinKontakt="1" ObjArtID="1"/>
  <Objekte ObjID="18761" ObjAufnahme="2013-05-24" ObjStrasseID="8145" ObjHausnummer="Schweriner Straße 19" ObjVorlage="2013-09-11 00:00:00.0" ObKeinKontakt="1" ObjArtID="1"/>
  <Objekte ObjID="18762" ObjAufnahme="2013-05-24" ObjStrasseID="5639" ObjHausnummer="Am Gutspark 42" ObjVorlage="2013-09-11 00:00:00.0" ObKeinKontakt="1" ObjArtID="1"/>
  <Objekte ObjID="18763" ObjAufnahme="2013-05-24" ObjStrasseID="6823" ObjHausnummer="Helenenstraße 43" ObjVorlage="2013-09-11 00:00:00.0" ObKeinKontakt="1" ObjArtID="1"/>
  <Objekte ObjID="18764" ObjAufnahme="2013-05-28" ObjLetztKontakt="2013-05-27" ObjStrasseID="8155" ObjHausnummer="Sehnder Straße 28" ObjVorlage="2013-09-11 00:00:00.0" ObKeinKontakt="5" ObjArtID="233"/>
  <Objekte ObjID="18765" ObjAufnahme="2013-06-01" ObjLetztKontakt="2013-06-04" ObjStrasseID="7682" ObjHausnummer="Oisseler Straße 24" ObjVorlage="2013-09-11 00:00:00.0" ObKeinKontakt="2" ObjArtID="1"/>
  <Objekte ObjID="18766" ObjAufnahme="2013-06-01" ObjStrasseID="8047" ObjHausnummer="Schackstraße 16" ObjVorlage="2013-09-11 00:00:00.0" ObKeinKontakt="1" ObjArtID="1"/>
  <Objekte ObjID="18767" ObjAufnahme="2013-06-01" ObjStrasseID="7453" ObjHausnummer="Lutherstraße 30 B" ObjVorlage="2013-09-11 00:00:00.0" ObKeinKontakt="1" ObjArtID="1"/>
  <Objekte ObjID="18768" ObjAufnahme="2013-06-01" ObjStrasseID="8695" ObjHausnummer="Wunstorfer Landstraße 3" ObjVorlage="2013-09-11 00:00:00.0" ObKeinKontakt="1" ObjArtID="1"/>
  <Objekte ObjID="18769" ObjAufnahme="2013-06-01" ObjStrasseID="11461" ObjHausnummer="Kattenbrookstrift 12" ObjVorlage="2013-09-11 00:00:00.0" ObKeinKontakt="1" ObjArtID="1"/>
  <Objekte ObjID="18770" ObjAufnahme="2013-06-01" ObjStrasseID="8011" ObjHausnummer="Sackmannstraße 3 A" ObjVorlage="2013-09-11 00:00:00.0" ObKeinKontakt="1" ObjArtID="1"/>
  <Objekte ObjID="18771" ObjAufnahme="2013-06-01" ObjStrasseID="5639" ObjHausnummer="Am Gutspark 12" ObjVorlage="2013-09-11 00:00:00.0" ObKeinKontakt="1" ObjArtID="1"/>
  <Objekte ObjID="18772" ObjAufnahme="2013-06-01" ObjStrasseID="6697" ObjHausnummer="Hagenstraße 17" ObjVorlage="2013-09-11 00:00:00.0" ObKeinKontakt="1" ObjArtID="1"/>
  <Objekte ObjID="18773" ObjAufnahme="2013-06-01" ObjStrasseID="5863" ObjHausnummer="Bahnstrift 38" ObjVorlage="2013-09-11 00:00:00.0" ObKeinKontakt="1" ObjArtID="1"/>
  <Objekte ObjID="18774" ObjAufnahme="2013-06-01" ObjStrasseID="5863" ObjHausnummer="Bahnstrift 44" ObjVorlage="2013-09-11 00:00:00.0" ObKeinKontakt="1" ObjArtID="1"/>
  <Objekte ObjID="18775" ObjAufnahme="2013-06-01" ObjStrasseID="6268" ObjHausnummer="Droehnenstraße 29" ObjVorlage="2013-09-11 00:00:00.0" ObKeinKontakt="1" ObjArtID="1"/>
  <Objekte ObjID="18776" ObjAufnahme="2013-06-01" ObjStrasseID="6825" ObjHausnummer="Helmholtzstraße 5" ObjVorlage="2013-09-11 00:00:00.0" ObKeinKontakt="1" ObjArtID="1"/>
  <Objekte ObjID="18777" ObjAufnahme="2013-06-01" ObjStrasseID="6875" ObjHausnummer="Hildesheimer Straße 338" ObjVorlage="2013-09-11 00:00:00.0" ObKeinKontakt="1" ObjArtID="1"/>
  <Objekte ObjID="18778" ObjAufnahme="2013-06-01" ObjStrasseID="6479" ObjHausnummer="Friedrich-Ebert-Straße 66" ObjVorlage="2013-09-11 00:00:00.0" ObKeinKontakt="1" ObjArtID="1"/>
  <Objekte ObjID="18779" ObjAufnahme="2013-06-01" ObjStrasseID="7698" ObjHausnummer="Osterfelddamm 56" ObjVorlage="2013-09-11 00:00:00.0" ObKeinKontakt="1" ObjArtID="1"/>
  <Objekte ObjID="18780" ObjAufnahme="2013-06-01" ObjStrasseID="8181" ObjHausnummer="Siebertalstraße 18" ObjVorlage="2013-09-11 00:00:00.0" ObKeinKontakt="1" ObjArtID="1"/>
  <Objekte ObjID="18781" ObjAufnahme="2013-06-01" ObjStrasseID="15721" ObjHausnummer="Gravensteiner Allee 2 A-C" ObjVorlage="2013-09-11 00:00:00.0" ObKeinKontakt="1" ObjArtID="1"/>
  <Objekte ObjID="18782" ObjAufnahme="2013-06-01" ObjStrasseID="5869" ObjHausnummer="Bandelstraße 7" ObjVorlage="2013-09-11 00:00:00.0" ObKeinKontakt="1" ObjArtID="177"/>
  <Objekte ObjID="18783" ObjAufnahme="2013-06-02" ObjStrasseID="6479" ObjHausnummer="Friedrich-Ebert-Straße 48" ObjVorlage="2013-09-11 00:00:00.0" ObKeinKontakt="1" ObjArtID="1"/>
  <Objekte ObjID="18784" ObjAufnahme="2013-06-02" ObjStrasseID="7451" ObjHausnummer="Lüssenhopstraße 10" ObjVorlage="2013-09-11 00:00:00.0" ObKeinKontakt="1" ObjArtID="1"/>
  <Objekte ObjID="18785" ObjAufnahme="2013-06-02" ObjStrasseID="6315" ObjHausnummer="Eickenriede 4 A" ObjVorlage="2013-09-11 00:00:00.0" ObKeinKontakt="1" ObjArtID="1"/>
  <Objekte ObjID="18786" ObjAufnahme="2013-06-02" ObjStrasseID="6601" ObjHausnummer="Gorch-Fock-Straße 3" ObjVorlage="2013-09-11 00:00:00.0" ObKeinKontakt="1" ObjArtID="1"/>
  <Objekte ObjID="18787" ObjAufnahme="2013-06-02" ObjStrasseID="7722" ObjHausnummer="Pagenstraße 15" ObjVorlage="2013-09-11 00:00:00.0" ObKeinKontakt="1" ObjArtID="1"/>
  <Objekte ObjID="18788" ObjAufnahme="2013-06-02" ObjStrasseID="6546" ObjHausnummer="Gerdingstraße 8 C" ObjVorlage="2013-09-11 00:00:00.0" ObKeinKontakt="1" ObjArtID="177"/>
  <Objekte ObjID="18789" ObjAufnahme="2013-06-02" ObjStrasseID="5829" ObjHausnummer="Auf dem Dorn 18 C" ObjVorlage="2013-09-11 00:00:00.0" ObKeinKontakt="1" ObjArtID="1"/>
  <Objekte ObjID="18790" ObjAufnahme="2013-06-02" ObjStrasseID="5773" ObjHausnummer="An der Questenhorst 5" ObjVorlage="2013-09-11 00:00:00.0" ObKeinKontakt="1" ObjArtID="1"/>
  <Objekte ObjID="18791" ObjAufnahme="2013-06-06" ObjStrasseID="8298" ObjHausnummer="Stöckener Straße 159" ObjVorlage="2013-09-11 00:00:00.0" ObKeinKontakt="1" ObjArtID="1"/>
  <Objekte ObjID="18792" ObjAufnahme="2013-06-06" ObjStrasseID="7384" ObjHausnummer="Lilienstraße 23" ObjVorlage="2013-09-11 00:00:00.0" ObKeinKontakt="1" ObjArtID="1"/>
  <Objekte ObjID="18793" ObjAufnahme="2013-06-06" ObjLetztKontakt="2013-08-19" ObjStrasseID="6459" ObjHausnummer="Freienwalder Straße 20" ObjVorlage="2013-09-11 00:00:00.0" ObKeinKontakt="2" ObjArtID="1"/>
  <Objekte ObjID="18794" ObjAufnahme="2013-06-06" ObjStrasseID="6451" ObjHausnummer="Franz-Nause-Straße 6 A" ObjVorlage="2013-09-11 00:00:00.0" ObKeinKontakt="1" ObjArtID="1"/>
  <Objekte ObjID="18795" ObjAufnahme="2013-06-06" ObjLetztKontakt="2013-06-26" ObjStrasseID="5537" ObjHausnummer="Ackerweg 7" ObjVorlage="2013-09-11 00:00:00.0" ObKeinKontakt="2" ObjArtID="1"/>
  <Objekte ObjID="18796" ObjAufnahme="2013-06-06" ObjStrasseID="6957" ObjHausnummer="Ihmeplatz 6" ObjVorlage="2013-09-11 00:00:00.0" ObKeinKontakt="1" ObjArtID="177"/>
  <Objekte ObjID="18797" ObjAufnahme="2013-06-06" ObjLetztKontakt="2013-06-24" ObjStrasseID="8450" ObjHausnummer="Vahrenwalder Straße 117" ObjVorlage="2013-09-11 00:00:00.0" ObKeinKontakt="2" ObjArtID="177"/>
  <Objekte ObjID="18798" ObjAufnahme="2013-06-06" ObjStrasseID="6609" ObjHausnummer="Göttinger Chaussee 159" ObjVorlage="2013-09-11 00:00:00.0" ObKeinKontakt="1" ObjArtID="1"/>
  <Objekte ObjID="18799" ObjAufnahme="2013-06-06" ObjStrasseID="7237" ObjHausnummer="Kortumstraße 18" ObjVorlage="2013-09-11 00:00:00.0" ObKeinKontakt="1" ObjArtID="1"/>
  <Objekte ObjID="18800" ObjAufnahme="2013-06-06" ObjStrasseID="5694" ObjHausnummer="Am Plessenfelde 7" ObjVorlage="2013-09-11 00:00:00.0" ObKeinKontakt="1" ObjArtID="1"/>
  <Objekte ObjID="18801" ObjAufnahme="2013-06-06" ObjStrasseID="6350" ObjHausnummer="Engelbosteler Damm 99" ObjVorlage="2013-09-11 00:00:00.0" ObKeinKontakt="1" ObjArtID="1"/>
  <Objekte ObjID="18802" ObjAufnahme="2013-06-06" ObjStrasseID="6880" ObjHausnummer="Hinrichsring 28" ObjVorlage="2013-09-11 00:00:00.0" ObKeinKontakt="1" ObjArtID="1"/>
  <Objekte ObjID="18803" ObjAufnahme="2013-06-06" ObjStrasseID="7416" ObjHausnummer="Lohmeyerhof 3" ObjVorlage="2013-09-11 00:00:00.0" ObKeinKontakt="1" ObjArtID="1"/>
  <Objekte ObjID="18804" ObjAufnahme="2013-06-06" ObjStrasseID="7892" ObjHausnummer="Ricklinger Stadtweg 37" ObjVorlage="2013-09-11 00:00:00.0" ObKeinKontakt="1" ObjArtID="1"/>
  <Objekte ObjID="18805" ObjAufnahme="2013-06-07" ObjStrasseID="5584" ObjHausnummer="Alte Ziegelei 5" ObjVorlage="2013-09-11 00:00:00.0" ObKeinKontakt="1" ObjArtID="1"/>
  <Objekte ObjID="18806" ObjAufnahme="2013-06-07" ObjStrasseID="5708" ObjHausnummer="Am Soltekampe 103" ObjVorlage="2013-09-11 00:00:00.0" ObKeinKontakt="1" ObjArtID="177"/>
  <Objekte ObjID="18807" ObjAufnahme="2013-06-07" ObjStrasseID="7892" ObjHausnummer="Ricklinger Stadtweg 38" ObjVorlage="2013-09-11 00:00:00.0" ObKeinKontakt="1" ObjArtID="177"/>
  <Objekte ObjID="18808" ObjAufnahme="2013-06-07" ObjStrasseID="6118" ObjHausnummer="Burgstraße 12" ObjVorlage="2013-09-11 00:00:00.0" ObKeinKontakt="1" ObjArtID="1"/>
  <Objekte ObjID="18809" ObjAufnahme="2013-06-07" ObjStrasseID="8207" ObjHausnummer="Sollingstraße 15" ObjVorlage="2013-09-11 00:00:00.0" ObKeinKontakt="1" ObjArtID="1"/>
  <Objekte ObjID="18810" ObjAufnahme="2013-06-07" ObjStrasseID="5853" ObjHausnummer="Auwiese 12" ObjVorlage="2013-09-11 00:00:00.0" ObKeinKontakt="1" ObjArtID="1"/>
  <Objekte ObjID="18811" ObjAufnahme="2013-06-07" ObjStrasseID="7882" ObjHausnummer="Rhönweg 7" ObjVorlage="2013-09-11 00:00:00.0" ObKeinKontakt="1" ObjArtID="1"/>
  <Objekte ObjID="18812" ObjAufnahme="2013-06-07" ObjStrasseID="5853" ObjHausnummer="Auwiese 11" ObjVorlage="2013-09-11 00:00:00.0" ObKeinKontakt="1" ObjArtID="1"/>
  <Objekte ObjID="18813" ObjAufnahme="2013-06-07" ObjStrasseID="6458" ObjHausnummer="Freidingstraße 17" ObjVorlage="2013-09-11 00:00:00.0" ObKeinKontakt="1" ObjArtID="1"/>
  <Objekte ObjID="18814" ObjAufnahme="2013-06-07" ObjLetztKontakt="2013-06-26" ObjStrasseID="6875" ObjHausnummer="Hildesheimer Straße 228 B" ObjVorlage="2013-09-11 00:00:00.0" ObKeinKontakt="2" ObjArtID="1"/>
  <Objekte ObjID="18815" ObjAufnahme="2013-06-07" ObjStrasseID="5853" ObjHausnummer="Auwiese 31" ObjVorlage="2013-09-11 00:00:00.0" ObKeinKontakt="1" ObjArtID="1"/>
  <Objekte ObjID="18816" ObjAufnahme="2013-06-07" ObjLetztKontakt="2013-08-21" ObjStrasseID="6296" ObjHausnummer="Edwin-Oppler-Weg 1" ObjVorlage="2013-09-11 00:00:00.0" ObKeinKontakt="2" ObjArtID="1"/>
  <Objekte ObjID="18817" ObjAufnahme="2013-06-07" ObjStrasseID="8313" ObjHausnummer="Striehlstraße 26" ObjVorlage="2013-09-11 00:00:00.0" ObKeinKontakt="1" ObjArtID="1"/>
  <Objekte ObjID="18818" ObjAufnahme="2013-06-07" ObjLetztKontakt="2013-06-21" ObjStrasseID="6675" ObjHausnummer="Günther-Wagner-Allee 15" ObjVorlage="2013-09-11 00:00:00.0" ObKeinKontakt="2" ObjArtID="177"/>
  <Objekte ObjID="18819" ObjAufnahme="2013-06-07" ObjStrasseID="7827" ObjHausnummer="Quedlinburger Weg 8 D" ObjVorlage="2013-09-11 00:00:00.0" ObKeinKontakt="1" ObjArtID="1"/>
  <Objekte ObjID="18820" ObjAufnahme="2013-06-07" ObjStrasseID="6884" ObjHausnummer="Hinter der Alten Burg 26" ObjVorlage="2013-09-11 00:00:00.0" ObKeinKontakt="1" ObjArtID="1"/>
  <Objekte ObjID="18821" ObjAufnahme="2013-06-07" ObjStrasseID="7501" ObjHausnummer="Max-Kuhlemann-Straße 14" ObjVorlage="2013-09-11 00:00:00.0" ObKeinKontakt="1" ObjArtID="1"/>
  <Objekte ObjID="18822" ObjAufnahme="2013-06-07" ObjStrasseID="8207" ObjHausnummer="Sollingstraße 14" ObjVorlage="2013-09-11 00:00:00.0" ObKeinKontakt="1" ObjArtID="1"/>
  <Objekte ObjID="18823" ObjAufnahme="2013-06-07" ObjLetztKontakt="2013-06-21" ObjStrasseID="6167" ObjHausnummer="Crappiusstraße 1" ObjVorlage="2013-09-11 00:00:00.0" ObKeinKontakt="2" ObjArtID="177"/>
  <Objekte ObjID="18824" ObjAufnahme="2013-06-11" ObjStrasseID="3768" ObjHausnummer="Hildesheimer Straße 365-369" ObjVorlage="2013-09-11 00:00:00.0" ObKeinKontakt="5" ObjArtID="1"/>
  <Objekte ObjID="18825" ObjAufnahme="2013-06-24" ObjStrasseID="7644" ObjHausnummer="Nobelring 21" ObjVorlage="2013-09-11 00:00:00.0" ObKeinKontakt="1" ObjArtID="1"/>
  <Objekte ObjID="18826" ObjAufnahme="2013-06-24" ObjStrasseID="6933" ObjHausnummer="Hudeplan 2" ObjVorlage="2013-09-11 00:00:00.0" ObKeinKontakt="1" ObjArtID="1"/>
  <Objekte ObjID="18827" ObjAufnahme="2013-06-24" ObjStrasseID="7513" ObjHausnummer="Meitnerstraße 6" ObjVorlage="2013-09-11 00:00:00.0" ObKeinKontakt="1" ObjArtID="1"/>
  <Objekte ObjID="18828" ObjAufnahme="2013-06-24" ObjStrasseID="6124" ObjHausnummer="Bussestraße 12" ObjVorlage="2013-09-11 00:00:00.0" ObKeinKontakt="1" ObjArtID="1"/>
  <Objekte ObjID="18829" ObjAufnahme="2013-06-24" ObjStrasseID="8037" ObjHausnummer="Sandstraße 12" ObjVorlage="2013-09-11 00:00:00.0" ObKeinKontakt="1" ObjArtID="1"/>
  <Objekte ObjID="18830" ObjAufnahme="2013-06-24" ObjStrasseID="2840" ObjHausnummer="Alleestraße 15 A" ObjVorlage="2013-09-11 00:00:00.0" ObKeinKontakt="1" ObjArtID="1"/>
  <Objekte ObjID="18831" ObjAufnahme="2013-06-24" ObjStrasseID="6635" ObjHausnummer="Grenzweg 3" ObjVorlage="2013-09-11 00:00:00.0" ObKeinKontakt="1" ObjArtID="1"/>
  <Objekte ObjID="18832" ObjAufnahme="2013-06-24" ObjStrasseID="6096" ObjHausnummer="Buchholzer Straße 7 D" ObjVorlage="2013-09-11 00:00:00.0" ObKeinKontakt="1" ObjArtID="1"/>
  <Objekte ObjID="18833" ObjAufnahme="2013-06-25" ObjStrasseID="6131" ObjHausnummer="Cäcilienstraße 17" ObjVorlage="2013-09-11 00:00:00.0" ObKeinKontakt="1" ObjArtID="1"/>
  <Objekte ObjID="18834" ObjAufnahme="2013-06-25" ObjStrasseID="8588" ObjHausnummer="Wernerstraße 13" ObjVorlage="2013-09-11 00:00:00.0" ObKeinKontakt="1" ObjArtID="1"/>
  <Objekte ObjID="18835" ObjAufnahme="2013-06-25" ObjStrasseID="6773" ObjHausnummer="Hedwigstraße 16" ObjVorlage="2013-09-11 00:00:00.0" ObKeinKontakt="1" ObjArtID="1"/>
  <Objekte ObjID="18836" ObjAufnahme="2013-06-25" ObjStrasseID="7264" ObjHausnummer="Kronsberger Straße 20" ObjVorlage="2013-09-11 00:00:00.0" ObKeinKontakt="1" ObjArtID="1"/>
  <Objekte ObjID="18837" ObjAufnahme="2013-06-25" ObjLetztKontakt="2013-08-21" ObjStrasseID="8092" ObjHausnummer="Schneckenburgerstraße 2 A" ObjVorlage="2013-09-11 00:00:00.0" ObKeinKontakt="2" ObjArtID="1" ObjInfo="kein Zukauf"/>
  <Objekte ObjID="18838" ObjAufnahme="2013-06-25" ObjStrasseID="7338" ObjHausnummer="Leierhof 12" ObjVorlage="2013-09-11 00:00:00.0" ObKeinKontakt="1" ObjArtID="1"/>
  <Objekte ObjID="18839" ObjAufnahme="2013-06-25" ObjStrasseID="8061" ObjHausnummer="Scheidestraße 5" ObjVorlage="2013-09-11 00:00:00.0" ObKeinKontakt="1" ObjArtID="1"/>
  <Objekte ObjID="18840" ObjAufnahme="2013-06-25" ObjStrasseID="6735" ObjHausnummer="Hänselriede 11" ObjVorlage="2013-09-11 00:00:00.0" ObKeinKontakt="1" ObjArtID="1"/>
  <Objekte ObjID="18841" ObjAufnahme="2013-06-25" ObjStrasseID="7695" ObjHausnummer="Ossietzkyring 19" ObjVorlage="2013-09-11 00:00:00.0" ObKeinKontakt="1" ObjArtID="1"/>
  <Objekte ObjID="18842" ObjAufnahme="2013-06-25" ObjStrasseID="7822" ObjHausnummer="Pumpstraße 3 C" ObjVorlage="2013-09-11 00:00:00.0" ObKeinKontakt="1" ObjArtID="177"/>
  <Objekte ObjID="18843" ObjAufnahme="2013-06-25" ObjStrasseID="7695" ObjHausnummer="Ossietzkyring 25" ObjVorlage="2013-09-11 00:00:00.0" ObKeinKontakt="1" ObjArtID="1"/>
  <Objekte ObjID="18844" ObjAufnahme="2013-06-25" ObjStrasseID="7882" ObjHausnummer="Rhönweg 13" ObjVorlage="2013-09-11 00:00:00.0" ObKeinKontakt="1" ObjArtID="1"/>
  <Objekte ObjID="18845" ObjAufnahme="2013-06-25" ObjStrasseID="8230" ObjHausnummer="Spessartweg 5" ObjVorlage="2013-09-11 00:00:00.0" ObKeinKontakt="1" ObjArtID="1"/>
  <Objekte ObjID="18846" ObjAufnahme="2013-06-25" ObjStrasseID="8139" ObjHausnummer="Schwarzwaldstraße 31" ObjVorlage="2013-09-11 00:00:00.0" ObKeinKontakt="1" ObjArtID="1"/>
  <Objekte ObjID="18847" ObjAufnahme="2013-06-25" ObjStrasseID="6537" ObjHausnummer="General-Wever-Straße 73" ObjVorlage="2013-09-11 00:00:00.0" ObKeinKontakt="1" ObjArtID="1"/>
  <Objekte ObjID="18848" ObjAufnahme="2013-06-25" ObjStrasseID="8230" ObjHausnummer="Spessartweg 11" ObjVorlage="2013-09-11 00:00:00.0" ObKeinKontakt="1" ObjArtID="1"/>
  <Objekte ObjID="18849" ObjAufnahme="2013-06-25" ObjStrasseID="6537" ObjHausnummer="General-Wever-Straße 79" ObjVorlage="2013-09-11 00:00:00.0" ObKeinKontakt="1" ObjArtID="1"/>
  <Objekte ObjID="18850" ObjAufnahme="2013-06-25" ObjStrasseID="8139" ObjHausnummer="Schwarzwaldstraße 39" ObjVorlage="2013-09-11 00:00:00.0" ObKeinKontakt="1" ObjArtID="1"/>
  <Objekte ObjID="18851" ObjAufnahme="2013-06-25" ObjStrasseID="6466" ObjHausnummer="Freudenthalstraße 52" ObjVorlage="2013-09-11 00:00:00.0" ObKeinKontakt="1" ObjArtID="1"/>
  <Objekte ObjID="18852" ObjAufnahme="2013-06-25" ObjStrasseID="6135" ObjHausnummer="Canarisweg 9" ObjVorlage="2013-09-11 00:00:00.0" ObKeinKontakt="1" ObjArtID="1"/>
  <Objekte ObjID="18853" ObjAufnahme="2013-06-25" ObjStrasseID="6601" ObjHausnummer="Gorch-Fock-Straße 28" ObjVorlage="2013-09-11 00:00:00.0" ObKeinKontakt="1" ObjArtID="1"/>
  <Objekte ObjID="18854" ObjAufnahme="2013-06-25" ObjStrasseID="7321" ObjHausnummer="Laurinweg 11" ObjVorlage="2013-09-11 00:00:00.0" ObKeinKontakt="1" ObjArtID="1"/>
  <Objekte ObjID="18855" ObjAufnahme="2013-06-25" ObjStrasseID="7711" ObjHausnummer="Otternplan 15" ObjVorlage="2013-09-11 00:00:00.0" ObKeinKontakt="1" ObjArtID="1"/>
  <Objekte ObjID="18856" ObjAufnahme="2013-06-25" ObjStrasseID="8560" ObjHausnummer="Weimarer Allee 2" ObjVorlage="2013-09-11 00:00:00.0" ObKeinKontakt="1" ObjArtID="1"/>
  <Objekte ObjID="18857" ObjAufnahme="2013-06-25" ObjStrasseID="8380" ObjHausnummer="Tiergartenstraße 164" ObjVorlage="2013-09-11 00:00:00.0" ObKeinKontakt="1" ObjArtID="1"/>
  <Objekte ObjID="18858" ObjAufnahme="2013-06-25" ObjStrasseID="6466" ObjHausnummer="Freudenthalstraße 13" ObjVorlage="2013-09-11 00:00:00.0" ObKeinKontakt="1" ObjArtID="1"/>
  <Objekte ObjID="18859" ObjAufnahme="2013-06-25" ObjStrasseID="10941" ObjHausnummer="Am Hinüberschen Garten 26" ObjVorlage="2013-09-11 00:00:00.0" ObKeinKontakt="1" ObjArtID="1"/>
  <Objekte ObjID="18860" ObjAufnahme="2013-06-25" ObjLetztKontakt="2013-08-22" ObjStrasseID="3137" ObjHausnummer="Bernwardstraße 12" ObjVorlage="2013-09-11 00:00:00.0" ObKeinKontakt="1" ObjArtID="177"/>
  <Objekte ObjID="18861" ObjAufnahme="2013-06-25" ObjStrasseID="6875" ObjHausnummer="Hildesheimer Straße 408" ObjVorlage="2013-09-11 00:00:00.0" ObKeinKontakt="1" ObjArtID="1"/>
  <Objekte ObjID="18862" ObjAufnahme="2013-06-25" ObjStrasseID="7318" ObjHausnummer="Lauenauer Straße 10" ObjVorlage="2013-09-11 00:00:00.0" ObKeinKontakt="1" ObjArtID="1"/>
  <Objekte ObjID="18863" ObjAufnahme="2013-06-25" ObjStrasseID="8298" ObjHausnummer="Stöckener Straße 131 B" ObjVorlage="2013-09-11 00:00:00.0" ObKeinKontakt="1" ObjArtID="1"/>
  <Objekte ObjID="18864" ObjAufnahme="2013-06-25" ObjStrasseID="7860" ObjHausnummer="Rehbockstraße 7" ObjVorlage="2013-09-11 00:00:00.0" ObKeinKontakt="1" ObjArtID="1"/>
  <Objekte ObjID="18865" ObjAufnahme="2013-06-25" ObjStrasseID="7242" ObjHausnummer="Kötnerholzweg 53" ObjVorlage="2013-09-11 00:00:00.0" ObKeinKontakt="1" ObjArtID="1"/>
  <Objekte ObjID="18866" ObjAufnahme="2013-06-25" ObjStrasseID="7722" ObjHausnummer="Pagenstraße 2" ObjVorlage="2013-09-11 00:00:00.0" ObKeinKontakt="1" ObjArtID="1"/>
  <Objekte ObjID="18867" ObjAufnahme="2013-06-25" ObjStrasseID="6874" ObjHausnummer="Hildesheimer Straße 328" ObjVorlage="2013-09-11 00:00:00.0" ObKeinKontakt="1" ObjArtID="1"/>
  <Objekte ObjID="18868" ObjAufnahme="2013-06-25" ObjStrasseID="7009" ObjHausnummer="Im Wölpfelde 1" ObjVorlage="2013-09-11 00:00:00.0" ObKeinKontakt="1" ObjArtID="1"/>
  <Objekte ObjID="18869" ObjAufnahme="2013-06-25" ObjStrasseID="6460" ObjHausnummer="Freihorstfeld 2" ObjVorlage="2013-09-11 00:00:00.0" ObKeinKontakt="1" ObjArtID="1"/>
  <Objekte ObjID="18870" ObjAufnahme="2013-06-25" ObjStrasseID="7789" ObjHausnummer="Platenstraße 3" ObjVorlage="2013-09-11 00:00:00.0" ObKeinKontakt="1" ObjArtID="1"/>
  <Objekte ObjID="18871" ObjAufnahme="2013-06-25" ObjStrasseID="8493" ObjHausnummer="Vordere Schöneworth 13" ObjVorlage="2013-09-11 00:00:00.0" ObKeinKontakt="1" ObjArtID="1"/>
  <Objekte ObjID="18872" ObjAufnahme="2013-06-25" ObjStrasseID="7519" ObjHausnummer="Mendelweg 7" ObjVorlage="2013-09-11 00:00:00.0" ObKeinKontakt="1" ObjArtID="1"/>
  <Objekte ObjID="18873" ObjAufnahme="2013-06-25" ObjStrasseID="6293" ObjHausnummer="Edenstraße 38 A" ObjVorlage="2013-09-11 00:00:00.0" ObKeinKontakt="1" ObjArtID="1"/>
  <Objekte ObjID="18874" ObjAufnahme="2013-06-25" ObjStrasseID="7401" ObjHausnummer="Lisbethstraße 10" ObjVorlage="2013-09-11 00:00:00.0" ObKeinKontakt="1" ObjArtID="1"/>
  <Objekte ObjID="18875" ObjAufnahme="2013-06-25" ObjStrasseID="5685" ObjHausnummer="Am Mittelfelde 113 B" ObjVorlage="2013-09-11 00:00:00.0" ObKeinKontakt="1" ObjArtID="1"/>
  <Objekte ObjID="18876" ObjAufnahme="2013-06-25" ObjStrasseID="2857" ObjHausnummer="Alte Stöckener Straße 54" ObjVorlage="2013-09-11 00:00:00.0" ObKeinKontakt="1" ObjArtID="1"/>
  <Objekte ObjID="18877" ObjAufnahme="2013-06-25" ObjStrasseID="7404" ObjHausnummer="Lister Kirchweg 90" ObjVorlage="2013-09-11 00:00:00.0" ObKeinKontakt="1" ObjArtID="1"/>
  <Objekte ObjID="18878" ObjAufnahme="2013-06-25" ObjStrasseID="6143" ObjHausnummer="Charlottenstraße 95" ObjVorlage="2013-09-11 00:00:00.0" ObKeinKontakt="1" ObjArtID="1"/>
  <Objekte ObjID="18879" ObjAufnahme="2013-06-25" ObjStrasseID="7571" ObjHausnummer="Moosbergstraße 21" ObjVorlage="2013-09-11 00:00:00.0" ObKeinKontakt="1" ObjArtID="1"/>
  <Objekte ObjID="18880" ObjAufnahme="2013-06-25" ObjStrasseID="7033" ObjHausnummer="Innersteweg 2" ObjVorlage="2013-09-11 00:00:00.0" ObKeinKontakt="1" ObjArtID="1"/>
  <Objekte ObjID="18881" ObjAufnahme="2013-06-25" ObjStrasseID="7480" ObjHausnummer="Marienstraße 20" ObjVorlage="2013-09-11 00:00:00.0" ObKeinKontakt="1" ObjArtID="1"/>
  <Objekte ObjID="18882" ObjAufnahme="2013-06-25" ObjStrasseID="11418" ObjHausnummer="Calenberger Esplanade 1-8" ObjVorlage="2013-09-11 00:00:00.0" ObKeinKontakt="1" ObjArtID="1"/>
  <Objekte ObjID="18883" ObjAufnahme="2013-06-25" ObjStrasseID="5936" ObjHausnummer="Berwardstraße 36" ObjVorlage="2013-09-11 00:00:00.0" ObKeinKontakt="1" ObjArtID="1"/>
  <Objekte ObjID="18884" ObjAufnahme="2013-07-05" ObjStrasseID="10933" ObjHausnummer="Papenkamp 2" ObjVorlage="2013-09-11 00:00:00.0" ObKeinKontakt="1" ObjArtID="1"/>
  <Objekte ObjID="18885" ObjAufnahme="2013-07-18" ObjStrasseID="6210" ObjHausnummer="Detmoldstraße 9" ObjVorlage="2013-09-11 00:00:00.0" ObKeinKontakt="1" ObjArtID="1"/>
  <Objekte ObjID="18886" ObjAufnahme="2013-07-18" ObjLetztKontakt="2013-07-24" ObjStrasseID="8380" ObjHausnummer="Tiergartenstraße 110" ObjVorlage="2013-09-11 00:00:00.0" ObKeinKontakt="2" ObjArtID="1" ObjInfo="kein zukauf"/>
  <Objekte ObjID="18887" ObjAufnahme="2013-07-18" ObjStrasseID="8513" ObjHausnummer="Walsroder Straße 8" ObjVorlage="2013-09-11 00:00:00.0" ObKeinKontakt="1" ObjArtID="1"/>
  <Objekte ObjID="18888" ObjAufnahme="2013-07-18" ObjLetztKontakt="2013-07-24" ObjStrasseID="8464" ObjHausnummer="Verdener Straße 23" ObjVorlage="2013-09-11 00:00:00.0" ObKeinKontakt="2" ObjArtID="1" ObjInfo="soll 245000 wert sein 24.7.2013"/>
  <Objekte ObjID="18889" ObjAufnahme="2013-07-18" ObjLetztKontakt="2013-08-14" ObjStrasseID="7612" ObjHausnummer="Nelkenstraße 1" ObjVorlage="2013-09-11 00:00:00.0" ObKeinKontakt="2" ObjArtID="1"/>
  <Objekte ObjID="18890" ObjAufnahme="2013-07-18" ObjStrasseID="7365" ObjHausnummer="Lettow-Vorbeck-Allee 91" ObjVorlage="2013-09-11 00:00:00.0" ObKeinKontakt="1" ObjArtID="1"/>
  <Objekte ObjID="18891" ObjAufnahme="2013-07-18" ObjStrasseID="8380" ObjHausnummer="Tiergartenstraße 158" ObjVorlage="2013-09-11 00:00:00.0" ObKeinKontakt="1" ObjArtID="1"/>
  <Objekte ObjID="18892" ObjAufnahme="2013-07-18" ObjStrasseID="7496" ObjHausnummer="Mattfeldstraße 20" ObjVorlage="2013-09-11 00:00:00.0" ObKeinKontakt="1" ObjArtID="1"/>
  <Objekte ObjID="18893" ObjAufnahme="2013-07-18" ObjStrasseID="7249" ObjHausnummer="Krausenstraße 15" ObjVorlage="2013-09-11 00:00:00.0" ObKeinKontakt="1" ObjArtID="1"/>
  <Objekte ObjID="18894" ObjAufnahme="2013-07-18" ObjStrasseID="7773" ObjHausnummer="Pfarrstraße 69" ObjVorlage="2013-09-11 00:00:00.0" ObKeinKontakt="1" ObjArtID="1"/>
  <Objekte ObjID="18895" ObjAufnahme="2013-07-18" ObjStrasseID="8267" ObjHausnummer="Steimbker Hof 13" ObjVorlage="2013-09-11 00:00:00.0" ObKeinKontakt="1" ObjArtID="1"/>
  <Objekte ObjID="18896" ObjAufnahme="2013-07-18" ObjStrasseID="8192" ObjHausnummer="Silberstraße 14" ObjVorlage="2013-09-11 00:00:00.0" ObKeinKontakt="1" ObjArtID="1"/>
  <Objekte ObjID="18897" ObjAufnahme="2013-07-18" ObjStrasseID="6179" ObjHausnummer="Dahnstraße 5" ObjVorlage="2013-09-11 00:00:00.0" ObKeinKontakt="1" ObjArtID="1"/>
  <Objekte ObjID="18898" ObjAufnahme="2013-07-18" ObjStrasseID="7688" ObjHausnummer="Omptedastraße 12" ObjVorlage="2013-09-11 00:00:00.0" ObKeinKontakt="1" ObjArtID="1"/>
  <Objekte ObjID="18899" ObjAufnahme="2013-07-18" ObjStrasseID="6905" ObjHausnummer="Hohensteinweg 12" ObjVorlage="2013-09-11 00:00:00.0" ObKeinKontakt="1" ObjArtID="1"/>
  <Objekte ObjID="18900" ObjAufnahme="2013-07-18" ObjStrasseID="5779" ObjHausnummer="An der Strangriede 5A" ObjVorlage="2013-09-11 00:00:00.0" ObKeinKontakt="1" ObjArtID="1"/>
  <Objekte ObjID="18901" ObjAufnahme="2013-07-18" ObjStrasseID="8456" ObjHausnummer="Varrelmannstraße 8" ObjVorlage="2013-09-11 00:00:00.0" ObKeinKontakt="1" ObjArtID="1"/>
  <Objekte ObjID="18902" ObjAufnahme="2013-07-18" ObjStrasseID="5989" ObjHausnummer="Bleidornstraße 22 A" ObjVorlage="2013-09-11 00:00:00.0" ObKeinKontakt="1" ObjArtID="1"/>
  <Objekte ObjID="18903" ObjAufnahme="2013-07-18" ObjStrasseID="6458" ObjHausnummer="Freidingstraße 12" ObjVorlage="2013-09-11 00:00:00.0" ObKeinKontakt="1" ObjArtID="1"/>
  <Objekte ObjID="18904" ObjAufnahme="2013-07-18" ObjLetztKontakt="2013-08-19" ObjStrasseID="8285" ObjHausnummer="Stensenweg 20" ObjVorlage="2013-09-11 00:00:00.0" ObKeinKontakt="2" ObjArtID="177" ObjInfo="verwaltet durch ppm 05118980570"/>
  <Objekte ObjID="18905" ObjAufnahme="2013-07-18" ObjStrasseID="7368" ObjHausnummer="Leuschnerstraße 54" ObjVorlage="2013-09-11 00:00:00.0" ObKeinKontakt="1" ObjArtID="1"/>
  <Objekte ObjID="18906" ObjAufnahme="2013-07-18" ObjStrasseID="6590" ObjHausnummer="Goerdelerstraße 2" ObjVorlage="2013-09-11 00:00:00.0" ObKeinKontakt="1" ObjArtID="1"/>
  <Objekte ObjID="18907" ObjAufnahme="2013-07-18" ObjStrasseID="8520" ObjHausnummer="Warmbüchenstraße 20" ObjVorlage="2013-09-11 00:00:00.0" ObKeinKontakt="1" ObjArtID="1"/>
  <Objekte ObjID="18908" ObjAufnahme="2013-07-18" ObjStrasseID="7798" ObjHausnummer="Plutohof 13" ObjVorlage="2013-09-11 00:00:00.0" ObKeinKontakt="1" ObjArtID="1"/>
  <Objekte ObjID="18909" ObjAufnahme="2013-07-18" ObjStrasseID="6188" ObjHausnummer="Darwinstraße 14" ObjVorlage="2013-09-11 00:00:00.0" ObKeinKontakt="1" ObjArtID="1"/>
  <Objekte ObjID="18910" ObjAufnahme="2013-07-18" ObjStrasseID="7480" ObjHausnummer="Marienstraße 73" ObjVorlage="2013-09-11 00:00:00.0" ObKeinKontakt="1" ObjArtID="1"/>
  <Objekte ObjID="18911" ObjAufnahme="2013-07-18" ObjStrasseID="6094" ObjHausnummer="Buchenhain 14" ObjVorlage="2013-09-11 00:00:00.0" ObKeinKontakt="1" ObjArtID="1"/>
  <Objekte ObjID="18912" ObjAufnahme="2013-07-18" ObjStrasseID="7855" ObjHausnummer="Redenstraße 12" ObjVorlage="2013-09-11 00:00:00.0" ObKeinKontakt="1" ObjArtID="1"/>
  <Objekte ObjID="18913" ObjAufnahme="2013-07-18" ObjStrasseID="6415" ObjHausnummer="Fiedelerstraße 39" ObjVorlage="2013-09-11 00:00:00.0" ObKeinKontakt="1" ObjArtID="1"/>
  <Objekte ObjID="18914" ObjAufnahme="2013-07-18" ObjStrasseID="6241" ObjHausnummer="Domagkweg 34" ObjVorlage="2013-09-11 00:00:00.0" ObKeinKontakt="1" ObjArtID="1"/>
  <Objekte ObjID="18915" ObjAufnahme="2013-07-18" ObjLetztKontakt="2013-08-19" ObjStrasseID="8398" ObjHausnummer="Torgarten 18" ObjVorlage="2013-09-11 00:00:00.0" ObKeinKontakt="2" ObjArtID="177"/>
  <Objekte ObjID="18916" ObjAufnahme="2013-07-18" ObjStrasseID="6599" ObjHausnummer="Gollstraße 73" ObjVorlage="2013-09-11 00:00:00.0" ObKeinKontakt="1" ObjArtID="1"/>
  <Objekte ObjID="18917" ObjAufnahme="2013-07-18" ObjStrasseID="5679" ObjHausnummer="Am Lindenhofe 28" ObjVorlage="2013-09-11 00:00:00.0" ObKeinKontakt="1" ObjArtID="1"/>
  <Objekte ObjID="18918" ObjAufnahme="2013-07-18" ObjStrasseID="12162" ObjHausnummer="Jakobskamp 6" ObjVorlage="2013-09-11 00:00:00.0" ObKeinKontakt="1" ObjArtID="1"/>
  <Objekte ObjID="18919" ObjAufnahme="2013-07-18" ObjStrasseID="8124" ObjHausnummer="Schützenallee 39" ObjVorlage="2013-09-11 00:00:00.0" ObKeinKontakt="1" ObjArtID="1"/>
  <Objekte ObjID="18920" ObjAufnahme="2013-07-18" ObjStrasseID="14737" ObjHausnummer="Landwehrstraße 67" ObjVorlage="2013-09-11 00:00:00.0" ObKeinKontakt="1" ObjArtID="1"/>
  <Objekte ObjID="18921" ObjAufnahme="2013-07-18" ObjStrasseID="6823" ObjHausnummer="Helenenstraße 2 A" ObjVorlage="2013-09-11 00:00:00.0" ObKeinKontakt="1" ObjArtID="1"/>
  <Objekte ObjID="18922" ObjAufnahme="2013-07-18" ObjLetztKontakt="2013-09-02" ObjStrasseID="7827" ObjHausnummer="Quedlinburger Weg 8" ObjVorlage="2013-09-11 00:00:00.0" ObKeinKontakt="2" ObjArtID="177"/>
  <Objekte ObjID="18923" ObjAufnahme="2013-07-18" ObjStrasseID="6724" ObjHausnummer="Hannoversche Straße 61" ObjVorlage="2013-09-11 00:00:00.0" ObKeinKontakt="1" ObjArtID="1"/>
  <Objekte ObjID="18924" ObjAufnahme="2013-07-18" ObjStrasseID="7492" ObjHausnummer="Maschstraße 30" ObjVorlage="2013-09-11 00:00:00.0" ObKeinKontakt="1" ObjArtID="1"/>
  <Objekte ObjID="18925" ObjAufnahme="2013-07-18" ObjStrasseID="6350" ObjHausnummer="Engelbosteler Damm 106" ObjVorlage="2013-09-11 00:00:00.0" ObKeinKontakt="1" ObjArtID="1"/>
  <Objekte ObjID="18926" ObjAufnahme="2013-07-18" ObjStrasseID="5882" ObjHausnummer="Baumgartenstraße 27" ObjVorlage="2013-09-11 00:00:00.0" ObKeinKontakt="1" ObjArtID="1"/>
  <Objekte ObjID="18927" ObjAufnahme="2013-07-18" ObjStrasseID="7934" ObjHausnummer="Roonstraße 19" ObjVorlage="2013-09-11 00:00:00.0" ObKeinKontakt="1" ObjArtID="1"/>
  <Objekte ObjID="18928" ObjAufnahme="2013-07-18" ObjStrasseID="6060" ObjHausnummer="Brandstraße 20" ObjVorlage="2013-09-11 00:00:00.0" ObKeinKontakt="1" ObjArtID="1"/>
  <Objekte ObjID="18929" ObjAufnahme="2013-08-08" ObjStrasseID="15717" ObjHausnummer="Johanneskamp 6" ObjVorlage="2013-09-11 00:00:00.0" ObKeinKontakt="1" ObjArtID="1"/>
  <Objekte ObjID="18930" ObjAufnahme="2013-08-08" ObjStrasseID="7796" ObjHausnummer="Plinkestraße 2" ObjVorlage="2013-09-11 00:00:00.0" ObKeinKontakt="1" ObjArtID="1"/>
  <Objekte ObjID="18931" ObjAufnahme="2013-08-08" ObjStrasseID="6350" ObjHausnummer="Engelbosteler Damm 49" ObjVorlage="2013-09-11 00:00:00.0" ObKeinKontakt="1" ObjArtID="1"/>
  <Objekte ObjID="18932" ObjAufnahme="2013-08-08" ObjStrasseID="7330" ObjHausnummer="Legienstraße 17" ObjVorlage="2013-09-11 00:00:00.0" ObKeinKontakt="1" ObjArtID="1"/>
  <Objekte ObjID="18933" ObjAufnahme="2013-08-08" ObjStrasseID="8435" ObjHausnummer="Uhlhornstraße 11" ObjVorlage="2013-09-11 00:00:00.0" ObKeinKontakt="1" ObjArtID="1"/>
  <Objekte ObjID="18934" ObjAufnahme="2013-08-08" ObjStrasseID="6875" ObjHausnummer="Hildesheimer Straße 341" ObjVorlage="2013-09-11 00:00:00.0" ObKeinKontakt="1" ObjArtID="1"/>
  <Objekte ObjID="18935" ObjAufnahme="2013-08-08" ObjStrasseID="5912" ObjHausnummer="Benzweg 22" ObjVorlage="2013-09-11 00:00:00.0" ObKeinKontakt="1" ObjArtID="1"/>
  <Objekte ObjID="18936" ObjAufnahme="2013-08-08" ObjStrasseID="6143" ObjHausnummer="Charlottenstraße 105" ObjVorlage="2013-09-11 00:00:00.0" ObKeinKontakt="1" ObjArtID="1"/>
  <Objekte ObjID="18937" ObjAufnahme="2013-08-08" ObjLetztKontakt="2013-08-21" ObjStrasseID="8916" ObjHausnummer="Am Schafbrinke 10" ObjVorlage="2013-09-11 00:00:00.0" ObKeinKontakt="2" ObjArtID="1"/>
  <Objekte ObjID="18938" ObjAufnahme="2013-08-08" ObjStrasseID="7711" ObjHausnummer="Otternplan 1" ObjVorlage="2013-09-11 00:00:00.0" ObKeinKontakt="1" ObjArtID="1"/>
  <Objekte ObjID="18939" ObjAufnahme="2013-08-08" ObjStrasseID="5578" ObjHausnummer="Alte Heide 37" ObjVorlage="2013-09-11 00:00:00.0" ObKeinKontakt="1" ObjArtID="1"/>
  <Objekte ObjID="18940" ObjAufnahme="2013-08-08" ObjStrasseID="8384" ObjHausnummer="Tillystraße 10" ObjVorlage="2013-09-11 00:00:00.0" ObKeinKontakt="7" ObjArtID="1"/>
  <Objekte ObjID="18941" ObjAufnahme="2013-08-08" ObjStrasseID="7705" ObjHausnummer="Osterwalder Wende 9" ObjVorlage="2013-09-11 00:00:00.0" ObKeinKontakt="1" ObjArtID="1"/>
  <Objekte ObjID="18942" ObjAufnahme="2013-08-08" ObjStrasseID="7360" ObjHausnummer="Lessingstraße 3" ObjVorlage="2013-09-11 00:00:00.0" ObKeinKontakt="1" ObjArtID="1"/>
  <Objekte ObjID="18943" ObjAufnahme="2013-08-08" ObjStrasseID="5679" ObjHausnummer="Am Lindenhofe 6" ObjVorlage="2013-09-11 00:00:00.0" ObKeinKontakt="1" ObjArtID="1"/>
  <Objekte ObjID="18944" ObjAufnahme="2013-08-08" ObjStrasseID="6693" ObjHausnummer="Haeckelstraße 10" ObjVorlage="2013-09-11 00:00:00.0" ObKeinKontakt="1" ObjArtID="1"/>
  <Objekte ObjID="18945" ObjAufnahme="2013-08-08" ObjStrasseID="8450" ObjHausnummer="Vahrenwalder Straße 10" ObjVorlage="2013-09-11 00:00:00.0" ObKeinKontakt="1" ObjArtID="1"/>
  <Objekte ObjID="18946" ObjAufnahme="2013-08-08" ObjLetztKontakt="2013-08-21" ObjStrasseID="6254" ObjHausnummer="Dorotheenstraße 22" ObjVorlage="2013-09-11 00:00:00.0" ObKeinKontakt="2" ObjArtID="177"/>
  <Objekte ObjID="18947" ObjAufnahme="2013-08-08" ObjStrasseID="8011" ObjHausnummer="Sackmannstraße 3" ObjVorlage="2013-09-11 00:00:00.0" ObKeinKontakt="1" ObjArtID="1"/>
  <Objekte ObjID="18948" ObjAufnahme="2013-08-08" ObjStrasseID="6861" ObjHausnummer="Herthastraße 6" ObjVorlage="2013-09-11 00:00:00.0" ObKeinKontakt="1" ObjArtID="1"/>
  <Objekte ObjID="18949" ObjAufnahme="2013-08-09" ObjStrasseID="15748" ObjHausnummer="Antoniewo-Le?niczówka" ObjVorlage="2013-09-11 00:00:00.0" ObKeinKontakt="5" ObjArtID="10"/>
  <Objekte ObjID="18950" ObjAufnahme="2013-08-10" ObjStrasseID="8450" ObjHausnummer="Vahrenwalder Straße 163" ObjVorlage="2013-09-11 00:00:00.0" ObKeinKontakt="1" ObjArtID="177"/>
  <Objekte ObjID="18951" ObjAufnahme="2013-08-10" ObjStrasseID="11461" ObjHausnummer="Kattenbrookstrift 11" ObjVorlage="2013-09-11 00:00:00.0" ObKeinKontakt="1" ObjArtID="1"/>
  <Objekte ObjID="18952" ObjAufnahme="2013-08-10" ObjStrasseID="7321" ObjHausnummer="Laurinweg 15" ObjVorlage="2013-09-11 00:00:00.0" ObKeinKontakt="1" ObjArtID="1"/>
  <Objekte ObjID="18953" ObjAufnahme="2013-08-10" ObjStrasseID="6700" ObjHausnummer="Hägewiesen 14" ObjVorlage="2013-09-11 00:00:00.0" ObKeinKontakt="1" ObjArtID="1"/>
  <Objekte ObjID="18954" ObjAufnahme="2013-08-10" ObjStrasseID="7704" ObjHausnummer="Osterstraße 49" ObjVorlage="2013-09-11 00:00:00.0" ObKeinKontakt="1" ObjArtID="1"/>
  <Objekte ObjID="18955" ObjAufnahme="2013-08-10" ObjStrasseID="6366" ObjHausnummer="Ermanweg 1" ObjVorlage="2013-09-11 00:00:00.0" ObKeinKontakt="1" ObjArtID="1"/>
  <Objekte ObjID="18956" ObjAufnahme="2013-08-10" ObjStrasseID="5991" ObjHausnummer="Blücherstraße 9" ObjVorlage="2013-09-11 00:00:00.0" ObKeinKontakt="1" ObjArtID="1"/>
  <Objekte ObjID="18957" ObjAufnahme="2013-08-10" ObjStrasseID="7734" ObjHausnummer="Parlweg 2" ObjVorlage="2013-09-11 00:00:00.0" ObKeinKontakt="1" ObjArtID="1"/>
  <Objekte ObjID="18958" ObjAufnahme="2013-08-10" ObjStrasseID="7501" ObjHausnummer="Max-Kuhlemann-Straße 16" ObjVorlage="2013-09-11 00:00:00.0" ObKeinKontakt="1" ObjArtID="1"/>
  <Objekte ObjID="18959" ObjAufnahme="2013-08-10" ObjStrasseID="7790" ObjHausnummer="Plathnerstraße 50" ObjVorlage="2013-09-11 00:00:00.0" ObKeinKontakt="1" ObjArtID="1"/>
  <Objekte ObjID="18960" ObjAufnahme="2013-08-10" ObjStrasseID="7794" ObjHausnummer="Plengestraße 4" ObjVorlage="2013-09-11 00:00:00.0" ObKeinKontakt="1" ObjArtID="1"/>
  <Objekte ObjID="18961" ObjAufnahme="2013-08-10" ObjStrasseID="6151" ObjHausnummer="Clausthaler Weg 16" ObjVorlage="2013-09-11 00:00:00.0" ObKeinKontakt="1" ObjArtID="1"/>
  <Objekte ObjID="18962" ObjAufnahme="2013-08-10" ObjStrasseID="7717" ObjHausnummer="Ottweilerstraße 9" ObjVorlage="2013-09-11 00:00:00.0" ObKeinKontakt="1" ObjArtID="1"/>
  <Objekte ObjID="18963" ObjAufnahme="2013-08-10" ObjStrasseID="7828" ObjHausnummer="Quellengrund 15" ObjVorlage="2013-09-11 00:00:00.0" ObKeinKontakt="1" ObjArtID="1"/>
  <Objekte ObjID="18964" ObjAufnahme="2013-08-10" ObjStrasseID="8420" ObjHausnummer="Türkstraße 17" ObjVorlage="2013-09-11 00:00:00.0" ObKeinKontakt="1" ObjArtID="1"/>
  <Objekte ObjID="18965" ObjAufnahme="2013-08-13" ObjStrasseID="13837" ObjHausnummer="Yvonne-Georgi-Allee 7" ObjVorlage="2013-09-11 00:00:00.0" ObKeinKontakt="1" ObjArtID="1" ObjInfo="gehört Wohnungsgenossenschaft"/>
  <Objekte ObjID="18966" ObjAufnahme="2013-08-13" ObjStrasseID="6563" ObjHausnummer="Geyerstraße 1" ObjVorlage="2013-09-11 00:00:00.0" ObKeinKontakt="1" ObjArtID="1"/>
  <Objekte ObjID="18967" ObjAufnahme="2013-08-13" ObjStrasseID="6458" ObjHausnummer="Freidingstraße 20" ObjVorlage="2013-09-11 00:00:00.0" ObKeinKontakt="1" ObjArtID="1"/>
  <Objekte ObjID="18968" ObjAufnahme="2013-08-14" ObjLetztKontakt="2013-08-21" ObjStrasseID="7656" ObjHausnummer="Northeimer Wende 15" ObjVorlage="2013-09-11 00:00:00.0" ObKeinKontakt="2" ObjArtID="1"/>
  <Objekte ObjID="18969" ObjAufnahme="2013-08-14" ObjStrasseID="6113" ObjHausnummer="Burgdorfer Damm 35" ObjVorlage="2013-09-11 00:00:00.0" ObKeinKontakt="1" ObjArtID="1"/>
  <Objekte ObjID="18970" ObjAufnahme="2013-08-14" ObjStrasseID="6157" ObjHausnummer="Constantinstraße 14" ObjVorlage="2013-09-11 00:00:00.0" ObKeinKontakt="1" ObjArtID="1"/>
  <Objekte ObjID="18971" ObjAufnahme="2013-08-14" ObjLetztKontakt="2013-09-02" ObjStrasseID="15550" ObjHausnummer="Aladinweg 5" ObjVorlage="2013-09-11 00:00:00.0" ObKeinKontakt="2" ObjArtID="177"/>
  <Objekte ObjID="18972" ObjAufnahme="2013-08-14" ObjLetztKontakt="2013-09-02" ObjStrasseID="7773" ObjHausnummer="Pfarrstraße 56" ObjVorlage="2013-09-11 00:00:00.0" ObKeinKontakt="2" ObjArtID="1"/>
  <Objekte ObjID="18973" ObjAufnahme="2013-08-14" ObjStrasseID="8062" ObjHausnummer="Schellingstraße 17" ObjVorlage="2013-09-11 00:00:00.0" ObKeinKontakt="1" ObjArtID="1"/>
  <Objekte ObjID="18974" ObjAufnahme="2013-08-14" ObjStrasseID="7201" ObjHausnummer="Kohnestraße 1" ObjVorlage="2013-09-11 00:00:00.0" ObKeinKontakt="2" ObjArtID="1"/>
  <Objekte ObjID="18975" ObjAufnahme="2013-08-14" ObjStrasseID="7537" ObjHausnummer="Metzhof 3" ObjVorlage="2013-09-11 00:00:00.0" ObKeinKontakt="1" ObjArtID="1"/>
  <Objekte ObjID="18976" ObjAufnahme="2013-08-14" ObjStrasseID="5576" ObjHausnummer="Alte Döhrener Straße 62" ObjVorlage="2013-09-11 00:00:00.0" ObKeinKontakt="1" ObjArtID="177"/>
  <Objekte ObjID="18977" ObjAufnahme="2013-08-14" ObjStrasseID="5771" ObjHausnummer="An der Oberen Marsch 3" ObjVorlage="2013-09-11 00:00:00.0" ObKeinKontakt="1" ObjArtID="1"/>
  <Objekte ObjID="18978" ObjAufnahme="2013-08-14" ObjStrasseID="5928" ObjHausnummer="Berliner Straße 9" ObjVorlage="2013-09-11 00:00:00.0" ObKeinKontakt="1" ObjArtID="1"/>
  <Objekte ObjID="18979" ObjAufnahme="2013-08-14" ObjStrasseID="7885" ObjHausnummer="Richard-Lattorf-Straße 20 A" ObjVorlage="2013-09-11 00:00:00.0" ObKeinKontakt="1" ObjArtID="1"/>
  <Objekte ObjID="18980" ObjAufnahme="2013-08-14" ObjStrasseID="8510" ObjHausnummer="Waldstraße 2" ObjVorlage="2013-09-11 00:00:00.0" ObKeinKontakt="2" ObjArtID="177"/>
  <Objekte ObjID="18981" ObjAufnahme="2013-08-14" ObjLetztKontakt="2013-08-26" ObjStrasseID="6254" ObjHausnummer="Dorotheenstraße 23" ObjVorlage="2013-09-02 00:00:00.0" ObKeinKontakt="3" ObjArtID="177" ObjInfo="evtl. Verkauf bei 140.000,--"/>
  <Objekte ObjID="18982" ObjAufnahme="2013-08-14" ObjStrasseID="6770" ObjHausnummer="Hebbelstraße 3" ObjVorlage="2013-09-11 00:00:00.0" ObKeinKontakt="1" ObjArtID="1"/>
  <Objekte ObjID="18983" ObjAufnahme="2013-08-15" ObjStrasseID="7408" ObjHausnummer="Lister Straße 34 B" ObjVorlage="2013-09-11 00:00:00.0" ObKeinKontakt="2" ObjArtID="11" ObjInfo="Garagenhof"/>
  <Objekte ObjID="18984" ObjAufnahme="2013-08-15" ObjStrasseID="7480" ObjHausnummer="Marienstraße 68" ObjVorlage="2013-09-11 00:00:00.0" ObKeinKontakt="1" ObjArtID="1"/>
  <Objekte ObjID="18985" ObjAufnahme="2013-08-15" ObjStrasseID="6148" ObjHausnummer="Cillienstraße 5" ObjVorlage="2013-09-11 00:00:00.0" ObKeinKontakt="1" ObjArtID="1"/>
  <Objekte ObjID="18986" ObjAufnahme="2013-08-15" ObjStrasseID="8696" ObjHausnummer="Wunstorfer Straße 52" ObjVorlage="2013-09-11 00:00:00.0" ObKeinKontakt="1" ObjArtID="1"/>
  <Objekte ObjID="18987" ObjAufnahme="2013-08-15" ObjStrasseID="11461" ObjHausnummer="Kattenbrookstrift 10" ObjVorlage="2013-09-11 00:00:00.0" ObKeinKontakt="1" ObjArtID="1"/>
  <Objekte ObjID="18988" ObjAufnahme="2013-08-15" ObjStrasseID="6256" ObjHausnummer="Dörpefeld 66" ObjVorlage="2013-09-11 00:00:00.0" ObKeinKontakt="1" ObjArtID="1"/>
  <Objekte ObjID="18989" ObjAufnahme="2013-08-15" ObjStrasseID="7637" ObjHausnummer="Nienburger Straße 8" ObjVorlage="2013-09-11 00:00:00.0" ObKeinKontakt="1" ObjArtID="1"/>
  <Objekte ObjID="18990" ObjAufnahme="2013-08-15" ObjStrasseID="7705" ObjHausnummer="Osterwalder Wende 31" ObjVorlage="2013-09-11 00:00:00.0" ObKeinKontakt="1" ObjArtID="1"/>
  <Objekte ObjID="18991" ObjAufnahme="2013-08-15" ObjStrasseID="7598" ObjHausnummer="Nachtbleek 8" ObjVorlage="2013-09-11 00:00:00.0" ObKeinKontakt="1" ObjArtID="1"/>
  <Objekte ObjID="18992" ObjAufnahme="2013-08-15" ObjStrasseID="7885" ObjHausnummer="Richard-Lattorf-Straße 20 B" ObjVorlage="2013-09-11 00:00:00.0" ObKeinKontakt="1" ObjArtID="1"/>
  <Objekte ObjID="18993" ObjAufnahme="2013-08-15" ObjStrasseID="6466" ObjHausnummer="Freudenthalstraße 58" ObjVorlage="2013-09-11 00:00:00.0" ObKeinKontakt="1" ObjArtID="1"/>
  <Objekte ObjID="18994" ObjAufnahme="2013-08-15" ObjStrasseID="7368" ObjHausnummer="Leuschnerstraße 52" ObjVorlage="2013-09-11 00:00:00.0" ObKeinKontakt="1" ObjArtID="1"/>
  <Objekte ObjID="18995" ObjAufnahme="2013-08-15" ObjStrasseID="7368" ObjHausnummer="Leuschnerstraße 60" ObjVorlage="2013-09-11 00:00:00.0" ObKeinKontakt="1" ObjArtID="1"/>
  <Objekte ObjID="18996" ObjAufnahme="2013-08-15" ObjStrasseID="7451" ObjHausnummer="Lüssenhopstraße 14" ObjVorlage="2013-09-11 00:00:00.0" ObKeinKontakt="1" ObjArtID="1"/>
  <Objekte ObjID="18997" ObjAufnahme="2013-08-15" ObjStrasseID="7451" ObjHausnummer="Lüssenhopstraße 12" ObjVorlage="2013-09-11 00:00:00.0" ObKeinKontakt="1" ObjArtID="1"/>
  <Objekte ObjID="18998" ObjAufnahme="2013-08-15" ObjStrasseID="7695" ObjHausnummer="Ossietzkyring 23" ObjVorlage="2013-09-11 00:00:00.0" ObKeinKontakt="1" ObjArtID="1"/>
  <Objekte ObjID="18999" ObjAufnahme="2013-08-15" ObjStrasseID="7368" ObjHausnummer="Leuschnerstraße 58" ObjVorlage="2013-09-11 00:00:00.0" ObKeinKontakt="1" ObjArtID="1"/>
  <Objekte ObjID="19000" ObjAufnahme="2013-08-15" ObjStrasseID="7368" ObjHausnummer="Leuschnerstraße 46" ObjVorlage="2013-09-11 00:00:00.0" ObKeinKontakt="1" ObjArtID="1"/>
  <Objekte ObjID="19001" ObjAufnahme="2013-08-15" ObjStrasseID="7368" ObjHausnummer="Leuschnerstraße 44" ObjVorlage="2013-09-11 00:00:00.0" ObKeinKontakt="1" ObjArtID="1"/>
  <Objekte ObjID="19002" ObjAufnahme="2013-08-15" ObjStrasseID="7368" ObjHausnummer="Leuschnerstraße 42" ObjVorlage="2013-09-11 00:00:00.0" ObKeinKontakt="1" ObjArtID="1"/>
  <Objekte ObjID="19003" ObjAufnahme="2013-08-15" ObjStrasseID="6591" ObjHausnummer="Goetheplatz 9" ObjVorlage="2013-09-11 00:00:00.0" ObKeinKontakt="1" ObjArtID="1"/>
  <Objekte ObjID="19004" ObjAufnahme="2013-08-19" ObjStrasseID="7520" ObjHausnummer="Mengendamm 14 B" ObjVorlage="2013-09-11 00:00:00.0" ObKeinKontakt="1" ObjArtID="1"/>
  <Objekte ObjID="19005" ObjAufnahme="2013-08-19" ObjStrasseID="8255" ObjHausnummer="Stammestraße 65" ObjVorlage="2013-09-11 00:00:00.0" ObKeinKontakt="1" ObjArtID="1"/>
  <Objekte ObjID="19006" ObjAufnahme="2013-08-19" ObjStrasseID="5814" ObjHausnummer="Arndtstraße 14" ObjVorlage="2013-09-11 00:00:00.0" ObKeinKontakt="1" ObjArtID="1"/>
  <Objekte ObjID="19007" ObjAufnahme="2013-08-19" ObjStrasseID="6700" ObjHausnummer="Hägewiesen 10" ObjVorlage="2013-09-11 00:00:00.0" ObKeinKontakt="1" ObjArtID="1"/>
  <Objekte ObjID="19008" ObjAufnahme="2013-08-19" ObjStrasseID="8527" ObjHausnummer="Wasserkampstraße 8" ObjVorlage="2013-09-11 00:00:00.0" ObKeinKontakt="1" ObjArtID="1"/>
  <Objekte ObjID="19009" ObjAufnahme="2013-08-19" ObjStrasseID="8207" ObjHausnummer="Sollingstraße 22" ObjVorlage="2013-09-11 00:00:00.0" ObKeinKontakt="1" ObjArtID="1"/>
  <Objekte ObjID="19010" ObjAufnahme="2013-08-19" ObjStrasseID="7505" ObjHausnummer="Mecklenheidestraße 79" ObjVorlage="2013-09-11 00:00:00.0" ObKeinKontakt="1" ObjArtID="1"/>
  <Objekte ObjID="19011" ObjAufnahme="2013-08-19" ObjStrasseID="7882" ObjHausnummer="Rhönweg 9" ObjVorlage="2013-09-11 00:00:00.0" ObKeinKontakt="1" ObjArtID="1"/>
  <Objekte ObjID="19012" ObjAufnahme="2013-08-19" ObjStrasseID="8266" ObjHausnummer="Steigerwaldweg 3" ObjVorlage="2013-09-11 00:00:00.0" ObKeinKontakt="1" ObjArtID="1"/>
  <Objekte ObjID="19013" ObjAufnahme="2013-08-19" ObjStrasseID="6357" ObjHausnummer="Erderstraße 36" ObjVorlage="2013-09-11 00:00:00.0" ObKeinKontakt="1" ObjArtID="1"/>
  <Objekte ObjID="19014" ObjAufnahme="2013-08-19" ObjStrasseID="14256" ObjHausnummer="Klewergarten 3" ObjVorlage="2013-09-11 00:00:00.0" ObKeinKontakt="1" ObjArtID="1"/>
  <Objekte ObjID="19015" ObjAufnahme="2013-08-19" ObjStrasseID="7437" ObjHausnummer="Ludwig-Gleue-Weg 10" ObjVorlage="2013-09-11 00:00:00.0" ObKeinKontakt="1" ObjArtID="1"/>
  <Objekte ObjID="19016" ObjAufnahme="2013-08-19" ObjStrasseID="7660" ObjHausnummer="Obentrautstraße 56" ObjVorlage="2013-09-11 00:00:00.0" ObKeinKontakt="1" ObjArtID="1"/>
  <Objekte ObjID="19017" ObjAufnahme="2013-08-19" ObjStrasseID="6732" ObjHausnummer="Hans-Paulmann-Straße 10" ObjVorlage="2013-09-11 00:00:00.0" ObKeinKontakt="1" ObjArtID="1"/>
  <Objekte ObjID="19018" ObjAufnahme="2013-08-19" ObjStrasseID="6439" ObjHausnummer="Forssmannweg 19" ObjVorlage="2013-09-11 00:00:00.0" ObKeinKontakt="1" ObjArtID="1"/>
  <Objekte ObjID="19019" ObjAufnahme="2013-08-19" ObjStrasseID="12162" ObjHausnummer="Jakobskamp 4" ObjVorlage="2013-09-11 00:00:00.0" ObKeinKontakt="1" ObjArtID="1"/>
  <Objekte ObjID="19020" ObjAufnahme="2013-08-19" ObjStrasseID="5958" ObjHausnummer="Birkenstraße 23" ObjVorlage="2013-09-11 00:00:00.0" ObKeinKontakt="1" ObjArtID="1"/>
  <Objekte ObjID="19021" ObjAufnahme="2013-08-19" ObjStrasseID="7064" ObjHausnummer="Jörnshof 5" ObjVorlage="2013-09-11 00:00:00.0" ObKeinKontakt="1" ObjArtID="1"/>
  <Objekte ObjID="19022" ObjAufnahme="2013-08-19" ObjStrasseID="7321" ObjHausnummer="Laurinweg 13" ObjVorlage="2013-09-11 00:00:00.0" ObKeinKontakt="1" ObjArtID="1"/>
  <Objekte ObjID="19023" ObjAufnahme="2013-08-19" ObjStrasseID="8266" ObjHausnummer="Steigerwaldweg 2" ObjVorlage="2013-09-11 00:00:00.0" ObKeinKontakt="1" ObjArtID="1"/>
  <Objekte ObjID="19024" ObjAufnahme="2013-08-19" ObjStrasseID="7321" ObjHausnummer="Laurinweg 9" ObjVorlage="2013-09-11 00:00:00.0" ObKeinKontakt="1" ObjArtID="1"/>
  <Objekte ObjID="19025" ObjAufnahme="2013-08-19" ObjStrasseID="6700" ObjHausnummer="Hägewiesen 16" ObjVorlage="2013-09-11 00:00:00.0" ObKeinKontakt="1" ObjArtID="1"/>
  <Objekte ObjID="19026" ObjAufnahme="2013-08-19" ObjStrasseID="6194" ObjHausnummer="Davenstedter Straße 64" ObjVorlage="2013-09-11 00:00:00.0" ObKeinKontakt="2" ObjArtID="177"/>
  <Objekte ObjID="19027" ObjAufnahme="2013-08-19" ObjStrasseID="6310" ObjHausnummer="Eichenplan 12" ObjVorlage="2013-09-11 00:00:00.0" ObKeinKontakt="1" ObjArtID="1"/>
  <Objekte ObjID="19028" ObjAufnahme="2013-08-19" ObjStrasseID="8643" ObjHausnummer="Willführstraße 11" ObjVorlage="2013-09-11 00:00:00.0" ObKeinKontakt="1" ObjArtID="1"/>
  <Objekte ObjID="19029" ObjAufnahme="2013-08-19" ObjStrasseID="8520" ObjHausnummer="Warmbüchenstraße 10" ObjVorlage="2013-09-11 00:00:00.0" ObKeinKontakt="1" ObjArtID="1"/>
  <Objekte ObjID="19030" ObjAufnahme="2013-08-19" ObjStrasseID="8139" ObjHausnummer="Schwarzwaldstraße 29" ObjVorlage="2013-09-11 00:00:00.0" ObKeinKontakt="1" ObjArtID="1"/>
  <Objekte ObjID="19031" ObjAufnahme="2013-08-21" ObjStrasseID="6119" ObjHausnummer="Burgundische Straße 3" ObjVorlage="2013-09-11 00:00:00.0" ObKeinKontakt="1" ObjArtID="1"/>
  <Objekte ObjID="19032" ObjAufnahme="2013-08-21" ObjLetztKontakt="2013-08-26" ObjStrasseID="7609" ObjHausnummer="Negenstraße 33" ObjVorlage="2013-09-11 00:00:00.0" ObKeinKontakt="2" ObjArtID="1"/>
  <Objekte ObjID="19033" ObjAufnahme="2013-08-21" ObjStrasseID="6826" ObjHausnummer="Helmkestraße 17" ObjVorlage="2013-09-11 00:00:00.0" ObKeinKontakt="1" ObjArtID="1"/>
  <Objekte ObjID="19034" ObjAufnahme="2013-08-21" ObjStrasseID="8585" ObjHausnummer="Werftstraße 4" ObjVorlage="2013-09-11 00:00:00.0" ObKeinKontakt="1" ObjArtID="1"/>
  <Objekte ObjID="19035" ObjAufnahme="2013-08-21" ObjStrasseID="6211" ObjHausnummer="Deveser Straße 10" ObjVorlage="2013-09-11 00:00:00.0" ObKeinKontakt="1" ObjArtID="1"/>
  <Objekte ObjID="19036" ObjAufnahme="2013-08-21" ObjStrasseID="7251" ObjHausnummer="Kreipeweg 5" ObjVorlage="2013-09-11 00:00:00.0" ObKeinKontakt="1" ObjArtID="1"/>
  <Objekte ObjID="19037" ObjAufnahme="2013-08-21" ObjStrasseID="6753" ObjHausnummer="Harzburger Platz 4" ObjVorlage="2013-09-11 00:00:00.0" ObKeinKontakt="1" ObjArtID="1"/>
  <Objekte ObjID="19038" ObjAufnahme="2013-08-21" ObjStrasseID="6824" ObjHausnummer="Helgoländer Straße 11" ObjVorlage="2013-09-11 00:00:00.0" ObKeinKontakt="1" ObjArtID="1"/>
  <Objekte ObjID="19039" ObjAufnahme="2013-08-21" ObjStrasseID="7094" ObjHausnummer="Kapellenstraße 2" ObjVorlage="2013-09-11 00:00:00.0" ObKeinKontakt="1" ObjArtID="1"/>
  <Objekte ObjID="19040" ObjAufnahme="2013-08-21" ObjStrasseID="8170" ObjHausnummer="Senior-Blumenberg-Gang 2" ObjVorlage="2013-09-11 00:00:00.0" ObKeinKontakt="1" ObjArtID="1"/>
  <Objekte ObjID="19041" ObjAufnahme="2013-08-21" ObjStrasseID="6022" ObjHausnummer="Bonhoefferstraße 1" ObjVorlage="2013-09-11 00:00:00.0" ObKeinKontakt="1" ObjArtID="1"/>
  <Objekte ObjID="19042" ObjAufnahme="2013-08-21" ObjStrasseID="8248" ObjHausnummer="Staakenweg 73" ObjVorlage="2013-09-11 00:00:00.0" ObKeinKontakt="1" ObjArtID="1"/>
  <Objekte ObjID="19043" ObjAufnahme="2013-08-22" ObjStrasseID="6336" ObjHausnummer="Elmstraße 3" ObjVorlage="2013-09-11 00:00:00.0" ObKeinKontakt="1" ObjArtID="1"/>
  <Objekte ObjID="19044" ObjAufnahme="2013-08-22" ObjLetztKontakt="2013-08-26" ObjStrasseID="5708" ObjHausnummer="Am Soltekampe 67" ObjVorlage="2013-09-11 00:00:00.0" ObKeinKontakt="2" ObjArtID="177"/>
  <Objekte ObjID="19045" ObjAufnahme="2013-08-22" ObjStrasseID="8204" ObjHausnummer="Sohnreystraße 15" ObjVorlage="2013-09-11 00:00:00.0" ObKeinKontakt="1" ObjArtID="1"/>
  <Objekte ObjID="19046" ObjAufnahme="2013-08-22" ObjStrasseID="7094" ObjHausnummer="Kapellenstraße 15" ObjVorlage="2013-09-11 00:00:00.0" ObKeinKontakt="1" ObjArtID="1"/>
  <Objekte ObjID="19047" ObjAufnahme="2013-08-22" ObjStrasseID="5639" ObjHausnummer="Am Gutspark 58" ObjVorlage="2013-09-11 00:00:00.0" ObKeinKontakt="1" ObjArtID="1"/>
  <Objekte ObjID="19048" ObjAufnahme="2013-08-22" ObjLetztKontakt="2013-08-28" ObjStrasseID="7330" ObjHausnummer="Legienstraße 2" ObjVorlage="2013-09-11 00:00:00.0" ObKeinKontakt="2" ObjArtID="1"/>
  <Objekte ObjID="19049" ObjAufnahme="2013-08-22" ObjStrasseID="7488" ObjHausnummer="Marthastraße 19" ObjVorlage="2013-09-11 00:00:00.0" ObKeinKontakt="1" ObjArtID="1"/>
  <Objekte ObjID="19050" ObjAufnahme="2013-08-22" ObjStrasseID="8450" ObjHausnummer="Vahrenwalder Straße 53" ObjVorlage="2013-09-11 00:00:00.0" ObKeinKontakt="1" ObjArtID="1"/>
  <Objekte ObjID="19051" ObjAufnahme="2013-08-22" ObjStrasseID="7482" ObjHausnummer="Markgrafstraße 5" ObjVorlage="2013-09-11 00:00:00.0" ObKeinKontakt="1" ObjArtID="1"/>
  <Objekte ObjID="19052" ObjAufnahme="2013-08-22" ObjStrasseID="8176" ObjHausnummer="Shepton-Mallet-Ring 7" ObjVorlage="2013-09-11 00:00:00.0" ObKeinKontakt="1" ObjArtID="1"/>
  <Objekte ObjID="19053" ObjAufnahme="2013-08-22" ObjLetztKontakt="2013-08-21" ObjStrasseID="6296" ObjHausnummer="Edwin-Oppler-Weg 3" ObjVorlage="2013-09-11 00:00:00.0" ObKeinKontakt="2" ObjArtID="1"/>
  <Objekte ObjID="19054" ObjAufnahme="2013-08-23" ObjStrasseID="6211" ObjHausnummer="Deveser Straße 15" ObjVorlage="2013-09-11 00:00:00.0" ObKeinKontakt="1" ObjArtID="1"/>
  <Objekte ObjID="19055" ObjAufnahme="2013-08-23" ObjStrasseID="7565" ObjHausnummer="Mönckebergallee 7" ObjVorlage="2013-09-11 00:00:00.0" ObKeinKontakt="1" ObjArtID="1"/>
  <Objekte ObjID="19056" ObjAufnahme="2013-08-23" ObjStrasseID="7569" ObjHausnummer="Moorkamp 9" ObjVorlage="2013-09-11 00:00:00.0" ObKeinKontakt="1" ObjArtID="1"/>
  <Objekte ObjID="19057" ObjAufnahme="2013-08-23" ObjStrasseID="6118" ObjHausnummer="Burgstraße 17" ObjVorlage="2013-09-11 00:00:00.0" ObKeinKontakt="1" ObjArtID="1"/>
  <Objekte ObjID="19058" ObjAufnahme="2013-08-23" ObjStrasseID="7201" ObjHausnummer="Kohnestraße 5" ObjVorlage="2013-09-11 00:00:00.0" ObKeinKontakt="1" ObjArtID="1"/>
  <Objekte ObjID="19059" ObjAufnahme="2013-08-23" ObjStrasseID="6359" ObjHausnummer="Erich-Klabunde-Hof 2 A" ObjVorlage="2013-09-11 00:00:00.0" ObKeinKontakt="1" ObjArtID="1"/>
  <Objekte ObjID="19060" ObjAufnahme="2013-08-23" ObjStrasseID="6675" ObjHausnummer="Günther-Wagner-Allee 1-7" ObjVorlage="2013-09-11 00:00:00.0" ObKeinKontakt="1" ObjArtID="1"/>
  <Objekte ObjID="19061" ObjAufnahme="2013-08-23" ObjStrasseID="8279" ObjHausnummer="Steintorstraße 3-7" ObjVorlage="2013-09-11 00:00:00.0" ObKeinKontakt="1" ObjArtID="1"/>
  <Objekte ObjID="19062" ObjAufnahme="2013-08-28" ObjStrasseID="8544" ObjHausnummer="Wegsfeld 42" ObjVorlage="2013-09-11 00:00:00.0" ObKeinKontakt="6" ObjArtID="177"/>
  <Objekte ObjID="19063" ObjAufnahme="2013-09-01" ObjStrasseID="7414" ObjHausnummer="Lohgrund 2" ObjVorlage="2013-09-11 00:00:00.0" ObKeinKontakt="6" ObjArtID="177"/>
  <Objekte ObjID="19064" ObjAufnahme="2013-09-01" ObjStrasseID="7107" ObjHausnummer="Karl-Kraut-Straße 9" ObjVorlage="2013-09-11 00:00:00.0" ObKeinKontakt="1" ObjArtID="177"/>
  <Objekte ObjID="19065" ObjAufnahme="2013-09-01" ObjStrasseID="13112" ObjHausnummer="Willi-Blume-Allee 34" ObjVorlage="2013-09-11 00:00:00.0" ObKeinKontakt="1" ObjArtID="177"/>
  <Objekte ObjID="19066" ObjAufnahme="2013-09-02" ObjStrasseID="8056" ObjHausnummer="Schaumburgstraße 20 A" ObjVorlage="2013-09-11 00:00:00.0" ObKeinKontakt="1" ObjArtID="177"/>
  <Objekte ObjID="19067" ObjAufnahme="2013-09-02" ObjStrasseID="7061" ObjHausnummer="Jöhrensstraße 9" ObjVorlage="2013-09-11 00:00:00.0" ObKeinKontakt="1" ObjArtID="177"/>
  <Objekte ObjID="19068" ObjAufnahme="2013-09-02" ObjStrasseID="7061" ObjHausnummer="Jöhrensstraße 11" ObjVorlage="2013-09-11 00:00:00.0" ObKeinKontakt="1" ObjArtID="1"/>
  <Objekte ObjID="19069" ObjAufnahme="2013-09-02" ObjStrasseID="8381" ObjHausnummer="Tiestestraße 34" ObjVorlage="2013-09-11 00:00:00.0" ObKeinKontakt="1" ObjArtID="177"/>
  <Objekte ObjID="19070" ObjAufnahme="2013-09-02" ObjStrasseID="7267" ObjHausnummer="Krugstraße 9 C" ObjVorlage="2013-09-11 00:00:00.0" ObKeinKontakt="1" ObjArtID="1"/>
  <Objekte ObjID="19071" ObjAufnahme="2013-09-02" ObjStrasseID="7267" ObjHausnummer="Krugstraße" ObjVorlage="2013-09-11 00:00:00.0" ObKeinKontakt="1" ObjArtID="177"/>
  <Objekte ObjID="19072" ObjAufnahme="2013-09-02" ObjStrasseID="8015" ObjHausnummer="Sahlkamp 25" ObjVorlage="2013-09-11 00:00:00.0" ObKeinKontakt="1" ObjArtID="177"/>
  <Objekte ObjID="19073" ObjAufnahme="2013-09-02" ObjStrasseID="12475" ObjHausnummer="Funkenkamp 2" ObjVorlage="2013-09-11 00:00:00.0" ObKeinKontakt="1" ObjArtID="177"/>
  <Objekte ObjID="19074" ObjAufnahme="2013-09-02" ObjStrasseID="5903" ObjHausnummer="Bemeroder Straße 71 C" ObjVorlage="2013-09-11 00:00:00.0" ObKeinKontakt="1" ObjArtID="177"/>
  <Objekte ObjID="19075" ObjAufnahme="2013-09-02" ObjStrasseID="11696" ObjHausnummer="Adolfinenstraße 5" ObjVorlage="2013-09-11 00:00:00.0" ObKeinKontakt="1" ObjArtID="177"/>
  <Objekte ObjID="19076" ObjAufnahme="2013-09-02" ObjStrasseID="10933" ObjHausnummer="Papenkamp 9" ObjVorlage="2013-09-11 00:00:00.0" ObKeinKontakt="1" ObjArtID="177"/>
  <Objekte ObjID="19077" ObjAufnahme="2013-09-02" ObjStrasseID="8690" ObjHausnummer="Wülferoder Straße 20" ObjVorlage="2013-09-11 00:00:00.0" ObKeinKontakt="1" ObjArtID="177"/>
  <Objekte ObjID="19078" ObjAufnahme="2013-09-02" ObjStrasseID="11428" ObjHausnummer="Weinkampswende 14" ObjVorlage="2013-09-11 00:00:00.0" ObKeinKontakt="1" ObjArtID="1"/>
  <Objekte ObjID="19079" ObjAufnahme="2013-09-02" ObjStrasseID="11428" ObjHausnummer="Weinkampswende 16" ObjVorlage="2013-09-11 00:00:00.0" ObKeinKontakt="1" ObjArtID="177"/>
  <Objekte ObjID="19080" ObjAufnahme="2013-09-02" ObjStrasseID="5865" ObjHausnummer="Baldeniusstraße 35" ObjVorlage="2013-09-11 00:00:00.0" ObKeinKontakt="1" ObjArtID="177"/>
  <Objekte ObjID="19081" ObjAufnahme="2013-09-02" ObjStrasseID="11428" ObjHausnummer="Weinkampswende 12" ObjVorlage="2013-09-11 00:00:00.0" ObKeinKontakt="1" ObjArtID="177"/>
  <Objekte ObjID="19082" ObjAufnahme="2013-09-02" ObjStrasseID="7667" ObjHausnummer="Oderstraße 3" ObjVorlage="2013-09-11 00:00:00.0" ObKeinKontakt="1" ObjArtID="177"/>
  <Objekte ObjID="19083" ObjAufnahme="2013-09-02" ObjStrasseID="8050" ObjHausnummer="Schäferweg 2" ObjVorlage="2013-09-11 00:00:00.0" ObKeinKontakt="1" ObjArtID="177"/>
  <Objekte ObjID="19084" ObjAufnahme="2013-09-02" ObjStrasseID="8336" ObjHausnummer="Sutelstraße 12 A" ObjVorlage="2013-09-11 00:00:00.0" ObKeinKontakt="1" ObjArtID="1"/>
  <Objekte ObjID="19085" ObjAufnahme="2013-09-02" ObjStrasseID="7377" ObjHausnummer="Liebrechtstraße" ObjVorlage="2013-09-11 00:00:00.0" ObKeinKontakt="1" ObjArtID="177"/>
  <Objekte ObjID="19086" ObjAufnahme="2013-09-02" ObjStrasseID="12424" ObjHausnummer="Conrad-Bube-Weg 19" ObjVorlage="2013-09-11 00:00:00.0" ObKeinKontakt="1" ObjArtID="177"/>
  <Objekte ObjID="19087" ObjAufnahme="2013-09-02" ObjStrasseID="5903" ObjHausnummer="Bemeroder Straße 71 A" ObjVorlage="2013-09-11 00:00:00.0" ObKeinKontakt="1" ObjArtID="177"/>
  <Objekte ObjID="19088" ObjAufnahme="2013-09-02" ObjStrasseID="5903" ObjHausnummer="Bemeroder Straße 71 B" ObjVorlage="2013-09-11 00:00:00.0" ObKeinKontakt="1" ObjArtID="177"/>
  <Objekte ObjID="19089" ObjAufnahme="2013-09-02" ObjStrasseID="7231" ObjHausnummer="Körnerstraße 25" ObjVorlage="2013-09-11 00:00:00.0" ObKeinKontakt="1" ObjArtID="1"/>
  <Objekte ObjID="19090" ObjAufnahme="2013-09-02" ObjStrasseID="7231" ObjHausnummer="Körnerstraße 24" ObjVorlage="2013-09-11 00:00:00.0" ObKeinKontakt="1" ObjArtID="177"/>
  <Objekte ObjID="19091" ObjAufnahme="2013-09-02" ObjStrasseID="3942" ObjHausnummer="Kampstraße 2 A" ObjVorlage="2013-09-11 00:00:00.0" ObKeinKontakt="1" ObjArtID="177"/>
  <Objekte ObjID="19092" ObjAufnahme="2013-09-02" ObjStrasseID="8077" ObjHausnummer="Schlegelstraße 11" ObjVorlage="2013-09-11 00:00:00.0" ObKeinKontakt="1" ObjArtID="177"/>
  <Objekte ObjID="19093" ObjAufnahme="2013-09-02" ObjStrasseID="10933" ObjHausnummer="Papenkamp 29" ObjVorlage="2013-09-11 00:00:00.0" ObKeinKontakt="1" ObjArtID="177"/>
  <Objekte ObjID="19094" ObjAufnahme="2013-09-02" ObjStrasseID="12475" ObjHausnummer="Funkenkamp 4" ObjVorlage="2013-09-11 00:00:00.0" ObKeinKontakt="1" ObjArtID="177"/>
  <Objekte ObjID="19095" ObjAufnahme="2013-09-02" ObjStrasseID="435" ObjHausnummer="Borkumer Straße 22" ObjVorlage="2013-09-11 00:00:00.0" ObKeinKontakt="1" ObjArtID="177"/>
  <Objekte ObjID="19096" ObjAufnahme="2013-09-02" ObjStrasseID="5921" ObjHausnummer="Bergstraße 1 A" ObjVorlage="2013-09-11 00:00:00.0" ObKeinKontakt="1" ObjArtID="177"/>
  <Objekte ObjID="19097" ObjAufnahme="2013-09-02" ObjLetztKontakt="2013-10-28" ObjStrasseID="8065" ObjHausnummer="Schierholzstraße 28" ObjVorlage="2013-09-11 00:00:00.0" ObKeinKontakt="1" ObjArtID="177" ObjInfo="verkauft"/>
  <Objekte ObjID="19098" ObjAufnahme="2013-09-02" ObjStrasseID="7819" ObjHausnummer="Prüßentrift 62" ObjVorlage="2013-09-11 00:00:00.0" ObKeinKontakt="1" ObjArtID="177"/>
  <Objekte ObjID="19099" ObjAufnahme="2013-09-02" ObjStrasseID="6525" ObjHausnummer="Gärtnerweg 9" ObjVorlage="2013-09-11 00:00:00.0" ObKeinKontakt="1" ObjArtID="1"/>
  <Objekte ObjID="19100" ObjAufnahme="2013-09-02" ObjStrasseID="12475" ObjHausnummer="Funkenkamp 8" ObjVorlage="2013-09-11 00:00:00.0" ObKeinKontakt="1" ObjArtID="177"/>
  <Objekte ObjID="19101" ObjAufnahme="2013-09-02" ObjStrasseID="7087" ObjHausnummer="Kanalstraße 2" ObjVorlage="2013-09-11 00:00:00.0" ObKeinKontakt="1" ObjArtID="1"/>
  <Objekte ObjID="19102" ObjAufnahme="2013-09-02" ObjStrasseID="13112" ObjHausnummer="Willi-Blume-Allee 32" ObjVorlage="2013-09-11 00:00:00.0" ObKeinKontakt="1" ObjArtID="177"/>
  <Objekte ObjID="19103" ObjAufnahme="2013-09-03" ObjStrasseID="8394" ObjHausnummer="Tollenbrink 14" ObjVorlage="2013-09-11 00:00:00.0" ObKeinKontakt="1" ObjArtID="177"/>
  <Objekte ObjID="19104" ObjAufnahme="2013-09-03" ObjStrasseID="7717" ObjHausnummer="Ottweilerstraße 5" ObjVorlage="2013-09-11 00:00:00.0" ObKeinKontakt="1" ObjArtID="177"/>
  <Objekte ObjID="19105" ObjAufnahme="2013-09-03" ObjStrasseID="7027" ObjHausnummer="In der Rehre 33" ObjVorlage="2013-09-11 00:00:00.0" ObKeinKontakt="1" ObjArtID="177"/>
  <Objekte ObjID="19106" ObjAufnahme="2013-09-03" ObjStrasseID="6204" ObjHausnummer="Deisterstraße 87" ObjVorlage="2013-09-11 00:00:00.0" ObKeinKontakt="1" ObjArtID="177" ObjInfo="behauptet ihm gehört das ganze Haus"/>
  <Objekte ObjID="19107" ObjAufnahme="2013-09-03" ObjStrasseID="7009" ObjHausnummer="Im Wölpfelde 5" ObjVorlage="2013-09-11 00:00:00.0" ObKeinKontakt="1" ObjArtID="177"/>
  <Objekte ObjID="19108" ObjAufnahme="2013-09-03" ObjStrasseID="5771" ObjHausnummer="An der Oberen Marsch 6" ObjVorlage="2013-09-11 00:00:00.0" ObKeinKontakt="1" ObjArtID="177"/>
  <Objekte ObjID="19109" ObjAufnahme="2013-09-03" ObjStrasseID="6022" ObjHausnummer="Bonhoefferstraße 3" ObjVorlage="2013-09-11 00:00:00.0" ObKeinKontakt="1" ObjArtID="177"/>
  <Objekte ObjID="19110" ObjAufnahme="2013-09-03" ObjStrasseID="7665" ObjHausnummer="Odenwaldstraße 3" ObjVorlage="2013-09-11 00:00:00.0" ObKeinKontakt="1" ObjArtID="177"/>
  <Objekte ObjID="19111" ObjAufnahme="2013-09-03" ObjStrasseID="6186" ObjHausnummer="Dannenbergstraße 9" ObjVorlage="2013-09-11 00:00:00.0" ObKeinKontakt="1" ObjArtID="177"/>
  <Objekte ObjID="19112" ObjAufnahme="2013-09-03" ObjStrasseID="8430" ObjHausnummer="Uhlandstraße 5" ObjVorlage="2013-09-11 00:00:00.0" ObKeinKontakt="1" ObjArtID="177"/>
  <Objekte ObjID="19113" ObjAufnahme="2013-09-03" ObjStrasseID="7717" ObjHausnummer="Ottweilerstraße 7" ObjVorlage="2013-09-11 00:00:00.0" ObKeinKontakt="1" ObjArtID="177"/>
  <Objekte ObjID="19114" ObjAufnahme="2013-09-03" ObjStrasseID="7898" ObjHausnummer="Riethorst 15" ObjVorlage="2013-09-11 00:00:00.0" ObKeinKontakt="1" ObjArtID="1"/>
  <Objekte ObjID="19115" ObjAufnahme="2013-09-03" ObjStrasseID="6732" ObjHausnummer="Hans-Paulmann-Straße 1" ObjVorlage="2013-09-11 00:00:00.0" ObKeinKontakt="1" ObjArtID="177"/>
  <Objekte ObjID="19116" ObjAufnahme="2013-09-03" ObjLetztKontakt="2013-10-28" ObjStrasseID="7343" ObjHausnummer="Leipziger Straße 89" ObjVorlage="2013-09-11 00:00:00.0" ObKeinKontakt="1" ObjArtID="177" ObjInfo="Wohnung schon verkauft"/>
  <Objekte ObjID="19117" ObjAufnahme="2013-09-03" ObjStrasseID="6268" ObjHausnummer="Droehnenstraße 27" ObjVorlage="2013-09-11 00:00:00.0" ObKeinKontakt="1" ObjArtID="177"/>
  <Objekte ObjID="19118" ObjAufnahme="2013-09-03" ObjStrasseID="8577" ObjHausnummer="Wellingtonweg 6" ObjVorlage="2013-09-11 00:00:00.0" ObKeinKontakt="1" ObjArtID="177"/>
  <Objekte ObjID="19119" ObjAufnahme="2013-09-03" ObjStrasseID="7394" ObjHausnummer="Lindenplan 10" ObjVorlage="2013-09-11 00:00:00.0" ObKeinKontakt="1" ObjArtID="177"/>
  <Objekte ObjID="19120" ObjAufnahme="2013-09-03" ObjStrasseID="8664" ObjHausnummer="Wittekamp 15" ObjVorlage="2013-09-11 00:00:00.0" ObKeinKontakt="1" ObjArtID="177"/>
  <Objekte ObjID="19121" ObjAufnahme="2013-09-04" ObjStrasseID="5837" ObjHausnummer="Auf dem Loh 14" ObjVorlage="2013-09-11 00:00:00.0" ObKeinKontakt="1" ObjArtID="1"/>
  <Objekte ObjID="19122" ObjAufnahme="2013-09-04" ObjStrasseID="7682" ObjHausnummer="Oisseler Straße 38" ObjVorlage="2013-09-11 00:00:00.0" ObKeinKontakt="1" ObjArtID="1"/>
  <Objekte ObjID="19123" ObjAufnahme="2013-09-04" ObjStrasseID="5771" ObjHausnummer="An der Oberen Marsch 5" ObjVorlage="2013-09-11 00:00:00.0" ObKeinKontakt="1" ObjArtID="1"/>
  <Objekte ObjID="19124" ObjAufnahme="2013-09-04" ObjStrasseID="6617" ObjHausnummer="Grahnstraße 16" ObjVorlage="2013-09-11 00:00:00.0" ObKeinKontakt="1" ObjArtID="1"/>
  <Objekte ObjID="19125" ObjAufnahme="2013-09-04" ObjStrasseID="6765" ObjHausnummer="Hauptstraße 42" ObjVorlage="2013-09-11 00:00:00.0" ObKeinKontakt="1" ObjArtID="1"/>
  <Objekte ObjID="19126" ObjAufnahme="2013-09-04" ObjStrasseID="5954" ObjHausnummer="Biesterstraße 9" ObjVorlage="2013-09-11 00:00:00.0" ObKeinKontakt="1" ObjArtID="177"/>
  <Objekte ObjID="19127" ObjAufnahme="2013-09-04" ObjStrasseID="6636" ObjHausnummer="Gretchenstraße 47" ObjVorlage="2013-09-11 00:00:00.0" ObKeinKontakt="1" ObjArtID="177"/>
  <Objekte ObjID="19128" ObjAufnahme="2013-09-04" ObjStrasseID="6875" ObjHausnummer="Hildesheimer Straße 328" ObjVorlage="2013-09-11 00:00:00.0" ObKeinKontakt="1" ObjArtID="1"/>
  <Objekte ObjID="19129" ObjAufnahme="2013-09-04" ObjStrasseID="15796" ObjHausnummer="Zum Großen Freien 12" ObjVorlage="2013-09-11 00:00:00.0" ObKeinKontakt="1" ObjArtID="1"/>
  <Objekte ObjID="19130" ObjAufnahme="2013-09-04" ObjStrasseID="7962" ObjHausnummer="Roter Sand 4" ObjVorlage="2013-09-11 00:00:00.0" ObKeinKontakt="1" ObjArtID="1"/>
  <Objekte ObjID="19131" ObjAufnahme="2013-09-04" ObjStrasseID="5906" ObjHausnummer="Beneckeallee 11" ObjVorlage="2013-09-11 00:00:00.0" ObKeinKontakt="1" ObjArtID="1"/>
  <Objekte ObjID="19132" ObjAufnahme="2013-09-04" ObjStrasseID="6310" ObjHausnummer="Eichenplan 6" ObjVorlage="2013-09-11 00:00:00.0" ObKeinKontakt="1" ObjArtID="1"/>
  <Objekte ObjID="19133" ObjAufnahme="2013-09-04" ObjStrasseID="5951" ObjHausnummer="Bienenweide 12" ObjVorlage="2013-09-11 00:00:00.0" ObKeinKontakt="1" ObjArtID="1"/>
  <Objekte ObjID="19134" ObjAufnahme="2013-09-04" ObjStrasseID="5951" ObjHausnummer="Bienenweide 8" ObjVorlage="2013-09-11 00:00:00.0" ObKeinKontakt="1" ObjArtID="1"/>
  <Objekte ObjID="19135" ObjAufnahme="2013-09-04" ObjStrasseID="6336" ObjHausnummer="Elmstraße 5" ObjVorlage="2013-09-11 00:00:00.0" ObKeinKontakt="1" ObjArtID="1"/>
  <Objekte ObjID="19136" ObjAufnahme="2013-09-04" ObjStrasseID="6758" ObjHausnummer="Hasenplan 11" ObjVorlage="2013-09-11 00:00:00.0" ObKeinKontakt="1" ObjArtID="1"/>
  <Objekte ObjID="19137" ObjAufnahme="2013-09-04" ObjStrasseID="8270" ObjHausnummer="Steinfeldstraße 7" ObjVorlage="2013-09-11 00:00:00.0" ObKeinKontakt="1" ObjArtID="1"/>
  <Objekte ObjID="19138" ObjAufnahme="2013-09-04" ObjStrasseID="7198" ObjHausnummer="Köcherstraße 13" ObjVorlage="2013-09-11 00:00:00.0" ObKeinKontakt="1" ObjArtID="1"/>
  <Objekte ObjID="19139" ObjAufnahme="2013-09-04" ObjStrasseID="15717" ObjHausnummer="Johanneskamp 12" ObjVorlage="2013-09-11 00:00:00.0" ObKeinKontakt="1" ObjArtID="1"/>
  <Objekte ObjID="19140" ObjAufnahme="2013-09-04" ObjStrasseID="11461" ObjHausnummer="Kattenbrookstrift 7" ObjVorlage="2013-09-11 00:00:00.0" ObKeinKontakt="1" ObjArtID="1"/>
  <Objekte ObjID="19141" ObjAufnahme="2013-09-04" ObjStrasseID="8114" ObjHausnummer="Schulenburger Landstraße 262" ObjVorlage="2013-09-11 00:00:00.0" ObKeinKontakt="1" ObjArtID="1"/>
  <Objekte ObjID="19142" ObjAufnahme="2013-09-04" ObjStrasseID="7321" ObjHausnummer="Laurinweg 1" ObjVorlage="2013-09-11 00:00:00.0" ObKeinKontakt="1" ObjArtID="1"/>
  <Objekte ObjID="19143" ObjAufnahme="2013-09-04" ObjStrasseID="7242" ObjHausnummer="Kötnerholzweg 49" ObjVorlage="2013-09-11 00:00:00.0" ObKeinKontakt="1" ObjArtID="1"/>
  <Objekte ObjID="19144" ObjAufnahme="2013-09-04" ObjStrasseID="5863" ObjHausnummer="Bahnstrift 42" ObjVorlage="2013-09-11 00:00:00.0" ObKeinKontakt="1" ObjArtID="1"/>
  <Objekte ObjID="19145" ObjAufnahme="2013-09-04" ObjStrasseID="7711" ObjHausnummer="Otternplan 2" ObjVorlage="2013-09-11 00:00:00.0" ObKeinKontakt="1" ObjArtID="1"/>
  <Objekte ObjID="19146" ObjAufnahme="2013-09-04" ObjStrasseID="5853" ObjHausnummer="Auwiese 15" ObjVorlage="2013-09-11 00:00:00.0" ObKeinKontakt="1" ObjArtID="1"/>
  <Objekte ObjID="19147" ObjAufnahme="2013-09-04" ObjStrasseID="5874" ObjHausnummer="Barsinghäuser Straße 13" ObjVorlage="2013-09-11 00:00:00.0" ObKeinKontakt="1" ObjArtID="1"/>
  <Objekte ObjID="19148" ObjAufnahme="2013-09-04" ObjStrasseID="7336" ObjHausnummer="Leiblstraße 2-22" ObjVorlage="2013-09-11 00:00:00.0" ObKeinKontakt="1" ObjArtID="177"/>
  <Objekte ObjID="19149" ObjAufnahme="2013-09-04" ObjStrasseID="6476" ObjHausnummer="Friedhofstraße 28" ObjVorlage="2013-09-11 00:00:00.0" ObKeinKontakt="1" ObjArtID="1"/>
  <Objekte ObjID="19150" ObjAufnahme="2013-09-04" ObjStrasseID="4141" ObjHausnummer="Leistikowweg 22" ObjVorlage="2013-09-11 00:00:00.0" ObKeinKontakt="1" ObjArtID="1"/>
  <Objekte ObjID="19151" ObjAufnahme="2013-09-04" ObjStrasseID="7359" ObjHausnummer="Lerchenstieg 15" ObjVorlage="2013-09-11 00:00:00.0" ObKeinKontakt="1" ObjArtID="1"/>
  <Objekte ObjID="19152" ObjAufnahme="2013-09-04" ObjStrasseID="6585" ObjHausnummer="Godehardistraße 10" ObjVorlage="2013-09-11 00:00:00.0" ObKeinKontakt="1" ObjArtID="1"/>
  <Objekte ObjID="19153" ObjAufnahme="2013-09-04" ObjStrasseID="7480" ObjHausnummer="Marienstraße 6" ObjVorlage="2013-09-11 00:00:00.0" ObKeinKontakt="1" ObjArtID="1"/>
  <Objekte ObjID="19154" ObjAufnahme="2013-09-04" ObjStrasseID="6223" ObjHausnummer="Dingelstedtstraße 10" ObjVorlage="2013-09-11 00:00:00.0" ObKeinKontakt="1" ObjArtID="1"/>
  <Objekte ObjID="19155" ObjAufnahme="2013-09-04" ObjStrasseID="8707" ObjHausnummer="Ziegelstraße 15" ObjVorlage="2013-09-11 00:00:00.0" ObKeinKontakt="1" ObjArtID="1"/>
  <Objekte ObjID="19156" ObjAufnahme="2013-09-04" ObjStrasseID="8266" ObjHausnummer="Steigerwaldweg 11" ObjVorlage="2013-09-11 00:00:00.0" ObKeinKontakt="1" ObjArtID="1"/>
  <Objekte ObjID="19157" ObjAufnahme="2013-09-04" ObjStrasseID="8298" ObjHausnummer="Stöckener Straße 29" ObjVorlage="2013-09-11 00:00:00.0" ObKeinKontakt="1" ObjArtID="1"/>
  <Objekte ObjID="19158" ObjAufnahme="2013-09-04" ObjLetztKontakt="2013-09-02" ObjStrasseID="6708" ObjHausnummer="Halkettstraße 15" ObjVorlage="2013-09-11 00:00:00.0" ObKeinKontakt="2" ObjArtID="1" ObjInfo="von Radke in 2013 verkauft"/>
  <Objekte ObjID="19159" ObjAufnahme="2013-09-05" ObjStrasseID="8525" ObjHausnummer="Washingtonweg 1" ObjVorlage="2013-09-11 00:00:00.0" ObKeinKontakt="5" ObjArtID="230" ObjInfo="Mieterin Frau Belousov&#xD;&#xA;015153341095&#xD;&#xA;josamin273@gmail.com"/>
  <Objekte ObjID="19160" ObjAufnahme="2013-09-09" ObjStrasseID="7013" ObjHausnummer="Immengarten 10" ObjVorlage="2013-09-11 00:00:00.0" ObKeinKontakt="1" ObjArtID="1"/>
  <Objekte ObjID="19161" ObjAufnahme="2013-09-09" ObjStrasseID="8160" ObjHausnummer="Seilerstraße 21" ObjVorlage="2013-09-11 00:00:00.0" ObKeinKontakt="1" ObjArtID="177"/>
  <Objekte ObjID="19162" ObjAufnahme="2013-09-09" ObjStrasseID="6490" ObjHausnummer="Friesenstraße 46" ObjVorlage="2013-09-11 00:00:00.0" ObKeinKontakt="1" ObjArtID="177"/>
  <Objekte ObjID="19163" ObjAufnahme="2013-09-09" ObjStrasseID="6957" ObjHausnummer="Ihmeplatz 1" ObjVorlage="2013-09-11 00:00:00.0" ObKeinKontakt="1" ObjArtID="177"/>
  <Objekte ObjID="19164" ObjAufnahme="2013-09-09" ObjStrasseID="6456" ObjHausnummer="Freboldstraße 16" ObjVorlage="2013-09-11 00:00:00.0" ObKeinKontakt="1" ObjArtID="177"/>
  <Objekte ObjID="19165" ObjAufnahme="2013-09-09" ObjStrasseID="6830" ObjHausnummer="Hemelingstraße 2" ObjVorlage="2013-09-11 00:00:00.0" ObKeinKontakt="1" ObjArtID="177"/>
  <Objekte ObjID="19166" ObjAufnahme="2013-09-10" ObjStrasseID="7480" ObjHausnummer="Marienstraße 102" ObjVorlage="2013-09-11 00:00:00.0" ObKeinKontakt="1" ObjArtID="1"/>
  <Objekte ObjID="19167" ObjAufnahme="2013-09-10" ObjStrasseID="6876" ObjHausnummer="Hildesheimer Straße 77" ObjVorlage="2013-09-11 00:00:00.0" ObKeinKontakt="1" ObjArtID="1"/>
  <Objekte ObjID="19168" ObjAufnahme="2013-09-10" ObjStrasseID="7155" ObjHausnummer="Kirchstraße 6" ObjVorlage="2013-09-11 00:00:00.0" ObKeinKontakt="1" ObjArtID="1"/>
  <Objekte ObjID="19169" ObjAufnahme="2013-09-10" ObjStrasseID="8512" ObjHausnummer="Wallmodenstraße 49" ObjVorlage="2013-09-11 00:00:00.0" ObKeinKontakt="1" ObjArtID="177"/>
  <Objekte ObjID="19170" ObjAufnahme="2013-09-10" ObjStrasseID="6442" ObjHausnummer="Fössestraße 79" ObjVorlage="2013-09-11 00:00:00.0" ObKeinKontakt="1" ObjArtID="1"/>
  <Objekte ObjID="19171" ObjAufnahme="2013-09-10" ObjStrasseID="5843" ObjHausnummer="Auf der Klappenburg 9" ObjVorlage="2013-09-11 00:00:00.0" ObKeinKontakt="1" ObjArtID="1"/>
  <Objekte ObjID="19172" ObjAufnahme="2013-09-10" ObjStrasseID="6974" ObjHausnummer="Im Großen Büchenfeld 8" ObjVorlage="2013-09-11 00:00:00.0" ObKeinKontakt="1" ObjArtID="1"/>
  <Objekte ObjID="19173" ObjAufnahme="2013-09-10" ObjStrasseID="6185" ObjHausnummer="Dangersstraße 6" ObjVorlage="2013-09-11 00:00:00.0" ObKeinKontakt="5" ObjArtID="55"/>
  <Objekte ObjID="19174" ObjAufnahme="2013-09-10" ObjStrasseID="6050" ObjHausnummer="Brabeckstraße 21" ObjVorlage="2013-09-11 00:00:00.0" ObKeinKontakt="1" ObjArtID="1"/>
  <Objekte ObjID="19175" ObjAufnahme="2013-09-10" ObjStrasseID="7361" ObjHausnummer="Lessingstraße 1" ObjVorlage="2013-09-11 00:00:00.0" ObKeinKontakt="1" ObjArtID="177"/>
  <Objekte ObjID="19176" ObjAufnahme="2013-09-10" ObjStrasseID="7836" ObjHausnummer="Raffaelstraße 6" ObjVorlage="2013-09-11 00:00:00.0" ObKeinKontakt="1" ObjArtID="1"/>
  <Objekte ObjID="19177" ObjAufnahme="2013-09-10" ObjStrasseID="6259" ObjHausnummer="Dragonerstraße 27" ObjVorlage="2013-09-11 00:00:00.0" ObKeinKontakt="1" ObjArtID="1"/>
  <Objekte ObjID="19178" ObjAufnahme="2013-09-10" ObjStrasseID="5863" ObjHausnummer="Bahnstrift 36 A" ObjVorlage="2013-09-11 00:00:00.0" ObKeinKontakt="1" ObjArtID="1"/>
  <Objekte ObjID="19179" ObjAufnahme="2013-09-10" ObjStrasseID="7451" ObjHausnummer="Lüssenhopstraße 22" ObjVorlage="2013-09-11 00:00:00.0" ObKeinKontakt="1" ObjArtID="1"/>
  <Objekte ObjID="19180" ObjAufnahme="2013-09-10" ObjStrasseID="8638" ObjHausnummer="Wilhelmstraße 5" ObjVorlage="2013-09-11 00:00:00.0" ObKeinKontakt="1" ObjArtID="177"/>
  <Objekte ObjID="19181" ObjAufnahme="2013-09-11" ObjStrasseID="6700" ObjHausnummer="Hägewiesen 12" ObjVorlage="2013-09-11 00:00:00.0" ObKeinKontakt="1" ObjArtID="1"/>
  <Objekte ObjID="19182" ObjAufnahme="2013-09-11" ObjStrasseID="6280" ObjHausnummer="Düsternstraße 7" ObjVorlage="2013-09-11 00:00:00.0" ObKeinKontakt="1" ObjArtID="1"/>
  <Objekte ObjID="19183" ObjAufnahme="2013-09-11" ObjStrasseID="6940" ObjHausnummer="Hunsrückweg 1" ObjVorlage="2013-09-11 00:00:00.0" ObKeinKontakt="1" ObjArtID="1"/>
  <Objekte ObjID="19184" ObjAufnahme="2013-09-11" ObjStrasseID="8255" ObjHausnummer="Stammestraße 32" ObjVorlage="2013-09-11 00:00:00.0" ObKeinKontakt="1" ObjArtID="1"/>
  <Objekte ObjID="19185" ObjAufnahme="2013-09-11" ObjStrasseID="8266" ObjHausnummer="Steigerwaldweg 13" ObjVorlage="2013-09-11 00:00:00.0" ObKeinKontakt="1" ObjArtID="1"/>
  <Objekte ObjID="19186" ObjAufnahme="2013-09-11" ObjStrasseID="7568" ObjHausnummer="Moorhoffstraße 15" ObjVorlage="2013-09-11 00:00:00.0" ObKeinKontakt="1" ObjArtID="1"/>
  <Objekte ObjID="19187" ObjAufnahme="2013-09-11" ObjStrasseID="6601" ObjHausnummer="Gorch-Fock-Straße 32" ObjVorlage="2013-09-11 00:00:00.0" ObKeinKontakt="1" ObjArtID="1"/>
  <Objekte ObjID="19188" ObjAufnahme="2013-09-11" ObjStrasseID="6189" ObjHausnummer="Das Mühlenfeld 18" ObjVorlage="2013-09-11 00:00:00.0" ObKeinKontakt="1" ObjArtID="1"/>
  <Objekte ObjID="19189" ObjAufnahme="2013-09-11" ObjStrasseID="7711" ObjHausnummer="Otternplan 4" ObjVorlage="2013-09-11 00:00:00.0" ObKeinKontakt="1" ObjArtID="1"/>
  <Objekte ObjID="19190" ObjAufnahme="2013-09-11" ObjStrasseID="5768" ObjHausnummer="An der Lutherkirche 4" ObjVorlage="2013-09-11 00:00:00.0" ObKeinKontakt="1" ObjArtID="1"/>
  <Objekte ObjID="19191" ObjAufnahme="2013-09-11" ObjStrasseID="8266" ObjHausnummer="Steigerwaldweg 7" ObjVorlage="2013-09-11 00:00:00.0" ObKeinKontakt="1" ObjArtID="1"/>
  <Objekte ObjID="19192" ObjAufnahme="2013-09-11" ObjStrasseID="7964" ObjHausnummer="Rothaarweg 5" ObjVorlage="2013-09-11 00:00:00.0" ObKeinKontakt="1" ObjArtID="177"/>
  <Objekte ObjID="19193" ObjAufnahme="2013-09-11" ObjStrasseID="6203" ObjHausnummer="Deisterplatz 1" ObjVorlage="2013-09-11 00:00:00.0" ObKeinKontakt="1" ObjArtID="1"/>
  <Objekte ObjID="19194" ObjAufnahme="2013-09-11" ObjStrasseID="8661" ObjHausnummer="Wismarer Straße 13" ObjVorlage="2013-09-11 00:00:00.0" ObKeinKontakt="1" ObjArtID="1"/>
  <Objekte ObjID="19195" ObjAufnahme="2013-09-11" ObjStrasseID="7368" ObjHausnummer="Leuschnerstraße 50" ObjVorlage="2013-09-11 00:00:00.0" ObKeinKontakt="1" ObjArtID="1"/>
  <Objekte ObjID="19196" ObjAufnahme="2013-09-11" ObjStrasseID="6260" ObjHausnummer="Dragonerstaße 27" ObjVorlage="2013-09-11 00:00:00.0" ObKeinKontakt="1" ObjArtID="1"/>
  <Objekte ObjID="19197" ObjAufnahme="2013-09-11" ObjStrasseID="6957" ObjHausnummer="Ihmeplatz 4" ObjVorlage="2013-09-11 00:00:00.0" ObKeinKontakt="1" ObjArtID="1"/>
  <Objekte ObjID="19198" ObjAufnahme="2013-09-11" ObjStrasseID="7301" ObjHausnummer="Landwehrstraße 76" ObjVorlage="2013-09-11 00:00:00.0" ObKeinKontakt="1" ObjArtID="177"/>
  <Objekte ObjID="19199" ObjAufnahme="2013-09-11" ObjStrasseID="6522" ObjHausnummer="Gartenheimstraße 40" ObjVorlage="2013-09-11 00:00:00.0" ObKeinKontakt="1" ObjArtID="1"/>
  <Objekte ObjID="19200" ObjAufnahme="2013-09-11" ObjStrasseID="8636" ObjHausnummer="Wilhelmshavener Straße 16" ObjVorlage="2013-09-11 00:00:00.0" ObKeinKontakt="1" ObjArtID="1"/>
  <Objekte ObjID="19201" ObjAufnahme="2013-09-11" ObjStrasseID="7353" ObjHausnummer="Lenther Straße 31" ObjVorlage="2013-09-11 00:00:00.0" ObKeinKontakt="1" ObjArtID="1"/>
  <Objekte ObjID="19202" ObjAufnahme="2013-09-11" ObjStrasseID="7242" ObjHausnummer="Kötnerholzweg 38" ObjVorlage="2013-09-11 00:00:00.0" ObKeinKontakt="1" ObjArtID="1"/>
  <Objekte ObjID="19203" ObjAufnahme="2013-09-11" ObjStrasseID="7143" ObjHausnummer="Kiefkampstraße 5 B" ObjVorlage="2013-09-11 00:00:00.0" ObKeinKontakt="1" ObjArtID="1"/>
  <Objekte ObjID="19204" ObjAufnahme="2013-09-11" ObjStrasseID="6751" ObjHausnummer="Hartungstraße 29" ObjVorlage="2013-09-11 00:00:00.0" ObKeinKontakt="1" ObjArtID="1"/>
  <Objekte ObjID="19205" ObjAufnahme="2013-09-13" ObjStrasseID="15045" ObjHausnummer="Lenchen-Kunow-Weg 8" ObjVorlage="2013-09-13 00:00:00.0" ObKeinKontakt="1" ObjArtID="1"/>
  <Objekte ObjID="19206" ObjAufnahme="2013-09-13" ObjStrasseID="6561" ObjHausnummer="Geveker Kamp 7 A" ObjVorlage="2013-09-13 00:00:00.0" ObKeinKontakt="1" ObjArtID="1"/>
  <Objekte ObjID="19207" ObjAufnahme="2013-09-13" ObjStrasseID="6149" ObjHausnummer="Claudiusstraße 2" ObjVorlage="2013-09-13 00:00:00.0" ObKeinKontakt="1" ObjArtID="1"/>
  <Objekte ObjID="19208" ObjAufnahme="2013-09-13" ObjStrasseID="8390" ObjHausnummer="Tischbeinstraße 36" ObjVorlage="2013-09-13 00:00:00.0" ObKeinKontakt="1" ObjArtID="1"/>
  <Objekte ObjID="19209" ObjAufnahme="2013-09-13" ObjStrasseID="7409" ObjHausnummer="Loccumer Straße 47" ObjVorlage="2013-09-13 00:00:00.0" ObKeinKontakt="1" ObjArtID="1"/>
  <Objekte ObjID="19210" ObjAufnahme="2013-09-13" ObjStrasseID="6843" ObjHausnummer="Herderstraße 7" ObjVorlage="2013-09-13 00:00:00.0" ObKeinKontakt="1" ObjArtID="1"/>
  <Objekte ObjID="19211" ObjAufnahme="2013-09-13" ObjStrasseID="6700" ObjHausnummer="Hägewiesen 118 A" ObjVorlage="2013-09-13 00:00:00.0" ObKeinKontakt="1" ObjArtID="1"/>
  <Objekte ObjID="19212" ObjAufnahme="2013-09-13" ObjStrasseID="6149" ObjHausnummer="Claudiusstraße 6" ObjVorlage="2013-09-13 00:00:00.0" ObKeinKontakt="1" ObjArtID="1"/>
  <Objekte ObjID="19213" ObjAufnahme="2013-09-13" ObjStrasseID="7760" ObjHausnummer="Peter-Köster-Straße 41" ObjVorlage="2013-09-13 00:00:00.0" ObKeinKontakt="1" ObjArtID="1"/>
  <Objekte ObjID="19214" ObjAufnahme="2013-09-18" ObjStrasseID="6186" ObjHausnummer="Dannenbergstraße 32" ObKeinKontakt="1" ObjArtID="1"/>
  <Objekte ObjID="19215" ObjAufnahme="2013-09-18" ObjStrasseID="6186" ObjHausnummer="Dannenbergstraße 29" ObKeinKontakt="1" ObjArtID="1"/>
  <Objekte ObjID="19216" ObjAufnahme="2013-09-18" ObjStrasseID="6376" ObjHausnummer="Eschenbachstraße 16 A" ObKeinKontakt="1" ObjArtID="1"/>
  <Objekte ObjID="19217" ObjAufnahme="2013-09-18" ObjStrasseID="6152" ObjHausnummer="Clemensstraße 8" ObKeinKontakt="1" ObjArtID="1"/>
  <Objekte ObjID="19218" ObjAufnahme="2013-09-18" ObjStrasseID="6357" ObjHausnummer="Erderstraße 8" ObKeinKontakt="1" ObjArtID="1"/>
  <Objekte ObjID="19219" ObjAufnahme="2013-09-18" ObjStrasseID="6638" ObjHausnummer="Grethe-Jürgens-Straße 21" ObKeinKontakt="1" ObjArtID="1"/>
  <Objekte ObjID="19220" ObjAufnahme="2013-09-21" ObjStrasseID="7424" ObjHausnummer="Lothringer Straße 48 D" ObKeinKontakt="1" ObjArtID="1"/>
  <Objekte ObjID="19221" ObjAufnahme="2013-09-21" ObjStrasseID="7052" ObjHausnummer="Jathostraße 13" ObKeinKontakt="1" ObjArtID="1"/>
  <Objekte ObjID="19222" ObjAufnahme="2013-09-21" ObjStrasseID="8420" ObjHausnummer="Türkstraße 7 A" ObKeinKontakt="1" ObjArtID="1"/>
  <Objekte ObjID="19223" ObjAufnahme="2013-09-21" ObjStrasseID="8397" ObjHausnummer="Tonstraße 2" ObKeinKontakt="1" ObjArtID="1"/>
  <Objekte ObjID="19224" ObjAufnahme="2013-09-21" ObjStrasseID="6850" ObjHausnummer="Hermann-Hesse-Straße 20" ObKeinKontakt="1" ObjArtID="177"/>
  <Objekte ObjID="19225" ObjAufnahme="2013-09-22" ObjStrasseID="7308" ObjHausnummer="Langenforther Straße 1 A" ObKeinKontakt="1" ObjArtID="1"/>
  <Objekte ObjID="19226" ObjAufnahme="2013-09-22" ObjStrasseID="7094" ObjHausnummer="Kapellenstraße 11" ObKeinKontakt="1" ObjArtID="1"/>
  <Objekte ObjID="19227" ObjAufnahme="2013-09-22" ObjStrasseID="10913" ObjHausnummer="Prinz-Albrecht-Ring 13" ObKeinKontakt="1" ObjArtID="177"/>
  <Objekte ObjID="19228" ObjAufnahme="2013-09-22" ObjStrasseID="6300" ObjHausnummer="Ehlvershof 1" ObKeinKontakt="1" ObjArtID="1"/>
  <Objekte ObjID="19229" ObjAufnahme="2013-09-22" ObjStrasseID="8572" ObjHausnummer="Weizenfeldstraße 25" ObKeinKontakt="1" ObjArtID="1"/>
  <Objekte ObjID="19230" ObjAufnahme="2013-09-22" ObjStrasseID="5817" ObjHausnummer="Arnswaldstraße 36" ObKeinKontakt="1" ObjArtID="1"/>
  <Objekte ObjID="19231" ObjAufnahme="2013-09-22" ObjStrasseID="7704" ObjHausnummer="Osterstraße 40" ObKeinKontakt="1" ObjArtID="1"/>
  <Objekte ObjID="19232" ObjAufnahme="2013-09-22" ObjStrasseID="7923" ObjHausnummer="Rohlfsstraße 3" ObKeinKontakt="1" ObjArtID="1"/>
  <Objekte ObjID="19233" ObjAufnahme="2013-09-22" ObjStrasseID="7535" ObjHausnummer="Mettlacher Straße 2" ObKeinKontakt="1" ObjArtID="1"/>
  <Objekte ObjID="19234" ObjAufnahme="2013-09-22" ObjStrasseID="8230" ObjHausnummer="Spessartweg 7" ObKeinKontakt="1" ObjArtID="1"/>
  <Objekte ObjID="19235" ObjAufnahme="2013-09-22" ObjStrasseID="6267" ObjHausnummer="Dreyerstraße 5" ObKeinKontakt="1" ObjArtID="1"/>
  <Objekte ObjID="19236" ObjAufnahme="2013-09-24" ObjStrasseID="6118" ObjHausnummer="Burgstraße 33" ObKeinKontakt="1" ObjArtID="1"/>
  <Objekte ObjID="19237" ObjAufnahme="2013-09-24" ObjStrasseID="6599" ObjHausnummer="Gollstraße 44" ObKeinKontakt="1" ObjArtID="1"/>
  <Objekte ObjID="19238" ObjAufnahme="2013-09-24" ObjStrasseID="8028" ObjHausnummer="Salzwedeler Hof" ObKeinKontakt="1" ObjArtID="1"/>
  <Objekte ObjID="19239" ObjAufnahme="2013-09-24" ObjStrasseID="7312" ObjHausnummer="Laportestraße 20" ObKeinKontakt="1" ObjArtID="1"/>
  <Objekte ObjID="19240" ObjAufnahme="2013-09-24" ObjStrasseID="6530" ObjHausnummer="Gehägestraße 20 N" ObKeinKontakt="1" ObjArtID="1"/>
  <Objekte ObjID="19241" ObjAufnahme="2013-09-24" ObjStrasseID="14461" ObjHausnummer="Ziegelstrasse 9" ObKeinKontakt="1" ObjArtID="1"/>
  <Objekte ObjID="19242" ObjAufnahme="2013-09-25" ObjStrasseID="8707" ObjHausnummer="Ziegelstraße 9" ObKeinKontakt="1" ObjArtID="1"/>
  <Objekte ObjID="19243" ObjAufnahme="2013-09-25" ObjStrasseID="7365" ObjHausnummer="Lettow-Vorbeck-Allee 81" ObKeinKontakt="1" ObjArtID="1"/>
  <Objekte ObjID="19244" ObjAufnahme="2013-09-25" ObjStrasseID="6118" ObjHausnummer="Burgstraße 25" ObKeinKontakt="1" ObjArtID="1"/>
  <Objekte ObjID="19245" ObjAufnahme="2013-09-25" ObjStrasseID="6754" ObjHausnummer="Harzburger Straße 18" ObKeinKontakt="1" ObjArtID="1"/>
  <Objekte ObjID="19246" ObjAufnahme="2013-09-25" ObjStrasseID="6979" ObjHausnummer="Im Heidkampe 64 J" ObKeinKontakt="1" ObjArtID="1"/>
  <Objekte ObjID="19247" ObjAufnahme="2013-09-25" ObjStrasseID="7852" ObjHausnummer="Rautenstraße 4" ObKeinKontakt="1" ObjArtID="1"/>
  <Objekte ObjID="19248" ObjAufnahme="2013-09-25" ObjStrasseID="7825" ObjHausnummer="Quantelholz 15" ObKeinKontakt="1" ObjArtID="177"/>
  <Objekte ObjID="19249" ObjAufnahme="2013-09-25" ObjStrasseID="5937" ObjHausnummer="Bertastraße 10" ObKeinKontakt="1" ObjArtID="1"/>
  <Objekte ObjID="19250" ObjAufnahme="2013-09-25" ObjStrasseID="8540" ObjHausnummer="Wefelsestraße 16" ObKeinKontakt="1" ObjArtID="177"/>
  <Objekte ObjID="19251" ObjAufnahme="2013-09-25" ObjStrasseID="7202" ObjHausnummer="Köhnsenstraße 1" ObKeinKontakt="1" ObjArtID="1"/>
  <Objekte ObjID="19252" ObjAufnahme="2013-09-25" ObjStrasseID="6415" ObjHausnummer="Fiedelerstraße 23" ObKeinKontakt="1" ObjArtID="177"/>
  <Objekte ObjID="19253" ObjAufnahme="2013-09-25" ObjStrasseID="8532" ObjHausnummer="Weberstraße 12" ObKeinKontakt="1" ObjArtID="177"/>
  <Objekte ObjID="19254" ObjAufnahme="2013-09-25" ObjStrasseID="7214" ObjHausnummer="Konerdingstraße 3" ObKeinKontakt="1" ObjArtID="177"/>
  <Objekte ObjID="19255" ObjAufnahme="2013-10-02" ObjStrasseID="8450" ObjHausnummer="Vahrenwalder Straße 169" ObKeinKontakt="1" ObjArtID="1"/>
  <Objekte ObjID="19256" ObjAufnahme="2013-10-02" ObjStrasseID="6537" ObjHausnummer="General-Wever-Straße 107" ObKeinKontakt="1" ObjArtID="1"/>
  <Objekte ObjID="19257" ObjAufnahme="2013-10-02" ObjStrasseID="7006" ObjHausnummer="Im Wiesenkampe 4" ObKeinKontakt="1" ObjArtID="1"/>
  <Objekte ObjID="19258" ObjAufnahme="2013-10-03" ObjStrasseID="6979" ObjHausnummer="Im Heidkampe 23" ObKeinKontakt="1" ObjArtID="1"/>
  <Objekte ObjID="19259" ObjAufnahme="2013-10-08" ObjStrasseID="4069" ObjHausnummer="Kramerstraße 8" ObKeinKontakt="1" ObjArtID="1"/>
  <Objekte ObjID="19260" ObjAufnahme="2013-10-08" ObjStrasseID="7960" ObjHausnummer="Rotekreuzstraße 7" ObKeinKontakt="1" ObjArtID="1"/>
  <Objekte ObjID="19261" ObjAufnahme="2013-10-08" ObjStrasseID="6345" ObjHausnummer="Empelder Straße 120" ObKeinKontakt="1" ObjArtID="1"/>
  <Objekte ObjID="19262" ObjAufnahme="2013-10-08" ObjStrasseID="7280" ObjHausnummer="Kulmer Weg 20" ObKeinKontakt="1" ObjArtID="1"/>
  <Objekte ObjID="19263" ObjAufnahme="2013-10-08" ObjStrasseID="7201" ObjHausnummer="Kohnestraße 21-25" ObKeinKontakt="1" ObjArtID="1"/>
  <Objekte ObjID="19264" ObjAufnahme="2013-10-08" ObjStrasseID="5837" ObjHausnummer="Auf dem Loh 32" ObKeinKontakt="1" ObjArtID="1"/>
  <Objekte ObjID="19265" ObjAufnahme="2013-10-08" ObjStrasseID="7248" ObjHausnummer="Krasseltweg 56" ObKeinKontakt="1" ObjArtID="1"/>
  <Objekte ObjID="19266" ObjAufnahme="2013-10-08" ObjStrasseID="5548" ObjHausnummer="Ahlemer Straße 6" ObKeinKontakt="1" ObjArtID="1"/>
  <Objekte ObjID="19267" ObjAufnahme="2013-10-08" ObjStrasseID="5928" ObjHausnummer="Berliner Straße 11" ObKeinKontakt="1" ObjArtID="1"/>
  <Objekte ObjID="19268" ObjAufnahme="2013-10-08" ObjStrasseID="8054" ObjHausnummer="Schaufelder Straße 5 A" ObKeinKontakt="1" ObjArtID="1"/>
  <Objekte ObjID="19269" ObjAufnahme="2013-10-08" ObjStrasseID="5539" ObjHausnummer="Adickesstraße 9" ObKeinKontakt="1" ObjArtID="1"/>
  <Objekte ObjID="19270" ObjAufnahme="2013-10-08" ObjStrasseID="8098" ObjHausnummer="Schnuckentrift 4" ObKeinKontakt="1" ObjArtID="1"/>
  <Objekte ObjID="19271" ObjAufnahme="2013-10-08" ObjStrasseID="8916" ObjHausnummer="Am Schafbrinke 25" ObKeinKontakt="1" ObjArtID="1"/>
  <Objekte ObjID="19272" ObjAufnahme="2013-10-08" ObjStrasseID="8506" ObjHausnummer="Waldhausenstraße 5 A" ObKeinKontakt="1" ObjArtID="1"/>
  <Objekte ObjID="19273" ObjAufnahme="2013-10-08" ObjStrasseID="8359" ObjHausnummer="Theodor-Heuss-Ring 15" ObKeinKontakt="1" ObjArtID="1"/>
  <Objekte ObjID="19274" ObjAufnahme="2013-10-08" ObjStrasseID="7905" ObjHausnummer="Rischweg 3" ObKeinKontakt="1" ObjArtID="1"/>
  <Objekte ObjID="19275" ObjAufnahme="2013-10-08" ObjStrasseID="6509" ObjHausnummer="Fürstenwalder Straße 8" ObKeinKontakt="1" ObjArtID="1"/>
  <Objekte ObjID="19276" ObjAufnahme="2013-10-08" ObjStrasseID="7138" ObjHausnummer="Kestnerstraße 34 A" ObKeinKontakt="1" ObjArtID="1"/>
  <Objekte ObjID="19277" ObjAufnahme="2013-10-09" ObjStrasseID="6509" ObjHausnummer="Fürstenwalder Straße 12" ObKeinKontakt="1" ObjArtID="1"/>
  <Objekte ObjID="19278" ObjAufnahme="2013-10-09" ObjStrasseID="7974" ObjHausnummer="Rüdenbergweg 2" ObKeinKontakt="1" ObjArtID="1"/>
  <Objekte ObjID="19279" ObjAufnahme="2013-10-09" ObjStrasseID="7201" ObjHausnummer="Kohnestraße 23 A" ObKeinKontakt="1" ObjArtID="1"/>
  <Objekte ObjID="19280" ObjAufnahme="2013-10-09" ObjStrasseID="7393" ObjHausnummer="Lindener Weg 37" ObKeinKontakt="1" ObjArtID="1"/>
  <Objekte ObjID="19281" ObjAufnahme="2013-10-09" ObjStrasseID="7704" ObjHausnummer="Osterstraße 28" ObKeinKontakt="1" ObjArtID="1"/>
  <Objekte ObjID="19282" ObjAufnahme="2013-10-09" ObjStrasseID="3494" ObjHausnummer="Freytagstraße 32" ObKeinKontakt="1" ObjArtID="1"/>
  <Objekte ObjID="19283" ObjAufnahme="2013-10-09" ObjStrasseID="5792" ObjHausnummer="Anderter Straße 41" ObKeinKontakt="1" ObjArtID="1"/>
  <Objekte ObjID="19284" ObjAufnahme="2013-10-09" ObjStrasseID="6712" ObjHausnummer="Haltenhoffstraße 36" ObKeinKontakt="1" ObjArtID="1"/>
  <Objekte ObjID="19285" ObjAufnahme="2013-10-09" ObjStrasseID="7885" ObjHausnummer="Richard-Lattorf-Straße 24" ObKeinKontakt="1" ObjArtID="1"/>
  <Objekte ObjID="19286" ObjAufnahme="2013-10-09" ObjStrasseID="6724" ObjHausnummer="Hannoversche Straße 1" ObKeinKontakt="1" ObjArtID="1"/>
  <Objekte ObjID="19287" ObjAufnahme="2013-10-09" ObjStrasseID="8521" ObjHausnummer="Warnemünder Weg 5 B" ObKeinKontakt="1" ObjArtID="1"/>
  <Objekte ObjID="19288" ObjAufnahme="2013-10-09" ObjStrasseID="6875" ObjHausnummer="Hildesheimer Straße 228 C" ObKeinKontakt="1" ObjArtID="1"/>
  <Objekte ObjID="19289" ObjAufnahme="2013-10-09" ObjStrasseID="5940" ObjHausnummer="Bertramstraße 5" ObKeinKontakt="1" ObjArtID="177"/>
  <Objekte ObjID="19290" ObjAufnahme="2013-10-09" ObjStrasseID="8015" ObjHausnummer="Sahlkamp 27 B" ObKeinKontakt="1" ObjArtID="1"/>
  <Objekte ObjID="19291" ObjAufnahme="2013-10-09" ObjStrasseID="6152" ObjHausnummer="Clemensstraße 6" ObKeinKontakt="1" ObjArtID="177"/>
  <Objekte ObjID="19292" ObjAufnahme="2013-10-09" ObjStrasseID="6912" ObjHausnummer="Holscherstraße 13" ObKeinKontakt="1" ObjArtID="177"/>
  <Objekte ObjID="19293" ObjAufnahme="2013-10-10" ObjStrasseID="6051" ObjHausnummer="Brabeckstraße 138" ObKeinKontakt="1" ObjArtID="177"/>
  <Objekte ObjID="19294" ObjAufnahme="2013-10-10" ObjStrasseID="6936" ObjHausnummer="Hugo-Preuß-Straße 1" ObKeinKontakt="1" ObjArtID="177"/>
  <Objekte ObjID="19295" ObjAufnahme="2013-10-10" ObjStrasseID="2817" ObjHausnummer="Adalbert-Stifter-Straße 1" ObKeinKontakt="1" ObjArtID="177"/>
  <Objekte ObjID="19296" ObjAufnahme="2013-10-10" ObjStrasseID="7633" ObjHausnummer="Niederaue 31" ObKeinKontakt="1" ObjArtID="177"/>
  <Objekte ObjID="19297" ObjAufnahme="2013-10-10" ObjStrasseID="6076" ObjHausnummer="Brinckmannstraße 1" ObKeinKontakt="1" ObjArtID="177"/>
  <Objekte ObjID="19298" ObjAufnahme="2013-10-10" ObjStrasseID="5869" ObjHausnummer="Bandelstraße 1" ObKeinKontakt="1" ObjArtID="177"/>
  <Objekte ObjID="19299" ObjAufnahme="2013-10-11" ObjStrasseID="5707" ObjHausnummer="Am Seelberg 31 C" ObKeinKontakt="1" ObjArtID="1"/>
  <Objekte ObjID="19300" ObjAufnahme="2013-10-27" ObjStrasseID="6207" ObjHausnummer="Dennewitzstraße 4" ObKeinKontakt="1" ObjArtID="1"/>
  <Objekte ObjID="19301" ObjAufnahme="2013-10-28" ObjStrasseID="7945" ObjHausnummer="Rosenfeststraße 8 B" ObKeinKontakt="1" ObjArtID="1"/>
  <Objekte ObjID="19302" ObjAufnahme="2013-10-29" ObjStrasseID="7437" ObjHausnummer="Ludwig-Gleue-Weg 8" ObKeinKontakt="1" ObjArtID="1"/>
  <Objekte ObjID="19303" ObjAufnahme="2013-10-29" ObjStrasseID="7922" ObjHausnummer="Roesebeckstraße 12" ObKeinKontakt="1" ObjArtID="1"/>
  <Objekte ObjID="19304" ObjAufnahme="2013-10-29" ObjStrasseID="6599" ObjHausnummer="Gollstraße 51" ObKeinKontakt="1" ObjArtID="1"/>
  <Objekte ObjID="19305" ObjAufnahme="2013-10-29" ObjStrasseID="6868" ObjHausnummer="Heuerstraße 6" ObKeinKontakt="1" ObjArtID="1"/>
  <Objekte ObjID="19306" ObjAufnahme="2013-10-29" ObjStrasseID="7773" ObjHausnummer="Pfarrstraße 69 A" ObKeinKontakt="1" ObjArtID="1"/>
  <Objekte ObjID="19307" ObjAufnahme="2013-10-29" ObjStrasseID="7205" ObjHausnummer="Kolbeweg 10-12" ObKeinKontakt="1" ObjArtID="1"/>
  <Objekte ObjID="19308" ObjAufnahme="2013-10-29" ObjStrasseID="7918" ObjHausnummer="Roderbruchstraße 20 A" ObKeinKontakt="1" ObjArtID="1"/>
  <Objekte ObjID="19309" ObjAufnahme="2013-10-29" ObjStrasseID="4023" ObjHausnummer="Klopstockstraße 25 A" ObKeinKontakt="1" ObjArtID="1"/>
  <Objekte ObjID="19310" ObjAufnahme="2013-10-29" ObjStrasseID="7040" ObjHausnummer="Isernhagener Straße 92" ObKeinKontakt="1" ObjArtID="177"/>
  <Objekte ObjID="19311" ObjAufnahme="2013-10-29" ObjStrasseID="8189" ObjHausnummer="Siemensstraße 6" ObKeinKontakt="1" ObjArtID="1"/>
  <Objekte ObjID="19312" ObjAufnahme="2013-10-29" ObjStrasseID="12162" ObjHausnummer="Jakobskamp 8" ObKeinKontakt="1" ObjArtID="1"/>
  <Objekte ObjID="19313" ObjAufnahme="2013-10-29" ObjStrasseID="7480" ObjHausnummer="Marienstraße 49" ObKeinKontakt="1" ObjArtID="1"/>
  <Objekte ObjID="19314" ObjAufnahme="2013-10-29" ObjStrasseID="6537" ObjHausnummer="General-Wever-Straße 71" ObKeinKontakt="1" ObjArtID="1"/>
  <Objekte ObjID="19315" ObjAufnahme="2013-10-29" ObjStrasseID="8139" ObjHausnummer="Schwarzwaldstraße 33" ObKeinKontakt="1" ObjArtID="1"/>
  <Objekte ObjID="19316" ObjAufnahme="2013-10-29" ObjStrasseID="6601" ObjHausnummer="Gorch-Fock-Straße 30" ObKeinKontakt="1" ObjArtID="1"/>
  <Objekte ObjID="19317" ObjAufnahme="2013-10-29" ObjStrasseID="6601" ObjHausnummer="Gorch-Fock-Straße 40" ObKeinKontakt="1" ObjArtID="1"/>
  <Objekte ObjID="19318" ObjAufnahme="2013-10-29" ObjStrasseID="7168" ObjHausnummer="Klein-Buchholzer-Kirchweg 40" ObKeinKontakt="1" ObjArtID="1"/>
  <Objekte ObjID="19319" ObjAufnahme="2013-10-29" ObjStrasseID="7794" ObjHausnummer="Plengestraße 3" ObKeinKontakt="1" ObjArtID="1"/>
  <Objekte ObjID="19320" ObjAufnahme="2013-10-29" ObjStrasseID="7892" ObjHausnummer="Ricklinger Stadtweg 29" ObKeinKontakt="1" ObjArtID="1"/>
  <Objekte ObjID="19321" ObjAufnahme="2013-10-29" ObjStrasseID="8510" ObjHausnummer="Waldstraße 58" ObKeinKontakt="1" ObjArtID="1"/>
  <Objekte ObjID="19322" ObjAufnahme="2013-10-29" ObjStrasseID="8510" ObjHausnummer="Waldstraße 56" ObKeinKontakt="1" ObjArtID="1"/>
  <Objekte ObjID="19323" ObjAufnahme="2013-10-29" ObjStrasseID="7940" ObjHausnummer="Rosemeyerstraße 10" ObKeinKontakt="1" ObjArtID="1"/>
  <Objekte ObjID="19324" ObjAufnahme="2013-10-29" ObjStrasseID="8521" ObjHausnummer="Warnemünder Weg 5" ObKeinKontakt="1" ObjArtID="1"/>
  <Objekte ObjID="19325" ObjAufnahme="2013-10-29" ObjStrasseID="6458" ObjHausnummer="Freidingstraße 24" ObKeinKontakt="1" ObjArtID="1"/>
  <Objekte ObjID="19326" ObjAufnahme="2013-10-29" ObjStrasseID="6905" ObjHausnummer="Hohensteinweg 24" ObKeinKontakt="1" ObjArtID="1"/>
  <Objekte ObjID="19327" ObjAufnahme="2013-10-29" ObjStrasseID="6842" ObjHausnummer="Herderstraße 3" ObKeinKontakt="1" ObjArtID="1"/>
  <Objekte ObjID="19328" ObjAufnahme="2013-10-29" ObjStrasseID="6601" ObjHausnummer="Gorch-Fock-Straße 38" ObKeinKontakt="1" ObjArtID="1"/>
  <Objekte ObjID="19329" ObjAufnahme="2013-10-29" ObjStrasseID="3942" ObjHausnummer="Kampstraße 113" ObKeinKontakt="1" ObjArtID="1"/>
  <Objekte ObjID="19330" ObjAufnahme="2013-10-29" ObjStrasseID="5679" ObjHausnummer="Am Lindenhofe 4" ObKeinKontakt="1" ObjArtID="1"/>
  <Objekte ObjID="19331" ObjAufnahme="2013-10-29" ObjStrasseID="6336" ObjHausnummer="Elmstraße 17" ObKeinKontakt="1" ObjArtID="1"/>
  <Objekte ObjID="19332" ObjAufnahme="2013-10-29" ObjStrasseID="8358" ObjHausnummer="Theodor-Heuss-Platz 15" ObKeinKontakt="1" ObjArtID="1"/>
  <Objekte ObjID="19333" ObjAufnahme="2013-10-29" ObjStrasseID="5578" ObjHausnummer="Alte Heide 35" ObKeinKontakt="1" ObjArtID="1"/>
  <Objekte ObjID="19334" ObjAufnahme="2013-10-29" ObjStrasseID="8154" ObjHausnummer="Seestraße 9" ObKeinKontakt="1" ObjArtID="177"/>
  <Objekte ObjID="19335" ObjAufnahme="2013-10-29" ObjStrasseID="6472" ObjHausnummer="Friedenauer Straße 11" ObKeinKontakt="1" ObjArtID="1"/>
  <Objekte ObjID="19336" ObjAufnahme="2013-10-30" ObjStrasseID="6439" ObjHausnummer="Forssmannweg 1" ObKeinKontakt="1" ObjArtID="1"/>
  <Objekte ObjID="19337" ObjAufnahme="2013-10-30" ObjStrasseID="2857" ObjHausnummer="Alte Stöckener Straße 34" ObKeinKontakt="1" ObjArtID="1"/>
  <Objekte ObjID="19338" ObjAufnahme="2013-10-30" ObjStrasseID="7581" ObjHausnummer="Mühenkamp 2" ObKeinKontakt="1" ObjArtID="1"/>
  <Objekte ObjID="19339" ObjAufnahme="2013-10-30" ObjStrasseID="5792" ObjHausnummer="Anderter Straße 44" ObKeinKontakt="1" ObjArtID="1"/>
  <Objekte ObjID="19340" ObjAufnahme="2013-10-30" ObjStrasseID="6887" ObjHausnummer="Hinüberstraße 2" ObKeinKontakt="1" ObjArtID="1"/>
  <Objekte ObjID="19341" ObjAufnahme="2013-10-30" ObjStrasseID="10942" ObjHausnummer="Ortskamp 7" ObKeinKontakt="1" ObjArtID="1"/>
  <Objekte ObjID="19342" ObjAufnahme="2013-10-30" ObjStrasseID="6254" ObjHausnummer="Dorotheenstraße 1" ObKeinKontakt="1" ObjArtID="1"/>
  <Objekte ObjID="19343" ObjAufnahme="2013-10-30" ObjStrasseID="5853" ObjHausnummer="Auwiese 8" ObKeinKontakt="1" ObjArtID="1"/>
  <Objekte ObjID="19344" ObjAufnahme="2013-10-30" ObjStrasseID="5683" ObjHausnummer="Am Markte 7" ObKeinKontakt="1" ObjArtID="1"/>
  <Objekte ObjID="19345" ObjAufnahme="2013-10-30" ObjStrasseID="5893" ObjHausnummer="Beekestraße 63" ObKeinKontakt="1" ObjArtID="1"/>
  <Objekte ObjID="19346" ObjAufnahme="2013-10-30" ObjStrasseID="6592" ObjHausnummer="Goethestraße 50" ObKeinKontakt="1" ObjArtID="1"/>
  <Objekte ObjID="19347" ObjAufnahme="2013-10-30" ObjStrasseID="6357" ObjHausnummer="Erderstraße 33" ObKeinKontakt="1" ObjArtID="1"/>
  <Objekte ObjID="19348" ObjAufnahme="2013-10-30" ObjStrasseID="6378" ObjHausnummer="Escherstraße 26" ObKeinKontakt="1" ObjArtID="1"/>
  <Objekte ObjID="19349" ObjAufnahme="2013-10-30" ObjStrasseID="6442" ObjHausnummer="Fössestraße 65" ObKeinKontakt="1" ObjArtID="1"/>
  <Objekte ObjID="19350" ObjAufnahme="2013-10-30" ObjStrasseID="8255" ObjHausnummer="Stammestraße 16" ObKeinKontakt="1" ObjArtID="1"/>
  <Objekte ObjID="19351" ObjAufnahme="2013-10-30" ObjStrasseID="6189" ObjHausnummer="Das Mühlenfeld 14" ObKeinKontakt="1" ObjArtID="1"/>
  <Objekte ObjID="19352" ObjAufnahme="2013-10-30" ObjStrasseID="6503" ObjHausnummer="Fuhrberger Straße 9 B" ObKeinKontakt="1" ObjArtID="1"/>
  <Objekte ObjID="19353" ObjAufnahme="2013-10-30" ObjStrasseID="2867" ObjHausnummer="Altes Dorf 15" ObKeinKontakt="1" ObjArtID="1"/>
  <Objekte ObjID="19354" ObjAufnahme="2013-10-30" ObjStrasseID="8139" ObjHausnummer="Schwarzwaldstraße 29" ObKeinKontakt="1" ObjArtID="1"/>
  <Objekte ObjID="19355" ObjAufnahme="2013-10-30" ObjStrasseID="6827" ObjHausnummer="Helmstedter Straße 40" ObKeinKontakt="1" ObjArtID="177"/>
  <Objekte ObjID="19356" ObjAufnahme="2013-10-30" ObjStrasseID="6533" ObjHausnummer="Geibelplatz 5" ObKeinKontakt="1" ObjArtID="1"/>
  <Objekte ObjID="19357" ObjAufnahme="2013-10-30" ObjStrasseID="8230" ObjHausnummer="Spessartweg 17" ObKeinKontakt="1" ObjArtID="1"/>
  <Objekte ObjID="19358" ObjAufnahme="2013-10-30" ObjStrasseID="8610" ObjHausnummer="Wiehbergstraße 10" ObKeinKontakt="1" ObjArtID="1"/>
  <Objekte ObjID="19359" ObjAufnahme="2013-10-30" ObjStrasseID="6904" ObjHausnummer="Hohe Straße 5" ObKeinKontakt="1" ObjArtID="1"/>
  <Objekte ObjID="19360" ObjAufnahme="2013-10-30" ObjStrasseID="7302" ObjHausnummer="Lange Laube 14" ObKeinKontakt="1" ObjArtID="1"/>
  <Objekte ObjID="19361" ObjAufnahme="2013-10-30" ObjStrasseID="7825" ObjHausnummer="Quantelholz" ObKeinKontakt="1" ObjArtID="177"/>
  <Objekte ObjID="19362" ObjAufnahme="2013-10-30" ObjStrasseID="8473" ObjHausnummer="Vinnhorster Weg 71" ObKeinKontakt="1" ObjArtID="1"/>
  <Objekte ObjID="19363" ObjAufnahme="2013-10-30" ObjStrasseID="6751" ObjHausnummer="Hartungstraße 27" ObKeinKontakt="1" ObjArtID="1"/>
  <Objekte ObjID="19364" ObjAufnahme="2013-12-04" ObjStrasseID="7380" ObjHausnummer="Liepmannstraße 34" ObKeinKontakt="1" ObjArtID="1"/>
  <Objekte ObjID="19365" ObjAufnahme="2013-12-04" ObjStrasseID="7630" ObjHausnummer="Neustädter Straße 6" ObKeinKontakt="1" ObjArtID="1"/>
  <Objekte ObjID="19366" ObjAufnahme="2013-12-04" ObjStrasseID="5920" ObjHausnummer="Bergmannstraße 2" ObKeinKontakt="1" ObjArtID="1"/>
  <Objekte ObjID="19367" ObjAufnahme="2013-12-04" ObjStrasseID="8153" ObjHausnummer="Seelhorststraße 40" ObKeinKontakt="1" ObjArtID="177"/>
  <Objekte ObjID="19368" ObjAufnahme="2013-12-04" ObjStrasseID="7851" ObjHausnummer="Rauschenplatstraße 4" ObKeinKontakt="1" ObjArtID="1"/>
  <Objekte ObjID="19369" ObjAufnahme="2013-12-04" ObjStrasseID="8194" ObjHausnummer="Simrockstraße 3" ObKeinKontakt="1" ObjArtID="1"/>
  <Objekte ObjID="19370" ObjAufnahme="2013-12-04" ObjStrasseID="5938" ObjHausnummer="Bertha-von-Suttner-Platz 26" ObKeinKontakt="1" ObjArtID="1"/>
  <Objekte ObjID="19371" ObjAufnahme="2013-12-04" ObjStrasseID="8484" ObjHausnummer="Voltastraße 28" ObKeinKontakt="1" ObjArtID="1"/>
  <Objekte ObjID="19372" ObjAufnahme="2013-12-04" ObjStrasseID="6338" ObjHausnummer="Elsenborner Straße 8" ObKeinKontakt="1" ObjArtID="1"/>
  <Objekte ObjID="19373" ObjAufnahme="2013-12-04" ObjStrasseID="8424" ObjHausnummer="Ubbenstraße 14" ObKeinKontakt="1" ObjArtID="1"/>
  <Objekte ObjID="19374" ObjAufnahme="2013-12-04" ObjStrasseID="159" ObjHausnummer="Jakobistraße 29" ObKeinKontakt="1" ObjArtID="177"/>
  <Objekte ObjID="19375" ObjAufnahme="2013-12-09" ObjStrasseID="5957" ObjHausnummer="Bindingweg 1" ObKeinKontakt="1" ObjArtID="1"/>
  <Objekte ObjID="19376" ObjAufnahme="2013-12-09" ObjStrasseID="8284" ObjHausnummer="Stenhusenstraße 33 A" ObKeinKontakt="1" ObjArtID="1"/>
  <Objekte ObjID="19377" ObjAufnahme="2013-12-09" ObjStrasseID="7902" ObjHausnummer="Ringstraße 6" ObKeinKontakt="1" ObjArtID="1"/>
  <Objekte ObjID="19378" ObjAufnahme="2013-12-09" ObjStrasseID="5994" ObjHausnummer="Blumenstraße 3" ObKeinKontakt="1" ObjArtID="1"/>
  <Objekte ObjID="19379" ObjAufnahme="2013-12-09" ObjStrasseID="5952" ObjHausnummer="Biener Busch 5" ObKeinKontakt="1" ObjArtID="1"/>
  <Objekte ObjID="19380" ObjAufnahme="2013-12-09" ObjStrasseID="6601" ObjHausnummer="Gorch-Fock-Straße 36" ObKeinKontakt="1" ObjArtID="1"/>
  <Objekte ObjID="19381" ObjAufnahme="2013-12-09" ObjStrasseID="6537" ObjHausnummer="General-Wever-Straße 81" ObKeinKontakt="1" ObjArtID="1"/>
  <Objekte ObjID="19382" ObjAufnahme="2013-12-09" ObjStrasseID="6336" ObjHausnummer="Elmstraße 1" ObKeinKontakt="1" ObjArtID="1"/>
  <Objekte ObjID="19383" ObjAufnahme="2013-12-09" ObjStrasseID="8263" ObjHausnummer="Steckerstraße 1 A" ObKeinKontakt="1" ObjArtID="1"/>
  <Objekte ObjID="19384" ObjAufnahme="2013-12-09" ObjStrasseID="7094" ObjHausnummer="Kapellenstraße 9" ObKeinKontakt="1" ObjArtID="1"/>
  <Objekte ObjID="19385" ObjAufnahme="2013-12-14" ObjStrasseID="15867" ObjHausnummer="Liethfeld 25" ObKeinKontakt="1" ObjArtID="1"/>
  <Objekte ObjID="19386" ObjAufnahme="2013-12-14" ObjStrasseID="15867" ObjHausnummer="Liethfeld 29" ObKeinKontakt="1" ObjArtID="1"/>
  <Objekte ObjID="19387" ObjAufnahme="2013-12-14" ObjStrasseID="6259" ObjHausnummer="Dragonerstraße 25" ObKeinKontakt="1" ObjArtID="1"/>
  <Objekte ObjID="19388" ObjAufnahme="2013-12-16" ObjStrasseID="7882" ObjHausnummer="Rhönweg 1" ObKeinKontakt="1" ObjArtID="1"/>
  <Objekte ObjID="19389" ObjAufnahme="2013-12-16" ObjStrasseID="7882" ObjHausnummer="Rhönweg 3" ObKeinKontakt="1" ObjArtID="1"/>
  <Objekte ObjID="19390" ObjAufnahme="2013-12-16" ObjStrasseID="7368" ObjHausnummer="Leuschnerstraße 62" ObKeinKontakt="1" ObjArtID="1"/>
  <Objekte ObjID="19391" ObjAufnahme="2013-12-16" ObjStrasseID="7193" ObjHausnummer="Knochenhauerstraße 34" ObKeinKontakt="1" ObjArtID="1"/>
  <Objekte ObjID="19392" ObjAufnahme="2013-12-16" ObjStrasseID="7368" ObjHausnummer="Leuschnerstraße 48" ObKeinKontakt="1" ObjArtID="1"/>
  <Objekte ObjID="19393" ObjAufnahme="2013-12-16" ObjStrasseID="7143" ObjHausnummer="Kiefkampstraße 24" ObKeinKontakt="1" ObjArtID="1"/>
  <Objekte ObjID="19394" ObjAufnahme="2013-12-17" ObjStrasseID="6026" ObjHausnummer="Borgentrickstraße 2" ObKeinKontakt="1" ObjArtID="1"/>
  <Objekte ObjID="19395" ObjAufnahme="2013-12-17" ObjStrasseID="7892" ObjHausnummer="Ricklinger Stadtweg 54" ObKeinKontakt="1" ObjArtID="1"/>
  <Objekte ObjID="19396" ObjAufnahme="2013-12-17" ObjStrasseID="6180" ObjHausnummer="Daimlerstraße 16" ObKeinKontakt="1" ObjArtID="1"/>
  <Objekte ObjID="19397" ObjAufnahme="2013-12-18" ObjStrasseID="6608" ObjHausnummer="Göttinger Chaussee 39" ObKeinKontakt="1" ObjArtID="1"/>
  <Objekte ObjID="19398" ObjAufnahme="2013-12-18" ObjStrasseID="2856" ObjHausnummer="Alte Herrenhäuser Straße 32" ObKeinKontakt="1" ObjArtID="1"/>
  <Objekte ObjID="19399" ObjAufnahme="2013-12-18" ObjStrasseID="7334" ObjHausnummer="Lehrter Straße 37" ObKeinKontakt="1" ObjArtID="1"/>
  <Objekte ObjID="19400" ObjAufnahme="2013-12-20" ObjStrasseID="7141" ObjHausnummer="Kiebitzrain 88" ObKeinKontakt="1" ObjArtID="1"/>
  <Objekte ObjID="19401" ObjAufnahme="2013-12-20" ObjStrasseID="5779" ObjHausnummer="An der Strangriede 48" ObKeinKontakt="1" ObjArtID="1"/>
  <Objekte ObjID="19402" ObjAufnahme="2013-12-20" ObjStrasseID="7887" ObjHausnummer="Richard-Wagner-Straße 11" ObKeinKontakt="1" ObjArtID="1"/>
  <Objekte ObjID="19403" ObjAufnahme="2013-12-20" ObjStrasseID="7711" ObjHausnummer="Otternplan 3" ObKeinKontakt="1" ObjArtID="1"/>
  <Objekte ObjID="19404" ObjAufnahme="2013-12-20" ObjStrasseID="8230" ObjHausnummer="Spessartweg 15" ObKeinKontakt="1" ObjArtID="1"/>
  <Objekte ObjID="19405" ObjAufnahme="2013-12-20" ObjStrasseID="6940" ObjHausnummer="Hunsrückweg 3" ObKeinKontakt="1" ObjArtID="1"/>
  <Objekte ObjID="19406" ObjAufnahme="2013-12-20" ObjStrasseID="15867" ObjHausnummer="Liethfeld 47" ObKeinKontakt="1" ObjArtID="1"/>
  <Objekte ObjID="19407" ObjAufnahme="2014-01-01" ObjStrasseID="6378" ObjHausnummer="Escherstraße 2" ObKeinKontakt="1" ObjArtID="1"/>
  <Objekte ObjID="19408" ObjAufnahme="2014-01-01" ObjStrasseID="7190" ObjHausnummer="Kneippweg" ObKeinKontakt="1" ObjArtID="177"/>
  <Objekte ObjID="19409" ObjAufnahme="2014-01-01" ObjStrasseID="7892" ObjHausnummer="Ricklinger Stadtweg 52" ObKeinKontakt="1" ObjArtID="1"/>
  <Objekte ObjID="19410" ObjAufnahme="2014-01-01" ObjStrasseID="6826" ObjHausnummer="Helmkestraße 16" ObKeinKontakt="1" ObjArtID="1"/>
  <Objekte ObjID="19411" ObjAufnahme="2014-01-01" ObjStrasseID="6882" ObjHausnummer="Hinter dem Holze 27" ObKeinKontakt="1" ObjArtID="177"/>
  <Objekte ObjID="19412" ObjAufnahme="2014-01-01" ObjStrasseID="6260" ObjHausnummer="Dragonerstaße 25" ObKeinKontakt="1" ObjArtID="1"/>
  <Objekte ObjID="19413" ObjAufnahme="2014-01-01" ObjStrasseID="8266" ObjHausnummer="Steigerwaldweg 4" ObKeinKontakt="1" ObjArtID="1"/>
  <Objekte ObjID="19414" ObjAufnahme="2014-01-01" ObjStrasseID="6151" ObjHausnummer="Clausthaler Weg 20" ObKeinKontakt="1" ObjArtID="1"/>
  <Objekte ObjID="19415" ObjAufnahme="2014-01-01" ObjStrasseID="7713" ObjHausnummer="Otto-Brenner-Straße 13" ObKeinKontakt="1" ObjArtID="1"/>
  <Objekte ObjID="19416" ObjAufnahme="2014-01-01" ObjStrasseID="8139" ObjHausnummer="Schwarzwaldstraße 37" ObKeinKontakt="1" ObjArtID="1"/>
  <Objekte ObjID="19417" ObjAufnahme="2014-01-01" ObjStrasseID="8305" ObjHausnummer="Stolzestraße 60" ObKeinKontakt="1" ObjArtID="1"/>
  <Objekte ObjID="19418" ObjAufnahme="2014-01-01" ObjStrasseID="7100" ObjHausnummer="Kardinal-Galen-Hof 9" ObKeinKontakt="1" ObjArtID="1"/>
  <Objekte ObjID="19419" ObjAufnahme="2014-01-01" ObjStrasseID="6050" ObjHausnummer="Brabeckstraße 165" ObKeinKontakt="1" ObjArtID="1"/>
  <Objekte ObjID="19420" ObjAufnahme="2014-01-01" ObjStrasseID="7927" ObjHausnummer="Rolandstraße 5" ObKeinKontakt="1" ObjArtID="1"/>
  <Objekte ObjID="19421" ObjAufnahme="2014-01-23" ObjStrasseID="7918" ObjHausnummer="Roderbruchstraße 16" ObKeinKontakt="1" ObjArtID="1"/>
  <Objekte ObjID="19422" ObjAufnahme="2014-01-23" ObjStrasseID="8113" ObjHausnummer="Schulenburger Landstraße 65" ObKeinKontakt="1" ObjArtID="1"/>
  <Objekte ObjID="19423" ObjAufnahme="2014-01-23" ObjStrasseID="7280" ObjHausnummer="Kulmer Weg 10" ObKeinKontakt="1" ObjArtID="1"/>
  <Objekte ObjID="19424" ObjAufnahme="2014-01-27" ObjStrasseID="5979" ObjHausnummer="Distelkamp 6" ObKeinKontakt="1" ObjArtID="1"/>
  <Objekte ObjID="19425" ObjAufnahme="2014-01-27" ObjStrasseID="6982" ObjHausnummer="Im Kamp 17" ObKeinKontakt="1" ObjArtID="1"/>
  <Objekte ObjID="19426" ObjAufnahme="2014-01-27" ObjStrasseID="7064" ObjHausnummer="Jörnshof 4" ObKeinKontakt="1" ObjArtID="1"/>
  <Objekte ObjID="19427" ObjAufnahme="2014-01-27" ObjStrasseID="5870" ObjHausnummer="Bangemannweg 11" ObKeinKontakt="1" ObjArtID="1"/>
  <Objekte ObjID="19428" ObjAufnahme="2014-02-01" ObjStrasseID="6958" ObjHausnummer="Ihmer Straße 18" ObKeinKontakt="1" ObjArtID="1"/>
  <Objekte ObjID="19429" ObjAufnahme="2014-02-01" ObjStrasseID="2856" ObjHausnummer="Alte Herrenhäuser Straße 18 G" ObKeinKontakt="1" ObjArtID="1"/>
  <Objekte ObjID="19430" ObjAufnahme="2014-02-01" ObjStrasseID="5718" ObjHausnummer="Am Sünderkamp 22 F" ObKeinKontakt="1" ObjArtID="1"/>
  <Objekte ObjID="19431" ObjAufnahme="2014-02-01" ObjStrasseID="6663" ObjHausnummer="Grüne Aue 1" ObKeinKontakt="1" ObjArtID="1"/>
  <Objekte ObjID="19432" ObjAufnahme="2014-02-01" ObjStrasseID="6944" ObjHausnummer="Hüttenstraße 5 A" ObKeinKontakt="1" ObjArtID="1"/>
  <Objekte ObjID="19433" ObjAufnahme="2014-02-01" ObjStrasseID="6725" ObjHausnummer="Hannoversche Straße 92" ObKeinKontakt="1" ObjArtID="1"/>
  <Objekte ObjID="19434" ObjAufnahme="2014-02-01" ObjStrasseID="8058" ObjHausnummer="Scheffelfeld 8" ObKeinKontakt="1" ObjArtID="1"/>
  <Objekte ObjID="19435" ObjAufnahme="2014-02-01" ObjStrasseID="6020" ObjHausnummer="Bomhauerstraße 28" ObKeinKontakt="1" ObjArtID="1"/>
  <Objekte ObjID="19436" ObjAufnahme="2014-02-01" ObjStrasseID="6758" ObjHausnummer="Hasenplan 5" ObKeinKontakt="1" ObjArtID="1"/>
  <Objekte ObjID="19437" ObjAufnahme="2014-02-01" ObjStrasseID="6713" ObjHausnummer="Haltenhoffstraße 161" ObKeinKontakt="1" ObjArtID="1"/>
  <Objekte ObjID="19438" ObjAufnahme="2014-02-01" ObjStrasseID="6188" ObjHausnummer="Darwinstraße 6" ObKeinKontakt="1" ObjArtID="1"/>
  <Objekte ObjID="19439" ObjAufnahme="2014-02-01" ObjStrasseID="7656" ObjHausnummer="Northeimer Wende 11" ObKeinKontakt="1" ObjArtID="1"/>
  <Objekte ObjID="19440" ObjAufnahme="2014-02-01" ObjStrasseID="8298" ObjHausnummer="Stöckener Straße 51" ObKeinKontakt="1" ObjArtID="1"/>
  <Objekte ObjID="19441" ObjAufnahme="2014-02-01" ObjStrasseID="7349" ObjHausnummer="Lenbachplatz 1" ObKeinKontakt="1" ObjArtID="1"/>
  <Objekte ObjID="19442" ObjAufnahme="2014-02-01" ObjStrasseID="8675" ObjHausnummer="Wolfenbütteler Straße 20" ObKeinKontakt="1" ObjArtID="1"/>
  <Objekte ObjID="19443" ObjAufnahme="2014-02-01" ObjStrasseID="6700" ObjHausnummer="Hägewiesen 120" ObKeinKontakt="1" ObjArtID="177"/>
  <Objekte ObjID="19444" ObjAufnahme="2014-02-01" ObjStrasseID="5927" ObjHausnummer="Berliner Allee 56" ObKeinKontakt="1" ObjArtID="1"/>
  <Objekte ObjID="19445" ObjAufnahme="2014-02-01" ObjStrasseID="5951" ObjHausnummer="Bienenweide 16" ObKeinKontakt="1" ObjArtID="1"/>
  <Objekte ObjID="19446" ObjAufnahme="2014-02-01" ObjStrasseID="7336" ObjHausnummer="Leiblstraße 45" ObKeinKontakt="1" ObjArtID="1"/>
  <Objekte ObjID="19447" ObjAufnahme="2014-02-01" ObjStrasseID="7200" ObjHausnummer="Kohlrauschstraße 17" ObKeinKontakt="1" ObjArtID="1"/>
  <Objekte ObjID="19448" ObjAufnahme="2014-02-01" ObjStrasseID="6259" ObjHausnummer="Dragonerstraße 33" ObKeinKontakt="1" ObjArtID="1"/>
  <Objekte ObjID="19449" ObjAufnahme="2014-02-01" ObjStrasseID="8581" ObjHausnummer="Wendtlandstraße 1" ObKeinKontakt="1" ObjArtID="1"/>
  <Objekte ObjID="19450" ObjAufnahme="2014-02-03" ObjStrasseID="8636" ObjHausnummer="Wilhelmshavener Straße 14" ObKeinKontakt="1" ObjArtID="1"/>
  <Objekte ObjID="19451" ObjAufnahme="2014-02-06" ObjStrasseID="6220" ObjHausnummer="Diesterwegstraße 25" ObKeinKontakt="1" ObjArtID="1"/>
  <Objekte ObjID="19452" ObjAufnahme="2014-02-06" ObjStrasseID="6712" ObjHausnummer="Haltenhoffstraße 61" ObKeinKontakt="1" ObjArtID="1"/>
  <Objekte ObjID="19453" ObjAufnahme="2014-02-06" ObjStrasseID="7942" ObjHausnummer="Rosenbergstraße 9" ObKeinKontakt="1" ObjArtID="1"/>
  <Objekte ObjID="19454" ObjAufnahme="2014-02-06" ObjStrasseID="7188" ObjHausnummer="Klusmannstraße 28" ObKeinKontakt="1" ObjArtID="1"/>
  <Objekte ObjID="19455" ObjAufnahme="2014-02-06" ObjStrasseID="5146" ObjHausnummer="Dormannstraße 23" ObKeinKontakt="1" ObjArtID="1"/>
  <Objekte ObjID="19456" ObjAufnahme="2014-02-06" ObjStrasseID="8610" ObjHausnummer="Wiehbergstraße 83" ObKeinKontakt="1" ObjArtID="177"/>
  <Objekte ObjID="19457" ObjAufnahme="2014-02-06" ObjStrasseID="8916" ObjHausnummer="Am Schafbrinke 23" ObKeinKontakt="1" ObjArtID="1"/>
  <Objekte ObjID="19458" ObjAufnahme="2014-02-06" ObjStrasseID="8473" ObjHausnummer="Vinnhorster Weg 69" ObKeinKontakt="1" ObjArtID="1"/>
  <Objekte ObjID="19459" ObjAufnahme="2014-02-06" ObjStrasseID="6397" ObjHausnummer="Feldstraße 8" ObKeinKontakt="1" ObjArtID="1"/>
  <Objekte ObjID="19460" ObjAufnahme="2014-02-06" ObjStrasseID="6245" ObjHausnummer="Donaustraße 38" ObKeinKontakt="1" ObjArtID="177"/>
  <Objekte ObjID="19461" ObjAufnahme="2014-02-06" ObjStrasseID="6124" ObjHausnummer="Bussestraße 5" ObKeinKontakt="1" ObjArtID="1"/>
  <Objekte ObjID="19462" ObjAufnahme="2014-02-06" ObjStrasseID="7131" ObjHausnummer="Kaulbachstraße 19" ObKeinKontakt="1" ObjArtID="1"/>
  <Objekte ObjID="19463" ObjAufnahme="2014-02-06" ObjStrasseID="7513" ObjHausnummer="Meitnerstraße 2" ObKeinKontakt="1" ObjArtID="177"/>
  <Objekte ObjID="19464" ObjAufnahme="2014-02-06" ObjStrasseID="7033" ObjHausnummer="Innersteweg 6" ObKeinKontakt="1" ObjArtID="1"/>
  <Objekte ObjID="19465" ObjAufnahme="2014-02-06" ObjStrasseID="15885" ObjHausnummer="Yvette-Amiot-Weg 5" ObKeinKontakt="1" ObjArtID="1"/>
  <Objekte ObjID="19466" ObjAufnahme="2014-02-06" ObjStrasseID="6884" ObjHausnummer="Hinter der Alten Burg 10" ObKeinKontakt="1" ObjArtID="1"/>
  <Objekte ObjID="19467" ObjAufnahme="2014-02-06" ObjStrasseID="7855" ObjHausnummer="Redenstraße 3-5" ObKeinKontakt="1" ObjArtID="1"/>
  <Objekte ObjID="19468" ObjAufnahme="2014-02-06" ObjStrasseID="8154" ObjHausnummer="Seestraße 3" ObKeinKontakt="1" ObjArtID="1"/>
  <Objekte ObjID="19469" ObjAufnahme="2014-02-06" ObjStrasseID="7451" ObjHausnummer="Lüssenhopstraße 20 B" ObKeinKontakt="1" ObjArtID="1"/>
  <Objekte ObjID="19470" ObjAufnahme="2014-02-06" ObjStrasseID="6458" ObjHausnummer="Freidingstraße 10" ObKeinKontakt="1" ObjArtID="1"/>
  <Objekte ObjID="19471" ObjAufnahme="2014-02-06" ObjStrasseID="7334" ObjHausnummer="Lehrter Straße 31" ObKeinKontakt="1" ObjArtID="1"/>
  <Objekte ObjID="19472" ObjAufnahme="2014-02-06" ObjStrasseID="6458" ObjHausnummer="Freidingstraße 14" ObKeinKontakt="1" ObjArtID="1"/>
  <Objekte ObjID="19473" ObjAufnahme="2014-02-06" ObjStrasseID="7778" ObjHausnummer="Philipsbornstraße 27" ObKeinKontakt="1" ObjArtID="1"/>
  <Objekte ObjID="19474" ObjAufnahme="2014-02-06" ObjStrasseID="7934" ObjHausnummer="Roonstraße 2" ObKeinKontakt="1" ObjArtID="1"/>
  <Objekte ObjID="19475" ObjAufnahme="2014-02-06" ObjStrasseID="5863" ObjHausnummer="Bahnstrift 36" ObKeinKontakt="1" ObjArtID="1"/>
  <Objekte ObjID="19476" ObjAufnahme="2014-03-18" ObjStrasseID="8312" ObjHausnummer="Stresemannallee 6" ObKeinKontakt="1" ObjArtID="1"/>
  <Objekte ObjID="19477" ObjAufnahme="2014-03-18" ObjStrasseID="7835" ObjHausnummer="Radebeuler Hof 11" ObKeinKontakt="1" ObjArtID="1"/>
  <Objekte ObjID="19478" ObjAufnahme="2014-03-26" ObjStrasseID="6350" ObjHausnummer="Engelbosteler Damm 90" ObKeinKontakt="1" ObjArtID="1"/>
  <Objekte ObjID="19479" ObjAufnahme="2014-03-26" ObjStrasseID="6054" ObjHausnummer="Brahmsstraße 2" ObKeinKontakt="1" ObjArtID="1"/>
  <Objekte ObjID="19480" ObjAufnahme="2014-03-26" ObjStrasseID="5595" ObjHausnummer="Alveser Weg 4" ObKeinKontakt="1" ObjArtID="1"/>
  <Objekte ObjID="19481" ObjAufnahme="2014-03-26" ObjStrasseID="6724" ObjHausnummer="Hannoversche Straße 79" ObKeinKontakt="1" ObjArtID="1"/>
  <Objekte ObjID="19482" ObjAufnahme="2014-03-27" ObjStrasseID="6088" ObjHausnummer="Brühlstraße 3" ObKeinKontakt="1" ObjArtID="1"/>
  <Objekte ObjID="19483" ObjAufnahme="2014-04-01" ObjStrasseID="7773" ObjHausnummer="Pfarrstraße 62" ObKeinKontakt="1" ObjArtID="1" ObjInfo="Eigentümer Gerrit Dollendorf : 01631520955"/>
  <Objekte ObjID="19484" ObjAufnahme="2014-04-14" ObjStrasseID="8074" ObjHausnummer="Schlägerstraße 23" ObKeinKontakt="1" ObjArtID="1"/>
  <Objekte ObjID="19485" ObjAufnahme="2014-04-14" ObjStrasseID="6719" ObjHausnummer="Hamsunstraße 10 B" ObKeinKontakt="1" ObjArtID="1"/>
  <Objekte ObjID="19486" ObjAufnahme="2014-04-14" ObjStrasseID="7940" ObjHausnummer="Rosemeyerstraße 6" ObKeinKontakt="1" ObjArtID="1"/>
  <Objekte ObjID="19487" ObjAufnahme="2014-04-14" ObjStrasseID="7964" ObjHausnummer="Rothaarweg 15" ObKeinKontakt="1" ObjArtID="1"/>
  <Objekte ObjID="19488" ObjAufnahme="2014-04-14" ObjStrasseID="5684" ObjHausnummer="Am Marstall 12" ObKeinKontakt="1" ObjArtID="1"/>
  <Objekte ObjID="19489" ObjAufnahme="2014-04-14" ObjStrasseID="8358" ObjHausnummer="Theodor-Heuss-Platz 10" ObKeinKontakt="1" ObjArtID="1"/>
  <Objekte ObjID="19490" ObjAufnahme="2014-04-14" ObjStrasseID="8358" ObjHausnummer="Theodor-Heuss-Platz 16" ObKeinKontakt="1" ObjArtID="1"/>
  <Objekte ObjID="19491" ObjAufnahme="2014-04-14" ObjStrasseID="8358" ObjHausnummer="Theodor-Heuss-Platz 12" ObKeinKontakt="1" ObjArtID="1"/>
  <Objekte ObjID="19492" ObjAufnahme="2014-04-14" ObjStrasseID="7485" ObjHausnummer="Mars-la-Tour-Straße 19" ObKeinKontakt="1" ObjArtID="1"/>
  <Objekte ObjID="19493" ObjAufnahme="2014-04-14" ObjStrasseID="8358" ObjHausnummer="Theodor-Heuss-Platz 23" ObKeinKontakt="1" ObjArtID="1"/>
  <Objekte ObjID="19494" ObjAufnahme="2014-04-14" ObjStrasseID="7480" ObjHausnummer="Marienstraße 35" ObKeinKontakt="1" ObjArtID="1"/>
  <Objekte ObjID="19495" ObjAufnahme="2014-04-14" ObjStrasseID="5801" ObjHausnummer="Angerstraße 93" ObKeinKontakt="1" ObjArtID="1"/>
  <Objekte ObjID="19496" ObjAufnahme="2014-04-23" ObjStrasseID="6196" ObjHausnummer="Davenstedter Straße 64 A" ObKeinKontakt="1" ObjArtID="1"/>
  <Objekte ObjID="19497" ObjAufnahme="2014-04-23" ObjStrasseID="7305" ObjHausnummer="Lange-Feld-Straße 61-71" ObKeinKontakt="1" ObjArtID="1"/>
  <Objekte ObjID="19498" ObjAufnahme="2014-04-23" ObjStrasseID="6850" ObjHausnummer="Hermann-Hesse-Straße 69" ObKeinKontakt="1" ObjArtID="1"/>
  <Objekte ObjID="19499" ObjAufnahme="2014-04-23" ObjStrasseID="15867" ObjHausnummer="Liethfeld 27" ObKeinKontakt="1" ObjArtID="1"/>
  <Objekte ObjID="19500" ObjAufnahme="2014-04-23" ObjStrasseID="15867" ObjHausnummer="Liethfeld 21" ObKeinKontakt="1" ObjArtID="1"/>
  <Objekte ObjID="19501" ObjAufnahme="2014-04-23" ObjStrasseID="15867" ObjHausnummer="Liethfeld 43" ObKeinKontakt="1" ObjArtID="1"/>
  <Objekte ObjID="19502" ObjAufnahme="2014-04-23" ObjStrasseID="15867" ObjHausnummer="Liethfeld 41" ObKeinKontakt="1" ObjArtID="1"/>
  <Objekte ObjID="19503" ObjAufnahme="2014-04-23" ObjStrasseID="8313" ObjHausnummer="Striehlstraße 19" ObKeinKontakt="1" ObjArtID="1"/>
  <Objekte ObjID="19504" ObjAufnahme="2014-04-23" ObjStrasseID="7302" ObjHausnummer="Lange Laube 17" ObKeinKontakt="1" ObjArtID="1"/>
  <Objekte ObjID="19505" ObjAufnahme="2014-04-23" ObjStrasseID="6782" ObjHausnummer="Heidering 58 B" ObKeinKontakt="1" ObjArtID="1"/>
  <Objekte ObjID="19506" ObjAufnahme="2014-04-23" ObjStrasseID="7850" ObjHausnummer="Raupertstraße 28" ObKeinKontakt="1" ObjArtID="1"/>
  <Objekte ObjID="19507" ObjAufnahme="2014-04-23" ObjStrasseID="6106" ObjHausnummer="Bultstraße 2" ObKeinKontakt="1" ObjArtID="1"/>
  <Objekte ObjID="19508" ObjAufnahme="2014-04-23" ObjStrasseID="8485" ObjHausnummer="Voltmerstraße 52" ObKeinKontakt="1" ObjArtID="1"/>
  <Objekte ObjID="19509" ObjAufnahme="2014-04-23" ObjStrasseID="8916" ObjHausnummer="Am Schafbrinke 27" ObKeinKontakt="1" ObjArtID="1"/>
  <Objekte ObjID="19510" ObjAufnahme="2014-04-23" ObjStrasseID="6782" ObjHausnummer="Heidering 5" ObKeinKontakt="1" ObjArtID="1"/>
  <Objekte ObjID="19511" ObjAufnahme="2014-04-23" ObjStrasseID="6442" ObjHausnummer="Fössestraße 79 A" ObKeinKontakt="1" ObjArtID="177"/>
  <Objekte ObjID="19512" ObjAufnahme="2014-04-23" ObjStrasseID="7838" ObjHausnummer="Raiffeisenstraße 2" ObKeinKontakt="1" ObjArtID="1"/>
  <Objekte ObjID="19513" ObjAufnahme="2014-04-23" ObjStrasseID="7153" ObjHausnummer="Kirchröder Straße 16" ObKeinKontakt="1" ObjArtID="1"/>
  <Objekte ObjID="19514" ObjAufnahme="2014-04-23" ObjStrasseID="5700" ObjHausnummer="Am Sauerwinkel 48" ObKeinKontakt="1" ObjArtID="1"/>
  <Objekte ObjID="19515" ObjAufnahme="2014-04-23" ObjStrasseID="7318" ObjHausnummer="Lauenauer Straße 4" ObKeinKontakt="1" ObjArtID="1"/>
  <Objekte ObjID="19516" ObjAufnahme="2014-04-24" ObjStrasseID="6280" ObjHausnummer="Düsternstraße 9" ObKeinKontakt="1" ObjArtID="1"/>
  <Objekte ObjID="19517" ObjAufnahme="2014-04-24" ObjStrasseID="6537" ObjHausnummer="General-Wever-Straße 75" ObKeinKontakt="1" ObjArtID="1"/>
  <Objekte ObjID="19518" ObjAufnahme="2014-04-24" ObjStrasseID="11696" ObjHausnummer="Adolfinenstraße 3" ObKeinKontakt="1" ObjArtID="1"/>
  <Objekte ObjID="19519" ObjAufnahme="2014-04-24" ObjStrasseID="7695" ObjHausnummer="Ossietzkyring 17" ObKeinKontakt="1" ObjArtID="1"/>
  <Objekte ObjID="19520" ObjAufnahme="2014-04-28" ObjStrasseID="6459" ObjHausnummer="Freienwalder Straße 13" ObKeinKontakt="1" ObjArtID="177"/>
  <Objekte ObjID="19521" ObjAufnahme="2014-04-28" ObjStrasseID="6599" ObjHausnummer="Gollstraße 85" ObKeinKontakt="1" ObjArtID="1"/>
  <Objekte ObjID="19522" ObjAufnahme="2014-04-28" ObjStrasseID="6691" ObjHausnummer="Habichtshorststraße 22" ObKeinKontakt="1" ObjArtID="1"/>
  <Objekte ObjID="19523" ObjAufnahme="2014-04-28" ObjStrasseID="6256" ObjHausnummer="Dörpefeld 60" ObKeinKontakt="1" ObjArtID="1"/>
  <Objekte ObjID="19524" ObjAufnahme="2014-04-28" ObjStrasseID="6827" ObjHausnummer="Helmstedter Straße 10" ObKeinKontakt="1" ObjArtID="1"/>
  <Objekte ObjID="19525" ObjAufnahme="2014-04-28" ObjStrasseID="7092" ObjHausnummer="Kapellenbrink 24" ObKeinKontakt="1" ObjArtID="1"/>
  <Objekte ObjID="19526" ObjAufnahme="2014-04-28" ObjStrasseID="8707" ObjHausnummer="Ziegelstraße 14" ObKeinKontakt="1" ObjArtID="1"/>
  <Objekte ObjID="19527" ObjAufnahme="2014-04-28" ObjStrasseID="7375" ObjHausnummer="Liebigstraße 23" ObKeinKontakt="1" ObjArtID="1"/>
  <Objekte ObjID="19528" ObjAufnahme="2014-04-28" ObjStrasseID="6039" ObjHausnummer="Börsmannstraße 5" ObKeinKontakt="1" ObjArtID="1"/>
  <Objekte ObjID="19529" ObjAufnahme="2014-05-01" ObjStrasseID="7169" ObjHausnummer="Kleine Düwelstraße 4" ObKeinKontakt="1" ObjArtID="177"/>
  <Objekte ObjID="19530" ObjAufnahme="2014-05-01" ObjStrasseID="7014" ObjHausnummer="Immermannstraße 1" ObKeinKontakt="1" ObjArtID="177"/>
  <Objekte ObjID="19531" ObjAufnahme="2014-05-01" ObjStrasseID="5720" ObjHausnummer="Am Taubenfelde 9" ObKeinKontakt="1" ObjArtID="1"/>
  <Objekte ObjID="19532" ObjAufnahme="2014-05-01" ObjStrasseID="5595" ObjHausnummer="Alveser Weg 14" ObKeinKontakt="1" ObjArtID="1"/>
  <Objekte ObjID="19533" ObjAufnahme="2014-05-01" ObjStrasseID="7778" ObjHausnummer="Philipsbornstraße 60" ObKeinKontakt="1" ObjArtID="1"/>
  <Objekte ObjID="19534" ObjAufnahme="2014-05-01" ObjStrasseID="8244" ObjHausnummer="Sporlederweg 5" ObKeinKontakt="1" ObjArtID="1"/>
  <Objekte ObjID="19535" ObjAufnahme="2014-05-01" ObjStrasseID="8380" ObjHausnummer="Tiergartenstraße 104" ObKeinKontakt="1" ObjArtID="1"/>
  <Objekte ObjID="19536" ObjAufnahme="2014-05-01" ObjStrasseID="6943" ObjHausnummer="Husumer Weg 13" ObKeinKontakt="1" ObjArtID="1"/>
  <Objekte ObjID="19537" ObjAufnahme="2014-05-01" ObjStrasseID="6609" ObjHausnummer="Göttinger Chaussee 144" ObKeinKontakt="1" ObjArtID="1"/>
  <Objekte ObjID="19538" ObjAufnahme="2014-05-01" ObjStrasseID="7819" ObjHausnummer="Prüßentrift 84" ObKeinKontakt="1" ObjArtID="1"/>
  <Objekte ObjID="19539" ObjAufnahme="2014-05-01" ObjStrasseID="5665" ObjHausnummer="Am Klagesmarkt 10" ObKeinKontakt="1" ObjArtID="1"/>
  <Objekte ObjID="19540" ObjAufnahme="2014-05-01" ObjStrasseID="7526" ObjHausnummer="Merckerstraße 1" ObKeinKontakt="1" ObjArtID="1"/>
  <Objekte ObjID="19541" ObjAufnahme="2014-05-01" ObjStrasseID="7345" ObjHausnummer="Leisewitzstraße 38" ObKeinKontakt="1" ObjArtID="1"/>
  <Objekte ObjID="19542" ObjAufnahme="2014-05-01" ObjStrasseID="5865" ObjHausnummer="Baldeniusstraße 29 B" ObKeinKontakt="1" ObjArtID="1"/>
  <Objekte ObjID="19543" ObjAufnahme="2014-05-01" ObjStrasseID="7388" ObjHausnummer="Limmerstraße 15 D" ObKeinKontakt="1" ObjArtID="1"/>
  <Objekte ObjID="19544" ObjAufnahme="2014-05-01" ObjStrasseID="6920" ObjHausnummer="Holzwiesen 133" ObKeinKontakt="1" ObjArtID="1"/>
  <Objekte ObjID="19545" ObjAufnahme="2014-05-01" ObjStrasseID="6665" ObjHausnummer="Grünewaldstraße 19" ObKeinKontakt="1" ObjArtID="1"/>
  <Objekte ObjID="19546" ObjAufnahme="2014-05-01" ObjStrasseID="11428" ObjHausnummer="Weinkampswende 21" ObKeinKontakt="1" ObjArtID="1"/>
  <Objekte ObjID="19547" ObjAufnahme="2014-05-03" ObjStrasseID="7794" ObjHausnummer="Plengestraße 6" ObKeinKontakt="1" ObjArtID="1"/>
  <Objekte ObjID="19548" ObjAufnahme="2014-05-03" ObjStrasseID="8610" ObjHausnummer="Wiehbergstraße 60" ObKeinKontakt="1" ObjArtID="1"/>
  <Objekte ObjID="19549" ObjAufnahme="2014-05-09" ObjStrasseID="7039" ObjHausnummer="Isernhagener Straße 30 A" ObKeinKontakt="1" ObjArtID="188"/>
  <Objekte ObjID="19550" ObjAufnahme="2014-05-09" ObjStrasseID="8267" ObjHausnummer="Steimbker Hof 9" ObKeinKontakt="1" ObjArtID="177"/>
</dataset>
