<?xml version='1.0' encoding='UTF-8'?>
<dataset>
  <Eigentuemermuster Zuordnungsnummer="1" KundEigtNr="28599" Eigentuemermuster="%02391928312%" Eingangsordner="1"/>
  <Eigentuemermuster Zuordnungsnummer="2" KundEigtNr="28599" Eigentuemermuster="%R.B. Makler GmbH%" Eingangsordner="3"/>
  <Eigentuemermuster Zuordnungsnummer="3" KundEigtNr="28600" Eigentuemermuster="%Fritsche Immobilien%" Eingangsordner="3"/>
  <Eigentuemermuster Zuordnungsnummer="4" KundEigtNr="28601" Eigentuemermuster="%KBR Immobilien GmbH%" Eingangsordner="1"/>
  <Eigentuemermuster Zuordnungsnummer="5" KundEigtNr="28602" Eigentuemermuster="%Konzeptbau Bauträger GmbH%" Eingangsordner="3"/>
  <Eigentuemermuster Zuordnungsnummer="6" KundEigtNr="8862" Eigentuemermuster="%Warnecke-Immobilien%" Eingangsordner="3"/>
  <Eigentuemermuster Zuordnungsnummer="7" KundEigtNr="28603" Eigentuemermuster="%von Lewinski Immobilienvertriebs GmbH%" Eingangsordner="3"/>
  <Eigentuemermuster Zuordnungsnummer="8" KundEigtNr="28604" Eigentuemermuster="%Herkules Grundbesitz AG %" Eingangsordner="1"/>
  <Eigentuemermuster Zuordnungsnummer="9" KundEigtNr="28605" Eigentuemermuster="%Robert Blanke KG%" Eingangsordner="3"/>
  <Eigentuemermuster Zuordnungsnummer="10" KundEigtNr="24580" Eigentuemermuster="%Patrizia Sales GmbH%" Eingangsordner="3"/>
  <Eigentuemermuster Zuordnungsnummer="11" KundEigtNr="28607" Eigentuemermuster="%Grefe Immobilien%" Eingangsordner="3"/>
  <Eigentuemermuster Zuordnungsnummer="12" KundEigtNr="8588" Eigentuemermuster="%Kreipe Immobilien%" Eingangsordner="3"/>
  <Eigentuemermuster Zuordnungsnummer="13" KundEigtNr="28608" Eigentuemermuster="%ENGEL &amp; VÖLKERS%" Eingangsordner="3"/>
  <Eigentuemermuster Zuordnungsnummer="14" KundEigtNr="8741" Eigentuemermuster="%FKI Immobilien%" Eingangsordner="3"/>
  <Eigentuemermuster Zuordnungsnummer="15" KundEigtNr="28609" Eigentuemermuster="%advanced24 e.K. Immobilie%" Eingangsordner="1"/>
  <Eigentuemermuster Zuordnungsnummer="16" KundEigtNr="28421" Eigentuemermuster="%KRASEMANN Immobilien Beratung &amp; Vermittlung GmbH%" Eingangsordner="3"/>
  <Eigentuemermuster Zuordnungsnummer="17" KundEigtNr="28610" Eigentuemermuster="%Roth-Immobilien%" Eingangsordner="3"/>
  <Eigentuemermuster Zuordnungsnummer="18" KundEigtNr="28611" Eigentuemermuster="%HAUS &amp; GRUNDEIGENTUM Service GmbH%" Eingangsordner="3"/>
  <Eigentuemermuster Zuordnungsnummer="19" KundEigtNr="28612" Eigentuemermuster="%WM Immobilien%" Eingangsordner="3"/>
  <Eigentuemermuster Zuordnungsnummer="20" KundEigtNr="28613" Eigentuemermuster="%Janßen Immobilien GmbH%" Eingangsordner="3"/>
  <Eigentuemermuster Zuordnungsnummer="21" KundEigtNr="8566" Eigentuemermuster="%Beatrice Semm-Krygier Immobilien%" Eingangsordner="3"/>
  <Eigentuemermuster Zuordnungsnummer="22" KundEigtNr="28614" Eigentuemermuster="%Plenar-Immobilien%" Eingangsordner="1"/>
  <Eigentuemermuster Zuordnungsnummer="23" KundEigtNr="28615" Eigentuemermuster="%Kaste Immobilien GbR %" Eingangsordner="3"/>
  <Eigentuemermuster Zuordnungsnummer="24" KundEigtNr="28616" Eigentuemermuster="%VON POLL IMMOBILIEN%" Eingangsordner="1"/>
  <Eigentuemermuster Zuordnungsnummer="25" KundEigtNr="28617" Eigentuemermuster="%MICHAELA MUELLER IMMOBILIEN%" Eingangsordner="3"/>
  <Eigentuemermuster Zuordnungsnummer="26" KundEigtNr="28618" Eigentuemermuster="%F.M. Frank Meyer GmbH &amp; Co. Immobilien KG%" Eingangsordner="3"/>
  <Eigentuemermuster Zuordnungsnummer="27" KundEigtNr="28619" Eigentuemermuster="%Siegler-Immobilien%" Eingangsordner="3"/>
  <Eigentuemermuster Zuordnungsnummer="28" KundEigtNr="28620" Eigentuemermuster="%Maria-Katharina Lorberg%" Eingangsordner="1"/>
  <Eigentuemermuster Zuordnungsnummer="29" KundEigtNr="28621" Eigentuemermuster="%TLi TOPLAGE IMMOBILIEN GMBH%" Eingangsordner="3"/>
  <Eigentuemermuster Zuordnungsnummer="30" KundEigtNr="28622" Eigentuemermuster="%Immobilienpartner GmbH%" Eingangsordner="3"/>
  <Eigentuemermuster Zuordnungsnummer="31" KundEigtNr="28623" Eigentuemermuster="%IMAXX AG%" Eingangsordner="3"/>
  <Eigentuemermuster Zuordnungsnummer="32" KundEigtNr="28624" Eigentuemermuster="%Immobilienmanagement Rother%" Eingangsordner="3"/>
  <Eigentuemermuster Zuordnungsnummer="33" KundEigtNr="28625" Eigentuemermuster="%LAMDA - Immobilien Sales Management e.K.%" Eingangsordner="3"/>
  <Eigentuemermuster Zuordnungsnummer="34" KundEigtNr="28626" Eigentuemermuster="%m² Immobilien GmbH%" Eingangsordner="3"/>
  <Eigentuemermuster Zuordnungsnummer="35" KundEigtNr="28627" Eigentuemermuster="%DELI&amp;CON%" Eingangsordner="3"/>
  <Eigentuemermuster Zuordnungsnummer="36" KundEigtNr="28628" Eigentuemermuster="%LWK Vermittlungs- und Handelsgesellschaft mbH%" Eingangsordner="3"/>
  <Eigentuemermuster Zuordnungsnummer="37" KundEigtNr="28629" Eigentuemermuster="%Englitz Immobilien%" Eingangsordner="3"/>
  <Eigentuemermuster Zuordnungsnummer="38" KundEigtNr="28630" Eigentuemermuster="%CONIMMO Immobilien%" Eingangsordner="3"/>
  <Eigentuemermuster Zuordnungsnummer="39" KundEigtNr="28631" Eigentuemermuster="%ImmoVerde GmbH%" Eingangsordner="3"/>
  <Eigentuemermuster Zuordnungsnummer="40" KundEigtNr="28632" Eigentuemermuster="%Pröbster Immo Consult%" Eingangsordner="3"/>
  <Eigentuemermuster Zuordnungsnummer="41" KundEigtNr="28403" Eigentuemermuster="%HOCHTIEF Solutions AG formart%" Eingangsordner="3"/>
  <Eigentuemermuster Zuordnungsnummer="42" KundEigtNr="28633" Eigentuemermuster="%Immobilien Fair &amp; Freundlich Hannover Nord%" Eingangsordner="3"/>
  <Eigentuemermuster Zuordnungsnummer="43" KundEigtNr="28634" Eigentuemermuster="%Diana Funk Immobilien Solutions%" Eingangsordner="3"/>
  <Eigentuemermuster Zuordnungsnummer="44" KundEigtNr="28566" Eigentuemermuster="%Landré Grundstücksgesellschaft mbH%" Eingangsordner="1"/>
  <Eigentuemermuster Zuordnungsnummer="45" KundEigtNr="28635" Eigentuemermuster="%Vier Wände Immobilien Consulting%" Eingangsordner="3"/>
  <Eigentuemermuster Zuordnungsnummer="46" KundEigtNr="28636" Eigentuemermuster="%ALL IN ONE Services%" Eingangsordner="3"/>
  <Eigentuemermuster Zuordnungsnummer="47" KundEigtNr="38" Eigentuemermuster="%Gundlach GmbH &amp; Co. KG %" Eingangsordner="3"/>
  <Eigentuemermuster Zuordnungsnummer="48" KundEigtNr="28637" Eigentuemermuster="%V&amp;V Beteiligungs GmbH%" Eingangsordner="3"/>
  <Eigentuemermuster Zuordnungsnummer="49" KundEigtNr="28638" Eigentuemermuster="%Henze Assekuranz Immobilien%" Eingangsordner="3"/>
  <Eigentuemermuster Zuordnungsnummer="50" KundEigtNr="28639" Eigentuemermuster="%HKI Heike Koehler Immobilien e.K.%" Eingangsordner="3"/>
  <Eigentuemermuster Zuordnungsnummer="51" KundEigtNr="15488" Eigentuemermuster="%Helga Schwarze Immobilien%" Eingangsordner="3"/>
  <Eigentuemermuster Zuordnungsnummer="52" KundEigtNr="28640" Eigentuemermuster="%Präsenz Immobilien%" Eingangsordner="3"/>
  <Eigentuemermuster Zuordnungsnummer="53" KundEigtNr="28641" Eigentuemermuster="%KF BauTec GmbH%" Eingangsordner="3"/>
  <Eigentuemermuster Zuordnungsnummer="54" KundEigtNr="28642" Eigentuemermuster="%Dipl. Oec. Norbert RUDNICK IMMOBILIEN%" Eingangsordner="3"/>
  <Eigentuemermuster Zuordnungsnummer="55" KundEigtNr="28643" Eigentuemermuster="%Hausverwaltung Broocks%" Eingangsordner="3"/>
  <Eigentuemermuster Zuordnungsnummer="56" KundEigtNr="28644" Eigentuemermuster="%Casita-Residenz Immobilien%" Eingangsordner="3"/>
  <Eigentuemermuster Zuordnungsnummer="57" KundEigtNr="28645" Eigentuemermuster="%KRACKE IMMOBILIEN%" Eingangsordner="3"/>
  <Eigentuemermuster Zuordnungsnummer="58" KundEigtNr="15909" Eigentuemermuster="%Henschel Immobilien%" Eingangsordner="3"/>
  <Eigentuemermuster Zuordnungsnummer="59" KundEigtNr="28646" Eigentuemermuster="%Kühn-Meinen Immobilien%" Eingangsordner="3"/>
  <Eigentuemermuster Zuordnungsnummer="60" KundEigtNr="28647" Eigentuemermuster="%Anklam Immobilien%" Eingangsordner="3"/>
  <Eigentuemermuster Zuordnungsnummer="61" KundEigtNr="28648" Eigentuemermuster="%Witte Immobilien%" Eingangsordner="3"/>
  <Eigentuemermuster Zuordnungsnummer="62" KundEigtNr="1953" Eigentuemermuster="%Delta Bau AG%" Eingangsordner="3"/>
  <Eigentuemermuster Zuordnungsnummer="63" KundEigtNr="28649" Eigentuemermuster="%Schindler Immobilien%" Eingangsordner="3"/>
  <Eigentuemermuster Zuordnungsnummer="64" KundEigtNr="28650" Eigentuemermuster="%Kaufhold Immobilien GmbH%" Eingangsordner="3"/>
  <Eigentuemermuster Zuordnungsnummer="65" KundEigtNr="27537" Eigentuemermuster="%frb Immobilien%" Eingangsordner="3"/>
  <Eigentuemermuster Zuordnungsnummer="66" KundEigtNr="28651" Eigentuemermuster="%Jühlcke &amp; Dietz GmbH%" Eingangsordner="3"/>
  <Eigentuemermuster Zuordnungsnummer="67" KundEigtNr="28652" Eigentuemermuster="%Schoppe Immobilien%" Eingangsordner="3"/>
  <Eigentuemermuster Zuordnungsnummer="68" KundEigtNr="28653" Eigentuemermuster="%C. Wagner &amp; A. Drenker Immobilien GbR%" Eingangsordner="3"/>
  <Eigentuemermuster Zuordnungsnummer="69" KundEigtNr="28740" Eigentuemermuster="%1st-Immobilien%" Eingangsordner="3"/>
  <Eigentuemermuster Zuordnungsnummer="70" KundEigtNr="11470" Eigentuemermuster="%Favoriet Grundbesitz KG%" Eingangsordner="1"/>
  <Eigentuemermuster Zuordnungsnummer="71" KundEigtNr="28654" Eigentuemermuster="%Grundstücksgemeinschaft Fastje%" Eingangsordner="1"/>
  <Eigentuemermuster Zuordnungsnummer="72" KundEigtNr="28655" Eigentuemermuster="%Regina Hesse Immobilien%" Eingangsordner="3"/>
  <Eigentuemermuster Zuordnungsnummer="73" KundEigtNr="28656" Eigentuemermuster="%Dahler &amp; Company%" Eingangsordner="3"/>
  <Eigentuemermuster Zuordnungsnummer="74" KundEigtNr="28657" Eigentuemermuster="%eckl GmbH%" Eingangsordner="3"/>
  <Eigentuemermuster Zuordnungsnummer="75" KundEigtNr="28658" Eigentuemermuster="%Koll &amp; Kollegen Immobilien%" Eingangsordner="1"/>
  <Eigentuemermuster Zuordnungsnummer="76" KundEigtNr="28659" Eigentuemermuster="%stuja.immobilien%" Eingangsordner="3"/>
  <Eigentuemermuster Zuordnungsnummer="77" KundEigtNr="28660" Eigentuemermuster="%Hering&amp;Cie.Immobilien%" Eingangsordner="3"/>
  <Eigentuemermuster Zuordnungsnummer="78" KundEigtNr="28661" Eigentuemermuster="%Elke Becker Immobilien GmbH%" Eingangsordner="3"/>
  <Eigentuemermuster Zuordnungsnummer="79" KundEigtNr="28662" Eigentuemermuster="%Baum Service GmbH%" Eingangsordner="3"/>
  <Eigentuemermuster Zuordnungsnummer="80" KundEigtNr="28739" Eigentuemermuster="%Altro Mondo GmbH Immobiliengesellschaft%" Eingangsordner="3"/>
  <Eigentuemermuster Zuordnungsnummer="81" KundEigtNr="28663" Eigentuemermuster="%Allerkamp Immobilien%" Eingangsordner="3"/>
  <Eigentuemermuster Zuordnungsnummer="82" KundEigtNr="28665" Eigentuemermuster="%Hausverwaltung Optima GmbH%" Eingangsordner="3"/>
  <Eigentuemermuster Zuordnungsnummer="83" KundEigtNr="28666" Eigentuemermuster="%Kohn Immobilien GmbH &amp; Co.KG%" Eingangsordner="3"/>
  <Eigentuemermuster Zuordnungsnummer="84" KundEigtNr="8582" Eigentuemermuster="%Tiergarten Immobilien GmbH%" Eingangsordner="3"/>
  <Eigentuemermuster Zuordnungsnummer="85" KundEigtNr="28667" Eigentuemermuster="%Deutsche Annington Kundenservice GmbH%" Eingangsordner="3"/>
  <Eigentuemermuster Zuordnungsnummer="86" KundEigtNr="28551" Eigentuemermuster="%Bayerische Versorgungskammer%" Eingangsordner="3"/>
  <Eigentuemermuster Zuordnungsnummer="87" KundEigtNr="14689" Eigentuemermuster="%Timpe-Immobilien GmbH%" Eingangsordner="3"/>
  <Eigentuemermuster Zuordnungsnummer="88" KundEigtNr="28507" Eigentuemermuster="%BVI-Service%" Eingangsordner="3"/>
  <Eigentuemermuster Zuordnungsnummer="89" KundEigtNr="28668" Eigentuemermuster="%RÖNPAGEL IMMOBILIEN%" Eingangsordner="3"/>
  <Eigentuemermuster Zuordnungsnummer="90" KundEigtNr="28669" Eigentuemermuster="%IMAG immobilien marketing agentur%" Eingangsordner="3"/>
  <Eigentuemermuster Zuordnungsnummer="91" KundEigtNr="28670" Eigentuemermuster="%Eden Hausverwaltung GmbH%" Eingangsordner="3"/>
  <Eigentuemermuster Zuordnungsnummer="92" KundEigtNr="28671" Eigentuemermuster="%Kerkhoff Immobilien GmbH%" Eingangsordner="3"/>
  <Eigentuemermuster Zuordnungsnummer="93" KundEigtNr="28672" Eigentuemermuster="%Grützmacher Immobilien%" Eingangsordner="3"/>
  <Eigentuemermuster Zuordnungsnummer="94" KundEigtNr="28673" Eigentuemermuster="%dibs24%" Eingangsordner="3"/>
  <Eigentuemermuster Zuordnungsnummer="95" KundEigtNr="28674" Eigentuemermuster="%NordHyp Immobilien GmbH%" Eingangsordner="3"/>
  <Eigentuemermuster Zuordnungsnummer="96" KundEigtNr="28675" Eigentuemermuster="%Rosema-Immobilien%" Eingangsordner="3"/>
  <Eigentuemermuster Zuordnungsnummer="97" KundEigtNr="17922" Eigentuemermuster="%Dierkes u. Finster GbR%" Eingangsordner="3"/>
  <Eigentuemermuster Zuordnungsnummer="98" KundEigtNr="28738" Eigentuemermuster="%Concept Immobilien GmbH%" Eingangsordner="3"/>
  <Eigentuemermuster Zuordnungsnummer="99" KundEigtNr="28676" Eigentuemermuster="%Bauwerk Liegenschaftsverwaltung GmbH%" Eingangsordner="1"/>
  <Eigentuemermuster Zuordnungsnummer="100" KundEigtNr="28677" Eigentuemermuster="%Hartge Immobilien%" Eingangsordner="3"/>
  <Eigentuemermuster Zuordnungsnummer="101" KundEigtNr="5199" Eigentuemermuster="%Heimatwerk Hannover eG%" Eingangsordner="3"/>
  <Eigentuemermuster Zuordnungsnummer="102" KundEigtNr="28678" Eigentuemermuster="%Friendlymakler Hannover%" Eingangsordner="3"/>
  <Eigentuemermuster Zuordnungsnummer="103" KundEigtNr="28679" Eigentuemermuster="%Deutscher Immobilienverbund%" Eingangsordner="3"/>
  <Eigentuemermuster Zuordnungsnummer="104" KundEigtNr="28680" Eigentuemermuster="%Modern Living Immobilien Olaf Janzon und Katharina Biskup GbR%" Eingangsordner="3"/>
  <Eigentuemermuster Zuordnungsnummer="105" KundEigtNr="28681" Eigentuemermuster="%immopack%" Eingangsordner="3"/>
  <Eigentuemermuster Zuordnungsnummer="106" KundEigtNr="28741" Eigentuemermuster="%Ost wohnen%" Eingangsordner="3"/>
  <Eigentuemermuster Zuordnungsnummer="107" KundEigtNr="28682" Eigentuemermuster="%Martin Pahls-Immobilien%" Eingangsordner="3"/>
  <Eigentuemermuster Zuordnungsnummer="108" KundEigtNr="28520" Eigentuemermuster="%WBG Hannover-Ost e.G.%" Eingangsordner="3"/>
  <Eigentuemermuster Zuordnungsnummer="109" KundEigtNr="28683" Eigentuemermuster="%Atrium Treuhandgesellschaft für Haus &amp; Grund GmbH &amp; Co. KG%" Eingangsordner="1"/>
  <Eigentuemermuster Zuordnungsnummer="110" KundEigtNr="9113" Eigentuemermuster="%Kirchröder Wohnungsverwaltung GmbH%" Eingangsordner="3"/>
  <Eigentuemermuster Zuordnungsnummer="111" KundEigtNr="824" Eigentuemermuster="%Georg Goedicke%" Eingangsordner="3"/>
  <Eigentuemermuster Zuordnungsnummer="112" KundEigtNr="28685" Eigentuemermuster="%Wohnenswert Immobilien%" Eingangsordner="3"/>
  <Eigentuemermuster Zuordnungsnummer="113" KundEigtNr="28688" Eigentuemermuster="%dm-immoservice%" Eingangsordner="3"/>
  <Eigentuemermuster Zuordnungsnummer="114" KundEigtNr="28689" Eigentuemermuster="%Schöner Wohnen in Hannover%" Eingangsordner="3"/>
  <Eigentuemermuster Zuordnungsnummer="116" KundEigtNr="28691" Eigentuemermuster="%Grenzburg Immobilien%" Eingangsordner="3"/>
  <Eigentuemermuster Zuordnungsnummer="117" KundEigtNr="28692" Eigentuemermuster="%Simone Thiele Immobilien%" Eingangsordner="3"/>
  <Eigentuemermuster Zuordnungsnummer="118" KundEigtNr="8286" Eigentuemermuster="%Volker von Wülfing Immobilien GmbH%" Eingangsordner="3"/>
  <Eigentuemermuster Zuordnungsnummer="119" KundEigtNr="28693" Eigentuemermuster="%Mirzet Salihovic Hausverwaltung%" Eingangsordner="3"/>
  <Eigentuemermuster Zuordnungsnummer="120" KundEigtNr="9554" Eigentuemermuster="%Grundstücksverwaltung Ehlert%" Eingangsordner="1"/>
  <Eigentuemermuster Zuordnungsnummer="121" KundEigtNr="28694" Eigentuemermuster="%Perfekte-Wohnung.de%" Eingangsordner="3"/>
  <Eigentuemermuster Zuordnungsnummer="122" KundEigtNr="28695" Eigentuemermuster="%Makler- und Sachverständigenbüro Drewitz%" Eingangsordner="3"/>
  <Eigentuemermuster Zuordnungsnummer="123" KundEigtNr="28696" Eigentuemermuster="%banking &amp; finance%" Eingangsordner="1"/>
  <Eigentuemermuster Zuordnungsnummer="124" KundEigtNr="259" Eigentuemermuster="%Spar- und Bauverein eG%" Eingangsordner="3"/>
  <Eigentuemermuster Zuordnungsnummer="125" KundEigtNr="28697" Eigentuemermuster="%Elias Immobilien%" Eingangsordner="3"/>
  <Eigentuemermuster Zuordnungsnummer="126" KundEigtNr="28698" Eigentuemermuster="%Südstadt Immobilien%" Eingangsordner="3"/>
  <Eigentuemermuster Zuordnungsnummer="128" KundEigtNr="28700" Eigentuemermuster="%Helene Raaz Immobilien%" Eingangsordner="3"/>
  <Eigentuemermuster Zuordnungsnummer="129" KundEigtNr="9132" Eigentuemermuster="%WGH-Herrenhausen eG%" Eingangsordner="3"/>
  <Eigentuemermuster Zuordnungsnummer="276" KundEigtNr="28514" Eigentuemermuster="%Bauwert Immobilien Treuhand%" Eingangsordner="3"/>
  <Eigentuemermuster Zuordnungsnummer="131" KundEigtNr="28581" Eigentuemermuster="%Wohnungs-Verkehrs-Wacht GmbH%" Eingangsordner="3"/>
  <Eigentuemermuster Zuordnungsnummer="132" KundEigtNr="28516" Eigentuemermuster="%GAGFAH GROUP%" Eingangsordner="3"/>
  <Eigentuemermuster Zuordnungsnummer="133" KundEigtNr="28702" Eigentuemermuster="%HannoverHome%" Eingangsordner="3"/>
  <Eigentuemermuster Zuordnungsnummer="134" KundEigtNr="28703" Eigentuemermuster="%WFV - Wohnfinanz- u. Verwaltungs GmbH%" Eingangsordner="3"/>
  <Eigentuemermuster Zuordnungsnummer="135" KundEigtNr="28705" Eigentuemermuster="%Tobias Rehse Immobilien%" Eingangsordner="3"/>
  <Eigentuemermuster Zuordnungsnummer="136" KundEigtNr="28706" Eigentuemermuster="%LeineImmobilien%" Eingangsordner="3"/>
  <Eigentuemermuster Zuordnungsnummer="137" KundEigtNr="4994" Eigentuemermuster="%Wohnbau GmbH%" Eingangsordner="3"/>
  <Eigentuemermuster Zuordnungsnummer="139" KundEigtNr="28707" Eigentuemermuster="%Makler Team Hannover%" Eingangsordner="3"/>
  <Eigentuemermuster Zuordnungsnummer="140" KundEigtNr="28742" Eigentuemermuster="%BS Immobilienkanzlei GmbH%" Eingangsordner="3"/>
  <Eigentuemermuster Zuordnungsnummer="141" KundEigtNr="28707" Eigentuemermuster="%MT-Immobilien%" Eingangsordner="3"/>
  <Eigentuemermuster Zuordnungsnummer="142" KundEigtNr="28707" Eigentuemermuster="%Immoconcept Immobilien%" Eingangsordner="3"/>
  <Eigentuemermuster Zuordnungsnummer="143" KundEigtNr="28708" Eigentuemermuster="%meravis Wohnungsbau- und Immobilien GmbH%" Eingangsordner="3"/>
  <Eigentuemermuster Zuordnungsnummer="144" KundEigtNr="28709" Eigentuemermuster="%Brünig Immobilien GmbH%" Eingangsordner="3"/>
  <Eigentuemermuster Zuordnungsnummer="145" KundEigtNr="28710" Eigentuemermuster="%Kunze Immobilien e. K.%" Eingangsordner="3"/>
  <Eigentuemermuster Zuordnungsnummer="146" KundEigtNr="28505" Eigentuemermuster="%BBK Bau GmbH%" Eingangsordner="3"/>
  <Eigentuemermuster Zuordnungsnummer="147" KundEigtNr="28711" Eigentuemermuster="%Weise Immobilien%" Eingangsordner="3"/>
  <Eigentuemermuster Zuordnungsnummer="148" KundEigtNr="28713" Eigentuemermuster="%Verwaltungsunion GmbH%" Eingangsordner="3"/>
  <Eigentuemermuster Zuordnungsnummer="149" KundEigtNr="28521" Eigentuemermuster="%bautra GmbH%" Eingangsordner="3"/>
  <Eigentuemermuster Zuordnungsnummer="150" KundEigtNr="769" Eigentuemermuster="%Ärzteversorgung Niedersachsen%" Eingangsordner="1"/>
  <Eigentuemermuster Zuordnungsnummer="151" KundEigtNr="164" Eigentuemermuster="%Gesellschaft für Bauen und Wohnen Hannover mbH%" Eingangsordner="3"/>
  <Eigentuemermuster Zuordnungsnummer="152" KundEigtNr="28579" Eigentuemermuster="%Kerkhoff Hausverwaltung OHG%" Eingangsordner="3"/>
  <Eigentuemermuster Zuordnungsnummer="153" KundEigtNr="28714" Eigentuemermuster="%Penates Grundstück &amp; Projektmanagement GmbH Herr%" Eingangsordner="1"/>
  <Eigentuemermuster Zuordnungsnummer="154" KundEigtNr="28715" Eigentuemermuster="%Engelhardt Immobilien Management%" Eingangsordner="3"/>
  <Eigentuemermuster Zuordnungsnummer="155" KundEigtNr="28716" Eigentuemermuster="%HG Haus- und Grundstücksbetreuungs- GmbH%" Eingangsordner="3"/>
  <Eigentuemermuster Zuordnungsnummer="156" KundEigtNr="28717" Eigentuemermuster="%Schreek GmbH Miet- und Eigentumsverwaltung%" Eingangsordner="3"/>
  <Eigentuemermuster Zuordnungsnummer="157" KundEigtNr="28718" Eigentuemermuster="%WohnTraum Immobilien%" Eingangsordner="3"/>
  <Eigentuemermuster Zuordnungsnummer="158" KundEigtNr="28719" Eigentuemermuster="%Integer Immobilien%" Eingangsordner="3"/>
  <Eigentuemermuster Zuordnungsnummer="159" KundEigtNr="28720" Eigentuemermuster="%Weber und Surmann%" Eingangsordner="3"/>
  <Eigentuemermuster Zuordnungsnummer="160" KundEigtNr="28721" Eigentuemermuster="%DIE IMMO ENGEL%" Eingangsordner="3"/>
  <Eigentuemermuster Zuordnungsnummer="161" KundEigtNr="28548" Eigentuemermuster="%Zusatzversorgungskasse des Baugewerbes AG%" Eingangsordner="3"/>
  <Eigentuemermuster Zuordnungsnummer="162" KundEigtNr="28722" Eigentuemermuster="%ImmoStyle GmbH%" Eingangsordner="3"/>
  <Eigentuemermuster Zuordnungsnummer="163" KundEigtNr="28723" Eigentuemermuster="%Bothe GmbH%" Eingangsordner="3"/>
  <Eigentuemermuster Zuordnungsnummer="164" KundEigtNr="90" Eigentuemermuster="%Wohnungsbaugenossenschaft der Polizeibeamten eG%" Eingangsordner="1"/>
  <Eigentuemermuster Zuordnungsnummer="165" KundEigtNr="28523" Eigentuemermuster="%Dipl.-Ing. G.Turnier Hausverwaltung%" Eingangsordner="3"/>
  <Eigentuemermuster Zuordnungsnummer="166" KundEigtNr="28527" Eigentuemermuster="%Württembergische Lebensversicherung AG%" Eingangsordner="1"/>
  <Eigentuemermuster Zuordnungsnummer="167" KundEigtNr="98" Eigentuemermuster="%OSTLAND Wohnungsgenossenschaft eG%" Eingangsordner="3"/>
  <Eigentuemermuster Zuordnungsnummer="168" KundEigtNr="28724" Eigentuemermuster="%Heinrich Immobilien Hannover e.K.%" Eingangsordner="3"/>
  <Eigentuemermuster Zuordnungsnummer="169" KundEigtNr="28725" Eigentuemermuster="%Abbassi Finanzberatung%" Eingangsordner="3"/>
  <Eigentuemermuster Zuordnungsnummer="170" KundEigtNr="28726" Eigentuemermuster="%Waldersee Grundstücksverwaltungsgesellschaft mbH%" Eingangsordner="3"/>
  <Eigentuemermuster Zuordnungsnummer="171" KundEigtNr="28727" Eigentuemermuster="%House &amp; Room Privatzimmervermittlung%" Eingangsordner="3"/>
  <Eigentuemermuster Zuordnungsnummer="172" KundEigtNr="28728" Eigentuemermuster="%vBB Immobilien GmbH &amp; Co. KG%" Eingangsordner="3"/>
  <Eigentuemermuster Zuordnungsnummer="173" KundEigtNr="28729" Eigentuemermuster="%Pro Immobilia GmbH%" Eingangsordner="3"/>
  <Eigentuemermuster Zuordnungsnummer="174" KundEigtNr="28730" Eigentuemermuster="%Immohouse24%" Eingangsordner="3"/>
  <Eigentuemermuster Zuordnungsnummer="175" KundEigtNr="28732" Eigentuemermuster="%Goetze Immobilienberatung%" Eingangsordner="3"/>
  <Eigentuemermuster Zuordnungsnummer="176" KundEigtNr="1890" Eigentuemermuster="%Dudda &amp; Seidel GmbH%" Eingangsordner="3"/>
  <Eigentuemermuster Zuordnungsnummer="177" KundEigtNr="28731" Eigentuemermuster="%Brömer &amp; Koch GmbH%" Eingangsordner="3"/>
  <Eigentuemermuster Zuordnungsnummer="178" KundEigtNr="28735" Eigentuemermuster="%Olinda Immobilien%" Eingangsordner="3"/>
  <Eigentuemermuster Zuordnungsnummer="179" KundEigtNr="28736" Eigentuemermuster="%Heindrich Hausverwaltungen GmbH%" Eingangsordner="3"/>
  <Eigentuemermuster Zuordnungsnummer="180" KundEigtNr="28743" Eigentuemermuster="%Meier-Heptner Immobilien%" Eingangsordner="3"/>
  <Eigentuemermuster Zuordnungsnummer="275" KundEigtNr="15191" Eigentuemermuster="%Dorec Immobilien%" Eingangsordner="3"/>
  <Eigentuemermuster Zuordnungsnummer="182" KundEigtNr="28744" Eigentuemermuster="%Wohnungsgenossenschaft Heimkehr eG%" Eingangsordner="3"/>
  <Eigentuemermuster Zuordnungsnummer="183" KundEigtNr="28745" Eigentuemermuster="%Prelios Immobilien Management GmbH%" Eingangsordner="3"/>
  <Eigentuemermuster Zuordnungsnummer="184" KundEigtNr="28588" Eigentuemermuster="%World-Investment GmbH%" Eingangsordner="1"/>
  <Eigentuemermuster Zuordnungsnummer="185" KundEigtNr="28510" Eigentuemermuster="%Immobilienhandels- und Beteiligungsgesellschaft mbH%" Eingangsordner="1"/>
  <Eigentuemermuster Zuordnungsnummer="186" KundEigtNr="28510" Eigentuemermuster="%IHB Immobilien GmbH%" Eingangsordner="3"/>
  <Eigentuemermuster Zuordnungsnummer="187" KundEigtNr="28748" Eigentuemermuster="%Cordts Immobilienmanagement e.K.%" Eingangsordner="3"/>
  <Eigentuemermuster Zuordnungsnummer="188" KundEigtNr="28526" Eigentuemermuster="%INDUSTRIA Bau- und Vermietungsges. mbH%" Eingangsordner="3"/>
  <Eigentuemermuster Zuordnungsnummer="189" KundEigtNr="28749" Eigentuemermuster="%Plurexx Immobilien+Service%" Eingangsordner="3"/>
  <Eigentuemermuster Zuordnungsnummer="190" KundEigtNr="28750" Eigentuemermuster="%alt+kelber Immobilienverwaltung GmbH%" Eingangsordner="3"/>
  <Eigentuemermuster Zuordnungsnummer="191" KundEigtNr="28751" Eigentuemermuster="%Arelo-Vermietungen%" Eingangsordner="3"/>
  <Eigentuemermuster Zuordnungsnummer="192" KundEigtNr="28752" Eigentuemermuster="%Simchen Immobilien Management GmbH%" Eingangsordner="3"/>
  <Eigentuemermuster Zuordnungsnummer="193" KundEigtNr="28753" Eigentuemermuster="%Koppers Immobilien%" Eingangsordner="3"/>
  <Eigentuemermuster Zuordnungsnummer="194" KundEigtNr="28754" Eigentuemermuster="%RT Facility Management GmbH &amp; Co. KG%" Eingangsordner="3"/>
  <Eigentuemermuster Zuordnungsnummer="195" KundEigtNr="28755" Eigentuemermuster="%ARGONA Wohnungsagentur%" Eingangsordner="3"/>
  <Eigentuemermuster Zuordnungsnummer="196" KundEigtNr="28512" Eigentuemermuster="%H&amp;P Grundstücks- u. Immobilien-KG%" Eingangsordner="1"/>
  <Eigentuemermuster Zuordnungsnummer="197" KundEigtNr="28756" Eigentuemermuster="%VIF-Immobilien GmbH%" Eingangsordner="3"/>
  <Eigentuemermuster Zuordnungsnummer="198" KundEigtNr="28757" Eigentuemermuster="%Hausverwaltung Noack%" Eingangsordner="3"/>
  <Eigentuemermuster Zuordnungsnummer="199" KundEigtNr="28759" Eigentuemermuster="% bauatelier nord Planung + Bau GmbH &amp; Co.KG%" Eingangsordner="1"/>
  <Eigentuemermuster Zuordnungsnummer="200" KundEigtNr="28760" Eigentuemermuster="%FriendlyMakler%" Eingangsordner="1"/>
  <Eigentuemermuster Zuordnungsnummer="201" KundEigtNr="28761" Eigentuemermuster="%ROOK-HUNTE ImmobilienManagement%" Eingangsordner="3"/>
  <Eigentuemermuster Zuordnungsnummer="202" KundEigtNr="28762" Eigentuemermuster="%DWI Deutsche Wohnimmobilien Verwaltungs- und Entwicklungsgesellschaft mbH%" Eingangsordner="3"/>
  <Eigentuemermuster Zuordnungsnummer="203" KundEigtNr="5699" Eigentuemermuster="%Wohnungsgenossenschaft &quot;Hannoverland&quot; eG%" Eingangsordner="3"/>
  <Eigentuemermuster Zuordnungsnummer="204" KundEigtNr="28765" Eigentuemermuster="%rentei Immobilien Management und Hausverwaltung GmbH%" Eingangsordner="3"/>
  <Eigentuemermuster Zuordnungsnummer="205" KundEigtNr="28767" Eigentuemermuster="%ASTRO - Immobilien%" Eingangsordner="3"/>
  <Eigentuemermuster Zuordnungsnummer="206" KundEigtNr="28768" Eigentuemermuster="%Max Müller Immobilien%" Eingangsordner="3"/>
  <Eigentuemermuster Zuordnungsnummer="207" KundEigtNr="28770" Eigentuemermuster="%Lister Premium-Immobilien%" Eingangsordner="3"/>
  <Eigentuemermuster Zuordnungsnummer="208" KundEigtNr="15750" Eigentuemermuster="%Wohnungsgenossenschaft Gartenheim eG%" Eingangsordner="3"/>
  <Eigentuemermuster Zuordnungsnummer="209" KundEigtNr="28772" Eigentuemermuster="%nass immobilienverwaltung gmbh%" Eingangsordner="3"/>
  <Eigentuemermuster Zuordnungsnummer="210" KundEigtNr="28775" Eigentuemermuster="%VOW Immobilienmanagement GmbH%" Eingangsordner="3"/>
  <Eigentuemermuster Zuordnungsnummer="211" KundEigtNr="28779" Eigentuemermuster="%Wedler / Wedler GbR c/o WSW Immobilienverwaltungs- und Management GmbH%" Eingangsordner="3"/>
  <Eigentuemermuster Zuordnungsnummer="212" KundEigtNr="173" Eigentuemermuster="%von Holt Immobilien GmbH%" Eingangsordner="3"/>
  <Eigentuemermuster Zuordnungsnummer="213" KundEigtNr="28782" Eigentuemermuster="%HS Immobilien%" Eingangsordner="3"/>
  <Eigentuemermuster Zuordnungsnummer="214" KundEigtNr="28784" Eigentuemermuster="%Wippach Immobilien%" Eingangsordner="3"/>
  <Eigentuemermuster Zuordnungsnummer="215" KundEigtNr="28785" Eigentuemermuster="%Schneider Immobilien%" Eingangsordner="3"/>
  <Eigentuemermuster Zuordnungsnummer="216" KundEigtNr="28786" Eigentuemermuster="%Gaedecke-Immobilien%" Eingangsordner="3"/>
  <Eigentuemermuster Zuordnungsnummer="274" KundEigtNr="28863" Eigentuemermuster="%Immobilien Herbert Kreye%" Eingangsordner="3"/>
  <Eigentuemermuster Zuordnungsnummer="218" KundEigtNr="28722" Eigentuemermuster="%Private Property Management GmbH%" Eingangsordner="3"/>
  <Eigentuemermuster Zuordnungsnummer="219" KundEigtNr="28787" Eigentuemermuster="%Maklerbüro Eva Krabbes%" Eingangsordner="3"/>
  <Eigentuemermuster Zuordnungsnummer="220" KundEigtNr="28788" Eigentuemermuster="%MMC GmbH Firma MMC GmbH%" Eingangsordner="3"/>
  <Eigentuemermuster Zuordnungsnummer="221" KundEigtNr="28587" Eigentuemermuster="%Valentin Schmidt GmbH + Co. KG%" Eingangsordner="3"/>
  <Eigentuemermuster Zuordnungsnummer="222" KundEigtNr="28789" Eigentuemermuster="%RE/MAX Traumimmobilien%" Eingangsordner="1"/>
  <Eigentuemermuster Zuordnungsnummer="223" KundEigtNr="28790" Eigentuemermuster="%H &amp; G Data Service GmbH%" Eingangsordner="1"/>
  <Eigentuemermuster Zuordnungsnummer="224" KundEigtNr="28791" Eigentuemermuster="%IVE Immob.-Verwaltung GmbH%" Eingangsordner="3"/>
  <Eigentuemermuster Zuordnungsnummer="225" KundEigtNr="28793" Eigentuemermuster="%Hausverwaltung Stichweh%" Eingangsordner="1"/>
  <Eigentuemermuster Zuordnungsnummer="226" KundEigtNr="28794" Eigentuemermuster="%GeDi Verwaltungsgesellschaft mbH%" Eingangsordner="3"/>
  <Eigentuemermuster Zuordnungsnummer="227" KundEigtNr="6034" Eigentuemermuster="%Dr.Walter u. Margarete Cajewitz-Stiftung%" Eingangsordner="3"/>
  <Eigentuemermuster Zuordnungsnummer="228" KundEigtNr="28796" Eigentuemermuster="%Karl-Heinz Schirmer Immobilien%" Eingangsordner="3"/>
  <Eigentuemermuster Zuordnungsnummer="229" KundEigtNr="28797" Eigentuemermuster="%Staude Immbilien GbR%" Eingangsordner="3"/>
  <Eigentuemermuster Zuordnungsnummer="230" KundEigtNr="28799" Eigentuemermuster="%Immobilien am Maschsee Grundbesitzhandel GmbH%" Eingangsordner="3"/>
  <Eigentuemermuster Zuordnungsnummer="231" KundEigtNr="15755" Eigentuemermuster="%Isabell Humberg%" Eingangsordner="1"/>
  <Eigentuemermuster Zuordnungsnummer="232" KundEigtNr="28800" Eigentuemermuster="%Leinemann Immobilien%" Eingangsordner="3"/>
  <Eigentuemermuster Zuordnungsnummer="233" KundEigtNr="28803" Eigentuemermuster="%Fricke Immobilien e.K.%" Eingangsordner="3"/>
  <Eigentuemermuster Zuordnungsnummer="234" KundEigtNr="28576" Eigentuemermuster="%Sven Drees%" Eingangsordner="1"/>
  <Eigentuemermuster Zuordnungsnummer="235" KundEigtNr="28804" Eigentuemermuster="%Astrid Maleki%" Eingangsordner="1"/>
  <Eigentuemermuster Zuordnungsnummer="236" KundEigtNr="28805" Eigentuemermuster="%Thomas Brandt Gewerbe - und Wohnimmobilien%" Eingangsordner="3"/>
  <Eigentuemermuster Zuordnungsnummer="237" KundEigtNr="28806" Eigentuemermuster="%Kratzsch Immobilienhandel GmbH%" Eingangsordner="3"/>
  <Eigentuemermuster Zuordnungsnummer="238" KundEigtNr="28807" Eigentuemermuster="%Hannoversche Volksbank Immobilien GmbH%" Eingangsordner="3"/>
  <Eigentuemermuster Zuordnungsnummer="239" KundEigtNr="28726" Eigentuemermuster="%Waldersee Immobilien GmbH%" Eingangsordner="3"/>
  <Eigentuemermuster Zuordnungsnummer="240" KundEigtNr="28664" Eigentuemermuster="%Graf, Ulrike%" Eingangsordner="3"/>
  <Eigentuemermuster Zuordnungsnummer="241" KundEigtNr="28808" Eigentuemermuster="%DP-Immobilien%" Eingangsordner="3"/>
  <Eigentuemermuster Zuordnungsnummer="242" KundEigtNr="17704" Eigentuemermuster="%Güse Grundstücksgesellschaft Güse Grundstückgesellschaft%" Eingangsordner="1"/>
  <Eigentuemermuster Zuordnungsnummer="243" KundEigtNr="28810" Eigentuemermuster="%RE/MAX HI-MAX GmbH%" Eingangsordner="3"/>
  <Eigentuemermuster Zuordnungsnummer="244" KundEigtNr="28811" Eigentuemermuster="%wohn[t]raum Immobilien &amp; Finanzierungen%" Eingangsordner="3"/>
  <Eigentuemermuster Zuordnungsnummer="245" KundEigtNr="28812" Eigentuemermuster="%Chassefière &amp; Cie. Immobilien%" Eingangsordner="3"/>
  <Eigentuemermuster Zuordnungsnummer="247" KundEigtNr="28783" Eigentuemermuster="%Michael Schade Immobilien GmbH &amp; Co. KG%" Eingangsordner="3"/>
  <Eigentuemermuster Zuordnungsnummer="248" KundEigtNr="2532" Eigentuemermuster="%Bootz Data KG%" Eingangsordner="3"/>
  <Eigentuemermuster Zuordnungsnummer="249" KundEigtNr="28431" Eigentuemermuster="%Eilenriede-Immobilien%" Eingangsordner="3"/>
  <Eigentuemermuster Zuordnungsnummer="279" KundEigtNr="10764" Eigentuemermuster="%WB Immobilien%" Eingangsordner="1"/>
  <Eigentuemermuster Zuordnungsnummer="251" KundEigtNr="28815" Eigentuemermuster="%Arne Wulff Immobilienberatung%" Eingangsordner="1"/>
  <Eigentuemermuster Zuordnungsnummer="252" KundEigtNr="28816" Eigentuemermuster="%IMMOKLASSIKER C. DREESEN%" Eingangsordner="3"/>
  <Eigentuemermuster Zuordnungsnummer="253" KundEigtNr="28817" Eigentuemermuster="%Eckerle Immobilien%" Eingangsordner="3"/>
  <Eigentuemermuster Zuordnungsnummer="254" KundEigtNr="28818" Eigentuemermuster="%fesser:immobilien%" Eingangsordner="3"/>
  <Eigentuemermuster Zuordnungsnummer="255" KundEigtNr="28819" Eigentuemermuster="%Louis Hausverwaltung%" Eingangsordner="3"/>
  <Eigentuemermuster Zuordnungsnummer="256" KundEigtNr="28821" Eigentuemermuster="%M. Klima Verwaltungs GmbH%" Eingangsordner="3"/>
  <Eigentuemermuster Zuordnungsnummer="257" KundEigtNr="28822" Eigentuemermuster="%Marita Kühne Hausverwaltung%" Eingangsordner="3"/>
  <Eigentuemermuster Zuordnungsnummer="258" KundEigtNr="5311" Eigentuemermuster="%Rex Hausverwaltungs GmbH%" Eingangsordner="3"/>
  <Eigentuemermuster Zuordnungsnummer="259" KundEigtNr="5747" Eigentuemermuster="%Wohnungsgenossenschaft Kleefeld-Buchholz eG%" Eingangsordner="3"/>
  <Eigentuemermuster Zuordnungsnummer="260" KundEigtNr="28823" Eigentuemermuster="%Hannover RealEstate GmbH%" Eingangsordner="3"/>
  <Eigentuemermuster Zuordnungsnummer="261" KundEigtNr="28831" Eigentuemermuster="%RECO Real Estate Management GmbH%" Eingangsordner="3"/>
  <Eigentuemermuster Zuordnungsnummer="263" KundEigtNr="28834" Eigentuemermuster="%H&amp;P Grundstcksfinanz GmbH &amp; Co%" Eingangsordner="3"/>
  <Eigentuemermuster Zuordnungsnummer="264" KundEigtNr="28842" Eigentuemermuster="%E1 Immobilien%" Eingangsordner="3"/>
  <Eigentuemermuster Zuordnungsnummer="272" KundEigtNr="28859" Eigentuemermuster="%Haus &amp; Boden Immobilien%" Eingangsordner="3"/>
  <Eigentuemermuster Zuordnungsnummer="266" KundEigtNr="28575" Eigentuemermuster="%05365-942088588%" Eingangsordner="1"/>
  <Eigentuemermuster Zuordnungsnummer="270" KundEigtNr="28856" Eigentuemermuster="%05111316595%" Eingangsordner="3"/>
  <Eigentuemermuster Zuordnungsnummer="267" KundEigtNr="28846" Eigentuemermuster="%Thomas Schröder GmbH%" Eingangsordner="1"/>
  <Eigentuemermuster Zuordnungsnummer="268" KundEigtNr="28848" Eigentuemermuster="%SIH Schierhorn Immobilien%" Eingangsordner="3"/>
  <Eigentuemermuster Zuordnungsnummer="269" KundEigtNr="28849" Eigentuemermuster="%Immobilien-Cafe.de%" Eingangsordner="3"/>
  <Eigentuemermuster Zuordnungsnummer="271" KundEigtNr="28856" Eigentuemermuster="%1316595%" Eingangsordner="3"/>
  <Eigentuemermuster Zuordnungsnummer="277" KundEigtNr="28871" Eigentuemermuster="%Müller-Altrichter Immobilien%" Eingangsordner="3"/>
  <Eigentuemermuster Zuordnungsnummer="572" KundEigtNr="30049" Eigentuemermuster="%Hainholz Hausverwaltung%" Eingangsordner="3"/>
  <Eigentuemermuster Zuordnungsnummer="379" KundEigtNr="28780" Eigentuemermuster="%Hömke Erbengem%" Eingangsordner="1"/>
  <Eigentuemermuster Zuordnungsnummer="280" KundEigtNr="28876" Eigentuemermuster="%HERMES HAUSVERWALTUNG AG%" Eingangsordner="3"/>
  <Eigentuemermuster Zuordnungsnummer="281" KundEigtNr="28877" Eigentuemermuster="%Hausverwaltung Herr Günter Wiegmann%" Eingangsordner="3"/>
  <Eigentuemermuster Zuordnungsnummer="282" KundEigtNr="8909" Eigentuemermuster="%HENNECKE &amp; PARTNER GMBH%" Eingangsordner="3"/>
  <Eigentuemermuster Zuordnungsnummer="283" KundEigtNr="25826" Eigentuemermuster="%Alpha Immobilien Service%" Eingangsordner="1"/>
  <Eigentuemermuster Zuordnungsnummer="284" KundEigtNr="28885" Eigentuemermuster="%DH Immobilien%" Eingangsordner="1"/>
  <Eigentuemermuster Zuordnungsnummer="285" KundEigtNr="28886" Eigentuemermuster="%Immobilienkontor Schröder%" Eingangsordner="1"/>
  <Eigentuemermuster Zuordnungsnummer="286" KundEigtNr="28887" Eigentuemermuster="%Borsch Immobilien%" Eingangsordner="1"/>
  <Eigentuemermuster Zuordnungsnummer="287" KundEigtNr="28888" Eigentuemermuster="%Rappold Immobilien%" Eingangsordner="3"/>
  <Eigentuemermuster Zuordnungsnummer="288" KundEigtNr="28889" Eigentuemermuster="%Schlehuber-Immobilien%" Eingangsordner="3"/>
  <Eigentuemermuster Zuordnungsnummer="289" KundEigtNr="28892" Eigentuemermuster="%Wilfried Jäger Immobilien-Service%" Eingangsordner="1"/>
  <Eigentuemermuster Zuordnungsnummer="290" KundEigtNr="20562" Eigentuemermuster="%hpg Ingenieur%" Eingangsordner="1"/>
  <Eigentuemermuster Zuordnungsnummer="291" KundEigtNr="28893" Eigentuemermuster="%Hausverwaltung S.Torun%" Eingangsordner="1"/>
  <Eigentuemermuster Zuordnungsnummer="292" KundEigtNr="28894" Eigentuemermuster="%immobilienMAX%" Eingangsordner="3"/>
  <Eigentuemermuster Zuordnungsnummer="293" KundEigtNr="28895" Eigentuemermuster="%DAVID Immobilien%" Eingangsordner="1"/>
  <Eigentuemermuster Zuordnungsnummer="294" KundEigtNr="25826" Eigentuemermuster="%ALPHA Immobilen-Service%" Eingangsordner="3"/>
  <Eigentuemermuster Zuordnungsnummer="295" KundEigtNr="28902" Eigentuemermuster="%Lessmann Immobilien%" Eingangsordner="3"/>
  <Eigentuemermuster Zuordnungsnummer="296" KundEigtNr="28909" Eigentuemermuster="%HomeCompany%" Eingangsordner="3"/>
  <Eigentuemermuster Zuordnungsnummer="297" KundEigtNr="28913" Eigentuemermuster="%Kibar Immobilien%" Eingangsordner="3"/>
  <Eigentuemermuster Zuordnungsnummer="298" KundEigtNr="28824" Eigentuemermuster="%Brockhausen Immobilien%" Eingangsordner="3"/>
  <Eigentuemermuster Zuordnungsnummer="299" KundEigtNr="8817" Eigentuemermuster="%Engelmann Immobilien%" Eingangsordner="3"/>
  <Eigentuemermuster Zuordnungsnummer="300" KundEigtNr="28928" Eigentuemermuster="%Susanne Ebeling Maklerservice%" Eingangsordner="1"/>
  <Eigentuemermuster Zuordnungsnummer="301" KundEigtNr="28929" Eigentuemermuster="%Veladasol Immobilien Service%" Eingangsordner="3"/>
  <Eigentuemermuster Zuordnungsnummer="302" KundEigtNr="28831" Eigentuemermuster="%RECO Real Estate Management%" Eingangsordner="3"/>
  <Eigentuemermuster Zuordnungsnummer="303" KundEigtNr="28934" Eigentuemermuster="%FONCIA VOW Verwaltungsorganisation für die Wohnungswirtschaft GmbH%" Eingangsordner="3"/>
  <Eigentuemermuster Zuordnungsnummer="304" KundEigtNr="28935" Eigentuemermuster="%Adrian Immobilien GmbH%" Eingangsordner="3"/>
  <Eigentuemermuster Zuordnungsnummer="305" KundEigtNr="28939" Eigentuemermuster="%mußmann immobilien GmbH%" Eingangsordner="1"/>
  <Eigentuemermuster Zuordnungsnummer="306" KundEigtNr="28682" Eigentuemermuster="%Martin-Pahls-Immobilien%" Eingangsordner="3"/>
  <Eigentuemermuster Zuordnungsnummer="307" KundEigtNr="28652" Eigentuemermuster="%Wohnwerte Immobilien GbR%" Eingangsordner="3"/>
  <Eigentuemermuster Zuordnungsnummer="308" KundEigtNr="28943" Eigentuemermuster="%Bodo Wellern Hausverwaltung%" Eingangsordner="3"/>
  <Eigentuemermuster Zuordnungsnummer="309" KundEigtNr="28944" Eigentuemermuster="%Ursula Missner Immobilien%" Eingangsordner="3"/>
  <Eigentuemermuster Zuordnungsnummer="310" KundEigtNr="28945" Eigentuemermuster="%Lilium Immobilien%" Eingangsordner="3"/>
  <Eigentuemermuster Zuordnungsnummer="311" KundEigtNr="28946" Eigentuemermuster="%KSG Kreissiedlungsgesellschaft Hannover%" Eingangsordner="3"/>
  <Eigentuemermuster Zuordnungsnummer="312" KundEigtNr="28947" Eigentuemermuster="%Krawczyk - Immobilien%" Eingangsordner="3"/>
  <Eigentuemermuster Zuordnungsnummer="313" KundEigtNr="28777" Eigentuemermuster="%IG Immobilien &amp; Grundstücks%" Eingangsordner="3"/>
  <Eigentuemermuster Zuordnungsnummer="314" KundEigtNr="28834" Eigentuemermuster="%H&amp;P Grundstücksfinanz GmbH%" Eingangsordner="1"/>
  <Eigentuemermuster Zuordnungsnummer="315" KundEigtNr="28953" Eigentuemermuster="%Wohnungsbaugesellschaft mbH Th. Semmelhaack%" Eingangsordner="1"/>
  <Eigentuemermuster Zuordnungsnummer="316" KundEigtNr="28954" Eigentuemermuster="%Stimul Consulting%" Eingangsordner="1"/>
  <Eigentuemermuster Zuordnungsnummer="317" KundEigtNr="28955" Eigentuemermuster="%Immobilien am Zoo%" Eingangsordner="3"/>
  <Eigentuemermuster Zuordnungsnummer="318" KundEigtNr="28832" Eigentuemermuster="%Georg Olbrich%" Eingangsordner="1"/>
  <Eigentuemermuster Zuordnungsnummer="319" KundEigtNr="28958" Eigentuemermuster="%Immobilien Service Celle GmbH%" Eingangsordner="3"/>
  <Eigentuemermuster Zuordnungsnummer="320" KundEigtNr="28959" Eigentuemermuster="%Zeitwohnen Hannover%" Eingangsordner="3"/>
  <Eigentuemermuster Zuordnungsnummer="321" KundEigtNr="28960" Eigentuemermuster="%Olaf Bode Hausverwaltung%" Eingangsordner="1"/>
  <Eigentuemermuster Zuordnungsnummer="322" KundEigtNr="28606" Eigentuemermuster="%Preussag Immobilien GmbH%" Eingangsordner="3"/>
  <Eigentuemermuster Zuordnungsnummer="323" KundEigtNr="28844" Eigentuemermuster="%Angermann Hannover%" Eingangsordner="3"/>
  <Eigentuemermuster Zuordnungsnummer="324" KundEigtNr="28965" Eigentuemermuster="%Vulter-Immobilien%" Eingangsordner="3"/>
  <Eigentuemermuster Zuordnungsnummer="325" KundEigtNr="28966" Eigentuemermuster="%Benit Projektmanagement UG%" Eingangsordner="3"/>
  <Eigentuemermuster Zuordnungsnummer="326" KundEigtNr="28967" Eigentuemermuster="%Reimann Hausverwaltung OHG%" Eingangsordner="1"/>
  <Eigentuemermuster Zuordnungsnummer="327" KundEigtNr="28969" Eigentuemermuster="%Stahlhut Immobilien%" Eingangsordner="3"/>
  <Eigentuemermuster Zuordnungsnummer="328" KundEigtNr="28978" Eigentuemermuster="%Oliver Witt Immobilien%" Eingangsordner="1"/>
  <Eigentuemermuster Zuordnungsnummer="329" KundEigtNr="28979" Eigentuemermuster="%Grüschow Immobilienvermittlung%" Eingangsordner="1"/>
  <Eigentuemermuster Zuordnungsnummer="330" KundEigtNr="28980" Eigentuemermuster="%immo-for-less%" Eingangsordner="1"/>
  <Eigentuemermuster Zuordnungsnummer="331" KundEigtNr="28981" Eigentuemermuster="%WERTGRUND IMMOBILIEN GMBH%" Eingangsordner="1"/>
  <Eigentuemermuster Zuordnungsnummer="332" KundEigtNr="28906" Eigentuemermuster="%Böcker GmbH &amp; Co. Verwaltungs KG%" Eingangsordner="1"/>
  <Eigentuemermuster Zuordnungsnummer="333" KundEigtNr="28522" Eigentuemermuster="%Jutta Seeliger%" Eingangsordner="1"/>
  <Eigentuemermuster Zuordnungsnummer="334" KundEigtNr="28990" Eigentuemermuster="%Röver Immobilien GmbH%" Eingangsordner="1"/>
  <Eigentuemermuster Zuordnungsnummer="335" KundEigtNr="28570" Eigentuemermuster="%KSG Kreissiedlungsgesellschaft Hannover mbH%" Eingangsordner="3"/>
  <Eigentuemermuster Zuordnungsnummer="336" KundEigtNr="28907" Eigentuemermuster="%Reuter-Immobilien%" Eingangsordner="1"/>
  <Eigentuemermuster Zuordnungsnummer="337" KundEigtNr="28992" Eigentuemermuster="%nowo Immobilien GmbH%" Eingangsordner="1"/>
  <Eigentuemermuster Zuordnungsnummer="338" KundEigtNr="28994" Eigentuemermuster="%LBS Immobiliencenter Hannover%" Eingangsordner="1"/>
  <Eigentuemermuster Zuordnungsnummer="339" KundEigtNr="28995" Eigentuemermuster="%Marin Immobilien%" Eingangsordner="1"/>
  <Eigentuemermuster Zuordnungsnummer="340" KundEigtNr="28997" Eigentuemermuster="%kfh Immobilien Management GmbH%" Eingangsordner="1"/>
  <Eigentuemermuster Zuordnungsnummer="341" KundEigtNr="28280" Eigentuemermuster="%Franz-Kühnemann-Stiftung%" Eingangsordner="1"/>
  <Eigentuemermuster Zuordnungsnummer="342" KundEigtNr="28999" Eigentuemermuster="%Immobilien Küssner%" Eingangsordner="1"/>
  <Eigentuemermuster Zuordnungsnummer="343" KundEigtNr="29000" Eigentuemermuster="%Koenemann &amp; Püttcher%" Eingangsordner="1"/>
  <Eigentuemermuster Zuordnungsnummer="571" KundEigtNr="30019" Eigentuemermuster="%realique GmbH%" Eingangsordner="1"/>
  <Eigentuemermuster Zuordnungsnummer="346" KundEigtNr="29007" Eigentuemermuster="%Krüger &amp; Klose Immobilien%" Eingangsordner="1"/>
  <Eigentuemermuster Zuordnungsnummer="347" KundEigtNr="29009" Eigentuemermuster="%Olaf Schubert Hausverwaltung%" Eingangsordner="1"/>
  <Eigentuemermuster Zuordnungsnummer="348" KundEigtNr="29011" Eigentuemermuster="%ck immo Miethausverwaltung%" Eingangsordner="1"/>
  <Eigentuemermuster Zuordnungsnummer="349" KundEigtNr="29014" Eigentuemermuster="%Immobilienbüro Peter Hinz%" Eingangsordner="1"/>
  <Eigentuemermuster Zuordnungsnummer="350" KundEigtNr="29016" Eigentuemermuster="%Oswald Immobilien%" Eingangsordner="3"/>
  <Eigentuemermuster Zuordnungsnummer="351" KundEigtNr="29017" Eigentuemermuster="%Hausverwaltung-bartzke.de%" Eingangsordner="1"/>
  <Eigentuemermuster Zuordnungsnummer="353" KundEigtNr="29020" Eigentuemermuster="%Schmieder Immobilien%" Eingangsordner="1"/>
  <Eigentuemermuster Zuordnungsnummer="355" KundEigtNr="28927" Eigentuemermuster="%www.hvg-munte.de%" Eingangsordner="1"/>
  <Eigentuemermuster Zuordnungsnummer="356" KundEigtNr="28925" Eigentuemermuster="%DeWAG Management GmbH%" Eingangsordner="1"/>
  <Eigentuemermuster Zuordnungsnummer="357" KundEigtNr="29024" Eigentuemermuster="%STRATEGIS AG%" Eingangsordner="1"/>
  <Eigentuemermuster Zuordnungsnummer="358" KundEigtNr="28863" Eigentuemermuster="%www.kreye-immobilien.de%" Eingangsordner="1"/>
  <Eigentuemermuster Zuordnungsnummer="359" KundEigtNr="28758" Eigentuemermuster="%Fürstliche Hofkammer%" Eingangsordner="1"/>
  <Eigentuemermuster Zuordnungsnummer="360" KundEigtNr="29033" Eigentuemermuster="%Immobilienservice Burgwedel%" Eingangsordner="1"/>
  <Eigentuemermuster Zuordnungsnummer="361" KundEigtNr="29034" Eigentuemermuster="%DK IMMOBILIEN%" Eingangsordner="1"/>
  <Eigentuemermuster Zuordnungsnummer="362" KundEigtNr="29036" Eigentuemermuster="%Hausverwaltung Schlinker GmbH%" Eingangsordner="1"/>
  <Eigentuemermuster Zuordnungsnummer="363" KundEigtNr="29041" Eigentuemermuster="%Fröhlich Immobilien%" Eingangsordner="1"/>
  <Eigentuemermuster Zuordnungsnummer="364" KundEigtNr="28875" Eigentuemermuster="%Merlin Holthoff%" Eingangsordner="1"/>
  <Eigentuemermuster Zuordnungsnummer="365" KundEigtNr="29044" Eigentuemermuster="%Famos Immobilienverwaltung Hannover%" Eingangsordner="1"/>
  <Eigentuemermuster Zuordnungsnummer="366" KundEigtNr="29026" Eigentuemermuster="%BHW Immobilien GmbH%" Eingangsordner="3"/>
  <Eigentuemermuster Zuordnungsnummer="367" KundEigtNr="29047" Eigentuemermuster="%prozentboerse-immobilien%" Eingangsordner="1"/>
  <Eigentuemermuster Zuordnungsnummer="368" KundEigtNr="19631" Eigentuemermuster="%Elfi von Roeder%" Eingangsordner="3"/>
  <Eigentuemermuster Zuordnungsnummer="369" KundEigtNr="29049" Eigentuemermuster="%Boden &amp; Wert Vermögensverwaltung KG%" Eingangsordner="1"/>
  <Eigentuemermuster Zuordnungsnummer="370" KundEigtNr="28554" Eigentuemermuster="%Dipl. Ing. Armin Vorwerk Service GmbH%" Eingangsordner="1"/>
  <Eigentuemermuster Zuordnungsnummer="371" KundEigtNr="29050" Eigentuemermuster="%MSR Remmler Immobilien-Makler%" Eingangsordner="3"/>
  <Eigentuemermuster Zuordnungsnummer="372" KundEigtNr="29052" Eigentuemermuster="%JANSEN Hausverwaltung Miet- und Eigentumswohnungen%" Eingangsordner="1"/>
  <Eigentuemermuster Zuordnungsnummer="373" KundEigtNr="28519" Eigentuemermuster="%Peter Kirchhof%" Eingangsordner="1"/>
  <Eigentuemermuster Zuordnungsnummer="374" KundEigtNr="29055" Eigentuemermuster="%Reischies Immobilien%" Eingangsordner="1"/>
  <Eigentuemermuster Zuordnungsnummer="375" KundEigtNr="28519" Eigentuemermuster="%pro-ject verwaltungen%" Eingangsordner="1"/>
  <Eigentuemermuster Zuordnungsnummer="376" KundEigtNr="29056" Eigentuemermuster="%Sebade-Etzel Immobilien%" Eingangsordner="1"/>
  <Eigentuemermuster Zuordnungsnummer="377" KundEigtNr="29002" Eigentuemermuster="%Rudolf Eimer Immobilien%" Eingangsordner="1"/>
  <Eigentuemermuster Zuordnungsnummer="378" KundEigtNr="29071" Eigentuemermuster="%Elisabeth Böhm Immobilien%" Eingangsordner="3"/>
  <Eigentuemermuster Zuordnungsnummer="380" KundEigtNr="29092" Eigentuemermuster="%Techage Hausverwaltung%" Eingangsordner="1"/>
  <Eigentuemermuster Zuordnungsnummer="381" KundEigtNr="29094" Eigentuemermuster="%Alexander Voll Immobilien e.K.%" Eingangsordner="3"/>
  <Eigentuemermuster Zuordnungsnummer="382" KundEigtNr="29102" Eigentuemermuster="%Brauckhoff Immobilien%" Eingangsordner="3"/>
  <Eigentuemermuster Zuordnungsnummer="384" KundEigtNr="29104" Eigentuemermuster="%Fiebig Immobilien%" Eingangsordner="3"/>
  <Eigentuemermuster Zuordnungsnummer="385" KundEigtNr="29106" Eigentuemermuster="%Mühlpforte%" Eingangsordner="1"/>
  <Eigentuemermuster Zuordnungsnummer="387" KundEigtNr="29136" Eigentuemermuster="%Wisskirchen Professional Services%" Eingangsordner="3"/>
  <Eigentuemermuster Zuordnungsnummer="569" KundEigtNr="29367" Eigentuemermuster="%Immobilien 4 you GmbH%" Eingangsordner="1"/>
  <Eigentuemermuster Zuordnungsnummer="389" KundEigtNr="29142" Eigentuemermuster="%Immobilienpassion%" Eingangsordner="1"/>
  <Eigentuemermuster Zuordnungsnummer="390" KundEigtNr="28841" Eigentuemermuster="%Tom Bodenbach%" Eingangsordner="3"/>
  <Eigentuemermuster Zuordnungsnummer="391" KundEigtNr="28939" Eigentuemermuster="%mußmann immobilien%" Eingangsordner="1"/>
  <Eigentuemermuster Zuordnungsnummer="392" KundEigtNr="29159" Eigentuemermuster="%Redeke Hausverwaltungen%" Eingangsordner="1"/>
  <Eigentuemermuster Zuordnungsnummer="393" KundEigtNr="1149" Eigentuemermuster="%Dannenberg Immobilienhandel GmbH%" Eingangsordner="1"/>
  <Eigentuemermuster Zuordnungsnummer="394" KundEigtNr="29029" Eigentuemermuster="%Dirk Radtke%" Eingangsordner="1"/>
  <Eigentuemermuster Zuordnungsnummer="395" KundEigtNr="29134" Eigentuemermuster="%Stilhaus GmbH%" Eingangsordner="1"/>
  <Eigentuemermuster Zuordnungsnummer="396" KundEigtNr="29148" Eigentuemermuster="%www.nordhyp-immobilien.de%" Eingangsordner="3"/>
  <Eigentuemermuster Zuordnungsnummer="397" KundEigtNr="28904" Eigentuemermuster="%Berlinovo Immobilien%" Eingangsordner="1"/>
  <Eigentuemermuster Zuordnungsnummer="398" KundEigtNr="29170" Eigentuemermuster="%Ravens Hausverwaltungen%" Eingangsordner="1"/>
  <Eigentuemermuster Zuordnungsnummer="399" KundEigtNr="13935" Eigentuemermuster="%ML Immobilien%" Eingangsordner="3"/>
  <Eigentuemermuster Zuordnungsnummer="400" KundEigtNr="29115" Eigentuemermuster="%Dirk Bergholz Immobilien+Hausverwaltung%" Eingangsordner="1"/>
  <Eigentuemermuster Zuordnungsnummer="401" KundEigtNr="29171" Eigentuemermuster="%FWM Finanzberatung GmbH%" Eingangsordner="1"/>
  <Eigentuemermuster Zuordnungsnummer="402" KundEigtNr="29173" Eigentuemermuster="%Regent Immobilien%" Eingangsordner="1"/>
  <Eigentuemermuster Zuordnungsnummer="403" KundEigtNr="29174" Eigentuemermuster="%Bratsch Immobilien%" Eingangsordner="1"/>
  <Eigentuemermuster Zuordnungsnummer="404" KundEigtNr="29132" Eigentuemermuster="%Gesellschaft f.Projekt- u. Immobilienmanagement mbH%" Eingangsordner="3"/>
  <Eigentuemermuster Zuordnungsnummer="407" KundEigtNr="2532" Eigentuemermuster="%Bootz GmbH%" Eingangsordner="1"/>
  <Eigentuemermuster Zuordnungsnummer="408" KundEigtNr="28846" Eigentuemermuster="%Thomas Schrader GmbH%" Eingangsordner="1"/>
  <Eigentuemermuster Zuordnungsnummer="409" KundEigtNr="28686" Eigentuemermuster="%C.A.Möller GmbH%" Eingangsordner="1"/>
  <Eigentuemermuster Zuordnungsnummer="410" KundEigtNr="28926" Eigentuemermuster="%Torsten Jonas Hausverwaltung%" Eingangsordner="1"/>
  <Eigentuemermuster Zuordnungsnummer="411" KundEigtNr="29107" Eigentuemermuster="%Klussmann%" Eingangsordner="1"/>
  <Eigentuemermuster Zuordnungsnummer="412" KundEigtNr="28917" Eigentuemermuster="%Hindermann Immobilien%" Eingangsordner="1"/>
  <Eigentuemermuster Zuordnungsnummer="413" KundEigtNr="29072" Eigentuemermuster="%Hausverwaltung Dr.Brockmann%" Eingangsordner="1"/>
  <Eigentuemermuster Zuordnungsnummer="414" KundEigtNr="28831" Eigentuemermuster="%CO-REAL Immobilien Management%" Eingangsordner="1"/>
  <Eigentuemermuster Zuordnungsnummer="415" KundEigtNr="29122" Eigentuemermuster="%OD Immobilien Oliver Djoric%" Eingangsordner="1"/>
  <Eigentuemermuster Zuordnungsnummer="416" KundEigtNr="29172" Eigentuemermuster="%Nicole Müller%" Eingangsordner="1"/>
  <Eigentuemermuster Zuordnungsnummer="417" KundEigtNr="29176" Eigentuemermuster="%dydo-immobilien%" Eingangsordner="3"/>
  <Eigentuemermuster Zuordnungsnummer="418" KundEigtNr="4657" Eigentuemermuster="% C.H.Verwaltung I.Cansiz%" Eingangsordner="1"/>
  <Eigentuemermuster Zuordnungsnummer="419" KundEigtNr="314" Eigentuemermuster="%Erwin Roever Grundbesitzgesellschaft %" Eingangsordner="1"/>
  <Eigentuemermuster Zuordnungsnummer="420" KundEigtNr="28511" Eigentuemermuster="%Konrad Hinsemann%" Eingangsordner="1"/>
  <Eigentuemermuster Zuordnungsnummer="421" KundEigtNr="29062" Eigentuemermuster="%Bau- und Verwaltungsgesellschaft mbH%" Eingangsordner="1"/>
  <Eigentuemermuster Zuordnungsnummer="422" KundEigtNr="29212" Eigentuemermuster="%Listhof Wohnungsbau GmbH%" Eingangsordner="1"/>
  <Eigentuemermuster Zuordnungsnummer="424" KundEigtNr="28843" Eigentuemermuster="%Engelmeier Immobilien%" Eingangsordner="1"/>
  <Eigentuemermuster Zuordnungsnummer="425" KundEigtNr="29228" Eigentuemermuster="%Dahlke Immobilien AG%" Eingangsordner="1"/>
  <Eigentuemermuster Zuordnungsnummer="426" KundEigtNr="29227" Eigentuemermuster="%NIKM GmbH %" Eingangsordner="1"/>
  <Eigentuemermuster Zuordnungsnummer="427" KundEigtNr="29194" Eigentuemermuster="%Bavaria Woischnik &amp; Partner Immobilien Management%" Eingangsordner="1"/>
  <Eigentuemermuster Zuordnungsnummer="428" KundEigtNr="29232" Eigentuemermuster="%Strecker Immobilien Wirtschafts- und Finanzberatung GmbH%" Eingangsordner="1"/>
  <Eigentuemermuster Zuordnungsnummer="429" KundEigtNr="29158" Eigentuemermuster="%C &amp; C Grundstücks GmbH%" Eingangsordner="1"/>
  <Eigentuemermuster Zuordnungsnummer="430" KundEigtNr="5540" Eigentuemermuster="%Hausverwaltung Maslowski%" Eingangsordner="1"/>
  <Eigentuemermuster Zuordnungsnummer="431" KundEigtNr="28525" Eigentuemermuster="%Mijaz Ramdedovic%" Eingangsordner="1"/>
  <Eigentuemermuster Zuordnungsnummer="432" KundEigtNr="28828" Eigentuemermuster="%Bernd Volland%" Eingangsordner="1"/>
  <Eigentuemermuster Zuordnungsnummer="433" KundEigtNr="17580" Eigentuemermuster="%Werner Gurkasch%" Eingangsordner="1"/>
  <Eigentuemermuster Zuordnungsnummer="434" KundEigtNr="29148" Eigentuemermuster="%Katharina Biskup%" Eingangsordner="3"/>
  <Eigentuemermuster Zuordnungsnummer="435" KundEigtNr="29253" Eigentuemermuster="%Düvelsdorf Immobilien%" Eingangsordner="1"/>
  <Eigentuemermuster Zuordnungsnummer="436" KundEigtNr="29256" Eigentuemermuster="%Herzmakler Immobilien%" Eingangsordner="3"/>
  <Eigentuemermuster Zuordnungsnummer="437" KundEigtNr="29224" Eigentuemermuster="%Fairmietung Hannover%" Eingangsordner="3"/>
  <Eigentuemermuster Zuordnungsnummer="438" KundEigtNr="29181" Eigentuemermuster="%Via Akanthus Immobilien%" Eingangsordner="3"/>
  <Eigentuemermuster Zuordnungsnummer="439" KundEigtNr="3849" Eigentuemermuster="%Meixner Grundbesitz%" Eingangsordner="1"/>
  <Eigentuemermuster Zuordnungsnummer="441" KundEigtNr="29255" Eigentuemermuster="%Hahn-Immobilien Unternehmergesellschaft%" Eingangsordner="1"/>
  <Eigentuemermuster Zuordnungsnummer="442" KundEigtNr="29276" Eigentuemermuster="%Immobilien-Service Beelow%" Eingangsordner="1"/>
  <Eigentuemermuster Zuordnungsnummer="443" KundEigtNr="29280" Eigentuemermuster="%DEUMAG Deutsche Immobilienmanagement GmbH%" Eingangsordner="1"/>
  <Eigentuemermuster Zuordnungsnummer="444" KundEigtNr="29076" Eigentuemermuster="%Tania Caminades-Menter%" Eingangsordner="1"/>
  <Eigentuemermuster Zuordnungsnummer="445" KundEigtNr="8566" Eigentuemermuster="%Hasenfratz Immobilien%" Eingangsordner="1"/>
  <Eigentuemermuster Zuordnungsnummer="568" KundEigtNr="29968" Eigentuemermuster="%STRABAG Property and Facility Services%" Eingangsordner="1"/>
  <Eigentuemermuster Zuordnungsnummer="447" KundEigtNr="29285" Eigentuemermuster="%Teske-Immobilien%" Eingangsordner="1"/>
  <Eigentuemermuster Zuordnungsnummer="448" KundEigtNr="28547" Eigentuemermuster="%Majid Sarachi%" Eingangsordner="1"/>
  <Eigentuemermuster Zuordnungsnummer="449" KundEigtNr="51" Eigentuemermuster="%Schünemann GmbH%" Eingangsordner="1"/>
  <Eigentuemermuster Zuordnungsnummer="450" KundEigtNr="29100" Eigentuemermuster="%Klages%" Eingangsordner="1"/>
  <Eigentuemermuster Zuordnungsnummer="451" KundEigtNr="29269" Eigentuemermuster="%Deutsche Wohnen Gruppe%" Eingangsordner="1"/>
  <Eigentuemermuster Zuordnungsnummer="452" KundEigtNr="29025" Eigentuemermuster="%HK Immobilien%" Eingangsordner="1"/>
  <Eigentuemermuster Zuordnungsnummer="454" KundEigtNr="28915" Eigentuemermuster="%Immobilien von Behr%" Eingangsordner="3"/>
  <Eigentuemermuster Zuordnungsnummer="455" KundEigtNr="29313" Eigentuemermuster="%BLUME-IMMOBILIEN%" Eingangsordner="1"/>
  <Eigentuemermuster Zuordnungsnummer="456" KundEigtNr="28773" Eigentuemermuster="%Petra Franz Immobilien Service%" Eingangsordner="1"/>
  <Eigentuemermuster Zuordnungsnummer="457" KundEigtNr="29347" Eigentuemermuster="%Isernhagen Immobilien%" Eingangsordner="1"/>
  <Eigentuemermuster Zuordnungsnummer="458" KundEigtNr="28943" Eigentuemermuster="%Bettina Rippich%" Eingangsordner="1"/>
  <Eigentuemermuster Zuordnungsnummer="459" KundEigtNr="28870" Eigentuemermuster="%Johannes Franke%" Eingangsordner="1"/>
  <Eigentuemermuster Zuordnungsnummer="460" KundEigtNr="29315" Eigentuemermuster="%WERSIG Immobilien &amp; Hausverwaltung%" Eingangsordner="1"/>
  <Eigentuemermuster Zuordnungsnummer="461" KundEigtNr="29351" Eigentuemermuster="%PROVIDA Immobilien%" Eingangsordner="1"/>
  <Eigentuemermuster Zuordnungsnummer="462" KundEigtNr="28977" Eigentuemermuster="%Baugenossenschaft Oberricklingen eG%" Eingangsordner="1"/>
  <Eigentuemermuster Zuordnungsnummer="463" KundEigtNr="29077" Eigentuemermuster="%TREND IMMOBILIEN%" Eingangsordner="3"/>
  <Eigentuemermuster Zuordnungsnummer="464" KundEigtNr="29121" Eigentuemermuster="%Grundstücksges. A. u. B.%" Eingangsordner="1"/>
  <Eigentuemermuster Zuordnungsnummer="465" KundEigtNr="29364" Eigentuemermuster="%Lorenz Immobilien%" Eingangsordner="3"/>
  <Eigentuemermuster Zuordnungsnummer="466" KundEigtNr="29287" Eigentuemermuster="%anderswohnen%" Eingangsordner="1"/>
  <Eigentuemermuster Zuordnungsnummer="467" KundEigtNr="29319" Eigentuemermuster="%L&amp;Z Immobilien Management GmbH%" Eingangsordner="1"/>
  <Eigentuemermuster Zuordnungsnummer="468" KundEigtNr="28791" Eigentuemermuster="%IVE Immobilien-Verwaltung GmbH%" Eingangsordner="1"/>
  <Eigentuemermuster Zuordnungsnummer="469" KundEigtNr="29284" Eigentuemermuster="%Menzel Immobilien%" Eingangsordner="3"/>
  <Eigentuemermuster Zuordnungsnummer="470" KundEigtNr="29326" Eigentuemermuster="%Björn Helms%" Eingangsordner="1"/>
  <Eigentuemermuster Zuordnungsnummer="471" KundEigtNr="1462" Eigentuemermuster="%KIG Immobilien GmbH%" Eingangsordner="1"/>
  <Eigentuemermuster Zuordnungsnummer="472" KundEigtNr="28896" Eigentuemermuster="%Harald Nolte%" Eingangsordner="1"/>
  <Eigentuemermuster Zuordnungsnummer="473" KundEigtNr="28759" Eigentuemermuster="%bauatelier nord%" Eingangsordner="1"/>
  <Eigentuemermuster Zuordnungsnummer="474" KundEigtNr="28725" Eigentuemermuster="%Wirtschaftskanzlei Abbassi%" Eingangsordner="1"/>
  <Eigentuemermuster Zuordnungsnummer="475" KundEigtNr="29278" Eigentuemermuster="%MANDEL-IMMOBILIEN%" Eingangsordner="1"/>
  <Eigentuemermuster Zuordnungsnummer="476" KundEigtNr="15191" Eigentuemermuster="%Doric%" Eingangsordner="1"/>
  <Eigentuemermuster Zuordnungsnummer="477" KundEigtNr="29406" Eigentuemermuster="%Bartkiewicz Immobilien%" Eingangsordner="3"/>
  <Eigentuemermuster Zuordnungsnummer="478" KundEigtNr="29385" Eigentuemermuster="%cosy.immobilien UG%" Eingangsordner="3"/>
  <Eigentuemermuster Zuordnungsnummer="479" KundEigtNr="28601" Eigentuemermuster="%KBR Immobilien Consulting GmbH%" Eingangsordner="1"/>
  <Eigentuemermuster Zuordnungsnummer="480" KundEigtNr="29346" Eigentuemermuster="%Mercan Immobilien%" Eingangsordner="3"/>
  <Eigentuemermuster Zuordnungsnummer="481" KundEigtNr="29570" Eigentuemermuster="%Albert Fischer Hausbau GmbH%" Eingangsordner="1"/>
  <Eigentuemermuster Zuordnungsnummer="482" KundEigtNr="29222" Eigentuemermuster="%arthax-immobilien.de%" Eingangsordner="3"/>
  <Eigentuemermuster Zuordnungsnummer="483" KundEigtNr="28752" Eigentuemermuster="%Ferdinand Simchen%" Eingangsordner="3"/>
  <Eigentuemermuster Zuordnungsnummer="484" KundEigtNr="15487" Eigentuemermuster="%Baugrund Bau- u. Grundstücksgesellschaft mbH &amp; Co. Bauträger KG%" Eingangsordner="1"/>
  <Eigentuemermuster Zuordnungsnummer="485" KundEigtNr="29581" Eigentuemermuster="%VOW Immobilien- &amp; Fondsvermittlung GmbH%" Eingangsordner="1"/>
  <Eigentuemermuster Zuordnungsnummer="486" KundEigtNr="5377" Eigentuemermuster="%Theo Gerlach Wohnungsbau-Unternehmen GmbH %" Eingangsordner="1"/>
  <Eigentuemermuster Zuordnungsnummer="487" KundEigtNr="29552" Eigentuemermuster="%PlanetHome AG Can Altintop%" Eingangsordner="3"/>
  <Eigentuemermuster Zuordnungsnummer="488" KundEigtNr="29567" Eigentuemermuster="%Holzlehner Consulting%" Eingangsordner="3"/>
  <Eigentuemermuster Zuordnungsnummer="489" KundEigtNr="29598" Eigentuemermuster="%HELMA Wohnungsbau GmbH%" Eingangsordner="1"/>
  <Eigentuemermuster Zuordnungsnummer="490" KundEigtNr="29474" Eigentuemermuster="%PROIMMO GRUNDSTÜCKSGESELLSCHAFT MBH%" Eingangsordner="1"/>
  <Eigentuemermuster Zuordnungsnummer="491" KundEigtNr="3849" Eigentuemermuster="%Meixner Grundbesitz GmbH%" Eingangsordner="1"/>
  <Eigentuemermuster Zuordnungsnummer="492" KundEigtNr="29605" Eigentuemermuster="%E. Paulin Wohnungsbau GmbH%" Eingangsordner="1"/>
  <Eigentuemermuster Zuordnungsnummer="493" KundEigtNr="29608" Eigentuemermuster="%Schulze Assekuranz GmbH%" Eingangsordner="1"/>
  <Eigentuemermuster Zuordnungsnummer="494" KundEigtNr="8409" Eigentuemermuster="%UBA-Immobilienservice%" Eingangsordner="1"/>
  <Eigentuemermuster Zuordnungsnummer="495" KundEigtNr="29609" Eigentuemermuster="%Albert Fischer GmbH%" Eingangsordner="1"/>
  <Eigentuemermuster Zuordnungsnummer="496" KundEigtNr="2535" Eigentuemermuster="%Claudia Hermann Immobilienverwaltung%" Eingangsordner="3"/>
  <Eigentuemermuster Zuordnungsnummer="497" KundEigtNr="29553" Eigentuemermuster="Daten Info Service Eibl%%" Eingangsordner="3"/>
  <Eigentuemermuster Zuordnungsnummer="498" KundEigtNr="14689" Eigentuemermuster="%Timpe Immobilien GmbH%" Eingangsordner="3"/>
  <Eigentuemermuster Zuordnungsnummer="499" KundEigtNr="29586" Eigentuemermuster="%Lenz Häuser GmbH%" Eingangsordner="3"/>
  <Eigentuemermuster Zuordnungsnummer="500" KundEigtNr="29627" Eigentuemermuster="%blueHOMES AG%" Eingangsordner="3"/>
  <Eigentuemermuster Zuordnungsnummer="501" KundEigtNr="3369" Eigentuemermuster="%Gabriele Bertelt%" Eingangsordner="3"/>
  <Eigentuemermuster Zuordnungsnummer="502" KundEigtNr="29097" Eigentuemermuster="%Freeler GmbH%" Eingangsordner="3"/>
  <Eigentuemermuster Zuordnungsnummer="503" KundEigtNr="29553" Eigentuemermuster="%Daten Info Service Eibl%" Eingangsordner="1"/>
  <Eigentuemermuster Zuordnungsnummer="504" KundEigtNr="29339" Eigentuemermuster="%Miroszewska-Immobilien%" Eingangsordner="3"/>
  <Eigentuemermuster Zuordnungsnummer="505" KundEigtNr="11206" Eigentuemermuster="%Horizont Immobilien%" Eingangsordner="1"/>
  <Eigentuemermuster Zuordnungsnummer="506" KundEigtNr="15551" Eigentuemermuster="%www.wolff-goebenstrasse.de%" Eingangsordner="3"/>
  <Eigentuemermuster Zuordnungsnummer="507" KundEigtNr="29617" Eigentuemermuster="%HannoVermittlung und Bau GmbH%" Eingangsordner="1"/>
  <Eigentuemermuster Zuordnungsnummer="508" KundEigtNr="29488" Eigentuemermuster="%mc &amp; p Immobilien%" Eingangsordner="1"/>
  <Eigentuemermuster Zuordnungsnummer="509" KundEigtNr="8298" Eigentuemermuster="%DEKOM Immobiliengesellschaft mbH%" Eingangsordner="1"/>
  <Eigentuemermuster Zuordnungsnummer="510" KundEigtNr="29583" Eigentuemermuster="%Sparkasse%Walsroder%" Eingangsordner="1"/>
  <Eigentuemermuster Zuordnungsnummer="511" KundEigtNr="28884" Eigentuemermuster="%Grundidee%" Eingangsordner="1"/>
  <Eigentuemermuster Zuordnungsnummer="512" KundEigtNr="29538" Eigentuemermuster="%Klass Immobilien%" Eingangsordner="3"/>
  <Eigentuemermuster Zuordnungsnummer="513" KundEigtNr="29318" Eigentuemermuster="%Vogt &amp; Wankelje Immobilien%" Eingangsordner="1"/>
  <Eigentuemermuster Zuordnungsnummer="514" KundEigtNr="28403" Eigentuemermuster="%formart GmbH%" Eingangsordner="1"/>
  <Eigentuemermuster Zuordnungsnummer="515" KundEigtNr="28570" Eigentuemermuster="%KSG Hannover GmbH%" Eingangsordner="1"/>
  <Eigentuemermuster Zuordnungsnummer="516" KundEigtNr="3728" Eigentuemermuster="%0511 640074 %" Eingangsordner="3"/>
  <Eigentuemermuster Zuordnungsnummer="517" KundEigtNr="29759" Eigentuemermuster="%Peloton Vermittlung GmbH%" Eingangsordner="1"/>
  <Eigentuemermuster Zuordnungsnummer="518" KundEigtNr="29631" Eigentuemermuster="%Parkschloss Immobilien UG%" Eingangsordner="3"/>
  <Eigentuemermuster Zuordnungsnummer="519" KundEigtNr="28774" Eigentuemermuster="%DSIM Douglas Spalthoff Immobilien%" Eingangsordner="1"/>
  <Eigentuemermuster Zuordnungsnummer="521" KundEigtNr="29576" Eigentuemermuster="%Sparkasse%Karmarschstr%" Eingangsordner="3"/>
  <Eigentuemermuster Zuordnungsnummer="522" KundEigtNr="29769" Eigentuemermuster="%Danziger &amp; Weibezahl%" Eingangsordner="1"/>
  <Eigentuemermuster Zuordnungsnummer="523" KundEigtNr="29552" Eigentuemermuster="%PlanetHome AG%Apianstr%" Eingangsordner="3"/>
  <Eigentuemermuster Zuordnungsnummer="524" KundEigtNr="29770" Eigentuemermuster="%Maklerkanzlei Alexander Kentrath%" Eingangsordner="3"/>
  <Eigentuemermuster Zuordnungsnummer="525" KundEigtNr="29618" Eigentuemermuster="%Hybridenergiehaus GmbH%" Eingangsordner="1"/>
  <Eigentuemermuster Zuordnungsnummer="526" KundEigtNr="29616" Eigentuemermuster="%LHI-Immobilien%" Eingangsordner="1"/>
  <Eigentuemermuster Zuordnungsnummer="527" KundEigtNr="8566" Eigentuemermuster="%Beatrice Semm-Krygier%" Eingangsordner="3"/>
  <Eigentuemermuster Zuordnungsnummer="528" KundEigtNr="29803" Eigentuemermuster="%Turm Immobilien%" Eingangsordner="1"/>
  <Eigentuemermuster Zuordnungsnummer="529" KundEigtNr="29131" Eigentuemermuster="%SDS FOLTIN + PARTNER%" Eingangsordner="3"/>
  <Eigentuemermuster Zuordnungsnummer="530" KundEigtNr="29030" Eigentuemermuster="%Gerd Voslamber%" Eingangsordner="3"/>
  <Eigentuemermuster Zuordnungsnummer="531" KundEigtNr="29123" Eigentuemermuster="%Hanni Geismar Immobilien%" Eingangsordner="3"/>
  <Eigentuemermuster Zuordnungsnummer="532" KundEigtNr="29835" Eigentuemermuster="%WAS.Immobilien%" Eingangsordner="1"/>
  <Eigentuemermuster Zuordnungsnummer="533" KundEigtNr="29836" Eigentuemermuster="%kleinemaklerei%" Eingangsordner="1"/>
  <Eigentuemermuster Zuordnungsnummer="534" KundEigtNr="9062" Eigentuemermuster="%Fischer Bau GmbH%" Eingangsordner="1"/>
  <Eigentuemermuster Zuordnungsnummer="535" KundEigtNr="29837" Eigentuemermuster="%Plan2L%" Eingangsordner="3"/>
  <Eigentuemermuster Zuordnungsnummer="536" KundEigtNr="29839" Eigentuemermuster="%EBELING IMMOBILIEN%" Eingangsordner="3"/>
  <Eigentuemermuster Zuordnungsnummer="537" KundEigtNr="29840" Eigentuemermuster="%Rosenhof Immobilien &amp; Capital Vermittlung GmbH%" Eingangsordner="3"/>
  <Eigentuemermuster Zuordnungsnummer="538" KundEigtNr="29841" Eigentuemermuster="%immoeck GmbH%" Eingangsordner="3"/>
  <Eigentuemermuster Zuordnungsnummer="539" KundEigtNr="28222" Eigentuemermuster="%Dipl.-Ing. Müller Immobilien%" Eingangsordner="3"/>
  <Eigentuemermuster Zuordnungsnummer="540" KundEigtNr="21518" Eigentuemermuster="%Dirk Lenz%" Eingangsordner="3"/>
  <Eigentuemermuster Zuordnungsnummer="541" KundEigtNr="29031" Eigentuemermuster="%Pfarr-Schmidt Immobilien%" Eingangsordner="3"/>
  <Eigentuemermuster Zuordnungsnummer="542" KundEigtNr="29395" Eigentuemermuster="%CENTRAL IMMOBILIEN HANNOVER%" Eingangsordner="3"/>
  <Eigentuemermuster Zuordnungsnummer="543" KundEigtNr="29849" Eigentuemermuster="%DHE Dagmar Herrenkind Immobilien%" Eingangsordner="3"/>
  <Eigentuemermuster Zuordnungsnummer="544" KundEigtNr="29656" Eigentuemermuster="%SIEMER GmbH%" Eingangsordner="3"/>
  <Eigentuemermuster Zuordnungsnummer="545" KundEigtNr="29850" Eigentuemermuster="%Marco A. Fernandes Immobilienmakler%" Eingangsordner="3"/>
  <Eigentuemermuster Zuordnungsnummer="546" KundEigtNr="29613" Eigentuemermuster="%Ralf Borchers%" Eingangsordner="3"/>
  <Eigentuemermuster Zuordnungsnummer="547" KundEigtNr="29687" Eigentuemermuster="%neo house immobilien%" Eingangsordner="3"/>
  <Eigentuemermuster Zuordnungsnummer="548" KundEigtNr="3297" Eigentuemermuster="%05113522077%" Eingangsordner="1"/>
  <Eigentuemermuster Zuordnungsnummer="550" KundEigtNr="24836" Eigentuemermuster="%anacker Immobilien%" Eingangsordner="1"/>
  <Eigentuemermuster Zuordnungsnummer="551" KundEigtNr="29271" Eigentuemermuster="%Stünkel-Immobilien%" Eingangsordner="3"/>
  <Eigentuemermuster Zuordnungsnummer="552" KundEigtNr="8977" Eigentuemermuster="%Barbara Heller Immobilien%" Eingangsordner="3"/>
  <Eigentuemermuster Zuordnungsnummer="553" KundEigtNr="29515" Eigentuemermuster="%PPM Rent &amp; Lease%" Eingangsordner="1"/>
  <Eigentuemermuster Zuordnungsnummer="554" KundEigtNr="29887" Eigentuemermuster="%Klaus Büngel%" Eingangsordner="3"/>
  <Eigentuemermuster Zuordnungsnummer="555" KundEigtNr="29888" Eigentuemermuster="%KOCH Immobilien-Service GmbH%" Eingangsordner="1"/>
  <Eigentuemermuster Zuordnungsnummer="556" KundEigtNr="28666" Eigentuemermuster="%Kohn &amp; Fricke Immobilien GmbH &amp; Co.KG%" Eingangsordner="1"/>
  <Eigentuemermuster Zuordnungsnummer="557" KundEigtNr="29830" Eigentuemermuster="%Wohnfühlfaktor Immobilienagentur%" Eingangsordner="1"/>
  <Eigentuemermuster Zuordnungsnummer="558" KundEigtNr="29725" Eigentuemermuster="%Liedke Immobilien%" Eingangsordner="3"/>
  <Eigentuemermuster Zuordnungsnummer="559" KundEigtNr="29902" Eigentuemermuster="%ROSE-Immobilien%" Eingangsordner="3"/>
  <Eigentuemermuster Zuordnungsnummer="560" KundEigtNr="29911" Eigentuemermuster="%Lilge Immobilien %" Eingangsordner="3"/>
  <Eigentuemermuster Zuordnungsnummer="561" KundEigtNr="29702" Eigentuemermuster="%NiGa-Immobilien%" Eingangsordner="1"/>
  <Eigentuemermuster Zuordnungsnummer="562" KundEigtNr="10815" Eigentuemermuster="%Dipl.-Ing. Wolfgang Hundt%" Eingangsordner="1"/>
  <Eigentuemermuster Zuordnungsnummer="563" KundEigtNr="29914" Eigentuemermuster="%Immobilienservice Wiegand%" Eingangsordner="1"/>
  <Eigentuemermuster Zuordnungsnummer="564" KundEigtNr="29474" Eigentuemermuster="%PROIMMO Holding%" Eingangsordner="1"/>
  <Eigentuemermuster Zuordnungsnummer="566" KundEigtNr="29959" Eigentuemermuster="%IMMOSUPPORT%" Eingangsordner="1"/>
  <Eigentuemermuster Zuordnungsnummer="567" KundEigtNr="29964" Eigentuemermuster="%Georg Criée%" Eingangsordner="1"/>
  <Eigentuemermuster Zuordnungsnummer="573" KundEigtNr="5716" Eigentuemermuster="%Hausverwaltung Höcke-Stadler%" Eingangsordner="1"/>
  <Eigentuemermuster Zuordnungsnummer="574" KundEigtNr="28847" Eigentuemermuster="%Corinna Müller-Lorenz%" Eingangsordner="1"/>
  <Eigentuemermuster Zuordnungsnummer="575" KundEigtNr="28659" Eigentuemermuster="%Mandy Stuja%" Eingangsordner="1"/>
  <Eigentuemermuster Zuordnungsnummer="576" KundEigtNr="29967" Eigentuemermuster="%Hermann J. Niemann OHG%" Eingangsordner="1"/>
  <Eigentuemermuster Zuordnungsnummer="577" KundEigtNr="30022" Eigentuemermuster="%Bodenhausen Immobilien%" Eingangsordner="3"/>
  <Eigentuemermuster Zuordnungsnummer="578" KundEigtNr="29283" Eigentuemermuster="%von der Brelie Immobilienverwaltung GmbH%" Eingangsordner="1"/>
  <Eigentuemermuster Zuordnungsnummer="579" KundEigtNr="30149" Eigentuemermuster="RED Immobilien Management%%" Eingangsordner="1"/>
  <Eigentuemermuster Zuordnungsnummer="580" KundEigtNr="27537" Eigentuemermuster="%Vogelsang Immobilien%" Eingangsordner="1"/>
  <Eigentuemermuster Zuordnungsnummer="581" KundEigtNr="30032" Eigentuemermuster="%F &amp; M Finanzierungs- und Mietgesellschaft%" Eingangsordner="3"/>
  <Eigentuemermuster Zuordnungsnummer="582" KundEigtNr="10764" Eigentuemermuster="%Catharina Thesing%" Eingangsordner="1"/>
  <Eigentuemermuster Zuordnungsnummer="583" KundEigtNr="30160" Eigentuemermuster="%Dippel Real Estate%" Eingangsordner="3"/>
</dataset>
