<?xml version='1.0' encoding='UTF-8'?>
<dataset>
  <Kunden KundenNr="1" KundEigtNr="4200" KundArt="16" KundStatus="1" KundAufDat="1998-01-13"/>
  <Kunden KundenNr="7" KundEigtNr="3787" KundArt="16" KundStatus="3" KundAufDat="1995-03-15"/>
  <Kunden KundenNr="8" KundEigtNr="1180" KundArt="16" KundStatus="1" KundAufDat="1995-05-17"/>
  <Kunden KundenNr="9" KundEigtNr="3808" KundArt="16" KundStatus="1" KundAufDat="1995-05-18"/>
  <Kunden KundenNr="10" KundEigtNr="2463" KundArt="16" KundStatus="1" KundAufDat="1995-05-18"/>
  <Kunden KundenNr="11" KundEigtNr="2149" KundArt="16" KundStatus="1" KundAufDat="1995-05-18"/>
  <Kunden KundenNr="12" KundEigtNr="493" KundArt="16" KundStatus="1" KundAufDat="1995-05-18"/>
  <Kunden KundenNr="13" KundEigtNr="3616" KundArt="16" KundStatus="1" KundAufDat="1995-05-18"/>
  <Kunden KundenNr="15" KundEigtNr="4132" KundArt="16" KundStatus="1" KundAufDat="1995-05-18"/>
  <Kunden KundenNr="16" KundEigtNr="23" KundArt="16" KundStatus="1" KundAufDat="1995-05-18"/>
  <Kunden KundenNr="17" KundEigtNr="1968" KundArt="16" KundStatus="1" KundAufDat="1995-05-18"/>
  <Kunden KundenNr="18" KundEigtNr="3837" KundArt="16" KundStatus="1" KundAufDat="1995-05-18"/>
  <Kunden KundenNr="19" KundEigtNr="2170" KundArt="16" KundStatus="1" KundAufDat="1995-05-18"/>
  <Kunden KundenNr="20" KundEigtNr="2388" KundArt="16" KundStatus="1" KundAufDat="1995-05-18"/>
  <Kunden KundenNr="21" KundEigtNr="912" KundArt="16" KundStatus="1" KundAufDat="1995-05-18"/>
  <Kunden KundenNr="22" KundEigtNr="2299" KundArt="16" KundStatus="1" KundAufDat="1995-05-18"/>
  <Kunden KundenNr="23" KundEigtNr="2906" KundArt="16" KundStatus="3" KundAufDat="1995-05-18"/>
  <Kunden KundenNr="24" KundEigtNr="1831" KundArt="16" KundStatus="1" KundAufDat="1995-05-18"/>
  <Kunden KundenNr="25" KundEigtNr="3338" KundArt="16" KundStatus="3" KundAufDat="1995-05-18"/>
  <Kunden KundenNr="26" KundEigtNr="1236" KundArt="16" KundStatus="1" KundAufDat="1995-05-18"/>
  <Kunden KundenNr="27" KundEigtNr="3431" KundArt="16" KundStatus="1" KundAufDat="1995-05-18"/>
  <Kunden KundenNr="28" KundEigtNr="3896" KundArt="16" KundStatus="3" KundAufDat="1995-05-18"/>
  <Kunden KundenNr="29" KundEigtNr="1835" KundArt="16" KundStatus="1" KundAufDat="1995-05-18"/>
  <Kunden KundenNr="30" KundEigtNr="3038" KundArt="16" KundStatus="1" KundAufDat="1995-05-18"/>
  <Kunden KundenNr="31" KundEigtNr="3613" KundArt="16" KundStatus="1" KundAufDat="1995-05-18"/>
  <Kunden KundenNr="32" KundEigtNr="14" KundArt="16" KundStatus="1" KundAufDat="1995-05-18"/>
  <Kunden KundenNr="33" KundEigtNr="2132" KundArt="16" KundStatus="3" KundAufDat="1995-05-18"/>
  <Kunden KundenNr="34" KundEigtNr="2892" KundArt="16" KundStatus="1" KundAufDat="1995-05-18"/>
  <Kunden KundenNr="36" KundEigtNr="2470" KundArt="16" KundStatus="1" KundAufDat="1995-05-18"/>
  <Kunden KundenNr="37" KundEigtNr="1836" KundArt="16" KundStatus="1" KundAufDat="1995-05-18"/>
  <Kunden KundenNr="38" KundEigtNr="2118" KundArt="16" KundStatus="1" KundAufDat="1995-05-18"/>
  <Kunden KundenNr="39" KundEigtNr="667" KundArt="16" KundStatus="1" KundAufDat="1995-05-18"/>
  <Kunden KundenNr="40" KundEigtNr="2904" KundArt="16" KundStatus="1" KundAufDat="1995-05-18"/>
  <Kunden KundenNr="41" KundEigtNr="4122" KundArt="16" KundStatus="1" KundAufDat="1995-05-18"/>
  <Kunden KundenNr="42" KundEigtNr="1708" KundArt="16" KundStatus="1" KundAufDat="1995-05-18"/>
  <Kunden KundenNr="43" KundEigtNr="1141" KundArt="16" KundStatus="1" KundAufDat="1995-05-18"/>
  <Kunden KundenNr="44" KundEigtNr="2117" KundArt="16" KundStatus="1" KundAufDat="1995-05-18"/>
  <Kunden KundenNr="45" KundEigtNr="1392" KundArt="16" KundStatus="1" KundAufDat="1995-05-18"/>
  <Kunden KundenNr="46" KundEigtNr="3067" KundArt="16" KundStatus="1" KundAufDat="1995-05-18"/>
  <Kunden KundenNr="47" KundEigtNr="1952" KundArt="16" KundStatus="1" KundAufDat="1995-05-18"/>
  <Kunden KundenNr="48" KundEigtNr="1808" KundArt="16" KundStatus="1" KundAufDat="1995-05-18"/>
  <Kunden KundenNr="49" KundEigtNr="1582" KundArt="8" KundStatus="1" KundAufDat="1995-05-19"/>
  <Kunden KundenNr="50" KundEigtNr="2032" KundArt="2" KundStatus="3" KundAufDat="1995-05-19"/>
  <Kunden KundenNr="51" KundEigtNr="994" KundArt="8" KundStatus="3" KundAufDat="1995-05-19"/>
  <Kunden KundenNr="52" KundEigtNr="3145" KundArt="8" KundStatus="3" KundAufDat="1995-05-19"/>
  <Kunden KundenNr="53" KundEigtNr="2136" KundArt="8" KundStatus="1" KundAufDat="1995-03-13"/>
  <Kunden KundenNr="54" KundEigtNr="2165" KundArt="8" KundStatus="3" KundAufDat="1995-05-19"/>
  <Kunden KundenNr="55" KundEigtNr="4076" KundArt="8" KundStatus="3" KundAufDat="1995-05-19"/>
  <Kunden KundenNr="56" KundEigtNr="1366" KundArt="8" KundStatus="3" KundAufDat="1995-05-05"/>
  <Kunden KundenNr="57" KundEigtNr="1933" KundArt="2" KundStatus="3" KundAufDat="1995-05-19"/>
  <Kunden KundenNr="58" KundEigtNr="3215" KundArt="2" KundStatus="3" KundAufDat="1995-05-19"/>
  <Kunden KundenNr="59" KundEigtNr="3743" KundArt="2" KundStatus="3" KundAufDat="1995-05-02"/>
  <Kunden KundenNr="60" KundEigtNr="365" KundArt="2" KundStatus="3" KundAufDat="1995-05-19"/>
  <Kunden KundenNr="61" KundEigtNr="1138" KundArt="8" KundStatus="3" KundAufDat="1995-05-19"/>
  <Kunden KundenNr="62" KundEigtNr="3119" KundArt="8" KundStatus="3" KundAufDat="1995-05-19"/>
  <Kunden KundenNr="63" KundEigtNr="3036" KundArt="8" KundStatus="1" KundAufDat="1995-05-19"/>
  <Kunden KundenNr="64" KundEigtNr="2925" KundArt="8" KundStatus="3" KundAufDat="1995-05-19"/>
  <Kunden KundenNr="65" KundEigtNr="3492" KundArt="8" KundStatus="3" KundAufDat="1995-05-19"/>
  <Kunden KundenNr="66" KundEigtNr="1011" KundArt="8" KundStatus="3" KundAufDat="1995-05-19"/>
  <Kunden KundenNr="67" KundEigtNr="1936" KundArt="8" KundStatus="3" KundAufDat="1995-05-19"/>
  <Kunden KundenNr="68" KundEigtNr="1337" KundArt="8" KundStatus="3" KundAufDat="1995-05-19"/>
  <Kunden KundenNr="69" KundEigtNr="386" KundArt="16" KundStatus="3" KundAufDat="1995-03-28"/>
  <Kunden KundenNr="70" KundEigtNr="3422" KundArt="16" KundStatus="3" KundAufDat="1995-03-13"/>
  <Kunden KundenNr="71" KundEigtNr="1554" KundArt="8" KundStatus="1" KundAufDat="1995-04-03"/>
  <Kunden KundenNr="72" KundEigtNr="2541" KundArt="8" KundStatus="3" KundAufDat="1995-04-10"/>
  <Kunden KundenNr="73" KundEigtNr="3879" KundArt="8" KundStatus="3" KundAufDat="1995-03-13"/>
  <Kunden KundenNr="74" KundEigtNr="3606" KundArt="8" KundStatus="3" KundAufDat="1995-04-03"/>
  <Kunden KundenNr="75" KundEigtNr="858" KundArt="8" KundStatus="3" KundAufDat="1995-04-10"/>
  <Kunden KundenNr="76" KundEigtNr="918" KundArt="8" KundStatus="3" KundAufDat="1995-04-03"/>
  <Kunden KundenNr="77" KundEigtNr="3366" KundArt="8" KundStatus="1" KundAufDat="1995-04-05"/>
  <Kunden KundenNr="78" KundEigtNr="1749" KundArt="8" KundStatus="1" KundAufDat="1995-04-10"/>
  <Kunden KundenNr="79" KundEigtNr="1608" KundArt="8" KundStatus="3" KundAufDat="1995-03-13"/>
  <Kunden KundenNr="80" KundEigtNr="992" KundArt="8" KundStatus="3" KundAufDat="1995-05-22"/>
  <Kunden KundenNr="81" KundEigtNr="1682" KundArt="8" KundStatus="3" KundAufDat="1995-04-03"/>
  <Kunden KundenNr="82" KundEigtNr="1339" KundArt="8" KundStatus="3" KundAufDat="1995-04-03"/>
  <Kunden KundenNr="83" KundEigtNr="570" KundArt="8" KundStatus="3" KundAufDat="1995-04-04"/>
  <Kunden KundenNr="84" KundEigtNr="2302" KundArt="8" KundStatus="1" KundAufDat="1995-05-22"/>
  <Kunden KundenNr="85" KundEigtNr="3114" KundArt="8" KundStatus="3" KundAufDat="1995-04-26"/>
  <Kunden KundenNr="86" KundEigtNr="969" KundArt="8" KundStatus="3" KundAufDat="1995-05-22"/>
  <Kunden KundenNr="87" KundEigtNr="897" KundArt="8" KundStatus="1" KundAufDat="1995-05-02"/>
  <Kunden KundenNr="88" KundEigtNr="1168" KundArt="8" KundStatus="3" KundAufDat="1995-05-22"/>
  <Kunden KundenNr="89" KundEigtNr="2770" KundArt="8" KundStatus="3" KundAufDat="1995-03-15"/>
  <Kunden KundenNr="90" KundEigtNr="958" KundArt="8" KundStatus="3" KundAufDat="1995-03-13"/>
  <Kunden KundenNr="91" KundEigtNr="1470" KundArt="8" KundStatus="3" KundAufDat="1995-04-03"/>
  <Kunden KundenNr="92" KundEigtNr="1753" KundArt="8" KundStatus="1" KundAufDat="1995-05-22"/>
  <Kunden KundenNr="93" KundEigtNr="654" KundArt="8" KundStatus="3" KundAufDat="1995-05-22"/>
  <Kunden KundenNr="94" KundEigtNr="1387" KundArt="8" KundStatus="3" KundAufDat="1995-05-22"/>
  <Kunden KundenNr="95" KundEigtNr="2288" KundArt="8" KundStatus="1" KundAufDat="1995-05-23"/>
  <Kunden KundenNr="96" KundEigtNr="1902" KundArt="2" KundStatus="3" KundAufDat="1995-04-26"/>
  <Kunden KundenNr="97" KundEigtNr="3795" KundArt="8" KundStatus="3" KundAufDat="1995-05-22"/>
  <Kunden KundenNr="98" KundEigtNr="2204" KundArt="8" KundStatus="3" KundAufDat="1995-05-22"/>
  <Kunden KundenNr="99" KundEigtNr="805" KundArt="8" KundStatus="3" KundAufDat="1995-05-22"/>
  <Kunden KundenNr="100" KundEigtNr="1787" KundArt="1" KundStatus="1" KundAufDat="1995-05-23"/>
  <Kunden KundenNr="101" KundEigtNr="2940" KundArt="8" KundStatus="1" KundAufDat="1995-05-22"/>
  <Kunden KundenNr="102" KundEigtNr="1295" KundArt="8" KundStatus="3" KundAufDat="1995-05-23"/>
  <Kunden KundenNr="103" KundEigtNr="1437" KundArt="8" KundStatus="1" KundAufDat="1995-05-23"/>
  <Kunden KundenNr="104" KundEigtNr="1057" KundArt="8" KundStatus="1" KundAufDat="1995-05-22"/>
  <Kunden KundenNr="105" KundEigtNr="3650" KundArt="8" KundStatus="3" KundAufDat="1995-05-23"/>
  <Kunden KundenNr="106" KundEigtNr="3591" KundArt="8" KundStatus="3" KundAufDat="1995-04-03"/>
  <Kunden KundenNr="107" KundEigtNr="1859" KundArt="8" KundStatus="1" KundAufDat="1995-04-03"/>
  <Kunden KundenNr="108" KundEigtNr="1764" KundArt="8" KundStatus="3" KundAufDat="1995-05-23"/>
  <Kunden KundenNr="109" KundEigtNr="3623" KundArt="8" KundStatus="3" KundAufDat="1995-05-11"/>
  <Kunden KundenNr="110" KundEigtNr="338" KundArt="8" KundStatus="3" KundAufDat="1995-05-15"/>
  <Kunden KundenNr="111" KundEigtNr="3563" KundArt="8" KundStatus="1" KundAufDat="1995-03-13"/>
  <Kunden KundenNr="112" KundEigtNr="1695" KundArt="1" KundStatus="3" KundAufDat="1995-03-13"/>
  <Kunden KundenNr="113" KundEigtNr="382" KundArt="8" KundStatus="3" KundAufDat="1995-05-02"/>
  <Kunden KundenNr="114" KundEigtNr="990" KundArt="8" KundStatus="3" KundAufDat="1995-03-13"/>
  <Kunden KundenNr="115" KundEigtNr="2073" KundArt="8" KundStatus="3" KundAufDat="1995-04-11"/>
  <Kunden KundenNr="117" KundEigtNr="3732" KundArt="8" KundStatus="1" KundAufDat="1995-04-10"/>
  <Kunden KundenNr="118" KundEigtNr="2185" KundArt="8" KundStatus="3" KundAufDat="1995-05-02"/>
  <Kunden KundenNr="119" KundEigtNr="3227" KundArt="2" KundStatus="3" KundAufDat="1995-04-04"/>
  <Kunden KundenNr="120" KundEigtNr="3528" KundArt="2" KundStatus="3" KundAufDat="1995-03-15"/>
  <Kunden KundenNr="121" KundEigtNr="3095" KundArt="2" KundStatus="3" KundAufDat="1995-04-01"/>
  <Kunden KundenNr="122" KundEigtNr="326" KundArt="8" KundStatus="3" KundAufDat="1995-05-04"/>
  <Kunden KundenNr="123" KundEigtNr="3944" KundArt="8" KundStatus="3" KundAufDat="1995-03-11"/>
  <Kunden KundenNr="124" KundEigtNr="2611" KundArt="8" KundStatus="3" KundAufDat="1995-04-12"/>
  <Kunden KundenNr="125" KundEigtNr="2471" KundArt="8" KundStatus="3" KundAufDat="1995-04-10"/>
  <Kunden KundenNr="126" KundEigtNr="2275" KundArt="8" KundStatus="1" KundAufDat="1995-03-11"/>
  <Kunden KundenNr="127" KundEigtNr="825" KundArt="8" KundStatus="1" KundAufDat="1995-03-13"/>
  <Kunden KundenNr="128" KundEigtNr="2157" KundArt="8" KundStatus="3" KundAufDat="1995-04-11"/>
  <Kunden KundenNr="129" KundEigtNr="3457" KundArt="8" KundStatus="1" KundAufDat="1995-03-14"/>
  <Kunden KundenNr="130" KundEigtNr="1271" KundArt="8" KundStatus="3" KundAufDat="1995-04-10"/>
  <Kunden KundenNr="131" KundEigtNr="1348" KundArt="8" KundStatus="3" KundAufDat="1995-05-02"/>
  <Kunden KundenNr="132" KundEigtNr="2385" KundArt="8" KundStatus="1" KundAufDat="1995-05-02"/>
  <Kunden KundenNr="133" KundEigtNr="674" KundArt="8" KundStatus="1" KundAufDat="1995-05-23"/>
  <Kunden KundenNr="134" KundEigtNr="3009" KundArt="8" KundStatus="3" KundAufDat="1995-05-23"/>
  <Kunden KundenNr="135" KundEigtNr="2715" KundArt="8" KundStatus="3" KundAufDat="1995-05-23"/>
  <Kunden KundenNr="136" KundEigtNr="1349" KundArt="8" KundStatus="1" KundAufDat="1995-04-26"/>
  <Kunden KundenNr="137" KundEigtNr="2266" KundArt="8" KundStatus="1" KundAufDat="1995-04-03"/>
  <Kunden KundenNr="138" KundEigtNr="3241" KundArt="8" KundStatus="1" KundAufDat="1995-03-13"/>
  <Kunden KundenNr="139" KundEigtNr="3534" KundArt="8" KundStatus="1" KundAufDat="1995-03-13"/>
  <Kunden KundenNr="140" KundEigtNr="2540" KundArt="8" KundStatus="1" KundAufDat="1995-04-11"/>
  <Kunden KundenNr="141" KundEigtNr="480" KundArt="8" KundStatus="1" KundAufDat="1995-05-03"/>
  <Kunden KundenNr="142" KundEigtNr="1067" KundArt="8" KundStatus="3" KundAufDat="1995-03-11"/>
  <Kunden KundenNr="143" KundEigtNr="1850" KundArt="8" KundStatus="1" KundAufDat="1995-03-11"/>
  <Kunden KundenNr="144" KundEigtNr="911" KundArt="8" KundStatus="3" KundAufDat="1995-03-13"/>
  <Kunden KundenNr="145" KundEigtNr="925" KundArt="8" KundStatus="3" KundAufDat="1995-04-10"/>
  <Kunden KundenNr="146" KundEigtNr="3285" KundArt="8" KundStatus="3" KundAufDat="1995-04-10"/>
  <Kunden KundenNr="147" KundEigtNr="4007" KundArt="8" KundStatus="1" KundAufDat="1995-03-13"/>
  <Kunden KundenNr="148" KundEigtNr="1241" KundArt="8" KundStatus="1" KundAufDat="1995-04-29"/>
  <Kunden KundenNr="149" KundEigtNr="2606" KundArt="8" KundStatus="1" KundAufDat="1995-03-11"/>
  <Kunden KundenNr="150" KundEigtNr="2831" KundArt="8" KundStatus="1" KundAufDat="1995-03-17"/>
  <Kunden KundenNr="151" KundEigtNr="1839" KundArt="8" KundStatus="3" KundAufDat="1995-04-10"/>
  <Kunden KundenNr="152" KundEigtNr="1783" KundArt="8" KundStatus="1" KundAufDat="1995-03-13"/>
  <Kunden KundenNr="153" KundEigtNr="3286" KundArt="8" KundStatus="1" KundAufDat="1995-04-12"/>
  <Kunden KundenNr="154" KundEigtNr="3051" KundArt="8" KundStatus="3" KundAufDat="1995-04-10"/>
  <Kunden KundenNr="155" KundEigtNr="3532" KundArt="8" KundStatus="3" KundAufDat="1995-03-20"/>
  <Kunden KundenNr="156" KundEigtNr="988" KundArt="8" KundStatus="3" KundAufDat="1995-04-26"/>
  <Kunden KundenNr="157" KundEigtNr="1909" KundArt="8" KundStatus="3" KundAufDat="1995-04-29"/>
  <Kunden KundenNr="158" KundEigtNr="4147" KundArt="8" KundStatus="3" KundAufDat="1995-04-26"/>
  <Kunden KundenNr="159" KundEigtNr="3813" KundArt="8" KundStatus="3" KundAufDat="1995-04-11"/>
  <Kunden KundenNr="160" KundEigtNr="2748" KundArt="8" KundStatus="3" KundAufDat="1995-04-10"/>
  <Kunden KundenNr="161" KundEigtNr="2344" KundArt="8" KundStatus="3" KundAufDat="1995-04-10"/>
  <Kunden KundenNr="162" KundEigtNr="1944" KundArt="8" KundStatus="3" KundAufDat="1995-04-10"/>
  <Kunden KundenNr="163" KundEigtNr="2023" KundArt="8" KundStatus="3" KundAufDat="1995-03-13"/>
  <Kunden KundenNr="164" KundEigtNr="3536" KundArt="8" KundStatus="3" KundAufDat="1995-05-03"/>
  <Kunden KundenNr="165" KundEigtNr="2408" KundArt="2" KundStatus="3" KundAufDat="1995-04-26"/>
  <Kunden KundenNr="166" KundEigtNr="1189" KundArt="8" KundStatus="3" KundAufDat="1995-05-03"/>
  <Kunden KundenNr="167" KundEigtNr="2453" KundArt="8" KundStatus="3" KundAufDat="1995-05-10"/>
  <Kunden KundenNr="168" KundEigtNr="3347" KundArt="8" KundStatus="1" KundAufDat="1995-05-02"/>
  <Kunden KundenNr="170" KundEigtNr="1384" KundArt="8" KundStatus="3" KundAufDat="1995-04-03"/>
  <Kunden KundenNr="171" KundEigtNr="953" KundArt="8" KundStatus="3" KundAufDat="1995-04-08"/>
  <Kunden KundenNr="172" KundEigtNr="3956" KundArt="8" KundStatus="1" KundAufDat="1995-03-13"/>
  <Kunden KundenNr="173" KundEigtNr="3454" KundArt="8" KundStatus="3" KundAufDat="1995-03-13"/>
  <Kunden KundenNr="174" KundEigtNr="806" KundArt="8" KundStatus="3" KundAufDat="1995-04-03"/>
  <Kunden KundenNr="175" KundEigtNr="823" KundArt="8" KundStatus="3" KundAufDat="1995-03-13"/>
  <Kunden KundenNr="176" KundEigtNr="3960" KundArt="8" KundStatus="1" KundAufDat="1995-05-23"/>
  <Kunden KundenNr="177" KundEigtNr="510" KundArt="8" KundStatus="3" KundAufDat="1995-03-14"/>
  <Kunden KundenNr="178" KundEigtNr="2935" KundArt="8" KundStatus="1" KundAufDat="1995-05-02"/>
  <Kunden KundenNr="179" KundEigtNr="2592" KundArt="8" KundStatus="1" KundAufDat="1995-03-14"/>
  <Kunden KundenNr="180" KundEigtNr="1910" KundArt="8" KundStatus="3" KundAufDat="1995-03-17"/>
  <Kunden KundenNr="181" KundEigtNr="3961" KundArt="8" KundStatus="3" KundAufDat="1995-03-13"/>
  <Kunden KundenNr="182" KundEigtNr="3962" KundArt="8" KundStatus="3" KundAufDat="1995-04-03"/>
  <Kunden KundenNr="183" KundEigtNr="2971" KundArt="8" KundStatus="3" KundAufDat="1995-03-13"/>
  <Kunden KundenNr="184" KundEigtNr="532" KundArt="8" KundStatus="3" KundAufDat="1995-05-02"/>
  <Kunden KundenNr="185" KundEigtNr="3943" KundArt="8" KundStatus="3" KundAufDat="1995-03-13"/>
  <Kunden KundenNr="186" KundEigtNr="3030" KundArt="8" KundStatus="3" KundAufDat="1995-03-13"/>
  <Kunden KundenNr="188" KundEigtNr="3183" KundArt="8" KundStatus="3" KundAufDat="1995-03-11"/>
  <Kunden KundenNr="189" KundEigtNr="1827" KundArt="8" KundStatus="1" KundAufDat="1995-05-23"/>
  <Kunden KundenNr="190" KundEigtNr="2492" KundArt="8" KundStatus="3" KundAufDat="1995-05-20"/>
  <Kunden KundenNr="191" KundEigtNr="3018" KundArt="8" KundStatus="1" KundAufDat="1995-05-21"/>
  <Kunden KundenNr="192" KundEigtNr="955" KundArt="8" KundStatus="1" KundAufDat="1995-05-20"/>
  <Kunden KundenNr="193" KundEigtNr="514" KundArt="8" KundStatus="3" KundAufDat="1995-05-20"/>
  <Kunden KundenNr="194" KundEigtNr="347" KundArt="8" KundStatus="1" KundAufDat="1995-05-20"/>
  <Kunden KundenNr="195" KundEigtNr="3529" KundArt="8" KundStatus="1" KundAufDat="1995-05-20"/>
  <Kunden KundenNr="196" KundEigtNr="3669" KundArt="8" KundStatus="1" KundAufDat="1995-05-20"/>
  <Kunden KundenNr="197" KundEigtNr="1403" KundArt="8" KundStatus="1" KundAufDat="1995-05-22"/>
  <Kunden KundenNr="198" KundEigtNr="1404" KundArt="8" KundStatus="3" KundAufDat="1995-05-20"/>
  <Kunden KundenNr="199" KundEigtNr="3322" KundArt="8" KundStatus="3" KundAufDat="1995-05-20"/>
  <Kunden KundenNr="200" KundEigtNr="943" KundArt="8" KundStatus="3" KundAufDat="1995-05-20"/>
  <Kunden KundenNr="201" KundEigtNr="3598" KundArt="8" KundStatus="1" KundAufDat="1995-05-20"/>
  <Kunden KundenNr="202" KundEigtNr="1656" KundArt="8" KundStatus="3" KundAufDat="1995-05-23"/>
  <Kunden KundenNr="203" KundEigtNr="2497" KundArt="8" KundStatus="1" KundAufDat="1995-05-20"/>
  <Kunden KundenNr="204" KundEigtNr="2244" KundArt="8" KundStatus="1" KundAufDat="1995-05-20"/>
  <Kunden KundenNr="205" KundEigtNr="3281" KundArt="8" KundStatus="3" KundAufDat="1995-05-20"/>
  <Kunden KundenNr="206" KundEigtNr="3861" KundArt="8" KundStatus="3" KundAufDat="1995-05-20"/>
  <Kunden KundenNr="208" KundEigtNr="1375" KundArt="16" KundStatus="1" KundAufDat="1995-09-28"/>
  <Kunden KundenNr="209" KundEigtNr="2231" KundArt="8" KundStatus="3" KundAufDat="1995-10-04"/>
  <Kunden KundenNr="210" KundEigtNr="1273" KundArt="8" KundStatus="3" KundAufDat="1995-10-04"/>
  <Kunden KundenNr="211" KundEigtNr="2663" KundArt="8" KundStatus="3" KundAufDat="1995-10-05"/>
  <Kunden KundenNr="212" KundEigtNr="867" KundArt="8" KundStatus="1" KundAufDat="1995-10-10"/>
  <Kunden KundenNr="213" KundEigtNr="2084" KundArt="8" KundStatus="1" KundAufDat="1995-10-10"/>
  <Kunden KundenNr="214" KundEigtNr="4194" KundArt="8" KundStatus="1" KundAufDat="1995-10-10"/>
  <Kunden KundenNr="215" KundEigtNr="4142" KundArt="8" KundStatus="1" KundAufDat="1995-10-10"/>
  <Kunden KundenNr="216" KundEigtNr="2536" KundArt="16" KundStatus="1" KundAufDat="1995-10-17"/>
  <Kunden KundenNr="217" KundEigtNr="1468" KundArt="2" KundStatus="3" KundAufDat="1995-10-18"/>
  <Kunden KundenNr="218" KundEigtNr="3578" KundArt="2" KundStatus="3" KundAufDat="1995-10-30"/>
  <Kunden KundenNr="221" KundEigtNr="413" KundArt="8" KundStatus="3" KundAufDat="1995-10-30"/>
  <Kunden KundenNr="222" KundEigtNr="3391" KundArt="2" KundStatus="3" KundAufDat="1995-10-30"/>
  <Kunden KundenNr="223" KundEigtNr="3460" KundArt="8" KundStatus="1" KundAufDat="1995-10-30"/>
  <Kunden KundenNr="224" KundEigtNr="4096" KundArt="8" KundStatus="1" KundAufDat="1995-10-30"/>
  <Kunden KundenNr="225" KundEigtNr="691" KundArt="2" KundStatus="3" KundAufDat="1995-10-30"/>
  <Kunden KundenNr="226" KundEigtNr="1675" KundArt="8" KundStatus="3" KundAufDat="1995-10-30"/>
  <Kunden KundenNr="227" KundEigtNr="3066" KundArt="8" KundStatus="1" KundAufDat="1995-11-08"/>
  <Kunden KundenNr="228" KundEigtNr="3504" KundArt="8" KundStatus="1" KundAufDat="1995-11-08"/>
  <Kunden KundenNr="229" KundEigtNr="1194" KundArt="2" KundStatus="3" KundAufDat="1995-11-08"/>
  <Kunden KundenNr="230" KundEigtNr="1768" KundArt="8" KundStatus="3" KundAufDat="1995-11-08"/>
  <Kunden KundenNr="231" KundEigtNr="868" KundArt="8" KundStatus="3" KundAufDat="1995-11-13"/>
  <Kunden KundenNr="232" KundEigtNr="2433" KundArt="8" KundStatus="3" KundAufDat="1995-11-13"/>
  <Kunden KundenNr="233" KundEigtNr="1593" KundArt="8" KundStatus="3" KundAufDat="1995-11-13"/>
  <Kunden KundenNr="234" KundEigtNr="3340" KundArt="8" KundStatus="1" KundAufDat="1995-11-13"/>
  <Kunden KundenNr="235" KundEigtNr="855" KundArt="8" KundStatus="3" KundAufDat="1995-11-13"/>
  <Kunden KundenNr="236" KundEigtNr="4189" KundArt="8" KundStatus="3" KundAufDat="1995-11-13"/>
  <Kunden KundenNr="237" KundEigtNr="2177" KundArt="8" KundStatus="3" KundAufDat="1995-11-13"/>
  <Kunden KundenNr="238" KundEigtNr="915" KundArt="8" KundStatus="3" KundAufDat="1995-11-13"/>
  <Kunden KundenNr="239" KundEigtNr="1446" KundArt="8" KundStatus="3" KundAufDat="1995-11-13"/>
  <Kunden KundenNr="240" KundEigtNr="4195" KundArt="8" KundStatus="3" KundAufDat="1995-11-13"/>
  <Kunden KundenNr="241" KundEigtNr="2752" KundArt="2" KundStatus="3" KundAufDat="1995-11-13"/>
  <Kunden KundenNr="242" KundEigtNr="1290" KundArt="8" KundStatus="3" KundAufDat="1995-11-13"/>
  <Kunden KundenNr="243" KundEigtNr="2018" KundArt="8" KundStatus="3" KundAufDat="1995-11-13"/>
  <Kunden KundenNr="244" KundEigtNr="2139" KundArt="2" KundStatus="3" KundAufDat="1995-11-13"/>
  <Kunden KundenNr="245" KundEigtNr="1329" KundArt="8" KundStatus="3" KundAufDat="1995-11-13"/>
  <Kunden KundenNr="246" KundEigtNr="831" KundArt="8" KundStatus="3" KundAufDat="1995-11-13"/>
  <Kunden KundenNr="247" KundEigtNr="3214" KundArt="8" KundStatus="1" KundAufDat="1995-11-13"/>
  <Kunden KundenNr="248" KundEigtNr="4143" KundArt="2" KundStatus="3" KundAufDat="1995-11-13"/>
  <Kunden KundenNr="249" KundEigtNr="797" KundArt="8" KundStatus="3" KundAufDat="1995-11-13"/>
  <Kunden KundenNr="250" KundEigtNr="3715" KundArt="8" KundStatus="1" KundAufDat="1995-11-13"/>
  <Kunden KundenNr="251" KundEigtNr="2566" KundArt="8" KundStatus="3" KundAufDat="1995-11-13"/>
  <Kunden KundenNr="252" KundEigtNr="684" KundArt="8" KundStatus="3" KundAufDat="1995-11-13"/>
  <Kunden KundenNr="253" KundEigtNr="2434" KundArt="8" KundStatus="3" KundAufDat="1995-11-13"/>
  <Kunden KundenNr="254" KundEigtNr="3010" KundArt="2" KundStatus="3" KundAufDat="1995-11-13"/>
  <Kunden KundenNr="255" KundEigtNr="1260" KundArt="8" KundStatus="1" KundAufDat="1995-11-13"/>
  <Kunden KundenNr="256" KundEigtNr="3706" KundArt="8" KundStatus="3" KundAufDat="1995-11-13"/>
  <Kunden KundenNr="257" KundEigtNr="1330" KundArt="8" KundStatus="3" KundAufDat="1995-11-13"/>
  <Kunden KundenNr="258" KundEigtNr="689" KundArt="8" KundStatus="3" KundAufDat="1995-11-13"/>
  <Kunden KundenNr="259" KundEigtNr="2710" KundArt="2" KundStatus="3" KundAufDat="1995-11-13"/>
  <Kunden KundenNr="260" KundEigtNr="3382" KundArt="8" KundStatus="3" KundAufDat="1995-11-14"/>
  <Kunden KundenNr="261" KundEigtNr="1376" KundArt="8" KundStatus="3" KundAufDat="1995-11-14"/>
  <Kunden KundenNr="262" KundEigtNr="518" KundArt="8" KundStatus="3" KundAufDat="1995-11-14"/>
  <Kunden KundenNr="263" KundEigtNr="3408" KundArt="2" KundStatus="3" KundAufDat="1995-11-14"/>
  <Kunden KundenNr="264" KundEigtNr="3341" KundArt="8" KundStatus="3" KundAufDat="1995-11-14"/>
  <Kunden KundenNr="265" KundEigtNr="743" KundArt="8" KundStatus="3" KundAufDat="1995-11-14"/>
  <Kunden KundenNr="266" KundEigtNr="3757" KundArt="2" KundStatus="3" KundAufDat="1995-11-14"/>
  <Kunden KundenNr="267" KundEigtNr="2394" KundArt="2" KundStatus="3" KundAufDat="1995-11-14"/>
  <Kunden KundenNr="268" KundEigtNr="3702" KundArt="8" KundStatus="3" KundAufDat="1995-11-14"/>
  <Kunden KundenNr="269" KundEigtNr="2586" KundArt="2" KundStatus="3" KundAufDat="1995-11-14"/>
  <Kunden KundenNr="270" KundEigtNr="3570" KundArt="8" KundStatus="3" KundAufDat="1995-11-15"/>
  <Kunden KundenNr="271" KundEigtNr="3883" KundArt="8" KundStatus="1" KundAufDat="1995-11-15"/>
  <Kunden KundenNr="272" KundEigtNr="2024" KundArt="8" KundStatus="3" KundAufDat="1995-11-15"/>
  <Kunden KundenNr="273" KundEigtNr="2098" KundArt="16" KundStatus="1" KundAufDat="1995-10-24"/>
  <Kunden KundenNr="274" KundEigtNr="1854" KundArt="16" KundStatus="1" KundAufDat="1995-11-15"/>
  <Kunden KundenNr="275" KundEigtNr="2945" KundArt="16" KundStatus="1" KundAufDat="1995-11-15"/>
  <Kunden KundenNr="277" KundEigtNr="3681" KundArt="16" KundStatus="1" KundAufDat="1995-11-15"/>
  <Kunden KundenNr="278" KundEigtNr="2817" KundArt="16" KundStatus="1" KundAufDat="1995-11-15"/>
  <Kunden KundenNr="279" KundEigtNr="1038" KundArt="16" KundStatus="1" KundAufDat="1995-10-19"/>
  <Kunden KundenNr="280" KundEigtNr="2371" KundArt="16" KundStatus="1" KundAufDat="1995-11-15"/>
  <Kunden KundenNr="281" KundEigtNr="640" KundArt="16" KundStatus="1" KundAufDat="1995-11-15"/>
  <Kunden KundenNr="282" KundEigtNr="1668" KundArt="16" KundStatus="1" KundAufDat="1995-10-24"/>
  <Kunden KundenNr="283" KundEigtNr="3638" KundArt="16" KundStatus="1" KundAufDat="1995-10-24"/>
  <Kunden KundenNr="284" KundEigtNr="1266" KundArt="16" KundStatus="1" KundAufDat="1995-10-24"/>
  <Kunden KundenNr="285" KundEigtNr="2785" KundArt="16" KundStatus="1" KundAufDat="1995-11-15"/>
  <Kunden KundenNr="286" KundEigtNr="533" KundArt="8" KundStatus="3" KundAufDat="1995-11-15"/>
  <Kunden KundenNr="287" KundEigtNr="2400" KundArt="16" KundStatus="1" KundAufDat="1995-11-16"/>
  <Kunden KundenNr="288" KundEigtNr="3057" KundArt="16" KundStatus="1" KundAufDat="1995-11-16"/>
  <Kunden KundenNr="289" KundEigtNr="2524" KundArt="16" KundStatus="1" KundAufDat="1995-11-16"/>
  <Kunden KundenNr="290" KundEigtNr="2103" KundArt="16" KundStatus="1" KundAufDat="1995-11-16"/>
  <Kunden KundenNr="291" KundEigtNr="401" KundArt="16" KundStatus="1" KundAufDat="1995-11-16"/>
  <Kunden KundenNr="293" KundEigtNr="1027" KundArt="8" KundStatus="3" KundAufDat="1995-11-21"/>
  <Kunden KundenNr="294" KundEigtNr="4144" KundArt="8" KundStatus="3" KundAufDat="1995-11-22"/>
  <Kunden KundenNr="295" KundEigtNr="1369" KundArt="2" KundStatus="3" KundAufDat="1995-11-22"/>
  <Kunden KundenNr="296" KundEigtNr="3791" KundArt="8" KundStatus="3" KundAufDat="1995-11-22"/>
  <Kunden KundenNr="297" KundEigtNr="2711" KundArt="8" KundStatus="3" KundAufDat="1995-11-22"/>
  <Kunden KundenNr="298" KundEigtNr="1821" KundArt="8" KundStatus="3" KundAufDat="1995-11-22"/>
  <Kunden KundenNr="299" KundEigtNr="1876" KundArt="8" KundStatus="3" KundAufDat="1995-11-22"/>
  <Kunden KundenNr="300" KundEigtNr="2808" KundArt="8" KundStatus="3" KundAufDat="1995-11-22"/>
  <Kunden KundenNr="301" KundEigtNr="1146" KundArt="8" KundStatus="3" KundAufDat="1995-11-22"/>
  <Kunden KundenNr="302" KundEigtNr="445" KundArt="2" KundStatus="3" KundAufDat="1995-11-22"/>
  <Kunden KundenNr="303" KundEigtNr="847" KundArt="8" KundStatus="1" KundAufDat="1995-11-22"/>
  <Kunden KundenNr="304" KundEigtNr="1970" KundArt="1" KundStatus="3" KundAufDat="1995-11-23"/>
  <Kunden KundenNr="305" KundEigtNr="3386" KundArt="1" KundStatus="1" KundAufDat="1995-11-23"/>
  <Kunden KundenNr="306" KundEigtNr="3521" KundArt="8" KundStatus="3" KundAufDat="1995-11-27"/>
  <Kunden KundenNr="308" KundEigtNr="1186" KundArt="8" KundStatus="3" KundAufDat="1995-11-28"/>
  <Kunden KundenNr="309" KundEigtNr="3365" KundArt="8" KundStatus="3" KundAufDat="1995-11-28"/>
  <Kunden KundenNr="310" KundEigtNr="3558" KundArt="8" KundStatus="3" KundAufDat="1995-11-28"/>
  <Kunden KundenNr="311" KundEigtNr="2967" KundArt="8" KundStatus="1" KundAufDat="1995-11-28"/>
  <Kunden KundenNr="312" KundEigtNr="1860" KundArt="8" KundStatus="3" KundAufDat="1995-11-28"/>
  <Kunden KundenNr="313" KundEigtNr="3289" KundArt="8" KundStatus="3" KundAufDat="1995-11-28"/>
  <Kunden KundenNr="314" KundEigtNr="1524" KundArt="8" KundStatus="3" KundAufDat="1995-11-28"/>
  <Kunden KundenNr="315" KundEigtNr="2269" KundArt="8" KundStatus="3" KundAufDat="1995-11-28"/>
  <Kunden KundenNr="316" KundEigtNr="501" KundArt="8" KundStatus="3" KundAufDat="1995-11-28"/>
  <Kunden KundenNr="317" KundEigtNr="2909" KundArt="8" KundStatus="3" KundAufDat="1995-11-28"/>
  <Kunden KundenNr="318" KundEigtNr="1602" KundArt="8" KundStatus="3" KundAufDat="1995-11-28"/>
  <Kunden KundenNr="319" KundEigtNr="3190" KundArt="8" KundStatus="3" KundAufDat="1995-11-28"/>
  <Kunden KundenNr="320" KundEigtNr="3026" KundArt="8" KundStatus="3" KundAufDat="1995-11-28"/>
  <Kunden KundenNr="321" KundEigtNr="2533" KundArt="8" KundStatus="3" KundAufDat="1995-11-28"/>
  <Kunden KundenNr="322" KundEigtNr="1609" KundArt="8" KundStatus="3" KundAufDat="1995-11-28"/>
  <Kunden KundenNr="323" KundEigtNr="1709" KundArt="8" KundStatus="3" KundAufDat="1995-11-28"/>
  <Kunden KundenNr="324" KundEigtNr="423" KundArt="8" KundStatus="3" KundAufDat="1995-11-28"/>
  <Kunden KundenNr="325" KundEigtNr="1092" KundArt="8" KundStatus="3" KundAufDat="1995-11-28"/>
  <Kunden KundenNr="326" KundEigtNr="2540" KundArt="8" KundStatus="3" KundAufDat="1995-11-28"/>
  <Kunden KundenNr="327" KundEigtNr="1637" KundArt="8" KundStatus="3" KundAufDat="1995-11-28"/>
  <Kunden KundenNr="328" KundEigtNr="2028" KundArt="8" KundStatus="1" KundAufDat="1995-11-28"/>
  <Kunden KundenNr="329" KundEigtNr="2961" KundArt="8" KundStatus="3" KundAufDat="1995-11-29"/>
  <Kunden KundenNr="330" KundEigtNr="3141" KundArt="8" KundStatus="3" KundAufDat="1995-11-29"/>
  <Kunden KundenNr="331" KundEigtNr="1334" KundArt="8" KundStatus="3" KundAufDat="1995-11-29"/>
  <Kunden KundenNr="332" KundEigtNr="4198" KundArt="8" KundStatus="3" KundAufDat="1995-11-29"/>
  <Kunden KundenNr="333" KundEigtNr="3016" KundArt="8" KundStatus="3" KundAufDat="1995-11-29"/>
  <Kunden KundenNr="334" KundEigtNr="480" KundArt="8" KundStatus="3" KundAufDat="1995-11-29"/>
  <Kunden KundenNr="335" KundEigtNr="2083" KundArt="8" KundStatus="3" KundAufDat="1995-11-29"/>
  <Kunden KundenNr="336" KundEigtNr="2638" KundArt="8" KundStatus="3" KundAufDat="1995-11-29"/>
  <Kunden KundenNr="337" KundEigtNr="1451" KundArt="8" KundStatus="3" KundAufDat="1995-11-29"/>
  <Kunden KundenNr="338" KundEigtNr="1480" KundArt="8" KundStatus="3" KundAufDat="1995-11-29"/>
  <Kunden KundenNr="339" KundEigtNr="889" KundArt="8" KundStatus="3" KundAufDat="1995-11-29"/>
  <Kunden KundenNr="340" KundEigtNr="3744" KundArt="8" KundStatus="3" KundAufDat="1995-11-29"/>
  <Kunden KundenNr="341" KundEigtNr="1956" KundArt="8" KundStatus="3" KundAufDat="1995-11-29"/>
  <Kunden KundenNr="342" KundEigtNr="1517" KundArt="8" KundStatus="3" KundAufDat="1995-11-29"/>
  <Kunden KundenNr="343" KundEigtNr="936" KundArt="8" KundStatus="3" KundAufDat="1995-11-29"/>
  <Kunden KundenNr="344" KundEigtNr="2222" KundArt="8" KundStatus="3" KundAufDat="1995-11-29"/>
  <Kunden KundenNr="345" KundEigtNr="3486" KundArt="8" KundStatus="3" KundAufDat="1995-11-29"/>
  <Kunden KundenNr="346" KundEigtNr="976" KundArt="8" KundStatus="3" KundAufDat="1995-11-29"/>
  <Kunden KundenNr="347" KundEigtNr="2483" KundArt="8" KundStatus="3" KundAufDat="1995-11-29"/>
  <Kunden KundenNr="348" KundEigtNr="3733" KundArt="8" KundStatus="3" KundAufDat="1995-11-29"/>
  <Kunden KundenNr="349" KundEigtNr="2147" KundArt="8" KundStatus="1" KundAufDat="1995-11-29"/>
  <Kunden KundenNr="350" KundEigtNr="2230" KundArt="8" KundStatus="3" KundAufDat="1995-11-29"/>
  <Kunden KundenNr="351" KundEigtNr="1842" KundArt="8" KundStatus="3" KundAufDat="1995-11-29"/>
  <Kunden KundenNr="352" KundEigtNr="2350" KundArt="8" KundStatus="3" KundAufDat="1995-11-29"/>
  <Kunden KundenNr="353" KundEigtNr="2313" KundArt="2" KundStatus="3" KundAufDat="1995-11-29"/>
  <Kunden KundenNr="354" KundEigtNr="804" KundArt="8" KundStatus="3" KundAufDat="1995-11-29"/>
  <Kunden KundenNr="355" KundEigtNr="1153" KundArt="8" KundStatus="3" KundAufDat="1995-11-29"/>
  <Kunden KundenNr="356" KundEigtNr="2803" KundArt="8" KundStatus="3" KundAufDat="1995-11-29"/>
  <Kunden KundenNr="357" KundEigtNr="2877" KundArt="8" KundStatus="3" KundAufDat="1995-11-29"/>
  <Kunden KundenNr="358" KundEigtNr="1007" KundArt="8" KundStatus="3" KundAufDat="1995-11-29"/>
  <Kunden KundenNr="359" KundEigtNr="3063" KundArt="8" KundStatus="3" KundAufDat="1995-11-29"/>
  <Kunden KundenNr="360" KundEigtNr="2036" KundArt="8" KundStatus="1" KundAufDat="1995-11-29"/>
  <Kunden KundenNr="361" KundEigtNr="3684" KundArt="8" KundStatus="3" KundAufDat="1995-11-29"/>
  <Kunden KundenNr="362" KundEigtNr="3745" KundArt="8" KundStatus="3" KundAufDat="1995-11-29"/>
  <Kunden KundenNr="363" KundEigtNr="1553" KundArt="8" KundStatus="3" KundAufDat="1995-11-29"/>
  <Kunden KundenNr="364" KundEigtNr="3387" KundArt="8" KundStatus="3" KundAufDat="1995-11-29"/>
  <Kunden KundenNr="365" KundEigtNr="1843" KundArt="8" KundStatus="3" KundAufDat="1995-11-29"/>
  <Kunden KundenNr="366" KundEigtNr="2019" KundArt="8" KundStatus="3" KundAufDat="1995-11-29"/>
  <Kunden KundenNr="367" KundEigtNr="2667" KundArt="8" KundStatus="3" KundAufDat="1995-11-29"/>
  <Kunden KundenNr="368" KundEigtNr="3142" KundArt="8" KundStatus="3" KundAufDat="1995-11-29"/>
  <Kunden KundenNr="369" KundEigtNr="2328" KundArt="16" KundStatus="3" KundAufDat="1995-11-29"/>
  <Kunden KundenNr="370" KundEigtNr="2973" KundArt="8" KundStatus="3" KundAufDat="1995-11-29"/>
  <Kunden KundenNr="371" KundEigtNr="2114" KundArt="8" KundStatus="1" KundAufDat="1995-09-11"/>
  <Kunden KundenNr="372" KundEigtNr="3248" KundArt="8" KundStatus="3" KundAufDat="1995-11-29"/>
  <Kunden KundenNr="373" KundEigtNr="8067" KundArt="2" KundStatus="3" KundAufDat="1995-11-29"/>
  <Kunden KundenNr="374" KundEigtNr="2172" KundArt="8" KundStatus="1" KundAufDat="1995-11-29"/>
  <Kunden KundenNr="375" KundEigtNr="2938" KundArt="8" KundStatus="3" KundAufDat="1995-11-29"/>
  <Kunden KundenNr="376" KundEigtNr="2942" KundArt="8" KundStatus="3" KundAufDat="1995-11-29"/>
  <Kunden KundenNr="377" KundEigtNr="1669" KundArt="8" KundStatus="1" KundAufDat="1995-11-29"/>
  <Kunden KundenNr="378" KundEigtNr="3425" KundArt="8" KundStatus="1" KundAufDat="1995-11-29"/>
  <Kunden KundenNr="379" KundEigtNr="3878" KundArt="8" KundStatus="3" KundAufDat="1995-11-29"/>
  <Kunden KundenNr="380" KundEigtNr="3970" KundArt="8" KundStatus="3" KundAufDat="1995-11-29"/>
  <Kunden KundenNr="381" KundEigtNr="4157" KundArt="8" KundStatus="3" KundAufDat="1995-11-29"/>
  <Kunden KundenNr="382" KundEigtNr="2125" KundArt="8" KundStatus="3" KundAufDat="1995-11-29"/>
  <Kunden KundenNr="383" KundEigtNr="3918" KundArt="8" KundStatus="3" KundAufDat="1995-11-29"/>
  <Kunden KundenNr="384" KundEigtNr="2820" KundArt="8" KundStatus="3" KundAufDat="1995-11-29"/>
  <Kunden KundenNr="385" KundEigtNr="2756" KundArt="8" KundStatus="3" KundAufDat="1995-11-29"/>
  <Kunden KundenNr="386" KundEigtNr="3635" KundArt="8" KundStatus="3" KundAufDat="1995-11-29"/>
  <Kunden KundenNr="387" KundEigtNr="3105" KundArt="8" KundStatus="3" KundAufDat="1995-11-29"/>
  <Kunden KundenNr="388" KundEigtNr="3411" KundArt="8" KundStatus="3" KundAufDat="1995-11-30"/>
  <Kunden KundenNr="389" KundEigtNr="1728" KundArt="2" KundStatus="3" KundAufDat="1995-06-19"/>
  <Kunden KundenNr="390" KundEigtNr="1695" KundArt="8" KundStatus="3" KundAufDat="1995-11-30"/>
  <Kunden KundenNr="391" KundEigtNr="373" KundArt="8" KundStatus="3" KundAufDat="1995-11-30"/>
  <Kunden KundenNr="392" KundEigtNr="3820" KundArt="8" KundStatus="3" KundAufDat="1995-11-30"/>
  <Kunden KundenNr="393" KundEigtNr="2329" KundArt="2" KundStatus="3" KundAufDat="1995-11-30"/>
  <Kunden KundenNr="394" KundEigtNr="2606" KundArt="8" KundStatus="3" KundAufDat="1995-11-30"/>
  <Kunden KundenNr="395" KundEigtNr="1955" KundArt="8" KundStatus="3" KundAufDat="1995-11-30"/>
  <Kunden KundenNr="396" KundEigtNr="1008" KundArt="8" KundStatus="3" KundAufDat="1995-11-30"/>
  <Kunden KundenNr="397" KundEigtNr="3419" KundArt="8" KundStatus="3" KundAufDat="1995-11-30"/>
  <Kunden KundenNr="398" KundEigtNr="2393" KundArt="8" KundStatus="3" KundAufDat="1995-11-30"/>
  <Kunden KundenNr="399" KundEigtNr="2901" KundArt="8" KundStatus="3" KundAufDat="1995-11-30"/>
  <Kunden KundenNr="400" KundEigtNr="1567" KundArt="8" KundStatus="3" KundAufDat="1995-11-30"/>
  <Kunden KundenNr="401" KundEigtNr="2416" KundArt="2" KundStatus="3" KundAufDat="1995-11-30"/>
  <Kunden KundenNr="402" KundEigtNr="1389" KundArt="8" KundStatus="3" KundAufDat="1995-11-30"/>
  <Kunden KundenNr="403" KundEigtNr="2907" KundArt="8" KundStatus="3" KundAufDat="1995-11-30"/>
  <Kunden KundenNr="404" KundEigtNr="3598" KundArt="8" KundStatus="3" KundAufDat="1995-11-30"/>
  <Kunden KundenNr="405" KundEigtNr="1288" KundArt="8" KundStatus="3" KundAufDat="1995-11-30"/>
  <Kunden KundenNr="406" KundEigtNr="538" KundArt="8" KundStatus="3" KundAufDat="1995-11-30"/>
  <Kunden KundenNr="407" KundEigtNr="3456" KundArt="8" KundStatus="3" KundAufDat="1995-11-30"/>
  <Kunden KundenNr="408" KundEigtNr="3742" KundArt="8" KundStatus="3" KundAufDat="1995-11-30"/>
  <Kunden KundenNr="409" KundEigtNr="3247" KundArt="2" KundStatus="3" KundAufDat="1995-11-30"/>
  <Kunden KundenNr="410" KundEigtNr="3828" KundArt="8" KundStatus="3" KundAufDat="1995-11-30"/>
  <Kunden KundenNr="411" KundEigtNr="1597" KundArt="8" KundStatus="3" KundAufDat="1995-11-30"/>
  <Kunden KundenNr="412" KundEigtNr="3110" KundArt="8" KundStatus="3" KundAufDat="1995-11-30"/>
  <Kunden KundenNr="413" KundEigtNr="758" KundArt="8" KundStatus="3" KundAufDat="1995-11-30"/>
  <Kunden KundenNr="414" KundEigtNr="3255" KundArt="8" KundStatus="3" KundAufDat="1995-11-30"/>
  <Kunden KundenNr="415" KundEigtNr="637" KundArt="2" KundStatus="3" KundAufDat="1995-11-30"/>
  <Kunden KundenNr="416" KundEigtNr="1958" KundArt="8" KundStatus="3" KundAufDat="1995-11-30"/>
  <Kunden KundenNr="417" KundEigtNr="2937" KundArt="8" KundStatus="3" KundAufDat="1995-11-30"/>
  <Kunden KundenNr="418" KundEigtNr="1169" KundArt="8" KundStatus="3" KundAufDat="1995-11-30"/>
  <Kunden KundenNr="419" KundEigtNr="2723" KundArt="8" KundStatus="3" KundAufDat="1995-11-30"/>
  <Kunden KundenNr="420" KundEigtNr="3029" KundArt="8" KundStatus="3" KundAufDat="1995-11-30"/>
  <Kunden KundenNr="421" KundEigtNr="1863" KundArt="8" KundStatus="3" KundAufDat="1995-11-30"/>
  <Kunden KundenNr="422" KundEigtNr="764" KundArt="8" KundStatus="3" KundAufDat="1995-11-30"/>
  <Kunden KundenNr="423" KundEigtNr="3584" KundArt="8" KundStatus="3" KundAufDat="1995-11-30"/>
  <Kunden KundenNr="424" KundEigtNr="2615" KundArt="8" KundStatus="3" KundAufDat="1995-11-30"/>
  <Kunden KundenNr="425" KundEigtNr="2819" KundArt="8" KundStatus="3" KundAufDat="1995-11-30"/>
  <Kunden KundenNr="426" KundEigtNr="1828" KundArt="8" KundStatus="3" KundAufDat="1995-11-30"/>
  <Kunden KundenNr="427" KundEigtNr="4030" KundArt="8" KundStatus="3" KundAufDat="1995-11-30"/>
  <Kunden KundenNr="428" KundEigtNr="1825" KundArt="8" KundStatus="3" KundAufDat="1995-11-30"/>
  <Kunden KundenNr="429" KundEigtNr="2135" KundArt="8" KundStatus="1" KundAufDat="1995-11-30"/>
  <Kunden KundenNr="430" KundEigtNr="3416" KundArt="8" KundStatus="3" KundAufDat="1995-11-30"/>
  <Kunden KundenNr="431" KundEigtNr="3911" KundArt="8" KundStatus="1" KundAufDat="1995-11-30"/>
  <Kunden KundenNr="432" KundEigtNr="560" KundArt="8" KundStatus="3" KundAufDat="1995-11-30"/>
  <Kunden KundenNr="433" KundEigtNr="565" KundArt="8" KundStatus="3" KundAufDat="1995-11-30"/>
  <Kunden KundenNr="435" KundEigtNr="629" KundArt="8" KundStatus="3" KundAufDat="1995-11-30"/>
  <Kunden KundenNr="436" KundEigtNr="2366" KundArt="8" KundStatus="3" KundAufDat="1995-11-30"/>
  <Kunden KundenNr="437" KundEigtNr="1465" KundArt="8" KundStatus="3" KundAufDat="1995-11-30"/>
  <Kunden KundenNr="438" KundEigtNr="2491" KundArt="8" KundStatus="3" KundAufDat="1995-11-30"/>
  <Kunden KundenNr="439" KundEigtNr="669" KundArt="8" KundStatus="3" KundAufDat="1995-11-30"/>
  <Kunden KundenNr="440" KundEigtNr="2842" KundArt="8" KundStatus="3" KundAufDat="1995-12-01"/>
  <Kunden KundenNr="441" KundEigtNr="1394" KundArt="8" KundStatus="3" KundAufDat="1995-12-01"/>
  <Kunden KundenNr="442" KundEigtNr="3260" KundArt="8" KundStatus="3" KundAufDat="1995-12-01"/>
  <Kunden KundenNr="443" KundEigtNr="599" KundArt="8" KundStatus="3" KundAufDat="1995-12-01"/>
  <Kunden KundenNr="444" KundEigtNr="3588" KundArt="2" KundStatus="3" KundAufDat="1995-12-01"/>
  <Kunden KundenNr="445" KundEigtNr="1084" KundArt="8" KundStatus="3" KundAufDat="1995-12-01"/>
  <Kunden KundenNr="446" KundEigtNr="4007" KundArt="8" KundStatus="1" KundAufDat="1995-12-01"/>
  <Kunden KundenNr="447" KundEigtNr="3784" KundArt="8" KundStatus="3" KundAufDat="1995-12-01"/>
  <Kunden KundenNr="448" KundEigtNr="316" KundArt="8" KundStatus="3" KundAufDat="1995-12-01"/>
  <Kunden KundenNr="449" KundEigtNr="1473" KundArt="8" KundStatus="3" KundAufDat="1995-12-01"/>
  <Kunden KundenNr="450" KundEigtNr="2927" KundArt="16" KundStatus="3" KundAufDat="1995-12-01"/>
  <Kunden KundenNr="451" KundEigtNr="2869" KundArt="8" KundStatus="3" KundAufDat="1995-12-01"/>
  <Kunden KundenNr="452" KundEigtNr="1371" KundArt="2" KundStatus="3" KundAufDat="1995-12-04"/>
  <Kunden KundenNr="453" KundEigtNr="1636" KundArt="8" KundStatus="1" KundAufDat="1995-12-04"/>
  <Kunden KundenNr="454" KundEigtNr="2811" KundArt="8" KundStatus="3" KundAufDat="1995-12-11"/>
  <Kunden KundenNr="455" KundEigtNr="3206" KundArt="8" KundStatus="3" KundAufDat="1995-12-11"/>
  <Kunden KundenNr="456" KundEigtNr="2099" KundArt="8" KundStatus="3" KundAufDat="1995-12-11"/>
  <Kunden KundenNr="457" KundEigtNr="1628" KundArt="8" KundStatus="3" KundAufDat="1995-12-11"/>
  <Kunden KundenNr="458" KundEigtNr="506" KundArt="8" KundStatus="3" KundAufDat="1995-12-11"/>
  <Kunden KundenNr="459" KundEigtNr="3256" KundArt="8" KundStatus="3" KundAufDat="1995-12-11"/>
  <Kunden KundenNr="460" KundEigtNr="485" KundArt="2" KundStatus="3" KundAufDat="1996-01-08"/>
  <Kunden KundenNr="461" KundEigtNr="3343" KundArt="2" KundStatus="3" KundAufDat="1996-01-09"/>
  <Kunden KundenNr="462" KundEigtNr="3937" KundArt="16" KundStatus="1" KundAufDat="1996-01-16"/>
  <Kunden KundenNr="463" KundEigtNr="2346" KundArt="8" KundStatus="3" KundAufDat="1996-01-16"/>
  <Kunden KundenNr="464" KundEigtNr="590" KundArt="8" KundStatus="3" KundAufDat="1996-01-16"/>
  <Kunden KundenNr="465" KundEigtNr="534" KundArt="2" KundStatus="3" KundAufDat="1996-01-16"/>
  <Kunden KundenNr="467" KundEigtNr="3785" KundArt="2" KundStatus="3" KundAufDat="1996-01-16"/>
  <Kunden KundenNr="468" KundEigtNr="1885" KundArt="2" KundStatus="3" KundAufDat="1996-01-16"/>
  <Kunden KundenNr="469" KundEigtNr="3997" KundArt="2" KundStatus="3" KundAufDat="1996-01-16"/>
  <Kunden KundenNr="472" KundEigtNr="1222" KundArt="16" KundStatus="1" KundAufDat="1996-01-17"/>
  <Kunden KundenNr="473" KundEigtNr="3447" KundArt="1" KundStatus="1" KundAufDat="1996-01-17"/>
  <Kunden KundenNr="475" KundEigtNr="164" KundArt="3" KundStatus="3" KundAufDat="1996-01-17"/>
  <Kunden KundenNr="476" KundEigtNr="608" KundArt="29" KundStatus="3" KundAufDat="1996-01-17"/>
  <Kunden KundenNr="477" KundEigtNr="3344" KundArt="8" KundStatus="3" KundAufDat="1996-01-22"/>
  <Kunden KundenNr="478" KundEigtNr="3748" KundArt="8" KundStatus="3" KundAufDat="1996-01-22"/>
  <Kunden KundenNr="479" KundEigtNr="2584" KundArt="8" KundStatus="3" KundAufDat="1996-01-22"/>
  <Kunden KundenNr="480" KundEigtNr="836" KundArt="8" KundStatus="3" KundAufDat="1996-01-22"/>
  <Kunden KundenNr="481" KundEigtNr="502" KundArt="8" KundStatus="3" KundAufDat="1996-01-22"/>
  <Kunden KundenNr="482" KundEigtNr="3497" KundArt="1" KundStatus="3" KundAufDat="1996-01-24"/>
  <Kunden KundenNr="483" KundEigtNr="2847" KundArt="1" KundStatus="3" KundAufDat="1996-01-24"/>
  <Kunden KundenNr="484" KundEigtNr="1972" KundArt="1" KundStatus="3" KundAufDat="1996-01-24"/>
  <Kunden KundenNr="485" KundEigtNr="3574" KundArt="1" KundStatus="1" KundAufDat="1996-01-24"/>
  <Kunden KundenNr="486" KundEigtNr="3144" KundArt="1" KundStatus="1" KundAufDat="1996-01-24"/>
  <Kunden KundenNr="487" KundEigtNr="3920" KundArt="1" KundStatus="3" KundAufDat="1996-01-24"/>
  <Kunden KundenNr="488" KundEigtNr="257" KundArt="1" KundStatus="3" KundAufDat="1996-01-24"/>
  <Kunden KundenNr="489" KundEigtNr="4102" KundArt="1" KundStatus="3" KundAufDat="1996-01-24"/>
  <Kunden KundenNr="490" KundEigtNr="3773" KundArt="1" KundStatus="3" KundAufDat="1996-01-24"/>
  <Kunden KundenNr="491" KundEigtNr="2311" KundArt="1" KundStatus="3" KundAufDat="1996-01-24"/>
  <Kunden KundenNr="492" KundEigtNr="31" KundArt="29" KundStatus="1" KundAufDat="1996-01-24"/>
  <Kunden KundenNr="493" KundEigtNr="1981" KundArt="1" KundStatus="3" KundAufDat="1996-01-24"/>
  <Kunden KundenNr="494" KundEigtNr="1390" KundArt="1" KundStatus="3" KundAufDat="1996-01-24"/>
  <Kunden KundenNr="495" KundEigtNr="609" KundArt="1" KundStatus="3" KundAufDat="1996-01-25"/>
  <Kunden KundenNr="496" KundEigtNr="2148" KundArt="1" KundStatus="3" KundAufDat="1996-01-25"/>
  <Kunden KundenNr="497" KundEigtNr="332" KundArt="1" KundStatus="3" KundAufDat="1996-01-25"/>
  <Kunden KundenNr="498" KundEigtNr="3724" KundArt="1" KundStatus="1" KundAufDat="1996-01-25"/>
  <Kunden KundenNr="499" KundEigtNr="22" KundArt="1" KundStatus="3" KundAufDat="1996-01-25"/>
  <Kunden KundenNr="500" KundEigtNr="4049" KundArt="29" KundStatus="1" KundAufDat="1996-01-25"/>
  <Kunden KundenNr="501" KundEigtNr="4092" KundArt="1" KundStatus="1" KundAufDat="1996-01-26"/>
  <Kunden KundenNr="502" KundEigtNr="687" KundArt="1" KundStatus="3" KundAufDat="1996-01-26"/>
  <Kunden KundenNr="503" KundEigtNr="2916" KundArt="1" KundStatus="3" KundAufDat="1996-01-26"/>
  <Kunden KundenNr="504" KundEigtNr="3697" KundArt="1" KundStatus="1" KundAufDat="1996-01-26"/>
  <Kunden KundenNr="505" KundEigtNr="3319" KundArt="1" KundStatus="3" KundAufDat="1996-01-26"/>
  <Kunden KundenNr="506" KundEigtNr="2315" KundArt="1" KundStatus="3" KundAufDat="1996-01-26"/>
  <Kunden KundenNr="507" KundEigtNr="690" KundArt="1" KundStatus="3" KundAufDat="1996-01-26"/>
  <Kunden KundenNr="508" KundEigtNr="2498" KundArt="1" KundStatus="3" KundAufDat="1996-01-26"/>
  <Kunden KundenNr="509" KundEigtNr="399" KundArt="17" KundStatus="3" KundAufDat="1996-01-26"/>
  <Kunden KundenNr="510" KundEigtNr="2226" KundArt="1" KundStatus="3" KundAufDat="1996-01-29"/>
  <Kunden KundenNr="511" KundEigtNr="2966" KundArt="1" KundStatus="3" KundAufDat="1996-01-29"/>
  <Kunden KundenNr="512" KundEigtNr="1982" KundArt="1" KundStatus="1" KundAufDat="1996-01-29"/>
  <Kunden KundenNr="513" KundEigtNr="187" KundArt="1" KundStatus="1" KundAufDat="1996-01-29"/>
  <Kunden KundenNr="514" KundEigtNr="3179" KundArt="1" KundStatus="3" KundAufDat="1996-01-29"/>
  <Kunden KundenNr="515" KundEigtNr="4014" KundArt="1" KundStatus="3" KundAufDat="1996-01-29"/>
  <Kunden KundenNr="516" KundEigtNr="954" KundArt="1" KundStatus="3" KundAufDat="1996-01-29"/>
  <Kunden KundenNr="517" KundEigtNr="1104" KundArt="1" KundStatus="1" KundAufDat="1996-01-29"/>
  <Kunden KundenNr="518" KundEigtNr="153" KundArt="1" KundStatus="1" KundAufDat="1996-01-29"/>
  <Kunden KundenNr="519" KundEigtNr="3146" KundArt="1" KundStatus="3" KundAufDat="1996-01-29"/>
  <Kunden KundenNr="520" KundEigtNr="3478" KundArt="1" KundStatus="3" KundAufDat="1996-01-29"/>
  <Kunden KundenNr="521" KundEigtNr="5377" KundArt="1" KundStatus="3" KundAufDat="1996-01-29"/>
  <Kunden KundenNr="522" KundEigtNr="1063" KundArt="1" KundStatus="3" KundAufDat="1996-01-29"/>
  <Kunden KundenNr="523" KundEigtNr="3224" KundArt="1" KundStatus="3" KundAufDat="1996-01-30"/>
  <Kunden KundenNr="524" KundEigtNr="385" KundArt="1" KundStatus="3" KundAufDat="1996-01-30"/>
  <Kunden KundenNr="525" KundEigtNr="2436" KundArt="1" KundStatus="3" KundAufDat="1996-01-30"/>
  <Kunden KundenNr="526" KundEigtNr="924" KundArt="1" KundStatus="3" KundAufDat="1996-01-30"/>
  <Kunden KundenNr="527" KundEigtNr="611" KundArt="1" KundStatus="3" KundAufDat="1996-01-30"/>
  <Kunden KundenNr="528" KundEigtNr="355" KundArt="1" KundStatus="1" KundAufDat="1996-01-30"/>
  <Kunden KundenNr="529" KundEigtNr="2575" KundArt="1" KundStatus="3" KundAufDat="1996-01-30"/>
  <Kunden KundenNr="530" KundEigtNr="4134" KundArt="1" KundStatus="1" KundAufDat="1996-01-30"/>
  <Kunden KundenNr="531" KundEigtNr="3506" KundArt="1" KundStatus="1" KundAufDat="1996-01-30"/>
  <Kunden KundenNr="532" KundEigtNr="1504" KundArt="1" KundStatus="3" KundAufDat="1996-01-30"/>
  <Kunden KundenNr="533" KundEigtNr="704" KundArt="1" KundStatus="3" KundAufDat="1996-01-30"/>
  <Kunden KundenNr="534" KundEigtNr="2110" KundArt="1" KundStatus="3" KundAufDat="1996-01-30"/>
  <Kunden KundenNr="535" KundEigtNr="662" KundArt="1" KundStatus="1" KundAufDat="1996-01-30"/>
  <Kunden KundenNr="536" KundEigtNr="1511" KundArt="1" KundStatus="1" KundAufDat="1996-01-30"/>
  <Kunden KundenNr="537" KundEigtNr="3147" KundArt="1" KundStatus="3" KundAufDat="1996-01-30"/>
  <Kunden KundenNr="538" KundEigtNr="653" KundArt="1" KundStatus="3" KundAufDat="1996-01-30"/>
  <Kunden KundenNr="539" KundEigtNr="2238" KundArt="1" KundStatus="3" KundAufDat="1996-01-30"/>
  <Kunden KundenNr="540" KundEigtNr="1469" KundArt="1" KundStatus="3" KundAufDat="1996-01-30"/>
  <Kunden KundenNr="541" KundEigtNr="3455" KundArt="1" KundStatus="3" KundAufDat="1996-01-30"/>
  <Kunden KundenNr="542" KundEigtNr="1289" KundArt="1" KundStatus="3" KundAufDat="1996-01-30"/>
  <Kunden KundenNr="543" KundEigtNr="2805" KundArt="1" KundStatus="3" KundAufDat="1996-01-30"/>
  <Kunden KundenNr="544" KundEigtNr="354" KundArt="1" KundStatus="3" KundAufDat="1996-01-30"/>
  <Kunden KundenNr="545" KundEigtNr="2555" KundArt="1" KundStatus="3" KundAufDat="1996-01-30"/>
  <Kunden KundenNr="546" KundEigtNr="4043" KundArt="1" KundStatus="3" KundAufDat="1996-01-30"/>
  <Kunden KundenNr="547" KundEigtNr="2520" KundArt="1" KundStatus="3" KundAufDat="1996-01-30"/>
  <Kunden KundenNr="548" KundEigtNr="3979" KundArt="1" KundStatus="3" KundAufDat="1996-01-30"/>
  <Kunden KundenNr="549" KundEigtNr="3433" KundArt="1" KundStatus="3" KundAufDat="1996-01-30"/>
  <Kunden KundenNr="550" KundEigtNr="1809" KundArt="1" KundStatus="3" KundAufDat="1996-01-30"/>
  <Kunden KundenNr="551" KundEigtNr="422" KundArt="1" KundStatus="3" KundAufDat="1996-01-30"/>
  <Kunden KundenNr="552" KundEigtNr="1344" KundArt="1" KundStatus="1" KundAufDat="1996-01-30"/>
  <Kunden KundenNr="553" KundEigtNr="333" KundArt="1" KundStatus="1" KundAufDat="1996-01-30"/>
  <Kunden KundenNr="554" KundEigtNr="352" KundArt="1" KundStatus="3" KundAufDat="1996-01-30"/>
  <Kunden KundenNr="555" KundEigtNr="644" KundArt="1" KundStatus="3" KundAufDat="1996-01-30"/>
  <Kunden KundenNr="556" KundEigtNr="1629" KundArt="1" KundStatus="3" KundAufDat="1996-01-30"/>
  <Kunden KundenNr="557" KundEigtNr="693" KundArt="1" KundStatus="3" KundAufDat="1996-01-30"/>
  <Kunden KundenNr="558" KundEigtNr="2771" KundArt="1" KundStatus="3" KundAufDat="1996-01-30"/>
  <Kunden KundenNr="559" KundEigtNr="1993" KundArt="1" KundStatus="1" KundAufDat="1996-01-30"/>
  <Kunden KundenNr="560" KundEigtNr="1512" KundArt="1" KundStatus="1" KundAufDat="1996-01-31"/>
  <Kunden KundenNr="561" KundEigtNr="3374" KundArt="1" KundStatus="3" KundAufDat="1996-01-31"/>
  <Kunden KundenNr="562" KundEigtNr="1379" KundArt="1" KundStatus="3" KundAufDat="1996-01-31"/>
  <Kunden KundenNr="563" KundEigtNr="1128" KundArt="1" KundStatus="3" KundAufDat="1996-01-31"/>
  <Kunden KundenNr="564" KundEigtNr="2106" KundArt="1" KundStatus="1" KundAufDat="1996-01-31"/>
  <Kunden KundenNr="565" KundEigtNr="1962" KundArt="1" KundStatus="3" KundAufDat="1996-01-31"/>
  <Kunden KundenNr="566" KundEigtNr="3664" KundArt="1" KundStatus="3" KundAufDat="1996-01-31"/>
  <Kunden KundenNr="567" KundEigtNr="3487" KundArt="1" KundStatus="3" KundAufDat="1996-01-31"/>
  <Kunden KundenNr="568" KundEigtNr="2702" KundArt="1" KundStatus="3" KundAufDat="1996-01-31"/>
  <Kunden KundenNr="569" KundEigtNr="2943" KundArt="1" KundStatus="3" KundAufDat="1996-01-31"/>
  <Kunden KundenNr="570" KundEigtNr="2910" KundArt="1" KundStatus="3" KundAufDat="1996-01-31"/>
  <Kunden KundenNr="571" KundEigtNr="2794" KundArt="1" KundStatus="3" KundAufDat="1996-01-31"/>
  <Kunden KundenNr="572" KundEigtNr="2263" KundArt="1" KundStatus="1" KundAufDat="1996-01-31"/>
  <Kunden KundenNr="573" KundEigtNr="1513" KundArt="1" KundStatus="3" KundAufDat="1996-01-31"/>
  <Kunden KundenNr="574" KundEigtNr="2609" KundArt="1" KundStatus="3" KundAufDat="1996-01-31"/>
  <Kunden KundenNr="575" KundEigtNr="2674" KundArt="1" KundStatus="3" KundAufDat="1996-01-31"/>
  <Kunden KundenNr="576" KundEigtNr="2795" KundArt="1" KundStatus="3" KundAufDat="1996-01-31"/>
  <Kunden KundenNr="577" KundEigtNr="2583" KundArt="1" KundStatus="3" KundAufDat="1996-01-31"/>
  <Kunden KundenNr="578" KundEigtNr="3384" KundArt="1" KundStatus="3" KundAufDat="1996-01-31"/>
  <Kunden KundenNr="579" KundEigtNr="3971" KundArt="1" KundStatus="1" KundAufDat="1996-01-31"/>
  <Kunden KundenNr="580" KundEigtNr="420" KundArt="1" KundStatus="3" KundAufDat="1996-01-31"/>
  <Kunden KundenNr="581" KundEigtNr="3472" KundArt="1" KundStatus="3" KundAufDat="1996-01-31"/>
  <Kunden KundenNr="582" KundEigtNr="3709" KundArt="1" KundStatus="1" KundAufDat="1997-03-21"/>
  <Kunden KundenNr="583" KundEigtNr="1426" KundArt="1" KundStatus="1" KundAufDat="1996-01-31"/>
  <Kunden KundenNr="584" KundEigtNr="2562" KundArt="1" KundStatus="3" KundAufDat="1996-01-31"/>
  <Kunden KundenNr="585" KundEigtNr="3421" KundArt="1" KundStatus="3" KundAufDat="1996-01-31"/>
  <Kunden KundenNr="586" KundEigtNr="612" KundArt="1" KundStatus="3" KundAufDat="1996-01-31"/>
  <Kunden KundenNr="587" KundEigtNr="1155" KundArt="8" KundStatus="3" KundAufDat="1996-01-31"/>
  <Kunden KundenNr="589" KundEigtNr="2030" KundArt="29" KundStatus="1" KundAufDat="1996-01-31"/>
  <Kunden KundenNr="590" KundEigtNr="2111" KundArt="8" KundStatus="3" KundAufDat="1996-01-31"/>
  <Kunden KundenNr="591" KundEigtNr="3331" KundArt="8" KundStatus="1" KundAufDat="1996-01-31"/>
  <Kunden KundenNr="592" KundEigtNr="2839" KundArt="8" KundStatus="3" KundAufDat="1996-01-31"/>
  <Kunden KundenNr="593" KundEigtNr="1165" KundArt="8" KundStatus="1" KundAufDat="1996-02-01"/>
  <Kunden KundenNr="594" KundEigtNr="1973" KundArt="1" KundStatus="3" KundAufDat="1996-02-01"/>
  <Kunden KundenNr="595" KundEigtNr="1588" KundArt="1" KundStatus="3" KundAufDat="1996-02-01"/>
  <Kunden KundenNr="596" KundEigtNr="3039" KundArt="1" KundStatus="1" KundAufDat="1996-02-01"/>
  <Kunden KundenNr="597" KundEigtNr="4018" KundArt="1" KundStatus="3" KundAufDat="1996-02-01"/>
  <Kunden KundenNr="598" KundEigtNr="3950" KundArt="1" KundStatus="3" KundAufDat="1996-02-05"/>
  <Kunden KundenNr="599" KundEigtNr="3951" KundArt="1" KundStatus="3" KundAufDat="1996-02-05"/>
  <Kunden KundenNr="600" KundEigtNr="1515" KundArt="1" KundStatus="3" KundAufDat="1996-02-05"/>
  <Kunden KundenNr="601" KundEigtNr="4045" KundArt="1" KundStatus="3" KundAufDat="1996-02-05"/>
  <Kunden KundenNr="602" KundEigtNr="431" KundArt="1" KundStatus="1" KundAufDat="1996-02-05"/>
  <Kunden KundenNr="603" KundEigtNr="1810" KundArt="1" KundStatus="3" KundAufDat="1996-02-05"/>
  <Kunden KundenNr="604" KundEigtNr="1385" KundArt="1" KundStatus="1" KundAufDat="1996-02-05"/>
  <Kunden KundenNr="605" KundEigtNr="2430" KundArt="17" KundStatus="1" KundAufDat="1996-02-05"/>
  <Kunden KundenNr="606" KundEigtNr="4020" KundArt="8" KundStatus="3" KundAufDat="1996-02-05"/>
  <Kunden KundenNr="607" KundEigtNr="928" KundArt="1" KundStatus="3" KundAufDat="1996-02-05"/>
  <Kunden KundenNr="608" KundEigtNr="2071" KundArt="1" KundStatus="1" KundAufDat="1996-02-05"/>
  <Kunden KundenNr="609" KundEigtNr="1248" KundArt="1" KundStatus="3" KundAufDat="1996-02-06"/>
  <Kunden KundenNr="610" KundEigtNr="3600" KundArt="2" KundStatus="3" KundAufDat="1996-02-06"/>
  <Kunden KundenNr="611" KundEigtNr="1087" KundArt="16" KundStatus="3" KundAufDat="1996-02-06"/>
  <Kunden KundenNr="612" KundEigtNr="3088" KundArt="1" KundStatus="1" KundAufDat="1996-02-06"/>
  <Kunden KundenNr="613" KundEigtNr="4050" KundArt="2" KundStatus="3" KundAufDat="1996-02-07"/>
  <Kunden KundenNr="614" KundEigtNr="487" KundArt="1" KundStatus="3" KundAufDat="1996-02-08"/>
  <Kunden KundenNr="615" KundEigtNr="1240" KundArt="8" KundStatus="3" KundAufDat="1996-02-12"/>
  <Kunden KundenNr="616" KundEigtNr="2677" KundArt="2" KundStatus="3" KundAufDat="1996-02-12"/>
  <Kunden KundenNr="617" KundEigtNr="3172" KundArt="2" KundStatus="3" KundAufDat="1996-02-12"/>
  <Kunden KundenNr="618" KundEigtNr="2206" KundArt="2" KundStatus="3" KundAufDat="1996-02-12"/>
  <Kunden KundenNr="619" KundEigtNr="1703" KundArt="2" KundStatus="3" KundAufDat="1996-02-12"/>
  <Kunden KundenNr="620" KundEigtNr="3495" KundArt="2" KundStatus="3" KundAufDat="1996-02-12"/>
  <Kunden KundenNr="621" KundEigtNr="2589" KundArt="2" KundStatus="3" KundAufDat="1996-02-12"/>
  <Kunden KundenNr="622" KundEigtNr="3527" KundArt="2" KundStatus="3" KundAufDat="1996-02-12"/>
  <Kunden KundenNr="623" KundEigtNr="3120" KundArt="2" KundStatus="3" KundAufDat="1996-02-12"/>
  <Kunden KundenNr="624" KundEigtNr="4010" KundArt="2" KundStatus="3" KundAufDat="1996-02-12"/>
  <Kunden KundenNr="625" KundEigtNr="2343" KundArt="2" KundStatus="3" KundAufDat="1996-02-12"/>
  <Kunden KundenNr="626" KundEigtNr="2166" KundArt="2" KundStatus="3" KundAufDat="1996-02-12"/>
  <Kunden KundenNr="627" KundEigtNr="601" KundArt="17" KundStatus="3" KundAufDat="1996-02-12"/>
  <Kunden KundenNr="628" KundEigtNr="2552" KundArt="2" KundStatus="3" KundAufDat="1996-02-12"/>
  <Kunden KundenNr="629" KundEigtNr="617" KundArt="2" KundStatus="3" KundAufDat="1996-02-12"/>
  <Kunden KundenNr="630" KundEigtNr="3520" KundArt="8" KundStatus="3" KundAufDat="1996-02-12"/>
  <Kunden KundenNr="631" KundEigtNr="3188" KundArt="8" KundStatus="3" KundAufDat="1996-02-12"/>
  <Kunden KundenNr="632" KundEigtNr="1228" KundArt="17" KundStatus="3" KundAufDat="1996-02-12"/>
  <Kunden KundenNr="633" KundEigtNr="2062" KundArt="2" KundStatus="3" KundAufDat="1996-02-12"/>
  <Kunden KundenNr="634" KundEigtNr="2891" KundArt="2" KundStatus="3" KundAufDat="1996-02-12"/>
  <Kunden KundenNr="635" KundEigtNr="3520" KundArt="8" KundStatus="3" KundAufDat="1996-02-12"/>
  <Kunden KundenNr="636" KundEigtNr="993" KundArt="2" KundStatus="3" KundAufDat="1996-02-13"/>
  <Kunden KundenNr="637" KundEigtNr="3936" KundArt="2" KundStatus="3" KundAufDat="1996-02-13"/>
  <Kunden KundenNr="638" KundEigtNr="530" KundArt="2" KundStatus="3" KundAufDat="1996-02-13"/>
  <Kunden KundenNr="639" KundEigtNr="967" KundArt="17" KundStatus="3" KundAufDat="1996-02-13"/>
  <Kunden KundenNr="640" KundEigtNr="822" KundArt="8" KundStatus="3" KundAufDat="1996-02-13"/>
  <Kunden KundenNr="641" KundEigtNr="2049" KundArt="2" KundStatus="3" KundAufDat="1996-02-13"/>
  <Kunden KundenNr="642" KundEigtNr="1725" KundArt="2" KundStatus="3" KundAufDat="1996-02-13"/>
  <Kunden KundenNr="643" KundEigtNr="985" KundArt="2" KundStatus="3" KundAufDat="1996-02-13"/>
  <Kunden KundenNr="644" KundEigtNr="3698" KundArt="2" KundStatus="3" KundAufDat="1996-02-13"/>
  <Kunden KundenNr="645" KundEigtNr="1058" KundArt="17" KundStatus="3" KundAufDat="1996-02-14"/>
  <Kunden KundenNr="646" KundEigtNr="3617" KundArt="8" KundStatus="1" KundAufDat="1996-02-14"/>
  <Kunden KundenNr="647" KundEigtNr="2946" KundArt="2" KundStatus="3" KundAufDat="1996-02-14"/>
  <Kunden KundenNr="648" KundEigtNr="3847" KundArt="2" KundStatus="3" KundAufDat="1996-02-15"/>
  <Kunden KundenNr="649" KundEigtNr="2495" KundArt="1" KundStatus="3" KundAufDat="1996-02-16"/>
  <Kunden KundenNr="650" KundEigtNr="1856" KundArt="8" KundStatus="3" KundAufDat="1996-02-19"/>
  <Kunden KundenNr="651" KundEigtNr="2076" KundArt="8" KundStatus="3" KundAufDat="1996-02-19"/>
  <Kunden KundenNr="652" KundEigtNr="3041" KundArt="2" KundStatus="3" KundAufDat="1996-02-19"/>
  <Kunden KundenNr="653" KundEigtNr="2188" KundArt="2" KundStatus="3" KundAufDat="1996-02-20"/>
  <Kunden KundenNr="654" KundEigtNr="4161" KundArt="1" KundStatus="1" KundAufDat="1996-02-21"/>
  <Kunden KundenNr="655" KundEigtNr="381" KundArt="1" KundStatus="3" KundAufDat="1996-02-21"/>
  <Kunden KundenNr="656" KundEigtNr="602" KundArt="1" KundStatus="3" KundAufDat="1996-02-21"/>
  <Kunden KundenNr="657" KundEigtNr="1064" KundArt="1" KundStatus="3" KundAufDat="1996-02-21"/>
  <Kunden KundenNr="658" KundEigtNr="885" KundArt="8" KundStatus="3" KundAufDat="1996-02-22"/>
  <Kunden KundenNr="659" KundEigtNr="4181" KundArt="1" KundStatus="3" KundAufDat="1996-02-22"/>
  <Kunden KundenNr="660" KundEigtNr="345" KundArt="1" KundStatus="3" KundAufDat="1996-02-22"/>
  <Kunden KundenNr="661" KundEigtNr="2280" KundArt="1" KundStatus="3" KundAufDat="1996-02-22"/>
  <Kunden KundenNr="662" KundEigtNr="3827" KundArt="1" KundStatus="3" KundAufDat="1996-02-22"/>
  <Kunden KundenNr="663" KundEigtNr="1785" KundArt="17" KundStatus="3" KundAufDat="1995-10-05"/>
  <Kunden KundenNr="664" KundEigtNr="950" KundArt="1" KundStatus="3" KundAufDat="1996-02-23"/>
  <Kunden KundenNr="665" KundEigtNr="1198" KundArt="16" KundStatus="3" KundAufDat="1996-02-23"/>
  <Kunden KundenNr="666" KundEigtNr="2508" KundArt="29" KundStatus="1" KundAufDat="1996-02-23"/>
  <Kunden KundenNr="667" KundEigtNr="1256" KundArt="2" KundStatus="3" KundAufDat="1996-02-26"/>
  <Kunden KundenNr="668" KundEigtNr="303" KundArt="2" KundStatus="3" KundAufDat="1996-02-26"/>
  <Kunden KundenNr="669" KundEigtNr="2812" KundArt="2" KundStatus="3" KundAufDat="1996-02-26"/>
  <Kunden KundenNr="670" KundEigtNr="2418" KundArt="2" KundStatus="3" KundAufDat="1996-02-26"/>
  <Kunden KundenNr="671" KundEigtNr="4056" KundArt="2" KundStatus="3" KundAufDat="1996-02-26"/>
  <Kunden KundenNr="672" KundEigtNr="2703" KundArt="2" KundStatus="3" KundAufDat="1996-02-26"/>
  <Kunden KundenNr="673" KundEigtNr="3372" KundArt="2" KundStatus="3" KundAufDat="1996-02-26"/>
  <Kunden KundenNr="674" KundEigtNr="1173" KundArt="2" KundStatus="3" KundAufDat="1996-02-26"/>
  <Kunden KundenNr="677" KundEigtNr="1811" KundArt="17" KundStatus="3" KundAufDat="1996-02-26"/>
  <Kunden KundenNr="678" KundEigtNr="1074" KundArt="1" KundStatus="3" KundAufDat="1996-02-26"/>
  <Kunden KundenNr="679" KundEigtNr="1954" KundArt="29" KundStatus="3" KundAufDat="1996-02-26"/>
  <Kunden KundenNr="680" KundEigtNr="3507" KundArt="1" KundStatus="3" KundAufDat="1996-02-26"/>
  <Kunden KundenNr="681" KundEigtNr="2154" KundArt="8" KundStatus="3" KundAufDat="1996-02-26"/>
  <Kunden KundenNr="682" KundEigtNr="3955" KundArt="2" KundStatus="3" KundAufDat="1996-02-26"/>
  <Kunden KundenNr="683" KundEigtNr="1819" KundArt="2" KundStatus="3" KundAufDat="1996-02-26"/>
  <Kunden KundenNr="684" KundEigtNr="1857" KundArt="2" KundStatus="3" KundAufDat="1996-02-26"/>
  <Kunden KundenNr="685" KundEigtNr="3399" KundArt="2" KundStatus="3" KundAufDat="1996-02-26"/>
  <Kunden KundenNr="686" KundEigtNr="1477" KundArt="2" KundStatus="3" KundAufDat="1996-02-26"/>
  <Kunden KundenNr="687" KundEigtNr="327" KundArt="2" KundStatus="3" KundAufDat="1996-02-26"/>
  <Kunden KundenNr="688" KundEigtNr="2903" KundArt="17" KundStatus="3" KundAufDat="1996-02-26"/>
  <Kunden KundenNr="689" KundEigtNr="1014" KundArt="8" KundStatus="3" KundAufDat="1996-02-26"/>
  <Kunden KundenNr="690" KundEigtNr="1937" KundArt="8" KundStatus="3" KundAufDat="1996-02-26"/>
  <Kunden KundenNr="691" KundEigtNr="823" KundArt="8" KundStatus="3" KundAufDat="1996-02-26"/>
  <Kunden KundenNr="692" KundEigtNr="2822" KundArt="2" KundStatus="3" KundAufDat="1996-02-26"/>
  <Kunden KundenNr="693" KundEigtNr="2419" KundArt="2" KundStatus="3" KundAufDat="1996-02-26"/>
  <Kunden KundenNr="694" KundEigtNr="1114" KundArt="1" KundStatus="1" KundAufDat="1996-02-27"/>
  <Kunden KundenNr="695" KundEigtNr="2126" KundArt="17" KundStatus="3" KundAufDat="1996-02-27"/>
  <Kunden KundenNr="696" KundEigtNr="2542" KundArt="1" KundStatus="1" KundAufDat="1996-02-27"/>
  <Kunden KundenNr="697" KundEigtNr="1756" KundArt="29" KundStatus="1" KundAufDat="1996-02-27"/>
  <Kunden KundenNr="698" KundEigtNr="2696" KundArt="8" KundStatus="3" KundAufDat="1996-02-27"/>
  <Kunden KundenNr="699" KundEigtNr="3508" KundArt="1" KundStatus="3" KundAufDat="1996-02-27"/>
  <Kunden KundenNr="700" KundEigtNr="2963" KundArt="2" KundStatus="3" KundAufDat="1996-02-27"/>
  <Kunden KundenNr="701" KundEigtNr="3014" KundArt="29" KundStatus="3" KundAufDat="1996-02-28"/>
  <Kunden KundenNr="702" KundEigtNr="1935" KundArt="8" KundStatus="3" KundAufDat="1996-02-28"/>
  <Kunden KundenNr="703" KundEigtNr="718" KundArt="16" KundStatus="3" KundAufDat="1996-02-28"/>
  <Kunden KundenNr="704" KundEigtNr="3148" KundArt="1" KundStatus="3" KundAufDat="1996-02-28"/>
  <Kunden KundenNr="705" KundEigtNr="1274" KundArt="16" KundStatus="3" KundAufDat="1996-02-29"/>
  <Kunden KundenNr="706" KundEigtNr="3117" KundArt="2" KundStatus="3" KundAufDat="1996-02-29"/>
  <Kunden KundenNr="707" KundEigtNr="566" KundArt="2" KundStatus="3" KundAufDat="1996-02-29"/>
  <Kunden KundenNr="708" KundEigtNr="964" KundArt="2" KundStatus="3" KundAufDat="1996-03-01"/>
  <Kunden KundenNr="709" KundEigtNr="1641" KundArt="8" KundStatus="3" KundAufDat="1996-03-04"/>
  <Kunden KundenNr="710" KundEigtNr="1179" KundArt="2" KundStatus="3" KundAufDat="1996-03-05"/>
  <Kunden KundenNr="711" KundEigtNr="3575" KundArt="2" KundStatus="3" KundAufDat="1996-03-05"/>
  <Kunden KundenNr="712" KundEigtNr="1113" KundArt="2" KundStatus="3" KundAufDat="1996-03-05"/>
  <Kunden KundenNr="713" KundEigtNr="886" KundArt="2" KundStatus="3" KundAufDat="1996-03-05"/>
  <Kunden KundenNr="714" KundEigtNr="1188" KundArt="2" KundStatus="3" KundAufDat="1996-03-05"/>
  <Kunden KundenNr="715" KundEigtNr="1042" KundArt="2" KundStatus="3" KundAufDat="1996-03-05"/>
  <Kunden KundenNr="716" KundEigtNr="3201" KundArt="2" KundStatus="3" KundAufDat="1996-03-05"/>
  <Kunden KundenNr="717" KundEigtNr="2835" KundArt="1" KundStatus="3" KundAufDat="1996-03-05"/>
  <Kunden KundenNr="718" KundEigtNr="3333" KundArt="1" KundStatus="3" KundAufDat="1996-03-05"/>
  <Kunden KundenNr="719" KundEigtNr="1848" KundArt="1" KundStatus="1" KundAufDat="1996-03-05"/>
  <Kunden KundenNr="720" KundEigtNr="1894" KundArt="2" KundStatus="3" KundAufDat="1996-03-05"/>
  <Kunden KundenNr="721" KundEigtNr="3302" KundArt="2" KundStatus="3" KundAufDat="1996-03-05"/>
  <Kunden KundenNr="722" KundEigtNr="1815" KundArt="2" KundStatus="3" KundAufDat="1996-03-05"/>
  <Kunden KundenNr="723" KundEigtNr="3257" KundArt="2" KundStatus="3" KundAufDat="1996-03-05"/>
  <Kunden KundenNr="724" KundEigtNr="3468" KundArt="2" KundStatus="3" KundAufDat="1996-03-05"/>
  <Kunden KundenNr="725" KundEigtNr="3992" KundArt="2" KundStatus="3" KundAufDat="1996-03-05"/>
  <Kunden KundenNr="726" KundEigtNr="3895" KundArt="1" KundStatus="3" KundAufDat="1996-03-06"/>
  <Kunden KundenNr="727" KundEigtNr="1234" KundArt="1" KundStatus="3" KundAufDat="1996-03-06"/>
  <Kunden KundenNr="728" KundEigtNr="891" KundArt="1" KundStatus="3" KundAufDat="1996-03-06"/>
  <Kunden KundenNr="729" KundEigtNr="1175" KundArt="1" KundStatus="3" KundAufDat="1996-03-06"/>
  <Kunden KundenNr="730" KundEigtNr="2797" KundArt="16" KundStatus="3" KundAufDat="1996-03-07"/>
  <Kunden KundenNr="731" KundEigtNr="1684" KundArt="2" KundStatus="3" KundAufDat="1996-03-07"/>
  <Kunden KundenNr="732" KundEigtNr="2334" KundArt="2" KundStatus="3" KundAufDat="1996-03-07"/>
  <Kunden KundenNr="733" KundEigtNr="1487" KundArt="2" KundStatus="3" KundAufDat="1996-03-07"/>
  <Kunden KundenNr="734" KundEigtNr="3972" KundArt="2" KundStatus="3" KundAufDat="1996-03-11"/>
  <Kunden KundenNr="735" KundEigtNr="1584" KundArt="2" KundStatus="3" KundAufDat="1996-03-11"/>
  <Kunden KundenNr="736" KundEigtNr="259" KundArt="1" KundStatus="3" KundAufDat="1996-03-11"/>
  <Kunden KundenNr="737" KundEigtNr="3850" KundArt="1" KundStatus="1" KundAufDat="1996-03-11"/>
  <Kunden KundenNr="738" KundEigtNr="4070" KundArt="1" KundStatus="3" KundAufDat="1996-03-11"/>
  <Kunden KundenNr="739" KundEigtNr="2834" KundArt="1" KundStatus="3" KundAufDat="1996-03-11"/>
  <Kunden KundenNr="740" KundEigtNr="1302" KundArt="1" KundStatus="3" KundAufDat="1996-03-11"/>
  <Kunden KundenNr="741" KundEigtNr="3823" KundArt="2" KundStatus="3" KundAufDat="1996-03-11"/>
  <Kunden KundenNr="742" KundEigtNr="1746" KundArt="2" KundStatus="3" KundAufDat="1996-03-11"/>
  <Kunden KundenNr="743" KundEigtNr="1352" KundArt="2" KundStatus="3" KundAufDat="1996-03-11"/>
  <Kunden KundenNr="744" KundEigtNr="4105" KundArt="1" KundStatus="3" KundAufDat="1996-03-12"/>
  <Kunden KundenNr="745" KundEigtNr="893" KundArt="2" KundStatus="3" KundAufDat="1996-03-12"/>
  <Kunden KundenNr="746" KundEigtNr="678" KundArt="8" KundStatus="3" KundAufDat="1996-03-12"/>
  <Kunden KundenNr="747" KundEigtNr="1206" KundArt="1" KundStatus="3" KundAufDat="1996-03-12"/>
  <Kunden KundenNr="748" KundEigtNr="2240" KundArt="1" KundStatus="3" KundAufDat="1996-03-13"/>
  <Kunden KundenNr="750" KundEigtNr="3700" KundArt="29" KundStatus="3" KundAufDat="1996-03-14"/>
  <Kunden KundenNr="751" KundEigtNr="3481" KundArt="1" KundStatus="3" KundAufDat="1996-03-15"/>
  <Kunden KundenNr="752" KundEigtNr="2417" KundArt="1" KundStatus="1" KundAufDat="1996-03-15"/>
  <Kunden KundenNr="753" KundEigtNr="2759" KundArt="2" KundStatus="3" KundAufDat="1996-03-18"/>
  <Kunden KundenNr="754" KundEigtNr="459" KundArt="2" KundStatus="3" KundAufDat="1996-03-18"/>
  <Kunden KundenNr="755" KundEigtNr="655" KundArt="2" KundStatus="3" KundAufDat="1996-03-18"/>
  <Kunden KundenNr="756" KundEigtNr="3118" KundArt="2" KundStatus="3" KundAufDat="1996-03-18"/>
  <Kunden KundenNr="757" KundEigtNr="1418" KundArt="2" KundStatus="3" KundAufDat="1996-03-18"/>
  <Kunden KundenNr="758" KundEigtNr="3604" KundArt="2" KundStatus="3" KundAufDat="1996-03-18"/>
  <Kunden KundenNr="759" KundEigtNr="2725" KundArt="2" KundStatus="3" KundAufDat="1996-03-18"/>
  <Kunden KundenNr="760" KundEigtNr="3273" KundArt="2" KundStatus="3" KundAufDat="1996-03-18"/>
  <Kunden KundenNr="761" KundEigtNr="2011" KundArt="2" KundStatus="3" KundAufDat="1996-03-18"/>
  <Kunden KundenNr="762" KundEigtNr="3216" KundArt="2" KundStatus="3" KundAufDat="1996-03-19"/>
  <Kunden KundenNr="763" KundEigtNr="2460" KundArt="2" KundStatus="3" KundAufDat="1996-03-19"/>
  <Kunden KundenNr="764" KundEigtNr="2309" KundArt="8" KundStatus="3" KundAufDat="1996-03-19"/>
  <Kunden KundenNr="765" KundEigtNr="909" KundArt="1" KundStatus="3" KundAufDat="1996-03-19"/>
  <Kunden KundenNr="766" KundEigtNr="2423" KundArt="2" KundStatus="3" KundAufDat="1996-03-19"/>
  <Kunden KundenNr="767" KundEigtNr="4001" KundArt="2" KundStatus="3" KundAufDat="1996-03-19"/>
  <Kunden KundenNr="768" KundEigtNr="3812" KundArt="2" KundStatus="3" KundAufDat="1996-03-19"/>
  <Kunden KundenNr="769" KundEigtNr="4053" KundArt="2" KundStatus="3" KundAufDat="1996-03-19"/>
  <Kunden KundenNr="770" KundEigtNr="4128" KundArt="2" KundStatus="3" KundAufDat="1996-03-19"/>
  <Kunden KundenNr="771" KundEigtNr="3032" KundArt="2" KundStatus="3" KundAufDat="1996-03-19"/>
  <Kunden KundenNr="772" KundEigtNr="2469" KundArt="2" KundStatus="3" KundAufDat="1996-03-19"/>
  <Kunden KundenNr="773" KundEigtNr="3221" KundArt="16" KundStatus="3" KundAufDat="1996-03-19"/>
  <Kunden KundenNr="774" KundEigtNr="3763" KundArt="8" KundStatus="1" KundAufDat="1996-03-20"/>
  <Kunden KundenNr="791" KundEigtNr="2096" KundArt="2" KundStatus="3" KundAufDat="1996-03-25"/>
  <Kunden KundenNr="793" KundEigtNr="364" KundArt="2" KundStatus="3" KundAufDat="1996-03-25"/>
  <Kunden KundenNr="794" KundEigtNr="2823" KundArt="2" KundStatus="3" KundAufDat="1996-03-25"/>
  <Kunden KundenNr="795" KundEigtNr="3166" KundArt="2" KundStatus="3" KundAufDat="1996-03-25"/>
  <Kunden KundenNr="796" KundEigtNr="3998" KundArt="2" KundStatus="3" KundAufDat="1996-03-25"/>
  <Kunden KundenNr="797" KundEigtNr="2081" KundArt="2" KundStatus="3" KundAufDat="1996-03-25"/>
  <Kunden KundenNr="798" KundEigtNr="2781" KundArt="2" KundStatus="3" KundAufDat="1996-03-25"/>
  <Kunden KundenNr="799" KundEigtNr="1538" KundArt="2" KundStatus="3" KundAufDat="1996-03-25"/>
  <Kunden KundenNr="802" KundEigtNr="1940" KundArt="1" KundStatus="3" KundAufDat="1996-03-27"/>
  <Kunden KundenNr="803" KundEigtNr="1940" KundArt="1" KundStatus="1" KundAufDat="1996-03-27"/>
  <Kunden KundenNr="804" KundEigtNr="1940" KundArt="1" KundStatus="1" KundAufDat="1996-03-27"/>
  <Kunden KundenNr="805" KundEigtNr="3479" KundArt="8" KundStatus="1" KundAufDat="1996-03-27"/>
  <Kunden KundenNr="806" KundEigtNr="2576" KundArt="1" KundStatus="3" KundAufDat="1996-03-28"/>
  <Kunden KundenNr="807" KundEigtNr="1892" KundArt="29" KundStatus="3" KundAufDat="1996-03-28"/>
  <Kunden KundenNr="808" KundEigtNr="1297" KundArt="16" KundStatus="3" KundAufDat="1996-03-28"/>
  <Kunden KundenNr="809" KundEigtNr="1069" KundArt="29" KundStatus="3" KundAufDat="1996-03-28"/>
  <Kunden KundenNr="810" KundEigtNr="1953" KundArt="1" KundStatus="3" KundAufDat="1996-03-29"/>
  <Kunden KundenNr="811" KundEigtNr="2647" KundArt="8" KundStatus="3" KundAufDat="1996-03-29"/>
  <Kunden KundenNr="812" KundEigtNr="486" KundArt="29" KundStatus="1" KundAufDat="1996-04-01"/>
  <Kunden KundenNr="814" KundEigtNr="2057" KundArt="2" KundStatus="3" KundAufDat="1996-04-01"/>
  <Kunden KundenNr="815" KundEigtNr="1278" KundArt="8" KundStatus="3" KundAufDat="1996-04-01"/>
  <Kunden KundenNr="816" KundEigtNr="1499" KundArt="8" KundStatus="3" KundAufDat="1996-04-01"/>
  <Kunden KundenNr="817" KundEigtNr="604" KundArt="8" KundStatus="3" KundAufDat="1996-04-01"/>
  <Kunden KundenNr="818" KundEigtNr="2601" KundArt="8" KundStatus="1" KundAufDat="1996-04-01"/>
  <Kunden KundenNr="820" KundEigtNr="2601" KundArt="2" KundStatus="3" KundAufDat="1996-04-01"/>
  <Kunden KundenNr="821" KundEigtNr="2859" KundArt="8" KundStatus="3" KundAufDat="1996-04-01"/>
  <Kunden KundenNr="822" KundEigtNr="73" KundArt="8" KundStatus="1" KundAufDat="1996-04-02"/>
  <Kunden KundenNr="823" KundEigtNr="1838" KundArt="8" KundStatus="1" KundAufDat="1996-04-03"/>
  <Kunden KundenNr="824" KundEigtNr="3939" KundArt="8" KundStatus="3" KundAufDat="1996-04-03"/>
  <Kunden KundenNr="825" KundEigtNr="1223" KundArt="2" KundStatus="3" KundAufDat="1996-04-09"/>
  <Kunden KundenNr="826" KundEigtNr="4138" KundArt="2" KundStatus="3" KundAufDat="1996-04-09"/>
  <Kunden KundenNr="827" KundEigtNr="917" KundArt="2" KundStatus="3" KundAufDat="1996-04-09"/>
  <Kunden KundenNr="828" KundEigtNr="3807" KundArt="2" KundStatus="3" KundAufDat="1996-04-09"/>
  <Kunden KundenNr="829" KundEigtNr="3123" KundArt="2" KundStatus="3" KundAufDat="1996-04-09"/>
  <Kunden KundenNr="830" KundEigtNr="4199" KundArt="2" KundStatus="3" KundAufDat="1996-04-09"/>
  <Kunden KundenNr="831" KundEigtNr="2214" KundArt="2" KundStatus="3" KundAufDat="1996-04-09"/>
  <Kunden KundenNr="832" KundEigtNr="1048" KundArt="2" KundStatus="3" KundAufDat="1996-04-09"/>
  <Kunden KundenNr="833" KundEigtNr="341" KundArt="2" KundStatus="3" KundAufDat="1996-04-09"/>
  <Kunden KundenNr="834" KundEigtNr="3535" KundArt="2" KundStatus="3" KundAufDat="1996-04-09"/>
  <Kunden KundenNr="835" KundEigtNr="1224" KundArt="2" KundStatus="3" KundAufDat="1996-04-09"/>
  <Kunden KundenNr="836" KundEigtNr="1630" KundArt="2" KundStatus="3" KundAufDat="1996-04-09"/>
  <Kunden KundenNr="837" KundEigtNr="857" KundArt="2" KundStatus="3" KundAufDat="1996-04-10"/>
  <Kunden KundenNr="838" KundEigtNr="3376" KundArt="2" KundStatus="3" KundAufDat="1996-04-10"/>
  <Kunden KundenNr="839" KundEigtNr="2243" KundArt="1" KundStatus="3" KundAufDat="1996-04-10"/>
  <Kunden KundenNr="840" KundEigtNr="1631" KundArt="2" KundStatus="3" KundAufDat="1996-04-11"/>
  <Kunden KundenNr="841" KundEigtNr="1356" KundArt="2" KundStatus="3" KundAufDat="1996-04-12"/>
  <Kunden KundenNr="842" KundEigtNr="2718" KundArt="2" KundStatus="3" KundAufDat="1996-04-12"/>
  <Kunden KundenNr="843" KundEigtNr="3309" KundArt="2" KundStatus="3" KundAufDat="1996-04-12"/>
  <Kunden KundenNr="844" KundEigtNr="1037" KundArt="2" KundStatus="3" KundAufDat="1996-04-12"/>
  <Kunden KundenNr="845" KundEigtNr="791" KundArt="2" KundStatus="3" KundAufDat="1996-04-12"/>
  <Kunden KundenNr="846" KundEigtNr="3115" KundArt="2" KundStatus="3" KundAufDat="1996-04-12"/>
  <Kunden KundenNr="847" KundEigtNr="986" KundArt="2" KundStatus="3" KundAufDat="1996-04-12"/>
  <Kunden KundenNr="848" KundEigtNr="607" KundArt="2" KundStatus="3" KundAufDat="1996-04-12"/>
  <Kunden KundenNr="856" KundEigtNr="1061" KundArt="1" KundStatus="1" KundAufDat="1996-06-03"/>
  <Kunden KundenNr="857" KundEigtNr="801" KundArt="1" KundStatus="3" KundAufDat="1996-06-03"/>
  <Kunden KundenNr="858" KundEigtNr="1884" KundArt="1" KundStatus="3" KundAufDat="1996-06-03"/>
  <Kunden KundenNr="859" KundEigtNr="2747" KundArt="8" KundStatus="3" KundAufDat="1996-06-03"/>
  <Kunden KundenNr="860" KundEigtNr="1685" KundArt="8" KundStatus="3" KundAufDat="1996-06-03"/>
  <Kunden KundenNr="861" KundEigtNr="733" KundArt="8" KundStatus="1" KundAufDat="1996-06-03"/>
  <Kunden KundenNr="862" KundEigtNr="884" KundArt="8" KundStatus="3" KundAufDat="1996-06-03"/>
  <Kunden KundenNr="863" KundEigtNr="1545" KundArt="29" KundStatus="1" KundAufDat="1996-06-03"/>
  <Kunden KundenNr="864" KundEigtNr="2448" KundArt="8" KundStatus="3" KundAufDat="1996-06-04"/>
  <Kunden KundenNr="865" KundEigtNr="3730" KundArt="8" KundStatus="3" KundAufDat="1996-06-04"/>
  <Kunden KundenNr="866" KundEigtNr="2934" KundArt="1" KundStatus="3" KundAufDat="1996-06-04"/>
  <Kunden KundenNr="867" KundEigtNr="2860" KundArt="1" KundStatus="3" KundAufDat="1996-06-04"/>
  <Kunden KundenNr="868" KundEigtNr="3585" KundArt="16" KundStatus="1" KundAufDat="1996-06-04"/>
  <Kunden KundenNr="869" KundEigtNr="750" KundArt="2" KundStatus="3" KundAufDat="1996-06-04"/>
  <Kunden KundenNr="870" KundEigtNr="2573" KundArt="1" KundStatus="3" KundAufDat="1996-06-04"/>
  <Kunden KundenNr="871" KundEigtNr="4123" KundArt="29" KundStatus="1" KundAufDat="1996-06-04"/>
  <Kunden KundenNr="872" KundEigtNr="1166" KundArt="1" KundStatus="3" KundAufDat="1996-06-04"/>
  <Kunden KundenNr="873" KundEigtNr="3641" KundArt="1" KundStatus="3" KundAufDat="1996-06-04"/>
  <Kunden KundenNr="874" KundEigtNr="3668" KundArt="8" KundStatus="3" KundAufDat="1996-06-04"/>
  <Kunden KundenNr="875" KundEigtNr="4137" KundArt="1" KundStatus="3" KundAufDat="1996-06-04"/>
  <Kunden KundenNr="876" KundEigtNr="3599" KundArt="2" KundStatus="3" KundAufDat="1996-06-05"/>
  <Kunden KundenNr="877" KundEigtNr="3116" KundArt="8" KundStatus="3" KundAufDat="1996-06-05"/>
  <Kunden KundenNr="878" KundEigtNr="2123" KundArt="29" KundStatus="1" KundAufDat="1996-06-05"/>
  <Kunden KundenNr="879" KundEigtNr="3332" KundArt="8" KundStatus="3" KundAufDat="1996-06-10"/>
  <Kunden KundenNr="880" KundEigtNr="2210" KundArt="8" KundStatus="3" KundAufDat="1996-06-10"/>
  <Kunden KundenNr="881" KundEigtNr="1193" KundArt="8" KundStatus="1" KundAufDat="1996-06-10"/>
  <Kunden KundenNr="882" KundEigtNr="263" KundArt="1" KundStatus="1" KundAufDat="1996-06-10"/>
  <Kunden KundenNr="883" KundEigtNr="1052" KundArt="8" KundStatus="3" KundAufDat="1996-06-10"/>
  <Kunden KundenNr="884" KundEigtNr="2827" KundArt="8" KundStatus="3" KundAufDat="1996-06-10"/>
  <Kunden KundenNr="885" KundEigtNr="2282" KundArt="8" KundStatus="3" KundAufDat="1996-06-10"/>
  <Kunden KundenNr="886" KundEigtNr="1696" KundArt="8" KundStatus="3" KundAufDat="1996-06-10"/>
  <Kunden KundenNr="887" KundEigtNr="945" KundArt="8" KundStatus="1" KundAufDat="1996-06-10"/>
  <Kunden KundenNr="888" KundEigtNr="441" KundArt="8" KundStatus="3" KundAufDat="1996-06-11"/>
  <Kunden KundenNr="889" KundEigtNr="634" KundArt="8" KundStatus="1" KundAufDat="1996-06-11"/>
  <Kunden KundenNr="890" KundEigtNr="2099" KundArt="8" KundStatus="3" KundAufDat="1996-06-11"/>
  <Kunden KundenNr="891" KundEigtNr="3659" KundArt="8" KundStatus="3" KundAufDat="1996-06-11"/>
  <Kunden KundenNr="892" KundEigtNr="1693" KundArt="8" KundStatus="3" KundAufDat="1996-06-11"/>
  <Kunden KundenNr="893" KundEigtNr="1149" KundArt="1" KundStatus="3" KundAufDat="1996-06-11"/>
  <Kunden KundenNr="894" KundEigtNr="3904" KundArt="8" KundStatus="3" KundAufDat="1996-06-12"/>
  <Kunden KundenNr="895" KundEigtNr="4148" KundArt="8" KundStatus="1" KundAufDat="1996-06-12"/>
  <Kunden KundenNr="896" KundEigtNr="3716" KundArt="8" KundStatus="3" KundAufDat="1996-06-12"/>
  <Kunden KundenNr="897" KundEigtNr="1754" KundArt="8" KundStatus="3" KundAufDat="1996-06-12"/>
  <Kunden KundenNr="898" KundEigtNr="73" KundArt="1" KundStatus="3" KundAufDat="1996-06-13"/>
  <Kunden KundenNr="899" KundEigtNr="225" KundArt="29" KundStatus="1" KundAufDat="1996-06-13"/>
  <Kunden KundenNr="900" KundEigtNr="3990" KundArt="29" KundStatus="1" KundAufDat="1996-06-13"/>
  <Kunden KundenNr="901" KundEigtNr="1078" KundArt="29" KundStatus="1" KundAufDat="1996-06-13"/>
  <Kunden KundenNr="902" KundEigtNr="3786" KundArt="1" KundStatus="1" KundAufDat="1996-06-13"/>
  <Kunden KundenNr="903" KundEigtNr="1276" KundArt="29" KundStatus="1" KundAufDat="1996-06-13"/>
  <Kunden KundenNr="904" KundEigtNr="1311" KundArt="16" KundStatus="1" KundAufDat="1996-06-13"/>
  <Kunden KundenNr="905" KundEigtNr="2529" KundArt="29" KundStatus="1" KundAufDat="1996-06-13"/>
  <Kunden KundenNr="906" KundEigtNr="2972" KundArt="1" KundStatus="3" KundAufDat="1996-06-14"/>
  <Kunden KundenNr="907" KundEigtNr="1587" KundArt="1" KundStatus="3" KundAufDat="1996-06-14"/>
  <Kunden KundenNr="908" KundEigtNr="962" KundArt="1" KundStatus="3" KundAufDat="1996-06-14"/>
  <Kunden KundenNr="909" KundEigtNr="2330" KundArt="1" KundStatus="3" KundAufDat="1996-06-14"/>
  <Kunden KundenNr="910" KundEigtNr="2190" KundArt="2" KundStatus="3" KundAufDat="1996-06-17"/>
  <Kunden KundenNr="911" KundEigtNr="1514" KundArt="8" KundStatus="1" KundAufDat="1996-06-17"/>
  <Kunden KundenNr="912" KundEigtNr="628" KundArt="2" KundStatus="3" KundAufDat="1996-06-17"/>
  <Kunden KundenNr="913" KundEigtNr="3986" KundArt="29" KundStatus="1" KundAufDat="1996-06-17"/>
  <Kunden KundenNr="914" KundEigtNr="2849" KundArt="8" KundStatus="3" KundAufDat="1996-06-17"/>
  <Kunden KundenNr="915" KundEigtNr="3986" KundArt="29" KundStatus="1" KundAufDat="1996-06-18"/>
  <Kunden KundenNr="916" KundEigtNr="3739" KundArt="8" KundStatus="1" KundAufDat="1996-06-18"/>
  <Kunden KundenNr="917" KundEigtNr="2278" KundArt="1" KundStatus="3" KundAufDat="1996-06-18"/>
  <Kunden KundenNr="918" KundEigtNr="1611" KundArt="2" KundStatus="3" KundAufDat="1996-06-18"/>
  <Kunden KundenNr="919" KundEigtNr="4097" KundArt="8" KundStatus="3" KundAufDat="1996-06-19"/>
  <Kunden KundenNr="920" KundEigtNr="2990" KundArt="2" KundStatus="3" KundAufDat="1996-06-19"/>
  <Kunden KundenNr="922" KundEigtNr="3802" KundArt="2" KundStatus="1" KundAufDat="1996-06-22"/>
  <Kunden KundenNr="923" KundEigtNr="959" KundArt="29" KundStatus="1" KundAufDat="1996-06-22"/>
  <Kunden KundenNr="924" KundEigtNr="1240" KundArt="1" KundStatus="1" KundAufDat="1996-06-22"/>
  <Kunden KundenNr="925" KundEigtNr="3665" KundArt="29" KundStatus="1" KundAufDat="1996-06-24"/>
  <Kunden KundenNr="926" KundEigtNr="2092" KundArt="1" KundStatus="3" KundAufDat="1996-06-24"/>
  <Kunden KundenNr="927" KundEigtNr="3111" KundArt="1" KundStatus="3" KundAufDat="1996-06-24"/>
  <Kunden KundenNr="928" KundEigtNr="2746" KundArt="1" KundStatus="3" KundAufDat="1996-06-24"/>
  <Kunden KundenNr="929" KundEigtNr="3893" KundArt="2" KundStatus="1" KundAufDat="1996-06-24"/>
  <Kunden KundenNr="930" KundEigtNr="3980" KundArt="1" KundStatus="3" KundAufDat="1996-06-25"/>
  <Kunden KundenNr="931" KundEigtNr="4158" KundArt="1" KundStatus="1" KundAufDat="1996-06-25"/>
  <Kunden KundenNr="932" KundEigtNr="811" KundArt="1" KundStatus="3" KundAufDat="1996-06-25"/>
  <Kunden KundenNr="933" KundEigtNr="3603" KundArt="1" KundStatus="3" KundAufDat="1996-06-25"/>
  <Kunden KundenNr="934" KundEigtNr="2595" KundArt="2" KundStatus="3" KundAufDat="1996-06-25"/>
  <Kunden KundenNr="935" KundEigtNr="2675" KundArt="2" KundStatus="3" KundAufDat="1996-06-25"/>
  <Kunden KundenNr="936" KundEigtNr="1607" KundArt="2" KundStatus="1" KundAufDat="1996-06-25"/>
  <Kunden KundenNr="937" KundEigtNr="2736" KundArt="29" KundStatus="1" KundAufDat="1996-06-26"/>
  <Kunden KundenNr="938" KundEigtNr="1093" KundArt="29" KundStatus="1" KundAufDat="1996-06-26"/>
  <Kunden KundenNr="939" KundEigtNr="1199" KundArt="29" KundStatus="3" KundAufDat="1996-06-26"/>
  <Kunden KundenNr="940" KundEigtNr="2398" KundArt="1" KundStatus="1" KundAufDat="1996-06-26"/>
  <Kunden KundenNr="941" KundEigtNr="497" KundArt="8" KundStatus="1" KundAufDat="1996-06-26"/>
  <Kunden KundenNr="942" KundEigtNr="963" KundArt="1" KundStatus="3" KundAufDat="1996-06-26"/>
  <Kunden KundenNr="943" KundEigtNr="3522" KundArt="8" KundStatus="1" KundAufDat="1996-06-26"/>
  <Kunden KundenNr="944" KundEigtNr="2858" KundArt="2" KundStatus="1" KundAufDat="1996-06-26"/>
  <Kunden KundenNr="945" KundEigtNr="176" KundArt="1" KundStatus="3" KundAufDat="1996-06-27"/>
  <Kunden KundenNr="946" KundEigtNr="3301" KundArt="29" KundStatus="1" KundAufDat="1996-06-27"/>
  <Kunden KundenNr="947" KundEigtNr="144" KundArt="1" KundStatus="1" KundAufDat="1996-06-27"/>
  <Kunden KundenNr="948" KundEigtNr="3854" KundArt="1" KundStatus="3" KundAufDat="1996-06-27"/>
  <Kunden KundenNr="949" KundEigtNr="2529" KundArt="1" KundStatus="3" KundAufDat="1996-06-27"/>
  <Kunden KundenNr="950" KundEigtNr="759" KundArt="8" KundStatus="3" KundAufDat="1996-06-28"/>
  <Kunden KundenNr="951" KundEigtNr="3894" KundArt="29" KundStatus="1" KundAufDat="1996-06-28"/>
  <Kunden KundenNr="952" KundEigtNr="2683" KundArt="8" KundStatus="1" KundAufDat="1996-06-29"/>
  <Kunden KundenNr="953" KundEigtNr="3643" KundArt="8" KundStatus="3" KundAufDat="1996-06-29"/>
  <Kunden KundenNr="954" KundEigtNr="1934" KundArt="29" KundStatus="3" KundAufDat="1996-07-01"/>
  <Kunden KundenNr="955" KundEigtNr="1264" KundArt="1" KundStatus="1" KundAufDat="1996-07-01"/>
  <Kunden KundenNr="956" KundEigtNr="1612" KundArt="3" KundStatus="3" KundAufDat="1996-07-01"/>
  <Kunden KundenNr="957" KundEigtNr="2459" KundArt="2" KundStatus="3" KundAufDat="1996-07-01"/>
  <Kunden KundenNr="958" KundEigtNr="2547" KundArt="2" KundStatus="3" KundAufDat="1996-07-01"/>
  <Kunden KundenNr="959" KundEigtNr="606" KundArt="3" KundStatus="3" KundAufDat="1996-07-01"/>
  <Kunden KundenNr="960" KundEigtNr="1127" KundArt="2" KundStatus="3" KundAufDat="1996-07-01"/>
  <Kunden KundenNr="961" KundEigtNr="1656" KundArt="2" KundStatus="3" KundAufDat="1996-07-01"/>
  <Kunden KundenNr="962" KundEigtNr="4129" KundArt="3" KundStatus="3" KundAufDat="1996-07-01"/>
  <Kunden KundenNr="963" KundEigtNr="677" KundArt="2" KundStatus="3" KundAufDat="1996-07-01"/>
  <Kunden KundenNr="964" KundEigtNr="3568" KundArt="2" KundStatus="3" KundAufDat="1996-07-01"/>
  <Kunden KundenNr="965" KundEigtNr="1729" KundArt="2" KundStatus="3" KundAufDat="1996-07-01"/>
  <Kunden KundenNr="966" KundEigtNr="3112" KundArt="2" KundStatus="3" KundAufDat="1996-07-01"/>
  <Kunden KundenNr="967" KundEigtNr="1383" KundArt="8" KundStatus="3" KundAufDat="1996-07-03"/>
  <Kunden KundenNr="968" KundEigtNr="2233" KundArt="1" KundStatus="3" KundAufDat="1996-07-03"/>
  <Kunden KundenNr="969" KundEigtNr="3406" KundArt="2" KundStatus="3" KundAufDat="1996-07-03"/>
  <Kunden KundenNr="970" KundEigtNr="1013" KundArt="2" KundStatus="3" KundAufDat="1996-07-03"/>
  <Kunden KundenNr="971" KundEigtNr="4114" KundArt="2" KundStatus="3" KundAufDat="1996-07-03"/>
  <Kunden KundenNr="972" KundEigtNr="2422" KundArt="2" KundStatus="3" KundAufDat="1996-07-03"/>
  <Kunden KundenNr="973" KundEigtNr="2676" KundArt="1" KundStatus="3" KundAufDat="1996-07-03"/>
  <Kunden KundenNr="974" KundEigtNr="3113" KundArt="1" KundStatus="3" KundAufDat="1996-07-03"/>
  <Kunden KundenNr="975" KundEigtNr="1213" KundArt="1" KundStatus="3" KundAufDat="1996-07-03"/>
  <Kunden KundenNr="976" KundEigtNr="3060" KundArt="1" KundStatus="3" KundAufDat="1996-07-03"/>
  <Kunden KundenNr="977" KundEigtNr="38" KundArt="1" KundStatus="3" KundAufDat="1996-07-03"/>
  <Kunden KundenNr="978" KundEigtNr="639" KundArt="8" KundStatus="3" KundAufDat="1996-07-03"/>
  <Kunden KundenNr="979" KundEigtNr="3471" KundArt="1" KundStatus="3" KundAufDat="1996-07-03"/>
  <Kunden KundenNr="980" KundEigtNr="3378" KundArt="1" KundStatus="3" KundAufDat="1996-07-03"/>
  <Kunden KundenNr="981" KundEigtNr="882" KundArt="1" KundStatus="3" KundAufDat="1996-07-03"/>
  <Kunden KundenNr="982" KundEigtNr="1777" KundArt="1" KundStatus="3" KundAufDat="1996-07-04"/>
  <Kunden KundenNr="983" KundEigtNr="883" KundArt="2" KundStatus="3" KundAufDat="1996-07-04"/>
  <Kunden KundenNr="984" KundEigtNr="732" KundArt="8" KundStatus="3" KundAufDat="1996-07-04"/>
  <Kunden KundenNr="985" KundEigtNr="752" KundArt="8" KundStatus="3" KundAufDat="1996-07-04"/>
  <Kunden KundenNr="986" KundEigtNr="2133" KundArt="8" KundStatus="3" KundAufDat="1996-07-04"/>
  <Kunden KundenNr="987" KundEigtNr="1887" KundArt="2" KundStatus="3" KundAufDat="1996-07-04"/>
  <Kunden KundenNr="988" KundEigtNr="717" KundArt="2" KundStatus="3" KundAufDat="1996-07-04"/>
  <Kunden KundenNr="989" KundEigtNr="1498" KundArt="2" KundStatus="3" KundAufDat="1996-07-04"/>
  <Kunden KundenNr="990" KundEigtNr="2813" KundArt="29" KundStatus="1" KundAufDat="1996-07-04"/>
  <Kunden KundenNr="991" KundEigtNr="4116" KundArt="8" KundStatus="1" KundAufDat="1996-07-05"/>
  <Kunden KundenNr="992" KundEigtNr="479" KundArt="8" KundStatus="1" KundAufDat="1996-07-05"/>
  <Kunden KundenNr="993" KundEigtNr="2322" KundArt="29" KundStatus="1" KundAufDat="1996-07-05"/>
  <Kunden KundenNr="994" KundEigtNr="1772" KundArt="8" KundStatus="1" KundAufDat="1996-07-05"/>
  <Kunden KundenNr="995" KundEigtNr="477" KundArt="1" KundStatus="3" KundAufDat="1996-07-06"/>
  <Kunden KundenNr="996" KundEigtNr="1421" KundArt="1" KundStatus="3" KundAufDat="1996-07-06"/>
  <Kunden KundenNr="997" KundEigtNr="1075" KundArt="1" KundStatus="3" KundAufDat="1996-07-06"/>
  <Kunden KundenNr="998" KundEigtNr="3740" KundArt="1" KundStatus="3" KundAufDat="1996-07-06"/>
  <Kunden KundenNr="999" KundEigtNr="3388" KundArt="1" KundStatus="3" KundAufDat="1996-07-06"/>
  <Kunden KundenNr="1000" KundEigtNr="1580" KundArt="1" KundStatus="3" KundAufDat="1996-07-06"/>
  <Kunden KundenNr="1001" KundEigtNr="3952" KundArt="1" KundStatus="3" KundAufDat="1996-07-06"/>
  <Kunden KundenNr="1002" KundEigtNr="3071" KundArt="1" KundStatus="3" KundAufDat="1996-07-06"/>
  <Kunden KundenNr="1003" KundEigtNr="2397" KundArt="1" KundStatus="3" KundAufDat="1996-07-06"/>
  <Kunden KundenNr="1004" KundEigtNr="3637" KundArt="1" KundStatus="3" KundAufDat="1996-07-06"/>
  <Kunden KundenNr="1005" KundEigtNr="2507" KundArt="1" KundStatus="1" KundAufDat="1996-07-06"/>
  <Kunden KundenNr="1006" KundEigtNr="1986" KundArt="1" KundStatus="3" KundAufDat="1996-07-06"/>
  <Kunden KundenNr="1007" KundEigtNr="2419" KundArt="1" KundStatus="3" KundAufDat="1996-07-06"/>
  <Kunden KundenNr="1008" KundEigtNr="2370" KundArt="1" KundStatus="3" KundAufDat="1996-07-07"/>
  <Kunden KundenNr="1009" KundEigtNr="1556" KundArt="29" KundStatus="1" KundAufDat="1996-07-07"/>
  <Kunden KundenNr="1010" KundEigtNr="3249" KundArt="16" KundStatus="3" KundAufDat="1996-07-08"/>
  <Kunden KundenNr="1011" KundEigtNr="2395" KundArt="8" KundStatus="3" KundAufDat="1996-07-08"/>
  <Kunden KundenNr="1012" KundEigtNr="2824" KundArt="8" KundStatus="3" KundAufDat="1996-07-08"/>
  <Kunden KundenNr="1013" KundEigtNr="965" KundArt="8" KundStatus="3" KundAufDat="1996-07-08"/>
  <Kunden KundenNr="1014" KundEigtNr="3630" KundArt="8" KundStatus="3" KundAufDat="1996-07-08"/>
  <Kunden KundenNr="1015" KundEigtNr="3674" KundArt="8" KundStatus="1" KundAufDat="1996-07-08"/>
  <Kunden KundenNr="1016" KundEigtNr="2871" KundArt="5" KundStatus="3" KundAufDat="1996-07-08"/>
  <Kunden KundenNr="1017" KundEigtNr="554" KundArt="8" KundStatus="3" KundAufDat="1996-07-08"/>
  <Kunden KundenNr="1018" KundEigtNr="3530" KundArt="1" KundStatus="3" KundAufDat="1996-07-09"/>
  <Kunden KundenNr="1019" KundEigtNr="2847" KundArt="1" KundStatus="3" KundAufDat="1996-07-09"/>
  <Kunden KundenNr="1020" KundEigtNr="2741" KundArt="1" KundStatus="3" KundAufDat="1996-07-09"/>
  <Kunden KundenNr="1021" KundEigtNr="3836" KundArt="1" KundStatus="3" KundAufDat="1996-07-09"/>
  <Kunden KundenNr="1022" KundEigtNr="2623" KundArt="1" KundStatus="1" KundAufDat="1996-07-09"/>
  <Kunden KundenNr="1023" KundEigtNr="938" KundArt="1" KundStatus="3" KundAufDat="1996-07-09"/>
  <Kunden KundenNr="1024" KundEigtNr="2602" KundArt="1" KundStatus="3" KundAufDat="1996-07-09"/>
  <Kunden KundenNr="1025" KundEigtNr="3160" KundArt="1" KundStatus="3" KundAufDat="1996-07-09"/>
  <Kunden KundenNr="1026" KundEigtNr="2450" KundArt="1" KundStatus="3" KundAufDat="1996-07-09"/>
  <Kunden KundenNr="1027" KundEigtNr="1849" KundArt="1" KundStatus="1" KundAufDat="1996-07-09"/>
  <Kunden KundenNr="1028" KundEigtNr="2694" KundArt="1" KundStatus="1" KundAufDat="1996-07-09"/>
  <Kunden KundenNr="1029" KundEigtNr="2225" KundArt="1" KundStatus="1" KundAufDat="1996-07-09"/>
  <Kunden KundenNr="1030" KundEigtNr="390" KundArt="1" KundStatus="1" KundAufDat="1996-07-09"/>
  <Kunden KundenNr="1031" KundEigtNr="539" KundArt="1" KundStatus="3" KundAufDat="1996-07-09"/>
  <Kunden KundenNr="1032" KundEigtNr="1467" KundArt="1" KundStatus="3" KundAufDat="1996-07-09"/>
  <Kunden KundenNr="1033" KundEigtNr="2563" KundArt="1" KundStatus="3" KundAufDat="1996-07-09"/>
  <Kunden KundenNr="1034" KundEigtNr="670" KundArt="1" KundStatus="1" KundAufDat="1996-07-09"/>
  <Kunden KundenNr="1035" KundEigtNr="1040" KundArt="8" KundStatus="3" KundAufDat="1996-07-09"/>
  <Kunden KundenNr="1037" KundEigtNr="902" KundArt="2" KundStatus="3" KundAufDat="1996-07-09"/>
  <Kunden KundenNr="1038" KundEigtNr="2458" KundArt="2" KundStatus="3" KundAufDat="1996-07-09"/>
  <Kunden KundenNr="1039" KundEigtNr="3884" KundArt="2" KundStatus="3" KundAufDat="1996-07-09"/>
  <Kunden KundenNr="1040" KundEigtNr="3995" KundArt="1" KundStatus="3" KundAufDat="1996-07-09"/>
  <Kunden KundenNr="1041" KundEigtNr="3857" KundArt="1" KundStatus="3" KundAufDat="1996-05-02"/>
  <Kunden KundenNr="1042" KundEigtNr="3500" KundArt="29" KundStatus="1" KundAufDat="1996-07-09"/>
  <Kunden KundenNr="1043" KundEigtNr="1353" KundArt="1" KundStatus="3" KundAufDat="1996-07-10"/>
  <Kunden KundenNr="1044" KundEigtNr="1200" KundArt="1" KundStatus="3" KundAufDat="1996-07-10"/>
  <Kunden KundenNr="1045" KundEigtNr="3024" KundArt="1" KundStatus="3" KundAufDat="1996-07-10"/>
  <Kunden KundenNr="1046" KundEigtNr="2639" KundArt="1" KundStatus="3" KundAufDat="1996-07-10"/>
  <Kunden KundenNr="1047" KundEigtNr="2650" KundArt="2" KundStatus="3" KundAufDat="1996-07-11"/>
  <Kunden KundenNr="1048" KundEigtNr="1002" KundArt="1" KundStatus="3" KundAufDat="1996-07-11"/>
  <Kunden KundenNr="1049" KundEigtNr="632" KundArt="1" KundStatus="3" KundAufDat="1996-07-11"/>
  <Kunden KundenNr="1050" KundEigtNr="3887" KundArt="3" KundStatus="3" KundAufDat="1996-07-11"/>
  <Kunden KundenNr="1051" KundEigtNr="1317" KundArt="2" KundStatus="3" KundAufDat="1996-07-11"/>
  <Kunden KundenNr="1052" KundEigtNr="3211" KundArt="29" KundStatus="1" KundAufDat="1996-07-11"/>
  <Kunden KundenNr="1053" KundEigtNr="1704" KundArt="1" KundStatus="3" KundAufDat="1996-07-11"/>
  <Kunden KundenNr="1054" KundEigtNr="1697" KundArt="29" KundStatus="1" KundAufDat="1996-07-11"/>
  <Kunden KundenNr="1055" KundEigtNr="1690" KundArt="8" KundStatus="3" KundAufDat="1996-07-12"/>
  <Kunden KundenNr="1056" KundEigtNr="4083" KundArt="1" KundStatus="1" KundAufDat="1996-07-13"/>
  <Kunden KundenNr="1057" KundEigtNr="2987" KundArt="3" KundStatus="3" KundAufDat="1996-07-15"/>
  <Kunden KundenNr="1058" KundEigtNr="2479" KundArt="8" KundStatus="3" KundAufDat="1996-07-15"/>
  <Kunden KundenNr="1059" KundEigtNr="2404" KundArt="29" KundStatus="1" KundAufDat="1996-07-15"/>
  <Kunden KundenNr="1060" KundEigtNr="443" KundArt="2" KundStatus="3" KundAufDat="1996-07-15"/>
  <Kunden KundenNr="1061" KundEigtNr="1391" KundArt="8" KundStatus="3" KundAufDat="1996-07-15"/>
  <Kunden KundenNr="1062" KundEigtNr="581" KundArt="8" KundStatus="3" KundAufDat="1996-07-15"/>
  <Kunden KundenNr="1063" KundEigtNr="3150" KundArt="1" KundStatus="3" KundAufDat="1996-07-15"/>
  <Kunden KundenNr="1064" KundEigtNr="1138" KundArt="1" KundStatus="3" KundAufDat="1996-07-15"/>
  <Kunden KundenNr="1065" KundEigtNr="2323" KundArt="2" KundStatus="3" KundAufDat="1996-07-16"/>
  <Kunden KundenNr="1066" KundEigtNr="2361" KundArt="1" KundStatus="1" KundAufDat="1996-07-17"/>
  <Kunden KundenNr="1067" KundEigtNr="1503" KundArt="2" KundStatus="3" KundAufDat="1996-07-17"/>
  <Kunden KundenNr="1068" KundEigtNr="923" KundArt="8" KundStatus="1" KundAufDat="1996-07-17"/>
  <Kunden KundenNr="1069" KundEigtNr="2358" KundArt="8" KundStatus="1" KundAufDat="1996-07-17"/>
  <Kunden KundenNr="1070" KundEigtNr="815" KundArt="8" KundStatus="3" KundAufDat="1996-07-18"/>
  <Kunden KundenNr="1071" KundEigtNr="3512" KundArt="1" KundStatus="1" KundAufDat="1996-07-18"/>
  <Kunden KundenNr="1072" KundEigtNr="3512" KundArt="1" KundStatus="1" KundAufDat="1996-07-18"/>
  <Kunden KundenNr="1073" KundEigtNr="3840" KundArt="1" KundStatus="3" KundAufDat="1996-07-18"/>
  <Kunden KundenNr="1074" KundEigtNr="3579" KundArt="2" KundStatus="3" KundAufDat="1996-07-22"/>
  <Kunden KundenNr="1075" KundEigtNr="4107" KundArt="3" KundStatus="3" KundAufDat="1996-07-22"/>
  <Kunden KundenNr="1076" KundEigtNr="2749" KundArt="2" KundStatus="3" KundAufDat="1996-07-22"/>
  <Kunden KundenNr="1077" KundEigtNr="1527" KundArt="2" KundStatus="3" KundAufDat="1996-07-22"/>
  <Kunden KundenNr="1078" KundEigtNr="1027" KundArt="2" KundStatus="3" KundAufDat="1996-07-22"/>
  <Kunden KundenNr="1079" KundEigtNr="2897" KundArt="2" KundStatus="3" KundAufDat="1996-07-22"/>
  <Kunden KundenNr="1080" KundEigtNr="2320" KundArt="2" KundStatus="3" KundAufDat="1996-07-22"/>
  <Kunden KundenNr="1081" KundEigtNr="2924" KundArt="2" KundStatus="3" KundAufDat="1996-07-22"/>
  <Kunden KundenNr="1082" KundEigtNr="2284" KundArt="1" KundStatus="3" KundAufDat="1996-07-22"/>
  <Kunden KundenNr="1083" KundEigtNr="2251" KundArt="8" KundStatus="3" KundAufDat="1996-07-22"/>
  <Kunden KundenNr="1084" KundEigtNr="1757" KundArt="8" KundStatus="3" KundAufDat="1996-07-22"/>
  <Kunden KundenNr="1085" KundEigtNr="978" KundArt="8" KundStatus="3" KundAufDat="1996-07-22"/>
  <Kunden KundenNr="1086" KundEigtNr="705" KundArt="8" KundStatus="1" KundAufDat="1996-07-22"/>
  <Kunden KundenNr="1087" KundEigtNr="515" KundArt="8" KundStatus="3" KundAufDat="1996-07-22"/>
  <Kunden KundenNr="1088" KundEigtNr="3330" KundArt="8" KundStatus="3" KundAufDat="1996-07-23"/>
  <Kunden KundenNr="1089" KundEigtNr="2146" KundArt="2" KundStatus="3" KundAufDat="1996-07-23"/>
  <Kunden KundenNr="1090" KundEigtNr="3043" KundArt="8" KundStatus="1" KundAufDat="1996-07-23"/>
  <Kunden KundenNr="1091" KundEigtNr="3550" KundArt="8" KundStatus="3" KundAufDat="1996-07-23"/>
  <Kunden KundenNr="1092" KundEigtNr="2689" KundArt="8" KundStatus="3" KundAufDat="1996-07-23"/>
  <Kunden KundenNr="1093" KundEigtNr="2645" KundArt="8" KundStatus="3" KundAufDat="1996-07-23"/>
  <Kunden KundenNr="1094" KundEigtNr="2763" KundArt="1" KundStatus="1" KundAufDat="1996-07-23"/>
  <Kunden KundenNr="1095" KundEigtNr="439" KundArt="8" KundStatus="3" KundAufDat="1996-07-23"/>
  <Kunden KundenNr="1096" KundEigtNr="512" KundArt="17" KundStatus="1" KundAufDat="1996-07-23"/>
  <Kunden KundenNr="1097" KundEigtNr="1299" KundArt="2" KundStatus="1" KundAufDat="1996-07-24"/>
  <Kunden KundenNr="1098" KundEigtNr="2852" KundArt="2" KundStatus="3" KundAufDat="1996-07-24"/>
  <Kunden KundenNr="1099" KundEigtNr="2632" KundArt="2" KundStatus="3" KundAufDat="1996-07-24"/>
  <Kunden KundenNr="1100" KundEigtNr="1227" KundArt="8" KundStatus="3" KundAufDat="1996-07-25"/>
  <Kunden KundenNr="1101" KundEigtNr="3085" KundArt="8" KundStatus="3" KundAufDat="1996-07-25"/>
  <Kunden KundenNr="1102" KundEigtNr="2228" KundArt="1" KundStatus="3" KundAufDat="1996-07-25"/>
  <Kunden KundenNr="1103" KundEigtNr="574" KundArt="1" KundStatus="1" KundAufDat="1996-07-25"/>
  <Kunden KundenNr="1104" KundEigtNr="3764" KundArt="1" KundStatus="3" KundAufDat="1996-07-25"/>
  <Kunden KundenNr="1105" KundEigtNr="860" KundArt="8" KundStatus="3" KundAufDat="1996-07-26"/>
  <Kunden KundenNr="1106" KundEigtNr="1314" KundArt="2" KundStatus="3" KundAufDat="1996-07-27"/>
  <Kunden KundenNr="1107" KundEigtNr="3632" KundArt="2" KundStatus="3" KundAufDat="1996-07-29"/>
  <Kunden KundenNr="1108" KundEigtNr="2570" KundArt="1" KundStatus="3" KundAufDat="1996-07-29"/>
  <Kunden KundenNr="1109" KundEigtNr="3607" KundArt="3" KundStatus="3" KundAufDat="1996-07-30"/>
  <Kunden KundenNr="1110" KundEigtNr="771" KundArt="8" KundStatus="1" KundAufDat="1996-07-30"/>
  <Kunden KundenNr="1111" KundEigtNr="2719" KundArt="8" KundStatus="3" KundAufDat="1996-07-30"/>
  <Kunden KundenNr="1112" KundEigtNr="706" KundArt="8" KundStatus="3" KundAufDat="1996-07-30"/>
  <Kunden KundenNr="1113" KundEigtNr="1003" KundArt="8" KundStatus="3" KundAufDat="1996-07-31"/>
  <Kunden KundenNr="1114" KundEigtNr="3476" KundArt="29" KundStatus="1" KundAufDat="1996-07-31"/>
  <Kunden KundenNr="1115" KundEigtNr="1419" KundArt="29" KundStatus="1" KundAufDat="1996-07-31"/>
  <Kunden KundenNr="1116" KundEigtNr="3209" KundArt="29" KundStatus="1" KundAufDat="1996-07-31"/>
  <Kunden KundenNr="1117" KundEigtNr="1269" KundArt="29" KundStatus="3" KundAufDat="1996-07-31"/>
  <Kunden KundenNr="1118" KundEigtNr="1974" KundArt="29" KundStatus="3" KundAufDat="1996-07-31"/>
  <Kunden KundenNr="1119" KundEigtNr="2285" KundArt="2" KundStatus="3" KundAufDat="1996-07-31"/>
  <Kunden KundenNr="1120" KundEigtNr="1399" KundArt="29" KundStatus="1" KundAufDat="1996-08-01"/>
  <Kunden KundenNr="1121" KundEigtNr="2764" KundArt="8" KundStatus="1" KundAufDat="1996-08-01"/>
  <Kunden KundenNr="1122" KundEigtNr="1059" KundArt="8" KundStatus="3" KundAufDat="1996-08-02"/>
  <Kunden KundenNr="1123" KundEigtNr="1381" KundArt="8" KundStatus="1" KundAufDat="1996-08-02"/>
  <Kunden KundenNr="1124" KundEigtNr="4098" KundArt="8" KundStatus="3" KundAufDat="1996-08-05"/>
  <Kunden KundenNr="1125" KundEigtNr="395" KundArt="8" KundStatus="3" KundAufDat="1996-08-05"/>
  <Kunden KundenNr="1126" KundEigtNr="2534" KundArt="8" KundStatus="3" KundAufDat="1996-08-07"/>
  <Kunden KundenNr="1127" KundEigtNr="4115" KundArt="8" KundStatus="1" KundAufDat="1996-08-07"/>
  <Kunden KundenNr="1128" KundEigtNr="2310" KundArt="8" KundStatus="3" KundAufDat="1996-08-07"/>
  <Kunden KundenNr="1129" KundEigtNr="391" KundArt="8" KundStatus="3" KundAufDat="1996-08-09"/>
  <Kunden KundenNr="1130" KundEigtNr="2364" KundArt="8" KundStatus="3" KundAufDat="1996-08-10"/>
  <Kunden KundenNr="1131" KundEigtNr="342" KundArt="8" KundStatus="3" KundAufDat="1996-08-10"/>
  <Kunden KundenNr="1132" KundEigtNr="2331" KundArt="2" KundStatus="3" KundAufDat="1996-08-10"/>
  <Kunden KundenNr="1133" KundEigtNr="2247" KundArt="8" KundStatus="3" KundAufDat="1996-08-10"/>
  <Kunden KundenNr="1134" KundEigtNr="2298" KundArt="8" KundStatus="3" KundAufDat="1996-08-10"/>
  <Kunden KundenNr="1135" KundEigtNr="370" KundArt="8" KundStatus="3" KundAufDat="1996-08-12"/>
  <Kunden KundenNr="1136" KundEigtNr="1858" KundArt="8" KundStatus="3" KundAufDat="1996-08-12"/>
  <Kunden KundenNr="1137" KundEigtNr="473" KundArt="1" KundStatus="3" KundAufDat="1996-08-12"/>
  <Kunden KundenNr="1138" KundEigtNr="1698" KundArt="8" KundStatus="3" KundAufDat="1996-08-12"/>
  <Kunden KundenNr="1139" KundEigtNr="4135" KundArt="8" KundStatus="3" KundAufDat="1996-08-12"/>
  <Kunden KundenNr="1140" KundEigtNr="2362" KundArt="8" KundStatus="3" KundAufDat="1996-08-12"/>
  <Kunden KundenNr="1141" KundEigtNr="1911" KundArt="8" KundStatus="3" KundAufDat="1996-08-12"/>
  <Kunden KundenNr="1142" KundEigtNr="1049" KundArt="8" KundStatus="3" KundAufDat="1996-08-12"/>
  <Kunden KundenNr="1143" KundEigtNr="144" KundArt="2" KundStatus="3" KundAufDat="1996-08-12"/>
  <Kunden KundenNr="1144" KundEigtNr="2163" KundArt="2" KundStatus="3" KundAufDat="1996-08-12"/>
  <Kunden KundenNr="1145" KundEigtNr="348" KundArt="8" KundStatus="3" KundAufDat="1996-08-12"/>
  <Kunden KundenNr="1146" KundEigtNr="840" KundArt="8" KundStatus="3" KundAufDat="1996-08-12"/>
  <Kunden KundenNr="1147" KundEigtNr="3793" KundArt="8" KundStatus="3" KundAufDat="1996-08-12"/>
  <Kunden KundenNr="1148" KundEigtNr="974" KundArt="8" KundStatus="3" KundAufDat="1996-08-12"/>
  <Kunden KundenNr="1149" KundEigtNr="4011" KundArt="8" KundStatus="1" KundAufDat="1996-08-12"/>
  <Kunden KundenNr="1150" KundEigtNr="1721" KundArt="2" KundStatus="3" KundAufDat="1996-08-12"/>
  <Kunden KundenNr="1151" KundEigtNr="367" KundArt="2" KundStatus="3" KundAufDat="1996-08-12"/>
  <Kunden KundenNr="1152" KundEigtNr="711" KundArt="2" KundStatus="3" KundAufDat="1996-08-12"/>
  <Kunden KundenNr="1153" KundEigtNr="2297" KundArt="17" KundStatus="3" KundAufDat="1996-08-13"/>
  <Kunden KundenNr="1154" KundEigtNr="1351" KundArt="8" KundStatus="3" KundAufDat="1996-08-13"/>
  <Kunden KundenNr="1155" KundEigtNr="1791" KundArt="8" KundStatus="3" KundAufDat="1996-08-13"/>
  <Kunden KundenNr="1156" KundEigtNr="1718" KundArt="8" KundStatus="3" KundAufDat="1996-08-13"/>
  <Kunden KundenNr="1157" KundEigtNr="3653" KundArt="2" KundStatus="1" KundAufDat="1996-08-13"/>
  <Kunden KundenNr="1158" KundEigtNr="2191" KundArt="2" KundStatus="3" KundAufDat="1996-08-13"/>
  <Kunden KundenNr="1159" KundEigtNr="1488" KundArt="29" KundStatus="1" KundAufDat="1996-08-14"/>
  <Kunden KundenNr="1160" KundEigtNr="2577" KundArt="29" KundStatus="1" KundAufDat="1996-08-14"/>
  <Kunden KundenNr="1161" KundEigtNr="3407" KundArt="29" KundStatus="1" KundAufDat="1996-08-14"/>
  <Kunden KundenNr="1162" KundEigtNr="2571" KundArt="8" KundStatus="3" KundAufDat="1996-08-14"/>
  <Kunden KundenNr="1163" KundEigtNr="3412" KundArt="2" KundStatus="3" KundAufDat="1996-08-15"/>
  <Kunden KundenNr="1164" KundEigtNr="1995" KundArt="1" KundStatus="3" KundAufDat="1996-08-15"/>
  <Kunden KundenNr="1165" KundEigtNr="861" KundArt="1" KundStatus="3" KundAufDat="1996-08-15"/>
  <Kunden KundenNr="1166" KundEigtNr="982" KundArt="2" KundStatus="3" KundAufDat="1996-08-15"/>
  <Kunden KundenNr="1167" KundEigtNr="1678" KundArt="8" KundStatus="1" KundAufDat="1996-08-15"/>
  <Kunden KundenNr="1168" KundEigtNr="3037" KundArt="8" KundStatus="3" KundAufDat="1996-08-15"/>
  <Kunden KundenNr="1169" KundEigtNr="852" KundArt="8" KundStatus="3" KundAufDat="1996-08-15"/>
  <Kunden KundenNr="1170" KundEigtNr="2996" KundArt="8" KundStatus="3" KundAufDat="1996-08-15"/>
  <Kunden KundenNr="1171" KundEigtNr="537" KundArt="1" KundStatus="1" KundAufDat="1996-08-16"/>
  <Kunden KundenNr="1172" KundEigtNr="522" KundArt="8" KundStatus="3" KundAufDat="1996-08-16"/>
  <Kunden KundenNr="1173" KundEigtNr="1270" KundArt="1" KundStatus="3" KundAufDat="1996-08-16"/>
  <Kunden KundenNr="1174" KundEigtNr="1281" KundArt="1" KundStatus="1" KundAufDat="1996-08-19"/>
  <Kunden KundenNr="1175" KundEigtNr="3991" KundArt="1" KundStatus="3" KundAufDat="1996-08-19"/>
  <Kunden KundenNr="1176" KundEigtNr="1466" KundArt="1" KundStatus="3" KundAufDat="1996-08-19"/>
  <Kunden KundenNr="1177" KundEigtNr="516" KundArt="29" KundStatus="3" KundAufDat="1996-08-19"/>
  <Kunden KundenNr="1178" KundEigtNr="4023" KundArt="1" KundStatus="3" KundAufDat="1996-08-19"/>
  <Kunden KundenNr="1179" KundEigtNr="1829" KundArt="1" KundStatus="3" KundAufDat="1996-08-19"/>
  <Kunden KundenNr="1180" KundEigtNr="3335" KundArt="1" KundStatus="3" KundAufDat="1996-08-19"/>
  <Kunden KundenNr="1181" KundEigtNr="2705" KundArt="1" KundStatus="1" KundAufDat="1996-08-19"/>
  <Kunden KundenNr="1182" KundEigtNr="349" KundArt="1" KundStatus="3" KundAufDat="1996-08-19"/>
  <Kunden KundenNr="1183" KundEigtNr="695" KundArt="1" KundStatus="1" KundAufDat="1996-08-19"/>
  <Kunden KundenNr="1184" KundEigtNr="3200" KundArt="1" KundStatus="1" KundAufDat="1996-08-19"/>
  <Kunden KundenNr="1185" KundEigtNr="1702" KundArt="1" KundStatus="3" KundAufDat="1996-08-19"/>
  <Kunden KundenNr="1186" KundEigtNr="844" KundArt="29" KundStatus="3" KundAufDat="1996-08-19"/>
  <Kunden KundenNr="1187" KundEigtNr="3062" KundArt="1" KundStatus="3" KundAufDat="1996-08-19"/>
  <Kunden KundenNr="1188" KundEigtNr="956" KundArt="1" KundStatus="1" KundAufDat="1996-08-19"/>
  <Kunden KundenNr="1189" KundEigtNr="1006" KundArt="1" KundStatus="3" KundAufDat="1996-08-19"/>
  <Kunden KundenNr="1190" KundEigtNr="4099" KundArt="1" KundStatus="3" KundAufDat="1996-08-19"/>
  <Kunden KundenNr="1191" KundEigtNr="3963" KundArt="8" KundStatus="3" KundAufDat="1996-08-19"/>
  <Kunden KundenNr="1192" KundEigtNr="1575" KundArt="2" KundStatus="3" KundAufDat="1996-08-19"/>
  <Kunden KundenNr="1193" KundEigtNr="2874" KundArt="1" KundStatus="3" KundAufDat="1996-08-20"/>
  <Kunden KundenNr="1194" KundEigtNr="1794" KundArt="2" KundStatus="3" KundAufDat="1996-08-20"/>
  <Kunden KundenNr="1195" KundEigtNr="3755" KundArt="1" KundStatus="3" KundAufDat="1996-08-20"/>
  <Kunden KundenNr="1196" KundEigtNr="2548" KundArt="1" KundStatus="3" KundAufDat="1996-08-20"/>
  <Kunden KundenNr="1197" KundEigtNr="2040" KundArt="8" KundStatus="3" KundAufDat="1996-08-20"/>
  <Kunden KundenNr="1198" KundEigtNr="3494" KundArt="8" KundStatus="3" KundAufDat="1996-08-20"/>
  <Kunden KundenNr="1199" KundEigtNr="2793" KundArt="1" KundStatus="3" KundAufDat="1996-08-20"/>
  <Kunden KundenNr="1200" KundEigtNr="999" KundArt="1" KundStatus="3" KundAufDat="1996-08-20"/>
  <Kunden KundenNr="1201" KundEigtNr="3400" KundArt="1" KundStatus="3" KundAufDat="1996-08-21"/>
  <Kunden KundenNr="1202" KundEigtNr="1840" KundArt="1" KundStatus="3" KundAufDat="1996-08-21"/>
  <Kunden KundenNr="1203" KundEigtNr="2949" KundArt="1" KundStatus="3" KundAufDat="1996-08-21"/>
  <Kunden KundenNr="1204" KundEigtNr="3673" KundArt="1" KundStatus="3" KundAufDat="1996-08-21"/>
  <Kunden KundenNr="1205" KundEigtNr="1192" KundArt="1" KundStatus="3" KundAufDat="1996-08-21"/>
  <Kunden KundenNr="1206" KundEigtNr="396" KundArt="1" KundStatus="1" KundAufDat="1996-08-22"/>
  <Kunden KundenNr="1207" KundEigtNr="405" KundArt="1" KundStatus="3" KundAufDat="1996-08-22"/>
  <Kunden KundenNr="1208" KundEigtNr="1183" KundArt="1" KundStatus="3" KundAufDat="1996-08-22"/>
  <Kunden KundenNr="1209" KundEigtNr="3310" KundArt="2" KundStatus="3" KundAufDat="1996-08-23"/>
  <Kunden KundenNr="1210" KundEigtNr="3005" KundArt="2" KundStatus="3" KundAufDat="1996-08-23"/>
  <Kunden KundenNr="1211" KundEigtNr="3435" KundArt="2" KundStatus="3" KundAufDat="1996-08-24"/>
  <Kunden KundenNr="1212" KundEigtNr="3213" KundArt="8" KundStatus="3" KundAufDat="1996-08-26"/>
  <Kunden KundenNr="1213" KundEigtNr="1733" KundArt="8" KundStatus="3" KundAufDat="1996-08-26"/>
  <Kunden KundenNr="1214" KundEigtNr="2303" KundArt="8" KundStatus="3" KundAufDat="1996-08-26"/>
  <Kunden KundenNr="1215" KundEigtNr="3594" KundArt="8" KundStatus="3" KundAufDat="1996-08-26"/>
  <Kunden KundenNr="1216" KundEigtNr="2772" KundArt="8" KundStatus="3" KundAufDat="1996-08-26"/>
  <Kunden KundenNr="1217" KundEigtNr="3886" KundArt="8" KundStatus="3" KundAufDat="1996-08-26"/>
  <Kunden KundenNr="1218" KundEigtNr="3803" KundArt="8" KundStatus="3" KundAufDat="1996-08-26"/>
  <Kunden KundenNr="1219" KundEigtNr="4179" KundArt="8" KundStatus="3" KundAufDat="1996-08-26"/>
  <Kunden KundenNr="1220" KundEigtNr="2865" KundArt="8" KundStatus="3" KundAufDat="1996-08-26"/>
  <Kunden KundenNr="1221" KundEigtNr="1561" KundArt="8" KundStatus="3" KundAufDat="1996-08-26"/>
  <Kunden KundenNr="1222" KundEigtNr="4058" KundArt="8" KundStatus="3" KundAufDat="1996-08-26"/>
  <Kunden KundenNr="1223" KundEigtNr="2841" KundArt="8" KundStatus="1" KundAufDat="1996-08-26"/>
  <Kunden KundenNr="1224" KundEigtNr="3723" KundArt="8" KundStatus="1" KundAufDat="1996-08-26"/>
  <Kunden KundenNr="1225" KundEigtNr="1163" KundArt="8" KundStatus="3" KundAufDat="1996-08-26"/>
  <Kunden KundenNr="1226" KundEigtNr="4125" KundArt="8" KundStatus="3" KundAufDat="1996-08-26"/>
  <Kunden KundenNr="1227" KundEigtNr="1992" KundArt="8" KundStatus="3" KundAufDat="1996-08-26"/>
  <Kunden KundenNr="1228" KundEigtNr="2996" KundArt="1" KundStatus="3" KundAufDat="1996-08-26"/>
  <Kunden KundenNr="1229" KundEigtNr="2319" KundArt="1" KundStatus="3" KundAufDat="1996-08-26"/>
  <Kunden KundenNr="1230" KundEigtNr="1318" KundArt="1" KundStatus="3" KundAufDat="1996-08-26"/>
  <Kunden KundenNr="1231" KundEigtNr="1546" KundArt="8" KundStatus="3" KundAufDat="1996-08-27"/>
  <Kunden KundenNr="1232" KundEigtNr="663" KundArt="8" KundStatus="3" KundAufDat="1996-08-27"/>
  <Kunden KundenNr="1233" KundEigtNr="3035" KundArt="2" KundStatus="3" KundAufDat="1996-08-27"/>
  <Kunden KundenNr="1234" KundEigtNr="2732" KundArt="2" KundStatus="3" KundAufDat="1996-08-27"/>
  <Kunden KundenNr="1235" KundEigtNr="832" KundArt="2" KundStatus="3" KundAufDat="1996-08-27"/>
  <Kunden KundenNr="1236" KundEigtNr="4139" KundArt="2" KundStatus="3" KundAufDat="1996-08-27"/>
  <Kunden KundenNr="1237" KundEigtNr="3944" KundArt="2" KundStatus="3" KundAufDat="1996-08-27"/>
  <Kunden KundenNr="1238" KundEigtNr="971" KundArt="2" KundStatus="1" KundAufDat="1996-08-27"/>
  <Kunden KundenNr="1239" KundEigtNr="2314" KundArt="2" KundStatus="3" KundAufDat="1996-08-27"/>
  <Kunden KundenNr="1240" KundEigtNr="3092" KundArt="2" KundStatus="3" KundAufDat="1996-08-27"/>
  <Kunden KundenNr="1241" KundEigtNr="2791" KundArt="2" KundStatus="3" KundAufDat="1996-08-27"/>
  <Kunden KundenNr="1242" KundEigtNr="2261" KundArt="2" KundStatus="3" KundAufDat="1996-08-27"/>
  <Kunden KundenNr="1243" KundEigtNr="3212" KundArt="2" KundStatus="3" KundAufDat="1996-08-27"/>
  <Kunden KundenNr="1244" KundEigtNr="3996" KundArt="2" KundStatus="3" KundAufDat="1996-08-27"/>
  <Kunden KundenNr="1245" KundEigtNr="2985" KundArt="2" KundStatus="3" KundAufDat="1996-08-27"/>
  <Kunden KundenNr="1246" KundEigtNr="2873" KundArt="2" KundStatus="3" KundAufDat="1996-08-27"/>
  <Kunden KundenNr="1247" KundEigtNr="1569" KundArt="2" KundStatus="1" KundAufDat="1996-08-27"/>
  <Kunden KundenNr="1248" KundEigtNr="4145" KundArt="2" KundStatus="3" KundAufDat="1996-08-27"/>
  <Kunden KundenNr="1249" KundEigtNr="3165" KundArt="2" KundStatus="3" KundAufDat="1996-08-27"/>
  <Kunden KundenNr="1250" KundEigtNr="681" KundArt="2" KundStatus="3" KundAufDat="1996-08-27"/>
  <Kunden KundenNr="1251" KundEigtNr="1353" KundArt="2" KundStatus="3" KundAufDat="1996-08-27"/>
  <Kunden KundenNr="1252" KundEigtNr="3173" KundArt="1" KundStatus="3" KundAufDat="1996-08-27"/>
  <Kunden KundenNr="1253" KundEigtNr="3608" KundArt="1" KundStatus="3" KundAufDat="1996-08-27"/>
  <Kunden KundenNr="1254" KundEigtNr="3644" KundArt="8" KundStatus="1" KundAufDat="1996-08-28"/>
  <Kunden KundenNr="1255" KundEigtNr="1851" KundArt="8" KundStatus="3" KundAufDat="1996-08-28"/>
  <Kunden KundenNr="1256" KundEigtNr="792" KundArt="2" KundStatus="3" KundAufDat="1996-08-28"/>
  <Kunden KundenNr="1258" KundEigtNr="3816" KundArt="8" KundStatus="3" KundAufDat="1996-08-28"/>
  <Kunden KundenNr="1259" KundEigtNr="2442" KundArt="1" KundStatus="3" KundAufDat="1996-08-29"/>
  <Kunden KundenNr="1260" KundEigtNr="1790" KundArt="29" KundStatus="1" KundAufDat="1996-08-29"/>
  <Kunden KundenNr="1261" KundEigtNr="2446" KundArt="2" KundStatus="3" KundAufDat="1996-08-30"/>
  <Kunden KundenNr="1262" KundEigtNr="1176" KundArt="2" KundStatus="3" KundAufDat="1996-08-30"/>
  <Kunden KundenNr="1263" KundEigtNr="2836" KundArt="2" KundStatus="3" KundAufDat="1996-08-30"/>
  <Kunden KundenNr="1264" KundEigtNr="940" KundArt="2" KundStatus="3" KundAufDat="1996-08-30"/>
  <Kunden KundenNr="1265" KundEigtNr="3680" KundArt="2" KundStatus="3" KundAufDat="1996-08-30"/>
  <Kunden KundenNr="1266" KundEigtNr="1976" KundArt="2" KundStatus="3" KundAufDat="1996-08-30"/>
  <Kunden KundenNr="1267" KundEigtNr="1463" KundArt="8" KundStatus="3" KundAufDat="1996-08-30"/>
  <Kunden KundenNr="1268" KundEigtNr="2593" KundArt="8" KundStatus="3" KundAufDat="1996-08-30"/>
  <Kunden KundenNr="1269" KundEigtNr="3906" KundArt="8" KundStatus="3" KundAufDat="1996-09-02"/>
  <Kunden KundenNr="1270" KundEigtNr="3592" KundArt="8" KundStatus="3" KundAufDat="1996-09-02"/>
  <Kunden KundenNr="1271" KundEigtNr="404" KundArt="29" KundStatus="3" KundAufDat="1996-09-05"/>
  <Kunden KundenNr="1272" KundEigtNr="913" KundArt="8" KundStatus="3" KundAufDat="1996-09-09"/>
  <Kunden KundenNr="1273" KundEigtNr="2920" KundArt="8" KundStatus="3" KundAufDat="1996-09-09"/>
  <Kunden KundenNr="1274" KundEigtNr="547" KundArt="8" KundStatus="3" KundAufDat="1996-09-09"/>
  <Kunden KundenNr="1275" KundEigtNr="1287" KundArt="8" KundStatus="3" KundAufDat="1996-09-09"/>
  <Kunden KundenNr="1276" KundEigtNr="3348" KundArt="8" KundStatus="3" KundAufDat="1996-09-09"/>
  <Kunden KundenNr="1277" KundEigtNr="3504" KundArt="8" KundStatus="1" KundAufDat="1996-09-09"/>
  <Kunden KundenNr="1278" KundEigtNr="1162" KundArt="8" KundStatus="3" KundAufDat="1996-09-09"/>
  <Kunden KundenNr="1279" KundEigtNr="1534" KundArt="8" KundStatus="3" KundAufDat="1996-09-09"/>
  <Kunden KundenNr="1280" KundEigtNr="1481" KundArt="8" KundStatus="3" KundAufDat="1996-09-09"/>
  <Kunden KundenNr="1281" KundEigtNr="798" KundArt="8" KundStatus="3" KundAufDat="1996-09-09"/>
  <Kunden KundenNr="1282" KundEigtNr="1243" KundArt="8" KundStatus="3" KundAufDat="1996-09-09"/>
  <Kunden KundenNr="1283" KundEigtNr="3170" KundArt="8" KundStatus="3" KundAufDat="1996-09-09"/>
  <Kunden KundenNr="1284" KundEigtNr="2284" KundArt="8" KundStatus="3" KundAufDat="1996-09-09"/>
  <Kunden KundenNr="1285" KundEigtNr="1540" KundArt="8" KundStatus="3" KundAufDat="1996-09-09"/>
  <Kunden KundenNr="1286" KundEigtNr="3379" KundArt="1" KundStatus="1" KundAufDat="1996-09-09"/>
  <Kunden KundenNr="1287" KundEigtNr="823" KundArt="1" KundStatus="1" KundAufDat="1996-09-09"/>
  <Kunden KundenNr="1288" KundEigtNr="1996" KundArt="1" KundStatus="1" KundAufDat="1996-09-09"/>
  <Kunden KundenNr="1289" KundEigtNr="511" KundArt="1" KundStatus="3" KundAufDat="1996-09-09"/>
  <Kunden KundenNr="1290" KundEigtNr="2765" KundArt="1" KundStatus="3" KundAufDat="1996-09-09"/>
  <Kunden KundenNr="1291" KundEigtNr="3985" KundArt="1" KundStatus="1" KundAufDat="1996-09-09"/>
  <Kunden KundenNr="1292" KundEigtNr="3199" KundArt="1" KundStatus="1" KundAufDat="1996-09-11"/>
  <Kunden KundenNr="1293" KundEigtNr="3818" KundArt="1" KundStatus="3" KundAufDat="1996-09-11"/>
  <Kunden KundenNr="1294" KundEigtNr="1444" KundArt="1" KundStatus="3" KundAufDat="1996-09-11"/>
  <Kunden KundenNr="1295" KundEigtNr="3313" KundArt="1" KundStatus="3" KundAufDat="1996-09-11"/>
  <Kunden KundenNr="1296" KundEigtNr="812" KundArt="1" KundStatus="3" KundAufDat="1996-09-11"/>
  <Kunden KundenNr="1297" KundEigtNr="2480" KundArt="1" KundStatus="3" KundAufDat="1996-09-11"/>
  <Kunden KundenNr="1298" KundEigtNr="3328" KundArt="1" KundStatus="3" KundAufDat="1996-09-11"/>
  <Kunden KundenNr="1299" KundEigtNr="2281" KundArt="1" KundStatus="3" KundAufDat="1996-09-11"/>
  <Kunden KundenNr="1300" KundEigtNr="1834" KundArt="1" KundStatus="3" KundAufDat="1996-09-11"/>
  <Kunden KundenNr="1301" KundEigtNr="576" KundArt="1" KundStatus="3" KundAufDat="1996-09-11"/>
  <Kunden KundenNr="1302" KundEigtNr="4041" KundArt="1" KundStatus="3" KundAufDat="1996-09-11"/>
  <Kunden KundenNr="1303" KundEigtNr="1345" KundArt="8" KundStatus="3" KundAufDat="1996-09-11"/>
  <Kunden KundenNr="1304" KundEigtNr="3128" KundArt="8" KundStatus="3" KundAufDat="1996-09-11"/>
  <Kunden KundenNr="1305" KundEigtNr="1309" KundArt="8" KundStatus="3" KundAufDat="1996-09-11"/>
  <Kunden KundenNr="1306" KundEigtNr="3418" KundArt="2" KundStatus="3" KundAufDat="1996-09-11"/>
  <Kunden KundenNr="1307" KundEigtNr="596" KundArt="2" KundStatus="3" KundAufDat="1996-09-11"/>
  <Kunden KundenNr="1308" KundEigtNr="2365" KundArt="8" KundStatus="3" KundAufDat="1996-09-11"/>
  <Kunden KundenNr="1309" KundEigtNr="3755" KundArt="8" KundStatus="3" KundAufDat="1996-09-11"/>
  <Kunden KundenNr="1310" KundEigtNr="1885" KundArt="8" KundStatus="3" KundAufDat="1996-09-11"/>
  <Kunden KundenNr="1311" KundEigtNr="1454" KundArt="8" KundStatus="3" KundAufDat="1996-09-11"/>
  <Kunden KundenNr="1312" KundEigtNr="2750" KundArt="8" KundStatus="3" KundAufDat="1996-09-11"/>
  <Kunden KundenNr="1313" KundEigtNr="3369" KundArt="8" KundStatus="1" KundAufDat="1996-09-11"/>
  <Kunden KundenNr="1314" KundEigtNr="888" KundArt="8" KundStatus="3" KundAufDat="1996-09-11"/>
  <Kunden KundenNr="1315" KundEigtNr="719" KundArt="8" KundStatus="1" KundAufDat="1996-09-11"/>
  <Kunden KundenNr="1316" KundEigtNr="1400" KundArt="8" KundStatus="3" KundAufDat="1996-09-11"/>
  <Kunden KundenNr="1317" KundEigtNr="688" KundArt="2" KundStatus="3" KundAufDat="1996-09-11"/>
  <Kunden KundenNr="1318" KundEigtNr="823" KundArt="1" KundStatus="3" KundAufDat="1996-09-11"/>
  <Kunden KundenNr="1319" KundEigtNr="1319" KundArt="8" KundStatus="3" KundAufDat="1996-09-11"/>
  <Kunden KundenNr="1320" KundEigtNr="942" KundArt="8" KundStatus="3" KundAufDat="1996-09-11"/>
  <Kunden KundenNr="1321" KundEigtNr="576" KundArt="8" KundStatus="3" KundAufDat="1996-09-11"/>
  <Kunden KundenNr="1322" KundEigtNr="4140" KundArt="1" KundStatus="3" KundAufDat="1996-09-11"/>
  <Kunden KundenNr="1323" KundEigtNr="3888" KundArt="1" KundStatus="3" KundAufDat="1996-09-11"/>
  <Kunden KundenNr="1324" KundEigtNr="2917" KundArt="1" KundStatus="3" KundAufDat="1996-09-11"/>
  <Kunden KundenNr="1325" KundEigtNr="1461" KundArt="1" KundStatus="1" KundAufDat="1996-09-11"/>
  <Kunden KundenNr="1326" KundEigtNr="934" KundArt="1" KundStatus="1" KundAufDat="1996-09-11"/>
  <Kunden KundenNr="1327" KundEigtNr="671" KundArt="1" KundStatus="3" KundAufDat="1996-09-11"/>
  <Kunden KundenNr="1328" KundEigtNr="151" KundArt="1" KundStatus="3" KundAufDat="1996-09-11"/>
  <Kunden KundenNr="1329" KundEigtNr="2060" KundArt="1" KundStatus="3" KundAufDat="1996-09-11"/>
  <Kunden KundenNr="1330" KundEigtNr="2778" KundArt="1" KundStatus="3" KundAufDat="1996-09-12"/>
  <Kunden KundenNr="1331" KundEigtNr="3234" KundArt="1" KundStatus="3" KundAufDat="1996-09-12"/>
  <Kunden KundenNr="1332" KundEigtNr="3523" KundArt="1" KundStatus="3" KundAufDat="1996-09-12"/>
  <Kunden KundenNr="1333" KundEigtNr="1688" KundArt="1" KundStatus="1" KundAufDat="1996-09-13"/>
  <Kunden KundenNr="1334" KundEigtNr="3287" KundArt="8" KundStatus="3" KundAufDat="1996-09-13"/>
  <Kunden KundenNr="1335" KundEigtNr="1190" KundArt="8" KundStatus="3" KundAufDat="1996-09-13"/>
  <Kunden KundenNr="1336" KundEigtNr="3945" KundArt="1" KundStatus="3" KundAufDat="1996-09-16"/>
  <Kunden KundenNr="1337" KundEigtNr="1767" KundArt="1" KundStatus="3" KundAufDat="1996-09-17"/>
  <Kunden KundenNr="1338" KundEigtNr="3921" KundArt="1" KundStatus="3" KundAufDat="1996-09-17"/>
  <Kunden KundenNr="1339" KundEigtNr="2164" KundArt="1" KundStatus="3" KundAufDat="1996-09-17"/>
  <Kunden KundenNr="1340" KundEigtNr="465" KundArt="1" KundStatus="1" KundAufDat="1996-09-17"/>
  <Kunden KundenNr="1341" KundEigtNr="3741" KundArt="1" KundStatus="1" KundAufDat="1996-09-17"/>
  <Kunden KundenNr="1342" KundEigtNr="3087" KundArt="1" KundStatus="3" KundAufDat="1996-09-17"/>
  <Kunden KundenNr="1343" KundEigtNr="3349" KundArt="8" KundStatus="3" KundAufDat="1996-09-17"/>
  <Kunden KundenNr="1344" KundEigtNr="3762" KundArt="8" KundStatus="1" KundAufDat="1996-09-17"/>
  <Kunden KundenNr="1345" KundEigtNr="1055" KundArt="1" KundStatus="1" KundAufDat="1996-09-17"/>
  <Kunden KundenNr="1346" KundEigtNr="306" KundArt="8" KundStatus="1" KundAufDat="1996-09-17"/>
  <Kunden KundenNr="1347" KundEigtNr="3144" KundArt="1" KundStatus="1" KundAufDat="1996-09-17"/>
  <Kunden KundenNr="1348" KundEigtNr="3751" KundArt="8" KundStatus="1" KundAufDat="1996-09-17"/>
  <Kunden KundenNr="1349" KundEigtNr="2688" KundArt="1" KundStatus="3" KundAufDat="1996-09-18"/>
  <Kunden KundenNr="1350" KundEigtNr="2472" KundArt="8" KundStatus="3" KundAufDat="1996-09-18"/>
  <Kunden KundenNr="1351" KundEigtNr="1795" KundArt="8" KundStatus="3" KundAufDat="1996-09-18"/>
  <Kunden KundenNr="1352" KundEigtNr="1502" KundArt="1" KundStatus="1" KundAufDat="1996-09-18"/>
  <Kunden KundenNr="1353" KundEigtNr="2473" KundArt="8" KundStatus="3" KundAufDat="1996-09-18"/>
  <Kunden KundenNr="1354" KundEigtNr="2984" KundArt="8" KundStatus="3" KundAufDat="1996-09-19"/>
  <Kunden KundenNr="1355" KundEigtNr="1816" KundArt="8" KundStatus="3" KundAufDat="1996-09-19"/>
  <Kunden KundenNr="1356" KundEigtNr="3438" KundArt="8" KundStatus="3" KundAufDat="1996-09-19"/>
  <Kunden KundenNr="1357" KundEigtNr="3777" KundArt="8" KundStatus="3" KundAufDat="1996-09-19"/>
  <Kunden KundenNr="1358" KundEigtNr="1277" KundArt="1" KundStatus="3" KundAufDat="1996-09-19"/>
  <Kunden KundenNr="1359" KundEigtNr="3581" KundArt="1" KundStatus="3" KundAufDat="1996-09-19"/>
  <Kunden KundenNr="1360" KundEigtNr="1195" KundArt="1" KundStatus="3" KundAufDat="1996-09-19"/>
  <Kunden KundenNr="1361" KundEigtNr="2229" KundArt="8" KundStatus="3" KundAufDat="1996-09-19"/>
  <Kunden KundenNr="1362" KundEigtNr="1779" KundArt="8" KundStatus="3" KundAufDat="1996-09-19"/>
  <Kunden KundenNr="1363" KundEigtNr="591" KundArt="8" KundStatus="3" KundAufDat="1996-09-19"/>
  <Kunden KundenNr="1364" KundEigtNr="3555" KundArt="8" KundStatus="1" KundAufDat="1996-09-20"/>
  <Kunden KundenNr="1365" KundEigtNr="701" KundArt="8" KundStatus="1" KundAufDat="1996-09-21"/>
  <Kunden KundenNr="1366" KundEigtNr="1874" KundArt="2" KundStatus="3" KundAufDat="1996-09-21"/>
  <Kunden KundenNr="1367" KundEigtNr="1155" KundArt="8" KundStatus="3" KundAufDat="1996-09-23"/>
  <Kunden KundenNr="1368" KundEigtNr="957" KundArt="8" KundStatus="3" KundAufDat="1996-09-23"/>
  <Kunden KundenNr="1369" KundEigtNr="2474" KundArt="8" KundStatus="3" KundAufDat="1996-09-23"/>
  <Kunden KundenNr="1370" KundEigtNr="1226" KundArt="8" KundStatus="1" KundAufDat="1996-09-23"/>
  <Kunden KundenNr="1371" KundEigtNr="926" KundArt="8" KundStatus="1" KundAufDat="1996-09-24"/>
  <Kunden KundenNr="1372" KundEigtNr="3502" KundArt="1" KundStatus="3" KundAufDat="1996-09-24"/>
  <Kunden KundenNr="1374" KundEigtNr="2651" KundArt="1" KundStatus="3" KundAufDat="1996-09-24"/>
  <Kunden KundenNr="1375" KundEigtNr="1056" KundArt="1" KundStatus="3" KundAufDat="1996-09-24"/>
  <Kunden KundenNr="1376" KundEigtNr="3612" KundArt="2" KundStatus="3" KundAufDat="1996-09-25"/>
  <Kunden KundenNr="1377" KundEigtNr="1644" KundArt="2" KundStatus="3" KundAufDat="1996-09-25"/>
  <Kunden KundenNr="1378" KundEigtNr="2339" KundArt="1" KundStatus="3" KundAufDat="1996-09-25"/>
  <Kunden KundenNr="1379" KundEigtNr="1740" KundArt="1" KundStatus="1" KundAufDat="1996-09-26"/>
  <Kunden KundenNr="1380" KundEigtNr="1319" KundArt="1" KundStatus="3" KundAufDat="1996-09-27"/>
  <Kunden KundenNr="1381" KundEigtNr="3233" KundArt="1" KundStatus="1" KundAufDat="1996-09-27"/>
  <Kunden KundenNr="1382" KundEigtNr="2246" KundArt="1" KundStatus="3" KundAufDat="1996-09-27"/>
  <Kunden KundenNr="1383" KundEigtNr="3034" KundArt="2" KundStatus="3" KundAufDat="1996-09-30"/>
  <Kunden KundenNr="1384" KundEigtNr="1116" KundArt="2" KundStatus="3" KundAufDat="1996-09-30"/>
  <Kunden KundenNr="1385" KundEigtNr="340" KundArt="1" KundStatus="1" KundAufDat="1996-09-30"/>
  <Kunden KundenNr="1386" KundEigtNr="4110" KundArt="1" KundStatus="3" KundAufDat="1996-10-01"/>
  <Kunden KundenNr="1387" KundEigtNr="2760" KundArt="1" KundStatus="3" KundAufDat="1996-10-01"/>
  <Kunden KundenNr="1388" KundEigtNr="829" KundArt="8" KundStatus="1" KundAufDat="1996-10-01"/>
  <Kunden KundenNr="1389" KundEigtNr="1036" KundArt="8" KundStatus="1" KundAufDat="1996-10-01"/>
  <Kunden KundenNr="1390" KundEigtNr="3734" KundArt="8" KundStatus="3" KundAufDat="1996-10-01"/>
  <Kunden KundenNr="1391" KundEigtNr="73" KundArt="2" KundStatus="3" KundAufDat="1996-10-01"/>
  <Kunden KundenNr="1392" KundEigtNr="1370" KundArt="8" KundStatus="1" KundAufDat="1996-10-01"/>
  <Kunden KundenNr="1393" KundEigtNr="1852" KundArt="8" KundStatus="3" KundAufDat="1996-10-02"/>
  <Kunden KundenNr="1394" KundEigtNr="1658" KundArt="8" KundStatus="1" KundAufDat="1996-10-02"/>
  <Kunden KundenNr="1395" KundEigtNr="1482" KundArt="8" KundStatus="3" KundAufDat="1996-10-02"/>
  <Kunden KundenNr="1396" KundEigtNr="1335" KundArt="8" KundStatus="1" KundAufDat="1996-10-02"/>
  <Kunden KundenNr="1397" KundEigtNr="1436" KundArt="8" KundStatus="3" KundAufDat="1996-10-02"/>
  <Kunden KundenNr="1398" KundEigtNr="2684" KundArt="8" KundStatus="3" KundAufDat="1996-10-02"/>
  <Kunden KundenNr="1399" KundEigtNr="3582" KundArt="8" KundStatus="3" KundAufDat="1996-10-02"/>
  <Kunden KundenNr="1400" KundEigtNr="523" KundArt="8" KundStatus="3" KundAufDat="1996-10-02"/>
  <Kunden KundenNr="1401" KundEigtNr="2097" KundArt="8" KundStatus="3" KundAufDat="1996-10-02"/>
  <Kunden KundenNr="1402" KundEigtNr="3851" KundArt="8" KundStatus="3" KundAufDat="1996-10-02"/>
  <Kunden KundenNr="1403" KundEigtNr="3489" KundArt="8" KundStatus="3" KundAufDat="1996-10-02"/>
  <Kunden KundenNr="1404" KundEigtNr="1841" KundArt="8" KundStatus="3" KundAufDat="1996-10-02"/>
  <Kunden KundenNr="1405" KundEigtNr="440" KundArt="8" KundStatus="3" KundAufDat="1996-10-02"/>
  <Kunden KundenNr="1406" KundEigtNr="3086" KundArt="8" KundStatus="3" KundAufDat="1996-10-02"/>
  <Kunden KundenNr="1407" KundEigtNr="1853" KundArt="8" KundStatus="3" KundAufDat="1996-10-02"/>
  <Kunden KundenNr="1408" KundEigtNr="3278" KundArt="8" KundStatus="3" KundAufDat="1996-10-02"/>
  <Kunden KundenNr="1409" KundEigtNr="3393" KundArt="8" KundStatus="3" KundAufDat="1996-10-02"/>
  <Kunden KundenNr="1410" KundEigtNr="2716" KundArt="8" KundStatus="3" KundAufDat="1996-10-02"/>
  <Kunden KundenNr="1411" KundEigtNr="397" KundArt="8" KundStatus="3" KundAufDat="1996-10-02"/>
  <Kunden KundenNr="1412" KundEigtNr="1405" KundArt="8" KundStatus="3" KundAufDat="1996-10-02"/>
  <Kunden KundenNr="1413" KundEigtNr="2267" KundArt="8" KundStatus="3" KundAufDat="1996-10-02"/>
  <Kunden KundenNr="1414" KundEigtNr="1643" KundArt="8" KundStatus="3" KundAufDat="1996-10-02"/>
  <Kunden KundenNr="1415" KundEigtNr="1516" KundArt="1" KundStatus="3" KundAufDat="1996-10-02"/>
  <Kunden KundenNr="1416" KundEigtNr="2059" KundArt="2" KundStatus="3" KundAufDat="1996-10-02"/>
  <Kunden KundenNr="1417" KundEigtNr="652" KundArt="2" KundStatus="3" KundAufDat="1996-10-02"/>
  <Kunden KundenNr="1418" KundEigtNr="1004" KundArt="1" KundStatus="3" KundAufDat="1996-10-02"/>
  <Kunden KundenNr="1419" KundEigtNr="3590" KundArt="2" KundStatus="3" KundAufDat="1996-10-02"/>
  <Kunden KundenNr="1420" KundEigtNr="807" KundArt="1" KundStatus="1" KundAufDat="1996-10-02"/>
  <Kunden KundenNr="1421" KundEigtNr="3096" KundArt="1" KundStatus="3" KundAufDat="1996-10-02"/>
  <Kunden KundenNr="1422" KundEigtNr="1879" KundArt="17" KundStatus="3" KundAufDat="1996-10-04"/>
  <Kunden KundenNr="1423" KundEigtNr="729" KundArt="1" KundStatus="3" KundAufDat="1996-10-04"/>
  <Kunden KundenNr="1424" KundEigtNr="761" KundArt="1" KundStatus="3" KundAufDat="1996-10-04"/>
  <Kunden KundenNr="1425" KundEigtNr="1871" KundArt="2" KundStatus="3" KundAufDat="1996-10-04"/>
  <Kunden KundenNr="1426" KundEigtNr="3639" KundArt="2" KundStatus="3" KundAufDat="1996-10-04"/>
  <Kunden KundenNr="1427" KundEigtNr="2255" KundArt="2" KundStatus="3" KundAufDat="1996-10-07"/>
  <Kunden KundenNr="1428" KundEigtNr="841" KundArt="2" KundStatus="3" KundAufDat="1996-10-08"/>
  <Kunden KundenNr="1429" KundEigtNr="1710" KundArt="8" KundStatus="3" KundAufDat="1996-10-08"/>
  <Kunden KundenNr="1430" KundEigtNr="680" KundArt="8" KundStatus="3" KundAufDat="1996-10-08"/>
  <Kunden KundenNr="1431" KundEigtNr="4192" KundArt="8" KundStatus="3" KundAufDat="1996-10-08"/>
  <Kunden KundenNr="1432" KundEigtNr="421" KundArt="8" KundStatus="3" KundAufDat="1996-10-08"/>
  <Kunden KundenNr="1433" KundEigtNr="1912" KundArt="8" KundStatus="3" KundAufDat="1996-10-08"/>
  <Kunden KundenNr="1434" KundEigtNr="1079" KundArt="8" KundStatus="3" KundAufDat="1996-10-08"/>
  <Kunden KundenNr="1435" KundEigtNr="3258" KundArt="16" KundStatus="3" KundAufDat="1996-10-08"/>
  <Kunden KundenNr="1436" KundEigtNr="3282" KundArt="8" KundStatus="3" KundAufDat="1996-10-08"/>
  <Kunden KundenNr="1437" KundEigtNr="1906" KundArt="8" KundStatus="3" KundAufDat="1996-10-09"/>
  <Kunden KundenNr="1438" KundEigtNr="4046" KundArt="8" KundStatus="3" KundAufDat="1996-10-09"/>
  <Kunden KundenNr="1439" KundEigtNr="3718" KundArt="8" KundStatus="3" KundAufDat="1996-10-09"/>
  <Kunden KundenNr="1440" KundEigtNr="1817" KundArt="8" KundStatus="3" KundAufDat="1996-10-09"/>
  <Kunden KundenNr="1441" KundEigtNr="3158" KundArt="1" KundStatus="3" KundAufDat="1996-10-10"/>
  <Kunden KundenNr="1442" KundEigtNr="3853" KundArt="8" KundStatus="3" KundAufDat="1996-10-10"/>
  <Kunden KundenNr="1443" KundEigtNr="1796" KundArt="8" KundStatus="3" KundAufDat="1996-10-10"/>
  <Kunden KundenNr="1444" KundEigtNr="3389" KundArt="8" KundStatus="3" KundAufDat="1996-10-10"/>
  <Kunden KundenNr="1445" KundEigtNr="4082" KundArt="1" KundStatus="3" KundAufDat="1996-10-10"/>
  <Kunden KundenNr="1446" KundEigtNr="1214" KundArt="1" KundStatus="3" KundAufDat="1996-10-10"/>
  <Kunden KundenNr="1447" KundEigtNr="2372" KundArt="1" KundStatus="1" KundAufDat="1996-10-10"/>
  <Kunden KundenNr="1448" KundEigtNr="22" KundArt="1" KundStatus="3" KundAufDat="1996-10-10"/>
  <Kunden KundenNr="1449" KundEigtNr="1422" KundArt="5" KundStatus="3" KundAufDat="1996-10-10"/>
  <Kunden KundenNr="1450" KundEigtNr="1413" KundArt="1" KundStatus="3" KundAufDat="1996-10-11"/>
  <Kunden KundenNr="1451" KundEigtNr="1913" KundArt="1" KundStatus="1" KundAufDat="1996-10-11"/>
  <Kunden KundenNr="1452" KundEigtNr="1520" KundArt="1" KundStatus="3" KundAufDat="1996-10-14"/>
  <Kunden KundenNr="1453" KundEigtNr="456" KundArt="2" KundStatus="3" KundAufDat="1996-10-14"/>
  <Kunden KundenNr="1454" KundEigtNr="1423" KundArt="5" KundStatus="3" KundAufDat="1996-10-14"/>
  <Kunden KundenNr="1455" KundEigtNr="1424" KundArt="5" KundStatus="3" KundAufDat="1996-10-14"/>
  <Kunden KundenNr="1456" KundEigtNr="769" KundArt="1" KundStatus="3" KundAufDat="1996-10-15"/>
  <Kunden KundenNr="1457" KundEigtNr="2055" KundArt="8" KundStatus="3" KundAufDat="1996-10-15"/>
  <Kunden KundenNr="1458" KundEigtNr="2431" KundArt="8" KundStatus="3" KundAufDat="1996-10-15"/>
  <Kunden KundenNr="1459" KundEigtNr="3899" KundArt="8" KundStatus="3" KundAufDat="1996-10-15"/>
  <Kunden KundenNr="1460" KundEigtNr="2643" KundArt="8" KundStatus="3" KundAufDat="1996-10-16"/>
  <Kunden KundenNr="1461" KundEigtNr="808" KundArt="8" KundStatus="3" KundAufDat="1996-10-16"/>
  <Kunden KundenNr="1462" KundEigtNr="2697" KundArt="1" KundStatus="1" KundAufDat="1996-10-16"/>
  <Kunden KundenNr="1463" KundEigtNr="1425" KundArt="5" KundStatus="3" KundAufDat="1996-10-16"/>
  <Kunden KundenNr="1464" KundEigtNr="3380" KundArt="2" KundStatus="3" KundAufDat="1996-10-16"/>
  <Kunden KundenNr="1465" KundEigtNr="2837" KundArt="2" KundStatus="3" KundAufDat="1996-10-17"/>
  <Kunden KundenNr="1466" KundEigtNr="3246" KundArt="8" KundStatus="3" KundAufDat="1996-10-19"/>
  <Kunden KundenNr="1467" KundEigtNr="3261" KundArt="8" KundStatus="3" KundAufDat="1996-10-21"/>
  <Kunden KundenNr="1468" KundEigtNr="3451" KundArt="1" KundStatus="1" KundAufDat="1996-10-22"/>
  <Kunden KundenNr="1469" KundEigtNr="793" KundArt="8" KundStatus="3" KundAufDat="1996-10-23"/>
  <Kunden KundenNr="1470" KundEigtNr="2838" KundArt="8" KundStatus="3" KundAufDat="1996-10-23"/>
  <Kunden KundenNr="1471" KundEigtNr="3250" KundArt="1" KundStatus="3" KundAufDat="1996-10-24"/>
  <Kunden KundenNr="1472" KundEigtNr="4103" KundArt="2" KundStatus="3" KundAufDat="1996-10-24"/>
  <Kunden KundenNr="1473" KundEigtNr="3841" KundArt="2" KundStatus="3" KundAufDat="1996-10-25"/>
  <Kunden KundenNr="1474" KundEigtNr="3709" KundArt="16" KundStatus="1" KundAufDat="1996-10-26"/>
  <Kunden KundenNr="1475" KundEigtNr="2054" KundArt="1" KundStatus="3" KundAufDat="1996-10-26"/>
  <Kunden KundenNr="1476" KundEigtNr="659" KundArt="1" KundStatus="3" KundAufDat="1996-10-26"/>
  <Kunden KundenNr="1477" KundEigtNr="3666" KundArt="1" KundStatus="3" KundAufDat="1996-10-26"/>
  <Kunden KundenNr="1478" KundEigtNr="1489" KundArt="1" KundStatus="1" KundAufDat="1996-10-28"/>
  <Kunden KundenNr="1479" KundEigtNr="1711" KundArt="8" KundStatus="3" KundAufDat="1996-10-28"/>
  <Kunden KundenNr="1480" KundEigtNr="2695" KundArt="8" KundStatus="3" KundAufDat="1996-10-29"/>
  <Kunden KundenNr="1481" KundEigtNr="435" KundArt="1" KundStatus="3" KundAufDat="1996-10-29"/>
  <Kunden KundenNr="1482" KundEigtNr="3385" KundArt="1" KundStatus="3" KundAufDat="1996-10-29"/>
  <Kunden KundenNr="1483" KundEigtNr="1483" KundArt="2" KundStatus="3" KundAufDat="1996-10-29"/>
  <Kunden KundenNr="1484" KundEigtNr="3439" KundArt="8" KundStatus="3" KundAufDat="1996-10-29"/>
  <Kunden KundenNr="1485" KundEigtNr="1666" KundArt="2" KundStatus="3" KundAufDat="1996-10-30"/>
  <Kunden KundenNr="1486" KundEigtNr="1372" KundArt="2" KundStatus="3" KundAufDat="1996-10-31"/>
  <Kunden KundenNr="1487" KundEigtNr="3004" KundArt="2" KundStatus="3" KundAufDat="1996-10-31"/>
  <Kunden KundenNr="1488" KundEigtNr="2386" KundArt="2" KundStatus="3" KundAufDat="1996-10-31"/>
  <Kunden KundenNr="1489" KundEigtNr="3041" KundArt="2" KundStatus="3" KundAufDat="1996-10-31"/>
  <Kunden KundenNr="1490" KundEigtNr="1196" KundArt="1" KundStatus="3" KundAufDat="1996-10-31"/>
  <Kunden KundenNr="1491" KundEigtNr="2918" KundArt="2" KundStatus="3" KundAufDat="1996-10-31"/>
  <Kunden KundenNr="1492" KundEigtNr="2531" KundArt="2" KundStatus="3" KundAufDat="1996-10-31"/>
  <Kunden KundenNr="1493" KundEigtNr="4186" KundArt="1" KundStatus="3" KundAufDat="1996-11-01"/>
  <Kunden KundenNr="1494" KundEigtNr="3842" KundArt="1" KundStatus="3" KundAufDat="1996-11-01"/>
  <Kunden KundenNr="1495" KundEigtNr="1542" KundArt="29" KundStatus="1" KundAufDat="1996-11-01"/>
  <Kunden KundenNr="1496" KundEigtNr="1613" KundArt="8" KundStatus="1" KundAufDat="1996-11-02"/>
  <Kunden KundenNr="1497" KundEigtNr="1601" KundArt="8" KundStatus="1" KundAufDat="1996-11-02"/>
  <Kunden KundenNr="1498" KundEigtNr="651" KundArt="1" KundStatus="3" KundAufDat="1996-11-04"/>
  <Kunden KundenNr="1499" KundEigtNr="1120" KundArt="1" KundStatus="1" KundAufDat="1996-11-04"/>
  <Kunden KundenNr="1500" KundEigtNr="700" KundArt="8" KundStatus="3" KundAufDat="1996-11-04"/>
  <Kunden KundenNr="1501" KundEigtNr="3729" KundArt="8" KundStatus="3" KundAufDat="1996-11-04"/>
  <Kunden KundenNr="1502" KundEigtNr="2192" KundArt="8" KundStatus="3" KundAufDat="1996-11-04"/>
  <Kunden KundenNr="1503" KundEigtNr="465" KundArt="1" KundStatus="3" KundAufDat="1996-11-04"/>
  <Kunden KundenNr="1504" KundEigtNr="1576" KundArt="1" KundStatus="3" KundAufDat="1996-11-05"/>
  <Kunden KundenNr="1505" KundEigtNr="1905" KundArt="2" KundStatus="3" KundAufDat="1996-11-05"/>
  <Kunden KundenNr="1506" KundEigtNr="335" KundArt="1" KundStatus="3" KundAufDat="1996-11-05"/>
  <Kunden KundenNr="1507" KundEigtNr="3303" KundArt="8" KundStatus="3" KundAufDat="1996-11-05"/>
  <Kunden KundenNr="1508" KundEigtNr="540" KundArt="1" KundStatus="3" KundAufDat="1996-11-05"/>
  <Kunden KundenNr="1509" KundEigtNr="3622" KundArt="8" KundStatus="3" KundAufDat="1996-11-05"/>
  <Kunden KundenNr="1510" KundEigtNr="947" KundArt="8" KundStatus="3" KundAufDat="1996-11-05"/>
  <Kunden KundenNr="1511" KundEigtNr="3922" KundArt="1" KundStatus="3" KundAufDat="1996-11-06"/>
  <Kunden KundenNr="1512" KundEigtNr="1500" KundArt="8" KundStatus="3" KundAufDat="1996-11-06"/>
  <Kunden KundenNr="1513" KundEigtNr="2912" KundArt="8" KundStatus="3" KundAufDat="1996-11-06"/>
  <Kunden KundenNr="1514" KundEigtNr="4166" KundArt="8" KundStatus="3" KundAufDat="1996-11-07"/>
  <Kunden KundenNr="1515" KundEigtNr="3052" KundArt="1" KundStatus="3" KundAufDat="1996-11-11"/>
  <Kunden KundenNr="1516" KundEigtNr="745" KundArt="8" KundStatus="3" KundAufDat="1996-11-11"/>
  <Kunden KundenNr="1517" KundEigtNr="1870" KundArt="2" KundStatus="3" KundAufDat="1996-11-11"/>
  <Kunden KundenNr="1518" KundEigtNr="682" KundArt="2" KundStatus="3" KundAufDat="1996-11-11"/>
  <Kunden KundenNr="1519" KundEigtNr="2252" KundArt="2" KundStatus="3" KundAufDat="1996-11-11"/>
  <Kunden KundenNr="1520" KundEigtNr="1878" KundArt="2" KundStatus="3" KundAufDat="1996-11-11"/>
  <Kunden KundenNr="1521" KundEigtNr="1484" KundArt="2" KundStatus="3" KundAufDat="1996-11-12"/>
  <Kunden KundenNr="1522" KundEigtNr="2347" KundArt="2" KundStatus="3" KundAufDat="1996-11-12"/>
  <Kunden KundenNr="1523" KundEigtNr="3284" KundArt="8" KundStatus="3" KundAufDat="1996-11-12"/>
  <Kunden KundenNr="1524" KundEigtNr="3651" KundArt="2" KundStatus="3" KundAufDat="1996-11-12"/>
  <Kunden KundenNr="1525" KundEigtNr="674" KundArt="8" KundStatus="3" KundAufDat="1996-11-12"/>
  <Kunden KundenNr="1526" KundEigtNr="1875" KundArt="8" KundStatus="3" KundAufDat="1996-11-12"/>
  <Kunden KundenNr="1527" KundEigtNr="4047" KundArt="2" KundStatus="3" KundAufDat="1996-11-13"/>
  <Kunden KundenNr="1528" KundEigtNr="3055" KundArt="2" KundStatus="3" KundAufDat="1996-11-13"/>
  <Kunden KundenNr="1529" KundEigtNr="1845" KundArt="1" KundStatus="3" KundAufDat="1996-11-14"/>
  <Kunden KundenNr="1530" KundEigtNr="3754" KundArt="2" KundStatus="3" KundAufDat="1996-11-15"/>
  <Kunden KundenNr="1531" KundEigtNr="3156" KundArt="1" KundStatus="1" KundAufDat="1996-11-15"/>
  <Kunden KundenNr="1532" KundEigtNr="3130" KundArt="8" KundStatus="3" KundAufDat="1996-11-15"/>
  <Kunden KundenNr="1533" KundEigtNr="4136" KundArt="1" KundStatus="3" KundAufDat="1996-11-18"/>
  <Kunden KundenNr="1534" KundEigtNr="474" KundArt="2" KundStatus="3" KundAufDat="1996-11-18"/>
  <Kunden KundenNr="1535" KundEigtNr="1719" KundArt="1" KundStatus="3" KundAufDat="1996-11-18"/>
  <Kunden KundenNr="1536" KundEigtNr="2527" KundArt="2" KundStatus="3" KundAufDat="1996-11-19"/>
  <Kunden KundenNr="1537" KundEigtNr="2089" KundArt="8" KundStatus="1" KundAufDat="1996-11-19"/>
  <Kunden KundenNr="1538" KundEigtNr="3417" KundArt="8" KundStatus="3" KundAufDat="1996-11-19"/>
  <Kunden KundenNr="1539" KundEigtNr="2466" KundArt="2" KundStatus="3" KundAufDat="1996-11-19"/>
  <Kunden KundenNr="1540" KundEigtNr="1672" KundArt="1" KundStatus="3" KundAufDat="1996-11-20"/>
  <Kunden KundenNr="1541" KundEigtNr="3452" KundArt="8" KundStatus="3" KundAufDat="1996-11-20"/>
  <Kunden KundenNr="1542" KundEigtNr="922" KundArt="8" KundStatus="3" KundAufDat="1996-11-21"/>
  <Kunden KundenNr="1543" KundEigtNr="2293" KundArt="29" KundStatus="1" KundAufDat="1996-11-21"/>
  <Kunden KundenNr="1544" KundEigtNr="2262" KundArt="3" KundStatus="3" KundAufDat="1996-11-21"/>
  <Kunden KundenNr="1545" KundEigtNr="3728" KundArt="29" KundStatus="1" KundAufDat="1996-11-21"/>
  <Kunden KundenNr="1546" KundEigtNr="742" KundArt="3" KundStatus="3" KundAufDat="1996-11-22"/>
  <Kunden KundenNr="1547" KundEigtNr="6833" KundArt="3" KundStatus="3" KundAufDat="1996-11-22"/>
  <Kunden KundenNr="1548" KundEigtNr="3401" KundArt="8" KundStatus="3" KundAufDat="1996-11-22"/>
  <Kunden KundenNr="1549" KundEigtNr="1098" KundArt="3" KundStatus="3" KundAufDat="1996-11-22"/>
  <Kunden KundenNr="1550" KundEigtNr="862" KundArt="2" KundStatus="1" KundAufDat="1996-11-22"/>
  <Kunden KundenNr="1551" KundEigtNr="1321" KundArt="16" KundStatus="3" KundAufDat="1996-11-23"/>
  <Kunden KundenNr="1552" KundEigtNr="223" KundArt="16" KundStatus="3" KundAufDat="1996-11-23"/>
  <Kunden KundenNr="1553" KundEigtNr="1327" KundArt="16" KundStatus="3" KundAufDat="1996-11-23"/>
  <Kunden KundenNr="1554" KundEigtNr="1323" KundArt="16" KundStatus="3" KundAufDat="1996-11-23"/>
  <Kunden KundenNr="1555" KundEigtNr="2678" KundArt="16" KundStatus="3" KundAufDat="1996-11-23"/>
  <Kunden KundenNr="1556" KundEigtNr="3605" KundArt="16" KundStatus="3" KundAufDat="1996-11-23"/>
  <Kunden KundenNr="1557" KundEigtNr="3652" KundArt="16" KundStatus="3" KundAufDat="1996-11-23"/>
  <Kunden KundenNr="1558" KundEigtNr="195" KundArt="16" KundStatus="3" KundAufDat="1996-11-23"/>
  <Kunden KundenNr="1559" KundEigtNr="1325" KundArt="16" KundStatus="3" KundAufDat="1996-11-23"/>
  <Kunden KundenNr="1560" KundEigtNr="3821" KundArt="16" KundStatus="3" KundAufDat="1996-11-23"/>
  <Kunden KundenNr="1561" KundEigtNr="2445" KundArt="8" KundStatus="3" KundAufDat="1996-11-25"/>
  <Kunden KundenNr="1562" KundEigtNr="499" KundArt="2" KundStatus="3" KundAufDat="1996-11-25"/>
  <Kunden KundenNr="1563" KundEigtNr="1157" KundArt="2" KundStatus="3" KundAufDat="1996-11-25"/>
  <Kunden KundenNr="1564" KundEigtNr="541" KundArt="2" KundStatus="3" KundAufDat="1996-11-25"/>
  <Kunden KundenNr="1565" KundEigtNr="1108" KundArt="2" KundStatus="3" KundAufDat="1996-11-25"/>
  <Kunden KundenNr="1566" KundEigtNr="3161" KundArt="8" KundStatus="3" KundAufDat="1996-11-26"/>
  <Kunden KundenNr="1567" KundEigtNr="3964" KundArt="3" KundStatus="3" KundAufDat="1996-11-26"/>
  <Kunden KundenNr="1568" KundEigtNr="665" KundArt="16" KundStatus="3" KundAufDat="1996-11-26"/>
  <Kunden KundenNr="1569" KundEigtNr="930" KundArt="1" KundStatus="3" KundAufDat="1996-11-27"/>
  <Kunden KundenNr="1570" KundEigtNr="2761" KundArt="3" KundStatus="3" KundAufDat="1996-11-27"/>
  <Kunden KundenNr="1571" KundEigtNr="1762" KundArt="3" KundStatus="3" KundAufDat="1996-11-27"/>
  <Kunden KundenNr="1572" KundEigtNr="1474" KundArt="8" KundStatus="3" KundAufDat="1996-11-27"/>
  <Kunden KundenNr="1573" KundEigtNr="2619" KundArt="3" KundStatus="3" KundAufDat="1996-11-28"/>
  <Kunden KundenNr="1574" KundEigtNr="2304" KundArt="16" KundStatus="3" KundAufDat="1996-11-28"/>
  <Kunden KundenNr="1575" KundEigtNr="236" KundArt="3" KundStatus="3" KundAufDat="1996-11-28"/>
  <Kunden KundenNr="1576" KundEigtNr="3502" KundArt="3" KundStatus="3" KundAufDat="1996-11-28"/>
  <Kunden KundenNr="1577" KundEigtNr="2660" KundArt="3" KundStatus="3" KundAufDat="1996-11-29"/>
  <Kunden KundenNr="1578" KundEigtNr="1128" KundArt="2" KundStatus="1" KundAufDat="1996-11-29"/>
  <Kunden KundenNr="1579" KundEigtNr="1455" KundArt="2" KundStatus="3" KundAufDat="1996-12-02"/>
  <Kunden KundenNr="1580" KundEigtNr="3946" KundArt="8" KundStatus="1" KundAufDat="1996-12-02"/>
  <Kunden KundenNr="1581" KundEigtNr="710" KundArt="8" KundStatus="3" KundAufDat="1996-12-02"/>
  <Kunden KundenNr="1582" KundEigtNr="3274" KundArt="8" KundStatus="3" KundAufDat="1996-12-02"/>
  <Kunden KundenNr="1583" KundEigtNr="3360" KundArt="8" KundStatus="3" KundAufDat="1996-12-02"/>
  <Kunden KundenNr="1584" KundEigtNr="2635" KundArt="8" KundStatus="3" KundAufDat="1996-12-02"/>
  <Kunden KundenNr="1585" KundEigtNr="694" KundArt="8" KundStatus="3" KundAufDat="1996-12-02"/>
  <Kunden KundenNr="1586" KundEigtNr="2957" KundArt="8" KundStatus="3" KundAufDat="1996-12-02"/>
  <Kunden KundenNr="1587" KundEigtNr="2446" KundArt="8" KundStatus="3" KundAufDat="1996-12-02"/>
  <Kunden KundenNr="1588" KundEigtNr="2332" KundArt="8" KundStatus="3" KundAufDat="1996-12-02"/>
  <Kunden KundenNr="1589" KundEigtNr="4000" KundArt="8" KundStatus="3" KundAufDat="1996-12-02"/>
  <Kunden KundenNr="1590" KundEigtNr="3485" KundArt="8" KundStatus="3" KundAufDat="1996-12-02"/>
  <Kunden KundenNr="1591" KundEigtNr="2624" KundArt="3" KundStatus="3" KundAufDat="1996-12-02"/>
  <Kunden KundenNr="1592" KundEigtNr="1346" KundArt="3" KundStatus="3" KundAufDat="1996-12-02"/>
  <Kunden KundenNr="1593" KundEigtNr="863" KundArt="5" KundStatus="3" KundAufDat="1996-12-03"/>
  <Kunden KundenNr="1594" KundEigtNr="1823" KundArt="5" KundStatus="3" KundAufDat="1996-12-03"/>
  <Kunden KundenNr="1595" KundEigtNr="1945" KundArt="8" KundStatus="3" KundAufDat="1996-12-03"/>
  <Kunden KundenNr="1596" KundEigtNr="3097" KundArt="3" KundStatus="3" KundAufDat="1996-12-03"/>
  <Kunden KundenNr="1597" KundEigtNr="3074" KundArt="3" KundStatus="3" KundAufDat="1996-12-03"/>
  <Kunden KundenNr="1598" KundEigtNr="1997" KundArt="16" KundStatus="3" KundAufDat="1996-12-04"/>
  <Kunden KundenNr="1599" KundEigtNr="2799" KundArt="3" KundStatus="3" KundAufDat="1996-12-04"/>
  <Kunden KundenNr="1600" KundEigtNr="2535" KundArt="3" KundStatus="3" KundAufDat="1996-12-05"/>
  <Kunden KundenNr="1601" KundEigtNr="3633" KundArt="5" KundStatus="3" KundAufDat="1996-12-05"/>
  <Kunden KundenNr="1602" KundEigtNr="3264" KundArt="3" KundStatus="3" KundAufDat="1996-12-05"/>
  <Kunden KundenNr="1603" KundEigtNr="2193" KundArt="2" KundStatus="3" KundAufDat="1996-12-06"/>
  <Kunden KundenNr="1604" KundEigtNr="3880" KundArt="3" KundStatus="3" KundAufDat="1996-12-06"/>
  <Kunden KundenNr="1605" KundEigtNr="1732" KundArt="3" KundStatus="3" KundAufDat="1996-12-07"/>
  <Kunden KundenNr="1606" KundEigtNr="1899" KundArt="3" KundStatus="3" KundAufDat="1996-12-07"/>
  <Kunden KundenNr="1607" KundEigtNr="977" KundArt="3" KundStatus="3" KundAufDat="1996-12-09"/>
  <Kunden KundenNr="1608" KundEigtNr="3339" KundArt="1" KundStatus="3" KundAufDat="1996-12-09"/>
  <Kunden KundenNr="1609" KundEigtNr="2272" KundArt="1" KundStatus="3" KundAufDat="1996-12-09"/>
  <Kunden KundenNr="1610" KundEigtNr="1305" KundArt="1" KundStatus="3" KundAufDat="1996-12-09"/>
  <Kunden KundenNr="1611" KundEigtNr="3646" KundArt="1" KundStatus="3" KundAufDat="1996-12-09"/>
  <Kunden KundenNr="1612" KundEigtNr="2988" KundArt="1" KundStatus="3" KundAufDat="1996-12-09"/>
  <Kunden KundenNr="1613" KundEigtNr="2317" KundArt="1" KundStatus="3" KundAufDat="1996-12-09"/>
  <Kunden KundenNr="1614" KundEigtNr="648" KundArt="1" KundStatus="3" KundAufDat="1996-12-09"/>
  <Kunden KundenNr="1615" KundEigtNr="4117" KundArt="3" KundStatus="3" KundAufDat="1996-12-09"/>
  <Kunden KundenNr="1616" KundEigtNr="1659" KundArt="3" KundStatus="3" KundAufDat="1996-12-09"/>
  <Kunden KundenNr="1617" KundEigtNr="2155" KundArt="1" KundStatus="3" KundAufDat="1996-12-09"/>
  <Kunden KundenNr="1618" KundEigtNr="3653" KundArt="3" KundStatus="3" KundAufDat="1996-12-09"/>
  <Kunden KundenNr="1619" KundEigtNr="3390" KundArt="3" KundStatus="3" KundAufDat="1996-12-09"/>
  <Kunden KundenNr="1620" KundEigtNr="931" KundArt="2" KundStatus="3" KundAufDat="1996-12-09"/>
  <Kunden KundenNr="1621" KundEigtNr="2991" KundArt="3" KundStatus="3" KundAufDat="1996-12-09"/>
  <Kunden KundenNr="1622" KundEigtNr="1279" KundArt="3" KundStatus="3" KundAufDat="1996-12-09"/>
  <Kunden KundenNr="1623" KundEigtNr="3311" KundArt="5" KundStatus="3" KundAufDat="1996-12-09"/>
  <Kunden KundenNr="1624" KundEigtNr="3919" KundArt="2" KundStatus="3" KundAufDat="1996-12-10"/>
  <Kunden KundenNr="1625" KundEigtNr="1367" KundArt="2" KundStatus="3" KundAufDat="1996-12-10"/>
  <Kunden KundenNr="1626" KundEigtNr="2128" KundArt="1" KundStatus="3" KundAufDat="1996-12-10"/>
  <Kunden KundenNr="1627" KundEigtNr="2041" KundArt="1" KundStatus="3" KundAufDat="1996-12-10"/>
  <Kunden KundenNr="1628" KundEigtNr="3573" KundArt="1" KundStatus="3" KundAufDat="1996-12-10"/>
  <Kunden KundenNr="1629" KundEigtNr="763" KundArt="1" KundStatus="3" KundAufDat="1996-12-10"/>
  <Kunden KundenNr="1630" KundEigtNr="864" KundArt="16" KundStatus="3" KundAufDat="1996-12-10"/>
  <Kunden KundenNr="1631" KundEigtNr="1137" KundArt="8" KundStatus="3" KundAufDat="1996-12-10"/>
  <Kunden KundenNr="1632" KundEigtNr="304" KundArt="8" KundStatus="3" KundAufDat="1996-12-10"/>
  <Kunden KundenNr="1633" KundEigtNr="235" KundArt="1" KundStatus="3" KundAufDat="1996-12-10"/>
  <Kunden KundenNr="1634" KundEigtNr="1294" KundArt="3" KundStatus="3" KundAufDat="1996-12-10"/>
  <Kunden KundenNr="1635" KundEigtNr="2250" KundArt="1" KundStatus="3" KundAufDat="1996-12-10"/>
  <Kunden KundenNr="1636" KundEigtNr="2224" KundArt="5" KundStatus="3" KundAufDat="1996-12-10"/>
  <Kunden KundenNr="1637" KundEigtNr="450" KundArt="16" KundStatus="3" KundAufDat="1996-12-10"/>
  <Kunden KundenNr="1638" KundEigtNr="772" KundArt="2" KundStatus="3" KundAufDat="1996-12-10"/>
  <Kunden KundenNr="1639" KundEigtNr="3187" KundArt="5" KundStatus="3" KundAufDat="1996-12-10"/>
  <Kunden KundenNr="1640" KundEigtNr="3098" KundArt="3" KundStatus="3" KundAufDat="1996-12-10"/>
  <Kunden KundenNr="1641" KundEigtNr="3898" KundArt="3" KundStatus="3" KundAufDat="1996-12-10"/>
  <Kunden KundenNr="1642" KundEigtNr="3294" KundArt="3" KundStatus="3" KundAufDat="1996-12-10"/>
  <Kunden KundenNr="1643" KundEigtNr="2631" KundArt="3" KundStatus="3" KundAufDat="1996-12-10"/>
  <Kunden KundenNr="1644" KundEigtNr="1664" KundArt="3" KundStatus="3" KundAufDat="1996-12-10"/>
  <Kunden KundenNr="1645" KundEigtNr="1310" KundArt="3" KundStatus="3" KundAufDat="1996-12-10"/>
  <Kunden KundenNr="1646" KundEigtNr="3923" KundArt="3" KundStatus="3" KundAufDat="1996-12-10"/>
  <Kunden KundenNr="1647" KundEigtNr="1778" KundArt="3" KundStatus="3" KundAufDat="1996-12-10"/>
  <Kunden KundenNr="1648" KundEigtNr="853" KundArt="3" KundStatus="3" KundAufDat="1996-12-10"/>
  <Kunden KundenNr="1649" KundEigtNr="3858" KundArt="3" KundStatus="3" KundAufDat="1996-12-10"/>
  <Kunden KundenNr="1650" KundEigtNr="3045" KundArt="3" KundStatus="3" KundAufDat="1996-12-10"/>
  <Kunden KundenNr="1651" KundEigtNr="3350" KundArt="2" KundStatus="1" KundAufDat="1996-12-11"/>
  <Kunden KundenNr="1652" KundEigtNr="389" KundArt="3" KundStatus="3" KundAufDat="1996-12-11"/>
  <Kunden KundenNr="1653" KundEigtNr="4175" KundArt="3" KundStatus="3" KundAufDat="1996-12-11"/>
  <Kunden KundenNr="1654" KundEigtNr="2174" KundArt="3" KundStatus="3" KundAufDat="1996-12-11"/>
  <Kunden KundenNr="1655" KundEigtNr="1766" KundArt="3" KundStatus="3" KundAufDat="1996-12-11"/>
  <Kunden KundenNr="1656" KundEigtNr="660" KundArt="3" KundStatus="3" KundAufDat="1996-12-11"/>
  <Kunden KundenNr="1657" KundEigtNr="2636" KundArt="3" KundStatus="3" KundAufDat="1996-12-11"/>
  <Kunden KundenNr="1658" KundEigtNr="1914" KundArt="3" KundStatus="3" KundAufDat="1996-12-11"/>
  <Kunden KundenNr="1659" KundEigtNr="577" KundArt="3" KundStatus="3" KundAufDat="1996-12-11"/>
  <Kunden KundenNr="1660" KundEigtNr="656" KundArt="1" KundStatus="3" KundAufDat="1996-12-11"/>
  <Kunden KundenNr="1661" KundEigtNr="3588" KundArt="2" KundStatus="3" KundAufDat="1996-12-12"/>
  <Kunden KundenNr="1662" KundEigtNr="1229" KundArt="3" KundStatus="3" KundAufDat="1996-12-12"/>
  <Kunden KundenNr="1663" KundEigtNr="2424" KundArt="1" KundStatus="3" KundAufDat="1996-12-12"/>
  <Kunden KundenNr="1664" KundEigtNr="3149" KundArt="3" KundStatus="3" KundAufDat="1996-12-12"/>
  <Kunden KundenNr="1665" KundEigtNr="3171" KundArt="1" KundStatus="3" KundAufDat="1996-12-13"/>
  <Kunden KundenNr="1666" KundEigtNr="2487" KundArt="3" KundStatus="3" KundAufDat="1996-12-14"/>
  <Kunden KundenNr="1667" KundEigtNr="1303" KundArt="1" KundStatus="1" KundAufDat="1996-12-15"/>
  <Kunden KundenNr="1668" KundEigtNr="975" KundArt="1" KundStatus="3" KundAufDat="1996-12-15"/>
  <Kunden KundenNr="1669" KundEigtNr="1614" KundArt="3" KundStatus="3" KundAufDat="1996-12-16"/>
  <Kunden KundenNr="1670" KundEigtNr="3924" KundArt="3" KundStatus="3" KundAufDat="1996-12-16"/>
  <Kunden KundenNr="1671" KundEigtNr="3714" KundArt="3" KundStatus="3" KundAufDat="1996-12-16"/>
  <Kunden KundenNr="1672" KundEigtNr="3315" KundArt="3" KundStatus="3" KundAufDat="1996-12-16"/>
  <Kunden KundenNr="1673" KundEigtNr="2853" KundArt="2" KundStatus="3" KundAufDat="1996-12-16"/>
  <Kunden KundenNr="1674" KundEigtNr="3099" KundArt="2" KundStatus="3" KundAufDat="1996-12-16"/>
  <Kunden KundenNr="1675" KundEigtNr="3033" KundArt="2" KundStatus="3" KundAufDat="1996-12-16"/>
  <Kunden KundenNr="1676" KundEigtNr="786" KundArt="2" KundStatus="3" KundAufDat="1996-12-16"/>
  <Kunden KundenNr="1677" KundEigtNr="393" KundArt="3" KundStatus="3" KundAufDat="1996-12-16"/>
  <Kunden KundenNr="1678" KundEigtNr="400" KundArt="3" KundStatus="3" KundAufDat="1996-12-16"/>
  <Kunden KundenNr="1679" KundEigtNr="2245" KundArt="3" KundStatus="3" KundAufDat="1996-12-16"/>
  <Kunden KundenNr="1680" KundEigtNr="2426" KundArt="3" KundStatus="3" KundAufDat="1996-12-16"/>
  <Kunden KundenNr="1681" KundEigtNr="1235" KundArt="3" KundStatus="3" KundAufDat="1996-12-17"/>
  <Kunden KundenNr="1682" KundEigtNr="2440" KundArt="16" KundStatus="3" KundAufDat="1996-12-17"/>
  <Kunden KundenNr="1683" KundEigtNr="574" KundArt="16" KundStatus="3" KundAufDat="1996-12-17"/>
  <Kunden KundenNr="1684" KundEigtNr="1645" KundArt="5" KundStatus="3" KundAufDat="1996-12-17"/>
  <Kunden KundenNr="1685" KundEigtNr="2774" KundArt="3" KundStatus="3" KundAufDat="1996-12-17"/>
  <Kunden KundenNr="1686" KundEigtNr="3351" KundArt="2" KundStatus="3" KundAufDat="1996-12-17"/>
  <Kunden KundenNr="1687" KundEigtNr="2698" KundArt="2" KundStatus="3" KundAufDat="1996-12-17"/>
  <Kunden KundenNr="1688" KundEigtNr="2127" KundArt="2" KundStatus="3" KundAufDat="1996-12-17"/>
  <Kunden KundenNr="1689" KundEigtNr="436" KundArt="2" KundStatus="3" KundAufDat="1996-12-17"/>
  <Kunden KundenNr="1690" KundEigtNr="460" KundArt="3" KundStatus="3" KundAufDat="1996-12-17"/>
  <Kunden KundenNr="1691" KundEigtNr="2513" KundArt="16" KundStatus="3" KundAufDat="1996-12-17"/>
  <Kunden KundenNr="1692" KundEigtNr="1427" KundArt="3" KundStatus="3" KundAufDat="1996-12-17"/>
  <Kunden KundenNr="1693" KundEigtNr="2661" KundArt="3" KundStatus="3" KundAufDat="1996-12-17"/>
  <Kunden KundenNr="1694" KundEigtNr="2538" KundArt="3" KundStatus="3" KundAufDat="1996-12-17"/>
  <Kunden KundenNr="1695" KundEigtNr="2194" KundArt="1" KundStatus="3" KundAufDat="1996-12-18"/>
  <Kunden KundenNr="1696" KundEigtNr="425" KundArt="1" KundStatus="3" KundAufDat="1996-12-18"/>
  <Kunden KundenNr="1697" KundEigtNr="406" KundArt="1" KundStatus="3" KundAufDat="1996-12-18"/>
  <Kunden KundenNr="1698" KundEigtNr="1406" KundArt="3" KundStatus="3" KundAufDat="1996-12-18"/>
  <Kunden KundenNr="1699" KundEigtNr="407" KundArt="8" KundStatus="3" KundAufDat="1996-12-18"/>
  <Kunden KundenNr="1700" KundEigtNr="3663" KundArt="29" KundStatus="1" KundAufDat="1996-12-18"/>
  <Kunden KundenNr="1701" KundEigtNr="2549" KundArt="3" KundStatus="3" KundAufDat="1996-12-18"/>
  <Kunden KundenNr="1702" KundEigtNr="371" KundArt="3" KundStatus="3" KundAufDat="1996-12-18"/>
  <Kunden KundenNr="1703" KundEigtNr="2955" KundArt="16" KundStatus="1" KundAufDat="1996-12-18"/>
  <Kunden KundenNr="1704" KundEigtNr="753" KundArt="3" KundStatus="3" KundAufDat="1996-12-19"/>
  <Kunden KundenNr="1705" KundEigtNr="3970" KundArt="2" KundStatus="1" KundAufDat="1996-12-20"/>
  <Kunden KundenNr="1706" KundEigtNr="1701" KundArt="1" KundStatus="1" KundAufDat="1996-12-20"/>
  <Kunden KundenNr="1707" KundEigtNr="1797" KundArt="3" KundStatus="3" KundAufDat="1996-12-20"/>
  <Kunden KundenNr="1708" KundEigtNr="3711" KundArt="2" KundStatus="3" KundAufDat="1996-12-20"/>
  <Kunden KundenNr="1709" KundEigtNr="3586" KundArt="3" KundStatus="3" KundAufDat="1996-12-30"/>
  <Kunden KundenNr="1710" KundEigtNr="240" KundArt="29" KundStatus="3" KundAufDat="1996-12-31"/>
  <Kunden KundenNr="1711" KundEigtNr="237" KundArt="17" KundStatus="1" KundAufDat="1996-12-31"/>
  <Kunden KundenNr="1712" KundEigtNr="293" KundArt="16" KundStatus="3" KundAufDat="1996-12-31"/>
  <Kunden KundenNr="1713" KundEigtNr="1316" KundArt="16" KundStatus="3" KundAufDat="1996-12-31"/>
  <Kunden KundenNr="1714" KundEigtNr="236" KundArt="16" KundStatus="3" KundAufDat="1996-12-31"/>
  <Kunden KundenNr="1715" KundEigtNr="1490" KundArt="16" KundStatus="3" KundAufDat="1996-12-31"/>
  <Kunden KundenNr="1716" KundEigtNr="418" KundArt="2" KundStatus="3" KundAufDat="1997-01-06"/>
  <Kunden KundenNr="1717" KundEigtNr="2046" KundArt="2" KundStatus="3" KundAufDat="1997-01-06"/>
  <Kunden KundenNr="1718" KundEigtNr="3375" KundArt="8" KundStatus="3" KundAufDat="1997-01-07"/>
  <Kunden KundenNr="1719" KundEigtNr="1585" KundArt="3" KundStatus="3" KundAufDat="1997-01-07"/>
  <Kunden KundenNr="1720" KundEigtNr="2031" KundArt="3" KundStatus="3" KundAufDat="1997-01-07"/>
  <Kunden KundenNr="1721" KundEigtNr="2078" KundArt="29" KundStatus="1" KundAufDat="1997-01-08"/>
  <Kunden KundenNr="1722" KundEigtNr="1109" KundArt="29" KundStatus="1" KundAufDat="1997-01-09"/>
  <Kunden KundenNr="1723" KundEigtNr="2921" KundArt="3" KundStatus="3" KundAufDat="1997-01-09"/>
  <Kunden KundenNr="1724" KundEigtNr="2078" KundArt="1" KundStatus="1" KundAufDat="1997-01-09"/>
  <Kunden KundenNr="1725" KundEigtNr="1327" KundArt="16" KundStatus="3" KundAufDat="1997-01-09"/>
  <Kunden KundenNr="1726" KundEigtNr="226" KundArt="2" KundStatus="3" KundAufDat="1997-01-09"/>
  <Kunden KundenNr="1727" KundEigtNr="572" KundArt="16" KundStatus="3" KundAufDat="1997-01-09"/>
  <Kunden KundenNr="1728" KundEigtNr="194" KundArt="16" KundStatus="3" KundAufDat="1997-01-09"/>
  <Kunden KundenNr="1729" KundEigtNr="3628" KundArt="3" KundStatus="3" KundAufDat="1997-01-10"/>
  <Kunden KundenNr="1730" KundEigtNr="3155" KundArt="16" KundStatus="3" KundAufDat="1997-01-10"/>
  <Kunden KundenNr="1731" KundEigtNr="2596" KundArt="8" KundStatus="3" KundAufDat="1997-01-11"/>
  <Kunden KundenNr="1732" KundEigtNr="513" KundArt="8" KundStatus="3" KundAufDat="1997-01-11"/>
  <Kunden KundenNr="1733" KundEigtNr="2410" KundArt="5" KundStatus="3" KundAufDat="1997-01-13"/>
  <Kunden KundenNr="1734" KundEigtNr="2437" KundArt="5" KundStatus="3" KundAufDat="1997-01-13"/>
  <Kunden KundenNr="1735" KundEigtNr="3480" KundArt="3" KundStatus="3" KundAufDat="1997-01-13"/>
  <Kunden KundenNr="1736" KundEigtNr="592" KundArt="5" KundStatus="3" KundAufDat="1997-01-13"/>
  <Kunden KundenNr="1737" KundEigtNr="3868" KundArt="5" KundStatus="3" KundAufDat="1997-01-13"/>
  <Kunden KundenNr="1738" KundEigtNr="3131" KundArt="3" KundStatus="3" KundAufDat="1997-01-13"/>
  <Kunden KundenNr="1739" KundEigtNr="2090" KundArt="8" KundStatus="3" KundAufDat="1997-01-14"/>
  <Kunden KundenNr="1740" KundEigtNr="1136" KundArt="8" KundStatus="3" KundAufDat="1997-01-14"/>
  <Kunden KundenNr="1741" KundEigtNr="1798" KundArt="8" KundStatus="3" KundAufDat="1997-01-14"/>
  <Kunden KundenNr="1742" KundEigtNr="3556" KundArt="8" KundStatus="3" KundAufDat="1997-01-14"/>
  <Kunden KundenNr="1743" KundEigtNr="1432" KundArt="2" KundStatus="3" KundAufDat="1997-01-14"/>
  <Kunden KundenNr="1744" KundEigtNr="4149" KundArt="2" KundStatus="3" KundAufDat="1997-01-14"/>
  <Kunden KundenNr="1745" KundEigtNr="1407" KundArt="8" KundStatus="1" KundAufDat="1997-01-14"/>
  <Kunden KundenNr="1746" KundEigtNr="2528" KundArt="8" KundStatus="3" KundAufDat="1997-01-14"/>
  <Kunden KundenNr="1747" KundEigtNr="4141" KundArt="5" KundStatus="3" KundAufDat="1997-01-14"/>
  <Kunden KundenNr="1748" KundEigtNr="2120" KundArt="3" KundStatus="3" KundAufDat="1997-01-14"/>
  <Kunden KundenNr="1749" KundEigtNr="1558" KundArt="5" KundStatus="3" KundAufDat="1997-01-14"/>
  <Kunden KundenNr="1750" KundEigtNr="3557" KundArt="8" KundStatus="1" KundAufDat="1997-01-14"/>
  <Kunden KundenNr="1751" KundEigtNr="4065" KundArt="2" KundStatus="3" KundAufDat="1997-01-14"/>
  <Kunden KundenNr="1752" KundEigtNr="2427" KundArt="2" KundStatus="3" KundAufDat="1997-01-15"/>
  <Kunden KundenNr="1753" KundEigtNr="1915" KundArt="29" KundStatus="1" KundAufDat="1997-01-15"/>
  <Kunden KundenNr="1754" KundEigtNr="1099" KundArt="3" KundStatus="3" KundAufDat="1997-01-15"/>
  <Kunden KundenNr="1755" KundEigtNr="2500" KundArt="2" KundStatus="3" KundAufDat="1997-01-15"/>
  <Kunden KundenNr="1756" KundEigtNr="3132" KundArt="2" KundStatus="3" KundAufDat="1997-01-15"/>
  <Kunden KundenNr="1757" KundEigtNr="1139" KundArt="3" KundStatus="3" KundAufDat="1997-01-15"/>
  <Kunden KundenNr="1758" KundEigtNr="2727" KundArt="5" KundStatus="3" KundAufDat="1997-01-15"/>
  <Kunden KundenNr="1759" KundEigtNr="3443" KundArt="29" KundStatus="3" KundAufDat="1997-01-15"/>
  <Kunden KundenNr="1760" KundEigtNr="4012" KundArt="2" KundStatus="3" KundAufDat="1997-01-16"/>
  <Kunden KundenNr="1761" KundEigtNr="4095" KundArt="2" KundStatus="3" KundAufDat="1997-01-17"/>
  <Kunden KundenNr="1762" KundEigtNr="2682" KundArt="1" KundStatus="1" KundAufDat="1997-01-20"/>
  <Kunden KundenNr="1763" KundEigtNr="1549" KundArt="3" KundStatus="3" KundAufDat="1997-01-20"/>
  <Kunden KundenNr="1764" KundEigtNr="3028" KundArt="5" KundStatus="3" KundAufDat="1997-01-20"/>
  <Kunden KundenNr="1765" KundEigtNr="358" KundArt="3" KundStatus="3" KundAufDat="1997-01-20"/>
  <Kunden KundenNr="1766" KundEigtNr="1773" KundArt="2" KundStatus="3" KundAufDat="1997-01-20"/>
  <Kunden KundenNr="1767" KundEigtNr="3902" KundArt="3" KundStatus="3" KundAufDat="1997-01-20"/>
  <Kunden KundenNr="1768" KundEigtNr="1998" KundArt="5" KundStatus="3" KundAufDat="1997-01-20"/>
  <Kunden KundenNr="1769" KundEigtNr="3940" KundArt="3" KundStatus="3" KundAufDat="1997-01-20"/>
  <Kunden KundenNr="1770" KundEigtNr="3251" KundArt="2" KundStatus="3" KundAufDat="1997-01-21"/>
  <Kunden KundenNr="1771" KundEigtNr="3031" KundArt="2" KundStatus="3" KundAufDat="1997-01-21"/>
  <Kunden KundenNr="1772" KundEigtNr="3083" KundArt="2" KundStatus="3" KundAufDat="1997-01-21"/>
  <Kunden KundenNr="1773" KundEigtNr="2387" KundArt="2" KundStatus="3" KundAufDat="1997-01-21"/>
  <Kunden KundenNr="1774" KundEigtNr="3242" KundArt="3" KundStatus="3" KundAufDat="1997-01-21"/>
  <Kunden KundenNr="1775" KundEigtNr="2175" KundArt="3" KundStatus="3" KundAufDat="1997-01-21"/>
  <Kunden KundenNr="1776" KundEigtNr="768" KundArt="3" KundStatus="3" KundAufDat="1997-01-21"/>
  <Kunden KundenNr="1777" KundEigtNr="2195" KundArt="2" KundStatus="3" KundAufDat="1997-01-21"/>
  <Kunden KundenNr="1778" KundEigtNr="2176" KundArt="2" KundStatus="3" KundAufDat="1997-01-21"/>
  <Kunden KundenNr="1779" KundEigtNr="3279" KundArt="2" KundStatus="3" KundAufDat="1997-01-21"/>
  <Kunden KundenNr="1780" KundEigtNr="854" KundArt="5" KundStatus="3" KundAufDat="1997-01-21"/>
  <Kunden KundenNr="1781" KundEigtNr="2578" KundArt="3" KundStatus="3" KundAufDat="1997-01-21"/>
  <Kunden KundenNr="1782" KundEigtNr="3513" KundArt="2" KundStatus="3" KundAufDat="1997-01-21"/>
  <Kunden KundenNr="1783" KundEigtNr="1562" KundArt="2" KundStatus="3" KundAufDat="1997-01-21"/>
  <Kunden KundenNr="1784" KundEigtNr="744" KundArt="2" KundStatus="3" KundAufDat="1997-01-21"/>
  <Kunden KundenNr="1785" KundEigtNr="1652" KundArt="2" KundStatus="3" KundAufDat="1997-01-21"/>
  <Kunden KundenNr="1786" KundEigtNr="3947" KundArt="2" KundStatus="3" KundAufDat="1997-01-21"/>
  <Kunden KundenNr="1787" KundEigtNr="2312" KundArt="2" KundStatus="3" KundAufDat="1997-01-21"/>
  <Kunden KundenNr="1788" KundEigtNr="1100" KundArt="3" KundStatus="3" KundAufDat="1997-01-21"/>
  <Kunden KundenNr="1789" KundEigtNr="1999" KundArt="16" KundStatus="1" KundAufDat="1997-01-21"/>
  <Kunden KundenNr="1790" KundEigtNr="645" KundArt="16" KundStatus="1" KundAufDat="1997-01-22"/>
  <Kunden KundenNr="1791" KundEigtNr="2679" KundArt="1" KundStatus="1" KundAufDat="1997-01-22"/>
  <Kunden KundenNr="1792" KundEigtNr="17" KundArt="3" KundStatus="3" KundAufDat="1997-01-22"/>
  <Kunden KundenNr="1793" KundEigtNr="2496" KundArt="3" KundStatus="3" KundAufDat="1997-01-22"/>
  <Kunden KundenNr="1794" KundEigtNr="3859" KundArt="3" KundStatus="3" KundAufDat="1997-01-23"/>
  <Kunden KundenNr="1795" KundEigtNr="1734" KundArt="2" KundStatus="3" KundAufDat="1997-01-23"/>
  <Kunden KundenNr="1796" KundEigtNr="1025" KundArt="16" KundStatus="1" KundAufDat="1997-01-23"/>
  <Kunden KundenNr="1797" KundEigtNr="1491" KundArt="29" KundStatus="1" KundAufDat="1997-01-23"/>
  <Kunden KundenNr="1798" KundEigtNr="350" KundArt="4" KundStatus="3" KundAufDat="1997-01-23"/>
  <Kunden KundenNr="1799" KundEigtNr="3133" KundArt="4" KundStatus="3" KundAufDat="1997-01-23"/>
  <Kunden KundenNr="1800" KundEigtNr="3948" KundArt="2" KundStatus="3" KundAufDat="1997-01-23"/>
  <Kunden KundenNr="1801" KundEigtNr="1164" KundArt="3" KundStatus="3" KundAufDat="1997-01-24"/>
  <Kunden KundenNr="1802" KundEigtNr="3295" KundArt="3" KundStatus="3" KundAufDat="1997-01-24"/>
  <Kunden KundenNr="1803" KundEigtNr="114" KundArt="29" KundStatus="1" KundAufDat="1997-01-24"/>
  <Kunden KundenNr="1804" KundEigtNr="1328" KundArt="16" KundStatus="3" KundAufDat="1997-01-24"/>
  <Kunden KundenNr="1805" KundEigtNr="231" KundArt="16" KundStatus="3" KundAufDat="1997-01-24"/>
  <Kunden KundenNr="1806" KundEigtNr="232" KundArt="16" KundStatus="3" KundAufDat="1997-01-24"/>
  <Kunden KundenNr="1807" KundEigtNr="2652" KundArt="16" KundStatus="3" KundAufDat="1997-01-24"/>
  <Kunden KundenNr="1808" KundEigtNr="1667" KundArt="3" KundStatus="3" KundAufDat="1997-01-27"/>
  <Kunden KundenNr="1809" KundEigtNr="2840" KundArt="5" KundStatus="3" KundAufDat="1997-01-27"/>
  <Kunden KundenNr="1810" KundEigtNr="3428" KundArt="3" KundStatus="3" KundAufDat="1997-01-27"/>
  <Kunden KundenNr="1811" KundEigtNr="1707" KundArt="2" KundStatus="3" KundAufDat="1997-01-27"/>
  <Kunden KundenNr="1812" KundEigtNr="1158" KundArt="2" KundStatus="3" KundAufDat="1997-01-27"/>
  <Kunden KundenNr="1813" KundEigtNr="2254" KundArt="3" KundStatus="3" KundAufDat="1997-01-27"/>
  <Kunden KundenNr="1814" KundEigtNr="960" KundArt="3" KundStatus="3" KundAufDat="1997-01-27"/>
  <Kunden KundenNr="1815" KundEigtNr="1257" KundArt="3" KundStatus="3" KundAufDat="1997-01-27"/>
  <Kunden KundenNr="1816" KundEigtNr="2379" KundArt="8" KundStatus="3" KundAufDat="1997-01-27"/>
  <Kunden KundenNr="1817" KundEigtNr="1041" KundArt="2" KundStatus="3" KundAufDat="1997-01-28"/>
  <Kunden KundenNr="1818" KundEigtNr="633" KundArt="2" KundStatus="3" KundAufDat="1997-01-28"/>
  <Kunden KundenNr="1819" KundEigtNr="2680" KundArt="5" KundStatus="3" KundAufDat="1997-01-28"/>
  <Kunden KundenNr="1820" KundEigtNr="2239" KundArt="2" KundStatus="3" KundAufDat="1997-01-28"/>
  <Kunden KundenNr="1821" KundEigtNr="1713" KundArt="3" KundStatus="3" KundAufDat="1997-01-28"/>
  <Kunden KundenNr="1822" KundEigtNr="790" KundArt="3" KundStatus="3" KundAufDat="1997-01-28"/>
  <Kunden KundenNr="1823" KundEigtNr="2979" KundArt="5" KundStatus="3" KundAufDat="1997-01-28"/>
  <Kunden KundenNr="1824" KundEigtNr="1101" KundArt="5" KundStatus="3" KundAufDat="1997-01-28"/>
  <Kunden KundenNr="1825" KundEigtNr="854" KundArt="5" KundStatus="3" KundAufDat="1997-01-28"/>
  <Kunden KundenNr="1826" KundEigtNr="4178" KundArt="3" KundStatus="3" KundAufDat="1997-01-28"/>
  <Kunden KundenNr="1827" KundEigtNr="2116" KundArt="29" KundStatus="1" KundAufDat="1997-01-28"/>
  <Kunden KundenNr="1828" KundEigtNr="720" KundArt="5" KundStatus="3" KundAufDat="1997-01-28"/>
  <Kunden KundenNr="1829" KundEigtNr="1341" KundArt="29" KundStatus="1" KundAufDat="1997-01-29"/>
  <Kunden KundenNr="1830" KundEigtNr="553" KundArt="2" KundStatus="3" KundAufDat="1997-01-29"/>
  <Kunden KundenNr="1832" KundEigtNr="3228" KundArt="3" KundStatus="3" KundAufDat="1997-01-29"/>
  <Kunden KundenNr="1833" KundEigtNr="2345" KundArt="2" KundStatus="3" KundAufDat="1997-01-29"/>
  <Kunden KundenNr="1834" KundEigtNr="2382" KundArt="2" KundStatus="3" KundAufDat="1997-01-30"/>
  <Kunden KundenNr="1835" KundEigtNr="1000" KundArt="3" KundStatus="3" KundAufDat="1997-01-31"/>
  <Kunden KundenNr="1836" KundEigtNr="1417" KundArt="3" KundStatus="3" KundAufDat="1997-01-31"/>
  <Kunden KundenNr="1837" KundEigtNr="4005" KundArt="2" KundStatus="3" KundAufDat="1997-01-31"/>
  <Kunden KundenNr="1838" KundEigtNr="3780" KundArt="8" KundStatus="3" KundAufDat="1997-02-01"/>
  <Kunden KundenNr="1839" KundEigtNr="2590" KundArt="8" KundStatus="3" KundAufDat="1997-02-01"/>
  <Kunden KundenNr="1840" KundEigtNr="494" KundArt="8" KundStatus="3" KundAufDat="1997-02-01"/>
  <Kunden KundenNr="1841" KundEigtNr="3008" KundArt="2" KundStatus="3" KundAufDat="1997-02-01"/>
  <Kunden KundenNr="1842" KundEigtNr="3023" KundArt="8" KundStatus="3" KundAufDat="1997-02-01"/>
  <Kunden KundenNr="1843" KundEigtNr="1060" KundArt="3" KundStatus="3" KundAufDat="1997-02-03"/>
  <Kunden KundenNr="1844" KundEigtNr="1265" KundArt="3" KundStatus="3" KundAufDat="1997-02-03"/>
  <Kunden KundenNr="1845" KundEigtNr="2610" KundArt="3" KundStatus="3" KundAufDat="1997-02-03"/>
  <Kunden KundenNr="1846" KundEigtNr="2079" KundArt="1" KundStatus="3" KundAufDat="1997-02-03"/>
  <Kunden KundenNr="1847" KundEigtNr="2766" KundArt="3" KundStatus="3" KundAufDat="1997-02-03"/>
  <Kunden KundenNr="1848" KundEigtNr="2637" KundArt="29" KundStatus="1" KundAufDat="1997-02-03"/>
  <Kunden KundenNr="1849" KundEigtNr="7147" KundArt="8" KundStatus="1" KundAufDat="1997-02-03"/>
  <Kunden KundenNr="1850" KundEigtNr="2017" KundArt="3" KundStatus="3" KundAufDat="1997-02-03"/>
  <Kunden KundenNr="1851" KundEigtNr="1741" KundArt="8" KundStatus="3" KundAufDat="1997-02-03"/>
  <Kunden KundenNr="1852" KundEigtNr="2934" KundArt="8" KundStatus="1" KundAufDat="1997-02-03"/>
  <Kunden KundenNr="1853" KundEigtNr="3975" KundArt="3" KundStatus="3" KundAufDat="1997-02-03"/>
  <Kunden KundenNr="1854" KundEigtNr="2428" KundArt="8" KundStatus="1" KundAufDat="1997-02-03"/>
  <Kunden KundenNr="1855" KundEigtNr="2603" KundArt="8" KundStatus="1" KundAufDat="1997-02-03"/>
  <Kunden KundenNr="1856" KundEigtNr="621" KundArt="5" KundStatus="3" KundAufDat="1997-02-03"/>
  <Kunden KundenNr="1857" KundEigtNr="760" KundArt="3" KundStatus="3" KundAufDat="1997-02-03"/>
  <Kunden KundenNr="1858" KundEigtNr="403" KundArt="3" KundStatus="3" KundAufDat="1997-02-03"/>
  <Kunden KundenNr="1859" KundEigtNr="2640" KundArt="29" KundStatus="1" KundAufDat="1997-02-03"/>
  <Kunden KundenNr="1860" KundEigtNr="2454" KundArt="8" KundStatus="3" KundAufDat="1997-02-03"/>
  <Kunden KundenNr="1861" KundEigtNr="582" KundArt="3" KundStatus="3" KundAufDat="1997-02-03"/>
  <Kunden KundenNr="1862" KundEigtNr="3660" KundArt="5" KundStatus="3" KundAufDat="1997-02-03"/>
  <Kunden KundenNr="1863" KundEigtNr="1125" KundArt="8" KundStatus="3" KundAufDat="1997-02-03"/>
  <Kunden KundenNr="1864" KundEigtNr="998" KundArt="8" KundStatus="3" KundAufDat="1997-02-03"/>
  <Kunden KundenNr="1865" KundEigtNr="517" KundArt="3" KundStatus="3" KundAufDat="1997-02-03"/>
  <Kunden KundenNr="1866" KundEigtNr="1889" KundArt="3" KundStatus="3" KundAufDat="1997-02-03"/>
  <Kunden KundenNr="1867" KundEigtNr="845" KundArt="8" KundStatus="3" KundAufDat="1997-02-03"/>
  <Kunden KundenNr="1868" KundEigtNr="1250" KundArt="3" KundStatus="3" KundAufDat="1997-02-03"/>
  <Kunden KundenNr="1869" KundEigtNr="1020" KundArt="3" KundStatus="3" KundAufDat="1997-02-03"/>
  <Kunden KundenNr="1870" KundEigtNr="1396" KundArt="3" KundStatus="3" KundAufDat="1997-02-03"/>
  <Kunden KundenNr="1871" KundEigtNr="447" KundArt="3" KundStatus="3" KundAufDat="1997-02-03"/>
  <Kunden KundenNr="1872" KundEigtNr="3875" KundArt="3" KundStatus="3" KundAufDat="1997-02-03"/>
  <Kunden KundenNr="1873" KundEigtNr="2767" KundArt="3" KundStatus="3" KundAufDat="1997-02-03"/>
  <Kunden KundenNr="1874" KundEigtNr="3619" KundArt="3" KundStatus="3" KundAufDat="1997-02-03"/>
  <Kunden KundenNr="1875" KundEigtNr="3290" KundArt="2" KundStatus="3" KundAufDat="1997-02-03"/>
  <Kunden KundenNr="1876" KundEigtNr="1730" KundArt="2" KundStatus="3" KundAufDat="1997-02-03"/>
  <Kunden KundenNr="1877" KundEigtNr="3870" KundArt="2" KundStatus="3" KundAufDat="1997-02-03"/>
  <Kunden KundenNr="1878" KundEigtNr="3395" KundArt="2" KundStatus="3" KundAufDat="1997-02-03"/>
  <Kunden KundenNr="1879" KundEigtNr="2292" KundArt="2" KundStatus="3" KundAufDat="1997-02-03"/>
  <Kunden KundenNr="1880" KundEigtNr="3688" KundArt="2" KundStatus="3" KundAufDat="1997-02-03"/>
  <Kunden KundenNr="1881" KundEigtNr="1570" KundArt="2" KundStatus="3" KundAufDat="1997-02-03"/>
  <Kunden KundenNr="1882" KundEigtNr="3361" KundArt="2" KundStatus="3" KundAufDat="1997-02-03"/>
  <Kunden KundenNr="1883" KundEigtNr="1071" KundArt="1" KundStatus="3" KundAufDat="1997-02-03"/>
  <Kunden KundenNr="1884" KundEigtNr="2699" KundArt="5" KundStatus="3" KundAufDat="1997-02-04"/>
  <Kunden KundenNr="1885" KundEigtNr="369" KundArt="5" KundStatus="3" KundAufDat="1997-02-04"/>
  <Kunden KundenNr="1886" KundEigtNr="1558" KundArt="3" KundStatus="3" KundAufDat="1997-02-04"/>
  <Kunden KundenNr="1887" KundEigtNr="2256" KundArt="1" KundStatus="1" KundAufDat="1997-02-04"/>
  <Kunden KundenNr="1888" KundEigtNr="2380" KundArt="29" KundStatus="1" KundAufDat="1997-02-04"/>
  <Kunden KundenNr="1889" KundEigtNr="2359" KundArt="3" KundStatus="3" KundAufDat="1997-02-04"/>
  <Kunden KundenNr="1890" KundEigtNr="866" KundArt="3" KundStatus="3" KundAufDat="1997-02-04"/>
  <Kunden KundenNr="1891" KundEigtNr="2220" KundArt="8" KundStatus="3" KundAufDat="1997-02-04"/>
  <Kunden KundenNr="1892" KundEigtNr="1861" KundArt="3" KundStatus="3" KundAufDat="1997-02-04"/>
  <Kunden KundenNr="1893" KundEigtNr="193" KundArt="16" KundStatus="3" KundAufDat="1997-02-04"/>
  <Kunden KundenNr="1894" KundEigtNr="4071" KundArt="2" KundStatus="3" KundAufDat="1997-02-05"/>
  <Kunden KundenNr="1895" KundEigtNr="3444" KundArt="2" KundStatus="3" KundAufDat="1997-02-05"/>
  <Kunden KundenNr="1896" KundEigtNr="2814" KundArt="2" KundStatus="3" KundAufDat="1997-02-05"/>
  <Kunden KundenNr="1897" KundEigtNr="3151" KundArt="3" KundStatus="3" KundAufDat="1997-02-05"/>
  <Kunden KundenNr="1898" KundEigtNr="3134" KundArt="8" KundStatus="3" KundAufDat="1997-02-05"/>
  <Kunden KundenNr="1899" KundEigtNr="622" KundArt="3" KundStatus="3" KundAufDat="1997-02-06"/>
  <Kunden KundenNr="1900" KundEigtNr="773" KundArt="3" KundStatus="3" KundAufDat="1997-02-06"/>
  <Kunden KundenNr="1901" KundEigtNr="3796" KundArt="3" KundStatus="3" KundAufDat="1997-02-06"/>
  <Kunden KundenNr="1902" KundEigtNr="1916" KundArt="2" KundStatus="3" KundAufDat="1997-02-07"/>
  <Kunden KundenNr="1903" KundEigtNr="2435" KundArt="29" KundStatus="1" KundAufDat="1997-02-07"/>
  <Kunden KundenNr="1904" KundEigtNr="4164" KundArt="29" KundStatus="1" KundAufDat="1997-02-07"/>
  <Kunden KundenNr="1905" KundEigtNr="1988" KundArt="3" KundStatus="3" KundAufDat="1997-02-07"/>
  <Kunden KundenNr="1906" KundEigtNr="1765" KundArt="29" KundStatus="3" KundAufDat="1997-02-10"/>
  <Kunden KundenNr="1907" KundEigtNr="2768" KundArt="3" KundStatus="3" KundAufDat="1997-02-10"/>
  <Kunden KundenNr="1908" KundEigtNr="1171" KundArt="5" KundStatus="3" KundAufDat="1997-02-10"/>
  <Kunden KundenNr="1909" KundEigtNr="2000" KundArt="5" KundStatus="3" KundAufDat="1997-02-10"/>
  <Kunden KundenNr="1910" KundEigtNr="1065" KundArt="3" KundStatus="3" KundAufDat="1997-02-10"/>
  <Kunden KundenNr="1911" KundEigtNr="981" KundArt="8" KundStatus="1" KundAufDat="1997-02-10"/>
  <Kunden KundenNr="1912" KundEigtNr="946" KundArt="8" KundStatus="3" KundAufDat="1997-02-10"/>
  <Kunden KundenNr="1913" KundEigtNr="3925" KundArt="5" KundStatus="3" KundAufDat="1997-02-10"/>
  <Kunden KundenNr="1914" KundEigtNr="562" KundArt="8" KundStatus="3" KundAufDat="1997-02-10"/>
  <Kunden KundenNr="1915" KundEigtNr="1679" KundArt="8" KundStatus="3" KundAufDat="1997-02-10"/>
  <Kunden KundenNr="1916" KundEigtNr="409" KundArt="8" KundStatus="3" KundAufDat="1997-02-10"/>
  <Kunden KundenNr="1917" KundEigtNr="3462" KundArt="8" KundStatus="3" KundAufDat="1997-02-10"/>
  <Kunden KundenNr="1918" KundEigtNr="1259" KundArt="8" KundStatus="3" KundAufDat="1997-02-10"/>
  <Kunden KundenNr="1919" KundEigtNr="331" KundArt="3" KundStatus="3" KundAufDat="1997-02-10"/>
  <Kunden KundenNr="1920" KundEigtNr="1917" KundArt="5" KundStatus="3" KundAufDat="1997-02-10"/>
  <Kunden KundenNr="1921" KundEigtNr="3941" KundArt="3" KundStatus="3" KundAufDat="1997-02-10"/>
  <Kunden KundenNr="1922" KundEigtNr="2217" KundArt="3" KundStatus="3" KundAufDat="1997-02-10"/>
  <Kunden KundenNr="1923" KundEigtNr="1304" KundArt="3" KundStatus="3" KundAufDat="1997-02-10"/>
  <Kunden KundenNr="1924" KundEigtNr="1379" KundArt="8" KundStatus="3" KundAufDat="1997-02-11"/>
  <Kunden KundenNr="1925" KundEigtNr="3860" KundArt="5" KundStatus="3" KundAufDat="1997-02-11"/>
  <Kunden KundenNr="1926" KundEigtNr="2751" KundArt="5" KundStatus="3" KundAufDat="1997-02-11"/>
  <Kunden KundenNr="1927" KundEigtNr="2514" KundArt="5" KundStatus="3" KundAufDat="1997-02-11"/>
  <Kunden KundenNr="1928" KundEigtNr="1233" KundArt="3" KundStatus="3" KundAufDat="1997-02-11"/>
  <Kunden KundenNr="1929" KundEigtNr="3111" KundArt="29" KundStatus="1" KundAufDat="1997-02-12"/>
  <Kunden KundenNr="1930" KundEigtNr="1244" KundArt="29" KundStatus="1" KundAufDat="1997-02-12"/>
  <Kunden KundenNr="1931" KundEigtNr="503" KundArt="29" KundStatus="1" KundAufDat="1997-02-12"/>
  <Kunden KundenNr="1932" KundEigtNr="2954" KundArt="1" KundStatus="3" KundAufDat="1997-02-12"/>
  <Kunden KundenNr="1933" KundEigtNr="1533" KundArt="29" KundStatus="1" KundAufDat="1997-02-12"/>
  <Kunden KundenNr="1934" KundEigtNr="2775" KundArt="3" KundStatus="3" KundAufDat="1997-02-12"/>
  <Kunden KundenNr="1935" KundEigtNr="4164" KundArt="29" KundStatus="1" KundAufDat="1997-02-13"/>
  <Kunden KundenNr="1936" KundEigtNr="1005" KundArt="29" KundStatus="1" KundAufDat="1997-02-13"/>
  <Kunden KundenNr="1937" KundEigtNr="284" KundArt="3" KundStatus="3" KundAufDat="1997-02-13"/>
  <Kunden KundenNr="1938" KundEigtNr="3957" KundArt="29" KundStatus="1" KundAufDat="1997-02-13"/>
  <Kunden KundenNr="1939" KundEigtNr="3707" KundArt="8" KundStatus="1" KundAufDat="1997-02-13"/>
  <Kunden KundenNr="1940" KundEigtNr="2572" KundArt="29" KundStatus="1" KundAufDat="1997-02-13"/>
  <Kunden KundenNr="1941" KundEigtNr="2802" KundArt="29" KundStatus="1" KundAufDat="1997-02-13"/>
  <Kunden KundenNr="1942" KundEigtNr="1043" KundArt="29" KundStatus="1" KundAufDat="1997-02-13"/>
  <Kunden KundenNr="1943" KundEigtNr="3232" KundArt="1" KundStatus="1" KundAufDat="1997-02-13"/>
  <Kunden KundenNr="1944" KundEigtNr="1715" KundArt="1" KundStatus="1" KundAufDat="1997-02-13"/>
  <Kunden KundenNr="1945" KundEigtNr="1833" KundArt="1" KundStatus="3" KundAufDat="1997-02-13"/>
  <Kunden KundenNr="1946" KundEigtNr="2223" KundArt="1" KundStatus="3" KundAufDat="1997-02-13"/>
  <Kunden KundenNr="1947" KundEigtNr="997" KundArt="1" KundStatus="3" KundAufDat="1997-02-13"/>
  <Kunden KundenNr="1948" KundEigtNr="2107" KundArt="3" KundStatus="3" KundAufDat="1997-02-13"/>
  <Kunden KundenNr="1949" KundEigtNr="2579" KundArt="8" KundStatus="3" KundAufDat="1997-02-14"/>
  <Kunden KundenNr="1950" KundEigtNr="4077" KundArt="29" KundStatus="1" KundAufDat="1997-02-14"/>
  <Kunden KundenNr="1951" KundEigtNr="1714" KundArt="29" KundStatus="1" KundAufDat="1997-02-14"/>
  <Kunden KundenNr="1952" KundEigtNr="2709" KundArt="29" KundStatus="1" KundAufDat="1997-02-14"/>
  <Kunden KundenNr="1953" KundEigtNr="210" KundArt="1" KundStatus="1" KundAufDat="1997-06-23"/>
  <Kunden KundenNr="1954" KundEigtNr="164" KundArt="29" KundStatus="1" KundAufDat="1997-02-14"/>
  <Kunden KundenNr="1955" KundEigtNr="2695" KundArt="8" KundStatus="1" KundAufDat="1997-02-14"/>
  <Kunden KundenNr="1956" KundEigtNr="1313" KundArt="8" KundStatus="3" KundAufDat="1997-02-14"/>
  <Kunden KundenNr="1957" KundEigtNr="4354" KundArt="8" KundStatus="3" KundAufDat="1997-02-14"/>
  <Kunden KundenNr="1958" KundEigtNr="724" KundArt="8" KundStatus="1" KundAufDat="1997-02-17"/>
  <Kunden KundenNr="1959" KundEigtNr="2633" KundArt="8" KundStatus="3" KundAufDat="1997-02-17"/>
  <Kunden KundenNr="1960" KundEigtNr="3135" KundArt="8" KundStatus="3" KundAufDat="1997-02-17"/>
  <Kunden KundenNr="1961" KundEigtNr="3602" KundArt="3" KundStatus="3" KundAufDat="1997-02-17"/>
  <Kunden KundenNr="1962" KundEigtNr="4168" KundArt="8" KundStatus="1" KundAufDat="1997-02-17"/>
  <Kunden KundenNr="1963" KundEigtNr="336" KundArt="8" KundStatus="3" KundAufDat="1997-02-17"/>
  <Kunden KundenNr="1964" KundEigtNr="1246" KundArt="3" KundStatus="3" KundAufDat="1997-02-17"/>
  <Kunden KundenNr="1965" KundEigtNr="2475" KundArt="3" KundStatus="3" KundAufDat="1997-02-17"/>
  <Kunden KundenNr="1966" KundEigtNr="2370" KundArt="3" KundStatus="3" KundAufDat="1997-02-17"/>
  <Kunden KundenNr="1967" KundEigtNr="366" KundArt="3" KundStatus="3" KundAufDat="1997-02-17"/>
  <Kunden KundenNr="1968" KundEigtNr="2911" KundArt="3" KundStatus="3" KundAufDat="1997-02-17"/>
  <Kunden KundenNr="1969" KundEigtNr="1026" KundArt="16" KundStatus="1" KundAufDat="1997-02-17"/>
  <Kunden KundenNr="1970" KundEigtNr="3999" KundArt="8" KundStatus="1" KundAufDat="1997-02-17"/>
  <Kunden KundenNr="1971" KundEigtNr="827" KundArt="1" KundStatus="3" KundAufDat="1997-02-18"/>
  <Kunden KundenNr="1972" KundEigtNr="394" KundArt="5" KundStatus="3" KundAufDat="1997-02-18"/>
  <Kunden KundenNr="1973" KundEigtNr="2730" KundArt="29" KundStatus="1" KundAufDat="1997-02-18"/>
  <Kunden KundenNr="1974" KundEigtNr="353" KundArt="3" KundStatus="3" KundAufDat="1997-02-18"/>
  <Kunden KundenNr="1975" KundEigtNr="623" KundArt="3" KundStatus="3" KundAufDat="1997-02-18"/>
  <Kunden KundenNr="1976" KundEigtNr="314" KundArt="29" KundStatus="3" KundAufDat="1997-02-19"/>
  <Kunden KundenNr="1977" KundEigtNr="1177" KundArt="3" KundStatus="3" KundAufDat="1997-02-19"/>
  <Kunden KundenNr="1978" KundEigtNr="1088" KundArt="29" KundStatus="1" KundAufDat="1997-02-19"/>
  <Kunden KundenNr="1979" KundEigtNr="983" KundArt="3" KundStatus="3" KundAufDat="1997-02-19"/>
  <Kunden KundenNr="1980" KundEigtNr="1600" KundArt="29" KundStatus="1" KundAufDat="1997-02-20"/>
  <Kunden KundenNr="1981" KundEigtNr="2975" KundArt="8" KundStatus="1" KundAufDat="1997-02-21"/>
  <Kunden KundenNr="1982" KundEigtNr="2063" KundArt="29" KundStatus="1" KundAufDat="1997-02-21"/>
  <Kunden KundenNr="1983" KundEigtNr="3514" KundArt="8" KundStatus="3" KundAufDat="1997-02-24"/>
  <Kunden KundenNr="1984" KundEigtNr="1745" KundArt="1" KundStatus="3" KundAufDat="1997-02-24"/>
  <Kunden KundenNr="1985" KundEigtNr="3636" KundArt="5" KundStatus="3" KundAufDat="1997-02-24"/>
  <Kunden KundenNr="1986" KundEigtNr="2875" KundArt="3" KundStatus="3" KundAufDat="1997-02-24"/>
  <Kunden KundenNr="1987" KundEigtNr="683" KundArt="8" KundStatus="3" KundAufDat="1997-02-24"/>
  <Kunden KundenNr="1988" KundEigtNr="1216" KundArt="3" KundStatus="3" KundAufDat="1997-02-24"/>
  <Kunden KundenNr="1989" KundEigtNr="1571" KundArt="8" KundStatus="3" KundAufDat="1997-02-24"/>
  <Kunden KundenNr="1990" KundEigtNr="1634" KundArt="2" KundStatus="3" KundAufDat="1997-02-24"/>
  <Kunden KundenNr="1991" KundEigtNr="1089" KundArt="2" KundStatus="3" KundAufDat="1997-02-24"/>
  <Kunden KundenNr="1992" KundEigtNr="3689" KundArt="2" KundStatus="3" KundAufDat="1997-02-24"/>
  <Kunden KundenNr="1993" KundEigtNr="2093" KundArt="8" KundStatus="3" KundAufDat="1997-02-24"/>
  <Kunden KundenNr="1994" KundEigtNr="1197" KundArt="8" KundStatus="3" KundAufDat="1997-02-24"/>
  <Kunden KundenNr="1995" KundEigtNr="4031" KundArt="8" KundStatus="1" KundAufDat="1997-02-24"/>
  <Kunden KundenNr="1996" KundEigtNr="1873" KundArt="8" KundStatus="1" KundAufDat="1997-02-24"/>
  <Kunden KundenNr="1997" KundEigtNr="2074" KundArt="8" KundStatus="3" KundAufDat="1997-02-24"/>
  <Kunden KundenNr="1998" KundEigtNr="1544" KundArt="5" KundStatus="3" KundAufDat="1997-02-24"/>
  <Kunden KundenNr="1999" KundEigtNr="412" KundArt="2" KundStatus="3" KundAufDat="1997-02-24"/>
  <Kunden KundenNr="2000" KundEigtNr="1478" KundArt="8" KundStatus="3" KundAufDat="1997-02-24"/>
  <Kunden KundenNr="2001" KundEigtNr="1414" KundArt="8" KundStatus="3" KundAufDat="1997-02-24"/>
  <Kunden KundenNr="2002" KundEigtNr="1090" KundArt="8" KundStatus="3" KundAufDat="1997-02-24"/>
  <Kunden KundenNr="2003" KundEigtNr="595" KundArt="8" KundStatus="3" KundAufDat="1997-02-24"/>
  <Kunden KundenNr="2004" KundEigtNr="2389" KundArt="8" KundStatus="3" KundAufDat="1997-02-24"/>
  <Kunden KundenNr="2005" KundEigtNr="2158" KundArt="8" KundStatus="3" KundAufDat="1997-02-24"/>
  <Kunden KundenNr="2006" KundEigtNr="4084" KundArt="8" KundStatus="3" KundAufDat="1997-02-24"/>
  <Kunden KundenNr="2007" KundEigtNr="3092" KundArt="8" KundStatus="3" KundAufDat="1997-02-24"/>
  <Kunden KundenNr="2008" KundEigtNr="4038" KundArt="2" KundStatus="3" KundAufDat="1997-02-24"/>
  <Kunden KundenNr="2009" KundEigtNr="1439" KundArt="8" KundStatus="3" KundAufDat="1997-02-24"/>
  <Kunden KundenNr="2010" KundEigtNr="4037" KundArt="8" KundStatus="1" KundAufDat="1997-02-24"/>
  <Kunden KundenNr="2011" KundEigtNr="2043" KundArt="2" KundStatus="3" KundAufDat="1997-02-24"/>
  <Kunden KundenNr="2012" KundEigtNr="2792" KundArt="2" KundStatus="3" KundAufDat="1997-02-24"/>
  <Kunden KundenNr="2013" KundEigtNr="1357" KundArt="29" KundStatus="1" KundAufDat="1997-02-24"/>
  <Kunden KundenNr="2014" KundEigtNr="1739" KundArt="8" KundStatus="1" KundAufDat="1997-02-24"/>
  <Kunden KundenNr="2015" KundEigtNr="508" KundArt="8" KundStatus="1" KundAufDat="1997-02-24"/>
  <Kunden KundenNr="2016" KundEigtNr="1735" KundArt="8" KundStatus="3" KundAufDat="1997-02-24"/>
  <Kunden KundenNr="2017" KundEigtNr="3271" KundArt="8" KundStatus="3" KundAufDat="1997-02-24"/>
  <Kunden KundenNr="2018" KundEigtNr="1598" KundArt="8" KundStatus="3" KundAufDat="1997-02-24"/>
  <Kunden KundenNr="2019" KundEigtNr="1722" KundArt="8" KundStatus="3" KundAufDat="1997-02-24"/>
  <Kunden KundenNr="2020" KundEigtNr="2625" KundArt="3" KundStatus="3" KundAufDat="1997-02-24"/>
  <Kunden KundenNr="2021" KundEigtNr="1401" KundArt="8" KundStatus="1" KundAufDat="1997-02-24"/>
  <Kunden KundenNr="2022" KundEigtNr="1523" KundArt="2" KundStatus="3" KundAufDat="1997-02-24"/>
  <Kunden KundenNr="2023" KundEigtNr="3121" KundArt="8" KundStatus="3" KundAufDat="1997-02-24"/>
  <Kunden KundenNr="2024" KundEigtNr="3189" KundArt="8" KundStatus="1" KundAufDat="1997-02-24"/>
  <Kunden KundenNr="2025" KundEigtNr="1300" KundArt="8" KundStatus="1" KundAufDat="1997-02-24"/>
  <Kunden KundenNr="2026" KundEigtNr="3900" KundArt="5" KundStatus="3" KundAufDat="1997-02-24"/>
  <Kunden KundenNr="2027" KundEigtNr="2618" KundArt="5" KundStatus="3" KundAufDat="1997-02-24"/>
  <Kunden KundenNr="2028" KundEigtNr="339" KundArt="8" KundStatus="3" KundAufDat="1997-02-25"/>
  <Kunden KundenNr="2029" KundEigtNr="2130" KundArt="8" KundStatus="3" KundAufDat="1997-02-25"/>
  <Kunden KundenNr="2030" KundEigtNr="818" KundArt="8" KundStatus="3" KundAufDat="1997-02-25"/>
  <Kunden KundenNr="2031" KundEigtNr="2968" KundArt="8" KundStatus="3" KundAufDat="1997-02-25"/>
  <Kunden KundenNr="2032" KundEigtNr="697" KundArt="8" KundStatus="3" KundAufDat="1997-02-25"/>
  <Kunden KundenNr="2033" KundEigtNr="4131" KundArt="8" KundStatus="3" KundAufDat="1997-02-25"/>
  <Kunden KundenNr="2034" KundEigtNr="3266" KundArt="8" KundStatus="3" KundAufDat="1997-02-25"/>
  <Kunden KundenNr="2035" KundEigtNr="3540" KundArt="2" KundStatus="3" KundAufDat="1997-02-25"/>
  <Kunden KundenNr="2036" KundEigtNr="4146" KundArt="8" KundStatus="3" KundAufDat="1997-02-25"/>
  <Kunden KundenNr="2037" KundEigtNr="2196" KundArt="2" KundStatus="3" KundAufDat="1997-02-25"/>
  <Kunden KundenNr="2038" KundEigtNr="1684" KundArt="2" KundStatus="3" KundAufDat="1997-02-25"/>
  <Kunden KundenNr="2039" KundEigtNr="3483" KundArt="2" KundStatus="3" KundAufDat="1997-02-25"/>
  <Kunden KundenNr="2040" KundEigtNr="3778" KundArt="2" KundStatus="3" KundAufDat="1997-02-25"/>
  <Kunden KundenNr="2041" KundEigtNr="442" KundArt="2" KundStatus="3" KundAufDat="1997-02-25"/>
  <Kunden KundenNr="2042" KundEigtNr="1232" KundArt="8" KundStatus="3" KundAufDat="1997-02-25"/>
  <Kunden KundenNr="2043" KundEigtNr="3327" KundArt="8" KundStatus="3" KundAufDat="1997-02-25"/>
  <Kunden KundenNr="2044" KundEigtNr="3230" KundArt="8" KundStatus="3" KundAufDat="1997-02-25"/>
  <Kunden KundenNr="2045" KundEigtNr="3772" KundArt="8" KundStatus="1" KundAufDat="1997-02-25"/>
  <Kunden KundenNr="2046" KundEigtNr="2047" KundArt="8" KundStatus="1" KundAufDat="1997-02-25"/>
  <Kunden KundenNr="2047" KundEigtNr="2737" KundArt="8" KundStatus="3" KundAufDat="1997-02-25"/>
  <Kunden KundenNr="2048" KundEigtNr="1720" KundArt="8" KundStatus="3" KundAufDat="1997-02-25"/>
  <Kunden KundenNr="2049" KundEigtNr="1201" KundArt="1" KundStatus="3" KundAufDat="1997-02-25"/>
  <Kunden KundenNr="2050" KundEigtNr="1135" KundArt="8" KundStatus="1" KundAufDat="1997-02-25"/>
  <Kunden KundenNr="2051" KundEigtNr="772" KundArt="8" KundStatus="3" KundAufDat="1997-02-25"/>
  <Kunden KundenNr="2052" KundEigtNr="1900" KundArt="8" KundStatus="1" KundAufDat="1997-02-25"/>
  <Kunden KundenNr="2053" KundEigtNr="1110" KundArt="8" KundStatus="1" KundAufDat="1997-02-25"/>
  <Kunden KundenNr="2054" KundEigtNr="3265" KundArt="8" KundStatus="3" KundAufDat="1997-02-25"/>
  <Kunden KundenNr="2055" KundEigtNr="566" KundArt="8" KundStatus="3" KundAufDat="1997-02-25"/>
  <Kunden KundenNr="2056" KundEigtNr="4156" KundArt="8" KundStatus="3" KundAufDat="1997-02-25"/>
  <Kunden KundenNr="2057" KundEigtNr="3690" KundArt="2" KundStatus="3" KundAufDat="1997-02-25"/>
  <Kunden KundenNr="2058" KundEigtNr="2197" KundArt="2" KundStatus="3" KundAufDat="1997-02-25"/>
  <Kunden KundenNr="2059" KundEigtNr="357" KundArt="3" KundStatus="3" KundAufDat="1997-02-25"/>
  <Kunden KundenNr="2060" KundEigtNr="2634" KundArt="8" KundStatus="1" KundAufDat="1997-02-25"/>
  <Kunden KundenNr="2061" KundEigtNr="564" KundArt="8" KundStatus="3" KundAufDat="1997-02-25"/>
  <Kunden KundenNr="2062" KundEigtNr="869" KundArt="2" KundStatus="3" KundAufDat="1997-02-25"/>
  <Kunden KundenNr="2063" KundEigtNr="3926" KundArt="3" KundStatus="3" KundAufDat="1997-02-25"/>
  <Kunden KundenNr="2064" KundEigtNr="1185" KundArt="5" KundStatus="3" KundAufDat="1997-02-25"/>
  <Kunden KundenNr="2065" KundEigtNr="2035" KundArt="3" KundStatus="3" KundAufDat="1997-02-25"/>
  <Kunden KundenNr="2066" KundEigtNr="3186" KundArt="8" KundStatus="1" KundAufDat="1997-02-25"/>
  <Kunden KundenNr="2067" KundEigtNr="3881" KundArt="3" KundStatus="3" KundAufDat="1997-02-25"/>
  <Kunden KundenNr="2068" KundEigtNr="3210" KundArt="5" KundStatus="3" KundAufDat="1997-02-25"/>
  <Kunden KundenNr="2069" KundEigtNr="1091" KundArt="3" KundStatus="3" KundAufDat="1997-02-25"/>
  <Kunden KundenNr="2070" KundEigtNr="3101" KundArt="2" KundStatus="3" KundAufDat="1997-02-25"/>
  <Kunden KundenNr="2071" KundEigtNr="4054" KundArt="8" KundStatus="3" KundAufDat="1997-02-25"/>
  <Kunden KundenNr="2072" KundEigtNr="2830" KundArt="8" KundStatus="3" KundAufDat="1997-02-25"/>
  <Kunden KundenNr="2073" KundEigtNr="3623" KundArt="4" KundStatus="3" KundAufDat="1997-02-25"/>
  <Kunden KundenNr="2074" KundEigtNr="1492" KundArt="5" KundStatus="3" KundAufDat="1997-02-25"/>
  <Kunden KundenNr="2075" KundEigtNr="2914" KundArt="5" KundStatus="3" KundAufDat="1997-02-25"/>
  <Kunden KundenNr="2076" KundEigtNr="1986" KundArt="5" KundStatus="3" KundAufDat="1997-02-25"/>
  <Kunden KundenNr="2077" KundEigtNr="1358" KundArt="3" KundStatus="3" KundAufDat="1997-02-26"/>
  <Kunden KundenNr="2078" KundEigtNr="615" KundArt="8" KundStatus="3" KundAufDat="1997-02-26"/>
  <Kunden KundenNr="2079" KundEigtNr="3312" KundArt="8" KundStatus="3" KundAufDat="1997-02-26"/>
  <Kunden KundenNr="2080" KundEigtNr="2882" KundArt="8" KundStatus="1" KundAufDat="1997-02-26"/>
  <Kunden KundenNr="2081" KundEigtNr="1681" KundArt="2" KundStatus="3" KundAufDat="1997-02-26"/>
  <Kunden KundenNr="2082" KundEigtNr="318" KundArt="14" KundStatus="3" KundAufDat="1997-02-26"/>
  <Kunden KundenNr="2083" KundEigtNr="2936" KundArt="29" KundStatus="1" KundAufDat="1997-02-26"/>
  <Kunden KundenNr="2084" KundEigtNr="1475" KundArt="16" KundStatus="1" KundAufDat="1997-02-26"/>
  <Kunden KundenNr="2085" KundEigtNr="3554" KundArt="29" KundStatus="3" KundAufDat="1997-02-26"/>
  <Kunden KundenNr="2086" KundEigtNr="1207" KundArt="8" KundStatus="1" KundAufDat="1997-02-26"/>
  <Kunden KundenNr="2087" KundEigtNr="2504" KundArt="8" KundStatus="3" KundAufDat="1997-02-26"/>
  <Kunden KundenNr="2088" KundEigtNr="4035" KundArt="8" KundStatus="3" KundAufDat="1997-02-26"/>
  <Kunden KundenNr="2089" KundEigtNr="3564" KundArt="8" KundStatus="3" KundAufDat="1997-02-26"/>
  <Kunden KundenNr="2090" KundEigtNr="3425" KundArt="8" KundStatus="1" KundAufDat="1997-02-26"/>
  <Kunden KundenNr="2091" KundEigtNr="3124" KundArt="29" KundStatus="1" KundAufDat="1997-02-26"/>
  <Kunden KundenNr="2092" KundEigtNr="3537" KundArt="3" KundStatus="3" KundAufDat="1997-02-27"/>
  <Kunden KundenNr="2093" KundEigtNr="837" KundArt="3" KundStatus="3" KundAufDat="1997-02-27"/>
  <Kunden KundenNr="2094" KundEigtNr="4028" KundArt="3" KundStatus="3" KundAufDat="1997-02-27"/>
  <Kunden KundenNr="2095" KundEigtNr="2198" KundArt="3" KundStatus="3" KundAufDat="1997-02-27"/>
  <Kunden KundenNr="2096" KundEigtNr="2956" KundArt="2" KundStatus="3" KundAufDat="1997-02-27"/>
  <Kunden KundenNr="2097" KundEigtNr="903" KundArt="2" KundStatus="3" KundAufDat="1997-02-27"/>
  <Kunden KundenNr="2098" KundEigtNr="2644" KundArt="8" KundStatus="1" KundAufDat="1997-02-27"/>
  <Kunden KundenNr="2099" KundEigtNr="1077" KundArt="8" KundStatus="3" KundAufDat="1997-02-27"/>
  <Kunden KundenNr="2100" KundEigtNr="835" KundArt="8" KundStatus="1" KundAufDat="1997-02-27"/>
  <Kunden KundenNr="2101" KundEigtNr="2438" KundArt="2" KundStatus="3" KundAufDat="1997-02-27"/>
  <Kunden KundenNr="2102" KundEigtNr="319" KundArt="8" KundStatus="3" KundAufDat="1997-02-27"/>
  <Kunden KundenNr="2103" KundEigtNr="3720" KundArt="8" KundStatus="1" KundAufDat="1997-02-27"/>
  <Kunden KundenNr="2104" KundEigtNr="3685" KundArt="3" KundStatus="3" KundAufDat="1997-02-27"/>
  <Kunden KundenNr="2105" KundEigtNr="4188" KundArt="3" KundStatus="3" KundAufDat="1997-02-27"/>
  <Kunden KundenNr="2106" KundEigtNr="685" KundArt="5" KundStatus="3" KundAufDat="1997-02-27"/>
  <Kunden KundenNr="2107" KundEigtNr="3441" KundArt="29" KundStatus="1" KundAufDat="1997-02-28"/>
  <Kunden KundenNr="2108" KundEigtNr="3953" KundArt="29" KundStatus="1" KundAufDat="1997-02-28"/>
  <Kunden KundenNr="2109" KundEigtNr="721" KundArt="2" KundStatus="3" KundAufDat="1997-02-28"/>
  <Kunden KundenNr="2110" KundEigtNr="1416" KundArt="8" KundStatus="1" KundAufDat="1997-02-28"/>
  <Kunden KundenNr="2111" KundEigtNr="4165" KundArt="8" KundStatus="3" KundAufDat="1997-02-28"/>
  <Kunden KundenNr="2112" KundEigtNr="2728" KundArt="8" KundStatus="3" KundAufDat="1997-02-28"/>
  <Kunden KundenNr="2113" KundEigtNr="3222" KundArt="8" KundStatus="3" KundAufDat="1997-02-28"/>
  <Kunden KundenNr="2114" KundEigtNr="3483" KundArt="8" KundStatus="1" KundAufDat="1997-02-28"/>
  <Kunden KundenNr="2115" KundEigtNr="1684" KundArt="8" KundStatus="3" KundAufDat="1997-02-28"/>
  <Kunden KundenNr="2116" KundEigtNr="2086" KundArt="3" KundStatus="3" KundAufDat="1997-02-28"/>
  <Kunden KundenNr="2117" KundEigtNr="1493" KundArt="5" KundStatus="3" KundAufDat="1997-02-28"/>
  <Kunden KundenNr="2118" KundEigtNr="1307" KundArt="3" KundStatus="3" KundAufDat="1997-02-28"/>
  <Kunden KundenNr="2119" KundEigtNr="2885" KundArt="8" KundStatus="3" KundAufDat="1997-02-28"/>
  <Kunden KundenNr="2120" KundEigtNr="3163" KundArt="8" KundStatus="3" KundAufDat="1997-02-28"/>
  <Kunden KundenNr="2121" KundEigtNr="2883" KundArt="29" KundStatus="1" KundAufDat="1997-02-28"/>
  <Kunden KundenNr="2122" KundEigtNr="3292" KundArt="29" KundStatus="1" KundAufDat="1997-02-28"/>
  <Kunden KundenNr="2123" KundEigtNr="19" KundArt="29" KundStatus="1" KundAufDat="1997-02-28"/>
  <Kunden KundenNr="2124" KundEigtNr="2015" KundArt="3" KundStatus="3" KundAufDat="1997-03-03"/>
  <Kunden KundenNr="2125" KundEigtNr="3152" KundArt="3" KundStatus="3" KundAufDat="1997-03-03"/>
  <Kunden KundenNr="2126" KundEigtNr="1691" KundArt="8" KundStatus="3" KundAufDat="1997-03-03"/>
  <Kunden KundenNr="2127" KundEigtNr="3547" KundArt="29" KundStatus="1" KundAufDat="1997-03-03"/>
  <Kunden KundenNr="2128" KundEigtNr="3776" KundArt="8" KundStatus="3" KundAufDat="1997-03-03"/>
  <Kunden KundenNr="2129" KundEigtNr="1050" KundArt="3" KundStatus="3" KundAufDat="1997-03-03"/>
  <Kunden KundenNr="2130" KundEigtNr="2806" KundArt="3" KundStatus="3" KundAufDat="1997-03-03"/>
  <Kunden KundenNr="2131" KundEigtNr="3136" KundArt="3" KundStatus="3" KundAufDat="1997-03-03"/>
  <Kunden KundenNr="2132" KundEigtNr="3371" KundArt="29" KundStatus="1" KundAufDat="1997-03-03"/>
  <Kunden KundenNr="2133" KundEigtNr="2221" KundArt="5" KundStatus="3" KundAufDat="1997-03-03"/>
  <Kunden KundenNr="2134" KundEigtNr="1918" KundArt="2" KundStatus="3" KundAufDat="1997-03-03"/>
  <Kunden KundenNr="2135" KundEigtNr="3126" KundArt="2" KundStatus="3" KundAufDat="1997-03-03"/>
  <Kunden KundenNr="2136" KundEigtNr="531" KundArt="8" KundStatus="3" KundAufDat="1997-03-03"/>
  <Kunden KundenNr="2137" KundEigtNr="1857" KundArt="8" KundStatus="3" KundAufDat="1997-03-04"/>
  <Kunden KundenNr="2138" KundEigtNr="3432" KundArt="8" KundStatus="1" KundAufDat="1997-03-04"/>
  <Kunden KundenNr="2139" KundEigtNr="2235" KundArt="29" KundStatus="1" KundAufDat="1997-03-04"/>
  <Kunden KundenNr="2140" KundEigtNr="2649" KundArt="8" KundStatus="3" KundAufDat="1997-03-04"/>
  <Kunden KundenNr="2141" KundEigtNr="1559" KundArt="8" KundStatus="3" KundAufDat="1997-03-04"/>
  <Kunden KundenNr="2142" KundEigtNr="1799" KundArt="8" KundStatus="3" KundAufDat="1997-03-04"/>
  <Kunden KundenNr="2143" KundEigtNr="2807" KundArt="3" KundStatus="3" KundAufDat="1997-03-04"/>
  <Kunden KundenNr="2144" KundEigtNr="734" KundArt="2" KundStatus="3" KundAufDat="1997-03-04"/>
  <Kunden KundenNr="2145" KundEigtNr="2612" KundArt="3" KundStatus="3" KundAufDat="1997-03-04"/>
  <Kunden KundenNr="2146" KundEigtNr="2357" KundArt="29" KundStatus="1" KundAufDat="1997-03-04"/>
  <Kunden KundenNr="2147" KundEigtNr="746" KundArt="16" KundStatus="1" KundAufDat="1997-03-04"/>
  <Kunden KundenNr="2148" KundEigtNr="587" KundArt="8" KundStatus="1" KundAufDat="1997-03-04"/>
  <Kunden KundenNr="2149" KundEigtNr="1919" KundArt="29" KundStatus="1" KundAufDat="1997-03-05"/>
  <Kunden KundenNr="2150" KundEigtNr="3981" KundArt="29" KundStatus="1" KundAufDat="1997-03-05"/>
  <Kunden KundenNr="2152" KundEigtNr="3296" KundArt="14" KundStatus="3" KundAufDat="1997-03-05"/>
  <Kunden KundenNr="2153" KundEigtNr="2981" KundArt="3" KundStatus="3" KundAufDat="1997-03-05"/>
  <Kunden KundenNr="2154" KundEigtNr="1456" KundArt="5" KundStatus="3" KundAufDat="1997-03-05"/>
  <Kunden KundenNr="2155" KundEigtNr="3737" KundArt="5" KundStatus="3" KundAufDat="1997-03-05"/>
  <Kunden KundenNr="2156" KundEigtNr="1616" KundArt="8" KundStatus="3" KundAufDat="1997-03-05"/>
  <Kunden KundenNr="2157" KundEigtNr="3620" KundArt="3" KundStatus="3" KundAufDat="1997-03-05"/>
  <Kunden KundenNr="2158" KundEigtNr="2412" KundArt="5" KundStatus="3" KundAufDat="1997-03-06"/>
  <Kunden KundenNr="2159" KundEigtNr="2816" KundArt="1" KundStatus="3" KundAufDat="1997-03-06"/>
  <Kunden KundenNr="2160" KundEigtNr="1963" KundArt="29" KundStatus="1" KundAufDat="1997-03-06"/>
  <Kunden KundenNr="2161" KundEigtNr="2426" KundArt="3" KundStatus="3" KundAufDat="1997-03-06"/>
  <Kunden KundenNr="2162" KundEigtNr="3252" KundArt="2" KundStatus="3" KundAufDat="1997-03-06"/>
  <Kunden KundenNr="2163" KundEigtNr="624" KundArt="2" KundStatus="3" KundAufDat="1997-03-07"/>
  <Kunden KundenNr="2164" KundEigtNr="3102" KundArt="2" KundStatus="3" KundAufDat="1997-03-08"/>
  <Kunden KundenNr="2165" KundEigtNr="1946" KundArt="3" KundStatus="3" KundAufDat="1997-03-10"/>
  <Kunden KundenNr="2166" KundEigtNr="1459" KundArt="2" KundStatus="1" KundAufDat="1997-03-10"/>
  <Kunden KundenNr="2167" KundEigtNr="1617" KundArt="2" KundStatus="3" KundAufDat="1997-03-10"/>
  <Kunden KundenNr="2168" KundEigtNr="323" KundArt="3" KundStatus="3" KundAufDat="1997-03-10"/>
  <Kunden KundenNr="2169" KundEigtNr="3856" KundArt="2" KundStatus="3" KundAufDat="1997-03-10"/>
  <Kunden KundenNr="2170" KundEigtNr="1572" KundArt="5" KundStatus="3" KundAufDat="1997-03-10"/>
  <Kunden KundenNr="2171" KundEigtNr="3297" KundArt="29" KundStatus="1" KundAufDat="1997-03-10"/>
  <Kunden KundenNr="2172" KundEigtNr="3402" KundArt="3" KundStatus="3" KundAufDat="1997-03-11"/>
  <Kunden KundenNr="2173" KundEigtNr="2269" KundArt="2" KundStatus="1" KundAufDat="1997-03-11"/>
  <Kunden KundenNr="2174" KundEigtNr="802" KundArt="8" KundStatus="3" KundAufDat="1997-03-11"/>
  <Kunden KundenNr="2175" KundEigtNr="3103" KundArt="3" KundStatus="3" KundAufDat="1997-03-11"/>
  <Kunden KundenNr="2176" KundEigtNr="1374" KundArt="8" KundStatus="3" KundAufDat="1997-03-11"/>
  <Kunden KundenNr="2177" KundEigtNr="2626" KundArt="3" KundStatus="3" KundAufDat="1997-03-11"/>
  <Kunden KundenNr="2178" KundEigtNr="4305" KundArt="5" KundStatus="3" KundAufDat="1997-03-11"/>
  <Kunden KundenNr="2179" KundEigtNr="2178" KundArt="2" KundStatus="3" KundAufDat="1997-03-11"/>
  <Kunden KundenNr="2180" KundEigtNr="944" KundArt="2" KundStatus="1" KundAufDat="1997-03-11"/>
  <Kunden KundenNr="2181" KundEigtNr="4002" KundArt="2" KundStatus="3" KundAufDat="1997-03-11"/>
  <Kunden KundenNr="2182" KundEigtNr="3275" KundArt="2" KundStatus="3" KundAufDat="1997-03-11"/>
  <Kunden KundenNr="2183" KundEigtNr="1505" KundArt="29" KundStatus="1" KundAufDat="1997-03-11"/>
  <Kunden KundenNr="2184" KundEigtNr="2753" KundArt="29" KundStatus="1" KundAufDat="1997-03-11"/>
  <Kunden KundenNr="2185" KundEigtNr="1896" KundArt="1" KundStatus="3" KundAufDat="1997-03-11"/>
  <Kunden KundenNr="2186" KundEigtNr="567" KundArt="3" KundStatus="3" KundAufDat="1997-03-12"/>
  <Kunden KundenNr="2187" KundEigtNr="966" KundArt="29" KundStatus="1" KundAufDat="1997-03-12"/>
  <Kunden KundenNr="2188" KundEigtNr="3291" KundArt="29" KundStatus="1" KundAufDat="1997-03-12"/>
  <Kunden KundenNr="2189" KundEigtNr="2568" KundArt="1" KundStatus="3" KundAufDat="1997-03-12"/>
  <Kunden KundenNr="2190" KundEigtNr="941" KundArt="29" KundStatus="1" KundAufDat="1997-03-12"/>
  <Kunden KundenNr="2191" KundEigtNr="3976" KundArt="29" KundStatus="1" KundAufDat="1997-03-13"/>
  <Kunden KundenNr="2192" KundEigtNr="457" KundArt="29" KundStatus="1" KundAufDat="1997-03-13"/>
  <Kunden KundenNr="2193" KundEigtNr="3046" KundArt="5" KundStatus="3" KundAufDat="1997-03-13"/>
  <Kunden KundenNr="2194" KundEigtNr="3814" KundArt="3" KundStatus="3" KundAufDat="1997-03-13"/>
  <Kunden KundenNr="2195" KundEigtNr="3177" KundArt="29" KundStatus="1" KundAufDat="1997-03-14"/>
  <Kunden KundenNr="2196" KundEigtNr="314" KundArt="1" KundStatus="3" KundAufDat="1997-03-14"/>
  <Kunden KundenNr="2197" KundEigtNr="3461" KundArt="5" KundStatus="3" KundAufDat="1997-03-14"/>
  <Kunden KundenNr="2198" KundEigtNr="3753" KundArt="5" KundStatus="3" KundAufDat="1997-03-14"/>
  <Kunden KundenNr="2199" KundEigtNr="1174" KundArt="29" KundStatus="1" KundAufDat="1997-03-15"/>
  <Kunden KundenNr="2200" KundEigtNr="2199" KundArt="2" KundStatus="3" KundAufDat="1997-03-17"/>
  <Kunden KundenNr="2201" KundEigtNr="2124" KundArt="2" KundStatus="3" KundAufDat="1997-03-17"/>
  <Kunden KundenNr="2202" KundEigtNr="2554" KundArt="5" KundStatus="3" KundAufDat="1997-03-17"/>
  <Kunden KundenNr="2203" KundEigtNr="2142" KundArt="8" KundStatus="1" KundAufDat="1997-03-17"/>
  <Kunden KundenNr="2204" KundEigtNr="2001" KundArt="5" KundStatus="3" KundAufDat="1997-03-17"/>
  <Kunden KundenNr="2205" KundEigtNr="3966" KundArt="3" KundStatus="3" KundAufDat="1997-03-17"/>
  <Kunden KundenNr="2206" KundEigtNr="2627" KundArt="2" KundStatus="3" KundAufDat="1997-03-17"/>
  <Kunden KundenNr="2207" KundEigtNr="4169" KundArt="2" KundStatus="3" KundAufDat="1997-03-17"/>
  <Kunden KundenNr="2208" KundEigtNr="1124" KundArt="29" KundStatus="1" KundAufDat="1997-03-17"/>
  <Kunden KundenNr="2209" KundEigtNr="2928" KundArt="5" KundStatus="3" KundAufDat="1997-03-18"/>
  <Kunden KundenNr="2210" KundEigtNr="795" KundArt="3" KundStatus="3" KundAufDat="1997-03-18"/>
  <Kunden KundenNr="2211" KundEigtNr="482" KundArt="3" KundStatus="3" KundAufDat="1997-03-18"/>
  <Kunden KundenNr="2212" KundEigtNr="3843" KundArt="3" KundStatus="3" KundAufDat="1997-03-18"/>
  <Kunden KundenNr="2213" KundEigtNr="3770" KundArt="16" KundStatus="1" KundAufDat="1997-03-18"/>
  <Kunden KundenNr="2214" KundEigtNr="563" KundArt="5" KundStatus="3" KundAufDat="1997-03-19"/>
  <Kunden KundenNr="2215" KundEigtNr="153" KundArt="29" KundStatus="1" KundAufDat="1997-03-19"/>
  <Kunden KundenNr="2216" KundEigtNr="707" KundArt="5" KundStatus="3" KundAufDat="1997-03-19"/>
  <Kunden KundenNr="2217" KundEigtNr="2141" KundArt="1" KundStatus="3" KundAufDat="1997-03-19"/>
  <Kunden KundenNr="2218" KundEigtNr="3874" KundArt="3" KundStatus="3" KundAufDat="1997-03-19"/>
  <Kunden KundenNr="2219" KundEigtNr="1781" KundArt="4" KundStatus="3" KundAufDat="1997-03-19"/>
  <Kunden KundenNr="2220" KundEigtNr="3982" KundArt="2" KundStatus="3" KundAufDat="1997-03-19"/>
  <Kunden KundenNr="2221" KundEigtNr="2876" KundArt="3" KundStatus="3" KundAufDat="1997-03-20"/>
  <Kunden KundenNr="2222" KundEigtNr="428" KundArt="29" KundStatus="1" KundAufDat="1997-03-20"/>
  <Kunden KundenNr="2223" KundEigtNr="3817" KundArt="3" KundStatus="3" KundAufDat="1997-03-20"/>
  <Kunden KundenNr="2224" KundEigtNr="2762" KundArt="3" KundStatus="3" KundAufDat="1997-03-21"/>
  <Kunden KundenNr="2225" KundEigtNr="4127" KundArt="29" KundStatus="1" KundAufDat="1997-03-21"/>
  <Kunden KundenNr="2226" KundEigtNr="2003" KundArt="29" KundStatus="1" KundAufDat="1997-03-21"/>
  <Kunden KundenNr="2227" KundEigtNr="3137" KundArt="5" KundStatus="3" KundAufDat="1997-03-21"/>
  <Kunden KundenNr="2228" KundEigtNr="1866" KundArt="5" KundStatus="3" KundAufDat="1997-03-21"/>
  <Kunden KundenNr="2229" KundEigtNr="3474" KundArt="4" KundStatus="3" KundAufDat="1997-03-22"/>
  <Kunden KundenNr="2230" KundEigtNr="3377" KundArt="4" KundStatus="3" KundAufDat="1997-03-22"/>
  <Kunden KundenNr="2231" KundEigtNr="2025" KundArt="4" KundStatus="3" KundAufDat="1997-03-22"/>
  <Kunden KundenNr="2232" KundEigtNr="3458" KundArt="4" KundStatus="3" KundAufDat="1997-03-24"/>
  <Kunden KundenNr="2233" KundEigtNr="28201" KundArt="1" KundStatus="1" KundAufDat="1997-03-24"/>
  <Kunden KundenNr="2234" KundEigtNr="1979" KundArt="29" KundStatus="1" KundAufDat="1997-03-24"/>
  <Kunden KundenNr="2235" KundEigtNr="1800" KundArt="5" KundStatus="3" KundAufDat="1997-03-24"/>
  <Kunden KundenNr="2236" KundEigtNr="2986" KundArt="3" KundStatus="3" KundAufDat="1997-03-24"/>
  <Kunden KundenNr="2237" KundEigtNr="1964" KundArt="3" KundStatus="3" KundAufDat="1997-03-24"/>
  <Kunden KundenNr="2238" KundEigtNr="3629" KundArt="4" KundStatus="3" KundAufDat="1997-03-24"/>
  <Kunden KundenNr="2239" KundEigtNr="1832" KundArt="2" KundStatus="3" KundAufDat="1997-03-24"/>
  <Kunden KundenNr="2240" KundEigtNr="2653" KundArt="2" KundStatus="3" KundAufDat="1997-03-24"/>
  <Kunden KundenNr="2241" KundEigtNr="2926" KundArt="8" KundStatus="3" KundAufDat="1997-03-24"/>
  <Kunden KundenNr="2242" KundEigtNr="2029" KundArt="8" KundStatus="3" KundAufDat="1997-03-24"/>
  <Kunden KundenNr="2243" KundEigtNr="2012" KundArt="8" KundStatus="3" KundAufDat="1997-03-24"/>
  <Kunden KundenNr="2244" KundEigtNr="3449" KundArt="8" KundStatus="3" KundAufDat="1997-03-24"/>
  <Kunden KundenNr="2245" KundEigtNr="3682" KundArt="8" KundStatus="3" KundAufDat="1997-03-24"/>
  <Kunden KundenNr="2246" KundEigtNr="3477" KundArt="8" KundStatus="3" KundAufDat="1997-03-24"/>
  <Kunden KundenNr="2247" KundEigtNr="2236" KundArt="8" KundStatus="3" KundAufDat="1997-03-24"/>
  <Kunden KundenNr="2248" KundEigtNr="2598" KundArt="8" KundStatus="3" KundAufDat="1997-03-24"/>
  <Kunden KundenNr="2249" KundEigtNr="1438" KundArt="8" KundStatus="3" KundAufDat="1997-03-24"/>
  <Kunden KundenNr="2250" KundEigtNr="3645" KundArt="8" KundStatus="3" KundAufDat="1997-03-24"/>
  <Kunden KundenNr="2251" KundEigtNr="2441" KundArt="8" KundStatus="3" KundAufDat="1997-03-24"/>
  <Kunden KundenNr="2252" KundEigtNr="1775" KundArt="2" KundStatus="3" KundAufDat="1997-03-24"/>
  <Kunden KundenNr="2253" KundEigtNr="4174" KundArt="2" KundStatus="3" KundAufDat="1997-03-24"/>
  <Kunden KundenNr="2254" KundEigtNr="1385" KundArt="2" KundStatus="3" KundAufDat="1997-03-24"/>
  <Kunden KundenNr="2255" KundEigtNr="2742" KundArt="2" KundStatus="3" KundAufDat="1997-03-24"/>
  <Kunden KundenNr="2256" KundEigtNr="3927" KundArt="2" KundStatus="3" KundAufDat="1997-03-24"/>
  <Kunden KundenNr="2257" KundEigtNr="3567" KundArt="4" KundStatus="3" KundAufDat="1997-03-24"/>
  <Kunden KundenNr="2258" KundEigtNr="2499" KundArt="4" KundStatus="3" KundAufDat="1997-03-24"/>
  <Kunden KundenNr="2259" KundEigtNr="3373" KundArt="3" KundStatus="3" KundAufDat="1997-03-24"/>
  <Kunden KundenNr="2260" KundEigtNr="2585" KundArt="3" KundStatus="3" KundAufDat="1997-03-24"/>
  <Kunden KundenNr="2261" KundEigtNr="3424" KundArt="3" KundStatus="3" KundAufDat="1997-03-24"/>
  <Kunden KundenNr="2262" KundEigtNr="3238" KundArt="4" KundStatus="3" KundAufDat="1997-03-24"/>
  <Kunden KundenNr="2263" KundEigtNr="2567" KundArt="4" KundStatus="3" KundAufDat="1997-03-25"/>
  <Kunden KundenNr="2264" KundEigtNr="2159" KundArt="8" KundStatus="3" KundAufDat="1997-03-25"/>
  <Kunden KundenNr="2265" KundEigtNr="2490" KundArt="3" KundStatus="3" KundAufDat="1997-03-25"/>
  <Kunden KundenNr="2266" KundEigtNr="1589" KundArt="3" KundStatus="3" KundAufDat="1997-03-25"/>
  <Kunden KundenNr="2267" KundEigtNr="2950" KundArt="4" KundStatus="3" KundAufDat="1997-03-25"/>
  <Kunden KundenNr="2268" KundEigtNr="1396" KundArt="4" KundStatus="3" KundAufDat="1997-03-25"/>
  <Kunden KundenNr="2269" KundEigtNr="2390" KundArt="4" KundStatus="3" KundAufDat="1997-03-25"/>
  <Kunden KundenNr="2270" KundEigtNr="2740" KundArt="8" KundStatus="3" KundAufDat="1997-03-25"/>
  <Kunden KundenNr="2271" KundEigtNr="284" KundArt="29" KundStatus="1" KundAufDat="1997-03-26"/>
  <Kunden KundenNr="2272" KundEigtNr="1555" KundArt="4" KundStatus="3" KundAufDat="1997-03-26"/>
  <Kunden KundenNr="2273" KundEigtNr="3615" KundArt="8" KundStatus="3" KundAufDat="1997-03-26"/>
  <Kunden KundenNr="2274" KundEigtNr="2989" KundArt="29" KundStatus="1" KundAufDat="1997-03-26"/>
  <Kunden KundenNr="2275" KundEigtNr="3713" KundArt="4" KundStatus="3" KundAufDat="1997-03-27"/>
  <Kunden KundenNr="2276" KundEigtNr="2905" KundArt="4" KundStatus="3" KundAufDat="1997-03-27"/>
  <Kunden KundenNr="2277" KundEigtNr="3316" KundArt="4" KundStatus="3" KundAufDat="1997-03-27"/>
  <Kunden KundenNr="2278" KundEigtNr="2505" KundArt="3" KundStatus="3" KundAufDat="1997-03-27"/>
  <Kunden KundenNr="2279" KundEigtNr="2783" KundArt="1" KundStatus="3" KundAufDat="1997-04-01"/>
  <Kunden KundenNr="2280" KundEigtNr="1590" KundArt="3" KundStatus="3" KundAufDat="1997-04-01"/>
  <Kunden KundenNr="2281" KundEigtNr="3011" KundArt="29" KundStatus="1" KundAufDat="1997-04-02"/>
  <Kunden KundenNr="2282" KundEigtNr="2131" KundArt="29" KundStatus="3" KundAufDat="1997-04-02"/>
  <Kunden KundenNr="2283" KundEigtNr="3138" KundArt="8" KundStatus="1" KundAufDat="1997-04-02"/>
  <Kunden KundenNr="2284" KundEigtNr="3445" KundArt="29" KundStatus="1" KundAufDat="1997-04-02"/>
  <Kunden KundenNr="2285" KundEigtNr="1769" KundArt="8" KundStatus="3" KundAufDat="1997-04-03"/>
  <Kunden KundenNr="2286" KundEigtNr="2401" KundArt="5" KundStatus="3" KundAufDat="1997-04-03"/>
  <Kunden KundenNr="2287" KundEigtNr="2681" KundArt="3" KundStatus="3" KundAufDat="1997-04-03"/>
  <Kunden KundenNr="2288" KundEigtNr="2113" KundArt="29" KundStatus="1" KundAufDat="1997-04-04"/>
  <Kunden KundenNr="2289" KundEigtNr="29250" KundArt="29" KundStatus="1" KundAufDat="1997-04-04"/>
  <Kunden KundenNr="2290" KundEigtNr="1512" KundArt="29" KundStatus="1" KundAufDat="1997-04-07"/>
  <Kunden KundenNr="2291" KundEigtNr="819" KundArt="3" KundStatus="3" KundAufDat="1997-04-07"/>
  <Kunden KundenNr="2292" KundEigtNr="1920" KundArt="3" KundStatus="3" KundAufDat="1997-04-07"/>
  <Kunden KundenNr="2293" KundEigtNr="2219" KundArt="3" KundStatus="3" KundAufDat="1997-04-07"/>
  <Kunden KundenNr="2294" KundEigtNr="1618" KundArt="3" KundStatus="3" KundAufDat="1997-04-07"/>
  <Kunden KundenNr="2295" KundEigtNr="2864" KundArt="3" KundStatus="3" KundAufDat="1997-04-07"/>
  <Kunden KundenNr="2296" KundEigtNr="1359" KundArt="3" KundStatus="3" KundAufDat="1997-04-07"/>
  <Kunden KundenNr="2297" KundEigtNr="3193" KundArt="3" KundStatus="3" KundAufDat="1997-04-07"/>
  <Kunden KundenNr="2298" KundEigtNr="3541" KundArt="3" KundStatus="3" KundAufDat="1997-04-08"/>
  <Kunden KundenNr="2299" KundEigtNr="2628" KundArt="3" KundStatus="3" KundAufDat="1997-04-08"/>
  <Kunden KundenNr="2300" KundEigtNr="3012" KundArt="3" KundStatus="3" KundAufDat="1997-04-08"/>
  <Kunden KundenNr="2301" KundEigtNr="2976" KundArt="2" KundStatus="3" KundAufDat="1997-04-08"/>
  <Kunden KundenNr="2302" KundEigtNr="2691" KundArt="3" KundStatus="3" KundAufDat="1997-04-08"/>
  <Kunden KundenNr="2303" KundEigtNr="3576" KundArt="29" KundStatus="1" KundAufDat="1997-04-08"/>
  <Kunden KundenNr="2304" KundEigtNr="3239" KundArt="3" KundStatus="3" KundAufDat="1997-04-08"/>
  <Kunden KundenNr="2305" KundEigtNr="1039" KundArt="1" KundStatus="3" KundAufDat="1997-04-08"/>
  <Kunden KundenNr="2306" KundEigtNr="3882" KundArt="3" KundStatus="3" KundAufDat="1997-04-08"/>
  <Kunden KundenNr="2307" KundEigtNr="870" KundArt="29" KundStatus="1" KundAufDat="1997-04-08"/>
  <Kunden KundenNr="2308" KundEigtNr="2997" KundArt="3" KundStatus="3" KundAufDat="1997-04-08"/>
  <Kunden KundenNr="2309" KundEigtNr="430" KundArt="3" KundStatus="3" KundAufDat="1997-04-09"/>
  <Kunden KundenNr="2310" KundEigtNr="3217" KundArt="29" KundStatus="1" KundAufDat="1997-04-09"/>
  <Kunden KundenNr="2311" KundEigtNr="1417" KundArt="29" KundStatus="1" KundAufDat="1997-04-10"/>
  <Kunden KundenNr="2312" KundEigtNr="3203" KundArt="3" KundStatus="3" KundAufDat="1997-04-10"/>
  <Kunden KundenNr="2313" KundEigtNr="3139" KundArt="3" KundStatus="3" KundAufDat="1997-04-10"/>
  <Kunden KundenNr="2314" KundEigtNr="359" KundArt="29" KundStatus="1" KundAufDat="1997-04-11"/>
  <Kunden KundenNr="2315" KundEigtNr="1801" KundArt="3" KundStatus="3" KundAufDat="1997-04-11"/>
  <Kunden KundenNr="2316" KundEigtNr="568" KundArt="3" KundStatus="3" KundAufDat="1997-04-11"/>
  <Kunden KundenNr="2317" KundEigtNr="1890" KundArt="1" KundStatus="3" KundAufDat="1997-04-12"/>
  <Kunden KundenNr="2318" KundEigtNr="368" KundArt="1" KundStatus="3" KundAufDat="1997-04-14"/>
  <Kunden KundenNr="2319" KundEigtNr="3323" KundArt="5" KundStatus="3" KundAufDat="1997-04-14"/>
  <Kunden KundenNr="2320" KundEigtNr="4155" KundArt="1" KundStatus="3" KundAufDat="1997-04-14"/>
  <Kunden KundenNr="2321" KundEigtNr="2532" KundArt="1" KundStatus="3" KundAufDat="1997-04-14"/>
  <Kunden KundenNr="2322" KundEigtNr="1152" KundArt="1" KundStatus="3" KundAufDat="1997-04-14"/>
  <Kunden KundenNr="2323" KundEigtNr="1251" KundArt="5" KundStatus="3" KundAufDat="1997-04-14"/>
  <Kunden KundenNr="2324" KundEigtNr="2786" KundArt="5" KundStatus="3" KundAufDat="1997-04-14"/>
  <Kunden KundenNr="2325" KundEigtNr="3589" KundArt="3" KundStatus="3" KundAufDat="1997-04-14"/>
  <Kunden KundenNr="2326" KundEigtNr="455" KundArt="3" KundStatus="3" KundAufDat="1997-04-14"/>
  <Kunden KundenNr="2327" KundEigtNr="1231" KundArt="29" KundStatus="1" KundAufDat="1997-04-14"/>
  <Kunden KundenNr="2328" KundEigtNr="484" KundArt="1" KundStatus="3" KundAufDat="1997-04-15"/>
  <Kunden KundenNr="2329" KundEigtNr="2886" KundArt="1" KundStatus="1" KundAufDat="1997-04-15"/>
  <Kunden KundenNr="2330" KundEigtNr="2461" KundArt="3" KundStatus="3" KundAufDat="1997-04-15"/>
  <Kunden KundenNr="2331" KundEigtNr="842" KundArt="3" KundStatus="3" KundAufDat="1997-04-15"/>
  <Kunden KundenNr="2332" KundEigtNr="4063" KundArt="3" KundStatus="3" KundAufDat="1997-04-15"/>
  <Kunden KundenNr="2333" KundEigtNr="1969" KundArt="1" KundStatus="3" KundAufDat="1997-04-15"/>
  <Kunden KundenNr="2334" KundEigtNr="3496" KundArt="1" KundStatus="3" KundAufDat="1997-04-16"/>
  <Kunden KundenNr="2335" KundEigtNr="2264" KundArt="29" KundStatus="1" KundAufDat="1997-04-16"/>
  <Kunden KundenNr="2336" KundEigtNr="3516" KundArt="3" KundStatus="3" KundAufDat="1997-04-16"/>
  <Kunden KundenNr="2337" KundEigtNr="914" KundArt="1" KundStatus="3" KundAufDat="1997-04-17"/>
  <Kunden KundenNr="2338" KundEigtNr="3021" KundArt="2" KundStatus="3" KundAufDat="1997-04-17"/>
  <Kunden KundenNr="2339" KundEigtNr="1428" KundArt="8" KundStatus="3" KundAufDat="1997-04-17"/>
  <Kunden KundenNr="2340" KundEigtNr="4044" KundArt="8" KundStatus="3" KundAufDat="1997-04-17"/>
  <Kunden KundenNr="2341" KundEigtNr="1867" KundArt="1" KundStatus="3" KundAufDat="1997-04-18"/>
  <Kunden KundenNr="2342" KundEigtNr="1802" KundArt="29" KundStatus="1" KundAufDat="1997-04-18"/>
  <Kunden KundenNr="2343" KundEigtNr="2543" KundArt="3" KundStatus="3" KundAufDat="1997-04-21"/>
  <Kunden KundenNr="2344" KundEigtNr="3180" KundArt="3" KundStatus="3" KundAufDat="1997-04-21"/>
  <Kunden KundenNr="2345" KundEigtNr="3525" KundArt="5" KundStatus="3" KundAufDat="1997-04-21"/>
  <Kunden KundenNr="2346" KundEigtNr="3059" KundArt="3" KundStatus="3" KundAufDat="1997-04-21"/>
  <Kunden KundenNr="2347" KundEigtNr="4027" KundArt="3" KundStatus="3" KundAufDat="1997-04-21"/>
  <Kunden KundenNr="2348" KundEigtNr="3928" KundArt="2" KundStatus="3" KundAufDat="1997-04-21"/>
  <Kunden KundenNr="2349" KundEigtNr="3967" KundArt="2" KundStatus="3" KundAufDat="1997-04-21"/>
  <Kunden KundenNr="2350" KundEigtNr="4013" KundArt="5" KundStatus="3" KundAufDat="1997-04-21"/>
  <Kunden KundenNr="2351" KundEigtNr="952" KundArt="3" KundStatus="3" KundAufDat="1997-04-21"/>
  <Kunden KundenNr="2352" KundEigtNr="432" KundArt="3" KundStatus="3" KundAufDat="1997-04-21"/>
  <Kunden KundenNr="2353" KundEigtNr="3929" KundArt="8" KundStatus="3" KundAufDat="1997-04-21"/>
  <Kunden KundenNr="2354" KundEigtNr="3310" KundArt="8" KundStatus="3" KundAufDat="1997-04-21"/>
  <Kunden KundenNr="2355" KundEigtNr="1028" KundArt="8" KundStatus="3" KundAufDat="1997-04-21"/>
  <Kunden KundenNr="2356" KundEigtNr="1563" KundArt="8" KundStatus="3" KundAufDat="1997-04-21"/>
  <Kunden KundenNr="2357" KundEigtNr="1340" KundArt="8" KundStatus="3" KundAufDat="1997-04-21"/>
  <Kunden KundenNr="2358" KundEigtNr="2351" KundArt="2" KundStatus="3" KundAufDat="1997-04-21"/>
  <Kunden KundenNr="2359" KundEigtNr="2743" KundArt="8" KundStatus="1" KundAufDat="1997-04-22"/>
  <Kunden KundenNr="2360" KundEigtNr="2843" KundArt="8" KundStatus="1" KundAufDat="1997-04-22"/>
  <Kunden KundenNr="2361" KundEigtNr="3381" KundArt="8" KundStatus="1" KundAufDat="1997-04-22"/>
  <Kunden KundenNr="2362" KundEigtNr="2594" KundArt="29" KundStatus="1" KundAufDat="1997-04-22"/>
  <Kunden KundenNr="2363" KundEigtNr="2754" KundArt="3" KundStatus="3" KundAufDat="1997-04-22"/>
  <Kunden KundenNr="2364" KundEigtNr="2333" KundArt="5" KundStatus="3" KundAufDat="1997-04-22"/>
  <Kunden KundenNr="2365" KundEigtNr="2065" KundArt="5" KundStatus="3" KundAufDat="1997-04-22"/>
  <Kunden KundenNr="2366" KundEigtNr="2738" KundArt="3" KundStatus="3" KundAufDat="1997-04-23"/>
  <Kunden KundenNr="2367" KundEigtNr="3804" KundArt="1" KundStatus="3" KundAufDat="1997-04-23"/>
  <Kunden KundenNr="2368" KundEigtNr="1599" KundArt="3" KundStatus="3" KundAufDat="1997-04-23"/>
  <Kunden KundenNr="2369" KundEigtNr="584" KundArt="3" KundStatus="3" KundAufDat="1997-04-23"/>
  <Kunden KundenNr="2370" KundEigtNr="3334" KundArt="3" KundStatus="3" KundAufDat="1997-04-23"/>
  <Kunden KundenNr="2371" KundEigtNr="2898" KundArt="3" KundStatus="3" KundAufDat="1997-04-23"/>
  <Kunden KundenNr="2372" KundEigtNr="2523" KundArt="3" KundStatus="3" KundAufDat="1997-04-23"/>
  <Kunden KundenNr="2373" KundEigtNr="3549" KundArt="3" KundStatus="3" KundAufDat="1997-04-23"/>
  <Kunden KundenNr="2374" KundEigtNr="625" KundArt="3" KundStatus="3" KundAufDat="1997-04-24"/>
  <Kunden KundenNr="2375" KundEigtNr="2305" KundArt="1" KundStatus="3" KundAufDat="1997-04-24"/>
  <Kunden KundenNr="2376" KundEigtNr="2554" KundArt="8" KundStatus="3" KundAufDat="1997-04-25"/>
  <Kunden KundenNr="2377" KundEigtNr="469" KundArt="29" KundStatus="1" KundAufDat="1997-04-28"/>
  <Kunden KundenNr="2378" KundEigtNr="2962" KundArt="29" KundStatus="1" KundAufDat="1997-04-28"/>
  <Kunden KundenNr="2379" KundEigtNr="1712" KundArt="8" KundStatus="3" KundAufDat="1997-04-28"/>
  <Kunden KundenNr="2380" KundEigtNr="3790" KundArt="8" KundStatus="3" KundAufDat="1997-04-28"/>
  <Kunden KundenNr="2381" KundEigtNr="2569" KundArt="8" KundStatus="3" KundAufDat="1997-04-28"/>
  <Kunden KundenNr="2382" KundEigtNr="3640" KundArt="8" KundStatus="3" KundAufDat="1997-04-28"/>
  <Kunden KundenNr="2383" KundEigtNr="3440" KundArt="8" KundStatus="3" KundAufDat="1997-04-28"/>
  <Kunden KundenNr="2384" KundEigtNr="2171" KundArt="8" KundStatus="3" KundAufDat="1997-04-28"/>
  <Kunden KundenNr="2385" KundEigtNr="3551" KundArt="1" KundStatus="3" KundAufDat="1997-04-28"/>
  <Kunden KundenNr="2386" KundEigtNr="1126" KundArt="1" KundStatus="3" KundAufDat="1997-04-28"/>
  <Kunden KundenNr="2387" KundEigtNr="1123" KundArt="8" KundStatus="3" KundAufDat="1997-04-28"/>
  <Kunden KundenNr="2388" KundEigtNr="468" KundArt="8" KundStatus="3" KundAufDat="1997-04-28"/>
  <Kunden KundenNr="2389" KundEigtNr="692" KundArt="8" KundStatus="1" KundAufDat="1997-04-28"/>
  <Kunden KundenNr="2390" KundEigtNr="2899" KundArt="8" KundStatus="1" KundAufDat="1997-04-29"/>
  <Kunden KundenNr="2391" KundEigtNr="1021" KundArt="2" KundStatus="3" KundAufDat="1997-04-29"/>
  <Kunden KundenNr="2392" KundEigtNr="2511" KundArt="8" KundStatus="1" KundAufDat="1997-04-29"/>
  <Kunden KundenNr="2393" KundEigtNr="2200" KundArt="3" KundStatus="3" KundAufDat="1997-04-29"/>
  <Kunden KundenNr="2394" KundEigtNr="1445" KundArt="8" KundStatus="3" KundAufDat="1997-04-30"/>
  <Kunden KundenNr="2395" KundEigtNr="1022" KundArt="8" KundStatus="3" KundAufDat="1997-04-30"/>
  <Kunden KundenNr="2396" KundEigtNr="2340" KundArt="8" KundStatus="1" KundAufDat="1997-04-30"/>
  <Kunden KundenNr="2397" KundEigtNr="3593" KundArt="5" KundStatus="3" KundAufDat="1997-04-30"/>
  <Kunden KundenNr="2398" KundEigtNr="2066" KundArt="8" KundStatus="3" KundAufDat="1997-04-30"/>
  <Kunden KundenNr="2399" KundEigtNr="3426" KundArt="8" KundStatus="3" KundAufDat="1997-04-30"/>
  <Kunden KundenNr="2400" KundEigtNr="1230" KundArt="8" KundStatus="3" KundAufDat="1997-04-30"/>
  <Kunden KundenNr="2401" KundEigtNr="1280" KundArt="5" KundStatus="3" KundAufDat="1997-05-05"/>
  <Kunden KundenNr="2402" KundEigtNr="1350" KundArt="2" KundStatus="3" KundAufDat="1997-05-05"/>
  <Kunden KundenNr="2403" KundEigtNr="3283" KundArt="1" KundStatus="3" KundAufDat="1997-05-05"/>
  <Kunden KundenNr="2404" KundEigtNr="1462" KundArt="1" KundStatus="3" KundAufDat="1997-05-05"/>
  <Kunden KundenNr="2405" KundEigtNr="3253" KundArt="8" KundStatus="3" KundAufDat="1997-05-05"/>
  <Kunden KundenNr="2406" KundEigtNr="784" KundArt="8" KundStatus="3" KundAufDat="1997-05-05"/>
  <Kunden KundenNr="2407" KundEigtNr="2733" KundArt="1" KundStatus="1" KundAufDat="1997-05-05"/>
  <Kunden KundenNr="2408" KundEigtNr="3679" KundArt="8" KundStatus="3" KundAufDat="1997-05-05"/>
  <Kunden KundenNr="2409" KundEigtNr="1102" KundArt="8" KundStatus="3" KundAufDat="1997-05-05"/>
  <Kunden KundenNr="2410" KundEigtNr="3229" KundArt="8" KundStatus="3" KundAufDat="1997-05-05"/>
  <Kunden KundenNr="2411" KundEigtNr="2717" KundArt="8" KundStatus="1" KundAufDat="1997-05-05"/>
  <Kunden KundenNr="2412" KundEigtNr="489" KundArt="1" KundStatus="3" KundAufDat="1997-05-05"/>
  <Kunden KundenNr="2413" KundEigtNr="2484" KundArt="8" KundStatus="3" KundAufDat="1997-05-06"/>
  <Kunden KundenNr="2414" KundEigtNr="4177" KundArt="8" KundStatus="1" KundAufDat="1997-05-06"/>
  <Kunden KundenNr="2415" KundEigtNr="1625" KundArt="8" KundStatus="1" KundAufDat="1997-05-06"/>
  <Kunden KundenNr="2416" KundEigtNr="1159" KundArt="5" KundStatus="3" KundAufDat="1997-05-06"/>
  <Kunden KundenNr="2417" KundEigtNr="2377" KundArt="29" KundStatus="1" KundAufDat="1997-05-06"/>
  <Kunden KundenNr="2418" KundEigtNr="980" KundArt="29" KundStatus="1" KundAufDat="1997-05-06"/>
  <Kunden KundenNr="2419" KundEigtNr="991" KundArt="2" KundStatus="3" KundAufDat="1997-05-06"/>
  <Kunden KundenNr="2420" KundEigtNr="641" KundArt="2" KundStatus="3" KundAufDat="1997-05-06"/>
  <Kunden KundenNr="2421" KundEigtNr="1897" KundArt="5" KundStatus="3" KundAufDat="1997-05-06"/>
  <Kunden KundenNr="2422" KundEigtNr="4182" KundArt="29" KundStatus="1" KundAufDat="1997-05-06"/>
  <Kunden KundenNr="2423" KundEigtNr="536" KundArt="8" KundStatus="1" KundAufDat="1997-05-06"/>
  <Kunden KundenNr="2424" KundEigtNr="3202" KundArt="8" KundStatus="3" KundAufDat="1997-05-06"/>
  <Kunden KundenNr="2425" KundEigtNr="904" KundArt="2" KundStatus="3" KundAufDat="1997-05-07"/>
  <Kunden KundenNr="2426" KundEigtNr="1837" KundArt="29" KundStatus="1" KundAufDat="1997-05-07"/>
  <Kunden KundenNr="2427" KundEigtNr="3267" KundArt="29" KundStatus="3" KundAufDat="1997-05-07"/>
  <Kunden KundenNr="2428" KundEigtNr="1072" KundArt="8" KundStatus="1" KundAufDat="1997-05-12"/>
  <Kunden KundenNr="2429" KundEigtNr="1921" KundArt="8" KundStatus="3" KundAufDat="1997-05-12"/>
  <Kunden KundenNr="2430" KundEigtNr="2509" KundArt="8" KundStatus="3" KundAufDat="1997-05-12"/>
  <Kunden KundenNr="2431" KundEigtNr="3871" KundArt="8" KundStatus="3" KundAufDat="1997-05-12"/>
  <Kunden KundenNr="2432" KundEigtNr="3671" KundArt="8" KundStatus="3" KundAufDat="1997-05-12"/>
  <Kunden KundenNr="2433" KundEigtNr="3368" KundArt="8" KundStatus="3" KundAufDat="1997-05-12"/>
  <Kunden KundenNr="2434" KundEigtNr="2977" KundArt="8" KundStatus="3" KundAufDat="1997-05-12"/>
  <Kunden KundenNr="2435" KundEigtNr="3068" KundArt="5" KundStatus="3" KundAufDat="1997-05-13"/>
  <Kunden KundenNr="2436" KundEigtNr="2540" KundArt="8" KundStatus="1" KundAufDat="1997-05-13"/>
  <Kunden KundenNr="2437" KundEigtNr="1869" KundArt="29" KundStatus="1" KundAufDat="1997-05-14"/>
  <Kunden KundenNr="2438" KundEigtNr="708" KundArt="1" KundStatus="3" KundAufDat="1997-05-14"/>
  <Kunden KundenNr="2439" KundEigtNr="3223" KundArt="2" KundStatus="3" KundAufDat="1997-05-14"/>
  <Kunden KundenNr="2440" KundEigtNr="1252" KundArt="3" KundStatus="3" KundAufDat="1997-05-14"/>
  <Kunden KundenNr="2441" KundEigtNr="1342" KundArt="8" KundStatus="3" KundAufDat="1997-05-14"/>
  <Kunden KundenNr="2442" KundEigtNr="1758" KundArt="29" KundStatus="1" KundAufDat="1997-05-14"/>
  <Kunden KundenNr="2443" KundEigtNr="429" KundArt="29" KundStatus="1" KundAufDat="1997-05-15"/>
  <Kunden KundenNr="2444" KundEigtNr="3553" KundArt="29" KundStatus="1" KundAufDat="1997-05-15"/>
  <Kunden KundenNr="2445" KundEigtNr="3916" KundArt="8" KundStatus="3" KundAufDat="1997-05-16"/>
  <Kunden KundenNr="2446" KundEigtNr="2978" KundArt="5" KundStatus="3" KundAufDat="1997-05-20"/>
  <Kunden KundenNr="2447" KundEigtNr="319" KundArt="1" KundStatus="3" KundAufDat="1997-05-20"/>
  <Kunden KundenNr="2448" KundEigtNr="2884" KundArt="3" KundStatus="3" KundAufDat="1997-05-20"/>
  <Kunden KundenNr="2449" KundEigtNr="3310" KundArt="1" KundStatus="1" KundAufDat="1997-05-20"/>
  <Kunden KundenNr="2450" KundEigtNr="4066" KundArt="3" KundStatus="3" KundAufDat="1997-05-20"/>
  <Kunden KundenNr="2451" KundEigtNr="3833" KundArt="8" KundStatus="3" KundAufDat="1997-05-21"/>
  <Kunden KundenNr="2452" KundEigtNr="408" KundArt="8" KundStatus="3" KundAufDat="1997-05-21"/>
  <Kunden KundenNr="2453" KundEigtNr="3058" KundArt="3" KundStatus="3" KundAufDat="1997-05-22"/>
  <Kunden KundenNr="2454" KundEigtNr="4064" KundArt="8" KundStatus="3" KundAufDat="1997-05-23"/>
  <Kunden KundenNr="2455" KundEigtNr="1595" KundArt="29" KundStatus="1" KundAufDat="1997-05-23"/>
  <Kunden KundenNr="2456" KundEigtNr="3352" KundArt="2" KundStatus="3" KundAufDat="1997-05-23"/>
  <Kunden KundenNr="2457" KundEigtNr="666" KundArt="3" KundStatus="3" KundAufDat="1997-05-23"/>
  <Kunden KundenNr="2458" KundEigtNr="4003" KundArt="3" KundStatus="3" KundAufDat="1997-05-23"/>
  <Kunden KundenNr="2459" KundEigtNr="775" KundArt="8" KundStatus="3" KundAufDat="1997-05-26"/>
  <Kunden KundenNr="2460" KundEigtNr="3298" KundArt="8" KundStatus="3" KundAufDat="1997-05-26"/>
  <Kunden KundenNr="2461" KundEigtNr="4052" KundArt="8" KundStatus="3" KundAufDat="1997-05-26"/>
  <Kunden KundenNr="2462" KundEigtNr="305" KundArt="2" KundStatus="3" KundAufDat="1997-05-26"/>
  <Kunden KundenNr="2463" KundEigtNr="2515" KundArt="2" KundStatus="3" KundAufDat="1997-05-26"/>
  <Kunden KundenNr="2464" KundEigtNr="2804" KundArt="3" KundStatus="3" KundAufDat="1997-05-26"/>
  <Kunden KundenNr="2465" KundEigtNr="3490" KundArt="8" KundStatus="3" KundAufDat="1997-05-26"/>
  <Kunden KundenNr="2466" KundEigtNr="647" KundArt="8" KundStatus="3" KundAufDat="1997-05-26"/>
  <Kunden KundenNr="2467" KundEigtNr="698" KundArt="8" KundStatus="3" KundAufDat="1997-05-26"/>
  <Kunden KundenNr="2468" KundEigtNr="1368" KundArt="8" KundStatus="3" KundAufDat="1997-05-26"/>
  <Kunden KundenNr="2469" KundEigtNr="747" KundArt="8" KundStatus="1" KundAufDat="1997-05-26"/>
  <Kunden KundenNr="2470" KundEigtNr="1793" KundArt="8" KundStatus="3" KundAufDat="1997-05-26"/>
  <Kunden KundenNr="2471" KundEigtNr="3181" KundArt="8" KundStatus="3" KundAufDat="1997-05-26"/>
  <Kunden KundenNr="2472" KundEigtNr="1660" KundArt="2" KundStatus="3" KundAufDat="1997-05-26"/>
  <Kunden KundenNr="2473" KundEigtNr="2179" KundArt="3" KundStatus="3" KundAufDat="1997-05-26"/>
  <Kunden KundenNr="2474" KundEigtNr="461" KundArt="8" KundStatus="3" KundAufDat="1997-05-26"/>
  <Kunden KundenNr="2475" KundEigtNr="3566" KundArt="2" KundStatus="3" KundAufDat="1997-05-26"/>
  <Kunden KundenNr="2476" KundEigtNr="1360" KundArt="4" KundStatus="3" KundAufDat="1997-05-26"/>
  <Kunden KundenNr="2477" KundEigtNr="2664" KundArt="3" KundStatus="3" KundAufDat="1997-05-26"/>
  <Kunden KundenNr="2478" KundEigtNr="1431" KundArt="8" KundStatus="1" KundAufDat="1997-05-26"/>
  <Kunden KundenNr="2479" KundEigtNr="3078" KundArt="8" KundStatus="3" KundAufDat="1997-05-26"/>
  <Kunden KundenNr="2480" KundEigtNr="4180" KundArt="5" KundStatus="3" KundAufDat="1997-05-26"/>
  <Kunden KundenNr="2481" KundEigtNr="4039" KundArt="3" KundStatus="3" KundAufDat="1997-05-26"/>
  <Kunden KundenNr="2482" KundEigtNr="3320" KundArt="4" KundStatus="3" KundAufDat="1997-05-26"/>
  <Kunden KundenNr="2483" KundEigtNr="2965" KundArt="3" KundStatus="3" KundAufDat="1997-05-26"/>
  <Kunden KundenNr="2484" KundEigtNr="1965" KundArt="4" KundStatus="3" KundAufDat="1997-05-26"/>
  <Kunden KundenNr="2485" KundEigtNr="2286" KundArt="2" KundStatus="3" KundAufDat="1997-05-27"/>
  <Kunden KundenNr="2486" KundEigtNr="1076" KundArt="3" KundStatus="3" KundAufDat="1997-05-27"/>
  <Kunden KundenNr="2487" KundEigtNr="3538" KundArt="2" KundStatus="3" KundAufDat="1997-05-27"/>
  <Kunden KundenNr="2488" KundEigtNr="2324" KundArt="2" KundStatus="3" KundAufDat="1997-05-27"/>
  <Kunden KundenNr="2489" KundEigtNr="1083" KundArt="4" KundStatus="3" KundAufDat="1997-05-27"/>
  <Kunden KundenNr="2490" KundEigtNr="569" KundArt="4" KundStatus="3" KundAufDat="1997-05-27"/>
  <Kunden KundenNr="2491" KundEigtNr="3701" KundArt="2" KundStatus="3" KundAufDat="1997-05-27"/>
  <Kunden KundenNr="2492" KundEigtNr="3498" KundArt="2" KundStatus="3" KundAufDat="1997-05-27"/>
  <Kunden KundenNr="2493" KundEigtNr="1938" KundArt="2" KundStatus="3" KundAufDat="1997-05-27"/>
  <Kunden KundenNr="2494" KundEigtNr="1568" KundArt="2" KundStatus="1" KundAufDat="1997-05-27"/>
  <Kunden KundenNr="2495" KundEigtNr="675" KundArt="5" KundStatus="3" KundAufDat="1997-05-27"/>
  <Kunden KundenNr="2496" KundEigtNr="2714" KundArt="8" KundStatus="3" KundAufDat="1997-05-27"/>
  <Kunden KundenNr="2497" KundEigtNr="1674" KundArt="8" KundStatus="3" KundAufDat="1997-05-27"/>
  <Kunden KundenNr="2498" KundEigtNr="2067" KundArt="8" KundStatus="3" KundAufDat="1997-05-27"/>
  <Kunden KundenNr="2499" KundEigtNr="3572" KundArt="29" KundStatus="1" KundAufDat="1997-05-27"/>
  <Kunden KundenNr="2500" KundEigtNr="3712" KundArt="5" KundStatus="3" KundAufDat="1997-05-27"/>
  <Kunden KundenNr="2501" KundEigtNr="657" KundArt="3" KundStatus="3" KundAufDat="1997-05-27"/>
  <Kunden KundenNr="2502" KundEigtNr="1922" KundArt="3" KundStatus="3" KundAufDat="1997-05-27"/>
  <Kunden KundenNr="2503" KundEigtNr="1342" KundArt="8" KundStatus="1" KundAufDat="1997-05-27"/>
  <Kunden KundenNr="2504" KundEigtNr="1923" KundArt="29" KundStatus="1" KundAufDat="1997-05-27"/>
  <Kunden KundenNr="2505" KundEigtNr="1493" KundArt="1" KundStatus="3" KundAufDat="1997-05-27"/>
  <Kunden KundenNr="2506" KundEigtNr="1924" KundArt="1" KundStatus="3" KundAufDat="1997-05-28"/>
  <Kunden KundenNr="2507" KundEigtNr="451" KundArt="29" KundStatus="1" KundAufDat="1997-05-28"/>
  <Kunden KundenNr="2508" KundEigtNr="1537" KundArt="2" KundStatus="1" KundAufDat="1997-05-28"/>
  <Kunden KundenNr="2509" KundEigtNr="1633" KundArt="8" KundStatus="3" KundAufDat="1997-05-28"/>
  <Kunden KundenNr="2510" KundEigtNr="3007" KundArt="29" KundStatus="1" KundAufDat="1997-05-29"/>
  <Kunden KundenNr="2511" KundEigtNr="2269" KundArt="29" KundStatus="1" KundAufDat="1997-05-29"/>
  <Kunden KundenNr="2512" KundEigtNr="398" KundArt="29" KundStatus="1" KundAufDat="1997-05-29"/>
  <Kunden KundenNr="2513" KundEigtNr="2462" KundArt="8" KundStatus="1" KundAufDat="1997-05-29"/>
  <Kunden KundenNr="2514" KundEigtNr="1960" KundArt="3" KundStatus="3" KundAufDat="1997-05-29"/>
  <Kunden KundenNr="2515" KundEigtNr="1925" KundArt="8" KundStatus="3" KundAufDat="1997-05-30"/>
  <Kunden KundenNr="2516" KundEigtNr="785" KundArt="29" KundStatus="1" KundAufDat="1997-05-30"/>
  <Kunden KundenNr="2517" KundEigtNr="1272" KundArt="1" KundStatus="3" KundAufDat="1997-05-30"/>
  <Kunden KundenNr="2518" KundEigtNr="1171" KundArt="29" KundStatus="1" KundAufDat="1997-05-30"/>
  <Kunden KundenNr="2519" KundEigtNr="50" KundArt="1" KundStatus="3" KundAufDat="1997-06-02"/>
  <Kunden KundenNr="2520" KundEigtNr="2033" KundArt="3" KundStatus="3" KundAufDat="1997-06-02"/>
  <Kunden KundenNr="2521" KundEigtNr="330" KundArt="2" KundStatus="3" KundAufDat="1997-06-02"/>
  <Kunden KundenNr="2522" KundEigtNr="360" KundArt="2" KundStatus="3" KundAufDat="1997-06-02"/>
  <Kunden KundenNr="2523" KundEigtNr="3897" KundArt="8" KundStatus="3" KundAufDat="1997-06-02"/>
  <Kunden KundenNr="2524" KundEigtNr="4042" KundArt="3" KundStatus="3" KundAufDat="1997-06-02"/>
  <Kunden KundenNr="2525" KundEigtNr="1782" KundArt="3" KundStatus="3" KundAufDat="1997-06-02"/>
  <Kunden KundenNr="2526" KundEigtNr="2162" KundArt="3" KundStatus="3" KundAufDat="1997-06-02"/>
  <Kunden KundenNr="2527" KundEigtNr="1736" KundArt="3" KundStatus="3" KundAufDat="1997-06-02"/>
  <Kunden KundenNr="2528" KundEigtNr="2516" KundArt="3" KundStatus="3" KundAufDat="1997-06-02"/>
  <Kunden KundenNr="2529" KundEigtNr="3708" KundArt="3" KundStatus="3" KundAufDat="1997-06-02"/>
  <Kunden KundenNr="2530" KundEigtNr="799" KundArt="3" KundStatus="3" KundAufDat="1997-06-02"/>
  <Kunden KundenNr="2531" KundEigtNr="1939" KundArt="3" KundStatus="3" KundAufDat="1997-06-02"/>
  <Kunden KundenNr="2532" KundEigtNr="3752" KundArt="3" KundStatus="3" KundAufDat="1997-06-02"/>
  <Kunden KundenNr="2533" KundEigtNr="498" KundArt="3" KundStatus="3" KundAufDat="1997-06-03"/>
  <Kunden KundenNr="2534" KundEigtNr="1203" KundArt="3" KundStatus="3" KundAufDat="1997-06-03"/>
  <Kunden KundenNr="2535" KundEigtNr="2184" KundArt="3" KundStatus="3" KundAufDat="1997-06-03"/>
  <Kunden KundenNr="2536" KundEigtNr="550" KundArt="29" KundStatus="1" KundAufDat="1997-06-03"/>
  <Kunden KundenNr="2537" KundEigtNr="3306" KundArt="29" KundStatus="1" KundAufDat="1997-06-03"/>
  <Kunden KundenNr="2538" KundEigtNr="1507" KundArt="5" KundStatus="3" KundAufDat="1997-06-03"/>
  <Kunden KundenNr="2539" KundEigtNr="1283" KundArt="5" KundStatus="3" KundAufDat="1997-06-03"/>
  <Kunden KundenNr="2540" KundEigtNr="2316" KundArt="2" KundStatus="3" KundAufDat="1997-06-03"/>
  <Kunden KundenNr="2541" KundEigtNr="2597" KundArt="3" KundStatus="3" KundAufDat="1997-06-03"/>
  <Kunden KundenNr="2542" KundEigtNr="2044" KundArt="2" KundStatus="3" KundAufDat="1997-06-04"/>
  <Kunden KundenNr="2543" KundEigtNr="3488" KundArt="5" KundStatus="3" KundAufDat="1997-06-04"/>
  <Kunden KundenNr="2544" KundEigtNr="2629" KundArt="5" KundStatus="3" KundAufDat="1997-06-04"/>
  <Kunden KundenNr="2545" KundEigtNr="1813" KundArt="3" KundStatus="3" KundAufDat="1997-06-04"/>
  <Kunden KundenNr="2546" KundEigtNr="2859" KundArt="2" KundStatus="3" KundAufDat="1997-06-04"/>
  <Kunden KundenNr="2547" KundEigtNr="1301" KundArt="3" KundStatus="3" KundAufDat="1997-06-04"/>
  <Kunden KundenNr="2548" KundEigtNr="2510" KundArt="29" KundStatus="1" KundAufDat="1997-06-04"/>
  <Kunden KundenNr="2549" KundEigtNr="3025" KundArt="29" KundStatus="1" KundAufDat="1997-06-04"/>
  <Kunden KundenNr="2550" KundEigtNr="2413" KundArt="8" KundStatus="1" KundAufDat="1997-06-04"/>
  <Kunden KundenNr="2551" KundEigtNr="2486" KundArt="8" KundStatus="3" KundAufDat="1997-06-04"/>
  <Kunden KundenNr="2552" KundEigtNr="4196" KundArt="8" KundStatus="3" KundAufDat="1997-06-04"/>
  <Kunden KundenNr="2553" KundEigtNr="2137" KundArt="8" KundStatus="3" KundAufDat="1997-06-04"/>
  <Kunden KundenNr="2554" KundEigtNr="2993" KundArt="8" KundStatus="1" KundAufDat="1997-06-05"/>
  <Kunden KundenNr="2555" KundEigtNr="3194" KundArt="8" KundStatus="3" KundAufDat="1997-06-05"/>
  <Kunden KundenNr="2556" KundEigtNr="2235" KundArt="29" KundStatus="1" KundAufDat="1997-06-05"/>
  <Kunden KundenNr="2557" KundEigtNr="834" KundArt="3" KundStatus="3" KundAufDat="1997-06-05"/>
  <Kunden KundenNr="2558" KundEigtNr="1901" KundArt="29" KundStatus="1" KundAufDat="1997-06-06"/>
  <Kunden KundenNr="2559" KundEigtNr="2486" KundArt="2" KundStatus="3" KundAufDat="1997-06-06"/>
  <Kunden KundenNr="2560" KundEigtNr="3453" KundArt="8" KundStatus="1" KundAufDat="1997-06-09"/>
  <Kunden KundenNr="2561" KundEigtNr="2825" KundArt="2" KundStatus="3" KundAufDat="1997-06-09"/>
  <Kunden KundenNr="2562" KundEigtNr="3044" KundArt="8" KundStatus="1" KundAufDat="1997-06-09"/>
  <Kunden KundenNr="2563" KundEigtNr="3968" KundArt="2" KundStatus="3" KundAufDat="1997-06-09"/>
  <Kunden KundenNr="2564" KundEigtNr="3910" KundArt="2" KundStatus="3" KundAufDat="1997-06-09"/>
  <Kunden KundenNr="2565" KundEigtNr="3254" KundArt="2" KundStatus="3" KundAufDat="1997-06-09"/>
  <Kunden KundenNr="2566" KundEigtNr="1573" KundArt="2" KundStatus="3" KundAufDat="1997-06-09"/>
  <Kunden KundenNr="2567" KundEigtNr="905" KundArt="2" KundStatus="1" KundAufDat="1997-06-09"/>
  <Kunden KundenNr="2568" KundEigtNr="1172" KundArt="2" KundStatus="3" KundAufDat="1997-06-09"/>
  <Kunden KundenNr="2569" KundEigtNr="1750" KundArt="2" KundStatus="3" KundAufDat="1997-06-09"/>
  <Kunden KundenNr="2570" KundEigtNr="3912" KundArt="8" KundStatus="1" KundAufDat="1997-06-09"/>
  <Kunden KundenNr="2571" KundEigtNr="4150" KundArt="29" KundStatus="1" KundAufDat="1997-06-09"/>
  <Kunden KundenNr="2572" KundEigtNr="4151" KundArt="3" KundStatus="3" KundAufDat="1997-06-09"/>
  <Kunden KundenNr="2573" KundEigtNr="826" KundArt="8" KundStatus="3" KundAufDat="1997-06-09"/>
  <Kunden KundenNr="2574" KundEigtNr="1574" KundArt="2" KundStatus="3" KundAufDat="1997-06-09"/>
  <Kunden KundenNr="2575" KundEigtNr="2337" KundArt="8" KundStatus="3" KundAufDat="1997-06-09"/>
  <Kunden KundenNr="2576" KundEigtNr="3767" KundArt="2" KundStatus="1" KundAufDat="1997-06-09"/>
  <Kunden KundenNr="2577" KundEigtNr="2143" KundArt="2" KundStatus="3" KundAufDat="1997-06-10"/>
  <Kunden KundenNr="2578" KundEigtNr="2982" KundArt="2" KundStatus="3" KundAufDat="1997-06-10"/>
  <Kunden KundenNr="2579" KundEigtNr="3042" KundArt="2" KundStatus="1" KundAufDat="1997-06-10"/>
  <Kunden KundenNr="2580" KundEigtNr="672" KundArt="2" KundStatus="3" KundAufDat="1997-06-10"/>
  <Kunden KundenNr="2581" KundEigtNr="2712" KundArt="8" KundStatus="1" KundAufDat="1997-06-10"/>
  <Kunden KundenNr="2582" KundEigtNr="3654" KundArt="2" KundStatus="3" KundAufDat="1997-06-10"/>
  <Kunden KundenNr="2583" KundEigtNr="809" KundArt="2" KundStatus="3" KundAufDat="1997-06-10"/>
  <Kunden KundenNr="2584" KundEigtNr="1531" KundArt="2" KundStatus="3" KundAufDat="1997-06-10"/>
  <Kunden KundenNr="2585" KundEigtNr="916" KundArt="2" KundStatus="3" KundAufDat="1997-06-10"/>
  <Kunden KundenNr="2586" KundEigtNr="4079" KundArt="2" KundStatus="3" KundAufDat="1997-06-10"/>
  <Kunden KundenNr="2587" KundEigtNr="751" KundArt="2" KundStatus="1" KundAufDat="1997-06-10"/>
  <Kunden KundenNr="2588" KundEigtNr="3765" KundArt="2" KundStatus="3" KundAufDat="1997-06-10"/>
  <Kunden KundenNr="2589" KundEigtNr="1449" KundArt="4" KundStatus="3" KundAufDat="1997-06-10"/>
  <Kunden KundenNr="2590" KundEigtNr="3353" KundArt="2" KundStatus="3" KundAufDat="1997-06-10"/>
  <Kunden KundenNr="2591" KundEigtNr="2665" KundArt="2" KundStatus="3" KundAufDat="1997-06-10"/>
  <Kunden KundenNr="2592" KundEigtNr="2443" KundArt="2" KundStatus="3" KundAufDat="1997-06-10"/>
  <Kunden KundenNr="2593" KundEigtNr="1148" KundArt="2" KundStatus="3" KundAufDat="1997-06-10"/>
  <Kunden KundenNr="2594" KundEigtNr="906" KundArt="2" KundStatus="1" KundAufDat="1997-06-10"/>
  <Kunden KundenNr="2595" KundEigtNr="3140" KundArt="3" KundStatus="3" KundAufDat="1997-06-10"/>
  <Kunden KundenNr="2596" KundEigtNr="527" KundArt="29" KundStatus="1" KundAufDat="1997-06-10"/>
  <Kunden KundenNr="2597" KundEigtNr="2700" KundArt="29" KundStatus="1" KundAufDat="1997-06-10"/>
  <Kunden KundenNr="2598" KundEigtNr="4183" KundArt="29" KundStatus="1" KundAufDat="1997-06-10"/>
  <Kunden KundenNr="2599" KundEigtNr="899" KundArt="5" KundStatus="3" KundAufDat="1997-06-10"/>
  <Kunden KundenNr="2600" KundEigtNr="2826" KundArt="2" KundStatus="3" KundAufDat="1997-06-11"/>
  <Kunden KundenNr="2601" KundEigtNr="4173" KundArt="8" KundStatus="1" KundAufDat="1997-06-11"/>
  <Kunden KundenNr="2602" KundEigtNr="618" KundArt="2" KundStatus="3" KundAufDat="1997-06-11"/>
  <Kunden KundenNr="2603" KundEigtNr="2616" KundArt="2" KundStatus="1" KundAufDat="1997-06-11"/>
  <Kunden KundenNr="2604" KundEigtNr="444" KundArt="29" KundStatus="1" KundAufDat="1997-06-11"/>
  <Kunden KundenNr="2605" KundEigtNr="3224" KundArt="29" KundStatus="1" KundAufDat="1997-06-11"/>
  <Kunden KundenNr="2606" KundEigtNr="1789" KundArt="3" KundStatus="3" KundAufDat="1997-06-11"/>
  <Kunden KundenNr="2607" KundEigtNr="3905" KundArt="8" KundStatus="3" KundAufDat="1997-06-11"/>
  <Kunden KundenNr="2608" KundEigtNr="1868" KundArt="2" KundStatus="3" KundAufDat="1997-06-12"/>
  <Kunden KundenNr="2609" KundEigtNr="2915" KundArt="2" KundStatus="3" KundAufDat="1997-06-12"/>
  <Kunden KundenNr="2610" KundEigtNr="437" KundArt="3" KundStatus="3" KundAufDat="1997-06-12"/>
  <Kunden KundenNr="2611" KundEigtNr="3475" KundArt="8" KundStatus="1" KundAufDat="1997-06-12"/>
  <Kunden KundenNr="2612" KundEigtNr="3721" KundArt="2" KundStatus="3" KundAufDat="1997-06-12"/>
  <Kunden KundenNr="2613" KundEigtNr="3862" KundArt="3" KundStatus="3" KundAufDat="1997-06-12"/>
  <Kunden KundenNr="2614" KundEigtNr="311" KundArt="3" KundStatus="3" KundAufDat="1997-06-12"/>
  <Kunden KundenNr="2615" KundEigtNr="402" KundArt="3" KundStatus="3" KundAufDat="1997-06-13"/>
  <Kunden KundenNr="2616" KundEigtNr="3175" KundArt="3" KundStatus="3" KundAufDat="1997-06-13"/>
  <Kunden KundenNr="2617" KundEigtNr="4009" KundArt="29" KundStatus="1" KundAufDat="1997-06-13"/>
  <Kunden KundenNr="2618" KundEigtNr="1564" KundArt="2" KundStatus="3" KundAufDat="1997-06-13"/>
  <Kunden KundenNr="2619" KundEigtNr="2581" KundArt="3" KundStatus="3" KundAufDat="1997-06-13"/>
  <Kunden KundenNr="2620" KundEigtNr="3413" KundArt="3" KundStatus="3" KundAufDat="1997-06-13"/>
  <Kunden KundenNr="2622" KundEigtNr="2960" KundArt="2" KundStatus="3" KundAufDat="1997-06-16"/>
  <Kunden KundenNr="2623" KundEigtNr="307" KundArt="2" KundStatus="1" KundAufDat="1997-06-16"/>
  <Kunden KundenNr="2624" KundEigtNr="4124" KundArt="2" KundStatus="3" KundAufDat="1997-06-16"/>
  <Kunden KundenNr="2625" KundEigtNr="2050" KundArt="29" KundStatus="1" KundAufDat="1997-06-16"/>
  <Kunden KundenNr="2626" KundEigtNr="2889" KundArt="29" KundStatus="1" KundAufDat="1997-06-16"/>
  <Kunden KundenNr="2627" KundEigtNr="3542" KundArt="3" KundStatus="3" KundAufDat="1997-06-16"/>
  <Kunden KundenNr="2628" KundEigtNr="3394" KundArt="3" KundStatus="3" KundAufDat="1997-06-16"/>
  <Kunden KundenNr="2629" KundEigtNr="2088" KundArt="2" KundStatus="3" KundAufDat="1997-06-16"/>
  <Kunden KundenNr="2630" KundEigtNr="735" KundArt="2" KundStatus="3" KundAufDat="1997-06-16"/>
  <Kunden KundenNr="2631" KundEigtNr="1671" KundArt="3" KundStatus="3" KundAufDat="1997-06-16"/>
  <Kunden KundenNr="2632" KundEigtNr="4062" KundArt="29" KundStatus="1" KundAufDat="1997-06-16"/>
  <Kunden KundenNr="2633" KundEigtNr="1926" KundArt="3" KundStatus="3" KundAufDat="1997-06-16"/>
  <Kunden KundenNr="2634" KundEigtNr="2588" KundArt="29" KundStatus="1" KundAufDat="1997-06-16"/>
  <Kunden KundenNr="2635" KundEigtNr="1354" KundArt="2" KundStatus="3" KundAufDat="1997-06-16"/>
  <Kunden KundenNr="2636" KundEigtNr="2110" KundArt="1" KundStatus="3" KundAufDat="1997-06-17"/>
  <Kunden KundenNr="2637" KundEigtNr="2457" KundArt="2" KundStatus="3" KundAufDat="1997-06-17"/>
  <Kunden KundenNr="2638" KundEigtNr="3611" KundArt="1" KundStatus="3" KundAufDat="1997-06-17"/>
  <Kunden KundenNr="2639" KundEigtNr="471" KundArt="1" KundStatus="3" KundAufDat="1997-06-17"/>
  <Kunden KundenNr="2640" KundEigtNr="3157" KundArt="1" KundStatus="3" KundAufDat="1997-06-17"/>
  <Kunden KundenNr="2641" KundEigtNr="1531" KundArt="8" KundStatus="3" KundAufDat="1997-06-17"/>
  <Kunden KundenNr="2642" KundEigtNr="3240" KundArt="2" KundStatus="1" KundAufDat="1997-06-17"/>
  <Kunden KundenNr="2643" KundEigtNr="2064" KundArt="8" KundStatus="3" KundAufDat="1997-06-17"/>
  <Kunden KundenNr="2644" KundEigtNr="1984" KundArt="8" KundStatus="3" KundAufDat="1997-06-17"/>
  <Kunden KundenNr="2645" KundEigtNr="3324" KundArt="8" KundStatus="3" KundAufDat="1997-06-17"/>
  <Kunden KundenNr="2646" KundEigtNr="4017" KundArt="8" KundStatus="3" KundAufDat="1997-06-17"/>
  <Kunden KundenNr="2647" KundEigtNr="2465" KundArt="8" KundStatus="3" KundAufDat="1997-06-17"/>
  <Kunden KundenNr="2648" KundEigtNr="771" KundArt="8" KundStatus="1" KundAufDat="1997-06-17"/>
  <Kunden KundenNr="2649" KundEigtNr="1355" KundArt="8" KundStatus="3" KundAufDat="1997-06-17"/>
  <Kunden KundenNr="2650" KundEigtNr="3977" KundArt="3" KundStatus="3" KundAufDat="1997-06-17"/>
  <Kunden KundenNr="2651" KundEigtNr="3624" KundArt="3" KundStatus="3" KundAufDat="1997-06-17"/>
  <Kunden KundenNr="2652" KundEigtNr="2289" KundArt="8" KundStatus="1" KundAufDat="1997-06-18"/>
  <Kunden KundenNr="2653" KundEigtNr="2845" KundArt="2" KundStatus="3" KundAufDat="1997-06-18"/>
  <Kunden KundenNr="2654" KundEigtNr="1331" KundArt="2" KundStatus="1" KundAufDat="1997-06-18"/>
  <Kunden KundenNr="2655" KundEigtNr="535" KundArt="29" KundStatus="1" KundAufDat="1997-06-18"/>
  <Kunden KundenNr="2656" KundEigtNr="1016" KundArt="29" KundStatus="1" KundAufDat="1997-06-18"/>
  <Kunden KundenNr="2657" KundEigtNr="4051" KundArt="8" KundStatus="3" KundAufDat="1997-06-18"/>
  <Kunden KundenNr="2658" KundEigtNr="2605" KundArt="3" KundStatus="3" KundAufDat="1997-06-19"/>
  <Kunden KundenNr="2659" KundEigtNr="1748" KundArt="1" KundStatus="3" KundAufDat="1997-06-19"/>
  <Kunden KundenNr="2660" KundEigtNr="1119" KundArt="1" KundStatus="3" KundAufDat="1997-06-19"/>
  <Kunden KundenNr="2661" KundEigtNr="4067" KundArt="2" KundStatus="3" KundAufDat="1997-06-19"/>
  <Kunden KundenNr="2662" KundEigtNr="3614" KundArt="2" KundStatus="3" KundAufDat="1997-06-20"/>
  <Kunden KundenNr="2663" KundEigtNr="1737" KundArt="29" KundStatus="1" KundAufDat="1997-06-20"/>
  <Kunden KundenNr="2664" KundEigtNr="2890" KundArt="29" KundStatus="1" KundAufDat="1997-06-20"/>
  <Kunden KundenNr="2665" KundEigtNr="3342" KundArt="29" KundStatus="1" KundAufDat="1997-06-20"/>
  <Kunden KundenNr="2666" KundEigtNr="3013" KundArt="29" KundStatus="1" KundAufDat="1997-06-20"/>
  <Kunden KundenNr="2667" KundEigtNr="3832" KundArt="1" KundStatus="3" KundAufDat="1997-06-20"/>
  <Kunden KundenNr="2668" KundEigtNr="2276" KundArt="29" KundStatus="1" KundAufDat="1997-06-20"/>
  <Kunden KundenNr="2669" KundEigtNr="2478" KundArt="3" KundStatus="3" KundAufDat="1997-06-20"/>
  <Kunden KundenNr="2670" KundEigtNr="1543" KundArt="29" KundStatus="1" KundAufDat="1997-06-20"/>
  <Kunden KundenNr="2671" KundEigtNr="1493" KundArt="8" KundStatus="3" KundAufDat="1997-06-20"/>
  <Kunden KundenNr="2672" KundEigtNr="626" KundArt="2" KundStatus="3" KundAufDat="1997-06-21"/>
  <Kunden KundenNr="2673" KundEigtNr="907" KundArt="2" KundStatus="3" KundAufDat="1997-06-23"/>
  <Kunden KundenNr="2674" KundEigtNr="711" KundArt="2" KundStatus="3" KundAufDat="1997-06-23"/>
  <Kunden KundenNr="2675" KundEigtNr="3276" KundArt="2" KundStatus="3" KundAufDat="1997-06-23"/>
  <Kunden KundenNr="2676" KundEigtNr="1460" KundArt="2" KundStatus="1" KundAufDat="1997-06-23"/>
  <Kunden KundenNr="2677" KundEigtNr="2325" KundArt="2" KundStatus="1" KundAufDat="1997-06-23"/>
  <Kunden KundenNr="2678" KundEigtNr="4055" KundArt="1" KundStatus="1" KundAufDat="1997-06-23"/>
  <Kunden KundenNr="2679" KundEigtNr="1621" KundArt="2" KundStatus="3" KundAufDat="1997-06-23"/>
  <Kunden KundenNr="2680" KundEigtNr="616" KundArt="2" KundStatus="3" KundAufDat="1997-06-23"/>
  <Kunden KundenNr="2681" KundEigtNr="3775" KundArt="2" KundStatus="3" KundAufDat="1997-06-23"/>
  <Kunden KundenNr="2682" KundEigtNr="1073" KundArt="2" KundStatus="3" KundAufDat="1997-06-23"/>
  <Kunden KundenNr="2683" KundEigtNr="3505" KundArt="2" KundStatus="1" KundAufDat="1997-06-23"/>
  <Kunden KundenNr="2684" KundEigtNr="2091" KundArt="3" KundStatus="3" KundAufDat="1997-06-23"/>
  <Kunden KundenNr="2685" KundEigtNr="1979" KundArt="8" KundStatus="3" KundAufDat="1997-06-23"/>
  <Kunden KundenNr="2686" KundEigtNr="3463" KundArt="3" KundStatus="3" KundAufDat="1997-06-23"/>
  <Kunden KundenNr="2687" KundEigtNr="351" KundArt="8" KundStatus="3" KundAufDat="1997-06-23"/>
  <Kunden KundenNr="2688" KundEigtNr="2300" KundArt="1" KundStatus="3" KundAufDat="1997-06-23"/>
  <Kunden KundenNr="2689" KundEigtNr="1747" KundArt="8" KundStatus="3" KundAufDat="1997-06-23"/>
  <Kunden KundenNr="2690" KundEigtNr="635" KundArt="2" KundStatus="3" KundAufDat="1997-06-23"/>
  <Kunden KundenNr="2691" KundEigtNr="308" KundArt="2" KundStatus="1" KundAufDat="1997-06-23"/>
  <Kunden KundenNr="2692" KundEigtNr="3844" KundArt="2" KundStatus="3" KundAufDat="1997-06-23"/>
  <Kunden KundenNr="2693" KundEigtNr="2121" KundArt="2" KundStatus="3" KundAufDat="1997-06-23"/>
  <Kunden KundenNr="2694" KundEigtNr="463" KundArt="1" KundStatus="3" KundAufDat="1997-06-24"/>
  <Kunden KundenNr="2695" KundEigtNr="2654" KundArt="2" KundStatus="3" KundAufDat="1997-06-24"/>
  <Kunden KundenNr="2696" KundEigtNr="2144" KundArt="2" KundStatus="1" KundAufDat="1997-06-24"/>
  <Kunden KundenNr="2697" KundEigtNr="3354" KundArt="29" KundStatus="1" KundAufDat="1997-06-24"/>
  <Kunden KundenNr="2698" KundEigtNr="898" KundArt="2" KundStatus="3" KundAufDat="1997-06-24"/>
  <Kunden KundenNr="2699" KundEigtNr="372" KundArt="3" KundStatus="3" KundAufDat="1997-06-24"/>
  <Kunden KundenNr="2700" KundEigtNr="528" KundArt="3" KundStatus="3" KundAufDat="1997-06-24"/>
  <Kunden KundenNr="2701" KundEigtNr="2521" KundArt="29" KundStatus="1" KundAufDat="1997-06-24"/>
  <Kunden KundenNr="2702" KundEigtNr="3176" KundArt="3" KundStatus="3" KundAufDat="1997-06-24"/>
  <Kunden KundenNr="2703" KundEigtNr="3383" KundArt="3" KundStatus="3" KundAufDat="1997-06-24"/>
  <Kunden KundenNr="2704" KundEigtNr="3293" KundArt="3" KundStatus="3" KundAufDat="1997-06-24"/>
  <Kunden KundenNr="2705" KundEigtNr="2391" KundArt="2" KundStatus="3" KundAufDat="1997-06-24"/>
  <Kunden KundenNr="2706" KundEigtNr="1081" KundArt="2" KundStatus="1" KundAufDat="1997-06-24"/>
  <Kunden KundenNr="2707" KundEigtNr="1217" KundArt="2" KundStatus="3" KundAufDat="1997-06-25"/>
  <Kunden KundenNr="2708" KundEigtNr="2467" KundArt="2" KundStatus="3" KundAufDat="1997-06-25"/>
  <Kunden KundenNr="2709" KundEigtNr="4077" KundArt="8" KundStatus="3" KundAufDat="1997-06-25"/>
  <Kunden KundenNr="2710" KundEigtNr="1803" KundArt="3" KundStatus="3" KundAufDat="1997-06-25"/>
  <Kunden KundenNr="2711" KundEigtNr="1877" KundArt="29" KundStatus="1" KundAufDat="1997-06-25"/>
  <Kunden KundenNr="2712" KundEigtNr="2383" KundArt="8" KundStatus="3" KundAufDat="1997-06-25"/>
  <Kunden KundenNr="2713" KundEigtNr="3677" KundArt="29" KundStatus="1" KundAufDat="1997-06-26"/>
  <Kunden KundenNr="2714" KundEigtNr="3093" KundArt="8" KundStatus="3" KundAufDat="1997-06-26"/>
  <Kunden KundenNr="2715" KundEigtNr="1408" KundArt="29" KundStatus="1" KundAufDat="1997-06-26"/>
  <Kunden KundenNr="2716" KundEigtNr="1029" KundArt="8" KundStatus="3" KundAufDat="1997-06-27"/>
  <Kunden KundenNr="2717" KundEigtNr="824" KundArt="1" KundStatus="3" KundAufDat="1997-06-27"/>
  <Kunden KundenNr="2718" KundEigtNr="2295" KundArt="29" KundStatus="1" KundAufDat="1997-06-27"/>
  <Kunden KundenNr="2719" KundEigtNr="2140" KundArt="29" KundStatus="1" KundAufDat="1997-06-27"/>
  <Kunden KundenNr="2720" KundEigtNr="2211" KundArt="29" KundStatus="1" KundAufDat="1997-06-27"/>
  <Kunden KundenNr="2721" KundEigtNr="995" KundArt="1" KundStatus="3" KundAufDat="1997-06-27"/>
  <Kunden KundenNr="2722" KundEigtNr="3235" KundArt="1" KundStatus="1" KundAufDat="1997-06-27"/>
  <Kunden KundenNr="2723" KundEigtNr="1393" KundArt="1" KundStatus="3" KundAufDat="1997-06-27"/>
  <Kunden KundenNr="2724" KundEigtNr="4197" KundArt="2" KundStatus="3" KundAufDat="1997-06-27"/>
  <Kunden KundenNr="2725" KundEigtNr="3829" KundArt="3" KundStatus="3" KundAufDat="1997-06-27"/>
  <Kunden KundenNr="2726" KundEigtNr="1258" KundArt="8" KundStatus="3" KundAufDat="1997-06-28"/>
  <Kunden KundenNr="2727" KundEigtNr="555" KundArt="8" KundStatus="3" KundAufDat="1997-06-28"/>
  <Kunden KundenNr="2728" KundEigtNr="2447" KundArt="8" KundStatus="1" KundAufDat="1997-06-28"/>
  <Kunden KundenNr="2729" KundEigtNr="610" KundArt="8" KundStatus="3" KundAufDat="1997-06-28"/>
  <Kunden KundenNr="2730" KundEigtNr="2708" KundArt="8" KundStatus="1" KundAufDat="1997-06-28"/>
  <Kunden KundenNr="2731" KundEigtNr="3690" KundArt="8" KundStatus="3" KundAufDat="1997-06-28"/>
  <Kunden KundenNr="2732" KundEigtNr="2265" KundArt="8" KundStatus="3" KundAufDat="1997-06-28"/>
  <Kunden KundenNr="2733" KundEigtNr="2894" KundArt="8" KundStatus="3" KundAufDat="1997-06-28"/>
  <Kunden KundenNr="2734" KundEigtNr="3877" KundArt="8" KundStatus="3" KundAufDat="1997-06-28"/>
  <Kunden KundenNr="2735" KundEigtNr="3410" KundArt="8" KundStatus="1" KundAufDat="1997-06-28"/>
  <Kunden KundenNr="2736" KundEigtNr="2026" KundArt="8" KundStatus="3" KundAufDat="1997-06-28"/>
  <Kunden KundenNr="2737" KundEigtNr="375" KundArt="8" KundStatus="3" KundAufDat="1997-06-28"/>
  <Kunden KundenNr="2738" KundEigtNr="4069" KundArt="8" KundStatus="1" KundAufDat="1997-06-28"/>
  <Kunden KundenNr="2739" KundEigtNr="2666" KundArt="8" KundStatus="3" KundAufDat="1997-06-28"/>
  <Kunden KundenNr="2740" KundEigtNr="1268" KundArt="2" KundStatus="3" KundAufDat="1997-06-30"/>
  <Kunden KundenNr="2741" KundEigtNr="1700" KundArt="2" KundStatus="3" KundAufDat="1997-06-30"/>
  <Kunden KundenNr="2742" KundEigtNr="2348" KundArt="8" KundStatus="3" KundAufDat="1997-06-30"/>
  <Kunden KundenNr="2743" KundEigtNr="2939" KundArt="8" KundStatus="1" KundAufDat="1997-06-30"/>
  <Kunden KundenNr="2744" KundEigtNr="3355" KundArt="8" KundStatus="3" KundAufDat="1997-06-30"/>
  <Kunden KundenNr="2745" KundEigtNr="426" KundArt="8" KundStatus="3" KundAufDat="1997-06-30"/>
  <Kunden KundenNr="2746" KundEigtNr="2253" KundArt="3" KundStatus="3" KundAufDat="1997-06-30"/>
  <Kunden KundenNr="2747" KundEigtNr="1361" KundArt="3" KundStatus="3" KundAufDat="1997-06-30"/>
  <Kunden KundenNr="2748" KundEigtNr="649" KundArt="3" KundStatus="3" KundAufDat="1997-06-30"/>
  <Kunden KundenNr="2749" KundEigtNr="3561" KundArt="8" KundStatus="1" KundAufDat="1997-06-30"/>
  <Kunden KundenNr="2750" KundEigtNr="4130" KundArt="8" KundStatus="1" KundAufDat="1997-06-30"/>
  <Kunden KundenNr="2751" KundEigtNr="1727" KundArt="8" KundStatus="1" KundAufDat="1997-06-30"/>
  <Kunden KundenNr="2752" KundEigtNr="1051" KundArt="2" KundStatus="3" KundAufDat="1997-06-30"/>
  <Kunden KundenNr="2753" KundEigtNr="2069" KundArt="8" KundStatus="3" KundAufDat="1997-06-30"/>
  <Kunden KundenNr="2754" KundEigtNr="1804" KundArt="8" KundStatus="3" KundAufDat="1997-06-30"/>
  <Kunden KundenNr="2755" KundEigtNr="1293" KundArt="5" KundStatus="3" KundAufDat="1997-06-30"/>
  <Kunden KundenNr="2756" KundEigtNr="1754" KundArt="1" KundStatus="3" KundAufDat="1997-06-30"/>
  <Kunden KundenNr="2757" KundEigtNr="1112" KundArt="2" KundStatus="3" KundAufDat="1997-06-30"/>
  <Kunden KundenNr="2758" KundEigtNr="2897" KundArt="2" KundStatus="3" KundAufDat="1997-06-30"/>
  <Kunden KundenNr="2759" KundEigtNr="1044" KundArt="8" KundStatus="3" KundAufDat="1997-06-30"/>
  <Kunden KundenNr="2760" KundEigtNr="3020" KundArt="8" KundStatus="3" KundAufDat="1997-06-30"/>
  <Kunden KundenNr="2761" KundEigtNr="2099" KundArt="8" KundStatus="3" KundAufDat="1997-06-30"/>
  <Kunden KundenNr="2762" KundEigtNr="1118" KundArt="8" KundStatus="1" KundAufDat="1997-06-30"/>
  <Kunden KundenNr="2763" KundEigtNr="2850" KundArt="8" KundStatus="1" KundAufDat="1997-06-30"/>
  <Kunden KundenNr="2764" KundEigtNr="3671" KundArt="1" KundStatus="3" KundAufDat="1997-06-30"/>
  <Kunden KundenNr="2765" KundEigtNr="1583" KundArt="8" KundStatus="3" KundAufDat="1997-06-30"/>
  <Kunden KundenNr="2766" KundEigtNr="1552" KundArt="8" KundStatus="3" KundAufDat="1997-06-30"/>
  <Kunden KundenNr="2767" KundEigtNr="1688" KundArt="8" KundStatus="3" KundAufDat="1997-06-30"/>
  <Kunden KundenNr="2768" KundEigtNr="597" KundArt="8" KundStatus="1" KundAufDat="1997-06-30"/>
  <Kunden KundenNr="2769" KundEigtNr="1284" KundArt="2" KundStatus="3" KundAufDat="1997-06-30"/>
  <Kunden KundenNr="2770" KundEigtNr="495" KundArt="8" KundStatus="1" KundAufDat="1997-06-30"/>
  <Kunden KundenNr="2771" KundEigtNr="3006" KundArt="8" KundStatus="1" KundAufDat="1997-07-01"/>
  <Kunden KundenNr="2772" KundEigtNr="2784" KundArt="3" KundStatus="3" KundAufDat="1997-07-01"/>
  <Kunden KundenNr="2773" KundEigtNr="4015" KundArt="2" KundStatus="3" KundAufDat="1997-07-01"/>
  <Kunden KundenNr="2774" KundEigtNr="3084" KundArt="3" KundStatus="3" KundAufDat="1997-07-01"/>
  <Kunden KundenNr="2775" KundEigtNr="2525" KundArt="2" KundStatus="3" KundAufDat="1997-07-01"/>
  <Kunden KundenNr="2776" KundEigtNr="2852" KundArt="2" KundStatus="1" KundAufDat="1997-07-01"/>
  <Kunden KundenNr="2777" KundEigtNr="3061" KundArt="8" KundStatus="3" KundAufDat="1997-07-01"/>
  <Kunden KundenNr="2778" KundEigtNr="1332" KundArt="8" KundStatus="1" KundAufDat="1997-07-01"/>
  <Kunden KundenNr="2779" KundEigtNr="1094" KundArt="1" KundStatus="3" KundAufDat="1997-07-01"/>
  <Kunden KundenNr="2780" KundEigtNr="2376" KundArt="8" KundStatus="1" KundAufDat="1997-07-01"/>
  <Kunden KundenNr="2781" KundEigtNr="3774" KundArt="2" KundStatus="3" KundAufDat="1997-07-01"/>
  <Kunden KundenNr="2782" KundEigtNr="4152" KundArt="8" KundStatus="3" KundAufDat="1997-07-01"/>
  <Kunden KundenNr="2783" KundEigtNr="2341" KundArt="8" KundStatus="3" KundAufDat="1997-07-01"/>
  <Kunden KundenNr="2784" KundEigtNr="3337" KundArt="8" KundStatus="3" KundAufDat="1997-07-02"/>
  <Kunden KundenNr="2785" KundEigtNr="3634" KundArt="8" KundStatus="3" KundAufDat="1997-07-02"/>
  <Kunden KundenNr="2786" KundEigtNr="3691" KundArt="8" KundStatus="3" KundAufDat="1997-07-02"/>
  <Kunden KundenNr="2787" KundEigtNr="4036" KundArt="8" KundStatus="1" KundAufDat="1997-07-02"/>
  <Kunden KundenNr="2788" KundEigtNr="2952" KundArt="8" KundStatus="3" KundAufDat="1997-07-02"/>
  <Kunden KundenNr="2789" KundEigtNr="2798" KundArt="8" KundStatus="3" KundAufDat="1997-07-02"/>
  <Kunden KundenNr="2790" KundEigtNr="2559" KundArt="8" KundStatus="3" KundAufDat="1997-07-02"/>
  <Kunden KundenNr="2791" KundEigtNr="3448" KundArt="8" KundStatus="3" KundAufDat="1997-07-02"/>
  <Kunden KundenNr="2792" KundEigtNr="2212" KundArt="8" KundStatus="3" KundAufDat="1997-07-02"/>
  <Kunden KundenNr="2793" KundEigtNr="696" KundArt="8" KundStatus="1" KundAufDat="1997-07-02"/>
  <Kunden KundenNr="2794" KundEigtNr="1635" KundArt="8" KundStatus="1" KundAufDat="1997-07-02"/>
  <Kunden KundenNr="2795" KundEigtNr="1030" KundArt="8" KundStatus="3" KundAufDat="1997-07-03"/>
  <Kunden KundenNr="2796" KundEigtNr="1814" KundArt="1" KundStatus="3" KundAufDat="1997-07-03"/>
  <Kunden KundenNr="2797" KundEigtNr="2481" KundArt="29" KundStatus="1" KundAufDat="1997-07-03"/>
  <Kunden KundenNr="2798" KundEigtNr="3758" KundArt="29" KundStatus="1" KundAufDat="1997-07-03"/>
  <Kunden KundenNr="2799" KundEigtNr="2110" KundArt="29" KundStatus="1" KundAufDat="1997-07-03"/>
  <Kunden KundenNr="2800" KundEigtNr="2004" KundArt="29" KundStatus="1" KundAufDat="1997-07-03"/>
  <Kunden KundenNr="2801" KundEigtNr="2326" KundArt="8" KundStatus="3" KundAufDat="1997-07-03"/>
  <Kunden KundenNr="2802" KundEigtNr="578" KundArt="8" KundStatus="3" KundAufDat="1997-07-03"/>
  <Kunden KundenNr="2803" KundEigtNr="2287" KundArt="8" KundStatus="3" KundAufDat="1997-07-03"/>
  <Kunden KundenNr="2804" KundEigtNr="2449" KundArt="4" KundStatus="3" KundAufDat="1997-07-03"/>
  <Kunden KundenNr="2805" KundEigtNr="1131" KundArt="8" KundStatus="1" KundAufDat="1997-07-04"/>
  <Kunden KundenNr="2806" KundEigtNr="2397" KundArt="4" KundStatus="3" KundAufDat="1997-07-04"/>
  <Kunden KundenNr="2807" KundEigtNr="1018" KundArt="8" KundStatus="3" KundAufDat="1997-07-04"/>
  <Kunden KundenNr="2808" KundEigtNr="730" KundArt="4" KundStatus="3" KundAufDat="1997-07-04"/>
  <Kunden KundenNr="2809" KundEigtNr="4111" KundArt="8" KundStatus="3" KundAufDat="1997-07-04"/>
  <Kunden KundenNr="2810" KundEigtNr="2620" KundArt="29" KundStatus="1" KundAufDat="1997-07-05"/>
  <Kunden KundenNr="2811" KundEigtNr="1031" KundArt="29" KundStatus="3" KundAufDat="1997-07-05"/>
  <Kunden KundenNr="2812" KundEigtNr="1253" KundArt="3" KundStatus="3" KundAufDat="1997-07-05"/>
  <Kunden KundenNr="2813" KundEigtNr="712" KundArt="3" KundStatus="3" KundAufDat="1997-07-05"/>
  <Kunden KundenNr="2814" KundEigtNr="556" KundArt="3" KundStatus="3" KundAufDat="1997-07-05"/>
  <Kunden KundenNr="2815" KundEigtNr="1907" KundArt="29" KundStatus="1" KundAufDat="1997-07-07"/>
  <Kunden KundenNr="2816" KundEigtNr="2755" KundArt="5" KundStatus="3" KundAufDat="1997-07-07"/>
  <Kunden KundenNr="2817" KundEigtNr="1103" KundArt="3" KundStatus="3" KundAufDat="1997-07-07"/>
  <Kunden KundenNr="2818" KundEigtNr="2887" KundArt="1" KundStatus="3" KundAufDat="1997-07-07"/>
  <Kunden KundenNr="2819" KundEigtNr="948" KundArt="1" KundStatus="3" KundAufDat="1997-07-07"/>
  <Kunden KundenNr="2820" KundEigtNr="4094" KundArt="1" KundStatus="3" KundAufDat="1997-07-07"/>
  <Kunden KundenNr="2821" KundEigtNr="324" KundArt="1" KundStatus="3" KundAufDat="1997-07-07"/>
  <Kunden KundenNr="2822" KundEigtNr="2969" KundArt="5" KundStatus="3" KundAufDat="1997-07-07"/>
  <Kunden KundenNr="2823" KundEigtNr="2068" KundArt="29" KundStatus="1" KundAufDat="1997-07-07"/>
  <Kunden KundenNr="2824" KundEigtNr="3288" KundArt="1" KundStatus="3" KundAufDat="1997-07-07"/>
  <Kunden KundenNr="2825" KundEigtNr="1143" KundArt="8" KundStatus="3" KundAufDat="1997-07-07"/>
  <Kunden KundenNr="2826" KundEigtNr="3493" KundArt="3" KundStatus="3" KundAufDat="1997-07-07"/>
  <Kunden KundenNr="2827" KundEigtNr="4074" KundArt="29" KundStatus="3" KundAufDat="1997-07-07"/>
  <Kunden KundenNr="2828" KundEigtNr="4080" KundArt="29" KundStatus="1" KundAufDat="1997-07-07"/>
  <Kunden KundenNr="2829" KundEigtNr="1886" KundArt="3" KundStatus="3" KundAufDat="1997-07-08"/>
  <Kunden KundenNr="2830" KundEigtNr="4085" KundArt="29" KundStatus="3" KundAufDat="1997-07-08"/>
  <Kunden KundenNr="2831" KundEigtNr="1770" KundArt="8" KundStatus="3" KundAufDat="1997-07-08"/>
  <Kunden KundenNr="2832" KundEigtNr="2729" KundArt="8" KundStatus="3" KundAufDat="1997-07-08"/>
  <Kunden KundenNr="2833" KundEigtNr="2574" KundArt="2" KundStatus="3" KundAufDat="1997-07-08"/>
  <Kunden KundenNr="2834" KundEigtNr="1019" KundArt="29" KundStatus="1" KundAufDat="1997-07-08"/>
  <Kunden KundenNr="2835" KundEigtNr="2617" KundArt="3" KundStatus="3" KundAufDat="1997-07-08"/>
  <Kunden KundenNr="2836" KundEigtNr="3068" KundArt="8" KundStatus="3" KundAufDat="1997-07-09"/>
  <Kunden KundenNr="2837" KundEigtNr="388" KundArt="5" KundStatus="3" KundAufDat="1997-07-09"/>
  <Kunden KundenNr="2838" KundEigtNr="2451" KundArt="1" KundStatus="3" KundAufDat="1997-07-09"/>
  <Kunden KundenNr="2839" KundEigtNr="2070" KundArt="29" KundStatus="1" KundAufDat="1997-07-09"/>
  <Kunden KundenNr="2840" KundEigtNr="2013" KundArt="29" KundStatus="1" KundAufDat="1997-07-09"/>
  <Kunden KundenNr="2841" KundEigtNr="477" KundArt="29" KundStatus="1" KundAufDat="1997-07-10"/>
  <Kunden KundenNr="2842" KundEigtNr="3280" KundArt="29" KundStatus="1" KundAufDat="1997-07-10"/>
  <Kunden KundenNr="2843" KundEigtNr="312" KundArt="4" KundStatus="3" KundAufDat="1997-07-10"/>
  <Kunden KundenNr="2844" KundEigtNr="1388" KundArt="8" KundStatus="3" KundAufDat="1997-07-11"/>
  <Kunden KundenNr="2845" KundEigtNr="2801" KundArt="8" KundStatus="3" KundAufDat="1997-07-11"/>
  <Kunden KundenNr="2846" KundEigtNr="2779" KundArt="29" KundStatus="1" KundAufDat="1997-07-11"/>
  <Kunden KundenNr="2847" KundEigtNr="3263" KundArt="29" KundStatus="1" KundAufDat="1997-07-11"/>
  <Kunden KundenNr="2848" KundEigtNr="2913" KundArt="8" KundStatus="3" KundAufDat="1997-07-11"/>
  <Kunden KundenNr="2849" KundEigtNr="3930" KundArt="2" KundStatus="3" KundAufDat="1997-07-12"/>
  <Kunden KundenNr="2850" KundEigtNr="2180" KundArt="2" KundStatus="3" KundAufDat="1997-07-14"/>
  <Kunden KundenNr="2851" KundEigtNr="2201" KundArt="2" KundStatus="3" KundAufDat="1997-07-14"/>
  <Kunden KundenNr="2852" KundEigtNr="3099" KundArt="2" KundStatus="3" KundAufDat="1997-07-14"/>
  <Kunden KundenNr="2853" KundEigtNr="2213" KundArt="2" KundStatus="3" KundAufDat="1997-07-14"/>
  <Kunden KundenNr="2854" KundEigtNr="452" KundArt="2" KundStatus="3" KundAufDat="1997-07-14"/>
  <Kunden KundenNr="2855" KundEigtNr="2082" KundArt="2" KundStatus="3" KundAufDat="1997-07-14"/>
  <Kunden KundenNr="2856" KundEigtNr="1132" KundArt="8" KundStatus="1" KundAufDat="1997-07-14"/>
  <Kunden KundenNr="2857" KundEigtNr="3969" KundArt="2" KundStatus="3" KundAufDat="1997-07-14"/>
  <Kunden KundenNr="2858" KundEigtNr="3610" KundArt="2" KundStatus="3" KundAufDat="1997-07-14"/>
  <Kunden KundenNr="2859" KundEigtNr="3168" KundArt="2" KundStatus="3" KundAufDat="1997-07-14"/>
  <Kunden KundenNr="2860" KundEigtNr="3863" KundArt="5" KundStatus="3" KundAufDat="1997-07-14"/>
  <Kunden KundenNr="2861" KundEigtNr="1927" KundArt="8" KundStatus="3" KundAufDat="1997-07-14"/>
  <Kunden KundenNr="2862" KundEigtNr="3362" KundArt="1" KundStatus="3" KundAufDat="1997-07-14"/>
  <Kunden KundenNr="2863" KundEigtNr="3317" KundArt="1" KundStatus="1" KundAufDat="1997-07-14"/>
  <Kunden KundenNr="2864" KundEigtNr="3738" KundArt="1" KundStatus="3" KundAufDat="1997-07-14"/>
  <Kunden KundenNr="2865" KundEigtNr="2145" KundArt="8" KundStatus="1" KundAufDat="1997-07-14"/>
  <Kunden KundenNr="2866" KundEigtNr="343" KundArt="8" KundStatus="1" KundAufDat="1997-07-14"/>
  <Kunden KundenNr="2867" KundEigtNr="4338" KundArt="8" KundStatus="3" KundAufDat="1997-07-14"/>
  <Kunden KundenNr="2868" KundEigtNr="4069" KundArt="8" KundStatus="3" KundAufDat="1997-07-14"/>
  <Kunden KundenNr="2869" KundEigtNr="871" KundArt="8" KundStatus="1" KundAufDat="1997-07-14"/>
  <Kunden KundenNr="2870" KundEigtNr="658" KundArt="8" KundStatus="3" KundAufDat="1997-07-14"/>
  <Kunden KundenNr="2871" KundEigtNr="4060" KundArt="8" KundStatus="3" KundAufDat="1997-07-14"/>
  <Kunden KundenNr="2872" KundEigtNr="1096" KundArt="8" KundStatus="3" KundAufDat="1997-07-14"/>
  <Kunden KundenNr="2873" KundEigtNr="739" KundArt="1" KundStatus="3" KundAufDat="1997-07-14"/>
  <Kunden KundenNr="2874" KundEigtNr="4153" KundArt="1" KundStatus="3" KundAufDat="1997-07-14"/>
  <Kunden KundenNr="2875" KundEigtNr="4112" KundArt="8" KundStatus="3" KundAufDat="1997-07-14"/>
  <Kunden KundenNr="2876" KundEigtNr="3710" KundArt="8" KundStatus="3" KundAufDat="1997-07-14"/>
  <Kunden KundenNr="2877" KundEigtNr="3396" KundArt="8" KundStatus="3" KundAufDat="1997-07-14"/>
  <Kunden KundenNr="2878" KundEigtNr="1705" KundArt="8" KundStatus="3" KundAufDat="1997-07-14"/>
  <Kunden KundenNr="2879" KundEigtNr="2947" KundArt="1" KundStatus="3" KundAufDat="1997-07-14"/>
  <Kunden KundenNr="2880" KundEigtNr="1947" KundArt="5" KundStatus="3" KundAufDat="1997-07-14"/>
  <Kunden KundenNr="2881" KundEigtNr="900" KundArt="8" KundStatus="3" KundAufDat="1997-07-14"/>
  <Kunden KundenNr="2882" KundEigtNr="1080" KundArt="2" KundStatus="3" KundAufDat="1997-07-14"/>
  <Kunden KundenNr="2883" KundEigtNr="1646" KundArt="8" KundStatus="1" KundAufDat="1997-07-14"/>
  <Kunden KundenNr="2884" KundEigtNr="748" KundArt="8" KundStatus="3" KundAufDat="1997-07-14"/>
  <Kunden KundenNr="2885" KundEigtNr="309" KundArt="2" KundStatus="3" KundAufDat="1997-07-14"/>
  <Kunden KundenNr="2886" KundEigtNr="3852" KundArt="8" KundStatus="1" KundAufDat="1997-07-14"/>
  <Kunden KundenNr="2887" KundEigtNr="1053" KundArt="3" KundStatus="3" KundAufDat="1997-07-15"/>
  <Kunden KundenNr="2888" KundEigtNr="2308" KundArt="3" KundStatus="3" KundAufDat="1997-07-15"/>
  <Kunden KundenNr="2889" KundEigtNr="1402" KundArt="1" KundStatus="3" KundAufDat="1997-07-15"/>
  <Kunden KundenNr="2890" KundEigtNr="910" KundArt="1" KundStatus="3" KundAufDat="1997-07-15"/>
  <Kunden KundenNr="2891" KundEigtNr="1928" KundArt="1" KundStatus="3" KundAufDat="1997-07-15"/>
  <Kunden KundenNr="2892" KundEigtNr="2420" KundArt="3" KundStatus="3" KundAufDat="1997-07-15"/>
  <Kunden KundenNr="2893" KundEigtNr="2169" KundArt="8" KundStatus="3" KundAufDat="1997-07-15"/>
  <Kunden KundenNr="2894" KundEigtNr="3683" KundArt="8" KundStatus="3" KundAufDat="1997-07-15"/>
  <Kunden KundenNr="2895" KundEigtNr="2277" KundArt="8" KundStatus="3" KundAufDat="1997-07-15"/>
  <Kunden KundenNr="2896" KundEigtNr="2550" KundArt="8" KundStatus="3" KundAufDat="1997-07-15"/>
  <Kunden KundenNr="2897" KundEigtNr="919" KundArt="8" KundStatus="3" KundAufDat="1997-07-15"/>
  <Kunden KundenNr="2898" KundEigtNr="2202" KundArt="8" KundStatus="3" KundAufDat="1997-07-15"/>
  <Kunden KundenNr="2899" KundEigtNr="3208" KundArt="8" KundStatus="3" KundAufDat="1997-07-15"/>
  <Kunden KundenNr="2900" KundEigtNr="3104" KundArt="8" KundStatus="3" KundAufDat="1997-07-15"/>
  <Kunden KundenNr="2901" KundEigtNr="361" KundArt="8" KundStatus="3" KundAufDat="1997-07-15"/>
  <Kunden KundenNr="2902" KundEigtNr="1980" KundArt="2" KundStatus="3" KundAufDat="1997-07-15"/>
  <Kunden KundenNr="2903" KundEigtNr="830" KundArt="2" KundStatus="3" KundAufDat="1997-07-15"/>
  <Kunden KundenNr="2904" KundEigtNr="1581" KundArt="1" KundStatus="3" KundAufDat="1997-07-15"/>
  <Kunden KundenNr="2905" KundEigtNr="1130" KundArt="1" KundStatus="1" KundAufDat="1997-07-15"/>
  <Kunden KundenNr="2906" KundEigtNr="810" KundArt="29" KundStatus="3" KundAufDat="1997-07-15"/>
  <Kunden KundenNr="2907" KundEigtNr="2268" KundArt="29" KundStatus="1" KundAufDat="1997-07-15"/>
  <Kunden KundenNr="2908" KundEigtNr="3070" KundArt="8" KundStatus="3" KundAufDat="1997-07-15"/>
  <Kunden KundenNr="2909" KundEigtNr="1706" KundArt="8" KundStatus="3" KundAufDat="1997-07-15"/>
  <Kunden KundenNr="2910" KundEigtNr="2330" KundArt="8" KundStatus="3" KundAufDat="1997-07-15"/>
  <Kunden KundenNr="2911" KundEigtNr="3268" KundArt="8" KundStatus="3" KundAufDat="1997-07-15"/>
  <Kunden KundenNr="2912" KundEigtNr="4185" KundArt="29" KundStatus="3" KundAufDat="1997-07-15"/>
  <Kunden KundenNr="2913" KundEigtNr="1673" KundArt="8" KundStatus="3" KundAufDat="1997-07-15"/>
  <Kunden KundenNr="2914" KundEigtNr="1215" KundArt="8" KundStatus="1" KundAufDat="1997-07-15"/>
  <Kunden KundenNr="2915" KundEigtNr="2381" KundArt="8" KundStatus="3" KundAufDat="1997-07-15"/>
  <Kunden KundenNr="2916" KundEigtNr="1450" KundArt="8" KundStatus="3" KundAufDat="1997-07-16"/>
  <Kunden KundenNr="2917" KundEigtNr="1677" KundArt="8" KundStatus="3" KundAufDat="1997-07-16"/>
  <Kunden KundenNr="2918" KundEigtNr="2432" KundArt="8" KundStatus="3" KundAufDat="1997-07-16"/>
  <Kunden KundenNr="2919" KundEigtNr="1068" KundArt="8" KundStatus="3" KundAufDat="1997-07-16"/>
  <Kunden KundenNr="2920" KundEigtNr="1565" KundArt="8" KundStatus="3" KundAufDat="1997-07-16"/>
  <Kunden KundenNr="2921" KundEigtNr="636" KundArt="8" KundStatus="3" KundAufDat="1997-07-16"/>
  <Kunden KundenNr="2922" KundEigtNr="500" KundArt="8" KundStatus="3" KundAufDat="1997-07-16"/>
  <Kunden KundenNr="2923" KundEigtNr="603" KundArt="8" KundStatus="3" KundAufDat="1997-07-16"/>
  <Kunden KundenNr="2924" KundEigtNr="3805" KundArt="8" KundStatus="3" KundAufDat="1997-07-16"/>
  <Kunden KundenNr="2925" KundEigtNr="2895" KundArt="8" KundStatus="3" KundAufDat="1997-07-16"/>
  <Kunden KundenNr="2926" KundEigtNr="1012" KundArt="8" KundStatus="3" KundAufDat="1997-07-16"/>
  <Kunden KundenNr="2927" KundEigtNr="3509" KundArt="29" KundStatus="1" KundAufDat="1997-07-16"/>
  <Kunden KundenNr="2928" KundEigtNr="836" KundArt="8" KundStatus="3" KundAufDat="1997-07-16"/>
  <Kunden KundenNr="2929" KundEigtNr="1759" KundArt="3" KundStatus="3" KundAufDat="1997-07-17"/>
  <Kunden KundenNr="2930" KundEigtNr="1285" KundArt="2" KundStatus="3" KundAufDat="1997-07-17"/>
  <Kunden KundenNr="2931" KundEigtNr="3983" KundArt="1" KundStatus="3" KundAufDat="1997-07-17"/>
  <Kunden KundenNr="2932" KundEigtNr="3655" KundArt="3" KundStatus="3" KundAufDat="1997-07-17"/>
  <Kunden KundenNr="2933" KundEigtNr="676" KundArt="1" KundStatus="3" KundAufDat="1997-07-18"/>
  <Kunden KundenNr="2934" KundEigtNr="302" KundArt="2" KundStatus="3" KundAufDat="1997-07-18"/>
  <Kunden KundenNr="2935" KundEigtNr="310" KundArt="2" KundStatus="3" KundAufDat="1997-07-19"/>
  <Kunden KundenNr="2936" KundEigtNr="1396" KundArt="2" KundStatus="1" KundAufDat="1997-07-19"/>
  <Kunden KundenNr="2937" KundEigtNr="2815" KundArt="2" KundStatus="1" KundAufDat="1997-07-19"/>
  <Kunden KundenNr="2938" KundEigtNr="2551" KundArt="2" KundStatus="3" KundAufDat="1997-07-19"/>
  <Kunden KundenNr="2939" KundEigtNr="3726" KundArt="2" KundStatus="1" KundAufDat="1997-07-19"/>
  <Kunden KundenNr="2940" KundEigtNr="2477" KundArt="2" KundStatus="1" KundAufDat="1997-07-19"/>
  <Kunden KundenNr="2941" KundEigtNr="1095" KundArt="4" KundStatus="3" KundAufDat="1997-07-21"/>
  <Kunden KundenNr="2942" KundEigtNr="2720" KundArt="8" KundStatus="3" KundAufDat="1997-07-21"/>
  <Kunden KundenNr="2943" KundEigtNr="76" KundArt="29" KundStatus="1" KundAufDat="1997-07-21"/>
  <Kunden KundenNr="2944" KundEigtNr="3792" KundArt="8" KundStatus="3" KundAufDat="1997-07-21"/>
  <Kunden KundenNr="2945" KundEigtNr="766" KundArt="8" KundStatus="1" KundAufDat="1997-07-21"/>
  <Kunden KundenNr="2946" KundEigtNr="1661" KundArt="8" KundStatus="3" KundAufDat="1997-07-21"/>
  <Kunden KundenNr="2947" KundEigtNr="3079" KundArt="8" KundStatus="3" KundAufDat="1997-07-21"/>
  <Kunden KundenNr="2948" KundEigtNr="2392" KundArt="8" KundStatus="3" KundAufDat="1997-07-21"/>
  <Kunden KundenNr="2949" KundEigtNr="2232" KundArt="1" KundStatus="3" KundAufDat="1997-07-21"/>
  <Kunden KundenNr="2950" KundEigtNr="3548" KundArt="1" KundStatus="1" KundAufDat="1997-07-21"/>
  <Kunden KundenNr="2951" KundEigtNr="896" KundArt="3" KundStatus="3" KundAufDat="1997-07-21"/>
  <Kunden KundenNr="2952" KundEigtNr="1508" KundArt="3" KundStatus="3" KundAufDat="1997-07-21"/>
  <Kunden KundenNr="2953" KundEigtNr="337" KundArt="8" KundStatus="3" KundAufDat="1997-07-21"/>
  <Kunden KundenNr="2954" KundEigtNr="1333" KundArt="8" KundStatus="3" KundAufDat="1997-07-21"/>
  <Kunden KundenNr="2955" KundEigtNr="3073" KundArt="8" KundStatus="3" KundAufDat="1997-07-21"/>
  <Kunden KundenNr="2956" KundEigtNr="3788" KundArt="8" KundStatus="3" KundAufDat="1997-07-21"/>
  <Kunden KundenNr="2957" KundEigtNr="1436" KundArt="8" KundStatus="3" KundAufDat="1997-07-21"/>
  <Kunden KundenNr="2958" KundEigtNr="2776" KundArt="1" KundStatus="3" KundAufDat="1997-07-21"/>
  <Kunden KundenNr="2959" KundEigtNr="2970" KundArt="8" KundStatus="3" KundAufDat="1997-07-22"/>
  <Kunden KundenNr="2960" KundEigtNr="4187" KundArt="8" KundStatus="3" KundAufDat="1997-07-22"/>
  <Kunden KundenNr="2961" KundEigtNr="3889" KundArt="4" KundStatus="3" KundAufDat="1997-07-22"/>
  <Kunden KundenNr="2962" KundEigtNr="1989" KundArt="1" KundStatus="3" KundAufDat="1997-07-22"/>
  <Kunden KundenNr="2963" KundEigtNr="3048" KundArt="3" KundStatus="3" KundAufDat="1997-07-22"/>
  <Kunden KundenNr="2964" KundEigtNr="3931" KundArt="3" KundStatus="3" KundAufDat="1997-07-22"/>
  <Kunden KundenNr="2965" KundEigtNr="2493" KundArt="3" KundStatus="3" KundAufDat="1997-07-22"/>
  <Kunden KundenNr="2966" KundEigtNr="3231" KundArt="8" KundStatus="1" KundAufDat="1997-07-22"/>
  <Kunden KundenNr="2967" KundEigtNr="2560" KundArt="8" KundStatus="3" KundAufDat="1997-07-22"/>
  <Kunden KundenNr="2968" KundEigtNr="3437" KundArt="8" KundStatus="3" KundAufDat="1997-07-22"/>
  <Kunden KundenNr="2969" KundEigtNr="383" KundArt="8" KundStatus="3" KundAufDat="1997-07-22"/>
  <Kunden KundenNr="2970" KundEigtNr="1642" KundArt="8" KundStatus="3" KundAufDat="1997-07-22"/>
  <Kunden KundenNr="2971" KundEigtNr="3329" KundArt="3" KundStatus="3" KundAufDat="1997-07-22"/>
  <Kunden KundenNr="2972" KundEigtNr="1929" KundArt="3" KundStatus="3" KundAufDat="1997-07-22"/>
  <Kunden KundenNr="2973" KundEigtNr="901" KundArt="3" KundStatus="3" KundAufDat="1997-07-22"/>
  <Kunden KundenNr="2974" KundEigtNr="2900" KundArt="14" KundStatus="3" KundAufDat="1997-07-22"/>
  <Kunden KundenNr="2975" KundEigtNr="3243" KundArt="3" KundStatus="3" KundAufDat="1997-07-22"/>
  <Kunden KundenNr="2976" KundEigtNr="3705" KundArt="8" KundStatus="3" KundAufDat="1997-07-22"/>
  <Kunden KundenNr="2977" KundEigtNr="1528" KundArt="1" KundStatus="3" KundAufDat="1997-07-22"/>
  <Kunden KundenNr="2978" KundEigtNr="777" KundArt="1" KundStatus="3" KundAufDat="1997-07-22"/>
  <Kunden KundenNr="2979" KundEigtNr="507" KundArt="1" KundStatus="1" KundAufDat="1997-07-22"/>
  <Kunden KundenNr="2980" KundEigtNr="1178" KundArt="3" KundStatus="3" KundAufDat="1997-07-22"/>
  <Kunden KundenNr="2981" KundEigtNr="2005" KundArt="29" KundStatus="1" KundAufDat="1997-07-22"/>
  <Kunden KundenNr="2982" KundEigtNr="1604" KundArt="29" KundStatus="1" KundAufDat="1997-07-22"/>
  <Kunden KundenNr="2983" KundEigtNr="3442" KundArt="29" KundStatus="1" KundAufDat="1997-07-22"/>
  <Kunden KundenNr="2984" KundEigtNr="3869" KundArt="4" KundStatus="3" KundAufDat="1997-07-22"/>
  <Kunden KundenNr="2985" KundEigtNr="3915" KundArt="8" KundStatus="3" KundAufDat="1997-07-22"/>
  <Kunden KundenNr="2986" KundEigtNr="392" KundArt="8" KundStatus="3" KundAufDat="1997-07-22"/>
  <Kunden KundenNr="2987" KundEigtNr="2621" KundArt="2" KundStatus="3" KundAufDat="1997-07-23"/>
  <Kunden KundenNr="2988" KundEigtNr="2739" KundArt="2" KundStatus="1" KundAufDat="1997-07-23"/>
  <Kunden KundenNr="2989" KundEigtNr="2724" KundArt="2" KundStatus="3" KundAufDat="1997-07-23"/>
  <Kunden KundenNr="2990" KundEigtNr="2291" KundArt="8" KundStatus="3" KundAufDat="1997-07-23"/>
  <Kunden KundenNr="2991" KundEigtNr="3356" KundArt="1" KundStatus="1" KundAufDat="1997-07-23"/>
  <Kunden KundenNr="2992" KundEigtNr="2522" KundArt="29" KundStatus="1" KundAufDat="1997-07-23"/>
  <Kunden KundenNr="2993" KundEigtNr="2641" KundArt="2" KundStatus="3" KundAufDat="1997-07-23"/>
  <Kunden KundenNr="2994" KundEigtNr="2587" KundArt="3" KundStatus="3" KundAufDat="1997-07-23"/>
  <Kunden KundenNr="2995" KundEigtNr="509" KundArt="8" KundStatus="3" KundAufDat="1997-07-23"/>
  <Kunden KundenNr="2996" KundEigtNr="872" KundArt="3" KundStatus="3" KundAufDat="1997-07-23"/>
  <Kunden KundenNr="2997" KundEigtNr="2790" KundArt="29" KundStatus="1" KundAufDat="1997-07-23"/>
  <Kunden KundenNr="2998" KundEigtNr="699" KundArt="8" KundStatus="1" KundAufDat="1997-07-23"/>
  <Kunden KundenNr="2999" KundEigtNr="2994" KundArt="29" KundStatus="1" KundAufDat="1997-07-24"/>
  <Kunden KundenNr="3000" KundEigtNr="548" KundArt="4" KundStatus="3" KundAufDat="1997-07-24"/>
  <Kunden KundenNr="3001" KundEigtNr="2856" KundArt="8" KundStatus="3" KundAufDat="1997-07-24"/>
  <Kunden KundenNr="3002" KundEigtNr="2016" KundArt="3" KundStatus="3" KundAufDat="1997-07-24"/>
  <Kunden KundenNr="3003" KundEigtNr="996" KundArt="3" KundStatus="3" KundAufDat="1997-07-24"/>
  <Kunden KundenNr="3004" KundEigtNr="1822" KundArt="3" KundStatus="3" KundAufDat="1997-07-25"/>
  <Kunden KundenNr="3005" KundEigtNr="769" KundArt="29" KundStatus="1" KundAufDat="1997-07-25"/>
  <Kunden KundenNr="3006" KundEigtNr="3781" KundArt="3" KundStatus="3" KundAufDat="1997-07-25"/>
  <Kunden KundenNr="3007" KundEigtNr="1335" KundArt="8" KundStatus="1" KundAufDat="1997-07-25"/>
  <Kunden KundenNr="3008" KundEigtNr="414" KundArt="2" KundStatus="1" KundAufDat="1997-07-28"/>
  <Kunden KundenNr="3009" KundEigtNr="632" KundArt="2" KundStatus="3" KundAufDat="1997-07-28"/>
  <Kunden KundenNr="3010" KundEigtNr="2038" KundArt="1" KundStatus="1" KundAufDat="1997-07-28"/>
  <Kunden KundenNr="3011" KundEigtNr="2414" KundArt="1" KundStatus="3" KundAufDat="1997-07-28"/>
  <Kunden KundenNr="3012" KundEigtNr="3717" KundArt="29" KundStatus="3" KundAufDat="1997-07-28"/>
  <Kunden KundenNr="3013" KundEigtNr="2932" KundArt="1" KundStatus="3" KundAufDat="1997-07-28"/>
  <Kunden KundenNr="3014" KundEigtNr="1622" KundArt="2" KundStatus="3" KundAufDat="1997-07-28"/>
  <Kunden KundenNr="3015" KundEigtNr="702" KundArt="1" KundStatus="3" KundAufDat="1997-07-28"/>
  <Kunden KundenNr="3016" KundEigtNr="2582" KundArt="8" KundStatus="3" KundAufDat="1997-07-28"/>
  <Kunden KundenNr="3017" KundEigtNr="3017" KundArt="3" KundStatus="3" KundAufDat="1997-07-28"/>
  <Kunden KundenNr="3018" KundEigtNr="1434" KundArt="3" KundStatus="3" KundAufDat="1997-07-28"/>
  <Kunden KundenNr="3019" KundEigtNr="579" KundArt="8" KundStatus="1" KundAufDat="1997-07-28"/>
  <Kunden KundenNr="3020" KundEigtNr="4167" KundArt="8" KundStatus="3" KundAufDat="1997-07-28"/>
  <Kunden KundenNr="3021" KundEigtNr="2051" KundArt="3" KundStatus="3" KundAufDat="1997-07-28"/>
  <Kunden KundenNr="3022" KundEigtNr="2721" KundArt="2" KundStatus="1" KundAufDat="1997-07-28"/>
  <Kunden KundenNr="3023" KundEigtNr="1485" KundArt="2" KundStatus="3" KundAufDat="1997-07-28"/>
  <Kunden KundenNr="3024" KundEigtNr="1336" KundArt="3" KundStatus="3" KundAufDat="1997-07-28"/>
  <Kunden KundenNr="3025" KundEigtNr="3699" KundArt="8" KundStatus="3" KundAufDat="1997-07-28"/>
  <Kunden KundenNr="3026" KundEigtNr="2789" KundArt="8" KundStatus="3" KundAufDat="1997-07-28"/>
  <Kunden KundenNr="3027" KundEigtNr="3692" KundArt="3" KundStatus="3" KundAufDat="1997-07-28"/>
  <Kunden KundenNr="3028" KundEigtNr="979" KundArt="8" KundStatus="1" KundAufDat="1997-07-28"/>
  <Kunden KundenNr="3029" KundEigtNr="2257" KundArt="1" KundStatus="3" KundAufDat="1997-07-28"/>
  <Kunden KundenNr="3030" KundEigtNr="2668" KundArt="8" KundStatus="3" KundAufDat="1997-07-28"/>
  <Kunden KundenNr="3031" KundEigtNr="585" KundArt="3" KundStatus="3" KundAufDat="1997-07-28"/>
  <Kunden KundenNr="3032" KundEigtNr="2061" KundArt="3" KundStatus="3" KundAufDat="1997-07-28"/>
  <Kunden KundenNr="3033" KundEigtNr="3749" KundArt="3" KundStatus="3" KundAufDat="1997-07-28"/>
  <Kunden KundenNr="3034" KundEigtNr="2455" KundArt="3" KundStatus="3" KundAufDat="1997-07-28"/>
  <Kunden KundenNr="3035" KundEigtNr="3954" KundArt="3" KundStatus="3" KundAufDat="1997-07-28"/>
  <Kunden KundenNr="3036" KundEigtNr="1908" KundArt="8" KundStatus="3" KundAufDat="1997-07-28"/>
  <Kunden KundenNr="3037" KundEigtNr="1378" KundArt="1" KundStatus="3" KundAufDat="1997-07-28"/>
  <Kunden KundenNr="3038" KundEigtNr="1579" KundArt="1" KundStatus="1" KundAufDat="1997-07-28"/>
  <Kunden KundenNr="3039" KundEigtNr="1592" KundArt="8" KundStatus="3" KundAufDat="1997-07-28"/>
  <Kunden KundenNr="3040" KundEigtNr="2363" KundArt="3" KundStatus="3" KundAufDat="1997-07-28"/>
  <Kunden KundenNr="3041" KundEigtNr="1692" KundArt="5" KundStatus="3" KundAufDat="1997-07-28"/>
  <Kunden KundenNr="3042" KundEigtNr="4190" KundArt="5" KundStatus="3" KundAufDat="1997-07-28"/>
  <Kunden KundenNr="3043" KundEigtNr="3809" KundArt="3" KundStatus="3" KundAufDat="1997-07-28"/>
  <Kunden KundenNr="3044" KundEigtNr="3392" KundArt="3" KundStatus="3" KundAufDat="1997-07-29"/>
  <Kunden KundenNr="3045" KundEigtNr="1501" KundArt="3" KundStatus="3" KundAufDat="1997-07-29"/>
  <Kunden KundenNr="3046" KundEigtNr="1647" KundArt="3" KundStatus="3" KundAufDat="1997-07-29"/>
  <Kunden KundenNr="3047" KundEigtNr="2929" KundArt="3" KundStatus="3" KundAufDat="1997-07-29"/>
  <Kunden KundenNr="3048" KundEigtNr="2851" KundArt="3" KundStatus="3" KundAufDat="1997-07-29"/>
  <Kunden KundenNr="3049" KundEigtNr="3838" KundArt="1" KundStatus="3" KundAufDat="1997-07-29"/>
  <Kunden KundenNr="3050" KundEigtNr="519" KundArt="2" KundStatus="3" KundAufDat="1997-07-29"/>
  <Kunden KundenNr="3051" KundEigtNr="673" KundArt="3" KundStatus="3" KundAufDat="1997-07-29"/>
  <Kunden KundenNr="3052" KundEigtNr="3106" KundArt="3" KundStatus="3" KundAufDat="1997-07-29"/>
  <Kunden KundenNr="3053" KundEigtNr="3662" KundArt="3" KundStatus="3" KundAufDat="1997-07-29"/>
  <Kunden KundenNr="3054" KundEigtNr="2052" KundArt="3" KundStatus="3" KundAufDat="1997-07-29"/>
  <Kunden KundenNr="3055" KundEigtNr="1957" KundArt="3" KundStatus="3" KundAufDat="1997-07-29"/>
  <Kunden KundenNr="3056" KundEigtNr="2722" KundArt="2" KundStatus="3" KundAufDat="1997-07-29"/>
  <Kunden KundenNr="3057" KundEigtNr="2468" KundArt="2" KundStatus="3" KundAufDat="1997-07-29"/>
  <Kunden KundenNr="3058" KundEigtNr="4022" KundArt="3" KundStatus="3" KundAufDat="1997-07-29"/>
  <Kunden KundenNr="3059" KundEigtNr="2022" KundArt="8" KundStatus="1" KundAufDat="1997-07-29"/>
  <Kunden KundenNr="3060" KundEigtNr="3219" KundArt="3" KundStatus="3" KundAufDat="1997-07-29"/>
  <Kunden KundenNr="3061" KundEigtNr="4100" KundArt="4" KundStatus="3" KundAufDat="1997-07-29"/>
  <Kunden KundenNr="3062" KundEigtNr="4032" KundArt="3" KundStatus="3" KundAufDat="1997-07-30"/>
  <Kunden KundenNr="3063" KundEigtNr="2104" KundArt="3" KundStatus="3" KundAufDat="1997-07-30"/>
  <Kunden KundenNr="3064" KundEigtNr="356" KundArt="1" KundStatus="3" KundAufDat="1997-07-30"/>
  <Kunden KundenNr="3065" KundEigtNr="4191" KundArt="8" KundStatus="3" KundAufDat="1997-07-30"/>
  <Kunden KundenNr="3066" KundEigtNr="3205" KundArt="29" KundStatus="1" KundAufDat="1997-07-30"/>
  <Kunden KundenNr="3067" KundEigtNr="3747" KundArt="29" KundStatus="1" KundAufDat="1997-07-30"/>
  <Kunden KundenNr="3068" KundEigtNr="2919" KundArt="3" KundStatus="3" KundAufDat="1997-07-30"/>
  <Kunden KundenNr="3069" KundEigtNr="1847" KundArt="2" KundStatus="3" KundAufDat="1997-07-30"/>
  <Kunden KundenNr="3070" KundEigtNr="613" KundArt="3" KundStatus="3" KundAufDat="1997-07-31"/>
  <Kunden KundenNr="3071" KundEigtNr="520" KundArt="3" KundStatus="3" KundAufDat="1997-07-31"/>
  <Kunden KundenNr="3072" KundEigtNr="878" KundArt="3" KundStatus="3" KundAufDat="1997-07-31"/>
  <Kunden KundenNr="3073" KundEigtNr="3855" KundArt="29" KundStatus="1" KundAufDat="1997-07-31"/>
  <Kunden KundenNr="3074" KundEigtNr="1202" KundArt="8" KundStatus="1" KundAufDat="1997-07-31"/>
  <Kunden KundenNr="3075" KundEigtNr="2685" KundArt="8" KundStatus="3" KundAufDat="1997-07-31"/>
  <Kunden KundenNr="3076" KundEigtNr="1738" KundArt="3" KundStatus="3" KundAufDat="1997-07-31"/>
  <Kunden KundenNr="3077" KundEigtNr="1009" KundArt="3" KundStatus="3" KundAufDat="1997-07-31"/>
  <Kunden KundenNr="3078" KundEigtNr="973" KundArt="29" KundStatus="1" KundAufDat="1997-08-01"/>
  <Kunden KundenNr="3079" KundEigtNr="870" KundArt="29" KundStatus="1" KundAufDat="1997-08-01"/>
  <Kunden KundenNr="3080" KundEigtNr="1210" KundArt="2" KundStatus="3" KundAufDat="1997-08-02"/>
  <Kunden KundenNr="3081" KundEigtNr="2021" KundArt="2" KundStatus="1" KundAufDat="1997-08-02"/>
  <Kunden KundenNr="3082" KundEigtNr="972" KundArt="2" KundStatus="3" KundAufDat="1997-08-02"/>
  <Kunden KundenNr="3083" KundEigtNr="3357" KundArt="2" KundStatus="3" KundAufDat="1997-08-02"/>
  <Kunden KundenNr="3085" KundEigtNr="1298" KundArt="2" KundStatus="3" KundAufDat="1997-08-04"/>
  <Kunden KundenNr="3086" KundEigtNr="1156" KundArt="2" KundStatus="1" KundAufDat="1997-08-04"/>
  <Kunden KundenNr="3087" KundEigtNr="2821" KundArt="2" KundStatus="3" KundAufDat="1997-08-04"/>
  <Kunden KundenNr="3088" KundEigtNr="908" KundArt="2" KundStatus="3" KundAufDat="1997-08-04"/>
  <Kunden KundenNr="3089" KundEigtNr="3647" KundArt="2" KundStatus="3" KundAufDat="1997-08-04"/>
  <Kunden KundenNr="3090" KundEigtNr="1662" KundArt="2" KundStatus="3" KundAufDat="1997-08-04"/>
  <Kunden KundenNr="3091" KundEigtNr="1742" KundArt="2" KundStatus="3" KundAufDat="1997-08-04"/>
  <Kunden KundenNr="3092" KundEigtNr="549" KundArt="2" KundStatus="1" KundAufDat="1997-08-04"/>
  <Kunden KundenNr="3093" KundEigtNr="2655" KundArt="2" KundStatus="1" KundAufDat="1997-08-04"/>
  <Kunden KundenNr="3094" KundEigtNr="3090" KundArt="2" KundStatus="3" KundAufDat="1997-08-04"/>
  <Kunden KundenNr="3095" KundEigtNr="472" KundArt="1" KundStatus="3" KundAufDat="1997-08-04"/>
  <Kunden KundenNr="3096" KundEigtNr="3326" KundArt="3" KundStatus="3" KundAufDat="1997-08-04"/>
  <Kunden KundenNr="3097" KundEigtNr="2352" KundArt="3" KundStatus="3" KundAufDat="1997-08-04"/>
  <Kunden KundenNr="3098" KundEigtNr="3019" KundArt="2" KundStatus="3" KundAufDat="1997-08-04"/>
  <Kunden KundenNr="3099" KundEigtNr="2273" KundArt="2" KundStatus="3" KundAufDat="1997-08-04"/>
  <Kunden KundenNr="3100" KundEigtNr="5782" KundArt="2" KundStatus="3" KundAufDat="1997-08-04"/>
  <Kunden KundenNr="3101" KundEigtNr="1623" KundArt="2" KundStatus="3" KundAufDat="1997-08-04"/>
  <Kunden KundenNr="3102" KundEigtNr="415" KundArt="2" KundStatus="3" KundAufDat="1997-08-04"/>
  <Kunden KundenNr="3103" KundEigtNr="1362" KundArt="2" KundStatus="3" KundAufDat="1997-08-04"/>
  <Kunden KundenNr="3104" KundEigtNr="2958" KundArt="2" KundStatus="3" KundAufDat="1997-08-04"/>
  <Kunden KundenNr="3105" KundEigtNr="2096" KundArt="2" KundStatus="3" KundAufDat="1997-08-04"/>
  <Kunden KundenNr="3106" KundEigtNr="2167" KundArt="5" KundStatus="3" KundAufDat="1997-08-04"/>
  <Kunden KundenNr="3107" KundEigtNr="1686" KundArt="1" KundStatus="3" KundAufDat="1997-08-04"/>
  <Kunden KundenNr="3108" KundEigtNr="1723" KundArt="1" KundStatus="1" KundAufDat="1997-08-04"/>
  <Kunden KundenNr="3109" KundEigtNr="2209" KundArt="2" KundStatus="3" KundAufDat="1997-08-04"/>
  <Kunden KundenNr="3110" KundEigtNr="2356" KundArt="8" KundStatus="1" KundAufDat="1997-08-04"/>
  <Kunden KundenNr="3111" KundEigtNr="4016" KundArt="2" KundStatus="3" KundAufDat="1997-08-04"/>
  <Kunden KundenNr="3112" KundEigtNr="3473" KundArt="2" KundStatus="3" KundAufDat="1997-08-04"/>
  <Kunden KundenNr="3113" KundEigtNr="556" KundArt="2" KundStatus="1" KundAufDat="1997-08-04"/>
  <Kunden KundenNr="3114" KundEigtNr="3609" KundArt="8" KundStatus="3" KundAufDat="1997-08-04"/>
  <Kunden KundenNr="3115" KundEigtNr="2122" KundArt="4" KundStatus="3" KundAufDat="1997-08-04"/>
  <Kunden KundenNr="3116" KundEigtNr="1107" KundArt="2" KundStatus="3" KundAufDat="1997-08-05"/>
  <Kunden KundenNr="3117" KundEigtNr="1624" KundArt="29" KundStatus="3" KundAufDat="1997-08-05"/>
  <Kunden KundenNr="3118" KundEigtNr="2656" KundArt="2" KundStatus="3" KundAufDat="1997-08-05"/>
  <Kunden KundenNr="3119" KundEigtNr="3731" KundArt="2" KundStatus="3" KundAufDat="1997-08-05"/>
  <Kunden KundenNr="3120" KundEigtNr="1112" KundArt="2" KundStatus="3" KundAufDat="1997-08-05"/>
  <Kunden KundenNr="3121" KundEigtNr="4170" KundArt="2" KundStatus="3" KundAufDat="1997-08-05"/>
  <Kunden KundenNr="3122" KundEigtNr="2613" KundArt="2" KundStatus="3" KundAufDat="1997-08-05"/>
  <Kunden KundenNr="3123" KundEigtNr="1471" KundArt="2" KundStatus="3" KundAufDat="1997-08-05"/>
  <Kunden KundenNr="3124" KundEigtNr="585" KundArt="2" KundStatus="3" KundAufDat="1997-08-05"/>
  <Kunden KundenNr="3125" KundEigtNr="583" KundArt="8" KundStatus="3" KundAufDat="1997-08-05"/>
  <Kunden KundenNr="3126" KundEigtNr="1548" KundArt="8" KundStatus="3" KundAufDat="1997-08-05"/>
  <Kunden KundenNr="3127" KundEigtNr="2080" KundArt="8" KundStatus="3" KundAufDat="1997-08-05"/>
  <Kunden KundenNr="3128" KundEigtNr="3169" KundArt="2" KundStatus="3" KundAufDat="1997-08-05"/>
  <Kunden KundenNr="3129" KundEigtNr="4113" KundArt="8" KundStatus="3" KundAufDat="1997-08-05"/>
  <Kunden KundenNr="3130" KundEigtNr="2354" KundArt="8" KundStatus="1" KundAufDat="1997-08-05"/>
  <Kunden KundenNr="3131" KundEigtNr="3625" KundArt="8" KundStatus="1" KundAufDat="1997-08-05"/>
  <Kunden KundenNr="3132" KundEigtNr="1872" KundArt="8" KundStatus="3" KundAufDat="1997-08-05"/>
  <Kunden KundenNr="3133" KundEigtNr="1045" KundArt="3" KundStatus="3" KundAufDat="1997-08-05"/>
  <Kunden KundenNr="3134" KundEigtNr="1347" KundArt="29" KundStatus="1" KundAufDat="1997-08-06"/>
  <Kunden KundenNr="3135" KundEigtNr="725" KundArt="8" KundStatus="3" KundAufDat="1997-08-06"/>
  <Kunden KundenNr="3136" KundEigtNr="984" KundArt="3" KundStatus="3" KundAufDat="1997-08-06"/>
  <Kunden KundenNr="3137" KundEigtNr="3370" KundArt="3" KundStatus="3" KundAufDat="1997-08-06"/>
  <Kunden KundenNr="3138" KundEigtNr="3539" KundArt="2" KundStatus="3" KundAufDat="1997-08-07"/>
  <Kunden KundenNr="3139" KundEigtNr="2073" KundArt="8" KundStatus="3" KundAufDat="1997-08-07"/>
  <Kunden KundenNr="3140" KundEigtNr="2544" KundArt="8" KundStatus="3" KundAufDat="1997-08-08"/>
  <Kunden KundenNr="3141" KundEigtNr="3908" KundArt="1" KundStatus="1" KundAufDat="1997-08-08"/>
  <Kunden KundenNr="3142" KundEigtNr="2782" KundArt="29" KundStatus="1" KundAufDat="1997-08-08"/>
  <Kunden KundenNr="3143" KundEigtNr="4305" KundArt="29" KundStatus="1" KundAufDat="1997-08-08"/>
  <Kunden KundenNr="3144" KundEigtNr="3949" KundArt="2" KundStatus="3" KundAufDat="1997-08-08"/>
  <Kunden KundenNr="3145" KundEigtNr="2274" KundArt="1" KundStatus="3" KundAufDat="1997-08-11"/>
  <Kunden KundenNr="3146" KundEigtNr="1670" KundArt="1" KundStatus="1" KundAufDat="1997-08-11"/>
  <Kunden KundenNr="3147" KundEigtNr="4098" KundArt="2" KundStatus="3" KundAufDat="1997-08-11"/>
  <Kunden KundenNr="3148" KundEigtNr="3678" KundArt="8" KundStatus="1" KundAufDat="1997-08-11"/>
  <Kunden KundenNr="3149" KundEigtNr="3307" KundArt="8" KundStatus="3" KundAufDat="1997-08-11"/>
  <Kunden KundenNr="3150" KundEigtNr="850" KundArt="8" KundStatus="3" KundAufDat="1997-08-11"/>
  <Kunden KundenNr="3151" KundEigtNr="3546" KundArt="2" KundStatus="3" KundAufDat="1997-08-11"/>
  <Kunden KundenNr="3152" KundEigtNr="3308" KundArt="2" KundStatus="3" KundAufDat="1997-08-11"/>
  <Kunden KundenNr="3153" KundEigtNr="2306" KundArt="16" KundStatus="3" KundAufDat="1997-08-11"/>
  <Kunden KundenNr="3154" KundEigtNr="3907" KundArt="1" KundStatus="1" KundAufDat="1997-08-11"/>
  <Kunden KundenNr="3155" KundEigtNr="1518" KundArt="8" KundStatus="3" KundAufDat="1997-08-11"/>
  <Kunden KundenNr="3156" KundEigtNr="3562" KundArt="8" KundStatus="3" KundAufDat="1997-08-11"/>
  <Kunden KundenNr="3157" KundEigtNr="3427" KundArt="8" KundStatus="3" KundAufDat="1997-08-11"/>
  <Kunden KundenNr="3158" KundEigtNr="3649" KundArt="2" KundStatus="1" KundAufDat="1997-08-11"/>
  <Kunden KundenNr="3159" KundEigtNr="1864" KundArt="8" KundStatus="3" KundAufDat="1997-08-11"/>
  <Kunden KundenNr="3160" KundEigtNr="2888" KundArt="1" KundStatus="1" KundAufDat="1997-08-11"/>
  <Kunden KundenNr="3161" KundEigtNr="415" KundArt="8" KundStatus="3" KundAufDat="1997-08-11"/>
  <Kunden KundenNr="3162" KundEigtNr="1805" KundArt="8" KundStatus="3" KundAufDat="1997-08-11"/>
  <Kunden KundenNr="3163" KundEigtNr="3082" KundArt="8" KundStatus="3" KundAufDat="1997-08-11"/>
  <Kunden KundenNr="3164" KundEigtNr="2336" KundArt="8" KundStatus="1" KundAufDat="1997-08-12"/>
  <Kunden KundenNr="3165" KundEigtNr="3848" KundArt="8" KundStatus="3" KundAufDat="1997-08-12"/>
  <Kunden KundenNr="3166" KundEigtNr="1363" KundArt="2" KundStatus="3" KundAufDat="1997-08-12"/>
  <Kunden KundenNr="3167" KundEigtNr="3618" KundArt="3" KundStatus="3" KundAufDat="1997-08-12"/>
  <Kunden KundenNr="3168" KundEigtNr="2216" KundArt="2" KundStatus="3" KundAufDat="1997-08-12"/>
  <Kunden KundenNr="3169" KundEigtNr="3958" KundArt="8" KundStatus="3" KundAufDat="1997-08-12"/>
  <Kunden KundenNr="3170" KundEigtNr="839" KundArt="1" KundStatus="3" KundAufDat="1997-08-13"/>
  <Kunden KundenNr="3171" KundEigtNr="1566" KundArt="8" KundStatus="3" KundAufDat="1997-08-13"/>
  <Kunden KundenNr="3172" KundEigtNr="3626" KundArt="2" KundStatus="3" KundAufDat="1997-08-13"/>
  <Kunden KundenNr="3173" KundEigtNr="1606" KundArt="8" KundStatus="1" KundAufDat="1997-08-13"/>
  <Kunden KundenNr="3174" KundEigtNr="4075" KundArt="2" KundStatus="3" KundAufDat="1997-08-13"/>
  <Kunden KundenNr="3175" KundEigtNr="2182" KundArt="29" KundStatus="1" KundAufDat="1997-08-14"/>
  <Kunden KundenNr="3176" KundEigtNr="2861" KundArt="8" KundStatus="3" KundAufDat="1997-08-15"/>
  <Kunden KundenNr="3177" KundEigtNr="3262" KundArt="29" KundStatus="1" KundAufDat="1997-08-15"/>
  <Kunden KundenNr="3178" KundEigtNr="448" KundArt="2" KundStatus="3" KundAufDat="1997-08-18"/>
  <Kunden KundenNr="3179" KundEigtNr="3076" KundArt="2" KundStatus="1" KundAufDat="1997-08-18"/>
  <Kunden KundenNr="3180" KundEigtNr="755" KundArt="8" KundStatus="3" KundAufDat="1997-08-18"/>
  <Kunden KundenNr="3181" KundEigtNr="1625" KundArt="8" KundStatus="3" KundAufDat="1997-08-18"/>
  <Kunden KundenNr="3182" KundEigtNr="523" KundArt="8" KundStatus="3" KundAufDat="1997-08-18"/>
  <Kunden KundenNr="3183" KundEigtNr="3794" KundArt="8" KundStatus="3" KundAufDat="1997-08-18"/>
  <Kunden KundenNr="3184" KundEigtNr="2502" KundArt="8" KundStatus="1" KundAufDat="1997-08-18"/>
  <Kunden KundenNr="3185" KundEigtNr="4158" KundArt="2" KundStatus="3" KundAufDat="1997-08-18"/>
  <Kunden KundenNr="3186" KundEigtNr="3890" KundArt="8" KundStatus="3" KundAufDat="1997-08-18"/>
  <Kunden KundenNr="3187" KundEigtNr="3601" KundArt="8" KundStatus="1" KundAufDat="1997-08-18"/>
  <Kunden KundenNr="3188" KundEigtNr="419" KundArt="8" KundStatus="1" KundAufDat="1997-08-18"/>
  <Kunden KundenNr="3189" KundEigtNr="3933" KundArt="2" KundStatus="1" KundAufDat="1997-08-18"/>
  <Kunden KundenNr="3190" KundEigtNr="1686" KundArt="8" KundStatus="3" KundAufDat="1997-08-18"/>
  <Kunden KundenNr="3191" KundEigtNr="1596" KundArt="8" KundStatus="3" KundAufDat="1997-08-18"/>
  <Kunden KundenNr="3192" KundEigtNr="2870" KundArt="8" KundStatus="3" KundAufDat="1997-08-19"/>
  <Kunden KundenNr="3193" KundEigtNr="4119" KundArt="2" KundStatus="3" KundAufDat="1997-08-19"/>
  <Kunden KundenNr="3194" KundEigtNr="4029" KundArt="29" KundStatus="1" KundAufDat="1997-08-19"/>
  <Kunden KundenNr="3195" KundEigtNr="713" KundArt="29" KundStatus="1" KundAufDat="1997-08-19"/>
  <Kunden KundenNr="3196" KundEigtNr="1382" KundArt="3" KundStatus="3" KundAufDat="1997-08-19"/>
  <Kunden KundenNr="3197" KundEigtNr="4108" KundArt="8" KundStatus="3" KundAufDat="1997-08-19"/>
  <Kunden KundenNr="3198" KundEigtNr="2503" KundArt="8" KundStatus="3" KundAufDat="1997-08-19"/>
  <Kunden KundenNr="3199" KundEigtNr="1844" KundArt="8" KundStatus="1" KundAufDat="1997-08-19"/>
  <Kunden KundenNr="3200" KundEigtNr="2415" KundArt="2" KundStatus="3" KundAufDat="1997-08-19"/>
  <Kunden KundenNr="3201" KundEigtNr="3143" KundArt="1" KundStatus="3" KundAufDat="1997-08-20"/>
  <Kunden KundenNr="3202" KundEigtNr="762" KundArt="8" KundStatus="3" KundAufDat="1997-08-20"/>
  <Kunden KundenNr="3203" KundEigtNr="3524" KundArt="8" KundStatus="1" KundAufDat="1997-08-20"/>
  <Kunden KundenNr="3204" KundEigtNr="1118" KundArt="8" KundStatus="3" KundAufDat="1997-08-20"/>
  <Kunden KundenNr="3205" KundEigtNr="890" KundArt="1" KundStatus="1" KundAufDat="1997-08-21"/>
  <Kunden KundenNr="3206" KundEigtNr="1208" KundArt="8" KundStatus="3" KundAufDat="1997-08-22"/>
  <Kunden KundenNr="3207" KundEigtNr="2338" KundArt="29" KundStatus="1" KundAufDat="1997-08-23"/>
  <Kunden KundenNr="3208" KundEigtNr="3864" KundArt="2" KundStatus="3" KundAufDat="1997-08-23"/>
  <Kunden KundenNr="3209" KundEigtNr="2561" KundArt="1" KundStatus="3" KundAufDat="1997-08-23"/>
  <Kunden KundenNr="3210" KundEigtNr="1412" KundArt="2" KundStatus="3" KundAufDat="1997-08-23"/>
  <Kunden KundenNr="3211" KundEigtNr="2249" KundArt="3" KundStatus="3" KundAufDat="1997-08-23"/>
  <Kunden KundenNr="3212" KundEigtNr="1532" KundArt="8" KundStatus="3" KundAufDat="1997-08-25"/>
  <Kunden KundenNr="3213" KundEigtNr="2242" KundArt="4" KundStatus="3" KundAufDat="1997-08-25"/>
  <Kunden KundenNr="3214" KundEigtNr="2294" KundArt="4" KundStatus="3" KundAufDat="1997-08-25"/>
  <Kunden KundenNr="3215" KundEigtNr="3583" KundArt="8" KundStatus="3" KundAufDat="1997-08-25"/>
  <Kunden KundenNr="3216" KundEigtNr="3430" KundArt="3" KundStatus="3" KundAufDat="1997-08-25"/>
  <Kunden KundenNr="3217" KundEigtNr="2863" KundArt="3" KundStatus="3" KundAufDat="1997-08-25"/>
  <Kunden KundenNr="3218" KundEigtNr="3336" KundArt="2" KundStatus="3" KundAufDat="1997-08-25"/>
  <Kunden KundenNr="3219" KundEigtNr="4193" KundArt="2" KundStatus="3" KundAufDat="1997-08-25"/>
  <Kunden KundenNr="3220" KundEigtNr="558" KundArt="8" KundStatus="3" KundAufDat="1997-08-25"/>
  <Kunden KundenNr="3221" KundEigtNr="2517" KundArt="3" KundStatus="3" KundAufDat="1997-08-25"/>
  <Kunden KundenNr="3222" KundEigtNr="2648" KundArt="2" KundStatus="3" KundAufDat="1997-08-25"/>
  <Kunden KundenNr="3223" KundEigtNr="3769" KundArt="8" KundStatus="1" KundAufDat="1997-08-25"/>
  <Kunden KundenNr="3224" KundEigtNr="3834" KundArt="8" KundStatus="1" KundAufDat="1997-08-25"/>
  <Kunden KundenNr="3225" KundEigtNr="3693" KundArt="8" KundStatus="3" KundAufDat="1997-08-25"/>
  <Kunden KundenNr="3226" KundEigtNr="738" KundArt="3" KundStatus="3" KundAufDat="1997-08-25"/>
  <Kunden KundenNr="3227" KundEigtNr="1930" KundArt="3" KundStatus="3" KundAufDat="1997-08-25"/>
  <Kunden KundenNr="3228" KundEigtNr="3750" KundArt="3" KundStatus="3" KundAufDat="1997-08-25"/>
  <Kunden KundenNr="3229" KundEigtNr="3703" KundArt="3" KundStatus="3" KundAufDat="1997-08-25"/>
  <Kunden KundenNr="3230" KundEigtNr="3047" KundArt="8" KundStatus="3" KundAufDat="1997-08-25"/>
  <Kunden KundenNr="3231" KundEigtNr="3643" KundArt="3" KundStatus="3" KundAufDat="1997-08-26"/>
  <Kunden KundenNr="3232" KundEigtNr="1893" KundArt="8" KundStatus="3" KundAufDat="1997-08-26"/>
  <Kunden KundenNr="3233" KundEigtNr="504" KundArt="8" KundStatus="3" KundAufDat="1997-08-26"/>
  <Kunden KundenNr="3234" KundEigtNr="2119" KundArt="8" KundStatus="1" KundAufDat="1997-08-26"/>
  <Kunden KundenNr="3235" KundEigtNr="2648" KundArt="8" KundStatus="3" KundAufDat="1997-08-26"/>
  <Kunden KundenNr="3236" KundEigtNr="1966" KundArt="8" KundStatus="3" KundAufDat="1997-08-26"/>
  <Kunden KundenNr="3237" KundEigtNr="3072" KundArt="8" KundStatus="3" KundAufDat="1997-08-26"/>
  <Kunden KundenNr="3238" KundEigtNr="2129" KundArt="8" KundStatus="3" KundAufDat="1997-08-26"/>
  <Kunden KundenNr="3239" KundEigtNr="1010" KundArt="8" KundStatus="3" KundAufDat="1997-08-26"/>
  <Kunden KundenNr="3240" KundEigtNr="1657" KundArt="1" KundStatus="3" KundAufDat="1997-08-26"/>
  <Kunden KundenNr="3241" KundEigtNr="1218" KundArt="8" KundStatus="3" KundAufDat="1997-08-26"/>
  <Kunden KundenNr="3242" KundEigtNr="325" KundArt="2" KundStatus="3" KundAufDat="1997-08-26"/>
  <Kunden KundenNr="3243" KundEigtNr="496" KundArt="8" KundStatus="1" KundAufDat="1997-08-26"/>
  <Kunden KundenNr="3244" KundEigtNr="3403" KundArt="8" KundStatus="3" KundAufDat="1997-08-26"/>
  <Kunden KundenNr="3245" KundEigtNr="3436" KundArt="8" KundStatus="1" KundAufDat="1997-08-26"/>
  <Kunden KundenNr="3246" KundEigtNr="3917" KundArt="3" KundStatus="3" KundAufDat="1997-08-26"/>
  <Kunden KundenNr="3247" KundEigtNr="1242" KundArt="8" KundStatus="3" KundAufDat="1997-08-26"/>
  <Kunden KundenNr="3248" KundEigtNr="619" KundArt="8" KundStatus="3" KundAufDat="1997-08-26"/>
  <Kunden KundenNr="3249" KundEigtNr="2058" KundArt="3" KundStatus="3" KundAufDat="1997-08-26"/>
  <Kunden KundenNr="3250" KundEigtNr="4133" KundArt="3" KundStatus="3" KundAufDat="1997-08-26"/>
  <Kunden KundenNr="3251" KundEigtNr="3450" KundArt="8" KundStatus="1" KundAufDat="1997-08-26"/>
  <Kunden KundenNr="3252" KundEigtNr="3994" KundArt="3" KundStatus="3" KundAufDat="1997-08-26"/>
  <Kunden KundenNr="3253" KundEigtNr="2556" KundArt="3" KundStatus="3" KundAufDat="1997-08-26"/>
  <Kunden KundenNr="3254" KundEigtNr="848" KundArt="8" KundStatus="3" KundAufDat="1997-08-26"/>
  <Kunden KundenNr="3255" KundEigtNr="476" KundArt="8" KundStatus="1" KundAufDat="1997-08-26"/>
  <Kunden KundenNr="3256" KundEigtNr="1486" KundArt="2" KundStatus="3" KundAufDat="1997-08-26"/>
  <Kunden KundenNr="3257" KundEigtNr="1086" KundArt="8" KundStatus="3" KundAufDat="1997-08-26"/>
  <Kunden KundenNr="3258" KundEigtNr="3499" KundArt="8" KundStatus="3" KundAufDat="1997-08-26"/>
  <Kunden KundenNr="3259" KundEigtNr="4162" KundArt="8" KundStatus="3" KundAufDat="1997-08-26"/>
  <Kunden KundenNr="3260" KundEigtNr="783" KundArt="8" KundStatus="3" KundAufDat="1997-08-26"/>
  <Kunden KundenNr="3261" KundEigtNr="2974" KundArt="8" KundStatus="1" KundAufDat="1997-08-26"/>
  <Kunden KundenNr="3262" KundEigtNr="1070" KundArt="8" KundStatus="3" KundAufDat="1997-08-26"/>
  <Kunden KundenNr="3263" KundEigtNr="2042" KundArt="8" KundStatus="3" KundAufDat="1997-08-26"/>
  <Kunden KundenNr="3264" KundEigtNr="1826" KundArt="8" KundStatus="3" KundAufDat="1997-08-26"/>
  <Kunden KundenNr="3265" KundEigtNr="322" KundArt="8" KundStatus="1" KundAufDat="1997-08-26"/>
  <Kunden KundenNr="3266" KundEigtNr="1539" KundArt="8" KundStatus="3" KundAufDat="1997-08-26"/>
  <Kunden KundenNr="3267" KundEigtNr="970" KundArt="8" KundStatus="3" KundAufDat="1997-08-26"/>
  <Kunden KundenNr="3268" KundEigtNr="2630" KundArt="3" KundStatus="3" KundAufDat="1997-08-27"/>
  <Kunden KundenNr="3269" KundEigtNr="3184" KundArt="3" KundStatus="3" KundAufDat="1997-08-27"/>
  <Kunden KundenNr="3270" KundEigtNr="856" KundArt="2" KundStatus="1" KundAufDat="1997-08-27"/>
  <Kunden KundenNr="3271" KundEigtNr="1140" KundArt="8" KundStatus="3" KundAufDat="1997-08-27"/>
  <Kunden KundenNr="3272" KundEigtNr="1594" KundArt="3" KundStatus="3" KundAufDat="1997-08-27"/>
  <Kunden KundenNr="3273" KundEigtNr="3050" KundArt="3" KundStatus="3" KundAufDat="1997-08-27"/>
  <Kunden KundenNr="3274" KundEigtNr="3642" KundArt="3" KundStatus="3" KundAufDat="1997-08-27"/>
  <Kunden KundenNr="3275" KundEigtNr="3686" KundArt="29" KundStatus="1" KundAufDat="1997-08-27"/>
  <Kunden KundenNr="3276" KundEigtNr="2053" KundArt="8" KundStatus="3" KundAufDat="1997-08-27"/>
  <Kunden KundenNr="3277" KundEigtNr="2657" KundArt="1" KundStatus="1" KundAufDat="1997-08-27"/>
  <Kunden KundenNr="3278" KundEigtNr="1282" KundArt="3" KundStatus="3" KundAufDat="1997-08-27"/>
  <Kunden KundenNr="3279" KundEigtNr="1931" KundArt="29" KundStatus="1" KundAufDat="1997-08-28"/>
  <Kunden KundenNr="3280" KundEigtNr="1105" KundArt="3" KundStatus="3" KundAufDat="1997-08-28"/>
  <Kunden KundenNr="3281" KundEigtNr="1967" KundArt="8" KundStatus="3" KundAufDat="1997-08-28"/>
  <Kunden KundenNr="3282" KundEigtNr="846" KundArt="8" KundStatus="3" KundAufDat="1997-08-28"/>
  <Kunden KundenNr="3283" KundEigtNr="3420" KundArt="8" KundStatus="1" KundAufDat="1997-08-29"/>
  <Kunden KundenNr="3284" KundEigtNr="1961" KundArt="8" KundStatus="1" KundAufDat="1997-08-29"/>
  <Kunden KundenNr="3285" KundEigtNr="2494" KundArt="3" KundStatus="3" KundAufDat="1997-08-29"/>
  <Kunden KundenNr="3286" KundEigtNr="2607" KundArt="1" KundStatus="3" KundAufDat="1997-08-29"/>
  <Kunden KundenNr="3287" KundEigtNr="2591" KundArt="1" KundStatus="3" KundAufDat="1997-08-29"/>
  <Kunden KundenNr="3288" KundEigtNr="3459" KundArt="3" KundStatus="3" KundAufDat="1997-08-29"/>
  <Kunden KundenNr="3289" KundEigtNr="600" KundArt="3" KundStatus="3" KundAufDat="1997-09-01"/>
  <Kunden KundenNr="3290" KundEigtNr="2745" KundArt="3" KundStatus="3" KundAufDat="1997-09-01"/>
  <Kunden KundenNr="3291" KundEigtNr="3728" KundArt="1" KundStatus="3" KundAufDat="1997-09-01"/>
  <Kunden KundenNr="3292" KundEigtNr="4021" KundArt="29" KundStatus="1" KundAufDat="1997-09-01"/>
  <Kunden KundenNr="3293" KundEigtNr="937" KundArt="29" KundStatus="1" KundAufDat="1997-09-01"/>
  <Kunden KundenNr="3294" KundEigtNr="3552" KundArt="1" KundStatus="3" KundAufDat="1997-09-01"/>
  <Kunden KundenNr="3295" KundEigtNr="820" KundArt="8" KundStatus="1" KundAufDat="1997-09-01"/>
  <Kunden KundenNr="3296" KundEigtNr="3178" KundArt="8" KundStatus="3" KundAufDat="1997-09-01"/>
  <Kunden KundenNr="3297" KundEigtNr="1479" KundArt="8" KundStatus="3" KundAufDat="1997-09-01"/>
  <Kunden KundenNr="3298" KundEigtNr="4072" KundArt="8" KundStatus="3" KundAufDat="1997-09-01"/>
  <Kunden KundenNr="3299" KundEigtNr="2992" KundArt="1" KundStatus="3" KundAufDat="1997-09-01"/>
  <Kunden KundenNr="3300" KundEigtNr="2980" KundArt="8" KundStatus="3" KundAufDat="1997-09-01"/>
  <Kunden KundenNr="3301" KundEigtNr="4026" KundArt="8" KundStatus="3" KundAufDat="1997-09-01"/>
  <Kunden KundenNr="3302" KundEigtNr="3526" KundArt="8" KundStatus="3" KundAufDat="1997-09-01"/>
  <Kunden KundenNr="3303" KundEigtNr="3345" KundArt="2" KundStatus="3" KundAufDat="1997-09-02"/>
  <Kunden KundenNr="3304" KundEigtNr="4081" KundArt="8" KundStatus="3" KundAufDat="1997-09-02"/>
  <Kunden KundenNr="3305" KundEigtNr="521" KundArt="1" KundStatus="3" KundAufDat="1997-09-02"/>
  <Kunden KundenNr="3306" KundEigtNr="650" KundArt="8" KundStatus="3" KundAufDat="1997-09-02"/>
  <Kunden KundenNr="3307" KundEigtNr="1433" KundArt="1" KundStatus="3" KundAufDat="1997-09-02"/>
  <Kunden KundenNr="3308" KundEigtNr="3236" KundArt="29" KundStatus="1" KundAufDat="1997-09-03"/>
  <Kunden KundenNr="3309" KundEigtNr="1497" KundArt="29" KundStatus="1" KundAufDat="1997-09-03"/>
  <Kunden KundenNr="3310" KundEigtNr="3797" KundArt="29" KundStatus="1" KundAufDat="1997-09-03"/>
  <Kunden KundenNr="3311" KundEigtNr="3824" KundArt="29" KundStatus="1" KundAufDat="1997-09-03"/>
  <Kunden KundenNr="3312" KundEigtNr="620" KundArt="29" KundStatus="1" KundAufDat="1997-09-03"/>
  <Kunden KundenNr="3313" KundEigtNr="1206" KundArt="29" KundStatus="1" KundAufDat="1997-09-03"/>
  <Kunden KundenNr="3314" KundEigtNr="3089" KundArt="4" KundStatus="3" KundAufDat="1997-09-03"/>
  <Kunden KundenNr="3315" KundEigtNr="1262" KundArt="1" KundStatus="3" KundAufDat="1997-09-03"/>
  <Kunden KundenNr="3316" KundEigtNr="4040" KundArt="1" KundStatus="3" KundAufDat="1997-09-03"/>
  <Kunden KundenNr="3317" KundEigtNr="344" KundArt="4" KundStatus="3" KundAufDat="1997-09-04"/>
  <Kunden KundenNr="3318" KundEigtNr="1898" KundArt="8" KundStatus="3" KundAufDat="1997-09-05"/>
  <Kunden KundenNr="3319" KundEigtNr="2279" KundArt="8" KundStatus="3" KundAufDat="1997-09-05"/>
  <Kunden KundenNr="3320" KundEigtNr="458" KundArt="8" KundStatus="3" KundAufDat="1997-09-05"/>
  <Kunden KundenNr="3321" KundEigtNr="3694" KundArt="8" KundStatus="1" KundAufDat="1997-09-05"/>
  <Kunden KundenNr="3322" KundEigtNr="895" KundArt="1" KundStatus="3" KundAufDat="1997-09-08"/>
  <Kunden KundenNr="3323" KundEigtNr="3080" KundArt="1" KundStatus="3" KundAufDat="1997-09-08"/>
  <Kunden KundenNr="3324" KundEigtNr="3569" KundArt="1" KundStatus="3" KundAufDat="1997-09-08"/>
  <Kunden KundenNr="3325" KundEigtNr="2777" KundArt="8" KundStatus="1" KundAufDat="1997-09-08"/>
  <Kunden KundenNr="3326" KundEigtNr="1792" KundArt="8" KundStatus="1" KundAufDat="1997-09-08"/>
  <Kunden KundenNr="3327" KundEigtNr="4019" KundArt="8" KundStatus="3" KundAufDat="1997-09-08"/>
  <Kunden KundenNr="3328" KundEigtNr="714" KundArt="1" KundStatus="3" KundAufDat="1997-09-08"/>
  <Kunden KundenNr="3329" KundEigtNr="2034" KundArt="8" KundStatus="3" KundAufDat="1997-09-08"/>
  <Kunden KundenNr="3330" KundEigtNr="1717" KundArt="8" KundStatus="1" KundAufDat="1997-09-08"/>
  <Kunden KundenNr="3331" KundEigtNr="3191" KundArt="4" KundStatus="3" KundAufDat="1997-09-08"/>
  <Kunden KundenNr="3332" KundEigtNr="2007" KundArt="8" KundStatus="3" KundAufDat="1997-09-08"/>
  <Kunden KundenNr="3333" KundEigtNr="2557" KundArt="8" KundStatus="3" KundAufDat="1997-09-08"/>
  <Kunden KundenNr="3334" KundEigtNr="2399" KundArt="8" KundStatus="1" KundAufDat="1997-09-08"/>
  <Kunden KundenNr="3335" KundEigtNr="1150" KundArt="2" KundStatus="3" KundAufDat="1997-09-08"/>
  <Kunden KundenNr="3336" KundEigtNr="2007" KundArt="2" KundStatus="3" KundAufDat="1997-09-08"/>
  <Kunden KundenNr="3337" KundEigtNr="1254" KundArt="1" KundStatus="3" KundAufDat="1997-09-08"/>
  <Kunden KundenNr="3338" KundEigtNr="605" KundArt="1" KundStatus="1" KundAufDat="1997-09-08"/>
  <Kunden KundenNr="3339" KundEigtNr="1275" KundArt="1" KundStatus="3" KundAufDat="1997-09-08"/>
  <Kunden KundenNr="3340" KundEigtNr="374" KundArt="8" KundStatus="3" KundAufDat="1997-09-08"/>
  <Kunden KundenNr="3341" KundEigtNr="1219" KundArt="1" KundStatus="3" KundAufDat="1997-09-08"/>
  <Kunden KundenNr="3342" KundEigtNr="2189" KundArt="1" KundStatus="1" KundAufDat="1997-09-08"/>
  <Kunden KundenNr="3343" KundEigtNr="3989" KundArt="8" KundStatus="3" KundAufDat="1997-09-09"/>
  <Kunden KundenNr="3344" KundEigtNr="630" KundArt="8" KundStatus="3" KundAufDat="1997-09-09"/>
  <Kunden KundenNr="3345" KundEigtNr="3491" KundArt="8" KundStatus="3" KundAufDat="1997-09-09"/>
  <Kunden KundenNr="3346" KundEigtNr="2048" KundArt="8" KundStatus="3" KundAufDat="1997-09-09"/>
  <Kunden KundenNr="3347" KundEigtNr="1191" KundArt="8" KundStatus="3" KundAufDat="1997-09-09"/>
  <Kunden KundenNr="3348" KundEigtNr="3835" KundArt="2" KundStatus="3" KundAufDat="1997-09-09"/>
  <Kunden KundenNr="3349" KundEigtNr="462" KundArt="1" KundStatus="3" KundAufDat="1997-09-09"/>
  <Kunden KundenNr="3350" KundEigtNr="3973" KundArt="8" KundStatus="3" KundAufDat="1997-09-09"/>
  <Kunden KundenNr="3351" KundEigtNr="3559" KundArt="3" KundStatus="3" KundAufDat="1997-09-09"/>
  <Kunden KundenNr="3352" KundEigtNr="927" KundArt="2" KundStatus="3" KundAufDat="1997-09-09"/>
  <Kunden KundenNr="3353" KundEigtNr="2160" KundArt="2" KundStatus="3" KundAufDat="1997-09-09"/>
  <Kunden KundenNr="3354" KundEigtNr="3081" KundArt="8" KundStatus="3" KundAufDat="1997-09-09"/>
  <Kunden KundenNr="3355" KundEigtNr="778" KundArt="5" KundStatus="3" KundAufDat="1997-09-09"/>
  <Kunden KundenNr="3356" KundEigtNr="2614" KundArt="8" KundStatus="1" KundAufDat="1997-09-09"/>
  <Kunden KundenNr="3357" KundEigtNr="2880" KundArt="8" KundStatus="1" KundAufDat="1997-09-09"/>
  <Kunden KundenNr="3358" KundEigtNr="851" KundArt="8" KundStatus="1" KundAufDat="1997-09-09"/>
  <Kunden KundenNr="3359" KundEigtNr="1541" KundArt="1" KundStatus="3" KundAufDat="1997-09-09"/>
  <Kunden KundenNr="3360" KundEigtNr="875" KundArt="29" KundStatus="1" KundAufDat="1997-09-09"/>
  <Kunden KundenNr="3361" KundEigtNr="3913" KundArt="8" KundStatus="3" KundAufDat="1997-09-09"/>
  <Kunden KundenNr="3362" KundEigtNr="3913" KundArt="2" KundStatus="3" KundAufDat="1997-09-09"/>
  <Kunden KundenNr="3363" KundEigtNr="1904" KundArt="1" KundStatus="3" KundAufDat="1997-09-10"/>
  <Kunden KundenNr="3364" KundEigtNr="376" KundArt="2" KundStatus="3" KundAufDat="1997-09-10"/>
  <Kunden KundenNr="3365" KundEigtNr="467" KundArt="2" KundStatus="3" KundAufDat="1997-09-10"/>
  <Kunden KundenNr="3366" KundEigtNr="961" KundArt="1" KundStatus="1" KundAufDat="1997-09-10"/>
  <Kunden KundenNr="3367" KundEigtNr="1948" KundArt="29" KundStatus="1" KundAufDat="1997-09-10"/>
  <Kunden KundenNr="3368" KundEigtNr="387" KundArt="29" KundStatus="1" KundAufDat="1997-09-10"/>
  <Kunden KundenNr="3369" KundEigtNr="454" KundArt="29" KundStatus="3" KundAufDat="1997-09-11"/>
  <Kunden KundenNr="3370" KundEigtNr="362" KundArt="29" KundStatus="1" KundAufDat="1997-09-11"/>
  <Kunden KundenNr="3371" KundEigtNr="2832" KundArt="8" KundStatus="1" KundAufDat="1997-09-11"/>
  <Kunden KundenNr="3372" KundEigtNr="1373" KundArt="4" KundStatus="3" KundAufDat="1997-09-11"/>
  <Kunden KundenNr="3373" KundEigtNr="3771" KundArt="4" KundStatus="3" KundAufDat="1997-09-11"/>
  <Kunden KundenNr="3374" KundEigtNr="1648" KundArt="1" KundStatus="3" KundAufDat="1997-09-12"/>
  <Kunden KundenNr="3375" KundEigtNr="1991" KundArt="1" KundStatus="3" KundAufDat="1997-09-12"/>
  <Kunden KundenNr="3376" KundEigtNr="1338" KundArt="29" KundStatus="1" KundAufDat="1997-09-12"/>
  <Kunden KundenNr="3377" KundEigtNr="1475" KundArt="29" KundStatus="1" KundAufDat="1997-09-12"/>
  <Kunden KundenNr="3378" KundEigtNr="1560" KundArt="2" KundStatus="3" KundAufDat="1997-09-15"/>
  <Kunden KundenNr="3379" KundEigtNr="1429" KundArt="1" KundStatus="3" KundAufDat="1997-09-15"/>
  <Kunden KundenNr="3380" KundEigtNr="3363" KundArt="4" KundStatus="1" KundAufDat="1997-09-15"/>
  <Kunden KundenNr="3381" KundEigtNr="1586" KundArt="2" KundStatus="1" KundAufDat="1997-09-15"/>
  <Kunden KundenNr="3382" KundEigtNr="2944" KundArt="2" KundStatus="3" KundAufDat="1997-09-15"/>
  <Kunden KundenNr="3383" KundEigtNr="2599" KundArt="2" KundStatus="3" KundAufDat="1997-09-15"/>
  <Kunden KundenNr="3384" KundEigtNr="989" KundArt="2" KundStatus="3" KundAufDat="1997-09-15"/>
  <Kunden KundenNr="3385" KundEigtNr="3358" KundArt="2" KundStatus="1" KundAufDat="1997-09-15"/>
  <Kunden KundenNr="3386" KundEigtNr="321" KundArt="2" KundStatus="3" KundAufDat="1997-09-15"/>
  <Kunden KundenNr="3387" KundEigtNr="1082" KundArt="2" KundStatus="3" KundAufDat="1997-09-15"/>
  <Kunden KundenNr="3388" KundEigtNr="2788" KundArt="2" KundStatus="3" KundAufDat="1997-09-15"/>
  <Kunden KundenNr="3389" KundEigtNr="4048" KundArt="2" KundStatus="3" KundAufDat="1997-09-15"/>
  <Kunden KundenNr="3390" KundEigtNr="800" KundArt="2" KundStatus="3" KundAufDat="1997-09-15"/>
  <Kunden KundenNr="3391" KundEigtNr="2464" KundArt="8" KundStatus="3" KundAufDat="1997-09-15"/>
  <Kunden KundenNr="3392" KundEigtNr="3346" KundArt="8" KundStatus="3" KundAufDat="1997-09-15"/>
  <Kunden KundenNr="3393" KundEigtNr="3107" KundArt="8" KundStatus="3" KundAufDat="1997-09-15"/>
  <Kunden KundenNr="3394" KundEigtNr="4171" KundArt="2" KundStatus="3" KundAufDat="1997-09-15"/>
  <Kunden KundenNr="3395" KundEigtNr="2983" KundArt="1" KundStatus="3" KundAufDat="1997-09-15"/>
  <Kunden KundenNr="3396" KundEigtNr="3817" KundArt="29" KundStatus="1" KundAufDat="1997-09-15"/>
  <Kunden KundenNr="3397" KundEigtNr="3053" KundArt="4" KundStatus="3" KundAufDat="1997-09-15"/>
  <Kunden KundenNr="3398" KundEigtNr="2908" KundArt="4" KundStatus="3" KundAufDat="1997-09-15"/>
  <Kunden KundenNr="3399" KundEigtNr="470" KundArt="8" KundStatus="1" KundAufDat="1997-09-16"/>
  <Kunden KundenNr="3400" KundEigtNr="3015" KundArt="8" KundStatus="3" KundAufDat="1997-09-16"/>
  <Kunden KundenNr="3401" KundEigtNr="1515" KundArt="29" KundStatus="1" KundAufDat="1997-09-16"/>
  <Kunden KundenNr="3402" KundEigtNr="3797" KundArt="8" KundStatus="3" KundAufDat="1997-09-16"/>
  <Kunden KundenNr="3403" KundEigtNr="1743" KundArt="3" KundStatus="3" KundAufDat="1997-09-16"/>
  <Kunden KundenNr="3404" KundEigtNr="2879" KundArt="2" KundStatus="3" KundAufDat="1997-09-16"/>
  <Kunden KundenNr="3405" KundEigtNr="2964" KundArt="8" KundStatus="3" KundAufDat="1997-09-16"/>
  <Kunden KundenNr="3406" KundEigtNr="1263" KundArt="8" KundStatus="3" KundAufDat="1997-09-17"/>
  <Kunden KundenNr="3407" KundEigtNr="3667" KundArt="8" KundStatus="3" KundAufDat="1997-09-18"/>
  <Kunden KundenNr="3408" KundEigtNr="2880" KundArt="8" KundStatus="1" KundAufDat="1997-09-18"/>
  <Kunden KundenNr="3409" KundEigtNr="3891" KundArt="8" KundStatus="3" KundAufDat="1997-09-18"/>
  <Kunden KundenNr="3410" KundEigtNr="2152" KundArt="8" KundStatus="3" KundAufDat="1997-09-18"/>
  <Kunden KundenNr="3411" KundEigtNr="1547" KundArt="8" KundStatus="3" KundAufDat="1997-09-18"/>
  <Kunden KundenNr="3412" KundEigtNr="2690" KundArt="8" KundStatus="3" KundAufDat="1997-09-18"/>
  <Kunden KundenNr="3413" KundEigtNr="1472" KundArt="2" KundStatus="3" KundAufDat="1997-09-18"/>
  <Kunden KundenNr="3414" KundEigtNr="723" KundArt="29" KundStatus="3" KundAufDat="1997-09-19"/>
  <Kunden KundenNr="3415" KundEigtNr="2658" KundArt="29" KundStatus="1" KundAufDat="1997-09-19"/>
  <Kunden KundenNr="3416" KundEigtNr="1890" KundArt="29" KundStatus="1" KundAufDat="1997-09-19"/>
  <Kunden KundenNr="3417" KundEigtNr="488" KundArt="8" KundStatus="1" KundAufDat="1997-09-19"/>
  <Kunden KundenNr="3418" KundEigtNr="1654" KundArt="1" KundStatus="1" KundAufDat="1997-09-19"/>
  <Kunden KundenNr="3419" KundEigtNr="2452" KundArt="1" KundStatus="3" KundAufDat="1997-09-22"/>
  <Kunden KundenNr="3420" KundEigtNr="3656" KundArt="2" KundStatus="3" KundAufDat="1997-09-22"/>
  <Kunden KundenNr="3421" KundEigtNr="558" KundArt="2" KundStatus="3" KundAufDat="1997-09-22"/>
  <Kunden KundenNr="3422" KundEigtNr="2833" KundArt="2" KundStatus="3" KundAufDat="1997-09-22"/>
  <Kunden KundenNr="3423" KundEigtNr="1410" KundArt="2" KundStatus="3" KundAufDat="1997-09-22"/>
  <Kunden KundenNr="3424" KundEigtNr="2518" KundArt="2" KundStatus="1" KundAufDat="1997-09-22"/>
  <Kunden KundenNr="3425" KundEigtNr="3531" KundArt="2" KundStatus="3" KundAufDat="1997-09-22"/>
  <Kunden KundenNr="3426" KundEigtNr="2425" KundArt="8" KundStatus="1" KundAufDat="1997-09-22"/>
  <Kunden KundenNr="3427" KundEigtNr="3054" KundArt="8" KundStatus="3" KundAufDat="1997-09-22"/>
  <Kunden KundenNr="3428" KundEigtNr="2350" KundArt="8" KundStatus="3" KundAufDat="1997-09-22"/>
  <Kunden KundenNr="3429" KundEigtNr="3839" KundArt="8" KundStatus="1" KundAufDat="1997-09-22"/>
  <Kunden KundenNr="3430" KundEigtNr="2087" KundArt="8" KundStatus="3" KundAufDat="1997-09-22"/>
  <Kunden KundenNr="3431" KundEigtNr="3631" KundArt="4" KundStatus="3" KundAufDat="1997-09-22"/>
  <Kunden KundenNr="3432" KundEigtNr="1830" KundArt="8" KundStatus="1" KundAufDat="1997-09-22"/>
  <Kunden KundenNr="3433" KundEigtNr="849" KundArt="8" KundStatus="1" KundAufDat="1997-09-22"/>
  <Kunden KundenNr="3434" KundEigtNr="4159" KundArt="8" KundStatus="3" KundAufDat="1997-09-22"/>
  <Kunden KundenNr="3435" KundEigtNr="3446" KundArt="8" KundStatus="3" KundAufDat="1997-09-22"/>
  <Kunden KundenNr="3436" KundEigtNr="1750" KundArt="8" KundStatus="3" KundAufDat="1997-09-22"/>
  <Kunden KundenNr="3437" KundEigtNr="736" KundArt="8" KundStatus="3" KundAufDat="1997-09-22"/>
  <Kunden KundenNr="3438" KundEigtNr="2757" KundArt="8" KundStatus="3" KundAufDat="1997-09-22"/>
  <Kunden KundenNr="3439" KundEigtNr="2100" KundArt="4" KundStatus="3" KundAufDat="1997-09-22"/>
  <Kunden KundenNr="3440" KundEigtNr="1577" KundArt="4" KundStatus="3" KundAufDat="1997-09-22"/>
  <Kunden KundenNr="3441" KundEigtNr="1649" KundArt="4" KundStatus="3" KundAufDat="1997-09-22"/>
  <Kunden KundenNr="3442" KundEigtNr="1780" KundArt="2" KundStatus="3" KundAufDat="1997-09-22"/>
  <Kunden KundenNr="3443" KundEigtNr="2134" KundArt="4" KundStatus="3" KundAufDat="1997-09-22"/>
  <Kunden KundenNr="3444" KundEigtNr="1450" KundArt="1" KundStatus="3" KundAufDat="1997-09-23"/>
  <Kunden KundenNr="3445" KundEigtNr="3196" KundArt="4" KundStatus="3" KundAufDat="1997-09-23"/>
  <Kunden KundenNr="3446" KundEigtNr="1610" KundArt="2" KundStatus="3" KundAufDat="1997-09-23"/>
  <Kunden KundenNr="3447" KundEigtNr="638" KundArt="8" KundStatus="3" KundAufDat="1997-09-23"/>
  <Kunden KundenNr="3448" KundEigtNr="1551" KundArt="8" KundStatus="1" KundAufDat="1997-09-23"/>
  <Kunden KundenNr="3449" KundEigtNr="1717" KundArt="2" KundStatus="3" KundAufDat="1997-09-23"/>
  <Kunden KundenNr="3450" KundEigtNr="3108" KundArt="4" KundStatus="3" KundAufDat="1997-09-23"/>
  <Kunden KundenNr="3451" KundEigtNr="417" KundArt="4" KundStatus="3" KundAufDat="1997-09-23"/>
  <Kunden KundenNr="3452" KundEigtNr="490" KundArt="8" KundStatus="3" KundAufDat="1997-09-23"/>
  <Kunden KundenNr="3453" KundEigtNr="2796" KundArt="8" KundStatus="3" KundAufDat="1997-09-24"/>
  <Kunden KundenNr="3454" KundEigtNr="779" KundArt="2" KundStatus="1" KundAufDat="1997-09-24"/>
  <Kunden KundenNr="3455" KundEigtNr="3027" KundArt="2" KundStatus="3" KundAufDat="1997-09-24"/>
  <Kunden KundenNr="3456" KundEigtNr="3845" KundArt="2" KundStatus="3" KundAufDat="1997-09-24"/>
  <Kunden KundenNr="3457" KundEigtNr="2998" KundArt="8" KundStatus="3" KundAufDat="1997-09-24"/>
  <Kunden KundenNr="3458" KundEigtNr="642" KundArt="8" KundStatus="3" KundAufDat="1997-09-24"/>
  <Kunden KundenNr="3459" KundEigtNr="1990" KundArt="4" KundStatus="3" KundAufDat="1997-09-24"/>
  <Kunden KundenNr="3460" KundEigtNr="1133" KundArt="4" KundStatus="3" KundAufDat="1997-09-25"/>
  <Kunden KundenNr="3461" KundEigtNr="3543" KundArt="4" KundStatus="3" KundAufDat="1997-09-25"/>
  <Kunden KundenNr="3462" KundEigtNr="3197" KundArt="4" KundStatus="3" KundAufDat="1997-09-25"/>
  <Kunden KundenNr="3463" KundEigtNr="416" KundArt="8" KundStatus="3" KundAufDat="1997-09-26"/>
  <Kunden KundenNr="3464" KundEigtNr="287" KundArt="1" KundStatus="3" KundAufDat="1997-09-26"/>
  <Kunden KundenNr="3465" KundEigtNr="3934" KundArt="1" KundStatus="1" KundAufDat="1997-09-26"/>
  <Kunden KundenNr="3466" KundEigtNr="2828" KundArt="4" KundStatus="3" KundAufDat="1997-09-26"/>
  <Kunden KundenNr="3467" KundEigtNr="2609" KundArt="29" KundStatus="1" KundAufDat="1997-09-26"/>
  <Kunden KundenNr="3468" KundEigtNr="3300" KundArt="29" KundStatus="1" KundAufDat="1997-09-26"/>
  <Kunden KundenNr="3469" KundEigtNr="3675" KundArt="8" KundStatus="3" KundAufDat="1997-09-27"/>
  <Kunden KundenNr="3470" KundEigtNr="3846" KundArt="5" KundStatus="3" KundAufDat="1997-09-27"/>
  <Kunden KundenNr="3471" KundEigtNr="1121" KundArt="5" KundStatus="3" KundAufDat="1997-09-27"/>
  <Kunden KundenNr="3472" KundEigtNr="2564" KundArt="4" KundStatus="3" KundAufDat="1997-09-27"/>
  <Kunden KundenNr="3473" KundEigtNr="2168" KundArt="4" KundStatus="3" KundAufDat="1997-09-27"/>
  <Kunden KundenNr="3474" KundEigtNr="664" KundArt="4" KundStatus="3" KundAufDat="1997-09-27"/>
  <Kunden KundenNr="3475" KundEigtNr="3849" KundArt="29" KundStatus="3" KundAufDat="1997-09-29"/>
  <Kunden KundenNr="3476" KundEigtNr="384" KundArt="29" KundStatus="3" KundAufDat="1997-09-29"/>
  <Kunden KundenNr="3477" KundEigtNr="3162" KundArt="2" KundStatus="3" KundAufDat="1997-09-29"/>
  <Kunden KundenNr="3478" KundEigtNr="1364" KundArt="29" KundStatus="1" KundAufDat="1997-09-29"/>
  <Kunden KundenNr="3479" KundEigtNr="2866" KundArt="8" KundStatus="3" KundAufDat="1997-09-29"/>
  <Kunden KundenNr="3480" KundEigtNr="561" KundArt="8" KundStatus="3" KundAufDat="1997-09-29"/>
  <Kunden KundenNr="3481" KundEigtNr="2959" KundArt="8" KundStatus="3" KundAufDat="1997-09-29"/>
  <Kunden KundenNr="3482" KundEigtNr="3736" KundArt="8" KundStatus="3" KundAufDat="1997-09-29"/>
  <Kunden KundenNr="3483" KundEigtNr="2384" KundArt="8" KundStatus="1" KundAufDat="1997-09-29"/>
  <Kunden KundenNr="3484" KundEigtNr="3314" KundArt="2" KundStatus="1" KundAufDat="1997-09-29"/>
  <Kunden KundenNr="3485" KundEigtNr="3984" KundArt="3" KundStatus="3" KundAufDat="1997-09-29"/>
  <Kunden KundenNr="3486" KundEigtNr="2138" KundArt="8" KundStatus="1" KundAufDat="1997-09-29"/>
  <Kunden KundenNr="3487" KundEigtNr="3467" KundArt="2" KundStatus="3" KundAufDat="1997-09-29"/>
  <Kunden KundenNr="3488" KundEigtNr="2186" KundArt="8" KundStatus="1" KundAufDat="1997-09-29"/>
  <Kunden KundenNr="3489" KundEigtNr="1143" KundArt="8" KundStatus="3" KundAufDat="1997-09-29"/>
  <Kunden KundenNr="3490" KundEigtNr="3164" KundArt="2" KundStatus="3" KundAufDat="1997-09-29"/>
  <Kunden KundenNr="3491" KundEigtNr="2953" KundArt="8" KundStatus="1" KundAufDat="1997-09-29"/>
  <Kunden KundenNr="3492" KundEigtNr="780" KundArt="8" KundStatus="3" KundAufDat="1997-09-29"/>
  <Kunden KundenNr="3493" KundEigtNr="453" KundArt="8" KundStatus="1" KundAufDat="1997-09-29"/>
  <Kunden KundenNr="3494" KundEigtNr="3367" KundArt="8" KundStatus="1" KundAufDat="1997-09-29"/>
  <Kunden KundenNr="3495" KundEigtNr="3244" KundArt="8" KundStatus="3" KundAufDat="1997-09-29"/>
  <Kunden KundenNr="3496" KundEigtNr="661" KundArt="4" KundStatus="3" KundAufDat="1997-09-29"/>
  <Kunden KundenNr="3497" KundEigtNr="2020" KundArt="1" KundStatus="3" KundAufDat="1997-09-29"/>
  <Kunden KundenNr="3498" KundEigtNr="3204" KundArt="4" KundStatus="3" KundAufDat="1997-09-29"/>
  <Kunden KundenNr="3499" KundEigtNr="3704" KundArt="8" KundStatus="3" KundAufDat="1997-09-29"/>
  <Kunden KundenNr="3500" KundEigtNr="876" KundArt="2" KundStatus="3" KundAufDat="1997-09-29"/>
  <Kunden KundenNr="3501" KundEigtNr="1457" KundArt="2" KundStatus="3" KundAufDat="1997-09-30"/>
  <Kunden KundenNr="3502" KundEigtNr="1061" KundArt="8" KundStatus="3" KundAufDat="1997-09-30"/>
  <Kunden KundenNr="3503" KundEigtNr="722" KundArt="4" KundStatus="3" KundAufDat="1997-09-30"/>
  <Kunden KundenNr="3504" KundEigtNr="1760" KundArt="3" KundStatus="3" KundAufDat="1997-09-30"/>
  <Kunden KundenNr="3505" KundEigtNr="2669" KundArt="1" KundStatus="3" KundAufDat="1997-09-30"/>
  <Kunden KundenNr="3506" KundEigtNr="668" KundArt="4" KundStatus="3" KundAufDat="1997-09-30"/>
  <Kunden KundenNr="3507" KundEigtNr="2902" KundArt="8" KundStatus="3" KundAufDat="1997-09-30"/>
  <Kunden KundenNr="3508" KundEigtNr="4126" KundArt="1" KundStatus="3" KundAufDat="1997-09-30"/>
  <Kunden KundenNr="3509" KundEigtNr="3978" KundArt="8" KundStatus="3" KundAufDat="1997-09-30"/>
  <Kunden KundenNr="3510" KundEigtNr="2234" KundArt="1" KundStatus="3" KundAufDat="1997-09-30"/>
  <Kunden KundenNr="3511" KundEigtNr="741" KundArt="4" KundStatus="3" KundAufDat="1997-09-30"/>
  <Kunden KundenNr="3512" KundEigtNr="1134" KundArt="8" KundStatus="3" KundAufDat="1997-09-30"/>
  <Kunden KundenNr="3513" KundEigtNr="1032" KundArt="1" KundStatus="3" KundAufDat="1997-10-01"/>
  <Kunden KundenNr="3514" KundEigtNr="1001" KundArt="2" KundStatus="3" KundAufDat="1997-10-01"/>
  <Kunden KundenNr="3515" KundEigtNr="346" KundArt="8" KundStatus="3" KundAufDat="1997-10-01"/>
  <Kunden KundenNr="3516" KundEigtNr="3533" KundArt="29" KundStatus="3" KundAufDat="1997-10-01"/>
  <Kunden KundenNr="3517" KundEigtNr="1949" KundArt="8" KundStatus="3" KundAufDat="1997-10-02"/>
  <Kunden KundenNr="3518" KundEigtNr="2203" KundArt="2" KundStatus="3" KundAufDat="1997-10-02"/>
  <Kunden KundenNr="3519" KundEigtNr="3269" KundArt="8" KundStatus="1" KundAufDat="1997-10-02"/>
  <Kunden KundenNr="3520" KundEigtNr="749" KundArt="4" KundStatus="3" KundAufDat="1997-10-06"/>
  <Kunden KundenNr="3521" KundEigtNr="2488" KundArt="1" KundStatus="3" KundAufDat="1997-10-07"/>
  <Kunden KundenNr="3522" KundEigtNr="2670" KundArt="3" KundStatus="3" KundAufDat="1997-10-08"/>
  <Kunden KundenNr="3523" KundEigtNr="1784" KundArt="29" KundStatus="1" KundAufDat="1997-10-08"/>
  <Kunden KundenNr="3524" KundEigtNr="2930" KundArt="4" KundStatus="3" KundAufDat="1997-10-09"/>
  <Kunden KundenNr="3525" KundEigtNr="3404" KundArt="4" KundStatus="3" KundAufDat="1997-10-09"/>
  <Kunden KundenNr="3526" KundEigtNr="3560" KundArt="4" KundStatus="3" KundAufDat="1997-10-09"/>
  <Kunden KundenNr="3527" KundEigtNr="1294" KundArt="1" KundStatus="12" KundAufDat="1997-10-09"/>
  <Kunden KundenNr="3528" KundEigtNr="1209" KundArt="4" KundStatus="3" KundAufDat="1997-10-09"/>
  <Kunden KundenNr="3529" KundEigtNr="2707" KundArt="29" KundStatus="3" KundAufDat="1997-10-09"/>
  <Kunden KundenNr="3530" KundEigtNr="3672" KundArt="29" KundStatus="3" KundAufDat="1997-10-09"/>
  <Kunden KundenNr="3531" KundEigtNr="2948" KundArt="29" KundStatus="3" KundAufDat="1997-10-10"/>
  <Kunden KundenNr="3532" KundEigtNr="1181" KundArt="29" KundStatus="1" KundAufDat="1997-10-10"/>
  <Kunden KundenNr="3533" KundEigtNr="3364" KundArt="29" KundStatus="1" KundAufDat="1997-10-13"/>
  <Kunden KundenNr="3534" KundEigtNr="627" KundArt="3" KundStatus="3" KundAufDat="1997-10-13"/>
  <Kunden KundenNr="3535" KundEigtNr="3225" KundArt="3" KundStatus="3" KundAufDat="1997-10-13"/>
  <Kunden KundenNr="3536" KundEigtNr="737" KundArt="3" KundStatus="3" KundAufDat="1997-10-13"/>
  <Kunden KundenNr="3537" KundEigtNr="1804" KundArt="8" KundStatus="3" KundAufDat="1997-10-13"/>
  <Kunden KundenNr="3538" KundEigtNr="1017" KundArt="3" KundStatus="3" KundAufDat="1997-10-13"/>
  <Kunden KundenNr="3539" KundEigtNr="1447" KundArt="3" KundStatus="3" KundAufDat="1997-10-13"/>
  <Kunden KundenNr="3540" KundEigtNr="1651" KundArt="3" KundStatus="3" KundAufDat="1997-10-13"/>
  <Kunden KundenNr="3541" KundEigtNr="3397" KundArt="1" KundStatus="1" KundAufDat="1997-10-13"/>
  <Kunden KundenNr="3542" KundEigtNr="2227" KundArt="3" KundStatus="3" KundAufDat="1997-10-13"/>
  <Kunden KundenNr="3543" KundEigtNr="3959" KundArt="29" KundStatus="3" KundAufDat="1997-10-13"/>
  <Kunden KundenNr="3544" KundEigtNr="4104" KundArt="29" KundStatus="3" KundAufDat="1997-10-13"/>
  <Kunden KundenNr="3545" KundEigtNr="410" KundArt="29" KundStatus="3" KundAufDat="1997-10-13"/>
  <Kunden KundenNr="3546" KundEigtNr="1987" KundArt="3" KundStatus="3" KundAufDat="1997-10-14"/>
  <Kunden KundenNr="3547" KundEigtNr="3811" KundArt="1" KundStatus="1" KundAufDat="1997-10-14"/>
  <Kunden KundenNr="3548" KundEigtNr="2565" KundArt="2" KundStatus="3" KundAufDat="1997-10-14"/>
  <Kunden KundenNr="3549" KundEigtNr="2014" KundArt="2" KundStatus="3" KundAufDat="1997-10-14"/>
  <Kunden KundenNr="3550" KundEigtNr="1888" KundArt="1" KundStatus="1" KundAufDat="1997-10-14"/>
  <Kunden KundenNr="3551" KundEigtNr="892" KundArt="2" KundStatus="3" KundAufDat="1997-10-14"/>
  <Kunden KundenNr="3552" KundEigtNr="3782" KundArt="2" KundStatus="3" KundAufDat="1997-10-14"/>
  <Kunden KundenNr="3553" KundEigtNr="3050" KundArt="4" KundStatus="3" KundAufDat="1997-10-14"/>
  <Kunden KundenNr="3554" KundEigtNr="2829" KundArt="4" KundStatus="3" KundAufDat="1997-10-14"/>
  <Kunden KundenNr="3555" KundEigtNr="1591" KundArt="3" KundStatus="3" KundAufDat="1997-10-14"/>
  <Kunden KundenNr="3556" KundEigtNr="3077" KundArt="3" KundStatus="3" KundAufDat="1997-10-14"/>
  <Kunden KundenNr="3557" KundEigtNr="2671" KundArt="3" KundStatus="3" KundAufDat="1997-10-14"/>
  <Kunden KundenNr="3558" KundEigtNr="542" KundArt="29" KundStatus="3" KundAufDat="1997-10-15"/>
  <Kunden KundenNr="3559" KundEigtNr="781" KundArt="29" KundStatus="3" KundAufDat="1997-10-15"/>
  <Kunden KundenNr="3560" KundEigtNr="2545" KundArt="29" KundStatus="3" KundAufDat="1997-10-15"/>
  <Kunden KundenNr="3561" KundEigtNr="1520" KundArt="29" KundStatus="1" KundAufDat="1997-10-15"/>
  <Kunden KundenNr="3562" KundEigtNr="3510" KundArt="8" KundStatus="3" KundAufDat="1997-10-15"/>
  <Kunden KundenNr="3563" KundEigtNr="3811" KundArt="2" KundStatus="3" KundAufDat="1997-10-15"/>
  <Kunden KundenNr="3564" KundEigtNr="2421" KundArt="3" KundStatus="3" KundAufDat="1997-10-15"/>
  <Kunden KundenNr="3565" KundEigtNr="1312" KundArt="3" KundStatus="3" KundAufDat="1997-10-15"/>
  <Kunden KundenNr="3566" KundEigtNr="2335" KundArt="3" KundStatus="3" KundAufDat="1997-10-15"/>
  <Kunden KundenNr="3567" KundEigtNr="726" KundArt="2" KundStatus="1" KundAufDat="1997-10-16"/>
  <Kunden KundenNr="3568" KundEigtNr="2456" KundArt="4" KundStatus="3" KundAufDat="1997-10-16"/>
  <Kunden KundenNr="3569" KundEigtNr="3783" KundArt="4" KundStatus="3" KundAufDat="1997-10-16"/>
  <Kunden KundenNr="3570" KundEigtNr="2758" KundArt="4" KundStatus="3" KundAufDat="1997-10-16"/>
  <Kunden KundenNr="3571" KundEigtNr="526" KundArt="4" KundStatus="3" KundAufDat="1997-10-16"/>
  <Kunden KundenNr="3572" KundEigtNr="2207" KundArt="3" KundStatus="3" KundAufDat="1997-10-16"/>
  <Kunden KundenNr="3573" KundEigtNr="726" KundArt="8" KundStatus="3" KundAufDat="1997-10-17"/>
  <Kunden KundenNr="3574" KundEigtNr="1237" KundArt="29" KundStatus="3" KundAufDat="1997-10-17"/>
  <Kunden KundenNr="3575" KundEigtNr="546" KundArt="29" KundStatus="3" KundAufDat="1997-10-17"/>
  <Kunden KundenNr="3576" KundEigtNr="1448" KundArt="5" KundStatus="3" KundAufDat="1997-10-20"/>
  <Kunden KundenNr="3577" KundEigtNr="968" KundArt="8" KundStatus="3" KundAufDat="1997-10-20"/>
  <Kunden KundenNr="3578" KundEigtNr="3270" KundArt="8" KundStatus="3" KundAufDat="1997-10-20"/>
  <Kunden KundenNr="3579" KundEigtNr="593" KundArt="8" KundStatus="3" KundAufDat="1997-10-20"/>
  <Kunden KundenNr="3580" KundEigtNr="4006" KundArt="2" KundStatus="3" KundAufDat="1997-10-20"/>
  <Kunden KundenNr="3581" KundEigtNr="2248" KundArt="8" KundStatus="3" KundAufDat="1997-10-20"/>
  <Kunden KundenNr="3582" KundEigtNr="3122" KundArt="8" KundStatus="3" KundAufDat="1997-10-20"/>
  <Kunden KundenNr="3583" KundEigtNr="1245" KundArt="8" KundStatus="3" KundAufDat="1997-10-20"/>
  <Kunden KundenNr="3584" KundEigtNr="1771" KundArt="8" KundStatus="3" KundAufDat="1997-10-20"/>
  <Kunden KundenNr="3585" KundEigtNr="2872" KundArt="8" KundStatus="1" KundAufDat="1997-10-20"/>
  <Kunden KundenNr="3586" KundEigtNr="2474" KundArt="8" KundStatus="3" KundAufDat="1997-10-20"/>
  <Kunden KundenNr="3587" KundEigtNr="2526" KundArt="8" KundStatus="3" KundAufDat="1997-10-20"/>
  <Kunden KundenNr="3588" KundEigtNr="1774" KundArt="8" KundStatus="1" KundAufDat="1997-10-20"/>
  <Kunden KundenNr="3589" KundEigtNr="2506" KundArt="8" KundStatus="3" KundAufDat="1997-10-20"/>
  <Kunden KundenNr="3591" KundEigtNr="3237" KundArt="8" KundStatus="3" KundAufDat="1997-10-20"/>
  <Kunden KundenNr="3592" KundEigtNr="2922" KundArt="4" KundStatus="3" KundAufDat="1997-10-20"/>
  <Kunden KundenNr="3593" KundEigtNr="3580" KundArt="3" KundStatus="3" KundAufDat="1997-10-20"/>
  <Kunden KundenNr="3594" KundEigtNr="2085" KundArt="8" KundStatus="3" KundAufDat="1997-10-20"/>
  <Kunden KundenNr="3595" KundEigtNr="3746" KundArt="3" KundStatus="3" KundAufDat="1997-10-21"/>
  <Kunden KundenNr="3596" KundEigtNr="483" KundArt="3" KundStatus="3" KundAufDat="1997-10-21"/>
  <Kunden KundenNr="3597" KundEigtNr="4033" KundArt="2" KundStatus="3" KundAufDat="1997-10-21"/>
  <Kunden KundenNr="3598" KundEigtNr="834" KundArt="1" KundStatus="3" KundAufDat="1997-10-21"/>
  <Kunden KundenNr="3599" KundEigtNr="859" KundArt="1" KundStatus="3" KundAufDat="1997-10-21"/>
  <Kunden KundenNr="3600" KundEigtNr="1971" KundArt="1" KundStatus="3" KundAufDat="1997-10-21"/>
  <Kunden KundenNr="3601" KundEigtNr="380" KundArt="2" KundStatus="3" KundAufDat="1997-10-21"/>
  <Kunden KundenNr="3602" KundEigtNr="1723" KundArt="29" KundStatus="3" KundAufDat="1997-10-21"/>
  <Kunden KundenNr="3603" KundEigtNr="1033" KundArt="29" KundStatus="3" KundAufDat="1997-10-21"/>
  <Kunden KundenNr="3604" KundEigtNr="3728" KundArt="29" KundStatus="3" KundAufDat="1997-10-21"/>
  <Kunden KundenNr="3605" KundEigtNr="3988" KundArt="4" KundStatus="3" KundAufDat="1997-10-21"/>
  <Kunden KundenNr="3606" KundEigtNr="803" KundArt="29" KundStatus="3" KundAufDat="1997-10-22"/>
  <Kunden KundenNr="3607" KundEigtNr="3865" KundArt="3" KundStatus="3" KundAufDat="1997-10-22"/>
  <Kunden KundenNr="3608" KundEigtNr="2290" KundArt="8" KundStatus="3" KundAufDat="1997-10-22"/>
  <Kunden KundenNr="3609" KundEigtNr="3822" KundArt="3" KundStatus="3" KundAufDat="1997-10-22"/>
  <Kunden KundenNr="3610" KundEigtNr="4184" KundArt="1" KundStatus="3" KundAufDat="1997-10-22"/>
  <Kunden KundenNr="3611" KundEigtNr="828" KundArt="29" KundStatus="3" KundAufDat="1997-10-23"/>
  <Kunden KundenNr="3612" KundEigtNr="3064" KundArt="2" KundStatus="3" KundAufDat="1997-10-23"/>
  <Kunden KundenNr="3613" KundEigtNr="1411" KundArt="2" KundStatus="3" KundAufDat="1997-10-23"/>
  <Kunden KundenNr="3614" KundEigtNr="2189" KundArt="2" KundStatus="3" KundAufDat="1997-10-23"/>
  <Kunden KundenNr="3615" KundEigtNr="1638" KundArt="4" KundStatus="3" KundAufDat="1997-10-24"/>
  <Kunden KundenNr="3616" KundEigtNr="3414" KundArt="4" KundStatus="3" KundAufDat="1997-10-24"/>
  <Kunden KundenNr="3617" KundEigtNr="3545" KundArt="4" KundStatus="3" KundAufDat="1997-10-24"/>
  <Kunden KundenNr="3618" KundEigtNr="756" KundArt="4" KundStatus="3" KundAufDat="1997-10-24"/>
  <Kunden KundenNr="3619" KundEigtNr="2867" KundArt="2" KundStatus="3" KundAufDat="1997-10-27"/>
  <Kunden KundenNr="3620" KundEigtNr="3892" KundArt="2" KundStatus="3" KundAufDat="1997-10-27"/>
  <Kunden KundenNr="3621" KundEigtNr="1626" KundArt="2" KundStatus="3" KundAufDat="1997-10-27"/>
  <Kunden KundenNr="3622" KundEigtNr="1034" KundArt="2" KundStatus="3" KundAufDat="1997-10-27"/>
  <Kunden KundenNr="3623" KundEigtNr="2105" KundArt="1" KundStatus="3" KundAufDat="1997-10-27"/>
  <Kunden KundenNr="3624" KundEigtNr="1442" KundArt="3" KundStatus="3" KundAufDat="1997-10-27"/>
  <Kunden KundenNr="3625" KundEigtNr="3220" KundArt="4" KundStatus="3" KundAufDat="1997-10-27"/>
  <Kunden KundenNr="3626" KundEigtNr="949" KundArt="29" KundStatus="3" KundAufDat="1997-10-27"/>
  <Kunden KundenNr="3627" KundEigtNr="1731" KundArt="29" KundStatus="3" KundAufDat="1997-10-27"/>
  <Kunden KundenNr="3628" KundEigtNr="2208" KundArt="8" KundStatus="3" KundAufDat="1997-10-27"/>
  <Kunden KundenNr="3629" KundEigtNr="1950" KundArt="8" KundStatus="3" KundAufDat="1997-10-27"/>
  <Kunden KundenNr="3630" KundEigtNr="433" KundArt="2" KundStatus="3" KundAufDat="1997-10-27"/>
  <Kunden KundenNr="3631" KundEigtNr="2519" KundArt="2" KundStatus="3" KundAufDat="1997-10-27"/>
  <Kunden KundenNr="3632" KundEigtNr="877" KundArt="2" KundStatus="3" KundAufDat="1997-10-27"/>
  <Kunden KundenNr="3633" KundEigtNr="4120" KundArt="2" KundStatus="3" KundAufDat="1997-10-27"/>
  <Kunden KundenNr="3634" KundEigtNr="715" KundArt="2" KundStatus="3" KundAufDat="1997-10-27"/>
  <Kunden KundenNr="3635" KundEigtNr="2342" KundArt="4" KundStatus="3" KundAufDat="1997-10-27"/>
  <Kunden KundenNr="3636" KundEigtNr="1046" KundArt="4" KundStatus="3" KundAufDat="1997-10-27"/>
  <Kunden KundenNr="3637" KundEigtNr="1066" KundArt="4" KundStatus="3" KundAufDat="1997-10-27"/>
  <Kunden KundenNr="3638" KundEigtNr="3876" KundArt="4" KundStatus="3" KundAufDat="1997-10-27"/>
  <Kunden KundenNr="3639" KundEigtNr="2008" KundArt="2" KundStatus="3" KundAufDat="1997-10-27"/>
  <Kunden KundenNr="3640" KundEigtNr="2731" KundArt="2" KundStatus="3" KundAufDat="1997-10-27"/>
  <Kunden KundenNr="3641" KundEigtNr="529" KundArt="2" KundStatus="3" KundAufDat="1997-10-27"/>
  <Kunden KundenNr="3642" KundEigtNr="878" KundArt="2" KundStatus="3" KundAufDat="1997-10-27"/>
  <Kunden KundenNr="3643" KundEigtNr="4007" KundArt="2" KundStatus="3" KundAufDat="1997-10-27"/>
  <Kunden KundenNr="3644" KundEigtNr="2056" KundArt="2" KundStatus="3" KundAufDat="1997-10-27"/>
  <Kunden KundenNr="3645" KundEigtNr="2375" KundArt="4" KundStatus="3" KundAufDat="1997-10-28"/>
  <Kunden KundenNr="3646" KundEigtNr="3830" KundArt="2" KundStatus="3" KundAufDat="1997-10-28"/>
  <Kunden KundenNr="3647" KundEigtNr="1975" KundArt="2" KundStatus="3" KundAufDat="1997-10-28"/>
  <Kunden KundenNr="3648" KundEigtNr="1799" KundArt="2" KundStatus="3" KundAufDat="1997-10-28"/>
  <Kunden KundenNr="3649" KundEigtNr="28394" KundArt="1" KundStatus="1" KundAufDat="2011-09-13"/>
  <Kunden KundenNr="3650" KundEigtNr="2402" KundArt="2" KundStatus="3" KundAufDat="1997-10-28"/>
  <Kunden KundenNr="3651" KundEigtNr="3974" KundArt="2" KundStatus="3" KundAufDat="1997-10-28"/>
  <Kunden KundenNr="3652" KundEigtNr="3076" KundArt="2" KundStatus="3" KundAufDat="1997-10-28"/>
  <Kunden KundenNr="3653" KundEigtNr="1763" KundArt="3" KundStatus="3" KundAufDat="1997-10-29"/>
  <Kunden KundenNr="3654" KundEigtNr="377" KundArt="8" KundStatus="3" KundAufDat="1997-10-29"/>
  <Kunden KundenNr="3655" KundEigtNr="2101" KundArt="8" KundStatus="3" KundAufDat="1997-10-29"/>
  <Kunden KundenNr="3656" KundEigtNr="1676" KundArt="8" KundStatus="3" KundAufDat="1997-10-29"/>
  <Kunden KundenNr="3657" KundEigtNr="1865" KundArt="2" KundStatus="3" KundAufDat="1997-10-30"/>
  <Kunden KundenNr="3658" KundEigtNr="2045" KundArt="2" KundStatus="3" KundAufDat="1997-10-30"/>
  <Kunden KundenNr="3659" KundEigtNr="2161" KundArt="29" KundStatus="3" KundAufDat="1997-10-30"/>
  <Kunden KundenNr="3660" KundEigtNr="1398" KundArt="8" KundStatus="3" KundAufDat="1997-10-30"/>
  <Kunden KundenNr="3661" KundEigtNr="23" KundArt="29" KundStatus="1" KundAufDat="1997-10-31"/>
  <Kunden KundenNr="3662" KundEigtNr="3722" KundArt="1" KundStatus="1" KundAufDat="1997-10-31"/>
  <Kunden KundenNr="3663" KundEigtNr="4154" KundArt="29" KundStatus="1" KundAufDat="1997-10-31"/>
  <Kunden KundenNr="3664" KundEigtNr="17" KundArt="3" KundStatus="3" KundAufDat="1997-10-31"/>
  <Kunden KundenNr="3665" KundEigtNr="686" KundArt="3" KundStatus="3" KundAufDat="1997-11-03"/>
  <Kunden KundenNr="3666" KundEigtNr="894" KundArt="29" KundStatus="1" KundAufDat="1997-11-03"/>
  <Kunden KundenNr="3667" KundEigtNr="770" KundArt="3" KundStatus="3" KundAufDat="1997-11-03"/>
  <Kunden KundenNr="3668" KundEigtNr="2150" KundArt="8" KundStatus="3" KundAufDat="1997-11-03"/>
  <Kunden KundenNr="3669" KundEigtNr="2095" KundArt="8" KundStatus="3" KundAufDat="1997-11-03"/>
  <Kunden KundenNr="3670" KundEigtNr="879" KundArt="2" KundStatus="3" KundAufDat="1997-11-03"/>
  <Kunden KundenNr="3671" KundEigtNr="880" KundArt="1" KundStatus="1" KundAufDat="1997-11-03"/>
  <Kunden KundenNr="3672" KundEigtNr="2112" KundArt="1" KundStatus="1" KundAufDat="1997-11-03"/>
  <Kunden KundenNr="3673" KundEigtNr="3759" KundArt="1" KundStatus="3" KundAufDat="1997-11-03"/>
  <Kunden KundenNr="3674" KundEigtNr="2009" KundArt="1" KundStatus="3" KundAufDat="1997-11-03"/>
  <Kunden KundenNr="3675" KundEigtNr="3657" KundArt="1" KundStatus="3" KundAufDat="1997-11-03"/>
  <Kunden KundenNr="3676" KundEigtNr="1220" KundArt="1" KundStatus="3" KundAufDat="1997-11-03"/>
  <Kunden KundenNr="3677" KundEigtNr="3935" KundArt="3" KundStatus="3" KundAufDat="1997-11-03"/>
  <Kunden KundenNr="3678" KundEigtNr="1578" KundArt="3" KundStatus="3" KundAufDat="1997-11-03"/>
  <Kunden KundenNr="3679" KundEigtNr="1639" KundArt="4" KundStatus="3" KundAufDat="1997-11-03"/>
  <Kunden KundenNr="3680" KundEigtNr="505" KundArt="1" KundStatus="3" KundAufDat="1997-11-03"/>
  <Kunden KundenNr="3681" KundEigtNr="728" KundArt="1" KundStatus="3" KundAufDat="1997-11-03"/>
  <Kunden KundenNr="3682" KundEigtNr="1458" KundArt="1" KundStatus="3" KundAufDat="1997-11-03"/>
  <Kunden KundenNr="3683" KundEigtNr="3409" KundArt="3" KundStatus="3" KundAufDat="1997-11-03"/>
  <Kunden KundenNr="3684" KundEigtNr="1151" KundArt="1" KundStatus="3" KundAufDat="1997-11-04"/>
  <Kunden KundenNr="3685" KundEigtNr="1603" KundArt="1" KundStatus="3" KundAufDat="1997-11-04"/>
  <Kunden KundenNr="3686" KundEigtNr="1211" KundArt="2" KundStatus="3" KundAufDat="1997-11-04"/>
  <Kunden KundenNr="3687" KundEigtNr="3799" KundArt="2" KundStatus="3" KundAufDat="1997-11-04"/>
  <Kunden KundenNr="3688" KundEigtNr="1932" KundArt="2" KundStatus="3" KundAufDat="1997-11-04"/>
  <Kunden KundenNr="3689" KundEigtNr="3735" KundArt="3" KundStatus="3" KundAufDat="1997-11-04"/>
  <Kunden KundenNr="3690" KundEigtNr="3167" KundArt="1" KundStatus="3" KundAufDat="1997-11-04"/>
  <Kunden KundenNr="3691" KundEigtNr="1255" KundArt="3" KundStatus="3" KundAufDat="1997-11-04"/>
  <Kunden KundenNr="3692" KundEigtNr="3259" KundArt="3" KundStatus="3" KundAufDat="1997-11-04"/>
  <Kunden KundenNr="3693" KundEigtNr="3545" KundArt="8" KundStatus="3" KundAufDat="1997-11-04"/>
  <Kunden KundenNr="3694" KundEigtNr="718" KundArt="29" KundStatus="3" KundAufDat="1997-11-04"/>
  <Kunden KundenNr="3695" KundEigtNr="2713" KundArt="29" KundStatus="3" KundAufDat="1997-11-04"/>
  <Kunden KundenNr="3696" KundEigtNr="2173" KundArt="29" KundStatus="3" KundAufDat="1997-11-04"/>
  <Kunden KundenNr="3697" KundEigtNr="1726" KundArt="1" KundStatus="3" KundAufDat="1997-11-04"/>
  <Kunden KundenNr="3698" KundEigtNr="2037" KundArt="29" KundStatus="3" KundAufDat="1997-11-04"/>
  <Kunden KundenNr="3699" KundEigtNr="1205" KundArt="3" KundStatus="3" KundAufDat="1997-11-04"/>
  <Kunden KundenNr="3700" KundEigtNr="1761" KundArt="8" KundStatus="3" KundAufDat="1997-11-05"/>
  <Kunden KundenNr="3701" KundEigtNr="1818" KundArt="8" KundStatus="3" KundAufDat="1997-11-05"/>
  <Kunden KundenNr="3702" KundEigtNr="3819" KundArt="1" KundStatus="1" KundAufDat="1997-11-05"/>
  <Kunden KundenNr="3703" KundEigtNr="4073" KundArt="1" KundStatus="3" KundAufDat="1997-11-05"/>
  <Kunden KundenNr="3704" KundEigtNr="3864" KundArt="1" KundStatus="3" KundAufDat="1997-11-05"/>
  <Kunden KundenNr="3705" KundEigtNr="334" KundArt="1" KundStatus="3" KundAufDat="1997-11-05"/>
  <Kunden KundenNr="3706" KundEigtNr="3766" KundArt="29" KundStatus="3" KundAufDat="1997-11-05"/>
  <Kunden KundenNr="3707" KundEigtNr="1535" KundArt="29" KundStatus="1" KundAufDat="1997-11-05"/>
  <Kunden KundenNr="3708" KundEigtNr="1221" KundArt="1" KundStatus="1" KundAufDat="1997-11-05"/>
  <Kunden KundenNr="3709" KundEigtNr="3872" KundArt="3" KundStatus="3" KundAufDat="1997-11-05"/>
  <Kunden KundenNr="3710" KundEigtNr="1632" KundArt="4" KundStatus="3" KundAufDat="1997-11-06"/>
  <Kunden KundenNr="3711" KundEigtNr="1786" KundArt="29" KundStatus="3" KundAufDat="1997-11-06"/>
  <Kunden KundenNr="3712" KundEigtNr="3207" KundArt="4" KundStatus="3" KundAufDat="1997-11-06"/>
  <Kunden KundenNr="3713" KundEigtNr="3832" KundArt="29" KundStatus="1" KundAufDat="1997-11-06"/>
  <Kunden KundenNr="3714" KundEigtNr="821" KundArt="1" KundStatus="3" KundAufDat="1997-11-07"/>
  <Kunden KundenNr="3715" KundEigtNr="1605" KundArt="1" KundStatus="3" KundAufDat="1997-11-07"/>
  <Kunden KundenNr="3716" KundEigtNr="4086" KundArt="29" KundStatus="1" KundAufDat="1997-11-07"/>
  <Kunden KundenNr="3717" KundEigtNr="1550" KundArt="29" KundStatus="3" KundAufDat="1997-11-07"/>
  <Kunden KundenNr="3718" KundEigtNr="3192" KundArt="4" KundStatus="3" KundAufDat="1997-11-07"/>
  <Kunden KundenNr="3719" KundEigtNr="551" KundArt="2" KundStatus="3" KundAufDat="1997-11-10"/>
  <Kunden KundenNr="3720" KundEigtNr="3627" KundArt="2" KundStatus="3" KundAufDat="1997-11-10"/>
  <Kunden KundenNr="3721" KundEigtNr="4093" KundArt="2" KundStatus="3" KundAufDat="1997-11-10"/>
  <Kunden KundenNr="3722" KundEigtNr="1776" KundArt="2" KundStatus="3" KundAufDat="1997-11-10"/>
  <Kunden KundenNr="3723" KundEigtNr="2881" KundArt="4" KundStatus="3" KundAufDat="1997-11-10"/>
  <Kunden KundenNr="3724" KundEigtNr="2355" KundArt="2" KundStatus="3" KundAufDat="1997-11-10"/>
  <Kunden KundenNr="3725" KundEigtNr="3779" KundArt="8" KundStatus="3" KundAufDat="1997-11-10"/>
  <Kunden KundenNr="3726" KundEigtNr="492" KundArt="8" KundStatus="3" KundAufDat="1997-11-10"/>
  <Kunden KundenNr="3727" KundEigtNr="2318" KundArt="8" KundStatus="3" KundAufDat="1997-11-10"/>
  <Kunden KundenNr="3728" KundEigtNr="1182" KundArt="2" KundStatus="3" KundAufDat="1997-11-10"/>
  <Kunden KundenNr="3729" KundEigtNr="2733" KundArt="2" KundStatus="1" KundAufDat="1997-11-10"/>
  <Kunden KundenNr="3730" KundEigtNr="919" KundArt="8" KundStatus="3" KundAufDat="1997-11-10"/>
  <Kunden KundenNr="3731" KundEigtNr="464" KundArt="2" KundStatus="3" KundAufDat="1997-11-10"/>
  <Kunden KundenNr="3732" KundEigtNr="3760" KundArt="2" KundStatus="3" KundAufDat="1997-11-10"/>
  <Kunden KundenNr="3733" KundEigtNr="2733" KundArt="4" KundStatus="3" KundAufDat="1997-11-10"/>
  <Kunden KundenNr="3734" KundEigtNr="1296" KundArt="8" KundStatus="3" KundAufDat="1997-11-10"/>
  <Kunden KundenNr="3735" KundEigtNr="3464" KundArt="3" KundStatus="3" KundAufDat="1997-11-10"/>
  <Kunden KundenNr="3736" KundEigtNr="2622" KundArt="3" KundStatus="3" KundAufDat="1997-11-10"/>
  <Kunden KundenNr="3737" KundEigtNr="1994" KundArt="8" KundStatus="3" KundAufDat="1997-11-10"/>
  <Kunden KundenNr="3738" KundEigtNr="887" KundArt="2" KundStatus="3" KundAufDat="1997-11-10"/>
  <Kunden KundenNr="3739" KundEigtNr="1522" KundArt="2" KundStatus="3" KundAufDat="1997-11-10"/>
  <Kunden KundenNr="3740" KundEigtNr="2075" KundArt="3" KundStatus="3" KundAufDat="1997-11-10"/>
  <Kunden KundenNr="3741" KundEigtNr="933" KundArt="8" KundStatus="3" KundAufDat="1997-11-10"/>
  <Kunden KundenNr="3742" KundEigtNr="3719" KundArt="2" KundStatus="3" KundAufDat="1997-11-10"/>
  <Kunden KundenNr="3743" KundEigtNr="1536" KundArt="3" KundStatus="3" KundAufDat="1997-11-10"/>
  <Kunden KundenNr="3744" KundEigtNr="1464" KundArt="8" KundStatus="3" KundAufDat="1997-11-10"/>
  <Kunden KundenNr="3745" KundEigtNr="3695" KundArt="8" KundStatus="3" KundAufDat="1997-11-11"/>
  <Kunden KundenNr="3746" KundEigtNr="3174" KundArt="8" KundStatus="3" KundAufDat="1997-11-11"/>
  <Kunden KundenNr="3747" KundEigtNr="3022" KundArt="8" KundStatus="3" KundAufDat="1997-11-11"/>
  <Kunden KundenNr="3748" KundEigtNr="787" KundArt="8" KundStatus="3" KundAufDat="1997-11-11"/>
  <Kunden KundenNr="3749" KundEigtNr="589" KundArt="8" KundStatus="3" KundAufDat="1997-11-11"/>
  <Kunden KundenNr="3750" KundEigtNr="3153" KundArt="8" KundStatus="3" KundAufDat="1997-11-11"/>
  <Kunden KundenNr="3751" KundEigtNr="4088" KundArt="2" KundStatus="3" KundAufDat="1997-11-11"/>
  <Kunden KundenNr="3752" KundEigtNr="4088" KundArt="8" KundStatus="3" KundAufDat="1997-11-11"/>
  <Kunden KundenNr="3753" KundEigtNr="3277" KundArt="8" KundStatus="3" KundAufDat="1997-11-11"/>
  <Kunden KundenNr="3754" KundEigtNr="2307" KundArt="8" KundStatus="3" KundAufDat="1997-11-11"/>
  <Kunden KundenNr="3755" KundEigtNr="3676" KundArt="8" KundStatus="3" KundAufDat="1997-11-11"/>
  <Kunden KundenNr="3756" KundEigtNr="3245" KundArt="8" KundStatus="3" KundAufDat="1997-11-11"/>
  <Kunden KundenNr="3757" KundEigtNr="2156" KundArt="8" KundStatus="3" KundAufDat="1997-11-11"/>
  <Kunden KundenNr="3758" KundEigtNr="3789" KundArt="8" KundStatus="3" KundAufDat="1997-11-11"/>
  <Kunden KundenNr="3759" KundEigtNr="1882" KundArt="8" KundStatus="3" KundAufDat="1997-11-11"/>
  <Kunden KundenNr="3760" KundEigtNr="424" KundArt="29" KundStatus="3" KundAufDat="1997-11-11"/>
  <Kunden KundenNr="3761" KundEigtNr="754" KundArt="8" KundStatus="3" KundAufDat="1997-11-11"/>
  <Kunden KundenNr="3762" KundEigtNr="552" KundArt="2" KundStatus="3" KundAufDat="1997-11-11"/>
  <Kunden KundenNr="3763" KundEigtNr="1846" KundArt="2" KundStatus="3" KundAufDat="1997-11-11"/>
  <Kunden KundenNr="3764" KundEigtNr="1755" KundArt="8" KundStatus="3" KundAufDat="1997-11-11"/>
  <Kunden KundenNr="3765" KundEigtNr="2931" KundArt="4" KundStatus="3" KundAufDat="1997-11-11"/>
  <Kunden KundenNr="3766" KundEigtNr="1147" KundArt="2" KundStatus="3" KundAufDat="1997-11-11"/>
  <Kunden KundenNr="3767" KundEigtNr="3800" KundArt="29" KundStatus="3" KundAufDat="1997-11-11"/>
  <Kunden KundenNr="3768" KundEigtNr="1665" KundArt="8" KundStatus="3" KundAufDat="1997-11-12"/>
  <Kunden KundenNr="3769" KundEigtNr="2693" KundArt="8" KundStatus="1" KundAufDat="1997-11-12"/>
  <Kunden KundenNr="3770" KundEigtNr="2372" KundArt="3" KundStatus="3" KundAufDat="1997-11-12"/>
  <Kunden KundenNr="3771" KundEigtNr="2360" KundArt="3" KundStatus="3" KundAufDat="1997-11-12"/>
  <Kunden KundenNr="3772" KundEigtNr="3299" KundArt="4" KundStatus="3" KundAufDat="1997-11-12"/>
  <Kunden KundenNr="3773" KundEigtNr="2403" KundArt="4" KundStatus="3" KundAufDat="1997-11-12"/>
  <Kunden KundenNr="3774" KundEigtNr="987" KundArt="8" KundStatus="3" KundAufDat="1997-11-13"/>
  <Kunden KundenNr="3775" KundEigtNr="1035" KundArt="8" KundStatus="3" KundAufDat="1997-11-13"/>
  <Kunden KundenNr="3776" KundEigtNr="934" KundArt="8" KundStatus="3" KundAufDat="1997-11-14"/>
  <Kunden KundenNr="3777" KundEigtNr="2701" KundArt="8" KundStatus="3" KundAufDat="1997-11-14"/>
  <Kunden KundenNr="3778" KundEigtNr="598" KundArt="4" KundStatus="3" KundAufDat="1997-11-14"/>
  <Kunden KundenNr="3779" KundEigtNr="1441" KundArt="8" KundStatus="3" KundAufDat="1997-11-14"/>
  <Kunden KundenNr="3780" KundEigtNr="3909" KundArt="8" KundStatus="1" KundAufDat="1997-11-14"/>
  <Kunden KundenNr="3781" KundEigtNr="3065" KundArt="2" KundStatus="3" KundAufDat="1997-11-15"/>
  <Kunden KundenNr="3782" KundEigtNr="363" KundArt="4" KundStatus="3" KundAufDat="1997-11-17"/>
  <Kunden KundenNr="3783" KundEigtNr="1023" KundArt="3" KundStatus="3" KundAufDat="1997-11-17"/>
  <Kunden KundenNr="3784" KundEigtNr="3595" KundArt="8" KundStatus="1" KundAufDat="1997-11-17"/>
  <Kunden KundenNr="3785" KundEigtNr="1903" KundArt="8" KundStatus="3" KundAufDat="1997-11-17"/>
  <Kunden KundenNr="3786" KundEigtNr="1430" KundArt="2" KundStatus="3" KundAufDat="1997-11-17"/>
  <Kunden KundenNr="3787" KundEigtNr="3218" KundArt="2" KundStatus="3" KundAufDat="1997-11-17"/>
  <Kunden KundenNr="3788" KundEigtNr="1160" KundArt="2" KundStatus="1" KundAufDat="1997-11-17"/>
  <Kunden KundenNr="3789" KundEigtNr="1627" KundArt="2" KundStatus="3" KundAufDat="1997-11-17"/>
  <Kunden KundenNr="3790" KundEigtNr="3182" KundArt="8" KundStatus="3" KundAufDat="1997-11-17"/>
  <Kunden KundenNr="3791" KundEigtNr="2241" KundArt="8" KundStatus="3" KundAufDat="1997-11-17"/>
  <Kunden KundenNr="3792" KundEigtNr="2787" KundArt="8" KundStatus="3" KundAufDat="1997-11-17"/>
  <Kunden KundenNr="3793" KundEigtNr="2039" KundArt="8" KundStatus="1" KundAufDat="1997-11-17"/>
  <Kunden KundenNr="3794" KundEigtNr="2686" KundArt="2" KundStatus="3" KundAufDat="1997-11-17"/>
  <Kunden KundenNr="3795" KundEigtNr="3001" KundArt="4" KundStatus="3" KundAufDat="1997-11-17"/>
  <Kunden KundenNr="3796" KundEigtNr="2258" KundArt="4" KundStatus="3" KundAufDat="1997-11-17"/>
  <Kunden KundenNr="3797" KundEigtNr="544" KundArt="8" KundStatus="3" KundAufDat="1997-11-17"/>
  <Kunden KundenNr="3798" KundEigtNr="478" KundArt="4" KundStatus="3" KundAufDat="1997-11-17"/>
  <Kunden KundenNr="3799" KundEigtNr="757" KundArt="3" KundStatus="3" KundAufDat="1997-11-18"/>
  <Kunden KundenNr="3800" KundEigtNr="2857" KundArt="2" KundStatus="3" KundAufDat="1997-11-18"/>
  <Kunden KundenNr="3801" KundEigtNr="378" KundArt="8" KundStatus="3" KundAufDat="1997-11-18"/>
  <Kunden KundenNr="3802" KundEigtNr="1420" KundArt="8" KundStatus="3" KundAufDat="1997-11-18"/>
  <Kunden KundenNr="3803" KundEigtNr="1249" KundArt="8" KundStatus="3" KundAufDat="1997-11-18"/>
  <Kunden KundenNr="3804" KundEigtNr="3195" KundArt="8" KundStatus="3" KundAufDat="1997-11-18"/>
  <Kunden KundenNr="3805" KundEigtNr="3826" KundArt="8" KundStatus="3" KundAufDat="1997-11-18"/>
  <Kunden KundenNr="3806" KundEigtNr="3415" KundArt="29" KundStatus="3" KundAufDat="1997-11-18"/>
  <Kunden KundenNr="3807" KundEigtNr="3571" KundArt="8" KundStatus="3" KundAufDat="1997-11-18"/>
  <Kunden KundenNr="3808" KundEigtNr="545" KundArt="8" KundStatus="3" KundAufDat="1997-11-18"/>
  <Kunden KundenNr="3809" KundEigtNr="2027" KundArt="4" KundStatus="3" KundAufDat="1997-11-18"/>
  <Kunden KundenNr="3810" KundEigtNr="3867" KundArt="5" KundStatus="3" KundAufDat="1997-11-18"/>
  <Kunden KundenNr="3811" KundEigtNr="2951" KundArt="2" KundStatus="1" KundAufDat="1997-11-18"/>
  <Kunden KundenNr="3812" KundEigtNr="3993" KundArt="3" KundStatus="3" KundAufDat="1997-11-18"/>
  <Kunden KundenNr="3813" KundEigtNr="3154" KundArt="1" KundStatus="3" KundAufDat="1997-11-18"/>
  <Kunden KundenNr="3814" KundEigtNr="3109" KundArt="1" KundStatus="3" KundAufDat="1997-11-18"/>
  <Kunden KundenNr="3815" KundEigtNr="1161" KundArt="2" KundStatus="3" KundAufDat="1997-11-19"/>
  <Kunden KundenNr="3816" KundEigtNr="1085" KundArt="4" KundStatus="3" KundAufDat="1997-11-19"/>
  <Kunden KundenNr="3817" KundEigtNr="3469" KundArt="1" KundStatus="3" KundAufDat="1997-11-19"/>
  <Kunden KundenNr="3818" KundEigtNr="1267" KundArt="1" KundStatus="3" KundAufDat="1997-11-19"/>
  <Kunden KundenNr="3819" KundEigtNr="1951" KundArt="29" KundStatus="3" KundAufDat="1997-11-19"/>
  <Kunden KundenNr="3820" KundEigtNr="3466" KundArt="4" KundStatus="3" KundAufDat="1997-11-19"/>
  <Kunden KundenNr="3821" KundEigtNr="2800" KundArt="4" KundStatus="3" KundAufDat="1997-11-19"/>
  <Kunden KundenNr="3822" KundEigtNr="3903" KundArt="29" KundStatus="3" KundAufDat="1997-11-19"/>
  <Kunden KundenNr="3823" KundEigtNr="2321" KundArt="4" KundStatus="3" KundAufDat="1997-11-19"/>
  <Kunden KundenNr="3824" KundEigtNr="939" KundArt="4" KundStatus="3" KundAufDat="1997-11-19"/>
  <Kunden KundenNr="3825" KundEigtNr="1883" KundArt="8" KundStatus="3" KundAufDat="1997-11-19"/>
  <Kunden KundenNr="3826" KundEigtNr="2489" KundArt="8" KundStatus="3" KundAufDat="1997-11-20"/>
  <Kunden KundenNr="3827" KundEigtNr="3466" KundArt="2" KundStatus="3" KundAufDat="1997-11-20"/>
  <Kunden KundenNr="3828" KundEigtNr="3577" KundArt="29" KundStatus="1" KundAufDat="1997-11-20"/>
  <Kunden KundenNr="3829" KundEigtNr="3761" KundArt="4" KundStatus="3" KundAufDat="1997-11-20"/>
  <Kunden KundenNr="3830" KundEigtNr="1238" KundArt="4" KundStatus="3" KundAufDat="1997-11-21"/>
  <Kunden KundenNr="3831" KundEigtNr="578" KundArt="8" KundStatus="1" KundAufDat="1997-11-24"/>
  <Kunden KundenNr="3832" KundEigtNr="3901" KundArt="8" KundStatus="3" KundAufDat="1997-11-24"/>
  <Kunden KundenNr="3833" KundEigtNr="1663" KundArt="8" KundStatus="3" KundAufDat="1997-11-24"/>
  <Kunden KundenNr="3834" KundEigtNr="794" KundArt="2" KundStatus="3" KundAufDat="1997-11-24"/>
  <Kunden KundenNr="3835" KundEigtNr="1122" KundArt="2" KundStatus="3" KundAufDat="1997-11-24"/>
  <Kunden KundenNr="3836" KundEigtNr="2115" KundArt="3" KundStatus="3" KundAufDat="1997-11-24"/>
  <Kunden KundenNr="3837" KundEigtNr="3318" KundArt="2" KundStatus="3" KundAufDat="1997-11-24"/>
  <Kunden KundenNr="3838" KundEigtNr="2659" KundArt="2" KundStatus="3" KundAufDat="1997-11-24"/>
  <Kunden KundenNr="3839" KundEigtNr="2546" KundArt="3" KundStatus="3" KundAufDat="1997-11-24"/>
  <Kunden KundenNr="3840" KundEigtNr="1225" KundArt="2" KundStatus="3" KundAufDat="1997-11-24"/>
  <Kunden KundenNr="3841" KundEigtNr="1106" KundArt="2" KundStatus="3" KundAufDat="1997-11-24"/>
  <Kunden KundenNr="3842" KundEigtNr="3398" KundArt="1" KundStatus="3" KundAufDat="1997-11-24"/>
  <Kunden KundenNr="3843" KundEigtNr="2215" KundArt="2" KundStatus="3" KundAufDat="1997-11-24"/>
  <Kunden KundenNr="3844" KundEigtNr="1453" KundArt="4" KundStatus="3" KundAufDat="1997-11-24"/>
  <Kunden KundenNr="3845" KundEigtNr="3518" KundArt="4" KundStatus="3" KundAufDat="1997-11-24"/>
  <Kunden KundenNr="3846" KundEigtNr="3056" KundArt="4" KundStatus="3" KundAufDat="1997-11-24"/>
  <Kunden KundenNr="3847" KundEigtNr="2512" KundArt="4" KundStatus="3" KundAufDat="1997-11-24"/>
  <Kunden KundenNr="3848" KundEigtNr="1744" KundArt="4" KundStatus="3" KundAufDat="1997-11-24"/>
  <Kunden KundenNr="3849" KundEigtNr="1959" KundArt="4" KundStatus="3" KundAufDat="1997-11-24"/>
  <Kunden KundenNr="3850" KundEigtNr="525" KundArt="4" KundStatus="3" KundAufDat="1997-11-24"/>
  <Kunden KundenNr="3851" KundEigtNr="765" KundArt="4" KundStatus="3" KundAufDat="1997-11-24"/>
  <Kunden KundenNr="3852" KundEigtNr="4176" KundArt="4" KundStatus="3" KundAufDat="1997-11-24"/>
  <Kunden KundenNr="3853" KundEigtNr="3806" KundArt="4" KundStatus="3" KundAufDat="1997-11-24"/>
  <Kunden KundenNr="3854" KundEigtNr="543" KundArt="4" KundStatus="3" KundAufDat="1997-11-24"/>
  <Kunden KundenNr="3855" KundEigtNr="4034" KundArt="8" KundStatus="3" KundAufDat="1997-11-25"/>
  <Kunden KundenNr="3856" KundEigtNr="2769" KundArt="8" KundStatus="3" KundAufDat="1997-11-25"/>
  <Kunden KundenNr="3857" KundEigtNr="3272" KundArt="2" KundStatus="3" KundAufDat="1997-11-25"/>
  <Kunden KundenNr="3858" KundEigtNr="1380" KundArt="2" KundStatus="3" KundAufDat="1997-11-25"/>
  <Kunden KundenNr="3859" KundEigtNr="703" KundArt="8" KundStatus="3" KundAufDat="1997-11-25"/>
  <Kunden KundenNr="3860" KundEigtNr="2367" KundArt="8" KundStatus="3" KundAufDat="1997-11-25"/>
  <Kunden KundenNr="3861" KundEigtNr="594" KundArt="2" KundStatus="3" KundAufDat="1997-11-25"/>
  <Kunden KundenNr="3862" KundEigtNr="3359" KundArt="29" KundStatus="1" KundAufDat="1997-11-25"/>
  <Kunden KundenNr="3863" KundEigtNr="2378" KundArt="29" KundStatus="3" KundAufDat="1997-11-25"/>
  <Kunden KundenNr="3864" KundEigtNr="740" KundArt="4" KundStatus="3" KundAufDat="1997-11-25"/>
  <Kunden KundenNr="3865" KundEigtNr="2368" KundArt="4" KundStatus="3" KundAufDat="1997-11-25"/>
  <Kunden KundenNr="3866" KundEigtNr="4106" KundArt="4" KundStatus="3" KundAufDat="1997-11-25"/>
  <Kunden KundenNr="3867" KundEigtNr="933" KundArt="4" KundStatus="3" KundAufDat="1997-11-25"/>
  <Kunden KundenNr="3868" KundEigtNr="3801" KundArt="8" KundStatus="3" KundAufDat="1997-11-25"/>
  <Kunden KundenNr="3869" KundEigtNr="2356" KundArt="29" KundStatus="3" KundAufDat="1997-11-25"/>
  <Kunden KundenNr="3870" KundEigtNr="2558" KundArt="1" KundStatus="3" KundAufDat="1997-11-25"/>
  <Kunden KundenNr="3871" KundEigtNr="1983" KundArt="1" KundStatus="3" KundAufDat="1997-11-25"/>
  <Kunden KundenNr="3872" KundEigtNr="2704" KundArt="8" KundStatus="3" KundAufDat="1997-11-26"/>
  <Kunden KundenNr="3873" KundEigtNr="2482" KundArt="2" KundStatus="3" KundAufDat="1997-11-26"/>
  <Kunden KundenNr="3874" KundEigtNr="3873" KundArt="3" KundStatus="3" KundAufDat="1997-11-26"/>
  <Kunden KundenNr="3875" KundEigtNr="2218" KundArt="8" KundStatus="3" KundAufDat="1997-11-27"/>
  <Kunden KundenNr="3876" KundEigtNr="2780" KundArt="4" KundStatus="3" KundAufDat="1997-11-27"/>
  <Kunden KundenNr="3877" KundEigtNr="3185" KundArt="4" KundStatus="3" KundAufDat="1997-11-27"/>
  <Kunden KundenNr="3878" KundEigtNr="4172" KundArt="2" KundStatus="3" KundAufDat="1997-11-28"/>
  <Kunden KundenNr="3879" KundEigtNr="1510" KundArt="29" KundStatus="3" KundAufDat="1997-11-28"/>
  <Kunden KundenNr="3880" KundEigtNr="2706" KundArt="29" KundStatus="3" KundAufDat="1997-11-28"/>
  <Kunden KundenNr="3881" KundEigtNr="3325" KundArt="4" KundStatus="3" KundAufDat="1997-11-28"/>
  <Kunden KundenNr="3882" KundEigtNr="1167" KundArt="8" KundStatus="3" KundAufDat="1997-11-28"/>
  <Kunden KundenNr="3883" KundEigtNr="3470" KundArt="2" KundStatus="3" KundAufDat="1997-11-29"/>
  <Kunden KundenNr="3884" KundEigtNr="433" KundArt="2" KundStatus="3" KundAufDat="1997-12-01"/>
  <Kunden KundenNr="3885" KundEigtNr="1529" KundArt="2" KundStatus="3" KundAufDat="1997-12-01"/>
  <Kunden KundenNr="3886" KundEigtNr="3159" KundArt="1" KundStatus="3" KundAufDat="1997-12-01"/>
  <Kunden KundenNr="3887" KundEigtNr="1247" KundArt="2" KundStatus="3" KundAufDat="1997-12-01"/>
  <Kunden KundenNr="3888" KundEigtNr="1880" KundArt="8" KundStatus="3" KundAufDat="1997-12-01"/>
  <Kunden KundenNr="3889" KundEigtNr="3405" KundArt="8" KundStatus="3" KundAufDat="1997-12-01"/>
  <Kunden KundenNr="3890" KundEigtNr="2846" KundArt="8" KundStatus="3" KundAufDat="1997-12-01"/>
  <Kunden KundenNr="3891" KundEigtNr="4121" KundArt="8" KundStatus="3" KundAufDat="1997-12-01"/>
  <Kunden KundenNr="3892" KundEigtNr="328" KundArt="8" KundStatus="3" KundAufDat="1997-12-01"/>
  <Kunden KundenNr="3893" KundEigtNr="3938" KundArt="8" KundStatus="3" KundAufDat="1997-12-01"/>
  <Kunden KundenNr="3894" KundEigtNr="1824" KundArt="8" KundStatus="3" KundAufDat="1997-12-01"/>
  <Kunden KundenNr="3895" KundEigtNr="4118" KundArt="8" KundStatus="3" KundAufDat="1997-12-01"/>
  <Kunden KundenNr="3896" KundEigtNr="646" KundArt="8" KundStatus="3" KundAufDat="1997-12-01"/>
  <Kunden KundenNr="3897" KundEigtNr="2810" KundArt="4" KundStatus="3" KundAufDat="1997-12-01"/>
  <Kunden KundenNr="3898" KundEigtNr="1054" KundArt="4" KundStatus="3" KundAufDat="1997-12-01"/>
  <Kunden KundenNr="3899" KundEigtNr="1525" KundArt="2" KundStatus="3" KundAufDat="1997-12-01"/>
  <Kunden KundenNr="3900" KundEigtNr="2672" KundArt="2" KundStatus="3" KundAufDat="1997-12-01"/>
  <Kunden KundenNr="3901" KundEigtNr="1187" KundArt="2" KundStatus="3" KundAufDat="1997-12-01"/>
  <Kunden KundenNr="3902" KundEigtNr="2893" KundArt="4" KundStatus="3" KundAufDat="1997-12-01"/>
  <Kunden KundenNr="3903" KundEigtNr="3002" KundArt="4" KundStatus="3" KundAufDat="1997-12-01"/>
  <Kunden KundenNr="3904" KundEigtNr="3696" KundArt="4" KundStatus="3" KundAufDat="1997-12-01"/>
  <Kunden KundenNr="3905" KundEigtNr="2181" KundArt="2" KundStatus="3" KundAufDat="1997-12-01"/>
  <Kunden KundenNr="3906" KundEigtNr="2374" KundArt="4" KundStatus="3" KundAufDat="1997-12-01"/>
  <Kunden KundenNr="3907" KundEigtNr="1144" KundArt="1" KundStatus="3" KundAufDat="1997-12-01"/>
  <Kunden KundenNr="3908" KundEigtNr="843" KundArt="8" KundStatus="1" KundAufDat="1997-12-01"/>
  <Kunden KundenNr="3909" KundEigtNr="921" KundArt="1" KundStatus="3" KundAufDat="1997-12-01"/>
  <Kunden KundenNr="3910" KundEigtNr="3125" KundArt="8" KundStatus="3" KundAufDat="1997-12-01"/>
  <Kunden KundenNr="3911" KundEigtNr="3001" KundArt="2" KundStatus="3" KundAufDat="1997-12-01"/>
  <Kunden KundenNr="3912" KundEigtNr="2810" KundArt="2" KundStatus="3" KundAufDat="1997-12-01"/>
  <Kunden KundenNr="3913" KundEigtNr="3002" KundArt="2" KundStatus="3" KundAufDat="1997-12-01"/>
  <Kunden KundenNr="3914" KundEigtNr="2439" KundArt="2" KundStatus="1" KundAufDat="1997-12-01"/>
  <Kunden KundenNr="3915" KundEigtNr="3885" KundArt="8" KundStatus="3" KundAufDat="1997-12-02"/>
  <Kunden KundenNr="3916" KundEigtNr="3661" KundArt="8" KundStatus="3" KundAufDat="1997-12-02"/>
  <Kunden KundenNr="3917" KundEigtNr="3434" KundArt="1" KundStatus="3" KundAufDat="1997-12-02"/>
  <Kunden KundenNr="3918" KundEigtNr="1212" KundArt="1" KundStatus="3" KundAufDat="1997-12-02"/>
  <Kunden KundenNr="3919" KundEigtNr="2773" KundArt="2" KundStatus="3" KundAufDat="1997-12-02"/>
  <Kunden KundenNr="3920" KundEigtNr="379" KundArt="2" KundStatus="3" KundAufDat="1997-12-02"/>
  <Kunden KundenNr="3921" KundEigtNr="2301" KundArt="4" KundStatus="3" KundAufDat="1997-12-02"/>
  <Kunden KundenNr="3922" KundEigtNr="3658" KundArt="4" KundStatus="3" KundAufDat="1997-12-02"/>
  <Kunden KundenNr="3923" KundEigtNr="2501" KundArt="1" KundStatus="3" KundAufDat="1997-12-02"/>
  <Kunden KundenNr="3924" KundEigtNr="3003" KundArt="4" KundStatus="3" KundAufDat="1997-12-02"/>
  <Kunden KundenNr="3925" KundEigtNr="1701" KundArt="3" KundStatus="3" KundAufDat="1997-12-02"/>
  <Kunden KundenNr="3926" KundEigtNr="731" KundArt="1" KundStatus="3" KundAufDat="1997-12-02"/>
  <Kunden KundenNr="3927" KundEigtNr="2923" KundArt="29" KundStatus="1" KundAufDat="1997-12-02"/>
  <Kunden KundenNr="3928" KundEigtNr="1443" KundArt="8" KundStatus="3" KundAufDat="1997-12-02"/>
  <Kunden KundenNr="3929" KundEigtNr="2862" KundArt="8" KundStatus="3" KundAufDat="1997-12-02"/>
  <Kunden KundenNr="3930" KundEigtNr="2260" KundArt="3" KundStatus="3" KundAufDat="1997-12-02"/>
  <Kunden KundenNr="3931" KundEigtNr="3423" KundArt="8" KundStatus="3" KundAufDat="1997-12-03"/>
  <Kunden KundenNr="3932" KundEigtNr="1979" KundArt="1" KundStatus="1" KundAufDat="1997-12-03"/>
  <Kunden KundenNr="3933" KundEigtNr="3815" KundArt="8" KundStatus="3" KundAufDat="1997-12-03"/>
  <Kunden KundenNr="3934" KundEigtNr="4109" KundArt="8" KundStatus="3" KundAufDat="1997-12-03"/>
  <Kunden KundenNr="3935" KundEigtNr="2942" KundArt="8" KundStatus="3" KundAufDat="1997-12-03"/>
  <Kunden KundenNr="3936" KundEigtNr="488" KundArt="1" KundStatus="3" KundAufDat="1997-12-03"/>
  <Kunden KundenNr="3937" KundEigtNr="2726" KundArt="4" KundStatus="1" KundAufDat="1997-12-03"/>
  <Kunden KundenNr="3938" KundEigtNr="1286" KundArt="1" KundStatus="3" KundAufDat="1997-12-04"/>
  <Kunden KundenNr="3939" KundEigtNr="951" KundArt="8" KundStatus="3" KundAufDat="1997-12-04"/>
  <Kunden KundenNr="3940" KundEigtNr="4089" KundArt="2" KundStatus="3" KundAufDat="1997-12-04"/>
  <Kunden KundenNr="3941" KundEigtNr="438" KundArt="1" KundStatus="3" KundAufDat="1997-12-04"/>
  <Kunden KundenNr="3942" KundEigtNr="2868" KundArt="4" KundStatus="3" KundAufDat="1997-12-05"/>
  <Kunden KundenNr="3943" KundEigtNr="4090" KundArt="2" KundStatus="3" KundAufDat="1997-12-05"/>
  <Kunden KundenNr="3944" KundEigtNr="4091" KundArt="2" KundStatus="3" KundAufDat="1997-12-05"/>
  <Kunden KundenNr="3945" KundEigtNr="1047" KundArt="1" KundStatus="3" KundAufDat="1997-12-08"/>
  <Kunden KundenNr="3946" KundEigtNr="3321" KundArt="5" KundStatus="3" KundAufDat="1997-12-08"/>
  <Kunden KundenNr="3947" KundEigtNr="2687" KundArt="29" KundStatus="3" KundAufDat="1997-12-09"/>
  <Kunden KundenNr="3948" KundEigtNr="3768" KundArt="29" KundStatus="3" KundAufDat="1997-12-09"/>
  <Kunden KundenNr="3949" KundEigtNr="1409" KundArt="2" KundStatus="3" KundAufDat="1997-12-09"/>
  <Kunden KundenNr="3950" KundEigtNr="1364" KundArt="8" KundStatus="3" KundAufDat="1997-12-09"/>
  <Kunden KundenNr="3951" KundEigtNr="881" KundArt="29" KundStatus="3" KundAufDat="1997-12-09"/>
  <Kunden KundenNr="3952" KundEigtNr="780" KundArt="2" KundStatus="3" KundAufDat="1997-12-10"/>
  <Kunden KundenNr="3953" KundEigtNr="1812" KundArt="1" KundStatus="3" KundAufDat="1997-12-11"/>
  <Kunden KundenNr="3954" KundEigtNr="3597" KundArt="2" KundStatus="3" KundAufDat="1997-12-11"/>
  <Kunden KundenNr="3955" KundEigtNr="2642" KundArt="29" KundStatus="3" KundAufDat="1997-12-11"/>
  <Kunden KundenNr="3956" KundEigtNr="1881" KundArt="29" KundStatus="1" KundAufDat="1998-01-04"/>
  <Kunden KundenNr="3957" KundEigtNr="4223" KundArt="8" KundStatus="1" KundAufDat="1998-01-05"/>
  <Kunden KundenNr="3958" KundEigtNr="4224" KundArt="8" KundStatus="3" KundAufDat="1998-01-05"/>
  <Kunden KundenNr="3959" KundEigtNr="4225" KundArt="8" KundStatus="3" KundAufDat="1998-01-05"/>
  <Kunden KundenNr="3960" KundEigtNr="4226" KundArt="8" KundStatus="3" KundAufDat="1998-01-05"/>
  <Kunden KundenNr="3961" KundEigtNr="4227" KundArt="1" KundStatus="3" KundAufDat="1998-01-05"/>
  <Kunden KundenNr="3962" KundEigtNr="4228" KundArt="2" KundStatus="3" KundAufDat="1998-01-05"/>
  <Kunden KundenNr="3963" KundEigtNr="4229" KundArt="2" KundStatus="3" KundAufDat="1998-01-05"/>
  <Kunden KundenNr="3964" KundEigtNr="4230" KundArt="2" KundStatus="3" KundAufDat="1998-01-05"/>
  <Kunden KundenNr="3965" KundEigtNr="4231" KundArt="2" KundStatus="3" KundAufDat="1998-01-05"/>
  <Kunden KundenNr="3966" KundEigtNr="4232" KundArt="2" KundStatus="3" KundAufDat="1998-01-05"/>
  <Kunden KundenNr="3967" KundEigtNr="4233" KundArt="2" KundStatus="3" KundAufDat="1998-01-06"/>
  <Kunden KundenNr="3968" KundEigtNr="4234" KundArt="2" KundStatus="3" KundAufDat="1998-01-06"/>
  <Kunden KundenNr="3969" KundEigtNr="4235" KundArt="2" KundStatus="3" KundAufDat="1998-01-06"/>
  <Kunden KundenNr="3970" KundEigtNr="4236" KundArt="2" KundStatus="3" KundAufDat="1998-01-06"/>
  <Kunden KundenNr="3971" KundEigtNr="4237" KundArt="2" KundStatus="3" KundAufDat="1998-01-06"/>
  <Kunden KundenNr="3972" KundEigtNr="4238" KundArt="2" KundStatus="3" KundAufDat="1998-01-06"/>
  <Kunden KundenNr="3973" KundEigtNr="4239" KundArt="2" KundStatus="3" KundAufDat="1998-01-06"/>
  <Kunden KundenNr="3974" KundEigtNr="4240" KundArt="2" KundStatus="3" KundAufDat="1998-01-06"/>
  <Kunden KundenNr="3975" KundEigtNr="4241" KundArt="2" KundStatus="3" KundAufDat="1998-01-06"/>
  <Kunden KundenNr="3976" KundEigtNr="4242" KundArt="2" KundStatus="3" KundAufDat="1998-01-06"/>
  <Kunden KundenNr="3977" KundEigtNr="4243" KundArt="2" KundStatus="3" KundAufDat="1998-01-06"/>
  <Kunden KundenNr="3978" KundEigtNr="4244" KundArt="1" KundStatus="3" KundAufDat="1998-01-06"/>
  <Kunden KundenNr="3979" KundEigtNr="4245" KundArt="2" KundStatus="3" KundAufDat="1998-01-06"/>
  <Kunden KundenNr="3980" KundEigtNr="4246" KundArt="1" KundStatus="3" KundAufDat="1998-01-06"/>
  <Kunden KundenNr="3981" KundEigtNr="4247" KundArt="1" KundStatus="3" KundAufDat="1998-01-06"/>
  <Kunden KundenNr="3982" KundEigtNr="4248" KundArt="1" KundStatus="3" KundAufDat="1998-01-06"/>
  <Kunden KundenNr="3983" KundEigtNr="4249" KundArt="2" KundStatus="1" KundAufDat="1998-01-06"/>
  <Kunden KundenNr="3984" KundEigtNr="4250" KundArt="2" KundStatus="3" KundAufDat="1998-01-06"/>
  <Kunden KundenNr="3985" KundEigtNr="4251" KundArt="2" KundStatus="3" KundAufDat="1998-01-06"/>
  <Kunden KundenNr="3986" KundEigtNr="4252" KundArt="2" KundStatus="3" KundAufDat="1998-01-06"/>
  <Kunden KundenNr="3987" KundEigtNr="4253" KundArt="29" KundStatus="3" KundAufDat="1998-01-06"/>
  <Kunden KundenNr="3988" KundEigtNr="4254" KundArt="2" KundStatus="3" KundAufDat="1998-01-06"/>
  <Kunden KundenNr="3989" KundEigtNr="4255" KundArt="16" KundStatus="1" KundAufDat="1998-01-06"/>
  <Kunden KundenNr="3990" KundEigtNr="4256" KundArt="4" KundStatus="3" KundAufDat="1998-01-07"/>
  <Kunden KundenNr="3991" KundEigtNr="687" KundArt="29" KundStatus="3" KundAufDat="1998-01-07"/>
  <Kunden KundenNr="3992" KundEigtNr="4257" KundArt="4" KundStatus="3" KundAufDat="1998-01-08"/>
  <Kunden KundenNr="3993" KundEigtNr="4258" KundArt="29" KundStatus="3" KundAufDat="1998-01-08"/>
  <Kunden KundenNr="3994" KundEigtNr="4259" KundArt="29" KundStatus="3" KundAufDat="1998-01-09"/>
  <Kunden KundenNr="3996" KundEigtNr="3441" KundArt="29" KundStatus="1" KundAufDat="1998-01-12"/>
  <Kunden KundenNr="3997" KundEigtNr="4261" KundArt="4" KundStatus="3" KundAufDat="1998-01-12"/>
  <Kunden KundenNr="3998" KundEigtNr="4262" KundArt="4" KundStatus="3" KundAufDat="1998-01-12"/>
  <Kunden KundenNr="3999" KundEigtNr="4263" KundArt="4" KundStatus="3" KundAufDat="1998-01-12"/>
  <Kunden KundenNr="4000" KundEigtNr="4264" KundArt="8" KundStatus="3" KundAufDat="1998-01-12"/>
  <Kunden KundenNr="4001" KundEigtNr="4265" KundArt="29" KundStatus="1" KundAufDat="1998-01-12"/>
  <Kunden KundenNr="4002" KundEigtNr="4266" KundArt="29" KundStatus="1" KundAufDat="1998-01-12"/>
  <Kunden KundenNr="4003" KundEigtNr="4267" KundArt="4" KundStatus="3" KundAufDat="1998-01-12"/>
  <Kunden KundenNr="4004" KundEigtNr="4268" KundArt="4" KundStatus="3" KundAufDat="1998-01-12"/>
  <Kunden KundenNr="4005" KundEigtNr="4269" KundArt="4" KundStatus="3" KundAufDat="1998-01-12"/>
  <Kunden KundenNr="4006" KundEigtNr="4270" KundArt="4" KundStatus="3" KundAufDat="1998-01-12"/>
  <Kunden KundenNr="4007" KundEigtNr="4271" KundArt="2" KundStatus="3" KundAufDat="1998-01-12"/>
  <Kunden KundenNr="4008" KundEigtNr="4272" KundArt="2" KundStatus="3" KundAufDat="1998-01-12"/>
  <Kunden KundenNr="4009" KundEigtNr="4273" KundArt="2" KundStatus="1" KundAufDat="1998-01-12"/>
  <Kunden KundenNr="4010" KundEigtNr="4274" KundArt="8" KundStatus="3" KundAufDat="1998-01-12"/>
  <Kunden KundenNr="4011" KundEigtNr="4275" KundArt="8" KundStatus="3" KundAufDat="1998-01-12"/>
  <Kunden KundenNr="4012" KundEigtNr="4276" KundArt="8" KundStatus="3" KundAufDat="1998-01-12"/>
  <Kunden KundenNr="4013" KundEigtNr="4277" KundArt="2" KundStatus="3" KundAufDat="1998-01-12"/>
  <Kunden KundenNr="4014" KundEigtNr="4278" KundArt="2" KundStatus="3" KundAufDat="1998-01-12"/>
  <Kunden KundenNr="4015" KundEigtNr="4279" KundArt="2" KundStatus="3" KundAufDat="1998-01-12"/>
  <Kunden KundenNr="4016" KundEigtNr="4280" KundArt="2" KundStatus="3" KundAufDat="1998-01-12"/>
  <Kunden KundenNr="4017" KundEigtNr="4281" KundArt="8" KundStatus="1" KundAufDat="1998-01-12"/>
  <Kunden KundenNr="4018" KundEigtNr="4282" KundArt="2" KundStatus="3" KundAufDat="1998-01-13"/>
  <Kunden KundenNr="4019" KundEigtNr="4283" KundArt="2" KundStatus="3" KundAufDat="1998-01-13"/>
  <Kunden KundenNr="4020" KundEigtNr="4284" KundArt="2" KundStatus="3" KundAufDat="1998-01-13"/>
  <Kunden KundenNr="4021" KundEigtNr="4285" KundArt="8" KundStatus="3" KundAufDat="1998-01-13"/>
  <Kunden KundenNr="4022" KundEigtNr="4286" KundArt="2" KundStatus="3" KundAufDat="1998-01-13"/>
  <Kunden KundenNr="4023" KundEigtNr="4287" KundArt="8" KundStatus="3" KundAufDat="1998-01-13"/>
  <Kunden KundenNr="4024" KundEigtNr="4288" KundArt="29" KundStatus="1" KundAufDat="1998-01-13"/>
  <Kunden KundenNr="4025" KundEigtNr="2693" KundArt="2" KundStatus="1" KundAufDat="1998-01-13"/>
  <Kunden KundenNr="4026" KundEigtNr="4289" KundArt="2" KundStatus="3" KundAufDat="1998-01-13"/>
  <Kunden KundenNr="4027" KundEigtNr="4290" KundArt="2" KundStatus="3" KundAufDat="1998-01-13"/>
  <Kunden KundenNr="4028" KundEigtNr="4437" KundArt="2" KundStatus="3" KundAufDat="1998-01-13"/>
  <Kunden KundenNr="4029" KundEigtNr="2712" KundArt="16" KundStatus="3" KundAufDat="1998-01-13"/>
  <Kunden KundenNr="4030" KundEigtNr="4292" KundArt="2" KundStatus="3" KundAufDat="1998-01-13"/>
  <Kunden KundenNr="4031" KundEigtNr="4293" KundArt="2" KundStatus="3" KundAufDat="1998-01-13"/>
  <Kunden KundenNr="4032" KundEigtNr="4294" KundArt="2" KundStatus="3" KundAufDat="1998-01-13"/>
  <Kunden KundenNr="4033" KundEigtNr="4295" KundArt="2" KundStatus="3" KundAufDat="1998-01-13"/>
  <Kunden KundenNr="4034" KundEigtNr="4296" KundArt="2" KundStatus="3" KundAufDat="1998-01-13"/>
  <Kunden KundenNr="4035" KundEigtNr="4297" KundArt="4" KundStatus="3" KundAufDat="1998-01-13"/>
  <Kunden KundenNr="4037" KundEigtNr="4298" KundArt="3" KundStatus="3" KundAufDat="1998-01-14"/>
  <Kunden KundenNr="4038" KundEigtNr="4299" KundArt="8" KundStatus="3" KundAufDat="1998-01-14"/>
  <Kunden KundenNr="4039" KundEigtNr="4300" KundArt="8" KundStatus="3" KundAufDat="1998-01-14"/>
  <Kunden KundenNr="4040" KundEigtNr="4301" KundArt="8" KundStatus="3" KundAufDat="1998-01-14"/>
  <Kunden KundenNr="4041" KundEigtNr="4302" KundArt="5" KundStatus="3" KundAufDat="1998-01-14"/>
  <Kunden KundenNr="4042" KundEigtNr="4303" KundArt="2" KundStatus="3" KundAufDat="1998-01-15"/>
  <Kunden KundenNr="4043" KundEigtNr="4304" KundArt="4" KundStatus="3" KundAufDat="1998-01-15"/>
  <Kunden KundenNr="4044" KundEigtNr="4305" KundArt="2" KundStatus="3" KundAufDat="1998-01-15"/>
  <Kunden KundenNr="4045" KundEigtNr="4306" KundArt="4" KundStatus="3" KundAufDat="1998-01-15"/>
  <Kunden KundenNr="4046" KundEigtNr="4307" KundArt="8" KundStatus="1" KundAufDat="1998-01-16"/>
  <Kunden KundenNr="4047" KundEigtNr="4308" KundArt="8" KundStatus="3" KundAufDat="1998-01-16"/>
  <Kunden KundenNr="4048" KundEigtNr="3240" KundArt="16" KundStatus="1" KundAufDat="1998-01-16"/>
  <Kunden KundenNr="4049" KundEigtNr="4309" KundArt="8" KundStatus="3" KundAufDat="1998-01-16"/>
  <Kunden KundenNr="4050" KundEigtNr="4310" KundArt="8" KundStatus="3" KundAufDat="1998-01-16"/>
  <Kunden KundenNr="4051" KundEigtNr="4311" KundArt="3" KundStatus="3" KundAufDat="1998-01-16"/>
  <Kunden KundenNr="4052" KundEigtNr="4312" KundArt="8" KundStatus="1" KundAufDat="1998-01-16"/>
  <Kunden KundenNr="4053" KundEigtNr="4313" KundArt="8" KundStatus="1" KundAufDat="1998-01-16"/>
  <Kunden KundenNr="4054" KundEigtNr="4314" KundArt="8" KundStatus="3" KundAufDat="1998-01-16"/>
  <Kunden KundenNr="4055" KundEigtNr="4315" KundArt="1" KundStatus="3" KundAufDat="1998-01-16"/>
  <Kunden KundenNr="4056" KundEigtNr="4316" KundArt="3" KundStatus="3" KundAufDat="1998-01-19"/>
  <Kunden KundenNr="4057" KundEigtNr="4317" KundArt="2" KundStatus="3" KundAufDat="1998-01-19"/>
  <Kunden KundenNr="4058" KundEigtNr="4318" KundArt="2" KundStatus="3" KundAufDat="1998-01-19"/>
  <Kunden KundenNr="4059" KundEigtNr="4319" KundArt="8" KundStatus="3" KundAufDat="1998-01-19"/>
  <Kunden KundenNr="4060" KundEigtNr="4320" KundArt="2" KundStatus="3" KundAufDat="1998-01-19"/>
  <Kunden KundenNr="4061" KundEigtNr="4321" KundArt="2" KundStatus="3" KundAufDat="1998-01-19"/>
  <Kunden KundenNr="4062" KundEigtNr="3907" KundArt="8" KundStatus="3" KundAufDat="1998-01-19"/>
  <Kunden KundenNr="4064" KundEigtNr="4323" KundArt="8" KundStatus="3" KundAufDat="1998-01-19"/>
  <Kunden KundenNr="4065" KundEigtNr="4324" KundArt="8" KundStatus="3" KundAufDat="1998-01-19"/>
  <Kunden KundenNr="4066" KundEigtNr="4325" KundArt="2" KundStatus="3" KundAufDat="1998-01-19"/>
  <Kunden KundenNr="4067" KundEigtNr="2532" KundArt="29" KundStatus="1" KundAufDat="1998-01-19"/>
  <Kunden KundenNr="4068" KundEigtNr="4326" KundArt="8" KundStatus="3" KundAufDat="1998-01-19"/>
  <Kunden KundenNr="4069" KundEigtNr="4326" KundArt="8" KundStatus="1" KundAufDat="1998-01-19"/>
  <Kunden KundenNr="4070" KundEigtNr="4327" KundArt="8" KundStatus="3" KundAufDat="1998-01-19"/>
  <Kunden KundenNr="4072" KundEigtNr="4259" KundArt="16" KundStatus="1" KundAufDat="1998-01-20"/>
  <Kunden KundenNr="4073" KundEigtNr="4259" KundArt="16" KundStatus="1" KundAufDat="1998-01-20"/>
  <Kunden KundenNr="4074" KundEigtNr="4259" KundArt="3" KundStatus="3" KundAufDat="1998-01-20"/>
  <Kunden KundenNr="4075" KundEigtNr="4330" KundArt="2" KundStatus="3" KundAufDat="1998-01-20"/>
  <Kunden KundenNr="4076" KundEigtNr="4331" KundArt="3" KundStatus="3" KundAufDat="1998-01-20"/>
  <Kunden KundenNr="4077" KundEigtNr="4332" KundArt="8" KundStatus="3" KundAufDat="1998-01-20"/>
  <Kunden KundenNr="4078" KundEigtNr="4333" KundArt="2" KundStatus="3" KundAufDat="1998-01-21"/>
  <Kunden KundenNr="4079" KundEigtNr="4334" KundArt="29" KundStatus="1" KundAufDat="1998-01-21"/>
  <Kunden KundenNr="4080" KundEigtNr="4335" KundArt="29" KundStatus="1" KundAufDat="1998-01-21"/>
  <Kunden KundenNr="4081" KundEigtNr="4336" KundArt="29" KundStatus="1" KundAufDat="1998-01-21"/>
  <Kunden KundenNr="4082" KundEigtNr="4337" KundArt="8" KundStatus="3" KundAufDat="1998-01-21"/>
  <Kunden KundenNr="4083" KundEigtNr="4338" KundArt="1" KundStatus="3" KundAufDat="1998-01-21"/>
  <Kunden KundenNr="4086" KundEigtNr="4339" KundArt="8" KundStatus="3" KundAufDat="1998-01-21"/>
  <Kunden KundenNr="4087" KundEigtNr="4340" KundArt="2" KundStatus="3" KundAufDat="1998-01-22"/>
  <Kunden KundenNr="4088" KundEigtNr="4341" KundArt="4" KundStatus="3" KundAufDat="1998-01-22"/>
  <Kunden KundenNr="4089" KundEigtNr="4342" KundArt="8" KundStatus="3" KundAufDat="1998-01-22"/>
  <Kunden KundenNr="4091" KundEigtNr="4344" KundArt="29" KundStatus="1" KundAufDat="1998-01-23"/>
  <Kunden KundenNr="4092" KundEigtNr="4345" KundArt="29" KundStatus="1" KundAufDat="1998-01-23"/>
  <Kunden KundenNr="4093" KundEigtNr="4346" KundArt="4" KundStatus="3" KundAufDat="1998-01-24"/>
  <Kunden KundenNr="4097" KundEigtNr="4350" KundArt="4" KundStatus="3" KundAufDat="1998-01-26"/>
  <Kunden KundenNr="4098" KundEigtNr="4351" KundArt="4" KundStatus="3" KundAufDat="1998-01-26"/>
  <Kunden KundenNr="4099" KundEigtNr="4352" KundArt="4" KundStatus="3" KundAufDat="1998-01-26"/>
  <Kunden KundenNr="4100" KundEigtNr="4353" KundArt="29" KundStatus="1" KundAufDat="1998-01-26"/>
  <Kunden KundenNr="4101" KundEigtNr="4354" KundArt="1" KundStatus="3" KundAufDat="1998-01-26"/>
  <Kunden KundenNr="4102" KundEigtNr="4355" KundArt="8" KundStatus="3" KundAufDat="1998-01-26"/>
  <Kunden KundenNr="4103" KundEigtNr="4356" KundArt="3" KundStatus="3" KundAufDat="1998-01-26"/>
  <Kunden KundenNr="4104" KundEigtNr="4357" KundArt="4" KundStatus="3" KundAufDat="1998-01-26"/>
  <Kunden KundenNr="4105" KundEigtNr="4358" KundArt="4" KundStatus="3" KundAufDat="1998-01-26"/>
  <Kunden KundenNr="4106" KundEigtNr="4359" KundArt="4" KundStatus="3" KundAufDat="1998-01-26"/>
  <Kunden KundenNr="4107" KundEigtNr="4360" KundArt="4" KundStatus="3" KundAufDat="1998-01-26"/>
  <Kunden KundenNr="4108" KundEigtNr="4361" KundArt="4" KundStatus="3" KundAufDat="1998-01-26"/>
  <Kunden KundenNr="4109" KundEigtNr="4362" KundArt="4" KundStatus="3" KundAufDat="1998-01-26"/>
  <Kunden KundenNr="4110" KundEigtNr="4363" KundArt="4" KundStatus="3" KundAufDat="1998-01-26"/>
  <Kunden KundenNr="4111" KundEigtNr="4364" KundArt="4" KundStatus="3" KundAufDat="1998-01-26"/>
  <Kunden KundenNr="4112" KundEigtNr="4365" KundArt="4" KundStatus="3" KundAufDat="1998-01-26"/>
  <Kunden KundenNr="4113" KundEigtNr="4366" KundArt="4" KundStatus="3" KundAufDat="1998-01-26"/>
  <Kunden KundenNr="4114" KundEigtNr="4367" KundArt="2" KundStatus="3" KundAufDat="1998-01-26"/>
  <Kunden KundenNr="4115" KundEigtNr="4368" KundArt="4" KundStatus="3" KundAufDat="1998-01-26"/>
  <Kunden KundenNr="4116" KundEigtNr="4369" KundArt="4" KundStatus="3" KundAufDat="1998-01-26"/>
  <Kunden KundenNr="4117" KundEigtNr="4370" KundArt="8" KundStatus="3" KundAufDat="1998-01-26"/>
  <Kunden KundenNr="4118" KundEigtNr="4371" KundArt="8" KundStatus="3" KundAufDat="1998-01-26"/>
  <Kunden KundenNr="4119" KundEigtNr="4372" KundArt="4" KundStatus="3" KundAufDat="1998-01-26"/>
  <Kunden KundenNr="4120" KundEigtNr="4373" KundArt="4" KundStatus="3" KundAufDat="1998-01-26"/>
  <Kunden KundenNr="4121" KundEigtNr="4374" KundArt="4" KundStatus="3" KundAufDat="1998-01-26"/>
  <Kunden KundenNr="4122" KundEigtNr="4375" KundArt="4" KundStatus="3" KundAufDat="1998-01-26"/>
  <Kunden KundenNr="4123" KundEigtNr="4376" KundArt="4" KundStatus="3" KundAufDat="1998-01-26"/>
  <Kunden KundenNr="4124" KundEigtNr="4377" KundArt="4" KundStatus="3" KundAufDat="1998-01-26"/>
  <Kunden KundenNr="4125" KundEigtNr="4378" KundArt="4" KundStatus="3" KundAufDat="1998-01-26"/>
  <Kunden KundenNr="4126" KundEigtNr="4379" KundArt="4" KundStatus="3" KundAufDat="1998-01-26"/>
  <Kunden KundenNr="4127" KundEigtNr="4380" KundArt="4" KundStatus="3" KundAufDat="1998-01-26"/>
  <Kunden KundenNr="4128" KundEigtNr="4381" KundArt="4" KundStatus="3" KundAufDat="1998-01-26"/>
  <Kunden KundenNr="4129" KundEigtNr="4382" KundArt="4" KundStatus="3" KundAufDat="1998-01-26"/>
  <Kunden KundenNr="4130" KundEigtNr="4383" KundArt="8" KundStatus="1" KundAufDat="1998-01-26"/>
  <Kunden KundenNr="4131" KundEigtNr="4384" KundArt="4" KundStatus="3" KundAufDat="1998-01-26"/>
  <Kunden KundenNr="4132" KundEigtNr="4385" KundArt="4" KundStatus="3" KundAufDat="1998-01-26"/>
  <Kunden KundenNr="4133" KundEigtNr="4386" KundArt="4" KundStatus="3" KundAufDat="1998-01-26"/>
  <Kunden KundenNr="4134" KundEigtNr="4387" KundArt="8" KundStatus="3" KundAufDat="1998-01-26"/>
  <Kunden KundenNr="4135" KundEigtNr="4388" KundArt="3" KundStatus="3" KundAufDat="1998-01-26"/>
  <Kunden KundenNr="4136" KundEigtNr="4389" KundArt="3" KundStatus="3" KundAufDat="1998-01-27"/>
  <Kunden KundenNr="4137" KundEigtNr="4390" KundArt="8" KundStatus="3" KundAufDat="1998-01-27"/>
  <Kunden KundenNr="4138" KundEigtNr="4391" KundArt="4" KundStatus="3" KundAufDat="1998-01-27"/>
  <Kunden KundenNr="4139" KundEigtNr="4392" KundArt="4" KundStatus="3" KundAufDat="1998-01-27"/>
  <Kunden KundenNr="4140" KundEigtNr="4393" KundArt="4" KundStatus="3" KundAufDat="1998-01-27"/>
  <Kunden KundenNr="4141" KundEigtNr="4394" KundArt="4" KundStatus="3" KundAufDat="1998-01-27"/>
  <Kunden KundenNr="4142" KundEigtNr="4395" KundArt="4" KundStatus="3" KundAufDat="1998-01-27"/>
  <Kunden KundenNr="4143" KundEigtNr="4396" KundArt="4" KundStatus="3" KundAufDat="1998-01-27"/>
  <Kunden KundenNr="4144" KundEigtNr="4397" KundArt="29" KundStatus="1" KundAufDat="1998-01-27"/>
  <Kunden KundenNr="4145" KundEigtNr="4398" KundArt="8" KundStatus="3" KundAufDat="1998-01-27"/>
  <Kunden KundenNr="4146" KundEigtNr="4399" KundArt="4" KundStatus="3" KundAufDat="1998-01-27"/>
  <Kunden KundenNr="4147" KundEigtNr="4400" KundArt="1" KundStatus="1" KundAufDat="1998-01-27"/>
  <Kunden KundenNr="4148" KundEigtNr="4401" KundArt="1" KundStatus="1" KundAufDat="1998-01-27"/>
  <Kunden KundenNr="4149" KundEigtNr="4402" KundArt="1" KundStatus="1" KundAufDat="1998-01-27"/>
  <Kunden KundenNr="4150" KundEigtNr="4403" KundArt="1" KundStatus="1" KundAufDat="1998-01-27"/>
  <Kunden KundenNr="4151" KundEigtNr="4404" KundArt="1" KundStatus="1" KundAufDat="1998-01-27"/>
  <Kunden KundenNr="4152" KundEigtNr="4405" KundArt="1" KundStatus="1" KundAufDat="1998-01-27"/>
  <Kunden KundenNr="4153" KundEigtNr="4406" KundArt="1" KundStatus="1" KundAufDat="1998-01-27"/>
  <Kunden KundenNr="4154" KundEigtNr="4407" KundArt="1" KundStatus="1" KundAufDat="1998-01-27"/>
  <Kunden KundenNr="4155" KundEigtNr="4408" KundArt="8" KundStatus="3" KundAufDat="1998-01-28"/>
  <Kunden KundenNr="4156" KundEigtNr="4409" KundArt="8" KundStatus="3" KundAufDat="1998-01-28"/>
  <Kunden KundenNr="4157" KundEigtNr="4410" KundArt="8" KundStatus="3" KundAufDat="1998-01-28"/>
  <Kunden KundenNr="4158" KundEigtNr="4411" KundArt="3" KundStatus="3" KundAufDat="1998-01-28"/>
  <Kunden KundenNr="4159" KundEigtNr="4412" KundArt="8" KundStatus="1" KundAufDat="1998-01-28"/>
  <Kunden KundenNr="4160" KundEigtNr="4413" KundArt="4" KundStatus="3" KundAufDat="1998-01-28"/>
  <Kunden KundenNr="4161" KundEigtNr="4414" KundArt="4" KundStatus="3" KundAufDat="1998-01-29"/>
  <Kunden KundenNr="4162" KundEigtNr="4415" KundArt="29" KundStatus="1" KundAufDat="1998-01-29"/>
  <Kunden KundenNr="4163" KundEigtNr="4416" KundArt="29" KundStatus="1" KundAufDat="1998-01-29"/>
  <Kunden KundenNr="4164" KundEigtNr="7560" KundArt="29" KundStatus="1" KundAufDat="1998-01-29"/>
  <Kunden KundenNr="4165" KundEigtNr="4452" KundArt="4" KundStatus="3" KundAufDat="1998-01-29"/>
  <Kunden KundenNr="4167" KundEigtNr="2357" KundArt="1" KundStatus="3" KundAufDat="1998-01-29"/>
  <Kunden KundenNr="4168" KundEigtNr="4419" KundArt="4" KundStatus="3" KundAufDat="1998-01-30"/>
  <Kunden KundenNr="4169" KundEigtNr="4420" KundArt="4" KundStatus="3" KundAufDat="1998-01-30"/>
  <Kunden KundenNr="4170" KundEigtNr="4421" KundArt="29" KundStatus="1" KundAufDat="1998-01-30"/>
  <Kunden KundenNr="4171" KundEigtNr="4422" KundArt="4" KundStatus="3" KundAufDat="1998-01-30"/>
  <Kunden KundenNr="4172" KundEigtNr="4423" KundArt="2" KundStatus="3" KundAufDat="1998-02-02"/>
  <Kunden KundenNr="4173" KundEigtNr="4424" KundArt="8" KundStatus="3" KundAufDat="1998-02-02"/>
  <Kunden KundenNr="4174" KundEigtNr="4425" KundArt="4" KundStatus="3" KundAufDat="1998-02-02"/>
  <Kunden KundenNr="4175" KundEigtNr="4426" KundArt="4" KundStatus="3" KundAufDat="1998-02-02"/>
  <Kunden KundenNr="4176" KundEigtNr="4427" KundArt="3" KundStatus="3" KundAufDat="1998-02-02"/>
  <Kunden KundenNr="4177" KundEigtNr="4428" KundArt="4" KundStatus="3" KundAufDat="1998-02-02"/>
  <Kunden KundenNr="4178" KundEigtNr="4429" KundArt="3" KundStatus="3" KundAufDat="1998-02-02"/>
  <Kunden KundenNr="4179" KundEigtNr="4430" KundArt="3" KundStatus="3" KundAufDat="1998-02-02"/>
  <Kunden KundenNr="4180" KundEigtNr="4431" KundArt="8" KundStatus="1" KundAufDat="1998-02-02"/>
  <Kunden KundenNr="4181" KundEigtNr="4432" KundArt="8" KundStatus="1" KundAufDat="1998-02-02"/>
  <Kunden KundenNr="4182" KundEigtNr="4433" KundArt="2" KundStatus="3" KundAufDat="1998-02-02"/>
  <Kunden KundenNr="4183" KundEigtNr="4434" KundArt="2" KundStatus="3" KundAufDat="1998-02-02"/>
  <Kunden KundenNr="4184" KundEigtNr="4435" KundArt="8" KundStatus="3" KundAufDat="1998-02-02"/>
  <Kunden KundenNr="4185" KundEigtNr="4436" KundArt="2" KundStatus="3" KundAufDat="1998-02-04"/>
  <Kunden KundenNr="4186" KundEigtNr="4437" KundArt="2" KundStatus="3" KundAufDat="1998-02-04"/>
  <Kunden KundenNr="4187" KundEigtNr="4438" KundArt="2" KundStatus="3" KundAufDat="1998-02-04"/>
  <Kunden KundenNr="4188" KundEigtNr="4439" KundArt="2" KundStatus="3" KundAufDat="1998-02-04"/>
  <Kunden KundenNr="4189" KundEigtNr="4440" KundArt="2" KundStatus="3" KundAufDat="1998-02-04"/>
  <Kunden KundenNr="4191" KundEigtNr="4442" KundArt="2" KundStatus="3" KundAufDat="1998-02-04"/>
  <Kunden KundenNr="4192" KundEigtNr="4443" KundArt="2" KundStatus="3" KundAufDat="1998-02-04"/>
  <Kunden KundenNr="4193" KundEigtNr="4444" KundArt="2" KundStatus="3" KundAufDat="1998-02-04"/>
  <Kunden KundenNr="4194" KundEigtNr="4445" KundArt="2" KundStatus="3" KundAufDat="1998-02-04"/>
  <Kunden KundenNr="4196" KundEigtNr="4447" KundArt="2" KundStatus="3" KundAufDat="1998-02-04"/>
  <Kunden KundenNr="4197" KundEigtNr="4448" KundArt="2" KundStatus="1" KundAufDat="1998-02-04"/>
  <Kunden KundenNr="4198" KundEigtNr="4449" KundArt="2" KundStatus="3" KundAufDat="1998-02-04"/>
  <Kunden KundenNr="4199" KundEigtNr="4450" KundArt="2" KundStatus="3" KundAufDat="1998-02-04"/>
  <Kunden KundenNr="4200" KundEigtNr="4451" KundArt="2" KundStatus="3" KundAufDat="1998-02-04"/>
  <Kunden KundenNr="4201" KundEigtNr="4452" KundArt="2" KundStatus="3" KundAufDat="1998-02-04"/>
  <Kunden KundenNr="4202" KundEigtNr="4453" KundArt="29" KundStatus="3" KundAufDat="1998-02-04"/>
  <Kunden KundenNr="4203" KundEigtNr="4454" KundArt="2" KundStatus="3" KundAufDat="1998-02-04"/>
  <Kunden KundenNr="4204" KundEigtNr="4455" KundArt="2" KundStatus="3" KundAufDat="1998-02-04"/>
  <Kunden KundenNr="4205" KundEigtNr="4456" KundArt="2" KundStatus="3" KundAufDat="1998-02-04"/>
  <Kunden KundenNr="4206" KundEigtNr="4457" KundArt="4" KundStatus="3" KundAufDat="1998-02-04"/>
  <Kunden KundenNr="4207" KundEigtNr="4458" KundArt="2" KundStatus="3" KundAufDat="1998-02-04"/>
  <Kunden KundenNr="4208" KundEigtNr="4326" KundArt="1" KundStatus="3" KundAufDat="1998-02-04"/>
  <Kunden KundenNr="4209" KundEigtNr="4459" KundArt="2" KundStatus="3" KundAufDat="1998-02-05"/>
  <Kunden KundenNr="4210" KundEigtNr="4460" KundArt="29" KundStatus="1" KundAufDat="1998-02-05"/>
  <Kunden KundenNr="4211" KundEigtNr="4461" KundArt="2" KundStatus="3" KundAufDat="1998-02-05"/>
  <Kunden KundenNr="4212" KundEigtNr="4462" KundArt="29" KundStatus="1" KundAufDat="1998-02-05"/>
  <Kunden KundenNr="4213" KundEigtNr="4463" KundArt="8" KundStatus="3" KundAufDat="1998-02-06"/>
  <Kunden KundenNr="4214" KundEigtNr="4464" KundArt="8" KundStatus="1" KundAufDat="1998-02-06"/>
  <Kunden KundenNr="4215" KundEigtNr="4465" KundArt="4" KundStatus="3" KundAufDat="1998-02-06"/>
  <Kunden KundenNr="4216" KundEigtNr="4466" KundArt="2" KundStatus="3" KundAufDat="1998-02-09"/>
  <Kunden KundenNr="4217" KundEigtNr="4467" KundArt="2" KundStatus="3" KundAufDat="1998-02-09"/>
  <Kunden KundenNr="4218" KundEigtNr="4468" KundArt="4" KundStatus="3" KundAufDat="1998-02-09"/>
  <Kunden KundenNr="4219" KundEigtNr="4469" KundArt="4" KundStatus="3" KundAufDat="1998-02-09"/>
  <Kunden KundenNr="4220" KundEigtNr="4470" KundArt="2" KundStatus="3" KundAufDat="1998-02-09"/>
  <Kunden KundenNr="4221" KundEigtNr="4471" KundArt="2" KundStatus="1" KundAufDat="1998-02-09"/>
  <Kunden KundenNr="4222" KundEigtNr="4472" KundArt="2" KundStatus="3" KundAufDat="1998-02-09"/>
  <Kunden KundenNr="4223" KundEigtNr="4473" KundArt="2" KundStatus="3" KundAufDat="1998-02-09"/>
  <Kunden KundenNr="4224" KundEigtNr="4474" KundArt="2" KundStatus="3" KundAufDat="1998-02-09"/>
  <Kunden KundenNr="4225" KundEigtNr="4475" KundArt="2" KundStatus="3" KundAufDat="1998-02-09"/>
  <Kunden KundenNr="4226" KundEigtNr="4476" KundArt="2" KundStatus="3" KundAufDat="1998-02-09"/>
  <Kunden KundenNr="4227" KundEigtNr="4477" KundArt="2" KundStatus="3" KundAufDat="1998-02-09"/>
  <Kunden KundenNr="4228" KundEigtNr="4478" KundArt="2" KundStatus="3" KundAufDat="1998-02-09"/>
  <Kunden KundenNr="4229" KundEigtNr="4478" KundArt="2" KundStatus="3" KundAufDat="1998-02-09"/>
  <Kunden KundenNr="4230" KundEigtNr="4479" KundArt="2" KundStatus="3" KundAufDat="1998-02-09"/>
  <Kunden KundenNr="4231" KundEigtNr="4480" KundArt="2" KundStatus="3" KundAufDat="1998-02-09"/>
  <Kunden KundenNr="4232" KundEigtNr="4481" KundArt="29" KundStatus="1" KundAufDat="1998-02-09"/>
  <Kunden KundenNr="4233" KundEigtNr="4449" KundArt="16" KundStatus="1" KundAufDat="1998-02-09"/>
  <Kunden KundenNr="4234" KundEigtNr="4482" KundArt="4" KundStatus="3" KundAufDat="1998-02-09"/>
  <Kunden KundenNr="4235" KundEigtNr="4483" KundArt="4" KundStatus="3" KundAufDat="1998-02-09"/>
  <Kunden KundenNr="4236" KundEigtNr="4484" KundArt="4" KundStatus="3" KundAufDat="1998-02-09"/>
  <Kunden KundenNr="4237" KundEigtNr="4485" KundArt="4" KundStatus="3" KundAufDat="1998-02-09"/>
  <Kunden KundenNr="4238" KundEigtNr="4486" KundArt="4" KundStatus="3" KundAufDat="1998-02-09"/>
  <Kunden KundenNr="4240" KundEigtNr="4488" KundArt="4" KundStatus="3" KundAufDat="1998-02-09"/>
  <Kunden KundenNr="4241" KundEigtNr="4489" KundArt="2" KundStatus="3" KundAufDat="1998-02-09"/>
  <Kunden KundenNr="4242" KundEigtNr="4490" KundArt="2" KundStatus="3" KundAufDat="1998-02-09"/>
  <Kunden KundenNr="4243" KundEigtNr="4491" KundArt="8" KundStatus="3" KundAufDat="1998-02-09"/>
  <Kunden KundenNr="4244" KundEigtNr="4492" KundArt="2" KundStatus="3" KundAufDat="1998-02-09"/>
  <Kunden KundenNr="4245" KundEigtNr="4493" KundArt="2" KundStatus="3" KundAufDat="1998-02-10"/>
  <Kunden KundenNr="4246" KundEigtNr="4494" KundArt="2" KundStatus="1" KundAufDat="1998-02-10"/>
  <Kunden KundenNr="4247" KundEigtNr="4495" KundArt="2" KundStatus="3" KundAufDat="1998-02-10"/>
  <Kunden KundenNr="4248" KundEigtNr="4496" KundArt="2" KundStatus="3" KundAufDat="1998-02-10"/>
  <Kunden KundenNr="4249" KundEigtNr="4497" KundArt="2" KundStatus="3" KundAufDat="1998-02-10"/>
  <Kunden KundenNr="4250" KundEigtNr="4498" KundArt="2" KundStatus="3" KundAufDat="1998-02-10"/>
  <Kunden KundenNr="4251" KundEigtNr="4499" KundArt="2" KundStatus="3" KundAufDat="1998-02-10"/>
  <Kunden KundenNr="4252" KundEigtNr="4500" KundArt="1" KundStatus="3" KundAufDat="1998-02-10"/>
  <Kunden KundenNr="4253" KundEigtNr="4501" KundArt="1" KundStatus="3" KundAufDat="1998-02-10"/>
  <Kunden KundenNr="4254" KundEigtNr="4489" KundArt="4" KundStatus="3" KundAufDat="1998-02-10"/>
  <Kunden KundenNr="4255" KundEigtNr="4503" KundArt="4" KundStatus="3" KundAufDat="1998-02-10"/>
  <Kunden KundenNr="4256" KundEigtNr="4504" KundArt="4" KundStatus="3" KundAufDat="1998-02-10"/>
  <Kunden KundenNr="4258" KundEigtNr="4505" KundArt="2" KundStatus="3" KundAufDat="1998-02-10"/>
  <Kunden KundenNr="4259" KundEigtNr="4506" KundArt="2" KundStatus="3" KundAufDat="1998-02-10"/>
  <Kunden KundenNr="4260" KundEigtNr="294" KundArt="29" KundStatus="1" KundAufDat="1998-02-11"/>
  <Kunden KundenNr="4261" KundEigtNr="4507" KundArt="2" KundStatus="1" KundAufDat="1998-02-11"/>
  <Kunden KundenNr="4262" KundEigtNr="4508" KundArt="2" KundStatus="3" KundAufDat="1998-02-11"/>
  <Kunden KundenNr="4263" KundEigtNr="4511" KundArt="2" KundStatus="1" KundAufDat="1998-02-11"/>
  <Kunden KundenNr="4264" KundEigtNr="4513" KundArt="29" KundStatus="1" KundAufDat="1998-02-11"/>
  <Kunden KundenNr="4265" KundEigtNr="4514" KundArt="16" KundStatus="1" KundAufDat="1998-02-12"/>
  <Kunden KundenNr="4266" KundEigtNr="4515" KundArt="29" KundStatus="1" KundAufDat="1998-02-12"/>
  <Kunden KundenNr="4267" KundEigtNr="4516" KundArt="2" KundStatus="3" KundAufDat="1998-02-12"/>
  <Kunden KundenNr="4268" KundEigtNr="4517" KundArt="29" KundStatus="3" KundAufDat="1998-02-12"/>
  <Kunden KundenNr="4269" KundEigtNr="4518" KundArt="2" KundStatus="3" KundAufDat="1998-02-13"/>
  <Kunden KundenNr="4270" KundEigtNr="4519" KundArt="4" KundStatus="3" KundAufDat="1998-02-16"/>
  <Kunden KundenNr="4271" KundEigtNr="4520" KundArt="4" KundStatus="3" KundAufDat="1998-02-16"/>
  <Kunden KundenNr="4272" KundEigtNr="4249" KundArt="4" KundStatus="3" KundAufDat="1998-02-16"/>
  <Kunden KundenNr="4273" KundEigtNr="4521" KundArt="4" KundStatus="3" KundAufDat="1998-02-16"/>
  <Kunden KundenNr="4274" KundEigtNr="4522" KundArt="4" KundStatus="3" KundAufDat="1998-02-16"/>
  <Kunden KundenNr="4275" KundEigtNr="4523" KundArt="4" KundStatus="3" KundAufDat="1998-02-16"/>
  <Kunden KundenNr="4276" KundEigtNr="4524" KundArt="4" KundStatus="3" KundAufDat="1998-02-16"/>
  <Kunden KundenNr="4277" KundEigtNr="4525" KundArt="4" KundStatus="3" KundAufDat="1998-02-16"/>
  <Kunden KundenNr="4278" KundEigtNr="4526" KundArt="4" KundStatus="3" KundAufDat="1998-02-16"/>
  <Kunden KundenNr="4279" KundEigtNr="4527" KundArt="4" KundStatus="3" KundAufDat="1998-02-16"/>
  <Kunden KundenNr="4280" KundEigtNr="4528" KundArt="4" KundStatus="3" KundAufDat="1998-02-16"/>
  <Kunden KundenNr="4281" KundEigtNr="4529" KundArt="4" KundStatus="3" KundAufDat="1998-02-16"/>
  <Kunden KundenNr="4282" KundEigtNr="4530" KundArt="4" KundStatus="3" KundAufDat="1998-02-16"/>
  <Kunden KundenNr="4283" KundEigtNr="4531" KundArt="4" KundStatus="3" KundAufDat="1998-02-16"/>
  <Kunden KundenNr="4284" KundEigtNr="4532" KundArt="1" KundStatus="3" KundAufDat="1998-02-16"/>
  <Kunden KundenNr="4285" KundEigtNr="4533" KundArt="2" KundStatus="1" KundAufDat="1998-02-16"/>
  <Kunden KundenNr="4286" KundEigtNr="4534" KundArt="4" KundStatus="3" KundAufDat="1998-02-16"/>
  <Kunden KundenNr="4287" KundEigtNr="3014" KundArt="29" KundStatus="1" KundAufDat="1998-02-16"/>
  <Kunden KundenNr="4288" KundEigtNr="4535" KundArt="4" KundStatus="3" KundAufDat="1998-02-16"/>
  <Kunden KundenNr="4289" KundEigtNr="4536" KundArt="2" KundStatus="3" KundAufDat="1998-02-16"/>
  <Kunden KundenNr="4290" KundEigtNr="4537" KundArt="2" KundStatus="3" KundAufDat="1998-02-16"/>
  <Kunden KundenNr="4291" KundEigtNr="4538" KundArt="2" KundStatus="3" KundAufDat="1998-02-16"/>
  <Kunden KundenNr="4293" KundEigtNr="4540" KundArt="4" KundStatus="3" KundAufDat="1998-02-16"/>
  <Kunden KundenNr="4295" KundEigtNr="4541" KundArt="4" KundStatus="3" KundAufDat="1998-02-16"/>
  <Kunden KundenNr="4296" KundEigtNr="4542" KundArt="1" KundStatus="3" KundAufDat="1998-02-16"/>
  <Kunden KundenNr="4297" KundEigtNr="4543" KundArt="4" KundStatus="3" KundAufDat="1998-02-16"/>
  <Kunden KundenNr="4298" KundEigtNr="4544" KundArt="2" KundStatus="3" KundAufDat="1998-02-17"/>
  <Kunden KundenNr="4299" KundEigtNr="4545" KundArt="2" KundStatus="3" KundAufDat="1998-02-17"/>
  <Kunden KundenNr="4300" KundEigtNr="4546" KundArt="2" KundStatus="3" KundAufDat="1998-02-17"/>
  <Kunden KundenNr="4301" KundEigtNr="4547" KundArt="2" KundStatus="3" KundAufDat="1998-02-17"/>
  <Kunden KundenNr="4302" KundEigtNr="4548" KundArt="1" KundStatus="3" KundAufDat="1998-02-17"/>
  <Kunden KundenNr="4303" KundEigtNr="4549" KundArt="4" KundStatus="3" KundAufDat="1998-02-18"/>
  <Kunden KundenNr="4304" KundEigtNr="4550" KundArt="4" KundStatus="3" KundAufDat="1998-02-18"/>
  <Kunden KundenNr="4305" KundEigtNr="4551" KundArt="4" KundStatus="3" KundAufDat="1998-02-18"/>
  <Kunden KundenNr="4306" KundEigtNr="4552" KundArt="2" KundStatus="3" KundAufDat="1998-02-18"/>
  <Kunden KundenNr="4308" KundEigtNr="4554" KundArt="2" KundStatus="3" KundAufDat="1998-02-18"/>
  <Kunden KundenNr="4309" KundEigtNr="4555" KundArt="1" KundStatus="1" KundAufDat="1998-02-19"/>
  <Kunden KundenNr="4310" KundEigtNr="4556" KundArt="4" KundStatus="3" KundAufDat="1998-02-19"/>
  <Kunden KundenNr="4311" KundEigtNr="4557" KundArt="4" KundStatus="3" KundAufDat="1998-02-20"/>
  <Kunden KundenNr="4312" KundEigtNr="4558" KundArt="29" KundStatus="1" KundAufDat="1998-02-20"/>
  <Kunden KundenNr="4313" KundEigtNr="4559" KundArt="29" KundStatus="1" KundAufDat="1998-02-20"/>
  <Kunden KundenNr="4314" KundEigtNr="4560" KundArt="29" KundStatus="1" KundAufDat="1998-02-20"/>
  <Kunden KundenNr="4316" KundEigtNr="144" KundArt="29" KundStatus="1" KundAufDat="1998-02-20"/>
  <Kunden KundenNr="4317" KundEigtNr="4552" KundArt="8" KundStatus="3" KundAufDat="1998-02-21"/>
  <Kunden KundenNr="4318" KundEigtNr="4562" KundArt="8" KundStatus="3" KundAufDat="1998-02-21"/>
  <Kunden KundenNr="4319" KundEigtNr="2721" KundArt="8" KundStatus="3" KundAufDat="1998-02-21"/>
  <Kunden KundenNr="4320" KundEigtNr="4563" KundArt="29" KundStatus="1" KundAufDat="1998-02-23"/>
  <Kunden KundenNr="4321" KundEigtNr="4564" KundArt="2" KundStatus="3" KundAufDat="1998-02-23"/>
  <Kunden KundenNr="4322" KundEigtNr="4565" KundArt="2" KundStatus="3" KundAufDat="1998-02-23"/>
  <Kunden KundenNr="4323" KundEigtNr="4566" KundArt="2" KundStatus="3" KundAufDat="1998-02-23"/>
  <Kunden KundenNr="4324" KundEigtNr="4567" KundArt="2" KundStatus="3" KundAufDat="1998-02-23"/>
  <Kunden KundenNr="4325" KundEigtNr="4568" KundArt="2" KundStatus="3" KundAufDat="1998-02-23"/>
  <Kunden KundenNr="4326" KundEigtNr="4569" KundArt="2" KundStatus="3" KundAufDat="1998-02-23"/>
  <Kunden KundenNr="4327" KundEigtNr="4570" KundArt="2" KundStatus="3" KundAufDat="1998-02-23"/>
  <Kunden KundenNr="4328" KundEigtNr="4571" KundArt="2" KundStatus="3" KundAufDat="1998-02-24"/>
  <Kunden KundenNr="4329" KundEigtNr="4572" KundArt="2" KundStatus="3" KundAufDat="1998-02-24"/>
  <Kunden KundenNr="4330" KundEigtNr="4573" KundArt="2" KundStatus="3" KundAufDat="1998-02-24"/>
  <Kunden KundenNr="4331" KundEigtNr="4574" KundArt="2" KundStatus="3" KundAufDat="1998-02-24"/>
  <Kunden KundenNr="4332" KundEigtNr="4575" KundArt="2" KundStatus="1" KundAufDat="1998-02-24"/>
  <Kunden KundenNr="4333" KundEigtNr="4576" KundArt="2" KundStatus="3" KundAufDat="1998-02-24"/>
  <Kunden KundenNr="4334" KundEigtNr="4577" KundArt="8" KundStatus="3" KundAufDat="1998-02-24"/>
  <Kunden KundenNr="4335" KundEigtNr="4578" KundArt="8" KundStatus="3" KundAufDat="1998-02-24"/>
  <Kunden KundenNr="4336" KundEigtNr="4579" KundArt="29" KundStatus="1" KundAufDat="1998-02-24"/>
  <Kunden KundenNr="4337" KundEigtNr="4580" KundArt="8" KundStatus="3" KundAufDat="1998-02-24"/>
  <Kunden KundenNr="4338" KundEigtNr="4581" KundArt="1" KundStatus="1" KundAufDat="1998-02-25"/>
  <Kunden KundenNr="4339" KundEigtNr="4582" KundArt="4" KundStatus="3" KundAufDat="1998-02-25"/>
  <Kunden KundenNr="4343" KundEigtNr="4586" KundArt="8" KundStatus="3" KundAufDat="1998-02-26"/>
  <Kunden KundenNr="4344" KundEigtNr="4587" KundArt="8" KundStatus="3" KundAufDat="1998-02-26"/>
  <Kunden KundenNr="4345" KundEigtNr="4588" KundArt="8" KundStatus="3" KundAufDat="1998-02-26"/>
  <Kunden KundenNr="4346" KundEigtNr="4589" KundArt="8" KundStatus="3" KundAufDat="1998-02-26"/>
  <Kunden KundenNr="4347" KundEigtNr="4590" KundArt="8" KundStatus="3" KundAufDat="1998-02-26"/>
  <Kunden KundenNr="4348" KundEigtNr="4591" KundArt="2" KundStatus="3" KundAufDat="1998-02-26"/>
  <Kunden KundenNr="4349" KundEigtNr="4592" KundArt="8" KundStatus="3" KundAufDat="1998-02-26"/>
  <Kunden KundenNr="4350" KundEigtNr="4593" KundArt="17" KundStatus="3" KundAufDat="1998-02-26"/>
  <Kunden KundenNr="4351" KundEigtNr="4594" KundArt="8" KundStatus="3" KundAufDat="1998-02-26"/>
  <Kunden KundenNr="4352" KundEigtNr="4595" KundArt="4" KundStatus="3" KundAufDat="1998-02-26"/>
  <Kunden KundenNr="4353" KundEigtNr="4596" KundArt="8" KundStatus="3" KundAufDat="1998-02-26"/>
  <Kunden KundenNr="4354" KundEigtNr="4597" KundArt="4" KundStatus="3" KundAufDat="1998-03-02"/>
  <Kunden KundenNr="4355" KundEigtNr="4598" KundArt="4" KundStatus="3" KundAufDat="1998-03-02"/>
  <Kunden KundenNr="4356" KundEigtNr="4599" KundArt="4" KundStatus="3" KundAufDat="1998-03-02"/>
  <Kunden KundenNr="4357" KundEigtNr="4600" KundArt="4" KundStatus="3" KundAufDat="1998-03-02"/>
  <Kunden KundenNr="4358" KundEigtNr="4601" KundArt="4" KundStatus="3" KundAufDat="1998-03-02"/>
  <Kunden KundenNr="4359" KundEigtNr="4602" KundArt="4" KundStatus="3" KundAufDat="1998-03-02"/>
  <Kunden KundenNr="4360" KundEigtNr="4603" KundArt="4" KundStatus="3" KundAufDat="1998-03-02"/>
  <Kunden KundenNr="4361" KundEigtNr="4604" KundArt="2" KundStatus="3" KundAufDat="1998-03-02"/>
  <Kunden KundenNr="4362" KundEigtNr="4605" KundArt="4" KundStatus="3" KundAufDat="1998-03-02"/>
  <Kunden KundenNr="4363" KundEigtNr="4606" KundArt="4" KundStatus="3" KundAufDat="1998-03-02"/>
  <Kunden KundenNr="4364" KundEigtNr="4607" KundArt="4" KundStatus="3" KundAufDat="1998-03-02"/>
  <Kunden KundenNr="4365" KundEigtNr="4608" KundArt="4" KundStatus="3" KundAufDat="1998-03-02"/>
  <Kunden KundenNr="4366" KundEigtNr="4609" KundArt="4" KundStatus="3" KundAufDat="1998-03-02"/>
  <Kunden KundenNr="4367" KundEigtNr="4610" KundArt="4" KundStatus="3" KundAufDat="1998-03-02"/>
  <Kunden KundenNr="4368" KundEigtNr="4611" KundArt="4" KundStatus="3" KundAufDat="1998-03-02"/>
  <Kunden KundenNr="4369" KundEigtNr="4612" KundArt="4" KundStatus="3" KundAufDat="1998-03-02"/>
  <Kunden KundenNr="4370" KundEigtNr="4613" KundArt="2" KundStatus="3" KundAufDat="1998-03-02"/>
  <Kunden KundenNr="4371" KundEigtNr="4614" KundArt="2" KundStatus="3" KundAufDat="1998-03-02"/>
  <Kunden KundenNr="4372" KundEigtNr="4615" KundArt="2" KundStatus="1" KundAufDat="1998-03-02"/>
  <Kunden KundenNr="4373" KundEigtNr="4616" KundArt="2" KundStatus="3" KundAufDat="1998-03-02"/>
  <Kunden KundenNr="4374" KundEigtNr="4617" KundArt="4" KundStatus="3" KundAufDat="1998-03-02"/>
  <Kunden KundenNr="4375" KundEigtNr="4618" KundArt="2" KundStatus="3" KundAufDat="1998-03-02"/>
  <Kunden KundenNr="4376" KundEigtNr="4619" KundArt="4" KundStatus="3" KundAufDat="1998-03-03"/>
  <Kunden KundenNr="4377" KundEigtNr="4620" KundArt="29" KundStatus="1" KundAufDat="1998-03-04"/>
  <Kunden KundenNr="4378" KundEigtNr="4621" KundArt="29" KundStatus="1" KundAufDat="1998-03-04"/>
  <Kunden KundenNr="4379" KundEigtNr="4622" KundArt="4" KundStatus="3" KundAufDat="1998-03-04"/>
  <Kunden KundenNr="4380" KundEigtNr="4623" KundArt="1" KundStatus="3" KundAufDat="1998-03-05"/>
  <Kunden KundenNr="4381" KundEigtNr="4624" KundArt="4" KundStatus="3" KundAufDat="1998-03-05"/>
  <Kunden KundenNr="4382" KundEigtNr="4625" KundArt="2" KundStatus="3" KundAufDat="1998-03-05"/>
  <Kunden KundenNr="4383" KundEigtNr="4626" KundArt="4" KundStatus="3" KundAufDat="1998-03-05"/>
  <Kunden KundenNr="4384" KundEigtNr="4627" KundArt="29" KundStatus="1" KundAufDat="1998-03-06"/>
  <Kunden KundenNr="4385" KundEigtNr="4628" KundArt="4" KundStatus="3" KundAufDat="1998-03-06"/>
  <Kunden KundenNr="4386" KundEigtNr="4629" KundArt="1" KundStatus="3" KundAufDat="1998-03-07"/>
  <Kunden KundenNr="4387" KundEigtNr="4630" KundArt="1" KundStatus="3" KundAufDat="1998-03-07"/>
  <Kunden KundenNr="4390" KundEigtNr="4633" KundArt="2" KundStatus="3" KundAufDat="1998-03-09"/>
  <Kunden KundenNr="4391" KundEigtNr="4634" KundArt="2" KundStatus="3" KundAufDat="1998-03-09"/>
  <Kunden KundenNr="4392" KundEigtNr="4635" KundArt="2" KundStatus="3" KundAufDat="1998-03-09"/>
  <Kunden KundenNr="4393" KundEigtNr="4636" KundArt="2" KundStatus="3" KundAufDat="1998-03-09"/>
  <Kunden KundenNr="4394" KundEigtNr="4637" KundArt="1" KundStatus="1" KundAufDat="1998-03-09"/>
  <Kunden KundenNr="4395" KundEigtNr="4638" KundArt="1" KundStatus="3" KundAufDat="1998-03-09"/>
  <Kunden KundenNr="4396" KundEigtNr="4639" KundArt="1" KundStatus="3" KundAufDat="1998-03-09"/>
  <Kunden KundenNr="4397" KundEigtNr="4640" KundArt="2" KundStatus="3" KundAufDat="1998-03-09"/>
  <Kunden KundenNr="4398" KundEigtNr="4641" KundArt="2" KundStatus="3" KundAufDat="1998-03-09"/>
  <Kunden KundenNr="4399" KundEigtNr="4642" KundArt="2" KundStatus="3" KundAufDat="1998-03-10"/>
  <Kunden KundenNr="4400" KundEigtNr="4643" KundArt="2" KundStatus="3" KundAufDat="1998-03-10"/>
  <Kunden KundenNr="4401" KundEigtNr="4644" KundArt="1" KundStatus="3" KundAufDat="1998-03-10"/>
  <Kunden KundenNr="4402" KundEigtNr="4645" KundArt="1" KundStatus="3" KundAufDat="1998-03-10"/>
  <Kunden KundenNr="4403" KundEigtNr="4646" KundArt="1" KundStatus="3" KundAufDat="1998-03-10"/>
  <Kunden KundenNr="4404" KundEigtNr="4647" KundArt="2" KundStatus="3" KundAufDat="1998-03-10"/>
  <Kunden KundenNr="4405" KundEigtNr="4648" KundArt="2" KundStatus="3" KundAufDat="1998-03-10"/>
  <Kunden KundenNr="4406" KundEigtNr="4649" KundArt="2" KundStatus="3" KundAufDat="1998-03-10"/>
  <Kunden KundenNr="4407" KundEigtNr="4650" KundArt="2" KundStatus="3" KundAufDat="1998-03-10"/>
  <Kunden KundenNr="4408" KundEigtNr="4651" KundArt="2" KundStatus="3" KundAufDat="1998-03-11"/>
  <Kunden KundenNr="4409" KundEigtNr="4652" KundArt="29" KundStatus="1" KundAufDat="1998-03-11"/>
  <Kunden KundenNr="4410" KundEigtNr="4640" KundArt="29" KundStatus="1" KundAufDat="1998-03-11"/>
  <Kunden KundenNr="4411" KundEigtNr="4654" KundArt="2" KundStatus="3" KundAufDat="1998-03-11"/>
  <Kunden KundenNr="4412" KundEigtNr="4655" KundArt="2" KundStatus="3" KundAufDat="1998-03-11"/>
  <Kunden KundenNr="4413" KundEigtNr="4656" KundArt="8" KundStatus="3" KundAufDat="1998-03-11"/>
  <Kunden KundenNr="4414" KundEigtNr="4657" KundArt="29" KundStatus="3" KundAufDat="1998-03-12"/>
  <Kunden KundenNr="4415" KundEigtNr="4658" KundArt="2" KundStatus="3" KundAufDat="1998-03-12"/>
  <Kunden KundenNr="4416" KundEigtNr="4659" KundArt="2" KundStatus="3" KundAufDat="1998-03-13"/>
  <Kunden KundenNr="4417" KundEigtNr="4616" KundArt="29" KundStatus="1" KundAufDat="1998-03-13"/>
  <Kunden KundenNr="4419" KundEigtNr="4486" KundArt="29" KundStatus="1" KundAufDat="1998-03-16"/>
  <Kunden KundenNr="4420" KundEigtNr="4663" KundArt="1" KundStatus="3" KundAufDat="1998-03-16"/>
  <Kunden KundenNr="4421" KundEigtNr="4664" KundArt="1" KundStatus="3" KundAufDat="1998-03-16"/>
  <Kunden KundenNr="4422" KundEigtNr="4665" KundArt="1" KundStatus="3" KundAufDat="1998-03-16"/>
  <Kunden KundenNr="4423" KundEigtNr="4666" KundArt="1" KundStatus="3" KundAufDat="1998-03-16"/>
  <Kunden KundenNr="4424" KundEigtNr="4667" KundArt="1" KundStatus="3" KundAufDat="1998-03-16"/>
  <Kunden KundenNr="4425" KundEigtNr="4668" KundArt="8" KundStatus="1" KundAufDat="1998-03-16"/>
  <Kunden KundenNr="4426" KundEigtNr="4669" KundArt="29" KundStatus="1" KundAufDat="1998-03-16"/>
  <Kunden KundenNr="4427" KundEigtNr="4670" KundArt="29" KundStatus="3" KundAufDat="1998-03-16"/>
  <Kunden KundenNr="4428" KundEigtNr="4671" KundArt="2" KundStatus="3" KundAufDat="1998-03-16"/>
  <Kunden KundenNr="4429" KundEigtNr="4672" KundArt="29" KundStatus="3" KundAufDat="1998-03-16"/>
  <Kunden KundenNr="4431" KundEigtNr="4674" KundArt="1" KundStatus="1" KundAufDat="1998-03-17"/>
  <Kunden KundenNr="4433" KundEigtNr="4676" KundArt="8" KundStatus="3" KundAufDat="1998-03-17"/>
  <Kunden KundenNr="4434" KundEigtNr="4677" KundArt="1" KundStatus="1" KundAufDat="1998-03-17"/>
  <Kunden KundenNr="4435" KundEigtNr="4678" KundArt="1" KundStatus="1" KundAufDat="1998-03-17"/>
  <Kunden KundenNr="4436" KundEigtNr="2005" KundArt="29" KundStatus="1" KundAufDat="1998-03-17"/>
  <Kunden KundenNr="4437" KundEigtNr="4679" KundArt="2" KundStatus="3" KundAufDat="1998-03-17"/>
  <Kunden KundenNr="4439" KundEigtNr="4681" KundArt="29" KundStatus="3" KundAufDat="1998-03-17"/>
  <Kunden KundenNr="4440" KundEigtNr="4682" KundArt="8" KundStatus="1" KundAufDat="1998-03-18"/>
  <Kunden KundenNr="4441" KundEigtNr="4683" KundArt="8" KundStatus="3" KundAufDat="1998-03-18"/>
  <Kunden KundenNr="4442" KundEigtNr="4684" KundArt="8" KundStatus="1" KundAufDat="1998-03-18"/>
  <Kunden KundenNr="4443" KundEigtNr="4685" KundArt="29" KundStatus="3" KundAufDat="1998-03-18"/>
  <Kunden KundenNr="4444" KundEigtNr="4686" KundArt="2" KundStatus="3" KundAufDat="1998-03-19"/>
  <Kunden KundenNr="4445" KundEigtNr="4687" KundArt="29" KundStatus="3" KundAufDat="1998-03-19"/>
  <Kunden KundenNr="4446" KundEigtNr="4688" KundArt="29" KundStatus="1" KundAufDat="1998-03-21"/>
  <Kunden KundenNr="4447" KundEigtNr="4689" KundArt="29" KundStatus="1" KundAufDat="1998-03-21"/>
  <Kunden KundenNr="4448" KundEigtNr="4690" KundArt="29" KundStatus="1" KundAufDat="1998-03-21"/>
  <Kunden KundenNr="4449" KundEigtNr="4691" KundArt="4" KundStatus="3" KundAufDat="1998-03-23"/>
  <Kunden KundenNr="4450" KundEigtNr="4692" KundArt="4" KundStatus="3" KundAufDat="1998-03-23"/>
  <Kunden KundenNr="4451" KundEigtNr="4693" KundArt="4" KundStatus="3" KundAufDat="1998-03-23"/>
  <Kunden KundenNr="4452" KundEigtNr="4694" KundArt="4" KundStatus="3" KundAufDat="1998-03-23"/>
  <Kunden KundenNr="4453" KundEigtNr="4695" KundArt="4" KundStatus="3" KundAufDat="1998-03-23"/>
  <Kunden KundenNr="4454" KundEigtNr="4696" KundArt="4" KundStatus="3" KundAufDat="1998-03-23"/>
  <Kunden KundenNr="4455" KundEigtNr="4697" KundArt="4" KundStatus="3" KundAufDat="1998-03-23"/>
  <Kunden KundenNr="4456" KundEigtNr="4698" KundArt="4" KundStatus="3" KundAufDat="1998-03-23"/>
  <Kunden KundenNr="4457" KundEigtNr="4699" KundArt="8" KundStatus="3" KundAufDat="1998-03-23"/>
  <Kunden KundenNr="4458" KundEigtNr="4700" KundArt="1" KundStatus="3" KundAufDat="1998-03-23"/>
  <Kunden KundenNr="4459" KundEigtNr="4701" KundArt="8" KundStatus="3" KundAufDat="1998-03-24"/>
  <Kunden KundenNr="4460" KundEigtNr="2971" KundArt="8" KundStatus="1" KundAufDat="1998-03-24"/>
  <Kunden KundenNr="4461" KundEigtNr="2982" KundArt="8" KundStatus="3" KundAufDat="1998-03-24"/>
  <Kunden KundenNr="4462" KundEigtNr="4702" KundArt="8" KundStatus="3" KundAufDat="1998-03-24"/>
  <Kunden KundenNr="4463" KundEigtNr="4703" KundArt="4" KundStatus="3" KundAufDat="1998-03-24"/>
  <Kunden KundenNr="4465" KundEigtNr="4705" KundArt="8" KundStatus="3" KundAufDat="1998-03-24"/>
  <Kunden KundenNr="4466" KundEigtNr="4706" KundArt="2" KundStatus="1" KundAufDat="1998-03-24"/>
  <Kunden KundenNr="4467" KundEigtNr="4707" KundArt="1" KundStatus="3" KundAufDat="1998-03-24"/>
  <Kunden KundenNr="4468" KundEigtNr="4708" KundArt="1" KundStatus="3" KundAufDat="1998-03-24"/>
  <Kunden KundenNr="4469" KundEigtNr="4709" KundArt="1" KundStatus="3" KundAufDat="1998-03-24"/>
  <Kunden KundenNr="4470" KundEigtNr="4710" KundArt="29" KundStatus="1" KundAufDat="1998-03-24"/>
  <Kunden KundenNr="4471" KundEigtNr="4711" KundArt="8" KundStatus="1" KundAufDat="1998-03-24"/>
  <Kunden KundenNr="4472" KundEigtNr="4712" KundArt="4" KundStatus="3" KundAufDat="1998-03-24"/>
  <Kunden KundenNr="4473" KundEigtNr="4713" KundArt="8" KundStatus="3" KundAufDat="1998-03-24"/>
  <Kunden KundenNr="4474" KundEigtNr="4714" KundArt="2" KundStatus="3" KundAufDat="1998-03-25"/>
  <Kunden KundenNr="4475" KundEigtNr="4715" KundArt="8" KundStatus="3" KundAufDat="1998-03-26"/>
  <Kunden KundenNr="4476" KundEigtNr="4716" KundArt="29" KundStatus="3" KundAufDat="1998-03-27"/>
  <Kunden KundenNr="4477" KundEigtNr="4718" KundArt="4" KundStatus="3" KundAufDat="1998-03-28"/>
  <Kunden KundenNr="4478" KundEigtNr="4719" KundArt="1" KundStatus="1" KundAufDat="1998-03-30"/>
  <Kunden KundenNr="4479" KundEigtNr="4720" KundArt="4" KundStatus="3" KundAufDat="1998-03-30"/>
  <Kunden KundenNr="4480" KundEigtNr="4721" KundArt="4" KundStatus="3" KundAufDat="1998-03-30"/>
  <Kunden KundenNr="4481" KundEigtNr="4722" KundArt="4" KundStatus="3" KundAufDat="1998-03-30"/>
  <Kunden KundenNr="4482" KundEigtNr="4723" KundArt="4" KundStatus="3" KundAufDat="1998-03-30"/>
  <Kunden KundenNr="4483" KundEigtNr="4724" KundArt="4" KundStatus="3" KundAufDat="1998-03-30"/>
  <Kunden KundenNr="4484" KundEigtNr="4725" KundArt="4" KundStatus="3" KundAufDat="1998-03-30"/>
  <Kunden KundenNr="4485" KundEigtNr="4726" KundArt="4" KundStatus="3" KundAufDat="1998-03-30"/>
  <Kunden KundenNr="4486" KundEigtNr="4727" KundArt="4" KundStatus="3" KundAufDat="1998-03-30"/>
  <Kunden KundenNr="4487" KundEigtNr="4728" KundArt="4" KundStatus="3" KundAufDat="1998-03-30"/>
  <Kunden KundenNr="4488" KundEigtNr="4729" KundArt="4" KundStatus="3" KundAufDat="1998-03-30"/>
  <Kunden KundenNr="4489" KundEigtNr="4717" KundArt="29" KundStatus="3" KundAufDat="1998-03-30"/>
  <Kunden KundenNr="4490" KundEigtNr="4730" KundArt="1" KundStatus="3" KundAufDat="1998-03-30"/>
  <Kunden KundenNr="4492" KundEigtNr="4732" KundArt="4" KundStatus="3" KundAufDat="1998-03-30"/>
  <Kunden KundenNr="4493" KundEigtNr="4733" KundArt="4" KundStatus="3" KundAufDat="1998-03-30"/>
  <Kunden KundenNr="4494" KundEigtNr="4734" KundArt="4" KundStatus="3" KundAufDat="1998-03-30"/>
  <Kunden KundenNr="4495" KundEigtNr="4735" KundArt="4" KundStatus="3" KundAufDat="1998-03-30"/>
  <Kunden KundenNr="4496" KundEigtNr="4736" KundArt="2" KundStatus="3" KundAufDat="1998-03-30"/>
  <Kunden KundenNr="4497" KundEigtNr="4737" KundArt="2" KundStatus="3" KundAufDat="1998-03-30"/>
  <Kunden KundenNr="4498" KundEigtNr="4738" KundArt="2" KundStatus="3" KundAufDat="1998-03-30"/>
  <Kunden KundenNr="4499" KundEigtNr="4545" KundArt="8" KundStatus="3" KundAufDat="1998-03-30"/>
  <Kunden KundenNr="4500" KundEigtNr="4739" KundArt="4" KundStatus="3" KundAufDat="1998-03-31"/>
  <Kunden KundenNr="4501" KundEigtNr="4740" KundArt="4" KundStatus="3" KundAufDat="1998-03-31"/>
  <Kunden KundenNr="4502" KundEigtNr="4741" KundArt="2" KundStatus="3" KundAufDat="1998-03-31"/>
  <Kunden KundenNr="4503" KundEigtNr="4742" KundArt="2" KundStatus="3" KundAufDat="1998-03-31"/>
  <Kunden KundenNr="4504" KundEigtNr="4743" KundArt="2" KundStatus="3" KundAufDat="1998-03-31"/>
  <Kunden KundenNr="4505" KundEigtNr="4744" KundArt="2" KundStatus="1" KundAufDat="1998-03-31"/>
  <Kunden KundenNr="4506" KundEigtNr="4745" KundArt="8" KundStatus="1" KundAufDat="1998-03-31"/>
  <Kunden KundenNr="4507" KundEigtNr="4746" KundArt="2" KundStatus="3" KundAufDat="1998-04-01"/>
  <Kunden KundenNr="4510" KundEigtNr="4749" KundArt="2" KundStatus="3" KundAufDat="1998-04-01"/>
  <Kunden KundenNr="4511" KundEigtNr="4750" KundArt="4" KundStatus="3" KundAufDat="1998-04-02"/>
  <Kunden KundenNr="4512" KundEigtNr="4751" KundArt="1" KundStatus="1" KundAufDat="1998-04-02"/>
  <Kunden KundenNr="4513" KundEigtNr="4752" KundArt="4" KundStatus="3" KundAufDat="1998-04-02"/>
  <Kunden KundenNr="4514" KundEigtNr="4753" KundArt="1" KundStatus="3" KundAufDat="1998-04-02"/>
  <Kunden KundenNr="4515" KundEigtNr="4754" KundArt="1" KundStatus="3" KundAufDat="1998-04-02"/>
  <Kunden KundenNr="4516" KundEigtNr="4755" KundArt="2" KundStatus="3" KundAufDat="1998-04-04"/>
  <Kunden KundenNr="4517" KundEigtNr="4756" KundArt="8" KundStatus="3" KundAufDat="1998-04-06"/>
  <Kunden KundenNr="4518" KundEigtNr="4757" KundArt="29" KundStatus="1" KundAufDat="1998-04-06"/>
  <Kunden KundenNr="4519" KundEigtNr="4758" KundArt="4" KundStatus="3" KundAufDat="1998-04-06"/>
  <Kunden KundenNr="4520" KundEigtNr="4759" KundArt="4" KundStatus="3" KundAufDat="1998-04-06"/>
  <Kunden KundenNr="4521" KundEigtNr="4760" KundArt="2" KundStatus="3" KundAufDat="1998-04-06"/>
  <Kunden KundenNr="4522" KundEigtNr="4761" KundArt="2" KundStatus="3" KundAufDat="1998-04-06"/>
  <Kunden KundenNr="4523" KundEigtNr="4762" KundArt="8" KundStatus="3" KundAufDat="1998-04-06"/>
  <Kunden KundenNr="4524" KundEigtNr="4763" KundArt="2" KundStatus="3" KundAufDat="1998-04-06"/>
  <Kunden KundenNr="4525" KundEigtNr="4764" KundArt="29" KundStatus="1" KundAufDat="1998-04-06"/>
  <Kunden KundenNr="4526" KundEigtNr="4765" KundArt="2" KundStatus="3" KundAufDat="1998-04-07"/>
  <Kunden KundenNr="4527" KundEigtNr="4766" KundArt="2" KundStatus="1" KundAufDat="1998-04-07"/>
  <Kunden KundenNr="4528" KundEigtNr="4767" KundArt="2" KundStatus="3" KundAufDat="1998-04-07"/>
  <Kunden KundenNr="4529" KundEigtNr="4768" KundArt="2" KundStatus="3" KundAufDat="1998-04-07"/>
  <Kunden KundenNr="4530" KundEigtNr="4769" KundArt="1" KundStatus="3" KundAufDat="1998-04-07"/>
  <Kunden KundenNr="4531" KundEigtNr="4770" KundArt="2" KundStatus="3" KundAufDat="1998-04-07"/>
  <Kunden KundenNr="4532" KundEigtNr="4771" KundArt="8" KundStatus="3" KundAufDat="1998-04-07"/>
  <Kunden KundenNr="4533" KundEigtNr="4772" KundArt="29" KundStatus="1" KundAufDat="1998-04-07"/>
  <Kunden KundenNr="4534" KundEigtNr="4773" KundArt="16" KundStatus="3" KundAufDat="1998-04-07"/>
  <Kunden KundenNr="4535" KundEigtNr="4774" KundArt="1" KundStatus="3" KundAufDat="1998-04-08"/>
  <Kunden KundenNr="4536" KundEigtNr="4776" KundArt="14" KundStatus="3" KundAufDat="1998-04-09"/>
  <Kunden KundenNr="4537" KundEigtNr="4777" KundArt="17" KundStatus="1" KundAufDat="1998-04-14"/>
  <Kunden KundenNr="4538" KundEigtNr="4778" KundArt="2" KundStatus="3" KundAufDat="1998-04-14"/>
  <Kunden KundenNr="4539" KundEigtNr="4779" KundArt="17" KundStatus="3" KundAufDat="1998-04-14"/>
  <Kunden KundenNr="4540" KundEigtNr="4780" KundArt="17" KundStatus="3" KundAufDat="1998-04-14"/>
  <Kunden KundenNr="4541" KundEigtNr="4781" KundArt="1" KundStatus="3" KundAufDat="1998-04-15"/>
  <Kunden KundenNr="4542" KundEigtNr="4782" KundArt="29" KundStatus="1" KundAufDat="1998-04-15"/>
  <Kunden KundenNr="4543" KundEigtNr="4783" KundArt="4" KundStatus="3" KundAufDat="1998-04-16"/>
  <Kunden KundenNr="4544" KundEigtNr="5377" KundArt="29" KundStatus="1" KundAufDat="1998-04-16"/>
  <Kunden KundenNr="4545" KundEigtNr="4784" KundArt="29" KundStatus="3" KundAufDat="1998-04-16"/>
  <Kunden KundenNr="4546" KundEigtNr="4785" KundArt="29" KundStatus="1" KundAufDat="1998-04-17"/>
  <Kunden KundenNr="4547" KundEigtNr="4786" KundArt="4" KundStatus="3" KundAufDat="1998-04-20"/>
  <Kunden KundenNr="4548" KundEigtNr="4787" KundArt="4" KundStatus="3" KundAufDat="1998-04-20"/>
  <Kunden KundenNr="4549" KundEigtNr="4788" KundArt="4" KundStatus="3" KundAufDat="1998-04-20"/>
  <Kunden KundenNr="4550" KundEigtNr="4789" KundArt="4" KundStatus="3" KundAufDat="1998-04-20"/>
  <Kunden KundenNr="4551" KundEigtNr="4790" KundArt="4" KundStatus="3" KundAufDat="1998-04-20"/>
  <Kunden KundenNr="4552" KundEigtNr="4791" KundArt="8" KundStatus="1" KundAufDat="1998-04-20"/>
  <Kunden KundenNr="4553" KundEigtNr="4792" KundArt="4" KundStatus="3" KundAufDat="1998-04-20"/>
  <Kunden KundenNr="4554" KundEigtNr="4793" KundArt="29" KundStatus="3" KundAufDat="1998-04-20"/>
  <Kunden KundenNr="4555" KundEigtNr="4794" KundArt="4" KundStatus="3" KundAufDat="1998-04-20"/>
  <Kunden KundenNr="4556" KundEigtNr="4795" KundArt="8" KundStatus="3" KundAufDat="1998-04-20"/>
  <Kunden KundenNr="4557" KundEigtNr="4796" KundArt="2" KundStatus="3" KundAufDat="1998-04-20"/>
  <Kunden KundenNr="4558" KundEigtNr="4797" KundArt="2" KundStatus="3" KundAufDat="1998-04-20"/>
  <Kunden KundenNr="4559" KundEigtNr="4798" KundArt="17" KundStatus="3" KundAufDat="1998-04-20"/>
  <Kunden KundenNr="4560" KundEigtNr="4799" KundArt="4" KundStatus="3" KundAufDat="1998-04-21"/>
  <Kunden KundenNr="4561" KundEigtNr="4803" KundArt="8" KundStatus="3" KundAufDat="1998-04-21"/>
  <Kunden KundenNr="4562" KundEigtNr="4805" KundArt="4" KundStatus="3" KundAufDat="1998-04-21"/>
  <Kunden KundenNr="4563" KundEigtNr="4807" KundArt="4" KundStatus="3" KundAufDat="1998-04-21"/>
  <Kunden KundenNr="4564" KundEigtNr="4810" KundArt="29" KundStatus="1" KundAufDat="1998-04-21"/>
  <Kunden KundenNr="4566" KundEigtNr="4837" KundArt="1" KundStatus="3" KundAufDat="1998-04-21"/>
  <Kunden KundenNr="4567" KundEigtNr="4850" KundArt="29" KundStatus="1" KundAufDat="1998-04-21"/>
  <Kunden KundenNr="4568" KundEigtNr="4869" KundArt="2" KundStatus="3" KundAufDat="1998-04-21"/>
  <Kunden KundenNr="4569" KundEigtNr="4873" KundArt="8" KundStatus="1" KundAufDat="1998-04-22"/>
  <Kunden KundenNr="4570" KundEigtNr="4874" KundArt="8" KundStatus="3" KundAufDat="1998-04-22"/>
  <Kunden KundenNr="4571" KundEigtNr="4875" KundArt="2" KundStatus="3" KundAufDat="1998-04-22"/>
  <Kunden KundenNr="4572" KundEigtNr="4872" KundArt="1" KundStatus="3" KundAufDat="1998-04-22"/>
  <Kunden KundenNr="4573" KundEigtNr="4876" KundArt="4" KundStatus="3" KundAufDat="1998-04-22"/>
  <Kunden KundenNr="4574" KundEigtNr="4877" KundArt="4" KundStatus="3" KundAufDat="1998-04-22"/>
  <Kunden KundenNr="4575" KundEigtNr="4878" KundArt="1" KundStatus="3" KundAufDat="1998-04-23"/>
  <Kunden KundenNr="4576" KundEigtNr="4879" KundArt="17" KundStatus="1" KundAufDat="1998-04-23"/>
  <Kunden KundenNr="4577" KundEigtNr="4880" KundArt="29" KundStatus="1" KundAufDat="1998-04-24"/>
  <Kunden KundenNr="4578" KundEigtNr="4896" KundArt="29" KundStatus="1" KundAufDat="1998-04-24"/>
  <Kunden KundenNr="4579" KundEigtNr="4898" KundArt="8" KundStatus="3" KundAufDat="1998-04-25"/>
  <Kunden KundenNr="4580" KundEigtNr="4899" KundArt="8" KundStatus="3" KundAufDat="1998-04-25"/>
  <Kunden KundenNr="4581" KundEigtNr="4900" KundArt="8" KundStatus="3" KundAufDat="1998-04-25"/>
  <Kunden KundenNr="4582" KundEigtNr="214" KundArt="29" KundStatus="1" KundAufDat="1998-04-25"/>
  <Kunden KundenNr="4583" KundEigtNr="4901" KundArt="8" KundStatus="3" KundAufDat="1998-04-25"/>
  <Kunden KundenNr="4585" KundEigtNr="2879" KundArt="8" KundStatus="1" KundAufDat="1998-04-25"/>
  <Kunden KundenNr="4586" KundEigtNr="4903" KundArt="8" KundStatus="3" KundAufDat="1998-04-25"/>
  <Kunden KundenNr="4587" KundEigtNr="1228" KundArt="8" KundStatus="3" KundAufDat="1998-04-25"/>
  <Kunden KundenNr="4588" KundEigtNr="4904" KundArt="8" KundStatus="3" KundAufDat="1998-04-25"/>
  <Kunden KundenNr="4589" KundEigtNr="4905" KundArt="8" KundStatus="3" KundAufDat="1998-04-25"/>
  <Kunden KundenNr="4590" KundEigtNr="4906" KundArt="17" KundStatus="3" KundAufDat="1998-04-25"/>
  <Kunden KundenNr="4591" KundEigtNr="4908" KundArt="29" KundStatus="1" KundAufDat="1998-04-27"/>
  <Kunden KundenNr="4593" KundEigtNr="4684" KundArt="1" KundStatus="1" KundAufDat="1998-04-27"/>
  <Kunden KundenNr="4594" KundEigtNr="4910" KundArt="8" KundStatus="3" KundAufDat="1998-04-27"/>
  <Kunden KundenNr="4595" KundEigtNr="4911" KundArt="8" KundStatus="3" KundAufDat="1998-04-27"/>
  <Kunden KundenNr="4596" KundEigtNr="4912" KundArt="8" KundStatus="3" KundAufDat="1998-04-27"/>
  <Kunden KundenNr="4597" KundEigtNr="4913" KundArt="29" KundStatus="1" KundAufDat="1998-04-27"/>
  <Kunden KundenNr="4598" KundEigtNr="4914" KundArt="8" KundStatus="3" KundAufDat="1998-04-27"/>
  <Kunden KundenNr="4599" KundEigtNr="4915" KundArt="8" KundStatus="1" KundAufDat="1998-04-27"/>
  <Kunden KundenNr="4600" KundEigtNr="4916" KundArt="8" KundStatus="3" KundAufDat="1998-04-27"/>
  <Kunden KundenNr="4601" KundEigtNr="3118" KundArt="8" KundStatus="1" KundAufDat="1998-04-27"/>
  <Kunden KundenNr="4602" KundEigtNr="4917" KundArt="4" KundStatus="3" KundAufDat="1998-04-27"/>
  <Kunden KundenNr="4603" KundEigtNr="4463" KundArt="2" KundStatus="3" KundAufDat="1998-04-27"/>
  <Kunden KundenNr="4604" KundEigtNr="1127" KundArt="8" KundStatus="3" KundAufDat="1998-04-27"/>
  <Kunden KundenNr="4605" KundEigtNr="4918" KundArt="8" KundStatus="1" KundAufDat="1998-04-27"/>
  <Kunden KundenNr="4606" KundEigtNr="4919" KundArt="8" KundStatus="3" KundAufDat="1998-04-27"/>
  <Kunden KundenNr="4607" KundEigtNr="4920" KundArt="8" KundStatus="3" KundAufDat="1998-04-27"/>
  <Kunden KundenNr="4608" KundEigtNr="4924" KundArt="8" KundStatus="3" KundAufDat="1998-04-27"/>
  <Kunden KundenNr="4609" KundEigtNr="4231" KundArt="2" KundStatus="1" KundAufDat="1998-04-27"/>
  <Kunden KundenNr="4610" KundEigtNr="4925" KundArt="8" KundStatus="1" KundAufDat="1998-04-27"/>
  <Kunden KundenNr="4611" KundEigtNr="4926" KundArt="8" KundStatus="3" KundAufDat="1998-04-27"/>
  <Kunden KundenNr="4612" KundEigtNr="4927" KundArt="8" KundStatus="3" KundAufDat="1998-04-27"/>
  <Kunden KundenNr="4613" KundEigtNr="4928" KundArt="8" KundStatus="3" KundAufDat="1998-04-27"/>
  <Kunden KundenNr="4614" KundEigtNr="4929" KundArt="8" KundStatus="3" KundAufDat="1998-04-27"/>
  <Kunden KundenNr="4615" KundEigtNr="4935" KundArt="2" KundStatus="3" KundAufDat="1998-04-28"/>
  <Kunden KundenNr="4616" KundEigtNr="4936" KundArt="2" KundStatus="3" KundAufDat="1998-04-28"/>
  <Kunden KundenNr="4617" KundEigtNr="4937" KundArt="2" KundStatus="3" KundAufDat="1998-04-28"/>
  <Kunden KundenNr="4618" KundEigtNr="4938" KundArt="2" KundStatus="3" KundAufDat="1998-04-28"/>
  <Kunden KundenNr="4619" KundEigtNr="4939" KundArt="2" KundStatus="3" KundAufDat="1998-04-28"/>
  <Kunden KundenNr="4620" KundEigtNr="4940" KundArt="2" KundStatus="3" KundAufDat="1998-04-28"/>
  <Kunden KundenNr="4621" KundEigtNr="4941" KundArt="2" KundStatus="3" KundAufDat="1998-04-28"/>
  <Kunden KundenNr="4622" KundEigtNr="4942" KundArt="2" KundStatus="3" KundAufDat="1998-04-28"/>
  <Kunden KundenNr="4623" KundEigtNr="4943" KundArt="2" KundStatus="3" KundAufDat="1998-04-28"/>
  <Kunden KundenNr="4624" KundEigtNr="4944" KundArt="2" KundStatus="3" KundAufDat="1998-04-28"/>
  <Kunden KundenNr="4625" KundEigtNr="4945" KundArt="2" KundStatus="3" KundAufDat="1998-04-28"/>
  <Kunden KundenNr="4626" KundEigtNr="4946" KundArt="2" KundStatus="3" KundAufDat="1998-04-28"/>
  <Kunden KundenNr="4627" KundEigtNr="4947" KundArt="2" KundStatus="3" KundAufDat="1998-04-28"/>
  <Kunden KundenNr="4628" KundEigtNr="4948" KundArt="8" KundStatus="3" KundAufDat="1998-04-28"/>
  <Kunden KundenNr="4629" KundEigtNr="2737" KundArt="8" KundStatus="3" KundAufDat="1998-04-28"/>
  <Kunden KundenNr="4630" KundEigtNr="4949" KundArt="8" KundStatus="3" KundAufDat="1998-04-28"/>
  <Kunden KundenNr="4631" KundEigtNr="4950" KundArt="8" KundStatus="3" KundAufDat="1998-04-28"/>
  <Kunden KundenNr="4632" KundEigtNr="4951" KundArt="1" KundStatus="3" KundAufDat="1998-04-28"/>
  <Kunden KundenNr="4633" KundEigtNr="4952" KundArt="2" KundStatus="3" KundAufDat="1998-04-28"/>
  <Kunden KundenNr="4634" KundEigtNr="4953" KundArt="2" KundStatus="3" KundAufDat="1998-04-28"/>
  <Kunden KundenNr="4635" KundEigtNr="4954" KundArt="8" KundStatus="3" KundAufDat="1998-04-28"/>
  <Kunden KundenNr="4636" KundEigtNr="4955" KundArt="8" KundStatus="3" KundAufDat="1998-04-28"/>
  <Kunden KundenNr="4637" KundEigtNr="4959" KundArt="8" KundStatus="1" KundAufDat="1998-04-28"/>
  <Kunden KundenNr="4638" KundEigtNr="4958" KundArt="1" KundStatus="3" KundAufDat="1998-04-28"/>
  <Kunden KundenNr="4639" KundEigtNr="4960" KundArt="8" KundStatus="3" KundAufDat="1998-04-28"/>
  <Kunden KundenNr="4640" KundEigtNr="1256" KundArt="8" KundStatus="3" KundAufDat="1998-04-28"/>
  <Kunden KundenNr="4641" KundEigtNr="4962" KundArt="8" KundStatus="3" KundAufDat="1998-04-29"/>
  <Kunden KundenNr="4642" KundEigtNr="4963" KundArt="8" KundStatus="3" KundAufDat="1998-04-29"/>
  <Kunden KundenNr="4643" KundEigtNr="4964" KundArt="8" KundStatus="3" KundAufDat="1998-04-29"/>
  <Kunden KundenNr="4644" KundEigtNr="4965" KundArt="8" KundStatus="3" KundAufDat="1998-04-29"/>
  <Kunden KundenNr="4645" KundEigtNr="4966" KundArt="8" KundStatus="3" KundAufDat="1998-04-29"/>
  <Kunden KundenNr="4646" KundEigtNr="4967" KundArt="8" KundStatus="3" KundAufDat="1998-04-29"/>
  <Kunden KundenNr="4647" KundEigtNr="4968" KundArt="8" KundStatus="3" KundAufDat="1998-04-29"/>
  <Kunden KundenNr="4648" KundEigtNr="4969" KundArt="8" KundStatus="3" KundAufDat="1998-04-29"/>
  <Kunden KundenNr="4649" KundEigtNr="4970" KundArt="29" KundStatus="3" KundAufDat="1998-04-29"/>
  <Kunden KundenNr="4650" KundEigtNr="4971" KundArt="8" KundStatus="1" KundAufDat="1998-04-29"/>
  <Kunden KundenNr="4651" KundEigtNr="4972" KundArt="8" KundStatus="1" KundAufDat="1998-04-29"/>
  <Kunden KundenNr="4652" KundEigtNr="4973" KundArt="29" KundStatus="3" KundAufDat="1998-04-29"/>
  <Kunden KundenNr="4653" KundEigtNr="4972" KundArt="4" KundStatus="3" KundAufDat="1998-04-29"/>
  <Kunden KundenNr="4654" KundEigtNr="4974" KundArt="2" KundStatus="3" KundAufDat="1998-04-30"/>
  <Kunden KundenNr="4655" KundEigtNr="4975" KundArt="8" KundStatus="1" KundAufDat="1998-04-30"/>
  <Kunden KundenNr="4656" KundEigtNr="4976" KundArt="29" KundStatus="1" KundAufDat="1998-04-30"/>
  <Kunden KundenNr="4657" KundEigtNr="609" KundArt="29" KundStatus="1" KundAufDat="1998-04-30"/>
  <Kunden KundenNr="4658" KundEigtNr="4977" KundArt="8" KundStatus="3" KundAufDat="1998-04-30"/>
  <Kunden KundenNr="4659" KundEigtNr="4978" KundArt="29" KundStatus="1" KundAufDat="1998-05-04"/>
  <Kunden KundenNr="4660" KundEigtNr="4980" KundArt="4" KundStatus="3" KundAufDat="1998-05-04"/>
  <Kunden KundenNr="4661" KundEigtNr="4961" KundArt="1" KundStatus="3" KundAufDat="1998-05-05"/>
  <Kunden KundenNr="4662" KundEigtNr="4981" KundArt="8" KundStatus="3" KundAufDat="1998-05-05"/>
  <Kunden KundenNr="4663" KundEigtNr="4982" KundArt="29" KundStatus="1" KundAufDat="1998-05-05"/>
  <Kunden KundenNr="4664" KundEigtNr="4995" KundArt="29" KundStatus="1" KundAufDat="1998-05-06"/>
  <Kunden KundenNr="4665" KundEigtNr="1089" KundArt="8" KundStatus="3" KundAufDat="1998-05-06"/>
  <Kunden KundenNr="4666" KundEigtNr="5002" KundArt="4" KundStatus="3" KundAufDat="1998-05-07"/>
  <Kunden KundenNr="4667" KundEigtNr="5003" KundArt="29" KundStatus="3" KundAufDat="1998-05-07"/>
  <Kunden KundenNr="4668" KundEigtNr="5004" KundArt="2" KundStatus="3" KundAufDat="1998-05-07"/>
  <Kunden KundenNr="4670" KundEigtNr="5006" KundArt="29" KundStatus="1" KundAufDat="1998-05-08"/>
  <Kunden KundenNr="4671" KundEigtNr="641" KundArt="8" KundStatus="3" KundAufDat="1998-05-08"/>
  <Kunden KundenNr="4672" KundEigtNr="5007" KundArt="1" KundStatus="3" KundAufDat="1998-05-09"/>
  <Kunden KundenNr="4673" KundEigtNr="4970" KundArt="1" KundStatus="1" KundAufDat="1998-05-09"/>
  <Kunden KundenNr="4676" KundEigtNr="5012" KundArt="1" KundStatus="3" KundAufDat="1998-05-11"/>
  <Kunden KundenNr="4677" KundEigtNr="5013" KundArt="1" KundStatus="3" KundAufDat="1998-05-11"/>
  <Kunden KundenNr="4678" KundEigtNr="5014" KundArt="2" KundStatus="3" KundAufDat="1998-05-11"/>
  <Kunden KundenNr="4679" KundEigtNr="226" KundArt="29" KundStatus="3" KundAufDat="1998-05-11"/>
  <Kunden KundenNr="4680" KundEigtNr="5015" KundArt="8" KundStatus="3" KundAufDat="1998-05-11"/>
  <Kunden KundenNr="4681" KundEigtNr="5016" KundArt="1" KundStatus="3" KundAufDat="1998-05-11"/>
  <Kunden KundenNr="4682" KundEigtNr="5017" KundArt="2" KundStatus="3" KundAufDat="1998-05-11"/>
  <Kunden KundenNr="4683" KundEigtNr="5018" KundArt="2" KundStatus="3" KundAufDat="1998-05-11"/>
  <Kunden KundenNr="4684" KundEigtNr="5019" KundArt="8" KundStatus="3" KundAufDat="1998-05-11"/>
  <Kunden KundenNr="4685" KundEigtNr="5020" KundArt="2" KundStatus="3" KundAufDat="1998-05-11"/>
  <Kunden KundenNr="4686" KundEigtNr="5021" KundArt="2" KundStatus="3" KundAufDat="1998-05-11"/>
  <Kunden KundenNr="4687" KundEigtNr="5022" KundArt="1" KundStatus="1" KundAufDat="1998-05-11"/>
  <Kunden KundenNr="4688" KundEigtNr="5023" KundArt="29" KundStatus="1" KundAufDat="1998-05-11"/>
  <Kunden KundenNr="4689" KundEigtNr="5024" KundArt="4" KundStatus="3" KundAufDat="1998-05-11"/>
  <Kunden KundenNr="4690" KundEigtNr="5025" KundArt="2" KundStatus="3" KundAufDat="1998-05-11"/>
  <Kunden KundenNr="4691" KundEigtNr="5026" KundArt="2" KundStatus="3" KundAufDat="1998-05-11"/>
  <Kunden KundenNr="4692" KundEigtNr="5027" KundArt="2" KundStatus="3" KundAufDat="1998-05-11"/>
  <Kunden KundenNr="4693" KundEigtNr="5028" KundArt="8" KundStatus="3" KundAufDat="1998-05-11"/>
  <Kunden KundenNr="4694" KundEigtNr="5029" KundArt="2" KundStatus="1" KundAufDat="1998-05-11"/>
  <Kunden KundenNr="4695" KundEigtNr="5030" KundArt="1" KundStatus="3" KundAufDat="1998-05-11"/>
  <Kunden KundenNr="4696" KundEigtNr="5031" KundArt="29" KundStatus="1" KundAufDat="1998-05-11"/>
  <Kunden KundenNr="4697" KundEigtNr="5032" KundArt="2" KundStatus="3" KundAufDat="1998-05-12"/>
  <Kunden KundenNr="4698" KundEigtNr="5033" KundArt="2" KundStatus="3" KundAufDat="1998-05-12"/>
  <Kunden KundenNr="4699" KundEigtNr="5034" KundArt="4" KundStatus="3" KundAufDat="1998-05-12"/>
  <Kunden KundenNr="4700" KundEigtNr="5035" KundArt="4" KundStatus="3" KundAufDat="1998-05-12"/>
  <Kunden KundenNr="4701" KundEigtNr="5036" KundArt="2" KundStatus="3" KundAufDat="1998-05-12"/>
  <Kunden KundenNr="4702" KundEigtNr="5037" KundArt="2" KundStatus="3" KundAufDat="1998-05-12"/>
  <Kunden KundenNr="4703" KundEigtNr="5038" KundArt="8" KundStatus="3" KundAufDat="1998-05-12"/>
  <Kunden KundenNr="4704" KundEigtNr="5039" KundArt="2" KundStatus="3" KundAufDat="1998-05-12"/>
  <Kunden KundenNr="4705" KundEigtNr="5040" KundArt="4" KundStatus="3" KundAufDat="1998-05-12"/>
  <Kunden KundenNr="4706" KundEigtNr="5041" KundArt="2" KundStatus="3" KundAufDat="1998-05-13"/>
  <Kunden KundenNr="4707" KundEigtNr="5042" KundArt="2" KundStatus="3" KundAufDat="1998-05-13"/>
  <Kunden KundenNr="4708" KundEigtNr="5043" KundArt="1" KundStatus="3" KundAufDat="1998-05-13"/>
  <Kunden KundenNr="4709" KundEigtNr="5044" KundArt="29" KundStatus="1" KundAufDat="1998-05-13"/>
  <Kunden KundenNr="4710" KundEigtNr="5038" KundArt="1" KundStatus="3" KundAufDat="1998-05-13"/>
  <Kunden KundenNr="4711" KundEigtNr="5045" KundArt="2" KundStatus="3" KundAufDat="1998-05-13"/>
  <Kunden KundenNr="4712" KundEigtNr="5046" KundArt="2" KundStatus="1" KundAufDat="1998-05-13"/>
  <Kunden KundenNr="4713" KundEigtNr="5047" KundArt="4" KundStatus="3" KundAufDat="1998-05-13"/>
  <Kunden KundenNr="4714" KundEigtNr="5048" KundArt="8" KundStatus="1" KundAufDat="1998-05-13"/>
  <Kunden KundenNr="4715" KundEigtNr="5049" KundArt="2" KundStatus="3" KundAufDat="1998-05-13"/>
  <Kunden KundenNr="4716" KundEigtNr="5089" KundArt="29" KundStatus="1" KundAufDat="1998-05-14"/>
  <Kunden KundenNr="4717" KundEigtNr="5091" KundArt="1" KundStatus="3" KundAufDat="1998-05-14"/>
  <Kunden KundenNr="4718" KundEigtNr="5094" KundArt="4" KundStatus="3" KundAufDat="1998-05-14"/>
  <Kunden KundenNr="4719" KundEigtNr="5150" KundArt="2" KundStatus="3" KundAufDat="1998-05-15"/>
  <Kunden KundenNr="4720" KundEigtNr="5156" KundArt="1" KundStatus="3" KundAufDat="1998-05-18"/>
  <Kunden KundenNr="4721" KundEigtNr="5157" KundArt="1" KundStatus="1" KundAufDat="1998-05-18"/>
  <Kunden KundenNr="4722" KundEigtNr="5158" KundArt="29" KundStatus="3" KundAufDat="1998-05-18"/>
  <Kunden KundenNr="4723" KundEigtNr="5160" KundArt="4" KundStatus="3" KundAufDat="1998-05-18"/>
  <Kunden KundenNr="4724" KundEigtNr="5161" KundArt="2" KundStatus="3" KundAufDat="1998-05-18"/>
  <Kunden KundenNr="4725" KundEigtNr="5162" KundArt="2" KundStatus="3" KundAufDat="1998-05-18"/>
  <Kunden KundenNr="4726" KundEigtNr="5163" KundArt="2" KundStatus="3" KundAufDat="1998-05-18"/>
  <Kunden KundenNr="4727" KundEigtNr="5164" KundArt="2" KundStatus="3" KundAufDat="1998-05-18"/>
  <Kunden KundenNr="4728" KundEigtNr="5165" KundArt="4" KundStatus="3" KundAufDat="1998-05-18"/>
  <Kunden KundenNr="4729" KundEigtNr="5166" KundArt="4" KundStatus="3" KundAufDat="1998-05-18"/>
  <Kunden KundenNr="4730" KundEigtNr="5167" KundArt="4" KundStatus="3" KundAufDat="1998-05-18"/>
  <Kunden KundenNr="4731" KundEigtNr="5168" KundArt="8" KundStatus="3" KundAufDat="1998-05-18"/>
  <Kunden KundenNr="4732" KundEigtNr="5169" KundArt="4" KundStatus="3" KundAufDat="1998-05-18"/>
  <Kunden KundenNr="4733" KundEigtNr="5170" KundArt="2" KundStatus="3" KundAufDat="1998-05-18"/>
  <Kunden KundenNr="4734" KundEigtNr="5173" KundArt="2" KundStatus="3" KundAufDat="1998-05-18"/>
  <Kunden KundenNr="4735" KundEigtNr="5176" KundArt="8" KundStatus="3" KundAufDat="1998-05-19"/>
  <Kunden KundenNr="4736" KundEigtNr="5177" KundArt="2" KundStatus="3" KundAufDat="1998-05-19"/>
  <Kunden KundenNr="4737" KundEigtNr="5178" KundArt="2" KundStatus="3" KundAufDat="1998-05-19"/>
  <Kunden KundenNr="4738" KundEigtNr="5179" KundArt="4" KundStatus="3" KundAufDat="1998-05-19"/>
  <Kunden KundenNr="4739" KundEigtNr="5180" KundArt="29" KundStatus="1" KundAufDat="1998-05-19"/>
  <Kunden KundenNr="4740" KundEigtNr="5181" KundArt="4" KundStatus="3" KundAufDat="1998-05-19"/>
  <Kunden KundenNr="4741" KundEigtNr="5182" KundArt="4" KundStatus="3" KundAufDat="1998-05-19"/>
  <Kunden KundenNr="4742" KundEigtNr="5183" KundArt="8" KundStatus="3" KundAufDat="1998-05-19"/>
  <Kunden KundenNr="4743" KundEigtNr="5184" KundArt="8" KundStatus="3" KundAufDat="1998-05-19"/>
  <Kunden KundenNr="4744" KundEigtNr="5185" KundArt="1" KundStatus="3" KundAufDat="1998-05-19"/>
  <Kunden KundenNr="4745" KundEigtNr="5186" KundArt="8" KundStatus="1" KundAufDat="1998-05-20"/>
  <Kunden KundenNr="4746" KundEigtNr="5187" KundArt="8" KundStatus="3" KundAufDat="1998-05-20"/>
  <Kunden KundenNr="4747" KundEigtNr="5188" KundArt="4" KundStatus="3" KundAufDat="1998-05-20"/>
  <Kunden KundenNr="4748" KundEigtNr="5192" KundArt="8" KundStatus="3" KundAufDat="1998-05-22"/>
  <Kunden KundenNr="4749" KundEigtNr="5193" KundArt="29" KundStatus="1" KundAufDat="1998-05-22"/>
  <Kunden KundenNr="4750" KundEigtNr="5194" KundArt="4" KundStatus="3" KundAufDat="1998-05-22"/>
  <Kunden KundenNr="4751" KundEigtNr="5195" KundArt="4" KundStatus="3" KundAufDat="1998-05-22"/>
  <Kunden KundenNr="4752" KundEigtNr="5202" KundArt="8" KundStatus="1" KundAufDat="1998-05-23"/>
  <Kunden KundenNr="4753" KundEigtNr="5203" KundArt="8" KundStatus="1" KundAufDat="1998-05-23"/>
  <Kunden KundenNr="4754" KundEigtNr="5204" KundArt="8" KundStatus="3" KundAufDat="1998-05-25"/>
  <Kunden KundenNr="4755" KundEigtNr="5205" KundArt="8" KundStatus="3" KundAufDat="1998-05-25"/>
  <Kunden KundenNr="4756" KundEigtNr="5206" KundArt="8" KundStatus="3" KundAufDat="1998-05-25"/>
  <Kunden KundenNr="4757" KundEigtNr="5207" KundArt="8" KundStatus="1" KundAufDat="1998-05-25"/>
  <Kunden KundenNr="4758" KundEigtNr="5208" KundArt="8" KundStatus="1" KundAufDat="1998-05-25"/>
  <Kunden KundenNr="4759" KundEigtNr="5209" KundArt="8" KundStatus="3" KundAufDat="1998-05-25"/>
  <Kunden KundenNr="4760" KundEigtNr="5210" KundArt="8" KundStatus="3" KundAufDat="1998-05-25"/>
  <Kunden KundenNr="4761" KundEigtNr="5211" KundArt="8" KundStatus="3" KundAufDat="1998-05-25"/>
  <Kunden KundenNr="4762" KundEigtNr="5212" KundArt="8" KundStatus="3" KundAufDat="1998-05-25"/>
  <Kunden KundenNr="4763" KundEigtNr="5213" KundArt="2" KundStatus="3" KundAufDat="1998-05-25"/>
  <Kunden KundenNr="4764" KundEigtNr="5214" KundArt="8" KundStatus="3" KundAufDat="1998-05-25"/>
  <Kunden KundenNr="4765" KundEigtNr="5215" KundArt="2" KundStatus="3" KundAufDat="1998-05-25"/>
  <Kunden KundenNr="4766" KundEigtNr="5216" KundArt="8" KundStatus="3" KundAufDat="1998-05-25"/>
  <Kunden KundenNr="4767" KundEigtNr="5217" KundArt="2" KundStatus="3" KundAufDat="1998-05-25"/>
  <Kunden KundenNr="4768" KundEigtNr="5218" KundArt="8" KundStatus="3" KundAufDat="1998-05-25"/>
  <Kunden KundenNr="4769" KundEigtNr="5219" KundArt="8" KundStatus="3" KundAufDat="1998-05-25"/>
  <Kunden KundenNr="4770" KundEigtNr="5220" KundArt="8" KundStatus="3" KundAufDat="1998-05-25"/>
  <Kunden KundenNr="4771" KundEigtNr="5221" KundArt="8" KundStatus="3" KundAufDat="1998-05-25"/>
  <Kunden KundenNr="4772" KundEigtNr="5203" KundArt="8" KundStatus="3" KundAufDat="1998-05-25"/>
  <Kunden KundenNr="4773" KundEigtNr="5222" KundArt="8" KundStatus="3" KundAufDat="1998-05-25"/>
  <Kunden KundenNr="4774" KundEigtNr="5223" KundArt="8" KundStatus="3" KundAufDat="1998-05-26"/>
  <Kunden KundenNr="4775" KundEigtNr="5224" KundArt="8" KundStatus="3" KundAufDat="1998-05-26"/>
  <Kunden KundenNr="4776" KundEigtNr="5225" KundArt="8" KundStatus="3" KundAufDat="1998-05-26"/>
  <Kunden KundenNr="4777" KundEigtNr="5226" KundArt="8" KundStatus="3" KundAufDat="1998-05-26"/>
  <Kunden KundenNr="4778" KundEigtNr="5227" KundArt="29" KundStatus="1" KundAufDat="1998-05-26"/>
  <Kunden KundenNr="4779" KundEigtNr="5228" KundArt="8" KundStatus="3" KundAufDat="1998-05-26"/>
  <Kunden KundenNr="4780" KundEigtNr="5229" KundArt="2" KundStatus="3" KundAufDat="1998-05-26"/>
  <Kunden KundenNr="4781" KundEigtNr="5230" KundArt="29" KundStatus="3" KundAufDat="1998-05-26"/>
  <Kunden KundenNr="4782" KundEigtNr="5231" KundArt="8" KundStatus="1" KundAufDat="1998-05-26"/>
  <Kunden KundenNr="4783" KundEigtNr="5232" KundArt="8" KundStatus="3" KundAufDat="1998-05-26"/>
  <Kunden KundenNr="4784" KundEigtNr="5233" KundArt="8" KundStatus="1" KundAufDat="1998-05-27"/>
  <Kunden KundenNr="4785" KundEigtNr="5188" KundArt="2" KundStatus="3" KundAufDat="1998-05-27"/>
  <Kunden KundenNr="4786" KundEigtNr="5234" KundArt="8" KundStatus="3" KundAufDat="1998-05-27"/>
  <Kunden KundenNr="4787" KundEigtNr="72" KundArt="29" KundStatus="1" KundAufDat="1998-05-27"/>
  <Kunden KundenNr="4788" KundEigtNr="5235" KundArt="8" KundStatus="3" KundAufDat="1998-05-27"/>
  <Kunden KundenNr="4789" KundEigtNr="5236" KundArt="2" KundStatus="3" KundAufDat="1998-05-28"/>
  <Kunden KundenNr="4790" KundEigtNr="5237" KundArt="8" KundStatus="3" KundAufDat="1998-05-28"/>
  <Kunden KundenNr="4791" KundEigtNr="5238" KundArt="8" KundStatus="3" KundAufDat="1998-06-02"/>
  <Kunden KundenNr="4792" KundEigtNr="5239" KundArt="29" KundStatus="3" KundAufDat="1998-06-03"/>
  <Kunden KundenNr="4794" KundEigtNr="5241" KundArt="8" KundStatus="3" KundAufDat="1998-06-03"/>
  <Kunden KundenNr="4795" KundEigtNr="2570" KundArt="29" KundStatus="1" KundAufDat="1998-06-03"/>
  <Kunden KundenNr="4797" KundEigtNr="5246" KundArt="29" KundStatus="1" KundAufDat="1998-06-04"/>
  <Kunden KundenNr="4798" KundEigtNr="5247" KundArt="29" KundStatus="1" KundAufDat="1998-06-04"/>
  <Kunden KundenNr="4799" KundEigtNr="5249" KundArt="8" KundStatus="3" KundAufDat="1998-06-08"/>
  <Kunden KundenNr="4800" KundEigtNr="5250" KundArt="1" KundStatus="3" KundAufDat="1998-06-08"/>
  <Kunden KundenNr="4801" KundEigtNr="5251" KundArt="1" KundStatus="3" KundAufDat="1998-06-08"/>
  <Kunden KundenNr="4802" KundEigtNr="5252" KundArt="29" KundStatus="1" KundAufDat="1998-06-08"/>
  <Kunden KundenNr="4803" KundEigtNr="5253" KundArt="1" KundStatus="1" KundAufDat="1998-06-08"/>
  <Kunden KundenNr="4804" KundEigtNr="5254" KundArt="29" KundStatus="1" KundAufDat="1998-06-08"/>
  <Kunden KundenNr="4805" KundEigtNr="5255" KundArt="2" KundStatus="3" KundAufDat="1998-06-08"/>
  <Kunden KundenNr="4806" KundEigtNr="5256" KundArt="2" KundStatus="3" KundAufDat="1998-06-08"/>
  <Kunden KundenNr="4807" KundEigtNr="5257" KundArt="1" KundStatus="1" KundAufDat="1998-06-08"/>
  <Kunden KundenNr="4808" KundEigtNr="5258" KundArt="8" KundStatus="3" KundAufDat="1998-06-08"/>
  <Kunden KundenNr="4809" KundEigtNr="5259" KundArt="1" KundStatus="3" KundAufDat="1998-06-08"/>
  <Kunden KundenNr="4810" KundEigtNr="5260" KundArt="2" KundStatus="3" KundAufDat="1998-06-08"/>
  <Kunden KundenNr="4811" KundEigtNr="5261" KundArt="2" KundStatus="3" KundAufDat="1998-06-08"/>
  <Kunden KundenNr="4812" KundEigtNr="5262" KundArt="29" KundStatus="1" KundAufDat="1998-06-08"/>
  <Kunden KundenNr="4813" KundEigtNr="5263" KundArt="2" KundStatus="3" KundAufDat="1998-06-08"/>
  <Kunden KundenNr="4814" KundEigtNr="5264" KundArt="1" KundStatus="3" KundAufDat="1998-06-08"/>
  <Kunden KundenNr="4815" KundEigtNr="5265" KundArt="1" KundStatus="1" KundAufDat="1998-06-08"/>
  <Kunden KundenNr="4816" KundEigtNr="5266" KundArt="1" KundStatus="3" KundAufDat="1998-06-08"/>
  <Kunden KundenNr="4817" KundEigtNr="5267" KundArt="2" KundStatus="3" KundAufDat="1998-06-09"/>
  <Kunden KundenNr="4818" KundEigtNr="5268" KundArt="8" KundStatus="3" KundAufDat="1998-06-09"/>
  <Kunden KundenNr="4819" KundEigtNr="5269" KundArt="2" KundStatus="3" KundAufDat="1998-06-09"/>
  <Kunden KundenNr="4821" KundEigtNr="5270" KundArt="29" KundStatus="1" KundAufDat="1998-06-09"/>
  <Kunden KundenNr="4822" KundEigtNr="5271" KundArt="8" KundStatus="3" KundAufDat="1998-06-09"/>
  <Kunden KundenNr="4823" KundEigtNr="5272" KundArt="8" KundStatus="3" KundAufDat="1998-06-09"/>
  <Kunden KundenNr="4824" KundEigtNr="5273" KundArt="29" KundStatus="1" KundAufDat="1998-06-09"/>
  <Kunden KundenNr="4826" KundEigtNr="5275" KundArt="8" KundStatus="3" KundAufDat="1998-06-10"/>
  <Kunden KundenNr="4827" KundEigtNr="5276" KundArt="29" KundStatus="1" KundAufDat="1998-06-10"/>
  <Kunden KundenNr="4828" KundEigtNr="5277" KundArt="8" KundStatus="3" KundAufDat="1998-06-10"/>
  <Kunden KundenNr="4829" KundEigtNr="5278" KundArt="1" KundStatus="3" KundAufDat="1998-06-10"/>
  <Kunden KundenNr="4830" KundEigtNr="5279" KundArt="2" KundStatus="3" KundAufDat="1998-06-10"/>
  <Kunden KundenNr="4831" KundEigtNr="5280" KundArt="8" KundStatus="3" KundAufDat="1998-06-10"/>
  <Kunden KundenNr="4832" KundEigtNr="5281" KundArt="8" KundStatus="3" KundAufDat="1998-06-13"/>
  <Kunden KundenNr="4833" KundEigtNr="5282" KundArt="1" KundStatus="3" KundAufDat="1998-06-13"/>
  <Kunden KundenNr="4834" KundEigtNr="5283" KundArt="1" KundStatus="3" KundAufDat="1998-06-15"/>
  <Kunden KundenNr="4835" KundEigtNr="5284" KundArt="1" KundStatus="3" KundAufDat="1998-06-15"/>
  <Kunden KundenNr="4837" KundEigtNr="1288" KundArt="8" KundStatus="3" KundAufDat="1998-06-15"/>
  <Kunden KundenNr="4838" KundEigtNr="5285" KundArt="8" KundStatus="3" KundAufDat="1998-06-15"/>
  <Kunden KundenNr="4839" KundEigtNr="5286" KundArt="29" KundStatus="1" KundAufDat="1998-06-15"/>
  <Kunden KundenNr="4840" KundEigtNr="5287" KundArt="2" KundStatus="3" KundAufDat="1998-06-15"/>
  <Kunden KundenNr="4841" KundEigtNr="5288" KundArt="8" KundStatus="3" KundAufDat="1998-06-15"/>
  <Kunden KundenNr="4842" KundEigtNr="5289" KundArt="2" KundStatus="3" KundAufDat="1998-06-15"/>
  <Kunden KundenNr="4843" KundEigtNr="5290" KundArt="2" KundStatus="3" KundAufDat="1998-06-15"/>
  <Kunden KundenNr="4844" KundEigtNr="5291" KundArt="2" KundStatus="3" KundAufDat="1998-06-15"/>
  <Kunden KundenNr="4845" KundEigtNr="5292" KundArt="8" KundStatus="3" KundAufDat="1998-06-15"/>
  <Kunden KundenNr="4846" KundEigtNr="5293" KundArt="8" KundStatus="3" KundAufDat="1998-06-15"/>
  <Kunden KundenNr="4847" KundEigtNr="5294" KundArt="2" KundStatus="3" KundAufDat="1998-06-15"/>
  <Kunden KundenNr="4848" KundEigtNr="5295" KundArt="8" KundStatus="1" KundAufDat="1998-06-15"/>
  <Kunden KundenNr="4849" KundEigtNr="5296" KundArt="2" KundStatus="3" KundAufDat="1998-06-15"/>
  <Kunden KundenNr="4850" KundEigtNr="5297" KundArt="8" KundStatus="1" KundAufDat="1998-06-15"/>
  <Kunden KundenNr="4851" KundEigtNr="5298" KundArt="8" KundStatus="3" KundAufDat="1998-06-15"/>
  <Kunden KundenNr="4852" KundEigtNr="5299" KundArt="8" KundStatus="3" KundAufDat="1998-06-16"/>
  <Kunden KundenNr="4853" KundEigtNr="5243" KundArt="29" KundStatus="1" KundAufDat="1998-06-16"/>
  <Kunden KundenNr="4854" KundEigtNr="5300" KundArt="29" KundStatus="3" KundAufDat="1998-06-16"/>
  <Kunden KundenNr="4855" KundEigtNr="5301" KundArt="2" KundStatus="3" KundAufDat="1998-06-16"/>
  <Kunden KundenNr="4856" KundEigtNr="5302" KundArt="2" KundStatus="3" KundAufDat="1998-06-16"/>
  <Kunden KundenNr="4857" KundEigtNr="5303" KundArt="2" KundStatus="3" KundAufDat="1998-06-16"/>
  <Kunden KundenNr="4858" KundEigtNr="5304" KundArt="8" KundStatus="3" KundAufDat="1998-06-17"/>
  <Kunden KundenNr="4859" KundEigtNr="5305" KundArt="8" KundStatus="3" KundAufDat="1998-06-17"/>
  <Kunden KundenNr="4860" KundEigtNr="5306" KundArt="1" KundStatus="3" KundAufDat="1998-06-17"/>
  <Kunden KundenNr="4861" KundEigtNr="5307" KundArt="29" KundStatus="1" KundAufDat="1998-06-17"/>
  <Kunden KundenNr="4862" KundEigtNr="5308" KundArt="2" KundStatus="3" KundAufDat="1998-06-17"/>
  <Kunden KundenNr="4863" KundEigtNr="5309" KundArt="29" KundStatus="1" KundAufDat="1998-06-17"/>
  <Kunden KundenNr="4865" KundEigtNr="5311" KundArt="29" KundStatus="1" KundAufDat="1998-06-17"/>
  <Kunden KundenNr="4866" KundEigtNr="5312" KundArt="8" KundStatus="3" KundAufDat="1998-06-18"/>
  <Kunden KundenNr="4867" KundEigtNr="5313" KundArt="29" KundStatus="1" KundAufDat="1998-06-18"/>
  <Kunden KundenNr="4868" KundEigtNr="3993" KundArt="1" KundStatus="3" KundAufDat="1998-06-18"/>
  <Kunden KundenNr="4869" KundEigtNr="5314" KundArt="29" KundStatus="3" KundAufDat="1998-06-18"/>
  <Kunden KundenNr="4870" KundEigtNr="5315" KundArt="8" KundStatus="3" KundAufDat="1998-06-19"/>
  <Kunden KundenNr="4871" KundEigtNr="5316" KundArt="29" KundStatus="3" KundAufDat="1998-06-22"/>
  <Kunden KundenNr="4872" KundEigtNr="5317" KundArt="8" KundStatus="3" KundAufDat="1998-06-22"/>
  <Kunden KundenNr="4873" KundEigtNr="5318" KundArt="8" KundStatus="3" KundAufDat="1998-06-22"/>
  <Kunden KundenNr="4874" KundEigtNr="5319" KundArt="1" KundStatus="1" KundAufDat="1998-06-22"/>
  <Kunden KundenNr="4875" KundEigtNr="5320" KundArt="2" KundStatus="3" KundAufDat="1998-06-22"/>
  <Kunden KundenNr="4876" KundEigtNr="5321" KundArt="2" KundStatus="3" KundAufDat="1998-06-22"/>
  <Kunden KundenNr="4877" KundEigtNr="5322" KundArt="2" KundStatus="3" KundAufDat="1998-06-22"/>
  <Kunden KundenNr="4878" KundEigtNr="5323" KundArt="2" KundStatus="3" KundAufDat="1998-06-22"/>
  <Kunden KundenNr="4879" KundEigtNr="3179" KundArt="8" KundStatus="3" KundAufDat="1998-06-22"/>
  <Kunden KundenNr="4880" KundEigtNr="5324" KundArt="2" KundStatus="3" KundAufDat="1998-06-22"/>
  <Kunden KundenNr="4881" KundEigtNr="5325" KundArt="2" KundStatus="3" KundAufDat="1998-06-22"/>
  <Kunden KundenNr="4882" KundEigtNr="5326" KundArt="1" KundStatus="3" KundAufDat="1998-06-22"/>
  <Kunden KundenNr="4883" KundEigtNr="5327" KundArt="8" KundStatus="3" KundAufDat="1998-06-22"/>
  <Kunden KundenNr="4884" KundEigtNr="5328" KundArt="1" KundStatus="3" KundAufDat="1998-06-22"/>
  <Kunden KundenNr="4885" KundEigtNr="5329" KundArt="2" KundStatus="3" KundAufDat="1998-06-23"/>
  <Kunden KundenNr="4886" KundEigtNr="5330" KundArt="8" KundStatus="3" KundAufDat="1998-06-23"/>
  <Kunden KundenNr="4887" KundEigtNr="5331" KundArt="8" KundStatus="3" KundAufDat="1998-06-23"/>
  <Kunden KundenNr="4888" KundEigtNr="5332" KundArt="8" KundStatus="3" KundAufDat="1998-06-23"/>
  <Kunden KundenNr="4889" KundEigtNr="5333" KundArt="8" KundStatus="3" KundAufDat="1998-06-23"/>
  <Kunden KundenNr="4890" KundEigtNr="5330" KundArt="1" KundStatus="3" KundAufDat="1998-06-24"/>
  <Kunden KundenNr="4891" KundEigtNr="5334" KundArt="8" KundStatus="3" KundAufDat="1998-06-24"/>
  <Kunden KundenNr="4892" KundEigtNr="5335" KundArt="2" KundStatus="3" KundAufDat="1998-06-24"/>
  <Kunden KundenNr="4893" KundEigtNr="5336" KundArt="2" KundStatus="3" KundAufDat="1998-06-25"/>
  <Kunden KundenNr="4894" KundEigtNr="5092" KundArt="29" KundStatus="1" KundAufDat="1998-06-25"/>
  <Kunden KundenNr="4895" KundEigtNr="5337" KundArt="8" KundStatus="3" KundAufDat="1998-06-25"/>
  <Kunden KundenNr="4896" KundEigtNr="1176" KundArt="2" KundStatus="3" KundAufDat="1998-06-25"/>
  <Kunden KundenNr="4897" KundEigtNr="5338" KundArt="2" KundStatus="1" KundAufDat="1998-06-26"/>
  <Kunden KundenNr="4898" KundEigtNr="5339" KundArt="8" KundStatus="3" KundAufDat="1998-06-29"/>
  <Kunden KundenNr="4899" KundEigtNr="5340" KundArt="8" KundStatus="3" KundAufDat="1998-06-29"/>
  <Kunden KundenNr="4900" KundEigtNr="5341" KundArt="8" KundStatus="3" KundAufDat="1998-06-29"/>
  <Kunden KundenNr="4901" KundEigtNr="5342" KundArt="8" KundStatus="3" KundAufDat="1998-06-29"/>
  <Kunden KundenNr="4902" KundEigtNr="5343" KundArt="8" KundStatus="3" KundAufDat="1998-06-29"/>
  <Kunden KundenNr="4903" KundEigtNr="5344" KundArt="8" KundStatus="3" KundAufDat="1998-06-29"/>
  <Kunden KundenNr="4904" KundEigtNr="5373" KundArt="1" KundStatus="3" KundAufDat="1998-06-29"/>
  <Kunden KundenNr="4905" KundEigtNr="5346" KundArt="29" KundStatus="1" KundAufDat="1998-06-29"/>
  <Kunden KundenNr="4906" KundEigtNr="5202" KundArt="1" KundStatus="3" KundAufDat="1998-06-29"/>
  <Kunden KundenNr="4907" KundEigtNr="5347" KundArt="8" KundStatus="3" KundAufDat="1998-06-30"/>
  <Kunden KundenNr="4908" KundEigtNr="5348" KundArt="8" KundStatus="1" KundAufDat="1998-06-30"/>
  <Kunden KundenNr="4909" KundEigtNr="3222" KundArt="8" KundStatus="3" KundAufDat="1998-06-30"/>
  <Kunden KundenNr="4910" KundEigtNr="5349" KundArt="8" KundStatus="3" KundAufDat="1998-06-30"/>
  <Kunden KundenNr="4911" KundEigtNr="5350" KundArt="1" KundStatus="3" KundAufDat="1998-06-30"/>
  <Kunden KundenNr="4912" KundEigtNr="5351" KundArt="8" KundStatus="3" KundAufDat="1998-07-01"/>
  <Kunden KundenNr="4913" KundEigtNr="5352" KundArt="8" KundStatus="3" KundAufDat="1998-07-01"/>
  <Kunden KundenNr="4914" KundEigtNr="5353" KundArt="8" KundStatus="3" KundAufDat="1998-07-01"/>
  <Kunden KundenNr="4915" KundEigtNr="5354" KundArt="8" KundStatus="3" KundAufDat="1998-07-01"/>
  <Kunden KundenNr="4916" KundEigtNr="5355" KundArt="1" KundStatus="3" KundAufDat="1998-07-01"/>
  <Kunden KundenNr="4917" KundEigtNr="5356" KundArt="8" KundStatus="3" KundAufDat="1998-07-01"/>
  <Kunden KundenNr="4918" KundEigtNr="5357" KundArt="8" KundStatus="3" KundAufDat="1998-07-01"/>
  <Kunden KundenNr="4919" KundEigtNr="5358" KundArt="8" KundStatus="3" KundAufDat="1998-07-01"/>
  <Kunden KundenNr="4920" KundEigtNr="5359" KundArt="1" KundStatus="3" KundAufDat="1998-07-01"/>
  <Kunden KundenNr="4921" KundEigtNr="5360" KundArt="29" KundStatus="1" KundAufDat="1998-07-02"/>
  <Kunden KundenNr="4922" KundEigtNr="5361" KundArt="1" KundStatus="3" KundAufDat="1998-07-02"/>
  <Kunden KundenNr="4923" KundEigtNr="5362" KundArt="8" KundStatus="3" KundAufDat="1998-07-06"/>
  <Kunden KundenNr="4924" KundEigtNr="5363" KundArt="8" KundStatus="1" KundAufDat="1998-07-06"/>
  <Kunden KundenNr="4925" KundEigtNr="5364" KundArt="8" KundStatus="3" KundAufDat="1998-07-06"/>
  <Kunden KundenNr="4926" KundEigtNr="5365" KundArt="8" KundStatus="3" KundAufDat="1998-07-06"/>
  <Kunden KundenNr="4927" KundEigtNr="5366" KundArt="8" KundStatus="1" KundAufDat="1998-07-06"/>
  <Kunden KundenNr="4928" KundEigtNr="5001" KundArt="29" KundStatus="1" KundAufDat="1998-07-06"/>
  <Kunden KundenNr="4929" KundEigtNr="5367" KundArt="8" KundStatus="3" KundAufDat="1998-07-06"/>
  <Kunden KundenNr="4930" KundEigtNr="5368" KundArt="2" KundStatus="3" KundAufDat="1998-07-06"/>
  <Kunden KundenNr="4931" KundEigtNr="5369" KundArt="2" KundStatus="3" KundAufDat="1998-07-06"/>
  <Kunden KundenNr="4932" KundEigtNr="5238" KundArt="2" KundStatus="1" KundAufDat="1998-07-07"/>
  <Kunden KundenNr="4933" KundEigtNr="5370" KundArt="2" KundStatus="3" KundAufDat="1998-07-07"/>
  <Kunden KundenNr="4934" KundEigtNr="5371" KundArt="2" KundStatus="3" KundAufDat="1998-07-07"/>
  <Kunden KundenNr="4935" KundEigtNr="5372" KundArt="2" KundStatus="3" KundAufDat="1998-07-07"/>
  <Kunden KundenNr="4936" KundEigtNr="5373" KundArt="8" KundStatus="3" KundAufDat="1998-07-07"/>
  <Kunden KundenNr="4937" KundEigtNr="5375" KundArt="2" KundStatus="1" KundAufDat="1998-07-08"/>
  <Kunden KundenNr="4940" KundEigtNr="5377" KundArt="29" KundStatus="1" KundAufDat="1998-07-08"/>
  <Kunden KundenNr="4941" KundEigtNr="5378" KundArt="1" KundStatus="3" KundAufDat="1998-07-09"/>
  <Kunden KundenNr="4942" KundEigtNr="5379" KundArt="29" KundStatus="1" KundAufDat="1998-07-09"/>
  <Kunden KundenNr="4943" KundEigtNr="5380" KundArt="8" KundStatus="1" KundAufDat="1998-07-09"/>
  <Kunden KundenNr="4944" KundEigtNr="5381" KundArt="8" KundStatus="1" KundAufDat="1998-07-09"/>
  <Kunden KundenNr="4945" KundEigtNr="5382" KundArt="8" KundStatus="1" KundAufDat="1998-07-10"/>
  <Kunden KundenNr="4946" KundEigtNr="5383" KundArt="4" KundStatus="3" KundAufDat="1998-07-10"/>
  <Kunden KundenNr="4947" KundEigtNr="5384" KundArt="1" KundStatus="1" KundAufDat="1998-07-10"/>
  <Kunden KundenNr="4948" KundEigtNr="5385" KundArt="29" KundStatus="1" KundAufDat="1998-07-10"/>
  <Kunden KundenNr="4949" KundEigtNr="5333" KundArt="1" KundStatus="3" KundAufDat="1998-07-10"/>
  <Kunden KundenNr="4950" KundEigtNr="5387" KundArt="2" KundStatus="3" KundAufDat="1998-07-10"/>
  <Kunden KundenNr="4951" KundEigtNr="5388" KundArt="2" KundStatus="3" KundAufDat="1998-07-11"/>
  <Kunden KundenNr="4952" KundEigtNr="5387" KundArt="8" KundStatus="3" KundAufDat="1998-07-13"/>
  <Kunden KundenNr="4953" KundEigtNr="5389" KundArt="8" KundStatus="3" KundAufDat="1998-07-13"/>
  <Kunden KundenNr="4954" KundEigtNr="5390" KundArt="8" KundStatus="3" KundAufDat="1998-07-13"/>
  <Kunden KundenNr="4955" KundEigtNr="5391" KundArt="8" KundStatus="3" KundAufDat="1998-07-13"/>
  <Kunden KundenNr="4956" KundEigtNr="5392" KundArt="8" KundStatus="3" KundAufDat="1998-07-13"/>
  <Kunden KundenNr="4957" KundEigtNr="5393" KundArt="2" KundStatus="3" KundAufDat="1998-07-13"/>
  <Kunden KundenNr="4958" KundEigtNr="5394" KundArt="2" KundStatus="3" KundAufDat="1998-07-13"/>
  <Kunden KundenNr="4959" KundEigtNr="5395" KundArt="2" KundStatus="1" KundAufDat="1998-07-13"/>
  <Kunden KundenNr="4960" KundEigtNr="5396" KundArt="2" KundStatus="3" KundAufDat="1998-07-13"/>
  <Kunden KundenNr="4961" KundEigtNr="5397" KundArt="2" KundStatus="3" KundAufDat="1998-07-13"/>
  <Kunden KundenNr="4962" KundEigtNr="2154" KundArt="29" KundStatus="1" KundAufDat="1998-07-13"/>
  <Kunden KundenNr="4963" KundEigtNr="5398" KundArt="1" KundStatus="3" KundAufDat="1998-07-13"/>
  <Kunden KundenNr="4964" KundEigtNr="5399" KundArt="8" KundStatus="3" KundAufDat="1998-07-14"/>
  <Kunden KundenNr="4965" KundEigtNr="5400" KundArt="8" KundStatus="1" KundAufDat="1998-07-14"/>
  <Kunden KundenNr="4966" KundEigtNr="5401" KundArt="8" KundStatus="3" KundAufDat="1998-07-14"/>
  <Kunden KundenNr="4967" KundEigtNr="5402" KundArt="29" KundStatus="1" KundAufDat="1998-07-15"/>
  <Kunden KundenNr="4968" KundEigtNr="5403" KundArt="2" KundStatus="3" KundAufDat="1998-07-15"/>
  <Kunden KundenNr="4969" KundEigtNr="5404" KundArt="2" KundStatus="3" KundAufDat="1998-07-15"/>
  <Kunden KundenNr="4970" KundEigtNr="5405" KundArt="2" KundStatus="3" KundAufDat="1998-07-15"/>
  <Kunden KundenNr="4971" KundEigtNr="5406" KundArt="2" KundStatus="3" KundAufDat="1998-07-15"/>
  <Kunden KundenNr="4972" KundEigtNr="5407" KundArt="2" KundStatus="3" KundAufDat="1998-07-15"/>
  <Kunden KundenNr="4973" KundEigtNr="5408" KundArt="2" KundStatus="3" KundAufDat="1998-07-15"/>
  <Kunden KundenNr="4974" KundEigtNr="5409" KundArt="2" KundStatus="3" KundAufDat="1998-07-15"/>
  <Kunden KundenNr="4975" KundEigtNr="5410" KundArt="2" KundStatus="3" KundAufDat="1998-07-15"/>
  <Kunden KundenNr="4976" KundEigtNr="5411" KundArt="2" KundStatus="3" KundAufDat="1998-07-15"/>
  <Kunden KundenNr="4977" KundEigtNr="5412" KundArt="2" KundStatus="1" KundAufDat="1998-07-15"/>
  <Kunden KundenNr="4978" KundEigtNr="5413" KundArt="2" KundStatus="3" KundAufDat="1998-07-15"/>
  <Kunden KundenNr="4979" KundEigtNr="5414" KundArt="2" KundStatus="3" KundAufDat="1998-07-17"/>
  <Kunden KundenNr="4980" KundEigtNr="5415" KundArt="29" KundStatus="3" KundAufDat="1998-07-17"/>
  <Kunden KundenNr="4981" KundEigtNr="5416" KundArt="2" KundStatus="3" KundAufDat="1998-07-17"/>
  <Kunden KundenNr="4982" KundEigtNr="5417" KundArt="29" KundStatus="1" KundAufDat="1998-07-20"/>
  <Kunden KundenNr="4983" KundEigtNr="5418" KundArt="2" KundStatus="1" KundAufDat="1998-07-20"/>
  <Kunden KundenNr="4984" KundEigtNr="5419" KundArt="2" KundStatus="3" KundAufDat="1998-07-20"/>
  <Kunden KundenNr="4985" KundEigtNr="5420" KundArt="2" KundStatus="3" KundAufDat="1998-07-20"/>
  <Kunden KundenNr="4986" KundEigtNr="5421" KundArt="1" KundStatus="3" KundAufDat="1998-07-21"/>
  <Kunden KundenNr="4987" KundEigtNr="5422" KundArt="1" KundStatus="3" KundAufDat="1998-07-21"/>
  <Kunden KundenNr="4988" KundEigtNr="5423" KundArt="8" KundStatus="3" KundAufDat="1998-07-21"/>
  <Kunden KundenNr="4989" KundEigtNr="5424" KundArt="29" KundStatus="1" KundAufDat="1998-07-21"/>
  <Kunden KundenNr="4990" KundEigtNr="5425" KundArt="8" KundStatus="3" KundAufDat="1998-07-22"/>
  <Kunden KundenNr="4991" KundEigtNr="5426" KundArt="8" KundStatus="3" KundAufDat="1998-07-22"/>
  <Kunden KundenNr="4993" KundEigtNr="5428" KundArt="29" KundStatus="1" KundAufDat="1998-07-23"/>
  <Kunden KundenNr="4994" KundEigtNr="5431" KundArt="2" KundStatus="3" KundAufDat="1998-07-23"/>
  <Kunden KundenNr="4995" KundEigtNr="5432" KundArt="29" KundStatus="1" KundAufDat="1998-07-24"/>
  <Kunden KundenNr="4996" KundEigtNr="5433" KundArt="29" KundStatus="1" KundAufDat="1998-07-24"/>
  <Kunden KundenNr="4997" KundEigtNr="5443" KundArt="2" KundStatus="3" KundAufDat="1998-07-27"/>
  <Kunden KundenNr="4998" KundEigtNr="5444" KundArt="8" KundStatus="3" KundAufDat="1998-07-27"/>
  <Kunden KundenNr="4999" KundEigtNr="5447" KundArt="8" KundStatus="3" KundAufDat="1998-07-27"/>
  <Kunden KundenNr="5000" KundEigtNr="5453" KundArt="8" KundStatus="3" KundAufDat="1998-07-28"/>
  <Kunden KundenNr="5001" KundEigtNr="5454" KundArt="8" KundStatus="1" KundAufDat="1998-07-28"/>
  <Kunden KundenNr="5002" KundEigtNr="5455" KundArt="8" KundStatus="3" KundAufDat="1998-07-28"/>
  <Kunden KundenNr="5003" KundEigtNr="5457" KundArt="1" KundStatus="3" KundAufDat="1998-07-29"/>
  <Kunden KundenNr="5004" KundEigtNr="5458" KundArt="8" KundStatus="1" KundAufDat="1998-07-29"/>
  <Kunden KundenNr="5005" KundEigtNr="5459" KundArt="1" KundStatus="3" KundAufDat="1998-07-30"/>
  <Kunden KundenNr="5006" KundEigtNr="5460" KundArt="14" KundStatus="3" KundAufDat="1998-07-31"/>
  <Kunden KundenNr="5007" KundEigtNr="5461" KundArt="14" KundStatus="3" KundAufDat="1998-07-31"/>
  <Kunden KundenNr="5008" KundEigtNr="5462" KundArt="14" KundStatus="3" KundAufDat="1998-07-31"/>
  <Kunden KundenNr="5009" KundEigtNr="5463" KundArt="14" KundStatus="3" KundAufDat="1998-07-31"/>
  <Kunden KundenNr="5010" KundEigtNr="5464" KundArt="14" KundStatus="3" KundAufDat="1998-07-31"/>
  <Kunden KundenNr="5011" KundEigtNr="5465" KundArt="14" KundStatus="3" KundAufDat="1998-07-31"/>
  <Kunden KundenNr="5012" KundEigtNr="5466" KundArt="2" KundStatus="3" KundAufDat="1998-07-31"/>
  <Kunden KundenNr="5013" KundEigtNr="5467" KundArt="8" KundStatus="1" KundAufDat="1998-08-03"/>
  <Kunden KundenNr="5014" KundEigtNr="5468" KundArt="8" KundStatus="3" KundAufDat="1998-08-03"/>
  <Kunden KundenNr="5015" KundEigtNr="5469" KundArt="8" KundStatus="3" KundAufDat="1998-08-03"/>
  <Kunden KundenNr="5016" KundEigtNr="5470" KundArt="8" KundStatus="3" KundAufDat="1998-08-03"/>
  <Kunden KundenNr="5017" KundEigtNr="5471" KundArt="8" KundStatus="3" KundAufDat="1998-08-03"/>
  <Kunden KundenNr="5018" KundEigtNr="5472" KundArt="1" KundStatus="3" KundAufDat="1998-08-03"/>
  <Kunden KundenNr="5019" KundEigtNr="5473" KundArt="8" KundStatus="3" KundAufDat="1998-08-03"/>
  <Kunden KundenNr="5020" KundEigtNr="5159" KundArt="29" KundStatus="1" KundAufDat="1998-08-03"/>
  <Kunden KundenNr="5022" KundEigtNr="5475" KundArt="8" KundStatus="3" KundAufDat="1998-08-03"/>
  <Kunden KundenNr="5023" KundEigtNr="5476" KundArt="29" KundStatus="3" KundAufDat="1998-08-04"/>
  <Kunden KundenNr="5024" KundEigtNr="5480" KundArt="8" KundStatus="3" KundAufDat="1998-08-04"/>
  <Kunden KundenNr="5025" KundEigtNr="5485" KundArt="8" KundStatus="3" KundAufDat="1998-08-04"/>
  <Kunden KundenNr="5026" KundEigtNr="3007" KundArt="1" KundStatus="1" KundAufDat="1998-08-04"/>
  <Kunden KundenNr="5028" KundEigtNr="5487" KundArt="1" KundStatus="3" KundAufDat="1998-08-04"/>
  <Kunden KundenNr="5029" KundEigtNr="5489" KundArt="1" KundStatus="3" KundAufDat="1998-08-04"/>
  <Kunden KundenNr="5030" KundEigtNr="2720" KundArt="1" KundStatus="3" KundAufDat="1998-08-05"/>
  <Kunden KundenNr="5031" KundEigtNr="5490" KundArt="8" KundStatus="3" KundAufDat="1998-08-05"/>
  <Kunden KundenNr="5032" KundEigtNr="5491" KundArt="29" KundStatus="1" KundAufDat="1998-08-06"/>
  <Kunden KundenNr="5033" KundEigtNr="5492" KundArt="29" KundStatus="1" KundAufDat="1998-08-06"/>
  <Kunden KundenNr="5034" KundEigtNr="5494" KundArt="8" KundStatus="3" KundAufDat="1998-08-06"/>
  <Kunden KundenNr="5035" KundEigtNr="5495" KundArt="8" KundStatus="3" KundAufDat="1998-08-07"/>
  <Kunden KundenNr="5036" KundEigtNr="5496" KundArt="2" KundStatus="3" KundAufDat="1998-08-07"/>
  <Kunden KundenNr="5037" KundEigtNr="5497" KundArt="1" KundStatus="1" KundAufDat="1998-08-07"/>
  <Kunden KundenNr="5038" KundEigtNr="5498" KundArt="29" KundStatus="1" KundAufDat="1998-08-07"/>
  <Kunden KundenNr="5039" KundEigtNr="5499" KundArt="29" KundStatus="1" KundAufDat="1998-08-07"/>
  <Kunden KundenNr="5040" KundEigtNr="5500" KundArt="29" KundStatus="1" KundAufDat="1998-08-07"/>
  <Kunden KundenNr="5041" KundEigtNr="5501" KundArt="8" KundStatus="3" KundAufDat="1998-08-08"/>
  <Kunden KundenNr="5042" KundEigtNr="5431" KundArt="8" KundStatus="3" KundAufDat="1998-08-08"/>
  <Kunden KundenNr="5043" KundEigtNr="5502" KundArt="8" KundStatus="3" KundAufDat="1998-08-10"/>
  <Kunden KundenNr="5045" KundEigtNr="3502" KundArt="8" KundStatus="3" KundAufDat="1998-08-10"/>
  <Kunden KundenNr="5046" KundEigtNr="5503" KundArt="14" KundStatus="3" KundAufDat="1998-08-10"/>
  <Kunden KundenNr="5047" KundEigtNr="5504" KundArt="8" KundStatus="3" KundAufDat="1998-08-10"/>
  <Kunden KundenNr="5049" KundEigtNr="5506" KundArt="8" KundStatus="3" KundAufDat="1998-08-11"/>
  <Kunden KundenNr="5050" KundEigtNr="5507" KundArt="1" KundStatus="1" KundAufDat="1998-08-11"/>
  <Kunden KundenNr="5051" KundEigtNr="5508" KundArt="8" KundStatus="3" KundAufDat="1998-08-12"/>
  <Kunden KundenNr="5053" KundEigtNr="5510" KundArt="8" KundStatus="3" KundAufDat="1998-08-13"/>
  <Kunden KundenNr="5054" KundEigtNr="5511" KundArt="1" KundStatus="1" KundAufDat="1998-08-14"/>
  <Kunden KundenNr="5055" KundEigtNr="5512" KundArt="1" KundStatus="1" KundAufDat="1998-08-15"/>
  <Kunden KundenNr="5056" KundEigtNr="5513" KundArt="1" KundStatus="3" KundAufDat="1998-08-15"/>
  <Kunden KundenNr="5057" KundEigtNr="5514" KundArt="1" KundStatus="3" KundAufDat="1998-08-15"/>
  <Kunden KundenNr="5058" KundEigtNr="5515" KundArt="1" KundStatus="3" KundAufDat="1998-08-15"/>
  <Kunden KundenNr="5059" KundEigtNr="5513" KundArt="8" KundStatus="3" KundAufDat="1998-08-17"/>
  <Kunden KundenNr="5060" KundEigtNr="5517" KundArt="1" KundStatus="3" KundAufDat="1998-08-17"/>
  <Kunden KundenNr="5061" KundEigtNr="5518" KundArt="1" KundStatus="3" KundAufDat="1998-08-17"/>
  <Kunden KundenNr="5062" KundEigtNr="5519" KundArt="1" KundStatus="3" KundAufDat="1998-08-17"/>
  <Kunden KundenNr="5063" KundEigtNr="5520" KundArt="1" KundStatus="3" KundAufDat="1998-08-17"/>
  <Kunden KundenNr="5064" KundEigtNr="5521" KundArt="1" KundStatus="3" KundAufDat="1998-08-17"/>
  <Kunden KundenNr="5065" KundEigtNr="5522" KundArt="1" KundStatus="3" KundAufDat="1998-08-17"/>
  <Kunden KundenNr="5066" KundEigtNr="5523" KundArt="1" KundStatus="3" KundAufDat="1998-08-17"/>
  <Kunden KundenNr="5067" KundEigtNr="5524" KundArt="1" KundStatus="3" KundAufDat="1998-08-17"/>
  <Kunden KundenNr="5068" KundEigtNr="5525" KundArt="1" KundStatus="3" KundAufDat="1998-08-17"/>
  <Kunden KundenNr="5070" KundEigtNr="5526" KundArt="8" KundStatus="1" KundAufDat="1998-08-17"/>
  <Kunden KundenNr="5071" KundEigtNr="5475" KundArt="1" KundStatus="3" KundAufDat="1998-08-17"/>
  <Kunden KundenNr="5072" KundEigtNr="5527" KundArt="1" KundStatus="3" KundAufDat="1998-08-17"/>
  <Kunden KundenNr="5073" KundEigtNr="5528" KundArt="1" KundStatus="3" KundAufDat="1998-08-17"/>
  <Kunden KundenNr="5074" KundEigtNr="5529" KundArt="1" KundStatus="3" KundAufDat="1998-08-17"/>
  <Kunden KundenNr="5076" KundEigtNr="5531" KundArt="1" KundStatus="1" KundAufDat="1998-08-18"/>
  <Kunden KundenNr="5077" KundEigtNr="5532" KundArt="1" KundStatus="3" KundAufDat="1998-08-18"/>
  <Kunden KundenNr="5078" KundEigtNr="5533" KundArt="1" KundStatus="3" KundAufDat="1998-08-18"/>
  <Kunden KundenNr="5079" KundEigtNr="5534" KundArt="1" KundStatus="3" KundAufDat="1998-08-18"/>
  <Kunden KundenNr="5080" KundEigtNr="5535" KundArt="1" KundStatus="3" KundAufDat="1998-08-18"/>
  <Kunden KundenNr="5081" KundEigtNr="5536" KundArt="8" KundStatus="3" KundAufDat="1998-08-18"/>
  <Kunden KundenNr="5082" KundEigtNr="5537" KundArt="29" KundStatus="1" KundAufDat="1998-08-18"/>
  <Kunden KundenNr="5083" KundEigtNr="5553" KundArt="1" KundStatus="3" KundAufDat="1998-08-19"/>
  <Kunden KundenNr="5084" KundEigtNr="5556" KundArt="1" KundStatus="3" KundAufDat="1998-08-20"/>
  <Kunden KundenNr="5085" KundEigtNr="5557" KundArt="1" KundStatus="3" KundAufDat="1998-08-20"/>
  <Kunden KundenNr="5086" KundEigtNr="5558" KundArt="1" KundStatus="3" KundAufDat="1998-08-20"/>
  <Kunden KundenNr="5087" KundEigtNr="5568" KundArt="29" KundStatus="1" KundAufDat="1998-08-21"/>
  <Kunden KundenNr="5088" KundEigtNr="5581" KundArt="1" KundStatus="3" KundAufDat="1998-08-22"/>
  <Kunden KundenNr="5089" KundEigtNr="5582" KundArt="1" KundStatus="1" KundAufDat="1998-08-22"/>
  <Kunden KundenNr="5090" KundEigtNr="5583" KundArt="1" KundStatus="3" KundAufDat="1998-08-24"/>
  <Kunden KundenNr="5091" KundEigtNr="5584" KundArt="8" KundStatus="3" KundAufDat="1998-08-24"/>
  <Kunden KundenNr="5092" KundEigtNr="5585" KundArt="8" KundStatus="3" KundAufDat="1998-08-24"/>
  <Kunden KundenNr="5093" KundEigtNr="5586" KundArt="1" KundStatus="3" KundAufDat="1998-08-24"/>
  <Kunden KundenNr="5094" KundEigtNr="5587" KundArt="1" KundStatus="3" KundAufDat="1998-08-24"/>
  <Kunden KundenNr="5095" KundEigtNr="5588" KundArt="1" KundStatus="3" KundAufDat="1998-08-24"/>
  <Kunden KundenNr="5096" KundEigtNr="5589" KundArt="8" KundStatus="3" KundAufDat="1998-08-24"/>
  <Kunden KundenNr="5097" KundEigtNr="5590" KundArt="8" KundStatus="1" KundAufDat="1998-08-24"/>
  <Kunden KundenNr="5098" KundEigtNr="5591" KundArt="1" KundStatus="3" KundAufDat="1998-08-24"/>
  <Kunden KundenNr="5099" KundEigtNr="5592" KundArt="8" KundStatus="3" KundAufDat="1998-08-24"/>
  <Kunden KundenNr="5100" KundEigtNr="5593" KundArt="8" KundStatus="3" KundAufDat="1998-08-24"/>
  <Kunden KundenNr="5101" KundEigtNr="5594" KundArt="29" KundStatus="1" KundAufDat="1998-08-24"/>
  <Kunden KundenNr="5102" KundEigtNr="5595" KundArt="29" KundStatus="1" KundAufDat="1998-08-24"/>
  <Kunden KundenNr="5103" KundEigtNr="5596" KundArt="1" KundStatus="3" KundAufDat="1998-08-24"/>
  <Kunden KundenNr="5104" KundEigtNr="5597" KundArt="1" KundStatus="3" KundAufDat="1998-08-24"/>
  <Kunden KundenNr="5105" KundEigtNr="5598" KundArt="1" KundStatus="3" KundAufDat="1998-08-24"/>
  <Kunden KundenNr="5106" KundEigtNr="5599" KundArt="1" KundStatus="3" KundAufDat="1998-08-24"/>
  <Kunden KundenNr="5107" KundEigtNr="5600" KundArt="2" KundStatus="3" KundAufDat="1998-08-24"/>
  <Kunden KundenNr="5108" KundEigtNr="5601" KundArt="2" KundStatus="3" KundAufDat="1998-08-24"/>
  <Kunden KundenNr="5109" KundEigtNr="5602" KundArt="8" KundStatus="3" KundAufDat="1998-08-24"/>
  <Kunden KundenNr="5110" KundEigtNr="5603" KundArt="8" KundStatus="3" KundAufDat="1998-08-24"/>
  <Kunden KundenNr="5111" KundEigtNr="5604" KundArt="1" KundStatus="3" KundAufDat="1998-08-24"/>
  <Kunden KundenNr="5112" KundEigtNr="5605" KundArt="1" KundStatus="1" KundAufDat="1998-08-25"/>
  <Kunden KundenNr="5113" KundEigtNr="5606" KundArt="2" KundStatus="3" KundAufDat="1998-08-25"/>
  <Kunden KundenNr="5114" KundEigtNr="5607" KundArt="2" KundStatus="3" KundAufDat="1998-08-25"/>
  <Kunden KundenNr="5115" KundEigtNr="5608" KundArt="1" KundStatus="3" KundAufDat="1998-08-25"/>
  <Kunden KundenNr="5116" KundEigtNr="5609" KundArt="8" KundStatus="3" KundAufDat="1998-08-25"/>
  <Kunden KundenNr="5117" KundEigtNr="5610" KundArt="29" KundStatus="1" KundAufDat="1998-08-25"/>
  <Kunden KundenNr="5118" KundEigtNr="5613" KundArt="8" KundStatus="3" KundAufDat="1998-08-25"/>
  <Kunden KundenNr="5119" KundEigtNr="5614" KundArt="2" KundStatus="3" KundAufDat="1998-08-25"/>
  <Kunden KundenNr="5120" KundEigtNr="5629" KundArt="1" KundStatus="3" KundAufDat="1998-08-26"/>
  <Kunden KundenNr="5121" KundEigtNr="5630" KundArt="1" KundStatus="3" KundAufDat="1998-08-26"/>
  <Kunden KundenNr="5122" KundEigtNr="5632" KundArt="8" KundStatus="3" KundAufDat="1998-08-27"/>
  <Kunden KundenNr="5123" KundEigtNr="5633" KundArt="29" KundStatus="1" KundAufDat="1998-08-27"/>
  <Kunden KundenNr="5124" KundEigtNr="5626" KundArt="29" KundStatus="1" KundAufDat="1998-08-27"/>
  <Kunden KundenNr="5125" KundEigtNr="5635" KundArt="1" KundStatus="3" KundAufDat="1998-08-27"/>
  <Kunden KundenNr="5126" KundEigtNr="5640" KundArt="2" KundStatus="3" KundAufDat="1998-08-31"/>
  <Kunden KundenNr="5127" KundEigtNr="5641" KundArt="2" KundStatus="3" KundAufDat="1998-08-31"/>
  <Kunden KundenNr="5128" KundEigtNr="5642" KundArt="2" KundStatus="3" KundAufDat="1998-08-31"/>
  <Kunden KundenNr="5129" KundEigtNr="5643" KundArt="2" KundStatus="3" KundAufDat="1998-08-31"/>
  <Kunden KundenNr="5130" KundEigtNr="5644" KundArt="1" KundStatus="1" KundAufDat="1998-08-31"/>
  <Kunden KundenNr="5131" KundEigtNr="5645" KundArt="2" KundStatus="3" KundAufDat="1998-08-31"/>
  <Kunden KundenNr="5132" KundEigtNr="5646" KundArt="2" KundStatus="3" KundAufDat="1998-08-31"/>
  <Kunden KundenNr="5133" KundEigtNr="5647" KundArt="2" KundStatus="1" KundAufDat="1998-08-31"/>
  <Kunden KundenNr="5134" KundEigtNr="5648" KundArt="1" KundStatus="1" KundAufDat="1998-09-01"/>
  <Kunden KundenNr="5135" KundEigtNr="5649" KundArt="29" KundStatus="1" KundAufDat="1998-09-01"/>
  <Kunden KundenNr="5136" KundEigtNr="5650" KundArt="8" KundStatus="3" KundAufDat="1998-09-01"/>
  <Kunden KundenNr="5137" KundEigtNr="5651" KundArt="29" KundStatus="3" KundAufDat="1998-09-01"/>
  <Kunden KundenNr="5138" KundEigtNr="5652" KundArt="29" KundStatus="1" KundAufDat="1998-09-01"/>
  <Kunden KundenNr="5139" KundEigtNr="5653" KundArt="1" KundStatus="3" KundAufDat="1998-09-02"/>
  <Kunden KundenNr="5140" KundEigtNr="5654" KundArt="1" KundStatus="3" KundAufDat="1998-09-02"/>
  <Kunden KundenNr="5141" KundEigtNr="5655" KundArt="1" KundStatus="3" KundAufDat="1998-09-02"/>
  <Kunden KundenNr="5142" KundEigtNr="5656" KundArt="29" KundStatus="1" KundAufDat="1998-09-02"/>
  <Kunden KundenNr="5143" KundEigtNr="5657" KundArt="1" KundStatus="3" KundAufDat="1998-09-02"/>
  <Kunden KundenNr="5144" KundEigtNr="5659" KundArt="29" KundStatus="1" KundAufDat="1998-09-02"/>
  <Kunden KundenNr="5145" KundEigtNr="5661" KundArt="2" KundStatus="3" KundAufDat="1998-09-03"/>
  <Kunden KundenNr="5146" KundEigtNr="5578" KundArt="1" KundStatus="3" KundAufDat="1998-09-03"/>
  <Kunden KundenNr="5147" KundEigtNr="5658" KundArt="1" KundStatus="3" KundAufDat="1998-09-03"/>
  <Kunden KundenNr="5148" KundEigtNr="5662" KundArt="8" KundStatus="3" KundAufDat="1998-09-04"/>
  <Kunden KundenNr="5149" KundEigtNr="5663" KundArt="8" KundStatus="3" KundAufDat="1998-09-07"/>
  <Kunden KundenNr="5150" KundEigtNr="5664" KundArt="8" KundStatus="3" KundAufDat="1998-09-07"/>
  <Kunden KundenNr="5151" KundEigtNr="5151" KundArt="29" KundStatus="3" KundAufDat="1998-09-07"/>
  <Kunden KundenNr="5152" KundEigtNr="5665" KundArt="8" KundStatus="3" KundAufDat="1998-09-07"/>
  <Kunden KundenNr="5155" KundEigtNr="5673" KundArt="8" KundStatus="3" KundAufDat="1998-09-08"/>
  <Kunden KundenNr="5156" KundEigtNr="5674" KundArt="8" KundStatus="3" KundAufDat="1998-09-08"/>
  <Kunden KundenNr="5157" KundEigtNr="5675" KundArt="2" KundStatus="3" KundAufDat="1998-09-08"/>
  <Kunden KundenNr="5158" KundEigtNr="5676" KundArt="8" KundStatus="3" KundAufDat="1998-09-08"/>
  <Kunden KundenNr="5159" KundEigtNr="537" KundArt="1" KundStatus="3" KundAufDat="1998-09-08"/>
  <Kunden KundenNr="5160" KundEigtNr="5677" KundArt="1" KundStatus="1" KundAufDat="1998-09-08"/>
  <Kunden KundenNr="5161" KundEigtNr="5678" KundArt="1" KundStatus="3" KundAufDat="1998-09-08"/>
  <Kunden KundenNr="5162" KundEigtNr="5679" KundArt="8" KundStatus="3" KundAufDat="1998-09-08"/>
  <Kunden KundenNr="5163" KundEigtNr="5680" KundArt="1" KundStatus="3" KundAufDat="1998-09-08"/>
  <Kunden KundenNr="5164" KundEigtNr="5681" KundArt="1" KundStatus="3" KundAufDat="1998-09-08"/>
  <Kunden KundenNr="5165" KundEigtNr="5682" KundArt="1" KundStatus="3" KundAufDat="1998-09-09"/>
  <Kunden KundenNr="5166" KundEigtNr="5683" KundArt="8" KundStatus="1" KundAufDat="1998-09-09"/>
  <Kunden KundenNr="5167" KundEigtNr="5670" KundArt="1" KundStatus="1" KundAufDat="1998-09-10"/>
  <Kunden KundenNr="5168" KundEigtNr="5684" KundArt="29" KundStatus="1" KundAufDat="1998-09-10"/>
  <Kunden KundenNr="5169" KundEigtNr="5685" KundArt="8" KundStatus="3" KundAufDat="1998-09-10"/>
  <Kunden KundenNr="5170" KundEigtNr="5686" KundArt="8" KundStatus="3" KundAufDat="1998-09-10"/>
  <Kunden KundenNr="5171" KundEigtNr="5687" KundArt="29" KundStatus="1" KundAufDat="1998-09-11"/>
  <Kunden KundenNr="5172" KundEigtNr="5688" KundArt="8" KundStatus="3" KundAufDat="1998-09-11"/>
  <Kunden KundenNr="5175" KundEigtNr="5702" KundArt="2" KundStatus="3" KundAufDat="1998-09-14"/>
  <Kunden KundenNr="5176" KundEigtNr="5507" KundArt="1" KundStatus="3" KundAufDat="1998-09-14"/>
  <Kunden KundenNr="5177" KundEigtNr="5703" KundArt="8" KundStatus="3" KundAufDat="1998-09-14"/>
  <Kunden KundenNr="5178" KundEigtNr="5704" KundArt="8" KundStatus="3" KundAufDat="1998-09-14"/>
  <Kunden KundenNr="5179" KundEigtNr="5705" KundArt="8" KundStatus="3" KundAufDat="1998-09-14"/>
  <Kunden KundenNr="5180" KundEigtNr="5706" KundArt="8" KundStatus="3" KundAufDat="1998-09-14"/>
  <Kunden KundenNr="5181" KundEigtNr="5707" KundArt="29" KundStatus="1" KundAufDat="1998-09-14"/>
  <Kunden KundenNr="5182" KundEigtNr="5726" KundArt="8" KundStatus="1" KundAufDat="1998-09-14"/>
  <Kunden KundenNr="5183" KundEigtNr="5727" KundArt="8" KundStatus="1" KundAufDat="1998-09-15"/>
  <Kunden KundenNr="5184" KundEigtNr="5728" KundArt="29" KundStatus="1" KundAufDat="1998-09-15"/>
  <Kunden KundenNr="5185" KundEigtNr="5729" KundArt="8" KundStatus="3" KundAufDat="1998-09-15"/>
  <Kunden KundenNr="5186" KundEigtNr="5730" KundArt="1" KundStatus="3" KundAufDat="1998-09-15"/>
  <Kunden KundenNr="5188" KundEigtNr="5732" KundArt="8" KundStatus="3" KundAufDat="1998-09-15"/>
  <Kunden KundenNr="5189" KundEigtNr="5733" KundArt="8" KundStatus="3" KundAufDat="1998-09-15"/>
  <Kunden KundenNr="5190" KundEigtNr="5734" KundArt="1" KundStatus="3" KundAufDat="1998-09-15"/>
  <Kunden KundenNr="5191" KundEigtNr="5735" KundArt="29" KundStatus="1" KundAufDat="1998-09-16"/>
  <Kunden KundenNr="5192" KundEigtNr="5736" KundArt="1" KundStatus="3" KundAufDat="1998-09-16"/>
  <Kunden KundenNr="5193" KundEigtNr="5740" KundArt="29" KundStatus="1" KundAufDat="1998-09-17"/>
  <Kunden KundenNr="5194" KundEigtNr="5741" KundArt="8" KundStatus="1" KundAufDat="1998-09-17"/>
  <Kunden KundenNr="5195" KundEigtNr="5742" KundArt="1" KundStatus="3" KundAufDat="1998-09-17"/>
  <Kunden KundenNr="5196" KundEigtNr="5743" KundArt="8" KundStatus="3" KundAufDat="1998-09-17"/>
  <Kunden KundenNr="5197" KundEigtNr="5748" KundArt="29" KundStatus="1" KundAufDat="1998-09-21"/>
  <Kunden KundenNr="5198" KundEigtNr="5749" KundArt="29" KundStatus="1" KundAufDat="1998-09-21"/>
  <Kunden KundenNr="5200" KundEigtNr="5699" KundArt="1" KundStatus="1" KundAufDat="1998-09-22"/>
  <Kunden KundenNr="5201" KundEigtNr="5751" KundArt="8" KundStatus="3" KundAufDat="1998-09-22"/>
  <Kunden KundenNr="5204" KundEigtNr="5754" KundArt="29" KundStatus="1" KundAufDat="1998-09-24"/>
  <Kunden KundenNr="5205" KundEigtNr="5755" KundArt="29" KundStatus="1" KundAufDat="1998-09-24"/>
  <Kunden KundenNr="5206" KundEigtNr="5756" KundArt="2" KundStatus="3" KundAufDat="1998-09-24"/>
  <Kunden KundenNr="5207" KundEigtNr="5757" KundArt="8" KundStatus="1" KundAufDat="1998-09-24"/>
  <Kunden KundenNr="5208" KundEigtNr="5758" KundArt="8" KundStatus="3" KundAufDat="1998-09-25"/>
  <Kunden KundenNr="5209" KundEigtNr="5782" KundArt="8" KundStatus="3" KundAufDat="1998-09-25"/>
  <Kunden KundenNr="5210" KundEigtNr="5760" KundArt="8" KundStatus="1" KundAufDat="1998-09-25"/>
  <Kunden KundenNr="5211" KundEigtNr="5761" KundArt="29" KundStatus="1" KundAufDat="1998-09-28"/>
  <Kunden KundenNr="5212" KundEigtNr="5190" KundArt="1" KundStatus="1" KundAufDat="1998-09-28"/>
  <Kunden KundenNr="5214" KundEigtNr="5763" KundArt="8" KundStatus="1" KundAufDat="1998-09-29"/>
  <Kunden KundenNr="5215" KundEigtNr="5764" KundArt="1" KundStatus="3" KundAufDat="1998-09-29"/>
  <Kunden KundenNr="5216" KundEigtNr="5704" KundArt="2" KundStatus="3" KundAufDat="1998-09-29"/>
  <Kunden KundenNr="5217" KundEigtNr="5765" KundArt="8" KundStatus="3" KundAufDat="1998-09-29"/>
  <Kunden KundenNr="5218" KundEigtNr="5766" KundArt="29" KundStatus="3" KundAufDat="1998-09-30"/>
  <Kunden KundenNr="5219" KundEigtNr="5767" KundArt="29" KundStatus="3" KundAufDat="1998-09-30"/>
  <Kunden KundenNr="5220" KundEigtNr="5768" KundArt="1" KundStatus="3" KundAufDat="1998-09-30"/>
  <Kunden KundenNr="5221" KundEigtNr="5769" KundArt="1" KundStatus="3" KundAufDat="1998-09-30"/>
  <Kunden KundenNr="5222" KundEigtNr="5770" KundArt="29" KundStatus="1" KundAufDat="1998-10-01"/>
  <Kunden KundenNr="5223" KundEigtNr="5772" KundArt="29" KundStatus="1" KundAufDat="1998-10-02"/>
  <Kunden KundenNr="5224" KundEigtNr="5774" KundArt="29" KundStatus="1" KundAufDat="1998-10-05"/>
  <Kunden KundenNr="5225" KundEigtNr="5775" KundArt="29" KundStatus="1" KundAufDat="1998-10-05"/>
  <Kunden KundenNr="5226" KundEigtNr="5776" KundArt="29" KundStatus="1" KundAufDat="1998-10-05"/>
  <Kunden KundenNr="5227" KundEigtNr="5777" KundArt="1" KundStatus="1" KundAufDat="1998-10-05"/>
  <Kunden KundenNr="5228" KundEigtNr="5778" KundArt="8" KundStatus="1" KundAufDat="1998-10-06"/>
  <Kunden KundenNr="5229" KundEigtNr="5779" KundArt="2" KundStatus="3" KundAufDat="1998-10-06"/>
  <Kunden KundenNr="5230" KundEigtNr="5780" KundArt="2" KundStatus="1" KundAufDat="1998-10-06"/>
  <Kunden KundenNr="5231" KundEigtNr="5781" KundArt="8" KundStatus="3" KundAufDat="1998-10-07"/>
  <Kunden KundenNr="5232" KundEigtNr="5782" KundArt="2" KundStatus="3" KundAufDat="1998-10-07"/>
  <Kunden KundenNr="5233" KundEigtNr="5783" KundArt="29" KundStatus="3" KundAufDat="1998-10-07"/>
  <Kunden KundenNr="5234" KundEigtNr="5789" KundArt="2" KundStatus="3" KundAufDat="1998-10-08"/>
  <Kunden KundenNr="5235" KundEigtNr="5790" KundArt="29" KundStatus="1" KundAufDat="1998-10-08"/>
  <Kunden KundenNr="5236" KundEigtNr="5792" KundArt="29" KundStatus="1" KundAufDat="1998-10-08"/>
  <Kunden KundenNr="5237" KundEigtNr="5799" KundArt="29" KundStatus="1" KundAufDat="1998-10-08"/>
  <Kunden KundenNr="5238" KundEigtNr="5801" KundArt="1" KundStatus="3" KundAufDat="1998-10-09"/>
  <Kunden KundenNr="5239" KundEigtNr="5802" KundArt="29" KundStatus="1" KundAufDat="1998-10-09"/>
  <Kunden KundenNr="5240" KundEigtNr="5809" KundArt="2" KundStatus="3" KundAufDat="1998-10-12"/>
  <Kunden KundenNr="5241" KundEigtNr="5810" KundArt="2" KundStatus="3" KundAufDat="1998-10-12"/>
  <Kunden KundenNr="5242" KundEigtNr="5811" KundArt="2" KundStatus="1" KundAufDat="1998-10-12"/>
  <Kunden KundenNr="5243" KundEigtNr="5812" KundArt="8" KundStatus="3" KundAufDat="1998-10-12"/>
  <Kunden KundenNr="5244" KundEigtNr="5813" KundArt="8" KundStatus="3" KundAufDat="1998-10-12"/>
  <Kunden KundenNr="5245" KundEigtNr="5814" KundArt="2" KundStatus="3" KundAufDat="1998-10-12"/>
  <Kunden KundenNr="5246" KundEigtNr="5815" KundArt="2" KundStatus="3" KundAufDat="1998-10-12"/>
  <Kunden KundenNr="5247" KundEigtNr="5816" KundArt="8" KundStatus="3" KundAufDat="1998-10-12"/>
  <Kunden KundenNr="5248" KundEigtNr="5817" KundArt="8" KundStatus="3" KundAufDat="1998-10-12"/>
  <Kunden KundenNr="5249" KundEigtNr="5818" KundArt="1" KundStatus="3" KundAufDat="1998-10-12"/>
  <Kunden KundenNr="5250" KundEigtNr="5819" KundArt="1" KundStatus="3" KundAufDat="1998-10-12"/>
  <Kunden KundenNr="5251" KundEigtNr="5820" KundArt="8" KundStatus="3" KundAufDat="1998-10-12"/>
  <Kunden KundenNr="5252" KundEigtNr="5821" KundArt="1" KundStatus="3" KundAufDat="1998-10-12"/>
  <Kunden KundenNr="5253" KundEigtNr="5822" KundArt="8" KundStatus="3" KundAufDat="1998-10-12"/>
  <Kunden KundenNr="5254" KundEigtNr="5823" KundArt="1" KundStatus="3" KundAufDat="1998-10-12"/>
  <Kunden KundenNr="5255" KundEigtNr="5824" KundArt="1" KundStatus="1" KundAufDat="1998-10-12"/>
  <Kunden KundenNr="5256" KundEigtNr="5824" KundArt="1" KundStatus="3" KundAufDat="1998-10-12"/>
  <Kunden KundenNr="5257" KundEigtNr="5826" KundArt="2" KundStatus="3" KundAufDat="1998-10-12"/>
  <Kunden KundenNr="5258" KundEigtNr="5827" KundArt="1" KundStatus="3" KundAufDat="1998-10-12"/>
  <Kunden KundenNr="5259" KundEigtNr="5828" KundArt="1" KundStatus="1" KundAufDat="1998-10-12"/>
  <Kunden KundenNr="5260" KundEigtNr="5829" KundArt="2" KundStatus="3" KundAufDat="1998-10-12"/>
  <Kunden KundenNr="5261" KundEigtNr="5664" KundArt="1" KundStatus="1" KundAufDat="1998-10-12"/>
  <Kunden KundenNr="5262" KundEigtNr="5830" KundArt="1" KundStatus="3" KundAufDat="1998-10-12"/>
  <Kunden KundenNr="5263" KundEigtNr="5831" KundArt="2" KundStatus="3" KundAufDat="1998-10-13"/>
  <Kunden KundenNr="5264" KundEigtNr="5832" KundArt="8" KundStatus="3" KundAufDat="1998-10-13"/>
  <Kunden KundenNr="5265" KundEigtNr="1909" KundArt="8" KundStatus="3" KundAufDat="1998-10-13"/>
  <Kunden KundenNr="5266" KundEigtNr="5833" KundArt="8" KundStatus="3" KundAufDat="1998-10-13"/>
  <Kunden KundenNr="5267" KundEigtNr="5834" KundArt="8" KundStatus="1" KundAufDat="1998-10-13"/>
  <Kunden KundenNr="5268" KundEigtNr="5835" KundArt="2" KundStatus="3" KundAufDat="1998-10-13"/>
  <Kunden KundenNr="5269" KundEigtNr="5836" KundArt="2" KundStatus="3" KundAufDat="1998-10-13"/>
  <Kunden KundenNr="5270" KundEigtNr="5837" KundArt="2" KundStatus="3" KundAufDat="1998-10-13"/>
  <Kunden KundenNr="5271" KundEigtNr="5838" KundArt="2" KundStatus="3" KundAufDat="1998-10-13"/>
  <Kunden KundenNr="5272" KundEigtNr="5839" KundArt="2" KundStatus="3" KundAufDat="1998-10-13"/>
  <Kunden KundenNr="5273" KundEigtNr="5840" KundArt="2" KundStatus="3" KundAufDat="1998-10-13"/>
  <Kunden KundenNr="5274" KundEigtNr="5841" KundArt="8" KundStatus="3" KundAufDat="1998-10-13"/>
  <Kunden KundenNr="5275" KundEigtNr="5842" KundArt="8" KundStatus="3" KundAufDat="1998-10-13"/>
  <Kunden KundenNr="5276" KundEigtNr="5843" KundArt="2" KundStatus="3" KundAufDat="1998-10-13"/>
  <Kunden KundenNr="5277" KundEigtNr="5844" KundArt="1" KundStatus="3" KundAufDat="1998-10-13"/>
  <Kunden KundenNr="5278" KundEigtNr="5845" KundArt="1" KundStatus="3" KundAufDat="1998-10-14"/>
  <Kunden KundenNr="5279" KundEigtNr="5846" KundArt="2" KundStatus="3" KundAufDat="1998-10-14"/>
  <Kunden KundenNr="5280" KundEigtNr="5850" KundArt="1" KundStatus="3" KundAufDat="1998-10-14"/>
  <Kunden KundenNr="5281" KundEigtNr="5851" KundArt="1" KundStatus="3" KundAufDat="1998-10-14"/>
  <Kunden KundenNr="5282" KundEigtNr="5852" KundArt="2" KundStatus="3" KundAufDat="1998-10-14"/>
  <Kunden KundenNr="5283" KundEigtNr="5853" KundArt="1" KundStatus="3" KundAufDat="1998-10-14"/>
  <Kunden KundenNr="5284" KundEigtNr="5856" KundArt="1" KundStatus="3" KundAufDat="1998-10-15"/>
  <Kunden KundenNr="5285" KundEigtNr="5857" KundArt="8" KundStatus="3" KundAufDat="1998-10-15"/>
  <Kunden KundenNr="5286" KundEigtNr="5858" KundArt="1" KundStatus="3" KundAufDat="1998-10-15"/>
  <Kunden KundenNr="5288" KundEigtNr="5860" KundArt="8" KundStatus="1" KundAufDat="1998-10-15"/>
  <Kunden KundenNr="5289" KundEigtNr="5885" KundArt="2" KundStatus="3" KundAufDat="1998-10-19"/>
  <Kunden KundenNr="5290" KundEigtNr="5886" KundArt="2" KundStatus="3" KundAufDat="1998-10-19"/>
  <Kunden KundenNr="5291" KundEigtNr="5887" KundArt="2" KundStatus="3" KundAufDat="1998-10-19"/>
  <Kunden KundenNr="5292" KundEigtNr="5888" KundArt="2" KundStatus="3" KundAufDat="1998-10-19"/>
  <Kunden KundenNr="5293" KundEigtNr="5889" KundArt="2" KundStatus="3" KundAufDat="1998-10-19"/>
  <Kunden KundenNr="5294" KundEigtNr="5890" KundArt="2" KundStatus="3" KundAufDat="1998-10-19"/>
  <Kunden KundenNr="5295" KundEigtNr="5891" KundArt="2" KundStatus="3" KundAufDat="1998-10-19"/>
  <Kunden KundenNr="5296" KundEigtNr="5892" KundArt="2" KundStatus="3" KundAufDat="1998-10-19"/>
  <Kunden KundenNr="5297" KundEigtNr="5893" KundArt="2" KundStatus="3" KundAufDat="1998-10-19"/>
  <Kunden KundenNr="5298" KundEigtNr="5894" KundArt="29" KundStatus="1" KundAufDat="1998-10-19"/>
  <Kunden KundenNr="5299" KundEigtNr="5895" KundArt="2" KundStatus="3" KundAufDat="1998-10-19"/>
  <Kunden KundenNr="5300" KundEigtNr="5896" KundArt="1" KundStatus="3" KundAufDat="1998-10-19"/>
  <Kunden KundenNr="5301" KundEigtNr="5897" KundArt="1" KundStatus="1" KundAufDat="1998-10-19"/>
  <Kunden KundenNr="5302" KundEigtNr="5905" KundArt="29" KundStatus="1" KundAufDat="1998-10-20"/>
  <Kunden KundenNr="5303" KundEigtNr="5906" KundArt="29" KundStatus="1" KundAufDat="1998-10-20"/>
  <Kunden KundenNr="5304" KundEigtNr="5907" KundArt="2" KundStatus="3" KundAufDat="1998-10-20"/>
  <Kunden KundenNr="5305" KundEigtNr="5908" KundArt="2" KundStatus="3" KundAufDat="1998-10-20"/>
  <Kunden KundenNr="5306" KundEigtNr="5909" KundArt="2" KundStatus="3" KundAufDat="1998-10-21"/>
  <Kunden KundenNr="5307" KundEigtNr="5911" KundArt="2" KundStatus="3" KundAufDat="1998-10-21"/>
  <Kunden KundenNr="5308" KundEigtNr="2233" KundArt="29" KundStatus="1" KundAufDat="1998-10-22"/>
  <Kunden KundenNr="5309" KundEigtNr="5915" KundArt="2" KundStatus="3" KundAufDat="1998-10-23"/>
  <Kunden KundenNr="5310" KundEigtNr="5916" KundArt="2" KundStatus="1" KundAufDat="1998-10-23"/>
  <Kunden KundenNr="5311" KundEigtNr="5918" KundArt="2" KundStatus="3" KundAufDat="1998-10-23"/>
  <Kunden KundenNr="5313" KundEigtNr="1050" KundArt="2" KundStatus="3" KundAufDat="1998-10-23"/>
  <Kunden KundenNr="5314" KundEigtNr="5920" KundArt="2" KundStatus="3" KundAufDat="1998-10-24"/>
  <Kunden KundenNr="5315" KundEigtNr="5921" KundArt="2" KundStatus="3" KundAufDat="1998-10-25"/>
  <Kunden KundenNr="5316" KundEigtNr="5922" KundArt="2" KundStatus="3" KundAufDat="1998-10-25"/>
  <Kunden KundenNr="5317" KundEigtNr="5923" KundArt="2" KundStatus="3" KundAufDat="1998-10-25"/>
  <Kunden KundenNr="5318" KundEigtNr="4393" KundArt="2" KundStatus="3" KundAufDat="1998-10-25"/>
  <Kunden KundenNr="5319" KundEigtNr="5924" KundArt="2" KundStatus="1" KundAufDat="1998-10-25"/>
  <Kunden KundenNr="5320" KundEigtNr="5925" KundArt="2" KundStatus="3" KundAufDat="1998-10-25"/>
  <Kunden KundenNr="5321" KundEigtNr="5926" KundArt="2" KundStatus="3" KundAufDat="1998-10-25"/>
  <Kunden KundenNr="5322" KundEigtNr="5927" KundArt="2" KundStatus="3" KundAufDat="1998-10-25"/>
  <Kunden KundenNr="5323" KundEigtNr="5928" KundArt="2" KundStatus="3" KundAufDat="1998-10-25"/>
  <Kunden KundenNr="5324" KundEigtNr="5929" KundArt="2" KundStatus="3" KundAufDat="1998-10-25"/>
  <Kunden KundenNr="5325" KundEigtNr="5930" KundArt="2" KundStatus="3" KundAufDat="1998-10-25"/>
  <Kunden KundenNr="5326" KundEigtNr="5931" KundArt="2" KundStatus="3" KundAufDat="1998-10-25"/>
  <Kunden KundenNr="5327" KundEigtNr="5932" KundArt="8" KundStatus="3" KundAufDat="1998-10-26"/>
  <Kunden KundenNr="5328" KundEigtNr="5933" KundArt="8" KundStatus="1" KundAufDat="1998-10-26"/>
  <Kunden KundenNr="5329" KundEigtNr="5934" KundArt="2" KundStatus="3" KundAufDat="1998-10-26"/>
  <Kunden KundenNr="5330" KundEigtNr="5935" KundArt="2" KundStatus="3" KundAufDat="1998-10-26"/>
  <Kunden KundenNr="5331" KundEigtNr="5936" KundArt="2" KundStatus="3" KundAufDat="1998-10-26"/>
  <Kunden KundenNr="5332" KundEigtNr="5937" KundArt="1" KundStatus="3" KundAufDat="1998-10-26"/>
  <Kunden KundenNr="5333" KundEigtNr="5938" KundArt="2" KundStatus="3" KundAufDat="1998-10-26"/>
  <Kunden KundenNr="5334" KundEigtNr="5939" KundArt="2" KundStatus="1" KundAufDat="1998-10-26"/>
  <Kunden KundenNr="5335" KundEigtNr="5940" KundArt="2" KundStatus="3" KundAufDat="1998-10-26"/>
  <Kunden KundenNr="5336" KundEigtNr="5941" KundArt="29" KundStatus="1" KundAufDat="1998-10-26"/>
  <Kunden KundenNr="5337" KundEigtNr="5942" KundArt="2" KundStatus="3" KundAufDat="1998-10-26"/>
  <Kunden KundenNr="5338" KundEigtNr="5943" KundArt="2" KundStatus="3" KundAufDat="1998-10-26"/>
  <Kunden KundenNr="5339" KundEigtNr="5944" KundArt="2" KundStatus="3" KundAufDat="1998-10-26"/>
  <Kunden KundenNr="5340" KundEigtNr="5945" KundArt="2" KundStatus="3" KundAufDat="1998-10-27"/>
  <Kunden KundenNr="5341" KundEigtNr="4927" KundArt="2" KundStatus="3" KundAufDat="1998-10-27"/>
  <Kunden KundenNr="5342" KundEigtNr="5946" KundArt="2" KundStatus="3" KundAufDat="1998-10-27"/>
  <Kunden KundenNr="5343" KundEigtNr="5949" KundArt="29" KundStatus="1" KundAufDat="1998-10-27"/>
  <Kunden KundenNr="5344" KundEigtNr="5955" KundArt="8" KundStatus="3" KundAufDat="1998-10-27"/>
  <Kunden KundenNr="5345" KundEigtNr="5958" KundArt="2" KundStatus="3" KundAufDat="1998-10-28"/>
  <Kunden KundenNr="5346" KundEigtNr="5959" KundArt="2" KundStatus="3" KundAufDat="1998-10-28"/>
  <Kunden KundenNr="5347" KundEigtNr="5960" KundArt="29" KundStatus="3" KundAufDat="1998-10-28"/>
  <Kunden KundenNr="5348" KundEigtNr="5961" KundArt="2" KundStatus="3" KundAufDat="1998-10-28"/>
  <Kunden KundenNr="5349" KundEigtNr="5962" KundArt="2" KundStatus="3" KundAufDat="1998-10-28"/>
  <Kunden KundenNr="5350" KundEigtNr="5963" KundArt="8" KundStatus="3" KundAufDat="1998-10-28"/>
  <Kunden KundenNr="5351" KundEigtNr="5964" KundArt="8" KundStatus="3" KundAufDat="1998-10-28"/>
  <Kunden KundenNr="5352" KundEigtNr="5965" KundArt="2" KundStatus="3" KundAufDat="1998-10-29"/>
  <Kunden KundenNr="5353" KundEigtNr="5966" KundArt="2" KundStatus="3" KundAufDat="1998-10-29"/>
  <Kunden KundenNr="5354" KundEigtNr="5967" KundArt="2" KundStatus="3" KundAufDat="1998-10-29"/>
  <Kunden KundenNr="5355" KundEigtNr="5968" KundArt="2" KundStatus="3" KundAufDat="1998-10-29"/>
  <Kunden KundenNr="5356" KundEigtNr="5969" KundArt="29" KundStatus="1" KundAufDat="1998-10-29"/>
  <Kunden KundenNr="5357" KundEigtNr="5976" KundArt="2" KundStatus="3" KundAufDat="1998-10-29"/>
  <Kunden KundenNr="5358" KundEigtNr="5977" KundArt="2" KundStatus="3" KundAufDat="1998-10-29"/>
  <Kunden KundenNr="5362" KundEigtNr="1616" KundArt="29" KundStatus="1" KundAufDat="1998-10-30"/>
  <Kunden KundenNr="5366" KundEigtNr="5987" KundArt="2" KundStatus="3" KundAufDat="1998-10-30"/>
  <Kunden KundenNr="5367" KundEigtNr="5996" KundArt="8" KundStatus="3" KundAufDat="1998-11-02"/>
  <Kunden KundenNr="5368" KundEigtNr="5997" KundArt="8" KundStatus="3" KundAufDat="1998-11-02"/>
  <Kunden KundenNr="5369" KundEigtNr="5998" KundArt="8" KundStatus="3" KundAufDat="1998-11-02"/>
  <Kunden KundenNr="5370" KundEigtNr="5999" KundArt="8" KundStatus="3" KundAufDat="1998-11-02"/>
  <Kunden KundenNr="5371" KundEigtNr="6000" KundArt="8" KundStatus="3" KundAufDat="1998-11-02"/>
  <Kunden KundenNr="5372" KundEigtNr="6001" KundArt="8" KundStatus="3" KundAufDat="1998-11-02"/>
  <Kunden KundenNr="5373" KundEigtNr="6004" KundArt="29" KundStatus="1" KundAufDat="1998-11-02"/>
  <Kunden KundenNr="5374" KundEigtNr="6005" KundArt="8" KundStatus="1" KundAufDat="1998-11-03"/>
  <Kunden KundenNr="5375" KundEigtNr="6006" KundArt="29" KundStatus="3" KundAufDat="1998-11-03"/>
  <Kunden KundenNr="5377" KundEigtNr="6010" KundArt="8" KundStatus="3" KundAufDat="1998-11-03"/>
  <Kunden KundenNr="5378" KundEigtNr="6011" KundArt="8" KundStatus="3" KundAufDat="1998-11-03"/>
  <Kunden KundenNr="5379" KundEigtNr="6012" KundArt="29" KundStatus="3" KundAufDat="1998-11-03"/>
  <Kunden KundenNr="5381" KundEigtNr="6016" KundArt="8" KundStatus="1" KundAufDat="1998-11-04"/>
  <Kunden KundenNr="5382" KundEigtNr="6017" KundArt="8" KundStatus="3" KundAufDat="1998-11-04"/>
  <Kunden KundenNr="5383" KundEigtNr="6018" KundArt="2" KundStatus="1" KundAufDat="1998-11-04"/>
  <Kunden KundenNr="5384" KundEigtNr="6035" KundArt="8" KundStatus="1" KundAufDat="1998-11-09"/>
  <Kunden KundenNr="5385" KundEigtNr="6036" KundArt="2" KundStatus="3" KundAufDat="1998-11-09"/>
  <Kunden KundenNr="5386" KundEigtNr="6037" KundArt="29" KundStatus="1" KundAufDat="1998-11-09"/>
  <Kunden KundenNr="5387" KundEigtNr="6038" KundArt="8" KundStatus="1" KundAufDat="1998-11-09"/>
  <Kunden KundenNr="5388" KundEigtNr="6039" KundArt="8" KundStatus="3" KundAufDat="1998-11-09"/>
  <Kunden KundenNr="5391" KundEigtNr="6042" KundArt="8" KundStatus="3" KundAufDat="1998-11-09"/>
  <Kunden KundenNr="5392" KundEigtNr="6043" KundArt="8" KundStatus="1" KundAufDat="1998-11-09"/>
  <Kunden KundenNr="5395" KundEigtNr="6046" KundArt="8" KundStatus="3" KundAufDat="1998-11-09"/>
  <Kunden KundenNr="5396" KundEigtNr="6047" KundArt="8" KundStatus="3" KundAufDat="1998-11-10"/>
  <Kunden KundenNr="5397" KundEigtNr="6048" KundArt="8" KundStatus="3" KundAufDat="1998-11-10"/>
  <Kunden KundenNr="5398" KundEigtNr="6049" KundArt="2" KundStatus="3" KundAufDat="1998-11-10"/>
  <Kunden KundenNr="5399" KundEigtNr="6051" KundArt="8" KundStatus="3" KundAufDat="1998-11-10"/>
  <Kunden KundenNr="5400" KundEigtNr="6052" KundArt="29" KundStatus="1" KundAufDat="1998-11-10"/>
  <Kunden KundenNr="5401" KundEigtNr="5536" KundArt="2" KundStatus="3" KundAufDat="1998-11-10"/>
  <Kunden KundenNr="5402" KundEigtNr="5894" KundArt="2" KundStatus="3" KundAufDat="1998-11-11"/>
  <Kunden KundenNr="5403" KundEigtNr="6060" KundArt="8" KundStatus="3" KundAufDat="1998-11-11"/>
  <Kunden KundenNr="5404" KundEigtNr="6061" KundArt="29" KundStatus="1" KundAufDat="1998-11-11"/>
  <Kunden KundenNr="5405" KundEigtNr="6062" KundArt="1" KundStatus="3" KundAufDat="1998-11-12"/>
  <Kunden KundenNr="5406" KundEigtNr="6063" KundArt="8" KundStatus="3" KundAufDat="1998-11-12"/>
  <Kunden KundenNr="5407" KundEigtNr="6064" KundArt="8" KundStatus="3" KundAufDat="1998-11-12"/>
  <Kunden KundenNr="5408" KundEigtNr="6065" KundArt="1" KundStatus="3" KundAufDat="1998-11-12"/>
  <Kunden KundenNr="5409" KundEigtNr="6067" KundArt="8" KundStatus="3" KundAufDat="1998-11-13"/>
  <Kunden KundenNr="5410" KundEigtNr="6068" KundArt="8" KundStatus="3" KundAufDat="1998-11-14"/>
  <Kunden KundenNr="5411" KundEigtNr="6069" KundArt="8" KundStatus="3" KundAufDat="1998-11-16"/>
  <Kunden KundenNr="5412" KundEigtNr="6070" KundArt="29" KundStatus="3" KundAufDat="1998-11-16"/>
  <Kunden KundenNr="5413" KundEigtNr="6071" KundArt="8" KundStatus="3" KundAufDat="1998-11-16"/>
  <Kunden KundenNr="5414" KundEigtNr="6072" KundArt="8" KundStatus="3" KundAufDat="1998-11-16"/>
  <Kunden KundenNr="5415" KundEigtNr="6073" KundArt="8" KundStatus="1" KundAufDat="1998-11-16"/>
  <Kunden KundenNr="5416" KundEigtNr="6074" KundArt="8" KundStatus="3" KundAufDat="1998-11-16"/>
  <Kunden KundenNr="5417" KundEigtNr="6075" KundArt="8" KundStatus="3" KundAufDat="1998-11-16"/>
  <Kunden KundenNr="5418" KundEigtNr="6076" KundArt="8" KundStatus="3" KundAufDat="1998-11-16"/>
  <Kunden KundenNr="5420" KundEigtNr="6080" KundArt="8" KundStatus="3" KundAufDat="1998-11-16"/>
  <Kunden KundenNr="5421" KundEigtNr="6082" KundArt="8" KundStatus="3" KundAufDat="1998-11-16"/>
  <Kunden KundenNr="5422" KundEigtNr="6083" KundArt="2" KundStatus="1" KundAufDat="1998-11-16"/>
  <Kunden KundenNr="5423" KundEigtNr="6085" KundArt="8" KundStatus="3" KundAufDat="1998-11-16"/>
  <Kunden KundenNr="5424" KundEigtNr="6089" KundArt="8" KundStatus="3" KundAufDat="1998-11-16"/>
  <Kunden KundenNr="5425" KundEigtNr="6034" KundArt="29" KundStatus="1" KundAufDat="1998-11-16"/>
  <Kunden KundenNr="5426" KundEigtNr="6090" KundArt="8" KundStatus="3" KundAufDat="1998-11-16"/>
  <Kunden KundenNr="5427" KundEigtNr="6092" KundArt="8" KundStatus="3" KundAufDat="1998-11-17"/>
  <Kunden KundenNr="5428" KundEigtNr="6093" KundArt="8" KundStatus="3" KundAufDat="1998-11-17"/>
  <Kunden KundenNr="5429" KundEigtNr="6094" KundArt="8" KundStatus="3" KundAufDat="1998-11-17"/>
  <Kunden KundenNr="5430" KundEigtNr="5912" KundArt="29" KundStatus="1" KundAufDat="1998-11-17"/>
  <Kunden KundenNr="5431" KundEigtNr="6095" KundArt="8" KundStatus="3" KundAufDat="1998-11-17"/>
  <Kunden KundenNr="5432" KundEigtNr="6096" KundArt="8" KundStatus="3" KundAufDat="1998-11-17"/>
  <Kunden KundenNr="5433" KundEigtNr="6097" KundArt="8" KundStatus="3" KundAufDat="1998-11-17"/>
  <Kunden KundenNr="5434" KundEigtNr="6098" KundArt="8" KundStatus="1" KundAufDat="1998-11-17"/>
  <Kunden KundenNr="5435" KundEigtNr="6099" KundArt="8" KundStatus="3" KundAufDat="1998-11-17"/>
  <Kunden KundenNr="5436" KundEigtNr="6100" KundArt="8" KundStatus="3" KundAufDat="1998-11-17"/>
  <Kunden KundenNr="5437" KundEigtNr="6101" KundArt="2" KundStatus="3" KundAufDat="1998-11-17"/>
  <Kunden KundenNr="5438" KundEigtNr="6102" KundArt="8" KundStatus="1" KundAufDat="1998-11-18"/>
  <Kunden KundenNr="5439" KundEigtNr="6103" KundArt="8" KundStatus="1" KundAufDat="1998-11-18"/>
  <Kunden KundenNr="5440" KundEigtNr="6104" KundArt="8" KundStatus="3" KundAufDat="1998-11-18"/>
  <Kunden KundenNr="5441" KundEigtNr="6105" KundArt="1" KundStatus="3" KundAufDat="1998-11-18"/>
  <Kunden KundenNr="5442" KundEigtNr="6106" KundArt="2" KundStatus="3" KundAufDat="1998-11-18"/>
  <Kunden KundenNr="5443" KundEigtNr="6108" KundArt="8" KundStatus="3" KundAufDat="1998-11-20"/>
  <Kunden KundenNr="5444" KundEigtNr="5330" KundArt="2" KundStatus="3" KundAufDat="1998-11-21"/>
  <Kunden KundenNr="5445" KundEigtNr="6110" KundArt="8" KundStatus="3" KundAufDat="1998-11-23"/>
  <Kunden KundenNr="5446" KundEigtNr="6111" KundArt="29" KundStatus="3" KundAufDat="1998-11-23"/>
  <Kunden KundenNr="5447" KundEigtNr="6113" KundArt="29" KundStatus="1" KundAufDat="1998-11-23"/>
  <Kunden KundenNr="5448" KundEigtNr="6115" KundArt="2" KundStatus="3" KundAufDat="1998-11-23"/>
  <Kunden KundenNr="5449" KundEigtNr="6116" KundArt="8" KundStatus="3" KundAufDat="1998-11-23"/>
  <Kunden KundenNr="5450" KundEigtNr="6117" KundArt="8" KundStatus="3" KundAufDat="1998-11-23"/>
  <Kunden KundenNr="5451" KundEigtNr="6118" KundArt="29" KundStatus="3" KundAufDat="1998-11-23"/>
  <Kunden KundenNr="5453" KundEigtNr="6119" KundArt="8" KundStatus="3" KundAufDat="1998-11-23"/>
  <Kunden KundenNr="5454" KundEigtNr="6122" KundArt="2" KundStatus="1" KundAufDat="1998-11-24"/>
  <Kunden KundenNr="5455" KundEigtNr="6123" KundArt="2" KundStatus="3" KundAufDat="1998-11-24"/>
  <Kunden KundenNr="5456" KundEigtNr="6124" KundArt="8" KundStatus="3" KundAufDat="1998-11-24"/>
  <Kunden KundenNr="5457" KundEigtNr="6125" KundArt="8" KundStatus="3" KundAufDat="1998-11-24"/>
  <Kunden KundenNr="5458" KundEigtNr="6126" KundArt="8" KundStatus="3" KundAufDat="1998-11-24"/>
  <Kunden KundenNr="5459" KundEigtNr="6127" KundArt="8" KundStatus="3" KundAufDat="1998-11-25"/>
  <Kunden KundenNr="5460" KundEigtNr="6128" KundArt="8" KundStatus="3" KundAufDat="1998-11-25"/>
  <Kunden KundenNr="5461" KundEigtNr="6129" KundArt="1" KundStatus="3" KundAufDat="1998-11-25"/>
  <Kunden KundenNr="5462" KundEigtNr="6130" KundArt="8" KundStatus="3" KundAufDat="1998-11-25"/>
  <Kunden KundenNr="5463" KundEigtNr="6131" KundArt="29" KundStatus="1" KundAufDat="1998-11-25"/>
  <Kunden KundenNr="5464" KundEigtNr="6132" KundArt="8" KundStatus="1" KundAufDat="1998-11-25"/>
  <Kunden KundenNr="5465" KundEigtNr="6133" KundArt="2" KundStatus="3" KundAufDat="1998-11-26"/>
  <Kunden KundenNr="5466" KundEigtNr="1954" KundArt="2" KundStatus="3" KundAufDat="1998-11-26"/>
  <Kunden KundenNr="5467" KundEigtNr="6134" KundArt="29" KundStatus="3" KundAufDat="1998-11-26"/>
  <Kunden KundenNr="5468" KundEigtNr="6135" KundArt="8" KundStatus="3" KundAufDat="1998-11-27"/>
  <Kunden KundenNr="5469" KundEigtNr="6136" KundArt="8" KundStatus="3" KundAufDat="1998-11-27"/>
  <Kunden KundenNr="5470" KundEigtNr="6137" KundArt="8" KundStatus="3" KundAufDat="1998-11-30"/>
  <Kunden KundenNr="5471" KundEigtNr="6138" KundArt="29" KundStatus="1" KundAufDat="1998-11-30"/>
  <Kunden KundenNr="5472" KundEigtNr="6139" KundArt="8" KundStatus="3" KundAufDat="1998-11-30"/>
  <Kunden KundenNr="5473" KundEigtNr="6140" KundArt="29" KundStatus="3" KundAufDat="1998-11-30"/>
  <Kunden KundenNr="5474" KundEigtNr="6141" KundArt="8" KundStatus="3" KundAufDat="1998-11-30"/>
  <Kunden KundenNr="5475" KundEigtNr="6142" KundArt="8" KundStatus="3" KundAufDat="1998-11-30"/>
  <Kunden KundenNr="5476" KundEigtNr="6143" KundArt="8" KundStatus="3" KundAufDat="1998-11-30"/>
  <Kunden KundenNr="5477" KundEigtNr="6144" KundArt="8" KundStatus="3" KundAufDat="1998-11-30"/>
  <Kunden KundenNr="5478" KundEigtNr="6145" KundArt="8" KundStatus="3" KundAufDat="1998-11-30"/>
  <Kunden KundenNr="5479" KundEigtNr="6146" KundArt="2" KundStatus="3" KundAufDat="1998-11-30"/>
  <Kunden KundenNr="5480" KundEigtNr="6147" KundArt="2" KundStatus="1" KundAufDat="1998-11-30"/>
  <Kunden KundenNr="5481" KundEigtNr="6148" KundArt="2" KundStatus="3" KundAufDat="1998-11-30"/>
  <Kunden KundenNr="5482" KundEigtNr="6149" KundArt="2" KundStatus="1" KundAufDat="1998-11-30"/>
  <Kunden KundenNr="5483" KundEigtNr="6150" KundArt="8" KundStatus="3" KundAufDat="1998-11-30"/>
  <Kunden KundenNr="5484" KundEigtNr="6151" KundArt="2" KundStatus="3" KundAufDat="1998-12-01"/>
  <Kunden KundenNr="5485" KundEigtNr="6152" KundArt="2" KundStatus="3" KundAufDat="1998-12-01"/>
  <Kunden KundenNr="5486" KundEigtNr="6153" KundArt="8" KundStatus="3" KundAufDat="1998-12-01"/>
  <Kunden KundenNr="5487" KundEigtNr="6154" KundArt="8" KundStatus="3" KundAufDat="1998-12-01"/>
  <Kunden KundenNr="5488" KundEigtNr="6155" KundArt="29" KundStatus="3" KundAufDat="1998-12-01"/>
  <Kunden KundenNr="5489" KundEigtNr="6156" KundArt="2" KundStatus="3" KundAufDat="1998-12-01"/>
  <Kunden KundenNr="5490" KundEigtNr="6157" KundArt="1" KundStatus="3" KundAufDat="1998-12-01"/>
  <Kunden KundenNr="5491" KundEigtNr="6158" KundArt="16" KundStatus="3" KundAufDat="1998-12-01"/>
  <Kunden KundenNr="5492" KundEigtNr="6159" KundArt="2" KundStatus="3" KundAufDat="1998-12-01"/>
  <Kunden KundenNr="5493" KundEigtNr="6160" KundArt="2" KundStatus="3" KundAufDat="1998-12-01"/>
  <Kunden KundenNr="5494" KundEigtNr="6161" KundArt="16" KundStatus="1" KundAufDat="1998-12-01"/>
  <Kunden KundenNr="5496" KundEigtNr="6163" KundArt="2" KundStatus="3" KundAufDat="1998-12-02"/>
  <Kunden KundenNr="5497" KundEigtNr="6164" KundArt="2" KundStatus="3" KundAufDat="1998-12-02"/>
  <Kunden KundenNr="5498" KundEigtNr="6165" KundArt="1" KundStatus="3" KundAufDat="1998-12-02"/>
  <Kunden KundenNr="5499" KundEigtNr="6166" KundArt="29" KundStatus="1" KundAufDat="1998-12-02"/>
  <Kunden KundenNr="5500" KundEigtNr="6167" KundArt="2" KundStatus="3" KundAufDat="1998-12-03"/>
  <Kunden KundenNr="5501" KundEigtNr="3120" KundArt="29" KundStatus="1" KundAufDat="1998-12-03"/>
  <Kunden KundenNr="5502" KundEigtNr="6168" KundArt="1" KundStatus="3" KundAufDat="1998-12-03"/>
  <Kunden KundenNr="5503" KundEigtNr="6169" KundArt="2" KundStatus="3" KundAufDat="1998-12-04"/>
  <Kunden KundenNr="5504" KundEigtNr="6170" KundArt="29" KundStatus="1" KundAufDat="1998-12-04"/>
  <Kunden KundenNr="5505" KundEigtNr="6171" KundArt="29" KundStatus="3" KundAufDat="1998-12-04"/>
  <Kunden KundenNr="5506" KundEigtNr="6172" KundArt="31" KundStatus="1" KundAufDat="1998-12-04"/>
  <Kunden KundenNr="5507" KundEigtNr="6173" KundArt="8" KundStatus="3" KundAufDat="1998-12-07"/>
  <Kunden KundenNr="5508" KundEigtNr="6174" KundArt="8" KundStatus="3" KundAufDat="1998-12-07"/>
  <Kunden KundenNr="5510" KundEigtNr="6175" KundArt="8" KundStatus="1" KundAufDat="1998-12-07"/>
  <Kunden KundenNr="5513" KundEigtNr="6178" KundArt="16" KundStatus="1" KundAufDat="1998-12-07"/>
  <Kunden KundenNr="5515" KundEigtNr="6180" KundArt="2" KundStatus="3" KundAufDat="1998-12-08"/>
  <Kunden KundenNr="5516" KundEigtNr="6181" KundArt="2" KundStatus="3" KundAufDat="1998-12-08"/>
  <Kunden KundenNr="5517" KundEigtNr="6182" KundArt="2" KundStatus="3" KundAufDat="1998-12-08"/>
  <Kunden KundenNr="5520" KundEigtNr="6185" KundArt="2" KundStatus="3" KundAufDat="1998-12-08"/>
  <Kunden KundenNr="5521" KundEigtNr="6186" KundArt="16" KundStatus="1" KundAufDat="1998-12-08"/>
  <Kunden KundenNr="5522" KundEigtNr="1949" KundArt="2" KundStatus="3" KundAufDat="1998-12-08"/>
  <Kunden KundenNr="5523" KundEigtNr="6187" KundArt="29" KundStatus="1" KundAufDat="1998-12-08"/>
  <Kunden KundenNr="5524" KundEigtNr="6189" KundArt="2" KundStatus="3" KundAufDat="1998-12-08"/>
  <Kunden KundenNr="5525" KundEigtNr="6190" KundArt="2" KundStatus="3" KundAufDat="1998-12-09"/>
  <Kunden KundenNr="5526" KundEigtNr="6191" KundArt="8" KundStatus="3" KundAufDat="1998-12-09"/>
  <Kunden KundenNr="5527" KundEigtNr="6192" KundArt="2" KundStatus="3" KundAufDat="1998-12-09"/>
  <Kunden KundenNr="5528" KundEigtNr="6193" KundArt="2" KundStatus="3" KundAufDat="1998-12-09"/>
  <Kunden KundenNr="5529" KundEigtNr="6194" KundArt="2" KundStatus="3" KundAufDat="1998-12-09"/>
  <Kunden KundenNr="5530" KundEigtNr="6195" KundArt="2" KundStatus="3" KundAufDat="1998-12-09"/>
  <Kunden KundenNr="5531" KundEigtNr="6196" KundArt="2" KundStatus="3" KundAufDat="1998-12-09"/>
  <Kunden KundenNr="5532" KundEigtNr="6197" KundArt="2" KundStatus="3" KundAufDat="1998-12-09"/>
  <Kunden KundenNr="5533" KundEigtNr="6198" KundArt="2" KundStatus="3" KundAufDat="1998-12-09"/>
  <Kunden KundenNr="5534" KundEigtNr="6199" KundArt="31" KundStatus="1" KundAufDat="1998-12-10"/>
  <Kunden KundenNr="5535" KundEigtNr="6200" KundArt="8" KundStatus="1" KundAufDat="1998-12-10"/>
  <Kunden KundenNr="5537" KundEigtNr="6201" KundArt="31" KundStatus="1" KundAufDat="1998-12-14"/>
  <Kunden KundenNr="5539" KundEigtNr="6203" KundArt="31" KundStatus="1" KundAufDat="1998-12-14"/>
  <Kunden KundenNr="5540" KundEigtNr="6204" KundArt="31" KundStatus="1" KundAufDat="1998-12-14"/>
  <Kunden KundenNr="5541" KundEigtNr="6205" KundArt="31" KundStatus="1" KundAufDat="1998-12-14"/>
  <Kunden KundenNr="5543" KundEigtNr="6207" KundArt="31" KundStatus="1" KundAufDat="1998-12-14"/>
  <Kunden KundenNr="5544" KundEigtNr="6208" KundArt="31" KundStatus="1" KundAufDat="1998-12-14"/>
  <Kunden KundenNr="5545" KundEigtNr="6209" KundArt="31" KundStatus="1" KundAufDat="1998-12-14"/>
  <Kunden KundenNr="5546" KundEigtNr="6210" KundArt="31" KundStatus="3" KundAufDat="1998-12-14"/>
  <Kunden KundenNr="5547" KundEigtNr="6211" KundArt="31" KundStatus="1" KundAufDat="1998-12-14"/>
  <Kunden KundenNr="5548" KundEigtNr="6212" KundArt="31" KundStatus="1" KundAufDat="1998-12-14"/>
  <Kunden KundenNr="5549" KundEigtNr="6213" KundArt="31" KundStatus="1" KundAufDat="1998-12-14"/>
  <Kunden KundenNr="5550" KundEigtNr="6214" KundArt="31" KundStatus="1" KundAufDat="1998-12-14"/>
  <Kunden KundenNr="5551" KundEigtNr="6215" KundArt="1" KundStatus="1" KundAufDat="1998-12-14"/>
  <Kunden KundenNr="5552" KundEigtNr="6216" KundArt="31" KundStatus="3" KundAufDat="1998-12-14"/>
  <Kunden KundenNr="5553" KundEigtNr="6217" KundArt="31" KundStatus="1" KundAufDat="1998-12-14"/>
  <Kunden KundenNr="5554" KundEigtNr="6218" KundArt="31" KundStatus="1" KundAufDat="1998-12-14"/>
  <Kunden KundenNr="5555" KundEigtNr="6219" KundArt="31" KundStatus="1" KundAufDat="1998-12-14"/>
  <Kunden KundenNr="5556" KundEigtNr="6220" KundArt="31" KundStatus="1" KundAufDat="1998-12-14"/>
  <Kunden KundenNr="5557" KundEigtNr="6221" KundArt="31" KundStatus="1" KundAufDat="1998-12-14"/>
  <Kunden KundenNr="5558" KundEigtNr="6222" KundArt="8" KundStatus="3" KundAufDat="1998-12-15"/>
  <Kunden KundenNr="5559" KundEigtNr="6223" KundArt="2" KundStatus="1" KundAufDat="1998-12-15"/>
  <Kunden KundenNr="5560" KundEigtNr="6225" KundArt="29" KundStatus="1" KundAufDat="1998-12-16"/>
  <Kunden KundenNr="5561" KundEigtNr="6227" KundArt="29" KundStatus="1" KundAufDat="1998-12-16"/>
  <Kunden KundenNr="5563" KundEigtNr="6229" KundArt="2" KundStatus="3" KundAufDat="1998-12-18"/>
  <Kunden KundenNr="5564" KundEigtNr="6230" KundArt="2" KundStatus="1" KundAufDat="1998-12-18"/>
  <Kunden KundenNr="5565" KundEigtNr="6231" KundArt="29" KundStatus="3" KundAufDat="1998-12-18"/>
  <Kunden KundenNr="5567" KundEigtNr="6232" KundArt="1" KundStatus="3" KundAufDat="1998-12-18"/>
  <Kunden KundenNr="5568" KundEigtNr="6233" KundArt="2" KundStatus="3" KundAufDat="1998-12-21"/>
  <Kunden KundenNr="5569" KundEigtNr="6234" KundArt="2" KundStatus="3" KundAufDat="1998-12-21"/>
  <Kunden KundenNr="5570" KundEigtNr="6235" KundArt="2" KundStatus="3" KundAufDat="1998-12-21"/>
  <Kunden KundenNr="5571" KundEigtNr="6236" KundArt="14" KundStatus="3" KundAufDat="1998-12-22"/>
  <Kunden KundenNr="5572" KundEigtNr="6237" KundArt="29" KundStatus="1" KundAufDat="1998-12-22"/>
  <Kunden KundenNr="5573" KundEigtNr="6239" KundArt="2" KundStatus="3" KundAufDat="1998-12-23"/>
  <Kunden KundenNr="5574" KundEigtNr="6240" KundArt="2" KundStatus="3" KundAufDat="1998-12-29"/>
  <Kunden KundenNr="5575" KundEigtNr="6241" KundArt="2" KundStatus="3" KundAufDat="1999-01-04"/>
  <Kunden KundenNr="5576" KundEigtNr="6242" KundArt="2" KundStatus="3" KundAufDat="1999-01-04"/>
  <Kunden KundenNr="5577" KundEigtNr="6243" KundArt="2" KundStatus="3" KundAufDat="1999-01-04"/>
  <Kunden KundenNr="5578" KundEigtNr="6244" KundArt="2" KundStatus="3" KundAufDat="1999-01-04"/>
  <Kunden KundenNr="5579" KundEigtNr="6245" KundArt="2" KundStatus="3" KundAufDat="1999-01-05"/>
  <Kunden KundenNr="5580" KundEigtNr="6246" KundArt="2" KundStatus="3" KundAufDat="1999-01-05"/>
  <Kunden KundenNr="5581" KundEigtNr="6247" KundArt="2" KundStatus="3" KundAufDat="1999-01-05"/>
  <Kunden KundenNr="5583" KundEigtNr="6249" KundArt="2" KundStatus="3" KundAufDat="1999-01-05"/>
  <Kunden KundenNr="5584" KundEigtNr="6250" KundArt="2" KundStatus="3" KundAufDat="1999-01-05"/>
  <Kunden KundenNr="5585" KundEigtNr="6251" KundArt="2" KundStatus="3" KundAufDat="1999-01-07"/>
  <Kunden KundenNr="5586" KundEigtNr="6252" KundArt="2" KundStatus="3" KundAufDat="1999-01-07"/>
  <Kunden KundenNr="5587" KundEigtNr="6253" KundArt="2" KundStatus="3" KundAufDat="1999-01-07"/>
  <Kunden KundenNr="5589" KundEigtNr="6255" KundArt="8" KundStatus="1" KundAufDat="1999-01-07"/>
  <Kunden KundenNr="5590" KundEigtNr="6256" KundArt="2" KundStatus="1" KundAufDat="1999-01-08"/>
  <Kunden KundenNr="5591" KundEigtNr="6257" KundArt="2" KundStatus="3" KundAufDat="1999-01-11"/>
  <Kunden KundenNr="5592" KundEigtNr="6258" KundArt="2" KundStatus="3" KundAufDat="1999-01-11"/>
  <Kunden KundenNr="5593" KundEigtNr="6259" KundArt="8" KundStatus="1" KundAufDat="1999-01-11"/>
  <Kunden KundenNr="5594" KundEigtNr="3005" KundArt="8" KundStatus="3" KundAufDat="1999-01-11"/>
  <Kunden KundenNr="5595" KundEigtNr="6260" KundArt="2" KundStatus="3" KundAufDat="1999-01-11"/>
  <Kunden KundenNr="5596" KundEigtNr="6261" KundArt="8" KundStatus="3" KundAufDat="1999-01-11"/>
  <Kunden KundenNr="5598" KundEigtNr="6263" KundArt="8" KundStatus="1" KundAufDat="1999-01-11"/>
  <Kunden KundenNr="5599" KundEigtNr="6264" KundArt="2" KundStatus="1" KundAufDat="1999-01-11"/>
  <Kunden KundenNr="5600" KundEigtNr="6265" KundArt="2" KundStatus="3" KundAufDat="1999-01-11"/>
  <Kunden KundenNr="5601" KundEigtNr="6266" KundArt="2" KundStatus="3" KundAufDat="1999-01-11"/>
  <Kunden KundenNr="5604" KundEigtNr="6269" KundArt="2" KundStatus="3" KundAufDat="1999-01-11"/>
  <Kunden KundenNr="5605" KundEigtNr="6270" KundArt="8" KundStatus="3" KundAufDat="1999-01-11"/>
  <Kunden KundenNr="5606" KundEigtNr="6271" KundArt="31" KundStatus="1" KundAufDat="1999-01-11"/>
  <Kunden KundenNr="5607" KundEigtNr="6272" KundArt="2" KundStatus="3" KundAufDat="1999-01-11"/>
  <Kunden KundenNr="5608" KundEigtNr="6273" KundArt="8" KundStatus="3" KundAufDat="1999-01-11"/>
  <Kunden KundenNr="5609" KundEigtNr="6274" KundArt="2" KundStatus="3" KundAufDat="1999-01-11"/>
  <Kunden KundenNr="5610" KundEigtNr="6275" KundArt="8" KundStatus="3" KundAufDat="1999-01-11"/>
  <Kunden KundenNr="5611" KundEigtNr="6276" KundArt="2" KundStatus="1" KundAufDat="1999-01-11"/>
  <Kunden KundenNr="5612" KundEigtNr="6277" KundArt="8" KundStatus="3" KundAufDat="1999-01-11"/>
  <Kunden KundenNr="5613" KundEigtNr="6278" KundArt="31" KundStatus="1" KundAufDat="1999-01-11"/>
  <Kunden KundenNr="5614" KundEigtNr="6279" KundArt="8" KundStatus="3" KundAufDat="1999-01-11"/>
  <Kunden KundenNr="5615" KundEigtNr="6280" KundArt="8" KundStatus="3" KundAufDat="1999-01-11"/>
  <Kunden KundenNr="5616" KundEigtNr="6281" KundArt="8" KundStatus="3" KundAufDat="1999-01-11"/>
  <Kunden KundenNr="5618" KundEigtNr="6282" KundArt="8" KundStatus="1" KundAufDat="1999-01-12"/>
  <Kunden KundenNr="5619" KundEigtNr="6283" KundArt="2" KundStatus="3" KundAufDat="1999-01-12"/>
  <Kunden KundenNr="5620" KundEigtNr="6284" KundArt="8" KundStatus="3" KundAufDat="1999-01-12"/>
  <Kunden KundenNr="5621" KundEigtNr="6285" KundArt="2" KundStatus="3" KundAufDat="1999-01-12"/>
  <Kunden KundenNr="5622" KundEigtNr="6286" KundArt="8" KundStatus="3" KundAufDat="1999-01-12"/>
  <Kunden KundenNr="5623" KundEigtNr="6287" KundArt="2" KundStatus="3" KundAufDat="1999-01-12"/>
  <Kunden KundenNr="5624" KundEigtNr="6288" KundArt="8" KundStatus="3" KundAufDat="1999-01-12"/>
  <Kunden KundenNr="5627" KundEigtNr="6291" KundArt="8" KundStatus="3" KundAufDat="1999-01-12"/>
  <Kunden KundenNr="5628" KundEigtNr="6292" KundArt="2" KundStatus="3" KundAufDat="1999-01-13"/>
  <Kunden KundenNr="5629" KundEigtNr="6293" KundArt="2" KundStatus="3" KundAufDat="1999-01-13"/>
  <Kunden KundenNr="5630" KundEigtNr="6294" KundArt="8" KundStatus="3" KundAufDat="1999-01-13"/>
  <Kunden KundenNr="5631" KundEigtNr="6295" KundArt="2" KundStatus="3" KundAufDat="1999-01-13"/>
  <Kunden KundenNr="5632" KundEigtNr="6296" KundArt="2" KundStatus="3" KundAufDat="1999-01-13"/>
  <Kunden KundenNr="5633" KundEigtNr="6297" KundArt="8" KundStatus="3" KundAufDat="1999-01-13"/>
  <Kunden KundenNr="5634" KundEigtNr="6298" KundArt="8" KundStatus="3" KundAufDat="1999-01-13"/>
  <Kunden KundenNr="5635" KundEigtNr="6299" KundArt="2" KundStatus="3" KundAufDat="1999-01-13"/>
  <Kunden KundenNr="5636" KundEigtNr="6300" KundArt="8" KundStatus="3" KundAufDat="1999-01-13"/>
  <Kunden KundenNr="5637" KundEigtNr="6301" KundArt="8" KundStatus="3" KundAufDat="1999-01-13"/>
  <Kunden KundenNr="5638" KundEigtNr="6212" KundArt="8" KundStatus="1" KundAufDat="1999-01-13"/>
  <Kunden KundenNr="5639" KundEigtNr="6302" KundArt="2" KundStatus="3" KundAufDat="1999-01-14"/>
  <Kunden KundenNr="5640" KundEigtNr="6303" KundArt="2" KundStatus="3" KundAufDat="1999-01-15"/>
  <Kunden KundenNr="5641" KundEigtNr="6304" KundArt="31" KundStatus="1" KundAufDat="1999-01-15"/>
  <Kunden KundenNr="5642" KundEigtNr="6305" KundArt="8" KundStatus="3" KundAufDat="1999-01-15"/>
  <Kunden KundenNr="5643" KundEigtNr="6306" KundArt="2" KundStatus="3" KundAufDat="1999-01-15"/>
  <Kunden KundenNr="5644" KundEigtNr="6307" KundArt="8" KundStatus="1" KundAufDat="1999-01-15"/>
  <Kunden KundenNr="5645" KundEigtNr="6308" KundArt="2" KundStatus="3" KundAufDat="1999-01-18"/>
  <Kunden KundenNr="5646" KundEigtNr="6309" KundArt="2" KundStatus="3" KundAufDat="1999-01-18"/>
  <Kunden KundenNr="5647" KundEigtNr="6310" KundArt="29" KundStatus="1" KundAufDat="1999-01-18"/>
  <Kunden KundenNr="5648" KundEigtNr="6311" KundArt="1" KundStatus="3" KundAufDat="1999-01-18"/>
  <Kunden KundenNr="5649" KundEigtNr="6312" KundArt="31" KundStatus="1" KundAufDat="1999-01-18"/>
  <Kunden KundenNr="5650" KundEigtNr="6313" KundArt="31" KundStatus="1" KundAufDat="1999-01-18"/>
  <Kunden KundenNr="5651" KundEigtNr="6314" KundArt="31" KundStatus="1" KundAufDat="1999-01-18"/>
  <Kunden KundenNr="5652" KundEigtNr="6315" KundArt="31" KundStatus="1" KundAufDat="1999-01-18"/>
  <Kunden KundenNr="5653" KundEigtNr="6316" KundArt="31" KundStatus="1" KundAufDat="1999-01-18"/>
  <Kunden KundenNr="5654" KundEigtNr="6317" KundArt="31" KundStatus="1" KundAufDat="1999-01-18"/>
  <Kunden KundenNr="5655" KundEigtNr="6318" KundArt="31" KundStatus="1" KundAufDat="1999-01-18"/>
  <Kunden KundenNr="5656" KundEigtNr="6319" KundArt="31" KundStatus="1" KundAufDat="1999-01-18"/>
  <Kunden KundenNr="5658" KundEigtNr="5278" KundArt="31" KundStatus="1" KundAufDat="1999-01-18"/>
  <Kunden KundenNr="5660" KundEigtNr="186" KundArt="31" KundStatus="1" KundAufDat="1999-01-18"/>
  <Kunden KundenNr="5661" KundEigtNr="6322" KundArt="31" KundStatus="1" KundAufDat="1999-01-18"/>
  <Kunden KundenNr="5662" KundEigtNr="6323" KundArt="31" KundStatus="1" KundAufDat="1999-01-18"/>
  <Kunden KundenNr="5663" KundEigtNr="6324" KundArt="31" KundStatus="1" KundAufDat="1999-01-19"/>
  <Kunden KundenNr="5664" KundEigtNr="6325" KundArt="2" KundStatus="3" KundAufDat="1999-01-19"/>
  <Kunden KundenNr="5665" KundEigtNr="6326" KundArt="1" KundStatus="3" KundAufDat="1999-01-19"/>
  <Kunden KundenNr="5666" KundEigtNr="6327" KundArt="1" KundStatus="1" KundAufDat="1999-01-20"/>
  <Kunden KundenNr="5668" KundEigtNr="6329" KundArt="31" KundStatus="1" KundAufDat="1999-01-21"/>
  <Kunden KundenNr="5669" KundEigtNr="953" KundArt="2" KundStatus="3" KundAufDat="1999-01-21"/>
  <Kunden KundenNr="5670" KundEigtNr="6330" KundArt="31" KundStatus="1" KundAufDat="1999-01-21"/>
  <Kunden KundenNr="5671" KundEigtNr="6331" KundArt="2" KundStatus="3" KundAufDat="1999-01-22"/>
  <Kunden KundenNr="5672" KundEigtNr="6332" KundArt="8" KundStatus="3" KundAufDat="1999-01-22"/>
  <Kunden KundenNr="5673" KundEigtNr="6333" KundArt="2" KundStatus="3" KundAufDat="1999-01-24"/>
  <Kunden KundenNr="5674" KundEigtNr="6334" KundArt="2" KundStatus="3" KundAufDat="1999-01-24"/>
  <Kunden KundenNr="5675" KundEigtNr="6335" KundArt="2" KundStatus="3" KundAufDat="1999-01-24"/>
  <Kunden KundenNr="5676" KundEigtNr="6336" KundArt="2" KundStatus="3" KundAufDat="1999-01-24"/>
  <Kunden KundenNr="5677" KundEigtNr="6337" KundArt="2" KundStatus="1" KundAufDat="1999-01-24"/>
  <Kunden KundenNr="5678" KundEigtNr="6338" KundArt="2" KundStatus="3" KundAufDat="1999-01-24"/>
  <Kunden KundenNr="5679" KundEigtNr="6339" KundArt="2" KundStatus="3" KundAufDat="1999-01-24"/>
  <Kunden KundenNr="5680" KundEigtNr="6340" KundArt="8" KundStatus="3" KundAufDat="1999-01-25"/>
  <Kunden KundenNr="5681" KundEigtNr="6341" KundArt="8" KundStatus="3" KundAufDat="1999-01-25"/>
  <Kunden KundenNr="5682" KundEigtNr="6342" KundArt="8" KundStatus="3" KundAufDat="1999-01-25"/>
  <Kunden KundenNr="5683" KundEigtNr="6343" KundArt="8" KundStatus="3" KundAufDat="1999-01-25"/>
  <Kunden KundenNr="5684" KundEigtNr="6344" KundArt="8" KundStatus="3" KundAufDat="1999-01-25"/>
  <Kunden KundenNr="5685" KundEigtNr="6345" KundArt="8" KundStatus="3" KundAufDat="1999-01-25"/>
  <Kunden KundenNr="5686" KundEigtNr="6346" KundArt="8" KundStatus="3" KundAufDat="1999-01-25"/>
  <Kunden KundenNr="5687" KundEigtNr="6347" KundArt="8" KundStatus="3" KundAufDat="1999-01-25"/>
  <Kunden KundenNr="5688" KundEigtNr="6348" KundArt="8" KundStatus="3" KundAufDat="1999-01-25"/>
  <Kunden KundenNr="5689" KundEigtNr="6349" KundArt="8" KundStatus="3" KundAufDat="1999-01-25"/>
  <Kunden KundenNr="5690" KundEigtNr="6350" KundArt="2" KundStatus="3" KundAufDat="1999-01-25"/>
  <Kunden KundenNr="5691" KundEigtNr="6351" KundArt="2" KundStatus="3" KundAufDat="1999-01-25"/>
  <Kunden KundenNr="5692" KundEigtNr="6352" KundArt="2" KundStatus="3" KundAufDat="1999-01-25"/>
  <Kunden KundenNr="5693" KundEigtNr="6353" KundArt="8" KundStatus="3" KundAufDat="1999-01-25"/>
  <Kunden KundenNr="5694" KundEigtNr="6354" KundArt="2" KundStatus="3" KundAufDat="1999-01-25"/>
  <Kunden KundenNr="5695" KundEigtNr="6355" KundArt="2" KundStatus="3" KundAufDat="1999-01-25"/>
  <Kunden KundenNr="5696" KundEigtNr="6356" KundArt="8" KundStatus="1" KundAufDat="1999-01-25"/>
  <Kunden KundenNr="5697" KundEigtNr="6357" KundArt="8" KundStatus="3" KundAufDat="1999-01-25"/>
  <Kunden KundenNr="5698" KundEigtNr="6358" KundArt="2" KundStatus="3" KundAufDat="1999-01-25"/>
  <Kunden KundenNr="5699" KundEigtNr="6359" KundArt="2" KundStatus="3" KundAufDat="1999-01-25"/>
  <Kunden KundenNr="5700" KundEigtNr="6360" KundArt="31" KundStatus="1" KundAufDat="1999-01-25"/>
  <Kunden KundenNr="5701" KundEigtNr="6361" KundArt="8" KundStatus="3" KundAufDat="1999-01-25"/>
  <Kunden KundenNr="5702" KundEigtNr="6362" KundArt="31" KundStatus="1" KundAufDat="1999-01-25"/>
  <Kunden KundenNr="5703" KundEigtNr="6363" KundArt="31" KundStatus="1" KundAufDat="1999-01-25"/>
  <Kunden KundenNr="5704" KundEigtNr="6364" KundArt="31" KundStatus="1" KundAufDat="1999-01-25"/>
  <Kunden KundenNr="5705" KundEigtNr="6365" KundArt="31" KundStatus="1" KundAufDat="1999-01-25"/>
  <Kunden KundenNr="5706" KundEigtNr="6366" KundArt="2" KundStatus="3" KundAufDat="1999-01-26"/>
  <Kunden KundenNr="5707" KundEigtNr="6367" KundArt="8" KundStatus="3" KundAufDat="1999-01-26"/>
  <Kunden KundenNr="5708" KundEigtNr="6368" KundArt="8" KundStatus="1" KundAufDat="1999-01-26"/>
  <Kunden KundenNr="5709" KundEigtNr="6369" KundArt="2" KundStatus="3" KundAufDat="1999-01-26"/>
  <Kunden KundenNr="5710" KundEigtNr="6370" KundArt="8" KundStatus="3" KundAufDat="1999-01-26"/>
  <Kunden KundenNr="5712" KundEigtNr="6372" KundArt="8" KundStatus="1" KundAufDat="1999-01-26"/>
  <Kunden KundenNr="5713" KundEigtNr="6373" KundArt="2" KundStatus="3" KundAufDat="1999-01-26"/>
  <Kunden KundenNr="5714" KundEigtNr="6374" KundArt="8" KundStatus="3" KundAufDat="1999-01-26"/>
  <Kunden KundenNr="5715" KundEigtNr="6375" KundArt="8" KundStatus="3" KundAufDat="1999-01-26"/>
  <Kunden KundenNr="5716" KundEigtNr="6376" KundArt="8" KundStatus="3" KundAufDat="1999-01-26"/>
  <Kunden KundenNr="5717" KundEigtNr="6377" KundArt="2" KundStatus="3" KundAufDat="1999-01-27"/>
  <Kunden KundenNr="5718" KundEigtNr="6378" KundArt="8" KundStatus="3" KundAufDat="1999-01-27"/>
  <Kunden KundenNr="5719" KundEigtNr="6379" KundArt="8" KundStatus="3" KundAufDat="1999-01-27"/>
  <Kunden KundenNr="5720" KundEigtNr="6380" KundArt="29" KundStatus="3" KundAufDat="1999-01-27"/>
  <Kunden KundenNr="5721" KundEigtNr="6381" KundArt="8" KundStatus="3" KundAufDat="1999-01-27"/>
  <Kunden KundenNr="5722" KundEigtNr="6382" KundArt="8" KundStatus="3" KundAufDat="1999-01-27"/>
  <Kunden KundenNr="5723" KundEigtNr="6383" KundArt="2" KundStatus="3" KundAufDat="1999-01-28"/>
  <Kunden KundenNr="5724" KundEigtNr="6384" KundArt="8" KundStatus="3" KundAufDat="1999-01-29"/>
  <Kunden KundenNr="5725" KundEigtNr="6385" KundArt="31" KundStatus="1" KundAufDat="1999-01-29"/>
  <Kunden KundenNr="5726" KundEigtNr="6386" KundArt="31" KundStatus="1" KundAufDat="1999-01-29"/>
  <Kunden KundenNr="5727" KundEigtNr="6387" KundArt="2" KundStatus="3" KundAufDat="1999-01-29"/>
  <Kunden KundenNr="5728" KundEigtNr="6388" KundArt="8" KundStatus="3" KundAufDat="1999-01-30"/>
  <Kunden KundenNr="5729" KundEigtNr="805" KundArt="8" KundStatus="3" KundAufDat="1999-01-30"/>
  <Kunden KundenNr="5730" KundEigtNr="6389" KundArt="8" KundStatus="3" KundAufDat="1999-01-30"/>
  <Kunden KundenNr="5731" KundEigtNr="6390" KundArt="2" KundStatus="3" KundAufDat="1999-01-30"/>
  <Kunden KundenNr="5732" KundEigtNr="6391" KundArt="2" KundStatus="3" KundAufDat="1999-01-31"/>
  <Kunden KundenNr="5733" KundEigtNr="6392" KundArt="2" KundStatus="3" KundAufDat="1999-01-31"/>
  <Kunden KundenNr="5734" KundEigtNr="6393" KundArt="1" KundStatus="3" KundAufDat="1999-02-01"/>
  <Kunden KundenNr="5735" KundEigtNr="6394" KundArt="8" KundStatus="3" KundAufDat="1999-02-01"/>
  <Kunden KundenNr="5736" KundEigtNr="6395" KundArt="8" KundStatus="3" KundAufDat="1999-02-01"/>
  <Kunden KundenNr="5737" KundEigtNr="6396" KundArt="8" KundStatus="3" KundAufDat="1999-02-01"/>
  <Kunden KundenNr="5738" KundEigtNr="6397" KundArt="2" KundStatus="3" KundAufDat="1999-02-01"/>
  <Kunden KundenNr="5739" KundEigtNr="6398" KundArt="2" KundStatus="3" KundAufDat="1999-02-01"/>
  <Kunden KundenNr="5740" KundEigtNr="6399" KundArt="2" KundStatus="3" KundAufDat="1999-02-01"/>
  <Kunden KundenNr="5741" KundEigtNr="6400" KundArt="2" KundStatus="3" KundAufDat="1999-02-01"/>
  <Kunden KundenNr="5742" KundEigtNr="6401" KundArt="2" KundStatus="3" KundAufDat="1999-02-01"/>
  <Kunden KundenNr="5743" KundEigtNr="6402" KundArt="2" KundStatus="3" KundAufDat="1999-02-01"/>
  <Kunden KundenNr="5744" KundEigtNr="6403" KundArt="2" KundStatus="3" KundAufDat="1999-02-01"/>
  <Kunden KundenNr="5745" KundEigtNr="6404" KundArt="8" KundStatus="3" KundAufDat="1999-02-01"/>
  <Kunden KundenNr="5746" KundEigtNr="6405" KundArt="8" KundStatus="3" KundAufDat="1999-02-01"/>
  <Kunden KundenNr="5747" KundEigtNr="6406" KundArt="8" KundStatus="3" KundAufDat="1999-02-01"/>
  <Kunden KundenNr="5748" KundEigtNr="6407" KundArt="8" KundStatus="3" KundAufDat="1999-02-01"/>
  <Kunden KundenNr="5749" KundEigtNr="6408" KundArt="8" KundStatus="1" KundAufDat="1999-02-01"/>
  <Kunden KundenNr="5750" KundEigtNr="6409" KundArt="8" KundStatus="1" KundAufDat="1999-02-01"/>
  <Kunden KundenNr="5751" KundEigtNr="6410" KundArt="8" KundStatus="3" KundAufDat="1999-02-01"/>
  <Kunden KundenNr="5753" KundEigtNr="6411" KundArt="31" KundStatus="1" KundAufDat="1999-02-01"/>
  <Kunden KundenNr="5754" KundEigtNr="6412" KundArt="8" KundStatus="3" KundAufDat="1999-02-01"/>
  <Kunden KundenNr="5755" KundEigtNr="6391" KundArt="8" KundStatus="1" KundAufDat="1999-02-01"/>
  <Kunden KundenNr="5756" KundEigtNr="6413" KundArt="8" KundStatus="3" KundAufDat="1999-02-01"/>
  <Kunden KundenNr="5757" KundEigtNr="6414" KundArt="8" KundStatus="3" KundAufDat="1999-02-01"/>
  <Kunden KundenNr="5758" KundEigtNr="6415" KundArt="8" KundStatus="3" KundAufDat="1999-02-01"/>
  <Kunden KundenNr="5759" KundEigtNr="6416" KundArt="8" KundStatus="3" KundAufDat="1999-02-01"/>
  <Kunden KundenNr="5760" KundEigtNr="6417" KundArt="8" KundStatus="3" KundAufDat="1999-02-02"/>
  <Kunden KundenNr="5761" KundEigtNr="6418" KundArt="2" KundStatus="3" KundAufDat="1999-02-02"/>
  <Kunden KundenNr="5762" KundEigtNr="6419" KundArt="2" KundStatus="3" KundAufDat="1999-02-02"/>
  <Kunden KundenNr="5763" KundEigtNr="6420" KundArt="2" KundStatus="3" KundAufDat="1999-02-02"/>
  <Kunden KundenNr="5764" KundEigtNr="6421" KundArt="2" KundStatus="3" KundAufDat="1999-02-02"/>
  <Kunden KundenNr="5765" KundEigtNr="6422" KundArt="8" KundStatus="3" KundAufDat="1999-02-02"/>
  <Kunden KundenNr="5766" KundEigtNr="6423" KundArt="2" KundStatus="1" KundAufDat="1999-02-02"/>
  <Kunden KundenNr="5767" KundEigtNr="6424" KundArt="2" KundStatus="3" KundAufDat="1999-02-02"/>
  <Kunden KundenNr="5769" KundEigtNr="6426" KundArt="8" KundStatus="3" KundAufDat="1999-02-02"/>
  <Kunden KundenNr="5770" KundEigtNr="6427" KundArt="8" KundStatus="3" KundAufDat="1999-02-02"/>
  <Kunden KundenNr="5771" KundEigtNr="6428" KundArt="2" KundStatus="3" KundAufDat="1999-02-02"/>
  <Kunden KundenNr="5772" KundEigtNr="6429" KundArt="2" KundStatus="3" KundAufDat="1999-02-02"/>
  <Kunden KundenNr="5773" KundEigtNr="6430" KundArt="2" KundStatus="3" KundAufDat="1999-02-02"/>
  <Kunden KundenNr="5774" KundEigtNr="6431" KundArt="2" KundStatus="3" KundAufDat="1999-02-02"/>
  <Kunden KundenNr="5775" KundEigtNr="6432" KundArt="2" KundStatus="3" KundAufDat="1999-02-02"/>
  <Kunden KundenNr="5776" KundEigtNr="6433" KundArt="14" KundStatus="3" KundAufDat="1999-02-02"/>
  <Kunden KundenNr="5777" KundEigtNr="6434" KundArt="2" KundStatus="3" KundAufDat="1999-02-02"/>
  <Kunden KundenNr="5778" KundEigtNr="6435" KundArt="8" KundStatus="3" KundAufDat="1999-02-02"/>
  <Kunden KundenNr="5779" KundEigtNr="6436" KundArt="8" KundStatus="3" KundAufDat="1999-02-02"/>
  <Kunden KundenNr="5780" KundEigtNr="6437" KundArt="8" KundStatus="3" KundAufDat="1999-02-02"/>
  <Kunden KundenNr="5781" KundEigtNr="6438" KundArt="8" KundStatus="3" KundAufDat="1999-02-02"/>
  <Kunden KundenNr="5782" KundEigtNr="6439" KundArt="8" KundStatus="3" KundAufDat="1999-02-02"/>
  <Kunden KundenNr="5783" KundEigtNr="6440" KundArt="2" KundStatus="3" KundAufDat="1999-02-03"/>
  <Kunden KundenNr="5784" KundEigtNr="6441" KundArt="2" KundStatus="3" KundAufDat="1999-02-03"/>
  <Kunden KundenNr="5785" KundEigtNr="6442" KundArt="8" KundStatus="3" KundAufDat="1999-02-03"/>
  <Kunden KundenNr="5786" KundEigtNr="6443" KundArt="8" KundStatus="3" KundAufDat="1999-02-03"/>
  <Kunden KundenNr="5787" KundEigtNr="6444" KundArt="8" KundStatus="3" KundAufDat="1999-02-03"/>
  <Kunden KundenNr="5788" KundEigtNr="6445" KundArt="2" KundStatus="3" KundAufDat="1999-02-03"/>
  <Kunden KundenNr="5789" KundEigtNr="6446" KundArt="2" KundStatus="3" KundAufDat="1999-02-04"/>
  <Kunden KundenNr="5790" KundEigtNr="6447" KundArt="2" KundStatus="3" KundAufDat="1999-02-04"/>
  <Kunden KundenNr="5791" KundEigtNr="6448" KundArt="2" KundStatus="3" KundAufDat="1999-02-04"/>
  <Kunden KundenNr="5792" KundEigtNr="6449" KundArt="2" KundStatus="3" KundAufDat="1999-02-04"/>
  <Kunden KundenNr="5793" KundEigtNr="6450" KundArt="2" KundStatus="3" KundAufDat="1999-02-04"/>
  <Kunden KundenNr="5794" KundEigtNr="6451" KundArt="2" KundStatus="3" KundAufDat="1999-02-04"/>
  <Kunden KundenNr="5795" KundEigtNr="6452" KundArt="2" KundStatus="3" KundAufDat="1999-02-04"/>
  <Kunden KundenNr="5796" KundEigtNr="6453" KundArt="2" KundStatus="3" KundAufDat="1999-02-04"/>
  <Kunden KundenNr="5797" KundEigtNr="6454" KundArt="2" KundStatus="3" KundAufDat="1999-02-04"/>
  <Kunden KundenNr="5798" KundEigtNr="6455" KundArt="2" KundStatus="3" KundAufDat="1999-02-04"/>
  <Kunden KundenNr="5799" KundEigtNr="6456" KundArt="2" KundStatus="3" KundAufDat="1999-02-04"/>
  <Kunden KundenNr="5800" KundEigtNr="6457" KundArt="2" KundStatus="3" KundAufDat="1999-02-04"/>
  <Kunden KundenNr="5801" KundEigtNr="6458" KundArt="2" KundStatus="3" KundAufDat="1999-02-04"/>
  <Kunden KundenNr="5802" KundEigtNr="6459" KundArt="2" KundStatus="3" KundAufDat="1999-02-04"/>
  <Kunden KundenNr="5803" KundEigtNr="6460" KundArt="2" KundStatus="3" KundAufDat="1999-02-04"/>
  <Kunden KundenNr="5805" KundEigtNr="6462" KundArt="2" KundStatus="3" KundAufDat="1999-02-04"/>
  <Kunden KundenNr="5806" KundEigtNr="6463" KundArt="2" KundStatus="3" KundAufDat="1999-02-04"/>
  <Kunden KundenNr="5807" KundEigtNr="6464" KundArt="2" KundStatus="3" KundAufDat="1999-02-04"/>
  <Kunden KundenNr="5808" KundEigtNr="6465" KundArt="2" KundStatus="3" KundAufDat="1999-02-04"/>
  <Kunden KundenNr="5810" KundEigtNr="6461" KundArt="2" KundStatus="3" KundAufDat="1999-02-05"/>
  <Kunden KundenNr="5811" KundEigtNr="6466" KundArt="31" KundStatus="1" KundAufDat="1999-02-05"/>
  <Kunden KundenNr="5812" KundEigtNr="6467" KundArt="2" KundStatus="3" KundAufDat="1999-02-05"/>
  <Kunden KundenNr="5813" KundEigtNr="6468" KundArt="2" KundStatus="3" KundAufDat="1999-02-05"/>
  <Kunden KundenNr="5814" KundEigtNr="6469" KundArt="2" KundStatus="3" KundAufDat="1999-02-05"/>
  <Kunden KundenNr="5815" KundEigtNr="3375" KundArt="2" KundStatus="3" KundAufDat="1999-02-05"/>
  <Kunden KundenNr="5816" KundEigtNr="6470" KundArt="2" KundStatus="3" KundAufDat="1999-02-08"/>
  <Kunden KundenNr="5817" KundEigtNr="6471" KundArt="2" KundStatus="3" KundAufDat="1999-02-08"/>
  <Kunden KundenNr="5818" KundEigtNr="6472" KundArt="31" KundStatus="1" KundAufDat="1999-02-08"/>
  <Kunden KundenNr="5819" KundEigtNr="6473" KundArt="31" KundStatus="1" KundAufDat="1999-02-08"/>
  <Kunden KundenNr="5820" KundEigtNr="6474" KundArt="8" KundStatus="3" KundAufDat="1999-02-08"/>
  <Kunden KundenNr="5821" KundEigtNr="6475" KundArt="2" KundStatus="3" KundAufDat="1999-02-08"/>
  <Kunden KundenNr="5822" KundEigtNr="6476" KundArt="2" KundStatus="3" KundAufDat="1999-02-08"/>
  <Kunden KundenNr="5823" KundEigtNr="6477" KundArt="2" KundStatus="3" KundAufDat="1999-02-08"/>
  <Kunden KundenNr="5824" KundEigtNr="6478" KundArt="2" KundStatus="3" KundAufDat="1999-02-08"/>
  <Kunden KundenNr="5825" KundEigtNr="6479" KundArt="2" KundStatus="3" KundAufDat="1999-02-08"/>
  <Kunden KundenNr="5826" KundEigtNr="6480" KundArt="2" KundStatus="3" KundAufDat="1999-02-08"/>
  <Kunden KundenNr="5827" KundEigtNr="6481" KundArt="29" KundStatus="1" KundAufDat="1999-02-09"/>
  <Kunden KundenNr="5828" KundEigtNr="6482" KundArt="2" KundStatus="3" KundAufDat="1999-02-09"/>
  <Kunden KundenNr="5829" KundEigtNr="5734" KundArt="8" KundStatus="3" KundAufDat="1999-02-09"/>
  <Kunden KundenNr="5830" KundEigtNr="6483" KundArt="8" KundStatus="3" KundAufDat="1999-02-09"/>
  <Kunden KundenNr="5831" KundEigtNr="6484" KundArt="2" KundStatus="3" KundAufDat="1999-02-09"/>
  <Kunden KundenNr="5832" KundEigtNr="6485" KundArt="1" KundStatus="1" KundAufDat="1999-02-09"/>
  <Kunden KundenNr="5833" KundEigtNr="6486" KundArt="2" KundStatus="3" KundAufDat="1999-02-09"/>
  <Kunden KundenNr="5834" KundEigtNr="6487" KundArt="31" KundStatus="1" KundAufDat="1999-02-09"/>
  <Kunden KundenNr="5835" KundEigtNr="6488" KundArt="31" KundStatus="3" KundAufDat="1999-02-09"/>
  <Kunden KundenNr="5836" KundEigtNr="6489" KundArt="2" KundStatus="3" KundAufDat="1999-02-10"/>
  <Kunden KundenNr="5837" KundEigtNr="6490" KundArt="31" KundStatus="1" KundAufDat="1999-02-10"/>
  <Kunden KundenNr="5838" KundEigtNr="6491" KundArt="29" KundStatus="1" KundAufDat="1999-02-11"/>
  <Kunden KundenNr="5839" KundEigtNr="6493" KundArt="31" KundStatus="1" KundAufDat="1999-02-11"/>
  <Kunden KundenNr="5840" KundEigtNr="6494" KundArt="29" KundStatus="1" KundAufDat="1999-02-11"/>
  <Kunden KundenNr="5841" KundEigtNr="6495" KundArt="29" KundStatus="3" KundAufDat="1999-02-11"/>
  <Kunden KundenNr="5842" KundEigtNr="5202" KundArt="29" KundStatus="1" KundAufDat="1999-02-11"/>
  <Kunden KundenNr="5843" KundEigtNr="6497" KundArt="2" KundStatus="3" KundAufDat="1999-02-12"/>
  <Kunden KundenNr="5844" KundEigtNr="6498" KundArt="2" KundStatus="3" KundAufDat="1999-02-12"/>
  <Kunden KundenNr="5846" KundEigtNr="6499" KundArt="2" KundStatus="3" KundAufDat="1999-02-12"/>
  <Kunden KundenNr="5848" KundEigtNr="6208" KundArt="1" KundStatus="3" KundAufDat="1999-02-13"/>
  <Kunden KundenNr="5849" KundEigtNr="6501" KundArt="1" KundStatus="1" KundAufDat="1999-02-13"/>
  <Kunden KundenNr="5850" KundEigtNr="6502" KundArt="1" KundStatus="1" KundAufDat="1999-02-13"/>
  <Kunden KundenNr="5851" KundEigtNr="6503" KundArt="2" KundStatus="1" KundAufDat="1999-02-13"/>
  <Kunden KundenNr="5852" KundEigtNr="6504" KundArt="2" KundStatus="3" KundAufDat="1999-02-13"/>
  <Kunden KundenNr="5853" KundEigtNr="6505" KundArt="2" KundStatus="3" KundAufDat="1999-02-13"/>
  <Kunden KundenNr="5855" KundEigtNr="4299" KundArt="2" KundStatus="3" KundAufDat="1999-02-15"/>
  <Kunden KundenNr="5856" KundEigtNr="3991" KundArt="1" KundStatus="3" KundAufDat="1999-02-15"/>
  <Kunden KundenNr="5857" KundEigtNr="6506" KundArt="8" KundStatus="3" KundAufDat="1999-02-15"/>
  <Kunden KundenNr="5858" KundEigtNr="6507" KundArt="2" KundStatus="3" KundAufDat="1999-02-15"/>
  <Kunden KundenNr="5859" KundEigtNr="4083" KundArt="8" KundStatus="3" KundAufDat="1999-02-15"/>
  <Kunden KundenNr="5860" KundEigtNr="6508" KundArt="8" KundStatus="3" KundAufDat="1999-02-15"/>
  <Kunden KundenNr="5861" KundEigtNr="6509" KundArt="8" KundStatus="3" KundAufDat="1999-02-15"/>
  <Kunden KundenNr="5863" KundEigtNr="6511" KundArt="2" KundStatus="3" KundAufDat="1999-02-15"/>
  <Kunden KundenNr="5864" KundEigtNr="6512" KundArt="1" KundStatus="3" KundAufDat="1999-02-15"/>
  <Kunden KundenNr="5865" KundEigtNr="6513" KundArt="1" KundStatus="3" KundAufDat="1999-02-15"/>
  <Kunden KundenNr="5866" KundEigtNr="6514" KundArt="31" KundStatus="1" KundAufDat="1999-02-15"/>
  <Kunden KundenNr="5867" KundEigtNr="6518" KundArt="31" KundStatus="1" KundAufDat="1999-02-15"/>
  <Kunden KundenNr="5868" KundEigtNr="6519" KundArt="31" KundStatus="1" KundAufDat="1999-02-15"/>
  <Kunden KundenNr="5869" KundEigtNr="6522" KundArt="31" KundStatus="1" KundAufDat="1999-02-15"/>
  <Kunden KundenNr="5870" KundEigtNr="6525" KundArt="31" KundStatus="1" KundAufDat="1999-02-15"/>
  <Kunden KundenNr="5871" KundEigtNr="6527" KundArt="31" KundStatus="1" KundAufDat="1999-02-15"/>
  <Kunden KundenNr="5872" KundEigtNr="6532" KundArt="1" KundStatus="3" KundAufDat="1999-02-15"/>
  <Kunden KundenNr="5873" KundEigtNr="6537" KundArt="31" KundStatus="1" KundAufDat="1999-02-15"/>
  <Kunden KundenNr="5874" KundEigtNr="6538" KundArt="31" KundStatus="1" KundAufDat="1999-02-15"/>
  <Kunden KundenNr="5875" KundEigtNr="6539" KundArt="1" KundStatus="3" KundAufDat="1999-02-15"/>
  <Kunden KundenNr="5876" KundEigtNr="6540" KundArt="1" KundStatus="1" KundAufDat="1999-02-15"/>
  <Kunden KundenNr="5877" KundEigtNr="6541" KundArt="8" KundStatus="3" KundAufDat="1999-02-15"/>
  <Kunden KundenNr="5878" KundEigtNr="6542" KundArt="31" KundStatus="1" KundAufDat="1999-02-15"/>
  <Kunden KundenNr="5879" KundEigtNr="6543" KundArt="31" KundStatus="1" KundAufDat="1999-02-15"/>
  <Kunden KundenNr="5880" KundEigtNr="6544" KundArt="2" KundStatus="3" KundAufDat="1999-02-15"/>
  <Kunden KundenNr="5881" KundEigtNr="6545" KundArt="2" KundStatus="3" KundAufDat="1999-02-15"/>
  <Kunden KundenNr="5882" KundEigtNr="2843" KundArt="2" KundStatus="1" KundAufDat="1999-02-15"/>
  <Kunden KundenNr="5883" KundEigtNr="6546" KundArt="8" KundStatus="3" KundAufDat="1999-02-15"/>
  <Kunden KundenNr="5884" KundEigtNr="2695" KundArt="1" KundStatus="1" KundAufDat="1999-02-15"/>
  <Kunden KundenNr="5885" KundEigtNr="6547" KundArt="8" KundStatus="3" KundAufDat="1999-02-15"/>
  <Kunden KundenNr="5886" KundEigtNr="6548" KundArt="8" KundStatus="3" KundAufDat="1999-02-15"/>
  <Kunden KundenNr="5887" KundEigtNr="6549" KundArt="8" KundStatus="3" KundAufDat="1999-02-15"/>
  <Kunden KundenNr="5888" KundEigtNr="6550" KundArt="8" KundStatus="3" KundAufDat="1999-02-15"/>
  <Kunden KundenNr="5889" KundEigtNr="6551" KundArt="1" KundStatus="3" KundAufDat="1999-02-15"/>
  <Kunden KundenNr="5890" KundEigtNr="6552" KundArt="1" KundStatus="3" KundAufDat="1999-02-15"/>
  <Kunden KundenNr="5891" KundEigtNr="6553" KundArt="1" KundStatus="3" KundAufDat="1999-02-15"/>
  <Kunden KundenNr="5892" KundEigtNr="6554" KundArt="1" KundStatus="3" KundAufDat="1999-02-15"/>
  <Kunden KundenNr="5893" KundEigtNr="6555" KundArt="1" KundStatus="3" KundAufDat="1999-02-15"/>
  <Kunden KundenNr="5895" KundEigtNr="6556" KundArt="1" KundStatus="3" KundAufDat="1999-02-16"/>
  <Kunden KundenNr="5896" KundEigtNr="6557" KundArt="1" KundStatus="3" KundAufDat="1999-02-16"/>
  <Kunden KundenNr="5897" KundEigtNr="6558" KundArt="1" KundStatus="3" KundAufDat="1999-02-16"/>
  <Kunden KundenNr="5898" KundEigtNr="6559" KundArt="1" KundStatus="3" KundAufDat="1999-02-16"/>
  <Kunden KundenNr="5899" KundEigtNr="6560" KundArt="1" KundStatus="3" KundAufDat="1999-02-16"/>
  <Kunden KundenNr="5900" KundEigtNr="6561" KundArt="1" KundStatus="3" KundAufDat="1999-02-16"/>
  <Kunden KundenNr="5901" KundEigtNr="6562" KundArt="1" KundStatus="3" KundAufDat="1999-02-16"/>
  <Kunden KundenNr="5902" KundEigtNr="1335" KundArt="2" KundStatus="1" KundAufDat="1999-02-16"/>
  <Kunden KundenNr="5903" KundEigtNr="6563" KundArt="2" KundStatus="3" KundAufDat="1999-02-16"/>
  <Kunden KundenNr="5904" KundEigtNr="822" KundArt="2" KundStatus="3" KundAufDat="1999-02-16"/>
  <Kunden KundenNr="5905" KundEigtNr="5332" KundArt="2" KundStatus="3" KundAufDat="1999-02-16"/>
  <Kunden KundenNr="5907" KundEigtNr="6565" KundArt="8" KundStatus="3" KundAufDat="1999-02-16"/>
  <Kunden KundenNr="5908" KundEigtNr="6566" KundArt="31" KundStatus="1" KundAufDat="1999-02-16"/>
  <Kunden KundenNr="5909" KundEigtNr="6567" KundArt="31" KundStatus="1" KundAufDat="1999-02-16"/>
  <Kunden KundenNr="5910" KundEigtNr="6568" KundArt="31" KundStatus="1" KundAufDat="1999-02-16"/>
  <Kunden KundenNr="5911" KundEigtNr="6569" KundArt="29" KundStatus="3" KundAufDat="1999-02-16"/>
  <Kunden KundenNr="5912" KundEigtNr="6570" KundArt="1" KundStatus="3" KundAufDat="1999-02-16"/>
  <Kunden KundenNr="5913" KundEigtNr="7161" KundArt="8" KundStatus="3" KundAufDat="1999-02-16"/>
  <Kunden KundenNr="5914" KundEigtNr="6572" KundArt="8" KundStatus="3" KundAufDat="1999-02-16"/>
  <Kunden KundenNr="5915" KundEigtNr="6573" KundArt="2" KundStatus="3" KundAufDat="1999-02-16"/>
  <Kunden KundenNr="5917" KundEigtNr="3455" KundArt="2" KundStatus="3" KundAufDat="1999-02-17"/>
  <Kunden KundenNr="5918" KundEigtNr="6575" KundArt="29" KundStatus="1" KundAufDat="1999-02-17"/>
  <Kunden KundenNr="5919" KundEigtNr="6576" KundArt="1" KundStatus="1" KundAufDat="1999-02-17"/>
  <Kunden KundenNr="5920" KundEigtNr="6577" KundArt="8" KundStatus="3" KundAufDat="1999-02-18"/>
  <Kunden KundenNr="5921" KundEigtNr="6578" KundArt="29" KundStatus="1" KundAufDat="1999-02-18"/>
  <Kunden KundenNr="5922" KundEigtNr="6579" KundArt="8" KundStatus="3" KundAufDat="1999-02-18"/>
  <Kunden KundenNr="5923" KundEigtNr="6580" KundArt="2" KundStatus="3" KundAufDat="1999-02-18"/>
  <Kunden KundenNr="5924" KundEigtNr="6581" KundArt="8" KundStatus="3" KundAufDat="1999-02-18"/>
  <Kunden KundenNr="5925" KundEigtNr="6590" KundArt="29" KundStatus="1" KundAufDat="1999-02-18"/>
  <Kunden KundenNr="5927" KundEigtNr="6598" KundArt="2" KundStatus="3" KundAufDat="1999-02-18"/>
  <Kunden KundenNr="5928" KundEigtNr="6599" KundArt="8" KundStatus="1" KundAufDat="1999-02-19"/>
  <Kunden KundenNr="5929" KundEigtNr="6600" KundArt="2" KundStatus="3" KundAufDat="1999-02-19"/>
  <Kunden KundenNr="5930" KundEigtNr="6601" KundArt="2" KundStatus="3" KundAufDat="1999-02-19"/>
  <Kunden KundenNr="5931" KundEigtNr="6602" KundArt="1" KundStatus="3" KundAufDat="1999-02-19"/>
  <Kunden KundenNr="5932" KundEigtNr="6603" KundArt="29" KundStatus="1" KundAufDat="1999-02-19"/>
  <Kunden KundenNr="5933" KundEigtNr="6604" KundArt="29" KundStatus="1" KundAufDat="1999-02-19"/>
  <Kunden KundenNr="5935" KundEigtNr="6605" KundArt="1" KundStatus="3" KundAufDat="1999-02-20"/>
  <Kunden KundenNr="5936" KundEigtNr="6606" KundArt="2" KundStatus="3" KundAufDat="1999-02-20"/>
  <Kunden KundenNr="5937" KundEigtNr="6607" KundArt="2" KundStatus="3" KundAufDat="1999-02-20"/>
  <Kunden KundenNr="5938" KundEigtNr="6608" KundArt="2" KundStatus="3" KundAufDat="1999-02-20"/>
  <Kunden KundenNr="5939" KundEigtNr="6609" KundArt="2" KundStatus="3" KundAufDat="1999-02-20"/>
  <Kunden KundenNr="5940" KundEigtNr="6503" KundArt="8" KundStatus="3" KundAufDat="1999-02-22"/>
  <Kunden KundenNr="5941" KundEigtNr="6610" KundArt="1" KundStatus="3" KundAufDat="1999-02-22"/>
  <Kunden KundenNr="5942" KundEigtNr="6611" KundArt="2" KundStatus="3" KundAufDat="1999-02-22"/>
  <Kunden KundenNr="5943" KundEigtNr="6612" KundArt="1" KundStatus="3" KundAufDat="1999-02-22"/>
  <Kunden KundenNr="5944" KundEigtNr="6613" KundArt="8" KundStatus="3" KundAufDat="1999-02-22"/>
  <Kunden KundenNr="5945" KundEigtNr="6614" KundArt="8" KundStatus="1" KundAufDat="1999-02-22"/>
  <Kunden KundenNr="5946" KundEigtNr="6615" KundArt="8" KundStatus="3" KundAufDat="1999-02-22"/>
  <Kunden KundenNr="5947" KundEigtNr="6616" KundArt="8" KundStatus="3" KundAufDat="1999-02-22"/>
  <Kunden KundenNr="5948" KundEigtNr="6617" KundArt="8" KundStatus="3" KundAufDat="1999-02-22"/>
  <Kunden KundenNr="5949" KundEigtNr="1937" KundArt="1" KundStatus="3" KundAufDat="1999-02-22"/>
  <Kunden KundenNr="5950" KundEigtNr="6618" KundArt="8" KundStatus="3" KundAufDat="1999-02-22"/>
  <Kunden KundenNr="5951" KundEigtNr="6619" KundArt="2" KundStatus="3" KundAufDat="1999-02-22"/>
  <Kunden KundenNr="5952" KundEigtNr="6620" KundArt="1" KundStatus="3" KundAufDat="1999-02-22"/>
  <Kunden KundenNr="5953" KundEigtNr="6621" KundArt="2" KundStatus="3" KundAufDat="1999-02-22"/>
  <Kunden KundenNr="5954" KundEigtNr="2419" KundArt="8" KundStatus="3" KundAufDat="1999-02-22"/>
  <Kunden KundenNr="5955" KundEigtNr="6622" KundArt="2" KundStatus="3" KundAufDat="1999-02-22"/>
  <Kunden KundenNr="5956" KundEigtNr="6623" KundArt="2" KundStatus="3" KundAufDat="1999-02-22"/>
  <Kunden KundenNr="5957" KundEigtNr="6624" KundArt="8" KundStatus="3" KundAufDat="1999-02-22"/>
  <Kunden KundenNr="5958" KundEigtNr="6625" KundArt="8" KundStatus="3" KundAufDat="1999-02-22"/>
  <Kunden KundenNr="5959" KundEigtNr="6626" KundArt="2" KundStatus="1" KundAufDat="1999-02-22"/>
  <Kunden KundenNr="5960" KundEigtNr="6627" KundArt="8" KundStatus="1" KundAufDat="1999-02-22"/>
  <Kunden KundenNr="5961" KundEigtNr="6628" KundArt="2" KundStatus="3" KundAufDat="1999-02-22"/>
  <Kunden KundenNr="5962" KundEigtNr="6629" KundArt="8" KundStatus="3" KundAufDat="1999-02-22"/>
  <Kunden KundenNr="5963" KundEigtNr="6630" KundArt="8" KundStatus="3" KundAufDat="1999-02-22"/>
  <Kunden KundenNr="5964" KundEigtNr="6631" KundArt="8" KundStatus="3" KundAufDat="1999-02-22"/>
  <Kunden KundenNr="5965" KundEigtNr="6632" KundArt="2" KundStatus="3" KundAufDat="1999-02-22"/>
  <Kunden KundenNr="5966" KundEigtNr="5591" KundArt="8" KundStatus="3" KundAufDat="1999-02-22"/>
  <Kunden KundenNr="5967" KundEigtNr="6633" KundArt="2" KundStatus="3" KundAufDat="1999-02-22"/>
  <Kunden KundenNr="5968" KundEigtNr="6634" KundArt="2" KundStatus="3" KundAufDat="1999-02-22"/>
  <Kunden KundenNr="5969" KundEigtNr="6635" KundArt="2" KundStatus="3" KundAufDat="1999-02-23"/>
  <Kunden KundenNr="5970" KundEigtNr="6636" KundArt="1" KundStatus="3" KundAufDat="1999-02-23"/>
  <Kunden KundenNr="5971" KundEigtNr="6637" KundArt="8" KundStatus="3" KundAufDat="1999-02-23"/>
  <Kunden KundenNr="5972" KundEigtNr="6638" KundArt="8" KundStatus="3" KundAufDat="1999-02-23"/>
  <Kunden KundenNr="5973" KundEigtNr="6639" KundArt="2" KundStatus="3" KundAufDat="1999-02-23"/>
  <Kunden KundenNr="5974" KundEigtNr="6640" KundArt="8" KundStatus="3" KundAufDat="1999-02-23"/>
  <Kunden KundenNr="5975" KundEigtNr="6641" KundArt="1" KundStatus="1" KundAufDat="1999-02-23"/>
  <Kunden KundenNr="5976" KundEigtNr="6642" KundArt="31" KundStatus="1" KundAufDat="1999-02-23"/>
  <Kunden KundenNr="5977" KundEigtNr="6643" KundArt="31" KundStatus="1" KundAufDat="1999-02-23"/>
  <Kunden KundenNr="5978" KundEigtNr="6644" KundArt="31" KundStatus="1" KundAufDat="1999-02-23"/>
  <Kunden KundenNr="5979" KundEigtNr="6645" KundArt="31" KundStatus="1" KundAufDat="1999-02-23"/>
  <Kunden KundenNr="5980" KundEigtNr="6646" KundArt="8" KundStatus="3" KundAufDat="1999-02-23"/>
  <Kunden KundenNr="5981" KundEigtNr="6647" KundArt="8" KundStatus="3" KundAufDat="1999-02-23"/>
  <Kunden KundenNr="5982" KundEigtNr="6648" KundArt="2" KundStatus="3" KundAufDat="1999-02-23"/>
  <Kunden KundenNr="5983" KundEigtNr="6649" KundArt="8" KundStatus="1" KundAufDat="1999-02-23"/>
  <Kunden KundenNr="5984" KundEigtNr="6650" KundArt="8" KundStatus="3" KundAufDat="1999-02-23"/>
  <Kunden KundenNr="5985" KundEigtNr="6651" KundArt="8" KundStatus="3" KundAufDat="1999-02-23"/>
  <Kunden KundenNr="5986" KundEigtNr="5943" KundArt="8" KundStatus="3" KundAufDat="1999-02-23"/>
  <Kunden KundenNr="5987" KundEigtNr="6652" KundArt="29" KundStatus="1" KundAufDat="1999-02-24"/>
  <Kunden KundenNr="5988" KundEigtNr="6653" KundArt="8" KundStatus="3" KundAufDat="1999-02-24"/>
  <Kunden KundenNr="5989" KundEigtNr="6654" KundArt="8" KundStatus="1" KundAufDat="1999-02-24"/>
  <Kunden KundenNr="5990" KundEigtNr="6655" KundArt="2" KundStatus="3" KundAufDat="1999-02-24"/>
  <Kunden KundenNr="5991" KundEigtNr="4480" KundArt="8" KundStatus="3" KundAufDat="1999-02-24"/>
  <Kunden KundenNr="5992" KundEigtNr="6656" KundArt="2" KundStatus="1" KundAufDat="1999-02-24"/>
  <Kunden KundenNr="5993" KundEigtNr="6657" KundArt="31" KundStatus="1" KundAufDat="1999-02-25"/>
  <Kunden KundenNr="5994" KundEigtNr="3073" KundArt="1" KundStatus="3" KundAufDat="1999-02-25"/>
  <Kunden KundenNr="5995" KundEigtNr="6658" KundArt="2" KundStatus="3" KundAufDat="1999-02-25"/>
  <Kunden KundenNr="5996" KundEigtNr="6659" KundArt="2" KundStatus="3" KundAufDat="1999-02-26"/>
  <Kunden KundenNr="5997" KundEigtNr="6660" KundArt="29" KundStatus="1" KundAufDat="1999-02-26"/>
  <Kunden KundenNr="5998" KundEigtNr="6661" KundArt="2" KundStatus="3" KundAufDat="1999-02-27"/>
  <Kunden KundenNr="5999" KundEigtNr="6662" KundArt="2" KundStatus="3" KundAufDat="1999-02-27"/>
  <Kunden KundenNr="6000" KundEigtNr="6663" KundArt="2" KundStatus="3" KundAufDat="1999-02-27"/>
  <Kunden KundenNr="6001" KundEigtNr="6664" KundArt="2" KundStatus="3" KundAufDat="1999-02-27"/>
  <Kunden KundenNr="6002" KundEigtNr="6665" KundArt="2" KundStatus="3" KundAufDat="1999-02-27"/>
  <Kunden KundenNr="6003" KundEigtNr="6666" KundArt="2" KundStatus="3" KundAufDat="1999-02-27"/>
  <Kunden KundenNr="6004" KundEigtNr="6667" KundArt="8" KundStatus="3" KundAufDat="1999-03-01"/>
  <Kunden KundenNr="6005" KundEigtNr="6668" KundArt="8" KundStatus="3" KundAufDat="1999-03-01"/>
  <Kunden KundenNr="6006" KundEigtNr="6669" KundArt="2" KundStatus="3" KundAufDat="1999-03-01"/>
  <Kunden KundenNr="6007" KundEigtNr="6670" KundArt="2" KundStatus="3" KundAufDat="1999-03-01"/>
  <Kunden KundenNr="6008" KundEigtNr="6671" KundArt="8" KundStatus="3" KundAufDat="1999-03-01"/>
  <Kunden KundenNr="6009" KundEigtNr="6672" KundArt="8" KundStatus="3" KundAufDat="1999-03-01"/>
  <Kunden KundenNr="6010" KundEigtNr="6673" KundArt="8" KundStatus="3" KundAufDat="1999-03-01"/>
  <Kunden KundenNr="6011" KundEigtNr="6674" KundArt="8" KundStatus="3" KundAufDat="1999-03-01"/>
  <Kunden KundenNr="6012" KundEigtNr="6675" KundArt="8" KundStatus="3" KundAufDat="1999-03-01"/>
  <Kunden KundenNr="6013" KundEigtNr="6676" KundArt="8" KundStatus="3" KundAufDat="1999-03-01"/>
  <Kunden KundenNr="6014" KundEigtNr="6677" KundArt="8" KundStatus="3" KundAufDat="1999-03-01"/>
  <Kunden KundenNr="6015" KundEigtNr="6678" KundArt="8" KundStatus="3" KundAufDat="1999-03-01"/>
  <Kunden KundenNr="6016" KundEigtNr="6182" KundArt="8" KundStatus="3" KundAufDat="1999-03-01"/>
  <Kunden KundenNr="6017" KundEigtNr="6679" KundArt="8" KundStatus="3" KundAufDat="1999-03-01"/>
  <Kunden KundenNr="6018" KundEigtNr="6680" KundArt="8" KundStatus="3" KundAufDat="1999-03-01"/>
  <Kunden KundenNr="6019" KundEigtNr="6681" KundArt="8" KundStatus="3" KundAufDat="1999-03-01"/>
  <Kunden KundenNr="6020" KundEigtNr="6682" KundArt="2" KundStatus="3" KundAufDat="1999-03-01"/>
  <Kunden KundenNr="6021" KundEigtNr="6683" KundArt="8" KundStatus="3" KundAufDat="1999-03-01"/>
  <Kunden KundenNr="6022" KundEigtNr="6684" KundArt="8" KundStatus="3" KundAufDat="1999-03-01"/>
  <Kunden KundenNr="6023" KundEigtNr="6685" KundArt="2" KundStatus="3" KundAufDat="1999-03-01"/>
  <Kunden KundenNr="6024" KundEigtNr="6686" KundArt="8" KundStatus="3" KundAufDat="1999-03-01"/>
  <Kunden KundenNr="6025" KundEigtNr="6687" KundArt="2" KundStatus="3" KundAufDat="1999-03-01"/>
  <Kunden KundenNr="6026" KundEigtNr="6688" KundArt="8" KundStatus="3" KundAufDat="1999-03-01"/>
  <Kunden KundenNr="6028" KundEigtNr="6690" KundArt="2" KundStatus="3" KundAufDat="1999-03-01"/>
  <Kunden KundenNr="6029" KundEigtNr="6691" KundArt="2" KundStatus="3" KundAufDat="1999-03-02"/>
  <Kunden KundenNr="6030" KundEigtNr="6692" KundArt="2" KundStatus="3" KundAufDat="1999-03-02"/>
  <Kunden KundenNr="6031" KundEigtNr="6693" KundArt="2" KundStatus="3" KundAufDat="1999-03-02"/>
  <Kunden KundenNr="6032" KundEigtNr="6694" KundArt="8" KundStatus="3" KundAufDat="1999-03-02"/>
  <Kunden KundenNr="6033" KundEigtNr="6695" KundArt="8" KundStatus="3" KundAufDat="1999-03-02"/>
  <Kunden KundenNr="6034" KundEigtNr="4285" KundArt="29" KundStatus="1" KundAufDat="1999-03-02"/>
  <Kunden KundenNr="6036" KundEigtNr="6697" KundArt="8" KundStatus="3" KundAufDat="1999-03-02"/>
  <Kunden KundenNr="6037" KundEigtNr="6698" KundArt="8" KundStatus="3" KundAufDat="1999-03-02"/>
  <Kunden KundenNr="6038" KundEigtNr="6699" KundArt="2" KundStatus="3" KundAufDat="1999-03-02"/>
  <Kunden KundenNr="6039" KundEigtNr="6700" KundArt="31" KundStatus="1" KundAufDat="1999-03-03"/>
  <Kunden KundenNr="6040" KundEigtNr="6701" KundArt="31" KundStatus="1" KundAufDat="1999-03-03"/>
  <Kunden KundenNr="6041" KundEigtNr="6702" KundArt="31" KundStatus="1" KundAufDat="1999-03-03"/>
  <Kunden KundenNr="6042" KundEigtNr="6703" KundArt="31" KundStatus="1" KundAufDat="1999-03-03"/>
  <Kunden KundenNr="6043" KundEigtNr="6704" KundArt="31" KundStatus="1" KundAufDat="1999-03-03"/>
  <Kunden KundenNr="6044" KundEigtNr="6705" KundArt="31" KundStatus="1" KundAufDat="1999-03-03"/>
  <Kunden KundenNr="6045" KundEigtNr="2895" KundArt="2" KundStatus="3" KundAufDat="1999-03-03"/>
  <Kunden KundenNr="6046" KundEigtNr="6706" KundArt="2" KundStatus="3" KundAufDat="1999-03-03"/>
  <Kunden KundenNr="6047" KundEigtNr="6707" KundArt="2" KundStatus="3" KundAufDat="1999-03-03"/>
  <Kunden KundenNr="6048" KundEigtNr="6708" KundArt="2" KundStatus="3" KundAufDat="1999-03-03"/>
  <Kunden KundenNr="6049" KundEigtNr="6709" KundArt="2" KundStatus="3" KundAufDat="1999-03-03"/>
  <Kunden KundenNr="6050" KundEigtNr="6710" KundArt="2" KundStatus="3" KundAufDat="1999-03-03"/>
  <Kunden KundenNr="6051" KundEigtNr="6711" KundArt="8" KundStatus="3" KundAufDat="1999-03-03"/>
  <Kunden KundenNr="6052" KundEigtNr="6712" KundArt="2" KundStatus="3" KundAufDat="1999-03-03"/>
  <Kunden KundenNr="6053" KundEigtNr="6713" KundArt="2" KundStatus="3" KundAufDat="1999-03-03"/>
  <Kunden KundenNr="6054" KundEigtNr="793" KundArt="2" KundStatus="3" KundAufDat="1999-03-03"/>
  <Kunden KundenNr="6056" KundEigtNr="6715" KundArt="8" KundStatus="3" KundAufDat="1999-03-04"/>
  <Kunden KundenNr="6057" KundEigtNr="6716" KundArt="2" KundStatus="3" KundAufDat="1999-03-04"/>
  <Kunden KundenNr="6058" KundEigtNr="6662" KundArt="29" KundStatus="1" KundAufDat="1999-03-04"/>
  <Kunden KundenNr="6059" KundEigtNr="6625" KundArt="2" KundStatus="3" KundAufDat="1999-03-05"/>
  <Kunden KundenNr="6060" KundEigtNr="6717" KundArt="2" KundStatus="3" KundAufDat="1999-03-05"/>
  <Kunden KundenNr="6061" KundEigtNr="6718" KundArt="2" KundStatus="3" KundAufDat="1999-03-05"/>
  <Kunden KundenNr="6062" KundEigtNr="6719" KundArt="2" KundStatus="3" KundAufDat="1999-03-05"/>
  <Kunden KundenNr="6063" KundEigtNr="6720" KundArt="2" KundStatus="3" KundAufDat="1999-03-05"/>
  <Kunden KundenNr="6064" KundEigtNr="6721" KundArt="2" KundStatus="3" KundAufDat="1999-03-05"/>
  <Kunden KundenNr="6065" KundEigtNr="6722" KundArt="2" KundStatus="3" KundAufDat="1999-03-05"/>
  <Kunden KundenNr="6066" KundEigtNr="6723" KundArt="2" KundStatus="3" KundAufDat="1999-03-05"/>
  <Kunden KundenNr="6067" KundEigtNr="6724" KundArt="2" KundStatus="3" KundAufDat="1999-03-05"/>
  <Kunden KundenNr="6068" KundEigtNr="6725" KundArt="31" KundStatus="1" KundAufDat="1999-03-05"/>
  <Kunden KundenNr="6070" KundEigtNr="6727" KundArt="8" KundStatus="3" KundAufDat="1999-03-08"/>
  <Kunden KundenNr="6071" KundEigtNr="6728" KundArt="2" KundStatus="3" KundAufDat="1999-03-08"/>
  <Kunden KundenNr="6072" KundEigtNr="6729" KundArt="8" KundStatus="3" KundAufDat="1999-03-08"/>
  <Kunden KundenNr="6073" KundEigtNr="6730" KundArt="8" KundStatus="3" KundAufDat="1999-03-08"/>
  <Kunden KundenNr="6074" KundEigtNr="6731" KundArt="8" KundStatus="1" KundAufDat="1999-03-08"/>
  <Kunden KundenNr="6075" KundEigtNr="6732" KundArt="8" KundStatus="3" KundAufDat="1999-03-08"/>
  <Kunden KundenNr="6076" KundEigtNr="6733" KundArt="31" KundStatus="1" KundAufDat="1999-03-08"/>
  <Kunden KundenNr="6077" KundEigtNr="6734" KundArt="31" KundStatus="1" KundAufDat="1999-03-08"/>
  <Kunden KundenNr="6078" KundEigtNr="6735" KundArt="8" KundStatus="3" KundAufDat="1999-03-08"/>
  <Kunden KundenNr="6079" KundEigtNr="6736" KundArt="8" KundStatus="3" KundAufDat="1999-03-08"/>
  <Kunden KundenNr="6080" KundEigtNr="6737" KundArt="2" KundStatus="3" KundAufDat="1999-03-08"/>
  <Kunden KundenNr="6081" KundEigtNr="6738" KundArt="31" KundStatus="1" KundAufDat="1999-03-08"/>
  <Kunden KundenNr="6082" KundEigtNr="6739" KundArt="2" KundStatus="3" KundAufDat="1999-03-08"/>
  <Kunden KundenNr="6083" KundEigtNr="6740" KundArt="2" KundStatus="3" KundAufDat="1999-03-08"/>
  <Kunden KundenNr="6084" KundEigtNr="6741" KundArt="8" KundStatus="3" KundAufDat="1999-03-08"/>
  <Kunden KundenNr="6085" KundEigtNr="6742" KundArt="8" KundStatus="3" KundAufDat="1999-03-08"/>
  <Kunden KundenNr="6086" KundEigtNr="6743" KundArt="2" KundStatus="3" KundAufDat="1999-03-08"/>
  <Kunden KundenNr="6087" KundEigtNr="6744" KundArt="2" KundStatus="3" KundAufDat="1999-03-09"/>
  <Kunden KundenNr="6088" KundEigtNr="6745" KundArt="2" KundStatus="3" KundAufDat="1999-03-09"/>
  <Kunden KundenNr="6090" KundEigtNr="6746" KundArt="2" KundStatus="3" KundAufDat="1999-03-09"/>
  <Kunden KundenNr="6091" KundEigtNr="6747" KundArt="2" KundStatus="3" KundAufDat="1999-03-09"/>
  <Kunden KundenNr="6092" KundEigtNr="6748" KundArt="2" KundStatus="3" KundAufDat="1999-03-09"/>
  <Kunden KundenNr="6093" KundEigtNr="6749" KundArt="2" KundStatus="1" KundAufDat="1999-03-09"/>
  <Kunden KundenNr="6094" KundEigtNr="6750" KundArt="2" KundStatus="3" KundAufDat="1999-03-09"/>
  <Kunden KundenNr="6095" KundEigtNr="6751" KundArt="2" KundStatus="3" KundAufDat="1999-03-09"/>
  <Kunden KundenNr="6096" KundEigtNr="6752" KundArt="2" KundStatus="3" KundAufDat="1999-03-09"/>
  <Kunden KundenNr="6097" KundEigtNr="6753" KundArt="2" KundStatus="3" KundAufDat="1999-03-09"/>
  <Kunden KundenNr="6098" KundEigtNr="6754" KundArt="2" KundStatus="3" KundAufDat="1999-03-09"/>
  <Kunden KundenNr="6099" KundEigtNr="6755" KundArt="2" KundStatus="3" KundAufDat="1999-03-09"/>
  <Kunden KundenNr="6100" KundEigtNr="6756" KundArt="2" KundStatus="3" KundAufDat="1999-03-09"/>
  <Kunden KundenNr="6101" KundEigtNr="6757" KundArt="2" KundStatus="3" KundAufDat="1999-03-09"/>
  <Kunden KundenNr="6102" KundEigtNr="6758" KundArt="2" KundStatus="3" KundAufDat="1999-03-09"/>
  <Kunden KundenNr="6103" KundEigtNr="6759" KundArt="2" KundStatus="3" KundAufDat="1999-03-09"/>
  <Kunden KundenNr="6104" KundEigtNr="6760" KundArt="2" KundStatus="3" KundAufDat="1999-03-09"/>
  <Kunden KundenNr="6105" KundEigtNr="6761" KundArt="2" KundStatus="3" KundAufDat="1999-03-09"/>
  <Kunden KundenNr="6106" KundEigtNr="6762" KundArt="2" KundStatus="3" KundAufDat="1999-03-09"/>
  <Kunden KundenNr="6107" KundEigtNr="6763" KundArt="2" KundStatus="3" KundAufDat="1999-03-09"/>
  <Kunden KundenNr="6108" KundEigtNr="6764" KundArt="8" KundStatus="1" KundAufDat="1999-03-09"/>
  <Kunden KundenNr="6109" KundEigtNr="6765" KundArt="31" KundStatus="1" KundAufDat="1999-03-09"/>
  <Kunden KundenNr="6110" KundEigtNr="6766" KundArt="31" KundStatus="1" KundAufDat="1999-03-10"/>
  <Kunden KundenNr="6111" KundEigtNr="6767" KundArt="8" KundStatus="1" KundAufDat="1999-03-11"/>
  <Kunden KundenNr="6112" KundEigtNr="6768" KundArt="2" KundStatus="3" KundAufDat="1999-03-11"/>
  <Kunden KundenNr="6113" KundEigtNr="6769" KundArt="29" KundStatus="1" KundAufDat="1999-03-11"/>
  <Kunden KundenNr="6114" KundEigtNr="6770" KundArt="2" KundStatus="3" KundAufDat="1999-03-11"/>
  <Kunden KundenNr="6116" KundEigtNr="6008" KundArt="29" KundStatus="1" KundAufDat="1999-03-12"/>
  <Kunden KundenNr="6117" KundEigtNr="6772" KundArt="2" KundStatus="3" KundAufDat="1999-03-12"/>
  <Kunden KundenNr="6118" KundEigtNr="6773" KundArt="2" KundStatus="3" KundAufDat="1999-03-13"/>
  <Kunden KundenNr="6120" KundEigtNr="6699" KundArt="8" KundStatus="3" KundAufDat="1999-03-13"/>
  <Kunden KundenNr="6121" KundEigtNr="6775" KundArt="2" KundStatus="3" KundAufDat="1999-03-15"/>
  <Kunden KundenNr="6122" KundEigtNr="6776" KundArt="8" KundStatus="3" KundAufDat="1999-03-15"/>
  <Kunden KundenNr="6123" KundEigtNr="6777" KundArt="8" KundStatus="3" KundAufDat="1999-03-15"/>
  <Kunden KundenNr="6124" KundEigtNr="6778" KundArt="8" KundStatus="3" KundAufDat="1999-03-15"/>
  <Kunden KundenNr="6125" KundEigtNr="6779" KundArt="2" KundStatus="3" KundAufDat="1999-03-15"/>
  <Kunden KundenNr="6126" KundEigtNr="6780" KundArt="8" KundStatus="3" KundAufDat="1999-03-15"/>
  <Kunden KundenNr="6127" KundEigtNr="5706" KundArt="2" KundStatus="3" KundAufDat="1999-03-15"/>
  <Kunden KundenNr="6128" KundEigtNr="6781" KundArt="31" KundStatus="1" KundAufDat="1999-03-15"/>
  <Kunden KundenNr="6129" KundEigtNr="6782" KundArt="31" KundStatus="1" KundAufDat="1999-03-15"/>
  <Kunden KundenNr="6130" KundEigtNr="6783" KundArt="8" KundStatus="3" KundAufDat="1999-03-15"/>
  <Kunden KundenNr="6131" KundEigtNr="6784" KundArt="2" KundStatus="3" KundAufDat="1999-03-16"/>
  <Kunden KundenNr="6132" KundEigtNr="6785" KundArt="8" KundStatus="3" KundAufDat="1999-03-16"/>
  <Kunden KundenNr="6133" KundEigtNr="6786" KundArt="2" KundStatus="3" KundAufDat="1999-03-16"/>
  <Kunden KundenNr="6134" KundEigtNr="6787" KundArt="2" KundStatus="3" KundAufDat="1999-03-16"/>
  <Kunden KundenNr="6135" KundEigtNr="6788" KundArt="2" KundStatus="3" KundAufDat="1999-03-16"/>
  <Kunden KundenNr="6136" KundEigtNr="6789" KundArt="8" KundStatus="3" KundAufDat="1999-03-16"/>
  <Kunden KundenNr="6137" KundEigtNr="6790" KundArt="2" KundStatus="3" KundAufDat="1999-03-16"/>
  <Kunden KundenNr="6138" KundEigtNr="6791" KundArt="2" KundStatus="3" KundAufDat="1999-03-18"/>
  <Kunden KundenNr="6139" KundEigtNr="6792" KundArt="29" KundStatus="1" KundAufDat="1999-03-19"/>
  <Kunden KundenNr="6141" KundEigtNr="6793" KundArt="31" KundStatus="1" KundAufDat="1999-03-19"/>
  <Kunden KundenNr="6142" KundEigtNr="6794" KundArt="8" KundStatus="1" KundAufDat="1999-03-19"/>
  <Kunden KundenNr="6143" KundEigtNr="6795" KundArt="8" KundStatus="3" KundAufDat="1999-03-19"/>
  <Kunden KundenNr="6144" KundEigtNr="6796" KundArt="2" KundStatus="3" KundAufDat="1999-03-20"/>
  <Kunden KundenNr="6145" KundEigtNr="6797" KundArt="2" KundStatus="3" KundAufDat="1999-03-22"/>
  <Kunden KundenNr="6146" KundEigtNr="6798" KundArt="2" KundStatus="3" KundAufDat="1999-03-22"/>
  <Kunden KundenNr="6147" KundEigtNr="6799" KundArt="2" KundStatus="3" KundAufDat="1999-03-22"/>
  <Kunden KundenNr="6148" KundEigtNr="6800" KundArt="2" KundStatus="1" KundAufDat="1999-03-22"/>
  <Kunden KundenNr="6149" KundEigtNr="6801" KundArt="2" KundStatus="3" KundAufDat="1999-03-22"/>
  <Kunden KundenNr="6150" KundEigtNr="6802" KundArt="8" KundStatus="3" KundAufDat="1999-03-22"/>
  <Kunden KundenNr="6151" KundEigtNr="6803" KundArt="31" KundStatus="1" KundAufDat="1999-03-22"/>
  <Kunden KundenNr="6152" KundEigtNr="6804" KundArt="31" KundStatus="1" KundAufDat="1999-03-22"/>
  <Kunden KundenNr="6153" KundEigtNr="6805" KundArt="2" KundStatus="3" KundAufDat="1999-03-22"/>
  <Kunden KundenNr="6154" KundEigtNr="5355" KundArt="2" KundStatus="3" KundAufDat="1999-03-22"/>
  <Kunden KundenNr="6155" KundEigtNr="6806" KundArt="8" KundStatus="3" KundAufDat="1999-03-22"/>
  <Kunden KundenNr="6156" KundEigtNr="6807" KundArt="8" KundStatus="3" KundAufDat="1999-03-22"/>
  <Kunden KundenNr="6157" KundEigtNr="6808" KundArt="2" KundStatus="3" KundAufDat="1999-03-22"/>
  <Kunden KundenNr="6158" KundEigtNr="6809" KundArt="8" KundStatus="3" KundAufDat="1999-03-22"/>
  <Kunden KundenNr="6159" KundEigtNr="6810" KundArt="2" KundStatus="3" KundAufDat="1999-03-23"/>
  <Kunden KundenNr="6160" KundEigtNr="6811" KundArt="2" KundStatus="3" KundAufDat="1999-03-23"/>
  <Kunden KundenNr="6161" KundEigtNr="6812" KundArt="2" KundStatus="3" KundAufDat="1999-03-23"/>
  <Kunden KundenNr="6162" KundEigtNr="6813" KundArt="8" KundStatus="3" KundAufDat="1999-03-23"/>
  <Kunden KundenNr="6163" KundEigtNr="6814" KundArt="2" KundStatus="1" KundAufDat="1999-03-23"/>
  <Kunden KundenNr="6164" KundEigtNr="6815" KundArt="8" KundStatus="3" KundAufDat="1999-03-23"/>
  <Kunden KundenNr="6165" KundEigtNr="6816" KundArt="29" KundStatus="1" KundAufDat="1999-03-23"/>
  <Kunden KundenNr="6166" KundEigtNr="6817" KundArt="2" KundStatus="3" KundAufDat="1999-03-23"/>
  <Kunden KundenNr="6167" KundEigtNr="6818" KundArt="2" KundStatus="3" KundAufDat="1999-03-23"/>
  <Kunden KundenNr="6168" KundEigtNr="6819" KundArt="2" KundStatus="3" KundAufDat="1999-03-23"/>
  <Kunden KundenNr="6169" KundEigtNr="6820" KundArt="31" KundStatus="1" KundAufDat="1999-03-24"/>
  <Kunden KundenNr="6170" KundEigtNr="6821" KundArt="8" KundStatus="3" KundAufDat="1999-03-24"/>
  <Kunden KundenNr="6171" KundEigtNr="2382" KundArt="8" KundStatus="3" KundAufDat="1999-03-24"/>
  <Kunden KundenNr="6172" KundEigtNr="6822" KundArt="2" KundStatus="3" KundAufDat="1999-03-25"/>
  <Kunden KundenNr="6173" KundEigtNr="6823" KundArt="29" KundStatus="1" KundAufDat="1999-03-26"/>
  <Kunden KundenNr="6174" KundEigtNr="477" KundArt="29" KundStatus="1" KundAufDat="1999-03-26"/>
  <Kunden KundenNr="6175" KundEigtNr="6825" KundArt="29" KundStatus="1" KundAufDat="1999-03-26"/>
  <Kunden KundenNr="6176" KundEigtNr="6826" KundArt="2" KundStatus="3" KundAufDat="1999-03-26"/>
  <Kunden KundenNr="6177" KundEigtNr="6827" KundArt="31" KundStatus="1" KundAufDat="1999-03-29"/>
  <Kunden KundenNr="6178" KundEigtNr="6828" KundArt="8" KundStatus="3" KundAufDat="1999-03-29"/>
  <Kunden KundenNr="6179" KundEigtNr="6829" KundArt="8" KundStatus="1" KundAufDat="1999-03-29"/>
  <Kunden KundenNr="6180" KundEigtNr="6830" KundArt="8" KundStatus="3" KundAufDat="1999-03-29"/>
  <Kunden KundenNr="6181" KundEigtNr="6831" KundArt="8" KundStatus="3" KundAufDat="1999-03-29"/>
  <Kunden KundenNr="6182" KundEigtNr="6832" KundArt="8" KundStatus="3" KundAufDat="1999-03-29"/>
  <Kunden KundenNr="6183" KundEigtNr="6833" KundArt="8" KundStatus="3" KundAufDat="1999-03-29"/>
  <Kunden KundenNr="6184" KundEigtNr="6834" KundArt="8" KundStatus="3" KundAufDat="1999-03-29"/>
  <Kunden KundenNr="6185" KundEigtNr="6835" KundArt="8" KundStatus="1" KundAufDat="1999-03-29"/>
  <Kunden KundenNr="6186" KundEigtNr="6836" KundArt="8" KundStatus="3" KundAufDat="1999-03-29"/>
  <Kunden KundenNr="6187" KundEigtNr="6837" KundArt="8" KundStatus="3" KundAufDat="1999-03-29"/>
  <Kunden KundenNr="6188" KundEigtNr="6838" KundArt="2" KundStatus="3" KundAufDat="1999-03-29"/>
  <Kunden KundenNr="6189" KundEigtNr="6839" KundArt="8" KundStatus="3" KundAufDat="1999-03-29"/>
  <Kunden KundenNr="6190" KundEigtNr="6840" KundArt="2" KundStatus="3" KundAufDat="1999-03-29"/>
  <Kunden KundenNr="6191" KundEigtNr="6841" KundArt="2" KundStatus="3" KundAufDat="1999-03-29"/>
  <Kunden KundenNr="6192" KundEigtNr="6842" KundArt="29" KundStatus="1" KundAufDat="1999-03-29"/>
  <Kunden KundenNr="6193" KundEigtNr="6843" KundArt="2" KundStatus="3" KundAufDat="1999-03-29"/>
  <Kunden KundenNr="6194" KundEigtNr="6844" KundArt="2" KundStatus="3" KundAufDat="1999-03-29"/>
  <Kunden KundenNr="6195" KundEigtNr="6845" KundArt="2" KundStatus="3" KundAufDat="1999-03-29"/>
  <Kunden KundenNr="6196" KundEigtNr="6846" KundArt="2" KundStatus="3" KundAufDat="1999-03-29"/>
  <Kunden KundenNr="6197" KundEigtNr="6116" KundArt="2" KundStatus="3" KundAufDat="1999-03-29"/>
  <Kunden KundenNr="6198" KundEigtNr="6847" KundArt="2" KundStatus="3" KundAufDat="1999-03-29"/>
  <Kunden KundenNr="6199" KundEigtNr="6848" KundArt="2" KundStatus="3" KundAufDat="1999-03-29"/>
  <Kunden KundenNr="6200" KundEigtNr="6849" KundArt="8" KundStatus="3" KundAufDat="1999-03-29"/>
  <Kunden KundenNr="6201" KundEigtNr="6850" KundArt="8" KundStatus="3" KundAufDat="1999-03-30"/>
  <Kunden KundenNr="6202" KundEigtNr="6851" KundArt="2" KundStatus="3" KundAufDat="1999-03-30"/>
  <Kunden KundenNr="6203" KundEigtNr="6852" KundArt="1" KundStatus="3" KundAufDat="1999-03-30"/>
  <Kunden KundenNr="6204" KundEigtNr="6853" KundArt="2" KundStatus="3" KundAufDat="1999-03-30"/>
  <Kunden KundenNr="6205" KundEigtNr="6854" KundArt="2" KundStatus="3" KundAufDat="1999-03-30"/>
  <Kunden KundenNr="6206" KundEigtNr="6855" KundArt="2" KundStatus="3" KundAufDat="1999-03-30"/>
  <Kunden KundenNr="6207" KundEigtNr="6856" KundArt="2" KundStatus="3" KundAufDat="1999-03-30"/>
  <Kunden KundenNr="6208" KundEigtNr="6857" KundArt="2" KundStatus="3" KundAufDat="1999-03-30"/>
  <Kunden KundenNr="6209" KundEigtNr="6858" KundArt="2" KundStatus="3" KundAufDat="1999-03-30"/>
  <Kunden KundenNr="6210" KundEigtNr="6859" KundArt="2" KundStatus="3" KundAufDat="1999-03-30"/>
  <Kunden KundenNr="6211" KundEigtNr="6860" KundArt="1" KundStatus="3" KundAufDat="1999-03-30"/>
  <Kunden KundenNr="6212" KundEigtNr="6861" KundArt="29" KundStatus="1" KundAufDat="1999-03-31"/>
  <Kunden KundenNr="6213" KundEigtNr="6862" KundArt="29" KundStatus="1" KundAufDat="1999-03-31"/>
  <Kunden KundenNr="6214" KundEigtNr="6863" KundArt="2" KundStatus="3" KundAufDat="1999-04-06"/>
  <Kunden KundenNr="6215" KundEigtNr="6864" KundArt="8" KundStatus="3" KundAufDat="1999-04-07"/>
  <Kunden KundenNr="6216" KundEigtNr="6865" KundArt="2" KundStatus="3" KundAufDat="1999-04-07"/>
  <Kunden KundenNr="6217" KundEigtNr="6866" KundArt="2" KundStatus="3" KundAufDat="1999-04-07"/>
  <Kunden KundenNr="6218" KundEigtNr="6867" KundArt="2" KundStatus="3" KundAufDat="1999-04-07"/>
  <Kunden KundenNr="6219" KundEigtNr="6868" KundArt="2" KundStatus="3" KundAufDat="1999-04-07"/>
  <Kunden KundenNr="6220" KundEigtNr="6869" KundArt="29" KundStatus="1" KundAufDat="1999-04-08"/>
  <Kunden KundenNr="6221" KundEigtNr="6870" KundArt="29" KundStatus="1" KundAufDat="1999-04-09"/>
  <Kunden KundenNr="6222" KundEigtNr="6871" KundArt="8" KundStatus="3" KundAufDat="1999-04-10"/>
  <Kunden KundenNr="6223" KundEigtNr="6872" KundArt="2" KundStatus="3" KundAufDat="1999-04-12"/>
  <Kunden KundenNr="6224" KundEigtNr="6873" KundArt="2" KundStatus="3" KundAufDat="1999-04-12"/>
  <Kunden KundenNr="6225" KundEigtNr="6874" KundArt="2" KundStatus="3" KundAufDat="1999-04-12"/>
  <Kunden KundenNr="6226" KundEigtNr="6875" KundArt="2" KundStatus="3" KundAufDat="1999-04-12"/>
  <Kunden KundenNr="6227" KundEigtNr="6876" KundArt="2" KundStatus="3" KundAufDat="1999-04-12"/>
  <Kunden KundenNr="6228" KundEigtNr="6877" KundArt="8" KundStatus="3" KundAufDat="1999-04-12"/>
  <Kunden KundenNr="6229" KundEigtNr="6878" KundArt="2" KundStatus="3" KundAufDat="1999-04-12"/>
  <Kunden KundenNr="6230" KundEigtNr="6879" KundArt="8" KundStatus="3" KundAufDat="1999-04-12"/>
  <Kunden KundenNr="6231" KundEigtNr="6880" KundArt="8" KundStatus="3" KundAufDat="1999-04-12"/>
  <Kunden KundenNr="6232" KundEigtNr="6881" KundArt="2" KundStatus="3" KundAufDat="1999-04-12"/>
  <Kunden KundenNr="6233" KundEigtNr="6882" KundArt="2" KundStatus="3" KundAufDat="1999-04-12"/>
  <Kunden KundenNr="6234" KundEigtNr="6883" KundArt="8" KundStatus="3" KundAufDat="1999-04-12"/>
  <Kunden KundenNr="6235" KundEigtNr="6884" KundArt="2" KundStatus="3" KundAufDat="1999-04-12"/>
  <Kunden KundenNr="6236" KundEigtNr="6885" KundArt="8" KundStatus="3" KundAufDat="1999-04-12"/>
  <Kunden KundenNr="6237" KundEigtNr="6886" KundArt="8" KundStatus="1" KundAufDat="1999-04-12"/>
  <Kunden KundenNr="6238" KundEigtNr="6887" KundArt="29" KundStatus="1" KundAufDat="1999-04-12"/>
  <Kunden KundenNr="6239" KundEigtNr="6888" KundArt="2" KundStatus="3" KundAufDat="1999-04-12"/>
  <Kunden KundenNr="6240" KundEigtNr="6889" KundArt="2" KundStatus="3" KundAufDat="1999-04-12"/>
  <Kunden KundenNr="6241" KundEigtNr="6883" KundArt="2" KundStatus="3" KundAufDat="1999-04-12"/>
  <Kunden KundenNr="6242" KundEigtNr="6004" KundArt="8" KundStatus="3" KundAufDat="1999-04-12"/>
  <Kunden KundenNr="6243" KundEigtNr="6890" KundArt="2" KundStatus="3" KundAufDat="1999-04-12"/>
  <Kunden KundenNr="6244" KundEigtNr="6891" KundArt="2" KundStatus="3" KundAufDat="1999-04-12"/>
  <Kunden KundenNr="6245" KundEigtNr="6892" KundArt="8" KundStatus="3" KundAufDat="1999-04-12"/>
  <Kunden KundenNr="6246" KundEigtNr="6896" KundArt="29" KundStatus="1" KundAufDat="1999-04-13"/>
  <Kunden KundenNr="6247" KundEigtNr="6897" KundArt="8" KundStatus="3" KundAufDat="1999-04-13"/>
  <Kunden KundenNr="6248" KundEigtNr="6898" KundArt="8" KundStatus="3" KundAufDat="1999-04-13"/>
  <Kunden KundenNr="6249" KundEigtNr="6899" KundArt="8" KundStatus="3" KundAufDat="1999-04-13"/>
  <Kunden KundenNr="6250" KundEigtNr="6900" KundArt="8" KundStatus="3" KundAufDat="1999-04-13"/>
  <Kunden KundenNr="6251" KundEigtNr="6901" KundArt="2" KundStatus="3" KundAufDat="1999-04-13"/>
  <Kunden KundenNr="6252" KundEigtNr="6902" KundArt="2" KundStatus="3" KundAufDat="1999-04-13"/>
  <Kunden KundenNr="6254" KundEigtNr="6904" KundArt="29" KundStatus="1" KundAufDat="1999-04-13"/>
  <Kunden KundenNr="6255" KundEigtNr="6905" KundArt="2" KundStatus="3" KundAufDat="1999-04-13"/>
  <Kunden KundenNr="6256" KundEigtNr="6906" KundArt="8" KundStatus="3" KundAufDat="1999-04-14"/>
  <Kunden KundenNr="6257" KundEigtNr="6907" KundArt="8" KundStatus="3" KundAufDat="1999-04-14"/>
  <Kunden KundenNr="6258" KundEigtNr="6908" KundArt="31" KundStatus="1" KundAufDat="1999-04-14"/>
  <Kunden KundenNr="6259" KundEigtNr="6909" KundArt="8" KundStatus="3" KundAufDat="1999-04-14"/>
  <Kunden KundenNr="6260" KundEigtNr="6910" KundArt="2" KundStatus="3" KundAufDat="1999-04-14"/>
  <Kunden KundenNr="6261" KundEigtNr="6911" KundArt="29" KundStatus="1" KundAufDat="1999-04-14"/>
  <Kunden KundenNr="6262" KundEigtNr="6912" KundArt="29" KundStatus="3" KundAufDat="1999-04-14"/>
  <Kunden KundenNr="6263" KundEigtNr="6913" KundArt="29" KundStatus="1" KundAufDat="1999-04-14"/>
  <Kunden KundenNr="6264" KundEigtNr="6914" KundArt="2" KundStatus="3" KundAufDat="1999-04-14"/>
  <Kunden KundenNr="6265" KundEigtNr="6915" KundArt="2" KundStatus="1" KundAufDat="1999-04-14"/>
  <Kunden KundenNr="6266" KundEigtNr="6916" KundArt="2" KundStatus="1" KundAufDat="1999-04-14"/>
  <Kunden KundenNr="6267" KundEigtNr="6917" KundArt="16" KundStatus="1" KundAufDat="1999-04-14"/>
  <Kunden KundenNr="6268" KundEigtNr="6918" KundArt="8" KundStatus="3" KundAufDat="1999-04-14"/>
  <Kunden KundenNr="6269" KundEigtNr="6919" KundArt="8" KundStatus="3" KundAufDat="1999-04-15"/>
  <Kunden KundenNr="6270" KundEigtNr="5296" KundArt="1" KundStatus="3" KundAufDat="1999-04-15"/>
  <Kunden KundenNr="6271" KundEigtNr="6166" KundArt="8" KundStatus="3" KundAufDat="1999-04-15"/>
  <Kunden KundenNr="6273" KundEigtNr="1770" KundArt="2" KundStatus="3" KundAufDat="1999-04-15"/>
  <Kunden KundenNr="6274" KundEigtNr="6921" KundArt="2" KundStatus="3" KundAufDat="1999-04-16"/>
  <Kunden KundenNr="6275" KundEigtNr="6922" KundArt="2" KundStatus="3" KundAufDat="1999-04-16"/>
  <Kunden KundenNr="6276" KundEigtNr="6923" KundArt="2" KundStatus="3" KundAufDat="1999-04-16"/>
  <Kunden KundenNr="6277" KundEigtNr="6924" KundArt="8" KundStatus="3" KundAufDat="1999-04-17"/>
  <Kunden KundenNr="6278" KundEigtNr="6925" KundArt="2" KundStatus="3" KundAufDat="1999-04-17"/>
  <Kunden KundenNr="6279" KundEigtNr="6926" KundArt="8" KundStatus="3" KundAufDat="1999-04-17"/>
  <Kunden KundenNr="6280" KundEigtNr="6927" KundArt="2" KundStatus="3" KundAufDat="1999-04-17"/>
  <Kunden KundenNr="6281" KundEigtNr="6928" KundArt="2" KundStatus="3" KundAufDat="1999-04-17"/>
  <Kunden KundenNr="6282" KundEigtNr="6929" KundArt="8" KundStatus="3" KundAufDat="1999-04-19"/>
  <Kunden KundenNr="6283" KundEigtNr="6930" KundArt="8" KundStatus="3" KundAufDat="1999-04-19"/>
  <Kunden KundenNr="6284" KundEigtNr="6931" KundArt="2" KundStatus="1" KundAufDat="1999-04-19"/>
  <Kunden KundenNr="6285" KundEigtNr="6932" KundArt="8" KundStatus="3" KundAufDat="1999-04-19"/>
  <Kunden KundenNr="6286" KundEigtNr="6933" KundArt="2" KundStatus="3" KundAufDat="1999-04-19"/>
  <Kunden KundenNr="6287" KundEigtNr="6934" KundArt="31" KundStatus="1" KundAufDat="1999-04-19"/>
  <Kunden KundenNr="6288" KundEigtNr="6935" KundArt="31" KundStatus="1" KundAufDat="1999-04-19"/>
  <Kunden KundenNr="6289" KundEigtNr="6936" KundArt="31" KundStatus="1" KundAufDat="1999-04-19"/>
  <Kunden KundenNr="6290" KundEigtNr="6937" KundArt="31" KundStatus="1" KundAufDat="1999-04-19"/>
  <Kunden KundenNr="6291" KundEigtNr="6938" KundArt="2" KundStatus="3" KundAufDat="1999-04-19"/>
  <Kunden KundenNr="6292" KundEigtNr="6939" KundArt="2" KundStatus="3" KundAufDat="1999-04-19"/>
  <Kunden KundenNr="6293" KundEigtNr="6940" KundArt="2" KundStatus="3" KundAufDat="1999-04-19"/>
  <Kunden KundenNr="6294" KundEigtNr="6941" KundArt="2" KundStatus="3" KundAufDat="1999-04-19"/>
  <Kunden KundenNr="6295" KundEigtNr="6942" KundArt="2" KundStatus="3" KundAufDat="1999-04-19"/>
  <Kunden KundenNr="6296" KundEigtNr="6943" KundArt="2" KundStatus="3" KundAufDat="1999-04-19"/>
  <Kunden KundenNr="6297" KundEigtNr="6944" KundArt="2" KundStatus="3" KundAufDat="1999-04-19"/>
  <Kunden KundenNr="6298" KundEigtNr="6945" KundArt="31" KundStatus="1" KundAufDat="1999-04-19"/>
  <Kunden KundenNr="6299" KundEigtNr="6946" KundArt="29" KundStatus="1" KundAufDat="1999-04-19"/>
  <Kunden KundenNr="6300" KundEigtNr="6947" KundArt="2" KundStatus="3" KundAufDat="1999-04-20"/>
  <Kunden KundenNr="6301" KundEigtNr="6948" KundArt="2" KundStatus="3" KundAufDat="1999-04-20"/>
  <Kunden KundenNr="6302" KundEigtNr="6949" KundArt="8" KundStatus="3" KundAufDat="1999-04-20"/>
  <Kunden KundenNr="6304" KundEigtNr="6951" KundArt="31" KundStatus="1" KundAufDat="1999-04-20"/>
  <Kunden KundenNr="6306" KundEigtNr="6953" KundArt="31" KundStatus="1" KundAufDat="1999-04-20"/>
  <Kunden KundenNr="6307" KundEigtNr="6954" KundArt="31" KundStatus="1" KundAufDat="1999-04-20"/>
  <Kunden KundenNr="6308" KundEigtNr="6955" KundArt="1" KundStatus="3" KundAufDat="1999-04-20"/>
  <Kunden KundenNr="6310" KundEigtNr="6956" KundArt="2" KundStatus="3" KundAufDat="1999-04-20"/>
  <Kunden KundenNr="6311" KundEigtNr="6957" KundArt="8" KundStatus="1" KundAufDat="1999-04-20"/>
  <Kunden KundenNr="6313" KundEigtNr="6970" KundArt="2" KundStatus="3" KundAufDat="1999-04-20"/>
  <Kunden KundenNr="6314" KundEigtNr="6971" KundArt="2" KundStatus="3" KundAufDat="1999-04-20"/>
  <Kunden KundenNr="6316" KundEigtNr="6973" KundArt="2" KundStatus="3" KundAufDat="1999-04-20"/>
  <Kunden KundenNr="6317" KundEigtNr="6974" KundArt="2" KundStatus="3" KundAufDat="1999-04-21"/>
  <Kunden KundenNr="6318" KundEigtNr="6975" KundArt="31" KundStatus="1" KundAufDat="1999-04-21"/>
  <Kunden KundenNr="6319" KundEigtNr="6976" KundArt="29" KundStatus="3" KundAufDat="1999-04-22"/>
  <Kunden KundenNr="6320" KundEigtNr="6977" KundArt="2" KundStatus="3" KundAufDat="1999-04-22"/>
  <Kunden KundenNr="6321" KundEigtNr="6978" KundArt="2" KundStatus="3" KundAufDat="1999-04-23"/>
  <Kunden KundenNr="6323" KundEigtNr="6979" KundArt="8" KundStatus="3" KundAufDat="1999-04-23"/>
  <Kunden KundenNr="6324" KundEigtNr="6980" KundArt="2" KundStatus="3" KundAufDat="1999-04-23"/>
  <Kunden KundenNr="6325" KundEigtNr="6981" KundArt="2" KundStatus="3" KundAufDat="1999-04-24"/>
  <Kunden KundenNr="6326" KundEigtNr="6982" KundArt="8" KundStatus="1" KundAufDat="1999-04-26"/>
  <Kunden KundenNr="6327" KundEigtNr="6983" KundArt="2" KundStatus="1" KundAufDat="1999-04-26"/>
  <Kunden KundenNr="6328" KundEigtNr="6984" KundArt="2" KundStatus="3" KundAufDat="1999-04-26"/>
  <Kunden KundenNr="6329" KundEigtNr="6985" KundArt="31" KundStatus="1" KundAufDat="1999-04-26"/>
  <Kunden KundenNr="6330" KundEigtNr="6986" KundArt="31" KundStatus="1" KundAufDat="1999-04-26"/>
  <Kunden KundenNr="6331" KundEigtNr="6987" KundArt="2" KundStatus="3" KundAufDat="1999-04-26"/>
  <Kunden KundenNr="6332" KundEigtNr="6988" KundArt="31" KundStatus="1" KundAufDat="1999-04-26"/>
  <Kunden KundenNr="6333" KundEigtNr="6989" KundArt="8" KundStatus="1" KundAufDat="1999-04-26"/>
  <Kunden KundenNr="6335" KundEigtNr="6990" KundArt="8" KundStatus="3" KundAufDat="1999-04-27"/>
  <Kunden KundenNr="6336" KundEigtNr="6991" KundArt="8" KundStatus="3" KundAufDat="1999-04-27"/>
  <Kunden KundenNr="6337" KundEigtNr="6992" KundArt="8" KundStatus="3" KundAufDat="1999-04-27"/>
  <Kunden KundenNr="6338" KundEigtNr="6993" KundArt="2" KundStatus="1" KundAufDat="1999-04-27"/>
  <Kunden KundenNr="6339" KundEigtNr="6994" KundArt="2" KundStatus="3" KundAufDat="1999-04-27"/>
  <Kunden KundenNr="6340" KundEigtNr="6995" KundArt="2" KundStatus="3" KundAufDat="1999-04-27"/>
  <Kunden KundenNr="6341" KundEigtNr="6996" KundArt="2" KundStatus="3" KundAufDat="1999-04-27"/>
  <Kunden KundenNr="6342" KundEigtNr="6997" KundArt="2" KundStatus="3" KundAufDat="1999-04-27"/>
  <Kunden KundenNr="6343" KundEigtNr="6998" KundArt="29" KundStatus="1" KundAufDat="1999-04-27"/>
  <Kunden KundenNr="6344" KundEigtNr="6999" KundArt="2" KundStatus="3" KundAufDat="1999-04-27"/>
  <Kunden KundenNr="6345" KundEigtNr="7000" KundArt="2" KundStatus="3" KundAufDat="1999-04-27"/>
  <Kunden KundenNr="6346" KundEigtNr="7001" KundArt="2" KundStatus="3" KundAufDat="1999-04-27"/>
  <Kunden KundenNr="6347" KundEigtNr="7002" KundArt="8" KundStatus="3" KundAufDat="1999-04-27"/>
  <Kunden KundenNr="6348" KundEigtNr="6402" KundArt="8" KundStatus="3" KundAufDat="1999-04-27"/>
  <Kunden KundenNr="6349" KundEigtNr="7003" KundArt="8" KundStatus="3" KundAufDat="1999-04-27"/>
  <Kunden KundenNr="6350" KundEigtNr="7004" KundArt="8" KundStatus="1" KundAufDat="1999-04-27"/>
  <Kunden KundenNr="6351" KundEigtNr="7005" KundArt="31" KundStatus="1" KundAufDat="1999-04-27"/>
  <Kunden KundenNr="6352" KundEigtNr="7006" KundArt="2" KundStatus="3" KundAufDat="1999-04-27"/>
  <Kunden KundenNr="6354" KundEigtNr="7007" KundArt="31" KundStatus="1" KundAufDat="1999-04-28"/>
  <Kunden KundenNr="6356" KundEigtNr="5861" KundArt="1" KundStatus="3" KundAufDat="1999-04-28"/>
  <Kunden KundenNr="6357" KundEigtNr="7008" KundArt="2" KundStatus="3" KundAufDat="1999-04-29"/>
  <Kunden KundenNr="6362" KundEigtNr="7010" KundArt="8" KundStatus="3" KundAufDat="1999-04-30"/>
  <Kunden KundenNr="6365" KundEigtNr="7013" KundArt="8" KundStatus="3" KundAufDat="1999-05-03"/>
  <Kunden KundenNr="6366" KundEigtNr="7014" KundArt="2" KundStatus="3" KundAufDat="1999-05-03"/>
  <Kunden KundenNr="6367" KundEigtNr="7015" KundArt="8" KundStatus="3" KundAufDat="1999-05-03"/>
  <Kunden KundenNr="6368" KundEigtNr="7016" KundArt="8" KundStatus="3" KundAufDat="1999-05-03"/>
  <Kunden KundenNr="6369" KundEigtNr="7017" KundArt="8" KundStatus="3" KundAufDat="1999-05-04"/>
  <Kunden KundenNr="6370" KundEigtNr="7018" KundArt="2" KundStatus="3" KundAufDat="1999-05-04"/>
  <Kunden KundenNr="6371" KundEigtNr="7019" KundArt="8" KundStatus="3" KundAufDat="1999-05-04"/>
  <Kunden KundenNr="6372" KundEigtNr="6860" KundArt="8" KundStatus="3" KundAufDat="1999-05-04"/>
  <Kunden KundenNr="6373" KundEigtNr="7020" KundArt="8" KundStatus="3" KundAufDat="1999-05-04"/>
  <Kunden KundenNr="6374" KundEigtNr="7021" KundArt="31" KundStatus="1" KundAufDat="1999-05-05"/>
  <Kunden KundenNr="6375" KundEigtNr="7022" KundArt="8" KundStatus="3" KundAufDat="1999-05-05"/>
  <Kunden KundenNr="6376" KundEigtNr="5605" KundArt="8" KundStatus="1" KundAufDat="1999-05-05"/>
  <Kunden KundenNr="6377" KundEigtNr="7023" KundArt="8" KundStatus="1" KundAufDat="1999-05-05"/>
  <Kunden KundenNr="6378" KundEigtNr="7024" KundArt="8" KundStatus="3" KundAufDat="1999-05-05"/>
  <Kunden KundenNr="6379" KundEigtNr="7025" KundArt="2" KundStatus="3" KundAufDat="1999-05-06"/>
  <Kunden KundenNr="6380" KundEigtNr="7026" KundArt="8" KundStatus="3" KundAufDat="1999-05-06"/>
  <Kunden KundenNr="6381" KundEigtNr="7027" KundArt="2" KundStatus="3" KundAufDat="1999-05-06"/>
  <Kunden KundenNr="6382" KundEigtNr="7028" KundArt="8" KundStatus="3" KundAufDat="1999-05-06"/>
  <Kunden KundenNr="6383" KundEigtNr="7029" KundArt="8" KundStatus="3" KundAufDat="1999-05-06"/>
  <Kunden KundenNr="6384" KundEigtNr="7030" KundArt="8" KundStatus="3" KundAufDat="1999-05-06"/>
  <Kunden KundenNr="6385" KundEigtNr="7031" KundArt="2" KundStatus="3" KundAufDat="1999-05-07"/>
  <Kunden KundenNr="6386" KundEigtNr="7032" KundArt="29" KundStatus="1" KundAufDat="1999-05-07"/>
  <Kunden KundenNr="6387" KundEigtNr="7033" KundArt="2" KundStatus="3" KundAufDat="1999-05-07"/>
  <Kunden KundenNr="6388" KundEigtNr="7034" KundArt="2" KundStatus="3" KundAufDat="1999-05-07"/>
  <Kunden KundenNr="6389" KundEigtNr="7035" KundArt="8" KundStatus="3" KundAufDat="1999-05-07"/>
  <Kunden KundenNr="6391" KundEigtNr="7037" KundArt="8" KundStatus="3" KundAufDat="1999-05-07"/>
  <Kunden KundenNr="6392" KundEigtNr="7038" KundArt="2" KundStatus="3" KundAufDat="1999-05-08"/>
  <Kunden KundenNr="6393" KundEigtNr="7039" KundArt="8" KundStatus="3" KundAufDat="1999-05-08"/>
  <Kunden KundenNr="6394" KundEigtNr="6877" KundArt="2" KundStatus="3" KundAufDat="1999-05-08"/>
  <Kunden KundenNr="6395" KundEigtNr="7040" KundArt="2" KundStatus="3" KundAufDat="1999-05-08"/>
  <Kunden KundenNr="6396" KundEigtNr="7041" KundArt="2" KundStatus="3" KundAufDat="1999-05-10"/>
  <Kunden KundenNr="6397" KundEigtNr="1384" KundArt="8" KundStatus="1" KundAufDat="1999-05-10"/>
  <Kunden KundenNr="6398" KundEigtNr="7042" KundArt="8" KundStatus="3" KundAufDat="1999-05-10"/>
  <Kunden KundenNr="6399" KundEigtNr="7043" KundArt="8" KundStatus="3" KundAufDat="1999-05-10"/>
  <Kunden KundenNr="6400" KundEigtNr="7044" KundArt="2" KundStatus="3" KundAufDat="1999-05-10"/>
  <Kunden KundenNr="6401" KundEigtNr="7045" KundArt="2" KundStatus="3" KundAufDat="1999-05-10"/>
  <Kunden KundenNr="6402" KundEigtNr="7046" KundArt="8" KundStatus="1" KundAufDat="1999-05-10"/>
  <Kunden KundenNr="6403" KundEigtNr="7047" KundArt="2" KundStatus="3" KundAufDat="1999-05-10"/>
  <Kunden KundenNr="6404" KundEigtNr="715" KundArt="2" KundStatus="3" KundAufDat="1999-05-10"/>
  <Kunden KundenNr="6405" KundEigtNr="7048" KundArt="2" KundStatus="3" KundAufDat="1999-05-10"/>
  <Kunden KundenNr="6406" KundEigtNr="7049" KundArt="2" KundStatus="3" KundAufDat="1999-05-10"/>
  <Kunden KundenNr="6407" KundEigtNr="7050" KundArt="2" KundStatus="3" KundAufDat="1999-05-10"/>
  <Kunden KundenNr="6409" KundEigtNr="7052" KundArt="2" KundStatus="3" KundAufDat="1999-05-10"/>
  <Kunden KundenNr="6410" KundEigtNr="7053" KundArt="2" KundStatus="3" KundAufDat="1999-05-10"/>
  <Kunden KundenNr="6411" KundEigtNr="6137" KundArt="2" KundStatus="3" KundAufDat="1999-05-10"/>
  <Kunden KundenNr="6412" KundEigtNr="7054" KundArt="31" KundStatus="1" KundAufDat="1999-05-10"/>
  <Kunden KundenNr="6413" KundEigtNr="7055" KundArt="8" KundStatus="3" KundAufDat="1999-05-10"/>
  <Kunden KundenNr="6414" KundEigtNr="7056" KundArt="2" KundStatus="3" KundAufDat="1999-05-10"/>
  <Kunden KundenNr="6415" KundEigtNr="1402" KundArt="2" KundStatus="3" KundAufDat="1999-05-10"/>
  <Kunden KundenNr="6416" KundEigtNr="7057" KundArt="8" KundStatus="3" KundAufDat="1999-05-10"/>
  <Kunden KundenNr="6417" KundEigtNr="7058" KundArt="2" KundStatus="3" KundAufDat="1999-05-11"/>
  <Kunden KundenNr="6418" KundEigtNr="7059" KundArt="29" KundStatus="1" KundAufDat="1999-05-11"/>
  <Kunden KundenNr="6419" KundEigtNr="7060" KundArt="29" KundStatus="1" KundAufDat="1999-05-11"/>
  <Kunden KundenNr="6420" KundEigtNr="7061" KundArt="8" KundStatus="3" KundAufDat="1999-05-11"/>
  <Kunden KundenNr="6421" KundEigtNr="7062" KundArt="8" KundStatus="3" KundAufDat="1999-05-11"/>
  <Kunden KundenNr="6422" KundEigtNr="7063" KundArt="8" KundStatus="3" KundAufDat="1999-05-11"/>
  <Kunden KundenNr="6423" KundEigtNr="7064" KundArt="31" KundStatus="1" KundAufDat="1999-05-11"/>
  <Kunden KundenNr="6424" KundEigtNr="7065" KundArt="8" KundStatus="3" KundAufDat="1999-05-11"/>
  <Kunden KundenNr="6425" KundEigtNr="7066" KundArt="8" KundStatus="3" KundAufDat="1999-05-11"/>
  <Kunden KundenNr="6426" KundEigtNr="7067" KundArt="8" KundStatus="3" KundAufDat="1999-05-11"/>
  <Kunden KundenNr="6427" KundEigtNr="7068" KundArt="8" KundStatus="3" KundAufDat="1999-05-11"/>
  <Kunden KundenNr="6428" KundEigtNr="7069" KundArt="2" KundStatus="3" KundAufDat="1999-05-12"/>
  <Kunden KundenNr="6429" KundEigtNr="7070" KundArt="2" KundStatus="3" KundAufDat="1999-05-12"/>
  <Kunden KundenNr="6430" KundEigtNr="7071" KundArt="29" KundStatus="1" KundAufDat="1999-05-12"/>
  <Kunden KundenNr="6431" KundEigtNr="7072" KundArt="29" KundStatus="1" KundAufDat="1999-05-12"/>
  <Kunden KundenNr="6432" KundEigtNr="7073" KundArt="29" KundStatus="1" KundAufDat="1999-05-12"/>
  <Kunden KundenNr="6433" KundEigtNr="7074" KundArt="8" KundStatus="3" KundAufDat="1999-05-12"/>
  <Kunden KundenNr="6434" KundEigtNr="7075" KundArt="2" KundStatus="3" KundAufDat="1999-05-12"/>
  <Kunden KundenNr="6435" KundEigtNr="7076" KundArt="2" KundStatus="3" KundAufDat="1999-05-12"/>
  <Kunden KundenNr="6436" KundEigtNr="7077" KundArt="29" KundStatus="1" KundAufDat="1999-05-13"/>
  <Kunden KundenNr="6437" KundEigtNr="7078" KundArt="2" KundStatus="3" KundAufDat="1999-05-15"/>
  <Kunden KundenNr="6438" KundEigtNr="7079" KundArt="29" KundStatus="1" KundAufDat="1999-05-15"/>
  <Kunden KundenNr="6439" KundEigtNr="7080" KundArt="2" KundStatus="3" KundAufDat="1999-05-17"/>
  <Kunden KundenNr="6440" KundEigtNr="7081" KundArt="8" KundStatus="3" KundAufDat="1999-05-17"/>
  <Kunden KundenNr="6441" KundEigtNr="7082" KundArt="8" KundStatus="3" KundAufDat="1999-05-17"/>
  <Kunden KundenNr="6442" KundEigtNr="7083" KundArt="31" KundStatus="1" KundAufDat="1999-05-17"/>
  <Kunden KundenNr="6443" KundEigtNr="7084" KundArt="8" KundStatus="3" KundAufDat="1999-05-17"/>
  <Kunden KundenNr="6444" KundEigtNr="7085" KundArt="8" KundStatus="3" KundAufDat="1999-05-17"/>
  <Kunden KundenNr="6445" KundEigtNr="7086" KundArt="31" KundStatus="1" KundAufDat="1999-05-17"/>
  <Kunden KundenNr="6446" KundEigtNr="7087" KundArt="8" KundStatus="3" KundAufDat="1999-05-17"/>
  <Kunden KundenNr="6447" KundEigtNr="7088" KundArt="2" KundStatus="3" KundAufDat="1999-05-17"/>
  <Kunden KundenNr="6448" KundEigtNr="7089" KundArt="29" KundStatus="1" KundAufDat="1999-05-18"/>
  <Kunden KundenNr="6449" KundEigtNr="7090" KundArt="29" KundStatus="1" KundAufDat="1999-05-18"/>
  <Kunden KundenNr="6450" KundEigtNr="7091" KundArt="29" KundStatus="1" KundAufDat="1999-05-18"/>
  <Kunden KundenNr="6451" KundEigtNr="7092" KundArt="29" KundStatus="1" KundAufDat="1999-05-18"/>
  <Kunden KundenNr="6452" KundEigtNr="7093" KundArt="29" KundStatus="1" KundAufDat="1999-05-18"/>
  <Kunden KundenNr="6453" KundEigtNr="7094" KundArt="29" KundStatus="1" KundAufDat="1999-05-18"/>
  <Kunden KundenNr="6454" KundEigtNr="7095" KundArt="8" KundStatus="1" KundAufDat="1999-05-18"/>
  <Kunden KundenNr="6455" KundEigtNr="7096" KundArt="31" KundStatus="1" KundAufDat="1999-05-18"/>
  <Kunden KundenNr="6456" KundEigtNr="7097" KundArt="8" KundStatus="3" KundAufDat="1999-05-18"/>
  <Kunden KundenNr="6457" KundEigtNr="7098" KundArt="8" KundStatus="1" KundAufDat="1999-05-18"/>
  <Kunden KundenNr="6458" KundEigtNr="7099" KundArt="2" KundStatus="3" KundAufDat="1999-05-18"/>
  <Kunden KundenNr="6459" KundEigtNr="7100" KundArt="2" KundStatus="3" KundAufDat="1999-05-19"/>
  <Kunden KundenNr="6460" KundEigtNr="7101" KundArt="2" KundStatus="3" KundAufDat="1999-05-20"/>
  <Kunden KundenNr="6461" KundEigtNr="7102" KundArt="2" KundStatus="3" KundAufDat="1999-05-20"/>
  <Kunden KundenNr="6463" KundEigtNr="7104" KundArt="29" KundStatus="1" KundAufDat="1999-05-20"/>
  <Kunden KundenNr="6464" KundEigtNr="7105" KundArt="29" KundStatus="1" KundAufDat="1999-05-20"/>
  <Kunden KundenNr="6465" KundEigtNr="7106" KundArt="31" KundStatus="1" KundAufDat="1999-05-20"/>
  <Kunden KundenNr="6466" KundEigtNr="7107" KundArt="31" KundStatus="1" KundAufDat="1999-05-20"/>
  <Kunden KundenNr="6467" KundEigtNr="7108" KundArt="2" KundStatus="3" KundAufDat="1999-05-21"/>
  <Kunden KundenNr="6468" KundEigtNr="7109" KundArt="8" KundStatus="3" KundAufDat="1999-05-21"/>
  <Kunden KundenNr="6470" KundEigtNr="4977" KundArt="29" KundStatus="1" KundAufDat="1999-05-21"/>
  <Kunden KundenNr="6471" KundEigtNr="7111" KundArt="29" KundStatus="1" KundAufDat="1999-05-21"/>
  <Kunden KundenNr="6472" KundEigtNr="7127" KundArt="31" KundStatus="1" KundAufDat="1999-05-25"/>
  <Kunden KundenNr="6473" KundEigtNr="7128" KundArt="31" KundStatus="1" KundAufDat="1999-05-25"/>
  <Kunden KundenNr="6474" KundEigtNr="7129" KundArt="31" KundStatus="1" KundAufDat="1999-05-25"/>
  <Kunden KundenNr="6475" KundEigtNr="7130" KundArt="31" KundStatus="1" KundAufDat="1999-05-25"/>
  <Kunden KundenNr="6476" KundEigtNr="7131" KundArt="31" KundStatus="1" KundAufDat="1999-05-25"/>
  <Kunden KundenNr="6477" KundEigtNr="7133" KundArt="31" KundStatus="3" KundAufDat="1999-05-26"/>
  <Kunden KundenNr="6478" KundEigtNr="7134" KundArt="31" KundStatus="1" KundAufDat="1999-05-26"/>
  <Kunden KundenNr="6479" KundEigtNr="7135" KundArt="31" KundStatus="1" KundAufDat="1999-05-26"/>
  <Kunden KundenNr="6480" KundEigtNr="7136" KundArt="31" KundStatus="1" KundAufDat="1999-05-27"/>
  <Kunden KundenNr="6481" KundEigtNr="7137" KundArt="2" KundStatus="3" KundAufDat="1999-05-27"/>
  <Kunden KundenNr="6482" KundEigtNr="7138" KundArt="2" KundStatus="3" KundAufDat="1999-05-27"/>
  <Kunden KundenNr="6483" KundEigtNr="7140" KundArt="31" KundStatus="1" KundAufDat="1999-05-31"/>
  <Kunden KundenNr="6484" KundEigtNr="7141" KundArt="8" KundStatus="3" KundAufDat="1999-05-31"/>
  <Kunden KundenNr="6485" KundEigtNr="7142" KundArt="8" KundStatus="3" KundAufDat="1999-05-31"/>
  <Kunden KundenNr="6486" KundEigtNr="7143" KundArt="8" KundStatus="3" KundAufDat="1999-05-31"/>
  <Kunden KundenNr="6487" KundEigtNr="7144" KundArt="8" KundStatus="3" KundAufDat="1999-05-31"/>
  <Kunden KundenNr="6488" KundEigtNr="7145" KundArt="8" KundStatus="3" KundAufDat="1999-05-31"/>
  <Kunden KundenNr="6489" KundEigtNr="7146" KundArt="8" KundStatus="3" KundAufDat="1999-05-31"/>
  <Kunden KundenNr="6490" KundEigtNr="7147" KundArt="8" KundStatus="3" KundAufDat="1999-05-31"/>
  <Kunden KundenNr="6491" KundEigtNr="7148" KundArt="8" KundStatus="3" KundAufDat="1999-05-31"/>
  <Kunden KundenNr="6492" KundEigtNr="7149" KundArt="8" KundStatus="3" KundAufDat="1999-05-31"/>
  <Kunden KundenNr="6493" KundEigtNr="7150" KundArt="8" KundStatus="3" KundAufDat="1999-05-31"/>
  <Kunden KundenNr="6494" KundEigtNr="7151" KundArt="31" KundStatus="1" KundAufDat="1999-05-31"/>
  <Kunden KundenNr="6495" KundEigtNr="7152" KundArt="8" KundStatus="3" KundAufDat="1999-05-31"/>
  <Kunden KundenNr="6496" KundEigtNr="7153" KundArt="8" KundStatus="3" KundAufDat="1999-05-31"/>
  <Kunden KundenNr="6497" KundEigtNr="7154" KundArt="8" KundStatus="3" KundAufDat="1999-06-01"/>
  <Kunden KundenNr="6498" KundEigtNr="7155" KundArt="8" KundStatus="3" KundAufDat="1999-06-01"/>
  <Kunden KundenNr="6499" KundEigtNr="7156" KundArt="8" KundStatus="3" KundAufDat="1999-06-01"/>
  <Kunden KundenNr="6500" KundEigtNr="7157" KundArt="8" KundStatus="3" KundAufDat="1999-06-01"/>
  <Kunden KundenNr="6501" KundEigtNr="7158" KundArt="8" KundStatus="3" KundAufDat="1999-06-01"/>
  <Kunden KundenNr="6503" KundEigtNr="7160" KundArt="2" KundStatus="3" KundAufDat="1999-06-01"/>
  <Kunden KundenNr="6504" KundEigtNr="7161" KundArt="29" KundStatus="1" KundAufDat="1999-06-01"/>
  <Kunden KundenNr="6505" KundEigtNr="7162" KundArt="8" KundStatus="3" KundAufDat="1999-06-01"/>
  <Kunden KundenNr="6506" KundEigtNr="7163" KundArt="2" KundStatus="3" KundAufDat="1999-06-01"/>
  <Kunden KundenNr="6507" KundEigtNr="7164" KundArt="31" KundStatus="3" KundAufDat="1999-06-01"/>
  <Kunden KundenNr="6508" KundEigtNr="7165" KundArt="8" KundStatus="3" KundAufDat="1999-06-01"/>
  <Kunden KundenNr="6509" KundEigtNr="7166" KundArt="2" KundStatus="3" KundAufDat="1999-06-01"/>
  <Kunden KundenNr="6510" KundEigtNr="7167" KundArt="1" KundStatus="3" KundAufDat="1999-06-02"/>
  <Kunden KundenNr="6511" KundEigtNr="7168" KundArt="8" KundStatus="3" KundAufDat="1999-06-02"/>
  <Kunden KundenNr="6512" KundEigtNr="7169" KundArt="29" KundStatus="1" KundAufDat="1999-06-02"/>
  <Kunden KundenNr="6513" KundEigtNr="7170" KundArt="8" KundStatus="3" KundAufDat="1999-06-02"/>
  <Kunden KundenNr="6514" KundEigtNr="7171" KundArt="8" KundStatus="3" KundAufDat="1999-06-02"/>
  <Kunden KundenNr="6515" KundEigtNr="7172" KundArt="2" KundStatus="3" KundAufDat="1999-06-02"/>
  <Kunden KundenNr="6516" KundEigtNr="7173" KundArt="8" KundStatus="1" KundAufDat="1999-06-02"/>
  <Kunden KundenNr="6517" KundEigtNr="7174" KundArt="8" KundStatus="1" KundAufDat="1999-06-02"/>
  <Kunden KundenNr="6518" KundEigtNr="7175" KundArt="31" KundStatus="1" KundAufDat="1999-06-02"/>
  <Kunden KundenNr="6519" KundEigtNr="7176" KundArt="8" KundStatus="3" KundAufDat="1999-06-02"/>
  <Kunden KundenNr="6520" KundEigtNr="7177" KundArt="8" KundStatus="3" KundAufDat="1999-06-02"/>
  <Kunden KundenNr="6521" KundEigtNr="7178" KundArt="31" KundStatus="1" KundAufDat="1999-06-02"/>
  <Kunden KundenNr="6522" KundEigtNr="7179" KundArt="31" KundStatus="1" KundAufDat="1999-06-02"/>
  <Kunden KundenNr="6523" KundEigtNr="7180" KundArt="2" KundStatus="3" KundAufDat="1999-06-02"/>
  <Kunden KundenNr="6524" KundEigtNr="7181" KundArt="8" KundStatus="3" KundAufDat="1999-06-03"/>
  <Kunden KundenNr="6528" KundEigtNr="7041" KundArt="8" KundStatus="3" KundAufDat="1999-06-03"/>
  <Kunden KundenNr="6529" KundEigtNr="7185" KundArt="2" KundStatus="3" KundAufDat="1999-06-03"/>
  <Kunden KundenNr="6530" KundEigtNr="7186" KundArt="8" KundStatus="3" KundAufDat="1999-06-03"/>
  <Kunden KundenNr="6531" KundEigtNr="7187" KundArt="8" KundStatus="3" KundAufDat="1999-06-03"/>
  <Kunden KundenNr="6532" KundEigtNr="7188" KundArt="8" KundStatus="3" KundAufDat="1999-06-03"/>
  <Kunden KundenNr="6533" KundEigtNr="868" KundArt="2" KundStatus="3" KundAufDat="1999-06-03"/>
  <Kunden KundenNr="6534" KundEigtNr="7189" KundArt="29" KundStatus="1" KundAufDat="1999-06-04"/>
  <Kunden KundenNr="6535" KundEigtNr="7190" KundArt="29" KundStatus="1" KundAufDat="1999-06-04"/>
  <Kunden KundenNr="6536" KundEigtNr="7191" KundArt="29" KundStatus="1" KundAufDat="1999-06-04"/>
  <Kunden KundenNr="6537" KundEigtNr="7192" KundArt="8" KundStatus="3" KundAufDat="1999-06-04"/>
  <Kunden KundenNr="6538" KundEigtNr="7193" KundArt="8" KundStatus="3" KundAufDat="1999-06-04"/>
  <Kunden KundenNr="6539" KundEigtNr="7194" KundArt="2" KundStatus="3" KundAufDat="1999-06-04"/>
  <Kunden KundenNr="6540" KundEigtNr="7195" KundArt="2" KundStatus="3" KundAufDat="1999-06-04"/>
  <Kunden KundenNr="6541" KundEigtNr="7196" KundArt="2" KundStatus="3" KundAufDat="1999-06-05"/>
  <Kunden KundenNr="6542" KundEigtNr="7197" KundArt="2" KundStatus="3" KundAufDat="1999-06-05"/>
  <Kunden KundenNr="6543" KundEigtNr="7198" KundArt="2" KundStatus="3" KundAufDat="1999-06-05"/>
  <Kunden KundenNr="6544" KundEigtNr="7199" KundArt="2" KundStatus="3" KundAufDat="1999-06-05"/>
  <Kunden KundenNr="6545" KundEigtNr="7200" KundArt="2" KundStatus="3" KundAufDat="1999-06-05"/>
  <Kunden KundenNr="6546" KundEigtNr="7201" KundArt="8" KundStatus="3" KundAufDat="1999-06-05"/>
  <Kunden KundenNr="6547" KundEigtNr="7202" KundArt="2" KundStatus="1" KundAufDat="1999-06-05"/>
  <Kunden KundenNr="6548" KundEigtNr="7203" KundArt="2" KundStatus="3" KundAufDat="1999-06-05"/>
  <Kunden KundenNr="6549" KundEigtNr="7204" KundArt="2" KundStatus="3" KundAufDat="1999-06-07"/>
  <Kunden KundenNr="6550" KundEigtNr="7205" KundArt="2" KundStatus="3" KundAufDat="1999-06-07"/>
  <Kunden KundenNr="6551" KundEigtNr="7206" KundArt="2" KundStatus="3" KundAufDat="1999-06-07"/>
  <Kunden KundenNr="6552" KundEigtNr="7207" KundArt="8" KundStatus="3" KundAufDat="1999-06-07"/>
  <Kunden KundenNr="6553" KundEigtNr="7208" KundArt="2" KundStatus="3" KundAufDat="1999-06-07"/>
  <Kunden KundenNr="6554" KundEigtNr="7209" KundArt="2" KundStatus="3" KundAufDat="1999-06-07"/>
  <Kunden KundenNr="6555" KundEigtNr="7210" KundArt="31" KundStatus="1" KundAufDat="1999-06-07"/>
  <Kunden KundenNr="6556" KundEigtNr="7211" KundArt="31" KundStatus="1" KundAufDat="1999-06-07"/>
  <Kunden KundenNr="6557" KundEigtNr="7212" KundArt="31" KundStatus="1" KundAufDat="1999-06-07"/>
  <Kunden KundenNr="6558" KundEigtNr="7213" KundArt="31" KundStatus="1" KundAufDat="1999-06-07"/>
  <Kunden KundenNr="6559" KundEigtNr="7214" KundArt="31" KundStatus="1" KundAufDat="1999-06-07"/>
  <Kunden KundenNr="6560" KundEigtNr="7215" KundArt="2" KundStatus="3" KundAufDat="1999-06-07"/>
  <Kunden KundenNr="6561" KundEigtNr="7216" KundArt="2" KundStatus="3" KundAufDat="1999-06-07"/>
  <Kunden KundenNr="6562" KundEigtNr="7217" KundArt="2" KundStatus="3" KundAufDat="1999-06-07"/>
  <Kunden KundenNr="6563" KundEigtNr="7218" KundArt="31" KundStatus="1" KundAufDat="1999-06-07"/>
  <Kunden KundenNr="6564" KundEigtNr="6898" KundArt="2" KundStatus="3" KundAufDat="1999-06-07"/>
  <Kunden KundenNr="6565" KundEigtNr="7219" KundArt="2" KundStatus="3" KundAufDat="1999-06-07"/>
  <Kunden KundenNr="6566" KundEigtNr="6357" KundArt="2" KundStatus="3" KundAufDat="1999-06-07"/>
  <Kunden KundenNr="6567" KundEigtNr="7220" KundArt="2" KundStatus="3" KundAufDat="1999-06-07"/>
  <Kunden KundenNr="6568" KundEigtNr="7221" KundArt="2" KundStatus="3" KundAufDat="1999-06-07"/>
  <Kunden KundenNr="6569" KundEigtNr="7222" KundArt="2" KundStatus="3" KundAufDat="1999-06-07"/>
  <Kunden KundenNr="6570" KundEigtNr="7223" KundArt="31" KundStatus="1" KundAufDat="1999-06-07"/>
  <Kunden KundenNr="6571" KundEigtNr="7224" KundArt="2" KundStatus="3" KundAufDat="1999-06-07"/>
  <Kunden KundenNr="6572" KundEigtNr="7225" KundArt="8" KundStatus="3" KundAufDat="1999-06-07"/>
  <Kunden KundenNr="6573" KundEigtNr="7226" KundArt="8" KundStatus="3" KundAufDat="1999-06-07"/>
  <Kunden KundenNr="6574" KundEigtNr="7227" KundArt="2" KundStatus="3" KundAufDat="1999-06-07"/>
  <Kunden KundenNr="6575" KundEigtNr="7228" KundArt="8" KundStatus="3" KundAufDat="1999-06-07"/>
  <Kunden KundenNr="6576" KundEigtNr="7229" KundArt="2" KundStatus="3" KundAufDat="1999-06-08"/>
  <Kunden KundenNr="6577" KundEigtNr="7230" KundArt="8" KundStatus="1" KundAufDat="1999-06-08"/>
  <Kunden KundenNr="6578" KundEigtNr="7231" KundArt="2" KundStatus="3" KundAufDat="1999-06-08"/>
  <Kunden KundenNr="6579" KundEigtNr="4007" KundArt="8" KundStatus="3" KundAufDat="1999-06-08"/>
  <Kunden KundenNr="6580" KundEigtNr="7232" KundArt="2" KundStatus="3" KundAufDat="1999-06-08"/>
  <Kunden KundenNr="6581" KundEigtNr="7233" KundArt="2" KundStatus="3" KundAufDat="1999-06-08"/>
  <Kunden KundenNr="6582" KundEigtNr="7234" KundArt="8" KundStatus="3" KundAufDat="1999-06-08"/>
  <Kunden KundenNr="6583" KundEigtNr="7235" KundArt="29" KundStatus="1" KundAufDat="1999-06-08"/>
  <Kunden KundenNr="6584" KundEigtNr="7236" KundArt="31" KundStatus="1" KundAufDat="1999-06-08"/>
  <Kunden KundenNr="6585" KundEigtNr="7237" KundArt="31" KundStatus="1" KundAufDat="1999-06-08"/>
  <Kunden KundenNr="6586" KundEigtNr="7238" KundArt="31" KundStatus="1" KundAufDat="1999-06-08"/>
  <Kunden KundenNr="6587" KundEigtNr="7239" KundArt="8" KundStatus="3" KundAufDat="1999-06-08"/>
  <Kunden KundenNr="6588" KundEigtNr="5390" KundArt="2" KundStatus="3" KundAufDat="1999-06-08"/>
  <Kunden KundenNr="6589" KundEigtNr="7240" KundArt="2" KundStatus="3" KundAufDat="1999-06-08"/>
  <Kunden KundenNr="6590" KundEigtNr="7241" KundArt="2" KundStatus="3" KundAufDat="1999-06-08"/>
  <Kunden KundenNr="6591" KundEigtNr="7242" KundArt="2" KundStatus="3" KundAufDat="1999-06-08"/>
  <Kunden KundenNr="6592" KundEigtNr="7243" KundArt="2" KundStatus="3" KundAufDat="1999-06-08"/>
  <Kunden KundenNr="6593" KundEigtNr="7244" KundArt="8" KundStatus="3" KundAufDat="1999-06-08"/>
  <Kunden KundenNr="6594" KundEigtNr="7245" KundArt="29" KundStatus="1" KundAufDat="1999-06-08"/>
  <Kunden KundenNr="6595" KundEigtNr="7253" KundArt="8" KundStatus="1" KundAufDat="1999-06-09"/>
  <Kunden KundenNr="6596" KundEigtNr="7254" KundArt="8" KundStatus="3" KundAufDat="1999-06-09"/>
  <Kunden KundenNr="6597" KundEigtNr="7255" KundArt="8" KundStatus="3" KundAufDat="1999-06-09"/>
  <Kunden KundenNr="6598" KundEigtNr="7256" KundArt="2" KundStatus="3" KundAufDat="1999-06-09"/>
  <Kunden KundenNr="6599" KundEigtNr="7257" KundArt="2" KundStatus="3" KundAufDat="1999-06-09"/>
  <Kunden KundenNr="6600" KundEigtNr="7258" KundArt="31" KundStatus="1" KundAufDat="1999-06-09"/>
  <Kunden KundenNr="6601" KundEigtNr="7259" KundArt="31" KundStatus="1" KundAufDat="1999-06-09"/>
  <Kunden KundenNr="6602" KundEigtNr="7260" KundArt="2" KundStatus="3" KundAufDat="1999-06-09"/>
  <Kunden KundenNr="6603" KundEigtNr="7261" KundArt="31" KundStatus="1" KundAufDat="1999-06-09"/>
  <Kunden KundenNr="6604" KundEigtNr="7262" KundArt="8" KundStatus="3" KundAufDat="1999-06-09"/>
  <Kunden KundenNr="6605" KundEigtNr="7263" KundArt="8" KundStatus="3" KundAufDat="1999-06-09"/>
  <Kunden KundenNr="6606" KundEigtNr="7264" KundArt="8" KundStatus="3" KundAufDat="1999-06-09"/>
  <Kunden KundenNr="6607" KundEigtNr="7265" KundArt="8" KundStatus="3" KundAufDat="1999-06-09"/>
  <Kunden KundenNr="6608" KundEigtNr="7266" KundArt="2" KundStatus="3" KundAufDat="1999-06-09"/>
  <Kunden KundenNr="6609" KundEigtNr="7267" KundArt="8" KundStatus="3" KundAufDat="1999-06-10"/>
  <Kunden KundenNr="6610" KundEigtNr="7268" KundArt="8" KundStatus="3" KundAufDat="1999-06-10"/>
  <Kunden KundenNr="6611" KundEigtNr="7269" KundArt="2" KundStatus="3" KundAufDat="1999-06-10"/>
  <Kunden KundenNr="6612" KundEigtNr="7270" KundArt="29" KundStatus="1" KundAufDat="1999-06-10"/>
  <Kunden KundenNr="6613" KundEigtNr="7271" KundArt="2" KundStatus="3" KundAufDat="1999-06-10"/>
  <Kunden KundenNr="6614" KundEigtNr="7272" KundArt="2" KundStatus="3" KundAufDat="1999-06-10"/>
  <Kunden KundenNr="6615" KundEigtNr="7273" KundArt="29" KundStatus="1" KundAufDat="1999-06-10"/>
  <Kunden KundenNr="6616" KundEigtNr="7274" KundArt="31" KundStatus="1" KundAufDat="1999-06-10"/>
  <Kunden KundenNr="6617" KundEigtNr="7275" KundArt="31" KundStatus="1" KundAufDat="1999-06-10"/>
  <Kunden KundenNr="6618" KundEigtNr="7276" KundArt="31" KundStatus="1" KundAufDat="1999-06-10"/>
  <Kunden KundenNr="6619" KundEigtNr="7277" KundArt="31" KundStatus="1" KundAufDat="1999-06-10"/>
  <Kunden KundenNr="6620" KundEigtNr="7278" KundArt="2" KundStatus="3" KundAufDat="1999-06-10"/>
  <Kunden KundenNr="6621" KundEigtNr="7279" KundArt="2" KundStatus="3" KundAufDat="1999-06-10"/>
  <Kunden KundenNr="6622" KundEigtNr="7280" KundArt="2" KundStatus="3" KundAufDat="1999-06-10"/>
  <Kunden KundenNr="6623" KundEigtNr="1116" KundArt="8" KundStatus="1" KundAufDat="1999-06-11"/>
  <Kunden KundenNr="6624" KundEigtNr="6107" KundArt="29" KundStatus="1" KundAufDat="1999-06-11"/>
  <Kunden KundenNr="6625" KundEigtNr="7281" KundArt="31" KundStatus="1" KundAufDat="1999-06-11"/>
  <Kunden KundenNr="6626" KundEigtNr="6845" KundArt="8" KundStatus="3" KundAufDat="1999-06-11"/>
  <Kunden KundenNr="6627" KundEigtNr="7282" KundArt="2" KundStatus="3" KundAufDat="1999-06-11"/>
  <Kunden KundenNr="6628" KundEigtNr="7283" KundArt="2" KundStatus="3" KundAufDat="1999-06-12"/>
  <Kunden KundenNr="6629" KundEigtNr="7284" KundArt="8" KundStatus="3" KundAufDat="1999-06-12"/>
  <Kunden KundenNr="6630" KundEigtNr="6873" KundArt="8" KundStatus="3" KundAufDat="1999-06-12"/>
  <Kunden KundenNr="6631" KundEigtNr="7285" KundArt="2" KundStatus="3" KundAufDat="1999-06-12"/>
  <Kunden KundenNr="6632" KundEigtNr="7286" KundArt="2" KundStatus="3" KundAufDat="1999-06-12"/>
  <Kunden KundenNr="6633" KundEigtNr="7287" KundArt="2" KundStatus="3" KundAufDat="1999-06-12"/>
  <Kunden KundenNr="6634" KundEigtNr="7288" KundArt="2" KundStatus="3" KundAufDat="1999-06-14"/>
  <Kunden KundenNr="6635" KundEigtNr="7289" KundArt="29" KundStatus="1" KundAufDat="1999-06-14"/>
  <Kunden KundenNr="6636" KundEigtNr="7290" KundArt="2" KundStatus="3" KundAufDat="1999-06-14"/>
  <Kunden KundenNr="6637" KundEigtNr="7291" KundArt="2" KundStatus="3" KundAufDat="1999-06-14"/>
  <Kunden KundenNr="6638" KundEigtNr="7292" KundArt="8" KundStatus="3" KundAufDat="1999-06-14"/>
  <Kunden KundenNr="6639" KundEigtNr="7293" KundArt="2" KundStatus="3" KundAufDat="1999-06-14"/>
  <Kunden KundenNr="6640" KundEigtNr="7294" KundArt="2" KundStatus="3" KundAufDat="1999-06-14"/>
  <Kunden KundenNr="6641" KundEigtNr="7295" KundArt="31" KundStatus="1" KundAufDat="1999-06-14"/>
  <Kunden KundenNr="6642" KundEigtNr="7296" KundArt="31" KundStatus="1" KundAufDat="1999-06-14"/>
  <Kunden KundenNr="6643" KundEigtNr="7297" KundArt="31" KundStatus="1" KundAufDat="1999-06-14"/>
  <Kunden KundenNr="6644" KundEigtNr="7298" KundArt="8" KundStatus="3" KundAufDat="1999-06-14"/>
  <Kunden KundenNr="6645" KundEigtNr="7299" KundArt="2" KundStatus="3" KundAufDat="1999-06-14"/>
  <Kunden KundenNr="6646" KundEigtNr="7300" KundArt="2" KundStatus="3" KundAufDat="1999-06-14"/>
  <Kunden KundenNr="6647" KundEigtNr="7301" KundArt="2" KundStatus="3" KundAufDat="1999-06-14"/>
  <Kunden KundenNr="6648" KundEigtNr="7302" KundArt="8" KundStatus="1" KundAufDat="1999-06-14"/>
  <Kunden KundenNr="6649" KundEigtNr="7303" KundArt="2" KundStatus="3" KundAufDat="1999-06-15"/>
  <Kunden KundenNr="6650" KundEigtNr="7304" KundArt="2" KundStatus="3" KundAufDat="1999-06-15"/>
  <Kunden KundenNr="6651" KundEigtNr="7305" KundArt="2" KundStatus="3" KundAufDat="1999-06-15"/>
  <Kunden KundenNr="6652" KundEigtNr="7306" KundArt="2" KundStatus="3" KundAufDat="1999-06-15"/>
  <Kunden KundenNr="6653" KundEigtNr="7307" KundArt="2" KundStatus="3" KundAufDat="1999-06-15"/>
  <Kunden KundenNr="6654" KundEigtNr="7308" KundArt="2" KundStatus="3" KundAufDat="1999-06-15"/>
  <Kunden KundenNr="6655" KundEigtNr="7309" KundArt="2" KundStatus="3" KundAufDat="1999-06-15"/>
  <Kunden KundenNr="6656" KundEigtNr="7310" KundArt="31" KundStatus="1" KundAufDat="1999-06-15"/>
  <Kunden KundenNr="6657" KundEigtNr="6770" KundArt="8" KundStatus="3" KundAufDat="1999-06-15"/>
  <Kunden KundenNr="6658" KundEigtNr="7311" KundArt="2" KundStatus="3" KundAufDat="1999-06-15"/>
  <Kunden KundenNr="6659" KundEigtNr="7312" KundArt="2" KundStatus="3" KundAufDat="1999-06-15"/>
  <Kunden KundenNr="6660" KundEigtNr="7313" KundArt="2" KundStatus="3" KundAufDat="1999-06-16"/>
  <Kunden KundenNr="6661" KundEigtNr="7314" KundArt="2" KundStatus="3" KundAufDat="1999-06-16"/>
  <Kunden KundenNr="6662" KundEigtNr="7315" KundArt="1" KundStatus="3" KundAufDat="1999-06-16"/>
  <Kunden KundenNr="6663" KundEigtNr="7316" KundArt="31" KundStatus="1" KundAufDat="1999-06-16"/>
  <Kunden KundenNr="6664" KundEigtNr="7317" KundArt="31" KundStatus="1" KundAufDat="1999-06-16"/>
  <Kunden KundenNr="6665" KundEigtNr="7318" KundArt="29" KundStatus="1" KundAufDat="1999-06-16"/>
  <Kunden KundenNr="6666" KundEigtNr="7319" KundArt="2" KundStatus="3" KundAufDat="1999-06-16"/>
  <Kunden KundenNr="6667" KundEigtNr="7320" KundArt="31" KundStatus="1" KundAufDat="1999-06-17"/>
  <Kunden KundenNr="6668" KundEigtNr="7321" KundArt="8" KundStatus="3" KundAufDat="1999-06-17"/>
  <Kunden KundenNr="6669" KundEigtNr="7322" KundArt="8" KundStatus="3" KundAufDat="1999-06-17"/>
  <Kunden KundenNr="6670" KundEigtNr="7323" KundArt="8" KundStatus="3" KundAufDat="1999-06-17"/>
  <Kunden KundenNr="6671" KundEigtNr="7324" KundArt="2" KundStatus="3" KundAufDat="1999-06-17"/>
  <Kunden KundenNr="6672" KundEigtNr="7325" KundArt="2" KundStatus="3" KundAufDat="1999-06-17"/>
  <Kunden KundenNr="6673" KundEigtNr="7326" KundArt="29" KundStatus="1" KundAufDat="1999-06-17"/>
  <Kunden KundenNr="6674" KundEigtNr="7327" KundArt="2" KundStatus="3" KundAufDat="1999-06-17"/>
  <Kunden KundenNr="6675" KundEigtNr="7328" KundArt="8" KundStatus="3" KundAufDat="1999-06-17"/>
  <Kunden KundenNr="6676" KundEigtNr="2514" KundArt="29" KundStatus="1" KundAufDat="1999-06-17"/>
  <Kunden KundenNr="6677" KundEigtNr="6524" KundArt="1" KundStatus="3" KundAufDat="1999-06-17"/>
  <Kunden KundenNr="6678" KundEigtNr="7330" KundArt="2" KundStatus="3" KundAufDat="1999-06-21"/>
  <Kunden KundenNr="6679" KundEigtNr="7331" KundArt="2" KundStatus="3" KundAufDat="1999-06-21"/>
  <Kunden KundenNr="6680" KundEigtNr="7332" KundArt="2" KundStatus="3" KundAufDat="1999-06-21"/>
  <Kunden KundenNr="6681" KundEigtNr="6739" KundArt="29" KundStatus="1" KundAufDat="1999-06-21"/>
  <Kunden KundenNr="6682" KundEigtNr="7333" KundArt="8" KundStatus="3" KundAufDat="1999-06-21"/>
  <Kunden KundenNr="6683" KundEigtNr="7334" KundArt="8" KundStatus="3" KundAufDat="1999-06-21"/>
  <Kunden KundenNr="6684" KundEigtNr="7335" KundArt="8" KundStatus="3" KundAufDat="1999-06-21"/>
  <Kunden KundenNr="6685" KundEigtNr="7336" KundArt="2" KundStatus="3" KundAufDat="1999-06-21"/>
  <Kunden KundenNr="6686" KundEigtNr="7337" KundArt="2" KundStatus="3" KundAufDat="1999-06-21"/>
  <Kunden KundenNr="6687" KundEigtNr="7338" KundArt="2" KundStatus="3" KundAufDat="1999-06-21"/>
  <Kunden KundenNr="6688" KundEigtNr="7339" KundArt="2" KundStatus="3" KundAufDat="1999-06-21"/>
  <Kunden KundenNr="6689" KundEigtNr="7340" KundArt="2" KundStatus="3" KundAufDat="1999-06-21"/>
  <Kunden KundenNr="6690" KundEigtNr="7341" KundArt="2" KundStatus="3" KundAufDat="1999-06-21"/>
  <Kunden KundenNr="6691" KundEigtNr="7342" KundArt="2" KundStatus="3" KundAufDat="1999-06-21"/>
  <Kunden KundenNr="6692" KundEigtNr="7343" KundArt="8" KundStatus="3" KundAufDat="1999-06-21"/>
  <Kunden KundenNr="6693" KundEigtNr="7344" KundArt="8" KundStatus="3" KundAufDat="1999-06-21"/>
  <Kunden KundenNr="6694" KundEigtNr="7345" KundArt="8" KundStatus="1" KundAufDat="1999-06-21"/>
  <Kunden KundenNr="6695" KundEigtNr="7346" KundArt="2" KundStatus="3" KundAufDat="1999-06-21"/>
  <Kunden KundenNr="6696" KundEigtNr="7347" KundArt="2" KundStatus="3" KundAufDat="1999-06-21"/>
  <Kunden KundenNr="6697" KundEigtNr="7348" KundArt="2" KundStatus="3" KundAufDat="1999-06-21"/>
  <Kunden KundenNr="6698" KundEigtNr="7349" KundArt="31" KundStatus="1" KundAufDat="1999-06-21"/>
  <Kunden KundenNr="6699" KundEigtNr="7350" KundArt="8" KundStatus="3" KundAufDat="1999-06-21"/>
  <Kunden KundenNr="6700" KundEigtNr="7351" KundArt="8" KundStatus="3" KundAufDat="1999-06-22"/>
  <Kunden KundenNr="6701" KundEigtNr="7352" KundArt="2" KundStatus="3" KundAufDat="1999-06-22"/>
  <Kunden KundenNr="6702" KundEigtNr="7353" KundArt="2" KundStatus="3" KundAufDat="1999-06-22"/>
  <Kunden KundenNr="6703" KundEigtNr="7354" KundArt="2" KundStatus="3" KundAufDat="1999-06-22"/>
  <Kunden KundenNr="6704" KundEigtNr="7355" KundArt="29" KundStatus="1" KundAufDat="1999-06-22"/>
  <Kunden KundenNr="6705" KundEigtNr="7356" KundArt="8" KundStatus="3" KundAufDat="1999-06-22"/>
  <Kunden KundenNr="6706" KundEigtNr="7357" KundArt="8" KundStatus="3" KundAufDat="1999-06-22"/>
  <Kunden KundenNr="6707" KundEigtNr="7358" KundArt="31" KundStatus="1" KundAufDat="1999-06-22"/>
  <Kunden KundenNr="6708" KundEigtNr="7359" KundArt="8" KundStatus="3" KundAufDat="1999-06-22"/>
  <Kunden KundenNr="6709" KundEigtNr="7360" KundArt="8" KundStatus="1" KundAufDat="1999-06-22"/>
  <Kunden KundenNr="6710" KundEigtNr="7361" KundArt="2" KundStatus="3" KundAufDat="1999-06-22"/>
  <Kunden KundenNr="6711" KundEigtNr="7362" KundArt="8" KundStatus="3" KundAufDat="1999-06-22"/>
  <Kunden KundenNr="6712" KundEigtNr="7363" KundArt="2" KundStatus="3" KundAufDat="1999-06-22"/>
  <Kunden KundenNr="6713" KundEigtNr="7364" KundArt="2" KundStatus="3" KundAufDat="1999-06-22"/>
  <Kunden KundenNr="6714" KundEigtNr="7365" KundArt="2" KundStatus="3" KundAufDat="1999-06-23"/>
  <Kunden KundenNr="6715" KundEigtNr="7366" KundArt="8" KundStatus="3" KundAufDat="1999-06-23"/>
  <Kunden KundenNr="6716" KundEigtNr="7367" KundArt="1" KundStatus="3" KundAufDat="1999-06-23"/>
  <Kunden KundenNr="6717" KundEigtNr="7368" KundArt="2" KundStatus="3" KundAufDat="1999-06-23"/>
  <Kunden KundenNr="6718" KundEigtNr="7369" KundArt="2" KundStatus="3" KundAufDat="1999-06-23"/>
  <Kunden KundenNr="6719" KundEigtNr="7370" KundArt="29" KundStatus="1" KundAufDat="1999-06-23"/>
  <Kunden KundenNr="6720" KundEigtNr="7371" KundArt="8" KundStatus="3" KundAufDat="1999-06-23"/>
  <Kunden KundenNr="6721" KundEigtNr="7372" KundArt="8" KundStatus="3" KundAufDat="1999-06-23"/>
  <Kunden KundenNr="6722" KundEigtNr="7373" KundArt="29" KundStatus="1" KundAufDat="1999-06-23"/>
  <Kunden KundenNr="6723" KundEigtNr="7374" KundArt="2" KundStatus="3" KundAufDat="1999-06-23"/>
  <Kunden KundenNr="6724" KundEigtNr="5297" KundArt="2" KundStatus="3" KundAufDat="1999-06-23"/>
  <Kunden KundenNr="6725" KundEigtNr="7376" KundArt="2" KundStatus="3" KundAufDat="1999-06-23"/>
  <Kunden KundenNr="6726" KundEigtNr="7377" KundArt="2" KundStatus="3" KundAufDat="1999-06-23"/>
  <Kunden KundenNr="6727" KundEigtNr="7378" KundArt="2" KundStatus="1" KundAufDat="1999-06-23"/>
  <Kunden KundenNr="6728" KundEigtNr="7379" KundArt="8" KundStatus="3" KundAufDat="1999-06-24"/>
  <Kunden KundenNr="6729" KundEigtNr="7380" KundArt="29" KundStatus="1" KundAufDat="1999-06-24"/>
  <Kunden KundenNr="6730" KundEigtNr="7381" KundArt="31" KundStatus="1" KundAufDat="1999-06-24"/>
  <Kunden KundenNr="6731" KundEigtNr="7382" KundArt="2" KundStatus="3" KundAufDat="1999-06-24"/>
  <Kunden KundenNr="6732" KundEigtNr="7383" KundArt="1" KundStatus="3" KundAufDat="1999-06-25"/>
  <Kunden KundenNr="6733" KundEigtNr="7384" KundArt="2" KundStatus="3" KundAufDat="1999-06-25"/>
  <Kunden KundenNr="6734" KundEigtNr="7385" KundArt="2" KundStatus="3" KundAufDat="1999-06-25"/>
  <Kunden KundenNr="6735" KundEigtNr="7387" KundArt="2" KundStatus="3" KundAufDat="1999-06-26"/>
  <Kunden KundenNr="6736" KundEigtNr="7388" KundArt="8" KundStatus="3" KundAufDat="1999-06-26"/>
  <Kunden KundenNr="6737" KundEigtNr="7397" KundArt="2" KundStatus="3" KundAufDat="1999-06-28"/>
  <Kunden KundenNr="6738" KundEigtNr="7398" KundArt="2" KundStatus="3" KundAufDat="1999-06-28"/>
  <Kunden KundenNr="6739" KundEigtNr="7399" KundArt="2" KundStatus="3" KundAufDat="1999-06-28"/>
  <Kunden KundenNr="6740" KundEigtNr="7400" KundArt="2" KundStatus="3" KundAufDat="1999-06-28"/>
  <Kunden KundenNr="6741" KundEigtNr="7401" KundArt="2" KundStatus="3" KundAufDat="1999-06-28"/>
  <Kunden KundenNr="6742" KundEigtNr="1658" KundArt="2" KundStatus="3" KundAufDat="1999-06-28"/>
  <Kunden KundenNr="6743" KundEigtNr="7402" KundArt="2" KundStatus="3" KundAufDat="1999-06-28"/>
  <Kunden KundenNr="6744" KundEigtNr="7403" KundArt="2" KundStatus="3" KundAufDat="1999-06-28"/>
  <Kunden KundenNr="6745" KundEigtNr="5833" KundArt="2" KundStatus="3" KundAufDat="1999-06-28"/>
  <Kunden KundenNr="6746" KundEigtNr="7404" KundArt="2" KundStatus="3" KundAufDat="1999-06-28"/>
  <Kunden KundenNr="6747" KundEigtNr="5627" KundArt="2" KundStatus="3" KundAufDat="1999-06-28"/>
  <Kunden KundenNr="6748" KundEigtNr="7405" KundArt="2" KundStatus="3" KundAufDat="1999-06-28"/>
  <Kunden KundenNr="6749" KundEigtNr="7406" KundArt="8" KundStatus="3" KundAufDat="1999-06-28"/>
  <Kunden KundenNr="6750" KundEigtNr="7407" KundArt="31" KundStatus="1" KundAufDat="1999-06-28"/>
  <Kunden KundenNr="6751" KundEigtNr="7408" KundArt="31" KundStatus="1" KundAufDat="1999-06-28"/>
  <Kunden KundenNr="6752" KundEigtNr="7409" KundArt="31" KundStatus="1" KundAufDat="1999-06-28"/>
  <Kunden KundenNr="6753" KundEigtNr="7410" KundArt="31" KundStatus="1" KundAufDat="1999-06-28"/>
  <Kunden KundenNr="6754" KundEigtNr="7411" KundArt="31" KundStatus="1" KundAufDat="1999-06-28"/>
  <Kunden KundenNr="6755" KundEigtNr="7412" KundArt="31" KundStatus="1" KundAufDat="1999-06-28"/>
  <Kunden KundenNr="6756" KundEigtNr="7413" KundArt="8" KundStatus="3" KundAufDat="1999-06-28"/>
  <Kunden KundenNr="6757" KundEigtNr="7414" KundArt="8" KundStatus="3" KundAufDat="1999-06-28"/>
  <Kunden KundenNr="6758" KundEigtNr="7415" KundArt="8" KundStatus="3" KundAufDat="1999-06-28"/>
  <Kunden KundenNr="6759" KundEigtNr="7416" KundArt="8" KundStatus="3" KundAufDat="1999-06-28"/>
  <Kunden KundenNr="6760" KundEigtNr="7150" KundArt="2" KundStatus="3" KundAufDat="1999-06-28"/>
  <Kunden KundenNr="6761" KundEigtNr="7417" KundArt="2" KundStatus="3" KundAufDat="1999-06-28"/>
  <Kunden KundenNr="6762" KundEigtNr="7418" KundArt="31" KundStatus="1" KundAufDat="1999-06-28"/>
  <Kunden KundenNr="6763" KundEigtNr="7419" KundArt="2" KundStatus="3" KundAufDat="1999-06-28"/>
  <Kunden KundenNr="6764" KundEigtNr="7420" KundArt="8" KundStatus="3" KundAufDat="1999-06-28"/>
  <Kunden KundenNr="6765" KundEigtNr="7421" KundArt="8" KundStatus="3" KundAufDat="1999-06-28"/>
  <Kunden KundenNr="6766" KundEigtNr="7422" KundArt="2" KundStatus="3" KundAufDat="1999-06-29"/>
  <Kunden KundenNr="6767" KundEigtNr="7423" KundArt="2" KundStatus="3" KundAufDat="1999-06-29"/>
  <Kunden KundenNr="6768" KundEigtNr="7424" KundArt="8" KundStatus="3" KundAufDat="1999-06-29"/>
  <Kunden KundenNr="6769" KundEigtNr="7425" KundArt="8" KundStatus="3" KundAufDat="1999-06-29"/>
  <Kunden KundenNr="6770" KundEigtNr="7426" KundArt="2" KundStatus="3" KundAufDat="1999-06-29"/>
  <Kunden KundenNr="6771" KundEigtNr="7427" KundArt="8" KundStatus="3" KundAufDat="1999-06-29"/>
  <Kunden KundenNr="6772" KundEigtNr="7428" KundArt="8" KundStatus="3" KundAufDat="1999-06-29"/>
  <Kunden KundenNr="6773" KundEigtNr="7429" KundArt="2" KundStatus="3" KundAufDat="1999-06-29"/>
  <Kunden KundenNr="6774" KundEigtNr="7430" KundArt="2" KundStatus="3" KundAufDat="1999-06-29"/>
  <Kunden KundenNr="6775" KundEigtNr="7431" KundArt="8" KundStatus="3" KundAufDat="1999-06-29"/>
  <Kunden KundenNr="6776" KundEigtNr="7432" KundArt="2" KundStatus="3" KundAufDat="1999-06-29"/>
  <Kunden KundenNr="6777" KundEigtNr="7433" KundArt="2" KundStatus="3" KundAufDat="1999-06-29"/>
  <Kunden KundenNr="6778" KundEigtNr="7434" KundArt="2" KundStatus="3" KundAufDat="1999-06-29"/>
  <Kunden KundenNr="6779" KundEigtNr="7435" KundArt="29" KundStatus="1" KundAufDat="1999-06-29"/>
  <Kunden KundenNr="6780" KundEigtNr="7436" KundArt="2" KundStatus="3" KundAufDat="1999-06-29"/>
  <Kunden KundenNr="6781" KundEigtNr="6924" KundArt="2" KundStatus="3" KundAufDat="1999-06-29"/>
  <Kunden KundenNr="6782" KundEigtNr="7437" KundArt="2" KundStatus="3" KundAufDat="1999-06-29"/>
  <Kunden KundenNr="6783" KundEigtNr="7438" KundArt="31" KundStatus="1" KundAufDat="1999-06-29"/>
  <Kunden KundenNr="6784" KundEigtNr="7439" KundArt="2" KundStatus="3" KundAufDat="1999-06-29"/>
  <Kunden KundenNr="6785" KundEigtNr="7440" KundArt="29" KundStatus="1" KundAufDat="1999-06-29"/>
  <Kunden KundenNr="6786" KundEigtNr="7442" KundArt="1" KundStatus="3" KundAufDat="1999-06-30"/>
  <Kunden KundenNr="6787" KundEigtNr="7443" KundArt="8" KundStatus="3" KundAufDat="1999-06-30"/>
  <Kunden KundenNr="6788" KundEigtNr="7444" KundArt="2" KundStatus="3" KundAufDat="1999-06-30"/>
  <Kunden KundenNr="6789" KundEigtNr="7445" KundArt="1" KundStatus="3" KundAufDat="1999-06-30"/>
  <Kunden KundenNr="6790" KundEigtNr="7446" KundArt="29" KundStatus="1" KundAufDat="1999-06-30"/>
  <Kunden KundenNr="6791" KundEigtNr="7447" KundArt="8" KundStatus="1" KundAufDat="1999-06-30"/>
  <Kunden KundenNr="6792" KundEigtNr="7443" KundArt="2" KundStatus="3" KundAufDat="1999-06-30"/>
  <Kunden KundenNr="6793" KundEigtNr="7448" KundArt="2" KundStatus="3" KundAufDat="1999-06-30"/>
  <Kunden KundenNr="6794" KundEigtNr="7449" KundArt="31" KundStatus="1" KundAufDat="1999-06-30"/>
  <Kunden KundenNr="6795" KundEigtNr="7450" KundArt="2" KundStatus="3" KundAufDat="1999-06-30"/>
  <Kunden KundenNr="6796" KundEigtNr="7451" KundArt="2" KundStatus="3" KundAufDat="1999-06-30"/>
  <Kunden KundenNr="6797" KundEigtNr="7452" KundArt="2" KundStatus="3" KundAufDat="1999-06-30"/>
  <Kunden KundenNr="6799" KundEigtNr="7454" KundArt="1" KundStatus="3" KundAufDat="1999-06-30"/>
  <Kunden KundenNr="6800" KundEigtNr="7455" KundArt="29" KundStatus="1" KundAufDat="1999-06-30"/>
  <Kunden KundenNr="6801" KundEigtNr="7456" KundArt="8" KundStatus="3" KundAufDat="1999-06-30"/>
  <Kunden KundenNr="6802" KundEigtNr="7457" KundArt="2" KundStatus="3" KundAufDat="1999-07-01"/>
  <Kunden KundenNr="6803" KundEigtNr="7458" KundArt="2" KundStatus="3" KundAufDat="1999-07-01"/>
  <Kunden KundenNr="6804" KundEigtNr="7459" KundArt="29" KundStatus="1" KundAufDat="1999-07-01"/>
  <Kunden KundenNr="6805" KundEigtNr="7460" KundArt="29" KundStatus="1" KundAufDat="1999-07-01"/>
  <Kunden KundenNr="6806" KundEigtNr="7461" KundArt="2" KundStatus="3" KundAufDat="1999-07-01"/>
  <Kunden KundenNr="6807" KundEigtNr="7462" KundArt="2" KundStatus="3" KundAufDat="1999-07-01"/>
  <Kunden KundenNr="6808" KundEigtNr="7463" KundArt="8" KundStatus="3" KundAufDat="1999-07-01"/>
  <Kunden KundenNr="6809" KundEigtNr="7464" KundArt="31" KundStatus="1" KundAufDat="1999-07-01"/>
  <Kunden KundenNr="6810" KundEigtNr="7465" KundArt="2" KundStatus="3" KundAufDat="1999-07-01"/>
  <Kunden KundenNr="6811" KundEigtNr="7466" KundArt="8" KundStatus="3" KundAufDat="1999-07-01"/>
  <Kunden KundenNr="6812" KundEigtNr="7467" KundArt="1" KundStatus="3" KundAufDat="1999-07-02"/>
  <Kunden KundenNr="6813" KundEigtNr="7468" KundArt="1" KundStatus="3" KundAufDat="1999-07-02"/>
  <Kunden KundenNr="6814" KundEigtNr="7469" KundArt="2" KundStatus="3" KundAufDat="1999-07-02"/>
  <Kunden KundenNr="6815" KundEigtNr="7470" KundArt="31" KundStatus="1" KundAufDat="1999-07-02"/>
  <Kunden KundenNr="6816" KundEigtNr="7471" KundArt="2" KundStatus="3" KundAufDat="1999-07-02"/>
  <Kunden KundenNr="6817" KundEigtNr="7474" KundArt="8" KundStatus="1" KundAufDat="1999-07-03"/>
  <Kunden KundenNr="6818" KundEigtNr="7475" KundArt="8" KundStatus="3" KundAufDat="1999-07-05"/>
  <Kunden KundenNr="6819" KundEigtNr="7476" KundArt="2" KundStatus="3" KundAufDat="1999-07-05"/>
  <Kunden KundenNr="6820" KundEigtNr="7477" KundArt="2" KundStatus="3" KundAufDat="1999-07-05"/>
  <Kunden KundenNr="6821" KundEigtNr="7478" KundArt="2" KundStatus="3" KundAufDat="1999-07-05"/>
  <Kunden KundenNr="6822" KundEigtNr="7479" KundArt="8" KundStatus="3" KundAufDat="1999-07-05"/>
  <Kunden KundenNr="6823" KundEigtNr="7480" KundArt="8" KundStatus="3" KundAufDat="1999-07-05"/>
  <Kunden KundenNr="6824" KundEigtNr="7481" KundArt="8" KundStatus="3" KundAufDat="1999-07-05"/>
  <Kunden KundenNr="6825" KundEigtNr="7482" KundArt="8" KundStatus="3" KundAufDat="1999-07-05"/>
  <Kunden KundenNr="6826" KundEigtNr="7483" KundArt="2" KundStatus="3" KundAufDat="1999-07-05"/>
  <Kunden KundenNr="6827" KundEigtNr="7484" KundArt="2" KundStatus="3" KundAufDat="1999-07-05"/>
  <Kunden KundenNr="6828" KundEigtNr="7485" KundArt="2" KundStatus="3" KundAufDat="1999-07-05"/>
  <Kunden KundenNr="6829" KundEigtNr="7486" KundArt="8" KundStatus="3" KundAufDat="1999-07-05"/>
  <Kunden KundenNr="6830" KundEigtNr="7487" KundArt="8" KundStatus="3" KundAufDat="1999-07-05"/>
  <Kunden KundenNr="6831" KundEigtNr="7488" KundArt="31" KundStatus="1" KundAufDat="1999-07-05"/>
  <Kunden KundenNr="6832" KundEigtNr="7489" KundArt="31" KundStatus="1" KundAufDat="1999-07-05"/>
  <Kunden KundenNr="6833" KundEigtNr="7490" KundArt="31" KundStatus="1" KundAufDat="1999-07-05"/>
  <Kunden KundenNr="6834" KundEigtNr="7491" KundArt="31" KundStatus="1" KundAufDat="1999-07-05"/>
  <Kunden KundenNr="6835" KundEigtNr="7492" KundArt="31" KundStatus="1" KundAufDat="1999-07-05"/>
  <Kunden KundenNr="6836" KundEigtNr="7493" KundArt="31" KundStatus="1" KundAufDat="1999-07-05"/>
  <Kunden KundenNr="6837" KundEigtNr="7494" KundArt="31" KundStatus="1" KundAufDat="1999-07-05"/>
  <Kunden KundenNr="6838" KundEigtNr="7495" KundArt="8" KundStatus="3" KundAufDat="1999-07-05"/>
  <Kunden KundenNr="6839" KundEigtNr="7496" KundArt="8" KundStatus="3" KundAufDat="1999-07-05"/>
  <Kunden KundenNr="6840" KundEigtNr="7497" KundArt="8" KundStatus="3" KundAufDat="1999-07-05"/>
  <Kunden KundenNr="6841" KundEigtNr="7498" KundArt="2" KundStatus="3" KundAufDat="1999-07-05"/>
  <Kunden KundenNr="6842" KundEigtNr="7499" KundArt="8" KundStatus="3" KundAufDat="1999-07-05"/>
  <Kunden KundenNr="6843" KundEigtNr="7500" KundArt="2" KundStatus="3" KundAufDat="1999-07-05"/>
  <Kunden KundenNr="6844" KundEigtNr="7501" KundArt="2" KundStatus="3" KundAufDat="1999-07-05"/>
  <Kunden KundenNr="6845" KundEigtNr="7502" KundArt="2" KundStatus="3" KundAufDat="1999-07-05"/>
  <Kunden KundenNr="6846" KundEigtNr="7503" KundArt="2" KundStatus="3" KundAufDat="1999-07-06"/>
  <Kunden KundenNr="6847" KundEigtNr="7504" KundArt="2" KundStatus="3" KundAufDat="1999-07-06"/>
  <Kunden KundenNr="6848" KundEigtNr="7505" KundArt="2" KundStatus="3" KundAufDat="1999-07-06"/>
  <Kunden KundenNr="6849" KundEigtNr="7506" KundArt="8" KundStatus="3" KundAufDat="1999-07-06"/>
  <Kunden KundenNr="6850" KundEigtNr="7507" KundArt="2" KundStatus="3" KundAufDat="1999-07-06"/>
  <Kunden KundenNr="6851" KundEigtNr="7508" KundArt="2" KundStatus="3" KundAufDat="1999-07-06"/>
  <Kunden KundenNr="6852" KundEigtNr="7509" KundArt="2" KundStatus="3" KundAufDat="1999-07-06"/>
  <Kunden KundenNr="6853" KundEigtNr="7510" KundArt="2" KundStatus="3" KundAufDat="1999-07-06"/>
  <Kunden KundenNr="6854" KundEigtNr="7511" KundArt="2" KundStatus="3" KundAufDat="1999-07-06"/>
  <Kunden KundenNr="6855" KundEigtNr="7512" KundArt="2" KundStatus="3" KundAufDat="1999-07-06"/>
  <Kunden KundenNr="6856" KundEigtNr="7513" KundArt="8" KundStatus="3" KundAufDat="1999-07-06"/>
  <Kunden KundenNr="6857" KundEigtNr="7514" KundArt="8" KundStatus="3" KundAufDat="1999-07-06"/>
  <Kunden KundenNr="6858" KundEigtNr="7515" KundArt="29" KundStatus="1" KundAufDat="1999-07-06"/>
  <Kunden KundenNr="6859" KundEigtNr="1700" KundArt="31" KundStatus="1" KundAufDat="1999-07-06"/>
  <Kunden KundenNr="6860" KundEigtNr="3554" KundArt="29" KundStatus="1" KundAufDat="1999-07-06"/>
  <Kunden KundenNr="6861" KundEigtNr="7516" KundArt="2" KundStatus="3" KundAufDat="1999-07-06"/>
  <Kunden KundenNr="6862" KundEigtNr="7517" KundArt="29" KundStatus="1" KundAufDat="1999-07-06"/>
  <Kunden KundenNr="6863" KundEigtNr="7518" KundArt="2" KundStatus="3" KundAufDat="1999-07-06"/>
  <Kunden KundenNr="6864" KundEigtNr="7519" KundArt="2" KundStatus="3" KundAufDat="1999-07-07"/>
  <Kunden KundenNr="6865" KundEigtNr="7520" KundArt="29" KundStatus="1" KundAufDat="1999-07-07"/>
  <Kunden KundenNr="6866" KundEigtNr="7521" KundArt="8" KundStatus="3" KundAufDat="1999-07-07"/>
  <Kunden KundenNr="6867" KundEigtNr="7522" KundArt="29" KundStatus="1" KundAufDat="1999-07-07"/>
  <Kunden KundenNr="6868" KundEigtNr="7523" KundArt="29" KundStatus="1" KundAufDat="1999-07-07"/>
  <Kunden KundenNr="6869" KundEigtNr="7524" KundArt="2" KundStatus="3" KundAufDat="1999-07-07"/>
  <Kunden KundenNr="6870" KundEigtNr="7525" KundArt="8" KundStatus="3" KundAufDat="1999-07-07"/>
  <Kunden KundenNr="6871" KundEigtNr="7526" KundArt="2" KundStatus="3" KundAufDat="1999-07-07"/>
  <Kunden KundenNr="6872" KundEigtNr="7527" KundArt="31" KundStatus="1" KundAufDat="1999-07-08"/>
  <Kunden KundenNr="6873" KundEigtNr="7528" KundArt="1" KundStatus="3" KundAufDat="1999-07-08"/>
  <Kunden KundenNr="6874" KundEigtNr="7529" KundArt="1" KundStatus="3" KundAufDat="1999-07-08"/>
  <Kunden KundenNr="6875" KundEigtNr="7530" KundArt="1" KundStatus="3" KundAufDat="1999-07-09"/>
  <Kunden KundenNr="6876" KundEigtNr="7531" KundArt="8" KundStatus="1" KundAufDat="1999-07-09"/>
  <Kunden KundenNr="6877" KundEigtNr="7532" KundArt="8" KundStatus="3" KundAufDat="1999-07-09"/>
  <Kunden KundenNr="6878" KundEigtNr="7533" KundArt="8" KundStatus="3" KundAufDat="1999-07-09"/>
  <Kunden KundenNr="6879" KundEigtNr="7534" KundArt="2" KundStatus="3" KundAufDat="1999-07-09"/>
  <Kunden KundenNr="6880" KundEigtNr="7537" KundArt="8" KundStatus="3" KundAufDat="1999-07-10"/>
  <Kunden KundenNr="6881" KundEigtNr="7538" KundArt="8" KundStatus="3" KundAufDat="1999-07-12"/>
  <Kunden KundenNr="6882" KundEigtNr="7539" KundArt="8" KundStatus="3" KundAufDat="1999-07-12"/>
  <Kunden KundenNr="6883" KundEigtNr="7540" KundArt="8" KundStatus="3" KundAufDat="1999-07-12"/>
  <Kunden KundenNr="6884" KundEigtNr="7541" KundArt="29" KundStatus="1" KundAufDat="1999-07-12"/>
  <Kunden KundenNr="6885" KundEigtNr="7542" KundArt="29" KundStatus="1" KundAufDat="1999-07-12"/>
  <Kunden KundenNr="6886" KundEigtNr="7543" KundArt="8" KundStatus="1" KundAufDat="1999-07-12"/>
  <Kunden KundenNr="6887" KundEigtNr="7544" KundArt="31" KundStatus="1" KundAufDat="1999-07-12"/>
  <Kunden KundenNr="6888" KundEigtNr="7545" KundArt="31" KundStatus="1" KundAufDat="1999-07-12"/>
  <Kunden KundenNr="6889" KundEigtNr="7546" KundArt="31" KundStatus="1" KundAufDat="1999-07-12"/>
  <Kunden KundenNr="6890" KundEigtNr="7547" KundArt="31" KundStatus="1" KundAufDat="1999-07-12"/>
  <Kunden KundenNr="6891" KundEigtNr="7548" KundArt="31" KundStatus="1" KundAufDat="1999-07-12"/>
  <Kunden KundenNr="6892" KundEigtNr="7549" KundArt="31" KundStatus="1" KundAufDat="1999-07-12"/>
  <Kunden KundenNr="6893" KundEigtNr="7550" KundArt="31" KundStatus="1" KundAufDat="1999-07-12"/>
  <Kunden KundenNr="6894" KundEigtNr="7551" KundArt="8" KundStatus="1" KundAufDat="1999-07-12"/>
  <Kunden KundenNr="6895" KundEigtNr="7552" KundArt="2" KundStatus="3" KundAufDat="1999-07-12"/>
  <Kunden KundenNr="6896" KundEigtNr="7553" KundArt="31" KundStatus="1" KundAufDat="1999-07-12"/>
  <Kunden KundenNr="6897" KundEigtNr="7554" KundArt="29" KundStatus="1" KundAufDat="1999-07-12"/>
  <Kunden KundenNr="6898" KundEigtNr="7555" KundArt="2" KundStatus="3" KundAufDat="1999-07-13"/>
  <Kunden KundenNr="6899" KundEigtNr="7556" KundArt="31" KundStatus="1" KundAufDat="1999-07-13"/>
  <Kunden KundenNr="6900" KundEigtNr="7557" KundArt="31" KundStatus="1" KundAufDat="1999-07-13"/>
  <Kunden KundenNr="6901" KundEigtNr="7558" KundArt="2" KundStatus="3" KundAufDat="1999-07-13"/>
  <Kunden KundenNr="6902" KundEigtNr="7559" KundArt="31" KundStatus="1" KundAufDat="1999-07-13"/>
  <Kunden KundenNr="6903" KundEigtNr="7560" KundArt="29" KundStatus="1" KundAufDat="1999-07-13"/>
  <Kunden KundenNr="6904" KundEigtNr="7561" KundArt="29" KundStatus="1" KundAufDat="1999-07-13"/>
  <Kunden KundenNr="6905" KundEigtNr="7562" KundArt="31" KundStatus="1" KundAufDat="1999-07-14"/>
  <Kunden KundenNr="6906" KundEigtNr="7563" KundArt="31" KundStatus="1" KundAufDat="1999-07-14"/>
  <Kunden KundenNr="6907" KundEigtNr="7564" KundArt="8" KundStatus="3" KundAufDat="1999-07-14"/>
  <Kunden KundenNr="6908" KundEigtNr="7565" KundArt="2" KundStatus="3" KundAufDat="1999-07-14"/>
  <Kunden KundenNr="6909" KundEigtNr="6682" KundArt="8" KundStatus="3" KundAufDat="1999-07-14"/>
  <Kunden KundenNr="6910" KundEigtNr="7566" KundArt="8" KundStatus="3" KundAufDat="1999-07-15"/>
  <Kunden KundenNr="6911" KundEigtNr="7567" KundArt="2" KundStatus="3" KundAufDat="1999-07-15"/>
  <Kunden KundenNr="6912" KundEigtNr="7568" KundArt="2" KundStatus="3" KundAufDat="1999-07-15"/>
  <Kunden KundenNr="6913" KundEigtNr="7569" KundArt="8" KundStatus="1" KundAufDat="1999-07-15"/>
  <Kunden KundenNr="6914" KundEigtNr="7570" KundArt="8" KundStatus="3" KundAufDat="1999-07-15"/>
  <Kunden KundenNr="6915" KundEigtNr="7571" KundArt="29" KundStatus="1" KundAufDat="1999-07-15"/>
  <Kunden KundenNr="6916" KundEigtNr="7572" KundArt="8" KundStatus="3" KundAufDat="1999-07-15"/>
  <Kunden KundenNr="6917" KundEigtNr="7573" KundArt="29" KundStatus="1" KundAufDat="1999-07-16"/>
  <Kunden KundenNr="6918" KundEigtNr="7578" KundArt="2" KundStatus="3" KundAufDat="1999-07-19"/>
  <Kunden KundenNr="6919" KundEigtNr="7579" KundArt="2" KundStatus="3" KundAufDat="1999-07-19"/>
  <Kunden KundenNr="6920" KundEigtNr="7580" KundArt="2" KundStatus="3" KundAufDat="1999-07-19"/>
  <Kunden KundenNr="6921" KundEigtNr="7581" KundArt="2" KundStatus="3" KundAufDat="1999-07-19"/>
  <Kunden KundenNr="6922" KundEigtNr="7582" KundArt="2" KundStatus="3" KundAufDat="1999-07-19"/>
  <Kunden KundenNr="6923" KundEigtNr="4150" KundArt="2" KundStatus="3" KundAufDat="1999-07-19"/>
  <Kunden KundenNr="6924" KundEigtNr="7584" KundArt="2" KundStatus="3" KundAufDat="1999-07-19"/>
  <Kunden KundenNr="6925" KundEigtNr="7585" KundArt="29" KundStatus="1" KundAufDat="1999-07-19"/>
  <Kunden KundenNr="6926" KundEigtNr="6830" KundArt="2" KundStatus="3" KundAufDat="1999-07-19"/>
  <Kunden KundenNr="6927" KundEigtNr="7587" KundArt="2" KundStatus="3" KundAufDat="1999-07-20"/>
  <Kunden KundenNr="6928" KundEigtNr="7588" KundArt="2" KundStatus="3" KundAufDat="1999-07-20"/>
  <Kunden KundenNr="6929" KundEigtNr="7589" KundArt="2" KundStatus="3" KundAufDat="1999-07-20"/>
  <Kunden KundenNr="6930" KundEigtNr="7590" KundArt="8" KundStatus="3" KundAufDat="1999-07-20"/>
  <Kunden KundenNr="6931" KundEigtNr="7591" KundArt="31" KundStatus="1" KundAufDat="1999-07-20"/>
  <Kunden KundenNr="6932" KundEigtNr="7592" KundArt="31" KundStatus="1" KundAufDat="1999-07-20"/>
  <Kunden KundenNr="6933" KundEigtNr="7593" KundArt="31" KundStatus="1" KundAufDat="1999-07-20"/>
  <Kunden KundenNr="6934" KundEigtNr="7594" KundArt="31" KundStatus="1" KundAufDat="1999-07-20"/>
  <Kunden KundenNr="6935" KundEigtNr="7595" KundArt="31" KundStatus="1" KundAufDat="1999-07-20"/>
  <Kunden KundenNr="6936" KundEigtNr="7596" KundArt="31" KundStatus="1" KundAufDat="1999-07-20"/>
  <Kunden KundenNr="6937" KundEigtNr="7597" KundArt="31" KundStatus="1" KundAufDat="1999-07-20"/>
  <Kunden KundenNr="6938" KundEigtNr="7598" KundArt="31" KundStatus="1" KundAufDat="1999-07-20"/>
  <Kunden KundenNr="6939" KundEigtNr="7599" KundArt="31" KundStatus="1" KundAufDat="1999-07-20"/>
  <Kunden KundenNr="6940" KundEigtNr="7600" KundArt="31" KundStatus="1" KundAufDat="1999-07-20"/>
  <Kunden KundenNr="6941" KundEigtNr="7601" KundArt="31" KundStatus="1" KundAufDat="1999-07-20"/>
  <Kunden KundenNr="6942" KundEigtNr="7602" KundArt="8" KundStatus="3" KundAufDat="1999-07-20"/>
  <Kunden KundenNr="6943" KundEigtNr="7603" KundArt="31" KundStatus="1" KundAufDat="1999-07-20"/>
  <Kunden KundenNr="6944" KundEigtNr="7604" KundArt="31" KundStatus="1" KundAufDat="1999-07-20"/>
  <Kunden KundenNr="6945" KundEigtNr="7605" KundArt="2" KundStatus="3" KundAufDat="1999-07-21"/>
  <Kunden KundenNr="6946" KundEigtNr="7606" KundArt="2" KundStatus="3" KundAufDat="1999-07-21"/>
  <Kunden KundenNr="6947" KundEigtNr="6651" KundArt="29" KundStatus="1" KundAufDat="1999-07-21"/>
  <Kunden KundenNr="6948" KundEigtNr="7607" KundArt="31" KundStatus="1" KundAufDat="1999-07-21"/>
  <Kunden KundenNr="6949" KundEigtNr="7608" KundArt="31" KundStatus="1" KundAufDat="1999-07-21"/>
  <Kunden KundenNr="6950" KundEigtNr="7609" KundArt="2" KundStatus="3" KundAufDat="1999-07-22"/>
  <Kunden KundenNr="6951" KundEigtNr="7610" KundArt="2" KundStatus="3" KundAufDat="1999-07-22"/>
  <Kunden KundenNr="6952" KundEigtNr="7611" KundArt="1" KundStatus="3" KundAufDat="1999-07-22"/>
  <Kunden KundenNr="6953" KundEigtNr="7612" KundArt="1" KundStatus="1" KundAufDat="1999-07-23"/>
  <Kunden KundenNr="6954" KundEigtNr="7613" KundArt="2" KundStatus="3" KundAufDat="1999-07-24"/>
  <Kunden KundenNr="6955" KundEigtNr="7614" KundArt="8" KundStatus="3" KundAufDat="1999-07-24"/>
  <Kunden KundenNr="6956" KundEigtNr="7615" KundArt="2" KundStatus="3" KundAufDat="1999-07-26"/>
  <Kunden KundenNr="6957" KundEigtNr="7616" KundArt="29" KundStatus="1" KundAufDat="1999-07-26"/>
  <Kunden KundenNr="6958" KundEigtNr="7617" KundArt="8" KundStatus="3" KundAufDat="1999-07-26"/>
  <Kunden KundenNr="6959" KundEigtNr="7618" KundArt="8" KundStatus="3" KundAufDat="1999-07-26"/>
  <Kunden KundenNr="6960" KundEigtNr="7619" KundArt="2" KundStatus="3" KundAufDat="1999-07-26"/>
  <Kunden KundenNr="6961" KundEigtNr="7620" KundArt="2" KundStatus="3" KundAufDat="1999-07-26"/>
  <Kunden KundenNr="6962" KundEigtNr="7621" KundArt="2" KundStatus="3" KundAufDat="1999-07-26"/>
  <Kunden KundenNr="6963" KundEigtNr="7622" KundArt="2" KundStatus="3" KundAufDat="1999-07-26"/>
  <Kunden KundenNr="6964" KundEigtNr="7623" KundArt="8" KundStatus="3" KundAufDat="1999-07-26"/>
  <Kunden KundenNr="6965" KundEigtNr="7624" KundArt="29" KundStatus="1" KundAufDat="1999-07-26"/>
  <Kunden KundenNr="6966" KundEigtNr="7625" KundArt="2" KundStatus="3" KundAufDat="1999-07-26"/>
  <Kunden KundenNr="6967" KundEigtNr="7626" KundArt="2" KundStatus="3" KundAufDat="1999-07-26"/>
  <Kunden KundenNr="6968" KundEigtNr="7627" KundArt="31" KundStatus="1" KundAufDat="1999-07-26"/>
  <Kunden KundenNr="6969" KundEigtNr="7628" KundArt="31" KundStatus="1" KundAufDat="1999-07-26"/>
  <Kunden KundenNr="6970" KundEigtNr="7629" KundArt="31" KundStatus="1" KundAufDat="1999-07-26"/>
  <Kunden KundenNr="6971" KundEigtNr="7630" KundArt="31" KundStatus="1" KundAufDat="1999-07-26"/>
  <Kunden KundenNr="6972" KundEigtNr="7631" KundArt="31" KundStatus="1" KundAufDat="1999-07-26"/>
  <Kunden KundenNr="6973" KundEigtNr="7632" KundArt="8" KundStatus="1" KundAufDat="1999-07-26"/>
  <Kunden KundenNr="6974" KundEigtNr="7633" KundArt="2" KundStatus="3" KundAufDat="1999-07-26"/>
  <Kunden KundenNr="6975" KundEigtNr="7634" KundArt="2" KundStatus="3" KundAufDat="1999-07-27"/>
  <Kunden KundenNr="6977" KundEigtNr="7636" KundArt="2" KundStatus="3" KundAufDat="1999-07-27"/>
  <Kunden KundenNr="6978" KundEigtNr="7637" KundArt="8" KundStatus="3" KundAufDat="1999-07-27"/>
  <Kunden KundenNr="6979" KundEigtNr="7638" KundArt="8" KundStatus="1" KundAufDat="1999-07-27"/>
  <Kunden KundenNr="6980" KundEigtNr="7639" KundArt="8" KundStatus="3" KundAufDat="1999-07-27"/>
  <Kunden KundenNr="6981" KundEigtNr="7640" KundArt="8" KundStatus="1" KundAufDat="1999-07-27"/>
  <Kunden KundenNr="6982" KundEigtNr="7641" KundArt="8" KundStatus="3" KundAufDat="1999-07-27"/>
  <Kunden KundenNr="6983" KundEigtNr="7642" KundArt="8" KundStatus="3" KundAufDat="1999-07-27"/>
  <Kunden KundenNr="6984" KundEigtNr="7643" KundArt="2" KundStatus="3" KundAufDat="1999-07-27"/>
  <Kunden KundenNr="6985" KundEigtNr="7644" KundArt="29" KundStatus="1" KundAufDat="1999-07-27"/>
  <Kunden KundenNr="6986" KundEigtNr="7645" KundArt="2" KundStatus="3" KundAufDat="1999-07-28"/>
  <Kunden KundenNr="6987" KundEigtNr="7646" KundArt="2" KundStatus="3" KundAufDat="1999-07-28"/>
  <Kunden KundenNr="6988" KundEigtNr="7647" KundArt="8" KundStatus="3" KundAufDat="1999-07-28"/>
  <Kunden KundenNr="6989" KundEigtNr="7648" KundArt="2" KundStatus="3" KundAufDat="1999-07-28"/>
  <Kunden KundenNr="6990" KundEigtNr="7649" KundArt="2" KundStatus="3" KundAufDat="1999-07-28"/>
  <Kunden KundenNr="6991" KundEigtNr="7650" KundArt="8" KundStatus="3" KundAufDat="1999-07-28"/>
  <Kunden KundenNr="6992" KundEigtNr="7651" KundArt="29" KundStatus="1" KundAufDat="1999-07-29"/>
  <Kunden KundenNr="6993" KundEigtNr="7652" KundArt="2" KundStatus="3" KundAufDat="1999-07-29"/>
  <Kunden KundenNr="6994" KundEigtNr="7653" KundArt="1" KundStatus="3" KundAufDat="1999-07-29"/>
  <Kunden KundenNr="6995" KundEigtNr="7654" KundArt="8" KundStatus="3" KundAufDat="1999-07-29"/>
  <Kunden KundenNr="6996" KundEigtNr="7653" KundArt="2" KundStatus="3" KundAufDat="1999-07-29"/>
  <Kunden KundenNr="6997" KundEigtNr="7655" KundArt="2" KundStatus="3" KundAufDat="1999-07-30"/>
  <Kunden KundenNr="6998" KundEigtNr="6923" KundArt="8" KundStatus="3" KundAufDat="1999-07-30"/>
  <Kunden KundenNr="6999" KundEigtNr="7441" KundArt="29" KundStatus="1" KundAufDat="1999-08-02"/>
  <Kunden KundenNr="7000" KundEigtNr="7656" KundArt="31" KundStatus="1" KundAufDat="1999-08-02"/>
  <Kunden KundenNr="7001" KundEigtNr="7657" KundArt="31" KundStatus="1" KundAufDat="1999-08-02"/>
  <Kunden KundenNr="7002" KundEigtNr="7658" KundArt="31" KundStatus="1" KundAufDat="1999-08-02"/>
  <Kunden KundenNr="7003" KundEigtNr="7659" KundArt="31" KundStatus="1" KundAufDat="1999-08-02"/>
  <Kunden KundenNr="7004" KundEigtNr="7660" KundArt="31" KundStatus="1" KundAufDat="1999-08-02"/>
  <Kunden KundenNr="7005" KundEigtNr="7661" KundArt="31" KundStatus="1" KundAufDat="1999-08-02"/>
  <Kunden KundenNr="7006" KundEigtNr="7662" KundArt="31" KundStatus="1" KundAufDat="1999-08-02"/>
  <Kunden KundenNr="7007" KundEigtNr="7663" KundArt="2" KundStatus="3" KundAufDat="1999-08-02"/>
  <Kunden KundenNr="7008" KundEigtNr="7664" KundArt="2" KundStatus="3" KundAufDat="1999-08-02"/>
  <Kunden KundenNr="7009" KundEigtNr="7665" KundArt="2" KundStatus="3" KundAufDat="1999-08-02"/>
  <Kunden KundenNr="7010" KundEigtNr="7666" KundArt="29" KundStatus="1" KundAufDat="1999-08-03"/>
  <Kunden KundenNr="7011" KundEigtNr="7667" KundArt="29" KundStatus="1" KundAufDat="1999-08-03"/>
  <Kunden KundenNr="7012" KundEigtNr="7669" KundArt="31" KundStatus="1" KundAufDat="1999-08-03"/>
  <Kunden KundenNr="7013" KundEigtNr="7670" KundArt="31" KundStatus="1" KundAufDat="1999-08-03"/>
  <Kunden KundenNr="7014" KundEigtNr="7671" KundArt="31" KundStatus="1" KundAufDat="1999-08-03"/>
  <Kunden KundenNr="7015" KundEigtNr="7672" KundArt="31" KundStatus="1" KundAufDat="1999-08-03"/>
  <Kunden KundenNr="7016" KundEigtNr="7673" KundArt="31" KundStatus="1" KundAufDat="1999-08-03"/>
  <Kunden KundenNr="7017" KundEigtNr="7674" KundArt="31" KundStatus="1" KundAufDat="1999-08-03"/>
  <Kunden KundenNr="7018" KundEigtNr="7675" KundArt="29" KundStatus="1" KundAufDat="1999-08-04"/>
  <Kunden KundenNr="7019" KundEigtNr="7676" KundArt="31" KundStatus="1" KundAufDat="1999-08-04"/>
  <Kunden KundenNr="7020" KundEigtNr="7677" KundArt="31" KundStatus="1" KundAufDat="1999-08-04"/>
  <Kunden KundenNr="7021" KundEigtNr="7678" KundArt="8" KundStatus="3" KundAufDat="1999-08-04"/>
  <Kunden KundenNr="7022" KundEigtNr="7382" KundArt="29" KundStatus="1" KundAufDat="1999-08-04"/>
  <Kunden KundenNr="7023" KundEigtNr="7679" KundArt="31" KundStatus="1" KundAufDat="1999-08-04"/>
  <Kunden KundenNr="7024" KundEigtNr="186" KundArt="29" KundStatus="1" KundAufDat="1999-08-05"/>
  <Kunden KundenNr="7025" KundEigtNr="7680" KundArt="2" KundStatus="3" KundAufDat="1999-08-05"/>
  <Kunden KundenNr="7026" KundEigtNr="7681" KundArt="31" KundStatus="1" KundAufDat="1999-08-05"/>
  <Kunden KundenNr="7027" KundEigtNr="98" KundArt="29" KundStatus="1" KundAufDat="1999-08-06"/>
  <Kunden KundenNr="7028" KundEigtNr="1548" KundArt="29" KundStatus="1" KundAufDat="1999-08-06"/>
  <Kunden KundenNr="7029" KundEigtNr="6826" KundArt="8" KundStatus="3" KundAufDat="1999-08-06"/>
  <Kunden KundenNr="7030" KundEigtNr="7682" KundArt="2" KundStatus="3" KundAufDat="1999-08-09"/>
  <Kunden KundenNr="7031" KundEigtNr="7683" KundArt="2" KundStatus="3" KundAufDat="1999-08-09"/>
  <Kunden KundenNr="7032" KundEigtNr="7684" KundArt="2" KundStatus="3" KundAufDat="1999-08-09"/>
  <Kunden KundenNr="7033" KundEigtNr="7685" KundArt="8" KundStatus="3" KundAufDat="1999-08-09"/>
  <Kunden KundenNr="7034" KundEigtNr="7686" KundArt="2" KundStatus="3" KundAufDat="1999-08-09"/>
  <Kunden KundenNr="7035" KundEigtNr="7687" KundArt="2" KundStatus="3" KundAufDat="1999-08-09"/>
  <Kunden KundenNr="7036" KundEigtNr="7688" KundArt="2" KundStatus="3" KundAufDat="1999-08-09"/>
  <Kunden KundenNr="7037" KundEigtNr="7689" KundArt="2" KundStatus="3" KundAufDat="1999-08-09"/>
  <Kunden KundenNr="7038" KundEigtNr="7690" KundArt="2" KundStatus="3" KundAufDat="1999-08-09"/>
  <Kunden KundenNr="7039" KundEigtNr="7691" KundArt="2" KundStatus="3" KundAufDat="1999-08-09"/>
  <Kunden KundenNr="7040" KundEigtNr="7692" KundArt="2" KundStatus="1" KundAufDat="1999-08-09"/>
  <Kunden KundenNr="7041" KundEigtNr="7693" KundArt="8" KundStatus="3" KundAufDat="1999-08-09"/>
  <Kunden KundenNr="7042" KundEigtNr="7694" KundArt="2" KundStatus="3" KundAufDat="1999-08-10"/>
  <Kunden KundenNr="7043" KundEigtNr="7695" KundArt="2" KundStatus="3" KundAufDat="1999-08-10"/>
  <Kunden KundenNr="7044" KundEigtNr="7025" KundArt="8" KundStatus="1" KundAufDat="1999-08-10"/>
  <Kunden KundenNr="7045" KundEigtNr="6193" KundArt="8" KundStatus="3" KundAufDat="1999-08-10"/>
  <Kunden KundenNr="7046" KundEigtNr="7696" KundArt="2" KundStatus="3" KundAufDat="1999-08-10"/>
  <Kunden KundenNr="7047" KundEigtNr="7697" KundArt="2" KundStatus="3" KundAufDat="1999-08-10"/>
  <Kunden KundenNr="7048" KundEigtNr="5384" KundArt="2" KundStatus="1" KundAufDat="1999-08-10"/>
  <Kunden KundenNr="7049" KundEigtNr="7698" KundArt="2" KundStatus="3" KundAufDat="1999-08-10"/>
  <Kunden KundenNr="7050" KundEigtNr="7699" KundArt="2" KundStatus="3" KundAufDat="1999-08-10"/>
  <Kunden KundenNr="7051" KundEigtNr="7700" KundArt="29" KundStatus="1" KundAufDat="1999-08-10"/>
  <Kunden KundenNr="7052" KundEigtNr="7701" KundArt="2" KundStatus="3" KundAufDat="1999-08-10"/>
  <Kunden KundenNr="7053" KundEigtNr="7702" KundArt="2" KundStatus="3" KundAufDat="1999-08-10"/>
  <Kunden KundenNr="7054" KundEigtNr="7703" KundArt="2" KundStatus="3" KundAufDat="1999-08-11"/>
  <Kunden KundenNr="7055" KundEigtNr="7704" KundArt="2" KundStatus="3" KundAufDat="1999-08-11"/>
  <Kunden KundenNr="7056" KundEigtNr="7705" KundArt="1" KundStatus="1" KundAufDat="1999-08-11"/>
  <Kunden KundenNr="7057" KundEigtNr="7706" KundArt="1" KundStatus="3" KundAufDat="1999-08-11"/>
  <Kunden KundenNr="7058" KundEigtNr="7707" KundArt="2" KundStatus="1" KundAufDat="1999-08-11"/>
  <Kunden KundenNr="7059" KundEigtNr="7708" KundArt="29" KundStatus="1" KundAufDat="1999-08-11"/>
  <Kunden KundenNr="7060" KundEigtNr="7709" KundArt="31" KundStatus="1" KundAufDat="1999-08-12"/>
  <Kunden KundenNr="7061" KundEigtNr="7710" KundArt="29" KundStatus="1" KundAufDat="1999-08-12"/>
  <Kunden KundenNr="7062" KundEigtNr="7711" KundArt="1" KundStatus="3" KundAufDat="1999-08-12"/>
  <Kunden KundenNr="7063" KundEigtNr="7712" KundArt="2" KundStatus="3" KundAufDat="1999-08-12"/>
  <Kunden KundenNr="7064" KundEigtNr="7713" KundArt="29" KundStatus="1" KundAufDat="1999-08-12"/>
  <Kunden KundenNr="7065" KundEigtNr="7714" KundArt="2" KundStatus="3" KundAufDat="1999-08-13"/>
  <Kunden KundenNr="7066" KundEigtNr="7716" KundArt="2" KundStatus="3" KundAufDat="1999-08-15"/>
  <Kunden KundenNr="7067" KundEigtNr="7717" KundArt="8" KundStatus="3" KundAufDat="1999-08-16"/>
  <Kunden KundenNr="7068" KundEigtNr="7718" KundArt="8" KundStatus="3" KundAufDat="1999-08-16"/>
  <Kunden KundenNr="7069" KundEigtNr="7719" KundArt="8" KundStatus="3" KundAufDat="1999-08-16"/>
  <Kunden KundenNr="7070" KundEigtNr="7720" KundArt="2" KundStatus="3" KundAufDat="1999-08-16"/>
  <Kunden KundenNr="7071" KundEigtNr="7721" KundArt="2" KundStatus="3" KundAufDat="1999-08-16"/>
  <Kunden KundenNr="7072" KundEigtNr="7722" KundArt="2" KundStatus="3" KundAufDat="1999-08-16"/>
  <Kunden KundenNr="7073" KundEigtNr="7723" KundArt="2" KundStatus="3" KundAufDat="1999-08-16"/>
  <Kunden KundenNr="7074" KundEigtNr="7724" KundArt="2" KundStatus="3" KundAufDat="1999-08-16"/>
  <Kunden KundenNr="7075" KundEigtNr="7725" KundArt="2" KundStatus="3" KundAufDat="1999-08-16"/>
  <Kunden KundenNr="7076" KundEigtNr="7726" KundArt="2" KundStatus="3" KundAufDat="1999-08-16"/>
  <Kunden KundenNr="7077" KundEigtNr="7727" KundArt="2" KundStatus="3" KundAufDat="1999-08-16"/>
  <Kunden KundenNr="7078" KundEigtNr="7728" KundArt="8" KundStatus="3" KundAufDat="1999-08-16"/>
  <Kunden KundenNr="7079" KundEigtNr="7729" KundArt="8" KundStatus="3" KundAufDat="1999-08-16"/>
  <Kunden KundenNr="7080" KundEigtNr="7730" KundArt="8" KundStatus="3" KundAufDat="1999-08-16"/>
  <Kunden KundenNr="7081" KundEigtNr="7731" KundArt="8" KundStatus="3" KundAufDat="1999-08-16"/>
  <Kunden KundenNr="7082" KundEigtNr="7732" KundArt="8" KundStatus="3" KundAufDat="1999-08-16"/>
  <Kunden KundenNr="7083" KundEigtNr="7733" KundArt="2" KundStatus="3" KundAufDat="1999-08-16"/>
  <Kunden KundenNr="7084" KundEigtNr="7734" KundArt="31" KundStatus="1" KundAufDat="1999-08-16"/>
  <Kunden KundenNr="7085" KundEigtNr="7735" KundArt="31" KundStatus="1" KundAufDat="1999-08-16"/>
  <Kunden KundenNr="7086" KundEigtNr="7736" KundArt="8" KundStatus="3" KundAufDat="1999-08-16"/>
  <Kunden KundenNr="7087" KundEigtNr="7737" KundArt="2" KundStatus="3" KundAufDat="1999-08-16"/>
  <Kunden KundenNr="7088" KundEigtNr="7738" KundArt="2" KundStatus="3" KundAufDat="1999-08-16"/>
  <Kunden KundenNr="7089" KundEigtNr="7739" KundArt="2" KundStatus="3" KundAufDat="1999-08-16"/>
  <Kunden KundenNr="7090" KundEigtNr="7740" KundArt="2" KundStatus="3" KundAufDat="1999-08-16"/>
  <Kunden KundenNr="7091" KundEigtNr="7741" KundArt="2" KundStatus="1" KundAufDat="1999-08-16"/>
  <Kunden KundenNr="7092" KundEigtNr="7742" KundArt="2" KundStatus="3" KundAufDat="1999-08-16"/>
  <Kunden KundenNr="7093" KundEigtNr="5962" KundArt="8" KundStatus="3" KundAufDat="1999-08-16"/>
  <Kunden KundenNr="7094" KundEigtNr="7743" KundArt="2" KundStatus="3" KundAufDat="1999-08-16"/>
  <Kunden KundenNr="7095" KundEigtNr="6129" KundArt="2" KundStatus="3" KundAufDat="1999-08-16"/>
  <Kunden KundenNr="7096" KundEigtNr="7744" KundArt="31" KundStatus="1" KundAufDat="1999-08-16"/>
  <Kunden KundenNr="7097" KundEigtNr="7745" KundArt="29" KundStatus="1" KundAufDat="1999-08-16"/>
  <Kunden KundenNr="7098" KundEigtNr="7746" KundArt="2" KundStatus="3" KundAufDat="1999-08-16"/>
  <Kunden KundenNr="7099" KundEigtNr="7747" KundArt="2" KundStatus="3" KundAufDat="1999-08-17"/>
  <Kunden KundenNr="7100" KundEigtNr="6676" KundArt="2" KundStatus="3" KundAufDat="1999-08-17"/>
  <Kunden KundenNr="7101" KundEigtNr="7748" KundArt="8" KundStatus="3" KundAufDat="1999-08-17"/>
  <Kunden KundenNr="7102" KundEigtNr="7749" KundArt="8" KundStatus="3" KundAufDat="1999-08-17"/>
  <Kunden KundenNr="7103" KundEigtNr="6556" KundArt="2" KundStatus="3" KundAufDat="1999-08-17"/>
  <Kunden KundenNr="7104" KundEigtNr="7750" KundArt="2" KundStatus="3" KundAufDat="1999-08-17"/>
  <Kunden KundenNr="7105" KundEigtNr="7751" KundArt="2" KundStatus="3" KundAufDat="1999-08-17"/>
  <Kunden KundenNr="7106" KundEigtNr="7752" KundArt="2" KundStatus="3" KundAufDat="1999-08-17"/>
  <Kunden KundenNr="7107" KundEigtNr="7753" KundArt="8" KundStatus="1" KundAufDat="1999-08-17"/>
  <Kunden KundenNr="7108" KundEigtNr="7754" KundArt="8" KundStatus="3" KundAufDat="1999-08-17"/>
  <Kunden KundenNr="7109" KundEigtNr="7755" KundArt="8" KundStatus="3" KundAufDat="1999-08-17"/>
  <Kunden KundenNr="7110" KundEigtNr="7756" KundArt="2" KundStatus="3" KundAufDat="1999-08-17"/>
  <Kunden KundenNr="7111" KundEigtNr="7757" KundArt="8" KundStatus="3" KundAufDat="1999-08-17"/>
  <Kunden KundenNr="7112" KundEigtNr="7758" KundArt="2" KundStatus="3" KundAufDat="1999-08-17"/>
  <Kunden KundenNr="7113" KundEigtNr="7759" KundArt="31" KundStatus="1" KundAufDat="1999-08-17"/>
  <Kunden KundenNr="7114" KundEigtNr="7760" KundArt="31" KundStatus="1" KundAufDat="1999-08-17"/>
  <Kunden KundenNr="7115" KundEigtNr="7761" KundArt="31" KundStatus="1" KundAufDat="1999-08-17"/>
  <Kunden KundenNr="7116" KundEigtNr="7762" KundArt="31" KundStatus="1" KundAufDat="1999-08-17"/>
  <Kunden KundenNr="7117" KundEigtNr="7763" KundArt="2" KundStatus="3" KundAufDat="1999-08-17"/>
  <Kunden KundenNr="7118" KundEigtNr="7764" KundArt="2" KundStatus="3" KundAufDat="1999-08-17"/>
  <Kunden KundenNr="7119" KundEigtNr="1477" KundArt="8" KundStatus="3" KundAufDat="1999-08-17"/>
  <Kunden KundenNr="7120" KundEigtNr="7765" KundArt="2" KundStatus="3" KundAufDat="1999-08-17"/>
  <Kunden KundenNr="7121" KundEigtNr="7652" KundArt="8" KundStatus="3" KundAufDat="1999-08-17"/>
  <Kunden KundenNr="7122" KundEigtNr="7766" KundArt="8" KundStatus="3" KundAufDat="1999-08-17"/>
  <Kunden KundenNr="7123" KundEigtNr="7767" KundArt="2" KundStatus="3" KundAufDat="1999-08-17"/>
  <Kunden KundenNr="7124" KundEigtNr="7768" KundArt="29" KundStatus="1" KundAufDat="1999-08-17"/>
  <Kunden KundenNr="7125" KundEigtNr="7769" KundArt="2" KundStatus="3" KundAufDat="1999-08-18"/>
  <Kunden KundenNr="7126" KundEigtNr="7770" KundArt="8" KundStatus="3" KundAufDat="1999-08-18"/>
  <Kunden KundenNr="7127" KundEigtNr="7771" KundArt="2" KundStatus="3" KundAufDat="1999-08-18"/>
  <Kunden KundenNr="7128" KundEigtNr="7772" KundArt="2" KundStatus="3" KundAufDat="1999-08-18"/>
  <Kunden KundenNr="7129" KundEigtNr="7773" KundArt="2" KundStatus="3" KundAufDat="1999-08-18"/>
  <Kunden KundenNr="7130" KundEigtNr="7774" KundArt="31" KundStatus="1" KundAufDat="1999-08-18"/>
  <Kunden KundenNr="7131" KundEigtNr="7775" KundArt="31" KundStatus="1" KundAufDat="1999-08-18"/>
  <Kunden KundenNr="7132" KundEigtNr="7777" KundArt="2" KundStatus="3" KundAufDat="1999-08-18"/>
  <Kunden KundenNr="7133" KundEigtNr="7778" KundArt="8" KundStatus="1" KundAufDat="1999-08-18"/>
  <Kunden KundenNr="7134" KundEigtNr="7779" KundArt="31" KundStatus="1" KundAufDat="1999-08-18"/>
  <Kunden KundenNr="7135" KundEigtNr="7780" KundArt="2" KundStatus="3" KundAufDat="1999-08-19"/>
  <Kunden KundenNr="7136" KundEigtNr="7781" KundArt="2" KundStatus="3" KundAufDat="1999-08-19"/>
  <Kunden KundenNr="7137" KundEigtNr="7782" KundArt="2" KundStatus="3" KundAufDat="1999-08-19"/>
  <Kunden KundenNr="7138" KundEigtNr="7783" KundArt="2" KundStatus="3" KundAufDat="1999-08-19"/>
  <Kunden KundenNr="7139" KundEigtNr="7784" KundArt="2" KundStatus="3" KundAufDat="1999-08-19"/>
  <Kunden KundenNr="7140" KundEigtNr="7785" KundArt="2" KundStatus="3" KundAufDat="1999-08-20"/>
  <Kunden KundenNr="7141" KundEigtNr="7786" KundArt="8" KundStatus="3" KundAufDat="1999-08-20"/>
  <Kunden KundenNr="7142" KundEigtNr="7787" KundArt="2" KundStatus="3" KundAufDat="1999-08-21"/>
  <Kunden KundenNr="7143" KundEigtNr="7788" KundArt="2" KundStatus="3" KundAufDat="1999-08-21"/>
  <Kunden KundenNr="7144" KundEigtNr="7789" KundArt="2" KundStatus="1" KundAufDat="1999-08-21"/>
  <Kunden KundenNr="7145" KundEigtNr="7790" KundArt="2" KundStatus="3" KundAufDat="1999-08-23"/>
  <Kunden KundenNr="7146" KundEigtNr="7791" KundArt="2" KundStatus="3" KundAufDat="1999-08-23"/>
  <Kunden KundenNr="7147" KundEigtNr="7792" KundArt="2" KundStatus="3" KundAufDat="1999-08-23"/>
  <Kunden KundenNr="7148" KundEigtNr="7793" KundArt="31" KundStatus="1" KundAufDat="1999-08-23"/>
  <Kunden KundenNr="7149" KundEigtNr="7794" KundArt="31" KundStatus="1" KundAufDat="1999-08-23"/>
  <Kunden KundenNr="7150" KundEigtNr="7795" KundArt="31" KundStatus="1" KundAufDat="1999-08-23"/>
  <Kunden KundenNr="7151" KundEigtNr="7796" KundArt="31" KundStatus="1" KundAufDat="1999-08-23"/>
  <Kunden KundenNr="7152" KundEigtNr="7797" KundArt="31" KundStatus="1" KundAufDat="1999-08-23"/>
  <Kunden KundenNr="7153" KundEigtNr="7798" KundArt="2" KundStatus="3" KundAufDat="1999-08-23"/>
  <Kunden KundenNr="7154" KundEigtNr="7799" KundArt="2" KundStatus="3" KundAufDat="1999-08-23"/>
  <Kunden KundenNr="7155" KundEigtNr="7800" KundArt="2" KundStatus="3" KundAufDat="1999-08-23"/>
  <Kunden KundenNr="7156" KundEigtNr="7801" KundArt="29" KundStatus="1" KundAufDat="1999-08-23"/>
  <Kunden KundenNr="7157" KundEigtNr="7802" KundArt="31" KundStatus="1" KundAufDat="1999-08-23"/>
  <Kunden KundenNr="7158" KundEigtNr="7294" KundArt="8" KundStatus="3" KundAufDat="1999-08-23"/>
  <Kunden KundenNr="7159" KundEigtNr="7803" KundArt="8" KundStatus="3" KundAufDat="1999-08-23"/>
  <Kunden KundenNr="7160" KundEigtNr="7700" KundArt="8" KundStatus="3" KundAufDat="1999-08-23"/>
  <Kunden KundenNr="7161" KundEigtNr="7804" KundArt="31" KundStatus="1" KundAufDat="1999-08-23"/>
  <Kunden KundenNr="7162" KundEigtNr="7805" KundArt="31" KundStatus="1" KundAufDat="1999-08-24"/>
  <Kunden KundenNr="7163" KundEigtNr="7806" KundArt="2" KundStatus="3" KundAufDat="1999-08-24"/>
  <Kunden KundenNr="7164" KundEigtNr="7807" KundArt="2" KundStatus="3" KundAufDat="1999-08-24"/>
  <Kunden KundenNr="7165" KundEigtNr="7808" KundArt="2" KundStatus="3" KundAufDat="1999-08-24"/>
  <Kunden KundenNr="7166" KundEigtNr="7809" KundArt="2" KundStatus="3" KundAufDat="1999-08-24"/>
  <Kunden KundenNr="7167" KundEigtNr="7810" KundArt="2" KundStatus="1" KundAufDat="1999-08-24"/>
  <Kunden KundenNr="7168" KundEigtNr="7811" KundArt="31" KundStatus="1" KundAufDat="1999-08-24"/>
  <Kunden KundenNr="7169" KundEigtNr="7812" KundArt="31" KundStatus="1" KundAufDat="1999-08-24"/>
  <Kunden KundenNr="7170" KundEigtNr="7813" KundArt="2" KundStatus="3" KundAufDat="1999-08-24"/>
  <Kunden KundenNr="7171" KundEigtNr="7718" KundArt="2" KundStatus="3" KundAufDat="1999-08-24"/>
  <Kunden KundenNr="7172" KundEigtNr="7814" KundArt="2" KundStatus="3" KundAufDat="1999-08-24"/>
  <Kunden KundenNr="7173" KundEigtNr="7815" KundArt="2" KundStatus="3" KundAufDat="1999-08-25"/>
  <Kunden KundenNr="7174" KundEigtNr="7816" KundArt="31" KundStatus="1" KundAufDat="1999-08-25"/>
  <Kunden KundenNr="7175" KundEigtNr="7817" KundArt="31" KundStatus="1" KundAufDat="1999-08-25"/>
  <Kunden KundenNr="7176" KundEigtNr="7818" KundArt="1" KundStatus="1" KundAufDat="1999-08-25"/>
  <Kunden KundenNr="7177" KundEigtNr="7819" KundArt="29" KundStatus="1" KundAufDat="1999-08-25"/>
  <Kunden KundenNr="7178" KundEigtNr="7820" KundArt="2" KundStatus="3" KundAufDat="1999-08-25"/>
  <Kunden KundenNr="7179" KundEigtNr="7821" KundArt="2" KundStatus="3" KundAufDat="1999-08-25"/>
  <Kunden KundenNr="7180" KundEigtNr="7818" KundArt="8" KundStatus="3" KundAufDat="1999-08-26"/>
  <Kunden KundenNr="7181" KundEigtNr="7822" KundArt="2" KundStatus="3" KundAufDat="1999-08-26"/>
  <Kunden KundenNr="7182" KundEigtNr="7823" KundArt="2" KundStatus="3" KundAufDat="1999-08-26"/>
  <Kunden KundenNr="7183" KundEigtNr="7824" KundArt="2" KundStatus="3" KundAufDat="1999-08-26"/>
  <Kunden KundenNr="7184" KundEigtNr="7825" KundArt="31" KundStatus="1" KundAufDat="1999-08-26"/>
  <Kunden KundenNr="7185" KundEigtNr="7826" KundArt="29" KundStatus="1" KundAufDat="1999-08-26"/>
  <Kunden KundenNr="7186" KundEigtNr="7827" KundArt="29" KundStatus="1" KundAufDat="1999-08-26"/>
  <Kunden KundenNr="7187" KundEigtNr="7828" KundArt="2" KundStatus="3" KundAufDat="1999-08-26"/>
  <Kunden KundenNr="7188" KundEigtNr="7829" KundArt="2" KundStatus="3" KundAufDat="1999-08-26"/>
  <Kunden KundenNr="7189" KundEigtNr="7830" KundArt="8" KundStatus="3" KundAufDat="1999-08-26"/>
  <Kunden KundenNr="7190" KundEigtNr="7831" KundArt="2" KundStatus="3" KundAufDat="1999-08-27"/>
  <Kunden KundenNr="7191" KundEigtNr="7832" KundArt="2" KundStatus="3" KundAufDat="1999-08-27"/>
  <Kunden KundenNr="7192" KundEigtNr="7833" KundArt="2" KundStatus="3" KundAufDat="1999-08-27"/>
  <Kunden KundenNr="7193" KundEigtNr="7834" KundArt="2" KundStatus="3" KundAufDat="1999-08-27"/>
  <Kunden KundenNr="7194" KundEigtNr="7835" KundArt="2" KundStatus="3" KundAufDat="1999-08-30"/>
  <Kunden KundenNr="7195" KundEigtNr="6865" KundArt="8" KundStatus="3" KundAufDat="1999-08-30"/>
  <Kunden KundenNr="7196" KundEigtNr="7836" KundArt="8" KundStatus="3" KundAufDat="1999-08-30"/>
  <Kunden KundenNr="7197" KundEigtNr="7837" KundArt="8" KundStatus="3" KundAufDat="1999-08-30"/>
  <Kunden KundenNr="7198" KundEigtNr="7838" KundArt="8" KundStatus="3" KundAufDat="1999-08-30"/>
  <Kunden KundenNr="7199" KundEigtNr="7839" KundArt="8" KundStatus="3" KundAufDat="1999-08-30"/>
  <Kunden KundenNr="7200" KundEigtNr="7840" KundArt="2" KundStatus="3" KundAufDat="1999-08-30"/>
  <Kunden KundenNr="7201" KundEigtNr="7841" KundArt="2" KundStatus="3" KundAufDat="1999-08-30"/>
  <Kunden KundenNr="7202" KundEigtNr="7842" KundArt="2" KundStatus="3" KundAufDat="1999-08-30"/>
  <Kunden KundenNr="7203" KundEigtNr="7843" KundArt="2" KundStatus="3" KundAufDat="1999-08-30"/>
  <Kunden KundenNr="7204" KundEigtNr="7844" KundArt="2" KundStatus="1" KundAufDat="1999-08-30"/>
  <Kunden KundenNr="7205" KundEigtNr="7845" KundArt="8" KundStatus="3" KundAufDat="1999-08-30"/>
  <Kunden KundenNr="7206" KundEigtNr="7846" KundArt="31" KundStatus="1" KundAufDat="1999-08-30"/>
  <Kunden KundenNr="7207" KundEigtNr="7749" KundArt="2" KundStatus="3" KundAufDat="1999-08-30"/>
  <Kunden KundenNr="7208" KundEigtNr="7847" KundArt="2" KundStatus="3" KundAufDat="1999-08-30"/>
  <Kunden KundenNr="7209" KundEigtNr="7226" KundArt="2" KundStatus="3" KundAufDat="1999-08-30"/>
  <Kunden KundenNr="7210" KundEigtNr="7848" KundArt="8" KundStatus="3" KundAufDat="1999-08-30"/>
  <Kunden KundenNr="7211" KundEigtNr="7849" KundArt="2" KundStatus="3" KundAufDat="1999-08-30"/>
  <Kunden KundenNr="7212" KundEigtNr="7850" KundArt="2" KundStatus="3" KundAufDat="1999-08-30"/>
  <Kunden KundenNr="7213" KundEigtNr="7851" KundArt="29" KundStatus="1" KundAufDat="1999-08-30"/>
  <Kunden KundenNr="7214" KundEigtNr="7852" KundArt="29" KundStatus="1" KundAufDat="1999-08-30"/>
  <Kunden KundenNr="7215" KundEigtNr="7853" KundArt="8" KundStatus="3" KundAufDat="1999-08-30"/>
  <Kunden KundenNr="7216" KundEigtNr="7854" KundArt="8" KundStatus="3" KundAufDat="1999-08-31"/>
  <Kunden KundenNr="7217" KundEigtNr="7855" KundArt="2" KundStatus="3" KundAufDat="1999-08-31"/>
  <Kunden KundenNr="7218" KundEigtNr="7856" KundArt="2" KundStatus="3" KundAufDat="1999-08-31"/>
  <Kunden KundenNr="7219" KundEigtNr="7857" KundArt="2" KundStatus="3" KundAufDat="1999-08-31"/>
  <Kunden KundenNr="7220" KundEigtNr="7858" KundArt="2" KundStatus="3" KundAufDat="1999-08-31"/>
  <Kunden KundenNr="7221" KundEigtNr="7859" KundArt="2" KundStatus="3" KundAufDat="1999-08-31"/>
  <Kunden KundenNr="7222" KundEigtNr="7860" KundArt="2" KundStatus="3" KundAufDat="1999-08-31"/>
  <Kunden KundenNr="7223" KundEigtNr="6957" KundArt="29" KundStatus="3" KundAufDat="1999-08-31"/>
  <Kunden KundenNr="7224" KundEigtNr="7861" KundArt="2" KundStatus="3" KundAufDat="1999-08-31"/>
  <Kunden KundenNr="7225" KundEigtNr="7862" KundArt="2" KundStatus="3" KundAufDat="1999-09-01"/>
  <Kunden KundenNr="7226" KundEigtNr="7863" KundArt="29" KundStatus="1" KundAufDat="1999-09-01"/>
  <Kunden KundenNr="7227" KundEigtNr="6394" KundArt="1" KundStatus="3" KundAufDat="1999-09-01"/>
  <Kunden KundenNr="7228" KundEigtNr="7864" KundArt="2" KundStatus="3" KundAufDat="1999-09-02"/>
  <Kunden KundenNr="7229" KundEigtNr="7865" KundArt="8" KundStatus="3" KundAufDat="1999-09-02"/>
  <Kunden KundenNr="7230" KundEigtNr="7866" KundArt="29" KundStatus="1" KundAufDat="1999-09-02"/>
  <Kunden KundenNr="7231" KundEigtNr="7867" KundArt="29" KundStatus="1" KundAufDat="1999-09-02"/>
  <Kunden KundenNr="7232" KundEigtNr="7868" KundArt="29" KundStatus="1" KundAufDat="1999-09-02"/>
  <Kunden KundenNr="7233" KundEigtNr="7869" KundArt="29" KundStatus="1" KundAufDat="1999-09-02"/>
  <Kunden KundenNr="7234" KundEigtNr="7870" KundArt="8" KundStatus="1" KundAufDat="1999-09-02"/>
  <Kunden KundenNr="7235" KundEigtNr="7871" KundArt="2" KundStatus="3" KundAufDat="1999-09-02"/>
  <Kunden KundenNr="7236" KundEigtNr="7872" KundArt="2" KundStatus="3" KundAufDat="1999-09-03"/>
  <Kunden KundenNr="7237" KundEigtNr="7873" KundArt="2" KundStatus="3" KundAufDat="1999-09-03"/>
  <Kunden KundenNr="7238" KundEigtNr="7874" KundArt="2" KundStatus="3" KundAufDat="1999-09-03"/>
  <Kunden KundenNr="7239" KundEigtNr="2947" KundArt="8" KundStatus="3" KundAufDat="1999-09-03"/>
  <Kunden KundenNr="7240" KundEigtNr="7875" KundArt="8" KundStatus="3" KundAufDat="1999-09-04"/>
  <Kunden KundenNr="7241" KundEigtNr="7876" KundArt="8" KundStatus="3" KundAufDat="1999-09-06"/>
  <Kunden KundenNr="7242" KundEigtNr="7877" KundArt="2" KundStatus="1" KundAufDat="1999-09-06"/>
  <Kunden KundenNr="7243" KundEigtNr="7878" KundArt="2" KundStatus="3" KundAufDat="1999-09-06"/>
  <Kunden KundenNr="7244" KundEigtNr="7879" KundArt="2" KundStatus="3" KundAufDat="1999-09-06"/>
  <Kunden KundenNr="7245" KundEigtNr="7880" KundArt="2" KundStatus="3" KundAufDat="1999-09-06"/>
  <Kunden KundenNr="7246" KundEigtNr="7881" KundArt="2" KundStatus="3" KundAufDat="1999-09-06"/>
  <Kunden KundenNr="7247" KundEigtNr="7882" KundArt="8" KundStatus="3" KundAufDat="1999-09-06"/>
  <Kunden KundenNr="7250" KundEigtNr="7885" KundArt="8" KundStatus="3" KundAufDat="1999-09-06"/>
  <Kunden KundenNr="7251" KundEigtNr="7886" KundArt="8" KundStatus="3" KundAufDat="1999-09-06"/>
  <Kunden KundenNr="7252" KundEigtNr="7887" KundArt="2" KundStatus="3" KundAufDat="1999-09-06"/>
  <Kunden KundenNr="7253" KundEigtNr="7888" KundArt="2" KundStatus="3" KundAufDat="1999-09-06"/>
  <Kunden KundenNr="7254" KundEigtNr="7889" KundArt="2" KundStatus="1" KundAufDat="1999-09-06"/>
  <Kunden KundenNr="7255" KundEigtNr="7890" KundArt="2" KundStatus="3" KundAufDat="1999-09-06"/>
  <Kunden KundenNr="7256" KundEigtNr="7891" KundArt="2" KundStatus="3" KundAufDat="1999-09-06"/>
  <Kunden KundenNr="7257" KundEigtNr="7892" KundArt="8" KundStatus="1" KundAufDat="1999-09-06"/>
  <Kunden KundenNr="7258" KundEigtNr="7893" KundArt="8" KundStatus="3" KundAufDat="1999-09-06"/>
  <Kunden KundenNr="7259" KundEigtNr="7894" KundArt="8" KundStatus="3" KundAufDat="1999-09-07"/>
  <Kunden KundenNr="7260" KundEigtNr="7895" KundArt="8" KundStatus="1" KundAufDat="1999-09-07"/>
  <Kunden KundenNr="7261" KundEigtNr="7896" KundArt="31" KundStatus="1" KundAufDat="1999-09-07"/>
  <Kunden KundenNr="7262" KundEigtNr="7897" KundArt="31" KundStatus="1" KundAufDat="1999-09-07"/>
  <Kunden KundenNr="7263" KundEigtNr="7898" KundArt="31" KundStatus="1" KundAufDat="1999-09-07"/>
  <Kunden KundenNr="7264" KundEigtNr="6445" KundArt="31" KundStatus="1" KundAufDat="1999-09-07"/>
  <Kunden KundenNr="7265" KundEigtNr="7899" KundArt="31" KundStatus="1" KundAufDat="1999-09-07"/>
  <Kunden KundenNr="7266" KundEigtNr="7900" KundArt="31" KundStatus="1" KundAufDat="1999-09-07"/>
  <Kunden KundenNr="7267" KundEigtNr="7901" KundArt="8" KundStatus="3" KundAufDat="1999-09-07"/>
  <Kunden KundenNr="7268" KundEigtNr="7902" KundArt="29" KundStatus="1" KundAufDat="1999-09-08"/>
  <Kunden KundenNr="7269" KundEigtNr="7903" KundArt="31" KundStatus="1" KundAufDat="1999-09-08"/>
  <Kunden KundenNr="7270" KundEigtNr="7904" KundArt="31" KundStatus="1" KundAufDat="1999-09-08"/>
  <Kunden KundenNr="7271" KundEigtNr="7905" KundArt="2" KundStatus="3" KundAufDat="1999-09-08"/>
  <Kunden KundenNr="7272" KundEigtNr="7906" KundArt="1" KundStatus="3" KundAufDat="1999-09-08"/>
  <Kunden KundenNr="7273" KundEigtNr="5828" KundArt="8" KundStatus="1" KundAufDat="1999-09-08"/>
  <Kunden KundenNr="7274" KundEigtNr="7907" KundArt="29" KundStatus="1" KundAufDat="1999-09-08"/>
  <Kunden KundenNr="7275" KundEigtNr="7908" KundArt="2" KundStatus="3" KundAufDat="1999-09-08"/>
  <Kunden KundenNr="7276" KundEigtNr="7909" KundArt="2" KundStatus="3" KundAufDat="1999-09-09"/>
  <Kunden KundenNr="7277" KundEigtNr="2947" KundArt="29" KundStatus="1" KundAufDat="1999-09-09"/>
  <Kunden KundenNr="7278" KundEigtNr="7910" KundArt="29" KundStatus="1" KundAufDat="1999-09-09"/>
  <Kunden KundenNr="7279" KundEigtNr="7911" KundArt="29" KundStatus="1" KundAufDat="1999-09-09"/>
  <Kunden KundenNr="7280" KundEigtNr="7912" KundArt="2" KundStatus="3" KundAufDat="1999-09-09"/>
  <Kunden KundenNr="7281" KundEigtNr="109" KundArt="1" KundStatus="3" KundAufDat="1999-09-09"/>
  <Kunden KundenNr="7282" KundEigtNr="7913" KundArt="8" KundStatus="1" KundAufDat="1999-09-09"/>
  <Kunden KundenNr="7283" KundEigtNr="7914" KundArt="31" KundStatus="1" KundAufDat="1999-09-10"/>
  <Kunden KundenNr="7284" KundEigtNr="7915" KundArt="31" KundStatus="1" KundAufDat="1999-09-10"/>
  <Kunden KundenNr="7285" KundEigtNr="7916" KundArt="31" KundStatus="1" KundAufDat="1999-09-10"/>
  <Kunden KundenNr="7286" KundEigtNr="7917" KundArt="8" KundStatus="3" KundAufDat="1999-09-10"/>
  <Kunden KundenNr="7287" KundEigtNr="7918" KundArt="2" KundStatus="3" KundAufDat="1999-09-13"/>
  <Kunden KundenNr="7288" KundEigtNr="7919" KundArt="2" KundStatus="3" KundAufDat="1999-09-13"/>
  <Kunden KundenNr="7289" KundEigtNr="7920" KundArt="2" KundStatus="3" KundAufDat="1999-09-13"/>
  <Kunden KundenNr="7290" KundEigtNr="7921" KundArt="8" KundStatus="3" KundAufDat="1999-09-13"/>
  <Kunden KundenNr="7291" KundEigtNr="7922" KundArt="8" KundStatus="3" KundAufDat="1999-09-13"/>
  <Kunden KundenNr="7292" KundEigtNr="7923" KundArt="8" KundStatus="3" KundAufDat="1999-09-13"/>
  <Kunden KundenNr="7293" KundEigtNr="7924" KundArt="8" KundStatus="3" KundAufDat="1999-09-13"/>
  <Kunden KundenNr="7294" KundEigtNr="6791" KundArt="8" KundStatus="3" KundAufDat="1999-09-13"/>
  <Kunden KundenNr="7295" KundEigtNr="7925" KundArt="8" KundStatus="3" KundAufDat="1999-09-13"/>
  <Kunden KundenNr="7296" KundEigtNr="7926" KundArt="2" KundStatus="3" KundAufDat="1999-09-13"/>
  <Kunden KundenNr="7297" KundEigtNr="7927" KundArt="31" KundStatus="1" KundAufDat="1999-09-13"/>
  <Kunden KundenNr="7298" KundEigtNr="7928" KundArt="31" KundStatus="1" KundAufDat="1999-09-13"/>
  <Kunden KundenNr="7299" KundEigtNr="7929" KundArt="31" KundStatus="1" KundAufDat="1999-09-13"/>
  <Kunden KundenNr="7300" KundEigtNr="7930" KundArt="31" KundStatus="1" KundAufDat="1999-09-13"/>
  <Kunden KundenNr="7301" KundEigtNr="5813" KundArt="2" KundStatus="3" KundAufDat="1999-09-13"/>
  <Kunden KundenNr="7302" KundEigtNr="7461" KundArt="8" KundStatus="3" KundAufDat="1999-09-13"/>
  <Kunden KundenNr="7303" KundEigtNr="7931" KundArt="2" KundStatus="3" KundAufDat="1999-09-13"/>
  <Kunden KundenNr="7304" KundEigtNr="7932" KundArt="8" KundStatus="3" KundAufDat="1999-09-13"/>
  <Kunden KundenNr="7305" KundEigtNr="7933" KundArt="2" KundStatus="3" KundAufDat="1999-09-13"/>
  <Kunden KundenNr="7306" KundEigtNr="7934" KundArt="8" KundStatus="3" KundAufDat="1999-09-13"/>
  <Kunden KundenNr="7307" KundEigtNr="7935" KundArt="31" KundStatus="3" KundAufDat="1999-09-14"/>
  <Kunden KundenNr="7308" KundEigtNr="7936" KundArt="31" KundStatus="1" KundAufDat="1999-09-14"/>
  <Kunden KundenNr="7309" KundEigtNr="7937" KundArt="29" KundStatus="3" KundAufDat="1999-09-14"/>
  <Kunden KundenNr="7310" KundEigtNr="7938" KundArt="8" KundStatus="1" KundAufDat="1999-09-14"/>
  <Kunden KundenNr="7311" KundEigtNr="7939" KundArt="8" KundStatus="3" KundAufDat="1999-09-14"/>
  <Kunden KundenNr="7312" KundEigtNr="7940" KundArt="2" KundStatus="3" KundAufDat="1999-09-14"/>
  <Kunden KundenNr="7313" KundEigtNr="7941" KundArt="31" KundStatus="1" KundAufDat="1999-09-14"/>
  <Kunden KundenNr="7314" KundEigtNr="7942" KundArt="8" KundStatus="3" KundAufDat="1999-09-15"/>
  <Kunden KundenNr="7315" KundEigtNr="7943" KundArt="8" KundStatus="3" KundAufDat="1999-09-15"/>
  <Kunden KundenNr="7316" KundEigtNr="7264" KundArt="2" KundStatus="3" KundAufDat="1999-09-15"/>
  <Kunden KundenNr="7317" KundEigtNr="7944" KundArt="8" KundStatus="3" KundAufDat="1999-09-15"/>
  <Kunden KundenNr="7318" KundEigtNr="7945" KundArt="31" KundStatus="1" KundAufDat="1999-09-15"/>
  <Kunden KundenNr="7319" KundEigtNr="7946" KundArt="31" KundStatus="1" KundAufDat="1999-09-16"/>
  <Kunden KundenNr="7320" KundEigtNr="7947" KundArt="2" KundStatus="3" KundAufDat="1999-09-16"/>
  <Kunden KundenNr="7321" KundEigtNr="7948" KundArt="2" KundStatus="1" KundAufDat="1999-09-16"/>
  <Kunden KundenNr="7322" KundEigtNr="7949" KundArt="8" KundStatus="3" KundAufDat="1999-09-16"/>
  <Kunden KundenNr="7323" KundEigtNr="7950" KundArt="8" KundStatus="3" KundAufDat="1999-09-16"/>
  <Kunden KundenNr="7324" KundEigtNr="7951" KundArt="8" KundStatus="3" KundAufDat="1999-09-16"/>
  <Kunden KundenNr="7325" KundEigtNr="7952" KundArt="2" KundStatus="3" KundAufDat="1999-09-16"/>
  <Kunden KundenNr="7326" KundEigtNr="7953" KundArt="2" KundStatus="3" KundAufDat="1999-09-17"/>
  <Kunden KundenNr="7327" KundEigtNr="7954" KundArt="2" KundStatus="3" KundAufDat="1999-09-17"/>
  <Kunden KundenNr="7328" KundEigtNr="6434" KundArt="8" KundStatus="1" KundAufDat="1999-09-17"/>
  <Kunden KundenNr="7329" KundEigtNr="7085" KundArt="1" KundStatus="3" KundAufDat="1999-09-17"/>
  <Kunden KundenNr="7330" KundEigtNr="7955" KundArt="8" KundStatus="3" KundAufDat="1999-09-17"/>
  <Kunden KundenNr="7331" KundEigtNr="7956" KundArt="2" KundStatus="3" KundAufDat="1999-09-20"/>
  <Kunden KundenNr="7332" KundEigtNr="7957" KundArt="2" KundStatus="3" KundAufDat="1999-09-20"/>
  <Kunden KundenNr="7333" KundEigtNr="7958" KundArt="2" KundStatus="3" KundAufDat="1999-09-20"/>
  <Kunden KundenNr="7334" KundEigtNr="7959" KundArt="2" KundStatus="3" KundAufDat="1999-09-20"/>
  <Kunden KundenNr="7335" KundEigtNr="7960" KundArt="2" KundStatus="3" KundAufDat="1999-09-20"/>
  <Kunden KundenNr="7336" KundEigtNr="7961" KundArt="2" KundStatus="3" KundAufDat="1999-09-20"/>
  <Kunden KundenNr="7337" KundEigtNr="7962" KundArt="29" KundStatus="3" KundAufDat="1999-09-20"/>
  <Kunden KundenNr="7338" KundEigtNr="7963" KundArt="8" KundStatus="3" KundAufDat="1999-09-20"/>
  <Kunden KundenNr="7339" KundEigtNr="7964" KundArt="2" KundStatus="3" KundAufDat="1999-09-20"/>
  <Kunden KundenNr="7340" KundEigtNr="7965" KundArt="2" KundStatus="1" KundAufDat="1999-09-20"/>
  <Kunden KundenNr="7341" KundEigtNr="7966" KundArt="2" KundStatus="3" KundAufDat="1999-09-20"/>
  <Kunden KundenNr="7342" KundEigtNr="7967" KundArt="2" KundStatus="3" KundAufDat="1999-09-20"/>
  <Kunden KundenNr="7343" KundEigtNr="7968" KundArt="31" KundStatus="1" KundAufDat="1999-09-20"/>
  <Kunden KundenNr="7344" KundEigtNr="7969" KundArt="31" KundStatus="1" KundAufDat="1999-09-20"/>
  <Kunden KundenNr="7345" KundEigtNr="7970" KundArt="31" KundStatus="1" KundAufDat="1999-09-20"/>
  <Kunden KundenNr="7346" KundEigtNr="7971" KundArt="8" KundStatus="1" KundAufDat="1999-09-20"/>
  <Kunden KundenNr="7347" KundEigtNr="7972" KundArt="31" KundStatus="1" KundAufDat="1999-09-20"/>
  <Kunden KundenNr="7348" KundEigtNr="7973" KundArt="31" KundStatus="1" KundAufDat="1999-09-20"/>
  <Kunden KundenNr="7349" KundEigtNr="6630" KundArt="2" KundStatus="3" KundAufDat="1999-09-20"/>
  <Kunden KundenNr="7350" KundEigtNr="7974" KundArt="8" KundStatus="3" KundAufDat="1999-09-20"/>
  <Kunden KundenNr="7351" KundEigtNr="7975" KundArt="8" KundStatus="3" KundAufDat="1999-09-20"/>
  <Kunden KundenNr="7352" KundEigtNr="7976" KundArt="8" KundStatus="3" KundAufDat="1999-09-20"/>
  <Kunden KundenNr="7353" KundEigtNr="7977" KundArt="2" KundStatus="3" KundAufDat="1999-09-21"/>
  <Kunden KundenNr="7354" KundEigtNr="7978" KundArt="2" KundStatus="3" KundAufDat="1999-09-21"/>
  <Kunden KundenNr="7355" KundEigtNr="7979" KundArt="8" KundStatus="3" KundAufDat="1999-09-21"/>
  <Kunden KundenNr="7356" KundEigtNr="7980" KundArt="31" KundStatus="1" KundAufDat="1999-09-21"/>
  <Kunden KundenNr="7357" KundEigtNr="7981" KundArt="31" KundStatus="1" KundAufDat="1999-09-21"/>
  <Kunden KundenNr="7358" KundEigtNr="7982" KundArt="8" KundStatus="3" KundAufDat="1999-09-21"/>
  <Kunden KundenNr="7359" KundEigtNr="7983" KundArt="29" KundStatus="1" KundAufDat="1999-09-21"/>
  <Kunden KundenNr="7360" KundEigtNr="7984" KundArt="2" KundStatus="3" KundAufDat="1999-09-21"/>
  <Kunden KundenNr="7361" KundEigtNr="7985" KundArt="2" KundStatus="3" KundAufDat="1999-09-21"/>
  <Kunden KundenNr="7362" KundEigtNr="7986" KundArt="2" KundStatus="3" KundAufDat="1999-09-21"/>
  <Kunden KundenNr="7363" KundEigtNr="7943" KundArt="1" KundStatus="3" KundAufDat="1999-09-22"/>
  <Kunden KundenNr="7364" KundEigtNr="7987" KundArt="1" KundStatus="3" KundAufDat="1999-09-22"/>
  <Kunden KundenNr="7365" KundEigtNr="6388" KundArt="1" KundStatus="3" KundAufDat="1999-09-22"/>
  <Kunden KundenNr="7366" KundEigtNr="5344" KundArt="1" KundStatus="3" KundAufDat="1999-09-22"/>
  <Kunden KundenNr="7367" KundEigtNr="7988" KundArt="1" KundStatus="3" KundAufDat="1999-09-22"/>
  <Kunden KundenNr="7368" KundEigtNr="7989" KundArt="8" KundStatus="3" KundAufDat="1999-09-22"/>
  <Kunden KundenNr="7369" KundEigtNr="7990" KundArt="2" KundStatus="3" KundAufDat="1999-09-22"/>
  <Kunden KundenNr="7370" KundEigtNr="7991" KundArt="2" KundStatus="3" KundAufDat="1999-09-22"/>
  <Kunden KundenNr="7371" KundEigtNr="7992" KundArt="2" KundStatus="3" KundAufDat="1999-09-22"/>
  <Kunden KundenNr="7372" KundEigtNr="7993" KundArt="29" KundStatus="1" KundAufDat="1999-09-22"/>
  <Kunden KundenNr="7373" KundEigtNr="6434" KundArt="29" KundStatus="1" KundAufDat="1999-09-22"/>
  <Kunden KundenNr="7374" KundEigtNr="7994" KundArt="31" KundStatus="1" KundAufDat="1999-09-22"/>
  <Kunden KundenNr="7375" KundEigtNr="7995" KundArt="31" KundStatus="1" KundAufDat="1999-09-22"/>
  <Kunden KundenNr="7376" KundEigtNr="7996" KundArt="31" KundStatus="1" KundAufDat="1999-09-22"/>
  <Kunden KundenNr="7377" KundEigtNr="7997" KundArt="2" KundStatus="3" KundAufDat="1999-09-23"/>
  <Kunden KundenNr="7378" KundEigtNr="7998" KundArt="2" KundStatus="3" KundAufDat="1999-09-23"/>
  <Kunden KundenNr="7379" KundEigtNr="7999" KundArt="1" KundStatus="3" KundAufDat="1999-09-23"/>
  <Kunden KundenNr="7380" KundEigtNr="8000" KundArt="2" KundStatus="3" KundAufDat="1999-09-23"/>
  <Kunden KundenNr="7381" KundEigtNr="53" KundArt="8" KundStatus="3" KundAufDat="1999-09-23"/>
  <Kunden KundenNr="7382" KundEigtNr="8001" KundArt="29" KundStatus="1" KundAufDat="1999-09-23"/>
  <Kunden KundenNr="7383" KundEigtNr="8002" KundArt="29" KundStatus="1" KundAufDat="1999-09-23"/>
  <Kunden KundenNr="7385" KundEigtNr="8004" KundArt="29" KundStatus="1" KundAufDat="1999-09-24"/>
  <Kunden KundenNr="7386" KundEigtNr="8005" KundArt="29" KundStatus="1" KundAufDat="1999-09-24"/>
  <Kunden KundenNr="7387" KundEigtNr="6992" KundArt="2" KundStatus="3" KundAufDat="1999-09-24"/>
  <Kunden KundenNr="7388" KundEigtNr="8006" KundArt="2" KundStatus="3" KundAufDat="1999-09-24"/>
  <Kunden KundenNr="7389" KundEigtNr="8007" KundArt="8" KundStatus="3" KundAufDat="1999-09-25"/>
  <Kunden KundenNr="7390" KundEigtNr="8008" KundArt="1" KundStatus="1" KundAufDat="1999-09-27"/>
  <Kunden KundenNr="7391" KundEigtNr="8009" KundArt="8" KundStatus="3" KundAufDat="1999-09-27"/>
  <Kunden KundenNr="7392" KundEigtNr="8010" KundArt="8" KundStatus="3" KundAufDat="1999-09-27"/>
  <Kunden KundenNr="7393" KundEigtNr="8011" KundArt="8" KundStatus="1" KundAufDat="1999-09-27"/>
  <Kunden KundenNr="7394" KundEigtNr="8012" KundArt="8" KundStatus="3" KundAufDat="1999-09-27"/>
  <Kunden KundenNr="7395" KundEigtNr="8013" KundArt="1" KundStatus="3" KundAufDat="1999-09-27"/>
  <Kunden KundenNr="7396" KundEigtNr="8014" KundArt="8" KundStatus="3" KundAufDat="1999-09-27"/>
  <Kunden KundenNr="7397" KundEigtNr="8015" KundArt="8" KundStatus="3" KundAufDat="1999-09-27"/>
  <Kunden KundenNr="7398" KundEigtNr="8016" KundArt="8" KundStatus="3" KundAufDat="1999-09-27"/>
  <Kunden KundenNr="7399" KundEigtNr="8017" KundArt="8" KundStatus="3" KundAufDat="1999-09-27"/>
  <Kunden KundenNr="7400" KundEigtNr="8018" KundArt="2" KundStatus="3" KundAufDat="1999-09-27"/>
  <Kunden KundenNr="7401" KundEigtNr="8019" KundArt="8" KundStatus="3" KundAufDat="1999-09-27"/>
  <Kunden KundenNr="7402" KundEigtNr="8020" KundArt="2" KundStatus="3" KundAufDat="1999-09-27"/>
  <Kunden KundenNr="7403" KundEigtNr="8021" KundArt="8" KundStatus="3" KundAufDat="1999-09-27"/>
  <Kunden KundenNr="7404" KundEigtNr="8022" KundArt="2" KundStatus="3" KundAufDat="1999-09-27"/>
  <Kunden KundenNr="7405" KundEigtNr="8023" KundArt="8" KundStatus="3" KundAufDat="1999-09-27"/>
  <Kunden KundenNr="7406" KundEigtNr="8024" KundArt="2" KundStatus="3" KundAufDat="1999-09-27"/>
  <Kunden KundenNr="7407" KundEigtNr="5221" KundArt="2" KundStatus="3" KundAufDat="1999-09-27"/>
  <Kunden KundenNr="7408" KundEigtNr="8025" KundArt="2" KundStatus="3" KundAufDat="1999-09-27"/>
  <Kunden KundenNr="7409" KundEigtNr="8026" KundArt="2" KundStatus="3" KundAufDat="1999-09-27"/>
  <Kunden KundenNr="7410" KundEigtNr="8027" KundArt="2" KundStatus="3" KundAufDat="1999-09-27"/>
  <Kunden KundenNr="7411" KundEigtNr="8028" KundArt="8" KundStatus="3" KundAufDat="1999-09-27"/>
  <Kunden KundenNr="7412" KundEigtNr="8029" KundArt="2" KundStatus="3" KundAufDat="1999-09-27"/>
  <Kunden KundenNr="7413" KundEigtNr="8030" KundArt="8" KundStatus="1" KundAufDat="1999-09-27"/>
  <Kunden KundenNr="7414" KundEigtNr="8031" KundArt="2" KundStatus="3" KundAufDat="1999-09-28"/>
  <Kunden KundenNr="7415" KundEigtNr="8032" KundArt="8" KundStatus="3" KundAufDat="1999-09-28"/>
  <Kunden KundenNr="7416" KundEigtNr="7632" KundArt="2" KundStatus="3" KundAufDat="1999-09-28"/>
  <Kunden KundenNr="7417" KundEigtNr="8033" KundArt="2" KundStatus="3" KundAufDat="1999-09-28"/>
  <Kunden KundenNr="7418" KundEigtNr="8034" KundArt="2" KundStatus="3" KundAufDat="1999-09-28"/>
  <Kunden KundenNr="7419" KundEigtNr="8035" KundArt="8" KundStatus="1" KundAufDat="1999-09-28"/>
  <Kunden KundenNr="7420" KundEigtNr="8036" KundArt="31" KundStatus="1" KundAufDat="1999-09-28"/>
  <Kunden KundenNr="7421" KundEigtNr="8037" KundArt="31" KundStatus="1" KundAufDat="1999-09-28"/>
  <Kunden KundenNr="7422" KundEigtNr="8038" KundArt="31" KundStatus="1" KundAufDat="1999-09-28"/>
  <Kunden KundenNr="7423" KundEigtNr="8039" KundArt="31" KundStatus="1" KundAufDat="1999-09-28"/>
  <Kunden KundenNr="7424" KundEigtNr="8040" KundArt="31" KundStatus="1" KundAufDat="1999-09-28"/>
  <Kunden KundenNr="7425" KundEigtNr="8041" KundArt="31" KundStatus="1" KundAufDat="1999-09-28"/>
  <Kunden KundenNr="7426" KundEigtNr="8042" KundArt="2" KundStatus="3" KundAufDat="1999-09-28"/>
  <Kunden KundenNr="7427" KundEigtNr="8043" KundArt="8" KundStatus="3" KundAufDat="1999-09-28"/>
  <Kunden KundenNr="7428" KundEigtNr="8044" KundArt="31" KundStatus="1" KundAufDat="1999-09-28"/>
  <Kunden KundenNr="7429" KundEigtNr="8045" KundArt="2" KundStatus="3" KundAufDat="1999-09-28"/>
  <Kunden KundenNr="7430" KundEigtNr="8046" KundArt="2" KundStatus="3" KundAufDat="1999-09-29"/>
  <Kunden KundenNr="7431" KundEigtNr="8047" KundArt="2" KundStatus="3" KundAufDat="1999-09-29"/>
  <Kunden KundenNr="7432" KundEigtNr="8048" KundArt="31" KundStatus="1" KundAufDat="1999-09-29"/>
  <Kunden KundenNr="7433" KundEigtNr="8049" KundArt="8" KundStatus="1" KundAufDat="1999-09-29"/>
  <Kunden KundenNr="7434" KundEigtNr="8050" KundArt="8" KundStatus="3" KundAufDat="1999-09-29"/>
  <Kunden KundenNr="7435" KundEigtNr="8051" KundArt="2" KundStatus="3" KundAufDat="1999-09-29"/>
  <Kunden KundenNr="7436" KundEigtNr="8052" KundArt="2" KundStatus="3" KundAufDat="1999-09-29"/>
  <Kunden KundenNr="7437" KundEigtNr="8053" KundArt="2" KundStatus="3" KundAufDat="1999-09-30"/>
  <Kunden KundenNr="7438" KundEigtNr="8054" KundArt="8" KundStatus="3" KundAufDat="1999-09-30"/>
  <Kunden KundenNr="7439" KundEigtNr="8055" KundArt="29" KundStatus="1" KundAufDat="1999-10-01"/>
  <Kunden KundenNr="7440" KundEigtNr="8056" KundArt="2" KundStatus="3" KundAufDat="1999-10-01"/>
  <Kunden KundenNr="7441" KundEigtNr="8057" KundArt="2" KundStatus="3" KundAufDat="1999-10-01"/>
  <Kunden KundenNr="7442" KundEigtNr="8058" KundArt="2" KundStatus="3" KundAufDat="1999-10-01"/>
  <Kunden KundenNr="7443" KundEigtNr="8059" KundArt="2" KundStatus="3" KundAufDat="1999-10-01"/>
  <Kunden KundenNr="7444" KundEigtNr="8060" KundArt="8" KundStatus="3" KundAufDat="1999-10-02"/>
  <Kunden KundenNr="7445" KundEigtNr="8061" KundArt="2" KundStatus="3" KundAufDat="1999-10-02"/>
  <Kunden KundenNr="7446" KundEigtNr="8062" KundArt="2" KundStatus="3" KundAufDat="1999-10-02"/>
  <Kunden KundenNr="7447" KundEigtNr="8063" KundArt="2" KundStatus="3" KundAufDat="1999-10-02"/>
  <Kunden KundenNr="7448" KundEigtNr="8064" KundArt="2" KundStatus="3" KundAufDat="1999-10-02"/>
  <Kunden KundenNr="7449" KundEigtNr="8065" KundArt="2" KundStatus="3" KundAufDat="1999-10-04"/>
  <Kunden KundenNr="7450" KundEigtNr="8066" KundArt="29" KundStatus="1" KundAufDat="1999-10-04"/>
  <Kunden KundenNr="7451" KundEigtNr="8067" KundArt="2" KundStatus="3" KundAufDat="1999-10-04"/>
  <Kunden KundenNr="7452" KundEigtNr="8068" KundArt="2" KundStatus="3" KundAufDat="1999-10-04"/>
  <Kunden KundenNr="7453" KundEigtNr="8069" KundArt="2" KundStatus="3" KundAufDat="1999-10-04"/>
  <Kunden KundenNr="7454" KundEigtNr="8070" KundArt="1" KundStatus="3" KundAufDat="1999-10-04"/>
  <Kunden KundenNr="7455" KundEigtNr="8071" KundArt="2" KundStatus="3" KundAufDat="1999-10-04"/>
  <Kunden KundenNr="7456" KundEigtNr="7612" KundArt="8" KundStatus="1" KundAufDat="1999-10-04"/>
  <Kunden KundenNr="7457" KundEigtNr="8072" KundArt="8" KundStatus="3" KundAufDat="1999-10-04"/>
  <Kunden KundenNr="7458" KundEigtNr="8073" KundArt="2" KundStatus="3" KundAufDat="1999-10-04"/>
  <Kunden KundenNr="7459" KundEigtNr="8074" KundArt="2" KundStatus="3" KundAufDat="1999-10-05"/>
  <Kunden KundenNr="7460" KundEigtNr="8075" KundArt="2" KundStatus="3" KundAufDat="1999-10-05"/>
  <Kunden KundenNr="7461" KundEigtNr="8076" KundArt="8" KundStatus="3" KundAufDat="1999-10-05"/>
  <Kunden KundenNr="7462" KundEigtNr="8077" KundArt="29" KundStatus="1" KundAufDat="1999-10-05"/>
  <Kunden KundenNr="7463" KundEigtNr="1979" KundArt="29" KundStatus="1" KundAufDat="1999-10-05"/>
  <Kunden KundenNr="7464" KundEigtNr="8078" KundArt="8" KundStatus="3" KundAufDat="1999-10-05"/>
  <Kunden KundenNr="7465" KundEigtNr="8079" KundArt="8" KundStatus="3" KundAufDat="1999-10-05"/>
  <Kunden KundenNr="7466" KundEigtNr="8080" KundArt="8" KundStatus="3" KundAufDat="1999-10-05"/>
  <Kunden KundenNr="7467" KundEigtNr="7084" KundArt="2" KundStatus="3" KundAufDat="1999-10-05"/>
  <Kunden KundenNr="7468" KundEigtNr="8081" KundArt="2" KundStatus="3" KundAufDat="1999-10-06"/>
  <Kunden KundenNr="7469" KundEigtNr="8082" KundArt="8" KundStatus="3" KundAufDat="1999-10-06"/>
  <Kunden KundenNr="7470" KundEigtNr="8083" KundArt="8" KundStatus="3" KundAufDat="1999-10-06"/>
  <Kunden KundenNr="7471" KundEigtNr="8084" KundArt="31" KundStatus="1" KundAufDat="1999-10-06"/>
  <Kunden KundenNr="7472" KundEigtNr="8085" KundArt="31" KundStatus="1" KundAufDat="1999-10-06"/>
  <Kunden KundenNr="7473" KundEigtNr="8086" KundArt="31" KundStatus="1" KundAufDat="1999-10-06"/>
  <Kunden KundenNr="7474" KundEigtNr="8087" KundArt="31" KundStatus="1" KundAufDat="1999-10-06"/>
  <Kunden KundenNr="7475" KundEigtNr="8088" KundArt="31" KundStatus="1" KundAufDat="1999-10-06"/>
  <Kunden KundenNr="7476" KundEigtNr="8089" KundArt="31" KundStatus="1" KundAufDat="1999-10-06"/>
  <Kunden KundenNr="7477" KundEigtNr="8090" KundArt="31" KundStatus="1" KundAufDat="1999-10-06"/>
  <Kunden KundenNr="7478" KundEigtNr="8091" KundArt="31" KundStatus="1" KundAufDat="1999-10-06"/>
  <Kunden KundenNr="7479" KundEigtNr="8092" KundArt="2" KundStatus="3" KundAufDat="1999-10-06"/>
  <Kunden KundenNr="7480" KundEigtNr="8093" KundArt="29" KundStatus="1" KundAufDat="1999-10-06"/>
  <Kunden KundenNr="7481" KundEigtNr="8094" KundArt="2" KundStatus="3" KundAufDat="1999-10-06"/>
  <Kunden KundenNr="7482" KundEigtNr="8095" KundArt="8" KundStatus="3" KundAufDat="1999-10-07"/>
  <Kunden KundenNr="7483" KundEigtNr="8096" KundArt="1" KundStatus="1" KundAufDat="1999-10-07"/>
  <Kunden KundenNr="7484" KundEigtNr="8097" KundArt="2" KundStatus="3" KundAufDat="1999-10-07"/>
  <Kunden KundenNr="7485" KundEigtNr="8098" KundArt="1" KundStatus="3" KundAufDat="1999-10-08"/>
  <Kunden KundenNr="7486" KundEigtNr="8099" KundArt="8" KundStatus="3" KundAufDat="1999-10-08"/>
  <Kunden KundenNr="7487" KundEigtNr="8100" KundArt="8" KundStatus="3" KundAufDat="1999-10-11"/>
  <Kunden KundenNr="7488" KundEigtNr="8101" KundArt="2" KundStatus="3" KundAufDat="1999-10-11"/>
  <Kunden KundenNr="7489" KundEigtNr="8102" KundArt="2" KundStatus="3" KundAufDat="1999-10-11"/>
  <Kunden KundenNr="7490" KundEigtNr="8103" KundArt="8" KundStatus="3" KundAufDat="1999-10-11"/>
  <Kunden KundenNr="7491" KundEigtNr="8104" KundArt="2" KundStatus="3" KundAufDat="1999-10-11"/>
  <Kunden KundenNr="7492" KundEigtNr="8105" KundArt="8" KundStatus="3" KundAufDat="1999-10-11"/>
  <Kunden KundenNr="7493" KundEigtNr="8106" KundArt="8" KundStatus="3" KundAufDat="1999-10-11"/>
  <Kunden KundenNr="7494" KundEigtNr="8107" KundArt="8" KundStatus="1" KundAufDat="1999-10-11"/>
  <Kunden KundenNr="7495" KundEigtNr="8108" KundArt="8" KundStatus="3" KundAufDat="1999-10-11"/>
  <Kunden KundenNr="7496" KundEigtNr="8109" KundArt="2" KundStatus="3" KundAufDat="1999-10-11"/>
  <Kunden KundenNr="7497" KundEigtNr="8110" KundArt="2" KundStatus="3" KundAufDat="1999-10-11"/>
  <Kunden KundenNr="7498" KundEigtNr="8111" KundArt="29" KundStatus="1" KundAufDat="1999-10-11"/>
  <Kunden KundenNr="7499" KundEigtNr="8112" KundArt="2" KundStatus="3" KundAufDat="1999-10-11"/>
  <Kunden KundenNr="7500" KundEigtNr="8113" KundArt="2" KundStatus="3" KundAufDat="1999-10-11"/>
  <Kunden KundenNr="7501" KundEigtNr="8114" KundArt="8" KundStatus="3" KundAufDat="1999-10-11"/>
  <Kunden KundenNr="7502" KundEigtNr="8115" KundArt="8" KundStatus="3" KundAufDat="1999-10-11"/>
  <Kunden KundenNr="7503" KundEigtNr="8116" KundArt="8" KundStatus="3" KundAufDat="1999-10-11"/>
  <Kunden KundenNr="7504" KundEigtNr="8117" KundArt="2" KundStatus="3" KundAufDat="1999-10-11"/>
  <Kunden KundenNr="7505" KundEigtNr="8118" KundArt="2" KundStatus="3" KundAufDat="1999-10-11"/>
  <Kunden KundenNr="7506" KundEigtNr="8119" KundArt="8" KundStatus="3" KundAufDat="1999-10-11"/>
  <Kunden KundenNr="7507" KundEigtNr="8120" KundArt="2" KundStatus="3" KundAufDat="1999-10-11"/>
  <Kunden KundenNr="7508" KundEigtNr="8121" KundArt="2" KundStatus="3" KundAufDat="1999-10-11"/>
  <Kunden KundenNr="7509" KundEigtNr="8122" KundArt="2" KundStatus="3" KundAufDat="1999-10-11"/>
  <Kunden KundenNr="7510" KundEigtNr="8123" KundArt="2" KundStatus="3" KundAufDat="1999-10-11"/>
  <Kunden KundenNr="7511" KundEigtNr="8124" KundArt="2" KundStatus="3" KundAufDat="1999-10-12"/>
  <Kunden KundenNr="7512" KundEigtNr="8125" KundArt="2" KundStatus="3" KundAufDat="1999-10-12"/>
  <Kunden KundenNr="7513" KundEigtNr="8126" KundArt="2" KundStatus="3" KundAufDat="1999-10-12"/>
  <Kunden KundenNr="7514" KundEigtNr="8127" KundArt="31" KundStatus="1" KundAufDat="1999-10-12"/>
  <Kunden KundenNr="7515" KundEigtNr="8128" KundArt="31" KundStatus="1" KundAufDat="1999-10-12"/>
  <Kunden KundenNr="7516" KundEigtNr="5377" KundArt="29" KundStatus="1" KundAufDat="1999-10-12"/>
  <Kunden KundenNr="7517" KundEigtNr="7664" KundArt="8" KundStatus="3" KundAufDat="1999-10-12"/>
  <Kunden KundenNr="7518" KundEigtNr="8130" KundArt="8" KundStatus="1" KundAufDat="1999-10-12"/>
  <Kunden KundenNr="7519" KundEigtNr="8132" KundArt="8" KundStatus="3" KundAufDat="1999-10-12"/>
  <Kunden KundenNr="7520" KundEigtNr="8133" KundArt="2" KundStatus="3" KundAufDat="1999-10-12"/>
  <Kunden KundenNr="7521" KundEigtNr="8134" KundArt="2" KundStatus="3" KundAufDat="1999-10-12"/>
  <Kunden KundenNr="7522" KundEigtNr="8135" KundArt="2" KundStatus="3" KundAufDat="1999-10-12"/>
  <Kunden KundenNr="7523" KundEigtNr="8136" KundArt="2" KundStatus="3" KundAufDat="1999-10-12"/>
  <Kunden KundenNr="7524" KundEigtNr="8137" KundArt="2" KundStatus="3" KundAufDat="1999-10-13"/>
  <Kunden KundenNr="7525" KundEigtNr="8138" KundArt="2" KundStatus="3" KundAufDat="1999-10-13"/>
  <Kunden KundenNr="7526" KundEigtNr="134" KundArt="1" KundStatus="1" KundAufDat="1999-10-13"/>
  <Kunden KundenNr="7527" KundEigtNr="8139" KundArt="2" KundStatus="3" KundAufDat="1999-10-13"/>
  <Kunden KundenNr="7528" KundEigtNr="8140" KundArt="8" KundStatus="3" KundAufDat="1999-10-14"/>
  <Kunden KundenNr="7529" KundEigtNr="8141" KundArt="8" KundStatus="3" KundAufDat="1999-10-14"/>
  <Kunden KundenNr="7530" KundEigtNr="8142" KundArt="29" KundStatus="1" KundAufDat="1999-10-14"/>
  <Kunden KundenNr="7531" KundEigtNr="8143" KundArt="8" KundStatus="3" KundAufDat="1999-10-15"/>
  <Kunden KundenNr="7532" KundEigtNr="8144" KundArt="2" KundStatus="3" KundAufDat="1999-10-15"/>
  <Kunden KundenNr="7533" KundEigtNr="8145" KundArt="1" KundStatus="1" KundAufDat="1999-10-15"/>
  <Kunden KundenNr="7534" KundEigtNr="8146" KundArt="8" KundStatus="3" KundAufDat="1999-10-15"/>
  <Kunden KundenNr="7535" KundEigtNr="8147" KundArt="2" KundStatus="3" KundAufDat="1999-10-15"/>
  <Kunden KundenNr="7536" KundEigtNr="8148" KundArt="2" KundStatus="3" KundAufDat="1999-10-16"/>
  <Kunden KundenNr="7537" KundEigtNr="8149" KundArt="2" KundStatus="3" KundAufDat="1999-10-16"/>
  <Kunden KundenNr="7538" KundEigtNr="8150" KundArt="2" KundStatus="3" KundAufDat="1999-10-18"/>
  <Kunden KundenNr="7539" KundEigtNr="8151" KundArt="8" KundStatus="3" KundAufDat="1999-10-18"/>
  <Kunden KundenNr="7540" KundEigtNr="7637" KundArt="2" KundStatus="3" KundAufDat="1999-10-18"/>
  <Kunden KundenNr="7541" KundEigtNr="8152" KundArt="2" KundStatus="3" KundAufDat="1999-10-18"/>
  <Kunden KundenNr="7542" KundEigtNr="8153" KundArt="2" KundStatus="3" KundAufDat="1999-10-18"/>
  <Kunden KundenNr="7543" KundEigtNr="8154" KundArt="2" KundStatus="3" KundAufDat="1999-10-18"/>
  <Kunden KundenNr="7544" KundEigtNr="8155" KundArt="8" KundStatus="3" KundAufDat="1999-10-18"/>
  <Kunden KundenNr="7545" KundEigtNr="8156" KundArt="8" KundStatus="3" KundAufDat="1999-10-18"/>
  <Kunden KundenNr="7546" KundEigtNr="8070" KundArt="29" KundStatus="1" KundAufDat="1999-10-18"/>
  <Kunden KundenNr="7547" KundEigtNr="8157" KundArt="2" KundStatus="3" KundAufDat="1999-10-18"/>
  <Kunden KundenNr="7548" KundEigtNr="8158" KundArt="8" KundStatus="3" KundAufDat="1999-10-18"/>
  <Kunden KundenNr="7549" KundEigtNr="8159" KundArt="8" KundStatus="3" KundAufDat="1999-10-18"/>
  <Kunden KundenNr="7550" KundEigtNr="8160" KundArt="8" KundStatus="3" KundAufDat="1999-10-18"/>
  <Kunden KundenNr="7551" KundEigtNr="8161" KundArt="31" KundStatus="1" KundAufDat="1999-10-18"/>
  <Kunden KundenNr="7552" KundEigtNr="8162" KundArt="31" KundStatus="1" KundAufDat="1999-10-18"/>
  <Kunden KundenNr="7553" KundEigtNr="8163" KundArt="31" KundStatus="1" KundAufDat="1999-10-18"/>
  <Kunden KundenNr="7554" KundEigtNr="8164" KundArt="31" KundStatus="1" KundAufDat="1999-10-18"/>
  <Kunden KundenNr="7555" KundEigtNr="8165" KundArt="8" KundStatus="3" KundAufDat="1999-10-18"/>
  <Kunden KundenNr="7556" KundEigtNr="8166" KundArt="2" KundStatus="3" KundAufDat="1999-10-18"/>
  <Kunden KundenNr="7557" KundEigtNr="8167" KundArt="2" KundStatus="3" KundAufDat="1999-10-18"/>
  <Kunden KundenNr="7558" KundEigtNr="8168" KundArt="8" KundStatus="3" KundAufDat="1999-10-18"/>
  <Kunden KundenNr="7559" KundEigtNr="8169" KundArt="2" KundStatus="3" KundAufDat="1999-10-18"/>
  <Kunden KundenNr="7560" KundEigtNr="8170" KundArt="2" KundStatus="3" KundAufDat="1999-10-18"/>
  <Kunden KundenNr="7561" KundEigtNr="8171" KundArt="2" KundStatus="3" KundAufDat="1999-10-18"/>
  <Kunden KundenNr="7562" KundEigtNr="8172" KundArt="2" KundStatus="3" KundAufDat="1999-10-18"/>
  <Kunden KundenNr="7563" KundEigtNr="8173" KundArt="31" KundStatus="1" KundAufDat="1999-10-18"/>
  <Kunden KundenNr="7564" KundEigtNr="8174" KundArt="8" KundStatus="3" KundAufDat="1999-10-18"/>
  <Kunden KundenNr="7565" KundEigtNr="8175" KundArt="8" KundStatus="3" KundAufDat="1999-10-18"/>
  <Kunden KundenNr="7566" KundEigtNr="8176" KundArt="8" KundStatus="3" KundAufDat="1999-10-19"/>
  <Kunden KundenNr="7567" KundEigtNr="8177" KundArt="2" KundStatus="3" KundAufDat="1999-10-19"/>
  <Kunden KundenNr="7568" KundEigtNr="8178" KundArt="1" KundStatus="1" KundAufDat="1999-10-19"/>
  <Kunden KundenNr="7569" KundEigtNr="8178" KundArt="8" KundStatus="3" KundAufDat="1999-10-19"/>
  <Kunden KundenNr="7570" KundEigtNr="8179" KundArt="8" KundStatus="3" KundAufDat="1999-10-19"/>
  <Kunden KundenNr="7571" KundEigtNr="8180" KundArt="2" KundStatus="3" KundAufDat="1999-10-19"/>
  <Kunden KundenNr="7572" KundEigtNr="8181" KundArt="2" KundStatus="3" KundAufDat="1999-10-19"/>
  <Kunden KundenNr="7573" KundEigtNr="8182" KundArt="2" KundStatus="3" KundAufDat="1999-10-19"/>
  <Kunden KundenNr="7574" KundEigtNr="8183" KundArt="2" KundStatus="3" KundAufDat="1999-10-19"/>
  <Kunden KundenNr="7575" KundEigtNr="8184" KundArt="2" KundStatus="3" KundAufDat="1999-10-19"/>
  <Kunden KundenNr="7576" KundEigtNr="8185" KundArt="8" KundStatus="3" KundAufDat="1999-10-19"/>
  <Kunden KundenNr="7577" KundEigtNr="6681" KundArt="1" KundStatus="3" KundAufDat="1999-10-19"/>
  <Kunden KundenNr="7578" KundEigtNr="8186" KundArt="2" KundStatus="3" KundAufDat="1999-10-19"/>
  <Kunden KundenNr="7579" KundEigtNr="8187" KundArt="2" KundStatus="3" KundAufDat="1999-10-19"/>
  <Kunden KundenNr="7580" KundEigtNr="8188" KundArt="2" KundStatus="3" KundAufDat="1999-10-19"/>
  <Kunden KundenNr="7581" KundEigtNr="8189" KundArt="29" KundStatus="1" KundAufDat="1999-10-19"/>
  <Kunden KundenNr="7582" KundEigtNr="8190" KundArt="8" KundStatus="3" KundAufDat="1999-10-20"/>
  <Kunden KundenNr="7583" KundEigtNr="8191" KundArt="2" KundStatus="3" KundAufDat="1999-10-20"/>
  <Kunden KundenNr="7584" KundEigtNr="3161" KundArt="2" KundStatus="3" KundAufDat="1999-10-20"/>
  <Kunden KundenNr="7585" KundEigtNr="8192" KundArt="29" KundStatus="1" KundAufDat="1999-10-20"/>
  <Kunden KundenNr="7586" KundEigtNr="7375" KundArt="29" KundStatus="1" KundAufDat="1999-10-20"/>
  <Kunden KundenNr="7587" KundEigtNr="8193" KundArt="31" KundStatus="1" KundAufDat="1999-10-20"/>
  <Kunden KundenNr="7588" KundEigtNr="8194" KundArt="2" KundStatus="3" KundAufDat="1999-10-21"/>
  <Kunden KundenNr="7589" KundEigtNr="8195" KundArt="8" KundStatus="3" KundAufDat="1999-10-21"/>
  <Kunden KundenNr="7590" KundEigtNr="8196" KundArt="8" KundStatus="3" KundAufDat="1999-10-21"/>
  <Kunden KundenNr="7591" KundEigtNr="8083" KundArt="2" KundStatus="3" KundAufDat="1999-10-21"/>
  <Kunden KundenNr="7592" KundEigtNr="8197" KundArt="8" KundStatus="3" KundAufDat="1999-10-21"/>
  <Kunden KundenNr="7593" KundEigtNr="8198" KundArt="8" KundStatus="1" KundAufDat="1999-10-21"/>
  <Kunden KundenNr="7594" KundEigtNr="8199" KundArt="2" KundStatus="3" KundAufDat="1999-10-21"/>
  <Kunden KundenNr="7595" KundEigtNr="8200" KundArt="8" KundStatus="3" KundAufDat="1999-10-21"/>
  <Kunden KundenNr="7596" KundEigtNr="8198" KundArt="2" KundStatus="3" KundAufDat="1999-10-21"/>
  <Kunden KundenNr="7597" KundEigtNr="8201" KundArt="2" KundStatus="1" KundAufDat="1999-10-22"/>
  <Kunden KundenNr="7598" KundEigtNr="8202" KundArt="2" KundStatus="3" KundAufDat="1999-10-22"/>
  <Kunden KundenNr="7599" KundEigtNr="8203" KundArt="31" KundStatus="1" KundAufDat="1999-10-22"/>
  <Kunden KundenNr="7600" KundEigtNr="8204" KundArt="29" KundStatus="1" KundAufDat="1999-10-22"/>
  <Kunden KundenNr="7601" KundEigtNr="8205" KundArt="8" KundStatus="3" KundAufDat="1999-10-23"/>
  <Kunden KundenNr="7602" KundEigtNr="8206" KundArt="8" KundStatus="3" KundAufDat="1999-10-23"/>
  <Kunden KundenNr="7603" KundEigtNr="8207" KundArt="8" KundStatus="3" KundAufDat="1999-10-23"/>
  <Kunden KundenNr="7604" KundEigtNr="8208" KundArt="8" KundStatus="1" KundAufDat="1999-10-23"/>
  <Kunden KundenNr="7606" KundEigtNr="8210" KundArt="8" KundStatus="3" KundAufDat="1999-10-23"/>
  <Kunden KundenNr="7607" KundEigtNr="8211" KundArt="8" KundStatus="1" KundAufDat="1999-10-23"/>
  <Kunden KundenNr="7608" KundEigtNr="8212" KundArt="8" KundStatus="3" KundAufDat="1999-10-23"/>
  <Kunden KundenNr="7609" KundEigtNr="8213" KundArt="8" KundStatus="3" KundAufDat="1999-10-23"/>
  <Kunden KundenNr="7610" KundEigtNr="8214" KundArt="2" KundStatus="3" KundAufDat="1999-10-25"/>
  <Kunden KundenNr="7611" KundEigtNr="8215" KundArt="29" KundStatus="1" KundAufDat="1999-10-25"/>
  <Kunden KundenNr="7612" KundEigtNr="8216" KundArt="8" KundStatus="3" KundAufDat="1999-10-25"/>
  <Kunden KundenNr="7613" KundEigtNr="8217" KundArt="8" KundStatus="3" KundAufDat="1999-10-25"/>
  <Kunden KundenNr="7614" KundEigtNr="8218" KundArt="8" KundStatus="3" KundAufDat="1999-10-25"/>
  <Kunden KundenNr="7615" KundEigtNr="8219" KundArt="8" KundStatus="3" KundAufDat="1999-10-25"/>
  <Kunden KundenNr="7616" KundEigtNr="8220" KundArt="8" KundStatus="3" KundAufDat="1999-10-25"/>
  <Kunden KundenNr="7617" KundEigtNr="8221" KundArt="2" KundStatus="1" KundAufDat="1999-10-25"/>
  <Kunden KundenNr="7618" KundEigtNr="8222" KundArt="2" KundStatus="3" KundAufDat="1999-10-25"/>
  <Kunden KundenNr="7619" KundEigtNr="8223" KundArt="2" KundStatus="3" KundAufDat="1999-10-25"/>
  <Kunden KundenNr="7620" KundEigtNr="8224" KundArt="8" KundStatus="3" KundAufDat="1999-10-25"/>
  <Kunden KundenNr="7621" KundEigtNr="8225" KundArt="8" KundStatus="3" KundAufDat="1999-10-25"/>
  <Kunden KundenNr="7622" KundEigtNr="8226" KundArt="8" KundStatus="3" KundAufDat="1999-10-25"/>
  <Kunden KundenNr="7623" KundEigtNr="8227" KundArt="8" KundStatus="3" KundAufDat="1999-10-25"/>
  <Kunden KundenNr="7624" KundEigtNr="8228" KundArt="8" KundStatus="1" KundAufDat="1999-10-25"/>
  <Kunden KundenNr="7625" KundEigtNr="8229" KundArt="8" KundStatus="3" KundAufDat="1999-10-26"/>
  <Kunden KundenNr="7626" KundEigtNr="8230" KundArt="8" KundStatus="3" KundAufDat="1999-10-26"/>
  <Kunden KundenNr="7627" KundEigtNr="8231" KundArt="1" KundStatus="3" KundAufDat="1999-10-26"/>
  <Kunden KundenNr="7628" KundEigtNr="1912" KundArt="8" KundStatus="3" KundAufDat="1999-10-26"/>
  <Kunden KundenNr="7629" KundEigtNr="8232" KundArt="8" KundStatus="3" KundAufDat="1999-10-26"/>
  <Kunden KundenNr="7630" KundEigtNr="7483" KundArt="8" KundStatus="3" KundAufDat="1999-10-26"/>
  <Kunden KundenNr="7631" KundEigtNr="8233" KundArt="2" KundStatus="3" KundAufDat="1999-10-26"/>
  <Kunden KundenNr="7632" KundEigtNr="8234" KundArt="2" KundStatus="3" KundAufDat="1999-10-26"/>
  <Kunden KundenNr="7633" KundEigtNr="8235" KundArt="8" KundStatus="3" KundAufDat="1999-10-26"/>
  <Kunden KundenNr="7634" KundEigtNr="8236" KundArt="8" KundStatus="3" KundAufDat="1999-10-26"/>
  <Kunden KundenNr="7635" KundEigtNr="8237" KundArt="8" KundStatus="3" KundAufDat="1999-10-27"/>
  <Kunden KundenNr="7636" KundEigtNr="8238" KundArt="2" KundStatus="3" KundAufDat="1999-10-27"/>
  <Kunden KundenNr="7637" KundEigtNr="8239" KundArt="31" KundStatus="1" KundAufDat="1999-10-27"/>
  <Kunden KundenNr="7638" KundEigtNr="8240" KundArt="8" KundStatus="3" KundAufDat="1999-10-27"/>
  <Kunden KundenNr="7639" KundEigtNr="8241" KundArt="31" KundStatus="1" KundAufDat="1999-10-27"/>
  <Kunden KundenNr="7640" KundEigtNr="8242" KundArt="8" KundStatus="3" KundAufDat="1999-10-27"/>
  <Kunden KundenNr="7641" KundEigtNr="8243" KundArt="8" KundStatus="3" KundAufDat="1999-10-27"/>
  <Kunden KundenNr="7642" KundEigtNr="8244" KundArt="2" KundStatus="3" KundAufDat="1999-10-27"/>
  <Kunden KundenNr="7643" KundEigtNr="8245" KundArt="8" KundStatus="3" KundAufDat="1999-10-28"/>
  <Kunden KundenNr="7644" KundEigtNr="8246" KundArt="8" KundStatus="3" KundAufDat="1999-10-28"/>
  <Kunden KundenNr="7645" KundEigtNr="8247" KundArt="8" KundStatus="3" KundAufDat="1999-10-28"/>
  <Kunden KundenNr="7646" KundEigtNr="8248" KundArt="8" KundStatus="3" KundAufDat="1999-10-28"/>
  <Kunden KundenNr="7647" KundEigtNr="8249" KundArt="8" KundStatus="3" KundAufDat="1999-10-28"/>
  <Kunden KundenNr="7648" KundEigtNr="8250" KundArt="2" KundStatus="3" KundAufDat="1999-10-29"/>
  <Kunden KundenNr="7649" KundEigtNr="8251" KundArt="8" KundStatus="3" KundAufDat="1999-10-29"/>
  <Kunden KundenNr="7650" KundEigtNr="8252" KundArt="8" KundStatus="1" KundAufDat="1999-10-29"/>
  <Kunden KundenNr="7651" KundEigtNr="8253" KundArt="8" KundStatus="3" KundAufDat="1999-10-29"/>
  <Kunden KundenNr="7652" KundEigtNr="8254" KundArt="8" KundStatus="3" KundAufDat="1999-10-29"/>
  <Kunden KundenNr="7653" KundEigtNr="8255" KundArt="2" KundStatus="3" KundAufDat="1999-10-30"/>
  <Kunden KundenNr="7654" KundEigtNr="8256" KundArt="8" KundStatus="1" KundAufDat="1999-11-01"/>
  <Kunden KundenNr="7655" KundEigtNr="8257" KundArt="8" KundStatus="3" KundAufDat="1999-11-01"/>
  <Kunden KundenNr="7656" KundEigtNr="28274" KundArt="1" KundStatus="1" KundAufDat="2011-09-11"/>
  <Kunden KundenNr="7657" KundEigtNr="8259" KundArt="8" KundStatus="3" KundAufDat="1999-11-01"/>
  <Kunden KundenNr="7658" KundEigtNr="8260" KundArt="8" KundStatus="3" KundAufDat="1999-11-01"/>
  <Kunden KundenNr="7659" KundEigtNr="8261" KundArt="8" KundStatus="3" KundAufDat="1999-11-01"/>
  <Kunden KundenNr="7660" KundEigtNr="8262" KundArt="8" KundStatus="3" KundAufDat="1999-11-01"/>
  <Kunden KundenNr="7661" KundEigtNr="8263" KundArt="8" KundStatus="3" KundAufDat="1999-11-01"/>
  <Kunden KundenNr="7662" KundEigtNr="8264" KundArt="8" KundStatus="3" KundAufDat="1999-11-01"/>
  <Kunden KundenNr="7663" KundEigtNr="8265" KundArt="8" KundStatus="3" KundAufDat="1999-11-01"/>
  <Kunden KundenNr="7664" KundEigtNr="8266" KundArt="8" KundStatus="3" KundAufDat="1999-11-01"/>
  <Kunden KundenNr="7665" KundEigtNr="8267" KundArt="8" KundStatus="3" KundAufDat="1999-11-01"/>
  <Kunden KundenNr="7666" KundEigtNr="8268" KundArt="8" KundStatus="3" KundAufDat="1999-11-01"/>
  <Kunden KundenNr="7667" KundEigtNr="8269" KundArt="8" KundStatus="3" KundAufDat="1999-11-01"/>
  <Kunden KundenNr="7668" KundEigtNr="8270" KundArt="8" KundStatus="3" KundAufDat="1999-11-01"/>
  <Kunden KundenNr="7669" KundEigtNr="8271" KundArt="8" KundStatus="3" KundAufDat="1999-11-01"/>
  <Kunden KundenNr="7670" KundEigtNr="8272" KundArt="8" KundStatus="3" KundAufDat="1999-11-01"/>
  <Kunden KundenNr="7671" KundEigtNr="8273" KundArt="29" KundStatus="1" KundAufDat="1999-11-01"/>
  <Kunden KundenNr="7672" KundEigtNr="8274" KundArt="2" KundStatus="1" KundAufDat="1999-11-01"/>
  <Kunden KundenNr="7673" KundEigtNr="8275" KundArt="31" KundStatus="1" KundAufDat="1999-11-01"/>
  <Kunden KundenNr="7674" KundEigtNr="8276" KundArt="31" KundStatus="1" KundAufDat="1999-11-01"/>
  <Kunden KundenNr="7675" KundEigtNr="8277" KundArt="31" KundStatus="1" KundAufDat="1999-11-01"/>
  <Kunden KundenNr="7676" KundEigtNr="8278" KundArt="8" KundStatus="3" KundAufDat="1999-11-01"/>
  <Kunden KundenNr="7677" KundEigtNr="8279" KundArt="8" KundStatus="3" KundAufDat="1999-11-01"/>
  <Kunden KundenNr="7678" KundEigtNr="2202" KundArt="2" KundStatus="3" KundAufDat="1999-11-01"/>
  <Kunden KundenNr="7679" KundEigtNr="8280" KundArt="2" KundStatus="3" KundAufDat="1999-11-01"/>
  <Kunden KundenNr="7680" KundEigtNr="8281" KundArt="8" KundStatus="3" KundAufDat="1999-11-01"/>
  <Kunden KundenNr="7681" KundEigtNr="8300" KundArt="8" KundStatus="3" KundAufDat="1999-11-02"/>
  <Kunden KundenNr="7682" KundEigtNr="8301" KundArt="8" KundStatus="3" KundAufDat="1999-11-02"/>
  <Kunden KundenNr="7683" KundEigtNr="8302" KundArt="8" KundStatus="3" KundAufDat="1999-11-02"/>
  <Kunden KundenNr="7684" KundEigtNr="8303" KundArt="8" KundStatus="1" KundAufDat="1999-11-02"/>
  <Kunden KundenNr="7685" KundEigtNr="8304" KundArt="8" KundStatus="3" KundAufDat="1999-11-02"/>
  <Kunden KundenNr="7686" KundEigtNr="8305" KundArt="31" KundStatus="1" KundAufDat="1999-11-02"/>
  <Kunden KundenNr="7687" KundEigtNr="3291" KundArt="29" KundStatus="1" KundAufDat="1999-11-02"/>
  <Kunden KundenNr="7688" KundEigtNr="8306" KundArt="8" KundStatus="3" KundAufDat="1999-11-02"/>
  <Kunden KundenNr="7689" KundEigtNr="8307" KundArt="8" KundStatus="1" KundAufDat="1999-11-02"/>
  <Kunden KundenNr="7690" KundEigtNr="8308" KundArt="31" KundStatus="1" KundAufDat="1999-11-02"/>
  <Kunden KundenNr="7691" KundEigtNr="8309" KundArt="31" KundStatus="1" KundAufDat="1999-11-02"/>
  <Kunden KundenNr="7692" KundEigtNr="8310" KundArt="31" KundStatus="1" KundAufDat="1999-11-02"/>
  <Kunden KundenNr="7693" KundEigtNr="8311" KundArt="31" KundStatus="1" KundAufDat="1999-11-02"/>
  <Kunden KundenNr="7694" KundEigtNr="8312" KundArt="8" KundStatus="3" KundAufDat="1999-11-02"/>
  <Kunden KundenNr="7695" KundEigtNr="8313" KundArt="8" KundStatus="3" KundAufDat="1999-11-02"/>
  <Kunden KundenNr="7696" KundEigtNr="28201" KundArt="29" KundStatus="1" KundAufDat="1999-11-02"/>
  <Kunden KundenNr="7697" KundEigtNr="8316" KundArt="8" KundStatus="3" KundAufDat="1999-11-02"/>
  <Kunden KundenNr="7698" KundEigtNr="8317" KundArt="2" KundStatus="1" KundAufDat="1999-11-02"/>
  <Kunden KundenNr="7699" KundEigtNr="8318" KundArt="2" KundStatus="3" KundAufDat="1999-11-03"/>
  <Kunden KundenNr="7700" KundEigtNr="8319" KundArt="29" KundStatus="1" KundAufDat="1999-11-03"/>
  <Kunden KundenNr="7701" KundEigtNr="8320" KundArt="8" KundStatus="1" KundAufDat="1999-11-03"/>
  <Kunden KundenNr="7702" KundEigtNr="8321" KundArt="29" KundStatus="1" KundAufDat="1999-11-03"/>
  <Kunden KundenNr="7703" KundEigtNr="8322" KundArt="8" KundStatus="3" KundAufDat="1999-11-03"/>
  <Kunden KundenNr="7704" KundEigtNr="8323" KundArt="31" KundStatus="1" KundAufDat="1999-11-03"/>
  <Kunden KundenNr="7705" KundEigtNr="8324" KundArt="8" KundStatus="3" KundAufDat="1999-11-03"/>
  <Kunden KundenNr="7706" KundEigtNr="8325" KundArt="29" KundStatus="3" KundAufDat="1999-11-03"/>
  <Kunden KundenNr="7707" KundEigtNr="8326" KundArt="8" KundStatus="3" KundAufDat="1999-11-04"/>
  <Kunden KundenNr="7708" KundEigtNr="8327" KundArt="8" KundStatus="3" KundAufDat="1999-11-04"/>
  <Kunden KundenNr="7709" KundEigtNr="8328" KundArt="2" KundStatus="3" KundAufDat="1999-11-04"/>
  <Kunden KundenNr="7710" KundEigtNr="8329" KundArt="2" KundStatus="3" KundAufDat="1999-11-04"/>
  <Kunden KundenNr="7711" KundEigtNr="8330" KundArt="2" KundStatus="3" KundAufDat="1999-11-04"/>
  <Kunden KundenNr="7712" KundEigtNr="8331" KundArt="2" KundStatus="3" KundAufDat="1999-11-04"/>
  <Kunden KundenNr="7713" KundEigtNr="8332" KundArt="2" KundStatus="3" KundAufDat="1999-11-04"/>
  <Kunden KundenNr="7714" KundEigtNr="8224" KundArt="2" KundStatus="3" KundAufDat="1999-11-04"/>
  <Kunden KundenNr="7715" KundEigtNr="8333" KundArt="2" KundStatus="3" KundAufDat="1999-11-04"/>
  <Kunden KundenNr="7716" KundEigtNr="8334" KundArt="2" KundStatus="3" KundAufDat="1999-11-04"/>
  <Kunden KundenNr="7717" KundEigtNr="8335" KundArt="2" KundStatus="3" KundAufDat="1999-11-04"/>
  <Kunden KundenNr="7718" KundEigtNr="8336" KundArt="2" KundStatus="3" KundAufDat="1999-11-04"/>
  <Kunden KundenNr="7719" KundEigtNr="8337" KundArt="29" KundStatus="1" KundAufDat="1999-11-04"/>
  <Kunden KundenNr="7720" KundEigtNr="8338" KundArt="31" KundStatus="1" KundAufDat="1999-11-04"/>
  <Kunden KundenNr="7721" KundEigtNr="8339" KundArt="2" KundStatus="3" KundAufDat="1999-11-04"/>
  <Kunden KundenNr="7722" KundEigtNr="8340" KundArt="31" KundStatus="1" KundAufDat="1999-11-04"/>
  <Kunden KundenNr="7723" KundEigtNr="8341" KundArt="8" KundStatus="3" KundAufDat="1999-11-05"/>
  <Kunden KundenNr="7724" KundEigtNr="8342" KundArt="29" KundStatus="1" KundAufDat="1999-11-05"/>
  <Kunden KundenNr="7725" KundEigtNr="8343" KundArt="8" KundStatus="3" KundAufDat="1999-11-05"/>
  <Kunden KundenNr="7726" KundEigtNr="8344" KundArt="2" KundStatus="3" KundAufDat="1999-11-05"/>
  <Kunden KundenNr="7727" KundEigtNr="8345" KundArt="8" KundStatus="3" KundAufDat="1999-11-08"/>
  <Kunden KundenNr="7728" KundEigtNr="8346" KundArt="2" KundStatus="3" KundAufDat="1999-11-08"/>
  <Kunden KundenNr="7729" KundEigtNr="8347" KundArt="2" KundStatus="3" KundAufDat="1999-11-08"/>
  <Kunden KundenNr="7730" KundEigtNr="8348" KundArt="2" KundStatus="3" KundAufDat="1999-11-09"/>
  <Kunden KundenNr="7731" KundEigtNr="8237" KundArt="2" KundStatus="3" KundAufDat="1999-11-09"/>
  <Kunden KundenNr="7732" KundEigtNr="5942" KundArt="8" KundStatus="3" KundAufDat="1999-11-09"/>
  <Kunden KundenNr="7733" KundEigtNr="8349" KundArt="2" KundStatus="3" KundAufDat="1999-11-09"/>
  <Kunden KundenNr="7734" KundEigtNr="8350" KundArt="8" KundStatus="1" KundAufDat="1999-11-09"/>
  <Kunden KundenNr="7735" KundEigtNr="8351" KundArt="8" KundStatus="3" KundAufDat="1999-11-09"/>
  <Kunden KundenNr="7736" KundEigtNr="8352" KundArt="2" KundStatus="3" KundAufDat="1999-11-09"/>
  <Kunden KundenNr="7737" KundEigtNr="8354" KundArt="8" KundStatus="3" KundAufDat="1999-11-10"/>
  <Kunden KundenNr="7738" KundEigtNr="8355" KundArt="2" KundStatus="3" KundAufDat="1999-11-10"/>
  <Kunden KundenNr="7739" KundEigtNr="4646" KundArt="2" KundStatus="3" KundAufDat="1999-11-10"/>
  <Kunden KundenNr="7740" KundEigtNr="8356" KundArt="2" KundStatus="3" KundAufDat="1999-11-10"/>
  <Kunden KundenNr="7741" KundEigtNr="8357" KundArt="29" KundStatus="1" KundAufDat="1999-11-10"/>
  <Kunden KundenNr="7742" KundEigtNr="8358" KundArt="8" KundStatus="3" KundAufDat="1999-11-10"/>
  <Kunden KundenNr="7743" KundEigtNr="8359" KundArt="2" KundStatus="3" KundAufDat="1999-11-10"/>
  <Kunden KundenNr="7744" KundEigtNr="8360" KundArt="2" KundStatus="3" KundAufDat="1999-11-10"/>
  <Kunden KundenNr="7745" KundEigtNr="8361" KundArt="2" KundStatus="3" KundAufDat="1999-11-10"/>
  <Kunden KundenNr="7746" KundEigtNr="8362" KundArt="29" KundStatus="1" KundAufDat="1999-11-10"/>
  <Kunden KundenNr="7747" KundEigtNr="8363" KundArt="8" KundStatus="1" KundAufDat="1999-11-10"/>
  <Kunden KundenNr="7748" KundEigtNr="8364" KundArt="2" KundStatus="3" KundAufDat="1999-11-10"/>
  <Kunden KundenNr="7749" KundEigtNr="8365" KundArt="29" KundStatus="1" KundAufDat="1999-11-10"/>
  <Kunden KundenNr="7750" KundEigtNr="8366" KundArt="2" KundStatus="3" KundAufDat="1999-11-11"/>
  <Kunden KundenNr="7751" KundEigtNr="8367" KundArt="8" KundStatus="3" KundAufDat="1999-11-11"/>
  <Kunden KundenNr="7752" KundEigtNr="8368" KundArt="8" KundStatus="3" KundAufDat="1999-11-11"/>
  <Kunden KundenNr="7753" KundEigtNr="8369" KundArt="8" KundStatus="3" KundAufDat="1999-11-11"/>
  <Kunden KundenNr="7754" KundEigtNr="8370" KundArt="31" KundStatus="1" KundAufDat="1999-11-11"/>
  <Kunden KundenNr="7755" KundEigtNr="8371" KundArt="31" KundStatus="1" KundAufDat="1999-11-11"/>
  <Kunden KundenNr="7756" KundEigtNr="6532" KundArt="31" KundStatus="1" KundAufDat="1999-11-11"/>
  <Kunden KundenNr="7757" KundEigtNr="8372" KundArt="31" KundStatus="1" KundAufDat="1999-11-11"/>
  <Kunden KundenNr="7758" KundEigtNr="8373" KundArt="8" KundStatus="1" KundAufDat="1999-11-11"/>
  <Kunden KundenNr="7759" KundEigtNr="8374" KundArt="29" KundStatus="1" KundAufDat="1999-11-12"/>
  <Kunden KundenNr="7760" KundEigtNr="8375" KundArt="29" KundStatus="1" KundAufDat="1999-11-12"/>
  <Kunden KundenNr="7761" KundEigtNr="8376" KundArt="8" KundStatus="3" KundAufDat="1999-11-12"/>
  <Kunden KundenNr="7762" KundEigtNr="8377" KundArt="29" KundStatus="1" KundAufDat="1999-11-12"/>
  <Kunden KundenNr="7763" KundEigtNr="8042" KundArt="8" KundStatus="3" KundAufDat="1999-11-12"/>
  <Kunden KundenNr="7764" KundEigtNr="8378" KundArt="2" KundStatus="3" KundAufDat="1999-11-12"/>
  <Kunden KundenNr="7765" KundEigtNr="8380" KundArt="8" KundStatus="3" KundAufDat="1999-11-15"/>
  <Kunden KundenNr="7766" KundEigtNr="8381" KundArt="8" KundStatus="3" KundAufDat="1999-11-15"/>
  <Kunden KundenNr="7767" KundEigtNr="8382" KundArt="8" KundStatus="3" KundAufDat="1999-11-15"/>
  <Kunden KundenNr="7768" KundEigtNr="8383" KundArt="8" KundStatus="1" KundAufDat="1999-11-15"/>
  <Kunden KundenNr="7769" KundEigtNr="8384" KundArt="8" KundStatus="3" KundAufDat="1999-11-15"/>
  <Kunden KundenNr="7770" KundEigtNr="8385" KundArt="31" KundStatus="1" KundAufDat="1999-11-15"/>
  <Kunden KundenNr="7771" KundEigtNr="8386" KundArt="8" KundStatus="3" KundAufDat="1999-11-15"/>
  <Kunden KundenNr="7772" KundEigtNr="8387" KundArt="8" KundStatus="3" KundAufDat="1999-11-15"/>
  <Kunden KundenNr="7773" KundEigtNr="8388" KundArt="8" KundStatus="1" KundAufDat="1999-11-15"/>
  <Kunden KundenNr="7774" KundEigtNr="8389" KundArt="8" KundStatus="3" KundAufDat="1999-11-15"/>
  <Kunden KundenNr="7775" KundEigtNr="8390" KundArt="8" KundStatus="3" KundAufDat="1999-11-15"/>
  <Kunden KundenNr="7776" KundEigtNr="8391" KundArt="31" KundStatus="1" KundAufDat="1999-11-15"/>
  <Kunden KundenNr="7777" KundEigtNr="8392" KundArt="31" KundStatus="1" KundAufDat="1999-11-15"/>
  <Kunden KundenNr="7778" KundEigtNr="8393" KundArt="8" KundStatus="1" KundAufDat="1999-11-15"/>
  <Kunden KundenNr="7779" KundEigtNr="8394" KundArt="2" KundStatus="3" KundAufDat="1999-11-15"/>
  <Kunden KundenNr="7781" KundEigtNr="8396" KundArt="8" KundStatus="3" KundAufDat="1999-11-16"/>
  <Kunden KundenNr="7782" KundEigtNr="8397" KundArt="8" KundStatus="1" KundAufDat="1999-11-16"/>
  <Kunden KundenNr="7783" KundEigtNr="8398" KundArt="8" KundStatus="3" KundAufDat="1999-11-16"/>
  <Kunden KundenNr="7784" KundEigtNr="8399" KundArt="8" KundStatus="3" KundAufDat="1999-11-16"/>
  <Kunden KundenNr="7785" KundEigtNr="7612" KundArt="2" KundStatus="3" KundAufDat="1999-11-16"/>
  <Kunden KundenNr="7786" KundEigtNr="7854" KundArt="2" KundStatus="3" KundAufDat="1999-11-16"/>
  <Kunden KundenNr="7787" KundEigtNr="8400" KundArt="8" KundStatus="3" KundAufDat="1999-11-16"/>
  <Kunden KundenNr="7788" KundEigtNr="8401" KundArt="29" KundStatus="1" KundAufDat="1999-11-16"/>
  <Kunden KundenNr="7789" KundEigtNr="8402" KundArt="31" KundStatus="1" KundAufDat="1999-11-16"/>
  <Kunden KundenNr="7790" KundEigtNr="8403" KundArt="8" KundStatus="3" KundAufDat="1999-11-16"/>
  <Kunden KundenNr="7791" KundEigtNr="8404" KundArt="8" KundStatus="3" KundAufDat="1999-11-16"/>
  <Kunden KundenNr="7792" KundEigtNr="8405" KundArt="8" KundStatus="3" KundAufDat="1999-11-16"/>
  <Kunden KundenNr="7793" KundEigtNr="6346" KundArt="29" KundStatus="1" KundAufDat="1999-11-16"/>
  <Kunden KundenNr="7794" KundEigtNr="3011" KundArt="1" KundStatus="3" KundAufDat="1999-11-16"/>
  <Kunden KundenNr="7795" KundEigtNr="8406" KundArt="8" KundStatus="3" KundAufDat="1999-11-16"/>
  <Kunden KundenNr="7796" KundEigtNr="8407" KundArt="1" KundStatus="3" KundAufDat="1999-11-16"/>
  <Kunden KundenNr="7797" KundEigtNr="8408" KundArt="1" KundStatus="3" KundAufDat="1999-11-16"/>
  <Kunden KundenNr="7798" KundEigtNr="8411" KundArt="8" KundStatus="3" KundAufDat="1999-11-17"/>
  <Kunden KundenNr="7799" KundEigtNr="8412" KundArt="8" KundStatus="3" KundAufDat="1999-11-17"/>
  <Kunden KundenNr="7800" KundEigtNr="8413" KundArt="2" KundStatus="3" KundAufDat="1999-11-17"/>
  <Kunden KundenNr="7801" KundEigtNr="8414" KundArt="2" KundStatus="3" KundAufDat="1999-11-17"/>
  <Kunden KundenNr="7802" KundEigtNr="8415" KundArt="8" KundStatus="3" KundAufDat="1999-11-17"/>
  <Kunden KundenNr="7803" KundEigtNr="8416" KundArt="2" KundStatus="3" KundAufDat="1999-11-17"/>
  <Kunden KundenNr="7804" KundEigtNr="8417" KundArt="31" KundStatus="1" KundAufDat="1999-11-18"/>
  <Kunden KundenNr="7805" KundEigtNr="8418" KundArt="8" KundStatus="1" KundAufDat="1999-11-18"/>
  <Kunden KundenNr="7807" KundEigtNr="8420" KundArt="8" KundStatus="3" KundAufDat="1999-11-18"/>
  <Kunden KundenNr="7808" KundEigtNr="8421" KundArt="2" KundStatus="3" KundAufDat="1999-11-18"/>
  <Kunden KundenNr="7809" KundEigtNr="8422" KundArt="8" KundStatus="3" KundAufDat="1999-11-19"/>
  <Kunden KundenNr="7810" KundEigtNr="8423" KundArt="8" KundStatus="3" KundAufDat="1999-11-20"/>
  <Kunden KundenNr="7811" KundEigtNr="8424" KundArt="8" KundStatus="3" KundAufDat="1999-11-20"/>
  <Kunden KundenNr="7812" KundEigtNr="8425" KundArt="8" KundStatus="3" KundAufDat="1999-11-20"/>
  <Kunden KundenNr="7813" KundEigtNr="8426" KundArt="2" KundStatus="3" KundAufDat="1999-11-20"/>
  <Kunden KundenNr="7814" KundEigtNr="8427" KundArt="8" KundStatus="1" KundAufDat="1999-11-20"/>
  <Kunden KundenNr="7815" KundEigtNr="8428" KundArt="8" KundStatus="3" KundAufDat="1999-11-22"/>
  <Kunden KundenNr="7816" KundEigtNr="8429" KundArt="8" KundStatus="3" KundAufDat="1999-11-22"/>
  <Kunden KundenNr="7817" KundEigtNr="8056" KundArt="8" KundStatus="3" KundAufDat="1999-11-22"/>
  <Kunden KundenNr="7818" KundEigtNr="8430" KundArt="8" KundStatus="3" KundAufDat="1999-11-22"/>
  <Kunden KundenNr="7819" KundEigtNr="8431" KundArt="8" KundStatus="3" KundAufDat="1999-11-22"/>
  <Kunden KundenNr="7820" KundEigtNr="2748" KundArt="2" KundStatus="3" KundAufDat="1999-11-22"/>
  <Kunden KundenNr="7821" KundEigtNr="8432" KundArt="8" KundStatus="3" KundAufDat="1999-11-22"/>
  <Kunden KundenNr="7822" KundEigtNr="8433" KundArt="8" KundStatus="3" KundAufDat="1999-11-22"/>
  <Kunden KundenNr="7823" KundEigtNr="8434" KundArt="8" KundStatus="3" KundAufDat="1999-11-22"/>
  <Kunden KundenNr="7824" KundEigtNr="8435" KundArt="29" KundStatus="1" KundAufDat="1999-11-22"/>
  <Kunden KundenNr="7825" KundEigtNr="8436" KundArt="8" KundStatus="3" KundAufDat="1999-11-22"/>
  <Kunden KundenNr="7826" KundEigtNr="8437" KundArt="8" KundStatus="3" KundAufDat="1999-11-23"/>
  <Kunden KundenNr="7827" KundEigtNr="8438" KundArt="8" KundStatus="3" KundAufDat="1999-11-23"/>
  <Kunden KundenNr="7828" KundEigtNr="8439" KundArt="1" KundStatus="3" KundAufDat="1999-11-23"/>
  <Kunden KundenNr="7829" KundEigtNr="8440" KundArt="2" KundStatus="3" KundAufDat="1999-11-23"/>
  <Kunden KundenNr="7830" KundEigtNr="8444" KundArt="8" KundStatus="3" KundAufDat="1999-11-24"/>
  <Kunden KundenNr="7831" KundEigtNr="8445" KundArt="1" KundStatus="3" KundAufDat="1999-11-24"/>
  <Kunden KundenNr="7832" KundEigtNr="8446" KundArt="8" KundStatus="3" KundAufDat="1999-11-24"/>
  <Kunden KundenNr="7833" KundEigtNr="8450" KundArt="8" KundStatus="3" KundAufDat="1999-11-25"/>
  <Kunden KundenNr="7834" KundEigtNr="8451" KundArt="2" KundStatus="3" KundAufDat="1999-11-25"/>
  <Kunden KundenNr="7835" KundEigtNr="8452" KundArt="2" KundStatus="3" KundAufDat="1999-11-25"/>
  <Kunden KundenNr="7836" KundEigtNr="8453" KundArt="8" KundStatus="3" KundAufDat="1999-11-25"/>
  <Kunden KundenNr="7837" KundEigtNr="8454" KundArt="8" KundStatus="3" KundAufDat="1999-11-26"/>
  <Kunden KundenNr="7838" KundEigtNr="8455" KundArt="8" KundStatus="3" KundAufDat="1999-11-26"/>
  <Kunden KundenNr="7839" KundEigtNr="8456" KundArt="8" KundStatus="3" KundAufDat="1999-11-27"/>
  <Kunden KundenNr="7840" KundEigtNr="8457" KundArt="8" KundStatus="3" KundAufDat="1999-11-27"/>
  <Kunden KundenNr="7841" KundEigtNr="8458" KundArt="2" KundStatus="3" KundAufDat="1999-11-27"/>
  <Kunden KundenNr="7842" KundEigtNr="8459" KundArt="8" KundStatus="3" KundAufDat="1999-11-29"/>
  <Kunden KundenNr="7843" KundEigtNr="8460" KundArt="8" KundStatus="3" KundAufDat="1999-11-29"/>
  <Kunden KundenNr="7844" KundEigtNr="8461" KundArt="8" KundStatus="1" KundAufDat="1999-11-29"/>
  <Kunden KundenNr="7845" KundEigtNr="8462" KundArt="8" KundStatus="1" KundAufDat="1999-11-29"/>
  <Kunden KundenNr="7846" KundEigtNr="8463" KundArt="8" KundStatus="3" KundAufDat="1999-11-29"/>
  <Kunden KundenNr="7847" KundEigtNr="8464" KundArt="2" KundStatus="3" KundAufDat="1999-11-29"/>
  <Kunden KundenNr="7848" KundEigtNr="8465" KundArt="2" KundStatus="3" KundAufDat="1999-11-29"/>
  <Kunden KundenNr="7849" KundEigtNr="8466" KundArt="8" KundStatus="3" KundAufDat="1999-11-29"/>
  <Kunden KundenNr="7850" KundEigtNr="8467" KundArt="8" KundStatus="3" KundAufDat="1999-11-29"/>
  <Kunden KundenNr="7851" KundEigtNr="8468" KundArt="8" KundStatus="3" KundAufDat="1999-11-29"/>
  <Kunden KundenNr="7852" KundEigtNr="8469" KundArt="8" KundStatus="3" KundAufDat="1999-11-29"/>
  <Kunden KundenNr="7853" KundEigtNr="8470" KundArt="8" KundStatus="3" KundAufDat="1999-11-29"/>
  <Kunden KundenNr="7854" KundEigtNr="8471" KundArt="8" KundStatus="3" KundAufDat="1999-11-29"/>
  <Kunden KundenNr="7855" KundEigtNr="4508" KundArt="8" KundStatus="3" KundAufDat="1999-11-29"/>
  <Kunden KundenNr="7856" KundEigtNr="5923" KundArt="31" KundStatus="1" KundAufDat="1999-11-29"/>
  <Kunden KundenNr="7857" KundEigtNr="8472" KundArt="31" KundStatus="1" KundAufDat="1999-11-29"/>
  <Kunden KundenNr="7858" KundEigtNr="2078" KundArt="8" KundStatus="1" KundAufDat="1999-11-29"/>
  <Kunden KundenNr="7859" KundEigtNr="8473" KundArt="8" KundStatus="3" KundAufDat="1999-11-29"/>
  <Kunden KundenNr="7860" KundEigtNr="8474" KundArt="2" KundStatus="3" KundAufDat="1999-11-29"/>
  <Kunden KundenNr="7861" KundEigtNr="8475" KundArt="8" KundStatus="3" KundAufDat="1999-11-30"/>
  <Kunden KundenNr="7862" KundEigtNr="8476" KundArt="8" KundStatus="3" KundAufDat="1999-11-30"/>
  <Kunden KundenNr="7863" KundEigtNr="8477" KundArt="8" KundStatus="3" KundAufDat="1999-11-30"/>
  <Kunden KundenNr="7864" KundEigtNr="8478" KundArt="8" KundStatus="3" KundAufDat="1999-11-30"/>
  <Kunden KundenNr="7865" KundEigtNr="868" KundArt="8" KundStatus="3" KundAufDat="1999-11-30"/>
  <Kunden KundenNr="7866" KundEigtNr="8479" KundArt="2" KundStatus="3" KundAufDat="1999-11-30"/>
  <Kunden KundenNr="7867" KundEigtNr="8480" KundArt="2" KundStatus="3" KundAufDat="1999-11-30"/>
  <Kunden KundenNr="7868" KundEigtNr="8481" KundArt="2" KundStatus="3" KundAufDat="1999-11-30"/>
  <Kunden KundenNr="7869" KundEigtNr="8482" KundArt="2" KundStatus="3" KundAufDat="1999-11-30"/>
  <Kunden KundenNr="7870" KundEigtNr="8483" KundArt="29" KundStatus="1" KundAufDat="1999-11-30"/>
  <Kunden KundenNr="7871" KundEigtNr="1931" KundArt="1" KundStatus="3" KundAufDat="1999-11-30"/>
  <Kunden KundenNr="7872" KundEigtNr="8484" KundArt="8" KundStatus="1" KundAufDat="1999-11-30"/>
  <Kunden KundenNr="7873" KundEigtNr="8485" KundArt="8" KundStatus="1" KundAufDat="1999-11-30"/>
  <Kunden KundenNr="7874" KundEigtNr="8486" KundArt="8" KundStatus="3" KundAufDat="1999-11-30"/>
  <Kunden KundenNr="7875" KundEigtNr="28201" KundArt="29" KundStatus="1" KundAufDat="1999-11-30"/>
  <Kunden KundenNr="7876" KundEigtNr="8487" KundArt="2" KundStatus="3" KundAufDat="1999-11-30"/>
  <Kunden KundenNr="7877" KundEigtNr="8488" KundArt="8" KundStatus="3" KundAufDat="1999-11-30"/>
  <Kunden KundenNr="7878" KundEigtNr="4282" KundArt="8" KundStatus="3" KundAufDat="1999-12-01"/>
  <Kunden KundenNr="7879" KundEigtNr="8489" KundArt="8" KundStatus="3" KundAufDat="1999-12-01"/>
  <Kunden KundenNr="7880" KundEigtNr="8490" KundArt="8" KundStatus="3" KundAufDat="1999-12-01"/>
  <Kunden KundenNr="7881" KundEigtNr="8491" KundArt="8" KundStatus="3" KundAufDat="1999-12-01"/>
  <Kunden KundenNr="7882" KundEigtNr="8492" KundArt="8" KundStatus="3" KundAufDat="1999-12-01"/>
  <Kunden KundenNr="7883" KundEigtNr="8493" KundArt="8" KundStatus="3" KundAufDat="1999-12-01"/>
  <Kunden KundenNr="7884" KundEigtNr="8445" KundArt="1" KundStatus="3" KundAufDat="1999-12-01"/>
  <Kunden KundenNr="7885" KundEigtNr="8494" KundArt="2" KundStatus="3" KundAufDat="1999-12-01"/>
  <Kunden KundenNr="7886" KundEigtNr="8495" KundArt="29" KundStatus="1" KundAufDat="1999-12-01"/>
  <Kunden KundenNr="7887" KundEigtNr="8496" KundArt="8" KundStatus="3" KundAufDat="1999-12-02"/>
  <Kunden KundenNr="7888" KundEigtNr="8497" KundArt="2" KundStatus="1" KundAufDat="1999-12-02"/>
  <Kunden KundenNr="7889" KundEigtNr="8498" KundArt="2" KundStatus="3" KundAufDat="1999-12-02"/>
  <Kunden KundenNr="7890" KundEigtNr="8499" KundArt="8" KundStatus="3" KundAufDat="1999-12-02"/>
  <Kunden KundenNr="7891" KundEigtNr="8500" KundArt="8" KundStatus="3" KundAufDat="1999-12-02"/>
  <Kunden KundenNr="7892" KundEigtNr="8501" KundArt="8" KundStatus="3" KundAufDat="1999-12-02"/>
  <Kunden KundenNr="7893" KundEigtNr="8502" KundArt="2" KundStatus="3" KundAufDat="1999-12-03"/>
  <Kunden KundenNr="7894" KundEigtNr="8503" KundArt="8" KundStatus="3" KundAufDat="1999-12-03"/>
  <Kunden KundenNr="7895" KundEigtNr="8504" KundArt="8" KundStatus="3" KundAufDat="1999-12-03"/>
  <Kunden KundenNr="7896" KundEigtNr="8506" KundArt="8" KundStatus="1" KundAufDat="1999-12-06"/>
  <Kunden KundenNr="7897" KundEigtNr="8507" KundArt="8" KundStatus="3" KundAufDat="1999-12-06"/>
  <Kunden KundenNr="7898" KundEigtNr="8508" KundArt="8" KundStatus="3" KundAufDat="1999-12-06"/>
  <Kunden KundenNr="7899" KundEigtNr="8509" KundArt="8" KundStatus="3" KundAufDat="1999-12-06"/>
  <Kunden KundenNr="7900" KundEigtNr="8510" KundArt="8" KundStatus="3" KundAufDat="1999-12-06"/>
  <Kunden KundenNr="7901" KundEigtNr="8511" KundArt="8" KundStatus="3" KundAufDat="1999-12-06"/>
  <Kunden KundenNr="7902" KundEigtNr="8512" KundArt="8" KundStatus="3" KundAufDat="1999-12-06"/>
  <Kunden KundenNr="7903" KundEigtNr="8513" KundArt="8" KundStatus="3" KundAufDat="1999-12-06"/>
  <Kunden KundenNr="7904" KundEigtNr="8514" KundArt="8" KundStatus="1" KundAufDat="1999-12-06"/>
  <Kunden KundenNr="7905" KundEigtNr="8515" KundArt="8" KundStatus="3" KundAufDat="1999-12-06"/>
  <Kunden KundenNr="7906" KundEigtNr="8516" KundArt="8" KundStatus="3" KundAufDat="1999-12-06"/>
  <Kunden KundenNr="7907" KundEigtNr="8517" KundArt="8" KundStatus="1" KundAufDat="1999-12-06"/>
  <Kunden KundenNr="7908" KundEigtNr="8518" KundArt="8" KundStatus="3" KundAufDat="1999-12-06"/>
  <Kunden KundenNr="7909" KundEigtNr="8519" KundArt="8" KundStatus="3" KundAufDat="1999-12-06"/>
  <Kunden KundenNr="7910" KundEigtNr="8520" KundArt="2" KundStatus="3" KundAufDat="1999-12-06"/>
  <Kunden KundenNr="7911" KundEigtNr="8521" KundArt="2" KundStatus="3" KundAufDat="1999-12-06"/>
  <Kunden KundenNr="7912" KundEigtNr="8522" KundArt="8" KundStatus="3" KundAufDat="1999-12-06"/>
  <Kunden KundenNr="7913" KundEigtNr="8523" KundArt="8" KundStatus="3" KundAufDat="1999-12-06"/>
  <Kunden KundenNr="7914" KundEigtNr="8524" KundArt="8" KundStatus="3" KundAufDat="1999-12-07"/>
  <Kunden KundenNr="7915" KundEigtNr="8525" KundArt="8" KundStatus="3" KundAufDat="1999-12-07"/>
  <Kunden KundenNr="7916" KundEigtNr="8526" KundArt="8" KundStatus="3" KundAufDat="1999-12-07"/>
  <Kunden KundenNr="7917" KundEigtNr="8527" KundArt="29" KundStatus="1" KundAufDat="1999-12-07"/>
  <Kunden KundenNr="7918" KundEigtNr="8528" KundArt="29" KundStatus="1" KundAufDat="1999-12-07"/>
  <Kunden KundenNr="7919" KundEigtNr="7948" KundArt="1" KundStatus="1" KundAufDat="1999-12-08"/>
  <Kunden KundenNr="7920" KundEigtNr="8529" KundArt="8" KundStatus="3" KundAufDat="1999-12-08"/>
  <Kunden KundenNr="7921" KundEigtNr="8530" KundArt="29" KundStatus="1" KundAufDat="1999-12-08"/>
  <Kunden KundenNr="7922" KundEigtNr="8531" KundArt="8" KundStatus="3" KundAufDat="1999-12-09"/>
  <Kunden KundenNr="7923" KundEigtNr="8532" KundArt="2" KundStatus="3" KundAufDat="1999-12-09"/>
  <Kunden KundenNr="7924" KundEigtNr="8533" KundArt="8" KundStatus="1" KundAufDat="1999-12-09"/>
  <Kunden KundenNr="7925" KundEigtNr="8534" KundArt="8" KundStatus="3" KundAufDat="1999-12-10"/>
  <Kunden KundenNr="7926" KundEigtNr="8535" KundArt="8" KundStatus="3" KundAufDat="1999-12-10"/>
  <Kunden KundenNr="7927" KundEigtNr="8536" KundArt="8" KundStatus="3" KundAufDat="1999-12-10"/>
  <Kunden KundenNr="7928" KundEigtNr="8537" KundArt="8" KundStatus="3" KundAufDat="1999-12-10"/>
  <Kunden KundenNr="7929" KundEigtNr="8538" KundArt="2" KundStatus="3" KundAufDat="1999-12-10"/>
  <Kunden KundenNr="7930" KundEigtNr="8539" KundArt="2" KundStatus="3" KundAufDat="1999-12-10"/>
  <Kunden KundenNr="7931" KundEigtNr="8541" KundArt="8" KundStatus="3" KundAufDat="1999-12-13"/>
  <Kunden KundenNr="7932" KundEigtNr="8542" KundArt="8" KundStatus="3" KundAufDat="1999-12-13"/>
  <Kunden KundenNr="7933" KundEigtNr="8543" KundArt="2" KundStatus="3" KundAufDat="1999-12-13"/>
  <Kunden KundenNr="7934" KundEigtNr="8544" KundArt="8" KundStatus="3" KundAufDat="1999-12-13"/>
  <Kunden KundenNr="7935" KundEigtNr="8545" KundArt="8" KundStatus="3" KundAufDat="1999-12-13"/>
  <Kunden KundenNr="7936" KundEigtNr="8546" KundArt="8" KundStatus="3" KundAufDat="1999-12-13"/>
  <Kunden KundenNr="7937" KundEigtNr="8547" KundArt="8" KundStatus="3" KundAufDat="1999-12-13"/>
  <Kunden KundenNr="7938" KundEigtNr="8548" KundArt="8" KundStatus="1" KundAufDat="1999-12-13"/>
  <Kunden KundenNr="7939" KundEigtNr="8549" KundArt="8" KundStatus="3" KundAufDat="1999-12-13"/>
  <Kunden KundenNr="7940" KundEigtNr="8550" KundArt="8" KundStatus="3" KundAufDat="1999-12-14"/>
  <Kunden KundenNr="7941" KundEigtNr="8551" KundArt="29" KundStatus="1" KundAufDat="1999-12-14"/>
  <Kunden KundenNr="7942" KundEigtNr="7326" KundArt="8" KundStatus="3" KundAufDat="1999-12-15"/>
  <Kunden KundenNr="7943" KundEigtNr="8556" KundArt="29" KundStatus="1" KundAufDat="1999-12-15"/>
  <Kunden KundenNr="7944" KundEigtNr="5311" KundArt="29" KundStatus="1" KundAufDat="1999-12-16"/>
  <Kunden KundenNr="7945" KundEigtNr="8561" KundArt="8" KundStatus="3" KundAufDat="1999-12-16"/>
  <Kunden KundenNr="7946" KundEigtNr="8562" KundArt="1" KundStatus="3" KundAufDat="1999-12-16"/>
  <Kunden KundenNr="7947" KundEigtNr="8563" KundArt="1" KundStatus="3" KundAufDat="1999-12-16"/>
  <Kunden KundenNr="7948" KundEigtNr="8564" KundArt="8" KundStatus="3" KundAufDat="1999-12-17"/>
  <Kunden KundenNr="7949" KundEigtNr="8565" KundArt="8" KundStatus="3" KundAufDat="1999-12-17"/>
  <Kunden KundenNr="7950" KundEigtNr="8576" KundArt="8" KundStatus="3" KundAufDat="1999-12-20"/>
  <Kunden KundenNr="7951" KundEigtNr="8577" KundArt="29" KundStatus="1" KundAufDat="1999-12-20"/>
  <Kunden KundenNr="7952" KundEigtNr="8578" KundArt="8" KundStatus="3" KundAufDat="1999-12-20"/>
  <Kunden KundenNr="7953" KundEigtNr="8579" KundArt="8" KundStatus="3" KundAufDat="1999-12-21"/>
  <Kunden KundenNr="7954" KundEigtNr="8581" KundArt="8" KundStatus="1" KundAufDat="1999-12-21"/>
  <Kunden KundenNr="7955" KundEigtNr="8583" KundArt="8" KundStatus="3" KundAufDat="1999-12-22"/>
  <Kunden KundenNr="7956" KundEigtNr="8584" KundArt="8" KundStatus="3" KundAufDat="1999-12-22"/>
  <Kunden KundenNr="7957" KundEigtNr="8594" KundArt="8" KundStatus="1" KundAufDat="2000-01-03"/>
  <Kunden KundenNr="7958" KundEigtNr="8595" KundArt="8" KundStatus="1" KundAufDat="2000-01-03"/>
  <Kunden KundenNr="7959" KundEigtNr="8596" KundArt="8" KundStatus="3" KundAufDat="2000-01-03"/>
  <Kunden KundenNr="7960" KundEigtNr="8597" KundArt="8" KundStatus="1" KundAufDat="2000-01-03"/>
  <Kunden KundenNr="7961" KundEigtNr="8600" KundArt="8" KundStatus="3" KundAufDat="2000-01-04"/>
  <Kunden KundenNr="7962" KundEigtNr="8601" KundArt="8" KundStatus="3" KundAufDat="2000-01-05"/>
  <Kunden KundenNr="7963" KundEigtNr="8602" KundArt="2" KundStatus="3" KundAufDat="2000-01-05"/>
  <Kunden KundenNr="7964" KundEigtNr="8603" KundArt="29" KundStatus="1" KundAufDat="2000-01-05"/>
  <Kunden KundenNr="7965" KundEigtNr="5900" KundArt="16" KundStatus="1" KundAufDat="2000-01-05"/>
  <Kunden KundenNr="7966" KundEigtNr="5547" KundArt="16" KundStatus="1" KundAufDat="2000-01-05"/>
  <Kunden KundenNr="7967" KundEigtNr="5561" KundArt="16" KundStatus="1" KundAufDat="2000-01-05"/>
  <Kunden KundenNr="7968" KundEigtNr="8604" KundArt="1" KundStatus="3" KundAufDat="2000-01-05"/>
  <Kunden KundenNr="7969" KundEigtNr="8605" KundArt="2" KundStatus="3" KundAufDat="2000-01-05"/>
  <Kunden KundenNr="7970" KundEigtNr="8606" KundArt="8" KundStatus="3" KundAufDat="2000-01-06"/>
  <Kunden KundenNr="7971" KundEigtNr="8607" KundArt="2" KundStatus="3" KundAufDat="2000-01-06"/>
  <Kunden KundenNr="7972" KundEigtNr="5884" KundArt="16" KundStatus="1" KundAufDat="2000-01-07"/>
  <Kunden KundenNr="7973" KundEigtNr="8608" KundArt="8" KundStatus="3" KundAufDat="2000-01-07"/>
  <Kunden KundenNr="7974" KundEigtNr="8609" KundArt="2" KundStatus="3" KundAufDat="2000-01-07"/>
  <Kunden KundenNr="7975" KundEigtNr="8610" KundArt="2" KundStatus="3" KundAufDat="2000-01-08"/>
  <Kunden KundenNr="7976" KundEigtNr="8611" KundArt="2" KundStatus="1" KundAufDat="2000-01-08"/>
  <Kunden KundenNr="7977" KundEigtNr="8612" KundArt="8" KundStatus="3" KundAufDat="2000-01-10"/>
  <Kunden KundenNr="7978" KundEigtNr="8613" KundArt="2" KundStatus="3" KundAufDat="2000-01-10"/>
  <Kunden KundenNr="7979" KundEigtNr="8614" KundArt="8" KundStatus="3" KundAufDat="2000-01-10"/>
  <Kunden KundenNr="7980" KundEigtNr="8615" KundArt="8" KundStatus="3" KundAufDat="2000-01-10"/>
  <Kunden KundenNr="7981" KundEigtNr="8616" KundArt="8" KundStatus="3" KundAufDat="2000-01-10"/>
  <Kunden KundenNr="7982" KundEigtNr="8617" KundArt="8" KundStatus="1" KundAufDat="2000-01-10"/>
  <Kunden KundenNr="7983" KundEigtNr="8618" KundArt="8" KundStatus="3" KundAufDat="2000-01-10"/>
  <Kunden KundenNr="7984" KundEigtNr="8619" KundArt="8" KundStatus="3" KundAufDat="2000-01-10"/>
  <Kunden KundenNr="7985" KundEigtNr="8620" KundArt="8" KundStatus="3" KundAufDat="2000-01-10"/>
  <Kunden KundenNr="7986" KundEigtNr="8582" KundArt="16" KundStatus="1" KundAufDat="2000-01-10"/>
  <Kunden KundenNr="7987" KundEigtNr="8621" KundArt="8" KundStatus="3" KundAufDat="2000-01-10"/>
  <Kunden KundenNr="7988" KundEigtNr="8622" KundArt="8" KundStatus="3" KundAufDat="2000-01-10"/>
  <Kunden KundenNr="7989" KundEigtNr="8623" KundArt="8" KundStatus="3" KundAufDat="2000-01-10"/>
  <Kunden KundenNr="7990" KundEigtNr="8625" KundArt="2" KundStatus="3" KundAufDat="2000-01-11"/>
  <Kunden KundenNr="7991" KundEigtNr="8626" KundArt="2" KundStatus="3" KundAufDat="2000-01-11"/>
  <Kunden KundenNr="7992" KundEigtNr="8627" KundArt="2" KundStatus="3" KundAufDat="2000-01-11"/>
  <Kunden KundenNr="7993" KundEigtNr="8628" KundArt="8" KundStatus="3" KundAufDat="2000-01-11"/>
  <Kunden KundenNr="7994" KundEigtNr="8629" KundArt="8" KundStatus="3" KundAufDat="2000-01-11"/>
  <Kunden KundenNr="7995" KundEigtNr="8630" KundArt="8" KundStatus="1" KundAufDat="2000-01-11"/>
  <Kunden KundenNr="7996" KundEigtNr="8631" KundArt="8" KundStatus="3" KundAufDat="2000-01-11"/>
  <Kunden KundenNr="7997" KundEigtNr="8632" KundArt="2" KundStatus="3" KundAufDat="2000-01-11"/>
  <Kunden KundenNr="7998" KundEigtNr="8474" KundArt="8" KundStatus="3" KundAufDat="2000-01-12"/>
  <Kunden KundenNr="7999" KundEigtNr="8633" KundArt="8" KundStatus="3" KundAufDat="2000-01-12"/>
  <Kunden KundenNr="8000" KundEigtNr="8634" KundArt="8" KundStatus="3" KundAufDat="2000-01-13"/>
  <Kunden KundenNr="8001" KundEigtNr="8635" KundArt="31" KundStatus="1" KundAufDat="2000-01-13"/>
  <Kunden KundenNr="8002" KundEigtNr="8636" KundArt="29" KundStatus="1" KundAufDat="2000-01-13"/>
  <Kunden KundenNr="8003" KundEigtNr="8637" KundArt="8" KundStatus="3" KundAufDat="2000-01-14"/>
  <Kunden KundenNr="8004" KundEigtNr="8638" KundArt="8" KundStatus="3" KundAufDat="2000-01-14"/>
  <Kunden KundenNr="8005" KundEigtNr="8639" KundArt="8" KundStatus="3" KundAufDat="2000-01-14"/>
  <Kunden KundenNr="8006" KundEigtNr="8643" KundArt="2" KundStatus="3" KundAufDat="2000-01-15"/>
  <Kunden KundenNr="8007" KundEigtNr="8644" KundArt="2" KundStatus="3" KundAufDat="2000-01-17"/>
  <Kunden KundenNr="8008" KundEigtNr="8645" KundArt="8" KundStatus="3" KundAufDat="2000-01-17"/>
  <Kunden KundenNr="8009" KundEigtNr="8646" KundArt="2" KundStatus="3" KundAufDat="2000-01-17"/>
  <Kunden KundenNr="8010" KundEigtNr="8647" KundArt="2" KundStatus="3" KundAufDat="2000-01-17"/>
  <Kunden KundenNr="8011" KundEigtNr="6684" KundArt="2" KundStatus="3" KundAufDat="2000-01-17"/>
  <Kunden KundenNr="8012" KundEigtNr="8648" KundArt="2" KundStatus="3" KundAufDat="2000-01-17"/>
  <Kunden KundenNr="8013" KundEigtNr="6681" KundArt="2" KundStatus="3" KundAufDat="2000-01-17"/>
  <Kunden KundenNr="8014" KundEigtNr="8649" KundArt="8" KundStatus="3" KundAufDat="2000-01-17"/>
  <Kunden KundenNr="8015" KundEigtNr="8650" KundArt="2" KundStatus="3" KundAufDat="2000-01-17"/>
  <Kunden KundenNr="8016" KundEigtNr="8651" KundArt="8" KundStatus="3" KundAufDat="2000-01-17"/>
  <Kunden KundenNr="8017" KundEigtNr="8652" KundArt="8" KundStatus="3" KundAufDat="2000-01-17"/>
  <Kunden KundenNr="8018" KundEigtNr="8653" KundArt="2" KundStatus="3" KundAufDat="2000-01-17"/>
  <Kunden KundenNr="8019" KundEigtNr="8654" KundArt="2" KundStatus="3" KundAufDat="2000-01-17"/>
  <Kunden KundenNr="8020" KundEigtNr="8655" KundArt="2" KundStatus="3" KundAufDat="2000-01-17"/>
  <Kunden KundenNr="8021" KundEigtNr="8656" KundArt="8" KundStatus="3" KundAufDat="2000-01-17"/>
  <Kunden KundenNr="8022" KundEigtNr="8657" KundArt="8" KundStatus="3" KundAufDat="2000-01-17"/>
  <Kunden KundenNr="8023" KundEigtNr="8658" KundArt="8" KundStatus="1" KundAufDat="2000-01-17"/>
  <Kunden KundenNr="8024" KundEigtNr="8659" KundArt="8" KundStatus="3" KundAufDat="2000-01-17"/>
  <Kunden KundenNr="8025" KundEigtNr="8660" KundArt="2" KundStatus="3" KundAufDat="2000-01-17"/>
  <Kunden KundenNr="8026" KundEigtNr="6554" KundArt="2" KundStatus="3" KundAufDat="2000-01-17"/>
  <Kunden KundenNr="8027" KundEigtNr="8661" KundArt="2" KundStatus="3" KundAufDat="2000-01-17"/>
  <Kunden KundenNr="8028" KundEigtNr="8663" KundArt="8" KundStatus="3" KundAufDat="2000-01-18"/>
  <Kunden KundenNr="8029" KundEigtNr="8664" KundArt="8" KundStatus="3" KundAufDat="2000-01-18"/>
  <Kunden KundenNr="8030" KundEigtNr="8665" KundArt="8" KundStatus="3" KundAufDat="2000-01-18"/>
  <Kunden KundenNr="8031" KundEigtNr="8666" KundArt="8" KundStatus="3" KundAufDat="2000-01-18"/>
  <Kunden KundenNr="8032" KundEigtNr="8667" KundArt="2" KundStatus="3" KundAufDat="2000-01-18"/>
  <Kunden KundenNr="8033" KundEigtNr="2452" KundArt="2" KundStatus="3" KundAufDat="2000-01-18"/>
  <Kunden KundenNr="8034" KundEigtNr="8668" KundArt="2" KundStatus="3" KundAufDat="2000-01-18"/>
  <Kunden KundenNr="8035" KundEigtNr="8669" KundArt="8" KundStatus="3" KundAufDat="2000-01-18"/>
  <Kunden KundenNr="8036" KundEigtNr="8670" KundArt="8" KundStatus="3" KundAufDat="2000-01-18"/>
  <Kunden KundenNr="8037" KundEigtNr="8671" KundArt="2" KundStatus="3" KundAufDat="2000-01-18"/>
  <Kunden KundenNr="8038" KundEigtNr="8672" KundArt="2" KundStatus="3" KundAufDat="2000-01-18"/>
  <Kunden KundenNr="8039" KundEigtNr="8673" KundArt="2" KundStatus="3" KundAufDat="2000-01-18"/>
  <Kunden KundenNr="8040" KundEigtNr="8357" KundArt="2" KundStatus="3" KundAufDat="2000-01-18"/>
  <Kunden KundenNr="8041" KundEigtNr="8496" KundArt="2" KundStatus="3" KundAufDat="2000-01-18"/>
  <Kunden KundenNr="8042" KundEigtNr="8674" KundArt="2" KundStatus="3" KundAufDat="2000-01-18"/>
  <Kunden KundenNr="8043" KundEigtNr="8675" KundArt="29" KundStatus="1" KundAufDat="2000-01-19"/>
  <Kunden KundenNr="8044" KundEigtNr="8676" KundArt="29" KundStatus="1" KundAufDat="2000-01-19"/>
  <Kunden KundenNr="8045" KundEigtNr="8677" KundArt="29" KundStatus="1" KundAufDat="2000-01-19"/>
  <Kunden KundenNr="8046" KundEigtNr="8678" KundArt="29" KundStatus="1" KundAufDat="2000-01-19"/>
  <Kunden KundenNr="8047" KundEigtNr="8679" KundArt="29" KundStatus="1" KundAufDat="2000-01-19"/>
  <Kunden KundenNr="8048" KundEigtNr="8680" KundArt="8" KundStatus="3" KundAufDat="2000-01-20"/>
  <Kunden KundenNr="8049" KundEigtNr="8681" KundArt="29" KundStatus="1" KundAufDat="2000-01-20"/>
  <Kunden KundenNr="8050" KundEigtNr="8682" KundArt="31" KundStatus="1" KundAufDat="2000-01-20"/>
  <Kunden KundenNr="8051" KundEigtNr="8683" KundArt="29" KundStatus="1" KundAufDat="2000-01-20"/>
  <Kunden KundenNr="8052" KundEigtNr="8684" KundArt="8" KundStatus="3" KundAufDat="2000-01-21"/>
  <Kunden KundenNr="8053" KundEigtNr="8228" KundArt="2" KundStatus="1" KundAufDat="2000-01-21"/>
  <Kunden KundenNr="8054" KundEigtNr="8178" KundArt="2" KundStatus="3" KundAufDat="2000-01-21"/>
  <Kunden KundenNr="8055" KundEigtNr="8685" KundArt="8" KundStatus="3" KundAufDat="2000-01-21"/>
  <Kunden KundenNr="8056" KundEigtNr="8686" KundArt="29" KundStatus="1" KundAufDat="2000-01-21"/>
  <Kunden KundenNr="8057" KundEigtNr="8687" KundArt="8" KundStatus="3" KundAufDat="2000-01-21"/>
  <Kunden KundenNr="8058" KundEigtNr="8688" KundArt="8" KundStatus="3" KundAufDat="2000-01-21"/>
  <Kunden KundenNr="8059" KundEigtNr="8689" KundArt="8" KundStatus="3" KundAufDat="2000-01-21"/>
  <Kunden KundenNr="8060" KundEigtNr="8690" KundArt="8" KundStatus="3" KundAufDat="2000-01-21"/>
  <Kunden KundenNr="8061" KundEigtNr="8691" KundArt="1" KundStatus="3" KundAufDat="2000-01-22"/>
  <Kunden KundenNr="8062" KundEigtNr="8692" KundArt="8" KundStatus="3" KundAufDat="2000-01-22"/>
  <Kunden KundenNr="8063" KundEigtNr="8693" KundArt="8" KundStatus="1" KundAufDat="2000-01-24"/>
  <Kunden KundenNr="8064" KundEigtNr="8694" KundArt="8" KundStatus="3" KundAufDat="2000-01-24"/>
  <Kunden KundenNr="8065" KundEigtNr="8695" KundArt="8" KundStatus="3" KundAufDat="2000-01-24"/>
  <Kunden KundenNr="8066" KundEigtNr="8696" KundArt="8" KundStatus="3" KundAufDat="2000-01-24"/>
  <Kunden KundenNr="8067" KundEigtNr="8697" KundArt="8" KundStatus="3" KundAufDat="2000-01-24"/>
  <Kunden KundenNr="8068" KundEigtNr="8698" KundArt="8" KundStatus="3" KundAufDat="2000-01-24"/>
  <Kunden KundenNr="8069" KundEigtNr="8699" KundArt="8" KundStatus="3" KundAufDat="2000-01-24"/>
  <Kunden KundenNr="8070" KundEigtNr="8700" KundArt="8" KundStatus="3" KundAufDat="2000-01-24"/>
  <Kunden KundenNr="8071" KundEigtNr="8701" KundArt="2" KundStatus="3" KundAufDat="2000-01-24"/>
  <Kunden KundenNr="8072" KundEigtNr="8702" KundArt="2" KundStatus="3" KundAufDat="2000-01-24"/>
  <Kunden KundenNr="8073" KundEigtNr="7733" KundArt="8" KundStatus="3" KundAufDat="2000-01-24"/>
  <Kunden KundenNr="8074" KundEigtNr="8703" KundArt="8" KundStatus="3" KundAufDat="2000-01-24"/>
  <Kunden KundenNr="8075" KundEigtNr="8704" KundArt="8" KundStatus="1" KundAufDat="2000-01-24"/>
  <Kunden KundenNr="8076" KundEigtNr="713" KundArt="1" KundStatus="3" KundAufDat="2000-01-24"/>
  <Kunden KundenNr="8077" KundEigtNr="8705" KundArt="8" KundStatus="3" KundAufDat="2000-01-24"/>
  <Kunden KundenNr="8078" KundEigtNr="8706" KundArt="1" KundStatus="1" KundAufDat="2000-01-24"/>
  <Kunden KundenNr="8079" KundEigtNr="8707" KundArt="8" KundStatus="3" KundAufDat="2000-01-24"/>
  <Kunden KundenNr="8080" KundEigtNr="8708" KundArt="8" KundStatus="3" KundAufDat="2000-01-24"/>
  <Kunden KundenNr="8081" KundEigtNr="8640" KundArt="29" KundStatus="1" KundAufDat="2000-01-24"/>
  <Kunden KundenNr="8082" KundEigtNr="8709" KundArt="8" KundStatus="3" KundAufDat="2000-01-25"/>
  <Kunden KundenNr="8083" KundEigtNr="8710" KundArt="8" KundStatus="3" KundAufDat="2000-01-25"/>
  <Kunden KundenNr="8084" KundEigtNr="8711" KundArt="1" KundStatus="3" KundAufDat="2000-01-25"/>
  <Kunden KundenNr="8085" KundEigtNr="8712" KundArt="8" KundStatus="3" KundAufDat="2000-01-25"/>
  <Kunden KundenNr="8086" KundEigtNr="8713" KundArt="8" KundStatus="3" KundAufDat="2000-01-25"/>
  <Kunden KundenNr="8087" KundEigtNr="8714" KundArt="8" KundStatus="3" KundAufDat="2000-01-25"/>
  <Kunden KundenNr="8088" KundEigtNr="8715" KundArt="8" KundStatus="3" KundAufDat="2000-01-25"/>
  <Kunden KundenNr="8089" KundEigtNr="8609" KundArt="8" KundStatus="3" KundAufDat="2000-01-25"/>
  <Kunden KundenNr="8090" KundEigtNr="8716" KundArt="8" KundStatus="3" KundAufDat="2000-01-25"/>
  <Kunden KundenNr="8091" KundEigtNr="8717" KundArt="8" KundStatus="3" KundAufDat="2000-01-25"/>
  <Kunden KundenNr="8092" KundEigtNr="8718" KundArt="1" KundStatus="3" KundAufDat="2000-01-25"/>
  <Kunden KundenNr="8093" KundEigtNr="8719" KundArt="2" KundStatus="3" KundAufDat="2000-01-25"/>
  <Kunden KundenNr="8094" KundEigtNr="8720" KundArt="2" KundStatus="3" KundAufDat="2000-01-25"/>
  <Kunden KundenNr="8095" KundEigtNr="8721" KundArt="8" KundStatus="3" KundAufDat="2000-01-26"/>
  <Kunden KundenNr="8096" KundEigtNr="8722" KundArt="2" KundStatus="3" KundAufDat="2000-01-26"/>
  <Kunden KundenNr="8097" KundEigtNr="8723" KundArt="2" KundStatus="3" KundAufDat="2000-01-26"/>
  <Kunden KundenNr="8098" KundEigtNr="8724" KundArt="8" KundStatus="3" KundAufDat="2000-01-26"/>
  <Kunden KundenNr="8099" KundEigtNr="8725" KundArt="2" KundStatus="3" KundAufDat="2000-01-26"/>
  <Kunden KundenNr="8100" KundEigtNr="8726" KundArt="29" KundStatus="1" KundAufDat="2000-01-26"/>
  <Kunden KundenNr="8101" KundEigtNr="8729" KundArt="8" KundStatus="3" KundAufDat="2000-01-27"/>
  <Kunden KundenNr="8102" KundEigtNr="8730" KundArt="1" KundStatus="3" KundAufDat="2000-01-27"/>
  <Kunden KundenNr="8103" KundEigtNr="8731" KundArt="8" KundStatus="3" KundAufDat="2000-01-27"/>
  <Kunden KundenNr="8104" KundEigtNr="8732" KundArt="8" KundStatus="3" KundAufDat="2000-01-27"/>
  <Kunden KundenNr="8105" KundEigtNr="8733" KundArt="8" KundStatus="3" KundAufDat="2000-01-27"/>
  <Kunden KundenNr="8106" KundEigtNr="8734" KundArt="1" KundStatus="3" KundAufDat="2000-01-27"/>
  <Kunden KundenNr="8107" KundEigtNr="8735" KundArt="8" KundStatus="3" KundAufDat="2000-01-27"/>
  <Kunden KundenNr="8108" KundEigtNr="8736" KundArt="8" KundStatus="3" KundAufDat="2000-01-27"/>
  <Kunden KundenNr="8109" KundEigtNr="8737" KundArt="8" KundStatus="3" KundAufDat="2000-01-27"/>
  <Kunden KundenNr="8110" KundEigtNr="8738" KundArt="8" KundStatus="3" KundAufDat="2000-01-28"/>
  <Kunden KundenNr="8111" KundEigtNr="8687" KundArt="29" KundStatus="1" KundAufDat="2000-01-28"/>
  <Kunden KundenNr="8112" KundEigtNr="8709" KundArt="29" KundStatus="1" KundAufDat="2000-01-28"/>
  <Kunden KundenNr="8113" KundEigtNr="8739" KundArt="2" KundStatus="3" KundAufDat="2000-01-28"/>
  <Kunden KundenNr="8114" KundEigtNr="8750" KundArt="8" KundStatus="1" KundAufDat="2000-01-31"/>
  <Kunden KundenNr="8115" KundEigtNr="8751" KundArt="1" KundStatus="1" KundAufDat="2000-01-31"/>
  <Kunden KundenNr="8116" KundEigtNr="1267" KundArt="8" KundStatus="3" KundAufDat="2000-01-31"/>
  <Kunden KundenNr="8117" KundEigtNr="8752" KundArt="8" KundStatus="3" KundAufDat="2000-01-31"/>
  <Kunden KundenNr="8118" KundEigtNr="8753" KundArt="8" KundStatus="1" KundAufDat="2000-01-31"/>
  <Kunden KundenNr="8119" KundEigtNr="8754" KundArt="8" KundStatus="3" KundAufDat="2000-01-31"/>
  <Kunden KundenNr="8120" KundEigtNr="8755" KundArt="2" KundStatus="3" KundAufDat="2000-01-31"/>
  <Kunden KundenNr="8121" KundEigtNr="8756" KundArt="8" KundStatus="3" KundAufDat="2000-01-31"/>
  <Kunden KundenNr="8122" KundEigtNr="8757" KundArt="8" KundStatus="3" KundAufDat="2000-01-31"/>
  <Kunden KundenNr="8123" KundEigtNr="8758" KundArt="2" KundStatus="3" KundAufDat="2000-01-31"/>
  <Kunden KundenNr="8124" KundEigtNr="8759" KundArt="2" KundStatus="3" KundAufDat="2000-01-31"/>
  <Kunden KundenNr="8125" KundEigtNr="8760" KundArt="8" KundStatus="3" KundAufDat="2000-01-31"/>
  <Kunden KundenNr="8126" KundEigtNr="8761" KundArt="8" KundStatus="3" KundAufDat="2000-01-31"/>
  <Kunden KundenNr="8127" KundEigtNr="8762" KundArt="2" KundStatus="3" KundAufDat="2000-01-31"/>
  <Kunden KundenNr="8128" KundEigtNr="8763" KundArt="8" KundStatus="3" KundAufDat="2000-01-31"/>
  <Kunden KundenNr="8129" KundEigtNr="8764" KundArt="8" KundStatus="3" KundAufDat="2000-01-31"/>
  <Kunden KundenNr="8130" KundEigtNr="8765" KundArt="8" KundStatus="3" KundAufDat="2000-01-31"/>
  <Kunden KundenNr="8131" KundEigtNr="8554" KundArt="8" KundStatus="3" KundAufDat="2000-01-31"/>
  <Kunden KundenNr="8132" KundEigtNr="8766" KundArt="8" KundStatus="3" KundAufDat="2000-01-31"/>
  <Kunden KundenNr="8133" KundEigtNr="8767" KundArt="8" KundStatus="3" KundAufDat="2000-01-31"/>
  <Kunden KundenNr="8134" KundEigtNr="8768" KundArt="8" KundStatus="3" KundAufDat="2000-01-31"/>
  <Kunden KundenNr="8135" KundEigtNr="8769" KundArt="8" KundStatus="3" KundAufDat="2000-01-31"/>
  <Kunden KundenNr="8136" KundEigtNr="8770" KundArt="2" KundStatus="3" KundAufDat="2000-01-31"/>
  <Kunden KundenNr="8137" KundEigtNr="8771" KundArt="8" KundStatus="3" KundAufDat="2000-01-31"/>
  <Kunden KundenNr="8138" KundEigtNr="8772" KundArt="2" KundStatus="3" KundAufDat="2000-01-31"/>
  <Kunden KundenNr="8139" KundEigtNr="8773" KundArt="8" KundStatus="3" KundAufDat="2000-01-31"/>
  <Kunden KundenNr="8140" KundEigtNr="8774" KundArt="8" KundStatus="3" KundAufDat="2000-01-31"/>
  <Kunden KundenNr="8141" KundEigtNr="8775" KundArt="2" KundStatus="3" KundAufDat="2000-01-31"/>
  <Kunden KundenNr="8142" KundEigtNr="8776" KundArt="8" KundStatus="3" KundAufDat="2000-01-31"/>
  <Kunden KundenNr="8143" KundEigtNr="8777" KundArt="8" KundStatus="3" KundAufDat="2000-01-31"/>
  <Kunden KundenNr="8144" KundEigtNr="8778" KundArt="1" KundStatus="3" KundAufDat="2000-01-31"/>
  <Kunden KundenNr="8145" KundEigtNr="8779" KundArt="8" KundStatus="3" KundAufDat="2000-01-31"/>
  <Kunden KundenNr="8146" KundEigtNr="8780" KundArt="8" KundStatus="3" KundAufDat="2000-01-31"/>
  <Kunden KundenNr="8147" KundEigtNr="8781" KundArt="2" KundStatus="3" KundAufDat="2000-01-31"/>
  <Kunden KundenNr="8148" KundEigtNr="8782" KundArt="2" KundStatus="3" KundAufDat="2000-01-31"/>
  <Kunden KundenNr="8149" KundEigtNr="8783" KundArt="8" KundStatus="3" KundAufDat="2000-01-31"/>
  <Kunden KundenNr="8150" KundEigtNr="8784" KundArt="8" KundStatus="3" KundAufDat="2000-01-31"/>
  <Kunden KundenNr="8151" KundEigtNr="8785" KundArt="2" KundStatus="3" KundAufDat="2000-01-31"/>
  <Kunden KundenNr="8152" KundEigtNr="8786" KundArt="8" KundStatus="3" KundAufDat="2000-01-31"/>
  <Kunden KundenNr="8153" KundEigtNr="8787" KundArt="8" KundStatus="3" KundAufDat="2000-01-31"/>
  <Kunden KundenNr="8154" KundEigtNr="8788" KundArt="8" KundStatus="3" KundAufDat="2000-01-31"/>
  <Kunden KundenNr="8155" KundEigtNr="8789" KundArt="2" KundStatus="3" KundAufDat="2000-01-31"/>
  <Kunden KundenNr="8156" KundEigtNr="8790" KundArt="8" KundStatus="3" KundAufDat="2000-02-01"/>
  <Kunden KundenNr="8157" KundEigtNr="8791" KundArt="8" KundStatus="3" KundAufDat="2000-02-01"/>
  <Kunden KundenNr="8158" KundEigtNr="8792" KundArt="8" KundStatus="3" KundAufDat="2000-02-01"/>
  <Kunden KundenNr="8159" KundEigtNr="8793" KundArt="8" KundStatus="3" KundAufDat="2000-02-01"/>
  <Kunden KundenNr="8160" KundEigtNr="5199" KundArt="1" KundStatus="1" KundAufDat="2000-02-02"/>
  <Kunden KundenNr="8161" KundEigtNr="8794" KundArt="8" KundStatus="3" KundAufDat="2000-02-02"/>
  <Kunden KundenNr="8162" KundEigtNr="8795" KundArt="8" KundStatus="3" KundAufDat="2000-02-02"/>
  <Kunden KundenNr="8163" KundEigtNr="8796" KundArt="2" KundStatus="3" KundAufDat="2000-02-02"/>
  <Kunden KundenNr="8164" KundEigtNr="8797" KundArt="2" KundStatus="3" KundAufDat="2000-02-02"/>
  <Kunden KundenNr="8165" KundEigtNr="8798" KundArt="2" KundStatus="3" KundAufDat="2000-02-02"/>
  <Kunden KundenNr="8166" KundEigtNr="8799" KundArt="29" KundStatus="1" KundAufDat="2000-02-02"/>
  <Kunden KundenNr="8167" KundEigtNr="8800" KundArt="29" KundStatus="1" KundAufDat="2000-02-02"/>
  <Kunden KundenNr="8168" KundEigtNr="8801" KundArt="29" KundStatus="1" KundAufDat="2000-02-02"/>
  <Kunden KundenNr="8169" KundEigtNr="8802" KundArt="29" KundStatus="1" KundAufDat="2000-02-02"/>
  <Kunden KundenNr="8170" KundEigtNr="8803" KundArt="29" KundStatus="1" KundAufDat="2000-02-02"/>
  <Kunden KundenNr="8171" KundEigtNr="8804" KundArt="2" KundStatus="1" KundAufDat="2000-02-02"/>
  <Kunden KundenNr="8172" KundEigtNr="8805" KundArt="8" KundStatus="1" KundAufDat="2000-02-02"/>
  <Kunden KundenNr="8173" KundEigtNr="8221" KundArt="8" KundStatus="3" KundAufDat="2000-02-02"/>
  <Kunden KundenNr="8174" KundEigtNr="8806" KundArt="8" KundStatus="3" KundAufDat="2000-02-02"/>
  <Kunden KundenNr="8175" KundEigtNr="8807" KundArt="8" KundStatus="3" KundAufDat="2000-02-02"/>
  <Kunden KundenNr="8176" KundEigtNr="8808" KundArt="2" KundStatus="3" KundAufDat="2000-02-02"/>
  <Kunden KundenNr="8177" KundEigtNr="7844" KundArt="8" KundStatus="1" KundAufDat="2000-02-02"/>
  <Kunden KundenNr="8178" KundEigtNr="8809" KundArt="8" KundStatus="3" KundAufDat="2000-02-03"/>
  <Kunden KundenNr="8179" KundEigtNr="8810" KundArt="8" KundStatus="3" KundAufDat="2000-02-03"/>
  <Kunden KundenNr="8180" KundEigtNr="8811" KundArt="8" KundStatus="3" KundAufDat="2000-02-03"/>
  <Kunden KundenNr="8181" KundEigtNr="8812" KundArt="8" KundStatus="3" KundAufDat="2000-02-03"/>
  <Kunden KundenNr="8182" KundEigtNr="8813" KundArt="29" KundStatus="1" KundAufDat="2000-02-04"/>
  <Kunden KundenNr="8183" KundEigtNr="8756" KundArt="1" KundStatus="3" KundAufDat="2000-02-04"/>
  <Kunden KundenNr="8184" KundEigtNr="8814" KundArt="29" KundStatus="1" KundAufDat="2000-02-04"/>
  <Kunden KundenNr="8185" KundEigtNr="8190" KundArt="29" KundStatus="1" KundAufDat="2000-02-04"/>
  <Kunden KundenNr="8186" KundEigtNr="8815" KundArt="8" KundStatus="3" KundAufDat="2000-02-05"/>
  <Kunden KundenNr="8187" KundEigtNr="8818" KundArt="2" KundStatus="3" KundAufDat="2000-02-07"/>
  <Kunden KundenNr="8188" KundEigtNr="8819" KundArt="2" KundStatus="3" KundAufDat="2000-02-07"/>
  <Kunden KundenNr="8189" KundEigtNr="8820" KundArt="2" KundStatus="3" KundAufDat="2000-02-07"/>
  <Kunden KundenNr="8190" KundEigtNr="8821" KundArt="2" KundStatus="3" KundAufDat="2000-02-07"/>
  <Kunden KundenNr="8191" KundEigtNr="8822" KundArt="29" KundStatus="1" KundAufDat="2000-02-07"/>
  <Kunden KundenNr="8192" KundEigtNr="8823" KundArt="2" KundStatus="3" KundAufDat="2000-02-07"/>
  <Kunden KundenNr="8193" KundEigtNr="8824" KundArt="2" KundStatus="3" KundAufDat="2000-02-07"/>
  <Kunden KundenNr="8194" KundEigtNr="8825" KundArt="8" KundStatus="3" KundAufDat="2000-02-07"/>
  <Kunden KundenNr="8195" KundEigtNr="8826" KundArt="2" KundStatus="3" KundAufDat="2000-02-07"/>
  <Kunden KundenNr="8196" KundEigtNr="6856" KundArt="8" KundStatus="3" KundAufDat="2000-02-07"/>
  <Kunden KundenNr="8197" KundEigtNr="8827" KundArt="2" KundStatus="3" KundAufDat="2000-02-07"/>
  <Kunden KundenNr="8198" KundEigtNr="8828" KundArt="2" KundStatus="3" KundAufDat="2000-02-07"/>
  <Kunden KundenNr="8199" KundEigtNr="8829" KundArt="8" KundStatus="3" KundAufDat="2000-02-07"/>
  <Kunden KundenNr="8200" KundEigtNr="8830" KundArt="8" KundStatus="3" KundAufDat="2000-02-07"/>
  <Kunden KundenNr="8201" KundEigtNr="8831" KundArt="8" KundStatus="3" KundAufDat="2000-02-07"/>
  <Kunden KundenNr="8202" KundEigtNr="8832" KundArt="8" KundStatus="3" KundAufDat="2000-02-07"/>
  <Kunden KundenNr="8203" KundEigtNr="8833" KundArt="2" KundStatus="3" KundAufDat="2000-02-07"/>
  <Kunden KundenNr="8204" KundEigtNr="8834" KundArt="2" KundStatus="3" KundAufDat="2000-02-07"/>
  <Kunden KundenNr="8205" KundEigtNr="8835" KundArt="8" KundStatus="3" KundAufDat="2000-02-07"/>
  <Kunden KundenNr="8206" KundEigtNr="8836" KundArt="8" KundStatus="3" KundAufDat="2000-02-07"/>
  <Kunden KundenNr="8207" KundEigtNr="8837" KundArt="2" KundStatus="3" KundAufDat="2000-02-07"/>
  <Kunden KundenNr="8208" KundEigtNr="8838" KundArt="8" KundStatus="3" KundAufDat="2000-02-08"/>
  <Kunden KundenNr="8209" KundEigtNr="8839" KundArt="8" KundStatus="3" KundAufDat="2000-02-08"/>
  <Kunden KundenNr="8210" KundEigtNr="8840" KundArt="8" KundStatus="3" KundAufDat="2000-02-08"/>
  <Kunden KundenNr="8211" KundEigtNr="8841" KundArt="2" KundStatus="3" KundAufDat="2000-02-08"/>
  <Kunden KundenNr="8212" KundEigtNr="8842" KundArt="8" KundStatus="3" KundAufDat="2000-02-08"/>
  <Kunden KundenNr="8213" KundEigtNr="8843" KundArt="2" KundStatus="3" KundAufDat="2000-02-08"/>
  <Kunden KundenNr="8214" KundEigtNr="8844" KundArt="8" KundStatus="3" KundAufDat="2000-02-08"/>
  <Kunden KundenNr="8215" KundEigtNr="8850" KundArt="8" KundStatus="3" KundAufDat="2000-02-08"/>
  <Kunden KundenNr="8216" KundEigtNr="8851" KundArt="8" KundStatus="3" KundAufDat="2000-02-09"/>
  <Kunden KundenNr="8218" KundEigtNr="8853" KundArt="8" KundStatus="3" KundAufDat="2000-02-09"/>
  <Kunden KundenNr="8219" KundEigtNr="8854" KundArt="8" KundStatus="3" KundAufDat="2000-02-09"/>
  <Kunden KundenNr="8220" KundEigtNr="8855" KundArt="1" KundStatus="3" KundAufDat="2000-02-09"/>
  <Kunden KundenNr="8221" KundEigtNr="8856" KundArt="2" KundStatus="3" KundAufDat="2000-02-09"/>
  <Kunden KundenNr="8222" KundEigtNr="8857" KundArt="29" KundStatus="1" KundAufDat="2000-02-09"/>
  <Kunden KundenNr="8223" KundEigtNr="8858" KundArt="29" KundStatus="1" KundAufDat="2000-02-09"/>
  <Kunden KundenNr="8224" KundEigtNr="8859" KundArt="2" KundStatus="3" KundAufDat="2000-02-09"/>
  <Kunden KundenNr="8225" KundEigtNr="2561" KundArt="8" KundStatus="3" KundAufDat="2000-02-09"/>
  <Kunden KundenNr="8226" KundEigtNr="8853" KundArt="2" KundStatus="1" KundAufDat="2000-02-10"/>
  <Kunden KundenNr="8227" KundEigtNr="8864" KundArt="2" KundStatus="3" KundAufDat="2000-02-10"/>
  <Kunden KundenNr="8228" KundEigtNr="8865" KundArt="8" KundStatus="3" KundAufDat="2000-02-10"/>
  <Kunden KundenNr="8229" KundEigtNr="8866" KundArt="8" KundStatus="3" KundAufDat="2000-02-10"/>
  <Kunden KundenNr="8230" KundEigtNr="8867" KundArt="8" KundStatus="3" KundAufDat="2000-02-10"/>
  <Kunden KundenNr="8231" KundEigtNr="2020" KundArt="8" KundStatus="3" KundAufDat="2000-02-10"/>
  <Kunden KundenNr="8232" KundEigtNr="8868" KundArt="2" KundStatus="3" KundAufDat="2000-02-10"/>
  <Kunden KundenNr="8233" KundEigtNr="7653" KundArt="8" KundStatus="3" KundAufDat="2000-02-10"/>
  <Kunden KundenNr="8234" KundEigtNr="8869" KundArt="2" KundStatus="3" KundAufDat="2000-02-10"/>
  <Kunden KundenNr="8235" KundEigtNr="8870" KundArt="2" KundStatus="3" KundAufDat="2000-02-10"/>
  <Kunden KundenNr="8236" KundEigtNr="7447" KundArt="2" KundStatus="1" KundAufDat="2000-02-10"/>
  <Kunden KundenNr="8237" KundEigtNr="8871" KundArt="2" KundStatus="3" KundAufDat="2000-02-10"/>
  <Kunden KundenNr="8238" KundEigtNr="8872" KundArt="2" KundStatus="3" KundAufDat="2000-02-10"/>
  <Kunden KundenNr="8239" KundEigtNr="8873" KundArt="2" KundStatus="3" KundAufDat="2000-02-11"/>
  <Kunden KundenNr="8240" KundEigtNr="8874" KundArt="8" KundStatus="3" KundAufDat="2000-02-11"/>
  <Kunden KundenNr="8241" KundEigtNr="8875" KundArt="8" KundStatus="3" KundAufDat="2000-02-11"/>
  <Kunden KundenNr="8242" KundEigtNr="8876" KundArt="2" KundStatus="3" KundAufDat="2000-02-11"/>
  <Kunden KundenNr="8243" KundEigtNr="8877" KundArt="8" KundStatus="3" KundAufDat="2000-02-12"/>
  <Kunden KundenNr="8244" KundEigtNr="5369" KundArt="8" KundStatus="3" KundAufDat="2000-02-12"/>
  <Kunden KundenNr="8245" KundEigtNr="8878" KundArt="8" KundStatus="3" KundAufDat="2000-02-12"/>
  <Kunden KundenNr="8246" KundEigtNr="8879" KundArt="2" KundStatus="3" KundAufDat="2000-02-12"/>
  <Kunden KundenNr="8247" KundEigtNr="8880" KundArt="8" KundStatus="3" KundAufDat="2000-02-12"/>
  <Kunden KundenNr="8248" KundEigtNr="8881" KundArt="2" KundStatus="3" KundAufDat="2000-02-14"/>
  <Kunden KundenNr="8249" KundEigtNr="8882" KundArt="2" KundStatus="3" KundAufDat="2000-02-14"/>
  <Kunden KundenNr="8250" KundEigtNr="8883" KundArt="8" KundStatus="1" KundAufDat="2000-02-14"/>
  <Kunden KundenNr="8251" KundEigtNr="8884" KundArt="2" KundStatus="3" KundAufDat="2000-02-14"/>
  <Kunden KundenNr="8252" KundEigtNr="8885" KundArt="8" KundStatus="3" KundAufDat="2000-02-14"/>
  <Kunden KundenNr="8253" KundEigtNr="8886" KundArt="8" KundStatus="3" KundAufDat="2000-02-14"/>
  <Kunden KundenNr="8254" KundEigtNr="8887" KundArt="8" KundStatus="3" KundAufDat="2000-02-14"/>
  <Kunden KundenNr="8255" KundEigtNr="8888" KundArt="2" KundStatus="3" KundAufDat="2000-02-14"/>
  <Kunden KundenNr="8256" KundEigtNr="8889" KundArt="8" KundStatus="3" KundAufDat="2000-02-14"/>
  <Kunden KundenNr="8257" KundEigtNr="8890" KundArt="2" KundStatus="3" KundAufDat="2000-02-14"/>
  <Kunden KundenNr="8258" KundEigtNr="8891" KundArt="8" KundStatus="3" KundAufDat="2000-02-14"/>
  <Kunden KundenNr="8259" KundEigtNr="8892" KundArt="2" KundStatus="3" KundAufDat="2000-02-14"/>
  <Kunden KundenNr="8260" KundEigtNr="8893" KundArt="2" KundStatus="3" KundAufDat="2000-02-14"/>
  <Kunden KundenNr="8261" KundEigtNr="8894" KundArt="8" KundStatus="3" KundAufDat="2000-02-14"/>
  <Kunden KundenNr="8262" KundEigtNr="8895" KundArt="8" KundStatus="3" KundAufDat="2000-02-14"/>
  <Kunden KundenNr="8263" KundEigtNr="8896" KundArt="8" KundStatus="3" KundAufDat="2000-02-14"/>
  <Kunden KundenNr="8264" KundEigtNr="8897" KundArt="8" KundStatus="3" KundAufDat="2000-02-14"/>
  <Kunden KundenNr="8265" KundEigtNr="8898" KundArt="8" KundStatus="3" KundAufDat="2000-02-14"/>
  <Kunden KundenNr="8266" KundEigtNr="8899" KundArt="8" KundStatus="3" KundAufDat="2000-02-14"/>
  <Kunden KundenNr="8267" KundEigtNr="8900" KundArt="8" KundStatus="1" KundAufDat="2000-02-14"/>
  <Kunden KundenNr="8268" KundEigtNr="8901" KundArt="8" KundStatus="3" KundAufDat="2000-02-14"/>
  <Kunden KundenNr="8269" KundEigtNr="8902" KundArt="8" KundStatus="3" KundAufDat="2000-02-14"/>
  <Kunden KundenNr="8270" KundEigtNr="8903" KundArt="8" KundStatus="3" KundAufDat="2000-02-14"/>
  <Kunden KundenNr="8271" KundEigtNr="8904" KundArt="2" KundStatus="3" KundAufDat="2000-02-14"/>
  <Kunden KundenNr="8272" KundEigtNr="8905" KundArt="8" KundStatus="3" KundAufDat="2000-02-14"/>
  <Kunden KundenNr="8273" KundEigtNr="8906" KundArt="8" KundStatus="3" KundAufDat="2000-02-14"/>
  <Kunden KundenNr="8274" KundEigtNr="8907" KundArt="8" KundStatus="3" KundAufDat="2000-02-14"/>
  <Kunden KundenNr="8275" KundEigtNr="8909" KundArt="8" KundStatus="3" KundAufDat="2000-02-15"/>
  <Kunden KundenNr="8276" KundEigtNr="8910" KundArt="2" KundStatus="3" KundAufDat="2000-02-15"/>
  <Kunden KundenNr="8277" KundEigtNr="8911" KundArt="2" KundStatus="3" KundAufDat="2000-02-15"/>
  <Kunden KundenNr="8278" KundEigtNr="8912" KundArt="2" KundStatus="3" KundAufDat="2000-02-15"/>
  <Kunden KundenNr="8279" KundEigtNr="8913" KundArt="2" KundStatus="3" KundAufDat="2000-02-15"/>
  <Kunden KundenNr="8280" KundEigtNr="8914" KundArt="8" KundStatus="3" KundAufDat="2000-02-15"/>
  <Kunden KundenNr="8281" KundEigtNr="8915" KundArt="8" KundStatus="3" KundAufDat="2000-02-15"/>
  <Kunden KundenNr="8282" KundEigtNr="8916" KundArt="29" KundStatus="1" KundAufDat="2000-02-15"/>
  <Kunden KundenNr="8283" KundEigtNr="8917" KundArt="8" KundStatus="3" KundAufDat="2000-02-15"/>
  <Kunden KundenNr="8284" KundEigtNr="8918" KundArt="8" KundStatus="3" KundAufDat="2000-02-15"/>
  <Kunden KundenNr="8285" KundEigtNr="8919" KundArt="8" KundStatus="3" KundAufDat="2000-02-16"/>
  <Kunden KundenNr="8286" KundEigtNr="8771" KundArt="29" KundStatus="1" KundAufDat="2000-02-16"/>
  <Kunden KundenNr="8287" KundEigtNr="8920" KundArt="2" KundStatus="3" KundAufDat="2000-02-16"/>
  <Kunden KundenNr="8288" KundEigtNr="8921" KundArt="2" KundStatus="3" KundAufDat="2000-02-16"/>
  <Kunden KundenNr="8289" KundEigtNr="8922" KundArt="8" KundStatus="3" KundAufDat="2000-02-16"/>
  <Kunden KundenNr="8290" KundEigtNr="8883" KundArt="2" KundStatus="3" KundAufDat="2000-02-16"/>
  <Kunden KundenNr="8291" KundEigtNr="8923" KundArt="29" KundStatus="1" KundAufDat="2000-02-16"/>
  <Kunden KundenNr="8292" KundEigtNr="8927" KundArt="2" KundStatus="3" KundAufDat="2000-02-17"/>
  <Kunden KundenNr="8293" KundEigtNr="8928" KundArt="1" KundStatus="3" KundAufDat="2000-02-17"/>
  <Kunden KundenNr="8294" KundEigtNr="8929" KundArt="29" KundStatus="1" KundAufDat="2000-02-17"/>
  <Kunden KundenNr="8295" KundEigtNr="8930" KundArt="2" KundStatus="3" KundAufDat="2000-02-18"/>
  <Kunden KundenNr="8296" KundEigtNr="8931" KundArt="29" KundStatus="1" KundAufDat="2000-02-18"/>
  <Kunden KundenNr="8297" KundEigtNr="8932" KundArt="1" KundStatus="3" KundAufDat="2000-02-18"/>
  <Kunden KundenNr="8298" KundEigtNr="8933" KundArt="8" KundStatus="3" KundAufDat="2000-02-18"/>
  <Kunden KundenNr="8299" KundEigtNr="8934" KundArt="8" KundStatus="3" KundAufDat="2000-02-18"/>
  <Kunden KundenNr="8300" KundEigtNr="8935" KundArt="8" KundStatus="3" KundAufDat="2000-02-19"/>
  <Kunden KundenNr="8301" KundEigtNr="8936" KundArt="2" KundStatus="3" KundAufDat="2000-02-19"/>
  <Kunden KundenNr="8302" KundEigtNr="8937" KundArt="2" KundStatus="3" KundAufDat="2000-02-21"/>
  <Kunden KundenNr="8303" KundEigtNr="8938" KundArt="2" KundStatus="3" KundAufDat="2000-02-21"/>
  <Kunden KundenNr="8304" KundEigtNr="8939" KundArt="2" KundStatus="3" KundAufDat="2000-02-21"/>
  <Kunden KundenNr="8305" KundEigtNr="8940" KundArt="8" KundStatus="3" KundAufDat="2000-02-21"/>
  <Kunden KundenNr="8307" KundEigtNr="8942" KundArt="8" KundStatus="3" KundAufDat="2000-02-21"/>
  <Kunden KundenNr="8308" KundEigtNr="8943" KundArt="8" KundStatus="3" KundAufDat="2000-02-21"/>
  <Kunden KundenNr="8309" KundEigtNr="8468" KundArt="29" KundStatus="1" KundAufDat="2000-02-21"/>
  <Kunden KundenNr="8310" KundEigtNr="8760" KundArt="29" KundStatus="1" KundAufDat="2000-02-21"/>
  <Kunden KundenNr="8311" KundEigtNr="8944" KundArt="8" KundStatus="3" KundAufDat="2000-02-21"/>
  <Kunden KundenNr="8312" KundEigtNr="8945" KundArt="2" KundStatus="3" KundAufDat="2000-02-21"/>
  <Kunden KundenNr="8313" KundEigtNr="8946" KundArt="2" KundStatus="3" KundAufDat="2000-02-21"/>
  <Kunden KundenNr="8314" KundEigtNr="8947" KundArt="2" KundStatus="3" KundAufDat="2000-02-21"/>
  <Kunden KundenNr="8315" KundEigtNr="8948" KundArt="2" KundStatus="3" KundAufDat="2000-02-22"/>
  <Kunden KundenNr="8316" KundEigtNr="8949" KundArt="8" KundStatus="3" KundAufDat="2000-02-22"/>
  <Kunden KundenNr="8317" KundEigtNr="8950" KundArt="8" KundStatus="3" KundAufDat="2000-02-22"/>
  <Kunden KundenNr="8318" KundEigtNr="2110" KundArt="29" KundStatus="1" KundAufDat="2000-02-22"/>
  <Kunden KundenNr="8319" KundEigtNr="477" KundArt="29" KundStatus="1" KundAufDat="2000-02-22"/>
  <Kunden KundenNr="8320" KundEigtNr="8951" KundArt="8" KundStatus="3" KundAufDat="2000-02-22"/>
  <Kunden KundenNr="8321" KundEigtNr="8952" KundArt="2" KundStatus="3" KundAufDat="2000-02-22"/>
  <Kunden KundenNr="8322" KundEigtNr="8953" KundArt="2" KundStatus="3" KundAufDat="2000-02-22"/>
  <Kunden KundenNr="8323" KundEigtNr="1485" KundArt="8" KundStatus="3" KundAufDat="2000-02-22"/>
  <Kunden KundenNr="8324" KundEigtNr="8962" KundArt="8" KundStatus="3" KundAufDat="2000-02-23"/>
  <Kunden KundenNr="8325" KundEigtNr="8963" KundArt="2" KundStatus="3" KundAufDat="2000-02-23"/>
  <Kunden KundenNr="8326" KundEigtNr="8964" KundArt="2" KundStatus="3" KundAufDat="2000-02-23"/>
  <Kunden KundenNr="8327" KundEigtNr="8965" KundArt="2" KundStatus="3" KundAufDat="2000-02-23"/>
  <Kunden KundenNr="8328" KundEigtNr="8966" KundArt="8" KundStatus="3" KundAufDat="2000-02-23"/>
  <Kunden KundenNr="8329" KundEigtNr="8967" KundArt="29" KundStatus="1" KundAufDat="2000-02-23"/>
  <Kunden KundenNr="8330" KundEigtNr="8968" KundArt="8" KundStatus="3" KundAufDat="2000-02-23"/>
  <Kunden KundenNr="8331" KundEigtNr="1344" KundArt="8" KundStatus="3" KundAufDat="2000-02-23"/>
  <Kunden KundenNr="8332" KundEigtNr="8969" KundArt="8" KundStatus="3" KundAufDat="2000-02-23"/>
  <Kunden KundenNr="8333" KundEigtNr="7571" KundArt="29" KundStatus="1" KundAufDat="2000-02-23"/>
  <Kunden KundenNr="8334" KundEigtNr="8970" KundArt="8" KundStatus="3" KundAufDat="2000-02-23"/>
  <Kunden KundenNr="8335" KundEigtNr="8971" KundArt="8" KundStatus="3" KundAufDat="2000-02-23"/>
  <Kunden KundenNr="8336" KundEigtNr="8978" KundArt="2" KundStatus="3" KundAufDat="2000-02-25"/>
  <Kunden KundenNr="8337" KundEigtNr="8979" KundArt="29" KundStatus="1" KundAufDat="2000-02-25"/>
  <Kunden KundenNr="8338" KundEigtNr="3953" KundArt="29" KundStatus="1" KundAufDat="2000-02-25"/>
  <Kunden KundenNr="8339" KundEigtNr="8980" KundArt="2" KundStatus="3" KundAufDat="2000-02-25"/>
  <Kunden KundenNr="8340" KundEigtNr="8981" KundArt="8" KundStatus="3" KundAufDat="2000-02-25"/>
  <Kunden KundenNr="8341" KundEigtNr="8982" KundArt="2" KundStatus="3" KundAufDat="2000-02-28"/>
  <Kunden KundenNr="8342" KundEigtNr="8983" KundArt="2" KundStatus="3" KundAufDat="2000-02-28"/>
  <Kunden KundenNr="8343" KundEigtNr="8984" KundArt="8" KundStatus="3" KundAufDat="2000-02-28"/>
  <Kunden KundenNr="8344" KundEigtNr="8985" KundArt="8" KundStatus="3" KundAufDat="2000-02-28"/>
  <Kunden KundenNr="8345" KundEigtNr="8986" KundArt="8" KundStatus="3" KundAufDat="2000-02-28"/>
  <Kunden KundenNr="8346" KundEigtNr="8833" KundArt="8" KundStatus="3" KundAufDat="2000-02-28"/>
  <Kunden KundenNr="8347" KundEigtNr="8987" KundArt="2" KundStatus="3" KundAufDat="2000-02-28"/>
  <Kunden KundenNr="8348" KundEigtNr="7723" KundArt="8" KundStatus="3" KundAufDat="2000-02-28"/>
  <Kunden KundenNr="8349" KundEigtNr="8988" KundArt="8" KundStatus="3" KundAufDat="2000-02-28"/>
  <Kunden KundenNr="8350" KundEigtNr="8989" KundArt="2" KundStatus="3" KundAufDat="2000-02-28"/>
  <Kunden KundenNr="8351" KundEigtNr="8763" KundArt="2" KundStatus="3" KundAufDat="2000-02-28"/>
  <Kunden KundenNr="8352" KundEigtNr="8990" KundArt="8" KundStatus="3" KundAufDat="2000-02-28"/>
  <Kunden KundenNr="8353" KundEigtNr="8991" KundArt="2" KundStatus="3" KundAufDat="2000-02-28"/>
  <Kunden KundenNr="8354" KundEigtNr="8992" KundArt="8" KundStatus="3" KundAufDat="2000-02-28"/>
  <Kunden KundenNr="8355" KundEigtNr="8993" KundArt="2" KundStatus="3" KundAufDat="2000-02-28"/>
  <Kunden KundenNr="8356" KundEigtNr="5768" KundArt="2" KundStatus="3" KundAufDat="2000-02-28"/>
  <Kunden KundenNr="8357" KundEigtNr="8996" KundArt="2" KundStatus="3" KundAufDat="2000-02-29"/>
  <Kunden KundenNr="8358" KundEigtNr="8997" KundArt="2" KundStatus="3" KundAufDat="2000-02-29"/>
  <Kunden KundenNr="8359" KundEigtNr="8998" KundArt="2" KundStatus="3" KundAufDat="2000-02-29"/>
  <Kunden KundenNr="8360" KundEigtNr="8999" KundArt="2" KundStatus="3" KundAufDat="2000-02-29"/>
  <Kunden KundenNr="8361" KundEigtNr="9000" KundArt="2" KundStatus="3" KundAufDat="2000-02-29"/>
  <Kunden KundenNr="8362" KundEigtNr="9001" KundArt="2" KundStatus="3" KundAufDat="2000-02-29"/>
  <Kunden KundenNr="8363" KundEigtNr="9002" KundArt="8" KundStatus="1" KundAufDat="2000-02-29"/>
  <Kunden KundenNr="8364" KundEigtNr="3026" KundArt="8" KundStatus="3" KundAufDat="2000-02-29"/>
  <Kunden KundenNr="8365" KundEigtNr="9003" KundArt="8" KundStatus="3" KundAufDat="2000-02-29"/>
  <Kunden KundenNr="8366" KundEigtNr="9004" KundArt="8" KundStatus="3" KundAufDat="2000-02-29"/>
  <Kunden KundenNr="8367" KundEigtNr="7450" KundArt="8" KundStatus="1" KundAufDat="2000-02-29"/>
  <Kunden KundenNr="8368" KundEigtNr="9005" KundArt="8" KundStatus="3" KundAufDat="2000-02-29"/>
  <Kunden KundenNr="8369" KundEigtNr="8859" KundArt="8" KundStatus="3" KundAufDat="2000-02-29"/>
  <Kunden KundenNr="8370" KundEigtNr="9006" KundArt="8" KundStatus="3" KundAufDat="2000-02-29"/>
  <Kunden KundenNr="8371" KundEigtNr="7421" KundArt="29" KundStatus="1" KundAufDat="2000-02-29"/>
  <Kunden KundenNr="8372" KundEigtNr="9007" KundArt="2" KundStatus="3" KundAufDat="2000-02-29"/>
  <Kunden KundenNr="8373" KundEigtNr="9009" KundArt="8" KundStatus="3" KundAufDat="2000-03-01"/>
  <Kunden KundenNr="8374" KundEigtNr="9010" KundArt="8" KundStatus="3" KundAufDat="2000-03-01"/>
  <Kunden KundenNr="8375" KundEigtNr="9011" KundArt="8" KundStatus="3" KundAufDat="2000-03-01"/>
  <Kunden KundenNr="8376" KundEigtNr="9012" KundArt="2" KundStatus="3" KundAufDat="2000-03-01"/>
  <Kunden KundenNr="8377" KundEigtNr="9013" KundArt="2" KundStatus="3" KundAufDat="2000-03-02"/>
  <Kunden KundenNr="8378" KundEigtNr="9002" KundArt="1" KundStatus="1" KundAufDat="2000-03-02"/>
  <Kunden KundenNr="8379" KundEigtNr="9015" KundArt="2" KundStatus="3" KundAufDat="2000-03-02"/>
  <Kunden KundenNr="8380" KundEigtNr="9016" KundArt="8" KundStatus="3" KundAufDat="2000-03-02"/>
  <Kunden KundenNr="8381" KundEigtNr="9017" KundArt="8" KundStatus="1" KundAufDat="2000-03-02"/>
  <Kunden KundenNr="8382" KundEigtNr="9010" KundArt="2" KundStatus="3" KundAufDat="2000-03-03"/>
  <Kunden KundenNr="8383" KundEigtNr="9018" KundArt="8" KundStatus="3" KundAufDat="2000-03-03"/>
  <Kunden KundenNr="8384" KundEigtNr="9020" KundArt="2" KundStatus="3" KundAufDat="2000-03-06"/>
  <Kunden KundenNr="8385" KundEigtNr="9021" KundArt="8" KundStatus="3" KundAufDat="2000-03-06"/>
  <Kunden KundenNr="8387" KundEigtNr="9023" KundArt="8" KundStatus="3" KundAufDat="2000-03-07"/>
  <Kunden KundenNr="8388" KundEigtNr="9024" KundArt="2" KundStatus="3" KundAufDat="2000-03-07"/>
  <Kunden KundenNr="8389" KundEigtNr="9025" KundArt="8" KundStatus="3" KundAufDat="2000-03-07"/>
  <Kunden KundenNr="8390" KundEigtNr="9026" KundArt="2" KundStatus="3" KundAufDat="2000-03-07"/>
  <Kunden KundenNr="8391" KundEigtNr="9027" KundArt="8" KundStatus="3" KundAufDat="2000-03-07"/>
  <Kunden KundenNr="8392" KundEigtNr="9028" KundArt="8" KundStatus="3" KundAufDat="2000-03-08"/>
  <Kunden KundenNr="8393" KundEigtNr="9029" KundArt="8" KundStatus="3" KundAufDat="2000-03-08"/>
  <Kunden KundenNr="8394" KundEigtNr="9030" KundArt="8" KundStatus="3" KundAufDat="2000-03-09"/>
  <Kunden KundenNr="8395" KundEigtNr="9032" KundArt="29" KundStatus="1" KundAufDat="2000-03-09"/>
  <Kunden KundenNr="8396" KundEigtNr="9033" KundArt="1" KundStatus="3" KundAufDat="2000-03-10"/>
  <Kunden KundenNr="8397" KundEigtNr="9034" KundArt="29" KundStatus="1" KundAufDat="2000-03-10"/>
  <Kunden KundenNr="8398" KundEigtNr="9035" KundArt="29" KundStatus="1" KundAufDat="2000-03-10"/>
  <Kunden KundenNr="8399" KundEigtNr="9036" KundArt="8" KundStatus="3" KundAufDat="2000-03-13"/>
  <Kunden KundenNr="8400" KundEigtNr="9037" KundArt="8" KundStatus="3" KundAufDat="2000-03-13"/>
  <Kunden KundenNr="8401" KundEigtNr="9038" KundArt="8" KundStatus="1" KundAufDat="2000-03-13"/>
  <Kunden KundenNr="8402" KundEigtNr="9039" KundArt="8" KundStatus="3" KundAufDat="2000-03-13"/>
  <Kunden KundenNr="8403" KundEigtNr="9040" KundArt="8" KundStatus="1" KundAufDat="2000-03-13"/>
  <Kunden KundenNr="8404" KundEigtNr="9041" KundArt="8" KundStatus="3" KundAufDat="2000-03-13"/>
  <Kunden KundenNr="8405" KundEigtNr="9042" KundArt="8" KundStatus="3" KundAufDat="2000-03-13"/>
  <Kunden KundenNr="8406" KundEigtNr="9043" KundArt="2" KundStatus="3" KundAufDat="2000-03-13"/>
  <Kunden KundenNr="8407" KundEigtNr="9044" KundArt="2" KundStatus="3" KundAufDat="2000-03-13"/>
  <Kunden KundenNr="8408" KundEigtNr="687" KundArt="29" KundStatus="1" KundAufDat="2000-03-13"/>
  <Kunden KundenNr="8409" KundEigtNr="6630" KundArt="31" KundStatus="1" KundAufDat="2000-03-13"/>
  <Kunden KundenNr="8410" KundEigtNr="9045" KundArt="29" KundStatus="1" KundAufDat="2000-03-13"/>
  <Kunden KundenNr="8411" KundEigtNr="9046" KundArt="2" KundStatus="3" KundAufDat="2000-03-13"/>
  <Kunden KundenNr="8412" KundEigtNr="9047" KundArt="2" KundStatus="3" KundAufDat="2000-03-13"/>
  <Kunden KundenNr="8413" KundEigtNr="9048" KundArt="8" KundStatus="3" KundAufDat="2000-03-13"/>
  <Kunden KundenNr="8414" KundEigtNr="9050" KundArt="2" KundStatus="3" KundAufDat="2000-03-14"/>
  <Kunden KundenNr="8415" KundEigtNr="9051" KundArt="8" KundStatus="1" KundAufDat="2000-03-14"/>
  <Kunden KundenNr="8416" KundEigtNr="9052" KundArt="8" KundStatus="3" KundAufDat="2000-03-14"/>
  <Kunden KundenNr="8417" KundEigtNr="2018" KundArt="29" KundStatus="1" KundAufDat="2000-03-14"/>
  <Kunden KundenNr="8418" KundEigtNr="9055" KundArt="8" KundStatus="3" KundAufDat="2000-03-14"/>
  <Kunden KundenNr="8419" KundEigtNr="9056" KundArt="8" KundStatus="3" KundAufDat="2000-03-14"/>
  <Kunden KundenNr="8420" KundEigtNr="9057" KundArt="8" KundStatus="3" KundAufDat="2000-03-14"/>
  <Kunden KundenNr="8421" KundEigtNr="3551" KundArt="8" KundStatus="3" KundAufDat="2000-03-15"/>
  <Kunden KundenNr="8422" KundEigtNr="5793" KundArt="1" KundStatus="3" KundAufDat="2000-03-15"/>
  <Kunden KundenNr="8423" KundEigtNr="9059" KundArt="8" KundStatus="1" KundAufDat="2000-03-15"/>
  <Kunden KundenNr="8424" KundEigtNr="9060" KundArt="8" KundStatus="3" KundAufDat="2000-03-15"/>
  <Kunden KundenNr="8425" KundEigtNr="9061" KundArt="8" KundStatus="1" KundAufDat="2000-03-15"/>
  <Kunden KundenNr="8426" KundEigtNr="9062" KundArt="1" KundStatus="1" KundAufDat="2000-03-16"/>
  <Kunden KundenNr="8427" KundEigtNr="9063" KundArt="29" KundStatus="1" KundAufDat="2000-03-16"/>
  <Kunden KundenNr="8428" KundEigtNr="9064" KundArt="29" KundStatus="1" KundAufDat="2000-03-16"/>
  <Kunden KundenNr="8429" KundEigtNr="9065" KundArt="2" KundStatus="3" KundAufDat="2000-03-17"/>
  <Kunden KundenNr="8430" KundEigtNr="9066" KundArt="29" KundStatus="1" KundAufDat="2000-03-17"/>
  <Kunden KundenNr="8431" KundEigtNr="9067" KundArt="29" KundStatus="1" KundAufDat="2000-03-17"/>
  <Kunden KundenNr="8432" KundEigtNr="9068" KundArt="2" KundStatus="3" KundAufDat="2000-03-17"/>
  <Kunden KundenNr="8433" KundEigtNr="9069" KundArt="29" KundStatus="1" KundAufDat="2000-03-17"/>
  <Kunden KundenNr="8434" KundEigtNr="9070" KundArt="8" KundStatus="3" KundAufDat="2000-03-17"/>
  <Kunden KundenNr="8435" KundEigtNr="9071" KundArt="8" KundStatus="1" KundAufDat="2000-03-17"/>
  <Kunden KundenNr="8436" KundEigtNr="9072" KundArt="2" KundStatus="3" KundAufDat="2000-03-19"/>
  <Kunden KundenNr="8437" KundEigtNr="9073" KundArt="8" KundStatus="1" KundAufDat="2000-03-20"/>
  <Kunden KundenNr="8438" KundEigtNr="9074" KundArt="8" KundStatus="3" KundAufDat="2000-03-20"/>
  <Kunden KundenNr="8439" KundEigtNr="9075" KundArt="8" KundStatus="3" KundAufDat="2000-03-20"/>
  <Kunden KundenNr="8440" KundEigtNr="9076" KundArt="2" KundStatus="3" KundAufDat="2000-03-20"/>
  <Kunden KundenNr="8441" KundEigtNr="9077" KundArt="2" KundStatus="3" KundAufDat="2000-03-20"/>
  <Kunden KundenNr="8442" KundEigtNr="9045" KundArt="2" KundStatus="3" KundAufDat="2000-03-20"/>
  <Kunden KundenNr="8443" KundEigtNr="9078" KundArt="8" KundStatus="3" KundAufDat="2000-03-20"/>
  <Kunden KundenNr="8444" KundEigtNr="9079" KundArt="8" KundStatus="3" KundAufDat="2000-03-20"/>
  <Kunden KundenNr="8445" KundEigtNr="9080" KundArt="8" KundStatus="3" KundAufDat="2000-03-20"/>
  <Kunden KundenNr="8446" KundEigtNr="9081" KundArt="8" KundStatus="3" KundAufDat="2000-03-20"/>
  <Kunden KundenNr="8447" KundEigtNr="9082" KundArt="8" KundStatus="3" KundAufDat="2000-03-20"/>
  <Kunden KundenNr="8448" KundEigtNr="2076" KundArt="8" KundStatus="3" KundAufDat="2000-03-20"/>
  <Kunden KundenNr="8449" KundEigtNr="9083" KundArt="2" KundStatus="3" KundAufDat="2000-03-20"/>
  <Kunden KundenNr="8450" KundEigtNr="9084" KundArt="8" KundStatus="3" KundAufDat="2000-03-20"/>
  <Kunden KundenNr="8451" KundEigtNr="9085" KundArt="8" KundStatus="3" KundAufDat="2000-03-20"/>
  <Kunden KundenNr="8452" KundEigtNr="9086" KundArt="8" KundStatus="3" KundAufDat="2000-03-20"/>
  <Kunden KundenNr="8453" KundEigtNr="9087" KundArt="8" KundStatus="3" KundAufDat="2000-03-20"/>
  <Kunden KundenNr="8454" KundEigtNr="9088" KundArt="2" KundStatus="3" KundAufDat="2000-03-20"/>
  <Kunden KundenNr="8455" KundEigtNr="9089" KundArt="8" KundStatus="3" KundAufDat="2000-03-20"/>
  <Kunden KundenNr="8456" KundEigtNr="9090" KundArt="2" KundStatus="3" KundAufDat="2000-03-20"/>
  <Kunden KundenNr="8457" KundEigtNr="9091" KundArt="1" KundStatus="3" KundAufDat="2000-03-20"/>
  <Kunden KundenNr="8458" KundEigtNr="9092" KundArt="8" KundStatus="3" KundAufDat="2000-03-21"/>
  <Kunden KundenNr="8459" KundEigtNr="9093" KundArt="8" KundStatus="3" KundAufDat="2000-03-21"/>
  <Kunden KundenNr="8460" KundEigtNr="9094" KundArt="8" KundStatus="3" KundAufDat="2000-03-21"/>
  <Kunden KundenNr="8461" KundEigtNr="9095" KundArt="2" KundStatus="3" KundAufDat="2000-03-21"/>
  <Kunden KundenNr="8462" KundEigtNr="3420" KundArt="2" KundStatus="3" KundAufDat="2000-03-21"/>
  <Kunden KundenNr="8463" KundEigtNr="9096" KundArt="29" KundStatus="1" KundAufDat="2000-03-21"/>
  <Kunden KundenNr="8464" KundEigtNr="9097" KundArt="8" KundStatus="3" KundAufDat="2000-03-21"/>
  <Kunden KundenNr="8465" KundEigtNr="9098" KundArt="8" KundStatus="3" KundAufDat="2000-03-21"/>
  <Kunden KundenNr="8466" KundEigtNr="9099" KundArt="2" KundStatus="3" KundAufDat="2000-03-21"/>
  <Kunden KundenNr="8467" KundEigtNr="9100" KundArt="2" KundStatus="3" KundAufDat="2000-03-21"/>
  <Kunden KundenNr="8468" KundEigtNr="9101" KundArt="2" KundStatus="3" KundAufDat="2000-03-21"/>
  <Kunden KundenNr="8469" KundEigtNr="9102" KundArt="8" KundStatus="3" KundAufDat="2000-03-21"/>
  <Kunden KundenNr="8470" KundEigtNr="9103" KundArt="2" KundStatus="3" KundAufDat="2000-03-21"/>
  <Kunden KundenNr="8471" KundEigtNr="9104" KundArt="29" KundStatus="1" KundAufDat="2000-03-21"/>
  <Kunden KundenNr="8472" KundEigtNr="4009" KundArt="8" KundStatus="3" KundAufDat="2000-03-21"/>
  <Kunden KundenNr="8473" KundEigtNr="9114" KundArt="2" KundStatus="3" KundAufDat="2000-03-22"/>
  <Kunden KundenNr="8474" KundEigtNr="9115" KundArt="29" KundStatus="1" KundAufDat="2000-03-22"/>
  <Kunden KundenNr="8475" KundEigtNr="9116" KundArt="29" KundStatus="1" KundAufDat="2000-03-22"/>
  <Kunden KundenNr="8476" KundEigtNr="9117" KundArt="8" KundStatus="3" KundAufDat="2000-03-22"/>
  <Kunden KundenNr="8477" KundEigtNr="9118" KundArt="8" KundStatus="3" KundAufDat="2000-03-22"/>
  <Kunden KundenNr="8478" KundEigtNr="9119" KundArt="2" KundStatus="3" KundAufDat="2000-03-23"/>
  <Kunden KundenNr="8479" KundEigtNr="9120" KundArt="2" KundStatus="3" KundAufDat="2000-03-23"/>
  <Kunden KundenNr="8480" KundEigtNr="9121" KundArt="2" KundStatus="3" KundAufDat="2000-03-23"/>
  <Kunden KundenNr="8481" KundEigtNr="9122" KundArt="8" KundStatus="3" KundAufDat="2000-03-23"/>
  <Kunden KundenNr="8482" KundEigtNr="9123" KundArt="29" KundStatus="1" KundAufDat="2000-03-23"/>
  <Kunden KundenNr="8483" KundEigtNr="9124" KundArt="2" KundStatus="3" KundAufDat="2000-03-23"/>
  <Kunden KundenNr="8484" KundEigtNr="9125" KundArt="8" KundStatus="3" KundAufDat="2000-03-23"/>
  <Kunden KundenNr="8485" KundEigtNr="9130" KundArt="8" KundStatus="3" KundAufDat="2000-03-23"/>
  <Kunden KundenNr="8486" KundEigtNr="9144" KundArt="29" KundStatus="1" KundAufDat="2000-03-24"/>
  <Kunden KundenNr="8487" KundEigtNr="9145" KundArt="29" KundStatus="1" KundAufDat="2000-03-24"/>
  <Kunden KundenNr="8488" KundEigtNr="9146" KundArt="29" KundStatus="1" KundAufDat="2000-03-24"/>
  <Kunden KundenNr="8489" KundEigtNr="8765" KundArt="29" KundStatus="1" KundAufDat="2000-03-24"/>
  <Kunden KundenNr="8490" KundEigtNr="9113" KundArt="1" KundStatus="3" KundAufDat="2000-03-24"/>
  <Kunden KundenNr="8491" KundEigtNr="9132" KundArt="1" KundStatus="3" KundAufDat="2000-03-24"/>
  <Kunden KundenNr="8492" KundEigtNr="9147" KundArt="2" KundStatus="3" KundAufDat="2000-03-24"/>
  <Kunden KundenNr="8493" KundEigtNr="8919" KundArt="29" KundStatus="1" KundAufDat="2000-03-24"/>
  <Kunden KundenNr="8494" KundEigtNr="9148" KundArt="8" KundStatus="3" KundAufDat="2000-03-25"/>
  <Kunden KundenNr="8495" KundEigtNr="9149" KundArt="8" KundStatus="3" KundAufDat="2000-03-27"/>
  <Kunden KundenNr="8496" KundEigtNr="9150" KundArt="8" KundStatus="3" KundAufDat="2000-03-27"/>
  <Kunden KundenNr="8497" KundEigtNr="9151" KundArt="8" KundStatus="3" KundAufDat="2000-03-27"/>
  <Kunden KundenNr="8498" KundEigtNr="5745" KundArt="8" KundStatus="3" KundAufDat="2000-03-27"/>
  <Kunden KundenNr="8499" KundEigtNr="9152" KundArt="8" KundStatus="3" KundAufDat="2000-03-27"/>
  <Kunden KundenNr="8500" KundEigtNr="9153" KundArt="2" KundStatus="3" KundAufDat="2000-03-27"/>
  <Kunden KundenNr="8501" KundEigtNr="9154" KundArt="2" KundStatus="3" KundAufDat="2000-03-27"/>
  <Kunden KundenNr="8502" KundEigtNr="9091" KundArt="2" KundStatus="3" KundAufDat="2000-03-27"/>
  <Kunden KundenNr="8503" KundEigtNr="9155" KundArt="8" KundStatus="3" KundAufDat="2000-03-27"/>
  <Kunden KundenNr="8504" KundEigtNr="9156" KundArt="8" KundStatus="1" KundAufDat="2000-03-27"/>
  <Kunden KundenNr="8505" KundEigtNr="9157" KundArt="8" KundStatus="3" KundAufDat="2000-03-27"/>
  <Kunden KundenNr="8506" KundEigtNr="9158" KundArt="8" KundStatus="1" KundAufDat="2000-03-27"/>
  <Kunden KundenNr="8507" KundEigtNr="9159" KundArt="8" KundStatus="3" KundAufDat="2000-03-27"/>
  <Kunden KundenNr="8508" KundEigtNr="9160" KundArt="8" KundStatus="3" KundAufDat="2000-03-28"/>
  <Kunden KundenNr="8509" KundEigtNr="9161" KundArt="8" KundStatus="3" KundAufDat="2000-03-28"/>
  <Kunden KundenNr="8510" KundEigtNr="9162" KundArt="8" KundStatus="3" KundAufDat="2000-03-28"/>
  <Kunden KundenNr="8511" KundEigtNr="9163" KundArt="8" KundStatus="1" KundAufDat="2000-03-28"/>
  <Kunden KundenNr="8512" KundEigtNr="9164" KundArt="8" KundStatus="3" KundAufDat="2000-03-28"/>
  <Kunden KundenNr="8513" KundEigtNr="9165" KundArt="2" KundStatus="3" KundAufDat="2000-03-29"/>
  <Kunden KundenNr="8514" KundEigtNr="9166" KundArt="2" KundStatus="3" KundAufDat="2000-03-29"/>
  <Kunden KundenNr="8515" KundEigtNr="5532" KundArt="8" KundStatus="3" KundAufDat="2000-03-29"/>
  <Kunden KundenNr="8516" KundEigtNr="9088" KundArt="8" KundStatus="3" KundAufDat="2000-03-29"/>
  <Kunden KundenNr="8517" KundEigtNr="9167" KundArt="2" KundStatus="3" KundAufDat="2000-03-29"/>
  <Kunden KundenNr="8518" KundEigtNr="8792" KundArt="2" KundStatus="3" KundAufDat="2000-03-30"/>
  <Kunden KundenNr="8519" KundEigtNr="9168" KundArt="2" KundStatus="3" KundAufDat="2000-03-30"/>
  <Kunden KundenNr="8520" KundEigtNr="9169" KundArt="8" KundStatus="1" KundAufDat="2000-03-30"/>
  <Kunden KundenNr="8521" KundEigtNr="9170" KundArt="29" KundStatus="1" KundAufDat="2000-03-30"/>
  <Kunden KundenNr="8522" KundEigtNr="9171" KundArt="29" KundStatus="1" KundAufDat="2000-03-30"/>
  <Kunden KundenNr="8523" KundEigtNr="8558" KundArt="29" KundStatus="1" KundAufDat="2000-03-30"/>
  <Kunden KundenNr="8524" KundEigtNr="9178" KundArt="8" KundStatus="3" KundAufDat="2000-03-31"/>
  <Kunden KundenNr="8525" KundEigtNr="9002" KundArt="29" KundStatus="1" KundAufDat="2000-03-31"/>
  <Kunden KundenNr="8526" KundEigtNr="9179" KundArt="29" KundStatus="1" KundAufDat="2000-03-31"/>
  <Kunden KundenNr="8527" KundEigtNr="9180" KundArt="29" KundStatus="1" KundAufDat="2000-03-31"/>
  <Kunden KundenNr="8528" KundEigtNr="9181" KundArt="2" KundStatus="3" KundAufDat="2000-04-03"/>
  <Kunden KundenNr="8529" KundEigtNr="9182" KundArt="2" KundStatus="3" KundAufDat="2000-04-03"/>
  <Kunden KundenNr="8530" KundEigtNr="9183" KundArt="8" KundStatus="3" KundAufDat="2000-04-03"/>
  <Kunden KundenNr="8531" KundEigtNr="9184" KundArt="8" KundStatus="3" KundAufDat="2000-04-03"/>
  <Kunden KundenNr="8532" KundEigtNr="9185" KundArt="2" KundStatus="3" KundAufDat="2000-04-03"/>
  <Kunden KundenNr="8533" KundEigtNr="9186" KundArt="8" KundStatus="3" KundAufDat="2000-04-03"/>
  <Kunden KundenNr="8534" KundEigtNr="9187" KundArt="1" KundStatus="3" KundAufDat="2000-04-03"/>
  <Kunden KundenNr="8535" KundEigtNr="9188" KundArt="2" KundStatus="3" KundAufDat="2000-04-03"/>
  <Kunden KundenNr="8536" KundEigtNr="9189" KundArt="2" KundStatus="3" KundAufDat="2000-04-03"/>
  <Kunden KundenNr="8537" KundEigtNr="9190" KundArt="8" KundStatus="3" KundAufDat="2000-04-03"/>
  <Kunden KundenNr="8538" KundEigtNr="8575" KundArt="29" KundStatus="3" KundAufDat="2000-04-03"/>
  <Kunden KundenNr="8539" KundEigtNr="9191" KundArt="2" KundStatus="3" KundAufDat="2000-04-03"/>
  <Kunden KundenNr="8540" KundEigtNr="9192" KundArt="29" KundStatus="1" KundAufDat="2000-04-03"/>
  <Kunden KundenNr="8541" KundEigtNr="5050" KundArt="29" KundStatus="1" KundAufDat="2000-04-03"/>
  <Kunden KundenNr="8542" KundEigtNr="9193" KundArt="8" KundStatus="3" KundAufDat="2000-04-03"/>
  <Kunden KundenNr="8543" KundEigtNr="2756" KundArt="2" KundStatus="3" KundAufDat="2000-04-04"/>
  <Kunden KundenNr="8544" KundEigtNr="9194" KundArt="2" KundStatus="3" KundAufDat="2000-04-04"/>
  <Kunden KundenNr="8545" KundEigtNr="9195" KundArt="29" KundStatus="1" KundAufDat="2000-04-04"/>
  <Kunden KundenNr="8546" KundEigtNr="9196" KundArt="2" KundStatus="3" KundAufDat="2000-04-04"/>
  <Kunden KundenNr="8547" KundEigtNr="9197" KundArt="2" KundStatus="3" KundAufDat="2000-04-04"/>
  <Kunden KundenNr="8548" KundEigtNr="9198" KundArt="8" KundStatus="3" KundAufDat="2000-04-04"/>
  <Kunden KundenNr="8549" KundEigtNr="9199" KundArt="2" KundStatus="3" KundAufDat="2000-04-04"/>
  <Kunden KundenNr="8550" KundEigtNr="9200" KundArt="8" KundStatus="3" KundAufDat="2000-04-04"/>
  <Kunden KundenNr="8551" KundEigtNr="7539" KundArt="2" KundStatus="3" KundAufDat="2000-04-04"/>
  <Kunden KundenNr="8552" KundEigtNr="9201" KundArt="8" KundStatus="3" KundAufDat="2000-04-04"/>
  <Kunden KundenNr="8553" KundEigtNr="9177" KundArt="29" KundStatus="1" KundAufDat="2000-04-05"/>
  <Kunden KundenNr="8554" KundEigtNr="9202" KundArt="8" KundStatus="3" KundAufDat="2000-04-05"/>
  <Kunden KundenNr="8555" KundEigtNr="8348" KundArt="8" KundStatus="3" KundAufDat="2000-04-05"/>
  <Kunden KundenNr="8556" KundEigtNr="6877" KundArt="29" KundStatus="1" KundAufDat="2000-04-05"/>
  <Kunden KundenNr="8557" KundEigtNr="9142" KundArt="29" KundStatus="1" KundAufDat="2000-04-05"/>
  <Kunden KundenNr="8558" KundEigtNr="9203" KundArt="8" KundStatus="1" KundAufDat="2000-04-06"/>
  <Kunden KundenNr="8559" KundEigtNr="6806" KundArt="1" KundStatus="3" KundAufDat="2000-04-06"/>
  <Kunden KundenNr="8560" KundEigtNr="9205" KundArt="29" KundStatus="1" KundAufDat="2000-04-07"/>
  <Kunden KundenNr="8561" KundEigtNr="9206" KundArt="8" KundStatus="3" KundAufDat="2000-04-08"/>
  <Kunden KundenNr="8562" KundEigtNr="9207" KundArt="8" KundStatus="3" KundAufDat="2000-04-10"/>
  <Kunden KundenNr="8563" KundEigtNr="9208" KundArt="2" KundStatus="3" KundAufDat="2000-04-10"/>
  <Kunden KundenNr="8564" KundEigtNr="9209" KundArt="8" KundStatus="1" KundAufDat="2000-04-10"/>
  <Kunden KundenNr="8565" KundEigtNr="9210" KundArt="2" KundStatus="3" KundAufDat="2000-04-10"/>
  <Kunden KundenNr="8566" KundEigtNr="9211" KundArt="2" KundStatus="3" KundAufDat="2000-04-10"/>
  <Kunden KundenNr="8567" KundEigtNr="9212" KundArt="2" KundStatus="3" KundAufDat="2000-04-10"/>
  <Kunden KundenNr="8568" KundEigtNr="6583" KundArt="2" KundStatus="3" KundAufDat="2000-04-10"/>
  <Kunden KundenNr="8569" KundEigtNr="9213" KundArt="2" KundStatus="3" KundAufDat="2000-04-10"/>
  <Kunden KundenNr="8570" KundEigtNr="9215" KundArt="8" KundStatus="3" KundAufDat="2000-04-10"/>
  <Kunden KundenNr="8571" KundEigtNr="9216" KundArt="8" KundStatus="3" KundAufDat="2000-04-11"/>
  <Kunden KundenNr="8572" KundEigtNr="9217" KundArt="29" KundStatus="1" KundAufDat="2000-04-11"/>
  <Kunden KundenNr="8573" KundEigtNr="9218" KundArt="8" KundStatus="3" KundAufDat="2000-04-11"/>
  <Kunden KundenNr="8574" KundEigtNr="9219" KundArt="8" KundStatus="3" KundAufDat="2000-04-11"/>
  <Kunden KundenNr="8575" KundEigtNr="9220" KundArt="8" KundStatus="3" KundAufDat="2000-04-11"/>
  <Kunden KundenNr="8576" KundEigtNr="9221" KundArt="29" KundStatus="1" KundAufDat="2000-04-11"/>
  <Kunden KundenNr="8577" KundEigtNr="9222" KundArt="8" KundStatus="3" KundAufDat="2000-04-11"/>
  <Kunden KundenNr="8578" KundEigtNr="9223" KundArt="8" KundStatus="1" KundAufDat="2000-04-12"/>
  <Kunden KundenNr="8579" KundEigtNr="9224" KundArt="2" KundStatus="3" KundAufDat="2000-04-12"/>
  <Kunden KundenNr="8580" KundEigtNr="9223" KundArt="2" KundStatus="3" KundAufDat="2000-04-12"/>
  <Kunden KundenNr="8581" KundEigtNr="9225" KundArt="29" KundStatus="1" KundAufDat="2000-04-12"/>
  <Kunden KundenNr="8582" KundEigtNr="9226" KundArt="8" KundStatus="3" KundAufDat="2000-04-12"/>
  <Kunden KundenNr="8583" KundEigtNr="9227" KundArt="8" KundStatus="3" KundAufDat="2000-04-13"/>
  <Kunden KundenNr="8584" KundEigtNr="9228" KundArt="8" KundStatus="3" KundAufDat="2000-04-13"/>
  <Kunden KundenNr="8585" KundEigtNr="9229" KundArt="2" KundStatus="3" KundAufDat="2000-04-13"/>
  <Kunden KundenNr="8586" KundEigtNr="9230" KundArt="29" KundStatus="1" KundAufDat="2000-04-13"/>
  <Kunden KundenNr="8587" KundEigtNr="9231" KundArt="2" KundStatus="3" KundAufDat="2000-04-13"/>
  <Kunden KundenNr="8588" KundEigtNr="9232" KundArt="2" KundStatus="3" KundAufDat="2000-04-13"/>
  <Kunden KundenNr="8589" KundEigtNr="9233" KundArt="8" KundStatus="1" KundAufDat="2000-04-13"/>
  <Kunden KundenNr="8590" KundEigtNr="9218" KundArt="1" KundStatus="3" KundAufDat="2000-04-13"/>
  <Kunden KundenNr="8591" KundEigtNr="9234" KundArt="8" KundStatus="3" KundAufDat="2000-04-17"/>
  <Kunden KundenNr="8592" KundEigtNr="9235" KundArt="8" KundStatus="3" KundAufDat="2000-04-17"/>
  <Kunden KundenNr="8593" KundEigtNr="9236" KundArt="1" KundStatus="3" KundAufDat="2000-04-17"/>
  <Kunden KundenNr="8594" KundEigtNr="9237" KundArt="8" KundStatus="3" KundAufDat="2000-04-17"/>
  <Kunden KundenNr="8595" KundEigtNr="9238" KundArt="8" KundStatus="3" KundAufDat="2000-04-17"/>
  <Kunden KundenNr="8596" KundEigtNr="9239" KundArt="8" KundStatus="3" KundAufDat="2000-04-17"/>
  <Kunden KundenNr="8597" KundEigtNr="9240" KundArt="2" KundStatus="3" KundAufDat="2000-04-17"/>
  <Kunden KundenNr="8598" KundEigtNr="9241" KundArt="2" KundStatus="3" KundAufDat="2000-04-19"/>
  <Kunden KundenNr="8599" KundEigtNr="5767" KundArt="29" KundStatus="1" KundAufDat="2000-04-19"/>
  <Kunden KundenNr="8600" KundEigtNr="9242" KundArt="2" KundStatus="3" KundAufDat="2000-04-20"/>
  <Kunden KundenNr="8601" KundEigtNr="9243" KundArt="8" KundStatus="3" KundAufDat="2000-04-20"/>
  <Kunden KundenNr="8602" KundEigtNr="9244" KundArt="29" KundStatus="1" KundAufDat="2000-04-20"/>
  <Kunden KundenNr="8603" KundEigtNr="9245" KundArt="29" KundStatus="1" KundAufDat="2000-04-20"/>
  <Kunden KundenNr="8604" KundEigtNr="9246" KundArt="8" KundStatus="3" KundAufDat="2000-04-20"/>
  <Kunden KundenNr="8605" KundEigtNr="9247" KundArt="8" KundStatus="3" KundAufDat="2000-04-25"/>
  <Kunden KundenNr="8606" KundEigtNr="9248" KundArt="8" KundStatus="1" KundAufDat="2000-04-25"/>
  <Kunden KundenNr="8607" KundEigtNr="9249" KundArt="8" KundStatus="3" KundAufDat="2000-04-25"/>
  <Kunden KundenNr="8608" KundEigtNr="9250" KundArt="2" KundStatus="3" KundAufDat="2000-04-25"/>
  <Kunden KundenNr="8609" KundEigtNr="9251" KundArt="8" KundStatus="3" KundAufDat="2000-04-25"/>
  <Kunden KundenNr="8610" KundEigtNr="9252" KundArt="8" KundStatus="3" KundAufDat="2000-04-25"/>
  <Kunden KundenNr="8611" KundEigtNr="9253" KundArt="2" KundStatus="3" KundAufDat="2000-04-26"/>
  <Kunden KundenNr="8612" KundEigtNr="9254" KundArt="2" KundStatus="3" KundAufDat="2000-04-26"/>
  <Kunden KundenNr="8613" KundEigtNr="9255" KundArt="8" KundStatus="3" KundAufDat="2000-04-26"/>
  <Kunden KundenNr="8614" KundEigtNr="9256" KundArt="2" KundStatus="3" KundAufDat="2000-04-26"/>
  <Kunden KundenNr="8615" KundEigtNr="9257" KundArt="8" KundStatus="3" KundAufDat="2000-04-27"/>
  <Kunden KundenNr="8616" KundEigtNr="9258" KundArt="8" KundStatus="3" KundAufDat="2000-04-27"/>
  <Kunden KundenNr="8617" KundEigtNr="9259" KundArt="8" KundStatus="3" KundAufDat="2000-04-27"/>
  <Kunden KundenNr="8618" KundEigtNr="9260" KundArt="8" KundStatus="3" KundAufDat="2000-04-28"/>
  <Kunden KundenNr="8619" KundEigtNr="9261" KundArt="8" KundStatus="1" KundAufDat="2000-04-28"/>
  <Kunden KundenNr="8620" KundEigtNr="9262" KundArt="2" KundStatus="3" KundAufDat="2000-04-28"/>
  <Kunden KundenNr="8621" KundEigtNr="9263" KundArt="8" KundStatus="3" KundAufDat="2000-05-02"/>
  <Kunden KundenNr="8622" KundEigtNr="9264" KundArt="2" KundStatus="3" KundAufDat="2000-05-02"/>
  <Kunden KundenNr="8623" KundEigtNr="9265" KundArt="29" KundStatus="1" KundAufDat="2000-05-02"/>
  <Kunden KundenNr="8624" KundEigtNr="9266" KundArt="8" KundStatus="3" KundAufDat="2000-05-02"/>
  <Kunden KundenNr="8625" KundEigtNr="9267" KundArt="8" KundStatus="3" KundAufDat="2000-05-02"/>
  <Kunden KundenNr="8626" KundEigtNr="9268" KundArt="8" KundStatus="3" KundAufDat="2000-05-03"/>
  <Kunden KundenNr="8627" KundEigtNr="9269" KundArt="2" KundStatus="3" KundAufDat="2000-05-03"/>
  <Kunden KundenNr="8628" KundEigtNr="9270" KundArt="2" KundStatus="3" KundAufDat="2000-05-03"/>
  <Kunden KundenNr="8629" KundEigtNr="9271" KundArt="2" KundStatus="3" KundAufDat="2000-05-03"/>
  <Kunden KundenNr="8630" KundEigtNr="9272" KundArt="29" KundStatus="3" KundAufDat="2000-05-03"/>
  <Kunden KundenNr="8631" KundEigtNr="9273" KundArt="2" KundStatus="3" KundAufDat="2000-05-04"/>
  <Kunden KundenNr="8632" KundEigtNr="9274" KundArt="2" KundStatus="3" KundAufDat="2000-05-05"/>
  <Kunden KundenNr="8633" KundEigtNr="9275" KundArt="8" KundStatus="3" KundAufDat="2000-05-05"/>
  <Kunden KundenNr="8634" KundEigtNr="9276" KundArt="8" KundStatus="3" KundAufDat="2000-05-08"/>
  <Kunden KundenNr="8635" KundEigtNr="9277" KundArt="8" KundStatus="3" KundAufDat="2000-05-08"/>
  <Kunden KundenNr="8636" KundEigtNr="9278" KundArt="8" KundStatus="3" KundAufDat="2000-05-08"/>
  <Kunden KundenNr="8637" KundEigtNr="9279" KundArt="8" KundStatus="3" KundAufDat="2000-05-08"/>
  <Kunden KundenNr="8638" KundEigtNr="9280" KundArt="8" KundStatus="3" KundAufDat="2000-05-08"/>
  <Kunden KundenNr="8639" KundEigtNr="9281" KundArt="2" KundStatus="3" KundAufDat="2000-05-08"/>
  <Kunden KundenNr="8640" KundEigtNr="9282" KundArt="2" KundStatus="3" KundAufDat="2000-05-08"/>
  <Kunden KundenNr="8641" KundEigtNr="9283" KundArt="2" KundStatus="3" KundAufDat="2000-05-08"/>
  <Kunden KundenNr="8642" KundEigtNr="9284" KundArt="2" KundStatus="3" KundAufDat="2000-05-08"/>
  <Kunden KundenNr="8643" KundEigtNr="9285" KundArt="2" KundStatus="3" KundAufDat="2000-05-08"/>
  <Kunden KundenNr="8644" KundEigtNr="9286" KundArt="8" KundStatus="3" KundAufDat="2000-05-08"/>
  <Kunden KundenNr="8645" KundEigtNr="9287" KundArt="8" KundStatus="3" KundAufDat="2000-05-08"/>
  <Kunden KundenNr="8646" KundEigtNr="9288" KundArt="8" KundStatus="3" KundAufDat="2000-05-08"/>
  <Kunden KundenNr="8647" KundEigtNr="2606" KundArt="8" KundStatus="3" KundAufDat="2000-05-08"/>
  <Kunden KundenNr="8648" KundEigtNr="9289" KundArt="8" KundStatus="3" KundAufDat="2000-05-09"/>
  <Kunden KundenNr="8649" KundEigtNr="9290" KundArt="8" KundStatus="3" KundAufDat="2000-05-09"/>
  <Kunden KundenNr="8650" KundEigtNr="9291" KundArt="8" KundStatus="3" KundAufDat="2000-05-09"/>
  <Kunden KundenNr="8651" KundEigtNr="9292" KundArt="8" KundStatus="3" KundAufDat="2000-05-09"/>
  <Kunden KundenNr="8652" KundEigtNr="9293" KundArt="8" KundStatus="3" KundAufDat="2000-05-09"/>
  <Kunden KundenNr="8653" KundEigtNr="9294" KundArt="2" KundStatus="3" KundAufDat="2000-05-09"/>
  <Kunden KundenNr="8654" KundEigtNr="4247" KundArt="29" KundStatus="1" KundAufDat="2000-05-09"/>
  <Kunden KundenNr="8655" KundEigtNr="9295" KundArt="8" KundStatus="3" KundAufDat="2000-05-09"/>
  <Kunden KundenNr="8656" KundEigtNr="9296" KundArt="2" KundStatus="3" KundAufDat="2000-05-10"/>
  <Kunden KundenNr="8657" KundEigtNr="9297" KundArt="2" KundStatus="3" KundAufDat="2000-05-10"/>
  <Kunden KundenNr="8658" KundEigtNr="9298" KundArt="29" KundStatus="3" KundAufDat="2000-05-10"/>
  <Kunden KundenNr="8659" KundEigtNr="9299" KundArt="8" KundStatus="3" KundAufDat="2000-05-10"/>
  <Kunden KundenNr="8660" KundEigtNr="9300" KundArt="8" KundStatus="3" KundAufDat="2000-05-11"/>
  <Kunden KundenNr="8661" KundEigtNr="9301" KundArt="29" KundStatus="1" KundAufDat="2000-05-11"/>
  <Kunden KundenNr="8662" KundEigtNr="9302" KundArt="8" KundStatus="3" KundAufDat="2000-05-12"/>
  <Kunden KundenNr="8663" KundEigtNr="9303" KundArt="8" KundStatus="3" KundAufDat="2000-05-12"/>
  <Kunden KundenNr="8664" KundEigtNr="9304" KundArt="8" KundStatus="3" KundAufDat="2000-05-12"/>
  <Kunden KundenNr="8665" KundEigtNr="9305" KundArt="8" KundStatus="3" KundAufDat="2000-05-12"/>
  <Kunden KundenNr="8666" KundEigtNr="9306" KundArt="29" KundStatus="1" KundAufDat="2000-05-12"/>
  <Kunden KundenNr="8667" KundEigtNr="9307" KundArt="2" KundStatus="3" KundAufDat="2000-05-13"/>
  <Kunden KundenNr="8668" KundEigtNr="9308" KundArt="8" KundStatus="3" KundAufDat="2000-05-15"/>
  <Kunden KundenNr="8669" KundEigtNr="9309" KundArt="8" KundStatus="3" KundAufDat="2000-05-15"/>
  <Kunden KundenNr="8670" KundEigtNr="9310" KundArt="8" KundStatus="3" KundAufDat="2000-05-15"/>
  <Kunden KundenNr="8671" KundEigtNr="8045" KundArt="8" KundStatus="3" KundAufDat="2000-05-15"/>
  <Kunden KundenNr="8672" KundEigtNr="9311" KundArt="8" KundStatus="3" KundAufDat="2000-05-15"/>
  <Kunden KundenNr="8673" KundEigtNr="4613" KundArt="8" KundStatus="3" KundAufDat="2000-05-15"/>
  <Kunden KundenNr="8674" KundEigtNr="9312" KundArt="8" KundStatus="3" KundAufDat="2000-05-15"/>
  <Kunden KundenNr="8675" KundEigtNr="9313" KundArt="8" KundStatus="3" KundAufDat="2000-05-15"/>
  <Kunden KundenNr="8676" KundEigtNr="9314" KundArt="8" KundStatus="3" KundAufDat="2000-05-15"/>
  <Kunden KundenNr="8677" KundEigtNr="9315" KundArt="8" KundStatus="3" KundAufDat="2000-05-16"/>
  <Kunden KundenNr="8678" KundEigtNr="8627" KundArt="8" KundStatus="3" KundAufDat="2000-05-16"/>
  <Kunden KundenNr="8679" KundEigtNr="9316" KundArt="8" KundStatus="3" KundAufDat="2000-05-16"/>
  <Kunden KundenNr="8680" KundEigtNr="9317" KundArt="8" KundStatus="3" KundAufDat="2000-05-16"/>
  <Kunden KundenNr="8681" KundEigtNr="9292" KundArt="1" KundStatus="3" KundAufDat="2000-05-16"/>
  <Kunden KundenNr="8682" KundEigtNr="9318" KundArt="8" KundStatus="3" KundAufDat="2000-05-16"/>
  <Kunden KundenNr="8683" KundEigtNr="9319" KundArt="8" KundStatus="3" KundAufDat="2000-05-16"/>
  <Kunden KundenNr="8684" KundEigtNr="9320" KundArt="8" KundStatus="3" KundAufDat="2000-05-16"/>
  <Kunden KundenNr="8685" KundEigtNr="9321" KundArt="8" KundStatus="3" KundAufDat="2000-05-16"/>
  <Kunden KundenNr="8686" KundEigtNr="9322" KundArt="2" KundStatus="3" KundAufDat="2000-05-16"/>
  <Kunden KundenNr="8687" KundEigtNr="9323" KundArt="2" KundStatus="3" KundAufDat="2000-05-16"/>
  <Kunden KundenNr="8688" KundEigtNr="7712" KundArt="8" KundStatus="3" KundAufDat="2000-05-16"/>
  <Kunden KundenNr="8689" KundEigtNr="9324" KundArt="8" KundStatus="3" KundAufDat="2000-05-16"/>
  <Kunden KundenNr="8690" KundEigtNr="9325" KundArt="8" KundStatus="3" KundAufDat="2000-05-16"/>
  <Kunden KundenNr="8691" KundEigtNr="9326" KundArt="8" KundStatus="3" KundAufDat="2000-05-16"/>
  <Kunden KundenNr="8692" KundEigtNr="9327" KundArt="8" KundStatus="3" KundAufDat="2000-05-17"/>
  <Kunden KundenNr="8693" KundEigtNr="9328" KundArt="8" KundStatus="3" KundAufDat="2000-05-17"/>
  <Kunden KundenNr="8694" KundEigtNr="9329" KundArt="8" KundStatus="1" KundAufDat="2000-05-17"/>
  <Kunden KundenNr="8695" KundEigtNr="3263" KundArt="29" KundStatus="1" KundAufDat="2000-05-17"/>
  <Kunden KundenNr="8696" KundEigtNr="7356" KundArt="2" KundStatus="3" KundAufDat="2000-05-21"/>
  <Kunden KundenNr="8697" KundEigtNr="9330" KundArt="2" KundStatus="1" KundAufDat="2000-05-21"/>
  <Kunden KundenNr="8698" KundEigtNr="9331" KundArt="29" KundStatus="1" KundAufDat="2000-05-21"/>
  <Kunden KundenNr="8699" KundEigtNr="9332" KundArt="29" KundStatus="1" KundAufDat="2000-05-21"/>
  <Kunden KundenNr="8700" KundEigtNr="9333" KundArt="8" KundStatus="3" KundAufDat="2000-05-21"/>
  <Kunden KundenNr="8701" KundEigtNr="9334" KundArt="8" KundStatus="3" KundAufDat="2000-05-21"/>
  <Kunden KundenNr="8702" KundEigtNr="9335" KundArt="8" KundStatus="3" KundAufDat="2000-05-21"/>
  <Kunden KundenNr="8703" KundEigtNr="9336" KundArt="29" KundStatus="1" KundAufDat="2000-05-21"/>
  <Kunden KundenNr="8704" KundEigtNr="9337" KundArt="8" KundStatus="3" KundAufDat="2000-05-21"/>
  <Kunden KundenNr="8705" KundEigtNr="9338" KundArt="29" KundStatus="1" KundAufDat="2000-05-21"/>
  <Kunden KundenNr="8706" KundEigtNr="9339" KundArt="29" KundStatus="1" KundAufDat="2000-05-21"/>
  <Kunden KundenNr="8707" KundEigtNr="9340" KundArt="2" KundStatus="3" KundAufDat="2000-05-21"/>
  <Kunden KundenNr="8708" KundEigtNr="9341" KundArt="8" KundStatus="3" KundAufDat="2000-05-21"/>
  <Kunden KundenNr="8709" KundEigtNr="9342" KundArt="8" KundStatus="3" KundAufDat="2000-05-21"/>
  <Kunden KundenNr="8710" KundEigtNr="9343" KundArt="2" KundStatus="3" KundAufDat="2000-05-22"/>
  <Kunden KundenNr="8711" KundEigtNr="9344" KundArt="8" KundStatus="3" KundAufDat="2000-05-22"/>
  <Kunden KundenNr="8712" KundEigtNr="9345" KundArt="8" KundStatus="3" KundAufDat="2000-05-22"/>
  <Kunden KundenNr="8713" KundEigtNr="9346" KundArt="8" KundStatus="1" KundAufDat="2000-05-22"/>
  <Kunden KundenNr="8714" KundEigtNr="9347" KundArt="8" KundStatus="3" KundAufDat="2000-05-22"/>
  <Kunden KundenNr="8715" KundEigtNr="9348" KundArt="8" KundStatus="1" KundAufDat="2000-05-22"/>
  <Kunden KundenNr="8716" KundEigtNr="9349" KundArt="8" KundStatus="3" KundAufDat="2000-05-22"/>
  <Kunden KundenNr="8717" KundEigtNr="8563" KundArt="8" KundStatus="1" KundAufDat="2000-05-22"/>
  <Kunden KundenNr="8718" KundEigtNr="9350" KundArt="8" KundStatus="3" KundAufDat="2000-05-22"/>
  <Kunden KundenNr="8719" KundEigtNr="9351" KundArt="8" KundStatus="3" KundAufDat="2000-05-22"/>
  <Kunden KundenNr="8720" KundEigtNr="9352" KundArt="2" KundStatus="1" KundAufDat="2000-05-22"/>
  <Kunden KundenNr="8721" KundEigtNr="9353" KundArt="2" KundStatus="3" KundAufDat="2000-05-22"/>
  <Kunden KundenNr="8722" KundEigtNr="9354" KundArt="2" KundStatus="3" KundAufDat="2000-05-22"/>
  <Kunden KundenNr="8723" KundEigtNr="9355" KundArt="2" KundStatus="3" KundAufDat="2000-05-22"/>
  <Kunden KundenNr="8724" KundEigtNr="9356" KundArt="8" KundStatus="3" KundAufDat="2000-05-22"/>
  <Kunden KundenNr="8725" KundEigtNr="8558" KundArt="8" KundStatus="3" KundAufDat="2000-05-22"/>
  <Kunden KundenNr="8726" KundEigtNr="9357" KundArt="2" KundStatus="3" KundAufDat="2000-05-22"/>
  <Kunden KundenNr="8727" KundEigtNr="9358" KundArt="2" KundStatus="3" KundAufDat="2000-05-22"/>
  <Kunden KundenNr="8728" KundEigtNr="9359" KundArt="8" KundStatus="3" KundAufDat="2000-05-22"/>
  <Kunden KundenNr="8729" KundEigtNr="9360" KundArt="8" KundStatus="3" KundAufDat="2000-05-22"/>
  <Kunden KundenNr="8730" KundEigtNr="9361" KundArt="2" KundStatus="3" KundAufDat="2000-05-23"/>
  <Kunden KundenNr="8731" KundEigtNr="9362" KundArt="8" KundStatus="3" KundAufDat="2000-05-23"/>
  <Kunden KundenNr="8732" KundEigtNr="9363" KundArt="2" KundStatus="3" KundAufDat="2000-05-23"/>
  <Kunden KundenNr="8733" KundEigtNr="9364" KundArt="2" KundStatus="3" KundAufDat="2000-05-23"/>
  <Kunden KundenNr="8734" KundEigtNr="1834" KundArt="29" KundStatus="1" KundAufDat="2000-05-23"/>
  <Kunden KundenNr="8735" KundEigtNr="9365" KundArt="2" KundStatus="3" KundAufDat="2000-05-23"/>
  <Kunden KundenNr="8736" KundEigtNr="9366" KundArt="2" KundStatus="3" KundAufDat="2000-05-23"/>
  <Kunden KundenNr="8737" KundEigtNr="9367" KundArt="8" KundStatus="3" KundAufDat="2000-05-23"/>
  <Kunden KundenNr="8738" KundEigtNr="9368" KundArt="8" KundStatus="3" KundAufDat="2000-05-23"/>
  <Kunden KundenNr="8739" KundEigtNr="9369" KundArt="2" KundStatus="3" KundAufDat="2000-05-24"/>
  <Kunden KundenNr="8740" KundEigtNr="9370" KundArt="2" KundStatus="3" KundAufDat="2000-05-24"/>
  <Kunden KundenNr="8741" KundEigtNr="9371" KundArt="29" KundStatus="1" KundAufDat="2000-05-24"/>
  <Kunden KundenNr="8742" KundEigtNr="9372" KundArt="8" KundStatus="3" KundAufDat="2000-05-25"/>
  <Kunden KundenNr="8743" KundEigtNr="1831" KundArt="8" KundStatus="3" KundAufDat="2000-05-25"/>
  <Kunden KundenNr="8744" KundEigtNr="9373" KundArt="29" KundStatus="1" KundAufDat="2000-05-25"/>
  <Kunden KundenNr="8745" KundEigtNr="9374" KundArt="8" KundStatus="3" KundAufDat="2000-05-27"/>
  <Kunden KundenNr="8746" KundEigtNr="6559" KundArt="8" KundStatus="3" KundAufDat="2000-05-29"/>
  <Kunden KundenNr="8747" KundEigtNr="9375" KundArt="8" KundStatus="1" KundAufDat="2000-05-29"/>
  <Kunden KundenNr="8748" KundEigtNr="9376" KundArt="8" KundStatus="3" KundAufDat="2000-05-29"/>
  <Kunden KundenNr="8749" KundEigtNr="9377" KundArt="8" KundStatus="3" KundAufDat="2000-05-29"/>
  <Kunden KundenNr="8750" KundEigtNr="9378" KundArt="8" KundStatus="1" KundAufDat="2000-05-29"/>
  <Kunden KundenNr="8751" KundEigtNr="9379" KundArt="8" KundStatus="3" KundAufDat="2000-05-29"/>
  <Kunden KundenNr="8752" KundEigtNr="9380" KundArt="8" KundStatus="1" KundAufDat="2000-05-29"/>
  <Kunden KundenNr="8753" KundEigtNr="9381" KundArt="2" KundStatus="3" KundAufDat="2000-05-29"/>
  <Kunden KundenNr="8754" KundEigtNr="9382" KundArt="8" KundStatus="1" KundAufDat="2000-05-29"/>
  <Kunden KundenNr="8755" KundEigtNr="9383" KundArt="8" KundStatus="3" KundAufDat="2000-05-29"/>
  <Kunden KundenNr="8756" KundEigtNr="9384" KundArt="8" KundStatus="3" KundAufDat="2000-05-29"/>
  <Kunden KundenNr="8757" KundEigtNr="9385" KundArt="2" KundStatus="3" KundAufDat="2000-05-29"/>
  <Kunden KundenNr="8758" KundEigtNr="9386" KundArt="2" KundStatus="3" KundAufDat="2000-05-29"/>
  <Kunden KundenNr="8759" KundEigtNr="9387" KundArt="2" KundStatus="3" KundAufDat="2000-05-29"/>
  <Kunden KundenNr="8760" KundEigtNr="9388" KundArt="8" KundStatus="3" KundAufDat="2000-05-30"/>
  <Kunden KundenNr="8761" KundEigtNr="9389" KundArt="8" KundStatus="3" KundAufDat="2000-05-30"/>
  <Kunden KundenNr="8762" KundEigtNr="9390" KundArt="2" KundStatus="3" KundAufDat="2000-05-30"/>
  <Kunden KundenNr="8763" KundEigtNr="9391" KundArt="29" KundStatus="1" KundAufDat="2000-05-30"/>
  <Kunden KundenNr="8764" KundEigtNr="9392" KundArt="2" KundStatus="3" KundAufDat="2000-05-30"/>
  <Kunden KundenNr="8765" KundEigtNr="9393" KundArt="2" KundStatus="3" KundAufDat="2000-05-30"/>
  <Kunden KundenNr="8766" KundEigtNr="9394" KundArt="8" KundStatus="3" KundAufDat="2000-05-31"/>
  <Kunden KundenNr="8767" KundEigtNr="9395" KundArt="8" KundStatus="3" KundAufDat="2000-05-31"/>
  <Kunden KundenNr="8768" KundEigtNr="9396" KundArt="8" KundStatus="3" KundAufDat="2000-05-31"/>
  <Kunden KundenNr="8769" KundEigtNr="9397" KundArt="8" KundStatus="3" KundAufDat="2000-05-31"/>
  <Kunden KundenNr="8770" KundEigtNr="9398" KundArt="2" KundStatus="3" KundAufDat="2000-06-05"/>
  <Kunden KundenNr="8771" KundEigtNr="9399" KundArt="8" KundStatus="1" KundAufDat="2000-06-05"/>
  <Kunden KundenNr="8772" KundEigtNr="9400" KundArt="8" KundStatus="3" KundAufDat="2000-06-05"/>
  <Kunden KundenNr="8773" KundEigtNr="5538" KundArt="2" KundStatus="3" KundAufDat="2000-06-05"/>
  <Kunden KundenNr="8774" KundEigtNr="1458" KundArt="29" KundStatus="1" KundAufDat="2000-06-06"/>
  <Kunden KundenNr="8775" KundEigtNr="9401" KundArt="31" KundStatus="3" KundAufDat="2000-06-06"/>
  <Kunden KundenNr="8776" KundEigtNr="9402" KundArt="8" KundStatus="3" KundAufDat="2000-06-06"/>
  <Kunden KundenNr="8777" KundEigtNr="9403" KundArt="8" KundStatus="3" KundAufDat="2000-06-06"/>
  <Kunden KundenNr="8778" KundEigtNr="9404" KundArt="8" KundStatus="3" KundAufDat="2000-06-07"/>
  <Kunden KundenNr="8779" KundEigtNr="9405" KundArt="29" KundStatus="1" KundAufDat="2000-06-07"/>
  <Kunden KundenNr="8780" KundEigtNr="9406" KundArt="8" KundStatus="3" KundAufDat="2000-06-07"/>
  <Kunden KundenNr="8781" KundEigtNr="9407" KundArt="8" KundStatus="3" KundAufDat="2000-06-07"/>
  <Kunden KundenNr="8782" KundEigtNr="9408" KundArt="8" KundStatus="3" KundAufDat="2000-06-07"/>
  <Kunden KundenNr="8783" KundEigtNr="9409" KundArt="29" KundStatus="1" KundAufDat="2000-06-08"/>
  <Kunden KundenNr="8784" KundEigtNr="9410" KundArt="29" KundStatus="1" KundAufDat="2000-06-08"/>
  <Kunden KundenNr="8785" KundEigtNr="2853" KundArt="8" KundStatus="3" KundAufDat="2000-06-09"/>
  <Kunden KundenNr="8786" KundEigtNr="9369" KundArt="8" KundStatus="3" KundAufDat="2000-06-09"/>
  <Kunden KundenNr="8787" KundEigtNr="9411" KundArt="8" KundStatus="3" KundAufDat="2000-06-09"/>
  <Kunden KundenNr="8788" KundEigtNr="9412" KundArt="8" KundStatus="3" KundAufDat="2000-06-13"/>
  <Kunden KundenNr="8789" KundEigtNr="9413" KundArt="29" KundStatus="1" KundAufDat="2000-06-13"/>
  <Kunden KundenNr="8790" KundEigtNr="9414" KundArt="8" KundStatus="3" KundAufDat="2000-06-13"/>
  <Kunden KundenNr="8791" KundEigtNr="9415" KundArt="2" KundStatus="3" KundAufDat="2000-06-14"/>
  <Kunden KundenNr="8792" KundEigtNr="9416" KundArt="2" KundStatus="3" KundAufDat="2000-06-14"/>
  <Kunden KundenNr="8793" KundEigtNr="9417" KundArt="29" KundStatus="1" KundAufDat="2000-06-14"/>
  <Kunden KundenNr="8794" KundEigtNr="9418" KundArt="8" KundStatus="1" KundAufDat="2000-06-14"/>
  <Kunden KundenNr="8795" KundEigtNr="7798" KundArt="8" KundStatus="3" KundAufDat="2000-06-15"/>
  <Kunden KundenNr="8796" KundEigtNr="9419" KundArt="2" KundStatus="3" KundAufDat="2000-06-15"/>
  <Kunden KundenNr="8797" KundEigtNr="9420" KundArt="8" KundStatus="3" KundAufDat="2000-06-15"/>
  <Kunden KundenNr="8798" KundEigtNr="9421" KundArt="8" KundStatus="3" KundAufDat="2000-06-15"/>
  <Kunden KundenNr="8799" KundEigtNr="9422" KundArt="29" KundStatus="1" KundAufDat="2000-06-16"/>
  <Kunden KundenNr="8800" KundEigtNr="8927" KundArt="8" KundStatus="3" KundAufDat="2000-06-16"/>
  <Kunden KundenNr="8801" KundEigtNr="9423" KundArt="8" KundStatus="3" KundAufDat="2000-06-16"/>
  <Kunden KundenNr="8802" KundEigtNr="9424" KundArt="2" KundStatus="3" KundAufDat="2000-06-16"/>
  <Kunden KundenNr="8803" KundEigtNr="9425" KundArt="8" KundStatus="3" KundAufDat="2000-06-16"/>
  <Kunden KundenNr="8804" KundEigtNr="9426" KundArt="8" KundStatus="3" KundAufDat="2000-06-16"/>
  <Kunden KundenNr="8805" KundEigtNr="9427" KundArt="2" KundStatus="3" KundAufDat="2000-06-16"/>
  <Kunden KundenNr="8806" KundEigtNr="9428" KundArt="8" KundStatus="3" KundAufDat="2000-06-17"/>
  <Kunden KundenNr="8807" KundEigtNr="9429" KundArt="2" KundStatus="3" KundAufDat="2000-06-17"/>
  <Kunden KundenNr="8808" KundEigtNr="9430" KundArt="8" KundStatus="3" KundAufDat="2000-06-17"/>
  <Kunden KundenNr="8809" KundEigtNr="9431" KundArt="8" KundStatus="3" KundAufDat="2000-06-17"/>
  <Kunden KundenNr="8810" KundEigtNr="9432" KundArt="8" KundStatus="3" KundAufDat="2000-06-17"/>
  <Kunden KundenNr="8811" KundEigtNr="9433" KundArt="8" KundStatus="3" KundAufDat="2000-06-19"/>
  <Kunden KundenNr="8812" KundEigtNr="9434" KundArt="8" KundStatus="3" KundAufDat="2000-06-19"/>
  <Kunden KundenNr="8813" KundEigtNr="9435" KundArt="8" KundStatus="3" KundAufDat="2000-06-19"/>
  <Kunden KundenNr="8814" KundEigtNr="9436" KundArt="2" KundStatus="1" KundAufDat="2000-06-19"/>
  <Kunden KundenNr="8815" KundEigtNr="9437" KundArt="8" KundStatus="3" KundAufDat="2000-06-19"/>
  <Kunden KundenNr="8816" KundEigtNr="9438" KundArt="8" KundStatus="3" KundAufDat="2000-06-19"/>
  <Kunden KundenNr="8817" KundEigtNr="9439" KundArt="8" KundStatus="3" KundAufDat="2000-06-19"/>
  <Kunden KundenNr="8818" KundEigtNr="9440" KundArt="8" KundStatus="3" KundAufDat="2000-06-19"/>
  <Kunden KundenNr="8819" KundEigtNr="9441" KundArt="2" KundStatus="3" KundAufDat="2000-06-19"/>
  <Kunden KundenNr="8820" KundEigtNr="9442" KundArt="8" KundStatus="3" KundAufDat="2000-06-19"/>
  <Kunden KundenNr="8821" KundEigtNr="9443" KundArt="8" KundStatus="3" KundAufDat="2000-06-19"/>
  <Kunden KundenNr="8822" KundEigtNr="9444" KundArt="8" KundStatus="3" KundAufDat="2000-06-19"/>
  <Kunden KundenNr="8823" KundEigtNr="9445" KundArt="8" KundStatus="3" KundAufDat="2000-06-19"/>
  <Kunden KundenNr="8824" KundEigtNr="9446" KundArt="2" KundStatus="3" KundAufDat="2000-06-19"/>
  <Kunden KundenNr="8825" KundEigtNr="9447" KundArt="8" KundStatus="3" KundAufDat="2000-06-19"/>
  <Kunden KundenNr="8826" KundEigtNr="9448" KundArt="8" KundStatus="3" KundAufDat="2000-06-19"/>
  <Kunden KundenNr="8827" KundEigtNr="9449" KundArt="8" KundStatus="1" KundAufDat="2000-06-19"/>
  <Kunden KundenNr="8828" KundEigtNr="9450" KundArt="1" KundStatus="3" KundAufDat="2000-06-19"/>
  <Kunden KundenNr="8829" KundEigtNr="9451" KundArt="8" KundStatus="3" KundAufDat="2000-06-19"/>
  <Kunden KundenNr="8830" KundEigtNr="164" KundArt="1" KundStatus="3" KundAufDat="2000-06-19"/>
  <Kunden KundenNr="8831" KundEigtNr="9452" KundArt="8" KundStatus="3" KundAufDat="2000-06-19"/>
  <Kunden KundenNr="8832" KundEigtNr="9453" KundArt="2" KundStatus="3" KundAufDat="2000-06-20"/>
  <Kunden KundenNr="8833" KundEigtNr="9454" KundArt="2" KundStatus="3" KundAufDat="2000-06-20"/>
  <Kunden KundenNr="8834" KundEigtNr="9455" KundArt="2" KundStatus="3" KundAufDat="2000-06-20"/>
  <Kunden KundenNr="8835" KundEigtNr="9456" KundArt="8" KundStatus="3" KundAufDat="2000-06-20"/>
  <Kunden KundenNr="8836" KundEigtNr="9457" KundArt="8" KundStatus="3" KundAufDat="2000-06-20"/>
  <Kunden KundenNr="8837" KundEigtNr="9458" KundArt="2" KundStatus="3" KundAufDat="2000-06-20"/>
  <Kunden KundenNr="8838" KundEigtNr="9459" KundArt="2" KundStatus="3" KundAufDat="2000-06-20"/>
  <Kunden KundenNr="8839" KundEigtNr="9464" KundArt="8" KundStatus="3" KundAufDat="2000-06-21"/>
  <Kunden KundenNr="8840" KundEigtNr="9465" KundArt="8" KundStatus="3" KundAufDat="2000-06-21"/>
  <Kunden KundenNr="8841" KundEigtNr="9466" KundArt="8" KundStatus="3" KundAufDat="2000-06-21"/>
  <Kunden KundenNr="8842" KundEigtNr="9467" KundArt="8" KundStatus="1" KundAufDat="2000-06-21"/>
  <Kunden KundenNr="8843" KundEigtNr="9468" KundArt="2" KundStatus="3" KundAufDat="2000-06-21"/>
  <Kunden KundenNr="8844" KundEigtNr="9469" KundArt="8" KundStatus="3" KundAufDat="2000-06-21"/>
  <Kunden KundenNr="8845" KundEigtNr="8458" KundArt="8" KundStatus="3" KundAufDat="2000-06-22"/>
  <Kunden KundenNr="8846" KundEigtNr="9470" KundArt="8" KundStatus="3" KundAufDat="2000-06-22"/>
  <Kunden KundenNr="8847" KundEigtNr="9471" KundArt="8" KundStatus="3" KundAufDat="2000-06-22"/>
  <Kunden KundenNr="8848" KundEigtNr="9472" KundArt="8" KundStatus="3" KundAufDat="2000-06-22"/>
  <Kunden KundenNr="8849" KundEigtNr="9474" KundArt="2" KundStatus="3" KundAufDat="2000-06-22"/>
  <Kunden KundenNr="8850" KundEigtNr="9475" KundArt="8" KundStatus="3" KundAufDat="2000-06-22"/>
  <Kunden KundenNr="8851" KundEigtNr="9476" KundArt="2" KundStatus="3" KundAufDat="2000-06-22"/>
  <Kunden KundenNr="8852" KundEigtNr="9477" KundArt="8" KundStatus="3" KundAufDat="2000-06-23"/>
  <Kunden KundenNr="8853" KundEigtNr="9478" KundArt="8" KundStatus="3" KundAufDat="2000-06-23"/>
  <Kunden KundenNr="8854" KundEigtNr="9479" KundArt="8" KundStatus="3" KundAufDat="2000-06-27"/>
  <Kunden KundenNr="8855" KundEigtNr="9480" KundArt="8" KundStatus="3" KundAufDat="2000-06-27"/>
  <Kunden KundenNr="8856" KundEigtNr="9481" KundArt="8" KundStatus="3" KundAufDat="2000-06-27"/>
  <Kunden KundenNr="8857" KundEigtNr="8031" KundArt="8" KundStatus="3" KundAufDat="2000-06-27"/>
  <Kunden KundenNr="8858" KundEigtNr="9482" KundArt="8" KundStatus="3" KundAufDat="2000-06-27"/>
  <Kunden KundenNr="8859" KundEigtNr="9483" KundArt="8" KundStatus="3" KundAufDat="2000-06-27"/>
  <Kunden KundenNr="8860" KundEigtNr="9484" KundArt="2" KundStatus="3" KundAufDat="2000-06-27"/>
  <Kunden KundenNr="8861" KundEigtNr="4532" KundArt="2" KundStatus="3" KundAufDat="2000-06-27"/>
  <Kunden KundenNr="8862" KundEigtNr="9485" KundArt="2" KundStatus="3" KundAufDat="2000-06-27"/>
  <Kunden KundenNr="8863" KundEigtNr="9486" KundArt="2" KundStatus="3" KundAufDat="2000-06-27"/>
  <Kunden KundenNr="8864" KundEigtNr="9487" KundArt="2" KundStatus="3" KundAufDat="2000-06-27"/>
  <Kunden KundenNr="8865" KundEigtNr="9488" KundArt="8" KundStatus="3" KundAufDat="2000-06-27"/>
  <Kunden KundenNr="8866" KundEigtNr="9489" KundArt="8" KundStatus="3" KundAufDat="2000-06-27"/>
  <Kunden KundenNr="8867" KundEigtNr="9490" KundArt="8" KundStatus="3" KundAufDat="2000-06-27"/>
  <Kunden KundenNr="8868" KundEigtNr="9491" KundArt="2" KundStatus="3" KundAufDat="2000-06-27"/>
  <Kunden KundenNr="8869" KundEigtNr="9492" KundArt="8" KundStatus="3" KundAufDat="2000-06-27"/>
  <Kunden KundenNr="8870" KundEigtNr="1631" KundArt="8" KundStatus="3" KundAufDat="2000-06-27"/>
  <Kunden KundenNr="8871" KundEigtNr="9493" KundArt="8" KundStatus="3" KundAufDat="2000-06-27"/>
  <Kunden KundenNr="8872" KundEigtNr="9494" KundArt="2" KundStatus="3" KundAufDat="2000-06-28"/>
  <Kunden KundenNr="8873" KundEigtNr="9495" KundArt="8" KundStatus="1" KundAufDat="2000-06-28"/>
  <Kunden KundenNr="8874" KundEigtNr="9496" KundArt="8" KundStatus="3" KundAufDat="2000-06-28"/>
  <Kunden KundenNr="8875" KundEigtNr="9497" KundArt="29" KundStatus="1" KundAufDat="2000-06-28"/>
  <Kunden KundenNr="8876" KundEigtNr="216" KundArt="29" KundStatus="1" KundAufDat="2000-06-28"/>
  <Kunden KundenNr="8877" KundEigtNr="9498" KundArt="8" KundStatus="1" KundAufDat="2000-06-28"/>
  <Kunden KundenNr="8878" KundEigtNr="9499" KundArt="8" KundStatus="3" KundAufDat="2000-06-28"/>
  <Kunden KundenNr="8879" KundEigtNr="9500" KundArt="8" KundStatus="3" KundAufDat="2000-06-28"/>
  <Kunden KundenNr="8880" KundEigtNr="1787" KundArt="8" KundStatus="3" KundAufDat="2000-06-28"/>
  <Kunden KundenNr="8881" KundEigtNr="9501" KundArt="8" KundStatus="3" KundAufDat="2000-06-28"/>
  <Kunden KundenNr="8882" KundEigtNr="9502" KundArt="8" KundStatus="3" KundAufDat="2000-06-28"/>
  <Kunden KundenNr="8883" KundEigtNr="9503" KundArt="8" KundStatus="3" KundAufDat="2000-06-28"/>
  <Kunden KundenNr="8884" KundEigtNr="9504" KundArt="8" KundStatus="3" KundAufDat="2000-06-28"/>
  <Kunden KundenNr="8885" KundEigtNr="9505" KundArt="2" KundStatus="3" KundAufDat="2000-06-29"/>
  <Kunden KundenNr="8886" KundEigtNr="9506" KundArt="2" KundStatus="3" KundAufDat="2000-06-29"/>
  <Kunden KundenNr="8887" KundEigtNr="9507" KundArt="8" KundStatus="3" KundAufDat="2000-06-29"/>
  <Kunden KundenNr="8888" KundEigtNr="9508" KundArt="29" KundStatus="1" KundAufDat="2000-06-29"/>
  <Kunden KundenNr="8889" KundEigtNr="9509" KundArt="2" KundStatus="3" KundAufDat="2000-06-29"/>
  <Kunden KundenNr="8890" KundEigtNr="9510" KundArt="29" KundStatus="1" KundAufDat="2000-06-29"/>
  <Kunden KundenNr="8891" KundEigtNr="9511" KundArt="29" KundStatus="1" KundAufDat="2000-06-29"/>
  <Kunden KundenNr="8892" KundEigtNr="9512" KundArt="8" KundStatus="3" KundAufDat="2000-06-29"/>
  <Kunden KundenNr="8893" KundEigtNr="9513" KundArt="29" KundStatus="1" KundAufDat="2000-06-29"/>
  <Kunden KundenNr="8894" KundEigtNr="9514" KundArt="8" KundStatus="3" KundAufDat="2000-06-30"/>
  <Kunden KundenNr="8895" KundEigtNr="9515" KundArt="8" KundStatus="3" KundAufDat="2000-06-30"/>
  <Kunden KundenNr="8896" KundEigtNr="9516" KundArt="8" KundStatus="3" KundAufDat="2000-07-01"/>
  <Kunden KundenNr="8897" KundEigtNr="9517" KundArt="2" KundStatus="3" KundAufDat="2000-07-03"/>
  <Kunden KundenNr="8898" KundEigtNr="9518" KundArt="8" KundStatus="3" KundAufDat="2000-07-03"/>
  <Kunden KundenNr="8899" KundEigtNr="9519" KundArt="8" KundStatus="3" KundAufDat="2000-07-03"/>
  <Kunden KundenNr="8900" KundEigtNr="9521" KundArt="8" KundStatus="3" KundAufDat="2000-07-03"/>
  <Kunden KundenNr="8901" KundEigtNr="9522" KundArt="8" KundStatus="3" KundAufDat="2000-07-03"/>
  <Kunden KundenNr="8902" KundEigtNr="9523" KundArt="8" KundStatus="1" KundAufDat="2000-07-03"/>
  <Kunden KundenNr="8903" KundEigtNr="9524" KundArt="8" KundStatus="1" KundAufDat="2000-07-03"/>
  <Kunden KundenNr="8904" KundEigtNr="9525" KundArt="2" KundStatus="3" KundAufDat="2000-07-03"/>
  <Kunden KundenNr="8905" KundEigtNr="9526" KundArt="2" KundStatus="3" KundAufDat="2000-07-03"/>
  <Kunden KundenNr="8907" KundEigtNr="821" KundArt="8" KundStatus="3" KundAufDat="2000-07-03"/>
  <Kunden KundenNr="8908" KundEigtNr="420" KundArt="8" KundStatus="3" KundAufDat="2000-07-03"/>
  <Kunden KundenNr="8909" KundEigtNr="9528" KundArt="2" KundStatus="3" KundAufDat="2000-07-04"/>
  <Kunden KundenNr="8910" KundEigtNr="9529" KundArt="8" KundStatus="3" KundAufDat="2000-07-04"/>
  <Kunden KundenNr="8911" KundEigtNr="8989" KundArt="8" KundStatus="3" KundAufDat="2000-07-04"/>
  <Kunden KundenNr="8912" KundEigtNr="9530" KundArt="2" KundStatus="3" KundAufDat="2000-07-04"/>
  <Kunden KundenNr="8913" KundEigtNr="9531" KundArt="2" KundStatus="3" KundAufDat="2000-07-05"/>
  <Kunden KundenNr="8914" KundEigtNr="9532" KundArt="2" KundStatus="3" KundAufDat="2000-07-05"/>
  <Kunden KundenNr="8915" KundEigtNr="9534" KundArt="8" KundStatus="3" KundAufDat="2000-07-05"/>
  <Kunden KundenNr="8916" KundEigtNr="9535" KundArt="2" KundStatus="3" KundAufDat="2000-07-05"/>
  <Kunden KundenNr="8917" KundEigtNr="9536" KundArt="29" KundStatus="1" KundAufDat="2000-07-06"/>
  <Kunden KundenNr="8918" KundEigtNr="9537" KundArt="8" KundStatus="3" KundAufDat="2000-07-06"/>
  <Kunden KundenNr="8919" KundEigtNr="9538" KundArt="29" KundStatus="1" KundAufDat="2000-07-06"/>
  <Kunden KundenNr="8920" KundEigtNr="9539" KundArt="8" KundStatus="3" KundAufDat="2000-07-06"/>
  <Kunden KundenNr="8921" KundEigtNr="9540" KundArt="29" KundStatus="1" KundAufDat="2000-07-06"/>
  <Kunden KundenNr="8922" KundEigtNr="9541" KundArt="2" KundStatus="3" KundAufDat="2000-07-06"/>
  <Kunden KundenNr="8923" KundEigtNr="9542" KundArt="8" KundStatus="1" KundAufDat="2000-07-07"/>
  <Kunden KundenNr="8924" KundEigtNr="9543" KundArt="29" KundStatus="1" KundAufDat="2000-07-07"/>
  <Kunden KundenNr="8925" KundEigtNr="9544" KundArt="29" KundStatus="1" KundAufDat="2000-07-07"/>
  <Kunden KundenNr="8926" KundEigtNr="9545" KundArt="8" KundStatus="3" KundAufDat="2000-07-07"/>
  <Kunden KundenNr="8927" KundEigtNr="2418" KundArt="29" KundStatus="1" KundAufDat="2000-07-07"/>
  <Kunden KundenNr="8928" KundEigtNr="9546" KundArt="8" KundStatus="3" KundAufDat="2000-07-10"/>
  <Kunden KundenNr="8929" KundEigtNr="9547" KundArt="1" KundStatus="3" KundAufDat="2000-07-10"/>
  <Kunden KundenNr="8930" KundEigtNr="9548" KundArt="8" KundStatus="3" KundAufDat="2000-07-10"/>
  <Kunden KundenNr="8931" KundEigtNr="9549" KundArt="8" KundStatus="3" KundAufDat="2000-07-10"/>
  <Kunden KundenNr="8932" KundEigtNr="9550" KundArt="8" KundStatus="3" KundAufDat="2000-07-10"/>
  <Kunden KundenNr="8933" KundEigtNr="8760" KundArt="2" KundStatus="3" KundAufDat="2000-07-10"/>
  <Kunden KundenNr="8934" KundEigtNr="9551" KundArt="2" KundStatus="3" KundAufDat="2000-07-10"/>
  <Kunden KundenNr="8935" KundEigtNr="9552" KundArt="8" KundStatus="3" KundAufDat="2000-07-10"/>
  <Kunden KundenNr="8936" KundEigtNr="9553" KundArt="2" KundStatus="3" KundAufDat="2000-07-10"/>
  <Kunden KundenNr="8937" KundEigtNr="9554" KundArt="1" KundStatus="1" KundAufDat="2000-07-10"/>
  <Kunden KundenNr="8938" KundEigtNr="9555" KundArt="2" KundStatus="3" KundAufDat="2000-07-10"/>
  <Kunden KundenNr="8939" KundEigtNr="9556" KundArt="2" KundStatus="1" KundAufDat="2000-07-11"/>
  <Kunden KundenNr="8940" KundEigtNr="9557" KundArt="2" KundStatus="3" KundAufDat="2000-07-11"/>
  <Kunden KundenNr="8941" KundEigtNr="9548" KundArt="2" KundStatus="1" KundAufDat="2000-07-11"/>
  <Kunden KundenNr="8942" KundEigtNr="9558" KundArt="8" KundStatus="3" KundAufDat="2000-07-11"/>
  <Kunden KundenNr="8943" KundEigtNr="9559" KundArt="2" KundStatus="3" KundAufDat="2000-07-11"/>
  <Kunden KundenNr="8944" KundEigtNr="9560" KundArt="8" KundStatus="3" KundAufDat="2000-07-11"/>
  <Kunden KundenNr="8945" KundEigtNr="9561" KundArt="1" KundStatus="3" KundAufDat="2000-07-11"/>
  <Kunden KundenNr="8946" KundEigtNr="9562" KundArt="29" KundStatus="1" KundAufDat="2000-07-12"/>
  <Kunden KundenNr="8947" KundEigtNr="9563" KundArt="1" KundStatus="3" KundAufDat="2000-07-12"/>
  <Kunden KundenNr="8948" KundEigtNr="9564" KundArt="2" KundStatus="3" KundAufDat="2000-07-12"/>
  <Kunden KundenNr="8949" KundEigtNr="5251" KundArt="8" KundStatus="3" KundAufDat="2000-07-12"/>
  <Kunden KundenNr="8950" KundEigtNr="9565" KundArt="8" KundStatus="1" KundAufDat="2000-07-12"/>
  <Kunden KundenNr="8951" KundEigtNr="9566" KundArt="8" KundStatus="3" KundAufDat="2000-07-13"/>
  <Kunden KundenNr="8952" KundEigtNr="9567" KundArt="1" KundStatus="3" KundAufDat="2000-07-14"/>
  <Kunden KundenNr="8953" KundEigtNr="7575" KundArt="2" KundStatus="3" KundAufDat="2000-07-14"/>
  <Kunden KundenNr="8954" KundEigtNr="5931" KundArt="8" KundStatus="3" KundAufDat="2000-07-14"/>
  <Kunden KundenNr="8955" KundEigtNr="9568" KundArt="1" KundStatus="1" KundAufDat="2000-07-17"/>
  <Kunden KundenNr="8956" KundEigtNr="8841" KundArt="8" KundStatus="3" KundAufDat="2000-07-17"/>
  <Kunden KundenNr="8957" KundEigtNr="3569" KundArt="8" KundStatus="3" KundAufDat="2000-07-17"/>
  <Kunden KundenNr="8958" KundEigtNr="9569" KundArt="2" KundStatus="3" KundAufDat="2000-07-17"/>
  <Kunden KundenNr="8959" KundEigtNr="9570" KundArt="2" KundStatus="3" KundAufDat="2000-07-17"/>
  <Kunden KundenNr="8960" KundEigtNr="9571" KundArt="2" KundStatus="3" KundAufDat="2000-07-17"/>
  <Kunden KundenNr="8961" KundEigtNr="9572" KundArt="2" KundStatus="3" KundAufDat="2000-07-17"/>
  <Kunden KundenNr="8962" KundEigtNr="9573" KundArt="8" KundStatus="3" KundAufDat="2000-07-17"/>
  <Kunden KundenNr="8963" KundEigtNr="9574" KundArt="2" KundStatus="3" KundAufDat="2000-07-17"/>
  <Kunden KundenNr="8964" KundEigtNr="9575" KundArt="2" KundStatus="3" KundAufDat="2000-07-18"/>
  <Kunden KundenNr="8965" KundEigtNr="9576" KundArt="29" KundStatus="1" KundAufDat="2000-07-18"/>
  <Kunden KundenNr="8966" KundEigtNr="9577" KundArt="29" KundStatus="1" KundAufDat="2000-07-18"/>
  <Kunden KundenNr="8967" KundEigtNr="9578" KundArt="29" KundStatus="1" KundAufDat="2000-07-18"/>
  <Kunden KundenNr="8968" KundEigtNr="9579" KundArt="29" KundStatus="1" KundAufDat="2000-07-18"/>
  <Kunden KundenNr="8969" KundEigtNr="9580" KundArt="2" KundStatus="3" KundAufDat="2000-07-19"/>
  <Kunden KundenNr="8970" KundEigtNr="9581" KundArt="29" KundStatus="1" KundAufDat="2000-07-19"/>
  <Kunden KundenNr="8971" KundEigtNr="9582" KundArt="29" KundStatus="1" KundAufDat="2000-07-19"/>
  <Kunden KundenNr="8972" KundEigtNr="9583" KundArt="1" KundStatus="1" KundAufDat="2000-07-19"/>
  <Kunden KundenNr="8973" KundEigtNr="8598" KundArt="2" KundStatus="3" KundAufDat="2000-07-19"/>
  <Kunden KundenNr="8974" KundEigtNr="9584" KundArt="2" KundStatus="3" KundAufDat="2000-07-20"/>
  <Kunden KundenNr="8975" KundEigtNr="9585" KundArt="8" KundStatus="3" KundAufDat="2000-07-20"/>
  <Kunden KundenNr="8976" KundEigtNr="9586" KundArt="8" KundStatus="3" KundAufDat="2000-07-20"/>
  <Kunden KundenNr="8977" KundEigtNr="9587" KundArt="29" KundStatus="1" KundAufDat="2000-07-20"/>
  <Kunden KundenNr="8978" KundEigtNr="8364" KundArt="8" KundStatus="3" KundAufDat="2000-07-20"/>
  <Kunden KundenNr="8979" KundEigtNr="9588" KundArt="2" KundStatus="3" KundAufDat="2000-07-20"/>
  <Kunden KundenNr="8980" KundEigtNr="9589" KundArt="29" KundStatus="1" KundAufDat="2000-07-21"/>
  <Kunden KundenNr="8981" KundEigtNr="9590" KundArt="29" KundStatus="1" KundAufDat="2000-07-21"/>
  <Kunden KundenNr="8982" KundEigtNr="9591" KundArt="29" KundStatus="1" KundAufDat="2000-07-21"/>
  <Kunden KundenNr="8983" KundEigtNr="8070" KundArt="29" KundStatus="1" KundAufDat="2000-07-21"/>
  <Kunden KundenNr="8984" KundEigtNr="9592" KundArt="8" KundStatus="3" KundAufDat="2000-07-24"/>
  <Kunden KundenNr="8985" KundEigtNr="9593" KundArt="8" KundStatus="3" KundAufDat="2000-07-24"/>
  <Kunden KundenNr="8986" KundEigtNr="9595" KundArt="8" KundStatus="3" KundAufDat="2000-07-24"/>
  <Kunden KundenNr="8987" KundEigtNr="9596" KundArt="8" KundStatus="3" KundAufDat="2000-07-24"/>
  <Kunden KundenNr="8988" KundEigtNr="9597" KundArt="8" KundStatus="3" KundAufDat="2000-07-24"/>
  <Kunden KundenNr="8989" KundEigtNr="9598" KundArt="8" KundStatus="3" KundAufDat="2000-07-24"/>
  <Kunden KundenNr="8990" KundEigtNr="9599" KundArt="29" KundStatus="1" KundAufDat="2000-07-25"/>
  <Kunden KundenNr="8991" KundEigtNr="9600" KundArt="2" KundStatus="3" KundAufDat="2000-07-25"/>
  <Kunden KundenNr="8992" KundEigtNr="9601" KundArt="8" KundStatus="3" KundAufDat="2000-07-25"/>
  <Kunden KundenNr="8993" KundEigtNr="9602" KundArt="8" KundStatus="3" KundAufDat="2000-07-25"/>
  <Kunden KundenNr="8994" KundEigtNr="9603" KundArt="29" KundStatus="1" KundAufDat="2000-07-25"/>
  <Kunden KundenNr="8995" KundEigtNr="9604" KundArt="8" KundStatus="3" KundAufDat="2000-07-25"/>
  <Kunden KundenNr="8996" KundEigtNr="9605" KundArt="29" KundStatus="1" KundAufDat="2000-07-26"/>
  <Kunden KundenNr="8997" KundEigtNr="9606" KundArt="8" KundStatus="3" KundAufDat="2000-07-26"/>
  <Kunden KundenNr="8998" KundEigtNr="9607" KundArt="8" KundStatus="3" KundAufDat="2000-07-27"/>
  <Kunden KundenNr="8999" KundEigtNr="9608" KundArt="29" KundStatus="1" KundAufDat="2000-07-27"/>
  <Kunden KundenNr="9000" KundEigtNr="9609" KundArt="29" KundStatus="1" KundAufDat="2000-07-27"/>
  <Kunden KundenNr="9002" KundEigtNr="9611" KundArt="29" KundStatus="1" KundAufDat="2000-07-27"/>
  <Kunden KundenNr="9003" KundEigtNr="9612" KundArt="8" KundStatus="3" KundAufDat="2000-07-27"/>
  <Kunden KundenNr="9004" KundEigtNr="9613" KundArt="1" KundStatus="3" KundAufDat="2000-07-27"/>
  <Kunden KundenNr="9005" KundEigtNr="9614" KundArt="2" KundStatus="3" KundAufDat="2000-07-28"/>
  <Kunden KundenNr="9006" KundEigtNr="8705" KundArt="29" KundStatus="1" KundAufDat="2000-07-28"/>
  <Kunden KundenNr="9007" KundEigtNr="9615" KundArt="8" KundStatus="3" KundAufDat="2000-07-28"/>
  <Kunden KundenNr="9008" KundEigtNr="9616" KundArt="8" KundStatus="3" KundAufDat="2000-07-28"/>
  <Kunden KundenNr="9009" KundEigtNr="9617" KundArt="8" KundStatus="3" KundAufDat="2000-07-29"/>
  <Kunden KundenNr="9010" KundEigtNr="9618" KundArt="1" KundStatus="3" KundAufDat="2000-07-31"/>
  <Kunden KundenNr="9011" KundEigtNr="9370" KundArt="8" KundStatus="3" KundAufDat="2000-07-31"/>
  <Kunden KundenNr="9012" KundEigtNr="9619" KundArt="2" KundStatus="3" KundAufDat="2000-07-31"/>
  <Kunden KundenNr="9013" KundEigtNr="9620" KundArt="8" KundStatus="3" KundAufDat="2000-07-31"/>
  <Kunden KundenNr="9014" KundEigtNr="9621" KundArt="2" KundStatus="3" KundAufDat="2000-07-31"/>
  <Kunden KundenNr="9015" KundEigtNr="9622" KundArt="2" KundStatus="3" KundAufDat="2000-07-31"/>
  <Kunden KundenNr="9016" KundEigtNr="9623" KundArt="8" KundStatus="3" KundAufDat="2000-08-01"/>
  <Kunden KundenNr="9017" KundEigtNr="9624" KundArt="2" KundStatus="3" KundAufDat="2000-08-01"/>
  <Kunden KundenNr="9018" KundEigtNr="9625" KundArt="2" KundStatus="3" KundAufDat="2000-08-01"/>
  <Kunden KundenNr="9019" KundEigtNr="9626" KundArt="29" KundStatus="1" KundAufDat="2000-08-01"/>
  <Kunden KundenNr="9020" KundEigtNr="9627" KundArt="29" KundStatus="1" KundAufDat="2000-08-01"/>
  <Kunden KundenNr="9021" KundEigtNr="9628" KundArt="2" KundStatus="1" KundAufDat="2000-08-01"/>
  <Kunden KundenNr="9022" KundEigtNr="9629" KundArt="8" KundStatus="3" KundAufDat="2000-08-01"/>
  <Kunden KundenNr="9023" KundEigtNr="9630" KundArt="29" KundStatus="1" KundAufDat="2000-08-01"/>
  <Kunden KundenNr="9024" KundEigtNr="9601" KundArt="29" KundStatus="1" KundAufDat="2000-08-01"/>
  <Kunden KundenNr="9025" KundEigtNr="9631" KundArt="14" KundStatus="3" KundAufDat="2000-08-01"/>
  <Kunden KundenNr="9026" KundEigtNr="9632" KundArt="29" KundStatus="1" KundAufDat="2000-08-01"/>
  <Kunden KundenNr="9027" KundEigtNr="9633" KundArt="29" KundStatus="1" KundAufDat="2000-08-01"/>
  <Kunden KundenNr="9028" KundEigtNr="9634" KundArt="2" KundStatus="3" KundAufDat="2000-08-03"/>
  <Kunden KundenNr="9029" KundEigtNr="9635" KundArt="2" KundStatus="3" KundAufDat="2000-08-03"/>
  <Kunden KundenNr="9030" KundEigtNr="9636" KundArt="8" KundStatus="3" KundAufDat="2000-08-03"/>
  <Kunden KundenNr="9031" KundEigtNr="9637" KundArt="29" KundStatus="1" KundAufDat="2000-08-03"/>
  <Kunden KundenNr="9032" KundEigtNr="5190" KundArt="29" KundStatus="1" KundAufDat="2000-08-03"/>
  <Kunden KundenNr="9033" KundEigtNr="9638" KundArt="29" KundStatus="1" KundAufDat="2000-08-03"/>
  <Kunden KundenNr="9034" KundEigtNr="9639" KundArt="1" KundStatus="3" KundAufDat="2000-08-03"/>
  <Kunden KundenNr="9035" KundEigtNr="9641" KundArt="1" KundStatus="3" KundAufDat="2000-08-04"/>
  <Kunden KundenNr="9036" KundEigtNr="9642" KundArt="2" KundStatus="3" KundAufDat="2000-08-04"/>
  <Kunden KundenNr="9037" KundEigtNr="9643" KundArt="8" KundStatus="3" KundAufDat="2000-08-04"/>
  <Kunden KundenNr="9038" KundEigtNr="9644" KundArt="8" KundStatus="3" KundAufDat="2000-08-04"/>
  <Kunden KundenNr="9039" KundEigtNr="9645" KundArt="29" KundStatus="1" KundAufDat="2000-08-05"/>
  <Kunden KundenNr="9040" KundEigtNr="9646" KundArt="29" KundStatus="3" KundAufDat="2000-08-05"/>
  <Kunden KundenNr="9041" KundEigtNr="9647" KundArt="29" KundStatus="1" KundAufDat="2000-08-05"/>
  <Kunden KundenNr="9042" KundEigtNr="9648" KundArt="2" KundStatus="3" KundAufDat="2000-08-07"/>
  <Kunden KundenNr="9043" KundEigtNr="9649" KundArt="8" KundStatus="3" KundAufDat="2000-08-07"/>
  <Kunden KundenNr="9044" KundEigtNr="9650" KundArt="8" KundStatus="3" KundAufDat="2000-08-07"/>
  <Kunden KundenNr="9045" KundEigtNr="9651" KundArt="2" KundStatus="3" KundAufDat="2000-08-07"/>
  <Kunden KundenNr="9046" KundEigtNr="9652" KundArt="8" KundStatus="1" KundAufDat="2000-08-07"/>
  <Kunden KundenNr="9047" KundEigtNr="9653" KundArt="2" KundStatus="3" KundAufDat="2000-08-07"/>
  <Kunden KundenNr="9048" KundEigtNr="9654" KundArt="8" KundStatus="3" KundAufDat="2000-08-07"/>
  <Kunden KundenNr="9049" KundEigtNr="9655" KundArt="8" KundStatus="3" KundAufDat="2000-08-07"/>
  <Kunden KundenNr="9050" KundEigtNr="9656" KundArt="8" KundStatus="3" KundAufDat="2000-08-07"/>
  <Kunden KundenNr="9051" KundEigtNr="9657" KundArt="8" KundStatus="3" KundAufDat="2000-08-07"/>
  <Kunden KundenNr="9052" KundEigtNr="9658" KundArt="8" KundStatus="3" KundAufDat="2000-08-07"/>
  <Kunden KundenNr="9053" KundEigtNr="8448" KundArt="29" KundStatus="1" KundAufDat="2000-08-07"/>
  <Kunden KundenNr="9054" KundEigtNr="9659" KundArt="2" KundStatus="3" KundAufDat="2000-08-07"/>
  <Kunden KundenNr="9055" KundEigtNr="9660" KundArt="2" KundStatus="3" KundAufDat="2000-08-08"/>
  <Kunden KundenNr="9056" KundEigtNr="9661" KundArt="2" KundStatus="3" KundAufDat="2000-08-08"/>
  <Kunden KundenNr="9057" KundEigtNr="9662" KundArt="8" KundStatus="1" KundAufDat="2000-08-08"/>
  <Kunden KundenNr="9058" KundEigtNr="9663" KundArt="8" KundStatus="1" KundAufDat="2000-08-08"/>
  <Kunden KundenNr="9059" KundEigtNr="9664" KundArt="2" KundStatus="3" KundAufDat="2000-08-08"/>
  <Kunden KundenNr="9060" KundEigtNr="9665" KundArt="2" KundStatus="3" KundAufDat="2000-08-09"/>
  <Kunden KundenNr="9061" KundEigtNr="9666" KundArt="29" KundStatus="1" KundAufDat="2000-08-09"/>
  <Kunden KundenNr="9062" KundEigtNr="3026" KundArt="29" KundStatus="1" KundAufDat="2000-08-09"/>
  <Kunden KundenNr="9063" KundEigtNr="6758" KundArt="29" KundStatus="1" KundAufDat="2000-08-09"/>
  <Kunden KundenNr="9064" KundEigtNr="9667" KundArt="29" KundStatus="1" KundAufDat="2000-08-09"/>
  <Kunden KundenNr="9065" KundEigtNr="9668" KundArt="1" KundStatus="1" KundAufDat="2000-08-09"/>
  <Kunden KundenNr="9066" KundEigtNr="9669" KundArt="2" KundStatus="3" KundAufDat="2000-08-10"/>
  <Kunden KundenNr="9067" KundEigtNr="9670" KundArt="29" KundStatus="1" KundAufDat="2000-08-10"/>
  <Kunden KundenNr="9068" KundEigtNr="9671" KundArt="8" KundStatus="3" KundAufDat="2000-08-10"/>
  <Kunden KundenNr="9069" KundEigtNr="9672" KundArt="29" KundStatus="1" KundAufDat="2000-08-10"/>
  <Kunden KundenNr="9070" KundEigtNr="9673" KundArt="29" KundStatus="1" KundAufDat="2000-08-10"/>
  <Kunden KundenNr="9071" KundEigtNr="9674" KundArt="8" KundStatus="3" KundAufDat="2000-08-10"/>
  <Kunden KundenNr="9072" KundEigtNr="9675" KundArt="8" KundStatus="3" KundAufDat="2000-08-11"/>
  <Kunden KundenNr="9073" KundEigtNr="9676" KundArt="29" KundStatus="1" KundAufDat="2000-08-11"/>
  <Kunden KundenNr="9074" KundEigtNr="1126" KundArt="29" KundStatus="1" KundAufDat="2000-08-11"/>
  <Kunden KundenNr="9075" KundEigtNr="9677" KundArt="29" KundStatus="1" KundAufDat="2000-08-11"/>
  <Kunden KundenNr="9076" KundEigtNr="9678" KundArt="8" KundStatus="3" KundAufDat="2000-08-11"/>
  <Kunden KundenNr="9077" KundEigtNr="9679" KundArt="29" KundStatus="1" KundAufDat="2000-08-11"/>
  <Kunden KundenNr="9078" KundEigtNr="9680" KundArt="29" KundStatus="1" KundAufDat="2000-08-11"/>
  <Kunden KundenNr="9079" KundEigtNr="9681" KundArt="29" KundStatus="1" KundAufDat="2000-08-11"/>
  <Kunden KundenNr="9080" KundEigtNr="9682" KundArt="8" KundStatus="3" KundAufDat="2000-08-12"/>
  <Kunden KundenNr="9081" KundEigtNr="9683" KundArt="8" KundStatus="3" KundAufDat="2000-08-14"/>
  <Kunden KundenNr="9082" KundEigtNr="9684" KundArt="8" KundStatus="3" KundAufDat="2000-08-14"/>
  <Kunden KundenNr="9083" KundEigtNr="9685" KundArt="8" KundStatus="3" KundAufDat="2000-08-14"/>
  <Kunden KundenNr="9084" KundEigtNr="9686" KundArt="8" KundStatus="3" KundAufDat="2000-08-14"/>
  <Kunden KundenNr="9085" KundEigtNr="9687" KundArt="2" KundStatus="3" KundAufDat="2000-08-14"/>
  <Kunden KundenNr="9086" KundEigtNr="9688" KundArt="8" KundStatus="3" KundAufDat="2000-08-14"/>
  <Kunden KundenNr="9087" KundEigtNr="9689" KundArt="2" KundStatus="3" KundAufDat="2000-08-14"/>
  <Kunden KundenNr="9088" KundEigtNr="9690" KundArt="2" KundStatus="3" KundAufDat="2000-08-14"/>
  <Kunden KundenNr="9089" KundEigtNr="9691" KundArt="8" KundStatus="3" KundAufDat="2000-08-14"/>
  <Kunden KundenNr="9090" KundEigtNr="9692" KundArt="8" KundStatus="3" KundAufDat="2000-08-14"/>
  <Kunden KundenNr="9091" KundEigtNr="9693" KundArt="8" KundStatus="3" KundAufDat="2000-08-14"/>
  <Kunden KundenNr="9092" KundEigtNr="9694" KundArt="2" KundStatus="3" KundAufDat="2000-08-14"/>
  <Kunden KundenNr="9093" KundEigtNr="9695" KundArt="8" KundStatus="3" KundAufDat="2000-08-14"/>
  <Kunden KundenNr="9094" KundEigtNr="9696" KundArt="2" KundStatus="3" KundAufDat="2000-08-14"/>
  <Kunden KundenNr="9095" KundEigtNr="9697" KundArt="8" KundStatus="1" KundAufDat="2000-08-14"/>
  <Kunden KundenNr="9096" KundEigtNr="9698" KundArt="29" KundStatus="1" KundAufDat="2000-08-14"/>
  <Kunden KundenNr="9097" KundEigtNr="9699" KundArt="8" KundStatus="3" KundAufDat="2000-08-14"/>
  <Kunden KundenNr="9098" KundEigtNr="9700" KundArt="8" KundStatus="3" KundAufDat="2000-08-14"/>
  <Kunden KundenNr="9099" KundEigtNr="9701" KundArt="8" KundStatus="3" KundAufDat="2000-08-14"/>
  <Kunden KundenNr="9100" KundEigtNr="2391" KundArt="8" KundStatus="3" KundAufDat="2000-08-14"/>
  <Kunden KundenNr="9101" KundEigtNr="9702" KundArt="8" KundStatus="1" KundAufDat="2000-08-15"/>
  <Kunden KundenNr="9102" KundEigtNr="9703" KundArt="2" KundStatus="3" KundAufDat="2000-08-15"/>
  <Kunden KundenNr="9103" KundEigtNr="9704" KundArt="8" KundStatus="3" KundAufDat="2000-08-15"/>
  <Kunden KundenNr="9104" KundEigtNr="622" KundArt="1" KundStatus="1" KundAufDat="2000-08-15"/>
  <Kunden KundenNr="9105" KundEigtNr="9705" KundArt="8" KundStatus="3" KundAufDat="2000-08-15"/>
  <Kunden KundenNr="9106" KundEigtNr="9706" KundArt="2" KundStatus="3" KundAufDat="2000-08-15"/>
  <Kunden KundenNr="9107" KundEigtNr="9707" KundArt="1" KundStatus="3" KundAufDat="2000-08-15"/>
  <Kunden KundenNr="9108" KundEigtNr="9708" KundArt="2" KundStatus="3" KundAufDat="2000-08-15"/>
  <Kunden KundenNr="9109" KundEigtNr="9709" KundArt="2" KundStatus="3" KundAufDat="2000-08-15"/>
  <Kunden KundenNr="9110" KundEigtNr="9710" KundArt="2" KundStatus="3" KundAufDat="2000-08-15"/>
  <Kunden KundenNr="9111" KundEigtNr="9711" KundArt="8" KundStatus="3" KundAufDat="2000-08-15"/>
  <Kunden KundenNr="9112" KundEigtNr="9712" KundArt="8" KundStatus="3" KundAufDat="2000-08-15"/>
  <Kunden KundenNr="9113" KundEigtNr="9713" KundArt="29" KundStatus="1" KundAufDat="2000-08-16"/>
  <Kunden KundenNr="9114" KundEigtNr="9714" KundArt="8" KundStatus="3" KundAufDat="2000-08-16"/>
  <Kunden KundenNr="9115" KundEigtNr="9715" KundArt="8" KundStatus="3" KundAufDat="2000-08-16"/>
  <Kunden KundenNr="9116" KundEigtNr="9716" KundArt="8" KundStatus="3" KundAufDat="2000-08-16"/>
  <Kunden KundenNr="9117" KundEigtNr="9717" KundArt="8" KundStatus="3" KundAufDat="2000-08-16"/>
  <Kunden KundenNr="9118" KundEigtNr="9718" KundArt="2" KundStatus="3" KundAufDat="2000-08-16"/>
  <Kunden KundenNr="9119" KundEigtNr="9719" KundArt="8" KundStatus="3" KundAufDat="2000-08-17"/>
  <Kunden KundenNr="9120" KundEigtNr="9720" KundArt="8" KundStatus="3" KundAufDat="2000-08-19"/>
  <Kunden KundenNr="9121" KundEigtNr="9721" KundArt="2" KundStatus="3" KundAufDat="2000-08-21"/>
  <Kunden KundenNr="9122" KundEigtNr="9722" KundArt="2" KundStatus="3" KundAufDat="2000-08-21"/>
  <Kunden KundenNr="9123" KundEigtNr="9723" KundArt="2" KundStatus="3" KundAufDat="2000-08-21"/>
  <Kunden KundenNr="9124" KundEigtNr="10" KundArt="29" KundStatus="1" KundAufDat="2000-08-21"/>
  <Kunden KundenNr="9125" KundEigtNr="9724" KundArt="8" KundStatus="3" KundAufDat="2000-08-21"/>
  <Kunden KundenNr="9126" KundEigtNr="9725" KundArt="2" KundStatus="3" KundAufDat="2000-08-21"/>
  <Kunden KundenNr="9127" KundEigtNr="9726" KundArt="8" KundStatus="3" KundAufDat="2000-08-21"/>
  <Kunden KundenNr="9128" KundEigtNr="9727" KundArt="29" KundStatus="1" KundAufDat="2000-08-21"/>
  <Kunden KundenNr="9129" KundEigtNr="9728" KundArt="2" KundStatus="3" KundAufDat="2000-08-22"/>
  <Kunden KundenNr="9130" KundEigtNr="9729" KundArt="1" KundStatus="3" KundAufDat="2000-08-22"/>
  <Kunden KundenNr="9131" KundEigtNr="9730" KundArt="8" KundStatus="3" KundAufDat="2000-08-22"/>
  <Kunden KundenNr="9132" KundEigtNr="9731" KundArt="8" KundStatus="3" KundAufDat="2000-08-22"/>
  <Kunden KundenNr="9133" KundEigtNr="9732" KundArt="31" KundStatus="3" KundAufDat="2000-08-22"/>
  <Kunden KundenNr="9134" KundEigtNr="9733" KundArt="8" KundStatus="1" KundAufDat="2000-08-22"/>
  <Kunden KundenNr="9135" KundEigtNr="9734" KundArt="8" KundStatus="3" KundAufDat="2000-08-22"/>
  <Kunden KundenNr="9136" KundEigtNr="9735" KundArt="29" KundStatus="1" KundAufDat="2000-08-22"/>
  <Kunden KundenNr="9137" KundEigtNr="9736" KundArt="29" KundStatus="1" KundAufDat="2000-08-22"/>
  <Kunden KundenNr="9138" KundEigtNr="9737" KundArt="29" KundStatus="1" KundAufDat="2000-08-22"/>
  <Kunden KundenNr="9139" KundEigtNr="9738" KundArt="29" KundStatus="1" KundAufDat="2000-08-22"/>
  <Kunden KundenNr="9140" KundEigtNr="9739" KundArt="29" KundStatus="1" KundAufDat="2000-08-22"/>
  <Kunden KundenNr="9141" KundEigtNr="9740" KundArt="2" KundStatus="3" KundAufDat="2000-08-23"/>
  <Kunden KundenNr="9142" KundEigtNr="9741" KundArt="2" KundStatus="3" KundAufDat="2000-08-24"/>
  <Kunden KundenNr="9143" KundEigtNr="9742" KundArt="2" KundStatus="1" KundAufDat="2000-08-24"/>
  <Kunden KundenNr="9144" KundEigtNr="8411" KundArt="2" KundStatus="3" KundAufDat="2000-08-25"/>
  <Kunden KundenNr="9145" KundEigtNr="9743" KundArt="8" KundStatus="3" KundAufDat="2000-08-25"/>
  <Kunden KundenNr="9146" KundEigtNr="9744" KundArt="8" KundStatus="3" KundAufDat="2000-08-26"/>
  <Kunden KundenNr="9147" KundEigtNr="9745" KundArt="2" KundStatus="1" KundAufDat="2000-08-28"/>
  <Kunden KundenNr="9148" KundEigtNr="9746" KundArt="29" KundStatus="1" KundAufDat="2000-08-28"/>
  <Kunden KundenNr="9149" KundEigtNr="9747" KundArt="29" KundStatus="1" KundAufDat="2000-08-28"/>
  <Kunden KundenNr="9150" KundEigtNr="9748" KundArt="2" KundStatus="1" KundAufDat="2000-08-28"/>
  <Kunden KundenNr="9151" KundEigtNr="9749" KundArt="2" KundStatus="1" KundAufDat="2000-08-28"/>
  <Kunden KundenNr="9152" KundEigtNr="9750" KundArt="2" KundStatus="3" KundAufDat="2000-08-28"/>
  <Kunden KundenNr="9153" KundEigtNr="1478" KundArt="2" KundStatus="3" KundAufDat="2000-08-28"/>
  <Kunden KundenNr="9154" KundEigtNr="9751" KundArt="8" KundStatus="3" KundAufDat="2000-08-28"/>
  <Kunden KundenNr="9155" KundEigtNr="9752" KundArt="8" KundStatus="3" KundAufDat="2000-08-28"/>
  <Kunden KundenNr="9156" KundEigtNr="9753" KundArt="8" KundStatus="3" KundAufDat="2000-08-28"/>
  <Kunden KundenNr="9157" KundEigtNr="9754" KundArt="8" KundStatus="3" KundAufDat="2000-08-28"/>
  <Kunden KundenNr="9158" KundEigtNr="9755" KundArt="1" KundStatus="3" KundAufDat="2000-08-28"/>
  <Kunden KundenNr="9159" KundEigtNr="9756" KundArt="8" KundStatus="3" KundAufDat="2000-08-28"/>
  <Kunden KundenNr="9160" KundEigtNr="9757" KundArt="8" KundStatus="3" KundAufDat="2000-08-28"/>
  <Kunden KundenNr="9161" KundEigtNr="9758" KundArt="29" KundStatus="1" KundAufDat="2000-08-28"/>
  <Kunden KundenNr="9162" KundEigtNr="9759" KundArt="8" KundStatus="3" KundAufDat="2000-08-29"/>
  <Kunden KundenNr="9163" KundEigtNr="9760" KundArt="8" KundStatus="3" KundAufDat="2000-08-29"/>
  <Kunden KundenNr="9164" KundEigtNr="9761" KundArt="1" KundStatus="3" KundAufDat="2000-08-29"/>
  <Kunden KundenNr="9165" KundEigtNr="9762" KundArt="8" KundStatus="3" KundAufDat="2000-08-29"/>
  <Kunden KundenNr="9166" KundEigtNr="9763" KundArt="8" KundStatus="1" KundAufDat="2000-08-29"/>
  <Kunden KundenNr="9167" KundEigtNr="9764" KundArt="8" KundStatus="3" KundAufDat="2000-08-30"/>
  <Kunden KundenNr="9168" KundEigtNr="6544" KundArt="1" KundStatus="3" KundAufDat="2000-08-30"/>
  <Kunden KundenNr="9169" KundEigtNr="9765" KundArt="2" KundStatus="3" KundAufDat="2000-08-30"/>
  <Kunden KundenNr="9170" KundEigtNr="9766" KundArt="1" KundStatus="3" KundAufDat="2000-08-30"/>
  <Kunden KundenNr="9171" KundEigtNr="9767" KundArt="2" KundStatus="3" KundAufDat="2000-08-30"/>
  <Kunden KundenNr="9172" KundEigtNr="9768" KundArt="8" KundStatus="3" KundAufDat="2000-08-31"/>
  <Kunden KundenNr="9173" KundEigtNr="9769" KundArt="8" KundStatus="3" KundAufDat="2000-08-31"/>
  <Kunden KundenNr="9174" KundEigtNr="9770" KundArt="8" KundStatus="3" KundAufDat="2000-08-31"/>
  <Kunden KundenNr="9175" KundEigtNr="9771" KundArt="8" KundStatus="3" KundAufDat="2000-08-31"/>
  <Kunden KundenNr="9176" KundEigtNr="9772" KundArt="2" KundStatus="3" KundAufDat="2000-08-31"/>
  <Kunden KundenNr="9177" KundEigtNr="9773" KundArt="2" KundStatus="3" KundAufDat="2000-08-31"/>
  <Kunden KundenNr="9178" KundEigtNr="9774" KundArt="1" KundStatus="3" KundAufDat="2000-09-01"/>
  <Kunden KundenNr="9179" KundEigtNr="9775" KundArt="2" KundStatus="3" KundAufDat="2000-09-04"/>
  <Kunden KundenNr="9180" KundEigtNr="9777" KundArt="2" KundStatus="3" KundAufDat="2000-09-04"/>
  <Kunden KundenNr="9181" KundEigtNr="9778" KundArt="8" KundStatus="3" KundAufDat="2000-09-04"/>
  <Kunden KundenNr="9182" KundEigtNr="9779" KundArt="2" KundStatus="3" KundAufDat="2000-09-04"/>
  <Kunden KundenNr="9183" KundEigtNr="9780" KundArt="2" KundStatus="3" KundAufDat="2000-09-04"/>
  <Kunden KundenNr="9184" KundEigtNr="9781" KundArt="2" KundStatus="3" KundAufDat="2000-09-04"/>
  <Kunden KundenNr="9185" KundEigtNr="9783" KundArt="29" KundStatus="1" KundAufDat="2000-09-04"/>
  <Kunden KundenNr="9186" KundEigtNr="9784" KundArt="8" KundStatus="3" KundAufDat="2000-09-04"/>
  <Kunden KundenNr="9187" KundEigtNr="9785" KundArt="8" KundStatus="3" KundAufDat="2000-09-04"/>
  <Kunden KundenNr="9188" KundEigtNr="9787" KundArt="2" KundStatus="3" KundAufDat="2000-09-04"/>
  <Kunden KundenNr="9189" KundEigtNr="448" KundArt="8" KundStatus="3" KundAufDat="2000-09-05"/>
  <Kunden KundenNr="9190" KundEigtNr="9788" KundArt="2" KundStatus="3" KundAufDat="2000-09-05"/>
  <Kunden KundenNr="9191" KundEigtNr="9789" KundArt="8" KundStatus="3" KundAufDat="2000-09-05"/>
  <Kunden KundenNr="9192" KundEigtNr="8954" KundArt="29" KundStatus="1" KundAufDat="2000-09-05"/>
  <Kunden KundenNr="9193" KundEigtNr="9790" KundArt="1" KundStatus="3" KundAufDat="2000-09-05"/>
  <Kunden KundenNr="9194" KundEigtNr="9791" KundArt="1" KundStatus="3" KundAufDat="2000-09-05"/>
  <Kunden KundenNr="9195" KundEigtNr="9793" KundArt="8" KundStatus="3" KundAufDat="2000-09-06"/>
  <Kunden KundenNr="9196" KundEigtNr="9794" KundArt="2" KundStatus="3" KundAufDat="2000-09-07"/>
  <Kunden KundenNr="9197" KundEigtNr="9795" KundArt="29" KundStatus="1" KundAufDat="2000-09-07"/>
  <Kunden KundenNr="9198" KundEigtNr="9796" KundArt="29" KundStatus="1" KundAufDat="2000-09-07"/>
  <Kunden KundenNr="9199" KundEigtNr="9797" KundArt="29" KundStatus="1" KundAufDat="2000-09-07"/>
  <Kunden KundenNr="9200" KundEigtNr="9801" KundArt="1" KundStatus="3" KundAufDat="2000-09-07"/>
  <Kunden KundenNr="9201" KundEigtNr="9802" KundArt="1" KundStatus="3" KundAufDat="2000-09-08"/>
  <Kunden KundenNr="9202" KundEigtNr="9803" KundArt="2" KundStatus="3" KundAufDat="2000-09-08"/>
  <Kunden KundenNr="9203" KundEigtNr="9804" KundArt="8" KundStatus="3" KundAufDat="2000-09-08"/>
  <Kunden KundenNr="9204" KundEigtNr="5736" KundArt="29" KundStatus="1" KundAufDat="2000-09-08"/>
  <Kunden KundenNr="9205" KundEigtNr="9805" KundArt="2" KundStatus="3" KundAufDat="2000-09-11"/>
  <Kunden KundenNr="9206" KundEigtNr="9806" KundArt="29" KundStatus="1" KundAufDat="2000-09-11"/>
  <Kunden KundenNr="9207" KundEigtNr="9807" KundArt="29" KundStatus="1" KundAufDat="2000-09-11"/>
  <Kunden KundenNr="9208" KundEigtNr="9808" KundArt="2" KundStatus="3" KundAufDat="2000-09-11"/>
  <Kunden KundenNr="9209" KundEigtNr="9809" KundArt="2" KundStatus="3" KundAufDat="2000-09-11"/>
  <Kunden KundenNr="9210" KundEigtNr="9810" KundArt="2" KundStatus="3" KundAufDat="2000-09-11"/>
  <Kunden KundenNr="9211" KundEigtNr="9811" KundArt="8" KundStatus="3" KundAufDat="2000-09-11"/>
  <Kunden KundenNr="9212" KundEigtNr="9812" KundArt="2" KundStatus="3" KundAufDat="2000-09-11"/>
  <Kunden KundenNr="9213" KundEigtNr="9813" KundArt="2" KundStatus="3" KundAufDat="2000-09-11"/>
  <Kunden KundenNr="9214" KundEigtNr="9814" KundArt="2" KundStatus="3" KundAufDat="2000-09-11"/>
  <Kunden KundenNr="9215" KundEigtNr="9815" KundArt="2" KundStatus="3" KundAufDat="2000-09-11"/>
  <Kunden KundenNr="9216" KundEigtNr="9811" KundArt="1" KundStatus="3" KundAufDat="2000-09-12"/>
  <Kunden KundenNr="9217" KundEigtNr="9816" KundArt="8" KundStatus="3" KundAufDat="2000-09-12"/>
  <Kunden KundenNr="9218" KundEigtNr="9817" KundArt="8" KundStatus="3" KundAufDat="2000-09-12"/>
  <Kunden KundenNr="9219" KundEigtNr="5841" KundArt="29" KundStatus="3" KundAufDat="2000-09-12"/>
  <Kunden KundenNr="9220" KundEigtNr="9818" KundArt="8" KundStatus="3" KundAufDat="2000-09-12"/>
  <Kunden KundenNr="9221" KundEigtNr="9819" KundArt="8" KundStatus="3" KundAufDat="2000-09-12"/>
  <Kunden KundenNr="9222" KundEigtNr="9820" KundArt="2" KundStatus="3" KundAufDat="2000-09-13"/>
  <Kunden KundenNr="9223" KundEigtNr="9821" KundArt="2" KundStatus="3" KundAufDat="2000-09-13"/>
  <Kunden KundenNr="9224" KundEigtNr="9822" KundArt="29" KundStatus="1" KundAufDat="2000-09-13"/>
  <Kunden KundenNr="9225" KundEigtNr="9823" KundArt="29" KundStatus="1" KundAufDat="2000-09-13"/>
  <Kunden KundenNr="9226" KundEigtNr="9824" KundArt="29" KundStatus="1" KundAufDat="2000-09-13"/>
  <Kunden KundenNr="9227" KundEigtNr="9825" KundArt="29" KundStatus="1" KundAufDat="2000-09-13"/>
  <Kunden KundenNr="9228" KundEigtNr="9826" KundArt="2" KundStatus="3" KundAufDat="2000-09-14"/>
  <Kunden KundenNr="9229" KundEigtNr="9827" KundArt="2" KundStatus="3" KundAufDat="2000-09-14"/>
  <Kunden KundenNr="9230" KundEigtNr="9828" KundArt="8" KundStatus="3" KundAufDat="2000-09-14"/>
  <Kunden KundenNr="9231" KundEigtNr="9829" KundArt="29" KundStatus="1" KundAufDat="2000-09-14"/>
  <Kunden KundenNr="9232" KundEigtNr="9830" KundArt="1" KundStatus="1" KundAufDat="2000-09-14"/>
  <Kunden KundenNr="9233" KundEigtNr="7001" KundArt="1" KundStatus="3" KundAufDat="2000-09-14"/>
  <Kunden KundenNr="9234" KundEigtNr="9831" KundArt="2" KundStatus="3" KundAufDat="2000-09-14"/>
  <Kunden KundenNr="9235" KundEigtNr="9832" KundArt="2" KundStatus="3" KundAufDat="2000-09-14"/>
  <Kunden KundenNr="9236" KundEigtNr="9833" KundArt="8" KundStatus="3" KundAufDat="2000-09-14"/>
  <Kunden KundenNr="9237" KundEigtNr="9834" KundArt="29" KundStatus="1" KundAufDat="2000-09-15"/>
  <Kunden KundenNr="9238" KundEigtNr="9835" KundArt="8" KundStatus="3" KundAufDat="2000-09-15"/>
  <Kunden KundenNr="9239" KundEigtNr="9836" KundArt="29" KundStatus="1" KundAufDat="2000-09-15"/>
  <Kunden KundenNr="9240" KundEigtNr="9837" KundArt="29" KundStatus="1" KundAufDat="2000-09-15"/>
  <Kunden KundenNr="9241" KundEigtNr="9838" KundArt="29" KundStatus="1" KundAufDat="2000-09-18"/>
  <Kunden KundenNr="9242" KundEigtNr="9839" KundArt="8" KundStatus="3" KundAufDat="2000-09-18"/>
  <Kunden KundenNr="9243" KundEigtNr="9840" KundArt="8" KundStatus="3" KundAufDat="2000-09-18"/>
  <Kunden KundenNr="9244" KundEigtNr="9702" KundArt="2" KundStatus="3" KundAufDat="2000-09-18"/>
  <Kunden KundenNr="9245" KundEigtNr="9841" KundArt="2" KundStatus="3" KundAufDat="2000-09-18"/>
  <Kunden KundenNr="9246" KundEigtNr="9842" KundArt="2" KundStatus="3" KundAufDat="2000-09-18"/>
  <Kunden KundenNr="9247" KundEigtNr="9843" KundArt="2" KundStatus="3" KundAufDat="2000-09-18"/>
  <Kunden KundenNr="9248" KundEigtNr="5768" KundArt="8" KundStatus="3" KundAufDat="2000-09-18"/>
  <Kunden KundenNr="9249" KundEigtNr="9844" KundArt="8" KundStatus="3" KundAufDat="2000-09-18"/>
  <Kunden KundenNr="9250" KundEigtNr="9845" KundArt="2" KundStatus="3" KundAufDat="2000-09-18"/>
  <Kunden KundenNr="9251" KundEigtNr="9846" KundArt="2" KundStatus="3" KundAufDat="2000-09-19"/>
  <Kunden KundenNr="9252" KundEigtNr="9847" KundArt="2" KundStatus="3" KundAufDat="2000-09-19"/>
  <Kunden KundenNr="9253" KundEigtNr="9848" KundArt="2" KundStatus="3" KundAufDat="2000-09-19"/>
  <Kunden KundenNr="9254" KundEigtNr="9849" KundArt="8" KundStatus="3" KundAufDat="2000-09-19"/>
  <Kunden KundenNr="9255" KundEigtNr="9850" KundArt="29" KundStatus="1" KundAufDat="2000-09-19"/>
  <Kunden KundenNr="9256" KundEigtNr="9851" KundArt="29" KundStatus="1" KundAufDat="2000-09-19"/>
  <Kunden KundenNr="9257" KundEigtNr="9852" KundArt="29" KundStatus="1" KundAufDat="2000-09-19"/>
  <Kunden KundenNr="9258" KundEigtNr="9853" KundArt="29" KundStatus="1" KundAufDat="2000-09-19"/>
  <Kunden KundenNr="9259" KundEigtNr="9854" KundArt="2" KundStatus="3" KundAufDat="2000-09-19"/>
  <Kunden KundenNr="9260" KundEigtNr="8796" KundArt="29" KundStatus="1" KundAufDat="2000-09-19"/>
  <Kunden KundenNr="9261" KundEigtNr="9855" KundArt="29" KundStatus="1" KundAufDat="2000-09-19"/>
  <Kunden KundenNr="9262" KundEigtNr="9856" KundArt="29" KundStatus="1" KundAufDat="2000-09-19"/>
  <Kunden KundenNr="9263" KundEigtNr="9857" KundArt="8" KundStatus="3" KundAufDat="2000-09-19"/>
  <Kunden KundenNr="9264" KundEigtNr="8605" KundArt="8" KundStatus="3" KundAufDat="2000-09-19"/>
  <Kunden KundenNr="9265" KundEigtNr="8593" KundArt="29" KundStatus="1" KundAufDat="2000-09-20"/>
  <Kunden KundenNr="9266" KundEigtNr="9858" KundArt="29" KundStatus="1" KundAufDat="2000-09-20"/>
  <Kunden KundenNr="9267" KundEigtNr="9859" KundArt="8" KundStatus="3" KundAufDat="2000-09-20"/>
  <Kunden KundenNr="9268" KundEigtNr="9860" KundArt="8" KundStatus="3" KundAufDat="2000-09-20"/>
  <Kunden KundenNr="9269" KundEigtNr="9861" KundArt="29" KundStatus="3" KundAufDat="2000-09-20"/>
  <Kunden KundenNr="9270" KundEigtNr="9862" KundArt="29" KundStatus="1" KundAufDat="2000-09-20"/>
  <Kunden KundenNr="9271" KundEigtNr="9863" KundArt="2" KundStatus="3" KundAufDat="2000-09-20"/>
  <Kunden KundenNr="9272" KundEigtNr="1481" KundArt="2" KundStatus="3" KundAufDat="2000-09-20"/>
  <Kunden KundenNr="9273" KundEigtNr="1462" KundArt="29" KundStatus="1" KundAufDat="2000-09-21"/>
  <Kunden KundenNr="9274" KundEigtNr="9865" KundArt="2" KundStatus="3" KundAufDat="2000-09-21"/>
  <Kunden KundenNr="9275" KundEigtNr="9866" KundArt="8" KundStatus="3" KundAufDat="2000-09-21"/>
  <Kunden KundenNr="9276" KundEigtNr="9867" KundArt="8" KundStatus="3" KundAufDat="2000-09-21"/>
  <Kunden KundenNr="9277" KundEigtNr="9868" KundArt="8" KundStatus="3" KundAufDat="2000-09-21"/>
  <Kunden KundenNr="9278" KundEigtNr="9869" KundArt="2" KundStatus="3" KundAufDat="2000-09-21"/>
  <Kunden KundenNr="9279" KundEigtNr="9809" KundArt="8" KundStatus="3" KundAufDat="2000-09-22"/>
  <Kunden KundenNr="9280" KundEigtNr="9870" KundArt="8" KundStatus="3" KundAufDat="2000-09-22"/>
  <Kunden KundenNr="9282" KundEigtNr="9872" KundArt="8" KundStatus="3" KundAufDat="2000-09-22"/>
  <Kunden KundenNr="9283" KundEigtNr="9873" KundArt="8" KundStatus="1" KundAufDat="2000-09-25"/>
  <Kunden KundenNr="9284" KundEigtNr="9874" KundArt="8" KundStatus="3" KundAufDat="2000-09-25"/>
  <Kunden KundenNr="9285" KundEigtNr="9875" KundArt="8" KundStatus="3" KundAufDat="2000-09-25"/>
  <Kunden KundenNr="9286" KundEigtNr="9876" KundArt="8" KundStatus="3" KundAufDat="2000-09-25"/>
  <Kunden KundenNr="9287" KundEigtNr="9877" KundArt="2" KundStatus="3" KundAufDat="2000-09-25"/>
  <Kunden KundenNr="9288" KundEigtNr="9878" KundArt="2" KundStatus="3" KundAufDat="2000-09-25"/>
  <Kunden KundenNr="9289" KundEigtNr="9879" KundArt="29" KundStatus="1" KundAufDat="2000-09-25"/>
  <Kunden KundenNr="9290" KundEigtNr="9880" KundArt="8" KundStatus="1" KundAufDat="2000-09-26"/>
  <Kunden KundenNr="9291" KundEigtNr="9881" KundArt="8" KundStatus="1" KundAufDat="2000-09-26"/>
  <Kunden KundenNr="9292" KundEigtNr="9882" KundArt="1" KundStatus="3" KundAufDat="2000-09-26"/>
  <Kunden KundenNr="9293" KundEigtNr="9826" KundArt="8" KundStatus="3" KundAufDat="2000-09-26"/>
  <Kunden KundenNr="9294" KundEigtNr="28201" KundArt="29" KundStatus="1" KundAufDat="2000-09-26"/>
  <Kunden KundenNr="9295" KundEigtNr="9883" KundArt="8" KundStatus="3" KundAufDat="2000-09-26"/>
  <Kunden KundenNr="9296" KundEigtNr="9884" KundArt="8" KundStatus="3" KundAufDat="2000-09-26"/>
  <Kunden KundenNr="9297" KundEigtNr="9885" KundArt="29" KundStatus="1" KundAufDat="2000-09-26"/>
  <Kunden KundenNr="9298" KundEigtNr="9886" KundArt="8" KundStatus="3" KundAufDat="2000-09-27"/>
  <Kunden KundenNr="9299" KundEigtNr="9887" KundArt="14" KundStatus="3" KundAufDat="2000-09-27"/>
  <Kunden KundenNr="9300" KundEigtNr="9888" KundArt="8" KundStatus="3" KundAufDat="2000-09-27"/>
  <Kunden KundenNr="9301" KundEigtNr="9889" KundArt="29" KundStatus="1" KundAufDat="2000-09-27"/>
  <Kunden KundenNr="9302" KundEigtNr="9890" KundArt="8" KundStatus="3" KundAufDat="2000-09-27"/>
  <Kunden KundenNr="9303" KundEigtNr="9839" KundArt="2" KundStatus="3" KundAufDat="2000-09-27"/>
  <Kunden KundenNr="9304" KundEigtNr="9891" KundArt="8" KundStatus="3" KundAufDat="2000-09-27"/>
  <Kunden KundenNr="9305" KundEigtNr="9892" KundArt="8" KundStatus="3" KundAufDat="2000-09-28"/>
  <Kunden KundenNr="9306" KundEigtNr="9893" KundArt="1" KundStatus="3" KundAufDat="2000-09-28"/>
  <Kunden KundenNr="9307" KundEigtNr="9894" KundArt="2" KundStatus="1" KundAufDat="2000-09-28"/>
  <Kunden KundenNr="9308" KundEigtNr="9895" KundArt="2" KundStatus="3" KundAufDat="2000-09-28"/>
  <Kunden KundenNr="9309" KundEigtNr="9896" KundArt="2" KundStatus="3" KundAufDat="2000-09-28"/>
  <Kunden KundenNr="9310" KundEigtNr="9897" KundArt="2" KundStatus="3" KundAufDat="2000-09-28"/>
  <Kunden KundenNr="9311" KundEigtNr="9898" KundArt="2" KundStatus="3" KundAufDat="2000-09-28"/>
  <Kunden KundenNr="9312" KundEigtNr="9899" KundArt="29" KundStatus="1" KundAufDat="2000-09-28"/>
  <Kunden KundenNr="9313" KundEigtNr="9900" KundArt="29" KundStatus="1" KundAufDat="2000-09-28"/>
  <Kunden KundenNr="9314" KundEigtNr="9901" KundArt="8" KundStatus="3" KundAufDat="2000-09-28"/>
  <Kunden KundenNr="9315" KundEigtNr="9902" KundArt="2" KundStatus="3" KundAufDat="2000-09-29"/>
  <Kunden KundenNr="9316" KundEigtNr="9903" KundArt="29" KundStatus="1" KundAufDat="2000-09-29"/>
  <Kunden KundenNr="9317" KundEigtNr="9904" KundArt="8" KundStatus="3" KundAufDat="2000-09-29"/>
  <Kunden KundenNr="9318" KundEigtNr="9905" KundArt="2" KundStatus="3" KundAufDat="2000-09-29"/>
  <Kunden KundenNr="9319" KundEigtNr="9315" KundArt="2" KundStatus="3" KundAufDat="2000-09-29"/>
  <Kunden KundenNr="9320" KundEigtNr="2509" KundArt="2" KundStatus="3" KundAufDat="2000-09-29"/>
  <Kunden KundenNr="9321" KundEigtNr="9906" KundArt="2" KundStatus="3" KundAufDat="2000-09-29"/>
  <Kunden KundenNr="9322" KundEigtNr="9907" KundArt="29" KundStatus="1" KundAufDat="2000-10-04"/>
  <Kunden KundenNr="9323" KundEigtNr="9908" KundArt="8" KundStatus="3" KundAufDat="2000-10-04"/>
  <Kunden KundenNr="9324" KundEigtNr="9909" KundArt="8" KundStatus="3" KundAufDat="2000-10-04"/>
  <Kunden KundenNr="9325" KundEigtNr="9910" KundArt="8" KundStatus="3" KundAufDat="2000-10-04"/>
  <Kunden KundenNr="9326" KundEigtNr="9911" KundArt="8" KundStatus="3" KundAufDat="2000-10-04"/>
  <Kunden KundenNr="9327" KundEigtNr="9912" KundArt="8" KundStatus="3" KundAufDat="2000-10-05"/>
  <Kunden KundenNr="9328" KundEigtNr="9913" KundArt="8" KundStatus="3" KundAufDat="2000-10-05"/>
  <Kunden KundenNr="9329" KundEigtNr="9914" KundArt="8" KundStatus="3" KundAufDat="2000-10-05"/>
  <Kunden KundenNr="9330" KundEigtNr="9915" KundArt="8" KundStatus="3" KundAufDat="2000-10-05"/>
  <Kunden KundenNr="9331" KundEigtNr="9916" KundArt="8" KundStatus="3" KundAufDat="2000-10-05"/>
  <Kunden KundenNr="9332" KundEigtNr="9917" KundArt="8" KundStatus="3" KundAufDat="2000-10-05"/>
  <Kunden KundenNr="9333" KundEigtNr="9918" KundArt="8" KundStatus="3" KundAufDat="2000-10-05"/>
  <Kunden KundenNr="9334" KundEigtNr="9919" KundArt="8" KundStatus="3" KundAufDat="2000-10-05"/>
  <Kunden KundenNr="9335" KundEigtNr="1697" KundArt="1" KundStatus="3" KundAufDat="2000-10-05"/>
  <Kunden KundenNr="9336" KundEigtNr="9920" KundArt="8" KundStatus="3" KundAufDat="2000-10-05"/>
  <Kunden KundenNr="9337" KundEigtNr="9921" KundArt="29" KundStatus="1" KundAufDat="2000-10-06"/>
  <Kunden KundenNr="9338" KundEigtNr="9555" KundArt="8" KundStatus="3" KundAufDat="2000-10-06"/>
  <Kunden KundenNr="9339" KundEigtNr="9922" KundArt="8" KundStatus="3" KundAufDat="2000-10-06"/>
  <Kunden KundenNr="9340" KundEigtNr="9923" KundArt="2" KundStatus="3" KundAufDat="2000-10-06"/>
  <Kunden KundenNr="9341" KundEigtNr="9924" KundArt="29" KundStatus="1" KundAufDat="2000-10-06"/>
  <Kunden KundenNr="9342" KundEigtNr="9925" KundArt="29" KundStatus="1" KundAufDat="2000-10-06"/>
  <Kunden KundenNr="9343" KundEigtNr="9926" KundArt="8" KundStatus="3" KundAufDat="2000-10-09"/>
  <Kunden KundenNr="9344" KundEigtNr="9927" KundArt="8" KundStatus="3" KundAufDat="2000-10-09"/>
  <Kunden KundenNr="9345" KundEigtNr="3613" KundArt="8" KundStatus="3" KundAufDat="2000-10-09"/>
  <Kunden KundenNr="9346" KundEigtNr="9928" KundArt="8" KundStatus="3" KundAufDat="2000-10-09"/>
  <Kunden KundenNr="9347" KundEigtNr="9929" KundArt="8" KundStatus="3" KundAufDat="2000-10-10"/>
  <Kunden KundenNr="9348" KundEigtNr="9930" KundArt="8" KundStatus="3" KundAufDat="2000-10-10"/>
  <Kunden KundenNr="9349" KundEigtNr="9931" KundArt="29" KundStatus="3" KundAufDat="2000-10-10"/>
  <Kunden KundenNr="9350" KundEigtNr="9932" KundArt="8" KundStatus="3" KundAufDat="2000-10-10"/>
  <Kunden KundenNr="9351" KundEigtNr="2240" KundArt="8" KundStatus="3" KundAufDat="2000-10-10"/>
  <Kunden KundenNr="9352" KundEigtNr="9933" KundArt="2" KundStatus="3" KundAufDat="2000-10-10"/>
  <Kunden KundenNr="9353" KundEigtNr="9934" KundArt="2" KundStatus="3" KundAufDat="2000-10-10"/>
  <Kunden KundenNr="9354" KundEigtNr="9935" KundArt="8" KundStatus="3" KundAufDat="2000-10-10"/>
  <Kunden KundenNr="9355" KundEigtNr="9936" KundArt="8" KundStatus="3" KundAufDat="2000-10-11"/>
  <Kunden KundenNr="9356" KundEigtNr="9937" KundArt="2" KundStatus="3" KundAufDat="2000-10-12"/>
  <Kunden KundenNr="9357" KundEigtNr="9938" KundArt="8" KundStatus="3" KundAufDat="2000-10-12"/>
  <Kunden KundenNr="9358" KundEigtNr="9939" KundArt="8" KundStatus="3" KundAufDat="2000-10-12"/>
  <Kunden KundenNr="9359" KundEigtNr="9940" KundArt="8" KundStatus="3" KundAufDat="2000-10-12"/>
  <Kunden KundenNr="9360" KundEigtNr="9941" KundArt="8" KundStatus="3" KundAufDat="2000-10-12"/>
  <Kunden KundenNr="9361" KundEigtNr="9942" KundArt="1" KundStatus="3" KundAufDat="2000-10-12"/>
  <Kunden KundenNr="9362" KundEigtNr="9943" KundArt="2" KundStatus="3" KundAufDat="2000-10-12"/>
  <Kunden KundenNr="9363" KundEigtNr="8832" KundArt="2" KundStatus="3" KundAufDat="2000-10-13"/>
  <Kunden KundenNr="9364" KundEigtNr="9944" KundArt="29" KundStatus="1" KundAufDat="2000-10-13"/>
  <Kunden KundenNr="9365" KundEigtNr="9945" KundArt="8" KundStatus="1" KundAufDat="2000-10-13"/>
  <Kunden KundenNr="9366" KundEigtNr="9946" KundArt="8" KundStatus="3" KundAufDat="2000-10-13"/>
  <Kunden KundenNr="9367" KundEigtNr="9947" KundArt="8" KundStatus="3" KundAufDat="2000-10-16"/>
  <Kunden KundenNr="9368" KundEigtNr="9948" KundArt="1" KundStatus="3" KundAufDat="2000-10-16"/>
  <Kunden KundenNr="9369" KundEigtNr="9949" KundArt="1" KundStatus="3" KundAufDat="2000-10-16"/>
  <Kunden KundenNr="9370" KundEigtNr="9950" KundArt="2" KundStatus="3" KundAufDat="2000-10-16"/>
  <Kunden KundenNr="9371" KundEigtNr="9951" KundArt="2" KundStatus="3" KundAufDat="2000-10-16"/>
  <Kunden KundenNr="9372" KundEigtNr="9952" KundArt="1" KundStatus="1" KundAufDat="2000-10-16"/>
  <Kunden KundenNr="9373" KundEigtNr="9953" KundArt="2" KundStatus="3" KundAufDat="2000-10-16"/>
  <Kunden KundenNr="9374" KundEigtNr="9954" KundArt="1" KundStatus="3" KundAufDat="2000-10-16"/>
  <Kunden KundenNr="9375" KundEigtNr="9955" KundArt="2" KundStatus="3" KundAufDat="2000-10-16"/>
  <Kunden KundenNr="9376" KundEigtNr="6649" KundArt="2" KundStatus="1" KundAufDat="2000-10-16"/>
  <Kunden KundenNr="9377" KundEigtNr="9956" KundArt="2" KundStatus="3" KundAufDat="2000-10-16"/>
  <Kunden KundenNr="9378" KundEigtNr="3178" KundArt="8" KundStatus="3" KundAufDat="2000-10-16"/>
  <Kunden KundenNr="9379" KundEigtNr="9957" KundArt="8" KundStatus="3" KundAufDat="2000-10-16"/>
  <Kunden KundenNr="9380" KundEigtNr="9958" KundArt="8" KundStatus="3" KundAufDat="2000-10-16"/>
  <Kunden KundenNr="9381" KundEigtNr="9959" KundArt="1" KundStatus="3" KundAufDat="2000-10-16"/>
  <Kunden KundenNr="9382" KundEigtNr="9960" KundArt="2" KundStatus="3" KundAufDat="2000-10-17"/>
  <Kunden KundenNr="9383" KundEigtNr="9961" KundArt="1" KundStatus="3" KundAufDat="2000-10-17"/>
  <Kunden KundenNr="9384" KundEigtNr="9962" KundArt="1" KundStatus="3" KundAufDat="2000-10-17"/>
  <Kunden KundenNr="9385" KundEigtNr="9963" KundArt="8" KundStatus="3" KundAufDat="2000-10-17"/>
  <Kunden KundenNr="9386" KundEigtNr="9964" KundArt="29" KundStatus="1" KundAufDat="2000-10-17"/>
  <Kunden KundenNr="9387" KundEigtNr="8412" KundArt="2" KundStatus="3" KundAufDat="2000-10-17"/>
  <Kunden KundenNr="9388" KundEigtNr="9965" KundArt="8" KundStatus="3" KundAufDat="2000-10-17"/>
  <Kunden KundenNr="9389" KundEigtNr="9966" KundArt="2" KundStatus="3" KundAufDat="2000-10-17"/>
  <Kunden KundenNr="9390" KundEigtNr="9967" KundArt="1" KundStatus="3" KundAufDat="2000-10-18"/>
  <Kunden KundenNr="9391" KundEigtNr="9968" KundArt="2" KundStatus="3" KundAufDat="2000-10-18"/>
  <Kunden KundenNr="9392" KundEigtNr="9969" KundArt="8" KundStatus="3" KundAufDat="2000-10-19"/>
  <Kunden KundenNr="9393" KundEigtNr="9970" KundArt="2" KundStatus="3" KundAufDat="2000-10-19"/>
  <Kunden KundenNr="9394" KundEigtNr="8199" KundArt="8" KundStatus="3" KundAufDat="2000-10-19"/>
  <Kunden KundenNr="9395" KundEigtNr="9971" KundArt="8" KundStatus="3" KundAufDat="2000-10-19"/>
  <Kunden KundenNr="9396" KundEigtNr="9972" KundArt="8" KundStatus="3" KundAufDat="2000-10-19"/>
  <Kunden KundenNr="9397" KundEigtNr="9973" KundArt="2" KundStatus="3" KundAufDat="2000-10-20"/>
  <Kunden KundenNr="9398" KundEigtNr="9974" KundArt="2" KundStatus="3" KundAufDat="2000-10-23"/>
  <Kunden KundenNr="9399" KundEigtNr="9975" KundArt="8" KundStatus="3" KundAufDat="2000-10-23"/>
  <Kunden KundenNr="9400" KundEigtNr="9976" KundArt="8" KundStatus="3" KundAufDat="2000-10-24"/>
  <Kunden KundenNr="9401" KundEigtNr="9977" KundArt="29" KundStatus="1" KundAufDat="2000-10-24"/>
  <Kunden KundenNr="9402" KundEigtNr="9978" KundArt="8" KundStatus="3" KundAufDat="2000-10-24"/>
  <Kunden KundenNr="9403" KundEigtNr="9979" KundArt="2" KundStatus="3" KundAufDat="2000-10-24"/>
  <Kunden KundenNr="9404" KundEigtNr="9980" KundArt="2" KundStatus="3" KundAufDat="2000-10-24"/>
  <Kunden KundenNr="9405" KundEigtNr="9981" KundArt="8" KundStatus="3" KundAufDat="2000-10-24"/>
  <Kunden KundenNr="9406" KundEigtNr="9982" KundArt="8" KundStatus="3" KundAufDat="2000-10-24"/>
  <Kunden KundenNr="9407" KundEigtNr="6028" KundArt="29" KundStatus="1" KundAufDat="2000-10-24"/>
  <Kunden KundenNr="9408" KundEigtNr="1928" KundArt="8" KundStatus="3" KundAufDat="2000-10-25"/>
  <Kunden KundenNr="9409" KundEigtNr="9983" KundArt="2" KundStatus="3" KundAufDat="2000-10-26"/>
  <Kunden KundenNr="9410" KundEigtNr="9984" KundArt="29" KundStatus="1" KundAufDat="2000-10-26"/>
  <Kunden KundenNr="9411" KundEigtNr="9985" KundArt="8" KundStatus="3" KundAufDat="2000-10-26"/>
  <Kunden KundenNr="9412" KundEigtNr="9986" KundArt="8" KundStatus="3" KundAufDat="2000-10-27"/>
  <Kunden KundenNr="9413" KundEigtNr="9987" KundArt="8" KundStatus="3" KundAufDat="2000-10-27"/>
  <Kunden KundenNr="9414" KundEigtNr="9988" KundArt="2" KundStatus="3" KundAufDat="2000-10-28"/>
  <Kunden KundenNr="9415" KundEigtNr="9989" KundArt="8" KundStatus="3" KundAufDat="2000-10-30"/>
  <Kunden KundenNr="9416" KundEigtNr="9990" KundArt="8" KundStatus="3" KundAufDat="2000-10-30"/>
  <Kunden KundenNr="9417" KundEigtNr="9991" KundArt="8" KundStatus="3" KundAufDat="2000-10-30"/>
  <Kunden KundenNr="9418" KundEigtNr="9992" KundArt="8" KundStatus="3" KundAufDat="2000-10-30"/>
  <Kunden KundenNr="9419" KundEigtNr="9993" KundArt="8" KundStatus="1" KundAufDat="2000-10-30"/>
  <Kunden KundenNr="9420" KundEigtNr="9994" KundArt="2" KundStatus="3" KundAufDat="2000-10-30"/>
  <Kunden KundenNr="9421" KundEigtNr="9995" KundArt="2" KundStatus="3" KundAufDat="2000-10-30"/>
  <Kunden KundenNr="9422" KundEigtNr="9996" KundArt="2" KundStatus="3" KundAufDat="2000-10-30"/>
  <Kunden KundenNr="9423" KundEigtNr="9997" KundArt="2" KundStatus="3" KundAufDat="2000-10-30"/>
  <Kunden KundenNr="9424" KundEigtNr="9998" KundArt="2" KundStatus="3" KundAufDat="2000-10-30"/>
  <Kunden KundenNr="9425" KundEigtNr="9500" KundArt="2" KundStatus="3" KundAufDat="2000-10-30"/>
  <Kunden KundenNr="9426" KundEigtNr="9999" KundArt="2" KundStatus="3" KundAufDat="2000-10-30"/>
  <Kunden KundenNr="9427" KundEigtNr="10000" KundArt="8" KundStatus="1" KundAufDat="2000-10-30"/>
  <Kunden KundenNr="9428" KundEigtNr="10001" KundArt="8" KundStatus="3" KundAufDat="2000-10-30"/>
  <Kunden KundenNr="9429" KundEigtNr="10002" KundArt="8" KundStatus="3" KundAufDat="2000-10-30"/>
  <Kunden KundenNr="9430" KundEigtNr="10011" KundArt="2" KundStatus="3" KundAufDat="2000-10-30"/>
  <Kunden KundenNr="9431" KundEigtNr="10012" KundArt="8" KundStatus="3" KundAufDat="2000-10-31"/>
  <Kunden KundenNr="9432" KundEigtNr="10013" KundArt="8" KundStatus="3" KundAufDat="2000-10-31"/>
  <Kunden KundenNr="9433" KundEigtNr="10014" KundArt="2" KundStatus="3" KundAufDat="2000-10-31"/>
  <Kunden KundenNr="9434" KundEigtNr="10015" KundArt="29" KundStatus="1" KundAufDat="2000-10-31"/>
  <Kunden KundenNr="9435" KundEigtNr="8730" KundArt="2" KundStatus="3" KundAufDat="2000-10-31"/>
  <Kunden KundenNr="9436" KundEigtNr="10016" KundArt="8" KundStatus="3" KundAufDat="2000-10-31"/>
  <Kunden KundenNr="9437" KundEigtNr="10017" KundArt="8" KundStatus="3" KundAufDat="2000-11-01"/>
  <Kunden KundenNr="9438" KundEigtNr="10021" KundArt="8" KundStatus="3" KundAufDat="2000-11-01"/>
  <Kunden KundenNr="9439" KundEigtNr="10024" KundArt="8" KundStatus="3" KundAufDat="2000-11-02"/>
  <Kunden KundenNr="9440" KundEigtNr="10025" KundArt="8" KundStatus="3" KundAufDat="2000-11-02"/>
  <Kunden KundenNr="9441" KundEigtNr="10028" KundArt="8" KundStatus="3" KundAufDat="2000-11-02"/>
  <Kunden KundenNr="9442" KundEigtNr="10029" KundArt="29" KundStatus="1" KundAufDat="2000-11-02"/>
  <Kunden KundenNr="9443" KundEigtNr="10030" KundArt="2" KundStatus="3" KundAufDat="2000-11-02"/>
  <Kunden KundenNr="9444" KundEigtNr="3109" KundArt="8" KundStatus="3" KundAufDat="2000-11-02"/>
  <Kunden KundenNr="9445" KundEigtNr="10031" KundArt="2" KundStatus="3" KundAufDat="2000-11-03"/>
  <Kunden KundenNr="9446" KundEigtNr="10032" KundArt="2" KundStatus="3" KundAufDat="2000-11-03"/>
  <Kunden KundenNr="9447" KundEigtNr="10033" KundArt="1" KundStatus="3" KundAufDat="2000-11-03"/>
  <Kunden KundenNr="9448" KundEigtNr="10034" KundArt="2" KundStatus="3" KundAufDat="2000-11-03"/>
  <Kunden KundenNr="9449" KundEigtNr="10035" KundArt="29" KundStatus="1" KundAufDat="2000-11-03"/>
  <Kunden KundenNr="9450" KundEigtNr="10036" KundArt="8" KundStatus="3" KundAufDat="2000-11-03"/>
  <Kunden KundenNr="9451" KundEigtNr="10037" KundArt="8" KundStatus="3" KundAufDat="2000-11-03"/>
  <Kunden KundenNr="9452" KundEigtNr="10038" KundArt="8" KundStatus="3" KundAufDat="2000-11-06"/>
  <Kunden KundenNr="9453" KundEigtNr="10039" KundArt="8" KundStatus="3" KundAufDat="2000-11-06"/>
  <Kunden KundenNr="9454" KundEigtNr="10040" KundArt="8" KundStatus="3" KundAufDat="2000-11-06"/>
  <Kunden KundenNr="9455" KundEigtNr="10041" KundArt="2" KundStatus="3" KundAufDat="2000-11-06"/>
  <Kunden KundenNr="9456" KundEigtNr="10042" KundArt="8" KundStatus="3" KundAufDat="2000-11-06"/>
  <Kunden KundenNr="9457" KundEigtNr="10043" KundArt="8" KundStatus="3" KundAufDat="2000-11-06"/>
  <Kunden KundenNr="9458" KundEigtNr="9044" KundArt="8" KundStatus="3" KundAufDat="2000-11-06"/>
  <Kunden KundenNr="9459" KundEigtNr="10044" KundArt="29" KundStatus="1" KundAufDat="2000-11-07"/>
  <Kunden KundenNr="9460" KundEigtNr="10045" KundArt="8" KundStatus="3" KundAufDat="2000-11-07"/>
  <Kunden KundenNr="9461" KundEigtNr="10046" KundArt="8" KundStatus="3" KundAufDat="2000-11-07"/>
  <Kunden KundenNr="9462" KundEigtNr="10047" KundArt="29" KundStatus="1" KundAufDat="2000-11-07"/>
  <Kunden KundenNr="9463" KundEigtNr="10048" KundArt="8" KundStatus="3" KundAufDat="2000-11-07"/>
  <Kunden KundenNr="9464" KundEigtNr="10049" KundArt="8" KundStatus="3" KundAufDat="2000-11-08"/>
  <Kunden KundenNr="9465" KundEigtNr="10050" KundArt="8" KundStatus="3" KundAufDat="2000-11-08"/>
  <Kunden KundenNr="9466" KundEigtNr="10051" KundArt="8" KundStatus="3" KundAufDat="2000-11-08"/>
  <Kunden KundenNr="9467" KundEigtNr="9160" KundArt="29" KundStatus="1" KundAufDat="2000-11-08"/>
  <Kunden KundenNr="9468" KundEigtNr="10052" KundArt="8" KundStatus="3" KundAufDat="2000-11-09"/>
  <Kunden KundenNr="9469" KundEigtNr="10053" KundArt="8" KundStatus="3" KundAufDat="2000-11-09"/>
  <Kunden KundenNr="9470" KundEigtNr="10054" KundArt="8" KundStatus="3" KundAufDat="2000-11-09"/>
  <Kunden KundenNr="9471" KundEigtNr="10055" KundArt="8" KundStatus="3" KundAufDat="2000-11-09"/>
  <Kunden KundenNr="9472" KundEigtNr="10056" KundArt="8" KundStatus="3" KundAufDat="2000-11-09"/>
  <Kunden KundenNr="9473" KundEigtNr="10057" KundArt="2" KundStatus="3" KundAufDat="2000-11-10"/>
  <Kunden KundenNr="9474" KundEigtNr="10058" KundArt="2" KundStatus="3" KundAufDat="2000-11-10"/>
  <Kunden KundenNr="9475" KundEigtNr="10059" KundArt="2" KundStatus="3" KundAufDat="2000-11-10"/>
  <Kunden KundenNr="9476" KundEigtNr="5298" KundArt="2" KundStatus="3" KundAufDat="2000-11-11"/>
  <Kunden KundenNr="9477" KundEigtNr="10060" KundArt="2" KundStatus="3" KundAufDat="2000-11-13"/>
  <Kunden KundenNr="9478" KundEigtNr="10061" KundArt="8" KundStatus="3" KundAufDat="2000-11-13"/>
  <Kunden KundenNr="9479" KundEigtNr="10062" KundArt="8" KundStatus="3" KundAufDat="2000-11-13"/>
  <Kunden KundenNr="9480" KundEigtNr="10063" KundArt="8" KundStatus="3" KundAufDat="2000-11-13"/>
  <Kunden KundenNr="9481" KundEigtNr="10064" KundArt="8" KundStatus="3" KundAufDat="2000-11-13"/>
  <Kunden KundenNr="9482" KundEigtNr="10065" KundArt="8" KundStatus="3" KundAufDat="2000-11-13"/>
  <Kunden KundenNr="9483" KundEigtNr="10066" KundArt="8" KundStatus="3" KundAufDat="2000-11-13"/>
  <Kunden KundenNr="9484" KundEigtNr="10067" KundArt="8" KundStatus="1" KundAufDat="2000-11-13"/>
  <Kunden KundenNr="9485" KundEigtNr="10068" KundArt="8" KundStatus="3" KundAufDat="2000-11-13"/>
  <Kunden KundenNr="9486" KundEigtNr="10069" KundArt="8" KundStatus="3" KundAufDat="2000-11-14"/>
  <Kunden KundenNr="9487" KundEigtNr="10070" KundArt="8" KundStatus="3" KundAufDat="2000-11-14"/>
  <Kunden KundenNr="9488" KundEigtNr="10071" KundArt="8" KundStatus="3" KundAufDat="2000-11-14"/>
  <Kunden KundenNr="9489" KundEigtNr="10072" KundArt="29" KundStatus="1" KundAufDat="2000-11-14"/>
  <Kunden KundenNr="9490" KundEigtNr="10073" KundArt="8" KundStatus="3" KundAufDat="2000-11-14"/>
  <Kunden KundenNr="9491" KundEigtNr="10074" KundArt="1" KundStatus="3" KundAufDat="2000-11-14"/>
  <Kunden KundenNr="9492" KundEigtNr="10075" KundArt="8" KundStatus="1" KundAufDat="2000-11-14"/>
  <Kunden KundenNr="9493" KundEigtNr="10076" KundArt="2" KundStatus="3" KundAufDat="2000-11-14"/>
  <Kunden KundenNr="9494" KundEigtNr="10077" KundArt="2" KundStatus="3" KundAufDat="2000-11-14"/>
  <Kunden KundenNr="9495" KundEigtNr="10078" KundArt="2" KundStatus="3" KundAufDat="2000-11-14"/>
  <Kunden KundenNr="9496" KundEigtNr="10079" KundArt="2" KundStatus="3" KundAufDat="2000-11-14"/>
  <Kunden KundenNr="9497" KundEigtNr="10080" KundArt="8" KundStatus="3" KundAufDat="2000-11-14"/>
  <Kunden KundenNr="9498" KundEigtNr="10081" KundArt="8" KundStatus="3" KundAufDat="2000-11-14"/>
  <Kunden KundenNr="9499" KundEigtNr="10082" KundArt="2" KundStatus="3" KundAufDat="2000-11-15"/>
  <Kunden KundenNr="9500" KundEigtNr="10083" KundArt="1" KundStatus="3" KundAufDat="2000-11-15"/>
  <Kunden KundenNr="9501" KundEigtNr="10084" KundArt="2" KundStatus="3" KundAufDat="2000-11-15"/>
  <Kunden KundenNr="9502" KundEigtNr="8901" KundArt="2" KundStatus="3" KundAufDat="2000-11-15"/>
  <Kunden KundenNr="9503" KundEigtNr="10085" KundArt="29" KundStatus="1" KundAufDat="2000-11-15"/>
  <Kunden KundenNr="9504" KundEigtNr="10086" KundArt="8" KundStatus="3" KundAufDat="2000-11-15"/>
  <Kunden KundenNr="9505" KundEigtNr="10087" KundArt="29" KundStatus="1" KundAufDat="2000-11-16"/>
  <Kunden KundenNr="9506" KundEigtNr="10088" KundArt="8" KundStatus="3" KundAufDat="2000-11-16"/>
  <Kunden KundenNr="9507" KundEigtNr="10089" KundArt="8" KundStatus="3" KundAufDat="2000-11-17"/>
  <Kunden KundenNr="9508" KundEigtNr="10090" KundArt="1" KundStatus="3" KundAufDat="2000-11-17"/>
  <Kunden KundenNr="9509" KundEigtNr="10091" KundArt="2" KundStatus="3" KundAufDat="2000-11-17"/>
  <Kunden KundenNr="9510" KundEigtNr="10092" KundArt="2" KundStatus="3" KundAufDat="2000-11-17"/>
  <Kunden KundenNr="9511" KundEigtNr="10093" KundArt="8" KundStatus="3" KundAufDat="2000-11-17"/>
  <Kunden KundenNr="9512" KundEigtNr="10094" KundArt="29" KundStatus="1" KundAufDat="2000-11-17"/>
  <Kunden KundenNr="9513" KundEigtNr="10095" KundArt="29" KundStatus="1" KundAufDat="2000-11-17"/>
  <Kunden KundenNr="9514" KundEigtNr="10096" KundArt="29" KundStatus="1" KundAufDat="2000-11-17"/>
  <Kunden KundenNr="9515" KundEigtNr="10097" KundArt="2" KundStatus="3" KundAufDat="2000-11-17"/>
  <Kunden KundenNr="9516" KundEigtNr="10098" KundArt="29" KundStatus="1" KundAufDat="2000-11-17"/>
  <Kunden KundenNr="9517" KundEigtNr="3536" KundArt="2" KundStatus="3" KundAufDat="2000-11-20"/>
  <Kunden KundenNr="9518" KundEigtNr="10099" KundArt="8" KundStatus="3" KundAufDat="2000-11-20"/>
  <Kunden KundenNr="9519" KundEigtNr="10100" KundArt="8" KundStatus="3" KundAufDat="2000-11-20"/>
  <Kunden KundenNr="9520" KundEigtNr="10101" KundArt="8" KundStatus="3" KundAufDat="2000-11-20"/>
  <Kunden KundenNr="9521" KundEigtNr="10082" KundArt="8" KundStatus="3" KundAufDat="2000-11-20"/>
  <Kunden KundenNr="9522" KundEigtNr="10102" KundArt="2" KundStatus="3" KundAufDat="2000-11-20"/>
  <Kunden KundenNr="9523" KundEigtNr="10103" KundArt="8" KundStatus="3" KundAufDat="2000-11-20"/>
  <Kunden KundenNr="9524" KundEigtNr="10104" KundArt="29" KundStatus="1" KundAufDat="2000-11-21"/>
  <Kunden KundenNr="9525" KundEigtNr="10105" KundArt="2" KundStatus="3" KundAufDat="2000-11-21"/>
  <Kunden KundenNr="9526" KundEigtNr="10106" KundArt="2" KundStatus="1" KundAufDat="2000-11-21"/>
  <Kunden KundenNr="9527" KundEigtNr="10107" KundArt="8" KundStatus="3" KundAufDat="2000-11-21"/>
  <Kunden KundenNr="9528" KundEigtNr="10108" KundArt="8" KundStatus="3" KundAufDat="2000-11-21"/>
  <Kunden KundenNr="9529" KundEigtNr="3251" KundArt="8" KundStatus="3" KundAufDat="2000-11-21"/>
  <Kunden KundenNr="9530" KundEigtNr="2534" KundArt="2" KundStatus="3" KundAufDat="2000-11-22"/>
  <Kunden KundenNr="9531" KundEigtNr="10109" KundArt="8" KundStatus="3" KundAufDat="2000-11-22"/>
  <Kunden KundenNr="9532" KundEigtNr="10110" KundArt="8" KundStatus="3" KundAufDat="2000-11-22"/>
  <Kunden KundenNr="9533" KundEigtNr="10111" KundArt="8" KundStatus="3" KundAufDat="2000-11-22"/>
  <Kunden KundenNr="9534" KundEigtNr="10112" KundArt="8" KundStatus="3" KundAufDat="2000-11-22"/>
  <Kunden KundenNr="9535" KundEigtNr="10113" KundArt="2" KundStatus="3" KundAufDat="2000-11-23"/>
  <Kunden KundenNr="9536" KundEigtNr="10114" KundArt="29" KundStatus="1" KundAufDat="2000-11-23"/>
  <Kunden KundenNr="9537" KundEigtNr="10115" KundArt="2" KundStatus="3" KundAufDat="2000-11-23"/>
  <Kunden KundenNr="9538" KundEigtNr="10116" KundArt="8" KundStatus="3" KundAufDat="2000-11-23"/>
  <Kunden KundenNr="9539" KundEigtNr="5824" KundArt="8" KundStatus="3" KundAufDat="2000-11-23"/>
  <Kunden KundenNr="9540" KundEigtNr="10117" KundArt="8" KundStatus="3" KundAufDat="2000-11-24"/>
  <Kunden KundenNr="9541" KundEigtNr="10118" KundArt="2" KundStatus="3" KundAufDat="2000-11-27"/>
  <Kunden KundenNr="9542" KundEigtNr="10119" KundArt="2" KundStatus="3" KundAufDat="2000-11-27"/>
  <Kunden KundenNr="9543" KundEigtNr="10120" KundArt="2" KundStatus="3" KundAufDat="2000-11-27"/>
  <Kunden KundenNr="9544" KundEigtNr="10121" KundArt="8" KundStatus="3" KundAufDat="2000-11-27"/>
  <Kunden KundenNr="9545" KundEigtNr="10122" KundArt="2" KundStatus="3" KundAufDat="2000-11-27"/>
  <Kunden KundenNr="9546" KundEigtNr="10123" KundArt="2" KundStatus="3" KundAufDat="2000-11-27"/>
  <Kunden KundenNr="9547" KundEigtNr="10124" KundArt="29" KundStatus="1" KundAufDat="2000-11-28"/>
  <Kunden KundenNr="9548" KundEigtNr="10125" KundArt="29" KundStatus="1" KundAufDat="2000-11-28"/>
  <Kunden KundenNr="9549" KundEigtNr="10126" KundArt="8" KundStatus="3" KundAufDat="2000-11-28"/>
  <Kunden KundenNr="9550" KundEigtNr="7107" KundArt="2" KundStatus="3" KundAufDat="2000-11-29"/>
  <Kunden KundenNr="9551" KundEigtNr="10127" KundArt="8" KundStatus="3" KundAufDat="2000-11-29"/>
  <Kunden KundenNr="9552" KundEigtNr="10128" KundArt="8" KundStatus="3" KundAufDat="2000-11-30"/>
  <Kunden KundenNr="9553" KundEigtNr="10129" KundArt="8" KundStatus="3" KundAufDat="2000-11-30"/>
  <Kunden KundenNr="9554" KundEigtNr="10130" KundArt="8" KundStatus="1" KundAufDat="2000-12-01"/>
  <Kunden KundenNr="9555" KundEigtNr="10131" KundArt="8" KundStatus="3" KundAufDat="2000-12-01"/>
  <Kunden KundenNr="9556" KundEigtNr="10132" KundArt="8" KundStatus="1" KundAufDat="2000-12-04"/>
  <Kunden KundenNr="9557" KundEigtNr="10133" KundArt="1" KundStatus="3" KundAufDat="2000-12-04"/>
  <Kunden KundenNr="9558" KundEigtNr="10134" KundArt="1" KundStatus="3" KundAufDat="2000-12-04"/>
  <Kunden KundenNr="9559" KundEigtNr="10135" KundArt="8" KundStatus="3" KundAufDat="2000-12-04"/>
  <Kunden KundenNr="9560" KundEigtNr="10136" KundArt="2" KundStatus="3" KundAufDat="2000-12-04"/>
  <Kunden KundenNr="9561" KundEigtNr="10137" KundArt="1" KundStatus="3" KundAufDat="2000-12-04"/>
  <Kunden KundenNr="9562" KundEigtNr="10138" KundArt="29" KundStatus="1" KundAufDat="2000-12-04"/>
  <Kunden KundenNr="9563" KundEigtNr="2947" KundArt="29" KundStatus="1" KundAufDat="2000-12-05"/>
  <Kunden KundenNr="9565" KundEigtNr="10139" KundArt="8" KundStatus="3" KundAufDat="2000-12-05"/>
  <Kunden KundenNr="9566" KundEigtNr="10140" KundArt="8" KundStatus="3" KundAufDat="2000-12-05"/>
  <Kunden KundenNr="9567" KundEigtNr="10141" KundArt="8" KundStatus="3" KundAufDat="2000-12-05"/>
  <Kunden KundenNr="9568" KundEigtNr="10142" KundArt="8" KundStatus="3" KundAufDat="2000-12-07"/>
  <Kunden KundenNr="9569" KundEigtNr="10143" KundArt="8" KundStatus="3" KundAufDat="2000-12-07"/>
  <Kunden KundenNr="9570" KundEigtNr="10144" KundArt="1" KundStatus="3" KundAufDat="2000-12-07"/>
  <Kunden KundenNr="9571" KundEigtNr="10145" KundArt="29" KundStatus="1" KundAufDat="2000-12-07"/>
  <Kunden KundenNr="9572" KundEigtNr="10146" KundArt="2" KundStatus="3" KundAufDat="2000-12-07"/>
  <Kunden KundenNr="9573" KundEigtNr="10147" KundArt="2" KundStatus="3" KundAufDat="2000-12-07"/>
  <Kunden KundenNr="9574" KundEigtNr="10148" KundArt="29" KundStatus="1" KundAufDat="2000-12-08"/>
  <Kunden KundenNr="9575" KundEigtNr="10149" KundArt="8" KundStatus="3" KundAufDat="2000-12-08"/>
  <Kunden KundenNr="9576" KundEigtNr="10150" KundArt="2" KundStatus="3" KundAufDat="2000-12-08"/>
  <Kunden KundenNr="9577" KundEigtNr="10151" KundArt="2" KundStatus="1" KundAufDat="2000-12-09"/>
  <Kunden KundenNr="9578" KundEigtNr="10116" KundArt="29" KundStatus="1" KundAufDat="2000-12-11"/>
  <Kunden KundenNr="9579" KundEigtNr="10152" KundArt="8" KundStatus="3" KundAufDat="2000-12-11"/>
  <Kunden KundenNr="9580" KundEigtNr="10153" KundArt="2" KundStatus="3" KundAufDat="2000-12-11"/>
  <Kunden KundenNr="9581" KundEigtNr="10154" KundArt="8" KundStatus="3" KundAufDat="2000-12-11"/>
  <Kunden KundenNr="9582" KundEigtNr="10155" KundArt="8" KundStatus="3" KundAufDat="2000-12-11"/>
  <Kunden KundenNr="9583" KundEigtNr="10156" KundArt="8" KundStatus="3" KundAufDat="2000-12-11"/>
  <Kunden KundenNr="9584" KundEigtNr="10157" KundArt="8" KundStatus="3" KundAufDat="2000-12-11"/>
  <Kunden KundenNr="9585" KundEigtNr="10158" KundArt="2" KundStatus="3" KundAufDat="2000-12-11"/>
  <Kunden KundenNr="9586" KundEigtNr="10159" KundArt="8" KundStatus="3" KundAufDat="2000-12-11"/>
  <Kunden KundenNr="9587" KundEigtNr="10160" KundArt="8" KundStatus="3" KundAufDat="2000-12-11"/>
  <Kunden KundenNr="9588" KundEigtNr="10161" KundArt="8" KundStatus="3" KundAufDat="2000-12-11"/>
  <Kunden KundenNr="9589" KundEigtNr="10162" KundArt="8" KundStatus="3" KundAufDat="2000-12-12"/>
  <Kunden KundenNr="9590" KundEigtNr="10163" KundArt="8" KundStatus="3" KundAufDat="2000-12-12"/>
  <Kunden KundenNr="9591" KundEigtNr="10164" KundArt="8" KundStatus="3" KundAufDat="2000-12-12"/>
  <Kunden KundenNr="9592" KundEigtNr="10165" KundArt="8" KundStatus="3" KundAufDat="2000-12-12"/>
  <Kunden KundenNr="9593" KundEigtNr="10166" KundArt="8" KundStatus="3" KundAufDat="2000-12-12"/>
  <Kunden KundenNr="9594" KundEigtNr="10167" KundArt="8" KundStatus="3" KundAufDat="2000-12-12"/>
  <Kunden KundenNr="9595" KundEigtNr="10168" KundArt="2" KundStatus="3" KundAufDat="2000-12-12"/>
  <Kunden KundenNr="9596" KundEigtNr="10169" KundArt="8" KundStatus="3" KundAufDat="2000-12-12"/>
  <Kunden KundenNr="9597" KundEigtNr="9818" KundArt="29" KundStatus="1" KundAufDat="2000-12-12"/>
  <Kunden KundenNr="9598" KundEigtNr="10170" KundArt="2" KundStatus="3" KundAufDat="2000-12-12"/>
  <Kunden KundenNr="9599" KundEigtNr="10171" KundArt="2" KundStatus="3" KundAufDat="2000-12-12"/>
  <Kunden KundenNr="9600" KundEigtNr="10172" KundArt="29" KundStatus="1" KundAufDat="2000-12-13"/>
  <Kunden KundenNr="9601" KundEigtNr="10173" KundArt="8" KundStatus="3" KundAufDat="2000-12-13"/>
  <Kunden KundenNr="9602" KundEigtNr="10174" KundArt="2" KundStatus="3" KundAufDat="2000-12-13"/>
  <Kunden KundenNr="9603" KundEigtNr="10175" KundArt="8" KundStatus="3" KundAufDat="2000-12-13"/>
  <Kunden KundenNr="9604" KundEigtNr="10176" KundArt="2" KundStatus="3" KundAufDat="2000-12-14"/>
  <Kunden KundenNr="9605" KundEigtNr="10177" KundArt="8" KundStatus="3" KundAufDat="2000-12-14"/>
  <Kunden KundenNr="9606" KundEigtNr="10178" KundArt="8" KundStatus="1" KundAufDat="2000-12-15"/>
  <Kunden KundenNr="9607" KundEigtNr="10179" KundArt="8" KundStatus="3" KundAufDat="2000-12-18"/>
  <Kunden KundenNr="9608" KundEigtNr="10158" KundArt="29" KundStatus="1" KundAufDat="2000-12-18"/>
  <Kunden KundenNr="9609" KundEigtNr="10180" KundArt="29" KundStatus="1" KundAufDat="2000-12-18"/>
  <Kunden KundenNr="9610" KundEigtNr="10181" KundArt="8" KundStatus="3" KundAufDat="2000-12-18"/>
  <Kunden KundenNr="9611" KundEigtNr="10182" KundArt="29" KundStatus="1" KundAufDat="2000-12-19"/>
  <Kunden KundenNr="9612" KundEigtNr="10183" KundArt="2" KundStatus="3" KundAufDat="2000-12-19"/>
  <Kunden KundenNr="9613" KundEigtNr="10184" KundArt="2" KundStatus="3" KundAufDat="2000-12-19"/>
  <Kunden KundenNr="9614" KundEigtNr="10185" KundArt="29" KundStatus="1" KundAufDat="2000-12-19"/>
  <Kunden KundenNr="9615" KundEigtNr="10186" KundArt="8" KundStatus="3" KundAufDat="2000-12-20"/>
  <Kunden KundenNr="9616" KundEigtNr="10187" KundArt="8" KundStatus="3" KundAufDat="2000-12-20"/>
  <Kunden KundenNr="9617" KundEigtNr="10188" KundArt="8" KundStatus="3" KundAufDat="2000-12-21"/>
  <Kunden KundenNr="9618" KundEigtNr="10189" KundArt="8" KundStatus="3" KundAufDat="2000-12-21"/>
  <Kunden KundenNr="9619" KundEigtNr="10190" KundArt="2" KundStatus="3" KundAufDat="2000-12-22"/>
  <Kunden KundenNr="9620" KundEigtNr="10191" KundArt="8" KundStatus="3" KundAufDat="2000-12-22"/>
  <Kunden KundenNr="9621" KundEigtNr="10192" KundArt="2" KundStatus="3" KundAufDat="2000-12-22"/>
  <Kunden KundenNr="9622" KundEigtNr="10193" KundArt="2" KundStatus="3" KundAufDat="2000-12-22"/>
  <Kunden KundenNr="9623" KundEigtNr="10194" KundArt="2" KundStatus="3" KundAufDat="2000-12-27"/>
  <Kunden KundenNr="9624" KundEigtNr="10195" KundArt="2" KundStatus="3" KundAufDat="2000-12-28"/>
  <Kunden KundenNr="9625" KundEigtNr="10196" KundArt="2" KundStatus="3" KundAufDat="2000-12-28"/>
  <Kunden KundenNr="9626" KundEigtNr="10197" KundArt="2" KundStatus="3" KundAufDat="2000-12-28"/>
  <Kunden KundenNr="9627" KundEigtNr="10184" KundArt="29" KundStatus="1" KundAufDat="2000-12-28"/>
  <Kunden KundenNr="9628" KundEigtNr="10198" KundArt="2" KundStatus="3" KundAufDat="2000-12-29"/>
  <Kunden KundenNr="9629" KundEigtNr="10199" KundArt="2" KundStatus="3" KundAufDat="2000-12-29"/>
  <Kunden KundenNr="9630" KundEigtNr="10200" KundArt="2" KundStatus="3" KundAufDat="2000-12-29"/>
  <Kunden KundenNr="9631" KundEigtNr="10201" KundArt="8" KundStatus="3" KundAufDat="2001-01-02"/>
  <Kunden KundenNr="9632" KundEigtNr="10202" KundArt="8" KundStatus="3" KundAufDat="2001-01-02"/>
  <Kunden KundenNr="9633" KundEigtNr="10203" KundArt="8" KundStatus="3" KundAufDat="2001-01-02"/>
  <Kunden KundenNr="9634" KundEigtNr="10204" KundArt="8" KundStatus="3" KundAufDat="2001-01-02"/>
  <Kunden KundenNr="9635" KundEigtNr="10205" KundArt="8" KundStatus="3" KundAufDat="2001-01-02"/>
  <Kunden KundenNr="9636" KundEigtNr="10206" KundArt="8" KundStatus="3" KundAufDat="2001-01-02"/>
  <Kunden KundenNr="9637" KundEigtNr="10207" KundArt="8" KundStatus="3" KundAufDat="2001-01-03"/>
  <Kunden KundenNr="9638" KundEigtNr="10208" KundArt="2" KundStatus="3" KundAufDat="2001-01-03"/>
  <Kunden KundenNr="9639" KundEigtNr="10209" KundArt="2" KundStatus="3" KundAufDat="2001-01-03"/>
  <Kunden KundenNr="9640" KundEigtNr="7998" KundArt="8" KundStatus="3" KundAufDat="2001-01-03"/>
  <Kunden KundenNr="9641" KundEigtNr="10210" KundArt="8" KundStatus="3" KundAufDat="2001-01-05"/>
  <Kunden KundenNr="9642" KundEigtNr="10211" KundArt="8" KundStatus="3" KundAufDat="2001-01-05"/>
  <Kunden KundenNr="9643" KundEigtNr="10212" KundArt="8" KundStatus="3" KundAufDat="2001-01-05"/>
  <Kunden KundenNr="9644" KundEigtNr="10213" KundArt="8" KundStatus="3" KundAufDat="2001-01-05"/>
  <Kunden KundenNr="9645" KundEigtNr="10214" KundArt="2" KundStatus="3" KundAufDat="2001-01-05"/>
  <Kunden KundenNr="9646" KundEigtNr="10215" KundArt="2" KundStatus="3" KundAufDat="2001-01-05"/>
  <Kunden KundenNr="9647" KundEigtNr="10217" KundArt="8" KundStatus="3" KundAufDat="2001-01-08"/>
  <Kunden KundenNr="9648" KundEigtNr="10218" KundArt="8" KundStatus="3" KundAufDat="2001-01-08"/>
  <Kunden KundenNr="9649" KundEigtNr="10219" KundArt="8" KundStatus="3" KundAufDat="2001-01-09"/>
  <Kunden KundenNr="9650" KundEigtNr="10221" KundArt="8" KundStatus="3" KundAufDat="2001-01-10"/>
  <Kunden KundenNr="9651" KundEigtNr="10222" KundArt="2" KundStatus="3" KundAufDat="2001-01-10"/>
  <Kunden KundenNr="9652" KundEigtNr="10223" KundArt="29" KundStatus="1" KundAufDat="2001-01-10"/>
  <Kunden KundenNr="9653" KundEigtNr="10224" KundArt="2" KundStatus="3" KundAufDat="2001-01-10"/>
  <Kunden KundenNr="9654" KundEigtNr="10225" KundArt="8" KundStatus="3" KundAufDat="2001-01-10"/>
  <Kunden KundenNr="9655" KundEigtNr="10226" KundArt="2" KundStatus="3" KundAufDat="2001-01-10"/>
  <Kunden KundenNr="9656" KundEigtNr="10227" KundArt="2" KundStatus="3" KundAufDat="2001-01-10"/>
  <Kunden KundenNr="9657" KundEigtNr="10228" KundArt="8" KundStatus="3" KundAufDat="2001-01-11"/>
  <Kunden KundenNr="9658" KundEigtNr="10229" KundArt="8" KundStatus="3" KundAufDat="2001-01-11"/>
  <Kunden KundenNr="9659" KundEigtNr="10230" KundArt="2" KundStatus="3" KundAufDat="2001-01-12"/>
  <Kunden KundenNr="9660" KundEigtNr="10231" KundArt="2" KundStatus="3" KundAufDat="2001-01-12"/>
  <Kunden KundenNr="9661" KundEigtNr="10232" KundArt="8" KundStatus="1" KundAufDat="2001-01-13"/>
  <Kunden KundenNr="9662" KundEigtNr="2128" KundArt="8" KundStatus="3" KundAufDat="2001-01-13"/>
  <Kunden KundenNr="9663" KundEigtNr="10233" KundArt="8" KundStatus="3" KundAufDat="2001-01-15"/>
  <Kunden KundenNr="9664" KundEigtNr="10234" KundArt="8" KundStatus="3" KundAufDat="2001-01-15"/>
  <Kunden KundenNr="9665" KundEigtNr="10236" KundArt="8" KundStatus="1" KundAufDat="2001-01-15"/>
  <Kunden KundenNr="9666" KundEigtNr="10237" KundArt="8" KundStatus="3" KundAufDat="2001-01-15"/>
  <Kunden KundenNr="9667" KundEigtNr="10238" KundArt="8" KundStatus="3" KundAufDat="2001-01-15"/>
  <Kunden KundenNr="9668" KundEigtNr="10239" KundArt="2" KundStatus="3" KundAufDat="2001-01-15"/>
  <Kunden KundenNr="9669" KundEigtNr="10240" KundArt="8" KundStatus="3" KundAufDat="2001-01-15"/>
  <Kunden KundenNr="9670" KundEigtNr="10241" KundArt="8" KundStatus="3" KundAufDat="2001-01-15"/>
  <Kunden KundenNr="9671" KundEigtNr="10242" KundArt="8" KundStatus="3" KundAufDat="2001-01-15"/>
  <Kunden KundenNr="9672" KundEigtNr="10243" KundArt="8" KundStatus="3" KundAufDat="2001-01-15"/>
  <Kunden KundenNr="9673" KundEigtNr="10244" KundArt="2" KundStatus="3" KundAufDat="2001-01-15"/>
  <Kunden KundenNr="9674" KundEigtNr="10245" KundArt="2" KundStatus="3" KundAufDat="2001-01-15"/>
  <Kunden KundenNr="9675" KundEigtNr="10246" KundArt="8" KundStatus="3" KundAufDat="2001-01-16"/>
  <Kunden KundenNr="9676" KundEigtNr="10247" KundArt="2" KundStatus="3" KundAufDat="2001-01-16"/>
  <Kunden KundenNr="9677" KundEigtNr="10248" KundArt="8" KundStatus="3" KundAufDat="2001-01-16"/>
  <Kunden KundenNr="9678" KundEigtNr="10249" KundArt="8" KundStatus="3" KundAufDat="2001-01-16"/>
  <Kunden KundenNr="9679" KundEigtNr="10250" KundArt="8" KundStatus="1" KundAufDat="2001-01-16"/>
  <Kunden KundenNr="9680" KundEigtNr="10251" KundArt="2" KundStatus="3" KundAufDat="2001-01-17"/>
  <Kunden KundenNr="9681" KundEigtNr="10252" KundArt="2" KundStatus="3" KundAufDat="2001-01-17"/>
  <Kunden KundenNr="9682" KundEigtNr="10253" KundArt="8" KundStatus="3" KundAufDat="2001-01-17"/>
  <Kunden KundenNr="9683" KundEigtNr="10111" KundArt="29" KundStatus="1" KundAufDat="2001-01-17"/>
  <Kunden KundenNr="9684" KundEigtNr="10254" KundArt="29" KundStatus="1" KundAufDat="2001-01-17"/>
  <Kunden KundenNr="9685" KundEigtNr="10096" KundArt="2" KundStatus="3" KundAufDat="2001-01-17"/>
  <Kunden KundenNr="9686" KundEigtNr="10255" KundArt="2" KundStatus="3" KundAufDat="2001-01-18"/>
  <Kunden KundenNr="9687" KundEigtNr="10256" KundArt="2" KundStatus="3" KundAufDat="2001-01-18"/>
  <Kunden KundenNr="9688" KundEigtNr="8979" KundArt="2" KundStatus="3" KundAufDat="2001-01-18"/>
  <Kunden KundenNr="9689" KundEigtNr="10257" KundArt="29" KundStatus="1" KundAufDat="2001-01-18"/>
  <Kunden KundenNr="9690" KundEigtNr="10258" KundArt="8" KundStatus="3" KundAufDat="2001-01-18"/>
  <Kunden KundenNr="9691" KundEigtNr="10259" KundArt="8" KundStatus="3" KundAufDat="2001-01-18"/>
  <Kunden KundenNr="9692" KundEigtNr="10260" KundArt="2" KundStatus="3" KundAufDat="2001-01-19"/>
  <Kunden KundenNr="9693" KundEigtNr="8715" KundArt="2" KundStatus="3" KundAufDat="2001-01-19"/>
  <Kunden KundenNr="9694" KundEigtNr="10261" KundArt="2" KundStatus="3" KundAufDat="2001-01-19"/>
  <Kunden KundenNr="9695" KundEigtNr="10262" KundArt="1" KundStatus="3" KundAufDat="2001-01-19"/>
  <Kunden KundenNr="9696" KundEigtNr="5573" KundArt="29" KundStatus="1" KundAufDat="2001-01-19"/>
  <Kunden KundenNr="9697" KundEigtNr="10263" KundArt="29" KundStatus="1" KundAufDat="2001-01-19"/>
  <Kunden KundenNr="9698" KundEigtNr="10264" KundArt="8" KundStatus="3" KundAufDat="2001-01-19"/>
  <Kunden KundenNr="9699" KundEigtNr="10265" KundArt="2" KundStatus="3" KundAufDat="2001-01-20"/>
  <Kunden KundenNr="9700" KundEigtNr="10266" KundArt="2" KundStatus="3" KundAufDat="2001-01-22"/>
  <Kunden KundenNr="9701" KundEigtNr="10267" KundArt="8" KundStatus="3" KundAufDat="2001-01-22"/>
  <Kunden KundenNr="9702" KundEigtNr="10268" KundArt="8" KundStatus="3" KundAufDat="2001-01-22"/>
  <Kunden KundenNr="9703" KundEigtNr="10269" KundArt="29" KundStatus="1" KundAufDat="2001-01-22"/>
  <Kunden KundenNr="9704" KundEigtNr="10270" KundArt="8" KundStatus="3" KundAufDat="2001-01-22"/>
  <Kunden KundenNr="9705" KundEigtNr="10271" KundArt="8" KundStatus="3" KundAufDat="2001-01-22"/>
  <Kunden KundenNr="9706" KundEigtNr="10272" KundArt="2" KundStatus="3" KundAufDat="2001-01-22"/>
  <Kunden KundenNr="9707" KundEigtNr="10273" KundArt="2" KundStatus="3" KundAufDat="2001-01-22"/>
  <Kunden KundenNr="9708" KundEigtNr="10274" KundArt="2" KundStatus="3" KundAufDat="2001-01-22"/>
  <Kunden KundenNr="9709" KundEigtNr="10275" KundArt="2" KundStatus="3" KundAufDat="2001-01-22"/>
  <Kunden KundenNr="9710" KundEigtNr="10276" KundArt="8" KundStatus="3" KundAufDat="2001-01-22"/>
  <Kunden KundenNr="9711" KundEigtNr="10277" KundArt="8" KundStatus="1" KundAufDat="2001-01-22"/>
  <Kunden KundenNr="9712" KundEigtNr="10278" KundArt="29" KundStatus="1" KundAufDat="2001-01-22"/>
  <Kunden KundenNr="9713" KundEigtNr="10279" KundArt="2" KundStatus="3" KundAufDat="2001-01-22"/>
  <Kunden KundenNr="9714" KundEigtNr="10280" KundArt="2" KundStatus="3" KundAufDat="2001-01-22"/>
  <Kunden KundenNr="9715" KundEigtNr="10281" KundArt="1" KundStatus="3" KundAufDat="2001-01-23"/>
  <Kunden KundenNr="9716" KundEigtNr="10282" KundArt="8" KundStatus="3" KundAufDat="2001-01-23"/>
  <Kunden KundenNr="9717" KundEigtNr="10283" KundArt="8" KundStatus="3" KundAufDat="2001-01-23"/>
  <Kunden KundenNr="9718" KundEigtNr="10284" KundArt="2" KundStatus="3" KundAufDat="2001-01-23"/>
  <Kunden KundenNr="9719" KundEigtNr="10285" KundArt="2" KundStatus="3" KundAufDat="2001-01-23"/>
  <Kunden KundenNr="9720" KundEigtNr="10286" KundArt="2" KundStatus="3" KundAufDat="2001-01-23"/>
  <Kunden KundenNr="9721" KundEigtNr="10287" KundArt="8" KundStatus="3" KundAufDat="2001-01-23"/>
  <Kunden KundenNr="9722" KundEigtNr="10288" KundArt="8" KundStatus="3" KundAufDat="2001-01-23"/>
  <Kunden KundenNr="9723" KundEigtNr="10289" KundArt="8" KundStatus="3" KundAufDat="2001-01-23"/>
  <Kunden KundenNr="9724" KundEigtNr="10290" KundArt="29" KundStatus="1" KundAufDat="2001-01-23"/>
  <Kunden KundenNr="9725" KundEigtNr="5156" KundArt="8" KundStatus="3" KundAufDat="2001-01-23"/>
  <Kunden KundenNr="9726" KundEigtNr="10291" KundArt="8" KundStatus="3" KundAufDat="2001-01-23"/>
  <Kunden KundenNr="9727" KundEigtNr="10292" KundArt="8" KundStatus="3" KundAufDat="2001-01-23"/>
  <Kunden KundenNr="9728" KundEigtNr="10293" KundArt="8" KundStatus="3" KundAufDat="2001-01-23"/>
  <Kunden KundenNr="9729" KundEigtNr="10294" KundArt="8" KundStatus="3" KundAufDat="2001-01-23"/>
  <Kunden KundenNr="9730" KundEigtNr="10295" KundArt="8" KundStatus="3" KundAufDat="2001-01-23"/>
  <Kunden KundenNr="9731" KundEigtNr="2263" KundArt="8" KundStatus="3" KundAufDat="2001-01-23"/>
  <Kunden KundenNr="9732" KundEigtNr="10296" KundArt="2" KundStatus="3" KundAufDat="2001-01-23"/>
  <Kunden KundenNr="9733" KundEigtNr="10297" KundArt="2" KundStatus="3" KundAufDat="2001-01-23"/>
  <Kunden KundenNr="9734" KundEigtNr="10298" KundArt="2" KundStatus="3" KundAufDat="2001-01-23"/>
  <Kunden KundenNr="9735" KundEigtNr="10299" KundArt="8" KundStatus="3" KundAufDat="2001-01-23"/>
  <Kunden KundenNr="9736" KundEigtNr="10300" KundArt="8" KundStatus="3" KundAufDat="2001-01-24"/>
  <Kunden KundenNr="9737" KundEigtNr="10301" KundArt="2" KundStatus="3" KundAufDat="2001-01-24"/>
  <Kunden KundenNr="9738" KundEigtNr="10302" KundArt="29" KundStatus="1" KundAufDat="2001-01-24"/>
  <Kunden KundenNr="9739" KundEigtNr="10303" KundArt="29" KundStatus="1" KundAufDat="2001-01-24"/>
  <Kunden KundenNr="9740" KundEigtNr="10304" KundArt="1" KundStatus="1" KundAufDat="2001-01-24"/>
  <Kunden KundenNr="9741" KundEigtNr="10305" KundArt="29" KundStatus="1" KundAufDat="2001-01-24"/>
  <Kunden KundenNr="9742" KundEigtNr="10306" KundArt="2" KundStatus="3" KundAufDat="2001-01-24"/>
  <Kunden KundenNr="9743" KundEigtNr="10307" KundArt="8" KundStatus="3" KundAufDat="2001-01-24"/>
  <Kunden KundenNr="9744" KundEigtNr="10308" KundArt="8" KundStatus="3" KundAufDat="2001-01-24"/>
  <Kunden KundenNr="9745" KundEigtNr="10309" KundArt="8" KundStatus="3" KundAufDat="2001-01-24"/>
  <Kunden KundenNr="9746" KundEigtNr="10310" KundArt="8" KundStatus="3" KundAufDat="2001-01-24"/>
  <Kunden KundenNr="9747" KundEigtNr="10311" KundArt="2" KundStatus="3" KundAufDat="2001-01-25"/>
  <Kunden KundenNr="9748" KundEigtNr="10312" KundArt="2" KundStatus="3" KundAufDat="2001-01-25"/>
  <Kunden KundenNr="9749" KundEigtNr="10313" KundArt="29" KundStatus="1" KundAufDat="2001-01-25"/>
  <Kunden KundenNr="9750" KundEigtNr="10314" KundArt="2" KundStatus="3" KundAufDat="2001-01-25"/>
  <Kunden KundenNr="9751" KundEigtNr="10315" KundArt="1" KundStatus="3" KundAufDat="2001-01-25"/>
  <Kunden KundenNr="9752" KundEigtNr="10316" KundArt="2" KundStatus="3" KundAufDat="2001-01-25"/>
  <Kunden KundenNr="9753" KundEigtNr="10317" KundArt="2" KundStatus="3" KundAufDat="2001-01-25"/>
  <Kunden KundenNr="9754" KundEigtNr="9840" KundArt="2" KundStatus="3" KundAufDat="2001-01-26"/>
  <Kunden KundenNr="9755" KundEigtNr="10318" KundArt="8" KundStatus="3" KundAufDat="2001-01-26"/>
  <Kunden KundenNr="9756" KundEigtNr="10319" KundArt="8" KundStatus="3" KundAufDat="2001-01-26"/>
  <Kunden KundenNr="9757" KundEigtNr="10320" KundArt="8" KundStatus="3" KundAufDat="2001-01-27"/>
  <Kunden KundenNr="9758" KundEigtNr="10321" KundArt="8" KundStatus="3" KundAufDat="2001-01-27"/>
  <Kunden KundenNr="9759" KundEigtNr="10322" KundArt="8" KundStatus="3" KundAufDat="2001-01-27"/>
  <Kunden KundenNr="9760" KundEigtNr="10323" KundArt="8" KundStatus="3" KundAufDat="2001-01-27"/>
  <Kunden KundenNr="9761" KundEigtNr="10324" KundArt="8" KundStatus="3" KundAufDat="2001-01-29"/>
  <Kunden KundenNr="9762" KundEigtNr="10325" KundArt="2" KundStatus="3" KundAufDat="2001-01-29"/>
  <Kunden KundenNr="9763" KundEigtNr="10326" KundArt="2" KundStatus="1" KundAufDat="2001-01-29"/>
  <Kunden KundenNr="9764" KundEigtNr="10327" KundArt="2" KundStatus="3" KundAufDat="2001-01-29"/>
  <Kunden KundenNr="9765" KundEigtNr="10328" KundArt="2" KundStatus="3" KundAufDat="2001-01-29"/>
  <Kunden KundenNr="9766" KundEigtNr="10329" KundArt="8" KundStatus="1" KundAufDat="2001-01-29"/>
  <Kunden KundenNr="9767" KundEigtNr="10330" KundArt="2" KundStatus="3" KundAufDat="2001-01-29"/>
  <Kunden KundenNr="9768" KundEigtNr="10331" KundArt="2" KundStatus="3" KundAufDat="2001-01-29"/>
  <Kunden KundenNr="9769" KundEigtNr="10332" KundArt="1" KundStatus="3" KundAufDat="2001-01-29"/>
  <Kunden KundenNr="9770" KundEigtNr="10333" KundArt="8" KundStatus="3" KundAufDat="2001-01-29"/>
  <Kunden KundenNr="9771" KundEigtNr="10334" KundArt="8" KundStatus="3" KundAufDat="2001-01-29"/>
  <Kunden KundenNr="9772" KundEigtNr="10335" KundArt="2" KundStatus="3" KundAufDat="2001-01-29"/>
  <Kunden KundenNr="9773" KundEigtNr="8695" KundArt="2" KundStatus="3" KundAufDat="2001-01-29"/>
  <Kunden KundenNr="9774" KundEigtNr="10336" KundArt="2" KundStatus="3" KundAufDat="2001-01-29"/>
  <Kunden KundenNr="9775" KundEigtNr="5756" KundArt="8" KundStatus="3" KundAufDat="2001-01-29"/>
  <Kunden KundenNr="9776" KundEigtNr="10337" KundArt="2" KundStatus="3" KundAufDat="2001-01-29"/>
  <Kunden KundenNr="9777" KundEigtNr="10338" KundArt="2" KundStatus="3" KundAufDat="2001-01-29"/>
  <Kunden KundenNr="9778" KundEigtNr="10339" KundArt="2" KundStatus="3" KundAufDat="2001-01-29"/>
  <Kunden KundenNr="9779" KundEigtNr="10334" KundArt="2" KundStatus="3" KundAufDat="2001-01-29"/>
  <Kunden KundenNr="9780" KundEigtNr="10340" KundArt="2" KundStatus="3" KundAufDat="2001-01-29"/>
  <Kunden KundenNr="9781" KundEigtNr="10341" KundArt="2" KundStatus="3" KundAufDat="2001-01-29"/>
  <Kunden KundenNr="9782" KundEigtNr="10342" KundArt="2" KundStatus="3" KundAufDat="2001-01-29"/>
  <Kunden KundenNr="9783" KundEigtNr="10343" KundArt="8" KundStatus="3" KundAufDat="2001-01-29"/>
  <Kunden KundenNr="9784" KundEigtNr="10344" KundArt="1" KundStatus="3" KundAufDat="2001-01-29"/>
  <Kunden KundenNr="9785" KundEigtNr="10345" KundArt="8" KundStatus="3" KundAufDat="2001-01-29"/>
  <Kunden KundenNr="9786" KundEigtNr="10346" KundArt="8" KundStatus="3" KundAufDat="2001-01-29"/>
  <Kunden KundenNr="9787" KundEigtNr="10347" KundArt="8" KundStatus="3" KundAufDat="2001-01-29"/>
  <Kunden KundenNr="9788" KundEigtNr="10348" KundArt="8" KundStatus="3" KundAufDat="2001-01-30"/>
  <Kunden KundenNr="9789" KundEigtNr="10349" KundArt="8" KundStatus="3" KundAufDat="2001-01-30"/>
  <Kunden KundenNr="9790" KundEigtNr="10350" KundArt="2" KundStatus="1" KundAufDat="2001-01-30"/>
  <Kunden KundenNr="9791" KundEigtNr="10351" KundArt="8" KundStatus="3" KundAufDat="2001-01-30"/>
  <Kunden KundenNr="9792" KundEigtNr="10352" KundArt="8" KundStatus="3" KundAufDat="2001-01-30"/>
  <Kunden KundenNr="9793" KundEigtNr="10353" KundArt="8" KundStatus="3" KundAufDat="2001-01-30"/>
  <Kunden KundenNr="9794" KundEigtNr="10354" KundArt="2" KundStatus="3" KundAufDat="2001-01-30"/>
  <Kunden KundenNr="9795" KundEigtNr="10355" KundArt="8" KundStatus="3" KundAufDat="2001-01-30"/>
  <Kunden KundenNr="9796" KundEigtNr="10356" KundArt="2" KundStatus="3" KundAufDat="2001-01-30"/>
  <Kunden KundenNr="9797" KundEigtNr="10357" KundArt="2" KundStatus="3" KundAufDat="2001-01-31"/>
  <Kunden KundenNr="9798" KundEigtNr="10358" KundArt="8" KundStatus="3" KundAufDat="2001-01-31"/>
  <Kunden KundenNr="9799" KundEigtNr="10359" KundArt="29" KundStatus="1" KundAufDat="2001-01-31"/>
  <Kunden KundenNr="9800" KundEigtNr="10360" KundArt="8" KundStatus="3" KundAufDat="2001-01-31"/>
  <Kunden KundenNr="9801" KundEigtNr="10361" KundArt="8" KundStatus="3" KundAufDat="2001-01-31"/>
  <Kunden KundenNr="9802" KundEigtNr="10362" KundArt="2" KundStatus="3" KundAufDat="2001-01-31"/>
  <Kunden KundenNr="9803" KundEigtNr="10363" KundArt="8" KundStatus="3" KundAufDat="2001-02-01"/>
  <Kunden KundenNr="9804" KundEigtNr="10364" KundArt="2" KundStatus="3" KundAufDat="2001-02-01"/>
  <Kunden KundenNr="9805" KundEigtNr="10365" KundArt="8" KundStatus="1" KundAufDat="2001-02-01"/>
  <Kunden KundenNr="9806" KundEigtNr="10366" KundArt="2" KundStatus="1" KundAufDat="2001-02-02"/>
  <Kunden KundenNr="9807" KundEigtNr="10367" KundArt="8" KundStatus="3" KundAufDat="2001-02-02"/>
  <Kunden KundenNr="9808" KundEigtNr="10368" KundArt="8" KundStatus="3" KundAufDat="2001-02-02"/>
  <Kunden KundenNr="9809" KundEigtNr="10369" KundArt="8" KundStatus="3" KundAufDat="2001-02-02"/>
  <Kunden KundenNr="9810" KundEigtNr="10098" KundArt="8" KundStatus="3" KundAufDat="2001-02-02"/>
  <Kunden KundenNr="9811" KundEigtNr="10370" KundArt="8" KundStatus="1" KundAufDat="2001-02-03"/>
  <Kunden KundenNr="9812" KundEigtNr="10371" KundArt="2" KundStatus="3" KundAufDat="2001-02-05"/>
  <Kunden KundenNr="9813" KundEigtNr="10372" KundArt="8" KundStatus="3" KundAufDat="2001-02-05"/>
  <Kunden KundenNr="9814" KundEigtNr="10367" KundArt="1" KundStatus="3" KundAufDat="2001-02-05"/>
  <Kunden KundenNr="9815" KundEigtNr="10373" KundArt="2" KundStatus="3" KundAufDat="2001-02-05"/>
  <Kunden KundenNr="9816" KundEigtNr="10374" KundArt="2" KundStatus="3" KundAufDat="2001-02-05"/>
  <Kunden KundenNr="9817" KundEigtNr="10375" KundArt="8" KundStatus="3" KundAufDat="2001-02-05"/>
  <Kunden KundenNr="9818" KundEigtNr="10376" KundArt="8" KundStatus="3" KundAufDat="2001-02-05"/>
  <Kunden KundenNr="9819" KundEigtNr="10377" KundArt="2" KundStatus="3" KundAufDat="2001-02-05"/>
  <Kunden KundenNr="9820" KundEigtNr="10378" KundArt="2" KundStatus="3" KundAufDat="2001-02-05"/>
  <Kunden KundenNr="9821" KundEigtNr="10379" KundArt="2" KundStatus="3" KundAufDat="2001-02-05"/>
  <Kunden KundenNr="9822" KundEigtNr="10380" KundArt="8" KundStatus="3" KundAufDat="2001-02-05"/>
  <Kunden KundenNr="9823" KundEigtNr="10381" KundArt="2" KundStatus="3" KundAufDat="2001-02-05"/>
  <Kunden KundenNr="9824" KundEigtNr="10382" KundArt="2" KundStatus="3" KundAufDat="2001-02-05"/>
  <Kunden KundenNr="9825" KundEigtNr="10383" KundArt="2" KundStatus="3" KundAufDat="2001-02-05"/>
  <Kunden KundenNr="9827" KundEigtNr="10385" KundArt="2" KundStatus="3" KundAufDat="2001-02-05"/>
  <Kunden KundenNr="9828" KundEigtNr="10386" KundArt="2" KundStatus="3" KundAufDat="2001-02-05"/>
  <Kunden KundenNr="9829" KundEigtNr="10387" KundArt="2" KundStatus="3" KundAufDat="2001-02-05"/>
  <Kunden KundenNr="9830" KundEigtNr="10388" KundArt="2" KundStatus="3" KundAufDat="2001-02-05"/>
  <Kunden KundenNr="9831" KundEigtNr="10389" KundArt="8" KundStatus="3" KundAufDat="2001-02-05"/>
  <Kunden KundenNr="9832" KundEigtNr="10390" KundArt="8" KundStatus="3" KundAufDat="2001-02-05"/>
  <Kunden KundenNr="9833" KundEigtNr="10391" KundArt="2" KundStatus="3" KundAufDat="2001-02-05"/>
  <Kunden KundenNr="9834" KundEigtNr="10392" KundArt="2" KundStatus="3" KundAufDat="2001-02-05"/>
  <Kunden KundenNr="9835" KundEigtNr="10393" KundArt="8" KundStatus="3" KundAufDat="2001-02-05"/>
  <Kunden KundenNr="9836" KundEigtNr="10394" KundArt="2" KundStatus="3" KundAufDat="2001-02-05"/>
  <Kunden KundenNr="9837" KundEigtNr="6121" KundArt="2" KundStatus="3" KundAufDat="2001-02-05"/>
  <Kunden KundenNr="9838" KundEigtNr="10395" KundArt="2" KundStatus="3" KundAufDat="2001-02-05"/>
  <Kunden KundenNr="9839" KundEigtNr="9926" KundArt="2" KundStatus="3" KundAufDat="2001-02-05"/>
  <Kunden KundenNr="9840" KundEigtNr="10396" KundArt="2" KundStatus="3" KundAufDat="2001-02-05"/>
  <Kunden KundenNr="9841" KundEigtNr="10397" KundArt="29" KundStatus="1" KundAufDat="2001-02-06"/>
  <Kunden KundenNr="9842" KundEigtNr="10398" KundArt="2" KundStatus="3" KundAufDat="2001-02-06"/>
  <Kunden KundenNr="9843" KundEigtNr="5327" KundArt="2" KundStatus="3" KundAufDat="2001-02-06"/>
  <Kunden KundenNr="9844" KundEigtNr="10399" KundArt="2" KundStatus="3" KundAufDat="2001-02-07"/>
  <Kunden KundenNr="9845" KundEigtNr="10400" KundArt="2" KundStatus="3" KundAufDat="2001-02-07"/>
  <Kunden KundenNr="9846" KundEigtNr="8526" KundArt="2" KundStatus="3" KundAufDat="2001-02-07"/>
  <Kunden KundenNr="9847" KundEigtNr="10401" KundArt="2" KundStatus="3" KundAufDat="2001-02-07"/>
  <Kunden KundenNr="9848" KundEigtNr="10402" KundArt="8" KundStatus="3" KundAufDat="2001-02-08"/>
  <Kunden KundenNr="9849" KundEigtNr="10403" KundArt="8" KundStatus="3" KundAufDat="2001-02-08"/>
  <Kunden KundenNr="9850" KundEigtNr="10404" KundArt="29" KundStatus="1" KundAufDat="2001-02-08"/>
  <Kunden KundenNr="9851" KundEigtNr="10405" KundArt="2" KundStatus="3" KundAufDat="2001-02-08"/>
  <Kunden KundenNr="9852" KundEigtNr="10406" KundArt="2" KundStatus="3" KundAufDat="2001-02-09"/>
  <Kunden KundenNr="9853" KundEigtNr="10407" KundArt="8" KundStatus="3" KundAufDat="2001-02-09"/>
  <Kunden KundenNr="9854" KundEigtNr="10408" KundArt="29" KundStatus="1" KundAufDat="2001-02-09"/>
  <Kunden KundenNr="9855" KundEigtNr="10409" KundArt="2" KundStatus="3" KundAufDat="2001-02-09"/>
  <Kunden KundenNr="9856" KundEigtNr="10410" KundArt="8" KundStatus="3" KundAufDat="2001-02-12"/>
  <Kunden KundenNr="9857" KundEigtNr="10411" KundArt="8" KundStatus="1" KundAufDat="2001-02-12"/>
  <Kunden KundenNr="9858" KundEigtNr="10412" KundArt="2" KundStatus="3" KundAufDat="2001-02-12"/>
  <Kunden KundenNr="9859" KundEigtNr="10413" KundArt="8" KundStatus="3" KundAufDat="2001-02-12"/>
  <Kunden KundenNr="9860" KundEigtNr="10414" KundArt="8" KundStatus="3" KundAufDat="2001-02-12"/>
  <Kunden KundenNr="9861" KundEigtNr="10415" KundArt="2" KundStatus="3" KundAufDat="2001-02-12"/>
  <Kunden KundenNr="9862" KundEigtNr="10416" KundArt="8" KundStatus="3" KundAufDat="2001-02-12"/>
  <Kunden KundenNr="9863" KundEigtNr="10417" KundArt="8" KundStatus="3" KundAufDat="2001-02-12"/>
  <Kunden KundenNr="9864" KundEigtNr="10418" KundArt="8" KundStatus="3" KundAufDat="2001-02-12"/>
  <Kunden KundenNr="9865" KundEigtNr="10419" KundArt="2" KundStatus="3" KundAufDat="2001-02-12"/>
  <Kunden KundenNr="9866" KundEigtNr="10420" KundArt="2" KundStatus="3" KundAufDat="2001-02-12"/>
  <Kunden KundenNr="9867" KundEigtNr="10422" KundArt="1" KundStatus="3" KundAufDat="2001-02-12"/>
  <Kunden KundenNr="9868" KundEigtNr="10423" KundArt="2" KundStatus="3" KundAufDat="2001-02-12"/>
  <Kunden KundenNr="9869" KundEigtNr="10424" KundArt="8" KundStatus="3" KundAufDat="2001-02-12"/>
  <Kunden KundenNr="9870" KundEigtNr="10425" KundArt="8" KundStatus="3" KundAufDat="2001-02-13"/>
  <Kunden KundenNr="9871" KundEigtNr="10426" KundArt="29" KundStatus="1" KundAufDat="2001-02-13"/>
  <Kunden KundenNr="9872" KundEigtNr="10427" KundArt="8" KundStatus="3" KundAufDat="2001-02-13"/>
  <Kunden KundenNr="9873" KundEigtNr="10428" KundArt="2" KundStatus="3" KundAufDat="2001-02-13"/>
  <Kunden KundenNr="9874" KundEigtNr="10429" KundArt="2" KundStatus="3" KundAufDat="2001-02-13"/>
  <Kunden KundenNr="9875" KundEigtNr="10430" KundArt="29" KundStatus="1" KundAufDat="2001-02-13"/>
  <Kunden KundenNr="9876" KundEigtNr="10431" KundArt="8" KundStatus="3" KundAufDat="2001-02-13"/>
  <Kunden KundenNr="9878" KundEigtNr="10433" KundArt="2" KundStatus="3" KundAufDat="2001-02-14"/>
  <Kunden KundenNr="9879" KundEigtNr="10434" KundArt="2" KundStatus="3" KundAufDat="2001-02-14"/>
  <Kunden KundenNr="9880" KundEigtNr="10435" KundArt="2" KundStatus="3" KundAufDat="2001-02-14"/>
  <Kunden KundenNr="9881" KundEigtNr="10436" KundArt="2" KundStatus="3" KundAufDat="2001-02-14"/>
  <Kunden KundenNr="9882" KundEigtNr="10437" KundArt="8" KundStatus="3" KundAufDat="2001-02-14"/>
  <Kunden KundenNr="9883" KundEigtNr="10438" KundArt="8" KundStatus="1" KundAufDat="2001-02-14"/>
  <Kunden KundenNr="9884" KundEigtNr="10439" KundArt="8" KundStatus="3" KundAufDat="2001-02-15"/>
  <Kunden KundenNr="9885" KundEigtNr="10440" KundArt="2" KundStatus="3" KundAufDat="2001-02-15"/>
  <Kunden KundenNr="9886" KundEigtNr="10428" KundArt="1" KundStatus="3" KundAufDat="2001-02-15"/>
  <Kunden KundenNr="9887" KundEigtNr="10441" KundArt="2" KundStatus="3" KundAufDat="2001-02-15"/>
  <Kunden KundenNr="9888" KundEigtNr="10442" KundArt="2" KundStatus="1" KundAufDat="2001-02-15"/>
  <Kunden KundenNr="9889" KundEigtNr="10443" KundArt="2" KundStatus="3" KundAufDat="2001-02-15"/>
  <Kunden KundenNr="9890" KundEigtNr="10444" KundArt="29" KundStatus="1" KundAufDat="2001-02-15"/>
  <Kunden KundenNr="9891" KundEigtNr="10445" KundArt="2" KundStatus="3" KundAufDat="2001-02-15"/>
  <Kunden KundenNr="9893" KundEigtNr="10446" KundArt="2" KundStatus="1" KundAufDat="2001-02-16"/>
  <Kunden KundenNr="9894" KundEigtNr="10447" KundArt="29" KundStatus="1" KundAufDat="2001-02-19"/>
  <Kunden KundenNr="9895" KundEigtNr="10448" KundArt="29" KundStatus="1" KundAufDat="2001-02-19"/>
  <Kunden KundenNr="9896" KundEigtNr="10449" KundArt="8" KundStatus="3" KundAufDat="2001-02-19"/>
  <Kunden KundenNr="9897" KundEigtNr="10450" KundArt="8" KundStatus="3" KundAufDat="2001-02-19"/>
  <Kunden KundenNr="9898" KundEigtNr="10451" KundArt="8" KundStatus="3" KundAufDat="2001-02-19"/>
  <Kunden KundenNr="9899" KundEigtNr="10452" KundArt="1" KundStatus="3" KundAufDat="2001-02-19"/>
  <Kunden KundenNr="9900" KundEigtNr="10453" KundArt="2" KundStatus="3" KundAufDat="2001-02-19"/>
  <Kunden KundenNr="9901" KundEigtNr="10454" KundArt="31" KundStatus="1" KundAufDat="2001-02-19"/>
  <Kunden KundenNr="9902" KundEigtNr="10455" KundArt="2" KundStatus="3" KundAufDat="2001-02-19"/>
  <Kunden KundenNr="9903" KundEigtNr="10456" KundArt="2" KundStatus="3" KundAufDat="2001-02-19"/>
  <Kunden KundenNr="9904" KundEigtNr="10457" KundArt="2" KundStatus="3" KundAufDat="2001-02-19"/>
  <Kunden KundenNr="9905" KundEigtNr="6713" KundArt="8" KundStatus="3" KundAufDat="2001-02-19"/>
  <Kunden KundenNr="9906" KundEigtNr="10458" KundArt="1" KundStatus="3" KundAufDat="2001-02-20"/>
  <Kunden KundenNr="9907" KundEigtNr="10459" KundArt="8" KundStatus="3" KundAufDat="2001-02-20"/>
  <Kunden KundenNr="9908" KundEigtNr="10460" KundArt="2" KundStatus="3" KundAufDat="2001-02-20"/>
  <Kunden KundenNr="9909" KundEigtNr="10461" KundArt="8" KundStatus="1" KundAufDat="2001-02-21"/>
  <Kunden KundenNr="9910" KundEigtNr="10462" KundArt="8" KundStatus="3" KundAufDat="2001-02-21"/>
  <Kunden KundenNr="9911" KundEigtNr="10463" KundArt="8" KundStatus="3" KundAufDat="2001-02-21"/>
  <Kunden KundenNr="9912" KundEigtNr="10464" KundArt="2" KundStatus="3" KundAufDat="2001-02-21"/>
  <Kunden KundenNr="9913" KundEigtNr="10465" KundArt="8" KundStatus="3" KundAufDat="2001-02-22"/>
  <Kunden KundenNr="9914" KundEigtNr="10466" KundArt="2" KundStatus="3" KundAufDat="2001-02-22"/>
  <Kunden KundenNr="9915" KundEigtNr="10467" KundArt="2" KundStatus="3" KundAufDat="2001-02-22"/>
  <Kunden KundenNr="9916" KundEigtNr="237" KundArt="29" KundStatus="1" KundAufDat="2001-02-22"/>
  <Kunden KundenNr="9917" KundEigtNr="10468" KundArt="8" KundStatus="3" KundAufDat="2001-02-22"/>
  <Kunden KundenNr="9918" KundEigtNr="10469" KundArt="8" KundStatus="3" KundAufDat="2001-02-22"/>
  <Kunden KundenNr="9919" KundEigtNr="10470" KundArt="8" KundStatus="3" KundAufDat="2001-02-22"/>
  <Kunden KundenNr="9920" KundEigtNr="7109" KundArt="1" KundStatus="1" KundAufDat="2001-02-22"/>
  <Kunden KundenNr="9921" KundEigtNr="10471" KundArt="2" KundStatus="3" KundAufDat="2001-02-22"/>
  <Kunden KundenNr="9922" KundEigtNr="10472" KundArt="2" KundStatus="3" KundAufDat="2001-02-22"/>
  <Kunden KundenNr="9923" KundEigtNr="10473" KundArt="8" KundStatus="3" KundAufDat="2001-02-23"/>
  <Kunden KundenNr="9924" KundEigtNr="10474" KundArt="8" KundStatus="3" KundAufDat="2001-02-23"/>
  <Kunden KundenNr="9925" KundEigtNr="10475" KundArt="8" KundStatus="1" KundAufDat="2001-02-23"/>
  <Kunden KundenNr="9926" KundEigtNr="10476" KundArt="2" KundStatus="3" KundAufDat="2001-02-23"/>
  <Kunden KundenNr="9927" KundEigtNr="10477" KundArt="8" KundStatus="3" KundAufDat="2001-02-23"/>
  <Kunden KundenNr="9928" KundEigtNr="10478" KundArt="8" KundStatus="3" KundAufDat="2001-02-23"/>
  <Kunden KundenNr="9929" KundEigtNr="10479" KundArt="8" KundStatus="3" KundAufDat="2001-02-23"/>
  <Kunden KundenNr="9930" KundEigtNr="10480" KundArt="2" KundStatus="3" KundAufDat="2001-02-23"/>
  <Kunden KundenNr="9931" KundEigtNr="10481" KundArt="8" KundStatus="3" KundAufDat="2001-02-23"/>
  <Kunden KundenNr="9932" KundEigtNr="10482" KundArt="2" KundStatus="3" KundAufDat="2001-02-24"/>
  <Kunden KundenNr="9933" KundEigtNr="10483" KundArt="2" KundStatus="3" KundAufDat="2001-02-24"/>
  <Kunden KundenNr="9934" KundEigtNr="10484" KundArt="2" KundStatus="3" KundAufDat="2001-02-24"/>
  <Kunden KundenNr="9935" KundEigtNr="10485" KundArt="8" KundStatus="3" KundAufDat="2001-02-24"/>
  <Kunden KundenNr="9936" KundEigtNr="10486" KundArt="2" KundStatus="3" KundAufDat="2001-02-24"/>
  <Kunden KundenNr="9937" KundEigtNr="10487" KundArt="8" KundStatus="3" KundAufDat="2001-02-26"/>
  <Kunden KundenNr="9938" KundEigtNr="10488" KundArt="1" KundStatus="3" KundAufDat="2001-02-26"/>
  <Kunden KundenNr="9939" KundEigtNr="10489" KundArt="29" KundStatus="1" KundAufDat="2001-02-26"/>
  <Kunden KundenNr="9940" KundEigtNr="10490" KundArt="8" KundStatus="1" KundAufDat="2001-02-26"/>
  <Kunden KundenNr="9941" KundEigtNr="10491" KundArt="2" KundStatus="3" KundAufDat="2001-02-26"/>
  <Kunden KundenNr="9942" KundEigtNr="10492" KundArt="8" KundStatus="3" KundAufDat="2001-02-26"/>
  <Kunden KundenNr="9943" KundEigtNr="10493" KundArt="2" KundStatus="3" KundAufDat="2001-02-26"/>
  <Kunden KundenNr="9944" KundEigtNr="10494" KundArt="8" KundStatus="3" KundAufDat="2001-02-26"/>
  <Kunden KundenNr="9945" KundEigtNr="10495" KundArt="2" KundStatus="1" KundAufDat="2001-02-26"/>
  <Kunden KundenNr="9946" KundEigtNr="10496" KundArt="2" KundStatus="1" KundAufDat="2001-02-26"/>
  <Kunden KundenNr="9947" KundEigtNr="10497" KundArt="2" KundStatus="3" KundAufDat="2001-02-27"/>
  <Kunden KundenNr="9948" KundEigtNr="10498" KundArt="2" KundStatus="3" KundAufDat="2001-02-27"/>
  <Kunden KundenNr="9949" KundEigtNr="10499" KundArt="8" KundStatus="3" KundAufDat="2001-02-27"/>
  <Kunden KundenNr="9950" KundEigtNr="10500" KundArt="2" KundStatus="3" KundAufDat="2001-02-27"/>
  <Kunden KundenNr="9951" KundEigtNr="10501" KundArt="8" KundStatus="3" KundAufDat="2001-02-27"/>
  <Kunden KundenNr="9952" KundEigtNr="10502" KundArt="8" KundStatus="3" KundAufDat="2001-02-27"/>
  <Kunden KundenNr="9953" KundEigtNr="10503" KundArt="8" KundStatus="3" KundAufDat="2001-02-27"/>
  <Kunden KundenNr="9954" KundEigtNr="10504" KundArt="8" KundStatus="3" KundAufDat="2001-02-27"/>
  <Kunden KundenNr="9955" KundEigtNr="10505" KundArt="8" KundStatus="3" KundAufDat="2001-02-27"/>
  <Kunden KundenNr="9956" KundEigtNr="9190" KundArt="2" KundStatus="3" KundAufDat="2001-02-27"/>
  <Kunden KundenNr="9957" KundEigtNr="10506" KundArt="29" KundStatus="1" KundAufDat="2001-02-27"/>
  <Kunden KundenNr="9958" KundEigtNr="5625" KundArt="29" KundStatus="1" KundAufDat="2001-02-27"/>
  <Kunden KundenNr="9959" KundEigtNr="10507" KundArt="8" KundStatus="3" KundAufDat="2001-02-27"/>
  <Kunden KundenNr="9960" KundEigtNr="10508" KundArt="8" KundStatus="3" KundAufDat="2001-02-27"/>
  <Kunden KundenNr="9961" KundEigtNr="10509" KundArt="8" KundStatus="3" KundAufDat="2001-02-27"/>
  <Kunden KundenNr="9962" KundEigtNr="10510" KundArt="2" KundStatus="1" KundAufDat="2001-02-28"/>
  <Kunden KundenNr="9963" KundEigtNr="10511" KundArt="8" KundStatus="3" KundAufDat="2001-02-28"/>
  <Kunden KundenNr="9964" KundEigtNr="10512" KundArt="8" KundStatus="3" KundAufDat="2001-02-28"/>
  <Kunden KundenNr="9965" KundEigtNr="10513" KundArt="2" KundStatus="3" KundAufDat="2001-02-28"/>
  <Kunden KundenNr="9966" KundEigtNr="10514" KundArt="8" KundStatus="3" KundAufDat="2001-03-01"/>
  <Kunden KundenNr="9967" KundEigtNr="10515" KundArt="29" KundStatus="1" KundAufDat="2001-03-01"/>
  <Kunden KundenNr="9968" KundEigtNr="10516" KundArt="8" KundStatus="3" KundAufDat="2001-03-01"/>
  <Kunden KundenNr="9969" KundEigtNr="10517" KundArt="8" KundStatus="3" KundAufDat="2001-03-01"/>
  <Kunden KundenNr="9970" KundEigtNr="10518" KundArt="29" KundStatus="1" KundAufDat="2001-03-01"/>
  <Kunden KundenNr="9971" KundEigtNr="10519" KundArt="29" KundStatus="1" KundAufDat="2001-03-01"/>
  <Kunden KundenNr="9972" KundEigtNr="10520" KundArt="29" KundStatus="1" KundAufDat="2001-03-01"/>
  <Kunden KundenNr="9973" KundEigtNr="10521" KundArt="2" KundStatus="1" KundAufDat="2001-03-02"/>
  <Kunden KundenNr="9974" KundEigtNr="10522" KundArt="2" KundStatus="3" KundAufDat="2001-03-02"/>
  <Kunden KundenNr="9975" KundEigtNr="1433" KundArt="8" KundStatus="3" KundAufDat="2001-03-05"/>
  <Kunden KundenNr="9976" KundEigtNr="10523" KundArt="8" KundStatus="1" KundAufDat="2001-03-05"/>
  <Kunden KundenNr="9977" KundEigtNr="10524" KundArt="8" KundStatus="3" KundAufDat="2001-03-05"/>
  <Kunden KundenNr="9978" KundEigtNr="10525" KundArt="8" KundStatus="3" KundAufDat="2001-03-05"/>
  <Kunden KundenNr="9979" KundEigtNr="10526" KundArt="8" KundStatus="3" KundAufDat="2001-03-05"/>
  <Kunden KundenNr="9980" KundEigtNr="10527" KundArt="8" KundStatus="3" KundAufDat="2001-03-05"/>
  <Kunden KundenNr="9981" KundEigtNr="10528" KundArt="2" KundStatus="3" KundAufDat="2001-03-05"/>
  <Kunden KundenNr="9982" KundEigtNr="10529" KundArt="2" KundStatus="1" KundAufDat="2001-03-06"/>
  <Kunden KundenNr="9983" KundEigtNr="10530" KundArt="2" KundStatus="3" KundAufDat="2001-03-06"/>
  <Kunden KundenNr="9984" KundEigtNr="10531" KundArt="8" KundStatus="3" KundAufDat="2001-03-06"/>
  <Kunden KundenNr="9985" KundEigtNr="10532" KundArt="2" KundStatus="3" KundAufDat="2001-03-06"/>
  <Kunden KundenNr="9986" KundEigtNr="10533" KundArt="8" KundStatus="3" KundAufDat="2001-03-06"/>
  <Kunden KundenNr="9987" KundEigtNr="10534" KundArt="8" KundStatus="1" KundAufDat="2001-03-06"/>
  <Kunden KundenNr="9988" KundEigtNr="10535" KundArt="8" KundStatus="3" KundAufDat="2001-03-06"/>
  <Kunden KundenNr="9989" KundEigtNr="10536" KundArt="8" KundStatus="3" KundAufDat="2001-03-06"/>
  <Kunden KundenNr="9990" KundEigtNr="10537" KundArt="29" KundStatus="1" KundAufDat="2001-03-07"/>
  <Kunden KundenNr="9991" KundEigtNr="10538" KundArt="8" KundStatus="3" KundAufDat="2001-03-07"/>
  <Kunden KundenNr="9992" KundEigtNr="10539" KundArt="2" KundStatus="3" KundAufDat="2001-03-07"/>
  <Kunden KundenNr="9993" KundEigtNr="10540" KundArt="29" KundStatus="1" KundAufDat="2001-03-07"/>
  <Kunden KundenNr="9994" KundEigtNr="10541" KundArt="8" KundStatus="3" KundAufDat="2001-03-08"/>
  <Kunden KundenNr="9995" KundEigtNr="10542" KundArt="2" KundStatus="3" KundAufDat="2001-03-08"/>
  <Kunden KundenNr="9996" KundEigtNr="10543" KundArt="8" KundStatus="3" KundAufDat="2001-03-08"/>
  <Kunden KundenNr="9997" KundEigtNr="10544" KundArt="8" KundStatus="3" KundAufDat="2001-03-09"/>
  <Kunden KundenNr="9998" KundEigtNr="10545" KundArt="8" KundStatus="3" KundAufDat="2001-03-09"/>
  <Kunden KundenNr="9999" KundEigtNr="10546" KundArt="2" KundStatus="3" KundAufDat="2001-03-10"/>
  <Kunden KundenNr="10000" KundEigtNr="10547" KundArt="2" KundStatus="3" KundAufDat="2001-03-10"/>
  <Kunden KundenNr="10001" KundEigtNr="10548" KundArt="8" KundStatus="3" KundAufDat="2001-03-12"/>
  <Kunden KundenNr="10002" KundEigtNr="10549" KundArt="2" KundStatus="3" KundAufDat="2001-03-12"/>
  <Kunden KundenNr="10003" KundEigtNr="10550" KundArt="2" KundStatus="3" KundAufDat="2001-03-12"/>
  <Kunden KundenNr="10004" KundEigtNr="10551" KundArt="8" KundStatus="3" KundAufDat="2001-03-12"/>
  <Kunden KundenNr="10005" KundEigtNr="10552" KundArt="8" KundStatus="3" KundAufDat="2001-03-12"/>
  <Kunden KundenNr="10006" KundEigtNr="10553" KundArt="2" KundStatus="1" KundAufDat="2001-03-12"/>
  <Kunden KundenNr="10007" KundEigtNr="10554" KundArt="8" KundStatus="3" KundAufDat="2001-03-12"/>
  <Kunden KundenNr="10008" KundEigtNr="10555" KundArt="31" KundStatus="1" KundAufDat="2001-03-12"/>
  <Kunden KundenNr="10009" KundEigtNr="10556" KundArt="2" KundStatus="3" KundAufDat="2001-03-12"/>
  <Kunden KundenNr="10010" KundEigtNr="10557" KundArt="2" KundStatus="3" KundAufDat="2001-03-12"/>
  <Kunden KundenNr="10011" KundEigtNr="10558" KundArt="2" KundStatus="3" KundAufDat="2001-03-12"/>
  <Kunden KundenNr="10012" KundEigtNr="10559" KundArt="8" KundStatus="3" KundAufDat="2001-03-13"/>
  <Kunden KundenNr="10013" KundEigtNr="10560" KundArt="8" KundStatus="3" KundAufDat="2001-03-13"/>
  <Kunden KundenNr="10014" KundEigtNr="10561" KundArt="2" KundStatus="3" KundAufDat="2001-03-13"/>
  <Kunden KundenNr="10015" KundEigtNr="8363" KundArt="2" KundStatus="3" KundAufDat="2001-03-13"/>
  <Kunden KundenNr="10016" KundEigtNr="10562" KundArt="2" KundStatus="3" KundAufDat="2001-03-13"/>
  <Kunden KundenNr="10017" KundEigtNr="10563" KundArt="8" KundStatus="3" KundAufDat="2001-03-13"/>
  <Kunden KundenNr="10018" KundEigtNr="10564" KundArt="8" KundStatus="3" KundAufDat="2001-03-13"/>
  <Kunden KundenNr="10019" KundEigtNr="10565" KundArt="8" KundStatus="3" KundAufDat="2001-03-13"/>
  <Kunden KundenNr="10020" KundEigtNr="10566" KundArt="8" KundStatus="3" KundAufDat="2001-03-13"/>
  <Kunden KundenNr="10021" KundEigtNr="10567" KundArt="8" KundStatus="3" KundAufDat="2001-03-13"/>
  <Kunden KundenNr="10022" KundEigtNr="10568" KundArt="1" KundStatus="3" KundAufDat="2001-03-14"/>
  <Kunden KundenNr="10023" KundEigtNr="10569" KundArt="1" KundStatus="3" KundAufDat="2001-03-14"/>
  <Kunden KundenNr="10024" KundEigtNr="10570" KundArt="2" KundStatus="3" KundAufDat="2001-03-14"/>
  <Kunden KundenNr="10025" KundEigtNr="10571" KundArt="8" KundStatus="3" KundAufDat="2001-03-14"/>
  <Kunden KundenNr="10026" KundEigtNr="10572" KundArt="8" KundStatus="3" KundAufDat="2001-03-14"/>
  <Kunden KundenNr="10027" KundEigtNr="10585" KundArt="2" KundStatus="3" KundAufDat="2001-03-14"/>
  <Kunden KundenNr="10028" KundEigtNr="10587" KundArt="2" KundStatus="3" KundAufDat="2001-03-14"/>
  <Kunden KundenNr="10029" KundEigtNr="10588" KundArt="2" KundStatus="3" KundAufDat="2001-03-15"/>
  <Kunden KundenNr="10030" KundEigtNr="10589" KundArt="8" KundStatus="3" KundAufDat="2001-03-15"/>
  <Kunden KundenNr="10031" KundEigtNr="10590" KundArt="8" KundStatus="3" KundAufDat="2001-03-15"/>
  <Kunden KundenNr="10032" KundEigtNr="10591" KundArt="8" KundStatus="3" KundAufDat="2001-03-15"/>
  <Kunden KundenNr="10033" KundEigtNr="10592" KundArt="1" KundStatus="3" KundAufDat="2001-03-15"/>
  <Kunden KundenNr="10034" KundEigtNr="10593" KundArt="2" KundStatus="3" KundAufDat="2001-03-15"/>
  <Kunden KundenNr="10035" KundEigtNr="10594" KundArt="29" KundStatus="1" KundAufDat="2001-03-15"/>
  <Kunden KundenNr="10036" KundEigtNr="10595" KundArt="8" KundStatus="3" KundAufDat="2001-03-15"/>
  <Kunden KundenNr="10037" KundEigtNr="10596" KundArt="1" KundStatus="3" KundAufDat="2001-03-15"/>
  <Kunden KundenNr="10038" KundEigtNr="10166" KundArt="2" KundStatus="1" KundAufDat="2001-03-16"/>
  <Kunden KundenNr="10039" KundEigtNr="10597" KundArt="8" KundStatus="1" KundAufDat="2001-03-16"/>
  <Kunden KundenNr="10040" KundEigtNr="10598" KundArt="8" KundStatus="3" KundAufDat="2001-03-16"/>
  <Kunden KundenNr="10041" KundEigtNr="10599" KundArt="8" KundStatus="1" KundAufDat="2001-03-16"/>
  <Kunden KundenNr="10042" KundEigtNr="10560" KundArt="2" KundStatus="3" KundAufDat="2001-03-19"/>
  <Kunden KundenNr="10043" KundEigtNr="10600" KundArt="2" KundStatus="3" KundAufDat="2001-03-19"/>
  <Kunden KundenNr="10044" KundEigtNr="10601" KundArt="2" KundStatus="3" KundAufDat="2001-03-19"/>
  <Kunden KundenNr="10045" KundEigtNr="10602" KundArt="2" KundStatus="3" KundAufDat="2001-03-19"/>
  <Kunden KundenNr="10046" KundEigtNr="10603" KundArt="8" KundStatus="3" KundAufDat="2001-03-19"/>
  <Kunden KundenNr="10047" KundEigtNr="10604" KundArt="8" KundStatus="3" KundAufDat="2001-03-19"/>
  <Kunden KundenNr="10048" KundEigtNr="10605" KundArt="8" KundStatus="3" KundAufDat="2001-03-19"/>
  <Kunden KundenNr="10049" KundEigtNr="10606" KundArt="8" KundStatus="3" KundAufDat="2001-03-19"/>
  <Kunden KundenNr="10050" KundEigtNr="10607" KundArt="8" KundStatus="3" KundAufDat="2001-03-19"/>
  <Kunden KundenNr="10051" KundEigtNr="10608" KundArt="8" KundStatus="3" KundAufDat="2001-03-19"/>
  <Kunden KundenNr="10052" KundEigtNr="10609" KundArt="1" KundStatus="3" KundAufDat="2001-03-19"/>
  <Kunden KundenNr="10053" KundEigtNr="10610" KundArt="8" KundStatus="1" KundAufDat="2001-03-20"/>
  <Kunden KundenNr="10054" KundEigtNr="10611" KundArt="2" KundStatus="3" KundAufDat="2001-03-20"/>
  <Kunden KundenNr="10055" KundEigtNr="10612" KundArt="2" KundStatus="3" KundAufDat="2001-03-20"/>
  <Kunden KundenNr="10056" KundEigtNr="10613" KundArt="31" KundStatus="1" KundAufDat="2001-03-20"/>
  <Kunden KundenNr="10057" KundEigtNr="10614" KundArt="2" KundStatus="3" KundAufDat="2001-03-21"/>
  <Kunden KundenNr="10058" KundEigtNr="10615" KundArt="29" KundStatus="1" KundAufDat="2001-03-21"/>
  <Kunden KundenNr="10059" KundEigtNr="10616" KundArt="2" KundStatus="3" KundAufDat="2001-03-21"/>
  <Kunden KundenNr="10060" KundEigtNr="10617" KundArt="8" KundStatus="3" KundAufDat="2001-03-21"/>
  <Kunden KundenNr="10061" KundEigtNr="10618" KundArt="8" KundStatus="1" KundAufDat="2001-03-21"/>
  <Kunden KundenNr="10062" KundEigtNr="10618" KundArt="1" KundStatus="3" KundAufDat="2001-03-21"/>
  <Kunden KundenNr="10063" KundEigtNr="10619" KundArt="8" KundStatus="3" KundAufDat="2001-03-21"/>
  <Kunden KundenNr="10064" KundEigtNr="10620" KundArt="8" KundStatus="3" KundAufDat="2001-03-22"/>
  <Kunden KundenNr="10065" KundEigtNr="10621" KundArt="8" KundStatus="3" KundAufDat="2001-03-22"/>
  <Kunden KundenNr="10066" KundEigtNr="10622" KundArt="29" KundStatus="1" KundAufDat="2001-03-22"/>
  <Kunden KundenNr="10067" KundEigtNr="10623" KundArt="8" KundStatus="3" KundAufDat="2001-03-22"/>
  <Kunden KundenNr="10068" KundEigtNr="3644" KundArt="2" KundStatus="3" KundAufDat="2001-03-22"/>
  <Kunden KundenNr="10069" KundEigtNr="10624" KundArt="8" KundStatus="3" KundAufDat="2001-03-22"/>
  <Kunden KundenNr="10070" KundEigtNr="10625" KundArt="2" KundStatus="3" KundAufDat="2001-03-22"/>
  <Kunden KundenNr="10071" KundEigtNr="10626" KundArt="8" KundStatus="3" KundAufDat="2001-03-22"/>
  <Kunden KundenNr="10072" KundEigtNr="10627" KundArt="31" KundStatus="1" KundAufDat="2001-03-22"/>
  <Kunden KundenNr="10073" KundEigtNr="10628" KundArt="8" KundStatus="1" KundAufDat="2001-03-24"/>
  <Kunden KundenNr="10074" KundEigtNr="10629" KundArt="2" KundStatus="3" KundAufDat="2001-03-24"/>
  <Kunden KundenNr="10075" KundEigtNr="10630" KundArt="2" KundStatus="3" KundAufDat="2001-03-24"/>
  <Kunden KundenNr="10076" KundEigtNr="10631" KundArt="2" KundStatus="3" KundAufDat="2001-03-26"/>
  <Kunden KundenNr="10077" KundEigtNr="10632" KundArt="2" KundStatus="3" KundAufDat="2001-03-26"/>
  <Kunden KundenNr="10078" KundEigtNr="10633" KundArt="8" KundStatus="3" KundAufDat="2001-03-26"/>
  <Kunden KundenNr="10079" KundEigtNr="10634" KundArt="8" KundStatus="3" KundAufDat="2001-03-26"/>
  <Kunden KundenNr="10080" KundEigtNr="10635" KundArt="29" KundStatus="1" KundAufDat="2001-03-26"/>
  <Kunden KundenNr="10081" KundEigtNr="10636" KundArt="2" KundStatus="3" KundAufDat="2001-03-26"/>
  <Kunden KundenNr="10082" KundEigtNr="10637" KundArt="2" KundStatus="3" KundAufDat="2001-03-26"/>
  <Kunden KundenNr="10083" KundEigtNr="10638" KundArt="2" KundStatus="3" KundAufDat="2001-03-26"/>
  <Kunden KundenNr="10084" KundEigtNr="9452" KundArt="2" KundStatus="3" KundAufDat="2001-03-26"/>
  <Kunden KundenNr="10085" KundEigtNr="53" KundArt="2" KundStatus="3" KundAufDat="2001-03-26"/>
  <Kunden KundenNr="10086" KundEigtNr="10639" KundArt="2" KundStatus="3" KundAufDat="2001-03-26"/>
  <Kunden KundenNr="10087" KundEigtNr="10640" KundArt="2" KundStatus="3" KundAufDat="2001-03-26"/>
  <Kunden KundenNr="10088" KundEigtNr="10641" KundArt="8" KundStatus="3" KundAufDat="2001-03-26"/>
  <Kunden KundenNr="10089" KundEigtNr="10642" KundArt="8" KundStatus="3" KundAufDat="2001-03-27"/>
  <Kunden KundenNr="10090" KundEigtNr="10643" KundArt="2" KundStatus="3" KundAufDat="2001-03-27"/>
  <Kunden KundenNr="10091" KundEigtNr="10644" KundArt="2" KundStatus="3" KundAufDat="2001-03-27"/>
  <Kunden KundenNr="10092" KundEigtNr="10645" KundArt="1" KundStatus="1" KundAufDat="2001-03-27"/>
  <Kunden KundenNr="10093" KundEigtNr="10646" KundArt="8" KundStatus="3" KundAufDat="2001-03-28"/>
  <Kunden KundenNr="10094" KundEigtNr="10647" KundArt="2" KundStatus="3" KundAufDat="2001-03-28"/>
  <Kunden KundenNr="10095" KundEigtNr="10648" KundArt="8" KundStatus="3" KundAufDat="2001-03-28"/>
  <Kunden KundenNr="10096" KundEigtNr="10649" KundArt="8" KundStatus="3" KundAufDat="2001-03-28"/>
  <Kunden KundenNr="10097" KundEigtNr="10650" KundArt="2" KundStatus="3" KundAufDat="2001-03-29"/>
  <Kunden KundenNr="10098" KundEigtNr="10651" KundArt="2" KundStatus="3" KundAufDat="2001-03-29"/>
  <Kunden KundenNr="10099" KundEigtNr="10652" KundArt="2" KundStatus="3" KundAufDat="2001-03-29"/>
  <Kunden KundenNr="10100" KundEigtNr="10653" KundArt="31" KundStatus="1" KundAufDat="2001-03-29"/>
  <Kunden KundenNr="10101" KundEigtNr="10654" KundArt="29" KundStatus="1" KundAufDat="2001-03-29"/>
  <Kunden KundenNr="10102" KundEigtNr="10655" KundArt="8" KundStatus="3" KundAufDat="2001-03-29"/>
  <Kunden KundenNr="10103" KundEigtNr="10656" KundArt="8" KundStatus="3" KundAufDat="2001-03-30"/>
  <Kunden KundenNr="10104" KundEigtNr="10657" KundArt="8" KundStatus="3" KundAufDat="2001-03-30"/>
  <Kunden KundenNr="10105" KundEigtNr="10658" KundArt="2" KundStatus="3" KundAufDat="2001-03-30"/>
  <Kunden KundenNr="10106" KundEigtNr="9359" KundArt="8" KundStatus="1" KundAufDat="2001-03-30"/>
  <Kunden KundenNr="10107" KundEigtNr="10659" KundArt="1" KundStatus="3" KundAufDat="2001-03-30"/>
  <Kunden KundenNr="10109" KundEigtNr="10660" KundArt="1" KundStatus="3" KundAufDat="2001-03-30"/>
  <Kunden KundenNr="10110" KundEigtNr="10661" KundArt="2" KundStatus="3" KundAufDat="2001-03-30"/>
  <Kunden KundenNr="10111" KundEigtNr="10662" KundArt="8" KundStatus="3" KundAufDat="2001-03-31"/>
  <Kunden KundenNr="10112" KundEigtNr="10663" KundArt="2" KundStatus="3" KundAufDat="2001-03-31"/>
  <Kunden KundenNr="10113" KundEigtNr="10664" KundArt="2" KundStatus="3" KundAufDat="2001-03-31"/>
  <Kunden KundenNr="10114" KundEigtNr="10665" KundArt="2" KundStatus="3" KundAufDat="2001-04-02"/>
  <Kunden KundenNr="10115" KundEigtNr="10609" KundArt="8" KundStatus="3" KundAufDat="2001-04-02"/>
  <Kunden KundenNr="10116" KundEigtNr="10666" KundArt="2" KundStatus="3" KundAufDat="2001-04-02"/>
  <Kunden KundenNr="10117" KundEigtNr="10667" KundArt="2" KundStatus="3" KundAufDat="2001-04-02"/>
  <Kunden KundenNr="10118" KundEigtNr="9539" KundArt="2" KundStatus="3" KundAufDat="2001-04-02"/>
  <Kunden KundenNr="10119" KundEigtNr="10668" KundArt="2" KundStatus="3" KundAufDat="2001-04-02"/>
  <Kunden KundenNr="10120" KundEigtNr="10670" KundArt="2" KundStatus="3" KundAufDat="2001-04-02"/>
  <Kunden KundenNr="10121" KundEigtNr="10671" KundArt="8" KundStatus="3" KundAufDat="2001-04-02"/>
  <Kunden KundenNr="10122" KundEigtNr="10672" KundArt="2" KundStatus="3" KundAufDat="2001-04-02"/>
  <Kunden KundenNr="10123" KundEigtNr="10673" KundArt="2" KundStatus="1" KundAufDat="2001-04-02"/>
  <Kunden KundenNr="10124" KundEigtNr="10674" KundArt="2" KundStatus="3" KundAufDat="2001-04-02"/>
  <Kunden KundenNr="10125" KundEigtNr="10675" KundArt="2" KundStatus="3" KundAufDat="2001-04-02"/>
  <Kunden KundenNr="10126" KundEigtNr="10676" KundArt="2" KundStatus="3" KundAufDat="2001-04-02"/>
  <Kunden KundenNr="10127" KundEigtNr="10677" KundArt="8" KundStatus="3" KundAufDat="2001-04-02"/>
  <Kunden KundenNr="10128" KundEigtNr="10330" KundArt="8" KundStatus="3" KundAufDat="2001-04-03"/>
  <Kunden KundenNr="10129" KundEigtNr="10678" KundArt="8" KundStatus="3" KundAufDat="2001-04-03"/>
  <Kunden KundenNr="10130" KundEigtNr="10679" KundArt="2" KundStatus="3" KundAufDat="2001-04-03"/>
  <Kunden KundenNr="10131" KundEigtNr="7001" KundArt="8" KundStatus="3" KundAufDat="2001-04-03"/>
  <Kunden KundenNr="10132" KundEigtNr="10680" KundArt="2" KundStatus="3" KundAufDat="2001-04-03"/>
  <Kunden KundenNr="10133" KundEigtNr="10681" KundArt="8" KundStatus="3" KundAufDat="2001-04-03"/>
  <Kunden KundenNr="10134" KundEigtNr="10682" KundArt="2" KundStatus="3" KundAufDat="2001-04-04"/>
  <Kunden KundenNr="10135" KundEigtNr="5093" KundArt="2" KundStatus="3" KundAufDat="2001-04-04"/>
  <Kunden KundenNr="10136" KundEigtNr="10683" KundArt="2" KundStatus="3" KundAufDat="2001-04-04"/>
  <Kunden KundenNr="10137" KundEigtNr="6559" KundArt="2" KundStatus="3" KundAufDat="2001-04-04"/>
  <Kunden KundenNr="10138" KundEigtNr="10684" KundArt="8" KundStatus="3" KundAufDat="2001-04-04"/>
  <Kunden KundenNr="10139" KundEigtNr="10685" KundArt="8" KundStatus="3" KundAufDat="2001-04-04"/>
  <Kunden KundenNr="10140" KundEigtNr="10686" KundArt="1" KundStatus="3" KundAufDat="2001-04-05"/>
  <Kunden KundenNr="10141" KundEigtNr="10687" KundArt="8" KundStatus="3" KundAufDat="2001-04-05"/>
  <Kunden KundenNr="10142" KundEigtNr="10688" KundArt="31" KundStatus="1" KundAufDat="2001-04-05"/>
  <Kunden KundenNr="10143" KundEigtNr="10689" KundArt="2" KundStatus="3" KundAufDat="2001-04-05"/>
  <Kunden KundenNr="10144" KundEigtNr="10690" KundArt="29" KundStatus="1" KundAufDat="2001-04-05"/>
  <Kunden KundenNr="10145" KundEigtNr="10691" KundArt="8" KundStatus="3" KundAufDat="2001-04-06"/>
  <Kunden KundenNr="10146" KundEigtNr="10692" KundArt="8" KundStatus="3" KundAufDat="2001-04-06"/>
  <Kunden KundenNr="10147" KundEigtNr="10693" KundArt="8" KundStatus="3" KundAufDat="2001-04-06"/>
  <Kunden KundenNr="10148" KundEigtNr="10694" KundArt="8" KundStatus="3" KundAufDat="2001-04-06"/>
  <Kunden KundenNr="10149" KundEigtNr="10695" KundArt="8" KundStatus="3" KundAufDat="2001-04-06"/>
  <Kunden KundenNr="10150" KundEigtNr="10696" KundArt="8" KundStatus="3" KundAufDat="2001-04-06"/>
  <Kunden KundenNr="10151" KundEigtNr="10697" KundArt="2" KundStatus="3" KundAufDat="2001-04-07"/>
  <Kunden KundenNr="10152" KundEigtNr="10698" KundArt="8" KundStatus="3" KundAufDat="2001-04-09"/>
  <Kunden KundenNr="10153" KundEigtNr="10699" KundArt="8" KundStatus="3" KundAufDat="2001-04-09"/>
  <Kunden KundenNr="10154" KundEigtNr="10700" KundArt="8" KundStatus="3" KundAufDat="2001-04-09"/>
  <Kunden KundenNr="10155" KundEigtNr="10701" KundArt="8" KundStatus="3" KundAufDat="2001-04-09"/>
  <Kunden KundenNr="10156" KundEigtNr="10702" KundArt="2" KundStatus="3" KundAufDat="2001-04-09"/>
  <Kunden KundenNr="10157" KundEigtNr="10703" KundArt="2" KundStatus="3" KundAufDat="2001-04-09"/>
  <Kunden KundenNr="10158" KundEigtNr="10704" KundArt="8" KundStatus="3" KundAufDat="2001-04-09"/>
  <Kunden KundenNr="10159" KundEigtNr="10705" KundArt="2" KundStatus="3" KundAufDat="2001-04-09"/>
  <Kunden KundenNr="10160" KundEigtNr="10706" KundArt="2" KundStatus="3" KundAufDat="2001-04-09"/>
  <Kunden KundenNr="10161" KundEigtNr="10707" KundArt="2" KundStatus="3" KundAufDat="2001-04-09"/>
  <Kunden KundenNr="10162" KundEigtNr="10708" KundArt="1" KundStatus="3" KundAufDat="2001-04-09"/>
  <Kunden KundenNr="10163" KundEigtNr="10709" KundArt="2" KundStatus="3" KundAufDat="2001-04-09"/>
  <Kunden KundenNr="10164" KundEigtNr="10710" KundArt="2" KundStatus="3" KundAufDat="2001-04-09"/>
  <Kunden KundenNr="10165" KundEigtNr="10711" KundArt="2" KundStatus="3" KundAufDat="2001-04-09"/>
  <Kunden KundenNr="10166" KundEigtNr="10712" KundArt="29" KundStatus="1" KundAufDat="2001-04-10"/>
  <Kunden KundenNr="10167" KundEigtNr="10713" KundArt="2" KundStatus="3" KundAufDat="2001-04-10"/>
  <Kunden KundenNr="10168" KundEigtNr="10714" KundArt="2" KundStatus="3" KundAufDat="2001-04-10"/>
  <Kunden KundenNr="10169" KundEigtNr="10715" KundArt="2" KundStatus="3" KundAufDat="2001-04-10"/>
  <Kunden KundenNr="10170" KundEigtNr="10536" KundArt="2" KundStatus="3" KundAufDat="2001-04-10"/>
  <Kunden KundenNr="10171" KundEigtNr="10716" KundArt="2" KundStatus="3" KundAufDat="2001-04-10"/>
  <Kunden KundenNr="10172" KundEigtNr="10717" KundArt="2" KundStatus="1" KundAufDat="2001-04-10"/>
  <Kunden KundenNr="10174" KundEigtNr="10719" KundArt="2" KundStatus="3" KundAufDat="2001-04-10"/>
  <Kunden KundenNr="10175" KundEigtNr="10720" KundArt="2" KundStatus="3" KundAufDat="2001-04-10"/>
  <Kunden KundenNr="10176" KundEigtNr="10721" KundArt="2" KundStatus="3" KundAufDat="2001-04-10"/>
  <Kunden KundenNr="10177" KundEigtNr="10722" KundArt="2" KundStatus="3" KundAufDat="2001-04-10"/>
  <Kunden KundenNr="10178" KundEigtNr="10723" KundArt="2" KundStatus="3" KundAufDat="2001-04-10"/>
  <Kunden KundenNr="10179" KundEigtNr="10724" KundArt="2" KundStatus="3" KundAufDat="2001-04-10"/>
  <Kunden KundenNr="10180" KundEigtNr="10725" KundArt="2" KundStatus="3" KundAufDat="2001-04-10"/>
  <Kunden KundenNr="10181" KundEigtNr="10726" KundArt="2" KundStatus="3" KundAufDat="2001-04-10"/>
  <Kunden KundenNr="10182" KundEigtNr="10727" KundArt="2" KundStatus="3" KundAufDat="2001-04-10"/>
  <Kunden KundenNr="10183" KundEigtNr="10728" KundArt="8" KundStatus="3" KundAufDat="2001-04-10"/>
  <Kunden KundenNr="10184" KundEigtNr="2778" KundArt="2" KundStatus="3" KundAufDat="2001-04-10"/>
  <Kunden KundenNr="10185" KundEigtNr="10729" KundArt="1" KundStatus="3" KundAufDat="2001-04-11"/>
  <Kunden KundenNr="10186" KundEigtNr="10730" KundArt="2" KundStatus="1" KundAufDat="2001-04-11"/>
  <Kunden KundenNr="10187" KundEigtNr="10731" KundArt="2" KundStatus="3" KundAufDat="2001-04-11"/>
  <Kunden KundenNr="10188" KundEigtNr="10732" KundArt="8" KundStatus="3" KundAufDat="2001-04-12"/>
  <Kunden KundenNr="10189" KundEigtNr="10733" KundArt="8" KundStatus="3" KundAufDat="2001-04-12"/>
  <Kunden KundenNr="10190" KundEigtNr="10734" KundArt="8" KundStatus="3" KundAufDat="2001-04-12"/>
  <Kunden KundenNr="10191" KundEigtNr="10657" KundArt="29" KundStatus="1" KundAufDat="2001-04-17"/>
  <Kunden KundenNr="10192" KundEigtNr="10735" KundArt="8" KundStatus="1" KundAufDat="2001-04-17"/>
  <Kunden KundenNr="10193" KundEigtNr="10736" KundArt="8" KundStatus="3" KundAufDat="2001-04-17"/>
  <Kunden KundenNr="10194" KundEigtNr="10679" KundArt="8" KundStatus="3" KundAufDat="2001-04-17"/>
  <Kunden KundenNr="10195" KundEigtNr="10737" KundArt="8" KundStatus="3" KundAufDat="2001-04-17"/>
  <Kunden KundenNr="10197" KundEigtNr="10739" KundArt="8" KundStatus="3" KundAufDat="2001-04-17"/>
  <Kunden KundenNr="10198" KundEigtNr="10740" KundArt="2" KundStatus="3" KundAufDat="2001-04-18"/>
  <Kunden KundenNr="10199" KundEigtNr="3498" KundArt="8" KundStatus="3" KundAufDat="2001-04-18"/>
  <Kunden KundenNr="10200" KundEigtNr="10741" KundArt="8" KundStatus="3" KundAufDat="2001-04-18"/>
  <Kunden KundenNr="10201" KundEigtNr="10244" KundArt="8" KundStatus="3" KundAufDat="2001-04-18"/>
  <Kunden KundenNr="10202" KundEigtNr="10742" KundArt="8" KundStatus="3" KundAufDat="2001-04-18"/>
  <Kunden KundenNr="10203" KundEigtNr="10719" KundArt="8" KundStatus="3" KundAufDat="2001-04-18"/>
  <Kunden KundenNr="10204" KundEigtNr="10743" KundArt="8" KundStatus="3" KundAufDat="2001-04-18"/>
  <Kunden KundenNr="10205" KundEigtNr="10744" KundArt="8" KundStatus="3" KundAufDat="2001-04-18"/>
  <Kunden KundenNr="10206" KundEigtNr="10745" KundArt="31" KundStatus="1" KundAufDat="2001-04-19"/>
  <Kunden KundenNr="10207" KundEigtNr="10746" KundArt="8" KundStatus="3" KundAufDat="2001-04-20"/>
  <Kunden KundenNr="10208" KundEigtNr="10697" KundArt="8" KundStatus="3" KundAufDat="2001-04-20"/>
  <Kunden KundenNr="10209" KundEigtNr="10638" KundArt="8" KundStatus="3" KundAufDat="2001-04-20"/>
  <Kunden KundenNr="10210" KundEigtNr="10747" KundArt="8" KundStatus="3" KundAufDat="2001-04-20"/>
  <Kunden KundenNr="10211" KundEigtNr="10748" KundArt="8" KundStatus="3" KundAufDat="2001-04-20"/>
  <Kunden KundenNr="10212" KundEigtNr="6296" KundArt="8" KundStatus="3" KundAufDat="2001-04-20"/>
  <Kunden KundenNr="10213" KundEigtNr="10749" KundArt="8" KundStatus="3" KundAufDat="2001-04-20"/>
  <Kunden KundenNr="10214" KundEigtNr="10750" KundArt="8" KundStatus="3" KundAufDat="2001-04-20"/>
  <Kunden KundenNr="10215" KundEigtNr="10751" KundArt="8" KundStatus="3" KundAufDat="2001-04-20"/>
  <Kunden KundenNr="10216" KundEigtNr="10752" KundArt="8" KundStatus="3" KundAufDat="2001-04-20"/>
  <Kunden KundenNr="10217" KundEigtNr="10753" KundArt="8" KundStatus="3" KundAufDat="2001-04-21"/>
  <Kunden KundenNr="10218" KundEigtNr="10754" KundArt="2" KundStatus="3" KundAufDat="2001-04-21"/>
  <Kunden KundenNr="10219" KundEigtNr="1885" KundArt="2" KundStatus="3" KundAufDat="2001-04-21"/>
  <Kunden KundenNr="10220" KundEigtNr="10755" KundArt="8" KundStatus="3" KundAufDat="2001-04-23"/>
  <Kunden KundenNr="10221" KundEigtNr="10756" KundArt="8" KundStatus="1" KundAufDat="2001-04-23"/>
  <Kunden KundenNr="10222" KundEigtNr="10757" KundArt="2" KundStatus="3" KundAufDat="2001-04-23"/>
  <Kunden KundenNr="10223" KundEigtNr="3571" KundArt="2" KundStatus="3" KundAufDat="2001-04-23"/>
  <Kunden KundenNr="10224" KundEigtNr="10758" KundArt="2" KundStatus="3" KundAufDat="2001-04-23"/>
  <Kunden KundenNr="10225" KundEigtNr="10759" KundArt="8" KundStatus="3" KundAufDat="2001-04-23"/>
  <Kunden KundenNr="10226" KundEigtNr="10760" KundArt="8" KundStatus="3" KundAufDat="2001-04-23"/>
  <Kunden KundenNr="10227" KundEigtNr="10761" KundArt="8" KundStatus="3" KundAufDat="2001-04-23"/>
  <Kunden KundenNr="10228" KundEigtNr="10762" KundArt="8" KundStatus="3" KundAufDat="2001-04-23"/>
  <Kunden KundenNr="10229" KundEigtNr="3512" KundArt="8" KundStatus="3" KundAufDat="2001-04-23"/>
  <Kunden KundenNr="10230" KundEigtNr="9271" KundArt="8" KundStatus="3" KundAufDat="2001-04-23"/>
  <Kunden KundenNr="10231" KundEigtNr="10763" KundArt="1" KundStatus="3" KundAufDat="2001-04-23"/>
  <Kunden KundenNr="10232" KundEigtNr="10764" KundArt="8" KundStatus="3" KundAufDat="2001-04-23"/>
  <Kunden KundenNr="10233" KundEigtNr="10765" KundArt="8" KundStatus="3" KundAufDat="2001-04-23"/>
  <Kunden KundenNr="10234" KundEigtNr="9518" KundArt="2" KundStatus="3" KundAufDat="2001-04-23"/>
  <Kunden KundenNr="10235" KundEigtNr="10766" KundArt="1" KundStatus="3" KundAufDat="2001-04-23"/>
  <Kunden KundenNr="10236" KundEigtNr="10767" KundArt="2" KundStatus="3" KundAufDat="2001-04-24"/>
  <Kunden KundenNr="10237" KundEigtNr="10768" KundArt="2" KundStatus="3" KundAufDat="2001-04-24"/>
  <Kunden KundenNr="10238" KundEigtNr="10769" KundArt="8" KundStatus="3" KundAufDat="2001-04-24"/>
  <Kunden KundenNr="10239" KundEigtNr="10553" KundArt="8" KundStatus="3" KundAufDat="2001-04-24"/>
  <Kunden KundenNr="10240" KundEigtNr="10770" KundArt="2" KundStatus="3" KundAufDat="2001-04-24"/>
  <Kunden KundenNr="10241" KundEigtNr="10771" KundArt="2" KundStatus="3" KundAufDat="2001-04-24"/>
  <Kunden KundenNr="10242" KundEigtNr="10772" KundArt="8" KundStatus="3" KundAufDat="2001-04-24"/>
  <Kunden KundenNr="10243" KundEigtNr="10773" KundArt="8" KundStatus="3" KundAufDat="2001-04-24"/>
  <Kunden KundenNr="10244" KundEigtNr="7856" KundArt="8" KundStatus="3" KundAufDat="2001-04-24"/>
  <Kunden KundenNr="10245" KundEigtNr="10774" KundArt="8" KundStatus="3" KundAufDat="2001-04-25"/>
  <Kunden KundenNr="10246" KundEigtNr="10775" KundArt="8" KundStatus="3" KundAufDat="2001-04-25"/>
  <Kunden KundenNr="10247" KundEigtNr="10776" KundArt="8" KundStatus="3" KundAufDat="2001-04-25"/>
  <Kunden KundenNr="10248" KundEigtNr="10777" KundArt="8" KundStatus="3" KundAufDat="2001-04-25"/>
  <Kunden KundenNr="10249" KundEigtNr="10778" KundArt="2" KundStatus="3" KundAufDat="2001-04-25"/>
  <Kunden KundenNr="10250" KundEigtNr="10779" KundArt="8" KundStatus="3" KundAufDat="2001-04-25"/>
  <Kunden KundenNr="10251" KundEigtNr="10780" KundArt="2" KundStatus="3" KundAufDat="2001-04-25"/>
  <Kunden KundenNr="10252" KundEigtNr="10781" KundArt="2" KundStatus="3" KundAufDat="2001-04-25"/>
  <Kunden KundenNr="10253" KundEigtNr="10782" KundArt="8" KundStatus="3" KundAufDat="2001-04-25"/>
  <Kunden KundenNr="10254" KundEigtNr="10783" KundArt="8" KundStatus="3" KundAufDat="2001-04-25"/>
  <Kunden KundenNr="10255" KundEigtNr="10784" KundArt="2" KundStatus="3" KundAufDat="2001-04-26"/>
  <Kunden KundenNr="10256" KundEigtNr="10785" KundArt="8" KundStatus="3" KundAufDat="2001-04-26"/>
  <Kunden KundenNr="10257" KundEigtNr="10786" KundArt="8" KundStatus="3" KundAufDat="2001-04-26"/>
  <Kunden KundenNr="10258" KundEigtNr="10787" KundArt="8" KundStatus="3" KundAufDat="2001-04-26"/>
  <Kunden KundenNr="10259" KundEigtNr="10788" KundArt="8" KundStatus="3" KundAufDat="2001-04-26"/>
  <Kunden KundenNr="10260" KundEigtNr="10789" KundArt="8" KundStatus="3" KundAufDat="2001-04-26"/>
  <Kunden KundenNr="10261" KundEigtNr="10790" KundArt="8" KundStatus="3" KundAufDat="2001-04-26"/>
  <Kunden KundenNr="10262" KundEigtNr="10791" KundArt="2" KundStatus="3" KundAufDat="2001-04-26"/>
  <Kunden KundenNr="10263" KundEigtNr="10782" KundArt="2" KundStatus="3" KundAufDat="2001-04-26"/>
  <Kunden KundenNr="10264" KundEigtNr="10792" KundArt="2" KundStatus="3" KundAufDat="2001-04-26"/>
  <Kunden KundenNr="10265" KundEigtNr="10793" KundArt="8" KundStatus="3" KundAufDat="2001-04-27"/>
  <Kunden KundenNr="10266" KundEigtNr="10755" KundArt="2" KundStatus="3" KundAufDat="2001-04-27"/>
  <Kunden KundenNr="10267" KundEigtNr="1636" KundArt="2" KundStatus="3" KundAufDat="2001-04-27"/>
  <Kunden KundenNr="10268" KundEigtNr="10794" KundArt="2" KundStatus="3" KundAufDat="2001-04-27"/>
  <Kunden KundenNr="10269" KundEigtNr="10795" KundArt="2" KundStatus="3" KundAufDat="2001-04-27"/>
  <Kunden KundenNr="10270" KundEigtNr="10796" KundArt="8" KundStatus="3" KundAufDat="2001-04-27"/>
  <Kunden KundenNr="10271" KundEigtNr="10797" KundArt="8" KundStatus="3" KundAufDat="2001-04-27"/>
  <Kunden KundenNr="10272" KundEigtNr="10798" KundArt="2" KundStatus="3" KundAufDat="2001-04-30"/>
  <Kunden KundenNr="10273" KundEigtNr="9547" KundArt="2" KundStatus="3" KundAufDat="2001-04-30"/>
  <Kunden KundenNr="10274" KundEigtNr="10799" KundArt="2" KundStatus="3" KundAufDat="2001-04-30"/>
  <Kunden KundenNr="10275" KundEigtNr="10800" KundArt="2" KundStatus="3" KundAufDat="2001-04-30"/>
  <Kunden KundenNr="10276" KundEigtNr="10801" KundArt="8" KundStatus="3" KundAufDat="2001-04-30"/>
  <Kunden KundenNr="10277" KundEigtNr="10802" KundArt="8" KundStatus="3" KundAufDat="2001-04-30"/>
  <Kunden KundenNr="10278" KundEigtNr="10803" KundArt="8" KundStatus="3" KundAufDat="2001-04-30"/>
  <Kunden KundenNr="10279" KundEigtNr="10804" KundArt="1" KundStatus="3" KundAufDat="2001-04-30"/>
  <Kunden KundenNr="10280" KundEigtNr="10805" KundArt="8" KundStatus="3" KundAufDat="2001-04-30"/>
  <Kunden KundenNr="10281" KundEigtNr="10806" KundArt="2" KundStatus="3" KundAufDat="2001-04-30"/>
  <Kunden KundenNr="10282" KundEigtNr="10807" KundArt="8" KundStatus="3" KundAufDat="2001-04-30"/>
  <Kunden KundenNr="10283" KundEigtNr="10808" KundArt="8" KundStatus="3" KundAufDat="2001-04-30"/>
  <Kunden KundenNr="10284" KundEigtNr="10809" KundArt="8" KundStatus="3" KundAufDat="2001-05-02"/>
  <Kunden KundenNr="10285" KundEigtNr="10810" KundArt="8" KundStatus="3" KundAufDat="2001-05-02"/>
  <Kunden KundenNr="10286" KundEigtNr="10811" KundArt="8" KundStatus="3" KundAufDat="2001-05-02"/>
  <Kunden KundenNr="10287" KundEigtNr="10812" KundArt="31" KundStatus="1" KundAufDat="2001-05-02"/>
  <Kunden KundenNr="10288" KundEigtNr="10813" KundArt="8" KundStatus="3" KundAufDat="2001-05-02"/>
  <Kunden KundenNr="10289" KundEigtNr="10814" KundArt="8" KundStatus="3" KundAufDat="2001-05-02"/>
  <Kunden KundenNr="10290" KundEigtNr="10815" KundArt="2" KundStatus="3" KundAufDat="2001-05-02"/>
  <Kunden KundenNr="10291" KundEigtNr="10816" KundArt="8" KundStatus="1" KundAufDat="2001-05-02"/>
  <Kunden KundenNr="10292" KundEigtNr="10817" KundArt="2" KundStatus="1" KundAufDat="2001-05-02"/>
  <Kunden KundenNr="10293" KundEigtNr="10818" KundArt="8" KundStatus="3" KundAufDat="2001-05-02"/>
  <Kunden KundenNr="10294" KundEigtNr="10817" KundArt="8" KundStatus="3" KundAufDat="2001-05-03"/>
  <Kunden KundenNr="10295" KundEigtNr="10819" KundArt="2" KundStatus="3" KundAufDat="2001-05-03"/>
  <Kunden KundenNr="10296" KundEigtNr="10820" KundArt="29" KundStatus="1" KundAufDat="2001-05-03"/>
  <Kunden KundenNr="10297" KundEigtNr="10821" KundArt="2" KundStatus="1" KundAufDat="2001-05-03"/>
  <Kunden KundenNr="10298" KundEigtNr="10822" KundArt="2" KundStatus="1" KundAufDat="2001-05-03"/>
  <Kunden KundenNr="10299" KundEigtNr="10823" KundArt="29" KundStatus="1" KundAufDat="2001-05-04"/>
  <Kunden KundenNr="10300" KundEigtNr="10824" KundArt="8" KundStatus="3" KundAufDat="2001-05-04"/>
  <Kunden KundenNr="10301" KundEigtNr="10825" KundArt="8" KundStatus="3" KundAufDat="2001-05-04"/>
  <Kunden KundenNr="10302" KundEigtNr="10826" KundArt="8" KundStatus="3" KundAufDat="2001-05-04"/>
  <Kunden KundenNr="10303" KundEigtNr="10827" KundArt="8" KundStatus="1" KundAufDat="2001-05-05"/>
  <Kunden KundenNr="10304" KundEigtNr="10828" KundArt="2" KundStatus="3" KundAufDat="2001-05-07"/>
  <Kunden KundenNr="10305" KundEigtNr="10822" KundArt="8" KundStatus="3" KundAufDat="2001-05-07"/>
  <Kunden KundenNr="10306" KundEigtNr="10829" KundArt="8" KundStatus="3" KundAufDat="2001-05-07"/>
  <Kunden KundenNr="10307" KundEigtNr="10830" KundArt="8" KundStatus="3" KundAufDat="2001-05-07"/>
  <Kunden KundenNr="10308" KundEigtNr="10831" KundArt="8" KundStatus="3" KundAufDat="2001-05-07"/>
  <Kunden KundenNr="10309" KundEigtNr="9068" KundArt="8" KundStatus="3" KundAufDat="2001-05-07"/>
  <Kunden KundenNr="10310" KundEigtNr="10832" KundArt="8" KundStatus="3" KundAufDat="2001-05-07"/>
  <Kunden KundenNr="10311" KundEigtNr="10833" KundArt="2" KundStatus="3" KundAufDat="2001-05-07"/>
  <Kunden KundenNr="10312" KundEigtNr="10834" KundArt="31" KundStatus="1" KundAufDat="2001-05-07"/>
  <Kunden KundenNr="10313" KundEigtNr="10835" KundArt="2" KundStatus="3" KundAufDat="2001-05-07"/>
  <Kunden KundenNr="10314" KundEigtNr="10836" KundArt="2" KundStatus="3" KundAufDat="2001-05-07"/>
  <Kunden KundenNr="10315" KundEigtNr="10837" KundArt="2" KundStatus="3" KundAufDat="2001-05-07"/>
  <Kunden KundenNr="10316" KundEigtNr="10838" KundArt="2" KundStatus="3" KundAufDat="2001-05-07"/>
  <Kunden KundenNr="10317" KundEigtNr="10839" KundArt="2" KundStatus="1" KundAufDat="2001-05-07"/>
  <Kunden KundenNr="10318" KundEigtNr="10840" KundArt="8" KundStatus="3" KundAufDat="2001-05-07"/>
  <Kunden KundenNr="10319" KundEigtNr="10841" KundArt="2" KundStatus="3" KundAufDat="2001-05-07"/>
  <Kunden KundenNr="10320" KundEigtNr="8463" KundArt="2" KundStatus="3" KundAufDat="2001-05-07"/>
  <Kunden KundenNr="10321" KundEigtNr="10842" KundArt="8" KundStatus="3" KundAufDat="2001-05-07"/>
  <Kunden KundenNr="10322" KundEigtNr="6139" KundArt="29" KundStatus="1" KundAufDat="2001-05-07"/>
  <Kunden KundenNr="10323" KundEigtNr="10843" KundArt="8" KundStatus="3" KundAufDat="2001-05-08"/>
  <Kunden KundenNr="10324" KundEigtNr="3098" KundArt="8" KundStatus="3" KundAufDat="2001-05-08"/>
  <Kunden KundenNr="10325" KundEigtNr="10844" KundArt="2" KundStatus="3" KundAufDat="2001-05-08"/>
  <Kunden KundenNr="10326" KundEigtNr="2511" KundArt="8" KundStatus="3" KundAufDat="2001-05-08"/>
  <Kunden KundenNr="10327" KundEigtNr="10845" KundArt="8" KundStatus="3" KundAufDat="2001-05-09"/>
  <Kunden KundenNr="10328" KundEigtNr="10846" KundArt="2" KundStatus="3" KundAufDat="2001-05-09"/>
  <Kunden KundenNr="10329" KundEigtNr="10847" KundArt="2" KundStatus="3" KundAufDat="2001-05-09"/>
  <Kunden KundenNr="10330" KundEigtNr="10848" KundArt="8" KundStatus="3" KundAufDat="2001-05-09"/>
  <Kunden KundenNr="10331" KundEigtNr="10849" KundArt="8" KundStatus="3" KundAufDat="2001-05-10"/>
  <Kunden KundenNr="10332" KundEigtNr="10850" KundArt="29" KundStatus="1" KundAufDat="2001-05-10"/>
  <Kunden KundenNr="10333" KundEigtNr="10851" KundArt="2" KundStatus="3" KundAufDat="2001-05-10"/>
  <Kunden KundenNr="10334" KundEigtNr="10852" KundArt="8" KundStatus="3" KundAufDat="2001-05-10"/>
  <Kunden KundenNr="10335" KundEigtNr="10853" KundArt="8" KundStatus="3" KundAufDat="2001-05-10"/>
  <Kunden KundenNr="10336" KundEigtNr="10849" KundArt="2" KundStatus="3" KundAufDat="2001-05-11"/>
  <Kunden KundenNr="10337" KundEigtNr="10854" KundArt="8" KundStatus="3" KundAufDat="2001-05-11"/>
  <Kunden KundenNr="10338" KundEigtNr="10855" KundArt="8" KundStatus="3" KundAufDat="2001-05-11"/>
  <Kunden KundenNr="10339" KundEigtNr="10856" KundArt="8" KundStatus="3" KundAufDat="2001-05-11"/>
  <Kunden KundenNr="10340" KundEigtNr="10857" KundArt="8" KundStatus="3" KundAufDat="2001-05-11"/>
  <Kunden KundenNr="10341" KundEigtNr="10639" KundArt="29" KundStatus="1" KundAufDat="2001-05-11"/>
  <Kunden KundenNr="10342" KundEigtNr="7039" KundArt="29" KundStatus="1" KundAufDat="2001-05-11"/>
  <Kunden KundenNr="10343" KundEigtNr="10858" KundArt="2" KundStatus="3" KundAufDat="2001-05-14"/>
  <Kunden KundenNr="10344" KundEigtNr="10859" KundArt="8" KundStatus="3" KundAufDat="2001-05-14"/>
  <Kunden KundenNr="10345" KundEigtNr="10860" KundArt="8" KundStatus="3" KundAufDat="2001-05-14"/>
  <Kunden KundenNr="10346" KundEigtNr="10861" KundArt="29" KundStatus="1" KundAufDat="2001-05-14"/>
  <Kunden KundenNr="10347" KundEigtNr="10862" KundArt="8" KundStatus="3" KundAufDat="2001-05-14"/>
  <Kunden KundenNr="10348" KundEigtNr="10863" KundArt="8" KundStatus="3" KundAufDat="2001-05-14"/>
  <Kunden KundenNr="10349" KundEigtNr="10864" KundArt="2" KundStatus="3" KundAufDat="2001-05-14"/>
  <Kunden KundenNr="10350" KundEigtNr="10865" KundArt="2" KundStatus="3" KundAufDat="2001-05-14"/>
  <Kunden KundenNr="10351" KundEigtNr="10866" KundArt="2" KundStatus="3" KundAufDat="2001-05-14"/>
  <Kunden KundenNr="10352" KundEigtNr="10014" KundArt="8" KundStatus="3" KundAufDat="2001-05-14"/>
  <Kunden KundenNr="10353" KundEigtNr="10867" KundArt="8" KundStatus="3" KundAufDat="2001-05-14"/>
  <Kunden KundenNr="10354" KundEigtNr="10821" KundArt="8" KundStatus="3" KundAufDat="2001-05-14"/>
  <Kunden KundenNr="10355" KundEigtNr="10868" KundArt="8" KundStatus="3" KundAufDat="2001-05-14"/>
  <Kunden KundenNr="10356" KundEigtNr="10869" KundArt="8" KundStatus="3" KundAufDat="2001-05-15"/>
  <Kunden KundenNr="10357" KundEigtNr="10870" KundArt="29" KundStatus="1" KundAufDat="2001-05-15"/>
  <Kunden KundenNr="10358" KundEigtNr="10871" KundArt="8" KundStatus="3" KundAufDat="2001-05-15"/>
  <Kunden KundenNr="10359" KundEigtNr="10872" KundArt="8" KundStatus="3" KundAufDat="2001-05-15"/>
  <Kunden KundenNr="10360" KundEigtNr="10873" KundArt="29" KundStatus="1" KundAufDat="2001-05-15"/>
  <Kunden KundenNr="10361" KundEigtNr="10874" KundArt="8" KundStatus="3" KundAufDat="2001-05-16"/>
  <Kunden KundenNr="10362" KundEigtNr="10875" KundArt="8" KundStatus="3" KundAufDat="2001-05-16"/>
  <Kunden KundenNr="10363" KundEigtNr="10876" KundArt="8" KundStatus="3" KundAufDat="2001-05-16"/>
  <Kunden KundenNr="10364" KundEigtNr="10877" KundArt="8" KundStatus="3" KundAufDat="2001-05-16"/>
  <Kunden KundenNr="10365" KundEigtNr="10877" KundArt="2" KundStatus="3" KundAufDat="2001-05-16"/>
  <Kunden KundenNr="10366" KundEigtNr="10878" KundArt="8" KundStatus="3" KundAufDat="2001-05-16"/>
  <Kunden KundenNr="10367" KundEigtNr="10879" KundArt="2" KundStatus="3" KundAufDat="2001-05-17"/>
  <Kunden KundenNr="10368" KundEigtNr="10880" KundArt="29" KundStatus="1" KundAufDat="2001-05-17"/>
  <Kunden KundenNr="10369" KundEigtNr="10881" KundArt="8" KundStatus="3" KundAufDat="2001-05-17"/>
  <Kunden KundenNr="10370" KundEigtNr="10882" KundArt="2" KundStatus="3" KundAufDat="2001-05-17"/>
  <Kunden KundenNr="10371" KundEigtNr="10883" KundArt="2" KundStatus="3" KundAufDat="2001-05-17"/>
  <Kunden KundenNr="10372" KundEigtNr="10884" KundArt="8" KundStatus="3" KundAufDat="2001-05-17"/>
  <Kunden KundenNr="10373" KundEigtNr="10266" KundArt="8" KundStatus="3" KundAufDat="2001-05-17"/>
  <Kunden KundenNr="10374" KundEigtNr="10885" KundArt="2" KundStatus="3" KundAufDat="2001-05-17"/>
  <Kunden KundenNr="10375" KundEigtNr="10886" KundArt="8" KundStatus="3" KundAufDat="2001-05-18"/>
  <Kunden KundenNr="10376" KundEigtNr="10887" KundArt="2" KundStatus="3" KundAufDat="2001-05-18"/>
  <Kunden KundenNr="10377" KundEigtNr="10888" KundArt="8" KundStatus="3" KundAufDat="2001-05-18"/>
  <Kunden KundenNr="10378" KundEigtNr="10889" KundArt="8" KundStatus="3" KundAufDat="2001-05-18"/>
  <Kunden KundenNr="10379" KundEigtNr="10890" KundArt="29" KundStatus="1" KundAufDat="2001-05-19"/>
  <Kunden KundenNr="10380" KundEigtNr="10891" KundArt="29" KundStatus="1" KundAufDat="2001-05-19"/>
  <Kunden KundenNr="10381" KundEigtNr="5508" KundArt="1" KundStatus="3" KundAufDat="2001-05-21"/>
  <Kunden KundenNr="10382" KundEigtNr="10892" KundArt="8" KundStatus="3" KundAufDat="2001-05-21"/>
  <Kunden KundenNr="10383" KundEigtNr="10893" KundArt="8" KundStatus="3" KundAufDat="2001-05-21"/>
  <Kunden KundenNr="10384" KundEigtNr="10894" KundArt="8" KundStatus="3" KundAufDat="2001-05-21"/>
  <Kunden KundenNr="10385" KundEigtNr="10895" KundArt="2" KundStatus="3" KundAufDat="2001-05-21"/>
  <Kunden KundenNr="10386" KundEigtNr="10896" KundArt="8" KundStatus="3" KundAufDat="2001-05-21"/>
  <Kunden KundenNr="10387" KundEigtNr="10897" KundArt="8" KundStatus="3" KundAufDat="2001-05-21"/>
  <Kunden KundenNr="10388" KundEigtNr="10898" KundArt="31" KundStatus="1" KundAufDat="2001-05-21"/>
  <Kunden KundenNr="10389" KundEigtNr="10899" KundArt="8" KundStatus="3" KundAufDat="2001-05-21"/>
  <Kunden KundenNr="10390" KundEigtNr="10900" KundArt="8" KundStatus="3" KundAufDat="2001-05-22"/>
  <Kunden KundenNr="10391" KundEigtNr="10901" KundArt="8" KundStatus="1" KundAufDat="2001-05-22"/>
  <Kunden KundenNr="10392" KundEigtNr="10902" KundArt="8" KundStatus="3" KundAufDat="2001-05-22"/>
  <Kunden KundenNr="10393" KundEigtNr="10903" KundArt="8" KundStatus="3" KundAufDat="2001-05-22"/>
  <Kunden KundenNr="10394" KundEigtNr="10904" KundArt="1" KundStatus="1" KundAufDat="2001-05-22"/>
  <Kunden KundenNr="10395" KundEigtNr="10905" KundArt="8" KundStatus="3" KundAufDat="2001-05-22"/>
  <Kunden KundenNr="10396" KundEigtNr="10906" KundArt="8" KundStatus="1" KundAufDat="2001-05-22"/>
  <Kunden KundenNr="10397" KundEigtNr="8211" KundArt="2" KundStatus="3" KundAufDat="2001-05-22"/>
  <Kunden KundenNr="10398" KundEigtNr="10907" KundArt="2" KundStatus="3" KundAufDat="2001-05-22"/>
  <Kunden KundenNr="10399" KundEigtNr="10909" KundArt="29" KundStatus="1" KundAufDat="2001-05-22"/>
  <Kunden KundenNr="10400" KundEigtNr="10910" KundArt="1" KundStatus="1" KundAufDat="2001-05-22"/>
  <Kunden KundenNr="10401" KundEigtNr="10911" KundArt="8" KundStatus="1" KundAufDat="2001-05-23"/>
  <Kunden KundenNr="10402" KundEigtNr="10912" KundArt="8" KundStatus="1" KundAufDat="2001-05-23"/>
  <Kunden KundenNr="10403" KundEigtNr="10913" KundArt="8" KundStatus="3" KundAufDat="2001-05-23"/>
  <Kunden KundenNr="10404" KundEigtNr="10914" KundArt="8" KundStatus="1" KundAufDat="2001-05-23"/>
  <Kunden KundenNr="10405" KundEigtNr="10702" KundArt="8" KundStatus="3" KundAufDat="2001-05-23"/>
  <Kunden KundenNr="10406" KundEigtNr="10915" KundArt="31" KundStatus="1" KundAufDat="2001-05-23"/>
  <Kunden KundenNr="10407" KundEigtNr="10916" KundArt="8" KundStatus="3" KundAufDat="2001-05-23"/>
  <Kunden KundenNr="10408" KundEigtNr="10917" KundArt="2" KundStatus="3" KundAufDat="2001-05-26"/>
  <Kunden KundenNr="10409" KundEigtNr="10918" KundArt="8" KundStatus="1" KundAufDat="2001-05-26"/>
  <Kunden KundenNr="10410" KundEigtNr="10919" KundArt="8" KundStatus="3" KundAufDat="2001-05-26"/>
  <Kunden KundenNr="10411" KundEigtNr="10920" KundArt="8" KundStatus="3" KundAufDat="2001-05-26"/>
  <Kunden KundenNr="10412" KundEigtNr="10921" KundArt="8" KundStatus="3" KundAufDat="2001-05-26"/>
  <Kunden KundenNr="10413" KundEigtNr="10922" KundArt="8" KundStatus="3" KundAufDat="2001-05-28"/>
  <Kunden KundenNr="10414" KundEigtNr="10923" KundArt="8" KundStatus="3" KundAufDat="2001-05-28"/>
  <Kunden KundenNr="10415" KundEigtNr="10924" KundArt="8" KundStatus="3" KundAufDat="2001-05-28"/>
  <Kunden KundenNr="10416" KundEigtNr="10925" KundArt="2" KundStatus="3" KundAufDat="2001-05-28"/>
  <Kunden KundenNr="10417" KundEigtNr="7683" KundArt="8" KundStatus="3" KundAufDat="2001-05-28"/>
  <Kunden KundenNr="10418" KundEigtNr="8396" KundArt="2" KundStatus="1" KundAufDat="2001-05-28"/>
  <Kunden KundenNr="10419" KundEigtNr="10926" KundArt="8" KundStatus="3" KundAufDat="2001-05-28"/>
  <Kunden KundenNr="10420" KundEigtNr="10927" KundArt="2" KundStatus="3" KundAufDat="2001-05-28"/>
  <Kunden KundenNr="10421" KundEigtNr="10928" KundArt="2" KundStatus="3" KundAufDat="2001-05-28"/>
  <Kunden KundenNr="10422" KundEigtNr="10929" KundArt="2" KundStatus="3" KundAufDat="2001-05-29"/>
  <Kunden KundenNr="10423" KundEigtNr="10930" KundArt="2" KundStatus="3" KundAufDat="2001-05-29"/>
  <Kunden KundenNr="10424" KundEigtNr="10931" KundArt="8" KundStatus="3" KundAufDat="2001-05-29"/>
  <Kunden KundenNr="10425" KundEigtNr="10575" KundArt="1" KundStatus="1" KundAufDat="2001-05-29"/>
  <Kunden KundenNr="10426" KundEigtNr="10932" KundArt="2" KundStatus="3" KundAufDat="2001-05-29"/>
  <Kunden KundenNr="10427" KundEigtNr="9359" KundArt="1" KundStatus="3" KundAufDat="2001-05-30"/>
  <Kunden KundenNr="10428" KundEigtNr="10933" KundArt="2" KundStatus="3" KundAufDat="2001-05-30"/>
  <Kunden KundenNr="10429" KundEigtNr="10934" KundArt="2" KundStatus="3" KundAufDat="2001-05-30"/>
  <Kunden KundenNr="10430" KundEigtNr="10935" KundArt="8" KundStatus="3" KundAufDat="2001-05-30"/>
  <Kunden KundenNr="10431" KundEigtNr="10936" KundArt="8" KundStatus="3" KundAufDat="2001-05-30"/>
  <Kunden KundenNr="10432" KundEigtNr="10937" KundArt="8" KundStatus="3" KundAufDat="2001-05-30"/>
  <Kunden KundenNr="10433" KundEigtNr="3950" KundArt="2" KundStatus="3" KundAufDat="2001-05-30"/>
  <Kunden KundenNr="10434" KundEigtNr="10908" KundArt="29" KundStatus="1" KundAufDat="2001-05-31"/>
  <Kunden KundenNr="10435" KundEigtNr="10938" KundArt="29" KundStatus="1" KundAufDat="2001-06-01"/>
  <Kunden KundenNr="10436" KundEigtNr="10939" KundArt="2" KundStatus="3" KundAufDat="2001-06-01"/>
  <Kunden KundenNr="10437" KundEigtNr="10940" KundArt="1" KundStatus="3" KundAufDat="2001-06-05"/>
  <Kunden KundenNr="10438" KundEigtNr="10941" KundArt="8" KundStatus="3" KundAufDat="2001-06-05"/>
  <Kunden KundenNr="10439" KundEigtNr="1493" KundArt="2" KundStatus="3" KundAufDat="2001-06-05"/>
  <Kunden KundenNr="10440" KundEigtNr="10942" KundArt="2" KundStatus="3" KundAufDat="2001-06-05"/>
  <Kunden KundenNr="10441" KundEigtNr="10943" KundArt="1" KundStatus="3" KundAufDat="2001-06-05"/>
  <Kunden KundenNr="10442" KundEigtNr="10944" KundArt="1" KundStatus="3" KundAufDat="2001-06-05"/>
  <Kunden KundenNr="10443" KundEigtNr="10944" KundArt="1" KundStatus="1" KundAufDat="2001-06-05"/>
  <Kunden KundenNr="10446" KundEigtNr="10946" KundArt="2" KundStatus="3" KundAufDat="2001-06-05"/>
  <Kunden KundenNr="10447" KundEigtNr="10947" KundArt="2" KundStatus="3" KundAufDat="2001-06-05"/>
  <Kunden KundenNr="10448" KundEigtNr="10948" KundArt="1" KundStatus="3" KundAufDat="2001-06-05"/>
  <Kunden KundenNr="10449" KundEigtNr="10682" KundArt="8" KundStatus="3" KundAufDat="2001-06-06"/>
  <Kunden KundenNr="10450" KundEigtNr="10949" KundArt="2" KundStatus="3" KundAufDat="2001-06-06"/>
  <Kunden KundenNr="10451" KundEigtNr="10950" KundArt="8" KundStatus="1" KundAufDat="2001-06-06"/>
  <Kunden KundenNr="10452" KundEigtNr="7919" KundArt="8" KundStatus="1" KundAufDat="2001-06-06"/>
  <Kunden KundenNr="10453" KundEigtNr="10951" KundArt="8" KundStatus="1" KundAufDat="2001-06-06"/>
  <Kunden KundenNr="10454" KundEigtNr="10952" KundArt="1" KundStatus="1" KundAufDat="2001-06-06"/>
  <Kunden KundenNr="10455" KundEigtNr="10953" KundArt="1" KundStatus="3" KundAufDat="2001-06-06"/>
  <Kunden KundenNr="10456" KundEigtNr="10954" KundArt="8" KundStatus="3" KundAufDat="2001-06-06"/>
  <Kunden KundenNr="10457" KundEigtNr="10955" KundArt="8" KundStatus="3" KundAufDat="2001-06-07"/>
  <Kunden KundenNr="10458" KundEigtNr="10956" KundArt="8" KundStatus="3" KundAufDat="2001-06-07"/>
  <Kunden KundenNr="10459" KundEigtNr="10958" KundArt="8" KundStatus="3" KundAufDat="2001-06-07"/>
  <Kunden KundenNr="10460" KundEigtNr="10959" KundArt="8" KundStatus="3" KundAufDat="2001-06-07"/>
  <Kunden KundenNr="10461" KundEigtNr="10960" KundArt="2" KundStatus="3" KundAufDat="2001-06-07"/>
  <Kunden KundenNr="10462" KundEigtNr="10961" KundArt="1" KundStatus="3" KundAufDat="2001-06-08"/>
  <Kunden KundenNr="10463" KundEigtNr="10962" KundArt="8" KundStatus="3" KundAufDat="2001-06-08"/>
  <Kunden KundenNr="10464" KundEigtNr="8757" KundArt="8" KundStatus="3" KundAufDat="2001-06-08"/>
  <Kunden KundenNr="10466" KundEigtNr="10964" KundArt="2" KundStatus="3" KundAufDat="2001-06-09"/>
  <Kunden KundenNr="10467" KundEigtNr="10921" KundArt="2" KundStatus="3" KundAufDat="2001-06-09"/>
  <Kunden KundenNr="10468" KundEigtNr="10965" KundArt="2" KundStatus="3" KundAufDat="2001-06-09"/>
  <Kunden KundenNr="10469" KundEigtNr="10966" KundArt="2" KundStatus="3" KundAufDat="2001-06-09"/>
  <Kunden KundenNr="10470" KundEigtNr="10967" KundArt="2" KundStatus="3" KundAufDat="2001-06-09"/>
  <Kunden KundenNr="10471" KundEigtNr="10367" KundArt="2" KundStatus="3" KundAufDat="2001-06-09"/>
  <Kunden KundenNr="10472" KundEigtNr="10968" KundArt="2" KundStatus="3" KundAufDat="2001-06-11"/>
  <Kunden KundenNr="10473" KundEigtNr="10969" KundArt="2" KundStatus="3" KundAufDat="2001-06-11"/>
  <Kunden KundenNr="10474" KundEigtNr="10970" KundArt="8" KundStatus="3" KundAufDat="2001-06-11"/>
  <Kunden KundenNr="10475" KundEigtNr="10972" KundArt="8" KundStatus="3" KundAufDat="2001-06-11"/>
  <Kunden KundenNr="10476" KundEigtNr="10973" KundArt="8" KundStatus="3" KundAufDat="2001-06-11"/>
  <Kunden KundenNr="10477" KundEigtNr="10975" KundArt="8" KundStatus="3" KundAufDat="2001-06-11"/>
  <Kunden KundenNr="10478" KundEigtNr="10976" KundArt="2" KundStatus="3" KundAufDat="2001-06-11"/>
  <Kunden KundenNr="10479" KundEigtNr="10977" KundArt="8" KundStatus="1" KundAufDat="2001-06-11"/>
  <Kunden KundenNr="10480" KundEigtNr="10978" KundArt="8" KundStatus="3" KundAufDat="2001-06-11"/>
  <Kunden KundenNr="10481" KundEigtNr="10979" KundArt="8" KundStatus="3" KundAufDat="2001-06-11"/>
  <Kunden KundenNr="10482" KundEigtNr="10983" KundArt="8" KundStatus="3" KundAufDat="2001-06-11"/>
  <Kunden KundenNr="10483" KundEigtNr="10984" KundArt="2" KundStatus="1" KundAufDat="2001-06-11"/>
  <Kunden KundenNr="10484" KundEigtNr="10985" KundArt="31" KundStatus="1" KundAufDat="2001-06-11"/>
  <Kunden KundenNr="10485" KundEigtNr="10986" KundArt="2" KundStatus="3" KundAufDat="2001-06-12"/>
  <Kunden KundenNr="10486" KundEigtNr="10987" KundArt="2" KundStatus="3" KundAufDat="2001-06-12"/>
  <Kunden KundenNr="10488" KundEigtNr="10989" KundArt="2" KundStatus="3" KundAufDat="2001-06-12"/>
  <Kunden KundenNr="10489" KundEigtNr="10990" KundArt="8" KundStatus="3" KundAufDat="2001-06-12"/>
  <Kunden KundenNr="10490" KundEigtNr="10991" KundArt="8" KundStatus="3" KundAufDat="2001-06-12"/>
  <Kunden KundenNr="10491" KundEigtNr="10992" KundArt="2" KundStatus="3" KundAufDat="2001-06-12"/>
  <Kunden KundenNr="10492" KundEigtNr="10993" KundArt="2" KundStatus="3" KundAufDat="2001-06-12"/>
  <Kunden KundenNr="10493" KundEigtNr="9083" KundArt="8" KundStatus="1" KundAufDat="2001-06-12"/>
  <Kunden KundenNr="10494" KundEigtNr="10994" KundArt="8" KundStatus="3" KundAufDat="2001-06-12"/>
  <Kunden KundenNr="10495" KundEigtNr="10995" KundArt="8" KundStatus="1" KundAufDat="2001-06-12"/>
  <Kunden KundenNr="10496" KundEigtNr="10996" KundArt="2" KundStatus="3" KundAufDat="2001-06-12"/>
  <Kunden KundenNr="10497" KundEigtNr="10997" KundArt="8" KundStatus="3" KundAufDat="2001-06-12"/>
  <Kunden KundenNr="10498" KundEigtNr="11003" KundArt="1" KundStatus="3" KundAufDat="2001-06-13"/>
  <Kunden KundenNr="10499" KundEigtNr="11004" KundArt="14" KundStatus="3" KundAufDat="2001-06-13"/>
  <Kunden KundenNr="10500" KundEigtNr="11006" KundArt="8" KundStatus="3" KundAufDat="2001-06-13"/>
  <Kunden KundenNr="10501" KundEigtNr="11007" KundArt="2" KundStatus="3" KundAufDat="2001-06-14"/>
  <Kunden KundenNr="10502" KundEigtNr="11024" KundArt="2" KundStatus="3" KundAufDat="2001-06-15"/>
  <Kunden KundenNr="10503" KundEigtNr="11025" KundArt="1" KundStatus="1" KundAufDat="2001-06-15"/>
  <Kunden KundenNr="10504" KundEigtNr="11026" KundArt="8" KundStatus="3" KundAufDat="2001-06-15"/>
  <Kunden KundenNr="10505" KundEigtNr="11027" KundArt="8" KundStatus="3" KundAufDat="2001-06-15"/>
  <Kunden KundenNr="10506" KundEigtNr="11028" KundArt="8" KundStatus="3" KundAufDat="2001-06-16"/>
  <Kunden KundenNr="10507" KundEigtNr="11029" KundArt="8" KundStatus="3" KundAufDat="2001-06-16"/>
  <Kunden KundenNr="10508" KundEigtNr="11030" KundArt="8" KundStatus="3" KundAufDat="2001-06-16"/>
  <Kunden KundenNr="10509" KundEigtNr="11031" KundArt="2" KundStatus="3" KundAufDat="2001-06-16"/>
  <Kunden KundenNr="10510" KundEigtNr="11032" KundArt="8" KundStatus="3" KundAufDat="2001-06-18"/>
  <Kunden KundenNr="10511" KundEigtNr="11033" KundArt="8" KundStatus="3" KundAufDat="2001-06-18"/>
  <Kunden KundenNr="10512" KundEigtNr="11034" KundArt="8" KundStatus="3" KundAufDat="2001-06-18"/>
  <Kunden KundenNr="10513" KundEigtNr="12438" KundArt="2" KundStatus="3" KundAufDat="2001-06-18"/>
  <Kunden KundenNr="10514" KundEigtNr="11036" KundArt="8" KundStatus="3" KundAufDat="2001-06-18"/>
  <Kunden KundenNr="10515" KundEigtNr="129" KundArt="1" KundStatus="1" KundAufDat="2001-06-18"/>
  <Kunden KundenNr="10516" KundEigtNr="11037" KundArt="8" KundStatus="3" KundAufDat="2001-06-19"/>
  <Kunden KundenNr="10517" KundEigtNr="11038" KundArt="1" KundStatus="3" KundAufDat="2001-06-19"/>
  <Kunden KundenNr="10518" KundEigtNr="11039" KundArt="2" KundStatus="3" KundAufDat="2001-06-19"/>
  <Kunden KundenNr="10519" KundEigtNr="11040" KundArt="8" KundStatus="3" KundAufDat="2001-06-19"/>
  <Kunden KundenNr="10520" KundEigtNr="11041" KundArt="8" KundStatus="3" KundAufDat="2001-06-19"/>
  <Kunden KundenNr="10522" KundEigtNr="11043" KundArt="8" KundStatus="3" KundAufDat="2001-06-19"/>
  <Kunden KundenNr="10523" KundEigtNr="11044" KundArt="8" KundStatus="3" KundAufDat="2001-06-20"/>
  <Kunden KundenNr="10524" KundEigtNr="11045" KundArt="8" KundStatus="3" KundAufDat="2001-06-20"/>
  <Kunden KundenNr="10525" KundEigtNr="11046" KundArt="1" KundStatus="3" KundAufDat="2001-06-20"/>
  <Kunden KundenNr="10526" KundEigtNr="11047" KundArt="29" KundStatus="1" KundAufDat="2001-06-21"/>
  <Kunden KundenNr="10528" KundEigtNr="11048" KundArt="8" KundStatus="3" KundAufDat="2001-06-21"/>
  <Kunden KundenNr="10529" KundEigtNr="11049" KundArt="1" KundStatus="3" KundAufDat="2001-06-21"/>
  <Kunden KundenNr="10530" KundEigtNr="11050" KundArt="2" KundStatus="3" KundAufDat="2001-06-21"/>
  <Kunden KundenNr="10531" KundEigtNr="11051" KundArt="2" KundStatus="3" KundAufDat="2001-06-21"/>
  <Kunden KundenNr="10532" KundEigtNr="11052" KundArt="8" KundStatus="3" KundAufDat="2001-06-22"/>
  <Kunden KundenNr="10533" KundEigtNr="11053" KundArt="2" KundStatus="3" KundAufDat="2001-06-22"/>
  <Kunden KundenNr="10535" KundEigtNr="11055" KundArt="8" KundStatus="3" KundAufDat="2001-06-22"/>
  <Kunden KundenNr="10536" KundEigtNr="11056" KundArt="8" KundStatus="3" KundAufDat="2001-06-22"/>
  <Kunden KundenNr="10537" KundEigtNr="11057" KundArt="8" KundStatus="3" KundAufDat="2001-06-22"/>
  <Kunden KundenNr="10538" KundEigtNr="11058" KundArt="8" KundStatus="3" KundAufDat="2001-06-22"/>
  <Kunden KundenNr="10539" KundEigtNr="11059" KundArt="2" KundStatus="3" KundAufDat="2001-06-23"/>
  <Kunden KundenNr="10540" KundEigtNr="11060" KundArt="29" KundStatus="1" KundAufDat="2001-06-25"/>
  <Kunden KundenNr="10541" KundEigtNr="11061" KundArt="8" KundStatus="3" KundAufDat="2001-06-25"/>
  <Kunden KundenNr="10542" KundEigtNr="11062" KundArt="8" KundStatus="3" KundAufDat="2001-06-25"/>
  <Kunden KundenNr="10543" KundEigtNr="11063" KundArt="8" KundStatus="3" KundAufDat="2001-06-25"/>
  <Kunden KundenNr="10545" KundEigtNr="11065" KundArt="8" KundStatus="3" KundAufDat="2001-06-25"/>
  <Kunden KundenNr="10546" KundEigtNr="11066" KundArt="8" KundStatus="3" KundAufDat="2001-06-25"/>
  <Kunden KundenNr="10549" KundEigtNr="11069" KundArt="8" KundStatus="3" KundAufDat="2001-06-25"/>
  <Kunden KundenNr="10550" KundEigtNr="11070" KundArt="2" KundStatus="3" KundAufDat="2001-06-25"/>
  <Kunden KundenNr="10551" KundEigtNr="11071" KundArt="8" KundStatus="3" KundAufDat="2001-06-25"/>
  <Kunden KundenNr="10552" KundEigtNr="11072" KundArt="8" KundStatus="3" KundAufDat="2001-06-25"/>
  <Kunden KundenNr="10553" KundEigtNr="11073" KundArt="29" KundStatus="1" KundAufDat="2001-06-26"/>
  <Kunden KundenNr="10554" KundEigtNr="11074" KundArt="2" KundStatus="3" KundAufDat="2001-06-26"/>
  <Kunden KundenNr="10555" KundEigtNr="11075" KundArt="29" KundStatus="1" KundAufDat="2001-06-26"/>
  <Kunden KundenNr="10556" KundEigtNr="11076" KundArt="29" KundStatus="1" KundAufDat="2001-06-26"/>
  <Kunden KundenNr="10558" KundEigtNr="11078" KundArt="8" KundStatus="3" KundAufDat="2001-06-26"/>
  <Kunden KundenNr="10559" KundEigtNr="11079" KundArt="8" KundStatus="3" KundAufDat="2001-06-26"/>
  <Kunden KundenNr="10560" KundEigtNr="11080" KundArt="8" KundStatus="3" KundAufDat="2001-06-26"/>
  <Kunden KundenNr="10561" KundEigtNr="11081" KundArt="8" KundStatus="3" KundAufDat="2001-06-26"/>
  <Kunden KundenNr="10562" KundEigtNr="11082" KundArt="2" KundStatus="1" KundAufDat="2001-06-26"/>
  <Kunden KundenNr="10563" KundEigtNr="11083" KundArt="8" KundStatus="3" KundAufDat="2001-06-26"/>
  <Kunden KundenNr="10565" KundEigtNr="11086" KundArt="2" KundStatus="3" KundAufDat="2001-06-27"/>
  <Kunden KundenNr="10566" KundEigtNr="11087" KundArt="2" KundStatus="3" KundAufDat="2001-06-27"/>
  <Kunden KundenNr="10567" KundEigtNr="11088" KundArt="8" KundStatus="3" KundAufDat="2001-06-27"/>
  <Kunden KundenNr="10568" KundEigtNr="11089" KundArt="8" KundStatus="3" KundAufDat="2001-06-27"/>
  <Kunden KundenNr="10569" KundEigtNr="11090" KundArt="8" KundStatus="3" KundAufDat="2001-06-27"/>
  <Kunden KundenNr="10570" KundEigtNr="11091" KundArt="8" KundStatus="1" KundAufDat="2001-06-27"/>
  <Kunden KundenNr="10571" KundEigtNr="11092" KundArt="8" KundStatus="3" KundAufDat="2001-06-27"/>
  <Kunden KundenNr="10573" KundEigtNr="11094" KundArt="2" KundStatus="3" KundAufDat="2001-06-27"/>
  <Kunden KundenNr="10575" KundEigtNr="11097" KundArt="8" KundStatus="3" KundAufDat="2001-06-28"/>
  <Kunden KundenNr="10576" KundEigtNr="11099" KundArt="2" KundStatus="3" KundAufDat="2001-06-28"/>
  <Kunden KundenNr="10577" KundEigtNr="11104" KundArt="8" KundStatus="3" KundAufDat="2001-06-29"/>
  <Kunden KundenNr="10578" KundEigtNr="11105" KundArt="8" KundStatus="3" KundAufDat="2001-06-29"/>
  <Kunden KundenNr="10580" KundEigtNr="11102" KundArt="29" KundStatus="1" KundAufDat="2001-06-29"/>
  <Kunden KundenNr="10581" KundEigtNr="8787" KundArt="2" KundStatus="3" KundAufDat="2001-06-29"/>
  <Kunden KundenNr="10582" KundEigtNr="11109" KundArt="2" KundStatus="3" KundAufDat="2001-06-30"/>
  <Kunden KundenNr="10583" KundEigtNr="11110" KundArt="8" KundStatus="3" KundAufDat="2001-07-02"/>
  <Kunden KundenNr="10585" KundEigtNr="11112" KundArt="8" KundStatus="3" KundAufDat="2001-07-02"/>
  <Kunden KundenNr="10586" KundEigtNr="11113" KundArt="8" KundStatus="3" KundAufDat="2001-07-02"/>
  <Kunden KundenNr="10587" KundEigtNr="11114" KundArt="2" KundStatus="3" KundAufDat="2001-07-02"/>
  <Kunden KundenNr="10588" KundEigtNr="11115" KundArt="8" KundStatus="3" KundAufDat="2001-07-02"/>
  <Kunden KundenNr="10589" KundEigtNr="11116" KundArt="1" KundStatus="3" KundAufDat="2001-07-02"/>
  <Kunden KundenNr="10590" KundEigtNr="11117" KundArt="2" KundStatus="3" KundAufDat="2001-07-02"/>
  <Kunden KundenNr="10591" KundEigtNr="10934" KundArt="8" KundStatus="3" KundAufDat="2001-07-02"/>
  <Kunden KundenNr="10592" KundEigtNr="11118" KundArt="8" KundStatus="3" KundAufDat="2001-07-02"/>
  <Kunden KundenNr="10593" KundEigtNr="11119" KundArt="8" KundStatus="3" KundAufDat="2001-07-02"/>
  <Kunden KundenNr="10594" KundEigtNr="11120" KundArt="8" KundStatus="3" KundAufDat="2001-07-02"/>
  <Kunden KundenNr="10595" KundEigtNr="11121" KundArt="8" KundStatus="3" KundAufDat="2001-07-02"/>
  <Kunden KundenNr="10596" KundEigtNr="11122" KundArt="2" KundStatus="3" KundAufDat="2001-07-02"/>
  <Kunden KundenNr="10598" KundEigtNr="11125" KundArt="8" KundStatus="3" KundAufDat="2001-07-02"/>
  <Kunden KundenNr="10599" KundEigtNr="9423" KundArt="29" KundStatus="1" KundAufDat="2001-07-03"/>
  <Kunden KundenNr="10600" KundEigtNr="11126" KundArt="29" KundStatus="1" KundAufDat="2001-07-03"/>
  <Kunden KundenNr="10601" KundEigtNr="11127" KundArt="8" KundStatus="3" KundAufDat="2001-07-03"/>
  <Kunden KundenNr="10602" KundEigtNr="11128" KundArt="8" KundStatus="3" KundAufDat="2001-07-03"/>
  <Kunden KundenNr="10603" KundEigtNr="11129" KundArt="2" KundStatus="3" KundAufDat="2001-07-03"/>
  <Kunden KundenNr="10604" KundEigtNr="11130" KundArt="1" KundStatus="3" KundAufDat="2001-07-03"/>
  <Kunden KundenNr="10605" KundEigtNr="11131" KundArt="2" KundStatus="3" KundAufDat="2001-07-03"/>
  <Kunden KundenNr="10606" KundEigtNr="11133" KundArt="29" KundStatus="1" KundAufDat="2001-07-04"/>
  <Kunden KundenNr="10607" KundEigtNr="11134" KundArt="8" KundStatus="3" KundAufDat="2001-07-04"/>
  <Kunden KundenNr="10608" KundEigtNr="11135" KundArt="8" KundStatus="3" KundAufDat="2001-07-04"/>
  <Kunden KundenNr="10609" KundEigtNr="11136" KundArt="8" KundStatus="3" KundAufDat="2001-07-04"/>
  <Kunden KundenNr="10610" KundEigtNr="11137" KundArt="29" KundStatus="1" KundAufDat="2001-07-04"/>
  <Kunden KundenNr="10611" KundEigtNr="11017" KundArt="29" KundStatus="1" KundAufDat="2001-07-04"/>
  <Kunden KundenNr="10612" KundEigtNr="11100" KundArt="29" KundStatus="1" KundAufDat="2001-07-04"/>
  <Kunden KundenNr="10613" KundEigtNr="11138" KundArt="8" KundStatus="3" KundAufDat="2001-07-05"/>
  <Kunden KundenNr="10614" KundEigtNr="11139" KundArt="2" KundStatus="3" KundAufDat="2001-07-05"/>
  <Kunden KundenNr="10615" KundEigtNr="11140" KundArt="2" KundStatus="3" KundAufDat="2001-07-05"/>
  <Kunden KundenNr="10616" KundEigtNr="11141" KundArt="8" KundStatus="3" KundAufDat="2001-07-05"/>
  <Kunden KundenNr="10617" KundEigtNr="11142" KundArt="8" KundStatus="3" KundAufDat="2001-07-06"/>
  <Kunden KundenNr="10618" KundEigtNr="11143" KundArt="8" KundStatus="3" KundAufDat="2001-07-06"/>
  <Kunden KundenNr="10619" KundEigtNr="11144" KundArt="2" KundStatus="3" KundAufDat="2001-07-09"/>
  <Kunden KundenNr="10620" KundEigtNr="11145" KundArt="2" KundStatus="3" KundAufDat="2001-07-09"/>
  <Kunden KundenNr="10621" KundEigtNr="11146" KundArt="2" KundStatus="3" KundAufDat="2001-07-09"/>
  <Kunden KundenNr="10622" KundEigtNr="11147" KundArt="29" KundStatus="1" KundAufDat="2001-07-09"/>
  <Kunden KundenNr="10623" KundEigtNr="11148" KundArt="8" KundStatus="3" KundAufDat="2001-07-09"/>
  <Kunden KundenNr="10624" KundEigtNr="11149" KundArt="8" KundStatus="1" KundAufDat="2001-07-09"/>
  <Kunden KundenNr="10625" KundEigtNr="11150" KundArt="2" KundStatus="3" KundAufDat="2001-07-09"/>
  <Kunden KundenNr="10626" KundEigtNr="11151" KundArt="2" KundStatus="1" KundAufDat="2001-07-09"/>
  <Kunden KundenNr="10627" KundEigtNr="11152" KundArt="2" KundStatus="3" KundAufDat="2001-07-09"/>
  <Kunden KundenNr="10628" KundEigtNr="11153" KundArt="2" KundStatus="3" KundAufDat="2001-07-09"/>
  <Kunden KundenNr="10629" KundEigtNr="11154" KundArt="2" KundStatus="3" KundAufDat="2001-07-09"/>
  <Kunden KundenNr="10630" KundEigtNr="11155" KundArt="2" KundStatus="1" KundAufDat="2001-07-09"/>
  <Kunden KundenNr="10631" KundEigtNr="11156" KundArt="8" KundStatus="3" KundAufDat="2001-07-09"/>
  <Kunden KundenNr="10632" KundEigtNr="11157" KundArt="2" KundStatus="3" KundAufDat="2001-07-09"/>
  <Kunden KundenNr="10633" KundEigtNr="11158" KundArt="2" KundStatus="3" KundAufDat="2001-07-09"/>
  <Kunden KundenNr="10634" KundEigtNr="11160" KundArt="2" KundStatus="3" KundAufDat="2001-07-09"/>
  <Kunden KundenNr="10635" KundEigtNr="11161" KundArt="2" KundStatus="3" KundAufDat="2001-07-10"/>
  <Kunden KundenNr="10636" KundEigtNr="11162" KundArt="8" KundStatus="3" KundAufDat="2001-07-10"/>
  <Kunden KundenNr="10637" KundEigtNr="11163" KundArt="2" KundStatus="3" KundAufDat="2001-07-10"/>
  <Kunden KundenNr="10638" KundEigtNr="149" KundArt="29" KundStatus="1" KundAufDat="2001-07-11"/>
  <Kunden KundenNr="10639" KundEigtNr="11164" KundArt="29" KundStatus="1" KundAufDat="2001-07-11"/>
  <Kunden KundenNr="10640" KundEigtNr="10910" KundArt="29" KundStatus="1" KundAufDat="2001-07-11"/>
  <Kunden KundenNr="10641" KundEigtNr="11165" KundArt="2" KundStatus="3" KundAufDat="2001-07-12"/>
  <Kunden KundenNr="10642" KundEigtNr="11166" KundArt="8" KundStatus="3" KundAufDat="2001-07-12"/>
  <Kunden KundenNr="10643" KundEigtNr="11168" KundArt="8" KundStatus="3" KundAufDat="2001-07-12"/>
  <Kunden KundenNr="10644" KundEigtNr="11169" KundArt="8" KundStatus="1" KundAufDat="2001-07-12"/>
  <Kunden KundenNr="10646" KundEigtNr="11171" KundArt="8" KundStatus="3" KundAufDat="2001-07-12"/>
  <Kunden KundenNr="10647" KundEigtNr="11172" KundArt="8" KundStatus="3" KundAufDat="2001-07-12"/>
  <Kunden KundenNr="10648" KundEigtNr="11173" KundArt="29" KundStatus="1" KundAufDat="2001-07-13"/>
  <Kunden KundenNr="10649" KundEigtNr="11174" KundArt="8" KundStatus="3" KundAufDat="2001-07-13"/>
  <Kunden KundenNr="10650" KundEigtNr="11175" KundArt="2" KundStatus="3" KundAufDat="2001-07-14"/>
  <Kunden KundenNr="10651" KundEigtNr="11180" KundArt="2" KundStatus="3" KundAufDat="2001-07-16"/>
  <Kunden KundenNr="10652" KundEigtNr="11181" KundArt="2" KundStatus="3" KundAufDat="2001-07-16"/>
  <Kunden KundenNr="10653" KundEigtNr="10931" KundArt="2" KundStatus="1" KundAufDat="2001-07-16"/>
  <Kunden KundenNr="10654" KundEigtNr="11182" KundArt="2" KundStatus="3" KundAufDat="2001-07-16"/>
  <Kunden KundenNr="10655" KundEigtNr="11183" KundArt="8" KundStatus="3" KundAufDat="2001-07-16"/>
  <Kunden KundenNr="10656" KundEigtNr="11184" KundArt="8" KundStatus="3" KundAufDat="2001-07-16"/>
  <Kunden KundenNr="10657" KundEigtNr="11185" KundArt="8" KundStatus="3" KundAufDat="2001-07-16"/>
  <Kunden KundenNr="10658" KundEigtNr="11186" KundArt="8" KundStatus="3" KundAufDat="2001-07-16"/>
  <Kunden KundenNr="10659" KundEigtNr="11187" KundArt="2" KundStatus="3" KundAufDat="2001-07-16"/>
  <Kunden KundenNr="10661" KundEigtNr="11189" KundArt="2" KundStatus="3" KundAufDat="2001-07-16"/>
  <Kunden KundenNr="10662" KundEigtNr="11190" KundArt="2" KundStatus="3" KundAufDat="2001-07-16"/>
  <Kunden KundenNr="10663" KundEigtNr="11191" KundArt="2" KundStatus="3" KundAufDat="2001-07-17"/>
  <Kunden KundenNr="10664" KundEigtNr="11192" KundArt="2" KundStatus="3" KundAufDat="2001-07-17"/>
  <Kunden KundenNr="10665" KundEigtNr="11193" KundArt="2" KundStatus="3" KundAufDat="2001-07-17"/>
  <Kunden KundenNr="10666" KundEigtNr="11194" KundArt="2" KundStatus="3" KundAufDat="2001-07-17"/>
  <Kunden KundenNr="10667" KundEigtNr="11195" KundArt="8" KundStatus="3" KundAufDat="2001-07-17"/>
  <Kunden KundenNr="10668" KundEigtNr="11196" KundArt="8" KundStatus="3" KundAufDat="2001-07-17"/>
  <Kunden KundenNr="10669" KundEigtNr="11197" KundArt="8" KundStatus="3" KundAufDat="2001-07-17"/>
  <Kunden KundenNr="10670" KundEigtNr="11198" KundArt="8" KundStatus="3" KundAufDat="2001-07-17"/>
  <Kunden KundenNr="10671" KundEigtNr="11199" KundArt="8" KundStatus="3" KundAufDat="2001-07-17"/>
  <Kunden KundenNr="10672" KundEigtNr="11200" KundArt="8" KundStatus="3" KundAufDat="2001-07-17"/>
  <Kunden KundenNr="10673" KundEigtNr="11201" KundArt="8" KundStatus="3" KundAufDat="2001-07-17"/>
  <Kunden KundenNr="10674" KundEigtNr="11202" KundArt="2" KundStatus="3" KundAufDat="2001-07-17"/>
  <Kunden KundenNr="10675" KundEigtNr="11203" KundArt="8" KundStatus="3" KundAufDat="2001-07-17"/>
  <Kunden KundenNr="10676" KundEigtNr="11204" KundArt="8" KundStatus="1" KundAufDat="2001-07-17"/>
  <Kunden KundenNr="10677" KundEigtNr="11205" KundArt="8" KundStatus="3" KundAufDat="2001-07-17"/>
  <Kunden KundenNr="10678" KundEigtNr="11206" KundArt="2" KundStatus="3" KundAufDat="2001-07-18"/>
  <Kunden KundenNr="10679" KundEigtNr="11207" KundArt="2" KundStatus="3" KundAufDat="2001-07-18"/>
  <Kunden KundenNr="10680" KundEigtNr="11208" KundArt="2" KundStatus="3" KundAufDat="2001-07-18"/>
  <Kunden KundenNr="10681" KundEigtNr="11209" KundArt="8" KundStatus="3" KundAufDat="2001-07-18"/>
  <Kunden KundenNr="10682" KundEigtNr="11210" KundArt="8" KundStatus="3" KundAufDat="2001-07-19"/>
  <Kunden KundenNr="10683" KundEigtNr="11211" KundArt="8" KundStatus="3" KundAufDat="2001-07-19"/>
  <Kunden KundenNr="10684" KundEigtNr="11212" KundArt="8" KundStatus="3" KundAufDat="2001-07-19"/>
  <Kunden KundenNr="10685" KundEigtNr="11213" KundArt="2" KundStatus="3" KundAufDat="2001-07-19"/>
  <Kunden KundenNr="10686" KundEigtNr="11214" KundArt="2" KundStatus="3" KundAufDat="2001-07-19"/>
  <Kunden KundenNr="10687" KundEigtNr="11215" KundArt="29" KundStatus="1" KundAufDat="2001-07-19"/>
  <Kunden KundenNr="10688" KundEigtNr="11216" KundArt="2" KundStatus="3" KundAufDat="2001-07-20"/>
  <Kunden KundenNr="10689" KundEigtNr="11217" KundArt="8" KundStatus="3" KundAufDat="2001-07-20"/>
  <Kunden KundenNr="10690" KundEigtNr="11218" KundArt="29" KundStatus="1" KundAufDat="2001-07-20"/>
  <Kunden KundenNr="10691" KundEigtNr="11219" KundArt="2" KundStatus="3" KundAufDat="2001-07-21"/>
  <Kunden KundenNr="10692" KundEigtNr="11220" KundArt="8" KundStatus="3" KundAufDat="2001-07-21"/>
  <Kunden KundenNr="10693" KundEigtNr="11221" KundArt="8" KundStatus="3" KundAufDat="2001-07-23"/>
  <Kunden KundenNr="10694" KundEigtNr="11181" KundArt="8" KundStatus="3" KundAufDat="2001-07-23"/>
  <Kunden KundenNr="10695" KundEigtNr="11222" KundArt="8" KundStatus="3" KundAufDat="2001-07-23"/>
  <Kunden KundenNr="10696" KundEigtNr="11223" KundArt="29" KundStatus="1" KundAufDat="2001-07-23"/>
  <Kunden KundenNr="10697" KundEigtNr="11224" KundArt="2" KundStatus="3" KundAufDat="2001-07-23"/>
  <Kunden KundenNr="10698" KundEigtNr="11225" KundArt="2" KundStatus="3" KundAufDat="2001-07-23"/>
  <Kunden KundenNr="10699" KundEigtNr="11226" KundArt="8" KundStatus="3" KundAufDat="2001-07-24"/>
  <Kunden KundenNr="10700" KundEigtNr="11227" KundArt="1" KundStatus="3" KundAufDat="2001-07-24"/>
  <Kunden KundenNr="10701" KundEigtNr="11228" KundArt="8" KundStatus="3" KundAufDat="2001-07-24"/>
  <Kunden KundenNr="10702" KundEigtNr="11229" KundArt="8" KundStatus="3" KundAufDat="2001-07-24"/>
  <Kunden KundenNr="10703" KundEigtNr="11230" KundArt="8" KundStatus="3" KundAufDat="2001-07-24"/>
  <Kunden KundenNr="10704" KundEigtNr="11231" KundArt="2" KundStatus="3" KundAufDat="2001-07-24"/>
  <Kunden KundenNr="10705" KundEigtNr="11101" KundArt="29" KundStatus="1" KundAufDat="2001-07-24"/>
  <Kunden KundenNr="10706" KundEigtNr="11232" KundArt="29" KundStatus="1" KundAufDat="2001-07-25"/>
  <Kunden KundenNr="10707" KundEigtNr="11234" KundArt="8" KundStatus="3" KundAufDat="2001-07-25"/>
  <Kunden KundenNr="10708" KundEigtNr="11235" KundArt="8" KundStatus="3" KundAufDat="2001-07-25"/>
  <Kunden KundenNr="10709" KundEigtNr="11236" KundArt="8" KundStatus="3" KundAufDat="2001-07-25"/>
  <Kunden KundenNr="10710" KundEigtNr="11237" KundArt="8" KundStatus="3" KundAufDat="2001-07-25"/>
  <Kunden KundenNr="10711" KundEigtNr="11238" KundArt="8" KundStatus="3" KundAufDat="2001-07-25"/>
  <Kunden KundenNr="10712" KundEigtNr="11239" KundArt="8" KundStatus="3" KundAufDat="2001-07-26"/>
  <Kunden KundenNr="10713" KundEigtNr="11240" KundArt="8" KundStatus="3" KundAufDat="2001-07-26"/>
  <Kunden KundenNr="10714" KundEigtNr="214" KundArt="8" KundStatus="3" KundAufDat="2001-07-26"/>
  <Kunden KundenNr="10715" KundEigtNr="11243" KundArt="2" KundStatus="3" KundAufDat="2001-07-26"/>
  <Kunden KundenNr="10716" KundEigtNr="11244" KundArt="8" KundStatus="3" KundAufDat="2001-07-26"/>
  <Kunden KundenNr="10717" KundEigtNr="11245" KundArt="8" KundStatus="3" KundAufDat="2001-07-26"/>
  <Kunden KundenNr="10718" KundEigtNr="11246" KundArt="8" KundStatus="3" KundAufDat="2001-07-26"/>
  <Kunden KundenNr="10719" KundEigtNr="11247" KundArt="2" KundStatus="3" KundAufDat="2001-07-27"/>
  <Kunden KundenNr="10720" KundEigtNr="11248" KundArt="2" KundStatus="3" KundAufDat="2001-07-27"/>
  <Kunden KundenNr="10721" KundEigtNr="11249" KundArt="8" KundStatus="3" KundAufDat="2001-07-27"/>
  <Kunden KundenNr="10722" KundEigtNr="11250" KundArt="8" KundStatus="3" KundAufDat="2001-07-30"/>
  <Kunden KundenNr="10723" KundEigtNr="11251" KundArt="2" KundStatus="3" KundAufDat="2001-07-30"/>
  <Kunden KundenNr="10724" KundEigtNr="11252" KundArt="2" KundStatus="3" KundAufDat="2001-07-30"/>
  <Kunden KundenNr="10725" KundEigtNr="11253" KundArt="8" KundStatus="3" KundAufDat="2001-07-30"/>
  <Kunden KundenNr="10726" KundEigtNr="11254" KundArt="8" KundStatus="3" KundAufDat="2001-07-30"/>
  <Kunden KundenNr="10727" KundEigtNr="11255" KundArt="2" KundStatus="3" KundAufDat="2001-07-30"/>
  <Kunden KundenNr="10728" KundEigtNr="11256" KundArt="2" KundStatus="3" KundAufDat="2001-07-31"/>
  <Kunden KundenNr="10729" KundEigtNr="11257" KundArt="2" KundStatus="3" KundAufDat="2001-07-31"/>
  <Kunden KundenNr="10730" KundEigtNr="11258" KundArt="8" KundStatus="3" KundAufDat="2001-07-31"/>
  <Kunden KundenNr="10732" KundEigtNr="11260" KundArt="8" KundStatus="1" KundAufDat="2001-07-31"/>
  <Kunden KundenNr="10733" KundEigtNr="11261" KundArt="8" KundStatus="3" KundAufDat="2001-07-31"/>
  <Kunden KundenNr="10734" KundEigtNr="11262" KundArt="8" KundStatus="3" KundAufDat="2001-07-31"/>
  <Kunden KundenNr="10735" KundEigtNr="11263" KundArt="8" KundStatus="3" KundAufDat="2001-07-31"/>
  <Kunden KundenNr="10736" KundEigtNr="11264" KundArt="8" KundStatus="3" KundAufDat="2001-07-31"/>
  <Kunden KundenNr="10737" KundEigtNr="11265" KundArt="2" KundStatus="3" KundAufDat="2001-08-01"/>
  <Kunden KundenNr="10738" KundEigtNr="11266" KundArt="8" KundStatus="1" KundAufDat="2001-08-01"/>
  <Kunden KundenNr="10739" KundEigtNr="11267" KundArt="8" KundStatus="3" KundAufDat="2001-08-01"/>
  <Kunden KundenNr="10740" KundEigtNr="11268" KundArt="8" KundStatus="3" KundAufDat="2001-08-01"/>
  <Kunden KundenNr="10741" KundEigtNr="11269" KundArt="2" KundStatus="3" KundAufDat="2001-08-02"/>
  <Kunden KundenNr="10742" KundEigtNr="11270" KundArt="8" KundStatus="3" KundAufDat="2001-08-02"/>
  <Kunden KundenNr="10743" KundEigtNr="11271" KundArt="2" KundStatus="3" KundAufDat="2001-08-03"/>
  <Kunden KundenNr="10744" KundEigtNr="11272" KundArt="8" KundStatus="3" KundAufDat="2001-08-03"/>
  <Kunden KundenNr="10745" KundEigtNr="11273" KundArt="8" KundStatus="3" KundAufDat="2001-08-03"/>
  <Kunden KundenNr="10746" KundEigtNr="10398" KundArt="8" KundStatus="3" KundAufDat="2001-08-03"/>
  <Kunden KundenNr="10747" KundEigtNr="11274" KundArt="8" KundStatus="3" KundAufDat="2001-08-04"/>
  <Kunden KundenNr="10748" KundEigtNr="11275" KundArt="8" KundStatus="3" KundAufDat="2001-08-04"/>
  <Kunden KundenNr="10749" KundEigtNr="11276" KundArt="2" KundStatus="1" KundAufDat="2001-08-06"/>
  <Kunden KundenNr="10750" KundEigtNr="9579" KundArt="8" KundStatus="3" KundAufDat="2001-08-06"/>
  <Kunden KundenNr="10751" KundEigtNr="11277" KundArt="2" KundStatus="3" KundAufDat="2001-08-06"/>
  <Kunden KundenNr="10752" KundEigtNr="11278" KundArt="8" KundStatus="3" KundAufDat="2001-08-06"/>
  <Kunden KundenNr="10753" KundEigtNr="11279" KundArt="8" KundStatus="3" KundAufDat="2001-08-06"/>
  <Kunden KundenNr="10754" KundEigtNr="11280" KundArt="8" KundStatus="3" KundAufDat="2001-08-06"/>
  <Kunden KundenNr="10755" KundEigtNr="11281" KundArt="8" KundStatus="3" KundAufDat="2001-08-06"/>
  <Kunden KundenNr="10756" KundEigtNr="11282" KundArt="2" KundStatus="3" KundAufDat="2001-08-06"/>
  <Kunden KundenNr="10757" KundEigtNr="11283" KundArt="8" KundStatus="3" KundAufDat="2001-08-06"/>
  <Kunden KundenNr="10758" KundEigtNr="11284" KundArt="8" KundStatus="3" KundAufDat="2001-08-06"/>
  <Kunden KundenNr="10759" KundEigtNr="11285" KundArt="1" KundStatus="3" KundAufDat="2001-08-06"/>
  <Kunden KundenNr="10760" KundEigtNr="11286" KundArt="2" KundStatus="3" KundAufDat="2001-08-06"/>
  <Kunden KundenNr="10761" KundEigtNr="11287" KundArt="8" KundStatus="3" KundAufDat="2001-08-06"/>
  <Kunden KundenNr="10762" KundEigtNr="11288" KundArt="2" KundStatus="3" KundAufDat="2001-08-06"/>
  <Kunden KundenNr="10763" KundEigtNr="11289" KundArt="2" KundStatus="3" KundAufDat="2001-08-06"/>
  <Kunden KundenNr="10764" KundEigtNr="11290" KundArt="2" KundStatus="3" KundAufDat="2001-08-06"/>
  <Kunden KundenNr="10765" KundEigtNr="11282" KundArt="8" KundStatus="3" KundAufDat="2001-08-06"/>
  <Kunden KundenNr="10766" KundEigtNr="11291" KundArt="2" KundStatus="3" KundAufDat="2001-08-06"/>
  <Kunden KundenNr="10767" KundEigtNr="11292" KundArt="2" KundStatus="3" KundAufDat="2001-08-06"/>
  <Kunden KundenNr="10768" KundEigtNr="11293" KundArt="8" KundStatus="3" KundAufDat="2001-08-06"/>
  <Kunden KundenNr="10769" KundEigtNr="11294" KundArt="8" KundStatus="3" KundAufDat="2001-08-06"/>
  <Kunden KundenNr="10770" KundEigtNr="11295" KundArt="2" KundStatus="3" KundAufDat="2001-08-06"/>
  <Kunden KundenNr="10771" KundEigtNr="11296" KundArt="2" KundStatus="3" KundAufDat="2001-08-07"/>
  <Kunden KundenNr="10772" KundEigtNr="11297" KundArt="2" KundStatus="3" KundAufDat="2001-08-07"/>
  <Kunden KundenNr="10773" KundEigtNr="11298" KundArt="2" KundStatus="3" KundAufDat="2001-08-07"/>
  <Kunden KundenNr="10774" KundEigtNr="11299" KundArt="2" KundStatus="1" KundAufDat="2001-08-07"/>
  <Kunden KundenNr="10775" KundEigtNr="11300" KundArt="8" KundStatus="3" KundAufDat="2001-08-07"/>
  <Kunden KundenNr="10776" KundEigtNr="11301" KundArt="1" KundStatus="3" KundAufDat="2001-08-07"/>
  <Kunden KundenNr="10777" KundEigtNr="11302" KundArt="29" KundStatus="1" KundAufDat="2001-08-07"/>
  <Kunden KundenNr="10778" KundEigtNr="11303" KundArt="2" KundStatus="3" KundAufDat="2001-08-07"/>
  <Kunden KundenNr="10779" KundEigtNr="11304" KundArt="8" KundStatus="3" KundAufDat="2001-08-07"/>
  <Kunden KundenNr="10780" KundEigtNr="11305" KundArt="2" KundStatus="3" KundAufDat="2001-08-08"/>
  <Kunden KundenNr="10781" KundEigtNr="11306" KundArt="2" KundStatus="3" KundAufDat="2001-08-08"/>
  <Kunden KundenNr="10782" KundEigtNr="11307" KundArt="8" KundStatus="3" KundAufDat="2001-08-08"/>
  <Kunden KundenNr="10783" KundEigtNr="11241" KundArt="29" KundStatus="1" KundAufDat="2001-08-08"/>
  <Kunden KundenNr="10784" KundEigtNr="11308" KundArt="8" KundStatus="3" KundAufDat="2001-08-08"/>
  <Kunden KundenNr="10785" KundEigtNr="11309" KundArt="1" KundStatus="3" KundAufDat="2001-08-08"/>
  <Kunden KundenNr="10786" KundEigtNr="11310" KundArt="8" KundStatus="3" KundAufDat="2001-08-09"/>
  <Kunden KundenNr="10787" KundEigtNr="11311" KundArt="8" KundStatus="3" KundAufDat="2001-08-09"/>
  <Kunden KundenNr="10788" KundEigtNr="11312" KundArt="2" KundStatus="3" KundAufDat="2001-08-09"/>
  <Kunden KundenNr="10789" KundEigtNr="11313" KundArt="8" KundStatus="3" KundAufDat="2001-08-09"/>
  <Kunden KundenNr="10790" KundEigtNr="11314" KundArt="29" KundStatus="1" KundAufDat="2001-08-09"/>
  <Kunden KundenNr="10791" KundEigtNr="11315" KundArt="8" KundStatus="3" KundAufDat="2001-08-09"/>
  <Kunden KundenNr="10792" KundEigtNr="11295" KundArt="8" KundStatus="3" KundAufDat="2001-08-09"/>
  <Kunden KundenNr="10793" KundEigtNr="11317" KundArt="2" KundStatus="3" KundAufDat="2001-08-09"/>
  <Kunden KundenNr="10794" KundEigtNr="11318" KundArt="8" KundStatus="3" KundAufDat="2001-08-09"/>
  <Kunden KundenNr="10795" KundEigtNr="11321" KundArt="8" KundStatus="3" KundAufDat="2001-08-10"/>
  <Kunden KundenNr="10796" KundEigtNr="11322" KundArt="8" KundStatus="1" KundAufDat="2001-08-10"/>
  <Kunden KundenNr="10797" KundEigtNr="10394" KundArt="29" KundStatus="1" KundAufDat="2001-08-10"/>
  <Kunden KundenNr="10798" KundEigtNr="11323" KundArt="8" KundStatus="3" KundAufDat="2001-08-13"/>
  <Kunden KundenNr="10799" KundEigtNr="11324" KundArt="8" KundStatus="3" KundAufDat="2001-08-13"/>
  <Kunden KundenNr="10800" KundEigtNr="11325" KundArt="8" KundStatus="3" KundAufDat="2001-08-13"/>
  <Kunden KundenNr="10801" KundEigtNr="11326" KundArt="1" KundStatus="3" KundAufDat="2001-08-13"/>
  <Kunden KundenNr="10802" KundEigtNr="11327" KundArt="1" KundStatus="3" KundAufDat="2001-08-13"/>
  <Kunden KundenNr="10803" KundEigtNr="11328" KundArt="8" KundStatus="3" KundAufDat="2001-08-13"/>
  <Kunden KundenNr="10804" KundEigtNr="11329" KundArt="8" KundStatus="3" KundAufDat="2001-08-13"/>
  <Kunden KundenNr="10805" KundEigtNr="11330" KundArt="2" KundStatus="1" KundAufDat="2001-08-13"/>
  <Kunden KundenNr="10806" KundEigtNr="1207" KundArt="2" KundStatus="3" KundAufDat="2001-08-13"/>
  <Kunden KundenNr="10807" KundEigtNr="11331" KundArt="8" KundStatus="1" KundAufDat="2001-08-13"/>
  <Kunden KundenNr="10808" KundEigtNr="11332" KundArt="8" KundStatus="3" KundAufDat="2001-08-13"/>
  <Kunden KundenNr="10809" KundEigtNr="11333" KundArt="8" KundStatus="3" KundAufDat="2001-08-13"/>
  <Kunden KundenNr="10810" KundEigtNr="11334" KundArt="8" KundStatus="3" KundAufDat="2001-08-13"/>
  <Kunden KundenNr="10811" KundEigtNr="7646" KundArt="8" KundStatus="3" KundAufDat="2001-08-13"/>
  <Kunden KundenNr="10812" KundEigtNr="11335" KundArt="8" KundStatus="3" KundAufDat="2001-08-13"/>
  <Kunden KundenNr="10813" KundEigtNr="11336" KundArt="2" KundStatus="3" KundAufDat="2001-08-13"/>
  <Kunden KundenNr="10814" KundEigtNr="11337" KundArt="2" KundStatus="3" KundAufDat="2001-08-13"/>
  <Kunden KundenNr="10815" KundEigtNr="11338" KundArt="1" KundStatus="3" KundAufDat="2001-08-13"/>
  <Kunden KundenNr="10816" KundEigtNr="11339" KundArt="2" KundStatus="3" KundAufDat="2001-08-13"/>
  <Kunden KundenNr="10817" KundEigtNr="11340" KundArt="1" KundStatus="3" KundAufDat="2001-08-13"/>
  <Kunden KundenNr="10818" KundEigtNr="6079" KundArt="8" KundStatus="3" KundAufDat="2001-08-13"/>
  <Kunden KundenNr="10819" KundEigtNr="11341" KundArt="8" KundStatus="3" KundAufDat="2001-08-14"/>
  <Kunden KundenNr="10820" KundEigtNr="11342" KundArt="8" KundStatus="3" KundAufDat="2001-08-14"/>
  <Kunden KundenNr="10821" KundEigtNr="11343" KundArt="2" KundStatus="3" KundAufDat="2001-08-14"/>
  <Kunden KundenNr="10822" KundEigtNr="11344" KundArt="8" KundStatus="3" KundAufDat="2001-08-14"/>
  <Kunden KundenNr="10823" KundEigtNr="11345" KundArt="8" KundStatus="3" KundAufDat="2001-08-14"/>
  <Kunden KundenNr="10824" KundEigtNr="11346" KundArt="8" KundStatus="3" KundAufDat="2001-08-14"/>
  <Kunden KundenNr="10825" KundEigtNr="11347" KundArt="1" KundStatus="3" KundAufDat="2001-08-14"/>
  <Kunden KundenNr="10826" KundEigtNr="11130" KundArt="29" KundStatus="1" KundAufDat="2001-08-14"/>
  <Kunden KundenNr="10827" KundEigtNr="11348" KundArt="2" KundStatus="3" KundAufDat="2001-08-14"/>
  <Kunden KundenNr="10828" KundEigtNr="11349" KundArt="8" KundStatus="3" KundAufDat="2001-08-14"/>
  <Kunden KundenNr="10829" KundEigtNr="11350" KundArt="8" KundStatus="3" KundAufDat="2001-08-14"/>
  <Kunden KundenNr="10830" KundEigtNr="11351" KundArt="8" KundStatus="3" KundAufDat="2001-08-14"/>
  <Kunden KundenNr="10831" KundEigtNr="11353" KundArt="2" KundStatus="3" KundAufDat="2001-08-14"/>
  <Kunden KundenNr="10832" KundEigtNr="11354" KundArt="2" KundStatus="3" KundAufDat="2001-08-15"/>
  <Kunden KundenNr="10833" KundEigtNr="11355" KundArt="8" KundStatus="3" KundAufDat="2001-08-15"/>
  <Kunden KundenNr="10834" KundEigtNr="11357" KundArt="2" KundStatus="1" KundAufDat="2001-08-15"/>
  <Kunden KundenNr="10835" KundEigtNr="11358" KundArt="8" KundStatus="3" KundAufDat="2001-08-15"/>
  <Kunden KundenNr="10836" KundEigtNr="11359" KundArt="1" KundStatus="3" KundAufDat="2001-08-15"/>
  <Kunden KundenNr="10837" KundEigtNr="11360" KundArt="8" KundStatus="3" KundAufDat="2001-08-15"/>
  <Kunden KundenNr="10838" KundEigtNr="11361" KundArt="8" KundStatus="3" KundAufDat="2001-08-15"/>
  <Kunden KundenNr="10839" KundEigtNr="11363" KundArt="8" KundStatus="3" KundAufDat="2001-08-16"/>
  <Kunden KundenNr="10840" KundEigtNr="11364" KundArt="8" KundStatus="3" KundAufDat="2001-08-16"/>
  <Kunden KundenNr="10841" KundEigtNr="11365" KundArt="8" KundStatus="3" KundAufDat="2001-08-16"/>
  <Kunden KundenNr="10842" KundEigtNr="11366" KundArt="8" KundStatus="3" KundAufDat="2001-08-16"/>
  <Kunden KundenNr="10843" KundEigtNr="11367" KundArt="2" KundStatus="1" KundAufDat="2001-08-17"/>
  <Kunden KundenNr="10844" KundEigtNr="11368" KundArt="8" KundStatus="3" KundAufDat="2001-08-17"/>
  <Kunden KundenNr="10845" KundEigtNr="11369" KundArt="8" KundStatus="3" KundAufDat="2001-08-17"/>
  <Kunden KundenNr="10846" KundEigtNr="11370" KundArt="8" KundStatus="3" KundAufDat="2001-08-17"/>
  <Kunden KundenNr="10847" KundEigtNr="11371" KundArt="8" KundStatus="1" KundAufDat="2001-08-17"/>
  <Kunden KundenNr="10848" KundEigtNr="11376" KundArt="8" KundStatus="3" KundAufDat="2001-08-18"/>
  <Kunden KundenNr="10849" KundEigtNr="11377" KundArt="8" KundStatus="3" KundAufDat="2001-08-18"/>
  <Kunden KundenNr="10850" KundEigtNr="11378" KundArt="8" KundStatus="3" KundAufDat="2001-08-20"/>
  <Kunden KundenNr="10851" KundEigtNr="11379" KundArt="2" KundStatus="1" KundAufDat="2001-08-20"/>
  <Kunden KundenNr="10852" KundEigtNr="11380" KundArt="8" KundStatus="3" KundAufDat="2001-08-20"/>
  <Kunden KundenNr="10853" KundEigtNr="11381" KundArt="2" KundStatus="3" KundAufDat="2001-08-20"/>
  <Kunden KundenNr="10854" KundEigtNr="11382" KundArt="8" KundStatus="3" KundAufDat="2001-08-20"/>
  <Kunden KundenNr="10855" KundEigtNr="8530" KundArt="8" KundStatus="3" KundAufDat="2001-08-20"/>
  <Kunden KundenNr="10856" KundEigtNr="11383" KundArt="8" KundStatus="3" KundAufDat="2001-08-20"/>
  <Kunden KundenNr="10857" KundEigtNr="11391" KundArt="8" KundStatus="3" KundAufDat="2001-08-21"/>
  <Kunden KundenNr="10858" KundEigtNr="11392" KundArt="8" KundStatus="3" KundAufDat="2001-08-21"/>
  <Kunden KundenNr="10859" KundEigtNr="11393" KundArt="8" KundStatus="3" KundAufDat="2001-08-21"/>
  <Kunden KundenNr="10860" KundEigtNr="11394" KundArt="8" KundStatus="3" KundAufDat="2001-08-21"/>
  <Kunden KundenNr="10861" KundEigtNr="11395" KundArt="8" KundStatus="3" KundAufDat="2001-08-21"/>
  <Kunden KundenNr="10862" KundEigtNr="11396" KundArt="8" KundStatus="3" KundAufDat="2001-08-21"/>
  <Kunden KundenNr="10863" KundEigtNr="11397" KundArt="8" KundStatus="3" KundAufDat="2001-08-21"/>
  <Kunden KundenNr="10864" KundEigtNr="11398" KundArt="2" KundStatus="3" KundAufDat="2001-08-21"/>
  <Kunden KundenNr="10865" KundEigtNr="11399" KundArt="8" KundStatus="3" KundAufDat="2001-08-22"/>
  <Kunden KundenNr="10866" KundEigtNr="11400" KundArt="8" KundStatus="3" KundAufDat="2001-08-22"/>
  <Kunden KundenNr="10867" KundEigtNr="11401" KundArt="2" KundStatus="3" KundAufDat="2001-08-22"/>
  <Kunden KundenNr="10868" KundEigtNr="11402" KundArt="2" KundStatus="3" KundAufDat="2001-08-22"/>
  <Kunden KundenNr="10869" KundEigtNr="11403" KundArt="2" KundStatus="1" KundAufDat="2001-08-22"/>
  <Kunden KundenNr="10870" KundEigtNr="11404" KundArt="8" KundStatus="3" KundAufDat="2001-08-23"/>
  <Kunden KundenNr="10871" KundEigtNr="11405" KundArt="2" KundStatus="3" KundAufDat="2001-08-23"/>
  <Kunden KundenNr="10872" KundEigtNr="11406" KundArt="2" KundStatus="3" KundAufDat="2001-08-23"/>
  <Kunden KundenNr="10873" KundEigtNr="11407" KundArt="8" KundStatus="3" KundAufDat="2001-08-23"/>
  <Kunden KundenNr="10874" KundEigtNr="11408" KundArt="8" KundStatus="3" KundAufDat="2001-08-23"/>
  <Kunden KundenNr="10875" KundEigtNr="11409" KundArt="8" KundStatus="3" KundAufDat="2001-08-23"/>
  <Kunden KundenNr="10876" KundEigtNr="11410" KundArt="2" KundStatus="3" KundAufDat="2001-08-23"/>
  <Kunden KundenNr="10877" KundEigtNr="11411" KundArt="8" KundStatus="3" KundAufDat="2001-08-23"/>
  <Kunden KundenNr="10878" KundEigtNr="11412" KundArt="8" KundStatus="3" KundAufDat="2001-08-24"/>
  <Kunden KundenNr="10879" KundEigtNr="11413" KundArt="8" KundStatus="3" KundAufDat="2001-08-24"/>
  <Kunden KundenNr="10880" KundEigtNr="11414" KundArt="8" KundStatus="3" KundAufDat="2001-08-24"/>
  <Kunden KundenNr="10881" KundEigtNr="11362" KundArt="29" KundStatus="1" KundAufDat="2001-08-24"/>
  <Kunden KundenNr="10882" KundEigtNr="10239" KundArt="1" KundStatus="3" KundAufDat="2001-08-24"/>
  <Kunden KundenNr="10883" KundEigtNr="11415" KundArt="8" KundStatus="3" KundAufDat="2001-08-24"/>
  <Kunden KundenNr="10884" KundEigtNr="11416" KundArt="8" KundStatus="3" KundAufDat="2001-08-24"/>
  <Kunden KundenNr="10885" KundEigtNr="11417" KundArt="29" KundStatus="3" KundAufDat="2001-08-24"/>
  <Kunden KundenNr="10886" KundEigtNr="11418" KundArt="29" KundStatus="1" KundAufDat="2001-08-24"/>
  <Kunden KundenNr="10887" KundEigtNr="11419" KundArt="8" KundStatus="3" KundAufDat="2001-08-27"/>
  <Kunden KundenNr="10888" KundEigtNr="11420" KundArt="8" KundStatus="3" KundAufDat="2001-08-27"/>
  <Kunden KundenNr="10889" KundEigtNr="11421" KundArt="8" KundStatus="3" KundAufDat="2001-08-27"/>
  <Kunden KundenNr="10890" KundEigtNr="11422" KundArt="8" KundStatus="3" KundAufDat="2001-08-27"/>
  <Kunden KundenNr="10891" KundEigtNr="11423" KundArt="8" KundStatus="3" KundAufDat="2001-08-27"/>
  <Kunden KundenNr="10892" KundEigtNr="11424" KundArt="8" KundStatus="3" KundAufDat="2001-08-27"/>
  <Kunden KundenNr="10893" KundEigtNr="11425" KundArt="8" KundStatus="3" KundAufDat="2001-08-27"/>
  <Kunden KundenNr="10894" KundEigtNr="11426" KundArt="29" KundStatus="1" KundAufDat="2001-08-27"/>
  <Kunden KundenNr="10895" KundEigtNr="11427" KundArt="29" KundStatus="1" KundAufDat="2001-08-27"/>
  <Kunden KundenNr="10896" KundEigtNr="11428" KundArt="8" KundStatus="3" KundAufDat="2001-08-27"/>
  <Kunden KundenNr="10897" KundEigtNr="11429" KundArt="8" KundStatus="3" KundAufDat="2001-08-28"/>
  <Kunden KundenNr="10898" KundEigtNr="2383" KundArt="2" KundStatus="3" KundAufDat="2001-08-28"/>
  <Kunden KundenNr="10899" KundEigtNr="11430" KundArt="8" KundStatus="3" KundAufDat="2001-08-28"/>
  <Kunden KundenNr="10900" KundEigtNr="11431" KundArt="8" KundStatus="3" KundAufDat="2001-08-28"/>
  <Kunden KundenNr="10901" KundEigtNr="11432" KundArt="8" KundStatus="3" KundAufDat="2001-08-28"/>
  <Kunden KundenNr="10902" KundEigtNr="11433" KundArt="8" KundStatus="3" KundAufDat="2001-08-28"/>
  <Kunden KundenNr="10903" KundEigtNr="11434" KundArt="8" KundStatus="3" KundAufDat="2001-08-28"/>
  <Kunden KundenNr="10904" KundEigtNr="11435" KundArt="8" KundStatus="3" KundAufDat="2001-08-28"/>
  <Kunden KundenNr="10905" KundEigtNr="11029" KundArt="29" KundStatus="1" KundAufDat="2001-08-28"/>
  <Kunden KundenNr="10906" KundEigtNr="11436" KundArt="8" KundStatus="3" KundAufDat="2001-08-29"/>
  <Kunden KundenNr="10907" KundEigtNr="11437" KundArt="8" KundStatus="3" KundAufDat="2001-08-29"/>
  <Kunden KundenNr="10908" KundEigtNr="11438" KundArt="8" KundStatus="3" KundAufDat="2001-08-29"/>
  <Kunden KundenNr="10909" KundEigtNr="11439" KundArt="8" KundStatus="3" KundAufDat="2001-08-29"/>
  <Kunden KundenNr="10910" KundEigtNr="11440" KundArt="8" KundStatus="3" KundAufDat="2001-08-30"/>
  <Kunden KundenNr="10911" KundEigtNr="10870" KundArt="2" KundStatus="3" KundAufDat="2001-08-30"/>
  <Kunden KundenNr="10912" KundEigtNr="11441" KundArt="8" KundStatus="3" KundAufDat="2001-08-30"/>
  <Kunden KundenNr="10913" KundEigtNr="11442" KundArt="8" KundStatus="3" KundAufDat="2001-08-30"/>
  <Kunden KundenNr="10914" KundEigtNr="11443" KundArt="2" KundStatus="3" KundAufDat="2001-08-31"/>
  <Kunden KundenNr="10915" KundEigtNr="11444" KundArt="8" KundStatus="3" KundAufDat="2001-08-31"/>
  <Kunden KundenNr="10916" KundEigtNr="11445" KundArt="2" KundStatus="3" KundAufDat="2001-08-31"/>
  <Kunden KundenNr="10917" KundEigtNr="11446" KundArt="8" KundStatus="3" KundAufDat="2001-08-31"/>
  <Kunden KundenNr="10918" KundEigtNr="11447" KundArt="8" KundStatus="3" KundAufDat="2001-09-01"/>
  <Kunden KundenNr="10919" KundEigtNr="11448" KundArt="8" KundStatus="3" KundAufDat="2001-09-01"/>
  <Kunden KundenNr="10920" KundEigtNr="6520" KundArt="2" KundStatus="3" KundAufDat="2001-09-03"/>
  <Kunden KundenNr="10921" KundEigtNr="11449" KundArt="8" KundStatus="3" KundAufDat="2001-09-03"/>
  <Kunden KundenNr="10922" KundEigtNr="11450" KundArt="8" KundStatus="3" KundAufDat="2001-09-03"/>
  <Kunden KundenNr="10923" KundEigtNr="11451" KundArt="8" KundStatus="3" KundAufDat="2001-09-03"/>
  <Kunden KundenNr="10924" KundEigtNr="11452" KundArt="2" KundStatus="3" KundAufDat="2001-09-03"/>
  <Kunden KundenNr="10925" KundEigtNr="11453" KundArt="2" KundStatus="1" KundAufDat="2001-09-03"/>
  <Kunden KundenNr="10926" KundEigtNr="9616" KundArt="8" KundStatus="3" KundAufDat="2001-09-03"/>
  <Kunden KundenNr="10927" KundEigtNr="11430" KundArt="2" KundStatus="3" KundAufDat="2001-09-03"/>
  <Kunden KundenNr="10928" KundEigtNr="11454" KundArt="8" KundStatus="3" KundAufDat="2001-09-03"/>
  <Kunden KundenNr="10929" KundEigtNr="11455" KundArt="8" KundStatus="3" KundAufDat="2001-09-03"/>
  <Kunden KundenNr="10930" KundEigtNr="11456" KundArt="8" KundStatus="3" KundAufDat="2001-09-03"/>
  <Kunden KundenNr="10931" KundEigtNr="11457" KundArt="8" KundStatus="3" KundAufDat="2001-09-03"/>
  <Kunden KundenNr="10932" KundEigtNr="11458" KundArt="2" KundStatus="3" KundAufDat="2001-09-03"/>
  <Kunden KundenNr="10933" KundEigtNr="11459" KundArt="2" KundStatus="3" KundAufDat="2001-09-03"/>
  <Kunden KundenNr="10934" KundEigtNr="11460" KundArt="2" KundStatus="3" KundAufDat="2001-09-03"/>
  <Kunden KundenNr="10935" KundEigtNr="11453" KundArt="8" KundStatus="3" KundAufDat="2001-09-03"/>
  <Kunden KundenNr="10936" KundEigtNr="11461" KundArt="8" KundStatus="3" KundAufDat="2001-09-03"/>
  <Kunden KundenNr="10937" KundEigtNr="11462" KundArt="2" KundStatus="3" KundAufDat="2001-09-04"/>
  <Kunden KundenNr="10938" KundEigtNr="11463" KundArt="2" KundStatus="3" KundAufDat="2001-09-04"/>
  <Kunden KundenNr="10939" KundEigtNr="11464" KundArt="8" KundStatus="3" KundAufDat="2001-09-04"/>
  <Kunden KundenNr="10940" KundEigtNr="11465" KundArt="8" KundStatus="3" KundAufDat="2001-09-04"/>
  <Kunden KundenNr="10941" KundEigtNr="11466" KundArt="8" KundStatus="3" KundAufDat="2001-09-04"/>
  <Kunden KundenNr="10942" KundEigtNr="11467" KundArt="2" KundStatus="3" KundAufDat="2001-09-05"/>
  <Kunden KundenNr="10943" KundEigtNr="11468" KundArt="2" KundStatus="3" KundAufDat="2001-09-05"/>
  <Kunden KundenNr="10944" KundEigtNr="11469" KundArt="29" KundStatus="1" KundAufDat="2001-09-05"/>
  <Kunden KundenNr="10945" KundEigtNr="11470" KundArt="1" KundStatus="3" KundAufDat="2001-09-05"/>
  <Kunden KundenNr="10946" KundEigtNr="11471" KundArt="8" KundStatus="3" KundAufDat="2001-09-05"/>
  <Kunden KundenNr="10947" KundEigtNr="11472" KundArt="8" KundStatus="3" KundAufDat="2001-09-05"/>
  <Kunden KundenNr="10948" KundEigtNr="11473" KundArt="8" KundStatus="3" KundAufDat="2001-09-06"/>
  <Kunden KundenNr="10949" KundEigtNr="11474" KundArt="8" KundStatus="3" KundAufDat="2001-09-06"/>
  <Kunden KundenNr="10950" KundEigtNr="11475" KundArt="2" KundStatus="3" KundAufDat="2001-09-06"/>
  <Kunden KundenNr="10951" KundEigtNr="11476" KundArt="8" KundStatus="3" KundAufDat="2001-09-06"/>
  <Kunden KundenNr="10952" KundEigtNr="11477" KundArt="8" KundStatus="3" KundAufDat="2001-09-06"/>
  <Kunden KundenNr="10953" KundEigtNr="11478" KundArt="8" KundStatus="3" KundAufDat="2001-09-07"/>
  <Kunden KundenNr="10954" KundEigtNr="11479" KundArt="8" KundStatus="3" KundAufDat="2001-09-07"/>
  <Kunden KundenNr="10955" KundEigtNr="11361" KundArt="1" KundStatus="3" KundAufDat="2001-09-07"/>
  <Kunden KundenNr="10956" KundEigtNr="11480" KundArt="2" KundStatus="3" KundAufDat="2001-09-07"/>
  <Kunden KundenNr="10957" KundEigtNr="11485" KundArt="2" KundStatus="3" KundAufDat="2001-09-08"/>
  <Kunden KundenNr="10958" KundEigtNr="11486" KundArt="8" KundStatus="3" KundAufDat="2001-09-10"/>
  <Kunden KundenNr="10959" KundEigtNr="11487" KundArt="2" KundStatus="1" KundAufDat="2001-09-10"/>
  <Kunden KundenNr="10960" KundEigtNr="11488" KundArt="8" KundStatus="3" KundAufDat="2001-09-10"/>
  <Kunden KundenNr="10961" KundEigtNr="11489" KundArt="2" KundStatus="3" KundAufDat="2001-09-10"/>
  <Kunden KundenNr="10962" KundEigtNr="11490" KundArt="2" KundStatus="3" KundAufDat="2001-09-10"/>
  <Kunden KundenNr="10963" KundEigtNr="11491" KundArt="2" KundStatus="3" KundAufDat="2001-09-10"/>
  <Kunden KundenNr="10964" KundEigtNr="11492" KundArt="8" KundStatus="3" KundAufDat="2001-09-10"/>
  <Kunden KundenNr="10965" KundEigtNr="11493" KundArt="2" KundStatus="1" KundAufDat="2001-09-11"/>
  <Kunden KundenNr="10966" KundEigtNr="11494" KundArt="2" KundStatus="1" KundAufDat="2001-09-11"/>
  <Kunden KundenNr="10967" KundEigtNr="11495" KundArt="2" KundStatus="3" KundAufDat="2001-09-11"/>
  <Kunden KundenNr="10968" KundEigtNr="11496" KundArt="2" KundStatus="1" KundAufDat="2001-09-11"/>
  <Kunden KundenNr="10969" KundEigtNr="11497" KundArt="2" KundStatus="3" KundAufDat="2001-09-11"/>
  <Kunden KundenNr="10970" KundEigtNr="11498" KundArt="2" KundStatus="3" KundAufDat="2001-09-11"/>
  <Kunden KundenNr="10971" KundEigtNr="11499" KundArt="2" KundStatus="3" KundAufDat="2001-09-11"/>
  <Kunden KundenNr="10972" KundEigtNr="11500" KundArt="29" KundStatus="1" KundAufDat="2001-09-11"/>
  <Kunden KundenNr="10973" KundEigtNr="11501" KundArt="8" KundStatus="3" KundAufDat="2001-09-12"/>
  <Kunden KundenNr="10974" KundEigtNr="11502" KundArt="8" KundStatus="3" KundAufDat="2001-09-12"/>
  <Kunden KundenNr="10975" KundEigtNr="11503" KundArt="2" KundStatus="3" KundAufDat="2001-09-12"/>
  <Kunden KundenNr="10976" KundEigtNr="11504" KundArt="2" KundStatus="3" KundAufDat="2001-09-12"/>
  <Kunden KundenNr="10977" KundEigtNr="11402" KundArt="8" KundStatus="3" KundAufDat="2001-09-14"/>
  <Kunden KundenNr="10978" KundEigtNr="11505" KundArt="2" KundStatus="3" KundAufDat="2001-09-14"/>
  <Kunden KundenNr="10979" KundEigtNr="11506" KundArt="2" KundStatus="3" KundAufDat="2001-09-14"/>
  <Kunden KundenNr="10980" KundEigtNr="11507" KundArt="8" KundStatus="3" KundAufDat="2001-09-17"/>
  <Kunden KundenNr="10981" KundEigtNr="11508" KundArt="8" KundStatus="3" KundAufDat="2001-09-17"/>
  <Kunden KundenNr="10982" KundEigtNr="11509" KundArt="8" KundStatus="3" KundAufDat="2001-09-17"/>
  <Kunden KundenNr="10983" KundEigtNr="11510" KundArt="2" KundStatus="3" KundAufDat="2001-09-17"/>
  <Kunden KundenNr="10984" KundEigtNr="11511" KundArt="8" KundStatus="3" KundAufDat="2001-09-17"/>
  <Kunden KundenNr="10985" KundEigtNr="11512" KundArt="8" KundStatus="3" KundAufDat="2001-09-17"/>
  <Kunden KundenNr="10986" KundEigtNr="11513" KundArt="8" KundStatus="3" KundAufDat="2001-09-17"/>
  <Kunden KundenNr="10987" KundEigtNr="11514" KundArt="2" KundStatus="3" KundAufDat="2001-09-17"/>
  <Kunden KundenNr="10988" KundEigtNr="11515" KundArt="8" KundStatus="3" KundAufDat="2001-09-17"/>
  <Kunden KundenNr="10989" KundEigtNr="11516" KundArt="8" KundStatus="3" KundAufDat="2001-09-18"/>
  <Kunden KundenNr="10990" KundEigtNr="11517" KundArt="2" KundStatus="3" KundAufDat="2001-09-18"/>
  <Kunden KundenNr="10991" KundEigtNr="11518" KundArt="8" KundStatus="3" KundAufDat="2001-09-18"/>
  <Kunden KundenNr="10992" KundEigtNr="11519" KundArt="8" KundStatus="3" KundAufDat="2001-09-18"/>
  <Kunden KundenNr="10993" KundEigtNr="11520" KundArt="8" KundStatus="3" KundAufDat="2001-09-18"/>
  <Kunden KundenNr="10994" KundEigtNr="11521" KundArt="8" KundStatus="3" KundAufDat="2001-09-19"/>
  <Kunden KundenNr="10995" KundEigtNr="11522" KundArt="1" KundStatus="1" KundAufDat="2001-09-19"/>
  <Kunden KundenNr="10996" KundEigtNr="11523" KundArt="2" KundStatus="3" KundAufDat="2001-09-19"/>
  <Kunden KundenNr="10997" KundEigtNr="11524" KundArt="2" KundStatus="3" KundAufDat="2001-09-19"/>
  <Kunden KundenNr="10998" KundEigtNr="11525" KundArt="2" KundStatus="3" KundAufDat="2001-09-19"/>
  <Kunden KundenNr="10999" KundEigtNr="11526" KundArt="8" KundStatus="3" KundAufDat="2001-09-19"/>
  <Kunden KundenNr="11000" KundEigtNr="11527" KundArt="8" KundStatus="3" KundAufDat="2001-09-19"/>
  <Kunden KundenNr="11001" KundEigtNr="11528" KundArt="8" KundStatus="3" KundAufDat="2001-09-20"/>
  <Kunden KundenNr="11002" KundEigtNr="11529" KundArt="8" KundStatus="3" KundAufDat="2001-09-20"/>
  <Kunden KundenNr="11003" KundEigtNr="11530" KundArt="2" KundStatus="3" KundAufDat="2001-09-20"/>
  <Kunden KundenNr="11004" KundEigtNr="11531" KundArt="8" KundStatus="3" KundAufDat="2001-09-21"/>
  <Kunden KundenNr="11005" KundEigtNr="11532" KundArt="8" KundStatus="3" KundAufDat="2001-09-21"/>
  <Kunden KundenNr="11006" KundEigtNr="11533" KundArt="8" KundStatus="3" KundAufDat="2001-09-21"/>
  <Kunden KundenNr="11007" KundEigtNr="11534" KundArt="8" KundStatus="3" KundAufDat="2001-09-21"/>
  <Kunden KundenNr="11008" KundEigtNr="11535" KundArt="8" KundStatus="3" KundAufDat="2001-09-24"/>
  <Kunden KundenNr="11009" KundEigtNr="11536" KundArt="8" KundStatus="3" KundAufDat="2001-09-24"/>
  <Kunden KundenNr="11010" KundEigtNr="11537" KundArt="8" KundStatus="3" KundAufDat="2001-09-24"/>
  <Kunden KundenNr="11011" KundEigtNr="1556" KundArt="8" KundStatus="3" KundAufDat="2001-09-24"/>
  <Kunden KundenNr="11012" KundEigtNr="11538" KundArt="8" KundStatus="3" KundAufDat="2001-09-24"/>
  <Kunden KundenNr="11013" KundEigtNr="11539" KundArt="8" KundStatus="3" KundAufDat="2001-09-24"/>
  <Kunden KundenNr="11014" KundEigtNr="11540" KundArt="8" KundStatus="3" KundAufDat="2001-09-24"/>
  <Kunden KundenNr="11015" KundEigtNr="11541" KundArt="8" KundStatus="3" KundAufDat="2001-09-24"/>
  <Kunden KundenNr="11016" KundEigtNr="11542" KundArt="8" KundStatus="3" KundAufDat="2001-09-24"/>
  <Kunden KundenNr="11017" KundEigtNr="11543" KundArt="8" KundStatus="3" KundAufDat="2001-09-24"/>
  <Kunden KundenNr="11018" KundEigtNr="11544" KundArt="8" KundStatus="3" KundAufDat="2001-09-24"/>
  <Kunden KundenNr="11019" KundEigtNr="11545" KundArt="8" KundStatus="3" KundAufDat="2001-09-24"/>
  <Kunden KundenNr="11020" KundEigtNr="11286" KundArt="8" KundStatus="3" KundAufDat="2001-09-24"/>
  <Kunden KundenNr="11021" KundEigtNr="11546" KundArt="2" KundStatus="3" KundAufDat="2001-09-24"/>
  <Kunden KundenNr="11022" KundEigtNr="11547" KundArt="8" KundStatus="3" KundAufDat="2001-09-24"/>
  <Kunden KundenNr="11023" KundEigtNr="11548" KundArt="8" KundStatus="3" KundAufDat="2001-09-24"/>
  <Kunden KundenNr="11024" KundEigtNr="10892" KundArt="2" KundStatus="3" KundAufDat="2001-09-25"/>
  <Kunden KundenNr="11026" KundEigtNr="11550" KundArt="29" KundStatus="1" KundAufDat="2001-09-25"/>
  <Kunden KundenNr="11027" KundEigtNr="11551" KundArt="29" KundStatus="1" KundAufDat="2001-09-25"/>
  <Kunden KundenNr="11028" KundEigtNr="11552" KundArt="2" KundStatus="3" KundAufDat="2001-09-25"/>
  <Kunden KundenNr="11029" KundEigtNr="11553" KundArt="2" KundStatus="3" KundAufDat="2001-09-25"/>
  <Kunden KundenNr="11030" KundEigtNr="11554" KundArt="1" KundStatus="3" KundAufDat="2001-09-26"/>
  <Kunden KundenNr="11031" KundEigtNr="11555" KundArt="2" KundStatus="3" KundAufDat="2001-09-26"/>
  <Kunden KundenNr="11032" KundEigtNr="11556" KundArt="8" KundStatus="3" KundAufDat="2001-09-26"/>
  <Kunden KundenNr="11033" KundEigtNr="11557" KundArt="2" KundStatus="3" KundAufDat="2001-09-26"/>
  <Kunden KundenNr="11034" KundEigtNr="8556" KundArt="8" KundStatus="3" KundAufDat="2001-09-26"/>
  <Kunden KundenNr="11035" KundEigtNr="11558" KundArt="29" KundStatus="1" KundAufDat="2001-09-26"/>
  <Kunden KundenNr="11036" KundEigtNr="11560" KundArt="8" KundStatus="3" KundAufDat="2001-09-27"/>
  <Kunden KundenNr="11037" KundEigtNr="11561" KundArt="8" KundStatus="3" KundAufDat="2001-09-27"/>
  <Kunden KundenNr="11038" KundEigtNr="11562" KundArt="8" KundStatus="3" KundAufDat="2001-10-01"/>
  <Kunden KundenNr="11039" KundEigtNr="11563" KundArt="8" KundStatus="3" KundAufDat="2001-10-01"/>
  <Kunden KundenNr="11040" KundEigtNr="11564" KundArt="1" KundStatus="3" KundAufDat="2001-10-01"/>
  <Kunden KundenNr="11041" KundEigtNr="11565" KundArt="8" KundStatus="3" KundAufDat="2001-10-01"/>
  <Kunden KundenNr="11042" KundEigtNr="11566" KundArt="2" KundStatus="3" KundAufDat="2001-10-01"/>
  <Kunden KundenNr="11043" KundEigtNr="11567" KundArt="8" KundStatus="3" KundAufDat="2001-10-01"/>
  <Kunden KundenNr="11044" KundEigtNr="11568" KundArt="8" KundStatus="3" KundAufDat="2001-10-01"/>
  <Kunden KundenNr="11045" KundEigtNr="11569" KundArt="2" KundStatus="3" KundAufDat="2001-10-01"/>
  <Kunden KundenNr="11046" KundEigtNr="11570" KundArt="8" KundStatus="3" KundAufDat="2001-10-01"/>
  <Kunden KundenNr="11047" KundEigtNr="11571" KundArt="8" KundStatus="3" KundAufDat="2001-10-01"/>
  <Kunden KundenNr="11048" KundEigtNr="11572" KundArt="2" KundStatus="3" KundAufDat="2001-10-01"/>
  <Kunden KundenNr="11049" KundEigtNr="11573" KundArt="8" KundStatus="3" KundAufDat="2001-10-02"/>
  <Kunden KundenNr="11050" KundEigtNr="11574" KundArt="2" KundStatus="3" KundAufDat="2001-10-02"/>
  <Kunden KundenNr="11051" KundEigtNr="11575" KundArt="8" KundStatus="3" KundAufDat="2001-10-02"/>
  <Kunden KundenNr="11052" KundEigtNr="11576" KundArt="29" KundStatus="1" KundAufDat="2001-10-02"/>
  <Kunden KundenNr="11053" KundEigtNr="11577" KundArt="1" KundStatus="1" KundAufDat="2001-10-02"/>
  <Kunden KundenNr="11054" KundEigtNr="11578" KundArt="29" KundStatus="1" KundAufDat="2001-10-02"/>
  <Kunden KundenNr="11055" KundEigtNr="11579" KundArt="2" KundStatus="3" KundAufDat="2001-10-04"/>
  <Kunden KundenNr="11056" KundEigtNr="11580" KundArt="2" KundStatus="3" KundAufDat="2001-10-04"/>
  <Kunden KundenNr="11057" KundEigtNr="11581" KundArt="8" KundStatus="3" KundAufDat="2001-10-04"/>
  <Kunden KundenNr="11058" KundEigtNr="11582" KundArt="2" KundStatus="3" KundAufDat="2001-10-04"/>
  <Kunden KundenNr="11059" KundEigtNr="11583" KundArt="2" KundStatus="3" KundAufDat="2001-10-04"/>
  <Kunden KundenNr="11060" KundEigtNr="11584" KundArt="2" KundStatus="3" KundAufDat="2001-10-05"/>
  <Kunden KundenNr="11061" KundEigtNr="11585" KundArt="8" KundStatus="1" KundAufDat="2001-10-05"/>
  <Kunden KundenNr="11062" KundEigtNr="11586" KundArt="8" KundStatus="3" KundAufDat="2001-10-05"/>
  <Kunden KundenNr="11063" KundEigtNr="11587" KundArt="2" KundStatus="3" KundAufDat="2001-10-08"/>
  <Kunden KundenNr="11064" KundEigtNr="11588" KundArt="2" KundStatus="3" KundAufDat="2001-10-08"/>
  <Kunden KundenNr="11065" KundEigtNr="11589" KundArt="1" KundStatus="1" KundAufDat="2001-10-08"/>
  <Kunden KundenNr="11066" KundEigtNr="11590" KundArt="8" KundStatus="3" KundAufDat="2001-10-08"/>
  <Kunden KundenNr="11067" KundEigtNr="11591" KundArt="8" KundStatus="3" KundAufDat="2001-10-08"/>
  <Kunden KundenNr="11068" KundEigtNr="11592" KundArt="8" KundStatus="3" KundAufDat="2001-10-08"/>
  <Kunden KundenNr="11069" KundEigtNr="11593" KundArt="8" KundStatus="3" KundAufDat="2001-10-08"/>
  <Kunden KundenNr="11070" KundEigtNr="11594" KundArt="8" KundStatus="3" KundAufDat="2001-10-08"/>
  <Kunden KundenNr="11071" KundEigtNr="11595" KundArt="8" KundStatus="3" KundAufDat="2001-10-08"/>
  <Kunden KundenNr="11072" KundEigtNr="11596" KundArt="8" KundStatus="3" KundAufDat="2001-10-08"/>
  <Kunden KundenNr="11073" KundEigtNr="11598" KundArt="29" KundStatus="1" KundAufDat="2001-10-09"/>
  <Kunden KundenNr="11074" KundEigtNr="11599" KundArt="29" KundStatus="1" KundAufDat="2001-10-09"/>
  <Kunden KundenNr="11075" KundEigtNr="11600" KundArt="8" KundStatus="3" KundAufDat="2001-10-09"/>
  <Kunden KundenNr="11076" KundEigtNr="11601" KundArt="8" KundStatus="3" KundAufDat="2001-10-09"/>
  <Kunden KundenNr="11077" KundEigtNr="11602" KundArt="2" KundStatus="1" KundAufDat="2001-10-09"/>
  <Kunden KundenNr="11078" KundEigtNr="11603" KundArt="8" KundStatus="3" KundAufDat="2001-10-09"/>
  <Kunden KundenNr="11079" KundEigtNr="11604" KundArt="8" KundStatus="1" KundAufDat="2001-10-09"/>
  <Kunden KundenNr="11080" KundEigtNr="11447" KundArt="2" KundStatus="3" KundAufDat="2001-10-09"/>
  <Kunden KundenNr="11081" KundEigtNr="11605" KundArt="29" KundStatus="1" KundAufDat="2001-10-10"/>
  <Kunden KundenNr="11083" KundEigtNr="11606" KundArt="29" KundStatus="1" KundAufDat="2001-10-10"/>
  <Kunden KundenNr="11084" KundEigtNr="11607" KundArt="8" KundStatus="3" KundAufDat="2001-10-10"/>
  <Kunden KundenNr="11085" KundEigtNr="11608" KundArt="8" KundStatus="3" KundAufDat="2001-10-11"/>
  <Kunden KundenNr="11086" KundEigtNr="11602" KundArt="8" KundStatus="3" KundAufDat="2001-10-11"/>
  <Kunden KundenNr="11087" KundEigtNr="11609" KundArt="8" KundStatus="3" KundAufDat="2001-10-11"/>
  <Kunden KundenNr="11088" KundEigtNr="10428" KundArt="8" KundStatus="3" KundAufDat="2001-10-11"/>
  <Kunden KundenNr="11089" KundEigtNr="11611" KundArt="2" KundStatus="3" KundAufDat="2001-10-11"/>
  <Kunden KundenNr="11090" KundEigtNr="11612" KundArt="1" KundStatus="3" KundAufDat="2001-10-12"/>
  <Kunden KundenNr="11091" KundEigtNr="11613" KundArt="2" KundStatus="3" KundAufDat="2001-10-12"/>
  <Kunden KundenNr="11092" KundEigtNr="11614" KundArt="8" KundStatus="3" KundAufDat="2001-10-12"/>
  <Kunden KundenNr="11093" KundEigtNr="11615" KundArt="8" KundStatus="3" KundAufDat="2001-10-12"/>
  <Kunden KundenNr="11094" KundEigtNr="11616" KundArt="8" KundStatus="3" KundAufDat="2001-10-12"/>
  <Kunden KundenNr="11095" KundEigtNr="11617" KundArt="29" KundStatus="1" KundAufDat="2001-10-12"/>
  <Kunden KundenNr="11096" KundEigtNr="11618" KundArt="29" KundStatus="1" KundAufDat="2001-10-15"/>
  <Kunden KundenNr="11097" KundEigtNr="11619" KundArt="2" KundStatus="3" KundAufDat="2001-10-15"/>
  <Kunden KundenNr="11098" KundEigtNr="11620" KundArt="8" KundStatus="3" KundAufDat="2001-10-15"/>
  <Kunden KundenNr="11100" KundEigtNr="11623" KundArt="8" KundStatus="3" KundAufDat="2001-10-15"/>
  <Kunden KundenNr="11101" KundEigtNr="11624" KundArt="1" KundStatus="3" KundAufDat="2001-10-15"/>
  <Kunden KundenNr="11102" KundEigtNr="11625" KundArt="2" KundStatus="3" KundAufDat="2001-10-15"/>
  <Kunden KundenNr="11103" KundEigtNr="11627" KundArt="8" KundStatus="3" KundAufDat="2001-10-16"/>
  <Kunden KundenNr="11104" KundEigtNr="11628" KundArt="8" KundStatus="3" KundAufDat="2001-10-16"/>
  <Kunden KundenNr="11105" KundEigtNr="11629" KundArt="8" KundStatus="3" KundAufDat="2001-10-16"/>
  <Kunden KundenNr="11106" KundEigtNr="11630" KundArt="8" KundStatus="3" KundAufDat="2001-10-16"/>
  <Kunden KundenNr="11107" KundEigtNr="11631" KundArt="8" KundStatus="3" KundAufDat="2001-10-16"/>
  <Kunden KundenNr="11108" KundEigtNr="11632" KundArt="8" KundStatus="3" KundAufDat="2001-10-16"/>
  <Kunden KundenNr="11109" KundEigtNr="11633" KundArt="8" KundStatus="3" KundAufDat="2001-10-16"/>
  <Kunden KundenNr="11110" KundEigtNr="11634" KundArt="29" KundStatus="1" KundAufDat="2001-10-16"/>
  <Kunden KundenNr="11111" KundEigtNr="11635" KundArt="29" KundStatus="1" KundAufDat="2001-10-16"/>
  <Kunden KundenNr="11112" KundEigtNr="11636" KundArt="29" KundStatus="1" KundAufDat="2001-10-16"/>
  <Kunden KundenNr="11113" KundEigtNr="11637" KundArt="29" KundStatus="1" KundAufDat="2001-10-16"/>
  <Kunden KundenNr="11114" KundEigtNr="11638" KundArt="8" KundStatus="3" KundAufDat="2001-10-16"/>
  <Kunden KundenNr="11115" KundEigtNr="11639" KundArt="2" KundStatus="3" KundAufDat="2001-10-16"/>
  <Kunden KundenNr="11116" KundEigtNr="11640" KundArt="8" KundStatus="3" KundAufDat="2001-10-16"/>
  <Kunden KundenNr="11117" KundEigtNr="11641" KundArt="8" KundStatus="3" KundAufDat="2001-10-16"/>
  <Kunden KundenNr="11119" KundEigtNr="11643" KundArt="8" KundStatus="3" KundAufDat="2001-10-16"/>
  <Kunden KundenNr="11120" KundEigtNr="11644" KundArt="8" KundStatus="3" KundAufDat="2001-10-17"/>
  <Kunden KundenNr="11121" KundEigtNr="11645" KundArt="29" KundStatus="1" KundAufDat="2001-10-17"/>
  <Kunden KundenNr="11124" KundEigtNr="11647" KundArt="2" KundStatus="3" KundAufDat="2001-10-17"/>
  <Kunden KundenNr="11125" KundEigtNr="11650" KundArt="8" KundStatus="3" KundAufDat="2001-10-18"/>
  <Kunden KundenNr="11126" KundEigtNr="11651" KundArt="2" KundStatus="3" KundAufDat="2001-10-19"/>
  <Kunden KundenNr="11127" KundEigtNr="11652" KundArt="8" KundStatus="3" KundAufDat="2001-10-19"/>
  <Kunden KundenNr="11128" KundEigtNr="11657" KundArt="29" KundStatus="1" KundAufDat="2001-10-19"/>
  <Kunden KundenNr="11129" KundEigtNr="11658" KundArt="8" KundStatus="3" KundAufDat="2001-10-19"/>
  <Kunden KundenNr="11130" KundEigtNr="11660" KundArt="2" KundStatus="3" KundAufDat="2001-10-20"/>
  <Kunden KundenNr="11132" KundEigtNr="11662" KundArt="8" KundStatus="3" KundAufDat="2001-10-22"/>
  <Kunden KundenNr="11133" KundEigtNr="11663" KundArt="8" KundStatus="3" KundAufDat="2001-10-22"/>
  <Kunden KundenNr="11134" KundEigtNr="11664" KundArt="2" KundStatus="1" KundAufDat="2001-10-22"/>
  <Kunden KundenNr="11135" KundEigtNr="11647" KundArt="1" KundStatus="3" KundAufDat="2001-10-22"/>
  <Kunden KundenNr="11136" KundEigtNr="11665" KundArt="8" KundStatus="3" KundAufDat="2001-10-22"/>
  <Kunden KundenNr="11137" KundEigtNr="11666" KundArt="2" KundStatus="3" KundAufDat="2001-10-22"/>
  <Kunden KundenNr="11138" KundEigtNr="11667" KundArt="2" KundStatus="3" KundAufDat="2001-10-22"/>
  <Kunden KundenNr="11139" KundEigtNr="11668" KundArt="8" KundStatus="3" KundAufDat="2001-10-22"/>
  <Kunden KundenNr="11140" KundEigtNr="11669" KundArt="2" KundStatus="3" KundAufDat="2001-10-22"/>
  <Kunden KundenNr="11141" KundEigtNr="11670" KundArt="2" KundStatus="3" KundAufDat="2001-10-22"/>
  <Kunden KundenNr="11142" KundEigtNr="11671" KundArt="2" KundStatus="3" KundAufDat="2001-10-22"/>
  <Kunden KundenNr="11144" KundEigtNr="20519" KundArt="29" KundStatus="1" KundAufDat="2001-10-23"/>
  <Kunden KundenNr="11145" KundEigtNr="11656" KundArt="29" KundStatus="1" KundAufDat="2001-10-23"/>
  <Kunden KundenNr="11146" KundEigtNr="11699" KundArt="29" KundStatus="1" KundAufDat="2001-10-23"/>
  <Kunden KundenNr="11147" KundEigtNr="11700" KundArt="2" KundStatus="3" KundAufDat="2001-10-23"/>
  <Kunden KundenNr="11148" KundEigtNr="11701" KundArt="2" KundStatus="3" KundAufDat="2001-10-23"/>
  <Kunden KundenNr="11149" KundEigtNr="11702" KundArt="8" KundStatus="3" KundAufDat="2001-10-23"/>
  <Kunden KundenNr="11150" KundEigtNr="11703" KundArt="8" KundStatus="3" KundAufDat="2001-10-23"/>
  <Kunden KundenNr="11151" KundEigtNr="11704" KundArt="2" KundStatus="3" KundAufDat="2001-10-24"/>
  <Kunden KundenNr="11152" KundEigtNr="11705" KundArt="8" KundStatus="3" KundAufDat="2001-10-24"/>
  <Kunden KundenNr="11153" KundEigtNr="11706" KundArt="8" KundStatus="3" KundAufDat="2001-10-24"/>
  <Kunden KundenNr="11154" KundEigtNr="11707" KundArt="8" KundStatus="3" KundAufDat="2001-10-24"/>
  <Kunden KundenNr="11155" KundEigtNr="11708" KundArt="8" KundStatus="3" KundAufDat="2001-10-24"/>
  <Kunden KundenNr="11156" KundEigtNr="11709" KundArt="8" KundStatus="3" KundAufDat="2001-10-24"/>
  <Kunden KundenNr="11157" KundEigtNr="11710" KundArt="8" KundStatus="3" KundAufDat="2001-10-24"/>
  <Kunden KundenNr="11158" KundEigtNr="11721" KundArt="2" KundStatus="3" KundAufDat="2001-10-25"/>
  <Kunden KundenNr="11159" KundEigtNr="11722" KundArt="2" KundStatus="3" KundAufDat="2001-10-25"/>
  <Kunden KundenNr="11160" KundEigtNr="11723" KundArt="8" KundStatus="3" KundAufDat="2001-10-25"/>
  <Kunden KundenNr="11161" KundEigtNr="11724" KundArt="8" KundStatus="3" KundAufDat="2001-10-25"/>
  <Kunden KundenNr="11162" KundEigtNr="11725" KundArt="8" KundStatus="3" KundAufDat="2001-10-25"/>
  <Kunden KundenNr="11163" KundEigtNr="11727" KundArt="8" KundStatus="3" KundAufDat="2001-10-26"/>
  <Kunden KundenNr="11164" KundEigtNr="11728" KundArt="8" KundStatus="3" KundAufDat="2001-10-26"/>
  <Kunden KundenNr="11165" KundEigtNr="11731" KundArt="8" KundStatus="3" KundAufDat="2001-10-26"/>
  <Kunden KundenNr="11166" KundEigtNr="11732" KundArt="2" KundStatus="3" KundAufDat="2001-10-26"/>
  <Kunden KundenNr="11167" KundEigtNr="11676" KundArt="29" KundStatus="1" KundAufDat="2001-10-26"/>
  <Kunden KundenNr="11168" KundEigtNr="11734" KundArt="8" KundStatus="3" KundAufDat="2001-10-29"/>
  <Kunden KundenNr="11169" KundEigtNr="11735" KundArt="8" KundStatus="3" KundAufDat="2001-10-29"/>
  <Kunden KundenNr="11170" KundEigtNr="11674" KundArt="29" KundStatus="1" KundAufDat="2001-10-30"/>
  <Kunden KundenNr="11171" KundEigtNr="11737" KundArt="8" KundStatus="3" KundAufDat="2001-10-30"/>
  <Kunden KundenNr="11172" KundEigtNr="11738" KundArt="8" KundStatus="3" KundAufDat="2001-10-30"/>
  <Kunden KundenNr="11173" KundEigtNr="11739" KundArt="8" KundStatus="3" KundAufDat="2001-10-30"/>
  <Kunden KundenNr="11174" KundEigtNr="11740" KundArt="2" KundStatus="3" KundAufDat="2001-10-30"/>
  <Kunden KundenNr="11175" KundEigtNr="11741" KundArt="8" KundStatus="3" KundAufDat="2001-10-30"/>
  <Kunden KundenNr="11176" KundEigtNr="11742" KundArt="29" KundStatus="1" KundAufDat="2001-10-30"/>
  <Kunden KundenNr="11177" KundEigtNr="11743" KundArt="1" KundStatus="3" KundAufDat="2001-10-31"/>
  <Kunden KundenNr="11178" KundEigtNr="11746" KundArt="8" KundStatus="3" KundAufDat="2001-10-31"/>
  <Kunden KundenNr="11180" KundEigtNr="11748" KundArt="8" KundStatus="3" KundAufDat="2001-10-31"/>
  <Kunden KundenNr="11181" KundEigtNr="11749" KundArt="29" KundStatus="3" KundAufDat="2001-11-02"/>
  <Kunden KundenNr="11182" KundEigtNr="11750" KundArt="8" KundStatus="3" KundAufDat="2001-11-02"/>
  <Kunden KundenNr="11183" KundEigtNr="11751" KundArt="8" KundStatus="3" KundAufDat="2001-11-02"/>
  <Kunden KundenNr="11184" KundEigtNr="11752" KundArt="2" KundStatus="3" KundAufDat="2001-11-02"/>
  <Kunden KundenNr="11188" KundEigtNr="11691" KundArt="29" KundStatus="1" KundAufDat="2001-10-28"/>
  <Kunden KundenNr="11189" KundEigtNr="11753" KundArt="2" KundStatus="3" KundAufDat="2001-11-02"/>
  <Kunden KundenNr="11190" KundEigtNr="11698" KundArt="2" KundStatus="3" KundAufDat="2001-11-02"/>
  <Kunden KundenNr="11191" KundEigtNr="11754" KundArt="2" KundStatus="3" KundAufDat="2001-11-02"/>
  <Kunden KundenNr="11192" KundEigtNr="11755" KundArt="2" KundStatus="3" KundAufDat="2001-11-02"/>
  <Kunden KundenNr="11193" KundEigtNr="11384" KundArt="8" KundStatus="3" KundAufDat="2001-11-05"/>
  <Kunden KundenNr="11194" KundEigtNr="11768" KundArt="2" KundStatus="3" KundAufDat="2001-11-05"/>
  <Kunden KundenNr="11195" KundEigtNr="11769" KundArt="2" KundStatus="3" KundAufDat="2001-11-05"/>
  <Kunden KundenNr="11196" KundEigtNr="11770" KundArt="2" KundStatus="3" KundAufDat="2001-11-05"/>
  <Kunden KundenNr="11197" KundEigtNr="11771" KundArt="8" KundStatus="3" KundAufDat="2001-11-05"/>
  <Kunden KundenNr="11198" KundEigtNr="11772" KundArt="8" KundStatus="3" KundAufDat="2001-11-05"/>
  <Kunden KundenNr="11199" KundEigtNr="11773" KundArt="8" KundStatus="3" KundAufDat="2001-11-05"/>
  <Kunden KundenNr="11200" KundEigtNr="11775" KundArt="2" KundStatus="3" KundAufDat="2001-11-05"/>
  <Kunden KundenNr="11201" KundEigtNr="11776" KundArt="2" KundStatus="3" KundAufDat="2001-11-06"/>
  <Kunden KundenNr="11202" KundEigtNr="11777" KundArt="8" KundStatus="3" KundAufDat="2001-11-06"/>
  <Kunden KundenNr="11203" KundEigtNr="11778" KundArt="8" KundStatus="3" KundAufDat="2001-11-06"/>
  <Kunden KundenNr="11204" KundEigtNr="11779" KundArt="2" KundStatus="3" KundAufDat="2001-11-06"/>
  <Kunden KundenNr="11205" KundEigtNr="11780" KundArt="2" KundStatus="3" KundAufDat="2001-11-06"/>
  <Kunden KundenNr="11206" KundEigtNr="11781" KundArt="8" KundStatus="3" KundAufDat="2001-11-07"/>
  <Kunden KundenNr="11207" KundEigtNr="11782" KundArt="2" KundStatus="3" KundAufDat="2001-11-07"/>
  <Kunden KundenNr="11208" KundEigtNr="11744" KundArt="29" KundStatus="1" KundAufDat="2001-11-08"/>
  <Kunden KundenNr="11209" KundEigtNr="11783" KundArt="29" KundStatus="1" KundAufDat="2001-11-09"/>
  <Kunden KundenNr="11210" KundEigtNr="11784" KundArt="8" KundStatus="3" KundAufDat="2001-11-09"/>
  <Kunden KundenNr="11211" KundEigtNr="11785" KundArt="8" KundStatus="3" KundAufDat="2001-11-09"/>
  <Kunden KundenNr="11212" KundEigtNr="11786" KundArt="8" KundStatus="3" KundAufDat="2001-11-09"/>
  <Kunden KundenNr="11213" KundEigtNr="11787" KundArt="8" KundStatus="3" KundAufDat="2001-11-09"/>
  <Kunden KundenNr="11214" KundEigtNr="11767" KundArt="29" KundStatus="1" KundAufDat="2001-11-09"/>
  <Kunden KundenNr="11215" KundEigtNr="11804" KundArt="2" KundStatus="3" KundAufDat="2001-11-12"/>
  <Kunden KundenNr="11216" KundEigtNr="11805" KundArt="2" KundStatus="3" KundAufDat="2001-11-12"/>
  <Kunden KundenNr="11217" KundEigtNr="11806" KundArt="8" KundStatus="3" KundAufDat="2001-11-12"/>
  <Kunden KundenNr="11218" KundEigtNr="11807" KundArt="8" KundStatus="3" KundAufDat="2001-11-12"/>
  <Kunden KundenNr="11219" KundEigtNr="11808" KundArt="8" KundStatus="3" KundAufDat="2001-11-12"/>
  <Kunden KundenNr="11220" KundEigtNr="11809" KundArt="8" KundStatus="3" KundAufDat="2001-11-12"/>
  <Kunden KundenNr="11221" KundEigtNr="11810" KundArt="8" KundStatus="3" KundAufDat="2001-11-12"/>
  <Kunden KundenNr="11223" KundEigtNr="11812" KundArt="2" KundStatus="3" KundAufDat="2001-11-12"/>
  <Kunden KundenNr="11224" KundEigtNr="11814" KundArt="29" KundStatus="1" KundAufDat="2001-11-12"/>
  <Kunden KundenNr="11225" KundEigtNr="11815" KundArt="8" KundStatus="3" KundAufDat="2001-11-12"/>
  <Kunden KundenNr="11226" KundEigtNr="11817" KundArt="8" KundStatus="3" KundAufDat="2001-11-13"/>
  <Kunden KundenNr="11227" KundEigtNr="11818" KundArt="8" KundStatus="3" KundAufDat="2001-11-13"/>
  <Kunden KundenNr="11228" KundEigtNr="11819" KundArt="8" KundStatus="3" KundAufDat="2001-11-13"/>
  <Kunden KundenNr="11229" KundEigtNr="11820" KundArt="8" KundStatus="3" KundAufDat="2001-11-13"/>
  <Kunden KundenNr="11230" KundEigtNr="11833" KundArt="8" KundStatus="3" KundAufDat="2001-11-13"/>
  <Kunden KundenNr="11231" KundEigtNr="11834" KundArt="8" KundStatus="3" KundAufDat="2001-11-13"/>
  <Kunden KundenNr="11232" KundEigtNr="11835" KundArt="8" KundStatus="3" KundAufDat="2001-11-14"/>
  <Kunden KundenNr="11233" KundEigtNr="11836" KundArt="8" KundStatus="3" KundAufDat="2001-11-14"/>
  <Kunden KundenNr="11234" KundEigtNr="11626" KundArt="29" KundStatus="1" KundAufDat="2001-11-14"/>
  <Kunden KundenNr="11235" KundEigtNr="11838" KundArt="1" KundStatus="3" KundAufDat="2001-11-14"/>
  <Kunden KundenNr="11236" KundEigtNr="11840" KundArt="8" KundStatus="1" KundAufDat="2001-11-15"/>
  <Kunden KundenNr="11237" KundEigtNr="11841" KundArt="8" KundStatus="3" KundAufDat="2001-11-15"/>
  <Kunden KundenNr="11238" KundEigtNr="11842" KundArt="8" KundStatus="3" KundAufDat="2001-11-15"/>
  <Kunden KundenNr="11239" KundEigtNr="11843" KundArt="8" KundStatus="3" KundAufDat="2001-11-15"/>
  <Kunden KundenNr="11240" KundEigtNr="11844" KundArt="1" KundStatus="3" KundAufDat="2001-11-15"/>
  <Kunden KundenNr="11241" KundEigtNr="11762" KundArt="29" KundStatus="1" KundAufDat="2001-11-15"/>
  <Kunden KundenNr="11242" KundEigtNr="11795" KundArt="29" KundStatus="1" KundAufDat="2001-11-16"/>
  <Kunden KundenNr="11243" KundEigtNr="11845" KundArt="2" KundStatus="3" KundAufDat="2001-11-16"/>
  <Kunden KundenNr="11244" KundEigtNr="11846" KundArt="8" KundStatus="3" KundAufDat="2001-11-16"/>
  <Kunden KundenNr="11246" KundEigtNr="11847" KundArt="14" KundStatus="3" KundAufDat="2001-11-19"/>
  <Kunden KundenNr="11247" KundEigtNr="11848" KundArt="8" KundStatus="3" KundAufDat="2001-11-19"/>
  <Kunden KundenNr="11248" KundEigtNr="11849" KundArt="8" KundStatus="3" KundAufDat="2001-11-19"/>
  <Kunden KundenNr="11249" KundEigtNr="5624" KundArt="29" KundStatus="1" KundAufDat="2001-11-19"/>
  <Kunden KundenNr="11250" KundEigtNr="11851" KundArt="2" KundStatus="3" KundAufDat="2001-11-19"/>
  <Kunden KundenNr="11252" KundEigtNr="11852" KundArt="8" KundStatus="3" KundAufDat="2001-11-20"/>
  <Kunden KundenNr="11253" KundEigtNr="11853" KundArt="8" KundStatus="3" KundAufDat="2001-11-20"/>
  <Kunden KundenNr="11254" KundEigtNr="11854" KundArt="8" KundStatus="3" KundAufDat="2001-11-20"/>
  <Kunden KundenNr="11255" KundEigtNr="11856" KundArt="2" KundStatus="3" KundAufDat="2001-11-21"/>
  <Kunden KundenNr="11256" KundEigtNr="11859" KundArt="8" KundStatus="3" KundAufDat="2001-11-21"/>
  <Kunden KundenNr="11257" KundEigtNr="11860" KundArt="8" KundStatus="3" KundAufDat="2001-11-21"/>
  <Kunden KundenNr="11258" KundEigtNr="11861" KundArt="2" KundStatus="3" KundAufDat="2001-11-21"/>
  <Kunden KundenNr="11259" KundEigtNr="11871" KundArt="8" KundStatus="3" KundAufDat="2001-11-21"/>
  <Kunden KundenNr="11260" KundEigtNr="11883" KundArt="8" KundStatus="3" KundAufDat="2001-11-22"/>
  <Kunden KundenNr="11261" KundEigtNr="11884" KundArt="1" KundStatus="3" KundAufDat="2001-11-22"/>
  <Kunden KundenNr="11262" KundEigtNr="11885" KundArt="2" KundStatus="3" KundAufDat="2001-11-22"/>
  <Kunden KundenNr="11263" KundEigtNr="11886" KundArt="8" KundStatus="3" KundAufDat="2001-11-22"/>
  <Kunden KundenNr="11264" KundEigtNr="11887" KundArt="8" KundStatus="3" KundAufDat="2001-11-22"/>
  <Kunden KundenNr="11265" KundEigtNr="11888" KundArt="8" KundStatus="3" KundAufDat="2001-11-22"/>
  <Kunden KundenNr="11266" KundEigtNr="11889" KundArt="8" KundStatus="3" KundAufDat="2001-11-22"/>
  <Kunden KundenNr="11267" KundEigtNr="11890" KundArt="29" KundStatus="1" KundAufDat="2001-11-22"/>
  <Kunden KundenNr="11268" KundEigtNr="11891" KundArt="29" KundStatus="1" KundAufDat="2001-11-23"/>
  <Kunden KundenNr="11269" KundEigtNr="11788" KundArt="29" KundStatus="1" KundAufDat="2001-11-23"/>
  <Kunden KundenNr="11270" KundEigtNr="11794" KundArt="29" KundStatus="1" KundAufDat="2001-11-23"/>
  <Kunden KundenNr="11271" KundEigtNr="11892" KundArt="29" KundStatus="1" KundAufDat="2001-11-23"/>
  <Kunden KundenNr="11273" KundEigtNr="11648" KundArt="29" KundStatus="1" KundAufDat="2001-11-23"/>
  <Kunden KundenNr="11276" KundEigtNr="11896" KundArt="8" KundStatus="3" KundAufDat="2001-11-24"/>
  <Kunden KundenNr="11277" KundEigtNr="11897" KundArt="2" KundStatus="3" KundAufDat="2001-11-24"/>
  <Kunden KundenNr="11278" KundEigtNr="11898" KundArt="2" KundStatus="3" KundAufDat="2001-11-26"/>
  <Kunden KundenNr="11279" KundEigtNr="11899" KundArt="8" KundStatus="3" KundAufDat="2001-11-26"/>
  <Kunden KundenNr="11280" KundEigtNr="11900" KundArt="8" KundStatus="3" KundAufDat="2001-11-26"/>
  <Kunden KundenNr="11281" KundEigtNr="11901" KundArt="29" KundStatus="1" KundAufDat="2001-11-26"/>
  <Kunden KundenNr="11282" KundEigtNr="11902" KundArt="8" KundStatus="3" KundAufDat="2001-11-26"/>
  <Kunden KundenNr="11283" KundEigtNr="11903" KundArt="2" KundStatus="3" KundAufDat="2001-11-27"/>
  <Kunden KundenNr="11284" KundEigtNr="11904" KundArt="2" KundStatus="3" KundAufDat="2001-11-27"/>
  <Kunden KundenNr="11285" KundEigtNr="11905" KundArt="2" KundStatus="3" KundAufDat="2001-11-27"/>
  <Kunden KundenNr="11286" KundEigtNr="11919" KundArt="8" KundStatus="3" KundAufDat="2001-11-27"/>
  <Kunden KundenNr="11287" KundEigtNr="11920" KundArt="2" KundStatus="3" KundAufDat="2001-11-27"/>
  <Kunden KundenNr="11288" KundEigtNr="11921" KundArt="8" KundStatus="3" KundAufDat="2001-11-27"/>
  <Kunden KundenNr="11289" KundEigtNr="11922" KundArt="2" KundStatus="3" KundAufDat="2001-11-27"/>
  <Kunden KundenNr="11290" KundEigtNr="11682" KundArt="29" KundStatus="1" KundAufDat="2001-11-27"/>
  <Kunden KundenNr="11291" KundEigtNr="11923" KundArt="8" KundStatus="3" KundAufDat="2001-11-28"/>
  <Kunden KundenNr="11292" KundEigtNr="11924" KundArt="8" KundStatus="3" KundAufDat="2001-11-28"/>
  <Kunden KundenNr="11293" KundEigtNr="11759" KundArt="29" KundStatus="1" KundAufDat="2001-11-28"/>
  <Kunden KundenNr="11294" KundEigtNr="11925" KundArt="8" KundStatus="3" KundAufDat="2001-11-28"/>
  <Kunden KundenNr="11295" KundEigtNr="11926" KundArt="8" KundStatus="1" KundAufDat="2001-11-28"/>
  <Kunden KundenNr="11296" KundEigtNr="11927" KundArt="2" KundStatus="3" KundAufDat="2001-11-28"/>
  <Kunden KundenNr="11297" KundEigtNr="11928" KundArt="8" KundStatus="3" KundAufDat="2001-11-29"/>
  <Kunden KundenNr="11298" KundEigtNr="11929" KundArt="1" KundStatus="3" KundAufDat="2001-11-30"/>
  <Kunden KundenNr="11299" KundEigtNr="11930" KundArt="2" KundStatus="3" KundAufDat="2001-11-30"/>
  <Kunden KundenNr="11300" KundEigtNr="11933" KundArt="8" KundStatus="3" KundAufDat="2001-12-03"/>
  <Kunden KundenNr="11301" KundEigtNr="11934" KundArt="8" KundStatus="3" KundAufDat="2001-12-03"/>
  <Kunden KundenNr="11302" KundEigtNr="11935" KundArt="8" KundStatus="3" KundAufDat="2001-12-03"/>
  <Kunden KundenNr="11303" KundEigtNr="11936" KundArt="8" KundStatus="3" KundAufDat="2001-12-03"/>
  <Kunden KundenNr="11304" KundEigtNr="11937" KundArt="1" KundStatus="3" KundAufDat="2001-12-03"/>
  <Kunden KundenNr="11305" KundEigtNr="11597" KundArt="29" KundStatus="1" KundAufDat="2001-12-03"/>
  <Kunden KundenNr="11306" KundEigtNr="11938" KundArt="8" KundStatus="3" KundAufDat="2001-12-03"/>
  <Kunden KundenNr="11307" KundEigtNr="11940" KundArt="8" KundStatus="3" KundAufDat="2001-12-03"/>
  <Kunden KundenNr="11308" KundEigtNr="11950" KundArt="2" KundStatus="3" KundAufDat="2001-12-04"/>
  <Kunden KundenNr="11309" KundEigtNr="11951" KundArt="8" KundStatus="3" KundAufDat="2001-12-04"/>
  <Kunden KundenNr="11310" KundEigtNr="11952" KundArt="8" KundStatus="1" KundAufDat="2001-12-04"/>
  <Kunden KundenNr="11311" KundEigtNr="11953" KundArt="8" KundStatus="3" KundAufDat="2001-12-04"/>
  <Kunden KundenNr="11312" KundEigtNr="11959" KundArt="29" KundStatus="1" KundAufDat="2001-12-04"/>
  <Kunden KundenNr="11313" KundEigtNr="11906" KundArt="29" KundStatus="1" KundAufDat="2001-12-04"/>
  <Kunden KundenNr="11314" KundEigtNr="11659" KundArt="29" KundStatus="1" KundAufDat="2001-12-04"/>
  <Kunden KundenNr="11315" KundEigtNr="11968" KundArt="8" KundStatus="3" KundAufDat="2001-12-05"/>
  <Kunden KundenNr="11316" KundEigtNr="11969" KundArt="8" KundStatus="3" KundAufDat="2001-12-05"/>
  <Kunden KundenNr="11317" KundEigtNr="11970" KundArt="8" KundStatus="3" KundAufDat="2001-12-05"/>
  <Kunden KundenNr="11318" KundEigtNr="11971" KundArt="29" KundStatus="1" KundAufDat="2001-12-05"/>
  <Kunden KundenNr="11319" KundEigtNr="11655" KundArt="29" KundStatus="1" KundAufDat="2001-12-05"/>
  <Kunden KundenNr="11320" KundEigtNr="11990" KundArt="1" KundStatus="3" KundAufDat="2001-12-06"/>
  <Kunden KundenNr="11321" KundEigtNr="11991" KundArt="8" KundStatus="3" KundAufDat="2001-12-06"/>
  <Kunden KundenNr="11322" KundEigtNr="8399" KundArt="8" KundStatus="3" KundAufDat="2001-12-06"/>
  <Kunden KundenNr="11323" KundEigtNr="11992" KundArt="2" KundStatus="3" KundAufDat="2001-12-06"/>
  <Kunden KundenNr="11324" KundEigtNr="11993" KundArt="8" KundStatus="3" KundAufDat="2001-12-06"/>
  <Kunden KundenNr="11325" KundEigtNr="11995" KundArt="8" KundStatus="3" KundAufDat="2001-12-07"/>
  <Kunden KundenNr="11326" KundEigtNr="11996" KundArt="8" KundStatus="3" KundAufDat="2001-12-07"/>
  <Kunden KundenNr="11327" KundEigtNr="11997" KundArt="2" KundStatus="3" KundAufDat="2001-12-08"/>
  <Kunden KundenNr="11328" KundEigtNr="11998" KundArt="2" KundStatus="3" KundAufDat="2001-12-10"/>
  <Kunden KundenNr="11329" KundEigtNr="11999" KundArt="2" KundStatus="3" KundAufDat="2001-12-10"/>
  <Kunden KundenNr="11330" KundEigtNr="12000" KundArt="2" KundStatus="3" KundAufDat="2001-12-10"/>
  <Kunden KundenNr="11331" KundEigtNr="12001" KundArt="2" KundStatus="3" KundAufDat="2001-12-10"/>
  <Kunden KundenNr="11332" KundEigtNr="12002" KundArt="2" KundStatus="3" KundAufDat="2001-12-10"/>
  <Kunden KundenNr="11333" KundEigtNr="12003" KundArt="8" KundStatus="1" KundAufDat="2001-12-10"/>
  <Kunden KundenNr="11334" KundEigtNr="12004" KundArt="8" KundStatus="3" KundAufDat="2001-12-10"/>
  <Kunden KundenNr="11335" KundEigtNr="12005" KundArt="8" KundStatus="3" KundAufDat="2001-12-10"/>
  <Kunden KundenNr="11336" KundEigtNr="11761" KundArt="29" KundStatus="1" KundAufDat="2001-12-10"/>
  <Kunden KundenNr="11337" KundEigtNr="12006" KundArt="8" KundStatus="3" KundAufDat="2001-12-10"/>
  <Kunden KundenNr="11338" KundEigtNr="12007" KundArt="8" KundStatus="3" KundAufDat="2001-12-10"/>
  <Kunden KundenNr="11339" KundEigtNr="12008" KundArt="8" KundStatus="3" KundAufDat="2001-12-10"/>
  <Kunden KundenNr="11340" KundEigtNr="12013" KundArt="2" KundStatus="3" KundAufDat="2001-12-11"/>
  <Kunden KundenNr="11341" KundEigtNr="12017" KundArt="8" KundStatus="1" KundAufDat="2001-12-11"/>
  <Kunden KundenNr="11342" KundEigtNr="12018" KundArt="2" KundStatus="3" KundAufDat="2001-12-11"/>
  <Kunden KundenNr="11343" KundEigtNr="12019" KundArt="8" KundStatus="3" KundAufDat="2001-12-11"/>
  <Kunden KundenNr="11345" KundEigtNr="12021" KundArt="2" KundStatus="3" KundAufDat="2001-12-11"/>
  <Kunden KundenNr="11346" KundEigtNr="12022" KundArt="8" KundStatus="3" KundAufDat="2001-12-11"/>
  <Kunden KundenNr="11347" KundEigtNr="12023" KundArt="8" KundStatus="1" KundAufDat="2001-12-11"/>
  <Kunden KundenNr="11348" KundEigtNr="12024" KundArt="2" KundStatus="3" KundAufDat="2001-12-12"/>
  <Kunden KundenNr="11349" KundEigtNr="12025" KundArt="8" KundStatus="3" KundAufDat="2001-12-12"/>
  <Kunden KundenNr="11350" KundEigtNr="12027" KundArt="2" KundStatus="3" KundAufDat="2001-12-13"/>
  <Kunden KundenNr="11351" KundEigtNr="12028" KundArt="8" KundStatus="3" KundAufDat="2001-12-13"/>
  <Kunden KundenNr="11352" KundEigtNr="12029" KundArt="2" KundStatus="3" KundAufDat="2001-12-13"/>
  <Kunden KundenNr="11353" KundEigtNr="12030" KundArt="8" KundStatus="3" KundAufDat="2001-12-13"/>
  <Kunden KundenNr="11354" KundEigtNr="12031" KundArt="2" KundStatus="3" KundAufDat="2001-12-13"/>
  <Kunden KundenNr="11355" KundEigtNr="12032" KundArt="2" KundStatus="3" KundAufDat="2001-12-13"/>
  <Kunden KundenNr="11356" KundEigtNr="12033" KundArt="16" KundStatus="1" KundAufDat="2001-12-13"/>
  <Kunden KundenNr="11357" KundEigtNr="12034" KundArt="8" KundStatus="3" KundAufDat="2001-12-14"/>
  <Kunden KundenNr="11358" KundEigtNr="12035" KundArt="8" KundStatus="3" KundAufDat="2001-12-14"/>
  <Kunden KundenNr="11359" KundEigtNr="12036" KundArt="8" KundStatus="3" KundAufDat="2001-12-14"/>
  <Kunden KundenNr="11360" KundEigtNr="12037" KundArt="8" KundStatus="3" KundAufDat="2001-12-14"/>
  <Kunden KundenNr="11361" KundEigtNr="11801" KundArt="29" KundStatus="1" KundAufDat="2001-12-14"/>
  <Kunden KundenNr="11362" KundEigtNr="12038" KundArt="8" KundStatus="3" KundAufDat="2001-12-14"/>
  <Kunden KundenNr="11363" KundEigtNr="12039" KundArt="8" KundStatus="3" KundAufDat="2001-12-14"/>
  <Kunden KundenNr="11364" KundEigtNr="12040" KundArt="2" KundStatus="3" KundAufDat="2001-12-15"/>
  <Kunden KundenNr="11365" KundEigtNr="12041" KundArt="1" KundStatus="3" KundAufDat="2001-12-17"/>
  <Kunden KundenNr="11366" KundEigtNr="12042" KundArt="8" KundStatus="3" KundAufDat="2001-12-17"/>
  <Kunden KundenNr="11367" KundEigtNr="12043" KundArt="8" KundStatus="3" KundAufDat="2001-12-17"/>
  <Kunden KundenNr="11368" KundEigtNr="12044" KundArt="8" KundStatus="3" KundAufDat="2001-12-17"/>
  <Kunden KundenNr="11369" KundEigtNr="12045" KundArt="8" KundStatus="3" KundAufDat="2001-12-17"/>
  <Kunden KundenNr="11370" KundEigtNr="12046" KundArt="8" KundStatus="3" KundAufDat="2001-12-17"/>
  <Kunden KundenNr="11371" KundEigtNr="12047" KundArt="1" KundStatus="1" KundAufDat="2001-12-17"/>
  <Kunden KundenNr="11372" KundEigtNr="12048" KundArt="8" KundStatus="3" KundAufDat="2001-12-18"/>
  <Kunden KundenNr="11373" KundEigtNr="12049" KundArt="2" KundStatus="3" KundAufDat="2001-12-18"/>
  <Kunden KundenNr="11374" KundEigtNr="12050" KundArt="2" KundStatus="3" KundAufDat="2001-12-18"/>
  <Kunden KundenNr="11375" KundEigtNr="12051" KundArt="1" KundStatus="3" KundAufDat="2001-12-19"/>
  <Kunden KundenNr="11376" KundEigtNr="12052" KundArt="8" KundStatus="3" KundAufDat="2001-12-19"/>
  <Kunden KundenNr="11377" KundEigtNr="12053" KundArt="29" KundStatus="1" KundAufDat="2001-12-19"/>
  <Kunden KundenNr="11378" KundEigtNr="12054" KundArt="2" KundStatus="3" KundAufDat="2001-12-19"/>
  <Kunden KundenNr="11379" KundEigtNr="12055" KundArt="1" KundStatus="3" KundAufDat="2001-12-19"/>
  <Kunden KundenNr="11380" KundEigtNr="11123" KundArt="29" KundStatus="1" KundAufDat="2001-12-20"/>
  <Kunden KundenNr="11381" KundEigtNr="12056" KundArt="8" KundStatus="3" KundAufDat="2001-12-20"/>
  <Kunden KundenNr="11382" KundEigtNr="12057" KundArt="8" KundStatus="3" KundAufDat="2001-12-20"/>
  <Kunden KundenNr="11383" KundEigtNr="12058" KundArt="8" KundStatus="3" KundAufDat="2001-12-20"/>
  <Kunden KundenNr="11384" KundEigtNr="12059" KundArt="29" KundStatus="1" KundAufDat="2001-12-20"/>
  <Kunden KundenNr="11385" KundEigtNr="12060" KundArt="2" KundStatus="3" KundAufDat="2001-12-21"/>
  <Kunden KundenNr="11386" KundEigtNr="12061" KundArt="2" KundStatus="3" KundAufDat="2001-12-21"/>
  <Kunden KundenNr="11387" KundEigtNr="12062" KundArt="8" KundStatus="3" KundAufDat="2002-01-02"/>
  <Kunden KundenNr="11388" KundEigtNr="12063" KundArt="8" KundStatus="3" KundAufDat="2002-01-02"/>
  <Kunden KundenNr="11389" KundEigtNr="12064" KundArt="8" KundStatus="3" KundAufDat="2002-01-02"/>
  <Kunden KundenNr="11390" KundEigtNr="12065" KundArt="8" KundStatus="3" KundAufDat="2002-01-03"/>
  <Kunden KundenNr="11391" KundEigtNr="12066" KundArt="8" KundStatus="3" KundAufDat="2002-01-03"/>
  <Kunden KundenNr="11392" KundEigtNr="12067" KundArt="8" KundStatus="3" KundAufDat="2002-01-03"/>
  <Kunden KundenNr="11393" KundEigtNr="12068" KundArt="8" KundStatus="3" KundAufDat="2002-01-03"/>
  <Kunden KundenNr="11394" KundEigtNr="12047" KundArt="8" KundStatus="3" KundAufDat="2002-01-03"/>
  <Kunden KundenNr="11395" KundEigtNr="12069" KundArt="8" KundStatus="3" KundAufDat="2002-01-03"/>
  <Kunden KundenNr="11396" KundEigtNr="12070" KundArt="8" KundStatus="3" KundAufDat="2002-01-04"/>
  <Kunden KundenNr="11397" KundEigtNr="12071" KundArt="2" KundStatus="3" KundAufDat="2002-01-04"/>
  <Kunden KundenNr="11398" KundEigtNr="12072" KundArt="2" KundStatus="3" KundAufDat="2002-01-04"/>
  <Kunden KundenNr="11399" KundEigtNr="12073" KundArt="2" KundStatus="1" KundAufDat="2002-01-04"/>
  <Kunden KundenNr="11400" KundEigtNr="12074" KundArt="1" KundStatus="3" KundAufDat="2002-01-04"/>
  <Kunden KundenNr="11401" KundEigtNr="12075" KundArt="2" KundStatus="3" KundAufDat="2002-01-04"/>
  <Kunden KundenNr="11402" KundEigtNr="12076" KundArt="2" KundStatus="3" KundAufDat="2002-01-04"/>
  <Kunden KundenNr="11403" KundEigtNr="12077" KundArt="2" KundStatus="3" KundAufDat="2002-01-07"/>
  <Kunden KundenNr="11404" KundEigtNr="11085" KundArt="8" KundStatus="3" KundAufDat="2002-01-07"/>
  <Kunden KundenNr="11405" KundEigtNr="12078" KundArt="2" KundStatus="3" KundAufDat="2002-01-07"/>
  <Kunden KundenNr="11406" KundEigtNr="12079" KundArt="2" KundStatus="3" KundAufDat="2002-01-07"/>
  <Kunden KundenNr="11407" KundEigtNr="12080" KundArt="2" KundStatus="3" KundAufDat="2002-01-07"/>
  <Kunden KundenNr="11408" KundEigtNr="12081" KundArt="8" KundStatus="3" KundAufDat="2002-01-07"/>
  <Kunden KundenNr="11409" KundEigtNr="11976" KundArt="29" KundStatus="1" KundAufDat="2002-01-07"/>
  <Kunden KundenNr="11410" KundEigtNr="12026" KundArt="29" KundStatus="1" KundAufDat="2002-01-07"/>
  <Kunden KundenNr="11411" KundEigtNr="12082" KundArt="8" KundStatus="3" KundAufDat="2002-01-07"/>
  <Kunden KundenNr="11412" KundEigtNr="12075" KundArt="8" KundStatus="3" KundAufDat="2002-01-07"/>
  <Kunden KundenNr="11413" KundEigtNr="12083" KundArt="8" KundStatus="3" KundAufDat="2002-01-07"/>
  <Kunden KundenNr="11414" KundEigtNr="12084" KundArt="8" KundStatus="3" KundAufDat="2002-01-07"/>
  <Kunden KundenNr="11415" KundEigtNr="12085" KundArt="8" KundStatus="3" KundAufDat="2002-01-07"/>
  <Kunden KundenNr="11416" KundEigtNr="8593" KundArt="29" KundStatus="1" KundAufDat="2002-01-07"/>
  <Kunden KundenNr="11417" KundEigtNr="12086" KundArt="8" KundStatus="3" KundAufDat="2002-01-07"/>
  <Kunden KundenNr="11418" KundEigtNr="12087" KundArt="2" KundStatus="3" KundAufDat="2002-01-07"/>
  <Kunden KundenNr="11419" KundEigtNr="11869" KundArt="29" KundStatus="1" KundAufDat="2002-01-07"/>
  <Kunden KundenNr="11420" KundEigtNr="12088" KundArt="8" KundStatus="3" KundAufDat="2002-01-08"/>
  <Kunden KundenNr="11421" KundEigtNr="12089" KundArt="8" KundStatus="3" KundAufDat="2002-01-08"/>
  <Kunden KundenNr="11422" KundEigtNr="6903" KundArt="8" KundStatus="3" KundAufDat="2002-01-08"/>
  <Kunden KundenNr="11423" KundEigtNr="12077" KundArt="8" KundStatus="3" KundAufDat="2002-01-08"/>
  <Kunden KundenNr="11424" KundEigtNr="12090" KundArt="2" KundStatus="3" KundAufDat="2002-01-08"/>
  <Kunden KundenNr="11425" KundEigtNr="11911" KundArt="29" KundStatus="1" KundAufDat="2002-01-08"/>
  <Kunden KundenNr="11426" KundEigtNr="12091" KundArt="1" KundStatus="3" KundAufDat="2002-01-09"/>
  <Kunden KundenNr="11427" KundEigtNr="12092" KundArt="8" KundStatus="3" KundAufDat="2002-01-09"/>
  <Kunden KundenNr="11428" KundEigtNr="12093" KundArt="29" KundStatus="1" KundAufDat="2002-01-09"/>
  <Kunden KundenNr="11429" KundEigtNr="12094" KundArt="8" KundStatus="3" KundAufDat="2002-01-09"/>
  <Kunden KundenNr="11430" KundEigtNr="12095" KundArt="8" KundStatus="3" KundAufDat="2002-01-09"/>
  <Kunden KundenNr="11431" KundEigtNr="11837" KundArt="29" KundStatus="1" KundAufDat="2002-01-09"/>
  <Kunden KundenNr="11432" KundEigtNr="12096" KundArt="8" KundStatus="3" KundAufDat="2002-01-10"/>
  <Kunden KundenNr="11433" KundEigtNr="12097" KundArt="8" KundStatus="3" KundAufDat="2002-01-10"/>
  <Kunden KundenNr="11434" KundEigtNr="12098" KundArt="8" KundStatus="3" KundAufDat="2002-01-10"/>
  <Kunden KundenNr="11435" KundEigtNr="12099" KundArt="8" KundStatus="3" KundAufDat="2002-01-10"/>
  <Kunden KundenNr="11436" KundEigtNr="12100" KundArt="8" KundStatus="3" KundAufDat="2002-01-11"/>
  <Kunden KundenNr="11437" KundEigtNr="12101" KundArt="2" KundStatus="1" KundAufDat="2002-01-11"/>
  <Kunden KundenNr="11438" KundEigtNr="12102" KundArt="2" KundStatus="3" KundAufDat="2002-01-11"/>
  <Kunden KundenNr="11439" KundEigtNr="12103" KundArt="8" KundStatus="3" KundAufDat="2002-01-11"/>
  <Kunden KundenNr="11440" KundEigtNr="12104" KundArt="8" KundStatus="3" KundAufDat="2002-01-11"/>
  <Kunden KundenNr="11441" KundEigtNr="12105" KundArt="8" KundStatus="3" KundAufDat="2002-01-11"/>
  <Kunden KundenNr="11442" KundEigtNr="12106" KundArt="29" KundStatus="1" KundAufDat="2002-01-11"/>
  <Kunden KundenNr="11443" KundEigtNr="12107" KundArt="8" KundStatus="3" KundAufDat="2002-01-11"/>
  <Kunden KundenNr="11444" KundEigtNr="28505" KundArt="8" KundStatus="3" KundAufDat="2002-01-11"/>
  <Kunden KundenNr="11445" KundEigtNr="12111" KundArt="8" KundStatus="3" KundAufDat="2002-01-12"/>
  <Kunden KundenNr="11446" KundEigtNr="12112" KundArt="2" KundStatus="3" KundAufDat="2002-01-12"/>
  <Kunden KundenNr="11447" KundEigtNr="12113" KundArt="2" KundStatus="3" KundAufDat="2002-01-12"/>
  <Kunden KundenNr="11448" KundEigtNr="12114" KundArt="2" KundStatus="3" KundAufDat="2002-01-12"/>
  <Kunden KundenNr="11449" KundEigtNr="12115" KundArt="8" KundStatus="3" KundAufDat="2002-01-14"/>
  <Kunden KundenNr="11450" KundEigtNr="12116" KundArt="8" KundStatus="3" KundAufDat="2002-01-14"/>
  <Kunden KundenNr="11451" KundEigtNr="12117" KundArt="8" KundStatus="3" KundAufDat="2002-01-14"/>
  <Kunden KundenNr="11452" KundEigtNr="12118" KundArt="2" KundStatus="3" KundAufDat="2002-01-14"/>
  <Kunden KundenNr="11453" KundEigtNr="12119" KundArt="2" KundStatus="3" KundAufDat="2002-01-14"/>
  <Kunden KundenNr="11455" KundEigtNr="12121" KundArt="8" KundStatus="3" KundAufDat="2002-01-14"/>
  <Kunden KundenNr="11456" KundEigtNr="12122" KundArt="8" KundStatus="3" KundAufDat="2002-01-14"/>
  <Kunden KundenNr="11457" KundEigtNr="12123" KundArt="1" KundStatus="1" KundAufDat="2002-01-14"/>
  <Kunden KundenNr="11458" KundEigtNr="12124" KundArt="2" KundStatus="3" KundAufDat="2002-01-14"/>
  <Kunden KundenNr="11459" KundEigtNr="12125" KundArt="8" KundStatus="3" KundAufDat="2002-01-14"/>
  <Kunden KundenNr="11460" KundEigtNr="12126" KundArt="2" KundStatus="3" KundAufDat="2002-01-14"/>
  <Kunden KundenNr="11461" KundEigtNr="12127" KundArt="2" KundStatus="3" KundAufDat="2002-01-14"/>
  <Kunden KundenNr="11462" KundEigtNr="12128" KundArt="2" KundStatus="3" KundAufDat="2002-01-14"/>
  <Kunden KundenNr="11463" KundEigtNr="11490" KundArt="2" KundStatus="3" KundAufDat="2002-01-14"/>
  <Kunden KundenNr="11464" KundEigtNr="12129" KundArt="2" KundStatus="3" KundAufDat="2002-01-14"/>
  <Kunden KundenNr="11465" KundEigtNr="12130" KundArt="1" KundStatus="3" KundAufDat="2002-01-14"/>
  <Kunden KundenNr="11466" KundEigtNr="12131" KundArt="8" KundStatus="3" KundAufDat="2002-01-14"/>
  <Kunden KundenNr="11467" KundEigtNr="12132" KundArt="2" KundStatus="3" KundAufDat="2002-01-14"/>
  <Kunden KundenNr="11468" KundEigtNr="12133" KundArt="2" KundStatus="3" KundAufDat="2002-01-15"/>
  <Kunden KundenNr="11469" KundEigtNr="12134" KundArt="2" KundStatus="3" KundAufDat="2002-01-15"/>
  <Kunden KundenNr="11470" KundEigtNr="12135" KundArt="8" KundStatus="3" KundAufDat="2002-01-15"/>
  <Kunden KundenNr="11471" KundEigtNr="10764" KundArt="2" KundStatus="3" KundAufDat="2002-01-15"/>
  <Kunden KundenNr="11472" KundEigtNr="12136" KundArt="8" KundStatus="3" KundAufDat="2002-01-15"/>
  <Kunden KundenNr="11473" KundEigtNr="12137" KundArt="8" KundStatus="3" KundAufDat="2002-01-15"/>
  <Kunden KundenNr="11474" KundEigtNr="12138" KundArt="8" KundStatus="3" KundAufDat="2002-01-15"/>
  <Kunden KundenNr="11475" KundEigtNr="12139" KundArt="8" KundStatus="3" KundAufDat="2002-01-16"/>
  <Kunden KundenNr="11476" KundEigtNr="12140" KundArt="2" KundStatus="3" KundAufDat="2002-01-16"/>
  <Kunden KundenNr="11477" KundEigtNr="12141" KundArt="8" KundStatus="3" KundAufDat="2002-01-16"/>
  <Kunden KundenNr="11478" KundEigtNr="12142" KundArt="2" KundStatus="3" KundAufDat="2002-01-16"/>
  <Kunden KundenNr="11479" KundEigtNr="12143" KundArt="8" KundStatus="3" KundAufDat="2002-01-16"/>
  <Kunden KundenNr="11480" KundEigtNr="12144" KundArt="8" KundStatus="3" KundAufDat="2002-01-16"/>
  <Kunden KundenNr="11481" KundEigtNr="12145" KundArt="8" KundStatus="3" KundAufDat="2002-01-16"/>
  <Kunden KundenNr="11482" KundEigtNr="12086" KundArt="2" KundStatus="3" KundAufDat="2002-01-16"/>
  <Kunden KundenNr="11483" KundEigtNr="11011" KundArt="29" KundStatus="1" KundAufDat="2002-01-16"/>
  <Kunden KundenNr="11484" KundEigtNr="10644" KundArt="8" KundStatus="3" KundAufDat="2002-01-17"/>
  <Kunden KundenNr="11485" KundEigtNr="12146" KundArt="8" KundStatus="3" KundAufDat="2002-01-17"/>
  <Kunden KundenNr="11486" KundEigtNr="12147" KundArt="2" KundStatus="3" KundAufDat="2002-01-17"/>
  <Kunden KundenNr="11487" KundEigtNr="12148" KundArt="2" KundStatus="3" KundAufDat="2002-01-17"/>
  <Kunden KundenNr="11488" KundEigtNr="12149" KundArt="29" KundStatus="1" KundAufDat="2002-01-17"/>
  <Kunden KundenNr="11489" KundEigtNr="12150" KundArt="8" KundStatus="3" KundAufDat="2002-01-17"/>
  <Kunden KundenNr="11490" KundEigtNr="12151" KundArt="2" KundStatus="1" KundAufDat="2002-01-18"/>
  <Kunden KundenNr="11491" KundEigtNr="12152" KundArt="2" KundStatus="3" KundAufDat="2002-01-18"/>
  <Kunden KundenNr="11492" KundEigtNr="12153" KundArt="29" KundStatus="1" KundAufDat="2002-01-18"/>
  <Kunden KundenNr="11493" KundEigtNr="12154" KundArt="8" KundStatus="3" KundAufDat="2002-01-18"/>
  <Kunden KundenNr="11494" KundEigtNr="12091" KundArt="8" KundStatus="3" KundAufDat="2002-01-18"/>
  <Kunden KundenNr="11495" KundEigtNr="12155" KundArt="8" KundStatus="3" KundAufDat="2002-01-18"/>
  <Kunden KundenNr="11496" KundEigtNr="12156" KundArt="8" KundStatus="3" KundAufDat="2002-01-18"/>
  <Kunden KundenNr="11497" KundEigtNr="12157" KundArt="2" KundStatus="3" KundAufDat="2002-01-18"/>
  <Kunden KundenNr="11498" KundEigtNr="12158" KundArt="8" KundStatus="3" KundAufDat="2002-01-18"/>
  <Kunden KundenNr="11499" KundEigtNr="12159" KundArt="2" KundStatus="3" KundAufDat="2002-01-18"/>
  <Kunden KundenNr="11500" KundEigtNr="12160" KundArt="2" KundStatus="3" KundAufDat="2002-01-21"/>
  <Kunden KundenNr="11501" KundEigtNr="12161" KundArt="8" KundStatus="3" KundAufDat="2002-01-21"/>
  <Kunden KundenNr="11502" KundEigtNr="12162" KundArt="2" KundStatus="3" KundAufDat="2002-01-21"/>
  <Kunden KundenNr="11503" KundEigtNr="12163" KundArt="8" KundStatus="3" KundAufDat="2002-01-21"/>
  <Kunden KundenNr="11504" KundEigtNr="12164" KundArt="8" KundStatus="3" KundAufDat="2002-01-21"/>
  <Kunden KundenNr="11505" KundEigtNr="12165" KundArt="2" KundStatus="1" KundAufDat="2002-01-21"/>
  <Kunden KundenNr="11506" KundEigtNr="12166" KundArt="29" KundStatus="1" KundAufDat="2002-01-21"/>
  <Kunden KundenNr="11507" KundEigtNr="12167" KundArt="8" KundStatus="3" KundAufDat="2002-01-21"/>
  <Kunden KundenNr="11508" KundEigtNr="12168" KundArt="2" KundStatus="3" KundAufDat="2002-01-21"/>
  <Kunden KundenNr="11509" KundEigtNr="12169" KundArt="8" KundStatus="3" KundAufDat="2002-01-23"/>
  <Kunden KundenNr="11510" KundEigtNr="12170" KundArt="8" KundStatus="3" KundAufDat="2002-01-23"/>
  <Kunden KundenNr="11511" KundEigtNr="12171" KundArt="8" KundStatus="3" KundAufDat="2002-01-23"/>
  <Kunden KundenNr="11512" KundEigtNr="12172" KundArt="1" KundStatus="3" KundAufDat="2002-01-23"/>
  <Kunden KundenNr="11513" KundEigtNr="12173" KundArt="2" KundStatus="3" KundAufDat="2002-01-23"/>
  <Kunden KundenNr="11514" KundEigtNr="12174" KundArt="8" KundStatus="3" KundAufDat="2002-01-23"/>
  <Kunden KundenNr="11515" KundEigtNr="12175" KundArt="1" KundStatus="3" KundAufDat="2002-01-23"/>
  <Kunden KundenNr="11516" KundEigtNr="12176" KundArt="8" KundStatus="3" KundAufDat="2002-01-23"/>
  <Kunden KundenNr="11517" KundEigtNr="12177" KundArt="8" KundStatus="3" KundAufDat="2002-01-23"/>
  <Kunden KundenNr="11518" KundEigtNr="12178" KundArt="2" KundStatus="3" KundAufDat="2002-01-23"/>
  <Kunden KundenNr="11519" KundEigtNr="12179" KundArt="8" KundStatus="3" KundAufDat="2002-01-23"/>
  <Kunden KundenNr="11520" KundEigtNr="12180" KundArt="2" KundStatus="3" KundAufDat="2002-01-23"/>
  <Kunden KundenNr="11521" KundEigtNr="12181" KundArt="2" KundStatus="1" KundAufDat="2002-01-23"/>
  <Kunden KundenNr="11522" KundEigtNr="12182" KundArt="8" KundStatus="3" KundAufDat="2002-01-23"/>
  <Kunden KundenNr="11523" KundEigtNr="12183" KundArt="8" KundStatus="3" KundAufDat="2002-01-23"/>
  <Kunden KundenNr="11524" KundEigtNr="12184" KundArt="8" KundStatus="3" KundAufDat="2002-01-24"/>
  <Kunden KundenNr="11525" KundEigtNr="12185" KundArt="1" KundStatus="3" KundAufDat="2002-01-24"/>
  <Kunden KundenNr="11526" KundEigtNr="12186" KundArt="8" KundStatus="3" KundAufDat="2002-01-24"/>
  <Kunden KundenNr="11527" KundEigtNr="12187" KundArt="29" KundStatus="1" KundAufDat="2002-01-24"/>
  <Kunden KundenNr="11528" KundEigtNr="12188" KundArt="8" KundStatus="3" KundAufDat="2002-01-24"/>
  <Kunden KundenNr="11529" KundEigtNr="12189" KundArt="8" KundStatus="3" KundAufDat="2002-01-24"/>
  <Kunden KundenNr="11530" KundEigtNr="12199" KundArt="2" KundStatus="3" KundAufDat="2002-01-25"/>
  <Kunden KundenNr="11531" KundEigtNr="12200" KundArt="2" KundStatus="3" KundAufDat="2002-01-25"/>
  <Kunden KundenNr="11532" KundEigtNr="12201" KundArt="2" KundStatus="3" KundAufDat="2002-01-25"/>
  <Kunden KundenNr="11533" KundEigtNr="12202" KundArt="2" KundStatus="3" KundAufDat="2002-01-25"/>
  <Kunden KundenNr="11534" KundEigtNr="12203" KundArt="2" KundStatus="3" KundAufDat="2002-01-25"/>
  <Kunden KundenNr="11535" KundEigtNr="12204" KundArt="2" KundStatus="1" KundAufDat="2002-01-26"/>
  <Kunden KundenNr="11536" KundEigtNr="12205" KundArt="8" KundStatus="3" KundAufDat="2002-01-28"/>
  <Kunden KundenNr="11537" KundEigtNr="12206" KundArt="2" KundStatus="3" KundAufDat="2002-01-28"/>
  <Kunden KundenNr="11538" KundEigtNr="12207" KundArt="2" KundStatus="3" KundAufDat="2002-01-28"/>
  <Kunden KundenNr="11539" KundEigtNr="12208" KundArt="2" KundStatus="3" KundAufDat="2002-01-28"/>
  <Kunden KundenNr="11540" KundEigtNr="12209" KundArt="8" KundStatus="3" KundAufDat="2002-01-28"/>
  <Kunden KundenNr="11541" KundEigtNr="12210" KundArt="2" KundStatus="3" KundAufDat="2002-01-28"/>
  <Kunden KundenNr="11542" KundEigtNr="12211" KundArt="2" KundStatus="3" KundAufDat="2002-01-28"/>
  <Kunden KundenNr="11543" KundEigtNr="12212" KundArt="8" KundStatus="3" KundAufDat="2002-01-28"/>
  <Kunden KundenNr="11544" KundEigtNr="12213" KundArt="2" KundStatus="3" KundAufDat="2002-01-28"/>
  <Kunden KundenNr="11545" KundEigtNr="12214" KundArt="2" KundStatus="3" KundAufDat="2002-01-28"/>
  <Kunden KundenNr="11546" KundEigtNr="12215" KundArt="2" KundStatus="3" KundAufDat="2002-01-28"/>
  <Kunden KundenNr="11547" KundEigtNr="12216" KundArt="2" KundStatus="3" KundAufDat="2002-01-28"/>
  <Kunden KundenNr="11548" KundEigtNr="12217" KundArt="2" KundStatus="3" KundAufDat="2002-01-28"/>
  <Kunden KundenNr="11549" KundEigtNr="12218" KundArt="2" KundStatus="3" KundAufDat="2002-01-28"/>
  <Kunden KundenNr="11550" KundEigtNr="12219" KundArt="8" KundStatus="3" KundAufDat="2002-01-28"/>
  <Kunden KundenNr="11551" KundEigtNr="12220" KundArt="2" KundStatus="3" KundAufDat="2002-01-28"/>
  <Kunden KundenNr="11552" KundEigtNr="12221" KundArt="2" KundStatus="1" KundAufDat="2002-01-28"/>
  <Kunden KundenNr="11553" KundEigtNr="12222" KundArt="2" KundStatus="3" KundAufDat="2002-01-28"/>
  <Kunden KundenNr="11554" KundEigtNr="12223" KundArt="2" KundStatus="3" KundAufDat="2002-01-28"/>
  <Kunden KundenNr="11555" KundEigtNr="12224" KundArt="2" KundStatus="3" KundAufDat="2002-01-29"/>
  <Kunden KundenNr="11556" KundEigtNr="12225" KundArt="8" KundStatus="3" KundAufDat="2002-01-29"/>
  <Kunden KundenNr="11557" KundEigtNr="12226" KundArt="2" KundStatus="3" KundAufDat="2002-01-29"/>
  <Kunden KundenNr="11558" KundEigtNr="12227" KundArt="8" KundStatus="3" KundAufDat="2002-01-29"/>
  <Kunden KundenNr="11559" KundEigtNr="12228" KundArt="8" KundStatus="3" KundAufDat="2002-01-29"/>
  <Kunden KundenNr="11560" KundEigtNr="12229" KundArt="2" KundStatus="3" KundAufDat="2002-01-29"/>
  <Kunden KundenNr="11561" KundEigtNr="12230" KundArt="8" KundStatus="3" KundAufDat="2002-01-29"/>
  <Kunden KundenNr="11562" KundEigtNr="12231" KundArt="2" KundStatus="3" KundAufDat="2002-01-29"/>
  <Kunden KundenNr="11563" KundEigtNr="12232" KundArt="2" KundStatus="3" KundAufDat="2002-01-29"/>
  <Kunden KundenNr="11564" KundEigtNr="12233" KundArt="8" KundStatus="1" KundAufDat="2002-01-29"/>
  <Kunden KundenNr="11565" KundEigtNr="12234" KundArt="2" KundStatus="3" KundAufDat="2002-01-30"/>
  <Kunden KundenNr="11566" KundEigtNr="12235" KundArt="2" KundStatus="3" KundAufDat="2002-01-30"/>
  <Kunden KundenNr="11567" KundEigtNr="12236" KundArt="2" KundStatus="3" KundAufDat="2002-01-30"/>
  <Kunden KundenNr="11568" KundEigtNr="12237" KundArt="2" KundStatus="3" KundAufDat="2002-01-30"/>
  <Kunden KundenNr="11569" KundEigtNr="12238" KundArt="8" KundStatus="3" KundAufDat="2002-01-30"/>
  <Kunden KundenNr="11570" KundEigtNr="12239" KundArt="2" KundStatus="3" KundAufDat="2002-01-30"/>
  <Kunden KundenNr="11571" KundEigtNr="12240" KundArt="2" KundStatus="3" KundAufDat="2002-01-31"/>
  <Kunden KundenNr="11572" KundEigtNr="12241" KundArt="8" KundStatus="3" KundAufDat="2002-01-31"/>
  <Kunden KundenNr="11573" KundEigtNr="12242" KundArt="2" KundStatus="3" KundAufDat="2002-01-31"/>
  <Kunden KundenNr="11574" KundEigtNr="12243" KundArt="2" KundStatus="3" KundAufDat="2002-01-31"/>
  <Kunden KundenNr="11575" KundEigtNr="12244" KundArt="8" KundStatus="3" KundAufDat="2002-01-31"/>
  <Kunden KundenNr="11576" KundEigtNr="12245" KundArt="8" KundStatus="3" KundAufDat="2002-02-01"/>
  <Kunden KundenNr="11577" KundEigtNr="12246" KundArt="8" KundStatus="3" KundAufDat="2002-02-01"/>
  <Kunden KundenNr="11578" KundEigtNr="12247" KundArt="8" KundStatus="3" KundAufDat="2002-02-01"/>
  <Kunden KundenNr="11579" KundEigtNr="12198" KundArt="29" KundStatus="1" KundAufDat="2002-02-01"/>
  <Kunden KundenNr="11580" KundEigtNr="12248" KundArt="2" KundStatus="3" KundAufDat="2002-02-01"/>
  <Kunden KundenNr="11581" KundEigtNr="12249" KundArt="8" KundStatus="3" KundAufDat="2002-02-04"/>
  <Kunden KundenNr="11582" KundEigtNr="12250" KundArt="8" KundStatus="3" KundAufDat="2002-02-04"/>
  <Kunden KundenNr="11583" KundEigtNr="12251" KundArt="2" KundStatus="3" KundAufDat="2002-02-04"/>
  <Kunden KundenNr="11584" KundEigtNr="12252" KundArt="2" KundStatus="3" KundAufDat="2002-02-04"/>
  <Kunden KundenNr="11585" KundEigtNr="12253" KundArt="2" KundStatus="3" KundAufDat="2002-02-04"/>
  <Kunden KundenNr="11586" KundEigtNr="12254" KundArt="8" KundStatus="3" KundAufDat="2002-02-04"/>
  <Kunden KundenNr="11587" KundEigtNr="12255" KundArt="2" KundStatus="3" KundAufDat="2002-02-04"/>
  <Kunden KundenNr="11588" KundEigtNr="12256" KundArt="2" KundStatus="3" KundAufDat="2002-02-04"/>
  <Kunden KundenNr="11589" KundEigtNr="12257" KundArt="2" KundStatus="3" KundAufDat="2002-02-04"/>
  <Kunden KundenNr="11590" KundEigtNr="12258" KundArt="2" KundStatus="3" KundAufDat="2002-02-04"/>
  <Kunden KundenNr="11591" KundEigtNr="7351" KundArt="2" KundStatus="3" KundAufDat="2002-02-04"/>
  <Kunden KundenNr="11593" KundEigtNr="12210" KundArt="8" KundStatus="3" KundAufDat="2002-02-04"/>
  <Kunden KundenNr="11594" KundEigtNr="12260" KundArt="8" KundStatus="3" KundAufDat="2002-02-04"/>
  <Kunden KundenNr="11595" KundEigtNr="11961" KundArt="29" KundStatus="1" KundAufDat="2002-02-04"/>
  <Kunden KundenNr="11596" KundEigtNr="12261" KundArt="2" KundStatus="3" KundAufDat="2002-02-04"/>
  <Kunden KundenNr="11597" KundEigtNr="12275" KundArt="2" KundStatus="3" KundAufDat="2002-02-05"/>
  <Kunden KundenNr="11598" KundEigtNr="12276" KundArt="8" KundStatus="3" KundAufDat="2002-02-05"/>
  <Kunden KundenNr="11599" KundEigtNr="12277" KundArt="29" KundStatus="1" KundAufDat="2002-02-05"/>
  <Kunden KundenNr="11600" KundEigtNr="12278" KundArt="8" KundStatus="3" KundAufDat="2002-02-05"/>
  <Kunden KundenNr="11601" KundEigtNr="12280" KundArt="8" KundStatus="3" KundAufDat="2002-02-06"/>
  <Kunden KundenNr="11602" KundEigtNr="12281" KundArt="2" KundStatus="1" KundAufDat="2002-02-06"/>
  <Kunden KundenNr="11603" KundEigtNr="12282" KundArt="8" KundStatus="3" KundAufDat="2002-02-06"/>
  <Kunden KundenNr="11604" KundEigtNr="12283" KundArt="2" KundStatus="3" KundAufDat="2002-02-07"/>
  <Kunden KundenNr="11605" KundEigtNr="12284" KundArt="8" KundStatus="3" KundAufDat="2002-02-07"/>
  <Kunden KundenNr="11606" KundEigtNr="12285" KundArt="8" KundStatus="3" KundAufDat="2002-02-07"/>
  <Kunden KundenNr="11607" KundEigtNr="12286" KundArt="8" KundStatus="3" KundAufDat="2002-02-07"/>
  <Kunden KundenNr="11608" KundEigtNr="12193" KundArt="29" KundStatus="1" KundAufDat="2002-02-07"/>
  <Kunden KundenNr="11609" KundEigtNr="12287" KundArt="8" KundStatus="3" KundAufDat="2002-02-08"/>
  <Kunden KundenNr="11610" KundEigtNr="12288" KundArt="8" KundStatus="3" KundAufDat="2002-02-12"/>
  <Kunden KundenNr="11611" KundEigtNr="12289" KundArt="8" KundStatus="3" KundAufDat="2002-02-12"/>
  <Kunden KundenNr="11612" KundEigtNr="12290" KundArt="8" KundStatus="3" KundAufDat="2002-02-12"/>
  <Kunden KundenNr="11613" KundEigtNr="12291" KundArt="8" KundStatus="3" KundAufDat="2002-02-12"/>
  <Kunden KundenNr="11614" KundEigtNr="12292" KundArt="8" KundStatus="3" KundAufDat="2002-02-12"/>
  <Kunden KundenNr="11615" KundEigtNr="12293" KundArt="8" KundStatus="3" KundAufDat="2002-02-12"/>
  <Kunden KundenNr="11616" KundEigtNr="12294" KundArt="8" KundStatus="3" KundAufDat="2002-02-12"/>
  <Kunden KundenNr="11617" KundEigtNr="12295" KundArt="8" KundStatus="3" KundAufDat="2002-02-12"/>
  <Kunden KundenNr="11618" KundEigtNr="12296" KundArt="14" KundStatus="1" KundAufDat="2002-02-12"/>
  <Kunden KundenNr="11619" KundEigtNr="12297" KundArt="8" KundStatus="3" KundAufDat="2002-02-12"/>
  <Kunden KundenNr="11621" KundEigtNr="12299" KundArt="8" KundStatus="1" KundAufDat="2002-02-12"/>
  <Kunden KundenNr="11622" KundEigtNr="12300" KundArt="8" KundStatus="3" KundAufDat="2002-02-12"/>
  <Kunden KundenNr="11623" KundEigtNr="12301" KundArt="8" KundStatus="3" KundAufDat="2002-02-12"/>
  <Kunden KundenNr="11624" KundEigtNr="12302" KundArt="8" KundStatus="3" KundAufDat="2002-02-12"/>
  <Kunden KundenNr="11625" KundEigtNr="12303" KundArt="2" KundStatus="3" KundAufDat="2002-02-12"/>
  <Kunden KundenNr="11626" KundEigtNr="12301" KundArt="2" KundStatus="3" KundAufDat="2002-02-12"/>
  <Kunden KundenNr="11627" KundEigtNr="12304" KundArt="8" KundStatus="3" KundAufDat="2002-02-12"/>
  <Kunden KundenNr="11628" KundEigtNr="12305" KundArt="2" KundStatus="3" KundAufDat="2002-02-12"/>
  <Kunden KundenNr="11629" KundEigtNr="12306" KundArt="2" KundStatus="3" KundAufDat="2002-02-13"/>
  <Kunden KundenNr="11630" KundEigtNr="12307" KundArt="29" KundStatus="1" KundAufDat="2002-02-13"/>
  <Kunden KundenNr="11631" KundEigtNr="11875" KundArt="29" KundStatus="1" KundAufDat="2002-02-13"/>
  <Kunden KundenNr="11632" KundEigtNr="12308" KundArt="29" KundStatus="1" KundAufDat="2002-02-13"/>
  <Kunden KundenNr="11633" KundEigtNr="11990" KundArt="29" KundStatus="1" KundAufDat="2002-02-13"/>
  <Kunden KundenNr="11634" KundEigtNr="12265" KundArt="29" KundStatus="1" KundAufDat="2002-02-14"/>
  <Kunden KundenNr="11635" KundEigtNr="12309" KundArt="2" KundStatus="3" KundAufDat="2002-02-14"/>
  <Kunden KundenNr="11636" KundEigtNr="12309" KundArt="8" KundStatus="3" KundAufDat="2002-02-14"/>
  <Kunden KundenNr="11637" KundEigtNr="12310" KundArt="29" KundStatus="1" KundAufDat="2002-02-14"/>
  <Kunden KundenNr="11638" KundEigtNr="12311" KundArt="8" KundStatus="3" KundAufDat="2002-02-14"/>
  <Kunden KundenNr="11639" KundEigtNr="12312" KundArt="2" KundStatus="1" KundAufDat="2002-02-14"/>
  <Kunden KundenNr="11640" KundEigtNr="12330" KundArt="8" KundStatus="3" KundAufDat="2002-02-15"/>
  <Kunden KundenNr="11641" KundEigtNr="12331" KundArt="8" KundStatus="3" KundAufDat="2002-02-15"/>
  <Kunden KundenNr="11642" KundEigtNr="12332" KundArt="2" KundStatus="3" KundAufDat="2002-02-15"/>
  <Kunden KundenNr="11643" KundEigtNr="12334" KundArt="2" KundStatus="3" KundAufDat="2002-02-15"/>
  <Kunden KundenNr="11644" KundEigtNr="12336" KundArt="2" KundStatus="3" KundAufDat="2002-02-15"/>
  <Kunden KundenNr="11645" KundEigtNr="2380" KundArt="29" KundStatus="1" KundAufDat="2002-02-15"/>
  <Kunden KundenNr="11646" KundEigtNr="12348" KundArt="8" KundStatus="3" KundAufDat="2002-02-16"/>
  <Kunden KundenNr="11647" KundEigtNr="12349" KundArt="8" KundStatus="3" KundAufDat="2002-02-16"/>
  <Kunden KundenNr="11648" KundEigtNr="12350" KundArt="2" KundStatus="3" KundAufDat="2002-02-16"/>
  <Kunden KundenNr="11649" KundEigtNr="12351" KundArt="2" KundStatus="3" KundAufDat="2002-02-16"/>
  <Kunden KundenNr="11650" KundEigtNr="12352" KundArt="2" KundStatus="3" KundAufDat="2002-02-17"/>
  <Kunden KundenNr="11651" KundEigtNr="12353" KundArt="2" KundStatus="3" KundAufDat="2002-02-17"/>
  <Kunden KundenNr="11652" KundEigtNr="12354" KundArt="2" KundStatus="3" KundAufDat="2002-02-18"/>
  <Kunden KundenNr="11653" KundEigtNr="12355" KundArt="2" KundStatus="3" KundAufDat="2002-02-18"/>
  <Kunden KundenNr="11654" KundEigtNr="12356" KundArt="2" KundStatus="3" KundAufDat="2002-02-18"/>
  <Kunden KundenNr="11655" KundEigtNr="12357" KundArt="2" KundStatus="3" KundAufDat="2002-02-18"/>
  <Kunden KundenNr="11656" KundEigtNr="12358" KundArt="8" KundStatus="3" KundAufDat="2002-02-18"/>
  <Kunden KundenNr="11658" KundEigtNr="12359" KundArt="2" KundStatus="3" KundAufDat="2002-02-18"/>
  <Kunden KundenNr="11659" KundEigtNr="12360" KundArt="8" KundStatus="3" KundAufDat="2002-02-18"/>
  <Kunden KundenNr="11660" KundEigtNr="12353" KundArt="8" KundStatus="3" KundAufDat="2002-02-18"/>
  <Kunden KundenNr="11661" KundEigtNr="12361" KundArt="2" KundStatus="1" KundAufDat="2002-02-18"/>
  <Kunden KundenNr="11662" KundEigtNr="12362" KundArt="8" KundStatus="3" KundAufDat="2002-02-18"/>
  <Kunden KundenNr="11663" KundEigtNr="12374" KundArt="2" KundStatus="3" KundAufDat="2002-02-18"/>
  <Kunden KundenNr="11664" KundEigtNr="12397" KundArt="8" KundStatus="3" KundAufDat="2002-02-19"/>
  <Kunden KundenNr="11665" KundEigtNr="12398" KundArt="2" KundStatus="3" KundAufDat="2002-02-19"/>
  <Kunden KundenNr="11666" KundEigtNr="12399" KundArt="2" KundStatus="3" KundAufDat="2002-02-19"/>
  <Kunden KundenNr="11667" KundEigtNr="12400" KundArt="8" KundStatus="3" KundAufDat="2002-02-19"/>
  <Kunden KundenNr="11668" KundEigtNr="12401" KundArt="2" KundStatus="3" KundAufDat="2002-02-19"/>
  <Kunden KundenNr="11669" KundEigtNr="12402" KundArt="8" KundStatus="3" KundAufDat="2002-02-19"/>
  <Kunden KundenNr="11670" KundEigtNr="12403" KundArt="8" KundStatus="3" KundAufDat="2002-02-19"/>
  <Kunden KundenNr="11671" KundEigtNr="12404" KundArt="8" KundStatus="3" KundAufDat="2002-02-19"/>
  <Kunden KundenNr="11672" KundEigtNr="12405" KundArt="8" KundStatus="3" KundAufDat="2002-02-19"/>
  <Kunden KundenNr="11673" KundEigtNr="12406" KundArt="8" KundStatus="3" KundAufDat="2002-02-19"/>
  <Kunden KundenNr="11674" KundEigtNr="12407" KundArt="29" KundStatus="1" KundAufDat="2002-02-19"/>
  <Kunden KundenNr="11675" KundEigtNr="12408" KundArt="2" KundStatus="3" KundAufDat="2002-02-20"/>
  <Kunden KundenNr="11676" KundEigtNr="12409" KundArt="8" KundStatus="3" KundAufDat="2002-02-20"/>
  <Kunden KundenNr="11677" KundEigtNr="12410" KundArt="8" KundStatus="3" KundAufDat="2002-02-20"/>
  <Kunden KundenNr="11678" KundEigtNr="12411" KundArt="8" KundStatus="3" KundAufDat="2002-02-20"/>
  <Kunden KundenNr="11679" KundEigtNr="12321" KundArt="29" KundStatus="1" KundAufDat="2002-02-20"/>
  <Kunden KundenNr="11680" KundEigtNr="12412" KundArt="2" KundStatus="3" KundAufDat="2002-02-20"/>
  <Kunden KundenNr="11681" KundEigtNr="12413" KundArt="8" KundStatus="3" KundAufDat="2002-02-20"/>
  <Kunden KundenNr="11682" KundEigtNr="12414" KundArt="2" KundStatus="3" KundAufDat="2002-02-20"/>
  <Kunden KundenNr="11683" KundEigtNr="12337" KundArt="29" KundStatus="1" KundAufDat="2002-02-21"/>
  <Kunden KundenNr="11684" KundEigtNr="12415" KundArt="8" KundStatus="3" KundAufDat="2002-02-21"/>
  <Kunden KundenNr="11685" KundEigtNr="10951" KundArt="2" KundStatus="1" KundAufDat="2002-02-21"/>
  <Kunden KundenNr="11686" KundEigtNr="12416" KundArt="2" KundStatus="1" KundAufDat="2002-02-21"/>
  <Kunden KundenNr="11687" KundEigtNr="12417" KundArt="2" KundStatus="3" KundAufDat="2002-02-21"/>
  <Kunden KundenNr="11688" KundEigtNr="12418" KundArt="8" KundStatus="3" KundAufDat="2002-02-21"/>
  <Kunden KundenNr="11689" KundEigtNr="12419" KundArt="8" KundStatus="3" KundAufDat="2002-02-21"/>
  <Kunden KundenNr="11690" KundEigtNr="12392" KundArt="29" KundStatus="1" KundAufDat="2002-02-22"/>
  <Kunden KundenNr="11691" KundEigtNr="12420" KundArt="2" KundStatus="3" KundAufDat="2002-02-22"/>
  <Kunden KundenNr="11692" KundEigtNr="12421" KundArt="2" KundStatus="3" KundAufDat="2002-02-22"/>
  <Kunden KundenNr="11693" KundEigtNr="12422" KundArt="2" KundStatus="3" KundAufDat="2002-02-23"/>
  <Kunden KundenNr="11694" KundEigtNr="12423" KundArt="8" KundStatus="3" KundAufDat="2002-02-23"/>
  <Kunden KundenNr="11695" KundEigtNr="12424" KundArt="2" KundStatus="3" KundAufDat="2002-02-23"/>
  <Kunden KundenNr="11696" KundEigtNr="12425" KundArt="2" KundStatus="1" KundAufDat="2002-02-23"/>
  <Kunden KundenNr="11697" KundEigtNr="12426" KundArt="8" KundStatus="3" KundAufDat="2002-02-23"/>
  <Kunden KundenNr="11698" KundEigtNr="12427" KundArt="2" KundStatus="3" KundAufDat="2002-02-23"/>
  <Kunden KundenNr="11699" KundEigtNr="12428" KundArt="8" KundStatus="3" KundAufDat="2002-02-23"/>
  <Kunden KundenNr="11700" KundEigtNr="11308" KundArt="2" KundStatus="3" KundAufDat="2002-02-25"/>
  <Kunden KundenNr="11701" KundEigtNr="12429" KundArt="2" KundStatus="3" KundAufDat="2002-02-25"/>
  <Kunden KundenNr="11702" KundEigtNr="12430" KundArt="2" KundStatus="3" KundAufDat="2002-02-25"/>
  <Kunden KundenNr="11703" KundEigtNr="12431" KundArt="2" KundStatus="3" KundAufDat="2002-02-25"/>
  <Kunden KundenNr="11704" KundEigtNr="12432" KundArt="8" KundStatus="3" KundAufDat="2002-02-25"/>
  <Kunden KundenNr="11705" KundEigtNr="12433" KundArt="2" KundStatus="3" KundAufDat="2002-02-25"/>
  <Kunden KundenNr="11706" KundEigtNr="12433" KundArt="8" KundStatus="3" KundAufDat="2002-02-25"/>
  <Kunden KundenNr="11707" KundEigtNr="12377" KundArt="29" KundStatus="1" KundAufDat="2002-02-25"/>
  <Kunden KundenNr="11708" KundEigtNr="12436" KundArt="8" KundStatus="3" KundAufDat="2002-02-25"/>
  <Kunden KundenNr="11709" KundEigtNr="12437" KundArt="1" KundStatus="3" KundAufDat="2002-02-25"/>
  <Kunden KundenNr="11710" KundEigtNr="12438" KundArt="2" KundStatus="3" KundAufDat="2002-02-25"/>
  <Kunden KundenNr="11711" KundEigtNr="12439" KundArt="2" KundStatus="3" KundAufDat="2002-02-25"/>
  <Kunden KundenNr="11712" KundEigtNr="12440" KundArt="8" KundStatus="3" KundAufDat="2002-02-25"/>
  <Kunden KundenNr="11713" KundEigtNr="12442" KundArt="2" KundStatus="3" KundAufDat="2002-02-25"/>
  <Kunden KundenNr="11714" KundEigtNr="12444" KundArt="2" KundStatus="3" KundAufDat="2002-02-25"/>
  <Kunden KundenNr="11715" KundEigtNr="12445" KundArt="1" KundStatus="3" KundAufDat="2002-02-25"/>
  <Kunden KundenNr="11716" KundEigtNr="12449" KundArt="2" KundStatus="3" KundAufDat="2002-02-25"/>
  <Kunden KundenNr="11717" KundEigtNr="12450" KundArt="2" KundStatus="3" KundAufDat="2002-02-26"/>
  <Kunden KundenNr="11718" KundEigtNr="12451" KundArt="2" KundStatus="3" KundAufDat="2002-02-26"/>
  <Kunden KundenNr="11719" KundEigtNr="12452" KundArt="8" KundStatus="1" KundAufDat="2002-02-26"/>
  <Kunden KundenNr="11720" KundEigtNr="12453" KundArt="8" KundStatus="3" KundAufDat="2002-02-26"/>
  <Kunden KundenNr="11721" KundEigtNr="12454" KundArt="8" KundStatus="3" KundAufDat="2002-02-26"/>
  <Kunden KundenNr="11722" KundEigtNr="12455" KundArt="8" KundStatus="3" KundAufDat="2002-02-26"/>
  <Kunden KundenNr="11723" KundEigtNr="12456" KundArt="29" KundStatus="1" KundAufDat="2002-02-26"/>
  <Kunden KundenNr="11724" KundEigtNr="12473" KundArt="2" KundStatus="3" KundAufDat="2002-02-27"/>
  <Kunden KundenNr="11725" KundEigtNr="12474" KundArt="1" KundStatus="1" KundAufDat="2002-02-27"/>
  <Kunden KundenNr="11726" KundEigtNr="12475" KundArt="8" KundStatus="3" KundAufDat="2002-02-27"/>
  <Kunden KundenNr="11727" KundEigtNr="12478" KundArt="8" KundStatus="3" KundAufDat="2002-02-27"/>
  <Kunden KundenNr="11728" KundEigtNr="12480" KundArt="2" KundStatus="3" KundAufDat="2002-02-27"/>
  <Kunden KundenNr="11729" KundEigtNr="12481" KundArt="2" KundStatus="3" KundAufDat="2002-02-27"/>
  <Kunden KundenNr="11730" KundEigtNr="12483" KundArt="2" KundStatus="3" KundAufDat="2002-02-27"/>
  <Kunden KundenNr="11731" KundEigtNr="12484" KundArt="2" KundStatus="3" KundAufDat="2002-02-27"/>
  <Kunden KundenNr="11732" KundEigtNr="12485" KundArt="2" KundStatus="3" KundAufDat="2002-02-27"/>
  <Kunden KundenNr="11733" KundEigtNr="12486" KundArt="2" KundStatus="3" KundAufDat="2002-02-27"/>
  <Kunden KundenNr="11734" KundEigtNr="12487" KundArt="29" KundStatus="1" KundAufDat="2002-02-27"/>
  <Kunden KundenNr="11735" KundEigtNr="12488" KundArt="1" KundStatus="3" KundAufDat="2002-02-28"/>
  <Kunden KundenNr="11736" KundEigtNr="12489" KundArt="8" KundStatus="3" KundAufDat="2002-02-28"/>
  <Kunden KundenNr="11737" KundEigtNr="12490" KundArt="2" KundStatus="3" KundAufDat="2002-02-28"/>
  <Kunden KundenNr="11738" KundEigtNr="10771" KundArt="8" KundStatus="3" KundAufDat="2002-02-28"/>
  <Kunden KundenNr="11739" KundEigtNr="12491" KundArt="8" KundStatus="3" KundAufDat="2002-02-28"/>
  <Kunden KundenNr="11740" KundEigtNr="12492" KundArt="8" KundStatus="3" KundAufDat="2002-02-28"/>
  <Kunden KundenNr="11741" KundEigtNr="12493" KundArt="2" KundStatus="3" KundAufDat="2002-02-28"/>
  <Kunden KundenNr="11742" KundEigtNr="12494" KundArt="8" KundStatus="3" KundAufDat="2002-03-01"/>
  <Kunden KundenNr="11743" KundEigtNr="12495" KundArt="2" KundStatus="3" KundAufDat="2002-03-01"/>
  <Kunden KundenNr="11744" KundEigtNr="12496" KundArt="8" KundStatus="3" KundAufDat="2002-03-01"/>
  <Kunden KundenNr="11745" KundEigtNr="12497" KundArt="8" KundStatus="3" KundAufDat="2002-03-01"/>
  <Kunden KundenNr="11746" KundEigtNr="12498" KundArt="8" KundStatus="3" KundAufDat="2002-03-01"/>
  <Kunden KundenNr="11747" KundEigtNr="12499" KundArt="8" KundStatus="3" KundAufDat="2002-03-02"/>
  <Kunden KundenNr="11748" KundEigtNr="12500" KundArt="8" KundStatus="3" KundAufDat="2002-03-02"/>
  <Kunden KundenNr="11749" KundEigtNr="2578" KundArt="8" KundStatus="1" KundAufDat="2002-03-02"/>
  <Kunden KundenNr="11750" KundEigtNr="10766" KundArt="8" KundStatus="3" KundAufDat="2002-03-02"/>
  <Kunden KundenNr="11751" KundEigtNr="3528" KundArt="8" KundStatus="3" KundAufDat="2002-03-02"/>
  <Kunden KundenNr="11752" KundEigtNr="12501" KundArt="8" KundStatus="3" KundAufDat="2002-03-02"/>
  <Kunden KundenNr="11753" KundEigtNr="1728" KundArt="8" KundStatus="3" KundAufDat="2002-03-02"/>
  <Kunden KundenNr="11754" KundEigtNr="12232" KundArt="8" KundStatus="3" KundAufDat="2002-03-02"/>
  <Kunden KundenNr="11755" KundEigtNr="12502" KundArt="8" KundStatus="3" KundAufDat="2002-03-04"/>
  <Kunden KundenNr="11756" KundEigtNr="12503" KundArt="2" KundStatus="3" KundAufDat="2002-03-04"/>
  <Kunden KundenNr="11757" KundEigtNr="12504" KundArt="8" KundStatus="3" KundAufDat="2002-03-04"/>
  <Kunden KundenNr="11758" KundEigtNr="12505" KundArt="2" KundStatus="3" KundAufDat="2002-03-04"/>
  <Kunden KundenNr="11759" KundEigtNr="12506" KundArt="8" KundStatus="3" KundAufDat="2002-03-04"/>
  <Kunden KundenNr="11760" KundEigtNr="12507" KundArt="8" KundStatus="3" KundAufDat="2002-03-04"/>
  <Kunden KundenNr="11761" KundEigtNr="12508" KundArt="8" KundStatus="3" KundAufDat="2002-03-04"/>
  <Kunden KundenNr="11762" KundEigtNr="12509" KundArt="8" KundStatus="1" KundAufDat="2002-03-04"/>
  <Kunden KundenNr="11763" KundEigtNr="12510" KundArt="8" KundStatus="3" KundAufDat="2002-03-04"/>
  <Kunden KundenNr="11764" KundEigtNr="12516" KundArt="8" KundStatus="3" KundAufDat="2002-03-05"/>
  <Kunden KundenNr="11765" KundEigtNr="12517" KundArt="8" KundStatus="3" KundAufDat="2002-03-05"/>
  <Kunden KundenNr="11766" KundEigtNr="12486" KundArt="8" KundStatus="3" KundAufDat="2002-03-05"/>
  <Kunden KundenNr="11767" KundEigtNr="7137" KundArt="8" KundStatus="3" KundAufDat="2002-03-05"/>
  <Kunden KundenNr="11768" KundEigtNr="12448" KundArt="29" KundStatus="1" KundAufDat="2002-03-05"/>
  <Kunden KundenNr="11769" KundEigtNr="12518" KundArt="2" KundStatus="3" KundAufDat="2002-03-05"/>
  <Kunden KundenNr="11770" KundEigtNr="12522" KundArt="2" KundStatus="3" KundAufDat="2002-03-05"/>
  <Kunden KundenNr="11771" KundEigtNr="12523" KundArt="2" KundStatus="3" KundAufDat="2002-03-05"/>
  <Kunden KundenNr="11772" KundEigtNr="12524" KundArt="8" KundStatus="3" KundAufDat="2002-03-05"/>
  <Kunden KundenNr="11773" KundEigtNr="12526" KundArt="8" KundStatus="3" KundAufDat="2002-03-05"/>
  <Kunden KundenNr="11774" KundEigtNr="12528" KundArt="8" KundStatus="3" KundAufDat="2002-03-05"/>
  <Kunden KundenNr="11775" KundEigtNr="12531" KundArt="8" KundStatus="3" KundAufDat="2002-03-05"/>
  <Kunden KundenNr="11776" KundEigtNr="12532" KundArt="2" KundStatus="3" KundAufDat="2002-03-06"/>
  <Kunden KundenNr="11777" KundEigtNr="12533" KundArt="8" KundStatus="3" KundAufDat="2002-03-06"/>
  <Kunden KundenNr="11778" KundEigtNr="12534" KundArt="8" KundStatus="3" KundAufDat="2002-03-06"/>
  <Kunden KundenNr="11779" KundEigtNr="12535" KundArt="2" KundStatus="3" KundAufDat="2002-03-06"/>
  <Kunden KundenNr="11780" KundEigtNr="12536" KundArt="8" KundStatus="3" KundAufDat="2002-03-06"/>
  <Kunden KundenNr="11781" KundEigtNr="12537" KundArt="8" KundStatus="3" KundAufDat="2002-03-06"/>
  <Kunden KundenNr="11782" KundEigtNr="12538" KundArt="8" KundStatus="3" KundAufDat="2002-03-06"/>
  <Kunden KundenNr="11783" KundEigtNr="11013" KundArt="2" KundStatus="3" KundAufDat="2002-03-06"/>
  <Kunden KundenNr="11784" KundEigtNr="12539" KundArt="8" KundStatus="3" KundAufDat="2002-03-06"/>
  <Kunden KundenNr="11785" KundEigtNr="12540" KundArt="29" KundStatus="1" KundAufDat="2002-03-06"/>
  <Kunden KundenNr="11786" KundEigtNr="12541" KundArt="8" KundStatus="3" KundAufDat="2002-03-06"/>
  <Kunden KundenNr="11787" KundEigtNr="12542" KundArt="8" KundStatus="3" KundAufDat="2002-03-07"/>
  <Kunden KundenNr="11788" KundEigtNr="12543" KundArt="2" KundStatus="3" KundAufDat="2002-03-07"/>
  <Kunden KundenNr="11789" KundEigtNr="9544" KundArt="8" KundStatus="3" KundAufDat="2002-03-07"/>
  <Kunden KundenNr="11790" KundEigtNr="12469" KundArt="29" KundStatus="1" KundAufDat="2002-03-07"/>
  <Kunden KundenNr="11791" KundEigtNr="12529" KundArt="29" KundStatus="1" KundAufDat="2002-03-08"/>
  <Kunden KundenNr="11792" KundEigtNr="12544" KundArt="2" KundStatus="3" KundAufDat="2002-03-08"/>
  <Kunden KundenNr="11793" KundEigtNr="12545" KundArt="2" KundStatus="3" KundAufDat="2002-03-09"/>
  <Kunden KundenNr="11794" KundEigtNr="12546" KundArt="8" KundStatus="3" KundAufDat="2002-03-11"/>
  <Kunden KundenNr="11795" KundEigtNr="12547" KundArt="8" KundStatus="3" KundAufDat="2002-03-11"/>
  <Kunden KundenNr="11796" KundEigtNr="12338" KundArt="2" KundStatus="3" KundAufDat="2002-03-11"/>
  <Kunden KundenNr="11797" KundEigtNr="12548" KundArt="8" KundStatus="3" KundAufDat="2002-03-11"/>
  <Kunden KundenNr="11798" KundEigtNr="12549" KundArt="8" KundStatus="3" KundAufDat="2002-03-11"/>
  <Kunden KundenNr="11799" KundEigtNr="12550" KundArt="8" KundStatus="3" KundAufDat="2002-03-11"/>
  <Kunden KundenNr="11800" KundEigtNr="12551" KundArt="2" KundStatus="3" KundAufDat="2002-03-11"/>
  <Kunden KundenNr="11801" KundEigtNr="12552" KundArt="8" KundStatus="3" KundAufDat="2002-03-11"/>
  <Kunden KundenNr="11802" KundEigtNr="12121" KundArt="2" KundStatus="3" KundAufDat="2002-03-11"/>
  <Kunden KundenNr="11803" KundEigtNr="12553" KundArt="1" KundStatus="3" KundAufDat="2002-03-11"/>
  <Kunden KundenNr="11804" KundEigtNr="12448" KundArt="8" KundStatus="3" KundAufDat="2002-03-11"/>
  <Kunden KundenNr="11805" KundEigtNr="12554" KundArt="8" KundStatus="3" KundAufDat="2002-03-11"/>
  <Kunden KundenNr="11806" KundEigtNr="12555" KundArt="2" KundStatus="3" KundAufDat="2002-03-11"/>
  <Kunden KundenNr="11807" KundEigtNr="12556" KundArt="2" KundStatus="3" KundAufDat="2002-03-11"/>
  <Kunden KundenNr="11808" KundEigtNr="12557" KundArt="2" KundStatus="3" KundAufDat="2002-03-11"/>
  <Kunden KundenNr="11809" KundEigtNr="12561" KundArt="2" KundStatus="3" KundAufDat="2002-03-11"/>
  <Kunden KundenNr="11810" KundEigtNr="12566" KundArt="2" KundStatus="3" KundAufDat="2002-03-11"/>
  <Kunden KundenNr="11811" KundEigtNr="12567" KundArt="8" KundStatus="3" KundAufDat="2002-03-11"/>
  <Kunden KundenNr="11812" KundEigtNr="12474" KundArt="8" KundStatus="3" KundAufDat="2002-03-11"/>
  <Kunden KundenNr="11813" KundEigtNr="12569" KundArt="8" KundStatus="3" KundAufDat="2002-03-12"/>
  <Kunden KundenNr="11814" KundEigtNr="12570" KundArt="8" KundStatus="3" KundAufDat="2002-03-12"/>
  <Kunden KundenNr="11815" KundEigtNr="12571" KundArt="8" KundStatus="3" KundAufDat="2002-03-12"/>
  <Kunden KundenNr="11816" KundEigtNr="12572" KundArt="2" KundStatus="3" KundAufDat="2002-03-12"/>
  <Kunden KundenNr="11817" KundEigtNr="12573" KundArt="2" KundStatus="3" KundAufDat="2002-03-12"/>
  <Kunden KundenNr="11818" KundEigtNr="12574" KundArt="8" KundStatus="3" KundAufDat="2002-03-12"/>
  <Kunden KundenNr="11819" KundEigtNr="12575" KundArt="8" KundStatus="3" KundAufDat="2002-03-12"/>
  <Kunden KundenNr="11820" KundEigtNr="12576" KundArt="8" KundStatus="3" KundAufDat="2002-03-12"/>
  <Kunden KundenNr="11821" KundEigtNr="12577" KundArt="8" KundStatus="3" KundAufDat="2002-03-12"/>
  <Kunden KundenNr="11822" KundEigtNr="12578" KundArt="2" KundStatus="3" KundAufDat="2002-03-13"/>
  <Kunden KundenNr="11823" KundEigtNr="12579" KundArt="8" KundStatus="3" KundAufDat="2002-03-13"/>
  <Kunden KundenNr="11824" KundEigtNr="12580" KundArt="2" KundStatus="3" KundAufDat="2002-03-13"/>
  <Kunden KundenNr="11825" KundEigtNr="12581" KundArt="2" KundStatus="3" KundAufDat="2002-03-13"/>
  <Kunden KundenNr="11826" KundEigtNr="12583" KundArt="8" KundStatus="3" KundAufDat="2002-03-14"/>
  <Kunden KundenNr="11827" KundEigtNr="12584" KundArt="8" KundStatus="3" KundAufDat="2002-03-14"/>
  <Kunden KundenNr="11828" KundEigtNr="12585" KundArt="8" KundStatus="3" KundAufDat="2002-03-14"/>
  <Kunden KundenNr="11829" KundEigtNr="12586" KundArt="2" KundStatus="3" KundAufDat="2002-03-15"/>
  <Kunden KundenNr="11830" KundEigtNr="12587" KundArt="8" KundStatus="3" KundAufDat="2002-03-15"/>
  <Kunden KundenNr="11831" KundEigtNr="12588" KundArt="8" KundStatus="3" KundAufDat="2002-03-16"/>
  <Kunden KundenNr="11832" KundEigtNr="12589" KundArt="2" KundStatus="3" KundAufDat="2002-03-16"/>
  <Kunden KundenNr="11834" KundEigtNr="12591" KundArt="8" KundStatus="3" KundAufDat="2002-03-16"/>
  <Kunden KundenNr="11835" KundEigtNr="12592" KundArt="8" KundStatus="3" KundAufDat="2002-03-16"/>
  <Kunden KundenNr="11836" KundEigtNr="12593" KundArt="8" KundStatus="3" KundAufDat="2002-03-16"/>
  <Kunden KundenNr="11837" KundEigtNr="12594" KundArt="8" KundStatus="3" KundAufDat="2002-03-18"/>
  <Kunden KundenNr="11838" KundEigtNr="12595" KundArt="8" KundStatus="3" KundAufDat="2002-03-18"/>
  <Kunden KundenNr="11839" KundEigtNr="12190" KundArt="8" KundStatus="3" KundAufDat="2002-03-18"/>
  <Kunden KundenNr="11840" KundEigtNr="12596" KundArt="8" KundStatus="3" KundAufDat="2002-03-18"/>
  <Kunden KundenNr="11841" KundEigtNr="12597" KundArt="8" KundStatus="3" KundAufDat="2002-03-18"/>
  <Kunden KundenNr="11842" KundEigtNr="12598" KundArt="2" KundStatus="3" KundAufDat="2002-03-18"/>
  <Kunden KundenNr="11843" KundEigtNr="12599" KundArt="2" KundStatus="3" KundAufDat="2002-03-18"/>
  <Kunden KundenNr="11844" KundEigtNr="12600" KundArt="2" KundStatus="3" KundAufDat="2002-03-18"/>
  <Kunden KundenNr="11845" KundEigtNr="12601" KundArt="8" KundStatus="3" KundAufDat="2002-03-18"/>
  <Kunden KundenNr="11846" KundEigtNr="12602" KundArt="8" KundStatus="3" KundAufDat="2002-03-18"/>
  <Kunden KundenNr="11847" KundEigtNr="12406" KundArt="2" KundStatus="3" KundAufDat="2002-03-18"/>
  <Kunden KundenNr="11848" KundEigtNr="12616" KundArt="2" KundStatus="3" KundAufDat="2002-03-18"/>
  <Kunden KundenNr="11849" KundEigtNr="12617" KundArt="29" KundStatus="1" KundAufDat="2002-03-19"/>
  <Kunden KundenNr="11850" KundEigtNr="12618" KundArt="8" KundStatus="3" KundAufDat="2002-03-19"/>
  <Kunden KundenNr="11851" KundEigtNr="12619" KundArt="8" KundStatus="3" KundAufDat="2002-03-19"/>
  <Kunden KundenNr="11852" KundEigtNr="12586" KundArt="8" KundStatus="3" KundAufDat="2002-03-19"/>
  <Kunden KundenNr="11853" KundEigtNr="12620" KundArt="8" KundStatus="3" KundAufDat="2002-03-19"/>
  <Kunden KundenNr="11854" KundEigtNr="12621" KundArt="8" KundStatus="3" KundAufDat="2002-03-19"/>
  <Kunden KundenNr="11855" KundEigtNr="12633" KundArt="8" KundStatus="3" KundAufDat="2002-03-20"/>
  <Kunden KundenNr="11856" KundEigtNr="12634" KundArt="8" KundStatus="3" KundAufDat="2002-03-20"/>
  <Kunden KundenNr="11857" KundEigtNr="12635" KundArt="2" KundStatus="3" KundAufDat="2002-03-20"/>
  <Kunden KundenNr="11858" KundEigtNr="12636" KundArt="14" KundStatus="1" KundAufDat="2002-03-20"/>
  <Kunden KundenNr="11859" KundEigtNr="12637" KundArt="29" KundStatus="1" KundAufDat="2002-03-20"/>
  <Kunden KundenNr="11860" KundEigtNr="12642" KundArt="2" KundStatus="3" KundAufDat="2002-03-21"/>
  <Kunden KundenNr="11861" KundEigtNr="12643" KundArt="2" KundStatus="3" KundAufDat="2002-03-21"/>
  <Kunden KundenNr="11862" KundEigtNr="12644" KundArt="29" KundStatus="1" KundAufDat="2002-03-21"/>
  <Kunden KundenNr="11863" KundEigtNr="12645" KundArt="8" KundStatus="3" KundAufDat="2002-03-21"/>
  <Kunden KundenNr="11864" KundEigtNr="12646" KundArt="8" KundStatus="3" KundAufDat="2002-03-21"/>
  <Kunden KundenNr="11865" KundEigtNr="12647" KundArt="8" KundStatus="3" KundAufDat="2002-03-21"/>
  <Kunden KundenNr="11866" KundEigtNr="11606" KundArt="8" KundStatus="3" KundAufDat="2002-03-21"/>
  <Kunden KundenNr="11867" KundEigtNr="12648" KundArt="8" KundStatus="3" KundAufDat="2002-03-22"/>
  <Kunden KundenNr="11868" KundEigtNr="12649" KundArt="8" KundStatus="3" KundAufDat="2002-03-22"/>
  <Kunden KundenNr="11869" KundEigtNr="12650" KundArt="2" KundStatus="3" KundAufDat="2002-03-22"/>
  <Kunden KundenNr="11870" KundEigtNr="12288" KundArt="2" KundStatus="1" KundAufDat="2002-03-22"/>
  <Kunden KundenNr="11871" KundEigtNr="12651" KundArt="29" KundStatus="1" KundAufDat="2002-03-22"/>
  <Kunden KundenNr="11872" KundEigtNr="12652" KundArt="29" KundStatus="1" KundAufDat="2002-03-22"/>
  <Kunden KundenNr="11873" KundEigtNr="12401" KundArt="29" KundStatus="1" KundAufDat="2002-03-22"/>
  <Kunden KundenNr="11874" KundEigtNr="12653" KundArt="8" KundStatus="3" KundAufDat="2002-03-22"/>
  <Kunden KundenNr="11875" KundEigtNr="12519" KundArt="29" KundStatus="1" KundAufDat="2002-03-22"/>
  <Kunden KundenNr="11876" KundEigtNr="12654" KundArt="8" KundStatus="3" KundAufDat="2002-03-22"/>
  <Kunden KundenNr="11877" KundEigtNr="12655" KundArt="29" KundStatus="1" KundAufDat="2002-03-22"/>
  <Kunden KundenNr="11878" KundEigtNr="12656" KundArt="8" KundStatus="1" KundAufDat="2002-03-22"/>
  <Kunden KundenNr="11879" KundEigtNr="12657" KundArt="29" KundStatus="1" KundAufDat="2002-03-22"/>
  <Kunden KundenNr="11880" KundEigtNr="12602" KundArt="2" KundStatus="3" KundAufDat="2002-03-22"/>
  <Kunden KundenNr="11881" KundEigtNr="12658" KundArt="8" KundStatus="3" KundAufDat="2002-03-22"/>
  <Kunden KundenNr="11882" KundEigtNr="12659" KundArt="2" KundStatus="1" KundAufDat="2002-03-23"/>
  <Kunden KundenNr="11883" KundEigtNr="12660" KundArt="8" KundStatus="3" KundAufDat="2002-03-25"/>
  <Kunden KundenNr="11884" KundEigtNr="12661" KundArt="8" KundStatus="3" KundAufDat="2002-03-25"/>
  <Kunden KundenNr="11885" KundEigtNr="12662" KundArt="2" KundStatus="3" KundAufDat="2002-03-25"/>
  <Kunden KundenNr="11886" KundEigtNr="12663" KundArt="8" KundStatus="3" KundAufDat="2002-03-25"/>
  <Kunden KundenNr="11887" KundEigtNr="12664" KundArt="8" KundStatus="3" KundAufDat="2002-03-25"/>
  <Kunden KundenNr="11888" KundEigtNr="12665" KundArt="8" KundStatus="3" KundAufDat="2002-03-25"/>
  <Kunden KundenNr="11889" KundEigtNr="12666" KundArt="8" KundStatus="3" KundAufDat="2002-03-25"/>
  <Kunden KundenNr="11890" KundEigtNr="12667" KundArt="8" KundStatus="3" KundAufDat="2002-03-25"/>
  <Kunden KundenNr="11891" KundEigtNr="12668" KundArt="2" KundStatus="3" KundAufDat="2002-03-25"/>
  <Kunden KundenNr="11892" KundEigtNr="12568" KundArt="29" KundStatus="1" KundAufDat="2002-03-25"/>
  <Kunden KundenNr="11893" KundEigtNr="12672" KundArt="29" KundStatus="1" KundAufDat="2002-03-25"/>
  <Kunden KundenNr="11894" KundEigtNr="12673" KundArt="2" KundStatus="3" KundAufDat="2002-03-25"/>
  <Kunden KundenNr="11895" KundEigtNr="12674" KundArt="29" KundStatus="1" KundAufDat="2002-03-25"/>
  <Kunden KundenNr="11897" KundEigtNr="12675" KundArt="8" KundStatus="3" KundAufDat="2002-03-26"/>
  <Kunden KundenNr="11898" KundEigtNr="12676" KundArt="2" KundStatus="3" KundAufDat="2002-03-26"/>
  <Kunden KundenNr="11899" KundEigtNr="12677" KundArt="8" KundStatus="3" KundAufDat="2002-03-26"/>
  <Kunden KundenNr="11900" KundEigtNr="12678" KundArt="8" KundStatus="3" KundAufDat="2002-03-26"/>
  <Kunden KundenNr="11901" KundEigtNr="12679" KundArt="2" KundStatus="3" KundAufDat="2002-03-26"/>
  <Kunden KundenNr="11902" KundEigtNr="12680" KundArt="2" KundStatus="3" KundAufDat="2002-03-26"/>
  <Kunden KundenNr="11903" KundEigtNr="12681" KundArt="8" KundStatus="3" KundAufDat="2002-03-26"/>
  <Kunden KundenNr="11904" KundEigtNr="12682" KundArt="8" KundStatus="3" KundAufDat="2002-03-26"/>
  <Kunden KundenNr="11905" KundEigtNr="12683" KundArt="1" KundStatus="3" KundAufDat="2002-03-26"/>
  <Kunden KundenNr="11906" KundEigtNr="12684" KundArt="29" KundStatus="1" KundAufDat="2002-03-26"/>
  <Kunden KundenNr="11907" KundEigtNr="12685" KundArt="8" KundStatus="3" KundAufDat="2002-03-26"/>
  <Kunden KundenNr="11908" KundEigtNr="12691" KundArt="2" KundStatus="3" KundAufDat="2002-03-27"/>
  <Kunden KundenNr="11909" KundEigtNr="12692" KundArt="29" KundStatus="1" KundAufDat="2002-03-27"/>
  <Kunden KundenNr="11910" KundEigtNr="12693" KundArt="8" KundStatus="3" KundAufDat="2002-03-27"/>
  <Kunden KundenNr="11911" KundEigtNr="11085" KundArt="29" KundStatus="1" KundAufDat="2002-03-27"/>
  <Kunden KundenNr="11912" KundEigtNr="12694" KundArt="8" KundStatus="3" KundAufDat="2002-03-28"/>
  <Kunden KundenNr="11913" KundEigtNr="12695" KundArt="8" KundStatus="3" KundAufDat="2002-03-28"/>
  <Kunden KundenNr="11914" KundEigtNr="12696" KundArt="8" KundStatus="3" KundAufDat="2002-03-28"/>
  <Kunden KundenNr="11915" KundEigtNr="12697" KundArt="8" KundStatus="3" KundAufDat="2002-03-30"/>
  <Kunden KundenNr="11916" KundEigtNr="12698" KundArt="2" KundStatus="3" KundAufDat="2002-04-02"/>
  <Kunden KundenNr="11917" KundEigtNr="12699" KundArt="8" KundStatus="3" KundAufDat="2002-04-02"/>
  <Kunden KundenNr="11918" KundEigtNr="12700" KundArt="8" KundStatus="3" KundAufDat="2002-04-02"/>
  <Kunden KundenNr="11919" KundEigtNr="12701" KundArt="2" KundStatus="3" KundAufDat="2002-04-02"/>
  <Kunden KundenNr="11920" KundEigtNr="12702" KundArt="2" KundStatus="3" KundAufDat="2002-04-02"/>
  <Kunden KundenNr="11921" KundEigtNr="12639" KundArt="29" KundStatus="1" KundAufDat="2002-04-03"/>
  <Kunden KundenNr="11922" KundEigtNr="12624" KundArt="29" KundStatus="1" KundAufDat="2002-04-03"/>
  <Kunden KundenNr="11923" KundEigtNr="11601" KundArt="29" KundStatus="1" KundAufDat="2002-04-03"/>
  <Kunden KundenNr="11924" KundEigtNr="12703" KundArt="8" KundStatus="3" KundAufDat="2002-04-03"/>
  <Kunden KundenNr="11925" KundEigtNr="12704" KundArt="8" KundStatus="3" KundAufDat="2002-04-03"/>
  <Kunden KundenNr="11926" KundEigtNr="12705" KundArt="8" KundStatus="3" KundAufDat="2002-04-03"/>
  <Kunden KundenNr="11927" KundEigtNr="12706" KundArt="8" KundStatus="3" KundAufDat="2002-04-04"/>
  <Kunden KundenNr="11928" KundEigtNr="12632" KundArt="29" KundStatus="1" KundAufDat="2002-04-04"/>
  <Kunden KundenNr="11929" KundEigtNr="12707" KundArt="2" KundStatus="3" KundAufDat="2002-04-04"/>
  <Kunden KundenNr="11930" KundEigtNr="1290" KundArt="8" KundStatus="1" KundAufDat="2002-04-05"/>
  <Kunden KundenNr="11931" KundEigtNr="12708" KundArt="8" KundStatus="3" KundAufDat="2002-04-05"/>
  <Kunden KundenNr="11932" KundEigtNr="12709" KundArt="2" KundStatus="3" KundAufDat="2002-04-05"/>
  <Kunden KundenNr="11933" KundEigtNr="12710" KundArt="2" KundStatus="3" KundAufDat="2002-04-05"/>
  <Kunden KundenNr="11934" KundEigtNr="12711" KundArt="2" KundStatus="3" KundAufDat="2002-04-05"/>
  <Kunden KundenNr="11935" KundEigtNr="12712" KundArt="29" KundStatus="1" KundAufDat="2002-04-05"/>
  <Kunden KundenNr="11936" KundEigtNr="12626" KundArt="29" KundStatus="1" KundAufDat="2002-04-05"/>
  <Kunden KundenNr="11937" KundEigtNr="12718" KundArt="8" KundStatus="3" KundAufDat="2002-04-05"/>
  <Kunden KundenNr="11938" KundEigtNr="12720" KundArt="8" KundStatus="3" KundAufDat="2002-04-05"/>
  <Kunden KundenNr="11939" KundEigtNr="12721" KundArt="2" KundStatus="3" KundAufDat="2002-04-05"/>
  <Kunden KundenNr="11940" KundEigtNr="12722" KundArt="8" KundStatus="3" KundAufDat="2002-04-05"/>
  <Kunden KundenNr="11941" KundEigtNr="12723" KundArt="29" KundStatus="1" KundAufDat="2002-04-05"/>
  <Kunden KundenNr="11942" KundEigtNr="12724" KundArt="2" KundStatus="3" KundAufDat="2002-04-08"/>
  <Kunden KundenNr="11943" KundEigtNr="12725" KundArt="8" KundStatus="1" KundAufDat="2002-04-08"/>
  <Kunden KundenNr="11944" KundEigtNr="12726" KundArt="8" KundStatus="3" KundAufDat="2002-04-08"/>
  <Kunden KundenNr="11945" KundEigtNr="12727" KundArt="8" KundStatus="3" KundAufDat="2002-04-08"/>
  <Kunden KundenNr="11946" KundEigtNr="12728" KundArt="8" KundStatus="3" KundAufDat="2002-04-08"/>
  <Kunden KundenNr="11947" KundEigtNr="12729" KundArt="8" KundStatus="3" KundAufDat="2002-04-08"/>
  <Kunden KundenNr="11948" KundEigtNr="12730" KundArt="8" KundStatus="3" KundAufDat="2002-04-08"/>
  <Kunden KundenNr="11949" KundEigtNr="12731" KundArt="2" KundStatus="3" KundAufDat="2002-04-08"/>
  <Kunden KundenNr="11950" KundEigtNr="12732" KundArt="2" KundStatus="3" KundAufDat="2002-04-08"/>
  <Kunden KundenNr="11951" KundEigtNr="12733" KundArt="2" KundStatus="3" KundAufDat="2002-04-08"/>
  <Kunden KundenNr="11952" KundEigtNr="12734" KundArt="8" KundStatus="3" KundAufDat="2002-04-08"/>
  <Kunden KundenNr="11953" KundEigtNr="12735" KundArt="8" KundStatus="3" KundAufDat="2002-04-08"/>
  <Kunden KundenNr="11954" KundEigtNr="12303" KundArt="8" KundStatus="3" KundAufDat="2002-04-08"/>
  <Kunden KundenNr="11955" KundEigtNr="12736" KundArt="2" KundStatus="3" KundAufDat="2002-04-08"/>
  <Kunden KundenNr="11956" KundEigtNr="12737" KundArt="2" KundStatus="3" KundAufDat="2002-04-08"/>
  <Kunden KundenNr="11957" KundEigtNr="12738" KundArt="29" KundStatus="1" KundAufDat="2002-04-09"/>
  <Kunden KundenNr="11958" KundEigtNr="12739" KundArt="8" KundStatus="3" KundAufDat="2002-04-09"/>
  <Kunden KundenNr="11959" KundEigtNr="12740" KundArt="8" KundStatus="3" KundAufDat="2002-04-09"/>
  <Kunden KundenNr="11960" KundEigtNr="12741" KundArt="2" KundStatus="3" KundAufDat="2002-04-09"/>
  <Kunden KundenNr="11961" KundEigtNr="12742" KundArt="2" KundStatus="3" KundAufDat="2002-04-09"/>
  <Kunden KundenNr="11962" KundEigtNr="12743" KundArt="8" KundStatus="3" KundAufDat="2002-04-09"/>
  <Kunden KundenNr="11963" KundEigtNr="12744" KundArt="8" KundStatus="3" KundAufDat="2002-04-09"/>
  <Kunden KundenNr="11964" KundEigtNr="6293" KundArt="29" KundStatus="3" KundAufDat="2002-04-09"/>
  <Kunden KundenNr="11965" KundEigtNr="12747" KundArt="8" KundStatus="3" KundAufDat="2002-04-09"/>
  <Kunden KundenNr="11966" KundEigtNr="12748" KundArt="2" KundStatus="3" KundAufDat="2002-04-09"/>
  <Kunden KundenNr="11967" KundEigtNr="12749" KundArt="8" KundStatus="3" KundAufDat="2002-04-09"/>
  <Kunden KundenNr="11968" KundEigtNr="12750" KundArt="2" KundStatus="3" KundAufDat="2002-04-09"/>
  <Kunden KundenNr="11969" KundEigtNr="12756" KundArt="8" KundStatus="3" KundAufDat="2002-04-10"/>
  <Kunden KundenNr="11970" KundEigtNr="12757" KundArt="2" KundStatus="3" KundAufDat="2002-04-10"/>
  <Kunden KundenNr="11971" KundEigtNr="12758" KundArt="2" KundStatus="3" KundAufDat="2002-04-10"/>
  <Kunden KundenNr="11972" KundEigtNr="12759" KundArt="8" KundStatus="3" KundAufDat="2002-04-10"/>
  <Kunden KundenNr="11973" KundEigtNr="12760" KundArt="1" KundStatus="1" KundAufDat="2002-04-11"/>
  <Kunden KundenNr="11974" KundEigtNr="12761" KundArt="1" KundStatus="3" KundAufDat="2002-04-11"/>
  <Kunden KundenNr="11975" KundEigtNr="12762" KundArt="8" KundStatus="3" KundAufDat="2002-04-11"/>
  <Kunden KundenNr="11976" KundEigtNr="12763" KundArt="2" KundStatus="3" KundAufDat="2002-04-11"/>
  <Kunden KundenNr="11977" KundEigtNr="12764" KundArt="8" KundStatus="3" KundAufDat="2002-04-11"/>
  <Kunden KundenNr="11978" KundEigtNr="12765" KundArt="8" KundStatus="3" KundAufDat="2002-04-12"/>
  <Kunden KundenNr="11979" KundEigtNr="12766" KundArt="8" KundStatus="3" KundAufDat="2002-04-12"/>
  <Kunden KundenNr="11980" KundEigtNr="90" KundArt="1" KundStatus="3" KundAufDat="2002-04-12"/>
  <Kunden KundenNr="11981" KundEigtNr="12767" KundArt="2" KundStatus="3" KundAufDat="2002-04-12"/>
  <Kunden KundenNr="11982" KundEigtNr="12768" KundArt="2" KundStatus="3" KundAufDat="2002-04-12"/>
  <Kunden KundenNr="11983" KundEigtNr="12769" KundArt="2" KundStatus="3" KundAufDat="2002-04-12"/>
  <Kunden KundenNr="11984" KundEigtNr="12770" KundArt="8" KundStatus="3" KundAufDat="2002-04-12"/>
  <Kunden KundenNr="11985" KundEigtNr="12771" KundArt="8" KundStatus="3" KundAufDat="2002-04-12"/>
  <Kunden KundenNr="11986" KundEigtNr="12772" KundArt="8" KundStatus="3" KundAufDat="2002-04-15"/>
  <Kunden KundenNr="11987" KundEigtNr="12773" KundArt="8" KundStatus="3" KundAufDat="2002-04-15"/>
  <Kunden KundenNr="11988" KundEigtNr="12774" KundArt="8" KundStatus="3" KundAufDat="2002-04-15"/>
  <Kunden KundenNr="11989" KundEigtNr="12775" KundArt="8" KundStatus="3" KundAufDat="2002-04-15"/>
  <Kunden KundenNr="11990" KundEigtNr="12776" KundArt="2" KundStatus="3" KundAufDat="2002-04-15"/>
  <Kunden KundenNr="11991" KundEigtNr="12777" KundArt="2" KundStatus="3" KundAufDat="2002-04-15"/>
  <Kunden KundenNr="11992" KundEigtNr="12778" KundArt="8" KundStatus="3" KundAufDat="2002-04-15"/>
  <Kunden KundenNr="11993" KundEigtNr="12779" KundArt="8" KundStatus="3" KundAufDat="2002-04-15"/>
  <Kunden KundenNr="11994" KundEigtNr="12780" KundArt="2" KundStatus="3" KundAufDat="2002-04-15"/>
  <Kunden KundenNr="11995" KundEigtNr="12781" KundArt="2" KundStatus="3" KundAufDat="2002-04-15"/>
  <Kunden KundenNr="11996" KundEigtNr="12782" KundArt="8" KundStatus="3" KundAufDat="2002-04-15"/>
  <Kunden KundenNr="11997" KundEigtNr="12783" KundArt="8" KundStatus="3" KundAufDat="2002-04-15"/>
  <Kunden KundenNr="11998" KundEigtNr="12784" KundArt="8" KundStatus="3" KundAufDat="2002-04-15"/>
  <Kunden KundenNr="11999" KundEigtNr="12785" KundArt="2" KundStatus="3" KundAufDat="2002-04-15"/>
  <Kunden KundenNr="12000" KundEigtNr="12786" KundArt="8" KundStatus="3" KundAufDat="2002-04-15"/>
  <Kunden KundenNr="12001" KundEigtNr="12787" KundArt="8" KundStatus="3" KundAufDat="2002-04-15"/>
  <Kunden KundenNr="12002" KundEigtNr="12742" KundArt="8" KundStatus="3" KundAufDat="2002-04-16"/>
  <Kunden KundenNr="12003" KundEigtNr="12788" KundArt="8" KundStatus="3" KundAufDat="2002-04-16"/>
  <Kunden KundenNr="12004" KundEigtNr="12789" KundArt="8" KundStatus="3" KundAufDat="2002-04-16"/>
  <Kunden KundenNr="12005" KundEigtNr="12790" KundArt="2" KundStatus="3" KundAufDat="2002-04-16"/>
  <Kunden KundenNr="12006" KundEigtNr="12791" KundArt="2" KundStatus="3" KundAufDat="2002-04-16"/>
  <Kunden KundenNr="12007" KundEigtNr="12792" KundArt="2" KundStatus="3" KundAufDat="2002-04-16"/>
  <Kunden KundenNr="12008" KundEigtNr="12793" KundArt="1" KundStatus="3" KundAufDat="2002-04-17"/>
  <Kunden KundenNr="12009" KundEigtNr="12794" KundArt="2" KundStatus="3" KundAufDat="2002-04-17"/>
  <Kunden KundenNr="12010" KundEigtNr="12795" KundArt="8" KundStatus="3" KundAufDat="2002-04-17"/>
  <Kunden KundenNr="12011" KundEigtNr="12796" KundArt="2" KundStatus="3" KundAufDat="2002-04-17"/>
  <Kunden KundenNr="12012" KundEigtNr="12797" KundArt="2" KundStatus="3" KundAufDat="2002-04-17"/>
  <Kunden KundenNr="12013" KundEigtNr="12798" KundArt="8" KundStatus="3" KundAufDat="2002-04-18"/>
  <Kunden KundenNr="12014" KundEigtNr="12799" KundArt="8" KundStatus="3" KundAufDat="2002-04-18"/>
  <Kunden KundenNr="12015" KundEigtNr="12800" KundArt="8" KundStatus="3" KundAufDat="2002-04-18"/>
  <Kunden KundenNr="12016" KundEigtNr="12801" KundArt="29" KundStatus="1" KundAufDat="2002-04-18"/>
  <Kunden KundenNr="12017" KundEigtNr="12802" KundArt="2" KundStatus="3" KundAufDat="2002-04-18"/>
  <Kunden KundenNr="12018" KundEigtNr="12803" KundArt="2" KundStatus="3" KundAufDat="2002-04-19"/>
  <Kunden KundenNr="12019" KundEigtNr="12804" KundArt="8" KundStatus="3" KundAufDat="2002-04-19"/>
  <Kunden KundenNr="12020" KundEigtNr="12805" KundArt="8" KundStatus="3" KundAufDat="2002-04-19"/>
  <Kunden KundenNr="12021" KundEigtNr="12806" KundArt="2" KundStatus="3" KundAufDat="2002-04-19"/>
  <Kunden KundenNr="12022" KundEigtNr="10916" KundArt="29" KundStatus="1" KundAufDat="2002-04-19"/>
  <Kunden KundenNr="12023" KundEigtNr="12807" KundArt="29" KundStatus="1" KundAufDat="2002-04-19"/>
  <Kunden KundenNr="12024" KundEigtNr="12815" KundArt="8" KundStatus="3" KundAufDat="2002-04-19"/>
  <Kunden KundenNr="12025" KundEigtNr="12816" KundArt="8" KundStatus="3" KundAufDat="2002-04-19"/>
  <Kunden KundenNr="12026" KundEigtNr="12746" KundArt="29" KundStatus="1" KundAufDat="2002-04-19"/>
  <Kunden KundenNr="12027" KundEigtNr="12818" KundArt="8" KundStatus="3" KundAufDat="2002-04-19"/>
  <Kunden KundenNr="12028" KundEigtNr="12819" KundArt="8" KundStatus="3" KundAufDat="2002-04-19"/>
  <Kunden KundenNr="12029" KundEigtNr="12822" KundArt="8" KundStatus="3" KundAufDat="2002-04-22"/>
  <Kunden KundenNr="12030" KundEigtNr="12823" KundArt="2" KundStatus="3" KundAufDat="2002-04-22"/>
  <Kunden KundenNr="12032" KundEigtNr="12824" KundArt="8" KundStatus="3" KundAufDat="2002-04-22"/>
  <Kunden KundenNr="12033" KundEigtNr="12825" KundArt="2" KundStatus="3" KundAufDat="2002-04-22"/>
  <Kunden KundenNr="12034" KundEigtNr="12826" KundArt="8" KundStatus="3" KundAufDat="2002-04-22"/>
  <Kunden KundenNr="12035" KundEigtNr="12827" KundArt="8" KundStatus="3" KundAufDat="2002-04-22"/>
  <Kunden KundenNr="12036" KundEigtNr="12828" KundArt="8" KundStatus="3" KundAufDat="2002-04-22"/>
  <Kunden KundenNr="12037" KundEigtNr="12829" KundArt="2" KundStatus="3" KundAufDat="2002-04-22"/>
  <Kunden KundenNr="12038" KundEigtNr="12830" KundArt="8" KundStatus="3" KundAufDat="2002-04-22"/>
  <Kunden KundenNr="12039" KundEigtNr="12831" KundArt="8" KundStatus="3" KundAufDat="2002-04-22"/>
  <Kunden KundenNr="12040" KundEigtNr="12832" KundArt="8" KundStatus="3" KundAufDat="2002-04-22"/>
  <Kunden KundenNr="12041" KundEigtNr="12833" KundArt="8" KundStatus="3" KundAufDat="2002-04-23"/>
  <Kunden KundenNr="12042" KundEigtNr="12834" KundArt="8" KundStatus="3" KundAufDat="2002-04-23"/>
  <Kunden KundenNr="12043" KundEigtNr="12835" KundArt="8" KundStatus="1" KundAufDat="2002-04-23"/>
  <Kunden KundenNr="12044" KundEigtNr="12836" KundArt="2" KundStatus="3" KundAufDat="2002-04-23"/>
  <Kunden KundenNr="12045" KundEigtNr="12839" KundArt="2" KundStatus="3" KundAufDat="2002-04-23"/>
  <Kunden KundenNr="12046" KundEigtNr="12688" KundArt="29" KundStatus="1" KundAufDat="2002-04-23"/>
  <Kunden KundenNr="12047" KundEigtNr="12856" KundArt="29" KundStatus="1" KundAufDat="2002-04-23"/>
  <Kunden KundenNr="12048" KundEigtNr="12630" KundArt="29" KundStatus="1" KundAufDat="2002-04-23"/>
  <Kunden KundenNr="12049" KundEigtNr="12857" KundArt="29" KundStatus="1" KundAufDat="2002-04-23"/>
  <Kunden KundenNr="12050" KundEigtNr="12686" KundArt="29" KundStatus="1" KundAufDat="2002-04-23"/>
  <Kunden KundenNr="12051" KundEigtNr="12640" KundArt="29" KundStatus="1" KundAufDat="2002-04-23"/>
  <Kunden KundenNr="12052" KundEigtNr="12858" KundArt="8" KundStatus="3" KundAufDat="2002-04-24"/>
  <Kunden KundenNr="12053" KundEigtNr="12859" KundArt="8" KundStatus="3" KundAufDat="2002-04-24"/>
  <Kunden KundenNr="12054" KundEigtNr="12736" KundArt="8" KundStatus="3" KundAufDat="2002-04-24"/>
  <Kunden KundenNr="12055" KundEigtNr="12860" KundArt="2" KundStatus="3" KundAufDat="2002-04-24"/>
  <Kunden KundenNr="12056" KundEigtNr="12861" KundArt="8" KundStatus="3" KundAufDat="2002-04-24"/>
  <Kunden KundenNr="12057" KundEigtNr="12862" KundArt="8" KundStatus="3" KundAufDat="2002-04-24"/>
  <Kunden KundenNr="12058" KundEigtNr="12863" KundArt="2" KundStatus="3" KundAufDat="2002-04-24"/>
  <Kunden KundenNr="12059" KundEigtNr="12866" KundArt="8" KundStatus="3" KundAufDat="2002-04-24"/>
  <Kunden KundenNr="12060" KundEigtNr="12876" KundArt="2" KundStatus="3" KundAufDat="2002-04-25"/>
  <Kunden KundenNr="12061" KundEigtNr="12877" KundArt="8" KundStatus="3" KundAufDat="2002-04-25"/>
  <Kunden KundenNr="12062" KundEigtNr="12878" KundArt="8" KundStatus="1" KundAufDat="2002-04-25"/>
  <Kunden KundenNr="12063" KundEigtNr="12879" KundArt="8" KundStatus="3" KundAufDat="2002-04-25"/>
  <Kunden KundenNr="12064" KundEigtNr="12707" KundArt="8" KundStatus="3" KundAufDat="2002-04-25"/>
  <Kunden KundenNr="12065" KundEigtNr="12880" KundArt="8" KundStatus="3" KundAufDat="2002-04-25"/>
  <Kunden KundenNr="12066" KundEigtNr="12881" KundArt="1" KundStatus="3" KundAufDat="2002-04-26"/>
  <Kunden KundenNr="12067" KundEigtNr="12882" KundArt="2" KundStatus="3" KundAufDat="2002-04-26"/>
  <Kunden KundenNr="12068" KundEigtNr="12883" KundArt="29" KundStatus="1" KundAufDat="2002-04-26"/>
  <Kunden KundenNr="12069" KundEigtNr="12884" KundArt="2" KundStatus="3" KundAufDat="2002-04-26"/>
  <Kunden KundenNr="12070" KundEigtNr="12885" KundArt="8" KundStatus="3" KundAufDat="2002-04-27"/>
  <Kunden KundenNr="12072" KundEigtNr="12886" KundArt="8" KundStatus="3" KundAufDat="2002-04-29"/>
  <Kunden KundenNr="12073" KundEigtNr="12887" KundArt="8" KundStatus="3" KundAufDat="2002-04-29"/>
  <Kunden KundenNr="12074" KundEigtNr="12888" KundArt="2" KundStatus="3" KundAufDat="2002-04-29"/>
  <Kunden KundenNr="12075" KundEigtNr="12889" KundArt="2" KundStatus="3" KundAufDat="2002-04-29"/>
  <Kunden KundenNr="12076" KundEigtNr="12890" KundArt="8" KundStatus="3" KundAufDat="2002-04-29"/>
  <Kunden KundenNr="12077" KundEigtNr="12891" KundArt="2" KundStatus="3" KundAufDat="2002-04-29"/>
  <Kunden KundenNr="12078" KundEigtNr="12892" KundArt="8" KundStatus="3" KundAufDat="2002-04-29"/>
  <Kunden KundenNr="12079" KundEigtNr="12893" KundArt="2" KundStatus="3" KundAufDat="2002-04-29"/>
  <Kunden KundenNr="12080" KundEigtNr="12894" KundArt="8" KundStatus="3" KundAufDat="2002-04-29"/>
  <Kunden KundenNr="12081" KundEigtNr="12895" KundArt="8" KundStatus="3" KundAufDat="2002-04-29"/>
  <Kunden KundenNr="12082" KundEigtNr="12896" KundArt="2" KundStatus="3" KundAufDat="2002-04-29"/>
  <Kunden KundenNr="12083" KundEigtNr="12897" KundArt="2" KundStatus="3" KundAufDat="2002-04-29"/>
  <Kunden KundenNr="12084" KundEigtNr="12898" KundArt="2" KundStatus="3" KundAufDat="2002-04-29"/>
  <Kunden KundenNr="12085" KundEigtNr="12899" KundArt="8" KundStatus="3" KundAufDat="2002-04-30"/>
  <Kunden KundenNr="12086" KundEigtNr="12900" KundArt="8" KundStatus="3" KundAufDat="2002-04-30"/>
  <Kunden KundenNr="12087" KundEigtNr="12901" KundArt="2" KundStatus="3" KundAufDat="2002-04-30"/>
  <Kunden KundenNr="12088" KundEigtNr="12902" KundArt="8" KundStatus="3" KundAufDat="2002-04-30"/>
  <Kunden KundenNr="12089" KundEigtNr="12903" KundArt="2" KundStatus="3" KundAufDat="2002-04-30"/>
  <Kunden KundenNr="12090" KundEigtNr="12904" KundArt="2" KundStatus="3" KundAufDat="2002-04-30"/>
  <Kunden KundenNr="12091" KundEigtNr="12905" KundArt="8" KundStatus="3" KundAufDat="2002-04-30"/>
  <Kunden KundenNr="12092" KundEigtNr="12906" KundArt="2" KundStatus="3" KundAufDat="2002-04-30"/>
  <Kunden KundenNr="12093" KundEigtNr="12542" KundArt="2" KundStatus="3" KundAufDat="2002-04-30"/>
  <Kunden KundenNr="12094" KundEigtNr="12907" KundArt="8" KundStatus="3" KundAufDat="2002-05-02"/>
  <Kunden KundenNr="12095" KundEigtNr="12919" KundArt="2" KundStatus="3" KundAufDat="2002-05-02"/>
  <Kunden KundenNr="12096" KundEigtNr="12920" KundArt="2" KundStatus="3" KundAufDat="2002-05-02"/>
  <Kunden KundenNr="12097" KundEigtNr="12921" KundArt="8" KundStatus="3" KundAufDat="2002-05-03"/>
  <Kunden KundenNr="12098" KundEigtNr="12922" KundArt="8" KundStatus="3" KundAufDat="2002-05-03"/>
  <Kunden KundenNr="12099" KundEigtNr="12923" KundArt="8" KundStatus="3" KundAufDat="2002-05-03"/>
  <Kunden KundenNr="12100" KundEigtNr="12924" KundArt="8" KundStatus="3" KundAufDat="2002-05-03"/>
  <Kunden KundenNr="12101" KundEigtNr="12925" KundArt="8" KundStatus="1" KundAufDat="2002-05-03"/>
  <Kunden KundenNr="12102" KundEigtNr="12926" KundArt="2" KundStatus="3" KundAufDat="2002-05-03"/>
  <Kunden KundenNr="12103" KundEigtNr="12927" KundArt="8" KundStatus="3" KundAufDat="2002-05-03"/>
  <Kunden KundenNr="12104" KundEigtNr="12928" KundArt="2" KundStatus="3" KundAufDat="2002-05-03"/>
  <Kunden KundenNr="12105" KundEigtNr="12929" KundArt="2" KundStatus="3" KundAufDat="2002-05-04"/>
  <Kunden KundenNr="12106" KundEigtNr="12930" KundArt="8" KundStatus="3" KundAufDat="2002-05-06"/>
  <Kunden KundenNr="12107" KundEigtNr="12932" KundArt="8" KundStatus="3" KundAufDat="2002-05-06"/>
  <Kunden KundenNr="12108" KundEigtNr="12933" KundArt="2" KundStatus="3" KundAufDat="2002-05-06"/>
  <Kunden KundenNr="12109" KundEigtNr="12935" KundArt="2" KundStatus="3" KundAufDat="2002-05-06"/>
  <Kunden KundenNr="12110" KundEigtNr="12936" KundArt="2" KundStatus="1" KundAufDat="2002-05-06"/>
  <Kunden KundenNr="12111" KundEigtNr="12941" KundArt="8" KundStatus="3" KundAufDat="2002-05-06"/>
  <Kunden KundenNr="12112" KundEigtNr="12942" KundArt="8" KundStatus="3" KundAufDat="2002-05-06"/>
  <Kunden KundenNr="12113" KundEigtNr="12944" KundArt="8" KundStatus="3" KundAufDat="2002-05-06"/>
  <Kunden KundenNr="12114" KundEigtNr="12945" KundArt="8" KundStatus="3" KundAufDat="2002-05-06"/>
  <Kunden KundenNr="12115" KundEigtNr="12947" KundArt="8" KundStatus="3" KundAufDat="2002-05-06"/>
  <Kunden KundenNr="12116" KundEigtNr="12949" KundArt="8" KundStatus="3" KundAufDat="2002-05-06"/>
  <Kunden KundenNr="12117" KundEigtNr="12950" KundArt="2" KundStatus="3" KundAufDat="2002-05-06"/>
  <Kunden KundenNr="12118" KundEigtNr="12951" KundArt="29" KundStatus="1" KundAufDat="2002-05-06"/>
  <Kunden KundenNr="12119" KundEigtNr="12953" KundArt="29" KundStatus="1" KundAufDat="2002-05-07"/>
  <Kunden KundenNr="12120" KundEigtNr="12954" KundArt="29" KundStatus="1" KundAufDat="2002-05-07"/>
  <Kunden KundenNr="12121" KundEigtNr="12941" KundArt="1" KundStatus="3" KundAufDat="2002-05-07"/>
  <Kunden KundenNr="12122" KundEigtNr="12962" KundArt="8" KundStatus="3" KundAufDat="2002-05-07"/>
  <Kunden KundenNr="12123" KundEigtNr="12963" KundArt="8" KundStatus="3" KundAufDat="2002-05-07"/>
  <Kunden KundenNr="12124" KundEigtNr="12964" KundArt="2" KundStatus="3" KundAufDat="2002-05-07"/>
  <Kunden KundenNr="12125" KundEigtNr="12965" KundArt="2" KundStatus="3" KundAufDat="2002-05-07"/>
  <Kunden KundenNr="12126" KundEigtNr="12966" KundArt="2" KundStatus="1" KundAufDat="2002-05-07"/>
  <Kunden KundenNr="12127" KundEigtNr="12808" KundArt="29" KundStatus="1" KundAufDat="2002-05-07"/>
  <Kunden KundenNr="12128" KundEigtNr="12967" KundArt="8" KundStatus="3" KundAufDat="2002-05-07"/>
  <Kunden KundenNr="12129" KundEigtNr="12864" KundArt="29" KundStatus="1" KundAufDat="2002-05-08"/>
  <Kunden KundenNr="12130" KundEigtNr="12870" KundArt="29" KundStatus="1" KundAufDat="2002-05-08"/>
  <Kunden KundenNr="12131" KundEigtNr="12874" KundArt="29" KundStatus="1" KundAufDat="2002-05-08"/>
  <Kunden KundenNr="12132" KundEigtNr="12968" KundArt="2" KundStatus="3" KundAufDat="2002-05-08"/>
  <Kunden KundenNr="12133" KundEigtNr="12969" KundArt="29" KundStatus="1" KundAufDat="2002-05-08"/>
  <Kunden KundenNr="12134" KundEigtNr="12625" KundArt="8" KundStatus="3" KundAufDat="2002-05-08"/>
  <Kunden KundenNr="12135" KundEigtNr="12971" KundArt="8" KundStatus="3" KundAufDat="2002-05-08"/>
  <Kunden KundenNr="12136" KundEigtNr="12643" KundArt="8" KundStatus="3" KundAufDat="2002-05-08"/>
  <Kunden KundenNr="12137" KundEigtNr="12972" KundArt="8" KundStatus="3" KundAufDat="2002-05-08"/>
  <Kunden KundenNr="12138" KundEigtNr="12973" KundArt="29" KundStatus="1" KundAufDat="2002-05-08"/>
  <Kunden KundenNr="12139" KundEigtNr="12975" KundArt="8" KundStatus="3" KundAufDat="2002-05-08"/>
  <Kunden KundenNr="12140" KundEigtNr="12976" KundArt="8" KundStatus="3" KundAufDat="2002-05-08"/>
  <Kunden KundenNr="12141" KundEigtNr="12977" KundArt="2" KundStatus="3" KundAufDat="2002-05-08"/>
  <Kunden KundenNr="12142" KundEigtNr="12978" KundArt="8" KundStatus="3" KundAufDat="2002-05-08"/>
  <Kunden KundenNr="12143" KundEigtNr="12979" KundArt="2" KundStatus="3" KundAufDat="2002-05-10"/>
  <Kunden KundenNr="12144" KundEigtNr="12980" KundArt="2" KundStatus="3" KundAufDat="2002-05-10"/>
  <Kunden KundenNr="12145" KundEigtNr="12981" KundArt="2" KundStatus="3" KundAufDat="2002-05-10"/>
  <Kunden KundenNr="12146" KundEigtNr="12982" KundArt="2" KundStatus="3" KundAufDat="2002-05-13"/>
  <Kunden KundenNr="12147" KundEigtNr="12983" KundArt="8" KundStatus="3" KundAufDat="2002-05-13"/>
  <Kunden KundenNr="12148" KundEigtNr="12984" KundArt="8" KundStatus="3" KundAufDat="2002-05-13"/>
  <Kunden KundenNr="12149" KundEigtNr="12985" KundArt="2" KundStatus="3" KundAufDat="2002-05-13"/>
  <Kunden KundenNr="12150" KundEigtNr="12986" KundArt="8" KundStatus="3" KundAufDat="2002-05-13"/>
  <Kunden KundenNr="12151" KundEigtNr="12841" KundArt="29" KundStatus="1" KundAufDat="2002-05-13"/>
  <Kunden KundenNr="12152" KundEigtNr="12987" KundArt="8" KundStatus="3" KundAufDat="2002-05-13"/>
  <Kunden KundenNr="12153" KundEigtNr="12995" KundArt="2" KundStatus="3" KundAufDat="2002-05-14"/>
  <Kunden KundenNr="12154" KundEigtNr="12996" KundArt="1" KundStatus="3" KundAufDat="2002-05-14"/>
  <Kunden KundenNr="12155" KundEigtNr="12997" KundArt="29" KundStatus="1" KundAufDat="2002-05-14"/>
  <Kunden KundenNr="12156" KundEigtNr="12998" KundArt="8" KundStatus="3" KundAufDat="2002-05-14"/>
  <Kunden KundenNr="12157" KundEigtNr="12814" KundArt="29" KundStatus="1" KundAufDat="2002-05-15"/>
  <Kunden KundenNr="12158" KundEigtNr="12999" KundArt="29" KundStatus="1" KundAufDat="2002-05-15"/>
  <Kunden KundenNr="12159" KundEigtNr="13000" KundArt="29" KundStatus="1" KundAufDat="2002-05-15"/>
  <Kunden KundenNr="12160" KundEigtNr="12931" KundArt="29" KundStatus="1" KundAufDat="2002-05-15"/>
  <Kunden KundenNr="12161" KundEigtNr="13002" KundArt="8" KundStatus="3" KundAufDat="2002-05-15"/>
  <Kunden KundenNr="12162" KundEigtNr="13003" KundArt="2" KundStatus="3" KundAufDat="2002-05-15"/>
  <Kunden KundenNr="12163" KundEigtNr="13013" KundArt="2" KundStatus="3" KundAufDat="2002-05-16"/>
  <Kunden KundenNr="12164" KundEigtNr="13014" KundArt="2" KundStatus="3" KundAufDat="2002-05-16"/>
  <Kunden KundenNr="12165" KundEigtNr="13018" KundArt="8" KundStatus="3" KundAufDat="2002-05-16"/>
  <Kunden KundenNr="12166" KundEigtNr="13022" KundArt="8" KundStatus="3" KundAufDat="2002-05-16"/>
  <Kunden KundenNr="12167" KundEigtNr="13023" KundArt="29" KundStatus="1" KundAufDat="2002-05-16"/>
  <Kunden KundenNr="12168" KundEigtNr="13024" KundArt="8" KundStatus="3" KundAufDat="2002-05-16"/>
  <Kunden KundenNr="12169" KundEigtNr="13025" KundArt="8" KundStatus="3" KundAufDat="2002-05-16"/>
  <Kunden KundenNr="12170" KundEigtNr="13026" KundArt="1" KundStatus="3" KundAufDat="2002-05-17"/>
  <Kunden KundenNr="12171" KundEigtNr="12943" KundArt="29" KundStatus="1" KundAufDat="2002-05-17"/>
  <Kunden KundenNr="12172" KundEigtNr="13027" KundArt="2" KundStatus="3" KundAufDat="2002-05-17"/>
  <Kunden KundenNr="12173" KundEigtNr="13028" KundArt="8" KundStatus="3" KundAufDat="2002-05-17"/>
  <Kunden KundenNr="12174" KundEigtNr="13029" KundArt="8" KundStatus="3" KundAufDat="2002-05-21"/>
  <Kunden KundenNr="12175" KundEigtNr="13030" KundArt="8" KundStatus="1" KundAufDat="2002-05-21"/>
  <Kunden KundenNr="12176" KundEigtNr="13031" KundArt="8" KundStatus="3" KundAufDat="2002-05-21"/>
  <Kunden KundenNr="12177" KundEigtNr="13032" KundArt="29" KundStatus="1" KundAufDat="2002-05-21"/>
  <Kunden KundenNr="12178" KundEigtNr="13033" KundArt="8" KundStatus="3" KundAufDat="2002-05-21"/>
  <Kunden KundenNr="12179" KundEigtNr="13039" KundArt="8" KundStatus="3" KundAufDat="2002-05-21"/>
  <Kunden KundenNr="12180" KundEigtNr="13040" KundArt="8" KundStatus="3" KundAufDat="2002-05-21"/>
  <Kunden KundenNr="12181" KundEigtNr="13041" KundArt="8" KundStatus="3" KundAufDat="2002-05-21"/>
  <Kunden KundenNr="12182" KundEigtNr="13042" KundArt="8" KundStatus="3" KundAufDat="2002-05-21"/>
  <Kunden KundenNr="12183" KundEigtNr="13043" KundArt="2" KundStatus="3" KundAufDat="2002-05-21"/>
  <Kunden KundenNr="12184" KundEigtNr="13044" KundArt="2" KundStatus="3" KundAufDat="2002-05-21"/>
  <Kunden KundenNr="12185" KundEigtNr="13045" KundArt="2" KundStatus="3" KundAufDat="2002-05-22"/>
  <Kunden KundenNr="12186" KundEigtNr="13030" KundArt="2" KundStatus="3" KundAufDat="2002-05-22"/>
  <Kunden KundenNr="12187" KundEigtNr="13046" KundArt="8" KundStatus="3" KundAufDat="2002-05-22"/>
  <Kunden KundenNr="12188" KundEigtNr="13047" KundArt="2" KundStatus="3" KundAufDat="2002-05-22"/>
  <Kunden KundenNr="12189" KundEigtNr="13048" KundArt="2" KundStatus="3" KundAufDat="2002-05-22"/>
  <Kunden KundenNr="12190" KundEigtNr="13011" KundArt="29" KundStatus="1" KundAufDat="2002-05-22"/>
  <Kunden KundenNr="12191" KundEigtNr="1520" KundArt="29" KundStatus="1" KundAufDat="2002-05-23"/>
  <Kunden KundenNr="12192" KundEigtNr="13054" KundArt="8" KundStatus="3" KundAufDat="2002-05-23"/>
  <Kunden KundenNr="12193" KundEigtNr="12916" KundArt="29" KundStatus="1" KundAufDat="2002-05-23"/>
  <Kunden KundenNr="12194" KundEigtNr="13068" KundArt="8" KundStatus="3" KundAufDat="2002-05-24"/>
  <Kunden KundenNr="12195" KundEigtNr="13069" KundArt="2" KundStatus="3" KundAufDat="2002-05-25"/>
  <Kunden KundenNr="12196" KundEigtNr="13069" KundArt="8" KundStatus="3" KundAufDat="2002-05-25"/>
  <Kunden KundenNr="12197" KundEigtNr="13070" KundArt="2" KundStatus="3" KundAufDat="2002-05-25"/>
  <Kunden KundenNr="12198" KundEigtNr="13071" KundArt="2" KundStatus="3" KundAufDat="2002-05-27"/>
  <Kunden KundenNr="12199" KundEigtNr="13072" KundArt="2" KundStatus="3" KundAufDat="2002-05-27"/>
  <Kunden KundenNr="12200" KundEigtNr="13073" KundArt="2" KundStatus="3" KundAufDat="2002-05-27"/>
  <Kunden KundenNr="12201" KundEigtNr="13074" KundArt="2" KundStatus="3" KundAufDat="2002-05-27"/>
  <Kunden KundenNr="12202" KundEigtNr="13075" KundArt="2" KundStatus="3" KundAufDat="2002-05-27"/>
  <Kunden KundenNr="12203" KundEigtNr="13077" KundArt="2" KundStatus="3" KundAufDat="2002-05-27"/>
  <Kunden KundenNr="12204" KundEigtNr="13078" KundArt="2" KundStatus="3" KundAufDat="2002-05-27"/>
  <Kunden KundenNr="12205" KundEigtNr="13079" KundArt="8" KundStatus="3" KundAufDat="2002-05-28"/>
  <Kunden KundenNr="12206" KundEigtNr="12990" KundArt="29" KundStatus="1" KundAufDat="2002-05-28"/>
  <Kunden KundenNr="12207" KundEigtNr="13081" KundArt="29" KundStatus="1" KundAufDat="2002-05-28"/>
  <Kunden KundenNr="12208" KundEigtNr="13083" KundArt="8" KundStatus="3" KundAufDat="2002-05-28"/>
  <Kunden KundenNr="12209" KundEigtNr="13084" KundArt="8" KundStatus="3" KundAufDat="2002-05-28"/>
  <Kunden KundenNr="12210" KundEigtNr="13086" KundArt="8" KundStatus="3" KundAufDat="2002-05-28"/>
  <Kunden KundenNr="12211" KundEigtNr="13087" KundArt="1" KundStatus="3" KundAufDat="2002-05-28"/>
  <Kunden KundenNr="12212" KundEigtNr="13088" KundArt="1" KundStatus="3" KundAufDat="2002-05-28"/>
  <Kunden KundenNr="12213" KundEigtNr="13089" KundArt="8" KundStatus="3" KundAufDat="2002-05-28"/>
  <Kunden KundenNr="12214" KundEigtNr="13093" KundArt="8" KundStatus="3" KundAufDat="2002-05-28"/>
  <Kunden KundenNr="12215" KundEigtNr="13094" KundArt="8" KundStatus="3" KundAufDat="2002-05-29"/>
  <Kunden KundenNr="12216" KundEigtNr="12915" KundArt="29" KundStatus="1" KundAufDat="2002-05-29"/>
  <Kunden KundenNr="12217" KundEigtNr="13101" KundArt="8" KundStatus="3" KundAufDat="2002-05-29"/>
  <Kunden KundenNr="12218" KundEigtNr="13102" KundArt="8" KundStatus="3" KundAufDat="2002-05-29"/>
  <Kunden KundenNr="12219" KundEigtNr="13010" KundArt="29" KundStatus="1" KundAufDat="2002-05-29"/>
  <Kunden KundenNr="12220" KundEigtNr="13103" KundArt="8" KundStatus="3" KundAufDat="2002-05-29"/>
  <Kunden KundenNr="12221" KundEigtNr="13104" KundArt="8" KundStatus="3" KundAufDat="2002-05-30"/>
  <Kunden KundenNr="12222" KundEigtNr="13105" KundArt="8" KundStatus="3" KundAufDat="2002-05-30"/>
  <Kunden KundenNr="12223" KundEigtNr="12911" KundArt="29" KundStatus="1" KundAufDat="2002-05-30"/>
  <Kunden KundenNr="12224" KundEigtNr="13106" KundArt="2" KundStatus="3" KundAufDat="2002-05-30"/>
  <Kunden KundenNr="12225" KundEigtNr="13107" KundArt="2" KundStatus="3" KundAufDat="2002-05-31"/>
  <Kunden KundenNr="12226" KundEigtNr="13108" KundArt="2" KundStatus="3" KundAufDat="2002-05-31"/>
  <Kunden KundenNr="12227" KundEigtNr="13109" KundArt="8" KundStatus="3" KundAufDat="2002-05-31"/>
  <Kunden KundenNr="12228" KundEigtNr="13110" KundArt="29" KundStatus="1" KundAufDat="2002-05-31"/>
  <Kunden KundenNr="12229" KundEigtNr="13111" KundArt="2" KundStatus="3" KundAufDat="2002-05-31"/>
  <Kunden KundenNr="12230" KundEigtNr="13112" KundArt="8" KundStatus="3" KundAufDat="2002-05-31"/>
  <Kunden KundenNr="12231" KundEigtNr="13113" KundArt="2" KundStatus="3" KundAufDat="2002-05-31"/>
  <Kunden KundenNr="12232" KundEigtNr="13114" KundArt="2" KundStatus="3" KundAufDat="2002-06-01"/>
  <Kunden KundenNr="12233" KundEigtNr="13115" KundArt="8" KundStatus="3" KundAufDat="2002-06-03"/>
  <Kunden KundenNr="12234" KundEigtNr="13116" KundArt="8" KundStatus="3" KundAufDat="2002-06-03"/>
  <Kunden KundenNr="12235" KundEigtNr="13117" KundArt="2" KundStatus="3" KundAufDat="2002-06-03"/>
  <Kunden KundenNr="12236" KundEigtNr="13118" KundArt="2" KundStatus="3" KundAufDat="2002-06-03"/>
  <Kunden KundenNr="12237" KundEigtNr="13119" KundArt="2" KundStatus="3" KundAufDat="2002-06-03"/>
  <Kunden KundenNr="12238" KundEigtNr="13120" KundArt="2" KundStatus="3" KundAufDat="2002-06-03"/>
  <Kunden KundenNr="12239" KundEigtNr="13121" KundArt="2" KundStatus="3" KundAufDat="2002-06-03"/>
  <Kunden KundenNr="12240" KundEigtNr="13122" KundArt="1" KundStatus="3" KundAufDat="2002-06-03"/>
  <Kunden KundenNr="12241" KundEigtNr="13107" KundArt="1" KundStatus="3" KundAufDat="2002-06-04"/>
  <Kunden KundenNr="12242" KundEigtNr="13065" KundArt="29" KundStatus="1" KundAufDat="2002-06-04"/>
  <Kunden KundenNr="12243" KundEigtNr="12623" KundArt="29" KundStatus="1" KundAufDat="2002-06-04"/>
  <Kunden KundenNr="12244" KundEigtNr="13123" KundArt="29" KundStatus="1" KundAufDat="2002-06-04"/>
  <Kunden KundenNr="12245" KundEigtNr="13124" KundArt="8" KundStatus="3" KundAufDat="2002-06-04"/>
  <Kunden KundenNr="12246" KundEigtNr="13125" KundArt="8" KundStatus="3" KundAufDat="2002-06-04"/>
  <Kunden KundenNr="12247" KundEigtNr="13126" KundArt="2" KundStatus="3" KundAufDat="2002-06-04"/>
  <Kunden KundenNr="12248" KundEigtNr="13127" KundArt="1" KundStatus="3" KundAufDat="2002-06-04"/>
  <Kunden KundenNr="12249" KundEigtNr="13128" KundArt="1" KundStatus="3" KundAufDat="2002-06-04"/>
  <Kunden KundenNr="12250" KundEigtNr="13129" KundArt="8" KundStatus="3" KundAufDat="2002-06-05"/>
  <Kunden KundenNr="12251" KundEigtNr="10905" KundArt="2" KundStatus="3" KundAufDat="2002-06-05"/>
  <Kunden KundenNr="12252" KundEigtNr="13130" KundArt="2" KundStatus="1" KundAufDat="2002-06-05"/>
  <Kunden KundenNr="12253" KundEigtNr="13090" KundArt="29" KundStatus="1" KundAufDat="2002-06-05"/>
  <Kunden KundenNr="12254" KundEigtNr="13091" KundArt="29" KundStatus="1" KundAufDat="2002-06-05"/>
  <Kunden KundenNr="12255" KundEigtNr="13131" KundArt="2" KundStatus="3" KundAufDat="2002-06-05"/>
  <Kunden KundenNr="12256" KundEigtNr="13132" KundArt="2" KundStatus="3" KundAufDat="2002-06-05"/>
  <Kunden KundenNr="12257" KundEigtNr="13133" KundArt="8" KundStatus="3" KundAufDat="2002-06-05"/>
  <Kunden KundenNr="12258" KundEigtNr="13128" KundArt="2" KundStatus="3" KundAufDat="2002-06-05"/>
  <Kunden KundenNr="12259" KundEigtNr="13134" KundArt="2" KundStatus="3" KundAufDat="2002-06-05"/>
  <Kunden KundenNr="12260" KundEigtNr="13135" KundArt="8" KundStatus="3" KundAufDat="2002-06-05"/>
  <Kunden KundenNr="12261" KundEigtNr="13136" KundArt="2" KundStatus="3" KundAufDat="2002-06-05"/>
  <Kunden KundenNr="12262" KundEigtNr="13137" KundArt="2" KundStatus="3" KundAufDat="2002-06-06"/>
  <Kunden KundenNr="12263" KundEigtNr="13138" KundArt="8" KundStatus="3" KundAufDat="2002-06-06"/>
  <Kunden KundenNr="12264" KundEigtNr="8046" KundArt="8" KundStatus="3" KundAufDat="2002-06-06"/>
  <Kunden KundenNr="12265" KundEigtNr="13139" KundArt="29" KundStatus="1" KundAufDat="2002-06-06"/>
  <Kunden KundenNr="12266" KundEigtNr="13140" KundArt="2" KundStatus="3" KundAufDat="2002-06-06"/>
  <Kunden KundenNr="12267" KundEigtNr="13141" KundArt="8" KundStatus="3" KundAufDat="2002-06-06"/>
  <Kunden KundenNr="12268" KundEigtNr="13145" KundArt="8" KundStatus="3" KundAufDat="2002-06-06"/>
  <Kunden KundenNr="12269" KundEigtNr="13160" KundArt="8" KundStatus="3" KundAufDat="2002-06-07"/>
  <Kunden KundenNr="12270" KundEigtNr="13161" KundArt="8" KundStatus="3" KundAufDat="2002-06-07"/>
  <Kunden KundenNr="12271" KundEigtNr="13165" KundArt="8" KundStatus="3" KundAufDat="2002-06-07"/>
  <Kunden KundenNr="12272" KundEigtNr="13166" KundArt="8" KundStatus="3" KundAufDat="2002-06-10"/>
  <Kunden KundenNr="12273" KundEigtNr="13167" KundArt="8" KundStatus="3" KundAufDat="2002-06-10"/>
  <Kunden KundenNr="12274" KundEigtNr="13168" KundArt="8" KundStatus="3" KundAufDat="2002-06-10"/>
  <Kunden KundenNr="12275" KundEigtNr="13169" KundArt="2" KundStatus="3" KundAufDat="2002-06-10"/>
  <Kunden KundenNr="12276" KundEigtNr="13170" KundArt="2" KundStatus="3" KundAufDat="2002-06-10"/>
  <Kunden KundenNr="12277" KundEigtNr="13171" KundArt="2" KundStatus="3" KundAufDat="2002-06-10"/>
  <Kunden KundenNr="12278" KundEigtNr="13172" KundArt="2" KundStatus="3" KundAufDat="2002-06-10"/>
  <Kunden KundenNr="12279" KundEigtNr="13173" KundArt="8" KundStatus="3" KundAufDat="2002-06-10"/>
  <Kunden KundenNr="12280" KundEigtNr="12643" KundArt="29" KundStatus="1" KundAufDat="2002-06-10"/>
  <Kunden KundenNr="12281" KundEigtNr="13174" KundArt="2" KundStatus="3" KundAufDat="2002-06-11"/>
  <Kunden KundenNr="12282" KundEigtNr="13174" KundArt="8" KundStatus="3" KundAufDat="2002-06-11"/>
  <Kunden KundenNr="12283" KundEigtNr="13180" KundArt="2" KundStatus="3" KundAufDat="2002-06-11"/>
  <Kunden KundenNr="12284" KundEigtNr="13181" KundArt="8" KundStatus="3" KundAufDat="2002-06-11"/>
  <Kunden KundenNr="12285" KundEigtNr="13188" KundArt="8" KundStatus="3" KundAufDat="2002-06-11"/>
  <Kunden KundenNr="12286" KundEigtNr="13192" KundArt="2" KundStatus="3" KundAufDat="2002-06-12"/>
  <Kunden KundenNr="12287" KundEigtNr="13193" KundArt="29" KundStatus="1" KundAufDat="2002-06-12"/>
  <Kunden KundenNr="12288" KundEigtNr="13194" KundArt="2" KundStatus="3" KundAufDat="2002-06-12"/>
  <Kunden KundenNr="12289" KundEigtNr="13198" KundArt="2" KundStatus="3" KundAufDat="1999-06-23"/>
  <Kunden KundenNr="12290" KundEigtNr="13199" KundArt="2" KundStatus="3" KundAufDat="2002-06-13"/>
  <Kunden KundenNr="12291" KundEigtNr="13200" KundArt="8" KundStatus="3" KundAufDat="2002-06-13"/>
  <Kunden KundenNr="12292" KundEigtNr="13201" KundArt="8" KundStatus="3" KundAufDat="2002-06-13"/>
  <Kunden KundenNr="12293" KundEigtNr="13202" KundArt="2" KundStatus="3" KundAufDat="2002-06-14"/>
  <Kunden KundenNr="12294" KundEigtNr="13203" KundArt="2" KundStatus="3" KundAufDat="2002-06-14"/>
  <Kunden KundenNr="12295" KundEigtNr="13204" KundArt="8" KundStatus="3" KundAufDat="2002-06-14"/>
  <Kunden KundenNr="12296" KundEigtNr="13205" KundArt="8" KundStatus="3" KundAufDat="2002-06-14"/>
  <Kunden KundenNr="12298" KundEigtNr="13206" KundArt="8" KundStatus="3" KundAufDat="2002-06-15"/>
  <Kunden KundenNr="12299" KundEigtNr="13207" KundArt="8" KundStatus="3" KundAufDat="2002-06-17"/>
  <Kunden KundenNr="12300" KundEigtNr="13208" KundArt="8" KundStatus="3" KundAufDat="2002-06-17"/>
  <Kunden KundenNr="12301" KundEigtNr="13209" KundArt="8" KundStatus="3" KundAufDat="2002-06-17"/>
  <Kunden KundenNr="12302" KundEigtNr="13210" KundArt="8" KundStatus="3" KundAufDat="2002-06-17"/>
  <Kunden KundenNr="12303" KundEigtNr="13211" KundArt="8" KundStatus="3" KundAufDat="2002-06-17"/>
  <Kunden KundenNr="12304" KundEigtNr="13212" KundArt="8" KundStatus="3" KundAufDat="2002-06-17"/>
  <Kunden KundenNr="12305" KundEigtNr="13213" KundArt="8" KundStatus="3" KundAufDat="2002-06-17"/>
  <Kunden KundenNr="12306" KundEigtNr="13214" KundArt="8" KundStatus="3" KundAufDat="2002-06-17"/>
  <Kunden KundenNr="12307" KundEigtNr="13215" KundArt="8" KundStatus="3" KundAufDat="2002-06-17"/>
  <Kunden KundenNr="12309" KundEigtNr="13217" KundArt="2" KundStatus="3" KundAufDat="2002-06-18"/>
  <Kunden KundenNr="12310" KundEigtNr="13219" KundArt="8" KundStatus="3" KundAufDat="2002-06-18"/>
  <Kunden KundenNr="12311" KundEigtNr="13224" KundArt="2" KundStatus="3" KundAufDat="2002-06-18"/>
  <Kunden KundenNr="12312" KundEigtNr="13225" KundArt="8" KundStatus="3" KundAufDat="2002-06-18"/>
  <Kunden KundenNr="12313" KundEigtNr="13226" KundArt="8" KundStatus="3" KundAufDat="2002-06-18"/>
  <Kunden KundenNr="12314" KundEigtNr="13227" KundArt="2" KundStatus="3" KundAufDat="2002-06-18"/>
  <Kunden KundenNr="12315" KundEigtNr="13229" KundArt="2" KundStatus="3" KundAufDat="2002-06-19"/>
  <Kunden KundenNr="12316" KundEigtNr="76" KundArt="29" KundStatus="1" KundAufDat="2002-06-19"/>
  <Kunden KundenNr="12317" KundEigtNr="13234" KundArt="8" KundStatus="3" KundAufDat="2002-06-20"/>
  <Kunden KundenNr="12318" KundEigtNr="13235" KundArt="8" KundStatus="3" KundAufDat="2002-06-20"/>
  <Kunden KundenNr="12319" KundEigtNr="13236" KundArt="8" KundStatus="3" KundAufDat="2002-06-20"/>
  <Kunden KundenNr="12320" KundEigtNr="13237" KundArt="8" KundStatus="3" KundAufDat="2002-06-20"/>
  <Kunden KundenNr="12321" KundEigtNr="13238" KundArt="8" KundStatus="3" KundAufDat="2002-06-20"/>
  <Kunden KundenNr="12322" KundEigtNr="13239" KundArt="2" KundStatus="3" KundAufDat="2002-06-20"/>
  <Kunden KundenNr="12323" KundEigtNr="13240" KundArt="2" KundStatus="3" KundAufDat="2002-06-20"/>
  <Kunden KundenNr="12324" KundEigtNr="13241" KundArt="8" KundStatus="3" KundAufDat="2002-06-20"/>
  <Kunden KundenNr="12325" KundEigtNr="13242" KundArt="2" KundStatus="3" KundAufDat="2002-06-20"/>
  <Kunden KundenNr="12326" KundEigtNr="13243" KundArt="2" KundStatus="3" KundAufDat="2002-06-20"/>
  <Kunden KundenNr="12327" KundEigtNr="13244" KundArt="2" KundStatus="3" KundAufDat="2002-06-21"/>
  <Kunden KundenNr="12328" KundEigtNr="13245" KundArt="2" KundStatus="3" KundAufDat="2002-06-21"/>
  <Kunden KundenNr="12329" KundEigtNr="13246" KundArt="8" KundStatus="3" KundAufDat="2002-06-21"/>
  <Kunden KundenNr="12330" KundEigtNr="12562" KundArt="29" KundStatus="1" KundAufDat="2002-06-21"/>
  <Kunden KundenNr="12331" KundEigtNr="13247" KundArt="2" KundStatus="3" KundAufDat="2002-06-22"/>
  <Kunden KundenNr="12332" KundEigtNr="13248" KundArt="2" KundStatus="1" KundAufDat="2002-06-23"/>
  <Kunden KundenNr="12333" KundEigtNr="13249" KundArt="2" KundStatus="3" KundAufDat="2002-06-23"/>
  <Kunden KundenNr="12334" KundEigtNr="13250" KundArt="2" KundStatus="3" KundAufDat="2002-06-23"/>
  <Kunden KundenNr="12335" KundEigtNr="13251" KundArt="2" KundStatus="3" KundAufDat="2002-06-23"/>
  <Kunden KundenNr="12336" KundEigtNr="13252" KundArt="2" KundStatus="3" KundAufDat="2002-06-23"/>
  <Kunden KundenNr="12337" KundEigtNr="13253" KundArt="2" KundStatus="3" KundAufDat="2002-06-24"/>
  <Kunden KundenNr="12338" KundEigtNr="13254" KundArt="2" KundStatus="3" KundAufDat="2002-06-24"/>
  <Kunden KundenNr="12339" KundEigtNr="13255" KundArt="2" KundStatus="3" KundAufDat="2002-06-24"/>
  <Kunden KundenNr="12340" KundEigtNr="13256" KundArt="8" KundStatus="3" KundAufDat="2002-06-24"/>
  <Kunden KundenNr="12341" KundEigtNr="13257" KundArt="29" KundStatus="1" KundAufDat="2002-06-24"/>
  <Kunden KundenNr="12342" KundEigtNr="13258" KundArt="2" KundStatus="3" KundAufDat="2002-06-24"/>
  <Kunden KundenNr="12343" KundEigtNr="13208" KundArt="2" KundStatus="3" KundAufDat="2002-06-24"/>
  <Kunden KundenNr="12344" KundEigtNr="13259" KundArt="29" KundStatus="1" KundAufDat="2002-06-24"/>
  <Kunden KundenNr="12345" KundEigtNr="13260" KundArt="2" KundStatus="3" KundAufDat="2002-06-24"/>
  <Kunden KundenNr="12346" KundEigtNr="13261" KundArt="2" KundStatus="3" KundAufDat="2002-06-25"/>
  <Kunden KundenNr="12347" KundEigtNr="13262" KundArt="2" KundStatus="3" KundAufDat="2002-06-25"/>
  <Kunden KundenNr="12348" KundEigtNr="13263" KundArt="2" KundStatus="3" KundAufDat="2002-06-25"/>
  <Kunden KundenNr="12349" KundEigtNr="13264" KundArt="2" KundStatus="3" KundAufDat="2002-06-25"/>
  <Kunden KundenNr="12350" KundEigtNr="13265" KundArt="8" KundStatus="3" KundAufDat="2002-06-25"/>
  <Kunden KundenNr="12351" KundEigtNr="13269" KundArt="2" KundStatus="3" KundAufDat="2002-06-25"/>
  <Kunden KundenNr="12352" KundEigtNr="13270" KundArt="2" KundStatus="3" KundAufDat="2002-06-25"/>
  <Kunden KundenNr="12353" KundEigtNr="13220" KundArt="29" KundStatus="1" KundAufDat="2002-06-25"/>
  <Kunden KundenNr="12354" KundEigtNr="13278" KundArt="8" KundStatus="3" KundAufDat="2002-06-25"/>
  <Kunden KundenNr="12355" KundEigtNr="13283" KundArt="2" KundStatus="3" KundAufDat="2002-06-26"/>
  <Kunden KundenNr="12356" KundEigtNr="13148" KundArt="29" KundStatus="1" KundAufDat="2002-06-26"/>
  <Kunden KundenNr="12357" KundEigtNr="13285" KundArt="2" KundStatus="3" KundAufDat="2002-06-26"/>
  <Kunden KundenNr="12358" KundEigtNr="13286" KundArt="29" KundStatus="1" KundAufDat="2002-06-26"/>
  <Kunden KundenNr="12359" KundEigtNr="13151" KundArt="29" KundStatus="1" KundAufDat="2002-06-26"/>
  <Kunden KundenNr="12360" KundEigtNr="12504" KundArt="2" KundStatus="3" KundAufDat="2002-06-27"/>
  <Kunden KundenNr="12361" KundEigtNr="13287" KundArt="2" KundStatus="3" KundAufDat="2002-06-27"/>
  <Kunden KundenNr="12362" KundEigtNr="13288" KundArt="2" KundStatus="3" KundAufDat="2002-06-27"/>
  <Kunden KundenNr="12363" KundEigtNr="13289" KundArt="2" KundStatus="3" KundAufDat="2002-06-27"/>
  <Kunden KundenNr="12364" KundEigtNr="13200" KundArt="2" KundStatus="3" KundAufDat="2002-06-27"/>
  <Kunden KundenNr="12365" KundEigtNr="13290" KundArt="8" KundStatus="3" KundAufDat="2002-06-27"/>
  <Kunden KundenNr="12366" KundEigtNr="13290" KundArt="2" KundStatus="3" KundAufDat="2002-06-27"/>
  <Kunden KundenNr="12367" KundEigtNr="13291" KundArt="2" KundStatus="3" KundAufDat="2002-06-27"/>
  <Kunden KundenNr="12368" KundEigtNr="13119" KundArt="8" KundStatus="3" KundAufDat="2002-06-28"/>
  <Kunden KundenNr="12369" KundEigtNr="13292" KundArt="2" KundStatus="3" KundAufDat="2002-06-28"/>
  <Kunden KundenNr="12370" KundEigtNr="13293" KundArt="8" KundStatus="3" KundAufDat="2002-06-28"/>
  <Kunden KundenNr="12371" KundEigtNr="12217" KundArt="8" KundStatus="3" KundAufDat="2002-06-28"/>
  <Kunden KundenNr="12372" KundEigtNr="13294" KundArt="8" KundStatus="3" KundAufDat="2002-06-28"/>
  <Kunden KundenNr="12373" KundEigtNr="13295" KundArt="8" KundStatus="3" KundAufDat="2002-06-28"/>
  <Kunden KundenNr="12374" KundEigtNr="13296" KundArt="2" KundStatus="3" KundAufDat="2002-07-01"/>
  <Kunden KundenNr="12375" KundEigtNr="13260" KundArt="8" KundStatus="3" KundAufDat="2002-07-01"/>
  <Kunden KundenNr="12376" KundEigtNr="13297" KundArt="8" KundStatus="3" KundAufDat="2002-07-01"/>
  <Kunden KundenNr="12377" KundEigtNr="13298" KundArt="8" KundStatus="3" KundAufDat="2002-07-01"/>
  <Kunden KundenNr="12378" KundEigtNr="13280" KundArt="29" KundStatus="1" KundAufDat="2002-07-01"/>
  <Kunden KundenNr="12379" KundEigtNr="13299" KundArt="2" KundStatus="3" KundAufDat="2002-07-01"/>
  <Kunden KundenNr="12380" KundEigtNr="13300" KundArt="8" KundStatus="3" KundAufDat="2002-07-01"/>
  <Kunden KundenNr="12381" KundEigtNr="13301" KundArt="8" KundStatus="3" KundAufDat="2002-07-01"/>
  <Kunden KundenNr="12382" KundEigtNr="13302" KundArt="2" KundStatus="3" KundAufDat="2002-07-01"/>
  <Kunden KundenNr="12383" KundEigtNr="13303" KundArt="8" KundStatus="3" KundAufDat="2002-07-01"/>
  <Kunden KundenNr="12384" KundEigtNr="13304" KundArt="8" KundStatus="3" KundAufDat="2002-07-01"/>
  <Kunden KundenNr="12385" KundEigtNr="13305" KundArt="2" KundStatus="3" KundAufDat="2002-07-01"/>
  <Kunden KundenNr="12386" KundEigtNr="13306" KundArt="8" KundStatus="3" KundAufDat="2002-07-01"/>
  <Kunden KundenNr="12387" KundEigtNr="13307" KundArt="2" KundStatus="3" KundAufDat="2002-07-01"/>
  <Kunden KundenNr="12388" KundEigtNr="13309" KundArt="2" KundStatus="3" KundAufDat="2002-07-02"/>
  <Kunden KundenNr="12389" KundEigtNr="13310" KundArt="2" KundStatus="3" KundAufDat="2002-07-02"/>
  <Kunden KundenNr="12390" KundEigtNr="13311" KundArt="2" KundStatus="3" KundAufDat="2002-07-02"/>
  <Kunden KundenNr="12391" KundEigtNr="13312" KundArt="2" KundStatus="3" KundAufDat="2002-07-02"/>
  <Kunden KundenNr="12392" KundEigtNr="13313" KundArt="2" KundStatus="3" KundAufDat="2002-07-02"/>
  <Kunden KundenNr="12393" KundEigtNr="13314" KundArt="2" KundStatus="3" KundAufDat="2002-07-02"/>
  <Kunden KundenNr="12394" KundEigtNr="13157" KundArt="29" KundStatus="1" KundAufDat="2002-07-02"/>
  <Kunden KundenNr="12395" KundEigtNr="13320" KundArt="2" KundStatus="3" KundAufDat="2002-07-02"/>
  <Kunden KundenNr="12396" KundEigtNr="10987" KundArt="8" KundStatus="3" KundAufDat="2002-07-02"/>
  <Kunden KundenNr="12397" KundEigtNr="13326" KundArt="8" KundStatus="3" KundAufDat="2002-07-03"/>
  <Kunden KundenNr="12398" KundEigtNr="13327" KundArt="29" KundStatus="1" KundAufDat="2002-07-03"/>
  <Kunden KundenNr="12399" KundEigtNr="13328" KundArt="8" KundStatus="3" KundAufDat="2002-07-03"/>
  <Kunden KundenNr="12400" KundEigtNr="13329" KundArt="2" KundStatus="3" KundAufDat="2002-07-03"/>
  <Kunden KundenNr="12401" KundEigtNr="12622" KundArt="29" KundStatus="1" KundAufDat="2002-07-03"/>
  <Kunden KundenNr="12402" KundEigtNr="13330" KundArt="2" KundStatus="3" KundAufDat="2002-07-03"/>
  <Kunden KundenNr="12403" KundEigtNr="13331" KundArt="8" KundStatus="3" KundAufDat="2002-07-04"/>
  <Kunden KundenNr="12404" KundEigtNr="13332" KundArt="2" KundStatus="3" KundAufDat="2002-07-04"/>
  <Kunden KundenNr="12405" KundEigtNr="13333" KundArt="2" KundStatus="3" KundAufDat="2002-07-04"/>
  <Kunden KundenNr="12406" KundEigtNr="13334" KundArt="29" KundStatus="1" KundAufDat="2002-07-05"/>
  <Kunden KundenNr="12407" KundEigtNr="6867" KundArt="8" KundStatus="3" KundAufDat="2002-07-06"/>
  <Kunden KundenNr="12408" KundEigtNr="13316" KundArt="29" KundStatus="1" KundAufDat="2002-07-08"/>
  <Kunden KundenNr="12409" KundEigtNr="13335" KundArt="8" KundStatus="3" KundAufDat="2002-07-08"/>
  <Kunden KundenNr="12410" KundEigtNr="13336" KundArt="8" KundStatus="3" KundAufDat="2002-07-08"/>
  <Kunden KundenNr="12411" KundEigtNr="13337" KundArt="2" KundStatus="3" KundAufDat="2002-07-08"/>
  <Kunden KundenNr="12412" KundEigtNr="13204" KundArt="2" KundStatus="3" KundAufDat="2002-07-08"/>
  <Kunden KundenNr="12413" KundEigtNr="13338" KundArt="2" KundStatus="3" KundAufDat="2002-07-08"/>
  <Kunden KundenNr="12415" KundEigtNr="13340" KundArt="8" KundStatus="3" KundAufDat="2002-07-08"/>
  <Kunden KundenNr="12416" KundEigtNr="13342" KundArt="1" KundStatus="3" KundAufDat="2002-07-08"/>
  <Kunden KundenNr="12417" KundEigtNr="12665" KundArt="2" KundStatus="3" KundAufDat="2002-07-09"/>
  <Kunden KundenNr="12418" KundEigtNr="13353" KundArt="8" KundStatus="3" KundAufDat="2002-07-09"/>
  <Kunden KundenNr="12419" KundEigtNr="13354" KundArt="2" KundStatus="3" KundAufDat="2002-07-09"/>
  <Kunden KundenNr="12420" KundEigtNr="13355" KundArt="8" KundStatus="3" KundAufDat="2002-07-10"/>
  <Kunden KundenNr="12421" KundEigtNr="13356" KundArt="29" KundStatus="1" KundAufDat="2002-07-10"/>
  <Kunden KundenNr="12422" KundEigtNr="13357" KundArt="2" KundStatus="3" KundAufDat="2002-07-10"/>
  <Kunden KundenNr="12423" KundEigtNr="13358" KundArt="2" KundStatus="1" KundAufDat="2002-07-10"/>
  <Kunden KundenNr="12424" KundEigtNr="13359" KundArt="2" KundStatus="3" KundAufDat="2002-07-10"/>
  <Kunden KundenNr="12425" KundEigtNr="13360" KundArt="8" KundStatus="3" KundAufDat="2002-07-10"/>
  <Kunden KundenNr="12426" KundEigtNr="13361" KundArt="8" KundStatus="3" KundAufDat="2002-07-10"/>
  <Kunden KundenNr="12427" KundEigtNr="13362" KundArt="8" KundStatus="3" KundAufDat="2002-07-11"/>
  <Kunden KundenNr="12428" KundEigtNr="13363" KundArt="2" KundStatus="3" KundAufDat="2002-07-12"/>
  <Kunden KundenNr="12429" KundEigtNr="13364" KundArt="2" KundStatus="3" KundAufDat="2002-07-12"/>
  <Kunden KundenNr="12430" KundEigtNr="13365" KundArt="2" KundStatus="3" KundAufDat="2002-07-12"/>
  <Kunden KundenNr="12431" KundEigtNr="13366" KundArt="2" KundStatus="3" KundAufDat="2002-07-12"/>
  <Kunden KundenNr="12432" KundEigtNr="13367" KundArt="2" KundStatus="3" KundAufDat="2002-07-12"/>
  <Kunden KundenNr="12433" KundEigtNr="13368" KundArt="2" KundStatus="3" KundAufDat="2002-07-12"/>
  <Kunden KundenNr="12434" KundEigtNr="13369" KundArt="8" KundStatus="3" KundAufDat="2002-07-15"/>
  <Kunden KundenNr="12435" KundEigtNr="13370" KundArt="8" KundStatus="3" KundAufDat="2002-07-15"/>
  <Kunden KundenNr="12436" KundEigtNr="13371" KundArt="2" KundStatus="3" KundAufDat="2002-07-15"/>
  <Kunden KundenNr="12437" KundEigtNr="13372" KundArt="2" KundStatus="3" KundAufDat="2002-07-15"/>
  <Kunden KundenNr="12442" KundEigtNr="13377" KundArt="2" KundStatus="3" KundAufDat="2002-07-15"/>
  <Kunden KundenNr="12443" KundEigtNr="13384" KundArt="8" KundStatus="3" KundAufDat="2002-07-16"/>
  <Kunden KundenNr="12444" KundEigtNr="13385" KundArt="1" KundStatus="3" KundAufDat="2002-07-16"/>
  <Kunden KundenNr="12445" KundEigtNr="12401" KundArt="1" KundStatus="3" KundAufDat="2002-07-16"/>
  <Kunden KundenNr="12446" KundEigtNr="13386" KundArt="2" KundStatus="3" KundAufDat="2002-07-16"/>
  <Kunden KundenNr="12447" KundEigtNr="13384" KundArt="2" KundStatus="3" KundAufDat="2002-07-16"/>
  <Kunden KundenNr="12448" KundEigtNr="13387" KundArt="2" KundStatus="3" KundAufDat="2002-07-16"/>
  <Kunden KundenNr="12449" KundEigtNr="13388" KundArt="2" KundStatus="3" KundAufDat="2002-07-16"/>
  <Kunden KundenNr="12450" KundEigtNr="13389" KundArt="2" KundStatus="3" KundAufDat="2002-07-16"/>
  <Kunden KundenNr="12451" KundEigtNr="13390" KundArt="2" KundStatus="3" KundAufDat="2002-07-16"/>
  <Kunden KundenNr="12452" KundEigtNr="13315" KundArt="29" KundStatus="1" KundAufDat="2002-07-17"/>
  <Kunden KundenNr="12453" KundEigtNr="12707" KundArt="8" KundStatus="3" KundAufDat="2002-07-17"/>
  <Kunden KundenNr="12454" KundEigtNr="13391" KundArt="8" KundStatus="3" KundAufDat="2002-07-17"/>
  <Kunden KundenNr="12455" KundEigtNr="13392" KundArt="2" KundStatus="3" KundAufDat="2002-07-18"/>
  <Kunden KundenNr="12456" KundEigtNr="13393" KundArt="2" KundStatus="3" KundAufDat="2002-07-18"/>
  <Kunden KundenNr="12457" KundEigtNr="13394" KundArt="2" KundStatus="3" KundAufDat="2002-07-18"/>
  <Kunden KundenNr="12458" KundEigtNr="13395" KundArt="8" KundStatus="3" KundAufDat="2002-07-18"/>
  <Kunden KundenNr="12459" KundEigtNr="13396" KundArt="8" KundStatus="3" KundAufDat="2002-07-18"/>
  <Kunden KundenNr="12460" KundEigtNr="13397" KundArt="8" KundStatus="3" KundAufDat="2002-07-18"/>
  <Kunden KundenNr="12461" KundEigtNr="13398" KundArt="8" KundStatus="3" KundAufDat="2002-07-19"/>
  <Kunden KundenNr="12462" KundEigtNr="13399" KundArt="2" KundStatus="3" KundAufDat="2002-07-19"/>
  <Kunden KundenNr="12463" KundEigtNr="13400" KundArt="2" KundStatus="3" KundAufDat="2002-07-19"/>
  <Kunden KundenNr="12464" KundEigtNr="13401" KundArt="8" KundStatus="3" KundAufDat="2002-07-22"/>
  <Kunden KundenNr="12465" KundEigtNr="13402" KundArt="2" KundStatus="3" KundAufDat="2002-07-22"/>
  <Kunden KundenNr="12466" KundEigtNr="13403" KundArt="2" KundStatus="1" KundAufDat="2002-07-22"/>
  <Kunden KundenNr="12467" KundEigtNr="13404" KundArt="2" KundStatus="3" KundAufDat="2002-07-22"/>
  <Kunden KundenNr="12468" KundEigtNr="13405" KundArt="2" KundStatus="3" KundAufDat="2002-07-22"/>
  <Kunden KundenNr="12469" KundEigtNr="13406" KundArt="2" KundStatus="3" KundAufDat="2002-07-22"/>
  <Kunden KundenNr="12470" KundEigtNr="13407" KundArt="8" KundStatus="3" KundAufDat="2002-07-22"/>
  <Kunden KundenNr="12471" KundEigtNr="13408" KundArt="8" KundStatus="3" KundAufDat="2002-07-22"/>
  <Kunden KundenNr="12472" KundEigtNr="13409" KundArt="8" KundStatus="1" KundAufDat="2002-07-22"/>
  <Kunden KundenNr="12473" KundEigtNr="13410" KundArt="8" KundStatus="3" KundAufDat="2002-07-22"/>
  <Kunden KundenNr="12474" KundEigtNr="13411" KundArt="8" KundStatus="3" KundAufDat="2002-07-22"/>
  <Kunden KundenNr="12475" KundEigtNr="13359" KundArt="8" KundStatus="3" KundAufDat="2002-07-22"/>
  <Kunden KundenNr="12476" KundEigtNr="13412" KundArt="8" KundStatus="3" KundAufDat="2002-07-22"/>
  <Kunden KundenNr="12477" KundEigtNr="13418" KundArt="8" KundStatus="3" KundAufDat="2002-07-23"/>
  <Kunden KundenNr="12478" KundEigtNr="13419" KundArt="8" KundStatus="3" KundAufDat="2002-07-23"/>
  <Kunden KundenNr="12479" KundEigtNr="11988" KundArt="29" KundStatus="1" KundAufDat="2002-07-23"/>
  <Kunden KundenNr="12480" KundEigtNr="13380" KundArt="29" KundStatus="1" KundAufDat="2002-07-23"/>
  <Kunden KundenNr="12481" KundEigtNr="13422" KundArt="8" KundStatus="3" KundAufDat="2002-07-23"/>
  <Kunden KundenNr="12482" KundEigtNr="13423" KundArt="2" KundStatus="3" KundAufDat="2002-07-23"/>
  <Kunden KundenNr="12483" KundEigtNr="13424" KundArt="8" KundStatus="3" KundAufDat="2002-07-23"/>
  <Kunden KundenNr="12484" KundEigtNr="13425" KundArt="29" KundStatus="1" KundAufDat="2002-07-23"/>
  <Kunden KundenNr="12485" KundEigtNr="13427" KundArt="29" KundStatus="1" KundAufDat="2002-07-23"/>
  <Kunden KundenNr="12486" KundEigtNr="13431" KundArt="8" KundStatus="3" KundAufDat="2002-07-23"/>
  <Kunden KundenNr="12487" KundEigtNr="13432" KundArt="8" KundStatus="3" KundAufDat="2002-07-24"/>
  <Kunden KundenNr="12488" KundEigtNr="13433" KundArt="2" KundStatus="3" KundAufDat="2002-07-24"/>
  <Kunden KundenNr="12489" KundEigtNr="13434" KundArt="29" KundStatus="1" KundAufDat="2002-07-24"/>
  <Kunden KundenNr="12491" KundEigtNr="13436" KundArt="29" KundStatus="1" KundAufDat="2002-07-24"/>
  <Kunden KundenNr="12492" KundEigtNr="13351" KundArt="29" KundStatus="1" KundAufDat="2002-07-25"/>
  <Kunden KundenNr="12493" KundEigtNr="13445" KundArt="8" KundStatus="3" KundAufDat="2002-07-25"/>
  <Kunden KundenNr="12494" KundEigtNr="13446" KundArt="2" KundStatus="3" KundAufDat="2002-07-25"/>
  <Kunden KundenNr="12495" KundEigtNr="9900" KundArt="29" KundStatus="1" KundAufDat="2002-07-25"/>
  <Kunden KundenNr="12496" KundEigtNr="13447" KundArt="8" KundStatus="1" KundAufDat="2002-07-26"/>
  <Kunden KundenNr="12497" KundEigtNr="12240" KundArt="1" KundStatus="3" KundAufDat="2002-07-26"/>
  <Kunden KundenNr="12498" KundEigtNr="13448" KundArt="2" KundStatus="3" KundAufDat="2002-07-26"/>
  <Kunden KundenNr="12499" KundEigtNr="13449" KundArt="2" KundStatus="3" KundAufDat="2002-07-26"/>
  <Kunden KundenNr="12500" KundEigtNr="12528" KundArt="2" KundStatus="3" KundAufDat="2002-07-26"/>
  <Kunden KundenNr="12501" KundEigtNr="13450" KundArt="8" KundStatus="3" KundAufDat="2002-07-29"/>
  <Kunden KundenNr="12502" KundEigtNr="13451" KundArt="8" KundStatus="3" KundAufDat="2002-07-29"/>
  <Kunden KundenNr="12503" KundEigtNr="13452" KundArt="8" KundStatus="3" KundAufDat="2002-07-29"/>
  <Kunden KundenNr="12504" KundEigtNr="13453" KundArt="2" KundStatus="3" KundAufDat="2002-07-29"/>
  <Kunden KundenNr="12505" KundEigtNr="13454" KundArt="8" KundStatus="3" KundAufDat="2002-07-29"/>
  <Kunden KundenNr="12506" KundEigtNr="13455" KundArt="8" KundStatus="3" KundAufDat="2002-07-29"/>
  <Kunden KundenNr="12507" KundEigtNr="13456" KundArt="8" KundStatus="3" KundAufDat="2002-07-29"/>
  <Kunden KundenNr="12508" KundEigtNr="13457" KundArt="8" KundStatus="3" KundAufDat="2002-07-29"/>
  <Kunden KundenNr="12509" KundEigtNr="13458" KundArt="8" KundStatus="3" KundAufDat="2002-07-29"/>
  <Kunden KundenNr="12510" KundEigtNr="13413" KundArt="29" KundStatus="1" KundAufDat="2002-07-31"/>
  <Kunden KundenNr="12511" KundEigtNr="13467" KundArt="2" KundStatus="3" KundAufDat="2002-07-31"/>
  <Kunden KundenNr="12512" KundEigtNr="13473" KundArt="2" KundStatus="3" KundAufDat="2002-08-02"/>
  <Kunden KundenNr="12513" KundEigtNr="13474" KundArt="2" KundStatus="3" KundAufDat="2002-08-02"/>
  <Kunden KundenNr="12514" KundEigtNr="13475" KundArt="8" KundStatus="3" KundAufDat="2002-08-02"/>
  <Kunden KundenNr="12515" KundEigtNr="13476" KundArt="8" KundStatus="3" KundAufDat="2002-08-02"/>
  <Kunden KundenNr="12516" KundEigtNr="13446" KundArt="8" KundStatus="3" KundAufDat="2002-08-02"/>
  <Kunden KundenNr="12517" KundEigtNr="13477" KundArt="8" KundStatus="3" KundAufDat="2002-08-02"/>
  <Kunden KundenNr="12518" KundEigtNr="13414" KundArt="29" KundStatus="1" KundAufDat="2002-08-02"/>
  <Kunden KundenNr="12519" KundEigtNr="13478" KundArt="8" KundStatus="3" KundAufDat="2002-08-05"/>
  <Kunden KundenNr="12520" KundEigtNr="13479" KundArt="8" KundStatus="3" KundAufDat="2002-08-05"/>
  <Kunden KundenNr="12521" KundEigtNr="13480" KundArt="8" KundStatus="3" KundAufDat="2002-08-05"/>
  <Kunden KundenNr="12522" KundEigtNr="13481" KundArt="8" KundStatus="3" KundAufDat="2002-08-05"/>
  <Kunden KundenNr="12523" KundEigtNr="13482" KundArt="2" KundStatus="3" KundAufDat="2002-08-05"/>
  <Kunden KundenNr="12524" KundEigtNr="13483" KundArt="8" KundStatus="3" KundAufDat="2002-08-06"/>
  <Kunden KundenNr="12525" KundEigtNr="13484" KundArt="8" KundStatus="3" KundAufDat="2002-08-06"/>
  <Kunden KundenNr="12526" KundEigtNr="13485" KundArt="8" KundStatus="3" KundAufDat="2002-08-06"/>
  <Kunden KundenNr="12527" KundEigtNr="13486" KundArt="8" KundStatus="3" KundAufDat="2002-08-06"/>
  <Kunden KundenNr="12528" KundEigtNr="13487" KundArt="2" KundStatus="3" KundAufDat="2002-08-06"/>
  <Kunden KundenNr="12529" KundEigtNr="13488" KundArt="2" KundStatus="3" KundAufDat="2002-08-06"/>
  <Kunden KundenNr="12530" KundEigtNr="13489" KundArt="2" KundStatus="3" KundAufDat="2002-08-06"/>
  <Kunden KundenNr="12531" KundEigtNr="13490" KundArt="8" KundStatus="3" KundAufDat="2002-08-06"/>
  <Kunden KundenNr="12532" KundEigtNr="13492" KundArt="8" KundStatus="3" KundAufDat="2002-08-06"/>
  <Kunden KundenNr="12533" KundEigtNr="13494" KundArt="8" KundStatus="3" KundAufDat="2002-08-06"/>
  <Kunden KundenNr="12534" KundEigtNr="13496" KundArt="2" KundStatus="3" KundAufDat="2002-08-06"/>
  <Kunden KundenNr="12535" KundEigtNr="13499" KundArt="1" KundStatus="3" KundAufDat="2002-08-06"/>
  <Kunden KundenNr="12536" KundEigtNr="13505" KundArt="8" KundStatus="3" KundAufDat="2002-08-06"/>
  <Kunden KundenNr="12537" KundEigtNr="13506" KundArt="8" KundStatus="3" KundAufDat="2002-08-06"/>
  <Kunden KundenNr="12538" KundEigtNr="13514" KundArt="2" KundStatus="3" KundAufDat="2002-08-07"/>
  <Kunden KundenNr="12539" KundEigtNr="13515" KundArt="2" KundStatus="3" KundAufDat="2002-08-07"/>
  <Kunden KundenNr="12540" KundEigtNr="13516" KundArt="8" KundStatus="3" KundAufDat="2002-08-07"/>
  <Kunden KundenNr="12541" KundEigtNr="13517" KundArt="8" KundStatus="3" KundAufDat="2002-08-07"/>
  <Kunden KundenNr="12542" KundEigtNr="13518" KundArt="8" KundStatus="3" KundAufDat="2002-08-08"/>
  <Kunden KundenNr="12543" KundEigtNr="13519" KundArt="8" KundStatus="3" KundAufDat="2002-08-08"/>
  <Kunden KundenNr="12544" KundEigtNr="13520" KundArt="8" KundStatus="3" KundAufDat="2002-08-08"/>
  <Kunden KundenNr="12545" KundEigtNr="13521" KundArt="2" KundStatus="3" KundAufDat="2002-08-09"/>
  <Kunden KundenNr="12546" KundEigtNr="13522" KundArt="2" KundStatus="3" KundAufDat="2002-08-09"/>
  <Kunden KundenNr="12547" KundEigtNr="13523" KundArt="2" KundStatus="1" KundAufDat="2002-08-09"/>
  <Kunden KundenNr="12548" KundEigtNr="13524" KundArt="2" KundStatus="3" KundAufDat="2002-08-09"/>
  <Kunden KundenNr="12549" KundEigtNr="13525" KundArt="8" KundStatus="1" KundAufDat="2002-08-09"/>
  <Kunden KundenNr="12550" KundEigtNr="13526" KundArt="1" KundStatus="3" KundAufDat="2002-08-09"/>
  <Kunden KundenNr="12551" KundEigtNr="13527" KundArt="8" KundStatus="3" KundAufDat="2002-08-09"/>
  <Kunden KundenNr="12552" KundEigtNr="13345" KundArt="29" KundStatus="1" KundAufDat="2002-08-09"/>
  <Kunden KundenNr="12553" KundEigtNr="13415" KundArt="29" KundStatus="1" KundAufDat="2002-08-09"/>
  <Kunden KundenNr="12554" KundEigtNr="13464" KundArt="29" KundStatus="1" KundAufDat="2002-08-09"/>
  <Kunden KundenNr="12555" KundEigtNr="13528" KundArt="8" KundStatus="3" KundAufDat="2002-08-12"/>
  <Kunden KundenNr="12556" KundEigtNr="13529" KundArt="8" KundStatus="3" KundAufDat="2002-08-12"/>
  <Kunden KundenNr="12557" KundEigtNr="13531" KundArt="8" KundStatus="3" KundAufDat="2002-08-12"/>
  <Kunden KundenNr="12558" KundEigtNr="13532" KundArt="8" KundStatus="1" KundAufDat="2002-08-12"/>
  <Kunden KundenNr="12559" KundEigtNr="13533" KundArt="8" KundStatus="3" KundAufDat="2002-08-12"/>
  <Kunden KundenNr="12560" KundEigtNr="13534" KundArt="8" KundStatus="3" KundAufDat="2002-08-12"/>
  <Kunden KundenNr="12561" KundEigtNr="13535" KundArt="2" KundStatus="3" KundAufDat="2002-08-12"/>
  <Kunden KundenNr="12562" KundEigtNr="13536" KundArt="2" KundStatus="3" KundAufDat="2002-08-12"/>
  <Kunden KundenNr="12563" KundEigtNr="13537" KundArt="2" KundStatus="3" KundAufDat="2002-08-12"/>
  <Kunden KundenNr="12564" KundEigtNr="10581" KundArt="2" KundStatus="3" KundAufDat="2002-08-12"/>
  <Kunden KundenNr="12565" KundEigtNr="13538" KundArt="2" KundStatus="3" KundAufDat="2002-08-12"/>
  <Kunden KundenNr="12566" KundEigtNr="13539" KundArt="2" KundStatus="3" KundAufDat="2002-08-12"/>
  <Kunden KundenNr="12567" KundEigtNr="13540" KundArt="2" KundStatus="1" KundAufDat="2002-08-12"/>
  <Kunden KundenNr="12568" KundEigtNr="13541" KundArt="8" KundStatus="3" KundAufDat="2002-08-12"/>
  <Kunden KundenNr="12569" KundEigtNr="13542" KundArt="2" KundStatus="1" KundAufDat="2002-08-12"/>
  <Kunden KundenNr="12570" KundEigtNr="13556" KundArt="2" KundStatus="3" KundAufDat="2002-08-13"/>
  <Kunden KundenNr="12571" KundEigtNr="13557" KundArt="2" KundStatus="3" KundAufDat="2002-08-13"/>
  <Kunden KundenNr="12572" KundEigtNr="13558" KundArt="2" KundStatus="3" KundAufDat="2002-08-13"/>
  <Kunden KundenNr="12573" KundEigtNr="13559" KundArt="2" KundStatus="3" KundAufDat="2002-08-13"/>
  <Kunden KundenNr="12574" KundEigtNr="13560" KundArt="8" KundStatus="3" KundAufDat="2002-08-13"/>
  <Kunden KundenNr="12575" KundEigtNr="13561" KundArt="2" KundStatus="3" KundAufDat="2002-08-13"/>
  <Kunden KundenNr="12576" KundEigtNr="2233" KundArt="29" KundStatus="1" KundAufDat="2002-08-13"/>
  <Kunden KundenNr="12577" KundEigtNr="13562" KundArt="8" KundStatus="3" KundAufDat="2002-08-13"/>
  <Kunden KundenNr="12578" KundEigtNr="13501" KundArt="29" KundStatus="1" KundAufDat="2002-08-14"/>
  <Kunden KundenNr="12579" KundEigtNr="13563" KundArt="2" KundStatus="3" KundAufDat="2002-08-14"/>
  <Kunden KundenNr="12580" KundEigtNr="13564" KundArt="29" KundStatus="1" KundAufDat="2002-08-14"/>
  <Kunden KundenNr="12581" KundEigtNr="13565" KundArt="29" KundStatus="1" KundAufDat="2002-08-14"/>
  <Kunden KundenNr="12582" KundEigtNr="13566" KundArt="8" KundStatus="3" KundAufDat="2002-08-14"/>
  <Kunden KundenNr="12583" KundEigtNr="13567" KundArt="1" KundStatus="1" KundAufDat="2002-08-15"/>
  <Kunden KundenNr="12584" KundEigtNr="13568" KundArt="8" KundStatus="3" KundAufDat="2002-08-15"/>
  <Kunden KundenNr="12585" KundEigtNr="13569" KundArt="8" KundStatus="3" KundAufDat="2002-08-15"/>
  <Kunden KundenNr="12586" KundEigtNr="13570" KundArt="8" KundStatus="3" KundAufDat="2002-08-15"/>
  <Kunden KundenNr="12587" KundEigtNr="13571" KundArt="29" KundStatus="1" KundAufDat="2002-08-15"/>
  <Kunden KundenNr="12588" KundEigtNr="13572" KundArt="8" KundStatus="3" KundAufDat="2002-08-16"/>
  <Kunden KundenNr="12589" KundEigtNr="13573" KundArt="1" KundStatus="1" KundAufDat="2002-08-16"/>
  <Kunden KundenNr="12590" KundEigtNr="13574" KundArt="2" KundStatus="3" KundAufDat="2002-08-19"/>
  <Kunden KundenNr="12591" KundEigtNr="13575" KundArt="8" KundStatus="3" KundAufDat="2002-08-19"/>
  <Kunden KundenNr="12592" KundEigtNr="13576" KundArt="2" KundStatus="3" KundAufDat="2002-08-19"/>
  <Kunden KundenNr="12593" KundEigtNr="13577" KundArt="8" KundStatus="3" KundAufDat="2002-08-19"/>
  <Kunden KundenNr="12594" KundEigtNr="10006" KundArt="2" KundStatus="3" KundAufDat="2002-08-19"/>
  <Kunden KundenNr="12595" KundEigtNr="13578" KundArt="2" KundStatus="3" KundAufDat="2002-08-19"/>
  <Kunden KundenNr="12596" KundEigtNr="13579" KundArt="8" KundStatus="3" KundAufDat="2002-08-19"/>
  <Kunden KundenNr="12597" KundEigtNr="13580" KundArt="8" KundStatus="3" KundAufDat="2002-08-19"/>
  <Kunden KundenNr="12598" KundEigtNr="13581" KundArt="8" KundStatus="3" KundAufDat="2002-08-19"/>
  <Kunden KundenNr="12599" KundEigtNr="13582" KundArt="8" KundStatus="3" KundAufDat="2002-08-19"/>
  <Kunden KundenNr="12600" KundEigtNr="13583" KundArt="2" KundStatus="3" KundAufDat="2002-08-19"/>
  <Kunden KundenNr="12601" KundEigtNr="13584" KundArt="8" KundStatus="3" KundAufDat="2002-08-19"/>
  <Kunden KundenNr="12603" KundEigtNr="13585" KundArt="29" KundStatus="1" KundAufDat="2002-08-19"/>
  <Kunden KundenNr="12604" KundEigtNr="6417" KundArt="1" KundStatus="1" KundAufDat="2002-08-19"/>
  <Kunden KundenNr="12605" KundEigtNr="13586" KundArt="2" KundStatus="3" KundAufDat="2002-08-20"/>
  <Kunden KundenNr="12606" KundEigtNr="13587" KundArt="2" KundStatus="3" KundAufDat="2002-08-20"/>
  <Kunden KundenNr="12607" KundEigtNr="13588" KundArt="8" KundStatus="3" KundAufDat="2002-08-20"/>
  <Kunden KundenNr="12608" KundEigtNr="13589" KundArt="8" KundStatus="3" KundAufDat="2002-08-20"/>
  <Kunden KundenNr="12609" KundEigtNr="13593" KundArt="8" KundStatus="3" KundAufDat="2002-08-20"/>
  <Kunden KundenNr="12610" KundEigtNr="13594" KundArt="8" KundStatus="3" KundAufDat="2002-08-20"/>
  <Kunden KundenNr="12611" KundEigtNr="13595" KundArt="8" KundStatus="1" KundAufDat="2002-08-20"/>
  <Kunden KundenNr="12612" KundEigtNr="13596" KundArt="8" KundStatus="3" KundAufDat="2002-08-20"/>
  <Kunden KundenNr="12613" KundEigtNr="13597" KundArt="29" KundStatus="1" KundAufDat="2002-08-20"/>
  <Kunden KundenNr="12614" KundEigtNr="13598" KundArt="2" KundStatus="3" KundAufDat="2002-08-21"/>
  <Kunden KundenNr="12615" KundEigtNr="13599" KundArt="2" KundStatus="3" KundAufDat="2002-08-21"/>
  <Kunden KundenNr="12616" KundEigtNr="13600" KundArt="8" KundStatus="3" KundAufDat="2002-08-21"/>
  <Kunden KundenNr="12617" KundEigtNr="13601" KundArt="2" KundStatus="3" KundAufDat="2002-08-21"/>
  <Kunden KundenNr="12618" KundEigtNr="13602" KundArt="2" KundStatus="3" KundAufDat="2002-08-21"/>
  <Kunden KundenNr="12619" KundEigtNr="13603" KundArt="2" KundStatus="3" KundAufDat="2002-08-21"/>
  <Kunden KundenNr="12620" KundEigtNr="13604" KundArt="8" KundStatus="3" KundAufDat="2002-08-21"/>
  <Kunden KundenNr="12621" KundEigtNr="443" KundArt="29" KundStatus="1" KundAufDat="2002-08-21"/>
  <Kunden KundenNr="12622" KundEigtNr="13511" KundArt="29" KundStatus="1" KundAufDat="2002-08-21"/>
  <Kunden KundenNr="12623" KundEigtNr="13607" KundArt="8" KundStatus="3" KundAufDat="2002-08-22"/>
  <Kunden KundenNr="12624" KundEigtNr="13608" KundArt="2" KundStatus="3" KundAufDat="2002-08-22"/>
  <Kunden KundenNr="12625" KundEigtNr="13609" KundArt="8" KundStatus="3" KundAufDat="2002-08-22"/>
  <Kunden KundenNr="12626" KundEigtNr="13610" KundArt="8" KundStatus="3" KundAufDat="2002-08-22"/>
  <Kunden KundenNr="12627" KundEigtNr="13611" KundArt="2" KundStatus="3" KundAufDat="2002-08-22"/>
  <Kunden KundenNr="12628" KundEigtNr="13612" KundArt="2" KundStatus="3" KundAufDat="2002-08-23"/>
  <Kunden KundenNr="12629" KundEigtNr="13613" KundArt="2" KundStatus="3" KundAufDat="2002-08-23"/>
  <Kunden KundenNr="12630" KundEigtNr="13614" KundArt="8" KundStatus="3" KundAufDat="2002-08-23"/>
  <Kunden KundenNr="12631" KundEigtNr="13615" KundArt="29" KundStatus="1" KundAufDat="2002-08-23"/>
  <Kunden KundenNr="12632" KundEigtNr="13616" KundArt="8" KundStatus="3" KundAufDat="2002-08-23"/>
  <Kunden KundenNr="12633" KundEigtNr="13617" KundArt="8" KundStatus="3" KundAufDat="2002-08-23"/>
  <Kunden KundenNr="12634" KundEigtNr="13618" KundArt="8" KundStatus="3" KundAufDat="2002-08-23"/>
  <Kunden KundenNr="12635" KundEigtNr="13619" KundArt="2" KundStatus="3" KundAufDat="2002-08-24"/>
  <Kunden KundenNr="12636" KundEigtNr="13620" KundArt="8" KundStatus="3" KundAufDat="2002-08-26"/>
  <Kunden KundenNr="12637" KundEigtNr="13621" KundArt="2" KundStatus="3" KundAufDat="2002-08-26"/>
  <Kunden KundenNr="12638" KundEigtNr="13456" KundArt="2" KundStatus="3" KundAufDat="2002-08-26"/>
  <Kunden KundenNr="12639" KundEigtNr="13544" KundArt="29" KundStatus="1" KundAufDat="2002-08-26"/>
  <Kunden KundenNr="12640" KundEigtNr="13622" KundArt="2" KundStatus="3" KundAufDat="2002-08-26"/>
  <Kunden KundenNr="12641" KundEigtNr="13623" KundArt="8" KundStatus="3" KundAufDat="2002-08-26"/>
  <Kunden KundenNr="12642" KundEigtNr="13624" KundArt="8" KundStatus="3" KundAufDat="2002-08-26"/>
  <Kunden KundenNr="12643" KundEigtNr="13636" KundArt="2" KundStatus="3" KundAufDat="2002-08-27"/>
  <Kunden KundenNr="12644" KundEigtNr="13637" KundArt="2" KundStatus="3" KundAufDat="2002-08-27"/>
  <Kunden KundenNr="12645" KundEigtNr="13638" KundArt="29" KundStatus="1" KundAufDat="2002-08-27"/>
  <Kunden KundenNr="12646" KundEigtNr="13639" KundArt="29" KundStatus="1" KundAufDat="2002-08-27"/>
  <Kunden KundenNr="12647" KundEigtNr="13640" KundArt="8" KundStatus="3" KundAufDat="2002-08-27"/>
  <Kunden KundenNr="12648" KundEigtNr="13641" KundArt="8" KundStatus="3" KundAufDat="2002-08-27"/>
  <Kunden KundenNr="12649" KundEigtNr="13642" KundArt="8" KundStatus="3" KundAufDat="2002-08-27"/>
  <Kunden KundenNr="12650" KundEigtNr="13643" KundArt="8" KundStatus="3" KundAufDat="2002-08-27"/>
  <Kunden KundenNr="12651" KundEigtNr="13644" KundArt="8" KundStatus="3" KundAufDat="2002-08-27"/>
  <Kunden KundenNr="12652" KundEigtNr="13645" KundArt="8" KundStatus="3" KundAufDat="2002-08-27"/>
  <Kunden KundenNr="12653" KundEigtNr="13646" KundArt="8" KundStatus="3" KundAufDat="2002-08-28"/>
  <Kunden KundenNr="12654" KundEigtNr="13647" KundArt="8" KundStatus="3" KundAufDat="2002-08-28"/>
  <Kunden KundenNr="12655" KundEigtNr="13648" KundArt="8" KundStatus="3" KundAufDat="2002-08-28"/>
  <Kunden KundenNr="12656" KundEigtNr="13649" KundArt="2" KundStatus="3" KundAufDat="2002-08-28"/>
  <Kunden KundenNr="12657" KundEigtNr="13650" KundArt="2" KundStatus="3" KundAufDat="2002-08-28"/>
  <Kunden KundenNr="12658" KundEigtNr="13651" KundArt="2" KundStatus="3" KundAufDat="2002-08-28"/>
  <Kunden KundenNr="12659" KundEigtNr="13652" KundArt="8" KundStatus="3" KundAufDat="2002-08-28"/>
  <Kunden KundenNr="12660" KundEigtNr="13653" KundArt="8" KundStatus="3" KundAufDat="2002-08-28"/>
  <Kunden KundenNr="12661" KundEigtNr="13654" KundArt="2" KundStatus="3" KundAufDat="2002-08-28"/>
  <Kunden KundenNr="12662" KundEigtNr="13655" KundArt="8" KundStatus="3" KundAufDat="2002-08-28"/>
  <Kunden KundenNr="12663" KundEigtNr="13656" KundArt="29" KundStatus="1" KundAufDat="2002-08-28"/>
  <Kunden KundenNr="12664" KundEigtNr="13657" KundArt="8" KundStatus="3" KundAufDat="2002-08-29"/>
  <Kunden KundenNr="12665" KundEigtNr="13658" KundArt="8" KundStatus="3" KundAufDat="2002-08-29"/>
  <Kunden KundenNr="12666" KundEigtNr="13659" KundArt="2" KundStatus="3" KundAufDat="2002-08-29"/>
  <Kunden KundenNr="12667" KundEigtNr="13660" KundArt="8" KundStatus="3" KundAufDat="2002-08-29"/>
  <Kunden KundenNr="12669" KundEigtNr="13662" KundArt="2" KundStatus="1" KundAufDat="2002-08-30"/>
  <Kunden KundenNr="12670" KundEigtNr="13663" KundArt="8" KundStatus="3" KundAufDat="2002-08-30"/>
  <Kunden KundenNr="12671" KundEigtNr="13664" KundArt="2" KundStatus="3" KundAufDat="2002-08-30"/>
  <Kunden KundenNr="12672" KundEigtNr="13665" KundArt="2" KundStatus="3" KundAufDat="2002-08-30"/>
  <Kunden KundenNr="12673" KundEigtNr="13666" KundArt="8" KundStatus="1" KundAufDat="2002-08-30"/>
  <Kunden KundenNr="12674" KundEigtNr="13667" KundArt="8" KundStatus="3" KundAufDat="2002-08-30"/>
  <Kunden KundenNr="12675" KundEigtNr="13668" KundArt="8" KundStatus="3" KundAufDat="2002-08-30"/>
  <Kunden KundenNr="12676" KundEigtNr="13669" KundArt="29" KundStatus="1" KundAufDat="2002-08-30"/>
  <Kunden KundenNr="12677" KundEigtNr="13670" KundArt="29" KundStatus="1" KundAufDat="2002-08-30"/>
  <Kunden KundenNr="12678" KundEigtNr="13671" KundArt="2" KundStatus="3" KundAufDat="2002-08-30"/>
  <Kunden KundenNr="12679" KundEigtNr="13672" KundArt="2" KundStatus="3" KundAufDat="2002-08-30"/>
  <Kunden KundenNr="12680" KundEigtNr="13673" KundArt="1" KundStatus="3" KundAufDat="2002-08-30"/>
  <Kunden KundenNr="12681" KundEigtNr="13674" KundArt="8" KundStatus="3" KundAufDat="2002-08-30"/>
  <Kunden KundenNr="12682" KundEigtNr="13675" KundArt="8" KundStatus="3" KundAufDat="2002-08-30"/>
  <Kunden KundenNr="12683" KundEigtNr="13676" KundArt="2" KundStatus="3" KundAufDat="2002-08-30"/>
  <Kunden KundenNr="12684" KundEigtNr="13666" KundArt="8" KundStatus="3" KundAufDat="2002-09-02"/>
  <Kunden KundenNr="12685" KundEigtNr="13677" KundArt="8" KundStatus="3" KundAufDat="2002-09-02"/>
  <Kunden KundenNr="12686" KundEigtNr="13678" KundArt="8" KundStatus="3" KundAufDat="2002-09-02"/>
  <Kunden KundenNr="12687" KundEigtNr="13679" KundArt="8" KundStatus="3" KundAufDat="2002-09-02"/>
  <Kunden KundenNr="12688" KundEigtNr="13680" KundArt="2" KundStatus="3" KundAufDat="2002-09-02"/>
  <Kunden KundenNr="12689" KundEigtNr="12816" KundArt="2" KundStatus="3" KundAufDat="2002-09-02"/>
  <Kunden KundenNr="12690" KundEigtNr="13681" KundArt="1" KundStatus="3" KundAufDat="2002-09-02"/>
  <Kunden KundenNr="12691" KundEigtNr="13682" KundArt="8" KundStatus="3" KundAufDat="2002-09-02"/>
  <Kunden KundenNr="12692" KundEigtNr="13683" KundArt="2" KundStatus="3" KundAufDat="2002-09-03"/>
  <Kunden KundenNr="12693" KundEigtNr="13684" KundArt="2" KundStatus="3" KundAufDat="2002-09-03"/>
  <Kunden KundenNr="12694" KundEigtNr="13685" KundArt="2" KundStatus="3" KundAufDat="2002-09-03"/>
  <Kunden KundenNr="12695" KundEigtNr="13686" KundArt="2" KundStatus="3" KundAufDat="2002-09-03"/>
  <Kunden KundenNr="12696" KundEigtNr="13687" KundArt="2" KundStatus="3" KundAufDat="2002-09-03"/>
  <Kunden KundenNr="12697" KundEigtNr="13688" KundArt="2" KundStatus="3" KundAufDat="2002-09-03"/>
  <Kunden KundenNr="12698" KundEigtNr="13689" KundArt="8" KundStatus="3" KundAufDat="2002-09-03"/>
  <Kunden KundenNr="12699" KundEigtNr="13690" KundArt="2" KundStatus="3" KundAufDat="2002-09-03"/>
  <Kunden KundenNr="12700" KundEigtNr="13691" KundArt="8" KundStatus="3" KundAufDat="2002-09-03"/>
  <Kunden KundenNr="12701" KundEigtNr="12856" KundArt="2" KundStatus="1" KundAufDat="2002-09-03"/>
  <Kunden KundenNr="12702" KundEigtNr="13692" KundArt="2" KundStatus="3" KundAufDat="2002-09-03"/>
  <Kunden KundenNr="12703" KundEigtNr="13693" KundArt="8" KundStatus="3" KundAufDat="2002-09-03"/>
  <Kunden KundenNr="12704" KundEigtNr="13694" KundArt="8" KundStatus="3" KundAufDat="2002-09-03"/>
  <Kunden KundenNr="12705" KundEigtNr="13695" KundArt="8" KundStatus="3" KundAufDat="2002-09-03"/>
  <Kunden KundenNr="12706" KundEigtNr="13696" KundArt="8" KundStatus="3" KundAufDat="2002-09-03"/>
  <Kunden KundenNr="12707" KundEigtNr="13697" KundArt="29" KundStatus="1" KundAufDat="2002-09-04"/>
  <Kunden KundenNr="12708" KundEigtNr="13698" KundArt="8" KundStatus="3" KundAufDat="2002-09-04"/>
  <Kunden KundenNr="12709" KundEigtNr="13699" KundArt="1" KundStatus="3" KundAufDat="2002-09-04"/>
  <Kunden KundenNr="12710" KundEigtNr="13700" KundArt="29" KundStatus="1" KundAufDat="2002-09-04"/>
  <Kunden KundenNr="12711" KundEigtNr="13701" KundArt="29" KundStatus="1" KundAufDat="2002-09-04"/>
  <Kunden KundenNr="12712" KundEigtNr="13702" KundArt="29" KundStatus="1" KundAufDat="2002-09-04"/>
  <Kunden KundenNr="12713" KundEigtNr="13703" KundArt="8" KundStatus="3" KundAufDat="2002-09-04"/>
  <Kunden KundenNr="12714" KundEigtNr="13704" KundArt="8" KundStatus="3" KundAufDat="2002-09-05"/>
  <Kunden KundenNr="12715" KundEigtNr="13705" KundArt="8" KundStatus="3" KundAufDat="2002-09-05"/>
  <Kunden KundenNr="12716" KundEigtNr="13706" KundArt="8" KundStatus="3" KundAufDat="2002-09-05"/>
  <Kunden KundenNr="12717" KundEigtNr="13707" KundArt="2" KundStatus="1" KundAufDat="2002-09-05"/>
  <Kunden KundenNr="12718" KundEigtNr="13708" KundArt="2" KundStatus="3" KundAufDat="2002-09-05"/>
  <Kunden KundenNr="12719" KundEigtNr="13709" KundArt="1" KundStatus="3" KundAufDat="2002-09-05"/>
  <Kunden KundenNr="12720" KundEigtNr="13710" KundArt="2" KundStatus="3" KundAufDat="2002-09-05"/>
  <Kunden KundenNr="12721" KundEigtNr="13711" KundArt="29" KundStatus="1" KundAufDat="2002-09-05"/>
  <Kunden KundenNr="12722" KundEigtNr="13712" KundArt="8" KundStatus="3" KundAufDat="2002-09-06"/>
  <Kunden KundenNr="12723" KundEigtNr="9198" KundArt="1" KundStatus="3" KundAufDat="2002-09-06"/>
  <Kunden KundenNr="12724" KundEigtNr="11347" KundArt="8" KundStatus="3" KundAufDat="2002-09-06"/>
  <Kunden KundenNr="12725" KundEigtNr="11359" KundArt="8" KundStatus="3" KundAufDat="2002-09-06"/>
  <Kunden KundenNr="12726" KundEigtNr="13718" KundArt="1" KundStatus="3" KundAufDat="2002-09-09"/>
  <Kunden KundenNr="12727" KundEigtNr="13719" KundArt="8" KundStatus="3" KundAufDat="2002-09-09"/>
  <Kunden KundenNr="12728" KundEigtNr="13720" KundArt="2" KundStatus="3" KundAufDat="2002-09-09"/>
  <Kunden KundenNr="12729" KundEigtNr="13721" KundArt="2" KundStatus="3" KundAufDat="2002-09-09"/>
  <Kunden KundenNr="12730" KundEigtNr="13722" KundArt="2" KundStatus="3" KundAufDat="2002-09-09"/>
  <Kunden KundenNr="12731" KundEigtNr="13723" KundArt="2" KundStatus="3" KundAufDat="2002-09-09"/>
  <Kunden KundenNr="12732" KundEigtNr="12330" KundArt="2" KundStatus="3" KundAufDat="2002-09-09"/>
  <Kunden KundenNr="12733" KundEigtNr="13724" KundArt="8" KundStatus="3" KundAufDat="2002-09-09"/>
  <Kunden KundenNr="12734" KundEigtNr="13725" KundArt="2" KundStatus="3" KundAufDat="2002-09-09"/>
  <Kunden KundenNr="12735" KundEigtNr="13726" KundArt="2" KundStatus="1" KundAufDat="2002-09-09"/>
  <Kunden KundenNr="12736" KundEigtNr="13727" KundArt="8" KundStatus="3" KundAufDat="2002-09-09"/>
  <Kunden KundenNr="12737" KundEigtNr="13728" KundArt="8" KundStatus="3" KundAufDat="2002-09-09"/>
  <Kunden KundenNr="12738" KundEigtNr="13729" KundArt="1" KundStatus="1" KundAufDat="2002-09-09"/>
  <Kunden KundenNr="12739" KundEigtNr="13730" KundArt="8" KundStatus="3" KundAufDat="2002-09-09"/>
  <Kunden KundenNr="12740" KundEigtNr="13731" KundArt="8" KundStatus="3" KundAufDat="2002-09-09"/>
  <Kunden KundenNr="12741" KundEigtNr="13732" KundArt="8" KundStatus="3" KundAufDat="2002-09-09"/>
  <Kunden KundenNr="12742" KundEigtNr="13733" KundArt="8" KundStatus="3" KundAufDat="2002-09-09"/>
  <Kunden KundenNr="12744" KundEigtNr="13735" KundArt="2" KundStatus="1" KundAufDat="2002-09-10"/>
  <Kunden KundenNr="12745" KundEigtNr="13736" KundArt="29" KundStatus="1" KundAufDat="2002-09-10"/>
  <Kunden KundenNr="12746" KundEigtNr="13737" KundArt="2" KundStatus="3" KundAufDat="2002-09-10"/>
  <Kunden KundenNr="12747" KundEigtNr="13738" KundArt="8" KundStatus="3" KundAufDat="2002-09-11"/>
  <Kunden KundenNr="12748" KundEigtNr="13632" KundArt="29" KundStatus="1" KundAufDat="2002-09-11"/>
  <Kunden KundenNr="12749" KundEigtNr="13739" KundArt="8" KundStatus="3" KundAufDat="2002-09-11"/>
  <Kunden KundenNr="12750" KundEigtNr="13740" KundArt="8" KundStatus="3" KundAufDat="2002-09-11"/>
  <Kunden KundenNr="12751" KundEigtNr="971" KundArt="29" KundStatus="3" KundAufDat="2002-09-11"/>
  <Kunden KundenNr="12752" KundEigtNr="13487" KundArt="8" KundStatus="3" KundAufDat="2002-09-11"/>
  <Kunden KundenNr="12753" KundEigtNr="10120" KundArt="8" KundStatus="3" KundAufDat="2002-09-11"/>
  <Kunden KundenNr="12757" KundEigtNr="13742" KundArt="2" KundStatus="3" KundAufDat="2002-09-12"/>
  <Kunden KundenNr="12758" KundEigtNr="13743" KundArt="29" KundStatus="1" KundAufDat="2002-09-12"/>
  <Kunden KundenNr="12759" KundEigtNr="13744" KundArt="29" KundStatus="1" KundAufDat="2002-09-12"/>
  <Kunden KundenNr="12760" KundEigtNr="1104" KundArt="29" KundStatus="1" KundAufDat="2002-09-12"/>
  <Kunden KundenNr="12761" KundEigtNr="13745" KundArt="2" KundStatus="3" KundAufDat="2002-09-12"/>
  <Kunden KundenNr="12762" KundEigtNr="13746" KundArt="8" KundStatus="3" KundAufDat="2002-09-12"/>
  <Kunden KundenNr="12763" KundEigtNr="13631" KundArt="29" KundStatus="1" KundAufDat="2002-09-12"/>
  <Kunden KundenNr="12764" KundEigtNr="13634" KundArt="29" KundStatus="1" KundAufDat="2002-09-12"/>
  <Kunden KundenNr="12765" KundEigtNr="13717" KundArt="29" KundStatus="1" KundAufDat="2002-09-12"/>
  <Kunden KundenNr="12766" KundEigtNr="13747" KundArt="8" KundStatus="3" KundAufDat="2002-09-13"/>
  <Kunden KundenNr="12767" KundEigtNr="13748" KundArt="2" KundStatus="3" KundAufDat="2002-09-13"/>
  <Kunden KundenNr="12768" KundEigtNr="13749" KundArt="8" KundStatus="1" KundAufDat="2002-09-13"/>
  <Kunden KundenNr="12769" KundEigtNr="13750" KundArt="8" KundStatus="3" KundAufDat="2002-09-16"/>
  <Kunden KundenNr="12770" KundEigtNr="13751" KundArt="8" KundStatus="3" KundAufDat="2002-09-16"/>
  <Kunden KundenNr="12771" KundEigtNr="13752" KundArt="8" KundStatus="3" KundAufDat="2002-09-16"/>
  <Kunden KundenNr="12772" KundEigtNr="13753" KundArt="2" KundStatus="3" KundAufDat="2002-09-16"/>
  <Kunden KundenNr="12773" KundEigtNr="13754" KundArt="8" KundStatus="3" KundAufDat="2002-09-16"/>
  <Kunden KundenNr="12774" KundEigtNr="13755" KundArt="8" KundStatus="3" KundAufDat="2002-09-16"/>
  <Kunden KundenNr="12775" KundEigtNr="13756" KundArt="2" KundStatus="3" KundAufDat="2002-09-16"/>
  <Kunden KundenNr="12776" KundEigtNr="13757" KundArt="2" KundStatus="3" KundAufDat="2002-09-16"/>
  <Kunden KundenNr="12777" KundEigtNr="13758" KundArt="2" KundStatus="3" KundAufDat="2002-09-16"/>
  <Kunden KundenNr="12778" KundEigtNr="13759" KundArt="8" KundStatus="3" KundAufDat="2002-09-16"/>
  <Kunden KundenNr="12779" KundEigtNr="13765" KundArt="8" KundStatus="3" KundAufDat="2002-09-16"/>
  <Kunden KundenNr="12780" KundEigtNr="13766" KundArt="8" KundStatus="3" KundAufDat="2002-09-16"/>
  <Kunden KundenNr="12781" KundEigtNr="13767" KundArt="8" KundStatus="3" KundAufDat="2002-09-16"/>
  <Kunden KundenNr="12782" KundEigtNr="13768" KundArt="2" KundStatus="3" KundAufDat="2002-09-16"/>
  <Kunden KundenNr="12783" KundEigtNr="13769" KundArt="8" KundStatus="3" KundAufDat="2002-09-16"/>
  <Kunden KundenNr="12784" KundEigtNr="13770" KundArt="2" KundStatus="3" KundAufDat="2002-09-17"/>
  <Kunden KundenNr="12785" KundEigtNr="13771" KundArt="2" KundStatus="3" KundAufDat="2002-09-17"/>
  <Kunden KundenNr="12786" KundEigtNr="13772" KundArt="2" KundStatus="3" KundAufDat="2002-09-17"/>
  <Kunden KundenNr="12787" KundEigtNr="13773" KundArt="2" KundStatus="3" KundAufDat="2002-09-17"/>
  <Kunden KundenNr="12788" KundEigtNr="13774" KundArt="2" KundStatus="3" KundAufDat="2002-09-17"/>
  <Kunden KundenNr="12789" KundEigtNr="13775" KundArt="8" KundStatus="3" KundAufDat="2002-09-17"/>
  <Kunden KundenNr="12790" KundEigtNr="13776" KundArt="8" KundStatus="3" KundAufDat="2002-09-17"/>
  <Kunden KundenNr="12791" KundEigtNr="13714" KundArt="29" KundStatus="1" KundAufDat="2002-09-17"/>
  <Kunden KundenNr="12792" KundEigtNr="13777" KundArt="8" KundStatus="1" KundAufDat="2002-09-17"/>
  <Kunden KundenNr="12793" KundEigtNr="13778" KundArt="8" KundStatus="3" KundAufDat="2002-09-17"/>
  <Kunden KundenNr="12794" KundEigtNr="13779" KundArt="1" KundStatus="3" KundAufDat="2002-09-17"/>
  <Kunden KundenNr="12795" KundEigtNr="13780" KundArt="1" KundStatus="3" KundAufDat="2002-09-18"/>
  <Kunden KundenNr="12796" KundEigtNr="9489" KundArt="1" KundStatus="1" KundAufDat="2002-09-18"/>
  <Kunden KundenNr="12797" KundEigtNr="13781" KundArt="1" KundStatus="3" KundAufDat="2002-09-18"/>
  <Kunden KundenNr="12798" KundEigtNr="13782" KundArt="1" KundStatus="3" KundAufDat="2002-09-18"/>
  <Kunden KundenNr="12799" KundEigtNr="11348" KundArt="8" KundStatus="3" KundAufDat="2002-09-18"/>
  <Kunden KundenNr="12800" KundEigtNr="13783" KundArt="8" KundStatus="3" KundAufDat="2002-09-18"/>
  <Kunden KundenNr="12801" KundEigtNr="13788" KundArt="2" KundStatus="3" KundAufDat="2002-09-19"/>
  <Kunden KundenNr="12802" KundEigtNr="13789" KundArt="8" KundStatus="3" KundAufDat="2002-09-19"/>
  <Kunden KundenNr="12803" KundEigtNr="13790" KundArt="8" KundStatus="3" KundAufDat="2002-09-19"/>
  <Kunden KundenNr="12804" KundEigtNr="13791" KundArt="8" KundStatus="3" KundAufDat="2002-09-19"/>
  <Kunden KundenNr="12805" KundEigtNr="13792" KundArt="1" KundStatus="3" KundAufDat="2002-09-19"/>
  <Kunden KundenNr="12806" KundEigtNr="13793" KundArt="2" KundStatus="3" KundAufDat="2002-09-19"/>
  <Kunden KundenNr="12807" KundEigtNr="13796" KundArt="1" KundStatus="3" KundAufDat="2002-09-19"/>
  <Kunden KundenNr="12808" KundEigtNr="13799" KundArt="1" KundStatus="1" KundAufDat="2002-09-19"/>
  <Kunden KundenNr="12809" KundEigtNr="13800" KundArt="8" KundStatus="3" KundAufDat="2002-09-20"/>
  <Kunden KundenNr="12810" KundEigtNr="13801" KundArt="2" KundStatus="3" KundAufDat="2002-09-20"/>
  <Kunden KundenNr="12811" KundEigtNr="8757" KundArt="2" KundStatus="3" KundAufDat="2002-09-20"/>
  <Kunden KundenNr="12812" KundEigtNr="5629" KundArt="8" KundStatus="3" KundAufDat="2002-09-20"/>
  <Kunden KundenNr="12813" KundEigtNr="13802" KundArt="2" KundStatus="3" KundAufDat="2002-09-20"/>
  <Kunden KundenNr="12814" KundEigtNr="13803" KundArt="2" KundStatus="3" KundAufDat="2002-09-20"/>
  <Kunden KundenNr="12815" KundEigtNr="13005" KundArt="8" KundStatus="3" KundAufDat="2002-09-20"/>
  <Kunden KundenNr="12816" KundEigtNr="13804" KundArt="2" KundStatus="3" KundAufDat="2002-09-23"/>
  <Kunden KundenNr="12817" KundEigtNr="13805" KundArt="8" KundStatus="3" KundAufDat="2002-09-23"/>
  <Kunden KundenNr="12818" KundEigtNr="13806" KundArt="8" KundStatus="3" KundAufDat="2002-09-23"/>
  <Kunden KundenNr="12819" KundEigtNr="13807" KundArt="8" KundStatus="3" KundAufDat="2002-09-23"/>
  <Kunden KundenNr="12820" KundEigtNr="13808" KundArt="8" KundStatus="3" KundAufDat="2002-09-23"/>
  <Kunden KundenNr="12821" KundEigtNr="13809" KundArt="8" KundStatus="3" KundAufDat="2002-09-23"/>
  <Kunden KundenNr="12822" KundEigtNr="13810" KundArt="1" KundStatus="3" KundAufDat="2002-09-23"/>
  <Kunden KundenNr="12823" KundEigtNr="13823" KundArt="1" KundStatus="3" KundAufDat="2002-09-24"/>
  <Kunden KundenNr="12824" KundEigtNr="13824" KundArt="2" KundStatus="3" KundAufDat="2002-09-24"/>
  <Kunden KundenNr="12825" KundEigtNr="13825" KundArt="2" KundStatus="1" KundAufDat="2002-09-24"/>
  <Kunden KundenNr="12826" KundEigtNr="13826" KundArt="2" KundStatus="3" KundAufDat="2002-09-24"/>
  <Kunden KundenNr="12827" KundEigtNr="13827" KundArt="2" KundStatus="3" KundAufDat="2002-09-24"/>
  <Kunden KundenNr="12828" KundEigtNr="13828" KundArt="2" KundStatus="3" KundAufDat="2002-09-24"/>
  <Kunden KundenNr="12829" KundEigtNr="13829" KundArt="2" KundStatus="3" KundAufDat="2002-09-24"/>
  <Kunden KundenNr="12830" KundEigtNr="13830" KundArt="2" KundStatus="3" KundAufDat="2002-09-24"/>
  <Kunden KundenNr="12831" KundEigtNr="13831" KundArt="2" KundStatus="3" KundAufDat="2002-09-24"/>
  <Kunden KundenNr="12832" KundEigtNr="13832" KundArt="2" KundStatus="3" KundAufDat="2002-09-24"/>
  <Kunden KundenNr="12833" KundEigtNr="13833" KundArt="1" KundStatus="3" KundAufDat="2002-09-24"/>
  <Kunden KundenNr="12834" KundEigtNr="13835" KundArt="29" KundStatus="1" KundAufDat="2002-09-25"/>
  <Kunden KundenNr="12835" KundEigtNr="13837" KundArt="8" KundStatus="3" KundAufDat="2002-09-26"/>
  <Kunden KundenNr="12836" KundEigtNr="13838" KundArt="1" KundStatus="1" KundAufDat="2002-09-26"/>
  <Kunden KundenNr="12837" KundEigtNr="13839" KundArt="8" KundStatus="3" KundAufDat="2002-09-26"/>
  <Kunden KundenNr="12838" KundEigtNr="13841" KundArt="8" KundStatus="3" KundAufDat="2002-09-26"/>
  <Kunden KundenNr="12843" KundEigtNr="13786" KundArt="29" KundStatus="1" KundAufDat="2002-09-26"/>
  <Kunden KundenNr="12844" KundEigtNr="7826" KundArt="1" KundStatus="1" KundAufDat="2002-09-27"/>
  <Kunden KundenNr="12845" KundEigtNr="13861" KundArt="2" KundStatus="3" KundAufDat="2002-09-27"/>
  <Kunden KundenNr="12846" KundEigtNr="441" KundArt="2" KundStatus="3" KundAufDat="2002-09-27"/>
  <Kunden KundenNr="12847" KundEigtNr="13863" KundArt="8" KundStatus="3" KundAufDat="2002-09-27"/>
  <Kunden KundenNr="12848" KundEigtNr="13864" KundArt="8" KundStatus="3" KundAufDat="2002-09-28"/>
  <Kunden KundenNr="12849" KundEigtNr="13865" KundArt="2" KundStatus="3" KundAufDat="2002-09-28"/>
  <Kunden KundenNr="12850" KundEigtNr="13866" KundArt="2" KundStatus="3" KundAufDat="2002-09-30"/>
  <Kunden KundenNr="12851" KundEigtNr="13867" KundArt="8" KundStatus="3" KundAufDat="2002-09-30"/>
  <Kunden KundenNr="12852" KundEigtNr="13868" KundArt="8" KundStatus="3" KundAufDat="2002-09-30"/>
  <Kunden KundenNr="12853" KundEigtNr="13869" KundArt="8" KundStatus="3" KundAufDat="2002-09-30"/>
  <Kunden KundenNr="12854" KundEigtNr="13870" KundArt="8" KundStatus="3" KundAufDat="2002-09-30"/>
  <Kunden KundenNr="12855" KundEigtNr="13871" KundArt="8" KundStatus="3" KundAufDat="2002-09-30"/>
  <Kunden KundenNr="12856" KundEigtNr="12414" KundArt="8" KundStatus="3" KundAufDat="2002-09-30"/>
  <Kunden KundenNr="12857" KundEigtNr="13872" KundArt="8" KundStatus="3" KundAufDat="2002-09-30"/>
  <Kunden KundenNr="12858" KundEigtNr="13873" KundArt="2" KundStatus="3" KundAufDat="2002-09-30"/>
  <Kunden KundenNr="12859" KundEigtNr="13874" KundArt="2" KundStatus="3" KundAufDat="2002-09-30"/>
  <Kunden KundenNr="12860" KundEigtNr="13875" KundArt="1" KundStatus="3" KundAufDat="2002-10-01"/>
  <Kunden KundenNr="12861" KundEigtNr="13876" KundArt="2" KundStatus="3" KundAufDat="2002-10-01"/>
  <Kunden KundenNr="12862" KundEigtNr="13877" KundArt="2" KundStatus="3" KundAufDat="2002-10-01"/>
  <Kunden KundenNr="12863" KundEigtNr="13878" KundArt="2" KundStatus="3" KundAufDat="2002-10-01"/>
  <Kunden KundenNr="12864" KundEigtNr="13879" KundArt="2" KundStatus="3" KundAufDat="2002-10-01"/>
  <Kunden KundenNr="12865" KundEigtNr="13881" KundArt="2" KundStatus="3" KundAufDat="2002-10-01"/>
  <Kunden KundenNr="12866" KundEigtNr="13884" KundArt="2" KundStatus="3" KundAufDat="2002-10-01"/>
  <Kunden KundenNr="12867" KundEigtNr="13886" KundArt="2" KundStatus="3" KundAufDat="2002-10-01"/>
  <Kunden KundenNr="12868" KundEigtNr="13888" KundArt="2" KundStatus="3" KundAufDat="2002-10-01"/>
  <Kunden KundenNr="12869" KundEigtNr="13906" KundArt="2" KundStatus="3" KundAufDat="2002-10-02"/>
  <Kunden KundenNr="12870" KundEigtNr="12191" KundArt="8" KundStatus="3" KundAufDat="2002-10-02"/>
  <Kunden KundenNr="12871" KundEigtNr="13907" KundArt="8" KundStatus="3" KundAufDat="2002-10-02"/>
  <Kunden KundenNr="12872" KundEigtNr="13908" KundArt="8" KundStatus="3" KundAufDat="2002-10-07"/>
  <Kunden KundenNr="12873" KundEigtNr="13909" KundArt="8" KundStatus="3" KundAufDat="2002-10-07"/>
  <Kunden KundenNr="12874" KundEigtNr="13910" KundArt="1" KundStatus="3" KundAufDat="2002-10-07"/>
  <Kunden KundenNr="12875" KundEigtNr="12084" KundArt="2" KundStatus="3" KundAufDat="2002-10-07"/>
  <Kunden KundenNr="12876" KundEigtNr="13911" KundArt="8" KundStatus="3" KundAufDat="2002-10-07"/>
  <Kunden KundenNr="12877" KundEigtNr="13784" KundArt="29" KundStatus="1" KundAufDat="2002-10-07"/>
  <Kunden KundenNr="12878" KundEigtNr="13913" KundArt="1" KundStatus="3" KundAufDat="2002-10-08"/>
  <Kunden KundenNr="12879" KundEigtNr="13914" KundArt="8" KundStatus="3" KundAufDat="2002-10-08"/>
  <Kunden KundenNr="12880" KundEigtNr="13915" KundArt="8" KundStatus="3" KundAufDat="2002-10-08"/>
  <Kunden KundenNr="12881" KundEigtNr="13916" KundArt="8" KundStatus="3" KundAufDat="2002-10-08"/>
  <Kunden KundenNr="12882" KundEigtNr="13917" KundArt="8" KundStatus="3" KundAufDat="2002-10-08"/>
  <Kunden KundenNr="12883" KundEigtNr="13918" KundArt="8" KundStatus="3" KundAufDat="2002-10-08"/>
  <Kunden KundenNr="12884" KundEigtNr="13919" KundArt="8" KundStatus="3" KundAufDat="2002-10-08"/>
  <Kunden KundenNr="12885" KundEigtNr="13920" KundArt="8" KundStatus="3" KundAufDat="2002-10-08"/>
  <Kunden KundenNr="12886" KundEigtNr="11577" KundArt="29" KundStatus="1" KundAufDat="2002-10-08"/>
  <Kunden KundenNr="12887" KundEigtNr="13904" KundArt="29" KundStatus="1" KundAufDat="2002-10-08"/>
  <Kunden KundenNr="12888" KundEigtNr="13922" KundArt="2" KundStatus="3" KundAufDat="2002-10-08"/>
  <Kunden KundenNr="12889" KundEigtNr="13923" KundArt="2" KundStatus="1" KundAufDat="2002-10-08"/>
  <Kunden KundenNr="12890" KundEigtNr="13924" KundArt="2" KundStatus="3" KundAufDat="2002-10-08"/>
  <Kunden KundenNr="12891" KundEigtNr="13925" KundArt="1" KundStatus="1" KundAufDat="2002-10-08"/>
  <Kunden KundenNr="12892" KundEigtNr="1837" KundArt="1" KundStatus="3" KundAufDat="2002-10-08"/>
  <Kunden KundenNr="12893" KundEigtNr="1837" KundArt="8" KundStatus="3" KundAufDat="2002-10-08"/>
  <Kunden KundenNr="12894" KundEigtNr="13926" KundArt="8" KundStatus="3" KundAufDat="2002-10-08"/>
  <Kunden KundenNr="12895" KundEigtNr="13927" KundArt="8" KundStatus="3" KundAufDat="2002-10-08"/>
  <Kunden KundenNr="12896" KundEigtNr="13933" KundArt="8" KundStatus="3" KundAufDat="2002-10-09"/>
  <Kunden KundenNr="12897" KundEigtNr="13934" KundArt="8" KundStatus="3" KundAufDat="2002-10-09"/>
  <Kunden KundenNr="12898" KundEigtNr="13935" KundArt="8" KundStatus="3" KundAufDat="2002-10-09"/>
  <Kunden KundenNr="12899" KundEigtNr="13937" KundArt="2" KundStatus="1" KundAufDat="2002-10-10"/>
  <Kunden KundenNr="12900" KundEigtNr="13938" KundArt="2" KundStatus="3" KundAufDat="2002-10-10"/>
  <Kunden KundenNr="12901" KundEigtNr="13939" KundArt="2" KundStatus="3" KundAufDat="2002-10-10"/>
  <Kunden KundenNr="12902" KundEigtNr="13940" KundArt="2" KundStatus="3" KundAufDat="2002-10-10"/>
  <Kunden KundenNr="12903" KundEigtNr="13941" KundArt="2" KundStatus="3" KundAufDat="2002-10-10"/>
  <Kunden KundenNr="12904" KundEigtNr="13942" KundArt="2" KundStatus="3" KundAufDat="2002-10-10"/>
  <Kunden KundenNr="12905" KundEigtNr="13944" KundArt="2" KundStatus="3" KundAufDat="2002-10-10"/>
  <Kunden KundenNr="12906" KundEigtNr="13945" KundArt="2" KundStatus="3" KundAufDat="2002-10-10"/>
  <Kunden KundenNr="12907" KundEigtNr="13946" KundArt="2" KundStatus="3" KundAufDat="2002-10-10"/>
  <Kunden KundenNr="12908" KundEigtNr="13817" KundArt="29" KundStatus="1" KundAufDat="2002-10-11"/>
  <Kunden KundenNr="12909" KundEigtNr="13951" KundArt="8" KundStatus="3" KundAufDat="2002-10-11"/>
  <Kunden KundenNr="12910" KundEigtNr="13952" KundArt="8" KundStatus="3" KundAufDat="2002-10-11"/>
  <Kunden KundenNr="12911" KundEigtNr="13953" KundArt="8" KundStatus="3" KundAufDat="2002-10-11"/>
  <Kunden KundenNr="12912" KundEigtNr="13954" KundArt="2" KundStatus="1" KundAufDat="2002-10-12"/>
  <Kunden KundenNr="12913" KundEigtNr="13955" KundArt="2" KundStatus="3" KundAufDat="2002-10-12"/>
  <Kunden KundenNr="12914" KundEigtNr="13956" KundArt="2" KundStatus="3" KundAufDat="2002-10-12"/>
  <Kunden KundenNr="12915" KundEigtNr="13957" KundArt="8" KundStatus="3" KundAufDat="2002-10-14"/>
  <Kunden KundenNr="12916" KundEigtNr="13958" KundArt="1" KundStatus="3" KundAufDat="2002-10-14"/>
  <Kunden KundenNr="12917" KundEigtNr="13959" KundArt="8" KundStatus="3" KundAufDat="2002-10-14"/>
  <Kunden KundenNr="12918" KundEigtNr="13960" KundArt="8" KundStatus="3" KundAufDat="2002-10-14"/>
  <Kunden KundenNr="12919" KundEigtNr="13961" KundArt="8" KundStatus="3" KundAufDat="2002-10-14"/>
  <Kunden KundenNr="12920" KundEigtNr="13962" KundArt="8" KundStatus="3" KundAufDat="2002-10-14"/>
  <Kunden KundenNr="12921" KundEigtNr="13880" KundArt="29" KundStatus="1" KundAufDat="2002-10-14"/>
  <Kunden KundenNr="12922" KundEigtNr="13963" KundArt="1" KundStatus="3" KundAufDat="2002-10-14"/>
  <Kunden KundenNr="12923" KundEigtNr="13965" KundArt="1" KundStatus="3" KundAufDat="2002-10-14"/>
  <Kunden KundenNr="12924" KundEigtNr="9383" KundArt="1" KundStatus="3" KundAufDat="2002-10-14"/>
  <Kunden KundenNr="12925" KundEigtNr="13966" KundArt="8" KundStatus="3" KundAufDat="2002-10-14"/>
  <Kunden KundenNr="12926" KundEigtNr="2534" KundArt="1" KundStatus="3" KundAufDat="2002-10-14"/>
  <Kunden KundenNr="12927" KundEigtNr="7885" KundArt="1" KundStatus="3" KundAufDat="2002-10-14"/>
  <Kunden KundenNr="12928" KundEigtNr="13967" KundArt="8" KundStatus="3" KundAufDat="2002-10-14"/>
  <Kunden KundenNr="12929" KundEigtNr="13968" KundArt="2" KundStatus="1" KundAufDat="2002-10-15"/>
  <Kunden KundenNr="12930" KundEigtNr="13969" KundArt="2" KundStatus="3" KundAufDat="2002-10-15"/>
  <Kunden KundenNr="12931" KundEigtNr="10581" KundArt="1" KundStatus="3" KundAufDat="2002-10-15"/>
  <Kunden KundenNr="12932" KundEigtNr="13970" KundArt="1" KundStatus="3" KundAufDat="2002-10-15"/>
  <Kunden KundenNr="12933" KundEigtNr="13971" KundArt="8" KundStatus="3" KundAufDat="2002-10-15"/>
  <Kunden KundenNr="12934" KundEigtNr="13972" KundArt="16" KundStatus="1" KundAufDat="2002-10-15"/>
  <Kunden KundenNr="12935" KundEigtNr="13973" KundArt="2" KundStatus="3" KundAufDat="2002-10-15"/>
  <Kunden KundenNr="12936" KundEigtNr="13974" KundArt="2" KundStatus="3" KundAufDat="2002-10-15"/>
  <Kunden KundenNr="12937" KundEigtNr="13764" KundArt="29" KundStatus="1" KundAufDat="2002-10-15"/>
  <Kunden KundenNr="12938" KundEigtNr="13975" KundArt="8" KundStatus="3" KundAufDat="2002-10-15"/>
  <Kunden KundenNr="12939" KundEigtNr="13976" KundArt="2" KundStatus="3" KundAufDat="2002-10-15"/>
  <Kunden KundenNr="12940" KundEigtNr="13977" KundArt="8" KundStatus="3" KundAufDat="2002-10-15"/>
  <Kunden KundenNr="12941" KundEigtNr="12744" KundArt="29" KundStatus="1" KundAufDat="2002-10-16"/>
  <Kunden KundenNr="12942" KundEigtNr="10001" KundArt="29" KundStatus="1" KundAufDat="2002-10-16"/>
  <Kunden KundenNr="12943" KundEigtNr="13978" KundArt="29" KundStatus="1" KundAufDat="2002-10-16"/>
  <Kunden KundenNr="12944" KundEigtNr="13979" KundArt="29" KundStatus="1" KundAufDat="2002-10-16"/>
  <Kunden KundenNr="12945" KundEigtNr="13980" KundArt="29" KundStatus="1" KundAufDat="2002-10-16"/>
  <Kunden KundenNr="12946" KundEigtNr="13981" KundArt="8" KundStatus="3" KundAufDat="2002-10-16"/>
  <Kunden KundenNr="12947" KundEigtNr="13982" KundArt="2" KundStatus="3" KundAufDat="2002-10-16"/>
  <Kunden KundenNr="12948" KundEigtNr="13983" KundArt="29" KundStatus="1" KundAufDat="2002-10-17"/>
  <Kunden KundenNr="12949" KundEigtNr="13984" KundArt="8" KundStatus="3" KundAufDat="2002-10-17"/>
  <Kunden KundenNr="12950" KundEigtNr="13985" KundArt="1" KundStatus="3" KundAufDat="2002-10-17"/>
  <Kunden KundenNr="12951" KundEigtNr="13986" KundArt="8" KundStatus="3" KundAufDat="2002-10-17"/>
  <Kunden KundenNr="12952" KundEigtNr="13987" KundArt="8" KundStatus="3" KundAufDat="2002-10-17"/>
  <Kunden KundenNr="12953" KundEigtNr="13988" KundArt="2" KundStatus="3" KundAufDat="2002-10-17"/>
  <Kunden KundenNr="12954" KundEigtNr="12006" KundArt="2" KundStatus="3" KundAufDat="2002-10-17"/>
  <Kunden KundenNr="12955" KundEigtNr="13989" KundArt="2" KundStatus="3" KundAufDat="2002-10-17"/>
  <Kunden KundenNr="12956" KundEigtNr="13990" KundArt="1" KundStatus="3" KundAufDat="2002-10-17"/>
  <Kunden KundenNr="12957" KundEigtNr="13991" KundArt="29" KundStatus="1" KundAufDat="2002-10-18"/>
  <Kunden KundenNr="12958" KundEigtNr="13844" KundArt="29" KundStatus="1" KundAufDat="2002-10-18"/>
  <Kunden KundenNr="12959" KundEigtNr="13992" KundArt="29" KundStatus="1" KundAufDat="2002-10-18"/>
  <Kunden KundenNr="12960" KundEigtNr="13993" KundArt="8" KundStatus="3" KundAufDat="2002-10-18"/>
  <Kunden KundenNr="12961" KundEigtNr="13994" KundArt="8" KundStatus="3" KundAufDat="2002-10-18"/>
  <Kunden KundenNr="12962" KundEigtNr="13995" KundArt="8" KundStatus="3" KundAufDat="2002-10-18"/>
  <Kunden KundenNr="12963" KundEigtNr="13996" KundArt="2" KundStatus="3" KundAufDat="2002-10-18"/>
  <Kunden KundenNr="12964" KundEigtNr="13997" KundArt="8" KundStatus="3" KundAufDat="2002-10-18"/>
  <Kunden KundenNr="12965" KundEigtNr="11542" KundArt="1" KundStatus="3" KundAufDat="2002-10-18"/>
  <Kunden KundenNr="12966" KundEigtNr="12510" KundArt="2" KundStatus="3" KundAufDat="2002-10-18"/>
  <Kunden KundenNr="12967" KundEigtNr="13998" KundArt="2" KundStatus="3" KundAufDat="2002-10-18"/>
  <Kunden KundenNr="12968" KundEigtNr="13999" KundArt="2" KundStatus="3" KundAufDat="2002-10-18"/>
  <Kunden KundenNr="12969" KundEigtNr="14000" KundArt="2" KundStatus="3" KundAufDat="2002-10-18"/>
  <Kunden KundenNr="12970" KundEigtNr="14001" KundArt="2" KundStatus="3" KundAufDat="2002-10-19"/>
  <Kunden KundenNr="12971" KundEigtNr="14002" KundArt="1" KundStatus="1" KundAufDat="2002-10-19"/>
  <Kunden KundenNr="12972" KundEigtNr="14003" KundArt="8" KundStatus="3" KundAufDat="2002-10-19"/>
  <Kunden KundenNr="12973" KundEigtNr="14004" KundArt="8" KundStatus="3" KundAufDat="2002-10-19"/>
  <Kunden KundenNr="12974" KundEigtNr="14005" KundArt="2" KundStatus="3" KundAufDat="2002-10-19"/>
  <Kunden KundenNr="12975" KundEigtNr="14006" KundArt="8" KundStatus="3" KundAufDat="2002-10-19"/>
  <Kunden KundenNr="12976" KundEigtNr="14007" KundArt="2" KundStatus="3" KundAufDat="2002-10-21"/>
  <Kunden KundenNr="12977" KundEigtNr="14008" KundArt="8" KundStatus="3" KundAufDat="2002-10-21"/>
  <Kunden KundenNr="12978" KundEigtNr="14009" KundArt="8" KundStatus="3" KundAufDat="2002-10-21"/>
  <Kunden KundenNr="12979" KundEigtNr="14010" KundArt="8" KundStatus="3" KundAufDat="2002-10-21"/>
  <Kunden KundenNr="12980" KundEigtNr="14011" KundArt="8" KundStatus="3" KundAufDat="2002-10-21"/>
  <Kunden KundenNr="12981" KundEigtNr="14012" KundArt="2" KundStatus="3" KundAufDat="2002-10-21"/>
  <Kunden KundenNr="12982" KundEigtNr="14013" KundArt="1" KundStatus="3" KundAufDat="2002-10-21"/>
  <Kunden KundenNr="12983" KundEigtNr="14014" KundArt="2" KundStatus="3" KundAufDat="2002-10-21"/>
  <Kunden KundenNr="12984" KundEigtNr="14015" KundArt="8" KundStatus="3" KundAufDat="2002-10-21"/>
  <Kunden KundenNr="12985" KundEigtNr="14016" KundArt="2" KundStatus="3" KundAufDat="2002-10-22"/>
  <Kunden KundenNr="12986" KundEigtNr="14017" KundArt="2" KundStatus="3" KundAufDat="2002-10-22"/>
  <Kunden KundenNr="12987" KundEigtNr="14018" KundArt="2" KundStatus="3" KundAufDat="2002-10-22"/>
  <Kunden KundenNr="12988" KundEigtNr="14019" KundArt="2" KundStatus="3" KundAufDat="2002-10-22"/>
  <Kunden KundenNr="12989" KundEigtNr="14020" KundArt="2" KundStatus="3" KundAufDat="2002-10-22"/>
  <Kunden KundenNr="12990" KundEigtNr="8099" KundArt="14" KundStatus="3" KundAufDat="2002-10-22"/>
  <Kunden KundenNr="12991" KundEigtNr="14021" KundArt="14" KundStatus="3" KundAufDat="2002-10-22"/>
  <Kunden KundenNr="12992" KundEigtNr="14022" KundArt="14" KundStatus="3" KundAufDat="2002-10-22"/>
  <Kunden KundenNr="12993" KundEigtNr="14023" KundArt="2" KundStatus="3" KundAufDat="2002-10-22"/>
  <Kunden KundenNr="12994" KundEigtNr="14024" KundArt="2" KundStatus="3" KundAufDat="2002-10-22"/>
  <Kunden KundenNr="12995" KundEigtNr="13085" KundArt="29" KundStatus="1" KundAufDat="2002-10-22"/>
  <Kunden KundenNr="12996" KundEigtNr="14025" KundArt="8" KundStatus="3" KundAufDat="2002-10-22"/>
  <Kunden KundenNr="12997" KundEigtNr="14026" KundArt="2" KundStatus="3" KundAufDat="2002-10-22"/>
  <Kunden KundenNr="12998" KundEigtNr="14027" KundArt="1" KundStatus="3" KundAufDat="2002-10-22"/>
  <Kunden KundenNr="12999" KundEigtNr="14028" KundArt="8" KundStatus="3" KundAufDat="2002-10-22"/>
  <Kunden KundenNr="13000" KundEigtNr="14029" KundArt="8" KundStatus="3" KundAufDat="2002-10-22"/>
  <Kunden KundenNr="13001" KundEigtNr="14030" KundArt="2" KundStatus="3" KundAufDat="2002-10-22"/>
  <Kunden KundenNr="13002" KundEigtNr="14031" KundArt="2" KundStatus="3" KundAufDat="2002-10-22"/>
  <Kunden KundenNr="13003" KundEigtNr="14032" KundArt="8" KundStatus="3" KundAufDat="2002-10-22"/>
  <Kunden KundenNr="13004" KundEigtNr="14033" KundArt="2" KundStatus="3" KundAufDat="2002-10-22"/>
  <Kunden KundenNr="13005" KundEigtNr="14034" KundArt="2" KundStatus="3" KundAufDat="2002-10-22"/>
  <Kunden KundenNr="13006" KundEigtNr="13898" KundArt="29" KundStatus="1" KundAufDat="2002-10-23"/>
  <Kunden KundenNr="13007" KundEigtNr="14035" KundArt="2" KundStatus="3" KundAufDat="2002-10-23"/>
  <Kunden KundenNr="13008" KundEigtNr="14036" KundArt="2" KundStatus="3" KundAufDat="2002-10-23"/>
  <Kunden KundenNr="13009" KundEigtNr="14037" KundArt="2" KundStatus="3" KundAufDat="2002-10-23"/>
  <Kunden KundenNr="13010" KundEigtNr="14038" KundArt="8" KundStatus="3" KundAufDat="2002-10-23"/>
  <Kunden KundenNr="13011" KundEigtNr="14039" KundArt="2" KundStatus="3" KundAufDat="2002-10-23"/>
  <Kunden KundenNr="13012" KundEigtNr="14040" KundArt="2" KundStatus="3" KundAufDat="2002-10-23"/>
  <Kunden KundenNr="13013" KundEigtNr="14041" KundArt="2" KundStatus="3" KundAufDat="2002-10-23"/>
  <Kunden KundenNr="13014" KundEigtNr="13821" KundArt="29" KundStatus="1" KundAufDat="2002-10-24"/>
  <Kunden KundenNr="13015" KundEigtNr="14042" KundArt="8" KundStatus="3" KundAufDat="2002-10-24"/>
  <Kunden KundenNr="13016" KundEigtNr="14043" KundArt="8" KundStatus="3" KundAufDat="2002-10-24"/>
  <Kunden KundenNr="13017" KundEigtNr="14044" KundArt="2" KundStatus="3" KundAufDat="2002-10-24"/>
  <Kunden KundenNr="13018" KundEigtNr="11193" KundArt="8" KundStatus="3" KundAufDat="2002-10-24"/>
  <Kunden KundenNr="13019" KundEigtNr="14045" KundArt="8" KundStatus="3" KundAufDat="2002-10-24"/>
  <Kunden KundenNr="13020" KundEigtNr="14046" KundArt="8" KundStatus="3" KundAufDat="2002-10-24"/>
  <Kunden KundenNr="13021" KundEigtNr="14047" KundArt="8" KundStatus="3" KundAufDat="2002-10-25"/>
  <Kunden KundenNr="13022" KundEigtNr="14048" KundArt="8" KundStatus="3" KundAufDat="2002-10-25"/>
  <Kunden KundenNr="13023" KundEigtNr="14049" KundArt="2" KundStatus="3" KundAufDat="2002-10-25"/>
  <Kunden KundenNr="13024" KundEigtNr="14050" KundArt="2" KundStatus="3" KundAufDat="2002-10-25"/>
  <Kunden KundenNr="13025" KundEigtNr="14051" KundArt="2" KundStatus="3" KundAufDat="2002-10-25"/>
  <Kunden KundenNr="13026" KundEigtNr="14052" KundArt="2" KundStatus="3" KundAufDat="2002-10-25"/>
  <Kunden KundenNr="13027" KundEigtNr="14053" KundArt="8" KundStatus="3" KundAufDat="2002-10-26"/>
  <Kunden KundenNr="13028" KundEigtNr="14054" KundArt="8" KundStatus="3" KundAufDat="2002-10-28"/>
  <Kunden KundenNr="13029" KundEigtNr="14055" KundArt="8" KundStatus="3" KundAufDat="2002-10-28"/>
  <Kunden KundenNr="13030" KundEigtNr="14056" KundArt="2" KundStatus="3" KundAufDat="2002-10-28"/>
  <Kunden KundenNr="13031" KundEigtNr="14057" KundArt="2" KundStatus="3" KundAufDat="2002-10-28"/>
  <Kunden KundenNr="13032" KundEigtNr="14058" KundArt="2" KundStatus="3" KundAufDat="2002-10-28"/>
  <Kunden KundenNr="13033" KundEigtNr="14059" KundArt="2" KundStatus="3" KundAufDat="2002-10-28"/>
  <Kunden KundenNr="13034" KundEigtNr="14060" KundArt="8" KundStatus="3" KundAufDat="2002-10-28"/>
  <Kunden KundenNr="13035" KundEigtNr="14061" KundArt="8" KundStatus="3" KundAufDat="2002-10-28"/>
  <Kunden KundenNr="13036" KundEigtNr="14062" KundArt="8" KundStatus="3" KundAufDat="2002-10-28"/>
  <Kunden KundenNr="13038" KundEigtNr="14063" KundArt="2" KundStatus="3" KundAufDat="2002-10-28"/>
  <Kunden KundenNr="13039" KundEigtNr="14064" KundArt="2" KundStatus="3" KundAufDat="2002-10-28"/>
  <Kunden KundenNr="13040" KundEigtNr="14065" KundArt="8" KundStatus="3" KundAufDat="2002-10-28"/>
  <Kunden KundenNr="13041" KundEigtNr="14066" KundArt="1" KundStatus="1" KundAufDat="2002-10-28"/>
  <Kunden KundenNr="13042" KundEigtNr="14067" KundArt="8" KundStatus="3" KundAufDat="2002-10-28"/>
  <Kunden KundenNr="13043" KundEigtNr="14068" KundArt="2" KundStatus="3" KundAufDat="2002-10-28"/>
  <Kunden KundenNr="13044" KundEigtNr="11141" KundArt="2" KundStatus="3" KundAufDat="2002-10-28"/>
  <Kunden KundenNr="13045" KundEigtNr="14069" KundArt="2" KundStatus="3" KundAufDat="2002-10-28"/>
  <Kunden KundenNr="13047" KundEigtNr="14071" KundArt="8" KundStatus="3" KundAufDat="2002-10-29"/>
  <Kunden KundenNr="13048" KundEigtNr="14072" KundArt="2" KundStatus="3" KundAufDat="2002-10-29"/>
  <Kunden KundenNr="13049" KundEigtNr="14073" KundArt="1" KundStatus="3" KundAufDat="2002-10-29"/>
  <Kunden KundenNr="13050" KundEigtNr="14074" KundArt="2" KundStatus="3" KundAufDat="2002-10-29"/>
  <Kunden KundenNr="13051" KundEigtNr="14075" KundArt="2" KundStatus="3" KundAufDat="2002-10-29"/>
  <Kunden KundenNr="13052" KundEigtNr="14076" KundArt="8" KundStatus="3" KundAufDat="2002-10-29"/>
  <Kunden KundenNr="13053" KundEigtNr="14077" KundArt="8" KundStatus="3" KundAufDat="2002-10-29"/>
  <Kunden KundenNr="13054" KundEigtNr="14078" KundArt="8" KundStatus="3" KundAufDat="2002-10-29"/>
  <Kunden KundenNr="13055" KundEigtNr="14079" KundArt="8" KundStatus="3" KundAufDat="2002-10-29"/>
  <Kunden KundenNr="13056" KundEigtNr="14080" KundArt="8" KundStatus="3" KundAufDat="2002-10-29"/>
  <Kunden KundenNr="13057" KundEigtNr="14081" KundArt="2" KundStatus="3" KundAufDat="2002-10-29"/>
  <Kunden KundenNr="13058" KundEigtNr="14082" KundArt="8" KundStatus="3" KundAufDat="2002-10-29"/>
  <Kunden KundenNr="13059" KundEigtNr="14083" KundArt="8" KundStatus="3" KundAufDat="2002-10-29"/>
  <Kunden KundenNr="13060" KundEigtNr="14084" KundArt="2" KundStatus="3" KundAufDat="2002-10-29"/>
  <Kunden KundenNr="13061" KundEigtNr="14085" KundArt="29" KundStatus="1" KundAufDat="2002-10-29"/>
  <Kunden KundenNr="13062" KundEigtNr="14086" KundArt="2" KundStatus="3" KundAufDat="2002-10-29"/>
  <Kunden KundenNr="13063" KundEigtNr="14087" KundArt="2" KundStatus="3" KundAufDat="2002-10-29"/>
  <Kunden KundenNr="13064" KundEigtNr="14088" KundArt="2" KundStatus="3" KundAufDat="2002-10-30"/>
  <Kunden KundenNr="13065" KundEigtNr="14089" KundArt="2" KundStatus="3" KundAufDat="2002-10-30"/>
  <Kunden KundenNr="13066" KundEigtNr="14090" KundArt="2" KundStatus="3" KundAufDat="2002-10-30"/>
  <Kunden KundenNr="13067" KundEigtNr="14091" KundArt="2" KundStatus="1" KundAufDat="2002-10-30"/>
  <Kunden KundenNr="13068" KundEigtNr="14092" KundArt="8" KundStatus="3" KundAufDat="2002-10-30"/>
  <Kunden KundenNr="13069" KundEigtNr="14093" KundArt="2" KundStatus="3" KundAufDat="2002-10-30"/>
  <Kunden KundenNr="13070" KundEigtNr="14094" KundArt="8" KundStatus="3" KundAufDat="2002-10-30"/>
  <Kunden KundenNr="13071" KundEigtNr="14095" KundArt="8" KundStatus="3" KundAufDat="2002-10-30"/>
  <Kunden KundenNr="13072" KundEigtNr="14096" KundArt="29" KundStatus="1" KundAufDat="2002-10-30"/>
  <Kunden KundenNr="13073" KundEigtNr="14097" KundArt="29" KundStatus="1" KundAufDat="2002-10-30"/>
  <Kunden KundenNr="13074" KundEigtNr="14098" KundArt="2" KundStatus="3" KundAufDat="2002-10-31"/>
  <Kunden KundenNr="13075" KundEigtNr="14099" KundArt="29" KundStatus="1" KundAufDat="2002-10-31"/>
  <Kunden KundenNr="13076" KundEigtNr="14100" KundArt="8" KundStatus="3" KundAufDat="2002-11-01"/>
  <Kunden KundenNr="13077" KundEigtNr="14101" KundArt="2" KundStatus="3" KundAufDat="2002-11-01"/>
  <Kunden KundenNr="13078" KundEigtNr="14102" KundArt="2" KundStatus="3" KundAufDat="2002-11-01"/>
  <Kunden KundenNr="13079" KundEigtNr="14103" KundArt="8" KundStatus="3" KundAufDat="2002-11-01"/>
  <Kunden KundenNr="13080" KundEigtNr="14104" KundArt="2" KundStatus="3" KundAufDat="2002-11-01"/>
  <Kunden KundenNr="13081" KundEigtNr="12929" KundArt="8" KundStatus="3" KundAufDat="2002-11-04"/>
  <Kunden KundenNr="13082" KundEigtNr="14105" KundArt="2" KundStatus="3" KundAufDat="2002-11-04"/>
  <Kunden KundenNr="13083" KundEigtNr="14106" KundArt="2" KundStatus="1" KundAufDat="2002-11-04"/>
  <Kunden KundenNr="13084" KundEigtNr="14107" KundArt="2" KundStatus="3" KundAufDat="2002-11-04"/>
  <Kunden KundenNr="13085" KundEigtNr="1478" KundArt="8" KundStatus="3" KundAufDat="2002-11-04"/>
  <Kunden KundenNr="13086" KundEigtNr="14108" KundArt="8" KundStatus="3" KundAufDat="2002-11-04"/>
  <Kunden KundenNr="13087" KundEigtNr="12461" KundArt="29" KundStatus="1" KundAufDat="2002-11-04"/>
  <Kunden KundenNr="13088" KundEigtNr="14109" KundArt="8" KundStatus="3" KundAufDat="2002-11-04"/>
  <Kunden KundenNr="13089" KundEigtNr="14110" KundArt="2" KundStatus="3" KundAufDat="2002-11-04"/>
  <Kunden KundenNr="13090" KundEigtNr="14111" KundArt="8" KundStatus="3" KundAufDat="2002-11-04"/>
  <Kunden KundenNr="13091" KundEigtNr="14112" KundArt="8" KundStatus="3" KundAufDat="2002-11-04"/>
  <Kunden KundenNr="13092" KundEigtNr="14113" KundArt="2" KundStatus="3" KundAufDat="2002-11-04"/>
  <Kunden KundenNr="13093" KundEigtNr="14114" KundArt="8" KundStatus="3" KundAufDat="2002-11-04"/>
  <Kunden KundenNr="13094" KundEigtNr="14115" KundArt="2" KundStatus="3" KundAufDat="2002-11-04"/>
  <Kunden KundenNr="13095" KundEigtNr="14116" KundArt="2" KundStatus="1" KundAufDat="2002-11-04"/>
  <Kunden KundenNr="13096" KundEigtNr="14117" KundArt="2" KundStatus="1" KundAufDat="2002-11-04"/>
  <Kunden KundenNr="13097" KundEigtNr="14118" KundArt="2" KundStatus="3" KundAufDat="2002-11-05"/>
  <Kunden KundenNr="13098" KundEigtNr="14119" KundArt="2" KundStatus="3" KundAufDat="2002-11-05"/>
  <Kunden KundenNr="13099" KundEigtNr="14120" KundArt="2" KundStatus="3" KundAufDat="2002-11-05"/>
  <Kunden KundenNr="13100" KundEigtNr="14121" KundArt="2" KundStatus="3" KundAufDat="2002-11-05"/>
  <Kunden KundenNr="13101" KundEigtNr="14122" KundArt="2" KundStatus="3" KundAufDat="2002-11-05"/>
  <Kunden KundenNr="13102" KundEigtNr="14123" KundArt="2" KundStatus="3" KundAufDat="2002-11-05"/>
  <Kunden KundenNr="13103" KundEigtNr="14124" KundArt="2" KundStatus="3" KundAufDat="2002-11-05"/>
  <Kunden KundenNr="13104" KundEigtNr="14125" KundArt="2" KundStatus="3" KundAufDat="2002-11-05"/>
  <Kunden KundenNr="13105" KundEigtNr="14126" KundArt="2" KundStatus="3" KundAufDat="2002-11-05"/>
  <Kunden KundenNr="13106" KundEigtNr="14127" KundArt="8" KundStatus="3" KundAufDat="2002-11-05"/>
  <Kunden KundenNr="13107" KundEigtNr="14128" KundArt="8" KundStatus="3" KundAufDat="2002-11-05"/>
  <Kunden KundenNr="13108" KundEigtNr="14129" KundArt="2" KundStatus="3" KundAufDat="2002-11-05"/>
  <Kunden KundenNr="13109" KundEigtNr="14130" KundArt="2" KundStatus="3" KundAufDat="2002-11-05"/>
  <Kunden KundenNr="13110" KundEigtNr="14131" KundArt="2" KundStatus="3" KundAufDat="2002-11-05"/>
  <Kunden KundenNr="13111" KundEigtNr="14132" KundArt="2" KundStatus="3" KundAufDat="2002-11-05"/>
  <Kunden KundenNr="13112" KundEigtNr="11878" KundArt="29" KundStatus="1" KundAufDat="2002-11-05"/>
  <Kunden KundenNr="13113" KundEigtNr="14133" KundArt="8" KundStatus="3" KundAufDat="2002-11-05"/>
  <Kunden KundenNr="13114" KundEigtNr="14134" KundArt="8" KundStatus="3" KundAufDat="2002-11-05"/>
  <Kunden KundenNr="13115" KundEigtNr="14135" KundArt="1" KundStatus="3" KundAufDat="2002-11-05"/>
  <Kunden KundenNr="13116" KundEigtNr="14136" KundArt="2" KundStatus="3" KundAufDat="2002-11-05"/>
  <Kunden KundenNr="13117" KundEigtNr="14137" KundArt="1" KundStatus="3" KundAufDat="2002-11-05"/>
  <Kunden KundenNr="13118" KundEigtNr="14138" KundArt="1" KundStatus="3" KundAufDat="2002-11-06"/>
  <Kunden KundenNr="13119" KundEigtNr="14139" KundArt="1" KundStatus="3" KundAufDat="2002-11-06"/>
  <Kunden KundenNr="13120" KundEigtNr="14140" KundArt="1" KundStatus="3" KundAufDat="2002-11-06"/>
  <Kunden KundenNr="13121" KundEigtNr="14141" KundArt="1" KundStatus="3" KundAufDat="2002-11-06"/>
  <Kunden KundenNr="13122" KundEigtNr="14142" KundArt="2" KundStatus="3" KundAufDat="2002-11-06"/>
  <Kunden KundenNr="13123" KundEigtNr="14143" KundArt="8" KundStatus="3" KundAufDat="2002-11-06"/>
  <Kunden KundenNr="13124" KundEigtNr="14148" KundArt="2" KundStatus="3" KundAufDat="2002-11-06"/>
  <Kunden KundenNr="13125" KundEigtNr="14149" KundArt="8" KundStatus="3" KundAufDat="2002-11-06"/>
  <Kunden KundenNr="13126" KundEigtNr="14150" KundArt="8" KundStatus="1" KundAufDat="2002-11-06"/>
  <Kunden KundenNr="13127" KundEigtNr="14152" KundArt="8" KundStatus="3" KundAufDat="2002-11-06"/>
  <Kunden KundenNr="13128" KundEigtNr="14155" KundArt="2" KundStatus="3" KundAufDat="2002-11-06"/>
  <Kunden KundenNr="13129" KundEigtNr="14156" KundArt="2" KundStatus="3" KundAufDat="2002-11-06"/>
  <Kunden KundenNr="13130" KundEigtNr="14157" KundArt="2" KundStatus="3" KundAufDat="2002-11-06"/>
  <Kunden KundenNr="13131" KundEigtNr="14162" KundArt="29" KundStatus="1" KundAufDat="2002-11-06"/>
  <Kunden KundenNr="13132" KundEigtNr="14163" KundArt="1" KundStatus="3" KundAufDat="2002-11-07"/>
  <Kunden KundenNr="13133" KundEigtNr="14164" KundArt="2" KundStatus="3" KundAufDat="2002-11-07"/>
  <Kunden KundenNr="13134" KundEigtNr="13847" KundArt="29" KundStatus="1" KundAufDat="2002-11-07"/>
  <Kunden KundenNr="13135" KundEigtNr="14165" KundArt="8" KundStatus="3" KundAufDat="2002-11-07"/>
  <Kunden KundenNr="13136" KundEigtNr="14166" KundArt="8" KundStatus="3" KundAufDat="2002-11-07"/>
  <Kunden KundenNr="13137" KundEigtNr="14167" KundArt="1" KundStatus="3" KundAufDat="2002-11-07"/>
  <Kunden KundenNr="13138" KundEigtNr="14168" KundArt="8" KundStatus="3" KundAufDat="2002-11-07"/>
  <Kunden KundenNr="13139" KundEigtNr="14169" KundArt="8" KundStatus="3" KundAufDat="2002-11-08"/>
  <Kunden KundenNr="13140" KundEigtNr="14170" KundArt="2" KundStatus="3" KundAufDat="2002-11-08"/>
  <Kunden KundenNr="13141" KundEigtNr="14171" KundArt="2" KundStatus="3" KundAufDat="2002-11-10"/>
  <Kunden KundenNr="13142" KundEigtNr="14172" KundArt="2" KundStatus="3" KundAufDat="2002-11-11"/>
  <Kunden KundenNr="13143" KundEigtNr="14173" KundArt="2" KundStatus="3" KundAufDat="2002-11-11"/>
  <Kunden KundenNr="13144" KundEigtNr="14174" KundArt="8" KundStatus="3" KundAufDat="2002-11-11"/>
  <Kunden KundenNr="13145" KundEigtNr="14175" KundArt="8" KundStatus="3" KundAufDat="2002-11-11"/>
  <Kunden KundenNr="13146" KundEigtNr="14176" KundArt="8" KundStatus="3" KundAufDat="2002-11-11"/>
  <Kunden KundenNr="13147" KundEigtNr="14177" KundArt="2" KundStatus="3" KundAufDat="2002-11-11"/>
  <Kunden KundenNr="13148" KundEigtNr="14176" KundArt="2" KundStatus="3" KundAufDat="2002-11-11"/>
  <Kunden KundenNr="13149" KundEigtNr="14178" KundArt="2" KundStatus="3" KundAufDat="2002-11-11"/>
  <Kunden KundenNr="13150" KundEigtNr="14179" KundArt="2" KundStatus="3" KundAufDat="2002-11-11"/>
  <Kunden KundenNr="13151" KundEigtNr="14180" KundArt="8" KundStatus="3" KundAufDat="2002-11-11"/>
  <Kunden KundenNr="13152" KundEigtNr="13769" KundArt="2" KundStatus="3" KundAufDat="2002-11-11"/>
  <Kunden KundenNr="13153" KundEigtNr="14181" KundArt="8" KundStatus="3" KundAufDat="2002-11-11"/>
  <Kunden KundenNr="13154" KundEigtNr="14182" KundArt="8" KundStatus="3" KundAufDat="2002-11-11"/>
  <Kunden KundenNr="13155" KundEigtNr="14183" KundArt="8" KundStatus="3" KundAufDat="2002-11-11"/>
  <Kunden KundenNr="13156" KundEigtNr="14184" KundArt="2" KundStatus="3" KundAufDat="2002-11-11"/>
  <Kunden KundenNr="13157" KundEigtNr="14185" KundArt="2" KundStatus="3" KundAufDat="2002-11-11"/>
  <Kunden KundenNr="13158" KundEigtNr="14186" KundArt="2" KundStatus="3" KundAufDat="2002-11-12"/>
  <Kunden KundenNr="13159" KundEigtNr="14187" KundArt="2" KundStatus="3" KundAufDat="2002-11-12"/>
  <Kunden KundenNr="13160" KundEigtNr="14188" KundArt="2" KundStatus="3" KundAufDat="2002-11-12"/>
  <Kunden KundenNr="13161" KundEigtNr="14189" KundArt="2" KundStatus="3" KundAufDat="2002-11-12"/>
  <Kunden KundenNr="13162" KundEigtNr="14190" KundArt="2" KundStatus="3" KundAufDat="2002-11-12"/>
  <Kunden KundenNr="13163" KundEigtNr="14191" KundArt="2" KundStatus="3" KundAufDat="2002-11-12"/>
  <Kunden KundenNr="13164" KundEigtNr="14192" KundArt="2" KundStatus="3" KundAufDat="2002-11-12"/>
  <Kunden KundenNr="13165" KundEigtNr="14193" KundArt="2" KundStatus="3" KundAufDat="2002-11-12"/>
  <Kunden KundenNr="13166" KundEigtNr="14194" KundArt="2" KundStatus="3" KundAufDat="2002-11-12"/>
  <Kunden KundenNr="13167" KundEigtNr="13895" KundArt="8" KundStatus="3" KundAufDat="2002-11-12"/>
  <Kunden KundenNr="13168" KundEigtNr="14195" KundArt="8" KundStatus="3" KundAufDat="2002-11-12"/>
  <Kunden KundenNr="13169" KundEigtNr="14196" KundArt="8" KundStatus="3" KundAufDat="2002-11-12"/>
  <Kunden KundenNr="13170" KundEigtNr="14197" KundArt="8" KundStatus="3" KundAufDat="2002-11-12"/>
  <Kunden KundenNr="13171" KundEigtNr="14198" KundArt="1" KundStatus="3" KundAufDat="2002-11-12"/>
  <Kunden KundenNr="13172" KundEigtNr="14199" KundArt="2" KundStatus="3" KundAufDat="2002-11-12"/>
  <Kunden KundenNr="13173" KundEigtNr="14200" KundArt="8" KundStatus="3" KundAufDat="2002-11-12"/>
  <Kunden KundenNr="13174" KundEigtNr="14201" KundArt="2" KundStatus="3" KundAufDat="2002-11-12"/>
  <Kunden KundenNr="13175" KundEigtNr="14202" KundArt="1" KundStatus="3" KundAufDat="2002-11-12"/>
  <Kunden KundenNr="13176" KundEigtNr="12867" KundArt="29" KundStatus="1" KundAufDat="2002-11-12"/>
  <Kunden KundenNr="13177" KundEigtNr="14203" KundArt="8" KundStatus="3" KundAufDat="2002-11-12"/>
  <Kunden KundenNr="13178" KundEigtNr="14205" KundArt="2" KundStatus="3" KundAufDat="2002-11-13"/>
  <Kunden KundenNr="13179" KundEigtNr="14206" KundArt="8" KundStatus="3" KundAufDat="2002-11-13"/>
  <Kunden KundenNr="13180" KundEigtNr="14207" KundArt="8" KundStatus="3" KundAufDat="2002-11-13"/>
  <Kunden KundenNr="13181" KundEigtNr="14094" KundArt="29" KundStatus="1" KundAufDat="2002-11-13"/>
  <Kunden KundenNr="13182" KundEigtNr="14208" KundArt="8" KundStatus="3" KundAufDat="2002-11-13"/>
  <Kunden KundenNr="13183" KundEigtNr="14209" KundArt="2" KundStatus="3" KundAufDat="2002-11-13"/>
  <Kunden KundenNr="13184" KundEigtNr="14210" KundArt="2" KundStatus="3" KundAufDat="2002-11-13"/>
  <Kunden KundenNr="13185" KundEigtNr="14190" KundArt="8" KundStatus="3" KundAufDat="2002-11-13"/>
  <Kunden KundenNr="13186" KundEigtNr="14211" KundArt="8" KundStatus="3" KundAufDat="2002-11-13"/>
  <Kunden KundenNr="13187" KundEigtNr="14212" KundArt="8" KundStatus="3" KundAufDat="2002-11-13"/>
  <Kunden KundenNr="13188" KundEigtNr="14213" KundArt="8" KundStatus="3" KundAufDat="2002-11-13"/>
  <Kunden KundenNr="13189" KundEigtNr="14214" KundArt="2" KundStatus="3" KundAufDat="2002-11-13"/>
  <Kunden KundenNr="13190" KundEigtNr="14215" KundArt="2" KundStatus="3" KundAufDat="2002-11-14"/>
  <Kunden KundenNr="13191" KundEigtNr="14216" KundArt="2" KundStatus="3" KundAufDat="2002-11-14"/>
  <Kunden KundenNr="13192" KundEigtNr="14217" KundArt="2" KundStatus="3" KundAufDat="2002-11-14"/>
  <Kunden KundenNr="13193" KundEigtNr="14218" KundArt="2" KundStatus="3" KundAufDat="2002-11-14"/>
  <Kunden KundenNr="13194" KundEigtNr="14219" KundArt="2" KundStatus="3" KundAufDat="2002-11-14"/>
  <Kunden KundenNr="13195" KundEigtNr="14220" KundArt="2" KundStatus="3" KundAufDat="2002-11-15"/>
  <Kunden KundenNr="13196" KundEigtNr="13321" KundArt="29" KundStatus="1" KundAufDat="2002-11-15"/>
  <Kunden KundenNr="13197" KundEigtNr="14221" KundArt="8" KundStatus="3" KundAufDat="2002-11-15"/>
  <Kunden KundenNr="13198" KundEigtNr="14222" KundArt="29" KundStatus="1" KundAufDat="2002-11-15"/>
  <Kunden KundenNr="13199" KundEigtNr="14223" KundArt="8" KundStatus="3" KundAufDat="2002-11-15"/>
  <Kunden KundenNr="13200" KundEigtNr="14224" KundArt="8" KundStatus="3" KundAufDat="2002-11-16"/>
  <Kunden KundenNr="13201" KundEigtNr="14225" KundArt="8" KundStatus="3" KundAufDat="2002-11-18"/>
  <Kunden KundenNr="13202" KundEigtNr="14226" KundArt="8" KundStatus="3" KundAufDat="2002-11-18"/>
  <Kunden KundenNr="13203" KundEigtNr="14227" KundArt="8" KundStatus="3" KundAufDat="2002-11-18"/>
  <Kunden KundenNr="13204" KundEigtNr="14228" KundArt="8" KundStatus="3" KundAufDat="2002-11-18"/>
  <Kunden KundenNr="13205" KundEigtNr="14229" KundArt="8" KundStatus="3" KundAufDat="2002-11-18"/>
  <Kunden KundenNr="13206" KundEigtNr="14230" KundArt="8" KundStatus="3" KundAufDat="2002-11-18"/>
  <Kunden KundenNr="13207" KundEigtNr="13128" KundArt="8" KundStatus="3" KundAufDat="2002-11-18"/>
  <Kunden KundenNr="13208" KundEigtNr="14231" KundArt="2" KundStatus="3" KundAufDat="2002-11-18"/>
  <Kunden KundenNr="13209" KundEigtNr="14232" KundArt="2" KundStatus="3" KundAufDat="2002-11-18"/>
  <Kunden KundenNr="13210" KundEigtNr="14233" KundArt="8" KundStatus="3" KundAufDat="2002-11-18"/>
  <Kunden KundenNr="13211" KundEigtNr="14234" KundArt="2" KundStatus="3" KundAufDat="2002-11-18"/>
  <Kunden KundenNr="13212" KundEigtNr="14235" KundArt="8" KundStatus="3" KundAufDat="2002-11-19"/>
  <Kunden KundenNr="13213" KundEigtNr="14236" KundArt="8" KundStatus="3" KundAufDat="2002-11-19"/>
  <Kunden KundenNr="13214" KundEigtNr="14237" KundArt="8" KundStatus="3" KundAufDat="2002-11-19"/>
  <Kunden KundenNr="13215" KundEigtNr="14238" KundArt="29" KundStatus="1" KundAufDat="2002-11-19"/>
  <Kunden KundenNr="13216" KundEigtNr="14239" KundArt="2" KundStatus="3" KundAufDat="2002-11-19"/>
  <Kunden KundenNr="13217" KundEigtNr="14240" KundArt="2" KundStatus="3" KundAufDat="2002-11-19"/>
  <Kunden KundenNr="13218" KundEigtNr="14241" KundArt="2" KundStatus="1" KundAufDat="2002-11-19"/>
  <Kunden KundenNr="13219" KundEigtNr="14242" KundArt="1" KundStatus="1" KundAufDat="2002-11-19"/>
  <Kunden KundenNr="13220" KundEigtNr="14243" KundArt="2" KundStatus="3" KundAufDat="2002-11-19"/>
  <Kunden KundenNr="13221" KundEigtNr="14244" KundArt="8" KundStatus="3" KundAufDat="2002-11-19"/>
  <Kunden KundenNr="13222" KundEigtNr="10098" KundArt="2" KundStatus="3" KundAufDat="2002-11-19"/>
  <Kunden KundenNr="13223" KundEigtNr="13628" KundArt="8" KundStatus="3" KundAufDat="2002-11-19"/>
  <Kunden KundenNr="13224" KundEigtNr="14245" KundArt="8" KundStatus="3" KundAufDat="2002-11-20"/>
  <Kunden KundenNr="13225" KundEigtNr="14261" KundArt="2" KundStatus="3" KundAufDat="2002-11-20"/>
  <Kunden KundenNr="13226" KundEigtNr="14262" KundArt="8" KundStatus="3" KundAufDat="2002-11-20"/>
  <Kunden KundenNr="13227" KundEigtNr="14263" KundArt="2" KundStatus="3" KundAufDat="2002-11-20"/>
  <Kunden KundenNr="13228" KundEigtNr="14264" KundArt="8" KundStatus="3" KundAufDat="2002-11-20"/>
  <Kunden KundenNr="13229" KundEigtNr="14265" KundArt="2" KundStatus="3" KundAufDat="2002-11-21"/>
  <Kunden KundenNr="13230" KundEigtNr="13511" KundArt="2" KundStatus="3" KundAufDat="2002-11-21"/>
  <Kunden KundenNr="13231" KundEigtNr="14266" KundArt="2" KundStatus="3" KundAufDat="2002-11-21"/>
  <Kunden KundenNr="13232" KundEigtNr="14267" KundArt="1" KundStatus="3" KundAufDat="2002-11-21"/>
  <Kunden KundenNr="13233" KundEigtNr="14268" KundArt="2" KundStatus="3" KundAufDat="2002-11-21"/>
  <Kunden KundenNr="13234" KundEigtNr="98" KundArt="1" KundStatus="1" KundAufDat="2002-11-21"/>
  <Kunden KundenNr="13235" KundEigtNr="5747" KundArt="1" KundStatus="1" KundAufDat="2002-11-21"/>
  <Kunden KundenNr="13236" KundEigtNr="14269" KundArt="8" KundStatus="3" KundAufDat="2002-11-21"/>
  <Kunden KundenNr="13237" KundEigtNr="14270" KundArt="8" KundStatus="3" KundAufDat="2002-11-21"/>
  <Kunden KundenNr="13238" KundEigtNr="14271" KundArt="2" KundStatus="3" KundAufDat="2002-11-21"/>
  <Kunden KundenNr="13239" KundEigtNr="14272" KundArt="2" KundStatus="3" KundAufDat="2002-11-22"/>
  <Kunden KundenNr="13240" KundEigtNr="14273" KundArt="29" KundStatus="1" KundAufDat="2002-11-22"/>
  <Kunden KundenNr="13241" KundEigtNr="14274" KundArt="8" KundStatus="3" KundAufDat="2002-11-22"/>
  <Kunden KundenNr="13242" KundEigtNr="14275" KundArt="29" KundStatus="1" KundAufDat="2002-11-22"/>
  <Kunden KundenNr="13243" KundEigtNr="14276" KundArt="2" KundStatus="3" KundAufDat="2002-11-22"/>
  <Kunden KundenNr="13244" KundEigtNr="14277" KundArt="1" KundStatus="3" KundAufDat="2002-11-22"/>
  <Kunden KundenNr="13245" KundEigtNr="14278" KundArt="2" KundStatus="3" KundAufDat="2002-11-23"/>
  <Kunden KundenNr="13246" KundEigtNr="14279" KundArt="2" KundStatus="3" KundAufDat="2002-11-23"/>
  <Kunden KundenNr="13247" KundEigtNr="14280" KundArt="1" KundStatus="1" KundAufDat="2002-11-25"/>
  <Kunden KundenNr="13248" KundEigtNr="14281" KundArt="1" KundStatus="1" KundAufDat="2002-11-25"/>
  <Kunden KundenNr="13249" KundEigtNr="14282" KundArt="8" KundStatus="3" KundAufDat="2002-11-25"/>
  <Kunden KundenNr="13250" KundEigtNr="14283" KundArt="8" KundStatus="3" KundAufDat="2002-11-25"/>
  <Kunden KundenNr="13251" KundEigtNr="14284" KundArt="8" KundStatus="3" KundAufDat="2002-11-25"/>
  <Kunden KundenNr="13252" KundEigtNr="14285" KundArt="8" KundStatus="3" KundAufDat="2002-11-25"/>
  <Kunden KundenNr="13253" KundEigtNr="14286" KundArt="8" KundStatus="3" KundAufDat="2002-11-25"/>
  <Kunden KundenNr="13254" KundEigtNr="14287" KundArt="2" KundStatus="3" KundAufDat="2002-11-26"/>
  <Kunden KundenNr="13255" KundEigtNr="14288" KundArt="2" KundStatus="3" KundAufDat="2002-11-26"/>
  <Kunden KundenNr="13256" KundEigtNr="14289" KundArt="2" KundStatus="3" KundAufDat="2002-11-26"/>
  <Kunden KundenNr="13257" KundEigtNr="14290" KundArt="1" KundStatus="3" KundAufDat="2002-11-26"/>
  <Kunden KundenNr="13258" KundEigtNr="14291" KundArt="1" KundStatus="3" KundAufDat="2002-11-26"/>
  <Kunden KundenNr="13259" KundEigtNr="14292" KundArt="1" KundStatus="1" KundAufDat="2002-11-26"/>
  <Kunden KundenNr="13260" KundEigtNr="14293" KundArt="1" KundStatus="3" KundAufDat="2002-11-26"/>
  <Kunden KundenNr="13261" KundEigtNr="14294" KundArt="29" KundStatus="1" KundAufDat="2002-11-26"/>
  <Kunden KundenNr="13262" KundEigtNr="14295" KundArt="1" KundStatus="3" KundAufDat="2002-11-26"/>
  <Kunden KundenNr="13263" KundEigtNr="10553" KundArt="2" KundStatus="3" KundAufDat="2002-11-26"/>
  <Kunden KundenNr="13264" KundEigtNr="14296" KundArt="8" KundStatus="3" KundAufDat="2002-11-27"/>
  <Kunden KundenNr="13265" KundEigtNr="14297" KundArt="29" KundStatus="1" KundAufDat="2002-11-27"/>
  <Kunden KundenNr="13266" KundEigtNr="14298" KundArt="29" KundStatus="1" KundAufDat="2002-11-27"/>
  <Kunden KundenNr="13267" KundEigtNr="14299" KundArt="8" KundStatus="3" KundAufDat="2002-11-27"/>
  <Kunden KundenNr="13268" KundEigtNr="13592" KundArt="8" KundStatus="3" KundAufDat="2002-11-27"/>
  <Kunden KundenNr="13269" KundEigtNr="14300" KundArt="8" KundStatus="3" KundAufDat="2002-11-28"/>
  <Kunden KundenNr="13270" KundEigtNr="14301" KundArt="8" KundStatus="3" KundAufDat="2002-11-28"/>
  <Kunden KundenNr="13271" KundEigtNr="14302" KundArt="8" KundStatus="3" KundAufDat="2002-11-28"/>
  <Kunden KundenNr="13272" KundEigtNr="14303" KundArt="8" KundStatus="3" KundAufDat="2002-11-28"/>
  <Kunden KundenNr="13273" KundEigtNr="441" KundArt="8" KundStatus="3" KundAufDat="2002-11-28"/>
  <Kunden KundenNr="13274" KundEigtNr="14304" KundArt="29" KundStatus="1" KundAufDat="2002-11-28"/>
  <Kunden KundenNr="13275" KundEigtNr="14306" KundArt="8" KundStatus="3" KundAufDat="2002-11-29"/>
  <Kunden KundenNr="13276" KundEigtNr="14307" KundArt="2" KundStatus="3" KundAufDat="2002-11-29"/>
  <Kunden KundenNr="13277" KundEigtNr="14309" KundArt="2" KundStatus="3" KundAufDat="2002-11-29"/>
  <Kunden KundenNr="13278" KundEigtNr="14310" KundArt="2" KundStatus="3" KundAufDat="2002-11-29"/>
  <Kunden KundenNr="13279" KundEigtNr="14311" KundArt="29" KundStatus="1" KundAufDat="2002-11-29"/>
  <Kunden KundenNr="13280" KundEigtNr="14312" KundArt="29" KundStatus="1" KundAufDat="2002-11-29"/>
  <Kunden KundenNr="13281" KundEigtNr="14315" KundArt="8" KundStatus="3" KundAufDat="2002-11-30"/>
  <Kunden KundenNr="13282" KundEigtNr="14316" KundArt="2" KundStatus="1" KundAufDat="2002-11-30"/>
  <Kunden KundenNr="13283" KundEigtNr="14318" KundArt="8" KundStatus="3" KundAufDat="2002-12-02"/>
  <Kunden KundenNr="13284" KundEigtNr="14319" KundArt="1" KundStatus="3" KundAufDat="2002-12-02"/>
  <Kunden KundenNr="13285" KundEigtNr="14320" KundArt="1" KundStatus="1" KundAufDat="2002-12-02"/>
  <Kunden KundenNr="13286" KundEigtNr="14321" KundArt="8" KundStatus="3" KundAufDat="2002-12-02"/>
  <Kunden KundenNr="13287" KundEigtNr="14330" KundArt="1" KundStatus="3" KundAufDat="2002-12-02"/>
  <Kunden KundenNr="13288" KundEigtNr="14331" KundArt="2" KundStatus="3" KundAufDat="2002-12-02"/>
  <Kunden KundenNr="13289" KundEigtNr="14332" KundArt="2" KundStatus="3" KundAufDat="2002-12-02"/>
  <Kunden KundenNr="13290" KundEigtNr="14333" KundArt="2" KundStatus="3" KundAufDat="2002-12-02"/>
  <Kunden KundenNr="13291" KundEigtNr="14334" KundArt="2" KundStatus="3" KundAufDat="2002-12-02"/>
  <Kunden KundenNr="13292" KundEigtNr="14335" KundArt="2" KundStatus="3" KundAufDat="2002-12-02"/>
  <Kunden KundenNr="13293" KundEigtNr="14336" KundArt="2" KundStatus="3" KundAufDat="2002-12-02"/>
  <Kunden KundenNr="13295" KundEigtNr="14338" KundArt="1" KundStatus="3" KundAufDat="2002-12-02"/>
  <Kunden KundenNr="13296" KundEigtNr="14339" KundArt="2" KundStatus="3" KundAufDat="2002-12-03"/>
  <Kunden KundenNr="13297" KundEigtNr="14341" KundArt="1" KundStatus="3" KundAufDat="2002-12-03"/>
  <Kunden KundenNr="13298" KundEigtNr="14354" KundArt="1" KundStatus="3" KundAufDat="2002-12-03"/>
  <Kunden KundenNr="13299" KundEigtNr="14357" KundArt="29" KundStatus="1" KundAufDat="2002-12-03"/>
  <Kunden KundenNr="13300" KundEigtNr="14363" KundArt="2" KundStatus="3" KundAufDat="2002-12-03"/>
  <Kunden KundenNr="13301" KundEigtNr="14364" KundArt="8" KundStatus="3" KundAufDat="2002-12-03"/>
  <Kunden KundenNr="13302" KundEigtNr="14365" KundArt="8" KundStatus="3" KundAufDat="2002-12-03"/>
  <Kunden KundenNr="13303" KundEigtNr="14366" KundArt="2" KundStatus="3" KundAufDat="2002-12-04"/>
  <Kunden KundenNr="13304" KundEigtNr="14367" KundArt="2" KundStatus="3" KundAufDat="2002-12-04"/>
  <Kunden KundenNr="13305" KundEigtNr="13309" KundArt="29" KundStatus="1" KundAufDat="2002-12-04"/>
  <Kunden KundenNr="13306" KundEigtNr="14368" KundArt="29" KundStatus="1" KundAufDat="2002-12-04"/>
  <Kunden KundenNr="13307" KundEigtNr="14324" KundArt="29" KundStatus="1" KundAufDat="2002-12-04"/>
  <Kunden KundenNr="13308" KundEigtNr="14369" KundArt="2" KundStatus="3" KundAufDat="2002-12-05"/>
  <Kunden KundenNr="13309" KundEigtNr="14370" KundArt="1" KundStatus="3" KundAufDat="2002-12-05"/>
  <Kunden KundenNr="13310" KundEigtNr="14371" KundArt="29" KundStatus="1" KundAufDat="2002-12-05"/>
  <Kunden KundenNr="13311" KundEigtNr="14372" KundArt="2" KundStatus="3" KundAufDat="2002-12-05"/>
  <Kunden KundenNr="13312" KundEigtNr="14373" KundArt="2" KundStatus="3" KundAufDat="2002-12-05"/>
  <Kunden KundenNr="13313" KundEigtNr="14374" KundArt="2" KundStatus="3" KundAufDat="2002-12-05"/>
  <Kunden KundenNr="13314" KundEigtNr="14375" KundArt="1" KundStatus="3" KundAufDat="2002-12-05"/>
  <Kunden KundenNr="13315" KundEigtNr="14376" KundArt="29" KundStatus="1" KundAufDat="2002-12-05"/>
  <Kunden KundenNr="13316" KundEigtNr="14377" KundArt="29" KundStatus="1" KundAufDat="2002-12-05"/>
  <Kunden KundenNr="13317" KundEigtNr="14379" KundArt="8" KundStatus="3" KundAufDat="2002-12-06"/>
  <Kunden KundenNr="13318" KundEigtNr="14380" KundArt="8" KundStatus="3" KundAufDat="2002-12-06"/>
  <Kunden KundenNr="13319" KundEigtNr="14381" KundArt="8" KundStatus="3" KundAufDat="2002-12-06"/>
  <Kunden KundenNr="13320" KundEigtNr="14382" KundArt="2" KundStatus="3" KundAufDat="2002-12-06"/>
  <Kunden KundenNr="13321" KundEigtNr="14383" KundArt="2" KundStatus="3" KundAufDat="2002-12-06"/>
  <Kunden KundenNr="13322" KundEigtNr="12548" KundArt="2" KundStatus="3" KundAufDat="2002-12-06"/>
  <Kunden KundenNr="13323" KundEigtNr="14384" KundArt="8" KundStatus="3" KundAufDat="2002-12-06"/>
  <Kunden KundenNr="13324" KundEigtNr="14385" KundArt="2" KundStatus="3" KundAufDat="2002-12-06"/>
  <Kunden KundenNr="13325" KundEigtNr="10765" KundArt="2" KundStatus="3" KundAufDat="2002-12-06"/>
  <Kunden KundenNr="13327" KundEigtNr="14387" KundArt="2" KundStatus="3" KundAufDat="2002-12-07"/>
  <Kunden KundenNr="13328" KundEigtNr="14388" KundArt="2" KundStatus="3" KundAufDat="2002-12-09"/>
  <Kunden KundenNr="13329" KundEigtNr="14389" KundArt="2" KundStatus="3" KundAufDat="2002-12-09"/>
  <Kunden KundenNr="13330" KundEigtNr="14375" KundArt="2" KundStatus="3" KundAufDat="2002-12-09"/>
  <Kunden KundenNr="13331" KundEigtNr="14322" KundArt="29" KundStatus="1" KundAufDat="2002-12-09"/>
  <Kunden KundenNr="13332" KundEigtNr="14390" KundArt="8" KundStatus="3" KundAufDat="2002-12-09"/>
  <Kunden KundenNr="13333" KundEigtNr="14391" KundArt="1" KundStatus="3" KundAufDat="2002-12-09"/>
  <Kunden KundenNr="13334" KundEigtNr="14392" KundArt="8" KundStatus="3" KundAufDat="2002-12-09"/>
  <Kunden KundenNr="13335" KundEigtNr="8850" KundArt="1" KundStatus="1" KundAufDat="2002-12-09"/>
  <Kunden KundenNr="13336" KundEigtNr="14393" KundArt="1" KundStatus="3" KundAufDat="2002-12-09"/>
  <Kunden KundenNr="13337" KundEigtNr="14394" KundArt="1" KundStatus="3" KundAufDat="2002-12-09"/>
  <Kunden KundenNr="13338" KundEigtNr="14395" KundArt="1" KundStatus="3" KundAufDat="2002-12-09"/>
  <Kunden KundenNr="13339" KundEigtNr="14396" KundArt="8" KundStatus="3" KundAufDat="2002-12-09"/>
  <Kunden KundenNr="13340" KundEigtNr="14397" KundArt="1" KundStatus="3" KundAufDat="2002-12-10"/>
  <Kunden KundenNr="13341" KundEigtNr="13391" KundArt="2" KundStatus="3" KundAufDat="2002-12-10"/>
  <Kunden KundenNr="13342" KundEigtNr="14398" KundArt="2" KundStatus="3" KundAufDat="2002-12-10"/>
  <Kunden KundenNr="13343" KundEigtNr="14400" KundArt="29" KundStatus="1" KundAufDat="2002-12-10"/>
  <Kunden KundenNr="13344" KundEigtNr="14403" KundArt="1" KundStatus="3" KundAufDat="2002-12-10"/>
  <Kunden KundenNr="13345" KundEigtNr="14316" KundArt="29" KundStatus="1" KundAufDat="2002-12-10"/>
  <Kunden KundenNr="13346" KundEigtNr="14406" KundArt="29" KundStatus="1" KundAufDat="2002-12-10"/>
  <Kunden KundenNr="13347" KundEigtNr="14410" KundArt="2" KundStatus="3" KundAufDat="2002-12-10"/>
  <Kunden KundenNr="13348" KundEigtNr="14411" KundArt="1" KundStatus="3" KundAufDat="2002-12-10"/>
  <Kunden KundenNr="13349" KundEigtNr="14412" KundArt="8" KundStatus="3" KundAufDat="2002-12-10"/>
  <Kunden KundenNr="13350" KundEigtNr="14413" KundArt="8" KundStatus="3" KundAufDat="2002-12-10"/>
  <Kunden KundenNr="13351" KundEigtNr="14414" KundArt="8" KundStatus="3" KundAufDat="2002-12-10"/>
  <Kunden KundenNr="13352" KundEigtNr="14415" KundArt="29" KundStatus="1" KundAufDat="2002-12-11"/>
  <Kunden KundenNr="13353" KundEigtNr="11449" KundArt="1" KundStatus="3" KundAufDat="2002-12-11"/>
  <Kunden KundenNr="13354" KundEigtNr="14416" KundArt="8" KundStatus="3" KundAufDat="2002-12-11"/>
  <Kunden KundenNr="13355" KundEigtNr="12995" KundArt="8" KundStatus="3" KundAufDat="2002-12-11"/>
  <Kunden KundenNr="13356" KundEigtNr="14417" KundArt="2" KundStatus="3" KundAufDat="2002-12-11"/>
  <Kunden KundenNr="13357" KundEigtNr="14418" KundArt="8" KundStatus="3" KundAufDat="2002-12-11"/>
  <Kunden KundenNr="13358" KundEigtNr="14419" KundArt="8" KundStatus="3" KundAufDat="2002-12-11"/>
  <Kunden KundenNr="13359" KundEigtNr="14420" KundArt="2" KundStatus="3" KundAufDat="2002-12-12"/>
  <Kunden KundenNr="13360" KundEigtNr="14421" KundArt="2" KundStatus="3" KundAufDat="2002-12-12"/>
  <Kunden KundenNr="13361" KundEigtNr="14422" KundArt="1" KundStatus="3" KundAufDat="2002-12-12"/>
  <Kunden KundenNr="13362" KundEigtNr="14423" KundArt="2" KundStatus="3" KundAufDat="2002-12-12"/>
  <Kunden KundenNr="13363" KundEigtNr="14424" KundArt="2" KundStatus="3" KundAufDat="2002-12-12"/>
  <Kunden KundenNr="13364" KundEigtNr="14426" KundArt="29" KundStatus="1" KundAufDat="2002-12-13"/>
  <Kunden KundenNr="13365" KundEigtNr="14427" KundArt="29" KundStatus="1" KundAufDat="2002-12-13"/>
  <Kunden KundenNr="13366" KundEigtNr="14428" KundArt="1" KundStatus="3" KundAufDat="2002-12-13"/>
  <Kunden KundenNr="13367" KundEigtNr="14429" KundArt="1" KundStatus="3" KundAufDat="2002-12-13"/>
  <Kunden KundenNr="13368" KundEigtNr="14430" KundArt="2" KundStatus="3" KundAufDat="2002-12-16"/>
  <Kunden KundenNr="13369" KundEigtNr="14431" KundArt="2" KundStatus="3" KundAufDat="2002-12-16"/>
  <Kunden KundenNr="13370" KundEigtNr="14432" KundArt="2" KundStatus="3" KundAufDat="2002-12-16"/>
  <Kunden KundenNr="13371" KundEigtNr="13713" KundArt="29" KundStatus="1" KundAufDat="2002-12-16"/>
  <Kunden KundenNr="13372" KundEigtNr="14437" KundArt="2" KundStatus="3" KundAufDat="2002-12-16"/>
  <Kunden KundenNr="13373" KundEigtNr="14438" KundArt="2" KundStatus="3" KundAufDat="2002-12-16"/>
  <Kunden KundenNr="13374" KundEigtNr="14439" KundArt="2" KundStatus="3" KundAufDat="2002-12-16"/>
  <Kunden KundenNr="13375" KundEigtNr="14440" KundArt="2" KundStatus="3" KundAufDat="2002-12-16"/>
  <Kunden KundenNr="13376" KundEigtNr="13820" KundArt="29" KundStatus="1" KundAufDat="2002-12-17"/>
  <Kunden KundenNr="13377" KundEigtNr="14448" KundArt="2" KundStatus="3" KundAufDat="2002-12-17"/>
  <Kunden KundenNr="13378" KundEigtNr="14431" KundArt="2" KundStatus="3" KundAufDat="2002-12-18"/>
  <Kunden KundenNr="13379" KundEigtNr="14330" KundArt="2" KundStatus="3" KundAufDat="2002-12-18"/>
  <Kunden KundenNr="13380" KundEigtNr="14450" KundArt="8" KundStatus="3" KundAufDat="2002-12-19"/>
  <Kunden KundenNr="13381" KundEigtNr="14399" KundArt="29" KundStatus="1" KundAufDat="2002-12-19"/>
  <Kunden KundenNr="13382" KundEigtNr="3508" KundArt="29" KundStatus="1" KundAufDat="2002-12-19"/>
  <Kunden KundenNr="13383" KundEigtNr="14453" KundArt="29" KundStatus="1" KundAufDat="2002-12-19"/>
  <Kunden KundenNr="13384" KundEigtNr="14454" KundArt="8" KundStatus="3" KundAufDat="2002-12-20"/>
  <Kunden KundenNr="13385" KundEigtNr="14455" KundArt="1" KundStatus="3" KundAufDat="2002-12-20"/>
  <Kunden KundenNr="13386" KundEigtNr="14456" KundArt="2" KundStatus="3" KundAufDat="2002-12-20"/>
  <Kunden KundenNr="13387" KundEigtNr="14457" KundArt="2" KundStatus="3" KundAufDat="2002-12-20"/>
  <Kunden KundenNr="13388" KundEigtNr="14458" KundArt="8" KundStatus="3" KundAufDat="2002-12-20"/>
  <Kunden KundenNr="13389" KundEigtNr="14459" KundArt="8" KundStatus="3" KundAufDat="2002-12-20"/>
  <Kunden KundenNr="13390" KundEigtNr="14460" KundArt="1" KundStatus="3" KundAufDat="2002-12-23"/>
  <Kunden KundenNr="13391" KundEigtNr="12982" KundArt="1" KundStatus="3" KundAufDat="2002-12-23"/>
  <Kunden KundenNr="13392" KundEigtNr="14461" KundArt="2" KundStatus="3" KundAufDat="2002-12-23"/>
  <Kunden KundenNr="13393" KundEigtNr="14462" KundArt="2" KundStatus="3" KundAufDat="2002-12-23"/>
  <Kunden KundenNr="13394" KundEigtNr="14463" KundArt="2" KundStatus="3" KundAufDat="2002-12-23"/>
  <Kunden KundenNr="13395" KundEigtNr="14464" KundArt="8" KundStatus="3" KundAufDat="2002-12-27"/>
  <Kunden KundenNr="13396" KundEigtNr="14465" KundArt="8" KundStatus="3" KundAufDat="2002-12-27"/>
  <Kunden KundenNr="13397" KundEigtNr="14466" KundArt="8" KundStatus="1" KundAufDat="2002-12-27"/>
  <Kunden KundenNr="13398" KundEigtNr="14467" KundArt="2" KundStatus="3" KundAufDat="2002-12-27"/>
  <Kunden KundenNr="13399" KundEigtNr="14468" KundArt="2" KundStatus="3" KundAufDat="2002-12-30"/>
  <Kunden KundenNr="13400" KundEigtNr="14469" KundArt="14" KundStatus="3" KundAufDat="2002-12-30"/>
  <Kunden KundenNr="13401" KundEigtNr="14470" KundArt="1" KundStatus="3" KundAufDat="2002-12-30"/>
  <Kunden KundenNr="13402" KundEigtNr="14471" KundArt="8" KundStatus="1" KundAufDat="2002-12-30"/>
  <Kunden KundenNr="13403" KundEigtNr="14472" KundArt="1" KundStatus="3" KundAufDat="2002-12-30"/>
  <Kunden KundenNr="13404" KundEigtNr="14473" KundArt="2" KundStatus="3" KundAufDat="2002-12-30"/>
  <Kunden KundenNr="13405" KundEigtNr="14474" KundArt="1" KundStatus="3" KundAufDat="2002-12-30"/>
  <Kunden KundenNr="13406" KundEigtNr="14475" KundArt="8" KundStatus="3" KundAufDat="2002-12-30"/>
  <Kunden KundenNr="13407" KundEigtNr="14476" KundArt="8" KundStatus="3" KundAufDat="2002-12-30"/>
  <Kunden KundenNr="13408" KundEigtNr="14477" KundArt="8" KundStatus="3" KundAufDat="2002-12-30"/>
  <Kunden KundenNr="13409" KundEigtNr="14478" KundArt="8" KundStatus="3" KundAufDat="2002-12-31"/>
  <Kunden KundenNr="13410" KundEigtNr="14479" KundArt="2" KundStatus="3" KundAufDat="2002-12-31"/>
  <Kunden KundenNr="13411" KundEigtNr="14480" KundArt="2" KundStatus="3" KundAufDat="2002-12-31"/>
  <Kunden KundenNr="13413" KundEigtNr="14482" KundArt="8" KundStatus="3" KundAufDat="2002-12-31"/>
  <Kunden KundenNr="13414" KundEigtNr="14343" KundArt="29" KundStatus="1" KundAufDat="2003-01-02"/>
  <Kunden KundenNr="13415" KundEigtNr="13421" KundArt="29" KundStatus="1" KundAufDat="2003-01-02"/>
  <Kunden KundenNr="13416" KundEigtNr="14493" KundArt="29" KundStatus="1" KundAufDat="2003-01-02"/>
  <Kunden KundenNr="13417" KundEigtNr="14494" KundArt="8" KundStatus="3" KundAufDat="2003-01-02"/>
  <Kunden KundenNr="13418" KundEigtNr="14495" KundArt="8" KundStatus="3" KundAufDat="2003-01-02"/>
  <Kunden KundenNr="13419" KundEigtNr="13833" KundArt="2" KundStatus="3" KundAufDat="2003-01-02"/>
  <Kunden KundenNr="13420" KundEigtNr="14509" KundArt="2" KundStatus="3" KundAufDat="2003-01-02"/>
  <Kunden KundenNr="13421" KundEigtNr="14510" KundArt="2" KundStatus="3" KundAufDat="2003-01-02"/>
  <Kunden KundenNr="13422" KundEigtNr="14511" KundArt="2" KundStatus="3" KundAufDat="2003-01-02"/>
  <Kunden KundenNr="13423" KundEigtNr="396" KundArt="8" KundStatus="3" KundAufDat="2003-01-03"/>
  <Kunden KundenNr="13424" KundEigtNr="14512" KundArt="2" KundStatus="3" KundAufDat="2003-01-03"/>
  <Kunden KundenNr="13425" KundEigtNr="14514" KundArt="8" KundStatus="3" KundAufDat="2003-01-03"/>
  <Kunden KundenNr="13426" KundEigtNr="14515" KundArt="8" KundStatus="3" KundAufDat="2003-01-03"/>
  <Kunden KundenNr="13427" KundEigtNr="14516" KundArt="1" KundStatus="3" KundAufDat="2003-01-03"/>
  <Kunden KundenNr="13428" KundEigtNr="14517" KundArt="2" KundStatus="1" KundAufDat="2003-01-03"/>
  <Kunden KundenNr="13429" KundEigtNr="14518" KundArt="2" KundStatus="3" KundAufDat="2003-01-03"/>
  <Kunden KundenNr="13430" KundEigtNr="14519" KundArt="2" KundStatus="3" KundAufDat="2003-01-03"/>
  <Kunden KundenNr="13431" KundEigtNr="14520" KundArt="2" KundStatus="3" KundAufDat="2003-01-03"/>
  <Kunden KundenNr="13432" KundEigtNr="14317" KundArt="29" KundStatus="1" KundAufDat="2003-01-06"/>
  <Kunden KundenNr="13433" KundEigtNr="14536" KundArt="8" KundStatus="3" KundAufDat="2003-01-06"/>
  <Kunden KundenNr="13434" KundEigtNr="14537" KundArt="8" KundStatus="3" KundAufDat="2003-01-06"/>
  <Kunden KundenNr="13435" KundEigtNr="14538" KundArt="8" KundStatus="3" KundAufDat="2003-01-06"/>
  <Kunden KundenNr="13436" KundEigtNr="14539" KundArt="2" KundStatus="3" KundAufDat="2003-01-06"/>
  <Kunden KundenNr="13437" KundEigtNr="14540" KundArt="1" KundStatus="3" KundAufDat="2003-01-06"/>
  <Kunden KundenNr="13438" KundEigtNr="14541" KundArt="2" KundStatus="3" KundAufDat="2003-01-06"/>
  <Kunden KundenNr="13439" KundEigtNr="14547" KundArt="2" KundStatus="3" KundAufDat="2003-01-07"/>
  <Kunden KundenNr="13440" KundEigtNr="14548" KundArt="2" KundStatus="3" KundAufDat="2003-01-07"/>
  <Kunden KundenNr="13441" KundEigtNr="14390" KundArt="2" KundStatus="3" KundAufDat="2003-01-07"/>
  <Kunden KundenNr="13442" KundEigtNr="14549" KundArt="1" KundStatus="3" KundAufDat="2003-01-07"/>
  <Kunden KundenNr="13443" KundEigtNr="14550" KundArt="2" KundStatus="3" KundAufDat="2003-01-07"/>
  <Kunden KundenNr="13444" KundEigtNr="14551" KundArt="8" KundStatus="3" KundAufDat="2003-01-07"/>
  <Kunden KundenNr="13445" KundEigtNr="14552" KundArt="8" KundStatus="3" KundAufDat="2003-01-07"/>
  <Kunden KundenNr="13446" KundEigtNr="11550" KundArt="2" KundStatus="3" KundAufDat="2003-01-07"/>
  <Kunden KundenNr="13447" KundEigtNr="216" KundArt="1" KundStatus="1" KundAufDat="2003-01-07"/>
  <Kunden KundenNr="13448" KundEigtNr="14553" KundArt="8" KundStatus="3" KundAufDat="2003-01-07"/>
  <Kunden KundenNr="13449" KundEigtNr="14381" KundArt="2" KundStatus="3" KundAufDat="2003-01-07"/>
  <Kunden KundenNr="13450" KundEigtNr="14506" KundArt="29" KundStatus="1" KundAufDat="2003-01-07"/>
  <Kunden KundenNr="13451" KundEigtNr="14293" KundArt="8" KundStatus="3" KundAufDat="2003-01-07"/>
  <Kunden KundenNr="13452" KundEigtNr="14503" KundArt="29" KundStatus="1" KundAufDat="2003-01-07"/>
  <Kunden KundenNr="13453" KundEigtNr="1458" KundArt="2" KundStatus="3" KundAufDat="2003-01-07"/>
  <Kunden KundenNr="13454" KundEigtNr="14559" KundArt="1" KundStatus="3" KundAufDat="2003-01-08"/>
  <Kunden KundenNr="13455" KundEigtNr="14560" KundArt="29" KundStatus="1" KundAufDat="2003-01-08"/>
  <Kunden KundenNr="13456" KundEigtNr="14561" KundArt="8" KundStatus="3" KundAufDat="2003-01-08"/>
  <Kunden KundenNr="13457" KundEigtNr="14562" KundArt="2" KundStatus="3" KundAufDat="2003-01-08"/>
  <Kunden KundenNr="13458" KundEigtNr="14563" KundArt="2" KundStatus="3" KundAufDat="2003-01-08"/>
  <Kunden KundenNr="13459" KundEigtNr="14564" KundArt="2" KundStatus="3" KundAufDat="2003-01-08"/>
  <Kunden KundenNr="13460" KundEigtNr="14565" KundArt="8" KundStatus="3" KundAufDat="2003-01-08"/>
  <Kunden KundenNr="13461" KundEigtNr="14566" KundArt="2" KundStatus="3" KundAufDat="2003-01-08"/>
  <Kunden KundenNr="13462" KundEigtNr="14567" KundArt="8" KundStatus="3" KundAufDat="2003-01-08"/>
  <Kunden KundenNr="13463" KundEigtNr="14568" KundArt="8" KundStatus="3" KundAufDat="2003-01-08"/>
  <Kunden KundenNr="13464" KundEigtNr="11908" KundArt="29" KundStatus="1" KundAufDat="2003-01-08"/>
  <Kunden KundenNr="13465" KundEigtNr="14569" KundArt="8" KundStatus="3" KundAufDat="2003-01-09"/>
  <Kunden KundenNr="13466" KundEigtNr="13991" KundArt="2" KundStatus="3" KundAufDat="2003-01-09"/>
  <Kunden KundenNr="13467" KundEigtNr="14570" KundArt="8" KundStatus="3" KundAufDat="2003-01-09"/>
  <Kunden KundenNr="13468" KundEigtNr="14501" KundArt="29" KundStatus="1" KundAufDat="2003-01-09"/>
  <Kunden KundenNr="13469" KundEigtNr="14571" KundArt="2" KundStatus="3" KundAufDat="2003-01-09"/>
  <Kunden KundenNr="13470" KundEigtNr="14445" KundArt="29" KundStatus="1" KundAufDat="2003-01-09"/>
  <Kunden KundenNr="13471" KundEigtNr="13160" KundArt="29" KundStatus="1" KundAufDat="2003-01-09"/>
  <Kunden KundenNr="13472" KundEigtNr="14523" KundArt="29" KundStatus="1" KundAufDat="2003-01-09"/>
  <Kunden KundenNr="13473" KundEigtNr="14572" KundArt="8" KundStatus="3" KundAufDat="2003-01-10"/>
  <Kunden KundenNr="13474" KundEigtNr="14573" KundArt="2" KundStatus="3" KundAufDat="2003-01-10"/>
  <Kunden KundenNr="13475" KundEigtNr="11727" KundArt="2" KundStatus="3" KundAufDat="2003-01-10"/>
  <Kunden KundenNr="13476" KundEigtNr="14575" KundArt="2" KundStatus="3" KundAufDat="2003-01-10"/>
  <Kunden KundenNr="13477" KundEigtNr="14576" KundArt="8" KundStatus="3" KundAufDat="2003-01-10"/>
  <Kunden KundenNr="13478" KundEigtNr="14577" KundArt="1" KundStatus="3" KundAufDat="2003-01-10"/>
  <Kunden KundenNr="13479" KundEigtNr="14578" KundArt="2" KundStatus="3" KundAufDat="2003-01-10"/>
  <Kunden KundenNr="13480" KundEigtNr="14579" KundArt="2" KundStatus="3" KundAufDat="2003-01-11"/>
  <Kunden KundenNr="13481" KundEigtNr="14580" KundArt="2" KundStatus="3" KundAufDat="2003-01-11"/>
  <Kunden KundenNr="13482" KundEigtNr="14581" KundArt="2" KundStatus="3" KundAufDat="2003-01-11"/>
  <Kunden KundenNr="13483" KundEigtNr="14582" KundArt="2" KundStatus="3" KundAufDat="2003-01-11"/>
  <Kunden KundenNr="13484" KundEigtNr="14583" KundArt="2" KundStatus="3" KundAufDat="2003-01-11"/>
  <Kunden KundenNr="13485" KundEigtNr="14584" KundArt="8" KundStatus="1" KundAufDat="2003-01-11"/>
  <Kunden KundenNr="13486" KundEigtNr="10741" KundArt="1" KundStatus="1" KundAufDat="2003-01-13"/>
  <Kunden KundenNr="13487" KundEigtNr="14585" KundArt="2" KundStatus="3" KundAufDat="2003-01-13"/>
  <Kunden KundenNr="13488" KundEigtNr="14586" KundArt="2" KundStatus="3" KundAufDat="2003-01-13"/>
  <Kunden KundenNr="13489" KundEigtNr="14587" KundArt="1" KundStatus="3" KundAufDat="2003-01-13"/>
  <Kunden KundenNr="13490" KundEigtNr="14588" KundArt="2" KundStatus="3" KundAufDat="2003-01-13"/>
  <Kunden KundenNr="13491" KundEigtNr="14589" KundArt="2" KundStatus="3" KundAufDat="2003-01-13"/>
  <Kunden KundenNr="13492" KundEigtNr="14528" KundArt="29" KundStatus="1" KundAufDat="2003-01-13"/>
  <Kunden KundenNr="13493" KundEigtNr="13913" KundArt="8" KundStatus="3" KundAufDat="2003-01-13"/>
  <Kunden KundenNr="13494" KundEigtNr="14590" KundArt="8" KundStatus="3" KundAufDat="2003-01-13"/>
  <Kunden KundenNr="13495" KundEigtNr="14591" KundArt="2" KundStatus="3" KundAufDat="2003-01-13"/>
  <Kunden KundenNr="13496" KundEigtNr="14592" KundArt="2" KundStatus="3" KundAufDat="2003-01-13"/>
  <Kunden KundenNr="13497" KundEigtNr="14593" KundArt="8" KundStatus="3" KundAufDat="2003-01-13"/>
  <Kunden KundenNr="13498" KundEigtNr="14594" KundArt="8" KundStatus="3" KundAufDat="2003-01-13"/>
  <Kunden KundenNr="13499" KundEigtNr="14595" KundArt="8" KundStatus="3" KundAufDat="2003-01-13"/>
  <Kunden KundenNr="13500" KundEigtNr="14596" KundArt="8" KundStatus="3" KundAufDat="2003-01-13"/>
  <Kunden KundenNr="13501" KundEigtNr="14597" KundArt="2" KundStatus="3" KundAufDat="2003-01-13"/>
  <Kunden KundenNr="13502" KundEigtNr="14598" KundArt="2" KundStatus="3" KundAufDat="2003-01-13"/>
  <Kunden KundenNr="13503" KundEigtNr="14599" KundArt="2" KundStatus="3" KundAufDat="2003-01-13"/>
  <Kunden KundenNr="13504" KundEigtNr="14600" KundArt="2" KundStatus="3" KundAufDat="2003-01-13"/>
  <Kunden KundenNr="13505" KundEigtNr="14601" KundArt="2" KundStatus="3" KundAufDat="2003-01-13"/>
  <Kunden KundenNr="13506" KundEigtNr="14602" KundArt="8" KundStatus="3" KundAufDat="2003-01-13"/>
  <Kunden KundenNr="13507" KundEigtNr="14603" KundArt="2" KundStatus="1" KundAufDat="2003-01-14"/>
  <Kunden KundenNr="13508" KundEigtNr="14604" KundArt="2" KundStatus="3" KundAufDat="2003-01-14"/>
  <Kunden KundenNr="13509" KundEigtNr="14605" KundArt="2" KundStatus="3" KundAufDat="2003-01-14"/>
  <Kunden KundenNr="13510" KundEigtNr="14606" KundArt="2" KundStatus="3" KundAufDat="2003-01-14"/>
  <Kunden KundenNr="13511" KundEigtNr="14607" KundArt="2" KundStatus="3" KundAufDat="2003-01-14"/>
  <Kunden KundenNr="13512" KundEigtNr="14608" KundArt="2" KundStatus="3" KundAufDat="2003-01-14"/>
  <Kunden KundenNr="13513" KundEigtNr="14609" KundArt="2" KundStatus="3" KundAufDat="2003-01-14"/>
  <Kunden KundenNr="13514" KundEigtNr="14610" KundArt="2" KundStatus="3" KundAufDat="2003-01-14"/>
  <Kunden KundenNr="13515" KundEigtNr="14535" KundArt="29" KundStatus="1" KundAufDat="2003-01-14"/>
  <Kunden KundenNr="13516" KundEigtNr="14611" KundArt="8" KundStatus="3" KundAufDat="2003-01-14"/>
  <Kunden KundenNr="13517" KundEigtNr="14612" KundArt="2" KundStatus="1" KundAufDat="2003-01-14"/>
  <Kunden KundenNr="13518" KundEigtNr="14613" KundArt="2" KundStatus="3" KundAufDat="2003-01-14"/>
  <Kunden KundenNr="13519" KundEigtNr="14614" KundArt="2" KundStatus="3" KundAufDat="2003-01-14"/>
  <Kunden KundenNr="13520" KundEigtNr="14615" KundArt="29" KundStatus="1" KundAufDat="2003-01-14"/>
  <Kunden KundenNr="13521" KundEigtNr="14616" KundArt="2" KundStatus="3" KundAufDat="2003-01-14"/>
  <Kunden KundenNr="13522" KundEigtNr="14617" KundArt="2" KundStatus="3" KundAufDat="2003-01-14"/>
  <Kunden KundenNr="13523" KundEigtNr="14618" KundArt="8" KundStatus="3" KundAufDat="2003-01-14"/>
  <Kunden KundenNr="13524" KundEigtNr="14619" KundArt="8" KundStatus="3" KundAufDat="2003-01-14"/>
  <Kunden KundenNr="13525" KundEigtNr="14620" KundArt="2" KundStatus="3" KundAufDat="2003-01-15"/>
  <Kunden KundenNr="13526" KundEigtNr="14621" KundArt="8" KundStatus="3" KundAufDat="2003-01-15"/>
  <Kunden KundenNr="13527" KundEigtNr="14622" KundArt="8" KundStatus="3" KundAufDat="2003-01-15"/>
  <Kunden KundenNr="13528" KundEigtNr="14623" KundArt="8" KundStatus="3" KundAufDat="2003-01-15"/>
  <Kunden KundenNr="13529" KundEigtNr="14624" KundArt="2" KundStatus="3" KundAufDat="2003-01-15"/>
  <Kunden KundenNr="13530" KundEigtNr="14625" KundArt="2" KundStatus="3" KundAufDat="2003-01-15"/>
  <Kunden KundenNr="13531" KundEigtNr="14626" KundArt="1" KundStatus="1" KundAufDat="2003-01-15"/>
  <Kunden KundenNr="13532" KundEigtNr="14627" KundArt="2" KundStatus="3" KundAufDat="2003-01-15"/>
  <Kunden KundenNr="13533" KundEigtNr="14628" KundArt="2" KundStatus="3" KundAufDat="2003-01-15"/>
  <Kunden KundenNr="13534" KundEigtNr="14502" KundArt="29" KundStatus="1" KundAufDat="2003-01-15"/>
  <Kunden KundenNr="13535" KundEigtNr="12130" KundArt="8" KundStatus="3" KundAufDat="2003-01-15"/>
  <Kunden KundenNr="13536" KundEigtNr="14629" KundArt="8" KundStatus="3" KundAufDat="2003-01-15"/>
  <Kunden KundenNr="13537" KundEigtNr="14632" KundArt="29" KundStatus="1" KundAufDat="2003-01-16"/>
  <Kunden KundenNr="13538" KundEigtNr="14635" KundArt="1" KundStatus="3" KundAufDat="2003-01-16"/>
  <Kunden KundenNr="13539" KundEigtNr="14636" KundArt="2" KundStatus="3" KundAufDat="2003-01-16"/>
  <Kunden KundenNr="13540" KundEigtNr="14637" KundArt="2" KundStatus="3" KundAufDat="2003-01-16"/>
  <Kunden KundenNr="13541" KundEigtNr="14638" KundArt="2" KundStatus="3" KundAufDat="2003-01-16"/>
  <Kunden KundenNr="13542" KundEigtNr="14639" KundArt="2" KundStatus="3" KundAufDat="2003-01-16"/>
  <Kunden KundenNr="13543" KundEigtNr="8621" KundArt="29" KundStatus="1" KundAufDat="2003-01-16"/>
  <Kunden KundenNr="13544" KundEigtNr="14640" KundArt="8" KundStatus="3" KundAufDat="2003-01-17"/>
  <Kunden KundenNr="13545" KundEigtNr="7503" KundArt="29" KundStatus="1" KundAufDat="2003-01-17"/>
  <Kunden KundenNr="13546" KundEigtNr="14641" KundArt="2" KundStatus="3" KundAufDat="2003-01-17"/>
  <Kunden KundenNr="13547" KundEigtNr="14635" KundArt="2" KundStatus="3" KundAufDat="2003-01-17"/>
  <Kunden KundenNr="13548" KundEigtNr="7774" KundArt="29" KundStatus="1" KundAufDat="2003-01-17"/>
  <Kunden KundenNr="13549" KundEigtNr="14539" KundArt="8" KundStatus="3" KundAufDat="2003-01-17"/>
  <Kunden KundenNr="13550" KundEigtNr="14489" KundArt="29" KundStatus="1" KundAufDat="2003-01-17"/>
  <Kunden KundenNr="13551" KundEigtNr="14504" KundArt="29" KundStatus="1" KundAufDat="2003-01-17"/>
  <Kunden KundenNr="13552" KundEigtNr="12565" KundArt="29" KundStatus="1" KundAufDat="2003-01-18"/>
  <Kunden KundenNr="13553" KundEigtNr="512" KundArt="8" KundStatus="3" KundAufDat="2003-01-18"/>
  <Kunden KundenNr="13554" KundEigtNr="14642" KundArt="1" KundStatus="3" KundAufDat="2003-01-18"/>
  <Kunden KundenNr="13555" KundEigtNr="14660" KundArt="2" KundStatus="3" KundAufDat="2003-01-20"/>
  <Kunden KundenNr="13556" KundEigtNr="14661" KundArt="2" KundStatus="3" KundAufDat="2003-01-20"/>
  <Kunden KundenNr="13557" KundEigtNr="14662" KundArt="2" KundStatus="1" KundAufDat="2003-01-20"/>
  <Kunden KundenNr="13559" KundEigtNr="14664" KundArt="1" KundStatus="3" KundAufDat="2003-01-20"/>
  <Kunden KundenNr="13560" KundEigtNr="14665" KundArt="2" KundStatus="3" KundAufDat="2003-01-20"/>
  <Kunden KundenNr="13561" KundEigtNr="14666" KundArt="2" KundStatus="3" KundAufDat="2003-01-20"/>
  <Kunden KundenNr="13562" KundEigtNr="14667" KundArt="8" KundStatus="3" KundAufDat="2003-01-20"/>
  <Kunden KundenNr="13563" KundEigtNr="14668" KundArt="2" KundStatus="3" KundAufDat="2003-01-20"/>
  <Kunden KundenNr="13564" KundEigtNr="14669" KundArt="8" KundStatus="3" KundAufDat="2003-01-20"/>
  <Kunden KundenNr="13565" KundEigtNr="14670" KundArt="2" KundStatus="3" KundAufDat="2003-01-20"/>
  <Kunden KundenNr="13566" KundEigtNr="14671" KundArt="8" KundStatus="3" KundAufDat="2003-01-20"/>
  <Kunden KundenNr="13567" KundEigtNr="14672" KundArt="8" KundStatus="3" KundAufDat="2003-01-20"/>
  <Kunden KundenNr="13568" KundEigtNr="14673" KundArt="1" KundStatus="3" KundAufDat="2003-01-20"/>
  <Kunden KundenNr="13569" KundEigtNr="14674" KundArt="1" KundStatus="3" KundAufDat="2003-01-20"/>
  <Kunden KundenNr="13570" KundEigtNr="14675" KundArt="2" KundStatus="3" KundAufDat="2003-01-20"/>
  <Kunden KundenNr="13571" KundEigtNr="14676" KundArt="2" KundStatus="3" KundAufDat="2003-01-20"/>
  <Kunden KundenNr="13572" KundEigtNr="14677" KundArt="2" KundStatus="3" KundAufDat="2003-01-20"/>
  <Kunden KundenNr="13573" KundEigtNr="14678" KundArt="2" KundStatus="3" KundAufDat="2003-01-20"/>
  <Kunden KundenNr="13574" KundEigtNr="14679" KundArt="2" KundStatus="3" KundAufDat="2003-01-20"/>
  <Kunden KundenNr="13575" KundEigtNr="14680" KundArt="2" KundStatus="3" KundAufDat="2003-01-20"/>
  <Kunden KundenNr="13576" KundEigtNr="14681" KundArt="8" KundStatus="3" KundAufDat="2003-01-20"/>
  <Kunden KundenNr="13577" KundEigtNr="14682" KundArt="1" KundStatus="3" KundAufDat="2003-01-20"/>
  <Kunden KundenNr="13578" KundEigtNr="14683" KundArt="8" KundStatus="3" KundAufDat="2003-01-20"/>
  <Kunden KundenNr="13579" KundEigtNr="14685" KundArt="2" KundStatus="3" KundAufDat="2003-01-20"/>
  <Kunden KundenNr="13580" KundEigtNr="14691" KundArt="2" KundStatus="3" KundAufDat="2003-01-21"/>
  <Kunden KundenNr="13581" KundEigtNr="14692" KundArt="1" KundStatus="3" KundAufDat="2003-01-21"/>
  <Kunden KundenNr="13582" KundEigtNr="14698" KundArt="8" KundStatus="3" KundAufDat="2003-01-21"/>
  <Kunden KundenNr="13583" KundEigtNr="14700" KundArt="8" KundStatus="3" KundAufDat="2003-01-21"/>
  <Kunden KundenNr="13584" KundEigtNr="14703" KundArt="8" KundStatus="3" KundAufDat="2003-01-21"/>
  <Kunden KundenNr="13585" KundEigtNr="14713" KundArt="8" KundStatus="3" KundAufDat="2003-01-21"/>
  <Kunden KundenNr="13586" KundEigtNr="14714" KundArt="1" KundStatus="3" KundAufDat="2003-01-21"/>
  <Kunden KundenNr="13587" KundEigtNr="14715" KundArt="8" KundStatus="3" KundAufDat="2003-01-21"/>
  <Kunden KundenNr="13588" KundEigtNr="14716" KundArt="29" KundStatus="1" KundAufDat="2003-01-22"/>
  <Kunden KundenNr="13589" KundEigtNr="14717" KundArt="1" KundStatus="1" KundAufDat="2003-01-22"/>
  <Kunden KundenNr="13590" KundEigtNr="14718" KundArt="1" KundStatus="3" KundAufDat="2003-01-22"/>
  <Kunden KundenNr="13591" KundEigtNr="14719" KundArt="2" KundStatus="3" KundAufDat="2003-01-22"/>
  <Kunden KundenNr="13592" KundEigtNr="14720" KundArt="8" KundStatus="3" KundAufDat="2003-01-22"/>
  <Kunden KundenNr="13593" KundEigtNr="14720" KundArt="2" KundStatus="3" KundAufDat="2003-01-22"/>
  <Kunden KundenNr="13594" KundEigtNr="14721" KundArt="2" KundStatus="3" KundAufDat="2003-01-22"/>
  <Kunden KundenNr="13595" KundEigtNr="14722" KundArt="8" KundStatus="3" KundAufDat="2003-01-22"/>
  <Kunden KundenNr="13596" KundEigtNr="14723" KundArt="8" KundStatus="3" KundAufDat="2003-01-22"/>
  <Kunden KundenNr="13597" KundEigtNr="14724" KundArt="8" KundStatus="3" KundAufDat="2003-01-22"/>
  <Kunden KundenNr="13598" KundEigtNr="14727" KundArt="8" KundStatus="3" KundAufDat="2003-01-22"/>
  <Kunden KundenNr="13599" KundEigtNr="14731" KundArt="2" KundStatus="3" KundAufDat="2003-01-22"/>
  <Kunden KundenNr="13600" KundEigtNr="14732" KundArt="2" KundStatus="3" KundAufDat="2003-01-22"/>
  <Kunden KundenNr="13601" KundEigtNr="13991" KundArt="8" KundStatus="3" KundAufDat="2003-01-23"/>
  <Kunden KundenNr="13602" KundEigtNr="14750" KundArt="2" KundStatus="1" KundAufDat="2003-01-23"/>
  <Kunden KundenNr="13603" KundEigtNr="14751" KundArt="2" KundStatus="3" KundAufDat="2003-01-23"/>
  <Kunden KundenNr="13604" KundEigtNr="14752" KundArt="2" KundStatus="3" KundAufDat="2003-01-23"/>
  <Kunden KundenNr="13605" KundEigtNr="14753" KundArt="8" KundStatus="3" KundAufDat="2003-01-23"/>
  <Kunden KundenNr="13606" KundEigtNr="14754" KundArt="8" KundStatus="3" KundAufDat="2003-01-23"/>
  <Kunden KundenNr="13607" KundEigtNr="14768" KundArt="29" KundStatus="1" KundAufDat="2003-01-24"/>
  <Kunden KundenNr="13608" KundEigtNr="14770" KundArt="2" KundStatus="3" KundAufDat="2003-01-24"/>
  <Kunden KundenNr="13609" KundEigtNr="14777" KundArt="8" KundStatus="3" KundAufDat="2003-01-27"/>
  <Kunden KundenNr="13610" KundEigtNr="14778" KundArt="1" KundStatus="3" KundAufDat="2003-01-27"/>
  <Kunden KundenNr="13611" KundEigtNr="14779" KundArt="1" KundStatus="3" KundAufDat="2003-01-27"/>
  <Kunden KundenNr="13612" KundEigtNr="14780" KundArt="8" KundStatus="3" KundAufDat="2003-01-27"/>
  <Kunden KundenNr="13613" KundEigtNr="14781" KundArt="2" KundStatus="3" KundAufDat="2003-01-27"/>
  <Kunden KundenNr="13614" KundEigtNr="14782" KundArt="8" KundStatus="3" KundAufDat="2003-01-27"/>
  <Kunden KundenNr="13615" KundEigtNr="14783" KundArt="8" KundStatus="3" KundAufDat="2003-01-27"/>
  <Kunden KundenNr="13616" KundEigtNr="14784" KundArt="2" KundStatus="3" KundAufDat="2003-01-27"/>
  <Kunden KundenNr="13617" KundEigtNr="14785" KundArt="8" KundStatus="3" KundAufDat="2003-01-27"/>
  <Kunden KundenNr="13618" KundEigtNr="14786" KundArt="2" KundStatus="3" KundAufDat="2003-01-27"/>
  <Kunden KundenNr="13619" KundEigtNr="14787" KundArt="2" KundStatus="3" KundAufDat="2003-01-27"/>
  <Kunden KundenNr="13620" KundEigtNr="14788" KundArt="2" KundStatus="3" KundAufDat="2003-01-27"/>
  <Kunden KundenNr="13621" KundEigtNr="14789" KundArt="2" KundStatus="3" KundAufDat="2003-01-27"/>
  <Kunden KundenNr="13622" KundEigtNr="14790" KundArt="8" KundStatus="3" KundAufDat="2003-01-27"/>
  <Kunden KundenNr="13623" KundEigtNr="14785" KundArt="2" KundStatus="3" KundAufDat="2003-01-27"/>
  <Kunden KundenNr="13624" KundEigtNr="14791" KundArt="2" KundStatus="3" KundAufDat="2003-01-27"/>
  <Kunden KundenNr="13625" KundEigtNr="14792" KundArt="2" KundStatus="3" KundAufDat="2003-01-27"/>
  <Kunden KundenNr="13626" KundEigtNr="14793" KundArt="2" KundStatus="3" KundAufDat="2003-01-27"/>
  <Kunden KundenNr="13627" KundEigtNr="14787" KundArt="1" KundStatus="3" KundAufDat="2003-01-27"/>
  <Kunden KundenNr="13628" KundEigtNr="14794" KundArt="8" KundStatus="3" KundAufDat="2003-01-27"/>
  <Kunden KundenNr="13629" KundEigtNr="14795" KundArt="29" KundStatus="1" KundAufDat="2003-01-27"/>
  <Kunden KundenNr="13630" KundEigtNr="14534" KundArt="29" KundStatus="1" KundAufDat="2003-01-27"/>
  <Kunden KundenNr="13631" KundEigtNr="14796" KundArt="8" KundStatus="3" KundAufDat="2003-01-27"/>
  <Kunden KundenNr="13632" KundEigtNr="14797" KundArt="29" KundStatus="1" KundAufDat="2003-01-27"/>
  <Kunden KundenNr="13633" KundEigtNr="14798" KundArt="8" KundStatus="3" KundAufDat="2003-01-28"/>
  <Kunden KundenNr="13634" KundEigtNr="14799" KundArt="8" KundStatus="3" KundAufDat="2003-01-28"/>
  <Kunden KundenNr="13635" KundEigtNr="14800" KundArt="1" KundStatus="3" KundAufDat="2003-01-28"/>
  <Kunden KundenNr="13636" KundEigtNr="14801" KundArt="1" KundStatus="3" KundAufDat="2003-01-28"/>
  <Kunden KundenNr="13637" KundEigtNr="14802" KundArt="2" KundStatus="3" KundAufDat="2003-01-28"/>
  <Kunden KundenNr="13638" KundEigtNr="14803" KundArt="1" KundStatus="3" KundAufDat="2003-01-28"/>
  <Kunden KundenNr="13639" KundEigtNr="14804" KundArt="2" KundStatus="1" KundAufDat="2003-01-28"/>
  <Kunden KundenNr="13640" KundEigtNr="14805" KundArt="2" KundStatus="3" KundAufDat="2003-01-28"/>
  <Kunden KundenNr="13641" KundEigtNr="14446" KundArt="29" KundStatus="1" KundAufDat="2003-01-28"/>
  <Kunden KundenNr="13642" KundEigtNr="14806" KundArt="2" KundStatus="3" KundAufDat="2003-01-28"/>
  <Kunden KundenNr="13643" KundEigtNr="14807" KundArt="1" KundStatus="3" KundAufDat="2003-01-28"/>
  <Kunden KundenNr="13644" KundEigtNr="14808" KundArt="8" KundStatus="3" KundAufDat="2003-01-28"/>
  <Kunden KundenNr="13645" KundEigtNr="14809" KundArt="2" KundStatus="3" KundAufDat="2003-01-28"/>
  <Kunden KundenNr="13646" KundEigtNr="14810" KundArt="1" KundStatus="3" KundAufDat="2003-01-28"/>
  <Kunden KundenNr="13647" KundEigtNr="6996" KundArt="8" KundStatus="3" KundAufDat="2003-01-28"/>
  <Kunden KundenNr="13648" KundEigtNr="14815" KundArt="8" KundStatus="3" KundAufDat="2003-01-28"/>
  <Kunden KundenNr="13649" KundEigtNr="14818" KundArt="2" KundStatus="3" KundAufDat="2003-01-29"/>
  <Kunden KundenNr="13650" KundEigtNr="14823" KundArt="1" KundStatus="3" KundAufDat="2003-01-29"/>
  <Kunden KundenNr="13651" KundEigtNr="14825" KundArt="2" KundStatus="3" KundAufDat="2003-01-29"/>
  <Kunden KundenNr="13652" KundEigtNr="14693" KundArt="29" KundStatus="1" KundAufDat="2003-01-29"/>
  <Kunden KundenNr="13653" KundEigtNr="14832" KundArt="1" KundStatus="3" KundAufDat="2003-01-29"/>
  <Kunden KundenNr="13654" KundEigtNr="14833" KundArt="8" KundStatus="3" KundAufDat="2003-01-29"/>
  <Kunden KundenNr="13655" KundEigtNr="14834" KundArt="1" KundStatus="3" KundAufDat="2003-01-29"/>
  <Kunden KundenNr="13656" KundEigtNr="14249" KundArt="29" KundStatus="1" KundAufDat="2003-01-29"/>
  <Kunden KundenNr="13657" KundEigtNr="14835" KundArt="2" KundStatus="1" KundAufDat="2003-01-29"/>
  <Kunden KundenNr="13658" KundEigtNr="1384" KundArt="2" KundStatus="3" KundAufDat="2003-01-29"/>
  <Kunden KundenNr="13659" KundEigtNr="14833" KundArt="2" KundStatus="3" KundAufDat="2003-01-29"/>
  <Kunden KundenNr="13660" KundEigtNr="14836" KundArt="8" KundStatus="3" KundAufDat="2003-01-29"/>
  <Kunden KundenNr="13661" KundEigtNr="14838" KundArt="8" KundStatus="3" KundAufDat="2003-01-30"/>
  <Kunden KundenNr="13662" KundEigtNr="14839" KundArt="2" KundStatus="3" KundAufDat="2003-01-30"/>
  <Kunden KundenNr="13663" KundEigtNr="14339" KundArt="8" KundStatus="3" KundAufDat="2003-01-30"/>
  <Kunden KundenNr="13664" KundEigtNr="14840" KundArt="8" KundStatus="3" KundAufDat="2003-01-30"/>
  <Kunden KundenNr="13665" KundEigtNr="14841" KundArt="1" KundStatus="3" KundAufDat="2003-01-30"/>
  <Kunden KundenNr="13666" KundEigtNr="14842" KundArt="2" KundStatus="3" KundAufDat="2003-01-30"/>
  <Kunden KundenNr="13667" KundEigtNr="14843" KundArt="2" KundStatus="3" KundAufDat="2003-01-30"/>
  <Kunden KundenNr="13668" KundEigtNr="11574" KundArt="8" KundStatus="3" KundAufDat="2003-01-30"/>
  <Kunden KundenNr="13669" KundEigtNr="14844" KundArt="8" KundStatus="3" KundAufDat="2003-01-30"/>
  <Kunden KundenNr="13671" KundEigtNr="14846" KundArt="8" KundStatus="3" KundAufDat="2003-01-30"/>
  <Kunden KundenNr="13672" KundEigtNr="14847" KundArt="8" KundStatus="3" KundAufDat="2003-01-31"/>
  <Kunden KundenNr="13673" KundEigtNr="14810" KundArt="8" KundStatus="3" KundAufDat="2003-01-31"/>
  <Kunden KundenNr="13674" KundEigtNr="13818" KundArt="8" KundStatus="3" KundAufDat="2003-01-31"/>
  <Kunden KundenNr="13675" KundEigtNr="14848" KundArt="29" KundStatus="1" KundAufDat="2003-01-31"/>
  <Kunden KundenNr="13676" KundEigtNr="14849" KundArt="1" KundStatus="3" KundAufDat="2003-01-31"/>
  <Kunden KundenNr="13677" KundEigtNr="14850" KundArt="29" KundStatus="1" KundAufDat="2003-01-31"/>
  <Kunden KundenNr="13678" KundEigtNr="14851" KundArt="1" KundStatus="3" KundAufDat="2003-01-31"/>
  <Kunden KundenNr="13679" KundEigtNr="14853" KundArt="2" KundStatus="3" KundAufDat="2003-01-31"/>
  <Kunden KundenNr="13680" KundEigtNr="14854" KundArt="2" KundStatus="3" KundAufDat="2003-01-31"/>
  <Kunden KundenNr="13681" KundEigtNr="14855" KundArt="8" KundStatus="3" KundAufDat="2003-01-31"/>
  <Kunden KundenNr="13682" KundEigtNr="14861" KundArt="8" KundStatus="3" KundAufDat="2003-02-03"/>
  <Kunden KundenNr="13683" KundEigtNr="10760" KundArt="1" KundStatus="3" KundAufDat="2003-02-03"/>
  <Kunden KundenNr="13684" KundEigtNr="14862" KundArt="2" KundStatus="3" KundAufDat="2003-02-03"/>
  <Kunden KundenNr="13685" KundEigtNr="14863" KundArt="8" KundStatus="3" KundAufDat="2003-02-03"/>
  <Kunden KundenNr="13686" KundEigtNr="14864" KundArt="8" KundStatus="3" KundAufDat="2003-02-03"/>
  <Kunden KundenNr="13687" KundEigtNr="14865" KundArt="1" KundStatus="3" KundAufDat="2003-02-03"/>
  <Kunden KundenNr="13688" KundEigtNr="14866" KundArt="2" KundStatus="3" KundAufDat="2003-02-03"/>
  <Kunden KundenNr="13689" KundEigtNr="14867" KundArt="2" KundStatus="3" KundAufDat="2003-02-03"/>
  <Kunden KundenNr="13690" KundEigtNr="14868" KundArt="2" KundStatus="3" KundAufDat="2003-02-03"/>
  <Kunden KundenNr="13691" KundEigtNr="14869" KundArt="2" KundStatus="3" KundAufDat="2003-02-03"/>
  <Kunden KundenNr="13692" KundEigtNr="14870" KundArt="1" KundStatus="3" KundAufDat="2003-02-03"/>
  <Kunden KundenNr="13693" KundEigtNr="14871" KundArt="1" KundStatus="1" KundAufDat="2003-02-03"/>
  <Kunden KundenNr="13694" KundEigtNr="14872" KundArt="2" KundStatus="3" KundAufDat="2003-02-03"/>
  <Kunden KundenNr="13696" KundEigtNr="14876" KundArt="1" KundStatus="3" KundAufDat="2003-02-03"/>
  <Kunden KundenNr="13697" KundEigtNr="14877" KundArt="1" KundStatus="3" KundAufDat="2003-02-03"/>
  <Kunden KundenNr="13698" KundEigtNr="14878" KundArt="8" KundStatus="3" KundAufDat="2003-02-03"/>
  <Kunden KundenNr="13699" KundEigtNr="14879" KundArt="1" KundStatus="3" KundAufDat="2003-02-04"/>
  <Kunden KundenNr="13700" KundEigtNr="11908" KundArt="29" KundStatus="1" KundAufDat="2003-02-04"/>
  <Kunden KundenNr="13701" KundEigtNr="14883" KundArt="2" KundStatus="3" KundAufDat="2003-02-04"/>
  <Kunden KundenNr="13702" KundEigtNr="14884" KundArt="8" KundStatus="3" KundAufDat="2003-02-04"/>
  <Kunden KundenNr="13703" KundEigtNr="14885" KundArt="8" KundStatus="3" KundAufDat="2003-02-04"/>
  <Kunden KundenNr="13704" KundEigtNr="91" KundArt="8" KundStatus="3" KundAufDat="2003-02-04"/>
  <Kunden KundenNr="13705" KundEigtNr="14886" KundArt="29" KundStatus="1" KundAufDat="2003-02-04"/>
  <Kunden KundenNr="13706" KundEigtNr="14887" KundArt="8" KundStatus="3" KundAufDat="2003-02-04"/>
  <Kunden KundenNr="13707" KundEigtNr="14888" KundArt="2" KundStatus="3" KundAufDat="2003-02-04"/>
  <Kunden KundenNr="13708" KundEigtNr="91" KundArt="29" KundStatus="1" KundAufDat="2003-02-04"/>
  <Kunden KundenNr="13709" KundEigtNr="14889" KundArt="29" KundStatus="1" KundAufDat="2003-02-04"/>
  <Kunden KundenNr="13710" KundEigtNr="14890" KundArt="29" KundStatus="1" KundAufDat="2003-02-04"/>
  <Kunden KundenNr="13711" KundEigtNr="14891" KundArt="2" KundStatus="3" KundAufDat="2003-02-05"/>
  <Kunden KundenNr="13712" KundEigtNr="14892" KundArt="2" KundStatus="3" KundAufDat="2003-02-05"/>
  <Kunden KundenNr="13716" KundEigtNr="14896" KundArt="1" KundStatus="3" KundAufDat="2003-02-05"/>
  <Kunden KundenNr="13717" KundEigtNr="14897" KundArt="2" KundStatus="3" KundAufDat="2003-02-05"/>
  <Kunden KundenNr="13718" KundEigtNr="14898" KundArt="8" KundStatus="3" KundAufDat="2003-02-05"/>
  <Kunden KundenNr="13719" KundEigtNr="14899" KundArt="8" KundStatus="3" KundAufDat="2003-02-05"/>
  <Kunden KundenNr="13720" KundEigtNr="14900" KundArt="8" KundStatus="3" KundAufDat="2003-02-05"/>
  <Kunden KundenNr="13721" KundEigtNr="14901" KundArt="8" KundStatus="3" KundAufDat="2003-02-05"/>
  <Kunden KundenNr="13722" KundEigtNr="14906" KundArt="2" KundStatus="3" KundAufDat="2003-02-06"/>
  <Kunden KundenNr="13723" KundEigtNr="14814" KundArt="29" KundStatus="1" KundAufDat="2003-02-06"/>
  <Kunden KundenNr="13724" KundEigtNr="8513" KundArt="29" KundStatus="1" KundAufDat="2003-02-06"/>
  <Kunden KundenNr="13725" KundEigtNr="14730" KundArt="29" KundStatus="1" KundAufDat="2003-02-06"/>
  <Kunden KundenNr="13726" KundEigtNr="14819" KundArt="29" KundStatus="1" KundAufDat="2003-02-06"/>
  <Kunden KundenNr="13727" KundEigtNr="14769" KundArt="29" KundStatus="1" KundAufDat="2003-02-06"/>
  <Kunden KundenNr="13728" KundEigtNr="14910" KundArt="29" KundStatus="1" KundAufDat="2003-02-06"/>
  <Kunden KundenNr="13729" KundEigtNr="14911" KundArt="2" KundStatus="3" KundAufDat="2003-02-07"/>
  <Kunden KundenNr="13730" KundEigtNr="14912" KundArt="1" KundStatus="3" KundAufDat="2003-02-07"/>
  <Kunden KundenNr="13731" KundEigtNr="14913" KundArt="1" KundStatus="3" KundAufDat="2003-02-07"/>
  <Kunden KundenNr="13732" KundEigtNr="14914" KundArt="1" KundStatus="1" KundAufDat="2003-02-07"/>
  <Kunden KundenNr="13733" KundEigtNr="14762" KundArt="29" KundStatus="1" KundAufDat="2003-02-07"/>
  <Kunden KundenNr="13734" KundEigtNr="14915" KundArt="2" KundStatus="3" KundAufDat="2003-02-07"/>
  <Kunden KundenNr="13735" KundEigtNr="14710" KundArt="29" KundStatus="1" KundAufDat="2003-02-07"/>
  <Kunden KundenNr="13736" KundEigtNr="14918" KundArt="2" KundStatus="3" KundAufDat="2003-02-07"/>
  <Kunden KundenNr="13737" KundEigtNr="14919" KundArt="2" KundStatus="3" KundAufDat="2003-02-07"/>
  <Kunden KundenNr="13738" KundEigtNr="14920" KundArt="2" KundStatus="3" KundAufDat="2003-02-07"/>
  <Kunden KundenNr="13739" KundEigtNr="14921" KundArt="8" KundStatus="3" KundAufDat="2003-02-08"/>
  <Kunden KundenNr="13740" KundEigtNr="11846" KundArt="2" KundStatus="3" KundAufDat="2003-02-10"/>
  <Kunden KundenNr="13741" KundEigtNr="14922" KundArt="8" KundStatus="3" KundAufDat="2003-02-10"/>
  <Kunden KundenNr="13742" KundEigtNr="7908" KundArt="8" KundStatus="3" KundAufDat="2003-02-10"/>
  <Kunden KundenNr="13743" KundEigtNr="14923" KundArt="8" KundStatus="3" KundAufDat="2003-02-10"/>
  <Kunden KundenNr="13744" KundEigtNr="14924" KundArt="8" KundStatus="3" KundAufDat="2003-02-10"/>
  <Kunden KundenNr="13745" KundEigtNr="14925" KundArt="8" KundStatus="3" KundAufDat="2003-02-10"/>
  <Kunden KundenNr="13746" KundEigtNr="14926" KundArt="1" KundStatus="3" KundAufDat="2003-02-10"/>
  <Kunden KundenNr="13747" KundEigtNr="14927" KundArt="1" KundStatus="3" KundAufDat="2003-02-10"/>
  <Kunden KundenNr="13748" KundEigtNr="14928" KundArt="2" KundStatus="3" KundAufDat="2003-02-10"/>
  <Kunden KundenNr="13749" KundEigtNr="14929" KundArt="8" KundStatus="3" KundAufDat="2003-02-10"/>
  <Kunden KundenNr="13750" KundEigtNr="14930" KundArt="8" KundStatus="3" KundAufDat="2003-02-10"/>
  <Kunden KundenNr="13751" KundEigtNr="14931" KundArt="2" KundStatus="3" KundAufDat="2003-02-10"/>
  <Kunden KundenNr="13752" KundEigtNr="14759" KundArt="29" KundStatus="1" KundAufDat="2003-02-10"/>
  <Kunden KundenNr="13753" KundEigtNr="14933" KundArt="2" KundStatus="3" KundAufDat="2003-02-10"/>
  <Kunden KundenNr="13754" KundEigtNr="14934" KundArt="2" KundStatus="3" KundAufDat="2003-02-10"/>
  <Kunden KundenNr="13755" KundEigtNr="7908" KundArt="1" KundStatus="1" KundAufDat="2003-02-10"/>
  <Kunden KundenNr="13756" KundEigtNr="14935" KundArt="8" KundStatus="3" KundAufDat="2003-02-10"/>
  <Kunden KundenNr="13757" KundEigtNr="14936" KundArt="2" KundStatus="3" KundAufDat="2003-02-10"/>
  <Kunden KundenNr="13758" KundEigtNr="14937" KundArt="29" KundStatus="1" KundAufDat="2003-02-10"/>
  <Kunden KundenNr="13761" KundEigtNr="14948" KundArt="8" KundStatus="3" KundAufDat="2003-02-10"/>
  <Kunden KundenNr="13762" KundEigtNr="14949" KundArt="8" KundStatus="3" KundAufDat="2003-02-11"/>
  <Kunden KundenNr="13763" KundEigtNr="14641" KundArt="8" KundStatus="3" KundAufDat="2003-02-11"/>
  <Kunden KundenNr="13764" KundEigtNr="14950" KundArt="8" KundStatus="3" KundAufDat="2003-02-11"/>
  <Kunden KundenNr="13765" KundEigtNr="13048" KundArt="1" KundStatus="3" KundAufDat="2003-02-11"/>
  <Kunden KundenNr="13766" KundEigtNr="14951" KundArt="2" KundStatus="3" KundAufDat="2003-02-11"/>
  <Kunden KundenNr="13767" KundEigtNr="14952" KundArt="2" KundStatus="3" KundAufDat="2003-02-11"/>
  <Kunden KundenNr="13769" KundEigtNr="14954" KundArt="29" KundStatus="1" KundAufDat="2003-02-11"/>
  <Kunden KundenNr="13770" KundEigtNr="14955" KundArt="2" KundStatus="1" KundAufDat="2003-02-11"/>
  <Kunden KundenNr="13771" KundEigtNr="14956" KundArt="8" KundStatus="3" KundAufDat="2003-02-11"/>
  <Kunden KundenNr="13772" KundEigtNr="8211" KundArt="29" KundStatus="1" KundAufDat="2003-02-11"/>
  <Kunden KundenNr="13773" KundEigtNr="14957" KundArt="2" KundStatus="3" KundAufDat="2003-02-11"/>
  <Kunden KundenNr="13774" KundEigtNr="14958" KundArt="1" KundStatus="3" KundAufDat="2003-02-12"/>
  <Kunden KundenNr="13775" KundEigtNr="14959" KundArt="2" KundStatus="3" KundAufDat="2003-02-12"/>
  <Kunden KundenNr="13776" KundEigtNr="14960" KundArt="2" KundStatus="3" KundAufDat="2003-02-12"/>
  <Kunden KundenNr="13777" KundEigtNr="14961" KundArt="2" KundStatus="3" KundAufDat="2003-02-12"/>
  <Kunden KundenNr="13778" KundEigtNr="14962" KundArt="8" KundStatus="3" KundAufDat="2003-02-12"/>
  <Kunden KundenNr="13779" KundEigtNr="14963" KundArt="8" KundStatus="3" KundAufDat="2003-02-12"/>
  <Kunden KundenNr="13780" KundEigtNr="14964" KundArt="8" KundStatus="3" KundAufDat="2003-02-13"/>
  <Kunden KundenNr="13781" KundEigtNr="14967" KundArt="29" KundStatus="1" KundAufDat="2003-02-13"/>
  <Kunden KundenNr="13782" KundEigtNr="14968" KundArt="8" KundStatus="3" KundAufDat="2003-02-13"/>
  <Kunden KundenNr="13783" KundEigtNr="14969" KundArt="29" KundStatus="1" KundAufDat="2003-02-13"/>
  <Kunden KundenNr="13784" KundEigtNr="14970" KundArt="1" KundStatus="3" KundAufDat="2003-02-14"/>
  <Kunden KundenNr="13785" KundEigtNr="14971" KundArt="8" KundStatus="3" KundAufDat="2003-02-14"/>
  <Kunden KundenNr="13786" KundEigtNr="14761" KundArt="29" KundStatus="1" KundAufDat="2003-02-14"/>
  <Kunden KundenNr="13787" KundEigtNr="14644" KundArt="29" KundStatus="1" KundAufDat="2003-02-14"/>
  <Kunden KundenNr="13788" KundEigtNr="14974" KundArt="8" KundStatus="3" KundAufDat="2003-02-17"/>
  <Kunden KundenNr="13789" KundEigtNr="14975" KundArt="8" KundStatus="3" KundAufDat="2003-02-17"/>
  <Kunden KundenNr="13790" KundEigtNr="14976" KundArt="8" KundStatus="3" KundAufDat="2003-02-17"/>
  <Kunden KundenNr="13791" KundEigtNr="14977" KundArt="8" KundStatus="3" KundAufDat="2003-02-17"/>
  <Kunden KundenNr="13792" KundEigtNr="14978" KundArt="8" KundStatus="3" KundAufDat="2003-02-17"/>
  <Kunden KundenNr="13793" KundEigtNr="14979" KundArt="8" KundStatus="3" KundAufDat="2003-02-17"/>
  <Kunden KundenNr="13794" KundEigtNr="14980" KundArt="8" KundStatus="3" KundAufDat="2003-02-17"/>
  <Kunden KundenNr="13795" KundEigtNr="14981" KundArt="8" KundStatus="3" KundAufDat="2003-02-17"/>
  <Kunden KundenNr="13796" KundEigtNr="14982" KundArt="8" KundStatus="3" KundAufDat="2003-02-17"/>
  <Kunden KundenNr="13797" KundEigtNr="14983" KundArt="2" KundStatus="3" KundAufDat="2003-02-17"/>
  <Kunden KundenNr="13798" KundEigtNr="14984" KundArt="1" KundStatus="3" KundAufDat="2003-02-17"/>
  <Kunden KundenNr="13804" KundEigtNr="14989" KundArt="1" KundStatus="1" KundAufDat="2003-02-17"/>
  <Kunden KundenNr="13805" KundEigtNr="14990" KundArt="1" KundStatus="1" KundAufDat="2003-02-17"/>
  <Kunden KundenNr="13806" KundEigtNr="14991" KundArt="1" KundStatus="1" KundAufDat="2003-02-17"/>
  <Kunden KundenNr="13807" KundEigtNr="14992" KundArt="8" KundStatus="3" KundAufDat="2003-02-17"/>
  <Kunden KundenNr="13808" KundEigtNr="14993" KundArt="1" KundStatus="3" KundAufDat="2003-02-18"/>
  <Kunden KundenNr="13809" KundEigtNr="14994" KundArt="2" KundStatus="3" KundAufDat="2003-02-18"/>
  <Kunden KundenNr="13810" KundEigtNr="14995" KundArt="2" KundStatus="3" KundAufDat="2003-02-18"/>
  <Kunden KundenNr="13811" KundEigtNr="14996" KundArt="8" KundStatus="3" KundAufDat="2003-02-18"/>
  <Kunden KundenNr="13812" KundEigtNr="14997" KundArt="8" KundStatus="3" KundAufDat="2003-02-18"/>
  <Kunden KundenNr="13813" KundEigtNr="14998" KundArt="29" KundStatus="1" KundAufDat="2003-02-18"/>
  <Kunden KundenNr="13814" KundEigtNr="15002" KundArt="2" KundStatus="3" KundAufDat="2003-02-19"/>
  <Kunden KundenNr="13815" KundEigtNr="15003" KundArt="2" KundStatus="3" KundAufDat="2003-02-19"/>
  <Kunden KundenNr="13816" KundEigtNr="15004" KundArt="2" KundStatus="3" KundAufDat="2003-02-19"/>
  <Kunden KundenNr="13817" KundEigtNr="14944" KundArt="29" KundStatus="1" KundAufDat="2003-02-19"/>
  <Kunden KundenNr="13818" KundEigtNr="15005" KundArt="1" KundStatus="3" KundAufDat="2003-02-19"/>
  <Kunden KundenNr="13819" KundEigtNr="14939" KundArt="29" KundStatus="1" KundAufDat="2003-02-19"/>
  <Kunden KundenNr="13820" KundEigtNr="14645" KundArt="29" KundStatus="1" KundAufDat="2003-02-19"/>
  <Kunden KundenNr="13821" KundEigtNr="14965" KundArt="1" KundStatus="3" KundAufDat="2003-02-19"/>
  <Kunden KundenNr="13822" KundEigtNr="15006" KundArt="8" KundStatus="3" KundAufDat="2003-02-19"/>
  <Kunden KundenNr="13823" KundEigtNr="15007" KundArt="8" KundStatus="3" KundAufDat="2003-02-19"/>
  <Kunden KundenNr="13824" KundEigtNr="14907" KundArt="29" KundStatus="1" KundAufDat="2003-02-19"/>
  <Kunden KundenNr="13825" KundEigtNr="15008" KundArt="8" KundStatus="3" KundAufDat="2003-02-19"/>
  <Kunden KundenNr="13826" KundEigtNr="15008" KundArt="1" KundStatus="3" KundAufDat="2003-02-19"/>
  <Kunden KundenNr="13827" KundEigtNr="14881" KundArt="29" KundStatus="1" KundAufDat="2003-02-19"/>
  <Kunden KundenNr="13828" KundEigtNr="15009" KundArt="2" KundStatus="3" KundAufDat="2003-02-20"/>
  <Kunden KundenNr="13829" KundEigtNr="15010" KundArt="2" KundStatus="3" KundAufDat="2003-02-20"/>
  <Kunden KundenNr="13830" KundEigtNr="15011" KundArt="2" KundStatus="3" KundAufDat="2003-02-20"/>
  <Kunden KundenNr="13831" KundEigtNr="15012" KundArt="8" KundStatus="3" KundAufDat="2003-02-20"/>
  <Kunden KundenNr="13832" KundEigtNr="15013" KundArt="2" KundStatus="3" KundAufDat="2003-02-20"/>
  <Kunden KundenNr="13833" KundEigtNr="15014" KundArt="2" KundStatus="3" KundAufDat="2003-02-20"/>
  <Kunden KundenNr="13834" KundEigtNr="15015" KundArt="8" KundStatus="3" KundAufDat="2003-02-20"/>
  <Kunden KundenNr="13835" KundEigtNr="15017" KundArt="2" KundStatus="1" KundAufDat="2003-02-20"/>
  <Kunden KundenNr="13836" KundEigtNr="15018" KundArt="2" KundStatus="3" KundAufDat="2003-02-21"/>
  <Kunden KundenNr="13837" KundEigtNr="15019" KundArt="1" KundStatus="3" KundAufDat="2003-02-21"/>
  <Kunden KundenNr="13838" KundEigtNr="15020" KundArt="2" KundStatus="3" KundAufDat="2003-02-21"/>
  <Kunden KundenNr="13839" KundEigtNr="15021" KundArt="2" KundStatus="3" KundAufDat="2003-02-21"/>
  <Kunden KundenNr="13840" KundEigtNr="15016" KundArt="29" KundStatus="1" KundAufDat="2003-02-21"/>
  <Kunden KundenNr="13841" KundEigtNr="15023" KundArt="1" KundStatus="3" KundAufDat="2003-02-21"/>
  <Kunden KundenNr="13842" KundEigtNr="15028" KundArt="2" KundStatus="3" KundAufDat="2003-02-24"/>
  <Kunden KundenNr="13843" KundEigtNr="15029" KundArt="2" KundStatus="3" KundAufDat="2003-02-24"/>
  <Kunden KundenNr="13844" KundEigtNr="15030" KundArt="29" KundStatus="1" KundAufDat="2003-02-24"/>
  <Kunden KundenNr="13845" KundEigtNr="15031" KundArt="2" KundStatus="3" KundAufDat="2003-02-24"/>
  <Kunden KundenNr="13846" KundEigtNr="15032" KundArt="2" KundStatus="3" KundAufDat="2003-02-24"/>
  <Kunden KundenNr="13847" KundEigtNr="15033" KundArt="2" KundStatus="3" KundAufDat="2003-02-24"/>
  <Kunden KundenNr="13848" KundEigtNr="15034" KundArt="8" KundStatus="3" KundAufDat="2003-02-24"/>
  <Kunden KundenNr="13849" KundEigtNr="15035" KundArt="2" KundStatus="3" KundAufDat="2003-02-24"/>
  <Kunden KundenNr="13850" KundEigtNr="15036" KundArt="8" KundStatus="3" KundAufDat="2003-02-24"/>
  <Kunden KundenNr="13851" KundEigtNr="15043" KundArt="8" KundStatus="3" KundAufDat="2003-02-24"/>
  <Kunden KundenNr="13852" KundEigtNr="15050" KundArt="8" KundStatus="3" KundAufDat="2003-02-24"/>
  <Kunden KundenNr="13853" KundEigtNr="15055" KundArt="2" KundStatus="3" KundAufDat="2003-02-25"/>
  <Kunden KundenNr="13854" KundEigtNr="15056" KundArt="1" KundStatus="3" KundAufDat="2003-02-25"/>
  <Kunden KundenNr="13855" KundEigtNr="15057" KundArt="1" KundStatus="3" KundAufDat="2003-02-25"/>
  <Kunden KundenNr="13856" KundEigtNr="15058" KundArt="1" KundStatus="1" KundAufDat="2003-02-25"/>
  <Kunden KundenNr="13857" KundEigtNr="15059" KundArt="2" KundStatus="3" KundAufDat="2003-02-25"/>
  <Kunden KundenNr="13858" KundEigtNr="15060" KundArt="2" KundStatus="3" KundAufDat="2003-02-25"/>
  <Kunden KundenNr="13859" KundEigtNr="15061" KundArt="1" KundStatus="3" KundAufDat="2003-02-25"/>
  <Kunden KundenNr="13860" KundEigtNr="15062" KundArt="2" KundStatus="3" KundAufDat="2003-02-25"/>
  <Kunden KundenNr="13861" KundEigtNr="15063" KundArt="2" KundStatus="3" KundAufDat="2003-02-25"/>
  <Kunden KundenNr="13862" KundEigtNr="15066" KundArt="8" KundStatus="3" KundAufDat="2003-02-25"/>
  <Kunden KundenNr="13863" KundEigtNr="15067" KundArt="8" KundStatus="3" KundAufDat="2003-02-25"/>
  <Kunden KundenNr="13864" KundEigtNr="15068" KundArt="2" KundStatus="3" KundAufDat="2003-02-25"/>
  <Kunden KundenNr="13866" KundEigtNr="15070" KundArt="8" KundStatus="3" KundAufDat="2003-02-25"/>
  <Kunden KundenNr="13867" KundEigtNr="15074" KundArt="1" KundStatus="3" KundAufDat="2003-02-26"/>
  <Kunden KundenNr="13868" KundEigtNr="15075" KundArt="2" KundStatus="3" KundAufDat="2003-02-26"/>
  <Kunden KundenNr="13869" KundEigtNr="13948" KundArt="29" KundStatus="1" KundAufDat="2003-02-26"/>
  <Kunden KundenNr="13870" KundEigtNr="15076" KundArt="1" KundStatus="1" KundAufDat="2003-02-26"/>
  <Kunden KundenNr="13871" KundEigtNr="15077" KundArt="8" KundStatus="3" KundAufDat="2003-02-26"/>
  <Kunden KundenNr="13872" KundEigtNr="15078" KundArt="8" KundStatus="3" KundAufDat="2003-02-26"/>
  <Kunden KundenNr="13873" KundEigtNr="15079" KundArt="2" KundStatus="3" KundAufDat="2003-02-26"/>
  <Kunden KundenNr="13874" KundEigtNr="15080" KundArt="8" KundStatus="3" KundAufDat="2003-02-27"/>
  <Kunden KundenNr="13875" KundEigtNr="15081" KundArt="2" KundStatus="3" KundAufDat="2003-02-27"/>
  <Kunden KundenNr="13876" KundEigtNr="15082" KundArt="2" KundStatus="3" KundAufDat="2003-02-27"/>
  <Kunden KundenNr="13877" KundEigtNr="15083" KundArt="2" KundStatus="3" KundAufDat="2003-02-27"/>
  <Kunden KundenNr="13878" KundEigtNr="15084" KundArt="8" KundStatus="3" KundAufDat="2003-02-27"/>
  <Kunden KundenNr="13879" KundEigtNr="7350" KundArt="29" KundStatus="1" KundAufDat="2003-02-27"/>
  <Kunden KundenNr="13880" KundEigtNr="15089" KundArt="2" KundStatus="3" KundAufDat="2003-02-27"/>
  <Kunden KundenNr="13881" KundEigtNr="15090" KundArt="29" KundStatus="1" KundAufDat="2003-02-27"/>
  <Kunden KundenNr="13882" KundEigtNr="15091" KundArt="8" KundStatus="3" KundAufDat="2003-02-27"/>
  <Kunden KundenNr="13883" KundEigtNr="15095" KundArt="2" KundStatus="3" KundAufDat="2003-02-28"/>
  <Kunden KundenNr="13884" KundEigtNr="15096" KundArt="2" KundStatus="3" KundAufDat="2003-02-28"/>
  <Kunden KundenNr="13885" KundEigtNr="15097" KundArt="2" KundStatus="3" KundAufDat="2003-02-28"/>
  <Kunden KundenNr="13886" KundEigtNr="15098" KundArt="2" KundStatus="1" KundAufDat="2003-02-28"/>
  <Kunden KundenNr="13887" KundEigtNr="1128" KundArt="29" KundStatus="1" KundAufDat="2003-02-28"/>
  <Kunden KundenNr="13888" KundEigtNr="15099" KundArt="8" KundStatus="3" KundAufDat="2003-02-28"/>
  <Kunden KundenNr="13889" KundEigtNr="15100" KundArt="8" KundStatus="3" KundAufDat="2003-02-28"/>
  <Kunden KundenNr="13890" KundEigtNr="15101" KundArt="2" KundStatus="3" KundAufDat="2003-02-28"/>
  <Kunden KundenNr="13891" KundEigtNr="15102" KundArt="29" KundStatus="1" KundAufDat="2003-02-28"/>
  <Kunden KundenNr="13892" KundEigtNr="14397" KundArt="8" KundStatus="3" KundAufDat="2003-02-28"/>
  <Kunden KundenNr="13893" KundEigtNr="15103" KundArt="2" KundStatus="3" KundAufDat="2003-03-01"/>
  <Kunden KundenNr="13894" KundEigtNr="15104" KundArt="2" KundStatus="3" KundAufDat="2003-03-01"/>
  <Kunden KundenNr="13895" KundEigtNr="15105" KundArt="2" KundStatus="3" KundAufDat="2003-03-01"/>
  <Kunden KundenNr="13896" KundEigtNr="15106" KundArt="1" KundStatus="3" KundAufDat="2003-03-03"/>
  <Kunden KundenNr="13897" KundEigtNr="14285" KundArt="2" KundStatus="3" KundAufDat="2003-03-03"/>
  <Kunden KundenNr="13898" KundEigtNr="11860" KundArt="2" KundStatus="3" KundAufDat="2003-03-03"/>
  <Kunden KundenNr="13899" KundEigtNr="15107" KundArt="2" KundStatus="3" KundAufDat="2003-03-03"/>
  <Kunden KundenNr="13900" KundEigtNr="15108" KundArt="1" KundStatus="1" KundAufDat="2003-03-03"/>
  <Kunden KundenNr="13901" KundEigtNr="15109" KundArt="2" KundStatus="3" KundAufDat="2003-03-03"/>
  <Kunden KundenNr="13902" KundEigtNr="15111" KundArt="8" KundStatus="3" KundAufDat="2003-03-03"/>
  <Kunden KundenNr="13903" KundEigtNr="15112" KundArt="8" KundStatus="3" KundAufDat="2003-03-03"/>
  <Kunden KundenNr="13904" KundEigtNr="15113" KundArt="1" KundStatus="3" KundAufDat="2003-03-03"/>
  <Kunden KundenNr="13905" KundEigtNr="15114" KundArt="2" KundStatus="3" KundAufDat="2003-03-03"/>
  <Kunden KundenNr="13906" KundEigtNr="15115" KundArt="2" KundStatus="3" KundAufDat="2003-03-03"/>
  <Kunden KundenNr="13907" KundEigtNr="15116" KundArt="2" KundStatus="3" KundAufDat="2003-03-03"/>
  <Kunden KundenNr="13908" KundEigtNr="15117" KundArt="2" KundStatus="1" KundAufDat="2003-03-03"/>
  <Kunden KundenNr="13909" KundEigtNr="2023" KundArt="2" KundStatus="3" KundAufDat="2003-03-03"/>
  <Kunden KundenNr="13910" KundEigtNr="15118" KundArt="2" KundStatus="3" KundAufDat="2003-03-03"/>
  <Kunden KundenNr="13911" KundEigtNr="15119" KundArt="2" KundStatus="3" KundAufDat="2003-03-03"/>
  <Kunden KundenNr="13912" KundEigtNr="15120" KundArt="2" KundStatus="3" KundAufDat="2003-03-03"/>
  <Kunden KundenNr="13913" KundEigtNr="9586" KundArt="8" KundStatus="3" KundAufDat="2003-03-03"/>
  <Kunden KundenNr="13914" KundEigtNr="15121" KundArt="8" KundStatus="3" KundAufDat="2003-03-03"/>
  <Kunden KundenNr="13915" KundEigtNr="15123" KundArt="1" KundStatus="3" KundAufDat="2003-03-03"/>
  <Kunden KundenNr="13916" KundEigtNr="15124" KundArt="8" KundStatus="3" KundAufDat="2003-03-03"/>
  <Kunden KundenNr="13917" KundEigtNr="15125" KundArt="8" KundStatus="3" KundAufDat="2003-03-03"/>
  <Kunden KundenNr="13918" KundEigtNr="15126" KundArt="1" KundStatus="3" KundAufDat="2003-03-03"/>
  <Kunden KundenNr="13919" KundEigtNr="15127" KundArt="8" KundStatus="3" KundAufDat="2003-03-03"/>
  <Kunden KundenNr="13920" KundEigtNr="15128" KundArt="8" KundStatus="3" KundAufDat="2003-03-03"/>
  <Kunden KundenNr="13921" KundEigtNr="15053" KundArt="29" KundStatus="1" KundAufDat="2003-03-04"/>
  <Kunden KundenNr="13922" KundEigtNr="15065" KundArt="29" KundStatus="1" KundAufDat="2003-03-04"/>
  <Kunden KundenNr="13923" KundEigtNr="15047" KundArt="29" KundStatus="1" KundAufDat="2003-03-04"/>
  <Kunden KundenNr="13924" KundEigtNr="15129" KundArt="2" KundStatus="3" KundAufDat="2003-03-04"/>
  <Kunden KundenNr="13925" KundEigtNr="15130" KundArt="1" KundStatus="3" KundAufDat="2003-03-04"/>
  <Kunden KundenNr="13926" KundEigtNr="15131" KundArt="1" KundStatus="3" KundAufDat="2003-03-04"/>
  <Kunden KundenNr="13927" KundEigtNr="15132" KundArt="1" KundStatus="3" KundAufDat="2003-03-04"/>
  <Kunden KundenNr="13928" KundEigtNr="15133" KundArt="1" KundStatus="3" KundAufDat="2003-03-04"/>
  <Kunden KundenNr="13929" KundEigtNr="15134" KundArt="2" KundStatus="3" KundAufDat="2003-03-04"/>
  <Kunden KundenNr="13930" KundEigtNr="15135" KundArt="2" KundStatus="3" KundAufDat="2003-03-04"/>
  <Kunden KundenNr="13931" KundEigtNr="15136" KundArt="8" KundStatus="1" KundAufDat="2003-03-04"/>
  <Kunden KundenNr="13932" KundEigtNr="11087" KundArt="8" KundStatus="3" KundAufDat="2003-03-04"/>
  <Kunden KundenNr="13933" KundEigtNr="15137" KundArt="8" KundStatus="3" KundAufDat="2003-03-04"/>
  <Kunden KundenNr="13934" KundEigtNr="15138" KundArt="2" KundStatus="3" KundAufDat="2003-03-04"/>
  <Kunden KundenNr="13935" KundEigtNr="15139" KundArt="2" KundStatus="3" KundAufDat="2003-03-05"/>
  <Kunden KundenNr="13936" KundEigtNr="15140" KundArt="2" KundStatus="3" KundAufDat="2003-03-05"/>
  <Kunden KundenNr="13937" KundEigtNr="15155" KundArt="2" KundStatus="3" KundAufDat="2003-03-06"/>
  <Kunden KundenNr="13938" KundEigtNr="15156" KundArt="2" KundStatus="3" KundAufDat="2003-03-06"/>
  <Kunden KundenNr="13939" KundEigtNr="15157" KundArt="1" KundStatus="3" KundAufDat="2003-03-06"/>
  <Kunden KundenNr="13940" KundEigtNr="15158" KundArt="29" KundStatus="1" KundAufDat="2003-03-06"/>
  <Kunden KundenNr="13941" KundEigtNr="15159" KundArt="29" KundStatus="1" KundAufDat="2003-03-06"/>
  <Kunden KundenNr="13942" KundEigtNr="15160" KundArt="8" KundStatus="3" KundAufDat="2003-03-06"/>
  <Kunden KundenNr="13943" KundEigtNr="15161" KundArt="8" KundStatus="1" KundAufDat="2003-03-06"/>
  <Kunden KundenNr="13944" KundEigtNr="15162" KundArt="2" KundStatus="3" KundAufDat="2003-03-06"/>
  <Kunden KundenNr="13945" KundEigtNr="15163" KundArt="2" KundStatus="3" KundAufDat="2003-03-06"/>
  <Kunden KundenNr="13946" KundEigtNr="15164" KundArt="1" KundStatus="3" KundAufDat="2003-03-06"/>
  <Kunden KundenNr="13947" KundEigtNr="15165" KundArt="8" KundStatus="3" KundAufDat="2003-03-06"/>
  <Kunden KundenNr="13948" KundEigtNr="13046" KundArt="2" KundStatus="3" KundAufDat="2003-03-06"/>
  <Kunden KundenNr="13949" KundEigtNr="15166" KundArt="29" KundStatus="1" KundAufDat="2003-03-06"/>
  <Kunden KundenNr="13950" KundEigtNr="15167" KundArt="8" KundStatus="3" KundAufDat="2003-03-06"/>
  <Kunden KundenNr="13951" KundEigtNr="15168" KundArt="1" KundStatus="3" KundAufDat="2003-03-07"/>
  <Kunden KundenNr="13952" KundEigtNr="15169" KundArt="2" KundStatus="3" KundAufDat="2003-03-07"/>
  <Kunden KundenNr="13953" KundEigtNr="15170" KundArt="2" KundStatus="3" KundAufDat="2003-03-07"/>
  <Kunden KundenNr="13954" KundEigtNr="15171" KundArt="29" KundStatus="1" KundAufDat="2003-03-07"/>
  <Kunden KundenNr="13955" KundEigtNr="15172" KundArt="8" KundStatus="3" KundAufDat="2003-03-07"/>
  <Kunden KundenNr="13956" KundEigtNr="15173" KundArt="8" KundStatus="3" KundAufDat="2003-03-07"/>
  <Kunden KundenNr="13957" KundEigtNr="15174" KundArt="2" KundStatus="3" KundAufDat="2003-03-07"/>
  <Kunden KundenNr="13958" KundEigtNr="15175" KundArt="1" KundStatus="3" KundAufDat="2003-03-08"/>
  <Kunden KundenNr="13959" KundEigtNr="15176" KundArt="8" KundStatus="3" KundAufDat="2003-03-10"/>
  <Kunden KundenNr="13960" KundEigtNr="15177" KundArt="8" KundStatus="3" KundAufDat="2003-03-10"/>
  <Kunden KundenNr="13961" KundEigtNr="15178" KundArt="8" KundStatus="3" KundAufDat="2003-03-10"/>
  <Kunden KundenNr="13962" KundEigtNr="15179" KundArt="8" KundStatus="3" KundAufDat="2003-03-10"/>
  <Kunden KundenNr="13963" KundEigtNr="3754" KundArt="1" KundStatus="3" KundAufDat="2003-03-10"/>
  <Kunden KundenNr="13964" KundEigtNr="14227" KundArt="1" KundStatus="3" KundAufDat="2003-03-10"/>
  <Kunden KundenNr="13965" KundEigtNr="6343" KundArt="1" KundStatus="3" KundAufDat="2003-03-10"/>
  <Kunden KundenNr="13966" KundEigtNr="10984" KundArt="8" KundStatus="3" KundAufDat="2003-03-10"/>
  <Kunden KundenNr="13967" KundEigtNr="14727" KundArt="29" KundStatus="1" KundAufDat="2003-03-10"/>
  <Kunden KundenNr="13968" KundEigtNr="15181" KundArt="8" KundStatus="3" KundAufDat="2003-03-10"/>
  <Kunden KundenNr="13969" KundEigtNr="15122" KundArt="29" KundStatus="1" KundAufDat="2003-03-10"/>
  <Kunden KundenNr="13970" KundEigtNr="15182" KundArt="8" KundStatus="3" KundAufDat="2003-03-10"/>
  <Kunden KundenNr="13971" KundEigtNr="15186" KundArt="2" KundStatus="3" KundAufDat="2003-03-10"/>
  <Kunden KundenNr="13972" KundEigtNr="15187" KundArt="2" KundStatus="3" KundAufDat="2003-03-10"/>
  <Kunden KundenNr="13973" KundEigtNr="15188" KundArt="2" KundStatus="3" KundAufDat="2003-03-10"/>
  <Kunden KundenNr="13974" KundEigtNr="15189" KundArt="2" KundStatus="3" KundAufDat="2003-03-10"/>
  <Kunden KundenNr="13975" KundEigtNr="15190" KundArt="2" KundStatus="3" KundAufDat="2003-03-10"/>
  <Kunden KundenNr="13976" KundEigtNr="15191" KundArt="1" KundStatus="3" KundAufDat="2003-03-10"/>
  <Kunden KundenNr="13977" KundEigtNr="15192" KundArt="2" KundStatus="3" KundAufDat="2003-03-10"/>
  <Kunden KundenNr="13978" KundEigtNr="15193" KundArt="8" KundStatus="3" KundAufDat="2003-03-10"/>
  <Kunden KundenNr="13979" KundEigtNr="15194" KundArt="1" KundStatus="3" KundAufDat="2003-03-10"/>
  <Kunden KundenNr="13981" KundEigtNr="15196" KundArt="2" KundStatus="3" KundAufDat="2003-03-10"/>
  <Kunden KundenNr="13982" KundEigtNr="14791" KundArt="8" KundStatus="3" KundAufDat="2003-03-10"/>
  <Kunden KundenNr="13983" KundEigtNr="15197" KundArt="1" KundStatus="3" KundAufDat="2003-03-11"/>
  <Kunden KundenNr="13984" KundEigtNr="6902" KundArt="8" KundStatus="3" KundAufDat="2003-03-11"/>
  <Kunden KundenNr="13985" KundEigtNr="15198" KundArt="2" KundStatus="3" KundAufDat="2003-03-11"/>
  <Kunden KundenNr="13986" KundEigtNr="15199" KundArt="2" KundStatus="3" KundAufDat="2003-03-11"/>
  <Kunden KundenNr="13987" KundEigtNr="15041" KundArt="29" KundStatus="1" KundAufDat="2003-03-11"/>
  <Kunden KundenNr="13988" KundEigtNr="15206" KundArt="8" KundStatus="3" KundAufDat="2003-03-11"/>
  <Kunden KundenNr="13989" KundEigtNr="15208" KundArt="8" KundStatus="3" KundAufDat="2003-03-11"/>
  <Kunden KundenNr="13990" KundEigtNr="15209" KundArt="2" KundStatus="3" KundAufDat="2003-03-11"/>
  <Kunden KundenNr="13991" KundEigtNr="15210" KundArt="2" KundStatus="3" KundAufDat="2003-03-11"/>
  <Kunden KundenNr="13992" KundEigtNr="15211" KundArt="8" KundStatus="3" KundAufDat="2003-03-11"/>
  <Kunden KundenNr="13993" KundEigtNr="15212" KundArt="8" KundStatus="3" KundAufDat="2003-03-11"/>
  <Kunden KundenNr="13994" KundEigtNr="15213" KundArt="2" KundStatus="3" KundAufDat="2003-03-11"/>
  <Kunden KundenNr="13995" KundEigtNr="15214" KundArt="29" KundStatus="1" KundAufDat="2003-03-11"/>
  <Kunden KundenNr="13996" KundEigtNr="15215" KundArt="8" KundStatus="3" KundAufDat="2003-03-11"/>
  <Kunden KundenNr="13997" KundEigtNr="15216" KundArt="8" KundStatus="3" KundAufDat="2003-03-11"/>
  <Kunden KundenNr="13998" KundEigtNr="14546" KundArt="29" KundStatus="1" KundAufDat="2003-03-11"/>
  <Kunden KundenNr="13999" KundEigtNr="15217" KundArt="2" KundStatus="3" KundAufDat="2003-03-11"/>
  <Kunden KundenNr="14000" KundEigtNr="15218" KundArt="8" KundStatus="3" KundAufDat="2003-03-11"/>
  <Kunden KundenNr="14001" KundEigtNr="15219" KundArt="2" KundStatus="3" KundAufDat="2003-03-11"/>
  <Kunden KundenNr="14002" KundEigtNr="15220" KundArt="2" KundStatus="3" KundAufDat="2003-03-11"/>
  <Kunden KundenNr="14003" KundEigtNr="15221" KundArt="2" KundStatus="3" KundAufDat="2003-03-11"/>
  <Kunden KundenNr="14004" KundEigtNr="15222" KundArt="2" KundStatus="3" KundAufDat="2003-03-12"/>
  <Kunden KundenNr="14005" KundEigtNr="15153" KundArt="29" KundStatus="1" KundAufDat="2003-03-12"/>
  <Kunden KundenNr="14006" KundEigtNr="15146" KundArt="29" KundStatus="1" KundAufDat="2003-03-12"/>
  <Kunden KundenNr="14007" KundEigtNr="15223" KundArt="1" KundStatus="3" KundAufDat="2003-03-12"/>
  <Kunden KundenNr="14008" KundEigtNr="15224" KundArt="29" KundStatus="1" KundAufDat="2003-03-12"/>
  <Kunden KundenNr="14009" KundEigtNr="15225" KundArt="1" KundStatus="3" KundAufDat="2003-03-12"/>
  <Kunden KundenNr="14010" KundEigtNr="15226" KundArt="1" KundStatus="3" KundAufDat="2003-03-12"/>
  <Kunden KundenNr="14011" KundEigtNr="15138" KundArt="1" KundStatus="3" KundAufDat="2003-03-12"/>
  <Kunden KundenNr="14012" KundEigtNr="15227" KundArt="2" KundStatus="1" KundAufDat="2003-03-12"/>
  <Kunden KundenNr="14013" KundEigtNr="14682" KundArt="2" KundStatus="3" KundAufDat="2003-03-12"/>
  <Kunden KundenNr="14014" KundEigtNr="15228" KundArt="1" KundStatus="3" KundAufDat="2003-03-12"/>
  <Kunden KundenNr="14016" KundEigtNr="15230" KundArt="1" KundStatus="1" KundAufDat="2003-03-12"/>
  <Kunden KundenNr="14017" KundEigtNr="15231" KundArt="2" KundStatus="3" KundAufDat="2003-03-12"/>
  <Kunden KundenNr="14018" KundEigtNr="15232" KundArt="8" KundStatus="3" KundAufDat="2003-03-13"/>
  <Kunden KundenNr="14019" KundEigtNr="15233" KundArt="1" KundStatus="3" KundAufDat="2003-03-13"/>
  <Kunden KundenNr="14020" KundEigtNr="15234" KundArt="2" KundStatus="3" KundAufDat="2003-03-13"/>
  <Kunden KundenNr="14021" KundEigtNr="15236" KundArt="2" KundStatus="3" KundAufDat="2003-03-14"/>
  <Kunden KundenNr="14022" KundEigtNr="15237" KundArt="2" KundStatus="3" KundAufDat="2003-03-14"/>
  <Kunden KundenNr="14023" KundEigtNr="15238" KundArt="2" KundStatus="3" KundAufDat="2003-03-14"/>
  <Kunden KundenNr="14024" KundEigtNr="15239" KundArt="2" KundStatus="3" KundAufDat="2003-03-14"/>
  <Kunden KundenNr="14025" KundEigtNr="15240" KundArt="2" KundStatus="3" KundAufDat="2003-03-14"/>
  <Kunden KundenNr="14026" KundEigtNr="15241" KundArt="8" KundStatus="3" KundAufDat="2003-03-14"/>
  <Kunden KundenNr="14027" KundEigtNr="15243" KundArt="2" KundStatus="3" KundAufDat="2003-03-14"/>
  <Kunden KundenNr="14028" KundEigtNr="15244" KundArt="29" KundStatus="1" KundAufDat="2003-03-14"/>
  <Kunden KundenNr="14029" KundEigtNr="15245" KundArt="8" KundStatus="3" KundAufDat="2003-03-14"/>
  <Kunden KundenNr="14030" KundEigtNr="15246" KundArt="2" KundStatus="1" KundAufDat="2003-03-14"/>
  <Kunden KundenNr="14031" KundEigtNr="15247" KundArt="1" KundStatus="3" KundAufDat="2003-03-15"/>
  <Kunden KundenNr="14032" KundEigtNr="15248" KundArt="8" KundStatus="3" KundAufDat="2003-03-15"/>
  <Kunden KundenNr="14033" KundEigtNr="15249" KundArt="8" KundStatus="3" KundAufDat="2003-03-15"/>
  <Kunden KundenNr="14034" KundEigtNr="12351" KundArt="8" KundStatus="3" KundAufDat="2003-03-17"/>
  <Kunden KundenNr="14035" KundEigtNr="14077" KundArt="2" KundStatus="3" KundAufDat="2003-03-17"/>
  <Kunden KundenNr="14036" KundEigtNr="15250" KundArt="2" KundStatus="3" KundAufDat="2003-03-17"/>
  <Kunden KundenNr="14037" KundEigtNr="15251" KundArt="8" KundStatus="3" KundAufDat="2003-03-17"/>
  <Kunden KundenNr="14038" KundEigtNr="15252" KundArt="2" KundStatus="3" KundAufDat="2003-03-17"/>
  <Kunden KundenNr="14039" KundEigtNr="15253" KundArt="2" KundStatus="3" KundAufDat="2003-03-17"/>
  <Kunden KundenNr="14040" KundEigtNr="15254" KundArt="2" KundStatus="3" KundAufDat="2003-03-17"/>
  <Kunden KundenNr="14041" KundEigtNr="15255" KundArt="8" KundStatus="3" KundAufDat="2003-03-17"/>
  <Kunden KundenNr="14042" KundEigtNr="15256" KundArt="8" KundStatus="3" KundAufDat="2003-03-17"/>
  <Kunden KundenNr="14043" KundEigtNr="15257" KundArt="2" KundStatus="3" KundAufDat="2003-03-17"/>
  <Kunden KundenNr="14044" KundEigtNr="15258" KundArt="8" KundStatus="3" KundAufDat="2003-03-17"/>
  <Kunden KundenNr="14045" KundEigtNr="15259" KundArt="1" KundStatus="1" KundAufDat="2003-03-17"/>
  <Kunden KundenNr="14046" KundEigtNr="15263" KundArt="2" KundStatus="3" KundAufDat="2003-03-17"/>
  <Kunden KundenNr="14047" KundEigtNr="14756" KundArt="1" KundStatus="3" KundAufDat="2003-03-17"/>
  <Kunden KundenNr="14048" KundEigtNr="15265" KundArt="2" KundStatus="3" KundAufDat="2003-03-17"/>
  <Kunden KundenNr="14049" KundEigtNr="15267" KundArt="8" KundStatus="3" KundAufDat="2003-03-17"/>
  <Kunden KundenNr="14050" KundEigtNr="15268" KundArt="8" KundStatus="3" KundAufDat="2003-03-17"/>
  <Kunden KundenNr="14051" KundEigtNr="15270" KundArt="8" KundStatus="3" KundAufDat="2003-03-17"/>
  <Kunden KundenNr="14052" KundEigtNr="15273" KundArt="8" KundStatus="3" KundAufDat="2003-03-17"/>
  <Kunden KundenNr="14053" KundEigtNr="15277" KundArt="8" KundStatus="3" KundAufDat="2003-03-17"/>
  <Kunden KundenNr="14054" KundEigtNr="15278" KundArt="8" KundStatus="3" KundAufDat="2003-03-17"/>
  <Kunden KundenNr="14055" KundEigtNr="15279" KundArt="8" KundStatus="3" KundAufDat="2003-03-17"/>
  <Kunden KundenNr="14056" KundEigtNr="15280" KundArt="1" KundStatus="3" KundAufDat="2003-03-17"/>
  <Kunden KundenNr="14057" KundEigtNr="15281" KundArt="2" KundStatus="3" KundAufDat="2003-03-17"/>
  <Kunden KundenNr="14058" KundEigtNr="15282" KundArt="8" KundStatus="3" KundAufDat="2003-03-18"/>
  <Kunden KundenNr="14059" KundEigtNr="15283" KundArt="2" KundStatus="3" KundAufDat="2003-03-18"/>
  <Kunden KundenNr="14060" KundEigtNr="15284" KundArt="8" KundStatus="3" KundAufDat="2003-03-18"/>
  <Kunden KundenNr="14061" KundEigtNr="15285" KundArt="2" KundStatus="3" KundAufDat="2003-03-18"/>
  <Kunden KundenNr="14062" KundEigtNr="15286" KundArt="1" KundStatus="3" KundAufDat="2003-03-18"/>
  <Kunden KundenNr="14063" KundEigtNr="15286" KundArt="8" KundStatus="3" KundAufDat="2003-03-18"/>
  <Kunden KundenNr="14064" KundEigtNr="15287" KundArt="8" KundStatus="3" KundAufDat="2003-03-18"/>
  <Kunden KundenNr="14065" KundEigtNr="15288" KundArt="8" KundStatus="3" KundAufDat="2003-03-18"/>
  <Kunden KundenNr="14066" KundEigtNr="15289" KundArt="1" KundStatus="3" KundAufDat="2003-03-18"/>
  <Kunden KundenNr="14067" KundEigtNr="15290" KundArt="8" KundStatus="3" KundAufDat="2003-03-18"/>
  <Kunden KundenNr="14068" KundEigtNr="15291" KundArt="2" KundStatus="3" KundAufDat="2003-03-18"/>
  <Kunden KundenNr="14069" KundEigtNr="15292" KundArt="8" KundStatus="3" KundAufDat="2003-03-18"/>
  <Kunden KundenNr="14070" KundEigtNr="15198" KundArt="8" KundStatus="3" KundAufDat="2003-03-19"/>
  <Kunden KundenNr="14071" KundEigtNr="15155" KundArt="8" KundStatus="3" KundAufDat="2003-03-19"/>
  <Kunden KundenNr="14072" KundEigtNr="15293" KundArt="8" KundStatus="3" KundAufDat="2003-03-19"/>
  <Kunden KundenNr="14073" KundEigtNr="15294" KundArt="29" KundStatus="3" KundAufDat="2003-03-19"/>
  <Kunden KundenNr="14074" KundEigtNr="15295" KundArt="1" KundStatus="3" KundAufDat="2003-03-19"/>
  <Kunden KundenNr="14075" KundEigtNr="15296" KundArt="1" KundStatus="3" KundAufDat="2003-03-19"/>
  <Kunden KundenNr="14076" KundEigtNr="15064" KundArt="29" KundStatus="1" KundAufDat="2003-03-19"/>
  <Kunden KundenNr="14077" KundEigtNr="14996" KundArt="2" KundStatus="3" KundAufDat="2003-03-20"/>
  <Kunden KundenNr="14078" KundEigtNr="15297" KundArt="2" KundStatus="3" KundAufDat="2003-03-20"/>
  <Kunden KundenNr="14079" KundEigtNr="5612" KundArt="29" KundStatus="1" KundAufDat="2003-03-20"/>
  <Kunden KundenNr="14080" KundEigtNr="15185" KundArt="29" KundStatus="1" KundAufDat="2003-03-20"/>
  <Kunden KundenNr="14081" KundEigtNr="15298" KundArt="2" KundStatus="3" KundAufDat="2003-03-20"/>
  <Kunden KundenNr="14082" KundEigtNr="15299" KundArt="8" KundStatus="3" KundAufDat="2003-03-21"/>
  <Kunden KundenNr="14083" KundEigtNr="15300" KundArt="1" KundStatus="3" KundAufDat="2003-03-21"/>
  <Kunden KundenNr="14084" KundEigtNr="15301" KundArt="8" KundStatus="3" KundAufDat="2003-03-21"/>
  <Kunden KundenNr="14085" KundEigtNr="15302" KundArt="8" KundStatus="3" KundAufDat="2003-03-21"/>
  <Kunden KundenNr="14086" KundEigtNr="15303" KundArt="2" KundStatus="1" KundAufDat="2003-03-21"/>
  <Kunden KundenNr="14087" KundEigtNr="15304" KundArt="2" KundStatus="3" KundAufDat="2003-03-22"/>
  <Kunden KundenNr="14088" KundEigtNr="15305" KundArt="2" KundStatus="3" KundAufDat="2003-03-24"/>
  <Kunden KundenNr="14089" KundEigtNr="15306" KundArt="2" KundStatus="3" KundAufDat="2003-03-24"/>
  <Kunden KundenNr="14090" KundEigtNr="15307" KundArt="2" KundStatus="3" KundAufDat="2003-03-24"/>
  <Kunden KundenNr="14091" KundEigtNr="15308" KundArt="2" KundStatus="3" KundAufDat="2003-03-24"/>
  <Kunden KundenNr="14092" KundEigtNr="15309" KundArt="2" KundStatus="3" KundAufDat="2003-03-24"/>
  <Kunden KundenNr="14093" KundEigtNr="15310" KundArt="2" KundStatus="3" KundAufDat="2003-03-24"/>
  <Kunden KundenNr="14094" KundEigtNr="15311" KundArt="2" KundStatus="3" KundAufDat="2003-03-24"/>
  <Kunden KundenNr="14095" KundEigtNr="15312" KundArt="2" KundStatus="3" KundAufDat="2003-03-24"/>
  <Kunden KundenNr="14096" KundEigtNr="12315" KundArt="2" KundStatus="3" KundAufDat="2003-03-24"/>
  <Kunden KundenNr="14097" KundEigtNr="15313" KundArt="8" KundStatus="3" KundAufDat="2003-03-24"/>
  <Kunden KundenNr="14098" KundEigtNr="15314" KundArt="8" KundStatus="3" KundAufDat="2003-03-24"/>
  <Kunden KundenNr="14099" KundEigtNr="15315" KundArt="8" KundStatus="3" KundAufDat="2003-03-24"/>
  <Kunden KundenNr="14100" KundEigtNr="15316" KundArt="8" KundStatus="3" KundAufDat="2003-03-24"/>
  <Kunden KundenNr="14101" KundEigtNr="15317" KundArt="8" KundStatus="3" KundAufDat="2003-03-24"/>
  <Kunden KundenNr="14102" KundEigtNr="15318" KundArt="2" KundStatus="3" KundAufDat="2003-03-24"/>
  <Kunden KundenNr="14103" KundEigtNr="15319" KundArt="2" KundStatus="3" KundAufDat="2003-03-24"/>
  <Kunden KundenNr="14104" KundEigtNr="15320" KundArt="2" KundStatus="3" KundAufDat="2003-03-24"/>
  <Kunden KundenNr="14105" KundEigtNr="15321" KundArt="2" KundStatus="3" KundAufDat="2003-03-24"/>
  <Kunden KundenNr="14106" KundEigtNr="15322" KundArt="8" KundStatus="3" KundAufDat="2003-03-24"/>
  <Kunden KundenNr="14107" KundEigtNr="15323" KundArt="8" KundStatus="3" KundAufDat="2003-03-24"/>
  <Kunden KundenNr="14108" KundEigtNr="15324" KundArt="8" KundStatus="3" KundAufDat="2003-03-24"/>
  <Kunden KundenNr="14109" KundEigtNr="6476" KundArt="8" KundStatus="3" KundAufDat="2003-03-24"/>
  <Kunden KundenNr="14110" KundEigtNr="15325" KundArt="8" KundStatus="3" KundAufDat="2003-03-24"/>
  <Kunden KundenNr="14111" KundEigtNr="13925" KundArt="8" KundStatus="3" KundAufDat="2003-03-24"/>
  <Kunden KundenNr="14112" KundEigtNr="15326" KundArt="2" KundStatus="3" KundAufDat="2003-03-24"/>
  <Kunden KundenNr="14113" KundEigtNr="15327" KundArt="2" KundStatus="3" KundAufDat="2003-03-24"/>
  <Kunden KundenNr="14114" KundEigtNr="15328" KundArt="8" KundStatus="3" KundAufDat="2003-03-24"/>
  <Kunden KundenNr="14115" KundEigtNr="15329" KundArt="2" KundStatus="3" KundAufDat="2003-03-24"/>
  <Kunden KundenNr="14116" KundEigtNr="15330" KundArt="2" KundStatus="3" KundAufDat="2003-03-24"/>
  <Kunden KundenNr="14117" KundEigtNr="15331" KundArt="2" KundStatus="3" KundAufDat="2003-03-24"/>
  <Kunden KundenNr="14118" KundEigtNr="15334" KundArt="8" KundStatus="3" KundAufDat="2003-03-24"/>
  <Kunden KundenNr="14119" KundEigtNr="15335" KundArt="8" KundStatus="3" KundAufDat="2003-03-24"/>
  <Kunden KundenNr="14120" KundEigtNr="15336" KundArt="2" KundStatus="3" KundAufDat="2003-03-24"/>
  <Kunden KundenNr="14121" KundEigtNr="15337" KundArt="2" KundStatus="3" KundAufDat="2003-03-24"/>
  <Kunden KundenNr="14122" KundEigtNr="15338" KundArt="29" KundStatus="1" KundAufDat="2003-03-24"/>
  <Kunden KundenNr="14123" KundEigtNr="15339" KundArt="29" KundStatus="1" KundAufDat="2003-03-24"/>
  <Kunden KundenNr="14124" KundEigtNr="12411" KundArt="29" KundStatus="1" KundAufDat="2003-03-24"/>
  <Kunden KundenNr="14125" KundEigtNr="15340" KundArt="29" KundStatus="1" KundAufDat="2003-03-24"/>
  <Kunden KundenNr="14126" KundEigtNr="15341" KundArt="2" KundStatus="3" KundAufDat="2003-03-25"/>
  <Kunden KundenNr="14127" KundEigtNr="15342" KundArt="2" KundStatus="3" KundAufDat="2003-03-25"/>
  <Kunden KundenNr="14128" KundEigtNr="15324" KundArt="2" KundStatus="1" KundAufDat="2003-03-25"/>
  <Kunden KundenNr="14129" KundEigtNr="15343" KundArt="8" KundStatus="3" KundAufDat="2003-03-25"/>
  <Kunden KundenNr="14130" KundEigtNr="14207" KundArt="2" KundStatus="3" KundAufDat="2003-03-25"/>
  <Kunden KundenNr="14131" KundEigtNr="15344" KundArt="2" KundStatus="3" KundAufDat="2003-03-25"/>
  <Kunden KundenNr="14132" KundEigtNr="15343" KundArt="2" KundStatus="3" KundAufDat="2003-03-25"/>
  <Kunden KundenNr="14133" KundEigtNr="15345" KundArt="8" KundStatus="3" KundAufDat="2003-03-25"/>
  <Kunden KundenNr="14134" KundEigtNr="15346" KundArt="8" KundStatus="3" KundAufDat="2003-03-25"/>
  <Kunden KundenNr="14135" KundEigtNr="15347" KundArt="8" KundStatus="3" KundAufDat="2003-03-25"/>
  <Kunden KundenNr="14136" KundEigtNr="15348" KundArt="2" KundStatus="3" KundAufDat="2003-03-25"/>
  <Kunden KundenNr="14137" KundEigtNr="15349" KundArt="29" KundStatus="1" KundAufDat="2003-03-25"/>
  <Kunden KundenNr="14138" KundEigtNr="15350" KundArt="8" KundStatus="3" KundAufDat="2003-03-25"/>
  <Kunden KundenNr="14139" KundEigtNr="15351" KundArt="2" KundStatus="3" KundAufDat="2003-03-25"/>
  <Kunden KundenNr="14140" KundEigtNr="15352" KundArt="8" KundStatus="3" KundAufDat="2003-03-25"/>
  <Kunden KundenNr="14141" KundEigtNr="15353" KundArt="2" KundStatus="3" KundAufDat="2003-03-25"/>
  <Kunden KundenNr="14143" KundEigtNr="15355" KundArt="2" KundStatus="3" KundAufDat="2003-03-26"/>
  <Kunden KundenNr="14144" KundEigtNr="15356" KundArt="2" KundStatus="3" KundAufDat="2003-03-26"/>
  <Kunden KundenNr="14145" KundEigtNr="15147" KundArt="29" KundStatus="1" KundAufDat="2003-03-26"/>
  <Kunden KundenNr="14146" KundEigtNr="15357" KundArt="29" KundStatus="1" KundAufDat="2003-03-26"/>
  <Kunden KundenNr="14147" KundEigtNr="15358" KundArt="8" KundStatus="3" KundAufDat="2003-03-26"/>
  <Kunden KundenNr="14148" KundEigtNr="15359" KundArt="8" KundStatus="3" KundAufDat="2003-03-26"/>
  <Kunden KundenNr="14149" KundEigtNr="15360" KundArt="2" KundStatus="3" KundAufDat="2003-03-26"/>
  <Kunden KundenNr="14150" KundEigtNr="15361" KundArt="8" KundStatus="3" KundAufDat="2003-03-26"/>
  <Kunden KundenNr="14151" KundEigtNr="15362" KundArt="29" KundStatus="1" KundAufDat="2003-03-26"/>
  <Kunden KundenNr="14152" KundEigtNr="15363" KundArt="8" KundStatus="1" KundAufDat="2003-03-26"/>
  <Kunden KundenNr="14153" KundEigtNr="15364" KundArt="2" KundStatus="3" KundAufDat="2003-03-26"/>
  <Kunden KundenNr="14154" KundEigtNr="15365" KundArt="2" KundStatus="3" KundAufDat="2003-03-26"/>
  <Kunden KundenNr="14155" KundEigtNr="15366" KundArt="2" KundStatus="3" KundAufDat="2003-03-26"/>
  <Kunden KundenNr="14156" KundEigtNr="15367" KundArt="2" KundStatus="3" KundAufDat="2003-03-26"/>
  <Kunden KundenNr="14157" KundEigtNr="15368" KundArt="1" KundStatus="3" KundAufDat="2003-03-26"/>
  <Kunden KundenNr="14158" KundEigtNr="15375" KundArt="1" KundStatus="3" KundAufDat="2003-03-27"/>
  <Kunden KundenNr="14159" KundEigtNr="15376" KundArt="1" KundStatus="1" KundAufDat="2003-03-27"/>
  <Kunden KundenNr="14160" KundEigtNr="15377" KundArt="2" KundStatus="3" KundAufDat="2003-03-27"/>
  <Kunden KundenNr="14161" KundEigtNr="15378" KundArt="2" KundStatus="3" KundAufDat="2003-03-27"/>
  <Kunden KundenNr="14162" KundEigtNr="15296" KundArt="2" KundStatus="3" KundAufDat="2003-03-27"/>
  <Kunden KundenNr="14163" KundEigtNr="15379" KundArt="2" KundStatus="3" KundAufDat="2003-03-27"/>
  <Kunden KundenNr="14164" KundEigtNr="15380" KundArt="29" KundStatus="1" KundAufDat="2003-03-27"/>
  <Kunden KundenNr="14165" KundEigtNr="15264" KundArt="29" KundStatus="1" KundAufDat="2003-03-27"/>
  <Kunden KundenNr="14166" KundEigtNr="15381" KundArt="8" KundStatus="3" KundAufDat="2003-03-27"/>
  <Kunden KundenNr="14167" KundEigtNr="15271" KundArt="2" KundStatus="3" KundAufDat="2003-03-28"/>
  <Kunden KundenNr="14168" KundEigtNr="15382" KundArt="2" KundStatus="3" KundAufDat="2003-03-28"/>
  <Kunden KundenNr="14169" KundEigtNr="15383" KundArt="8" KundStatus="3" KundAufDat="2003-03-28"/>
  <Kunden KundenNr="14170" KundEigtNr="15386" KundArt="8" KundStatus="3" KundAufDat="2003-03-28"/>
  <Kunden KundenNr="14171" KundEigtNr="15387" KundArt="8" KundStatus="3" KundAufDat="2003-03-28"/>
  <Kunden KundenNr="14172" KundEigtNr="15388" KundArt="2" KundStatus="1" KundAufDat="2003-03-28"/>
  <Kunden KundenNr="14173" KundEigtNr="15389" KundArt="2" KundStatus="3" KundAufDat="2003-03-28"/>
  <Kunden KundenNr="14174" KundEigtNr="15390" KundArt="2" KundStatus="3" KundAufDat="2003-03-28"/>
  <Kunden KundenNr="14175" KundEigtNr="15391" KundArt="8" KundStatus="3" KundAufDat="2003-03-28"/>
  <Kunden KundenNr="14176" KundEigtNr="15392" KundArt="2" KundStatus="3" KundAufDat="2003-03-28"/>
  <Kunden KundenNr="14177" KundEigtNr="15393" KundArt="2" KundStatus="3" KundAufDat="2003-03-28"/>
  <Kunden KundenNr="14178" KundEigtNr="15394" KundArt="2" KundStatus="3" KundAufDat="2003-03-28"/>
  <Kunden KundenNr="14179" KundEigtNr="15395" KundArt="8" KundStatus="3" KundAufDat="2003-03-28"/>
  <Kunden KundenNr="14180" KundEigtNr="15396" KundArt="2" KundStatus="3" KundAufDat="2003-03-29"/>
  <Kunden KundenNr="14181" KundEigtNr="15397" KundArt="2" KundStatus="3" KundAufDat="2003-03-29"/>
  <Kunden KundenNr="14182" KundEigtNr="15398" KundArt="8" KundStatus="3" KundAufDat="2003-03-29"/>
  <Kunden KundenNr="14183" KundEigtNr="15399" KundArt="8" KundStatus="3" KundAufDat="2003-03-29"/>
  <Kunden KundenNr="14184" KundEigtNr="15401" KundArt="2" KundStatus="3" KundAufDat="2003-03-31"/>
  <Kunden KundenNr="14185" KundEigtNr="15402" KundArt="8" KundStatus="3" KundAufDat="2003-03-31"/>
  <Kunden KundenNr="14186" KundEigtNr="15403" KundArt="8" KundStatus="3" KundAufDat="2003-03-31"/>
  <Kunden KundenNr="14187" KundEigtNr="15404" KundArt="2" KundStatus="3" KundAufDat="2003-03-31"/>
  <Kunden KundenNr="14188" KundEigtNr="15405" KundArt="1" KundStatus="1" KundAufDat="2003-03-31"/>
  <Kunden KundenNr="14189" KundEigtNr="15406" KundArt="2" KundStatus="3" KundAufDat="2003-03-31"/>
  <Kunden KundenNr="14190" KundEigtNr="15407" KundArt="8" KundStatus="3" KundAufDat="2003-03-31"/>
  <Kunden KundenNr="14191" KundEigtNr="15409" KundArt="8" KundStatus="3" KundAufDat="2003-03-31"/>
  <Kunden KundenNr="14192" KundEigtNr="15410" KundArt="8" KundStatus="3" KundAufDat="2003-03-31"/>
  <Kunden KundenNr="14193" KundEigtNr="15411" KundArt="2" KundStatus="3" KundAufDat="2003-03-31"/>
  <Kunden KundenNr="14194" KundEigtNr="15412" KundArt="8" KundStatus="3" KundAufDat="2003-03-31"/>
  <Kunden KundenNr="14195" KundEigtNr="15413" KundArt="2" KundStatus="3" KundAufDat="2003-03-31"/>
  <Kunden KundenNr="14196" KundEigtNr="15414" KundArt="2" KundStatus="3" KundAufDat="2003-03-31"/>
  <Kunden KundenNr="14197" KundEigtNr="15415" KundArt="2" KundStatus="3" KundAufDat="2003-03-31"/>
  <Kunden KundenNr="14198" KundEigtNr="14503" KundArt="2" KundStatus="3" KundAufDat="2003-03-31"/>
  <Kunden KundenNr="14199" KundEigtNr="15420" KundArt="2" KundStatus="3" KundAufDat="2003-04-01"/>
  <Kunden KundenNr="14200" KundEigtNr="15421" KundArt="2" KundStatus="3" KundAufDat="2003-04-01"/>
  <Kunden KundenNr="14201" KundEigtNr="15422" KundArt="2" KundStatus="1" KundAufDat="2003-04-01"/>
  <Kunden KundenNr="14202" KundEigtNr="15423" KundArt="8" KundStatus="3" KundAufDat="2003-04-01"/>
  <Kunden KundenNr="14203" KundEigtNr="15424" KundArt="8" KundStatus="3" KundAufDat="2003-04-01"/>
  <Kunden KundenNr="14204" KundEigtNr="15388" KundArt="8" KundStatus="3" KundAufDat="2003-04-01"/>
  <Kunden KundenNr="14205" KundEigtNr="15425" KundArt="8" KundStatus="3" KundAufDat="2003-04-01"/>
  <Kunden KundenNr="14206" KundEigtNr="15426" KundArt="8" KundStatus="3" KundAufDat="2003-04-01"/>
  <Kunden KundenNr="14207" KundEigtNr="15427" KundArt="2" KundStatus="3" KundAufDat="2003-04-01"/>
  <Kunden KundenNr="14208" KundEigtNr="15428" KundArt="1" KundStatus="1" KundAufDat="2003-04-01"/>
  <Kunden KundenNr="14209" KundEigtNr="15429" KundArt="1" KundStatus="1" KundAufDat="2003-04-01"/>
  <Kunden KundenNr="14210" KundEigtNr="15430" KundArt="2" KundStatus="3" KundAufDat="2003-04-01"/>
  <Kunden KundenNr="14211" KundEigtNr="15431" KundArt="2" KundStatus="3" KundAufDat="2003-04-01"/>
  <Kunden KundenNr="14212" KundEigtNr="15432" KundArt="2" KundStatus="3" KundAufDat="2003-04-01"/>
  <Kunden KundenNr="14213" KundEigtNr="15433" KundArt="2" KundStatus="3" KundAufDat="2003-04-01"/>
  <Kunden KundenNr="14215" KundEigtNr="15435" KundArt="1" KundStatus="3" KundAufDat="2003-04-01"/>
  <Kunden KundenNr="14216" KundEigtNr="15049" KundArt="29" KundStatus="1" KundAufDat="2003-04-02"/>
  <Kunden KundenNr="14217" KundEigtNr="15442" KundArt="2" KundStatus="1" KundAufDat="2003-04-02"/>
  <Kunden KundenNr="14218" KundEigtNr="15443" KundArt="8" KundStatus="3" KundAufDat="2003-04-02"/>
  <Kunden KundenNr="14219" KundEigtNr="15444" KundArt="8" KundStatus="3" KundAufDat="2003-04-02"/>
  <Kunden KundenNr="14220" KundEigtNr="14661" KundArt="8" KundStatus="3" KundAufDat="2003-04-02"/>
  <Kunden KundenNr="14221" KundEigtNr="15445" KundArt="2" KundStatus="3" KundAufDat="2003-04-02"/>
  <Kunden KundenNr="14222" KundEigtNr="15446" KundArt="8" KundStatus="3" KundAufDat="2003-04-02"/>
  <Kunden KundenNr="14223" KundEigtNr="15447" KundArt="1" KundStatus="3" KundAufDat="2003-04-02"/>
  <Kunden KundenNr="14224" KundEigtNr="15452" KundArt="8" KundStatus="3" KundAufDat="2003-04-02"/>
  <Kunden KundenNr="14225" KundEigtNr="15453" KundArt="2" KundStatus="3" KundAufDat="2003-04-03"/>
  <Kunden KundenNr="14226" KundEigtNr="15454" KundArt="8" KundStatus="3" KundAufDat="2003-04-03"/>
  <Kunden KundenNr="14227" KundEigtNr="15455" KundArt="1" KundStatus="3" KundAufDat="2003-04-04"/>
  <Kunden KundenNr="14228" KundEigtNr="15457" KundArt="29" KundStatus="1" KundAufDat="2003-04-04"/>
  <Kunden KundenNr="14229" KundEigtNr="15458" KundArt="8" KundStatus="3" KundAufDat="2003-04-04"/>
  <Kunden KundenNr="14230" KundEigtNr="14852" KundArt="29" KundStatus="1" KundAufDat="2003-04-04"/>
  <Kunden KundenNr="14231" KundEigtNr="15459" KundArt="8" KundStatus="3" KundAufDat="2003-04-04"/>
  <Kunden KundenNr="14232" KundEigtNr="15460" KundArt="2" KundStatus="3" KundAufDat="2003-04-04"/>
  <Kunden KundenNr="14233" KundEigtNr="15463" KundArt="8" KundStatus="3" KundAufDat="2003-04-07"/>
  <Kunden KundenNr="14234" KundEigtNr="15465" KundArt="8" KundStatus="1" KundAufDat="2003-04-07"/>
  <Kunden KundenNr="14235" KundEigtNr="15466" KundArt="2" KundStatus="3" KundAufDat="2003-04-07"/>
  <Kunden KundenNr="14236" KundEigtNr="15467" KundArt="2" KundStatus="1" KundAufDat="2003-04-07"/>
  <Kunden KundenNr="14237" KundEigtNr="15468" KundArt="2" KundStatus="3" KundAufDat="2003-04-07"/>
  <Kunden KundenNr="14238" KundEigtNr="15469" KundArt="8" KundStatus="3" KundAufDat="2003-04-07"/>
  <Kunden KundenNr="14239" KundEigtNr="15470" KundArt="8" KundStatus="3" KundAufDat="2003-04-07"/>
  <Kunden KundenNr="14240" KundEigtNr="15471" KundArt="1" KundStatus="1" KundAufDat="2003-04-07"/>
  <Kunden KundenNr="14241" KundEigtNr="15472" KundArt="1" KundStatus="3" KundAufDat="2003-04-07"/>
  <Kunden KundenNr="14242" KundEigtNr="15473" KundArt="8" KundStatus="3" KundAufDat="2003-04-07"/>
  <Kunden KundenNr="14243" KundEigtNr="15474" KundArt="29" KundStatus="1" KundAufDat="2003-04-07"/>
  <Kunden KundenNr="14244" KundEigtNr="15436" KundArt="29" KundStatus="1" KundAufDat="2003-04-07"/>
  <Kunden KundenNr="14245" KundEigtNr="15475" KundArt="8" KundStatus="3" KundAufDat="2003-04-07"/>
  <Kunden KundenNr="14246" KundEigtNr="15476" KundArt="8" KundStatus="3" KundAufDat="2003-04-07"/>
  <Kunden KundenNr="14247" KundEigtNr="15477" KundArt="8" KundStatus="3" KundAufDat="2003-04-07"/>
  <Kunden KundenNr="14248" KundEigtNr="15478" KundArt="8" KundStatus="3" KundAufDat="2003-04-07"/>
  <Kunden KundenNr="14249" KundEigtNr="15492" KundArt="8" KundStatus="3" KundAufDat="2003-04-08"/>
  <Kunden KundenNr="14250" KundEigtNr="15493" KundArt="8" KundStatus="3" KundAufDat="2003-04-08"/>
  <Kunden KundenNr="14251" KundEigtNr="14724" KundArt="29" KundStatus="1" KundAufDat="2003-04-08"/>
  <Kunden KundenNr="14252" KundEigtNr="15495" KundArt="2" KundStatus="3" KundAufDat="2003-04-08"/>
  <Kunden KundenNr="14253" KundEigtNr="15496" KundArt="8" KundStatus="3" KundAufDat="2003-04-08"/>
  <Kunden KundenNr="14254" KundEigtNr="15497" KundArt="29" KundStatus="1" KundAufDat="2003-04-08"/>
  <Kunden KundenNr="14255" KundEigtNr="15498" KundArt="29" KundStatus="1" KundAufDat="2003-04-08"/>
  <Kunden KundenNr="14256" KundEigtNr="15499" KundArt="8" KundStatus="3" KundAufDat="2003-04-08"/>
  <Kunden KundenNr="14257" KundEigtNr="15500" KundArt="2" KundStatus="1" KundAufDat="2003-04-08"/>
  <Kunden KundenNr="14258" KundEigtNr="15501" KundArt="8" KundStatus="3" KundAufDat="2003-04-08"/>
  <Kunden KundenNr="14259" KundEigtNr="15374" KundArt="29" KundStatus="1" KundAufDat="2003-04-09"/>
  <Kunden KundenNr="14260" KundEigtNr="15505" KundArt="1" KundStatus="3" KundAufDat="2003-04-09"/>
  <Kunden KundenNr="14261" KundEigtNr="15506" KundArt="8" KundStatus="1" KundAufDat="2003-04-09"/>
  <Kunden KundenNr="14262" KundEigtNr="15507" KundArt="2" KundStatus="3" KundAufDat="2003-04-09"/>
  <Kunden KundenNr="14263" KundEigtNr="15508" KundArt="29" KundStatus="1" KundAufDat="2003-04-09"/>
  <Kunden KundenNr="14264" KundEigtNr="15509" KundArt="8" KundStatus="3" KundAufDat="2003-04-09"/>
  <Kunden KundenNr="14265" KundEigtNr="15510" KundArt="8" KundStatus="3" KundAufDat="2003-04-09"/>
  <Kunden KundenNr="14266" KundEigtNr="15511" KundArt="8" KundStatus="3" KundAufDat="2003-04-09"/>
  <Kunden KundenNr="14267" KundEigtNr="15512" KundArt="8" KundStatus="3" KundAufDat="2003-04-09"/>
  <Kunden KundenNr="14268" KundEigtNr="15513" KundArt="8" KundStatus="3" KundAufDat="2003-04-09"/>
  <Kunden KundenNr="14269" KundEigtNr="15514" KundArt="8" KundStatus="3" KundAufDat="2003-04-09"/>
  <Kunden KundenNr="14270" KundEigtNr="15515" KundArt="8" KundStatus="3" KundAufDat="2003-04-10"/>
  <Kunden KundenNr="14271" KundEigtNr="15516" KundArt="8" KundStatus="3" KundAufDat="2003-04-10"/>
  <Kunden KundenNr="14272" KundEigtNr="15517" KundArt="8" KundStatus="3" KundAufDat="2003-04-10"/>
  <Kunden KundenNr="14273" KundEigtNr="15518" KundArt="8" KundStatus="3" KundAufDat="2003-04-10"/>
  <Kunden KundenNr="14274" KundEigtNr="15519" KundArt="8" KundStatus="3" KundAufDat="2003-04-10"/>
  <Kunden KundenNr="14275" KundEigtNr="15520" KundArt="8" KundStatus="3" KundAufDat="2003-04-10"/>
  <Kunden KundenNr="14276" KundEigtNr="15521" KundArt="8" KundStatus="3" KundAufDat="2003-04-10"/>
  <Kunden KundenNr="14277" KundEigtNr="15522" KundArt="8" KundStatus="3" KundAufDat="2003-04-10"/>
  <Kunden KundenNr="14278" KundEigtNr="15523" KundArt="8" KundStatus="3" KundAufDat="2003-04-10"/>
  <Kunden KundenNr="14279" KundEigtNr="15524" KundArt="8" KundStatus="3" KundAufDat="2003-04-10"/>
  <Kunden KundenNr="14280" KundEigtNr="15525" KundArt="8" KundStatus="3" KundAufDat="2003-04-10"/>
  <Kunden KundenNr="14281" KundEigtNr="15526" KundArt="8" KundStatus="3" KundAufDat="2003-04-10"/>
  <Kunden KundenNr="14282" KundEigtNr="15527" KundArt="1" KundStatus="1" KundAufDat="2003-04-10"/>
  <Kunden KundenNr="14283" KundEigtNr="15528" KundArt="2" KundStatus="3" KundAufDat="2003-04-10"/>
  <Kunden KundenNr="14284" KundEigtNr="15451" KundArt="29" KundStatus="1" KundAufDat="2003-04-10"/>
  <Kunden KundenNr="14285" KundEigtNr="15529" KundArt="8" KundStatus="3" KundAufDat="2003-04-10"/>
  <Kunden KundenNr="14286" KundEigtNr="15530" KundArt="8" KundStatus="3" KundAufDat="2003-04-11"/>
  <Kunden KundenNr="14287" KundEigtNr="15531" KundArt="2" KundStatus="3" KundAufDat="2003-04-11"/>
  <Kunden KundenNr="14288" KundEigtNr="15532" KundArt="8" KundStatus="3" KundAufDat="2003-04-11"/>
  <Kunden KundenNr="14289" KundEigtNr="15533" KundArt="1" KundStatus="3" KundAufDat="2003-04-11"/>
  <Kunden KundenNr="14290" KundEigtNr="15538" KundArt="2" KundStatus="3" KundAufDat="2003-04-14"/>
  <Kunden KundenNr="14291" KundEigtNr="15540" KundArt="8" KundStatus="3" KundAufDat="2003-04-14"/>
  <Kunden KundenNr="14292" KundEigtNr="15541" KundArt="8" KundStatus="3" KundAufDat="2003-04-14"/>
  <Kunden KundenNr="14293" KundEigtNr="15543" KundArt="8" KundStatus="3" KundAufDat="2003-04-14"/>
  <Kunden KundenNr="14294" KundEigtNr="15544" KundArt="8" KundStatus="3" KundAufDat="2003-04-14"/>
  <Kunden KundenNr="14295" KundEigtNr="15545" KundArt="8" KundStatus="3" KundAufDat="2003-04-14"/>
  <Kunden KundenNr="14296" KundEigtNr="15546" KundArt="2" KundStatus="3" KundAufDat="2003-04-14"/>
  <Kunden KundenNr="14297" KundEigtNr="15547" KundArt="8" KundStatus="3" KundAufDat="2003-04-14"/>
  <Kunden KundenNr="14298" KundEigtNr="15548" KundArt="2" KundStatus="3" KundAufDat="2003-04-14"/>
  <Kunden KundenNr="14299" KundEigtNr="15549" KundArt="1" KundStatus="1" KundAufDat="2003-04-14"/>
  <Kunden KundenNr="14300" KundEigtNr="15550" KundArt="2" KundStatus="3" KundAufDat="2003-04-14"/>
  <Kunden KundenNr="14301" KundEigtNr="15552" KundArt="2" KundStatus="3" KundAufDat="2003-04-14"/>
  <Kunden KundenNr="14302" KundEigtNr="15553" KundArt="8" KundStatus="3" KundAufDat="2003-04-14"/>
  <Kunden KundenNr="14303" KundEigtNr="15554" KundArt="2" KundStatus="3" KundAufDat="2003-04-14"/>
  <Kunden KundenNr="14304" KundEigtNr="15224" KundArt="8" KundStatus="3" KundAufDat="2003-04-14"/>
  <Kunden KundenNr="14305" KundEigtNr="15555" KundArt="8" KundStatus="3" KundAufDat="2003-04-14"/>
  <Kunden KundenNr="14306" KundEigtNr="15556" KundArt="1" KundStatus="3" KundAufDat="2003-04-14"/>
  <Kunden KundenNr="14307" KundEigtNr="15557" KundArt="29" KundStatus="1" KundAufDat="2003-04-14"/>
  <Kunden KundenNr="14308" KundEigtNr="15565" KundArt="1" KundStatus="1" KundAufDat="2003-04-14"/>
  <Kunden KundenNr="14309" KundEigtNr="15566" KundArt="8" KundStatus="3" KundAufDat="2003-04-14"/>
  <Kunden KundenNr="14310" KundEigtNr="15567" KundArt="29" KundStatus="1" KundAufDat="2003-04-15"/>
  <Kunden KundenNr="14311" KundEigtNr="15568" KundArt="8" KundStatus="3" KundAufDat="2003-04-15"/>
  <Kunden KundenNr="14312" KundEigtNr="15569" KundArt="8" KundStatus="3" KundAufDat="2003-04-15"/>
  <Kunden KundenNr="14313" KundEigtNr="15570" KundArt="8" KundStatus="1" KundAufDat="2003-04-15"/>
  <Kunden KundenNr="14314" KundEigtNr="15571" KundArt="1" KundStatus="1" KundAufDat="2003-04-15"/>
  <Kunden KundenNr="14315" KundEigtNr="15572" KundArt="2" KundStatus="3" KundAufDat="2003-04-15"/>
  <Kunden KundenNr="14316" KundEigtNr="15573" KundArt="2" KundStatus="1" KundAufDat="2003-04-15"/>
  <Kunden KundenNr="14317" KundEigtNr="15574" KundArt="2" KundStatus="3" KundAufDat="2003-04-15"/>
  <Kunden KundenNr="14318" KundEigtNr="15575" KundArt="8" KundStatus="3" KundAufDat="2003-04-15"/>
  <Kunden KundenNr="14319" KundEigtNr="15576" KundArt="8" KundStatus="3" KundAufDat="2003-04-15"/>
  <Kunden KundenNr="14320" KundEigtNr="15577" KundArt="8" KundStatus="1" KundAufDat="2003-04-15"/>
  <Kunden KundenNr="14321" KundEigtNr="15578" KundArt="8" KundStatus="3" KundAufDat="2003-04-16"/>
  <Kunden KundenNr="14322" KundEigtNr="15579" KundArt="8" KundStatus="3" KundAufDat="2003-04-16"/>
  <Kunden KundenNr="14323" KundEigtNr="15580" KundArt="29" KundStatus="1" KundAufDat="2003-04-16"/>
  <Kunden KundenNr="14324" KundEigtNr="15581" KundArt="2" KundStatus="3" KundAufDat="2003-04-16"/>
  <Kunden KundenNr="14325" KundEigtNr="15582" KundArt="8" KundStatus="3" KundAufDat="2003-04-16"/>
  <Kunden KundenNr="14326" KundEigtNr="15583" KundArt="8" KundStatus="3" KundAufDat="2003-04-16"/>
  <Kunden KundenNr="14327" KundEigtNr="15584" KundArt="8" KundStatus="3" KundAufDat="2003-04-16"/>
  <Kunden KundenNr="14328" KundEigtNr="15585" KundArt="8" KundStatus="3" KundAufDat="2003-04-16"/>
  <Kunden KundenNr="14329" KundEigtNr="15586" KundArt="8" KundStatus="3" KundAufDat="2003-04-16"/>
  <Kunden KundenNr="14330" KundEigtNr="15587" KundArt="2" KundStatus="3" KundAufDat="2003-04-17"/>
  <Kunden KundenNr="14331" KundEigtNr="15541" KundArt="2" KundStatus="3" KundAufDat="2003-04-17"/>
  <Kunden KundenNr="14332" KundEigtNr="15590" KundArt="2" KundStatus="3" KundAufDat="2003-04-22"/>
  <Kunden KundenNr="14333" KundEigtNr="15591" KundArt="8" KundStatus="3" KundAufDat="2003-04-22"/>
  <Kunden KundenNr="14334" KundEigtNr="15592" KundArt="8" KundStatus="3" KundAufDat="2003-04-22"/>
  <Kunden KundenNr="14335" KundEigtNr="15593" KundArt="8" KundStatus="3" KundAufDat="2003-04-22"/>
  <Kunden KundenNr="14336" KundEigtNr="15594" KundArt="2" KundStatus="3" KundAufDat="2003-04-22"/>
  <Kunden KundenNr="14337" KundEigtNr="15595" KundArt="8" KundStatus="3" KundAufDat="2003-04-22"/>
  <Kunden KundenNr="14338" KundEigtNr="15596" KundArt="8" KundStatus="3" KundAufDat="2003-04-22"/>
  <Kunden KundenNr="14339" KundEigtNr="15597" KundArt="8" KundStatus="3" KundAufDat="2003-04-22"/>
  <Kunden KundenNr="14340" KundEigtNr="15598" KundArt="8" KundStatus="3" KundAufDat="2003-04-22"/>
  <Kunden KundenNr="14341" KundEigtNr="15599" KundArt="8" KundStatus="3" KundAufDat="2003-04-22"/>
  <Kunden KundenNr="14342" KundEigtNr="15600" KundArt="8" KundStatus="3" KundAufDat="2003-04-22"/>
  <Kunden KundenNr="14343" KundEigtNr="15603" KundArt="8" KundStatus="3" KundAufDat="2003-04-22"/>
  <Kunden KundenNr="14344" KundEigtNr="15604" KundArt="8" KundStatus="3" KundAufDat="2003-04-22"/>
  <Kunden KundenNr="14345" KundEigtNr="15605" KundArt="8" KundStatus="3" KundAufDat="2003-04-22"/>
  <Kunden KundenNr="14346" KundEigtNr="15606" KundArt="8" KundStatus="3" KundAufDat="2003-04-22"/>
  <Kunden KundenNr="14347" KundEigtNr="15607" KundArt="29" KundStatus="1" KundAufDat="2003-04-22"/>
  <Kunden KundenNr="14348" KundEigtNr="15608" KundArt="2" KundStatus="1" KundAufDat="2003-04-22"/>
  <Kunden KundenNr="14349" KundEigtNr="15609" KundArt="8" KundStatus="3" KundAufDat="2003-04-22"/>
  <Kunden KundenNr="14350" KundEigtNr="15610" KundArt="29" KundStatus="1" KundAufDat="2003-04-22"/>
  <Kunden KundenNr="14351" KundEigtNr="15611" KundArt="2" KundStatus="3" KundAufDat="2003-04-23"/>
  <Kunden KundenNr="14352" KundEigtNr="15612" KundArt="2" KundStatus="3" KundAufDat="2003-04-23"/>
  <Kunden KundenNr="14353" KundEigtNr="15613" KundArt="2" KundStatus="3" KundAufDat="2003-04-23"/>
  <Kunden KundenNr="14354" KundEigtNr="15614" KundArt="2" KundStatus="3" KundAufDat="2003-04-23"/>
  <Kunden KundenNr="14355" KundEigtNr="15615" KundArt="2" KundStatus="3" KundAufDat="2003-04-23"/>
  <Kunden KundenNr="14356" KundEigtNr="15616" KundArt="2" KundStatus="3" KundAufDat="2003-04-23"/>
  <Kunden KundenNr="14357" KundEigtNr="15617" KundArt="29" KundStatus="1" KundAufDat="2003-04-23"/>
  <Kunden KundenNr="14358" KundEigtNr="15624" KundArt="2" KundStatus="3" KundAufDat="2003-04-24"/>
  <Kunden KundenNr="14359" KundEigtNr="15625" KundArt="8" KundStatus="3" KundAufDat="2003-04-24"/>
  <Kunden KundenNr="14360" KundEigtNr="15019" KundArt="2" KundStatus="3" KundAufDat="2003-04-24"/>
  <Kunden KundenNr="14361" KundEigtNr="15629" KundArt="8" KundStatus="3" KundAufDat="2003-04-24"/>
  <Kunden KundenNr="14362" KundEigtNr="15630" KundArt="2" KundStatus="3" KundAufDat="2003-04-24"/>
  <Kunden KundenNr="14363" KundEigtNr="15631" KundArt="8" KundStatus="3" KundAufDat="2003-04-24"/>
  <Kunden KundenNr="14364" KundEigtNr="15632" KundArt="29" KundStatus="1" KundAufDat="2003-04-25"/>
  <Kunden KundenNr="14365" KundEigtNr="15633" KundArt="8" KundStatus="3" KundAufDat="2003-04-25"/>
  <Kunden KundenNr="14366" KundEigtNr="15634" KundArt="2" KundStatus="3" KundAufDat="2003-04-25"/>
  <Kunden KundenNr="14367" KundEigtNr="15635" KundArt="1" KundStatus="3" KundAufDat="2003-04-25"/>
  <Kunden KundenNr="14368" KundEigtNr="15636" KundArt="8" KundStatus="3" KundAufDat="2003-04-25"/>
  <Kunden KundenNr="14369" KundEigtNr="15637" KundArt="2" KundStatus="3" KundAufDat="2003-04-25"/>
  <Kunden KundenNr="14370" KundEigtNr="15638" KundArt="2" KundStatus="3" KundAufDat="2003-04-25"/>
  <Kunden KundenNr="14371" KundEigtNr="15639" KundArt="2" KundStatus="3" KundAufDat="2003-04-25"/>
  <Kunden KundenNr="14372" KundEigtNr="15640" KundArt="2" KundStatus="1" KundAufDat="2003-04-25"/>
  <Kunden KundenNr="14373" KundEigtNr="15641" KundArt="2" KundStatus="3" KundAufDat="2003-04-27"/>
  <Kunden KundenNr="14374" KundEigtNr="15642" KundArt="2" KundStatus="3" KundAufDat="2003-04-28"/>
  <Kunden KundenNr="14375" KundEigtNr="15643" KundArt="2" KundStatus="3" KundAufDat="2003-04-28"/>
  <Kunden KundenNr="14376" KundEigtNr="15644" KundArt="2" KundStatus="3" KundAufDat="2003-04-28"/>
  <Kunden KundenNr="14377" KundEigtNr="15645" KundArt="2" KundStatus="3" KundAufDat="2003-04-28"/>
  <Kunden KundenNr="14378" KundEigtNr="15646" KundArt="8" KundStatus="3" KundAufDat="2003-04-28"/>
  <Kunden KundenNr="14379" KundEigtNr="15647" KundArt="2" KundStatus="3" KundAufDat="2003-04-28"/>
  <Kunden KundenNr="14380" KundEigtNr="15648" KundArt="1" KundStatus="3" KundAufDat="2003-04-28"/>
  <Kunden KundenNr="14381" KundEigtNr="15649" KundArt="2" KundStatus="3" KundAufDat="2003-04-28"/>
  <Kunden KundenNr="14382" KundEigtNr="15650" KundArt="2" KundStatus="3" KundAufDat="2003-04-28"/>
  <Kunden KundenNr="14383" KundEigtNr="15652" KundArt="8" KundStatus="3" KundAufDat="2003-04-28"/>
  <Kunden KundenNr="14384" KundEigtNr="2233" KundArt="29" KundStatus="1" KundAufDat="2003-04-28"/>
  <Kunden KundenNr="14385" KundEigtNr="15654" KundArt="8" KundStatus="3" KundAufDat="2003-04-28"/>
  <Kunden KundenNr="14386" KundEigtNr="15657" KundArt="8" KundStatus="3" KundAufDat="2003-04-28"/>
  <Kunden KundenNr="14387" KundEigtNr="15658" KundArt="8" KundStatus="3" KundAufDat="2003-04-28"/>
  <Kunden KundenNr="14388" KundEigtNr="15659" KundArt="8" KundStatus="3" KundAufDat="2003-04-28"/>
  <Kunden KundenNr="14389" KundEigtNr="15660" KundArt="2" KundStatus="3" KundAufDat="2003-04-28"/>
  <Kunden KundenNr="14390" KundEigtNr="15661" KundArt="2" KundStatus="3" KundAufDat="2003-04-28"/>
  <Kunden KundenNr="14391" KundEigtNr="15662" KundArt="8" KundStatus="3" KundAufDat="2003-04-28"/>
  <Kunden KundenNr="14392" KundEigtNr="15663" KundArt="8" KundStatus="3" KundAufDat="2003-04-28"/>
  <Kunden KundenNr="14393" KundEigtNr="15535" KundArt="29" KundStatus="1" KundAufDat="2003-04-28"/>
  <Kunden KundenNr="14394" KundEigtNr="15664" KundArt="2" KundStatus="3" KundAufDat="2003-04-29"/>
  <Kunden KundenNr="14395" KundEigtNr="15665" KundArt="8" KundStatus="3" KundAufDat="2003-04-29"/>
  <Kunden KundenNr="14396" KundEigtNr="15667" KundArt="2" KundStatus="3" KundAufDat="2003-04-29"/>
  <Kunden KundenNr="14397" KundEigtNr="15668" KundArt="2" KundStatus="3" KundAufDat="2003-04-29"/>
  <Kunden KundenNr="14398" KundEigtNr="15669" KundArt="8" KundStatus="3" KundAufDat="2003-04-29"/>
  <Kunden KundenNr="14399" KundEigtNr="15670" KundArt="2" KundStatus="3" KundAufDat="2003-04-30"/>
  <Kunden KundenNr="14400" KundEigtNr="15671" KundArt="8" KundStatus="3" KundAufDat="2003-04-30"/>
  <Kunden KundenNr="14401" KundEigtNr="15672" KundArt="8" KundStatus="3" KundAufDat="2003-04-30"/>
  <Kunden KundenNr="14402" KundEigtNr="15673" KundArt="2" KundStatus="3" KundAufDat="2003-04-30"/>
  <Kunden KundenNr="14403" KundEigtNr="15674" KundArt="2" KundStatus="3" KundAufDat="2003-04-30"/>
  <Kunden KundenNr="14404" KundEigtNr="15675" KundArt="8" KundStatus="3" KundAufDat="2003-04-30"/>
  <Kunden KundenNr="14405" KundEigtNr="15676" KundArt="8" KundStatus="3" KundAufDat="2003-04-30"/>
  <Kunden KundenNr="14406" KundEigtNr="15677" KundArt="8" KundStatus="3" KundAufDat="2003-04-30"/>
  <Kunden KundenNr="14407" KundEigtNr="15678" KundArt="1" KundStatus="1" KundAufDat="2003-04-30"/>
  <Kunden KundenNr="14408" KundEigtNr="15679" KundArt="2" KundStatus="3" KundAufDat="2003-05-02"/>
  <Kunden KundenNr="14409" KundEigtNr="15680" KundArt="8" KundStatus="3" KundAufDat="2003-05-02"/>
  <Kunden KundenNr="14410" KundEigtNr="15681" KundArt="8" KundStatus="3" KundAufDat="2003-05-02"/>
  <Kunden KundenNr="14411" KundEigtNr="15682" KundArt="8" KundStatus="3" KundAufDat="2003-05-02"/>
  <Kunden KundenNr="14412" KundEigtNr="15685" KundArt="8" KundStatus="3" KundAufDat="2003-05-05"/>
  <Kunden KundenNr="14413" KundEigtNr="15686" KundArt="2" KundStatus="3" KundAufDat="2003-05-05"/>
  <Kunden KundenNr="14414" KundEigtNr="15687" KundArt="2" KundStatus="3" KundAufDat="2003-05-05"/>
  <Kunden KundenNr="14415" KundEigtNr="15688" KundArt="2" KundStatus="3" KundAufDat="2003-05-05"/>
  <Kunden KundenNr="14416" KundEigtNr="15689" KundArt="2" KundStatus="3" KundAufDat="2003-05-05"/>
  <Kunden KundenNr="14417" KundEigtNr="15691" KundArt="2" KundStatus="3" KundAufDat="2003-05-05"/>
  <Kunden KundenNr="14418" KundEigtNr="15692" KundArt="2" KundStatus="3" KundAufDat="2003-05-05"/>
  <Kunden KundenNr="14419" KundEigtNr="15693" KundArt="2" KundStatus="3" KundAufDat="2003-05-05"/>
  <Kunden KundenNr="14420" KundEigtNr="15694" KundArt="2" KundStatus="3" KundAufDat="2003-05-05"/>
  <Kunden KundenNr="14421" KundEigtNr="15697" KundArt="1" KundStatus="3" KundAufDat="2003-05-05"/>
  <Kunden KundenNr="14422" KundEigtNr="15698" KundArt="2" KundStatus="3" KundAufDat="2003-05-05"/>
  <Kunden KundenNr="14423" KundEigtNr="15700" KundArt="2" KundStatus="3" KundAufDat="2003-05-05"/>
  <Kunden KundenNr="14424" KundEigtNr="15701" KundArt="2" KundStatus="3" KundAufDat="2003-05-05"/>
  <Kunden KundenNr="14425" KundEigtNr="15702" KundArt="2" KundStatus="3" KundAufDat="2003-05-05"/>
  <Kunden KundenNr="14426" KundEigtNr="15703" KundArt="8" KundStatus="3" KundAufDat="2003-05-05"/>
  <Kunden KundenNr="14427" KundEigtNr="15704" KundArt="2" KundStatus="3" KundAufDat="2003-05-05"/>
  <Kunden KundenNr="14428" KundEigtNr="15705" KundArt="2" KundStatus="3" KundAufDat="2003-05-05"/>
  <Kunden KundenNr="14429" KundEigtNr="15706" KundArt="2" KundStatus="3" KundAufDat="2003-05-05"/>
  <Kunden KundenNr="14430" KundEigtNr="15707" KundArt="2" KundStatus="3" KundAufDat="2003-05-05"/>
  <Kunden KundenNr="14431" KundEigtNr="15710" KundArt="8" KundStatus="3" KundAufDat="2003-05-05"/>
  <Kunden KundenNr="14432" KundEigtNr="15712" KundArt="2" KundStatus="3" KundAufDat="2003-05-05"/>
  <Kunden KundenNr="14433" KundEigtNr="15715" KundArt="8" KundStatus="3" KundAufDat="2003-05-05"/>
  <Kunden KundenNr="14434" KundEigtNr="15716" KundArt="8" KundStatus="3" KundAufDat="2003-05-05"/>
  <Kunden KundenNr="14436" KundEigtNr="15717" KundArt="8" KundStatus="3" KundAufDat="2003-05-05"/>
  <Kunden KundenNr="14438" KundEigtNr="15718" KundArt="8" KundStatus="3" KundAufDat="2003-05-05"/>
  <Kunden KundenNr="14439" KundEigtNr="15719" KundArt="2" KundStatus="3" KundAufDat="2003-05-06"/>
  <Kunden KundenNr="14440" KundEigtNr="15720" KundArt="2" KundStatus="3" KundAufDat="2003-05-06"/>
  <Kunden KundenNr="14441" KundEigtNr="15721" KundArt="8" KundStatus="3" KundAufDat="2003-05-06"/>
  <Kunden KundenNr="14442" KundEigtNr="15722" KundArt="2" KundStatus="3" KundAufDat="2003-05-06"/>
  <Kunden KundenNr="14443" KundEigtNr="15723" KundArt="8" KundStatus="3" KundAufDat="2003-05-06"/>
  <Kunden KundenNr="14444" KundEigtNr="15618" KundArt="29" KundStatus="1" KundAufDat="2003-05-06"/>
  <Kunden KundenNr="14445" KundEigtNr="15725" KundArt="2" KundStatus="3" KundAufDat="2003-05-06"/>
  <Kunden KundenNr="14446" KundEigtNr="15739" KundArt="8" KundStatus="3" KundAufDat="2003-05-06"/>
  <Kunden KundenNr="14447" KundEigtNr="15740" KundArt="8" KundStatus="3" KundAufDat="2003-05-06"/>
  <Kunden KundenNr="14448" KundEigtNr="15741" KundArt="8" KundStatus="3" KundAufDat="2003-05-06"/>
  <Kunden KundenNr="14449" KundEigtNr="15742" KundArt="29" KundStatus="1" KundAufDat="2003-05-06"/>
  <Kunden KundenNr="14450" KundEigtNr="15743" KundArt="29" KundStatus="1" KundAufDat="2003-05-06"/>
  <Kunden KundenNr="14451" KundEigtNr="15744" KundArt="29" KundStatus="1" KundAufDat="2003-05-06"/>
  <Kunden KundenNr="14452" KundEigtNr="15745" KundArt="29" KundStatus="1" KundAufDat="2003-05-06"/>
  <Kunden KundenNr="14453" KundEigtNr="15746" KundArt="8" KundStatus="3" KundAufDat="2003-05-06"/>
  <Kunden KundenNr="14454" KundEigtNr="15747" KundArt="2" KundStatus="3" KundAufDat="2003-05-06"/>
  <Kunden KundenNr="14455" KundEigtNr="15748" KundArt="2" KundStatus="3" KundAufDat="2003-05-06"/>
  <Kunden KundenNr="14456" KundEigtNr="15749" KundArt="2" KundStatus="1" KundAufDat="2003-05-06"/>
  <Kunden KundenNr="14457" KundEigtNr="5608" KundArt="2" KundStatus="3" KundAufDat="2003-05-07"/>
  <Kunden KundenNr="14458" KundEigtNr="15750" KundArt="2" KundStatus="3" KundAufDat="2003-05-07"/>
  <Kunden KundenNr="14459" KundEigtNr="15751" KundArt="8" KundStatus="1" KundAufDat="2003-05-07"/>
  <Kunden KundenNr="14460" KundEigtNr="15752" KundArt="8" KundStatus="3" KundAufDat="2003-05-07"/>
  <Kunden KundenNr="14461" KundEigtNr="15753" KundArt="8" KundStatus="3" KundAufDat="2003-05-07"/>
  <Kunden KundenNr="14462" KundEigtNr="15754" KundArt="29" KundStatus="1" KundAufDat="2003-05-07"/>
  <Kunden KundenNr="14463" KundEigtNr="15755" KundArt="1" KundStatus="1" KundAufDat="2003-05-07"/>
  <Kunden KundenNr="14464" KundEigtNr="15756" KundArt="8" KundStatus="3" KundAufDat="2003-05-07"/>
  <Kunden KundenNr="14465" KundEigtNr="15757" KundArt="8" KundStatus="1" KundAufDat="2003-05-08"/>
  <Kunden KundenNr="14466" KundEigtNr="15758" KundArt="8" KundStatus="3" KundAufDat="2003-05-08"/>
  <Kunden KundenNr="14467" KundEigtNr="15759" KundArt="29" KundStatus="1" KundAufDat="2003-05-08"/>
  <Kunden KundenNr="14468" KundEigtNr="6979" KundArt="29" KundStatus="1" KundAufDat="2003-05-08"/>
  <Kunden KundenNr="14469" KundEigtNr="15653" KundArt="29" KundStatus="1" KundAufDat="2003-05-08"/>
  <Kunden KundenNr="14470" KundEigtNr="8958" KundArt="29" KundStatus="1" KundAufDat="2003-05-09"/>
  <Kunden KundenNr="14471" KundEigtNr="15118" KundArt="8" KundStatus="3" KundAufDat="2003-05-09"/>
  <Kunden KundenNr="14472" KundEigtNr="13125" KundArt="2" KundStatus="3" KundAufDat="2003-05-09"/>
  <Kunden KundenNr="14473" KundEigtNr="15761" KundArt="8" KundStatus="3" KundAufDat="2003-05-09"/>
  <Kunden KundenNr="14474" KundEigtNr="15762" KundArt="8" KundStatus="3" KundAufDat="2003-05-12"/>
  <Kunden KundenNr="14475" KundEigtNr="15763" KundArt="8" KundStatus="3" KundAufDat="2003-05-12"/>
  <Kunden KundenNr="14476" KundEigtNr="15764" KundArt="8" KundStatus="3" KundAufDat="2003-05-12"/>
  <Kunden KundenNr="14477" KundEigtNr="15765" KundArt="8" KundStatus="3" KundAufDat="2003-05-12"/>
  <Kunden KundenNr="14478" KundEigtNr="15766" KundArt="2" KundStatus="3" KundAufDat="2003-05-12"/>
  <Kunden KundenNr="14479" KundEigtNr="13794" KundArt="2" KundStatus="3" KundAufDat="2003-05-12"/>
  <Kunden KundenNr="14480" KundEigtNr="15767" KundArt="2" KundStatus="1" KundAufDat="2003-05-12"/>
  <Kunden KundenNr="14481" KundEigtNr="15768" KundArt="1" KundStatus="3" KundAufDat="2003-05-12"/>
  <Kunden KundenNr="14482" KundEigtNr="15769" KundArt="8" KundStatus="3" KundAufDat="2003-05-12"/>
  <Kunden KundenNr="14483" KundEigtNr="15770" KundArt="1" KundStatus="3" KundAufDat="2003-05-12"/>
  <Kunden KundenNr="14484" KundEigtNr="15771" KundArt="8" KundStatus="1" KundAufDat="2003-05-12"/>
  <Kunden KundenNr="14485" KundEigtNr="15772" KundArt="8" KundStatus="3" KundAufDat="2003-05-12"/>
  <Kunden KundenNr="14486" KundEigtNr="15773" KundArt="8" KundStatus="3" KundAufDat="2003-05-12"/>
  <Kunden KundenNr="14487" KundEigtNr="15774" KundArt="8" KundStatus="3" KundAufDat="2003-05-12"/>
  <Kunden KundenNr="14488" KundEigtNr="15775" KundArt="2" KundStatus="1" KundAufDat="2003-05-12"/>
  <Kunden KundenNr="14489" KundEigtNr="15776" KundArt="8" KundStatus="3" KundAufDat="2003-05-12"/>
  <Kunden KundenNr="14490" KundEigtNr="15777" KundArt="8" KundStatus="3" KundAufDat="2003-05-12"/>
  <Kunden KundenNr="14491" KundEigtNr="15778" KundArt="8" KundStatus="3" KundAufDat="2003-05-13"/>
  <Kunden KundenNr="14492" KundEigtNr="15779" KundArt="8" KundStatus="1" KundAufDat="2003-05-13"/>
  <Kunden KundenNr="14493" KundEigtNr="15780" KundArt="2" KundStatus="3" KundAufDat="2003-05-13"/>
  <Kunden KundenNr="14494" KundEigtNr="15781" KundArt="2" KundStatus="3" KundAufDat="2003-05-13"/>
  <Kunden KundenNr="14495" KundEigtNr="15782" KundArt="8" KundStatus="3" KundAufDat="2003-05-13"/>
  <Kunden KundenNr="14496" KundEigtNr="15783" KundArt="8" KundStatus="3" KundAufDat="2003-05-13"/>
  <Kunden KundenNr="14497" KundEigtNr="15784" KundArt="8" KundStatus="1" KundAufDat="2003-05-13"/>
  <Kunden KundenNr="14498" KundEigtNr="15785" KundArt="2" KundStatus="1" KundAufDat="2003-05-13"/>
  <Kunden KundenNr="14499" KundEigtNr="15786" KundArt="2" KundStatus="1" KundAufDat="2003-05-13"/>
  <Kunden KundenNr="14500" KundEigtNr="15787" KundArt="2" KundStatus="1" KundAufDat="2003-05-13"/>
  <Kunden KundenNr="14501" KundEigtNr="15788" KundArt="29" KundStatus="1" KundAufDat="2003-05-13"/>
  <Kunden KundenNr="14502" KundEigtNr="15789" KundArt="29" KundStatus="1" KundAufDat="2003-05-13"/>
  <Kunden KundenNr="14503" KundEigtNr="15790" KundArt="2" KundStatus="3" KundAufDat="2003-05-14"/>
  <Kunden KundenNr="14504" KundEigtNr="15791" KundArt="2" KundStatus="3" KundAufDat="2003-05-14"/>
  <Kunden KundenNr="14505" KundEigtNr="15792" KundArt="8" KundStatus="3" KundAufDat="2003-05-14"/>
  <Kunden KundenNr="14506" KundEigtNr="15793" KundArt="8" KundStatus="3" KundAufDat="2003-05-14"/>
  <Kunden KundenNr="14507" KundEigtNr="15794" KundArt="1" KundStatus="3" KundAufDat="2003-05-14"/>
  <Kunden KundenNr="14508" KundEigtNr="15795" KundArt="8" KundStatus="3" KundAufDat="2003-05-14"/>
  <Kunden KundenNr="14509" KundEigtNr="15796" KundArt="8" KundStatus="3" KundAufDat="2003-05-14"/>
  <Kunden KundenNr="14510" KundEigtNr="15797" KundArt="2" KundStatus="3" KundAufDat="2003-05-14"/>
  <Kunden KundenNr="14511" KundEigtNr="15798" KundArt="2" KundStatus="3" KundAufDat="2003-05-14"/>
  <Kunden KundenNr="14512" KundEigtNr="15799" KundArt="2" KundStatus="3" KundAufDat="2003-05-14"/>
  <Kunden KundenNr="14513" KundEigtNr="15800" KundArt="2" KundStatus="3" KundAufDat="2003-05-14"/>
  <Kunden KundenNr="14514" KundEigtNr="15801" KundArt="8" KundStatus="3" KundAufDat="2003-05-14"/>
  <Kunden KundenNr="14515" KundEigtNr="15802" KundArt="8" KundStatus="3" KundAufDat="2003-05-14"/>
  <Kunden KundenNr="14516" KundEigtNr="15803" KundArt="8" KundStatus="3" KundAufDat="2003-05-14"/>
  <Kunden KundenNr="14517" KundEigtNr="15804" KundArt="1" KundStatus="3" KundAufDat="2003-05-14"/>
  <Kunden KundenNr="14518" KundEigtNr="15805" KundArt="8" KundStatus="3" KundAufDat="2003-05-14"/>
  <Kunden KundenNr="14519" KundEigtNr="15102" KundArt="8" KundStatus="1" KundAufDat="2003-05-14"/>
  <Kunden KundenNr="14520" KundEigtNr="15806" KundArt="29" KundStatus="1" KundAufDat="2003-05-14"/>
  <Kunden KundenNr="14521" KundEigtNr="15807" KundArt="29" KundStatus="1" KundAufDat="2003-05-14"/>
  <Kunden KundenNr="14522" KundEigtNr="15808" KundArt="29" KundStatus="1" KundAufDat="2003-05-14"/>
  <Kunden KundenNr="14524" KundEigtNr="15811" KundArt="8" KundStatus="3" KundAufDat="2003-05-15"/>
  <Kunden KundenNr="14525" KundEigtNr="15812" KundArt="8" KundStatus="3" KundAufDat="2003-05-15"/>
  <Kunden KundenNr="14526" KundEigtNr="15813" KundArt="8" KundStatus="3" KundAufDat="2003-05-15"/>
  <Kunden KundenNr="14527" KundEigtNr="15102" KundArt="8" KundStatus="3" KundAufDat="2003-05-15"/>
  <Kunden KundenNr="14528" KundEigtNr="15814" KundArt="8" KundStatus="3" KundAufDat="2003-05-15"/>
  <Kunden KundenNr="14529" KundEigtNr="15815" KundArt="8" KundStatus="3" KundAufDat="2003-05-15"/>
  <Kunden KundenNr="14530" KundEigtNr="15816" KundArt="2" KundStatus="1" KundAufDat="2003-05-15"/>
  <Kunden KundenNr="14531" KundEigtNr="15817" KundArt="2" KundStatus="3" KundAufDat="2003-05-15"/>
  <Kunden KundenNr="14532" KundEigtNr="15818" KundArt="8" KundStatus="3" KundAufDat="2003-05-15"/>
  <Kunden KundenNr="14533" KundEigtNr="15819" KundArt="29" KundStatus="1" KundAufDat="2003-05-16"/>
  <Kunden KundenNr="14534" KundEigtNr="15829" KundArt="2" KundStatus="1" KundAufDat="2003-05-16"/>
  <Kunden KundenNr="14535" KundEigtNr="15832" KundArt="2" KundStatus="3" KundAufDat="2003-05-16"/>
  <Kunden KundenNr="14536" KundEigtNr="15836" KundArt="8" KundStatus="3" KundAufDat="2003-05-16"/>
  <Kunden KundenNr="14537" KundEigtNr="15838" KundArt="8" KundStatus="3" KundAufDat="2003-05-16"/>
  <Kunden KundenNr="14538" KundEigtNr="13353" KundArt="2" KundStatus="3" KundAufDat="2003-05-16"/>
  <Kunden KundenNr="14539" KundEigtNr="15840" KundArt="2" KundStatus="3" KundAufDat="2003-05-16"/>
  <Kunden KundenNr="14540" KundEigtNr="15841" KundArt="2" KundStatus="3" KundAufDat="2003-05-16"/>
  <Kunden KundenNr="14541" KundEigtNr="15842" KundArt="2" KundStatus="3" KundAufDat="2003-05-16"/>
  <Kunden KundenNr="14542" KundEigtNr="15843" KundArt="2" KundStatus="3" KundAufDat="2003-05-16"/>
  <Kunden KundenNr="14543" KundEigtNr="15844" KundArt="8" KundStatus="3" KundAufDat="2003-05-16"/>
  <Kunden KundenNr="14544" KundEigtNr="14527" KundArt="29" KundStatus="1" KundAufDat="2003-05-17"/>
  <Kunden KundenNr="14545" KundEigtNr="15845" KundArt="8" KundStatus="3" KundAufDat="2003-05-19"/>
  <Kunden KundenNr="14546" KundEigtNr="15846" KundArt="8" KundStatus="3" KundAufDat="2003-05-19"/>
  <Kunden KundenNr="14547" KundEigtNr="15847" KundArt="2" KundStatus="1" KundAufDat="2003-05-19"/>
  <Kunden KundenNr="14548" KundEigtNr="15848" KundArt="29" KundStatus="1" KundAufDat="2003-05-19"/>
  <Kunden KundenNr="14549" KundEigtNr="15849" KundArt="2" KundStatus="3" KundAufDat="2003-05-19"/>
  <Kunden KundenNr="14550" KundEigtNr="15850" KundArt="2" KundStatus="3" KundAufDat="2003-05-19"/>
  <Kunden KundenNr="14551" KundEigtNr="15851" KundArt="2" KundStatus="3" KundAufDat="2003-05-19"/>
  <Kunden KundenNr="14552" KundEigtNr="15852" KundArt="2" KundStatus="3" KundAufDat="2003-05-19"/>
  <Kunden KundenNr="14553" KundEigtNr="15853" KundArt="8" KundStatus="3" KundAufDat="2003-05-19"/>
  <Kunden KundenNr="14554" KundEigtNr="15854" KundArt="8" KundStatus="3" KundAufDat="2003-05-19"/>
  <Kunden KundenNr="14555" KundEigtNr="15855" KundArt="2" KundStatus="3" KundAufDat="2003-05-19"/>
  <Kunden KundenNr="14556" KundEigtNr="15856" KundArt="2" KundStatus="3" KundAufDat="2003-05-19"/>
  <Kunden KundenNr="14557" KundEigtNr="15857" KundArt="8" KundStatus="3" KundAufDat="2003-05-19"/>
  <Kunden KundenNr="14558" KundEigtNr="15858" KundArt="2" KundStatus="3" KundAufDat="2003-05-19"/>
  <Kunden KundenNr="14559" KundEigtNr="15859" KundArt="2" KundStatus="3" KundAufDat="2003-05-19"/>
  <Kunden KundenNr="14560" KundEigtNr="11326" KundArt="2" KundStatus="3" KundAufDat="2003-05-19"/>
  <Kunden KundenNr="14561" KundEigtNr="15860" KundArt="2" KundStatus="3" KundAufDat="2003-05-19"/>
  <Kunden KundenNr="14562" KundEigtNr="15861" KundArt="8" KundStatus="3" KundAufDat="2003-05-19"/>
  <Kunden KundenNr="14563" KundEigtNr="15862" KundArt="8" KundStatus="3" KundAufDat="2003-05-19"/>
  <Kunden KundenNr="14564" KundEigtNr="15874" KundArt="29" KundStatus="1" KundAufDat="2003-05-19"/>
  <Kunden KundenNr="14565" KundEigtNr="15875" KundArt="29" KundStatus="1" KundAufDat="2003-05-19"/>
  <Kunden KundenNr="14566" KundEigtNr="15876" KundArt="8" KundStatus="3" KundAufDat="2003-05-20"/>
  <Kunden KundenNr="14567" KundEigtNr="15877" KundArt="2" KundStatus="3" KundAufDat="2003-05-20"/>
  <Kunden KundenNr="14568" KundEigtNr="15603" KundArt="2" KundStatus="3" KundAufDat="2003-05-20"/>
  <Kunden KundenNr="14569" KundEigtNr="15878" KundArt="2" KundStatus="3" KundAufDat="2003-05-20"/>
  <Kunden KundenNr="14570" KundEigtNr="15879" KundArt="29" KundStatus="1" KundAufDat="2003-05-20"/>
  <Kunden KundenNr="14571" KundEigtNr="15786" KundArt="29" KundStatus="1" KundAufDat="2003-05-20"/>
  <Kunden KundenNr="14572" KundEigtNr="15880" KundArt="1" KundStatus="3" KundAufDat="2003-05-20"/>
  <Kunden KundenNr="14573" KundEigtNr="15881" KundArt="2" KundStatus="3" KundAufDat="2003-05-20"/>
  <Kunden KundenNr="14574" KundEigtNr="15882" KundArt="2" KundStatus="3" KundAufDat="2003-05-20"/>
  <Kunden KundenNr="14575" KundEigtNr="15884" KundArt="8" KundStatus="3" KundAufDat="2003-05-20"/>
  <Kunden KundenNr="14576" KundEigtNr="15885" KundArt="8" KundStatus="3" KundAufDat="2003-05-20"/>
  <Kunden KundenNr="14577" KundEigtNr="15886" KundArt="8" KundStatus="3" KundAufDat="2003-05-21"/>
  <Kunden KundenNr="14578" KundEigtNr="15889" KundArt="2" KundStatus="3" KundAufDat="2003-05-21"/>
  <Kunden KundenNr="14579" KundEigtNr="15890" KundArt="2" KundStatus="3" KundAufDat="2003-05-21"/>
  <Kunden KundenNr="14580" KundEigtNr="15891" KundArt="1" KundStatus="3" KundAufDat="2003-05-21"/>
  <Kunden KundenNr="14581" KundEigtNr="15892" KundArt="8" KundStatus="3" KundAufDat="2003-05-21"/>
  <Kunden KundenNr="14582" KundEigtNr="15893" KundArt="2" KundStatus="3" KundAufDat="2003-05-21"/>
  <Kunden KundenNr="14583" KundEigtNr="5562" KundArt="2" KundStatus="1" KundAufDat="2003-05-21"/>
  <Kunden KundenNr="14584" KundEigtNr="15894" KundArt="8" KundStatus="3" KundAufDat="2003-05-21"/>
  <Kunden KundenNr="14585" KundEigtNr="15895" KundArt="2" KundStatus="3" KundAufDat="2003-05-21"/>
  <Kunden KundenNr="14586" KundEigtNr="15896" KundArt="2" KundStatus="3" KundAufDat="2003-05-21"/>
  <Kunden KundenNr="14587" KundEigtNr="15897" KundArt="8" KundStatus="3" KundAufDat="2003-05-21"/>
  <Kunden KundenNr="14588" KundEigtNr="15898" KundArt="2" KundStatus="3" KundAufDat="2003-05-21"/>
  <Kunden KundenNr="14589" KundEigtNr="15906" KundArt="2" KundStatus="1" KundAufDat="2003-05-22"/>
  <Kunden KundenNr="14590" KundEigtNr="15907" KundArt="2" KundStatus="3" KundAufDat="2003-05-22"/>
  <Kunden KundenNr="14591" KundEigtNr="15908" KundArt="2" KundStatus="3" KundAufDat="2003-05-22"/>
  <Kunden KundenNr="14592" KundEigtNr="15909" KundArt="1" KundStatus="1" KundAufDat="2003-05-22"/>
  <Kunden KundenNr="14593" KundEigtNr="15910" KundArt="1" KundStatus="1" KundAufDat="2003-05-22"/>
  <Kunden KundenNr="14594" KundEigtNr="15911" KundArt="8" KundStatus="3" KundAufDat="2003-05-22"/>
  <Kunden KundenNr="14595" KundEigtNr="15912" KundArt="8" KundStatus="3" KundAufDat="2003-05-22"/>
  <Kunden KundenNr="14596" KundEigtNr="15913" KundArt="1" KundStatus="3" KundAufDat="2003-05-22"/>
  <Kunden KundenNr="14597" KundEigtNr="15914" KundArt="2" KundStatus="3" KundAufDat="2003-05-23"/>
  <Kunden KundenNr="14598" KundEigtNr="15915" KundArt="2" KundStatus="3" KundAufDat="2003-05-23"/>
  <Kunden KundenNr="14599" KundEigtNr="15916" KundArt="8" KundStatus="3" KundAufDat="2003-05-23"/>
  <Kunden KundenNr="14600" KundEigtNr="15917" KundArt="29" KundStatus="1" KundAufDat="2003-05-23"/>
  <Kunden KundenNr="14601" KundEigtNr="14132" KundArt="8" KundStatus="3" KundAufDat="2003-05-23"/>
  <Kunden KundenNr="14602" KundEigtNr="15918" KundArt="2" KundStatus="3" KundAufDat="2003-05-23"/>
  <Kunden KundenNr="14603" KundEigtNr="15919" KundArt="1" KundStatus="3" KundAufDat="2003-05-23"/>
  <Kunden KundenNr="14604" KundEigtNr="15920" KundArt="8" KundStatus="3" KundAufDat="2003-05-23"/>
  <Kunden KundenNr="14605" KundEigtNr="15921" KundArt="8" KundStatus="3" KundAufDat="2003-05-23"/>
  <Kunden KundenNr="14606" KundEigtNr="15922" KundArt="2" KundStatus="3" KundAufDat="2003-05-24"/>
  <Kunden KundenNr="14607" KundEigtNr="15923" KundArt="8" KundStatus="3" KundAufDat="2003-05-24"/>
  <Kunden KundenNr="14608" KundEigtNr="15924" KundArt="8" KundStatus="3" KundAufDat="2003-05-26"/>
  <Kunden KundenNr="14609" KundEigtNr="15925" KundArt="8" KundStatus="3" KundAufDat="2003-05-26"/>
  <Kunden KundenNr="14610" KundEigtNr="15926" KundArt="2" KundStatus="3" KundAufDat="2003-05-26"/>
  <Kunden KundenNr="14611" KundEigtNr="15927" KundArt="2" KundStatus="3" KundAufDat="2003-05-26"/>
  <Kunden KundenNr="14612" KundEigtNr="15928" KundArt="2" KundStatus="3" KundAufDat="2003-05-26"/>
  <Kunden KundenNr="14613" KundEigtNr="15929" KundArt="2" KundStatus="3" KundAufDat="2003-05-26"/>
  <Kunden KundenNr="14614" KundEigtNr="15930" KundArt="2" KundStatus="3" KundAufDat="2003-05-26"/>
  <Kunden KundenNr="14615" KundEigtNr="15931" KundArt="2" KundStatus="3" KundAufDat="2003-05-26"/>
  <Kunden KundenNr="14616" KundEigtNr="15932" KundArt="2" KundStatus="3" KundAufDat="2003-05-26"/>
  <Kunden KundenNr="14617" KundEigtNr="15933" KundArt="8" KundStatus="3" KundAufDat="2003-05-26"/>
  <Kunden KundenNr="14618" KundEigtNr="15934" KundArt="2" KundStatus="3" KundAufDat="2003-05-26"/>
  <Kunden KundenNr="14619" KundEigtNr="15935" KundArt="8" KundStatus="3" KundAufDat="2003-05-26"/>
  <Kunden KundenNr="14620" KundEigtNr="15936" KundArt="8" KundStatus="3" KundAufDat="2003-05-26"/>
  <Kunden KundenNr="14621" KundEigtNr="15937" KundArt="8" KundStatus="3" KundAufDat="2003-05-26"/>
  <Kunden KundenNr="14622" KundEigtNr="15938" KundArt="2" KundStatus="3" KundAufDat="2003-05-26"/>
  <Kunden KundenNr="14623" KundEigtNr="15939" KundArt="8" KundStatus="3" KundAufDat="2003-05-26"/>
  <Kunden KundenNr="14624" KundEigtNr="15940" KundArt="8" KundStatus="3" KundAufDat="2003-05-26"/>
  <Kunden KundenNr="14625" KundEigtNr="15941" KundArt="2" KundStatus="3" KundAufDat="2003-05-26"/>
  <Kunden KundenNr="14626" KundEigtNr="15942" KundArt="8" KundStatus="3" KundAufDat="2003-05-26"/>
  <Kunden KundenNr="14627" KundEigtNr="15945" KundArt="29" KundStatus="1" KundAufDat="2003-05-27"/>
  <Kunden KundenNr="14628" KundEigtNr="15461" KundArt="29" KundStatus="1" KundAufDat="2003-05-27"/>
  <Kunden KundenNr="14629" KundEigtNr="15732" KundArt="29" KundStatus="1" KundAufDat="2003-05-27"/>
  <Kunden KundenNr="14630" KundEigtNr="15946" KundArt="8" KundStatus="3" KundAufDat="2003-05-27"/>
  <Kunden KundenNr="14631" KundEigtNr="15947" KundArt="8" KundStatus="3" KundAufDat="2003-05-27"/>
  <Kunden KundenNr="14632" KundEigtNr="15948" KundArt="8" KundStatus="3" KundAufDat="2003-05-27"/>
  <Kunden KundenNr="14633" KundEigtNr="15949" KundArt="2" KundStatus="3" KundAufDat="2003-05-27"/>
  <Kunden KundenNr="14634" KundEigtNr="15950" KundArt="2" KundStatus="3" KundAufDat="2003-05-27"/>
  <Kunden KundenNr="14635" KundEigtNr="15951" KundArt="2" KundStatus="3" KundAufDat="2003-05-27"/>
  <Kunden KundenNr="14636" KundEigtNr="15953" KundArt="2" KundStatus="3" KundAufDat="2003-05-27"/>
  <Kunden KundenNr="14637" KundEigtNr="15954" KundArt="2" KundStatus="3" KundAufDat="2003-05-27"/>
  <Kunden KundenNr="14638" KundEigtNr="15958" KundArt="2" KundStatus="3" KundAufDat="2003-05-27"/>
  <Kunden KundenNr="14639" KundEigtNr="15961" KundArt="8" KundStatus="3" KundAufDat="2003-05-27"/>
  <Kunden KundenNr="14640" KundEigtNr="15962" KundArt="2" KundStatus="3" KundAufDat="2003-05-27"/>
  <Kunden KundenNr="14641" KundEigtNr="15963" KundArt="2" KundStatus="3" KundAufDat="2003-05-27"/>
  <Kunden KundenNr="14642" KundEigtNr="15964" KundArt="2" KundStatus="3" KundAufDat="2003-05-27"/>
  <Kunden KundenNr="14643" KundEigtNr="15972" KundArt="8" KundStatus="3" KundAufDat="2003-05-27"/>
  <Kunden KundenNr="14644" KundEigtNr="15698" KundArt="1" KundStatus="3" KundAufDat="2003-05-28"/>
  <Kunden KundenNr="14645" KundEigtNr="15981" KundArt="1" KundStatus="3" KundAufDat="2003-05-28"/>
  <Kunden KundenNr="14646" KundEigtNr="15982" KundArt="29" KundStatus="1" KundAufDat="2003-05-28"/>
  <Kunden KundenNr="14647" KundEigtNr="15835" KundArt="29" KundStatus="1" KundAufDat="2003-05-28"/>
  <Kunden KundenNr="14648" KundEigtNr="15983" KundArt="2" KundStatus="3" KundAufDat="2003-05-28"/>
  <Kunden KundenNr="14649" KundEigtNr="15984" KundArt="2" KundStatus="3" KundAufDat="2003-05-28"/>
  <Kunden KundenNr="14650" KundEigtNr="14604" KundArt="8" KundStatus="3" KundAufDat="2003-05-28"/>
  <Kunden KundenNr="14651" KundEigtNr="15985" KundArt="29" KundStatus="1" KundAufDat="2003-05-28"/>
  <Kunden KundenNr="14652" KundEigtNr="15986" KundArt="1" KundStatus="3" KundAufDat="2003-05-28"/>
  <Kunden KundenNr="14653" KundEigtNr="15987" KundArt="29" KundStatus="1" KundAufDat="2003-05-28"/>
  <Kunden KundenNr="14654" KundEigtNr="15988" KundArt="8" KundStatus="3" KundAufDat="2003-05-28"/>
  <Kunden KundenNr="14655" KundEigtNr="15904" KundArt="29" KundStatus="1" KundAufDat="2003-05-28"/>
  <Kunden KundenNr="14656" KundEigtNr="15163" KundArt="1" KundStatus="3" KundAufDat="2003-05-28"/>
  <Kunden KundenNr="14657" KundEigtNr="15993" KundArt="8" KundStatus="3" KundAufDat="2003-05-28"/>
  <Kunden KundenNr="14658" KundEigtNr="15996" KundArt="8" KundStatus="3" KundAufDat="2003-05-28"/>
  <Kunden KundenNr="14659" KundEigtNr="16000" KundArt="4" KundStatus="1" KundAufDat="2003-05-28"/>
  <Kunden KundenNr="14660" KundEigtNr="16001" KundArt="4" KundStatus="1" KundAufDat="2003-05-28"/>
  <Kunden KundenNr="14661" KundEigtNr="8845" KundArt="29" KundStatus="1" KundAufDat="2003-05-30"/>
  <Kunden KundenNr="14662" KundEigtNr="16002" KundArt="8" KundStatus="3" KundAufDat="2003-05-30"/>
  <Kunden KundenNr="14663" KundEigtNr="16003" KundArt="8" KundStatus="3" KundAufDat="2003-05-30"/>
  <Kunden KundenNr="14664" KundEigtNr="16004" KundArt="8" KundStatus="3" KundAufDat="2003-05-30"/>
  <Kunden KundenNr="14665" KundEigtNr="16005" KundArt="2" KundStatus="3" KundAufDat="2003-05-30"/>
  <Kunden KundenNr="14666" KundEigtNr="16006" KundArt="2" KundStatus="3" KundAufDat="2003-05-30"/>
  <Kunden KundenNr="14667" KundEigtNr="15891" KundArt="8" KundStatus="3" KundAufDat="2003-05-30"/>
  <Kunden KundenNr="14668" KundEigtNr="16007" KundArt="2" KundStatus="3" KundAufDat="2003-05-30"/>
  <Kunden KundenNr="14669" KundEigtNr="15837" KundArt="29" KundStatus="1" KundAufDat="2003-05-30"/>
  <Kunden KundenNr="14670" KundEigtNr="16008" KundArt="8" KundStatus="3" KundAufDat="2003-05-30"/>
  <Kunden KundenNr="14671" KundEigtNr="16009" KundArt="8" KundStatus="3" KundAufDat="2003-05-30"/>
  <Kunden KundenNr="14672" KundEigtNr="16010" KundArt="8" KundStatus="3" KundAufDat="2003-06-02"/>
  <Kunden KundenNr="14673" KundEigtNr="15813" KundArt="1" KundStatus="3" KundAufDat="2003-06-02"/>
  <Kunden KundenNr="14674" KundEigtNr="16011" KundArt="1" KundStatus="3" KundAufDat="2003-06-02"/>
  <Kunden KundenNr="14675" KundEigtNr="16012" KundArt="2" KundStatus="3" KundAufDat="2003-06-02"/>
  <Kunden KundenNr="14676" KundEigtNr="16013" KundArt="2" KundStatus="3" KundAufDat="2003-06-02"/>
  <Kunden KundenNr="14677" KundEigtNr="16014" KundArt="2" KundStatus="3" KundAufDat="2003-06-02"/>
  <Kunden KundenNr="14678" KundEigtNr="16020" KundArt="2" KundStatus="3" KundAufDat="2003-06-02"/>
  <Kunden KundenNr="14679" KundEigtNr="16021" KundArt="8" KundStatus="3" KundAufDat="2003-06-02"/>
  <Kunden KundenNr="14680" KundEigtNr="16022" KundArt="8" KundStatus="3" KundAufDat="2003-06-02"/>
  <Kunden KundenNr="14681" KundEigtNr="16023" KundArt="2" KundStatus="3" KundAufDat="2003-06-02"/>
  <Kunden KundenNr="14682" KundEigtNr="16024" KundArt="8" KundStatus="3" KundAufDat="2003-06-03"/>
  <Kunden KundenNr="14683" KundEigtNr="16025" KundArt="8" KundStatus="3" KundAufDat="2003-06-03"/>
  <Kunden KundenNr="14684" KundEigtNr="16026" KundArt="29" KundStatus="1" KundAufDat="2003-06-03"/>
  <Kunden KundenNr="14685" KundEigtNr="16027" KundArt="2" KundStatus="3" KundAufDat="2003-06-03"/>
  <Kunden KundenNr="14686" KundEigtNr="16028" KundArt="29" KundStatus="1" KundAufDat="2003-06-03"/>
  <Kunden KundenNr="14687" KundEigtNr="15905" KundArt="29" KundStatus="1" KundAufDat="2003-06-03"/>
  <Kunden KundenNr="14688" KundEigtNr="16029" KundArt="8" KundStatus="3" KundAufDat="2003-06-03"/>
  <Kunden KundenNr="14689" KundEigtNr="16030" KundArt="8" KundStatus="3" KundAufDat="2003-06-03"/>
  <Kunden KundenNr="14690" KundEigtNr="16031" KundArt="2" KundStatus="3" KundAufDat="2003-06-03"/>
  <Kunden KundenNr="14691" KundEigtNr="16032" KundArt="8" KundStatus="3" KundAufDat="2003-06-03"/>
  <Kunden KundenNr="14692" KundEigtNr="16033" KundArt="2" KundStatus="3" KundAufDat="2003-06-03"/>
  <Kunden KundenNr="14693" KundEigtNr="16034" KundArt="1" KundStatus="3" KundAufDat="2003-06-03"/>
  <Kunden KundenNr="14694" KundEigtNr="16035" KundArt="8" KundStatus="3" KundAufDat="2003-06-04"/>
  <Kunden KundenNr="14695" KundEigtNr="16036" KundArt="2" KundStatus="3" KundAufDat="2003-06-04"/>
  <Kunden KundenNr="14696" KundEigtNr="16037" KundArt="8" KundStatus="3" KundAufDat="2003-06-04"/>
  <Kunden KundenNr="14697" KundEigtNr="16038" KundArt="2" KundStatus="3" KundAufDat="2003-06-04"/>
  <Kunden KundenNr="14698" KundEigtNr="16039" KundArt="2" KundStatus="3" KundAufDat="2003-06-04"/>
  <Kunden KundenNr="14699" KundEigtNr="16040" KundArt="2" KundStatus="3" KundAufDat="2003-06-04"/>
  <Kunden KundenNr="14700" KundEigtNr="16041" KundArt="2" KundStatus="1" KundAufDat="2003-06-04"/>
  <Kunden KundenNr="14701" KundEigtNr="16042" KundArt="2" KundStatus="3" KundAufDat="2003-06-04"/>
  <Kunden KundenNr="14702" KundEigtNr="16043" KundArt="8" KundStatus="3" KundAufDat="2003-06-04"/>
  <Kunden KundenNr="14703" KundEigtNr="16044" KundArt="8" KundStatus="3" KundAufDat="2003-06-04"/>
  <Kunden KundenNr="14704" KundEigtNr="16045" KundArt="2" KundStatus="3" KundAufDat="2003-06-04"/>
  <Kunden KundenNr="14705" KundEigtNr="16046" KundArt="1" KundStatus="3" KundAufDat="2003-06-05"/>
  <Kunden KundenNr="14706" KundEigtNr="16028" KundArt="8" KundStatus="3" KundAufDat="2003-06-05"/>
  <Kunden KundenNr="14707" KundEigtNr="16047" KundArt="29" KundStatus="1" KundAufDat="2003-06-05"/>
  <Kunden KundenNr="14708" KundEigtNr="16048" KundArt="8" KundStatus="3" KundAufDat="2003-06-05"/>
  <Kunden KundenNr="14709" KundEigtNr="16049" KundArt="1" KundStatus="3" KundAufDat="2003-06-05"/>
  <Kunden KundenNr="14710" KundEigtNr="16050" KundArt="1" KundStatus="3" KundAufDat="2003-06-05"/>
  <Kunden KundenNr="14711" KundEigtNr="15822" KundArt="29" KundStatus="1" KundAufDat="2003-06-05"/>
  <Kunden KundenNr="14712" KundEigtNr="16051" KundArt="8" KundStatus="3" KundAufDat="2003-06-05"/>
  <Kunden KundenNr="14713" KundEigtNr="16052" KundArt="8" KundStatus="3" KundAufDat="2003-06-05"/>
  <Kunden KundenNr="14714" KundEigtNr="16053" KundArt="2" KundStatus="3" KundAufDat="2003-06-05"/>
  <Kunden KundenNr="14715" KundEigtNr="16054" KundArt="2" KundStatus="3" KundAufDat="2003-06-06"/>
  <Kunden KundenNr="14716" KundEigtNr="16055" KundArt="8" KundStatus="3" KundAufDat="2003-06-06"/>
  <Kunden KundenNr="14717" KundEigtNr="16056" KundArt="29" KundStatus="1" KundAufDat="2003-06-06"/>
  <Kunden KundenNr="14718" KundEigtNr="16057" KundArt="8" KundStatus="3" KundAufDat="2003-06-06"/>
  <Kunden KundenNr="14719" KundEigtNr="16058" KundArt="29" KundStatus="1" KundAufDat="2003-06-10"/>
  <Kunden KundenNr="14720" KundEigtNr="15970" KundArt="29" KundStatus="1" KundAufDat="2003-06-10"/>
  <Kunden KundenNr="14721" KundEigtNr="16059" KundArt="2" KundStatus="3" KundAufDat="2003-06-10"/>
  <Kunden KundenNr="14722" KundEigtNr="16060" KundArt="2" KundStatus="3" KundAufDat="2003-06-10"/>
  <Kunden KundenNr="14723" KundEigtNr="16061" KundArt="2" KundStatus="3" KundAufDat="2003-06-10"/>
  <Kunden KundenNr="14724" KundEigtNr="16062" KundArt="2" KundStatus="3" KundAufDat="2003-06-10"/>
  <Kunden KundenNr="14725" KundEigtNr="16063" KundArt="2" KundStatus="3" KundAufDat="2003-06-10"/>
  <Kunden KundenNr="14726" KundEigtNr="16064" KundArt="2" KundStatus="3" KundAufDat="2003-06-10"/>
  <Kunden KundenNr="14727" KundEigtNr="16065" KundArt="2" KundStatus="3" KundAufDat="2003-06-10"/>
  <Kunden KundenNr="14728" KundEigtNr="16066" KundArt="8" KundStatus="3" KundAufDat="2003-06-10"/>
  <Kunden KundenNr="14729" KundEigtNr="16067" KundArt="8" KundStatus="3" KundAufDat="2003-06-10"/>
  <Kunden KundenNr="14730" KundEigtNr="16068" KundArt="8" KundStatus="3" KundAufDat="2003-06-11"/>
  <Kunden KundenNr="14731" KundEigtNr="16069" KundArt="8" KundStatus="3" KundAufDat="2003-06-11"/>
  <Kunden KundenNr="14732" KundEigtNr="16070" KundArt="8" KundStatus="3" KundAufDat="2003-06-11"/>
  <Kunden KundenNr="14733" KundEigtNr="16071" KundArt="8" KundStatus="3" KundAufDat="2003-06-11"/>
  <Kunden KundenNr="14734" KundEigtNr="16072" KundArt="8" KundStatus="3" KundAufDat="2003-06-11"/>
  <Kunden KundenNr="14735" KundEigtNr="16073" KundArt="8" KundStatus="3" KundAufDat="2003-06-11"/>
  <Kunden KundenNr="14736" KundEigtNr="16074" KundArt="2" KundStatus="3" KundAufDat="2003-06-11"/>
  <Kunden KundenNr="14737" KundEigtNr="16075" KundArt="2" KundStatus="3" KundAufDat="2003-06-11"/>
  <Kunden KundenNr="14738" KundEigtNr="16076" KundArt="8" KundStatus="1" KundAufDat="2003-06-11"/>
  <Kunden KundenNr="14739" KundEigtNr="16077" KundArt="2" KundStatus="3" KundAufDat="2003-06-11"/>
  <Kunden KundenNr="14740" KundEigtNr="15814" KundArt="2" KundStatus="3" KundAufDat="2003-06-11"/>
  <Kunden KundenNr="14741" KundEigtNr="16078" KundArt="8" KundStatus="3" KundAufDat="2003-06-11"/>
  <Kunden KundenNr="14742" KundEigtNr="11537" KundArt="2" KundStatus="3" KundAufDat="2003-06-12"/>
  <Kunden KundenNr="14744" KundEigtNr="16079" KundArt="8" KundStatus="3" KundAufDat="2003-06-12"/>
  <Kunden KundenNr="14745" KundEigtNr="14080" KundArt="2" KundStatus="3" KundAufDat="2003-06-12"/>
  <Kunden KundenNr="14746" KundEigtNr="16081" KundArt="8" KundStatus="3" KundAufDat="2003-06-12"/>
  <Kunden KundenNr="14747" KundEigtNr="16079" KundArt="2" KundStatus="3" KundAufDat="2003-06-12"/>
  <Kunden KundenNr="14748" KundEigtNr="16082" KundArt="8" KundStatus="3" KundAufDat="2003-06-12"/>
  <Kunden KundenNr="14749" KundEigtNr="16086" KundArt="1" KundStatus="3" KundAufDat="2003-06-12"/>
  <Kunden KundenNr="14750" KundEigtNr="16087" KundArt="1" KundStatus="3" KundAufDat="2003-06-13"/>
  <Kunden KundenNr="14751" KundEigtNr="16088" KundArt="2" KundStatus="3" KundAufDat="2003-06-13"/>
  <Kunden KundenNr="14752" KundEigtNr="16089" KundArt="8" KundStatus="3" KundAufDat="2003-06-13"/>
  <Kunden KundenNr="14753" KundEigtNr="13310" KundArt="8" KundStatus="3" KundAufDat="2003-06-13"/>
  <Kunden KundenNr="14754" KundEigtNr="16090" KundArt="2" KundStatus="3" KundAufDat="2003-06-13"/>
  <Kunden KundenNr="14756" KundEigtNr="15979" KundArt="29" KundStatus="1" KundAufDat="2003-06-13"/>
  <Kunden KundenNr="14757" KundEigtNr="1607" KundArt="1" KundStatus="3" KundAufDat="2003-06-14"/>
  <Kunden KundenNr="14758" KundEigtNr="16092" KundArt="1" KundStatus="3" KundAufDat="2003-06-14"/>
  <Kunden KundenNr="14759" KundEigtNr="16093" KundArt="8" KundStatus="3" KundAufDat="2003-06-14"/>
  <Kunden KundenNr="14760" KundEigtNr="16094" KundArt="2" KundStatus="3" KundAufDat="2003-06-16"/>
  <Kunden KundenNr="14761" KundEigtNr="16095" KundArt="2" KundStatus="3" KundAufDat="2003-06-16"/>
  <Kunden KundenNr="14762" KundEigtNr="16096" KundArt="1" KundStatus="3" KundAufDat="2003-06-16"/>
  <Kunden KundenNr="14763" KundEigtNr="16097" KundArt="8" KundStatus="3" KundAufDat="2003-06-16"/>
  <Kunden KundenNr="14764" KundEigtNr="16098" KundArt="2" KundStatus="3" KundAufDat="2003-06-16"/>
  <Kunden KundenNr="14765" KundEigtNr="16092" KundArt="8" KundStatus="3" KundAufDat="2003-06-16"/>
  <Kunden KundenNr="14766" KundEigtNr="16099" KundArt="8" KundStatus="3" KundAufDat="2003-06-16"/>
  <Kunden KundenNr="14767" KundEigtNr="16100" KundArt="8" KundStatus="3" KundAufDat="2003-06-16"/>
  <Kunden KundenNr="14768" KundEigtNr="16101" KundArt="2" KundStatus="3" KundAufDat="2003-06-16"/>
  <Kunden KundenNr="14769" KundEigtNr="16102" KundArt="2" KundStatus="3" KundAufDat="2003-06-16"/>
  <Kunden KundenNr="14770" KundEigtNr="14952" KundArt="8" KundStatus="3" KundAufDat="2003-06-16"/>
  <Kunden KundenNr="14771" KundEigtNr="16103" KundArt="8" KundStatus="3" KundAufDat="2003-06-16"/>
  <Kunden KundenNr="14772" KundEigtNr="16104" KundArt="8" KundStatus="3" KundAufDat="2003-06-16"/>
  <Kunden KundenNr="14773" KundEigtNr="14232" KundArt="2" KundStatus="3" KundAufDat="2003-06-16"/>
  <Kunden KundenNr="14774" KundEigtNr="16105" KundArt="2" KundStatus="3" KundAufDat="2003-06-16"/>
  <Kunden KundenNr="14775" KundEigtNr="16106" KundArt="2" KundStatus="3" KundAufDat="2003-06-16"/>
  <Kunden KundenNr="14776" KundEigtNr="16120" KundArt="8" KundStatus="3" KundAufDat="2003-06-16"/>
  <Kunden KundenNr="14777" KundEigtNr="16121" KundArt="8" KundStatus="3" KundAufDat="2003-06-16"/>
  <Kunden KundenNr="14778" KundEigtNr="16122" KundArt="8" KundStatus="3" KundAufDat="2003-06-16"/>
  <Kunden KundenNr="14779" KundEigtNr="16123" KundArt="8" KundStatus="3" KundAufDat="2003-06-16"/>
  <Kunden KundenNr="14780" KundEigtNr="16124" KundArt="8" KundStatus="1" KundAufDat="2003-06-16"/>
  <Kunden KundenNr="14781" KundEigtNr="16125" KundArt="8" KundStatus="3" KundAufDat="2003-06-16"/>
  <Kunden KundenNr="14782" KundEigtNr="12733" KundArt="8" KundStatus="3" KundAufDat="2003-06-17"/>
  <Kunden KundenNr="14783" KundEigtNr="16126" KundArt="8" KundStatus="3" KundAufDat="2003-06-17"/>
  <Kunden KundenNr="14784" KundEigtNr="16127" KundArt="8" KundStatus="3" KundAufDat="2003-06-17"/>
  <Kunden KundenNr="14785" KundEigtNr="16128" KundArt="8" KundStatus="3" KundAufDat="2003-06-17"/>
  <Kunden KundenNr="14786" KundEigtNr="16129" KundArt="1" KundStatus="3" KundAufDat="2003-06-17"/>
  <Kunden KundenNr="14787" KundEigtNr="16130" KundArt="2" KundStatus="3" KundAufDat="2003-06-17"/>
  <Kunden KundenNr="14788" KundEigtNr="16131" KundArt="29" KundStatus="1" KundAufDat="2003-06-17"/>
  <Kunden KundenNr="14789" KundEigtNr="16132" KundArt="2" KundStatus="3" KundAufDat="2003-06-17"/>
  <Kunden KundenNr="14790" KundEigtNr="16133" KundArt="2" KundStatus="3" KundAufDat="2003-06-17"/>
  <Kunden KundenNr="14791" KundEigtNr="16134" KundArt="2" KundStatus="3" KundAufDat="2003-06-17"/>
  <Kunden KundenNr="14792" KundEigtNr="16135" KundArt="2" KundStatus="3" KundAufDat="2003-06-17"/>
  <Kunden KundenNr="14793" KundEigtNr="16136" KundArt="2" KundStatus="3" KundAufDat="2003-06-17"/>
  <Kunden KundenNr="14794" KundEigtNr="16084" KundArt="29" KundStatus="1" KundAufDat="2003-06-17"/>
  <Kunden KundenNr="14795" KundEigtNr="16137" KundArt="2" KundStatus="3" KundAufDat="2003-06-17"/>
  <Kunden KundenNr="14796" KundEigtNr="16138" KundArt="2" KundStatus="3" KundAufDat="2003-06-17"/>
  <Kunden KundenNr="14797" KundEigtNr="15943" KundArt="29" KundStatus="1" KundAufDat="2003-06-17"/>
  <Kunden KundenNr="14798" KundEigtNr="16139" KundArt="29" KundStatus="1" KundAufDat="2003-06-17"/>
  <Kunden KundenNr="14799" KundEigtNr="16140" KundArt="2" KundStatus="3" KundAufDat="2003-06-17"/>
  <Kunden KundenNr="14800" KundEigtNr="16141" KundArt="8" KundStatus="3" KundAufDat="2003-06-17"/>
  <Kunden KundenNr="14801" KundEigtNr="16142" KundArt="8" KundStatus="3" KundAufDat="2003-06-17"/>
  <Kunden KundenNr="14802" KundEigtNr="16143" KundArt="8" KundStatus="3" KundAufDat="2003-06-17"/>
  <Kunden KundenNr="14803" KundEigtNr="16144" KundArt="29" KundStatus="1" KundAufDat="2003-06-17"/>
  <Kunden KundenNr="14804" KundEigtNr="16145" KundArt="8" KundStatus="3" KundAufDat="2003-06-17"/>
  <Kunden KundenNr="14805" KundEigtNr="15690" KundArt="29" KundStatus="1" KundAufDat="2003-06-18"/>
  <Kunden KundenNr="14806" KundEigtNr="16146" KundArt="2" KundStatus="1" KundAufDat="2003-06-18"/>
  <Kunden KundenNr="14807" KundEigtNr="16147" KundArt="8" KundStatus="3" KundAufDat="2003-06-18"/>
  <Kunden KundenNr="14808" KundEigtNr="16148" KundArt="8" KundStatus="3" KundAufDat="2003-06-18"/>
  <Kunden KundenNr="14809" KundEigtNr="16149" KundArt="2" KundStatus="3" KundAufDat="2003-06-18"/>
  <Kunden KundenNr="14810" KundEigtNr="16150" KundArt="2" KundStatus="3" KundAufDat="2003-06-18"/>
  <Kunden KundenNr="14811" KundEigtNr="16151" KundArt="2" KundStatus="3" KundAufDat="2003-06-18"/>
  <Kunden KundenNr="14812" KundEigtNr="16152" KundArt="8" KundStatus="3" KundAufDat="2003-06-18"/>
  <Kunden KundenNr="14813" KundEigtNr="16153" KundArt="8" KundStatus="3" KundAufDat="2003-06-18"/>
  <Kunden KundenNr="14814" KundEigtNr="16154" KundArt="8" KundStatus="3" KundAufDat="2003-06-18"/>
  <Kunden KundenNr="14815" KundEigtNr="16155" KundArt="8" KundStatus="1" KundAufDat="2003-06-19"/>
  <Kunden KundenNr="14816" KundEigtNr="16156" KundArt="8" KundStatus="3" KundAufDat="2003-06-19"/>
  <Kunden KundenNr="14817" KundEigtNr="16147" KundArt="2" KundStatus="3" KundAufDat="2003-06-19"/>
  <Kunden KundenNr="14818" KundEigtNr="16157" KundArt="8" KundStatus="3" KundAufDat="2003-06-19"/>
  <Kunden KundenNr="14819" KundEigtNr="16085" KundArt="29" KundStatus="1" KundAufDat="2003-06-19"/>
  <Kunden KundenNr="14820" KundEigtNr="16115" KundArt="29" KundStatus="1" KundAufDat="2003-06-19"/>
  <Kunden KundenNr="14821" KundEigtNr="16158" KundArt="2" KundStatus="3" KundAufDat="2003-06-19"/>
  <Kunden KundenNr="14822" KundEigtNr="16159" KundArt="2" KundStatus="3" KundAufDat="2003-06-19"/>
  <Kunden KundenNr="14823" KundEigtNr="16160" KundArt="8" KundStatus="3" KundAufDat="2003-06-19"/>
  <Kunden KundenNr="14824" KundEigtNr="16161" KundArt="29" KundStatus="1" KundAufDat="2003-06-19"/>
  <Kunden KundenNr="14825" KundEigtNr="16171" KundArt="8" KundStatus="3" KundAufDat="2003-06-20"/>
  <Kunden KundenNr="14826" KundEigtNr="16172" KundArt="2" KundStatus="3" KundAufDat="2003-06-20"/>
  <Kunden KundenNr="14827" KundEigtNr="16173" KundArt="2" KundStatus="3" KundAufDat="2003-06-20"/>
  <Kunden KundenNr="14828" KundEigtNr="16174" KundArt="2" KundStatus="3" KundAufDat="2003-06-20"/>
  <Kunden KundenNr="14829" KundEigtNr="16175" KundArt="2" KundStatus="1" KundAufDat="2003-06-20"/>
  <Kunden KundenNr="14830" KundEigtNr="16176" KundArt="2" KundStatus="3" KundAufDat="2003-06-20"/>
  <Kunden KundenNr="14831" KundEigtNr="16177" KundArt="2" KundStatus="3" KundAufDat="2003-06-20"/>
  <Kunden KundenNr="14832" KundEigtNr="16178" KundArt="2" KundStatus="3" KundAufDat="2003-06-23"/>
  <Kunden KundenNr="14833" KundEigtNr="16179" KundArt="2" KundStatus="3" KundAufDat="2003-06-23"/>
  <Kunden KundenNr="14834" KundEigtNr="16180" KundArt="2" KundStatus="3" KundAufDat="2003-06-23"/>
  <Kunden KundenNr="14835" KundEigtNr="16181" KundArt="8" KundStatus="3" KundAufDat="2003-06-23"/>
  <Kunden KundenNr="14836" KundEigtNr="16182" KundArt="2" KundStatus="3" KundAufDat="2003-06-23"/>
  <Kunden KundenNr="14837" KundEigtNr="16183" KundArt="2" KundStatus="3" KundAufDat="2003-06-23"/>
  <Kunden KundenNr="14838" KundEigtNr="8774" KundArt="2" KundStatus="3" KundAufDat="2003-06-23"/>
  <Kunden KundenNr="14839" KundEigtNr="16184" KundArt="8" KundStatus="3" KundAufDat="2003-06-23"/>
  <Kunden KundenNr="14840" KundEigtNr="6260" KundArt="8" KundStatus="3" KundAufDat="2003-06-23"/>
  <Kunden KundenNr="14841" KundEigtNr="16185" KundArt="8" KundStatus="3" KundAufDat="2003-06-23"/>
  <Kunden KundenNr="14842" KundEigtNr="16186" KundArt="2" KundStatus="3" KundAufDat="2003-06-23"/>
  <Kunden KundenNr="14843" KundEigtNr="16187" KundArt="2" KundStatus="3" KundAufDat="2003-06-23"/>
  <Kunden KundenNr="14844" KundEigtNr="16188" KundArt="8" KundStatus="3" KundAufDat="2003-06-23"/>
  <Kunden KundenNr="14845" KundEigtNr="16189" KundArt="8" KundStatus="3" KundAufDat="2003-06-23"/>
  <Kunden KundenNr="14846" KundEigtNr="16190" KundArt="2" KundStatus="3" KundAufDat="2003-06-23"/>
  <Kunden KundenNr="14847" KundEigtNr="16191" KundArt="8" KundStatus="3" KundAufDat="2003-06-23"/>
  <Kunden KundenNr="14848" KundEigtNr="16192" KundArt="8" KundStatus="3" KundAufDat="2003-06-23"/>
  <Kunden KundenNr="14849" KundEigtNr="16193" KundArt="29" KundStatus="1" KundAufDat="2003-06-23"/>
  <Kunden KundenNr="14850" KundEigtNr="16194" KundArt="29" KundStatus="1" KundAufDat="2003-06-23"/>
  <Kunden KundenNr="14851" KundEigtNr="16195" KundArt="29" KundStatus="1" KundAufDat="2003-06-23"/>
  <Kunden KundenNr="14852" KundEigtNr="16196" KundArt="29" KundStatus="1" KundAufDat="2003-06-23"/>
  <Kunden KundenNr="14853" KundEigtNr="16197" KundArt="29" KundStatus="1" KundAufDat="2003-06-23"/>
  <Kunden KundenNr="14854" KundEigtNr="16198" KundArt="29" KundStatus="1" KundAufDat="2003-06-23"/>
  <Kunden KundenNr="14855" KundEigtNr="16199" KundArt="8" KundStatus="3" KundAufDat="2003-06-23"/>
  <Kunden KundenNr="14856" KundEigtNr="16200" KundArt="2" KundStatus="3" KundAufDat="2003-06-23"/>
  <Kunden KundenNr="14857" KundEigtNr="16201" KundArt="29" KundStatus="1" KundAufDat="2003-06-23"/>
  <Kunden KundenNr="14858" KundEigtNr="16202" KundArt="29" KundStatus="1" KundAufDat="2003-06-23"/>
  <Kunden KundenNr="14859" KundEigtNr="16203" KundArt="2" KundStatus="3" KundAufDat="2003-06-24"/>
  <Kunden KundenNr="14860" KundEigtNr="16204" KundArt="2" KundStatus="3" KundAufDat="2003-06-24"/>
  <Kunden KundenNr="14861" KundEigtNr="16205" KundArt="8" KundStatus="3" KundAufDat="2003-06-24"/>
  <Kunden KundenNr="14862" KundEigtNr="16206" KundArt="2" KundStatus="3" KundAufDat="2003-06-24"/>
  <Kunden KundenNr="14863" KundEigtNr="16207" KundArt="8" KundStatus="3" KundAufDat="2003-06-24"/>
  <Kunden KundenNr="14864" KundEigtNr="16208" KundArt="8" KundStatus="3" KundAufDat="2003-06-24"/>
  <Kunden KundenNr="14865" KundEigtNr="16209" KundArt="2" KundStatus="3" KundAufDat="2003-06-24"/>
  <Kunden KundenNr="14866" KundEigtNr="16210" KundArt="8" KundStatus="3" KundAufDat="2003-06-24"/>
  <Kunden KundenNr="14867" KundEigtNr="16211" KundArt="2" KundStatus="3" KundAufDat="2003-06-24"/>
  <Kunden KundenNr="14868" KundEigtNr="16212" KundArt="8" KundStatus="3" KundAufDat="2003-06-24"/>
  <Kunden KundenNr="14869" KundEigtNr="16213" KundArt="8" KundStatus="3" KundAufDat="2003-06-24"/>
  <Kunden KundenNr="14870" KundEigtNr="16214" KundArt="8" KundStatus="3" KundAufDat="2003-06-24"/>
  <Kunden KundenNr="14871" KundEigtNr="16215" KundArt="8" KundStatus="3" KundAufDat="2003-06-24"/>
  <Kunden KundenNr="14872" KundEigtNr="16112" KundArt="29" KundStatus="1" KundAufDat="2003-06-24"/>
  <Kunden KundenNr="14873" KundEigtNr="16216" KundArt="8" KundStatus="3" KundAufDat="2003-06-24"/>
  <Kunden KundenNr="14874" KundEigtNr="16117" KundArt="29" KundStatus="1" KundAufDat="2003-06-25"/>
  <Kunden KundenNr="14875" KundEigtNr="16217" KundArt="2" KundStatus="3" KundAufDat="2003-06-25"/>
  <Kunden KundenNr="14876" KundEigtNr="16119" KundArt="29" KundStatus="1" KundAufDat="2003-06-25"/>
  <Kunden KundenNr="14877" KundEigtNr="16218" KundArt="1" KundStatus="3" KundAufDat="2003-06-25"/>
  <Kunden KundenNr="14878" KundEigtNr="16219" KundArt="8" KundStatus="3" KundAufDat="2003-06-25"/>
  <Kunden KundenNr="14879" KundEigtNr="16220" KundArt="29" KundStatus="1" KundAufDat="2003-06-25"/>
  <Kunden KundenNr="14880" KundEigtNr="16221" KundArt="2" KundStatus="3" KundAufDat="2003-06-25"/>
  <Kunden KundenNr="14881" KundEigtNr="16222" KundArt="2" KundStatus="3" KundAufDat="2003-06-25"/>
  <Kunden KundenNr="14882" KundEigtNr="16223" KundArt="2" KundStatus="3" KundAufDat="2003-06-25"/>
  <Kunden KundenNr="14883" KundEigtNr="16224" KundArt="8" KundStatus="3" KundAufDat="2003-06-25"/>
  <Kunden KundenNr="14884" KundEigtNr="13771" KundArt="8" KundStatus="3" KundAufDat="2003-06-26"/>
  <Kunden KundenNr="14885" KundEigtNr="16225" KundArt="1" KundStatus="3" KundAufDat="2003-06-26"/>
  <Kunden KundenNr="14886" KundEigtNr="16226" KundArt="8" KundStatus="3" KundAufDat="2003-06-26"/>
  <Kunden KundenNr="14887" KundEigtNr="16227" KundArt="1" KundStatus="3" KundAufDat="2003-06-26"/>
  <Kunden KundenNr="14888" KundEigtNr="16228" KundArt="1" KundStatus="3" KundAufDat="2003-06-26"/>
  <Kunden KundenNr="14889" KundEigtNr="16229" KundArt="2" KundStatus="3" KundAufDat="2003-06-26"/>
  <Kunden KundenNr="14890" KundEigtNr="16230" KundArt="8" KundStatus="3" KundAufDat="2003-06-27"/>
  <Kunden KundenNr="14891" KundEigtNr="16231" KundArt="29" KundStatus="1" KundAufDat="2003-06-27"/>
  <Kunden KundenNr="14892" KundEigtNr="16232" KundArt="8" KundStatus="3" KundAufDat="2003-06-27"/>
  <Kunden KundenNr="14894" KundEigtNr="16234" KundArt="8" KundStatus="3" KundAufDat="2003-06-27"/>
  <Kunden KundenNr="14895" KundEigtNr="16235" KundArt="8" KundStatus="3" KundAufDat="2003-06-28"/>
  <Kunden KundenNr="14896" KundEigtNr="16236" KundArt="8" KundStatus="3" KundAufDat="2003-06-28"/>
  <Kunden KundenNr="14897" KundEigtNr="16237" KundArt="2" KundStatus="1" KundAufDat="2003-06-28"/>
  <Kunden KundenNr="14898" KundEigtNr="16238" KundArt="2" KundStatus="3" KundAufDat="2003-06-30"/>
  <Kunden KundenNr="14899" KundEigtNr="16239" KundArt="2" KundStatus="3" KundAufDat="2003-06-30"/>
  <Kunden KundenNr="14900" KundEigtNr="16240" KundArt="8" KundStatus="3" KundAufDat="2003-06-30"/>
  <Kunden KundenNr="14901" KundEigtNr="16241" KundArt="2" KundStatus="3" KundAufDat="2003-06-30"/>
  <Kunden KundenNr="14902" KundEigtNr="16242" KundArt="2" KundStatus="3" KundAufDat="2003-06-30"/>
  <Kunden KundenNr="14903" KundEigtNr="16243" KundArt="8" KundStatus="3" KundAufDat="2003-06-30"/>
  <Kunden KundenNr="14904" KundEigtNr="16244" KundArt="8" KundStatus="3" KundAufDat="2003-06-30"/>
  <Kunden KundenNr="14905" KundEigtNr="16245" KundArt="8" KundStatus="3" KundAufDat="2003-06-30"/>
  <Kunden KundenNr="14906" KundEigtNr="16246" KundArt="8" KundStatus="3" KundAufDat="2003-06-30"/>
  <Kunden KundenNr="14907" KundEigtNr="16247" KundArt="1" KundStatus="3" KundAufDat="2003-06-30"/>
  <Kunden KundenNr="14908" KundEigtNr="16248" KundArt="2" KundStatus="3" KundAufDat="2003-06-30"/>
  <Kunden KundenNr="14909" KundEigtNr="16249" KundArt="8" KundStatus="3" KundAufDat="2003-06-30"/>
  <Kunden KundenNr="14910" KundEigtNr="16250" KundArt="2" KundStatus="3" KundAufDat="2003-06-30"/>
  <Kunden KundenNr="14911" KundEigtNr="16251" KundArt="2" KundStatus="3" KundAufDat="2003-06-30"/>
  <Kunden KundenNr="14912" KundEigtNr="16263" KundArt="2" KundStatus="3" KundAufDat="2003-06-30"/>
  <Kunden KundenNr="14913" KundEigtNr="16264" KundArt="2" KundStatus="3" KundAufDat="2003-06-30"/>
  <Kunden KundenNr="14914" KundEigtNr="16265" KundArt="8" KundStatus="3" KundAufDat="2003-06-30"/>
  <Kunden KundenNr="14915" KundEigtNr="16266" KundArt="2" KundStatus="3" KundAufDat="2003-06-30"/>
  <Kunden KundenNr="14916" KundEigtNr="16267" KundArt="8" KundStatus="3" KundAufDat="2003-06-30"/>
  <Kunden KundenNr="14917" KundEigtNr="16268" KundArt="8" KundStatus="3" KundAufDat="2003-06-30"/>
  <Kunden KundenNr="14918" KundEigtNr="16270" KundArt="8" KundStatus="3" KundAufDat="2003-07-01"/>
  <Kunden KundenNr="14919" KundEigtNr="16271" KundArt="2" KundStatus="3" KundAufDat="2003-07-01"/>
  <Kunden KundenNr="14920" KundEigtNr="16272" KundArt="1" KundStatus="3" KundAufDat="2003-07-01"/>
  <Kunden KundenNr="14921" KundEigtNr="16273" KundArt="2" KundStatus="3" KundAufDat="2003-07-01"/>
  <Kunden KundenNr="14922" KundEigtNr="16274" KundArt="2" KundStatus="3" KundAufDat="2003-07-01"/>
  <Kunden KundenNr="14923" KundEigtNr="16275" KundArt="2" KundStatus="3" KundAufDat="2003-07-01"/>
  <Kunden KundenNr="14924" KundEigtNr="16276" KundArt="2" KundStatus="3" KundAufDat="2003-07-01"/>
  <Kunden KundenNr="14925" KundEigtNr="16277" KundArt="2" KundStatus="3" KundAufDat="2003-07-01"/>
  <Kunden KundenNr="14926" KundEigtNr="16278" KundArt="2" KundStatus="3" KundAufDat="2003-07-01"/>
  <Kunden KundenNr="14927" KundEigtNr="16279" KundArt="2" KundStatus="3" KundAufDat="2003-07-01"/>
  <Kunden KundenNr="14928" KundEigtNr="16280" KundArt="2" KundStatus="1" KundAufDat="2003-07-01"/>
  <Kunden KundenNr="14929" KundEigtNr="16281" KundArt="2" KundStatus="3" KundAufDat="2003-07-01"/>
  <Kunden KundenNr="14930" KundEigtNr="16282" KundArt="2" KundStatus="3" KundAufDat="2003-07-01"/>
  <Kunden KundenNr="14931" KundEigtNr="16283" KundArt="8" KundStatus="3" KundAufDat="2003-07-01"/>
  <Kunden KundenNr="14932" KundEigtNr="16284" KundArt="2" KundStatus="3" KundAufDat="2003-07-02"/>
  <Kunden KundenNr="14933" KundEigtNr="16285" KundArt="2" KundStatus="3" KundAufDat="2003-07-02"/>
  <Kunden KundenNr="14934" KundEigtNr="16286" KundArt="8" KundStatus="3" KundAufDat="2003-07-02"/>
  <Kunden KundenNr="14935" KundEigtNr="16287" KundArt="29" KundStatus="1" KundAufDat="2003-07-02"/>
  <Kunden KundenNr="14936" KundEigtNr="16288" KundArt="2" KundStatus="3" KundAufDat="2003-07-02"/>
  <Kunden KundenNr="14937" KundEigtNr="16289" KundArt="2" KundStatus="3" KundAufDat="2003-07-02"/>
  <Kunden KundenNr="14938" KundEigtNr="16290" KundArt="8" KundStatus="3" KundAufDat="2003-07-02"/>
  <Kunden KundenNr="14939" KundEigtNr="16291" KundArt="8" KundStatus="3" KundAufDat="2003-07-02"/>
  <Kunden KundenNr="14940" KundEigtNr="16292" KundArt="2" KundStatus="3" KundAufDat="2003-07-02"/>
  <Kunden KundenNr="14941" KundEigtNr="16293" KundArt="2" KundStatus="3" KundAufDat="2003-07-02"/>
  <Kunden KundenNr="14942" KundEigtNr="16294" KundArt="2" KundStatus="3" KundAufDat="2003-07-02"/>
  <Kunden KundenNr="14943" KundEigtNr="16295" KundArt="8" KundStatus="3" KundAufDat="2003-07-02"/>
  <Kunden KundenNr="14944" KundEigtNr="16296" KundArt="8" KundStatus="3" KundAufDat="2003-07-02"/>
  <Kunden KundenNr="14945" KundEigtNr="16297" KundArt="2" KundStatus="3" KundAufDat="2003-07-02"/>
  <Kunden KundenNr="14946" KundEigtNr="16298" KundArt="2" KundStatus="3" KundAufDat="2003-07-02"/>
  <Kunden KundenNr="14947" KundEigtNr="16299" KundArt="2" KundStatus="3" KundAufDat="2003-07-02"/>
  <Kunden KundenNr="14948" KundEigtNr="16300" KundArt="2" KundStatus="3" KundAufDat="2003-07-02"/>
  <Kunden KundenNr="14949" KundEigtNr="16301" KundArt="8" KundStatus="3" KundAufDat="2003-07-02"/>
  <Kunden KundenNr="14950" KundEigtNr="16302" KundArt="2" KundStatus="3" KundAufDat="2003-07-02"/>
  <Kunden KundenNr="14951" KundEigtNr="16303" KundArt="8" KundStatus="3" KundAufDat="2003-07-03"/>
  <Kunden KundenNr="14952" KundEigtNr="16304" KundArt="2" KundStatus="3" KundAufDat="2003-07-03"/>
  <Kunden KundenNr="14953" KundEigtNr="16305" KundArt="2" KundStatus="3" KundAufDat="2003-07-03"/>
  <Kunden KundenNr="14954" KundEigtNr="16306" KundArt="2" KundStatus="3" KundAufDat="2003-07-03"/>
  <Kunden KundenNr="14955" KundEigtNr="9660" KundArt="29" KundStatus="1" KundAufDat="2003-07-03"/>
  <Kunden KundenNr="14956" KundEigtNr="16308" KundArt="2" KundStatus="3" KundAufDat="2003-07-03"/>
  <Kunden KundenNr="14957" KundEigtNr="16309" KundArt="2" KundStatus="3" KundAufDat="2003-07-03"/>
  <Kunden KundenNr="14958" KundEigtNr="16310" KundArt="8" KundStatus="3" KundAufDat="2003-07-03"/>
  <Kunden KundenNr="14959" KundEigtNr="16311" KundArt="8" KundStatus="3" KundAufDat="2003-07-03"/>
  <Kunden KundenNr="14960" KundEigtNr="16312" KundArt="2" KundStatus="3" KundAufDat="2003-07-03"/>
  <Kunden KundenNr="14961" KundEigtNr="16313" KundArt="2" KundStatus="3" KundAufDat="2003-07-03"/>
  <Kunden KundenNr="14962" KundEigtNr="16314" KundArt="2" KundStatus="3" KundAufDat="2003-07-03"/>
  <Kunden KundenNr="14963" KundEigtNr="16315" KundArt="2" KundStatus="3" KundAufDat="2003-07-03"/>
  <Kunden KundenNr="14964" KundEigtNr="16316" KundArt="8" KundStatus="3" KundAufDat="2003-07-04"/>
  <Kunden KundenNr="14965" KundEigtNr="16317" KundArt="2" KundStatus="1" KundAufDat="2003-07-04"/>
  <Kunden KundenNr="14966" KundEigtNr="16318" KundArt="8" KundStatus="3" KundAufDat="2003-07-04"/>
  <Kunden KundenNr="14968" KundEigtNr="16320" KundArt="8" KundStatus="3" KundAufDat="2003-07-04"/>
  <Kunden KundenNr="14969" KundEigtNr="16321" KundArt="8" KundStatus="3" KundAufDat="2003-07-04"/>
  <Kunden KundenNr="14970" KundEigtNr="16322" KundArt="2" KundStatus="3" KundAufDat="2003-07-05"/>
  <Kunden KundenNr="14971" KundEigtNr="16323" KundArt="2" KundStatus="3" KundAufDat="2003-07-05"/>
  <Kunden KundenNr="14972" KundEigtNr="16324" KundArt="8" KundStatus="3" KundAufDat="2003-07-05"/>
  <Kunden KundenNr="14973" KundEigtNr="16325" KundArt="8" KundStatus="3" KundAufDat="2003-07-05"/>
  <Kunden KundenNr="14974" KundEigtNr="16326" KundArt="2" KundStatus="3" KundAufDat="2003-07-05"/>
  <Kunden KundenNr="14975" KundEigtNr="16327" KundArt="2" KundStatus="3" KundAufDat="2003-07-05"/>
  <Kunden KundenNr="14976" KundEigtNr="16328" KundArt="2" KundStatus="3" KundAufDat="2003-07-07"/>
  <Kunden KundenNr="14977" KundEigtNr="16329" KundArt="29" KundStatus="1" KundAufDat="2003-07-07"/>
  <Kunden KundenNr="14978" KundEigtNr="16256" KundArt="29" KundStatus="1" KundAufDat="2003-07-07"/>
  <Kunden KundenNr="14979" KundEigtNr="16269" KundArt="29" KundStatus="1" KundAufDat="2003-07-07"/>
  <Kunden KundenNr="14980" KundEigtNr="16330" KundArt="2" KundStatus="3" KundAufDat="2003-07-07"/>
  <Kunden KundenNr="14981" KundEigtNr="16331" KundArt="1" KundStatus="3" KundAufDat="2003-07-07"/>
  <Kunden KundenNr="14982" KundEigtNr="5920" KundArt="1" KundStatus="3" KundAufDat="2003-07-07"/>
  <Kunden KundenNr="14983" KundEigtNr="16333" KundArt="8" KundStatus="3" KundAufDat="2003-07-07"/>
  <Kunden KundenNr="14984" KundEigtNr="16259" KundArt="29" KundStatus="1" KundAufDat="2003-07-07"/>
  <Kunden KundenNr="14985" KundEigtNr="16334" KundArt="1" KundStatus="1" KundAufDat="2003-07-07"/>
  <Kunden KundenNr="14986" KundEigtNr="16039" KundArt="29" KundStatus="1" KundAufDat="2003-07-07"/>
  <Kunden KundenNr="14987" KundEigtNr="16335" KundArt="29" KundStatus="1" KundAufDat="2003-07-07"/>
  <Kunden KundenNr="14988" KundEigtNr="16336" KundArt="2" KundStatus="3" KundAufDat="2003-07-07"/>
  <Kunden KundenNr="14989" KundEigtNr="16337" KundArt="8" KundStatus="3" KundAufDat="2003-07-07"/>
  <Kunden KundenNr="14990" KundEigtNr="16338" KundArt="8" KundStatus="3" KundAufDat="2003-07-07"/>
  <Kunden KundenNr="14991" KundEigtNr="16339" KundArt="8" KundStatus="3" KundAufDat="2003-07-07"/>
  <Kunden KundenNr="14992" KundEigtNr="16340" KundArt="2" KundStatus="3" KundAufDat="2003-07-07"/>
  <Kunden KundenNr="14993" KundEigtNr="16341" KundArt="8" KundStatus="3" KundAufDat="2003-07-07"/>
  <Kunden KundenNr="14994" KundEigtNr="16342" KundArt="8" KundStatus="3" KundAufDat="2003-07-07"/>
  <Kunden KundenNr="14995" KundEigtNr="16343" KundArt="8" KundStatus="3" KundAufDat="2003-07-07"/>
  <Kunden KundenNr="14996" KundEigtNr="16344" KundArt="8" KundStatus="3" KundAufDat="2003-07-07"/>
  <Kunden KundenNr="14997" KundEigtNr="16345" KundArt="8" KundStatus="3" KundAufDat="2003-07-07"/>
  <Kunden KundenNr="14998" KundEigtNr="16346" KundArt="29" KundStatus="1" KundAufDat="2003-07-07"/>
  <Kunden KundenNr="14999" KundEigtNr="16347" KundArt="8" KundStatus="3" KundAufDat="2003-07-08"/>
  <Kunden KundenNr="15000" KundEigtNr="16348" KundArt="8" KundStatus="3" KundAufDat="2003-07-08"/>
  <Kunden KundenNr="15001" KundEigtNr="16349" KundArt="2" KundStatus="3" KundAufDat="2003-07-08"/>
  <Kunden KundenNr="15002" KundEigtNr="13321" KundArt="1" KundStatus="1" KundAufDat="2003-07-08"/>
  <Kunden KundenNr="15003" KundEigtNr="16350" KundArt="8" KundStatus="3" KundAufDat="2003-07-08"/>
  <Kunden KundenNr="15004" KundEigtNr="16351" KundArt="8" KundStatus="3" KundAufDat="2003-07-08"/>
  <Kunden KundenNr="15005" KundEigtNr="16352" KundArt="2" KundStatus="3" KundAufDat="2003-07-08"/>
  <Kunden KundenNr="15006" KundEigtNr="16353" KundArt="29" KundStatus="1" KundAufDat="2003-07-08"/>
  <Kunden KundenNr="15007" KundEigtNr="16110" KundArt="29" KundStatus="1" KundAufDat="2003-07-08"/>
  <Kunden KundenNr="15008" KundEigtNr="16354" KundArt="8" KundStatus="3" KundAufDat="2003-07-08"/>
  <Kunden KundenNr="15009" KundEigtNr="16355" KundArt="8" KundStatus="3" KundAufDat="2003-07-08"/>
  <Kunden KundenNr="15010" KundEigtNr="16356" KundArt="2" KundStatus="3" KundAufDat="2003-07-08"/>
  <Kunden KundenNr="15011" KundEigtNr="16357" KundArt="8" KundStatus="3" KundAufDat="2003-07-08"/>
  <Kunden KundenNr="15012" KundEigtNr="16358" KundArt="8" KundStatus="3" KundAufDat="2003-07-08"/>
  <Kunden KundenNr="15013" KundEigtNr="16359" KundArt="8" KundStatus="3" KundAufDat="2003-07-08"/>
  <Kunden KundenNr="15014" KundEigtNr="16360" KundArt="2" KundStatus="3" KundAufDat="2003-07-09"/>
  <Kunden KundenNr="15015" KundEigtNr="16361" KundArt="29" KundStatus="1" KundAufDat="2003-07-09"/>
  <Kunden KundenNr="15016" KundEigtNr="16362" KundArt="8" KundStatus="3" KundAufDat="2003-07-09"/>
  <Kunden KundenNr="15017" KundEigtNr="14595" KundArt="2" KundStatus="3" KundAufDat="2003-07-09"/>
  <Kunden KundenNr="15018" KundEigtNr="16363" KundArt="2" KundStatus="3" KundAufDat="2003-07-09"/>
  <Kunden KundenNr="15019" KundEigtNr="16364" KundArt="8" KundStatus="3" KundAufDat="2003-07-09"/>
  <Kunden KundenNr="15020" KundEigtNr="16365" KundArt="2" KundStatus="3" KundAufDat="2003-07-09"/>
  <Kunden KundenNr="15021" KundEigtNr="16366" KundArt="2" KundStatus="3" KundAufDat="2003-07-09"/>
  <Kunden KundenNr="15022" KundEigtNr="16367" KundArt="2" KundStatus="3" KundAufDat="2003-07-09"/>
  <Kunden KundenNr="15023" KundEigtNr="16191" KundArt="1" KundStatus="1" KundAufDat="2003-07-09"/>
  <Kunden KundenNr="15024" KundEigtNr="16368" KundArt="1" KundStatus="3" KundAufDat="2003-07-09"/>
  <Kunden KundenNr="15025" KundEigtNr="16374" KundArt="29" KundStatus="1" KundAufDat="2003-07-09"/>
  <Kunden KundenNr="15026" KundEigtNr="16375" KundArt="29" KundStatus="1" KundAufDat="2003-07-09"/>
  <Kunden KundenNr="15027" KundEigtNr="16307" KundArt="29" KundStatus="1" KundAufDat="2003-07-09"/>
  <Kunden KundenNr="15028" KundEigtNr="16378" KundArt="8" KundStatus="3" KundAufDat="2003-07-10"/>
  <Kunden KundenNr="15029" KundEigtNr="16379" KundArt="2" KundStatus="3" KundAufDat="2003-07-11"/>
  <Kunden KundenNr="15030" KundEigtNr="16380" KundArt="2" KundStatus="3" KundAufDat="2003-07-11"/>
  <Kunden KundenNr="15031" KundEigtNr="16381" KundArt="2" KundStatus="3" KundAufDat="2003-07-11"/>
  <Kunden KundenNr="15032" KundEigtNr="15919" KundArt="8" KundStatus="3" KundAufDat="2003-07-11"/>
  <Kunden KundenNr="15033" KundEigtNr="16382" KundArt="2" KundStatus="3" KundAufDat="2003-07-11"/>
  <Kunden KundenNr="15034" KundEigtNr="16383" KundArt="8" KundStatus="3" KundAufDat="2003-07-11"/>
  <Kunden KundenNr="15035" KundEigtNr="16384" KundArt="8" KundStatus="3" KundAufDat="2003-07-11"/>
  <Kunden KundenNr="15036" KundEigtNr="16385" KundArt="8" KundStatus="3" KundAufDat="2003-07-11"/>
  <Kunden KundenNr="15037" KundEigtNr="16389" KundArt="8" KundStatus="3" KundAufDat="2003-07-14"/>
  <Kunden KundenNr="15038" KundEigtNr="16391" KundArt="8" KundStatus="3" KundAufDat="2003-07-14"/>
  <Kunden KundenNr="16296" KundEigtNr="17558" KundArt="8" KundStatus="3" KundAufDat="2003-07-14"/>
  <Kunden KundenNr="16297" KundEigtNr="17559" KundArt="8" KundStatus="3" KundAufDat="2003-07-14"/>
  <Kunden KundenNr="16298" KundEigtNr="17560" KundArt="8" KundStatus="3" KundAufDat="2003-07-14"/>
  <Kunden KundenNr="16300" KundEigtNr="17564" KundArt="8" KundStatus="3" KundAufDat="2003-07-14"/>
  <Kunden KundenNr="16301" KundEigtNr="17565" KundArt="8" KundStatus="3" KundAufDat="2003-07-14"/>
  <Kunden KundenNr="16302" KundEigtNr="17566" KundArt="8" KundStatus="3" KundAufDat="2003-07-14"/>
  <Kunden KundenNr="16303" KundEigtNr="17569" KundArt="8" KundStatus="3" KundAufDat="2003-07-14"/>
  <Kunden KundenNr="16304" KundEigtNr="17571" KundArt="8" KundStatus="3" KundAufDat="2003-07-14"/>
  <Kunden KundenNr="16305" KundEigtNr="17573" KundArt="8" KundStatus="3" KundAufDat="2003-07-14"/>
  <Kunden KundenNr="16306" KundEigtNr="17575" KundArt="8" KundStatus="3" KundAufDat="2003-07-14"/>
  <Kunden KundenNr="16307" KundEigtNr="17576" KundArt="8" KundStatus="3" KundAufDat="2003-07-14"/>
  <Kunden KundenNr="16308" KundEigtNr="17579" KundArt="8" KundStatus="3" KundAufDat="2003-07-14"/>
  <Kunden KundenNr="16309" KundEigtNr="17581" KundArt="8" KundStatus="3" KundAufDat="2003-07-14"/>
  <Kunden KundenNr="16310" KundEigtNr="17582" KundArt="8" KundStatus="3" KundAufDat="2003-07-14"/>
  <Kunden KundenNr="16311" KundEigtNr="17584" KundArt="8" KundStatus="3" KundAufDat="2003-07-14"/>
  <Kunden KundenNr="16312" KundEigtNr="17585" KundArt="1" KundStatus="3" KundAufDat="2003-07-14"/>
  <Kunden KundenNr="16313" KundEigtNr="17586" KundArt="8" KundStatus="3" KundAufDat="2003-07-14"/>
  <Kunden KundenNr="16314" KundEigtNr="17587" KundArt="1" KundStatus="3" KundAufDat="2003-07-14"/>
  <Kunden KundenNr="16315" KundEigtNr="17588" KundArt="8" KundStatus="3" KundAufDat="2003-07-14"/>
  <Kunden KundenNr="16316" KundEigtNr="20519" KundArt="8" KundStatus="3" KundAufDat="2003-07-14"/>
  <Kunden KundenNr="16317" KundEigtNr="17590" KundArt="2" KundStatus="3" KundAufDat="2003-07-15"/>
  <Kunden KundenNr="16318" KundEigtNr="17594" KundArt="29" KundStatus="1" KundAufDat="2003-07-15"/>
  <Kunden KundenNr="16319" KundEigtNr="12743" KundArt="2" KundStatus="3" KundAufDat="2003-07-17"/>
  <Kunden KundenNr="16320" KundEigtNr="17595" KundArt="2" KundStatus="3" KundAufDat="2003-07-17"/>
  <Kunden KundenNr="16321" KundEigtNr="17596" KundArt="2" KundStatus="3" KundAufDat="2003-07-17"/>
  <Kunden KundenNr="16322" KundEigtNr="17597" KundArt="1" KundStatus="3" KundAufDat="2003-07-17"/>
  <Kunden KundenNr="16323" KundEigtNr="15757" KundArt="2" KundStatus="3" KundAufDat="2003-07-17"/>
  <Kunden KundenNr="16324" KundEigtNr="17598" KundArt="2" KundStatus="3" KundAufDat="2003-07-17"/>
  <Kunden KundenNr="16325" KundEigtNr="17599" KundArt="2" KundStatus="3" KundAufDat="2003-07-17"/>
  <Kunden KundenNr="16326" KundEigtNr="17600" KundArt="8" KundStatus="3" KundAufDat="2003-07-17"/>
  <Kunden KundenNr="16327" KundEigtNr="17601" KundArt="2" KundStatus="3" KundAufDat="2003-07-17"/>
  <Kunden KundenNr="16328" KundEigtNr="17602" KundArt="2" KundStatus="3" KundAufDat="2003-07-17"/>
  <Kunden KundenNr="16329" KundEigtNr="17603" KundArt="2" KundStatus="3" KundAufDat="2003-07-17"/>
  <Kunden KundenNr="16330" KundEigtNr="17604" KundArt="2" KundStatus="3" KundAufDat="2003-07-17"/>
  <Kunden KundenNr="16331" KundEigtNr="17610" KundArt="2" KundStatus="3" KundAufDat="2003-07-18"/>
  <Kunden KundenNr="16332" KundEigtNr="17612" KundArt="1" KundStatus="1" KundAufDat="2003-07-18"/>
  <Kunden KundenNr="16333" KundEigtNr="17613" KundArt="8" KundStatus="3" KundAufDat="2003-07-18"/>
  <Kunden KundenNr="16334" KundEigtNr="17616" KundArt="8" KundStatus="3" KundAufDat="2003-07-18"/>
  <Kunden KundenNr="16335" KundEigtNr="17617" KundArt="8" KundStatus="3" KundAufDat="2003-07-18"/>
  <Kunden KundenNr="16336" KundEigtNr="17618" KundArt="2" KundStatus="3" KundAufDat="2003-07-18"/>
  <Kunden KundenNr="16337" KundEigtNr="17619" KundArt="29" KundStatus="1" KundAufDat="2003-07-18"/>
  <Kunden KundenNr="16338" KundEigtNr="17620" KundArt="1" KundStatus="3" KundAufDat="2003-07-18"/>
  <Kunden KundenNr="16339" KundEigtNr="17622" KundArt="8" KundStatus="3" KundAufDat="2003-07-19"/>
  <Kunden KundenNr="16340" KundEigtNr="17623" KundArt="2" KundStatus="3" KundAufDat="2003-07-19"/>
  <Kunden KundenNr="16341" KundEigtNr="15033" KundArt="8" KundStatus="3" KundAufDat="2003-07-19"/>
  <Kunden KundenNr="16342" KundEigtNr="707" KundArt="1" KundStatus="3" KundAufDat="2003-07-21"/>
  <Kunden KundenNr="16343" KundEigtNr="17624" KundArt="2" KundStatus="3" KundAufDat="2003-07-21"/>
  <Kunden KundenNr="16344" KundEigtNr="17625" KundArt="2" KundStatus="3" KundAufDat="2003-07-21"/>
  <Kunden KundenNr="16345" KundEigtNr="17626" KundArt="8" KundStatus="3" KundAufDat="2003-07-21"/>
  <Kunden KundenNr="16346" KundEigtNr="12909" KundArt="8" KundStatus="1" KundAufDat="2003-07-21"/>
  <Kunden KundenNr="16347" KundEigtNr="15201" KundArt="29" KundStatus="1" KundAufDat="2003-07-21"/>
  <Kunden KundenNr="16348" KundEigtNr="17630" KundArt="8" KundStatus="3" KundAufDat="2003-07-21"/>
  <Kunden KundenNr="16349" KundEigtNr="16363" KundArt="8" KundStatus="3" KundAufDat="2003-07-21"/>
  <Kunden KundenNr="16350" KundEigtNr="17633" KundArt="8" KundStatus="3" KundAufDat="2003-07-21"/>
  <Kunden KundenNr="16351" KundEigtNr="17634" KundArt="8" KundStatus="3" KundAufDat="2003-07-21"/>
  <Kunden KundenNr="16352" KundEigtNr="17635" KundArt="1" KundStatus="1" KundAufDat="2003-07-22"/>
  <Kunden KundenNr="16353" KundEigtNr="17636" KundArt="8" KundStatus="3" KundAufDat="2003-07-22"/>
  <Kunden KundenNr="16354" KundEigtNr="17637" KundArt="8" KundStatus="3" KundAufDat="2003-07-22"/>
  <Kunden KundenNr="16355" KundEigtNr="17638" KundArt="8" KundStatus="3" KundAufDat="2003-07-22"/>
  <Kunden KundenNr="16356" KundEigtNr="17639" KundArt="29" KundStatus="1" KundAufDat="2003-07-22"/>
  <Kunden KundenNr="16357" KundEigtNr="17606" KundArt="29" KundStatus="1" KundAufDat="2003-07-22"/>
  <Kunden KundenNr="16358" KundEigtNr="16371" KundArt="29" KundStatus="1" KundAufDat="2003-07-22"/>
  <Kunden KundenNr="16359" KundEigtNr="17640" KundArt="2" KundStatus="3" KundAufDat="2003-07-22"/>
  <Kunden KundenNr="16360" KundEigtNr="17641" KundArt="2" KundStatus="3" KundAufDat="2003-07-22"/>
  <Kunden KundenNr="16361" KundEigtNr="17563" KundArt="29" KundStatus="1" KundAufDat="2003-07-22"/>
  <Kunden KundenNr="16362" KundEigtNr="17643" KundArt="2" KundStatus="3" KundAufDat="2003-07-22"/>
  <Kunden KundenNr="16363" KundEigtNr="17644" KundArt="8" KundStatus="3" KundAufDat="2003-07-22"/>
  <Kunden KundenNr="16364" KundEigtNr="17645" KundArt="8" KundStatus="3" KundAufDat="2003-07-22"/>
  <Kunden KundenNr="16365" KundEigtNr="17646" KundArt="8" KundStatus="3" KundAufDat="2003-07-22"/>
  <Kunden KundenNr="16366" KundEigtNr="17647" KundArt="8" KundStatus="3" KundAufDat="2003-07-23"/>
  <Kunden KundenNr="16367" KundEigtNr="17648" KundArt="2" KundStatus="3" KundAufDat="2003-07-23"/>
  <Kunden KundenNr="16368" KundEigtNr="17649" KundArt="2" KundStatus="3" KundAufDat="2003-07-23"/>
  <Kunden KundenNr="16369" KundEigtNr="15960" KundArt="29" KundStatus="1" KundAufDat="2003-07-23"/>
  <Kunden KundenNr="16370" KundEigtNr="17650" KundArt="1" KundStatus="3" KundAufDat="2003-07-23"/>
  <Kunden KundenNr="16371" KundEigtNr="17651" KundArt="2" KundStatus="3" KundAufDat="2003-07-23"/>
  <Kunden KundenNr="16372" KundEigtNr="15201" KundArt="29" KundStatus="1" KundAufDat="2003-07-23"/>
  <Kunden KundenNr="16373" KundEigtNr="17652" KundArt="8" KundStatus="3" KundAufDat="2003-07-23"/>
  <Kunden KundenNr="16374" KundEigtNr="16390" KundArt="29" KundStatus="1" KundAufDat="2003-07-23"/>
  <Kunden KundenNr="16375" KundEigtNr="17653" KundArt="2" KundStatus="3" KundAufDat="2003-07-23"/>
  <Kunden KundenNr="16376" KundEigtNr="17654" KundArt="8" KundStatus="3" KundAufDat="2003-07-23"/>
  <Kunden KundenNr="16377" KundEigtNr="17655" KundArt="29" KundStatus="1" KundAufDat="2003-07-23"/>
  <Kunden KundenNr="16378" KundEigtNr="17656" KundArt="2" KundStatus="3" KundAufDat="2003-07-23"/>
  <Kunden KundenNr="16379" KundEigtNr="17657" KundArt="8" KundStatus="3" KundAufDat="2003-07-23"/>
  <Kunden KundenNr="16380" KundEigtNr="17658" KundArt="1" KundStatus="3" KundAufDat="2003-07-23"/>
  <Kunden KundenNr="16381" KundEigtNr="17659" KundArt="29" KundStatus="1" KundAufDat="2003-07-23"/>
  <Kunden KundenNr="16382" KundEigtNr="17660" KundArt="29" KundStatus="1" KundAufDat="2003-07-23"/>
  <Kunden KundenNr="16383" KundEigtNr="17661" KundArt="2" KundStatus="3" KundAufDat="2003-07-24"/>
  <Kunden KundenNr="16384" KundEigtNr="17662" KundArt="2" KundStatus="3" KundAufDat="2003-07-24"/>
  <Kunden KundenNr="16385" KundEigtNr="17664" KundArt="8" KundStatus="3" KundAufDat="2003-07-24"/>
  <Kunden KundenNr="16386" KundEigtNr="15827" KundArt="29" KundStatus="1" KundAufDat="2003-07-24"/>
  <Kunden KundenNr="16387" KundEigtNr="17666" KundArt="8" KundStatus="3" KundAufDat="2003-07-24"/>
  <Kunden KundenNr="16388" KundEigtNr="17667" KundArt="8" KundStatus="3" KundAufDat="2003-07-24"/>
  <Kunden KundenNr="16389" KundEigtNr="16377" KundArt="29" KundStatus="1" KundAufDat="2003-07-24"/>
  <Kunden KundenNr="16390" KundEigtNr="7791" KundArt="29" KundStatus="1" KundAufDat="2003-07-24"/>
  <Kunden KundenNr="16391" KundEigtNr="16043" KundArt="29" KundStatus="1" KundAufDat="2003-07-24"/>
  <Kunden KundenNr="16392" KundEigtNr="12943" KundArt="2" KundStatus="3" KundAufDat="2003-07-25"/>
  <Kunden KundenNr="16393" KundEigtNr="17671" KundArt="8" KundStatus="3" KundAufDat="2003-07-25"/>
  <Kunden KundenNr="16394" KundEigtNr="17672" KundArt="29" KundStatus="1" KundAufDat="2003-07-25"/>
  <Kunden KundenNr="16395" KundEigtNr="17673" KundArt="2" KundStatus="3" KundAufDat="2003-07-25"/>
  <Kunden KundenNr="16396" KundEigtNr="17676" KundArt="8" KundStatus="3" KundAufDat="2003-07-28"/>
  <Kunden KundenNr="16397" KundEigtNr="17679" KundArt="8" KundStatus="3" KundAufDat="2003-07-28"/>
  <Kunden KundenNr="16398" KundEigtNr="17680" KundArt="8" KundStatus="3" KundAufDat="2003-07-28"/>
  <Kunden KundenNr="16399" KundEigtNr="17681" KundArt="8" KundStatus="3" KundAufDat="2003-07-28"/>
  <Kunden KundenNr="16400" KundEigtNr="17682" KundArt="2" KundStatus="3" KundAufDat="2003-07-28"/>
  <Kunden KundenNr="16401" KundEigtNr="17683" KundArt="2" KundStatus="3" KundAufDat="2003-07-28"/>
  <Kunden KundenNr="16402" KundEigtNr="17684" KundArt="2" KundStatus="3" KundAufDat="2003-07-28"/>
  <Kunden KundenNr="16403" KundEigtNr="17685" KundArt="1" KundStatus="3" KundAufDat="2003-07-28"/>
  <Kunden KundenNr="16404" KundEigtNr="17686" KundArt="8" KundStatus="3" KundAufDat="2003-07-28"/>
  <Kunden KundenNr="16405" KundEigtNr="17687" KundArt="29" KundStatus="1" KundAufDat="2003-07-28"/>
  <Kunden KundenNr="16406" KundEigtNr="13949" KundArt="2" KundStatus="3" KundAufDat="2003-07-28"/>
  <Kunden KundenNr="16407" KundEigtNr="17688" KundArt="2" KundStatus="3" KundAufDat="2003-07-28"/>
  <Kunden KundenNr="16408" KundEigtNr="17689" KundArt="2" KundStatus="3" KundAufDat="2003-07-28"/>
  <Kunden KundenNr="16409" KundEigtNr="17690" KundArt="8" KundStatus="3" KundAufDat="2003-07-28"/>
  <Kunden KundenNr="16410" KundEigtNr="12352" KundArt="8" KundStatus="3" KundAufDat="2003-07-28"/>
  <Kunden KundenNr="16411" KundEigtNr="17691" KundArt="8" KundStatus="3" KundAufDat="2003-07-28"/>
  <Kunden KundenNr="16412" KundEigtNr="17692" KundArt="8" KundStatus="3" KundAufDat="2003-07-28"/>
  <Kunden KundenNr="16413" KundEigtNr="17693" KundArt="8" KundStatus="3" KundAufDat="2003-07-28"/>
  <Kunden KundenNr="16414" KundEigtNr="17694" KundArt="2" KundStatus="3" KundAufDat="2003-07-28"/>
  <Kunden KundenNr="16415" KundEigtNr="17695" KundArt="2" KundStatus="3" KundAufDat="2003-07-29"/>
  <Kunden KundenNr="16416" KundEigtNr="17697" KundArt="8" KundStatus="3" KundAufDat="2003-07-29"/>
  <Kunden KundenNr="16417" KundEigtNr="17698" KundArt="8" KundStatus="3" KundAufDat="2003-07-29"/>
  <Kunden KundenNr="16418" KundEigtNr="17699" KundArt="8" KundStatus="3" KundAufDat="2003-07-29"/>
  <Kunden KundenNr="16419" KundEigtNr="17704" KundArt="1" KundStatus="3" KundAufDat="2003-07-29"/>
  <Kunden KundenNr="16420" KundEigtNr="15828" KundArt="29" KundStatus="1" KundAufDat="2003-07-29"/>
  <Kunden KundenNr="16421" KundEigtNr="17707" KundArt="8" KundStatus="3" KundAufDat="2003-07-29"/>
  <Kunden KundenNr="16422" KundEigtNr="17715" KundArt="1" KundStatus="3" KundAufDat="2003-07-30"/>
  <Kunden KundenNr="16423" KundEigtNr="17716" KundArt="2" KundStatus="3" KundAufDat="2003-07-30"/>
  <Kunden KundenNr="16424" KundEigtNr="17661" KundArt="29" KundStatus="1" KundAufDat="2003-07-30"/>
  <Kunden KundenNr="16425" KundEigtNr="13129" KundArt="29" KundStatus="1" KundAufDat="2003-07-30"/>
  <Kunden KundenNr="16426" KundEigtNr="17717" KundArt="1" KundStatus="3" KundAufDat="2003-07-30"/>
  <Kunden KundenNr="16427" KundEigtNr="17720" KundArt="8" KundStatus="3" KundAufDat="2003-07-30"/>
  <Kunden KundenNr="16428" KundEigtNr="17723" KundArt="8" KundStatus="3" KundAufDat="2003-07-31"/>
  <Kunden KundenNr="16429" KundEigtNr="17725" KundArt="2" KundStatus="3" KundAufDat="2003-07-31"/>
  <Kunden KundenNr="16430" KundEigtNr="17726" KundArt="2" KundStatus="3" KundAufDat="2003-07-31"/>
  <Kunden KundenNr="16431" KundEigtNr="17727" KundArt="2" KundStatus="3" KundAufDat="2003-07-31"/>
  <Kunden KundenNr="16432" KundEigtNr="17728" KundArt="8" KundStatus="3" KundAufDat="2003-07-31"/>
  <Kunden KundenNr="16433" KundEigtNr="17729" KundArt="8" KundStatus="3" KundAufDat="2003-07-31"/>
  <Kunden KundenNr="16434" KundEigtNr="17730" KundArt="8" KundStatus="3" KundAufDat="2003-07-31"/>
  <Kunden KundenNr="16435" KundEigtNr="17731" KundArt="29" KundStatus="1" KundAufDat="2003-07-31"/>
  <Kunden KundenNr="16436" KundEigtNr="17732" KundArt="2" KundStatus="3" KundAufDat="2003-08-01"/>
  <Kunden KundenNr="16437" KundEigtNr="17733" KundArt="2" KundStatus="3" KundAufDat="2003-08-01"/>
  <Kunden KundenNr="16438" KundEigtNr="17734" KundArt="2" KundStatus="3" KundAufDat="2003-08-01"/>
  <Kunden KundenNr="16439" KundEigtNr="17735" KundArt="29" KundStatus="1" KundAufDat="2003-08-01"/>
  <Kunden KundenNr="16440" KundEigtNr="17737" KundArt="8" KundStatus="3" KundAufDat="2003-08-02"/>
  <Kunden KundenNr="16441" KundEigtNr="17738" KundArt="2" KundStatus="3" KundAufDat="2003-08-02"/>
  <Kunden KundenNr="16442" KundEigtNr="17739" KundArt="2" KundStatus="1" KundAufDat="2003-08-02"/>
  <Kunden KundenNr="16443" KundEigtNr="17740" KundArt="2" KundStatus="3" KundAufDat="2003-08-02"/>
  <Kunden KundenNr="16444" KundEigtNr="17741" KundArt="8" KundStatus="3" KundAufDat="2003-08-02"/>
  <Kunden KundenNr="16445" KundEigtNr="12189" KundArt="2" KundStatus="3" KundAufDat="2003-08-04"/>
  <Kunden KundenNr="16446" KundEigtNr="17742" KundArt="2" KundStatus="3" KundAufDat="2003-08-04"/>
  <Kunden KundenNr="16447" KundEigtNr="17743" KundArt="2" KundStatus="3" KundAufDat="2003-08-04"/>
  <Kunden KundenNr="16448" KundEigtNr="17744" KundArt="2" KundStatus="3" KundAufDat="2003-08-04"/>
  <Kunden KundenNr="16449" KundEigtNr="17745" KundArt="2" KundStatus="3" KundAufDat="2003-08-04"/>
  <Kunden KundenNr="16450" KundEigtNr="17746" KundArt="8" KundStatus="3" KundAufDat="2003-08-04"/>
  <Kunden KundenNr="16451" KundEigtNr="17747" KundArt="2" KundStatus="3" KundAufDat="2003-08-04"/>
  <Kunden KundenNr="16452" KundEigtNr="17748" KundArt="8" KundStatus="3" KundAufDat="2003-08-04"/>
  <Kunden KundenNr="16453" KundEigtNr="17749" KundArt="2" KundStatus="3" KundAufDat="2003-08-04"/>
  <Kunden KundenNr="16454" KundEigtNr="17750" KundArt="29" KundStatus="1" KundAufDat="2003-08-04"/>
  <Kunden KundenNr="16455" KundEigtNr="17751" KundArt="8" KundStatus="3" KundAufDat="2003-08-04"/>
  <Kunden KundenNr="16456" KundEigtNr="17752" KundArt="2" KundStatus="3" KundAufDat="2003-08-04"/>
  <Kunden KundenNr="16457" KundEigtNr="17753" KundArt="29" KundStatus="1" KundAufDat="2003-08-04"/>
  <Kunden KundenNr="16458" KundEigtNr="17754" KundArt="29" KundStatus="1" KundAufDat="2003-08-04"/>
  <Kunden KundenNr="16459" KundEigtNr="17755" KundArt="29" KundStatus="1" KundAufDat="2003-08-04"/>
  <Kunden KundenNr="16460" KundEigtNr="17756" KundArt="8" KundStatus="3" KundAufDat="2003-08-05"/>
  <Kunden KundenNr="16461" KundEigtNr="17757" KundArt="8" KundStatus="3" KundAufDat="2003-08-05"/>
  <Kunden KundenNr="16462" KundEigtNr="17758" KundArt="8" KundStatus="3" KundAufDat="2003-08-05"/>
  <Kunden KundenNr="16463" KundEigtNr="15350" KundArt="2" KundStatus="3" KundAufDat="2003-08-05"/>
  <Kunden KundenNr="16464" KundEigtNr="17759" KundArt="2" KundStatus="3" KundAufDat="2003-08-05"/>
  <Kunden KundenNr="16465" KundEigtNr="2972" KundArt="29" KundStatus="1" KundAufDat="2003-08-05"/>
  <Kunden KundenNr="16466" KundEigtNr="17760" KundArt="8" KundStatus="3" KundAufDat="2003-08-05"/>
  <Kunden KundenNr="16467" KundEigtNr="17761" KundArt="8" KundStatus="3" KundAufDat="2003-08-05"/>
  <Kunden KundenNr="16468" KundEigtNr="17762" KundArt="8" KundStatus="3" KundAufDat="2003-08-05"/>
  <Kunden KundenNr="16469" KundEigtNr="17763" KundArt="2" KundStatus="3" KundAufDat="2003-08-05"/>
  <Kunden KundenNr="16470" KundEigtNr="17764" KundArt="8" KundStatus="3" KundAufDat="2003-08-05"/>
  <Kunden KundenNr="16471" KundEigtNr="17765" KundArt="2" KundStatus="3" KundAufDat="2003-08-05"/>
  <Kunden KundenNr="16472" KundEigtNr="17766" KundArt="8" KundStatus="3" KundAufDat="2003-08-05"/>
  <Kunden KundenNr="16473" KundEigtNr="17767" KundArt="8" KundStatus="3" KundAufDat="2003-08-05"/>
  <Kunden KundenNr="16474" KundEigtNr="15999" KundArt="2" KundStatus="3" KundAufDat="2003-08-05"/>
  <Kunden KundenNr="16475" KundEigtNr="17768" KundArt="2" KundStatus="3" KundAufDat="2003-08-05"/>
  <Kunden KundenNr="16476" KundEigtNr="17769" KundArt="2" KundStatus="3" KundAufDat="2003-08-05"/>
  <Kunden KundenNr="16477" KundEigtNr="17770" KundArt="2" KundStatus="3" KundAufDat="2003-08-05"/>
  <Kunden KundenNr="16478" KundEigtNr="17771" KundArt="8" KundStatus="3" KundAufDat="2003-08-05"/>
  <Kunden KundenNr="16479" KundEigtNr="17772" KundArt="29" KundStatus="1" KundAufDat="2003-08-05"/>
  <Kunden KundenNr="16480" KundEigtNr="17773" KundArt="29" KundStatus="1" KundAufDat="2003-08-05"/>
  <Kunden KundenNr="16481" KundEigtNr="17774" KundArt="29" KundStatus="1" KundAufDat="2003-08-05"/>
  <Kunden KundenNr="16482" KundEigtNr="17775" KundArt="2" KundStatus="1" KundAufDat="2003-08-05"/>
  <Kunden KundenNr="16483" KundEigtNr="17776" KundArt="8" KundStatus="3" KundAufDat="2003-08-05"/>
  <Kunden KundenNr="16484" KundEigtNr="17777" KundArt="8" KundStatus="3" KundAufDat="2002-08-07"/>
  <Kunden KundenNr="16485" KundEigtNr="17778" KundArt="8" KundStatus="3" KundAufDat="2002-08-07"/>
  <Kunden KundenNr="16486" KundEigtNr="17779" KundArt="2" KundStatus="3" KundAufDat="2002-08-07"/>
  <Kunden KundenNr="16487" KundEigtNr="17780" KundArt="2" KundStatus="3" KundAufDat="2003-08-06"/>
  <Kunden KundenNr="16488" KundEigtNr="17781" KundArt="2" KundStatus="3" KundAufDat="2003-08-06"/>
  <Kunden KundenNr="16489" KundEigtNr="17625" KundArt="8" KundStatus="3" KundAufDat="2003-08-06"/>
  <Kunden KundenNr="16490" KundEigtNr="15349" KundArt="8" KundStatus="3" KundAufDat="2003-08-06"/>
  <Kunden KundenNr="16491" KundEigtNr="17783" KundArt="8" KundStatus="3" KundAufDat="2003-08-06"/>
  <Kunden KundenNr="16492" KundEigtNr="17784" KundArt="8" KundStatus="3" KundAufDat="2003-08-06"/>
  <Kunden KundenNr="16493" KundEigtNr="17785" KundArt="1" KundStatus="3" KundAufDat="2003-08-06"/>
  <Kunden KundenNr="16494" KundEigtNr="17786" KundArt="2" KundStatus="3" KundAufDat="2003-08-06"/>
  <Kunden KundenNr="16495" KundEigtNr="17787" KundArt="2" KundStatus="3" KundAufDat="2003-08-06"/>
  <Kunden KundenNr="16496" KundEigtNr="17788" KundArt="8" KundStatus="3" KundAufDat="2003-08-06"/>
  <Kunden KundenNr="16497" KundEigtNr="17647" KundArt="2" KundStatus="3" KundAufDat="2003-08-07"/>
  <Kunden KundenNr="16498" KundEigtNr="17789" KundArt="2" KundStatus="3" KundAufDat="2003-08-07"/>
  <Kunden KundenNr="16499" KundEigtNr="17790" KundArt="2" KundStatus="3" KundAufDat="2003-08-07"/>
  <Kunden KundenNr="16500" KundEigtNr="17791" KundArt="8" KundStatus="3" KundAufDat="2003-08-07"/>
  <Kunden KundenNr="16501" KundEigtNr="17792" KundArt="8" KundStatus="3" KundAufDat="2003-08-07"/>
  <Kunden KundenNr="16502" KundEigtNr="17801" KundArt="29" KundStatus="1" KundAufDat="2003-08-08"/>
  <Kunden KundenNr="16503" KundEigtNr="17804" KundArt="8" KundStatus="3" KundAufDat="2003-08-08"/>
  <Kunden KundenNr="16504" KundEigtNr="17805" KundArt="2" KundStatus="3" KundAufDat="2003-08-08"/>
  <Kunden KundenNr="16505" KundEigtNr="17806" KundArt="8" KundStatus="3" KundAufDat="2003-08-08"/>
  <Kunden KundenNr="16506" KundEigtNr="17807" KundArt="8" KundStatus="3" KundAufDat="2003-08-08"/>
  <Kunden KundenNr="16507" KundEigtNr="17808" KundArt="1" KundStatus="3" KundAufDat="2003-08-08"/>
  <Kunden KundenNr="16508" KundEigtNr="17809" KundArt="8" KundStatus="1" KundAufDat="2003-08-08"/>
  <Kunden KundenNr="16509" KundEigtNr="17810" KundArt="8" KundStatus="3" KundAufDat="2003-08-08"/>
  <Kunden KundenNr="16510" KundEigtNr="17811" KundArt="29" KundStatus="1" KundAufDat="2003-08-08"/>
  <Kunden KundenNr="16511" KundEigtNr="17816" KundArt="2" KundStatus="3" KundAufDat="2003-08-11"/>
  <Kunden KundenNr="16512" KundEigtNr="17817" KundArt="2" KundStatus="3" KundAufDat="2003-08-11"/>
  <Kunden KundenNr="16513" KundEigtNr="17818" KundArt="2" KundStatus="3" KundAufDat="2003-08-11"/>
  <Kunden KundenNr="16514" KundEigtNr="17822" KundArt="2" KundStatus="3" KundAufDat="2003-08-11"/>
  <Kunden KundenNr="16515" KundEigtNr="17824" KundArt="2" KundStatus="3" KundAufDat="2003-08-11"/>
  <Kunden KundenNr="16516" KundEigtNr="17826" KundArt="2" KundStatus="3" KundAufDat="2003-08-11"/>
  <Kunden KundenNr="16517" KundEigtNr="17828" KundArt="2" KundStatus="3" KundAufDat="2003-08-11"/>
  <Kunden KundenNr="16518" KundEigtNr="17829" KundArt="2" KundStatus="3" KundAufDat="2003-08-11"/>
  <Kunden KundenNr="16519" KundEigtNr="17830" KundArt="2" KundStatus="3" KundAufDat="2003-08-11"/>
  <Kunden KundenNr="16520" KundEigtNr="17831" KundArt="2" KundStatus="3" KundAufDat="2003-08-11"/>
  <Kunden KundenNr="16521" KundEigtNr="17832" KundArt="8" KundStatus="3" KundAufDat="2003-08-11"/>
  <Kunden KundenNr="16522" KundEigtNr="17833" KundArt="8" KundStatus="3" KundAufDat="2003-08-11"/>
  <Kunden KundenNr="16523" KundEigtNr="17834" KundArt="2" KundStatus="3" KundAufDat="2003-08-11"/>
  <Kunden KundenNr="16524" KundEigtNr="17835" KundArt="2" KundStatus="3" KundAufDat="2003-08-11"/>
  <Kunden KundenNr="16525" KundEigtNr="17836" KundArt="2" KundStatus="3" KundAufDat="2003-08-11"/>
  <Kunden KundenNr="16526" KundEigtNr="17837" KundArt="2" KundStatus="3" KundAufDat="2003-08-11"/>
  <Kunden KundenNr="16527" KundEigtNr="17838" KundArt="2" KundStatus="3" KundAufDat="2003-08-11"/>
  <Kunden KundenNr="16528" KundEigtNr="17839" KundArt="8" KundStatus="3" KundAufDat="2003-08-11"/>
  <Kunden KundenNr="16529" KundEigtNr="17840" KundArt="8" KundStatus="3" KundAufDat="2003-08-11"/>
  <Kunden KundenNr="16530" KundEigtNr="17841" KundArt="8" KundStatus="3" KundAufDat="2003-08-11"/>
  <Kunden KundenNr="16531" KundEigtNr="17842" KundArt="8" KundStatus="3" KundAufDat="2003-08-11"/>
  <Kunden KundenNr="16532" KundEigtNr="17843" KundArt="1" KundStatus="3" KundAufDat="2003-08-11"/>
  <Kunden KundenNr="16533" KundEigtNr="17844" KundArt="1" KundStatus="3" KundAufDat="2003-08-11"/>
  <Kunden KundenNr="16534" KundEigtNr="17845" KundArt="8" KundStatus="3" KundAufDat="2003-08-12"/>
  <Kunden KundenNr="16535" KundEigtNr="17846" KundArt="8" KundStatus="3" KundAufDat="2003-08-12"/>
  <Kunden KundenNr="16536" KundEigtNr="5377" KundArt="29" KundStatus="1" KundAufDat="2003-08-12"/>
  <Kunden KundenNr="16537" KundEigtNr="17847" KundArt="2" KundStatus="3" KundAufDat="2003-08-12"/>
  <Kunden KundenNr="16538" KundEigtNr="17848" KundArt="2" KundStatus="3" KundAufDat="2003-08-12"/>
  <Kunden KundenNr="16539" KundEigtNr="17849" KundArt="8" KundStatus="3" KundAufDat="2003-08-12"/>
  <Kunden KundenNr="16540" KundEigtNr="17850" KundArt="2" KundStatus="3" KundAufDat="2003-08-12"/>
  <Kunden KundenNr="16541" KundEigtNr="17851" KundArt="2" KundStatus="3" KundAufDat="2003-08-12"/>
  <Kunden KundenNr="16542" KundEigtNr="17852" KundArt="2" KundStatus="3" KundAufDat="2003-08-12"/>
  <Kunden KundenNr="16543" KundEigtNr="17853" KundArt="2" KundStatus="3" KundAufDat="2003-08-12"/>
  <Kunden KundenNr="16544" KundEigtNr="17854" KundArt="2" KundStatus="3" KundAufDat="2003-08-12"/>
  <Kunden KundenNr="16545" KundEigtNr="17855" KundArt="8" KundStatus="3" KundAufDat="2003-08-13"/>
  <Kunden KundenNr="16546" KundEigtNr="17856" KundArt="8" KundStatus="3" KundAufDat="2003-08-13"/>
  <Kunden KundenNr="16547" KundEigtNr="17857" KundArt="8" KundStatus="3" KundAufDat="1980-01-04"/>
  <Kunden KundenNr="16548" KundEigtNr="17858" KundArt="2" KundStatus="3" KundAufDat="2003-08-13"/>
  <Kunden KundenNr="16549" KundEigtNr="17859" KundArt="2" KundStatus="3" KundAufDat="2003-08-13"/>
  <Kunden KundenNr="16550" KundEigtNr="17860" KundArt="2" KundStatus="3" KundAufDat="2003-08-13"/>
  <Kunden KundenNr="16551" KundEigtNr="17861" KundArt="2" KundStatus="3" KundAufDat="2003-08-13"/>
  <Kunden KundenNr="16552" KundEigtNr="17862" KundArt="8" KundStatus="3" KundAufDat="2003-08-13"/>
  <Kunden KundenNr="16553" KundEigtNr="17830" KundArt="8" KundStatus="3" KundAufDat="2003-08-13"/>
  <Kunden KundenNr="16554" KundEigtNr="17599" KundArt="8" KundStatus="3" KundAufDat="2003-08-13"/>
  <Kunden KundenNr="16555" KundEigtNr="17669" KundArt="29" KundStatus="1" KundAufDat="2003-08-13"/>
  <Kunden KundenNr="16556" KundEigtNr="17863" KundArt="8" KundStatus="3" KundAufDat="2003-08-13"/>
  <Kunden KundenNr="16557" KundEigtNr="17864" KundArt="2" KundStatus="3" KundAufDat="2003-08-14"/>
  <Kunden KundenNr="16558" KundEigtNr="17865" KundArt="2" KundStatus="3" KundAufDat="2003-08-14"/>
  <Kunden KundenNr="16559" KundEigtNr="15111" KundArt="2" KundStatus="3" KundAufDat="2003-08-14"/>
  <Kunden KundenNr="16560" KundEigtNr="17866" KundArt="2" KundStatus="3" KundAufDat="2003-08-14"/>
  <Kunden KundenNr="16561" KundEigtNr="17867" KundArt="2" KundStatus="3" KundAufDat="2003-08-14"/>
  <Kunden KundenNr="16562" KundEigtNr="15795" KundArt="2" KundStatus="3" KundAufDat="2003-08-14"/>
  <Kunden KundenNr="16563" KundEigtNr="17868" KundArt="2" KundStatus="3" KundAufDat="2003-08-14"/>
  <Kunden KundenNr="16564" KundEigtNr="15342" KundArt="8" KundStatus="3" KundAufDat="2003-08-14"/>
  <Kunden KundenNr="16565" KundEigtNr="17869" KundArt="8" KundStatus="3" KundAufDat="2003-08-14"/>
  <Kunden KundenNr="16566" KundEigtNr="17871" KundArt="8" KundStatus="3" KundAufDat="2003-08-14"/>
  <Kunden KundenNr="16567" KundEigtNr="17873" KundArt="8" KundStatus="3" KundAufDat="2003-08-14"/>
  <Kunden KundenNr="16568" KundEigtNr="17874" KundArt="8" KundStatus="3" KundAufDat="2003-08-14"/>
  <Kunden KundenNr="16569" KundEigtNr="17875" KundArt="8" KundStatus="3" KundAufDat="2003-08-15"/>
  <Kunden KundenNr="16570" KundEigtNr="17876" KundArt="2" KundStatus="3" KundAufDat="2003-08-15"/>
  <Kunden KundenNr="16571" KundEigtNr="17877" KundArt="2" KundStatus="3" KundAufDat="2003-08-18"/>
  <Kunden KundenNr="16572" KundEigtNr="17878" KundArt="2" KundStatus="3" KundAufDat="2003-08-18"/>
  <Kunden KundenNr="16573" KundEigtNr="17879" KundArt="8" KundStatus="3" KundAufDat="2003-08-18"/>
  <Kunden KundenNr="16574" KundEigtNr="17880" KundArt="8" KundStatus="3" KundAufDat="2003-08-18"/>
  <Kunden KundenNr="16575" KundEigtNr="17881" KundArt="8" KundStatus="3" KundAufDat="2003-08-18"/>
  <Kunden KundenNr="16576" KundEigtNr="17882" KundArt="2" KundStatus="3" KundAufDat="2003-08-18"/>
  <Kunden KundenNr="16577" KundEigtNr="17883" KundArt="8" KundStatus="3" KundAufDat="2003-08-18"/>
  <Kunden KundenNr="16578" KundEigtNr="17884" KundArt="8" KundStatus="3" KundAufDat="2003-08-18"/>
  <Kunden KundenNr="16579" KundEigtNr="17885" KundArt="8" KundStatus="3" KundAufDat="2003-08-18"/>
  <Kunden KundenNr="16580" KundEigtNr="17886" KundArt="8" KundStatus="3" KundAufDat="2003-08-18"/>
  <Kunden KundenNr="16581" KundEigtNr="17887" KundArt="8" KundStatus="3" KundAufDat="2003-08-18"/>
  <Kunden KundenNr="16582" KundEigtNr="17888" KundArt="8" KundStatus="3" KundAufDat="2003-08-18"/>
  <Kunden KundenNr="16583" KundEigtNr="17889" KundArt="8" KundStatus="3" KundAufDat="2003-08-18"/>
  <Kunden KundenNr="16584" KundEigtNr="17890" KundArt="8" KundStatus="3" KundAufDat="2003-08-18"/>
  <Kunden KundenNr="16585" KundEigtNr="17891" KundArt="2" KundStatus="3" KundAufDat="2003-08-19"/>
  <Kunden KundenNr="16586" KundEigtNr="802" KundArt="2" KundStatus="1" KundAufDat="2003-08-19"/>
  <Kunden KundenNr="16587" KundEigtNr="17892" KundArt="2" KundStatus="3" KundAufDat="2003-08-19"/>
  <Kunden KundenNr="16588" KundEigtNr="17893" KundArt="8" KundStatus="3" KundAufDat="2003-08-19"/>
  <Kunden KundenNr="16589" KundEigtNr="17894" KundArt="8" KundStatus="3" KundAufDat="2003-08-19"/>
  <Kunden KundenNr="16590" KundEigtNr="17782" KundArt="29" KundStatus="1" KundAufDat="2003-08-19"/>
  <Kunden KundenNr="16591" KundEigtNr="17899" KundArt="2" KundStatus="3" KundAufDat="2003-08-20"/>
  <Kunden KundenNr="16592" KundEigtNr="17900" KundArt="2" KundStatus="3" KundAufDat="2003-08-20"/>
  <Kunden KundenNr="16593" KundEigtNr="17901" KundArt="2" KundStatus="3" KundAufDat="2003-08-20"/>
  <Kunden KundenNr="16594" KundEigtNr="17904" KundArt="2" KundStatus="3" KundAufDat="2003-08-20"/>
  <Kunden KundenNr="16595" KundEigtNr="17905" KundArt="8" KundStatus="3" KundAufDat="2003-08-20"/>
  <Kunden KundenNr="16596" KundEigtNr="17906" KundArt="8" KundStatus="3" KundAufDat="2003-08-20"/>
  <Kunden KundenNr="16597" KundEigtNr="17907" KundArt="8" KundStatus="3" KundAufDat="2003-08-20"/>
  <Kunden KundenNr="16598" KundEigtNr="17908" KundArt="2" KundStatus="3" KundAufDat="2003-08-20"/>
  <Kunden KundenNr="16599" KundEigtNr="17910" KundArt="8" KundStatus="3" KundAufDat="2003-08-20"/>
  <Kunden KundenNr="16600" KundEigtNr="17912" KundArt="8" KundStatus="3" KundAufDat="2003-08-21"/>
  <Kunden KundenNr="16601" KundEigtNr="17913" KundArt="8" KundStatus="3" KundAufDat="2003-08-21"/>
  <Kunden KundenNr="16602" KundEigtNr="17856" KundArt="2" KundStatus="3" KundAufDat="2003-08-21"/>
  <Kunden KundenNr="16603" KundEigtNr="17916" KundArt="2" KundStatus="3" KundAufDat="2003-08-21"/>
  <Kunden KundenNr="16604" KundEigtNr="17918" KundArt="2" KundStatus="3" KundAufDat="2003-08-21"/>
  <Kunden KundenNr="16605" KundEigtNr="17923" KundArt="2" KundStatus="3" KundAufDat="2003-08-21"/>
  <Kunden KundenNr="16606" KundEigtNr="17924" KundArt="2" KundStatus="3" KundAufDat="2003-08-21"/>
  <Kunden KundenNr="16607" KundEigtNr="17925" KundArt="2" KundStatus="3" KundAufDat="2003-08-21"/>
  <Kunden KundenNr="16608" KundEigtNr="17926" KundArt="2" KundStatus="3" KundAufDat="2003-08-21"/>
  <Kunden KundenNr="16609" KundEigtNr="17927" KundArt="8" KundStatus="3" KundAufDat="2003-08-21"/>
  <Kunden KundenNr="16610" KundEigtNr="17928" KundArt="8" KundStatus="3" KundAufDat="2003-08-21"/>
  <Kunden KundenNr="16611" KundEigtNr="17929" KundArt="2" KundStatus="3" KundAufDat="2003-08-21"/>
  <Kunden KundenNr="16612" KundEigtNr="17930" KundArt="2" KundStatus="1" KundAufDat="2003-08-21"/>
  <Kunden KundenNr="16613" KundEigtNr="17931" KundArt="8" KundStatus="3" KundAufDat="2003-08-21"/>
  <Kunden KundenNr="16614" KundEigtNr="17932" KundArt="8" KundStatus="3" KundAufDat="2003-08-21"/>
  <Kunden KundenNr="16615" KundEigtNr="17939" KundArt="8" KundStatus="3" KundAufDat="2003-08-22"/>
  <Kunden KundenNr="16616" KundEigtNr="17942" KundArt="2" KundStatus="3" KundAufDat="2003-08-22"/>
  <Kunden KundenNr="16617" KundEigtNr="17943" KundArt="2" KundStatus="3" KundAufDat="2003-08-22"/>
  <Kunden KundenNr="16618" KundEigtNr="17944" KundArt="2" KundStatus="3" KundAufDat="2003-08-22"/>
  <Kunden KundenNr="16619" KundEigtNr="17945" KundArt="2" KundStatus="3" KundAufDat="2003-08-23"/>
  <Kunden KundenNr="16620" KundEigtNr="17946" KundArt="2" KundStatus="3" KundAufDat="2003-08-25"/>
  <Kunden KundenNr="16621" KundEigtNr="17947" KundArt="2" KundStatus="3" KundAufDat="2003-08-25"/>
  <Kunden KundenNr="16622" KundEigtNr="13375" KundArt="2" KundStatus="3" KundAufDat="2003-08-25"/>
  <Kunden KundenNr="16623" KundEigtNr="17948" KundArt="2" KundStatus="3" KundAufDat="2003-08-25"/>
  <Kunden KundenNr="16624" KundEigtNr="17949" KundArt="2" KundStatus="1" KundAufDat="2003-08-25"/>
  <Kunden KundenNr="16625" KundEigtNr="17950" KundArt="2" KundStatus="3" KundAufDat="2003-08-25"/>
  <Kunden KundenNr="16626" KundEigtNr="17951" KundArt="2" KundStatus="3" KundAufDat="2003-08-25"/>
  <Kunden KundenNr="16627" KundEigtNr="17952" KundArt="1" KundStatus="3" KundAufDat="2003-08-25"/>
  <Kunden KundenNr="16628" KundEigtNr="11887" KundArt="1" KundStatus="3" KundAufDat="2003-08-25"/>
  <Kunden KundenNr="16629" KundEigtNr="17953" KundArt="1" KundStatus="1" KundAufDat="2003-08-25"/>
  <Kunden KundenNr="16630" KundEigtNr="17954" KundArt="8" KundStatus="3" KundAufDat="2003-08-25"/>
  <Kunden KundenNr="16631" KundEigtNr="17955" KundArt="2" KundStatus="3" KundAufDat="2003-08-25"/>
  <Kunden KundenNr="16632" KundEigtNr="17956" KundArt="2" KundStatus="3" KundAufDat="2003-08-25"/>
  <Kunden KundenNr="16633" KundEigtNr="17957" KundArt="2" KundStatus="3" KundAufDat="2003-08-25"/>
  <Kunden KundenNr="16634" KundEigtNr="17958" KundArt="2" KundStatus="3" KundAufDat="2003-08-25"/>
  <Kunden KundenNr="16635" KundEigtNr="17959" KundArt="8" KundStatus="1" KundAufDat="2003-08-25"/>
  <Kunden KundenNr="16636" KundEigtNr="17960" KundArt="2" KundStatus="3" KundAufDat="2003-08-25"/>
  <Kunden KundenNr="16637" KundEigtNr="17961" KundArt="1" KundStatus="3" KundAufDat="2003-08-25"/>
  <Kunden KundenNr="16638" KundEigtNr="17962" KundArt="1" KundStatus="3" KundAufDat="2003-08-25"/>
  <Kunden KundenNr="16639" KundEigtNr="17963" KundArt="2" KundStatus="3" KundAufDat="2003-08-26"/>
  <Kunden KundenNr="16640" KundEigtNr="17964" KundArt="8" KundStatus="3" KundAufDat="2003-08-26"/>
  <Kunden KundenNr="16641" KundEigtNr="17965" KundArt="8" KundStatus="3" KundAufDat="2003-08-26"/>
  <Kunden KundenNr="16642" KundEigtNr="17966" KundArt="2" KundStatus="3" KundAufDat="2003-08-26"/>
  <Kunden KundenNr="16643" KundEigtNr="17967" KundArt="2" KundStatus="3" KundAufDat="2003-08-26"/>
  <Kunden KundenNr="16644" KundEigtNr="15699" KundArt="29" KundStatus="1" KundAufDat="2003-08-26"/>
  <Kunden KundenNr="16645" KundEigtNr="17968" KundArt="8" KundStatus="3" KundAufDat="2003-08-26"/>
  <Kunden KundenNr="16646" KundEigtNr="17918" KundArt="8" KundStatus="3" KundAufDat="2003-08-27"/>
  <Kunden KundenNr="16647" KundEigtNr="17969" KundArt="8" KundStatus="3" KundAufDat="2003-08-27"/>
  <Kunden KundenNr="16648" KundEigtNr="17970" KundArt="8" KundStatus="3" KundAufDat="2003-08-27"/>
  <Kunden KundenNr="16649" KundEigtNr="17971" KundArt="2" KundStatus="3" KundAufDat="2003-08-27"/>
  <Kunden KundenNr="16650" KundEigtNr="14924" KundArt="2" KundStatus="3" KundAufDat="2003-08-27"/>
  <Kunden KundenNr="16651" KundEigtNr="17972" KundArt="8" KundStatus="3" KundAufDat="2003-08-27"/>
  <Kunden KundenNr="16652" KundEigtNr="17973" KundArt="2" KundStatus="3" KundAufDat="2003-08-27"/>
  <Kunden KundenNr="16653" KundEigtNr="17974" KundArt="2" KundStatus="3" KundAufDat="2003-08-27"/>
  <Kunden KundenNr="16654" KundEigtNr="17975" KundArt="8" KundStatus="3" KundAufDat="2003-08-27"/>
  <Kunden KundenNr="16655" KundEigtNr="17976" KundArt="8" KundStatus="3" KundAufDat="2003-08-27"/>
  <Kunden KundenNr="16656" KundEigtNr="17977" KundArt="8" KundStatus="3" KundAufDat="2003-08-27"/>
  <Kunden KundenNr="16657" KundEigtNr="17795" KundArt="29" KundStatus="1" KundAufDat="2003-08-27"/>
  <Kunden KundenNr="16658" KundEigtNr="17978" KundArt="29" KundStatus="1" KundAufDat="2003-08-27"/>
  <Kunden KundenNr="16659" KundEigtNr="17980" KundArt="8" KundStatus="3" KundAufDat="2003-08-28"/>
  <Kunden KundenNr="16660" KundEigtNr="17981" KundArt="8" KundStatus="3" KundAufDat="2003-08-28"/>
  <Kunden KundenNr="16661" KundEigtNr="17984" KundArt="2" KundStatus="3" KundAufDat="2003-08-28"/>
  <Kunden KundenNr="16662" KundEigtNr="17986" KundArt="29" KundStatus="1" KundAufDat="2003-08-28"/>
  <Kunden KundenNr="16663" KundEigtNr="17987" KundArt="2" KundStatus="3" KundAufDat="2003-08-28"/>
  <Kunden KundenNr="16664" KundEigtNr="17989" KundArt="2" KundStatus="3" KundAufDat="2003-08-28"/>
  <Kunden KundenNr="16665" KundEigtNr="17992" KundArt="29" KundStatus="1" KundAufDat="2003-08-28"/>
  <Kunden KundenNr="16666" KundEigtNr="17993" KundArt="2" KundStatus="3" KundAufDat="2003-08-28"/>
  <Kunden KundenNr="16667" KundEigtNr="17994" KundArt="8" KundStatus="3" KundAufDat="2003-08-28"/>
  <Kunden KundenNr="16668" KundEigtNr="15676" KundArt="2" KundStatus="3" KundAufDat="2003-08-28"/>
  <Kunden KundenNr="16669" KundEigtNr="17997" KundArt="2" KundStatus="3" KundAufDat="2003-08-28"/>
  <Kunden KundenNr="16670" KundEigtNr="17592" KundArt="29" KundStatus="1" KundAufDat="2003-08-28"/>
  <Kunden KundenNr="16671" KundEigtNr="16022" KundArt="2" KundStatus="3" KundAufDat="2003-08-28"/>
  <Kunden KundenNr="16672" KundEigtNr="17998" KundArt="1" KundStatus="3" KundAufDat="2003-08-29"/>
  <Kunden KundenNr="16673" KundEigtNr="17999" KundArt="2" KundStatus="3" KundAufDat="2003-08-29"/>
  <Kunden KundenNr="16674" KundEigtNr="18000" KundArt="2" KundStatus="3" KundAufDat="2003-08-29"/>
  <Kunden KundenNr="16675" KundEigtNr="18001" KundArt="1" KundStatus="3" KundAufDat="2003-08-29"/>
  <Kunden KundenNr="16676" KundEigtNr="18002" KundArt="2" KundStatus="3" KundAufDat="2003-08-29"/>
  <Kunden KundenNr="16677" KundEigtNr="18003" KundArt="1" KundStatus="3" KundAufDat="2003-08-29"/>
  <Kunden KundenNr="16678" KundEigtNr="18004" KundArt="8" KundStatus="3" KundAufDat="2003-08-29"/>
  <Kunden KundenNr="16679" KundEigtNr="18005" KundArt="2" KundStatus="3" KundAufDat="2003-08-29"/>
  <Kunden KundenNr="16680" KundEigtNr="18006" KundArt="8" KundStatus="3" KundAufDat="2003-08-29"/>
  <Kunden KundenNr="16681" KundEigtNr="18007" KundArt="8" KundStatus="3" KundAufDat="2003-08-29"/>
  <Kunden KundenNr="16682" KundEigtNr="18008" KundArt="2" KundStatus="3" KundAufDat="2003-08-29"/>
  <Kunden KundenNr="16683" KundEigtNr="18019" KundArt="2" KundStatus="3" KundAufDat="2003-08-29"/>
  <Kunden KundenNr="16684" KundEigtNr="18020" KundArt="2" KundStatus="3" KundAufDat="2003-08-29"/>
  <Kunden KundenNr="16685" KundEigtNr="18021" KundArt="2" KundStatus="3" KundAufDat="2003-08-29"/>
  <Kunden KundenNr="16686" KundEigtNr="18022" KundArt="2" KundStatus="3" KundAufDat="2003-08-29"/>
  <Kunden KundenNr="16687" KundEigtNr="18023" KundArt="2" KundStatus="3" KundAufDat="2003-08-29"/>
  <Kunden KundenNr="16688" KundEigtNr="17895" KundArt="29" KundStatus="1" KundAufDat="2003-08-30"/>
  <Kunden KundenNr="16689" KundEigtNr="18024" KundArt="8" KundStatus="3" KundAufDat="2003-08-30"/>
  <Kunden KundenNr="16690" KundEigtNr="18025" KundArt="1" KundStatus="3" KundAufDat="2003-09-01"/>
  <Kunden KundenNr="16691" KundEigtNr="16370" KundArt="29" KundStatus="1" KundAufDat="2003-09-01"/>
  <Kunden KundenNr="16692" KundEigtNr="18026" KundArt="2" KundStatus="3" KundAufDat="2003-09-01"/>
  <Kunden KundenNr="16693" KundEigtNr="17605" KundArt="8" KundStatus="3" KundAufDat="2003-09-01"/>
  <Kunden KundenNr="16694" KundEigtNr="18027" KundArt="1" KundStatus="3" KundAufDat="2003-09-01"/>
  <Kunden KundenNr="16695" KundEigtNr="18029" KundArt="1" KundStatus="1" KundAufDat="2003-09-01"/>
  <Kunden KundenNr="16696" KundEigtNr="18030" KundArt="8" KundStatus="3" KundAufDat="2003-09-01"/>
  <Kunden KundenNr="16697" KundEigtNr="18031" KundArt="8" KundStatus="3" KundAufDat="2003-09-01"/>
  <Kunden KundenNr="16698" KundEigtNr="18032" KundArt="8" KundStatus="3" KundAufDat="2003-09-01"/>
  <Kunden KundenNr="16699" KundEigtNr="18007" KundArt="2" KundStatus="3" KundAufDat="2003-09-01"/>
  <Kunden KundenNr="16700" KundEigtNr="18033" KundArt="2" KundStatus="3" KundAufDat="2003-09-01"/>
  <Kunden KundenNr="16701" KundEigtNr="17896" KundArt="29" KundStatus="1" KundAufDat="2003-09-01"/>
  <Kunden KundenNr="16702" KundEigtNr="18034" KundArt="2" KundStatus="3" KundAufDat="2003-09-01"/>
  <Kunden KundenNr="16703" KundEigtNr="18035" KundArt="1" KundStatus="1" KundAufDat="2003-09-01"/>
  <Kunden KundenNr="16704" KundEigtNr="16172" KundArt="1" KundStatus="3" KundAufDat="2003-09-01"/>
  <Kunden KundenNr="16705" KundEigtNr="18036" KundArt="2" KundStatus="3" KundAufDat="2003-09-01"/>
  <Kunden KundenNr="16706" KundEigtNr="18037" KundArt="1" KundStatus="3" KundAufDat="2003-09-01"/>
  <Kunden KundenNr="16707" KundEigtNr="18036" KundArt="8" KundStatus="3" KundAufDat="2003-09-01"/>
  <Kunden KundenNr="16708" KundEigtNr="18038" KundArt="8" KundStatus="3" KundAufDat="2003-09-01"/>
  <Kunden KundenNr="16709" KundEigtNr="18039" KundArt="8" KundStatus="3" KundAufDat="2003-09-01"/>
  <Kunden KundenNr="16710" KundEigtNr="15715" KundArt="2" KundStatus="3" KundAufDat="2003-09-01"/>
  <Kunden KundenNr="16711" KundEigtNr="18041" KundArt="8" KundStatus="3" KundAufDat="2003-09-01"/>
  <Kunden KundenNr="16712" KundEigtNr="18042" KundArt="8" KundStatus="3" KundAufDat="2003-09-01"/>
  <Kunden KundenNr="16713" KundEigtNr="18045" KundArt="2" KundStatus="3" KundAufDat="2003-09-02"/>
  <Kunden KundenNr="16714" KundEigtNr="18047" KundArt="2" KundStatus="3" KundAufDat="2003-09-02"/>
  <Kunden KundenNr="16715" KundEigtNr="16018" KundArt="29" KundStatus="1" KundAufDat="2003-09-02"/>
  <Kunden KundenNr="16716" KundEigtNr="18049" KundArt="2" KundStatus="3" KundAufDat="2003-09-02"/>
  <Kunden KundenNr="16717" KundEigtNr="18050" KundArt="8" KundStatus="3" KundAufDat="2003-09-02"/>
  <Kunden KundenNr="16718" KundEigtNr="18051" KundArt="8" KundStatus="3" KundAufDat="2003-09-02"/>
  <Kunden KundenNr="16719" KundEigtNr="18052" KundArt="8" KundStatus="3" KundAufDat="2003-09-02"/>
  <Kunden KundenNr="16720" KundEigtNr="18053" KundArt="8" KundStatus="3" KundAufDat="2003-09-02"/>
  <Kunden KundenNr="16721" KundEigtNr="18054" KundArt="8" KundStatus="3" KundAufDat="2003-09-02"/>
  <Kunden KundenNr="16722" KundEigtNr="18060" KundArt="2" KundStatus="3" KundAufDat="2003-09-03"/>
  <Kunden KundenNr="16723" KundEigtNr="18061" KundArt="2" KundStatus="3" KundAufDat="2003-09-03"/>
  <Kunden KundenNr="16724" KundEigtNr="18062" KundArt="2" KundStatus="3" KundAufDat="2003-09-03"/>
  <Kunden KundenNr="16725" KundEigtNr="18063" KundArt="8" KundStatus="3" KundAufDat="2003-09-03"/>
  <Kunden KundenNr="16726" KundEigtNr="18064" KundArt="8" KundStatus="3" KundAufDat="2003-09-03"/>
  <Kunden KundenNr="16727" KundEigtNr="18065" KundArt="8" KundStatus="3" KundAufDat="2003-09-03"/>
  <Kunden KundenNr="16728" KundEigtNr="18018" KundArt="29" KundStatus="1" KundAufDat="2003-09-03"/>
  <Kunden KundenNr="16729" KundEigtNr="18066" KundArt="2" KundStatus="3" KundAufDat="2003-09-03"/>
  <Kunden KundenNr="16730" KundEigtNr="17692" KundArt="2" KundStatus="3" KundAufDat="2003-09-04"/>
  <Kunden KundenNr="16731" KundEigtNr="18067" KundArt="2" KundStatus="3" KundAufDat="2003-09-05"/>
  <Kunden KundenNr="16732" KundEigtNr="18068" KundArt="2" KundStatus="3" KundAufDat="2003-09-05"/>
  <Kunden KundenNr="16733" KundEigtNr="18069" KundArt="2" KundStatus="3" KundAufDat="2003-09-05"/>
  <Kunden KundenNr="16734" KundEigtNr="18070" KundArt="8" KundStatus="3" KundAufDat="2003-09-05"/>
  <Kunden KundenNr="16735" KundEigtNr="18071" KundArt="8" KundStatus="3" KundAufDat="2003-09-05"/>
  <Kunden KundenNr="16736" KundEigtNr="18072" KundArt="2" KundStatus="3" KundAufDat="2003-09-05"/>
  <Kunden KundenNr="16737" KundEigtNr="18073" KundArt="2" KundStatus="1" KundAufDat="2003-09-05"/>
  <Kunden KundenNr="16738" KundEigtNr="18074" KundArt="8" KundStatus="3" KundAufDat="2003-09-05"/>
  <Kunden KundenNr="16739" KundEigtNr="18075" KundArt="8" KundStatus="3" KundAufDat="2003-09-05"/>
  <Kunden KundenNr="16740" KundEigtNr="18076" KundArt="8" KundStatus="3" KundAufDat="2003-09-05"/>
  <Kunden KundenNr="16741" KundEigtNr="18077" KundArt="8" KundStatus="3" KundAufDat="2003-09-05"/>
  <Kunden KundenNr="16742" KundEigtNr="18057" KundArt="29" KundStatus="1" KundAufDat="2003-09-05"/>
  <Kunden KundenNr="16743" KundEigtNr="18078" KundArt="2" KundStatus="1" KundAufDat="2003-09-06"/>
  <Kunden KundenNr="16744" KundEigtNr="18079" KundArt="2" KundStatus="3" KundAufDat="2003-09-08"/>
  <Kunden KundenNr="16745" KundEigtNr="18080" KundArt="2" KundStatus="3" KundAufDat="2003-09-08"/>
  <Kunden KundenNr="16746" KundEigtNr="18081" KundArt="1" KundStatus="3" KundAufDat="2003-09-08"/>
  <Kunden KundenNr="16747" KundEigtNr="18082" KundArt="8" KundStatus="3" KundAufDat="2003-09-08"/>
  <Kunden KundenNr="16748" KundEigtNr="18083" KundArt="2" KundStatus="3" KundAufDat="2003-09-08"/>
  <Kunden KundenNr="16749" KundEigtNr="18084" KundArt="8" KundStatus="3" KundAufDat="2003-09-08"/>
  <Kunden KundenNr="16750" KundEigtNr="18085" KundArt="8" KundStatus="3" KundAufDat="2003-09-08"/>
  <Kunden KundenNr="16751" KundEigtNr="18086" KundArt="8" KundStatus="3" KundAufDat="2003-09-08"/>
  <Kunden KundenNr="16752" KundEigtNr="18087" KundArt="2" KundStatus="3" KundAufDat="2003-09-08"/>
  <Kunden KundenNr="16753" KundEigtNr="18088" KundArt="8" KundStatus="3" KundAufDat="2003-09-08"/>
  <Kunden KundenNr="16754" KundEigtNr="18089" KundArt="8" KundStatus="3" KundAufDat="2003-09-08"/>
  <Kunden KundenNr="16755" KundEigtNr="18090" KundArt="2" KundStatus="3" KundAufDat="2003-09-08"/>
  <Kunden KundenNr="16756" KundEigtNr="18091" KundArt="1" KundStatus="3" KundAufDat="2003-09-08"/>
  <Kunden KundenNr="16757" KundEigtNr="18092" KundArt="1" KundStatus="1" KundAufDat="2003-09-08"/>
  <Kunden KundenNr="16758" KundEigtNr="17555" KundArt="29" KundStatus="1" KundAufDat="2003-09-09"/>
  <Kunden KundenNr="16759" KundEigtNr="18093" KundArt="29" KundStatus="1" KundAufDat="2003-09-09"/>
  <Kunden KundenNr="16760" KundEigtNr="18094" KundArt="29" KundStatus="1" KundAufDat="2003-09-09"/>
  <Kunden KundenNr="16761" KundEigtNr="18095" KundArt="8" KundStatus="3" KundAufDat="2003-09-09"/>
  <Kunden KundenNr="16762" KundEigtNr="18096" KundArt="8" KundStatus="3" KundAufDat="2003-09-09"/>
  <Kunden KundenNr="16763" KundEigtNr="18097" KundArt="8" KundStatus="3" KundAufDat="2003-09-09"/>
  <Kunden KundenNr="16764" KundEigtNr="18098" KundArt="2" KundStatus="3" KundAufDat="2003-09-09"/>
  <Kunden KundenNr="16765" KundEigtNr="18100" KundArt="29" KundStatus="1" KundAufDat="2003-09-09"/>
  <Kunden KundenNr="16766" KundEigtNr="16257" KundArt="29" KundStatus="1" KundAufDat="2003-09-09"/>
  <Kunden KundenNr="16767" KundEigtNr="18101" KundArt="29" KundStatus="1" KundAufDat="2003-09-09"/>
  <Kunden KundenNr="16768" KundEigtNr="18102" KundArt="2" KundStatus="3" KundAufDat="2003-09-09"/>
  <Kunden KundenNr="16769" KundEigtNr="18103" KundArt="2" KundStatus="3" KundAufDat="2003-09-09"/>
  <Kunden KundenNr="16770" KundEigtNr="18104" KundArt="2" KundStatus="3" KundAufDat="2003-09-09"/>
  <Kunden KundenNr="16771" KundEigtNr="18105" KundArt="2" KundStatus="3" KundAufDat="2003-09-10"/>
  <Kunden KundenNr="16772" KundEigtNr="18106" KundArt="8" KundStatus="3" KundAufDat="2003-09-10"/>
  <Kunden KundenNr="16773" KundEigtNr="18107" KundArt="8" KundStatus="3" KundAufDat="2003-09-10"/>
  <Kunden KundenNr="16774" KundEigtNr="18108" KundArt="8" KundStatus="3" KundAufDat="2003-09-10"/>
  <Kunden KundenNr="16775" KundEigtNr="18100" KundArt="2" KundStatus="3" KundAufDat="2003-09-10"/>
  <Kunden KundenNr="16776" KundEigtNr="18109" KundArt="2" KundStatus="3" KundAufDat="2003-09-10"/>
  <Kunden KundenNr="16777" KundEigtNr="18110" KundArt="2" KundStatus="3" KundAufDat="2003-09-10"/>
  <Kunden KundenNr="16778" KundEigtNr="18111" KundArt="8" KundStatus="3" KundAufDat="2003-09-10"/>
  <Kunden KundenNr="16779" KundEigtNr="18112" KundArt="1" KundStatus="3" KundAufDat="2003-09-10"/>
  <Kunden KundenNr="16780" KundEigtNr="18113" KundArt="2" KundStatus="3" KundAufDat="2003-09-11"/>
  <Kunden KundenNr="16781" KundEigtNr="18114" KundArt="2" KundStatus="3" KundAufDat="2003-09-11"/>
  <Kunden KundenNr="16782" KundEigtNr="18022" KundArt="8" KundStatus="3" KundAufDat="2003-09-11"/>
  <Kunden KundenNr="16783" KundEigtNr="18115" KundArt="2" KundStatus="3" KundAufDat="2003-09-11"/>
  <Kunden KundenNr="16784" KundEigtNr="18116" KundArt="8" KundStatus="3" KundAufDat="2003-09-11"/>
  <Kunden KundenNr="16785" KundEigtNr="18117" KundArt="2" KundStatus="3" KundAufDat="2003-09-12"/>
  <Kunden KundenNr="16786" KundEigtNr="18118" KundArt="8" KundStatus="3" KundAufDat="2003-09-12"/>
  <Kunden KundenNr="16787" KundEigtNr="18119" KundArt="8" KundStatus="3" KundAufDat="2003-09-12"/>
  <Kunden KundenNr="16788" KundEigtNr="18120" KundArt="8" KundStatus="3" KundAufDat="2003-09-12"/>
  <Kunden KundenNr="16789" KundEigtNr="18121" KundArt="2" KundStatus="3" KundAufDat="2003-09-12"/>
  <Kunden KundenNr="16790" KundEigtNr="18122" KundArt="8" KundStatus="3" KundAufDat="2003-09-12"/>
  <Kunden KundenNr="16791" KundEigtNr="18123" KundArt="8" KundStatus="3" KundAufDat="2003-09-12"/>
  <Kunden KundenNr="16792" KundEigtNr="18124" KundArt="8" KundStatus="3" KundAufDat="2003-09-12"/>
  <Kunden KundenNr="16793" KundEigtNr="18125" KundArt="2" KundStatus="3" KundAufDat="2003-09-12"/>
  <Kunden KundenNr="16794" KundEigtNr="18013" KundArt="29" KundStatus="1" KundAufDat="2003-09-13"/>
  <Kunden KundenNr="16795" KundEigtNr="18128" KundArt="29" KundStatus="1" KundAufDat="2003-09-15"/>
  <Kunden KundenNr="16796" KundEigtNr="18129" KundArt="2" KundStatus="1" KundAufDat="2003-09-15"/>
  <Kunden KundenNr="16797" KundEigtNr="18130" KundArt="2" KundStatus="3" KundAufDat="2003-09-15"/>
  <Kunden KundenNr="16798" KundEigtNr="18131" KundArt="2" KundStatus="3" KundAufDat="2003-09-15"/>
  <Kunden KundenNr="16799" KundEigtNr="18132" KundArt="1" KundStatus="3" KundAufDat="2003-09-15"/>
  <Kunden KundenNr="16800" KundEigtNr="18133" KundArt="1" KundStatus="3" KundAufDat="2003-09-15"/>
  <Kunden KundenNr="16801" KundEigtNr="18134" KundArt="8" KundStatus="3" KundAufDat="2003-09-15"/>
  <Kunden KundenNr="16802" KundEigtNr="16041" KundArt="1" KundStatus="3" KundAufDat="2003-09-15"/>
  <Kunden KundenNr="16803" KundEigtNr="18135" KundArt="8" KundStatus="3" KundAufDat="2003-09-15"/>
  <Kunden KundenNr="16804" KundEigtNr="18136" KundArt="8" KundStatus="3" KundAufDat="2003-09-15"/>
  <Kunden KundenNr="16805" KundEigtNr="18137" KundArt="1" KundStatus="3" KundAufDat="2003-09-15"/>
  <Kunden KundenNr="16806" KundEigtNr="18138" KundArt="8" KundStatus="3" KundAufDat="2003-09-15"/>
  <Kunden KundenNr="16807" KundEigtNr="18139" KundArt="8" KundStatus="3" KundAufDat="2003-09-15"/>
  <Kunden KundenNr="16808" KundEigtNr="18140" KundArt="8" KundStatus="3" KundAufDat="2003-09-15"/>
  <Kunden KundenNr="16809" KundEigtNr="18141" KundArt="8" KundStatus="3" KundAufDat="2003-09-15"/>
  <Kunden KundenNr="16810" KundEigtNr="18142" KundArt="8" KundStatus="3" KundAufDat="2003-09-15"/>
  <Kunden KundenNr="16811" KundEigtNr="18143" KundArt="1" KundStatus="3" KundAufDat="2003-09-16"/>
  <Kunden KundenNr="16812" KundEigtNr="18144" KundArt="1" KundStatus="3" KundAufDat="2003-09-16"/>
  <Kunden KundenNr="16813" KundEigtNr="18145" KundArt="1" KundStatus="1" KundAufDat="2003-09-16"/>
  <Kunden KundenNr="16814" KundEigtNr="18040" KundArt="29" KundStatus="1" KundAufDat="2003-09-16"/>
  <Kunden KundenNr="16815" KundEigtNr="18146" KundArt="8" KundStatus="3" KundAufDat="2003-09-16"/>
  <Kunden KundenNr="16816" KundEigtNr="18147" KundArt="2" KundStatus="3" KundAufDat="2003-09-16"/>
  <Kunden KundenNr="16817" KundEigtNr="18148" KundArt="29" KundStatus="1" KundAufDat="2003-09-16"/>
  <Kunden KundenNr="16818" KundEigtNr="10166" KundArt="29" KundStatus="1" KundAufDat="2003-09-16"/>
  <Kunden KundenNr="16819" KundEigtNr="18150" KundArt="8" KundStatus="3" KundAufDat="2003-09-16"/>
  <Kunden KundenNr="16820" KundEigtNr="18151" KundArt="2" KundStatus="3" KundAufDat="2003-09-16"/>
  <Kunden KundenNr="16821" KundEigtNr="18152" KundArt="2" KundStatus="3" KundAufDat="2003-09-16"/>
  <Kunden KundenNr="16822" KundEigtNr="18153" KundArt="2" KundStatus="3" KundAufDat="2003-09-16"/>
  <Kunden KundenNr="16823" KundEigtNr="18155" KundArt="2" KundStatus="3" KundAufDat="2003-09-17"/>
  <Kunden KundenNr="16824" KundEigtNr="18158" KundArt="2" KundStatus="3" KundAufDat="2003-09-17"/>
  <Kunden KundenNr="16825" KundEigtNr="18159" KundArt="2" KundStatus="3" KundAufDat="2003-09-17"/>
  <Kunden KundenNr="16826" KundEigtNr="18160" KundArt="2" KundStatus="3" KundAufDat="2003-09-17"/>
  <Kunden KundenNr="16827" KundEigtNr="18161" KundArt="2" KundStatus="3" KundAufDat="2003-09-17"/>
  <Kunden KundenNr="16828" KundEigtNr="18162" KundArt="2" KundStatus="3" KundAufDat="2003-09-17"/>
  <Kunden KundenNr="16829" KundEigtNr="18163" KundArt="2" KundStatus="3" KundAufDat="2003-09-17"/>
  <Kunden KundenNr="16830" KundEigtNr="17799" KundArt="29" KundStatus="1" KundAufDat="2003-09-17"/>
  <Kunden KundenNr="16831" KundEigtNr="18164" KundArt="2" KundStatus="3" KundAufDat="2003-09-17"/>
  <Kunden KundenNr="16832" KundEigtNr="18168" KundArt="8" KundStatus="3" KundAufDat="2003-09-18"/>
  <Kunden KundenNr="16833" KundEigtNr="18169" KundArt="8" KundStatus="3" KundAufDat="2003-09-18"/>
  <Kunden KundenNr="16834" KundEigtNr="18170" KundArt="8" KundStatus="3" KundAufDat="2003-09-18"/>
  <Kunden KundenNr="16835" KundEigtNr="17631" KundArt="29" KundStatus="1" KundAufDat="2003-09-18"/>
  <Kunden KundenNr="16836" KundEigtNr="18171" KundArt="29" KundStatus="1" KundAufDat="2003-09-18"/>
  <Kunden KundenNr="16837" KundEigtNr="18172" KundArt="8" KundStatus="3" KundAufDat="2003-09-19"/>
  <Kunden KundenNr="16839" KundEigtNr="18174" KundArt="8" KundStatus="3" KundAufDat="2003-09-22"/>
  <Kunden KundenNr="16840" KundEigtNr="18175" KundArt="8" KundStatus="3" KundAufDat="2003-09-22"/>
  <Kunden KundenNr="16841" KundEigtNr="18176" KundArt="8" KundStatus="3" KundAufDat="2003-09-22"/>
  <Kunden KundenNr="16842" KundEigtNr="18177" KundArt="1" KundStatus="3" KundAufDat="2003-09-22"/>
  <Kunden KundenNr="16843" KundEigtNr="18178" KundArt="1" KundStatus="3" KundAufDat="2003-09-22"/>
  <Kunden KundenNr="16844" KundEigtNr="18179" KundArt="2" KundStatus="3" KundAufDat="2003-09-22"/>
  <Kunden KundenNr="16845" KundEigtNr="18180" KundArt="2" KundStatus="3" KundAufDat="2003-09-22"/>
  <Kunden KundenNr="16846" KundEigtNr="18181" KundArt="2" KundStatus="3" KundAufDat="2003-09-22"/>
  <Kunden KundenNr="16847" KundEigtNr="18182" KundArt="8" KundStatus="3" KundAufDat="2003-09-22"/>
  <Kunden KundenNr="16848" KundEigtNr="18183" KundArt="8" KundStatus="3" KundAufDat="2003-09-22"/>
  <Kunden KundenNr="16849" KundEigtNr="18184" KundArt="8" KundStatus="3" KundAufDat="2003-09-22"/>
  <Kunden KundenNr="16850" KundEigtNr="18185" KundArt="2" KundStatus="3" KundAufDat="2003-09-22"/>
  <Kunden KundenNr="16851" KundEigtNr="18186" KundArt="1" KundStatus="3" KundAufDat="2003-09-22"/>
  <Kunden KundenNr="16852" KundEigtNr="18187" KundArt="8" KundStatus="3" KundAufDat="2003-09-22"/>
  <Kunden KundenNr="16853" KundEigtNr="18188" KundArt="8" KundStatus="3" KundAufDat="2003-09-22"/>
  <Kunden KundenNr="16854" KundEigtNr="18189" KundArt="8" KundStatus="3" KundAufDat="2003-09-22"/>
  <Kunden KundenNr="16855" KundEigtNr="18190" KundArt="8" KundStatus="3" KundAufDat="2003-09-22"/>
  <Kunden KundenNr="16856" KundEigtNr="18191" KundArt="2" KundStatus="3" KundAufDat="2003-09-22"/>
  <Kunden KundenNr="16857" KundEigtNr="18192" KundArt="8" KundStatus="3" KundAufDat="2003-09-22"/>
  <Kunden KundenNr="16858" KundEigtNr="18193" KundArt="2" KundStatus="3" KundAufDat="2003-09-23"/>
  <Kunden KundenNr="16859" KundEigtNr="18194" KundArt="2" KundStatus="3" KundAufDat="2003-09-23"/>
  <Kunden KundenNr="16860" KundEigtNr="18195" KundArt="8" KundStatus="3" KundAufDat="2003-09-23"/>
  <Kunden KundenNr="16861" KundEigtNr="18196" KundArt="29" KundStatus="1" KundAufDat="2003-09-23"/>
  <Kunden KundenNr="16862" KundEigtNr="18197" KundArt="29" KundStatus="1" KundAufDat="2003-09-23"/>
  <Kunden KundenNr="16863" KundEigtNr="18198" KundArt="8" KundStatus="3" KundAufDat="2003-09-23"/>
  <Kunden KundenNr="16864" KundEigtNr="18199" KundArt="8" KundStatus="3" KundAufDat="2003-09-23"/>
  <Kunden KundenNr="16865" KundEigtNr="18200" KundArt="8" KundStatus="3" KundAufDat="2003-09-23"/>
  <Kunden KundenNr="16866" KundEigtNr="18201" KundArt="8" KundStatus="3" KundAufDat="2003-09-23"/>
  <Kunden KundenNr="16867" KundEigtNr="18202" KundArt="8" KundStatus="3" KundAufDat="2003-09-23"/>
  <Kunden KundenNr="16868" KundEigtNr="18203" KundArt="29" KundStatus="1" KundAufDat="2003-09-23"/>
  <Kunden KundenNr="16869" KundEigtNr="18204" KundArt="2" KundStatus="3" KundAufDat="2003-09-24"/>
  <Kunden KundenNr="16870" KundEigtNr="18205" KundArt="1" KundStatus="3" KundAufDat="2003-09-24"/>
  <Kunden KundenNr="16871" KundEigtNr="18154" KundArt="29" KundStatus="1" KundAufDat="2003-09-24"/>
  <Kunden KundenNr="16872" KundEigtNr="18206" KundArt="2" KundStatus="3" KundAufDat="2003-09-24"/>
  <Kunden KundenNr="16873" KundEigtNr="18207" KundArt="2" KundStatus="3" KundAufDat="2003-09-24"/>
  <Kunden KundenNr="16874" KundEigtNr="18208" KundArt="2" KundStatus="3" KundAufDat="2003-09-24"/>
  <Kunden KundenNr="16875" KundEigtNr="18209" KundArt="2" KundStatus="3" KundAufDat="2003-09-24"/>
  <Kunden KundenNr="16876" KundEigtNr="18210" KundArt="2" KundStatus="3" KundAufDat="2003-09-24"/>
  <Kunden KundenNr="16877" KundEigtNr="18211" KundArt="16" KundStatus="1" KundAufDat="2003-09-24"/>
  <Kunden KundenNr="16878" KundEigtNr="18212" KundArt="1" KundStatus="1" KundAufDat="2003-09-25"/>
  <Kunden KundenNr="16879" KundEigtNr="18213" KundArt="8" KundStatus="3" KundAufDat="2003-09-25"/>
  <Kunden KundenNr="16880" KundEigtNr="18214" KundArt="2" KundStatus="3" KundAufDat="2003-09-25"/>
  <Kunden KundenNr="16881" KundEigtNr="15053" KundArt="2" KundStatus="3" KundAufDat="2003-09-25"/>
  <Kunden KundenNr="16882" KundEigtNr="18215" KundArt="2" KundStatus="3" KundAufDat="2003-09-25"/>
  <Kunden KundenNr="16883" KundEigtNr="18216" KundArt="2" KundStatus="3" KundAufDat="2003-09-25"/>
  <Kunden KundenNr="16884" KundEigtNr="9231" KundArt="29" KundStatus="1" KundAufDat="2003-09-25"/>
  <Kunden KundenNr="16885" KundEigtNr="91" KundArt="8" KundStatus="3" KundAufDat="2003-09-25"/>
  <Kunden KundenNr="16886" KundEigtNr="18217" KundArt="8" KundStatus="3" KundAufDat="2003-09-25"/>
  <Kunden KundenNr="16887" KundEigtNr="17855" KundArt="29" KundStatus="1" KundAufDat="2003-09-25"/>
  <Kunden KundenNr="16888" KundEigtNr="18218" KundArt="2" KundStatus="3" KundAufDat="2003-09-26"/>
  <Kunden KundenNr="16889" KundEigtNr="18219" KundArt="8" KundStatus="3" KundAufDat="2003-09-26"/>
  <Kunden KundenNr="16890" KundEigtNr="18220" KundArt="2" KundStatus="3" KundAufDat="2003-09-26"/>
  <Kunden KundenNr="16891" KundEigtNr="18221" KundArt="8" KundStatus="3" KundAufDat="2003-09-26"/>
  <Kunden KundenNr="16892" KundEigtNr="18222" KundArt="8" KundStatus="3" KundAufDat="2003-09-26"/>
  <Kunden KundenNr="16893" KundEigtNr="11988" KundArt="2" KundStatus="3" KundAufDat="2003-09-29"/>
  <Kunden KundenNr="16894" KundEigtNr="18223" KundArt="2" KundStatus="3" KundAufDat="2003-09-29"/>
  <Kunden KundenNr="16895" KundEigtNr="18224" KundArt="2" KundStatus="1" KundAufDat="2003-09-29"/>
  <Kunden KundenNr="16896" KundEigtNr="18225" KundArt="2" KundStatus="3" KundAufDat="2003-09-29"/>
  <Kunden KundenNr="16897" KundEigtNr="18226" KundArt="2" KundStatus="3" KundAufDat="2003-09-29"/>
  <Kunden KundenNr="16898" KundEigtNr="18227" KundArt="2" KundStatus="3" KundAufDat="2003-09-29"/>
  <Kunden KundenNr="16899" KundEigtNr="18228" KundArt="1" KundStatus="3" KundAufDat="2003-09-29"/>
  <Kunden KundenNr="16900" KundEigtNr="18229" KundArt="1" KundStatus="3" KundAufDat="2003-09-29"/>
  <Kunden KundenNr="16901" KundEigtNr="18230" KundArt="1" KundStatus="3" KundAufDat="2003-09-29"/>
  <Kunden KundenNr="16902" KundEigtNr="18231" KundArt="8" KundStatus="3" KundAufDat="2003-09-29"/>
  <Kunden KundenNr="16903" KundEigtNr="18232" KundArt="1" KundStatus="3" KundAufDat="2003-09-29"/>
  <Kunden KundenNr="16904" KundEigtNr="18233" KundArt="2" KundStatus="3" KundAufDat="2003-09-29"/>
  <Kunden KundenNr="16905" KundEigtNr="18233" KundArt="8" KundStatus="3" KundAufDat="2003-09-29"/>
  <Kunden KundenNr="16906" KundEigtNr="18234" KundArt="1" KundStatus="3" KundAufDat="2003-09-29"/>
  <Kunden KundenNr="16907" KundEigtNr="18235" KundArt="8" KundStatus="3" KundAufDat="2003-09-29"/>
  <Kunden KundenNr="16908" KundEigtNr="18236" KundArt="8" KundStatus="3" KundAufDat="2003-09-29"/>
  <Kunden KundenNr="16909" KundEigtNr="18237" KundArt="8" KundStatus="3" KundAufDat="2003-09-29"/>
  <Kunden KundenNr="16910" KundEigtNr="18238" KundArt="8" KundStatus="3" KundAufDat="2003-09-29"/>
  <Kunden KundenNr="16911" KundEigtNr="18239" KundArt="2" KundStatus="3" KundAufDat="2003-09-29"/>
  <Kunden KundenNr="16912" KundEigtNr="11157" KundArt="8" KundStatus="3" KundAufDat="2003-09-29"/>
  <Kunden KundenNr="16913" KundEigtNr="18240" KundArt="8" KundStatus="3" KundAufDat="2003-09-29"/>
  <Kunden KundenNr="16914" KundEigtNr="18241" KundArt="8" KundStatus="3" KundAufDat="2003-09-29"/>
  <Kunden KundenNr="16915" KundEigtNr="18242" KundArt="8" KundStatus="3" KundAufDat="2003-09-29"/>
  <Kunden KundenNr="16916" KundEigtNr="18243" KundArt="2" KundStatus="3" KundAufDat="2003-09-29"/>
  <Kunden KundenNr="16917" KundEigtNr="18244" KundArt="1" KundStatus="3" KundAufDat="2003-09-29"/>
  <Kunden KundenNr="16918" KundEigtNr="18245" KundArt="1" KundStatus="3" KundAufDat="2003-09-29"/>
  <Kunden KundenNr="16919" KundEigtNr="18246" KundArt="1" KundStatus="3" KundAufDat="2003-09-29"/>
  <Kunden KundenNr="16920" KundEigtNr="18247" KundArt="1" KundStatus="3" KundAufDat="2003-09-30"/>
  <Kunden KundenNr="16921" KundEigtNr="18248" KundArt="1" KundStatus="3" KundAufDat="2003-09-30"/>
  <Kunden KundenNr="16922" KundEigtNr="18249" KundArt="8" KundStatus="3" KundAufDat="2003-09-30"/>
  <Kunden KundenNr="16923" KundEigtNr="18250" KundArt="8" KundStatus="3" KundAufDat="2003-10-01"/>
  <Kunden KundenNr="16924" KundEigtNr="18251" KundArt="8" KundStatus="3" KundAufDat="2003-10-01"/>
  <Kunden KundenNr="16925" KundEigtNr="15983" KundArt="1" KundStatus="3" KundAufDat="2003-10-01"/>
  <Kunden KundenNr="16926" KundEigtNr="18252" KundArt="2" KundStatus="3" KundAufDat="2003-10-01"/>
  <Kunden KundenNr="16927" KundEigtNr="18253" KundArt="2" KundStatus="3" KundAufDat="2003-10-01"/>
  <Kunden KundenNr="16928" KundEigtNr="18254" KundArt="2" KundStatus="3" KundAufDat="2003-10-01"/>
  <Kunden KundenNr="16929" KundEigtNr="18182" KundArt="2" KundStatus="3" KundAufDat="2003-10-01"/>
  <Kunden KundenNr="16930" KundEigtNr="18255" KundArt="2" KundStatus="1" KundAufDat="2003-10-01"/>
  <Kunden KundenNr="16931" KundEigtNr="18256" KundArt="2" KundStatus="1" KundAufDat="2003-10-01"/>
  <Kunden KundenNr="16932" KundEigtNr="18257" KundArt="2" KundStatus="3" KundAufDat="2003-10-01"/>
  <Kunden KundenNr="16933" KundEigtNr="18258" KundArt="2" KundStatus="3" KundAufDat="2003-10-01"/>
  <Kunden KundenNr="16934" KundEigtNr="18259" KundArt="2" KundStatus="1" KundAufDat="2003-10-02"/>
  <Kunden KundenNr="16935" KundEigtNr="18260" KundArt="2" KundStatus="3" KundAufDat="2003-10-06"/>
  <Kunden KundenNr="16936" KundEigtNr="18261" KundArt="2" KundStatus="3" KundAufDat="2003-10-06"/>
  <Kunden KundenNr="16937" KundEigtNr="18262" KundArt="8" KundStatus="3" KundAufDat="2003-10-06"/>
  <Kunden KundenNr="16938" KundEigtNr="18263" KundArt="2" KundStatus="3" KundAufDat="2003-10-06"/>
  <Kunden KundenNr="16939" KundEigtNr="18264" KundArt="2" KundStatus="3" KundAufDat="2003-10-06"/>
  <Kunden KundenNr="16940" KundEigtNr="18265" KundArt="8" KundStatus="3" KundAufDat="2003-10-06"/>
  <Kunden KundenNr="16941" KundEigtNr="18266" KundArt="8" KundStatus="3" KundAufDat="2003-10-06"/>
  <Kunden KundenNr="16942" KundEigtNr="18267" KundArt="8" KundStatus="3" KundAufDat="2003-10-06"/>
  <Kunden KundenNr="16943" KundEigtNr="18268" KundArt="8" KundStatus="3" KundAufDat="2003-10-06"/>
  <Kunden KundenNr="16944" KundEigtNr="18269" KundArt="2" KundStatus="3" KundAufDat="2003-10-06"/>
  <Kunden KundenNr="16945" KundEigtNr="18270" KundArt="2" KundStatus="3" KundAufDat="2003-10-06"/>
  <Kunden KundenNr="16946" KundEigtNr="18271" KundArt="1" KundStatus="3" KundAufDat="2003-10-07"/>
  <Kunden KundenNr="16947" KundEigtNr="18272" KundArt="2" KundStatus="3" KundAufDat="2003-10-07"/>
  <Kunden KundenNr="16948" KundEigtNr="18273" KundArt="8" KundStatus="3" KundAufDat="2003-10-07"/>
  <Kunden KundenNr="16949" KundEigtNr="18274" KundArt="8" KundStatus="3" KundAufDat="2003-10-07"/>
  <Kunden KundenNr="16950" KundEigtNr="18275" KundArt="8" KundStatus="3" KundAufDat="2003-10-07"/>
  <Kunden KundenNr="16951" KundEigtNr="18276" KundArt="8" KundStatus="3" KundAufDat="2003-10-07"/>
  <Kunden KundenNr="16952" KundEigtNr="18277" KundArt="2" KundStatus="3" KundAufDat="2003-10-07"/>
  <Kunden KundenNr="16953" KundEigtNr="18278" KundArt="8" KundStatus="3" KundAufDat="2003-10-07"/>
  <Kunden KundenNr="16954" KundEigtNr="18279" KundArt="2" KundStatus="3" KundAufDat="2003-10-07"/>
  <Kunden KundenNr="16955" KundEigtNr="18280" KundArt="2" KundStatus="3" KundAufDat="2003-10-07"/>
  <Kunden KundenNr="16956" KundEigtNr="18281" KundArt="8" KundStatus="3" KundAufDat="2003-10-07"/>
  <Kunden KundenNr="16957" KundEigtNr="18282" KundArt="8" KundStatus="3" KundAufDat="2003-10-08"/>
  <Kunden KundenNr="16958" KundEigtNr="18283" KundArt="8" KundStatus="3" KundAufDat="2003-10-08"/>
  <Kunden KundenNr="16959" KundEigtNr="18285" KundArt="1" KundStatus="3" KundAufDat="2003-10-08"/>
  <Kunden KundenNr="16960" KundEigtNr="18286" KundArt="2" KundStatus="3" KundAufDat="2003-10-08"/>
  <Kunden KundenNr="16961" KundEigtNr="15582" KundArt="2" KundStatus="3" KundAufDat="2003-10-08"/>
  <Kunden KundenNr="16962" KundEigtNr="18287" KundArt="2" KundStatus="3" KundAufDat="2003-10-08"/>
  <Kunden KundenNr="16963" KundEigtNr="18288" KundArt="8" KundStatus="3" KundAufDat="2003-10-08"/>
  <Kunden KundenNr="16964" KundEigtNr="18289" KundArt="8" KundStatus="3" KundAufDat="2003-10-08"/>
  <Kunden KundenNr="16965" KundEigtNr="18290" KundArt="2" KundStatus="3" KundAufDat="2003-10-08"/>
  <Kunden KundenNr="16966" KundEigtNr="17716" KundArt="8" KundStatus="3" KundAufDat="2003-10-08"/>
  <Kunden KundenNr="16967" KundEigtNr="18291" KundArt="2" KundStatus="3" KundAufDat="2003-10-08"/>
  <Kunden KundenNr="16968" KundEigtNr="18292" KundArt="29" KundStatus="1" KundAufDat="2003-10-08"/>
  <Kunden KundenNr="16969" KundEigtNr="18293" KundArt="8" KundStatus="3" KundAufDat="2003-10-08"/>
  <Kunden KundenNr="16970" KundEigtNr="18294" KundArt="8" KundStatus="3" KundAufDat="2003-10-08"/>
  <Kunden KundenNr="16971" KundEigtNr="18295" KundArt="2" KundStatus="3" KundAufDat="2003-10-08"/>
  <Kunden KundenNr="16972" KundEigtNr="18299" KundArt="8" KundStatus="3" KundAufDat="2003-10-09"/>
  <Kunden KundenNr="16973" KundEigtNr="18305" KundArt="2" KundStatus="3" KundAufDat="2003-10-09"/>
  <Kunden KundenNr="16974" KundEigtNr="18306" KundArt="2" KundStatus="3" KundAufDat="2003-10-09"/>
  <Kunden KundenNr="16975" KundEigtNr="18183" KundArt="2" KundStatus="3" KundAufDat="2003-10-09"/>
  <Kunden KundenNr="16976" KundEigtNr="18308" KundArt="1" KundStatus="3" KundAufDat="2003-10-09"/>
  <Kunden KundenNr="16977" KundEigtNr="18309" KundArt="2" KundStatus="3" KundAufDat="2003-10-09"/>
  <Kunden KundenNr="16978" KundEigtNr="18310" KundArt="2" KundStatus="3" KundAufDat="2003-10-09"/>
  <Kunden KundenNr="16979" KundEigtNr="18311" KundArt="2" KundStatus="3" KundAufDat="2003-10-09"/>
  <Kunden KundenNr="16980" KundEigtNr="18312" KundArt="2" KundStatus="3" KundAufDat="2003-10-09"/>
  <Kunden KundenNr="16981" KundEigtNr="18313" KundArt="1" KundStatus="3" KundAufDat="2003-10-09"/>
  <Kunden KundenNr="16982" KundEigtNr="18314" KundArt="2" KundStatus="3" KundAufDat="2003-10-09"/>
  <Kunden KundenNr="16983" KundEigtNr="18315" KundArt="29" KundStatus="1" KundAufDat="2003-10-09"/>
  <Kunden KundenNr="16984" KundEigtNr="18316" KundArt="8" KundStatus="3" KundAufDat="2003-10-09"/>
  <Kunden KundenNr="16985" KundEigtNr="18317" KundArt="29" KundStatus="1" KundAufDat="2003-10-09"/>
  <Kunden KundenNr="16986" KundEigtNr="18318" KundArt="2" KundStatus="3" KundAufDat="2003-10-10"/>
  <Kunden KundenNr="16987" KundEigtNr="18319" KundArt="2" KundStatus="3" KundAufDat="2003-10-10"/>
  <Kunden KundenNr="16988" KundEigtNr="18320" KundArt="2" KundStatus="3" KundAufDat="2003-10-10"/>
  <Kunden KundenNr="16989" KundEigtNr="18321" KundArt="8" KundStatus="3" KundAufDat="2003-10-10"/>
  <Kunden KundenNr="16990" KundEigtNr="18322" KundArt="2" KundStatus="3" KundAufDat="2003-10-10"/>
  <Kunden KundenNr="16991" KundEigtNr="18323" KundArt="8" KundStatus="3" KundAufDat="2003-10-10"/>
  <Kunden KundenNr="16992" KundEigtNr="18324" KundArt="2" KundStatus="3" KundAufDat="2003-10-10"/>
  <Kunden KundenNr="16993" KundEigtNr="18325" KundArt="2" KundStatus="3" KundAufDat="2003-10-10"/>
  <Kunden KundenNr="16994" KundEigtNr="18326" KundArt="2" KundStatus="3" KundAufDat="2003-10-10"/>
  <Kunden KundenNr="16995" KundEigtNr="18327" KundArt="8" KundStatus="3" KundAufDat="2003-10-13"/>
  <Kunden KundenNr="16996" KundEigtNr="18328" KundArt="2" KundStatus="3" KundAufDat="2003-10-13"/>
  <Kunden KundenNr="16997" KundEigtNr="18329" KundArt="2" KundStatus="3" KundAufDat="2003-10-13"/>
  <Kunden KundenNr="16998" KundEigtNr="1155" KundArt="1" KundStatus="1" KundAufDat="2003-10-13"/>
  <Kunden KundenNr="16999" KundEigtNr="18330" KundArt="2" KundStatus="3" KundAufDat="2003-10-13"/>
  <Kunden KundenNr="17000" KundEigtNr="18331" KundArt="8" KundStatus="3" KundAufDat="2003-10-13"/>
  <Kunden KundenNr="17001" KundEigtNr="18332" KundArt="29" KundStatus="1" KundAufDat="2003-10-13"/>
  <Kunden KundenNr="17002" KundEigtNr="18334" KundArt="1" KundStatus="3" KundAufDat="2003-10-13"/>
  <Kunden KundenNr="17003" KundEigtNr="18335" KundArt="2" KundStatus="3" KundAufDat="2003-10-13"/>
  <Kunden KundenNr="17004" KundEigtNr="18336" KundArt="2" KundStatus="3" KundAufDat="2003-10-14"/>
  <Kunden KundenNr="17005" KundEigtNr="18337" KundArt="8" KundStatus="3" KundAufDat="2003-10-14"/>
  <Kunden KundenNr="17006" KundEigtNr="18344" KundArt="2" KundStatus="3" KundAufDat="2003-10-14"/>
  <Kunden KundenNr="17007" KundEigtNr="18300" KundArt="29" KundStatus="1" KundAufDat="2003-10-15"/>
  <Kunden KundenNr="17008" KundEigtNr="18345" KundArt="8" KundStatus="3" KundAufDat="2003-10-15"/>
  <Kunden KundenNr="17009" KundEigtNr="18346" KundArt="8" KundStatus="3" KundAufDat="2003-10-15"/>
  <Kunden KundenNr="17010" KundEigtNr="18347" KundArt="29" KundStatus="1" KundAufDat="2003-10-15"/>
  <Kunden KundenNr="17011" KundEigtNr="18348" KundArt="2" KundStatus="3" KundAufDat="2003-10-15"/>
  <Kunden KundenNr="17012" KundEigtNr="18351" KundArt="8" KundStatus="3" KundAufDat="2003-10-16"/>
  <Kunden KundenNr="17013" KundEigtNr="18352" KundArt="8" KundStatus="3" KundAufDat="2003-10-16"/>
  <Kunden KundenNr="17014" KundEigtNr="18356" KundArt="8" KundStatus="3" KundAufDat="2003-10-17"/>
  <Kunden KundenNr="17015" KundEigtNr="18357" KundArt="8" KundStatus="3" KundAufDat="2003-10-17"/>
  <Kunden KundenNr="17016" KundEigtNr="14326" KundArt="29" KundStatus="1" KundAufDat="2003-10-17"/>
  <Kunden KundenNr="17017" KundEigtNr="18358" KundArt="29" KundStatus="1" KundAufDat="2003-10-17"/>
  <Kunden KundenNr="17018" KundEigtNr="18359" KundArt="2" KundStatus="3" KundAufDat="2003-10-17"/>
  <Kunden KundenNr="17019" KundEigtNr="18360" KundArt="8" KundStatus="3" KundAufDat="2003-10-17"/>
  <Kunden KundenNr="17020" KundEigtNr="18363" KundArt="2" KundStatus="3" KundAufDat="2003-10-17"/>
  <Kunden KundenNr="17021" KundEigtNr="18364" KundArt="2" KundStatus="3" KundAufDat="2003-10-17"/>
  <Kunden KundenNr="17022" KundEigtNr="18368" KundArt="29" KundStatus="1" KundAufDat="2003-10-20"/>
  <Kunden KundenNr="17023" KundEigtNr="18260" KundArt="29" KundStatus="1" KundAufDat="2003-10-20"/>
  <Kunden KundenNr="17024" KundEigtNr="18369" KundArt="29" KundStatus="1" KundAufDat="2003-10-20"/>
  <Kunden KundenNr="17025" KundEigtNr="18376" KundArt="2" KundStatus="3" KundAufDat="2003-10-20"/>
  <Kunden KundenNr="17026" KundEigtNr="18377" KundArt="8" KundStatus="3" KundAufDat="2003-10-20"/>
  <Kunden KundenNr="17027" KundEigtNr="18378" KundArt="8" KundStatus="3" KundAufDat="2003-10-20"/>
  <Kunden KundenNr="17028" KundEigtNr="18379" KundArt="2" KundStatus="3" KundAufDat="2003-10-20"/>
  <Kunden KundenNr="17029" KundEigtNr="18380" KundArt="2" KundStatus="3" KundAufDat="2003-10-20"/>
  <Kunden KundenNr="17030" KundEigtNr="18381" KundArt="8" KundStatus="3" KundAufDat="2003-10-20"/>
  <Kunden KundenNr="17031" KundEigtNr="18382" KundArt="2" KundStatus="3" KundAufDat="2003-10-20"/>
  <Kunden KundenNr="17032" KundEigtNr="18383" KundArt="2" KundStatus="3" KundAufDat="2003-10-20"/>
  <Kunden KundenNr="17033" KundEigtNr="18304" KundArt="29" KundStatus="1" KundAufDat="2003-10-20"/>
  <Kunden KundenNr="17034" KundEigtNr="18384" KundArt="8" KundStatus="3" KundAufDat="2003-10-20"/>
  <Kunden KundenNr="17035" KundEigtNr="12088" KundArt="29" KundStatus="1" KundAufDat="2003-10-20"/>
  <Kunden KundenNr="17036" KundEigtNr="18385" KundArt="2" KundStatus="3" KundAufDat="2003-10-21"/>
  <Kunden KundenNr="17037" KundEigtNr="18386" KundArt="8" KundStatus="3" KundAufDat="2003-10-21"/>
  <Kunden KundenNr="17038" KundEigtNr="18387" KundArt="29" KundStatus="1" KundAufDat="2003-10-21"/>
  <Kunden KundenNr="17039" KundEigtNr="18391" KundArt="8" KundStatus="3" KundAufDat="2003-10-21"/>
  <Kunden KundenNr="17040" KundEigtNr="17645" KundArt="29" KundStatus="1" KundAufDat="2003-10-21"/>
  <Kunden KundenNr="17041" KundEigtNr="18392" KundArt="8" KundStatus="3" KundAufDat="2003-10-21"/>
  <Kunden KundenNr="17042" KundEigtNr="18393" KundArt="8" KundStatus="3" KundAufDat="2003-10-21"/>
  <Kunden KundenNr="17043" KundEigtNr="18400" KundArt="29" KundStatus="1" KundAufDat="2003-10-22"/>
  <Kunden KundenNr="17044" KundEigtNr="18338" KundArt="29" KundStatus="1" KundAufDat="2003-10-22"/>
  <Kunden KundenNr="17045" KundEigtNr="18384" KundArt="2" KundStatus="1" KundAufDat="2003-10-22"/>
  <Kunden KundenNr="17046" KundEigtNr="18099" KundArt="29" KundStatus="1" KundAufDat="2003-10-22"/>
  <Kunden KundenNr="17047" KundEigtNr="18401" KundArt="1" KundStatus="3" KundAufDat="2003-10-22"/>
  <Kunden KundenNr="17048" KundEigtNr="18402" KundArt="2" KundStatus="3" KundAufDat="2003-10-22"/>
  <Kunden KundenNr="17049" KundEigtNr="18033" KundArt="8" KundStatus="3" KundAufDat="2003-10-22"/>
  <Kunden KundenNr="17050" KundEigtNr="18403" KundArt="1" KundStatus="3" KundAufDat="2003-10-22"/>
  <Kunden KundenNr="17051" KundEigtNr="18404" KundArt="1" KundStatus="3" KundAufDat="2003-10-22"/>
  <Kunden KundenNr="17052" KundEigtNr="18405" KundArt="1" KundStatus="3" KundAufDat="2003-10-22"/>
  <Kunden KundenNr="17053" KundEigtNr="18408" KundArt="2" KundStatus="3" KundAufDat="2003-10-23"/>
  <Kunden KundenNr="17054" KundEigtNr="18409" KundArt="2" KundStatus="3" KundAufDat="2003-10-23"/>
  <Kunden KundenNr="17055" KundEigtNr="18410" KundArt="1" KundStatus="1" KundAufDat="2003-10-23"/>
  <Kunden KundenNr="17056" KundEigtNr="18412" KundArt="29" KundStatus="1" KundAufDat="2003-10-24"/>
  <Kunden KundenNr="17057" KundEigtNr="18413" KundArt="2" KundStatus="3" KundAufDat="2003-10-25"/>
  <Kunden KundenNr="17058" KundEigtNr="18414" KundArt="8" KundStatus="3" KundAufDat="2003-10-27"/>
  <Kunden KundenNr="17059" KundEigtNr="18416" KundArt="2" KundStatus="3" KundAufDat="2003-10-27"/>
  <Kunden KundenNr="17060" KundEigtNr="18418" KundArt="2" KundStatus="3" KundAufDat="2003-10-27"/>
  <Kunden KundenNr="17061" KundEigtNr="18419" KundArt="8" KundStatus="3" KundAufDat="2003-10-27"/>
  <Kunden KundenNr="17062" KundEigtNr="18420" KundArt="8" KundStatus="3" KundAufDat="2003-10-27"/>
  <Kunden KundenNr="17063" KundEigtNr="18421" KundArt="1" KundStatus="3" KundAufDat="2003-10-27"/>
  <Kunden KundenNr="17064" KundEigtNr="18422" KundArt="8" KundStatus="3" KundAufDat="2003-10-27"/>
  <Kunden KundenNr="17065" KundEigtNr="18426" KundArt="8" KundStatus="3" KundAufDat="2003-10-28"/>
  <Kunden KundenNr="17066" KundEigtNr="12518" KundArt="29" KundStatus="1" KundAufDat="2003-10-28"/>
  <Kunden KundenNr="17067" KundEigtNr="18427" KundArt="2" KundStatus="3" KundAufDat="2003-10-28"/>
  <Kunden KundenNr="17068" KundEigtNr="18428" KundArt="2" KundStatus="3" KundAufDat="2003-10-28"/>
  <Kunden KundenNr="17069" KundEigtNr="18429" KundArt="2" KundStatus="3" KundAufDat="2003-10-28"/>
  <Kunden KundenNr="17070" KundEigtNr="18430" KundArt="2" KundStatus="3" KundAufDat="2003-10-28"/>
  <Kunden KundenNr="17071" KundEigtNr="18431" KundArt="2" KundStatus="3" KundAufDat="2003-10-28"/>
  <Kunden KundenNr="17072" KundEigtNr="14658" KundArt="2" KundStatus="3" KundAufDat="2003-10-28"/>
  <Kunden KundenNr="17073" KundEigtNr="18432" KundArt="2" KundStatus="3" KundAufDat="2003-10-28"/>
  <Kunden KundenNr="17074" KundEigtNr="18433" KundArt="2" KundStatus="3" KundAufDat="2003-10-28"/>
  <Kunden KundenNr="17075" KundEigtNr="18434" KundArt="2" KundStatus="3" KundAufDat="2003-10-28"/>
  <Kunden KundenNr="17076" KundEigtNr="18405" KundArt="2" KundStatus="3" KundAufDat="2003-10-28"/>
  <Kunden KundenNr="17077" KundEigtNr="16095" KundArt="8" KundStatus="3" KundAufDat="2003-10-28"/>
  <Kunden KundenNr="17078" KundEigtNr="18435" KundArt="8" KundStatus="3" KundAufDat="2003-10-28"/>
  <Kunden KundenNr="17079" KundEigtNr="18436" KundArt="8" KundStatus="3" KundAufDat="2003-10-28"/>
  <Kunden KundenNr="17080" KundEigtNr="11801" KundArt="8" KundStatus="3" KundAufDat="2003-10-28"/>
  <Kunden KundenNr="17081" KundEigtNr="18437" KundArt="2" KundStatus="3" KundAufDat="2003-10-28"/>
  <Kunden KundenNr="17082" KundEigtNr="18438" KundArt="2" KundStatus="3" KundAufDat="2003-10-28"/>
  <Kunden KundenNr="17083" KundEigtNr="18439" KundArt="8" KundStatus="3" KundAufDat="2003-10-28"/>
  <Kunden KundenNr="17084" KundEigtNr="18440" KundArt="29" KundStatus="1" KundAufDat="2003-10-29"/>
  <Kunden KundenNr="17085" KundEigtNr="18441" KundArt="8" KundStatus="3" KundAufDat="2003-10-29"/>
  <Kunden KundenNr="17086" KundEigtNr="8298" KundArt="1" KundStatus="3" KundAufDat="2003-10-29"/>
  <Kunden KundenNr="17087" KundEigtNr="18442" KundArt="29" KundStatus="1" KundAufDat="2003-10-29"/>
  <Kunden KundenNr="17088" KundEigtNr="18399" KundArt="29" KundStatus="1" KundAufDat="2003-10-29"/>
  <Kunden KundenNr="17089" KundEigtNr="18397" KundArt="4" KundStatus="1" KundAufDat="2003-10-29"/>
  <Kunden KundenNr="17090" KundEigtNr="18443" KundArt="29" KundStatus="1" KundAufDat="2003-10-29"/>
  <Kunden KundenNr="17091" KundEigtNr="17933" KundArt="29" KundStatus="1" KundAufDat="2003-10-29"/>
  <Kunden KundenNr="17092" KundEigtNr="18366" KundArt="29" KundStatus="1" KundAufDat="2003-10-30"/>
  <Kunden KundenNr="17093" KundEigtNr="18444" KundArt="2" KundStatus="3" KundAufDat="2003-10-30"/>
  <Kunden KundenNr="17094" KundEigtNr="18445" KundArt="2" KundStatus="3" KundAufDat="2003-10-30"/>
  <Kunden KundenNr="17095" KundEigtNr="18446" KundArt="2" KundStatus="3" KundAufDat="2003-10-30"/>
  <Kunden KundenNr="17096" KundEigtNr="18447" KundArt="1" KundStatus="3" KundAufDat="2003-10-30"/>
  <Kunden KundenNr="17097" KundEigtNr="18448" KundArt="2" KundStatus="3" KundAufDat="2003-10-30"/>
  <Kunden KundenNr="17098" KundEigtNr="18449" KundArt="29" KundStatus="1" KundAufDat="2003-10-30"/>
  <Kunden KundenNr="17099" KundEigtNr="18450" KundArt="8" KundStatus="3" KundAufDat="2003-10-31"/>
  <Kunden KundenNr="17100" KundEigtNr="18451" KundArt="2" KundStatus="3" KundAufDat="2003-10-31"/>
  <Kunden KundenNr="17101" KundEigtNr="18452" KundArt="29" KundStatus="1" KundAufDat="2003-10-31"/>
  <Kunden KundenNr="17102" KundEigtNr="18453" KundArt="2" KundStatus="3" KundAufDat="2003-10-31"/>
  <Kunden KundenNr="17103" KundEigtNr="18454" KundArt="2" KundStatus="3" KundAufDat="2003-10-31"/>
  <Kunden KundenNr="17104" KundEigtNr="18455" KundArt="8" KundStatus="3" KundAufDat="2003-10-31"/>
  <Kunden KundenNr="17105" KundEigtNr="18456" KundArt="8" KundStatus="3" KundAufDat="2003-11-03"/>
  <Kunden KundenNr="17106" KundEigtNr="18457" KundArt="8" KundStatus="3" KundAufDat="2003-11-03"/>
  <Kunden KundenNr="17107" KundEigtNr="13931" KundArt="29" KundStatus="1" KundAufDat="2003-11-03"/>
  <Kunden KundenNr="17108" KundEigtNr="18458" KundArt="29" KundStatus="1" KundAufDat="2003-11-03"/>
  <Kunden KundenNr="17109" KundEigtNr="18459" KundArt="29" KundStatus="1" KundAufDat="2003-11-03"/>
  <Kunden KundenNr="17110" KundEigtNr="18460" KundArt="8" KundStatus="3" KundAufDat="2003-11-03"/>
  <Kunden KundenNr="17111" KundEigtNr="18461" KundArt="29" KundStatus="1" KundAufDat="2003-11-03"/>
  <Kunden KundenNr="17112" KundEigtNr="18462" KundArt="1" KundStatus="1" KundAufDat="2003-11-03"/>
  <Kunden KundenNr="17113" KundEigtNr="18463" KundArt="8" KundStatus="3" KundAufDat="2003-11-03"/>
  <Kunden KundenNr="17114" KundEigtNr="18464" KundArt="1" KundStatus="3" KundAufDat="2003-11-03"/>
  <Kunden KundenNr="17115" KundEigtNr="18465" KundArt="1" KundStatus="3" KundAufDat="2003-11-03"/>
  <Kunden KundenNr="17116" KundEigtNr="1249" KundArt="1" KundStatus="1" KundAufDat="2003-11-03"/>
  <Kunden KundenNr="17117" KundEigtNr="18466" KundArt="8" KundStatus="3" KundAufDat="2003-11-03"/>
  <Kunden KundenNr="17118" KundEigtNr="18467" KundArt="1" KundStatus="3" KundAufDat="2003-11-03"/>
  <Kunden KundenNr="17119" KundEigtNr="18468" KundArt="2" KundStatus="3" KundAufDat="2003-11-03"/>
  <Kunden KundenNr="17120" KundEigtNr="18469" KundArt="2" KundStatus="3" KundAufDat="2003-11-03"/>
  <Kunden KundenNr="17121" KundEigtNr="18470" KundArt="2" KundStatus="3" KundAufDat="2003-11-03"/>
  <Kunden KundenNr="17122" KundEigtNr="18471" KundArt="8" KundStatus="3" KundAufDat="2003-11-03"/>
  <Kunden KundenNr="17123" KundEigtNr="18472" KundArt="2" KundStatus="3" KundAufDat="2003-11-03"/>
  <Kunden KundenNr="17124" KundEigtNr="18473" KundArt="2" KundStatus="3" KundAufDat="2003-11-03"/>
  <Kunden KundenNr="17125" KundEigtNr="18474" KundArt="2" KundStatus="3" KundAufDat="2003-11-03"/>
  <Kunden KundenNr="17126" KundEigtNr="8448" KundArt="29" KundStatus="1" KundAufDat="2003-11-04"/>
  <Kunden KundenNr="17127" KundEigtNr="18476" KundArt="2" KundStatus="3" KundAufDat="2003-11-04"/>
  <Kunden KundenNr="17128" KundEigtNr="18480" KundArt="2" KundStatus="3" KundAufDat="2003-11-04"/>
  <Kunden KundenNr="17129" KundEigtNr="18481" KundArt="29" KundStatus="1" KundAufDat="2003-11-04"/>
  <Kunden KundenNr="17130" KundEigtNr="18482" KundArt="2" KundStatus="3" KundAufDat="2003-11-04"/>
  <Kunden KundenNr="17131" KundEigtNr="18483" KundArt="2" KundStatus="3" KundAufDat="2003-11-04"/>
  <Kunden KundenNr="17132" KundEigtNr="18484" KundArt="8" KundStatus="3" KundAufDat="2003-11-04"/>
  <Kunden KundenNr="17133" KundEigtNr="18486" KundArt="2" KundStatus="3" KundAufDat="2003-11-05"/>
  <Kunden KundenNr="17134" KundEigtNr="18487" KundArt="2" KundStatus="3" KundAufDat="2003-11-05"/>
  <Kunden KundenNr="17135" KundEigtNr="18488" KundArt="2" KundStatus="3" KundAufDat="2003-11-05"/>
  <Kunden KundenNr="17136" KundEigtNr="18491" KundArt="2" KundStatus="3" KundAufDat="2003-11-05"/>
  <Kunden KundenNr="17137" KundEigtNr="18492" KundArt="2" KundStatus="3" KundAufDat="2003-11-05"/>
  <Kunden KundenNr="17138" KundEigtNr="18493" KundArt="2" KundStatus="3" KundAufDat="2003-11-05"/>
  <Kunden KundenNr="17139" KundEigtNr="18494" KundArt="2" KundStatus="3" KundAufDat="2003-11-05"/>
  <Kunden KundenNr="17140" KundEigtNr="18498" KundArt="8" KundStatus="3" KundAufDat="2003-11-06"/>
  <Kunden KundenNr="17142" KundEigtNr="18501" KundArt="2" KundStatus="3" KundAufDat="2003-11-06"/>
  <Kunden KundenNr="17143" KundEigtNr="18338" KundArt="8" KundStatus="3" KundAufDat="2003-11-06"/>
  <Kunden KundenNr="17144" KundEigtNr="18508" KundArt="1" KundStatus="3" KundAufDat="2003-11-07"/>
  <Kunden KundenNr="17145" KundEigtNr="18509" KundArt="1" KundStatus="3" KundAufDat="2003-11-07"/>
  <Kunden KundenNr="17146" KundEigtNr="18510" KundArt="8" KundStatus="3" KundAufDat="2003-11-07"/>
  <Kunden KundenNr="17147" KundEigtNr="18511" KundArt="2" KundStatus="3" KundAufDat="2003-11-07"/>
  <Kunden KundenNr="17148" KundEigtNr="18514" KundArt="2" KundStatus="3" KundAufDat="2003-11-07"/>
  <Kunden KundenNr="17149" KundEigtNr="18515" KundArt="2" KundStatus="3" KundAufDat="2003-11-07"/>
  <Kunden KundenNr="17150" KundEigtNr="18516" KundArt="2" KundStatus="3" KundAufDat="2003-11-07"/>
  <Kunden KundenNr="17151" KundEigtNr="18518" KundArt="2" KundStatus="3" KundAufDat="2003-11-07"/>
  <Kunden KundenNr="17152" KundEigtNr="18523" KundArt="2" KundStatus="3" KundAufDat="2003-11-07"/>
  <Kunden KundenNr="17153" KundEigtNr="18525" KundArt="2" KundStatus="3" KundAufDat="2003-11-10"/>
  <Kunden KundenNr="17154" KundEigtNr="18526" KundArt="2" KundStatus="1" KundAufDat="2003-11-10"/>
  <Kunden KundenNr="17155" KundEigtNr="18527" KundArt="8" KundStatus="3" KundAufDat="2003-11-10"/>
  <Kunden KundenNr="17156" KundEigtNr="18528" KundArt="2" KundStatus="1" KundAufDat="2003-11-10"/>
  <Kunden KundenNr="17157" KundEigtNr="18531" KundArt="8" KundStatus="3" KundAufDat="2003-11-10"/>
  <Kunden KundenNr="17158" KundEigtNr="18532" KundArt="2" KundStatus="3" KundAufDat="2003-11-10"/>
  <Kunden KundenNr="17159" KundEigtNr="18533" KundArt="2" KundStatus="3" KundAufDat="2003-11-10"/>
  <Kunden KundenNr="17160" KundEigtNr="18535" KundArt="2" KundStatus="3" KundAufDat="2003-11-10"/>
  <Kunden KundenNr="17161" KundEigtNr="18537" KundArt="29" KundStatus="1" KundAufDat="2003-11-10"/>
  <Kunden KundenNr="17162" KundEigtNr="18546" KundArt="2" KundStatus="3" KundAufDat="2003-11-11"/>
  <Kunden KundenNr="17163" KundEigtNr="18547" KundArt="2" KundStatus="3" KundAufDat="2003-11-11"/>
  <Kunden KundenNr="17164" KundEigtNr="18548" KundArt="2" KundStatus="3" KundAufDat="2003-11-11"/>
  <Kunden KundenNr="17165" KundEigtNr="18549" KundArt="2" KundStatus="3" KundAufDat="2003-11-11"/>
  <Kunden KundenNr="17166" KundEigtNr="18550" KundArt="2" KundStatus="3" KundAufDat="2003-11-11"/>
  <Kunden KundenNr="17167" KundEigtNr="18551" KundArt="29" KundStatus="1" KundAufDat="2003-11-11"/>
  <Kunden KundenNr="17168" KundEigtNr="18552" KundArt="8" KundStatus="3" KundAufDat="2003-11-11"/>
  <Kunden KundenNr="17169" KundEigtNr="18553" KundArt="2" KundStatus="3" KundAufDat="2003-11-11"/>
  <Kunden KundenNr="17170" KundEigtNr="18554" KundArt="2" KundStatus="3" KundAufDat="2003-11-12"/>
  <Kunden KundenNr="17171" KundEigtNr="18555" KundArt="29" KundStatus="1" KundAufDat="2003-11-12"/>
  <Kunden KundenNr="17172" KundEigtNr="18556" KundArt="2" KundStatus="1" KundAufDat="2003-11-12"/>
  <Kunden KundenNr="17173" KundEigtNr="18557" KundArt="2" KundStatus="3" KundAufDat="2003-11-12"/>
  <Kunden KundenNr="17174" KundEigtNr="18558" KundArt="2" KundStatus="3" KundAufDat="2003-11-12"/>
  <Kunden KundenNr="17175" KundEigtNr="18489" KundArt="29" KundStatus="1" KundAufDat="2003-11-12"/>
  <Kunden KundenNr="17176" KundEigtNr="18559" KundArt="8" KundStatus="3" KundAufDat="2003-11-12"/>
  <Kunden KundenNr="17177" KundEigtNr="18560" KundArt="8" KundStatus="3" KundAufDat="2003-11-12"/>
  <Kunden KundenNr="17178" KundEigtNr="18561" KundArt="8" KundStatus="3" KundAufDat="2003-11-12"/>
  <Kunden KundenNr="17179" KundEigtNr="18562" KundArt="2" KundStatus="3" KundAufDat="2003-11-12"/>
  <Kunden KundenNr="17180" KundEigtNr="18570" KundArt="29" KundStatus="3" KundAufDat="2003-11-13"/>
  <Kunden KundenNr="17181" KundEigtNr="18571" KundArt="29" KundStatus="1" KundAufDat="2003-11-13"/>
  <Kunden KundenNr="17182" KundEigtNr="18394" KundArt="29" KundStatus="1" KundAufDat="2003-11-13"/>
  <Kunden KundenNr="17183" KundEigtNr="18572" KundArt="29" KundStatus="1" KundAufDat="2003-11-13"/>
  <Kunden KundenNr="17184" KundEigtNr="15944" KundArt="2" KundStatus="3" KundAufDat="2003-11-13"/>
  <Kunden KundenNr="17185" KundEigtNr="18573" KundArt="8" KundStatus="3" KundAufDat="2003-11-13"/>
  <Kunden KundenNr="17186" KundEigtNr="9258" KundArt="1" KundStatus="1" KundAufDat="2003-11-13"/>
  <Kunden KundenNr="17187" KundEigtNr="18574" KundArt="2" KundStatus="3" KundAufDat="2003-11-13"/>
  <Kunden KundenNr="17188" KundEigtNr="18575" KundArt="2" KundStatus="3" KundAufDat="2003-11-13"/>
  <Kunden KundenNr="17189" KundEigtNr="18576" KundArt="8" KundStatus="3" KundAufDat="2003-11-14"/>
  <Kunden KundenNr="17190" KundEigtNr="18577" KundArt="2" KundStatus="3" KundAufDat="2003-11-14"/>
  <Kunden KundenNr="17191" KundEigtNr="18578" KundArt="2" KundStatus="3" KundAufDat="2003-11-14"/>
  <Kunden KundenNr="17192" KundEigtNr="18579" KundArt="2" KundStatus="3" KundAufDat="2003-11-14"/>
  <Kunden KundenNr="17193" KundEigtNr="18580" KundArt="2" KundStatus="3" KundAufDat="2003-11-14"/>
  <Kunden KundenNr="17194" KundEigtNr="18581" KundArt="2" KundStatus="3" KundAufDat="2003-11-14"/>
  <Kunden KundenNr="17195" KundEigtNr="18582" KundArt="1" KundStatus="3" KundAufDat="2003-11-14"/>
  <Kunden KundenNr="17196" KundEigtNr="15271" KundArt="29" KundStatus="1" KundAufDat="2003-11-14"/>
  <Kunden KundenNr="17197" KundEigtNr="18583" KundArt="1" KundStatus="1" KundAufDat="2003-11-14"/>
  <Kunden KundenNr="17198" KundEigtNr="18584" KundArt="2" KundStatus="3" KundAufDat="2003-11-14"/>
  <Kunden KundenNr="17199" KundEigtNr="18585" KundArt="29" KundStatus="1" KundAufDat="2003-11-14"/>
  <Kunden KundenNr="17200" KundEigtNr="18586" KundArt="8" KundStatus="3" KundAufDat="2003-11-17"/>
  <Kunden KundenNr="17201" KundEigtNr="18587" KundArt="2" KundStatus="3" KundAufDat="2003-11-17"/>
  <Kunden KundenNr="17202" KundEigtNr="18512" KundArt="29" KundStatus="1" KundAufDat="2003-11-17"/>
  <Kunden KundenNr="17203" KundEigtNr="16373" KundArt="29" KundStatus="1" KundAufDat="2003-11-17"/>
  <Kunden KundenNr="17204" KundEigtNr="18588" KundArt="8" KundStatus="3" KundAufDat="2003-11-17"/>
  <Kunden KundenNr="17205" KundEigtNr="18589" KundArt="8" KundStatus="3" KundAufDat="2003-11-17"/>
  <Kunden KundenNr="17206" KundEigtNr="18590" KundArt="8" KundStatus="3" KundAufDat="2003-11-17"/>
  <Kunden KundenNr="17207" KundEigtNr="18591" KundArt="8" KundStatus="3" KundAufDat="2003-11-17"/>
  <Kunden KundenNr="17208" KundEigtNr="18593" KundArt="29" KundStatus="1" KundAufDat="2003-11-18"/>
  <Kunden KundenNr="17209" KundEigtNr="18596" KundArt="29" KundStatus="1" KundAufDat="2003-11-18"/>
  <Kunden KundenNr="17210" KundEigtNr="18597" KundArt="8" KundStatus="3" KundAufDat="2003-11-18"/>
  <Kunden KundenNr="17211" KundEigtNr="18540" KundArt="29" KundStatus="1" KundAufDat="2003-11-19"/>
  <Kunden KundenNr="17212" KundEigtNr="18608" KundArt="8" KundStatus="3" KundAufDat="2003-11-19"/>
  <Kunden KundenNr="17213" KundEigtNr="18610" KundArt="2" KundStatus="3" KundAufDat="2003-11-19"/>
  <Kunden KundenNr="17214" KundEigtNr="1489" KundArt="29" KundStatus="1" KundAufDat="2003-11-19"/>
  <Kunden KundenNr="17215" KundEigtNr="18619" KundArt="8" KundStatus="3" KundAufDat="2003-11-19"/>
  <Kunden KundenNr="17216" KundEigtNr="18622" KundArt="29" KundStatus="1" KundAufDat="2003-11-19"/>
  <Kunden KundenNr="17217" KundEigtNr="18627" KundArt="1" KundStatus="3" KundAufDat="2003-11-19"/>
  <Kunden KundenNr="17218" KundEigtNr="18629" KundArt="2" KundStatus="1" KundAufDat="2003-11-19"/>
  <Kunden KundenNr="17219" KundEigtNr="18630" KundArt="2" KundStatus="3" KundAufDat="2003-11-19"/>
  <Kunden KundenNr="17220" KundEigtNr="5219" KundArt="29" KundStatus="1" KundAufDat="2003-11-20"/>
  <Kunden KundenNr="17221" KundEigtNr="18631" KundArt="2" KundStatus="1" KundAufDat="2003-11-20"/>
  <Kunden KundenNr="17222" KundEigtNr="18536" KundArt="29" KundStatus="1" KundAufDat="2003-11-20"/>
  <Kunden KundenNr="17223" KundEigtNr="14904" KundArt="29" KundStatus="1" KundAufDat="2003-11-20"/>
  <Kunden KundenNr="17224" KundEigtNr="18632" KundArt="2" KundStatus="3" KundAufDat="2003-11-20"/>
  <Kunden KundenNr="17225" KundEigtNr="18633" KundArt="8" KundStatus="3" KundAufDat="2003-11-20"/>
  <Kunden KundenNr="17226" KundEigtNr="18634" KundArt="2" KundStatus="3" KundAufDat="2003-11-20"/>
  <Kunden KundenNr="17227" KundEigtNr="18636" KundArt="2" KundStatus="3" KundAufDat="2003-11-21"/>
  <Kunden KundenNr="17228" KundEigtNr="18640" KundArt="2" KundStatus="3" KundAufDat="2003-11-21"/>
  <Kunden KundenNr="17229" KundEigtNr="18644" KundArt="8" KundStatus="3" KundAufDat="2003-11-21"/>
  <Kunden KundenNr="17230" KundEigtNr="12892" KundArt="2" KundStatus="3" KundAufDat="2003-11-21"/>
  <Kunden KundenNr="17231" KundEigtNr="18645" KundArt="2" KundStatus="3" KundAufDat="2003-11-24"/>
  <Kunden KundenNr="17232" KundEigtNr="18646" KundArt="2" KundStatus="3" KundAufDat="2003-11-24"/>
  <Kunden KundenNr="17233" KundEigtNr="18495" KundArt="29" KundStatus="1" KundAufDat="2003-11-24"/>
  <Kunden KundenNr="17234" KundEigtNr="18647" KundArt="8" KundStatus="3" KundAufDat="2003-11-24"/>
  <Kunden KundenNr="17235" KundEigtNr="18648" KundArt="1" KundStatus="3" KundAufDat="2003-11-24"/>
  <Kunden KundenNr="17236" KundEigtNr="18649" KundArt="2" KundStatus="3" KundAufDat="2003-11-24"/>
  <Kunden KundenNr="17237" KundEigtNr="18650" KundArt="29" KundStatus="1" KundAufDat="2003-11-24"/>
  <Kunden KundenNr="17238" KundEigtNr="15172" KundArt="29" KundStatus="1" KundAufDat="2003-11-24"/>
  <Kunden KundenNr="17239" KundEigtNr="18651" KundArt="2" KundStatus="3" KundAufDat="2003-11-25"/>
  <Kunden KundenNr="17240" KundEigtNr="18652" KundArt="2" KundStatus="3" KundAufDat="2003-11-25"/>
  <Kunden KundenNr="17241" KundEigtNr="18466" KundArt="2" KundStatus="3" KundAufDat="2003-11-25"/>
  <Kunden KundenNr="17242" KundEigtNr="18653" KundArt="29" KundStatus="1" KundAufDat="2003-11-25"/>
  <Kunden KundenNr="17243" KundEigtNr="18655" KundArt="29" KundStatus="1" KundAufDat="2003-11-25"/>
  <Kunden KundenNr="17244" KundEigtNr="18658" KundArt="29" KundStatus="1" KundAufDat="2003-11-25"/>
  <Kunden KundenNr="17245" KundEigtNr="18660" KundArt="2" KundStatus="3" KundAufDat="2003-11-25"/>
  <Kunden KundenNr="17246" KundEigtNr="18661" KundArt="2" KundStatus="3" KundAufDat="2003-11-25"/>
  <Kunden KundenNr="17247" KundEigtNr="18662" KundArt="2" KundStatus="3" KundAufDat="2003-11-25"/>
  <Kunden KundenNr="17248" KundEigtNr="18663" KundArt="2" KundStatus="3" KundAufDat="2003-11-25"/>
  <Kunden KundenNr="17249" KundEigtNr="18664" KundArt="2" KundStatus="3" KundAufDat="2003-11-25"/>
  <Kunden KundenNr="17250" KundEigtNr="18665" KundArt="2" KundStatus="3" KundAufDat="2003-11-25"/>
  <Kunden KundenNr="17251" KundEigtNr="3055" KundArt="1" KundStatus="3" KundAufDat="2003-11-25"/>
  <Kunden KundenNr="17252" KundEigtNr="18667" KundArt="29" KundStatus="1" KundAufDat="2003-11-25"/>
  <Kunden KundenNr="17254" KundEigtNr="18669" KundArt="1" KundStatus="1" KundAufDat="2003-11-26"/>
  <Kunden KundenNr="17255" KundEigtNr="18670" KundArt="8" KundStatus="3" KundAufDat="2003-11-26"/>
  <Kunden KundenNr="17256" KundEigtNr="18671" KundArt="29" KundStatus="1" KundAufDat="2003-11-26"/>
  <Kunden KundenNr="17257" KundEigtNr="18672" KundArt="2" KundStatus="3" KundAufDat="2003-11-26"/>
  <Kunden KundenNr="17258" KundEigtNr="18673" KundArt="2" KundStatus="3" KundAufDat="2003-11-26"/>
  <Kunden KundenNr="17259" KundEigtNr="18674" KundArt="2" KundStatus="3" KundAufDat="2003-11-26"/>
  <Kunden KundenNr="17260" KundEigtNr="18675" KundArt="8" KundStatus="3" KundAufDat="2003-11-26"/>
  <Kunden KundenNr="17261" KundEigtNr="18676" KundArt="2" KundStatus="3" KundAufDat="2003-11-26"/>
  <Kunden KundenNr="17262" KundEigtNr="18677" KundArt="2" KundStatus="3" KundAufDat="2003-11-27"/>
  <Kunden KundenNr="17263" KundEigtNr="18678" KundArt="2" KundStatus="3" KundAufDat="2003-11-27"/>
  <Kunden KundenNr="17264" KundEigtNr="18520" KundArt="29" KundStatus="1" KundAufDat="2003-11-27"/>
  <Kunden KundenNr="17265" KundEigtNr="18679" KundArt="29" KundStatus="1" KundAufDat="2003-11-27"/>
  <Kunden KundenNr="17266" KundEigtNr="18680" KundArt="8" KundStatus="3" KundAufDat="2003-11-27"/>
  <Kunden KundenNr="17267" KundEigtNr="16109" KundArt="29" KundStatus="1" KundAufDat="2003-11-27"/>
  <Kunden KundenNr="17268" KundEigtNr="18681" KundArt="29" KundStatus="1" KundAufDat="2003-11-27"/>
  <Kunden KundenNr="17269" KundEigtNr="18682" KundArt="2" KundStatus="3" KundAufDat="2003-11-27"/>
  <Kunden KundenNr="17270" KundEigtNr="18507" KundArt="29" KundStatus="1" KundAufDat="2003-11-27"/>
  <Kunden KundenNr="17271" KundEigtNr="18683" KundArt="29" KundStatus="1" KundAufDat="2003-11-27"/>
  <Kunden KundenNr="17272" KundEigtNr="18503" KundArt="29" KundStatus="1" KundAufDat="2003-11-27"/>
  <Kunden KundenNr="17273" KundEigtNr="18684" KundArt="2" KundStatus="3" KundAufDat="2003-11-28"/>
  <Kunden KundenNr="17274" KundEigtNr="18685" KundArt="29" KundStatus="1" KundAufDat="2003-11-28"/>
  <Kunden KundenNr="17275" KundEigtNr="18686" KundArt="2" KundStatus="3" KundAufDat="2003-11-28"/>
  <Kunden KundenNr="17276" KundEigtNr="18687" KundArt="2" KundStatus="3" KundAufDat="2003-11-28"/>
  <Kunden KundenNr="17277" KundEigtNr="18688" KundArt="2" KundStatus="3" KundAufDat="2003-11-28"/>
  <Kunden KundenNr="17278" KundEigtNr="18689" KundArt="2" KundStatus="3" KundAufDat="2003-12-01"/>
  <Kunden KundenNr="17279" KundEigtNr="18564" KundArt="29" KundStatus="1" KundAufDat="2003-12-01"/>
  <Kunden KundenNr="17280" KundEigtNr="18690" KundArt="2" KundStatus="3" KundAufDat="2003-12-01"/>
  <Kunden KundenNr="17281" KundEigtNr="18666" KundArt="29" KundStatus="1" KundAufDat="2003-12-01"/>
  <Kunden KundenNr="17282" KundEigtNr="18691" KundArt="1" KundStatus="3" KundAufDat="2003-12-01"/>
  <Kunden KundenNr="17283" KundEigtNr="18692" KundArt="2" KundStatus="3" KundAufDat="2003-12-01"/>
  <Kunden KundenNr="17284" KundEigtNr="18693" KundArt="2" KundStatus="1" KundAufDat="2003-12-01"/>
  <Kunden KundenNr="17285" KundEigtNr="18001" KundArt="8" KundStatus="3" KundAufDat="2003-12-02"/>
  <Kunden KundenNr="17286" KundEigtNr="18010" KundArt="29" KundStatus="1" KundAufDat="2003-12-02"/>
  <Kunden KundenNr="17287" KundEigtNr="18660" KundArt="8" KundStatus="3" KundAufDat="2003-12-02"/>
  <Kunden KundenNr="17288" KundEigtNr="18694" KundArt="29" KundStatus="1" KundAufDat="2003-12-02"/>
  <Kunden KundenNr="17289" KundEigtNr="18695" KundArt="2" KundStatus="3" KundAufDat="2003-12-02"/>
  <Kunden KundenNr="17290" KundEigtNr="18696" KundArt="2" KundStatus="3" KundAufDat="2003-12-02"/>
  <Kunden KundenNr="17291" KundEigtNr="18697" KundArt="2" KundStatus="3" KundAufDat="2003-12-02"/>
  <Kunden KundenNr="17292" KundEigtNr="18698" KundArt="2" KundStatus="3" KundAufDat="2003-12-02"/>
  <Kunden KundenNr="17293" KundEigtNr="18699" KundArt="2" KundStatus="3" KundAufDat="2003-12-02"/>
  <Kunden KundenNr="17294" KundEigtNr="18700" KundArt="2" KundStatus="3" KundAufDat="2003-12-02"/>
  <Kunden KundenNr="17295" KundEigtNr="18703" KundArt="8" KundStatus="3" KundAufDat="2003-12-03"/>
  <Kunden KundenNr="17296" KundEigtNr="13387" KundArt="8" KundStatus="1" KundAufDat="2003-12-03"/>
  <Kunden KundenNr="17297" KundEigtNr="18704" KundArt="29" KundStatus="1" KundAufDat="2003-12-03"/>
  <Kunden KundenNr="17298" KundEigtNr="18705" KundArt="2" KundStatus="3" KundAufDat="2003-12-03"/>
  <Kunden KundenNr="17299" KundEigtNr="18706" KundArt="2" KundStatus="3" KundAufDat="2003-12-03"/>
  <Kunden KundenNr="17300" KundEigtNr="17710" KundArt="29" KundStatus="1" KundAufDat="2003-12-03"/>
  <Kunden KundenNr="17301" KundEigtNr="18707" KundArt="8" KundStatus="3" KundAufDat="2003-12-03"/>
  <Kunden KundenNr="17302" KundEigtNr="18708" KundArt="2" KundStatus="3" KundAufDat="2003-12-03"/>
  <Kunden KundenNr="17303" KundEigtNr="18709" KundArt="29" KundStatus="1" KundAufDat="2003-12-03"/>
  <Kunden KundenNr="17304" KundEigtNr="18710" KundArt="8" KundStatus="3" KundAufDat="2003-12-03"/>
  <Kunden KundenNr="17305" KundEigtNr="8287" KundArt="29" KundStatus="1" KundAufDat="2003-12-03"/>
  <Kunden KundenNr="17306" KundEigtNr="18600" KundArt="29" KundStatus="1" KundAufDat="2003-12-03"/>
  <Kunden KundenNr="17307" KundEigtNr="18725" KundArt="8" KundStatus="3" KundAufDat="2003-12-03"/>
  <Kunden KundenNr="17308" KundEigtNr="18726" KundArt="8" KundStatus="3" KundAufDat="2003-12-04"/>
  <Kunden KundenNr="17309" KundEigtNr="18727" KundArt="8" KundStatus="1" KundAufDat="2003-12-04"/>
  <Kunden KundenNr="17310" KundEigtNr="18728" KundArt="8" KundStatus="3" KundAufDat="2003-12-04"/>
  <Kunden KundenNr="17311" KundEigtNr="18729" KundArt="2" KundStatus="3" KundAufDat="2003-12-04"/>
  <Kunden KundenNr="17312" KundEigtNr="18730" KundArt="2" KundStatus="3" KundAufDat="2003-12-04"/>
  <Kunden KundenNr="17313" KundEigtNr="18654" KundArt="29" KundStatus="1" KundAufDat="2003-12-04"/>
  <Kunden KundenNr="17314" KundEigtNr="18731" KundArt="29" KundStatus="1" KundAufDat="2003-12-04"/>
  <Kunden KundenNr="17315" KundEigtNr="18607" KundArt="29" KundStatus="1" KundAufDat="2003-12-04"/>
  <Kunden KundenNr="17316" KundEigtNr="18732" KundArt="8" KundStatus="3" KundAufDat="2003-12-04"/>
  <Kunden KundenNr="17317" KundEigtNr="18733" KundArt="2" KundStatus="3" KundAufDat="2003-12-04"/>
  <Kunden KundenNr="17318" KundEigtNr="18734" KundArt="8" KundStatus="3" KundAufDat="2003-12-05"/>
  <Kunden KundenNr="17319" KundEigtNr="18952" KundArt="8" KundStatus="3" KundAufDat="2003-12-05"/>
  <Kunden KundenNr="17320" KundEigtNr="18736" KundArt="2" KundStatus="3" KundAufDat="2003-12-05"/>
  <Kunden KundenNr="17321" KundEigtNr="18737" KundArt="8" KundStatus="3" KundAufDat="2003-12-05"/>
  <Kunden KundenNr="17322" KundEigtNr="18738" KundArt="2" KundStatus="3" KundAufDat="2003-12-05"/>
  <Kunden KundenNr="17323" KundEigtNr="18739" KundArt="2" KundStatus="3" KundAufDat="2003-12-05"/>
  <Kunden KundenNr="17324" KundEigtNr="18740" KundArt="2" KundStatus="3" KundAufDat="2003-12-05"/>
  <Kunden KundenNr="17325" KundEigtNr="18741" KundArt="8" KundStatus="3" KundAufDat="2003-12-05"/>
  <Kunden KundenNr="17326" KundEigtNr="18599" KundArt="29" KundStatus="1" KundAufDat="2003-12-05"/>
  <Kunden KundenNr="17327" KundEigtNr="18742" KundArt="1" KundStatus="3" KundAufDat="2003-12-05"/>
  <Kunden KundenNr="17328" KundEigtNr="18743" KundArt="8" KundStatus="3" KundAufDat="2003-12-06"/>
  <Kunden KundenNr="17329" KundEigtNr="16166" KundArt="29" KundStatus="1" KundAufDat="2003-12-06"/>
  <Kunden KundenNr="17330" KundEigtNr="18744" KundArt="8" KundStatus="3" KundAufDat="2003-12-06"/>
  <Kunden KundenNr="17331" KundEigtNr="18745" KundArt="8" KundStatus="3" KundAufDat="2003-12-08"/>
  <Kunden KundenNr="17332" KundEigtNr="18746" KundArt="8" KundStatus="3" KundAufDat="2003-12-08"/>
  <Kunden KundenNr="17333" KundEigtNr="18747" KundArt="8" KundStatus="3" KundAufDat="2003-12-08"/>
  <Kunden KundenNr="17334" KundEigtNr="17929" KundArt="8" KundStatus="3" KundAufDat="2003-12-08"/>
  <Kunden KundenNr="17335" KundEigtNr="18748" KundArt="1" KundStatus="3" KundAufDat="2003-12-08"/>
  <Kunden KundenNr="17336" KundEigtNr="18177" KundArt="8" KundStatus="3" KundAufDat="2003-12-08"/>
  <Kunden KundenNr="17337" KundEigtNr="7808" KundArt="8" KundStatus="3" KundAufDat="2003-12-08"/>
  <Kunden KundenNr="17338" KundEigtNr="18613" KundArt="29" KundStatus="1" KundAufDat="2003-12-08"/>
  <Kunden KundenNr="17339" KundEigtNr="15753" KundArt="2" KundStatus="3" KundAufDat="2003-12-08"/>
  <Kunden KundenNr="17340" KundEigtNr="18749" KundArt="8" KundStatus="3" KundAufDat="2003-12-08"/>
  <Kunden KundenNr="17341" KundEigtNr="18750" KundArt="8" KundStatus="3" KundAufDat="2003-12-08"/>
  <Kunden KundenNr="17342" KundEigtNr="18751" KundArt="8" KundStatus="3" KundAufDat="2003-12-08"/>
  <Kunden KundenNr="17343" KundEigtNr="18752" KundArt="2" KundStatus="3" KundAufDat="2003-12-08"/>
  <Kunden KundenNr="17344" KundEigtNr="12895" KundArt="2" KundStatus="3" KundAufDat="2003-12-08"/>
  <Kunden KundenNr="17345" KundEigtNr="18753" KundArt="1" KundStatus="3" KundAufDat="2003-12-08"/>
  <Kunden KundenNr="17346" KundEigtNr="18754" KundArt="8" KundStatus="3" KundAufDat="2003-12-09"/>
  <Kunden KundenNr="17347" KundEigtNr="18755" KundArt="8" KundStatus="3" KundAufDat="2003-12-09"/>
  <Kunden KundenNr="17348" KundEigtNr="18756" KundArt="8" KundStatus="3" KundAufDat="2003-12-09"/>
  <Kunden KundenNr="17349" KundEigtNr="18757" KundArt="8" KundStatus="3" KundAufDat="2003-12-09"/>
  <Kunden KundenNr="17350" KundEigtNr="18711" KundArt="29" KundStatus="1" KundAufDat="2003-12-09"/>
  <Kunden KundenNr="17351" KundEigtNr="18758" KundArt="8" KundStatus="3" KundAufDat="2003-12-09"/>
  <Kunden KundenNr="17352" KundEigtNr="18759" KundArt="2" KundStatus="3" KundAufDat="2003-12-09"/>
  <Kunden KundenNr="17353" KundEigtNr="18760" KundArt="1" KundStatus="1" KundAufDat="2003-12-09"/>
  <Kunden KundenNr="17354" KundEigtNr="18761" KundArt="1" KundStatus="1" KundAufDat="2003-12-09"/>
  <Kunden KundenNr="17355" KundEigtNr="18762" KundArt="1" KundStatus="3" KundAufDat="2003-12-09"/>
  <Kunden KundenNr="17356" KundEigtNr="18763" KundArt="8" KundStatus="3" KundAufDat="2003-12-09"/>
  <Kunden KundenNr="17357" KundEigtNr="18764" KundArt="8" KundStatus="3" KundAufDat="2003-12-10"/>
  <Kunden KundenNr="17358" KundEigtNr="18765" KundArt="29" KundStatus="1" KundAufDat="2003-12-10"/>
  <Kunden KundenNr="17359" KundEigtNr="18766" KundArt="1" KundStatus="3" KundAufDat="2003-12-10"/>
  <Kunden KundenNr="17360" KundEigtNr="18767" KundArt="2" KundStatus="3" KundAufDat="2003-12-10"/>
  <Kunden KundenNr="17361" KundEigtNr="18768" KundArt="8" KundStatus="3" KundAufDat="2003-12-10"/>
  <Kunden KundenNr="17362" KundEigtNr="8810" KundArt="2" KundStatus="1" KundAufDat="2003-12-10"/>
  <Kunden KundenNr="17363" KundEigtNr="18769" KundArt="2" KundStatus="3" KundAufDat="2003-12-10"/>
  <Kunden KundenNr="17364" KundEigtNr="18770" KundArt="8" KundStatus="3" KundAufDat="2003-12-10"/>
  <Kunden KundenNr="17365" KundEigtNr="18771" KundArt="1" KundStatus="3" KundAufDat="2003-12-10"/>
  <Kunden KundenNr="17366" KundEigtNr="18657" KundArt="29" KundStatus="1" KundAufDat="2003-12-10"/>
  <Kunden KundenNr="17367" KundEigtNr="18773" KundArt="2" KundStatus="3" KundAufDat="2003-12-11"/>
  <Kunden KundenNr="17368" KundEigtNr="18774" KundArt="2" KundStatus="3" KundAufDat="2003-12-11"/>
  <Kunden KundenNr="17369" KundEigtNr="18775" KundArt="2" KundStatus="3" KundAufDat="2003-12-11"/>
  <Kunden KundenNr="17370" KundEigtNr="18776" KundArt="8" KundStatus="3" KundAufDat="2003-12-11"/>
  <Kunden KundenNr="17371" KundEigtNr="18777" KundArt="2" KundStatus="3" KundAufDat="2003-12-12"/>
  <Kunden KundenNr="17372" KundEigtNr="18778" KundArt="1" KundStatus="1" KundAufDat="2003-12-12"/>
  <Kunden KundenNr="17373" KundEigtNr="14740" KundArt="1" KundStatus="3" KundAufDat="2003-12-12"/>
  <Kunden KundenNr="17374" KundEigtNr="18779" KundArt="2" KundStatus="3" KundAufDat="2003-12-13"/>
  <Kunden KundenNr="17375" KundEigtNr="18780" KundArt="2" KundStatus="3" KundAufDat="2003-12-13"/>
  <Kunden KundenNr="17376" KundEigtNr="18781" KundArt="2" KundStatus="3" KundAufDat="2003-12-13"/>
  <Kunden KundenNr="17377" KundEigtNr="18782" KundArt="8" KundStatus="3" KundAufDat="2003-12-15"/>
  <Kunden KundenNr="17378" KundEigtNr="18783" KundArt="29" KundStatus="1" KundAufDat="2003-12-15"/>
  <Kunden KundenNr="17379" KundEigtNr="18784" KundArt="2" KundStatus="3" KundAufDat="2003-12-15"/>
  <Kunden KundenNr="17380" KundEigtNr="18785" KundArt="8" KundStatus="3" KundAufDat="2003-12-15"/>
  <Kunden KundenNr="17381" KundEigtNr="18786" KundArt="8" KundStatus="3" KundAufDat="2003-12-15"/>
  <Kunden KundenNr="17382" KundEigtNr="18787" KundArt="2" KundStatus="3" KundAufDat="2003-12-15"/>
  <Kunden KundenNr="17383" KundEigtNr="18788" KundArt="8" KundStatus="3" KundAufDat="2003-12-15"/>
  <Kunden KundenNr="17384" KundEigtNr="18789" KundArt="8" KundStatus="3" KundAufDat="2003-12-15"/>
  <Kunden KundenNr="17385" KundEigtNr="18790" KundArt="1" KundStatus="3" KundAufDat="2003-12-15"/>
  <Kunden KundenNr="17386" KundEigtNr="18791" KundArt="2" KundStatus="3" KundAufDat="2003-12-16"/>
  <Kunden KundenNr="17387" KundEigtNr="18792" KundArt="2" KundStatus="3" KundAufDat="2003-12-16"/>
  <Kunden KundenNr="17388" KundEigtNr="14442" KundArt="29" KundStatus="1" KundAufDat="2003-12-16"/>
  <Kunden KundenNr="17389" KundEigtNr="18768" KundArt="2" KundStatus="3" KundAufDat="2003-12-16"/>
  <Kunden KundenNr="17390" KundEigtNr="18793" KundArt="2" KundStatus="3" KundAufDat="2003-12-16"/>
  <Kunden KundenNr="17391" KundEigtNr="18794" KundArt="1" KundStatus="1" KundAufDat="2003-12-16"/>
  <Kunden KundenNr="17392" KundEigtNr="18795" KundArt="2" KundStatus="3" KundAufDat="2003-12-16"/>
  <Kunden KundenNr="17393" KundEigtNr="18796" KundArt="8" KundStatus="3" KundAufDat="2003-12-17"/>
  <Kunden KundenNr="17394" KundEigtNr="18797" KundArt="2" KundStatus="3" KundAufDat="2003-12-17"/>
  <Kunden KundenNr="17395" KundEigtNr="18798" KundArt="2" KundStatus="3" KundAufDat="2003-12-17"/>
  <Kunden KundenNr="17396" KundEigtNr="18799" KundArt="1" KundStatus="1" KundAufDat="2003-12-17"/>
  <Kunden KundenNr="17397" KundEigtNr="18800" KundArt="8" KundStatus="3" KundAufDat="2003-12-17"/>
  <Kunden KundenNr="17398" KundEigtNr="18801" KundArt="2" KundStatus="3" KundAufDat="2003-12-17"/>
  <Kunden KundenNr="17399" KundEigtNr="18802" KundArt="2" KundStatus="1" KundAufDat="2003-12-17"/>
  <Kunden KundenNr="17400" KundEigtNr="12653" KundArt="2" KundStatus="3" KundAufDat="2003-12-17"/>
  <Kunden KundenNr="17401" KundEigtNr="18803" KundArt="8" KundStatus="3" KundAufDat="2003-12-17"/>
  <Kunden KundenNr="17402" KundEigtNr="18804" KundArt="2" KundStatus="3" KundAufDat="2003-12-17"/>
  <Kunden KundenNr="17403" KundEigtNr="18805" KundArt="2" KundStatus="3" KundAufDat="2003-12-17"/>
  <Kunden KundenNr="17404" KundEigtNr="18806" KundArt="2" KundStatus="3" KundAufDat="2003-12-17"/>
  <Kunden KundenNr="17405" KundEigtNr="18807" KundArt="2" KundStatus="3" KundAufDat="2003-12-17"/>
  <Kunden KundenNr="17406" KundEigtNr="18808" KundArt="29" KundStatus="1" KundAufDat="2003-12-17"/>
  <Kunden KundenNr="17407" KundEigtNr="18809" KundArt="2" KundStatus="3" KundAufDat="2003-12-17"/>
  <Kunden KundenNr="17408" KundEigtNr="18810" KundArt="1" KundStatus="1" KundAufDat="2003-12-17"/>
  <Kunden KundenNr="17409" KundEigtNr="18811" KundArt="8" KundStatus="3" KundAufDat="2003-12-17"/>
  <Kunden KundenNr="17410" KundEigtNr="18812" KundArt="8" KundStatus="3" KundAufDat="2003-12-18"/>
  <Kunden KundenNr="17411" KundEigtNr="18813" KundArt="2" KundStatus="3" KundAufDat="2003-12-18"/>
  <Kunden KundenNr="17412" KundEigtNr="18814" KundArt="29" KundStatus="1" KundAufDat="2003-12-18"/>
  <Kunden KundenNr="17413" KundEigtNr="18815" KundArt="29" KundStatus="1" KundAufDat="2003-12-18"/>
  <Kunden KundenNr="17414" KundEigtNr="18816" KundArt="8" KundStatus="3" KundAufDat="2003-12-18"/>
  <Kunden KundenNr="17415" KundEigtNr="18817" KundArt="8" KundStatus="3" KundAufDat="2003-12-18"/>
  <Kunden KundenNr="17416" KundEigtNr="18003" KundArt="8" KundStatus="3" KundAufDat="2003-12-18"/>
  <Kunden KundenNr="17417" KundEigtNr="18818" KundArt="2" KundStatus="3" KundAufDat="2003-12-19"/>
  <Kunden KundenNr="17418" KundEigtNr="18819" KundArt="2" KundStatus="3" KundAufDat="2003-12-19"/>
  <Kunden KundenNr="17419" KundEigtNr="18606" KundArt="29" KundStatus="1" KundAufDat="2003-12-22"/>
  <Kunden KundenNr="17420" KundEigtNr="18659" KundArt="29" KundStatus="1" KundAufDat="2003-12-22"/>
  <Kunden KundenNr="17421" KundEigtNr="18820" KundArt="2" KundStatus="3" KundAufDat="2003-12-22"/>
  <Kunden KundenNr="17422" KundEigtNr="18821" KundArt="8" KundStatus="3" KundAufDat="2003-12-22"/>
  <Kunden KundenNr="17423" KundEigtNr="18822" KundArt="2" KundStatus="3" KundAufDat="2003-12-22"/>
  <Kunden KundenNr="17424" KundEigtNr="18823" KundArt="8" KundStatus="3" KundAufDat="2003-12-22"/>
  <Kunden KundenNr="17425" KundEigtNr="18734" KundArt="2" KundStatus="3" KundAufDat="2003-12-22"/>
  <Kunden KundenNr="17426" KundEigtNr="18824" KundArt="8" KundStatus="3" KundAufDat="2003-12-22"/>
  <Kunden KundenNr="17427" KundEigtNr="18825" KundArt="2" KundStatus="3" KundAufDat="2003-12-22"/>
  <Kunden KundenNr="17428" KundEigtNr="18826" KundArt="2" KundStatus="3" KundAufDat="2003-12-22"/>
  <Kunden KundenNr="17429" KundEigtNr="18827" KundArt="2" KundStatus="1" KundAufDat="2003-12-22"/>
  <Kunden KundenNr="17430" KundEigtNr="18652" KundArt="8" KundStatus="3" KundAufDat="2003-12-23"/>
  <Kunden KundenNr="17431" KundEigtNr="12262" KundArt="2" KundStatus="3" KundAufDat="2003-12-23"/>
  <Kunden KundenNr="17432" KundEigtNr="18828" KundArt="2" KundStatus="3" KundAufDat="2003-12-23"/>
  <Kunden KundenNr="17433" KundEigtNr="18829" KundArt="8" KundStatus="3" KundAufDat="2003-12-23"/>
  <Kunden KundenNr="17434" KundEigtNr="18830" KundArt="8" KundStatus="3" KundAufDat="2003-12-29"/>
  <Kunden KundenNr="17435" KundEigtNr="18831" KundArt="8" KundStatus="3" KundAufDat="2003-12-29"/>
  <Kunden KundenNr="17436" KundEigtNr="18832" KundArt="8" KundStatus="3" KundAufDat="2003-12-29"/>
  <Kunden KundenNr="17437" KundEigtNr="18833" KundArt="8" KundStatus="3" KundAufDat="2003-12-29"/>
  <Kunden KundenNr="17438" KundEigtNr="18834" KundArt="8" KundStatus="3" KundAufDat="2003-12-29"/>
  <Kunden KundenNr="17439" KundEigtNr="18835" KundArt="8" KundStatus="3" KundAufDat="2003-12-29"/>
  <Kunden KundenNr="17440" KundEigtNr="18836" KundArt="8" KundStatus="3" KundAufDat="2003-12-29"/>
  <Kunden KundenNr="17441" KundEigtNr="18837" KundArt="2" KundStatus="3" KundAufDat="2003-12-29"/>
  <Kunden KundenNr="17442" KundEigtNr="18838" KundArt="8" KundStatus="3" KundAufDat="2003-12-29"/>
  <Kunden KundenNr="17443" KundEigtNr="18831" KundArt="2" KundStatus="3" KundAufDat="2003-12-30"/>
  <Kunden KundenNr="17444" KundEigtNr="18839" KundArt="2" KundStatus="3" KundAufDat="2003-12-30"/>
  <Kunden KundenNr="17445" KundEigtNr="18840" KundArt="2" KundStatus="3" KundAufDat="2003-12-30"/>
  <Kunden KundenNr="17446" KundEigtNr="18841" KundArt="2" KundStatus="3" KundAufDat="2003-12-30"/>
  <Kunden KundenNr="17447" KundEigtNr="18842" KundArt="2" KundStatus="3" KundAufDat="2003-12-30"/>
  <Kunden KundenNr="17448" KundEigtNr="18843" KundArt="2" KundStatus="3" KundAufDat="2003-12-30"/>
  <Kunden KundenNr="17451" KundEigtNr="18846" KundArt="2" KundStatus="3" KundAufDat="2003-12-30"/>
  <Kunden KundenNr="17452" KundEigtNr="18847" KundArt="8" KundStatus="3" KundAufDat="2003-12-30"/>
  <Kunden KundenNr="17453" KundEigtNr="18841" KundArt="8" KundStatus="3" KundAufDat="2004-01-02"/>
  <Kunden KundenNr="17454" KundEigtNr="18848" KundArt="8" KundStatus="3" KundAufDat="2004-01-02"/>
  <Kunden KundenNr="17455" KundEigtNr="18849" KundArt="8" KundStatus="3" KundAufDat="2004-01-02"/>
  <Kunden KundenNr="17456" KundEigtNr="18850" KundArt="2" KundStatus="3" KundAufDat="2004-01-02"/>
  <Kunden KundenNr="17457" KundEigtNr="18851" KundArt="8" KundStatus="3" KundAufDat="2004-01-02"/>
  <Kunden KundenNr="17458" KundEigtNr="18852" KundArt="8" KundStatus="3" KundAufDat="2004-01-02"/>
  <Kunden KundenNr="17459" KundEigtNr="18853" KundArt="8" KundStatus="3" KundAufDat="2004-01-02"/>
  <Kunden KundenNr="17460" KundEigtNr="18854" KundArt="8" KundStatus="3" KundAufDat="2004-01-02"/>
  <Kunden KundenNr="17461" KundEigtNr="18855" KundArt="2" KundStatus="3" KundAufDat="2004-01-05"/>
  <Kunden KundenNr="17462" KundEigtNr="18856" KundArt="2" KundStatus="3" KundAufDat="2004-01-05"/>
  <Kunden KundenNr="17464" KundEigtNr="18859" KundArt="8" KundStatus="3" KundAufDat="2004-01-05"/>
  <Kunden KundenNr="17465" KundEigtNr="18861" KundArt="8" KundStatus="3" KundAufDat="2004-01-05"/>
  <Kunden KundenNr="17466" KundEigtNr="18862" KundArt="2" KundStatus="3" KundAufDat="2004-01-05"/>
  <Kunden KundenNr="17467" KundEigtNr="18866" KundArt="8" KundStatus="3" KundAufDat="2004-01-05"/>
  <Kunden KundenNr="17468" KundEigtNr="18867" KundArt="8" KundStatus="3" KundAufDat="2004-01-05"/>
  <Kunden KundenNr="17469" KundEigtNr="18868" KundArt="2" KundStatus="3" KundAufDat="2004-01-05"/>
  <Kunden KundenNr="17470" KundEigtNr="18869" KundArt="8" KundStatus="3" KundAufDat="2004-01-05"/>
  <Kunden KundenNr="17471" KundEigtNr="18870" KundArt="8" KundStatus="3" KundAufDat="2004-01-05"/>
  <Kunden KundenNr="17472" KundEigtNr="18871" KundArt="2" KundStatus="3" KundAufDat="2004-01-05"/>
  <Kunden KundenNr="17473" KundEigtNr="18872" KundArt="2" KundStatus="3" KundAufDat="2004-01-05"/>
  <Kunden KundenNr="17474" KundEigtNr="18873" KundArt="8" KundStatus="3" KundAufDat="2004-01-05"/>
  <Kunden KundenNr="17475" KundEigtNr="18875" KundArt="8" KundStatus="3" KundAufDat="2004-01-06"/>
  <Kunden KundenNr="17476" KundEigtNr="18876" KundArt="2" KundStatus="3" KundAufDat="2004-01-06"/>
  <Kunden KundenNr="17477" KundEigtNr="18877" KundArt="8" KundStatus="3" KundAufDat="2004-01-06"/>
  <Kunden KundenNr="17478" KundEigtNr="18878" KundArt="8" KundStatus="3" KundAufDat="2004-01-06"/>
  <Kunden KundenNr="17479" KundEigtNr="18879" KundArt="2" KundStatus="3" KundAufDat="2004-01-06"/>
  <Kunden KundenNr="17480" KundEigtNr="18880" KundArt="29" KundStatus="1" KundAufDat="2004-01-06"/>
  <Kunden KundenNr="17481" KundEigtNr="18881" KundArt="8" KundStatus="3" KundAufDat="2004-01-06"/>
  <Kunden KundenNr="17482" KundEigtNr="18882" KundArt="8" KundStatus="3" KundAufDat="2004-01-06"/>
  <Kunden KundenNr="17483" KundEigtNr="18883" KundArt="8" KundStatus="3" KundAufDat="2004-01-06"/>
  <Kunden KundenNr="17484" KundEigtNr="18884" KundArt="8" KundStatus="3" KundAufDat="2004-01-06"/>
  <Kunden KundenNr="17485" KundEigtNr="18885" KundArt="8" KundStatus="3" KundAufDat="2004-01-06"/>
  <Kunden KundenNr="17486" KundEigtNr="18886" KundArt="2" KundStatus="3" KundAufDat="2004-01-06"/>
  <Kunden KundenNr="17487" KundEigtNr="18887" KundArt="29" KundStatus="1" KundAufDat="2004-01-06"/>
  <Kunden KundenNr="17488" KundEigtNr="18888" KundArt="2" KundStatus="3" KundAufDat="2004-01-06"/>
  <Kunden KundenNr="17489" KundEigtNr="18889" KundArt="2" KundStatus="3" KundAufDat="2004-01-06"/>
  <Kunden KundenNr="17490" KundEigtNr="18890" KundArt="2" KundStatus="3" KundAufDat="2004-01-06"/>
  <Kunden KundenNr="17491" KundEigtNr="18891" KundArt="29" KundStatus="1" KundAufDat="2004-01-07"/>
  <Kunden KundenNr="17492" KundEigtNr="18892" KundArt="2" KundStatus="3" KundAufDat="2004-01-07"/>
  <Kunden KundenNr="17493" KundEigtNr="12814" KundArt="8" KundStatus="3" KundAufDat="2004-01-07"/>
  <Kunden KundenNr="17494" KundEigtNr="18893" KundArt="8" KundStatus="3" KundAufDat="2004-01-07"/>
  <Kunden KundenNr="17495" KundEigtNr="18894" KundArt="8" KundStatus="3" KundAufDat="2004-01-07"/>
  <Kunden KundenNr="17496" KundEigtNr="18895" KundArt="2" KundStatus="3" KundAufDat="2004-01-07"/>
  <Kunden KundenNr="17497" KundEigtNr="18896" KundArt="2" KundStatus="3" KundAufDat="2004-01-07"/>
  <Kunden KundenNr="17498" KundEigtNr="18897" KundArt="2" KundStatus="3" KundAufDat="2004-01-07"/>
  <Kunden KundenNr="17499" KundEigtNr="18100" KundArt="8" KundStatus="3" KundAufDat="2004-01-07"/>
  <Kunden KundenNr="17500" KundEigtNr="18898" KundArt="2" KundStatus="3" KundAufDat="2004-01-07"/>
  <Kunden KundenNr="17501" KundEigtNr="18899" KundArt="2" KundStatus="3" KundAufDat="2004-01-07"/>
  <Kunden KundenNr="17502" KundEigtNr="18900" KundArt="8" KundStatus="3" KundAufDat="2004-01-07"/>
  <Kunden KundenNr="17503" KundEigtNr="18901" KundArt="2" KundStatus="3" KundAufDat="2004-01-08"/>
  <Kunden KundenNr="17504" KundEigtNr="18870" KundArt="2" KundStatus="3" KundAufDat="2004-01-08"/>
  <Kunden KundenNr="17505" KundEigtNr="18902" KundArt="2" KundStatus="3" KundAufDat="2004-01-08"/>
  <Kunden KundenNr="17506" KundEigtNr="18249" KundArt="2" KundStatus="3" KundAufDat="2004-01-08"/>
  <Kunden KundenNr="17507" KundEigtNr="18417" KundArt="29" KundStatus="1" KundAufDat="2004-01-09"/>
  <Kunden KundenNr="17508" KundEigtNr="18903" KundArt="2" KundStatus="3" KundAufDat="2004-01-09"/>
  <Kunden KundenNr="17509" KundEigtNr="8850" KundArt="2" KundStatus="3" KundAufDat="2004-01-09"/>
  <Kunden KundenNr="17510" KundEigtNr="18904" KundArt="2" KundStatus="3" KundAufDat="2004-01-09"/>
  <Kunden KundenNr="17511" KundEigtNr="18905" KundArt="2" KundStatus="3" KundAufDat="2004-01-09"/>
  <Kunden KundenNr="17512" KundEigtNr="18906" KundArt="8" KundStatus="3" KundAufDat="2004-01-09"/>
  <Kunden KundenNr="17513" KundEigtNr="18907" KundArt="2" KundStatus="3" KundAufDat="2004-01-09"/>
  <Kunden KundenNr="17514" KundEigtNr="18908" KundArt="2" KundStatus="3" KundAufDat="2004-01-09"/>
  <Kunden KundenNr="17515" KundEigtNr="18909" KundArt="8" KundStatus="3" KundAufDat="2004-01-12"/>
  <Kunden KundenNr="17516" KundEigtNr="18910" KundArt="2" KundStatus="3" KundAufDat="2004-01-12"/>
  <Kunden KundenNr="17517" KundEigtNr="18914" KundArt="8" KundStatus="3" KundAufDat="2004-01-12"/>
  <Kunden KundenNr="17518" KundEigtNr="10226" KundArt="8" KundStatus="3" KundAufDat="2004-01-12"/>
  <Kunden KundenNr="17519" KundEigtNr="18915" KundArt="8" KundStatus="3" KundAufDat="2004-01-12"/>
  <Kunden KundenNr="17520" KundEigtNr="18916" KundArt="1" KundStatus="3" KundAufDat="2004-01-12"/>
  <Kunden KundenNr="17521" KundEigtNr="18917" KundArt="2" KundStatus="3" KundAufDat="2004-01-12"/>
  <Kunden KundenNr="17522" KundEigtNr="18918" KundArt="1" KundStatus="1" KundAufDat="2004-01-12"/>
  <Kunden KundenNr="17523" KundEigtNr="18919" KundArt="1" KundStatus="3" KundAufDat="2004-01-12"/>
  <Kunden KundenNr="17524" KundEigtNr="18920" KundArt="2" KundStatus="3" KundAufDat="2004-01-12"/>
  <Kunden KundenNr="17525" KundEigtNr="18921" KundArt="1" KundStatus="3" KundAufDat="2004-01-12"/>
  <Kunden KundenNr="17526" KundEigtNr="1090" KundArt="2" KundStatus="3" KundAufDat="2004-01-12"/>
  <Kunden KundenNr="17527" KundEigtNr="18922" KundArt="2" KundStatus="3" KundAufDat="2004-01-12"/>
  <Kunden KundenNr="17528" KundEigtNr="18923" KundArt="2" KundStatus="3" KundAufDat="2004-01-12"/>
  <Kunden KundenNr="17529" KundEigtNr="18924" KundArt="2" KundStatus="3" KundAufDat="2004-01-12"/>
  <Kunden KundenNr="17530" KundEigtNr="18925" KundArt="1" KundStatus="3" KundAufDat="2004-01-12"/>
  <Kunden KundenNr="17531" KundEigtNr="18926" KundArt="2" KundStatus="3" KundAufDat="2004-01-12"/>
  <Kunden KundenNr="17532" KundEigtNr="18927" KundArt="8" KundStatus="3" KundAufDat="2004-01-13"/>
  <Kunden KundenNr="17533" KundEigtNr="18928" KundArt="2" KundStatus="3" KundAufDat="2004-01-13"/>
  <Kunden KundenNr="17534" KundEigtNr="18929" KundArt="2" KundStatus="3" KundAufDat="2004-01-13"/>
  <Kunden KundenNr="17535" KundEigtNr="18930" KundArt="2" KundStatus="3" KundAufDat="2004-01-13"/>
  <Kunden KundenNr="17536" KundEigtNr="18931" KundArt="29" KundStatus="1" KundAufDat="2004-01-13"/>
  <Kunden KundenNr="17537" KundEigtNr="18932" KundArt="2" KundStatus="3" KundAufDat="2004-01-13"/>
  <Kunden KundenNr="17538" KundEigtNr="13363" KundArt="8" KundStatus="3" KundAufDat="2004-01-13"/>
  <Kunden KundenNr="17539" KundEigtNr="18933" KundArt="8" KundStatus="3" KundAufDat="2004-01-13"/>
  <Kunden KundenNr="17540" KundEigtNr="17968" KundArt="29" KundStatus="1" KundAufDat="2004-01-13"/>
  <Kunden KundenNr="17541" KundEigtNr="18934" KundArt="29" KundStatus="1" KundAufDat="2004-01-13"/>
  <Kunden KundenNr="17542" KundEigtNr="18935" KundArt="2" KundStatus="3" KundAufDat="2004-01-13"/>
  <Kunden KundenNr="17543" KundEigtNr="18936" KundArt="2" KundStatus="3" KundAufDat="2004-01-13"/>
  <Kunden KundenNr="17544" KundEigtNr="18937" KundArt="2" KundStatus="3" KundAufDat="2004-01-14"/>
  <Kunden KundenNr="17545" KundEigtNr="17693" KundArt="2" KundStatus="3" KundAufDat="2004-01-14"/>
  <Kunden KundenNr="17546" KundEigtNr="18938" KundArt="8" KundStatus="3" KundAufDat="2004-01-14"/>
  <Kunden KundenNr="17547" KundEigtNr="18939" KundArt="2" KundStatus="3" KundAufDat="2004-01-14"/>
  <Kunden KundenNr="17548" KundEigtNr="18940" KundArt="2" KundStatus="3" KundAufDat="2004-01-14"/>
  <Kunden KundenNr="17549" KundEigtNr="18941" KundArt="2" KundStatus="1" KundAufDat="2004-01-14"/>
  <Kunden KundenNr="17550" KundEigtNr="18942" KundArt="8" KundStatus="3" KundAufDat="2004-01-14"/>
  <Kunden KundenNr="17551" KundEigtNr="18943" KundArt="2" KundStatus="3" KundAufDat="2004-01-14"/>
  <Kunden KundenNr="17552" KundEigtNr="18944" KundArt="1" KundStatus="1" KundAufDat="2004-01-14"/>
  <Kunden KundenNr="17553" KundEigtNr="18735" KundArt="1" KundStatus="1" KundAufDat="2004-01-14"/>
  <Kunden KundenNr="17554" KundEigtNr="18945" KundArt="8" KundStatus="3" KundAufDat="2004-01-14"/>
  <Kunden KundenNr="17555" KundEigtNr="18946" KundArt="2" KundStatus="3" KundAufDat="2004-01-14"/>
  <Kunden KundenNr="17556" KundEigtNr="18947" KundArt="2" KundStatus="3" KundAufDat="2004-01-14"/>
  <Kunden KundenNr="17557" KundEigtNr="18948" KundArt="8" KundStatus="3" KundAufDat="2004-01-14"/>
  <Kunden KundenNr="17558" KundEigtNr="18056" KundArt="29" KundStatus="1" KundAufDat="2004-01-14"/>
  <Kunden KundenNr="17559" KundEigtNr="18863" KundArt="29" KundStatus="1" KundAufDat="2004-01-14"/>
  <Kunden KundenNr="17560" KundEigtNr="18949" KundArt="8" KundStatus="3" KundAufDat="2004-01-14"/>
  <Kunden KundenNr="17561" KundEigtNr="18950" KundArt="29" KundStatus="1" KundAufDat="2004-01-14"/>
  <Kunden KundenNr="17562" KundEigtNr="18951" KundArt="8" KundStatus="3" KundAufDat="2004-01-15"/>
  <Kunden KundenNr="17563" KundEigtNr="18953" KundArt="8" KundStatus="3" KundAufDat="2004-01-15"/>
  <Kunden KundenNr="17564" KundEigtNr="18954" KundArt="2" KundStatus="3" KundAufDat="2004-01-15"/>
  <Kunden KundenNr="17565" KundEigtNr="18955" KundArt="2" KundStatus="1" KundAufDat="2004-01-15"/>
  <Kunden KundenNr="17566" KundEigtNr="18956" KundArt="2" KundStatus="3" KundAufDat="2004-01-15"/>
  <Kunden KundenNr="17567" KundEigtNr="18957" KundArt="2" KundStatus="3" KundAufDat="2004-01-15"/>
  <Kunden KundenNr="17568" KundEigtNr="18958" KundArt="2" KundStatus="3" KundAufDat="2004-01-15"/>
  <Kunden KundenNr="17569" KundEigtNr="18959" KundArt="2" KundStatus="3" KundAufDat="2004-01-15"/>
  <Kunden KundenNr="17570" KundEigtNr="13921" KundArt="29" KundStatus="1" KundAufDat="2004-01-15"/>
  <Kunden KundenNr="17571" KundEigtNr="14037" KundArt="8" KundStatus="3" KundAufDat="2004-01-15"/>
  <Kunden KundenNr="17572" KundEigtNr="18960" KundArt="8" KundStatus="3" KundAufDat="2004-01-15"/>
  <Kunden KundenNr="17573" KundEigtNr="18961" KundArt="8" KundStatus="3" KundAufDat="2004-01-15"/>
  <Kunden KundenNr="17574" KundEigtNr="18962" KundArt="2" KundStatus="3" KundAufDat="2004-01-16"/>
  <Kunden KundenNr="17575" KundEigtNr="18963" KundArt="8" KundStatus="3" KundAufDat="2004-01-16"/>
  <Kunden KundenNr="17576" KundEigtNr="18964" KundArt="2" KundStatus="3" KundAufDat="2004-01-16"/>
  <Kunden KundenNr="17577" KundEigtNr="10583" KundArt="8" KundStatus="3" KundAufDat="2004-01-16"/>
  <Kunden KundenNr="17578" KundEigtNr="18965" KundArt="2" KundStatus="3" KundAufDat="2004-01-16"/>
  <Kunden KundenNr="17579" KundEigtNr="18966" KundArt="2" KundStatus="3" KundAufDat="2004-01-16"/>
  <Kunden KundenNr="17580" KundEigtNr="18967" KundArt="2" KundStatus="3" KundAufDat="2004-01-16"/>
  <Kunden KundenNr="17581" KundEigtNr="18968" KundArt="29" KundStatus="1" KundAufDat="2004-01-16"/>
  <Kunden KundenNr="17582" KundEigtNr="18969" KundArt="2" KundStatus="3" KundAufDat="2004-01-16"/>
  <Kunden KundenNr="17583" KundEigtNr="18970" KundArt="8" KundStatus="3" KundAufDat="2004-01-19"/>
  <Kunden KundenNr="17584" KundEigtNr="18971" KundArt="8" KundStatus="3" KundAufDat="2004-01-19"/>
  <Kunden KundenNr="17585" KundEigtNr="18972" KundArt="8" KundStatus="3" KundAufDat="2004-01-19"/>
  <Kunden KundenNr="17586" KundEigtNr="18973" KundArt="2" KundStatus="3" KundAufDat="2004-01-19"/>
  <Kunden KundenNr="17587" KundEigtNr="18911" KundArt="29" KundStatus="1" KundAufDat="2004-01-19"/>
  <Kunden KundenNr="17588" KundEigtNr="18320" KundArt="8" KundStatus="3" KundAufDat="2004-01-20"/>
  <Kunden KundenNr="17589" KundEigtNr="18974" KundArt="1" KundStatus="3" KundAufDat="2004-01-20"/>
  <Kunden KundenNr="17590" KundEigtNr="18975" KundArt="29" KundStatus="1" KundAufDat="2004-01-20"/>
  <Kunden KundenNr="17591" KundEigtNr="18858" KundArt="29" KundStatus="1" KundAufDat="2004-01-20"/>
  <Kunden KundenNr="17592" KundEigtNr="18941" KundArt="8" KundStatus="3" KundAufDat="2004-01-20"/>
  <Kunden KundenNr="17593" KundEigtNr="18976" KundArt="2" KundStatus="3" KundAufDat="2004-01-20"/>
  <Kunden KundenNr="17594" KundEigtNr="18977" KundArt="29" KundStatus="1" KundAufDat="2004-01-20"/>
  <Kunden KundenNr="17595" KundEigtNr="18978" KundArt="2" KundStatus="1" KundAufDat="2004-01-20"/>
  <Kunden KundenNr="17596" KundEigtNr="18979" KundArt="8" KundStatus="3" KundAufDat="2004-01-20"/>
  <Kunden KundenNr="17597" KundEigtNr="18865" KundArt="29" KundStatus="1" KundAufDat="2004-01-21"/>
  <Kunden KundenNr="17598" KundEigtNr="18980" KundArt="29" KundStatus="1" KundAufDat="2004-01-21"/>
  <Kunden KundenNr="17599" KundEigtNr="15265" KundArt="8" KundStatus="3" KundAufDat="2004-01-21"/>
  <Kunden KundenNr="17600" KundEigtNr="18981" KundArt="8" KundStatus="3" KundAufDat="2004-01-22"/>
  <Kunden KundenNr="17601" KundEigtNr="18982" KundArt="8" KundStatus="3" KundAufDat="2004-01-22"/>
  <Kunden KundenNr="17602" KundEigtNr="18983" KundArt="8" KundStatus="3" KundAufDat="2004-01-22"/>
  <Kunden KundenNr="17603" KundEigtNr="18984" KundArt="8" KundStatus="3" KundAufDat="2004-01-22"/>
  <Kunden KundenNr="17604" KundEigtNr="10791" KundArt="1" KundStatus="3" KundAufDat="2004-01-22"/>
  <Kunden KundenNr="17605" KundEigtNr="18985" KundArt="8" KundStatus="3" KundAufDat="2004-01-22"/>
  <Kunden KundenNr="17606" KundEigtNr="14879" KundArt="2" KundStatus="3" KundAufDat="2004-01-22"/>
  <Kunden KundenNr="17607" KundEigtNr="13681" KundArt="2" KundStatus="3" KundAufDat="2004-01-22"/>
  <Kunden KundenNr="17608" KundEigtNr="18988" KundArt="8" KundStatus="3" KundAufDat="2004-01-22"/>
  <Kunden KundenNr="17609" KundEigtNr="18912" KundArt="29" KundStatus="1" KundAufDat="2004-01-22"/>
  <Kunden KundenNr="17610" KundEigtNr="18989" KundArt="29" KundStatus="1" KundAufDat="2004-01-22"/>
  <Kunden KundenNr="17611" KundEigtNr="18990" KundArt="1" KundStatus="3" KundAufDat="2004-01-23"/>
  <Kunden KundenNr="17612" KundEigtNr="18991" KundArt="8" KundStatus="3" KundAufDat="2004-01-23"/>
  <Kunden KundenNr="17613" KundEigtNr="18992" KundArt="2" KundStatus="3" KundAufDat="2004-01-23"/>
  <Kunden KundenNr="17614" KundEigtNr="18993" KundArt="2" KundStatus="3" KundAufDat="2004-01-23"/>
  <Kunden KundenNr="17615" KundEigtNr="18994" KundArt="2" KundStatus="3" KundAufDat="2004-01-23"/>
  <Kunden KundenNr="17616" KundEigtNr="18995" KundArt="8" KundStatus="3" KundAufDat="2004-01-23"/>
  <Kunden KundenNr="17617" KundEigtNr="4541" KundArt="8" KundStatus="3" KundAufDat="2004-01-24"/>
  <Kunden KundenNr="17618" KundEigtNr="18998" KundArt="8" KundStatus="3" KundAufDat="2004-01-24"/>
  <Kunden KundenNr="17619" KundEigtNr="18999" KundArt="8" KundStatus="3" KundAufDat="2004-01-24"/>
  <Kunden KundenNr="17620" KundEigtNr="19000" KundArt="2" KundStatus="3" KundAufDat="2004-01-26"/>
  <Kunden KundenNr="17621" KundEigtNr="19001" KundArt="2" KundStatus="3" KundAufDat="2004-01-26"/>
  <Kunden KundenNr="17622" KundEigtNr="19002" KundArt="2" KundStatus="3" KundAufDat="2004-01-26"/>
  <Kunden KundenNr="17623" KundEigtNr="19003" KundArt="1" KundStatus="3" KundAufDat="2004-01-26"/>
  <Kunden KundenNr="17624" KundEigtNr="19004" KundArt="8" KundStatus="3" KundAufDat="2004-01-26"/>
  <Kunden KundenNr="17625" KundEigtNr="19005" KundArt="2" KundStatus="3" KundAufDat="2004-01-26"/>
  <Kunden KundenNr="17626" KundEigtNr="19006" KundArt="2" KundStatus="3" KundAufDat="2004-01-26"/>
  <Kunden KundenNr="17627" KundEigtNr="19007" KundArt="2" KundStatus="3" KundAufDat="2004-01-26"/>
  <Kunden KundenNr="17628" KundEigtNr="19008" KundArt="2" KundStatus="3" KundAufDat="2004-01-26"/>
  <Kunden KundenNr="17629" KundEigtNr="19009" KundArt="2" KundStatus="3" KundAufDat="2004-01-26"/>
  <Kunden KundenNr="17630" KundEigtNr="19010" KundArt="8" KundStatus="3" KundAufDat="2004-01-26"/>
  <Kunden KundenNr="17631" KundEigtNr="19011" KundArt="8" KundStatus="3" KundAufDat="2004-01-26"/>
  <Kunden KundenNr="17632" KundEigtNr="18928" KundArt="8" KundStatus="3" KundAufDat="2004-01-26"/>
  <Kunden KundenNr="17633" KundEigtNr="19012" KundArt="8" KundStatus="3" KundAufDat="2004-01-26"/>
  <Kunden KundenNr="17634" KundEigtNr="19013" KundArt="2" KundStatus="3" KundAufDat="2004-01-26"/>
  <Kunden KundenNr="17635" KundEigtNr="19014" KundArt="2" KundStatus="1" KundAufDat="2004-01-26"/>
  <Kunden KundenNr="17636" KundEigtNr="19015" KundArt="8" KundStatus="3" KundAufDat="2004-01-26"/>
  <Kunden KundenNr="17637" KundEigtNr="19016" KundArt="8" KundStatus="3" KundAufDat="2004-01-26"/>
  <Kunden KundenNr="17638" KundEigtNr="16190" KundArt="8" KundStatus="3" KundAufDat="2004-01-27"/>
  <Kunden KundenNr="17639" KundEigtNr="19017" KundArt="2" KundStatus="3" KundAufDat="2004-01-27"/>
  <Kunden KundenNr="17640" KundEigtNr="10932" KundArt="8" KundStatus="3" KundAufDat="2004-01-27"/>
  <Kunden KundenNr="17641" KundEigtNr="19018" KundArt="8" KundStatus="3" KundAufDat="2004-01-27"/>
  <Kunden KundenNr="17642" KundEigtNr="19019" KundArt="8" KundStatus="3" KundAufDat="2004-01-27"/>
  <Kunden KundenNr="17643" KundEigtNr="19020" KundArt="2" KundStatus="3" KundAufDat="2004-01-27"/>
  <Kunden KundenNr="17644" KundEigtNr="19021" KundArt="2" KundStatus="1" KundAufDat="2004-01-27"/>
  <Kunden KundenNr="17645" KundEigtNr="19022" KundArt="29" KundStatus="1" KundAufDat="2004-01-27"/>
  <Kunden KundenNr="17646" KundEigtNr="19023" KundArt="8" KundStatus="3" KundAufDat="2004-01-27"/>
  <Kunden KundenNr="17647" KundEigtNr="19024" KundArt="2" KundStatus="3" KundAufDat="2004-01-27"/>
  <Kunden KundenNr="17648" KundEigtNr="19025" KundArt="2" KundStatus="3" KundAufDat="2004-01-27"/>
  <Kunden KundenNr="17649" KundEigtNr="19026" KundArt="2" KundStatus="3" KundAufDat="2004-01-27"/>
  <Kunden KundenNr="17650" KundEigtNr="19027" KundArt="2" KundStatus="3" KundAufDat="2004-01-27"/>
  <Kunden KundenNr="17651" KundEigtNr="19028" KundArt="2" KundStatus="1" KundAufDat="2004-01-27"/>
  <Kunden KundenNr="17652" KundEigtNr="19029" KundArt="8" KundStatus="3" KundAufDat="2004-01-28"/>
  <Kunden KundenNr="17653" KundEigtNr="19030" KundArt="29" KundStatus="1" KundAufDat="2004-01-28"/>
  <Kunden KundenNr="17654" KundEigtNr="19031" KundArt="2" KundStatus="3" KundAufDat="2004-01-28"/>
  <Kunden KundenNr="17655" KundEigtNr="19032" KundArt="2" KundStatus="3" KundAufDat="2004-01-28"/>
  <Kunden KundenNr="17656" KundEigtNr="19033" KundArt="2" KundStatus="1" KundAufDat="2004-01-28"/>
  <Kunden KundenNr="17657" KundEigtNr="19034" KundArt="8" KundStatus="3" KundAufDat="2004-01-28"/>
  <Kunden KundenNr="17658" KundEigtNr="19035" KundArt="8" KundStatus="3" KundAufDat="2004-01-28"/>
  <Kunden KundenNr="17659" KundEigtNr="19036" KundArt="2" KundStatus="3" KundAufDat="2004-01-28"/>
  <Kunden KundenNr="17660" KundEigtNr="19037" KundArt="2" KundStatus="3" KundAufDat="2004-01-28"/>
  <Kunden KundenNr="17661" KundEigtNr="19038" KundArt="2" KundStatus="3" KundAufDat="2004-01-28"/>
  <Kunden KundenNr="17662" KundEigtNr="19039" KundArt="2" KundStatus="3" KundAufDat="2004-01-28"/>
  <Kunden KundenNr="17663" KundEigtNr="19040" KundArt="2" KundStatus="3" KundAufDat="2004-01-28"/>
  <Kunden KundenNr="17664" KundEigtNr="19041" KundArt="8" KundStatus="3" KundAufDat="2004-01-28"/>
  <Kunden KundenNr="17665" KundEigtNr="19042" KundArt="2" KundStatus="3" KundAufDat="2004-01-28"/>
  <Kunden KundenNr="17666" KundEigtNr="19043" KundArt="8" KundStatus="3" KundAufDat="2004-01-28"/>
  <Kunden KundenNr="17667" KundEigtNr="19045" KundArt="2" KundStatus="3" KundAufDat="2004-01-28"/>
  <Kunden KundenNr="17668" KundEigtNr="19048" KundArt="2" KundStatus="3" KundAufDat="2004-01-28"/>
  <Kunden KundenNr="17669" KundEigtNr="19049" KundArt="2" KundStatus="3" KundAufDat="2004-01-29"/>
  <Kunden KundenNr="17670" KundEigtNr="19051" KundArt="2" KundStatus="3" KundAufDat="2004-01-29"/>
  <Kunden KundenNr="17671" KundEigtNr="19052" KundArt="8" KundStatus="3" KundAufDat="2004-01-29"/>
  <Kunden KundenNr="17672" KundEigtNr="19054" KundArt="1" KundStatus="3" KundAufDat="2004-01-29"/>
  <Kunden KundenNr="17673" KundEigtNr="19055" KundArt="1" KundStatus="3" KundAufDat="2004-01-29"/>
  <Kunden KundenNr="17674" KundEigtNr="19058" KundArt="29" KundStatus="1" KundAufDat="2004-01-29"/>
  <Kunden KundenNr="17675" KundEigtNr="19059" KundArt="29" KundStatus="1" KundAufDat="2004-01-29"/>
  <Kunden KundenNr="17676" KundEigtNr="19061" KundArt="2" KundStatus="3" KundAufDat="2004-01-29"/>
  <Kunden KundenNr="17677" KundEigtNr="19063" KundArt="2" KundStatus="3" KundAufDat="2004-01-29"/>
  <Kunden KundenNr="17678" KundEigtNr="19064" KundArt="2" KundStatus="3" KundAufDat="2004-01-30"/>
  <Kunden KundenNr="17679" KundEigtNr="19065" KundArt="2" KundStatus="3" KundAufDat="2004-01-30"/>
  <Kunden KundenNr="17680" KundEigtNr="19066" KundArt="2" KundStatus="3" KundAufDat="2004-01-30"/>
  <Kunden KundenNr="17681" KundEigtNr="19067" KundArt="29" KundStatus="1" KundAufDat="2004-01-30"/>
  <Kunden KundenNr="17682" KundEigtNr="19068" KundArt="8" KundStatus="3" KundAufDat="2004-01-30"/>
  <Kunden KundenNr="17683" KundEigtNr="16041" KundArt="8" KundStatus="3" KundAufDat="2004-01-30"/>
  <Kunden KundenNr="17684" KundEigtNr="14248" KundArt="29" KundStatus="1" KundAufDat="2004-01-30"/>
  <Kunden KundenNr="17685" KundEigtNr="19069" KundArt="8" KundStatus="3" KundAufDat="2004-01-30"/>
  <Kunden KundenNr="17686" KundEigtNr="19070" KundArt="2" KundStatus="3" KundAufDat="2004-02-02"/>
  <Kunden KundenNr="17687" KundEigtNr="19071" KundArt="8" KundStatus="3" KundAufDat="2004-02-02"/>
  <Kunden KundenNr="17688" KundEigtNr="19072" KundArt="2" KundStatus="3" KundAufDat="2004-02-02"/>
  <Kunden KundenNr="17689" KundEigtNr="19073" KundArt="1" KundStatus="3" KundAufDat="2004-02-02"/>
  <Kunden KundenNr="17690" KundEigtNr="19074" KundArt="2" KundStatus="3" KundAufDat="2004-02-02"/>
  <Kunden KundenNr="17691" KundEigtNr="19075" KundArt="2" KundStatus="1" KundAufDat="2004-02-02"/>
  <Kunden KundenNr="17692" KundEigtNr="19076" KundArt="2" KundStatus="3" KundAufDat="2004-02-02"/>
  <Kunden KundenNr="17693" KundEigtNr="19077" KundArt="2" KundStatus="3" KundAufDat="2004-02-02"/>
  <Kunden KundenNr="17694" KundEigtNr="19078" KundArt="2" KundStatus="3" KundAufDat="2004-02-02"/>
  <Kunden KundenNr="17695" KundEigtNr="19079" KundArt="8" KundStatus="3" KundAufDat="2004-02-02"/>
  <Kunden KundenNr="17696" KundEigtNr="19080" KundArt="2" KundStatus="3" KundAufDat="2004-02-02"/>
  <Kunden KundenNr="17697" KundEigtNr="18823" KundArt="29" KundStatus="1" KundAufDat="2004-02-02"/>
  <Kunden KundenNr="17698" KundEigtNr="19081" KundArt="2" KundStatus="3" KundAufDat="2004-02-02"/>
  <Kunden KundenNr="17699" KundEigtNr="19082" KundArt="29" KundStatus="1" KundAufDat="2004-02-02"/>
  <Kunden KundenNr="17700" KundEigtNr="19083" KundArt="8" KundStatus="3" KundAufDat="2004-02-02"/>
  <Kunden KundenNr="17701" KundEigtNr="19084" KundArt="2" KundStatus="3" KundAufDat="2004-02-02"/>
  <Kunden KundenNr="17702" KundEigtNr="17730" KundArt="1" KundStatus="3" KundAufDat="2004-02-02"/>
  <Kunden KundenNr="17703" KundEigtNr="19085" KundArt="8" KundStatus="3" KundAufDat="2004-02-02"/>
  <Kunden KundenNr="17704" KundEigtNr="19086" KundArt="1" KundStatus="3" KundAufDat="2004-02-02"/>
  <Kunden KundenNr="17705" KundEigtNr="19087" KundArt="1" KundStatus="3" KundAufDat="2004-02-02"/>
  <Kunden KundenNr="17706" KundEigtNr="19088" KundArt="8" KundStatus="3" KundAufDat="2004-02-02"/>
  <Kunden KundenNr="17707" KundEigtNr="19089" KundArt="8" KundStatus="3" KundAufDat="2004-02-02"/>
  <Kunden KundenNr="17708" KundEigtNr="19090" KundArt="8" KundStatus="3" KundAufDat="2004-02-02"/>
  <Kunden KundenNr="17709" KundEigtNr="19091" KundArt="8" KundStatus="3" KundAufDat="2004-02-02"/>
  <Kunden KundenNr="17710" KundEigtNr="19095" KundArt="2" KundStatus="3" KundAufDat="2004-02-02"/>
  <Kunden KundenNr="17711" KundEigtNr="19096" KundArt="8" KundStatus="3" KundAufDat="2004-02-02"/>
  <Kunden KundenNr="17712" KundEigtNr="19097" KundArt="2" KundStatus="3" KundAufDat="2004-02-02"/>
  <Kunden KundenNr="17713" KundEigtNr="19098" KundArt="29" KundStatus="1" KundAufDat="2004-02-03"/>
  <Kunden KundenNr="17714" KundEigtNr="19101" KundArt="2" KundStatus="3" KundAufDat="2004-02-03"/>
  <Kunden KundenNr="17715" KundEigtNr="19102" KundArt="2" KundStatus="3" KundAufDat="2004-02-03"/>
  <Kunden KundenNr="17716" KundEigtNr="19104" KundArt="2" KundStatus="3" KundAufDat="2004-02-03"/>
  <Kunden KundenNr="17717" KundEigtNr="19106" KundArt="29" KundStatus="3" KundAufDat="2004-02-03"/>
  <Kunden KundenNr="17718" KundEigtNr="19109" KundArt="8" KundStatus="3" KundAufDat="2004-02-03"/>
  <Kunden KundenNr="17719" KundEigtNr="19110" KundArt="29" KundStatus="1" KundAufDat="2004-02-03"/>
  <Kunden KundenNr="17720" KundEigtNr="19111" KundArt="2" KundStatus="3" KundAufDat="2004-02-03"/>
  <Kunden KundenNr="17721" KundEigtNr="19074" KundArt="8" KundStatus="3" KundAufDat="2004-02-03"/>
  <Kunden KundenNr="17722" KundEigtNr="19111" KundArt="8" KundStatus="3" KundAufDat="2004-02-03"/>
  <Kunden KundenNr="17723" KundEigtNr="19112" KundArt="2" KundStatus="3" KundAufDat="2004-02-03"/>
  <Kunden KundenNr="17724" KundEigtNr="18995" KundArt="2" KundStatus="3" KundAufDat="2004-02-03"/>
  <Kunden KundenNr="17725" KundEigtNr="19113" KundArt="8" KundStatus="3" KundAufDat="2004-02-04"/>
  <Kunden KundenNr="17726" KundEigtNr="15608" KundArt="8" KundStatus="3" KundAufDat="2004-02-04"/>
  <Kunden KundenNr="17727" KundEigtNr="1631" KundArt="1" KundStatus="3" KundAufDat="2004-02-04"/>
  <Kunden KundenNr="17728" KundEigtNr="19121" KundArt="2" KundStatus="3" KundAufDat="2004-02-04"/>
  <Kunden KundenNr="17729" KundEigtNr="19124" KundArt="2" KundStatus="3" KundAufDat="2004-02-04"/>
  <Kunden KundenNr="17730" KundEigtNr="19125" KundArt="29" KundStatus="1" KundAufDat="2004-02-04"/>
  <Kunden KundenNr="17731" KundEigtNr="19126" KundArt="29" KundStatus="1" KundAufDat="2004-02-04"/>
  <Kunden KundenNr="17732" KundEigtNr="6172" KundArt="29" KundStatus="1" KundAufDat="2004-02-04"/>
  <Kunden KundenNr="17733" KundEigtNr="19128" KundArt="2" KundStatus="3" KundAufDat="2004-02-05"/>
  <Kunden KundenNr="17734" KundEigtNr="19099" KundArt="29" KundStatus="1" KundAufDat="2004-02-05"/>
  <Kunden KundenNr="17735" KundEigtNr="19129" KundArt="2" KundStatus="3" KundAufDat="2004-02-05"/>
  <Kunden KundenNr="17736" KundEigtNr="19130" KundArt="2" KundStatus="1" KundAufDat="2004-02-05"/>
  <Kunden KundenNr="17737" KundEigtNr="19131" KundArt="2" KundStatus="3" KundAufDat="2004-02-05"/>
  <Kunden KundenNr="17738" KundEigtNr="19132" KundArt="8" KundStatus="3" KundAufDat="2004-02-05"/>
  <Kunden KundenNr="17739" KundEigtNr="19133" KundArt="1" KundStatus="3" KundAufDat="2004-02-05"/>
  <Kunden KundenNr="17740" KundEigtNr="19135" KundArt="8" KundStatus="3" KundAufDat="2004-02-06"/>
  <Kunden KundenNr="17741" KundEigtNr="19136" KundArt="8" KundStatus="3" KundAufDat="2004-02-06"/>
  <Kunden KundenNr="17742" KundEigtNr="19137" KundArt="8" KundStatus="3" KundAufDat="2004-02-06"/>
  <Kunden KundenNr="17743" KundEigtNr="19138" KundArt="8" KundStatus="3" KundAufDat="2004-02-06"/>
  <Kunden KundenNr="17744" KundEigtNr="19139" KundArt="8" KundStatus="3" KundAufDat="2004-02-06"/>
  <Kunden KundenNr="17745" KundEigtNr="19140" KundArt="1" KundStatus="3" KundAufDat="2004-02-06"/>
  <Kunden KundenNr="17746" KundEigtNr="19146" KundArt="2" KundStatus="3" KundAufDat="2004-02-07"/>
  <Kunden KundenNr="17747" KundEigtNr="19147" KundArt="2" KundStatus="1" KundAufDat="2004-02-09"/>
  <Kunden KundenNr="17748" KundEigtNr="19148" KundArt="2" KundStatus="3" KundAufDat="2004-02-09"/>
  <Kunden KundenNr="17749" KundEigtNr="19149" KundArt="1" KundStatus="3" KundAufDat="2004-02-09"/>
  <Kunden KundenNr="17750" KundEigtNr="19094" KundArt="29" KundStatus="1" KundAufDat="2004-02-09"/>
  <Kunden KundenNr="17751" KundEigtNr="19150" KundArt="8" KundStatus="3" KundAufDat="2004-02-09"/>
  <Kunden KundenNr="17752" KundEigtNr="19151" KundArt="1" KundStatus="3" KundAufDat="2004-02-09"/>
  <Kunden KundenNr="17753" KundEigtNr="19152" KundArt="2" KundStatus="3" KundAufDat="2004-02-09"/>
  <Kunden KundenNr="17754" KundEigtNr="19153" KundArt="2" KundStatus="3" KundAufDat="2004-02-09"/>
  <Kunden KundenNr="17755" KundEigtNr="19154" KundArt="2" KundStatus="3" KundAufDat="2004-02-09"/>
  <Kunden KundenNr="17756" KundEigtNr="19155" KundArt="2" KundStatus="3" KundAufDat="2004-02-09"/>
  <Kunden KundenNr="17757" KundEigtNr="19156" KundArt="29" KundStatus="1" KundAufDat="2004-02-10"/>
  <Kunden KundenNr="17758" KundEigtNr="19157" KundArt="8" KundStatus="3" KundAufDat="2004-02-10"/>
  <Kunden KundenNr="17759" KundEigtNr="19138" KundArt="2" KundStatus="3" KundAufDat="2004-02-10"/>
  <Kunden KundenNr="17760" KundEigtNr="19158" KundArt="2" KundStatus="3" KundAufDat="2004-02-10"/>
  <Kunden KundenNr="17761" KundEigtNr="19159" KundArt="2" KundStatus="3" KundAufDat="2004-02-10"/>
  <Kunden KundenNr="17762" KundEigtNr="19160" KundArt="29" KundStatus="1" KundAufDat="2004-02-10"/>
  <Kunden KundenNr="17763" KundEigtNr="19161" KundArt="29" KundStatus="1" KundAufDat="2004-02-10"/>
  <Kunden KundenNr="17764" KundEigtNr="19162" KundArt="8" KundStatus="3" KundAufDat="2004-02-10"/>
  <Kunden KundenNr="17765" KundEigtNr="19163" KundArt="29" KundStatus="1" KundAufDat="2004-02-10"/>
  <Kunden KundenNr="17766" KundEigtNr="19164" KundArt="2" KundStatus="3" KundAufDat="2004-02-10"/>
  <Kunden KundenNr="17767" KundEigtNr="19165" KundArt="2" KundStatus="3" KundAufDat="2004-02-11"/>
  <Kunden KundenNr="17768" KundEigtNr="16342" KundArt="2" KundStatus="3" KundAufDat="2004-02-11"/>
  <Kunden KundenNr="17769" KundEigtNr="17605" KundArt="29" KundStatus="1" KundAufDat="2004-02-11"/>
  <Kunden KundenNr="17770" KundEigtNr="19166" KundArt="29" KundStatus="1" KundAufDat="2004-02-11"/>
  <Kunden KundenNr="17771" KundEigtNr="19167" KundArt="2" KundStatus="3" KundAufDat="2004-02-11"/>
  <Kunden KundenNr="17772" KundEigtNr="19168" KundArt="2" KundStatus="3" KundAufDat="2004-02-11"/>
  <Kunden KundenNr="17773" KundEigtNr="19169" KundArt="2" KundStatus="3" KundAufDat="2004-02-11"/>
  <Kunden KundenNr="17774" KundEigtNr="19170" KundArt="2" KundStatus="3" KundAufDat="2004-02-11"/>
  <Kunden KundenNr="17775" KundEigtNr="19171" KundArt="2" KundStatus="3" KundAufDat="2004-02-11"/>
  <Kunden KundenNr="17776" KundEigtNr="19172" KundArt="2" KundStatus="3" KundAufDat="2004-02-11"/>
  <Kunden KundenNr="17777" KundEigtNr="19173" KundArt="2" KundStatus="3" KundAufDat="2004-02-11"/>
  <Kunden KundenNr="17778" KundEigtNr="19174" KundArt="8" KundStatus="3" KundAufDat="2004-02-11"/>
  <Kunden KundenNr="17779" KundEigtNr="19175" KundArt="2" KundStatus="3" KundAufDat="2004-02-11"/>
  <Kunden KundenNr="17780" KundEigtNr="19176" KundArt="8" KundStatus="3" KundAufDat="2004-02-11"/>
  <Kunden KundenNr="17781" KundEigtNr="19177" KundArt="29" KundStatus="1" KundAufDat="2004-02-12"/>
  <Kunden KundenNr="17782" KundEigtNr="19178" KundArt="2" KundStatus="3" KundAufDat="2004-02-12"/>
  <Kunden KundenNr="17783" KundEigtNr="19179" KundArt="2" KundStatus="3" KundAufDat="2004-02-12"/>
  <Kunden KundenNr="17784" KundEigtNr="19180" KundArt="8" KundStatus="3" KundAufDat="2004-02-12"/>
  <Kunden KundenNr="17785" KundEigtNr="19181" KundArt="8" KundStatus="3" KundAufDat="2004-02-12"/>
  <Kunden KundenNr="17786" KundEigtNr="1890" KundArt="29" KundStatus="1" KundAufDat="2004-02-12"/>
  <Kunden KundenNr="17787" KundEigtNr="19182" KundArt="1" KundStatus="3" KundAufDat="2004-02-12"/>
  <Kunden KundenNr="17788" KundEigtNr="19183" KundArt="2" KundStatus="3" KundAufDat="2004-02-12"/>
  <Kunden KundenNr="17789" KundEigtNr="19184" KundArt="2" KundStatus="3" KundAufDat="2004-02-12"/>
  <Kunden KundenNr="17790" KundEigtNr="19185" KundArt="2" KundStatus="3" KundAufDat="2004-02-12"/>
  <Kunden KundenNr="17791" KundEigtNr="8070" KundArt="29" KundStatus="1" KundAufDat="2004-02-12"/>
  <Kunden KundenNr="17792" KundEigtNr="19186" KundArt="2" KundStatus="1" KundAufDat="2004-02-12"/>
  <Kunden KundenNr="17793" KundEigtNr="19187" KundArt="8" KundStatus="3" KundAufDat="2004-02-12"/>
  <Kunden KundenNr="17794" KundEigtNr="19187" KundArt="2" KundStatus="3" KundAufDat="2004-02-12"/>
  <Kunden KundenNr="17795" KundEigtNr="19188" KundArt="2" KundStatus="3" KundAufDat="2004-02-12"/>
  <Kunden KundenNr="17796" KundEigtNr="19189" KundArt="2" KundStatus="3" KundAufDat="2004-02-13"/>
  <Kunden KundenNr="17797" KundEigtNr="19190" KundArt="29" KundStatus="1" KundAufDat="2004-02-13"/>
  <Kunden KundenNr="17798" KundEigtNr="19191" KundArt="2" KundStatus="1" KundAufDat="2004-02-13"/>
  <Kunden KundenNr="17799" KundEigtNr="19192" KundArt="2" KundStatus="3" KundAufDat="2004-02-13"/>
  <Kunden KundenNr="17800" KundEigtNr="19193" KundArt="29" KundStatus="1" KundAufDat="2004-02-13"/>
  <Kunden KundenNr="17801" KundEigtNr="19194" KundArt="8" KundStatus="3" KundAufDat="2004-02-14"/>
  <Kunden KundenNr="17802" KundEigtNr="19195" KundArt="2" KundStatus="3" KundAufDat="2004-02-16"/>
  <Kunden KundenNr="17803" KundEigtNr="19196" KundArt="2" KundStatus="3" KundAufDat="2004-02-16"/>
  <Kunden KundenNr="17804" KundEigtNr="19197" KundArt="2" KundStatus="3" KundAufDat="2004-02-16"/>
  <Kunden KundenNr="17805" KundEigtNr="19198" KundArt="1" KundStatus="3" KundAufDat="2004-02-16"/>
  <Kunden KundenNr="17806" KundEigtNr="7990" KundArt="8" KundStatus="3" KundAufDat="2004-02-16"/>
  <Kunden KundenNr="17807" KundEigtNr="19199" KundArt="8" KundStatus="3" KundAufDat="2004-02-16"/>
  <Kunden KundenNr="17808" KundEigtNr="19200" KundArt="16" KundStatus="1" KundAufDat="2004-02-16"/>
  <Kunden KundenNr="17809" KundEigtNr="19203" KundArt="2" KundStatus="3" KundAufDat="2004-02-16"/>
  <Kunden KundenNr="17810" KundEigtNr="19204" KundArt="2" KundStatus="3" KundAufDat="2004-02-16"/>
  <Kunden KundenNr="17811" KundEigtNr="19205" KundArt="8" KundStatus="3" KundAufDat="2004-02-16"/>
  <Kunden KundenNr="17813" KundEigtNr="19206" KundArt="29" KundStatus="1" KundAufDat="2004-02-17"/>
  <Kunden KundenNr="17814" KundEigtNr="19207" KundArt="29" KundStatus="1" KundAufDat="2004-02-17"/>
  <Kunden KundenNr="17815" KundEigtNr="19208" KundArt="8" KundStatus="3" KundAufDat="2004-02-17"/>
  <Kunden KundenNr="17816" KundEigtNr="19069" KundArt="2" KundStatus="3" KundAufDat="2004-02-17"/>
  <Kunden KundenNr="17817" KundEigtNr="19209" KundArt="8" KundStatus="3" KundAufDat="2004-02-17"/>
  <Kunden KundenNr="17818" KundEigtNr="19210" KundArt="29" KundStatus="1" KundAufDat="2004-02-17"/>
  <Kunden KundenNr="17819" KundEigtNr="19211" KundArt="8" KundStatus="3" KundAufDat="2004-02-17"/>
  <Kunden KundenNr="17820" KundEigtNr="19212" KundArt="2" KundStatus="1" KundAufDat="2004-02-17"/>
  <Kunden KundenNr="17821" KundEigtNr="19219" KundArt="2" KundStatus="3" KundAufDat="2004-02-18"/>
  <Kunden KundenNr="17822" KundEigtNr="19221" KundArt="8" KundStatus="3" KundAufDat="2004-02-18"/>
  <Kunden KundenNr="17823" KundEigtNr="19222" KundArt="2" KundStatus="3" KundAufDat="2004-02-18"/>
  <Kunden KundenNr="17824" KundEigtNr="19223" KundArt="8" KundStatus="3" KundAufDat="2004-02-18"/>
  <Kunden KundenNr="17825" KundEigtNr="19224" KundArt="8" KundStatus="3" KundAufDat="2004-02-18"/>
  <Kunden KundenNr="17826" KundEigtNr="19225" KundArt="8" KundStatus="3" KundAufDat="2004-02-18"/>
  <Kunden KundenNr="17827" KundEigtNr="19226" KundArt="2" KundStatus="3" KundAufDat="2004-02-18"/>
  <Kunden KundenNr="17828" KundEigtNr="19227" KundArt="2" KundStatus="3" KundAufDat="2004-02-18"/>
  <Kunden KundenNr="17829" KundEigtNr="19228" KundArt="8" KundStatus="3" KundAufDat="2004-02-18"/>
  <Kunden KundenNr="17830" KundEigtNr="19134" KundArt="29" KundStatus="1" KundAufDat="2004-02-18"/>
  <Kunden KundenNr="17831" KundEigtNr="19231" KundArt="8" KundStatus="3" KundAufDat="2004-02-19"/>
  <Kunden KundenNr="17832" KundEigtNr="19232" KundArt="2" KundStatus="3" KundAufDat="2004-02-19"/>
  <Kunden KundenNr="17833" KundEigtNr="19233" KundArt="2" KundStatus="3" KundAufDat="2004-02-19"/>
  <Kunden KundenNr="17834" KundEigtNr="19234" KundArt="2" KundStatus="3" KundAufDat="2004-02-19"/>
  <Kunden KundenNr="17835" KundEigtNr="19235" KundArt="8" KundStatus="3" KundAufDat="2004-02-19"/>
  <Kunden KundenNr="17836" KundEigtNr="15799" KundArt="8" KundStatus="3" KundAufDat="2004-02-19"/>
  <Kunden KundenNr="17837" KundEigtNr="19236" KundArt="2" KundStatus="3" KundAufDat="2004-02-19"/>
  <Kunden KundenNr="17838" KundEigtNr="19237" KundArt="2" KundStatus="3" KundAufDat="2004-02-19"/>
  <Kunden KundenNr="17839" KundEigtNr="19238" KundArt="8" KundStatus="3" KundAufDat="2004-02-20"/>
  <Kunden KundenNr="17841" KundEigtNr="19240" KundArt="8" KundStatus="3" KundAufDat="2004-02-20"/>
  <Kunden KundenNr="17842" KundEigtNr="19241" KundArt="2" KundStatus="3" KundAufDat="2004-02-20"/>
  <Kunden KundenNr="17843" KundEigtNr="19242" KundArt="2" KundStatus="3" KundAufDat="2004-02-20"/>
  <Kunden KundenNr="17844" KundEigtNr="19243" KundArt="8" KundStatus="3" KundAufDat="2004-02-21"/>
  <Kunden KundenNr="17845" KundEigtNr="19217" KundArt="29" KundStatus="1" KundAufDat="2004-02-23"/>
  <Kunden KundenNr="17846" KundEigtNr="19244" KundArt="29" KundStatus="1" KundAufDat="2004-02-23"/>
  <Kunden KundenNr="17847" KundEigtNr="19245" KundArt="8" KundStatus="3" KundAufDat="2004-02-23"/>
  <Kunden KundenNr="17848" KundEigtNr="19246" KundArt="8" KundStatus="3" KundAufDat="2004-02-23"/>
  <Kunden KundenNr="17849" KundEigtNr="19247" KundArt="2" KundStatus="3" KundAufDat="2004-02-23"/>
  <Kunden KundenNr="17850" KundEigtNr="19248" KundArt="2" KundStatus="3" KundAufDat="2004-02-23"/>
  <Kunden KundenNr="17851" KundEigtNr="19249" KundArt="2" KundStatus="3" KundAufDat="2004-02-23"/>
  <Kunden KundenNr="17852" KundEigtNr="19250" KundArt="29" KundStatus="1" KundAufDat="2004-02-23"/>
  <Kunden KundenNr="17853" KundEigtNr="17739" KundArt="8" KundStatus="3" KundAufDat="2004-02-23"/>
  <Kunden KundenNr="17854" KundEigtNr="19251" KundArt="1" KundStatus="3" KundAufDat="2004-02-23"/>
  <Kunden KundenNr="17855" KundEigtNr="19252" KundArt="1" KundStatus="3" KundAufDat="2004-02-23"/>
  <Kunden KundenNr="17856" KundEigtNr="19253" KundArt="29" KundStatus="1" KundAufDat="2004-02-24"/>
  <Kunden KundenNr="17857" KundEigtNr="19254" KundArt="8" KundStatus="3" KundAufDat="2004-02-24"/>
  <Kunden KundenNr="17858" KundEigtNr="19170" KundArt="8" KundStatus="3" KundAufDat="2004-02-24"/>
  <Kunden KundenNr="17859" KundEigtNr="19258" KundArt="8" KundStatus="3" KundAufDat="2004-02-24"/>
  <Kunden KundenNr="17860" KundEigtNr="19259" KundArt="8" KundStatus="3" KundAufDat="2004-02-24"/>
  <Kunden KundenNr="17861" KundEigtNr="19263" KundArt="8" KundStatus="3" KundAufDat="2004-02-24"/>
  <Kunden KundenNr="17862" KundEigtNr="18586" KundArt="2" KundStatus="3" KundAufDat="2004-02-24"/>
  <Kunden KundenNr="17863" KundEigtNr="19264" KundArt="2" KundStatus="3" KundAufDat="2004-02-24"/>
  <Kunden KundenNr="17864" KundEigtNr="19265" KundArt="8" KundStatus="3" KundAufDat="2004-02-24"/>
  <Kunden KundenNr="17865" KundEigtNr="19266" KundArt="8" KundStatus="3" KundAufDat="2004-02-24"/>
  <Kunden KundenNr="17866" KundEigtNr="19267" KundArt="14" KundStatus="3" KundAufDat="2004-02-25"/>
  <Kunden KundenNr="17867" KundEigtNr="19268" KundArt="8" KundStatus="3" KundAufDat="2004-02-25"/>
  <Kunden KundenNr="17868" KundEigtNr="19270" KundArt="2" KundStatus="3" KundAufDat="2004-02-25"/>
  <Kunden KundenNr="17869" KundEigtNr="3500" KundArt="29" KundStatus="1" KundAufDat="2004-02-26"/>
  <Kunden KundenNr="17870" KundEigtNr="19271" KundArt="29" KundStatus="1" KundAufDat="2004-02-26"/>
  <Kunden KundenNr="17871" KundEigtNr="19272" KundArt="8" KundStatus="3" KundAufDat="2004-02-26"/>
  <Kunden KundenNr="17872" KundEigtNr="19273" KundArt="2" KundStatus="3" KundAufDat="2004-02-26"/>
  <Kunden KundenNr="17873" KundEigtNr="19274" KundArt="2" KundStatus="3" KundAufDat="2004-02-26"/>
  <Kunden KundenNr="17874" KundEigtNr="19052" KundArt="2" KundStatus="3" KundAufDat="2004-02-26"/>
  <Kunden KundenNr="17875" KundEigtNr="8023" KundArt="29" KundStatus="1" KundAufDat="2004-02-26"/>
  <Kunden KundenNr="17876" KundEigtNr="15102" KundArt="2" KundStatus="3" KundAufDat="2004-02-27"/>
  <Kunden KundenNr="17877" KundEigtNr="19275" KundArt="8" KundStatus="3" KundAufDat="2004-02-27"/>
  <Kunden KundenNr="17878" KundEigtNr="19276" KundArt="2" KundStatus="3" KundAufDat="2004-02-27"/>
  <Kunden KundenNr="17879" KundEigtNr="19277" KundArt="29" KundStatus="1" KundAufDat="2004-02-27"/>
  <Kunden KundenNr="17880" KundEigtNr="19278" KundArt="8" KundStatus="3" KundAufDat="2004-03-01"/>
  <Kunden KundenNr="17881" KundEigtNr="19279" KundArt="2" KundStatus="3" KundAufDat="2004-03-01"/>
  <Kunden KundenNr="17882" KundEigtNr="19280" KundArt="8" KundStatus="3" KundAufDat="2004-03-01"/>
  <Kunden KundenNr="17883" KundEigtNr="19281" KundArt="8" KundStatus="3" KundAufDat="2004-03-01"/>
  <Kunden KundenNr="17884" KundEigtNr="19260" KundArt="29" KundStatus="1" KundAufDat="2004-03-01"/>
  <Kunden KundenNr="17885" KundEigtNr="19282" KundArt="8" KundStatus="3" KundAufDat="2004-03-01"/>
  <Kunden KundenNr="17886" KundEigtNr="19283" KundArt="29" KundStatus="1" KundAufDat="2004-03-01"/>
  <Kunden KundenNr="17887" KundEigtNr="19284" KundArt="8" KundStatus="3" KundAufDat="2004-03-01"/>
  <Kunden KundenNr="17888" KundEigtNr="19285" KundArt="2" KundStatus="3" KundAufDat="2004-03-01"/>
  <Kunden KundenNr="17889" KundEigtNr="19286" KundArt="8" KundStatus="3" KundAufDat="2004-03-01"/>
  <Kunden KundenNr="17890" KundEigtNr="19287" KundArt="8" KundStatus="3" KundAufDat="2004-03-01"/>
  <Kunden KundenNr="17891" KundEigtNr="19288" KundArt="8" KundStatus="3" KundAufDat="2004-03-01"/>
  <Kunden KundenNr="17892" KundEigtNr="19289" KundArt="8" KundStatus="3" KundAufDat="2004-03-01"/>
  <Kunden KundenNr="17893" KundEigtNr="19290" KundArt="8" KundStatus="3" KundAufDat="2004-03-01"/>
  <Kunden KundenNr="17894" KundEigtNr="19291" KundArt="8" KundStatus="3" KundAufDat="2004-03-02"/>
  <Kunden KundenNr="17895" KundEigtNr="19292" KundArt="29" KundStatus="1" KundAufDat="2004-03-02"/>
  <Kunden KundenNr="17896" KundEigtNr="19293" KundArt="29" KundStatus="1" KundAufDat="2004-03-02"/>
  <Kunden KundenNr="17897" KundEigtNr="19294" KundArt="8" KundStatus="3" KundAufDat="2004-03-02"/>
  <Kunden KundenNr="17898" KundEigtNr="19295" KundArt="8" KundStatus="3" KundAufDat="2004-03-02"/>
  <Kunden KundenNr="17899" KundEigtNr="19296" KundArt="1" KundStatus="3" KundAufDat="2004-03-02"/>
  <Kunden KundenNr="17900" KundEigtNr="19297" KundArt="1" KundStatus="3" KundAufDat="2004-03-02"/>
  <Kunden KundenNr="17901" KundEigtNr="19304" KundArt="2" KundStatus="3" KundAufDat="2004-03-03"/>
  <Kunden KundenNr="17902" KundEigtNr="19305" KundArt="2" KundStatus="3" KundAufDat="2004-03-03"/>
  <Kunden KundenNr="17903" KundEigtNr="13294" KundArt="2" KundStatus="3" KundAufDat="2004-03-03"/>
  <Kunden KundenNr="17904" KundEigtNr="19306" KundArt="2" KundStatus="3" KundAufDat="2004-03-03"/>
  <Kunden KundenNr="17905" KundEigtNr="19307" KundArt="29" KundStatus="1" KundAufDat="2004-03-03"/>
  <Kunden KundenNr="17906" KundEigtNr="19308" KundArt="8" KundStatus="3" KundAufDat="2004-03-03"/>
  <Kunden KundenNr="17907" KundEigtNr="19309" KundArt="8" KundStatus="3" KundAufDat="2004-03-03"/>
  <Kunden KundenNr="17908" KundEigtNr="19310" KundArt="2" KundStatus="3" KundAufDat="2004-03-03"/>
  <Kunden KundenNr="17909" KundEigtNr="19311" KundArt="8" KundStatus="3" KundAufDat="2004-03-03"/>
  <Kunden KundenNr="17910" KundEigtNr="19312" KundArt="1" KundStatus="3" KundAufDat="2004-03-03"/>
  <Kunden KundenNr="17911" KundEigtNr="19313" KundArt="2" KundStatus="3" KundAufDat="2004-03-03"/>
  <Kunden KundenNr="17912" KundEigtNr="19314" KundArt="2" KundStatus="3" KundAufDat="2004-03-03"/>
  <Kunden KundenNr="17913" KundEigtNr="19315" KundArt="2" KundStatus="3" KundAufDat="2004-03-03"/>
  <Kunden KundenNr="17914" KundEigtNr="19316" KundArt="8" KundStatus="1" KundAufDat="2004-03-03"/>
  <Kunden KundenNr="17916" KundEigtNr="19019" KundArt="29" KundStatus="1" KundAufDat="2004-03-04"/>
  <Kunden KundenNr="17917" KundEigtNr="13914" KundArt="29" KundStatus="1" KundAufDat="2004-03-04"/>
  <Kunden KundenNr="17918" KundEigtNr="19318" KundArt="2" KundStatus="3" KundAufDat="2004-03-04"/>
  <Kunden KundenNr="17919" KundEigtNr="19319" KundArt="8" KundStatus="3" KundAufDat="2004-03-04"/>
  <Kunden KundenNr="17920" KundEigtNr="19269" KundArt="29" KundStatus="1" KundAufDat="2004-03-04"/>
  <Kunden KundenNr="17921" KundEigtNr="19320" KundArt="8" KundStatus="3" KundAufDat="2004-03-04"/>
  <Kunden KundenNr="17922" KundEigtNr="19321" KundArt="2" KundStatus="3" KundAufDat="2004-03-04"/>
  <Kunden KundenNr="17923" KundEigtNr="19322" KundArt="29" KundStatus="1" KundAufDat="2004-03-04"/>
  <Kunden KundenNr="17924" KundEigtNr="19323" KundArt="8" KundStatus="3" KundAufDat="2004-03-04"/>
  <Kunden KundenNr="17925" KundEigtNr="19324" KundArt="2" KundStatus="3" KundAufDat="2004-03-04"/>
  <Kunden KundenNr="17926" KundEigtNr="19325" KundArt="2" KundStatus="3" KundAufDat="2004-03-04"/>
  <Kunden KundenNr="17927" KundEigtNr="19326" KundArt="29" KundStatus="1" KundAufDat="2004-03-04"/>
  <Kunden KundenNr="17928" KundEigtNr="19327" KundArt="8" KundStatus="3" KundAufDat="2004-03-04"/>
  <Kunden KundenNr="17929" KundEigtNr="19328" KundArt="8" KundStatus="3" KundAufDat="2004-03-04"/>
  <Kunden KundenNr="17930" KundEigtNr="19329" KundArt="8" KundStatus="3" KundAufDat="2004-03-04"/>
  <Kunden KundenNr="17931" KundEigtNr="19330" KundArt="8" KundStatus="3" KundAufDat="2004-03-05"/>
  <Kunden KundenNr="17932" KundEigtNr="19331" KundArt="8" KundStatus="3" KundAufDat="2004-03-05"/>
  <Kunden KundenNr="17933" KundEigtNr="19332" KundArt="29" KundStatus="1" KundAufDat="2004-03-05"/>
  <Kunden KundenNr="17934" KundEigtNr="19333" KundArt="2" KundStatus="3" KundAufDat="2004-03-06"/>
  <Kunden KundenNr="17935" KundEigtNr="19334" KundArt="8" KundStatus="3" KundAufDat="2004-03-06"/>
  <Kunden KundenNr="17936" KundEigtNr="19335" KundArt="8" KundStatus="3" KundAufDat="2004-03-08"/>
  <Kunden KundenNr="17937" KundEigtNr="19336" KundArt="2" KundStatus="3" KundAufDat="2004-03-08"/>
  <Kunden KundenNr="17938" KundEigtNr="19337" KundArt="2" KundStatus="3" KundAufDat="2004-03-08"/>
  <Kunden KundenNr="17939" KundEigtNr="19338" KundArt="8" KundStatus="3" KundAufDat="2004-03-08"/>
  <Kunden KundenNr="17940" KundEigtNr="19339" KundArt="8" KundStatus="3" KundAufDat="2004-03-08"/>
  <Kunden KundenNr="17941" KundEigtNr="18834" KundArt="2" KundStatus="3" KundAufDat="2004-03-08"/>
  <Kunden KundenNr="17942" KundEigtNr="19340" KundArt="2" KundStatus="1" KundAufDat="2004-03-08"/>
  <Kunden KundenNr="17943" KundEigtNr="19341" KundArt="1" KundStatus="3" KundAufDat="2004-03-08"/>
  <Kunden KundenNr="17944" KundEigtNr="19342" KundArt="2" KundStatus="3" KundAufDat="2004-03-08"/>
  <Kunden KundenNr="17945" KundEigtNr="19343" KundArt="2" KundStatus="3" KundAufDat="2004-03-08"/>
  <Kunden KundenNr="17946" KundEigtNr="19344" KundArt="2" KundStatus="3" KundAufDat="2004-03-08"/>
  <Kunden KundenNr="17947" KundEigtNr="19345" KundArt="2" KundStatus="3" KundAufDat="2004-03-08"/>
  <Kunden KundenNr="17948" KundEigtNr="19346" KundArt="8" KundStatus="3" KundAufDat="2004-03-09"/>
  <Kunden KundenNr="17949" KundEigtNr="19347" KundArt="8" KundStatus="3" KundAufDat="2004-03-09"/>
  <Kunden KundenNr="17950" KundEigtNr="19348" KundArt="2" KundStatus="3" KundAufDat="2004-03-09"/>
  <Kunden KundenNr="17951" KundEigtNr="19349" KundArt="2" KundStatus="3" KundAufDat="2004-03-09"/>
  <Kunden KundenNr="17952" KundEigtNr="19350" KundArt="2" KundStatus="3" KundAufDat="2004-03-09"/>
  <Kunden KundenNr="17953" KundEigtNr="19351" KundArt="8" KundStatus="3" KundAufDat="2004-03-09"/>
  <Kunden KundenNr="17954" KundEigtNr="19352" KundArt="8" KundStatus="3" KundAufDat="2004-03-09"/>
  <Kunden KundenNr="17955" KundEigtNr="19353" KundArt="2" KundStatus="3" KundAufDat="2004-03-09"/>
  <Kunden KundenNr="17956" KundEigtNr="19354" KundArt="2" KundStatus="3" KundAufDat="2004-03-09"/>
  <Kunden KundenNr="17957" KundEigtNr="19355" KundArt="8" KundStatus="3" KundAufDat="2004-03-09"/>
  <Kunden KundenNr="17958" KundEigtNr="2682" KundArt="29" KundStatus="1" KundAufDat="2004-03-09"/>
  <Kunden KundenNr="17959" KundEigtNr="19356" KundArt="8" KundStatus="3" KundAufDat="2004-03-09"/>
  <Kunden KundenNr="17960" KundEigtNr="19357" KundArt="8" KundStatus="3" KundAufDat="2004-03-09"/>
  <Kunden KundenNr="17961" KundEigtNr="19358" KundArt="8" KundStatus="3" KundAufDat="2004-03-09"/>
  <Kunden KundenNr="17962" KundEigtNr="19359" KundArt="8" KundStatus="3" KundAufDat="2004-03-10"/>
  <Kunden KundenNr="17963" KundEigtNr="19360" KundArt="2" KundStatus="3" KundAufDat="2004-03-10"/>
  <Kunden KundenNr="17964" KundEigtNr="19361" KundArt="2" KundStatus="3" KundAufDat="2004-03-10"/>
  <Kunden KundenNr="17965" KundEigtNr="19362" KundArt="2" KundStatus="3" KundAufDat="2004-03-10"/>
  <Kunden KundenNr="17966" KundEigtNr="19363" KundArt="29" KundStatus="1" KundAufDat="2004-03-11"/>
  <Kunden KundenNr="17967" KundEigtNr="19364" KundArt="29" KundStatus="1" KundAufDat="2004-03-11"/>
  <Kunden KundenNr="17968" KundEigtNr="19365" KundArt="8" KundStatus="3" KundAufDat="2004-03-11"/>
  <Kunden KundenNr="17969" KundEigtNr="19030" KundArt="29" KundStatus="1" KundAufDat="2004-03-12"/>
  <Kunden KundenNr="17970" KundEigtNr="19366" KundArt="29" KundStatus="1" KundAufDat="2004-03-12"/>
  <Kunden KundenNr="17971" KundEigtNr="19367" KundArt="2" KundStatus="3" KundAufDat="2004-03-12"/>
  <Kunden KundenNr="17972" KundEigtNr="19368" KundArt="2" KundStatus="3" KundAufDat="2004-03-12"/>
  <Kunden KundenNr="17973" KundEigtNr="19369" KundArt="2" KundStatus="3" KundAufDat="2004-03-12"/>
  <Kunden KundenNr="17974" KundEigtNr="19370" KundArt="2" KundStatus="3" KundAufDat="2004-03-12"/>
  <Kunden KundenNr="17975" KundEigtNr="19047" KundArt="29" KundStatus="1" KundAufDat="2004-03-12"/>
  <Kunden KundenNr="17976" KundEigtNr="19371" KundArt="8" KundStatus="3" KundAufDat="2004-03-12"/>
  <Kunden KundenNr="17977" KundEigtNr="19372" KundArt="2" KundStatus="3" KundAufDat="2004-03-12"/>
  <Kunden KundenNr="17978" KundEigtNr="19373" KundArt="2" KundStatus="3" KundAufDat="2004-03-12"/>
  <Kunden KundenNr="17979" KundEigtNr="19374" KundArt="8" KundStatus="3" KundAufDat="2004-03-12"/>
  <Kunden KundenNr="17980" KundEigtNr="19375" KundArt="29" KundStatus="1" KundAufDat="2004-03-12"/>
  <Kunden KundenNr="17981" KundEigtNr="19376" KundArt="2" KundStatus="1" KundAufDat="2004-03-12"/>
  <Kunden KundenNr="17982" KundEigtNr="7626" KundArt="29" KundStatus="1" KundAufDat="2004-03-12"/>
  <Kunden KundenNr="17983" KundEigtNr="19377" KundArt="8" KundStatus="3" KundAufDat="2004-03-12"/>
  <Kunden KundenNr="17984" KundEigtNr="19381" KundArt="2" KundStatus="3" KundAufDat="2004-03-13"/>
  <Kunden KundenNr="17985" KundEigtNr="19382" KundArt="2" KundStatus="3" KundAufDat="2004-03-15"/>
  <Kunden KundenNr="17986" KundEigtNr="19383" KundArt="8" KundStatus="3" KundAufDat="2004-03-15"/>
  <Kunden KundenNr="17987" KundEigtNr="19384" KundArt="8" KundStatus="3" KundAufDat="2004-03-15"/>
  <Kunden KundenNr="17988" KundEigtNr="19385" KundArt="2" KundStatus="3" KundAufDat="2004-03-15"/>
  <Kunden KundenNr="17989" KundEigtNr="19386" KundArt="2" KundStatus="3" KundAufDat="2004-03-15"/>
  <Kunden KundenNr="17990" KundEigtNr="19387" KundArt="2" KundStatus="3" KundAufDat="2004-03-15"/>
  <Kunden KundenNr="17991" KundEigtNr="19388" KundArt="8" KundStatus="3" KundAufDat="2004-03-15"/>
  <Kunden KundenNr="17992" KundEigtNr="9098" KundArt="2" KundStatus="3" KundAufDat="2004-03-15"/>
  <Kunden KundenNr="17993" KundEigtNr="19389" KundArt="8" KundStatus="3" KundAufDat="2004-03-15"/>
  <Kunden KundenNr="17994" KundEigtNr="19390" KundArt="2" KundStatus="3" KundAufDat="2004-03-15"/>
  <Kunden KundenNr="17995" KundEigtNr="19391" KundArt="2" KundStatus="3" KundAufDat="2004-03-15"/>
  <Kunden KundenNr="17997" KundEigtNr="19393" KundArt="8" KundStatus="3" KundAufDat="2004-03-15"/>
  <Kunden KundenNr="17998" KundEigtNr="19394" KundArt="8" KundStatus="3" KundAufDat="2004-03-15"/>
  <Kunden KundenNr="17999" KundEigtNr="19395" KundArt="8" KundStatus="3" KundAufDat="2004-03-15"/>
  <Kunden KundenNr="18000" KundEigtNr="19396" KundArt="8" KundStatus="3" KundAufDat="2004-03-15"/>
  <Kunden KundenNr="18001" KundEigtNr="19398" KundArt="8" KundStatus="3" KundAufDat="2004-03-16"/>
  <Kunden KundenNr="18002" KundEigtNr="19399" KundArt="8" KundStatus="3" KundAufDat="2004-03-16"/>
  <Kunden KundenNr="18003" KundEigtNr="19400" KundArt="1" KundStatus="3" KundAufDat="2004-03-16"/>
  <Kunden KundenNr="18004" KundEigtNr="19401" KundArt="8" KundStatus="3" KundAufDat="2004-03-16"/>
  <Kunden KundenNr="18005" KundEigtNr="19402" KundArt="8" KundStatus="3" KundAufDat="2004-03-16"/>
  <Kunden KundenNr="18006" KundEigtNr="19403" KundArt="8" KundStatus="3" KundAufDat="2004-03-17"/>
  <Kunden KundenNr="18007" KundEigtNr="14551" KundArt="2" KundStatus="3" KundAufDat="2004-03-17"/>
  <Kunden KundenNr="18008" KundEigtNr="19404" KundArt="2" KundStatus="3" KundAufDat="2004-03-17"/>
  <Kunden KundenNr="18009" KundEigtNr="19405" KundArt="2" KundStatus="3" KundAufDat="2004-03-17"/>
  <Kunden KundenNr="18010" KundEigtNr="19406" KundArt="2" KundStatus="3" KundAufDat="2004-03-17"/>
  <Kunden KundenNr="18011" KundEigtNr="19407" KundArt="2" KundStatus="3" KundAufDat="2004-03-17"/>
  <Kunden KundenNr="18012" KundEigtNr="19408" KundArt="2" KundStatus="3" KundAufDat="2004-03-17"/>
  <Kunden KundenNr="18013" KundEigtNr="19409" KundArt="1" KundStatus="3" KundAufDat="2004-03-17"/>
  <Kunden KundenNr="18014" KundEigtNr="19410" KundArt="8" KundStatus="3" KundAufDat="2004-03-18"/>
  <Kunden KundenNr="18015" KundEigtNr="19119" KundArt="29" KundStatus="1" KundAufDat="2004-03-18"/>
  <Kunden KundenNr="18016" KundEigtNr="19411" KundArt="29" KundStatus="1" KundAufDat="2004-03-18"/>
  <Kunden KundenNr="18017" KundEigtNr="19412" KundArt="2" KundStatus="3" KundAufDat="2004-03-18"/>
  <Kunden KundenNr="18018" KundEigtNr="19413" KundArt="2" KundStatus="3" KundAufDat="2004-03-18"/>
  <Kunden KundenNr="18019" KundEigtNr="19414" KundArt="2" KundStatus="3" KundAufDat="2004-03-18"/>
  <Kunden KundenNr="18020" KundEigtNr="19415" KundArt="2" KundStatus="1" KundAufDat="2004-03-18"/>
  <Kunden KundenNr="18021" KundEigtNr="19416" KundArt="29" KundStatus="1" KundAufDat="2004-03-18"/>
  <Kunden KundenNr="18022" KundEigtNr="19417" KundArt="8" KundStatus="3" KundAufDat="2004-03-18"/>
  <Kunden KundenNr="18023" KundEigtNr="19418" KundArt="2" KundStatus="3" KundAufDat="2004-03-18"/>
  <Kunden KundenNr="18024" KundEigtNr="19419" KundArt="2" KundStatus="3" KundAufDat="2004-03-18"/>
  <Kunden KundenNr="18025" KundEigtNr="19420" KundArt="2" KundStatus="3" KundAufDat="2004-03-18"/>
  <Kunden KundenNr="18026" KundEigtNr="19421" KundArt="8" KundStatus="3" KundAufDat="2004-03-18"/>
  <Kunden KundenNr="18027" KundEigtNr="19422" KundArt="29" KundStatus="1" KundAufDat="2004-03-18"/>
  <Kunden KundenNr="18028" KundEigtNr="19268" KundArt="2" KundStatus="1" KundAufDat="2004-03-19"/>
  <Kunden KundenNr="18029" KundEigtNr="19423" KundArt="29" KundStatus="1" KundAufDat="2004-03-19"/>
  <Kunden KundenNr="18030" KundEigtNr="14464" KundArt="2" KundStatus="3" KundAufDat="2004-03-19"/>
  <Kunden KundenNr="18031" KundEigtNr="19424" KundArt="2" KundStatus="3" KundAufDat="2004-03-19"/>
  <Kunden KundenNr="18032" KundEigtNr="19425" KundArt="8" KundStatus="3" KundAufDat="2004-03-19"/>
  <Kunden KundenNr="18033" KundEigtNr="19426" KundArt="1" KundStatus="3" KundAufDat="2004-03-19"/>
  <Kunden KundenNr="18034" KundEigtNr="19414" KundArt="8" KundStatus="3" KundAufDat="2004-03-19"/>
  <Kunden KundenNr="18035" KundEigtNr="19427" KundArt="8" KundStatus="3" KundAufDat="2004-03-19"/>
  <Kunden KundenNr="18036" KundEigtNr="19428" KundArt="2" KundStatus="3" KundAufDat="2004-03-19"/>
  <Kunden KundenNr="18037" KundEigtNr="19429" KundArt="8" KundStatus="3" KundAufDat="2004-03-19"/>
  <Kunden KundenNr="18038" KundEigtNr="19430" KundArt="8" KundStatus="3" KundAufDat="2004-03-22"/>
  <Kunden KundenNr="18039" KundEigtNr="18955" KundArt="8" KundStatus="3" KundAufDat="2004-03-22"/>
  <Kunden KundenNr="18040" KundEigtNr="19431" KundArt="29" KundStatus="1" KundAufDat="2004-03-22"/>
  <Kunden KundenNr="18041" KundEigtNr="19256" KundArt="29" KundStatus="1" KundAufDat="2004-03-22"/>
  <Kunden KundenNr="18042" KundEigtNr="19432" KundArt="2" KundStatus="3" KundAufDat="2004-03-22"/>
  <Kunden KundenNr="18043" KundEigtNr="19433" KundArt="2" KundStatus="3" KundAufDat="2004-03-22"/>
  <Kunden KundenNr="18044" KundEigtNr="19434" KundArt="8" KundStatus="3" KundAufDat="2004-03-22"/>
  <Kunden KundenNr="18045" KundEigtNr="19435" KundArt="1" KundStatus="3" KundAufDat="2004-03-22"/>
  <Kunden KundenNr="18046" KundEigtNr="19436" KundArt="4" KundStatus="1" KundAufDat="2004-03-22"/>
  <Kunden KundenNr="18047" KundEigtNr="7518" KundArt="1" KundStatus="1" KundAufDat="2004-03-22"/>
  <Kunden KundenNr="18048" KundEigtNr="19437" KundArt="2" KundStatus="3" KundAufDat="2004-03-22"/>
  <Kunden KundenNr="18049" KundEigtNr="19438" KundArt="8" KundStatus="1" KundAufDat="2004-03-23"/>
  <Kunden KundenNr="18050" KundEigtNr="19439" KundArt="8" KundStatus="3" KundAufDat="2004-03-23"/>
  <Kunden KundenNr="18051" KundEigtNr="19440" KundArt="2" KundStatus="1" KundAufDat="2004-03-23"/>
  <Kunden KundenNr="18052" KundEigtNr="19441" KundArt="2" KundStatus="3" KundAufDat="2004-03-23"/>
  <Kunden KundenNr="18053" KundEigtNr="19442" KundArt="2" KundStatus="1" KundAufDat="2004-03-23"/>
  <Kunden KundenNr="18054" KundEigtNr="19443" KundArt="2" KundStatus="3" KundAufDat="2004-03-23"/>
  <Kunden KundenNr="18055" KundEigtNr="19445" KundArt="2" KundStatus="3" KundAufDat="2004-03-23"/>
  <Kunden KundenNr="18056" KundEigtNr="19446" KundArt="2" KundStatus="3" KundAufDat="2004-03-23"/>
  <Kunden KundenNr="18057" KundEigtNr="19448" KundArt="2" KundStatus="3" KundAufDat="2004-03-23"/>
  <Kunden KundenNr="18058" KundEigtNr="19449" KundArt="2" KundStatus="3" KundAufDat="2004-03-23"/>
  <Kunden KundenNr="18059" KundEigtNr="19450" KundArt="2" KundStatus="3" KundAufDat="2004-03-23"/>
  <Kunden KundenNr="18060" KundEigtNr="19451" KundArt="2" KundStatus="3" KundAufDat="2004-03-23"/>
  <Kunden KundenNr="18061" KundEigtNr="19452" KundArt="8" KundStatus="3" KundAufDat="2004-03-23"/>
  <Kunden KundenNr="18062" KundEigtNr="19453" KundArt="2" KundStatus="3" KundAufDat="2004-03-24"/>
  <Kunden KundenNr="18063" KundEigtNr="19454" KundArt="2" KundStatus="3" KundAufDat="2004-03-24"/>
  <Kunden KundenNr="18064" KundEigtNr="19455" KundArt="2" KundStatus="3" KundAufDat="2004-03-24"/>
  <Kunden KundenNr="18065" KundEigtNr="19456" KundArt="2" KundStatus="3" KundAufDat="2004-03-24"/>
  <Kunden KundenNr="18066" KundEigtNr="19457" KundArt="2" KundStatus="3" KundAufDat="2004-03-24"/>
  <Kunden KundenNr="18067" KundEigtNr="19458" KundArt="1" KundStatus="3" KundAufDat="2004-03-24"/>
  <Kunden KundenNr="18068" KundEigtNr="19459" KundArt="1" KundStatus="3" KundAufDat="2004-03-24"/>
  <Kunden KundenNr="18069" KundEigtNr="19460" KundArt="8" KundStatus="3" KundAufDat="2004-03-25"/>
  <Kunden KundenNr="18071" KundEigtNr="19462" KundArt="8" KundStatus="3" KundAufDat="2004-03-25"/>
  <Kunden KundenNr="18072" KundEigtNr="19463" KundArt="29" KundStatus="1" KundAufDat="2004-03-25"/>
  <Kunden KundenNr="18073" KundEigtNr="19464" KundArt="1" KundStatus="3" KundAufDat="2004-03-25"/>
  <Kunden KundenNr="18074" KundEigtNr="19465" KundArt="8" KundStatus="3" KundAufDat="2004-03-26"/>
  <Kunden KundenNr="18075" KundEigtNr="19466" KundArt="8" KundStatus="3" KundAufDat="2004-03-26"/>
  <Kunden KundenNr="18076" KundEigtNr="19467" KundArt="8" KundStatus="3" KundAufDat="2004-03-26"/>
  <Kunden KundenNr="18077" KundEigtNr="19468" KundArt="8" KundStatus="3" KundAufDat="2004-03-26"/>
  <Kunden KundenNr="18078" KundEigtNr="19469" KundArt="8" KundStatus="3" KundAufDat="2004-03-26"/>
  <Kunden KundenNr="18079" KundEigtNr="19470" KundArt="1" KundStatus="3" KundAufDat="2004-03-26"/>
  <Kunden KundenNr="18080" KundEigtNr="19477" KundArt="2" KundStatus="3" KundAufDat="2004-03-29"/>
  <Kunden KundenNr="18081" KundEigtNr="19478" KundArt="2" KundStatus="3" KundAufDat="2004-03-29"/>
  <Kunden KundenNr="18082" KundEigtNr="19294" KundArt="2" KundStatus="1" KundAufDat="2004-03-29"/>
  <Kunden KundenNr="18083" KundEigtNr="19480" KundArt="2" KundStatus="3" KundAufDat="2004-03-29"/>
  <Kunden KundenNr="18084" KundEigtNr="19481" KundArt="8" KundStatus="3" KundAufDat="2004-03-29"/>
  <Kunden KundenNr="18085" KundEigtNr="19482" KundArt="8" KundStatus="3" KundAufDat="2004-03-29"/>
  <Kunden KundenNr="18086" KundEigtNr="19483" KundArt="8" KundStatus="3" KundAufDat="2004-03-30"/>
  <Kunden KundenNr="18087" KundEigtNr="19484" KundArt="8" KundStatus="3" KundAufDat="2004-03-30"/>
  <Kunden KundenNr="18088" KundEigtNr="19485" KundArt="8" KundStatus="3" KundAufDat="2004-03-30"/>
  <Kunden KundenNr="18089" KundEigtNr="8297" KundArt="29" KundStatus="1" KundAufDat="2004-03-30"/>
  <Kunden KundenNr="18090" KundEigtNr="11706" KundArt="2" KundStatus="3" KundAufDat="2004-03-30"/>
  <Kunden KundenNr="18091" KundEigtNr="19486" KundArt="8" KundStatus="3" KundAufDat="2004-03-30"/>
  <Kunden KundenNr="18092" KundEigtNr="19487" KundArt="8" KundStatus="3" KundAufDat="2004-03-30"/>
  <Kunden KundenNr="18093" KundEigtNr="19488" KundArt="8" KundStatus="3" KundAufDat="2004-03-30"/>
  <Kunden KundenNr="18094" KundEigtNr="19489" KundArt="2" KundStatus="3" KundAufDat="2004-03-30"/>
  <Kunden KundenNr="18095" KundEigtNr="19490" KundArt="8" KundStatus="3" KundAufDat="2004-03-30"/>
  <Kunden KundenNr="18096" KundEigtNr="19491" KundArt="8" KundStatus="3" KundAufDat="2004-03-30"/>
  <Kunden KundenNr="18097" KundEigtNr="19492" KundArt="8" KundStatus="1" KundAufDat="2004-03-31"/>
  <Kunden KundenNr="18098" KundEigtNr="19493" KundArt="2" KundStatus="3" KundAufDat="2004-03-31"/>
  <Kunden KundenNr="18099" KundEigtNr="19494" KundArt="2" KundStatus="3" KundAufDat="2004-03-31"/>
  <Kunden KundenNr="18100" KundEigtNr="19495" KundArt="29" KundStatus="1" KundAufDat="2004-03-31"/>
  <Kunden KundenNr="18101" KundEigtNr="14559" KundArt="8" KundStatus="3" KundAufDat="2004-03-31"/>
  <Kunden KundenNr="18102" KundEigtNr="19512" KundArt="29" KundStatus="1" KundAufDat="2004-03-31"/>
  <Kunden KundenNr="18103" KundEigtNr="19515" KundArt="2" KundStatus="1" KundAufDat="2004-03-31"/>
  <Kunden KundenNr="18104" KundEigtNr="19516" KundArt="2" KundStatus="3" KundAufDat="2004-03-31"/>
  <Kunden KundenNr="18105" KundEigtNr="19050" KundArt="29" KundStatus="1" KundAufDat="2004-03-31"/>
  <Kunden KundenNr="18106" KundEigtNr="19517" KundArt="2" KundStatus="3" KundAufDat="2004-04-01"/>
  <Kunden KundenNr="18107" KundEigtNr="19518" KundArt="2" KundStatus="3" KundAufDat="2004-04-01"/>
  <Kunden KundenNr="18108" KundEigtNr="19519" KundArt="8" KundStatus="3" KundAufDat="2004-04-01"/>
  <Kunden KundenNr="18109" KundEigtNr="19520" KundArt="8" KundStatus="3" KundAufDat="2004-04-01"/>
  <Kunden KundenNr="18110" KundEigtNr="19521" KundArt="2" KundStatus="1" KundAufDat="2004-04-01"/>
  <Kunden KundenNr="18111" KundEigtNr="19522" KundArt="29" KundStatus="1" KundAufDat="2004-04-01"/>
  <Kunden KundenNr="18112" KundEigtNr="9724" KundArt="2" KundStatus="1" KundAufDat="2004-04-02"/>
  <Kunden KundenNr="18113" KundEigtNr="19524" KundArt="1" KundStatus="3" KundAufDat="2004-04-02"/>
  <Kunden KundenNr="18114" KundEigtNr="19525" KundArt="29" KundStatus="1" KundAufDat="2004-04-02"/>
  <Kunden KundenNr="18115" KundEigtNr="19526" KundArt="8" KundStatus="3" KundAufDat="2004-04-05"/>
  <Kunden KundenNr="18116" KundEigtNr="10858" KundArt="8" KundStatus="3" KundAufDat="2004-04-05"/>
  <Kunden KundenNr="18117" KundEigtNr="19527" KundArt="8" KundStatus="3" KundAufDat="2004-04-05"/>
  <Kunden KundenNr="18118" KundEigtNr="19528" KundArt="2" KundStatus="3" KundAufDat="2004-04-05"/>
  <Kunden KundenNr="18119" KundEigtNr="19529" KundArt="2" KundStatus="3" KundAufDat="2004-04-05"/>
  <Kunden KundenNr="18120" KundEigtNr="19530" KundArt="2" KundStatus="3" KundAufDat="2004-04-05"/>
  <Kunden KundenNr="18121" KundEigtNr="18730" KundArt="1" KundStatus="3" KundAufDat="2004-04-05"/>
  <Kunden KundenNr="18122" KundEigtNr="19531" KundArt="2" KundStatus="3" KundAufDat="2004-04-05"/>
  <Kunden KundenNr="18123" KundEigtNr="19532" KundArt="2" KundStatus="3" KundAufDat="2004-04-05"/>
  <Kunden KundenNr="18124" KundEigtNr="19533" KundArt="8" KundStatus="3" KundAufDat="2004-04-06"/>
  <Kunden KundenNr="18125" KundEigtNr="19534" KundArt="8" KundStatus="3" KundAufDat="2004-04-06"/>
  <Kunden KundenNr="18126" KundEigtNr="19535" KundArt="2" KundStatus="3" KundAufDat="2004-04-06"/>
  <Kunden KundenNr="18127" KundEigtNr="19536" KundArt="8" KundStatus="3" KundAufDat="2004-04-06"/>
  <Kunden KundenNr="18128" KundEigtNr="19537" KundArt="2" KundStatus="3" KundAufDat="2004-04-06"/>
  <Kunden KundenNr="18129" KundEigtNr="19540" KundArt="8" KundStatus="3" KundAufDat="2004-04-07"/>
  <Kunden KundenNr="18130" KundEigtNr="19541" KundArt="8" KundStatus="3" KundAufDat="2004-04-07"/>
  <Kunden KundenNr="18131" KundEigtNr="19542" KundArt="29" KundStatus="1" KundAufDat="2004-04-07"/>
  <Kunden KundenNr="18132" KundEigtNr="13253" KundArt="1" KundStatus="3" KundAufDat="2004-04-07"/>
  <Kunden KundenNr="18133" KundEigtNr="19543" KundArt="1" KundStatus="3" KundAufDat="2004-04-07"/>
  <Kunden KundenNr="18134" KundEigtNr="19544" KundArt="8" KundStatus="3" KundAufDat="2004-04-08"/>
  <Kunden KundenNr="18136" KundEigtNr="19548" KundArt="8" KundStatus="3" KundAufDat="2004-04-13"/>
  <Kunden KundenNr="18137" KundEigtNr="19549" KundArt="8" KundStatus="3" KundAufDat="2004-04-13"/>
  <Kunden KundenNr="18138" KundEigtNr="19550" KundArt="8" KundStatus="3" KundAufDat="2004-04-13"/>
  <Kunden KundenNr="18139" KundEigtNr="19551" KundArt="8" KundStatus="3" KundAufDat="2004-04-13"/>
  <Kunden KundenNr="18140" KundEigtNr="19552" KundArt="2" KundStatus="3" KundAufDat="2004-04-13"/>
  <Kunden KundenNr="18141" KundEigtNr="19553" KundArt="2" KundStatus="1" KundAufDat="2004-04-13"/>
  <Kunden KundenNr="18142" KundEigtNr="19554" KundArt="8" KundStatus="3" KundAufDat="2004-04-13"/>
  <Kunden KundenNr="18143" KundEigtNr="19555" KundArt="2" KundStatus="3" KundAufDat="2004-04-13"/>
  <Kunden KundenNr="18144" KundEigtNr="19556" KundArt="2" KundStatus="3" KundAufDat="2004-04-14"/>
  <Kunden KundenNr="18145" KundEigtNr="19557" KundArt="8" KundStatus="3" KundAufDat="2004-04-14"/>
  <Kunden KundenNr="18146" KundEigtNr="19558" KundArt="2" KundStatus="3" KundAufDat="2004-04-14"/>
  <Kunden KundenNr="18147" KundEigtNr="19559" KundArt="2" KundStatus="1" KundAufDat="2004-04-14"/>
  <Kunden KundenNr="18148" KundEigtNr="19560" KundArt="2" KundStatus="3" KundAufDat="2004-04-14"/>
  <Kunden KundenNr="18149" KundEigtNr="19561" KundArt="8" KundStatus="3" KundAufDat="2004-04-14"/>
  <Kunden KundenNr="18150" KundEigtNr="19562" KundArt="8" KundStatus="3" KundAufDat="2004-04-14"/>
  <Kunden KundenNr="18151" KundEigtNr="19563" KundArt="8" KundStatus="3" KundAufDat="2004-04-14"/>
  <Kunden KundenNr="18152" KundEigtNr="19564" KundArt="8" KundStatus="3" KundAufDat="2004-04-14"/>
  <Kunden KundenNr="18153" KundEigtNr="19565" KundArt="2" KundStatus="3" KundAufDat="2004-04-14"/>
  <Kunden KundenNr="18154" KundEigtNr="19566" KundArt="2" KundStatus="3" KundAufDat="2004-04-14"/>
  <Kunden KundenNr="18155" KundEigtNr="19567" KundArt="2" KundStatus="3" KundAufDat="2004-04-14"/>
  <Kunden KundenNr="18156" KundEigtNr="19568" KundArt="2" KundStatus="3" KundAufDat="2004-04-14"/>
  <Kunden KundenNr="18157" KundEigtNr="19569" KundArt="2" KundStatus="3" KundAufDat="2004-04-14"/>
  <Kunden KundenNr="18158" KundEigtNr="19474" KundArt="29" KundStatus="1" KundAufDat="2004-04-14"/>
  <Kunden KundenNr="18159" KundEigtNr="19570" KundArt="2" KundStatus="1" KundAufDat="2004-04-14"/>
  <Kunden KundenNr="18160" KundEigtNr="19571" KundArt="2" KundStatus="3" KundAufDat="2004-04-14"/>
  <Kunden KundenNr="18161" KundEigtNr="18927" KundArt="2" KundStatus="3" KundAufDat="2004-04-14"/>
  <Kunden KundenNr="18162" KundEigtNr="19572" KundArt="8" KundStatus="3" KundAufDat="2004-04-14"/>
  <Kunden KundenNr="18163" KundEigtNr="19573" KundArt="2" KundStatus="3" KundAufDat="2004-04-14"/>
  <Kunden KundenNr="18164" KundEigtNr="19574" KundArt="2" KundStatus="3" KundAufDat="2004-04-15"/>
  <Kunden KundenNr="18165" KundEigtNr="19575" KundArt="2" KundStatus="3" KundAufDat="2004-04-15"/>
  <Kunden KundenNr="18166" KundEigtNr="19576" KundArt="2" KundStatus="3" KundAufDat="2004-04-15"/>
  <Kunden KundenNr="18167" KundEigtNr="18595" KundArt="29" KundStatus="1" KundAufDat="2004-04-15"/>
  <Kunden KundenNr="18168" KundEigtNr="19577" KundArt="8" KundStatus="3" KundAufDat="2004-04-15"/>
  <Kunden KundenNr="18169" KundEigtNr="19578" KundArt="8" KundStatus="3" KundAufDat="2004-04-15"/>
  <Kunden KundenNr="18170" KundEigtNr="19579" KundArt="8" KundStatus="3" KundAufDat="2004-04-15"/>
  <Kunden KundenNr="18171" KundEigtNr="19580" KundArt="2" KundStatus="3" KundAufDat="2004-04-15"/>
  <Kunden KundenNr="18172" KundEigtNr="19581" KundArt="2" KundStatus="3" KundAufDat="2004-04-15"/>
  <Kunden KundenNr="18173" KundEigtNr="19582" KundArt="29" KundStatus="1" KundAufDat="2004-04-16"/>
  <Kunden KundenNr="18174" KundEigtNr="19583" KundArt="8" KundStatus="3" KundAufDat="2004-04-16"/>
  <Kunden KundenNr="18175" KundEigtNr="19584" KundArt="8" KundStatus="3" KundAufDat="2004-04-16"/>
  <Kunden KundenNr="18176" KundEigtNr="19585" KundArt="2" KundStatus="3" KundAufDat="2004-04-16"/>
  <Kunden KundenNr="18177" KundEigtNr="19586" KundArt="2" KundStatus="3" KundAufDat="2004-04-16"/>
  <Kunden KundenNr="18178" KundEigtNr="19587" KundArt="2" KundStatus="3" KundAufDat="2004-04-16"/>
  <Kunden KundenNr="18179" KundEigtNr="19588" KundArt="8" KundStatus="3" KundAufDat="2004-04-16"/>
  <Kunden KundenNr="18180" KundEigtNr="19589" KundArt="8" KundStatus="3" KundAufDat="2004-04-16"/>
  <Kunden KundenNr="18181" KundEigtNr="19590" KundArt="8" KundStatus="3" KundAufDat="2004-04-16"/>
  <Kunden KundenNr="18182" KundEigtNr="19591" KundArt="2" KundStatus="1" KundAufDat="2004-04-16"/>
  <Kunden KundenNr="18183" KundEigtNr="19592" KundArt="2" KundStatus="3" KundAufDat="2004-04-16"/>
  <Kunden KundenNr="18184" KundEigtNr="19593" KundArt="1" KundStatus="1" KundAufDat="2004-04-16"/>
  <Kunden KundenNr="18185" KundEigtNr="19594" KundArt="29" KundStatus="1" KundAufDat="2004-04-16"/>
  <Kunden KundenNr="18186" KundEigtNr="19595" KundArt="8" KundStatus="3" KundAufDat="2004-04-16"/>
  <Kunden KundenNr="18187" KundEigtNr="19596" KundArt="2" KundStatus="3" KundAufDat="2004-04-19"/>
  <Kunden KundenNr="18188" KundEigtNr="19597" KundArt="2" KundStatus="3" KundAufDat="2004-04-19"/>
  <Kunden KundenNr="18189" KundEigtNr="19598" KundArt="8" KundStatus="3" KundAufDat="2004-04-19"/>
  <Kunden KundenNr="18190" KundEigtNr="19599" KundArt="2" KundStatus="3" KundAufDat="2004-04-19"/>
  <Kunden KundenNr="18191" KundEigtNr="19401" KundArt="29" KundStatus="1" KundAufDat="2004-04-19"/>
  <Kunden KundenNr="18192" KundEigtNr="19600" KundArt="8" KundStatus="3" KundAufDat="2004-04-19"/>
  <Kunden KundenNr="18193" KundEigtNr="19601" KundArt="2" KundStatus="3" KundAufDat="2004-04-19"/>
  <Kunden KundenNr="18194" KundEigtNr="19602" KundArt="8" KundStatus="3" KundAufDat="2004-04-19"/>
  <Kunden KundenNr="18195" KundEigtNr="19603" KundArt="8" KundStatus="3" KundAufDat="2004-04-20"/>
  <Kunden KundenNr="18196" KundEigtNr="19604" KundArt="2" KundStatus="3" KundAufDat="2004-04-20"/>
  <Kunden KundenNr="18197" KundEigtNr="19605" KundArt="2" KundStatus="1" KundAufDat="2004-04-20"/>
  <Kunden KundenNr="18198" KundEigtNr="19606" KundArt="2" KundStatus="3" KundAufDat="2004-04-20"/>
  <Kunden KundenNr="18199" KundEigtNr="19607" KundArt="29" KundStatus="1" KundAufDat="2004-04-20"/>
  <Kunden KundenNr="18200" KundEigtNr="18077" KundArt="2" KundStatus="3" KundAufDat="2004-04-20"/>
  <Kunden KundenNr="18201" KundEigtNr="19099" KundArt="2" KundStatus="3" KundAufDat="2004-04-20"/>
  <Kunden KundenNr="18202" KundEigtNr="19608" KundArt="8" KundStatus="3" KundAufDat="2004-04-20"/>
  <Kunden KundenNr="18203" KundEigtNr="19609" KundArt="29" KundStatus="1" KundAufDat="2004-04-21"/>
  <Kunden KundenNr="18204" KundEigtNr="19610" KundArt="29" KundStatus="1" KundAufDat="2004-04-21"/>
  <Kunden KundenNr="18205" KundEigtNr="19611" KundArt="2" KundStatus="3" KundAufDat="2004-04-21"/>
  <Kunden KundenNr="18206" KundEigtNr="19612" KundArt="2" KundStatus="3" KundAufDat="2004-04-21"/>
  <Kunden KundenNr="18207" KundEigtNr="19613" KundArt="8" KundStatus="3" KundAufDat="2004-04-21"/>
  <Kunden KundenNr="18208" KundEigtNr="19614" KundArt="29" KundStatus="1" KundAufDat="2004-04-21"/>
  <Kunden KundenNr="18209" KundEigtNr="19501" KundArt="29" KundStatus="1" KundAufDat="2004-04-22"/>
  <Kunden KundenNr="18210" KundEigtNr="19615" KundArt="2" KundStatus="3" KundAufDat="2004-04-22"/>
  <Kunden KundenNr="18211" KundEigtNr="19616" KundArt="8" KundStatus="3" KundAufDat="2004-04-22"/>
  <Kunden KundenNr="18212" KundEigtNr="19617" KundArt="1" KundStatus="3" KundAufDat="2004-04-22"/>
  <Kunden KundenNr="18213" KundEigtNr="19618" KundArt="29" KundStatus="1" KundAufDat="2004-04-22"/>
  <Kunden KundenNr="18214" KundEigtNr="19619" KundArt="8" KundStatus="3" KundAufDat="2004-04-22"/>
  <Kunden KundenNr="18215" KundEigtNr="19620" KundArt="29" KundStatus="1" KundAufDat="2004-04-22"/>
  <Kunden KundenNr="18216" KundEigtNr="19621" KundArt="2" KundStatus="3" KundAufDat="2004-04-23"/>
  <Kunden KundenNr="18217" KundEigtNr="19622" KundArt="1" KundStatus="1" KundAufDat="2004-04-23"/>
  <Kunden KundenNr="18218" KundEigtNr="19623" KundArt="8" KundStatus="3" KundAufDat="2004-04-23"/>
  <Kunden KundenNr="18219" KundEigtNr="19624" KundArt="2" KundStatus="3" KundAufDat="2004-04-23"/>
  <Kunden KundenNr="18220" KundEigtNr="19625" KundArt="8" KundStatus="3" KundAufDat="2004-04-23"/>
  <Kunden KundenNr="18221" KundEigtNr="13663" KundArt="2" KundStatus="3" KundAufDat="2004-04-23"/>
  <Kunden KundenNr="18222" KundEigtNr="19626" KundArt="2" KundStatus="3" KundAufDat="2004-04-24"/>
  <Kunden KundenNr="18223" KundEigtNr="19627" KundArt="8" KundStatus="3" KundAufDat="2004-04-26"/>
  <Kunden KundenNr="18224" KundEigtNr="19628" KundArt="2" KundStatus="3" KundAufDat="2004-04-26"/>
  <Kunden KundenNr="18225" KundEigtNr="7963" KundArt="2" KundStatus="3" KundAufDat="2004-04-26"/>
  <Kunden KundenNr="18226" KundEigtNr="19629" KundArt="2" KundStatus="3" KundAufDat="2004-04-26"/>
  <Kunden KundenNr="18227" KundEigtNr="19630" KundArt="2" KundStatus="3" KundAufDat="2004-04-26"/>
  <Kunden KundenNr="18228" KundEigtNr="19632" KundArt="2" KundStatus="3" KundAufDat="2004-04-27"/>
  <Kunden KundenNr="18229" KundEigtNr="19634" KundArt="8" KundStatus="3" KundAufDat="2004-04-27"/>
  <Kunden KundenNr="18230" KundEigtNr="19637" KundArt="2" KundStatus="3" KundAufDat="2004-04-27"/>
  <Kunden KundenNr="18231" KundEigtNr="19639" KundArt="8" KundStatus="3" KundAufDat="2004-04-27"/>
  <Kunden KundenNr="18232" KundEigtNr="19640" KundArt="2" KundStatus="3" KundAufDat="2004-04-27"/>
  <Kunden KundenNr="18233" KundEigtNr="19642" KundArt="8" KundStatus="3" KundAufDat="2004-04-27"/>
  <Kunden KundenNr="18234" KundEigtNr="19643" KundArt="29" KundStatus="1" KundAufDat="2004-04-27"/>
  <Kunden KundenNr="18235" KundEigtNr="19644" KundArt="8" KundStatus="3" KundAufDat="2004-04-27"/>
  <Kunden KundenNr="18236" KundEigtNr="19645" KundArt="8" KundStatus="3" KundAufDat="2004-04-28"/>
  <Kunden KundenNr="18237" KundEigtNr="19646" KundArt="8" KundStatus="3" KundAufDat="2004-04-28"/>
  <Kunden KundenNr="18238" KundEigtNr="19647" KundArt="8" KundStatus="3" KundAufDat="2004-04-28"/>
  <Kunden KundenNr="18239" KundEigtNr="19648" KundArt="2" KundStatus="3" KundAufDat="2004-04-28"/>
  <Kunden KundenNr="18240" KundEigtNr="19649" KundArt="2" KundStatus="3" KundAufDat="2004-04-28"/>
  <Kunden KundenNr="18241" KundEigtNr="19650" KundArt="8" KundStatus="3" KundAufDat="2004-04-28"/>
  <Kunden KundenNr="18242" KundEigtNr="19651" KundArt="2" KundStatus="3" KundAufDat="2004-04-28"/>
  <Kunden KundenNr="18243" KundEigtNr="19652" KundArt="8" KundStatus="3" KundAufDat="2004-04-28"/>
  <Kunden KundenNr="18244" KundEigtNr="19653" KundArt="8" KundStatus="3" KundAufDat="2004-04-28"/>
  <Kunden KundenNr="18245" KundEigtNr="19654" KundArt="8" KundStatus="3" KundAufDat="2004-04-28"/>
  <Kunden KundenNr="18246" KundEigtNr="19655" KundArt="2" KundStatus="3" KundAufDat="2004-04-29"/>
  <Kunden KundenNr="18247" KundEigtNr="19656" KundArt="2" KundStatus="3" KundAufDat="2004-04-29"/>
  <Kunden KundenNr="18248" KundEigtNr="19657" KundArt="8" KundStatus="3" KundAufDat="2004-04-29"/>
  <Kunden KundenNr="18249" KundEigtNr="19658" KundArt="8" KundStatus="3" KundAufDat="2004-04-29"/>
  <Kunden KundenNr="18250" KundEigtNr="12455" KundArt="29" KundStatus="1" KundAufDat="2004-04-29"/>
  <Kunden KundenNr="18251" KundEigtNr="19659" KundArt="1" KundStatus="3" KundAufDat="2004-04-29"/>
  <Kunden KundenNr="18252" KundEigtNr="19660" KundArt="8" KundStatus="3" KundAufDat="2004-04-29"/>
  <Kunden KundenNr="18253" KundEigtNr="19661" KundArt="2" KundStatus="3" KundAufDat="2004-04-29"/>
  <Kunden KundenNr="18254" KundEigtNr="19662" KundArt="2" KundStatus="3" KundAufDat="2004-04-29"/>
  <Kunden KundenNr="18255" KundEigtNr="18742" KundArt="8" KundStatus="3" KundAufDat="2004-04-29"/>
  <Kunden KundenNr="18256" KundEigtNr="19666" KundArt="8" KundStatus="3" KundAufDat="2004-04-30"/>
  <Kunden KundenNr="18257" KundEigtNr="19673" KundArt="8" KundStatus="1" KundAufDat="2004-05-03"/>
  <Kunden KundenNr="18258" KundEigtNr="19676" KundArt="8" KundStatus="3" KundAufDat="2004-05-03"/>
  <Kunden KundenNr="18259" KundEigtNr="19677" KundArt="2" KundStatus="3" KundAufDat="2004-05-03"/>
  <Kunden KundenNr="18260" KundEigtNr="19678" KundArt="2" KundStatus="3" KundAufDat="2004-05-03"/>
  <Kunden KundenNr="18261" KundEigtNr="19679" KundArt="2" KundStatus="1" KundAufDat="2004-05-03"/>
  <Kunden KundenNr="18262" KundEigtNr="19642" KundArt="29" KundStatus="1" KundAufDat="2004-05-04"/>
  <Kunden KundenNr="18263" KundEigtNr="19680" KundArt="29" KundStatus="1" KundAufDat="2004-05-04"/>
  <Kunden KundenNr="18264" KundEigtNr="19681" KundArt="8" KundStatus="3" KundAufDat="2004-05-04"/>
  <Kunden KundenNr="18265" KundEigtNr="11905" KundArt="1" KundStatus="3" KundAufDat="2004-05-04"/>
  <Kunden KundenNr="18266" KundEigtNr="11146" KundArt="29" KundStatus="1" KundAufDat="2004-05-04"/>
  <Kunden KundenNr="18267" KundEigtNr="19682" KundArt="2" KundStatus="3" KundAufDat="2004-05-04"/>
  <Kunden KundenNr="18268" KundEigtNr="19683" KundArt="2" KundStatus="3" KundAufDat="2004-05-04"/>
  <Kunden KundenNr="18269" KundEigtNr="19684" KundArt="2" KundStatus="3" KundAufDat="2004-05-04"/>
  <Kunden KundenNr="18270" KundEigtNr="1605" KundArt="29" KundStatus="1" KundAufDat="2004-05-04"/>
  <Kunden KundenNr="18271" KundEigtNr="19685" KundArt="8" KundStatus="3" KundAufDat="2004-05-04"/>
  <Kunden KundenNr="18272" KundEigtNr="19686" KundArt="8" KundStatus="3" KundAufDat="2004-05-04"/>
  <Kunden KundenNr="18273" KundEigtNr="19687" KundArt="8" KundStatus="3" KundAufDat="2004-05-04"/>
  <Kunden KundenNr="18274" KundEigtNr="19688" KundArt="29" KundStatus="1" KundAufDat="2004-05-04"/>
  <Kunden KundenNr="18275" KundEigtNr="19689" KundArt="2" KundStatus="3" KundAufDat="2004-05-05"/>
  <Kunden KundenNr="18276" KundEigtNr="19690" KundArt="2" KundStatus="3" KundAufDat="2004-05-05"/>
  <Kunden KundenNr="18277" KundEigtNr="19638" KundArt="29" KundStatus="1" KundAufDat="2004-05-05"/>
  <Kunden KundenNr="18278" KundEigtNr="19691" KundArt="2" KundStatus="3" KundAufDat="2004-05-05"/>
  <Kunden KundenNr="18279" KundEigtNr="19692" KundArt="2" KundStatus="3" KundAufDat="2004-05-05"/>
  <Kunden KundenNr="18280" KundEigtNr="19693" KundArt="2" KundStatus="3" KundAufDat="2004-05-05"/>
  <Kunden KundenNr="18281" KundEigtNr="19694" KundArt="2" KundStatus="3" KundAufDat="2004-05-05"/>
  <Kunden KundenNr="18282" KundEigtNr="15440" KundArt="29" KundStatus="1" KundAufDat="2004-05-06"/>
  <Kunden KundenNr="18283" KundEigtNr="19695" KundArt="2" KundStatus="3" KundAufDat="2004-05-06"/>
  <Kunden KundenNr="18284" KundEigtNr="19631" KundArt="29" KundStatus="1" KundAufDat="2004-05-06"/>
  <Kunden KundenNr="18285" KundEigtNr="19697" KundArt="2" KundStatus="3" KundAufDat="2004-05-06"/>
  <Kunden KundenNr="18286" KundEigtNr="19698" KundArt="8" KundStatus="3" KundAufDat="2004-05-07"/>
  <Kunden KundenNr="18287" KundEigtNr="19699" KundArt="2" KundStatus="3" KundAufDat="2004-05-10"/>
  <Kunden KundenNr="18288" KundEigtNr="19700" KundArt="8" KundStatus="3" KundAufDat="2004-05-10"/>
  <Kunden KundenNr="18289" KundEigtNr="19701" KundArt="2" KundStatus="3" KundAufDat="2004-05-10"/>
  <Kunden KundenNr="18290" KundEigtNr="19702" KundArt="2" KundStatus="3" KundAufDat="2004-05-10"/>
  <Kunden KundenNr="18291" KundEigtNr="19703" KundArt="29" KundStatus="1" KundAufDat="2004-05-10"/>
  <Kunden KundenNr="18292" KundEigtNr="19704" KundArt="2" KundStatus="3" KundAufDat="2004-05-10"/>
  <Kunden KundenNr="18293" KundEigtNr="19705" KundArt="2" KundStatus="3" KundAufDat="2004-05-10"/>
  <Kunden KundenNr="18294" KundEigtNr="19706" KundArt="2" KundStatus="3" KundAufDat="2004-05-10"/>
  <Kunden KundenNr="18295" KundEigtNr="19707" KundArt="2" KundStatus="3" KundAufDat="2004-05-10"/>
  <Kunden KundenNr="18296" KundEigtNr="19709" KundArt="2" KundStatus="3" KundAufDat="2004-05-10"/>
  <Kunden KundenNr="18297" KundEigtNr="19710" KundArt="8" KundStatus="3" KundAufDat="2004-05-10"/>
  <Kunden KundenNr="18298" KundEigtNr="19711" KundArt="1" KundStatus="1" KundAufDat="2004-05-10"/>
  <Kunden KundenNr="18299" KundEigtNr="19712" KundArt="2" KundStatus="3" KundAufDat="2004-05-10"/>
  <Kunden KundenNr="18300" KundEigtNr="11400" KundArt="2" KundStatus="3" KundAufDat="2004-05-11"/>
  <Kunden KundenNr="18301" KundEigtNr="19713" KundArt="29" KundStatus="1" KundAufDat="2004-05-11"/>
  <Kunden KundenNr="18302" KundEigtNr="19714" KundArt="2" KundStatus="3" KundAufDat="2004-05-11"/>
  <Kunden KundenNr="18303" KundEigtNr="19715" KundArt="8" KundStatus="3" KundAufDat="2004-05-11"/>
  <Kunden KundenNr="18304" KundEigtNr="19719" KundArt="8" KundStatus="3" KundAufDat="2004-05-11"/>
  <Kunden KundenNr="18306" KundEigtNr="19722" KundArt="2" KundStatus="3" KundAufDat="2004-05-11"/>
  <Kunden KundenNr="18307" KundEigtNr="19723" KundArt="8" KundStatus="3" KundAufDat="2004-05-11"/>
  <Kunden KundenNr="18308" KundEigtNr="18475" KundArt="29" KundStatus="1" KundAufDat="2004-05-11"/>
  <Kunden KundenNr="18309" KundEigtNr="19724" KundArt="29" KundStatus="1" KundAufDat="2004-05-11"/>
  <Kunden KundenNr="18310" KundEigtNr="19725" KundArt="29" KundStatus="1" KundAufDat="2004-05-11"/>
  <Kunden KundenNr="18311" KundEigtNr="19726" KundArt="2" KundStatus="3" KundAufDat="2004-05-12"/>
  <Kunden KundenNr="18312" KundEigtNr="19618" KundArt="8" KundStatus="3" KundAufDat="2004-05-12"/>
  <Kunden KundenNr="18313" KundEigtNr="14676" KundArt="29" KundStatus="1" KundAufDat="2004-05-12"/>
  <Kunden KundenNr="18314" KundEigtNr="19727" KundArt="2" KundStatus="3" KundAufDat="2004-05-12"/>
  <Kunden KundenNr="18315" KundEigtNr="19728" KundArt="2" KundStatus="3" KundAufDat="2004-05-12"/>
  <Kunden KundenNr="18316" KundEigtNr="19730" KundArt="8" KundStatus="3" KundAufDat="2004-05-12"/>
  <Kunden KundenNr="18317" KundEigtNr="19731" KundArt="8" KundStatus="3" KundAufDat="2004-05-12"/>
  <Kunden KundenNr="18318" KundEigtNr="19732" KundArt="8" KundStatus="3" KundAufDat="2004-05-12"/>
  <Kunden KundenNr="18319" KundEigtNr="19733" KundArt="8" KundStatus="3" KundAufDat="2004-05-13"/>
  <Kunden KundenNr="18320" KundEigtNr="19734" KundArt="29" KundStatus="1" KundAufDat="2004-05-13"/>
  <Kunden KundenNr="18321" KundEigtNr="19735" KundArt="2" KundStatus="3" KundAufDat="2004-05-13"/>
  <Kunden KundenNr="18322" KundEigtNr="19736" KundArt="2" KundStatus="3" KundAufDat="2004-05-13"/>
  <Kunden KundenNr="18323" KundEigtNr="19737" KundArt="8" KundStatus="3" KundAufDat="2004-05-13"/>
  <Kunden KundenNr="18324" KundEigtNr="19738" KundArt="2" KundStatus="3" KundAufDat="2004-05-13"/>
  <Kunden KundenNr="18325" KundEigtNr="19739" KundArt="8" KundStatus="3" KundAufDat="2004-05-13"/>
  <Kunden KundenNr="18326" KundEigtNr="19740" KundArt="2" KundStatus="3" KundAufDat="2004-05-13"/>
  <Kunden KundenNr="18327" KundEigtNr="19741" KundArt="2" KundStatus="3" KundAufDat="2004-05-14"/>
  <Kunden KundenNr="18328" KundEigtNr="19742" KundArt="29" KundStatus="1" KundAufDat="2004-05-14"/>
  <Kunden KundenNr="18329" KundEigtNr="19743" KundArt="29" KundStatus="1" KundAufDat="2004-05-14"/>
  <Kunden KundenNr="18330" KundEigtNr="19744" KundArt="29" KundStatus="1" KundAufDat="2004-05-14"/>
  <Kunden KundenNr="18331" KundEigtNr="19745" KundArt="8" KundStatus="3" KundAufDat="2004-05-14"/>
  <Kunden KundenNr="18332" KundEigtNr="19746" KundArt="29" KundStatus="1" KundAufDat="2004-05-14"/>
  <Kunden KundenNr="18333" KundEigtNr="19747" KundArt="29" KundStatus="1" KundAufDat="2004-05-14"/>
  <Kunden KundenNr="18334" KundEigtNr="19748" KundArt="8" KundStatus="3" KundAufDat="2004-05-14"/>
  <Kunden KundenNr="18335" KundEigtNr="19749" KundArt="8" KundStatus="3" KundAufDat="2004-05-17"/>
  <Kunden KundenNr="18336" KundEigtNr="19750" KundArt="8" KundStatus="3" KundAufDat="2004-05-17"/>
  <Kunden KundenNr="18337" KundEigtNr="19751" KundArt="8" KundStatus="3" KundAufDat="2004-05-17"/>
  <Kunden KundenNr="18338" KundEigtNr="19752" KundArt="1" KundStatus="3" KundAufDat="2004-05-17"/>
  <Kunden KundenNr="18339" KundEigtNr="19753" KundArt="2" KundStatus="3" KundAufDat="2004-05-18"/>
  <Kunden KundenNr="18340" KundEigtNr="19754" KundArt="2" KundStatus="3" KundAufDat="2004-05-18"/>
  <Kunden KundenNr="18341" KundEigtNr="19755" KundArt="2" KundStatus="3" KundAufDat="2004-05-18"/>
  <Kunden KundenNr="18342" KundEigtNr="19756" KundArt="2" KundStatus="3" KundAufDat="2004-05-18"/>
  <Kunden KundenNr="18343" KundEigtNr="19757" KundArt="8" KundStatus="1" KundAufDat="2004-05-18"/>
  <Kunden KundenNr="18344" KundEigtNr="19758" KundArt="8" KundStatus="3" KundAufDat="2004-05-18"/>
  <Kunden KundenNr="18345" KundEigtNr="19759" KundArt="2" KundStatus="3" KundAufDat="2004-05-18"/>
  <Kunden KundenNr="18346" KundEigtNr="19760" KundArt="2" KundStatus="3" KundAufDat="2004-05-18"/>
  <Kunden KundenNr="18347" KundEigtNr="19762" KundArt="8" KundStatus="3" KundAufDat="2004-05-18"/>
  <Kunden KundenNr="18348" KundEigtNr="19763" KundArt="2" KundStatus="3" KundAufDat="2004-05-18"/>
  <Kunden KundenNr="18349" KundEigtNr="18707" KundArt="1" KundStatus="3" KundAufDat="2004-05-18"/>
  <Kunden KundenNr="18350" KundEigtNr="19764" KundArt="8" KundStatus="3" KundAufDat="2004-05-18"/>
  <Kunden KundenNr="18351" KundEigtNr="14400" KundArt="29" KundStatus="1" KundAufDat="2004-05-18"/>
  <Kunden KundenNr="18352" KundEigtNr="19765" KundArt="8" KundStatus="3" KundAufDat="2004-05-18"/>
  <Kunden KundenNr="18353" KundEigtNr="19708" KundArt="29" KundStatus="1" KundAufDat="2004-05-19"/>
  <Kunden KundenNr="18354" KundEigtNr="19766" KundArt="2" KundStatus="3" KundAufDat="2004-05-19"/>
  <Kunden KundenNr="18355" KundEigtNr="19767" KundArt="8" KundStatus="3" KundAufDat="2004-05-21"/>
  <Kunden KundenNr="18356" KundEigtNr="19768" KundArt="8" KundStatus="3" KundAufDat="2004-05-21"/>
  <Kunden KundenNr="18357" KundEigtNr="19769" KundArt="2" KundStatus="1" KundAufDat="2004-05-21"/>
  <Kunden KundenNr="18358" KundEigtNr="19770" KundArt="2" KundStatus="3" KundAufDat="2004-05-21"/>
  <Kunden KundenNr="18359" KundEigtNr="19771" KundArt="2" KundStatus="3" KundAufDat="2004-05-21"/>
  <Kunden KundenNr="18360" KundEigtNr="19772" KundArt="2" KundStatus="3" KundAufDat="2004-05-21"/>
  <Kunden KundenNr="18361" KundEigtNr="19773" KundArt="2" KundStatus="3" KundAufDat="2004-05-21"/>
  <Kunden KundenNr="18362" KundEigtNr="19774" KundArt="2" KundStatus="3" KundAufDat="2004-05-21"/>
  <Kunden KundenNr="18363" KundEigtNr="19775" KundArt="2" KundStatus="3" KundAufDat="2004-05-21"/>
  <Kunden KundenNr="18364" KundEigtNr="19776" KundArt="2" KundStatus="3" KundAufDat="2004-05-21"/>
  <Kunden KundenNr="18365" KundEigtNr="19777" KundArt="2" KundStatus="3" KundAufDat="2004-05-24"/>
  <Kunden KundenNr="18366" KundEigtNr="19778" KundArt="8" KundStatus="3" KundAufDat="2004-05-24"/>
  <Kunden KundenNr="18367" KundEigtNr="19779" KundArt="8" KundStatus="3" KundAufDat="2004-05-24"/>
  <Kunden KundenNr="18368" KundEigtNr="19780" KundArt="2" KundStatus="3" KundAufDat="2004-05-24"/>
  <Kunden KundenNr="18369" KundEigtNr="19781" KundArt="2" KundStatus="3" KundAufDat="2004-05-24"/>
  <Kunden KundenNr="18370" KundEigtNr="19782" KundArt="2" KundStatus="3" KundAufDat="2004-05-24"/>
  <Kunden KundenNr="18371" KundEigtNr="19783" KundArt="8" KundStatus="3" KundAufDat="2004-05-24"/>
  <Kunden KundenNr="18372" KundEigtNr="19784" KundArt="8" KundStatus="3" KundAufDat="2004-05-24"/>
  <Kunden KundenNr="18373" KundEigtNr="19785" KundArt="8" KundStatus="3" KundAufDat="2004-05-24"/>
  <Kunden KundenNr="18374" KundEigtNr="19786" KundArt="8" KundStatus="3" KundAufDat="2004-05-24"/>
  <Kunden KundenNr="18375" KundEigtNr="19787" KundArt="8" KundStatus="3" KundAufDat="2004-05-24"/>
  <Kunden KundenNr="18376" KundEigtNr="19788" KundArt="8" KundStatus="3" KundAufDat="2004-05-24"/>
  <Kunden KundenNr="18377" KundEigtNr="19789" KundArt="8" KundStatus="3" KundAufDat="2004-05-25"/>
  <Kunden KundenNr="18378" KundEigtNr="19790" KundArt="8" KundStatus="3" KundAufDat="2004-05-25"/>
  <Kunden KundenNr="18379" KundEigtNr="19791" KundArt="29" KundStatus="1" KundAufDat="2004-05-25"/>
  <Kunden KundenNr="18380" KundEigtNr="19793" KundArt="8" KundStatus="3" KundAufDat="2004-05-25"/>
  <Kunden KundenNr="18381" KundEigtNr="19794" KundArt="8" KundStatus="3" KundAufDat="2004-05-25"/>
  <Kunden KundenNr="18382" KundEigtNr="19795" KundArt="8" KundStatus="3" KundAufDat="2004-05-25"/>
  <Kunden KundenNr="18383" KundEigtNr="19796" KundArt="29" KundStatus="1" KundAufDat="2004-05-25"/>
  <Kunden KundenNr="18384" KundEigtNr="1510" KundArt="29" KundStatus="1" KundAufDat="2004-05-25"/>
  <Kunden KundenNr="18385" KundEigtNr="19797" KundArt="2" KundStatus="3" KundAufDat="2004-05-26"/>
  <Kunden KundenNr="18386" KundEigtNr="19798" KundArt="2" KundStatus="3" KundAufDat="2004-05-26"/>
  <Kunden KundenNr="18387" KundEigtNr="19799" KundArt="2" KundStatus="3" KundAufDat="2004-05-26"/>
  <Kunden KundenNr="18388" KundEigtNr="19800" KundArt="2" KundStatus="3" KundAufDat="2004-05-26"/>
  <Kunden KundenNr="18389" KundEigtNr="19801" KundArt="2" KundStatus="1" KundAufDat="2004-05-26"/>
  <Kunden KundenNr="18391" KundEigtNr="6630" KundArt="1" KundStatus="3" KundAufDat="2004-05-26"/>
  <Kunden KundenNr="18392" KundEigtNr="19802" KundArt="29" KundStatus="1" KundAufDat="2004-05-26"/>
  <Kunden KundenNr="18393" KundEigtNr="19803" KundArt="29" KundStatus="3" KundAufDat="2004-05-26"/>
  <Kunden KundenNr="18394" KundEigtNr="19804" KundArt="8" KundStatus="3" KundAufDat="2004-05-26"/>
  <Kunden KundenNr="18395" KundEigtNr="19805" KundArt="2" KundStatus="1" KundAufDat="2004-05-26"/>
  <Kunden KundenNr="18396" KundEigtNr="19806" KundArt="8" KundStatus="3" KundAufDat="2004-05-26"/>
  <Kunden KundenNr="18397" KundEigtNr="19807" KundArt="2" KundStatus="3" KundAufDat="2004-05-26"/>
  <Kunden KundenNr="18398" KundEigtNr="19808" KundArt="2" KundStatus="3" KundAufDat="2004-05-26"/>
  <Kunden KundenNr="18399" KundEigtNr="19809" KundArt="2" KundStatus="1" KundAufDat="2004-05-26"/>
  <Kunden KundenNr="18400" KundEigtNr="19810" KundArt="8" KundStatus="3" KundAufDat="2004-05-26"/>
  <Kunden KundenNr="18401" KundEigtNr="19811" KundArt="2" KundStatus="3" KundAufDat="2004-05-26"/>
  <Kunden KundenNr="18402" KundEigtNr="19812" KundArt="2" KundStatus="3" KundAufDat="2004-05-27"/>
  <Kunden KundenNr="18403" KundEigtNr="19813" KundArt="8" KundStatus="3" KundAufDat="2004-05-27"/>
  <Kunden KundenNr="18404" KundEigtNr="19814" KundArt="8" KundStatus="3" KundAufDat="2004-05-27"/>
  <Kunden KundenNr="18405" KundEigtNr="19815" KundArt="29" KundStatus="1" KundAufDat="2004-05-28"/>
  <Kunden KundenNr="18406" KundEigtNr="19816" KundArt="8" KundStatus="3" KundAufDat="2004-05-28"/>
  <Kunden KundenNr="18407" KundEigtNr="18708" KundArt="8" KundStatus="3" KundAufDat="2004-05-28"/>
  <Kunden KundenNr="18408" KundEigtNr="19817" KundArt="8" KundStatus="3" KundAufDat="2004-05-28"/>
  <Kunden KundenNr="18409" KundEigtNr="19319" KundArt="2" KundStatus="1" KundAufDat="2004-05-28"/>
  <Kunden KundenNr="18410" KundEigtNr="12760" KundArt="8" KundStatus="3" KundAufDat="2004-05-28"/>
  <Kunden KundenNr="18411" KundEigtNr="19818" KundArt="29" KundStatus="1" KundAufDat="2004-05-28"/>
  <Kunden KundenNr="18412" KundEigtNr="19819" KundArt="29" KundStatus="1" KundAufDat="2004-05-28"/>
  <Kunden KundenNr="18413" KundEigtNr="19674" KundArt="29" KundStatus="1" KundAufDat="2004-05-28"/>
  <Kunden KundenNr="18414" KundEigtNr="19820" KundArt="29" KundStatus="1" KundAufDat="2004-05-28"/>
  <Kunden KundenNr="18415" KundEigtNr="19821" KundArt="2" KundStatus="3" KundAufDat="2004-05-29"/>
  <Kunden KundenNr="18416" KundEigtNr="19822" KundArt="2" KundStatus="3" KundAufDat="2004-05-29"/>
  <Kunden KundenNr="18417" KundEigtNr="19823" KundArt="2" KundStatus="3" KundAufDat="2004-05-29"/>
  <Kunden KundenNr="18418" KundEigtNr="19824" KundArt="2" KundStatus="1" KundAufDat="2004-05-29"/>
  <Kunden KundenNr="18419" KundEigtNr="19825" KundArt="2" KundStatus="3" KundAufDat="2004-05-29"/>
  <Kunden KundenNr="18420" KundEigtNr="19826" KundArt="2" KundStatus="3" KundAufDat="2004-05-29"/>
  <Kunden KundenNr="18421" KundEigtNr="19827" KundArt="8" KundStatus="3" KundAufDat="2004-06-01"/>
  <Kunden KundenNr="18422" KundEigtNr="19828" KundArt="2" KundStatus="3" KundAufDat="2004-06-01"/>
  <Kunden KundenNr="18423" KundEigtNr="19829" KundArt="2" KundStatus="3" KundAufDat="2004-06-01"/>
  <Kunden KundenNr="18424" KundEigtNr="19830" KundArt="2" KundStatus="3" KundAufDat="2004-06-01"/>
  <Kunden KundenNr="18425" KundEigtNr="19831" KundArt="8" KundStatus="3" KundAufDat="2004-06-01"/>
  <Kunden KundenNr="18426" KundEigtNr="19832" KundArt="8" KundStatus="3" KundAufDat="2004-06-01"/>
  <Kunden KundenNr="18427" KundEigtNr="19833" KundArt="2" KundStatus="3" KundAufDat="2004-06-01"/>
  <Kunden KundenNr="18428" KundEigtNr="19834" KundArt="29" KundStatus="1" KundAufDat="2004-06-01"/>
  <Kunden KundenNr="18429" KundEigtNr="19835" KundArt="8" KundStatus="3" KundAufDat="2004-06-01"/>
  <Kunden KundenNr="18430" KundEigtNr="19836" KundArt="8" KundStatus="3" KundAufDat="2004-06-01"/>
  <Kunden KundenNr="18431" KundEigtNr="19837" KundArt="2" KundStatus="3" KundAufDat="2004-06-01"/>
  <Kunden KundenNr="18432" KundEigtNr="19838" KundArt="2" KundStatus="3" KundAufDat="2004-06-01"/>
  <Kunden KundenNr="18433" KundEigtNr="19839" KundArt="2" KundStatus="3" KundAufDat="2004-06-01"/>
  <Kunden KundenNr="18434" KundEigtNr="19840" KundArt="2" KundStatus="3" KundAufDat="2004-06-01"/>
  <Kunden KundenNr="18435" KundEigtNr="19841" KundArt="2" KundStatus="3" KundAufDat="2004-06-01"/>
  <Kunden KundenNr="18436" KundEigtNr="19842" KundArt="2" KundStatus="3" KundAufDat="2004-06-01"/>
  <Kunden KundenNr="18437" KundEigtNr="19843" KundArt="2" KundStatus="3" KundAufDat="2004-06-01"/>
  <Kunden KundenNr="18438" KundEigtNr="19844" KundArt="2" KundStatus="3" KundAufDat="2004-06-01"/>
  <Kunden KundenNr="18439" KundEigtNr="19845" KundArt="2" KundStatus="3" KundAufDat="2004-06-01"/>
  <Kunden KundenNr="18440" KundEigtNr="19846" KundArt="2" KundStatus="3" KundAufDat="2004-06-01"/>
  <Kunden KundenNr="18441" KundEigtNr="19847" KundArt="2" KundStatus="3" KundAufDat="2004-06-01"/>
  <Kunden KundenNr="18442" KundEigtNr="19848" KundArt="29" KundStatus="1" KundAufDat="2004-06-02"/>
  <Kunden KundenNr="18443" KundEigtNr="19849" KundArt="2" KundStatus="3" KundAufDat="2004-06-02"/>
  <Kunden KundenNr="18444" KundEigtNr="19850" KundArt="2" KundStatus="3" KundAufDat="2004-06-02"/>
  <Kunden KundenNr="18445" KundEigtNr="19851" KundArt="2" KundStatus="3" KundAufDat="2004-06-02"/>
  <Kunden KundenNr="18446" KundEigtNr="19852" KundArt="2" KundStatus="3" KundAufDat="2004-06-02"/>
  <Kunden KundenNr="18447" KundEigtNr="19853" KundArt="2" KundStatus="3" KundAufDat="2004-06-02"/>
  <Kunden KundenNr="18448" KundEigtNr="18747" KundArt="2" KundStatus="3" KundAufDat="2004-06-02"/>
  <Kunden KundenNr="18449" KundEigtNr="19854" KundArt="2" KundStatus="3" KundAufDat="2004-06-02"/>
  <Kunden KundenNr="18450" KundEigtNr="19856" KundArt="8" KundStatus="3" KundAufDat="2004-06-02"/>
  <Kunden KundenNr="18451" KundEigtNr="19857" KundArt="2" KundStatus="3" KundAufDat="2004-06-02"/>
  <Kunden KundenNr="18452" KundEigtNr="19858" KundArt="2" KundStatus="3" KundAufDat="2004-06-03"/>
  <Kunden KundenNr="18453" KundEigtNr="19859" KundArt="2" KundStatus="3" KundAufDat="2004-06-03"/>
  <Kunden KundenNr="18454" KundEigtNr="19860" KundArt="8" KundStatus="3" KundAufDat="2004-06-03"/>
  <Kunden KundenNr="18455" KundEigtNr="19861" KundArt="29" KundStatus="1" KundAufDat="2004-06-03"/>
  <Kunden KundenNr="18456" KundEigtNr="19862" KundArt="2" KundStatus="1" KundAufDat="2004-06-03"/>
  <Kunden KundenNr="18457" KundEigtNr="19863" KundArt="2" KundStatus="3" KundAufDat="2004-06-03"/>
  <Kunden KundenNr="18458" KundEigtNr="19864" KundArt="29" KundStatus="1" KundAufDat="2004-06-03"/>
  <Kunden KundenNr="18459" KundEigtNr="19865" KundArt="2" KundStatus="3" KundAufDat="2004-06-03"/>
  <Kunden KundenNr="18460" KundEigtNr="19866" KundArt="2" KundStatus="3" KundAufDat="2004-06-03"/>
  <Kunden KundenNr="18461" KundEigtNr="19867" KundArt="2" KundStatus="3" KundAufDat="2004-06-03"/>
  <Kunden KundenNr="18462" KundEigtNr="19868" KundArt="29" KundStatus="1" KundAufDat="2004-06-03"/>
  <Kunden KundenNr="18463" KundEigtNr="19869" KundArt="1" KundStatus="3" KundAufDat="2004-06-03"/>
  <Kunden KundenNr="18464" KundEigtNr="19870" KundArt="8" KundStatus="3" KundAufDat="2004-06-04"/>
  <Kunden KundenNr="18465" KundEigtNr="12973" KundArt="8" KundStatus="3" KundAufDat="2004-06-04"/>
  <Kunden KundenNr="18467" KundEigtNr="19871" KundArt="29" KundStatus="1" KundAufDat="2004-06-04"/>
  <Kunden KundenNr="18468" KundEigtNr="5650" KundArt="2" KundStatus="3" KundAufDat="2004-06-04"/>
  <Kunden KundenNr="18469" KundEigtNr="19872" KundArt="2" KundStatus="3" KundAufDat="2004-06-04"/>
  <Kunden KundenNr="18470" KundEigtNr="19873" KundArt="2" KundStatus="3" KundAufDat="2004-06-04"/>
  <Kunden KundenNr="18471" KundEigtNr="19874" KundArt="2" KundStatus="3" KundAufDat="2004-06-04"/>
  <Kunden KundenNr="18472" KundEigtNr="19875" KundArt="2" KundStatus="3" KundAufDat="2004-06-04"/>
  <Kunden KundenNr="18473" KundEigtNr="19876" KundArt="2" KundStatus="3" KundAufDat="2004-06-04"/>
  <Kunden KundenNr="18474" KundEigtNr="19877" KundArt="2" KundStatus="3" KundAufDat="2004-06-04"/>
  <Kunden KundenNr="18475" KundEigtNr="19710" KundArt="2" KundStatus="1" KundAufDat="2004-06-04"/>
  <Kunden KundenNr="18476" KundEigtNr="19878" KundArt="1" KundStatus="3" KundAufDat="2004-06-05"/>
  <Kunden KundenNr="18477" KundEigtNr="19879" KundArt="1" KundStatus="3" KundAufDat="2004-06-05"/>
  <Kunden KundenNr="18478" KundEigtNr="19880" KundArt="29" KundStatus="1" KundAufDat="2004-06-07"/>
  <Kunden KundenNr="18479" KundEigtNr="19881" KundArt="29" KundStatus="1" KundAufDat="2004-06-07"/>
  <Kunden KundenNr="18480" KundEigtNr="19882" KundArt="2" KundStatus="3" KundAufDat="2004-06-07"/>
  <Kunden KundenNr="18481" KundEigtNr="19883" KundArt="2" KundStatus="3" KundAufDat="2004-06-07"/>
  <Kunden KundenNr="18482" KundEigtNr="19884" KundArt="1" KundStatus="3" KundAufDat="2004-06-07"/>
  <Kunden KundenNr="18483" KundEigtNr="19885" KundArt="8" KundStatus="3" KundAufDat="2004-06-07"/>
  <Kunden KundenNr="18484" KundEigtNr="19886" KundArt="29" KundStatus="1" KundAufDat="2004-06-07"/>
  <Kunden KundenNr="18485" KundEigtNr="19887" KundArt="2" KundStatus="1" KundAufDat="2004-06-07"/>
  <Kunden KundenNr="18486" KundEigtNr="19888" KundArt="2" KundStatus="3" KundAufDat="2004-06-07"/>
  <Kunden KundenNr="18487" KundEigtNr="2378" KundArt="29" KundStatus="1" KundAufDat="2004-06-07"/>
  <Kunden KundenNr="18488" KundEigtNr="19889" KundArt="2" KundStatus="1" KundAufDat="2004-06-07"/>
  <Kunden KundenNr="18489" KundEigtNr="19890" KundArt="29" KundStatus="1" KundAufDat="2004-06-07"/>
  <Kunden KundenNr="18490" KundEigtNr="19891" KundArt="2" KundStatus="3" KundAufDat="2004-06-07"/>
  <Kunden KundenNr="18491" KundEigtNr="19892" KundArt="1" KundStatus="1" KundAufDat="2004-06-07"/>
  <Kunden KundenNr="18492" KundEigtNr="19893" KundArt="8" KundStatus="3" KundAufDat="2004-06-07"/>
  <Kunden KundenNr="18493" KundEigtNr="19894" KundArt="2" KundStatus="3" KundAufDat="2004-06-07"/>
  <Kunden KundenNr="18494" KundEigtNr="19895" KundArt="2" KundStatus="1" KundAufDat="2004-06-07"/>
  <Kunden KundenNr="18495" KundEigtNr="19896" KundArt="1" KundStatus="3" KundAufDat="2004-06-08"/>
  <Kunden KundenNr="18496" KundEigtNr="19897" KundArt="1" KundStatus="3" KundAufDat="2004-06-08"/>
  <Kunden KundenNr="18497" KundEigtNr="19898" KundArt="8" KundStatus="3" KundAufDat="2004-06-08"/>
  <Kunden KundenNr="18498" KundEigtNr="19899" KundArt="29" KundStatus="1" KundAufDat="2004-06-08"/>
  <Kunden KundenNr="18499" KundEigtNr="19900" KundArt="29" KundStatus="1" KundAufDat="2004-06-08"/>
  <Kunden KundenNr="18500" KundEigtNr="19901" KundArt="29" KundStatus="1" KundAufDat="2004-06-09"/>
  <Kunden KundenNr="18501" KundEigtNr="19902" KundArt="2" KundStatus="3" KundAufDat="2004-06-09"/>
  <Kunden KundenNr="18502" KundEigtNr="19657" KundArt="2" KundStatus="3" KundAufDat="2004-06-09"/>
  <Kunden KundenNr="18503" KundEigtNr="19903" KundArt="2" KundStatus="3" KundAufDat="2004-06-09"/>
  <Kunden KundenNr="18504" KundEigtNr="19904" KundArt="2" KundStatus="3" KundAufDat="2004-06-09"/>
  <Kunden KundenNr="18505" KundEigtNr="19905" KundArt="1" KundStatus="3" KundAufDat="2004-06-09"/>
  <Kunden KundenNr="18506" KundEigtNr="19906" KundArt="29" KundStatus="1" KundAufDat="2004-06-09"/>
  <Kunden KundenNr="18507" KundEigtNr="19907" KundArt="29" KundStatus="1" KundAufDat="2004-06-09"/>
  <Kunden KundenNr="18508" KundEigtNr="19908" KundArt="1" KundStatus="3" KundAufDat="2004-06-10"/>
  <Kunden KundenNr="18509" KundEigtNr="19909" KundArt="8" KundStatus="3" KundAufDat="2004-06-10"/>
  <Kunden KundenNr="18510" KundEigtNr="19910" KundArt="2" KundStatus="3" KundAufDat="2004-06-10"/>
  <Kunden KundenNr="18511" KundEigtNr="19911" KundArt="2" KundStatus="3" KundAufDat="2004-06-10"/>
  <Kunden KundenNr="18512" KundEigtNr="19912" KundArt="2" KundStatus="3" KundAufDat="2004-06-10"/>
  <Kunden KundenNr="18513" KundEigtNr="19913" KundArt="1" KundStatus="1" KundAufDat="2004-06-10"/>
  <Kunden KundenNr="18514" KundEigtNr="19914" KundArt="2" KundStatus="3" KundAufDat="2004-06-11"/>
  <Kunden KundenNr="18515" KundEigtNr="19915" KundArt="29" KundStatus="1" KundAufDat="2004-06-11"/>
  <Kunden KundenNr="18516" KundEigtNr="19916" KundArt="8" KundStatus="3" KundAufDat="2004-06-11"/>
  <Kunden KundenNr="18517" KundEigtNr="9296" KundArt="8" KundStatus="3" KundAufDat="2004-06-11"/>
  <Kunden KundenNr="18518" KundEigtNr="19917" KundArt="2" KundStatus="3" KundAufDat="2004-06-11"/>
  <Kunden KundenNr="18519" KundEigtNr="19918" KundArt="2" KundStatus="3" KundAufDat="2004-06-11"/>
  <Kunden KundenNr="18520" KundEigtNr="19919" KundArt="2" KundStatus="3" KundAufDat="2004-06-11"/>
  <Kunden KundenNr="18521" KundEigtNr="19920" KundArt="2" KundStatus="3" KundAufDat="2004-06-11"/>
  <Kunden KundenNr="18522" KundEigtNr="19921" KundArt="2" KundStatus="3" KundAufDat="2004-06-11"/>
  <Kunden KundenNr="18523" KundEigtNr="19922" KundArt="1" KundStatus="3" KundAufDat="2004-06-11"/>
  <Kunden KundenNr="18524" KundEigtNr="19923" KundArt="2" KundStatus="3" KundAufDat="2004-06-11"/>
  <Kunden KundenNr="18525" KundEigtNr="19924" KundArt="2" KundStatus="3" KundAufDat="2004-06-11"/>
  <Kunden KundenNr="18526" KundEigtNr="19925" KundArt="2" KundStatus="3" KundAufDat="2004-06-11"/>
  <Kunden KundenNr="18527" KundEigtNr="19926" KundArt="8" KundStatus="3" KundAufDat="2004-06-11"/>
  <Kunden KundenNr="18528" KundEigtNr="19927" KundArt="1" KundStatus="3" KundAufDat="2004-06-11"/>
  <Kunden KundenNr="18529" KundEigtNr="19928" KundArt="29" KundStatus="1" KundAufDat="2004-06-11"/>
  <Kunden KundenNr="18530" KundEigtNr="19929" KundArt="29" KundStatus="1" KundAufDat="2004-06-11"/>
  <Kunden KundenNr="18531" KundEigtNr="19930" KundArt="8" KundStatus="3" KundAufDat="2004-06-11"/>
  <Kunden KundenNr="18532" KundEigtNr="19931" KundArt="8" KundStatus="3" KundAufDat="2004-06-14"/>
  <Kunden KundenNr="18533" KundEigtNr="19932" KundArt="8" KundStatus="3" KundAufDat="2004-06-14"/>
  <Kunden KundenNr="18534" KundEigtNr="19933" KundArt="2" KundStatus="1" KundAufDat="2004-06-14"/>
  <Kunden KundenNr="18535" KundEigtNr="19934" KundArt="2" KundStatus="3" KundAufDat="2004-06-14"/>
  <Kunden KundenNr="18536" KundEigtNr="19935" KundArt="2" KundStatus="3" KundAufDat="2004-06-14"/>
  <Kunden KundenNr="18537" KundEigtNr="19936" KundArt="8" KundStatus="3" KundAufDat="2004-06-14"/>
  <Kunden KundenNr="18538" KundEigtNr="19937" KundArt="2" KundStatus="3" KundAufDat="2004-06-14"/>
  <Kunden KundenNr="18539" KundEigtNr="19938" KundArt="8" KundStatus="3" KundAufDat="2004-06-14"/>
  <Kunden KundenNr="18540" KundEigtNr="19939" KundArt="2" KundStatus="3" KundAufDat="2004-06-14"/>
  <Kunden KundenNr="18541" KundEigtNr="19940" KundArt="2" KundStatus="3" KundAufDat="2004-06-14"/>
  <Kunden KundenNr="18542" KundEigtNr="19941" KundArt="2" KundStatus="3" KundAufDat="2004-06-14"/>
  <Kunden KundenNr="18543" KundEigtNr="19942" KundArt="29" KundStatus="1" KundAufDat="2004-06-14"/>
  <Kunden KundenNr="18544" KundEigtNr="19943" KundArt="2" KundStatus="3" KundAufDat="2004-06-14"/>
  <Kunden KundenNr="18545" KundEigtNr="19944" KundArt="2" KundStatus="3" KundAufDat="2004-06-14"/>
  <Kunden KundenNr="18546" KundEigtNr="19945" KundArt="2" KundStatus="3" KundAufDat="2004-06-14"/>
  <Kunden KundenNr="18547" KundEigtNr="19946" KundArt="2" KundStatus="3" KundAufDat="2004-06-14"/>
  <Kunden KundenNr="18548" KundEigtNr="19947" KundArt="8" KundStatus="3" KundAufDat="2004-06-14"/>
  <Kunden KundenNr="18549" KundEigtNr="19948" KundArt="1" KundStatus="1" KundAufDat="2004-06-14"/>
  <Kunden KundenNr="18550" KundEigtNr="19949" KundArt="8" KundStatus="3" KundAufDat="2004-06-14"/>
  <Kunden KundenNr="18551" KundEigtNr="19950" KundArt="1" KundStatus="3" KundAufDat="2004-06-14"/>
  <Kunden KundenNr="18552" KundEigtNr="19951" KundArt="8" KundStatus="3" KundAufDat="2004-06-14"/>
  <Kunden KundenNr="18553" KundEigtNr="19952" KundArt="2" KundStatus="3" KundAufDat="2004-06-14"/>
  <Kunden KundenNr="18554" KundEigtNr="19953" KundArt="2" KundStatus="3" KundAufDat="2004-06-14"/>
  <Kunden KundenNr="18555" KundEigtNr="19954" KundArt="2" KundStatus="3" KundAufDat="2004-06-14"/>
  <Kunden KundenNr="18556" KundEigtNr="19955" KundArt="2" KundStatus="1" KundAufDat="2004-06-14"/>
  <Kunden KundenNr="18557" KundEigtNr="19956" KundArt="29" KundStatus="1" KundAufDat="2004-06-15"/>
  <Kunden KundenNr="18558" KundEigtNr="19957" KundArt="8" KundStatus="3" KundAufDat="2004-06-15"/>
  <Kunden KundenNr="18559" KundEigtNr="19958" KundArt="2" KundStatus="3" KundAufDat="2004-06-15"/>
  <Kunden KundenNr="18560" KundEigtNr="19959" KundArt="2" KundStatus="3" KundAufDat="2004-06-15"/>
  <Kunden KundenNr="18561" KundEigtNr="15259" KundArt="29" KundStatus="1" KundAufDat="2004-06-15"/>
  <Kunden KundenNr="18562" KundEigtNr="19960" KundArt="2" KundStatus="3" KundAufDat="2004-06-15"/>
  <Kunden KundenNr="18563" KundEigtNr="19961" KundArt="2" KundStatus="3" KundAufDat="2004-06-15"/>
  <Kunden KundenNr="18564" KundEigtNr="19962" KundArt="8" KundStatus="3" KundAufDat="2004-06-15"/>
  <Kunden KundenNr="18565" KundEigtNr="18645" KundArt="8" KundStatus="3" KundAufDat="2004-06-15"/>
  <Kunden KundenNr="18566" KundEigtNr="19963" KundArt="2" KundStatus="3" KundAufDat="2004-06-15"/>
  <Kunden KundenNr="18567" KundEigtNr="19964" KundArt="29" KundStatus="1" KundAufDat="2004-06-16"/>
  <Kunden KundenNr="18568" KundEigtNr="19965" KundArt="2" KundStatus="3" KundAufDat="2004-06-16"/>
  <Kunden KundenNr="18569" KundEigtNr="19966" KundArt="2" KundStatus="3" KundAufDat="2004-06-16"/>
  <Kunden KundenNr="18570" KundEigtNr="19967" KundArt="2" KundStatus="3" KundAufDat="2004-06-16"/>
  <Kunden KundenNr="18571" KundEigtNr="18333" KundArt="29" KundStatus="1" KundAufDat="2004-06-16"/>
  <Kunden KundenNr="18572" KundEigtNr="9127" KundArt="29" KundStatus="1" KundAufDat="2004-06-16"/>
  <Kunden KundenNr="18573" KundEigtNr="19968" KundArt="8" KundStatus="3" KundAufDat="2004-06-17"/>
  <Kunden KundenNr="18574" KundEigtNr="19787" KundArt="2" KundStatus="1" KundAufDat="2004-06-17"/>
  <Kunden KundenNr="18575" KundEigtNr="19969" KundArt="29" KundStatus="1" KundAufDat="2004-06-17"/>
  <Kunden KundenNr="18576" KundEigtNr="19970" KundArt="8" KundStatus="3" KundAufDat="2004-06-17"/>
  <Kunden KundenNr="18577" KundEigtNr="19578" KundArt="2" KundStatus="1" KundAufDat="2004-06-17"/>
  <Kunden KundenNr="18578" KundEigtNr="19971" KundArt="1" KundStatus="3" KundAufDat="2004-06-17"/>
  <Kunden KundenNr="18579" KundEigtNr="19972" KundArt="29" KundStatus="1" KundAufDat="2004-06-17"/>
  <Kunden KundenNr="18580" KundEigtNr="19973" KundArt="2" KundStatus="3" KundAufDat="2004-06-17"/>
  <Kunden KundenNr="18581" KundEigtNr="19974" KundArt="1" KundStatus="1" KundAufDat="2004-06-17"/>
  <Kunden KundenNr="18582" KundEigtNr="19975" KundArt="29" KundStatus="1" KundAufDat="2004-06-17"/>
  <Kunden KundenNr="18583" KundEigtNr="19976" KundArt="2" KundStatus="3" KundAufDat="2004-06-18"/>
  <Kunden KundenNr="18584" KundEigtNr="19459" KundArt="2" KundStatus="3" KundAufDat="2004-06-18"/>
  <Kunden KundenNr="18585" KundEigtNr="19977" KundArt="29" KundStatus="1" KundAufDat="2004-06-18"/>
  <Kunden KundenNr="18586" KundEigtNr="19978" KundArt="8" KundStatus="3" KundAufDat="2004-06-18"/>
  <Kunden KundenNr="18587" KundEigtNr="19979" KundArt="2" KundStatus="3" KundAufDat="2004-06-19"/>
  <Kunden KundenNr="18588" KundEigtNr="19980" KundArt="1" KundStatus="1" KundAufDat="2004-06-21"/>
  <Kunden KundenNr="18589" KundEigtNr="19981" KundArt="2" KundStatus="3" KundAufDat="2004-06-21"/>
  <Kunden KundenNr="18590" KundEigtNr="19982" KundArt="2" KundStatus="1" KundAufDat="2004-06-21"/>
  <Kunden KundenNr="18591" KundEigtNr="19983" KundArt="2" KundStatus="3" KundAufDat="2004-06-21"/>
  <Kunden KundenNr="18592" KundEigtNr="19984" KundArt="2" KundStatus="3" KundAufDat="2004-06-21"/>
  <Kunden KundenNr="18593" KundEigtNr="19985" KundArt="2" KundStatus="3" KundAufDat="2004-06-21"/>
  <Kunden KundenNr="18594" KundEigtNr="19986" KundArt="2" KundStatus="3" KundAufDat="2004-06-21"/>
  <Kunden KundenNr="18595" KundEigtNr="19987" KundArt="2" KundStatus="3" KundAufDat="2004-06-21"/>
  <Kunden KundenNr="18596" KundEigtNr="19988" KundArt="2" KundStatus="3" KundAufDat="2004-06-21"/>
  <Kunden KundenNr="18597" KundEigtNr="19989" KundArt="2" KundStatus="3" KundAufDat="2004-06-21"/>
  <Kunden KundenNr="18598" KundEigtNr="4907" KundArt="29" KundStatus="1" KundAufDat="2004-06-21"/>
  <Kunden KundenNr="18599" KundEigtNr="19990" KundArt="2" KundStatus="3" KundAufDat="2004-06-21"/>
  <Kunden KundenNr="18600" KundEigtNr="19991" KundArt="2" KundStatus="3" KundAufDat="2004-06-21"/>
  <Kunden KundenNr="18601" KundEigtNr="19992" KundArt="1" KundStatus="3" KundAufDat="2004-06-21"/>
  <Kunden KundenNr="18602" KundEigtNr="1514" KundArt="1" KundStatus="3" KundAufDat="2004-06-21"/>
  <Kunden KundenNr="18603" KundEigtNr="19993" KundArt="1" KundStatus="3" KundAufDat="2004-06-21"/>
  <Kunden KundenNr="18604" KundEigtNr="19994" KundArt="29" KundStatus="1" KundAufDat="2004-06-21"/>
  <Kunden KundenNr="18605" KundEigtNr="19995" KundArt="2" KundStatus="3" KundAufDat="2004-06-21"/>
  <Kunden KundenNr="18606" KundEigtNr="19996" KundArt="2" KundStatus="3" KundAufDat="2004-06-21"/>
  <Kunden KundenNr="18607" KundEigtNr="19997" KundArt="29" KundStatus="1" KundAufDat="2004-06-21"/>
  <Kunden KundenNr="18608" KundEigtNr="19998" KundArt="8" KundStatus="3" KundAufDat="2004-06-22"/>
  <Kunden KundenNr="18609" KundEigtNr="19999" KundArt="8" KundStatus="3" KundAufDat="2004-06-22"/>
  <Kunden KundenNr="18610" KundEigtNr="20000" KundArt="29" KundStatus="1" KundAufDat="2004-06-22"/>
  <Kunden KundenNr="18611" KundEigtNr="20001" KundArt="2" KundStatus="3" KundAufDat="2004-06-22"/>
  <Kunden KundenNr="18612" KundEigtNr="20002" KundArt="8" KundStatus="3" KundAufDat="2004-06-22"/>
  <Kunden KundenNr="18613" KundEigtNr="20003" KundArt="1" KundStatus="3" KundAufDat="2004-06-22"/>
  <Kunden KundenNr="18614" KundEigtNr="20004" KundArt="1" KundStatus="3" KundAufDat="2004-06-22"/>
  <Kunden KundenNr="18615" KundEigtNr="20005" KundArt="2" KundStatus="3" KundAufDat="2004-06-23"/>
  <Kunden KundenNr="18616" KundEigtNr="20006" KundArt="2" KundStatus="3" KundAufDat="2004-06-23"/>
  <Kunden KundenNr="18617" KundEigtNr="20007" KundArt="29" KundStatus="1" KundAufDat="2004-06-23"/>
  <Kunden KundenNr="18618" KundEigtNr="20008" KundArt="2" KundStatus="3" KundAufDat="2004-06-23"/>
  <Kunden KundenNr="18619" KundEigtNr="20009" KundArt="8" KundStatus="3" KundAufDat="2004-06-23"/>
  <Kunden KundenNr="18620" KundEigtNr="20010" KundArt="29" KundStatus="1" KundAufDat="2004-06-23"/>
  <Kunden KundenNr="18621" KundEigtNr="20011" KundArt="1" KundStatus="3" KundAufDat="2004-06-23"/>
  <Kunden KundenNr="18622" KundEigtNr="20012" KundArt="2" KundStatus="3" KundAufDat="2004-06-23"/>
  <Kunden KundenNr="18623" KundEigtNr="20013" KundArt="29" KundStatus="1" KundAufDat="2004-06-23"/>
  <Kunden KundenNr="18624" KundEigtNr="5298" KundArt="1" KundStatus="3" KundAufDat="2004-06-24"/>
  <Kunden KundenNr="18625" KundEigtNr="20014" KundArt="8" KundStatus="3" KundAufDat="2004-06-24"/>
  <Kunden KundenNr="18626" KundEigtNr="20015" KundArt="29" KundStatus="1" KundAufDat="2004-06-24"/>
  <Kunden KundenNr="18627" KundEigtNr="20016" KundArt="8" KundStatus="3" KundAufDat="2004-06-24"/>
  <Kunden KundenNr="18628" KundEigtNr="20017" KundArt="2" KundStatus="3" KundAufDat="2004-06-24"/>
  <Kunden KundenNr="18629" KundEigtNr="20018" KundArt="1" KundStatus="3" KundAufDat="2004-06-25"/>
  <Kunden KundenNr="18630" KundEigtNr="20019" KundArt="1" KundStatus="3" KundAufDat="2004-06-25"/>
  <Kunden KundenNr="18631" KundEigtNr="20020" KundArt="2" KundStatus="3" KundAufDat="2004-06-25"/>
  <Kunden KundenNr="18632" KundEigtNr="20021" KundArt="2" KundStatus="3" KundAufDat="2004-06-26"/>
  <Kunden KundenNr="18633" KundEigtNr="20022" KundArt="2" KundStatus="3" KundAufDat="2004-06-28"/>
  <Kunden KundenNr="18634" KundEigtNr="20023" KundArt="2" KundStatus="3" KundAufDat="2004-06-28"/>
  <Kunden KundenNr="18635" KundEigtNr="20025" KundArt="2" KundStatus="3" KundAufDat="2004-06-28"/>
  <Kunden KundenNr="18636" KundEigtNr="20026" KundArt="8" KundStatus="3" KundAufDat="2004-06-28"/>
  <Kunden KundenNr="18637" KundEigtNr="20027" KundArt="29" KundStatus="1" KundAufDat="2004-06-28"/>
  <Kunden KundenNr="18638" KundEigtNr="20028" KundArt="8" KundStatus="3" KundAufDat="2004-06-28"/>
  <Kunden KundenNr="18639" KundEigtNr="20029" KundArt="2" KundStatus="3" KundAufDat="2004-06-28"/>
  <Kunden KundenNr="18640" KundEigtNr="20030" KundArt="2" KundStatus="3" KundAufDat="2004-06-28"/>
  <Kunden KundenNr="18641" KundEigtNr="20031" KundArt="1" KundStatus="3" KundAufDat="2004-06-28"/>
  <Kunden KundenNr="18642" KundEigtNr="20032" KundArt="1" KundStatus="3" KundAufDat="2004-06-28"/>
  <Kunden KundenNr="18643" KundEigtNr="20033" KundArt="1" KundStatus="1" KundAufDat="2004-06-29"/>
  <Kunden KundenNr="18644" KundEigtNr="20034" KundArt="29" KundStatus="1" KundAufDat="2004-06-29"/>
  <Kunden KundenNr="18645" KundEigtNr="20035" KundArt="29" KundStatus="1" KundAufDat="2004-06-29"/>
  <Kunden KundenNr="18646" KundEigtNr="20036" KundArt="2" KundStatus="3" KundAufDat="2004-06-29"/>
  <Kunden KundenNr="18647" KundEigtNr="20037" KundArt="8" KundStatus="3" KundAufDat="2004-06-29"/>
  <Kunden KundenNr="18648" KundEigtNr="20038" KundArt="2" KundStatus="3" KundAufDat="2004-06-29"/>
  <Kunden KundenNr="18649" KundEigtNr="20039" KundArt="2" KundStatus="3" KundAufDat="2004-06-29"/>
  <Kunden KundenNr="18650" KundEigtNr="20040" KundArt="1" KundStatus="1" KundAufDat="2004-06-29"/>
  <Kunden KundenNr="18651" KundEigtNr="20026" KundArt="1" KundStatus="3" KundAufDat="2004-06-29"/>
  <Kunden KundenNr="18652" KundEigtNr="20041" KundArt="8" KundStatus="3" KundAufDat="2004-06-29"/>
  <Kunden KundenNr="18653" KundEigtNr="20042" KundArt="8" KundStatus="3" KundAufDat="2004-06-29"/>
  <Kunden KundenNr="18654" KundEigtNr="17969" KundArt="2" KundStatus="3" KundAufDat="2004-06-29"/>
  <Kunden KundenNr="18655" KundEigtNr="20043" KundArt="2" KundStatus="3" KundAufDat="2004-06-29"/>
  <Kunden KundenNr="18656" KundEigtNr="20044" KundArt="2" KundStatus="1" KundAufDat="2004-06-29"/>
  <Kunden KundenNr="18657" KundEigtNr="19816" KundArt="2" KundStatus="3" KundAufDat="2004-06-29"/>
  <Kunden KundenNr="18658" KundEigtNr="20045" KundArt="2" KundStatus="3" KundAufDat="2004-06-29"/>
  <Kunden KundenNr="18659" KundEigtNr="20046" KundArt="8" KundStatus="3" KundAufDat="2004-06-29"/>
  <Kunden KundenNr="18660" KundEigtNr="10999" KundArt="29" KundStatus="1" KundAufDat="2004-06-29"/>
  <Kunden KundenNr="18661" KundEigtNr="20047" KundArt="29" KundStatus="1" KundAufDat="2004-06-29"/>
  <Kunden KundenNr="18662" KundEigtNr="20048" KundArt="8" KundStatus="3" KundAufDat="2004-06-30"/>
  <Kunden KundenNr="18663" KundEigtNr="20049" KundArt="2" KundStatus="3" KundAufDat="2004-06-30"/>
  <Kunden KundenNr="18664" KundEigtNr="14180" KundArt="2" KundStatus="3" KundAufDat="2004-06-30"/>
  <Kunden KundenNr="18665" KundEigtNr="20050" KundArt="29" KundStatus="1" KundAufDat="2004-06-30"/>
  <Kunden KundenNr="18666" KundEigtNr="12535" KundArt="8" KundStatus="3" KundAufDat="2004-06-30"/>
  <Kunden KundenNr="18667" KundEigtNr="11176" KundArt="2" KundStatus="3" KundAufDat="2004-06-30"/>
  <Kunden KundenNr="18668" KundEigtNr="20051" KundArt="2" KundStatus="1" KundAufDat="2004-06-30"/>
  <Kunden KundenNr="18669" KundEigtNr="20052" KundArt="29" KundStatus="1" KundAufDat="2004-06-30"/>
  <Kunden KundenNr="18670" KundEigtNr="20053" KundArt="2" KundStatus="3" KundAufDat="2004-06-30"/>
  <Kunden KundenNr="18671" KundEigtNr="20054" KundArt="2" KundStatus="3" KundAufDat="2004-06-30"/>
  <Kunden KundenNr="18672" KundEigtNr="19908" KundArt="2" KundStatus="3" KundAufDat="2004-06-30"/>
  <Kunden KundenNr="18673" KundEigtNr="20055" KundArt="8" KundStatus="3" KundAufDat="2004-06-30"/>
  <Kunden KundenNr="18674" KundEigtNr="16167" KundArt="29" KundStatus="1" KundAufDat="2004-07-01"/>
  <Kunden KundenNr="18675" KundEigtNr="20056" KundArt="29" KundStatus="1" KundAufDat="2004-07-01"/>
  <Kunden KundenNr="18676" KundEigtNr="20057" KundArt="29" KundStatus="1" KundAufDat="2004-07-01"/>
  <Kunden KundenNr="18677" KundEigtNr="20058" KundArt="29" KundStatus="1" KundAufDat="2004-07-01"/>
  <Kunden KundenNr="18678" KundEigtNr="20059" KundArt="29" KundStatus="1" KundAufDat="2004-07-01"/>
  <Kunden KundenNr="18679" KundEigtNr="20060" KundArt="29" KundStatus="1" KundAufDat="2004-07-01"/>
  <Kunden KundenNr="18680" KundEigtNr="20061" KundArt="29" KundStatus="1" KundAufDat="2004-07-01"/>
  <Kunden KundenNr="18681" KundEigtNr="20062" KundArt="8" KundStatus="3" KundAufDat="2004-07-02"/>
  <Kunden KundenNr="18682" KundEigtNr="20063" KundArt="1" KundStatus="3" KundAufDat="2004-07-02"/>
  <Kunden KundenNr="18683" KundEigtNr="20064" KundArt="2" KundStatus="3" KundAufDat="2004-07-02"/>
  <Kunden KundenNr="18684" KundEigtNr="20065" KundArt="8" KundStatus="3" KundAufDat="2004-07-05"/>
  <Kunden KundenNr="18685" KundEigtNr="20066" KundArt="29" KundStatus="1" KundAufDat="2004-07-05"/>
  <Kunden KundenNr="18686" KundEigtNr="20067" KundArt="2" KundStatus="3" KundAufDat="2004-07-05"/>
  <Kunden KundenNr="18687" KundEigtNr="20068" KundArt="2" KundStatus="3" KundAufDat="2004-07-05"/>
  <Kunden KundenNr="18688" KundEigtNr="20069" KundArt="2" KundStatus="3" KundAufDat="2004-07-05"/>
  <Kunden KundenNr="18689" KundEigtNr="20070" KundArt="8" KundStatus="3" KundAufDat="2004-07-05"/>
  <Kunden KundenNr="18690" KundEigtNr="20071" KundArt="2" KundStatus="3" KundAufDat="2004-07-05"/>
  <Kunden KundenNr="18691" KundEigtNr="20072" KundArt="2" KundStatus="3" KundAufDat="2004-07-05"/>
  <Kunden KundenNr="18692" KundEigtNr="17978" KundArt="8" KundStatus="3" KundAufDat="2004-07-05"/>
  <Kunden KundenNr="18693" KundEigtNr="20073" KundArt="8" KundStatus="3" KundAufDat="2004-07-06"/>
  <Kunden KundenNr="18694" KundEigtNr="20074" KundArt="8" KundStatus="3" KundAufDat="2004-07-06"/>
  <Kunden KundenNr="18695" KundEigtNr="20075" KundArt="2" KundStatus="3" KundAufDat="2004-07-06"/>
  <Kunden KundenNr="18696" KundEigtNr="20076" KundArt="2" KundStatus="1" KundAufDat="2004-07-06"/>
  <Kunden KundenNr="18697" KundEigtNr="20077" KundArt="2" KundStatus="3" KundAufDat="2004-07-06"/>
  <Kunden KundenNr="18698" KundEigtNr="20078" KundArt="2" KundStatus="3" KundAufDat="2004-07-06"/>
  <Kunden KundenNr="18699" KundEigtNr="20079" KundArt="29" KundStatus="1" KundAufDat="2004-07-06"/>
  <Kunden KundenNr="18700" KundEigtNr="20080" KundArt="8" KundStatus="3" KundAufDat="2004-07-06"/>
  <Kunden KundenNr="18701" KundEigtNr="20081" KundArt="8" KundStatus="3" KundAufDat="2004-07-06"/>
  <Kunden KundenNr="18702" KundEigtNr="20082" KundArt="8" KundStatus="3" KundAufDat="2004-07-06"/>
  <Kunden KundenNr="18703" KundEigtNr="20083" KundArt="8" KundStatus="3" KundAufDat="2004-07-07"/>
  <Kunden KundenNr="18704" KundEigtNr="20084" KundArt="2" KundStatus="3" KundAufDat="2004-07-07"/>
  <Kunden KundenNr="18705" KundEigtNr="20085" KundArt="8" KundStatus="3" KundAufDat="2004-07-07"/>
  <Kunden KundenNr="18706" KundEigtNr="20086" KundArt="2" KundStatus="3" KundAufDat="2004-07-08"/>
  <Kunden KundenNr="18707" KundEigtNr="20087" KundArt="2" KundStatus="3" KundAufDat="2004-07-08"/>
  <Kunden KundenNr="18708" KundEigtNr="20088" KundArt="2" KundStatus="3" KundAufDat="2004-07-08"/>
  <Kunden KundenNr="18709" KundEigtNr="20089" KundArt="2" KundStatus="3" KundAufDat="2004-07-08"/>
  <Kunden KundenNr="18710" KundEigtNr="20090" KundArt="29" KundStatus="1" KundAufDat="2004-07-08"/>
  <Kunden KundenNr="18711" KundEigtNr="20091" KundArt="2" KundStatus="3" KundAufDat="2004-07-09"/>
  <Kunden KundenNr="18712" KundEigtNr="20092" KundArt="2" KundStatus="1" KundAufDat="2004-07-09"/>
  <Kunden KundenNr="18713" KundEigtNr="20093" KundArt="8" KundStatus="3" KundAufDat="2004-07-09"/>
  <Kunden KundenNr="18714" KundEigtNr="20094" KundArt="8" KundStatus="3" KundAufDat="2004-07-09"/>
  <Kunden KundenNr="18715" KundEigtNr="20095" KundArt="8" KundStatus="3" KundAufDat="2004-07-09"/>
  <Kunden KundenNr="18716" KundEigtNr="19347" KundArt="2" KundStatus="3" KundAufDat="2004-07-09"/>
  <Kunden KundenNr="18717" KundEigtNr="20096" KundArt="2" KundStatus="3" KundAufDat="2004-07-09"/>
  <Kunden KundenNr="18718" KundEigtNr="20097" KundArt="2" KundStatus="3" KundAufDat="2004-07-11"/>
  <Kunden KundenNr="18719" KundEigtNr="20098" KundArt="8" KundStatus="3" KundAufDat="2004-07-12"/>
  <Kunden KundenNr="18720" KundEigtNr="20099" KundArt="8" KundStatus="3" KundAufDat="2004-07-12"/>
  <Kunden KundenNr="18721" KundEigtNr="20100" KundArt="8" KundStatus="3" KundAufDat="2004-07-12"/>
  <Kunden KundenNr="18722" KundEigtNr="20101" KundArt="2" KundStatus="3" KundAufDat="2004-07-12"/>
  <Kunden KundenNr="18723" KundEigtNr="20102" KundArt="8" KundStatus="3" KundAufDat="2004-07-12"/>
  <Kunden KundenNr="18724" KundEigtNr="20103" KundArt="29" KundStatus="1" KundAufDat="2004-07-12"/>
  <Kunden KundenNr="18725" KundEigtNr="20104" KundArt="2" KundStatus="3" KundAufDat="2004-07-12"/>
  <Kunden KundenNr="18726" KundEigtNr="20105" KundArt="8" KundStatus="3" KundAufDat="2004-07-12"/>
  <Kunden KundenNr="18727" KundEigtNr="20106" KundArt="2" KundStatus="3" KundAufDat="2004-07-12"/>
  <Kunden KundenNr="18728" KundEigtNr="20107" KundArt="8" KundStatus="3" KundAufDat="2004-07-12"/>
  <Kunden KundenNr="18729" KundEigtNr="20108" KundArt="2" KundStatus="1" KundAufDat="2004-07-12"/>
  <Kunden KundenNr="18730" KundEigtNr="19117" KundArt="2" KundStatus="1" KundAufDat="2004-07-12"/>
  <Kunden KundenNr="18731" KundEigtNr="20108" KundArt="8" KundStatus="3" KundAufDat="2004-07-12"/>
  <Kunden KundenNr="18732" KundEigtNr="20110" KundArt="8" KundStatus="3" KundAufDat="2004-07-13"/>
  <Kunden KundenNr="18733" KundEigtNr="19840" KundArt="8" KundStatus="3" KundAufDat="2004-07-13"/>
  <Kunden KundenNr="18734" KundEigtNr="20111" KundArt="29" KundStatus="1" KundAufDat="2004-07-13"/>
  <Kunden KundenNr="18735" KundEigtNr="20112" KundArt="2" KundStatus="3" KundAufDat="2004-07-13"/>
  <Kunden KundenNr="18736" KundEigtNr="20113" KundArt="8" KundStatus="3" KundAufDat="2004-07-13"/>
  <Kunden KundenNr="18737" KundEigtNr="20114" KundArt="8" KundStatus="3" KundAufDat="2004-07-13"/>
  <Kunden KundenNr="18738" KundEigtNr="20115" KundArt="29" KundStatus="1" KundAufDat="2004-07-13"/>
  <Kunden KundenNr="18739" KundEigtNr="20116" KundArt="29" KundStatus="1" KundAufDat="2004-07-13"/>
  <Kunden KundenNr="18740" KundEigtNr="18574" KundArt="1" KundStatus="3" KundAufDat="2004-07-14"/>
  <Kunden KundenNr="18741" KundEigtNr="20117" KundArt="2" KundStatus="1" KundAufDat="2004-07-14"/>
  <Kunden KundenNr="18742" KundEigtNr="20118" KundArt="2" KundStatus="1" KundAufDat="2004-07-14"/>
  <Kunden KundenNr="18743" KundEigtNr="20119" KundArt="2" KundStatus="3" KundAufDat="2004-07-14"/>
  <Kunden KundenNr="18744" KundEigtNr="20120" KundArt="2" KundStatus="1" KundAufDat="2004-07-14"/>
  <Kunden KundenNr="18745" KundEigtNr="20121" KundArt="2" KundStatus="3" KundAufDat="2004-07-14"/>
  <Kunden KundenNr="18746" KundEigtNr="20122" KundArt="8" KundStatus="3" KundAufDat="2004-07-14"/>
  <Kunden KundenNr="18747" KundEigtNr="20123" KundArt="8" KundStatus="3" KundAufDat="2004-07-15"/>
  <Kunden KundenNr="18748" KundEigtNr="20124" KundArt="29" KundStatus="1" KundAufDat="2004-07-15"/>
  <Kunden KundenNr="18749" KundEigtNr="20125" KundArt="1" KundStatus="3" KundAufDat="2004-07-15"/>
  <Kunden KundenNr="18750" KundEigtNr="20126" KundArt="2" KundStatus="3" KundAufDat="2004-07-15"/>
  <Kunden KundenNr="18751" KundEigtNr="10796" KundArt="29" KundStatus="1" KundAufDat="2004-07-15"/>
  <Kunden KundenNr="18752" KundEigtNr="20127" KundArt="8" KundStatus="3" KundAufDat="2004-07-16"/>
  <Kunden KundenNr="18753" KundEigtNr="20128" KundArt="2" KundStatus="3" KundAufDat="2004-07-16"/>
  <Kunden KundenNr="18754" KundEigtNr="20129" KundArt="2" KundStatus="3" KundAufDat="2004-07-16"/>
  <Kunden KundenNr="18755" KundEigtNr="7854" KundArt="29" KundStatus="1" KundAufDat="2004-07-16"/>
  <Kunden KundenNr="18756" KundEigtNr="20130" KundArt="29" KundStatus="1" KundAufDat="2004-07-16"/>
  <Kunden KundenNr="18757" KundEigtNr="20131" KundArt="2" KundStatus="3" KundAufDat="2004-07-16"/>
  <Kunden KundenNr="18758" KundEigtNr="20132" KundArt="2" KundStatus="3" KundAufDat="2004-07-16"/>
  <Kunden KundenNr="18759" KundEigtNr="20133" KundArt="2" KundStatus="3" KundAufDat="2004-07-19"/>
  <Kunden KundenNr="18760" KundEigtNr="20134" KundArt="2" KundStatus="3" KundAufDat="2004-07-19"/>
  <Kunden KundenNr="18761" KundEigtNr="20135" KundArt="2" KundStatus="3" KundAufDat="2004-07-19"/>
  <Kunden KundenNr="18762" KundEigtNr="20136" KundArt="2" KundStatus="1" KundAufDat="2004-07-19"/>
  <Kunden KundenNr="18763" KundEigtNr="20137" KundArt="2" KundStatus="1" KundAufDat="2004-07-19"/>
  <Kunden KundenNr="18764" KundEigtNr="20138" KundArt="8" KundStatus="3" KundAufDat="2004-07-19"/>
  <Kunden KundenNr="18765" KundEigtNr="20139" KundArt="8" KundStatus="3" KundAufDat="2004-07-19"/>
  <Kunden KundenNr="18766" KundEigtNr="20140" KundArt="2" KundStatus="3" KundAufDat="2004-07-19"/>
  <Kunden KundenNr="18767" KundEigtNr="20141" KundArt="2" KundStatus="1" KundAufDat="2004-07-19"/>
  <Kunden KundenNr="18768" KundEigtNr="20142" KundArt="2" KundStatus="3" KundAufDat="2004-07-19"/>
  <Kunden KundenNr="18769" KundEigtNr="20143" KundArt="2" KundStatus="3" KundAufDat="2004-07-19"/>
  <Kunden KundenNr="18770" KundEigtNr="20144" KundArt="2" KundStatus="3" KundAufDat="2004-07-19"/>
  <Kunden KundenNr="18771" KundEigtNr="20145" KundArt="2" KundStatus="3" KundAufDat="2004-07-19"/>
  <Kunden KundenNr="18772" KundEigtNr="20146" KundArt="2" KundStatus="3" KundAufDat="2004-07-19"/>
  <Kunden KundenNr="18773" KundEigtNr="20147" KundArt="8" KundStatus="3" KundAufDat="2004-07-19"/>
  <Kunden KundenNr="18774" KundEigtNr="20148" KundArt="8" KundStatus="3" KundAufDat="2004-07-20"/>
  <Kunden KundenNr="18775" KundEigtNr="20149" KundArt="8" KundStatus="3" KundAufDat="2004-07-20"/>
  <Kunden KundenNr="18776" KundEigtNr="6859" KundArt="8" KundStatus="3" KundAufDat="2004-07-20"/>
  <Kunden KundenNr="18777" KundEigtNr="10883" KundArt="2" KundStatus="3" KundAufDat="2004-07-20"/>
  <Kunden KundenNr="18778" KundEigtNr="20151" KundArt="8" KundStatus="3" KundAufDat="2004-07-20"/>
  <Kunden KundenNr="18779" KundEigtNr="19949" KundArt="2" KundStatus="3" KundAufDat="2004-07-20"/>
  <Kunden KundenNr="18780" KundEigtNr="20152" KundArt="2" KundStatus="1" KundAufDat="2004-07-20"/>
  <Kunden KundenNr="18781" KundEigtNr="20153" KundArt="2" KundStatus="3" KundAufDat="2004-07-20"/>
  <Kunden KundenNr="18782" KundEigtNr="20154" KundArt="1" KundStatus="3" KundAufDat="2004-07-20"/>
  <Kunden KundenNr="18783" KundEigtNr="20155" KundArt="1" KundStatus="3" KundAufDat="2004-07-20"/>
  <Kunden KundenNr="18784" KundEigtNr="20156" KundArt="8" KundStatus="3" KundAufDat="2004-07-21"/>
  <Kunden KundenNr="18785" KundEigtNr="20157" KundArt="8" KundStatus="3" KundAufDat="2004-07-21"/>
  <Kunden KundenNr="18786" KundEigtNr="20158" KundArt="8" KundStatus="3" KundAufDat="2004-07-21"/>
  <Kunden KundenNr="18787" KundEigtNr="20159" KundArt="8" KundStatus="3" KundAufDat="2004-07-21"/>
  <Kunden KundenNr="18788" KundEigtNr="20160" KundArt="2" KundStatus="1" KundAufDat="2004-07-21"/>
  <Kunden KundenNr="18789" KundEigtNr="20011" KundArt="2" KundStatus="3" KundAufDat="2004-07-21"/>
  <Kunden KundenNr="18790" KundEigtNr="20161" KundArt="2" KundStatus="3" KundAufDat="2004-07-21"/>
  <Kunden KundenNr="18791" KundEigtNr="20162" KundArt="2" KundStatus="3" KundAufDat="2004-07-21"/>
  <Kunden KundenNr="18792" KundEigtNr="20163" KundArt="2" KundStatus="1" KundAufDat="2004-07-21"/>
  <Kunden KundenNr="18793" KundEigtNr="20164" KundArt="2" KundStatus="1" KundAufDat="2004-07-21"/>
  <Kunden KundenNr="18794" KundEigtNr="1072" KundArt="29" KundStatus="1" KundAufDat="2004-07-21"/>
  <Kunden KundenNr="18795" KundEigtNr="20165" KundArt="2" KundStatus="1" KundAufDat="2004-07-21"/>
  <Kunden KundenNr="18796" KundEigtNr="20166" KundArt="8" KundStatus="3" KundAufDat="2004-07-21"/>
  <Kunden KundenNr="18797" KundEigtNr="20167" KundArt="8" KundStatus="1" KundAufDat="2004-07-21"/>
  <Kunden KundenNr="18798" KundEigtNr="20168" KundArt="1" KundStatus="3" KundAufDat="2004-07-21"/>
  <Kunden KundenNr="18799" KundEigtNr="20169" KundArt="8" KundStatus="3" KundAufDat="2004-07-22"/>
  <Kunden KundenNr="18800" KundEigtNr="20170" KundArt="2" KundStatus="3" KundAufDat="2004-07-22"/>
  <Kunden KundenNr="18801" KundEigtNr="18721" KundArt="29" KundStatus="1" KundAufDat="2004-07-22"/>
  <Kunden KundenNr="18802" KundEigtNr="20171" KundArt="29" KundStatus="1" KundAufDat="2004-07-22"/>
  <Kunden KundenNr="18803" KundEigtNr="20172" KundArt="8" KundStatus="3" KundAufDat="2004-07-23"/>
  <Kunden KundenNr="18804" KundEigtNr="20173" KundArt="2" KundStatus="1" KundAufDat="2004-07-23"/>
  <Kunden KundenNr="18805" KundEigtNr="20174" KundArt="2" KundStatus="3" KundAufDat="2004-07-23"/>
  <Kunden KundenNr="18806" KundEigtNr="20175" KundArt="2" KundStatus="3" KundAufDat="2004-07-23"/>
  <Kunden KundenNr="18807" KundEigtNr="20176" KundArt="2" KundStatus="1" KundAufDat="2004-07-23"/>
  <Kunden KundenNr="18808" KundEigtNr="20177" KundArt="8" KundStatus="3" KundAufDat="2004-07-23"/>
  <Kunden KundenNr="18809" KundEigtNr="20178" KundArt="2" KundStatus="3" KundAufDat="2004-07-23"/>
  <Kunden KundenNr="18810" KundEigtNr="20179" KundArt="8" KundStatus="3" KundAufDat="2004-07-26"/>
  <Kunden KundenNr="18811" KundEigtNr="20180" KundArt="2" KundStatus="3" KundAufDat="2004-07-26"/>
  <Kunden KundenNr="18812" KundEigtNr="20181" KundArt="8" KundStatus="3" KundAufDat="2004-07-26"/>
  <Kunden KundenNr="18813" KundEigtNr="20182" KundArt="2" KundStatus="3" KundAufDat="2004-07-26"/>
  <Kunden KundenNr="18814" KundEigtNr="20183" KundArt="2" KundStatus="3" KundAufDat="2004-07-26"/>
  <Kunden KundenNr="18815" KundEigtNr="20184" KundArt="2" KundStatus="1" KundAufDat="2004-07-26"/>
  <Kunden KundenNr="18816" KundEigtNr="20185" KundArt="2" KundStatus="3" KundAufDat="2004-07-26"/>
  <Kunden KundenNr="18817" KundEigtNr="15518" KundArt="2" KundStatus="3" KundAufDat="2004-07-26"/>
  <Kunden KundenNr="18818" KundEigtNr="20186" KundArt="8" KundStatus="3" KundAufDat="2004-07-27"/>
  <Kunden KundenNr="18819" KundEigtNr="20187" KundArt="8" KundStatus="3" KundAufDat="2004-07-27"/>
  <Kunden KundenNr="18820" KundEigtNr="20188" KundArt="8" KundStatus="3" KundAufDat="2004-07-27"/>
  <Kunden KundenNr="18821" KundEigtNr="20192" KundArt="29" KundStatus="1" KundAufDat="2004-07-28"/>
  <Kunden KundenNr="18822" KundEigtNr="20193" KundArt="29" KundStatus="1" KundAufDat="2004-07-28"/>
  <Kunden KundenNr="18823" KundEigtNr="20194" KundArt="2" KundStatus="1" KundAufDat="2004-07-28"/>
  <Kunden KundenNr="18824" KundEigtNr="20195" KundArt="8" KundStatus="3" KundAufDat="2004-07-28"/>
  <Kunden KundenNr="18825" KundEigtNr="12630" KundArt="8" KundStatus="3" KundAufDat="2004-07-28"/>
  <Kunden KundenNr="18826" KundEigtNr="18316" KundArt="2" KundStatus="3" KundAufDat="2004-07-29"/>
  <Kunden KundenNr="18827" KundEigtNr="7448" KundArt="8" KundStatus="3" KundAufDat="2004-07-29"/>
  <Kunden KundenNr="18828" KundEigtNr="20196" KundArt="2" KundStatus="3" KundAufDat="2004-07-29"/>
  <Kunden KundenNr="18829" KundEigtNr="20197" KundArt="2" KundStatus="3" KundAufDat="2004-07-29"/>
  <Kunden KundenNr="18830" KundEigtNr="20198" KundArt="2" KundStatus="3" KundAufDat="2004-07-29"/>
  <Kunden KundenNr="18831" KundEigtNr="20199" KundArt="8" KundStatus="3" KundAufDat="2004-07-29"/>
  <Kunden KundenNr="18832" KundEigtNr="20200" KundArt="2" KundStatus="3" KundAufDat="2004-07-29"/>
  <Kunden KundenNr="18833" KundEigtNr="20201" KundArt="2" KundStatus="3" KundAufDat="2004-07-29"/>
  <Kunden KundenNr="18834" KundEigtNr="20202" KundArt="2" KundStatus="3" KundAufDat="2004-07-29"/>
  <Kunden KundenNr="18835" KundEigtNr="20203" KundArt="2" KundStatus="3" KundAufDat="2004-07-29"/>
  <Kunden KundenNr="18836" KundEigtNr="20204" KundArt="2" KundStatus="1" KundAufDat="2004-07-30"/>
  <Kunden KundenNr="18837" KundEigtNr="20205" KundArt="29" KundStatus="1" KundAufDat="2004-07-30"/>
  <Kunden KundenNr="18838" KundEigtNr="16171" KundArt="2" KundStatus="3" KundAufDat="2004-07-30"/>
  <Kunden KundenNr="18839" KundEigtNr="20206" KundArt="2" KundStatus="3" KundAufDat="2004-07-30"/>
  <Kunden KundenNr="18840" KundEigtNr="19777" KundArt="1" KundStatus="3" KundAufDat="2004-08-02"/>
  <Kunden KundenNr="18841" KundEigtNr="20213" KundArt="8" KundStatus="3" KundAufDat="2004-08-02"/>
  <Kunden KundenNr="18842" KundEigtNr="20214" KundArt="2" KundStatus="1" KundAufDat="2004-08-02"/>
  <Kunden KundenNr="18843" KundEigtNr="20215" KundArt="8" KundStatus="3" KundAufDat="2004-08-02"/>
  <Kunden KundenNr="18844" KundEigtNr="20216" KundArt="29" KundStatus="1" KundAufDat="2004-08-02"/>
  <Kunden KundenNr="18845" KundEigtNr="20217" KundArt="1" KundStatus="3" KundAufDat="2004-08-02"/>
  <Kunden KundenNr="18846" KundEigtNr="20218" KundArt="8" KundStatus="3" KundAufDat="2004-08-02"/>
  <Kunden KundenNr="18847" KundEigtNr="20004" KundArt="2" KundStatus="3" KundAufDat="2004-08-02"/>
  <Kunden KundenNr="18848" KundEigtNr="20219" KundArt="2" KundStatus="3" KundAufDat="2004-08-02"/>
  <Kunden KundenNr="18849" KundEigtNr="20220" KundArt="2" KundStatus="1" KundAufDat="2004-08-02"/>
  <Kunden KundenNr="18850" KundEigtNr="20221" KundArt="2" KundStatus="3" KundAufDat="2004-08-02"/>
  <Kunden KundenNr="18851" KundEigtNr="19968" KundArt="2" KundStatus="1" KundAufDat="2004-08-02"/>
  <Kunden KundenNr="18852" KundEigtNr="20222" KundArt="2" KundStatus="3" KundAufDat="2004-08-02"/>
  <Kunden KundenNr="18853" KundEigtNr="20223" KundArt="1" KundStatus="3" KundAufDat="2004-08-02"/>
  <Kunden KundenNr="18854" KundEigtNr="20224" KundArt="1" KundStatus="3" KundAufDat="2004-08-02"/>
  <Kunden KundenNr="18855" KundEigtNr="5957" KundArt="8" KundStatus="3" KundAufDat="2004-08-02"/>
  <Kunden KundenNr="18856" KundEigtNr="918" KundArt="2" KundStatus="3" KundAufDat="2004-08-02"/>
  <Kunden KundenNr="18857" KundEigtNr="20225" KundArt="8" KundStatus="3" KundAufDat="2004-08-03"/>
  <Kunden KundenNr="18858" KundEigtNr="20227" KundArt="8" KundStatus="3" KundAufDat="2004-08-03"/>
  <Kunden KundenNr="18859" KundEigtNr="20229" KundArt="8" KundStatus="3" KundAufDat="2004-08-03"/>
  <Kunden KundenNr="18860" KundEigtNr="20230" KundArt="29" KundStatus="1" KundAufDat="2004-08-03"/>
  <Kunden KundenNr="18861" KundEigtNr="20231" KundArt="2" KundStatus="3" KundAufDat="2004-08-03"/>
  <Kunden KundenNr="18862" KundEigtNr="20232" KundArt="29" KundStatus="1" KundAufDat="2004-08-03"/>
  <Kunden KundenNr="18863" KundEigtNr="20238" KundArt="8" KundStatus="3" KundAufDat="2004-08-03"/>
  <Kunden KundenNr="18864" KundEigtNr="20239" KundArt="8" KundStatus="3" KundAufDat="2004-08-04"/>
  <Kunden KundenNr="18865" KundEigtNr="20240" KundArt="2" KundStatus="3" KundAufDat="2004-08-04"/>
  <Kunden KundenNr="18866" KundEigtNr="20241" KundArt="2" KundStatus="1" KundAufDat="2004-08-04"/>
  <Kunden KundenNr="18867" KundEigtNr="20242" KundArt="29" KundStatus="1" KundAufDat="2004-08-04"/>
  <Kunden KundenNr="18868" KundEigtNr="20243" KundArt="2" KundStatus="3" KundAufDat="2004-08-04"/>
  <Kunden KundenNr="18869" KundEigtNr="18519" KundArt="29" KundStatus="1" KundAufDat="2004-08-04"/>
  <Kunden KundenNr="18870" KundEigtNr="20250" KundArt="8" KundStatus="3" KundAufDat="2004-08-04"/>
  <Kunden KundenNr="18871" KundEigtNr="20251" KundArt="8" KundStatus="3" KundAufDat="2004-08-05"/>
  <Kunden KundenNr="18872" KundEigtNr="15151" KundArt="29" KundStatus="1" KundAufDat="2004-08-05"/>
  <Kunden KundenNr="18873" KundEigtNr="20252" KundArt="2" KundStatus="3" KundAufDat="2004-08-05"/>
  <Kunden KundenNr="18874" KundEigtNr="20253" KundArt="2" KundStatus="3" KundAufDat="2004-08-05"/>
  <Kunden KundenNr="18875" KundEigtNr="20254" KundArt="29" KundStatus="1" KundAufDat="2004-08-05"/>
  <Kunden KundenNr="18876" KundEigtNr="20255" KundArt="8" KundStatus="3" KundAufDat="2004-08-05"/>
  <Kunden KundenNr="18877" KundEigtNr="20256" KundArt="29" KundStatus="1" KundAufDat="2004-08-09"/>
  <Kunden KundenNr="18878" KundEigtNr="20257" KundArt="8" KundStatus="3" KundAufDat="2004-08-09"/>
  <Kunden KundenNr="18879" KundEigtNr="20258" KundArt="8" KundStatus="3" KundAufDat="2004-08-09"/>
  <Kunden KundenNr="18880" KundEigtNr="20259" KundArt="8" KundStatus="3" KundAufDat="2004-08-09"/>
  <Kunden KundenNr="18881" KundEigtNr="20260" KundArt="2" KundStatus="3" KundAufDat="2004-08-09"/>
  <Kunden KundenNr="18882" KundEigtNr="20261" KundArt="2" KundStatus="1" KundAufDat="2004-08-09"/>
  <Kunden KundenNr="18883" KundEigtNr="20262" KundArt="2" KundStatus="3" KundAufDat="2004-08-09"/>
  <Kunden KundenNr="18884" KundEigtNr="20263" KundArt="29" KundStatus="1" KundAufDat="2004-08-09"/>
  <Kunden KundenNr="18885" KundEigtNr="20281" KundArt="8" KundStatus="3" KundAufDat="2004-08-10"/>
  <Kunden KundenNr="18886" KundEigtNr="20282" KundArt="8" KundStatus="3" KundAufDat="2004-08-10"/>
  <Kunden KundenNr="18887" KundEigtNr="20283" KundArt="8" KundStatus="3" KundAufDat="2004-08-10"/>
  <Kunden KundenNr="18888" KundEigtNr="20284" KundArt="2" KundStatus="3" KundAufDat="2004-08-10"/>
  <Kunden KundenNr="18889" KundEigtNr="20285" KundArt="8" KundStatus="3" KundAufDat="2004-08-10"/>
  <Kunden KundenNr="18890" KundEigtNr="20286" KundArt="29" KundStatus="1" KundAufDat="2004-08-10"/>
  <Kunden KundenNr="18891" KundEigtNr="20309" KundArt="8" KundStatus="3" KundAufDat="2004-08-11"/>
  <Kunden KundenNr="18892" KundEigtNr="20310" KundArt="8" KundStatus="3" KundAufDat="2004-08-11"/>
  <Kunden KundenNr="18893" KundEigtNr="20311" KundArt="8" KundStatus="3" KundAufDat="2004-08-11"/>
  <Kunden KundenNr="18894" KundEigtNr="20312" KundArt="8" KundStatus="3" KundAufDat="2004-08-11"/>
  <Kunden KundenNr="18895" KundEigtNr="6338" KundArt="29" KundStatus="1" KundAufDat="2004-08-11"/>
  <Kunden KundenNr="18896" KundEigtNr="20313" KundArt="2" KundStatus="3" KundAufDat="2004-08-11"/>
  <Kunden KundenNr="18897" KundEigtNr="20314" KundArt="2" KundStatus="3" KundAufDat="2004-08-11"/>
  <Kunden KundenNr="18898" KundEigtNr="20315" KundArt="2" KundStatus="3" KundAufDat="2004-08-11"/>
  <Kunden KundenNr="18899" KundEigtNr="20316" KundArt="8" KundStatus="3" KundAufDat="2004-08-11"/>
  <Kunden KundenNr="18900" KundEigtNr="20319" KundArt="2" KundStatus="3" KundAufDat="2004-08-11"/>
  <Kunden KundenNr="18901" KundEigtNr="20321" KundArt="2" KundStatus="3" KundAufDat="2004-08-11"/>
  <Kunden KundenNr="18902" KundEigtNr="20322" KundArt="8" KundStatus="3" KundAufDat="2004-08-11"/>
  <Kunden KundenNr="18903" KundEigtNr="20323" KundArt="2" KundStatus="1" KundAufDat="2004-08-11"/>
  <Kunden KundenNr="18905" KundEigtNr="20325" KundArt="2" KundStatus="1" KundAufDat="2004-08-11"/>
  <Kunden KundenNr="18906" KundEigtNr="20326" KundArt="2" KundStatus="3" KundAufDat="2004-08-12"/>
  <Kunden KundenNr="18907" KundEigtNr="20327" KundArt="8" KundStatus="3" KundAufDat="2004-08-12"/>
  <Kunden KundenNr="18908" KundEigtNr="20328" KundArt="8" KundStatus="3" KundAufDat="2004-08-12"/>
  <Kunden KundenNr="18909" KundEigtNr="20329" KundArt="2" KundStatus="3" KundAufDat="2004-08-12"/>
  <Kunden KundenNr="18910" KundEigtNr="20330" KundArt="8" KundStatus="3" KundAufDat="2004-08-12"/>
  <Kunden KundenNr="18911" KundEigtNr="20331" KundArt="8" KundStatus="1" KundAufDat="2004-08-12"/>
  <Kunden KundenNr="18912" KundEigtNr="20332" KundArt="8" KundStatus="3" KundAufDat="2004-08-12"/>
  <Kunden KundenNr="18913" KundEigtNr="20333" KundArt="8" KundStatus="3" KundAufDat="2004-08-12"/>
  <Kunden KundenNr="18914" KundEigtNr="12856" KundArt="29" KundStatus="1" KundAufDat="2004-08-12"/>
  <Kunden KundenNr="18915" KundEigtNr="20334" KundArt="2" KundStatus="3" KundAufDat="2004-08-12"/>
  <Kunden KundenNr="18916" KundEigtNr="20335" KundArt="2" KundStatus="3" KundAufDat="2004-08-12"/>
  <Kunden KundenNr="18917" KundEigtNr="20336" KundArt="29" KundStatus="1" KundAufDat="2004-08-12"/>
  <Kunden KundenNr="18918" KundEigtNr="17848" KundArt="8" KundStatus="3" KundAufDat="2004-08-12"/>
  <Kunden KundenNr="18919" KundEigtNr="20337" KundArt="2" KundStatus="1" KundAufDat="2004-08-12"/>
  <Kunden KundenNr="18920" KundEigtNr="20338" KundArt="8" KundStatus="3" KundAufDat="2004-08-12"/>
  <Kunden KundenNr="18921" KundEigtNr="20339" KundArt="1" KundStatus="3" KundAufDat="2004-08-12"/>
  <Kunden KundenNr="18922" KundEigtNr="11326" KundArt="8" KundStatus="1" KundAufDat="2004-08-12"/>
  <Kunden KundenNr="18923" KundEigtNr="20341" KundArt="2" KundStatus="3" KundAufDat="2004-08-13"/>
  <Kunden KundenNr="18924" KundEigtNr="20342" KundArt="8" KundStatus="3" KundAufDat="2004-08-13"/>
  <Kunden KundenNr="18925" KundEigtNr="20344" KundArt="2" KundStatus="3" KundAufDat="2004-08-13"/>
  <Kunden KundenNr="18926" KundEigtNr="20345" KundArt="29" KundStatus="1" KundAufDat="2004-08-13"/>
  <Kunden KundenNr="18927" KundEigtNr="20346" KundArt="2" KundStatus="1" KundAufDat="2004-08-13"/>
  <Kunden KundenNr="18928" KundEigtNr="20347" KundArt="2" KundStatus="3" KundAufDat="2004-08-13"/>
  <Kunden KundenNr="18929" KundEigtNr="20348" KundArt="29" KundStatus="1" KundAufDat="2004-08-14"/>
  <Kunden KundenNr="18930" KundEigtNr="20349" KundArt="1" KundStatus="1" KundAufDat="2004-08-14"/>
  <Kunden KundenNr="18931" KundEigtNr="20350" KundArt="1" KundStatus="3" KundAufDat="2004-08-16"/>
  <Kunden KundenNr="18932" KundEigtNr="20351" KundArt="8" KundStatus="3" KundAufDat="2004-08-16"/>
  <Kunden KundenNr="18933" KundEigtNr="20327" KundArt="2" KundStatus="1" KundAufDat="2004-08-16"/>
  <Kunden KundenNr="18934" KundEigtNr="20352" KundArt="8" KundStatus="3" KundAufDat="2004-08-16"/>
  <Kunden KundenNr="18935" KundEigtNr="20353" KundArt="1" KundStatus="3" KundAufDat="2004-08-16"/>
  <Kunden KundenNr="18936" KundEigtNr="19779" KundArt="2" KundStatus="1" KundAufDat="2004-08-16"/>
  <Kunden KundenNr="18937" KundEigtNr="20354" KundArt="1" KundStatus="3" KundAufDat="2004-08-16"/>
  <Kunden KundenNr="18938" KundEigtNr="20355" KundArt="1" KundStatus="3" KundAufDat="2004-08-16"/>
  <Kunden KundenNr="18939" KundEigtNr="20356" KundArt="1" KundStatus="3" KundAufDat="2004-08-16"/>
  <Kunden KundenNr="18940" KundEigtNr="20357" KundArt="1" KundStatus="3" KundAufDat="2004-08-16"/>
  <Kunden KundenNr="18941" KundEigtNr="20359" KundArt="8" KundStatus="3" KundAufDat="2004-08-16"/>
  <Kunden KundenNr="18942" KundEigtNr="20360" KundArt="2" KundStatus="3" KundAufDat="2004-08-16"/>
  <Kunden KundenNr="18943" KundEigtNr="20361" KundArt="2" KundStatus="3" KundAufDat="2004-08-16"/>
  <Kunden KundenNr="18944" KundEigtNr="20269" KundArt="29" KundStatus="1" KundAufDat="2004-08-16"/>
  <Kunden KundenNr="18945" KundEigtNr="20265" KundArt="29" KundStatus="1" KundAufDat="2004-08-16"/>
  <Kunden KundenNr="18946" KundEigtNr="20362" KundArt="29" KundStatus="1" KundAufDat="2004-08-16"/>
  <Kunden KundenNr="18947" KundEigtNr="20363" KundArt="2" KundStatus="3" KundAufDat="2004-08-17"/>
  <Kunden KundenNr="18948" KundEigtNr="20364" KundArt="2" KundStatus="1" KundAufDat="2004-08-17"/>
  <Kunden KundenNr="18949" KundEigtNr="20365" KundArt="2" KundStatus="1" KundAufDat="2004-08-17"/>
  <Kunden KundenNr="18950" KundEigtNr="20366" KundArt="2" KundStatus="3" KundAufDat="2004-08-17"/>
  <Kunden KundenNr="18951" KundEigtNr="20367" KundArt="2" KundStatus="3" KundAufDat="2004-08-17"/>
  <Kunden KundenNr="18952" KundEigtNr="20190" KundArt="29" KundStatus="1" KundAufDat="2004-08-17"/>
  <Kunden KundenNr="18953" KundEigtNr="20368" KundArt="8" KundStatus="3" KundAufDat="2004-08-17"/>
  <Kunden KundenNr="18954" KundEigtNr="20369" KundArt="1" KundStatus="1" KundAufDat="2004-08-17"/>
  <Kunden KundenNr="18955" KundEigtNr="20395" KundArt="2" KundStatus="3" KundAufDat="2004-08-18"/>
  <Kunden KundenNr="18956" KundEigtNr="20396" KundArt="1" KundStatus="1" KundAufDat="2004-08-18"/>
  <Kunden KundenNr="18957" KundEigtNr="20397" KundArt="1" KundStatus="3" KundAufDat="2004-08-18"/>
  <Kunden KundenNr="18958" KundEigtNr="20398" KundArt="2" KundStatus="3" KundAufDat="2004-08-18"/>
  <Kunden KundenNr="18959" KundEigtNr="20399" KundArt="2" KundStatus="3" KundAufDat="2004-08-18"/>
  <Kunden KundenNr="18960" KundEigtNr="20400" KundArt="29" KundStatus="1" KundAufDat="2004-08-18"/>
  <Kunden KundenNr="18961" KundEigtNr="20401" KundArt="8" KundStatus="3" KundAufDat="2004-08-19"/>
  <Kunden KundenNr="18962" KundEigtNr="20308" KundArt="29" KundStatus="1" KundAufDat="2004-08-19"/>
  <Kunden KundenNr="18963" KundEigtNr="20290" KundArt="29" KundStatus="1" KundAufDat="2004-08-19"/>
  <Kunden KundenNr="18964" KundEigtNr="20402" KundArt="2" KundStatus="3" KundAufDat="2004-08-19"/>
  <Kunden KundenNr="18965" KundEigtNr="20403" KundArt="2" KundStatus="3" KundAufDat="2004-08-19"/>
  <Kunden KundenNr="18966" KundEigtNr="20404" KundArt="2" KundStatus="1" KundAufDat="2004-08-19"/>
  <Kunden KundenNr="18967" KundEigtNr="20407" KundArt="29" KundStatus="1" KundAufDat="2004-08-19"/>
  <Kunden KundenNr="18968" KundEigtNr="20408" KundArt="8" KundStatus="3" KundAufDat="2004-08-19"/>
  <Kunden KundenNr="18969" KundEigtNr="20409" KundArt="2" KundStatus="3" KundAufDat="2004-08-19"/>
  <Kunden KundenNr="18970" KundEigtNr="20410" KundArt="29" KundStatus="1" KundAufDat="2004-08-20"/>
  <Kunden KundenNr="18971" KundEigtNr="14525" KundArt="2" KundStatus="3" KundAufDat="2004-08-20"/>
  <Kunden KundenNr="18972" KundEigtNr="20411" KundArt="8" KundStatus="3" KundAufDat="2004-08-20"/>
  <Kunden KundenNr="18973" KundEigtNr="20412" KundArt="8" KundStatus="3" KundAufDat="2004-08-20"/>
  <Kunden KundenNr="18974" KundEigtNr="20413" KundArt="8" KundStatus="3" KundAufDat="2004-08-20"/>
  <Kunden KundenNr="18975" KundEigtNr="3818" KundArt="29" KundStatus="1" KundAufDat="2004-08-20"/>
  <Kunden KundenNr="18976" KundEigtNr="20063" KundArt="29" KundStatus="1" KundAufDat="2004-08-20"/>
  <Kunden KundenNr="18977" KundEigtNr="20414" KundArt="8" KundStatus="3" KundAufDat="2004-08-20"/>
  <Kunden KundenNr="18978" KundEigtNr="20415" KundArt="2" KundStatus="3" KundAufDat="2004-08-23"/>
  <Kunden KundenNr="18979" KundEigtNr="20416" KundArt="2" KundStatus="3" KundAufDat="2004-08-23"/>
  <Kunden KundenNr="18980" KundEigtNr="20417" KundArt="29" KundStatus="1" KundAufDat="2004-08-23"/>
  <Kunden KundenNr="18981" KundEigtNr="20418" KundArt="2" KundStatus="3" KundAufDat="2004-08-23"/>
  <Kunden KundenNr="18982" KundEigtNr="20419" KundArt="2" KundStatus="1" KundAufDat="2004-08-23"/>
  <Kunden KundenNr="18983" KundEigtNr="20420" KundArt="8" KundStatus="3" KundAufDat="2004-08-23"/>
  <Kunden KundenNr="18984" KundEigtNr="20421" KundArt="8" KundStatus="3" KundAufDat="2004-08-23"/>
  <Kunden KundenNr="18985" KundEigtNr="20422" KundArt="1" KundStatus="1" KundAufDat="2004-08-23"/>
  <Kunden KundenNr="18986" KundEigtNr="20423" KundArt="2" KundStatus="3" KundAufDat="2004-08-23"/>
  <Kunden KundenNr="18987" KundEigtNr="20424" KundArt="2" KundStatus="3" KundAufDat="2004-08-23"/>
  <Kunden KundenNr="18988" KundEigtNr="20425" KundArt="2" KundStatus="3" KundAufDat="2004-08-23"/>
  <Kunden KundenNr="18989" KundEigtNr="20426" KundArt="2" KundStatus="3" KundAufDat="2004-08-23"/>
  <Kunden KundenNr="18990" KundEigtNr="20427" KundArt="29" KundStatus="1" KundAufDat="2004-08-23"/>
  <Kunden KundenNr="18991" KundEigtNr="20428" KundArt="8" KundStatus="3" KundAufDat="2004-08-23"/>
  <Kunden KundenNr="18992" KundEigtNr="20429" KundArt="1" KundStatus="1" KundAufDat="2004-08-23"/>
  <Kunden KundenNr="18993" KundEigtNr="20430" KundArt="2" KundStatus="3" KundAufDat="2004-08-23"/>
  <Kunden KundenNr="18994" KundEigtNr="20431" KundArt="2" KundStatus="3" KundAufDat="2004-08-23"/>
  <Kunden KundenNr="18995" KundEigtNr="20432" KundArt="2" KundStatus="3" KundAufDat="2004-08-23"/>
  <Kunden KundenNr="18996" KundEigtNr="20433" KundArt="2" KundStatus="1" KundAufDat="2004-08-24"/>
  <Kunden KundenNr="18997" KundEigtNr="20434" KundArt="2" KundStatus="1" KundAufDat="2004-08-24"/>
  <Kunden KundenNr="18998" KundEigtNr="20435" KundArt="2" KundStatus="3" KundAufDat="2004-08-24"/>
  <Kunden KundenNr="18999" KundEigtNr="20436" KundArt="2" KundStatus="3" KundAufDat="2004-08-24"/>
  <Kunden KundenNr="19000" KundEigtNr="20437" KundArt="2" KundStatus="1" KundAufDat="2004-08-24"/>
  <Kunden KundenNr="19001" KundEigtNr="20208" KundArt="29" KundStatus="1" KundAufDat="2004-08-24"/>
  <Kunden KundenNr="19002" KundEigtNr="20438" KundArt="2" KundStatus="3" KundAufDat="2004-08-24"/>
  <Kunden KundenNr="19003" KundEigtNr="20439" KundArt="1" KundStatus="3" KundAufDat="2004-08-24"/>
  <Kunden KundenNr="19004" KundEigtNr="20440" KundArt="2" KundStatus="3" KundAufDat="2004-08-24"/>
  <Kunden KundenNr="19005" KundEigtNr="20441" KundArt="8" KundStatus="3" KundAufDat="2004-08-24"/>
  <Kunden KundenNr="19006" KundEigtNr="16" KundArt="29" KundStatus="1" KundAufDat="2004-08-24"/>
  <Kunden KundenNr="19007" KundEigtNr="20442" KundArt="2" KundStatus="3" KundAufDat="2004-08-24"/>
  <Kunden KundenNr="19008" KundEigtNr="9574" KundArt="8" KundStatus="3" KundAufDat="2004-08-25"/>
  <Kunden KundenNr="19009" KundEigtNr="20444" KundArt="8" KundStatus="3" KundAufDat="2004-08-25"/>
  <Kunden KundenNr="19010" KundEigtNr="20445" KundArt="8" KundStatus="3" KundAufDat="2004-08-25"/>
  <Kunden KundenNr="19011" KundEigtNr="20446" KundArt="2" KundStatus="3" KundAufDat="2004-08-25"/>
  <Kunden KundenNr="19012" KundEigtNr="20447" KundArt="8" KundStatus="3" KundAufDat="2004-08-25"/>
  <Kunden KundenNr="19013" KundEigtNr="20448" KundArt="2" KundStatus="1" KundAufDat="2004-08-26"/>
  <Kunden KundenNr="19014" KundEigtNr="20449" KundArt="2" KundStatus="3" KundAufDat="2004-08-26"/>
  <Kunden KundenNr="19015" KundEigtNr="20450" KundArt="8" KundStatus="3" KundAufDat="2004-08-26"/>
  <Kunden KundenNr="19016" KundEigtNr="20226" KundArt="1" KundStatus="3" KundAufDat="2004-08-26"/>
  <Kunden KundenNr="19017" KundEigtNr="20451" KundArt="8" KundStatus="3" KundAufDat="2004-08-26"/>
  <Kunden KundenNr="19018" KundEigtNr="20452" KundArt="29" KundStatus="1" KundAufDat="2004-08-26"/>
  <Kunden KundenNr="19019" KundEigtNr="20471" KundArt="8" KundStatus="3" KundAufDat="2004-08-27"/>
  <Kunden KundenNr="19020" KundEigtNr="20472" KundArt="2" KundStatus="1" KundAufDat="2004-08-27"/>
  <Kunden KundenNr="19021" KundEigtNr="20473" KundArt="2" KundStatus="3" KundAufDat="2004-08-27"/>
  <Kunden KundenNr="19022" KundEigtNr="20380" KundArt="29" KundStatus="1" KundAufDat="2004-08-27"/>
  <Kunden KundenNr="19023" KundEigtNr="20474" KundArt="8" KundStatus="3" KundAufDat="2004-08-27"/>
  <Kunden KundenNr="19024" KundEigtNr="20475" KundArt="1" KundStatus="3" KundAufDat="2004-08-27"/>
  <Kunden KundenNr="19025" KundEigtNr="20476" KundArt="2" KundStatus="3" KundAufDat="2004-08-27"/>
  <Kunden KundenNr="19026" KundEigtNr="20477" KundArt="2" KundStatus="3" KundAufDat="2004-08-27"/>
  <Kunden KundenNr="19027" KundEigtNr="20478" KundArt="29" KundStatus="1" KundAufDat="2004-08-27"/>
  <Kunden KundenNr="19028" KundEigtNr="20479" KundArt="1" KundStatus="3" KundAufDat="2004-08-30"/>
  <Kunden KundenNr="19029" KundEigtNr="20480" KundArt="2" KundStatus="3" KundAufDat="2004-08-30"/>
  <Kunden KundenNr="19030" KundEigtNr="20481" KundArt="8" KundStatus="3" KundAufDat="2004-08-30"/>
  <Kunden KundenNr="19031" KundEigtNr="13748" KundArt="8" KundStatus="3" KundAufDat="2004-08-30"/>
  <Kunden KundenNr="19032" KundEigtNr="20482" KundArt="2" KundStatus="3" KundAufDat="2004-08-30"/>
  <Kunden KundenNr="19033" KundEigtNr="20483" KundArt="8" KundStatus="3" KundAufDat="2004-08-30"/>
  <Kunden KundenNr="19034" KundEigtNr="20340" KundArt="29" KundStatus="1" KundAufDat="2004-08-30"/>
  <Kunden KundenNr="19035" KundEigtNr="20484" KundArt="8" KundStatus="1" KundAufDat="2004-08-30"/>
  <Kunden KundenNr="19036" KundEigtNr="20485" KundArt="8" KundStatus="3" KundAufDat="2004-08-30"/>
  <Kunden KundenNr="19037" KundEigtNr="20486" KundArt="2" KundStatus="3" KundAufDat="2004-08-30"/>
  <Kunden KundenNr="19038" KundEigtNr="20487" KundArt="2" KundStatus="3" KundAufDat="2004-08-30"/>
  <Kunden KundenNr="19039" KundEigtNr="20488" KundArt="2" KundStatus="1" KundAufDat="2004-08-30"/>
  <Kunden KundenNr="19040" KundEigtNr="20489" KundArt="1" KundStatus="3" KundAufDat="2004-08-31"/>
  <Kunden KundenNr="19041" KundEigtNr="20364" KundArt="8" KundStatus="3" KundAufDat="2004-08-31"/>
  <Kunden KundenNr="19042" KundEigtNr="20490" KundArt="8" KundStatus="3" KundAufDat="2004-08-31"/>
  <Kunden KundenNr="19043" KundEigtNr="20491" KundArt="8" KundStatus="3" KundAufDat="2004-08-31"/>
  <Kunden KundenNr="19044" KundEigtNr="20292" KundArt="29" KundStatus="1" KundAufDat="2004-08-31"/>
  <Kunden KundenNr="19045" KundEigtNr="20078" KundArt="8" KundStatus="3" KundAufDat="2004-08-31"/>
  <Kunden KundenNr="19046" KundEigtNr="20492" KundArt="8" KundStatus="3" KundAufDat="2004-08-31"/>
  <Kunden KundenNr="19047" KundEigtNr="20493" KundArt="8" KundStatus="3" KundAufDat="2004-08-31"/>
  <Kunden KundenNr="19048" KundEigtNr="20494" KundArt="2" KundStatus="3" KundAufDat="2004-08-31"/>
  <Kunden KundenNr="19049" KundEigtNr="20495" KundArt="2" KundStatus="3" KundAufDat="2004-08-31"/>
  <Kunden KundenNr="19050" KundEigtNr="20496" KundArt="8" KundStatus="3" KundAufDat="2004-08-31"/>
  <Kunden KundenNr="19051" KundEigtNr="20497" KundArt="1" KundStatus="3" KundAufDat="2004-09-01"/>
  <Kunden KundenNr="19052" KundEigtNr="19314" KundArt="1" KundStatus="3" KundAufDat="2004-09-01"/>
  <Kunden KundenNr="19053" KundEigtNr="20498" KundArt="8" KundStatus="3" KundAufDat="2004-09-01"/>
  <Kunden KundenNr="19054" KundEigtNr="20499" KundArt="8" KundStatus="3" KundAufDat="2004-09-01"/>
  <Kunden KundenNr="19055" KundEigtNr="20500" KundArt="1" KundStatus="3" KundAufDat="2004-09-01"/>
  <Kunden KundenNr="19056" KundEigtNr="20501" KundArt="2" KundStatus="3" KundAufDat="2004-09-01"/>
  <Kunden KundenNr="19057" KundEigtNr="20502" KundArt="8" KundStatus="3" KundAufDat="2004-09-01"/>
  <Kunden KundenNr="19058" KundEigtNr="19438" KundArt="2" KundStatus="1" KundAufDat="2004-09-01"/>
  <Kunden KundenNr="19059" KundEigtNr="20503" KundArt="8" KundStatus="3" KundAufDat="2004-09-01"/>
  <Kunden KundenNr="19060" KundEigtNr="20504" KundArt="8" KundStatus="3" KundAufDat="2004-09-02"/>
  <Kunden KundenNr="19061" KundEigtNr="20505" KundArt="8" KundStatus="3" KundAufDat="2004-09-02"/>
  <Kunden KundenNr="19062" KundEigtNr="20506" KundArt="29" KundStatus="1" KundAufDat="2004-09-02"/>
  <Kunden KundenNr="19063" KundEigtNr="20507" KundArt="1" KundStatus="3" KundAufDat="2004-09-02"/>
  <Kunden KundenNr="19064" KundEigtNr="20508" KundArt="2" KundStatus="3" KundAufDat="2004-09-03"/>
  <Kunden KundenNr="19065" KundEigtNr="20274" KundArt="29" KundStatus="1" KundAufDat="2004-09-03"/>
  <Kunden KundenNr="19066" KundEigtNr="20509" KundArt="2" KundStatus="3" KundAufDat="2004-09-03"/>
  <Kunden KundenNr="19067" KundEigtNr="20510" KundArt="2" KundStatus="3" KundAufDat="2004-09-03"/>
  <Kunden KundenNr="19068" KundEigtNr="20511" KundArt="8" KundStatus="3" KundAufDat="2004-09-06"/>
  <Kunden KundenNr="19069" KundEigtNr="20512" KundArt="29" KundStatus="1" KundAufDat="2004-09-06"/>
  <Kunden KundenNr="19070" KundEigtNr="20513" KundArt="2" KundStatus="1" KundAufDat="2004-09-06"/>
  <Kunden KundenNr="19071" KundEigtNr="17665" KundArt="29" KundStatus="1" KundAufDat="2004-09-06"/>
  <Kunden KundenNr="19072" KundEigtNr="20469" KundArt="29" KundStatus="1" KundAufDat="2004-09-06"/>
  <Kunden KundenNr="19073" KundEigtNr="20514" KundArt="2" KundStatus="3" KundAufDat="2004-09-06"/>
  <Kunden KundenNr="19074" KundEigtNr="20515" KundArt="2" KundStatus="3" KundAufDat="2004-09-06"/>
  <Kunden KundenNr="19075" KundEigtNr="20516" KundArt="2" KundStatus="3" KundAufDat="2004-09-06"/>
  <Kunden KundenNr="19076" KundEigtNr="20517" KundArt="2" KundStatus="3" KundAufDat="2004-09-06"/>
  <Kunden KundenNr="19077" KundEigtNr="17638" KundArt="2" KundStatus="3" KundAufDat="2004-09-06"/>
  <Kunden KundenNr="19078" KundEigtNr="20518" KundArt="29" KundStatus="1" KundAufDat="2004-09-06"/>
  <Kunden KundenNr="19079" KundEigtNr="20464" KundArt="29" KundStatus="1" KundAufDat="2004-09-06"/>
  <Kunden KundenNr="19080" KundEigtNr="20519" KundArt="29" KundStatus="1" KundAufDat="2004-09-06"/>
  <Kunden KundenNr="19081" KundEigtNr="20520" KundArt="8" KundStatus="3" KundAufDat="2004-09-06"/>
  <Kunden KundenNr="19082" KundEigtNr="20264" KundArt="29" KundStatus="1" KundAufDat="2004-09-06"/>
  <Kunden KundenNr="19083" KundEigtNr="20521" KundArt="8" KundStatus="3" KundAufDat="2004-09-07"/>
  <Kunden KundenNr="19084" KundEigtNr="20280" KundArt="29" KundStatus="1" KundAufDat="2004-09-07"/>
  <Kunden KundenNr="19085" KundEigtNr="20522" KundArt="2" KundStatus="3" KundAufDat="2004-09-07"/>
  <Kunden KundenNr="19086" KundEigtNr="20523" KundArt="8" KundStatus="3" KundAufDat="2004-09-07"/>
  <Kunden KundenNr="19087" KundEigtNr="20524" KundArt="8" KundStatus="3" KundAufDat="2004-09-07"/>
  <Kunden KundenNr="19088" KundEigtNr="20527" KundArt="29" KundStatus="1" KundAufDat="2004-09-07"/>
  <Kunden KundenNr="19089" KundEigtNr="20530" KundArt="2" KundStatus="3" KundAufDat="2004-09-07"/>
  <Kunden KundenNr="19090" KundEigtNr="20531" KundArt="2" KundStatus="3" KundAufDat="2004-09-07"/>
  <Kunden KundenNr="19091" KundEigtNr="20536" KundArt="8" KundStatus="3" KundAufDat="2004-09-08"/>
  <Kunden KundenNr="19092" KundEigtNr="20537" KundArt="8" KundStatus="3" KundAufDat="2004-09-08"/>
  <Kunden KundenNr="19093" KundEigtNr="20538" KundArt="8" KundStatus="3" KundAufDat="2004-09-08"/>
  <Kunden KundenNr="19094" KundEigtNr="20539" KundArt="8" KundStatus="3" KundAufDat="2004-09-08"/>
  <Kunden KundenNr="19095" KundEigtNr="20540" KundArt="2" KundStatus="3" KundAufDat="2004-09-08"/>
  <Kunden KundenNr="19096" KundEigtNr="20541" KundArt="2" KundStatus="1" KundAufDat="2004-09-08"/>
  <Kunden KundenNr="19097" KundEigtNr="20542" KundArt="29" KundStatus="1" KundAufDat="2004-09-08"/>
  <Kunden KundenNr="19098" KundEigtNr="20287" KundArt="29" KundStatus="1" KundAufDat="2004-09-08"/>
  <Kunden KundenNr="19099" KundEigtNr="20546" KundArt="2" KundStatus="3" KundAufDat="2004-09-09"/>
  <Kunden KundenNr="19100" KundEigtNr="20251" KundArt="2" KundStatus="3" KundAufDat="2004-09-09"/>
  <Kunden KundenNr="19101" KundEigtNr="20547" KundArt="2" KundStatus="1" KundAufDat="2004-09-09"/>
  <Kunden KundenNr="19102" KundEigtNr="20548" KundArt="2" KundStatus="3" KundAufDat="2004-09-09"/>
  <Kunden KundenNr="19103" KundEigtNr="83" KundArt="29" KundStatus="1" KundAufDat="2004-09-09"/>
  <Kunden KundenNr="19104" KundEigtNr="20549" KundArt="2" KundStatus="3" KundAufDat="2004-09-09"/>
  <Kunden KundenNr="19105" KundEigtNr="4872" KundArt="29" KundStatus="1" KundAufDat="2004-09-09"/>
  <Kunden KundenNr="19106" KundEigtNr="20550" KundArt="8" KundStatus="3" KundAufDat="2004-09-09"/>
  <Kunden KundenNr="19107" KundEigtNr="20031" KundArt="8" KundStatus="3" KundAufDat="2004-09-09"/>
  <Kunden KundenNr="19108" KundEigtNr="20551" KundArt="8" KundStatus="3" KundAufDat="2004-09-09"/>
  <Kunden KundenNr="19109" KundEigtNr="20552" KundArt="2" KundStatus="1" KundAufDat="2004-09-09"/>
  <Kunden KundenNr="19110" KundEigtNr="20442" KundArt="8" KundStatus="3" KundAufDat="2004-09-10"/>
  <Kunden KundenNr="19111" KundEigtNr="20559" KundArt="8" KundStatus="3" KundAufDat="2004-09-10"/>
  <Kunden KundenNr="19112" KundEigtNr="18958" KundArt="29" KundStatus="1" KundAufDat="2004-09-10"/>
  <Kunden KundenNr="19113" KundEigtNr="20563" KundArt="8" KundStatus="3" KundAufDat="2004-09-10"/>
  <Kunden KundenNr="19114" KundEigtNr="20564" KundArt="2" KundStatus="3" KundAufDat="2004-09-10"/>
  <Kunden KundenNr="19115" KundEigtNr="20565" KundArt="2" KundStatus="1" KundAufDat="2004-09-10"/>
  <Kunden KundenNr="19116" KundEigtNr="20566" KundArt="2" KundStatus="3" KundAufDat="2004-09-10"/>
  <Kunden KundenNr="19117" KundEigtNr="20567" KundArt="2" KundStatus="3" KundAufDat="2004-09-10"/>
  <Kunden KundenNr="19118" KundEigtNr="20568" KundArt="2" KundStatus="3" KundAufDat="2004-09-10"/>
  <Kunden KundenNr="19119" KundEigtNr="20569" KundArt="29" KundStatus="1" KundAufDat="2004-09-10"/>
  <Kunden KundenNr="19120" KundEigtNr="20570" KundArt="8" KundStatus="3" KundAufDat="2004-09-13"/>
  <Kunden KundenNr="19121" KundEigtNr="20571" KundArt="8" KundStatus="3" KundAufDat="2004-09-13"/>
  <Kunden KundenNr="19122" KundEigtNr="20572" KundArt="8" KundStatus="3" KundAufDat="2004-09-13"/>
  <Kunden KundenNr="19123" KundEigtNr="20573" KundArt="2" KundStatus="3" KundAufDat="2004-09-13"/>
  <Kunden KundenNr="19124" KundEigtNr="20574" KundArt="2" KundStatus="3" KundAufDat="2004-09-13"/>
  <Kunden KundenNr="19125" KundEigtNr="20575" KundArt="1" KundStatus="3" KundAufDat="2004-09-13"/>
  <Kunden KundenNr="19126" KundEigtNr="20576" KundArt="8" KundStatus="3" KundAufDat="2004-09-13"/>
  <Kunden KundenNr="19127" KundEigtNr="20140" KundArt="8" KundStatus="3" KundAufDat="2004-09-13"/>
  <Kunden KundenNr="19128" KundEigtNr="20578" KundArt="8" KundStatus="3" KundAufDat="2004-09-14"/>
  <Kunden KundenNr="19129" KundEigtNr="20579" KundArt="8" KundStatus="3" KundAufDat="2004-09-14"/>
  <Kunden KundenNr="19130" KundEigtNr="20580" KundArt="2" KundStatus="3" KundAufDat="2004-09-14"/>
  <Kunden KundenNr="19131" KundEigtNr="20581" KundArt="1" KundStatus="1" KundAufDat="2004-09-14"/>
  <Kunden KundenNr="19132" KundEigtNr="20582" KundArt="8" KundStatus="3" KundAufDat="2004-09-14"/>
  <Kunden KundenNr="19133" KundEigtNr="20583" KundArt="2" KundStatus="3" KundAufDat="2004-09-14"/>
  <Kunden KundenNr="19134" KundEigtNr="20584" KundArt="2" KundStatus="3" KundAufDat="2004-09-14"/>
  <Kunden KundenNr="19135" KundEigtNr="20585" KundArt="2" KundStatus="3" KundAufDat="2004-09-14"/>
  <Kunden KundenNr="19136" KundEigtNr="20586" KundArt="2" KundStatus="3" KundAufDat="2004-09-14"/>
  <Kunden KundenNr="19137" KundEigtNr="20587" KundArt="1" KundStatus="1" KundAufDat="2004-09-14"/>
  <Kunden KundenNr="19138" KundEigtNr="20588" KundArt="8" KundStatus="3" KundAufDat="2004-09-14"/>
  <Kunden KundenNr="19139" KundEigtNr="20589" KundArt="8" KundStatus="3" KundAufDat="2004-09-15"/>
  <Kunden KundenNr="19140" KundEigtNr="20590" KundArt="2" KundStatus="3" KundAufDat="2004-09-15"/>
  <Kunden KundenNr="19141" KundEigtNr="20588" KundArt="2" KundStatus="3" KundAufDat="2004-09-15"/>
  <Kunden KundenNr="19142" KundEigtNr="20591" KundArt="2" KundStatus="3" KundAufDat="2004-09-15"/>
  <Kunden KundenNr="19143" KundEigtNr="20592" KundArt="8" KundStatus="3" KundAufDat="2004-09-15"/>
  <Kunden KundenNr="19144" KundEigtNr="20593" KundArt="2" KundStatus="1" KundAufDat="2004-09-15"/>
  <Kunden KundenNr="19145" KundEigtNr="20594" KundArt="29" KundStatus="1" KundAufDat="2004-09-15"/>
  <Kunden KundenNr="19146" KundEigtNr="20595" KundArt="2" KundStatus="3" KundAufDat="2004-09-15"/>
  <Kunden KundenNr="19147" KundEigtNr="20596" KundArt="8" KundStatus="3" KundAufDat="2004-09-15"/>
  <Kunden KundenNr="19148" KundEigtNr="20597" KundArt="8" KundStatus="3" KundAufDat="2004-09-15"/>
  <Kunden KundenNr="19149" KundEigtNr="20598" KundArt="1" KundStatus="3" KundAufDat="2004-09-15"/>
  <Kunden KundenNr="19150" KundEigtNr="20599" KundArt="8" KundStatus="3" KundAufDat="2004-09-16"/>
  <Kunden KundenNr="19151" KundEigtNr="20600" KundArt="8" KundStatus="3" KundAufDat="2004-09-16"/>
  <Kunden KundenNr="19152" KundEigtNr="20601" KundArt="29" KundStatus="1" KundAufDat="2004-09-16"/>
  <Kunden KundenNr="19153" KundEigtNr="20602" KundArt="2" KundStatus="3" KundAufDat="2004-09-16"/>
  <Kunden KundenNr="19154" KundEigtNr="20603" KundArt="2" KundStatus="3" KundAufDat="2004-09-16"/>
  <Kunden KundenNr="19155" KundEigtNr="20604" KundArt="2" KundStatus="3" KundAufDat="2004-09-16"/>
  <Kunden KundenNr="19156" KundEigtNr="20605" KundArt="2" KundStatus="3" KundAufDat="2004-09-16"/>
  <Kunden KundenNr="19157" KundEigtNr="20615" KundArt="8" KundStatus="1" KundAufDat="2004-09-17"/>
  <Kunden KundenNr="19158" KundEigtNr="20616" KundArt="2" KundStatus="3" KundAufDat="2004-09-17"/>
  <Kunden KundenNr="19159" KundEigtNr="20617" KundArt="2" KundStatus="3" KundAufDat="2004-09-17"/>
  <Kunden KundenNr="19160" KundEigtNr="19675" KundArt="29" KundStatus="1" KundAufDat="2004-09-17"/>
  <Kunden KundenNr="19161" KundEigtNr="20558" KundArt="29" KundStatus="1" KundAufDat="2004-09-17"/>
  <Kunden KundenNr="19162" KundEigtNr="20618" KundArt="8" KundStatus="3" KundAufDat="2004-09-17"/>
  <Kunden KundenNr="19163" KundEigtNr="20619" KundArt="8" KundStatus="3" KundAufDat="2004-09-17"/>
  <Kunden KundenNr="19164" KundEigtNr="20620" KundArt="29" KundStatus="1" KundAufDat="2004-09-17"/>
  <Kunden KundenNr="19165" KundEigtNr="20621" KundArt="29" KundStatus="1" KundAufDat="2004-09-17"/>
  <Kunden KundenNr="19166" KundEigtNr="20622" KundArt="2" KundStatus="3" KundAufDat="2004-09-20"/>
  <Kunden KundenNr="19167" KundEigtNr="20623" KundArt="2" KundStatus="3" KundAufDat="2004-09-20"/>
  <Kunden KundenNr="19168" KundEigtNr="20624" KundArt="29" KundStatus="1" KundAufDat="2004-09-20"/>
  <Kunden KundenNr="19169" KundEigtNr="20535" KundArt="29" KundStatus="1" KundAufDat="2004-09-20"/>
  <Kunden KundenNr="19170" KundEigtNr="20625" KundArt="2" KundStatus="3" KundAufDat="2004-09-20"/>
  <Kunden KundenNr="19171" KundEigtNr="20545" KundArt="29" KundStatus="1" KundAufDat="2004-09-20"/>
  <Kunden KundenNr="19172" KundEigtNr="20556" KundArt="29" KundStatus="1" KundAufDat="2004-09-20"/>
  <Kunden KundenNr="19173" KundEigtNr="20626" KundArt="29" KundStatus="1" KundAufDat="2004-09-20"/>
  <Kunden KundenNr="19174" KundEigtNr="20627" KundArt="1" KundStatus="3" KundAufDat="2004-09-20"/>
  <Kunden KundenNr="19175" KundEigtNr="20629" KundArt="8" KundStatus="3" KundAufDat="2004-09-20"/>
  <Kunden KundenNr="19176" KundEigtNr="20630" KundArt="2" KundStatus="3" KundAufDat="2004-09-20"/>
  <Kunden KundenNr="19177" KundEigtNr="19765" KundArt="2" KundStatus="1" KundAufDat="2004-09-20"/>
  <Kunden KundenNr="19178" KundEigtNr="20631" KundArt="2" KundStatus="3" KundAufDat="2004-09-20"/>
  <Kunden KundenNr="19179" KundEigtNr="20632" KundArt="8" KundStatus="3" KundAufDat="2004-09-21"/>
  <Kunden KundenNr="19180" KundEigtNr="20633" KundArt="2" KundStatus="3" KundAufDat="2004-09-21"/>
  <Kunden KundenNr="19181" KundEigtNr="20577" KundArt="29" KundStatus="1" KundAufDat="2004-09-21"/>
  <Kunden KundenNr="19182" KundEigtNr="20634" KundArt="8" KundStatus="3" KundAufDat="2004-09-21"/>
  <Kunden KundenNr="19183" KundEigtNr="20635" KundArt="2" KundStatus="3" KundAufDat="2004-09-21"/>
  <Kunden KundenNr="19184" KundEigtNr="20636" KundArt="2" KundStatus="1" KundAufDat="2004-09-21"/>
  <Kunden KundenNr="19185" KundEigtNr="20637" KundArt="29" KundStatus="1" KundAufDat="2004-09-21"/>
  <Kunden KundenNr="19186" KundEigtNr="20638" KundArt="1" KundStatus="3" KundAufDat="2004-09-21"/>
  <Kunden KundenNr="19187" KundEigtNr="20639" KundArt="2" KundStatus="3" KundAufDat="2004-09-21"/>
  <Kunden KundenNr="19188" KundEigtNr="20640" KundArt="2" KundStatus="3" KundAufDat="2004-09-21"/>
  <Kunden KundenNr="19189" KundEigtNr="20641" KundArt="2" KundStatus="1" KundAufDat="2004-09-21"/>
  <Kunden KundenNr="19190" KundEigtNr="20642" KundArt="2" KundStatus="3" KundAufDat="2004-09-21"/>
  <Kunden KundenNr="19191" KundEigtNr="20643" KundArt="2" KundStatus="3" KundAufDat="2004-09-21"/>
  <Kunden KundenNr="19192" KundEigtNr="20644" KundArt="1" KundStatus="1" KundAufDat="2004-09-21"/>
  <Kunden KundenNr="19193" KundEigtNr="20645" KundArt="8" KundStatus="3" KundAufDat="2004-09-21"/>
  <Kunden KundenNr="19194" KundEigtNr="20646" KundArt="2" KundStatus="3" KundAufDat="2004-09-21"/>
  <Kunden KundenNr="19195" KundEigtNr="20647" KundArt="2" KundStatus="3" KundAufDat="2004-09-21"/>
  <Kunden KundenNr="19196" KundEigtNr="9394" KundArt="29" KundStatus="1" KundAufDat="2004-09-21"/>
  <Kunden KundenNr="19197" KundEigtNr="20648" KundArt="8" KundStatus="3" KundAufDat="2004-09-21"/>
  <Kunden KundenNr="19198" KundEigtNr="20649" KundArt="2" KundStatus="3" KundAufDat="2004-09-21"/>
  <Kunden KundenNr="19199" KundEigtNr="20650" KundArt="8" KundStatus="3" KundAufDat="2004-09-22"/>
  <Kunden KundenNr="19200" KundEigtNr="13312" KundArt="8" KundStatus="3" KundAufDat="2004-09-22"/>
  <Kunden KundenNr="19201" KundEigtNr="20651" KundArt="8" KundStatus="3" KundAufDat="2004-09-22"/>
  <Kunden KundenNr="19202" KundEigtNr="19792" KundArt="2" KundStatus="3" KundAufDat="2004-09-22"/>
  <Kunden KundenNr="19203" KundEigtNr="12677" KundArt="1" KundStatus="3" KundAufDat="2004-09-22"/>
  <Kunden KundenNr="19204" KundEigtNr="20652" KundArt="1" KundStatus="3" KundAufDat="2004-09-22"/>
  <Kunden KundenNr="19205" KundEigtNr="20655" KundArt="29" KundStatus="1" KundAufDat="2004-09-22"/>
  <Kunden KundenNr="19206" KundEigtNr="20554" KundArt="29" KundStatus="1" KundAufDat="2004-09-22"/>
  <Kunden KundenNr="19207" KundEigtNr="20533" KundArt="29" KundStatus="1" KundAufDat="2004-09-22"/>
  <Kunden KundenNr="19208" KundEigtNr="20656" KundArt="29" KundStatus="1" KundAufDat="2004-09-23"/>
  <Kunden KundenNr="19209" KundEigtNr="20657" KundArt="29" KundStatus="1" KundAufDat="2004-09-23"/>
  <Kunden KundenNr="19210" KundEigtNr="20658" KundArt="29" KundStatus="1" KundAufDat="2004-09-23"/>
  <Kunden KundenNr="19211" KundEigtNr="20659" KundArt="29" KundStatus="1" KundAufDat="2004-09-23"/>
  <Kunden KundenNr="19212" KundEigtNr="20661" KundArt="8" KundStatus="3" KundAufDat="2004-09-24"/>
  <Kunden KundenNr="19213" KundEigtNr="20662" KundArt="8" KundStatus="3" KundAufDat="2004-09-24"/>
  <Kunden KundenNr="19214" KundEigtNr="20663" KundArt="8" KundStatus="1" KundAufDat="2004-09-24"/>
  <Kunden KundenNr="19215" KundEigtNr="20664" KundArt="8" KundStatus="3" KundAufDat="2004-09-24"/>
  <Kunden KundenNr="19216" KundEigtNr="20665" KundArt="8" KundStatus="3" KundAufDat="2004-09-24"/>
  <Kunden KundenNr="19217" KundEigtNr="20666" KundArt="29" KundStatus="1" KundAufDat="2004-09-24"/>
  <Kunden KundenNr="19218" KundEigtNr="20667" KundArt="8" KundStatus="3" KundAufDat="2004-09-27"/>
  <Kunden KundenNr="19219" KundEigtNr="19837" KundArt="1" KundStatus="3" KundAufDat="2004-09-27"/>
  <Kunden KundenNr="19220" KundEigtNr="20668" KundArt="1" KundStatus="3" KundAufDat="2004-09-27"/>
  <Kunden KundenNr="19221" KundEigtNr="20669" KundArt="1" KundStatus="3" KundAufDat="2004-09-27"/>
  <Kunden KundenNr="19222" KundEigtNr="20670" KundArt="2" KundStatus="3" KundAufDat="2004-09-27"/>
  <Kunden KundenNr="19223" KundEigtNr="20671" KundArt="2" KundStatus="3" KundAufDat="2004-09-27"/>
  <Kunden KundenNr="19224" KundEigtNr="20672" KundArt="2" KundStatus="3" KundAufDat="2004-09-27"/>
  <Kunden KundenNr="19225" KundEigtNr="20673" KundArt="2" KundStatus="3" KundAufDat="2004-09-27"/>
  <Kunden KundenNr="19226" KundEigtNr="20674" KundArt="2" KundStatus="3" KundAufDat="2004-09-27"/>
  <Kunden KundenNr="19227" KundEigtNr="20675" KundArt="2" KundStatus="1" KundAufDat="2004-09-27"/>
  <Kunden KundenNr="19228" KundEigtNr="20676" KundArt="2" KundStatus="3" KundAufDat="2004-09-27"/>
  <Kunden KundenNr="19229" KundEigtNr="20677" KundArt="2" KundStatus="3" KundAufDat="2004-09-27"/>
  <Kunden KundenNr="19230" KundEigtNr="20555" KundArt="29" KundStatus="1" KundAufDat="2004-09-27"/>
  <Kunden KundenNr="19231" KundEigtNr="20678" KundArt="8" KundStatus="3" KundAufDat="2004-09-27"/>
  <Kunden KundenNr="19232" KundEigtNr="20561" KundArt="29" KundStatus="1" KundAufDat="2004-09-28"/>
  <Kunden KundenNr="19233" KundEigtNr="20679" KundArt="2" KundStatus="3" KundAufDat="2004-09-28"/>
  <Kunden KundenNr="19234" KundEigtNr="20680" KundArt="1" KundStatus="3" KundAufDat="2004-09-28"/>
  <Kunden KundenNr="19235" KundEigtNr="20681" KundArt="2" KundStatus="1" KundAufDat="2004-09-28"/>
  <Kunden KundenNr="19236" KundEigtNr="20682" KundArt="1" KundStatus="3" KundAufDat="2004-09-28"/>
  <Kunden KundenNr="19237" KundEigtNr="20683" KundArt="8" KundStatus="1" KundAufDat="2004-09-28"/>
  <Kunden KundenNr="19238" KundEigtNr="20684" KundArt="8" KundStatus="1" KundAufDat="2004-09-28"/>
  <Kunden KundenNr="19239" KundEigtNr="20685" KundArt="29" KundStatus="1" KundAufDat="2004-09-29"/>
  <Kunden KundenNr="19240" KundEigtNr="20686" KundArt="2" KundStatus="3" KundAufDat="2004-09-29"/>
  <Kunden KundenNr="19241" KundEigtNr="20687" KundArt="2" KundStatus="1" KundAufDat="2004-09-29"/>
  <Kunden KundenNr="19242" KundEigtNr="20688" KundArt="8" KundStatus="3" KundAufDat="2004-09-29"/>
  <Kunden KundenNr="19243" KundEigtNr="20689" KundArt="8" KundStatus="3" KundAufDat="2004-09-29"/>
  <Kunden KundenNr="19244" KundEigtNr="20690" KundArt="8" KundStatus="3" KundAufDat="2004-09-29"/>
  <Kunden KundenNr="19245" KundEigtNr="14129" KundArt="8" KundStatus="3" KundAufDat="2004-09-29"/>
  <Kunden KundenNr="19246" KundEigtNr="20691" KundArt="2" KundStatus="3" KundAufDat="2004-09-29"/>
  <Kunden KundenNr="19247" KundEigtNr="20692" KundArt="2" KundStatus="3" KundAufDat="2004-09-29"/>
  <Kunden KundenNr="19248" KundEigtNr="20693" KundArt="2" KundStatus="3" KundAufDat="2004-09-29"/>
  <Kunden KundenNr="19249" KundEigtNr="20694" KundArt="2" KundStatus="3" KundAufDat="2004-09-29"/>
  <Kunden KundenNr="19250" KundEigtNr="20695" KundArt="2" KundStatus="3" KundAufDat="2004-09-29"/>
  <Kunden KundenNr="19251" KundEigtNr="20696" KundArt="2" KundStatus="3" KundAufDat="2004-09-29"/>
  <Kunden KundenNr="19252" KundEigtNr="20513" KundArt="1" KundStatus="3" KundAufDat="2004-09-29"/>
  <Kunden KundenNr="19253" KundEigtNr="20697" KundArt="1" KundStatus="3" KundAufDat="2004-09-29"/>
  <Kunden KundenNr="19254" KundEigtNr="20698" KundArt="8" KundStatus="3" KundAufDat="2004-09-29"/>
  <Kunden KundenNr="19255" KundEigtNr="20699" KundArt="8" KundStatus="3" KundAufDat="2004-09-30"/>
  <Kunden KundenNr="19256" KundEigtNr="20700" KundArt="8" KundStatus="3" KundAufDat="2004-09-30"/>
  <Kunden KundenNr="19257" KundEigtNr="20701" KundArt="8" KundStatus="3" KundAufDat="2004-09-30"/>
  <Kunden KundenNr="19258" KundEigtNr="20702" KundArt="29" KundStatus="1" KundAufDat="2004-09-30"/>
  <Kunden KundenNr="19259" KundEigtNr="20703" KundArt="8" KundStatus="3" KundAufDat="2004-09-30"/>
  <Kunden KundenNr="19260" KundEigtNr="20704" KundArt="1" KundStatus="3" KundAufDat="2004-09-30"/>
  <Kunden KundenNr="19261" KundEigtNr="20705" KundArt="29" KundStatus="1" KundAufDat="2004-09-30"/>
  <Kunden KundenNr="19262" KundEigtNr="20706" KundArt="29" KundStatus="1" KundAufDat="2004-09-30"/>
  <Kunden KundenNr="19263" KundEigtNr="20707" KundArt="2" KundStatus="3" KundAufDat="2004-10-01"/>
  <Kunden KundenNr="19264" KundEigtNr="20708" KundArt="2" KundStatus="3" KundAufDat="2004-10-01"/>
  <Kunden KundenNr="19265" KundEigtNr="20709" KundArt="2" KundStatus="3" KundAufDat="2004-10-01"/>
  <Kunden KundenNr="19266" KundEigtNr="20710" KundArt="2" KundStatus="3" KundAufDat="2004-10-01"/>
  <Kunden KundenNr="19267" KundEigtNr="20711" KundArt="8" KundStatus="3" KundAufDat="2004-10-01"/>
  <Kunden KundenNr="19268" KundEigtNr="20712" KundArt="8" KundStatus="3" KundAufDat="2004-10-01"/>
  <Kunden KundenNr="19269" KundEigtNr="20713" KundArt="8" KundStatus="3" KundAufDat="2004-10-01"/>
  <Kunden KundenNr="19270" KundEigtNr="20714" KundArt="8" KundStatus="3" KundAufDat="2004-10-01"/>
  <Kunden KundenNr="19271" KundEigtNr="20715" KundArt="2" KundStatus="3" KundAufDat="2004-10-01"/>
  <Kunden KundenNr="19272" KundEigtNr="20716" KundArt="8" KundStatus="3" KundAufDat="2004-10-04"/>
  <Kunden KundenNr="19273" KundEigtNr="20717" KundArt="8" KundStatus="3" KundAufDat="2004-10-04"/>
  <Kunden KundenNr="19274" KundEigtNr="20718" KundArt="8" KundStatus="3" KundAufDat="2004-10-04"/>
  <Kunden KundenNr="19275" KundEigtNr="20719" KundArt="8" KundStatus="3" KundAufDat="2004-10-04"/>
  <Kunden KundenNr="19276" KundEigtNr="20720" KundArt="1" KundStatus="1" KundAufDat="2004-10-04"/>
  <Kunden KundenNr="19277" KundEigtNr="19005" KundArt="8" KundStatus="3" KundAufDat="2004-10-04"/>
  <Kunden KundenNr="19278" KundEigtNr="20721" KundArt="8" KundStatus="3" KundAufDat="2004-10-04"/>
  <Kunden KundenNr="19279" KundEigtNr="20722" KundArt="2" KundStatus="3" KundAufDat="2004-10-04"/>
  <Kunden KundenNr="19280" KundEigtNr="20723" KundArt="8" KundStatus="3" KundAufDat="2004-10-04"/>
  <Kunden KundenNr="19281" KundEigtNr="20724" KundArt="29" KundStatus="1" KundAufDat="2004-10-04"/>
  <Kunden KundenNr="19282" KundEigtNr="20725" KundArt="8" KundStatus="3" KundAufDat="2004-10-04"/>
  <Kunden KundenNr="19283" KundEigtNr="20726" KundArt="1" KundStatus="3" KundAufDat="2004-10-05"/>
  <Kunden KundenNr="19284" KundEigtNr="20654" KundArt="29" KundStatus="1" KundAufDat="2004-10-05"/>
  <Kunden KundenNr="19285" KundEigtNr="20727" KundArt="2" KundStatus="3" KundAufDat="2004-10-05"/>
  <Kunden KundenNr="19286" KundEigtNr="20728" KundArt="2" KundStatus="3" KundAufDat="2004-10-05"/>
  <Kunden KundenNr="19287" KundEigtNr="20729" KundArt="8" KundStatus="1" KundAufDat="2004-10-05"/>
  <Kunden KundenNr="19288" KundEigtNr="20730" KundArt="2" KundStatus="3" KundAufDat="2004-10-06"/>
  <Kunden KundenNr="19289" KundEigtNr="20731" KundArt="2" KundStatus="3" KundAufDat="2004-10-06"/>
  <Kunden KundenNr="19290" KundEigtNr="20732" KundArt="8" KundStatus="3" KundAufDat="2004-10-06"/>
  <Kunden KundenNr="19291" KundEigtNr="20733" KundArt="29" KundStatus="1" KundAufDat="2004-10-06"/>
  <Kunden KundenNr="19292" KundEigtNr="20734" KundArt="2" KundStatus="3" KundAufDat="2004-10-06"/>
  <Kunden KundenNr="19293" KundEigtNr="20735" KundArt="8" KundStatus="3" KundAufDat="2004-10-06"/>
  <Kunden KundenNr="19294" KundEigtNr="20736" KundArt="8" KundStatus="1" KundAufDat="2004-10-06"/>
  <Kunden KundenNr="19295" KundEigtNr="20737" KundArt="8" KundStatus="3" KundAufDat="2004-10-06"/>
  <Kunden KundenNr="19296" KundEigtNr="20760" KundArt="29" KundStatus="1" KundAufDat="2004-10-07"/>
  <Kunden KundenNr="19297" KundEigtNr="20761" KundArt="1" KundStatus="1" KundAufDat="2004-10-07"/>
  <Kunden KundenNr="19298" KundEigtNr="20762" KundArt="2" KundStatus="3" KundAufDat="2004-10-07"/>
  <Kunden KundenNr="19299" KundEigtNr="20763" KundArt="29" KundStatus="1" KundAufDat="2004-10-07"/>
  <Kunden KundenNr="19300" KundEigtNr="20764" KundArt="2" KundStatus="1" KundAufDat="2004-10-07"/>
  <Kunden KundenNr="19301" KundEigtNr="20765" KundArt="2" KundStatus="3" KundAufDat="2004-10-07"/>
  <Kunden KundenNr="19302" KundEigtNr="20766" KundArt="2" KundStatus="3" KundAufDat="2004-10-07"/>
  <Kunden KundenNr="19303" KundEigtNr="20767" KundArt="2" KundStatus="3" KundAufDat="2004-10-07"/>
  <Kunden KundenNr="19304" KundEigtNr="20768" KundArt="2" KundStatus="3" KundAufDat="2004-10-07"/>
  <Kunden KundenNr="19305" KundEigtNr="20769" KundArt="29" KundStatus="1" KundAufDat="2004-10-07"/>
  <Kunden KundenNr="19306" KundEigtNr="13615" KundArt="8" KundStatus="3" KundAufDat="2004-10-08"/>
  <Kunden KundenNr="19307" KundEigtNr="20770" KundArt="2" KundStatus="3" KundAufDat="2004-10-08"/>
  <Kunden KundenNr="19308" KundEigtNr="20135" KundArt="8" KundStatus="3" KundAufDat="2004-10-08"/>
  <Kunden KundenNr="19309" KundEigtNr="20771" KundArt="2" KundStatus="3" KundAufDat="2004-10-08"/>
  <Kunden KundenNr="19310" KundEigtNr="20772" KundArt="8" KundStatus="3" KundAufDat="2004-10-08"/>
  <Kunden KundenNr="19311" KundEigtNr="20773" KundArt="2" KundStatus="3" KundAufDat="2004-10-08"/>
  <Kunden KundenNr="19312" KundEigtNr="20774" KundArt="8" KundStatus="3" KundAufDat="2004-10-08"/>
  <Kunden KundenNr="19313" KundEigtNr="20775" KundArt="29" KundStatus="1" KundAufDat="2004-10-08"/>
  <Kunden KundenNr="19314" KundEigtNr="20776" KundArt="2" KundStatus="3" KundAufDat="2004-10-08"/>
  <Kunden KundenNr="19315" KundEigtNr="20778" KundArt="8" KundStatus="3" KundAufDat="2004-10-08"/>
  <Kunden KundenNr="19316" KundEigtNr="20779" KundArt="8" KundStatus="3" KundAufDat="2004-10-11"/>
  <Kunden KundenNr="19317" KundEigtNr="20780" KundArt="8" KundStatus="3" KundAufDat="2004-10-11"/>
  <Kunden KundenNr="19318" KundEigtNr="20781" KundArt="1" KundStatus="3" KundAufDat="2004-10-11"/>
  <Kunden KundenNr="19319" KundEigtNr="20780" KundArt="2" KundStatus="1" KundAufDat="2004-10-11"/>
  <Kunden KundenNr="19320" KundEigtNr="6166" KundArt="2" KundStatus="3" KundAufDat="2004-10-11"/>
  <Kunden KundenNr="19321" KundEigtNr="20782" KundArt="2" KundStatus="3" KundAufDat="2004-10-11"/>
  <Kunden KundenNr="19322" KundEigtNr="20782" KundArt="8" KundStatus="3" KundAufDat="2004-10-11"/>
  <Kunden KundenNr="19323" KundEigtNr="20743" KundArt="29" KundStatus="1" KundAufDat="2004-10-11"/>
  <Kunden KundenNr="19324" KundEigtNr="20788" KundArt="8" KundStatus="3" KundAufDat="2004-10-12"/>
  <Kunden KundenNr="19325" KundEigtNr="20789" KundArt="8" KundStatus="3" KundAufDat="2004-10-12"/>
  <Kunden KundenNr="19326" KundEigtNr="20790" KundArt="29" KundStatus="1" KundAufDat="2004-10-12"/>
  <Kunden KundenNr="19327" KundEigtNr="20791" KundArt="8" KundStatus="3" KundAufDat="2004-10-12"/>
  <Kunden KundenNr="19328" KundEigtNr="20792" KundArt="2" KundStatus="3" KundAufDat="2004-10-12"/>
  <Kunden KundenNr="19329" KundEigtNr="20793" KundArt="29" KundStatus="1" KundAufDat="2004-10-12"/>
  <Kunden KundenNr="19330" KundEigtNr="20794" KundArt="29" KundStatus="1" KundAufDat="2004-10-12"/>
  <Kunden KundenNr="19331" KundEigtNr="20795" KundArt="2" KundStatus="3" KundAufDat="2004-10-12"/>
  <Kunden KundenNr="19332" KundEigtNr="20796" KundArt="8" KundStatus="3" KundAufDat="2004-10-13"/>
  <Kunden KundenNr="19333" KundEigtNr="20799" KundArt="2" KundStatus="1" KundAufDat="2004-10-13"/>
  <Kunden KundenNr="19334" KundEigtNr="20801" KundArt="8" KundStatus="3" KundAufDat="2004-10-13"/>
  <Kunden KundenNr="19335" KundEigtNr="20803" KundArt="8" KundStatus="3" KundAufDat="2004-10-13"/>
  <Kunden KundenNr="19336" KundEigtNr="20813" KundArt="29" KundStatus="1" KundAufDat="2004-10-13"/>
  <Kunden KundenNr="19337" KundEigtNr="20742" KundArt="29" KundStatus="1" KundAufDat="2004-10-13"/>
  <Kunden KundenNr="19338" KundEigtNr="20826" KundArt="2" KundStatus="1" KundAufDat="2004-10-14"/>
  <Kunden KundenNr="19339" KundEigtNr="20827" KundArt="2" KundStatus="3" KundAufDat="2004-10-14"/>
  <Kunden KundenNr="19340" KundEigtNr="12184" KundArt="1" KundStatus="3" KundAufDat="2004-10-14"/>
  <Kunden KundenNr="19341" KundEigtNr="20813" KundArt="8" KundStatus="3" KundAufDat="2004-10-14"/>
  <Kunden KundenNr="19342" KundEigtNr="20828" KundArt="1" KundStatus="3" KundAufDat="2004-10-14"/>
  <Kunden KundenNr="19343" KundEigtNr="20830" KundArt="8" KundStatus="3" KundAufDat="2004-10-14"/>
  <Kunden KundenNr="19344" KundEigtNr="20543" KundArt="29" KundStatus="1" KundAufDat="2004-10-15"/>
  <Kunden KundenNr="19345" KundEigtNr="20831" KundArt="1" KundStatus="1" KundAufDat="2004-10-15"/>
  <Kunden KundenNr="19346" KundEigtNr="20797" KundArt="29" KundStatus="1" KundAufDat="2004-10-15"/>
  <Kunden KundenNr="19347" KundEigtNr="20832" KundArt="2" KundStatus="3" KundAufDat="2004-10-15"/>
  <Kunden KundenNr="19348" KundEigtNr="20833" KundArt="2" KundStatus="3" KundAufDat="2004-10-15"/>
  <Kunden KundenNr="19349" KundEigtNr="20834" KundArt="2" KundStatus="3" KundAufDat="2004-10-15"/>
  <Kunden KundenNr="19350" KundEigtNr="2603" KundArt="2" KundStatus="3" KundAufDat="2004-10-15"/>
  <Kunden KundenNr="19351" KundEigtNr="20835" KundArt="8" KundStatus="3" KundAufDat="2004-10-18"/>
  <Kunden KundenNr="19352" KundEigtNr="20836" KundArt="1" KundStatus="1" KundAufDat="2004-10-18"/>
  <Kunden KundenNr="19353" KundEigtNr="20837" KundArt="2" KundStatus="3" KundAufDat="2004-10-18"/>
  <Kunden KundenNr="19354" KundEigtNr="20838" KundArt="2" KundStatus="3" KundAufDat="2004-10-18"/>
  <Kunden KundenNr="19355" KundEigtNr="20392" KundArt="29" KundStatus="1" KundAufDat="2004-10-18"/>
  <Kunden KundenNr="19356" KundEigtNr="20839" KundArt="8" KundStatus="3" KundAufDat="2004-10-18"/>
  <Kunden KundenNr="19357" KundEigtNr="20840" KundArt="8" KundStatus="3" KundAufDat="2004-10-18"/>
  <Kunden KundenNr="19358" KundEigtNr="20841" KundArt="8" KundStatus="3" KundAufDat="2004-10-18"/>
  <Kunden KundenNr="19359" KundEigtNr="20842" KundArt="2" KundStatus="3" KundAufDat="2004-10-18"/>
  <Kunden KundenNr="19360" KundEigtNr="20843" KundArt="2" KundStatus="3" KundAufDat="2004-10-18"/>
  <Kunden KundenNr="19361" KundEigtNr="20844" KundArt="8" KundStatus="3" KundAufDat="2004-10-19"/>
  <Kunden KundenNr="19362" KundEigtNr="20818" KundArt="29" KundStatus="1" KundAufDat="2004-10-19"/>
  <Kunden KundenNr="19363" KundEigtNr="20809" KundArt="29" KundStatus="1" KundAufDat="2004-10-19"/>
  <Kunden KundenNr="19364" KundEigtNr="19735" KundArt="8" KundStatus="3" KundAufDat="2004-10-19"/>
  <Kunden KundenNr="19365" KundEigtNr="20845" KundArt="1" KundStatus="1" KundAufDat="2004-10-19"/>
  <Kunden KundenNr="19366" KundEigtNr="20846" KundArt="29" KundStatus="1" KundAufDat="2004-10-19"/>
  <Kunden KundenNr="19367" KundEigtNr="20847" KundArt="1" KundStatus="3" KundAufDat="2004-10-19"/>
  <Kunden KundenNr="19368" KundEigtNr="20848" KundArt="2" KundStatus="3" KundAufDat="2004-10-19"/>
  <Kunden KundenNr="19369" KundEigtNr="20849" KundArt="2" KundStatus="3" KundAufDat="2004-10-19"/>
  <Kunden KundenNr="19370" KundEigtNr="20850" KundArt="2" KundStatus="3" KundAufDat="2004-10-19"/>
  <Kunden KundenNr="19371" KundEigtNr="20851" KundArt="8" KundStatus="3" KundAufDat="2004-10-19"/>
  <Kunden KundenNr="19372" KundEigtNr="20856" KundArt="29" KundStatus="1" KundAufDat="2004-10-19"/>
  <Kunden KundenNr="19373" KundEigtNr="20861" KundArt="2" KundStatus="3" KundAufDat="2004-10-19"/>
  <Kunden KundenNr="19374" KundEigtNr="20862" KundArt="2" KundStatus="3" KundAufDat="2004-10-19"/>
  <Kunden KundenNr="19375" KundEigtNr="20863" KundArt="8" KundStatus="3" KundAufDat="2004-10-20"/>
  <Kunden KundenNr="19376" KundEigtNr="10254" KundArt="8" KundStatus="3" KundAufDat="2004-10-20"/>
  <Kunden KundenNr="19377" KundEigtNr="20864" KundArt="8" KundStatus="3" KundAufDat="2004-10-20"/>
  <Kunden KundenNr="19378" KundEigtNr="20866" KundArt="8" KundStatus="3" KundAufDat="2004-10-20"/>
  <Kunden KundenNr="19379" KundEigtNr="20867" KundArt="8" KundStatus="3" KundAufDat="2004-10-20"/>
  <Kunden KundenNr="19380" KundEigtNr="20868" KundArt="8" KundStatus="3" KundAufDat="2004-10-20"/>
  <Kunden KundenNr="19381" KundEigtNr="20869" KundArt="2" KundStatus="3" KundAufDat="2004-10-20"/>
  <Kunden KundenNr="19382" KundEigtNr="20738" KundArt="29" KundStatus="1" KundAufDat="2004-10-21"/>
  <Kunden KundenNr="19383" KundEigtNr="20870" KundArt="2" KundStatus="3" KundAufDat="2004-10-21"/>
  <Kunden KundenNr="19384" KundEigtNr="20871" KundArt="29" KundStatus="1" KundAufDat="2004-10-21"/>
  <Kunden KundenNr="19385" KundEigtNr="20872" KundArt="29" KundStatus="1" KundAufDat="2004-10-21"/>
  <Kunden KundenNr="19386" KundEigtNr="20873" KundArt="2" KundStatus="3" KundAufDat="2004-10-21"/>
  <Kunden KundenNr="19387" KundEigtNr="20874" KundArt="29" KundStatus="1" KundAufDat="2004-10-21"/>
  <Kunden KundenNr="19388" KundEigtNr="13791" KundArt="2" KundStatus="3" KundAufDat="2004-10-21"/>
  <Kunden KundenNr="19389" KundEigtNr="20875" KundArt="29" KundStatus="1" KundAufDat="2004-10-21"/>
  <Kunden KundenNr="19390" KundEigtNr="20876" KundArt="2" KundStatus="3" KundAufDat="2004-10-21"/>
  <Kunden KundenNr="19391" KundEigtNr="20877" KundArt="2" KundStatus="3" KundAufDat="2004-10-21"/>
  <Kunden KundenNr="19392" KundEigtNr="20878" KundArt="2" KundStatus="3" KundAufDat="2004-10-21"/>
  <Kunden KundenNr="19393" KundEigtNr="20879" KundArt="2" KundStatus="3" KundAufDat="2004-10-22"/>
  <Kunden KundenNr="19394" KundEigtNr="20880" KundArt="2" KundStatus="1" KundAufDat="2004-10-22"/>
  <Kunden KundenNr="19395" KundEigtNr="20881" KundArt="2" KundStatus="3" KundAufDat="2004-10-22"/>
  <Kunden KundenNr="19396" KundEigtNr="20882" KundArt="2" KundStatus="3" KundAufDat="2004-10-22"/>
  <Kunden KundenNr="19397" KundEigtNr="20883" KundArt="2" KundStatus="3" KundAufDat="2004-10-22"/>
  <Kunden KundenNr="19398" KundEigtNr="20884" KundArt="2" KundStatus="1" KundAufDat="2004-10-22"/>
  <Kunden KundenNr="19399" KundEigtNr="20885" KundArt="2" KundStatus="1" KundAufDat="2004-10-22"/>
  <Kunden KundenNr="19400" KundEigtNr="20886" KundArt="2" KundStatus="3" KundAufDat="2004-10-22"/>
  <Kunden KundenNr="19401" KundEigtNr="19402" KundArt="1" KundStatus="3" KundAufDat="2004-10-22"/>
  <Kunden KundenNr="19402" KundEigtNr="20887" KundArt="8" KundStatus="3" KundAufDat="2004-10-22"/>
  <Kunden KundenNr="19404" KundEigtNr="19143" KundArt="29" KundStatus="1" KundAufDat="2004-10-25"/>
  <Kunden KundenNr="19405" KundEigtNr="20889" KundArt="29" KundStatus="1" KundAufDat="2004-10-25"/>
  <Kunden KundenNr="19406" KundEigtNr="20613" KundArt="29" KundStatus="1" KundAufDat="2004-10-25"/>
  <Kunden KundenNr="19407" KundEigtNr="20890" KundArt="29" KundStatus="1" KundAufDat="2004-10-25"/>
  <Kunden KundenNr="19408" KundEigtNr="20891" KundArt="2" KundStatus="3" KundAufDat="2004-10-25"/>
  <Kunden KundenNr="19409" KundEigtNr="20892" KundArt="8" KundStatus="3" KundAufDat="2004-10-25"/>
  <Kunden KundenNr="19410" KundEigtNr="20893" KundArt="8" KundStatus="3" KundAufDat="2004-10-25"/>
  <Kunden KundenNr="19411" KundEigtNr="20894" KundArt="8" KundStatus="3" KundAufDat="2004-10-25"/>
  <Kunden KundenNr="19412" KundEigtNr="20895" KundArt="2" KundStatus="3" KundAufDat="2004-10-25"/>
  <Kunden KundenNr="19413" KundEigtNr="20896" KundArt="2" KundStatus="3" KundAufDat="2004-10-25"/>
  <Kunden KundenNr="19414" KundEigtNr="20897" KundArt="1" KundStatus="3" KundAufDat="2004-10-25"/>
  <Kunden KundenNr="19415" KundEigtNr="20898" KundArt="2" KundStatus="3" KundAufDat="2004-10-25"/>
  <Kunden KundenNr="19416" KundEigtNr="20899" KundArt="2" KundStatus="3" KundAufDat="2004-10-25"/>
  <Kunden KundenNr="19417" KundEigtNr="20900" KundArt="2" KundStatus="3" KundAufDat="2004-10-26"/>
  <Kunden KundenNr="19418" KundEigtNr="20901" KundArt="2" KundStatus="3" KundAufDat="2004-10-27"/>
  <Kunden KundenNr="19419" KundEigtNr="20800" KundArt="29" KundStatus="1" KundAufDat="2004-10-27"/>
  <Kunden KundenNr="19420" KundEigtNr="14764" KundArt="29" KundStatus="1" KundAufDat="2004-10-27"/>
  <Kunden KundenNr="19421" KundEigtNr="20902" KundArt="2" KundStatus="3" KundAufDat="2004-10-27"/>
  <Kunden KundenNr="19422" KundEigtNr="20903" KundArt="2" KundStatus="1" KundAufDat="2004-10-27"/>
  <Kunden KundenNr="19423" KundEigtNr="20904" KundArt="1" KundStatus="3" KundAufDat="2004-10-27"/>
  <Kunden KundenNr="19424" KundEigtNr="20905" KundArt="8" KundStatus="3" KundAufDat="2004-10-27"/>
  <Kunden KundenNr="19425" KundEigtNr="20906" KundArt="8" KundStatus="3" KundAufDat="2004-10-28"/>
  <Kunden KundenNr="19426" KundEigtNr="20907" KundArt="2" KundStatus="1" KundAufDat="2004-10-28"/>
  <Kunden KundenNr="19427" KundEigtNr="20908" KundArt="2" KundStatus="1" KundAufDat="2004-10-28"/>
  <Kunden KundenNr="19428" KundEigtNr="20909" KundArt="8" KundStatus="3" KundAufDat="2004-10-28"/>
  <Kunden KundenNr="19429" KundEigtNr="20910" KundArt="2" KundStatus="1" KundAufDat="2004-10-28"/>
  <Kunden KundenNr="19430" KundEigtNr="20911" KundArt="2" KundStatus="3" KundAufDat="2004-10-29"/>
  <Kunden KundenNr="19431" KundEigtNr="20912" KundArt="8" KundStatus="1" KundAufDat="2004-10-29"/>
  <Kunden KundenNr="19432" KundEigtNr="20913" KundArt="1" KundStatus="3" KundAufDat="2004-10-29"/>
  <Kunden KundenNr="19433" KundEigtNr="20914" KundArt="8" KundStatus="3" KundAufDat="2004-10-29"/>
  <Kunden KundenNr="19434" KundEigtNr="20915" KundArt="2" KundStatus="3" KundAufDat="2004-11-01"/>
  <Kunden KundenNr="19435" KundEigtNr="20916" KundArt="8" KundStatus="3" KundAufDat="2004-11-01"/>
  <Kunden KundenNr="19436" KundEigtNr="20917" KundArt="1" KundStatus="3" KundAufDat="2004-11-01"/>
  <Kunden KundenNr="19437" KundEigtNr="20918" KundArt="29" KundStatus="1" KundAufDat="2004-11-01"/>
  <Kunden KundenNr="19438" KundEigtNr="20919" KundArt="8" KundStatus="3" KundAufDat="2004-11-01"/>
  <Kunden KundenNr="19439" KundEigtNr="20920" KundArt="1" KundStatus="1" KundAufDat="2004-11-01"/>
  <Kunden KundenNr="19440" KundEigtNr="20921" KundArt="2" KundStatus="3" KundAufDat="2004-11-01"/>
  <Kunden KundenNr="19441" KundEigtNr="20922" KundArt="2" KundStatus="3" KundAufDat="2004-11-01"/>
  <Kunden KundenNr="19442" KundEigtNr="20923" KundArt="8" KundStatus="3" KundAufDat="2004-11-01"/>
  <Kunden KundenNr="19443" KundEigtNr="20924" KundArt="2" KundStatus="3" KundAufDat="2004-11-01"/>
  <Kunden KundenNr="19444" KundEigtNr="20925" KundArt="1" KundStatus="3" KundAufDat="2004-11-01"/>
  <Kunden KundenNr="19445" KundEigtNr="20926" KundArt="29" KundStatus="1" KundAufDat="2004-11-01"/>
  <Kunden KundenNr="19446" KundEigtNr="20927" KundArt="1" KundStatus="3" KundAufDat="2004-11-01"/>
  <Kunden KundenNr="19447" KundEigtNr="20928" KundArt="8" KundStatus="3" KundAufDat="2004-11-01"/>
  <Kunden KundenNr="19448" KundEigtNr="20929" KundArt="8" KundStatus="3" KundAufDat="2004-11-01"/>
  <Kunden KundenNr="19449" KundEigtNr="20930" KundArt="8" KundStatus="3" KundAufDat="2004-11-01"/>
  <Kunden KundenNr="19450" KundEigtNr="20931" KundArt="29" KundStatus="1" KundAufDat="2004-11-02"/>
  <Kunden KundenNr="19451" KundEigtNr="20932" KundArt="2" KundStatus="3" KundAufDat="2004-11-02"/>
  <Kunden KundenNr="19452" KundEigtNr="20933" KundArt="8" KundStatus="3" KundAufDat="2004-11-02"/>
  <Kunden KundenNr="19453" KundEigtNr="20934" KundArt="2" KundStatus="3" KundAufDat="2004-11-02"/>
  <Kunden KundenNr="19454" KundEigtNr="20935" KundArt="8" KundStatus="3" KundAufDat="2004-11-02"/>
  <Kunden KundenNr="19455" KundEigtNr="20936" KundArt="2" KundStatus="3" KundAufDat="2004-11-02"/>
  <Kunden KundenNr="19456" KundEigtNr="20937" KundArt="2" KundStatus="3" KundAufDat="2004-11-02"/>
  <Kunden KundenNr="19457" KundEigtNr="20938" KundArt="8" KundStatus="3" KundAufDat="2004-11-02"/>
  <Kunden KundenNr="19458" KundEigtNr="20939" KundArt="29" KundStatus="1" KundAufDat="2004-11-02"/>
  <Kunden KundenNr="19459" KundEigtNr="20940" KundArt="2" KundStatus="3" KundAufDat="2004-11-02"/>
  <Kunden KundenNr="19460" KundEigtNr="20941" KundArt="2" KundStatus="3" KundAufDat="2004-11-02"/>
  <Kunden KundenNr="19461" KundEigtNr="20942" KundArt="2" KundStatus="3" KundAufDat="2004-11-02"/>
  <Kunden KundenNr="19462" KundEigtNr="20943" KundArt="2" KundStatus="3" KundAufDat="2004-11-02"/>
  <Kunden KundenNr="19463" KundEigtNr="20944" KundArt="2" KundStatus="3" KundAufDat="2004-11-02"/>
  <Kunden KundenNr="19464" KundEigtNr="20953" KundArt="8" KundStatus="3" KundAufDat="2004-11-03"/>
  <Kunden KundenNr="19465" KundEigtNr="20955" KundArt="1" KundStatus="3" KundAufDat="2004-11-04"/>
  <Kunden KundenNr="19466" KundEigtNr="20956" KundArt="1" KundStatus="3" KundAufDat="2004-11-04"/>
  <Kunden KundenNr="19467" KundEigtNr="20957" KundArt="8" KundStatus="3" KundAufDat="2004-11-04"/>
  <Kunden KundenNr="19468" KundEigtNr="20958" KundArt="2" KundStatus="3" KundAufDat="2004-11-04"/>
  <Kunden KundenNr="19469" KundEigtNr="20959" KundArt="8" KundStatus="3" KundAufDat="2004-11-05"/>
  <Kunden KundenNr="19470" KundEigtNr="20960" KundArt="29" KundStatus="1" KundAufDat="2004-11-05"/>
  <Kunden KundenNr="19471" KundEigtNr="20961" KundArt="29" KundStatus="1" KundAufDat="2004-11-05"/>
  <Kunden KundenNr="19472" KundEigtNr="20962" KundArt="2" KundStatus="3" KundAufDat="2004-11-05"/>
  <Kunden KundenNr="19473" KundEigtNr="20963" KundArt="2" KundStatus="1" KundAufDat="2004-11-05"/>
  <Kunden KundenNr="19474" KundEigtNr="20964" KundArt="2" KundStatus="3" KundAufDat="2004-11-05"/>
  <Kunden KundenNr="19475" KundEigtNr="20965" KundArt="2" KundStatus="3" KundAufDat="2004-11-05"/>
  <Kunden KundenNr="19476" KundEigtNr="20966" KundArt="2" KundStatus="3" KundAufDat="2004-11-05"/>
  <Kunden KundenNr="19477" KundEigtNr="20967" KundArt="29" KundStatus="1" KundAufDat="2004-11-05"/>
  <Kunden KundenNr="19478" KundEigtNr="20968" KundArt="2" KundStatus="3" KundAufDat="2004-11-05"/>
  <Kunden KundenNr="19479" KundEigtNr="20959" KundArt="2" KundStatus="3" KundAufDat="2004-11-08"/>
  <Kunden KundenNr="19480" KundEigtNr="20969" KundArt="2" KundStatus="3" KundAufDat="2004-11-08"/>
  <Kunden KundenNr="19481" KundEigtNr="20970" KundArt="2" KundStatus="3" KundAufDat="2004-11-08"/>
  <Kunden KundenNr="19482" KundEigtNr="20971" KundArt="8" KundStatus="3" KundAufDat="2004-11-08"/>
  <Kunden KundenNr="19483" KundEigtNr="20972" KundArt="2" KundStatus="1" KundAufDat="2004-11-08"/>
  <Kunden KundenNr="19484" KundEigtNr="20973" KundArt="1" KundStatus="1" KundAufDat="2004-11-08"/>
  <Kunden KundenNr="19485" KundEigtNr="20974" KundArt="8" KundStatus="3" KundAufDat="2004-11-08"/>
  <Kunden KundenNr="19486" KundEigtNr="20975" KundArt="2" KundStatus="3" KundAufDat="2004-11-08"/>
  <Kunden KundenNr="19487" KundEigtNr="15875" KundArt="2" KundStatus="1" KundAufDat="2004-11-08"/>
  <Kunden KundenNr="19488" KundEigtNr="20976" KundArt="8" KundStatus="3" KundAufDat="2004-11-08"/>
  <Kunden KundenNr="19489" KundEigtNr="20977" KundArt="1" KundStatus="3" KundAufDat="2004-11-08"/>
  <Kunden KundenNr="19490" KundEigtNr="20978" KundArt="2" KundStatus="3" KundAufDat="2004-11-08"/>
  <Kunden KundenNr="19491" KundEigtNr="20979" KundArt="2" KundStatus="3" KundAufDat="2004-11-08"/>
  <Kunden KundenNr="19492" KundEigtNr="20980" KundArt="1" KundStatus="3" KundAufDat="2004-11-08"/>
  <Kunden KundenNr="19493" KundEigtNr="20981" KundArt="8" KundStatus="3" KundAufDat="2004-11-09"/>
  <Kunden KundenNr="19495" KundEigtNr="20983" KundArt="2" KundStatus="1" KundAufDat="2004-11-09"/>
  <Kunden KundenNr="19496" KundEigtNr="20984" KundArt="2" KundStatus="3" KundAufDat="2004-11-09"/>
  <Kunden KundenNr="19497" KundEigtNr="20985" KundArt="2" KundStatus="3" KundAufDat="2004-11-10"/>
  <Kunden KundenNr="19498" KundEigtNr="20987" KundArt="8" KundStatus="3" KundAufDat="2004-11-10"/>
  <Kunden KundenNr="19499" KundEigtNr="20988" KundArt="8" KundStatus="3" KundAufDat="2004-11-10"/>
  <Kunden KundenNr="19500" KundEigtNr="20989" KundArt="2" KundStatus="3" KundAufDat="2004-11-10"/>
  <Kunden KundenNr="19501" KundEigtNr="20990" KundArt="2" KundStatus="3" KundAufDat="2004-11-10"/>
  <Kunden KundenNr="19502" KundEigtNr="20991" KundArt="2" KundStatus="3" KundAufDat="2004-11-10"/>
  <Kunden KundenNr="19503" KundEigtNr="20992" KundArt="8" KundStatus="3" KundAufDat="2004-11-10"/>
  <Kunden KundenNr="19504" KundEigtNr="20993" KundArt="8" KundStatus="3" KundAufDat="2004-11-10"/>
  <Kunden KundenNr="19505" KundEigtNr="20952" KundArt="29" KundStatus="1" KundAufDat="2004-11-11"/>
  <Kunden KundenNr="19506" KundEigtNr="20998" KundArt="8" KundStatus="3" KundAufDat="2004-11-11"/>
  <Kunden KundenNr="19507" KundEigtNr="20999" KundArt="1" KundStatus="3" KundAufDat="2004-11-11"/>
  <Kunden KundenNr="19508" KundEigtNr="21000" KundArt="8" KundStatus="3" KundAufDat="2004-11-11"/>
  <Kunden KundenNr="19509" KundEigtNr="21005" KundArt="1" KundStatus="3" KundAufDat="2004-11-11"/>
  <Kunden KundenNr="19510" KundEigtNr="21007" KundArt="2" KundStatus="1" KundAufDat="2004-11-11"/>
  <Kunden KundenNr="19512" KundEigtNr="21009" KundArt="2" KundStatus="1" KundAufDat="2004-11-11"/>
  <Kunden KundenNr="19513" KundEigtNr="21010" KundArt="1" KundStatus="3" KundAufDat="2004-11-11"/>
  <Kunden KundenNr="19514" KundEigtNr="21011" KundArt="8" KundStatus="3" KundAufDat="2004-11-11"/>
  <Kunden KundenNr="19515" KundEigtNr="21012" KundArt="2" KundStatus="3" KundAufDat="2004-11-12"/>
  <Kunden KundenNr="19516" KundEigtNr="21013" KundArt="8" KundStatus="3" KundAufDat="2004-11-12"/>
  <Kunden KundenNr="19517" KundEigtNr="21014" KundArt="2" KundStatus="3" KundAufDat="2004-11-12"/>
  <Kunden KundenNr="19518" KundEigtNr="20777" KundArt="29" KundStatus="1" KundAufDat="2004-11-12"/>
  <Kunden KundenNr="19519" KundEigtNr="21015" KundArt="1" KundStatus="3" KundAufDat="2004-11-12"/>
  <Kunden KundenNr="19520" KundEigtNr="21016" KundArt="2" KundStatus="3" KundAufDat="2004-11-12"/>
  <Kunden KundenNr="19521" KundEigtNr="21017" KundArt="2" KundStatus="3" KundAufDat="2004-11-13"/>
  <Kunden KundenNr="19522" KundEigtNr="16122" KundArt="2" KundStatus="3" KundAufDat="2004-11-13"/>
  <Kunden KundenNr="19523" KundEigtNr="21018" KundArt="2" KundStatus="3" KundAufDat="2004-11-13"/>
  <Kunden KundenNr="19524" KundEigtNr="21019" KundArt="2" KundStatus="3" KundAufDat="2004-11-15"/>
  <Kunden KundenNr="19525" KundEigtNr="21020" KundArt="2" KundStatus="3" KundAufDat="2004-11-15"/>
  <Kunden KundenNr="19526" KundEigtNr="21021" KundArt="8" KundStatus="3" KundAufDat="2004-11-15"/>
  <Kunden KundenNr="19527" KundEigtNr="21022" KundArt="8" KundStatus="3" KundAufDat="2004-11-15"/>
  <Kunden KundenNr="19528" KundEigtNr="21023" KundArt="2" KundStatus="3" KundAufDat="2004-11-15"/>
  <Kunden KundenNr="19529" KundEigtNr="21024" KundArt="2" KundStatus="1" KundAufDat="2004-11-15"/>
  <Kunden KundenNr="19530" KundEigtNr="21025" KundArt="2" KundStatus="1" KundAufDat="2004-11-15"/>
  <Kunden KundenNr="19531" KundEigtNr="21027" KundArt="1" KundStatus="3" KundAufDat="2004-11-15"/>
  <Kunden KundenNr="19532" KundEigtNr="21028" KundArt="8" KundStatus="3" KundAufDat="2004-11-15"/>
  <Kunden KundenNr="19533" KundEigtNr="21029" KundArt="2" KundStatus="3" KundAufDat="2004-11-15"/>
  <Kunden KundenNr="19534" KundEigtNr="21030" KundArt="2" KundStatus="3" KundAufDat="2004-11-15"/>
  <Kunden KundenNr="19535" KundEigtNr="21031" KundArt="2" KundStatus="3" KundAufDat="2004-11-15"/>
  <Kunden KundenNr="19536" KundEigtNr="21032" KundArt="2" KundStatus="1" KundAufDat="2004-11-16"/>
  <Kunden KundenNr="19537" KundEigtNr="21033" KundArt="2" KundStatus="3" KundAufDat="2004-11-16"/>
  <Kunden KundenNr="19538" KundEigtNr="21034" KundArt="2" KundStatus="3" KundAufDat="2004-11-16"/>
  <Kunden KundenNr="19539" KundEigtNr="21035" KundArt="2" KundStatus="3" KundAufDat="2004-11-16"/>
  <Kunden KundenNr="19540" KundEigtNr="21036" KundArt="2" KundStatus="3" KundAufDat="2004-11-16"/>
  <Kunden KundenNr="19541" KundEigtNr="21037" KundArt="2" KundStatus="3" KundAufDat="2004-11-16"/>
  <Kunden KundenNr="19542" KundEigtNr="21038" KundArt="2" KundStatus="1" KundAufDat="2004-11-16"/>
  <Kunden KundenNr="19543" KundEigtNr="21039" KundArt="8" KundStatus="3" KundAufDat="2004-11-16"/>
  <Kunden KundenNr="19544" KundEigtNr="21040" KundArt="29" KundStatus="1" KundAufDat="2004-11-16"/>
  <Kunden KundenNr="19545" KundEigtNr="20815" KundArt="29" KundStatus="1" KundAufDat="2004-11-16"/>
  <Kunden KundenNr="19546" KundEigtNr="21041" KundArt="29" KundStatus="1" KundAufDat="2004-11-16"/>
  <Kunden KundenNr="19547" KundEigtNr="21042" KundArt="29" KundStatus="1" KundAufDat="2004-11-17"/>
  <Kunden KundenNr="19548" KundEigtNr="21045" KundArt="2" KundStatus="3" KundAufDat="2004-11-17"/>
  <Kunden KundenNr="19549" KundEigtNr="21046" KundArt="1" KundStatus="1" KundAufDat="2004-11-17"/>
  <Kunden KundenNr="19550" KundEigtNr="21048" KundArt="2" KundStatus="1" KundAufDat="2004-11-17"/>
  <Kunden KundenNr="19551" KundEigtNr="21052" KundArt="8" KundStatus="3" KundAufDat="2004-11-17"/>
  <Kunden KundenNr="19552" KundEigtNr="21056" KundArt="1" KundStatus="3" KundAufDat="2004-11-17"/>
  <Kunden KundenNr="19553" KundEigtNr="21061" KundArt="2" KundStatus="3" KundAufDat="2004-11-17"/>
  <Kunden KundenNr="19555" KundEigtNr="21067" KundArt="29" KundStatus="1" KundAufDat="2004-11-17"/>
  <Kunden KundenNr="19556" KundEigtNr="20986" KundArt="29" KundStatus="1" KundAufDat="2004-11-17"/>
  <Kunden KundenNr="19557" KundEigtNr="21068" KundArt="8" KundStatus="3" KundAufDat="2004-11-18"/>
  <Kunden KundenNr="19558" KundEigtNr="21069" KundArt="2" KundStatus="1" KundAufDat="2004-11-18"/>
  <Kunden KundenNr="19559" KundEigtNr="21070" KundArt="2" KundStatus="1" KundAufDat="2004-11-18"/>
  <Kunden KundenNr="19560" KundEigtNr="21073" KundArt="2" KundStatus="1" KundAufDat="2004-11-18"/>
  <Kunden KundenNr="19561" KundEigtNr="21075" KundArt="2" KundStatus="3" KundAufDat="2004-11-18"/>
  <Kunden KundenNr="19562" KundEigtNr="21076" KundArt="8" KundStatus="3" KundAufDat="2004-11-18"/>
  <Kunden KundenNr="19563" KundEigtNr="21078" KundArt="29" KundStatus="1" KundAufDat="2004-11-18"/>
  <Kunden KundenNr="19564" KundEigtNr="21079" KundArt="29" KundStatus="1" KundAufDat="2004-11-18"/>
  <Kunden KundenNr="19565" KundEigtNr="20189" KundArt="29" KundStatus="1" KundAufDat="2004-11-19"/>
  <Kunden KundenNr="19566" KundEigtNr="21080" KundArt="1" KundStatus="3" KundAufDat="2004-11-19"/>
  <Kunden KundenNr="19567" KundEigtNr="21081" KundArt="29" KundStatus="1" KundAufDat="2004-11-19"/>
  <Kunden KundenNr="19568" KundEigtNr="21082" KundArt="29" KundStatus="1" KundAufDat="2004-11-19"/>
  <Kunden KundenNr="19569" KundEigtNr="21083" KundArt="8" KundStatus="3" KundAufDat="2004-11-19"/>
  <Kunden KundenNr="19570" KundEigtNr="21084" KundArt="8" KundStatus="3" KundAufDat="2004-11-22"/>
  <Kunden KundenNr="19571" KundEigtNr="21085" KundArt="1" KundStatus="3" KundAufDat="2004-11-22"/>
  <Kunden KundenNr="19572" KundEigtNr="21086" KundArt="1" KundStatus="1" KundAufDat="2004-11-22"/>
  <Kunden KundenNr="19573" KundEigtNr="21087" KundArt="2" KundStatus="3" KundAufDat="2004-11-22"/>
  <Kunden KundenNr="19574" KundEigtNr="19923" KundArt="1" KundStatus="1" KundAufDat="2004-11-22"/>
  <Kunden KundenNr="19575" KundEigtNr="21088" KundArt="8" KundStatus="3" KundAufDat="2004-11-22"/>
  <Kunden KundenNr="19576" KundEigtNr="21089" KundArt="2" KundStatus="3" KundAufDat="2004-11-22"/>
  <Kunden KundenNr="19577" KundEigtNr="21090" KundArt="29" KundStatus="1" KundAufDat="2004-11-22"/>
  <Kunden KundenNr="19578" KundEigtNr="20994" KundArt="29" KundStatus="1" KundAufDat="2004-11-22"/>
  <Kunden KundenNr="19579" KundEigtNr="21091" KundArt="29" KundStatus="1" KundAufDat="2004-11-22"/>
  <Kunden KundenNr="19580" KundEigtNr="4344" KundArt="1" KundStatus="3" KundAufDat="2004-11-22"/>
  <Kunden KundenNr="19581" KundEigtNr="21092" KundArt="2" KundStatus="3" KundAufDat="2004-11-22"/>
  <Kunden KundenNr="19582" KundEigtNr="21093" KundArt="8" KundStatus="3" KundAufDat="2004-11-22"/>
  <Kunden KundenNr="19583" KundEigtNr="21094" KundArt="8" KundStatus="3" KundAufDat="2004-11-22"/>
  <Kunden KundenNr="19584" KundEigtNr="21095" KundArt="8" KundStatus="3" KundAufDat="2004-11-22"/>
  <Kunden KundenNr="19585" KundEigtNr="21096" KundArt="1" KundStatus="3" KundAufDat="2004-11-23"/>
  <Kunden KundenNr="19586" KundEigtNr="21097" KundArt="2" KundStatus="3" KundAufDat="2004-11-23"/>
  <Kunden KundenNr="19587" KundEigtNr="21098" KundArt="2" KundStatus="3" KundAufDat="2004-11-23"/>
  <Kunden KundenNr="19588" KundEigtNr="21099" KundArt="29" KundStatus="1" KundAufDat="2004-11-23"/>
  <Kunden KundenNr="19589" KundEigtNr="21100" KundArt="1" KundStatus="3" KundAufDat="2004-11-23"/>
  <Kunden KundenNr="19590" KundEigtNr="21101" KundArt="8" KundStatus="3" KundAufDat="2004-11-23"/>
  <Kunden KundenNr="19591" KundEigtNr="21102" KundArt="2" KundStatus="3" KundAufDat="2004-11-23"/>
  <Kunden KundenNr="19592" KundEigtNr="2154" KundArt="1" KundStatus="1" KundAufDat="2004-11-24"/>
  <Kunden KundenNr="19593" KundEigtNr="21107" KundArt="2" KundStatus="3" KundAufDat="2004-11-24"/>
  <Kunden KundenNr="19594" KundEigtNr="21109" KundArt="2" KundStatus="1" KundAufDat="2004-11-24"/>
  <Kunden KundenNr="19595" KundEigtNr="21121" KundArt="2" KundStatus="3" KundAufDat="2004-11-24"/>
  <Kunden KundenNr="19596" KundEigtNr="21122" KundArt="8" KundStatus="3" KundAufDat="2004-11-24"/>
  <Kunden KundenNr="19597" KundEigtNr="21123" KundArt="2" KundStatus="3" KundAufDat="2004-11-25"/>
  <Kunden KundenNr="19598" KundEigtNr="21125" KundArt="2" KundStatus="3" KundAufDat="2004-11-25"/>
  <Kunden KundenNr="19599" KundEigtNr="21126" KundArt="2" KundStatus="1" KundAufDat="2004-11-25"/>
  <Kunden KundenNr="19600" KundEigtNr="20387" KundArt="29" KundStatus="1" KundAufDat="2004-11-25"/>
  <Kunden KundenNr="19601" KundEigtNr="21127" KundArt="1" KundStatus="1" KundAufDat="2004-11-25"/>
  <Kunden KundenNr="19602" KundEigtNr="21128" KundArt="8" KundStatus="3" KundAufDat="2004-11-25"/>
  <Kunden KundenNr="19603" KundEigtNr="21129" KundArt="8" KundStatus="3" KundAufDat="2004-11-25"/>
  <Kunden KundenNr="19604" KundEigtNr="21130" KundArt="8" KundStatus="3" KundAufDat="2004-11-26"/>
  <Kunden KundenNr="19605" KundEigtNr="21131" KundArt="8" KundStatus="3" KundAufDat="2004-11-26"/>
  <Kunden KundenNr="19606" KundEigtNr="21132" KundArt="29" KundStatus="1" KundAufDat="2004-11-26"/>
  <Kunden KundenNr="19607" KundEigtNr="21133" KundArt="1" KundStatus="3" KundAufDat="2004-11-26"/>
  <Kunden KundenNr="19608" KundEigtNr="21051" KundArt="29" KundStatus="1" KundAufDat="2004-11-26"/>
  <Kunden KundenNr="19609" KundEigtNr="21134" KundArt="29" KundStatus="1" KundAufDat="2004-11-26"/>
  <Kunden KundenNr="19610" KundEigtNr="21135" KundArt="29" KundStatus="1" KundAufDat="2004-11-26"/>
  <Kunden KundenNr="19611" KundEigtNr="21136" KundArt="29" KundStatus="1" KundAufDat="2004-11-26"/>
  <Kunden KundenNr="19612" KundEigtNr="21137" KundArt="2" KundStatus="1" KundAufDat="2004-11-26"/>
  <Kunden KundenNr="19613" KundEigtNr="21138" KundArt="8" KundStatus="1" KundAufDat="2004-11-26"/>
  <Kunden KundenNr="19614" KundEigtNr="21139" KundArt="2" KundStatus="3" KundAufDat="2004-11-27"/>
  <Kunden KundenNr="19615" KundEigtNr="21140" KundArt="2" KundStatus="3" KundAufDat="2004-11-27"/>
  <Kunden KundenNr="19616" KundEigtNr="21141" KundArt="2" KundStatus="1" KundAufDat="2004-11-27"/>
  <Kunden KundenNr="19617" KundEigtNr="21142" KundArt="2" KundStatus="3" KundAufDat="2004-11-29"/>
  <Kunden KundenNr="19618" KundEigtNr="20682" KundArt="2" KundStatus="3" KundAufDat="2004-11-29"/>
  <Kunden KundenNr="19619" KundEigtNr="21143" KundArt="2" KundStatus="3" KundAufDat="2004-11-29"/>
  <Kunden KundenNr="19620" KundEigtNr="21144" KundArt="8" KundStatus="3" KundAufDat="2004-11-29"/>
  <Kunden KundenNr="19621" KundEigtNr="21145" KundArt="8" KundStatus="3" KundAufDat="2004-11-29"/>
  <Kunden KundenNr="19622" KundEigtNr="21146" KundArt="2" KundStatus="3" KundAufDat="2004-11-29"/>
  <Kunden KundenNr="19623" KundEigtNr="21147" KundArt="29" KundStatus="1" KundAufDat="2004-11-29"/>
  <Kunden KundenNr="19624" KundEigtNr="5765" KundArt="1" KundStatus="3" KundAufDat="2004-11-29"/>
  <Kunden KundenNr="19625" KundEigtNr="21148" KundArt="2" KundStatus="3" KundAufDat="2004-11-29"/>
  <Kunden KundenNr="19626" KundEigtNr="21149" KundArt="1" KundStatus="3" KundAufDat="2004-11-29"/>
  <Kunden KundenNr="19627" KundEigtNr="21150" KundArt="1" KundStatus="3" KundAufDat="2004-11-29"/>
  <Kunden KundenNr="19628" KundEigtNr="21151" KundArt="2" KundStatus="3" KundAufDat="2004-11-29"/>
  <Kunden KundenNr="19629" KundEigtNr="21152" KundArt="2" KundStatus="3" KundAufDat="2004-11-29"/>
  <Kunden KundenNr="19630" KundEigtNr="20040" KundArt="8" KundStatus="3" KundAufDat="2004-11-29"/>
  <Kunden KundenNr="19631" KundEigtNr="21157" KundArt="8" KundStatus="3" KundAufDat="2004-11-29"/>
  <Kunden KundenNr="19632" KundEigtNr="21158" KundArt="2" KundStatus="3" KundAufDat="2004-11-29"/>
  <Kunden KundenNr="19633" KundEigtNr="21159" KundArt="2" KundStatus="3" KundAufDat="2004-11-29"/>
  <Kunden KundenNr="19634" KundEigtNr="21160" KundArt="2" KundStatus="1" KundAufDat="2004-11-29"/>
  <Kunden KundenNr="19635" KundEigtNr="21161" KundArt="8" KundStatus="3" KundAufDat="2004-11-29"/>
  <Kunden KundenNr="19636" KundEigtNr="21162" KundArt="8" KundStatus="3" KundAufDat="2004-11-29"/>
  <Kunden KundenNr="19637" KundEigtNr="21163" KundArt="8" KundStatus="3" KundAufDat="2004-11-30"/>
  <Kunden KundenNr="19638" KundEigtNr="21164" KundArt="8" KundStatus="3" KundAufDat="2004-11-30"/>
  <Kunden KundenNr="19639" KundEigtNr="21165" KundArt="1" KundStatus="3" KundAufDat="2004-11-30"/>
  <Kunden KundenNr="19640" KundEigtNr="21168" KundArt="29" KundStatus="1" KundAufDat="2004-11-30"/>
  <Kunden KundenNr="19641" KundEigtNr="21169" KundArt="8" KundStatus="3" KundAufDat="2004-11-30"/>
  <Kunden KundenNr="19642" KundEigtNr="21170" KundArt="8" KundStatus="3" KundAufDat="2004-11-30"/>
  <Kunden KundenNr="19643" KundEigtNr="21171" KundArt="2" KundStatus="3" KundAufDat="2004-11-30"/>
  <Kunden KundenNr="19644" KundEigtNr="21174" KundArt="2" KundStatus="3" KundAufDat="2004-11-30"/>
  <Kunden KundenNr="19645" KundEigtNr="21176" KundArt="2" KundStatus="3" KundAufDat="2004-11-30"/>
  <Kunden KundenNr="19646" KundEigtNr="21177" KundArt="2" KundStatus="3" KundAufDat="2004-11-30"/>
  <Kunden KundenNr="19647" KundEigtNr="21178" KundArt="29" KundStatus="1" KundAufDat="2004-11-30"/>
  <Kunden KundenNr="19648" KundEigtNr="21179" KundArt="8" KundStatus="3" KundAufDat="2004-11-30"/>
  <Kunden KundenNr="19649" KundEigtNr="21180" KundArt="2" KundStatus="3" KundAufDat="2004-11-30"/>
  <Kunden KundenNr="19650" KundEigtNr="21181" KundArt="2" KundStatus="3" KundAufDat="2004-11-30"/>
  <Kunden KundenNr="19651" KundEigtNr="21182" KundArt="1" KundStatus="3" KundAufDat="2004-11-30"/>
  <Kunden KundenNr="19652" KundEigtNr="21183" KundArt="2" KundStatus="3" KundAufDat="2004-12-01"/>
  <Kunden KundenNr="19653" KundEigtNr="21184" KundArt="2" KundStatus="1" KundAufDat="2004-12-01"/>
  <Kunden KundenNr="19654" KundEigtNr="21185" KundArt="2" KundStatus="3" KundAufDat="2004-12-01"/>
  <Kunden KundenNr="19655" KundEigtNr="21186" KundArt="2" KundStatus="3" KundAufDat="2004-12-01"/>
  <Kunden KundenNr="19656" KundEigtNr="21187" KundArt="2" KundStatus="3" KundAufDat="2004-12-01"/>
  <Kunden KundenNr="19657" KundEigtNr="21188" KundArt="2" KundStatus="3" KundAufDat="2004-12-02"/>
  <Kunden KundenNr="19658" KundEigtNr="21115" KundArt="29" KundStatus="1" KundAufDat="2004-12-02"/>
  <Kunden KundenNr="19659" KundEigtNr="21189" KundArt="29" KundStatus="3" KundAufDat="2004-12-02"/>
  <Kunden KundenNr="19660" KundEigtNr="21190" KundArt="2" KundStatus="3" KundAufDat="2004-12-02"/>
  <Kunden KundenNr="19661" KundEigtNr="21191" KundArt="8" KundStatus="3" KundAufDat="2004-12-02"/>
  <Kunden KundenNr="19662" KundEigtNr="21192" KundArt="2" KundStatus="3" KundAufDat="2004-12-02"/>
  <Kunden KundenNr="19663" KundEigtNr="21193" KundArt="8" KundStatus="3" KundAufDat="2004-12-02"/>
  <Kunden KundenNr="19664" KundEigtNr="21189" KundArt="2" KundStatus="3" KundAufDat="2004-12-02"/>
  <Kunden KundenNr="19665" KundEigtNr="21155" KundArt="29" KundStatus="1" KundAufDat="2004-12-02"/>
  <Kunden KundenNr="19666" KundEigtNr="20945" KundArt="29" KundStatus="1" KundAufDat="2004-12-02"/>
  <Kunden KundenNr="19668" KundEigtNr="21195" KundArt="29" KundStatus="1" KundAufDat="2004-12-03"/>
  <Kunden KundenNr="19669" KundEigtNr="14403" KundArt="8" KundStatus="3" KundAufDat="2004-12-03"/>
  <Kunden KundenNr="19670" KundEigtNr="21196" KundArt="29" KundStatus="1" KundAufDat="2004-12-03"/>
  <Kunden KundenNr="19671" KundEigtNr="21197" KundArt="29" KundStatus="1" KundAufDat="2004-12-03"/>
  <Kunden KundenNr="19672" KundEigtNr="21198" KundArt="2" KundStatus="3" KundAufDat="2004-12-03"/>
  <Kunden KundenNr="19673" KundEigtNr="21199" KundArt="2" KundStatus="3" KundAufDat="2004-12-03"/>
  <Kunden KundenNr="19674" KundEigtNr="21200" KundArt="8" KundStatus="3" KundAufDat="2004-12-03"/>
  <Kunden KundenNr="19675" KundEigtNr="21201" KundArt="29" KundStatus="1" KundAufDat="2004-12-03"/>
  <Kunden KundenNr="19676" KundEigtNr="21202" KundArt="1" KundStatus="3" KundAufDat="2004-12-03"/>
  <Kunden KundenNr="19677" KundEigtNr="21203" KundArt="2" KundStatus="3" KundAufDat="2004-12-03"/>
  <Kunden KundenNr="19678" KundEigtNr="21204" KundArt="29" KundStatus="1" KundAufDat="2004-12-03"/>
  <Kunden KundenNr="19679" KundEigtNr="21205" KundArt="8" KundStatus="3" KundAufDat="2004-12-03"/>
  <Kunden KundenNr="19680" KundEigtNr="21206" KundArt="8" KundStatus="3" KundAufDat="2004-12-03"/>
  <Kunden KundenNr="19681" KundEigtNr="21207" KundArt="8" KundStatus="3" KundAufDat="2004-12-06"/>
  <Kunden KundenNr="19682" KundEigtNr="21208" KundArt="29" KundStatus="1" KundAufDat="2004-12-06"/>
  <Kunden KundenNr="19683" KundEigtNr="21209" KundArt="29" KundStatus="1" KundAufDat="2004-12-06"/>
  <Kunden KundenNr="19684" KundEigtNr="14558" KundArt="29" KundStatus="1" KundAufDat="2004-12-06"/>
  <Kunden KundenNr="19685" KundEigtNr="21210" KundArt="29" KundStatus="1" KundAufDat="2004-12-06"/>
  <Kunden KundenNr="19686" KundEigtNr="19396" KundArt="29" KundStatus="1" KundAufDat="2004-12-06"/>
  <Kunden KundenNr="19687" KundEigtNr="21211" KundArt="2" KundStatus="3" KundAufDat="2004-12-06"/>
  <Kunden KundenNr="19688" KundEigtNr="21112" KundArt="29" KundStatus="1" KundAufDat="2004-12-06"/>
  <Kunden KundenNr="19689" KundEigtNr="21212" KundArt="29" KundStatus="1" KundAufDat="2004-12-06"/>
  <Kunden KundenNr="19690" KundEigtNr="21213" KundArt="8" KundStatus="3" KundAufDat="2004-12-06"/>
  <Kunden KundenNr="19691" KundEigtNr="21119" KundArt="29" KundStatus="1" KundAufDat="2004-12-06"/>
  <Kunden KundenNr="19692" KundEigtNr="21214" KundArt="29" KundStatus="1" KundAufDat="2004-12-06"/>
  <Kunden KundenNr="19693" KundEigtNr="21215" KundArt="1" KundStatus="3" KundAufDat="2004-12-06"/>
  <Kunden KundenNr="19694" KundEigtNr="21216" KundArt="29" KundStatus="1" KundAufDat="2004-12-06"/>
  <Kunden KundenNr="19695" KundEigtNr="21217" KundArt="2" KundStatus="3" KundAufDat="2004-12-06"/>
  <Kunden KundenNr="19696" KundEigtNr="21218" KundArt="8" KundStatus="3" KundAufDat="2004-12-06"/>
  <Kunden KundenNr="19697" KundEigtNr="21219" KundArt="8" KundStatus="3" KundAufDat="2004-12-07"/>
  <Kunden KundenNr="19698" KundEigtNr="21220" KundArt="2" KundStatus="3" KundAufDat="2004-12-07"/>
  <Kunden KundenNr="19699" KundEigtNr="20081" KundArt="1" KundStatus="3" KundAufDat="2004-12-07"/>
  <Kunden KundenNr="19700" KundEigtNr="21221" KundArt="8" KundStatus="3" KundAufDat="2004-12-07"/>
  <Kunden KundenNr="19701" KundEigtNr="21223" KundArt="1" KundStatus="3" KundAufDat="2004-12-07"/>
  <Kunden KundenNr="19702" KundEigtNr="21224" KundArt="2" KundStatus="3" KundAufDat="2004-12-07"/>
  <Kunden KundenNr="19703" KundEigtNr="21225" KundArt="2" KundStatus="3" KundAufDat="2004-12-07"/>
  <Kunden KundenNr="19704" KundEigtNr="21226" KundArt="2" KundStatus="3" KundAufDat="2004-12-07"/>
  <Kunden KundenNr="19705" KundEigtNr="21227" KundArt="2" KundStatus="3" KundAufDat="2004-12-07"/>
  <Kunden KundenNr="19706" KundEigtNr="21228" KundArt="2" KundStatus="1" KundAufDat="2004-12-07"/>
  <Kunden KundenNr="19707" KundEigtNr="21229" KundArt="2" KundStatus="3" KundAufDat="2004-12-07"/>
  <Kunden KundenNr="19708" KundEigtNr="21230" KundArt="2" KundStatus="3" KundAufDat="2004-12-08"/>
  <Kunden KundenNr="19709" KundEigtNr="21233" KundArt="2" KundStatus="3" KundAufDat="2004-12-08"/>
  <Kunden KundenNr="19710" KundEigtNr="21234" KundArt="2" KundStatus="3" KundAufDat="2004-12-08"/>
  <Kunden KundenNr="19711" KundEigtNr="21235" KundArt="8" KundStatus="3" KundAufDat="2004-12-08"/>
  <Kunden KundenNr="19712" KundEigtNr="21236" KundArt="1" KundStatus="3" KundAufDat="2004-12-08"/>
  <Kunden KundenNr="19713" KundEigtNr="21237" KundArt="1" KundStatus="3" KundAufDat="2004-12-08"/>
  <Kunden KundenNr="19714" KundEigtNr="21238" KundArt="1" KundStatus="3" KundAufDat="2004-12-08"/>
  <Kunden KundenNr="19715" KundEigtNr="21239" KundArt="8" KundStatus="3" KundAufDat="2004-12-08"/>
  <Kunden KundenNr="19716" KundEigtNr="21240" KundArt="2" KundStatus="3" KundAufDat="2004-12-08"/>
  <Kunden KundenNr="19717" KundEigtNr="21241" KundArt="29" KundStatus="1" KundAufDat="2004-12-08"/>
  <Kunden KundenNr="19718" KundEigtNr="21242" KundArt="8" KundStatus="3" KundAufDat="2004-12-09"/>
  <Kunden KundenNr="19719" KundEigtNr="21243" KundArt="8" KundStatus="3" KundAufDat="2004-12-09"/>
  <Kunden KundenNr="19720" KundEigtNr="21244" KundArt="8" KundStatus="3" KundAufDat="2004-12-10"/>
  <Kunden KundenNr="19721" KundEigtNr="21245" KundArt="8" KundStatus="3" KundAufDat="2004-12-10"/>
  <Kunden KundenNr="19722" KundEigtNr="21246" KundArt="8" KundStatus="3" KundAufDat="2004-12-10"/>
  <Kunden KundenNr="19723" KundEigtNr="21247" KundArt="2" KundStatus="3" KundAufDat="2004-12-10"/>
  <Kunden KundenNr="19724" KundEigtNr="15801" KundArt="2" KundStatus="3" KundAufDat="2004-12-13"/>
  <Kunden KundenNr="19725" KundEigtNr="21248" KundArt="2" KundStatus="3" KundAufDat="2004-12-13"/>
  <Kunden KundenNr="19726" KundEigtNr="21249" KundArt="8" KundStatus="3" KundAufDat="2004-12-13"/>
  <Kunden KundenNr="19727" KundEigtNr="21250" KundArt="8" KundStatus="3" KundAufDat="2004-12-13"/>
  <Kunden KundenNr="19728" KundEigtNr="21251" KundArt="8" KundStatus="3" KundAufDat="2004-12-13"/>
  <Kunden KundenNr="19729" KundEigtNr="21252" KundArt="29" KundStatus="1" KundAufDat="2004-12-13"/>
  <Kunden KundenNr="19730" KundEigtNr="21050" KundArt="29" KundStatus="1" KundAufDat="2004-12-13"/>
  <Kunden KundenNr="19731" KundEigtNr="259" KundArt="29" KundStatus="1" KundAufDat="2004-12-13"/>
  <Kunden KundenNr="19732" KundEigtNr="21253" KundArt="2" KundStatus="3" KundAufDat="2004-12-13"/>
  <Kunden KundenNr="19733" KundEigtNr="21254" KundArt="29" KundStatus="1" KundAufDat="2004-12-13"/>
  <Kunden KundenNr="19734" KundEigtNr="13171" KundArt="29" KundStatus="1" KundAufDat="2004-12-13"/>
  <Kunden KundenNr="19735" KundEigtNr="21255" KundArt="2" KundStatus="3" KundAufDat="2004-12-13"/>
  <Kunden KundenNr="19736" KundEigtNr="21103" KundArt="29" KundStatus="1" KundAufDat="2004-12-13"/>
  <Kunden KundenNr="19737" KundEigtNr="21256" KundArt="8" KundStatus="3" KundAufDat="2004-12-13"/>
  <Kunden KundenNr="19738" KundEigtNr="21257" KundArt="2" KundStatus="3" KundAufDat="2004-12-13"/>
  <Kunden KundenNr="19739" KundEigtNr="21258" KundArt="1" KundStatus="1" KundAufDat="2004-12-13"/>
  <Kunden KundenNr="19740" KundEigtNr="21259" KundArt="8" KundStatus="3" KundAufDat="2004-12-13"/>
  <Kunden KundenNr="19741" KundEigtNr="21260" KundArt="2" KundStatus="3" KundAufDat="2004-12-13"/>
  <Kunden KundenNr="19742" KundEigtNr="21261" KundArt="2" KundStatus="3" KundAufDat="2004-12-13"/>
  <Kunden KundenNr="19743" KundEigtNr="21262" KundArt="2" KundStatus="3" KundAufDat="2004-12-13"/>
  <Kunden KundenNr="19744" KundEigtNr="20932" KundArt="8" KundStatus="3" KundAufDat="2004-12-14"/>
  <Kunden KundenNr="19745" KundEigtNr="21263" KundArt="1" KundStatus="3" KundAufDat="2004-12-14"/>
  <Kunden KundenNr="19746" KundEigtNr="21264" KundArt="2" KundStatus="3" KundAufDat="2004-12-14"/>
  <Kunden KundenNr="19747" KundEigtNr="21265" KundArt="2" KundStatus="1" KundAufDat="2004-12-14"/>
  <Kunden KundenNr="19748" KundEigtNr="21231" KundArt="29" KundStatus="1" KundAufDat="2004-12-14"/>
  <Kunden KundenNr="19749" KundEigtNr="21266" KundArt="2" KundStatus="1" KundAufDat="2004-12-14"/>
  <Kunden KundenNr="19750" KundEigtNr="21267" KundArt="8" KundStatus="3" KundAufDat="2004-12-14"/>
  <Kunden KundenNr="19751" KundEigtNr="21268" KundArt="8" KundStatus="3" KundAufDat="2004-12-14"/>
  <Kunden KundenNr="19752" KundEigtNr="21269" KundArt="8" KundStatus="3" KundAufDat="2004-12-15"/>
  <Kunden KundenNr="19753" KundEigtNr="21270" KundArt="1" KundStatus="3" KundAufDat="2004-12-15"/>
  <Kunden KundenNr="19754" KundEigtNr="21271" KundArt="8" KundStatus="3" KundAufDat="2004-12-15"/>
  <Kunden KundenNr="19755" KundEigtNr="21272" KundArt="1" KundStatus="3" KundAufDat="2004-12-15"/>
  <Kunden KundenNr="19756" KundEigtNr="21273" KundArt="2" KundStatus="3" KundAufDat="2004-12-15"/>
  <Kunden KundenNr="19757" KundEigtNr="21280" KundArt="2" KundStatus="3" KundAufDat="2004-12-15"/>
  <Kunden KundenNr="19758" KundEigtNr="21281" KundArt="2" KundStatus="3" KundAufDat="2004-12-15"/>
  <Kunden KundenNr="19759" KundEigtNr="21282" KundArt="29" KundStatus="1" KundAufDat="2004-12-16"/>
  <Kunden KundenNr="19760" KundEigtNr="21283" KundArt="1" KundStatus="3" KundAufDat="2004-12-16"/>
  <Kunden KundenNr="19761" KundEigtNr="21121" KundArt="8" KundStatus="3" KundAufDat="2004-12-16"/>
  <Kunden KundenNr="19762" KundEigtNr="21284" KundArt="2" KundStatus="3" KundAufDat="2004-12-16"/>
  <Kunden KundenNr="19763" KundEigtNr="12463" KundArt="8" KundStatus="3" KundAufDat="2004-12-16"/>
  <Kunden KundenNr="19764" KundEigtNr="21285" KundArt="2" KundStatus="3" KundAufDat="2004-12-16"/>
  <Kunden KundenNr="19765" KundEigtNr="21286" KundArt="2" KundStatus="1" KundAufDat="2004-12-16"/>
  <Kunden KundenNr="19766" KundEigtNr="21287" KundArt="2" KundStatus="3" KundAufDat="2004-12-16"/>
  <Kunden KundenNr="19767" KundEigtNr="21288" KundArt="2" KundStatus="3" KundAufDat="2004-12-17"/>
  <Kunden KundenNr="19768" KundEigtNr="5512" KundArt="2" KundStatus="3" KundAufDat="2004-12-17"/>
  <Kunden KundenNr="19769" KundEigtNr="21289" KundArt="2" KundStatus="3" KundAufDat="2004-12-17"/>
  <Kunden KundenNr="19770" KundEigtNr="21277" KundArt="29" KundStatus="1" KundAufDat="2004-12-17"/>
  <Kunden KundenNr="19771" KundEigtNr="21290" KundArt="2" KundStatus="3" KundAufDat="2004-12-17"/>
  <Kunden KundenNr="19772" KundEigtNr="21292" KundArt="2" KundStatus="3" KundAufDat="2004-12-17"/>
  <Kunden KundenNr="19773" KundEigtNr="21293" KundArt="1" KundStatus="1" KundAufDat="2004-12-17"/>
  <Kunden KundenNr="19774" KundEigtNr="21295" KundArt="2" KundStatus="3" KundAufDat="2004-12-17"/>
  <Kunden KundenNr="19775" KundEigtNr="21299" KundArt="8" KundStatus="3" KundAufDat="2004-12-17"/>
  <Kunden KundenNr="19776" KundEigtNr="21302" KundArt="2" KundStatus="3" KundAufDat="2004-12-20"/>
  <Kunden KundenNr="19777" KundEigtNr="21303" KundArt="2" KundStatus="3" KundAufDat="2004-12-20"/>
  <Kunden KundenNr="19778" KundEigtNr="21309" KundArt="2" KundStatus="3" KundAufDat="2004-12-20"/>
  <Kunden KundenNr="19779" KundEigtNr="21310" KundArt="29" KundStatus="1" KundAufDat="2004-12-20"/>
  <Kunden KundenNr="19780" KundEigtNr="21312" KundArt="2" KundStatus="3" KundAufDat="2004-12-20"/>
  <Kunden KundenNr="19781" KundEigtNr="21316" KundArt="2" KundStatus="1" KundAufDat="2004-12-20"/>
  <Kunden KundenNr="19782" KundEigtNr="21319" KundArt="29" KundStatus="1" KundAufDat="2004-12-20"/>
  <Kunden KundenNr="19783" KundEigtNr="21320" KundArt="8" KundStatus="3" KundAufDat="2004-12-20"/>
  <Kunden KundenNr="19784" KundEigtNr="21321" KundArt="8" KundStatus="3" KundAufDat="2004-12-20"/>
  <Kunden KundenNr="19785" KundEigtNr="21322" KundArt="8" KundStatus="3" KundAufDat="2004-12-20"/>
  <Kunden KundenNr="19786" KundEigtNr="21323" KundArt="2" KundStatus="3" KundAufDat="2004-12-21"/>
  <Kunden KundenNr="19787" KundEigtNr="21329" KundArt="1" KundStatus="3" KundAufDat="2004-12-21"/>
  <Kunden KundenNr="19788" KundEigtNr="21330" KundArt="8" KundStatus="3" KundAufDat="2004-12-21"/>
  <Kunden KundenNr="19789" KundEigtNr="21331" KundArt="29" KundStatus="1" KundAufDat="2004-12-21"/>
  <Kunden KundenNr="19790" KundEigtNr="21308" KundArt="29" KundStatus="1" KundAufDat="2004-12-21"/>
  <Kunden KundenNr="19791" KundEigtNr="21332" KundArt="8" KundStatus="3" KundAufDat="2004-12-22"/>
  <Kunden KundenNr="19792" KundEigtNr="21297" KundArt="29" KundStatus="1" KundAufDat="2004-12-22"/>
  <Kunden KundenNr="19793" KundEigtNr="21333" KundArt="29" KundStatus="1" KundAufDat="2004-12-22"/>
  <Kunden KundenNr="19794" KundEigtNr="21334" KundArt="2" KundStatus="3" KundAufDat="2004-12-22"/>
  <Kunden KundenNr="19795" KundEigtNr="362" KundArt="1" KundStatus="1" KundAufDat="2004-12-22"/>
  <Kunden KundenNr="19796" KundEigtNr="21335" KundArt="1" KundStatus="1" KundAufDat="2004-12-22"/>
  <Kunden KundenNr="19797" KundEigtNr="21336" KundArt="8" KundStatus="3" KundAufDat="2004-12-27"/>
  <Kunden KundenNr="19798" KundEigtNr="21337" KundArt="1" KundStatus="3" KundAufDat="2004-12-27"/>
  <Kunden KundenNr="19799" KundEigtNr="21338" KundArt="1" KundStatus="3" KundAufDat="2004-12-27"/>
  <Kunden KundenNr="19800" KundEigtNr="21339" KundArt="8" KundStatus="3" KundAufDat="2004-12-27"/>
  <Kunden KundenNr="19801" KundEigtNr="21340" KundArt="8" KundStatus="3" KundAufDat="2004-12-27"/>
  <Kunden KundenNr="19802" KundEigtNr="21341" KundArt="8" KundStatus="3" KundAufDat="2004-12-27"/>
  <Kunden KundenNr="19803" KundEigtNr="21342" KundArt="8" KundStatus="3" KundAufDat="2004-12-27"/>
  <Kunden KundenNr="19804" KundEigtNr="21343" KundArt="2" KundStatus="1" KundAufDat="2004-12-27"/>
  <Kunden KundenNr="19805" KundEigtNr="21344" KundArt="1" KundStatus="3" KundAufDat="2004-12-27"/>
  <Kunden KundenNr="19806" KundEigtNr="21345" KundArt="8" KundStatus="3" KundAufDat="2004-12-27"/>
  <Kunden KundenNr="19807" KundEigtNr="21346" KundArt="2" KundStatus="3" KundAufDat="2004-12-27"/>
  <Kunden KundenNr="19808" KundEigtNr="19144" KundArt="29" KundStatus="1" KundAufDat="2004-12-28"/>
  <Kunden KundenNr="19809" KundEigtNr="21347" KundArt="2" KundStatus="3" KundAufDat="2004-12-28"/>
  <Kunden KundenNr="19810" KundEigtNr="21348" KundArt="8" KundStatus="3" KundAufDat="2004-12-28"/>
  <Kunden KundenNr="19811" KundEigtNr="21349" KundArt="8" KundStatus="3" KundAufDat="2004-12-28"/>
  <Kunden KundenNr="19812" KundEigtNr="13846" KundArt="29" KundStatus="1" KundAufDat="2004-12-28"/>
  <Kunden KundenNr="19813" KundEigtNr="21350" KundArt="2" KundStatus="3" KundAufDat="2004-12-29"/>
  <Kunden KundenNr="19814" KundEigtNr="21351" KundArt="2" KundStatus="1" KundAufDat="2004-12-29"/>
  <Kunden KundenNr="19815" KundEigtNr="21352" KundArt="2" KundStatus="1" KundAufDat="2004-12-29"/>
  <Kunden KundenNr="19816" KundEigtNr="21353" KundArt="2" KundStatus="3" KundAufDat="2004-12-29"/>
  <Kunden KundenNr="19817" KundEigtNr="21354" KundArt="8" KundStatus="3" KundAufDat="2004-12-29"/>
  <Kunden KundenNr="19818" KundEigtNr="21355" KundArt="8" KundStatus="3" KundAufDat="2004-12-29"/>
  <Kunden KundenNr="19819" KundEigtNr="21356" KundArt="1" KundStatus="3" KundAufDat="2004-12-29"/>
  <Kunden KundenNr="19820" KundEigtNr="21311" KundArt="29" KundStatus="1" KundAufDat="2004-12-29"/>
  <Kunden KundenNr="19821" KundEigtNr="21357" KundArt="2" KundStatus="1" KundAufDat="2004-12-30"/>
  <Kunden KundenNr="19822" KundEigtNr="21358" KundArt="8" KundStatus="3" KundAufDat="2004-12-30"/>
  <Kunden KundenNr="19823" KundEigtNr="21359" KundArt="2" KundStatus="3" KundAufDat="2004-12-30"/>
  <Kunden KundenNr="19824" KundEigtNr="21360" KundArt="2" KundStatus="1" KundAufDat="2004-12-30"/>
  <Kunden KundenNr="19825" KundEigtNr="21361" KundArt="2" KundStatus="3" KundAufDat="2004-12-30"/>
  <Kunden KundenNr="19826" KundEigtNr="21362" KundArt="1" KundStatus="3" KundAufDat="2004-12-30"/>
  <Kunden KundenNr="19827" KundEigtNr="21363" KundArt="2" KundStatus="3" KundAufDat="2004-12-30"/>
  <Kunden KundenNr="19828" KundEigtNr="21364" KundArt="2" KundStatus="3" KundAufDat="2005-01-03"/>
  <Kunden KundenNr="19829" KundEigtNr="15816" KundArt="8" KundStatus="3" KundAufDat="2005-01-03"/>
  <Kunden KundenNr="19830" KundEigtNr="21365" KundArt="2" KundStatus="3" KundAufDat="2005-01-03"/>
  <Kunden KundenNr="19831" KundEigtNr="21366" KundArt="8" KundStatus="3" KundAufDat="2005-01-03"/>
  <Kunden KundenNr="19832" KundEigtNr="21367" KundArt="8" KundStatus="3" KundAufDat="2005-01-03"/>
  <Kunden KundenNr="19833" KundEigtNr="21368" KundArt="1" KundStatus="3" KundAufDat="2005-01-03"/>
  <Kunden KundenNr="19834" KundEigtNr="21276" KundArt="29" KundStatus="1" KundAufDat="2005-01-03"/>
  <Kunden KundenNr="19835" KundEigtNr="21369" KundArt="29" KundStatus="1" KundAufDat="2005-01-03"/>
  <Kunden KundenNr="19836" KundEigtNr="21370" KundArt="8" KundStatus="3" KundAufDat="2005-01-03"/>
  <Kunden KundenNr="19837" KundEigtNr="21371" KundArt="8" KundStatus="3" KundAufDat="2005-01-03"/>
  <Kunden KundenNr="19838" KundEigtNr="20076" KundArt="1" KundStatus="3" KundAufDat="2005-01-04"/>
  <Kunden KundenNr="19839" KundEigtNr="18579" KundArt="8" KundStatus="3" KundAufDat="2005-01-04"/>
  <Kunden KundenNr="19840" KundEigtNr="21372" KundArt="2" KundStatus="3" KundAufDat="2005-01-04"/>
  <Kunden KundenNr="19841" KundEigtNr="21373" KundArt="8" KundStatus="3" KundAufDat="2005-01-04"/>
  <Kunden KundenNr="19842" KundEigtNr="21374" KundArt="2" KundStatus="3" KundAufDat="2005-01-04"/>
  <Kunden KundenNr="19843" KundEigtNr="21375" KundArt="2" KundStatus="3" KundAufDat="2005-01-04"/>
  <Kunden KundenNr="19844" KundEigtNr="21376" KundArt="2" KundStatus="3" KundAufDat="2005-01-04"/>
  <Kunden KundenNr="19845" KundEigtNr="13860" KundArt="2" KundStatus="3" KundAufDat="2005-01-04"/>
  <Kunden KundenNr="19846" KundEigtNr="21377" KundArt="1" KundStatus="3" KundAufDat="2005-01-04"/>
  <Kunden KundenNr="19847" KundEigtNr="21378" KundArt="2" KundStatus="3" KundAufDat="2005-01-04"/>
  <Kunden KundenNr="19848" KundEigtNr="21379" KundArt="8" KundStatus="3" KundAufDat="2005-01-04"/>
  <Kunden KundenNr="19849" KundEigtNr="21380" KundArt="1" KundStatus="3" KundAufDat="2005-01-04"/>
  <Kunden KundenNr="19850" KundEigtNr="21381" KundArt="2" KundStatus="3" KundAufDat="2005-01-04"/>
  <Kunden KundenNr="19851" KundEigtNr="21382" KundArt="8" KundStatus="3" KundAufDat="2005-01-05"/>
  <Kunden KundenNr="19852" KundEigtNr="21383" KundArt="2" KundStatus="1" KundAufDat="2005-01-05"/>
  <Kunden KundenNr="19853" KundEigtNr="21384" KundArt="2" KundStatus="1" KundAufDat="2005-01-05"/>
  <Kunden KundenNr="19854" KundEigtNr="1323" KundArt="8" KundStatus="3" KundAufDat="2005-01-05"/>
  <Kunden KundenNr="19855" KundEigtNr="21385" KundArt="8" KundStatus="3" KundAufDat="2005-01-05"/>
  <Kunden KundenNr="19856" KundEigtNr="21386" KundArt="2" KundStatus="3" KundAufDat="2005-01-05"/>
  <Kunden KundenNr="19857" KundEigtNr="21387" KundArt="8" KundStatus="3" KundAufDat="2005-01-05"/>
  <Kunden KundenNr="19858" KundEigtNr="21330" KundArt="2" KundStatus="3" KundAufDat="2005-01-05"/>
  <Kunden KundenNr="19859" KundEigtNr="21388" KundArt="1" KundStatus="3" KundAufDat="2005-01-05"/>
  <Kunden KundenNr="19860" KundEigtNr="21389" KundArt="2" KundStatus="3" KundAufDat="2005-01-05"/>
  <Kunden KundenNr="19861" KundEigtNr="11904" KundArt="8" KundStatus="3" KundAufDat="2005-01-05"/>
  <Kunden KundenNr="19862" KundEigtNr="21390" KundArt="1" KundStatus="3" KundAufDat="2005-01-05"/>
  <Kunden KundenNr="19863" KundEigtNr="21391" KundArt="8" KundStatus="3" KundAufDat="2005-01-05"/>
  <Kunden KundenNr="19864" KundEigtNr="21392" KundArt="2" KundStatus="3" KundAufDat="2005-01-06"/>
  <Kunden KundenNr="19865" KundEigtNr="21393" KundArt="2" KundStatus="3" KundAufDat="2005-01-06"/>
  <Kunden KundenNr="19866" KundEigtNr="21394" KundArt="8" KundStatus="3" KundAufDat="2005-01-06"/>
  <Kunden KundenNr="19867" KundEigtNr="21395" KundArt="8" KundStatus="3" KundAufDat="2005-01-06"/>
  <Kunden KundenNr="19868" KundEigtNr="21396" KundArt="8" KundStatus="3" KundAufDat="2005-01-06"/>
  <Kunden KundenNr="19869" KundEigtNr="21397" KundArt="8" KundStatus="3" KundAufDat="2005-01-06"/>
  <Kunden KundenNr="19870" KundEigtNr="21398" KundArt="8" KundStatus="3" KundAufDat="2005-01-06"/>
  <Kunden KundenNr="19871" KundEigtNr="21399" KundArt="2" KundStatus="1" KundAufDat="2005-01-06"/>
  <Kunden KundenNr="19872" KundEigtNr="21400" KundArt="2" KundStatus="1" KundAufDat="2005-01-07"/>
  <Kunden KundenNr="19873" KundEigtNr="21370" KundArt="2" KundStatus="3" KundAufDat="2005-01-07"/>
  <Kunden KundenNr="19874" KundEigtNr="21401" KundArt="2" KundStatus="3" KundAufDat="2005-01-07"/>
  <Kunden KundenNr="19875" KundEigtNr="21402" KundArt="8" KundStatus="3" KundAufDat="2005-01-07"/>
  <Kunden KundenNr="19876" KundEigtNr="21403" KundArt="2" KundStatus="3" KundAufDat="2005-01-07"/>
  <Kunden KundenNr="19877" KundEigtNr="21404" KundArt="2" KundStatus="1" KundAufDat="2005-01-07"/>
  <Kunden KundenNr="19878" KundEigtNr="21405" KundArt="2" KundStatus="3" KundAufDat="2005-01-07"/>
  <Kunden KundenNr="19879" KundEigtNr="21406" KundArt="2" KundStatus="3" KundAufDat="2005-01-07"/>
  <Kunden KundenNr="19880" KundEigtNr="21407" KundArt="2" KundStatus="3" KundAufDat="2005-01-07"/>
  <Kunden KundenNr="19881" KundEigtNr="21410" KundArt="8" KundStatus="3" KundAufDat="2005-01-07"/>
  <Kunden KundenNr="19882" KundEigtNr="21300" KundArt="29" KundStatus="1" KundAufDat="2005-01-07"/>
  <Kunden KundenNr="19883" KundEigtNr="21411" KundArt="2" KundStatus="3" KundAufDat="2005-01-10"/>
  <Kunden KundenNr="19884" KundEigtNr="21412" KundArt="8" KundStatus="3" KundAufDat="2005-01-10"/>
  <Kunden KundenNr="19885" KundEigtNr="21253" KundArt="8" KundStatus="3" KundAufDat="2005-01-10"/>
  <Kunden KundenNr="19886" KundEigtNr="21413" KundArt="2" KundStatus="3" KundAufDat="2005-01-10"/>
  <Kunden KundenNr="19887" KundEigtNr="9648" KundArt="8" KundStatus="3" KundAufDat="2005-01-10"/>
  <Kunden KundenNr="19888" KundEigtNr="21414" KundArt="8" KundStatus="3" KundAufDat="2005-01-10"/>
  <Kunden KundenNr="19889" KundEigtNr="21415" KundArt="2" KundStatus="1" KundAufDat="2005-01-10"/>
  <Kunden KundenNr="19890" KundEigtNr="21416" KundArt="8" KundStatus="3" KundAufDat="2005-01-10"/>
  <Kunden KundenNr="19891" KundEigtNr="21417" KundArt="1" KundStatus="3" KundAufDat="2005-01-10"/>
  <Kunden KundenNr="19892" KundEigtNr="21418" KundArt="1" KundStatus="3" KundAufDat="2005-01-10"/>
  <Kunden KundenNr="19893" KundEigtNr="21419" KundArt="2" KundStatus="3" KundAufDat="2005-01-10"/>
  <Kunden KundenNr="19894" KundEigtNr="21420" KundArt="2" KundStatus="3" KundAufDat="2005-01-10"/>
  <Kunden KundenNr="19895" KundEigtNr="21421" KundArt="8" KundStatus="3" KundAufDat="2005-01-10"/>
  <Kunden KundenNr="19896" KundEigtNr="21422" KundArt="29" KundStatus="1" KundAufDat="2005-01-10"/>
  <Kunden KundenNr="19897" KundEigtNr="21423" KundArt="2" KundStatus="3" KundAufDat="2005-01-10"/>
  <Kunden KundenNr="19898" KundEigtNr="21424" KundArt="8" KundStatus="3" KundAufDat="2005-01-11"/>
  <Kunden KundenNr="19899" KundEigtNr="21425" KundArt="8" KundStatus="3" KundAufDat="2005-01-11"/>
  <Kunden KundenNr="19900" KundEigtNr="21426" KundArt="1" KundStatus="3" KundAufDat="2005-01-11"/>
  <Kunden KundenNr="19901" KundEigtNr="21427" KundArt="2" KundStatus="3" KundAufDat="2005-01-11"/>
  <Kunden KundenNr="19902" KundEigtNr="11480" KundArt="1" KundStatus="3" KundAufDat="2005-01-11"/>
  <Kunden KundenNr="19903" KundEigtNr="21428" KundArt="2" KundStatus="3" KundAufDat="2005-01-11"/>
  <Kunden KundenNr="19904" KundEigtNr="21429" KundArt="2" KundStatus="1" KundAufDat="2005-01-11"/>
  <Kunden KundenNr="19905" KundEigtNr="21430" KundArt="8" KundStatus="3" KundAufDat="2005-01-12"/>
  <Kunden KundenNr="19906" KundEigtNr="18546" KundArt="8" KundStatus="3" KundAufDat="2005-01-12"/>
  <Kunden KundenNr="19907" KundEigtNr="21431" KundArt="2" KundStatus="3" KundAufDat="2005-01-12"/>
  <Kunden KundenNr="19908" KundEigtNr="21432" KundArt="2" KundStatus="3" KundAufDat="2005-01-12"/>
  <Kunden KundenNr="19909" KundEigtNr="21434" KundArt="2" KundStatus="3" KundAufDat="2005-01-12"/>
  <Kunden KundenNr="19910" KundEigtNr="21435" KundArt="8" KundStatus="3" KundAufDat="2005-01-12"/>
  <Kunden KundenNr="19911" KundEigtNr="21436" KundArt="2" KundStatus="1" KundAufDat="2005-01-12"/>
  <Kunden KundenNr="19912" KundEigtNr="21437" KundArt="2" KundStatus="3" KundAufDat="2005-01-12"/>
  <Kunden KundenNr="19913" KundEigtNr="21438" KundArt="8" KundStatus="3" KundAufDat="2005-01-13"/>
  <Kunden KundenNr="19914" KundEigtNr="21439" KundArt="29" KundStatus="1" KundAufDat="2005-01-13"/>
  <Kunden KundenNr="19915" KundEigtNr="21440" KundArt="8" KundStatus="3" KundAufDat="2005-01-13"/>
  <Kunden KundenNr="19916" KundEigtNr="21441" KundArt="8" KundStatus="3" KundAufDat="2005-01-13"/>
  <Kunden KundenNr="19917" KundEigtNr="5021" KundArt="1" KundStatus="3" KundAufDat="2005-01-13"/>
  <Kunden KundenNr="19918" KundEigtNr="21442" KundArt="8" KundStatus="3" KundAufDat="2005-01-13"/>
  <Kunden KundenNr="19919" KundEigtNr="21443" KundArt="2" KundStatus="3" KundAufDat="2005-01-13"/>
  <Kunden KundenNr="19920" KundEigtNr="21444" KundArt="8" KundStatus="3" KundAufDat="2005-01-13"/>
  <Kunden KundenNr="19921" KundEigtNr="21445" KundArt="2" KundStatus="3" KundAufDat="2005-01-13"/>
  <Kunden KundenNr="19922" KundEigtNr="21446" KundArt="8" KundStatus="3" KundAufDat="2005-01-14"/>
  <Kunden KundenNr="19923" KundEigtNr="21447" KundArt="29" KundStatus="1" KundAufDat="2005-01-14"/>
  <Kunden KundenNr="19924" KundEigtNr="21448" KundArt="8" KundStatus="3" KundAufDat="2005-01-14"/>
  <Kunden KundenNr="19925" KundEigtNr="21449" KundArt="2" KundStatus="3" KundAufDat="2005-01-14"/>
  <Kunden KundenNr="19926" KundEigtNr="21450" KundArt="2" KundStatus="3" KundAufDat="2005-01-14"/>
  <Kunden KundenNr="19927" KundEigtNr="21451" KundArt="8" KundStatus="3" KundAufDat="2005-01-14"/>
  <Kunden KundenNr="19928" KundEigtNr="21452" KundArt="2" KundStatus="1" KundAufDat="2005-01-14"/>
  <Kunden KundenNr="19929" KundEigtNr="21453" KundArt="8" KundStatus="3" KundAufDat="2005-01-14"/>
  <Kunden KundenNr="19930" KundEigtNr="21454" KundArt="8" KundStatus="3" KundAufDat="2005-01-14"/>
  <Kunden KundenNr="19931" KundEigtNr="21455" KundArt="8" KundStatus="3" KundAufDat="2005-01-14"/>
  <Kunden KundenNr="19932" KundEigtNr="21456" KundArt="1" KundStatus="3" KundAufDat="2005-01-14"/>
  <Kunden KundenNr="19933" KundEigtNr="21457" KundArt="8" KundStatus="3" KundAufDat="2005-01-14"/>
  <Kunden KundenNr="19934" KundEigtNr="21458" KundArt="8" KundStatus="3" KundAufDat="2005-01-14"/>
  <Kunden KundenNr="19935" KundEigtNr="20812" KundArt="29" KundStatus="1" KundAufDat="2005-01-14"/>
  <Kunden KundenNr="19936" KundEigtNr="20750" KundArt="29" KundStatus="1" KundAufDat="2005-01-14"/>
  <Kunden KundenNr="19937" KundEigtNr="21459" KundArt="29" KundStatus="1" KundAufDat="2005-01-14"/>
  <Kunden KundenNr="19938" KundEigtNr="21460" KundArt="8" KundStatus="3" KundAufDat="2005-01-17"/>
  <Kunden KundenNr="19939" KundEigtNr="21461" KundArt="8" KundStatus="3" KundAufDat="2005-01-17"/>
  <Kunden KundenNr="19940" KundEigtNr="21462" KundArt="2" KundStatus="3" KundAufDat="2005-01-17"/>
  <Kunden KundenNr="19941" KundEigtNr="21463" KundArt="1" KundStatus="3" KundAufDat="2005-01-17"/>
  <Kunden KundenNr="19942" KundEigtNr="21464" KundArt="1" KundStatus="3" KundAufDat="2005-01-17"/>
  <Kunden KundenNr="19943" KundEigtNr="19764" KundArt="1" KundStatus="3" KundAufDat="2005-01-17"/>
  <Kunden KundenNr="19944" KundEigtNr="10503" KundArt="1" KundStatus="3" KundAufDat="2005-01-17"/>
  <Kunden KundenNr="19945" KundEigtNr="21465" KundArt="2" KundStatus="3" KundAufDat="2005-01-17"/>
  <Kunden KundenNr="19946" KundEigtNr="21466" KundArt="8" KundStatus="3" KundAufDat="2005-01-17"/>
  <Kunden KundenNr="19947" KundEigtNr="21467" KundArt="8" KundStatus="3" KundAufDat="2005-01-17"/>
  <Kunden KundenNr="19948" KundEigtNr="21468" KundArt="8" KundStatus="3" KundAufDat="2005-01-17"/>
  <Kunden KundenNr="19949" KundEigtNr="21469" KundArt="1" KundStatus="3" KundAufDat="2005-01-17"/>
  <Kunden KundenNr="19950" KundEigtNr="21144" KundArt="2" KundStatus="3" KundAufDat="2005-01-17"/>
  <Kunden KundenNr="19951" KundEigtNr="21470" KundArt="2" KundStatus="1" KundAufDat="2005-01-17"/>
  <Kunden KundenNr="19952" KundEigtNr="21471" KundArt="29" KundStatus="1" KundAufDat="2005-01-17"/>
  <Kunden KundenNr="19953" KundEigtNr="21472" KundArt="1" KundStatus="3" KundAufDat="2005-01-17"/>
  <Kunden KundenNr="19954" KundEigtNr="21473" KundArt="1" KundStatus="3" KundAufDat="2005-01-17"/>
  <Kunden KundenNr="19955" KundEigtNr="21474" KundArt="2" KundStatus="3" KundAufDat="2005-01-17"/>
  <Kunden KundenNr="19956" KundEigtNr="21475" KundArt="2" KundStatus="3" KundAufDat="2005-01-17"/>
  <Kunden KundenNr="19957" KundEigtNr="21476" KundArt="1" KundStatus="1" KundAufDat="2005-01-17"/>
  <Kunden KundenNr="19958" KundEigtNr="21477" KundArt="8" KundStatus="3" KundAufDat="2005-01-18"/>
  <Kunden KundenNr="19959" KundEigtNr="16152" KundArt="29" KundStatus="1" KundAufDat="2005-01-18"/>
  <Kunden KundenNr="19960" KundEigtNr="21478" KundArt="2" KundStatus="3" KundAufDat="2005-01-18"/>
  <Kunden KundenNr="19961" KundEigtNr="21479" KundArt="2" KundStatus="3" KundAufDat="2005-01-18"/>
  <Kunden KundenNr="19962" KundEigtNr="21480" KundArt="1" KundStatus="1" KundAufDat="2005-01-18"/>
  <Kunden KundenNr="19963" KundEigtNr="21481" KundArt="2" KundStatus="3" KundAufDat="2005-01-18"/>
  <Kunden KundenNr="19964" KundEigtNr="21482" KundArt="2" KundStatus="3" KundAufDat="2005-01-18"/>
  <Kunden KundenNr="19965" KundEigtNr="21483" KundArt="1" KundStatus="3" KundAufDat="2005-01-18"/>
  <Kunden KundenNr="19966" KundEigtNr="18618" KundArt="29" KundStatus="1" KundAufDat="2005-01-19"/>
  <Kunden KundenNr="19967" KundEigtNr="21484" KundArt="29" KundStatus="1" KundAufDat="2005-01-19"/>
  <Kunden KundenNr="19968" KundEigtNr="20467" KundArt="29" KundStatus="1" KundAufDat="2005-01-19"/>
  <Kunden KundenNr="19969" KundEigtNr="21485" KundArt="2" KundStatus="3" KundAufDat="2005-01-19"/>
  <Kunden KundenNr="19970" KundEigtNr="21486" KundArt="8" KundStatus="3" KundAufDat="2005-01-19"/>
  <Kunden KundenNr="19971" KundEigtNr="21487" KundArt="8" KundStatus="3" KundAufDat="2005-01-19"/>
  <Kunden KundenNr="19972" KundEigtNr="21488" KundArt="8" KundStatus="3" KundAufDat="2005-01-19"/>
  <Kunden KundenNr="19973" KundEigtNr="21489" KundArt="2" KundStatus="1" KundAufDat="2005-01-19"/>
  <Kunden KundenNr="19974" KundEigtNr="21490" KundArt="1" KundStatus="3" KundAufDat="2005-01-19"/>
  <Kunden KundenNr="19975" KundEigtNr="21491" KundArt="2" KundStatus="3" KundAufDat="2005-01-19"/>
  <Kunden KundenNr="19976" KundEigtNr="21492" KundArt="2" KundStatus="3" KundAufDat="2005-01-19"/>
  <Kunden KundenNr="19977" KundEigtNr="21493" KundArt="2" KundStatus="3" KundAufDat="2005-01-20"/>
  <Kunden KundenNr="19978" KundEigtNr="21494" KundArt="2" KundStatus="3" KundAufDat="2005-01-20"/>
  <Kunden KundenNr="19979" KundEigtNr="21495" KundArt="2" KundStatus="1" KundAufDat="2005-01-20"/>
  <Kunden KundenNr="19980" KundEigtNr="21496" KundArt="8" KundStatus="3" KundAufDat="2005-01-20"/>
  <Kunden KundenNr="19981" KundEigtNr="21497" KundArt="1" KundStatus="3" KundAufDat="2005-01-20"/>
  <Kunden KundenNr="19982" KundEigtNr="21498" KundArt="8" KundStatus="3" KundAufDat="2005-01-20"/>
  <Kunden KundenNr="19983" KundEigtNr="21499" KundArt="2" KundStatus="3" KundAufDat="2005-01-20"/>
  <Kunden KundenNr="19984" KundEigtNr="21500" KundArt="8" KundStatus="3" KundAufDat="2005-01-20"/>
  <Kunden KundenNr="19985" KundEigtNr="21501" KundArt="8" KundStatus="3" KundAufDat="2005-01-20"/>
  <Kunden KundenNr="19986" KundEigtNr="21502" KundArt="8" KundStatus="3" KundAufDat="2005-01-20"/>
  <Kunden KundenNr="19987" KundEigtNr="21503" KundArt="1" KundStatus="3" KundAufDat="2005-01-20"/>
  <Kunden KundenNr="19988" KundEigtNr="21504" KundArt="8" KundStatus="3" KundAufDat="2005-01-20"/>
  <Kunden KundenNr="19989" KundEigtNr="21505" KundArt="2" KundStatus="1" KundAufDat="2005-01-21"/>
  <Kunden KundenNr="19990" KundEigtNr="21506" KundArt="2" KundStatus="1" KundAufDat="2005-01-21"/>
  <Kunden KundenNr="19992" KundEigtNr="21508" KundArt="8" KundStatus="3" KundAufDat="2005-01-21"/>
  <Kunden KundenNr="19993" KundEigtNr="21509" KundArt="8" KundStatus="3" KundAufDat="2005-01-21"/>
  <Kunden KundenNr="19994" KundEigtNr="21510" KundArt="8" KundStatus="3" KundAufDat="2005-01-21"/>
  <Kunden KundenNr="19995" KundEigtNr="21511" KundArt="2" KundStatus="1" KundAufDat="2005-01-21"/>
  <Kunden KundenNr="19996" KundEigtNr="21512" KundArt="8" KundStatus="1" KundAufDat="2005-01-21"/>
  <Kunden KundenNr="19997" KundEigtNr="21513" KundArt="1" KundStatus="3" KundAufDat="2005-01-21"/>
  <Kunden KundenNr="19998" KundEigtNr="21514" KundArt="2" KundStatus="3" KundAufDat="2005-01-21"/>
  <Kunden KundenNr="19999" KundEigtNr="21515" KundArt="8" KundStatus="3" KundAufDat="2005-01-24"/>
  <Kunden KundenNr="20000" KundEigtNr="21187" KundArt="8" KundStatus="3" KundAufDat="2005-01-24"/>
  <Kunden KundenNr="20001" KundEigtNr="21516" KundArt="8" KundStatus="3" KundAufDat="2005-01-24"/>
  <Kunden KundenNr="20002" KundEigtNr="21517" KundArt="8" KundStatus="3" KundAufDat="2005-01-24"/>
  <Kunden KundenNr="20003" KundEigtNr="21518" KundArt="1" KundStatus="3" KundAufDat="2005-01-24"/>
  <Kunden KundenNr="20004" KundEigtNr="21519" KundArt="2" KundStatus="3" KundAufDat="2005-01-24"/>
  <Kunden KundenNr="20005" KundEigtNr="21520" KundArt="8" KundStatus="3" KundAufDat="2005-01-24"/>
  <Kunden KundenNr="20006" KundEigtNr="21521" KundArt="1" KundStatus="3" KundAufDat="2005-01-24"/>
  <Kunden KundenNr="20007" KundEigtNr="21522" KundArt="1" KundStatus="3" KundAufDat="2005-01-24"/>
  <Kunden KundenNr="20008" KundEigtNr="21523" KundArt="2" KundStatus="1" KundAufDat="2005-01-24"/>
  <Kunden KundenNr="20009" KundEigtNr="21524" KundArt="2" KundStatus="1" KundAufDat="2005-01-24"/>
  <Kunden KundenNr="20010" KundEigtNr="21406" KundArt="29" KundStatus="1" KundAufDat="2005-01-24"/>
  <Kunden KundenNr="20011" KundEigtNr="21525" KundArt="2" KundStatus="3" KundAufDat="2005-01-24"/>
  <Kunden KundenNr="20012" KundEigtNr="21526" KundArt="2" KundStatus="3" KundAufDat="2005-01-24"/>
  <Kunden KundenNr="20013" KundEigtNr="21527" KundArt="8" KundStatus="3" KundAufDat="2005-01-24"/>
  <Kunden KundenNr="20014" KundEigtNr="21357" KundArt="1" KundStatus="3" KundAufDat="2005-01-24"/>
  <Kunden KundenNr="20015" KundEigtNr="21528" KundArt="2" KundStatus="3" KundAufDat="2005-01-24"/>
  <Kunden KundenNr="20016" KundEigtNr="21529" KundArt="2" KundStatus="1" KundAufDat="2005-01-24"/>
  <Kunden KundenNr="20017" KundEigtNr="21530" KundArt="2" KundStatus="3" KundAufDat="2005-01-24"/>
  <Kunden KundenNr="20018" KundEigtNr="21531" KundArt="1" KundStatus="3" KundAufDat="2005-01-25"/>
  <Kunden KundenNr="20019" KundEigtNr="21532" KundArt="2" KundStatus="3" KundAufDat="2005-01-25"/>
  <Kunden KundenNr="20020" KundEigtNr="21533" KundArt="2" KundStatus="1" KundAufDat="2005-01-25"/>
  <Kunden KundenNr="20021" KundEigtNr="21534" KundArt="1" KundStatus="3" KundAufDat="2005-01-25"/>
  <Kunden KundenNr="20022" KundEigtNr="21535" KundArt="1" KundStatus="3" KundAufDat="2005-01-25"/>
  <Kunden KundenNr="20023" KundEigtNr="21536" KundArt="1" KundStatus="3" KundAufDat="2005-01-25"/>
  <Kunden KundenNr="20024" KundEigtNr="21537" KundArt="2" KundStatus="3" KundAufDat="2005-01-25"/>
  <Kunden KundenNr="20025" KundEigtNr="21538" KundArt="2" KundStatus="1" KundAufDat="2005-01-25"/>
  <Kunden KundenNr="20026" KundEigtNr="19667" KundArt="2" KundStatus="3" KundAufDat="2005-01-25"/>
  <Kunden KundenNr="20027" KundEigtNr="21539" KundArt="2" KundStatus="3" KundAufDat="2005-01-25"/>
  <Kunden KundenNr="20028" KundEigtNr="21540" KundArt="2" KundStatus="3" KundAufDat="2005-01-26"/>
  <Kunden KundenNr="20029" KundEigtNr="14142" KundArt="8" KundStatus="3" KundAufDat="2005-01-26"/>
  <Kunden KundenNr="20030" KundEigtNr="21541" KundArt="8" KundStatus="3" KundAufDat="2005-01-26"/>
  <Kunden KundenNr="20031" KundEigtNr="21542" KundArt="2" KundStatus="3" KundAufDat="2005-01-26"/>
  <Kunden KundenNr="20032" KundEigtNr="21543" KundArt="1" KundStatus="3" KundAufDat="2005-01-26"/>
  <Kunden KundenNr="20033" KundEigtNr="21544" KundArt="29" KundStatus="1" KundAufDat="2005-01-26"/>
  <Kunden KundenNr="20034" KundEigtNr="21545" KundArt="1" KundStatus="3" KundAufDat="2005-01-26"/>
  <Kunden KundenNr="20035" KundEigtNr="21546" KundArt="1" KundStatus="3" KundAufDat="2005-01-26"/>
  <Kunden KundenNr="20036" KundEigtNr="21547" KundArt="2" KundStatus="3" KundAufDat="2005-01-26"/>
  <Kunden KundenNr="20037" KundEigtNr="21548" KundArt="2" KundStatus="1" KundAufDat="2005-01-26"/>
  <Kunden KundenNr="20038" KundEigtNr="21549" KundArt="2" KundStatus="1" KundAufDat="2005-01-27"/>
  <Kunden KundenNr="20039" KundEigtNr="21550" KundArt="2" KundStatus="1" KundAufDat="2005-01-27"/>
  <Kunden KundenNr="20040" KundEigtNr="21551" KundArt="2" KundStatus="3" KundAufDat="2005-01-27"/>
  <Kunden KundenNr="20041" KundEigtNr="21552" KundArt="1" KundStatus="3" KundAufDat="2005-01-27"/>
  <Kunden KundenNr="20042" KundEigtNr="18747" KundArt="1" KundStatus="3" KundAufDat="2005-01-27"/>
  <Kunden KundenNr="20043" KundEigtNr="21553" KundArt="8" KundStatus="3" KundAufDat="2005-01-28"/>
  <Kunden KundenNr="20044" KundEigtNr="21554" KundArt="2" KundStatus="1" KundAufDat="2005-01-28"/>
  <Kunden KundenNr="20045" KundEigtNr="21555" KundArt="2" KundStatus="3" KundAufDat="2005-01-28"/>
  <Kunden KundenNr="20046" KundEigtNr="21556" KundArt="2" KundStatus="1" KundAufDat="2005-01-28"/>
  <Kunden KundenNr="20047" KundEigtNr="21557" KundArt="2" KundStatus="3" KundAufDat="2005-01-28"/>
  <Kunden KundenNr="20048" KundEigtNr="21558" KundArt="8" KundStatus="3" KundAufDat="2005-01-31"/>
  <Kunden KundenNr="20049" KundEigtNr="21559" KundArt="8" KundStatus="3" KundAufDat="2005-01-31"/>
  <Kunden KundenNr="20050" KundEigtNr="21560" KundArt="8" KundStatus="3" KundAufDat="2005-01-31"/>
  <Kunden KundenNr="20051" KundEigtNr="21561" KundArt="2" KundStatus="1" KundAufDat="2005-01-31"/>
  <Kunden KundenNr="20052" KundEigtNr="21562" KundArt="8" KundStatus="3" KundAufDat="2005-01-31"/>
  <Kunden KundenNr="20053" KundEigtNr="21563" KundArt="8" KundStatus="3" KundAufDat="2005-01-31"/>
  <Kunden KundenNr="20054" KundEigtNr="21564" KundArt="8" KundStatus="1" KundAufDat="2005-01-31"/>
  <Kunden KundenNr="20055" KundEigtNr="21565" KundArt="8" KundStatus="3" KundAufDat="2005-01-31"/>
  <Kunden KundenNr="20056" KundEigtNr="21566" KundArt="2" KundStatus="3" KundAufDat="2005-01-31"/>
  <Kunden KundenNr="20057" KundEigtNr="21567" KundArt="2" KundStatus="3" KundAufDat="2005-01-31"/>
  <Kunden KundenNr="20058" KundEigtNr="21568" KundArt="2" KundStatus="1" KundAufDat="2005-01-31"/>
  <Kunden KundenNr="20059" KundEigtNr="21569" KundArt="2" KundStatus="3" KundAufDat="2005-01-31"/>
  <Kunden KundenNr="20060" KundEigtNr="21570" KundArt="2" KundStatus="3" KundAufDat="2005-01-31"/>
  <Kunden KundenNr="20061" KundEigtNr="21571" KundArt="2" KundStatus="3" KundAufDat="2005-01-31"/>
  <Kunden KundenNr="20062" KundEigtNr="21572" KundArt="8" KundStatus="3" KundAufDat="2005-02-01"/>
  <Kunden KundenNr="20063" KundEigtNr="21573" KundArt="8" KundStatus="3" KundAufDat="2005-02-01"/>
  <Kunden KundenNr="20064" KundEigtNr="21574" KundArt="8" KundStatus="3" KundAufDat="2005-02-01"/>
  <Kunden KundenNr="20065" KundEigtNr="21575" KundArt="2" KundStatus="3" KundAufDat="2005-02-01"/>
  <Kunden KundenNr="20066" KundEigtNr="21576" KundArt="2" KundStatus="1" KundAufDat="2005-02-01"/>
  <Kunden KundenNr="20067" KundEigtNr="21578" KundArt="8" KundStatus="3" KundAufDat="2005-02-01"/>
  <Kunden KundenNr="20068" KundEigtNr="21579" KundArt="2" KundStatus="3" KundAufDat="2005-02-01"/>
  <Kunden KundenNr="20069" KundEigtNr="21580" KundArt="2" KundStatus="3" KundAufDat="2005-02-01"/>
  <Kunden KundenNr="20070" KundEigtNr="21581" KundArt="2" KundStatus="3" KundAufDat="2005-02-01"/>
  <Kunden KundenNr="20071" KundEigtNr="21582" KundArt="2" KundStatus="3" KundAufDat="2005-02-01"/>
  <Kunden KundenNr="20072" KundEigtNr="21583" KundArt="2" KundStatus="3" KundAufDat="2005-02-01"/>
  <Kunden KundenNr="20073" KundEigtNr="21584" KundArt="2" KundStatus="1" KundAufDat="2005-02-01"/>
  <Kunden KundenNr="20074" KundEigtNr="21585" KundArt="2" KundStatus="1" KundAufDat="2005-02-01"/>
  <Kunden KundenNr="20075" KundEigtNr="21586" KundArt="2" KundStatus="3" KundAufDat="2005-02-01"/>
  <Kunden KundenNr="20076" KundEigtNr="21594" KundArt="2" KundStatus="1" KundAufDat="2005-02-02"/>
  <Kunden KundenNr="20077" KundEigtNr="21595" KundArt="2" KundStatus="3" KundAufDat="2005-02-02"/>
  <Kunden KundenNr="20078" KundEigtNr="21596" KundArt="1" KundStatus="3" KundAufDat="2005-02-02"/>
  <Kunden KundenNr="20079" KundEigtNr="21597" KundArt="2" KundStatus="3" KundAufDat="2005-02-02"/>
  <Kunden KundenNr="20080" KundEigtNr="21598" KundArt="29" KundStatus="1" KundAufDat="2005-02-02"/>
  <Kunden KundenNr="20081" KundEigtNr="21599" KundArt="1" KundStatus="1" KundAufDat="2005-02-02"/>
  <Kunden KundenNr="20082" KundEigtNr="21600" KundArt="8" KundStatus="1" KundAufDat="2005-02-02"/>
  <Kunden KundenNr="20083" KundEigtNr="21601" KundArt="8" KundStatus="3" KundAufDat="2005-02-02"/>
  <Kunden KundenNr="20084" KundEigtNr="21602" KundArt="1" KundStatus="1" KundAufDat="2005-02-02"/>
  <Kunden KundenNr="20085" KundEigtNr="20460" KundArt="29" KundStatus="1" KundAufDat="2005-02-03"/>
  <Kunden KundenNr="20086" KundEigtNr="21603" KundArt="2" KundStatus="3" KundAufDat="2005-02-03"/>
  <Kunden KundenNr="20087" KundEigtNr="10717" KundArt="8" KundStatus="3" KundAufDat="2005-02-03"/>
  <Kunden KundenNr="20088" KundEigtNr="21607" KundArt="29" KundStatus="1" KundAufDat="2005-02-03"/>
  <Kunden KundenNr="20089" KundEigtNr="21608" KundArt="8" KundStatus="3" KundAufDat="2005-02-04"/>
  <Kunden KundenNr="20090" KundEigtNr="21609" KundArt="8" KundStatus="3" KundAufDat="2005-02-04"/>
  <Kunden KundenNr="20091" KundEigtNr="21610" KundArt="8" KundStatus="3" KundAufDat="2005-02-04"/>
  <Kunden KundenNr="20092" KundEigtNr="21228" KundArt="29" KundStatus="1" KundAufDat="2005-02-04"/>
  <Kunden KundenNr="20093" KundEigtNr="21611" KundArt="2" KundStatus="1" KundAufDat="2005-02-04"/>
  <Kunden KundenNr="20094" KundEigtNr="21612" KundArt="2" KundStatus="3" KundAufDat="2005-02-04"/>
  <Kunden KundenNr="20095" KundEigtNr="21613" KundArt="29" KundStatus="1" KundAufDat="2005-02-04"/>
  <Kunden KundenNr="20096" KundEigtNr="21614" KundArt="29" KundStatus="1" KundAufDat="2005-02-04"/>
  <Kunden KundenNr="20097" KundEigtNr="21615" KundArt="2" KundStatus="3" KundAufDat="2005-02-05"/>
  <Kunden KundenNr="20098" KundEigtNr="21616" KundArt="1" KundStatus="1" KundAufDat="2005-02-07"/>
  <Kunden KundenNr="20099" KundEigtNr="21617" KundArt="1" KundStatus="3" KundAufDat="2005-02-07"/>
  <Kunden KundenNr="20100" KundEigtNr="21618" KundArt="1" KundStatus="3" KundAufDat="2005-02-07"/>
  <Kunden KundenNr="20101" KundEigtNr="21619" KundArt="2" KundStatus="3" KundAufDat="2005-02-07"/>
  <Kunden KundenNr="20102" KundEigtNr="21620" KundArt="2" KundStatus="3" KundAufDat="2005-02-07"/>
  <Kunden KundenNr="20103" KundEigtNr="21621" KundArt="8" KundStatus="3" KundAufDat="2005-02-07"/>
  <Kunden KundenNr="20104" KundEigtNr="21622" KundArt="2" KundStatus="3" KundAufDat="2005-02-07"/>
  <Kunden KundenNr="20105" KundEigtNr="21623" KundArt="2" KundStatus="3" KundAufDat="2005-02-07"/>
  <Kunden KundenNr="20106" KundEigtNr="21624" KundArt="2" KundStatus="1" KundAufDat="2005-02-07"/>
  <Kunden KundenNr="20107" KundEigtNr="21625" KundArt="2" KundStatus="1" KundAufDat="2005-02-07"/>
  <Kunden KundenNr="20108" KundEigtNr="21626" KundArt="8" KundStatus="3" KundAufDat="2005-02-08"/>
  <Kunden KundenNr="20109" KundEigtNr="13911" KundArt="2" KundStatus="3" KundAufDat="2005-02-08"/>
  <Kunden KundenNr="20110" KundEigtNr="21627" KundArt="29" KundStatus="1" KundAufDat="2005-02-08"/>
  <Kunden KundenNr="20111" KundEigtNr="21628" KundArt="2" KundStatus="1" KundAufDat="2005-02-08"/>
  <Kunden KundenNr="20112" KundEigtNr="21629" KundArt="2" KundStatus="3" KundAufDat="2005-02-08"/>
  <Kunden KundenNr="20113" KundEigtNr="21114" KundArt="29" KundStatus="1" KundAufDat="2005-02-08"/>
  <Kunden KundenNr="20114" KundEigtNr="21630" KundArt="8" KundStatus="3" KundAufDat="2005-02-08"/>
  <Kunden KundenNr="20115" KundEigtNr="21631" KundArt="29" KundStatus="1" KundAufDat="2005-02-08"/>
  <Kunden KundenNr="20116" KundEigtNr="21632" KundArt="2" KundStatus="3" KundAufDat="2005-02-08"/>
  <Kunden KundenNr="20117" KundEigtNr="21633" KundArt="8" KundStatus="3" KundAufDat="2005-02-08"/>
  <Kunden KundenNr="20118" KundEigtNr="21635" KundArt="1" KundStatus="3" KundAufDat="2005-02-08"/>
  <Kunden KundenNr="20119" KundEigtNr="21636" KundArt="1" KundStatus="3" KundAufDat="2005-02-08"/>
  <Kunden KundenNr="20120" KundEigtNr="21645" KundArt="2" KundStatus="3" KundAufDat="2005-02-09"/>
  <Kunden KundenNr="20121" KundEigtNr="21646" KundArt="2" KundStatus="3" KundAufDat="2005-02-09"/>
  <Kunden KundenNr="20122" KundEigtNr="21647" KundArt="2" KundStatus="3" KundAufDat="2005-02-09"/>
  <Kunden KundenNr="20123" KundEigtNr="21648" KundArt="29" KundStatus="1" KundAufDat="2005-02-09"/>
  <Kunden KundenNr="20124" KundEigtNr="21649" KundArt="29" KundStatus="1" KundAufDat="2005-02-09"/>
  <Kunden KundenNr="20125" KundEigtNr="21657" KundArt="2" KundStatus="3" KundAufDat="2005-02-09"/>
  <Kunden KundenNr="20126" KundEigtNr="21662" KundArt="2" KundStatus="3" KundAufDat="2005-02-10"/>
  <Kunden KundenNr="20127" KundEigtNr="21663" KundArt="1" KundStatus="3" KundAufDat="2005-02-10"/>
  <Kunden KundenNr="20128" KundEigtNr="21664" KundArt="2" KundStatus="1" KundAufDat="2005-02-10"/>
  <Kunden KundenNr="20129" KundEigtNr="21665" KundArt="2" KundStatus="3" KundAufDat="2005-02-10"/>
  <Kunden KundenNr="20130" KundEigtNr="21666" KundArt="2" KundStatus="3" KundAufDat="2005-02-10"/>
  <Kunden KundenNr="20131" KundEigtNr="21667" KundArt="2" KundStatus="3" KundAufDat="2005-02-10"/>
  <Kunden KundenNr="20132" KundEigtNr="21668" KundArt="2" KundStatus="3" KundAufDat="2005-02-10"/>
  <Kunden KundenNr="20133" KundEigtNr="21669" KundArt="8" KundStatus="3" KundAufDat="2005-02-10"/>
  <Kunden KundenNr="20134" KundEigtNr="21670" KundArt="2" KundStatus="3" KundAufDat="2005-02-10"/>
  <Kunden KundenNr="20135" KundEigtNr="19616" KundArt="29" KundStatus="1" KundAufDat="2005-02-10"/>
  <Kunden KundenNr="20136" KundEigtNr="21671" KundArt="29" KundStatus="1" KundAufDat="2005-02-10"/>
  <Kunden KundenNr="20137" KundEigtNr="21232" KundArt="29" KundStatus="1" KundAufDat="2005-02-10"/>
  <Kunden KundenNr="20138" KundEigtNr="21064" KundArt="29" KundStatus="1" KundAufDat="2005-02-10"/>
  <Kunden KundenNr="20139" KundEigtNr="21672" KundArt="1" KundStatus="3" KundAufDat="2005-02-10"/>
  <Kunden KundenNr="20140" KundEigtNr="21673" KundArt="2" KundStatus="1" KundAufDat="2005-02-11"/>
  <Kunden KundenNr="20141" KundEigtNr="21674" KundArt="8" KundStatus="3" KundAufDat="2005-02-11"/>
  <Kunden KundenNr="20142" KundEigtNr="21675" KundArt="1" KundStatus="3" KundAufDat="2005-02-11"/>
  <Kunden KundenNr="20143" KundEigtNr="20051" KundArt="1" KundStatus="1" KundAufDat="2005-02-11"/>
  <Kunden KundenNr="20144" KundEigtNr="21676" KundArt="2" KundStatus="1" KundAufDat="2005-02-11"/>
  <Kunden KundenNr="20145" KundEigtNr="21677" KundArt="29" KundStatus="1" KundAufDat="2005-02-11"/>
  <Kunden KundenNr="20146" KundEigtNr="21678" KundArt="2" KundStatus="3" KundAufDat="2005-02-12"/>
  <Kunden KundenNr="20147" KundEigtNr="21679" KundArt="1" KundStatus="3" KundAufDat="2005-02-14"/>
  <Kunden KundenNr="20148" KundEigtNr="21680" KundArt="2" KundStatus="3" KundAufDat="2005-02-14"/>
  <Kunden KundenNr="20149" KundEigtNr="21681" KundArt="8" KundStatus="3" KundAufDat="2005-02-14"/>
  <Kunden KundenNr="20150" KundEigtNr="21682" KundArt="8" KundStatus="3" KundAufDat="2005-02-14"/>
  <Kunden KundenNr="20151" KundEigtNr="21683" KundArt="2" KundStatus="3" KundAufDat="2005-02-14"/>
  <Kunden KundenNr="20152" KundEigtNr="21684" KundArt="1" KundStatus="3" KundAufDat="2005-02-14"/>
  <Kunden KundenNr="20153" KundEigtNr="21685" KundArt="2" KundStatus="1" KundAufDat="2005-02-14"/>
  <Kunden KundenNr="20154" KundEigtNr="21686" KundArt="2" KundStatus="3" KundAufDat="2005-02-14"/>
  <Kunden KundenNr="20155" KundEigtNr="21687" KundArt="2" KundStatus="1" KundAufDat="2005-02-14"/>
  <Kunden KundenNr="20156" KundEigtNr="21688" KundArt="8" KundStatus="3" KundAufDat="2005-02-14"/>
  <Kunden KundenNr="20157" KundEigtNr="21689" KundArt="8" KundStatus="3" KundAufDat="2005-02-14"/>
  <Kunden KundenNr="20158" KundEigtNr="21690" KundArt="8" KundStatus="3" KundAufDat="2005-02-14"/>
  <Kunden KundenNr="20159" KundEigtNr="16014" KundArt="8" KundStatus="3" KundAufDat="2005-02-14"/>
  <Kunden KundenNr="20160" KundEigtNr="21691" KundArt="2" KundStatus="3" KundAufDat="2005-02-14"/>
  <Kunden KundenNr="20161" KundEigtNr="21692" KundArt="2" KundStatus="3" KundAufDat="2005-02-14"/>
  <Kunden KundenNr="20162" KundEigtNr="21656" KundArt="29" KundStatus="1" KundAufDat="2005-02-14"/>
  <Kunden KundenNr="20163" KundEigtNr="21693" KundArt="29" KundStatus="1" KundAufDat="2005-02-14"/>
  <Kunden KundenNr="20164" KundEigtNr="21694" KundArt="8" KundStatus="3" KundAufDat="2005-02-15"/>
  <Kunden KundenNr="20165" KundEigtNr="21695" KundArt="2" KundStatus="3" KundAufDat="2005-02-15"/>
  <Kunden KundenNr="20166" KundEigtNr="21696" KundArt="8" KundStatus="3" KundAufDat="2005-02-15"/>
  <Kunden KundenNr="20167" KundEigtNr="20644" KundArt="2" KundStatus="3" KundAufDat="2005-02-15"/>
  <Kunden KundenNr="20168" KundEigtNr="21697" KundArt="2" KundStatus="3" KundAufDat="2005-02-15"/>
  <Kunden KundenNr="20169" KundEigtNr="21698" KundArt="2" KundStatus="3" KundAufDat="2005-02-15"/>
  <Kunden KundenNr="20170" KundEigtNr="21699" KundArt="2" KundStatus="1" KundAufDat="2005-02-15"/>
  <Kunden KundenNr="20171" KundEigtNr="21685" KundArt="8" KundStatus="3" KundAufDat="2005-02-15"/>
  <Kunden KundenNr="20172" KundEigtNr="21700" KundArt="8" KundStatus="3" KundAufDat="2005-02-15"/>
  <Kunden KundenNr="20173" KundEigtNr="21701" KundArt="8" KundStatus="3" KundAufDat="2005-02-15"/>
  <Kunden KundenNr="20174" KundEigtNr="21702" KundArt="8" KundStatus="3" KundAufDat="2005-02-15"/>
  <Kunden KundenNr="20175" KundEigtNr="21703" KundArt="2" KundStatus="1" KundAufDat="2005-02-15"/>
  <Kunden KundenNr="20176" KundEigtNr="21704" KundArt="2" KundStatus="1" KundAufDat="2005-02-15"/>
  <Kunden KundenNr="20177" KundEigtNr="21705" KundArt="2" KundStatus="3" KundAufDat="2005-02-15"/>
  <Kunden KundenNr="20178" KundEigtNr="21706" KundArt="2" KundStatus="3" KundAufDat="2005-02-15"/>
  <Kunden KundenNr="20179" KundEigtNr="21707" KundArt="29" KundStatus="1" KundAufDat="2005-02-16"/>
  <Kunden KundenNr="20180" KundEigtNr="21708" KundArt="2" KundStatus="3" KundAufDat="2005-02-16"/>
  <Kunden KundenNr="20181" KundEigtNr="21709" KundArt="2" KundStatus="1" KundAufDat="2005-02-16"/>
  <Kunden KundenNr="20182" KundEigtNr="21710" KundArt="8" KundStatus="3" KundAufDat="2005-02-16"/>
  <Kunden KundenNr="20183" KundEigtNr="21711" KundArt="2" KundStatus="1" KundAufDat="2005-02-16"/>
  <Kunden KundenNr="20184" KundEigtNr="21712" KundArt="8" KundStatus="3" KundAufDat="2005-02-16"/>
  <Kunden KundenNr="20185" KundEigtNr="21713" KundArt="2" KundStatus="1" KundAufDat="2005-02-16"/>
  <Kunden KundenNr="20186" KundEigtNr="21714" KundArt="29" KundStatus="1" KundAufDat="2005-02-16"/>
  <Kunden KundenNr="20187" KundEigtNr="21715" KundArt="2" KundStatus="3" KundAufDat="2005-02-16"/>
  <Kunden KundenNr="20188" KundEigtNr="21716" KundArt="2" KundStatus="3" KundAufDat="2005-02-16"/>
  <Kunden KundenNr="20189" KundEigtNr="21717" KundArt="29" KundStatus="1" KundAufDat="2005-02-16"/>
  <Kunden KundenNr="20190" KundEigtNr="10930" KundArt="29" KundStatus="1" KundAufDat="2005-02-16"/>
  <Kunden KundenNr="20191" KundEigtNr="21718" KundArt="29" KundStatus="1" KundAufDat="2005-02-16"/>
  <Kunden KundenNr="20192" KundEigtNr="21719" KundArt="2" KundStatus="3" KundAufDat="2005-02-16"/>
  <Kunden KundenNr="20193" KundEigtNr="21720" KundArt="2" KundStatus="1" KundAufDat="2005-02-17"/>
  <Kunden KundenNr="20194" KundEigtNr="21721" KundArt="2" KundStatus="3" KundAufDat="2005-02-17"/>
  <Kunden KundenNr="20195" KundEigtNr="21659" KundArt="29" KundStatus="1" KundAufDat="2005-02-17"/>
  <Kunden KundenNr="20196" KundEigtNr="21722" KundArt="2" KundStatus="1" KundAufDat="2005-02-17"/>
  <Kunden KundenNr="20197" KundEigtNr="21723" KundArt="8" KundStatus="1" KundAufDat="2005-02-17"/>
  <Kunden KundenNr="20198" KundEigtNr="21724" KundArt="8" KundStatus="3" KundAufDat="2005-02-17"/>
  <Kunden KundenNr="20199" KundEigtNr="21725" KundArt="2" KundStatus="1" KundAufDat="2005-02-17"/>
  <Kunden KundenNr="20200" KundEigtNr="21726" KundArt="8" KundStatus="3" KundAufDat="2005-02-17"/>
  <Kunden KundenNr="20201" KundEigtNr="21727" KundArt="8" KundStatus="3" KundAufDat="2005-02-17"/>
  <Kunden KundenNr="20202" KundEigtNr="21728" KundArt="2" KundStatus="3" KundAufDat="2005-02-17"/>
  <Kunden KundenNr="20203" KundEigtNr="18761" KundArt="2" KundStatus="3" KundAufDat="2005-02-17"/>
  <Kunden KundenNr="20204" KundEigtNr="21729" KundArt="2" KundStatus="1" KundAufDat="2005-02-17"/>
  <Kunden KundenNr="20205" KundEigtNr="21218" KundArt="2" KundStatus="1" KundAufDat="2005-02-17"/>
  <Kunden KundenNr="20206" KundEigtNr="21730" KundArt="2" KundStatus="1" KundAufDat="2005-02-17"/>
  <Kunden KundenNr="20207" KundEigtNr="21737" KundArt="1" KundStatus="3" KundAufDat="2005-02-17"/>
  <Kunden KundenNr="20208" KundEigtNr="21738" KundArt="2" KundStatus="1" KundAufDat="2005-02-18"/>
  <Kunden KundenNr="20209" KundEigtNr="21739" KundArt="2" KundStatus="3" KundAufDat="2005-02-18"/>
  <Kunden KundenNr="20210" KundEigtNr="21740" KundArt="2" KundStatus="1" KundAufDat="2005-02-18"/>
  <Kunden KundenNr="20211" KundEigtNr="21741" KundArt="2" KundStatus="3" KundAufDat="2005-02-18"/>
  <Kunden KundenNr="20212" KundEigtNr="21640" KundArt="29" KundStatus="1" KundAufDat="2005-02-18"/>
  <Kunden KundenNr="20213" KundEigtNr="21742" KundArt="29" KundStatus="1" KundAufDat="2005-02-18"/>
  <Kunden KundenNr="20214" KundEigtNr="21743" KundArt="8" KundStatus="3" KundAufDat="2005-02-18"/>
  <Kunden KundenNr="20215" KundEigtNr="21744" KundArt="1" KundStatus="1" KundAufDat="2005-02-18"/>
  <Kunden KundenNr="20216" KundEigtNr="21745" KundArt="29" KundStatus="1" KundAufDat="2005-02-18"/>
  <Kunden KundenNr="20217" KundEigtNr="15058" KundArt="29" KundStatus="1" KundAufDat="2005-02-18"/>
  <Kunden KundenNr="20218" KundEigtNr="21746" KundArt="2" KundStatus="3" KundAufDat="2005-02-18"/>
  <Kunden KundenNr="20219" KundEigtNr="21747" KundArt="8" KundStatus="3" KundAufDat="2005-02-18"/>
  <Kunden KundenNr="20220" KundEigtNr="21748" KundArt="1" KundStatus="1" KundAufDat="2005-02-18"/>
  <Kunden KundenNr="20221" KundEigtNr="21749" KundArt="2" KundStatus="3" KundAufDat="2005-02-18"/>
  <Kunden KundenNr="20222" KundEigtNr="21750" KundArt="1" KundStatus="3" KundAufDat="2005-02-18"/>
  <Kunden KundenNr="20223" KundEigtNr="21759" KundArt="8" KundStatus="3" KundAufDat="2005-02-21"/>
  <Kunden KundenNr="20224" KundEigtNr="21760" KundArt="29" KundStatus="1" KundAufDat="2005-02-21"/>
  <Kunden KundenNr="20225" KundEigtNr="21761" KundArt="8" KundStatus="3" KundAufDat="2005-02-21"/>
  <Kunden KundenNr="20226" KundEigtNr="21762" KundArt="8" KundStatus="3" KundAufDat="2005-02-21"/>
  <Kunden KundenNr="20227" KundEigtNr="21763" KundArt="8" KundStatus="1" KundAufDat="2005-02-21"/>
  <Kunden KundenNr="20228" KundEigtNr="5351" KundArt="1" KundStatus="1" KundAufDat="2005-02-21"/>
  <Kunden KundenNr="20229" KundEigtNr="21764" KundArt="1" KundStatus="3" KundAufDat="2005-02-21"/>
  <Kunden KundenNr="20230" KundEigtNr="20333" KundArt="2" KundStatus="1" KundAufDat="2005-02-21"/>
  <Kunden KundenNr="20231" KundEigtNr="21765" KundArt="2" KundStatus="1" KundAufDat="2005-02-21"/>
  <Kunden KundenNr="20232" KundEigtNr="21766" KundArt="8" KundStatus="3" KundAufDat="2005-02-21"/>
  <Kunden KundenNr="20233" KundEigtNr="21767" KundArt="2" KundStatus="3" KundAufDat="2005-02-21"/>
  <Kunden KundenNr="20234" KundEigtNr="21768" KundArt="8" KundStatus="1" KundAufDat="2005-02-21"/>
  <Kunden KundenNr="20235" KundEigtNr="11369" KundArt="1" KundStatus="1" KundAufDat="2005-02-21"/>
  <Kunden KundenNr="20236" KundEigtNr="21769" KundArt="2" KundStatus="3" KundAufDat="2005-02-21"/>
  <Kunden KundenNr="20237" KundEigtNr="21770" KundArt="8" KundStatus="3" KundAufDat="2005-02-21"/>
  <Kunden KundenNr="20238" KundEigtNr="21720" KundArt="29" KundStatus="1" KundAufDat="2005-02-21"/>
  <Kunden KundenNr="20239" KundEigtNr="21771" KundArt="2" KundStatus="3" KundAufDat="2005-02-21"/>
  <Kunden KundenNr="20240" KundEigtNr="21772" KundArt="8" KundStatus="3" KundAufDat="2005-02-21"/>
  <Kunden KundenNr="20241" KundEigtNr="21774" KundArt="8" KundStatus="3" KundAufDat="2005-02-22"/>
  <Kunden KundenNr="20242" KundEigtNr="21133" KundArt="2" KundStatus="1" KundAufDat="2005-02-22"/>
  <Kunden KundenNr="20243" KundEigtNr="21775" KundArt="8" KundStatus="3" KundAufDat="2005-02-22"/>
  <Kunden KundenNr="20244" KundEigtNr="21776" KundArt="8" KundStatus="3" KundAufDat="2005-02-22"/>
  <Kunden KundenNr="20245" KundEigtNr="21642" KundArt="29" KundStatus="1" KundAufDat="2005-02-22"/>
  <Kunden KundenNr="20246" KundEigtNr="21777" KundArt="2" KundStatus="1" KundAufDat="2005-02-22"/>
  <Kunden KundenNr="20247" KundEigtNr="5484" KundArt="2" KundStatus="1" KundAufDat="2005-02-22"/>
  <Kunden KundenNr="20248" KundEigtNr="21778" KundArt="2" KundStatus="3" KundAufDat="2005-02-22"/>
  <Kunden KundenNr="20249" KundEigtNr="21577" KundArt="29" KundStatus="1" KundAufDat="2005-02-22"/>
  <Kunden KundenNr="20250" KundEigtNr="21779" KundArt="1" KundStatus="1" KundAufDat="2005-02-22"/>
  <Kunden KundenNr="20251" KundEigtNr="21781" KundArt="1" KundStatus="3" KundAufDat="2005-02-22"/>
  <Kunden KundenNr="20252" KundEigtNr="21782" KundArt="8" KundStatus="3" KundAufDat="2005-02-23"/>
  <Kunden KundenNr="20253" KundEigtNr="21783" KundArt="8" KundStatus="3" KundAufDat="2005-02-23"/>
  <Kunden KundenNr="20254" KundEigtNr="21784" KundArt="2" KundStatus="3" KundAufDat="2005-02-23"/>
  <Kunden KundenNr="20255" KundEigtNr="15408" KundArt="29" KundStatus="1" KundAufDat="2005-02-23"/>
  <Kunden KundenNr="20256" KundEigtNr="21785" KundArt="2" KundStatus="1" KundAufDat="2005-02-23"/>
  <Kunden KundenNr="20257" KundEigtNr="21795" KundArt="2" KundStatus="3" KundAufDat="2005-02-23"/>
  <Kunden KundenNr="20258" KundEigtNr="21796" KundArt="2" KundStatus="3" KundAufDat="2005-02-24"/>
  <Kunden KundenNr="20259" KundEigtNr="21797" KundArt="2" KundStatus="3" KundAufDat="2005-02-24"/>
  <Kunden KundenNr="20260" KundEigtNr="21798" KundArt="2" KundStatus="3" KundAufDat="2005-02-24"/>
  <Kunden KundenNr="20261" KundEigtNr="21799" KundArt="2" KundStatus="3" KundAufDat="2005-02-24"/>
  <Kunden KundenNr="20262" KundEigtNr="21800" KundArt="2" KundStatus="1" KundAufDat="2005-02-24"/>
  <Kunden KundenNr="20263" KundEigtNr="21801" KundArt="2" KundStatus="1" KundAufDat="2005-02-24"/>
  <Kunden KundenNr="20264" KundEigtNr="21802" KundArt="2" KundStatus="3" KundAufDat="2005-02-24"/>
  <Kunden KundenNr="20265" KundEigtNr="21803" KundArt="8" KundStatus="3" KundAufDat="2005-02-24"/>
  <Kunden KundenNr="20266" KundEigtNr="21804" KundArt="8" KundStatus="3" KundAufDat="2005-02-24"/>
  <Kunden KundenNr="20267" KundEigtNr="21805" KundArt="1" KundStatus="3" KundAufDat="2005-02-24"/>
  <Kunden KundenNr="20268" KundEigtNr="6091" KundArt="2" KundStatus="3" KundAufDat="2005-02-24"/>
  <Kunden KundenNr="20269" KundEigtNr="21806" KundArt="8" KundStatus="3" KundAufDat="2005-02-25"/>
  <Kunden KundenNr="20270" KundEigtNr="21807" KundArt="8" KundStatus="3" KundAufDat="2005-02-25"/>
  <Kunden KundenNr="20271" KundEigtNr="21808" KundArt="8" KundStatus="3" KundAufDat="2005-02-25"/>
  <Kunden KundenNr="20272" KundEigtNr="21809" KundArt="8" KundStatus="3" KundAufDat="2005-02-25"/>
  <Kunden KundenNr="20273" KundEigtNr="14680" KundArt="8" KundStatus="3" KundAufDat="2005-02-25"/>
  <Kunden KundenNr="20274" KundEigtNr="21810" KundArt="2" KundStatus="1" KundAufDat="2005-02-25"/>
  <Kunden KundenNr="20275" KundEigtNr="21811" KundArt="2" KundStatus="1" KundAufDat="2005-02-25"/>
  <Kunden KundenNr="20276" KundEigtNr="21812" KundArt="2" KundStatus="3" KundAufDat="2005-02-25"/>
  <Kunden KundenNr="20277" KundEigtNr="21813" KundArt="1" KundStatus="1" KundAufDat="2005-02-25"/>
  <Kunden KundenNr="20278" KundEigtNr="21814" KundArt="1" KundStatus="3" KundAufDat="2005-02-26"/>
  <Kunden KundenNr="20279" KundEigtNr="21815" KundArt="2" KundStatus="3" KundAufDat="2005-02-28"/>
  <Kunden KundenNr="20280" KundEigtNr="21816" KundArt="8" KundStatus="3" KundAufDat="2005-02-28"/>
  <Kunden KundenNr="20281" KundEigtNr="21817" KundArt="2" KundStatus="3" KundAufDat="2005-02-28"/>
  <Kunden KundenNr="20282" KundEigtNr="21818" KundArt="29" KundStatus="1" KundAufDat="2005-02-28"/>
  <Kunden KundenNr="20283" KundEigtNr="21819" KundArt="2" KundStatus="1" KundAufDat="2005-02-28"/>
  <Kunden KundenNr="20284" KundEigtNr="21820" KundArt="8" KundStatus="3" KundAufDat="2005-02-28"/>
  <Kunden KundenNr="20285" KundEigtNr="21821" KundArt="8" KundStatus="3" KundAufDat="2005-02-28"/>
  <Kunden KundenNr="20286" KundEigtNr="21822" KundArt="2" KundStatus="3" KundAufDat="2005-02-28"/>
  <Kunden KundenNr="20287" KundEigtNr="21247" KundArt="8" KundStatus="3" KundAufDat="2005-02-28"/>
  <Kunden KundenNr="20288" KundEigtNr="21823" KundArt="2" KundStatus="3" KundAufDat="2005-02-28"/>
  <Kunden KundenNr="20289" KundEigtNr="21824" KundArt="2" KundStatus="3" KundAufDat="2005-02-28"/>
  <Kunden KundenNr="20290" KundEigtNr="21825" KundArt="2" KundStatus="3" KundAufDat="2005-02-28"/>
  <Kunden KundenNr="20291" KundEigtNr="21826" KundArt="2" KundStatus="3" KundAufDat="2005-02-28"/>
  <Kunden KundenNr="20292" KundEigtNr="21827" KundArt="2" KundStatus="1" KundAufDat="2005-02-28"/>
  <Kunden KundenNr="20293" KundEigtNr="21828" KundArt="29" KundStatus="1" KundAufDat="2005-03-01"/>
  <Kunden KundenNr="20294" KundEigtNr="21829" KundArt="8" KundStatus="3" KundAufDat="2005-03-01"/>
  <Kunden KundenNr="20295" KundEigtNr="21830" KundArt="8" KundStatus="3" KundAufDat="2005-03-01"/>
  <Kunden KundenNr="20296" KundEigtNr="21831" KundArt="8" KundStatus="3" KundAufDat="2005-03-01"/>
  <Kunden KundenNr="20297" KundEigtNr="21832" KundArt="1" KundStatus="3" KundAufDat="2005-03-01"/>
  <Kunden KundenNr="20298" KundEigtNr="21833" KundArt="2" KundStatus="3" KundAufDat="2005-03-01"/>
  <Kunden KundenNr="20299" KundEigtNr="21841" KundArt="2" KundStatus="1" KundAufDat="2005-03-01"/>
  <Kunden KundenNr="20300" KundEigtNr="21842" KundArt="2" KundStatus="3" KundAufDat="2005-03-02"/>
  <Kunden KundenNr="20301" KundEigtNr="21843" KundArt="2" KundStatus="3" KundAufDat="2005-03-02"/>
  <Kunden KundenNr="20302" KundEigtNr="21844" KundArt="2" KundStatus="3" KundAufDat="2005-03-02"/>
  <Kunden KundenNr="20303" KundEigtNr="21845" KundArt="8" KundStatus="3" KundAufDat="2005-03-02"/>
  <Kunden KundenNr="20304" KundEigtNr="21846" KundArt="8" KundStatus="3" KundAufDat="2005-03-02"/>
  <Kunden KundenNr="20305" KundEigtNr="21847" KundArt="2" KundStatus="1" KundAufDat="2005-03-02"/>
  <Kunden KundenNr="20306" KundEigtNr="21848" KundArt="29" KundStatus="1" KundAufDat="2005-03-02"/>
  <Kunden KundenNr="20307" KundEigtNr="21849" KundArt="8" KundStatus="3" KundAufDat="2005-03-02"/>
  <Kunden KundenNr="20308" KundEigtNr="21850" KundArt="8" KundStatus="3" KundAufDat="2005-03-02"/>
  <Kunden KundenNr="20309" KundEigtNr="21588" KundArt="29" KundStatus="1" KundAufDat="2005-03-02"/>
  <Kunden KundenNr="20310" KundEigtNr="21851" KundArt="2" KundStatus="1" KundAufDat="2005-03-02"/>
  <Kunden KundenNr="20311" KundEigtNr="21852" KundArt="2" KundStatus="3" KundAufDat="2005-03-03"/>
  <Kunden KundenNr="20312" KundEigtNr="21853" KundArt="2" KundStatus="3" KundAufDat="2005-03-03"/>
  <Kunden KundenNr="20313" KundEigtNr="21854" KundArt="2" KundStatus="3" KundAufDat="2005-03-03"/>
  <Kunden KundenNr="20314" KundEigtNr="21849" KundArt="2" KundStatus="3" KundAufDat="2005-03-03"/>
  <Kunden KundenNr="20315" KundEigtNr="21867" KundArt="2" KundStatus="3" KundAufDat="2005-03-04"/>
  <Kunden KundenNr="20316" KundEigtNr="21868" KundArt="2" KundStatus="1" KundAufDat="2005-03-04"/>
  <Kunden KundenNr="20317" KundEigtNr="21869" KundArt="2" KundStatus="3" KundAufDat="2005-03-04"/>
  <Kunden KundenNr="20318" KundEigtNr="21870" KundArt="29" KundStatus="1" KundAufDat="2005-03-04"/>
  <Kunden KundenNr="20319" KundEigtNr="21871" KundArt="8" KundStatus="3" KundAufDat="2005-03-04"/>
  <Kunden KundenNr="20320" KundEigtNr="21872" KundArt="8" KundStatus="3" KundAufDat="2005-03-04"/>
  <Kunden KundenNr="20321" KundEigtNr="21873" KundArt="8" KundStatus="3" KundAufDat="2005-03-04"/>
  <Kunden KundenNr="20322" KundEigtNr="21874" KundArt="8" KundStatus="3" KundAufDat="2005-03-07"/>
  <Kunden KundenNr="20323" KundEigtNr="21875" KundArt="2" KundStatus="1" KundAufDat="2005-03-07"/>
  <Kunden KundenNr="20324" KundEigtNr="21876" KundArt="1" KundStatus="3" KundAufDat="2005-03-07"/>
  <Kunden KundenNr="20325" KundEigtNr="21877" KundArt="8" KundStatus="3" KundAufDat="2005-03-07"/>
  <Kunden KundenNr="20326" KundEigtNr="21878" KundArt="8" KundStatus="3" KundAufDat="2005-03-07"/>
  <Kunden KundenNr="20327" KundEigtNr="21879" KundArt="8" KundStatus="3" KundAufDat="2005-03-07"/>
  <Kunden KundenNr="20328" KundEigtNr="21880" KundArt="8" KundStatus="3" KundAufDat="2005-03-07"/>
  <Kunden KundenNr="20329" KundEigtNr="21881" KundArt="8" KundStatus="3" KundAufDat="2005-03-07"/>
  <Kunden KundenNr="20330" KundEigtNr="21882" KundArt="8" KundStatus="3" KundAufDat="2005-03-07"/>
  <Kunden KundenNr="20331" KundEigtNr="21883" KundArt="2" KundStatus="3" KundAufDat="2005-03-07"/>
  <Kunden KundenNr="20332" KundEigtNr="21884" KundArt="29" KundStatus="1" KundAufDat="2005-03-07"/>
  <Kunden KundenNr="20333" KundEigtNr="21885" KundArt="29" KundStatus="1" KundAufDat="2005-03-07"/>
  <Kunden KundenNr="20334" KundEigtNr="21886" KundArt="8" KundStatus="3" KundAufDat="2005-03-08"/>
  <Kunden KundenNr="20335" KundEigtNr="21838" KundArt="29" KundStatus="1" KundAufDat="2005-03-08"/>
  <Kunden KundenNr="20336" KundEigtNr="21887" KundArt="29" KundStatus="1" KundAufDat="2005-03-08"/>
  <Kunden KundenNr="20337" KundEigtNr="21888" KundArt="1" KundStatus="3" KundAufDat="2005-03-08"/>
  <Kunden KundenNr="20338" KundEigtNr="21889" KundArt="2" KundStatus="3" KundAufDat="2005-03-08"/>
  <Kunden KundenNr="20339" KundEigtNr="19264" KundArt="29" KundStatus="1" KundAufDat="2005-03-08"/>
  <Kunden KundenNr="20340" KundEigtNr="21794" KundArt="29" KundStatus="1" KundAufDat="2005-03-08"/>
  <Kunden KundenNr="20341" KundEigtNr="21865" KundArt="29" KundStatus="1" KundAufDat="2005-03-08"/>
  <Kunden KundenNr="20342" KundEigtNr="18750" KundArt="29" KundStatus="1" KundAufDat="2005-03-08"/>
  <Kunden KundenNr="20343" KundEigtNr="21890" KundArt="2" KundStatus="3" KundAufDat="2005-03-09"/>
  <Kunden KundenNr="20344" KundEigtNr="21891" KundArt="2" KundStatus="3" KundAufDat="2005-03-09"/>
  <Kunden KundenNr="20345" KundEigtNr="21892" KundArt="2" KundStatus="3" KundAufDat="2005-03-09"/>
  <Kunden KundenNr="20346" KundEigtNr="21893" KundArt="2" KundStatus="3" KundAufDat="2005-03-09"/>
  <Kunden KundenNr="20347" KundEigtNr="21894" KundArt="2" KundStatus="3" KundAufDat="2005-03-09"/>
  <Kunden KundenNr="20348" KundEigtNr="21895" KundArt="8" KundStatus="1" KundAufDat="2005-03-09"/>
  <Kunden KundenNr="20349" KundEigtNr="20622" KundArt="8" KundStatus="1" KundAufDat="2005-03-09"/>
  <Kunden KundenNr="20350" KundEigtNr="21896" KundArt="8" KundStatus="1" KundAufDat="2005-03-09"/>
  <Kunden KundenNr="20351" KundEigtNr="21897" KundArt="8" KundStatus="3" KundAufDat="2005-03-09"/>
  <Kunden KundenNr="20352" KundEigtNr="21899" KundArt="1" KundStatus="3" KundAufDat="2005-03-09"/>
  <Kunden KundenNr="20353" KundEigtNr="21839" KundArt="29" KundStatus="1" KundAufDat="2005-03-09"/>
  <Kunden KundenNr="20354" KundEigtNr="21900" KundArt="29" KundStatus="1" KundAufDat="2005-03-09"/>
  <Kunden KundenNr="20355" KundEigtNr="21901" KundArt="8" KundStatus="1" KundAufDat="2005-03-10"/>
  <Kunden KundenNr="20356" KundEigtNr="21902" KundArt="8" KundStatus="3" KundAufDat="2005-03-10"/>
  <Kunden KundenNr="20357" KundEigtNr="21903" KundArt="2" KundStatus="3" KundAufDat="2005-03-10"/>
  <Kunden KundenNr="20358" KundEigtNr="21904" KundArt="2" KundStatus="3" KundAufDat="2005-03-10"/>
  <Kunden KundenNr="20359" KundEigtNr="21905" KundArt="2" KundStatus="3" KundAufDat="2005-03-10"/>
  <Kunden KundenNr="20360" KundEigtNr="21906" KundArt="2" KundStatus="1" KundAufDat="2005-03-10"/>
  <Kunden KundenNr="20361" KundEigtNr="21907" KundArt="2" KundStatus="3" KundAufDat="2005-03-10"/>
  <Kunden KundenNr="20362" KundEigtNr="21908" KundArt="8" KundStatus="3" KundAufDat="2005-03-10"/>
  <Kunden KundenNr="20363" KundEigtNr="21909" KundArt="2" KundStatus="3" KundAufDat="2005-03-11"/>
  <Kunden KundenNr="20364" KundEigtNr="21910" KundArt="2" KundStatus="3" KundAufDat="2005-03-11"/>
  <Kunden KundenNr="20365" KundEigtNr="21911" KundArt="2" KundStatus="3" KundAufDat="2005-03-11"/>
  <Kunden KundenNr="20366" KundEigtNr="21912" KundArt="8" KundStatus="1" KundAufDat="2005-03-11"/>
  <Kunden KundenNr="20367" KundEigtNr="21913" KundArt="2" KundStatus="3" KundAufDat="2005-03-11"/>
  <Kunden KundenNr="20368" KundEigtNr="21914" KundArt="2" KundStatus="1" KundAufDat="2005-03-11"/>
  <Kunden KundenNr="20369" KundEigtNr="21915" KundArt="8" KundStatus="3" KundAufDat="2005-03-11"/>
  <Kunden KundenNr="20370" KundEigtNr="21916" KundArt="2" KundStatus="3" KundAufDat="2005-03-14"/>
  <Kunden KundenNr="20371" KundEigtNr="21917" KundArt="8" KundStatus="3" KundAufDat="2005-03-14"/>
  <Kunden KundenNr="20372" KundEigtNr="21918" KundArt="8" KundStatus="3" KundAufDat="2005-03-14"/>
  <Kunden KundenNr="20373" KundEigtNr="21919" KundArt="2" KundStatus="1" KundAufDat="2005-03-14"/>
  <Kunden KundenNr="20374" KundEigtNr="21920" KundArt="8" KundStatus="3" KundAufDat="2005-03-14"/>
  <Kunden KundenNr="20375" KundEigtNr="21921" KundArt="8" KundStatus="3" KundAufDat="2005-03-14"/>
  <Kunden KundenNr="20376" KundEigtNr="21922" KundArt="2" KundStatus="3" KundAufDat="2005-03-14"/>
  <Kunden KundenNr="20377" KundEigtNr="10179" KundArt="29" KundStatus="1" KundAufDat="2005-03-14"/>
  <Kunden KundenNr="20378" KundEigtNr="21923" KundArt="2" KundStatus="1" KundAufDat="2005-03-14"/>
  <Kunden KundenNr="20379" KundEigtNr="21924" KundArt="8" KundStatus="3" KundAufDat="2005-03-14"/>
  <Kunden KundenNr="20380" KundEigtNr="21925" KundArt="8" KundStatus="3" KundAufDat="2005-03-14"/>
  <Kunden KundenNr="20381" KundEigtNr="21926" KundArt="8" KundStatus="3" KundAufDat="2005-03-14"/>
  <Kunden KundenNr="20382" KundEigtNr="21927" KundArt="1" KundStatus="1" KundAufDat="2005-03-14"/>
  <Kunden KundenNr="20383" KundEigtNr="21928" KundArt="2" KundStatus="3" KundAufDat="2005-03-14"/>
  <Kunden KundenNr="20384" KundEigtNr="21929" KundArt="2" KundStatus="3" KundAufDat="2005-03-14"/>
  <Kunden KundenNr="20385" KundEigtNr="21930" KundArt="2" KundStatus="3" KundAufDat="2005-03-14"/>
  <Kunden KundenNr="20386" KundEigtNr="21931" KundArt="2" KundStatus="3" KundAufDat="2005-03-14"/>
  <Kunden KundenNr="20387" KundEigtNr="21932" KundArt="8" KundStatus="1" KundAufDat="2005-03-14"/>
  <Kunden KundenNr="20389" KundEigtNr="21938" KundArt="2" KundStatus="3" KundAufDat="2005-03-15"/>
  <Kunden KundenNr="20390" KundEigtNr="21939" KundArt="2" KundStatus="3" KundAufDat="2005-03-15"/>
  <Kunden KundenNr="20391" KundEigtNr="21940" KundArt="2" KundStatus="3" KundAufDat="2005-03-15"/>
  <Kunden KundenNr="20392" KundEigtNr="21941" KundArt="2" KundStatus="3" KundAufDat="2005-03-15"/>
  <Kunden KundenNr="20393" KundEigtNr="21920" KundArt="2" KundStatus="1" KundAufDat="2005-03-15"/>
  <Kunden KundenNr="20394" KundEigtNr="21942" KundArt="2" KundStatus="3" KundAufDat="2005-03-15"/>
  <Kunden KundenNr="20395" KundEigtNr="21943" KundArt="2" KundStatus="1" KundAufDat="2005-03-15"/>
  <Kunden KundenNr="20396" KundEigtNr="21944" KundArt="2" KundStatus="1" KundAufDat="2005-03-15"/>
  <Kunden KundenNr="20397" KundEigtNr="21945" KundArt="2" KundStatus="3" KundAufDat="2005-03-15"/>
  <Kunden KundenNr="20398" KundEigtNr="21946" KundArt="8" KundStatus="3" KundAufDat="2005-03-15"/>
  <Kunden KundenNr="20399" KundEigtNr="21948" KundArt="29" KundStatus="1" KundAufDat="2005-03-15"/>
  <Kunden KundenNr="20400" KundEigtNr="20668" KundArt="2" KundStatus="3" KundAufDat="2005-03-15"/>
  <Kunden KundenNr="20401" KundEigtNr="21949" KundArt="8" KundStatus="3" KundAufDat="2005-03-15"/>
  <Kunden KundenNr="20402" KundEigtNr="21950" KundArt="29" KundStatus="1" KundAufDat="2005-03-15"/>
  <Kunden KundenNr="20403" KundEigtNr="21961" KundArt="2" KundStatus="3" KundAufDat="2005-03-16"/>
  <Kunden KundenNr="20404" KundEigtNr="21962" KundArt="8" KundStatus="3" KundAufDat="2005-03-16"/>
  <Kunden KundenNr="20405" KundEigtNr="21234" KundArt="8" KundStatus="3" KundAufDat="2005-03-16"/>
  <Kunden KundenNr="20406" KundEigtNr="21963" KundArt="2" KundStatus="3" KundAufDat="2005-03-16"/>
  <Kunden KundenNr="20407" KundEigtNr="21964" KundArt="2" KundStatus="3" KundAufDat="2005-03-16"/>
  <Kunden KundenNr="20408" KundEigtNr="21965" KundArt="2" KundStatus="3" KundAufDat="2005-03-16"/>
  <Kunden KundenNr="20409" KundEigtNr="21966" KundArt="8" KundStatus="3" KundAufDat="2005-03-16"/>
  <Kunden KundenNr="20410" KundEigtNr="21980" KundArt="2" KundStatus="3" KundAufDat="2005-03-17"/>
  <Kunden KundenNr="20411" KundEigtNr="21835" KundArt="29" KundStatus="1" KundAufDat="2005-03-17"/>
  <Kunden KundenNr="20412" KundEigtNr="21834" KundArt="29" KundStatus="1" KundAufDat="2005-03-17"/>
  <Kunden KundenNr="20413" KundEigtNr="21981" KundArt="2" KundStatus="3" KundAufDat="2005-03-17"/>
  <Kunden KundenNr="20414" KundEigtNr="21982" KundArt="8" KundStatus="3" KundAufDat="2005-03-17"/>
  <Kunden KundenNr="20415" KundEigtNr="21983" KundArt="8" KundStatus="3" KundAufDat="2005-03-17"/>
  <Kunden KundenNr="20416" KundEigtNr="21984" KundArt="8" KundStatus="3" KundAufDat="2005-03-17"/>
  <Kunden KundenNr="20417" KundEigtNr="21985" KundArt="8" KundStatus="1" KundAufDat="2005-03-17"/>
  <Kunden KundenNr="20418" KundEigtNr="21986" KundArt="8" KundStatus="3" KundAufDat="2005-03-17"/>
  <Kunden KundenNr="20419" KundEigtNr="21987" KundArt="2" KundStatus="1" KundAufDat="2005-03-17"/>
  <Kunden KundenNr="20420" KundEigtNr="21988" KundArt="2" KundStatus="1" KundAufDat="2005-03-17"/>
  <Kunden KundenNr="20421" KundEigtNr="21898" KundArt="29" KundStatus="1" KundAufDat="2005-03-17"/>
  <Kunden KundenNr="20422" KundEigtNr="21990" KundArt="2" KundStatus="3" KundAufDat="2005-03-17"/>
  <Kunden KundenNr="20423" KundEigtNr="21991" KundArt="2" KundStatus="3" KundAufDat="2005-03-17"/>
  <Kunden KundenNr="20424" KundEigtNr="21992" KundArt="2" KundStatus="1" KundAufDat="2005-03-17"/>
  <Kunden KundenNr="20425" KundEigtNr="21993" KundArt="8" KundStatus="3" KundAufDat="2005-03-17"/>
  <Kunden KundenNr="20426" KundEigtNr="21994" KundArt="1" KundStatus="1" KundAufDat="2005-03-18"/>
  <Kunden KundenNr="20427" KundEigtNr="21997" KundArt="2" KundStatus="3" KundAufDat="2005-03-18"/>
  <Kunden KundenNr="20428" KundEigtNr="21998" KundArt="8" KundStatus="3" KundAufDat="2005-03-18"/>
  <Kunden KundenNr="20429" KundEigtNr="16151" KundArt="8" KundStatus="3" KundAufDat="2005-03-18"/>
  <Kunden KundenNr="20430" KundEigtNr="21935" KundArt="29" KundStatus="1" KundAufDat="2005-03-21"/>
  <Kunden KundenNr="20431" KundEigtNr="21475" KundArt="8" KundStatus="3" KundAufDat="2005-03-21"/>
  <Kunden KundenNr="20432" KundEigtNr="21999" KundArt="2" KundStatus="1" KundAufDat="2005-03-21"/>
  <Kunden KundenNr="20433" KundEigtNr="22000" KundArt="2" KundStatus="3" KundAufDat="2005-03-21"/>
  <Kunden KundenNr="20434" KundEigtNr="22004" KundArt="2" KundStatus="3" KundAufDat="2005-03-21"/>
  <Kunden KundenNr="20435" KundEigtNr="22005" KundArt="29" KundStatus="1" KundAufDat="2005-03-21"/>
  <Kunden KundenNr="20436" KundEigtNr="14474" KundArt="2" KundStatus="3" KundAufDat="2005-03-22"/>
  <Kunden KundenNr="20437" KundEigtNr="12260" KundArt="2" KundStatus="3" KundAufDat="2005-03-22"/>
  <Kunden KundenNr="20438" KundEigtNr="22006" KundArt="2" KundStatus="3" KundAufDat="2005-03-22"/>
  <Kunden KundenNr="20439" KundEigtNr="22007" KundArt="2" KundStatus="3" KundAufDat="2005-03-22"/>
  <Kunden KundenNr="20440" KundEigtNr="22008" KundArt="8" KundStatus="3" KundAufDat="2005-03-22"/>
  <Kunden KundenNr="20441" KundEigtNr="22010" KundArt="2" KundStatus="3" KundAufDat="2005-03-22"/>
  <Kunden KundenNr="20442" KundEigtNr="22011" KundArt="2" KundStatus="1" KundAufDat="2005-03-22"/>
  <Kunden KundenNr="20443" KundEigtNr="22012" KundArt="2" KundStatus="3" KundAufDat="2005-03-22"/>
  <Kunden KundenNr="20444" KundEigtNr="21859" KundArt="29" KundStatus="1" KundAufDat="2005-03-22"/>
  <Kunden KundenNr="20445" KundEigtNr="22013" KundArt="2" KundStatus="1" KundAufDat="2005-03-22"/>
  <Kunden KundenNr="20446" KundEigtNr="22014" KundArt="2" KundStatus="3" KundAufDat="2005-03-22"/>
  <Kunden KundenNr="20447" KundEigtNr="22021" KundArt="2" KundStatus="3" KundAufDat="2005-03-23"/>
  <Kunden KundenNr="20448" KundEigtNr="21934" KundArt="29" KundStatus="1" KundAufDat="2005-03-23"/>
  <Kunden KundenNr="20449" KundEigtNr="22025" KundArt="2" KundStatus="3" KundAufDat="2005-03-23"/>
  <Kunden KundenNr="20450" KundEigtNr="22026" KundArt="8" KundStatus="3" KundAufDat="2005-03-23"/>
  <Kunden KundenNr="20451" KundEigtNr="22027" KundArt="8" KundStatus="3" KundAufDat="2005-03-23"/>
  <Kunden KundenNr="20452" KundEigtNr="22028" KundArt="2" KundStatus="3" KundAufDat="2005-03-23"/>
  <Kunden KundenNr="20453" KundEigtNr="22029" KundArt="2" KundStatus="3" KundAufDat="2005-03-23"/>
  <Kunden KundenNr="20454" KundEigtNr="22030" KundArt="2" KundStatus="1" KundAufDat="2005-03-23"/>
  <Kunden KundenNr="20455" KundEigtNr="22031" KundArt="2" KundStatus="1" KundAufDat="2005-03-23"/>
  <Kunden KundenNr="20456" KundEigtNr="22032" KundArt="2" KundStatus="3" KundAufDat="2005-03-23"/>
  <Kunden KundenNr="20457" KundEigtNr="22033" KundArt="2" KundStatus="3" KundAufDat="2005-03-23"/>
  <Kunden KundenNr="20458" KundEigtNr="22034" KundArt="8" KundStatus="3" KundAufDat="2005-03-24"/>
  <Kunden KundenNr="20459" KundEigtNr="8426" KundArt="1" KundStatus="3" KundAufDat="2005-03-24"/>
  <Kunden KundenNr="20460" KundEigtNr="22035" KundArt="2" KundStatus="3" KundAufDat="2005-03-24"/>
  <Kunden KundenNr="20461" KundEigtNr="22036" KundArt="29" KundStatus="1" KundAufDat="2005-03-24"/>
  <Kunden KundenNr="20462" KundEigtNr="22037" KundArt="8" KundStatus="3" KundAufDat="2005-03-24"/>
  <Kunden KundenNr="20463" KundEigtNr="22038" KundArt="2" KundStatus="3" KundAufDat="2005-03-24"/>
  <Kunden KundenNr="20464" KundEigtNr="22039" KundArt="8" KundStatus="3" KundAufDat="2005-03-24"/>
  <Kunden KundenNr="20465" KundEigtNr="22040" KundArt="2" KundStatus="3" KundAufDat="2005-03-24"/>
  <Kunden KundenNr="20466" KundEigtNr="22041" KundArt="2" KundStatus="3" KundAufDat="2005-03-24"/>
  <Kunden KundenNr="20467" KundEigtNr="22042" KundArt="2" KundStatus="3" KundAufDat="2005-03-29"/>
  <Kunden KundenNr="20468" KundEigtNr="22043" KundArt="8" KundStatus="3" KundAufDat="2005-03-29"/>
  <Kunden KundenNr="20469" KundEigtNr="22044" KundArt="8" KundStatus="3" KundAufDat="2005-03-29"/>
  <Kunden KundenNr="20470" KundEigtNr="22045" KundArt="8" KundStatus="1" KundAufDat="2005-03-29"/>
  <Kunden KundenNr="20471" KundEigtNr="22046" KundArt="8" KundStatus="3" KundAufDat="2005-03-29"/>
  <Kunden KundenNr="20472" KundEigtNr="22047" KundArt="8" KundStatus="3" KundAufDat="2005-03-29"/>
  <Kunden KundenNr="20473" KundEigtNr="22048" KundArt="8" KundStatus="3" KundAufDat="2005-03-29"/>
  <Kunden KundenNr="20474" KundEigtNr="22049" KundArt="2" KundStatus="3" KundAufDat="2005-03-29"/>
  <Kunden KundenNr="20475" KundEigtNr="22050" KundArt="29" KundStatus="1" KundAufDat="2005-03-29"/>
  <Kunden KundenNr="20476" KundEigtNr="22051" KundArt="8" KundStatus="3" KundAufDat="2005-03-29"/>
  <Kunden KundenNr="20477" KundEigtNr="21996" KundArt="29" KundStatus="1" KundAufDat="2005-03-29"/>
  <Kunden KundenNr="20478" KundEigtNr="22052" KundArt="2" KundStatus="3" KundAufDat="2005-03-29"/>
  <Kunden KundenNr="20479" KundEigtNr="22053" KundArt="2" KundStatus="3" KundAufDat="2005-03-29"/>
  <Kunden KundenNr="20480" KundEigtNr="22054" KundArt="2" KundStatus="3" KundAufDat="2005-03-30"/>
  <Kunden KundenNr="20481" KundEigtNr="22055" KundArt="2" KundStatus="1" KundAufDat="2005-03-30"/>
  <Kunden KundenNr="20482" KundEigtNr="22056" KundArt="8" KundStatus="3" KundAufDat="2005-03-30"/>
  <Kunden KundenNr="20483" KundEigtNr="22057" KundArt="2" KundStatus="3" KundAufDat="2005-03-30"/>
  <Kunden KundenNr="20484" KundEigtNr="22058" KundArt="2" KundStatus="3" KundAufDat="2005-03-30"/>
  <Kunden KundenNr="20485" KundEigtNr="22059" KundArt="2" KundStatus="3" KundAufDat="2005-03-30"/>
  <Kunden KundenNr="20486" KundEigtNr="22060" KundArt="2" KundStatus="3" KundAufDat="2005-03-30"/>
  <Kunden KundenNr="20487" KundEigtNr="22061" KundArt="2" KundStatus="3" KundAufDat="2005-03-30"/>
  <Kunden KundenNr="20488" KundEigtNr="22062" KundArt="2" KundStatus="3" KundAufDat="2005-03-30"/>
  <Kunden KundenNr="20489" KundEigtNr="22063" KundArt="2" KundStatus="3" KundAufDat="2005-03-30"/>
  <Kunden KundenNr="20490" KundEigtNr="22064" KundArt="2" KundStatus="1" KundAufDat="2005-03-30"/>
  <Kunden KundenNr="20491" KundEigtNr="22065" KundArt="2" KundStatus="3" KundAufDat="2005-03-30"/>
  <Kunden KundenNr="20492" KundEigtNr="22066" KundArt="2" KundStatus="1" KundAufDat="2005-03-30"/>
  <Kunden KundenNr="20493" KundEigtNr="22067" KundArt="2" KundStatus="3" KundAufDat="2005-03-30"/>
  <Kunden KundenNr="20494" KundEigtNr="22068" KundArt="8" KundStatus="1" KundAufDat="2005-03-30"/>
  <Kunden KundenNr="20495" KundEigtNr="22069" KundArt="8" KundStatus="3" KundAufDat="2005-03-30"/>
  <Kunden KundenNr="20496" KundEigtNr="22070" KundArt="8" KundStatus="3" KundAufDat="2005-03-31"/>
  <Kunden KundenNr="20497" KundEigtNr="22075" KundArt="2" KundStatus="3" KundAufDat="2005-03-31"/>
  <Kunden KundenNr="20498" KundEigtNr="22076" KundArt="2" KundStatus="3" KundAufDat="2005-03-31"/>
  <Kunden KundenNr="20499" KundEigtNr="22077" KundArt="2" KundStatus="3" KundAufDat="2005-03-31"/>
  <Kunden KundenNr="20500" KundEigtNr="21480" KundArt="2" KundStatus="3" KundAufDat="2005-03-31"/>
  <Kunden KundenNr="20501" KundEigtNr="22078" KundArt="2" KundStatus="1" KundAufDat="2005-03-31"/>
  <Kunden KundenNr="20502" KundEigtNr="22079" KundArt="8" KundStatus="3" KundAufDat="2005-03-31"/>
  <Kunden KundenNr="20503" KundEigtNr="22080" KundArt="2" KundStatus="1" KundAufDat="2005-03-31"/>
  <Kunden KundenNr="20504" KundEigtNr="22081" KundArt="2" KundStatus="3" KundAufDat="2005-03-31"/>
  <Kunden KundenNr="20505" KundEigtNr="22082" KundArt="2" KundStatus="3" KundAufDat="2005-03-31"/>
  <Kunden KundenNr="20506" KundEigtNr="22083" KundArt="2" KundStatus="3" KundAufDat="2005-04-01"/>
  <Kunden KundenNr="20507" KundEigtNr="22084" KundArt="2" KundStatus="3" KundAufDat="2005-04-01"/>
  <Kunden KundenNr="20508" KundEigtNr="22085" KundArt="2" KundStatus="3" KundAufDat="2005-04-01"/>
  <Kunden KundenNr="20509" KundEigtNr="22086" KundArt="8" KundStatus="3" KundAufDat="2005-04-01"/>
  <Kunden KundenNr="20510" KundEigtNr="22087" KundArt="29" KundStatus="1" KundAufDat="2005-04-01"/>
  <Kunden KundenNr="20511" KundEigtNr="22088" KundArt="2" KundStatus="3" KundAufDat="2005-04-01"/>
  <Kunden KundenNr="20512" KundEigtNr="22089" KundArt="2" KundStatus="3" KundAufDat="2005-04-01"/>
  <Kunden KundenNr="20513" KundEigtNr="22090" KundArt="2" KundStatus="1" KundAufDat="2005-04-01"/>
  <Kunden KundenNr="20514" KundEigtNr="22091" KundArt="2" KundStatus="3" KundAufDat="2005-04-01"/>
  <Kunden KundenNr="20515" KundEigtNr="22092" KundArt="8" KundStatus="3" KundAufDat="2005-04-01"/>
  <Kunden KundenNr="20516" KundEigtNr="22093" KundArt="29" KundStatus="1" KundAufDat="2005-04-01"/>
  <Kunden KundenNr="20517" KundEigtNr="22094" KundArt="2" KundStatus="3" KundAufDat="2005-04-01"/>
  <Kunden KundenNr="20518" KundEigtNr="22095" KundArt="2" KundStatus="1" KundAufDat="2005-04-01"/>
  <Kunden KundenNr="20519" KundEigtNr="22096" KundArt="8" KundStatus="3" KundAufDat="2005-04-01"/>
  <Kunden KundenNr="20520" KundEigtNr="22111" KundArt="8" KundStatus="3" KundAufDat="2005-04-04"/>
  <Kunden KundenNr="20521" KundEigtNr="22112" KundArt="8" KundStatus="3" KundAufDat="2005-04-04"/>
  <Kunden KundenNr="20522" KundEigtNr="22113" KundArt="8" KundStatus="3" KundAufDat="2005-04-04"/>
  <Kunden KundenNr="20523" KundEigtNr="22114" KundArt="8" KundStatus="3" KundAufDat="2005-04-04"/>
  <Kunden KundenNr="20524" KundEigtNr="22115" KundArt="2" KundStatus="3" KundAufDat="2005-04-04"/>
  <Kunden KundenNr="20525" KundEigtNr="22116" KundArt="8" KundStatus="3" KundAufDat="2005-04-04"/>
  <Kunden KundenNr="20526" KundEigtNr="22117" KundArt="8" KundStatus="3" KundAufDat="2005-04-04"/>
  <Kunden KundenNr="20527" KundEigtNr="22118" KundArt="2" KundStatus="3" KundAufDat="2005-04-04"/>
  <Kunden KundenNr="20528" KundEigtNr="22119" KundArt="2" KundStatus="3" KundAufDat="2005-04-04"/>
  <Kunden KundenNr="20529" KundEigtNr="20571" KundArt="1" KundStatus="3" KundAufDat="2005-04-05"/>
  <Kunden KundenNr="20530" KundEigtNr="21954" KundArt="29" KundStatus="1" KundAufDat="2005-04-05"/>
  <Kunden KundenNr="20531" KundEigtNr="22130" KundArt="2" KundStatus="3" KundAufDat="2005-04-05"/>
  <Kunden KundenNr="20532" KundEigtNr="22131" KundArt="8" KundStatus="3" KundAufDat="2005-04-05"/>
  <Kunden KundenNr="20533" KundEigtNr="15915" KundArt="8" KundStatus="3" KundAufDat="2005-04-05"/>
  <Kunden KundenNr="20534" KundEigtNr="22132" KundArt="8" KundStatus="1" KundAufDat="2005-04-05"/>
  <Kunden KundenNr="20535" KundEigtNr="22133" KundArt="2" KundStatus="3" KundAufDat="2005-04-05"/>
  <Kunden KundenNr="20536" KundEigtNr="22134" KundArt="2" KundStatus="1" KundAufDat="2005-04-05"/>
  <Kunden KundenNr="20537" KundEigtNr="22135" KundArt="2" KundStatus="1" KundAufDat="2005-04-05"/>
  <Kunden KundenNr="20538" KundEigtNr="22136" KundArt="1" KundStatus="3" KundAufDat="2005-04-05"/>
  <Kunden KundenNr="20539" KundEigtNr="9387" KundArt="1" KundStatus="3" KundAufDat="2005-04-05"/>
  <Kunden KundenNr="20540" KundEigtNr="20665" KundArt="1" KundStatus="3" KundAufDat="2005-04-05"/>
  <Kunden KundenNr="20541" KundEigtNr="21975" KundArt="29" KundStatus="1" KundAufDat="2005-04-05"/>
  <Kunden KundenNr="20542" KundEigtNr="22137" KundArt="29" KundStatus="1" KundAufDat="2005-04-05"/>
  <Kunden KundenNr="20543" KundEigtNr="22138" KundArt="29" KundStatus="1" KundAufDat="2005-04-05"/>
  <Kunden KundenNr="20544" KundEigtNr="22139" KundArt="29" KundStatus="1" KundAufDat="2005-04-05"/>
  <Kunden KundenNr="20545" KundEigtNr="4633" KundArt="8" KundStatus="3" KundAufDat="2005-04-06"/>
  <Kunden KundenNr="20546" KundEigtNr="20707" KundArt="8" KundStatus="3" KundAufDat="2005-04-06"/>
  <Kunden KundenNr="20547" KundEigtNr="19151" KundArt="8" KundStatus="1" KundAufDat="2005-04-06"/>
  <Kunden KundenNr="20548" KundEigtNr="22140" KundArt="2" KundStatus="1" KundAufDat="2005-04-06"/>
  <Kunden KundenNr="20549" KundEigtNr="22141" KundArt="2" KundStatus="3" KundAufDat="2005-04-06"/>
  <Kunden KundenNr="20550" KundEigtNr="22142" KundArt="2" KundStatus="1" KundAufDat="2005-04-06"/>
  <Kunden KundenNr="20551" KundEigtNr="22143" KundArt="2" KundStatus="3" KundAufDat="2005-04-06"/>
  <Kunden KundenNr="20552" KundEigtNr="22098" KundArt="29" KundStatus="1" KundAufDat="2005-04-06"/>
  <Kunden KundenNr="20553" KundEigtNr="20919" KundArt="1" KundStatus="3" KundAufDat="2005-04-06"/>
  <Kunden KundenNr="20554" KundEigtNr="22144" KundArt="8" KundStatus="3" KundAufDat="2005-04-06"/>
  <Kunden KundenNr="20555" KundEigtNr="22145" KundArt="1" KundStatus="3" KundAufDat="2005-04-06"/>
  <Kunden KundenNr="20556" KundEigtNr="22146" KundArt="1" KundStatus="1" KundAufDat="2005-04-06"/>
  <Kunden KundenNr="20557" KundEigtNr="22147" KundArt="2" KundStatus="3" KundAufDat="2005-04-07"/>
  <Kunden KundenNr="20558" KundEigtNr="22148" KundArt="1" KundStatus="3" KundAufDat="2005-04-07"/>
  <Kunden KundenNr="20559" KundEigtNr="22149" KundArt="8" KundStatus="1" KundAufDat="2005-04-07"/>
  <Kunden KundenNr="20560" KundEigtNr="22150" KundArt="2" KundStatus="3" KundAufDat="2005-04-07"/>
  <Kunden KundenNr="20561" KundEigtNr="22151" KundArt="2" KundStatus="3" KundAufDat="2005-04-07"/>
  <Kunden KundenNr="20562" KundEigtNr="22152" KundArt="8" KundStatus="3" KundAufDat="2005-04-07"/>
  <Kunden KundenNr="20563" KundEigtNr="22158" KundArt="1" KundStatus="3" KundAufDat="2005-04-08"/>
  <Kunden KundenNr="20564" KundEigtNr="22159" KundArt="8" KundStatus="3" KundAufDat="2005-04-08"/>
  <Kunden KundenNr="20565" KundEigtNr="22160" KundArt="8" KundStatus="3" KundAufDat="2005-04-08"/>
  <Kunden KundenNr="20566" KundEigtNr="22161" KundArt="2" KundStatus="1" KundAufDat="2005-04-08"/>
  <Kunden KundenNr="20567" KundEigtNr="22162" KundArt="29" KundStatus="1" KundAufDat="2005-04-08"/>
  <Kunden KundenNr="20568" KundEigtNr="22163" KundArt="2" KundStatus="3" KundAufDat="2005-04-08"/>
  <Kunden KundenNr="20569" KundEigtNr="22164" KundArt="2" KundStatus="1" KundAufDat="2005-04-08"/>
  <Kunden KundenNr="20570" KundEigtNr="22165" KundArt="1" KundStatus="3" KundAufDat="2005-04-08"/>
  <Kunden KundenNr="20571" KundEigtNr="22166" KundArt="8" KundStatus="3" KundAufDat="2005-04-08"/>
  <Kunden KundenNr="20572" KundEigtNr="22167" KundArt="2" KundStatus="1" KundAufDat="2005-04-08"/>
  <Kunden KundenNr="20573" KundEigtNr="22106" KundArt="29" KundStatus="1" KundAufDat="2005-04-08"/>
  <Kunden KundenNr="20574" KundEigtNr="22168" KundArt="2" KundStatus="1" KundAufDat="2005-04-08"/>
  <Kunden KundenNr="20575" KundEigtNr="22169" KundArt="8" KundStatus="3" KundAufDat="2005-04-08"/>
  <Kunden KundenNr="20576" KundEigtNr="22104" KundArt="29" KundStatus="1" KundAufDat="2005-04-11"/>
  <Kunden KundenNr="20577" KundEigtNr="5868" KundArt="29" KundStatus="1" KundAufDat="2005-04-11"/>
  <Kunden KundenNr="20578" KundEigtNr="21215" KundArt="8" KundStatus="1" KundAufDat="2005-04-11"/>
  <Kunden KundenNr="20579" KundEigtNr="22170" KundArt="8" KundStatus="1" KundAufDat="2005-04-11"/>
  <Kunden KundenNr="20580" KundEigtNr="22171" KundArt="8" KundStatus="3" KundAufDat="2005-04-11"/>
  <Kunden KundenNr="20581" KundEigtNr="19718" KundArt="29" KundStatus="1" KundAufDat="2005-04-11"/>
  <Kunden KundenNr="20582" KundEigtNr="22172" KundArt="8" KundStatus="3" KundAufDat="2005-04-11"/>
  <Kunden KundenNr="20583" KundEigtNr="22173" KundArt="8" KundStatus="1" KundAufDat="2005-04-11"/>
  <Kunden KundenNr="20584" KundEigtNr="22174" KundArt="2" KundStatus="1" KundAufDat="2005-04-11"/>
  <Kunden KundenNr="20585" KundEigtNr="22175" KundArt="2" KundStatus="3" KundAufDat="2005-04-11"/>
  <Kunden KundenNr="20586" KundEigtNr="22176" KundArt="2" KundStatus="3" KundAufDat="2005-04-11"/>
  <Kunden KundenNr="20587" KundEigtNr="22177" KundArt="2" KundStatus="3" KundAufDat="2005-04-11"/>
  <Kunden KundenNr="20588" KundEigtNr="19642" KundArt="2" KundStatus="3" KundAufDat="2005-04-11"/>
  <Kunden KundenNr="20589" KundEigtNr="22178" KundArt="8" KundStatus="3" KundAufDat="2005-04-11"/>
  <Kunden KundenNr="20590" KundEigtNr="22179" KundArt="2" KundStatus="1" KundAufDat="2005-04-11"/>
  <Kunden KundenNr="20591" KundEigtNr="22180" KundArt="2" KundStatus="3" KundAufDat="2005-04-11"/>
  <Kunden KundenNr="20592" KundEigtNr="22182" KundArt="2" KundStatus="3" KundAufDat="2005-04-12"/>
  <Kunden KundenNr="20593" KundEigtNr="22183" KundArt="8" KundStatus="3" KundAufDat="2005-04-12"/>
  <Kunden KundenNr="20594" KundEigtNr="22103" KundArt="29" KundStatus="1" KundAufDat="2005-04-12"/>
  <Kunden KundenNr="20595" KundEigtNr="22184" KundArt="8" KundStatus="1" KundAufDat="2005-04-12"/>
  <Kunden KundenNr="20596" KundEigtNr="22185" KundArt="8" KundStatus="3" KundAufDat="2005-04-12"/>
  <Kunden KundenNr="20597" KundEigtNr="22200" KundArt="2" KundStatus="3" KundAufDat="2005-04-12"/>
  <Kunden KundenNr="20598" KundEigtNr="22201" KundArt="2" KundStatus="1" KundAufDat="2005-04-12"/>
  <Kunden KundenNr="20599" KundEigtNr="22202" KundArt="2" KundStatus="3" KundAufDat="2005-04-12"/>
  <Kunden KundenNr="20600" KundEigtNr="1787" KundArt="2" KundStatus="1" KundAufDat="2005-04-13"/>
  <Kunden KundenNr="20601" KundEigtNr="22203" KundArt="2" KundStatus="3" KundAufDat="2005-04-13"/>
  <Kunden KundenNr="20602" KundEigtNr="22209" KundArt="8" KundStatus="3" KundAufDat="2005-04-13"/>
  <Kunden KundenNr="20603" KundEigtNr="22210" KundArt="8" KundStatus="3" KundAufDat="2005-04-13"/>
  <Kunden KundenNr="20604" KundEigtNr="22211" KundArt="2" KundStatus="3" KundAufDat="2005-04-13"/>
  <Kunden KundenNr="20606" KundEigtNr="22213" KundArt="2" KundStatus="3" KundAufDat="2005-04-13"/>
  <Kunden KundenNr="20607" KundEigtNr="22214" KundArt="2" KundStatus="3" KundAufDat="2005-04-13"/>
  <Kunden KundenNr="20608" KundEigtNr="22218" KundArt="2" KundStatus="1" KundAufDat="2005-04-13"/>
  <Kunden KundenNr="20609" KundEigtNr="22219" KundArt="2" KundStatus="3" KundAufDat="2005-04-13"/>
  <Kunden KundenNr="20610" KundEigtNr="22220" KundArt="8" KundStatus="3" KundAufDat="2005-04-13"/>
  <Kunden KundenNr="20611" KundEigtNr="22222" KundArt="2" KundStatus="1" KundAufDat="2005-04-14"/>
  <Kunden KundenNr="20612" KundEigtNr="20857" KundArt="29" KundStatus="1" KundAufDat="2005-04-14"/>
  <Kunden KundenNr="20613" KundEigtNr="20374" KundArt="29" KundStatus="1" KundAufDat="2005-04-14"/>
  <Kunden KundenNr="20614" KundEigtNr="22223" KundArt="2" KundStatus="3" KundAufDat="2005-04-14"/>
  <Kunden KundenNr="20615" KundEigtNr="22224" KundArt="2" KundStatus="1" KundAufDat="2005-04-14"/>
  <Kunden KundenNr="20616" KundEigtNr="21215" KundArt="2" KundStatus="1" KundAufDat="2005-04-14"/>
  <Kunden KundenNr="20617" KundEigtNr="22225" KundArt="2" KundStatus="1" KundAufDat="2005-04-14"/>
  <Kunden KundenNr="20618" KundEigtNr="22226" KundArt="29" KundStatus="1" KundAufDat="2005-04-14"/>
  <Kunden KundenNr="20619" KundEigtNr="22227" KundArt="29" KundStatus="1" KundAufDat="2005-04-15"/>
  <Kunden KundenNr="20620" KundEigtNr="22228" KundArt="2" KundStatus="3" KundAufDat="2005-04-15"/>
  <Kunden KundenNr="20621" KundEigtNr="22229" KundArt="8" KundStatus="3" KundAufDat="2005-04-15"/>
  <Kunden KundenNr="20622" KundEigtNr="22230" KundArt="2" KundStatus="3" KundAufDat="2005-04-15"/>
  <Kunden KundenNr="20623" KundEigtNr="21754" KundArt="29" KundStatus="1" KundAufDat="2005-04-15"/>
  <Kunden KundenNr="20624" KundEigtNr="22231" KundArt="8" KundStatus="3" KundAufDat="2005-04-15"/>
  <Kunden KundenNr="20625" KundEigtNr="22232" KundArt="2" KundStatus="3" KundAufDat="2005-04-15"/>
  <Kunden KundenNr="20626" KundEigtNr="22233" KundArt="2" KundStatus="1" KundAufDat="2005-04-15"/>
  <Kunden KundenNr="20627" KundEigtNr="20607" KundArt="29" KundStatus="1" KundAufDat="2005-04-15"/>
  <Kunden KundenNr="20628" KundEigtNr="13448" KundArt="8" KundStatus="3" KundAufDat="2005-04-15"/>
  <Kunden KundenNr="20629" KundEigtNr="22234" KundArt="2" KundStatus="3" KundAufDat="2005-04-18"/>
  <Kunden KundenNr="20630" KundEigtNr="22235" KundArt="2" KundStatus="3" KundAufDat="2005-04-18"/>
  <Kunden KundenNr="20631" KundEigtNr="22236" KundArt="8" KundStatus="3" KundAufDat="2005-04-18"/>
  <Kunden KundenNr="20632" KundEigtNr="22237" KundArt="8" KundStatus="1" KundAufDat="2005-04-18"/>
  <Kunden KundenNr="20633" KundEigtNr="22238" KundArt="8" KundStatus="3" KundAufDat="2005-04-18"/>
  <Kunden KundenNr="20634" KundEigtNr="22239" KundArt="2" KundStatus="3" KundAufDat="2005-04-18"/>
  <Kunden KundenNr="20635" KundEigtNr="22240" KundArt="2" KundStatus="3" KundAufDat="2005-04-18"/>
  <Kunden KundenNr="20636" KundEigtNr="22241" KundArt="2" KundStatus="3" KundAufDat="2005-04-18"/>
  <Kunden KundenNr="20637" KundEigtNr="22242" KundArt="2" KundStatus="3" KundAufDat="2005-04-18"/>
  <Kunden KundenNr="20638" KundEigtNr="22243" KundArt="2" KundStatus="3" KundAufDat="2005-04-18"/>
  <Kunden KundenNr="20639" KundEigtNr="22244" KundArt="8" KundStatus="1" KundAufDat="2005-04-18"/>
  <Kunden KundenNr="20640" KundEigtNr="22245" KundArt="1" KundStatus="3" KundAufDat="2005-04-18"/>
  <Kunden KundenNr="20641" KundEigtNr="20034" KundArt="1" KundStatus="3" KundAufDat="2005-04-18"/>
  <Kunden KundenNr="20642" KundEigtNr="22246" KundArt="2" KundStatus="3" KundAufDat="2005-04-18"/>
  <Kunden KundenNr="20643" KundEigtNr="22247" KundArt="2" KundStatus="1" KundAufDat="2005-04-18"/>
  <Kunden KundenNr="20644" KundEigtNr="22248" KundArt="8" KundStatus="3" KundAufDat="2005-04-18"/>
  <Kunden KundenNr="20645" KundEigtNr="22249" KundArt="2" KundStatus="1" KundAufDat="2005-04-18"/>
  <Kunden KundenNr="20646" KundEigtNr="22250" KundArt="2" KundStatus="3" KundAufDat="2005-04-18"/>
  <Kunden KundenNr="20647" KundEigtNr="22251" KundArt="2" KundStatus="3" KundAufDat="2005-04-18"/>
  <Kunden KundenNr="20648" KundEigtNr="22252" KundArt="2" KundStatus="1" KundAufDat="2005-04-18"/>
  <Kunden KundenNr="20649" KundEigtNr="22253" KundArt="2" KundStatus="1" KundAufDat="2005-04-18"/>
  <Kunden KundenNr="20650" KundEigtNr="22254" KundArt="2" KundStatus="1" KundAufDat="2005-04-19"/>
  <Kunden KundenNr="20651" KundEigtNr="22255" KundArt="8" KundStatus="3" KundAufDat="2005-04-19"/>
  <Kunden KundenNr="20652" KundEigtNr="22256" KundArt="2" KundStatus="3" KundAufDat="2005-04-19"/>
  <Kunden KundenNr="20653" KundEigtNr="22257" KundArt="14" KundStatus="3" KundAufDat="2005-04-19"/>
  <Kunden KundenNr="20654" KundEigtNr="22258" KundArt="2" KundStatus="3" KundAufDat="2005-04-19"/>
  <Kunden KundenNr="20655" KundEigtNr="22259" KundArt="8" KundStatus="3" KundAufDat="2005-04-19"/>
  <Kunden KundenNr="20656" KundEigtNr="22260" KundArt="8" KundStatus="3" KundAufDat="2005-04-19"/>
  <Kunden KundenNr="20657" KundEigtNr="22261" KundArt="1" KundStatus="1" KundAufDat="2005-04-19"/>
  <Kunden KundenNr="20658" KundEigtNr="22262" KundArt="29" KundStatus="1" KundAufDat="2005-04-19"/>
  <Kunden KundenNr="20659" KundEigtNr="22263" KundArt="2" KundStatus="3" KundAufDat="2005-04-19"/>
  <Kunden KundenNr="20660" KundEigtNr="22108" KundArt="29" KundStatus="1" KundAufDat="2005-04-19"/>
  <Kunden KundenNr="20661" KundEigtNr="22272" KundArt="29" KundStatus="1" KundAufDat="2005-04-19"/>
  <Kunden KundenNr="20662" KundEigtNr="22273" KundArt="29" KundStatus="1" KundAufDat="2005-04-19"/>
  <Kunden KundenNr="20663" KundEigtNr="22274" KundArt="8" KundStatus="1" KundAufDat="2005-04-20"/>
  <Kunden KundenNr="20664" KundEigtNr="22275" KundArt="8" KundStatus="3" KundAufDat="2005-04-20"/>
  <Kunden KundenNr="20665" KundEigtNr="22197" KundArt="29" KundStatus="1" KundAufDat="2005-04-20"/>
  <Kunden KundenNr="20666" KundEigtNr="20337" KundArt="8" KundStatus="3" KundAufDat="2005-04-20"/>
  <Kunden KundenNr="20667" KundEigtNr="22276" KundArt="8" KundStatus="3" KundAufDat="2005-04-20"/>
  <Kunden KundenNr="20668" KundEigtNr="22277" KundArt="8" KundStatus="3" KundAufDat="2005-04-20"/>
  <Kunden KundenNr="20669" KundEigtNr="22278" KundArt="29" KundStatus="1" KundAufDat="2005-04-20"/>
  <Kunden KundenNr="20670" KundEigtNr="22279" KundArt="29" KundStatus="1" KundAufDat="2005-04-20"/>
  <Kunden KundenNr="20671" KundEigtNr="22280" KundArt="2" KundStatus="1" KundAufDat="2005-04-21"/>
  <Kunden KundenNr="20672" KundEigtNr="22281" KundArt="8" KundStatus="3" KundAufDat="2005-04-21"/>
  <Kunden KundenNr="20673" KundEigtNr="22282" KundArt="8" KundStatus="3" KundAufDat="2005-04-21"/>
  <Kunden KundenNr="20674" KundEigtNr="22278" KundArt="8" KundStatus="3" KundAufDat="2005-04-21"/>
  <Kunden KundenNr="20675" KundEigtNr="22283" KundArt="8" KundStatus="3" KundAufDat="2005-04-21"/>
  <Kunden KundenNr="20676" KundEigtNr="18724" KundArt="29" KundStatus="1" KundAufDat="2005-04-21"/>
  <Kunden KundenNr="20677" KundEigtNr="22155" KundArt="29" KundStatus="1" KundAufDat="2005-04-21"/>
  <Kunden KundenNr="20678" KundEigtNr="22284" KundArt="2" KundStatus="3" KundAufDat="2005-04-21"/>
  <Kunden KundenNr="20679" KundEigtNr="22285" KundArt="2" KundStatus="3" KundAufDat="2005-04-22"/>
  <Kunden KundenNr="20680" KundEigtNr="22286" KundArt="8" KundStatus="1" KundAufDat="2005-04-22"/>
  <Kunden KundenNr="20681" KundEigtNr="22287" KundArt="2" KundStatus="3" KundAufDat="2005-04-22"/>
  <Kunden KundenNr="20682" KundEigtNr="22288" KundArt="2" KundStatus="3" KundAufDat="2005-04-22"/>
  <Kunden KundenNr="20683" KundEigtNr="22289" KundArt="2" KundStatus="3" KundAufDat="2005-04-22"/>
  <Kunden KundenNr="20684" KundEigtNr="22290" KundArt="29" KundStatus="1" KundAufDat="2005-04-22"/>
  <Kunden KundenNr="20685" KundEigtNr="22217" KundArt="29" KundStatus="1" KundAufDat="2005-04-22"/>
  <Kunden KundenNr="20686" KundEigtNr="22291" KundArt="8" KundStatus="3" KundAufDat="2005-04-25"/>
  <Kunden KundenNr="20687" KundEigtNr="22292" KundArt="8" KundStatus="1" KundAufDat="2005-04-25"/>
  <Kunden KundenNr="20688" KundEigtNr="22293" KundArt="8" KundStatus="3" KundAufDat="2005-04-25"/>
  <Kunden KundenNr="20689" KundEigtNr="22294" KundArt="8" KundStatus="3" KundAufDat="2005-04-25"/>
  <Kunden KundenNr="20690" KundEigtNr="22295" KundArt="2" KundStatus="3" KundAufDat="2005-04-25"/>
  <Kunden KundenNr="20691" KundEigtNr="21932" KundArt="2" KundStatus="1" KundAufDat="2005-04-25"/>
  <Kunden KundenNr="20692" KundEigtNr="22296" KundArt="2" KundStatus="3" KundAufDat="2005-04-25"/>
  <Kunden KundenNr="20693" KundEigtNr="22297" KundArt="2" KundStatus="1" KundAufDat="2005-04-25"/>
  <Kunden KundenNr="20694" KundEigtNr="22298" KundArt="2" KundStatus="1" KundAufDat="2005-04-25"/>
  <Kunden KundenNr="20695" KundEigtNr="22299" KundArt="8" KundStatus="1" KundAufDat="2005-04-25"/>
  <Kunden KundenNr="20696" KundEigtNr="22302" KundArt="1" KundStatus="3" KundAufDat="2005-04-25"/>
  <Kunden KundenNr="20697" KundEigtNr="22303" KundArt="2" KundStatus="3" KundAufDat="2005-04-25"/>
  <Kunden KundenNr="20698" KundEigtNr="21765" KundArt="8" KundStatus="3" KundAufDat="2005-04-25"/>
  <Kunden KundenNr="20699" KundEigtNr="22304" KundArt="8" KundStatus="3" KundAufDat="2005-04-25"/>
  <Kunden KundenNr="20700" KundEigtNr="22305" KundArt="29" KundStatus="1" KundAufDat="2005-04-25"/>
  <Kunden KundenNr="20701" KundEigtNr="22306" KundArt="2" KundStatus="3" KundAufDat="2005-04-26"/>
  <Kunden KundenNr="20702" KundEigtNr="22307" KundArt="29" KundStatus="1" KundAufDat="2005-04-26"/>
  <Kunden KundenNr="20703" KundEigtNr="2964" KundArt="29" KundStatus="1" KundAufDat="2005-04-26"/>
  <Kunden KundenNr="20704" KundEigtNr="22308" KundArt="2" KundStatus="3" KundAufDat="2005-04-26"/>
  <Kunden KundenNr="20705" KundEigtNr="22309" KundArt="2" KundStatus="3" KundAufDat="2005-04-26"/>
  <Kunden KundenNr="20706" KundEigtNr="22310" KundArt="8" KundStatus="3" KundAufDat="2005-04-26"/>
  <Kunden KundenNr="20707" KundEigtNr="22311" KundArt="8" KundStatus="1" KundAufDat="2005-04-26"/>
  <Kunden KundenNr="20708" KundEigtNr="22316" KundArt="1" KundStatus="1" KundAufDat="2005-04-27"/>
  <Kunden KundenNr="20709" KundEigtNr="22317" KundArt="2" KundStatus="3" KundAufDat="2005-04-27"/>
  <Kunden KundenNr="20710" KundEigtNr="22318" KundArt="2" KundStatus="1" KundAufDat="2005-04-27"/>
  <Kunden KundenNr="20711" KundEigtNr="22319" KundArt="8" KundStatus="3" KundAufDat="2005-04-27"/>
  <Kunden KundenNr="20712" KundEigtNr="22320" KundArt="8" KundStatus="1" KundAufDat="2005-04-27"/>
  <Kunden KundenNr="20713" KundEigtNr="22321" KundArt="29" KundStatus="1" KundAufDat="2005-04-27"/>
  <Kunden KundenNr="20714" KundEigtNr="22322" KundArt="2" KundStatus="1" KundAufDat="2005-04-27"/>
  <Kunden KundenNr="20715" KundEigtNr="22326" KundArt="2" KundStatus="1" KundAufDat="2005-04-27"/>
  <Kunden KundenNr="20716" KundEigtNr="22329" KundArt="29" KundStatus="1" KundAufDat="2005-04-28"/>
  <Kunden KundenNr="20717" KundEigtNr="22330" KundArt="2" KundStatus="3" KundAufDat="2005-04-28"/>
  <Kunden KundenNr="20718" KundEigtNr="22266" KundArt="29" KundStatus="1" KundAufDat="2005-04-28"/>
  <Kunden KundenNr="20719" KundEigtNr="22331" KundArt="8" KundStatus="3" KundAufDat="2005-04-28"/>
  <Kunden KundenNr="20720" KundEigtNr="22332" KundArt="8" KundStatus="3" KundAufDat="2005-04-28"/>
  <Kunden KundenNr="20721" KundEigtNr="22333" KundArt="8" KundStatus="3" KundAufDat="2005-04-28"/>
  <Kunden KundenNr="20722" KundEigtNr="22334" KundArt="8" KundStatus="1" KundAufDat="2005-04-28"/>
  <Kunden KundenNr="20723" KundEigtNr="22335" KundArt="2" KundStatus="1" KundAufDat="2005-04-28"/>
  <Kunden KundenNr="20724" KundEigtNr="22336" KundArt="2" KundStatus="3" KundAufDat="2005-04-28"/>
  <Kunden KundenNr="20725" KundEigtNr="22337" KundArt="2" KundStatus="3" KundAufDat="2005-04-28"/>
  <Kunden KundenNr="20726" KundEigtNr="22338" KundArt="8" KundStatus="3" KundAufDat="2005-04-28"/>
  <Kunden KundenNr="20727" KundEigtNr="22346" KundArt="8" KundStatus="3" KundAufDat="2005-04-29"/>
  <Kunden KundenNr="20728" KundEigtNr="22306" KundArt="8" KundStatus="3" KundAufDat="2005-04-29"/>
  <Kunden KundenNr="20729" KundEigtNr="22270" KundArt="29" KundStatus="1" KundAufDat="2005-04-29"/>
  <Kunden KundenNr="20730" KundEigtNr="22345" KundArt="29" KundStatus="1" KundAufDat="2005-04-29"/>
  <Kunden KundenNr="20731" KundEigtNr="22347" KundArt="8" KundStatus="3" KundAufDat="2005-04-29"/>
  <Kunden KundenNr="20732" KundEigtNr="22348" KundArt="8" KundStatus="3" KundAufDat="2005-05-02"/>
  <Kunden KundenNr="20733" KundEigtNr="22349" KundArt="29" KundStatus="1" KundAufDat="2005-05-02"/>
  <Kunden KundenNr="20735" KundEigtNr="22351" KundArt="8" KundStatus="3" KundAufDat="2005-05-02"/>
  <Kunden KundenNr="20736" KundEigtNr="22352" KundArt="8" KundStatus="3" KundAufDat="2005-05-02"/>
  <Kunden KundenNr="20737" KundEigtNr="22353" KundArt="8" KundStatus="3" KundAufDat="2005-05-02"/>
  <Kunden KundenNr="20738" KundEigtNr="22354" KundArt="1" KundStatus="3" KundAufDat="2005-05-02"/>
  <Kunden KundenNr="20739" KundEigtNr="22355" KundArt="2" KundStatus="3" KundAufDat="2005-05-02"/>
  <Kunden KundenNr="20740" KundEigtNr="22356" KundArt="2" KundStatus="3" KundAufDat="2005-05-02"/>
  <Kunden KundenNr="20741" KundEigtNr="22357" KundArt="8" KundStatus="3" KundAufDat="2005-05-02"/>
  <Kunden KundenNr="20742" KundEigtNr="22358" KundArt="8" KundStatus="3" KundAufDat="2005-05-02"/>
  <Kunden KundenNr="20743" KundEigtNr="22359" KundArt="2" KundStatus="1" KundAufDat="2005-05-02"/>
  <Kunden KundenNr="20744" KundEigtNr="22360" KundArt="2" KundStatus="1" KundAufDat="2005-05-02"/>
  <Kunden KundenNr="20745" KundEigtNr="22362" KundArt="8" KundStatus="1" KundAufDat="2005-05-02"/>
  <Kunden KundenNr="20746" KundEigtNr="22363" KundArt="8" KundStatus="3" KundAufDat="2005-05-02"/>
  <Kunden KundenNr="20747" KundEigtNr="22364" KundArt="8" KundStatus="1" KundAufDat="2005-05-02"/>
  <Kunden KundenNr="20748" KundEigtNr="22365" KundArt="8" KundStatus="3" KundAufDat="2005-05-02"/>
  <Kunden KundenNr="20749" KundEigtNr="10275" KundArt="1" KundStatus="3" KundAufDat="2005-05-02"/>
  <Kunden KundenNr="20750" KundEigtNr="12545" KundArt="1" KundStatus="3" KundAufDat="2005-05-03"/>
  <Kunden KundenNr="20751" KundEigtNr="22366" KundArt="2" KundStatus="3" KundAufDat="2005-05-03"/>
  <Kunden KundenNr="20752" KundEigtNr="22314" KundArt="29" KundStatus="1" KundAufDat="2005-05-03"/>
  <Kunden KundenNr="20753" KundEigtNr="22367" KundArt="8" KundStatus="3" KundAufDat="2005-05-03"/>
  <Kunden KundenNr="20754" KundEigtNr="22368" KundArt="8" KundStatus="3" KundAufDat="2005-05-03"/>
  <Kunden KundenNr="20755" KundEigtNr="22369" KundArt="8" KundStatus="3" KundAufDat="2005-05-03"/>
  <Kunden KundenNr="20756" KundEigtNr="22370" KundArt="2" KundStatus="3" KundAufDat="2005-05-03"/>
  <Kunden KundenNr="20757" KundEigtNr="22371" KundArt="2" KundStatus="1" KundAufDat="2005-05-03"/>
  <Kunden KundenNr="20758" KundEigtNr="22372" KundArt="2" KundStatus="1" KundAufDat="2005-05-03"/>
  <Kunden KundenNr="20759" KundEigtNr="22373" KundArt="2" KundStatus="1" KundAufDat="2005-05-03"/>
  <Kunden KundenNr="20760" KundEigtNr="22327" KundArt="29" KundStatus="1" KundAufDat="2005-05-04"/>
  <Kunden KundenNr="20761" KundEigtNr="22381" KundArt="29" KundStatus="1" KundAufDat="2005-05-04"/>
  <Kunden KundenNr="20762" KundEigtNr="22382" KundArt="2" KundStatus="1" KundAufDat="2005-05-04"/>
  <Kunden KundenNr="20763" KundEigtNr="22389" KundArt="2" KundStatus="1" KundAufDat="2005-05-04"/>
  <Kunden KundenNr="20764" KundEigtNr="22392" KundArt="2" KundStatus="3" KundAufDat="2005-05-04"/>
  <Kunden KundenNr="20765" KundEigtNr="22393" KundArt="8" KundStatus="3" KundAufDat="2005-05-04"/>
  <Kunden KundenNr="20766" KundEigtNr="22394" KundArt="2" KundStatus="3" KundAufDat="2005-05-04"/>
  <Kunden KundenNr="20767" KundEigtNr="22395" KundArt="2" KundStatus="3" KundAufDat="2005-05-04"/>
  <Kunden KundenNr="20768" KundEigtNr="22396" KundArt="2" KundStatus="1" KundAufDat="2005-05-04"/>
  <Kunden KundenNr="20769" KundEigtNr="22397" KundArt="2" KundStatus="1" KundAufDat="2005-05-04"/>
  <Kunden KundenNr="20770" KundEigtNr="22398" KundArt="8" KundStatus="3" KundAufDat="2005-05-04"/>
  <Kunden KundenNr="20771" KundEigtNr="22399" KundArt="2" KundStatus="1" KundAufDat="2005-05-04"/>
  <Kunden KundenNr="20772" KundEigtNr="22405" KundArt="8" KundStatus="3" KundAufDat="2005-05-06"/>
  <Kunden KundenNr="20773" KundEigtNr="22406" KundArt="2" KundStatus="3" KundAufDat="2005-05-06"/>
  <Kunden KundenNr="20774" KundEigtNr="22407" KundArt="8" KundStatus="3" KundAufDat="2005-05-06"/>
  <Kunden KundenNr="20775" KundEigtNr="22315" KundArt="29" KundStatus="1" KundAufDat="2005-05-09"/>
  <Kunden KundenNr="20776" KundEigtNr="22410" KundArt="2" KundStatus="3" KundAufDat="2005-05-09"/>
  <Kunden KundenNr="20777" KundEigtNr="22414" KundArt="8" KundStatus="1" KundAufDat="2005-05-09"/>
  <Kunden KundenNr="20778" KundEigtNr="22415" KundArt="8" KundStatus="3" KundAufDat="2005-05-09"/>
  <Kunden KundenNr="20779" KundEigtNr="22417" KundArt="2" KundStatus="3" KundAufDat="2005-05-09"/>
  <Kunden KundenNr="20780" KundEigtNr="22419" KundArt="8" KundStatus="3" KundAufDat="2005-05-09"/>
  <Kunden KundenNr="20781" KundEigtNr="22423" KundArt="2" KundStatus="3" KundAufDat="2005-05-09"/>
  <Kunden KundenNr="20782" KundEigtNr="22426" KundArt="2" KundStatus="3" KundAufDat="2005-05-09"/>
  <Kunden KundenNr="20783" KundEigtNr="22428" KundArt="8" KundStatus="3" KundAufDat="2005-05-09"/>
  <Kunden KundenNr="20784" KundEigtNr="22429" KundArt="2" KundStatus="3" KundAufDat="2005-05-09"/>
  <Kunden KundenNr="20785" KundEigtNr="22430" KundArt="2" KundStatus="1" KundAufDat="2005-05-09"/>
  <Kunden KundenNr="20786" KundEigtNr="22431" KundArt="2" KundStatus="3" KundAufDat="2005-05-09"/>
  <Kunden KundenNr="20787" KundEigtNr="22432" KundArt="2" KundStatus="3" KundAufDat="2005-05-10"/>
  <Kunden KundenNr="20788" KundEigtNr="22433" KundArt="2" KundStatus="3" KundAufDat="2005-05-10"/>
  <Kunden KundenNr="20789" KundEigtNr="21374" KundArt="8" KundStatus="3" KundAufDat="2005-05-10"/>
  <Kunden KundenNr="20790" KundEigtNr="22434" KundArt="2" KundStatus="1" KundAufDat="2005-05-10"/>
  <Kunden KundenNr="20791" KundEigtNr="21135" KundArt="8" KundStatus="1" KundAufDat="2005-05-10"/>
  <Kunden KundenNr="20792" KundEigtNr="22435" KundArt="8" KundStatus="1" KundAufDat="2005-05-10"/>
  <Kunden KundenNr="20793" KundEigtNr="22435" KundArt="2" KundStatus="3" KundAufDat="2005-05-10"/>
  <Kunden KundenNr="20794" KundEigtNr="22436" KundArt="8" KundStatus="3" KundAufDat="2005-05-10"/>
  <Kunden KundenNr="20795" KundEigtNr="22437" KundArt="2" KundStatus="3" KundAufDat="2005-05-10"/>
  <Kunden KundenNr="20796" KundEigtNr="22438" KundArt="2" KundStatus="1" KundAufDat="2005-05-10"/>
  <Kunden KundenNr="20797" KundEigtNr="1225" KundArt="8" KundStatus="3" KundAufDat="2005-05-10"/>
  <Kunden KundenNr="20798" KundEigtNr="22441" KundArt="2" KundStatus="3" KundAufDat="2005-05-11"/>
  <Kunden KundenNr="20799" KundEigtNr="22443" KundArt="2" KundStatus="3" KundAufDat="2005-05-11"/>
  <Kunden KundenNr="20800" KundEigtNr="13742" KundArt="8" KundStatus="3" KundAufDat="2005-05-11"/>
  <Kunden KundenNr="20801" KundEigtNr="22444" KundArt="2" KundStatus="3" KundAufDat="2005-05-11"/>
  <Kunden KundenNr="20802" KundEigtNr="22445" KundArt="2" KundStatus="1" KundAufDat="2005-05-11"/>
  <Kunden KundenNr="20803" KundEigtNr="22300" KundArt="29" KundStatus="1" KundAufDat="2005-05-11"/>
  <Kunden KundenNr="20804" KundEigtNr="22446" KundArt="2" KundStatus="3" KundAufDat="2005-05-11"/>
  <Kunden KundenNr="20805" KundEigtNr="22447" KundArt="2" KundStatus="1" KundAufDat="2005-05-11"/>
  <Kunden KundenNr="20806" KundEigtNr="22448" KundArt="2" KundStatus="3" KundAufDat="2005-05-12"/>
  <Kunden KundenNr="20807" KundEigtNr="22402" KundArt="29" KundStatus="1" KundAufDat="2005-05-12"/>
  <Kunden KundenNr="20808" KundEigtNr="22457" KundArt="2" KundStatus="3" KundAufDat="2005-05-13"/>
  <Kunden KundenNr="20809" KundEigtNr="22458" KundArt="2" KundStatus="3" KundAufDat="2005-05-13"/>
  <Kunden KundenNr="20810" KundEigtNr="22459" KundArt="29" KundStatus="1" KundAufDat="2005-05-13"/>
  <Kunden KundenNr="20811" KundEigtNr="22460" KundArt="2" KundStatus="3" KundAufDat="2005-05-13"/>
  <Kunden KundenNr="20812" KundEigtNr="22461" KundArt="8" KundStatus="3" KundAufDat="2005-05-13"/>
  <Kunden KundenNr="20813" KundEigtNr="22462" KundArt="29" KundStatus="1" KundAufDat="2005-05-17"/>
  <Kunden KundenNr="20814" KundEigtNr="22463" KundArt="2" KundStatus="1" KundAufDat="2005-05-17"/>
  <Kunden KundenNr="20815" KundEigtNr="22464" KundArt="2" KundStatus="1" KundAufDat="2005-05-17"/>
  <Kunden KundenNr="20816" KundEigtNr="22465" KundArt="2" KundStatus="1" KundAufDat="2005-05-17"/>
  <Kunden KundenNr="20817" KundEigtNr="22466" KundArt="8" KundStatus="1" KundAufDat="2005-05-17"/>
  <Kunden KundenNr="20818" KundEigtNr="22467" KundArt="2" KundStatus="1" KundAufDat="2005-05-17"/>
  <Kunden KundenNr="20819" KundEigtNr="22468" KundArt="2" KundStatus="3" KundAufDat="2005-05-17"/>
  <Kunden KundenNr="20820" KundEigtNr="22469" KundArt="8" KundStatus="3" KundAufDat="2005-05-17"/>
  <Kunden KundenNr="20821" KundEigtNr="22470" KundArt="8" KundStatus="3" KundAufDat="2005-05-17"/>
  <Kunden KundenNr="20822" KundEigtNr="20882" KundArt="8" KundStatus="3" KundAufDat="2005-05-17"/>
  <Kunden KundenNr="20823" KundEigtNr="22471" KundArt="8" KundStatus="3" KundAufDat="2005-05-18"/>
  <Kunden KundenNr="20824" KundEigtNr="22478" KundArt="2" KundStatus="1" KundAufDat="2005-05-18"/>
  <Kunden KundenNr="20825" KundEigtNr="22479" KundArt="2" KundStatus="1" KundAufDat="2005-05-18"/>
  <Kunden KundenNr="20826" KundEigtNr="22480" KundArt="2" KundStatus="3" KundAufDat="2005-05-18"/>
  <Kunden KundenNr="20827" KundEigtNr="22481" KundArt="2" KundStatus="1" KundAufDat="2005-05-18"/>
  <Kunden KundenNr="20828" KundEigtNr="22482" KundArt="8" KundStatus="3" KundAufDat="2005-05-18"/>
  <Kunden KundenNr="20829" KundEigtNr="22483" KundArt="2" KundStatus="1" KundAufDat="2005-05-18"/>
  <Kunden KundenNr="20830" KundEigtNr="22484" KundArt="2" KundStatus="3" KundAufDat="2005-05-18"/>
  <Kunden KundenNr="20831" KundEigtNr="22485" KundArt="29" KundStatus="1" KundAufDat="2005-05-18"/>
  <Kunden KundenNr="20832" KundEigtNr="22487" KundArt="2" KundStatus="3" KundAufDat="2005-05-19"/>
  <Kunden KundenNr="20833" KundEigtNr="22341" KundArt="29" KundStatus="1" KundAufDat="2005-05-19"/>
  <Kunden KundenNr="20834" KundEigtNr="22488" KundArt="2" KundStatus="3" KundAufDat="2005-05-19"/>
  <Kunden KundenNr="20835" KundEigtNr="22489" KundArt="8" KundStatus="3" KundAufDat="2005-05-19"/>
  <Kunden KundenNr="20836" KundEigtNr="18122" KundArt="2" KundStatus="1" KundAufDat="2005-05-19"/>
  <Kunden KundenNr="20837" KundEigtNr="22490" KundArt="8" KundStatus="3" KundAufDat="2005-05-19"/>
  <Kunden KundenNr="20838" KundEigtNr="22157" KundArt="29" KundStatus="1" KundAufDat="2005-05-19"/>
  <Kunden KundenNr="20839" KundEigtNr="22491" KundArt="29" KundStatus="1" KundAufDat="2005-05-19"/>
  <Kunden KundenNr="20840" KundEigtNr="22494" KundArt="2" KundStatus="3" KundAufDat="2005-05-20"/>
  <Kunden KundenNr="20841" KundEigtNr="22122" KundArt="29" KundStatus="1" KundAufDat="2005-05-20"/>
  <Kunden KundenNr="20842" KundEigtNr="22495" KundArt="2" KundStatus="3" KundAufDat="2005-05-20"/>
  <Kunden KundenNr="20843" KundEigtNr="22496" KundArt="2" KundStatus="3" KundAufDat="2005-05-20"/>
  <Kunden KundenNr="20844" KundEigtNr="22473" KundArt="29" KundStatus="1" KundAufDat="2005-05-20"/>
  <Kunden KundenNr="20845" KundEigtNr="22497" KundArt="29" KundStatus="1" KundAufDat="2005-05-20"/>
  <Kunden KundenNr="20846" KundEigtNr="22498" KundArt="8" KundStatus="3" KundAufDat="2005-05-23"/>
  <Kunden KundenNr="20847" KundEigtNr="22499" KundArt="8" KundStatus="1" KundAufDat="2005-05-23"/>
  <Kunden KundenNr="20848" KundEigtNr="22500" KundArt="2" KundStatus="1" KundAufDat="2005-05-23"/>
  <Kunden KundenNr="20849" KundEigtNr="21604" KundArt="29" KundStatus="1" KundAufDat="2005-05-23"/>
  <Kunden KundenNr="20850" KundEigtNr="22467" KundArt="8" KundStatus="1" KundAufDat="2005-05-23"/>
  <Kunden KundenNr="20851" KundEigtNr="22504" KundArt="8" KundStatus="3" KundAufDat="2005-05-23"/>
  <Kunden KundenNr="20852" KundEigtNr="7966" KundArt="29" KundStatus="1" KundAufDat="2005-05-23"/>
  <Kunden KundenNr="20853" KundEigtNr="22511" KundArt="8" KundStatus="3" KundAufDat="2005-05-23"/>
  <Kunden KundenNr="20854" KundEigtNr="22512" KundArt="8" KundStatus="3" KundAufDat="2005-05-24"/>
  <Kunden KundenNr="20855" KundEigtNr="22513" KundArt="8" KundStatus="3" KundAufDat="2005-05-24"/>
  <Kunden KundenNr="20856" KundEigtNr="22514" KundArt="2" KundStatus="3" KundAufDat="2005-05-24"/>
  <Kunden KundenNr="20857" KundEigtNr="22515" KundArt="2" KundStatus="1" KundAufDat="2005-05-24"/>
  <Kunden KundenNr="20858" KundEigtNr="22516" KundArt="1" KundStatus="3" KundAufDat="2005-05-24"/>
  <Kunden KundenNr="20859" KundEigtNr="22517" KundArt="8" KundStatus="3" KundAufDat="2005-05-24"/>
  <Kunden KundenNr="20860" KundEigtNr="22518" KundArt="2" KundStatus="3" KundAufDat="2005-05-24"/>
  <Kunden KundenNr="20861" KundEigtNr="9259" KundArt="1" KundStatus="3" KundAufDat="2005-05-24"/>
  <Kunden KundenNr="20862" KundEigtNr="22519" KundArt="2" KundStatus="3" KundAufDat="2005-05-24"/>
  <Kunden KundenNr="20863" KundEigtNr="22520" KundArt="8" KundStatus="3" KundAufDat="2005-05-24"/>
  <Kunden KundenNr="20864" KundEigtNr="7571" KundArt="2" KundStatus="3" KundAufDat="2005-05-24"/>
  <Kunden KundenNr="20865" KundEigtNr="22521" KundArt="2" KundStatus="1" KundAufDat="2005-05-24"/>
  <Kunden KundenNr="20866" KundEigtNr="22522" KundArt="2" KundStatus="1" KundAufDat="2005-05-25"/>
  <Kunden KundenNr="20867" KundEigtNr="22528" KundArt="2" KundStatus="3" KundAufDat="2005-05-25"/>
  <Kunden KundenNr="20868" KundEigtNr="22529" KundArt="2" KundStatus="1" KundAufDat="2005-05-25"/>
  <Kunden KundenNr="20869" KundEigtNr="22537" KundArt="2" KundStatus="1" KundAufDat="2005-05-25"/>
  <Kunden KundenNr="20871" KundEigtNr="22538" KundArt="2" KundStatus="3" KundAufDat="2005-05-25"/>
  <Kunden KundenNr="20872" KundEigtNr="3217" KundArt="29" KundStatus="1" KundAufDat="2005-05-26"/>
  <Kunden KundenNr="20873" KundEigtNr="22539" KundArt="8" KundStatus="3" KundAufDat="2005-05-26"/>
  <Kunden KundenNr="20874" KundEigtNr="22540" KundArt="8" KundStatus="3" KundAufDat="2005-05-26"/>
  <Kunden KundenNr="20875" KundEigtNr="22541" KundArt="29" KundStatus="1" KundAufDat="2005-05-26"/>
  <Kunden KundenNr="20876" KundEigtNr="6552" KundArt="2" KundStatus="3" KundAufDat="2005-05-26"/>
  <Kunden KundenNr="20877" KundEigtNr="22542" KundArt="2" KundStatus="3" KundAufDat="2005-05-26"/>
  <Kunden KundenNr="20878" KundEigtNr="22543" KundArt="2" KundStatus="3" KundAufDat="2005-05-26"/>
  <Kunden KundenNr="20879" KundEigtNr="22544" KundArt="2" KundStatus="1" KundAufDat="2005-05-27"/>
  <Kunden KundenNr="20880" KundEigtNr="22545" KundArt="2" KundStatus="3" KundAufDat="2005-05-27"/>
  <Kunden KundenNr="20881" KundEigtNr="22546" KundArt="2" KundStatus="3" KundAufDat="2005-05-27"/>
  <Kunden KundenNr="20882" KundEigtNr="22547" KundArt="2" KundStatus="3" KundAufDat="2005-05-27"/>
  <Kunden KundenNr="20883" KundEigtNr="22548" KundArt="8" KundStatus="3" KundAufDat="2005-05-27"/>
  <Kunden KundenNr="20884" KundEigtNr="22549" KundArt="2" KundStatus="1" KundAufDat="2005-05-30"/>
  <Kunden KundenNr="20885" KundEigtNr="22550" KundArt="2" KundStatus="3" KundAufDat="2005-05-30"/>
  <Kunden KundenNr="20886" KundEigtNr="22551" KundArt="2" KundStatus="1" KundAufDat="2005-05-30"/>
  <Kunden KundenNr="20887" KundEigtNr="22552" KundArt="2" KundStatus="1" KundAufDat="2005-05-30"/>
  <Kunden KundenNr="20888" KundEigtNr="22553" KundArt="2" KundStatus="3" KundAufDat="2005-05-30"/>
  <Kunden KundenNr="20889" KundEigtNr="22554" KundArt="8" KundStatus="3" KundAufDat="2005-05-30"/>
  <Kunden KundenNr="20890" KundEigtNr="22555" KundArt="2" KundStatus="3" KundAufDat="2005-05-30"/>
  <Kunden KundenNr="20891" KundEigtNr="22556" KundArt="29" KundStatus="1" KundAufDat="2005-05-30"/>
  <Kunden KundenNr="20892" KundEigtNr="22557" KundArt="2" KundStatus="3" KundAufDat="2005-05-31"/>
  <Kunden KundenNr="20893" KundEigtNr="22558" KundArt="8" KundStatus="3" KundAufDat="2005-05-31"/>
  <Kunden KundenNr="20894" KundEigtNr="22559" KundArt="2" KundStatus="1" KundAufDat="2005-05-31"/>
  <Kunden KundenNr="20895" KundEigtNr="22560" KundArt="8" KundStatus="3" KundAufDat="2005-05-31"/>
  <Kunden KundenNr="20896" KundEigtNr="22561" KundArt="2" KundStatus="3" KundAufDat="2005-05-31"/>
  <Kunden KundenNr="20897" KundEigtNr="22562" KundArt="2" KundStatus="3" KundAufDat="2005-05-31"/>
  <Kunden KundenNr="20898" KundEigtNr="22563" KundArt="8" KundStatus="3" KundAufDat="2005-05-31"/>
  <Kunden KundenNr="20899" KundEigtNr="22564" KundArt="8" KundStatus="3" KundAufDat="2005-05-31"/>
  <Kunden KundenNr="20900" KundEigtNr="22565" KundArt="8" KundStatus="3" KundAufDat="2005-05-31"/>
  <Kunden KundenNr="20901" KundEigtNr="22566" KundArt="2" KundStatus="3" KundAufDat="2005-05-31"/>
  <Kunden KundenNr="20902" KundEigtNr="22567" KundArt="8" KundStatus="3" KundAufDat="2005-05-31"/>
  <Kunden KundenNr="20903" KundEigtNr="22575" KundArt="2" KundStatus="1" KundAufDat="2005-06-01"/>
  <Kunden KundenNr="20904" KundEigtNr="22576" KundArt="2" KundStatus="1" KundAufDat="2005-06-01"/>
  <Kunden KundenNr="20905" KundEigtNr="22577" KundArt="2" KundStatus="1" KundAufDat="2005-06-01"/>
  <Kunden KundenNr="20906" KundEigtNr="22581" KundArt="8" KundStatus="3" KundAufDat="2005-06-01"/>
  <Kunden KundenNr="20907" KundEigtNr="22582" KundArt="8" KundStatus="3" KundAufDat="2005-06-01"/>
  <Kunden KundenNr="20908" KundEigtNr="22583" KundArt="2" KundStatus="1" KundAufDat="2005-06-01"/>
  <Kunden KundenNr="20910" KundEigtNr="22585" KundArt="2" KundStatus="1" KundAufDat="2005-06-01"/>
  <Kunden KundenNr="20911" KundEigtNr="22535" KundArt="29" KundStatus="1" KundAufDat="2005-06-02"/>
  <Kunden KundenNr="20912" KundEigtNr="22586" KundArt="8" KundStatus="3" KundAufDat="2005-06-02"/>
  <Kunden KundenNr="20913" KundEigtNr="22587" KundArt="8" KundStatus="3" KundAufDat="2005-06-02"/>
  <Kunden KundenNr="20914" KundEigtNr="22474" KundArt="29" KundStatus="1" KundAufDat="2005-06-02"/>
  <Kunden KundenNr="20915" KundEigtNr="22588" KundArt="8" KundStatus="1" KundAufDat="2005-06-02"/>
  <Kunden KundenNr="20916" KundEigtNr="22589" KundArt="2" KundStatus="3" KundAufDat="2005-06-02"/>
  <Kunden KundenNr="20917" KundEigtNr="22590" KundArt="8" KundStatus="1" KundAufDat="2005-06-02"/>
  <Kunden KundenNr="20918" KundEigtNr="22591" KundArt="1" KundStatus="1" KundAufDat="2005-06-02"/>
  <Kunden KundenNr="20919" KundEigtNr="22592" KundArt="8" KundStatus="1" KundAufDat="2005-06-03"/>
  <Kunden KundenNr="20920" KundEigtNr="22595" KundArt="8" KundStatus="3" KundAufDat="2005-06-03"/>
  <Kunden KundenNr="20921" KundEigtNr="22596" KundArt="2" KundStatus="3" KundAufDat="2005-06-03"/>
  <Kunden KundenNr="20922" KundEigtNr="22597" KundArt="2" KundStatus="3" KundAufDat="2005-06-03"/>
  <Kunden KundenNr="20923" KundEigtNr="22598" KundArt="8" KundStatus="3" KundAufDat="2005-06-03"/>
  <Kunden KundenNr="20924" KundEigtNr="22599" KundArt="2" KundStatus="1" KundAufDat="2005-06-04"/>
  <Kunden KundenNr="20925" KundEigtNr="22600" KundArt="2" KundStatus="3" KundAufDat="2005-06-04"/>
  <Kunden KundenNr="20926" KundEigtNr="22601" KundArt="2" KundStatus="1" KundAufDat="2005-06-06"/>
  <Kunden KundenNr="20927" KundEigtNr="22602" KundArt="2" KundStatus="3" KundAufDat="2005-06-06"/>
  <Kunden KundenNr="20928" KundEigtNr="22603" KundArt="2" KundStatus="1" KundAufDat="2005-06-06"/>
  <Kunden KundenNr="20929" KundEigtNr="22604" KundArt="2" KundStatus="1" KundAufDat="2005-06-06"/>
  <Kunden KundenNr="20930" KundEigtNr="22605" KundArt="8" KundStatus="3" KundAufDat="2005-06-06"/>
  <Kunden KundenNr="20931" KundEigtNr="21822" KundArt="8" KundStatus="3" KundAufDat="2005-06-06"/>
  <Kunden KundenNr="20932" KundEigtNr="22606" KundArt="8" KundStatus="3" KundAufDat="2005-06-06"/>
  <Kunden KundenNr="20933" KundEigtNr="22607" KundArt="1" KundStatus="3" KundAufDat="2005-06-06"/>
  <Kunden KundenNr="20934" KundEigtNr="22608" KundArt="8" KundStatus="3" KundAufDat="2005-06-06"/>
  <Kunden KundenNr="20935" KundEigtNr="9894" KundArt="29" KundStatus="1" KundAufDat="2005-06-06"/>
  <Kunden KundenNr="20936" KundEigtNr="22609" KundArt="2" KundStatus="3" KundAufDat="2005-06-06"/>
  <Kunden KundenNr="20937" KundEigtNr="22610" KundArt="2" KundStatus="3" KundAufDat="2005-06-06"/>
  <Kunden KundenNr="20938" KundEigtNr="22611" KundArt="1" KundStatus="3" KundAufDat="2005-06-06"/>
  <Kunden KundenNr="20939" KundEigtNr="22612" KundArt="8" KundStatus="3" KundAufDat="2005-06-06"/>
  <Kunden KundenNr="20940" KundEigtNr="22613" KundArt="2" KundStatus="3" KundAufDat="2005-06-06"/>
  <Kunden KundenNr="20941" KundEigtNr="22614" KundArt="2" KundStatus="1" KundAufDat="2005-06-06"/>
  <Kunden KundenNr="20942" KundEigtNr="22615" KundArt="8" KundStatus="1" KundAufDat="2005-06-06"/>
  <Kunden KundenNr="20943" KundEigtNr="22616" KundArt="8" KundStatus="3" KundAufDat="2005-06-07"/>
  <Kunden KundenNr="20944" KundEigtNr="22617" KundArt="2" KundStatus="3" KundAufDat="2005-06-07"/>
  <Kunden KundenNr="20945" KundEigtNr="5602" KundArt="29" KundStatus="1" KundAufDat="2005-06-07"/>
  <Kunden KundenNr="20946" KundEigtNr="12315" KundArt="1" KundStatus="3" KundAufDat="2005-06-07"/>
  <Kunden KundenNr="20947" KundEigtNr="22618" KundArt="2" KundStatus="3" KundAufDat="2005-06-07"/>
  <Kunden KundenNr="20948" KundEigtNr="22619" KundArt="2" KundStatus="3" KundAufDat="2005-06-07"/>
  <Kunden KundenNr="20949" KundEigtNr="22620" KundArt="8" KundStatus="3" KundAufDat="2005-06-07"/>
  <Kunden KundenNr="20950" KundEigtNr="22621" KundArt="2" KundStatus="3" KundAufDat="2005-06-07"/>
  <Kunden KundenNr="20951" KundEigtNr="22622" KundArt="1" KundStatus="3" KundAufDat="2005-06-07"/>
  <Kunden KundenNr="20952" KundEigtNr="22623" KundArt="2" KundStatus="3" KundAufDat="2005-06-07"/>
  <Kunden KundenNr="20953" KundEigtNr="22624" KundArt="2" KundStatus="1" KundAufDat="2005-06-07"/>
  <Kunden KundenNr="20955" KundEigtNr="22626" KundArt="8" KundStatus="3" KundAufDat="2005-06-08"/>
  <Kunden KundenNr="20956" KundEigtNr="22572" KundArt="29" KundStatus="1" KundAufDat="2005-06-08"/>
  <Kunden KundenNr="20957" KundEigtNr="22627" KundArt="1" KundStatus="3" KundAufDat="2005-06-08"/>
  <Kunden KundenNr="20958" KundEigtNr="22628" KundArt="2" KundStatus="3" KundAufDat="2005-06-08"/>
  <Kunden KundenNr="20959" KundEigtNr="22629" KundArt="2" KundStatus="3" KundAufDat="2005-06-08"/>
  <Kunden KundenNr="20960" KundEigtNr="22630" KundArt="2" KundStatus="1" KundAufDat="2005-06-08"/>
  <Kunden KundenNr="20961" KundEigtNr="22631" KundArt="29" KundStatus="1" KundAufDat="2005-06-09"/>
  <Kunden KundenNr="20962" KundEigtNr="22632" KundArt="8" KundStatus="3" KundAufDat="2005-06-09"/>
  <Kunden KundenNr="20963" KundEigtNr="22633" KundArt="8" KundStatus="3" KundAufDat="2005-06-09"/>
  <Kunden KundenNr="20964" KundEigtNr="22634" KundArt="8" KundStatus="3" KundAufDat="2005-06-09"/>
  <Kunden KundenNr="20965" KundEigtNr="22635" KundArt="8" KundStatus="3" KundAufDat="2005-06-09"/>
  <Kunden KundenNr="20966" KundEigtNr="22636" KundArt="2" KundStatus="3" KundAufDat="2005-06-09"/>
  <Kunden KundenNr="20967" KundEigtNr="22525" KundArt="29" KundStatus="1" KundAufDat="2005-06-10"/>
  <Kunden KundenNr="20968" KundEigtNr="22637" KundArt="2" KundStatus="3" KundAufDat="2005-06-10"/>
  <Kunden KundenNr="20969" KundEigtNr="22638" KundArt="8" KundStatus="3" KundAufDat="2005-06-10"/>
  <Kunden KundenNr="20970" KundEigtNr="22639" KundArt="8" KundStatus="3" KundAufDat="2005-06-10"/>
  <Kunden KundenNr="20971" KundEigtNr="22640" KundArt="2" KundStatus="3" KundAufDat="2005-06-10"/>
  <Kunden KundenNr="20972" KundEigtNr="22641" KundArt="2" KundStatus="3" KundAufDat="2005-06-10"/>
  <Kunden KundenNr="20973" KundEigtNr="22642" KundArt="8" KundStatus="3" KundAufDat="2005-06-10"/>
  <Kunden KundenNr="20974" KundEigtNr="22643" KundArt="2" KundStatus="3" KundAufDat="2005-06-10"/>
  <Kunden KundenNr="20975" KundEigtNr="22644" KundArt="1" KundStatus="3" KundAufDat="2005-06-10"/>
  <Kunden KundenNr="20976" KundEigtNr="22645" KundArt="29" KundStatus="1" KundAufDat="2005-06-10"/>
  <Kunden KundenNr="20977" KundEigtNr="20161" KundArt="1" KundStatus="3" KundAufDat="2005-06-13"/>
  <Kunden KundenNr="20978" KundEigtNr="22646" KundArt="2" KundStatus="3" KundAufDat="2005-06-13"/>
  <Kunden KundenNr="20979" KundEigtNr="22647" KundArt="2" KundStatus="1" KundAufDat="2005-06-13"/>
  <Kunden KundenNr="20980" KundEigtNr="22648" KundArt="2" KundStatus="1" KundAufDat="2005-06-13"/>
  <Kunden KundenNr="20981" KundEigtNr="22649" KundArt="8" KundStatus="3" KundAufDat="2005-06-13"/>
  <Kunden KundenNr="20982" KundEigtNr="22650" KundArt="8" KundStatus="3" KundAufDat="2005-06-13"/>
  <Kunden KundenNr="20983" KundEigtNr="22651" KundArt="8" KundStatus="3" KundAufDat="2005-06-13"/>
  <Kunden KundenNr="20984" KundEigtNr="22652" KundArt="8" KundStatus="1" KundAufDat="2005-06-13"/>
  <Kunden KundenNr="20985" KundEigtNr="22653" KundArt="2" KundStatus="3" KundAufDat="2005-06-13"/>
  <Kunden KundenNr="20986" KundEigtNr="22654" KundArt="8" KundStatus="3" KundAufDat="2005-06-13"/>
  <Kunden KundenNr="20987" KundEigtNr="22655" KundArt="8" KundStatus="3" KundAufDat="2005-06-13"/>
  <Kunden KundenNr="20988" KundEigtNr="22656" KundArt="8" KundStatus="1" KundAufDat="2005-06-13"/>
  <Kunden KundenNr="20989" KundEigtNr="22657" KundArt="8" KundStatus="3" KundAufDat="2005-06-13"/>
  <Kunden KundenNr="20990" KundEigtNr="22658" KundArt="8" KundStatus="3" KundAufDat="2005-06-13"/>
  <Kunden KundenNr="20991" KundEigtNr="22659" KundArt="2" KundStatus="3" KundAufDat="2005-06-13"/>
  <Kunden KundenNr="20992" KundEigtNr="2286" KundArt="2" KundStatus="1" KundAufDat="2005-06-13"/>
  <Kunden KundenNr="20993" KundEigtNr="22660" KundArt="2" KundStatus="3" KundAufDat="2005-06-13"/>
  <Kunden KundenNr="20994" KundEigtNr="22661" KundArt="1" KundStatus="1" KundAufDat="2005-06-14"/>
  <Kunden KundenNr="20995" KundEigtNr="21118" KundArt="29" KundStatus="1" KundAufDat="2005-06-14"/>
  <Kunden KundenNr="20996" KundEigtNr="22662" KundArt="29" KundStatus="1" KundAufDat="2005-06-14"/>
  <Kunden KundenNr="20997" KundEigtNr="22663" KundArt="8" KundStatus="3" KundAufDat="2005-06-14"/>
  <Kunden KundenNr="20998" KundEigtNr="22664" KundArt="2" KundStatus="1" KundAufDat="2005-06-14"/>
  <Kunden KundenNr="20999" KundEigtNr="22665" KundArt="2" KundStatus="1" KundAufDat="2005-06-14"/>
  <Kunden KundenNr="21000" KundEigtNr="22666" KundArt="2" KundStatus="1" KundAufDat="2005-06-14"/>
  <Kunden KundenNr="21001" KundEigtNr="22667" KundArt="2" KundStatus="1" KundAufDat="2005-06-14"/>
  <Kunden KundenNr="21002" KundEigtNr="22668" KundArt="2" KundStatus="3" KundAufDat="2005-06-14"/>
  <Kunden KundenNr="21003" KundEigtNr="22669" KundArt="8" KundStatus="3" KundAufDat="2005-06-14"/>
  <Kunden KundenNr="21004" KundEigtNr="22670" KundArt="2" KundStatus="3" KundAufDat="2005-06-14"/>
  <Kunden KundenNr="21005" KundEigtNr="15150" KundArt="29" KundStatus="1" KundAufDat="2005-06-15"/>
  <Kunden KundenNr="21006" KundEigtNr="22476" KundArt="29" KundStatus="1" KundAufDat="2005-06-15"/>
  <Kunden KundenNr="21007" KundEigtNr="22671" KundArt="29" KundStatus="1" KundAufDat="2005-06-15"/>
  <Kunden KundenNr="21008" KundEigtNr="22672" KundArt="29" KundStatus="1" KundAufDat="2005-06-15"/>
  <Kunden KundenNr="21009" KundEigtNr="22673" KundArt="2" KundStatus="1" KundAufDat="2005-06-15"/>
  <Kunden KundenNr="21010" KundEigtNr="22674" KundArt="29" KundStatus="1" KundAufDat="2005-06-15"/>
  <Kunden KundenNr="21011" KundEigtNr="22675" KundArt="29" KundStatus="1" KundAufDat="2005-06-15"/>
  <Kunden KundenNr="21012" KundEigtNr="22676" KundArt="8" KundStatus="3" KundAufDat="2005-06-15"/>
  <Kunden KundenNr="21013" KundEigtNr="22677" KundArt="1" KundStatus="3" KundAufDat="2005-06-15"/>
  <Kunden KundenNr="21014" KundEigtNr="22681" KundArt="2" KundStatus="3" KundAufDat="2005-06-15"/>
  <Kunden KundenNr="21015" KundEigtNr="22683" KundArt="8" KundStatus="3" KundAufDat="2005-06-16"/>
  <Kunden KundenNr="21016" KundEigtNr="22684" KundArt="2" KundStatus="1" KundAufDat="2005-06-16"/>
  <Kunden KundenNr="21017" KundEigtNr="22685" KundArt="29" KundStatus="1" KundAufDat="2005-06-16"/>
  <Kunden KundenNr="21018" KundEigtNr="17619" KundArt="1" KundStatus="3" KundAufDat="2005-06-16"/>
  <Kunden KundenNr="21019" KundEigtNr="22686" KundArt="2" KundStatus="3" KundAufDat="2005-06-16"/>
  <Kunden KundenNr="21020" KundEigtNr="22693" KundArt="1" KundStatus="3" KundAufDat="2005-06-17"/>
  <Kunden KundenNr="21021" KundEigtNr="22694" KundArt="8" KundStatus="3" KundAufDat="2005-06-17"/>
  <Kunden KundenNr="21022" KundEigtNr="18630" KundArt="8" KundStatus="3" KundAufDat="2005-06-17"/>
  <Kunden KundenNr="21023" KundEigtNr="22695" KundArt="8" KundStatus="3" KundAufDat="2005-06-17"/>
  <Kunden KundenNr="21024" KundEigtNr="22696" KundArt="8" KundStatus="3" KundAufDat="2005-06-17"/>
  <Kunden KundenNr="21025" KundEigtNr="22697" KundArt="1" KundStatus="1" KundAufDat="2005-06-17"/>
  <Kunden KundenNr="21026" KundEigtNr="22698" KundArt="1" KundStatus="3" KundAufDat="2005-06-17"/>
  <Kunden KundenNr="21027" KundEigtNr="22699" KundArt="29" KundStatus="1" KundAufDat="2005-06-17"/>
  <Kunden KundenNr="21028" KundEigtNr="22700" KundArt="8" KundStatus="3" KundAufDat="2005-06-18"/>
  <Kunden KundenNr="21029" KundEigtNr="22701" KundArt="8" KundStatus="1" KundAufDat="2005-06-18"/>
  <Kunden KundenNr="21030" KundEigtNr="22702" KundArt="8" KundStatus="3" KundAufDat="2005-06-18"/>
  <Kunden KundenNr="21031" KundEigtNr="22703" KundArt="8" KundStatus="3" KundAufDat="2005-06-20"/>
  <Kunden KundenNr="21032" KundEigtNr="22704" KundArt="8" KundStatus="1" KundAufDat="2005-06-20"/>
  <Kunden KundenNr="21033" KundEigtNr="22705" KundArt="8" KundStatus="3" KundAufDat="2005-06-20"/>
  <Kunden KundenNr="21034" KundEigtNr="22706" KundArt="8" KundStatus="3" KundAufDat="2005-06-20"/>
  <Kunden KundenNr="21035" KundEigtNr="19703" KundArt="2" KundStatus="3" KundAufDat="2005-06-20"/>
  <Kunden KundenNr="21036" KundEigtNr="22707" KundArt="2" KundStatus="3" KundAufDat="2005-06-20"/>
  <Kunden KundenNr="21037" KundEigtNr="10509" KundArt="2" KundStatus="3" KundAufDat="2005-06-20"/>
  <Kunden KundenNr="21038" KundEigtNr="22708" KundArt="2" KundStatus="3" KundAufDat="2005-06-20"/>
  <Kunden KundenNr="21039" KundEigtNr="22709" KundArt="2" KundStatus="1" KundAufDat="2005-06-20"/>
  <Kunden KundenNr="21040" KundEigtNr="22710" KundArt="2" KundStatus="3" KundAufDat="2005-06-20"/>
  <Kunden KundenNr="21041" KundEigtNr="22711" KundArt="2" KundStatus="3" KundAufDat="2005-06-20"/>
  <Kunden KundenNr="21042" KundEigtNr="22712" KundArt="2" KundStatus="1" KundAufDat="2005-06-20"/>
  <Kunden KundenNr="21043" KundEigtNr="11992" KundArt="29" KundStatus="1" KundAufDat="2005-06-21"/>
  <Kunden KundenNr="21044" KundEigtNr="22713" KundArt="2" KundStatus="3" KundAufDat="2005-06-21"/>
  <Kunden KundenNr="21045" KundEigtNr="22714" KundArt="29" KundStatus="1" KundAufDat="2005-06-21"/>
  <Kunden KundenNr="21046" KundEigtNr="22715" KundArt="2" KundStatus="3" KundAufDat="2005-06-21"/>
  <Kunden KundenNr="21047" KundEigtNr="22716" KundArt="2" KundStatus="1" KundAufDat="2005-06-21"/>
  <Kunden KundenNr="21048" KundEigtNr="22717" KundArt="2" KundStatus="3" KundAufDat="2005-06-21"/>
  <Kunden KundenNr="21049" KundEigtNr="22718" KundArt="8" KundStatus="3" KundAufDat="2005-06-21"/>
  <Kunden KundenNr="21050" KundEigtNr="22719" KundArt="29" KundStatus="1" KundAufDat="2005-06-21"/>
  <Kunden KundenNr="21051" KundEigtNr="22720" KundArt="1" KundStatus="3" KundAufDat="2005-06-21"/>
  <Kunden KundenNr="21052" KundEigtNr="22721" KundArt="1" KundStatus="3" KundAufDat="2005-06-21"/>
  <Kunden KundenNr="21053" KundEigtNr="22722" KundArt="1" KundStatus="3" KundAufDat="2005-06-21"/>
  <Kunden KundenNr="21054" KundEigtNr="3470" KundArt="29" KundStatus="1" KundAufDat="2005-06-21"/>
  <Kunden KundenNr="21055" KundEigtNr="22723" KundArt="2" KundStatus="1" KundAufDat="2005-06-21"/>
  <Kunden KundenNr="21056" KundEigtNr="22724" KundArt="8" KundStatus="3" KundAufDat="2005-06-22"/>
  <Kunden KundenNr="21057" KundEigtNr="22725" KundArt="8" KundStatus="3" KundAufDat="2005-06-22"/>
  <Kunden KundenNr="21058" KundEigtNr="22726" KundArt="2" KundStatus="1" KundAufDat="2005-06-22"/>
  <Kunden KundenNr="21059" KundEigtNr="22690" KundArt="29" KundStatus="1" KundAufDat="2005-06-22"/>
  <Kunden KundenNr="21060" KundEigtNr="22727" KundArt="2" KundStatus="1" KundAufDat="2005-06-22"/>
  <Kunden KundenNr="21061" KundEigtNr="2113" KundArt="29" KundStatus="1" KundAufDat="2005-06-22"/>
  <Kunden KundenNr="21062" KundEigtNr="22689" KundArt="29" KundStatus="1" KundAufDat="2005-06-22"/>
  <Kunden KundenNr="21063" KundEigtNr="22728" KundArt="8" KundStatus="3" KundAufDat="2005-06-22"/>
  <Kunden KundenNr="21064" KundEigtNr="22729" KundArt="8" KundStatus="1" KundAufDat="2005-06-23"/>
  <Kunden KundenNr="21065" KundEigtNr="21420" KundArt="8" KundStatus="1" KundAufDat="2005-06-23"/>
  <Kunden KundenNr="21066" KundEigtNr="22730" KundArt="8" KundStatus="3" KundAufDat="2005-06-23"/>
  <Kunden KundenNr="21067" KundEigtNr="22731" KundArt="29" KundStatus="1" KundAufDat="2005-06-23"/>
  <Kunden KundenNr="21068" KundEigtNr="22732" KundArt="8" KundStatus="3" KundAufDat="2005-06-23"/>
  <Kunden KundenNr="21069" KundEigtNr="22733" KundArt="2" KundStatus="1" KundAufDat="2005-06-23"/>
  <Kunden KundenNr="21070" KundEigtNr="22735" KundArt="2" KundStatus="3" KundAufDat="2005-06-23"/>
  <Kunden KundenNr="21071" KundEigtNr="22688" KundArt="29" KundStatus="1" KundAufDat="2005-06-23"/>
  <Kunden KundenNr="21072" KundEigtNr="22736" KundArt="2" KundStatus="1" KundAufDat="2005-06-24"/>
  <Kunden KundenNr="21073" KundEigtNr="22737" KundArt="8" KundStatus="3" KundAufDat="2005-06-24"/>
  <Kunden KundenNr="21074" KundEigtNr="22738" KundArt="8" KundStatus="3" KundAufDat="2005-06-24"/>
  <Kunden KundenNr="21075" KundEigtNr="22739" KundArt="2" KundStatus="3" KundAufDat="2005-06-24"/>
  <Kunden KundenNr="21076" KundEigtNr="22740" KundArt="2" KundStatus="3" KundAufDat="2005-06-24"/>
  <Kunden KundenNr="21077" KundEigtNr="22741" KundArt="2" KundStatus="3" KundAufDat="2005-06-24"/>
  <Kunden KundenNr="21078" KundEigtNr="22742" KundArt="1" KundStatus="3" KundAufDat="2005-06-24"/>
  <Kunden KundenNr="21079" KundEigtNr="22743" KundArt="8" KundStatus="1" KundAufDat="2005-06-27"/>
  <Kunden KundenNr="21080" KundEigtNr="22744" KundArt="8" KundStatus="1" KundAufDat="2005-06-27"/>
  <Kunden KundenNr="21081" KundEigtNr="22745" KundArt="2" KundStatus="1" KundAufDat="2005-06-27"/>
  <Kunden KundenNr="21082" KundEigtNr="22746" KundArt="29" KundStatus="1" KundAufDat="2005-06-27"/>
  <Kunden KundenNr="21083" KundEigtNr="22747" KundArt="2" KundStatus="3" KundAufDat="2005-06-27"/>
  <Kunden KundenNr="21084" KundEigtNr="22748" KundArt="8" KundStatus="3" KundAufDat="2005-06-27"/>
  <Kunden KundenNr="21085" KundEigtNr="22749" KundArt="29" KundStatus="1" KundAufDat="2005-06-27"/>
  <Kunden KundenNr="21086" KundEigtNr="21906" KundArt="1" KundStatus="1" KundAufDat="2005-06-27"/>
  <Kunden KundenNr="21087" KundEigtNr="22426" KundArt="1" KundStatus="3" KundAufDat="2005-06-27"/>
  <Kunden KundenNr="21088" KundEigtNr="22750" KundArt="2" KundStatus="1" KundAufDat="2005-06-27"/>
  <Kunden KundenNr="21089" KundEigtNr="22748" KundArt="1" KundStatus="3" KundAufDat="2005-06-28"/>
  <Kunden KundenNr="21090" KundEigtNr="22752" KundArt="2" KundStatus="3" KundAufDat="2005-06-28"/>
  <Kunden KundenNr="21091" KundEigtNr="22753" KundArt="2" KundStatus="3" KundAufDat="2005-06-28"/>
  <Kunden KundenNr="21092" KundEigtNr="22754" KundArt="2" KundStatus="3" KundAufDat="2005-06-28"/>
  <Kunden KundenNr="21093" KundEigtNr="7974" KundArt="2" KundStatus="1" KundAufDat="2005-06-28"/>
  <Kunden KundenNr="21094" KundEigtNr="22764" KundArt="8" KundStatus="3" KundAufDat="2005-06-28"/>
  <Kunden KundenNr="21095" KundEigtNr="22765" KundArt="2" KundStatus="1" KundAufDat="2005-06-28"/>
  <Kunden KundenNr="21096" KundEigtNr="22772" KundArt="8" KundStatus="3" KundAufDat="2005-06-28"/>
  <Kunden KundenNr="21097" KundEigtNr="22773" KundArt="2" KundStatus="1" KundAufDat="2005-06-28"/>
  <Kunden KundenNr="21098" KundEigtNr="22774" KundArt="2" KundStatus="1" KundAufDat="2005-06-28"/>
  <Kunden KundenNr="21099" KundEigtNr="20757" KundArt="29" KundStatus="1" KundAufDat="2005-06-29"/>
  <Kunden KundenNr="21100" KundEigtNr="22775" KundArt="29" KundStatus="1" KundAufDat="2005-06-29"/>
  <Kunden KundenNr="21101" KundEigtNr="22776" KundArt="8" KundStatus="3" KundAufDat="2005-06-29"/>
  <Kunden KundenNr="21102" KundEigtNr="22692" KundArt="29" KundStatus="1" KundAufDat="2005-06-29"/>
  <Kunden KundenNr="21103" KundEigtNr="7632" KundArt="1" KundStatus="3" KundAufDat="2005-06-29"/>
  <Kunden KundenNr="21104" KundEigtNr="22782" KundArt="1" KundStatus="3" KundAufDat="2005-06-29"/>
  <Kunden KundenNr="21105" KundEigtNr="22783" KundArt="2" KundStatus="3" KundAufDat="2005-06-30"/>
  <Kunden KundenNr="21106" KundEigtNr="22784" KundArt="8" KundStatus="1" KundAufDat="2005-06-30"/>
  <Kunden KundenNr="21107" KundEigtNr="10392" KundArt="29" KundStatus="1" KundAufDat="2005-06-30"/>
  <Kunden KundenNr="21108" KundEigtNr="22785" KundArt="2" KundStatus="1" KundAufDat="2005-06-30"/>
  <Kunden KundenNr="21109" KundEigtNr="22786" KundArt="8" KundStatus="3" KundAufDat="2005-06-30"/>
  <Kunden KundenNr="21110" KundEigtNr="22787" KundArt="8" KundStatus="3" KundAufDat="2005-06-30"/>
  <Kunden KundenNr="21111" KundEigtNr="22788" KundArt="1" KundStatus="3" KundAufDat="2005-06-30"/>
  <Kunden KundenNr="21112" KundEigtNr="22789" KundArt="2" KundStatus="3" KundAufDat="2005-06-30"/>
  <Kunden KundenNr="21113" KundEigtNr="22790" KundArt="2" KundStatus="3" KundAufDat="2005-06-30"/>
  <Kunden KundenNr="21114" KundEigtNr="22475" KundArt="29" KundStatus="1" KundAufDat="2005-06-30"/>
  <Kunden KundenNr="21115" KundEigtNr="22791" KundArt="29" KundStatus="1" KundAufDat="2005-06-30"/>
  <Kunden KundenNr="21116" KundEigtNr="22792" KundArt="2" KundStatus="3" KundAufDat="2005-06-30"/>
  <Kunden KundenNr="21117" KundEigtNr="22793" KundArt="2" KundStatus="1" KundAufDat="2005-07-01"/>
  <Kunden KundenNr="21118" KundEigtNr="22794" KundArt="1" KundStatus="1" KundAufDat="2005-07-01"/>
  <Kunden KundenNr="21119" KundEigtNr="21756" KundArt="29" KundStatus="1" KundAufDat="2005-07-01"/>
  <Kunden KundenNr="21120" KundEigtNr="22795" KundArt="8" KundStatus="3" KundAufDat="2005-07-04"/>
  <Kunden KundenNr="21121" KundEigtNr="22796" KundArt="2" KundStatus="3" KundAufDat="2005-07-04"/>
  <Kunden KundenNr="21122" KundEigtNr="22797" KundArt="8" KundStatus="3" KundAufDat="2005-07-04"/>
  <Kunden KundenNr="21123" KundEigtNr="22798" KundArt="8" KundStatus="3" KundAufDat="2005-07-04"/>
  <Kunden KundenNr="21124" KundEigtNr="15417" KundArt="29" KundStatus="1" KundAufDat="2005-07-04"/>
  <Kunden KundenNr="21125" KundEigtNr="22799" KundArt="2" KundStatus="1" KundAufDat="2005-07-04"/>
  <Kunden KundenNr="21126" KundEigtNr="22800" KundArt="2" KundStatus="1" KundAufDat="2005-07-04"/>
  <Kunden KundenNr="21127" KundEigtNr="22801" KundArt="8" KundStatus="1" KundAufDat="2005-07-04"/>
  <Kunden KundenNr="21128" KundEigtNr="22802" KundArt="2" KundStatus="1" KundAufDat="2005-07-04"/>
  <Kunden KundenNr="21129" KundEigtNr="22806" KundArt="8" KundStatus="3" KundAufDat="2005-07-04"/>
  <Kunden KundenNr="21130" KundEigtNr="22807" KundArt="29" KundStatus="1" KundAufDat="2005-07-04"/>
  <Kunden KundenNr="21131" KundEigtNr="22808" KundArt="2" KundStatus="1" KundAufDat="2005-07-04"/>
  <Kunden KundenNr="21132" KundEigtNr="22809" KundArt="2" KundStatus="3" KundAufDat="2005-07-04"/>
  <Kunden KundenNr="21133" KundEigtNr="22810" KundArt="2" KundStatus="1" KundAufDat="2005-07-04"/>
  <Kunden KundenNr="21134" KundEigtNr="22811" KundArt="2" KundStatus="1" KundAufDat="2005-07-04"/>
  <Kunden KundenNr="21135" KundEigtNr="5468" KundArt="2" KundStatus="3" KundAufDat="2005-07-05"/>
  <Kunden KundenNr="21136" KundEigtNr="22812" KundArt="1" KundStatus="1" KundAufDat="2005-07-05"/>
  <Kunden KundenNr="21137" KundEigtNr="22813" KundArt="1" KundStatus="3" KundAufDat="2005-07-05"/>
  <Kunden KundenNr="21138" KundEigtNr="22814" KundArt="8" KundStatus="3" KundAufDat="2005-07-05"/>
  <Kunden KundenNr="21139" KundEigtNr="22815" KundArt="29" KundStatus="1" KundAufDat="2005-07-05"/>
  <Kunden KundenNr="21140" KundEigtNr="22466" KundArt="2" KundStatus="3" KundAufDat="2005-07-05"/>
  <Kunden KundenNr="21141" KundEigtNr="22816" KundArt="2" KundStatus="3" KundAufDat="2005-07-05"/>
  <Kunden KundenNr="21142" KundEigtNr="22817" KundArt="8" KundStatus="3" KundAufDat="2005-07-05"/>
  <Kunden KundenNr="21143" KundEigtNr="22818" KundArt="29" KundStatus="1" KundAufDat="2005-07-05"/>
  <Kunden KundenNr="21144" KundEigtNr="22819" KundArt="1" KundStatus="3" KundAufDat="2005-07-05"/>
  <Kunden KundenNr="21145" KundEigtNr="22821" KundArt="1" KundStatus="1" KundAufDat="2005-07-06"/>
  <Kunden KundenNr="21146" KundEigtNr="22822" KundArt="8" KundStatus="1" KundAufDat="2005-07-06"/>
  <Kunden KundenNr="21147" KundEigtNr="22823" KundArt="2" KundStatus="3" KundAufDat="2005-07-06"/>
  <Kunden KundenNr="21148" KundEigtNr="22762" KundArt="29" KundStatus="1" KundAufDat="2005-07-06"/>
  <Kunden KundenNr="21149" KundEigtNr="22824" KundArt="2" KundStatus="3" KundAufDat="2005-07-06"/>
  <Kunden KundenNr="21150" KundEigtNr="22825" KundArt="8" KundStatus="3" KundAufDat="2005-07-06"/>
  <Kunden KundenNr="21151" KundEigtNr="1515" KundArt="29" KundStatus="1" KundAufDat="2005-07-06"/>
  <Kunden KundenNr="21152" KundEigtNr="22826" KundArt="2" KundStatus="1" KundAufDat="2005-07-06"/>
  <Kunden KundenNr="21153" KundEigtNr="22827" KundArt="2" KundStatus="1" KundAufDat="2005-07-06"/>
  <Kunden KundenNr="21154" KundEigtNr="22771" KundArt="29" KundStatus="1" KundAufDat="2005-07-06"/>
  <Kunden KundenNr="21155" KundEigtNr="22828" KundArt="2" KundStatus="1" KundAufDat="2005-07-06"/>
  <Kunden KundenNr="21156" KundEigtNr="22829" KundArt="8" KundStatus="3" KundAufDat="2005-07-07"/>
  <Kunden KundenNr="21157" KundEigtNr="22830" KundArt="8" KundStatus="3" KundAufDat="2005-07-07"/>
  <Kunden KundenNr="21158" KundEigtNr="22831" KundArt="8" KundStatus="3" KundAufDat="2005-07-07"/>
  <Kunden KundenNr="21159" KundEigtNr="22832" KundArt="8" KundStatus="3" KundAufDat="2005-07-07"/>
  <Kunden KundenNr="21160" KundEigtNr="22833" KundArt="8" KundStatus="3" KundAufDat="2005-07-07"/>
  <Kunden KundenNr="21161" KundEigtNr="22834" KundArt="8" KundStatus="3" KundAufDat="2005-07-07"/>
  <Kunden KundenNr="21162" KundEigtNr="22835" KundArt="2" KundStatus="1" KundAufDat="2005-07-07"/>
  <Kunden KundenNr="21163" KundEigtNr="22837" KundArt="2" KundStatus="1" KundAufDat="2005-07-07"/>
  <Kunden KundenNr="21164" KundEigtNr="22838" KundArt="2" KundStatus="1" KundAufDat="2005-07-07"/>
  <Kunden KundenNr="21165" KundEigtNr="22839" KundArt="2" KundStatus="3" KundAufDat="2005-07-07"/>
  <Kunden KundenNr="21166" KundEigtNr="22840" KundArt="2" KundStatus="1" KundAufDat="2005-07-08"/>
  <Kunden KundenNr="21167" KundEigtNr="22841" KundArt="2" KundStatus="3" KundAufDat="2005-07-08"/>
  <Kunden KundenNr="21168" KundEigtNr="22842" KundArt="8" KundStatus="1" KundAufDat="2005-07-08"/>
  <Kunden KundenNr="21169" KundEigtNr="17656" KundArt="8" KundStatus="1" KundAufDat="2005-07-08"/>
  <Kunden KundenNr="21170" KundEigtNr="22843" KundArt="8" KundStatus="3" KundAufDat="2005-07-08"/>
  <Kunden KundenNr="21171" KundEigtNr="22844" KundArt="2" KundStatus="1" KundAufDat="2005-07-08"/>
  <Kunden KundenNr="21172" KundEigtNr="22845" KundArt="1" KundStatus="3" KundAufDat="2005-07-08"/>
  <Kunden KundenNr="21173" KundEigtNr="22846" KundArt="2" KundStatus="1" KundAufDat="2005-07-08"/>
  <Kunden KundenNr="21174" KundEigtNr="22847" KundArt="2" KundStatus="3" KundAufDat="2005-07-08"/>
  <Kunden KundenNr="21175" KundEigtNr="87" KundArt="1" KundStatus="1" KundAufDat="2005-07-08"/>
  <Kunden KundenNr="21176" KundEigtNr="22848" KundArt="2" KundStatus="3" KundAufDat="2005-07-08"/>
  <Kunden KundenNr="21177" KundEigtNr="22849" KundArt="8" KundStatus="3" KundAufDat="2005-07-11"/>
  <Kunden KundenNr="21178" KundEigtNr="22850" KundArt="8" KundStatus="3" KundAufDat="2005-07-11"/>
  <Kunden KundenNr="21179" KundEigtNr="22851" KundArt="8" KundStatus="3" KundAufDat="2005-07-11"/>
  <Kunden KundenNr="21180" KundEigtNr="22852" KundArt="8" KundStatus="3" KundAufDat="2005-07-11"/>
  <Kunden KundenNr="21181" KundEigtNr="22853" KundArt="2" KundStatus="3" KundAufDat="2005-07-11"/>
  <Kunden KundenNr="21182" KundEigtNr="22854" KundArt="2" KundStatus="3" KundAufDat="2005-07-11"/>
  <Kunden KundenNr="21183" KundEigtNr="22855" KundArt="2" KundStatus="3" KundAufDat="2005-07-11"/>
  <Kunden KundenNr="21184" KundEigtNr="22856" KundArt="2" KundStatus="1" KundAufDat="2005-07-11"/>
  <Kunden KundenNr="21185" KundEigtNr="22857" KundArt="1" KundStatus="3" KundAufDat="2005-07-11"/>
  <Kunden KundenNr="21186" KundEigtNr="22858" KundArt="2" KundStatus="1" KundAufDat="2005-07-11"/>
  <Kunden KundenNr="21187" KundEigtNr="11979" KundArt="29" KundStatus="1" KundAufDat="2005-07-11"/>
  <Kunden KundenNr="21188" KundEigtNr="22859" KundArt="1" KundStatus="3" KundAufDat="2005-07-12"/>
  <Kunden KundenNr="21189" KundEigtNr="22860" KundArt="2" KundStatus="3" KundAufDat="2005-07-12"/>
  <Kunden KundenNr="21190" KundEigtNr="22861" KundArt="2" KundStatus="1" KundAufDat="2005-07-12"/>
  <Kunden KundenNr="21191" KundEigtNr="22862" KundArt="2" KundStatus="3" KundAufDat="2005-07-12"/>
  <Kunden KundenNr="21192" KundEigtNr="22863" KundArt="2" KundStatus="3" KundAufDat="2005-07-12"/>
  <Kunden KundenNr="21193" KundEigtNr="18498" KundArt="2" KundStatus="1" KundAufDat="2005-07-12"/>
  <Kunden KundenNr="21194" KundEigtNr="22864" KundArt="2" KundStatus="3" KundAufDat="2005-07-12"/>
  <Kunden KundenNr="21195" KundEigtNr="22865" KundArt="29" KundStatus="1" KundAufDat="2005-07-12"/>
  <Kunden KundenNr="21196" KundEigtNr="22866" KundArt="8" KundStatus="3" KundAufDat="2005-07-12"/>
  <Kunden KundenNr="21197" KundEigtNr="22867" KundArt="8" KundStatus="3" KundAufDat="2005-07-12"/>
  <Kunden KundenNr="21198" KundEigtNr="22869" KundArt="8" KundStatus="3" KundAufDat="2005-07-13"/>
  <Kunden KundenNr="21199" KundEigtNr="22870" KundArt="8" KundStatus="3" KundAufDat="2005-07-13"/>
  <Kunden KundenNr="21200" KundEigtNr="22871" KundArt="8" KundStatus="3" KundAufDat="2005-07-13"/>
  <Kunden KundenNr="21201" KundEigtNr="22872" KundArt="2" KundStatus="3" KundAufDat="2005-07-13"/>
  <Kunden KundenNr="21202" KundEigtNr="22873" KundArt="29" KundStatus="1" KundAufDat="2005-07-13"/>
  <Kunden KundenNr="21203" KundEigtNr="22874" KundArt="8" KundStatus="3" KundAufDat="2005-07-13"/>
  <Kunden KundenNr="21204" KundEigtNr="22875" KundArt="2" KundStatus="3" KundAufDat="2005-07-13"/>
  <Kunden KundenNr="21205" KundEigtNr="22332" KundArt="29" KundStatus="1" KundAufDat="2005-07-13"/>
  <Kunden KundenNr="21206" KundEigtNr="22876" KundArt="8" KundStatus="3" KundAufDat="2005-07-13"/>
  <Kunden KundenNr="21207" KundEigtNr="22877" KundArt="2" KundStatus="3" KundAufDat="2005-07-13"/>
  <Kunden KundenNr="21208" KundEigtNr="22878" KundArt="2" KundStatus="3" KundAufDat="2005-07-13"/>
  <Kunden KundenNr="21209" KundEigtNr="22879" KundArt="8" KundStatus="1" KundAufDat="2005-07-13"/>
  <Kunden KundenNr="21210" KundEigtNr="22881" KundArt="2" KundStatus="3" KundAufDat="2005-07-14"/>
  <Kunden KundenNr="21211" KundEigtNr="22882" KundArt="8" KundStatus="3" KundAufDat="2005-07-14"/>
  <Kunden KundenNr="21212" KundEigtNr="22883" KundArt="8" KundStatus="3" KundAufDat="2005-07-14"/>
  <Kunden KundenNr="21214" KundEigtNr="22885" KundArt="8" KundStatus="1" KundAufDat="2005-07-14"/>
  <Kunden KundenNr="21215" KundEigtNr="22886" KundArt="8" KundStatus="1" KundAufDat="2005-07-14"/>
  <Kunden KundenNr="21216" KundEigtNr="22887" KundArt="8" KundStatus="3" KundAufDat="2005-07-14"/>
  <Kunden KundenNr="21217" KundEigtNr="22888" KundArt="2" KundStatus="3" KundAufDat="2005-07-14"/>
  <Kunden KundenNr="21218" KundEigtNr="22889" KundArt="2" KundStatus="1" KundAufDat="2005-07-14"/>
  <Kunden KundenNr="21219" KundEigtNr="22890" KundArt="8" KundStatus="1" KundAufDat="2005-07-14"/>
  <Kunden KundenNr="21220" KundEigtNr="22892" KundArt="8" KundStatus="3" KundAufDat="2005-07-14"/>
  <Kunden KundenNr="21221" KundEigtNr="22893" KundArt="29" KundStatus="1" KundAufDat="2005-07-14"/>
  <Kunden KundenNr="21222" KundEigtNr="22894" KundArt="2" KundStatus="3" KundAufDat="2005-07-14"/>
  <Kunden KundenNr="21223" KundEigtNr="22895" KundArt="8" KundStatus="3" KundAufDat="2005-07-15"/>
  <Kunden KundenNr="21224" KundEigtNr="22896" KundArt="2" KundStatus="3" KundAufDat="2005-07-15"/>
  <Kunden KundenNr="21225" KundEigtNr="22897" KundArt="8" KundStatus="3" KundAufDat="2005-07-15"/>
  <Kunden KundenNr="21226" KundEigtNr="22898" KundArt="29" KundStatus="1" KundAufDat="2005-07-15"/>
  <Kunden KundenNr="21227" KundEigtNr="22899" KundArt="2" KundStatus="1" KundAufDat="2005-07-15"/>
  <Kunden KundenNr="21228" KundEigtNr="22897" KundArt="2" KundStatus="3" KundAufDat="2005-07-15"/>
  <Kunden KundenNr="21229" KundEigtNr="22900" KundArt="1" KundStatus="3" KundAufDat="2005-07-15"/>
  <Kunden KundenNr="21230" KundEigtNr="22901" KundArt="29" KundStatus="1" KundAufDat="2005-07-15"/>
  <Kunden KundenNr="21231" KundEigtNr="22902" KundArt="2" KundStatus="3" KundAufDat="2005-07-15"/>
  <Kunden KundenNr="21232" KundEigtNr="22903" KundArt="8" KundStatus="3" KundAufDat="2005-07-15"/>
  <Kunden KundenNr="21233" KundEigtNr="22904" KundArt="8" KundStatus="3" KundAufDat="2005-07-15"/>
  <Kunden KundenNr="21234" KundEigtNr="22905" KundArt="2" KundStatus="3" KundAufDat="2005-07-15"/>
  <Kunden KundenNr="21235" KundEigtNr="22906" KundArt="8" KundStatus="3" KundAufDat="2005-07-18"/>
  <Kunden KundenNr="21236" KundEigtNr="22912" KundArt="8" KundStatus="3" KundAufDat="2005-07-18"/>
  <Kunden KundenNr="21237" KundEigtNr="22913" KundArt="8" KundStatus="3" KundAufDat="2005-07-18"/>
  <Kunden KundenNr="21238" KundEigtNr="22914" KundArt="8" KundStatus="3" KundAufDat="2005-07-18"/>
  <Kunden KundenNr="21239" KundEigtNr="22922" KundArt="2" KundStatus="3" KundAufDat="2005-07-18"/>
  <Kunden KundenNr="21240" KundEigtNr="22923" KundArt="8" KundStatus="3" KundAufDat="2005-07-18"/>
  <Kunden KundenNr="21241" KundEigtNr="22924" KundArt="1" KundStatus="3" KundAufDat="2005-07-18"/>
  <Kunden KundenNr="21242" KundEigtNr="22925" KundArt="1" KundStatus="3" KundAufDat="2005-07-18"/>
  <Kunden KundenNr="21243" KundEigtNr="22928" KundArt="2" KundStatus="1" KundAufDat="2005-07-19"/>
  <Kunden KundenNr="21244" KundEigtNr="22929" KundArt="8" KundStatus="3" KundAufDat="2005-07-19"/>
  <Kunden KundenNr="21245" KundEigtNr="22930" KundArt="8" KundStatus="3" KundAufDat="2005-07-19"/>
  <Kunden KundenNr="21246" KundEigtNr="22902" KundArt="1" KundStatus="1" KundAufDat="2005-07-19"/>
  <Kunden KundenNr="21247" KundEigtNr="22931" KundArt="29" KundStatus="1" KundAufDat="2005-07-19"/>
  <Kunden KundenNr="21248" KundEigtNr="19151" KundArt="29" KundStatus="1" KundAufDat="2005-07-19"/>
  <Kunden KundenNr="21249" KundEigtNr="22935" KundArt="2" KundStatus="3" KundAufDat="2005-07-19"/>
  <Kunden KundenNr="21250" KundEigtNr="22945" KundArt="8" KundStatus="3" KundAufDat="2005-07-19"/>
  <Kunden KundenNr="21251" KundEigtNr="22947" KundArt="2" KundStatus="3" KundAufDat="2005-07-19"/>
  <Kunden KundenNr="21252" KundEigtNr="22948" KundArt="2" KundStatus="3" KundAufDat="2005-07-19"/>
  <Kunden KundenNr="21253" KundEigtNr="22949" KundArt="1" KundStatus="1" KundAufDat="2005-07-19"/>
  <Kunden KundenNr="21254" KundEigtNr="22950" KundArt="2" KundStatus="3" KundAufDat="2005-07-19"/>
  <Kunden KundenNr="21255" KundEigtNr="22951" KundArt="2" KundStatus="3" KundAufDat="2005-07-19"/>
  <Kunden KundenNr="21256" KundEigtNr="22952" KundArt="8" KundStatus="3" KundAufDat="2005-07-19"/>
  <Kunden KundenNr="21257" KundEigtNr="22953" KundArt="29" KundStatus="1" KundAufDat="2005-07-19"/>
  <Kunden KundenNr="21258" KundEigtNr="17929" KundArt="1" KundStatus="1" KundAufDat="2005-07-19"/>
  <Kunden KundenNr="21259" KundEigtNr="19373" KundArt="8" KundStatus="3" KundAufDat="2005-07-19"/>
  <Kunden KundenNr="21260" KundEigtNr="22954" KundArt="8" KundStatus="3" KundAufDat="2005-07-19"/>
  <Kunden KundenNr="21261" KundEigtNr="21786" KundArt="29" KundStatus="1" KundAufDat="2005-07-19"/>
  <Kunden KundenNr="21262" KundEigtNr="22955" KundArt="8" KundStatus="1" KundAufDat="2005-07-19"/>
  <Kunden KundenNr="21263" KundEigtNr="22956" KundArt="29" KundStatus="1" KundAufDat="2005-07-19"/>
  <Kunden KundenNr="21264" KundEigtNr="22957" KundArt="2" KundStatus="1" KundAufDat="2005-07-20"/>
  <Kunden KundenNr="21265" KundEigtNr="22958" KundArt="2" KundStatus="1" KundAufDat="2005-07-20"/>
  <Kunden KundenNr="21266" KundEigtNr="21937" KundArt="29" KundStatus="1" KundAufDat="2005-07-20"/>
  <Kunden KundenNr="21267" KundEigtNr="22959" KundArt="8" KundStatus="1" KundAufDat="2005-07-20"/>
  <Kunden KundenNr="21268" KundEigtNr="22960" KundArt="8" KundStatus="3" KundAufDat="2005-07-20"/>
  <Kunden KundenNr="21269" KundEigtNr="22961" KundArt="8" KundStatus="3" KundAufDat="2005-07-20"/>
  <Kunden KundenNr="21270" KundEigtNr="15882" KundArt="8" KundStatus="1" KundAufDat="2005-07-20"/>
  <Kunden KundenNr="21271" KundEigtNr="22962" KundArt="2" KundStatus="3" KundAufDat="2005-07-20"/>
  <Kunden KundenNr="21272" KundEigtNr="22956" KundArt="29" KundStatus="1" KundAufDat="2005-07-20"/>
  <Kunden KundenNr="21273" KundEigtNr="22963" KundArt="1" KundStatus="3" KundAufDat="2005-07-20"/>
  <Kunden KundenNr="21274" KundEigtNr="22964" KundArt="2" KundStatus="3" KundAufDat="2005-07-20"/>
  <Kunden KundenNr="21275" KundEigtNr="22965" KundArt="8" KundStatus="3" KundAufDat="2005-07-20"/>
  <Kunden KundenNr="21276" KundEigtNr="22966" KundArt="8" KundStatus="3" KundAufDat="2005-07-21"/>
  <Kunden KundenNr="21277" KundEigtNr="22967" KundArt="2" KundStatus="3" KundAufDat="2005-07-21"/>
  <Kunden KundenNr="21278" KundEigtNr="22968" KundArt="2" KundStatus="3" KundAufDat="2005-07-21"/>
  <Kunden KundenNr="21279" KundEigtNr="22675" KundArt="29" KundStatus="1" KundAufDat="2005-07-21"/>
  <Kunden KundenNr="21280" KundEigtNr="22880" KundArt="29" KundStatus="1" KundAufDat="2005-07-21"/>
  <Kunden KundenNr="21281" KundEigtNr="22969" KundArt="2" KundStatus="1" KundAufDat="2005-07-21"/>
  <Kunden KundenNr="21282" KundEigtNr="22970" KundArt="8" KundStatus="3" KundAufDat="2005-07-21"/>
  <Kunden KundenNr="21283" KundEigtNr="22928" KundArt="8" KundStatus="1" KundAufDat="2005-07-21"/>
  <Kunden KundenNr="21284" KundEigtNr="22971" KundArt="2" KundStatus="1" KundAufDat="2005-07-21"/>
  <Kunden KundenNr="21285" KundEigtNr="22972" KundArt="8" KundStatus="3" KundAufDat="2005-07-21"/>
  <Kunden KundenNr="21286" KundEigtNr="22973" KundArt="29" KundStatus="1" KundAufDat="2005-07-21"/>
  <Kunden KundenNr="21287" KundEigtNr="22974" KundArt="8" KundStatus="3" KundAufDat="2005-07-21"/>
  <Kunden KundenNr="21288" KundEigtNr="22975" KundArt="29" KundStatus="1" KundAufDat="2005-07-22"/>
  <Kunden KundenNr="21289" KundEigtNr="22976" KundArt="8" KundStatus="3" KundAufDat="2005-07-22"/>
  <Kunden KundenNr="21290" KundEigtNr="22977" KundArt="8" KundStatus="3" KundAufDat="2005-07-22"/>
  <Kunden KundenNr="21291" KundEigtNr="22978" KundArt="8" KundStatus="3" KundAufDat="2005-07-22"/>
  <Kunden KundenNr="21292" KundEigtNr="22979" KundArt="8" KundStatus="3" KundAufDat="2005-07-22"/>
  <Kunden KundenNr="21293" KundEigtNr="22980" KundArt="8" KundStatus="3" KundAufDat="2005-07-22"/>
  <Kunden KundenNr="21294" KundEigtNr="3655" KundArt="8" KundStatus="3" KundAufDat="2005-07-22"/>
  <Kunden KundenNr="21295" KundEigtNr="21512" KundArt="29" KundStatus="3" KundAufDat="2005-07-22"/>
  <Kunden KundenNr="21296" KundEigtNr="22981" KundArt="2" KundStatus="1" KundAufDat="2005-07-22"/>
  <Kunden KundenNr="21297" KundEigtNr="22982" KundArt="29" KundStatus="1" KundAufDat="2005-07-22"/>
  <Kunden KundenNr="21298" KundEigtNr="22983" KundArt="1" KundStatus="3" KundAufDat="2005-07-22"/>
  <Kunden KundenNr="21299" KundEigtNr="22984" KundArt="2" KundStatus="1" KundAufDat="2005-07-22"/>
  <Kunden KundenNr="21300" KundEigtNr="22985" KundArt="1" KundStatus="1" KundAufDat="2005-07-22"/>
  <Kunden KundenNr="21301" KundEigtNr="22986" KundArt="8" KundStatus="3" KundAufDat="2005-07-25"/>
  <Kunden KundenNr="21302" KundEigtNr="22987" KundArt="1" KundStatus="3" KundAufDat="2005-07-25"/>
  <Kunden KundenNr="21303" KundEigtNr="22988" KundArt="2" KundStatus="3" KundAufDat="2005-07-25"/>
  <Kunden KundenNr="21304" KundEigtNr="22989" KundArt="2" KundStatus="1" KundAufDat="2005-07-25"/>
  <Kunden KundenNr="21305" KundEigtNr="22990" KundArt="2" KundStatus="1" KundAufDat="2005-07-25"/>
  <Kunden KundenNr="21306" KundEigtNr="22991" KundArt="29" KundStatus="1" KundAufDat="2005-07-25"/>
  <Kunden KundenNr="21307" KundEigtNr="22992" KundArt="8" KundStatus="3" KundAufDat="2005-07-25"/>
  <Kunden KundenNr="21308" KundEigtNr="22993" KundArt="2" KundStatus="3" KundAufDat="2005-07-25"/>
  <Kunden KundenNr="21309" KundEigtNr="22994" KundArt="1" KundStatus="3" KundAufDat="2005-07-25"/>
  <Kunden KundenNr="21310" KundEigtNr="22995" KundArt="2" KundStatus="3" KundAufDat="2005-07-25"/>
  <Kunden KundenNr="21311" KundEigtNr="22996" KundArt="2" KundStatus="3" KundAufDat="2005-07-25"/>
  <Kunden KundenNr="21312" KundEigtNr="22997" KundArt="2" KundStatus="1" KundAufDat="2005-07-25"/>
  <Kunden KundenNr="21313" KundEigtNr="22998" KundArt="2" KundStatus="3" KundAufDat="2005-07-26"/>
  <Kunden KundenNr="21314" KundEigtNr="22999" KundArt="2" KundStatus="3" KundAufDat="2005-07-26"/>
  <Kunden KundenNr="21315" KundEigtNr="23000" KundArt="8" KundStatus="3" KundAufDat="2005-07-26"/>
  <Kunden KundenNr="21316" KundEigtNr="23001" KundArt="29" KundStatus="1" KundAufDat="2005-07-26"/>
  <Kunden KundenNr="21317" KundEigtNr="23002" KundArt="8" KundStatus="3" KundAufDat="2005-07-26"/>
  <Kunden KundenNr="21318" KundEigtNr="23003" KundArt="2" KundStatus="3" KundAufDat="2005-07-26"/>
  <Kunden KundenNr="21319" KundEigtNr="22622" KundArt="2" KundStatus="3" KundAufDat="2005-07-26"/>
  <Kunden KundenNr="21320" KundEigtNr="23004" KundArt="2" KundStatus="3" KundAufDat="2005-07-26"/>
  <Kunden KundenNr="21321" KundEigtNr="23005" KundArt="2" KundStatus="3" KundAufDat="2005-07-26"/>
  <Kunden KundenNr="21322" KundEigtNr="23006" KundArt="2" KundStatus="1" KundAufDat="2005-07-26"/>
  <Kunden KundenNr="21323" KundEigtNr="23007" KundArt="2" KundStatus="3" KundAufDat="2005-07-26"/>
  <Kunden KundenNr="21324" KundEigtNr="23008" KundArt="2" KundStatus="1" KundAufDat="2005-07-26"/>
  <Kunden KundenNr="21325" KundEigtNr="23009" KundArt="1" KundStatus="3" KundAufDat="2005-07-26"/>
  <Kunden KundenNr="21326" KundEigtNr="23010" KundArt="2" KundStatus="1" KundAufDat="2005-07-26"/>
  <Kunden KundenNr="21327" KundEigtNr="23011" KundArt="2" KundStatus="3" KundAufDat="2005-07-26"/>
  <Kunden KundenNr="21328" KundEigtNr="23020" KundArt="2" KundStatus="1" KundAufDat="2005-07-27"/>
  <Kunden KundenNr="21329" KundEigtNr="23021" KundArt="2" KundStatus="3" KundAufDat="2005-07-27"/>
  <Kunden KundenNr="21330" KundEigtNr="23022" KundArt="2" KundStatus="1" KundAufDat="2005-07-27"/>
  <Kunden KundenNr="21331" KundEigtNr="23023" KundArt="2" KundStatus="1" KundAufDat="2005-07-27"/>
  <Kunden KundenNr="21332" KundEigtNr="23024" KundArt="2" KundStatus="1" KundAufDat="2005-07-27"/>
  <Kunden KundenNr="21333" KundEigtNr="23006" KundArt="1" KundStatus="3" KundAufDat="2005-07-27"/>
  <Kunden KundenNr="21334" KundEigtNr="23025" KundArt="2" KundStatus="1" KundAufDat="2005-07-27"/>
  <Kunden KundenNr="21335" KundEigtNr="21730" KundArt="8" KundStatus="3" KundAufDat="2005-07-27"/>
  <Kunden KundenNr="21336" KundEigtNr="23032" KundArt="2" KundStatus="3" KundAufDat="2005-07-27"/>
  <Kunden KundenNr="21337" KundEigtNr="23033" KundArt="8" KundStatus="3" KundAufDat="2005-07-27"/>
  <Kunden KundenNr="21338" KundEigtNr="22934" KundArt="29" KundStatus="1" KundAufDat="2005-07-27"/>
  <Kunden KundenNr="21339" KundEigtNr="23034" KundArt="8" KundStatus="1" KundAufDat="2005-07-27"/>
  <Kunden KundenNr="21340" KundEigtNr="23035" KundArt="2" KundStatus="3" KundAufDat="2005-07-27"/>
  <Kunden KundenNr="21341" KundEigtNr="23036" KundArt="2" KundStatus="1" KundAufDat="2005-07-27"/>
  <Kunden KundenNr="21342" KundEigtNr="23037" KundArt="8" KundStatus="1" KundAufDat="2005-07-27"/>
  <Kunden KundenNr="21343" KundEigtNr="23038" KundArt="1" KundStatus="3" KundAufDat="2005-07-27"/>
  <Kunden KundenNr="21344" KundEigtNr="23039" KundArt="2" KundStatus="1" KundAufDat="2005-07-28"/>
  <Kunden KundenNr="21345" KundEigtNr="23040" KundArt="2" KundStatus="3" KundAufDat="2005-07-28"/>
  <Kunden KundenNr="21346" KundEigtNr="22917" KundArt="29" KundStatus="1" KundAufDat="2005-07-28"/>
  <Kunden KundenNr="21347" KundEigtNr="23041" KundArt="2" KundStatus="3" KundAufDat="2005-07-29"/>
  <Kunden KundenNr="21348" KundEigtNr="23042" KundArt="29" KundStatus="1" KundAufDat="2005-07-29"/>
  <Kunden KundenNr="21349" KundEigtNr="23043" KundArt="2" KundStatus="1" KundAufDat="2005-07-29"/>
  <Kunden KundenNr="21350" KundEigtNr="23044" KundArt="8" KundStatus="3" KundAufDat="2005-07-29"/>
  <Kunden KundenNr="21351" KundEigtNr="23045" KundArt="8" KundStatus="3" KundAufDat="2005-07-29"/>
  <Kunden KundenNr="21352" KundEigtNr="23046" KundArt="2" KundStatus="3" KundAufDat="2005-07-29"/>
  <Kunden KundenNr="21353" KundEigtNr="23047" KundArt="8" KundStatus="3" KundAufDat="2005-07-29"/>
  <Kunden KundenNr="21354" KundEigtNr="23048" KundArt="2" KundStatus="3" KundAufDat="2005-07-29"/>
  <Kunden KundenNr="21355" KundEigtNr="23049" KundArt="8" KundStatus="3" KundAufDat="2005-08-01"/>
  <Kunden KundenNr="21356" KundEigtNr="23050" KundArt="8" KundStatus="3" KundAufDat="2005-08-01"/>
  <Kunden KundenNr="21357" KundEigtNr="23051" KundArt="8" KundStatus="3" KundAufDat="2005-08-01"/>
  <Kunden KundenNr="21358" KundEigtNr="23052" KundArt="8" KundStatus="3" KundAufDat="2005-08-01"/>
  <Kunden KundenNr="21359" KundEigtNr="23053" KundArt="8" KundStatus="3" KundAufDat="2005-08-01"/>
  <Kunden KundenNr="21360" KundEigtNr="23055" KundArt="8" KundStatus="1" KundAufDat="2005-08-01"/>
  <Kunden KundenNr="21361" KundEigtNr="23056" KundArt="2" KundStatus="3" KundAufDat="2005-08-01"/>
  <Kunden KundenNr="21362" KundEigtNr="23057" KundArt="8" KundStatus="1" KundAufDat="2005-08-01"/>
  <Kunden KundenNr="21363" KundEigtNr="23058" KundArt="8" KundStatus="3" KundAufDat="2005-08-01"/>
  <Kunden KundenNr="21364" KundEigtNr="23059" KundArt="8" KundStatus="3" KundAufDat="2005-08-01"/>
  <Kunden KundenNr="21365" KundEigtNr="23060" KundArt="2" KundStatus="3" KundAufDat="2005-08-01"/>
  <Kunden KundenNr="21366" KundEigtNr="23061" KundArt="8" KundStatus="3" KundAufDat="2005-08-02"/>
  <Kunden KundenNr="21367" KundEigtNr="23062" KundArt="2" KundStatus="3" KundAufDat="2005-08-02"/>
  <Kunden KundenNr="21368" KundEigtNr="23063" KundArt="8" KundStatus="3" KundAufDat="2005-08-02"/>
  <Kunden KundenNr="21369" KundEigtNr="23064" KundArt="2" KundStatus="1" KundAufDat="2005-08-02"/>
  <Kunden KundenNr="21370" KundEigtNr="23065" KundArt="2" KundStatus="3" KundAufDat="2005-08-02"/>
  <Kunden KundenNr="21371" KundEigtNr="22920" KundArt="29" KundStatus="1" KundAufDat="2005-08-02"/>
  <Kunden KundenNr="21372" KundEigtNr="22752" KundArt="8" KundStatus="3" KundAufDat="2005-08-02"/>
  <Kunden KundenNr="21373" KundEigtNr="22489" KundArt="2" KundStatus="1" KundAufDat="2005-08-02"/>
  <Kunden KundenNr="21374" KundEigtNr="23066" KundArt="8" KundStatus="3" KundAufDat="2005-08-02"/>
  <Kunden KundenNr="21375" KundEigtNr="23067" KundArt="8" KundStatus="1" KundAufDat="2005-08-02"/>
  <Kunden KundenNr="21376" KundEigtNr="23070" KundArt="1" KundStatus="1" KundAufDat="2005-08-02"/>
  <Kunden KundenNr="21377" KundEigtNr="23071" KundArt="2" KundStatus="1" KundAufDat="2005-08-03"/>
  <Kunden KundenNr="21378" KundEigtNr="23072" KundArt="2" KundStatus="3" KundAufDat="2005-08-03"/>
  <Kunden KundenNr="21379" KundEigtNr="23073" KundArt="8" KundStatus="3" KundAufDat="2005-08-03"/>
  <Kunden KundenNr="21380" KundEigtNr="23074" KundArt="2" KundStatus="3" KundAufDat="2005-08-03"/>
  <Kunden KundenNr="21381" KundEigtNr="23075" KundArt="2" KundStatus="3" KundAufDat="2005-08-03"/>
  <Kunden KundenNr="21382" KundEigtNr="23076" KundArt="2" KundStatus="3" KundAufDat="2005-08-03"/>
  <Kunden KundenNr="21383" KundEigtNr="23077" KundArt="2" KundStatus="3" KundAufDat="2005-08-03"/>
  <Kunden KundenNr="21384" KundEigtNr="23078" KundArt="2" KundStatus="1" KundAufDat="2005-08-03"/>
  <Kunden KundenNr="21385" KundEigtNr="23079" KundArt="2" KundStatus="3" KundAufDat="2005-08-03"/>
  <Kunden KundenNr="21386" KundEigtNr="23080" KundArt="1" KundStatus="3" KundAufDat="2005-08-04"/>
  <Kunden KundenNr="21387" KundEigtNr="23081" KundArt="2" KundStatus="3" KundAufDat="2005-08-04"/>
  <Kunden KundenNr="21388" KundEigtNr="23082" KundArt="8" KundStatus="3" KundAufDat="2005-08-04"/>
  <Kunden KundenNr="21389" KundEigtNr="23083" KundArt="2" KundStatus="3" KundAufDat="2005-08-04"/>
  <Kunden KundenNr="21390" KundEigtNr="23084" KundArt="8" KundStatus="3" KundAufDat="2005-08-04"/>
  <Kunden KundenNr="21391" KundEigtNr="23085" KundArt="2" KundStatus="3" KundAufDat="2005-08-04"/>
  <Kunden KundenNr="21392" KundEigtNr="23086" KundArt="8" KundStatus="3" KundAufDat="2005-08-04"/>
  <Kunden KundenNr="21393" KundEigtNr="23087" KundArt="2" KundStatus="3" KundAufDat="2005-08-04"/>
  <Kunden KundenNr="21394" KundEigtNr="23088" KundArt="2" KundStatus="3" KundAufDat="2005-08-04"/>
  <Kunden KundenNr="21395" KundEigtNr="23089" KundArt="2" KundStatus="1" KundAufDat="2005-08-04"/>
  <Kunden KundenNr="21396" KundEigtNr="23090" KundArt="8" KundStatus="3" KundAufDat="2005-08-04"/>
  <Kunden KundenNr="21397" KundEigtNr="23091" KundArt="8" KundStatus="1" KundAufDat="2005-08-04"/>
  <Kunden KundenNr="21398" KundEigtNr="23092" KundArt="2" KundStatus="3" KundAufDat="2005-08-04"/>
  <Kunden KundenNr="21399" KundEigtNr="23093" KundArt="8" KundStatus="3" KundAufDat="2005-08-04"/>
  <Kunden KundenNr="21400" KundEigtNr="23094" KundArt="2" KundStatus="3" KundAufDat="2005-08-04"/>
  <Kunden KundenNr="21401" KundEigtNr="23095" KundArt="8" KundStatus="3" KundAufDat="2005-08-04"/>
  <Kunden KundenNr="21402" KundEigtNr="23096" KundArt="2" KundStatus="1" KundAufDat="2005-08-05"/>
  <Kunden KundenNr="21403" KundEigtNr="23097" KundArt="2" KundStatus="3" KundAufDat="2005-08-05"/>
  <Kunden KundenNr="21404" KundEigtNr="23098" KundArt="2" KundStatus="3" KundAufDat="2005-08-05"/>
  <Kunden KundenNr="21405" KundEigtNr="23099" KundArt="29" KundStatus="1" KundAufDat="2005-08-05"/>
  <Kunden KundenNr="21406" KundEigtNr="23026" KundArt="29" KundStatus="1" KundAufDat="2005-08-05"/>
  <Kunden KundenNr="21407" KundEigtNr="22916" KundArt="29" KundStatus="1" KundAufDat="2005-08-05"/>
  <Kunden KundenNr="21408" KundEigtNr="23100" KundArt="2" KundStatus="3" KundAufDat="2005-08-05"/>
  <Kunden KundenNr="21409" KundEigtNr="23102" KundArt="2" KundStatus="3" KundAufDat="2005-08-05"/>
  <Kunden KundenNr="21410" KundEigtNr="23103" KundArt="1" KundStatus="1" KundAufDat="2005-08-05"/>
  <Kunden KundenNr="21411" KundEigtNr="23104" KundArt="1" KundStatus="3" KundAufDat="2005-08-05"/>
  <Kunden KundenNr="21412" KundEigtNr="23105" KundArt="1" KundStatus="1" KundAufDat="2005-08-05"/>
  <Kunden KundenNr="21413" KundEigtNr="23106" KundArt="8" KundStatus="3" KundAufDat="2005-08-08"/>
  <Kunden KundenNr="21414" KundEigtNr="23107" KundArt="8" KundStatus="3" KundAufDat="2005-08-08"/>
  <Kunden KundenNr="21415" KundEigtNr="23108" KundArt="2" KundStatus="3" KundAufDat="2005-08-08"/>
  <Kunden KundenNr="21416" KundEigtNr="23109" KundArt="8" KundStatus="3" KundAufDat="2005-08-08"/>
  <Kunden KundenNr="21417" KundEigtNr="23110" KundArt="8" KundStatus="3" KundAufDat="2005-08-08"/>
  <Kunden KundenNr="21418" KundEigtNr="23111" KundArt="8" KundStatus="3" KundAufDat="2005-08-08"/>
  <Kunden KundenNr="21419" KundEigtNr="15820" KundArt="8" KundStatus="3" KundAufDat="2005-08-08"/>
  <Kunden KundenNr="21420" KundEigtNr="23112" KundArt="2" KundStatus="3" KundAufDat="2005-08-08"/>
  <Kunden KundenNr="21421" KundEigtNr="23113" KundArt="2" KundStatus="3" KundAufDat="2005-08-08"/>
  <Kunden KundenNr="21422" KundEigtNr="23114" KundArt="2" KundStatus="3" KundAufDat="2005-08-08"/>
  <Kunden KundenNr="21423" KundEigtNr="23115" KundArt="8" KundStatus="1" KundAufDat="2005-08-08"/>
  <Kunden KundenNr="21424" KundEigtNr="23116" KundArt="8" KundStatus="3" KundAufDat="2005-08-08"/>
  <Kunden KundenNr="21425" KundEigtNr="23117" KundArt="2" KundStatus="3" KundAufDat="2005-08-08"/>
  <Kunden KundenNr="21426" KundEigtNr="23118" KundArt="2" KundStatus="3" KundAufDat="2005-08-08"/>
  <Kunden KundenNr="21427" KundEigtNr="23119" KundArt="2" KundStatus="1" KundAufDat="2005-08-08"/>
  <Kunden KundenNr="21428" KundEigtNr="23120" KundArt="2" KundStatus="1" KundAufDat="2005-08-08"/>
  <Kunden KundenNr="21429" KundEigtNr="23121" KundArt="2" KundStatus="3" KundAufDat="2005-08-08"/>
  <Kunden KundenNr="21430" KundEigtNr="23122" KundArt="2" KundStatus="3" KundAufDat="2005-08-08"/>
  <Kunden KundenNr="21431" KundEigtNr="23123" KundArt="29" KundStatus="1" KundAufDat="2005-08-08"/>
  <Kunden KundenNr="21432" KundEigtNr="23124" KundArt="2" KundStatus="1" KundAufDat="2005-08-09"/>
  <Kunden KundenNr="21433" KundEigtNr="23125" KundArt="8" KundStatus="1" KundAufDat="2005-08-09"/>
  <Kunden KundenNr="21434" KundEigtNr="23126" KundArt="8" KundStatus="1" KundAufDat="2005-08-09"/>
  <Kunden KundenNr="21435" KundEigtNr="20322" KundArt="8" KundStatus="3" KundAufDat="2005-08-09"/>
  <Kunden KundenNr="21436" KundEigtNr="23128" KundArt="8" KundStatus="3" KundAufDat="2005-08-09"/>
  <Kunden KundenNr="21437" KundEigtNr="23129" KundArt="2" KundStatus="3" KundAufDat="2005-08-09"/>
  <Kunden KundenNr="21438" KundEigtNr="23135" KundArt="2" KundStatus="3" KundAufDat="2005-08-09"/>
  <Kunden KundenNr="21439" KundEigtNr="23136" KundArt="2" KundStatus="1" KundAufDat="2005-08-09"/>
  <Kunden KundenNr="21440" KundEigtNr="23137" KundArt="2" KundStatus="3" KundAufDat="2005-08-09"/>
  <Kunden KundenNr="21441" KundEigtNr="23138" KundArt="2" KundStatus="3" KundAufDat="2005-08-09"/>
  <Kunden KundenNr="21442" KundEigtNr="23139" KundArt="2" KundStatus="3" KundAufDat="2005-08-09"/>
  <Kunden KundenNr="21443" KundEigtNr="23140" KundArt="2" KundStatus="3" KundAufDat="2005-08-10"/>
  <Kunden KundenNr="21444" KundEigtNr="22825" KundArt="2" KundStatus="3" KundAufDat="2005-08-10"/>
  <Kunden KundenNr="21445" KundEigtNr="23085" KundArt="29" KundStatus="1" KundAufDat="2005-08-10"/>
  <Kunden KundenNr="21446" KundEigtNr="23141" KundArt="8" KundStatus="3" KundAufDat="2005-08-10"/>
  <Kunden KundenNr="21447" KundEigtNr="22368" KundArt="2" KundStatus="3" KundAufDat="2005-08-10"/>
  <Kunden KundenNr="21448" KundEigtNr="23142" KundArt="2" KundStatus="3" KundAufDat="2005-08-10"/>
  <Kunden KundenNr="21449" KundEigtNr="23143" KundArt="8" KundStatus="3" KundAufDat="2005-08-10"/>
  <Kunden KundenNr="21450" KundEigtNr="23144" KundArt="8" KundStatus="3" KundAufDat="2005-08-10"/>
  <Kunden KundenNr="21451" KundEigtNr="23145" KundArt="2" KundStatus="3" KundAufDat="2005-08-10"/>
  <Kunden KundenNr="21452" KundEigtNr="23149" KundArt="2" KundStatus="3" KundAufDat="2005-08-11"/>
  <Kunden KundenNr="21453" KundEigtNr="23152" KundArt="2" KundStatus="3" KundAufDat="2005-08-11"/>
  <Kunden KundenNr="21454" KundEigtNr="23154" KundArt="2" KundStatus="3" KundAufDat="2005-08-11"/>
  <Kunden KundenNr="21455" KundEigtNr="23156" KundArt="2" KundStatus="3" KundAufDat="2005-08-11"/>
  <Kunden KundenNr="21456" KundEigtNr="23158" KundArt="8" KundStatus="3" KundAufDat="2005-08-11"/>
  <Kunden KundenNr="21457" KundEigtNr="23163" KundArt="2" KundStatus="3" KundAufDat="2005-08-11"/>
  <Kunden KundenNr="21458" KundEigtNr="23109" KundArt="2" KundStatus="3" KundAufDat="2005-08-11"/>
  <Kunden KundenNr="21459" KundEigtNr="23164" KundArt="2" KundStatus="3" KundAufDat="2005-08-11"/>
  <Kunden KundenNr="21460" KundEigtNr="23165" KundArt="8" KundStatus="1" KundAufDat="2005-08-11"/>
  <Kunden KundenNr="21461" KundEigtNr="23166" KundArt="2" KundStatus="1" KundAufDat="2005-08-11"/>
  <Kunden KundenNr="21462" KundEigtNr="26141" KundArt="2" KundStatus="1" KundAufDat="2005-08-12"/>
  <Kunden KundenNr="21463" KundEigtNr="22911" KundArt="29" KundStatus="1" KundAufDat="2005-08-12"/>
  <Kunden KundenNr="21464" KundEigtNr="22998" KundArt="8" KundStatus="3" KundAufDat="2005-08-12"/>
  <Kunden KundenNr="21465" KundEigtNr="23168" KundArt="8" KundStatus="3" KundAufDat="2005-08-12"/>
  <Kunden KundenNr="21466" KundEigtNr="23169" KundArt="2" KundStatus="1" KundAufDat="2005-08-12"/>
  <Kunden KundenNr="21467" KundEigtNr="23170" KundArt="8" KundStatus="3" KundAufDat="2005-08-12"/>
  <Kunden KundenNr="21468" KundEigtNr="23171" KundArt="2" KundStatus="3" KundAufDat="2005-08-12"/>
  <Kunden KundenNr="21469" KundEigtNr="23172" KundArt="2" KundStatus="3" KundAufDat="2005-08-12"/>
  <Kunden KundenNr="21470" KundEigtNr="23173" KundArt="2" KundStatus="1" KundAufDat="2005-08-12"/>
  <Kunden KundenNr="21472" KundEigtNr="23175" KundArt="2" KundStatus="1" KundAufDat="2005-08-13"/>
  <Kunden KundenNr="21473" KundEigtNr="23176" KundArt="8" KundStatus="3" KundAufDat="2005-08-15"/>
  <Kunden KundenNr="21474" KundEigtNr="23177" KundArt="8" KundStatus="3" KundAufDat="2005-08-15"/>
  <Kunden KundenNr="21475" KundEigtNr="23178" KundArt="2" KundStatus="1" KundAufDat="2005-08-15"/>
  <Kunden KundenNr="21476" KundEigtNr="20421" KundArt="29" KundStatus="1" KundAufDat="2005-08-15"/>
  <Kunden KundenNr="21477" KundEigtNr="23179" KundArt="8" KundStatus="1" KundAufDat="2005-08-15"/>
  <Kunden KundenNr="21478" KundEigtNr="23180" KundArt="8" KundStatus="3" KundAufDat="2005-08-15"/>
  <Kunden KundenNr="21479" KundEigtNr="23181" KundArt="2" KundStatus="1" KundAufDat="2005-08-15"/>
  <Kunden KundenNr="21480" KundEigtNr="23182" KundArt="8" KundStatus="3" KundAufDat="2005-08-15"/>
  <Kunden KundenNr="21481" KundEigtNr="23183" KundArt="2" KundStatus="1" KundAufDat="2005-08-15"/>
  <Kunden KundenNr="21482" KundEigtNr="23184" KundArt="2" KundStatus="3" KundAufDat="2005-08-16"/>
  <Kunden KundenNr="21483" KundEigtNr="23185" KundArt="8" KundStatus="3" KundAufDat="2005-08-16"/>
  <Kunden KundenNr="21484" KundEigtNr="23186" KundArt="8" KundStatus="3" KundAufDat="2005-08-16"/>
  <Kunden KundenNr="21485" KundEigtNr="23187" KundArt="8" KundStatus="3" KundAufDat="2005-08-16"/>
  <Kunden KundenNr="21486" KundEigtNr="23188" KundArt="2" KundStatus="1" KundAufDat="2005-08-16"/>
  <Kunden KundenNr="21487" KundEigtNr="23189" KundArt="2" KundStatus="3" KundAufDat="2005-08-16"/>
  <Kunden KundenNr="21488" KundEigtNr="23190" KundArt="2" KundStatus="1" KundAufDat="2005-08-16"/>
  <Kunden KundenNr="21489" KundEigtNr="22907" KundArt="29" KundStatus="1" KundAufDat="2005-08-16"/>
  <Kunden KundenNr="21490" KundEigtNr="23191" KundArt="29" KundStatus="1" KundAufDat="2005-08-16"/>
  <Kunden KundenNr="21491" KundEigtNr="23192" KundArt="2" KundStatus="3" KundAufDat="2005-08-16"/>
  <Kunden KundenNr="21492" KundEigtNr="23193" KundArt="8" KundStatus="1" KundAufDat="2005-08-16"/>
  <Kunden KundenNr="21493" KundEigtNr="22769" KundArt="29" KundStatus="1" KundAufDat="2005-08-16"/>
  <Kunden KundenNr="21494" KundEigtNr="23198" KundArt="2" KundStatus="3" KundAufDat="2005-08-17"/>
  <Kunden KundenNr="21495" KundEigtNr="23199" KundArt="2" KundStatus="3" KundAufDat="2005-08-17"/>
  <Kunden KundenNr="21496" KundEigtNr="23200" KundArt="8" KundStatus="3" KundAufDat="2005-08-17"/>
  <Kunden KundenNr="21497" KundEigtNr="23076" KundArt="8" KundStatus="1" KundAufDat="2005-08-17"/>
  <Kunden KundenNr="21498" KundEigtNr="23201" KundArt="2" KundStatus="3" KundAufDat="2005-08-17"/>
  <Kunden KundenNr="21499" KundEigtNr="23202" KundArt="8" KundStatus="3" KundAufDat="2005-08-17"/>
  <Kunden KundenNr="21500" KundEigtNr="23203" KundArt="2" KundStatus="1" KundAufDat="2005-08-17"/>
  <Kunden KundenNr="21501" KundEigtNr="23204" KundArt="2" KundStatus="1" KundAufDat="2005-08-18"/>
  <Kunden KundenNr="21502" KundEigtNr="23205" KundArt="8" KundStatus="1" KundAufDat="2005-08-18"/>
  <Kunden KundenNr="21503" KundEigtNr="23206" KundArt="8" KundStatus="3" KundAufDat="2005-08-18"/>
  <Kunden KundenNr="21504" KundEigtNr="23207" KundArt="8" KundStatus="3" KundAufDat="2005-08-18"/>
  <Kunden KundenNr="21505" KundEigtNr="23208" KundArt="2" KundStatus="1" KundAufDat="2005-08-19"/>
  <Kunden KundenNr="21506" KundEigtNr="23209" KundArt="2" KundStatus="1" KundAufDat="2005-08-19"/>
  <Kunden KundenNr="21507" KundEigtNr="23210" KundArt="2" KundStatus="3" KundAufDat="2005-08-19"/>
  <Kunden KundenNr="21508" KundEigtNr="23211" KundArt="2" KundStatus="3" KundAufDat="2005-08-19"/>
  <Kunden KundenNr="21509" KundEigtNr="20883" KundArt="8" KundStatus="3" KundAufDat="2005-08-19"/>
  <Kunden KundenNr="21510" KundEigtNr="23212" KundArt="8" KundStatus="3" KundAufDat="2005-08-19"/>
  <Kunden KundenNr="21511" KundEigtNr="23213" KundArt="2" KundStatus="3" KundAufDat="2005-08-19"/>
  <Kunden KundenNr="21512" KundEigtNr="23214" KundArt="8" KundStatus="3" KundAufDat="2005-08-22"/>
  <Kunden KundenNr="21513" KundEigtNr="23215" KundArt="8" KundStatus="3" KundAufDat="2005-08-22"/>
  <Kunden KundenNr="21514" KundEigtNr="23216" KundArt="8" KundStatus="3" KundAufDat="2005-08-22"/>
  <Kunden KundenNr="21515" KundEigtNr="23217" KundArt="8" KundStatus="3" KundAufDat="2005-08-22"/>
  <Kunden KundenNr="21516" KundEigtNr="23218" KundArt="8" KundStatus="3" KundAufDat="2005-08-22"/>
  <Kunden KundenNr="21517" KundEigtNr="23219" KundArt="29" KundStatus="1" KundAufDat="2005-08-22"/>
  <Kunden KundenNr="21518" KundEigtNr="15113" KundArt="2" KundStatus="3" KundAufDat="2005-08-22"/>
  <Kunden KundenNr="21519" KundEigtNr="23220" KundArt="8" KundStatus="3" KundAufDat="2005-08-22"/>
  <Kunden KundenNr="21520" KundEigtNr="23221" KundArt="8" KundStatus="3" KundAufDat="2005-08-22"/>
  <Kunden KundenNr="21521" KundEigtNr="23222" KundArt="8" KundStatus="3" KundAufDat="2005-08-22"/>
  <Kunden KundenNr="21522" KundEigtNr="23223" KundArt="8" KundStatus="3" KundAufDat="2005-08-22"/>
  <Kunden KundenNr="21523" KundEigtNr="23224" KundArt="8" KundStatus="3" KundAufDat="2005-08-23"/>
  <Kunden KundenNr="21524" KundEigtNr="23225" KundArt="2" KundStatus="1" KundAufDat="2005-08-23"/>
  <Kunden KundenNr="21525" KundEigtNr="23226" KundArt="2" KundStatus="1" KundAufDat="2005-08-23"/>
  <Kunden KundenNr="21526" KundEigtNr="23231" KundArt="2" KundStatus="3" KundAufDat="2005-08-23"/>
  <Kunden KundenNr="21527" KundEigtNr="23233" KundArt="8" KundStatus="3" KundAufDat="2005-08-23"/>
  <Kunden KundenNr="21528" KundEigtNr="23235" KundArt="8" KundStatus="3" KundAufDat="2005-08-23"/>
  <Kunden KundenNr="21529" KundEigtNr="23238" KundArt="29" KundStatus="1" KundAufDat="2005-08-23"/>
  <Kunden KundenNr="21530" KundEigtNr="23240" KundArt="8" KundStatus="3" KundAufDat="2005-08-23"/>
  <Kunden KundenNr="21531" KundEigtNr="23241" KundArt="2" KundStatus="3" KundAufDat="2005-08-23"/>
  <Kunden KundenNr="21532" KundEigtNr="23242" KundArt="8" KundStatus="3" KundAufDat="2005-08-23"/>
  <Kunden KundenNr="21533" KundEigtNr="23243" KundArt="2" KundStatus="3" KundAufDat="2005-08-23"/>
  <Kunden KundenNr="21534" KundEigtNr="23244" KundArt="8" KundStatus="3" KundAufDat="2005-08-23"/>
  <Kunden KundenNr="21535" KundEigtNr="23245" KundArt="8" KundStatus="1" KundAufDat="2005-08-23"/>
  <Kunden KundenNr="21536" KundEigtNr="23246" KundArt="2" KundStatus="3" KundAufDat="2005-08-23"/>
  <Kunden KundenNr="21537" KundEigtNr="23247" KundArt="8" KundStatus="1" KundAufDat="2005-08-24"/>
  <Kunden KundenNr="21538" KundEigtNr="23147" KundArt="29" KundStatus="1" KundAufDat="2005-08-24"/>
  <Kunden KundenNr="21539" KundEigtNr="23157" KundArt="29" KundStatus="1" KundAufDat="2005-08-24"/>
  <Kunden KundenNr="21540" KundEigtNr="23248" KundArt="29" KundStatus="1" KundAufDat="2005-08-24"/>
  <Kunden KundenNr="21541" KundEigtNr="23249" KundArt="2" KundStatus="1" KundAufDat="2005-08-24"/>
  <Kunden KundenNr="21542" KundEigtNr="23250" KundArt="8" KundStatus="3" KundAufDat="2005-08-24"/>
  <Kunden KundenNr="21543" KundEigtNr="23251" KundArt="8" KundStatus="3" KundAufDat="2005-08-24"/>
  <Kunden KundenNr="21544" KundEigtNr="22757" KundArt="29" KundStatus="1" KundAufDat="2005-08-24"/>
  <Kunden KundenNr="21545" KundEigtNr="23252" KundArt="29" KundStatus="1" KundAufDat="2005-08-24"/>
  <Kunden KundenNr="21546" KundEigtNr="23253" KundArt="8" KundStatus="3" KundAufDat="2005-08-24"/>
  <Kunden KundenNr="21547" KundEigtNr="23254" KundArt="2" KundStatus="3" KundAufDat="2005-08-25"/>
  <Kunden KundenNr="21548" KundEigtNr="23255" KundArt="2" KundStatus="3" KundAufDat="2005-08-25"/>
  <Kunden KundenNr="21549" KundEigtNr="23256" KundArt="2" KundStatus="3" KundAufDat="2005-08-25"/>
  <Kunden KundenNr="21550" KundEigtNr="23257" KundArt="2" KundStatus="3" KundAufDat="2005-08-25"/>
  <Kunden KundenNr="21551" KundEigtNr="23261" KundArt="1" KundStatus="1" KundAufDat="2005-08-25"/>
  <Kunden KundenNr="21552" KundEigtNr="23262" KundArt="2" KundStatus="3" KundAufDat="2005-08-25"/>
  <Kunden KundenNr="21553" KundEigtNr="23263" KundArt="1" KundStatus="3" KundAufDat="2005-08-25"/>
  <Kunden KundenNr="21554" KundEigtNr="23264" KundArt="1" KundStatus="3" KundAufDat="2005-08-25"/>
  <Kunden KundenNr="21555" KundEigtNr="23265" KundArt="2" KundStatus="3" KundAufDat="2005-08-25"/>
  <Kunden KundenNr="21556" KundEigtNr="23266" KundArt="2" KundStatus="3" KundAufDat="2005-08-25"/>
  <Kunden KundenNr="21557" KundEigtNr="23267" KundArt="2" KundStatus="3" KundAufDat="2005-08-25"/>
  <Kunden KundenNr="21558" KundEigtNr="23268" KundArt="1" KundStatus="3" KundAufDat="2005-08-25"/>
  <Kunden KundenNr="21559" KundEigtNr="23150" KundArt="29" KundStatus="1" KundAufDat="2005-08-25"/>
  <Kunden KundenNr="21560" KundEigtNr="23269" KundArt="2" KundStatus="3" KundAufDat="2005-08-26"/>
  <Kunden KundenNr="21561" KundEigtNr="23270" KundArt="29" KundStatus="1" KundAufDat="2005-08-26"/>
  <Kunden KundenNr="21562" KundEigtNr="23159" KundArt="29" KundStatus="1" KundAufDat="2005-08-26"/>
  <Kunden KundenNr="21563" KundEigtNr="23271" KundArt="2" KundStatus="3" KundAufDat="2005-08-26"/>
  <Kunden KundenNr="21564" KundEigtNr="23272" KundArt="2" KundStatus="3" KundAufDat="2005-08-26"/>
  <Kunden KundenNr="21565" KundEigtNr="23273" KundArt="2" KundStatus="3" KundAufDat="2005-08-26"/>
  <Kunden KundenNr="21566" KundEigtNr="23274" KundArt="2" KundStatus="3" KundAufDat="2005-08-29"/>
  <Kunden KundenNr="21567" KundEigtNr="23275" KundArt="2" KundStatus="3" KundAufDat="2005-08-29"/>
  <Kunden KundenNr="21568" KundEigtNr="23276" KundArt="2" KundStatus="3" KundAufDat="2005-08-29"/>
  <Kunden KundenNr="21569" KundEigtNr="23277" KundArt="2" KundStatus="3" KundAufDat="2005-08-29"/>
  <Kunden KundenNr="21570" KundEigtNr="23278" KundArt="2" KundStatus="3" KundAufDat="2005-08-29"/>
  <Kunden KundenNr="21571" KundEigtNr="23279" KundArt="2" KundStatus="3" KundAufDat="2005-08-29"/>
  <Kunden KundenNr="21572" KundEigtNr="23280" KundArt="2" KundStatus="3" KundAufDat="2005-08-29"/>
  <Kunden KundenNr="21573" KundEigtNr="23281" KundArt="2" KundStatus="1" KundAufDat="2005-08-29"/>
  <Kunden KundenNr="21574" KundEigtNr="23282" KundArt="2" KundStatus="3" KundAufDat="2005-08-29"/>
  <Kunden KundenNr="21575" KundEigtNr="23283" KundArt="2" KundStatus="3" KundAufDat="2005-08-29"/>
  <Kunden KundenNr="21576" KundEigtNr="23284" KundArt="8" KundStatus="3" KundAufDat="2005-08-29"/>
  <Kunden KundenNr="21577" KundEigtNr="23285" KundArt="2" KundStatus="3" KundAufDat="2005-08-29"/>
  <Kunden KundenNr="21578" KundEigtNr="23286" KundArt="29" KundStatus="1" KundAufDat="2005-08-29"/>
  <Kunden KundenNr="21579" KundEigtNr="23288" KundArt="8" KundStatus="1" KundAufDat="2005-08-29"/>
  <Kunden KundenNr="21580" KundEigtNr="23289" KundArt="2" KundStatus="3" KundAufDat="2005-08-29"/>
  <Kunden KundenNr="21581" KundEigtNr="23291" KundArt="2" KundStatus="3" KundAufDat="2005-08-29"/>
  <Kunden KundenNr="21582" KundEigtNr="23292" KundArt="2" KundStatus="3" KundAufDat="2005-08-29"/>
  <Kunden KundenNr="21583" KundEigtNr="23293" KundArt="8" KundStatus="1" KundAufDat="2005-08-30"/>
  <Kunden KundenNr="21584" KundEigtNr="23294" KundArt="8" KundStatus="3" KundAufDat="2005-08-30"/>
  <Kunden KundenNr="21585" KundEigtNr="23295" KundArt="8" KundStatus="3" KundAufDat="2005-08-30"/>
  <Kunden KundenNr="21586" KundEigtNr="23296" KundArt="2" KundStatus="1" KundAufDat="2005-08-30"/>
  <Kunden KundenNr="21587" KundEigtNr="6583" KundArt="1" KundStatus="1" KundAufDat="2005-08-30"/>
  <Kunden KundenNr="21588" KundEigtNr="23297" KundArt="1" KundStatus="1" KundAufDat="2005-08-30"/>
  <Kunden KundenNr="21589" KundEigtNr="23298" KundArt="2" KundStatus="3" KundAufDat="2005-08-30"/>
  <Kunden KundenNr="21590" KundEigtNr="23300" KundArt="8" KundStatus="3" KundAufDat="2005-08-30"/>
  <Kunden KundenNr="21591" KundEigtNr="23260" KundArt="29" KundStatus="1" KundAufDat="2005-08-30"/>
  <Kunden KundenNr="21592" KundEigtNr="23308" KundArt="2" KundStatus="3" KundAufDat="2005-08-31"/>
  <Kunden KundenNr="21593" KundEigtNr="23309" KundArt="2" KundStatus="3" KundAufDat="2005-08-31"/>
  <Kunden KundenNr="21594" KundEigtNr="23310" KundArt="8" KundStatus="3" KundAufDat="2005-08-31"/>
  <Kunden KundenNr="21595" KundEigtNr="23311" KundArt="2" KundStatus="3" KundAufDat="2005-08-31"/>
  <Kunden KundenNr="21596" KundEigtNr="23312" KundArt="8" KundStatus="3" KundAufDat="2005-08-31"/>
  <Kunden KundenNr="21597" KundEigtNr="23313" KundArt="8" KundStatus="3" KundAufDat="2005-08-31"/>
  <Kunden KundenNr="21598" KundEigtNr="23293" KundArt="1" KundStatus="3" KundAufDat="2005-08-31"/>
  <Kunden KundenNr="21599" KundEigtNr="23314" KundArt="1" KundStatus="3" KundAufDat="2005-08-31"/>
  <Kunden KundenNr="21600" KundEigtNr="7668" KundArt="29" KundStatus="1" KundAufDat="2005-08-31"/>
  <Kunden KundenNr="21601" KundEigtNr="23318" KundArt="8" KundStatus="3" KundAufDat="2005-09-01"/>
  <Kunden KundenNr="21602" KundEigtNr="23319" KundArt="8" KundStatus="3" KundAufDat="2005-09-01"/>
  <Kunden KundenNr="21603" KundEigtNr="23320" KundArt="8" KundStatus="1" KundAufDat="2005-09-01"/>
  <Kunden KundenNr="21604" KundEigtNr="23321" KundArt="2" KundStatus="3" KundAufDat="2005-09-01"/>
  <Kunden KundenNr="21605" KundEigtNr="23322" KundArt="8" KundStatus="3" KundAufDat="2005-09-01"/>
  <Kunden KundenNr="21606" KundEigtNr="23323" KundArt="2" KundStatus="1" KundAufDat="2005-09-01"/>
  <Kunden KundenNr="21607" KundEigtNr="23324" KundArt="8" KundStatus="1" KundAufDat="2005-09-01"/>
  <Kunden KundenNr="21608" KundEigtNr="23325" KundArt="2" KundStatus="3" KundAufDat="2005-09-01"/>
  <Kunden KundenNr="21609" KundEigtNr="22932" KundArt="29" KundStatus="1" KundAufDat="2005-09-01"/>
  <Kunden KundenNr="21610" KundEigtNr="23326" KundArt="2" KundStatus="3" KundAufDat="2005-09-01"/>
  <Kunden KundenNr="21611" KundEigtNr="19940" KundArt="8" KundStatus="1" KundAufDat="2005-09-01"/>
  <Kunden KundenNr="21612" KundEigtNr="23327" KundArt="8" KundStatus="3" KundAufDat="2005-09-01"/>
  <Kunden KundenNr="21613" KundEigtNr="23328" KundArt="2" KundStatus="1" KundAufDat="2005-09-01"/>
  <Kunden KundenNr="21614" KundEigtNr="23329" KundArt="2" KundStatus="3" KundAufDat="2005-09-01"/>
  <Kunden KundenNr="21615" KundEigtNr="23330" KundArt="1" KundStatus="3" KundAufDat="2005-09-01"/>
  <Kunden KundenNr="21616" KundEigtNr="23331" KundArt="29" KundStatus="1" KundAufDat="2005-09-02"/>
  <Kunden KundenNr="21617" KundEigtNr="23332" KundArt="2" KundStatus="3" KundAufDat="2005-09-02"/>
  <Kunden KundenNr="21618" KundEigtNr="23333" KundArt="8" KundStatus="3" KundAufDat="2005-09-02"/>
  <Kunden KundenNr="21619" KundEigtNr="23334" KundArt="2" KundStatus="1" KundAufDat="2005-09-02"/>
  <Kunden KundenNr="21620" KundEigtNr="23335" KundArt="29" KundStatus="1" KundAufDat="2005-09-02"/>
  <Kunden KundenNr="21621" KundEigtNr="23336" KundArt="2" KundStatus="3" KundAufDat="2005-09-02"/>
  <Kunden KundenNr="21622" KundEigtNr="23337" KundArt="1" KundStatus="3" KundAufDat="2005-09-02"/>
  <Kunden KundenNr="21623" KundEigtNr="23338" KundArt="8" KundStatus="1" KundAufDat="2005-09-02"/>
  <Kunden KundenNr="21624" KundEigtNr="23339" KundArt="2" KundStatus="1" KundAufDat="2005-09-02"/>
  <Kunden KundenNr="21625" KundEigtNr="23340" KundArt="2" KundStatus="1" KundAufDat="2005-09-02"/>
  <Kunden KundenNr="21626" KundEigtNr="23341" KundArt="8" KundStatus="1" KundAufDat="2005-09-02"/>
  <Kunden KundenNr="21627" KundEigtNr="23342" KundArt="8" KundStatus="1" KundAufDat="2005-09-05"/>
  <Kunden KundenNr="21628" KundEigtNr="23343" KundArt="8" KundStatus="3" KundAufDat="2005-09-05"/>
  <Kunden KundenNr="21629" KundEigtNr="1933" KundArt="8" KundStatus="3" KundAufDat="2005-09-05"/>
  <Kunden KundenNr="21630" KundEigtNr="23344" KundArt="8" KundStatus="3" KundAufDat="2005-09-05"/>
  <Kunden KundenNr="21631" KundEigtNr="23345" KundArt="2" KundStatus="3" KundAufDat="2005-09-05"/>
  <Kunden KundenNr="21632" KundEigtNr="23346" KundArt="2" KundStatus="3" KundAufDat="2005-09-05"/>
  <Kunden KundenNr="21633" KundEigtNr="23347" KundArt="2" KundStatus="3" KundAufDat="2005-09-05"/>
  <Kunden KundenNr="21634" KundEigtNr="23348" KundArt="2" KundStatus="1" KundAufDat="2005-09-05"/>
  <Kunden KundenNr="21635" KundEigtNr="23349" KundArt="2" KundStatus="3" KundAufDat="2005-09-05"/>
  <Kunden KundenNr="21636" KundEigtNr="23350" KundArt="2" KundStatus="1" KundAufDat="2005-09-05"/>
  <Kunden KundenNr="21637" KundEigtNr="23351" KundArt="2" KundStatus="3" KundAufDat="2005-09-05"/>
  <Kunden KundenNr="21638" KundEigtNr="23352" KundArt="29" KundStatus="1" KundAufDat="2005-09-05"/>
  <Kunden KundenNr="21639" KundEigtNr="23353" KundArt="1" KundStatus="1" KundAufDat="2005-09-05"/>
  <Kunden KundenNr="21640" KundEigtNr="23355" KundArt="8" KundStatus="3" KundAufDat="2005-09-05"/>
  <Kunden KundenNr="21641" KundEigtNr="23357" KundArt="2" KundStatus="3" KundAufDat="2005-09-05"/>
  <Kunden KundenNr="21642" KundEigtNr="23358" KundArt="2" KundStatus="3" KundAufDat="2005-09-05"/>
  <Kunden KundenNr="21643" KundEigtNr="23361" KundArt="2" KundStatus="3" KundAufDat="2005-09-06"/>
  <Kunden KundenNr="21644" KundEigtNr="23362" KundArt="2" KundStatus="1" KundAufDat="2005-09-06"/>
  <Kunden KundenNr="21645" KundEigtNr="23363" KundArt="2" KundStatus="3" KundAufDat="2005-09-06"/>
  <Kunden KundenNr="21646" KundEigtNr="23364" KundArt="8" KundStatus="3" KundAufDat="2005-09-06"/>
  <Kunden KundenNr="21647" KundEigtNr="23365" KundArt="8" KundStatus="3" KundAufDat="2005-09-06"/>
  <Kunden KundenNr="21648" KundEigtNr="23366" KundArt="2" KundStatus="1" KundAufDat="2005-09-06"/>
  <Kunden KundenNr="21649" KundEigtNr="23367" KundArt="8" KundStatus="3" KundAufDat="2005-09-06"/>
  <Kunden KundenNr="21650" KundEigtNr="23368" KundArt="1" KundStatus="3" KundAufDat="2005-09-06"/>
  <Kunden KundenNr="21651" KundEigtNr="23369" KundArt="8" KundStatus="1" KundAufDat="2005-09-06"/>
  <Kunden KundenNr="21652" KundEigtNr="23370" KundArt="2" KundStatus="3" KundAufDat="2005-09-06"/>
  <Kunden KundenNr="21653" KundEigtNr="23371" KundArt="2" KundStatus="3" KundAufDat="2005-09-06"/>
  <Kunden KundenNr="21654" KundEigtNr="22957" KundArt="8" KundStatus="1" KundAufDat="2005-09-06"/>
  <Kunden KundenNr="21655" KundEigtNr="23374" KundArt="2" KundStatus="1" KundAufDat="2005-09-06"/>
  <Kunden KundenNr="21656" KundEigtNr="23375" KundArt="8" KundStatus="3" KundAufDat="2005-09-06"/>
  <Kunden KundenNr="21657" KundEigtNr="23377" KundArt="8" KundStatus="3" KundAufDat="2005-09-06"/>
  <Kunden KundenNr="21658" KundEigtNr="23378" KundArt="2" KundStatus="1" KundAufDat="2005-09-06"/>
  <Kunden KundenNr="21659" KundEigtNr="15472" KundArt="2" KundStatus="3" KundAufDat="2005-09-06"/>
  <Kunden KundenNr="21660" KundEigtNr="23382" KundArt="8" KundStatus="3" KundAufDat="2005-09-06"/>
  <Kunden KundenNr="21661" KundEigtNr="23386" KundArt="8" KundStatus="1" KundAufDat="2005-09-06"/>
  <Kunden KundenNr="21662" KundEigtNr="20807" KundArt="29" KundStatus="1" KundAufDat="2005-09-07"/>
  <Kunden KundenNr="21663" KundEigtNr="23392" KundArt="29" KundStatus="1" KundAufDat="2005-09-07"/>
  <Kunden KundenNr="21664" KundEigtNr="23393" KundArt="8" KundStatus="3" KundAufDat="2005-09-07"/>
  <Kunden KundenNr="21665" KundEigtNr="23394" KundArt="8" KundStatus="3" KundAufDat="2005-09-07"/>
  <Kunden KundenNr="21666" KundEigtNr="23395" KundArt="2" KundStatus="1" KundAufDat="2005-09-07"/>
  <Kunden KundenNr="21667" KundEigtNr="23396" KundArt="2" KundStatus="3" KundAufDat="2005-09-07"/>
  <Kunden KundenNr="21668" KundEigtNr="23397" KundArt="2" KundStatus="1" KundAufDat="2005-09-07"/>
  <Kunden KundenNr="21669" KundEigtNr="23398" KundArt="2" KundStatus="1" KundAufDat="2005-09-08"/>
  <Kunden KundenNr="21670" KundEigtNr="23399" KundArt="2" KundStatus="3" KundAufDat="2005-09-08"/>
  <Kunden KundenNr="21671" KundEigtNr="23400" KundArt="8" KundStatus="3" KundAufDat="2005-09-08"/>
  <Kunden KundenNr="21672" KundEigtNr="23401" KundArt="8" KundStatus="3" KundAufDat="2005-09-08"/>
  <Kunden KundenNr="21673" KundEigtNr="23402" KundArt="8" KundStatus="3" KundAufDat="2005-09-08"/>
  <Kunden KundenNr="21674" KundEigtNr="23403" KundArt="2" KundStatus="3" KundAufDat="2005-09-08"/>
  <Kunden KundenNr="21675" KundEigtNr="23404" KundArt="2" KundStatus="3" KundAufDat="2005-09-08"/>
  <Kunden KundenNr="21676" KundEigtNr="23405" KundArt="8" KundStatus="3" KundAufDat="2005-09-08"/>
  <Kunden KundenNr="21677" KundEigtNr="23406" KundArt="1" KundStatus="3" KundAufDat="2005-09-08"/>
  <Kunden KundenNr="21678" KundEigtNr="23407" KundArt="1" KundStatus="3" KundAufDat="2005-09-08"/>
  <Kunden KundenNr="21679" KundEigtNr="23408" KundArt="2" KundStatus="1" KundAufDat="2005-09-08"/>
  <Kunden KundenNr="21680" KundEigtNr="23409" KundArt="2" KundStatus="1" KundAufDat="2005-09-08"/>
  <Kunden KundenNr="21681" KundEigtNr="23410" KundArt="1" KundStatus="3" KundAufDat="2005-09-08"/>
  <Kunden KundenNr="21682" KundEigtNr="23411" KundArt="29" KundStatus="1" KundAufDat="2005-09-08"/>
  <Kunden KundenNr="21683" KundEigtNr="23412" KundArt="2" KundStatus="3" KundAufDat="2005-09-08"/>
  <Kunden KundenNr="21684" KundEigtNr="23413" KundArt="1" KundStatus="1" KundAufDat="2005-09-08"/>
  <Kunden KundenNr="21685" KundEigtNr="23414" KundArt="2" KundStatus="1" KundAufDat="2005-09-08"/>
  <Kunden KundenNr="21686" KundEigtNr="23415" KundArt="2" KundStatus="3" KundAufDat="2005-09-08"/>
  <Kunden KundenNr="21687" KundEigtNr="23416" KundArt="8" KundStatus="3" KundAufDat="2005-09-08"/>
  <Kunden KundenNr="21688" KundEigtNr="23417" KundArt="2" KundStatus="1" KundAufDat="2005-09-09"/>
  <Kunden KundenNr="21689" KundEigtNr="23418" KundArt="2" KundStatus="3" KundAufDat="2005-09-09"/>
  <Kunden KundenNr="21690" KundEigtNr="23419" KundArt="8" KundStatus="3" KundAufDat="2005-09-09"/>
  <Kunden KundenNr="21691" KundEigtNr="23420" KundArt="8" KundStatus="3" KundAufDat="2005-09-09"/>
  <Kunden KundenNr="21692" KundEigtNr="7215" KundArt="8" KundStatus="3" KundAufDat="2005-09-12"/>
  <Kunden KundenNr="21693" KundEigtNr="6963" KundArt="29" KundStatus="1" KundAufDat="2005-09-12"/>
  <Kunden KundenNr="21694" KundEigtNr="19263" KundArt="2" KundStatus="3" KundAufDat="2005-09-12"/>
  <Kunden KundenNr="21695" KundEigtNr="23421" KundArt="8" KundStatus="3" KundAufDat="2005-09-12"/>
  <Kunden KundenNr="21696" KundEigtNr="23422" KundArt="2" KundStatus="3" KundAufDat="2005-09-12"/>
  <Kunden KundenNr="21697" KundEigtNr="23423" KundArt="8" KundStatus="3" KundAufDat="2005-09-12"/>
  <Kunden KundenNr="21698" KundEigtNr="23424" KundArt="2" KundStatus="3" KundAufDat="2005-09-12"/>
  <Kunden KundenNr="21699" KundEigtNr="20309" KundArt="2" KundStatus="3" KundAufDat="2005-09-12"/>
  <Kunden KundenNr="21700" KundEigtNr="23425" KundArt="8" KundStatus="3" KundAufDat="2005-09-12"/>
  <Kunden KundenNr="21701" KundEigtNr="23426" KundArt="2" KundStatus="1" KundAufDat="2005-09-13"/>
  <Kunden KundenNr="21702" KundEigtNr="23427" KundArt="2" KundStatus="3" KundAufDat="2005-09-13"/>
  <Kunden KundenNr="21703" KundEigtNr="23428" KundArt="2" KundStatus="3" KundAufDat="2005-09-13"/>
  <Kunden KundenNr="21704" KundEigtNr="23429" KundArt="8" KundStatus="3" KundAufDat="2005-09-13"/>
  <Kunden KundenNr="21705" KundEigtNr="23430" KundArt="8" KundStatus="3" KundAufDat="2005-09-13"/>
  <Kunden KundenNr="21706" KundEigtNr="23432" KundArt="2" KundStatus="1" KundAufDat="2005-09-13"/>
  <Kunden KundenNr="21707" KundEigtNr="23434" KundArt="2" KundStatus="3" KundAufDat="2005-09-13"/>
  <Kunden KundenNr="21708" KundEigtNr="23435" KundArt="1" KundStatus="3" KundAufDat="2005-09-13"/>
  <Kunden KundenNr="21709" KundEigtNr="23436" KundArt="8" KundStatus="3" KundAufDat="2005-09-13"/>
  <Kunden KundenNr="21710" KundEigtNr="23438" KundArt="8" KundStatus="3" KundAufDat="2005-09-13"/>
  <Kunden KundenNr="21711" KundEigtNr="19934" KundArt="8" KundStatus="3" KundAufDat="2005-09-13"/>
  <Kunden KundenNr="21712" KundEigtNr="23439" KundArt="2" KundStatus="1" KundAufDat="2005-09-13"/>
  <Kunden KundenNr="21713" KundEigtNr="23440" KundArt="2" KundStatus="3" KundAufDat="2005-09-13"/>
  <Kunden KundenNr="21714" KundEigtNr="23441" KundArt="1" KundStatus="3" KundAufDat="2005-09-13"/>
  <Kunden KundenNr="21715" KundEigtNr="20731" KundArt="1" KundStatus="1" KundAufDat="2005-09-13"/>
  <Kunden KundenNr="21716" KundEigtNr="23445" KundArt="2" KundStatus="1" KundAufDat="2005-09-13"/>
  <Kunden KundenNr="21717" KundEigtNr="23446" KundArt="29" KundStatus="1" KundAufDat="2005-09-13"/>
  <Kunden KundenNr="21718" KundEigtNr="23447" KundArt="8" KundStatus="3" KundAufDat="2005-09-13"/>
  <Kunden KundenNr="21719" KundEigtNr="23448" KundArt="8" KundStatus="1" KundAufDat="2005-09-13"/>
  <Kunden KundenNr="21720" KundEigtNr="23381" KundArt="29" KundStatus="1" KundAufDat="2005-09-15"/>
  <Kunden KundenNr="21721" KundEigtNr="23449" KundArt="2" KundStatus="1" KundAufDat="2005-09-15"/>
  <Kunden KundenNr="21722" KundEigtNr="23450" KundArt="2" KundStatus="3" KundAufDat="2005-09-15"/>
  <Kunden KundenNr="21723" KundEigtNr="23451" KundArt="2" KundStatus="1" KundAufDat="2005-09-15"/>
  <Kunden KundenNr="21724" KundEigtNr="23452" KundArt="8" KundStatus="1" KundAufDat="2005-09-15"/>
  <Kunden KundenNr="21725" KundEigtNr="2603" KundArt="1" KundStatus="1" KundAufDat="2005-09-15"/>
  <Kunden KundenNr="21726" KundEigtNr="2113" KundArt="1" KundStatus="3" KundAufDat="2005-09-15"/>
  <Kunden KundenNr="21727" KundEigtNr="23453" KundArt="2" KundStatus="3" KundAufDat="2005-09-15"/>
  <Kunden KundenNr="21728" KundEigtNr="23454" KundArt="29" KundStatus="1" KundAufDat="2005-09-15"/>
  <Kunden KundenNr="21729" KundEigtNr="23455" KundArt="1" KundStatus="3" KundAufDat="2005-09-15"/>
  <Kunden KundenNr="21730" KundEigtNr="23456" KundArt="2" KundStatus="3" KundAufDat="2005-09-16"/>
  <Kunden KundenNr="21731" KundEigtNr="23457" KundArt="29" KundStatus="1" KundAufDat="2005-09-16"/>
  <Kunden KundenNr="21732" KundEigtNr="23458" KundArt="1" KundStatus="1" KundAufDat="2005-09-16"/>
  <Kunden KundenNr="21733" KundEigtNr="23459" KundArt="1" KundStatus="3" KundAufDat="2005-09-16"/>
  <Kunden KundenNr="21734" KundEigtNr="22678" KundArt="1" KundStatus="3" KundAufDat="2005-09-16"/>
  <Kunden KundenNr="21735" KundEigtNr="23460" KundArt="1" KundStatus="3" KundAufDat="2005-09-16"/>
  <Kunden KundenNr="21736" KundEigtNr="23461" KundArt="2" KundStatus="3" KundAufDat="2005-09-16"/>
  <Kunden KundenNr="21737" KundEigtNr="23462" KundArt="2" KundStatus="1" KundAufDat="2005-09-16"/>
  <Kunden KundenNr="21738" KundEigtNr="23463" KundArt="1" KundStatus="3" KundAufDat="2005-09-16"/>
  <Kunden KundenNr="21739" KundEigtNr="14075" KundArt="1" KundStatus="3" KundAufDat="2005-09-16"/>
  <Kunden KundenNr="21740" KundEigtNr="14075" KundArt="1" KundStatus="3" KundAufDat="2005-09-16"/>
  <Kunden KundenNr="21741" KundEigtNr="23354" KundArt="29" KundStatus="1" KundAufDat="2005-09-19"/>
  <Kunden KundenNr="21742" KundEigtNr="23473" KundArt="29" KundStatus="1" KundAufDat="2005-09-19"/>
  <Kunden KundenNr="21743" KundEigtNr="23474" KundArt="2" KundStatus="1" KundAufDat="2005-09-19"/>
  <Kunden KundenNr="21744" KundEigtNr="23475" KundArt="8" KundStatus="3" KundAufDat="2005-09-19"/>
  <Kunden KundenNr="21745" KundEigtNr="23476" KundArt="8" KundStatus="1" KundAufDat="2005-09-19"/>
  <Kunden KundenNr="21746" KundEigtNr="23477" KundArt="8" KundStatus="3" KundAufDat="2005-09-19"/>
  <Kunden KundenNr="21747" KundEigtNr="22288" KundArt="8" KundStatus="3" KundAufDat="2005-09-19"/>
  <Kunden KundenNr="21748" KundEigtNr="23478" KundArt="8" KundStatus="3" KundAufDat="2005-09-19"/>
  <Kunden KundenNr="21749" KundEigtNr="23479" KundArt="8" KundStatus="3" KundAufDat="2005-09-19"/>
  <Kunden KundenNr="21750" KundEigtNr="23480" KundArt="8" KundStatus="3" KundAufDat="2005-09-19"/>
  <Kunden KundenNr="21751" KundEigtNr="23481" KundArt="2" KundStatus="3" KundAufDat="2005-09-19"/>
  <Kunden KundenNr="21752" KundEigtNr="23482" KundArt="8" KundStatus="3" KundAufDat="2005-09-19"/>
  <Kunden KundenNr="21753" KundEigtNr="23483" KundArt="8" KundStatus="3" KundAufDat="2005-09-19"/>
  <Kunden KundenNr="21754" KundEigtNr="23484" KundArt="2" KundStatus="3" KundAufDat="2005-09-19"/>
  <Kunden KundenNr="21755" KundEigtNr="23485" KundArt="8" KundStatus="3" KundAufDat="2005-09-19"/>
  <Kunden KundenNr="21756" KundEigtNr="23486" KundArt="8" KundStatus="3" KundAufDat="2005-09-19"/>
  <Kunden KundenNr="21757" KundEigtNr="23487" KundArt="2" KundStatus="1" KundAufDat="2005-09-19"/>
  <Kunden KundenNr="21758" KundEigtNr="23488" KundArt="2" KundStatus="3" KundAufDat="2005-09-20"/>
  <Kunden KundenNr="21759" KundEigtNr="23489" KundArt="2" KundStatus="3" KundAufDat="2005-09-20"/>
  <Kunden KundenNr="21760" KundEigtNr="23490" KundArt="8" KundStatus="3" KundAufDat="2005-09-20"/>
  <Kunden KundenNr="21761" KundEigtNr="23491" KundArt="8" KundStatus="3" KundAufDat="2005-09-20"/>
  <Kunden KundenNr="21762" KundEigtNr="23492" KundArt="1" KundStatus="3" KundAufDat="2005-09-20"/>
  <Kunden KundenNr="21763" KundEigtNr="23493" KundArt="2" KundStatus="3" KundAufDat="2005-09-20"/>
  <Kunden KundenNr="21764" KundEigtNr="23494" KundArt="29" KundStatus="1" KundAufDat="2005-09-20"/>
  <Kunden KundenNr="21765" KundEigtNr="23495" KundArt="2" KundStatus="3" KundAufDat="2005-09-20"/>
  <Kunden KundenNr="21766" KundEigtNr="23496" KundArt="2" KundStatus="3" KundAufDat="2005-09-20"/>
  <Kunden KundenNr="21767" KundEigtNr="23497" KundArt="2" KundStatus="3" KundAufDat="2005-09-20"/>
  <Kunden KundenNr="21768" KundEigtNr="23498" KundArt="2" KundStatus="1" KundAufDat="2005-09-20"/>
  <Kunden KundenNr="21769" KundEigtNr="23501" KundArt="8" KundStatus="3" KundAufDat="2005-09-20"/>
  <Kunden KundenNr="21770" KundEigtNr="23503" KundArt="2" KundStatus="3" KundAufDat="2005-09-20"/>
  <Kunden KundenNr="21771" KundEigtNr="23504" KundArt="29" KundStatus="1" KundAufDat="2005-09-20"/>
  <Kunden KundenNr="21772" KundEigtNr="23505" KundArt="2" KundStatus="3" KundAufDat="2005-09-20"/>
  <Kunden KundenNr="21773" KundEigtNr="23506" KundArt="2" KundStatus="3" KundAufDat="2005-09-21"/>
  <Kunden KundenNr="21774" KundEigtNr="23507" KundArt="2" KundStatus="3" KundAufDat="2005-09-21"/>
  <Kunden KundenNr="21775" KundEigtNr="23508" KundArt="2" KundStatus="3" KundAufDat="2005-09-21"/>
  <Kunden KundenNr="21776" KundEigtNr="23509" KundArt="2" KundStatus="3" KundAufDat="2005-09-21"/>
  <Kunden KundenNr="21777" KundEigtNr="23510" KundArt="2" KundStatus="3" KundAufDat="2005-09-21"/>
  <Kunden KundenNr="21778" KundEigtNr="23511" KundArt="8" KundStatus="3" KundAufDat="2005-09-21"/>
  <Kunden KundenNr="21779" KundEigtNr="23512" KundArt="2" KundStatus="3" KundAufDat="2005-09-21"/>
  <Kunden KundenNr="21780" KundEigtNr="23513" KundArt="8" KundStatus="3" KundAufDat="2005-09-21"/>
  <Kunden KundenNr="21781" KundEigtNr="23514" KundArt="8" KundStatus="3" KundAufDat="2005-09-21"/>
  <Kunden KundenNr="21782" KundEigtNr="23515" KundArt="2" KundStatus="3" KundAufDat="2005-09-21"/>
  <Kunden KundenNr="21783" KundEigtNr="23516" KundArt="2" KundStatus="3" KundAufDat="2005-09-22"/>
  <Kunden KundenNr="21784" KundEigtNr="23518" KundArt="2" KundStatus="3" KundAufDat="2005-09-22"/>
  <Kunden KundenNr="21785" KundEigtNr="23519" KundArt="8" KundStatus="3" KundAufDat="2005-09-22"/>
  <Kunden KundenNr="21786" KundEigtNr="23520" KundArt="8" KundStatus="3" KundAufDat="2005-09-22"/>
  <Kunden KundenNr="21787" KundEigtNr="23521" KundArt="2" KundStatus="3" KundAufDat="2005-09-22"/>
  <Kunden KundenNr="21788" KundEigtNr="23522" KundArt="2" KundStatus="3" KundAufDat="2005-09-22"/>
  <Kunden KundenNr="21789" KundEigtNr="23523" KundArt="2" KundStatus="1" KundAufDat="2005-09-22"/>
  <Kunden KundenNr="21790" KundEigtNr="23524" KundArt="1" KundStatus="3" KundAufDat="2005-09-22"/>
  <Kunden KundenNr="21791" KundEigtNr="23525" KundArt="8" KundStatus="3" KundAufDat="2005-09-22"/>
  <Kunden KundenNr="21792" KundEigtNr="23529" KundArt="8" KundStatus="3" KundAufDat="2005-09-22"/>
  <Kunden KundenNr="21793" KundEigtNr="23534" KundArt="2" KundStatus="3" KundAufDat="2005-09-22"/>
  <Kunden KundenNr="21795" KundEigtNr="23535" KundArt="2" KundStatus="3" KundAufDat="2005-09-23"/>
  <Kunden KundenNr="21796" KundEigtNr="9889" KundArt="8" KundStatus="3" KundAufDat="2005-09-23"/>
  <Kunden KundenNr="21797" KundEigtNr="23536" KundArt="2" KundStatus="3" KundAufDat="2005-09-23"/>
  <Kunden KundenNr="21798" KundEigtNr="23537" KundArt="2" KundStatus="3" KundAufDat="2005-09-23"/>
  <Kunden KundenNr="21799" KundEigtNr="23538" KundArt="2" KundStatus="3" KundAufDat="2005-09-26"/>
  <Kunden KundenNr="21800" KundEigtNr="23539" KundArt="2" KundStatus="3" KundAufDat="2005-09-26"/>
  <Kunden KundenNr="21801" KundEigtNr="23540" KundArt="2" KundStatus="3" KundAufDat="2005-09-26"/>
  <Kunden KundenNr="21802" KundEigtNr="23541" KundArt="2" KundStatus="3" KundAufDat="2005-09-26"/>
  <Kunden KundenNr="21803" KundEigtNr="23542" KundArt="2" KundStatus="1" KundAufDat="2005-09-26"/>
  <Kunden KundenNr="21804" KundEigtNr="23543" KundArt="2" KundStatus="1" KundAufDat="2005-09-26"/>
  <Kunden KundenNr="21805" KundEigtNr="23544" KundArt="2" KundStatus="3" KundAufDat="2005-09-26"/>
  <Kunden KundenNr="21806" KundEigtNr="23545" KundArt="2" KundStatus="3" KundAufDat="2005-09-26"/>
  <Kunden KundenNr="21807" KundEigtNr="23546" KundArt="2" KundStatus="3" KundAufDat="2005-09-26"/>
  <Kunden KundenNr="21808" KundEigtNr="23547" KundArt="2" KundStatus="3" KundAufDat="2005-09-26"/>
  <Kunden KundenNr="21809" KundEigtNr="23548" KundArt="8" KundStatus="3" KundAufDat="2005-09-26"/>
  <Kunden KundenNr="21810" KundEigtNr="23549" KundArt="1" KundStatus="3" KundAufDat="2005-09-26"/>
  <Kunden KundenNr="21811" KundEigtNr="23146" KundArt="29" KundStatus="1" KundAufDat="2005-09-26"/>
  <Kunden KundenNr="21812" KundEigtNr="23550" KundArt="2" KundStatus="3" KundAufDat="2005-09-27"/>
  <Kunden KundenNr="21813" KundEigtNr="23551" KundArt="2" KundStatus="3" KundAufDat="2005-09-27"/>
  <Kunden KundenNr="21814" KundEigtNr="23190" KundArt="8" KundStatus="3" KundAufDat="2005-09-27"/>
  <Kunden KundenNr="21815" KundEigtNr="23552" KundArt="2" KundStatus="3" KundAufDat="2005-09-27"/>
  <Kunden KundenNr="21816" KundEigtNr="13531" KundArt="29" KundStatus="1" KundAufDat="2005-09-27"/>
  <Kunden KundenNr="21817" KundEigtNr="23553" KundArt="2" KundStatus="3" KundAufDat="2005-09-27"/>
  <Kunden KundenNr="21818" KundEigtNr="23471" KundArt="29" KundStatus="1" KundAufDat="2005-09-27"/>
  <Kunden KundenNr="21819" KundEigtNr="23554" KundArt="2" KundStatus="3" KundAufDat="2005-09-27"/>
  <Kunden KundenNr="21820" KundEigtNr="23556" KundArt="2" KundStatus="1" KundAufDat="2005-09-27"/>
  <Kunden KundenNr="21821" KundEigtNr="23557" KundArt="2" KundStatus="3" KundAufDat="2005-09-27"/>
  <Kunden KundenNr="21822" KundEigtNr="23472" KundArt="29" KundStatus="1" KundAufDat="2005-09-27"/>
  <Kunden KundenNr="21823" KundEigtNr="23558" KundArt="2" KundStatus="3" KundAufDat="2005-09-27"/>
  <Kunden KundenNr="21824" KundEigtNr="23559" KundArt="1" KundStatus="3" KundAufDat="2005-09-27"/>
  <Kunden KundenNr="21825" KundEigtNr="23560" KundArt="8" KundStatus="3" KundAufDat="2005-09-27"/>
  <Kunden KundenNr="21826" KundEigtNr="23561" KundArt="8" KundStatus="3" KundAufDat="2005-09-27"/>
  <Kunden KundenNr="21827" KundEigtNr="23562" KundArt="8" KundStatus="3" KundAufDat="2005-09-28"/>
  <Kunden KundenNr="21828" KundEigtNr="23563" KundArt="8" KundStatus="3" KundAufDat="2005-09-28"/>
  <Kunden KundenNr="21829" KundEigtNr="22898" KundArt="2" KundStatus="1" KundAufDat="2005-09-28"/>
  <Kunden KundenNr="21830" KundEigtNr="23564" KundArt="2" KundStatus="1" KundAufDat="2005-09-28"/>
  <Kunden KundenNr="21831" KundEigtNr="23565" KundArt="2" KundStatus="3" KundAufDat="2005-09-28"/>
  <Kunden KundenNr="21832" KundEigtNr="23566" KundArt="8" KundStatus="3" KundAufDat="2005-09-28"/>
  <Kunden KundenNr="21833" KundEigtNr="23567" KundArt="2" KundStatus="3" KundAufDat="2005-09-28"/>
  <Kunden KundenNr="21834" KundEigtNr="23568" KundArt="8" KundStatus="3" KundAufDat="2005-09-28"/>
  <Kunden KundenNr="21835" KundEigtNr="23569" KundArt="8" KundStatus="3" KundAufDat="2005-09-28"/>
  <Kunden KundenNr="21836" KundEigtNr="23570" KundArt="8" KundStatus="3" KundAufDat="2005-09-28"/>
  <Kunden KundenNr="21837" KundEigtNr="22938" KundArt="29" KundStatus="1" KundAufDat="2005-09-28"/>
  <Kunden KundenNr="21838" KundEigtNr="23571" KundArt="2" KundStatus="3" KundAufDat="2005-09-28"/>
  <Kunden KundenNr="21839" KundEigtNr="23572" KundArt="2" KundStatus="3" KundAufDat="2005-09-28"/>
  <Kunden KundenNr="21840" KundEigtNr="23576" KundArt="2" KundStatus="3" KundAufDat="2005-09-28"/>
  <Kunden KundenNr="21841" KundEigtNr="23191" KundArt="2" KundStatus="3" KundAufDat="2005-09-28"/>
  <Kunden KundenNr="21842" KundEigtNr="23579" KundArt="8" KundStatus="1" KundAufDat="2005-09-28"/>
  <Kunden KundenNr="21843" KundEigtNr="23564" KundArt="1" KundStatus="3" KundAufDat="2005-09-29"/>
  <Kunden KundenNr="21844" KundEigtNr="23580" KundArt="1" KundStatus="3" KundAufDat="2005-09-29"/>
  <Kunden KundenNr="21845" KundEigtNr="23581" KundArt="2" KundStatus="3" KundAufDat="2005-09-29"/>
  <Kunden KundenNr="21846" KundEigtNr="23582" KundArt="2" KundStatus="3" KundAufDat="2005-09-29"/>
  <Kunden KundenNr="21847" KundEigtNr="23583" KundArt="8" KundStatus="1" KundAufDat="2005-09-29"/>
  <Kunden KundenNr="21848" KundEigtNr="23584" KundArt="2" KundStatus="1" KundAufDat="2005-09-29"/>
  <Kunden KundenNr="21849" KundEigtNr="23585" KundArt="2" KundStatus="3" KundAufDat="2005-09-29"/>
  <Kunden KundenNr="21850" KundEigtNr="23586" KundArt="1" KundStatus="3" KundAufDat="2005-09-29"/>
  <Kunden KundenNr="21851" KundEigtNr="23587" KundArt="1" KundStatus="1" KundAufDat="2005-09-29"/>
  <Kunden KundenNr="21852" KundEigtNr="23588" KundArt="29" KundStatus="1" KundAufDat="2005-09-29"/>
  <Kunden KundenNr="21853" KundEigtNr="23589" KundArt="1" KundStatus="1" KundAufDat="2005-09-29"/>
  <Kunden KundenNr="21854" KundEigtNr="23590" KundArt="8" KundStatus="3" KundAufDat="2005-09-29"/>
  <Kunden KundenNr="21855" KundEigtNr="23591" KundArt="2" KundStatus="3" KundAufDat="2005-09-30"/>
  <Kunden KundenNr="21856" KundEigtNr="23592" KundArt="8" KundStatus="1" KundAufDat="2005-09-30"/>
  <Kunden KundenNr="21857" KundEigtNr="23593" KundArt="2" KundStatus="3" KundAufDat="2005-09-30"/>
  <Kunden KundenNr="21858" KundEigtNr="23594" KundArt="2" KundStatus="1" KundAufDat="2005-09-30"/>
  <Kunden KundenNr="21859" KundEigtNr="23595" KundArt="2" KundStatus="3" KundAufDat="2005-09-30"/>
  <Kunden KundenNr="21860" KundEigtNr="23596" KundArt="2" KundStatus="1" KundAufDat="2005-09-30"/>
  <Kunden KundenNr="21861" KundEigtNr="23597" KundArt="2" KundStatus="1" KundAufDat="2005-09-30"/>
  <Kunden KundenNr="21862" KundEigtNr="23181" KundArt="8" KundStatus="3" KundAufDat="2005-09-30"/>
  <Kunden KundenNr="21863" KundEigtNr="23598" KundArt="1" KundStatus="3" KundAufDat="2005-10-04"/>
  <Kunden KundenNr="21864" KundEigtNr="23599" KundArt="2" KundStatus="3" KundAufDat="2005-10-04"/>
  <Kunden KundenNr="21865" KundEigtNr="23600" KundArt="29" KundStatus="1" KundAufDat="2005-10-04"/>
  <Kunden KundenNr="21866" KundEigtNr="20294" KundArt="29" KundStatus="1" KundAufDat="2005-10-04"/>
  <Kunden KundenNr="21867" KundEigtNr="23601" KundArt="8" KundStatus="3" KundAufDat="2005-10-04"/>
  <Kunden KundenNr="21868" KundEigtNr="23602" KundArt="8" KundStatus="1" KundAufDat="2005-10-04"/>
  <Kunden KundenNr="21869" KundEigtNr="23603" KundArt="2" KundStatus="3" KundAufDat="2005-10-04"/>
  <Kunden KundenNr="21870" KundEigtNr="23604" KundArt="8" KundStatus="3" KundAufDat="2005-10-04"/>
  <Kunden KundenNr="21871" KundEigtNr="23605" KundArt="29" KundStatus="1" KundAufDat="2005-10-04"/>
  <Kunden KundenNr="21872" KundEigtNr="23606" KundArt="8" KundStatus="3" KundAufDat="2005-10-04"/>
  <Kunden KundenNr="21873" KundEigtNr="23607" KundArt="2" KundStatus="3" KundAufDat="2005-10-04"/>
  <Kunden KundenNr="21874" KundEigtNr="23608" KundArt="2" KundStatus="3" KundAufDat="2005-10-04"/>
  <Kunden KundenNr="21875" KundEigtNr="23609" KundArt="2" KundStatus="3" KundAufDat="2005-10-05"/>
  <Kunden KundenNr="21876" KundEigtNr="23610" KundArt="29" KundStatus="1" KundAufDat="2005-10-05"/>
  <Kunden KundenNr="21877" KundEigtNr="23611" KundArt="2" KundStatus="3" KundAufDat="2005-10-05"/>
  <Kunden KundenNr="21878" KundEigtNr="23612" KundArt="2" KundStatus="3" KundAufDat="2005-10-05"/>
  <Kunden KundenNr="21879" KundEigtNr="23613" KundArt="2" KundStatus="3" KundAufDat="2005-10-05"/>
  <Kunden KundenNr="21880" KundEigtNr="23614" KundArt="2" KundStatus="3" KundAufDat="2005-10-05"/>
  <Kunden KundenNr="21881" KundEigtNr="23615" KundArt="2" KundStatus="1" KundAufDat="2005-10-05"/>
  <Kunden KundenNr="21882" KundEigtNr="23616" KundArt="2" KundStatus="3" KundAufDat="2005-10-05"/>
  <Kunden KundenNr="21883" KundEigtNr="23617" KundArt="2" KundStatus="3" KundAufDat="2005-10-05"/>
  <Kunden KundenNr="21884" KundEigtNr="23618" KundArt="8" KundStatus="3" KundAufDat="2005-10-05"/>
  <Kunden KundenNr="21885" KundEigtNr="23619" KundArt="8" KundStatus="3" KundAufDat="2005-10-05"/>
  <Kunden KundenNr="21886" KundEigtNr="23620" KundArt="2" KundStatus="3" KundAufDat="2005-10-06"/>
  <Kunden KundenNr="21887" KundEigtNr="23621" KundArt="8" KundStatus="3" KundAufDat="2005-10-06"/>
  <Kunden KundenNr="21888" KundEigtNr="23622" KundArt="8" KundStatus="3" KundAufDat="2005-10-06"/>
  <Kunden KundenNr="21889" KundEigtNr="23623" KundArt="8" KundStatus="1" KundAufDat="2005-10-06"/>
  <Kunden KundenNr="21890" KundEigtNr="23624" KundArt="2" KundStatus="3" KundAufDat="2005-10-06"/>
  <Kunden KundenNr="21891" KundEigtNr="23625" KundArt="2" KundStatus="1" KundAufDat="2005-10-06"/>
  <Kunden KundenNr="21892" KundEigtNr="23627" KundArt="2" KundStatus="3" KundAufDat="2005-10-06"/>
  <Kunden KundenNr="21893" KundEigtNr="23628" KundArt="2" KundStatus="1" KundAufDat="2005-10-06"/>
  <Kunden KundenNr="21894" KundEigtNr="23630" KundArt="2" KundStatus="3" KundAufDat="2005-10-06"/>
  <Kunden KundenNr="21895" KundEigtNr="23632" KundArt="2" KundStatus="3" KundAufDat="2005-10-06"/>
  <Kunden KundenNr="21896" KundEigtNr="23633" KundArt="8" KundStatus="3" KundAufDat="2005-10-06"/>
  <Kunden KundenNr="21897" KundEigtNr="23634" KundArt="8" KundStatus="3" KundAufDat="2005-10-06"/>
  <Kunden KundenNr="21898" KundEigtNr="23635" KundArt="8" KundStatus="1" KundAufDat="2005-10-06"/>
  <Kunden KundenNr="21899" KundEigtNr="23637" KundArt="2" KundStatus="3" KundAufDat="2005-10-06"/>
  <Kunden KundenNr="21900" KundEigtNr="23638" KundArt="2" KundStatus="3" KundAufDat="2005-10-07"/>
  <Kunden KundenNr="21901" KundEigtNr="23639" KundArt="8" KundStatus="3" KundAufDat="2005-10-07"/>
  <Kunden KundenNr="21902" KundEigtNr="23640" KundArt="8" KundStatus="3" KundAufDat="2005-10-07"/>
  <Kunden KundenNr="21903" KundEigtNr="23641" KundArt="8" KundStatus="3" KundAufDat="2005-10-07"/>
  <Kunden KundenNr="21904" KundEigtNr="23642" KundArt="8" KundStatus="1" KundAufDat="2005-10-07"/>
  <Kunden KundenNr="21905" KundEigtNr="23345" KundArt="8" KundStatus="1" KundAufDat="2005-10-07"/>
  <Kunden KundenNr="21906" KundEigtNr="9198" KundArt="2" KundStatus="3" KundAufDat="2005-10-07"/>
  <Kunden KundenNr="21907" KundEigtNr="23644" KundArt="8" KundStatus="1" KundAufDat="2005-10-07"/>
  <Kunden KundenNr="21908" KundEigtNr="21913" KundArt="1" KundStatus="1" KundAufDat="2005-10-07"/>
  <Kunden KundenNr="21909" KundEigtNr="23653" KundArt="2" KundStatus="3" KundAufDat="2005-10-10"/>
  <Kunden KundenNr="21910" KundEigtNr="23654" KundArt="2" KundStatus="3" KundAufDat="2005-10-10"/>
  <Kunden KundenNr="21911" KundEigtNr="23655" KundArt="29" KundStatus="1" KundAufDat="2005-10-10"/>
  <Kunden KundenNr="21912" KundEigtNr="23656" KundArt="8" KundStatus="3" KundAufDat="2005-10-10"/>
  <Kunden KundenNr="21913" KundEigtNr="23664" KundArt="8" KundStatus="3" KundAufDat="2005-10-10"/>
  <Kunden KundenNr="21914" KundEigtNr="23665" KundArt="2" KundStatus="3" KundAufDat="2005-10-10"/>
  <Kunden KundenNr="21915" KundEigtNr="23666" KundArt="8" KundStatus="3" KundAufDat="2005-10-10"/>
  <Kunden KundenNr="21916" KundEigtNr="23667" KundArt="8" KundStatus="3" KundAufDat="2005-10-10"/>
  <Kunden KundenNr="21917" KundEigtNr="23668" KundArt="2" KundStatus="3" KundAufDat="2005-10-10"/>
  <Kunden KundenNr="21918" KundEigtNr="23669" KundArt="8" KundStatus="1" KundAufDat="2005-10-10"/>
  <Kunden KundenNr="21919" KundEigtNr="15448" KundArt="1" KundStatus="1" KundAufDat="2005-10-10"/>
  <Kunden KundenNr="21920" KundEigtNr="23670" KundArt="1" KundStatus="3" KundAufDat="2005-10-10"/>
  <Kunden KundenNr="21921" KundEigtNr="23671" KundArt="29" KundStatus="1" KundAufDat="2005-10-10"/>
  <Kunden KundenNr="21922" KundEigtNr="11125" KundArt="2" KundStatus="3" KundAufDat="2005-10-11"/>
  <Kunden KundenNr="21923" KundEigtNr="23672" KundArt="29" KundStatus="1" KundAufDat="2005-10-11"/>
  <Kunden KundenNr="21924" KundEigtNr="23673" KundArt="8" KundStatus="3" KundAufDat="2005-10-11"/>
  <Kunden KundenNr="21925" KundEigtNr="23674" KundArt="8" KundStatus="3" KundAufDat="2005-10-11"/>
  <Kunden KundenNr="21926" KundEigtNr="23115" KundArt="29" KundStatus="1" KundAufDat="2005-10-11"/>
  <Kunden KundenNr="21927" KundEigtNr="23675" KundArt="8" KundStatus="3" KundAufDat="2005-10-11"/>
  <Kunden KundenNr="21928" KundEigtNr="23678" KundArt="2" KundStatus="3" KundAufDat="2005-10-11"/>
  <Kunden KundenNr="21929" KundEigtNr="23682" KundArt="2" KundStatus="1" KundAufDat="2005-10-11"/>
  <Kunden KundenNr="21930" KundEigtNr="15233" KundArt="2" KundStatus="1" KundAufDat="2005-10-11"/>
  <Kunden KundenNr="21931" KundEigtNr="23683" KundArt="2" KundStatus="1" KundAufDat="2005-10-11"/>
  <Kunden KundenNr="21932" KundEigtNr="23684" KundArt="2" KundStatus="3" KundAufDat="2005-10-12"/>
  <Kunden KundenNr="21933" KundEigtNr="23685" KundArt="2" KundStatus="3" KundAufDat="2005-10-12"/>
  <Kunden KundenNr="21934" KundEigtNr="23629" KundArt="29" KundStatus="1" KundAufDat="2005-10-12"/>
  <Kunden KundenNr="21935" KundEigtNr="23686" KundArt="8" KundStatus="3" KundAufDat="2005-10-12"/>
  <Kunden KundenNr="21936" KundEigtNr="23687" KundArt="2" KundStatus="3" KundAufDat="2005-10-12"/>
  <Kunden KundenNr="21937" KundEigtNr="23019" KundArt="29" KundStatus="1" KundAufDat="2005-10-12"/>
  <Kunden KundenNr="21938" KundEigtNr="23688" KundArt="8" KundStatus="3" KundAufDat="2005-10-12"/>
  <Kunden KundenNr="21939" KundEigtNr="23689" KundArt="29" KundStatus="1" KundAufDat="2005-10-12"/>
  <Kunden KundenNr="21940" KundEigtNr="23583" KundArt="29" KundStatus="1" KundAufDat="2005-10-12"/>
  <Kunden KundenNr="21941" KundEigtNr="23690" KundArt="1" KundStatus="3" KundAufDat="2005-10-12"/>
  <Kunden KundenNr="21942" KundEigtNr="23691" KundArt="8" KundStatus="3" KundAufDat="2005-10-12"/>
  <Kunden KundenNr="21943" KundEigtNr="8446" KundArt="2" KundStatus="3" KundAufDat="2005-10-12"/>
  <Kunden KundenNr="21944" KundEigtNr="23692" KundArt="2" KundStatus="3" KundAufDat="2005-10-12"/>
  <Kunden KundenNr="21945" KundEigtNr="23703" KundArt="2" KundStatus="3" KundAufDat="2005-10-13"/>
  <Kunden KundenNr="21946" KundEigtNr="23704" KundArt="8" KundStatus="3" KundAufDat="2005-10-13"/>
  <Kunden KundenNr="21947" KundEigtNr="23705" KundArt="8" KundStatus="3" KundAufDat="2005-10-13"/>
  <Kunden KundenNr="21948" KundEigtNr="23706" KundArt="2" KundStatus="3" KundAufDat="2005-10-13"/>
  <Kunden KundenNr="21949" KundEigtNr="23707" KundArt="2" KundStatus="1" KundAufDat="2005-10-13"/>
  <Kunden KundenNr="21950" KundEigtNr="23708" KundArt="2" KundStatus="1" KundAufDat="2005-10-13"/>
  <Kunden KundenNr="21951" KundEigtNr="23709" KundArt="2" KundStatus="1" KundAufDat="2005-10-14"/>
  <Kunden KundenNr="21952" KundEigtNr="23661" KundArt="29" KundStatus="1" KundAufDat="2005-10-14"/>
  <Kunden KundenNr="21953" KundEigtNr="23646" KundArt="29" KundStatus="1" KundAufDat="2005-10-14"/>
  <Kunden KundenNr="21954" KundEigtNr="23710" KundArt="2" KundStatus="3" KundAufDat="2005-10-14"/>
  <Kunden KundenNr="21955" KundEigtNr="23711" KundArt="2" KundStatus="1" KundAufDat="2005-10-14"/>
  <Kunden KundenNr="21956" KundEigtNr="23712" KundArt="8" KundStatus="3" KundAufDat="2005-10-14"/>
  <Kunden KundenNr="21957" KundEigtNr="23713" KundArt="2" KundStatus="3" KundAufDat="2005-10-17"/>
  <Kunden KundenNr="21958" KundEigtNr="23714" KundArt="8" KundStatus="1" KundAufDat="2005-10-17"/>
  <Kunden KundenNr="21959" KundEigtNr="23715" KundArt="8" KundStatus="3" KundAufDat="2005-10-17"/>
  <Kunden KundenNr="21960" KundEigtNr="23716" KundArt="8" KundStatus="3" KundAufDat="2005-10-17"/>
  <Kunden KundenNr="21961" KundEigtNr="23717" KundArt="8" KundStatus="3" KundAufDat="2005-10-17"/>
  <Kunden KundenNr="21962" KundEigtNr="23718" KundArt="8" KundStatus="3" KundAufDat="2005-10-17"/>
  <Kunden KundenNr="21963" KundEigtNr="23719" KundArt="2" KundStatus="3" KundAufDat="2005-10-17"/>
  <Kunden KundenNr="21964" KundEigtNr="23720" KundArt="2" KundStatus="3" KundAufDat="2005-10-17"/>
  <Kunden KundenNr="21965" KundEigtNr="23721" KundArt="8" KundStatus="3" KundAufDat="2005-10-17"/>
  <Kunden KundenNr="21966" KundEigtNr="23722" KundArt="8" KundStatus="3" KundAufDat="2005-10-17"/>
  <Kunden KundenNr="21967" KundEigtNr="23723" KundArt="2" KundStatus="1" KundAufDat="2005-10-17"/>
  <Kunden KundenNr="21968" KundEigtNr="23724" KundArt="2" KundStatus="3" KundAufDat="2005-10-17"/>
  <Kunden KundenNr="21969" KundEigtNr="23725" KundArt="2" KundStatus="1" KundAufDat="2005-10-17"/>
  <Kunden KundenNr="21970" KundEigtNr="23491" KundArt="2" KundStatus="1" KundAufDat="2005-10-17"/>
  <Kunden KundenNr="21971" KundEigtNr="23726" KundArt="2" KundStatus="3" KundAufDat="2005-10-17"/>
  <Kunden KundenNr="21972" KundEigtNr="22649" KundArt="2" KundStatus="3" KundAufDat="2005-10-17"/>
  <Kunden KundenNr="21973" KundEigtNr="23727" KundArt="8" KundStatus="3" KundAufDat="2005-10-17"/>
  <Kunden KundenNr="21974" KundEigtNr="23728" KundArt="8" KundStatus="3" KundAufDat="2005-10-17"/>
  <Kunden KundenNr="21975" KundEigtNr="23729" KundArt="8" KundStatus="1" KundAufDat="2005-10-17"/>
  <Kunden KundenNr="21976" KundEigtNr="23730" KundArt="8" KundStatus="3" KundAufDat="2005-10-17"/>
  <Kunden KundenNr="21977" KundEigtNr="23731" KundArt="1" KundStatus="3" KundAufDat="2005-10-18"/>
  <Kunden KundenNr="21978" KundEigtNr="23732" KundArt="2" KundStatus="3" KundAufDat="2005-10-18"/>
  <Kunden KundenNr="21979" KundEigtNr="23733" KundArt="2" KundStatus="3" KundAufDat="2005-10-18"/>
  <Kunden KundenNr="21980" KundEigtNr="23734" KundArt="2" KundStatus="3" KundAufDat="2005-10-18"/>
  <Kunden KundenNr="21981" KundEigtNr="23735" KundArt="2" KundStatus="3" KundAufDat="2005-10-18"/>
  <Kunden KundenNr="21982" KundEigtNr="23736" KundArt="2" KundStatus="1" KundAufDat="2005-10-18"/>
  <Kunden KundenNr="21983" KundEigtNr="23737" KundArt="2" KundStatus="3" KundAufDat="2005-10-18"/>
  <Kunden KundenNr="21984" KundEigtNr="22542" KundArt="8" KundStatus="1" KundAufDat="2005-10-18"/>
  <Kunden KundenNr="21985" KundEigtNr="23740" KundArt="8" KundStatus="3" KundAufDat="2005-10-18"/>
  <Kunden KundenNr="21986" KundEigtNr="23743" KundArt="2" KundStatus="3" KundAufDat="2005-10-18"/>
  <Kunden KundenNr="21987" KundEigtNr="23745" KundArt="1" KundStatus="3" KundAufDat="2005-10-18"/>
  <Kunden KundenNr="21988" KundEigtNr="23746" KundArt="2" KundStatus="3" KundAufDat="2005-10-18"/>
  <Kunden KundenNr="21989" KundEigtNr="23747" KundArt="2" KundStatus="1" KundAufDat="2005-10-18"/>
  <Kunden KundenNr="21990" KundEigtNr="23748" KundArt="2" KundStatus="3" KundAufDat="2005-10-18"/>
  <Kunden KundenNr="21991" KundEigtNr="23749" KundArt="2" KundStatus="3" KundAufDat="2005-10-18"/>
  <Kunden KundenNr="21992" KundEigtNr="23751" KundArt="1" KundStatus="1" KundAufDat="2005-10-18"/>
  <Kunden KundenNr="21993" KundEigtNr="23752" KundArt="1" KundStatus="3" KundAufDat="2005-10-19"/>
  <Kunden KundenNr="21994" KundEigtNr="23753" KundArt="8" KundStatus="3" KundAufDat="2005-10-19"/>
  <Kunden KundenNr="21995" KundEigtNr="23759" KundArt="2" KundStatus="3" KundAufDat="2005-10-19"/>
  <Kunden KundenNr="21996" KundEigtNr="23760" KundArt="8" KundStatus="3" KundAufDat="2005-10-19"/>
  <Kunden KundenNr="21997" KundEigtNr="23761" KundArt="2" KundStatus="1" KundAufDat="2005-10-19"/>
  <Kunden KundenNr="21998" KundEigtNr="23762" KundArt="2" KundStatus="3" KundAufDat="2005-10-19"/>
  <Kunden KundenNr="21999" KundEigtNr="23763" KundArt="8" KundStatus="3" KundAufDat="2005-10-19"/>
  <Kunden KundenNr="22000" KundEigtNr="23764" KundArt="1" KundStatus="3" KundAufDat="2005-10-19"/>
  <Kunden KundenNr="22001" KundEigtNr="23765" KundArt="8" KundStatus="3" KundAufDat="2005-10-19"/>
  <Kunden KundenNr="22002" KundEigtNr="23766" KundArt="1" KundStatus="3" KundAufDat="2005-10-20"/>
  <Kunden KundenNr="22003" KundEigtNr="23767" KundArt="1" KundStatus="3" KundAufDat="2005-10-20"/>
  <Kunden KundenNr="22004" KundEigtNr="23768" KundArt="2" KundStatus="3" KundAufDat="2005-10-20"/>
  <Kunden KundenNr="22005" KundEigtNr="23769" KundArt="2" KundStatus="1" KundAufDat="2005-10-20"/>
  <Kunden KundenNr="22006" KundEigtNr="23770" KundArt="29" KundStatus="1" KundAufDat="2005-10-20"/>
  <Kunden KundenNr="22007" KundEigtNr="23771" KundArt="2" KundStatus="1" KundAufDat="2005-10-21"/>
  <Kunden KundenNr="22008" KundEigtNr="23772" KundArt="2" KundStatus="1" KundAufDat="2005-10-21"/>
  <Kunden KundenNr="22009" KundEigtNr="23773" KundArt="8" KundStatus="1" KundAufDat="2005-10-21"/>
  <Kunden KundenNr="22010" KundEigtNr="23774" KundArt="8" KundStatus="3" KundAufDat="2005-10-21"/>
  <Kunden KundenNr="22011" KundEigtNr="23775" KundArt="8" KundStatus="3" KundAufDat="2005-10-21"/>
  <Kunden KundenNr="22012" KundEigtNr="23776" KundArt="2" KundStatus="3" KundAufDat="2005-10-24"/>
  <Kunden KundenNr="22013" KundEigtNr="23777" KundArt="2" KundStatus="3" KundAufDat="2005-10-24"/>
  <Kunden KundenNr="22014" KundEigtNr="23778" KundArt="2" KundStatus="3" KundAufDat="2005-10-24"/>
  <Kunden KundenNr="22015" KundEigtNr="23779" KundArt="2" KundStatus="3" KundAufDat="2005-10-24"/>
  <Kunden KundenNr="22016" KundEigtNr="23780" KundArt="2" KundStatus="3" KundAufDat="2005-10-24"/>
  <Kunden KundenNr="22017" KundEigtNr="23745" KundArt="8" KundStatus="3" KundAufDat="2005-10-24"/>
  <Kunden KundenNr="22018" KundEigtNr="23781" KundArt="2" KundStatus="3" KundAufDat="2005-10-24"/>
  <Kunden KundenNr="22019" KundEigtNr="23782" KundArt="8" KundStatus="3" KundAufDat="2005-10-24"/>
  <Kunden KundenNr="22020" KundEigtNr="23783" KundArt="2" KundStatus="3" KundAufDat="2005-10-24"/>
  <Kunden KundenNr="22021" KundEigtNr="23784" KundArt="8" KundStatus="1" KundAufDat="2005-10-24"/>
  <Kunden KundenNr="22022" KundEigtNr="23785" KundArt="8" KundStatus="3" KundAufDat="2005-10-24"/>
  <Kunden KundenNr="22023" KundEigtNr="23631" KundArt="29" KundStatus="1" KundAufDat="2005-10-24"/>
  <Kunden KundenNr="22024" KundEigtNr="23786" KundArt="2" KundStatus="3" KundAufDat="2005-10-24"/>
  <Kunden KundenNr="22025" KundEigtNr="23787" KundArt="2" KundStatus="3" KundAufDat="2005-10-24"/>
  <Kunden KundenNr="22026" KundEigtNr="23788" KundArt="2" KundStatus="3" KundAufDat="2005-10-24"/>
  <Kunden KundenNr="22027" KundEigtNr="23782" KundArt="2" KundStatus="1" KundAufDat="2005-10-24"/>
  <Kunden KundenNr="22028" KundEigtNr="23789" KundArt="2" KundStatus="3" KundAufDat="2005-10-24"/>
  <Kunden KundenNr="22029" KundEigtNr="23790" KundArt="29" KundStatus="1" KundAufDat="2005-10-24"/>
  <Kunden KundenNr="22030" KundEigtNr="23791" KundArt="2" KundStatus="3" KundAufDat="2005-10-24"/>
  <Kunden KundenNr="22031" KundEigtNr="22766" KundArt="29" KundStatus="1" KundAufDat="2005-10-24"/>
  <Kunden KundenNr="22032" KundEigtNr="23792" KundArt="8" KundStatus="3" KundAufDat="2005-10-24"/>
  <Kunden KundenNr="22033" KundEigtNr="23793" KundArt="8" KundStatus="3" KundAufDat="2005-10-24"/>
  <Kunden KundenNr="22034" KundEigtNr="23794" KundArt="8" KundStatus="3" KundAufDat="2005-10-24"/>
  <Kunden KundenNr="22035" KundEigtNr="23795" KundArt="8" KundStatus="3" KundAufDat="2005-10-24"/>
  <Kunden KundenNr="22036" KundEigtNr="23797" KundArt="8" KundStatus="3" KundAufDat="2005-10-24"/>
  <Kunden KundenNr="22037" KundEigtNr="23798" KundArt="8" KundStatus="3" KundAufDat="2005-10-24"/>
  <Kunden KundenNr="22038" KundEigtNr="23799" KundArt="8" KundStatus="3" KundAufDat="2005-10-24"/>
  <Kunden KundenNr="22039" KundEigtNr="23800" KundArt="2" KundStatus="3" KundAufDat="2005-10-25"/>
  <Kunden KundenNr="22040" KundEigtNr="23801" KundArt="1" KundStatus="3" KundAufDat="2005-10-25"/>
  <Kunden KundenNr="22041" KundEigtNr="23802" KundArt="2" KundStatus="3" KundAufDat="2005-10-25"/>
  <Kunden KundenNr="22042" KundEigtNr="23803" KundArt="8" KundStatus="3" KundAufDat="2005-10-25"/>
  <Kunden KundenNr="22043" KundEigtNr="23738" KundArt="29" KundStatus="1" KundAufDat="2005-10-25"/>
  <Kunden KundenNr="22044" KundEigtNr="23804" KundArt="2" KundStatus="1" KundAufDat="2005-10-25"/>
  <Kunden KundenNr="22045" KundEigtNr="23805" KundArt="8" KundStatus="3" KundAufDat="2005-10-25"/>
  <Kunden KundenNr="22046" KundEigtNr="23806" KundArt="2" KundStatus="3" KundAufDat="2005-10-26"/>
  <Kunden KundenNr="22047" KundEigtNr="23807" KundArt="1" KundStatus="3" KundAufDat="2005-10-26"/>
  <Kunden KundenNr="22048" KundEigtNr="23750" KundArt="29" KundStatus="1" KundAufDat="2005-10-26"/>
  <Kunden KundenNr="22049" KundEigtNr="23808" KundArt="2" KundStatus="3" KundAufDat="2005-10-26"/>
  <Kunden KundenNr="22050" KundEigtNr="22412" KundArt="8" KundStatus="3" KundAufDat="2005-10-26"/>
  <Kunden KundenNr="22051" KundEigtNr="23809" KundArt="2" KundStatus="1" KundAufDat="2005-10-26"/>
  <Kunden KundenNr="22052" KundEigtNr="23810" KundArt="8" KundStatus="1" KundAufDat="2005-10-26"/>
  <Kunden KundenNr="22053" KundEigtNr="21649" KundArt="29" KundStatus="1" KundAufDat="2005-10-26"/>
  <Kunden KundenNr="22054" KundEigtNr="23811" KundArt="2" KundStatus="3" KundAufDat="2005-10-26"/>
  <Kunden KundenNr="22055" KundEigtNr="23812" KundArt="2" KundStatus="3" KundAufDat="2005-10-26"/>
  <Kunden KundenNr="22056" KundEigtNr="23813" KundArt="2" KundStatus="1" KundAufDat="2005-10-26"/>
  <Kunden KundenNr="22057" KundEigtNr="23814" KundArt="1" KundStatus="3" KundAufDat="2005-10-26"/>
  <Kunden KundenNr="22058" KundEigtNr="23815" KundArt="8" KundStatus="3" KundAufDat="2005-10-26"/>
  <Kunden KundenNr="22059" KundEigtNr="23816" KundArt="2" KundStatus="3" KundAufDat="2005-10-26"/>
  <Kunden KundenNr="22060" KundEigtNr="23817" KundArt="29" KundStatus="1" KundAufDat="2005-10-26"/>
  <Kunden KundenNr="22061" KundEigtNr="23818" KundArt="8" KundStatus="3" KundAufDat="2005-10-26"/>
  <Kunden KundenNr="22062" KundEigtNr="23161" KundArt="2" KundStatus="1" KundAufDat="2005-10-26"/>
  <Kunden KundenNr="22063" KundEigtNr="23819" KundArt="1" KundStatus="3" KundAufDat="2005-10-27"/>
  <Kunden KundenNr="22064" KundEigtNr="23820" KundArt="1" KundStatus="3" KundAufDat="2005-10-27"/>
  <Kunden KundenNr="22065" KundEigtNr="23821" KundArt="1" KundStatus="3" KundAufDat="2005-10-27"/>
  <Kunden KundenNr="22066" KundEigtNr="23822" KundArt="1" KundStatus="1" KundAufDat="2005-10-27"/>
  <Kunden KundenNr="22067" KundEigtNr="23823" KundArt="2" KundStatus="3" KundAufDat="2005-10-27"/>
  <Kunden KundenNr="22068" KundEigtNr="23824" KundArt="29" KundStatus="1" KundAufDat="2005-10-27"/>
  <Kunden KundenNr="22069" KundEigtNr="23825" KundArt="2" KundStatus="3" KundAufDat="2005-10-27"/>
  <Kunden KundenNr="22070" KundEigtNr="23484" KundArt="8" KundStatus="3" KundAufDat="2005-10-27"/>
  <Kunden KundenNr="22071" KundEigtNr="23826" KundArt="29" KundStatus="1" KundAufDat="2005-10-27"/>
  <Kunden KundenNr="22072" KundEigtNr="23834" KundArt="2" KundStatus="3" KundAufDat="2005-10-27"/>
  <Kunden KundenNr="22073" KundEigtNr="23835" KundArt="2" KundStatus="1" KundAufDat="2005-10-28"/>
  <Kunden KundenNr="22074" KundEigtNr="23836" KundArt="2" KundStatus="3" KundAufDat="2005-10-28"/>
  <Kunden KundenNr="22075" KundEigtNr="23837" KundArt="1" KundStatus="1" KundAufDat="2005-10-28"/>
  <Kunden KundenNr="22076" KundEigtNr="23838" KundArt="8" KundStatus="1" KundAufDat="2005-10-28"/>
  <Kunden KundenNr="22077" KundEigtNr="23839" KundArt="2" KundStatus="3" KundAufDat="2005-10-28"/>
  <Kunden KundenNr="22078" KundEigtNr="23840" KundArt="1" KundStatus="1" KundAufDat="2005-10-28"/>
  <Kunden KundenNr="22079" KundEigtNr="23841" KundArt="2" KundStatus="3" KundAufDat="2005-10-28"/>
  <Kunden KundenNr="22080" KundEigtNr="23842" KundArt="2" KundStatus="3" KundAufDat="2005-10-28"/>
  <Kunden KundenNr="22081" KundEigtNr="23843" KundArt="2" KundStatus="1" KundAufDat="2005-10-28"/>
  <Kunden KundenNr="22082" KundEigtNr="23844" KundArt="2" KundStatus="1" KundAufDat="2005-10-31"/>
  <Kunden KundenNr="22083" KundEigtNr="23845" KundArt="8" KundStatus="3" KundAufDat="2005-10-31"/>
  <Kunden KundenNr="22084" KundEigtNr="23846" KundArt="8" KundStatus="3" KundAufDat="2005-10-31"/>
  <Kunden KundenNr="22085" KundEigtNr="23847" KundArt="2" KundStatus="3" KundAufDat="2005-10-31"/>
  <Kunden KundenNr="22086" KundEigtNr="23171" KundArt="8" KundStatus="3" KundAufDat="2005-10-31"/>
  <Kunden KundenNr="22087" KundEigtNr="23848" KundArt="8" KundStatus="1" KundAufDat="2005-10-31"/>
  <Kunden KundenNr="22088" KundEigtNr="23849" KundArt="2" KundStatus="3" KundAufDat="2005-10-31"/>
  <Kunden KundenNr="22089" KundEigtNr="23850" KundArt="8" KundStatus="3" KundAufDat="2005-10-31"/>
  <Kunden KundenNr="22090" KundEigtNr="23851" KundArt="8" KundStatus="1" KundAufDat="2005-10-31"/>
  <Kunden KundenNr="22091" KundEigtNr="23852" KundArt="8" KundStatus="1" KundAufDat="2005-10-31"/>
  <Kunden KundenNr="22092" KundEigtNr="23853" KundArt="2" KundStatus="3" KundAufDat="2005-10-31"/>
  <Kunden KundenNr="22093" KundEigtNr="21470" KundArt="8" KundStatus="3" KundAufDat="2005-10-31"/>
  <Kunden KundenNr="22094" KundEigtNr="14075" KundArt="8" KundStatus="1" KundAufDat="2005-10-31"/>
  <Kunden KundenNr="22095" KundEigtNr="23854" KundArt="2" KundStatus="3" KundAufDat="2005-11-01"/>
  <Kunden KundenNr="22096" KundEigtNr="23855" KundArt="2" KundStatus="1" KundAufDat="2005-11-01"/>
  <Kunden KundenNr="22097" KundEigtNr="23856" KundArt="29" KundStatus="1" KundAufDat="2005-11-01"/>
  <Kunden KundenNr="22098" KundEigtNr="23857" KundArt="29" KundStatus="1" KundAufDat="2005-11-01"/>
  <Kunden KundenNr="22099" KundEigtNr="23858" KundArt="8" KundStatus="3" KundAufDat="2005-11-01"/>
  <Kunden KundenNr="22100" KundEigtNr="21082" KundArt="29" KundStatus="1" KundAufDat="2005-11-01"/>
  <Kunden KundenNr="22101" KundEigtNr="12750" KundArt="1" KundStatus="3" KundAufDat="2005-11-01"/>
  <Kunden KundenNr="22102" KundEigtNr="23859" KundArt="1" KundStatus="1" KundAufDat="2005-11-01"/>
  <Kunden KundenNr="22103" KundEigtNr="23860" KundArt="29" KundStatus="1" KundAufDat="2005-11-01"/>
  <Kunden KundenNr="22104" KundEigtNr="23861" KundArt="2" KundStatus="1" KundAufDat="2005-11-01"/>
  <Kunden KundenNr="22105" KundEigtNr="22007" KundArt="8" KundStatus="3" KundAufDat="2005-11-01"/>
  <Kunden KundenNr="22106" KundEigtNr="23862" KundArt="8" KundStatus="3" KundAufDat="2005-11-01"/>
  <Kunden KundenNr="22107" KundEigtNr="23863" KundArt="2" KundStatus="3" KundAufDat="2005-11-01"/>
  <Kunden KundenNr="22108" KundEigtNr="23864" KundArt="1" KundStatus="3" KundAufDat="2005-11-02"/>
  <Kunden KundenNr="22109" KundEigtNr="23865" KundArt="2" KundStatus="1" KundAufDat="2005-11-02"/>
  <Kunden KundenNr="22110" KundEigtNr="23866" KundArt="2" KundStatus="3" KundAufDat="2005-11-02"/>
  <Kunden KundenNr="22111" KundEigtNr="23115" KundArt="2" KundStatus="1" KundAufDat="2005-11-02"/>
  <Kunden KundenNr="22112" KundEigtNr="23867" KundArt="29" KundStatus="1" KundAufDat="2005-11-02"/>
  <Kunden KundenNr="22113" KundEigtNr="23868" KundArt="29" KundStatus="1" KundAufDat="2005-11-02"/>
  <Kunden KundenNr="22114" KundEigtNr="23869" KundArt="2" KundStatus="3" KundAufDat="2005-11-02"/>
  <Kunden KundenNr="22115" KundEigtNr="23870" KundArt="1" KundStatus="1" KundAufDat="2005-11-02"/>
  <Kunden KundenNr="22116" KundEigtNr="23871" KundArt="2" KundStatus="3" KundAufDat="2005-11-02"/>
  <Kunden KundenNr="22117" KundEigtNr="23872" KundArt="2" KundStatus="3" KundAufDat="2005-11-02"/>
  <Kunden KundenNr="22118" KundEigtNr="23873" KundArt="2" KundStatus="3" KundAufDat="2005-11-02"/>
  <Kunden KundenNr="22119" KundEigtNr="23874" KundArt="2" KundStatus="3" KundAufDat="2005-11-02"/>
  <Kunden KundenNr="22120" KundEigtNr="23875" KundArt="2" KundStatus="1" KundAufDat="2005-11-02"/>
  <Kunden KundenNr="22121" KundEigtNr="23876" KundArt="2" KundStatus="3" KundAufDat="2005-11-02"/>
  <Kunden KundenNr="22122" KundEigtNr="23877" KundArt="2" KundStatus="1" KundAufDat="2005-11-02"/>
  <Kunden KundenNr="22123" KundEigtNr="23878" KundArt="2" KundStatus="3" KundAufDat="2005-11-02"/>
  <Kunden KundenNr="22124" KundEigtNr="23885" KundArt="2" KundStatus="3" KundAufDat="2005-11-03"/>
  <Kunden KundenNr="22125" KundEigtNr="23886" KundArt="2" KundStatus="3" KundAufDat="2005-11-03"/>
  <Kunden KundenNr="22126" KundEigtNr="23900" KundArt="29" KundStatus="1" KundAufDat="2005-11-03"/>
  <Kunden KundenNr="22127" KundEigtNr="23901" KundArt="2" KundStatus="3" KundAufDat="2005-11-03"/>
  <Kunden KundenNr="22128" KundEigtNr="23902" KundArt="8" KundStatus="1" KundAufDat="2005-11-03"/>
  <Kunden KundenNr="22129" KundEigtNr="23903" KundArt="1" KundStatus="1" KundAufDat="2005-11-03"/>
  <Kunden KundenNr="22130" KundEigtNr="23877" KundArt="8" KundStatus="1" KundAufDat="2005-11-03"/>
  <Kunden KundenNr="22131" KundEigtNr="23904" KundArt="8" KundStatus="3" KundAufDat="2005-11-04"/>
  <Kunden KundenNr="22132" KundEigtNr="23905" KundArt="8" KundStatus="3" KundAufDat="2005-11-04"/>
  <Kunden KundenNr="22133" KundEigtNr="23906" KundArt="2" KundStatus="3" KundAufDat="2005-11-04"/>
  <Kunden KundenNr="22134" KundEigtNr="23907" KundArt="2" KundStatus="3" KundAufDat="2005-11-04"/>
  <Kunden KundenNr="22135" KundEigtNr="20169" KundArt="2" KundStatus="3" KundAufDat="2005-11-04"/>
  <Kunden KundenNr="22136" KundEigtNr="23908" KundArt="2" KundStatus="3" KundAufDat="2005-11-04"/>
  <Kunden KundenNr="22137" KundEigtNr="23909" KundArt="1" KundStatus="3" KundAufDat="2005-11-04"/>
  <Kunden KundenNr="22138" KundEigtNr="23910" KundArt="8" KundStatus="3" KundAufDat="2005-11-04"/>
  <Kunden KundenNr="22139" KundEigtNr="23911" KundArt="1" KundStatus="1" KundAufDat="2005-11-04"/>
  <Kunden KundenNr="22140" KundEigtNr="23912" KundArt="2" KundStatus="3" KundAufDat="2005-11-04"/>
  <Kunden KundenNr="22141" KundEigtNr="23913" KundArt="1" KundStatus="1" KundAufDat="2005-11-04"/>
  <Kunden KundenNr="22142" KundEigtNr="23914" KundArt="2" KundStatus="3" KundAufDat="2005-11-04"/>
  <Kunden KundenNr="22143" KundEigtNr="23915" KundArt="2" KundStatus="3" KundAufDat="2005-11-04"/>
  <Kunden KundenNr="22144" KundEigtNr="23645" KundArt="2" KundStatus="1" KundAufDat="2005-11-04"/>
  <Kunden KundenNr="22145" KundEigtNr="23916" KundArt="8" KundStatus="3" KundAufDat="2005-11-04"/>
  <Kunden KundenNr="22146" KundEigtNr="22771" KundArt="2" KundStatus="1" KundAufDat="2005-11-07"/>
  <Kunden KundenNr="22147" KundEigtNr="23917" KundArt="2" KundStatus="3" KundAufDat="2005-11-07"/>
  <Kunden KundenNr="22148" KundEigtNr="23918" KundArt="2" KundStatus="1" KundAufDat="2005-11-07"/>
  <Kunden KundenNr="22149" KundEigtNr="15853" KundArt="2" KundStatus="3" KundAufDat="2005-11-07"/>
  <Kunden KundenNr="22150" KundEigtNr="23919" KundArt="2" KundStatus="3" KundAufDat="2005-11-07"/>
  <Kunden KundenNr="22151" KundEigtNr="23920" KundArt="8" KundStatus="1" KundAufDat="2005-11-07"/>
  <Kunden KundenNr="22152" KundEigtNr="23921" KundArt="8" KundStatus="3" KundAufDat="2005-11-07"/>
  <Kunden KundenNr="22153" KundEigtNr="23497" KundArt="8" KundStatus="1" KundAufDat="2005-11-07"/>
  <Kunden KundenNr="22154" KundEigtNr="5347" KundArt="2" KundStatus="3" KundAufDat="2005-11-07"/>
  <Kunden KundenNr="22155" KundEigtNr="23922" KundArt="2" KundStatus="3" KundAufDat="2005-11-07"/>
  <Kunden KundenNr="22156" KundEigtNr="23923" KundArt="2" KundStatus="1" KundAufDat="2005-11-07"/>
  <Kunden KundenNr="22157" KundEigtNr="23924" KundArt="2" KundStatus="1" KundAufDat="2005-11-07"/>
  <Kunden KundenNr="22158" KundEigtNr="23925" KundArt="8" KundStatus="3" KundAufDat="2005-11-07"/>
  <Kunden KundenNr="22159" KundEigtNr="23926" KundArt="8" KundStatus="3" KundAufDat="2005-11-07"/>
  <Kunden KundenNr="22160" KundEigtNr="23927" KundArt="8" KundStatus="3" KundAufDat="2005-11-07"/>
  <Kunden KundenNr="22161" KundEigtNr="23928" KundArt="2" KundStatus="3" KundAufDat="2005-11-07"/>
  <Kunden KundenNr="22162" KundEigtNr="23929" KundArt="2" KundStatus="3" KundAufDat="2005-11-07"/>
  <Kunden KundenNr="22163" KundEigtNr="12488" KundArt="2" KundStatus="1" KundAufDat="2005-11-07"/>
  <Kunden KundenNr="22164" KundEigtNr="23930" KundArt="2" KundStatus="1" KundAufDat="2005-11-07"/>
  <Kunden KundenNr="22165" KundEigtNr="23334" KundArt="1" KundStatus="3" KundAufDat="2005-11-07"/>
  <Kunden KundenNr="22166" KundEigtNr="23931" KundArt="8" KundStatus="3" KundAufDat="2005-11-07"/>
  <Kunden KundenNr="22167" KundEigtNr="23932" KundArt="1" KundStatus="1" KundAufDat="2005-11-07"/>
  <Kunden KundenNr="22168" KundEigtNr="23934" KundArt="1" KundStatus="3" KundAufDat="2005-11-07"/>
  <Kunden KundenNr="22169" KundEigtNr="23935" KundArt="2" KundStatus="3" KundAufDat="2005-11-08"/>
  <Kunden KundenNr="22170" KundEigtNr="23936" KundArt="8" KundStatus="3" KundAufDat="2005-11-08"/>
  <Kunden KundenNr="22171" KundEigtNr="20014" KundArt="2" KundStatus="1" KundAufDat="2005-11-08"/>
  <Kunden KundenNr="22172" KundEigtNr="23937" KundArt="29" KundStatus="3" KundAufDat="2005-11-08"/>
  <Kunden KundenNr="22173" KundEigtNr="23938" KundArt="2" KundStatus="3" KundAufDat="2005-11-08"/>
  <Kunden KundenNr="22174" KundEigtNr="23939" KundArt="8" KundStatus="3" KundAufDat="2005-11-08"/>
  <Kunden KundenNr="22175" KundEigtNr="23940" KundArt="2" KundStatus="1" KundAufDat="2005-11-08"/>
  <Kunden KundenNr="22176" KundEigtNr="23941" KundArt="2" KundStatus="3" KundAufDat="2005-11-08"/>
  <Kunden KundenNr="22177" KundEigtNr="23942" KundArt="8" KundStatus="3" KundAufDat="2005-11-08"/>
  <Kunden KundenNr="22178" KundEigtNr="20867" KundArt="2" KundStatus="1" KundAufDat="2005-11-08"/>
  <Kunden KundenNr="22179" KundEigtNr="23943" KundArt="2" KundStatus="3" KundAufDat="2005-11-08"/>
  <Kunden KundenNr="22180" KundEigtNr="23944" KundArt="2" KundStatus="1" KundAufDat="2005-11-08"/>
  <Kunden KundenNr="22181" KundEigtNr="23945" KundArt="8" KundStatus="3" KundAufDat="2005-11-08"/>
  <Kunden KundenNr="22182" KundEigtNr="23680" KundArt="29" KundStatus="1" KundAufDat="2005-11-08"/>
  <Kunden KundenNr="22183" KundEigtNr="23946" KundArt="2" KundStatus="3" KundAufDat="2005-11-09"/>
  <Kunden KundenNr="22184" KundEigtNr="23947" KundArt="2" KundStatus="3" KundAufDat="2005-11-09"/>
  <Kunden KundenNr="22185" KundEigtNr="23952" KundArt="2" KundStatus="3" KundAufDat="2005-11-09"/>
  <Kunden KundenNr="22186" KundEigtNr="23953" KundArt="2" KundStatus="3" KundAufDat="2005-11-09"/>
  <Kunden KundenNr="22187" KundEigtNr="23954" KundArt="2" KundStatus="3" KundAufDat="2005-11-09"/>
  <Kunden KundenNr="22188" KundEigtNr="23956" KundArt="8" KundStatus="3" KundAufDat="2005-11-09"/>
  <Kunden KundenNr="22189" KundEigtNr="23961" KundArt="2" KundStatus="3" KundAufDat="2005-11-09"/>
  <Kunden KundenNr="22190" KundEigtNr="23962" KundArt="2" KundStatus="1" KundAufDat="2005-11-09"/>
  <Kunden KundenNr="22191" KundEigtNr="23963" KundArt="2" KundStatus="1" KundAufDat="2005-11-09"/>
  <Kunden KundenNr="22192" KundEigtNr="23964" KundArt="1" KundStatus="3" KundAufDat="2005-11-09"/>
  <Kunden KundenNr="22193" KundEigtNr="23965" KundArt="2" KundStatus="3" KundAufDat="2005-11-09"/>
  <Kunden KundenNr="22194" KundEigtNr="23966" KundArt="8" KundStatus="3" KundAufDat="2005-11-09"/>
  <Kunden KundenNr="22195" KundEigtNr="23967" KundArt="1" KundStatus="3" KundAufDat="2005-11-09"/>
  <Kunden KundenNr="22196" KundEigtNr="23968" KundArt="1" KundStatus="1" KundAufDat="2005-11-09"/>
  <Kunden KundenNr="22197" KundEigtNr="23969" KundArt="2" KundStatus="1" KundAufDat="2005-11-09"/>
  <Kunden KundenNr="22198" KundEigtNr="23844" KundArt="29" KundStatus="1" KundAufDat="2005-11-09"/>
  <Kunden KundenNr="22199" KundEigtNr="23970" KundArt="1" KundStatus="1" KundAufDat="2005-11-10"/>
  <Kunden KundenNr="22200" KundEigtNr="23971" KundArt="2" KundStatus="3" KundAufDat="2005-11-10"/>
  <Kunden KundenNr="22201" KundEigtNr="23972" KundArt="2" KundStatus="3" KundAufDat="2005-11-10"/>
  <Kunden KundenNr="22203" KundEigtNr="23973" KundArt="8" KundStatus="3" KundAufDat="2005-11-10"/>
  <Kunden KundenNr="22204" KundEigtNr="23974" KundArt="2" KundStatus="1" KundAufDat="2005-11-10"/>
  <Kunden KundenNr="22205" KundEigtNr="23903" KundArt="2" KundStatus="3" KundAufDat="2005-11-10"/>
  <Kunden KundenNr="22206" KundEigtNr="23975" KundArt="8" KundStatus="3" KundAufDat="2005-11-10"/>
  <Kunden KundenNr="22207" KundEigtNr="23978" KundArt="2" KundStatus="1" KundAufDat="2005-11-11"/>
  <Kunden KundenNr="22208" KundEigtNr="23978" KundArt="2" KundStatus="3" KundAufDat="2005-11-11"/>
  <Kunden KundenNr="22209" KundEigtNr="23979" KundArt="8" KundStatus="3" KundAufDat="2005-11-11"/>
  <Kunden KundenNr="22210" KundEigtNr="23980" KundArt="29" KundStatus="1" KundAufDat="2005-11-11"/>
  <Kunden KundenNr="22211" KundEigtNr="23981" KundArt="2" KundStatus="1" KundAufDat="2005-11-11"/>
  <Kunden KundenNr="22212" KundEigtNr="23982" KundArt="8" KundStatus="3" KundAufDat="2005-11-14"/>
  <Kunden KundenNr="22213" KundEigtNr="23983" KundArt="8" KundStatus="3" KundAufDat="2005-11-14"/>
  <Kunden KundenNr="22214" KundEigtNr="23984" KundArt="8" KundStatus="1" KundAufDat="2005-11-14"/>
  <Kunden KundenNr="22215" KundEigtNr="23985" KundArt="2" KundStatus="1" KundAufDat="2005-11-14"/>
  <Kunden KundenNr="22216" KundEigtNr="23986" KundArt="2" KundStatus="3" KundAufDat="2005-11-14"/>
  <Kunden KundenNr="22217" KundEigtNr="23987" KundArt="2" KundStatus="3" KundAufDat="2005-11-14"/>
  <Kunden KundenNr="22218" KundEigtNr="23988" KundArt="2" KundStatus="1" KundAufDat="2005-11-14"/>
  <Kunden KundenNr="22219" KundEigtNr="23989" KundArt="2" KundStatus="3" KundAufDat="2005-11-14"/>
  <Kunden KundenNr="22220" KundEigtNr="23990" KundArt="2" KundStatus="3" KundAufDat="2005-11-14"/>
  <Kunden KundenNr="22221" KundEigtNr="23991" KundArt="8" KundStatus="3" KundAufDat="2005-11-14"/>
  <Kunden KundenNr="22222" KundEigtNr="8072" KundArt="2" KundStatus="3" KundAufDat="2005-11-14"/>
  <Kunden KundenNr="22223" KundEigtNr="23992" KundArt="2" KundStatus="1" KundAufDat="2005-11-14"/>
  <Kunden KundenNr="22224" KundEigtNr="23993" KundArt="8" KundStatus="1" KundAufDat="2005-11-14"/>
  <Kunden KundenNr="22225" KundEigtNr="23994" KundArt="8" KundStatus="1" KundAufDat="2005-11-14"/>
  <Kunden KundenNr="22226" KundEigtNr="23995" KundArt="8" KundStatus="1" KundAufDat="2005-11-14"/>
  <Kunden KundenNr="22227" KundEigtNr="23996" KundArt="2" KundStatus="3" KundAufDat="2005-11-14"/>
  <Kunden KundenNr="22228" KundEigtNr="23997" KundArt="8" KundStatus="1" KundAufDat="2005-11-14"/>
  <Kunden KundenNr="22229" KundEigtNr="23998" KundArt="2" KundStatus="3" KundAufDat="2005-11-14"/>
  <Kunden KundenNr="22230" KundEigtNr="23999" KundArt="2" KundStatus="1" KundAufDat="2005-11-14"/>
  <Kunden KundenNr="22231" KundEigtNr="24000" KundArt="8" KundStatus="3" KundAufDat="2005-11-14"/>
  <Kunden KundenNr="22232" KundEigtNr="24001" KundArt="8" KundStatus="1" KundAufDat="2005-11-14"/>
  <Kunden KundenNr="22233" KundEigtNr="24002" KundArt="8" KundStatus="3" KundAufDat="2005-11-14"/>
  <Kunden KundenNr="22234" KundEigtNr="24003" KundArt="8" KundStatus="3" KundAufDat="2005-11-14"/>
  <Kunden KundenNr="22235" KundEigtNr="24004" KundArt="2" KundStatus="1" KundAufDat="2005-11-14"/>
  <Kunden KundenNr="22236" KundEigtNr="24008" KundArt="2" KundStatus="3" KundAufDat="2005-11-14"/>
  <Kunden KundenNr="22237" KundEigtNr="23881" KundArt="29" KundStatus="1" KundAufDat="2005-11-14"/>
  <Kunden KundenNr="22238" KundEigtNr="24009" KundArt="2" KundStatus="1" KundAufDat="2005-11-14"/>
  <Kunden KundenNr="22239" KundEigtNr="24010" KundArt="2" KundStatus="1" KundAufDat="2005-11-14"/>
  <Kunden KundenNr="22240" KundEigtNr="24011" KundArt="2" KundStatus="3" KundAufDat="2005-11-15"/>
  <Kunden KundenNr="22241" KundEigtNr="24012" KundArt="2" KundStatus="3" KundAufDat="2005-11-15"/>
  <Kunden KundenNr="22242" KundEigtNr="24013" KundArt="2" KundStatus="3" KundAufDat="2005-11-15"/>
  <Kunden KundenNr="22243" KundEigtNr="24014" KundArt="8" KundStatus="1" KundAufDat="2005-11-15"/>
  <Kunden KundenNr="22244" KundEigtNr="21248" KundArt="1" KundStatus="3" KundAufDat="2005-11-15"/>
  <Kunden KundenNr="22245" KundEigtNr="23828" KundArt="29" KundStatus="1" KundAufDat="2005-11-15"/>
  <Kunden KundenNr="22246" KundEigtNr="24015" KundArt="8" KundStatus="1" KundAufDat="2005-11-15"/>
  <Kunden KundenNr="22247" KundEigtNr="24016" KundArt="2" KundStatus="3" KundAufDat="2005-11-15"/>
  <Kunden KundenNr="22248" KundEigtNr="24017" KundArt="8" KundStatus="3" KundAufDat="2005-11-15"/>
  <Kunden KundenNr="22249" KundEigtNr="24018" KundArt="8" KundStatus="1" KundAufDat="2005-11-15"/>
  <Kunden KundenNr="22250" KundEigtNr="24019" KundArt="2" KundStatus="3" KundAufDat="2005-11-15"/>
  <Kunden KundenNr="22251" KundEigtNr="24020" KundArt="29" KundStatus="1" KundAufDat="2005-11-16"/>
  <Kunden KundenNr="22252" KundEigtNr="24021" KundArt="8" KundStatus="3" KundAufDat="2005-11-16"/>
  <Kunden KundenNr="22253" KundEigtNr="24022" KundArt="29" KundStatus="1" KundAufDat="2005-11-16"/>
  <Kunden KundenNr="22254" KundEigtNr="24025" KundArt="8" KundStatus="1" KundAufDat="2005-11-16"/>
  <Kunden KundenNr="22255" KundEigtNr="24026" KundArt="8" KundStatus="3" KundAufDat="2005-11-16"/>
  <Kunden KundenNr="22256" KundEigtNr="24028" KundArt="2" KundStatus="3" KundAufDat="2005-11-16"/>
  <Kunden KundenNr="22257" KundEigtNr="24029" KundArt="8" KundStatus="3" KundAufDat="2005-11-16"/>
  <Kunden KundenNr="22258" KundEigtNr="24030" KundArt="2" KundStatus="3" KundAufDat="2005-11-16"/>
  <Kunden KundenNr="22259" KundEigtNr="24031" KundArt="2" KundStatus="3" KundAufDat="2005-11-16"/>
  <Kunden KundenNr="22260" KundEigtNr="24034" KundArt="2" KundStatus="3" KundAufDat="2005-11-16"/>
  <Kunden KundenNr="22261" KundEigtNr="24037" KundArt="2" KundStatus="1" KundAufDat="2005-11-16"/>
  <Kunden KundenNr="22262" KundEigtNr="23888" KundArt="29" KundStatus="1" KundAufDat="2005-11-16"/>
  <Kunden KundenNr="22263" KundEigtNr="24040" KundArt="8" KundStatus="1" KundAufDat="2005-11-16"/>
  <Kunden KundenNr="22264" KundEigtNr="24043" KundArt="2" KundStatus="1" KundAufDat="2005-11-17"/>
  <Kunden KundenNr="22265" KundEigtNr="24045" KundArt="29" KundStatus="1" KundAufDat="2005-11-17"/>
  <Kunden KundenNr="22266" KundEigtNr="24046" KundArt="8" KundStatus="1" KundAufDat="2005-11-17"/>
  <Kunden KundenNr="22267" KundEigtNr="24047" KundArt="8" KundStatus="3" KundAufDat="2005-11-17"/>
  <Kunden KundenNr="22268" KundEigtNr="24048" KundArt="2" KundStatus="1" KundAufDat="2005-11-17"/>
  <Kunden KundenNr="22269" KundEigtNr="24049" KundArt="2" KundStatus="1" KundAufDat="2005-11-17"/>
  <Kunden KundenNr="22270" KundEigtNr="24050" KundArt="8" KundStatus="3" KundAufDat="2005-11-17"/>
  <Kunden KundenNr="22271" KundEigtNr="24051" KundArt="2" KundStatus="3" KundAufDat="2005-11-17"/>
  <Kunden KundenNr="22272" KundEigtNr="24052" KundArt="2" KundStatus="3" KundAufDat="2005-11-17"/>
  <Kunden KundenNr="22273" KundEigtNr="24053" KundArt="2" KundStatus="1" KundAufDat="2005-11-17"/>
  <Kunden KundenNr="22274" KundEigtNr="23848" KundArt="2" KundStatus="1" KundAufDat="2005-11-17"/>
  <Kunden KundenNr="22275" KundEigtNr="24054" KundArt="2" KundStatus="3" KundAufDat="2005-11-17"/>
  <Kunden KundenNr="22276" KundEigtNr="24055" KundArt="8" KundStatus="3" KundAufDat="2005-11-18"/>
  <Kunden KundenNr="22277" KundEigtNr="24056" KundArt="2" KundStatus="3" KundAufDat="2005-11-18"/>
  <Kunden KundenNr="22278" KundEigtNr="24057" KundArt="29" KundStatus="1" KundAufDat="2005-11-18"/>
  <Kunden KundenNr="22279" KundEigtNr="24058" KundArt="2" KundStatus="3" KundAufDat="2005-11-18"/>
  <Kunden KundenNr="22281" KundEigtNr="24059" KundArt="2" KundStatus="3" KundAufDat="2005-11-21"/>
  <Kunden KundenNr="22282" KundEigtNr="11007" KundArt="29" KundStatus="1" KundAufDat="2005-11-21"/>
  <Kunden KundenNr="22283" KundEigtNr="24060" KundArt="8" KundStatus="3" KundAufDat="2005-11-21"/>
  <Kunden KundenNr="22284" KundEigtNr="24061" KundArt="2" KundStatus="3" KundAufDat="2005-11-21"/>
  <Kunden KundenNr="22285" KundEigtNr="24062" KundArt="2" KundStatus="3" KundAufDat="2005-11-21"/>
  <Kunden KundenNr="22286" KundEigtNr="24063" KundArt="8" KundStatus="1" KundAufDat="2005-11-21"/>
  <Kunden KundenNr="22287" KundEigtNr="24064" KundArt="8" KundStatus="1" KundAufDat="2005-11-21"/>
  <Kunden KundenNr="22288" KundEigtNr="24065" KundArt="2" KundStatus="1" KundAufDat="2005-11-21"/>
  <Kunden KundenNr="22289" KundEigtNr="24066" KundArt="2" KundStatus="1" KundAufDat="2005-11-21"/>
  <Kunden KundenNr="22290" KundEigtNr="24067" KundArt="2" KundStatus="3" KundAufDat="2005-11-21"/>
  <Kunden KundenNr="22291" KundEigtNr="24068" KundArt="2" KundStatus="3" KundAufDat="2005-11-21"/>
  <Kunden KundenNr="22292" KundEigtNr="24069" KundArt="2" KundStatus="3" KundAufDat="2005-11-21"/>
  <Kunden KundenNr="22293" KundEigtNr="24039" KundArt="29" KundStatus="1" KundAufDat="2005-11-21"/>
  <Kunden KundenNr="22294" KundEigtNr="24070" KundArt="2" KundStatus="1" KundAufDat="2005-11-21"/>
  <Kunden KundenNr="22295" KundEigtNr="24071" KundArt="8" KundStatus="1" KundAufDat="2005-11-21"/>
  <Kunden KundenNr="22296" KundEigtNr="24072" KundArt="2" KundStatus="1" KundAufDat="2005-11-21"/>
  <Kunden KundenNr="22297" KundEigtNr="24073" KundArt="8" KundStatus="3" KundAufDat="2005-11-21"/>
  <Kunden KundenNr="22298" KundEigtNr="24074" KundArt="2" KundStatus="3" KundAufDat="2005-11-21"/>
  <Kunden KundenNr="22299" KundEigtNr="24075" KundArt="2" KundStatus="3" KundAufDat="2005-11-21"/>
  <Kunden KundenNr="22300" KundEigtNr="24076" KundArt="8" KundStatus="3" KundAufDat="2005-11-22"/>
  <Kunden KundenNr="22301" KundEigtNr="24077" KundArt="8" KundStatus="1" KundAufDat="2005-11-22"/>
  <Kunden KundenNr="22302" KundEigtNr="24078" KundArt="2" KundStatus="3" KundAufDat="2005-11-22"/>
  <Kunden KundenNr="22303" KundEigtNr="24079" KundArt="2" KundStatus="3" KundAufDat="2005-11-22"/>
  <Kunden KundenNr="22304" KundEigtNr="24080" KundArt="29" KundStatus="1" KundAufDat="2005-11-22"/>
  <Kunden KundenNr="22305" KundEigtNr="24081" KundArt="2" KundStatus="3" KundAufDat="2005-11-22"/>
  <Kunden KundenNr="22306" KundEigtNr="24082" KundArt="2" KundStatus="1" KundAufDat="2005-11-22"/>
  <Kunden KundenNr="22307" KundEigtNr="24083" KundArt="1" KundStatus="1" KundAufDat="2005-11-22"/>
  <Kunden KundenNr="22308" KundEigtNr="24082" KundArt="1" KundStatus="3" KundAufDat="2005-11-22"/>
  <Kunden KundenNr="22309" KundEigtNr="24084" KundArt="1" KundStatus="1" KundAufDat="2005-11-22"/>
  <Kunden KundenNr="22310" KundEigtNr="23617" KundArt="1" KundStatus="3" KundAufDat="2005-11-22"/>
  <Kunden KundenNr="22311" KundEigtNr="24085" KundArt="1" KundStatus="3" KundAufDat="2005-11-22"/>
  <Kunden KundenNr="22312" KundEigtNr="24086" KundArt="1" KundStatus="3" KundAufDat="2005-11-22"/>
  <Kunden KundenNr="22313" KundEigtNr="24087" KundArt="1" KundStatus="1" KundAufDat="2005-11-22"/>
  <Kunden KundenNr="22314" KundEigtNr="24088" KundArt="2" KundStatus="1" KundAufDat="2005-11-22"/>
  <Kunden KundenNr="22315" KundEigtNr="24089" KundArt="2" KundStatus="3" KundAufDat="2005-11-22"/>
  <Kunden KundenNr="22316" KundEigtNr="24090" KundArt="2" KundStatus="1" KundAufDat="2005-11-22"/>
  <Kunden KundenNr="22317" KundEigtNr="23960" KundArt="29" KundStatus="1" KundAufDat="2005-11-22"/>
  <Kunden KundenNr="22318" KundEigtNr="24091" KundArt="2" KundStatus="3" KundAufDat="2005-11-22"/>
  <Kunden KundenNr="22319" KundEigtNr="24092" KundArt="2" KundStatus="3" KundAufDat="2005-11-23"/>
  <Kunden KundenNr="22320" KundEigtNr="24093" KundArt="2" KundStatus="1" KundAufDat="2005-11-23"/>
  <Kunden KundenNr="22321" KundEigtNr="24094" KundArt="1" KundStatus="3" KundAufDat="2005-11-23"/>
  <Kunden KundenNr="22322" KundEigtNr="24095" KundArt="1" KundStatus="1" KundAufDat="2005-11-23"/>
  <Kunden KundenNr="22323" KundEigtNr="24096" KundArt="1" KundStatus="3" KundAufDat="2005-11-23"/>
  <Kunden KundenNr="22324" KundEigtNr="23347" KundArt="1" KundStatus="3" KundAufDat="2005-11-23"/>
  <Kunden KundenNr="22325" KundEigtNr="24097" KundArt="2" KundStatus="1" KundAufDat="2005-11-23"/>
  <Kunden KundenNr="22326" KundEigtNr="24098" KundArt="2" KundStatus="3" KundAufDat="2005-11-23"/>
  <Kunden KundenNr="22327" KundEigtNr="24099" KundArt="29" KundStatus="1" KundAufDat="2005-11-23"/>
  <Kunden KundenNr="22328" KundEigtNr="24100" KundArt="8" KundStatus="1" KundAufDat="2005-11-24"/>
  <Kunden KundenNr="22329" KundEigtNr="18626" KundArt="8" KundStatus="3" KundAufDat="2005-11-24"/>
  <Kunden KundenNr="22330" KundEigtNr="23994" KundArt="2" KundStatus="1" KundAufDat="2005-11-24"/>
  <Kunden KundenNr="22331" KundEigtNr="24101" KundArt="2" KundStatus="3" KundAufDat="2005-11-24"/>
  <Kunden KundenNr="22332" KundEigtNr="23476" KundArt="2" KundStatus="3" KundAufDat="2005-11-24"/>
  <Kunden KundenNr="22333" KundEigtNr="6271" KundArt="2" KundStatus="1" KundAufDat="2005-11-24"/>
  <Kunden KundenNr="22334" KundEigtNr="24035" KundArt="29" KundStatus="1" KundAufDat="2005-11-24"/>
  <Kunden KundenNr="22335" KundEigtNr="24102" KundArt="2" KundStatus="3" KundAufDat="2005-11-24"/>
  <Kunden KundenNr="22336" KundEigtNr="24103" KundArt="2" KundStatus="3" KundAufDat="2005-11-24"/>
  <Kunden KundenNr="22337" KundEigtNr="24104" KundArt="2" KundStatus="3" KundAufDat="2005-11-24"/>
  <Kunden KundenNr="22338" KundEigtNr="24105" KundArt="2" KundStatus="3" KundAufDat="2005-11-24"/>
  <Kunden KundenNr="22339" KundEigtNr="24106" KundArt="8" KundStatus="3" KundAufDat="2005-11-24"/>
  <Kunden KundenNr="22340" KundEigtNr="24107" KundArt="2" KundStatus="1" KundAufDat="2005-11-24"/>
  <Kunden KundenNr="22341" KundEigtNr="24108" KundArt="2" KundStatus="3" KundAufDat="2005-11-24"/>
  <Kunden KundenNr="22342" KundEigtNr="24111" KundArt="2" KundStatus="3" KundAufDat="2005-11-25"/>
  <Kunden KundenNr="22343" KundEigtNr="24112" KundArt="29" KundStatus="1" KundAufDat="2005-11-25"/>
  <Kunden KundenNr="22344" KundEigtNr="24113" KundArt="2" KundStatus="3" KundAufDat="2005-11-25"/>
  <Kunden KundenNr="22345" KundEigtNr="21052" KundArt="29" KundStatus="1" KundAufDat="2005-11-25"/>
  <Kunden KundenNr="22346" KundEigtNr="24114" KundArt="2" KundStatus="3" KundAufDat="2005-11-25"/>
  <Kunden KundenNr="22347" KundEigtNr="24115" KundArt="29" KundStatus="1" KundAufDat="2005-11-25"/>
  <Kunden KundenNr="22348" KundEigtNr="24116" KundArt="2" KundStatus="3" KundAufDat="2005-11-25"/>
  <Kunden KundenNr="22349" KundEigtNr="24117" KundArt="1" KundStatus="3" KundAufDat="2005-11-25"/>
  <Kunden KundenNr="22350" KundEigtNr="24118" KundArt="8" KundStatus="3" KundAufDat="2005-11-25"/>
  <Kunden KundenNr="22351" KundEigtNr="24119" KundArt="2" KundStatus="3" KundAufDat="2005-11-25"/>
  <Kunden KundenNr="22352" KundEigtNr="24120" KundArt="1" KundStatus="3" KundAufDat="2005-11-28"/>
  <Kunden KundenNr="22353" KundEigtNr="24121" KundArt="1" KundStatus="3" KundAufDat="2005-11-28"/>
  <Kunden KundenNr="22354" KundEigtNr="24122" KundArt="2" KundStatus="3" KundAufDat="2005-11-28"/>
  <Kunden KundenNr="22355" KundEigtNr="24123" KundArt="2" KundStatus="3" KundAufDat="2005-11-28"/>
  <Kunden KundenNr="22356" KundEigtNr="24124" KundArt="2" KundStatus="3" KundAufDat="2005-11-28"/>
  <Kunden KundenNr="22357" KundEigtNr="24125" KundArt="8" KundStatus="3" KundAufDat="2005-11-28"/>
  <Kunden KundenNr="22358" KundEigtNr="24126" KundArt="2" KundStatus="3" KundAufDat="2005-11-28"/>
  <Kunden KundenNr="22359" KundEigtNr="24127" KundArt="1" KundStatus="3" KundAufDat="2005-11-28"/>
  <Kunden KundenNr="22360" KundEigtNr="24128" KundArt="2" KundStatus="3" KundAufDat="2005-11-28"/>
  <Kunden KundenNr="22361" KundEigtNr="23790" KundArt="2" KundStatus="3" KundAufDat="2005-11-28"/>
  <Kunden KundenNr="22362" KundEigtNr="24129" KundArt="2" KundStatus="3" KundAufDat="2005-11-28"/>
  <Kunden KundenNr="22363" KundEigtNr="24130" KundArt="2" KundStatus="1" KundAufDat="2005-11-28"/>
  <Kunden KundenNr="22364" KundEigtNr="24131" KundArt="29" KundStatus="1" KundAufDat="2005-11-28"/>
  <Kunden KundenNr="22365" KundEigtNr="22903" KundArt="2" KundStatus="1" KundAufDat="2005-11-28"/>
  <Kunden KundenNr="22366" KundEigtNr="24132" KundArt="29" KundStatus="1" KundAufDat="2005-11-28"/>
  <Kunden KundenNr="22367" KundEigtNr="24133" KundArt="2" KundStatus="1" KundAufDat="2005-11-28"/>
  <Kunden KundenNr="22368" KundEigtNr="24134" KundArt="1" KundStatus="3" KundAufDat="2005-11-28"/>
  <Kunden KundenNr="22369" KundEigtNr="24135" KundArt="2" KundStatus="3" KundAufDat="2005-11-28"/>
  <Kunden KundenNr="22370" KundEigtNr="24135" KundArt="1" KundStatus="3" KundAufDat="2005-11-29"/>
  <Kunden KundenNr="22371" KundEigtNr="24136" KundArt="1" KundStatus="3" KundAufDat="2005-11-29"/>
  <Kunden KundenNr="22372" KundEigtNr="24137" KundArt="29" KundStatus="1" KundAufDat="2005-11-29"/>
  <Kunden KundenNr="22373" KundEigtNr="24138" KundArt="29" KundStatus="1" KundAufDat="2005-11-29"/>
  <Kunden KundenNr="22374" KundEigtNr="13921" KundArt="29" KundStatus="1" KundAufDat="2005-11-29"/>
  <Kunden KundenNr="22375" KundEigtNr="24139" KundArt="29" KundStatus="1" KundAufDat="2005-11-29"/>
  <Kunden KundenNr="22376" KundEigtNr="24140" KundArt="2" KundStatus="3" KundAufDat="2005-11-29"/>
  <Kunden KundenNr="22377" KundEigtNr="24141" KundArt="2" KundStatus="3" KundAufDat="2005-11-29"/>
  <Kunden KundenNr="22378" KundEigtNr="24142" KundArt="2" KundStatus="3" KundAufDat="2005-11-29"/>
  <Kunden KundenNr="22379" KundEigtNr="24143" KundArt="2" KundStatus="3" KundAufDat="2005-11-29"/>
  <Kunden KundenNr="22380" KundEigtNr="24144" KundArt="2" KundStatus="1" KundAufDat="2005-11-29"/>
  <Kunden KundenNr="22381" KundEigtNr="24145" KundArt="8" KundStatus="3" KundAufDat="2005-11-29"/>
  <Kunden KundenNr="22382" KundEigtNr="24146" KundArt="2" KundStatus="3" KundAufDat="2005-11-30"/>
  <Kunden KundenNr="22383" KundEigtNr="24147" KundArt="29" KundStatus="1" KundAufDat="2005-11-30"/>
  <Kunden KundenNr="22384" KundEigtNr="24148" KundArt="2" KundStatus="3" KundAufDat="2005-11-30"/>
  <Kunden KundenNr="22385" KundEigtNr="24150" KundArt="8" KundStatus="3" KundAufDat="2005-11-30"/>
  <Kunden KundenNr="22386" KundEigtNr="24152" KundArt="1" KundStatus="1" KundAufDat="2005-11-30"/>
  <Kunden KundenNr="22387" KundEigtNr="24155" KundArt="2" KundStatus="3" KundAufDat="2005-11-30"/>
  <Kunden KundenNr="22388" KundEigtNr="24160" KundArt="2" KundStatus="3" KundAufDat="2005-11-30"/>
  <Kunden KundenNr="22389" KundEigtNr="24161" KundArt="8" KundStatus="3" KundAufDat="2005-11-30"/>
  <Kunden KundenNr="22390" KundEigtNr="24166" KundArt="2" KundStatus="1" KundAufDat="2005-11-30"/>
  <Kunden KundenNr="22391" KundEigtNr="24180" KundArt="8" KundStatus="3" KundAufDat="2005-11-30"/>
  <Kunden KundenNr="22392" KundEigtNr="24181" KundArt="29" KundStatus="1" KundAufDat="2005-12-01"/>
  <Kunden KundenNr="22393" KundEigtNr="24182" KundArt="2" KundStatus="1" KundAufDat="2005-12-01"/>
  <Kunden KundenNr="22394" KundEigtNr="24183" KundArt="2" KundStatus="1" KundAufDat="2005-12-01"/>
  <Kunden KundenNr="22395" KundEigtNr="24184" KundArt="1" KundStatus="3" KundAufDat="2005-12-01"/>
  <Kunden KundenNr="22396" KundEigtNr="24185" KundArt="1" KundStatus="1" KundAufDat="2005-12-01"/>
  <Kunden KundenNr="22397" KundEigtNr="24194" KundArt="8" KundStatus="3" KundAufDat="2005-12-01"/>
  <Kunden KundenNr="22398" KundEigtNr="24195" KundArt="2" KundStatus="3" KundAufDat="2005-12-01"/>
  <Kunden KundenNr="22399" KundEigtNr="24196" KundArt="8" KundStatus="1" KundAufDat="2005-12-01"/>
  <Kunden KundenNr="22400" KundEigtNr="24206" KundArt="2" KundStatus="3" KundAufDat="2005-12-01"/>
  <Kunden KundenNr="22401" KundEigtNr="24210" KundArt="2" KundStatus="3" KundAufDat="2005-12-02"/>
  <Kunden KundenNr="22402" KundEigtNr="24211" KundArt="8" KundStatus="1" KundAufDat="2005-12-02"/>
  <Kunden KundenNr="22403" KundEigtNr="24212" KundArt="2" KundStatus="1" KundAufDat="2005-12-02"/>
  <Kunden KundenNr="22404" KundEigtNr="24213" KundArt="8" KundStatus="1" KundAufDat="2005-12-02"/>
  <Kunden KundenNr="22405" KundEigtNr="24214" KundArt="8" KundStatus="3" KundAufDat="2005-12-02"/>
  <Kunden KundenNr="22406" KundEigtNr="24215" KundArt="2" KundStatus="1" KundAufDat="2005-12-02"/>
  <Kunden KundenNr="22407" KundEigtNr="24216" KundArt="8" KundStatus="3" KundAufDat="2005-12-02"/>
  <Kunden KundenNr="22408" KundEigtNr="24217" KundArt="29" KundStatus="1" KundAufDat="2005-12-02"/>
  <Kunden KundenNr="22409" KundEigtNr="24218" KundArt="8" KundStatus="3" KundAufDat="2005-12-03"/>
  <Kunden KundenNr="22410" KundEigtNr="24219" KundArt="2" KundStatus="3" KundAufDat="2005-12-03"/>
  <Kunden KundenNr="22411" KundEigtNr="24220" KundArt="2" KundStatus="3" KundAufDat="2005-12-05"/>
  <Kunden KundenNr="22412" KundEigtNr="24221" KundArt="2" KundStatus="3" KundAufDat="2005-12-05"/>
  <Kunden KundenNr="22413" KundEigtNr="24222" KundArt="8" KundStatus="1" KundAufDat="2005-12-05"/>
  <Kunden KundenNr="22414" KundEigtNr="24223" KundArt="2" KundStatus="3" KundAufDat="2005-12-05"/>
  <Kunden KundenNr="22415" KundEigtNr="24224" KundArt="2" KundStatus="3" KundAufDat="2005-12-05"/>
  <Kunden KundenNr="22416" KundEigtNr="24225" KundArt="2" KundStatus="1" KundAufDat="2005-12-05"/>
  <Kunden KundenNr="22417" KundEigtNr="24226" KundArt="8" KundStatus="1" KundAufDat="2005-12-05"/>
  <Kunden KundenNr="22418" KundEigtNr="24227" KundArt="1" KundStatus="3" KundAufDat="2005-12-05"/>
  <Kunden KundenNr="22419" KundEigtNr="24228" KundArt="8" KundStatus="3" KundAufDat="2005-12-05"/>
  <Kunden KundenNr="22420" KundEigtNr="24229" KundArt="2" KundStatus="3" KundAufDat="2005-12-05"/>
  <Kunden KundenNr="22421" KundEigtNr="24230" KundArt="2" KundStatus="3" KundAufDat="2005-12-06"/>
  <Kunden KundenNr="22422" KundEigtNr="24231" KundArt="2" KundStatus="1" KundAufDat="2005-12-06"/>
  <Kunden KundenNr="22423" KundEigtNr="20080" KundArt="8" KundStatus="3" KundAufDat="2005-12-06"/>
  <Kunden KundenNr="22424" KundEigtNr="24232" KundArt="1" KundStatus="1" KundAufDat="2005-12-07"/>
  <Kunden KundenNr="22425" KundEigtNr="24233" KundArt="29" KundStatus="1" KundAufDat="2005-12-07"/>
  <Kunden KundenNr="22426" KundEigtNr="24234" KundArt="2" KundStatus="3" KundAufDat="2005-12-07"/>
  <Kunden KundenNr="22427" KundEigtNr="24235" KundArt="8" KundStatus="1" KundAufDat="2005-12-07"/>
  <Kunden KundenNr="22428" KundEigtNr="24236" KundArt="8" KundStatus="3" KundAufDat="2005-12-07"/>
  <Kunden KundenNr="22429" KundEigtNr="24237" KundArt="2" KundStatus="1" KundAufDat="2005-12-07"/>
  <Kunden KundenNr="22430" KundEigtNr="24190" KundArt="29" KundStatus="1" KundAufDat="2005-12-07"/>
  <Kunden KundenNr="22431" KundEigtNr="24154" KundArt="29" KundStatus="1" KundAufDat="2005-12-07"/>
  <Kunden KundenNr="22432" KundEigtNr="24253" KundArt="2" KundStatus="3" KundAufDat="2005-12-08"/>
  <Kunden KundenNr="22433" KundEigtNr="24254" KundArt="8" KundStatus="1" KundAufDat="2005-12-08"/>
  <Kunden KundenNr="22434" KundEigtNr="24255" KundArt="2" KundStatus="1" KundAufDat="2005-12-08"/>
  <Kunden KundenNr="22435" KundEigtNr="24256" KundArt="2" KundStatus="1" KundAufDat="2005-12-08"/>
  <Kunden KundenNr="22436" KundEigtNr="24257" KundArt="2" KundStatus="1" KundAufDat="2005-12-09"/>
  <Kunden KundenNr="22437" KundEigtNr="24258" KundArt="2" KundStatus="3" KundAufDat="2005-12-09"/>
  <Kunden KundenNr="22438" KundEigtNr="24259" KundArt="2" KundStatus="1" KundAufDat="2005-12-09"/>
  <Kunden KundenNr="22439" KundEigtNr="24260" KundArt="8" KundStatus="1" KundAufDat="2005-12-12"/>
  <Kunden KundenNr="22440" KundEigtNr="24261" KundArt="8" KundStatus="3" KundAufDat="2005-12-12"/>
  <Kunden KundenNr="22441" KundEigtNr="24262" KundArt="8" KundStatus="3" KundAufDat="2005-12-12"/>
  <Kunden KundenNr="22442" KundEigtNr="24263" KundArt="29" KundStatus="1" KundAufDat="2005-12-12"/>
  <Kunden KundenNr="22443" KundEigtNr="24264" KundArt="2" KundStatus="3" KundAufDat="2005-12-12"/>
  <Kunden KundenNr="22444" KundEigtNr="24265" KundArt="2" KundStatus="3" KundAufDat="2005-12-12"/>
  <Kunden KundenNr="22445" KundEigtNr="24266" KundArt="2" KundStatus="3" KundAufDat="2005-12-12"/>
  <Kunden KundenNr="22446" KundEigtNr="24267" KundArt="8" KundStatus="1" KundAufDat="2005-12-12"/>
  <Kunden KundenNr="22447" KundEigtNr="24268" KundArt="2" KundStatus="1" KundAufDat="2005-12-12"/>
  <Kunden KundenNr="22448" KundEigtNr="24269" KundArt="2" KundStatus="3" KundAufDat="2005-12-12"/>
  <Kunden KundenNr="22449" KundEigtNr="24270" KundArt="8" KundStatus="3" KundAufDat="2005-12-12"/>
  <Kunden KundenNr="22450" KundEigtNr="24172" KundArt="29" KundStatus="1" KundAufDat="2005-12-12"/>
  <Kunden KundenNr="22451" KundEigtNr="24271" KundArt="2" KundStatus="3" KundAufDat="2005-12-12"/>
  <Kunden KundenNr="22452" KundEigtNr="24272" KundArt="2" KundStatus="3" KundAufDat="2005-12-12"/>
  <Kunden KundenNr="22453" KundEigtNr="24273" KundArt="2" KundStatus="3" KundAufDat="2005-12-12"/>
  <Kunden KundenNr="22454" KundEigtNr="24274" KundArt="2" KundStatus="3" KundAufDat="2005-12-13"/>
  <Kunden KundenNr="22455" KundEigtNr="24275" KundArt="2" KundStatus="1" KundAufDat="2005-12-13"/>
  <Kunden KundenNr="22456" KundEigtNr="24276" KundArt="2" KundStatus="3" KundAufDat="2005-12-13"/>
  <Kunden KundenNr="22457" KundEigtNr="23713" KundArt="1" KundStatus="3" KundAufDat="2005-12-13"/>
  <Kunden KundenNr="22458" KundEigtNr="24277" KundArt="1" KundStatus="3" KundAufDat="2005-12-13"/>
  <Kunden KundenNr="22459" KundEigtNr="24278" KundArt="1" KundStatus="3" KundAufDat="2005-12-13"/>
  <Kunden KundenNr="22460" KundEigtNr="24279" KundArt="2" KundStatus="1" KundAufDat="2005-12-13"/>
  <Kunden KundenNr="22461" KundEigtNr="24280" KundArt="1" KundStatus="3" KundAufDat="2005-12-13"/>
  <Kunden KundenNr="22462" KundEigtNr="24281" KundArt="2" KundStatus="3" KundAufDat="2005-12-14"/>
  <Kunden KundenNr="22463" KundEigtNr="24282" KundArt="2" KundStatus="1" KundAufDat="2005-12-14"/>
  <Kunden KundenNr="22464" KundEigtNr="24283" KundArt="2" KundStatus="1" KundAufDat="2005-12-14"/>
  <Kunden KundenNr="22465" KundEigtNr="24284" KundArt="2" KundStatus="3" KundAufDat="2005-12-14"/>
  <Kunden KundenNr="22466" KundEigtNr="24285" KundArt="1" KundStatus="3" KundAufDat="2005-12-14"/>
  <Kunden KundenNr="22467" KundEigtNr="24286" KundArt="2" KundStatus="3" KundAufDat="2005-12-14"/>
  <Kunden KundenNr="22468" KundEigtNr="19142" KundArt="1" KundStatus="1" KundAufDat="2005-12-14"/>
  <Kunden KundenNr="22469" KundEigtNr="24287" KundArt="1" KundStatus="1" KundAufDat="2005-12-14"/>
  <Kunden KundenNr="22470" KundEigtNr="24288" KundArt="2" KundStatus="3" KundAufDat="2005-12-14"/>
  <Kunden KundenNr="22471" KundEigtNr="20887" KundArt="2" KundStatus="3" KundAufDat="2005-12-14"/>
  <Kunden KundenNr="22472" KundEigtNr="24289" KundArt="2" KundStatus="1" KundAufDat="2005-12-14"/>
  <Kunden KundenNr="22473" KundEigtNr="24285" KundArt="8" KundStatus="3" KundAufDat="2005-12-14"/>
  <Kunden KundenNr="22474" KundEigtNr="24290" KundArt="8" KundStatus="3" KundAufDat="2005-12-15"/>
  <Kunden KundenNr="22475" KundEigtNr="24291" KundArt="2" KundStatus="3" KundAufDat="2005-12-15"/>
  <Kunden KundenNr="22476" KundEigtNr="24205" KundArt="29" KundStatus="1" KundAufDat="2005-12-15"/>
  <Kunden KundenNr="22477" KundEigtNr="24292" KundArt="2" KundStatus="3" KundAufDat="2005-12-15"/>
  <Kunden KundenNr="22478" KundEigtNr="24297" KundArt="8" KundStatus="1" KundAufDat="2005-12-15"/>
  <Kunden KundenNr="22479" KundEigtNr="24238" KundArt="29" KundStatus="1" KundAufDat="2005-12-15"/>
  <Kunden KundenNr="22480" KundEigtNr="24298" KundArt="8" KundStatus="3" KundAufDat="2005-12-15"/>
  <Kunden KundenNr="22481" KundEigtNr="24299" KundArt="2" KundStatus="1" KundAufDat="2005-12-15"/>
  <Kunden KundenNr="22482" KundEigtNr="24300" KundArt="8" KundStatus="3" KundAufDat="2005-12-15"/>
  <Kunden KundenNr="22483" KundEigtNr="24301" KundArt="2" KundStatus="3" KundAufDat="2005-12-16"/>
  <Kunden KundenNr="22484" KundEigtNr="24312" KundArt="8" KundStatus="1" KundAufDat="2005-12-16"/>
  <Kunden KundenNr="22485" KundEigtNr="24313" KundArt="2" KundStatus="1" KundAufDat="2005-12-16"/>
  <Kunden KundenNr="22486" KundEigtNr="24314" KundArt="2" KundStatus="1" KundAufDat="2005-12-16"/>
  <Kunden KundenNr="22487" KundEigtNr="24321" KundArt="8" KundStatus="1" KundAufDat="2005-12-16"/>
  <Kunden KundenNr="22488" KundEigtNr="24322" KundArt="2" KundStatus="3" KundAufDat="2005-12-16"/>
  <Kunden KundenNr="22489" KundEigtNr="24323" KundArt="2" KundStatus="1" KundAufDat="2005-12-16"/>
  <Kunden KundenNr="22490" KundEigtNr="24334" KundArt="8" KundStatus="1" KundAufDat="2005-12-16"/>
  <Kunden KundenNr="22491" KundEigtNr="24335" KundArt="2" KundStatus="3" KundAufDat="2005-12-16"/>
  <Kunden KundenNr="22492" KundEigtNr="24336" KundArt="2" KundStatus="3" KundAufDat="2005-12-16"/>
  <Kunden KundenNr="22493" KundEigtNr="24337" KundArt="2" KundStatus="3" KundAufDat="2005-12-16"/>
  <Kunden KundenNr="22494" KundEigtNr="24338" KundArt="2" KundStatus="3" KundAufDat="2005-12-16"/>
  <Kunden KundenNr="22495" KundEigtNr="24339" KundArt="2" KundStatus="1" KundAufDat="2005-12-16"/>
  <Kunden KundenNr="22496" KundEigtNr="11127" KundArt="2" KundStatus="3" KundAufDat="2005-12-16"/>
  <Kunden KundenNr="22497" KundEigtNr="13008" KundArt="29" KundStatus="1" KundAufDat="2005-12-16"/>
  <Kunden KundenNr="22498" KundEigtNr="24340" KundArt="8" KundStatus="1" KundAufDat="2005-12-19"/>
  <Kunden KundenNr="22499" KundEigtNr="24341" KundArt="8" KundStatus="3" KundAufDat="2005-12-19"/>
  <Kunden KundenNr="22500" KundEigtNr="24342" KundArt="2" KundStatus="1" KundAufDat="2005-12-19"/>
  <Kunden KundenNr="22501" KundEigtNr="24343" KundArt="2" KundStatus="1" KundAufDat="2005-12-19"/>
  <Kunden KundenNr="22502" KundEigtNr="24344" KundArt="1" KundStatus="3" KundAufDat="2005-12-19"/>
  <Kunden KundenNr="22503" KundEigtNr="24345" KundArt="2" KundStatus="3" KundAufDat="2005-12-19"/>
  <Kunden KundenNr="22504" KundEigtNr="24346" KundArt="2" KundStatus="1" KundAufDat="2005-12-19"/>
  <Kunden KundenNr="22505" KundEigtNr="24347" KundArt="2" KundStatus="3" KundAufDat="2005-12-19"/>
  <Kunden KundenNr="22506" KundEigtNr="24348" KundArt="2" KundStatus="1" KundAufDat="2005-12-19"/>
  <Kunden KundenNr="22507" KundEigtNr="21080" KundArt="2" KundStatus="1" KundAufDat="2005-12-19"/>
  <Kunden KundenNr="22508" KundEigtNr="24349" KundArt="8" KundStatus="1" KundAufDat="2005-12-19"/>
  <Kunden KundenNr="22509" KundEigtNr="24203" KundArt="29" KundStatus="1" KundAufDat="2005-12-19"/>
  <Kunden KundenNr="22510" KundEigtNr="24356" KundArt="8" KundStatus="1" KundAufDat="2005-12-20"/>
  <Kunden KundenNr="22511" KundEigtNr="24357" KundArt="8" KundStatus="1" KundAufDat="2005-12-20"/>
  <Kunden KundenNr="22512" KundEigtNr="24358" KundArt="2" KundStatus="3" KundAufDat="2005-12-20"/>
  <Kunden KundenNr="22513" KundEigtNr="24359" KundArt="2" KundStatus="3" KundAufDat="2005-12-20"/>
  <Kunden KundenNr="22514" KundEigtNr="24311" KundArt="29" KundStatus="1" KundAufDat="2005-12-20"/>
  <Kunden KundenNr="22515" KundEigtNr="24360" KundArt="8" KundStatus="3" KundAufDat="2005-12-20"/>
  <Kunden KundenNr="22516" KundEigtNr="24365" KundArt="2" KundStatus="1" KundAufDat="2005-12-21"/>
  <Kunden KundenNr="22517" KundEigtNr="24366" KundArt="8" KundStatus="1" KundAufDat="2005-12-21"/>
  <Kunden KundenNr="22518" KundEigtNr="24367" KundArt="2" KundStatus="1" KundAufDat="2005-12-21"/>
  <Kunden KundenNr="22519" KundEigtNr="24371" KundArt="8" KundStatus="1" KundAufDat="2005-12-21"/>
  <Kunden KundenNr="22520" KundEigtNr="24372" KundArt="29" KundStatus="1" KundAufDat="2005-12-21"/>
  <Kunden KundenNr="22521" KundEigtNr="24373" KundArt="2" KundStatus="1" KundAufDat="2005-12-22"/>
  <Kunden KundenNr="22522" KundEigtNr="24374" KundArt="8" KundStatus="3" KundAufDat="2005-12-22"/>
  <Kunden KundenNr="22523" KundEigtNr="24375" KundArt="2" KundStatus="3" KundAufDat="2005-12-22"/>
  <Kunden KundenNr="22524" KundEigtNr="24376" KundArt="2" KundStatus="3" KundAufDat="2005-12-22"/>
  <Kunden KundenNr="22525" KundEigtNr="24377" KundArt="29" KundStatus="1" KundAufDat="2005-12-22"/>
  <Kunden KundenNr="22526" KundEigtNr="24378" KundArt="2" KundStatus="3" KundAufDat="2005-12-22"/>
  <Kunden KundenNr="22527" KundEigtNr="24379" KundArt="8" KundStatus="3" KundAufDat="2005-12-22"/>
  <Kunden KundenNr="22528" KundEigtNr="24380" KundArt="2" KundStatus="3" KundAufDat="2005-12-23"/>
  <Kunden KundenNr="22529" KundEigtNr="24381" KundArt="8" KundStatus="3" KundAufDat="2005-12-23"/>
  <Kunden KundenNr="22530" KundEigtNr="24382" KundArt="2" KundStatus="3" KundAufDat="2005-12-27"/>
  <Kunden KundenNr="22531" KundEigtNr="24383" KundArt="2" KundStatus="3" KundAufDat="2005-12-27"/>
  <Kunden KundenNr="22532" KundEigtNr="24384" KundArt="8" KundStatus="3" KundAufDat="2005-12-27"/>
  <Kunden KundenNr="22533" KundEigtNr="24385" KundArt="8" KundStatus="1" KundAufDat="2005-12-27"/>
  <Kunden KundenNr="22534" KundEigtNr="24386" KundArt="2" KundStatus="1" KundAufDat="2005-12-27"/>
  <Kunden KundenNr="22535" KundEigtNr="24387" KundArt="2" KundStatus="3" KundAufDat="2005-12-28"/>
  <Kunden KundenNr="22536" KundEigtNr="24388" KundArt="2" KundStatus="3" KundAufDat="2005-12-28"/>
  <Kunden KundenNr="22537" KundEigtNr="24389" KundArt="2" KundStatus="1" KundAufDat="2005-12-28"/>
  <Kunden KundenNr="22538" KundEigtNr="24390" KundArt="2" KundStatus="3" KundAufDat="2005-12-28"/>
  <Kunden KundenNr="22539" KundEigtNr="24391" KundArt="2" KundStatus="1" KundAufDat="2005-12-28"/>
  <Kunden KundenNr="22540" KundEigtNr="24392" KundArt="2" KundStatus="1" KundAufDat="2005-12-28"/>
  <Kunden KundenNr="22541" KundEigtNr="24393" KundArt="2" KundStatus="1" KundAufDat="2005-12-28"/>
  <Kunden KundenNr="22542" KundEigtNr="24394" KundArt="2" KundStatus="1" KundAufDat="2005-12-28"/>
  <Kunden KundenNr="22543" KundEigtNr="24395" KundArt="2" KundStatus="3" KundAufDat="2005-12-29"/>
  <Kunden KundenNr="22544" KundEigtNr="24316" KundArt="29" KundStatus="1" KundAufDat="2005-12-29"/>
  <Kunden KundenNr="22545" KundEigtNr="24396" KundArt="1" KundStatus="1" KundAufDat="2005-12-29"/>
  <Kunden KundenNr="22546" KundEigtNr="24397" KundArt="2" KundStatus="3" KundAufDat="2005-12-29"/>
  <Kunden KundenNr="22547" KundEigtNr="24398" KundArt="8" KundStatus="3" KundAufDat="2005-12-29"/>
  <Kunden KundenNr="22548" KundEigtNr="24399" KundArt="2" KundStatus="1" KundAufDat="2005-12-29"/>
  <Kunden KundenNr="22549" KundEigtNr="22482" KundArt="2" KundStatus="3" KundAufDat="2005-12-29"/>
  <Kunden KundenNr="22550" KundEigtNr="24400" KundArt="2" KundStatus="3" KundAufDat="2006-01-02"/>
  <Kunden KundenNr="22551" KundEigtNr="24401" KundArt="8" KundStatus="3" KundAufDat="2006-01-02"/>
  <Kunden KundenNr="22552" KundEigtNr="24307" KundArt="29" KundStatus="1" KundAufDat="2006-01-02"/>
  <Kunden KundenNr="22553" KundEigtNr="24402" KundArt="2" KundStatus="3" KundAufDat="2006-01-02"/>
  <Kunden KundenNr="22554" KundEigtNr="24403" KundArt="1" KundStatus="1" KundAufDat="2006-01-02"/>
  <Kunden KundenNr="22555" KundEigtNr="24404" KundArt="2" KundStatus="3" KundAufDat="2006-01-02"/>
  <Kunden KundenNr="22556" KundEigtNr="24405" KundArt="29" KundStatus="1" KundAufDat="2006-01-02"/>
  <Kunden KundenNr="22557" KundEigtNr="24406" KundArt="2" KundStatus="1" KundAufDat="2006-01-02"/>
  <Kunden KundenNr="22558" KundEigtNr="24407" KundArt="2" KundStatus="3" KundAufDat="2006-01-03"/>
  <Kunden KundenNr="22559" KundEigtNr="24408" KundArt="2" KundStatus="3" KundAufDat="2006-01-03"/>
  <Kunden KundenNr="22560" KundEigtNr="24409" KundArt="2" KundStatus="3" KundAufDat="2006-01-03"/>
  <Kunden KundenNr="22561" KundEigtNr="24410" KundArt="2" KundStatus="3" KundAufDat="2006-01-03"/>
  <Kunden KundenNr="22562" KundEigtNr="24411" KundArt="2" KundStatus="3" KundAufDat="2006-01-03"/>
  <Kunden KundenNr="22563" KundEigtNr="24412" KundArt="2" KundStatus="1" KundAufDat="2006-01-03"/>
  <Kunden KundenNr="22564" KundEigtNr="24413" KundArt="8" KundStatus="3" KundAufDat="2006-01-03"/>
  <Kunden KundenNr="22565" KundEigtNr="24414" KundArt="29" KundStatus="1" KundAufDat="2006-01-03"/>
  <Kunden KundenNr="22566" KundEigtNr="24415" KundArt="2" KundStatus="1" KundAufDat="2006-01-03"/>
  <Kunden KundenNr="22567" KundEigtNr="13683" KundArt="8" KundStatus="3" KundAufDat="2006-01-03"/>
  <Kunden KundenNr="22568" KundEigtNr="24416" KundArt="8" KundStatus="3" KundAufDat="2006-01-03"/>
  <Kunden KundenNr="22569" KundEigtNr="24417" KundArt="2" KundStatus="3" KundAufDat="2006-01-04"/>
  <Kunden KundenNr="22570" KundEigtNr="24418" KundArt="8" KundStatus="1" KundAufDat="2006-01-04"/>
  <Kunden KundenNr="22571" KundEigtNr="24419" KundArt="2" KundStatus="1" KundAufDat="2006-01-04"/>
  <Kunden KundenNr="22572" KundEigtNr="24420" KundArt="1" KundStatus="3" KundAufDat="2006-01-04"/>
  <Kunden KundenNr="22573" KundEigtNr="24329" KundArt="29" KundStatus="1" KundAufDat="2006-01-04"/>
  <Kunden KundenNr="22574" KundEigtNr="24151" KundArt="29" KundStatus="1" KundAufDat="2006-01-04"/>
  <Kunden KundenNr="22575" KundEigtNr="24421" KundArt="2" KundStatus="1" KundAufDat="2006-01-04"/>
  <Kunden KundenNr="22576" KundEigtNr="22249" KundArt="8" KundStatus="1" KundAufDat="2006-01-05"/>
  <Kunden KundenNr="22577" KundEigtNr="24422" KundArt="2" KundStatus="3" KundAufDat="2006-01-05"/>
  <Kunden KundenNr="22578" KundEigtNr="24423" KundArt="2" KundStatus="3" KundAufDat="2006-01-05"/>
  <Kunden KundenNr="22579" KundEigtNr="24424" KundArt="1" KundStatus="1" KundAufDat="2006-01-05"/>
  <Kunden KundenNr="22580" KundEigtNr="24425" KundArt="1" KundStatus="1" KundAufDat="2006-01-05"/>
  <Kunden KundenNr="22581" KundEigtNr="24354" KundArt="29" KundStatus="1" KundAufDat="2006-01-05"/>
  <Kunden KundenNr="22582" KundEigtNr="24426" KundArt="2" KundStatus="3" KundAufDat="2006-01-05"/>
  <Kunden KundenNr="22583" KundEigtNr="24427" KundArt="1" KundStatus="1" KundAufDat="2006-01-05"/>
  <Kunden KundenNr="22584" KundEigtNr="24430" KundArt="8" KundStatus="3" KundAufDat="2006-01-05"/>
  <Kunden KundenNr="22585" KundEigtNr="24435" KundArt="1" KundStatus="1" KundAufDat="2006-01-05"/>
  <Kunden KundenNr="22586" KundEigtNr="14371" KundArt="29" KundStatus="1" KundAufDat="2006-01-05"/>
  <Kunden KundenNr="22587" KundEigtNr="24436" KundArt="2" KundStatus="3" KundAufDat="2006-01-05"/>
  <Kunden KundenNr="22588" KundEigtNr="24437" KundArt="2" KundStatus="3" KundAufDat="2006-01-05"/>
  <Kunden KundenNr="22589" KundEigtNr="24438" KundArt="8" KundStatus="3" KundAufDat="2006-01-06"/>
  <Kunden KundenNr="22590" KundEigtNr="19222" KundArt="8" KundStatus="1" KundAufDat="2006-01-06"/>
  <Kunden KundenNr="22591" KundEigtNr="24439" KundArt="1" KundStatus="1" KundAufDat="2006-01-06"/>
  <Kunden KundenNr="22592" KundEigtNr="24440" KundArt="2" KundStatus="1" KundAufDat="2006-01-06"/>
  <Kunden KundenNr="22593" KundEigtNr="24441" KundArt="1" KundStatus="1" KundAufDat="2006-01-06"/>
  <Kunden KundenNr="22594" KundEigtNr="19615" KundArt="8" KundStatus="1" KundAufDat="2006-01-06"/>
  <Kunden KundenNr="22595" KundEigtNr="24442" KundArt="8" KundStatus="1" KundAufDat="2006-01-09"/>
  <Kunden KundenNr="22596" KundEigtNr="24443" KundArt="29" KundStatus="1" KundAufDat="2006-01-09"/>
  <Kunden KundenNr="22597" KundEigtNr="24444" KundArt="2" KundStatus="3" KundAufDat="2006-01-09"/>
  <Kunden KundenNr="22598" KundEigtNr="24445" KundArt="2" KundStatus="1" KundAufDat="2006-01-09"/>
  <Kunden KundenNr="22599" KundEigtNr="24446" KundArt="2" KundStatus="3" KundAufDat="2006-01-09"/>
  <Kunden KundenNr="22600" KundEigtNr="5744" KundArt="1" KundStatus="1" KundAufDat="2006-01-09"/>
  <Kunden KundenNr="22601" KundEigtNr="24447" KundArt="2" KundStatus="3" KundAufDat="2006-01-09"/>
  <Kunden KundenNr="22602" KundEigtNr="23103" KundArt="2" KundStatus="3" KundAufDat="2006-01-10"/>
  <Kunden KundenNr="22603" KundEigtNr="24448" KundArt="8" KundStatus="3" KundAufDat="2006-01-10"/>
  <Kunden KundenNr="22604" KundEigtNr="24449" KundArt="2" KundStatus="3" KundAufDat="2006-01-10"/>
  <Kunden KundenNr="22605" KundEigtNr="24450" KundArt="1" KundStatus="1" KundAufDat="2006-01-10"/>
  <Kunden KundenNr="22606" KundEigtNr="4049" KundArt="1" KundStatus="1" KundAufDat="2006-01-10"/>
  <Kunden KundenNr="22607" KundEigtNr="24458" KundArt="1" KundStatus="1" KundAufDat="2006-01-10"/>
  <Kunden KundenNr="22608" KundEigtNr="24459" KundArt="1" KundStatus="1" KundAufDat="2006-01-10"/>
  <Kunden KundenNr="22609" KundEigtNr="24460" KundArt="29" KundStatus="1" KundAufDat="2006-01-11"/>
  <Kunden KundenNr="22610" KundEigtNr="1934" KundArt="29" KundStatus="1" KundAufDat="2006-01-11"/>
  <Kunden KundenNr="22611" KundEigtNr="24461" KundArt="2" KundStatus="3" KundAufDat="2006-01-11"/>
  <Kunden KundenNr="22612" KundEigtNr="24462" KundArt="2" KundStatus="1" KundAufDat="2006-01-11"/>
  <Kunden KundenNr="22613" KundEigtNr="24463" KundArt="2" KundStatus="1" KundAufDat="2006-01-12"/>
  <Kunden KundenNr="22614" KundEigtNr="24464" KundArt="29" KundStatus="1" KundAufDat="2006-01-12"/>
  <Kunden KundenNr="22615" KundEigtNr="24465" KundArt="2" KundStatus="3" KundAufDat="2006-01-12"/>
  <Kunden KundenNr="22616" KundEigtNr="24424" KundArt="8" KundStatus="3" KundAufDat="2006-01-12"/>
  <Kunden KundenNr="22617" KundEigtNr="24463" KundArt="8" KundStatus="3" KundAufDat="2006-01-12"/>
  <Kunden KundenNr="22618" KundEigtNr="21634" KundArt="29" KundStatus="1" KundAufDat="2006-01-12"/>
  <Kunden KundenNr="22619" KundEigtNr="24082" KundArt="8" KundStatus="3" KundAufDat="2006-01-12"/>
  <Kunden KundenNr="22620" KundEigtNr="24466" KundArt="1" KundStatus="1" KundAufDat="2006-01-12"/>
  <Kunden KundenNr="22621" KundEigtNr="24467" KundArt="2" KundStatus="3" KundAufDat="2006-01-13"/>
  <Kunden KundenNr="22622" KundEigtNr="24468" KundArt="29" KundStatus="1" KundAufDat="2006-01-13"/>
  <Kunden KundenNr="22623" KundEigtNr="24469" KundArt="2" KundStatus="3" KundAufDat="2006-01-13"/>
  <Kunden KundenNr="22624" KundEigtNr="24470" KundArt="2" KundStatus="3" KundAufDat="2006-01-13"/>
  <Kunden KundenNr="22625" KundEigtNr="21052" KundArt="29" KundStatus="1" KundAufDat="2006-01-13"/>
  <Kunden KundenNr="22626" KundEigtNr="24479" KundArt="1" KundStatus="1" KundAufDat="2006-01-13"/>
  <Kunden KundenNr="22627" KundEigtNr="24480" KundArt="2" KundStatus="1" KundAufDat="2006-01-13"/>
  <Kunden KundenNr="22628" KundEigtNr="24481" KundArt="2" KundStatus="1" KundAufDat="2006-01-13"/>
  <Kunden KundenNr="22629" KundEigtNr="21913" KundArt="29" KundStatus="1" KundAufDat="2006-01-13"/>
  <Kunden KundenNr="22630" KundEigtNr="24482" KundArt="2" KundStatus="3" KundAufDat="2006-01-16"/>
  <Kunden KundenNr="22631" KundEigtNr="24483" KundArt="2" KundStatus="1" KundAufDat="2006-01-16"/>
  <Kunden KundenNr="22632" KundEigtNr="24484" KundArt="2" KundStatus="3" KundAufDat="2006-01-16"/>
  <Kunden KundenNr="22633" KundEigtNr="24485" KundArt="2" KundStatus="3" KundAufDat="2006-01-16"/>
  <Kunden KundenNr="22634" KundEigtNr="24486" KundArt="2" KundStatus="1" KundAufDat="2006-01-16"/>
  <Kunden KundenNr="22635" KundEigtNr="24488" KundArt="8" KundStatus="1" KundAufDat="2006-01-16"/>
  <Kunden KundenNr="22636" KundEigtNr="24489" KundArt="2" KundStatus="3" KundAufDat="2006-01-16"/>
  <Kunden KundenNr="22637" KundEigtNr="24493" KundArt="8" KundStatus="1" KundAufDat="2006-01-16"/>
  <Kunden KundenNr="22638" KundEigtNr="24494" KundArt="29" KundStatus="1" KundAufDat="2006-01-16"/>
  <Kunden KundenNr="22639" KundEigtNr="24495" KundArt="8" KundStatus="3" KundAufDat="2006-01-17"/>
  <Kunden KundenNr="22640" KundEigtNr="24487" KundArt="29" KundStatus="1" KundAufDat="2006-01-17"/>
  <Kunden KundenNr="22641" KundEigtNr="24496" KundArt="1" KundStatus="3" KundAufDat="2006-01-17"/>
  <Kunden KundenNr="22642" KundEigtNr="24497" KundArt="8" KundStatus="3" KundAufDat="2006-01-17"/>
  <Kunden KundenNr="22643" KundEigtNr="24498" KundArt="8" KundStatus="3" KundAufDat="2006-01-17"/>
  <Kunden KundenNr="22644" KundEigtNr="24499" KundArt="8" KundStatus="1" KundAufDat="2006-01-17"/>
  <Kunden KundenNr="22645" KundEigtNr="24505" KundArt="8" KundStatus="3" KundAufDat="2006-01-18"/>
  <Kunden KundenNr="22646" KundEigtNr="24506" KundArt="8" KundStatus="3" KundAufDat="2006-01-18"/>
  <Kunden KundenNr="22647" KundEigtNr="24507" KundArt="29" KundStatus="1" KundAufDat="2006-01-18"/>
  <Kunden KundenNr="22648" KundEigtNr="24508" KundArt="8" KundStatus="3" KundAufDat="2006-01-18"/>
  <Kunden KundenNr="22649" KundEigtNr="24509" KundArt="2" KundStatus="3" KundAufDat="2006-01-19"/>
  <Kunden KundenNr="22650" KundEigtNr="24510" KundArt="1" KundStatus="1" KundAufDat="2006-01-19"/>
  <Kunden KundenNr="22651" KundEigtNr="24454" KundArt="29" KundStatus="1" KundAufDat="2006-01-19"/>
  <Kunden KundenNr="22652" KundEigtNr="24511" KundArt="2" KundStatus="1" KundAufDat="2006-01-19"/>
  <Kunden KundenNr="22653" KundEigtNr="24512" KundArt="8" KundStatus="1" KundAufDat="2006-01-19"/>
  <Kunden KundenNr="22654" KundEigtNr="24492" KundArt="29" KundStatus="1" KundAufDat="2006-01-19"/>
  <Kunden KundenNr="22655" KundEigtNr="24513" KundArt="29" KundStatus="1" KundAufDat="2006-01-19"/>
  <Kunden KundenNr="22656" KundEigtNr="24514" KundArt="8" KundStatus="3" KundAufDat="2006-01-19"/>
  <Kunden KundenNr="22657" KundEigtNr="24420" KundArt="8" KundStatus="3" KundAufDat="2006-01-20"/>
  <Kunden KundenNr="22658" KundEigtNr="24515" KundArt="8" KundStatus="1" KundAufDat="2006-01-20"/>
  <Kunden KundenNr="22659" KundEigtNr="24516" KundArt="2" KundStatus="1" KundAufDat="2006-01-20"/>
  <Kunden KundenNr="22660" KundEigtNr="24518" KundArt="2" KundStatus="3" KundAufDat="2006-01-23"/>
  <Kunden KundenNr="22661" KundEigtNr="24519" KundArt="8" KundStatus="3" KundAufDat="2006-01-23"/>
  <Kunden KundenNr="22662" KundEigtNr="24520" KundArt="8" KundStatus="1" KundAufDat="2006-01-23"/>
  <Kunden KundenNr="22663" KundEigtNr="24521" KundArt="8" KundStatus="1" KundAufDat="2006-01-23"/>
  <Kunden KundenNr="22664" KundEigtNr="24522" KundArt="8" KundStatus="3" KundAufDat="2006-01-23"/>
  <Kunden KundenNr="22665" KundEigtNr="24523" KundArt="1" KundStatus="1" KundAufDat="2006-01-23"/>
  <Kunden KundenNr="22666" KundEigtNr="24524" KundArt="2" KundStatus="3" KundAufDat="2006-01-23"/>
  <Kunden KundenNr="22667" KundEigtNr="24525" KundArt="8" KundStatus="3" KundAufDat="2006-01-23"/>
  <Kunden KundenNr="22668" KundEigtNr="24527" KundArt="8" KundStatus="3" KundAufDat="2006-01-23"/>
  <Kunden KundenNr="22669" KundEigtNr="24528" KundArt="8" KundStatus="1" KundAufDat="2006-01-23"/>
  <Kunden KundenNr="22670" KundEigtNr="24529" KundArt="2" KundStatus="1" KundAufDat="2006-01-23"/>
  <Kunden KundenNr="22671" KundEigtNr="24530" KundArt="2" KundStatus="1" KundAufDat="2006-01-23"/>
  <Kunden KundenNr="22672" KundEigtNr="8236" KundArt="2" KundStatus="1" KundAufDat="2006-01-24"/>
  <Kunden KundenNr="22673" KundEigtNr="24531" KundArt="8" KundStatus="3" KundAufDat="2006-01-24"/>
  <Kunden KundenNr="22674" KundEigtNr="24532" KundArt="8" KundStatus="1" KundAufDat="2006-01-24"/>
  <Kunden KundenNr="22675" KundEigtNr="24533" KundArt="2" KundStatus="3" KundAufDat="2006-01-24"/>
  <Kunden KundenNr="22676" KundEigtNr="24534" KundArt="8" KundStatus="3" KundAufDat="2006-01-24"/>
  <Kunden KundenNr="22677" KundEigtNr="24535" KundArt="2" KundStatus="3" KundAufDat="2006-01-24"/>
  <Kunden KundenNr="22678" KundEigtNr="24536" KundArt="2" KundStatus="1" KundAufDat="2006-01-24"/>
  <Kunden KundenNr="22679" KundEigtNr="24537" KundArt="2" KundStatus="3" KundAufDat="2006-01-25"/>
  <Kunden KundenNr="22680" KundEigtNr="24538" KundArt="29" KundStatus="1" KundAufDat="2006-01-25"/>
  <Kunden KundenNr="22681" KundEigtNr="24477" KundArt="29" KundStatus="1" KundAufDat="2006-01-25"/>
  <Kunden KundenNr="22682" KundEigtNr="24539" KundArt="2" KundStatus="1" KundAufDat="2006-01-25"/>
  <Kunden KundenNr="22683" KundEigtNr="24545" KundArt="8" KundStatus="3" KundAufDat="2006-01-25"/>
  <Kunden KundenNr="22684" KundEigtNr="24546" KundArt="8" KundStatus="3" KundAufDat="2006-01-25"/>
  <Kunden KundenNr="22685" KundEigtNr="24547" KundArt="2" KundStatus="3" KundAufDat="2006-01-26"/>
  <Kunden KundenNr="22686" KundEigtNr="24548" KundArt="2" KundStatus="3" KundAufDat="2006-01-26"/>
  <Kunden KundenNr="22687" KundEigtNr="24549" KundArt="8" KundStatus="1" KundAufDat="2006-01-26"/>
  <Kunden KundenNr="22688" KundEigtNr="24550" KundArt="2" KundStatus="3" KundAufDat="2006-01-26"/>
  <Kunden KundenNr="22689" KundEigtNr="24551" KundArt="2" KundStatus="3" KundAufDat="2006-01-26"/>
  <Kunden KundenNr="22690" KundEigtNr="24552" KundArt="2" KundStatus="3" KundAufDat="2006-01-26"/>
  <Kunden KundenNr="22691" KundEigtNr="24553" KundArt="1" KundStatus="1" KundAufDat="2006-01-26"/>
  <Kunden KundenNr="22692" KundEigtNr="24517" KundArt="29" KundStatus="1" KundAufDat="2006-01-26"/>
  <Kunden KundenNr="22693" KundEigtNr="24554" KundArt="2" KundStatus="3" KundAufDat="2006-01-26"/>
  <Kunden KundenNr="22694" KundEigtNr="24555" KundArt="29" KundStatus="1" KundAufDat="2006-01-26"/>
  <Kunden KundenNr="22695" KundEigtNr="23957" KundArt="29" KundStatus="1" KundAufDat="2006-01-26"/>
  <Kunden KundenNr="22696" KundEigtNr="24556" KundArt="2" KundStatus="3" KundAufDat="2006-01-26"/>
  <Kunden KundenNr="22697" KundEigtNr="24557" KundArt="8" KundStatus="1" KundAufDat="2006-01-27"/>
  <Kunden KundenNr="22698" KundEigtNr="24558" KundArt="2" KundStatus="3" KundAufDat="2006-01-27"/>
  <Kunden KundenNr="22699" KundEigtNr="24559" KundArt="2" KundStatus="1" KundAufDat="2006-01-27"/>
  <Kunden KundenNr="22700" KundEigtNr="24560" KundArt="8" KundStatus="1" KundAufDat="2006-01-27"/>
  <Kunden KundenNr="22701" KundEigtNr="24490" KundArt="29" KundStatus="1" KundAufDat="2006-01-27"/>
  <Kunden KundenNr="22702" KundEigtNr="24503" KundArt="29" KundStatus="1" KundAufDat="2006-01-30"/>
  <Kunden KundenNr="22703" KundEigtNr="24561" KundArt="8" KundStatus="1" KundAufDat="2006-01-30"/>
  <Kunden KundenNr="22704" KundEigtNr="24562" KundArt="8" KundStatus="3" KundAufDat="2006-01-30"/>
  <Kunden KundenNr="22705" KundEigtNr="24563" KundArt="1" KundStatus="1" KundAufDat="2006-01-30"/>
  <Kunden KundenNr="22706" KundEigtNr="24564" KundArt="1" KundStatus="1" KundAufDat="2006-01-30"/>
  <Kunden KundenNr="22707" KundEigtNr="24027" KundArt="29" KundStatus="1" KundAufDat="2006-01-30"/>
  <Kunden KundenNr="22708" KundEigtNr="24565" KundArt="8" KundStatus="3" KundAufDat="2006-01-30"/>
  <Kunden KundenNr="22709" KundEigtNr="24566" KundArt="2" KundStatus="1" KundAufDat="2006-01-30"/>
  <Kunden KundenNr="22710" KundEigtNr="24567" KundArt="2" KundStatus="3" KundAufDat="2006-01-30"/>
  <Kunden KundenNr="22711" KundEigtNr="24573" KundArt="2" KundStatus="3" KundAufDat="2006-01-31"/>
  <Kunden KundenNr="22712" KundEigtNr="24574" KundArt="2" KundStatus="3" KundAufDat="2006-01-31"/>
  <Kunden KundenNr="22713" KundEigtNr="24575" KundArt="8" KundStatus="1" KundAufDat="2006-01-31"/>
  <Kunden KundenNr="22714" KundEigtNr="24576" KundArt="29" KundStatus="1" KundAufDat="2006-01-31"/>
  <Kunden KundenNr="22715" KundEigtNr="24577" KundArt="2" KundStatus="1" KundAufDat="2006-01-31"/>
  <Kunden KundenNr="22716" KundEigtNr="24578" KundArt="8" KundStatus="3" KundAufDat="2006-01-31"/>
  <Kunden KundenNr="22717" KundEigtNr="28232" KundArt="1" KundStatus="1" KundAufDat="2011-09-02"/>
  <Kunden KundenNr="22718" KundEigtNr="24581" KundArt="29" KundStatus="1" KundAufDat="2006-02-01"/>
  <Kunden KundenNr="22719" KundEigtNr="24582" KundArt="8" KundStatus="3" KundAufDat="2006-02-01"/>
  <Kunden KundenNr="22720" KundEigtNr="19748" KundArt="29" KundStatus="1" KundAufDat="2006-02-01"/>
  <Kunden KundenNr="22721" KundEigtNr="24541" KundArt="29" KundStatus="1" KundAufDat="2006-02-01"/>
  <Kunden KundenNr="22722" KundEigtNr="24583" KundArt="2" KundStatus="3" KundAufDat="2006-02-01"/>
  <Kunden KundenNr="22723" KundEigtNr="24584" KundArt="2" KundStatus="1" KundAufDat="2006-02-01"/>
  <Kunden KundenNr="22724" KundEigtNr="24585" KundArt="2" KundStatus="3" KundAufDat="2006-02-01"/>
  <Kunden KundenNr="22725" KundEigtNr="24586" KundArt="2" KundStatus="3" KundAufDat="2006-02-02"/>
  <Kunden KundenNr="22726" KundEigtNr="24587" KundArt="2" KundStatus="3" KundAufDat="2006-02-02"/>
  <Kunden KundenNr="22727" KundEigtNr="13452" KundArt="1" KundStatus="1" KundAufDat="2006-02-02"/>
  <Kunden KundenNr="22728" KundEigtNr="24588" KundArt="8" KundStatus="3" KundAufDat="2006-02-02"/>
  <Kunden KundenNr="22729" KundEigtNr="24589" KundArt="8" KundStatus="3" KundAufDat="2006-02-02"/>
  <Kunden KundenNr="22730" KundEigtNr="24591" KundArt="2" KundStatus="3" KundAufDat="2006-02-02"/>
  <Kunden KundenNr="22731" KundEigtNr="24592" KundArt="8" KundStatus="3" KundAufDat="2006-02-02"/>
  <Kunden KundenNr="22732" KundEigtNr="24593" KundArt="2" KundStatus="3" KundAufDat="2006-02-03"/>
  <Kunden KundenNr="22733" KundEigtNr="24594" KundArt="8" KundStatus="3" KundAufDat="2006-02-03"/>
  <Kunden KundenNr="22734" KundEigtNr="1580" KundArt="2" KundStatus="1" KundAufDat="2006-02-03"/>
  <Kunden KundenNr="22735" KundEigtNr="24595" KundArt="2" KundStatus="3" KundAufDat="2006-02-03"/>
  <Kunden KundenNr="22736" KundEigtNr="24596" KundArt="2" KundStatus="3" KundAufDat="2006-02-03"/>
  <Kunden KundenNr="22737" KundEigtNr="24597" KundArt="8" KundStatus="3" KundAufDat="2006-02-03"/>
  <Kunden KundenNr="22738" KundEigtNr="24598" KundArt="2" KundStatus="1" KundAufDat="2006-02-06"/>
  <Kunden KundenNr="22739" KundEigtNr="24599" KundArt="29" KundStatus="1" KundAufDat="2006-02-06"/>
  <Kunden KundenNr="22740" KundEigtNr="24600" KundArt="8" KundStatus="3" KundAufDat="2006-02-06"/>
  <Kunden KundenNr="22741" KundEigtNr="24601" KundArt="8" KundStatus="3" KundAufDat="2006-02-06"/>
  <Kunden KundenNr="22742" KundEigtNr="24602" KundArt="2" KundStatus="3" KundAufDat="2006-02-06"/>
  <Kunden KundenNr="22744" KundEigtNr="24605" KundArt="2" KundStatus="1" KundAufDat="2006-02-06"/>
  <Kunden KundenNr="22745" KundEigtNr="24606" KundArt="2" KundStatus="1" KundAufDat="2006-02-06"/>
  <Kunden KundenNr="22746" KundEigtNr="24607" KundArt="8" KundStatus="3" KundAufDat="2006-02-06"/>
  <Kunden KundenNr="22747" KundEigtNr="24608" KundArt="1" KundStatus="1" KundAufDat="2006-02-06"/>
  <Kunden KundenNr="22748" KundEigtNr="24609" KundArt="29" KundStatus="1" KundAufDat="2006-02-06"/>
  <Kunden KundenNr="22749" KundEigtNr="24610" KundArt="8" KundStatus="3" KundAufDat="2006-02-06"/>
  <Kunden KundenNr="22750" KundEigtNr="24612" KundArt="2" KundStatus="1" KundAufDat="2006-02-07"/>
  <Kunden KundenNr="22751" KundEigtNr="24613" KundArt="2" KundStatus="1" KundAufDat="2006-02-07"/>
  <Kunden KundenNr="22752" KundEigtNr="24614" KundArt="2" KundStatus="1" KundAufDat="2006-02-07"/>
  <Kunden KundenNr="22753" KundEigtNr="24615" KundArt="2" KundStatus="1" KundAufDat="2006-02-07"/>
  <Kunden KundenNr="22754" KundEigtNr="24616" KundArt="2" KundStatus="3" KundAufDat="2006-02-07"/>
  <Kunden KundenNr="22755" KundEigtNr="24617" KundArt="1" KundStatus="3" KundAufDat="2006-02-07"/>
  <Kunden KundenNr="22756" KundEigtNr="24618" KundArt="8" KundStatus="3" KundAufDat="2006-02-07"/>
  <Kunden KundenNr="22757" KundEigtNr="9985" KundArt="29" KundStatus="1" KundAufDat="2006-02-07"/>
  <Kunden KundenNr="22758" KundEigtNr="24619" KundArt="2" KundStatus="1" KundAufDat="2006-02-07"/>
  <Kunden KundenNr="22759" KundEigtNr="24620" KundArt="2" KundStatus="1" KundAufDat="2006-02-07"/>
  <Kunden KundenNr="22760" KundEigtNr="24621" KundArt="8" KundStatus="3" KundAufDat="2006-02-08"/>
  <Kunden KundenNr="22761" KundEigtNr="24622" KundArt="1" KundStatus="1" KundAufDat="2006-02-08"/>
  <Kunden KundenNr="22762" KundEigtNr="24623" KundArt="2" KundStatus="3" KundAufDat="2006-02-08"/>
  <Kunden KundenNr="22763" KundEigtNr="24624" KundArt="2" KundStatus="3" KundAufDat="2006-02-08"/>
  <Kunden KundenNr="22764" KundEigtNr="24625" KundArt="29" KundStatus="1" KundAufDat="2006-02-08"/>
  <Kunden KundenNr="22765" KundEigtNr="24626" KundArt="2" KundStatus="1" KundAufDat="2006-02-08"/>
  <Kunden KundenNr="22766" KundEigtNr="24627" KundArt="2" KundStatus="1" KundAufDat="2006-02-08"/>
  <Kunden KundenNr="22767" KundEigtNr="21821" KundArt="2" KundStatus="3" KundAufDat="2006-02-08"/>
  <Kunden KundenNr="22768" KundEigtNr="24628" KundArt="8" KundStatus="3" KundAufDat="2006-02-08"/>
  <Kunden KundenNr="22769" KundEigtNr="24629" KundArt="1" KundStatus="1" KundAufDat="2006-02-08"/>
  <Kunden KundenNr="22770" KundEigtNr="22693" KundArt="8" KundStatus="1" KundAufDat="2006-02-09"/>
  <Kunden KundenNr="22771" KundEigtNr="24630" KundArt="2" KundStatus="3" KundAufDat="2006-02-09"/>
  <Kunden KundenNr="22772" KundEigtNr="18373" KundArt="29" KundStatus="1" KundAufDat="2006-02-09"/>
  <Kunden KundenNr="22773" KundEigtNr="24631" KundArt="2" KundStatus="1" KundAufDat="2006-02-09"/>
  <Kunden KundenNr="22774" KundEigtNr="24632" KundArt="2" KundStatus="3" KundAufDat="2006-02-09"/>
  <Kunden KundenNr="22775" KundEigtNr="24633" KundArt="8" KundStatus="3" KundAufDat="2006-02-09"/>
  <Kunden KundenNr="22776" KundEigtNr="24279" KundArt="8" KundStatus="1" KundAufDat="2006-02-09"/>
  <Kunden KundenNr="22777" KundEigtNr="24260" KundArt="2" KundStatus="3" KundAufDat="2006-02-09"/>
  <Kunden KundenNr="22778" KundEigtNr="24634" KundArt="2" KundStatus="3" KundAufDat="2006-02-09"/>
  <Kunden KundenNr="22779" KundEigtNr="24635" KundArt="8" KundStatus="3" KundAufDat="2006-02-09"/>
  <Kunden KundenNr="22780" KundEigtNr="24636" KundArt="2" KundStatus="1" KundAufDat="2006-02-09"/>
  <Kunden KundenNr="22781" KundEigtNr="24637" KundArt="2" KundStatus="3" KundAufDat="2006-02-09"/>
  <Kunden KundenNr="22782" KundEigtNr="12294" KundArt="2" KundStatus="1" KundAufDat="2006-02-09"/>
  <Kunden KundenNr="22783" KundEigtNr="24638" KundArt="2" KundStatus="1" KundAufDat="2006-02-09"/>
  <Kunden KundenNr="22784" KundEigtNr="24639" KundArt="2" KundStatus="1" KundAufDat="2006-02-10"/>
  <Kunden KundenNr="22785" KundEigtNr="24640" KundArt="2" KundStatus="3" KundAufDat="2006-02-10"/>
  <Kunden KundenNr="22786" KundEigtNr="24641" KundArt="2" KundStatus="1" KundAufDat="2006-02-10"/>
  <Kunden KundenNr="22787" KundEigtNr="24642" KundArt="29" KundStatus="1" KundAufDat="2006-02-10"/>
  <Kunden KundenNr="22788" KundEigtNr="24643" KundArt="2" KundStatus="3" KundAufDat="2006-02-10"/>
  <Kunden KundenNr="22789" KundEigtNr="24644" KundArt="2" KundStatus="3" KundAufDat="2006-02-10"/>
  <Kunden KundenNr="22790" KundEigtNr="24645" KundArt="29" KundStatus="1" KundAufDat="2006-02-10"/>
  <Kunden KundenNr="22791" KundEigtNr="24646" KundArt="8" KundStatus="1" KundAufDat="2006-02-13"/>
  <Kunden KundenNr="22792" KundEigtNr="24647" KundArt="8" KundStatus="1" KundAufDat="2006-02-13"/>
  <Kunden KundenNr="22793" KundEigtNr="23859" KundArt="2" KundStatus="1" KundAufDat="2006-02-13"/>
  <Kunden KundenNr="22794" KundEigtNr="24648" KundArt="2" KundStatus="3" KundAufDat="2006-02-13"/>
  <Kunden KundenNr="22795" KundEigtNr="24438" KundArt="2" KundStatus="1" KundAufDat="2006-02-13"/>
  <Kunden KundenNr="22796" KundEigtNr="24649" KundArt="8" KundStatus="3" KundAufDat="2006-02-13"/>
  <Kunden KundenNr="22797" KundEigtNr="24650" KundArt="2" KundStatus="3" KundAufDat="2006-02-13"/>
  <Kunden KundenNr="22798" KundEigtNr="24651" KundArt="2" KundStatus="3" KundAufDat="2006-02-13"/>
  <Kunden KundenNr="22799" KundEigtNr="23859" KundArt="8" KundStatus="3" KundAufDat="2006-02-13"/>
  <Kunden KundenNr="22800" KundEigtNr="24652" KundArt="2" KundStatus="1" KundAufDat="2006-02-13"/>
  <Kunden KundenNr="22801" KundEigtNr="24653" KundArt="8" KundStatus="3" KundAufDat="2006-02-13"/>
  <Kunden KundenNr="22802" KundEigtNr="24654" KundArt="8" KundStatus="1" KundAufDat="2006-02-13"/>
  <Kunden KundenNr="22803" KundEigtNr="24655" KundArt="8" KundStatus="1" KundAufDat="2006-02-13"/>
  <Kunden KundenNr="22804" KundEigtNr="24656" KundArt="2" KundStatus="3" KundAufDat="2006-02-13"/>
  <Kunden KundenNr="22805" KundEigtNr="24657" KundArt="8" KundStatus="1" KundAufDat="2006-02-13"/>
  <Kunden KundenNr="22806" KundEigtNr="24658" KundArt="2" KundStatus="3" KundAufDat="2006-02-13"/>
  <Kunden KundenNr="22807" KundEigtNr="24659" KundArt="8" KundStatus="1" KundAufDat="2006-02-13"/>
  <Kunden KundenNr="22808" KundEigtNr="3854" KundArt="29" KundStatus="1" KundAufDat="2006-02-14"/>
  <Kunden KundenNr="22809" KundEigtNr="7991" KundArt="8" KundStatus="1" KundAufDat="2006-02-14"/>
  <Kunden KundenNr="22810" KundEigtNr="24395" KundArt="29" KundStatus="1" KundAufDat="2006-02-14"/>
  <Kunden KundenNr="22811" KundEigtNr="24660" KundArt="2" KundStatus="1" KundAufDat="2006-02-14"/>
  <Kunden KundenNr="22812" KundEigtNr="24552" KundArt="1" KundStatus="1" KundAufDat="2006-02-14"/>
  <Kunden KundenNr="22813" KundEigtNr="24661" KundArt="8" KundStatus="1" KundAufDat="2006-02-14"/>
  <Kunden KundenNr="22814" KundEigtNr="24665" KundArt="2" KundStatus="1" KundAufDat="2006-02-14"/>
  <Kunden KundenNr="22815" KundEigtNr="24666" KundArt="2" KundStatus="3" KundAufDat="2006-02-14"/>
  <Kunden KundenNr="22816" KundEigtNr="24667" KundArt="8" KundStatus="3" KundAufDat="2006-02-14"/>
  <Kunden KundenNr="22817" KundEigtNr="24670" KundArt="2" KundStatus="3" KundAufDat="2006-02-14"/>
  <Kunden KundenNr="22818" KundEigtNr="24671" KundArt="2" KundStatus="1" KundAufDat="2006-02-14"/>
  <Kunden KundenNr="22819" KundEigtNr="24672" KundArt="8" KundStatus="3" KundAufDat="2006-02-14"/>
  <Kunden KundenNr="22820" KundEigtNr="24675" KundArt="2" KundStatus="3" KundAufDat="2006-02-15"/>
  <Kunden KundenNr="22821" KundEigtNr="24676" KundArt="8" KundStatus="1" KundAufDat="2006-02-15"/>
  <Kunden KundenNr="22822" KundEigtNr="24677" KundArt="8" KundStatus="3" KundAufDat="2006-02-15"/>
  <Kunden KundenNr="22823" KundEigtNr="21855" KundArt="2" KundStatus="3" KundAufDat="2006-02-16"/>
  <Kunden KundenNr="22824" KundEigtNr="24678" KundArt="2" KundStatus="3" KundAufDat="2006-02-16"/>
  <Kunden KundenNr="22825" KundEigtNr="24679" KundArt="29" KundStatus="1" KundAufDat="2006-02-16"/>
  <Kunden KundenNr="22826" KundEigtNr="24680" KundArt="8" KundStatus="1" KundAufDat="2006-02-16"/>
  <Kunden KundenNr="22827" KundEigtNr="24681" KundArt="8" KundStatus="3" KundAufDat="2006-02-16"/>
  <Kunden KundenNr="22828" KundEigtNr="24682" KundArt="8" KundStatus="3" KundAufDat="2006-02-16"/>
  <Kunden KundenNr="22829" KundEigtNr="24683" KundArt="2" KundStatus="1" KundAufDat="2006-02-16"/>
  <Kunden KundenNr="22830" KundEigtNr="24684" KundArt="2" KundStatus="1" KundAufDat="2006-02-16"/>
  <Kunden KundenNr="22831" KundEigtNr="24685" KundArt="2" KundStatus="1" KundAufDat="2006-02-16"/>
  <Kunden KundenNr="22832" KundEigtNr="24686" KundArt="8" KundStatus="3" KundAufDat="2006-02-16"/>
  <Kunden KundenNr="22833" KundEigtNr="24687" KundArt="2" KundStatus="1" KundAufDat="2006-02-16"/>
  <Kunden KundenNr="22834" KundEigtNr="24695" KundArt="8" KundStatus="1" KundAufDat="2006-02-16"/>
  <Kunden KundenNr="22835" KundEigtNr="22889" KundArt="8" KundStatus="3" KundAufDat="2006-02-17"/>
  <Kunden KundenNr="22836" KundEigtNr="24705" KundArt="2" KundStatus="3" KundAufDat="2006-02-17"/>
  <Kunden KundenNr="22837" KundEigtNr="24706" KundArt="2" KundStatus="3" KundAufDat="2006-02-17"/>
  <Kunden KundenNr="22838" KundEigtNr="24707" KundArt="2" KundStatus="3" KundAufDat="2006-02-17"/>
  <Kunden KundenNr="22839" KundEigtNr="24708" KundArt="1" KundStatus="1" KundAufDat="2006-02-17"/>
  <Kunden KundenNr="22840" KundEigtNr="24709" KundArt="8" KundStatus="3" KundAufDat="2006-02-17"/>
  <Kunden KundenNr="22841" KundEigtNr="24710" KundArt="2" KundStatus="1" KundAufDat="2006-02-17"/>
  <Kunden KundenNr="22842" KundEigtNr="24711" KundArt="2" KundStatus="3" KundAufDat="2006-02-20"/>
  <Kunden KundenNr="22843" KundEigtNr="24712" KundArt="2" KundStatus="1" KundAufDat="2006-02-20"/>
  <Kunden KundenNr="22844" KundEigtNr="24713" KundArt="2" KundStatus="3" KundAufDat="2006-02-20"/>
  <Kunden KundenNr="22845" KundEigtNr="24714" KundArt="2" KundStatus="3" KundAufDat="2006-02-20"/>
  <Kunden KundenNr="22846" KundEigtNr="24458" KundArt="8" KundStatus="1" KundAufDat="2006-02-20"/>
  <Kunden KundenNr="22847" KundEigtNr="24715" KundArt="2" KundStatus="1" KundAufDat="2006-02-20"/>
  <Kunden KundenNr="22848" KundEigtNr="18930" KundArt="8" KundStatus="3" KundAufDat="2006-02-20"/>
  <Kunden KundenNr="22849" KundEigtNr="24716" KundArt="8" KundStatus="1" KundAufDat="2006-02-20"/>
  <Kunden KundenNr="22850" KundEigtNr="24717" KundArt="2" KundStatus="1" KundAufDat="2006-02-20"/>
  <Kunden KundenNr="22851" KundEigtNr="24718" KundArt="2" KundStatus="3" KundAufDat="2006-02-20"/>
  <Kunden KundenNr="22852" KundEigtNr="24721" KundArt="2" KundStatus="1" KundAufDat="2006-02-20"/>
  <Kunden KundenNr="22853" KundEigtNr="24722" KundArt="2" KundStatus="3" KundAufDat="2006-02-21"/>
  <Kunden KundenNr="22854" KundEigtNr="24723" KundArt="8" KundStatus="1" KundAufDat="2006-02-21"/>
  <Kunden KundenNr="22855" KundEigtNr="24724" KundArt="29" KundStatus="1" KundAufDat="2006-02-21"/>
  <Kunden KundenNr="22856" KundEigtNr="24725" KundArt="8" KundStatus="1" KundAufDat="2006-02-21"/>
  <Kunden KundenNr="22857" KundEigtNr="24726" KundArt="29" KundStatus="3" KundAufDat="2006-02-21"/>
  <Kunden KundenNr="22858" KundEigtNr="24729" KundArt="2" KundStatus="1" KundAufDat="2006-02-21"/>
  <Kunden KundenNr="22859" KundEigtNr="24730" KundArt="2" KundStatus="1" KundAufDat="2006-02-21"/>
  <Kunden KundenNr="22860" KundEigtNr="24731" KundArt="2" KundStatus="1" KundAufDat="2006-02-21"/>
  <Kunden KundenNr="22861" KundEigtNr="24732" KundArt="2" KundStatus="3" KundAufDat="2006-02-21"/>
  <Kunden KundenNr="22862" KundEigtNr="24733" KundArt="2" KundStatus="1" KundAufDat="2006-02-21"/>
  <Kunden KundenNr="22863" KundEigtNr="24734" KundArt="29" KundStatus="1" KundAufDat="2006-02-21"/>
  <Kunden KundenNr="22864" KundEigtNr="24735" KundArt="8" KundStatus="3" KundAufDat="2006-02-22"/>
  <Kunden KundenNr="22865" KundEigtNr="24736" KundArt="2" KundStatus="1" KundAufDat="2006-02-22"/>
  <Kunden KundenNr="22866" KundEigtNr="24737" KundArt="8" KundStatus="1" KundAufDat="2006-02-22"/>
  <Kunden KundenNr="22867" KundEigtNr="10761" KundArt="29" KundStatus="1" KundAufDat="2006-02-22"/>
  <Kunden KundenNr="22868" KundEigtNr="24738" KundArt="2" KundStatus="1" KundAufDat="2006-02-23"/>
  <Kunden KundenNr="22869" KundEigtNr="20885" KundArt="1" KundStatus="1" KundAufDat="2006-02-23"/>
  <Kunden KundenNr="22870" KundEigtNr="24739" KundArt="8" KundStatus="3" KundAufDat="2006-02-23"/>
  <Kunden KundenNr="22871" KundEigtNr="24746" KundArt="8" KundStatus="1" KundAufDat="2006-02-23"/>
  <Kunden KundenNr="22872" KundEigtNr="24747" KundArt="8" KundStatus="1" KundAufDat="2006-02-23"/>
  <Kunden KundenNr="22873" KundEigtNr="24748" KundArt="1" KundStatus="1" KundAufDat="2006-02-23"/>
  <Kunden KundenNr="22874" KundEigtNr="24749" KundArt="1" KundStatus="1" KundAufDat="2006-02-23"/>
  <Kunden KundenNr="22875" KundEigtNr="24750" KundArt="29" KundStatus="1" KundAufDat="2006-02-23"/>
  <Kunden KundenNr="22876" KundEigtNr="24751" KundArt="2" KundStatus="1" KundAufDat="2006-02-23"/>
  <Kunden KundenNr="22877" KundEigtNr="24752" KundArt="2" KundStatus="1" KundAufDat="2006-02-24"/>
  <Kunden KundenNr="22878" KundEigtNr="24753" KundArt="8" KundStatus="1" KundAufDat="2006-02-24"/>
  <Kunden KundenNr="22879" KundEigtNr="24258" KundArt="8" KundStatus="1" KundAufDat="2006-02-24"/>
  <Kunden KundenNr="22880" KundEigtNr="24754" KundArt="8" KundStatus="1" KundAufDat="2006-02-24"/>
  <Kunden KundenNr="22881" KundEigtNr="24755" KundArt="8" KundStatus="1" KundAufDat="2006-02-27"/>
  <Kunden KundenNr="22882" KundEigtNr="24756" KundArt="8" KundStatus="3" KundAufDat="2006-02-27"/>
  <Kunden KundenNr="22883" KundEigtNr="24757" KundArt="8" KundStatus="1" KundAufDat="2006-02-27"/>
  <Kunden KundenNr="22884" KundEigtNr="24758" KundArt="2" KundStatus="3" KundAufDat="2006-02-27"/>
  <Kunden KundenNr="22885" KundEigtNr="24759" KundArt="8" KundStatus="1" KundAufDat="2006-02-27"/>
  <Kunden KundenNr="22886" KundEigtNr="24760" KundArt="8" KundStatus="1" KundAufDat="2006-02-27"/>
  <Kunden KundenNr="22887" KundEigtNr="24761" KundArt="2" KundStatus="1" KundAufDat="2006-02-27"/>
  <Kunden KundenNr="22888" KundEigtNr="24762" KundArt="2" KundStatus="1" KundAufDat="2006-02-27"/>
  <Kunden KundenNr="22889" KundEigtNr="24763" KundArt="2" KundStatus="1" KundAufDat="2006-02-27"/>
  <Kunden KundenNr="22890" KundEigtNr="24764" KundArt="1" KundStatus="1" KundAufDat="2006-02-27"/>
  <Kunden KundenNr="22891" KundEigtNr="24765" KundArt="8" KundStatus="1" KundAufDat="2006-02-27"/>
  <Kunden KundenNr="22892" KundEigtNr="24766" KundArt="1" KundStatus="1" KundAufDat="2006-02-27"/>
  <Kunden KundenNr="22893" KundEigtNr="24767" KundArt="1" KundStatus="1" KundAufDat="2006-02-27"/>
  <Kunden KundenNr="22894" KundEigtNr="24768" KundArt="2" KundStatus="1" KundAufDat="2006-02-27"/>
  <Kunden KundenNr="22895" KundEigtNr="24769" KundArt="8" KundStatus="3" KundAufDat="2006-02-27"/>
  <Kunden KundenNr="22896" KundEigtNr="24770" KundArt="29" KundStatus="1" KundAufDat="2006-02-27"/>
  <Kunden KundenNr="22897" KundEigtNr="24771" KundArt="29" KundStatus="1" KundAufDat="2006-02-27"/>
  <Kunden KundenNr="22898" KundEigtNr="24742" KundArt="29" KundStatus="1" KundAufDat="2006-02-27"/>
  <Kunden KundenNr="22899" KundEigtNr="24772" KundArt="29" KundStatus="1" KundAufDat="2006-02-27"/>
  <Kunden KundenNr="22900" KundEigtNr="24773" KundArt="1" KundStatus="1" KundAufDat="2006-02-28"/>
  <Kunden KundenNr="22901" KundEigtNr="24774" KundArt="2" KundStatus="1" KundAufDat="2006-02-28"/>
  <Kunden KundenNr="22902" KundEigtNr="24775" KundArt="2" KundStatus="3" KundAufDat="2006-02-28"/>
  <Kunden KundenNr="22903" KundEigtNr="24777" KundArt="2" KundStatus="3" KundAufDat="2006-02-28"/>
  <Kunden KundenNr="22904" KundEigtNr="24658" KundArt="8" KundStatus="1" KundAufDat="2006-02-28"/>
  <Kunden KundenNr="22905" KundEigtNr="24778" KundArt="8" KundStatus="1" KundAufDat="2006-02-28"/>
  <Kunden KundenNr="22906" KundEigtNr="24779" KundArt="8" KundStatus="1" KundAufDat="2006-02-28"/>
  <Kunden KundenNr="22907" KundEigtNr="5597" KundArt="29" KundStatus="3" KundAufDat="2006-02-28"/>
  <Kunden KundenNr="22908" KundEigtNr="24780" KundArt="2" KundStatus="1" KundAufDat="2006-02-28"/>
  <Kunden KundenNr="22909" KundEigtNr="24781" KundArt="2" KundStatus="1" KundAufDat="2006-02-28"/>
  <Kunden KundenNr="22910" KundEigtNr="24782" KundArt="2" KundStatus="1" KundAufDat="2006-02-28"/>
  <Kunden KundenNr="22911" KundEigtNr="24789" KundArt="8" KundStatus="1" KundAufDat="2006-03-01"/>
  <Kunden KundenNr="22912" KundEigtNr="24790" KundArt="1" KundStatus="1" KundAufDat="2006-03-01"/>
  <Kunden KundenNr="22913" KundEigtNr="24611" KundArt="29" KundStatus="1" KundAufDat="2006-03-01"/>
  <Kunden KundenNr="22914" KundEigtNr="24791" KundArt="8" KundStatus="1" KundAufDat="2006-03-01"/>
  <Kunden KundenNr="22915" KundEigtNr="24792" KundArt="2" KundStatus="3" KundAufDat="2006-03-01"/>
  <Kunden KundenNr="22916" KundEigtNr="22569" KundArt="29" KundStatus="1" KundAufDat="2006-03-01"/>
  <Kunden KundenNr="22917" KundEigtNr="24793" KundArt="2" KundStatus="3" KundAufDat="2006-03-01"/>
  <Kunden KundenNr="22918" KundEigtNr="24744" KundArt="29" KundStatus="1" KundAufDat="2006-03-02"/>
  <Kunden KundenNr="22919" KundEigtNr="24796" KundArt="2" KundStatus="1" KundAufDat="2006-03-02"/>
  <Kunden KundenNr="22920" KundEigtNr="24797" KundArt="2" KundStatus="3" KundAufDat="2006-03-02"/>
  <Kunden KundenNr="22921" KundEigtNr="648" KundArt="29" KundStatus="1" KundAufDat="2006-03-02"/>
  <Kunden KundenNr="22922" KundEigtNr="24140" KundArt="8" KundStatus="1" KundAufDat="2006-03-02"/>
  <Kunden KundenNr="22923" KundEigtNr="24798" KundArt="2" KundStatus="3" KundAufDat="2006-03-02"/>
  <Kunden KundenNr="22924" KundEigtNr="24799" KundArt="8" KundStatus="1" KundAufDat="2006-03-02"/>
  <Kunden KundenNr="22925" KundEigtNr="21032" KundArt="8" KundStatus="1" KundAufDat="2006-03-02"/>
  <Kunden KundenNr="22926" KundEigtNr="24800" KundArt="29" KundStatus="1" KundAufDat="2006-03-02"/>
  <Kunden KundenNr="22927" KundEigtNr="24801" KundArt="29" KundStatus="1" KundAufDat="2006-03-02"/>
  <Kunden KundenNr="22928" KundEigtNr="23768" KundArt="29" KundStatus="1" KundAufDat="2006-03-02"/>
  <Kunden KundenNr="22929" KundEigtNr="24802" KundArt="2" KundStatus="1" KundAufDat="2006-03-02"/>
  <Kunden KundenNr="22930" KundEigtNr="24803" KundArt="8" KundStatus="1" KundAufDat="2006-03-02"/>
  <Kunden KundenNr="22931" KundEigtNr="24812" KundArt="2" KundStatus="1" KundAufDat="2006-03-03"/>
  <Kunden KundenNr="22932" KundEigtNr="23261" KundArt="29" KundStatus="1" KundAufDat="2006-03-03"/>
  <Kunden KundenNr="22933" KundEigtNr="24813" KundArt="2" KundStatus="3" KundAufDat="2006-03-03"/>
  <Kunden KundenNr="22934" KundEigtNr="24814" KundArt="8" KundStatus="1" KundAufDat="2006-03-03"/>
  <Kunden KundenNr="22935" KundEigtNr="20170" KundArt="8" KundStatus="1" KundAufDat="2006-03-03"/>
  <Kunden KundenNr="22936" KundEigtNr="24815" KundArt="2" KundStatus="1" KundAufDat="2006-03-06"/>
  <Kunden KundenNr="22937" KundEigtNr="24816" KundArt="8" KundStatus="1" KundAufDat="2006-03-06"/>
  <Kunden KundenNr="22938" KundEigtNr="24817" KundArt="8" KundStatus="3" KundAufDat="2006-03-06"/>
  <Kunden KundenNr="22939" KundEigtNr="24818" KundArt="8" KundStatus="1" KundAufDat="2006-03-06"/>
  <Kunden KundenNr="22940" KundEigtNr="24819" KundArt="2" KundStatus="1" KundAufDat="2006-03-06"/>
  <Kunden KundenNr="22941" KundEigtNr="24820" KundArt="2" KundStatus="3" KundAufDat="2006-03-06"/>
  <Kunden KundenNr="22942" KundEigtNr="24821" KundArt="8" KundStatus="1" KundAufDat="2006-03-06"/>
  <Kunden KundenNr="22943" KundEigtNr="24822" KundArt="8" KundStatus="3" KundAufDat="2006-03-06"/>
  <Kunden KundenNr="22944" KundEigtNr="24822" KundArt="8" KundStatus="1" KundAufDat="2006-03-06"/>
  <Kunden KundenNr="22946" KundEigtNr="24823" KundArt="8" KundStatus="1" KundAufDat="2006-03-06"/>
  <Kunden KundenNr="22947" KundEigtNr="24827" KundArt="1" KundStatus="1" KundAufDat="2006-03-07"/>
  <Kunden KundenNr="22948" KundEigtNr="24828" KundArt="29" KundStatus="1" KundAufDat="2006-03-07"/>
  <Kunden KundenNr="22949" KundEigtNr="24829" KundArt="2" KundStatus="1" KundAufDat="2006-03-07"/>
  <Kunden KundenNr="22950" KundEigtNr="24830" KundArt="8" KundStatus="3" KundAufDat="2006-03-07"/>
  <Kunden KundenNr="22951" KundEigtNr="24831" KundArt="8" KundStatus="1" KundAufDat="2006-03-08"/>
  <Kunden KundenNr="22952" KundEigtNr="24832" KundArt="8" KundStatus="1" KundAufDat="2006-03-08"/>
  <Kunden KundenNr="22953" KundEigtNr="24833" KundArt="1" KundStatus="1" KundAufDat="2006-03-08"/>
  <Kunden KundenNr="22954" KundEigtNr="24834" KundArt="1" KundStatus="1" KundAufDat="2006-03-08"/>
  <Kunden KundenNr="675" KundEigtNr="24837" KundArt="1" KundStatus="3" KundAufDat="2006-02-23"/>
  <Kunden KundenNr="2151" KundEigtNr="24838" KundArt="1" KundStatus="1" KundAufDat="2006-02-23"/>
  <Kunden KundenNr="5393" KundEigtNr="24839" KundArt="1" KundStatus="3" KundAufDat="2006-02-23"/>
  <Kunden KundenNr="5588" KundEigtNr="24840" KundArt="1" KundStatus="3" KundAufDat="2006-02-23"/>
  <Kunden KundenNr="5536" KundEigtNr="1333" KundArt="1" KundStatus="3" KundAufDat="2006-02-23"/>
  <Kunden KundenNr="5542" KundEigtNr="6206" KundArt="1" KundStatus="1" KundAufDat="2006-02-23"/>
  <Kunden KundenNr="5509" KundEigtNr="6115" KundArt="1" KundStatus="3" KundAufDat="2006-02-23"/>
  <Kunden KundenNr="5514" KundEigtNr="24841" KundArt="1" KundStatus="3" KundAufDat="2006-02-23"/>
  <Kunden KundenNr="5906" KundEigtNr="6564" KundArt="1" KundStatus="3" KundAufDat="2006-02-23"/>
  <Kunden KundenNr="5934" KundEigtNr="6601" KundArt="1" KundStatus="3" KundAufDat="2006-02-23"/>
  <Kunden KundenNr="6089" KundEigtNr="6301" KundArt="1" KundStatus="3" KundAufDat="2006-02-23"/>
  <Kunden KundenNr="6115" KundEigtNr="6771" KundArt="1" KundStatus="1" KundAufDat="2006-02-23"/>
  <Kunden KundenNr="6027" KundEigtNr="24842" KundArt="1" KundStatus="3" KundAufDat="2006-02-23"/>
  <Kunden KundenNr="6069" KundEigtNr="6726" KundArt="1" KundStatus="3" KundAufDat="2006-02-23"/>
  <Kunden KundenNr="6055" KundEigtNr="6714" KundArt="1" KundStatus="1" KundAufDat="2006-02-23"/>
  <Kunden KundenNr="5752" KundEigtNr="1566" KundArt="1" KundStatus="3" KundAufDat="2006-02-23"/>
  <Kunden KundenNr="5667" KundEigtNr="6328" KundArt="1" KundStatus="1" KundAufDat="2006-02-23"/>
  <Kunden KundenNr="5847" KundEigtNr="6500" KundArt="1" KundStatus="3" KundAufDat="2006-02-23"/>
  <Kunden KundenNr="5854" KundEigtNr="2611" KundArt="1" KundStatus="3" KundAufDat="2006-02-23"/>
  <Kunden KundenNr="5768" KundEigtNr="24843" KundArt="1" KundStatus="3" KundAufDat="2006-02-23"/>
  <Kunden KundenNr="5809" KundEigtNr="4355" KundArt="1" KundStatus="3" KundAufDat="2006-02-23"/>
  <Kunden KundenNr="6462" KundEigtNr="7103" KundArt="1" KundStatus="1" KundAufDat="2006-02-23"/>
  <Kunden KundenNr="6322" KundEigtNr="6943" KundArt="1" KundStatus="3" KundAufDat="2006-02-23"/>
  <Kunden KundenNr="6305" KundEigtNr="6952" KundArt="1" KundStatus="1" KundAufDat="2006-02-23"/>
  <Kunden KundenNr="6309" KundEigtNr="6955" KundArt="1" KundStatus="1" KundAufDat="2006-02-23"/>
  <Kunden KundenNr="6364" KundEigtNr="7012" KundArt="1" KundStatus="3" KundAufDat="2006-02-23"/>
  <Kunden KundenNr="6253" KundEigtNr="6903" KundArt="1" KundStatus="3" KundAufDat="2006-02-23"/>
  <Kunden KundenNr="6798" KundEigtNr="1393" KundArt="1" KundStatus="1" KundAufDat="2006-02-23"/>
  <Kunden KundenNr="7249" KundEigtNr="7885" KundArt="1" KundStatus="1" KundAufDat="2006-02-23"/>
  <Kunden KundenNr="8217" KundEigtNr="24844" KundArt="1" KundStatus="1" KundAufDat="2006-02-23"/>
  <Kunden KundenNr="8386" KundEigtNr="24845" KundArt="1" KundStatus="3" KundAufDat="2006-02-23"/>
  <Kunden KundenNr="9892" KundEigtNr="10405" KundArt="1" KundStatus="1" KundAufDat="2006-02-23"/>
  <Kunden KundenNr="10196" KundEigtNr="24846" KundArt="1" KundStatus="3" KundAufDat="2006-02-23"/>
  <Kunden KundenNr="11251" KundEigtNr="24847" KundArt="1" KundStatus="3" KundAufDat="2006-02-23"/>
  <Kunden KundenNr="11118" KundEigtNr="24848" KundArt="1" KundStatus="3" KundAufDat="2006-02-23"/>
  <Kunden KundenNr="11131" KundEigtNr="24849" KundArt="1" KundStatus="3" KundAufDat="2006-02-23"/>
  <Kunden KundenNr="11099" KundEigtNr="24850" KundArt="1" KundStatus="3" KundAufDat="2006-02-23"/>
  <Kunden KundenNr="10465" KundEigtNr="24847" KundArt="1" KundStatus="3" KundAufDat="2006-02-23"/>
  <Kunden KundenNr="10731" KundEigtNr="24851" KundArt="1" KundStatus="3" KundAufDat="2006-02-23"/>
  <Kunden KundenNr="10645" KundEigtNr="24852" KundArt="1" KundStatus="3" KundAufDat="2006-02-23"/>
  <Kunden KundenNr="10660" KundEigtNr="24853" KundArt="1" KundStatus="3" KundAufDat="2006-02-23"/>
  <Kunden KundenNr="10564" KundEigtNr="24854" KundArt="1" KundStatus="3" KundAufDat="2006-02-23"/>
  <Kunden KundenNr="10574" KundEigtNr="24855" KundArt="1" KundStatus="3" KundAufDat="2006-02-23"/>
  <Kunden KundenNr="10579" KundEigtNr="24856" KundArt="1" KundStatus="3" KundAufDat="2006-02-23"/>
  <Kunden KundenNr="10584" KundEigtNr="24857" KundArt="1" KundStatus="3" KundAufDat="2006-02-23"/>
  <Kunden KundenNr="10597" KundEigtNr="24858" KundArt="1" KundStatus="3" KundAufDat="2006-02-23"/>
  <Kunden KundenNr="10521" KundEigtNr="24859" KundArt="1" KundStatus="3" KundAufDat="2006-02-23"/>
  <Kunden KundenNr="10534" KundEigtNr="24860" KundArt="1" KundStatus="3" KundAufDat="2006-02-23"/>
  <Kunden KundenNr="10544" KundEigtNr="24861" KundArt="1" KundStatus="3" KundAufDat="2006-02-23"/>
  <Kunden KundenNr="10557" KundEigtNr="24862" KundArt="1" KundStatus="3" KundAufDat="2006-02-23"/>
  <Kunden KundenNr="11833" KundEigtNr="24863" KundArt="1" KundStatus="3" KundAufDat="2006-02-23"/>
  <Kunden KundenNr="11896" KundEigtNr="5272" KundArt="1" KundStatus="3" KundAufDat="2006-02-23"/>
  <Kunden KundenNr="11592" KundEigtNr="24864" KundArt="1" KundStatus="3" KundAufDat="2006-02-23"/>
  <Kunden KundenNr="13294" KundEigtNr="24865" KundArt="1" KundStatus="3" KundAufDat="2006-02-23"/>
  <Kunden KundenNr="12602" KundEigtNr="13470" KundArt="1" KundStatus="1" KundAufDat="2006-02-23"/>
  <Kunden KundenNr="12743" KundEigtNr="24866" KundArt="1" KundStatus="3" KundAufDat="2006-02-23"/>
  <Kunden KundenNr="12414" KundEigtNr="24867" KundArt="1" KundStatus="3" KundAufDat="2006-02-23"/>
  <Kunden KundenNr="12297" KundEigtNr="24868" KundArt="1" KundStatus="1" KundAufDat="2006-02-23"/>
  <Kunden KundenNr="12490" KundEigtNr="24869" KundArt="1" KundStatus="3" KundAufDat="2006-02-23"/>
  <Kunden KundenNr="14142" KundEigtNr="24870" KundArt="1" KundStatus="1" KundAufDat="2006-02-23"/>
  <Kunden KundenNr="13326" KundEigtNr="24871" KundArt="1" KundStatus="3" KundAufDat="2006-02-23"/>
  <Kunden KundenNr="13412" KundEigtNr="24872" KundArt="1" KundStatus="3" KundAufDat="2006-02-23"/>
  <Kunden KundenNr="14893" KundEigtNr="24873" KundArt="1" KundStatus="3" KundAufDat="2006-02-23"/>
  <Kunden KundenNr="17840" KundEigtNr="24874" KundArt="1" KundStatus="3" KundAufDat="2006-02-23"/>
  <Kunden KundenNr="18070" KundEigtNr="24875" KundArt="1" KundStatus="3" KundAufDat="2006-02-23"/>
  <Kunden KundenNr="17996" KundEigtNr="24876" KundArt="1" KundStatus="3" KundAufDat="2006-02-23"/>
  <Kunden KundenNr="17141" KundEigtNr="24877" KundArt="1" KundStatus="3" KundAufDat="2006-02-23"/>
  <Kunden KundenNr="21794" KundEigtNr="24876" KundArt="1" KundStatus="1" KundAufDat="2006-02-23"/>
  <Kunden KundenNr="20734" KundEigtNr="24878" KundArt="1" KundStatus="3" KundAufDat="2006-02-23"/>
  <Kunden KundenNr="23913" KundEigtNr="24879" KundArt="1" KundStatus="3" KundAufDat="2006-06-12"/>
  <Kunden KundenNr="23912" KundEigtNr="24880" KundArt="1" KundStatus="3" KundAufDat="2006-06-12"/>
  <Kunden KundenNr="23915" KundEigtNr="24881" KundArt="1" KundStatus="1" KundAufDat="2006-06-12"/>
  <Kunden KundenNr="23914" KundEigtNr="24882" KundArt="1" KundStatus="1" KundAufDat="2006-06-12"/>
  <Kunden KundenNr="23917" KundEigtNr="24883" KundArt="1" KundStatus="3" KundAufDat="2006-06-12"/>
  <Kunden KundenNr="23916" KundEigtNr="24884" KundArt="1" KundStatus="3" KundAufDat="2006-06-12"/>
  <Kunden KundenNr="23919" KundEigtNr="24885" KundArt="1" KundStatus="3" KundAufDat="2006-06-12"/>
  <Kunden KundenNr="23918" KundEigtNr="24886" KundArt="1" KundStatus="1" KundAufDat="2006-06-12"/>
  <Kunden KundenNr="23905" KundEigtNr="24887" KundArt="1" KundStatus="3" KundAufDat="2006-06-09"/>
  <Kunden KundenNr="23904" KundEigtNr="24888" KundArt="1" KundStatus="1" KundAufDat="2006-06-09"/>
  <Kunden KundenNr="23907" KundEigtNr="24889" KundArt="1" KundStatus="1" KundAufDat="2006-06-09"/>
  <Kunden KundenNr="23906" KundEigtNr="24890" KundArt="1" KundStatus="3" KundAufDat="2006-06-09"/>
  <Kunden KundenNr="23909" KundEigtNr="24891" KundArt="1" KundStatus="1" KundAufDat="2006-06-09"/>
  <Kunden KundenNr="23908" KundEigtNr="24892" KundArt="1" KundStatus="3" KundAufDat="2006-06-09"/>
  <Kunden KundenNr="23911" KundEigtNr="24893" KundArt="1" KundStatus="3" KundAufDat="2006-06-09"/>
  <Kunden KundenNr="23910" KundEigtNr="24894" KundArt="1" KundStatus="1" KundAufDat="2006-06-09"/>
  <Kunden KundenNr="23928" KundEigtNr="24895" KundArt="1" KundStatus="1" KundAufDat="2006-06-13"/>
  <Kunden KundenNr="23929" KundEigtNr="24896" KundArt="1" KundStatus="3" KundAufDat="2006-06-13"/>
  <Kunden KundenNr="23930" KundEigtNr="24897" KundArt="1" KundStatus="1" KundAufDat="2006-06-13"/>
  <Kunden KundenNr="23931" KundEigtNr="24898" KundArt="1" KundStatus="1" KundAufDat="2006-06-13"/>
  <Kunden KundenNr="23932" KundEigtNr="23729" KundArt="1" KundStatus="1" KundAufDat="2006-06-13"/>
  <Kunden KundenNr="23933" KundEigtNr="24899" KundArt="1" KundStatus="3" KundAufDat="2006-06-14"/>
  <Kunden KundenNr="23934" KundEigtNr="2812" KundArt="1" KundStatus="1" KundAufDat="2006-06-14"/>
  <Kunden KundenNr="23935" KundEigtNr="24900" KundArt="1" KundStatus="1" KundAufDat="2006-06-14"/>
  <Kunden KundenNr="23920" KundEigtNr="24901" KundArt="1" KundStatus="3" KundAufDat="2006-06-12"/>
  <Kunden KundenNr="23921" KundEigtNr="24902" KundArt="1" KundStatus="3" KundAufDat="2006-06-12"/>
  <Kunden KundenNr="23922" KundEigtNr="24903" KundArt="1" KundStatus="1" KundAufDat="2006-06-12"/>
  <Kunden KundenNr="23923" KundEigtNr="24904" KundArt="1" KundStatus="3" KundAufDat="2006-06-12"/>
  <Kunden KundenNr="23924" KundEigtNr="24905" KundArt="1" KundStatus="1" KundAufDat="2006-06-12"/>
  <Kunden KundenNr="23925" KundEigtNr="24906" KundArt="1" KundStatus="3" KundAufDat="2006-06-12"/>
  <Kunden KundenNr="23926" KundEigtNr="24907" KundArt="1" KundStatus="1" KundAufDat="2006-06-13"/>
  <Kunden KundenNr="23927" KundEigtNr="24908" KundArt="1" KundStatus="3" KundAufDat="2006-06-13"/>
  <Kunden KundenNr="23882" KundEigtNr="24909" KundArt="1" KundStatus="1" KundAufDat="2006-06-07"/>
  <Kunden KundenNr="23881" KundEigtNr="24910" KundArt="1" KundStatus="1" KundAufDat="2006-06-07"/>
  <Kunden KundenNr="23880" KundEigtNr="24911" KundArt="1" KundStatus="1" KundAufDat="2006-06-07"/>
  <Kunden KundenNr="23887" KundEigtNr="24912" KundArt="1" KundStatus="1" KundAufDat="2006-06-08"/>
  <Kunden KundenNr="23885" KundEigtNr="24914" KundArt="1" KundStatus="1" KundAufDat="2006-06-08"/>
  <Kunden KundenNr="23884" KundEigtNr="24915" KundArt="1" KundStatus="1" KundAufDat="2006-06-07"/>
  <Kunden KundenNr="23875" KundEigtNr="24916" KundArt="1" KundStatus="1" KundAufDat="2006-06-07"/>
  <Kunden KundenNr="23874" KundEigtNr="24917" KundArt="1" KundStatus="1" KundAufDat="2006-06-07"/>
  <Kunden KundenNr="23873" KundEigtNr="24918" KundArt="1" KundStatus="3" KundAufDat="2006-06-07"/>
  <Kunden KundenNr="23872" KundEigtNr="24919" KundArt="1" KundStatus="1" KundAufDat="2006-06-07"/>
  <Kunden KundenNr="23879" KundEigtNr="24920" KundArt="1" KundStatus="1" KundAufDat="2006-06-07"/>
  <Kunden KundenNr="23878" KundEigtNr="24921" KundArt="1" KundStatus="1" KundAufDat="2006-06-07"/>
  <Kunden KundenNr="23877" KundEigtNr="24922" KundArt="1" KundStatus="1" KundAufDat="2006-06-07"/>
  <Kunden KundenNr="23876" KundEigtNr="24923" KundArt="1" KundStatus="1" KundAufDat="2006-06-07"/>
  <Kunden KundenNr="23898" KundEigtNr="24924" KundArt="1" KundStatus="1" KundAufDat="2006-06-08"/>
  <Kunden KundenNr="23899" KundEigtNr="24925" KundArt="1" KundStatus="3" KundAufDat="2006-06-08"/>
  <Kunden KundenNr="23896" KundEigtNr="24926" KundArt="1" KundStatus="1" KundAufDat="2006-06-08"/>
  <Kunden KundenNr="23897" KundEigtNr="24927" KundArt="1" KundStatus="1" KundAufDat="2006-06-08"/>
  <Kunden KundenNr="23902" KundEigtNr="24928" KundArt="1" KundStatus="1" KundAufDat="2006-06-08"/>
  <Kunden KundenNr="23903" KundEigtNr="24929" KundArt="1" KundStatus="3" KundAufDat="2006-06-09"/>
  <Kunden KundenNr="23900" KundEigtNr="24930" KundArt="1" KundStatus="1" KundAufDat="2006-06-08"/>
  <Kunden KundenNr="23901" KundEigtNr="24931" KundArt="1" KundStatus="1" KundAufDat="2006-06-08"/>
  <Kunden KundenNr="23890" KundEigtNr="24932" KundArt="1" KundStatus="3" KundAufDat="2006-06-08"/>
  <Kunden KundenNr="23891" KundEigtNr="24933" KundArt="1" KundStatus="1" KundAufDat="2006-06-08"/>
  <Kunden KundenNr="23888" KundEigtNr="24934" KundArt="1" KundStatus="1" KundAufDat="2006-06-08"/>
  <Kunden KundenNr="23889" KundEigtNr="24935" KundArt="1" KundStatus="1" KundAufDat="2006-06-08"/>
  <Kunden KundenNr="23894" KundEigtNr="24936" KundArt="1" KundStatus="1" KundAufDat="2006-06-08"/>
  <Kunden KundenNr="23895" KundEigtNr="24937" KundArt="1" KundStatus="1" KundAufDat="2006-06-08"/>
  <Kunden KundenNr="23892" KundEigtNr="24938" KundArt="1" KundStatus="3" KundAufDat="2006-06-08"/>
  <Kunden KundenNr="23893" KundEigtNr="24939" KundArt="1" KundStatus="1" KundAufDat="2006-06-08"/>
  <Kunden KundenNr="23853" KundEigtNr="23010" KundArt="1" KundStatus="1" KundAufDat="2006-06-06"/>
  <Kunden KundenNr="23852" KundEigtNr="24940" KundArt="1" KundStatus="3" KundAufDat="2006-06-06"/>
  <Kunden KundenNr="23855" KundEigtNr="24941" KundArt="1" KundStatus="1" KundAufDat="2006-06-06"/>
  <Kunden KundenNr="23854" KundEigtNr="24942" KundArt="1" KundStatus="1" KundAufDat="2006-06-06"/>
  <Kunden KundenNr="23849" KundEigtNr="24943" KundArt="1" KundStatus="3" KundAufDat="2006-06-06"/>
  <Kunden KundenNr="23848" KundEigtNr="24944" KundArt="1" KundStatus="1" KundAufDat="2006-06-06"/>
  <Kunden KundenNr="23851" KundEigtNr="24945" KundArt="1" KundStatus="1" KundAufDat="2006-06-06"/>
  <Kunden KundenNr="23850" KundEigtNr="24946" KundArt="1" KundStatus="1" KundAufDat="2006-06-06"/>
  <Kunden KundenNr="23847" KundEigtNr="24947" KundArt="1" KundStatus="3" KundAufDat="2006-06-06"/>
  <Kunden KundenNr="23846" KundEigtNr="24948" KundArt="1" KundStatus="1" KundAufDat="2006-06-06"/>
  <Kunden KundenNr="23841" KundEigtNr="24949" KundArt="1" KundStatus="1" KundAufDat="2006-06-02"/>
  <Kunden KundenNr="23868" KundEigtNr="24950" KundArt="1" KundStatus="3" KundAufDat="2006-06-07"/>
  <Kunden KundenNr="23869" KundEigtNr="24951" KundArt="1" KundStatus="1" KundAufDat="2006-06-07"/>
  <Kunden KundenNr="23870" KundEigtNr="24952" KundArt="1" KundStatus="3" KundAufDat="2006-06-07"/>
  <Kunden KundenNr="23871" KundEigtNr="24953" KundArt="1" KundStatus="1" KundAufDat="2006-06-07"/>
  <Kunden KundenNr="23864" KundEigtNr="24931" KundArt="1" KundStatus="1" KundAufDat="2006-06-07"/>
  <Kunden KundenNr="23866" KundEigtNr="24954" KundArt="1" KundStatus="1" KundAufDat="2006-06-07"/>
  <Kunden KundenNr="23867" KundEigtNr="24955" KundArt="1" KundStatus="1" KundAufDat="2006-06-07"/>
  <Kunden KundenNr="23860" KundEigtNr="24956" KundArt="1" KundStatus="3" KundAufDat="2006-06-06"/>
  <Kunden KundenNr="23861" KundEigtNr="24957" KundArt="1" KundStatus="3" KundAufDat="2006-06-06"/>
  <Kunden KundenNr="23862" KundEigtNr="24958" KundArt="1" KundStatus="3" KundAufDat="2006-06-07"/>
  <Kunden KundenNr="23863" KundEigtNr="24959" KundArt="1" KundStatus="1" KundAufDat="2006-06-07"/>
  <Kunden KundenNr="23856" KundEigtNr="24960" KundArt="1" KundStatus="3" KundAufDat="2006-06-06"/>
  <Kunden KundenNr="23857" KundEigtNr="24961" KundArt="1" KundStatus="1" KundAufDat="2006-06-06"/>
  <Kunden KundenNr="23858" KundEigtNr="24962" KundArt="1" KundStatus="1" KundAufDat="2006-06-06"/>
  <Kunden KundenNr="23859" KundEigtNr="24963" KundArt="1" KundStatus="3" KundAufDat="2006-06-06"/>
  <Kunden KundenNr="23823" KundEigtNr="24964" KundArt="1" KundStatus="3" KundAufDat="2006-06-01"/>
  <Kunden KundenNr="23822" KundEigtNr="24965" KundArt="1" KundStatus="1" KundAufDat="2006-06-01"/>
  <Kunden KundenNr="23821" KundEigtNr="24966" KundArt="1" KundStatus="1" KundAufDat="2006-06-01"/>
  <Kunden KundenNr="23820" KundEigtNr="24967" KundArt="1" KundStatus="3" KundAufDat="2006-06-01"/>
  <Kunden KundenNr="23819" KundEigtNr="24968" KundArt="1" KundStatus="3" KundAufDat="2006-06-01"/>
  <Kunden KundenNr="23818" KundEigtNr="24969" KundArt="1" KundStatus="3" KundAufDat="2006-05-31"/>
  <Kunden KundenNr="23817" KundEigtNr="24970" KundArt="1" KundStatus="1" KundAufDat="2006-05-31"/>
  <Kunden KundenNr="23816" KundEigtNr="24971" KundArt="1" KundStatus="3" KundAufDat="2006-05-31"/>
  <Kunden KundenNr="23815" KundEigtNr="24972" KundArt="1" KundStatus="3" KundAufDat="2006-05-31"/>
  <Kunden KundenNr="23814" KundEigtNr="24973" KundArt="1" KundStatus="1" KundAufDat="2006-05-31"/>
  <Kunden KundenNr="23813" KundEigtNr="24974" KundArt="1" KundStatus="3" KundAufDat="2006-05-31"/>
  <Kunden KundenNr="23812" KundEigtNr="24975" KundArt="1" KundStatus="1" KundAufDat="2006-05-31"/>
  <Kunden KundenNr="23811" KundEigtNr="24976" KundArt="1" KundStatus="3" KundAufDat="2006-05-31"/>
  <Kunden KundenNr="23810" KundEigtNr="24977" KundArt="1" KundStatus="3" KundAufDat="2006-05-31"/>
  <Kunden KundenNr="23809" KundEigtNr="24978" KundArt="1" KundStatus="3" KundAufDat="2006-05-31"/>
  <Kunden KundenNr="23808" KundEigtNr="24979" KundArt="1" KundStatus="1" KundAufDat="2006-05-31"/>
  <Kunden KundenNr="23838" KundEigtNr="11008" KundArt="1" KundStatus="3" KundAufDat="2006-06-02"/>
  <Kunden KundenNr="23839" KundEigtNr="24980" KundArt="1" KundStatus="3" KundAufDat="2006-06-02"/>
  <Kunden KundenNr="23836" KundEigtNr="24981" KundArt="1" KundStatus="1" KundAufDat="2006-06-02"/>
  <Kunden KundenNr="23837" KundEigtNr="24982" KundArt="1" KundStatus="1" KundAufDat="2006-06-02"/>
  <Kunden KundenNr="23834" KundEigtNr="24983" KundArt="1" KundStatus="1" KundAufDat="2006-06-02"/>
  <Kunden KundenNr="23835" KundEigtNr="24984" KundArt="1" KundStatus="1" KundAufDat="2006-06-02"/>
  <Kunden KundenNr="23832" KundEigtNr="24985" KundArt="1" KundStatus="1" KundAufDat="2006-06-02"/>
  <Kunden KundenNr="23833" KundEigtNr="24986" KundArt="1" KundStatus="1" KundAufDat="2006-06-02"/>
  <Kunden KundenNr="23830" KundEigtNr="24987" KundArt="1" KundStatus="3" KundAufDat="2006-06-02"/>
  <Kunden KundenNr="23831" KundEigtNr="24988" KundArt="1" KundStatus="3" KundAufDat="2006-06-02"/>
  <Kunden KundenNr="23828" KundEigtNr="24989" KundArt="1" KundStatus="3" KundAufDat="2006-06-02"/>
  <Kunden KundenNr="23829" KundEigtNr="24990" KundArt="1" KundStatus="1" KundAufDat="2006-06-02"/>
  <Kunden KundenNr="23826" KundEigtNr="24991" KundArt="1" KundStatus="3" KundAufDat="2006-06-01"/>
  <Kunden KundenNr="23827" KundEigtNr="24992" KundArt="1" KundStatus="1" KundAufDat="2006-06-01"/>
  <Kunden KundenNr="23824" KundEigtNr="24993" KundArt="1" KundStatus="1" KundAufDat="2006-06-01"/>
  <Kunden KundenNr="23825" KundEigtNr="24994" KundArt="1" KundStatus="3" KundAufDat="2006-06-01"/>
  <Kunden KundenNr="24032" KundEigtNr="24712" KundArt="1" KundStatus="3" KundAufDat="2006-06-23"/>
  <Kunden KundenNr="24033" KundEigtNr="24995" KundArt="1" KundStatus="3" KundAufDat="2006-06-26"/>
  <Kunden KundenNr="24034" KundEigtNr="24996" KundArt="1" KundStatus="3" KundAufDat="2006-06-26"/>
  <Kunden KundenNr="24035" KundEigtNr="24997" KundArt="1" KundStatus="1" KundAufDat="2006-06-26"/>
  <Kunden KundenNr="24036" KundEigtNr="24998" KundArt="1" KundStatus="3" KundAufDat="2006-06-26"/>
  <Kunden KundenNr="24037" KundEigtNr="24999" KundArt="1" KundStatus="1" KundAufDat="2006-06-26"/>
  <Kunden KundenNr="24038" KundEigtNr="25000" KundArt="1" KundStatus="1" KundAufDat="2006-06-26"/>
  <Kunden KundenNr="24039" KundEigtNr="25001" KundArt="1" KundStatus="3" KundAufDat="2006-06-26"/>
  <Kunden KundenNr="24040" KundEigtNr="25002" KundArt="1" KundStatus="1" KundAufDat="2006-06-26"/>
  <Kunden KundenNr="24041" KundEigtNr="25003" KundArt="1" KundStatus="3" KundAufDat="2006-06-26"/>
  <Kunden KundenNr="24042" KundEigtNr="25004" KundArt="1" KundStatus="1" KundAufDat="2006-06-26"/>
  <Kunden KundenNr="24043" KundEigtNr="25005" KundArt="1" KundStatus="3" KundAufDat="2006-06-26"/>
  <Kunden KundenNr="24044" KundEigtNr="25006" KundArt="1" KundStatus="3" KundAufDat="2006-06-26"/>
  <Kunden KundenNr="24045" KundEigtNr="25007" KundArt="1" KundStatus="3" KundAufDat="2006-06-26"/>
  <Kunden KundenNr="24046" KundEigtNr="25008" KundArt="1" KundStatus="1" KundAufDat="2006-06-26"/>
  <Kunden KundenNr="24047" KundEigtNr="25009" KundArt="1" KundStatus="1" KundAufDat="2006-06-27"/>
  <Kunden KundenNr="24049" KundEigtNr="25010" KundArt="1" KundStatus="1" KundAufDat="2006-06-27"/>
  <Kunden KundenNr="24048" KundEigtNr="25011" KundArt="1" KundStatus="1" KundAufDat="2006-06-27"/>
  <Kunden KundenNr="24051" KundEigtNr="25012" KundArt="1" KundStatus="1" KundAufDat="2006-06-27"/>
  <Kunden KundenNr="24050" KundEigtNr="25013" KundArt="1" KundStatus="3" KundAufDat="2006-06-27"/>
  <Kunden KundenNr="24053" KundEigtNr="25014" KundArt="1" KundStatus="1" KundAufDat="2006-06-27"/>
  <Kunden KundenNr="24052" KundEigtNr="25015" KundArt="1" KundStatus="1" KundAufDat="2006-06-27"/>
  <Kunden KundenNr="24055" KundEigtNr="25016" KundArt="1" KundStatus="3" KundAufDat="2006-06-27"/>
  <Kunden KundenNr="24054" KundEigtNr="18793" KundArt="1" KundStatus="3" KundAufDat="2006-06-27"/>
  <Kunden KundenNr="24057" KundEigtNr="25017" KundArt="1" KundStatus="1" KundAufDat="2006-06-28"/>
  <Kunden KundenNr="24056" KundEigtNr="25018" KundArt="1" KundStatus="3" KundAufDat="2006-06-27"/>
  <Kunden KundenNr="24059" KundEigtNr="25019" KundArt="1" KundStatus="1" KundAufDat="2006-06-28"/>
  <Kunden KundenNr="24058" KundEigtNr="25020" KundArt="1" KundStatus="1" KundAufDat="2006-06-28"/>
  <Kunden KundenNr="24061" KundEigtNr="25021" KundArt="1" KundStatus="1" KundAufDat="2006-06-28"/>
  <Kunden KundenNr="24060" KundEigtNr="25022" KundArt="1" KundStatus="3" KundAufDat="2006-06-28"/>
  <Kunden KundenNr="24063" KundEigtNr="25023" KundArt="1" KundStatus="3" KundAufDat="2006-06-28"/>
  <Kunden KundenNr="24062" KundEigtNr="25024" KundArt="1" KundStatus="1" KundAufDat="2006-06-28"/>
  <Kunden KundenNr="24002" KundEigtNr="25025" KundArt="1" KundStatus="1" KundAufDat="2006-06-20"/>
  <Kunden KundenNr="24003" KundEigtNr="25026" KundArt="1" KundStatus="1" KundAufDat="2006-06-20"/>
  <Kunden KundenNr="24000" KundEigtNr="25027" KundArt="1" KundStatus="1" KundAufDat="2006-06-20"/>
  <Kunden KundenNr="24001" KundEigtNr="25028" KundArt="1" KundStatus="1" KundAufDat="2006-06-20"/>
  <Kunden KundenNr="24006" KundEigtNr="25029" KundArt="1" KundStatus="3" KundAufDat="2006-06-21"/>
  <Kunden KundenNr="24007" KundEigtNr="25030" KundArt="1" KundStatus="3" KundAufDat="2006-06-21"/>
  <Kunden KundenNr="24004" KundEigtNr="25031" KundArt="1" KundStatus="1" KundAufDat="2006-06-21"/>
  <Kunden KundenNr="24005" KundEigtNr="25032" KundArt="1" KundStatus="3" KundAufDat="2006-06-21"/>
  <Kunden KundenNr="24010" KundEigtNr="25033" KundArt="1" KundStatus="3" KundAufDat="2006-06-21"/>
  <Kunden KundenNr="24011" KundEigtNr="25034" KundArt="1" KundStatus="3" KundAufDat="2006-06-21"/>
  <Kunden KundenNr="24008" KundEigtNr="25035" KundArt="1" KundStatus="1" KundAufDat="2006-06-21"/>
  <Kunden KundenNr="24009" KundEigtNr="25036" KundArt="1" KundStatus="1" KundAufDat="2006-06-21"/>
  <Kunden KundenNr="24014" KundEigtNr="25037" KundArt="1" KundStatus="3" KundAufDat="2006-06-22"/>
  <Kunden KundenNr="24015" KundEigtNr="25038" KundArt="1" KundStatus="1" KundAufDat="2006-06-22"/>
  <Kunden KundenNr="24012" KundEigtNr="25039" KundArt="1" KundStatus="3" KundAufDat="2006-06-22"/>
  <Kunden KundenNr="24013" KundEigtNr="25040" KundArt="1" KundStatus="3" KundAufDat="2006-06-22"/>
  <Kunden KundenNr="24019" KundEigtNr="25041" KundArt="1" KundStatus="1" KundAufDat="2006-06-22"/>
  <Kunden KundenNr="24018" KundEigtNr="25042" KundArt="1" KundStatus="1" KundAufDat="2006-06-22"/>
  <Kunden KundenNr="24017" KundEigtNr="25043" KundArt="1" KundStatus="1" KundAufDat="2006-06-22"/>
  <Kunden KundenNr="24016" KundEigtNr="25044" KundArt="1" KundStatus="1" KundAufDat="2006-06-22"/>
  <Kunden KundenNr="24023" KundEigtNr="25045" KundArt="1" KundStatus="3" KundAufDat="2006-06-22"/>
  <Kunden KundenNr="24022" KundEigtNr="25046" KundArt="1" KundStatus="1" KundAufDat="2006-06-22"/>
  <Kunden KundenNr="24021" KundEigtNr="25047" KundArt="1" KundStatus="3" KundAufDat="2006-06-22"/>
  <Kunden KundenNr="24020" KundEigtNr="25048" KundArt="1" KundStatus="1" KundAufDat="2006-06-22"/>
  <Kunden KundenNr="24027" KundEigtNr="25049" KundArt="1" KundStatus="1" KundAufDat="2006-06-23"/>
  <Kunden KundenNr="24026" KundEigtNr="25050" KundArt="1" KundStatus="1" KundAufDat="2006-06-23"/>
  <Kunden KundenNr="24025" KundEigtNr="25051" KundArt="1" KundStatus="1" KundAufDat="2006-06-23"/>
  <Kunden KundenNr="24024" KundEigtNr="25052" KundArt="1" KundStatus="3" KundAufDat="2006-06-23"/>
  <Kunden KundenNr="24031" KundEigtNr="25053" KundArt="1" KundStatus="3" KundAufDat="2006-06-23"/>
  <Kunden KundenNr="24030" KundEigtNr="25054" KundArt="1" KundStatus="1" KundAufDat="2006-06-23"/>
  <Kunden KundenNr="24029" KundEigtNr="25055" KundArt="1" KundStatus="1" KundAufDat="2006-06-23"/>
  <Kunden KundenNr="24028" KundEigtNr="25056" KundArt="1" KundStatus="1" KundAufDat="2006-06-23"/>
  <Kunden KundenNr="23972" KundEigtNr="25057" KundArt="1" KundStatus="3" KundAufDat="2006-06-19"/>
  <Kunden KundenNr="23973" KundEigtNr="25058" KundArt="1" KundStatus="1" KundAufDat="2006-06-19"/>
  <Kunden KundenNr="23974" KundEigtNr="25059" KundArt="1" KundStatus="3" KundAufDat="2006-06-19"/>
  <Kunden KundenNr="23975" KundEigtNr="25060" KundArt="1" KundStatus="1" KundAufDat="2006-06-19"/>
  <Kunden KundenNr="23968" KundEigtNr="25061" KundArt="1" KundStatus="1" KundAufDat="2006-06-16"/>
  <Kunden KundenNr="23969" KundEigtNr="25062" KundArt="1" KundStatus="3" KundAufDat="2006-06-16"/>
  <Kunden KundenNr="23970" KundEigtNr="25063" KundArt="1" KundStatus="1" KundAufDat="2006-06-19"/>
  <Kunden KundenNr="23971" KundEigtNr="25064" KundArt="1" KundStatus="1" KundAufDat="2006-06-19"/>
  <Kunden KundenNr="23980" KundEigtNr="25065" KundArt="1" KundStatus="3" KundAufDat="2006-06-20"/>
  <Kunden KundenNr="23981" KundEigtNr="25066" KundArt="1" KundStatus="3" KundAufDat="2006-06-20"/>
  <Kunden KundenNr="23982" KundEigtNr="25067" KundArt="1" KundStatus="1" KundAufDat="2006-06-20"/>
  <Kunden KundenNr="23983" KundEigtNr="25068" KundArt="1" KundStatus="1" KundAufDat="2006-06-20"/>
  <Kunden KundenNr="23976" KundEigtNr="25069" KundArt="1" KundStatus="3" KundAufDat="2006-06-19"/>
  <Kunden KundenNr="23977" KundEigtNr="25070" KundArt="1" KundStatus="3" KundAufDat="2006-06-19"/>
  <Kunden KundenNr="23978" KundEigtNr="25071" KundArt="1" KundStatus="3" KundAufDat="2006-06-20"/>
  <Kunden KundenNr="23979" KundEigtNr="25072" KundArt="1" KundStatus="1" KundAufDat="2006-06-20"/>
  <Kunden KundenNr="23989" KundEigtNr="25073" KundArt="1" KundStatus="1" KundAufDat="2006-06-20"/>
  <Kunden KundenNr="23988" KundEigtNr="25074" KundArt="1" KundStatus="3" KundAufDat="2006-06-20"/>
  <Kunden KundenNr="23991" KundEigtNr="25075" KundArt="1" KundStatus="1" KundAufDat="2006-06-20"/>
  <Kunden KundenNr="23990" KundEigtNr="25076" KundArt="1" KundStatus="1" KundAufDat="2006-06-20"/>
  <Kunden KundenNr="23985" KundEigtNr="25077" KundArt="1" KundStatus="1" KundAufDat="2006-06-20"/>
  <Kunden KundenNr="23984" KundEigtNr="25078" KundArt="1" KundStatus="1" KundAufDat="2006-06-20"/>
  <Kunden KundenNr="23987" KundEigtNr="25079" KundArt="1" KundStatus="1" KundAufDat="2006-06-20"/>
  <Kunden KundenNr="23986" KundEigtNr="25080" KundArt="1" KundStatus="1" KundAufDat="2006-06-20"/>
  <Kunden KundenNr="23997" KundEigtNr="25081" KundArt="1" KundStatus="1" KundAufDat="2006-06-20"/>
  <Kunden KundenNr="23996" KundEigtNr="16163" KundArt="1" KundStatus="1" KundAufDat="2006-06-20"/>
  <Kunden KundenNr="23999" KundEigtNr="25082" KundArt="1" KundStatus="1" KundAufDat="2006-06-20"/>
  <Kunden KundenNr="23998" KundEigtNr="25083" KundArt="1" KundStatus="1" KundAufDat="2006-06-20"/>
  <Kunden KundenNr="23993" KundEigtNr="25084" KundArt="1" KundStatus="1" KundAufDat="2006-06-20"/>
  <Kunden KundenNr="23992" KundEigtNr="25085" KundArt="1" KundStatus="1" KundAufDat="2006-06-20"/>
  <Kunden KundenNr="23994" KundEigtNr="25086" KundArt="1" KundStatus="1" KundAufDat="2006-06-20"/>
  <Kunden KundenNr="23942" KundEigtNr="25087" KundArt="1" KundStatus="1" KundAufDat="2006-06-14"/>
  <Kunden KundenNr="23943" KundEigtNr="25088" KundArt="1" KundStatus="1" KundAufDat="2006-06-14"/>
  <Kunden KundenNr="23940" KundEigtNr="25089" KundArt="1" KundStatus="1" KundAufDat="2006-06-14"/>
  <Kunden KundenNr="23941" KundEigtNr="25090" KundArt="1" KundStatus="1" KundAufDat="2006-06-14"/>
  <Kunden KundenNr="23938" KundEigtNr="25091" KundArt="1" KundStatus="1" KundAufDat="2006-06-14"/>
  <Kunden KundenNr="23939" KundEigtNr="25092" KundArt="1" KundStatus="1" KundAufDat="2006-06-14"/>
  <Kunden KundenNr="23936" KundEigtNr="25093" KundArt="1" KundStatus="1" KundAufDat="2006-06-14"/>
  <Kunden KundenNr="23937" KundEigtNr="25094" KundArt="1" KundStatus="3" KundAufDat="2006-06-14"/>
  <Kunden KundenNr="23950" KundEigtNr="25095" KundArt="1" KundStatus="1" KundAufDat="2006-06-15"/>
  <Kunden KundenNr="23951" KundEigtNr="25096" KundArt="1" KundStatus="3" KundAufDat="2006-06-15"/>
  <Kunden KundenNr="23948" KundEigtNr="25097" KundArt="1" KundStatus="1" KundAufDat="2006-06-14"/>
  <Kunden KundenNr="23949" KundEigtNr="25098" KundArt="1" KundStatus="1" KundAufDat="2006-06-15"/>
  <Kunden KundenNr="23946" KundEigtNr="25099" KundArt="1" KundStatus="1" KundAufDat="2006-06-14"/>
  <Kunden KundenNr="23947" KundEigtNr="25100" KundArt="1" KundStatus="1" KundAufDat="2006-06-14"/>
  <Kunden KundenNr="23944" KundEigtNr="25101" KundArt="1" KundStatus="1" KundAufDat="2006-06-14"/>
  <Kunden KundenNr="23945" KundEigtNr="25102" KundArt="1" KundStatus="1" KundAufDat="2006-06-14"/>
  <Kunden KundenNr="23959" KundEigtNr="25103" KundArt="1" KundStatus="1" KundAufDat="2006-06-15"/>
  <Kunden KundenNr="23958" KundEigtNr="25104" KundArt="1" KundStatus="3" KundAufDat="2006-06-15"/>
  <Kunden KundenNr="23957" KundEigtNr="25105" KundArt="1" KundStatus="1" KundAufDat="2006-06-15"/>
  <Kunden KundenNr="23956" KundEigtNr="25106" KundArt="1" KundStatus="3" KundAufDat="2006-06-15"/>
  <Kunden KundenNr="23955" KundEigtNr="25107" KundArt="1" KundStatus="1" KundAufDat="2006-06-15"/>
  <Kunden KundenNr="23953" KundEigtNr="25108" KundArt="1" KundStatus="1" KundAufDat="2006-06-15"/>
  <Kunden KundenNr="23952" KundEigtNr="25109" KundArt="1" KundStatus="3" KundAufDat="2006-06-15"/>
  <Kunden KundenNr="23967" KundEigtNr="25110" KundArt="1" KundStatus="1" KundAufDat="2006-06-16"/>
  <Kunden KundenNr="23966" KundEigtNr="25111" KundArt="1" KundStatus="1" KundAufDat="2006-06-16"/>
  <Kunden KundenNr="23965" KundEigtNr="25112" KundArt="1" KundStatus="3" KundAufDat="2006-06-16"/>
  <Kunden KundenNr="23964" KundEigtNr="25113" KundArt="1" KundStatus="1" KundAufDat="2006-06-16"/>
  <Kunden KundenNr="23963" KundEigtNr="25114" KundArt="1" KundStatus="3" KundAufDat="2006-06-16"/>
  <Kunden KundenNr="23962" KundEigtNr="25115" KundArt="1" KundStatus="1" KundAufDat="2006-06-16"/>
  <Kunden KundenNr="23961" KundEigtNr="25116" KundArt="1" KundStatus="3" KundAufDat="2006-06-15"/>
  <Kunden KundenNr="23960" KundEigtNr="25117" KundArt="1" KundStatus="3" KundAufDat="2006-06-15"/>
  <Kunden KundenNr="23674" KundEigtNr="25118" KundArt="1" KundStatus="3" KundAufDat="2006-05-18"/>
  <Kunden KundenNr="23675" KundEigtNr="25119" KundArt="1" KundStatus="3" KundAufDat="2006-05-18"/>
  <Kunden KundenNr="23672" KundEigtNr="25120" KundArt="1" KundStatus="3" KundAufDat="2006-05-17"/>
  <Kunden KundenNr="23673" KundEigtNr="25121" KundArt="1" KundStatus="1" KundAufDat="2006-05-17"/>
  <Kunden KundenNr="23678" KundEigtNr="25122" KundArt="1" KundStatus="3" KundAufDat="2006-05-18"/>
  <Kunden KundenNr="23679" KundEigtNr="25123" KundArt="1" KundStatus="1" KundAufDat="2006-05-18"/>
  <Kunden KundenNr="23676" KundEigtNr="25124" KundArt="1" KundStatus="1" KundAufDat="2006-05-18"/>
  <Kunden KundenNr="23677" KundEigtNr="25125" KundArt="1" KundStatus="3" KundAufDat="2006-05-18"/>
  <Kunden KundenNr="23666" KundEigtNr="25126" KundArt="1" KundStatus="1" KundAufDat="2006-05-16"/>
  <Kunden KundenNr="23667" KundEigtNr="25127" KundArt="1" KundStatus="3" KundAufDat="2006-05-16"/>
  <Kunden KundenNr="23664" KundEigtNr="25128" KundArt="1" KundStatus="1" KundAufDat="2006-05-16"/>
  <Kunden KundenNr="23665" KundEigtNr="25129" KundArt="1" KundStatus="1" KundAufDat="2006-05-16"/>
  <Kunden KundenNr="23670" KundEigtNr="25130" KundArt="1" KundStatus="1" KundAufDat="2006-05-17"/>
  <Kunden KundenNr="23671" KundEigtNr="25131" KundArt="1" KundStatus="1" KundAufDat="2006-05-17"/>
  <Kunden KundenNr="23668" KundEigtNr="25132" KundArt="1" KundStatus="1" KundAufDat="2006-05-17"/>
  <Kunden KundenNr="23669" KundEigtNr="25133" KundArt="1" KundStatus="1" KundAufDat="2006-05-17"/>
  <Kunden KundenNr="23659" KundEigtNr="25134" KundArt="1" KundStatus="3" KundAufDat="2006-05-16"/>
  <Kunden KundenNr="23658" KundEigtNr="25135" KundArt="1" KundStatus="1" KundAufDat="2006-05-16"/>
  <Kunden KundenNr="23657" KundEigtNr="25136" KundArt="1" KundStatus="1" KundAufDat="2006-05-16"/>
  <Kunden KundenNr="23663" KundEigtNr="25137" KundArt="1" KundStatus="1" KundAufDat="2006-05-16"/>
  <Kunden KundenNr="23662" KundEigtNr="25138" KundArt="1" KundStatus="1" KundAufDat="2006-05-16"/>
  <Kunden KundenNr="23661" KundEigtNr="25139" KundArt="1" KundStatus="1" KundAufDat="2006-05-16"/>
  <Kunden KundenNr="23660" KundEigtNr="25140" KundArt="1" KundStatus="3" KundAufDat="2006-05-16"/>
  <Kunden KundenNr="23651" KundEigtNr="25141" KundArt="1" KundStatus="3" KundAufDat="2006-05-16"/>
  <Kunden KundenNr="23650" KundEigtNr="25142" KundArt="1" KundStatus="1" KundAufDat="2006-05-16"/>
  <Kunden KundenNr="23649" KundEigtNr="25143" KundArt="1" KundStatus="3" KundAufDat="2006-05-15"/>
  <Kunden KundenNr="23648" KundEigtNr="25144" KundArt="1" KundStatus="1" KundAufDat="2006-05-15"/>
  <Kunden KundenNr="23655" KundEigtNr="25145" KundArt="1" KundStatus="3" KundAufDat="2006-05-16"/>
  <Kunden KundenNr="23654" KundEigtNr="25146" KundArt="1" KundStatus="1" KundAufDat="2006-05-16"/>
  <Kunden KundenNr="23653" KundEigtNr="25147" KundArt="1" KundStatus="1" KundAufDat="2006-05-16"/>
  <Kunden KundenNr="23652" KundEigtNr="25148" KundArt="1" KundStatus="1" KundAufDat="2006-05-16"/>
  <Kunden KundenNr="23640" KundEigtNr="25149" KundArt="1" KundStatus="1" KundAufDat="2006-05-15"/>
  <Kunden KundenNr="23641" KundEigtNr="25150" KundArt="1" KundStatus="1" KundAufDat="2006-05-15"/>
  <Kunden KundenNr="23642" KundEigtNr="25151" KundArt="1" KundStatus="1" KundAufDat="2006-05-15"/>
  <Kunden KundenNr="23643" KundEigtNr="25152" KundArt="1" KundStatus="1" KundAufDat="2006-05-15"/>
  <Kunden KundenNr="23644" KundEigtNr="25153" KundArt="1" KundStatus="1" KundAufDat="2006-05-15"/>
  <Kunden KundenNr="23645" KundEigtNr="25154" KundArt="1" KundStatus="3" KundAufDat="2006-05-15"/>
  <Kunden KundenNr="23646" KundEigtNr="25155" KundArt="1" KundStatus="1" KundAufDat="2006-05-15"/>
  <Kunden KundenNr="23647" KundEigtNr="25156" KundArt="1" KundStatus="1" KundAufDat="2006-05-15"/>
  <Kunden KundenNr="23632" KundEigtNr="25157" KundArt="1" KundStatus="3" KundAufDat="2006-05-15"/>
  <Kunden KundenNr="23634" KundEigtNr="25158" KundArt="1" KundStatus="1" KundAufDat="2006-05-15"/>
  <Kunden KundenNr="23635" KundEigtNr="25159" KundArt="1" KundStatus="1" KundAufDat="2006-05-15"/>
  <Kunden KundenNr="23636" KundEigtNr="25160" KundArt="1" KundStatus="3" KundAufDat="2006-05-15"/>
  <Kunden KundenNr="23637" KundEigtNr="25161" KundArt="1" KundStatus="1" KundAufDat="2006-05-15"/>
  <Kunden KundenNr="23638" KundEigtNr="25162" KundArt="1" KundStatus="1" KundAufDat="2006-05-15"/>
  <Kunden KundenNr="23639" KundEigtNr="25142" KundArt="1" KundStatus="3" KundAufDat="2006-05-15"/>
  <Kunden KundenNr="23626" KundEigtNr="25163" KundArt="1" KundStatus="3" KundAufDat="2006-05-15"/>
  <Kunden KundenNr="23629" KundEigtNr="25164" KundArt="1" KundStatus="1" KundAufDat="2006-05-15"/>
  <Kunden KundenNr="23630" KundEigtNr="25165" KundArt="1" KundStatus="3" KundAufDat="2006-05-15"/>
  <Kunden KundenNr="23617" KundEigtNr="25166" KundArt="1" KundStatus="1" KundAufDat="2006-05-11"/>
  <Kunden KundenNr="23616" KundEigtNr="25167" KundArt="1" KundStatus="3" KundAufDat="2006-05-11"/>
  <Kunden KundenNr="23619" KundEigtNr="25168" KundArt="1" KundStatus="3" KundAufDat="2006-05-12"/>
  <Kunden KundenNr="23618" KundEigtNr="25169" KundArt="1" KundStatus="1" KundAufDat="2006-05-12"/>
  <Kunden KundenNr="23621" KundEigtNr="25170" KundArt="1" KundStatus="1" KundAufDat="2006-05-12"/>
  <Kunden KundenNr="23620" KundEigtNr="25171" KundArt="1" KundStatus="3" KundAufDat="2006-05-12"/>
  <Kunden KundenNr="23623" KundEigtNr="25172" KundArt="1" KundStatus="1" KundAufDat="2006-05-12"/>
  <Kunden KundenNr="23622" KundEigtNr="25173" KundArt="1" KundStatus="3" KundAufDat="2006-05-12"/>
  <Kunden KundenNr="23614" KundEigtNr="25174" KundArt="1" KundStatus="1" KundAufDat="2006-05-11"/>
  <Kunden KundenNr="23615" KundEigtNr="25175" KundArt="1" KundStatus="3" KundAufDat="2006-05-11"/>
  <Kunden KundenNr="23612" KundEigtNr="25176" KundArt="1" KundStatus="1" KundAufDat="2006-05-10"/>
  <Kunden KundenNr="23613" KundEigtNr="25177" KundArt="1" KundStatus="1" KundAufDat="2006-05-10"/>
  <Kunden KundenNr="23610" KundEigtNr="25178" KundArt="1" KundStatus="1" KundAufDat="2006-05-10"/>
  <Kunden KundenNr="23611" KundEigtNr="25179" KundArt="1" KundStatus="1" KundAufDat="2006-05-10"/>
  <Kunden KundenNr="23608" KundEigtNr="23307" KundArt="1" KundStatus="1" KundAufDat="2006-05-10"/>
  <Kunden KundenNr="23609" KundEigtNr="25180" KundArt="1" KundStatus="1" KundAufDat="2006-05-10"/>
  <Kunden KundenNr="23606" KundEigtNr="25181" KundArt="1" KundStatus="1" KundAufDat="2006-05-10"/>
  <Kunden KundenNr="23607" KundEigtNr="25182" KundArt="1" KundStatus="1" KundAufDat="2006-05-10"/>
  <Kunden KundenNr="23604" KundEigtNr="25183" KundArt="1" KundStatus="1" KundAufDat="2006-05-10"/>
  <Kunden KundenNr="23605" KundEigtNr="25184" KundArt="1" KundStatus="1" KundAufDat="2006-05-10"/>
  <Kunden KundenNr="23602" KundEigtNr="25185" KundArt="1" KundStatus="3" KundAufDat="2006-05-10"/>
  <Kunden KundenNr="23603" KundEigtNr="25186" KundArt="1" KundStatus="1" KundAufDat="2006-05-10"/>
  <Kunden KundenNr="23601" KundEigtNr="25187" KundArt="1" KundStatus="3" KundAufDat="2006-05-10"/>
  <Kunden KundenNr="23599" KundEigtNr="25188" KundArt="1" KundStatus="1" KundAufDat="2006-05-10"/>
  <Kunden KundenNr="23596" KundEigtNr="25189" KundArt="1" KundStatus="3" KundAufDat="2006-05-10"/>
  <Kunden KundenNr="23594" KundEigtNr="24813" KundArt="1" KundStatus="3" KundAufDat="2006-05-10"/>
  <Kunden KundenNr="23593" KundEigtNr="25190" KundArt="1" KundStatus="3" KundAufDat="2006-05-10"/>
  <Kunden KundenNr="23592" KundEigtNr="25191" KundArt="1" KundStatus="1" KundAufDat="2006-05-09"/>
  <Kunden KundenNr="23591" KundEigtNr="25192" KundArt="1" KundStatus="1" KundAufDat="2006-05-09"/>
  <Kunden KundenNr="23590" KundEigtNr="22526" KundArt="1" KundStatus="1" KundAufDat="2006-05-09"/>
  <Kunden KundenNr="23589" KundEigtNr="25193" KundArt="1" KundStatus="1" KundAufDat="2006-05-09"/>
  <Kunden KundenNr="23588" KundEigtNr="25194" KundArt="1" KundStatus="1" KundAufDat="2006-05-09"/>
  <Kunden KundenNr="23587" KundEigtNr="25195" KundArt="1" KundStatus="1" KundAufDat="2006-05-09"/>
  <Kunden KundenNr="23586" KundEigtNr="25196" KundArt="1" KundStatus="1" KundAufDat="2006-05-09"/>
  <Kunden KundenNr="23585" KundEigtNr="25197" KundArt="1" KundStatus="1" KundAufDat="2006-05-09"/>
  <Kunden KundenNr="23584" KundEigtNr="25198" KundArt="1" KundStatus="1" KundAufDat="2006-05-09"/>
  <Kunden KundenNr="23580" KundEigtNr="25199" KundArt="1" KundStatus="1" KundAufDat="2006-05-09"/>
  <Kunden KundenNr="23581" KundEigtNr="25200" KundArt="1" KundStatus="1" KundAufDat="2006-05-09"/>
  <Kunden KundenNr="23582" KundEigtNr="25201" KundArt="1" KundStatus="1" KundAufDat="2006-05-09"/>
  <Kunden KundenNr="23583" KundEigtNr="25202" KundArt="1" KundStatus="1" KundAufDat="2006-05-09"/>
  <Kunden KundenNr="23576" KundEigtNr="25203" KundArt="1" KundStatus="1" KundAufDat="2006-05-09"/>
  <Kunden KundenNr="23577" KundEigtNr="25204" KundArt="1" KundStatus="1" KundAufDat="2006-05-09"/>
  <Kunden KundenNr="23578" KundEigtNr="25205" KundArt="1" KundStatus="3" KundAufDat="2006-05-09"/>
  <Kunden KundenNr="23579" KundEigtNr="25206" KundArt="1" KundStatus="3" KundAufDat="2006-05-09"/>
  <Kunden KundenNr="23572" KundEigtNr="25207" KundArt="1" KundStatus="3" KundAufDat="2006-05-09"/>
  <Kunden KundenNr="23573" KundEigtNr="25208" KundArt="1" KundStatus="3" KundAufDat="2006-05-09"/>
  <Kunden KundenNr="23574" KundEigtNr="25209" KundArt="1" KundStatus="1" KundAufDat="2006-05-09"/>
  <Kunden KundenNr="23575" KundEigtNr="25210" KundArt="1" KundStatus="1" KundAufDat="2006-05-09"/>
  <Kunden KundenNr="23568" KundEigtNr="25211" KundArt="1" KundStatus="3" KundAufDat="2006-05-09"/>
  <Kunden KundenNr="23569" KundEigtNr="25212" KundArt="1" KundStatus="3" KundAufDat="2006-05-09"/>
  <Kunden KundenNr="23570" KundEigtNr="25213" KundArt="1" KundStatus="3" KundAufDat="2006-05-09"/>
  <Kunden KundenNr="23571" KundEigtNr="25214" KundArt="1" KundStatus="3" KundAufDat="2006-05-09"/>
  <Kunden KundenNr="23565" KundEigtNr="25215" KundArt="1" KundStatus="1" KundAufDat="2006-05-08"/>
  <Kunden KundenNr="23564" KundEigtNr="25215" KundArt="1" KundStatus="3" KundAufDat="2006-05-08"/>
  <Kunden KundenNr="23567" KundEigtNr="25216" KundArt="1" KundStatus="1" KundAufDat="2006-05-08"/>
  <Kunden KundenNr="23566" KundEigtNr="25217" KundArt="1" KundStatus="3" KundAufDat="2006-05-08"/>
  <Kunden KundenNr="23561" KundEigtNr="25218" KundArt="1" KundStatus="3" KundAufDat="2006-05-08"/>
  <Kunden KundenNr="23560" KundEigtNr="25219" KundArt="1" KundStatus="3" KundAufDat="2006-05-08"/>
  <Kunden KundenNr="23563" KundEigtNr="25220" KundArt="1" KundStatus="3" KundAufDat="2006-05-08"/>
  <Kunden KundenNr="23562" KundEigtNr="25221" KundArt="1" KundStatus="1" KundAufDat="2006-05-08"/>
  <Kunden KundenNr="23557" KundEigtNr="25222" KundArt="1" KundStatus="3" KundAufDat="2006-05-08"/>
  <Kunden KundenNr="23559" KundEigtNr="25223" KundArt="1" KundStatus="1" KundAufDat="2006-05-08"/>
  <Kunden KundenNr="23558" KundEigtNr="25224" KundArt="1" KundStatus="3" KundAufDat="2006-05-08"/>
  <Kunden KundenNr="23553" KundEigtNr="25225" KundArt="1" KundStatus="3" KundAufDat="2006-05-08"/>
  <Kunden KundenNr="23552" KundEigtNr="25226" KundArt="1" KundStatus="3" KundAufDat="2006-05-08"/>
  <Kunden KundenNr="23555" KundEigtNr="22800" KundArt="1" KundStatus="1" KundAufDat="2006-05-08"/>
  <Kunden KundenNr="23554" KundEigtNr="25227" KundArt="1" KundStatus="3" KundAufDat="2006-05-08"/>
  <Kunden KundenNr="23795" KundEigtNr="25228" KundArt="1" KundStatus="3" KundAufDat="2006-05-30"/>
  <Kunden KundenNr="23793" KundEigtNr="25229" KundArt="1" KundStatus="1" KundAufDat="2006-05-30"/>
  <Kunden KundenNr="23792" KundEigtNr="25230" KundArt="1" KundStatus="3" KundAufDat="2006-05-30"/>
  <Kunden KundenNr="23799" KundEigtNr="25231" KundArt="1" KundStatus="1" KundAufDat="2006-05-30"/>
  <Kunden KundenNr="23798" KundEigtNr="25232" KundArt="1" KundStatus="1" KundAufDat="2006-05-30"/>
  <Kunden KundenNr="23797" KundEigtNr="25233" KundArt="1" KundStatus="1" KundAufDat="2006-05-30"/>
  <Kunden KundenNr="23796" KundEigtNr="25234" KundArt="1" KundStatus="3" KundAufDat="2006-05-30"/>
  <Kunden KundenNr="23802" KundEigtNr="25235" KundArt="1" KundStatus="1" KundAufDat="2006-05-30"/>
  <Kunden KundenNr="23801" KundEigtNr="25236" KundArt="1" KundStatus="3" KundAufDat="2006-05-30"/>
  <Kunden KundenNr="23800" KundEigtNr="25237" KundArt="1" KundStatus="1" KundAufDat="2006-05-30"/>
  <Kunden KundenNr="23807" KundEigtNr="25238" KundArt="1" KundStatus="3" KundAufDat="2006-05-31"/>
  <Kunden KundenNr="23806" KundEigtNr="25239" KundArt="1" KundStatus="3" KundAufDat="2006-05-30"/>
  <Kunden KundenNr="23805" KundEigtNr="25240" KundArt="1" KundStatus="3" KundAufDat="2006-05-30"/>
  <Kunden KundenNr="23804" KundEigtNr="25241" KundArt="1" KundStatus="1" KundAufDat="2006-05-30"/>
  <Kunden KundenNr="23778" KundEigtNr="25242" KundArt="1" KundStatus="3" KundAufDat="2006-05-29"/>
  <Kunden KundenNr="23779" KundEigtNr="25243" KundArt="1" KundStatus="3" KundAufDat="2006-05-29"/>
  <Kunden KundenNr="23776" KundEigtNr="25244" KundArt="1" KundStatus="1" KundAufDat="2006-05-29"/>
  <Kunden KundenNr="23777" KundEigtNr="25245" KundArt="1" KundStatus="3" KundAufDat="2006-05-29"/>
  <Kunden KundenNr="23782" KundEigtNr="25246" KundArt="1" KundStatus="1" KundAufDat="2006-05-29"/>
  <Kunden KundenNr="23783" KundEigtNr="15390" KundArt="1" KundStatus="1" KundAufDat="2006-05-29"/>
  <Kunden KundenNr="23781" KundEigtNr="25247" KundArt="1" KundStatus="1" KundAufDat="2006-05-29"/>
  <Kunden KundenNr="23786" KundEigtNr="25248" KundArt="1" KundStatus="1" KundAufDat="2006-05-29"/>
  <Kunden KundenNr="23787" KundEigtNr="25249" KundArt="1" KundStatus="1" KundAufDat="2006-05-29"/>
  <Kunden KundenNr="23784" KundEigtNr="25250" KundArt="1" KundStatus="1" KundAufDat="2006-05-29"/>
  <Kunden KundenNr="23785" KundEigtNr="25251" KundArt="1" KundStatus="1" KundAufDat="2006-05-29"/>
  <Kunden KundenNr="23790" KundEigtNr="25252" KundArt="1" KundStatus="3" KundAufDat="2006-05-30"/>
  <Kunden KundenNr="23791" KundEigtNr="25253" KundArt="1" KundStatus="1" KundAufDat="2006-05-30"/>
  <Kunden KundenNr="23788" KundEigtNr="25254" KundArt="1" KundStatus="1" KundAufDat="2006-05-29"/>
  <Kunden KundenNr="23789" KundEigtNr="25255" KundArt="1" KundStatus="3" KundAufDat="2006-05-29"/>
  <Kunden KundenNr="23761" KundEigtNr="25256" KundArt="1" KundStatus="3" KundAufDat="2006-05-29"/>
  <Kunden KundenNr="23760" KundEigtNr="25257" KundArt="1" KundStatus="3" KundAufDat="2006-05-29"/>
  <Kunden KundenNr="23763" KundEigtNr="25258" KundArt="1" KundStatus="3" KundAufDat="2006-05-29"/>
  <Kunden KundenNr="23762" KundEigtNr="25259" KundArt="1" KundStatus="3" KundAufDat="2006-05-29"/>
  <Kunden KundenNr="23765" KundEigtNr="25260" KundArt="1" KundStatus="3" KundAufDat="2006-05-29"/>
  <Kunden KundenNr="23764" KundEigtNr="25261" KundArt="1" KundStatus="1" KundAufDat="2006-05-29"/>
  <Kunden KundenNr="23767" KundEigtNr="25262" KundArt="1" KundStatus="1" KundAufDat="2006-05-29"/>
  <Kunden KundenNr="23766" KundEigtNr="25263" KundArt="1" KundStatus="3" KundAufDat="2006-05-29"/>
  <Kunden KundenNr="23769" KundEigtNr="25264" KundArt="1" KundStatus="3" KundAufDat="2006-05-29"/>
  <Kunden KundenNr="23768" KundEigtNr="25265" KundArt="1" KundStatus="3" KundAufDat="2006-05-29"/>
  <Kunden KundenNr="23771" KundEigtNr="25266" KundArt="1" KundStatus="3" KundAufDat="2006-05-29"/>
  <Kunden KundenNr="23770" KundEigtNr="25267" KundArt="1" KundStatus="3" KundAufDat="2006-05-29"/>
  <Kunden KundenNr="23773" KundEigtNr="25268" KundArt="1" KundStatus="3" KundAufDat="2006-05-29"/>
  <Kunden KundenNr="23772" KundEigtNr="25269" KundArt="1" KundStatus="3" KundAufDat="2006-05-29"/>
  <Kunden KundenNr="23775" KundEigtNr="25270" KundArt="1" KundStatus="3" KundAufDat="2006-05-29"/>
  <Kunden KundenNr="23774" KundEigtNr="25271" KundArt="1" KundStatus="3" KundAufDat="2006-05-29"/>
  <Kunden KundenNr="23744" KundEigtNr="25272" KundArt="1" KundStatus="1" KundAufDat="2006-05-23"/>
  <Kunden KundenNr="23745" KundEigtNr="25273" KundArt="1" KundStatus="1" KundAufDat="2006-05-23"/>
  <Kunden KundenNr="23746" KundEigtNr="25274" KundArt="1" KundStatus="1" KundAufDat="2006-05-23"/>
  <Kunden KundenNr="23747" KundEigtNr="25275" KundArt="1" KundStatus="1" KundAufDat="2006-05-23"/>
  <Kunden KundenNr="23748" KundEigtNr="25276" KundArt="1" KundStatus="1" KundAufDat="2006-05-23"/>
  <Kunden KundenNr="23749" KundEigtNr="25277" KundArt="1" KundStatus="1" KundAufDat="2006-05-24"/>
  <Kunden KundenNr="23750" KundEigtNr="25278" KundArt="1" KundStatus="3" KundAufDat="2006-05-24"/>
  <Kunden KundenNr="23751" KundEigtNr="25279" KundArt="1" KundStatus="3" KundAufDat="2006-05-24"/>
  <Kunden KundenNr="23752" KundEigtNr="25280" KundArt="1" KundStatus="1" KundAufDat="2006-05-24"/>
  <Kunden KundenNr="23754" KundEigtNr="14883" KundArt="1" KundStatus="1" KundAufDat="2006-05-24"/>
  <Kunden KundenNr="23755" KundEigtNr="25281" KundArt="1" KundStatus="1" KundAufDat="2006-05-24"/>
  <Kunden KundenNr="23756" KundEigtNr="25282" KundArt="1" KundStatus="3" KundAufDat="2006-05-24"/>
  <Kunden KundenNr="23758" KundEigtNr="25283" KundArt="1" KundStatus="3" KundAufDat="2006-05-26"/>
  <Kunden KundenNr="23759" KundEigtNr="25284" KundArt="1" KundStatus="3" KundAufDat="2006-05-26"/>
  <Kunden KundenNr="23735" KundEigtNr="25285" KundArt="1" KundStatus="1" KundAufDat="2006-05-23"/>
  <Kunden KundenNr="23734" KundEigtNr="25286" KundArt="1" KundStatus="1" KundAufDat="2006-05-23"/>
  <Kunden KundenNr="23733" KundEigtNr="25287" KundArt="1" KundStatus="1" KundAufDat="2006-05-23"/>
  <Kunden KundenNr="23732" KundEigtNr="25288" KundArt="1" KundStatus="1" KundAufDat="2006-05-23"/>
  <Kunden KundenNr="23731" KundEigtNr="25289" KundArt="1" KundStatus="1" KundAufDat="2006-05-23"/>
  <Kunden KundenNr="23730" KundEigtNr="25290" KundArt="1" KundStatus="3" KundAufDat="2006-05-23"/>
  <Kunden KundenNr="23729" KundEigtNr="25291" KundArt="1" KundStatus="3" KundAufDat="2006-05-23"/>
  <Kunden KundenNr="23728" KundEigtNr="25292" KundArt="1" KundStatus="1" KundAufDat="2006-05-23"/>
  <Kunden KundenNr="23743" KundEigtNr="13012" KundArt="1" KundStatus="1" KundAufDat="2006-05-23"/>
  <Kunden KundenNr="23742" KundEigtNr="25293" KundArt="1" KundStatus="1" KundAufDat="2006-05-23"/>
  <Kunden KundenNr="23741" KundEigtNr="25294" KundArt="1" KundStatus="1" KundAufDat="2006-05-23"/>
  <Kunden KundenNr="23740" KundEigtNr="25295" KundArt="1" KundStatus="1" KundAufDat="2006-05-23"/>
  <Kunden KundenNr="23739" KundEigtNr="25296" KundArt="1" KundStatus="1" KundAufDat="2006-05-23"/>
  <Kunden KundenNr="23738" KundEigtNr="25297" KundArt="1" KundStatus="1" KundAufDat="2006-05-23"/>
  <Kunden KundenNr="23737" KundEigtNr="25298" KundArt="1" KundStatus="1" KundAufDat="2006-05-23"/>
  <Kunden KundenNr="23736" KundEigtNr="25299" KundArt="1" KundStatus="1" KundAufDat="2006-05-23"/>
  <Kunden KundenNr="23718" KundEigtNr="25300" KundArt="1" KundStatus="3" KundAufDat="2006-05-22"/>
  <Kunden KundenNr="23719" KundEigtNr="25301" KundArt="1" KundStatus="3" KundAufDat="2006-05-22"/>
  <Kunden KundenNr="23716" KundEigtNr="25302" KundArt="1" KundStatus="1" KundAufDat="2006-05-22"/>
  <Kunden KundenNr="23717" KundEigtNr="25303" KundArt="1" KundStatus="1" KundAufDat="2006-05-22"/>
  <Kunden KundenNr="23714" KundEigtNr="25304" KundArt="1" KundStatus="1" KundAufDat="2006-05-22"/>
  <Kunden KundenNr="23715" KundEigtNr="25305" KundArt="1" KundStatus="1" KundAufDat="2006-05-22"/>
  <Kunden KundenNr="23712" KundEigtNr="25306" KundArt="1" KundStatus="1" KundAufDat="2006-05-22"/>
  <Kunden KundenNr="23713" KundEigtNr="25307" KundArt="1" KundStatus="1" KundAufDat="2006-05-22"/>
  <Kunden KundenNr="23726" KundEigtNr="25308" KundArt="1" KundStatus="3" KundAufDat="2006-05-23"/>
  <Kunden KundenNr="23724" KundEigtNr="25292" KundArt="1" KundStatus="3" KundAufDat="2006-05-23"/>
  <Kunden KundenNr="23725" KundEigtNr="25309" KundArt="1" KundStatus="3" KundAufDat="2006-05-23"/>
  <Kunden KundenNr="23722" KundEigtNr="25310" KundArt="1" KundStatus="3" KundAufDat="2006-05-23"/>
  <Kunden KundenNr="23723" KundEigtNr="25311" KundArt="1" KundStatus="3" KundAufDat="2006-05-23"/>
  <Kunden KundenNr="23720" KundEigtNr="25312" KundArt="1" KundStatus="3" KundAufDat="2006-05-22"/>
  <Kunden KundenNr="23721" KundEigtNr="25313" KundArt="1" KundStatus="3" KundAufDat="2006-05-23"/>
  <Kunden KundenNr="23701" KundEigtNr="25314" KundArt="1" KundStatus="3" KundAufDat="2006-05-22"/>
  <Kunden KundenNr="23700" KundEigtNr="25315" KundArt="1" KundStatus="1" KundAufDat="2006-05-22"/>
  <Kunden KundenNr="23703" KundEigtNr="25316" KundArt="1" KundStatus="3" KundAufDat="2006-05-22"/>
  <Kunden KundenNr="23702" KundEigtNr="25317" KundArt="1" KundStatus="1" KundAufDat="2006-05-22"/>
  <Kunden KundenNr="23697" KundEigtNr="25318" KundArt="1" KundStatus="1" KundAufDat="2006-05-22"/>
  <Kunden KundenNr="23696" KundEigtNr="25319" KundArt="1" KundStatus="3" KundAufDat="2006-05-22"/>
  <Kunden KundenNr="23699" KundEigtNr="25320" KundArt="1" KundStatus="3" KundAufDat="2006-05-22"/>
  <Kunden KundenNr="23698" KundEigtNr="25321" KundArt="1" KundStatus="1" KundAufDat="2006-05-22"/>
  <Kunden KundenNr="23709" KundEigtNr="25322" KundArt="1" KundStatus="1" KundAufDat="2006-05-22"/>
  <Kunden KundenNr="23708" KundEigtNr="25323" KundArt="1" KundStatus="1" KundAufDat="2006-05-22"/>
  <Kunden KundenNr="23711" KundEigtNr="25324" KundArt="1" KundStatus="1" KundAufDat="2006-05-22"/>
  <Kunden KundenNr="23710" KundEigtNr="25325" KundArt="1" KundStatus="1" KundAufDat="2006-05-22"/>
  <Kunden KundenNr="23705" KundEigtNr="25326" KundArt="1" KundStatus="1" KundAufDat="2006-05-22"/>
  <Kunden KundenNr="23704" KundEigtNr="25327" KundArt="1" KundStatus="3" KundAufDat="2006-05-22"/>
  <Kunden KundenNr="23707" KundEigtNr="25328" KundArt="1" KundStatus="3" KundAufDat="2006-05-22"/>
  <Kunden KundenNr="23706" KundEigtNr="25329" KundArt="1" KundStatus="3" KundAufDat="2006-05-22"/>
  <Kunden KundenNr="23684" KundEigtNr="21575" KundArt="1" KundStatus="3" KundAufDat="2006-05-18"/>
  <Kunden KundenNr="23685" KundEigtNr="25330" KundArt="1" KundStatus="1" KundAufDat="2006-05-19"/>
  <Kunden KundenNr="23686" KundEigtNr="25331" KundArt="1" KundStatus="3" KundAufDat="2006-05-19"/>
  <Kunden KundenNr="23687" KundEigtNr="25332" KundArt="1" KundStatus="1" KundAufDat="2006-05-19"/>
  <Kunden KundenNr="23680" KundEigtNr="25333" KundArt="1" KundStatus="3" KundAufDat="2006-05-18"/>
  <Kunden KundenNr="23681" KundEigtNr="25334" KundArt="1" KundStatus="3" KundAufDat="2006-05-18"/>
  <Kunden KundenNr="23682" KundEigtNr="25335" KundArt="1" KundStatus="1" KundAufDat="2006-05-18"/>
  <Kunden KundenNr="23683" KundEigtNr="25336" KundArt="1" KundStatus="3" KundAufDat="2006-05-18"/>
  <Kunden KundenNr="23692" KundEigtNr="25337" KundArt="1" KundStatus="3" KundAufDat="2006-05-19"/>
  <Kunden KundenNr="23693" KundEigtNr="25338" KundArt="1" KundStatus="3" KundAufDat="2006-05-22"/>
  <Kunden KundenNr="23694" KundEigtNr="25339" KundArt="1" KundStatus="1" KundAufDat="2006-05-22"/>
  <Kunden KundenNr="23695" KundEigtNr="25340" KundArt="1" KundStatus="3" KundAufDat="2006-05-22"/>
  <Kunden KundenNr="23688" KundEigtNr="25341" KundArt="1" KundStatus="1" KundAufDat="2006-05-19"/>
  <Kunden KundenNr="23689" KundEigtNr="25342" KundArt="1" KundStatus="1" KundAufDat="2006-05-19"/>
  <Kunden KundenNr="23690" KundEigtNr="25343" KundArt="1" KundStatus="1" KundAufDat="2006-05-19"/>
  <Kunden KundenNr="23691" KundEigtNr="25344" KundArt="1" KundStatus="1" KundAufDat="2006-05-19"/>
  <Kunden KundenNr="24399" KundEigtNr="25345" KundArt="1" KundStatus="1" KundAufDat="2006-08-08"/>
  <Kunden KundenNr="24398" KundEigtNr="25346" KundArt="1" KundStatus="1" KundAufDat="2006-08-08"/>
  <Kunden KundenNr="24396" KundEigtNr="25347" KundArt="1" KundStatus="1" KundAufDat="2006-08-08"/>
  <Kunden KundenNr="24395" KundEigtNr="25348" KundArt="1" KundStatus="3" KundAufDat="2006-08-08"/>
  <Kunden KundenNr="24394" KundEigtNr="25349" KundArt="1" KundStatus="1" KundAufDat="2006-08-08"/>
  <Kunden KundenNr="24393" KundEigtNr="25350" KundArt="1" KundStatus="1" KundAufDat="2006-08-08"/>
  <Kunden KundenNr="24392" KundEigtNr="25351" KundArt="1" KundStatus="3" KundAufDat="2006-08-08"/>
  <Kunden KundenNr="24391" KundEigtNr="25352" KundArt="1" KundStatus="1" KundAufDat="2006-08-08"/>
  <Kunden KundenNr="24390" KundEigtNr="25353" KundArt="1" KundStatus="1" KundAufDat="2006-08-08"/>
  <Kunden KundenNr="24389" KundEigtNr="25354" KundArt="1" KundStatus="1" KundAufDat="2006-08-08"/>
  <Kunden KundenNr="24387" KundEigtNr="25355" KundArt="1" KundStatus="3" KundAufDat="2006-08-08"/>
  <Kunden KundenNr="24386" KundEigtNr="1149" KundArt="1" KundStatus="1" KundAufDat="2006-08-08"/>
  <Kunden KundenNr="24385" KundEigtNr="25357" KundArt="1" KundStatus="3" KundAufDat="2006-08-08"/>
  <Kunden KundenNr="24384" KundEigtNr="25358" KundArt="1" KundStatus="3" KundAufDat="2006-08-08"/>
  <Kunden KundenNr="24414" KundEigtNr="25359" KundArt="1" KundStatus="3" KundAufDat="2006-08-09"/>
  <Kunden KundenNr="24415" KundEigtNr="25360" KundArt="1" KundStatus="3" KundAufDat="2006-08-09"/>
  <Kunden KundenNr="24412" KundEigtNr="25361" KundArt="1" KundStatus="3" KundAufDat="2006-08-09"/>
  <Kunden KundenNr="24413" KundEigtNr="25362" KundArt="1" KundStatus="3" KundAufDat="2006-08-09"/>
  <Kunden KundenNr="24410" KundEigtNr="25361" KundArt="1" KundStatus="1" KundAufDat="2006-08-09"/>
  <Kunden KundenNr="24408" KundEigtNr="25363" KundArt="1" KundStatus="1" KundAufDat="2006-08-09"/>
  <Kunden KundenNr="24409" KundEigtNr="25364" KundArt="1" KundStatus="3" KundAufDat="2006-08-09"/>
  <Kunden KundenNr="24406" KundEigtNr="25365" KundArt="1" KundStatus="1" KundAufDat="2006-08-08"/>
  <Kunden KundenNr="24407" KundEigtNr="25366" KundArt="1" KundStatus="1" KundAufDat="2006-08-08"/>
  <Kunden KundenNr="24404" KundEigtNr="25367" KundArt="1" KundStatus="1" KundAufDat="2006-08-08"/>
  <Kunden KundenNr="24405" KundEigtNr="25368" KundArt="1" KundStatus="1" KundAufDat="2006-08-08"/>
  <Kunden KundenNr="24402" KundEigtNr="25369" KundArt="1" KundStatus="1" KundAufDat="2006-08-08"/>
  <Kunden KundenNr="24403" KundEigtNr="25370" KundArt="1" KundStatus="1" KundAufDat="2006-08-08"/>
  <Kunden KundenNr="24400" KundEigtNr="25371" KundArt="1" KundStatus="1" KundAufDat="2006-08-08"/>
  <Kunden KundenNr="24401" KundEigtNr="25372" KundArt="1" KundStatus="1" KundAufDat="2006-08-08"/>
  <Kunden KundenNr="24428" KundEigtNr="25373" KundArt="1" KundStatus="1" KundAufDat="2006-08-10"/>
  <Kunden KundenNr="24430" KundEigtNr="25374" KundArt="1" KundStatus="1" KundAufDat="2006-08-10"/>
  <Kunden KundenNr="24425" KundEigtNr="25375" KundArt="1" KundStatus="3" KundAufDat="2006-08-10"/>
  <Kunden KundenNr="24424" KundEigtNr="25376" KundArt="1" KundStatus="3" KundAufDat="2006-08-10"/>
  <Kunden KundenNr="24427" KundEigtNr="25377" KundArt="1" KundStatus="1" KundAufDat="2006-08-10"/>
  <Kunden KundenNr="24426" KundEigtNr="25378" KundArt="1" KundStatus="1" KundAufDat="2006-08-10"/>
  <Kunden KundenNr="24421" KundEigtNr="25379" KundArt="1" KundStatus="3" KundAufDat="2006-08-10"/>
  <Kunden KundenNr="24420" KundEigtNr="25380" KundArt="1" KundStatus="3" KundAufDat="2006-08-10"/>
  <Kunden KundenNr="24423" KundEigtNr="25381" KundArt="1" KundStatus="1" KundAufDat="2006-08-10"/>
  <Kunden KundenNr="24417" KundEigtNr="25382" KundArt="1" KundStatus="1" KundAufDat="2006-08-09"/>
  <Kunden KundenNr="24416" KundEigtNr="25383" KundArt="1" KundStatus="1" KundAufDat="2006-08-09"/>
  <Kunden KundenNr="24419" KundEigtNr="25384" KundArt="1" KundStatus="1" KundAufDat="2006-08-10"/>
  <Kunden KundenNr="24418" KundEigtNr="25385" KundArt="1" KundStatus="3" KundAufDat="2006-08-10"/>
  <Kunden KundenNr="24444" KundEigtNr="25386" KundArt="1" KundStatus="3" KundAufDat="2006-08-11"/>
  <Kunden KundenNr="24445" KundEigtNr="25387" KundArt="1" KundStatus="1" KundAufDat="2006-08-11"/>
  <Kunden KundenNr="24446" KundEigtNr="25388" KundArt="1" KundStatus="1" KundAufDat="2006-08-11"/>
  <Kunden KundenNr="24447" KundEigtNr="25389" KundArt="1" KundStatus="1" KundAufDat="2006-08-11"/>
  <Kunden KundenNr="24440" KundEigtNr="25390" KundArt="1" KundStatus="1" KundAufDat="2006-08-10"/>
  <Kunden KundenNr="24441" KundEigtNr="25391" KundArt="1" KundStatus="1" KundAufDat="2006-08-10"/>
  <Kunden KundenNr="24442" KundEigtNr="25392" KundArt="1" KundStatus="1" KundAufDat="2006-08-10"/>
  <Kunden KundenNr="24443" KundEigtNr="25393" KundArt="1" KundStatus="1" KundAufDat="2006-08-10"/>
  <Kunden KundenNr="24436" KundEigtNr="25394" KundArt="1" KundStatus="1" KundAufDat="2006-08-10"/>
  <Kunden KundenNr="24437" KundEigtNr="25395" KundArt="1" KundStatus="1" KundAufDat="2006-08-10"/>
  <Kunden KundenNr="24438" KundEigtNr="25396" KundArt="1" KundStatus="1" KundAufDat="2006-08-10"/>
  <Kunden KundenNr="24439" KundEigtNr="25397" KundArt="1" KundStatus="1" KundAufDat="2006-08-10"/>
  <Kunden KundenNr="24432" KundEigtNr="25398" KundArt="1" KundStatus="3" KundAufDat="2006-08-10"/>
  <Kunden KundenNr="24434" KundEigtNr="25399" KundArt="1" KundStatus="3" KundAufDat="2006-08-10"/>
  <Kunden KundenNr="24435" KundEigtNr="25400" KundArt="1" KundStatus="1" KundAufDat="2006-08-10"/>
  <Kunden KundenNr="24331" KundEigtNr="25401" KundArt="1" KundStatus="1" KundAufDat="2006-08-01"/>
  <Kunden KundenNr="24330" KundEigtNr="25402" KundArt="1" KundStatus="3" KundAufDat="2006-08-01"/>
  <Kunden KundenNr="24329" KundEigtNr="25403" KundArt="1" KundStatus="1" KundAufDat="2006-08-01"/>
  <Kunden KundenNr="24328" KundEigtNr="25404" KundArt="1" KundStatus="1" KundAufDat="2006-08-01"/>
  <Kunden KundenNr="24335" KundEigtNr="25405" KundArt="1" KundStatus="1" KundAufDat="2006-08-02"/>
  <Kunden KundenNr="24334" KundEigtNr="25406" KundArt="1" KundStatus="1" KundAufDat="2006-08-01"/>
  <Kunden KundenNr="24333" KundEigtNr="24765" KundArt="1" KundStatus="3" KundAufDat="2006-08-01"/>
  <Kunden KundenNr="24332" KundEigtNr="25407" KundArt="1" KundStatus="1" KundAufDat="2006-08-01"/>
  <Kunden KundenNr="24323" KundEigtNr="25408" KundArt="1" KundStatus="1" KundAufDat="2006-07-31"/>
  <Kunden KundenNr="24322" KundEigtNr="25409" KundArt="1" KundStatus="1" KundAufDat="2006-07-31"/>
  <Kunden KundenNr="24321" KundEigtNr="25410" KundArt="1" KundStatus="1" KundAufDat="2006-07-31"/>
  <Kunden KundenNr="24320" KundEigtNr="25411" KundArt="1" KundStatus="1" KundAufDat="2006-07-31"/>
  <Kunden KundenNr="24327" KundEigtNr="25412" KundArt="1" KundStatus="3" KundAufDat="2006-08-01"/>
  <Kunden KundenNr="24326" KundEigtNr="25413" KundArt="1" KundStatus="3" KundAufDat="2006-08-01"/>
  <Kunden KundenNr="24325" KundEigtNr="25414" KundArt="1" KundStatus="3" KundAufDat="2006-08-01"/>
  <Kunden KundenNr="24324" KundEigtNr="25415" KundArt="1" KundStatus="1" KundAufDat="2006-08-01"/>
  <Kunden KundenNr="24346" KundEigtNr="25416" KundArt="1" KundStatus="3" KundAufDat="2006-08-03"/>
  <Kunden KundenNr="24347" KundEigtNr="25417" KundArt="1" KundStatus="3" KundAufDat="2006-08-03"/>
  <Kunden KundenNr="24344" KundEigtNr="25418" KundArt="1" KundStatus="1" KundAufDat="2006-08-02"/>
  <Kunden KundenNr="24345" KundEigtNr="25419" KundArt="1" KundStatus="1" KundAufDat="2006-08-02"/>
  <Kunden KundenNr="24350" KundEigtNr="25420" KundArt="1" KundStatus="1" KundAufDat="2006-08-04"/>
  <Kunden KundenNr="24351" KundEigtNr="25421" KundArt="1" KundStatus="3" KundAufDat="2006-08-04"/>
  <Kunden KundenNr="24348" KundEigtNr="25401" KundArt="1" KundStatus="1" KundAufDat="2006-08-03"/>
  <Kunden KundenNr="24349" KundEigtNr="25422" KundArt="1" KundStatus="1" KundAufDat="2006-08-04"/>
  <Kunden KundenNr="24338" KundEigtNr="25423" KundArt="1" KundStatus="1" KundAufDat="2006-08-02"/>
  <Kunden KundenNr="24339" KundEigtNr="25424" KundArt="1" KundStatus="1" KundAufDat="2006-08-02"/>
  <Kunden KundenNr="24336" KundEigtNr="25425" KundArt="1" KundStatus="3" KundAufDat="2006-08-02"/>
  <Kunden KundenNr="24337" KundEigtNr="25426" KundArt="1" KundStatus="3" KundAufDat="2006-08-02"/>
  <Kunden KundenNr="24342" KundEigtNr="24933" KundArt="1" KundStatus="1" KundAufDat="2006-08-02"/>
  <Kunden KundenNr="24343" KundEigtNr="25427" KundArt="1" KundStatus="1" KundAufDat="2006-08-02"/>
  <Kunden KundenNr="24340" KundEigtNr="25428" KundArt="1" KundStatus="3" KundAufDat="2006-08-02"/>
  <Kunden KundenNr="24341" KundEigtNr="25429" KundArt="1" KundStatus="3" KundAufDat="2006-08-02"/>
  <Kunden KundenNr="24361" KundEigtNr="25430" KundArt="1" KundStatus="1" KundAufDat="2006-08-07"/>
  <Kunden KundenNr="24360" KundEigtNr="25431" KundArt="1" KundStatus="3" KundAufDat="2006-08-07"/>
  <Kunden KundenNr="24362" KundEigtNr="25432" KundArt="1" KundStatus="1" KundAufDat="2006-08-07"/>
  <Kunden KundenNr="24365" KundEigtNr="25433" KundArt="1" KundStatus="3" KundAufDat="2006-08-07"/>
  <Kunden KundenNr="24364" KundEigtNr="12281" KundArt="1" KundStatus="1" KundAufDat="2006-08-07"/>
  <Kunden KundenNr="24367" KundEigtNr="25434" KundArt="1" KundStatus="1" KundAufDat="2006-08-07"/>
  <Kunden KundenNr="24366" KundEigtNr="25435" KundArt="1" KundStatus="1" KundAufDat="2006-08-07"/>
  <Kunden KundenNr="24353" KundEigtNr="25436" KundArt="1" KundStatus="1" KundAufDat="2006-08-04"/>
  <Kunden KundenNr="24352" KundEigtNr="25437" KundArt="1" KundStatus="3" KundAufDat="2006-08-04"/>
  <Kunden KundenNr="24355" KundEigtNr="25438" KundArt="1" KundStatus="3" KundAufDat="2006-08-07"/>
  <Kunden KundenNr="24357" KundEigtNr="24512" KundArt="1" KundStatus="3" KundAufDat="2006-08-07"/>
  <Kunden KundenNr="24356" KundEigtNr="25439" KundArt="1" KundStatus="3" KundAufDat="2006-08-07"/>
  <Kunden KundenNr="24359" KundEigtNr="25440" KundArt="1" KundStatus="1" KundAufDat="2006-08-07"/>
  <Kunden KundenNr="24358" KundEigtNr="25441" KundArt="1" KundStatus="1" KundAufDat="2006-08-07"/>
  <Kunden KundenNr="24376" KundEigtNr="25442" KundArt="1" KundStatus="3" KundAufDat="2006-08-08"/>
  <Kunden KundenNr="24377" KundEigtNr="25443" KundArt="1" KundStatus="3" KundAufDat="2006-08-08"/>
  <Kunden KundenNr="24378" KundEigtNr="25444" KundArt="1" KundStatus="1" KundAufDat="2006-08-08"/>
  <Kunden KundenNr="24379" KundEigtNr="25445" KundArt="1" KundStatus="1" KundAufDat="2006-08-08"/>
  <Kunden KundenNr="24380" KundEigtNr="25446" KundArt="1" KundStatus="1" KundAufDat="2006-08-08"/>
  <Kunden KundenNr="24381" KundEigtNr="25447" KundArt="1" KundStatus="1" KundAufDat="2006-08-08"/>
  <Kunden KundenNr="24382" KundEigtNr="25448" KundArt="1" KundStatus="1" KundAufDat="2006-08-08"/>
  <Kunden KundenNr="24383" KundEigtNr="25449" KundArt="1" KundStatus="3" KundAufDat="2006-08-08"/>
  <Kunden KundenNr="24368" KundEigtNr="25450" KundArt="1" KundStatus="1" KundAufDat="2006-08-07"/>
  <Kunden KundenNr="24369" KundEigtNr="25451" KundArt="1" KundStatus="1" KundAufDat="2006-08-07"/>
  <Kunden KundenNr="24370" KundEigtNr="25452" KundArt="1" KundStatus="1" KundAufDat="2006-08-07"/>
  <Kunden KundenNr="24371" KundEigtNr="25453" KundArt="1" KundStatus="1" KundAufDat="2006-08-07"/>
  <Kunden KundenNr="24372" KundEigtNr="25454" KundArt="1" KundStatus="1" KundAufDat="2006-08-07"/>
  <Kunden KundenNr="24373" KundEigtNr="25455" KundArt="1" KundStatus="1" KundAufDat="2006-08-07"/>
  <Kunden KundenNr="24374" KundEigtNr="25456" KundArt="1" KundStatus="1" KundAufDat="2006-08-07"/>
  <Kunden KundenNr="24518" KundEigtNr="25457" KundArt="1" KundStatus="3" KundAufDat="2006-08-21"/>
  <Kunden KundenNr="24519" KundEigtNr="25458" KundArt="1" KundStatus="1" KundAufDat="2006-08-21"/>
  <Kunden KundenNr="24516" KundEigtNr="25459" KundArt="1" KundStatus="1" KundAufDat="2006-08-18"/>
  <Kunden KundenNr="24517" KundEigtNr="25460" KundArt="1" KundStatus="1" KundAufDat="2006-08-21"/>
  <Kunden KundenNr="24514" KundEigtNr="25461" KundArt="1" KundStatus="3" KundAufDat="2006-08-18"/>
  <Kunden KundenNr="24515" KundEigtNr="25462" KundArt="1" KundStatus="3" KundAufDat="2006-08-18"/>
  <Kunden KundenNr="24512" KundEigtNr="25463" KundArt="1" KundStatus="3" KundAufDat="2006-08-18"/>
  <Kunden KundenNr="24513" KundEigtNr="25464" KundArt="1" KundStatus="3" KundAufDat="2006-08-18"/>
  <Kunden KundenNr="24526" KundEigtNr="25465" KundArt="1" KundStatus="1" KundAufDat="2006-08-21"/>
  <Kunden KundenNr="24527" KundEigtNr="25466" KundArt="1" KundStatus="1" KundAufDat="2006-08-21"/>
  <Kunden KundenNr="24524" KundEigtNr="25467" KundArt="1" KundStatus="3" KundAufDat="2006-08-21"/>
  <Kunden KundenNr="24525" KundEigtNr="25468" KundArt="1" KundStatus="1" KundAufDat="2006-08-21"/>
  <Kunden KundenNr="24522" KundEigtNr="25469" KundArt="1" KundStatus="1" KundAufDat="2006-08-21"/>
  <Kunden KundenNr="24523" KundEigtNr="25470" KundArt="1" KundStatus="3" KundAufDat="2006-08-21"/>
  <Kunden KundenNr="24520" KundEigtNr="25471" KundArt="1" KundStatus="3" KundAufDat="2006-08-21"/>
  <Kunden KundenNr="24521" KundEigtNr="25472" KundArt="1" KundStatus="1" KundAufDat="2006-08-21"/>
  <Kunden KundenNr="24535" KundEigtNr="25473" KundArt="1" KundStatus="1" KundAufDat="2006-08-21"/>
  <Kunden KundenNr="24534" KundEigtNr="25474" KundArt="1" KundStatus="1" KundAufDat="2006-08-21"/>
  <Kunden KundenNr="24533" KundEigtNr="25475" KundArt="1" KundStatus="1" KundAufDat="2006-08-21"/>
  <Kunden KundenNr="24532" KundEigtNr="23466" KundArt="1" KundStatus="1" KundAufDat="2006-08-21"/>
  <Kunden KundenNr="24531" KundEigtNr="21172" KundArt="1" KundStatus="1" KundAufDat="2006-08-21"/>
  <Kunden KundenNr="24530" KundEigtNr="25476" KundArt="1" KundStatus="1" KundAufDat="2006-08-21"/>
  <Kunden KundenNr="24529" KundEigtNr="25477" KundArt="1" KundStatus="1" KundAufDat="2006-08-21"/>
  <Kunden KundenNr="24528" KundEigtNr="25478" KundArt="1" KundStatus="1" KundAufDat="2006-08-21"/>
  <Kunden KundenNr="24543" KundEigtNr="25479" KundArt="1" KundStatus="3" KundAufDat="2006-08-22"/>
  <Kunden KundenNr="24542" KundEigtNr="25480" KundArt="1" KundStatus="3" KundAufDat="2006-08-22"/>
  <Kunden KundenNr="24541" KundEigtNr="25481" KundArt="1" KundStatus="3" KundAufDat="2006-08-22"/>
  <Kunden KundenNr="24540" KundEigtNr="25482" KundArt="1" KundStatus="1" KundAufDat="2006-08-21"/>
  <Kunden KundenNr="24539" KundEigtNr="25483" KundArt="1" KundStatus="1" KundAufDat="2006-08-21"/>
  <Kunden KundenNr="24538" KundEigtNr="25484" KundArt="1" KundStatus="1" KundAufDat="2006-08-21"/>
  <Kunden KundenNr="24537" KundEigtNr="25485" KundArt="1" KundStatus="1" KundAufDat="2006-08-21"/>
  <Kunden KundenNr="24536" KundEigtNr="25486" KundArt="1" KundStatus="1" KundAufDat="2006-08-21"/>
  <Kunden KundenNr="24548" KundEigtNr="25487" KundArt="1" KundStatus="1" KundAufDat="2006-08-22"/>
  <Kunden KundenNr="24550" KundEigtNr="25488" KundArt="1" KundStatus="3" KundAufDat="2006-08-23"/>
  <Kunden KundenNr="24551" KundEigtNr="25489" KundArt="1" KundStatus="1" KundAufDat="2006-08-23"/>
  <Kunden KundenNr="24544" KundEigtNr="25490" KundArt="1" KundStatus="1" KundAufDat="2006-08-22"/>
  <Kunden KundenNr="24545" KundEigtNr="25491" KundArt="1" KundStatus="1" KundAufDat="2006-08-22"/>
  <Kunden KundenNr="24546" KundEigtNr="25492" KundArt="1" KundStatus="3" KundAufDat="2006-08-22"/>
  <Kunden KundenNr="24547" KundEigtNr="25493" KundArt="1" KundStatus="1" KundAufDat="2006-08-22"/>
  <Kunden KundenNr="24556" KundEigtNr="25494" KundArt="1" KundStatus="1" KundAufDat="2006-08-23"/>
  <Kunden KundenNr="24557" KundEigtNr="25495" KundArt="1" KundStatus="1" KundAufDat="2006-08-23"/>
  <Kunden KundenNr="24558" KundEigtNr="25496" KundArt="1" KundStatus="3" KundAufDat="2006-08-23"/>
  <Kunden KundenNr="24559" KundEigtNr="25497" KundArt="1" KundStatus="1" KundAufDat="2006-08-23"/>
  <Kunden KundenNr="24552" KundEigtNr="25498" KundArt="1" KundStatus="1" KundAufDat="2006-08-23"/>
  <Kunden KundenNr="24553" KundEigtNr="25499" KundArt="1" KundStatus="1" KundAufDat="2006-08-23"/>
  <Kunden KundenNr="24554" KundEigtNr="25500" KundArt="1" KundStatus="1" KundAufDat="2006-08-23"/>
  <Kunden KundenNr="24555" KundEigtNr="25501" KundArt="1" KundStatus="1" KundAufDat="2006-08-23"/>
  <Kunden KundenNr="24565" KundEigtNr="25502" KundArt="1" KundStatus="1" KundAufDat="2006-08-24"/>
  <Kunden KundenNr="24564" KundEigtNr="25503" KundArt="1" KundStatus="1" KundAufDat="2006-08-24"/>
  <Kunden KundenNr="24567" KundEigtNr="25504" KundArt="1" KundStatus="1" KundAufDat="2006-08-24"/>
  <Kunden KundenNr="24566" KundEigtNr="25505" KundArt="1" KundStatus="1" KundAufDat="2006-08-24"/>
  <Kunden KundenNr="24563" KundEigtNr="25506" KundArt="1" KundStatus="1" KundAufDat="2006-08-23"/>
  <Kunden KundenNr="24562" KundEigtNr="25507" KundArt="1" KundStatus="1" KundAufDat="2006-08-23"/>
  <Kunden KundenNr="24573" KundEigtNr="25508" KundArt="1" KundStatus="1" KundAufDat="2006-08-25"/>
  <Kunden KundenNr="24572" KundEigtNr="25509" KundArt="1" KundStatus="1" KundAufDat="2006-08-25"/>
  <Kunden KundenNr="24575" KundEigtNr="25510" KundArt="1" KundStatus="1" KundAufDat="2006-08-25"/>
  <Kunden KundenNr="24574" KundEigtNr="25511" KundArt="1" KundStatus="3" KundAufDat="2006-08-25"/>
  <Kunden KundenNr="24569" KundEigtNr="25512" KundArt="1" KundStatus="3" KundAufDat="2006-08-24"/>
  <Kunden KundenNr="24571" KundEigtNr="25513" KundArt="1" KundStatus="1" KundAufDat="2006-08-25"/>
  <Kunden KundenNr="24570" KundEigtNr="25514" KundArt="1" KundStatus="1" KundAufDat="2006-08-25"/>
  <Kunden KundenNr="24450" KundEigtNr="25515" KundArt="1" KundStatus="1" KundAufDat="2006-08-11"/>
  <Kunden KundenNr="24451" KundEigtNr="25516" KundArt="1" KundStatus="1" KundAufDat="2006-08-14"/>
  <Kunden KundenNr="24448" KundEigtNr="25517" KundArt="1" KundStatus="3" KundAufDat="2006-08-11"/>
  <Kunden KundenNr="24449" KundEigtNr="25518" KundArt="1" KundStatus="1" KundAufDat="2006-08-11"/>
  <Kunden KundenNr="24454" KundEigtNr="25519" KundArt="1" KundStatus="1" KundAufDat="2006-08-14"/>
  <Kunden KundenNr="24455" KundEigtNr="25520" KundArt="1" KundStatus="1" KundAufDat="2006-08-14"/>
  <Kunden KundenNr="24452" KundEigtNr="25521" KundArt="1" KundStatus="1" KundAufDat="2006-08-14"/>
  <Kunden KundenNr="24453" KundEigtNr="25522" KundArt="1" KundStatus="3" KundAufDat="2006-08-14"/>
  <Kunden KundenNr="24458" KundEigtNr="25523" KundArt="1" KundStatus="1" KundAufDat="2006-08-14"/>
  <Kunden KundenNr="24459" KundEigtNr="25524" KundArt="1" KundStatus="3" KundAufDat="2006-08-14"/>
  <Kunden KundenNr="24456" KundEigtNr="25525" KundArt="1" KundStatus="1" KundAufDat="2006-08-14"/>
  <Kunden KundenNr="24457" KundEigtNr="25526" KundArt="1" KundStatus="3" KundAufDat="2006-08-14"/>
  <Kunden KundenNr="24462" KundEigtNr="25527" KundArt="1" KundStatus="1" KundAufDat="2006-08-14"/>
  <Kunden KundenNr="24463" KundEigtNr="25528" KundArt="1" KundStatus="1" KundAufDat="2006-08-14"/>
  <Kunden KundenNr="24460" KundEigtNr="25529" KundArt="1" KundStatus="1" KundAufDat="2006-08-14"/>
  <Kunden KundenNr="24461" KundEigtNr="25530" KundArt="1" KundStatus="3" KundAufDat="2006-08-14"/>
  <Kunden KundenNr="24467" KundEigtNr="25531" KundArt="1" KundStatus="1" KundAufDat="2006-08-14"/>
  <Kunden KundenNr="24466" KundEigtNr="25532" KundArt="1" KundStatus="1" KundAufDat="2006-08-14"/>
  <Kunden KundenNr="24465" KundEigtNr="25533" KundArt="1" KundStatus="3" KundAufDat="2006-08-14"/>
  <Kunden KundenNr="24464" KundEigtNr="25534" KundArt="1" KundStatus="3" KundAufDat="2006-08-14"/>
  <Kunden KundenNr="24471" KundEigtNr="25535" KundArt="1" KundStatus="1" KundAufDat="2006-08-14"/>
  <Kunden KundenNr="24470" KundEigtNr="25536" KundArt="1" KundStatus="1" KundAufDat="2006-08-14"/>
  <Kunden KundenNr="24469" KundEigtNr="25537" KundArt="1" KundStatus="1" KundAufDat="2006-08-14"/>
  <Kunden KundenNr="24468" KundEigtNr="25538" KundArt="1" KundStatus="1" KundAufDat="2006-08-14"/>
  <Kunden KundenNr="24475" KundEigtNr="25539" KundArt="1" KundStatus="1" KundAufDat="2006-08-14"/>
  <Kunden KundenNr="24474" KundEigtNr="25540" KundArt="1" KundStatus="1" KundAufDat="2006-08-14"/>
  <Kunden KundenNr="24473" KundEigtNr="25541" KundArt="1" KundStatus="1" KundAufDat="2006-08-14"/>
  <Kunden KundenNr="24472" KundEigtNr="25542" KundArt="1" KundStatus="1" KundAufDat="2006-08-14"/>
  <Kunden KundenNr="24479" KundEigtNr="25543" KundArt="1" KundStatus="1" KundAufDat="2006-08-15"/>
  <Kunden KundenNr="24478" KundEigtNr="25544" KundArt="1" KundStatus="1" KundAufDat="2006-08-15"/>
  <Kunden KundenNr="24477" KundEigtNr="25545" KundArt="1" KundStatus="1" KundAufDat="2006-08-15"/>
  <Kunden KundenNr="24476" KundEigtNr="25546" KundArt="1" KundStatus="1" KundAufDat="2006-08-14"/>
  <Kunden KundenNr="24480" KundEigtNr="25547" KundArt="1" KundStatus="1" KundAufDat="2006-08-15"/>
  <Kunden KundenNr="24481" KundEigtNr="25548" KundArt="1" KundStatus="3" KundAufDat="2006-08-15"/>
  <Kunden KundenNr="24482" KundEigtNr="25549" KundArt="1" KundStatus="1" KundAufDat="2006-08-15"/>
  <Kunden KundenNr="24483" KundEigtNr="25550" KundArt="1" KundStatus="1" KundAufDat="2006-08-15"/>
  <Kunden KundenNr="24484" KundEigtNr="25551" KundArt="1" KundStatus="3" KundAufDat="2006-08-15"/>
  <Kunden KundenNr="24485" KundEigtNr="25552" KundArt="1" KundStatus="3" KundAufDat="2006-08-15"/>
  <Kunden KundenNr="24486" KundEigtNr="19924" KundArt="1" KundStatus="1" KundAufDat="2006-08-15"/>
  <Kunden KundenNr="24487" KundEigtNr="25553" KundArt="1" KundStatus="1" KundAufDat="2006-08-15"/>
  <Kunden KundenNr="24488" KundEigtNr="25554" KundArt="1" KundStatus="1" KundAufDat="2006-08-15"/>
  <Kunden KundenNr="24489" KundEigtNr="25555" KundArt="1" KundStatus="1" KundAufDat="2006-08-16"/>
  <Kunden KundenNr="24490" KundEigtNr="25556" KundArt="1" KundStatus="1" KundAufDat="2006-08-16"/>
  <Kunden KundenNr="24491" KundEigtNr="25557" KundArt="1" KundStatus="1" KundAufDat="2006-08-16"/>
  <Kunden KundenNr="24492" KundEigtNr="25558" KundArt="1" KundStatus="3" KundAufDat="2006-08-16"/>
  <Kunden KundenNr="24493" KundEigtNr="25559" KundArt="1" KundStatus="1" KundAufDat="2006-08-16"/>
  <Kunden KundenNr="24494" KundEigtNr="25560" KundArt="1" KundStatus="3" KundAufDat="2006-08-16"/>
  <Kunden KundenNr="24495" KundEigtNr="25561" KundArt="1" KundStatus="1" KundAufDat="2006-08-16"/>
  <Kunden KundenNr="24497" KundEigtNr="25562" KundArt="1" KundStatus="3" KundAufDat="2006-08-16"/>
  <Kunden KundenNr="24496" KundEigtNr="25563" KundArt="1" KundStatus="1" KundAufDat="2006-08-16"/>
  <Kunden KundenNr="24499" KundEigtNr="25564" KundArt="1" KundStatus="1" KundAufDat="2006-08-17"/>
  <Kunden KundenNr="24498" KundEigtNr="25565" KundArt="1" KundStatus="3" KundAufDat="2006-08-16"/>
  <Kunden KundenNr="24501" KundEigtNr="25566" KundArt="1" KundStatus="1" KundAufDat="2006-08-17"/>
  <Kunden KundenNr="24500" KundEigtNr="25567" KundArt="1" KundStatus="3" KundAufDat="2006-08-17"/>
  <Kunden KundenNr="24503" KundEigtNr="25568" KundArt="1" KundStatus="3" KundAufDat="2006-08-17"/>
  <Kunden KundenNr="24502" KundEigtNr="25569" KundArt="1" KundStatus="3" KundAufDat="2006-08-17"/>
  <Kunden KundenNr="24505" KundEigtNr="25570" KundArt="1" KundStatus="1" KundAufDat="2006-08-17"/>
  <Kunden KundenNr="24504" KundEigtNr="25571" KundArt="1" KundStatus="3" KundAufDat="2006-08-17"/>
  <Kunden KundenNr="24507" KundEigtNr="25572" KundArt="1" KundStatus="3" KundAufDat="2006-08-17"/>
  <Kunden KundenNr="24506" KundEigtNr="25573" KundArt="1" KundStatus="1" KundAufDat="2006-08-17"/>
  <Kunden KundenNr="24509" KundEigtNr="25574" KundArt="1" KundStatus="1" KundAufDat="2006-08-18"/>
  <Kunden KundenNr="24508" KundEigtNr="25575" KundArt="1" KundStatus="1" KundAufDat="2006-08-18"/>
  <Kunden KundenNr="24511" KundEigtNr="25576" KundArt="1" KundStatus="1" KundAufDat="2006-08-18"/>
  <Kunden KundenNr="24510" KundEigtNr="25577" KundArt="1" KundStatus="1" KundAufDat="2006-08-18"/>
  <Kunden KundenNr="24156" KundEigtNr="25578" KundArt="1" KundStatus="1" KundAufDat="2006-07-12"/>
  <Kunden KundenNr="24157" KundEigtNr="25579" KundArt="1" KundStatus="1" KundAufDat="2006-07-12"/>
  <Kunden KundenNr="24158" KundEigtNr="4666" KundArt="1" KundStatus="3" KundAufDat="2006-07-13"/>
  <Kunden KundenNr="24159" KundEigtNr="25580" KundArt="1" KundStatus="3" KundAufDat="2006-07-13"/>
  <Kunden KundenNr="24152" KundEigtNr="25581" KundArt="1" KundStatus="3" KundAufDat="2006-07-11"/>
  <Kunden KundenNr="24153" KundEigtNr="25582" KundArt="1" KundStatus="1" KundAufDat="2006-07-11"/>
  <Kunden KundenNr="24154" KundEigtNr="25583" KundArt="1" KundStatus="1" KundAufDat="2006-07-11"/>
  <Kunden KundenNr="24155" KundEigtNr="25584" KundArt="1" KundStatus="3" KundAufDat="2006-07-12"/>
  <Kunden KundenNr="24148" KundEigtNr="25585" KundArt="1" KundStatus="3" KundAufDat="2006-07-11"/>
  <Kunden KundenNr="24149" KundEigtNr="25586" KundArt="1" KundStatus="3" KundAufDat="2006-07-11"/>
  <Kunden KundenNr="24150" KundEigtNr="25587" KundArt="1" KundStatus="1" KundAufDat="2006-07-11"/>
  <Kunden KundenNr="24151" KundEigtNr="25588" KundArt="1" KundStatus="1" KundAufDat="2006-07-11"/>
  <Kunden KundenNr="24144" KundEigtNr="25589" KundArt="1" KundStatus="1" KundAufDat="2006-07-11"/>
  <Kunden KundenNr="24145" KundEigtNr="25590" KundArt="1" KundStatus="1" KundAufDat="2006-07-11"/>
  <Kunden KundenNr="24146" KundEigtNr="25591" KundArt="1" KundStatus="1" KundAufDat="2006-07-11"/>
  <Kunden KundenNr="24147" KundEigtNr="25592" KundArt="1" KundStatus="1" KundAufDat="2006-07-11"/>
  <Kunden KundenNr="24141" KundEigtNr="25593" KundArt="1" KundStatus="1" KundAufDat="2006-07-11"/>
  <Kunden KundenNr="24140" KundEigtNr="25594" KundArt="1" KundStatus="1" KundAufDat="2006-07-10"/>
  <Kunden KundenNr="24143" KundEigtNr="25595" KundArt="1" KundStatus="3" KundAufDat="2006-07-11"/>
  <Kunden KundenNr="24142" KundEigtNr="21143" KundArt="1" KundStatus="3" KundAufDat="2006-07-11"/>
  <Kunden KundenNr="24137" KundEigtNr="25596" KundArt="1" KundStatus="1" KundAufDat="2006-07-10"/>
  <Kunden KundenNr="24136" KundEigtNr="25597" KundArt="1" KundStatus="1" KundAufDat="2006-07-10"/>
  <Kunden KundenNr="24139" KundEigtNr="25598" KundArt="1" KundStatus="1" KundAufDat="2006-07-10"/>
  <Kunden KundenNr="24133" KundEigtNr="25599" KundArt="1" KundStatus="1" KundAufDat="2006-07-10"/>
  <Kunden KundenNr="24132" KundEigtNr="25600" KundArt="1" KundStatus="1" KundAufDat="2006-07-10"/>
  <Kunden KundenNr="24135" KundEigtNr="25601" KundArt="1" KundStatus="1" KundAufDat="2006-07-10"/>
  <Kunden KundenNr="24134" KundEigtNr="25602" KundArt="1" KundStatus="1" KundAufDat="2006-07-10"/>
  <Kunden KundenNr="24129" KundEigtNr="25603" KundArt="1" KundStatus="1" KundAufDat="2006-07-10"/>
  <Kunden KundenNr="24128" KundEigtNr="25604" KundArt="1" KundStatus="3" KundAufDat="2006-07-10"/>
  <Kunden KundenNr="24131" KundEigtNr="25605" KundArt="1" KundStatus="1" KundAufDat="2006-07-10"/>
  <Kunden KundenNr="24130" KundEigtNr="25606" KundArt="1" KundStatus="3" KundAufDat="2006-07-10"/>
  <Kunden KundenNr="24190" KundEigtNr="25607" KundArt="1" KundStatus="1" KundAufDat="2006-07-17"/>
  <Kunden KundenNr="24191" KundEigtNr="25608" KundArt="1" KundStatus="1" KundAufDat="2006-07-17"/>
  <Kunden KundenNr="24188" KundEigtNr="25609" KundArt="1" KundStatus="1" KundAufDat="2006-07-17"/>
  <Kunden KundenNr="24189" KundEigtNr="25610" KundArt="1" KundStatus="1" KundAufDat="2006-07-17"/>
  <Kunden KundenNr="24186" KundEigtNr="25611" KundArt="1" KundStatus="1" KundAufDat="2006-07-17"/>
  <Kunden KundenNr="24187" KundEigtNr="25612" KundArt="1" KundStatus="1" KundAufDat="2006-07-17"/>
  <Kunden KundenNr="24184" KundEigtNr="25613" KundArt="1" KundStatus="1" KundAufDat="2006-07-17"/>
  <Kunden KundenNr="24182" KundEigtNr="25614" KundArt="1" KundStatus="1" KundAufDat="2006-07-17"/>
  <Kunden KundenNr="24183" KundEigtNr="25615" KundArt="1" KundStatus="1" KundAufDat="2006-07-17"/>
  <Kunden KundenNr="24180" KundEigtNr="25616" KundArt="1" KundStatus="3" KundAufDat="2006-07-17"/>
  <Kunden KundenNr="24181" KundEigtNr="25617" KundArt="1" KundStatus="1" KundAufDat="2006-07-17"/>
  <Kunden KundenNr="24178" KundEigtNr="25618" KundArt="1" KundStatus="1" KundAufDat="2006-07-17"/>
  <Kunden KundenNr="24179" KundEigtNr="25619" KundArt="1" KundStatus="1" KundAufDat="2006-07-17"/>
  <Kunden KundenNr="24176" KundEigtNr="25620" KundArt="1" KundStatus="1" KundAufDat="2006-07-17"/>
  <Kunden KundenNr="24177" KundEigtNr="23182" KundArt="1" KundStatus="1" KundAufDat="2006-07-17"/>
  <Kunden KundenNr="24175" KundEigtNr="25621" KundArt="1" KundStatus="1" KundAufDat="2006-07-17"/>
  <Kunden KundenNr="24174" KundEigtNr="25622" KundArt="1" KundStatus="3" KundAufDat="2006-07-17"/>
  <Kunden KundenNr="24173" KundEigtNr="25623" KundArt="1" KundStatus="1" KundAufDat="2006-07-17"/>
  <Kunden KundenNr="24172" KundEigtNr="25624" KundArt="1" KundStatus="1" KundAufDat="2006-07-17"/>
  <Kunden KundenNr="24171" KundEigtNr="25625" KundArt="1" KundStatus="1" KundAufDat="2006-07-14"/>
  <Kunden KundenNr="24170" KundEigtNr="25626" KundArt="1" KundStatus="3" KundAufDat="2006-07-14"/>
  <Kunden KundenNr="24169" KundEigtNr="25627" KundArt="1" KundStatus="3" KundAufDat="2006-07-14"/>
  <Kunden KundenNr="24168" KundEigtNr="25628" KundArt="1" KundStatus="3" KundAufDat="2006-07-14"/>
  <Kunden KundenNr="24167" KundEigtNr="25629" KundArt="1" KundStatus="3" KundAufDat="2006-07-14"/>
  <Kunden KundenNr="24166" KundEigtNr="25630" KundArt="1" KundStatus="3" KundAufDat="2006-07-14"/>
  <Kunden KundenNr="24165" KundEigtNr="25631" KundArt="1" KundStatus="1" KundAufDat="2006-07-14"/>
  <Kunden KundenNr="24164" KundEigtNr="25632" KundArt="1" KundStatus="3" KundAufDat="2006-07-14"/>
  <Kunden KundenNr="24163" KundEigtNr="25633" KundArt="1" KundStatus="3" KundAufDat="2006-07-13"/>
  <Kunden KundenNr="24162" KundEigtNr="25634" KundArt="1" KundStatus="1" KundAufDat="2006-07-13"/>
  <Kunden KundenNr="24161" KundEigtNr="25635" KundArt="1" KundStatus="3" KundAufDat="2006-07-13"/>
  <Kunden KundenNr="24160" KundEigtNr="25636" KundArt="1" KundStatus="1" KundAufDat="2006-07-13"/>
  <Kunden KundenNr="24088" KundEigtNr="19924" KundArt="1" KundStatus="1" KundAufDat="2006-07-03"/>
  <Kunden KundenNr="24089" KundEigtNr="25637" KundArt="1" KundStatus="3" KundAufDat="2006-07-03"/>
  <Kunden KundenNr="24090" KundEigtNr="25638" KundArt="1" KundStatus="1" KundAufDat="2006-07-03"/>
  <Kunden KundenNr="24091" KundEigtNr="25639" KundArt="1" KundStatus="3" KundAufDat="2006-07-03"/>
  <Kunden KundenNr="24092" KundEigtNr="25640" KundArt="1" KundStatus="3" KundAufDat="2006-07-03"/>
  <Kunden KundenNr="24093" KundEigtNr="25641" KundArt="1" KundStatus="3" KundAufDat="2006-07-03"/>
  <Kunden KundenNr="24094" KundEigtNr="25642" KundArt="1" KundStatus="3" KundAufDat="2006-07-03"/>
  <Kunden KundenNr="24095" KundEigtNr="25643" KundArt="1" KundStatus="1" KundAufDat="2006-07-04"/>
  <Kunden KundenNr="24080" KundEigtNr="25644" KundArt="1" KundStatus="3" KundAufDat="2006-06-30"/>
  <Kunden KundenNr="24081" KundEigtNr="25645" KundArt="1" KundStatus="3" KundAufDat="2006-06-30"/>
  <Kunden KundenNr="24082" KundEigtNr="25646" KundArt="1" KundStatus="3" KundAufDat="2006-07-03"/>
  <Kunden KundenNr="24083" KundEigtNr="25647" KundArt="1" KundStatus="1" KundAufDat="2006-07-03"/>
  <Kunden KundenNr="24084" KundEigtNr="25648" KundArt="1" KundStatus="1" KundAufDat="2006-07-03"/>
  <Kunden KundenNr="24085" KundEigtNr="25649" KundArt="1" KundStatus="1" KundAufDat="2006-07-03"/>
  <Kunden KundenNr="24086" KundEigtNr="25650" KundArt="1" KundStatus="3" KundAufDat="2006-07-03"/>
  <Kunden KundenNr="24087" KundEigtNr="25651" KundArt="1" KundStatus="1" KundAufDat="2006-07-03"/>
  <Kunden KundenNr="24073" KundEigtNr="25652" KundArt="1" KundStatus="3" KundAufDat="2006-06-29"/>
  <Kunden KundenNr="24072" KundEigtNr="24935" KundArt="1" KundStatus="3" KundAufDat="2006-06-29"/>
  <Kunden KundenNr="24075" KundEigtNr="25653" KundArt="1" KundStatus="1" KundAufDat="2006-06-30"/>
  <Kunden KundenNr="24074" KundEigtNr="25654" KundArt="1" KundStatus="1" KundAufDat="2006-06-29"/>
  <Kunden KundenNr="24077" KundEigtNr="25655" KundArt="1" KundStatus="1" KundAufDat="2006-06-30"/>
  <Kunden KundenNr="24076" KundEigtNr="25656" KundArt="1" KundStatus="3" KundAufDat="2006-06-30"/>
  <Kunden KundenNr="24079" KundEigtNr="25657" KundArt="1" KundStatus="3" KundAufDat="2006-06-30"/>
  <Kunden KundenNr="24078" KundEigtNr="25658" KundArt="1" KundStatus="1" KundAufDat="2006-06-30"/>
  <Kunden KundenNr="24065" KundEigtNr="25659" KundArt="1" KundStatus="1" KundAufDat="2006-06-28"/>
  <Kunden KundenNr="24064" KundEigtNr="25660" KundArt="1" KundStatus="3" KundAufDat="2006-06-28"/>
  <Kunden KundenNr="24066" KundEigtNr="25661" KundArt="1" KundStatus="1" KundAufDat="2006-06-28"/>
  <Kunden KundenNr="24069" KundEigtNr="25662" KundArt="1" KundStatus="1" KundAufDat="2006-06-29"/>
  <Kunden KundenNr="24068" KundEigtNr="25663" KundArt="1" KundStatus="1" KundAufDat="2006-06-28"/>
  <Kunden KundenNr="24071" KundEigtNr="25664" KundArt="1" KundStatus="3" KundAufDat="2006-06-29"/>
  <Kunden KundenNr="24070" KundEigtNr="25665" KundArt="1" KundStatus="3" KundAufDat="2006-06-29"/>
  <Kunden KundenNr="24122" KundEigtNr="25666" KundArt="1" KundStatus="3" KundAufDat="2006-07-10"/>
  <Kunden KundenNr="24123" KundEigtNr="25667" KundArt="1" KundStatus="3" KundAufDat="2006-07-10"/>
  <Kunden KundenNr="24120" KundEigtNr="25668" KundArt="1" KundStatus="3" KundAufDat="2006-07-10"/>
  <Kunden KundenNr="24121" KundEigtNr="25669" KundArt="1" KundStatus="3" KundAufDat="2006-07-10"/>
  <Kunden KundenNr="24126" KundEigtNr="25670" KundArt="1" KundStatus="1" KundAufDat="2006-07-10"/>
  <Kunden KundenNr="24127" KundEigtNr="25671" KundArt="1" KundStatus="3" KundAufDat="2006-07-10"/>
  <Kunden KundenNr="24124" KundEigtNr="25672" KundArt="1" KundStatus="1" KundAufDat="2006-07-10"/>
  <Kunden KundenNr="24125" KundEigtNr="25673" KundArt="1" KundStatus="1" KundAufDat="2006-07-10"/>
  <Kunden KundenNr="24114" KundEigtNr="25674" KundArt="1" KundStatus="1" KundAufDat="2006-07-07"/>
  <Kunden KundenNr="24115" KundEigtNr="25675" KundArt="1" KundStatus="3" KundAufDat="2006-07-07"/>
  <Kunden KundenNr="24112" KundEigtNr="25031" KundArt="1" KundStatus="3" KundAufDat="2006-07-06"/>
  <Kunden KundenNr="24113" KundEigtNr="25676" KundArt="1" KundStatus="3" KundAufDat="2006-07-06"/>
  <Kunden KundenNr="24119" KundEigtNr="25677" KundArt="1" KundStatus="3" KundAufDat="2006-07-10"/>
  <Kunden KundenNr="24116" KundEigtNr="25678" KundArt="1" KundStatus="3" KundAufDat="2006-07-07"/>
  <Kunden KundenNr="24117" KundEigtNr="25679" KundArt="1" KundStatus="1" KundAufDat="2006-07-07"/>
  <Kunden KundenNr="24107" KundEigtNr="25680" KundArt="1" KundStatus="3" KundAufDat="2006-07-06"/>
  <Kunden KundenNr="24106" KundEigtNr="25681" KundArt="1" KundStatus="1" KundAufDat="2006-07-05"/>
  <Kunden KundenNr="24105" KundEigtNr="25682" KundArt="1" KundStatus="1" KundAufDat="2006-07-05"/>
  <Kunden KundenNr="24104" KundEigtNr="25683" KundArt="1" KundStatus="3" KundAufDat="2006-07-05"/>
  <Kunden KundenNr="24111" KundEigtNr="25684" KundArt="1" KundStatus="3" KundAufDat="2006-07-06"/>
  <Kunden KundenNr="24110" KundEigtNr="25685" KundArt="1" KundStatus="3" KundAufDat="2006-07-06"/>
  <Kunden KundenNr="24109" KundEigtNr="25686" KundArt="1" KundStatus="3" KundAufDat="2006-07-06"/>
  <Kunden KundenNr="24108" KundEigtNr="25687" KundArt="1" KundStatus="1" KundAufDat="2006-07-06"/>
  <Kunden KundenNr="24099" KundEigtNr="20544" KundArt="1" KundStatus="1" KundAufDat="2006-07-04"/>
  <Kunden KundenNr="24098" KundEigtNr="25688" KundArt="1" KundStatus="3" KundAufDat="2006-07-04"/>
  <Kunden KundenNr="24097" KundEigtNr="25689" KundArt="1" KundStatus="1" KundAufDat="2006-07-04"/>
  <Kunden KundenNr="24096" KundEigtNr="25690" KundArt="1" KundStatus="3" KundAufDat="2006-07-04"/>
  <Kunden KundenNr="24103" KundEigtNr="25691" KundArt="1" KundStatus="3" KundAufDat="2006-07-05"/>
  <Kunden KundenNr="24102" KundEigtNr="25692" KundArt="1" KundStatus="1" KundAufDat="2006-07-05"/>
  <Kunden KundenNr="24101" KundEigtNr="25693" KundArt="1" KundStatus="1" KundAufDat="2006-07-05"/>
  <Kunden KundenNr="24100" KundEigtNr="25694" KundArt="1" KundStatus="3" KundAufDat="2006-07-05"/>
  <Kunden KundenNr="24277" KundEigtNr="25695" KundArt="1" KundStatus="1" KundAufDat="2006-07-25"/>
  <Kunden KundenNr="24276" KundEigtNr="25696" KundArt="1" KundStatus="1" KundAufDat="2006-07-25"/>
  <Kunden KundenNr="24279" KundEigtNr="25697" KundArt="1" KundStatus="1" KundAufDat="2006-07-25"/>
  <Kunden KundenNr="24278" KundEigtNr="25698" KundArt="1" KundStatus="1" KundAufDat="2006-07-25"/>
  <Kunden KundenNr="24273" KundEigtNr="25699" KundArt="1" KundStatus="1" KundAufDat="2006-07-25"/>
  <Kunden KundenNr="24272" KundEigtNr="25700" KundArt="1" KundStatus="3" KundAufDat="2006-07-25"/>
  <Kunden KundenNr="24275" KundEigtNr="25608" KundArt="1" KundStatus="1" KundAufDat="2006-07-25"/>
  <Kunden KundenNr="24274" KundEigtNr="25701" KundArt="1" KundStatus="3" KundAufDat="2006-07-25"/>
  <Kunden KundenNr="24284" KundEigtNr="25702" KundArt="1" KundStatus="3" KundAufDat="2006-07-26"/>
  <Kunden KundenNr="24287" KundEigtNr="25703" KundArt="1" KundStatus="1" KundAufDat="2006-07-26"/>
  <Kunden KundenNr="24286" KundEigtNr="25704" KundArt="1" KundStatus="1" KundAufDat="2006-07-26"/>
  <Kunden KundenNr="24281" KundEigtNr="25705" KundArt="1" KundStatus="1" KundAufDat="2006-07-25"/>
  <Kunden KundenNr="24280" KundEigtNr="25706" KundArt="1" KundStatus="1" KundAufDat="2006-07-25"/>
  <Kunden KundenNr="24283" KundEigtNr="25707" KundArt="1" KundStatus="1" KundAufDat="2006-07-25"/>
  <Kunden KundenNr="24282" KundEigtNr="25708" KundArt="1" KundStatus="1" KundAufDat="2006-07-25"/>
  <Kunden KundenNr="24260" KundEigtNr="25709" KundArt="1" KundStatus="1" KundAufDat="2006-07-24"/>
  <Kunden KundenNr="24261" KundEigtNr="25710" KundArt="1" KundStatus="1" KundAufDat="2006-07-24"/>
  <Kunden KundenNr="24262" KundEigtNr="25711" KundArt="1" KundStatus="1" KundAufDat="2006-07-24"/>
  <Kunden KundenNr="24263" KundEigtNr="25712" KundArt="1" KundStatus="3" KundAufDat="2006-07-24"/>
  <Kunden KundenNr="24256" KundEigtNr="25713" KundArt="1" KundStatus="1" KundAufDat="2006-07-21"/>
  <Kunden KundenNr="24257" KundEigtNr="25714" KundArt="1" KundStatus="3" KundAufDat="2006-07-21"/>
  <Kunden KundenNr="24258" KundEigtNr="25715" KundArt="1" KundStatus="1" KundAufDat="2006-07-21"/>
  <Kunden KundenNr="24259" KundEigtNr="25716" KundArt="1" KundStatus="1" KundAufDat="2006-07-21"/>
  <Kunden KundenNr="24268" KundEigtNr="25717" KundArt="1" KundStatus="1" KundAufDat="2006-07-25"/>
  <Kunden KundenNr="24269" KundEigtNr="25718" KundArt="1" KundStatus="1" KundAufDat="2006-07-25"/>
  <Kunden KundenNr="24270" KundEigtNr="25719" KundArt="1" KundStatus="1" KundAufDat="2006-07-25"/>
  <Kunden KundenNr="24271" KundEigtNr="25720" KundArt="1" KundStatus="1" KundAufDat="2006-07-25"/>
  <Kunden KundenNr="24264" KundEigtNr="25721" KundArt="1" KundStatus="3" KundAufDat="2006-07-24"/>
  <Kunden KundenNr="24265" KundEigtNr="23341" KundArt="1" KundStatus="1" KundAufDat="2006-07-24"/>
  <Kunden KundenNr="24266" KundEigtNr="25722" KundArt="1" KundStatus="1" KundAufDat="2006-07-24"/>
  <Kunden KundenNr="24267" KundEigtNr="25723" KundArt="1" KundStatus="1" KundAufDat="2006-07-24"/>
  <Kunden KundenNr="24311" KundEigtNr="25724" KundArt="1" KundStatus="3" KundAufDat="2006-07-28"/>
  <Kunden KundenNr="24309" KundEigtNr="25725" KundArt="1" KundStatus="1" KundAufDat="2006-07-28"/>
  <Kunden KundenNr="24308" KundEigtNr="25726" KundArt="1" KundStatus="3" KundAufDat="2006-07-28"/>
  <Kunden KundenNr="24307" KundEigtNr="25727" KundArt="1" KundStatus="1" KundAufDat="2006-07-28"/>
  <Kunden KundenNr="24306" KundEigtNr="25728" KundArt="1" KundStatus="3" KundAufDat="2006-07-28"/>
  <Kunden KundenNr="24305" KundEigtNr="25729" KundArt="1" KundStatus="1" KundAufDat="2006-07-28"/>
  <Kunden KundenNr="24319" KundEigtNr="25730" KundArt="1" KundStatus="1" KundAufDat="2006-07-31"/>
  <Kunden KundenNr="24318" KundEigtNr="25731" KundArt="1" KundStatus="3" KundAufDat="2006-07-31"/>
  <Kunden KundenNr="24317" KundEigtNr="25732" KundArt="1" KundStatus="1" KundAufDat="2006-07-31"/>
  <Kunden KundenNr="24316" KundEigtNr="25733" KundArt="1" KundStatus="1" KundAufDat="2006-07-31"/>
  <Kunden KundenNr="24315" KundEigtNr="25729" KundArt="1" KundStatus="1" KundAufDat="2006-07-31"/>
  <Kunden KundenNr="24314" KundEigtNr="25734" KundArt="1" KundStatus="1" KundAufDat="2006-07-28"/>
  <Kunden KundenNr="24313" KundEigtNr="25735" KundArt="1" KundStatus="1" KundAufDat="2006-07-28"/>
  <Kunden KundenNr="24312" KundEigtNr="25736" KundArt="1" KundStatus="1" KundAufDat="2006-07-28"/>
  <Kunden KundenNr="24294" KundEigtNr="25737" KundArt="1" KundStatus="1" KundAufDat="2006-07-26"/>
  <Kunden KundenNr="24295" KundEigtNr="6579" KundArt="1" KundStatus="3" KundAufDat="2006-07-27"/>
  <Kunden KundenNr="24292" KundEigtNr="25738" KundArt="1" KundStatus="1" KundAufDat="2006-07-26"/>
  <Kunden KundenNr="24293" KundEigtNr="25739" KundArt="1" KundStatus="1" KundAufDat="2006-07-26"/>
  <Kunden KundenNr="24290" KundEigtNr="25740" KundArt="1" KundStatus="1" KundAufDat="2006-07-26"/>
  <Kunden KundenNr="24291" KundEigtNr="25741" KundArt="1" KundStatus="1" KundAufDat="2006-07-26"/>
  <Kunden KundenNr="24288" KundEigtNr="25742" KundArt="1" KundStatus="1" KundAufDat="2006-07-26"/>
  <Kunden KundenNr="24289" KundEigtNr="25743" KundArt="1" KundStatus="1" KundAufDat="2006-07-26"/>
  <Kunden KundenNr="24302" KundEigtNr="25744" KundArt="1" KundStatus="1" KundAufDat="2006-07-27"/>
  <Kunden KundenNr="24303" KundEigtNr="25745" KundArt="1" KundStatus="3" KundAufDat="2006-07-27"/>
  <Kunden KundenNr="24300" KundEigtNr="25746" KundArt="1" KundStatus="3" KundAufDat="2006-07-27"/>
  <Kunden KundenNr="24301" KundEigtNr="25701" KundArt="1" KundStatus="1" KundAufDat="2006-07-27"/>
  <Kunden KundenNr="24298" KundEigtNr="25747" KundArt="1" KundStatus="1" KundAufDat="2006-07-27"/>
  <Kunden KundenNr="24299" KundEigtNr="25748" KundArt="1" KundStatus="1" KundAufDat="2006-07-27"/>
  <Kunden KundenNr="24296" KundEigtNr="25749" KundArt="1" KundStatus="1" KundAufDat="2006-07-27"/>
  <Kunden KundenNr="24297" KundEigtNr="25750" KundArt="1" KundStatus="1" KundAufDat="2006-07-27"/>
  <Kunden KundenNr="24209" KundEigtNr="138" KundArt="1" KundStatus="1" KundAufDat="2006-07-18"/>
  <Kunden KundenNr="24208" KundEigtNr="25751" KundArt="1" KundStatus="1" KundAufDat="2006-07-18"/>
  <Kunden KundenNr="24211" KundEigtNr="25752" KundArt="1" KundStatus="1" KundAufDat="2006-07-18"/>
  <Kunden KundenNr="24210" KundEigtNr="25753" KundArt="1" KundStatus="1" KundAufDat="2006-07-18"/>
  <Kunden KundenNr="24213" KundEigtNr="25754" KundArt="1" KundStatus="1" KundAufDat="2006-07-18"/>
  <Kunden KundenNr="24212" KundEigtNr="25755" KundArt="1" KundStatus="1" KundAufDat="2006-07-18"/>
  <Kunden KundenNr="24215" KundEigtNr="25756" KundArt="1" KundStatus="1" KundAufDat="2006-07-18"/>
  <Kunden KundenNr="24214" KundEigtNr="25757" KundArt="1" KundStatus="1" KundAufDat="2006-07-18"/>
  <Kunden KundenNr="24217" KundEigtNr="25758" KundArt="1" KundStatus="1" KundAufDat="2006-07-18"/>
  <Kunden KundenNr="24216" KundEigtNr="25759" KundArt="1" KundStatus="1" KundAufDat="2006-07-18"/>
  <Kunden KundenNr="24219" KundEigtNr="25760" KundArt="1" KundStatus="1" KundAufDat="2006-07-18"/>
  <Kunden KundenNr="24218" KundEigtNr="25761" KundArt="1" KundStatus="1" KundAufDat="2006-07-18"/>
  <Kunden KundenNr="24221" KundEigtNr="25762" KundArt="1" KundStatus="1" KundAufDat="2006-07-18"/>
  <Kunden KundenNr="24220" KundEigtNr="25763" KundArt="1" KundStatus="1" KundAufDat="2006-07-18"/>
  <Kunden KundenNr="24223" KundEigtNr="25764" KundArt="1" KundStatus="1" KundAufDat="2006-07-18"/>
  <Kunden KundenNr="24222" KundEigtNr="25765" KundArt="1" KundStatus="1" KundAufDat="2006-07-18"/>
  <Kunden KundenNr="24192" KundEigtNr="25766" KundArt="1" KundStatus="1" KundAufDat="2006-07-17"/>
  <Kunden KundenNr="24193" KundEigtNr="25767" KundArt="1" KundStatus="1" KundAufDat="2006-07-17"/>
  <Kunden KundenNr="24194" KundEigtNr="25768" KundArt="1" KundStatus="1" KundAufDat="2006-07-18"/>
  <Kunden KundenNr="24195" KundEigtNr="25769" KundArt="1" KundStatus="1" KundAufDat="2006-07-18"/>
  <Kunden KundenNr="24196" KundEigtNr="25770" KundArt="1" KundStatus="1" KundAufDat="2006-07-18"/>
  <Kunden KundenNr="24197" KundEigtNr="25771" KundArt="1" KundStatus="1" KundAufDat="2006-07-18"/>
  <Kunden KundenNr="24198" KundEigtNr="25772" KundArt="1" KundStatus="1" KundAufDat="2006-07-18"/>
  <Kunden KundenNr="24199" KundEigtNr="25773" KundArt="1" KundStatus="1" KundAufDat="2006-07-18"/>
  <Kunden KundenNr="24200" KundEigtNr="25774" KundArt="1" KundStatus="3" KundAufDat="2006-07-18"/>
  <Kunden KundenNr="24201" KundEigtNr="25775" KundArt="1" KundStatus="1" KundAufDat="2006-07-18"/>
  <Kunden KundenNr="24202" KundEigtNr="24236" KundArt="1" KundStatus="3" KundAufDat="2006-07-18"/>
  <Kunden KundenNr="24203" KundEigtNr="25776" KundArt="1" KundStatus="3" KundAufDat="2006-07-18"/>
  <Kunden KundenNr="24204" KundEigtNr="24720" KundArt="1" KundStatus="1" KundAufDat="2006-07-18"/>
  <Kunden KundenNr="24205" KundEigtNr="25777" KundArt="1" KundStatus="1" KundAufDat="2006-07-18"/>
  <Kunden KundenNr="24206" KundEigtNr="25778" KundArt="1" KundStatus="1" KundAufDat="2006-07-18"/>
  <Kunden KundenNr="24207" KundEigtNr="25779" KundArt="1" KundStatus="1" KundAufDat="2006-07-18"/>
  <Kunden KundenNr="24243" KundEigtNr="25780" KundArt="1" KundStatus="1" KundAufDat="2006-07-20"/>
  <Kunden KundenNr="24242" KundEigtNr="25350" KundArt="1" KundStatus="3" KundAufDat="2006-07-19"/>
  <Kunden KundenNr="24241" KundEigtNr="25781" KundArt="1" KundStatus="1" KundAufDat="2006-07-19"/>
  <Kunden KundenNr="24240" KundEigtNr="25782" KundArt="1" KundStatus="1" KundAufDat="2006-07-19"/>
  <Kunden KundenNr="24247" KundEigtNr="25783" KundArt="1" KundStatus="1" KundAufDat="2006-07-20"/>
  <Kunden KundenNr="24246" KundEigtNr="25784" KundArt="1" KundStatus="3" KundAufDat="2006-07-20"/>
  <Kunden KundenNr="24245" KundEigtNr="25785" KundArt="1" KundStatus="1" KundAufDat="2006-07-20"/>
  <Kunden KundenNr="24244" KundEigtNr="25786" KundArt="1" KundStatus="1" KundAufDat="2006-07-20"/>
  <Kunden KundenNr="24251" KundEigtNr="25787" KundArt="1" KundStatus="3" KundAufDat="2006-07-21"/>
  <Kunden KundenNr="24250" KundEigtNr="25788" KundArt="1" KundStatus="1" KundAufDat="2006-07-21"/>
  <Kunden KundenNr="24249" KundEigtNr="25789" KundArt="1" KundStatus="1" KundAufDat="2006-07-21"/>
  <Kunden KundenNr="24248" KundEigtNr="25790" KundArt="1" KundStatus="1" KundAufDat="2006-07-21"/>
  <Kunden KundenNr="24255" KundEigtNr="25791" KundArt="1" KundStatus="3" KundAufDat="2006-07-21"/>
  <Kunden KundenNr="24254" KundEigtNr="25792" KundArt="1" KundStatus="3" KundAufDat="2006-07-21"/>
  <Kunden KundenNr="24253" KundEigtNr="25793" KundArt="1" KundStatus="1" KundAufDat="2006-07-21"/>
  <Kunden KundenNr="24252" KundEigtNr="25794" KundArt="1" KundStatus="1" KundAufDat="2006-07-21"/>
  <Kunden KundenNr="24226" KundEigtNr="25795" KundArt="1" KundStatus="1" KundAufDat="2006-07-19"/>
  <Kunden KundenNr="24227" KundEigtNr="25796" KundArt="1" KundStatus="1" KundAufDat="2006-07-19"/>
  <Kunden KundenNr="24224" KundEigtNr="25797" KundArt="1" KundStatus="1" KundAufDat="2006-07-18"/>
  <Kunden KundenNr="24225" KundEigtNr="25798" KundArt="1" KundStatus="1" KundAufDat="2006-07-18"/>
  <Kunden KundenNr="24230" KundEigtNr="25799" KundArt="1" KundStatus="1" KundAufDat="2006-07-19"/>
  <Kunden KundenNr="24231" KundEigtNr="25800" KundArt="1" KundStatus="1" KundAufDat="2006-07-19"/>
  <Kunden KundenNr="24228" KundEigtNr="25801" KundArt="1" KundStatus="1" KundAufDat="2006-07-19"/>
  <Kunden KundenNr="24229" KundEigtNr="25802" KundArt="1" KundStatus="1" KundAufDat="2006-07-19"/>
  <Kunden KundenNr="24234" KundEigtNr="25803" KundArt="1" KundStatus="1" KundAufDat="2006-07-19"/>
  <Kunden KundenNr="24235" KundEigtNr="25804" KundArt="1" KundStatus="1" KundAufDat="2006-07-19"/>
  <Kunden KundenNr="24232" KundEigtNr="25805" KundArt="1" KundStatus="1" KundAufDat="2006-07-19"/>
  <Kunden KundenNr="24233" KundEigtNr="24674" KundArt="1" KundStatus="1" KundAufDat="2006-07-19"/>
  <Kunden KundenNr="24238" KundEigtNr="25806" KundArt="1" KundStatus="1" KundAufDat="2006-07-19"/>
  <Kunden KundenNr="24239" KundEigtNr="25807" KundArt="1" KundStatus="3" KundAufDat="2006-07-19"/>
  <Kunden KundenNr="24236" KundEigtNr="25808" KundArt="1" KundStatus="3" KundAufDat="2006-07-19"/>
  <Kunden KundenNr="24237" KundEigtNr="25809" KundArt="1" KundStatus="3" KundAufDat="2006-07-19"/>
  <Kunden KundenNr="22957" KundEigtNr="25810" KundArt="1" KundStatus="3" KundAufDat="2006-03-09"/>
  <Kunden KundenNr="22955" KundEigtNr="25811" KundArt="1" KundStatus="1" KundAufDat="2006-03-09"/>
  <Kunden KundenNr="22973" KundEigtNr="25812" KundArt="1" KundStatus="1" KundAufDat="2006-03-13"/>
  <Kunden KundenNr="22972" KundEigtNr="25813" KundArt="1" KundStatus="3" KundAufDat="2006-03-13"/>
  <Kunden KundenNr="22975" KundEigtNr="25814" KundArt="1" KundStatus="3" KundAufDat="2006-03-13"/>
  <Kunden KundenNr="22969" KundEigtNr="25815" KundArt="1" KundStatus="3" KundAufDat="2006-03-10"/>
  <Kunden KundenNr="22970" KundEigtNr="25816" KundArt="1" KundStatus="3" KundAufDat="2006-03-10"/>
  <Kunden KundenNr="22965" KundEigtNr="25817" KundArt="1" KundStatus="1" KundAufDat="2006-03-10"/>
  <Kunden KundenNr="22964" KundEigtNr="25818" KundArt="1" KundStatus="1" KundAufDat="2006-03-10"/>
  <Kunden KundenNr="22967" KundEigtNr="25819" KundArt="1" KundStatus="3" KundAufDat="2006-03-10"/>
  <Kunden KundenNr="22966" KundEigtNr="25820" KundArt="1" KundStatus="1" KundAufDat="2006-03-10"/>
  <Kunden KundenNr="22961" KundEigtNr="25821" KundArt="1" KundStatus="1" KundAufDat="2006-03-10"/>
  <Kunden KundenNr="22960" KundEigtNr="25822" KundArt="1" KundStatus="1" KundAufDat="2006-03-10"/>
  <Kunden KundenNr="22962" KundEigtNr="25823" KundArt="1" KundStatus="3" KundAufDat="2006-03-10"/>
  <Kunden KundenNr="23016" KundEigtNr="24811" KundArt="1" KundStatus="1" KundAufDat="2006-03-16"/>
  <Kunden KundenNr="23017" KundEigtNr="25824" KundArt="1" KundStatus="3" KundAufDat="2006-03-16"/>
  <Kunden KundenNr="23018" KundEigtNr="25825" KundArt="1" KundStatus="1" KundAufDat="2006-03-16"/>
  <Kunden KundenNr="23019" KundEigtNr="25826" KundArt="1" KundStatus="1" KundAufDat="2006-03-16"/>
  <Kunden KundenNr="23020" KundEigtNr="21858" KundArt="1" KundStatus="1" KundAufDat="2006-03-16"/>
  <Kunden KundenNr="23021" KundEigtNr="25827" KundArt="1" KundStatus="3" KundAufDat="2006-03-16"/>
  <Kunden KundenNr="23022" KundEigtNr="25828" KundArt="1" KundStatus="3" KundAufDat="2006-03-16"/>
  <Kunden KundenNr="23023" KundEigtNr="25829" KundArt="1" KundStatus="1" KundAufDat="2006-03-16"/>
  <Kunden KundenNr="23008" KundEigtNr="25830" KundArt="1" KundStatus="1" KundAufDat="2006-03-16"/>
  <Kunden KundenNr="23009" KundEigtNr="25831" KundArt="1" KundStatus="1" KundAufDat="2006-03-16"/>
  <Kunden KundenNr="23010" KundEigtNr="25832" KundArt="1" KundStatus="3" KundAufDat="2006-03-16"/>
  <Kunden KundenNr="23011" KundEigtNr="25833" KundArt="1" KundStatus="1" KundAufDat="2006-03-16"/>
  <Kunden KundenNr="23012" KundEigtNr="25834" KundArt="1" KundStatus="3" KundAufDat="2006-03-16"/>
  <Kunden KundenNr="23013" KundEigtNr="25835" KundArt="1" KundStatus="1" KundAufDat="2006-03-16"/>
  <Kunden KundenNr="23014" KundEigtNr="24719" KundArt="1" KundStatus="1" KundAufDat="2006-03-16"/>
  <Kunden KundenNr="23015" KundEigtNr="25836" KundArt="1" KundStatus="1" KundAufDat="2006-03-16"/>
  <Kunden KundenNr="23032" KundEigtNr="25837" KundArt="1" KundStatus="3" KundAufDat="2006-03-20"/>
  <Kunden KundenNr="23035" KundEigtNr="25838" KundArt="1" KundStatus="3" KundAufDat="2006-03-20"/>
  <Kunden KundenNr="23034" KundEigtNr="25839" KundArt="1" KundStatus="1" KundAufDat="2006-03-20"/>
  <Kunden KundenNr="23037" KundEigtNr="25840" KundArt="1" KundStatus="3" KundAufDat="2006-03-20"/>
  <Kunden KundenNr="23036" KundEigtNr="25841" KundArt="1" KundStatus="1" KundAufDat="2006-03-20"/>
  <Kunden KundenNr="23039" KundEigtNr="25842" KundArt="1" KundStatus="3" KundAufDat="2006-03-20"/>
  <Kunden KundenNr="23038" KundEigtNr="25843" KundArt="1" KundStatus="3" KundAufDat="2006-03-20"/>
  <Kunden KundenNr="23025" KundEigtNr="25844" KundArt="1" KundStatus="1" KundAufDat="2006-03-17"/>
  <Kunden KundenNr="23024" KundEigtNr="25845" KundArt="1" KundStatus="3" KundAufDat="2006-03-17"/>
  <Kunden KundenNr="23027" KundEigtNr="13565" KundArt="29" KundStatus="3" KundAufDat="2011-08-10"/>
  <Kunden KundenNr="23026" KundEigtNr="25847" KundArt="1" KundStatus="1" KundAufDat="2006-03-17"/>
  <Kunden KundenNr="23029" KundEigtNr="25848" KundArt="1" KundStatus="1" KundAufDat="2006-03-17"/>
  <Kunden KundenNr="23031" KundEigtNr="25849" KundArt="1" KundStatus="3" KundAufDat="2006-03-17"/>
  <Kunden KundenNr="23030" KundEigtNr="25850" KundArt="1" KundStatus="3" KundAufDat="2006-03-17"/>
  <Kunden KundenNr="22986" KundEigtNr="24743" KundArt="1" KundStatus="1" KundAufDat="2006-03-14"/>
  <Kunden KundenNr="22987" KundEigtNr="25851" KundArt="1" KundStatus="3" KundAufDat="2006-03-14"/>
  <Kunden KundenNr="22984" KundEigtNr="25852" KundArt="1" KundStatus="3" KundAufDat="2006-03-13"/>
  <Kunden KundenNr="22985" KundEigtNr="25853" KundArt="1" KundStatus="1" KundAufDat="2006-03-13"/>
  <Kunden KundenNr="22990" KundEigtNr="25854" KundArt="1" KundStatus="3" KundAufDat="2006-03-14"/>
  <Kunden KundenNr="22991" KundEigtNr="25855" KundArt="1" KundStatus="1" KundAufDat="2006-03-14"/>
  <Kunden KundenNr="22988" KundEigtNr="25856" KundArt="1" KundStatus="1" KundAufDat="2006-03-14"/>
  <Kunden KundenNr="22989" KundEigtNr="25857" KundArt="1" KundStatus="3" KundAufDat="2006-03-14"/>
  <Kunden KundenNr="22978" KundEigtNr="25858" KundArt="1" KundStatus="3" KundAufDat="2006-03-13"/>
  <Kunden KundenNr="22979" KundEigtNr="24773" KundArt="1" KundStatus="1" KundAufDat="2006-03-13"/>
  <Kunden KundenNr="22976" KundEigtNr="25859" KundArt="1" KundStatus="1" KundAufDat="2006-03-13"/>
  <Kunden KundenNr="22982" KundEigtNr="25860" KundArt="1" KundStatus="3" KundAufDat="2006-03-13"/>
  <Kunden KundenNr="22983" KundEigtNr="24803" KundArt="1" KundStatus="3" KundAufDat="2006-03-13"/>
  <Kunden KundenNr="22981" KundEigtNr="25861" KundArt="1" KundStatus="1" KundAufDat="2006-03-13"/>
  <Kunden KundenNr="23003" KundEigtNr="25862" KundArt="1" KundStatus="3" KundAufDat="2006-03-15"/>
  <Kunden KundenNr="23002" KundEigtNr="25863" KundArt="1" KundStatus="1" KundAufDat="2006-03-15"/>
  <Kunden KundenNr="23001" KundEigtNr="25864" KundArt="1" KundStatus="3" KundAufDat="2006-03-15"/>
  <Kunden KundenNr="23000" KundEigtNr="24785" KundArt="1" KundStatus="1" KundAufDat="2006-03-15"/>
  <Kunden KundenNr="23007" KundEigtNr="25865" KundArt="1" KundStatus="1" KundAufDat="2006-03-16"/>
  <Kunden KundenNr="23006" KundEigtNr="25866" KundArt="1" KundStatus="3" KundAufDat="2006-03-16"/>
  <Kunden KundenNr="23005" KundEigtNr="25867" KundArt="1" KundStatus="1" KundAufDat="2006-03-15"/>
  <Kunden KundenNr="23004" KundEigtNr="25868" KundArt="1" KundStatus="1" KundAufDat="2006-03-15"/>
  <Kunden KundenNr="22995" KundEigtNr="25869" KundArt="1" KundStatus="1" KundAufDat="2006-03-15"/>
  <Kunden KundenNr="22994" KundEigtNr="25870" KundArt="1" KundStatus="3" KundAufDat="2006-03-15"/>
  <Kunden KundenNr="22993" KundEigtNr="25871" KundArt="1" KundStatus="3" KundAufDat="2006-03-14"/>
  <Kunden KundenNr="22992" KundEigtNr="25872" KundArt="1" KundStatus="1" KundAufDat="2006-03-14"/>
  <Kunden KundenNr="22999" KundEigtNr="25873" KundArt="1" KundStatus="1" KundAufDat="2006-03-15"/>
  <Kunden KundenNr="22998" KundEigtNr="14453" KundArt="1" KundStatus="1" KundAufDat="2006-03-15"/>
  <Kunden KundenNr="22996" KundEigtNr="25874" KundArt="1" KundStatus="1" KundAufDat="2006-03-15"/>
  <Kunden KundenNr="23299" KundEigtNr="25875" KundArt="1" KundStatus="3" KundAufDat="2006-04-11"/>
  <Kunden KundenNr="23298" KundEigtNr="25876" KundArt="1" KundStatus="3" KundAufDat="2006-04-11"/>
  <Kunden KundenNr="23297" KundEigtNr="25877" KundArt="1" KundStatus="3" KundAufDat="2006-04-10"/>
  <Kunden KundenNr="23296" KundEigtNr="25878" KundArt="1" KundStatus="3" KundAufDat="2006-04-10"/>
  <Kunden KundenNr="23303" KundEigtNr="25879" KundArt="1" KundStatus="3" KundAufDat="2006-04-11"/>
  <Kunden KundenNr="23302" KundEigtNr="25880" KundArt="1" KundStatus="1" KundAufDat="2006-04-11"/>
  <Kunden KundenNr="23301" KundEigtNr="25881" KundArt="1" KundStatus="1" KundAufDat="2006-04-11"/>
  <Kunden KundenNr="23300" KundEigtNr="25882" KundArt="1" KundStatus="3" KundAufDat="2006-04-11"/>
  <Kunden KundenNr="23307" KundEigtNr="25883" KundArt="1" KundStatus="1" KundAufDat="2006-04-11"/>
  <Kunden KundenNr="23306" KundEigtNr="25884" KundArt="1" KundStatus="3" KundAufDat="2006-04-11"/>
  <Kunden KundenNr="23305" KundEigtNr="25885" KundArt="1" KundStatus="1" KundAufDat="2006-04-11"/>
  <Kunden KundenNr="23304" KundEigtNr="25886" KundArt="1" KundStatus="3" KundAufDat="2006-04-11"/>
  <Kunden KundenNr="23311" KundEigtNr="25887" KundArt="1" KundStatus="1" KundAufDat="2006-04-11"/>
  <Kunden KundenNr="23310" KundEigtNr="25888" KundArt="1" KundStatus="3" KundAufDat="2006-04-11"/>
  <Kunden KundenNr="23309" KundEigtNr="18511" KundArt="1" KundStatus="3" KundAufDat="2006-04-11"/>
  <Kunden KundenNr="23308" KundEigtNr="25889" KundArt="1" KundStatus="1" KundAufDat="2006-04-11"/>
  <Kunden KundenNr="23314" KundEigtNr="25890" KundArt="1" KundStatus="1" KundAufDat="2006-04-11"/>
  <Kunden KundenNr="23315" KundEigtNr="25891" KundArt="1" KundStatus="1" KundAufDat="2006-04-11"/>
  <Kunden KundenNr="23312" KundEigtNr="25892" KundArt="1" KundStatus="1" KundAufDat="2006-04-11"/>
  <Kunden KundenNr="23313" KundEigtNr="25893" KundArt="1" KundStatus="1" KundAufDat="2006-04-11"/>
  <Kunden KundenNr="23318" KundEigtNr="25894" KundArt="1" KundStatus="1" KundAufDat="2006-04-11"/>
  <Kunden KundenNr="23319" KundEigtNr="25895" KundArt="1" KundStatus="1" KundAufDat="2006-04-11"/>
  <Kunden KundenNr="23316" KundEigtNr="25896" KundArt="1" KundStatus="1" KundAufDat="2006-04-11"/>
  <Kunden KundenNr="23317" KundEigtNr="25897" KundArt="1" KundStatus="1" KundAufDat="2006-04-11"/>
  <Kunden KundenNr="23322" KundEigtNr="25898" KundArt="1" KundStatus="1" KundAufDat="2006-04-11"/>
  <Kunden KundenNr="23323" KundEigtNr="25899" KundArt="1" KundStatus="1" KundAufDat="2006-04-11"/>
  <Kunden KundenNr="23320" KundEigtNr="25900" KundArt="1" KundStatus="1" KundAufDat="2006-04-11"/>
  <Kunden KundenNr="23321" KundEigtNr="24159" KundArt="1" KundStatus="1" KundAufDat="2006-04-11"/>
  <Kunden KundenNr="23326" KundEigtNr="25901" KundArt="1" KundStatus="1" KundAufDat="2006-04-11"/>
  <Kunden KundenNr="23327" KundEigtNr="25902" KundArt="1" KundStatus="3" KundAufDat="2006-04-12"/>
  <Kunden KundenNr="23324" KundEigtNr="25903" KundArt="1" KundStatus="1" KundAufDat="2006-04-11"/>
  <Kunden KundenNr="23325" KundEigtNr="25904" KundArt="1" KundStatus="1" KundAufDat="2006-04-11"/>
  <Kunden KundenNr="23329" KundEigtNr="25905" KundArt="1" KundStatus="3" KundAufDat="2006-04-12"/>
  <Kunden KundenNr="23328" KundEigtNr="25906" KundArt="1" KundStatus="1" KundAufDat="2006-04-12"/>
  <Kunden KundenNr="23331" KundEigtNr="25907" KundArt="1" KundStatus="3" KundAufDat="2006-04-12"/>
  <Kunden KundenNr="23330" KundEigtNr="25908" KundArt="1" KundStatus="3" KundAufDat="2006-04-12"/>
  <Kunden KundenNr="23333" KundEigtNr="25908" KundArt="1" KundStatus="3" KundAufDat="2006-04-12"/>
  <Kunden KundenNr="23332" KundEigtNr="25909" KundArt="1" KundStatus="3" KundAufDat="2006-04-12"/>
  <Kunden KundenNr="23335" KundEigtNr="25910" KundArt="1" KundStatus="3" KundAufDat="2006-04-12"/>
  <Kunden KundenNr="23334" KundEigtNr="25911" KundArt="1" KundStatus="3" KundAufDat="2006-04-12"/>
  <Kunden KundenNr="23337" KundEigtNr="21325" KundArt="1" KundStatus="1" KundAufDat="2006-04-12"/>
  <Kunden KundenNr="23336" KundEigtNr="25912" KundArt="1" KundStatus="3" KundAufDat="2006-04-12"/>
  <Kunden KundenNr="23339" KundEigtNr="20739" KundArt="1" KundStatus="1" KundAufDat="2006-04-12"/>
  <Kunden KundenNr="23338" KundEigtNr="24305" KundArt="1" KundStatus="1" KundAufDat="2006-04-12"/>
  <Kunden KundenNr="23340" KundEigtNr="25913" KundArt="1" KundStatus="1" KundAufDat="2006-04-12"/>
  <Kunden KundenNr="23343" KundEigtNr="25914" KundArt="1" KundStatus="1" KundAufDat="2006-04-12"/>
  <Kunden KundenNr="23344" KundEigtNr="25915" KundArt="1" KundStatus="1" KundAufDat="2006-04-12"/>
  <Kunden KundenNr="23345" KundEigtNr="25916" KundArt="1" KundStatus="1" KundAufDat="2006-04-12"/>
  <Kunden KundenNr="23346" KundEigtNr="25917" KundArt="1" KundStatus="1" KundAufDat="2006-04-12"/>
  <Kunden KundenNr="23347" KundEigtNr="25918" KundArt="1" KundStatus="1" KundAufDat="2006-04-12"/>
  <Kunden KundenNr="23348" KundEigtNr="25919" KundArt="1" KundStatus="1" KundAufDat="2006-04-12"/>
  <Kunden KundenNr="23349" KundEigtNr="25920" KundArt="1" KundStatus="1" KundAufDat="2006-04-12"/>
  <Kunden KundenNr="23350" KundEigtNr="25921" KundArt="1" KundStatus="1" KundAufDat="2006-04-12"/>
  <Kunden KundenNr="23351" KundEigtNr="25922" KundArt="1" KundStatus="1" KundAufDat="2006-04-12"/>
  <Kunden KundenNr="23352" KundEigtNr="25923" KundArt="1" KundStatus="1" KundAufDat="2006-04-12"/>
  <Kunden KundenNr="23353" KundEigtNr="25924" KundArt="1" KundStatus="1" KundAufDat="2006-04-12"/>
  <Kunden KundenNr="23354" KundEigtNr="25925" KundArt="1" KundStatus="1" KundAufDat="2006-04-13"/>
  <Kunden KundenNr="23355" KundEigtNr="25926" KundArt="1" KundStatus="1" KundAufDat="2006-04-13"/>
  <Kunden KundenNr="23356" KundEigtNr="25927" KundArt="1" KundStatus="3" KundAufDat="2006-04-13"/>
  <Kunden KundenNr="23357" KundEigtNr="25928" KundArt="1" KundStatus="1" KundAufDat="2006-04-13"/>
  <Kunden KundenNr="23358" KundEigtNr="25929" KundArt="1" KundStatus="3" KundAufDat="2006-04-13"/>
  <Kunden KundenNr="23359" KundEigtNr="25930" KundArt="1" KundStatus="3" KundAufDat="2006-04-13"/>
  <Kunden KundenNr="23367" KundEigtNr="25931" KundArt="1" KundStatus="1" KundAufDat="2006-04-18"/>
  <Kunden KundenNr="23366" KundEigtNr="12297" KundArt="1" KundStatus="1" KundAufDat="2006-04-18"/>
  <Kunden KundenNr="23365" KundEigtNr="25932" KundArt="1" KundStatus="3" KundAufDat="2006-04-18"/>
  <Kunden KundenNr="23364" KundEigtNr="25933" KundArt="1" KundStatus="3" KundAufDat="2006-04-18"/>
  <Kunden KundenNr="23363" KundEigtNr="25934" KundArt="1" KundStatus="1" KundAufDat="2006-04-18"/>
  <Kunden KundenNr="23362" KundEigtNr="25935" KundArt="1" KundStatus="3" KundAufDat="2006-04-18"/>
  <Kunden KundenNr="23361" KundEigtNr="25936" KundArt="1" KundStatus="1" KundAufDat="2006-04-13"/>
  <Kunden KundenNr="23360" KundEigtNr="25937" KundArt="1" KundStatus="1" KundAufDat="2006-04-13"/>
  <Kunden KundenNr="23375" KundEigtNr="25938" KundArt="1" KundStatus="3" KundAufDat="2006-04-19"/>
  <Kunden KundenNr="23374" KundEigtNr="25939" KundArt="1" KundStatus="3" KundAufDat="2006-04-19"/>
  <Kunden KundenNr="23373" KundEigtNr="25940" KundArt="1" KundStatus="1" KundAufDat="2006-04-18"/>
  <Kunden KundenNr="23372" KundEigtNr="25941" KundArt="1" KundStatus="3" KundAufDat="2006-04-18"/>
  <Kunden KundenNr="23371" KundEigtNr="25942" KundArt="1" KundStatus="3" KundAufDat="2006-04-18"/>
  <Kunden KundenNr="23370" KundEigtNr="25943" KundArt="1" KundStatus="1" KundAufDat="2006-04-18"/>
  <Kunden KundenNr="23369" KundEigtNr="25944" KundArt="1" KundStatus="3" KundAufDat="2006-04-18"/>
  <Kunden KundenNr="23368" KundEigtNr="25945" KundArt="1" KundStatus="1" KundAufDat="2006-04-18"/>
  <Kunden KundenNr="23382" KundEigtNr="25946" KundArt="1" KundStatus="3" KundAufDat="2006-04-19"/>
  <Kunden KundenNr="23383" KundEigtNr="25947" KundArt="1" KundStatus="3" KundAufDat="2006-04-19"/>
  <Kunden KundenNr="23380" KundEigtNr="25948" KundArt="1" KundStatus="3" KundAufDat="2006-04-19"/>
  <Kunden KundenNr="23381" KundEigtNr="25949" KundArt="1" KundStatus="3" KundAufDat="2006-04-19"/>
  <Kunden KundenNr="23378" KundEigtNr="25930" KundArt="1" KundStatus="3" KundAufDat="2006-04-19"/>
  <Kunden KundenNr="23379" KundEigtNr="25950" KundArt="1" KundStatus="3" KundAufDat="2006-04-19"/>
  <Kunden KundenNr="23376" KundEigtNr="25951" KundArt="1" KundStatus="3" KundAufDat="2006-04-19"/>
  <Kunden KundenNr="23377" KundEigtNr="25952" KundArt="1" KundStatus="1" KundAufDat="2006-04-19"/>
  <Kunden KundenNr="23390" KundEigtNr="25953" KundArt="1" KundStatus="1" KundAufDat="2006-04-19"/>
  <Kunden KundenNr="23391" KundEigtNr="25954" KundArt="1" KundStatus="1" KundAufDat="2006-04-19"/>
  <Kunden KundenNr="23388" KundEigtNr="25955" KundArt="1" KundStatus="1" KundAufDat="2006-04-19"/>
  <Kunden KundenNr="23389" KundEigtNr="25956" KundArt="1" KundStatus="1" KundAufDat="2006-04-19"/>
  <Kunden KundenNr="23386" KundEigtNr="25957" KundArt="1" KundStatus="3" KundAufDat="2006-04-19"/>
  <Kunden KundenNr="23387" KundEigtNr="25958" KundArt="1" KundStatus="1" KundAufDat="2006-04-19"/>
  <Kunden KundenNr="23384" KundEigtNr="25959" KundArt="1" KundStatus="1" KundAufDat="2006-04-19"/>
  <Kunden KundenNr="23385" KundEigtNr="25960" KundArt="1" KundStatus="1" KundAufDat="2006-04-19"/>
  <Kunden KundenNr="23397" KundEigtNr="25961" KundArt="1" KundStatus="3" KundAufDat="2006-04-19"/>
  <Kunden KundenNr="23396" KundEigtNr="25962" KundArt="1" KundStatus="1" KundAufDat="2006-04-19"/>
  <Kunden KundenNr="23399" KundEigtNr="25963" KundArt="1" KundStatus="1" KundAufDat="2006-04-20"/>
  <Kunden KundenNr="23398" KundEigtNr="25964" KundArt="1" KundStatus="1" KundAufDat="2006-04-20"/>
  <Kunden KundenNr="23393" KundEigtNr="25965" KundArt="1" KundStatus="1" KundAufDat="2006-04-19"/>
  <Kunden KundenNr="23392" KundEigtNr="23755" KundArt="1" KundStatus="1" KundAufDat="2006-04-19"/>
  <Kunden KundenNr="23395" KundEigtNr="25966" KundArt="1" KundStatus="1" KundAufDat="2006-04-19"/>
  <Kunden KundenNr="23394" KundEigtNr="25967" KundArt="1" KundStatus="1" KundAufDat="2006-04-19"/>
  <Kunden KundenNr="23405" KundEigtNr="25968" KundArt="1" KundStatus="1" KundAufDat="2006-04-20"/>
  <Kunden KundenNr="23404" KundEigtNr="25969" KundArt="1" KundStatus="1" KundAufDat="2006-04-20"/>
  <Kunden KundenNr="23407" KundEigtNr="25970" KundArt="1" KundStatus="3" KundAufDat="2006-04-20"/>
  <Kunden KundenNr="23406" KundEigtNr="25971" KundArt="1" KundStatus="3" KundAufDat="2006-04-20"/>
  <Kunden KundenNr="23401" KundEigtNr="18497" KundArt="1" KundStatus="1" KundAufDat="2006-04-20"/>
  <Kunden KundenNr="23400" KundEigtNr="25972" KundArt="1" KundStatus="1" KundAufDat="2006-04-20"/>
  <Kunden KundenNr="23403" KundEigtNr="25973" KundArt="1" KundStatus="1" KundAufDat="2006-04-20"/>
  <Kunden KundenNr="23402" KundEigtNr="25974" KundArt="1" KundStatus="1" KundAufDat="2006-04-20"/>
  <Kunden KundenNr="23412" KundEigtNr="25975" KundArt="1" KundStatus="1" KundAufDat="2006-04-21"/>
  <Kunden KundenNr="23413" KundEigtNr="24265" KundArt="1" KundStatus="3" KundAufDat="2006-04-21"/>
  <Kunden KundenNr="23414" KundEigtNr="25976" KundArt="1" KundStatus="3" KundAufDat="2006-04-21"/>
  <Kunden KundenNr="23415" KundEigtNr="25977" KundArt="1" KundStatus="1" KundAufDat="2006-04-21"/>
  <Kunden KundenNr="23408" KundEigtNr="25978" KundArt="1" KundStatus="3" KundAufDat="2006-04-21"/>
  <Kunden KundenNr="23409" KundEigtNr="25979" KundArt="1" KundStatus="1" KundAufDat="2006-04-21"/>
  <Kunden KundenNr="23410" KundEigtNr="25980" KundArt="1" KundStatus="3" KundAufDat="2006-04-21"/>
  <Kunden KundenNr="23411" KundEigtNr="25981" KundArt="1" KundStatus="1" KundAufDat="2006-04-21"/>
  <Kunden KundenNr="23420" KundEigtNr="25982" KundArt="1" KundStatus="3" KundAufDat="2006-04-24"/>
  <Kunden KundenNr="23421" KundEigtNr="5765" KundArt="1" KundStatus="3" KundAufDat="2006-04-24"/>
  <Kunden KundenNr="23422" KundEigtNr="25983" KundArt="1" KundStatus="1" KundAufDat="2006-04-24"/>
  <Kunden KundenNr="23423" KundEigtNr="23448" KundArt="1" KundStatus="1" KundAufDat="2006-04-24"/>
  <Kunden KundenNr="23416" KundEigtNr="25984" KundArt="1" KundStatus="3" KundAufDat="2006-04-24"/>
  <Kunden KundenNr="23417" KundEigtNr="25985" KundArt="1" KundStatus="3" KundAufDat="2006-04-24"/>
  <Kunden KundenNr="23418" KundEigtNr="24926" KundArt="1" KundStatus="3" KundAufDat="2006-04-24"/>
  <Kunden KundenNr="23419" KundEigtNr="25986" KundArt="1" KundStatus="3" KundAufDat="2006-04-24"/>
  <Kunden KundenNr="23434" KundEigtNr="25987" KundArt="1" KundStatus="1" KundAufDat="2006-04-24"/>
  <Kunden KundenNr="23435" KundEigtNr="25211" KundArt="1" KundStatus="1" KundAufDat="2006-04-24"/>
  <Kunden KundenNr="23432" KundEigtNr="25988" KundArt="1" KundStatus="1" KundAufDat="2006-04-24"/>
  <Kunden KundenNr="23433" KundEigtNr="25989" KundArt="1" KundStatus="1" KundAufDat="2006-04-24"/>
  <Kunden KundenNr="23438" KundEigtNr="25990" KundArt="1" KundStatus="3" KundAufDat="2006-04-24"/>
  <Kunden KundenNr="23439" KundEigtNr="25991" KundArt="1" KundStatus="1" KundAufDat="2006-04-24"/>
  <Kunden KundenNr="23436" KundEigtNr="25992" KundArt="1" KundStatus="1" KundAufDat="2006-04-24"/>
  <Kunden KundenNr="23437" KundEigtNr="25993" KundArt="1" KundStatus="3" KundAufDat="2006-04-24"/>
  <Kunden KundenNr="23426" KundEigtNr="25994" KundArt="1" KundStatus="1" KundAufDat="2006-04-24"/>
  <Kunden KundenNr="23427" KundEigtNr="25995" KundArt="1" KundStatus="3" KundAufDat="2006-04-24"/>
  <Kunden KundenNr="23424" KundEigtNr="25996" KundArt="1" KundStatus="1" KundAufDat="2006-04-24"/>
  <Kunden KundenNr="23425" KundEigtNr="25997" KundArt="1" KundStatus="3" KundAufDat="2006-04-24"/>
  <Kunden KundenNr="23430" KundEigtNr="25998" KundArt="1" KundStatus="3" KundAufDat="2006-04-24"/>
  <Kunden KundenNr="23428" KundEigtNr="25999" KundArt="1" KundStatus="3" KundAufDat="2006-04-24"/>
  <Kunden KundenNr="23429" KundEigtNr="26000" KundArt="1" KundStatus="1" KundAufDat="2006-04-24"/>
  <Kunden KundenNr="23451" KundEigtNr="26001" KundArt="1" KundStatus="1" KundAufDat="2006-04-24"/>
  <Kunden KundenNr="23450" KundEigtNr="26002" KundArt="1" KundStatus="1" KundAufDat="2006-04-24"/>
  <Kunden KundenNr="23449" KundEigtNr="26003" KundArt="1" KundStatus="1" KundAufDat="2006-04-24"/>
  <Kunden KundenNr="23448" KundEigtNr="26004" KundArt="1" KundStatus="1" KundAufDat="2006-04-24"/>
  <Kunden KundenNr="23455" KundEigtNr="26005" KundArt="1" KundStatus="3" KundAufDat="2006-04-24"/>
  <Kunden KundenNr="23454" KundEigtNr="26006" KundArt="1" KundStatus="1" KundAufDat="2006-04-24"/>
  <Kunden KundenNr="23452" KundEigtNr="26007" KundArt="1" KundStatus="1" KundAufDat="2006-04-24"/>
  <Kunden KundenNr="23443" KundEigtNr="26008" KundArt="1" KundStatus="1" KundAufDat="2006-04-24"/>
  <Kunden KundenNr="23442" KundEigtNr="26009" KundArt="1" KundStatus="1" KundAufDat="2006-04-24"/>
  <Kunden KundenNr="23441" KundEigtNr="26010" KundArt="1" KundStatus="1" KundAufDat="2006-04-24"/>
  <Kunden KundenNr="23440" KundEigtNr="26011" KundArt="1" KundStatus="3" KundAufDat="2006-04-24"/>
  <Kunden KundenNr="23447" KundEigtNr="26012" KundArt="1" KundStatus="1" KundAufDat="2006-04-24"/>
  <Kunden KundenNr="23446" KundEigtNr="26013" KundArt="1" KundStatus="1" KundAufDat="2006-04-24"/>
  <Kunden KundenNr="23445" KundEigtNr="26014" KundArt="1" KundStatus="1" KundAufDat="2006-04-24"/>
  <Kunden KundenNr="23444" KundEigtNr="26015" KundArt="1" KundStatus="3" KundAufDat="2006-04-24"/>
  <Kunden KundenNr="23464" KundEigtNr="26016" KundArt="1" KundStatus="3" KundAufDat="2006-04-25"/>
  <Kunden KundenNr="23465" KundEigtNr="26017" KundArt="1" KundStatus="1" KundAufDat="2006-04-25"/>
  <Kunden KundenNr="23466" KundEigtNr="26018" KundArt="1" KundStatus="3" KundAufDat="2006-04-25"/>
  <Kunden KundenNr="23467" KundEigtNr="26019" KundArt="1" KundStatus="3" KundAufDat="2006-04-25"/>
  <Kunden KundenNr="23468" KundEigtNr="26020" KundArt="1" KundStatus="1" KundAufDat="2006-04-26"/>
  <Kunden KundenNr="23469" KundEigtNr="26021" KundArt="1" KundStatus="1" KundAufDat="2006-04-26"/>
  <Kunden KundenNr="23470" KundEigtNr="26022" KundArt="1" KundStatus="1" KundAufDat="2006-04-26"/>
  <Kunden KundenNr="23471" KundEigtNr="26023" KundArt="1" KundStatus="3" KundAufDat="2006-04-26"/>
  <Kunden KundenNr="23456" KundEigtNr="26024" KundArt="1" KundStatus="1" KundAufDat="2006-04-24"/>
  <Kunden KundenNr="23457" KundEigtNr="26025" KundArt="1" KundStatus="1" KundAufDat="2006-04-24"/>
  <Kunden KundenNr="23458" KundEigtNr="26026" KundArt="1" KundStatus="1" KundAufDat="2006-04-24"/>
  <Kunden KundenNr="23459" KundEigtNr="26027" KundArt="1" KundStatus="3" KundAufDat="2006-04-25"/>
  <Kunden KundenNr="23460" KundEigtNr="26028" KundArt="1" KundStatus="3" KundAufDat="2006-04-25"/>
  <Kunden KundenNr="23461" KundEigtNr="26029" KundArt="1" KundStatus="3" KundAufDat="2006-04-25"/>
  <Kunden KundenNr="23462" KundEigtNr="8757" KundArt="1" KundStatus="1" KundAufDat="2006-04-25"/>
  <Kunden KundenNr="23481" KundEigtNr="24932" KundArt="1" KundStatus="1" KundAufDat="2006-04-27"/>
  <Kunden KundenNr="23480" KundEigtNr="26030" KundArt="1" KundStatus="3" KundAufDat="2006-04-27"/>
  <Kunden KundenNr="23483" KundEigtNr="26031" KundArt="1" KundStatus="1" KundAufDat="2006-04-27"/>
  <Kunden KundenNr="23482" KundEigtNr="26032" KundArt="1" KundStatus="1" KundAufDat="2006-04-27"/>
  <Kunden KundenNr="23485" KundEigtNr="26033" KundArt="1" KundStatus="3" KundAufDat="2006-04-28"/>
  <Kunden KundenNr="23484" KundEigtNr="26034" KundArt="1" KundStatus="3" KundAufDat="2006-04-28"/>
  <Kunden KundenNr="23487" KundEigtNr="26035" KundArt="1" KundStatus="1" KundAufDat="2006-04-28"/>
  <Kunden KundenNr="23486" KundEigtNr="26036" KundArt="1" KundStatus="1" KundAufDat="2006-04-28"/>
  <Kunden KundenNr="23473" KundEigtNr="23294" KundArt="1" KundStatus="3" KundAufDat="2006-04-26"/>
  <Kunden KundenNr="23472" KundEigtNr="26037" KundArt="1" KundStatus="1" KundAufDat="2006-04-26"/>
  <Kunden KundenNr="23475" KundEigtNr="26038" KundArt="1" KundStatus="3" KundAufDat="2006-04-26"/>
  <Kunden KundenNr="23474" KundEigtNr="26039" KundArt="1" KundStatus="1" KundAufDat="2006-04-26"/>
  <Kunden KundenNr="23477" KundEigtNr="26040" KundArt="1" KundStatus="3" KundAufDat="2006-04-26"/>
  <Kunden KundenNr="23476" KundEigtNr="26041" KundArt="1" KundStatus="3" KundAufDat="2006-04-26"/>
  <Kunden KundenNr="23479" KundEigtNr="26042" KundArt="1" KundStatus="3" KundAufDat="2006-04-27"/>
  <Kunden KundenNr="23478" KundEigtNr="26043" KundArt="1" KundStatus="3" KundAufDat="2006-04-27"/>
  <Kunden KundenNr="23502" KundEigtNr="26044" KundArt="1" KundStatus="1" KundAufDat="2006-05-02"/>
  <Kunden KundenNr="23501" KundEigtNr="26045" KundArt="1" KundStatus="3" KundAufDat="2006-05-02"/>
  <Kunden KundenNr="23498" KundEigtNr="25987" KundArt="1" KundStatus="3" KundAufDat="2006-05-02"/>
  <Kunden KundenNr="23499" KundEigtNr="26046" KundArt="1" KundStatus="3" KundAufDat="2006-05-02"/>
  <Kunden KundenNr="23497" KundEigtNr="26047" KundArt="1" KundStatus="3" KundAufDat="2006-05-02"/>
  <Kunden KundenNr="23494" KundEigtNr="26048" KundArt="1" KundStatus="1" KundAufDat="2006-04-28"/>
  <Kunden KundenNr="23495" KundEigtNr="26049" KundArt="1" KundStatus="3" KundAufDat="2006-05-02"/>
  <Kunden KundenNr="23492" KundEigtNr="26050" KundArt="1" KundStatus="1" KundAufDat="2006-04-28"/>
  <Kunden KundenNr="23493" KundEigtNr="24733" KundArt="1" KundStatus="1" KundAufDat="2006-04-28"/>
  <Kunden KundenNr="23490" KundEigtNr="26051" KundArt="1" KundStatus="3" KundAufDat="2006-04-28"/>
  <Kunden KundenNr="23491" KundEigtNr="26052" KundArt="1" KundStatus="1" KundAufDat="2006-04-28"/>
  <Kunden KundenNr="23488" KundEigtNr="26053" KundArt="1" KundStatus="1" KundAufDat="2006-04-28"/>
  <Kunden KundenNr="23489" KundEigtNr="26054" KundArt="1" KundStatus="3" KundAufDat="2006-04-28"/>
  <Kunden KundenNr="23519" KundEigtNr="26055" KundArt="1" KundStatus="1" KundAufDat="2006-05-02"/>
  <Kunden KundenNr="23518" KundEigtNr="26056" KundArt="1" KundStatus="1" KundAufDat="2006-05-02"/>
  <Kunden KundenNr="23517" KundEigtNr="26057" KundArt="1" KundStatus="3" KundAufDat="2006-05-02"/>
  <Kunden KundenNr="23516" KundEigtNr="26058" KundArt="1" KundStatus="1" KundAufDat="2006-05-02"/>
  <Kunden KundenNr="23514" KundEigtNr="26059" KundArt="1" KundStatus="3" KundAufDat="2006-05-02"/>
  <Kunden KundenNr="23512" KundEigtNr="15954" KundArt="1" KundStatus="1" KundAufDat="2006-05-02"/>
  <Kunden KundenNr="23511" KundEigtNr="26060" KundArt="1" KundStatus="1" KundAufDat="2006-05-02"/>
  <Kunden KundenNr="23510" KundEigtNr="26061" KundArt="1" KundStatus="3" KundAufDat="2006-05-02"/>
  <Kunden KundenNr="23509" KundEigtNr="26062" KundArt="1" KundStatus="1" KundAufDat="2006-05-02"/>
  <Kunden KundenNr="23507" KundEigtNr="26063" KundArt="1" KundStatus="1" KundAufDat="2006-05-02"/>
  <Kunden KundenNr="23506" KundEigtNr="26064" KundArt="1" KundStatus="1" KundAufDat="2006-05-02"/>
  <Kunden KundenNr="23505" KundEigtNr="26065" KundArt="1" KundStatus="3" KundAufDat="2006-05-02"/>
  <Kunden KundenNr="23504" KundEigtNr="26066" KundArt="1" KundStatus="3" KundAufDat="2006-05-02"/>
  <Kunden KundenNr="23532" KundEigtNr="26067" KundArt="1" KundStatus="1" KundAufDat="2006-05-03"/>
  <Kunden KundenNr="23533" KundEigtNr="26068" KundArt="1" KundStatus="1" KundAufDat="2006-05-03"/>
  <Kunden KundenNr="23535" KundEigtNr="26069" KundArt="1" KundStatus="3" KundAufDat="2006-05-03"/>
  <Kunden KundenNr="23529" KundEigtNr="26070" KundArt="1" KundStatus="3" KundAufDat="2006-05-03"/>
  <Kunden KundenNr="23530" KundEigtNr="26071" KundArt="1" KundStatus="3" KundAufDat="2006-05-03"/>
  <Kunden KundenNr="23531" KundEigtNr="26072" KundArt="1" KundStatus="1" KundAufDat="2006-05-03"/>
  <Kunden KundenNr="23524" KundEigtNr="26073" KundArt="1" KundStatus="1" KundAufDat="2006-05-03"/>
  <Kunden KundenNr="23525" KundEigtNr="26037" KundArt="1" KundStatus="3" KundAufDat="2006-05-03"/>
  <Kunden KundenNr="23526" KundEigtNr="26074" KundArt="1" KundStatus="1" KundAufDat="2006-05-03"/>
  <Kunden KundenNr="23520" KundEigtNr="26075" KundArt="1" KundStatus="3" KundAufDat="2006-05-02"/>
  <Kunden KundenNr="23521" KundEigtNr="26076" KundArt="1" KundStatus="1" KundAufDat="2006-05-02"/>
  <Kunden KundenNr="23522" KundEigtNr="26077" KundArt="1" KundStatus="1" KundAufDat="2006-05-02"/>
  <Kunden KundenNr="23523" KundEigtNr="26078" KundArt="1" KundStatus="1" KundAufDat="2006-05-02"/>
  <Kunden KundenNr="23549" KundEigtNr="26079" KundArt="1" KundStatus="3" KundAufDat="2006-05-06"/>
  <Kunden KundenNr="23548" KundEigtNr="26080" KundArt="1" KundStatus="3" KundAufDat="2006-05-06"/>
  <Kunden KundenNr="23551" KundEigtNr="26081" KundArt="1" KundStatus="1" KundAufDat="2006-05-08"/>
  <Kunden KundenNr="23550" KundEigtNr="26082" KundArt="1" KundStatus="3" KundAufDat="2006-05-08"/>
  <Kunden KundenNr="23545" KundEigtNr="26083" KundArt="1" KundStatus="3" KundAufDat="2006-05-05"/>
  <Kunden KundenNr="23544" KundEigtNr="25277" KundArt="1" KundStatus="1" KundAufDat="2006-05-05"/>
  <Kunden KundenNr="23547" KundEigtNr="26084" KundArt="1" KundStatus="1" KundAufDat="2006-05-05"/>
  <Kunden KundenNr="23546" KundEigtNr="26085" KundArt="1" KundStatus="1" KundAufDat="2006-05-05"/>
  <Kunden KundenNr="23541" KundEigtNr="26086" KundArt="1" KundStatus="1" KundAufDat="2006-05-04"/>
  <Kunden KundenNr="23540" KundEigtNr="26087" KundArt="1" KundStatus="1" KundAufDat="2006-05-04"/>
  <Kunden KundenNr="23543" KundEigtNr="26088" KundArt="1" KundStatus="3" KundAufDat="2006-05-05"/>
  <Kunden KundenNr="23542" KundEigtNr="26089" KundArt="1" KundStatus="1" KundAufDat="2006-05-04"/>
  <Kunden KundenNr="23537" KundEigtNr="26090" KundArt="1" KundStatus="3" KundAufDat="2006-05-04"/>
  <Kunden KundenNr="23539" KundEigtNr="26091" KundArt="1" KundStatus="3" KundAufDat="2006-05-04"/>
  <Kunden KundenNr="23538" KundEigtNr="26073" KundArt="1" KundStatus="3" KundAufDat="2006-05-04"/>
  <Kunden KundenNr="23056" KundEigtNr="26092" KundArt="1" KundStatus="1" KundAufDat="2006-03-20"/>
  <Kunden KundenNr="23057" KundEigtNr="26093" KundArt="1" KundStatus="1" KundAufDat="2006-03-20"/>
  <Kunden KundenNr="23058" KundEigtNr="26094" KundArt="1" KundStatus="3" KundAufDat="2006-03-20"/>
  <Kunden KundenNr="23059" KundEigtNr="26095" KundArt="1" KundStatus="3" KundAufDat="2006-03-20"/>
  <Kunden KundenNr="23060" KundEigtNr="26096" KundArt="1" KundStatus="1" KundAufDat="2006-03-21"/>
  <Kunden KundenNr="23061" KundEigtNr="26097" KundArt="1" KundStatus="1" KundAufDat="2006-03-21"/>
  <Kunden KundenNr="23062" KundEigtNr="26098" KundArt="1" KundStatus="1" KundAufDat="2006-03-21"/>
  <Kunden KundenNr="23063" KundEigtNr="26099" KundArt="1" KundStatus="3" KundAufDat="2006-03-21"/>
  <Kunden KundenNr="23064" KundEigtNr="24740" KundArt="29" KundStatus="3" KundAufDat="2011-08-09"/>
  <Kunden KundenNr="23065" KundEigtNr="26101" KundArt="1" KundStatus="1" KundAufDat="2006-03-21"/>
  <Kunden KundenNr="23067" KundEigtNr="26102" KundArt="1" KundStatus="1" KundAufDat="2006-03-21"/>
  <Kunden KundenNr="23068" KundEigtNr="7403" KundArt="1" KundStatus="3" KundAufDat="2006-03-21"/>
  <Kunden KundenNr="23069" KundEigtNr="26103" KundArt="1" KundStatus="3" KundAufDat="2006-03-21"/>
  <Kunden KundenNr="23070" KundEigtNr="26104" KundArt="1" KundStatus="3" KundAufDat="2006-03-21"/>
  <Kunden KundenNr="23071" KundEigtNr="26105" KundArt="1" KundStatus="3" KundAufDat="2006-03-21"/>
  <Kunden KundenNr="23041" KundEigtNr="26106" KundArt="1" KundStatus="3" KundAufDat="2006-03-20"/>
  <Kunden KundenNr="23040" KundEigtNr="26107" KundArt="1" KundStatus="1" KundAufDat="2006-03-20"/>
  <Kunden KundenNr="23043" KundEigtNr="26108" KundArt="1" KundStatus="1" KundAufDat="2006-03-20"/>
  <Kunden KundenNr="23045" KundEigtNr="26109" KundArt="1" KundStatus="1" KundAufDat="2006-03-20"/>
  <Kunden KundenNr="23044" KundEigtNr="26110" KundArt="1" KundStatus="1" KundAufDat="2006-03-20"/>
  <Kunden KundenNr="23047" KundEigtNr="26111" KundArt="1" KundStatus="1" KundAufDat="2006-03-20"/>
  <Kunden KundenNr="23046" KundEigtNr="26112" KundArt="1" KundStatus="3" KundAufDat="2006-03-20"/>
  <Kunden KundenNr="23049" KundEigtNr="25838" KundArt="1" KundStatus="1" KundAufDat="2006-03-20"/>
  <Kunden KundenNr="23048" KundEigtNr="26113" KundArt="1" KundStatus="3" KundAufDat="2006-03-20"/>
  <Kunden KundenNr="23051" KundEigtNr="26114" KundArt="1" KundStatus="1" KundAufDat="2006-03-20"/>
  <Kunden KundenNr="23050" KundEigtNr="26115" KundArt="1" KundStatus="1" KundAufDat="2006-03-20"/>
  <Kunden KundenNr="23053" KundEigtNr="26116" KundArt="1" KundStatus="1" KundAufDat="2006-03-20"/>
  <Kunden KundenNr="23052" KundEigtNr="26117" KundArt="1" KundStatus="1" KundAufDat="2006-03-20"/>
  <Kunden KundenNr="23055" KundEigtNr="26118" KundArt="1" KundStatus="3" KundAufDat="2006-03-20"/>
  <Kunden KundenNr="23054" KundEigtNr="26119" KundArt="1" KundStatus="3" KundAufDat="2006-03-20"/>
  <Kunden KundenNr="23090" KundEigtNr="26120" KundArt="1" KundStatus="1" KundAufDat="2006-03-21"/>
  <Kunden KundenNr="23091" KundEigtNr="26121" KundArt="1" KundStatus="1" KundAufDat="2006-03-21"/>
  <Kunden KundenNr="23088" KundEigtNr="26122" KundArt="1" KundStatus="1" KundAufDat="2006-03-21"/>
  <Kunden KundenNr="23089" KundEigtNr="26123" KundArt="1" KundStatus="1" KundAufDat="2006-03-21"/>
  <Kunden KundenNr="23094" KundEigtNr="26124" KundArt="1" KundStatus="1" KundAufDat="2006-03-21"/>
  <Kunden KundenNr="23095" KundEigtNr="26125" KundArt="1" KundStatus="1" KundAufDat="2006-03-21"/>
  <Kunden KundenNr="23092" KundEigtNr="22016" KundArt="1" KundStatus="1" KundAufDat="2006-03-21"/>
  <Kunden KundenNr="23093" KundEigtNr="26126" KundArt="1" KundStatus="1" KundAufDat="2006-03-21"/>
  <Kunden KundenNr="23098" KundEigtNr="26127" KundArt="1" KundStatus="1" KundAufDat="2006-03-21"/>
  <Kunden KundenNr="23099" KundEigtNr="26128" KundArt="1" KundStatus="1" KundAufDat="2006-03-21"/>
  <Kunden KundenNr="23096" KundEigtNr="26129" KundArt="1" KundStatus="1" KundAufDat="2006-03-21"/>
  <Kunden KundenNr="23097" KundEigtNr="26130" KundArt="1" KundStatus="1" KundAufDat="2006-03-21"/>
  <Kunden KundenNr="23102" KundEigtNr="26131" KundArt="1" KundStatus="1" KundAufDat="2006-03-21"/>
  <Kunden KundenNr="23103" KundEigtNr="26132" KundArt="1" KundStatus="1" KundAufDat="2006-03-21"/>
  <Kunden KundenNr="23100" KundEigtNr="24741" KundArt="1" KundStatus="1" KundAufDat="2006-03-21"/>
  <Kunden KundenNr="23101" KundEigtNr="23830" KundArt="1" KundStatus="1" KundAufDat="2006-03-21"/>
  <Kunden KundenNr="23075" KundEigtNr="26133" KundArt="1" KundStatus="3" KundAufDat="2006-03-21"/>
  <Kunden KundenNr="23074" KundEigtNr="26134" KundArt="1" KundStatus="3" KundAufDat="2006-03-21"/>
  <Kunden KundenNr="23073" KundEigtNr="26135" KundArt="1" KundStatus="3" KundAufDat="2006-03-21"/>
  <Kunden KundenNr="23072" KundEigtNr="26136" KundArt="1" KundStatus="3" KundAufDat="2006-03-21"/>
  <Kunden KundenNr="23079" KundEigtNr="26137" KundArt="1" KundStatus="1" KundAufDat="2006-03-21"/>
  <Kunden KundenNr="23078" KundEigtNr="26138" KundArt="1" KundStatus="3" KundAufDat="2006-03-21"/>
  <Kunden KundenNr="23077" KundEigtNr="25850" KundArt="1" KundStatus="3" KundAufDat="2006-03-21"/>
  <Kunden KundenNr="23076" KundEigtNr="26139" KundArt="1" KundStatus="3" KundAufDat="2006-03-21"/>
  <Kunden KundenNr="23082" KundEigtNr="26140" KundArt="1" KundStatus="3" KundAufDat="2006-03-21"/>
  <Kunden KundenNr="23081" KundEigtNr="26141" KundArt="1" KundStatus="1" KundAufDat="2006-03-21"/>
  <Kunden KundenNr="23080" KundEigtNr="26142" KundArt="1" KundStatus="3" KundAufDat="2006-03-21"/>
  <Kunden KundenNr="23087" KundEigtNr="26143" KundArt="1" KundStatus="1" KundAufDat="2006-03-21"/>
  <Kunden KundenNr="23086" KundEigtNr="26144" KundArt="1" KundStatus="1" KundAufDat="2006-03-21"/>
  <Kunden KundenNr="23085" KundEigtNr="23758" KundArt="1" KundStatus="1" KundAufDat="2006-03-21"/>
  <Kunden KundenNr="23084" KundEigtNr="26145" KundArt="1" KundStatus="1" KundAufDat="2006-03-21"/>
  <Kunden KundenNr="23125" KundEigtNr="26146" KundArt="1" KundStatus="1" KundAufDat="2006-03-22"/>
  <Kunden KundenNr="23126" KundEigtNr="26147" KundArt="1" KundStatus="1" KundAufDat="2006-03-22"/>
  <Kunden KundenNr="23127" KundEigtNr="26148" KundArt="1" KundStatus="1" KundAufDat="2006-03-23"/>
  <Kunden KundenNr="23120" KundEigtNr="26149" KundArt="1" KundStatus="1" KundAufDat="2006-03-22"/>
  <Kunden KundenNr="23121" KundEigtNr="23380" KundArt="1" KundStatus="1" KundAufDat="2006-03-22"/>
  <Kunden KundenNr="23122" KundEigtNr="26150" KundArt="1" KundStatus="1" KundAufDat="2006-03-22"/>
  <Kunden KundenNr="23123" KundEigtNr="26151" KundArt="1" KundStatus="1" KundAufDat="2006-03-22"/>
  <Kunden KundenNr="23132" KundEigtNr="26152" KundArt="1" KundStatus="1" KundAufDat="2006-03-23"/>
  <Kunden KundenNr="23133" KundEigtNr="26153" KundArt="1" KundStatus="3" KundAufDat="2006-03-23"/>
  <Kunden KundenNr="23134" KundEigtNr="26154" KundArt="1" KundStatus="1" KundAufDat="2006-03-23"/>
  <Kunden KundenNr="23135" KundEigtNr="26155" KundArt="1" KundStatus="1" KundAufDat="2006-03-23"/>
  <Kunden KundenNr="23128" KundEigtNr="26142" KundArt="1" KundStatus="3" KundAufDat="2006-03-23"/>
  <Kunden KundenNr="23129" KundEigtNr="26156" KundArt="1" KundStatus="1" KundAufDat="2006-03-23"/>
  <Kunden KundenNr="23130" KundEigtNr="26157" KundArt="1" KundStatus="3" KundAufDat="2006-03-23"/>
  <Kunden KundenNr="23109" KundEigtNr="26158" KundArt="1" KundStatus="1" KundAufDat="2006-03-22"/>
  <Kunden KundenNr="23108" KundEigtNr="26159" KundArt="1" KundStatus="1" KundAufDat="2006-03-21"/>
  <Kunden KundenNr="23111" KundEigtNr="26160" KundArt="1" KundStatus="3" KundAufDat="2006-03-22"/>
  <Kunden KundenNr="23105" KundEigtNr="26161" KundArt="1" KundStatus="1" KundAufDat="2006-03-21"/>
  <Kunden KundenNr="23104" KundEigtNr="26162" KundArt="1" KundStatus="1" KundAufDat="2006-03-21"/>
  <Kunden KundenNr="23107" KundEigtNr="26163" KundArt="1" KundStatus="1" KundAufDat="2006-03-21"/>
  <Kunden KundenNr="23106" KundEigtNr="24171" KundArt="1" KundStatus="1" KundAufDat="2006-03-21"/>
  <Kunden KundenNr="23117" KundEigtNr="26164" KundArt="1" KundStatus="1" KundAufDat="2006-03-22"/>
  <Kunden KundenNr="23116" KundEigtNr="24041" KundArt="1" KundStatus="1" KundAufDat="2006-03-22"/>
  <Kunden KundenNr="23118" KundEigtNr="26165" KundArt="1" KundStatus="1" KundAufDat="2006-03-22"/>
  <Kunden KundenNr="23113" KundEigtNr="6557" KundArt="29" KundStatus="1" KundAufDat="2011-08-09"/>
  <Kunden KundenNr="23112" KundEigtNr="26167" KundArt="1" KundStatus="3" KundAufDat="2006-03-22"/>
  <Kunden KundenNr="23115" KundEigtNr="24250" KundArt="1" KundStatus="1" KundAufDat="2006-03-22"/>
  <Kunden KundenNr="23114" KundEigtNr="1515" KundArt="1" KundStatus="1" KundAufDat="2006-03-22"/>
  <Kunden KundenNr="23158" KundEigtNr="26168" KundArt="1" KundStatus="1" KundAufDat="2006-03-27"/>
  <Kunden KundenNr="23159" KundEigtNr="26169" KundArt="1" KundStatus="3" KundAufDat="2006-03-27"/>
  <Kunden KundenNr="23156" KundEigtNr="26170" KundArt="1" KundStatus="1" KundAufDat="2006-03-27"/>
  <Kunden KundenNr="23157" KundEigtNr="26171" KundArt="1" KundStatus="3" KundAufDat="2006-03-27"/>
  <Kunden KundenNr="23154" KundEigtNr="26172" KundArt="1" KundStatus="1" KundAufDat="2006-03-27"/>
  <Kunden KundenNr="23155" KundEigtNr="26173" KundArt="1" KundStatus="3" KundAufDat="2006-03-27"/>
  <Kunden KundenNr="23152" KundEigtNr="26174" KundArt="1" KundStatus="3" KundAufDat="2006-03-27"/>
  <Kunden KundenNr="23153" KundEigtNr="26175" KundArt="1" KundStatus="1" KundAufDat="2006-03-27"/>
  <Kunden KundenNr="23166" KundEigtNr="26176" KundArt="1" KundStatus="1" KundAufDat="2006-03-27"/>
  <Kunden KundenNr="23164" KundEigtNr="26177" KundArt="1" KundStatus="1" KundAufDat="2006-03-27"/>
  <Kunden KundenNr="23165" KundEigtNr="26178" KundArt="1" KundStatus="1" KundAufDat="2006-03-27"/>
  <Kunden KundenNr="23162" KundEigtNr="26179" KundArt="1" KundStatus="1" KundAufDat="2006-03-27"/>
  <Kunden KundenNr="23163" KundEigtNr="8660" KundArt="1" KundStatus="1" KundAufDat="2006-03-27"/>
  <Kunden KundenNr="23160" KundEigtNr="25098" KundArt="1" KundStatus="1" KundAufDat="2006-03-27"/>
  <Kunden KundenNr="23161" KundEigtNr="25089" KundArt="1" KundStatus="1" KundAufDat="2006-03-27"/>
  <Kunden KundenNr="23143" KundEigtNr="26180" KundArt="1" KundStatus="3" KundAufDat="2006-03-24"/>
  <Kunden KundenNr="23141" KundEigtNr="26181" KundArt="1" KundStatus="1" KundAufDat="2006-03-24"/>
  <Kunden KundenNr="23140" KundEigtNr="23386" KundArt="1" KundStatus="1" KundAufDat="2006-03-24"/>
  <Kunden KundenNr="23139" KundEigtNr="26182" KundArt="1" KundStatus="3" KundAufDat="2006-03-24"/>
  <Kunden KundenNr="23138" KundEigtNr="26183" KundArt="1" KundStatus="3" KundAufDat="2006-03-23"/>
  <Kunden KundenNr="23137" KundEigtNr="26184" KundArt="1" KundStatus="3" KundAufDat="2006-03-23"/>
  <Kunden KundenNr="23136" KundEigtNr="25850" KundArt="1" KundStatus="1" KundAufDat="2006-03-23"/>
  <Kunden KundenNr="23151" KundEigtNr="26185" KundArt="1" KundStatus="3" KundAufDat="2006-03-27"/>
  <Kunden KundenNr="23150" KundEigtNr="26186" KundArt="1" KundStatus="3" KundAufDat="2006-03-27"/>
  <Kunden KundenNr="23149" KundEigtNr="26187" KundArt="1" KundStatus="3" KundAufDat="2006-03-27"/>
  <Kunden KundenNr="23148" KundEigtNr="26188" KundArt="1" KundStatus="3" KundAufDat="2006-03-24"/>
  <Kunden KundenNr="23147" KundEigtNr="26189" KundArt="1" KundStatus="3" KundAufDat="2006-03-24"/>
  <Kunden KundenNr="23146" KundEigtNr="24373" KundArt="1" KundStatus="3" KundAufDat="2006-03-24"/>
  <Kunden KundenNr="23145" KundEigtNr="26190" KundArt="1" KundStatus="1" KundAufDat="2006-03-24"/>
  <Kunden KundenNr="23144" KundEigtNr="26191" KundArt="1" KundStatus="3" KundAufDat="2006-03-24"/>
  <Kunden KundenNr="23193" KundEigtNr="26192" KundArt="1" KundStatus="3" KundAufDat="2006-03-28"/>
  <Kunden KundenNr="23192" KundEigtNr="13171" KundArt="1" KundStatus="1" KundAufDat="2006-03-28"/>
  <Kunden KundenNr="23195" KundEigtNr="26193" KundArt="1" KundStatus="1" KundAufDat="2006-03-28"/>
  <Kunden KundenNr="23194" KundEigtNr="23821" KundArt="1" KundStatus="3" KundAufDat="2006-03-28"/>
  <Kunden KundenNr="23197" KundEigtNr="26194" KundArt="1" KundStatus="3" KundAufDat="2006-03-29"/>
  <Kunden KundenNr="23196" KundEigtNr="26195" KundArt="1" KundStatus="1" KundAufDat="2006-03-28"/>
  <Kunden KundenNr="23199" KundEigtNr="26196" KundArt="1" KundStatus="3" KundAufDat="2006-03-29"/>
  <Kunden KundenNr="23198" KundEigtNr="26197" KundArt="1" KundStatus="1" KundAufDat="2006-03-29"/>
  <Kunden KundenNr="23185" KundEigtNr="26198" KundArt="1" KundStatus="3" KundAufDat="2006-03-28"/>
  <Kunden KundenNr="23184" KundEigtNr="26199" KundArt="1" KundStatus="3" KundAufDat="2006-03-28"/>
  <Kunden KundenNr="23187" KundEigtNr="26200" KundArt="1" KundStatus="1" KundAufDat="2006-03-28"/>
  <Kunden KundenNr="23186" KundEigtNr="26201" KundArt="1" KundStatus="3" KundAufDat="2006-03-28"/>
  <Kunden KundenNr="23189" KundEigtNr="26202" KundArt="1" KundStatus="3" KundAufDat="2006-03-28"/>
  <Kunden KundenNr="23188" KundEigtNr="21032" KundArt="1" KundStatus="3" KundAufDat="2006-03-28"/>
  <Kunden KundenNr="23191" KundEigtNr="26203" KundArt="1" KundStatus="1" KundAufDat="2006-05-24"/>
  <Kunden KundenNr="23190" KundEigtNr="26204" KundArt="1" KundStatus="1" KundAufDat="2006-03-28"/>
  <Kunden KundenNr="23176" KundEigtNr="26205" KundArt="1" KundStatus="1" KundAufDat="2006-03-27"/>
  <Kunden KundenNr="23177" KundEigtNr="26206" KundArt="1" KundStatus="1" KundAufDat="2006-03-27"/>
  <Kunden KundenNr="23178" KundEigtNr="26207" KundArt="1" KundStatus="1" KundAufDat="2006-03-27"/>
  <Kunden KundenNr="23179" KundEigtNr="26208" KundArt="1" KundStatus="1" KundAufDat="2006-03-27"/>
  <Kunden KundenNr="23180" KundEigtNr="26209" KundArt="1" KundStatus="1" KundAufDat="2006-03-27"/>
  <Kunden KundenNr="23181" KundEigtNr="23898" KundArt="1" KundStatus="1" KundAufDat="2006-03-27"/>
  <Kunden KundenNr="23182" KundEigtNr="26210" KundArt="1" KundStatus="3" KundAufDat="2006-03-28"/>
  <Kunden KundenNr="23183" KundEigtNr="24587" KundArt="1" KundStatus="1" KundAufDat="2006-03-28"/>
  <Kunden KundenNr="23168" KundEigtNr="26211" KundArt="1" KundStatus="3" KundAufDat="2006-03-27"/>
  <Kunden KundenNr="23169" KundEigtNr="26212" KundArt="1" KundStatus="1" KundAufDat="2006-03-27"/>
  <Kunden KundenNr="23170" KundEigtNr="26213" KundArt="1" KundStatus="1" KundAufDat="2006-03-27"/>
  <Kunden KundenNr="23171" KundEigtNr="26214" KundArt="1" KundStatus="1" KundAufDat="2006-03-27"/>
  <Kunden KundenNr="23172" KundEigtNr="26215" KundArt="1" KundStatus="1" KundAufDat="2006-03-27"/>
  <Kunden KundenNr="23173" KundEigtNr="26216" KundArt="1" KundStatus="1" KundAufDat="2006-03-27"/>
  <Kunden KundenNr="23174" KundEigtNr="26217" KundArt="1" KundStatus="1" KundAufDat="2006-03-27"/>
  <Kunden KundenNr="23175" KundEigtNr="26218" KundArt="1" KundStatus="1" KundAufDat="2006-03-27"/>
  <Kunden KundenNr="23227" KundEigtNr="26219" KundArt="1" KundStatus="1" KundAufDat="2006-04-03"/>
  <Kunden KundenNr="23226" KundEigtNr="26220" KundArt="1" KundStatus="3" KundAufDat="2006-04-03"/>
  <Kunden KundenNr="23225" KundEigtNr="26221" KundArt="1" KundStatus="3" KundAufDat="2006-04-03"/>
  <Kunden KundenNr="23224" KundEigtNr="26222" KundArt="1" KundStatus="3" KundAufDat="2006-04-03"/>
  <Kunden KundenNr="23231" KundEigtNr="26223" KundArt="1" KundStatus="3" KundAufDat="2006-04-03"/>
  <Kunden KundenNr="23230" KundEigtNr="26224" KundArt="1" KundStatus="3" KundAufDat="2006-04-03"/>
  <Kunden KundenNr="23229" KundEigtNr="26225" KundArt="1" KundStatus="3" KundAufDat="2006-04-03"/>
  <Kunden KundenNr="23228" KundEigtNr="26226" KundArt="1" KundStatus="1" KundAufDat="2006-04-03"/>
  <Kunden KundenNr="23219" KundEigtNr="26227" KundArt="1" KundStatus="1" KundAufDat="2006-03-31"/>
  <Kunden KundenNr="23218" KundEigtNr="26228" KundArt="1" KundStatus="1" KundAufDat="2006-03-31"/>
  <Kunden KundenNr="23217" KundEigtNr="26229" KundArt="1" KundStatus="1" KundAufDat="2006-03-31"/>
  <Kunden KundenNr="23216" KundEigtNr="26138" KundArt="1" KundStatus="1" KundAufDat="2006-03-31"/>
  <Kunden KundenNr="23223" KundEigtNr="26230" KundArt="1" KundStatus="1" KundAufDat="2006-04-03"/>
  <Kunden KundenNr="23220" KundEigtNr="26231" KundArt="1" KundStatus="1" KundAufDat="2006-03-31"/>
  <Kunden KundenNr="23210" KundEigtNr="21859" KundArt="1" KundStatus="1" KundAufDat="2006-03-30"/>
  <Kunden KundenNr="23211" KundEigtNr="20284" KundArt="1" KundStatus="1" KundAufDat="2006-03-30"/>
  <Kunden KundenNr="23209" KundEigtNr="23946" KundArt="1" KundStatus="1" KundAufDat="2006-03-30"/>
  <Kunden KundenNr="23214" KundEigtNr="26232" KundArt="1" KundStatus="3" KundAufDat="2006-03-30"/>
  <Kunden KundenNr="23215" KundEigtNr="26233" KundArt="1" KundStatus="3" KundAufDat="2006-03-31"/>
  <Kunden KundenNr="23212" KundEigtNr="26234" KundArt="1" KundStatus="3" KundAufDat="2006-03-30"/>
  <Kunden KundenNr="23213" KundEigtNr="26235" KundArt="1" KundStatus="3" KundAufDat="2006-03-30"/>
  <Kunden KundenNr="23202" KundEigtNr="26236" KundArt="1" KundStatus="3" KundAufDat="2006-03-29"/>
  <Kunden KundenNr="23203" KundEigtNr="26237" KundArt="1" KundStatus="3" KundAufDat="2006-03-30"/>
  <Kunden KundenNr="23200" KundEigtNr="26238" KundArt="1" KundStatus="3" KundAufDat="2006-03-29"/>
  <Kunden KundenNr="23201" KundEigtNr="26239" KundArt="1" KundStatus="1" KundAufDat="2006-03-29"/>
  <Kunden KundenNr="23206" KundEigtNr="26240" KundArt="1" KundStatus="1" KundAufDat="2006-03-30"/>
  <Kunden KundenNr="23207" KundEigtNr="26241" KundArt="1" KundStatus="3" KundAufDat="2006-03-30"/>
  <Kunden KundenNr="23204" KundEigtNr="26242" KundArt="1" KundStatus="3" KundAufDat="2006-03-30"/>
  <Kunden KundenNr="23205" KundEigtNr="26243" KundArt="1" KundStatus="1" KundAufDat="2006-03-30"/>
  <Kunden KundenNr="23261" KundEigtNr="22540" KundArt="1" KundStatus="1" KundAufDat="2006-04-04"/>
  <Kunden KundenNr="23260" KundEigtNr="26244" KundArt="1" KundStatus="3" KundAufDat="2006-04-04"/>
  <Kunden KundenNr="23263" KundEigtNr="26245" KundArt="1" KundStatus="1" KundAufDat="2006-04-04"/>
  <Kunden KundenNr="23262" KundEigtNr="26246" KundArt="1" KundStatus="1" KundAufDat="2006-04-04"/>
  <Kunden KundenNr="23257" KundEigtNr="25969" KundArt="1" KundStatus="3" KundAufDat="2006-04-04"/>
  <Kunden KundenNr="23256" KundEigtNr="26247" KundArt="1" KundStatus="3" KundAufDat="2006-04-04"/>
  <Kunden KundenNr="23259" KundEigtNr="26248" KundArt="1" KundStatus="3" KundAufDat="2006-04-04"/>
  <Kunden KundenNr="23258" KundEigtNr="26249" KundArt="1" KundStatus="1" KundAufDat="2006-04-04"/>
  <Kunden KundenNr="23253" KundEigtNr="26250" KundArt="1" KundStatus="1" KundAufDat="2006-04-04"/>
  <Kunden KundenNr="23252" KundEigtNr="26251" KundArt="1" KundStatus="3" KundAufDat="2006-04-04"/>
  <Kunden KundenNr="23255" KundEigtNr="20358" KundArt="1" KundStatus="1" KundAufDat="2011-08-23"/>
  <Kunden KundenNr="23254" KundEigtNr="26253" KundArt="1" KundStatus="3" KundAufDat="2006-04-04"/>
  <Kunden KundenNr="23249" KundEigtNr="26254" KundArt="1" KundStatus="1" KundAufDat="2006-04-03"/>
  <Kunden KundenNr="23248" KundEigtNr="26255" KundArt="1" KundStatus="1" KundAufDat="2006-04-03"/>
  <Kunden KundenNr="23251" KundEigtNr="22409" KundArt="1" KundStatus="1" KundAufDat="2006-04-03"/>
  <Kunden KundenNr="23250" KundEigtNr="26256" KundArt="1" KundStatus="1" KundAufDat="2006-04-03"/>
  <Kunden KundenNr="23244" KundEigtNr="26257" KundArt="1" KundStatus="1" KundAufDat="2006-04-03"/>
  <Kunden KundenNr="23245" KundEigtNr="26258" KundArt="1" KundStatus="1" KundAufDat="2006-04-03"/>
  <Kunden KundenNr="23246" KundEigtNr="26259" KundArt="1" KundStatus="1" KundAufDat="2006-04-03"/>
  <Kunden KundenNr="23247" KundEigtNr="26260" KundArt="1" KundStatus="1" KundAufDat="2006-04-03"/>
  <Kunden KundenNr="23240" KundEigtNr="26261" KundArt="1" KundStatus="3" KundAufDat="2006-04-03"/>
  <Kunden KundenNr="23241" KundEigtNr="26262" KundArt="1" KundStatus="3" KundAufDat="2006-04-03"/>
  <Kunden KundenNr="23242" KundEigtNr="26263" KundArt="1" KundStatus="1" KundAufDat="2006-04-03"/>
  <Kunden KundenNr="23243" KundEigtNr="26264" KundArt="1" KundStatus="3" KundAufDat="2006-04-03"/>
  <Kunden KundenNr="23236" KundEigtNr="26265" KundArt="1" KundStatus="1" KundAufDat="2006-04-03"/>
  <Kunden KundenNr="23237" KundEigtNr="26266" KundArt="1" KundStatus="3" KundAufDat="2006-04-03"/>
  <Kunden KundenNr="23238" KundEigtNr="24825" KundArt="1" KundStatus="1" KundAufDat="2006-04-03"/>
  <Kunden KundenNr="23239" KundEigtNr="26267" KundArt="1" KundStatus="3" KundAufDat="2006-04-03"/>
  <Kunden KundenNr="23232" KundEigtNr="26268" KundArt="1" KundStatus="1" KundAufDat="2006-04-03"/>
  <Kunden KundenNr="23233" KundEigtNr="26269" KundArt="1" KundStatus="1" KundAufDat="2006-04-03"/>
  <Kunden KundenNr="23234" KundEigtNr="26270" KundArt="1" KundStatus="1" KundAufDat="2006-04-03"/>
  <Kunden KundenNr="23235" KundEigtNr="26271" KundArt="1" KundStatus="3" KundAufDat="2006-04-03"/>
  <Kunden KundenNr="23295" KundEigtNr="9894" KundArt="1" KundStatus="1" KundAufDat="2006-04-10"/>
  <Kunden KundenNr="23294" KundEigtNr="26272" KundArt="1" KundStatus="1" KundAufDat="2006-04-10"/>
  <Kunden KundenNr="23293" KundEigtNr="26273" KundArt="1" KundStatus="1" KundAufDat="2006-04-10"/>
  <Kunden KundenNr="23291" KundEigtNr="26274" KundArt="1" KundStatus="3" KundAufDat="2006-04-10"/>
  <Kunden KundenNr="23290" KundEigtNr="26275" KundArt="1" KundStatus="3" KundAufDat="2006-04-10"/>
  <Kunden KundenNr="23289" KundEigtNr="26276" KundArt="1" KundStatus="1" KundAufDat="2006-04-07"/>
  <Kunden KundenNr="23288" KundEigtNr="26277" KundArt="1" KundStatus="1" KundAufDat="2006-04-07"/>
  <Kunden KundenNr="23287" KundEigtNr="26278" KundArt="1" KundStatus="1" KundAufDat="2006-04-07"/>
  <Kunden KundenNr="23286" KundEigtNr="26279" KundArt="1" KundStatus="1" KundAufDat="2006-04-07"/>
  <Kunden KundenNr="23285" KundEigtNr="13256" KundArt="1" KundStatus="1" KundAufDat="2006-04-07"/>
  <Kunden KundenNr="23284" KundEigtNr="26280" KundArt="1" KundStatus="3" KundAufDat="2006-04-07"/>
  <Kunden KundenNr="23283" KundEigtNr="26281" KundArt="1" KundStatus="3" KundAufDat="2006-04-07"/>
  <Kunden KundenNr="23281" KundEigtNr="26282" KundArt="1" KundStatus="1" KundAufDat="2006-04-06"/>
  <Kunden KundenNr="23280" KundEigtNr="26283" KundArt="1" KundStatus="1" KundAufDat="2006-04-06"/>
  <Kunden KundenNr="23279" KundEigtNr="26284" KundArt="1" KundStatus="3" KundAufDat="2006-04-06"/>
  <Kunden KundenNr="23276" KundEigtNr="26285" KundArt="1" KundStatus="3" KundAufDat="2006-04-06"/>
  <Kunden KundenNr="23277" KundEigtNr="26286" KundArt="1" KundStatus="3" KundAufDat="2006-04-06"/>
  <Kunden KundenNr="23274" KundEigtNr="26287" KundArt="1" KundStatus="1" KundAufDat="2006-04-05"/>
  <Kunden KundenNr="23275" KundEigtNr="26288" KundArt="1" KundStatus="3" KundAufDat="2006-04-06"/>
  <Kunden KundenNr="23272" KundEigtNr="26289" KundArt="1" KundStatus="3" KundAufDat="2006-04-05"/>
  <Kunden KundenNr="23273" KundEigtNr="26290" KundArt="1" KundStatus="3" KundAufDat="2006-04-05"/>
  <Kunden KundenNr="23270" KundEigtNr="26291" KundArt="1" KundStatus="3" KundAufDat="2006-04-05"/>
  <Kunden KundenNr="23271" KundEigtNr="26292" KundArt="1" KundStatus="1" KundAufDat="2006-04-05"/>
  <Kunden KundenNr="23268" KundEigtNr="24721" KundArt="1" KundStatus="3" KundAufDat="2006-04-05"/>
  <Kunden KundenNr="23269" KundEigtNr="26293" KundArt="1" KundStatus="3" KundAufDat="2006-04-05"/>
  <Kunden KundenNr="23266" KundEigtNr="26294" KundArt="1" KundStatus="1" KundAufDat="2006-04-04"/>
  <Kunden KundenNr="23267" KundEigtNr="26295" KundArt="1" KundStatus="3" KundAufDat="2006-04-05"/>
  <Kunden KundenNr="23264" KundEigtNr="26296" KundArt="1" KundStatus="1" KundAufDat="2006-04-04"/>
  <Kunden KundenNr="23265" KundEigtNr="26297" KundArt="1" KundStatus="1" KundAufDat="2006-04-04"/>
  <Kunden KundenNr="26273" KundEigtNr="26298" KundArt="1" KundStatus="1" KundAufDat="2007-03-15"/>
  <Kunden KundenNr="26272" KundEigtNr="26299" KundArt="1" KundStatus="1" KundAufDat="2007-03-14"/>
  <Kunden KundenNr="26275" KundEigtNr="26300" KundArt="1" KundStatus="1" KundAufDat="2007-03-15"/>
  <Kunden KundenNr="26274" KundEigtNr="26301" KundArt="1" KundStatus="1" KundAufDat="2007-03-15"/>
  <Kunden KundenNr="26277" KundEigtNr="26302" KundArt="1" KundStatus="1" KundAufDat="2007-03-15"/>
  <Kunden KundenNr="26276" KundEigtNr="26303" KundArt="1" KundStatus="1" KundAufDat="2007-03-15"/>
  <Kunden KundenNr="26279" KundEigtNr="26304" KundArt="1" KundStatus="1" KundAufDat="2007-03-15"/>
  <Kunden KundenNr="26278" KundEigtNr="26305" KundArt="1" KundStatus="1" KundAufDat="2007-03-15"/>
  <Kunden KundenNr="26281" KundEigtNr="13523" KundArt="1" KundStatus="1" KundAufDat="2007-03-15"/>
  <Kunden KundenNr="26280" KundEigtNr="26306" KundArt="1" KundStatus="1" KundAufDat="2007-03-15"/>
  <Kunden KundenNr="26283" KundEigtNr="26307" KundArt="1" KundStatus="1" KundAufDat="2007-03-16"/>
  <Kunden KundenNr="26282" KundEigtNr="26308" KundArt="1" KundStatus="1" KundAufDat="2007-03-15"/>
  <Kunden KundenNr="26285" KundEigtNr="26309" KundArt="1" KundStatus="1" KundAufDat="2007-03-16"/>
  <Kunden KundenNr="26284" KundEigtNr="26310" KundArt="1" KundStatus="1" KundAufDat="2007-03-16"/>
  <Kunden KundenNr="26286" KundEigtNr="26311" KundArt="1" KundStatus="1" KundAufDat="2007-03-16"/>
  <Kunden KundenNr="26288" KundEigtNr="26312" KundArt="1" KundStatus="1" KundAufDat="2007-03-16"/>
  <Kunden KundenNr="26289" KundEigtNr="26313" KundArt="1" KundStatus="3" KundAufDat="2007-03-19"/>
  <Kunden KundenNr="26290" KundEigtNr="26314" KundArt="1" KundStatus="1" KundAufDat="2007-03-19"/>
  <Kunden KundenNr="26291" KundEigtNr="26315" KundArt="1" KundStatus="1" KundAufDat="2007-03-19"/>
  <Kunden KundenNr="26292" KundEigtNr="26316" KundArt="1" KundStatus="1" KundAufDat="2007-03-19"/>
  <Kunden KundenNr="26293" KundEigtNr="26317" KundArt="1" KundStatus="3" KundAufDat="2007-03-19"/>
  <Kunden KundenNr="26294" KundEigtNr="26318" KundArt="1" KundStatus="1" KundAufDat="2007-03-19"/>
  <Kunden KundenNr="26295" KundEigtNr="26319" KundArt="1" KundStatus="1" KundAufDat="2007-03-19"/>
  <Kunden KundenNr="26296" KundEigtNr="26320" KundArt="1" KundStatus="1" KundAufDat="2007-03-19"/>
  <Kunden KundenNr="26297" KundEigtNr="26321" KundArt="1" KundStatus="1" KundAufDat="2007-03-19"/>
  <Kunden KundenNr="26298" KundEigtNr="26322" KundArt="1" KundStatus="1" KundAufDat="2007-03-19"/>
  <Kunden KundenNr="26299" KundEigtNr="26323" KundArt="1" KundStatus="1" KundAufDat="2007-03-19"/>
  <Kunden KundenNr="26300" KundEigtNr="26324" KundArt="1" KundStatus="1" KundAufDat="2007-03-19"/>
  <Kunden KundenNr="26301" KundEigtNr="26325" KundArt="1" KundStatus="1" KundAufDat="2007-03-19"/>
  <Kunden KundenNr="26303" KundEigtNr="26326" KundArt="1" KundStatus="1" KundAufDat="2007-03-19"/>
  <Kunden KundenNr="26243" KundEigtNr="26309" KundArt="1" KundStatus="1" KundAufDat="2007-03-12"/>
  <Kunden KundenNr="26242" KundEigtNr="26327" KundArt="1" KundStatus="1" KundAufDat="2007-03-12"/>
  <Kunden KundenNr="26241" KundEigtNr="26328" KundArt="1" KundStatus="1" KundAufDat="2007-03-12"/>
  <Kunden KundenNr="26240" KundEigtNr="26329" KundArt="1" KundStatus="1" KundAufDat="2007-03-12"/>
  <Kunden KundenNr="26247" KundEigtNr="26330" KundArt="1" KundStatus="1" KundAufDat="2007-03-12"/>
  <Kunden KundenNr="26246" KundEigtNr="26331" KundArt="1" KundStatus="1" KundAufDat="2007-03-12"/>
  <Kunden KundenNr="26245" KundEigtNr="26332" KundArt="1" KundStatus="1" KundAufDat="2007-03-12"/>
  <Kunden KundenNr="26244" KundEigtNr="26333" KundArt="1" KundStatus="1" KundAufDat="2007-03-12"/>
  <Kunden KundenNr="26251" KundEigtNr="26334" KundArt="1" KundStatus="1" KundAufDat="2007-03-12"/>
  <Kunden KundenNr="26250" KundEigtNr="26335" KundArt="1" KundStatus="1" KundAufDat="2007-03-12"/>
  <Kunden KundenNr="26249" KundEigtNr="26336" KundArt="1" KundStatus="1" KundAufDat="2007-03-12"/>
  <Kunden KundenNr="26248" KundEigtNr="26337" KundArt="1" KundStatus="1" KundAufDat="2007-03-12"/>
  <Kunden KundenNr="26254" KundEigtNr="26338" KundArt="1" KundStatus="1" KundAufDat="2007-03-13"/>
  <Kunden KundenNr="26253" KundEigtNr="26339" KundArt="1" KundStatus="1" KundAufDat="2007-03-13"/>
  <Kunden KundenNr="26252" KundEigtNr="26340" KundArt="1" KundStatus="1" KundAufDat="2007-03-12"/>
  <Kunden KundenNr="26258" KundEigtNr="26341" KundArt="1" KundStatus="1" KundAufDat="2007-03-13"/>
  <Kunden KundenNr="26259" KundEigtNr="26342" KundArt="1" KundStatus="1" KundAufDat="2007-03-13"/>
  <Kunden KundenNr="26256" KundEigtNr="26343" KundArt="1" KundStatus="3" KundAufDat="2007-03-13"/>
  <Kunden KundenNr="26257" KundEigtNr="26344" KundArt="1" KundStatus="3" KundAufDat="2007-03-13"/>
  <Kunden KundenNr="26262" KundEigtNr="26345" KundArt="1" KundStatus="1" KundAufDat="2007-03-13"/>
  <Kunden KundenNr="26263" KundEigtNr="26346" KundArt="1" KundStatus="1" KundAufDat="2007-03-13"/>
  <Kunden KundenNr="26260" KundEigtNr="26347" KundArt="1" KundStatus="1" KundAufDat="2007-03-13"/>
  <Kunden KundenNr="26261" KundEigtNr="26348" KundArt="1" KundStatus="1" KundAufDat="2007-03-13"/>
  <Kunden KundenNr="26266" KundEigtNr="26349" KundArt="1" KundStatus="1" KundAufDat="2007-03-14"/>
  <Kunden KundenNr="26267" KundEigtNr="26350" KundArt="1" KundStatus="1" KundAufDat="2007-03-14"/>
  <Kunden KundenNr="26264" KundEigtNr="26349" KundArt="1" KundStatus="1" KundAufDat="2007-03-13"/>
  <Kunden KundenNr="26265" KundEigtNr="25687" KundArt="1" KundStatus="1" KundAufDat="2007-03-14"/>
  <Kunden KundenNr="26270" KundEigtNr="26351" KundArt="1" KundStatus="1" KundAufDat="2007-03-14"/>
  <Kunden KundenNr="26271" KundEigtNr="26352" KundArt="1" KundStatus="1" KundAufDat="2007-03-14"/>
  <Kunden KundenNr="26269" KundEigtNr="26353" KundArt="1" KundStatus="1" KundAufDat="2007-03-14"/>
  <Kunden KundenNr="26341" KundEigtNr="26354" KundArt="1" KundStatus="1" KundAufDat="2007-03-22"/>
  <Kunden KundenNr="26340" KundEigtNr="26355" KundArt="1" KundStatus="1" KundAufDat="2007-03-22"/>
  <Kunden KundenNr="26343" KundEigtNr="26356" KundArt="1" KundStatus="1" KundAufDat="2007-03-23"/>
  <Kunden KundenNr="26342" KundEigtNr="26357" KundArt="1" KundStatus="1" KundAufDat="2007-03-23"/>
  <Kunden KundenNr="26337" KundEigtNr="26358" KundArt="1" KundStatus="1" KundAufDat="2007-03-22"/>
  <Kunden KundenNr="26336" KundEigtNr="26359" KundArt="1" KundStatus="1" KundAufDat="2007-03-22"/>
  <Kunden KundenNr="26339" KundEigtNr="26360" KundArt="1" KundStatus="1" KundAufDat="2007-03-22"/>
  <Kunden KundenNr="26338" KundEigtNr="26361" KundArt="1" KundStatus="1" KundAufDat="2007-03-22"/>
  <Kunden KundenNr="26349" KundEigtNr="26362" KundArt="1" KundStatus="1" KundAufDat="2007-03-26"/>
  <Kunden KundenNr="26351" KundEigtNr="26363" KundArt="1" KundStatus="1" KundAufDat="2007-03-26"/>
  <Kunden KundenNr="26350" KundEigtNr="26364" KundArt="1" KundStatus="1" KundAufDat="2007-03-26"/>
  <Kunden KundenNr="26345" KundEigtNr="26365" KundArt="1" KundStatus="1" KundAufDat="2007-03-23"/>
  <Kunden KundenNr="26344" KundEigtNr="26366" KundArt="1" KundStatus="1" KundAufDat="2007-03-23"/>
  <Kunden KundenNr="26347" KundEigtNr="26367" KundArt="1" KundStatus="1" KundAufDat="2007-03-23"/>
  <Kunden KundenNr="26346" KundEigtNr="26368" KundArt="1" KundStatus="1" KundAufDat="2007-03-23"/>
  <Kunden KundenNr="26356" KundEigtNr="26369" KundArt="1" KundStatus="1" KundAufDat="2007-03-26"/>
  <Kunden KundenNr="26357" KundEigtNr="26370" KundArt="1" KundStatus="1" KundAufDat="2007-03-26"/>
  <Kunden KundenNr="26358" KundEigtNr="26371" KundArt="1" KundStatus="1" KundAufDat="2007-03-26"/>
  <Kunden KundenNr="26359" KundEigtNr="26372" KundArt="1" KundStatus="1" KundAufDat="2007-03-26"/>
  <Kunden KundenNr="26352" KundEigtNr="26373" KundArt="1" KundStatus="1" KundAufDat="2007-03-26"/>
  <Kunden KundenNr="26353" KundEigtNr="26374" KundArt="1" KundStatus="1" KundAufDat="2007-03-26"/>
  <Kunden KundenNr="26354" KundEigtNr="26375" KundArt="1" KundStatus="1" KundAufDat="2007-03-26"/>
  <Kunden KundenNr="26355" KundEigtNr="26376" KundArt="1" KundStatus="1" KundAufDat="2007-03-26"/>
  <Kunden KundenNr="26364" KundEigtNr="26377" KundArt="1" KundStatus="1" KundAufDat="2007-03-26"/>
  <Kunden KundenNr="26365" KundEigtNr="26378" KundArt="1" KundStatus="1" KundAufDat="2007-03-26"/>
  <Kunden KundenNr="26366" KundEigtNr="26379" KundArt="1" KundStatus="1" KundAufDat="2007-03-26"/>
  <Kunden KundenNr="26367" KundEigtNr="26380" KundArt="1" KundStatus="1" KundAufDat="2007-03-26"/>
  <Kunden KundenNr="26360" KundEigtNr="26381" KundArt="1" KundStatus="1" KundAufDat="2007-03-26"/>
  <Kunden KundenNr="26361" KundEigtNr="26382" KundArt="1" KundStatus="1" KundAufDat="2007-03-26"/>
  <Kunden KundenNr="26362" KundEigtNr="26383" KundArt="1" KundStatus="1" KundAufDat="2007-03-26"/>
  <Kunden KundenNr="26363" KundEigtNr="26384" KundArt="1" KundStatus="1" KundAufDat="2007-03-26"/>
  <Kunden KundenNr="26311" KundEigtNr="26385" KundArt="1" KundStatus="1" KundAufDat="2007-03-19"/>
  <Kunden KundenNr="26310" KundEigtNr="26386" KundArt="1" KundStatus="1" KundAufDat="2007-03-19"/>
  <Kunden KundenNr="26309" KundEigtNr="26387" KundArt="1" KundStatus="1" KundAufDat="2007-03-19"/>
  <Kunden KundenNr="26308" KundEigtNr="26388" KundArt="1" KundStatus="1" KundAufDat="2007-03-19"/>
  <Kunden KundenNr="26307" KundEigtNr="26389" KundArt="1" KundStatus="1" KundAufDat="2007-03-19"/>
  <Kunden KundenNr="26306" KundEigtNr="28341" KundArt="1" KundStatus="1" KundAufDat="2011-09-12"/>
  <Kunden KundenNr="26305" KundEigtNr="26391" KundArt="1" KundStatus="1" KundAufDat="2007-03-19"/>
  <Kunden KundenNr="26304" KundEigtNr="26392" KundArt="1" KundStatus="1" KundAufDat="2007-03-19"/>
  <Kunden KundenNr="26319" KundEigtNr="26393" KundArt="1" KundStatus="1" KundAufDat="2007-03-20"/>
  <Kunden KundenNr="26318" KundEigtNr="26394" KundArt="1" KundStatus="1" KundAufDat="2007-03-20"/>
  <Kunden KundenNr="26317" KundEigtNr="17796" KundArt="1" KundStatus="1" KundAufDat="2007-03-20"/>
  <Kunden KundenNr="26316" KundEigtNr="26395" KundArt="1" KundStatus="1" KundAufDat="2007-03-20"/>
  <Kunden KundenNr="26315" KundEigtNr="26396" KundArt="1" KundStatus="1" KundAufDat="2007-03-20"/>
  <Kunden KundenNr="26314" KundEigtNr="26397" KundArt="1" KundStatus="1" KundAufDat="2007-03-19"/>
  <Kunden KundenNr="26313" KundEigtNr="26398" KundArt="1" KundStatus="1" KundAufDat="2007-03-19"/>
  <Kunden KundenNr="26312" KundEigtNr="26399" KundArt="1" KundStatus="1" KundAufDat="2007-03-19"/>
  <Kunden KundenNr="26327" KundEigtNr="26400" KundArt="1" KundStatus="1" KundAufDat="2007-03-20"/>
  <Kunden KundenNr="26324" KundEigtNr="26401" KundArt="1" KundStatus="1" KundAufDat="2007-03-20"/>
  <Kunden KundenNr="26325" KundEigtNr="26402" KundArt="1" KundStatus="1" KundAufDat="2007-03-20"/>
  <Kunden KundenNr="26322" KundEigtNr="26403" KundArt="1" KundStatus="1" KundAufDat="2007-03-20"/>
  <Kunden KundenNr="26323" KundEigtNr="26404" KundArt="1" KundStatus="1" KundAufDat="2007-03-20"/>
  <Kunden KundenNr="26320" KundEigtNr="26405" KundArt="1" KundStatus="1" KundAufDat="2007-03-20"/>
  <Kunden KundenNr="26321" KundEigtNr="26406" KundArt="1" KundStatus="1" KundAufDat="2007-03-20"/>
  <Kunden KundenNr="26335" KundEigtNr="26407" KundArt="1" KundStatus="1" KundAufDat="2007-03-22"/>
  <Kunden KundenNr="26332" KundEigtNr="26408" KundArt="1" KundStatus="1" KundAufDat="2007-03-22"/>
  <Kunden KundenNr="26333" KundEigtNr="26409" KundArt="1" KundStatus="1" KundAufDat="2007-03-22"/>
  <Kunden KundenNr="26330" KundEigtNr="26410" KundArt="1" KundStatus="1" KundAufDat="2007-03-21"/>
  <Kunden KundenNr="26328" KundEigtNr="26411" KundArt="1" KundStatus="1" KundAufDat="2007-03-20"/>
  <Kunden KundenNr="26329" KundEigtNr="26412" KundArt="1" KundStatus="1" KundAufDat="2007-03-21"/>
  <Kunden KundenNr="26152" KundEigtNr="26413" KundArt="1" KundStatus="1" KundAufDat="2007-03-01"/>
  <Kunden KundenNr="26155" KundEigtNr="26414" KundArt="1" KundStatus="1" KundAufDat="2007-03-01"/>
  <Kunden KundenNr="26156" KundEigtNr="26415" KundArt="1" KundStatus="1" KundAufDat="2007-03-01"/>
  <Kunden KundenNr="26158" KundEigtNr="26416" KundArt="1" KundStatus="1" KundAufDat="2007-03-02"/>
  <Kunden KundenNr="26159" KundEigtNr="26417" KundArt="1" KundStatus="1" KundAufDat="2007-03-02"/>
  <Kunden KundenNr="26144" KundEigtNr="26418" KundArt="1" KundStatus="1" KundAufDat="2007-02-28"/>
  <Kunden KundenNr="26145" KundEigtNr="26419" KundArt="1" KundStatus="1" KundAufDat="2007-02-28"/>
  <Kunden KundenNr="26146" KundEigtNr="26420" KundArt="1" KundStatus="1" KundAufDat="2007-02-28"/>
  <Kunden KundenNr="26147" KundEigtNr="26421" KundArt="1" KundStatus="1" KundAufDat="2007-03-01"/>
  <Kunden KundenNr="26148" KundEigtNr="26422" KundArt="1" KundStatus="1" KundAufDat="2007-03-01"/>
  <Kunden KundenNr="26149" KundEigtNr="26423" KundArt="1" KundStatus="1" KundAufDat="2007-03-01"/>
  <Kunden KundenNr="26150" KundEigtNr="26424" KundArt="1" KundStatus="1" KundAufDat="2007-03-01"/>
  <Kunden KundenNr="26151" KundEigtNr="26425" KundArt="1" KundStatus="1" KundAufDat="2007-03-01"/>
  <Kunden KundenNr="26169" KundEigtNr="26426" KundArt="1" KundStatus="1" KundAufDat="2007-03-05"/>
  <Kunden KundenNr="26168" KundEigtNr="26427" KundArt="1" KundStatus="1" KundAufDat="2007-03-05"/>
  <Kunden KundenNr="26171" KundEigtNr="26428" KundArt="1" KundStatus="1" KundAufDat="2007-03-05"/>
  <Kunden KundenNr="26170" KundEigtNr="26429" KundArt="1" KundStatus="1" KundAufDat="2007-03-05"/>
  <Kunden KundenNr="26173" KundEigtNr="26430" KundArt="1" KundStatus="3" KundAufDat="2007-03-05"/>
  <Kunden KundenNr="26172" KundEigtNr="26431" KundArt="1" KundStatus="1" KundAufDat="2007-03-05"/>
  <Kunden KundenNr="26175" KundEigtNr="26432" KundArt="1" KundStatus="1" KundAufDat="2007-03-05"/>
  <Kunden KundenNr="26174" KundEigtNr="26433" KundArt="1" KundStatus="1" KundAufDat="2007-03-05"/>
  <Kunden KundenNr="26161" KundEigtNr="26434" KundArt="1" KundStatus="1" KundAufDat="2007-03-02"/>
  <Kunden KundenNr="26160" KundEigtNr="26434" KundArt="1" KundStatus="3" KundAufDat="2007-03-02"/>
  <Kunden KundenNr="26163" KundEigtNr="26435" KundArt="1" KundStatus="1" KundAufDat="2007-03-02"/>
  <Kunden KundenNr="26165" KundEigtNr="26436" KundArt="1" KundStatus="1" KundAufDat="2007-03-02"/>
  <Kunden KundenNr="26167" KundEigtNr="26437" KundArt="1" KundStatus="1" KundAufDat="2007-03-05"/>
  <Kunden KundenNr="26166" KundEigtNr="26438" KundArt="1" KundStatus="1" KundAufDat="2007-03-02"/>
  <Kunden KundenNr="26122" KundEigtNr="26439" KundArt="1" KundStatus="1" KundAufDat="2007-02-27"/>
  <Kunden KundenNr="26123" KundEigtNr="26440" KundArt="1" KundStatus="1" KundAufDat="2007-02-27"/>
  <Kunden KundenNr="26120" KundEigtNr="652" KundArt="1" KundStatus="1" KundAufDat="2007-02-27"/>
  <Kunden KundenNr="26121" KundEigtNr="26441" KundArt="1" KundStatus="1" KundAufDat="2007-02-27"/>
  <Kunden KundenNr="26127" KundEigtNr="22449" KundArt="1" KundStatus="1" KundAufDat="2007-02-27"/>
  <Kunden KundenNr="26114" KundEigtNr="26442" KundArt="1" KundStatus="1" KundAufDat="2007-02-27"/>
  <Kunden KundenNr="26115" KundEigtNr="26443" KundArt="1" KundStatus="1" KundAufDat="2007-02-27"/>
  <Kunden KundenNr="26112" KundEigtNr="26444" KundArt="1" KundStatus="1" KundAufDat="2007-02-27"/>
  <Kunden KundenNr="26113" KundEigtNr="26445" KundArt="1" KundStatus="1" KundAufDat="2007-02-27"/>
  <Kunden KundenNr="26118" KundEigtNr="26446" KundArt="1" KundStatus="1" KundAufDat="2007-02-27"/>
  <Kunden KundenNr="26119" KundEigtNr="26447" KundArt="1" KundStatus="1" KundAufDat="2007-02-27"/>
  <Kunden KundenNr="26116" KundEigtNr="26448" KundArt="1" KundStatus="1" KundAufDat="2007-02-27"/>
  <Kunden KundenNr="26117" KundEigtNr="26449" KundArt="1" KundStatus="1" KundAufDat="2007-02-27"/>
  <Kunden KundenNr="26139" KundEigtNr="26450" KundArt="1" KundStatus="1" KundAufDat="2007-02-28"/>
  <Kunden KundenNr="26138" KundEigtNr="26451" KundArt="1" KundStatus="3" KundAufDat="2007-02-28"/>
  <Kunden KundenNr="26137" KundEigtNr="26452" KundArt="1" KundStatus="1" KundAufDat="2007-02-28"/>
  <Kunden KundenNr="26142" KundEigtNr="26453" KundArt="1" KundStatus="1" KundAufDat="2007-02-28"/>
  <Kunden KundenNr="26140" KundEigtNr="26454" KundArt="1" KundStatus="1" KundAufDat="2007-02-28"/>
  <Kunden KundenNr="26130" KundEigtNr="26455" KundArt="1" KundStatus="1" KundAufDat="2007-02-27"/>
  <Kunden KundenNr="26128" KundEigtNr="26456" KundArt="1" KundStatus="1" KundAufDat="2007-02-27"/>
  <Kunden KundenNr="26132" KundEigtNr="26457" KundArt="1" KundStatus="1" KundAufDat="2007-02-27"/>
  <Kunden KundenNr="26220" KundEigtNr="26458" KundArt="1" KundStatus="1" KundAufDat="2007-03-08"/>
  <Kunden KundenNr="26221" KundEigtNr="26459" KundArt="1" KundStatus="1" KundAufDat="2007-03-08"/>
  <Kunden KundenNr="26222" KundEigtNr="26460" KundArt="1" KundStatus="1" KundAufDat="2007-03-08"/>
  <Kunden KundenNr="26223" KundEigtNr="26461" KundArt="1" KundStatus="1" KundAufDat="2007-03-09"/>
  <Kunden KundenNr="26216" KundEigtNr="26429" KundArt="1" KundStatus="1" KundAufDat="2007-03-07"/>
  <Kunden KundenNr="26217" KundEigtNr="26462" KundArt="1" KundStatus="1" KundAufDat="2007-03-08"/>
  <Kunden KundenNr="26218" KundEigtNr="26463" KundArt="1" KundStatus="1" KundAufDat="2007-03-08"/>
  <Kunden KundenNr="26219" KundEigtNr="26464" KundArt="1" KundStatus="1" KundAufDat="2007-03-08"/>
  <Kunden KundenNr="26213" KundEigtNr="26465" KundArt="1" KundStatus="1" KundAufDat="2007-03-07"/>
  <Kunden KundenNr="26214" KundEigtNr="26466" KundArt="1" KundStatus="1" KundAufDat="2007-03-07"/>
  <Kunden KundenNr="26215" KundEigtNr="26467" KundArt="1" KundStatus="1" KundAufDat="2007-03-07"/>
  <Kunden KundenNr="26208" KundEigtNr="26468" KundArt="1" KundStatus="1" KundAufDat="2007-03-07"/>
  <Kunden KundenNr="26209" KundEigtNr="26469" KundArt="1" KundStatus="1" KundAufDat="2007-03-07"/>
  <Kunden KundenNr="26210" KundEigtNr="26470" KundArt="1" KundStatus="1" KundAufDat="2007-03-07"/>
  <Kunden KundenNr="26211" KundEigtNr="26471" KundArt="1" KundStatus="1" KundAufDat="2007-03-07"/>
  <Kunden KundenNr="26237" KundEigtNr="26472" KundArt="1" KundStatus="1" KundAufDat="2007-03-12"/>
  <Kunden KundenNr="26236" KundEigtNr="26473" KundArt="1" KundStatus="1" KundAufDat="2007-03-12"/>
  <Kunden KundenNr="26239" KundEigtNr="26474" KundArt="1" KundStatus="1" KundAufDat="2007-03-12"/>
  <Kunden KundenNr="26238" KundEigtNr="26475" KundArt="1" KundStatus="1" KundAufDat="2007-03-12"/>
  <Kunden KundenNr="26233" KundEigtNr="26476" KundArt="1" KundStatus="1" KundAufDat="2007-03-12"/>
  <Kunden KundenNr="26232" KundEigtNr="26477" KundArt="1" KundStatus="1" KundAufDat="2007-03-12"/>
  <Kunden KundenNr="26235" KundEigtNr="26478" KundArt="1" KundStatus="1" KundAufDat="2007-03-12"/>
  <Kunden KundenNr="26234" KundEigtNr="26479" KundArt="1" KundStatus="1" KundAufDat="2007-03-12"/>
  <Kunden KundenNr="26231" KundEigtNr="26480" KundArt="1" KundStatus="1" KundAufDat="2007-03-12"/>
  <Kunden KundenNr="26230" KundEigtNr="26481" KundArt="1" KundStatus="1" KundAufDat="2007-03-12"/>
  <Kunden KundenNr="26225" KundEigtNr="26482" KundArt="1" KundStatus="1" KundAufDat="2007-03-09"/>
  <Kunden KundenNr="26224" KundEigtNr="26483" KundArt="1" KundStatus="1" KundAufDat="2007-03-09"/>
  <Kunden KundenNr="26227" KundEigtNr="12631" KundArt="1" KundStatus="1" KundAufDat="2007-03-09"/>
  <Kunden KundenNr="26226" KundEigtNr="26484" KundArt="1" KundStatus="1" KundAufDat="2007-03-09"/>
  <Kunden KundenNr="26190" KundEigtNr="26485" KundArt="1" KundStatus="1" KundAufDat="2007-03-05"/>
  <Kunden KundenNr="26191" KundEigtNr="26486" KundArt="1" KundStatus="1" KundAufDat="2007-03-05"/>
  <Kunden KundenNr="26188" KundEigtNr="26487" KundArt="1" KundStatus="1" KundAufDat="2007-03-05"/>
  <Kunden KundenNr="26189" KundEigtNr="26488" KundArt="1" KundStatus="1" KundAufDat="2007-03-05"/>
  <Kunden KundenNr="26186" KundEigtNr="26489" KundArt="1" KundStatus="1" KundAufDat="2007-03-05"/>
  <Kunden KundenNr="26187" KundEigtNr="26490" KundArt="1" KundStatus="1" KundAufDat="2007-03-05"/>
  <Kunden KundenNr="26184" KundEigtNr="26491" KundArt="1" KundStatus="1" KundAufDat="2007-03-05"/>
  <Kunden KundenNr="26185" KundEigtNr="26492" KundArt="1" KundStatus="1" KundAufDat="2007-03-05"/>
  <Kunden KundenNr="26182" KundEigtNr="26493" KundArt="1" KundStatus="1" KundAufDat="2007-03-05"/>
  <Kunden KundenNr="26183" KundEigtNr="26494" KundArt="1" KundStatus="1" KundAufDat="2007-03-05"/>
  <Kunden KundenNr="26180" KundEigtNr="26495" KundArt="1" KundStatus="3" KundAufDat="2007-03-05"/>
  <Kunden KundenNr="26181" KundEigtNr="20465" KundArt="1" KundStatus="1" KundAufDat="2007-03-05"/>
  <Kunden KundenNr="26178" KundEigtNr="26496" KundArt="1" KundStatus="1" KundAufDat="2007-03-05"/>
  <Kunden KundenNr="26179" KundEigtNr="26497" KundArt="1" KundStatus="1" KundAufDat="2007-03-05"/>
  <Kunden KundenNr="26176" KundEigtNr="26498" KundArt="1" KundStatus="1" KundAufDat="2007-03-05"/>
  <Kunden KundenNr="26207" KundEigtNr="26499" KundArt="1" KundStatus="1" KundAufDat="2007-03-06"/>
  <Kunden KundenNr="26206" KundEigtNr="26500" KundArt="1" KundStatus="1" KundAufDat="2007-03-06"/>
  <Kunden KundenNr="26205" KundEigtNr="26501" KundArt="1" KundStatus="3" KundAufDat="2007-03-06"/>
  <Kunden KundenNr="26203" KundEigtNr="26502" KundArt="1" KundStatus="1" KundAufDat="2007-03-06"/>
  <Kunden KundenNr="26202" KundEigtNr="26503" KundArt="1" KundStatus="1" KundAufDat="2007-03-06"/>
  <Kunden KundenNr="26201" KundEigtNr="26504" KundArt="1" KundStatus="1" KundAufDat="2007-03-06"/>
  <Kunden KundenNr="26200" KundEigtNr="26505" KundArt="1" KundStatus="1" KundAufDat="2007-03-06"/>
  <Kunden KundenNr="26199" KundEigtNr="26506" KundArt="1" KundStatus="1" KundAufDat="2007-03-06"/>
  <Kunden KundenNr="26198" KundEigtNr="26507" KundArt="1" KundStatus="1" KundAufDat="2007-03-06"/>
  <Kunden KundenNr="26197" KundEigtNr="26508" KundArt="1" KundStatus="1" KundAufDat="2007-03-06"/>
  <Kunden KundenNr="26196" KundEigtNr="26509" KundArt="1" KundStatus="1" KundAufDat="2007-03-06"/>
  <Kunden KundenNr="26195" KundEigtNr="26510" KundArt="1" KundStatus="1" KundAufDat="2007-03-06"/>
  <Kunden KundenNr="26194" KundEigtNr="26511" KundArt="1" KundStatus="1" KundAufDat="2007-03-06"/>
  <Kunden KundenNr="26193" KundEigtNr="26512" KundArt="1" KundStatus="1" KundAufDat="2007-03-06"/>
  <Kunden KundenNr="26192" KundEigtNr="26513" KundArt="1" KundStatus="1" KundAufDat="2007-03-06"/>
  <Kunden KundenNr="26546" KundEigtNr="26514" KundArt="1" KundStatus="1" KundAufDat="2007-04-17"/>
  <Kunden KundenNr="26547" KundEigtNr="26515" KundArt="1" KundStatus="1" KundAufDat="2007-04-17"/>
  <Kunden KundenNr="26545" KundEigtNr="26516" KundArt="1" KundStatus="1" KundAufDat="2007-04-17"/>
  <Kunden KundenNr="26550" KundEigtNr="26517" KundArt="1" KundStatus="1" KundAufDat="2007-04-17"/>
  <Kunden KundenNr="26551" KundEigtNr="26518" KundArt="1" KundStatus="1" KundAufDat="2007-04-17"/>
  <Kunden KundenNr="26548" KundEigtNr="19114" KundArt="1" KundStatus="1" KundAufDat="2007-04-17"/>
  <Kunden KundenNr="26554" KundEigtNr="26519" KundArt="1" KundStatus="1" KundAufDat="2007-04-18"/>
  <Kunden KundenNr="26555" KundEigtNr="26520" KundArt="1" KundStatus="1" KundAufDat="2007-04-18"/>
  <Kunden KundenNr="26552" KundEigtNr="26521" KundArt="1" KundStatus="1" KundAufDat="2007-04-17"/>
  <Kunden KundenNr="26553" KundEigtNr="26522" KundArt="1" KundStatus="1" KundAufDat="2007-04-18"/>
  <Kunden KundenNr="26558" KundEigtNr="26523" KundArt="1" KundStatus="1" KundAufDat="2007-04-18"/>
  <Kunden KundenNr="26559" KundEigtNr="26524" KundArt="1" KundStatus="1" KundAufDat="2007-04-18"/>
  <Kunden KundenNr="26556" KundEigtNr="26525" KundArt="1" KundStatus="1" KundAufDat="2007-04-18"/>
  <Kunden KundenNr="26557" KundEigtNr="26526" KundArt="1" KundStatus="1" KundAufDat="2007-04-18"/>
  <Kunden KundenNr="26531" KundEigtNr="26527" KundArt="1" KundStatus="1" KundAufDat="2007-04-17"/>
  <Kunden KundenNr="26530" KundEigtNr="26528" KundArt="1" KundStatus="1" KundAufDat="2007-04-17"/>
  <Kunden KundenNr="26529" KundEigtNr="26529" KundArt="1" KundStatus="1" KundAufDat="2007-04-16"/>
  <Kunden KundenNr="26528" KundEigtNr="26530" KundArt="1" KundStatus="1" KundAufDat="2007-04-16"/>
  <Kunden KundenNr="26535" KundEigtNr="26531" KundArt="1" KundStatus="1" KundAufDat="2007-04-17"/>
  <Kunden KundenNr="26534" KundEigtNr="26532" KundArt="1" KundStatus="1" KundAufDat="2007-04-17"/>
  <Kunden KundenNr="26533" KundEigtNr="26533" KundArt="1" KundStatus="1" KundAufDat="2007-04-17"/>
  <Kunden KundenNr="26532" KundEigtNr="26534" KundArt="1" KundStatus="1" KundAufDat="2007-04-17"/>
  <Kunden KundenNr="26539" KundEigtNr="26535" KundArt="1" KundStatus="1" KundAufDat="2007-04-17"/>
  <Kunden KundenNr="26538" KundEigtNr="26536" KundArt="1" KundStatus="1" KundAufDat="2007-04-17"/>
  <Kunden KundenNr="26543" KundEigtNr="26537" KundArt="1" KundStatus="1" KundAufDat="2007-04-17"/>
  <Kunden KundenNr="26542" KundEigtNr="26538" KundArt="1" KundStatus="1" KundAufDat="2007-04-17"/>
  <Kunden KundenNr="26541" KundEigtNr="26539" KundArt="1" KundStatus="1" KundAufDat="2007-04-17"/>
  <Kunden KundenNr="26540" KundEigtNr="26540" KundArt="1" KundStatus="1" KundAufDat="2007-04-17"/>
  <Kunden KundenNr="26513" KundEigtNr="26541" KundArt="1" KundStatus="1" KundAufDat="2007-04-16"/>
  <Kunden KundenNr="26514" KundEigtNr="26542" KundArt="1" KundStatus="1" KundAufDat="2007-04-16"/>
  <Kunden KundenNr="26515" KundEigtNr="26543" KundArt="1" KundStatus="1" KundAufDat="2007-04-16"/>
  <Kunden KundenNr="26516" KundEigtNr="26544" KundArt="1" KundStatus="1" KundAufDat="2007-04-16"/>
  <Kunden KundenNr="26517" KundEigtNr="26545" KundArt="1" KundStatus="1" KundAufDat="2007-04-16"/>
  <Kunden KundenNr="26518" KundEigtNr="26546" KundArt="1" KundStatus="1" KundAufDat="2007-04-16"/>
  <Kunden KundenNr="26519" KundEigtNr="26547" KundArt="1" KundStatus="1" KundAufDat="2007-04-16"/>
  <Kunden KundenNr="26520" KundEigtNr="26548" KundArt="1" KundStatus="1" KundAufDat="2007-04-16"/>
  <Kunden KundenNr="26521" KundEigtNr="26549" KundArt="1" KundStatus="1" KundAufDat="2007-04-16"/>
  <Kunden KundenNr="26522" KundEigtNr="26550" KundArt="1" KundStatus="1" KundAufDat="2007-04-16"/>
  <Kunden KundenNr="26523" KundEigtNr="26551" KundArt="1" KundStatus="1" KundAufDat="2007-04-16"/>
  <Kunden KundenNr="26524" KundEigtNr="26552" KundArt="1" KundStatus="1" KundAufDat="2007-04-16"/>
  <Kunden KundenNr="26525" KundEigtNr="26553" KundArt="1" KundStatus="1" KundAufDat="2007-04-16"/>
  <Kunden KundenNr="26526" KundEigtNr="26554" KundArt="1" KundStatus="1" KundAufDat="2007-04-16"/>
  <Kunden KundenNr="26527" KundEigtNr="26555" KundArt="1" KundStatus="1" KundAufDat="2007-04-16"/>
  <Kunden KundenNr="26497" KundEigtNr="26556" KundArt="1" KundStatus="1" KundAufDat="2007-04-13"/>
  <Kunden KundenNr="26496" KundEigtNr="26557" KundArt="1" KundStatus="1" KundAufDat="2007-04-13"/>
  <Kunden KundenNr="26499" KundEigtNr="26558" KundArt="1" KundStatus="1" KundAufDat="2007-04-13"/>
  <Kunden KundenNr="26498" KundEigtNr="26559" KundArt="1" KundStatus="1" KundAufDat="2007-04-13"/>
  <Kunden KundenNr="26501" KundEigtNr="26560" KundArt="1" KundStatus="1" KundAufDat="2007-04-16"/>
  <Kunden KundenNr="26500" KundEigtNr="26561" KundArt="1" KundStatus="1" KundAufDat="2007-04-16"/>
  <Kunden KundenNr="26503" KundEigtNr="26562" KundArt="1" KundStatus="1" KundAufDat="2007-04-16"/>
  <Kunden KundenNr="26502" KundEigtNr="26563" KundArt="1" KundStatus="1" KundAufDat="2007-04-16"/>
  <Kunden KundenNr="26505" KundEigtNr="26564" KundArt="1" KundStatus="1" KundAufDat="2007-04-16"/>
  <Kunden KundenNr="26504" KundEigtNr="26565" KundArt="1" KundStatus="1" KundAufDat="2007-04-16"/>
  <Kunden KundenNr="26507" KundEigtNr="26566" KundArt="1" KundStatus="1" KundAufDat="2007-04-16"/>
  <Kunden KundenNr="26506" KundEigtNr="26567" KundArt="1" KundStatus="1" KundAufDat="2007-04-16"/>
  <Kunden KundenNr="26509" KundEigtNr="26568" KundArt="1" KundStatus="1" KundAufDat="2007-04-16"/>
  <Kunden KundenNr="26508" KundEigtNr="26569" KundArt="1" KundStatus="1" KundAufDat="2007-04-16"/>
  <Kunden KundenNr="26511" KundEigtNr="26570" KundArt="1" KundStatus="1" KundAufDat="2007-04-16"/>
  <Kunden KundenNr="26510" KundEigtNr="26571" KundArt="1" KundStatus="1" KundAufDat="2007-04-16"/>
  <Kunden KundenNr="26614" KundEigtNr="26572" KundArt="1" KundStatus="1" KundAufDat="2007-04-24"/>
  <Kunden KundenNr="26615" KundEigtNr="26573" KundArt="1" KundStatus="1" KundAufDat="2007-04-24"/>
  <Kunden KundenNr="26612" KundEigtNr="26574" KundArt="1" KundStatus="1" KundAufDat="2007-04-23"/>
  <Kunden KundenNr="26613" KundEigtNr="26575" KundArt="1" KundStatus="1" KundAufDat="2007-04-23"/>
  <Kunden KundenNr="26610" KundEigtNr="26576" KundArt="1" KundStatus="1" KundAufDat="2007-04-23"/>
  <Kunden KundenNr="26611" KundEigtNr="26577" KundArt="1" KundStatus="1" KundAufDat="2007-04-23"/>
  <Kunden KundenNr="26608" KundEigtNr="26578" KundArt="1" KundStatus="1" KundAufDat="2007-04-23"/>
  <Kunden KundenNr="26609" KundEigtNr="26579" KundArt="1" KundStatus="1" KundAufDat="2007-04-23"/>
  <Kunden KundenNr="26622" KundEigtNr="26580" KundArt="1" KundStatus="1" KundAufDat="2007-04-24"/>
  <Kunden KundenNr="26623" KundEigtNr="26581" KundArt="1" KundStatus="1" KundAufDat="2007-04-24"/>
  <Kunden KundenNr="26621" KundEigtNr="26582" KundArt="1" KundStatus="1" KundAufDat="2007-04-24"/>
  <Kunden KundenNr="26618" KundEigtNr="26583" KundArt="1" KundStatus="1" KundAufDat="2007-04-24"/>
  <Kunden KundenNr="26619" KundEigtNr="26584" KundArt="1" KundStatus="1" KundAufDat="2007-04-24"/>
  <Kunden KundenNr="26616" KundEigtNr="26585" KundArt="1" KundStatus="1" KundAufDat="2007-04-24"/>
  <Kunden KundenNr="26617" KundEigtNr="26586" KundArt="1" KundStatus="1" KundAufDat="2007-04-24"/>
  <Kunden KundenNr="26599" KundEigtNr="26587" KundArt="1" KundStatus="1" KundAufDat="2007-04-23"/>
  <Kunden KundenNr="26598" KundEigtNr="26588" KundArt="1" KundStatus="1" KundAufDat="2007-04-23"/>
  <Kunden KundenNr="26597" KundEigtNr="26589" KundArt="1" KundStatus="1" KundAufDat="2007-04-23"/>
  <Kunden KundenNr="26596" KundEigtNr="26590" KundArt="1" KundStatus="1" KundAufDat="2007-04-23"/>
  <Kunden KundenNr="26595" KundEigtNr="26591" KundArt="1" KundStatus="1" KundAufDat="2007-04-23"/>
  <Kunden KundenNr="26594" KundEigtNr="26592" KundArt="1" KundStatus="1" KundAufDat="2007-04-23"/>
  <Kunden KundenNr="26593" KundEigtNr="26593" KundArt="1" KundStatus="1" KundAufDat="2007-04-23"/>
  <Kunden KundenNr="26592" KundEigtNr="26594" KundArt="1" KundStatus="1" KundAufDat="2007-04-23"/>
  <Kunden KundenNr="26607" KundEigtNr="26595" KundArt="1" KundStatus="1" KundAufDat="2007-04-23"/>
  <Kunden KundenNr="26606" KundEigtNr="26596" KundArt="1" KundStatus="1" KundAufDat="2007-04-23"/>
  <Kunden KundenNr="26605" KundEigtNr="26597" KundArt="1" KundStatus="1" KundAufDat="2007-04-23"/>
  <Kunden KundenNr="26604" KundEigtNr="26598" KundArt="1" KundStatus="1" KundAufDat="2007-04-23"/>
  <Kunden KundenNr="26603" KundEigtNr="26599" KundArt="1" KundStatus="1" KundAufDat="2007-04-23"/>
  <Kunden KundenNr="26602" KundEigtNr="26600" KundArt="1" KundStatus="1" KundAufDat="2007-04-23"/>
  <Kunden KundenNr="26601" KundEigtNr="26601" KundArt="1" KundStatus="1" KundAufDat="2007-04-23"/>
  <Kunden KundenNr="26600" KundEigtNr="26602" KundArt="1" KundStatus="1" KundAufDat="2007-04-23"/>
  <Kunden KundenNr="26580" KundEigtNr="26603" KundArt="1" KundStatus="1" KundAufDat="2007-04-23"/>
  <Kunden KundenNr="26581" KundEigtNr="26604" KundArt="1" KundStatus="1" KundAufDat="2007-04-23"/>
  <Kunden KundenNr="26582" KundEigtNr="26605" KundArt="1" KundStatus="1" KundAufDat="2007-04-23"/>
  <Kunden KundenNr="26583" KundEigtNr="26606" KundArt="1" KundStatus="1" KundAufDat="2007-04-23"/>
  <Kunden KundenNr="26576" KundEigtNr="26607" KundArt="1" KundStatus="1" KundAufDat="2007-04-20"/>
  <Kunden KundenNr="26577" KundEigtNr="26608" KundArt="1" KundStatus="1" KundAufDat="2007-04-20"/>
  <Kunden KundenNr="26578" KundEigtNr="26609" KundArt="1" KundStatus="1" KundAufDat="2007-04-20"/>
  <Kunden KundenNr="26579" KundEigtNr="26610" KundArt="1" KundStatus="1" KundAufDat="2007-04-20"/>
  <Kunden KundenNr="26590" KundEigtNr="26611" KundArt="1" KundStatus="1" KundAufDat="2007-04-23"/>
  <Kunden KundenNr="26591" KundEigtNr="26612" KundArt="1" KundStatus="1" KundAufDat="2007-04-23"/>
  <Kunden KundenNr="26584" KundEigtNr="26613" KundArt="1" KundStatus="1" KundAufDat="2007-04-23"/>
  <Kunden KundenNr="26585" KundEigtNr="26614" KundArt="1" KundStatus="1" KundAufDat="2007-04-23"/>
  <Kunden KundenNr="26586" KundEigtNr="26615" KundArt="1" KundStatus="1" KundAufDat="2007-04-23"/>
  <Kunden KundenNr="26587" KundEigtNr="26616" KundArt="1" KundStatus="1" KundAufDat="2007-04-23"/>
  <Kunden KundenNr="26565" KundEigtNr="26617" KundArt="1" KundStatus="1" KundAufDat="2007-04-19"/>
  <Kunden KundenNr="26564" KundEigtNr="26618" KundArt="1" KundStatus="1" KundAufDat="2007-04-19"/>
  <Kunden KundenNr="26567" KundEigtNr="26619" KundArt="1" KundStatus="1" KundAufDat="2007-04-19"/>
  <Kunden KundenNr="26566" KundEigtNr="26620" KundArt="1" KundStatus="1" KundAufDat="2007-04-19"/>
  <Kunden KundenNr="26561" KundEigtNr="26621" KundArt="1" KundStatus="1" KundAufDat="2007-04-18"/>
  <Kunden KundenNr="26560" KundEigtNr="26622" KundArt="1" KundStatus="1" KundAufDat="2007-04-18"/>
  <Kunden KundenNr="26563" KundEigtNr="26623" KundArt="1" KundStatus="1" KundAufDat="2007-04-18"/>
  <Kunden KundenNr="26562" KundEigtNr="26624" KundArt="1" KundStatus="1" KundAufDat="2007-04-18"/>
  <Kunden KundenNr="26573" KundEigtNr="26625" KundArt="1" KundStatus="1" KundAufDat="2007-04-20"/>
  <Kunden KundenNr="26572" KundEigtNr="26626" KundArt="1" KundStatus="1" KundAufDat="2007-04-20"/>
  <Kunden KundenNr="26575" KundEigtNr="6961" KundArt="1" KundStatus="1" KundAufDat="2007-04-20"/>
  <Kunden KundenNr="26574" KundEigtNr="26627" KundArt="1" KundStatus="1" KundAufDat="2007-04-20"/>
  <Kunden KundenNr="26569" KundEigtNr="26628" KundArt="1" KundStatus="1" KundAufDat="2007-04-20"/>
  <Kunden KundenNr="26568" KundEigtNr="26629" KundArt="1" KundStatus="1" KundAufDat="2007-04-19"/>
  <Kunden KundenNr="26571" KundEigtNr="26630" KundArt="1" KundStatus="1" KundAufDat="2007-04-20"/>
  <Kunden KundenNr="26426" KundEigtNr="26631" KundArt="1" KundStatus="1" KundAufDat="2007-04-04"/>
  <Kunden KundenNr="26425" KundEigtNr="26632" KundArt="1" KundStatus="1" KundAufDat="2007-04-04"/>
  <Kunden KundenNr="26424" KundEigtNr="26633" KundArt="1" KundStatus="1" KundAufDat="2007-04-04"/>
  <Kunden KundenNr="26430" KundEigtNr="26634" KundArt="1" KundStatus="1" KundAufDat="2007-04-04"/>
  <Kunden KundenNr="26429" KundEigtNr="26635" KundArt="1" KundStatus="1" KundAufDat="2007-04-04"/>
  <Kunden KundenNr="26428" KundEigtNr="26636" KundArt="1" KundStatus="1" KundAufDat="2007-04-04"/>
  <Kunden KundenNr="26419" KundEigtNr="26637" KundArt="1" KundStatus="1" KundAufDat="2007-04-03"/>
  <Kunden KundenNr="26417" KundEigtNr="26638" KundArt="1" KundStatus="1" KundAufDat="2007-04-03"/>
  <Kunden KundenNr="26416" KundEigtNr="26639" KundArt="1" KundStatus="1" KundAufDat="2007-04-03"/>
  <Kunden KundenNr="26421" KundEigtNr="24620" KundArt="1" KundStatus="1" KundAufDat="2007-04-03"/>
  <Kunden KundenNr="26420" KundEigtNr="26640" KundArt="1" KundStatus="1" KundAufDat="2007-04-03"/>
  <Kunden KundenNr="26410" KundEigtNr="26641" KundArt="1" KundStatus="1" KundAufDat="2007-04-02"/>
  <Kunden KundenNr="26411" KundEigtNr="26642" KundArt="1" KundStatus="1" KundAufDat="2007-04-02"/>
  <Kunden KundenNr="26408" KundEigtNr="26643" KundArt="1" KundStatus="1" KundAufDat="2007-04-02"/>
  <Kunden KundenNr="26409" KundEigtNr="26644" KundArt="1" KundStatus="1" KundAufDat="2007-04-02"/>
  <Kunden KundenNr="26414" KundEigtNr="26645" KundArt="1" KundStatus="1" KundAufDat="2007-04-03"/>
  <Kunden KundenNr="26415" KundEigtNr="26646" KundArt="1" KundStatus="1" KundAufDat="2007-04-03"/>
  <Kunden KundenNr="26412" KundEigtNr="26647" KundArt="1" KundStatus="1" KundAufDat="2007-04-02"/>
  <Kunden KundenNr="26403" KundEigtNr="26648" KundArt="1" KundStatus="1" KundAufDat="2007-03-30"/>
  <Kunden KundenNr="26401" KundEigtNr="26649" KundArt="1" KundStatus="1" KundAufDat="2007-03-30"/>
  <Kunden KundenNr="26406" KundEigtNr="26650" KundArt="1" KundStatus="1" KundAufDat="2007-03-30"/>
  <Kunden KundenNr="26407" KundEigtNr="26651" KundArt="1" KundStatus="1" KundAufDat="2007-04-02"/>
  <Kunden KundenNr="26404" KundEigtNr="26652" KundArt="1" KundStatus="1" KundAufDat="2007-03-30"/>
  <Kunden KundenNr="26405" KundEigtNr="26653" KundArt="1" KundStatus="1" KundAufDat="2007-03-30"/>
  <Kunden KundenNr="26393" KundEigtNr="26654" KundArt="1" KundStatus="1" KundAufDat="2007-03-29"/>
  <Kunden KundenNr="26392" KundEigtNr="24048" KundArt="1" KundStatus="1" KundAufDat="2007-03-29"/>
  <Kunden KundenNr="26395" KundEigtNr="26655" KundArt="1" KundStatus="1" KundAufDat="2007-03-29"/>
  <Kunden KundenNr="26394" KundEigtNr="26656" KundArt="1" KundStatus="1" KundAufDat="2007-03-29"/>
  <Kunden KundenNr="26397" KundEigtNr="26657" KundArt="1" KundStatus="1" KundAufDat="2007-03-29"/>
  <Kunden KundenNr="26396" KundEigtNr="26658" KundArt="1" KundStatus="1" KundAufDat="2007-03-29"/>
  <Kunden KundenNr="26399" KundEigtNr="26659" KundArt="1" KundStatus="1" KundAufDat="2007-03-30"/>
  <Kunden KundenNr="26385" KundEigtNr="26660" KundArt="1" KundStatus="1" KundAufDat="2007-03-28"/>
  <Kunden KundenNr="26384" KundEigtNr="26661" KundArt="1" KundStatus="1" KundAufDat="2007-03-28"/>
  <Kunden KundenNr="26387" KundEigtNr="26662" KundArt="1" KundStatus="1" KundAufDat="2007-03-28"/>
  <Kunden KundenNr="26386" KundEigtNr="26663" KundArt="1" KundStatus="1" KundAufDat="2007-03-28"/>
  <Kunden KundenNr="26389" KundEigtNr="26664" KundArt="1" KundStatus="1" KundAufDat="2007-03-28"/>
  <Kunden KundenNr="26388" KundEigtNr="26665" KundArt="1" KundStatus="1" KundAufDat="2007-03-28"/>
  <Kunden KundenNr="26391" KundEigtNr="26666" KundArt="1" KundStatus="1" KundAufDat="2007-03-29"/>
  <Kunden KundenNr="26390" KundEigtNr="26667" KundArt="1" KundStatus="1" KundAufDat="2007-03-29"/>
  <Kunden KundenNr="26376" KundEigtNr="26668" KundArt="1" KundStatus="1" KundAufDat="2007-03-26"/>
  <Kunden KundenNr="26377" KundEigtNr="26669" KundArt="1" KundStatus="1" KundAufDat="2007-03-27"/>
  <Kunden KundenNr="26378" KundEigtNr="26670" KundArt="1" KundStatus="1" KundAufDat="2007-03-27"/>
  <Kunden KundenNr="26379" KundEigtNr="26671" KundArt="1" KundStatus="1" KundAufDat="2007-03-27"/>
  <Kunden KundenNr="26380" KundEigtNr="26672" KundArt="1" KundStatus="1" KundAufDat="2007-03-27"/>
  <Kunden KundenNr="26381" KundEigtNr="26673" KundArt="1" KundStatus="1" KundAufDat="2007-03-27"/>
  <Kunden KundenNr="26382" KundEigtNr="26674" KundArt="1" KundStatus="1" KundAufDat="2007-03-27"/>
  <Kunden KundenNr="26383" KundEigtNr="26675" KundArt="1" KundStatus="1" KundAufDat="2007-03-28"/>
  <Kunden KundenNr="26368" KundEigtNr="26676" KundArt="1" KundStatus="1" KundAufDat="2007-03-26"/>
  <Kunden KundenNr="26369" KundEigtNr="26677" KundArt="1" KundStatus="1" KundAufDat="2007-03-26"/>
  <Kunden KundenNr="26370" KundEigtNr="26678" KundArt="1" KundStatus="1" KundAufDat="2007-03-26"/>
  <Kunden KundenNr="26372" KundEigtNr="26679" KundArt="1" KundStatus="1" KundAufDat="2007-03-26"/>
  <Kunden KundenNr="26373" KundEigtNr="26680" KundArt="1" KundStatus="1" KundAufDat="2007-03-26"/>
  <Kunden KundenNr="26374" KundEigtNr="26681" KundArt="1" KundStatus="1" KundAufDat="2007-03-26"/>
  <Kunden KundenNr="26375" KundEigtNr="26682" KundArt="1" KundStatus="1" KundAufDat="2007-03-26"/>
  <Kunden KundenNr="26495" KundEigtNr="26485" KundArt="1" KundStatus="1" KundAufDat="2007-04-12"/>
  <Kunden KundenNr="26494" KundEigtNr="26683" KundArt="1" KundStatus="1" KundAufDat="2007-04-12"/>
  <Kunden KundenNr="26493" KundEigtNr="26684" KundArt="1" KundStatus="1" KundAufDat="2007-04-12"/>
  <Kunden KundenNr="26492" KundEigtNr="26685" KundArt="1" KundStatus="1" KundAufDat="2007-04-12"/>
  <Kunden KundenNr="26491" KundEigtNr="26686" KundArt="1" KundStatus="1" KundAufDat="2007-04-12"/>
  <Kunden KundenNr="26490" KundEigtNr="26687" KundArt="1" KundStatus="1" KundAufDat="2007-04-12"/>
  <Kunden KundenNr="26489" KundEigtNr="26661" KundArt="1" KundStatus="1" KundAufDat="2007-04-12"/>
  <Kunden KundenNr="26488" KundEigtNr="26688" KundArt="1" KundStatus="1" KundAufDat="2007-04-12"/>
  <Kunden KundenNr="26487" KundEigtNr="26689" KundArt="1" KundStatus="1" KundAufDat="2007-04-11"/>
  <Kunden KundenNr="26486" KundEigtNr="26690" KundArt="1" KundStatus="1" KundAufDat="2007-04-11"/>
  <Kunden KundenNr="26485" KundEigtNr="26549" KundArt="1" KundStatus="1" KundAufDat="2007-04-11"/>
  <Kunden KundenNr="26484" KundEigtNr="26691" KundArt="1" KundStatus="1" KundAufDat="2007-04-11"/>
  <Kunden KundenNr="26483" KundEigtNr="12443" KundArt="1" KundStatus="1" KundAufDat="2007-04-11"/>
  <Kunden KundenNr="26482" KundEigtNr="26692" KundArt="1" KundStatus="1" KundAufDat="2007-04-11"/>
  <Kunden KundenNr="26481" KundEigtNr="26693" KundArt="1" KundStatus="1" KundAufDat="2007-04-11"/>
  <Kunden KundenNr="26480" KundEigtNr="26694" KundArt="1" KundStatus="1" KundAufDat="2007-04-11"/>
  <Kunden KundenNr="26478" KundEigtNr="26695" KundArt="1" KundStatus="1" KundAufDat="2007-04-11"/>
  <Kunden KundenNr="26479" KundEigtNr="26696" KundArt="1" KundStatus="1" KundAufDat="2007-04-11"/>
  <Kunden KundenNr="26476" KundEigtNr="26697" KundArt="1" KundStatus="1" KundAufDat="2007-04-11"/>
  <Kunden KundenNr="26477" KundEigtNr="26698" KundArt="1" KundStatus="1" KundAufDat="2007-04-11"/>
  <Kunden KundenNr="26474" KundEigtNr="26699" KundArt="1" KundStatus="1" KundAufDat="2007-04-11"/>
  <Kunden KundenNr="26475" KundEigtNr="26700" KundArt="1" KundStatus="1" KundAufDat="2007-04-11"/>
  <Kunden KundenNr="26472" KundEigtNr="26701" KundArt="1" KundStatus="1" KundAufDat="2007-04-11"/>
  <Kunden KundenNr="26473" KundEigtNr="26702" KundArt="1" KundStatus="1" KundAufDat="2007-04-11"/>
  <Kunden KundenNr="26470" KundEigtNr="26703" KundArt="1" KundStatus="1" KundAufDat="2007-04-11"/>
  <Kunden KundenNr="26471" KundEigtNr="26704" KundArt="1" KundStatus="1" KundAufDat="2007-04-11"/>
  <Kunden KundenNr="26468" KundEigtNr="26705" KundArt="1" KundStatus="1" KundAufDat="2007-04-11"/>
  <Kunden KundenNr="26469" KundEigtNr="26706" KundArt="1" KundStatus="1" KundAufDat="2007-04-11"/>
  <Kunden KundenNr="26466" KundEigtNr="26707" KundArt="1" KundStatus="1" KundAufDat="2007-04-11"/>
  <Kunden KundenNr="26467" KundEigtNr="26708" KundArt="1" KundStatus="1" KundAufDat="2007-04-11"/>
  <Kunden KundenNr="26464" KundEigtNr="26709" KundArt="1" KundStatus="1" KundAufDat="2007-04-11"/>
  <Kunden KundenNr="26465" KundEigtNr="26710" KundArt="1" KundStatus="1" KundAufDat="2007-04-11"/>
  <Kunden KundenNr="26461" KundEigtNr="26711" KundArt="1" KundStatus="1" KundAufDat="2007-04-10"/>
  <Kunden KundenNr="26460" KundEigtNr="26712" KundArt="1" KundStatus="1" KundAufDat="2007-04-10"/>
  <Kunden KundenNr="26463" KundEigtNr="26713" KundArt="1" KundStatus="1" KundAufDat="2007-04-11"/>
  <Kunden KundenNr="26462" KundEigtNr="26714" KundArt="1" KundStatus="1" KundAufDat="2007-04-10"/>
  <Kunden KundenNr="26457" KundEigtNr="26715" KundArt="1" KundStatus="1" KundAufDat="2007-04-10"/>
  <Kunden KundenNr="26456" KundEigtNr="26716" KundArt="1" KundStatus="1" KundAufDat="2007-04-10"/>
  <Kunden KundenNr="26459" KundEigtNr="26717" KundArt="1" KundStatus="1" KundAufDat="2007-04-10"/>
  <Kunden KundenNr="26458" KundEigtNr="26718" KundArt="1" KundStatus="1" KundAufDat="2007-04-10"/>
  <Kunden KundenNr="26453" KundEigtNr="26719" KundArt="1" KundStatus="1" KundAufDat="2007-04-10"/>
  <Kunden KundenNr="26452" KundEigtNr="26720" KundArt="1" KundStatus="1" KundAufDat="2007-04-10"/>
  <Kunden KundenNr="26455" KundEigtNr="26716" KundArt="1" KundStatus="1" KundAufDat="2007-04-10"/>
  <Kunden KundenNr="26454" KundEigtNr="26721" KundArt="1" KundStatus="1" KundAufDat="2007-04-10"/>
  <Kunden KundenNr="26449" KundEigtNr="26722" KundArt="1" KundStatus="1" KundAufDat="2007-04-10"/>
  <Kunden KundenNr="26451" KundEigtNr="26723" KundArt="1" KundStatus="1" KundAufDat="2007-04-10"/>
  <Kunden KundenNr="26450" KundEigtNr="26724" KundArt="1" KundStatus="1" KundAufDat="2007-04-10"/>
  <Kunden KundenNr="26444" KundEigtNr="26725" KundArt="1" KundStatus="1" KundAufDat="2007-04-05"/>
  <Kunden KundenNr="26445" KundEigtNr="26495" KundArt="1" KundStatus="1" KundAufDat="2007-04-05"/>
  <Kunden KundenNr="26446" KundEigtNr="26726" KundArt="1" KundStatus="1" KundAufDat="2007-04-05"/>
  <Kunden KundenNr="26447" KundEigtNr="26727" KundArt="1" KundStatus="1" KundAufDat="2007-04-05"/>
  <Kunden KundenNr="26440" KundEigtNr="26728" KundArt="1" KundStatus="1" KundAufDat="2007-04-04"/>
  <Kunden KundenNr="26441" KundEigtNr="26729" KundArt="1" KundStatus="1" KundAufDat="2007-04-05"/>
  <Kunden KundenNr="26442" KundEigtNr="26730" KundArt="1" KundStatus="1" KundAufDat="2007-04-05"/>
  <Kunden KundenNr="26443" KundEigtNr="26731" KundArt="1" KundStatus="1" KundAufDat="2007-04-05"/>
  <Kunden KundenNr="26436" KundEigtNr="26732" KundArt="1" KundStatus="1" KundAufDat="2007-04-04"/>
  <Kunden KundenNr="26437" KundEigtNr="26733" KundArt="1" KundStatus="1" KundAufDat="2007-04-04"/>
  <Kunden KundenNr="26439" KundEigtNr="26734" KundArt="1" KundStatus="1" KundAufDat="2007-04-04"/>
  <Kunden KundenNr="26432" KundEigtNr="26735" KundArt="1" KundStatus="1" KundAufDat="2007-04-04"/>
  <Kunden KundenNr="26433" KundEigtNr="26736" KundArt="1" KundStatus="1" KundAufDat="2007-04-04"/>
  <Kunden KundenNr="26434" KundEigtNr="26735" KundArt="1" KundStatus="1" KundAufDat="2007-04-04"/>
  <Kunden KundenNr="26435" KundEigtNr="26737" KundArt="1" KundStatus="1" KundAufDat="2007-04-04"/>
  <Kunden KundenNr="25734" KundEigtNr="22002" KundArt="1" KundStatus="1" KundAufDat="2007-01-22"/>
  <Kunden KundenNr="25732" KundEigtNr="26738" KundArt="1" KundStatus="1" KundAufDat="2007-01-22"/>
  <Kunden KundenNr="25731" KundEigtNr="26739" KundArt="1" KundStatus="1" KundAufDat="2007-01-22"/>
  <Kunden KundenNr="25730" KundEigtNr="26740" KundArt="1" KundStatus="1" KundAufDat="2007-01-22"/>
  <Kunden KundenNr="25729" KundEigtNr="26741" KundArt="1" KundStatus="1" KundAufDat="2007-01-22"/>
  <Kunden KundenNr="25743" KundEigtNr="26742" KundArt="1" KundStatus="1" KundAufDat="2007-01-23"/>
  <Kunden KundenNr="25741" KundEigtNr="26510" KundArt="1" KundStatus="1" KundAufDat="2007-01-22"/>
  <Kunden KundenNr="25740" KundEigtNr="26743" KundArt="1" KundStatus="1" KundAufDat="2007-01-22"/>
  <Kunden KundenNr="25750" KundEigtNr="26744" KundArt="1" KundStatus="1" KundAufDat="2007-01-23"/>
  <Kunden KundenNr="25751" KundEigtNr="26745" KundArt="1" KundStatus="1" KundAufDat="2007-01-23"/>
  <Kunden KundenNr="25748" KundEigtNr="26746" KundArt="1" KundStatus="1" KundAufDat="2007-01-23"/>
  <Kunden KundenNr="25749" KundEigtNr="26747" KundArt="1" KundStatus="1" KundAufDat="2007-01-23"/>
  <Kunden KundenNr="25746" KundEigtNr="26748" KundArt="1" KundStatus="1" KundAufDat="2007-01-23"/>
  <Kunden KundenNr="25747" KundEigtNr="26749" KundArt="1" KundStatus="1" KundAufDat="2007-01-23"/>
  <Kunden KundenNr="25745" KundEigtNr="26750" KundArt="1" KundStatus="1" KundAufDat="2007-01-23"/>
  <Kunden KundenNr="25759" KundEigtNr="26751" KundArt="1" KundStatus="1" KundAufDat="2007-01-23"/>
  <Kunden KundenNr="25756" KundEigtNr="26752" KundArt="1" KundStatus="1" KundAufDat="2007-01-23"/>
  <Kunden KundenNr="25754" KundEigtNr="26753" KundArt="1" KundStatus="1" KundAufDat="2007-01-23"/>
  <Kunden KundenNr="25752" KundEigtNr="26754" KundArt="1" KundStatus="1" KundAufDat="2007-01-23"/>
  <Kunden KundenNr="25753" KundEigtNr="26755" KundArt="1" KundStatus="1" KundAufDat="2007-01-23"/>
  <Kunden KundenNr="25765" KundEigtNr="26756" KundArt="1" KundStatus="1" KundAufDat="2007-01-24"/>
  <Kunden KundenNr="25764" KundEigtNr="26757" KundArt="1" KundStatus="1" KundAufDat="2007-01-24"/>
  <Kunden KundenNr="25767" KundEigtNr="26758" KundArt="1" KundStatus="1" KundAufDat="2007-01-24"/>
  <Kunden KundenNr="25766" KundEigtNr="26759" KundArt="1" KundStatus="1" KundAufDat="2007-01-24"/>
  <Kunden KundenNr="25761" KundEigtNr="26760" KundArt="1" KundStatus="1" KundAufDat="2007-01-23"/>
  <Kunden KundenNr="25763" KundEigtNr="26761" KundArt="1" KundStatus="1" KundAufDat="2007-01-24"/>
  <Kunden KundenNr="25773" KundEigtNr="26762" KundArt="1" KundStatus="1" KundAufDat="2007-01-25"/>
  <Kunden KundenNr="25775" KundEigtNr="26763" KundArt="1" KundStatus="1" KundAufDat="2007-01-25"/>
  <Kunden KundenNr="25774" KundEigtNr="26764" KundArt="1" KundStatus="1" KundAufDat="2007-01-25"/>
  <Kunden KundenNr="25769" KundEigtNr="26765" KundArt="1" KundStatus="1" KundAufDat="2007-01-24"/>
  <Kunden KundenNr="25768" KundEigtNr="26766" KundArt="1" KundStatus="1" KundAufDat="2007-01-24"/>
  <Kunden KundenNr="25771" KundEigtNr="26767" KundArt="1" KundStatus="1" KundAufDat="2007-01-25"/>
  <Kunden KundenNr="25770" KundEigtNr="26768" KundArt="1" KundStatus="1" KundAufDat="2007-01-24"/>
  <Kunden KundenNr="25780" KundEigtNr="26769" KundArt="1" KundStatus="1" KundAufDat="2007-01-26"/>
  <Kunden KundenNr="25781" KundEigtNr="26770" KundArt="1" KundStatus="1" KundAufDat="2007-01-26"/>
  <Kunden KundenNr="25782" KundEigtNr="26771" KundArt="1" KundStatus="1" KundAufDat="2007-01-26"/>
  <Kunden KundenNr="25783" KundEigtNr="26772" KundArt="1" KundStatus="1" KundAufDat="2007-01-26"/>
  <Kunden KundenNr="25776" KundEigtNr="26773" KundArt="1" KundStatus="1" KundAufDat="2007-01-25"/>
  <Kunden KundenNr="25777" KundEigtNr="26774" KundArt="1" KundStatus="1" KundAufDat="2007-01-26"/>
  <Kunden KundenNr="25778" KundEigtNr="26775" KundArt="1" KundStatus="1" KundAufDat="2007-01-26"/>
  <Kunden KundenNr="25779" KundEigtNr="26776" KundArt="1" KundStatus="1" KundAufDat="2007-01-26"/>
  <Kunden KundenNr="25788" KundEigtNr="26777" KundArt="1" KundStatus="1" KundAufDat="2007-01-29"/>
  <Kunden KundenNr="25789" KundEigtNr="26778" KundArt="1" KundStatus="1" KundAufDat="2007-01-29"/>
  <Kunden KundenNr="25790" KundEigtNr="26779" KundArt="1" KundStatus="1" KundAufDat="2007-01-29"/>
  <Kunden KundenNr="25791" KundEigtNr="26780" KundArt="1" KundStatus="1" KundAufDat="2007-01-29"/>
  <Kunden KundenNr="25784" KundEigtNr="26781" KundArt="1" KundStatus="3" KundAufDat="2007-01-29"/>
  <Kunden KundenNr="25785" KundEigtNr="26782" KundArt="1" KundStatus="1" KundAufDat="2007-01-29"/>
  <Kunden KundenNr="25786" KundEigtNr="26783" KundArt="1" KundStatus="1" KundAufDat="2007-01-29"/>
  <Kunden KundenNr="25787" KundEigtNr="26784" KundArt="1" KundStatus="1" KundAufDat="2007-01-29"/>
  <Kunden KundenNr="25795" KundEigtNr="26785" KundArt="1" KundStatus="1" KundAufDat="2007-01-29"/>
  <Kunden KundenNr="25794" KundEigtNr="26786" KundArt="1" KundStatus="1" KundAufDat="2007-01-29"/>
  <Kunden KundenNr="25793" KundEigtNr="26787" KundArt="1" KundStatus="1" KundAufDat="2007-01-29"/>
  <Kunden KundenNr="25792" KundEigtNr="26788" KundArt="1" KundStatus="1" KundAufDat="2007-01-29"/>
  <Kunden KundenNr="25799" KundEigtNr="26789" KundArt="1" KundStatus="1" KundAufDat="2007-01-30"/>
  <Kunden KundenNr="25798" KundEigtNr="26790" KundArt="1" KundStatus="1" KundAufDat="2007-01-30"/>
  <Kunden KundenNr="25797" KundEigtNr="26791" KundArt="1" KundStatus="1" KundAufDat="2007-01-30"/>
  <Kunden KundenNr="25796" KundEigtNr="26792" KundArt="1" KundStatus="1" KundAufDat="2007-01-29"/>
  <Kunden KundenNr="25803" KundEigtNr="26793" KundArt="1" KundStatus="1" KundAufDat="2007-01-30"/>
  <Kunden KundenNr="25801" KundEigtNr="26794" KundArt="1" KundStatus="1" KundAufDat="2007-01-30"/>
  <Kunden KundenNr="25800" KundEigtNr="26795" KundArt="1" KundStatus="3" KundAufDat="2007-01-30"/>
  <Kunden KundenNr="25806" KundEigtNr="26796" KundArt="1" KundStatus="1" KundAufDat="2007-01-30"/>
  <Kunden KundenNr="25811" KundEigtNr="24747" KundArt="1" KundStatus="1" KundAufDat="2007-01-31"/>
  <Kunden KundenNr="25812" KundEigtNr="26797" KundArt="1" KundStatus="3" KundAufDat="2007-01-31"/>
  <Kunden KundenNr="25818" KundEigtNr="652" KundArt="1" KundStatus="1" KundAufDat="2007-01-31"/>
  <Kunden KundenNr="25819" KundEigtNr="26798" KundArt="1" KundStatus="1" KundAufDat="2007-01-31"/>
  <Kunden KundenNr="25816" KundEigtNr="26799" KundArt="1" KundStatus="1" KundAufDat="2007-01-31"/>
  <Kunden KundenNr="25817" KundEigtNr="26800" KundArt="1" KundStatus="1" KundAufDat="2007-01-31"/>
  <Kunden KundenNr="25822" KundEigtNr="26801" KundArt="1" KundStatus="1" KundAufDat="2007-01-31"/>
  <Kunden KundenNr="25823" KundEigtNr="26802" KundArt="1" KundStatus="1" KundAufDat="2007-01-31"/>
  <Kunden KundenNr="25820" KundEigtNr="26803" KundArt="1" KundStatus="1" KundAufDat="2007-01-31"/>
  <Kunden KundenNr="25821" KundEigtNr="20375" KundArt="1" KundStatus="1" KundAufDat="2007-01-31"/>
  <Kunden KundenNr="25825" KundEigtNr="26804" KundArt="1" KundStatus="1" KundAufDat="2007-01-31"/>
  <Kunden KundenNr="25824" KundEigtNr="26805" KundArt="1" KundStatus="1" KundAufDat="2007-01-31"/>
  <Kunden KundenNr="25827" KundEigtNr="26806" KundArt="1" KundStatus="1" KundAufDat="2007-01-31"/>
  <Kunden KundenNr="25826" KundEigtNr="19675" KundArt="1" KundStatus="1" KundAufDat="2007-01-31"/>
  <Kunden KundenNr="25829" KundEigtNr="26807" KundArt="1" KundStatus="1" KundAufDat="2007-01-31"/>
  <Kunden KundenNr="25828" KundEigtNr="26808" KundArt="1" KundStatus="1" KundAufDat="2007-01-31"/>
  <Kunden KundenNr="25831" KundEigtNr="26809" KundArt="1" KundStatus="1" KundAufDat="2007-01-31"/>
  <Kunden KundenNr="25830" KundEigtNr="26810" KundArt="1" KundStatus="1" KundAufDat="2007-01-31"/>
  <Kunden KundenNr="25833" KundEigtNr="26811" KundArt="1" KundStatus="1" KundAufDat="2007-01-31"/>
  <Kunden KundenNr="25832" KundEigtNr="26812" KundArt="1" KundStatus="1" KundAufDat="2007-01-31"/>
  <Kunden KundenNr="25835" KundEigtNr="26813" KundArt="1" KundStatus="1" KundAufDat="2007-01-31"/>
  <Kunden KundenNr="25834" KundEigtNr="26814" KundArt="1" KundStatus="3" KundAufDat="2007-01-31"/>
  <Kunden KundenNr="25837" KundEigtNr="26815" KundArt="1" KundStatus="1" KundAufDat="2007-01-31"/>
  <Kunden KundenNr="25836" KundEigtNr="26816" KundArt="1" KundStatus="1" KundAufDat="2007-01-31"/>
  <Kunden KundenNr="25839" KundEigtNr="26817" KundArt="1" KundStatus="1" KundAufDat="2007-01-31"/>
  <Kunden KundenNr="25838" KundEigtNr="26818" KundArt="1" KundStatus="1" KundAufDat="2007-01-31"/>
  <Kunden KundenNr="25844" KundEigtNr="26819" KundArt="1" KundStatus="1" KundAufDat="2007-02-01"/>
  <Kunden KundenNr="25846" KundEigtNr="26820" KundArt="1" KundStatus="1" KundAufDat="2007-02-01"/>
  <Kunden KundenNr="25847" KundEigtNr="26821" KundArt="1" KundStatus="1" KundAufDat="2007-02-02"/>
  <Kunden KundenNr="25848" KundEigtNr="26822" KundArt="1" KundStatus="1" KundAufDat="2007-02-02"/>
  <Kunden KundenNr="25850" KundEigtNr="26823" KundArt="1" KundStatus="1" KundAufDat="2007-02-02"/>
  <Kunden KundenNr="25851" KundEigtNr="26824" KundArt="1" KundStatus="1" KundAufDat="2007-02-03"/>
  <Kunden KundenNr="25853" KundEigtNr="26825" KundArt="1" KundStatus="1" KundAufDat="2007-02-03"/>
  <Kunden KundenNr="25854" KundEigtNr="26826" KundArt="1" KundStatus="1" KundAufDat="2007-02-05"/>
  <Kunden KundenNr="25855" KundEigtNr="26827" KundArt="1" KundStatus="1" KundAufDat="2007-02-05"/>
  <Kunden KundenNr="25614" KundEigtNr="26828" KundArt="1" KundStatus="1" KundAufDat="2007-01-11"/>
  <Kunden KundenNr="25615" KundEigtNr="26829" KundArt="1" KundStatus="1" KundAufDat="2007-01-11"/>
  <Kunden KundenNr="25612" KundEigtNr="26830" KundArt="1" KundStatus="1" KundAufDat="2007-01-11"/>
  <Kunden KundenNr="25613" KundEigtNr="26831" KundArt="1" KundStatus="3" KundAufDat="2007-01-11"/>
  <Kunden KundenNr="25610" KundEigtNr="26832" KundArt="1" KundStatus="1" KundAufDat="2007-01-10"/>
  <Kunden KundenNr="25611" KundEigtNr="26833" KundArt="1" KundStatus="1" KundAufDat="2007-01-11"/>
  <Kunden KundenNr="25608" KundEigtNr="26834" KundArt="1" KundStatus="1" KundAufDat="2007-01-10"/>
  <Kunden KundenNr="25609" KundEigtNr="26835" KundArt="1" KundStatus="1" KundAufDat="2007-01-10"/>
  <Kunden KundenNr="25606" KundEigtNr="26836" KundArt="1" KundStatus="1" KundAufDat="2007-01-10"/>
  <Kunden KundenNr="25607" KundEigtNr="26837" KundArt="1" KundStatus="1" KundAufDat="2007-01-10"/>
  <Kunden KundenNr="25604" KundEigtNr="26838" KundArt="1" KundStatus="1" KundAufDat="2007-01-10"/>
  <Kunden KundenNr="25605" KundEigtNr="26839" KundArt="1" KundStatus="1" KundAufDat="2007-01-10"/>
  <Kunden KundenNr="25602" KundEigtNr="26840" KundArt="1" KundStatus="3" KundAufDat="2007-01-10"/>
  <Kunden KundenNr="25603" KundEigtNr="26841" KundArt="1" KundStatus="1" KundAufDat="2007-01-10"/>
  <Kunden KundenNr="25600" KundEigtNr="26842" KundArt="1" KundStatus="3" KundAufDat="2007-01-10"/>
  <Kunden KundenNr="25601" KundEigtNr="26843" KundArt="1" KundStatus="1" KundAufDat="2007-01-10"/>
  <Kunden KundenNr="25631" KundEigtNr="26844" KundArt="1" KundStatus="3" KundAufDat="2007-01-12"/>
  <Kunden KundenNr="25630" KundEigtNr="26845" KundArt="1" KundStatus="1" KundAufDat="2007-01-12"/>
  <Kunden KundenNr="25629" KundEigtNr="26846" KundArt="1" KundStatus="1" KundAufDat="2007-01-12"/>
  <Kunden KundenNr="25628" KundEigtNr="26847" KundArt="1" KundStatus="1" KundAufDat="2007-01-12"/>
  <Kunden KundenNr="25627" KundEigtNr="26848" KundArt="1" KundStatus="1" KundAufDat="2007-01-12"/>
  <Kunden KundenNr="25626" KundEigtNr="26849" KundArt="1" KundStatus="3" KundAufDat="2007-01-12"/>
  <Kunden KundenNr="25625" KundEigtNr="26850" KundArt="1" KundStatus="1" KundAufDat="2007-01-11"/>
  <Kunden KundenNr="25624" KundEigtNr="26851" KundArt="1" KundStatus="1" KundAufDat="2007-01-11"/>
  <Kunden KundenNr="25623" KundEigtNr="26852" KundArt="1" KundStatus="1" KundAufDat="2007-01-11"/>
  <Kunden KundenNr="25622" KundEigtNr="19539" KundArt="1" KundStatus="1" KundAufDat="2007-01-11"/>
  <Kunden KundenNr="25620" KundEigtNr="26853" KundArt="1" KundStatus="1" KundAufDat="2007-01-11"/>
  <Kunden KundenNr="25619" KundEigtNr="26854" KundArt="1" KundStatus="1" KundAufDat="2007-01-11"/>
  <Kunden KundenNr="25618" KundEigtNr="26855" KundArt="1" KundStatus="1" KundAufDat="2007-01-11"/>
  <Kunden KundenNr="25617" KundEigtNr="26856" KundArt="1" KundStatus="1" KundAufDat="2007-01-11"/>
  <Kunden KundenNr="25616" KundEigtNr="26816" KundArt="1" KundStatus="1" KundAufDat="2007-01-11"/>
  <Kunden KundenNr="25644" KundEigtNr="26857" KundArt="1" KundStatus="1" KundAufDat="2007-01-15"/>
  <Kunden KundenNr="25645" KundEigtNr="26858" KundArt="1" KundStatus="1" KundAufDat="2007-01-15"/>
  <Kunden KundenNr="25646" KundEigtNr="26859" KundArt="1" KundStatus="1" KundAufDat="2007-01-15"/>
  <Kunden KundenNr="25647" KundEigtNr="26179" KundArt="1" KundStatus="1" KundAufDat="2007-01-15"/>
  <Kunden KundenNr="25640" KundEigtNr="26816" KundArt="1" KundStatus="1" KundAufDat="2007-01-15"/>
  <Kunden KundenNr="25641" KundEigtNr="26860" KundArt="1" KundStatus="3" KundAufDat="2007-01-15"/>
  <Kunden KundenNr="25642" KundEigtNr="26861" KundArt="1" KundStatus="1" KundAufDat="2007-01-15"/>
  <Kunden KundenNr="25643" KundEigtNr="26434" KundArt="1" KundStatus="1" KundAufDat="2007-01-15"/>
  <Kunden KundenNr="25636" KundEigtNr="26862" KundArt="1" KundStatus="1" KundAufDat="2007-01-15"/>
  <Kunden KundenNr="25637" KundEigtNr="26863" KundArt="1" KundStatus="1" KundAufDat="2007-01-15"/>
  <Kunden KundenNr="25638" KundEigtNr="26864" KundArt="1" KundStatus="1" KundAufDat="2007-01-15"/>
  <Kunden KundenNr="25639" KundEigtNr="26865" KundArt="1" KundStatus="1" KundAufDat="2007-01-15"/>
  <Kunden KundenNr="25632" KundEigtNr="26866" KundArt="1" KundStatus="1" KundAufDat="2007-01-12"/>
  <Kunden KundenNr="25633" KundEigtNr="26867" KundArt="1" KundStatus="1" KundAufDat="2007-01-12"/>
  <Kunden KundenNr="25634" KundEigtNr="26868" KundArt="1" KundStatus="1" KundAufDat="2007-01-15"/>
  <Kunden KundenNr="25635" KundEigtNr="26869" KundArt="1" KundStatus="1" KundAufDat="2007-01-15"/>
  <Kunden KundenNr="25661" KundEigtNr="26870" KundArt="1" KundStatus="1" KundAufDat="2007-01-16"/>
  <Kunden KundenNr="25660" KundEigtNr="26871" KundArt="1" KundStatus="1" KundAufDat="2007-01-16"/>
  <Kunden KundenNr="25663" KundEigtNr="26872" KundArt="1" KundStatus="1" KundAufDat="2007-01-16"/>
  <Kunden KundenNr="25657" KundEigtNr="26873" KundArt="1" KundStatus="1" KundAufDat="2007-01-16"/>
  <Kunden KundenNr="25656" KundEigtNr="26874" KundArt="1" KundStatus="1" KundAufDat="2007-01-16"/>
  <Kunden KundenNr="25659" KundEigtNr="26875" KundArt="1" KundStatus="1" KundAufDat="2007-01-16"/>
  <Kunden KundenNr="25658" KundEigtNr="26876" KundArt="1" KundStatus="1" KundAufDat="2007-01-16"/>
  <Kunden KundenNr="25653" KundEigtNr="26877" KundArt="1" KundStatus="1" KundAufDat="2007-01-15"/>
  <Kunden KundenNr="25655" KundEigtNr="26878" KundArt="1" KundStatus="1" KundAufDat="2007-01-16"/>
  <Kunden KundenNr="25654" KundEigtNr="26397" KundArt="1" KundStatus="1" KundAufDat="2007-01-15"/>
  <Kunden KundenNr="25649" KundEigtNr="26879" KundArt="1" KundStatus="1" KundAufDat="2007-01-15"/>
  <Kunden KundenNr="25648" KundEigtNr="26880" KundArt="1" KundStatus="1" KundAufDat="2007-01-15"/>
  <Kunden KundenNr="25651" KundEigtNr="26881" KundArt="1" KundStatus="1" KundAufDat="2007-01-15"/>
  <Kunden KundenNr="25650" KundEigtNr="26512" KundArt="1" KundStatus="1" KundAufDat="2007-01-15"/>
  <Kunden KundenNr="25674" KundEigtNr="26882" KundArt="1" KundStatus="1" KundAufDat="2007-01-17"/>
  <Kunden KundenNr="25675" KundEigtNr="26883" KundArt="1" KundStatus="1" KundAufDat="2007-01-17"/>
  <Kunden KundenNr="25672" KundEigtNr="26884" KundArt="1" KundStatus="1" KundAufDat="2007-01-17"/>
  <Kunden KundenNr="25673" KundEigtNr="26885" KundArt="1" KundStatus="1" KundAufDat="2007-01-17"/>
  <Kunden KundenNr="25678" KundEigtNr="26886" KundArt="1" KundStatus="3" KundAufDat="2007-01-18"/>
  <Kunden KundenNr="25679" KundEigtNr="26887" KundArt="1" KundStatus="1" KundAufDat="2007-01-18"/>
  <Kunden KundenNr="25676" KundEigtNr="26888" KundArt="1" KundStatus="1" KundAufDat="2007-01-17"/>
  <Kunden KundenNr="25666" KundEigtNr="26889" KundArt="1" KundStatus="1" KundAufDat="2007-01-16"/>
  <Kunden KundenNr="25667" KundEigtNr="26890" KundArt="1" KundStatus="1" KundAufDat="2007-01-16"/>
  <Kunden KundenNr="25664" KundEigtNr="26891" KundArt="1" KundStatus="1" KundAufDat="2007-01-16"/>
  <Kunden KundenNr="25665" KundEigtNr="26892" KundArt="1" KundStatus="1" KundAufDat="2007-01-16"/>
  <Kunden KundenNr="25670" KundEigtNr="26806" KundArt="1" KundStatus="1" KundAufDat="2007-01-16"/>
  <Kunden KundenNr="25668" KundEigtNr="26893" KundArt="1" KundStatus="1" KundAufDat="2007-01-16"/>
  <Kunden KundenNr="25669" KundEigtNr="26894" KundArt="1" KundStatus="1" KundAufDat="2007-01-16"/>
  <Kunden KundenNr="25691" KundEigtNr="26895" KundArt="1" KundStatus="1" KundAufDat="2007-01-19"/>
  <Kunden KundenNr="25690" KundEigtNr="26896" KundArt="1" KundStatus="3" KundAufDat="2007-01-19"/>
  <Kunden KundenNr="25689" KundEigtNr="26897" KundArt="1" KundStatus="1" KundAufDat="2007-01-19"/>
  <Kunden KundenNr="25688" KundEigtNr="26898" KundArt="1" KundStatus="1" KundAufDat="2007-01-19"/>
  <Kunden KundenNr="25695" KundEigtNr="26899" KundArt="1" KundStatus="1" KundAufDat="2007-01-22"/>
  <Kunden KundenNr="25694" KundEigtNr="26900" KundArt="1" KundStatus="1" KundAufDat="2007-01-22"/>
  <Kunden KundenNr="25693" KundEigtNr="26901" KundArt="1" KundStatus="1" KundAufDat="2007-01-22"/>
  <Kunden KundenNr="25692" KundEigtNr="26902" KundArt="1" KundStatus="1" KundAufDat="2007-01-19"/>
  <Kunden KundenNr="25683" KundEigtNr="26903" KundArt="1" KundStatus="1" KundAufDat="2007-01-18"/>
  <Kunden KundenNr="25682" KundEigtNr="26904" KundArt="1" KundStatus="1" KundAufDat="2007-01-18"/>
  <Kunden KundenNr="25681" KundEigtNr="26905" KundArt="1" KundStatus="1" KundAufDat="2007-01-18"/>
  <Kunden KundenNr="25680" KundEigtNr="26906" KundArt="1" KundStatus="1" KundAufDat="2007-01-18"/>
  <Kunden KundenNr="25687" KundEigtNr="26907" KundArt="1" KundStatus="1" KundAufDat="2007-01-18"/>
  <Kunden KundenNr="25685" KundEigtNr="26908" KundArt="1" KundStatus="1" KundAufDat="2007-01-18"/>
  <Kunden KundenNr="25704" KundEigtNr="26909" KundArt="1" KundStatus="1" KundAufDat="2007-01-22"/>
  <Kunden KundenNr="25705" KundEigtNr="26910" KundArt="1" KundStatus="1" KundAufDat="2007-01-22"/>
  <Kunden KundenNr="25706" KundEigtNr="26911" KundArt="1" KundStatus="3" KundAufDat="2007-01-22"/>
  <Kunden KundenNr="25707" KundEigtNr="26912" KundArt="1" KundStatus="1" KundAufDat="2007-01-22"/>
  <Kunden KundenNr="25708" KundEigtNr="26913" KundArt="1" KundStatus="3" KundAufDat="2007-01-22"/>
  <Kunden KundenNr="25709" KundEigtNr="26914" KundArt="1" KundStatus="1" KundAufDat="2007-01-22"/>
  <Kunden KundenNr="25710" KundEigtNr="26835" KundArt="1" KundStatus="1" KundAufDat="2007-01-22"/>
  <Kunden KundenNr="25711" KundEigtNr="26915" KundArt="1" KundStatus="3" KundAufDat="2007-01-22"/>
  <Kunden KundenNr="25696" KundEigtNr="26916" KundArt="1" KundStatus="1" KundAufDat="2007-01-22"/>
  <Kunden KundenNr="25697" KundEigtNr="26917" KundArt="1" KundStatus="1" KundAufDat="2007-01-22"/>
  <Kunden KundenNr="25698" KundEigtNr="26918" KundArt="1" KundStatus="1" KundAufDat="2007-01-22"/>
  <Kunden KundenNr="25699" KundEigtNr="26919" KundArt="1" KundStatus="1" KundAufDat="2007-01-22"/>
  <Kunden KundenNr="25700" KundEigtNr="26920" KundArt="1" KundStatus="1" KundAufDat="2007-01-22"/>
  <Kunden KundenNr="25701" KundEigtNr="26921" KundArt="1" KundStatus="1" KundAufDat="2007-01-22"/>
  <Kunden KundenNr="25702" KundEigtNr="26922" KundArt="1" KundStatus="1" KundAufDat="2007-01-22"/>
  <Kunden KundenNr="25703" KundEigtNr="26923" KundArt="1" KundStatus="1" KundAufDat="2007-01-22"/>
  <Kunden KundenNr="25721" KundEigtNr="26924" KundArt="1" KundStatus="1" KundAufDat="2007-01-22"/>
  <Kunden KundenNr="25720" KundEigtNr="26925" KundArt="1" KundStatus="1" KundAufDat="2007-01-22"/>
  <Kunden KundenNr="25723" KundEigtNr="26926" KundArt="1" KundStatus="1" KundAufDat="2007-01-22"/>
  <Kunden KundenNr="25722" KundEigtNr="26927" KundArt="1" KundStatus="1" KundAufDat="2007-01-22"/>
  <Kunden KundenNr="25724" KundEigtNr="26928" KundArt="1" KundStatus="1" KundAufDat="2007-01-22"/>
  <Kunden KundenNr="25727" KundEigtNr="26929" KundArt="1" KundStatus="1" KundAufDat="2007-01-22"/>
  <Kunden KundenNr="25726" KundEigtNr="26766" KundArt="1" KundStatus="1" KundAufDat="2007-01-22"/>
  <Kunden KundenNr="25713" KundEigtNr="26930" KundArt="1" KundStatus="1" KundAufDat="2007-01-22"/>
  <Kunden KundenNr="25712" KundEigtNr="26931" KundArt="1" KundStatus="1" KundAufDat="2007-01-22"/>
  <Kunden KundenNr="25715" KundEigtNr="26932" KundArt="1" KundStatus="1" KundAufDat="2007-01-22"/>
  <Kunden KundenNr="25714" KundEigtNr="26933" KundArt="1" KundStatus="1" KundAufDat="2007-01-22"/>
  <Kunden KundenNr="25717" KundEigtNr="26934" KundArt="1" KundStatus="1" KundAufDat="2007-01-22"/>
  <Kunden KundenNr="25716" KundEigtNr="26935" KundArt="1" KundStatus="1" KundAufDat="2007-01-22"/>
  <Kunden KundenNr="25719" KundEigtNr="26936" KundArt="1" KundStatus="1" KundAufDat="2007-01-22"/>
  <Kunden KundenNr="25718" KundEigtNr="26937" KundArt="1" KundStatus="1" KundAufDat="2007-01-22"/>
  <Kunden KundenNr="26005" KundEigtNr="26938" KundArt="1" KundStatus="1" KundAufDat="2007-02-15"/>
  <Kunden KundenNr="26006" KundEigtNr="26939" KundArt="1" KundStatus="1" KundAufDat="2007-02-15"/>
  <Kunden KundenNr="26007" KundEigtNr="26940" KundArt="1" KundStatus="1" KundAufDat="2007-02-15"/>
  <Kunden KundenNr="26000" KundEigtNr="26941" KundArt="1" KundStatus="1" KundAufDat="2007-02-14"/>
  <Kunden KundenNr="26001" KundEigtNr="26942" KundArt="1" KundStatus="1" KundAufDat="2007-02-15"/>
  <Kunden KundenNr="26002" KundEigtNr="26943" KundArt="1" KundStatus="1" KundAufDat="2007-02-15"/>
  <Kunden KundenNr="26003" KundEigtNr="26944" KundArt="1" KundStatus="1" KundAufDat="2007-02-15"/>
  <Kunden KundenNr="26012" KundEigtNr="26945" KundArt="1" KundStatus="1" KundAufDat="2007-02-16"/>
  <Kunden KundenNr="26013" KundEigtNr="26946" KundArt="1" KundStatus="1" KundAufDat="2007-02-16"/>
  <Kunden KundenNr="26014" KundEigtNr="26947" KundArt="1" KundStatus="1" KundAufDat="2007-02-16"/>
  <Kunden KundenNr="26015" KundEigtNr="26948" KundArt="1" KundStatus="1" KundAufDat="2007-02-16"/>
  <Kunden KundenNr="26009" KundEigtNr="26949" KundArt="1" KundStatus="1" KundAufDat="2007-02-16"/>
  <Kunden KundenNr="26010" KundEigtNr="26950" KundArt="1" KundStatus="1" KundAufDat="2007-02-16"/>
  <Kunden KundenNr="26011" KundEigtNr="26951" KundArt="1" KundStatus="1" KundAufDat="2007-02-16"/>
  <Kunden KundenNr="25989" KundEigtNr="26952" KundArt="1" KundStatus="3" KundAufDat="2007-02-14"/>
  <Kunden KundenNr="25988" KundEigtNr="26953" KundArt="1" KundStatus="1" KundAufDat="2007-02-13"/>
  <Kunden KundenNr="25991" KundEigtNr="26954" KundArt="1" KundStatus="1" KundAufDat="2007-02-14"/>
  <Kunden KundenNr="25990" KundEigtNr="26955" KundArt="1" KundStatus="1" KundAufDat="2007-02-14"/>
  <Kunden KundenNr="25985" KundEigtNr="26956" KundArt="1" KundStatus="1" KundAufDat="2007-02-13"/>
  <Kunden KundenNr="25984" KundEigtNr="26957" KundArt="1" KundStatus="1" KundAufDat="2007-02-13"/>
  <Kunden KundenNr="25987" KundEigtNr="26958" KundArt="1" KundStatus="1" KundAufDat="2007-02-13"/>
  <Kunden KundenNr="25986" KundEigtNr="26959" KundArt="1" KundStatus="1" KundAufDat="2007-02-13"/>
  <Kunden KundenNr="25997" KundEigtNr="26960" KundArt="1" KundStatus="1" KundAufDat="2007-02-14"/>
  <Kunden KundenNr="25996" KundEigtNr="26961" KundArt="1" KundStatus="1" KundAufDat="2007-02-14"/>
  <Kunden KundenNr="25999" KundEigtNr="26962" KundArt="1" KundStatus="3" KundAufDat="2007-02-14"/>
  <Kunden KundenNr="25998" KundEigtNr="26963" KundArt="1" KundStatus="1" KundAufDat="2007-02-14"/>
  <Kunden KundenNr="25993" KundEigtNr="26964" KundArt="1" KundStatus="1" KundAufDat="2007-02-14"/>
  <Kunden KundenNr="25992" KundEigtNr="26965" KundArt="1" KundStatus="1" KundAufDat="2007-02-14"/>
  <Kunden KundenNr="25995" KundEigtNr="26966" KundArt="1" KundStatus="1" KundAufDat="2007-02-14"/>
  <Kunden KundenNr="25994" KundEigtNr="26967" KundArt="1" KundStatus="1" KundAufDat="2007-02-14"/>
  <Kunden KundenNr="26038" KundEigtNr="26968" KundArt="1" KundStatus="1" KundAufDat="2007-02-19"/>
  <Kunden KundenNr="26037" KundEigtNr="26969" KundArt="1" KundStatus="1" KundAufDat="2007-02-19"/>
  <Kunden KundenNr="26034" KundEigtNr="26970" KundArt="1" KundStatus="1" KundAufDat="2007-02-19"/>
  <Kunden KundenNr="26035" KundEigtNr="26971" KundArt="1" KundStatus="1" KundAufDat="2007-02-19"/>
  <Kunden KundenNr="26032" KundEigtNr="26972" KundArt="1" KundStatus="1" KundAufDat="2007-02-19"/>
  <Kunden KundenNr="26046" KundEigtNr="26973" KundArt="1" KundStatus="1" KundAufDat="2007-02-20"/>
  <Kunden KundenNr="26047" KundEigtNr="26974" KundArt="1" KundStatus="1" KundAufDat="2007-02-20"/>
  <Kunden KundenNr="26042" KundEigtNr="26975" KundArt="1" KundStatus="1" KundAufDat="2007-02-19"/>
  <Kunden KundenNr="26043" KundEigtNr="26976" KundArt="1" KundStatus="1" KundAufDat="2007-02-19"/>
  <Kunden KundenNr="26041" KundEigtNr="26977" KundArt="1" KundStatus="1" KundAufDat="2007-02-19"/>
  <Kunden KundenNr="26023" KundEigtNr="26978" KundArt="1" KundStatus="1" KundAufDat="2007-02-19"/>
  <Kunden KundenNr="26022" KundEigtNr="26979" KundArt="1" KundStatus="1" KundAufDat="2007-02-19"/>
  <Kunden KundenNr="26021" KundEigtNr="24371" KundArt="1" KundStatus="1" KundAufDat="2007-02-19"/>
  <Kunden KundenNr="26020" KundEigtNr="26980" KundArt="1" KundStatus="1" KundAufDat="2007-02-19"/>
  <Kunden KundenNr="26019" KundEigtNr="26981" KundArt="1" KundStatus="1" KundAufDat="2007-02-19"/>
  <Kunden KundenNr="26018" KundEigtNr="26982" KundArt="1" KundStatus="1" KundAufDat="2007-02-19"/>
  <Kunden KundenNr="26017" KundEigtNr="26983" KundArt="1" KundStatus="1" KundAufDat="2007-02-19"/>
  <Kunden KundenNr="26016" KundEigtNr="26984" KundArt="1" KundStatus="1" KundAufDat="2007-02-19"/>
  <Kunden KundenNr="26031" KundEigtNr="26985" KundArt="1" KundStatus="1" KundAufDat="2007-02-19"/>
  <Kunden KundenNr="26030" KundEigtNr="26986" KundArt="1" KundStatus="1" KundAufDat="2007-02-19"/>
  <Kunden KundenNr="26029" KundEigtNr="26987" KundArt="1" KundStatus="1" KundAufDat="2007-02-19"/>
  <Kunden KundenNr="26028" KundEigtNr="19147" KundArt="1" KundStatus="1" KundAufDat="2007-02-19"/>
  <Kunden KundenNr="26027" KundEigtNr="19147" KundArt="1" KundStatus="1" KundAufDat="2007-02-19"/>
  <Kunden KundenNr="26026" KundEigtNr="26988" KundArt="1" KundStatus="1" KundAufDat="2007-02-19"/>
  <Kunden KundenNr="26024" KundEigtNr="26989" KundArt="1" KundStatus="3" KundAufDat="2007-02-19"/>
  <Kunden KundenNr="26064" KundEigtNr="26990" KundArt="1" KundStatus="1" KundAufDat="2007-02-21"/>
  <Kunden KundenNr="26065" KundEigtNr="26991" KundArt="1" KundStatus="1" KundAufDat="2007-02-21"/>
  <Kunden KundenNr="26066" KundEigtNr="26992" KundArt="1" KundStatus="3" KundAufDat="2007-02-21"/>
  <Kunden KundenNr="26067" KundEigtNr="26993" KundArt="1" KundStatus="1" KundAufDat="2007-02-21"/>
  <Kunden KundenNr="26068" KundEigtNr="26994" KundArt="1" KundStatus="1" KundAufDat="2007-02-22"/>
  <Kunden KundenNr="26069" KundEigtNr="26995" KundArt="1" KundStatus="1" KundAufDat="2007-02-22"/>
  <Kunden KundenNr="26070" KundEigtNr="26996" KundArt="1" KundStatus="1" KundAufDat="2007-02-22"/>
  <Kunden KundenNr="26071" KundEigtNr="26997" KundArt="1" KundStatus="1" KundAufDat="2007-02-22"/>
  <Kunden KundenNr="26072" KundEigtNr="26998" KundArt="1" KundStatus="1" KundAufDat="2007-02-22"/>
  <Kunden KundenNr="26073" KundEigtNr="26999" KundArt="1" KundStatus="1" KundAufDat="2007-02-22"/>
  <Kunden KundenNr="26074" KundEigtNr="27000" KundArt="1" KundStatus="1" KundAufDat="2007-02-22"/>
  <Kunden KundenNr="26075" KundEigtNr="27001" KundArt="1" KundStatus="1" KundAufDat="2007-02-22"/>
  <Kunden KundenNr="26076" KundEigtNr="27002" KundArt="1" KundStatus="1" KundAufDat="2007-02-23"/>
  <Kunden KundenNr="26077" KundEigtNr="27003" KundArt="1" KundStatus="1" KundAufDat="2007-02-23"/>
  <Kunden KundenNr="26078" KundEigtNr="27004" KundArt="1" KundStatus="1" KundAufDat="2007-02-23"/>
  <Kunden KundenNr="26079" KundEigtNr="27005" KundArt="1" KundStatus="1" KundAufDat="2007-02-23"/>
  <Kunden KundenNr="26049" KundEigtNr="27006" KundArt="1" KundStatus="1" KundAufDat="2007-02-20"/>
  <Kunden KundenNr="26048" KundEigtNr="27007" KundArt="1" KundStatus="1" KundAufDat="2007-02-20"/>
  <Kunden KundenNr="26050" KundEigtNr="27008" KundArt="1" KundStatus="1" KundAufDat="2007-02-20"/>
  <Kunden KundenNr="26053" KundEigtNr="27009" KundArt="1" KundStatus="1" KundAufDat="2007-02-20"/>
  <Kunden KundenNr="26052" KundEigtNr="27010" KundArt="1" KundStatus="1" KundAufDat="2007-02-20"/>
  <Kunden KundenNr="26055" KundEigtNr="27011" KundArt="1" KundStatus="3" KundAufDat="2007-02-20"/>
  <Kunden KundenNr="26054" KundEigtNr="27012" KundArt="1" KundStatus="1" KundAufDat="2007-02-20"/>
  <Kunden KundenNr="26057" KundEigtNr="27013" KundArt="1" KundStatus="3" KundAufDat="2007-02-21"/>
  <Kunden KundenNr="26056" KundEigtNr="27014" KundArt="1" KundStatus="1" KundAufDat="2007-02-20"/>
  <Kunden KundenNr="26059" KundEigtNr="27015" KundArt="1" KundStatus="1" KundAufDat="2007-02-21"/>
  <Kunden KundenNr="26058" KundEigtNr="27016" KundArt="1" KundStatus="1" KundAufDat="2007-02-21"/>
  <Kunden KundenNr="26061" KundEigtNr="27017" KundArt="1" KundStatus="1" KundAufDat="2007-02-21"/>
  <Kunden KundenNr="26060" KundEigtNr="27018" KundArt="1" KundStatus="1" KundAufDat="2007-02-21"/>
  <Kunden KundenNr="26063" KundEigtNr="27019" KundArt="1" KundStatus="1" KundAufDat="2007-02-21"/>
  <Kunden KundenNr="26062" KundEigtNr="27020" KundArt="1" KundStatus="1" KundAufDat="2007-02-21"/>
  <Kunden KundenNr="26098" KundEigtNr="27021" KundArt="1" KundStatus="1" KundAufDat="2007-02-26"/>
  <Kunden KundenNr="26099" KundEigtNr="27022" KundArt="1" KundStatus="1" KundAufDat="2007-02-26"/>
  <Kunden KundenNr="26096" KundEigtNr="27023" KundArt="1" KundStatus="1" KundAufDat="2007-02-26"/>
  <Kunden KundenNr="26097" KundEigtNr="27024" KundArt="1" KundStatus="1" KundAufDat="2007-02-26"/>
  <Kunden KundenNr="26102" KundEigtNr="27025" KundArt="1" KundStatus="1" KundAufDat="2007-02-26"/>
  <Kunden KundenNr="26101" KundEigtNr="14945" KundArt="1" KundStatus="1" KundAufDat="2007-02-26"/>
  <Kunden KundenNr="26106" KundEigtNr="27026" KundArt="1" KundStatus="1" KundAufDat="2007-02-26"/>
  <Kunden KundenNr="26107" KundEigtNr="27027" KundArt="1" KundStatus="1" KundAufDat="2007-02-26"/>
  <Kunden KundenNr="26110" KundEigtNr="27028" KundArt="1" KundStatus="1" KundAufDat="2007-02-27"/>
  <Kunden KundenNr="26111" KundEigtNr="27029" KundArt="1" KundStatus="1" KundAufDat="2007-02-27"/>
  <Kunden KundenNr="26108" KundEigtNr="27030" KundArt="1" KundStatus="1" KundAufDat="2007-02-27"/>
  <Kunden KundenNr="26109" KundEigtNr="27031" KundArt="1" KundStatus="1" KundAufDat="2007-02-27"/>
  <Kunden KundenNr="26082" KundEigtNr="27032" KundArt="1" KundStatus="1" KundAufDat="2007-02-23"/>
  <Kunden KundenNr="26081" KundEigtNr="27033" KundArt="1" KundStatus="1" KundAufDat="2007-02-23"/>
  <Kunden KundenNr="26080" KundEigtNr="27034" KundArt="1" KundStatus="1" KundAufDat="2007-02-23"/>
  <Kunden KundenNr="26087" KundEigtNr="27035" KundArt="1" KundStatus="1" KundAufDat="2007-02-26"/>
  <Kunden KundenNr="26086" KundEigtNr="27036" KundArt="1" KundStatus="1" KundAufDat="2007-02-26"/>
  <Kunden KundenNr="26085" KundEigtNr="27037" KundArt="1" KundStatus="1" KundAufDat="2007-02-23"/>
  <Kunden KundenNr="26091" KundEigtNr="27038" KundArt="1" KundStatus="1" KundAufDat="2007-02-26"/>
  <Kunden KundenNr="26090" KundEigtNr="9952" KundArt="1" KundStatus="1" KundAufDat="2007-02-26"/>
  <Kunden KundenNr="26089" KundEigtNr="27039" KundArt="1" KundStatus="1" KundAufDat="2007-02-26"/>
  <Kunden KundenNr="26088" KundEigtNr="27040" KundArt="1" KundStatus="1" KundAufDat="2007-02-26"/>
  <Kunden KundenNr="26095" KundEigtNr="27041" KundArt="1" KundStatus="1" KundAufDat="2007-02-26"/>
  <Kunden KundenNr="26094" KundEigtNr="27042" KundArt="1" KundStatus="1" KundAufDat="2007-02-26"/>
  <Kunden KundenNr="26093" KundEigtNr="27043" KundArt="1" KundStatus="3" KundAufDat="2007-02-26"/>
  <Kunden KundenNr="26092" KundEigtNr="27044" KundArt="1" KundStatus="1" KundAufDat="2007-02-26"/>
  <Kunden KundenNr="25885" KundEigtNr="27045" KundArt="1" KundStatus="1" KundAufDat="2007-02-06"/>
  <Kunden KundenNr="25884" KundEigtNr="27046" KundArt="1" KundStatus="1" KundAufDat="2007-02-06"/>
  <Kunden KundenNr="25886" KundEigtNr="27047" KundArt="1" KundStatus="1" KundAufDat="2007-02-06"/>
  <Kunden KundenNr="25881" KundEigtNr="27048" KundArt="1" KundStatus="1" KundAufDat="2007-02-06"/>
  <Kunden KundenNr="25880" KundEigtNr="27049" KundArt="1" KundStatus="1" KundAufDat="2007-02-06"/>
  <Kunden KundenNr="25883" KundEigtNr="27050" KundArt="1" KundStatus="3" KundAufDat="2007-02-06"/>
  <Kunden KundenNr="25882" KundEigtNr="27051" KundArt="1" KundStatus="1" KundAufDat="2007-02-06"/>
  <Kunden KundenNr="25877" KundEigtNr="27052" KundArt="1" KundStatus="1" KundAufDat="2007-02-06"/>
  <Kunden KundenNr="25876" KundEigtNr="27053" KundArt="1" KundStatus="1" KundAufDat="2007-02-06"/>
  <Kunden KundenNr="25879" KundEigtNr="27054" KundArt="1" KundStatus="1" KundAufDat="2007-02-06"/>
  <Kunden KundenNr="25878" KundEigtNr="27055" KundArt="1" KundStatus="1" KundAufDat="2007-02-06"/>
  <Kunden KundenNr="25873" KundEigtNr="27056" KundArt="1" KundStatus="1" KundAufDat="2007-02-06"/>
  <Kunden KundenNr="25872" KundEigtNr="26748" KundArt="1" KundStatus="1" KundAufDat="2007-02-06"/>
  <Kunden KundenNr="25875" KundEigtNr="27057" KundArt="1" KundStatus="1" KundAufDat="2007-02-06"/>
  <Kunden KundenNr="25874" KundEigtNr="27058" KundArt="1" KundStatus="1" KundAufDat="2007-02-06"/>
  <Kunden KundenNr="25868" KundEigtNr="27059" KundArt="1" KundStatus="1" KundAufDat="2007-02-05"/>
  <Kunden KundenNr="25869" KundEigtNr="27060" KundArt="1" KundStatus="3" KundAufDat="2007-02-05"/>
  <Kunden KundenNr="25870" KundEigtNr="27061" KundArt="1" KundStatus="1" KundAufDat="2007-02-06"/>
  <Kunden KundenNr="25871" KundEigtNr="26748" KundArt="1" KundStatus="1" KundAufDat="2007-02-06"/>
  <Kunden KundenNr="25864" KundEigtNr="27062" KundArt="1" KundStatus="1" KundAufDat="2007-02-05"/>
  <Kunden KundenNr="25865" KundEigtNr="27063" KundArt="1" KundStatus="1" KundAufDat="2007-02-05"/>
  <Kunden KundenNr="25867" KundEigtNr="27064" KundArt="1" KundStatus="1" KundAufDat="2007-02-05"/>
  <Kunden KundenNr="25860" KundEigtNr="27065" KundArt="1" KundStatus="1" KundAufDat="2007-02-05"/>
  <Kunden KundenNr="25861" KundEigtNr="27066" KundArt="1" KundStatus="1" KundAufDat="2007-02-05"/>
  <Kunden KundenNr="25862" KundEigtNr="27067" KundArt="1" KundStatus="1" KundAufDat="2007-02-05"/>
  <Kunden KundenNr="25863" KundEigtNr="27068" KundArt="1" KundStatus="1" KundAufDat="2007-02-05"/>
  <Kunden KundenNr="25856" KundEigtNr="27069" KundArt="1" KundStatus="1" KundAufDat="2007-02-05"/>
  <Kunden KundenNr="25857" KundEigtNr="27070" KundArt="1" KundStatus="1" KundAufDat="2007-02-05"/>
  <Kunden KundenNr="25858" KundEigtNr="27071" KundArt="1" KundStatus="1" KundAufDat="2007-02-05"/>
  <Kunden KundenNr="25859" KundEigtNr="27072" KundArt="1" KundStatus="1" KundAufDat="2007-02-05"/>
  <Kunden KundenNr="25919" KundEigtNr="27073" KundArt="1" KundStatus="1" KundAufDat="2007-02-09"/>
  <Kunden KundenNr="25918" KundEigtNr="27074" KundArt="1" KundStatus="1" KundAufDat="2007-02-08"/>
  <Kunden KundenNr="25917" KundEigtNr="27075" KundArt="1" KundStatus="1" KundAufDat="2007-02-08"/>
  <Kunden KundenNr="25915" KundEigtNr="27076" KundArt="1" KundStatus="1" KundAufDat="2007-02-08"/>
  <Kunden KundenNr="25914" KundEigtNr="27077" KundArt="1" KundStatus="1" KundAufDat="2007-02-08"/>
  <Kunden KundenNr="25913" KundEigtNr="27078" KundArt="1" KundStatus="1" KundAufDat="2007-02-08"/>
  <Kunden KundenNr="25912" KundEigtNr="27079" KundArt="1" KundStatus="1" KundAufDat="2007-02-08"/>
  <Kunden KundenNr="25911" KundEigtNr="27080" KundArt="1" KundStatus="1" KundAufDat="2007-02-08"/>
  <Kunden KundenNr="25910" KundEigtNr="27081" KundArt="1" KundStatus="3" KundAufDat="2007-02-08"/>
  <Kunden KundenNr="25909" KundEigtNr="27082" KundArt="1" KundStatus="1" KundAufDat="2007-02-08"/>
  <Kunden KundenNr="25908" KundEigtNr="27083" KundArt="1" KundStatus="1" KundAufDat="2007-02-08"/>
  <Kunden KundenNr="25906" KundEigtNr="27084" KundArt="1" KundStatus="1" KundAufDat="2007-02-07"/>
  <Kunden KundenNr="25905" KundEigtNr="27049" KundArt="1" KundStatus="1" KundAufDat="2007-02-07"/>
  <Kunden KundenNr="25904" KundEigtNr="27085" KundArt="1" KundStatus="1" KundAufDat="2007-02-07"/>
  <Kunden KundenNr="25902" KundEigtNr="27086" KundArt="1" KundStatus="1" KundAufDat="2007-02-07"/>
  <Kunden KundenNr="25903" KundEigtNr="27087" KundArt="1" KundStatus="1" KundAufDat="2007-02-07"/>
  <Kunden KundenNr="25900" KundEigtNr="27088" KundArt="1" KundStatus="1" KundAufDat="2007-02-07"/>
  <Kunden KundenNr="25901" KundEigtNr="27089" KundArt="1" KundStatus="1" KundAufDat="2007-02-07"/>
  <Kunden KundenNr="25898" KundEigtNr="27090" KundArt="1" KundStatus="1" KundAufDat="2007-02-07"/>
  <Kunden KundenNr="25899" KundEigtNr="27091" KundArt="1" KundStatus="1" KundAufDat="2007-02-07"/>
  <Kunden KundenNr="25896" KundEigtNr="27092" KundArt="1" KundStatus="1" KundAufDat="2007-02-06"/>
  <Kunden KundenNr="25897" KundEigtNr="27093" KundArt="1" KundStatus="1" KundAufDat="2007-02-07"/>
  <Kunden KundenNr="25894" KundEigtNr="26441" KundArt="1" KundStatus="1" KundAufDat="2007-02-06"/>
  <Kunden KundenNr="25895" KundEigtNr="27094" KundArt="1" KundStatus="1" KundAufDat="2007-02-06"/>
  <Kunden KundenNr="25892" KundEigtNr="27095" KundArt="1" KundStatus="1" KundAufDat="2007-02-06"/>
  <Kunden KundenNr="25893" KundEigtNr="27096" KundArt="1" KundStatus="1" KundAufDat="2007-02-06"/>
  <Kunden KundenNr="25890" KundEigtNr="27097" KundArt="1" KundStatus="1" KundAufDat="2007-02-06"/>
  <Kunden KundenNr="25891" KundEigtNr="27098" KundArt="1" KundStatus="1" KundAufDat="2007-02-06"/>
  <Kunden KundenNr="25888" KundEigtNr="27099" KundArt="1" KundStatus="1" KundAufDat="2007-02-06"/>
  <Kunden KundenNr="25889" KundEigtNr="27100" KundArt="1" KundStatus="1" KundAufDat="2007-02-06"/>
  <Kunden KundenNr="25945" KundEigtNr="27101" KundArt="1" KundStatus="1" KundAufDat="2007-02-12"/>
  <Kunden KundenNr="25944" KundEigtNr="27102" KundArt="1" KundStatus="1" KundAufDat="2007-02-12"/>
  <Kunden KundenNr="25947" KundEigtNr="27103" KundArt="1" KundStatus="3" KundAufDat="2007-02-12"/>
  <Kunden KundenNr="25946" KundEigtNr="27104" KundArt="1" KundStatus="1" KundAufDat="2007-02-12"/>
  <Kunden KundenNr="25948" KundEigtNr="27105" KundArt="1" KundStatus="1" KundAufDat="2007-02-12"/>
  <Kunden KundenNr="25951" KundEigtNr="12320" KundArt="1" KundStatus="1" KundAufDat="2007-02-12"/>
  <Kunden KundenNr="25950" KundEigtNr="27106" KundArt="1" KundStatus="1" KundAufDat="2007-02-12"/>
  <Kunden KundenNr="25937" KundEigtNr="27107" KundArt="1" KundStatus="1" KundAufDat="2007-02-12"/>
  <Kunden KundenNr="25936" KundEigtNr="27108" KundArt="1" KundStatus="1" KundAufDat="2007-02-12"/>
  <Kunden KundenNr="25939" KundEigtNr="27109" KundArt="1" KundStatus="1" KundAufDat="2007-02-12"/>
  <Kunden KundenNr="25938" KundEigtNr="27110" KundArt="1" KundStatus="1" KundAufDat="2007-02-12"/>
  <Kunden KundenNr="25941" KundEigtNr="27111" KundArt="1" KundStatus="1" KundAufDat="2007-02-12"/>
  <Kunden KundenNr="25940" KundEigtNr="27112" KundArt="1" KundStatus="1" KundAufDat="2007-02-12"/>
  <Kunden KundenNr="25943" KundEigtNr="27113" KundArt="1" KundStatus="1" KundAufDat="2007-02-12"/>
  <Kunden KundenNr="25942" KundEigtNr="27114" KundArt="1" KundStatus="1" KundAufDat="2007-02-12"/>
  <Kunden KundenNr="25928" KundEigtNr="27115" KundArt="1" KundStatus="1" KundAufDat="2007-02-09"/>
  <Kunden KundenNr="25929" KundEigtNr="27112" KundArt="1" KundStatus="1" KundAufDat="2007-02-09"/>
  <Kunden KundenNr="25930" KundEigtNr="27116" KundArt="1" KundStatus="1" KundAufDat="2007-02-09"/>
  <Kunden KundenNr="25931" KundEigtNr="15180" KundArt="1" KundStatus="1" KundAufDat="2007-02-12"/>
  <Kunden KundenNr="25932" KundEigtNr="27117" KundArt="1" KundStatus="1" KundAufDat="2007-02-12"/>
  <Kunden KundenNr="25933" KundEigtNr="27118" KundArt="1" KundStatus="1" KundAufDat="2007-02-12"/>
  <Kunden KundenNr="25934" KundEigtNr="27119" KundArt="1" KundStatus="1" KundAufDat="2007-02-12"/>
  <Kunden KundenNr="25920" KundEigtNr="27120" KundArt="1" KundStatus="1" KundAufDat="2007-02-09"/>
  <Kunden KundenNr="25921" KundEigtNr="27121" KundArt="1" KundStatus="1" KundAufDat="2007-02-09"/>
  <Kunden KundenNr="25922" KundEigtNr="27122" KundArt="1" KundStatus="1" KundAufDat="2007-02-09"/>
  <Kunden KundenNr="25923" KundEigtNr="27123" KundArt="1" KundStatus="1" KundAufDat="2007-02-09"/>
  <Kunden KundenNr="25924" KundEigtNr="27124" KundArt="1" KundStatus="1" KundAufDat="2007-02-09"/>
  <Kunden KundenNr="25925" KundEigtNr="27125" KundArt="1" KundStatus="1" KundAufDat="2007-02-09"/>
  <Kunden KundenNr="25926" KundEigtNr="27126" KundArt="1" KundStatus="1" KundAufDat="2007-02-09"/>
  <Kunden KundenNr="25927" KundEigtNr="27127" KundArt="1" KundStatus="1" KundAufDat="2007-02-09"/>
  <Kunden KundenNr="25979" KundEigtNr="27128" KundArt="1" KundStatus="1" KundAufDat="2007-02-13"/>
  <Kunden KundenNr="25978" KundEigtNr="27129" KundArt="1" KundStatus="1" KundAufDat="2007-02-13"/>
  <Kunden KundenNr="25977" KundEigtNr="27130" KundArt="1" KundStatus="1" KundAufDat="2007-02-13"/>
  <Kunden KundenNr="25976" KundEigtNr="27131" KundArt="1" KundStatus="1" KundAufDat="2007-02-13"/>
  <Kunden KundenNr="25983" KundEigtNr="27132" KundArt="1" KundStatus="1" KundAufDat="2007-02-13"/>
  <Kunden KundenNr="25982" KundEigtNr="27133" KundArt="1" KundStatus="1" KundAufDat="2007-02-13"/>
  <Kunden KundenNr="25981" KundEigtNr="27134" KundArt="1" KundStatus="1" KundAufDat="2007-02-13"/>
  <Kunden KundenNr="25980" KundEigtNr="27135" KundArt="1" KundStatus="1" KundAufDat="2007-02-13"/>
  <Kunden KundenNr="25971" KundEigtNr="27136" KundArt="1" KundStatus="1" KundAufDat="2007-02-13"/>
  <Kunden KundenNr="25970" KundEigtNr="27137" KundArt="1" KundStatus="3" KundAufDat="2007-02-13"/>
  <Kunden KundenNr="25969" KundEigtNr="27138" KundArt="1" KundStatus="1" KundAufDat="2007-02-13"/>
  <Kunden KundenNr="25968" KundEigtNr="27139" KundArt="1" KundStatus="1" KundAufDat="2007-02-13"/>
  <Kunden KundenNr="25975" KundEigtNr="27140" KundArt="1" KundStatus="1" KundAufDat="2007-02-13"/>
  <Kunden KundenNr="25974" KundEigtNr="27141" KundArt="1" KundStatus="1" KundAufDat="2007-02-13"/>
  <Kunden KundenNr="25973" KundEigtNr="27142" KundArt="1" KundStatus="1" KundAufDat="2007-02-13"/>
  <Kunden KundenNr="25972" KundEigtNr="27143" KundArt="1" KundStatus="1" KundAufDat="2007-02-13"/>
  <Kunden KundenNr="25963" KundEigtNr="27144" KundArt="1" KundStatus="1" KundAufDat="2007-02-12"/>
  <Kunden KundenNr="25960" KundEigtNr="27145" KundArt="1" KundStatus="1" KundAufDat="2007-02-12"/>
  <Kunden KundenNr="25961" KundEigtNr="27146" KundArt="1" KundStatus="1" KundAufDat="2007-02-12"/>
  <Kunden KundenNr="25967" KundEigtNr="27147" KundArt="1" KundStatus="1" KundAufDat="2007-02-13"/>
  <Kunden KundenNr="25964" KundEigtNr="27148" KundArt="1" KundStatus="1" KundAufDat="2007-02-12"/>
  <Kunden KundenNr="25965" KundEigtNr="27149" KundArt="1" KundStatus="1" KundAufDat="2007-02-12"/>
  <Kunden KundenNr="25954" KundEigtNr="27150" KundArt="1" KundStatus="1" KundAufDat="2007-02-12"/>
  <Kunden KundenNr="25955" KundEigtNr="27151" KundArt="1" KundStatus="1" KundAufDat="2007-02-12"/>
  <Kunden KundenNr="25953" KundEigtNr="27152" KundArt="1" KundStatus="1" KundAufDat="2007-02-12"/>
  <Kunden KundenNr="25958" KundEigtNr="27153" KundArt="1" KundStatus="1" KundAufDat="2007-02-12"/>
  <Kunden KundenNr="25959" KundEigtNr="27154" KundArt="1" KundStatus="1" KundAufDat="2007-02-12"/>
  <Kunden KundenNr="25956" KundEigtNr="27155" KundArt="1" KundStatus="1" KundAufDat="2007-02-12"/>
  <Kunden KundenNr="25957" KundEigtNr="27156" KundArt="1" KundStatus="1" KundAufDat="2007-02-12"/>
  <Kunden KundenNr="25325" KundEigtNr="27157" KundArt="1" KundStatus="1" KundAufDat="2006-11-27"/>
  <Kunden KundenNr="25324" KundEigtNr="27158" KundArt="1" KundStatus="1" KundAufDat="2006-11-27"/>
  <Kunden KundenNr="25327" KundEigtNr="27159" KundArt="1" KundStatus="1" KundAufDat="2006-11-27"/>
  <Kunden KundenNr="25326" KundEigtNr="27160" KundArt="1" KundStatus="3" KundAufDat="2006-11-27"/>
  <Kunden KundenNr="25321" KundEigtNr="20848" KundArt="1" KundStatus="1" KundAufDat="2006-11-27"/>
  <Kunden KundenNr="25320" KundEigtNr="27161" KundArt="1" KundStatus="1" KundAufDat="2006-11-27"/>
  <Kunden KundenNr="25323" KundEigtNr="27162" KundArt="1" KundStatus="1" KundAufDat="2006-11-27"/>
  <Kunden KundenNr="25322" KundEigtNr="27163" KundArt="1" KundStatus="3" KundAufDat="2006-11-27"/>
  <Kunden KundenNr="25317" KundEigtNr="27164" KundArt="1" KundStatus="1" KundAufDat="2006-11-27"/>
  <Kunden KundenNr="25316" KundEigtNr="27165" KundArt="1" KundStatus="1" KundAufDat="2006-11-27"/>
  <Kunden KundenNr="25319" KundEigtNr="27166" KundArt="1" KundStatus="1" KundAufDat="2006-11-27"/>
  <Kunden KundenNr="25318" KundEigtNr="27167" KundArt="1" KundStatus="1" KundAufDat="2006-11-27"/>
  <Kunden KundenNr="25313" KundEigtNr="27168" KundArt="1" KundStatus="1" KundAufDat="2006-11-24"/>
  <Kunden KundenNr="25312" KundEigtNr="27169" KundArt="1" KundStatus="3" KundAufDat="2006-11-24"/>
  <Kunden KundenNr="25315" KundEigtNr="26444" KundArt="1" KundStatus="1" KundAufDat="2006-11-25"/>
  <Kunden KundenNr="25314" KundEigtNr="27170" KundArt="1" KundStatus="3" KundAufDat="2006-11-24"/>
  <Kunden KundenNr="25340" KundEigtNr="27171" KundArt="1" KundStatus="3" KundAufDat="2006-11-28"/>
  <Kunden KundenNr="25341" KundEigtNr="27172" KundArt="1" KundStatus="1" KundAufDat="2006-11-28"/>
  <Kunden KundenNr="25342" KundEigtNr="27173" KundArt="1" KundStatus="3" KundAufDat="2006-11-28"/>
  <Kunden KundenNr="25343" KundEigtNr="27174" KundArt="1" KundStatus="1" KundAufDat="2006-11-28"/>
  <Kunden KundenNr="25336" KundEigtNr="27175" KundArt="1" KundStatus="1" KundAufDat="2006-11-27"/>
  <Kunden KundenNr="25337" KundEigtNr="27176" KundArt="1" KundStatus="1" KundAufDat="2006-11-27"/>
  <Kunden KundenNr="25338" KundEigtNr="27177" KundArt="1" KundStatus="1" KundAufDat="2006-11-28"/>
  <Kunden KundenNr="25339" KundEigtNr="27178" KundArt="1" KundStatus="1" KundAufDat="2006-11-28"/>
  <Kunden KundenNr="25332" KundEigtNr="22215" KundArt="1" KundStatus="1" KundAufDat="2006-11-27"/>
  <Kunden KundenNr="25333" KundEigtNr="27179" KundArt="1" KundStatus="1" KundAufDat="2006-11-27"/>
  <Kunden KundenNr="25334" KundEigtNr="20463" KundArt="1" KundStatus="1" KundAufDat="2006-11-27"/>
  <Kunden KundenNr="25335" KundEigtNr="27180" KundArt="1" KundStatus="1" KundAufDat="2006-11-27"/>
  <Kunden KundenNr="25328" KundEigtNr="27181" KundArt="1" KundStatus="1" KundAufDat="2006-11-27"/>
  <Kunden KundenNr="25329" KundEigtNr="27182" KundArt="1" KundStatus="1" KundAufDat="2006-11-27"/>
  <Kunden KundenNr="25330" KundEigtNr="27183" KundArt="1" KundStatus="1" KundAufDat="2006-11-27"/>
  <Kunden KundenNr="25331" KundEigtNr="27184" KundArt="1" KundStatus="1" KundAufDat="2006-11-27"/>
  <Kunden KundenNr="25295" KundEigtNr="27185" KundArt="1" KundStatus="1" KundAufDat="2006-11-23"/>
  <Kunden KundenNr="25289" KundEigtNr="27186" KundArt="1" KundStatus="1" KundAufDat="2006-11-22"/>
  <Kunden KundenNr="25287" KundEigtNr="27187" KundArt="1" KundStatus="1" KundAufDat="2006-11-22"/>
  <Kunden KundenNr="25286" KundEigtNr="27188" KundArt="1" KundStatus="1" KundAufDat="2006-11-22"/>
  <Kunden KundenNr="25285" KundEigtNr="27189" KundArt="1" KundStatus="1" KundAufDat="2006-11-22"/>
  <Kunden KundenNr="25284" KundEigtNr="27190" KundArt="1" KundStatus="3" KundAufDat="2006-11-22"/>
  <Kunden KundenNr="25283" KundEigtNr="27191" KundArt="1" KundStatus="1" KundAufDat="2006-11-22"/>
  <Kunden KundenNr="25282" KundEigtNr="27192" KundArt="1" KundStatus="1" KundAufDat="2006-11-22"/>
  <Kunden KundenNr="25280" KundEigtNr="27193" KundArt="1" KundStatus="1" KundAufDat="2006-11-22"/>
  <Kunden KundenNr="25310" KundEigtNr="27194" KundArt="1" KundStatus="3" KundAufDat="2006-11-24"/>
  <Kunden KundenNr="25311" KundEigtNr="27195" KundArt="1" KundStatus="3" KundAufDat="2006-11-24"/>
  <Kunden KundenNr="25308" KundEigtNr="27196" KundArt="1" KundStatus="1" KundAufDat="2006-11-23"/>
  <Kunden KundenNr="25309" KundEigtNr="27197" KundArt="1" KundStatus="1" KundAufDat="2006-11-24"/>
  <Kunden KundenNr="25306" KundEigtNr="27198" KundArt="1" KundStatus="1" KundAufDat="2006-11-23"/>
  <Kunden KundenNr="25307" KundEigtNr="27199" KundArt="1" KundStatus="1" KundAufDat="2006-11-23"/>
  <Kunden KundenNr="25304" KundEigtNr="27200" KundArt="1" KundStatus="1" KundAufDat="2006-11-23"/>
  <Kunden KundenNr="25305" KundEigtNr="27201" KundArt="1" KundStatus="1" KundAufDat="2006-11-23"/>
  <Kunden KundenNr="25302" KundEigtNr="27202" KundArt="1" KundStatus="1" KundAufDat="2006-11-23"/>
  <Kunden KundenNr="25303" KundEigtNr="27203" KundArt="1" KundStatus="3" KundAufDat="2006-11-23"/>
  <Kunden KundenNr="25300" KundEigtNr="27204" KundArt="1" KundStatus="1" KundAufDat="2006-11-23"/>
  <Kunden KundenNr="25301" KundEigtNr="27205" KundArt="1" KundStatus="1" KundAufDat="2006-11-23"/>
  <Kunden KundenNr="25298" KundEigtNr="27206" KundArt="1" KundStatus="1" KundAufDat="2006-11-23"/>
  <Kunden KundenNr="25299" KundEigtNr="27207" KundArt="1" KundStatus="3" KundAufDat="2006-11-23"/>
  <Kunden KundenNr="25296" KundEigtNr="27208" KundArt="1" KundStatus="1" KundAufDat="2006-11-23"/>
  <Kunden KundenNr="25297" KundEigtNr="27209" KundArt="1" KundStatus="1" KundAufDat="2006-11-23"/>
  <Kunden KundenNr="25257" KundEigtNr="27210" KundArt="1" KundStatus="1" KundAufDat="2006-11-20"/>
  <Kunden KundenNr="25256" KundEigtNr="27211" KundArt="1" KundStatus="3" KundAufDat="2006-11-20"/>
  <Kunden KundenNr="25259" KundEigtNr="27212" KundArt="1" KundStatus="3" KundAufDat="2006-11-20"/>
  <Kunden KundenNr="25258" KundEigtNr="27213" KundArt="1" KundStatus="3" KundAufDat="2006-11-20"/>
  <Kunden KundenNr="25261" KundEigtNr="27214" KundArt="1" KundStatus="1" KundAufDat="2006-11-20"/>
  <Kunden KundenNr="25260" KundEigtNr="27215" KundArt="1" KundStatus="1" KundAufDat="2006-11-20"/>
  <Kunden KundenNr="25263" KundEigtNr="27216" KundArt="1" KundStatus="3" KundAufDat="2006-11-20"/>
  <Kunden KundenNr="25262" KundEigtNr="27217" KundArt="1" KundStatus="1" KundAufDat="2006-11-20"/>
  <Kunden KundenNr="25249" KundEigtNr="27218" KundArt="1" KundStatus="3" KundAufDat="2006-11-17"/>
  <Kunden KundenNr="25248" KundEigtNr="27219" KundArt="1" KundStatus="1" KundAufDat="2006-11-17"/>
  <Kunden KundenNr="25251" KundEigtNr="27220" KundArt="1" KundStatus="3" KundAufDat="2006-11-17"/>
  <Kunden KundenNr="25250" KundEigtNr="27221" KundArt="1" KundStatus="3" KundAufDat="2006-11-17"/>
  <Kunden KundenNr="25253" KundEigtNr="27222" KundArt="1" KundStatus="1" KundAufDat="2006-11-18"/>
  <Kunden KundenNr="25252" KundEigtNr="27223" KundArt="1" KundStatus="1" KundAufDat="2006-11-17"/>
  <Kunden KundenNr="25255" KundEigtNr="27224" KundArt="1" KundStatus="1" KundAufDat="2006-11-20"/>
  <Kunden KundenNr="25254" KundEigtNr="27225" KundArt="1" KundStatus="3" KundAufDat="2006-11-18"/>
  <Kunden KundenNr="25272" KundEigtNr="27226" KundArt="1" KundStatus="1" KundAufDat="2006-11-21"/>
  <Kunden KundenNr="25273" KundEigtNr="27227" KundArt="1" KundStatus="1" KundAufDat="2006-11-21"/>
  <Kunden KundenNr="25274" KundEigtNr="27228" KundArt="1" KundStatus="1" KundAufDat="2006-11-21"/>
  <Kunden KundenNr="25275" KundEigtNr="27229" KundArt="1" KundStatus="1" KundAufDat="2006-11-21"/>
  <Kunden KundenNr="25276" KundEigtNr="27230" KundArt="1" KundStatus="1" KundAufDat="2006-11-21"/>
  <Kunden KundenNr="25277" KundEigtNr="27231" KundArt="1" KundStatus="1" KundAufDat="2006-11-21"/>
  <Kunden KundenNr="25278" KundEigtNr="27232" KundArt="1" KundStatus="1" KundAufDat="2006-11-22"/>
  <Kunden KundenNr="25279" KundEigtNr="27233" KundArt="1" KundStatus="1" KundAufDat="2006-11-22"/>
  <Kunden KundenNr="25264" KundEigtNr="27234" KundArt="1" KundStatus="3" KundAufDat="2006-11-20"/>
  <Kunden KundenNr="25265" KundEigtNr="27235" KundArt="1" KundStatus="1" KundAufDat="2006-11-20"/>
  <Kunden KundenNr="25266" KundEigtNr="27236" KundArt="1" KundStatus="1" KundAufDat="2006-11-21"/>
  <Kunden KundenNr="25267" KundEigtNr="27237" KundArt="1" KundStatus="3" KundAufDat="2006-11-21"/>
  <Kunden KundenNr="25268" KundEigtNr="27238" KundArt="1" KundStatus="3" KundAufDat="2006-11-21"/>
  <Kunden KundenNr="25269" KundEigtNr="27239" KundArt="1" KundStatus="1" KundAufDat="2006-11-21"/>
  <Kunden KundenNr="25270" KundEigtNr="27240" KundArt="1" KundStatus="1" KundAufDat="2006-11-21"/>
  <Kunden KundenNr="25271" KundEigtNr="27241" KundArt="1" KundStatus="1" KundAufDat="2006-11-21"/>
  <Kunden KundenNr="25227" KundEigtNr="27242" KundArt="1" KundStatus="1" KundAufDat="2006-11-16"/>
  <Kunden KundenNr="25226" KundEigtNr="27243" KundArt="1" KundStatus="1" KundAufDat="2006-11-16"/>
  <Kunden KundenNr="25225" KundEigtNr="27244" KundArt="1" KundStatus="1" KundAufDat="2006-11-15"/>
  <Kunden KundenNr="25224" KundEigtNr="27245" KundArt="1" KundStatus="1" KundAufDat="2006-11-15"/>
  <Kunden KundenNr="25231" KundEigtNr="27246" KundArt="1" KundStatus="1" KundAufDat="2006-11-16"/>
  <Kunden KundenNr="25230" KundEigtNr="27247" KundArt="1" KundStatus="1" KundAufDat="2006-11-16"/>
  <Kunden KundenNr="25229" KundEigtNr="27248" KundArt="1" KundStatus="3" KundAufDat="2006-11-16"/>
  <Kunden KundenNr="25228" KundEigtNr="27249" KundArt="1" KundStatus="1" KundAufDat="2006-11-16"/>
  <Kunden KundenNr="25219" KundEigtNr="27250" KundArt="1" KundStatus="3" KundAufDat="2006-11-15"/>
  <Kunden KundenNr="25218" KundEigtNr="27251" KundArt="1" KundStatus="3" KundAufDat="2006-11-15"/>
  <Kunden KundenNr="25217" KundEigtNr="27252" KundArt="1" KundStatus="1" KundAufDat="2006-11-15"/>
  <Kunden KundenNr="25216" KundEigtNr="27253" KundArt="1" KundStatus="3" KundAufDat="2006-11-15"/>
  <Kunden KundenNr="25223" KundEigtNr="27254" KundArt="1" KundStatus="1" KundAufDat="2006-11-15"/>
  <Kunden KundenNr="25222" KundEigtNr="27255" KundArt="1" KundStatus="1" KundAufDat="2006-11-15"/>
  <Kunden KundenNr="25221" KundEigtNr="27256" KundArt="1" KundStatus="3" KundAufDat="2006-11-15"/>
  <Kunden KundenNr="25220" KundEigtNr="27257" KundArt="1" KundStatus="1" KundAufDat="2006-11-15"/>
  <Kunden KundenNr="25242" KundEigtNr="27258" KundArt="1" KundStatus="3" KundAufDat="2006-11-17"/>
  <Kunden KundenNr="25243" KundEigtNr="27259" KundArt="1" KundStatus="1" KundAufDat="2006-11-17"/>
  <Kunden KundenNr="25240" KundEigtNr="27260" KundArt="1" KundStatus="1" KundAufDat="2006-11-17"/>
  <Kunden KundenNr="25241" KundEigtNr="27261" KundArt="1" KundStatus="1" KundAufDat="2006-11-17"/>
  <Kunden KundenNr="25246" KundEigtNr="25772" KundArt="1" KundStatus="1" KundAufDat="2006-11-17"/>
  <Kunden KundenNr="25247" KundEigtNr="27262" KundArt="1" KundStatus="1" KundAufDat="2006-11-17"/>
  <Kunden KundenNr="25244" KundEigtNr="27263" KundArt="1" KundStatus="1" KundAufDat="2006-11-17"/>
  <Kunden KundenNr="25245" KundEigtNr="27264" KundArt="1" KundStatus="1" KundAufDat="2006-11-17"/>
  <Kunden KundenNr="25234" KundEigtNr="27265" KundArt="1" KundStatus="1" KundAufDat="2006-11-16"/>
  <Kunden KundenNr="25235" KundEigtNr="27266" KundArt="1" KundStatus="3" KundAufDat="2006-11-16"/>
  <Kunden KundenNr="25232" KundEigtNr="27267" KundArt="1" KundStatus="1" KundAufDat="2006-11-16"/>
  <Kunden KundenNr="25233" KundEigtNr="27268" KundArt="1" KundStatus="1" KundAufDat="2006-11-16"/>
  <Kunden KundenNr="25238" KundEigtNr="27269" KundArt="1" KundStatus="1" KundAufDat="2006-11-17"/>
  <Kunden KundenNr="25239" KundEigtNr="27270" KundArt="1" KundStatus="3" KundAufDat="2006-11-17"/>
  <Kunden KundenNr="25236" KundEigtNr="9598" KundArt="1" KundStatus="1" KundAufDat="2006-11-16"/>
  <Kunden KundenNr="25237" KundEigtNr="27271" KundArt="1" KundStatus="1" KundAufDat="2006-11-16"/>
  <Kunden KundenNr="25188" KundEigtNr="27272" KundArt="1" KundStatus="1" KundAufDat="2006-11-13"/>
  <Kunden KundenNr="25189" KundEigtNr="27273" KundArt="1" KundStatus="1" KundAufDat="2006-11-13"/>
  <Kunden KundenNr="25190" KundEigtNr="27274" KundArt="1" KundStatus="1" KundAufDat="2006-11-13"/>
  <Kunden KundenNr="25191" KundEigtNr="27275" KundArt="1" KundStatus="1" KundAufDat="2006-11-13"/>
  <Kunden KundenNr="25184" KundEigtNr="27276" KundArt="1" KundStatus="1" KundAufDat="2006-11-13"/>
  <Kunden KundenNr="25186" KundEigtNr="27277" KundArt="1" KundStatus="1" KundAufDat="2006-11-13"/>
  <Kunden KundenNr="25187" KundEigtNr="27278" KundArt="1" KundStatus="1" KundAufDat="2006-11-13"/>
  <Kunden KundenNr="25196" KundEigtNr="27279" KundArt="1" KundStatus="1" KundAufDat="2006-11-13"/>
  <Kunden KundenNr="25197" KundEigtNr="27280" KundArt="1" KundStatus="1" KundAufDat="2006-11-13"/>
  <Kunden KundenNr="25198" KundEigtNr="27281" KundArt="1" KundStatus="1" KundAufDat="2006-11-13"/>
  <Kunden KundenNr="25199" KundEigtNr="27282" KundArt="1" KundStatus="1" KundAufDat="2006-11-13"/>
  <Kunden KundenNr="25192" KundEigtNr="21053" KundArt="1" KundStatus="1" KundAufDat="2006-11-13"/>
  <Kunden KundenNr="25193" KundEigtNr="27283" KundArt="1" KundStatus="1" KundAufDat="2006-11-13"/>
  <Kunden KundenNr="25194" KundEigtNr="27284" KundArt="1" KundStatus="1" KundAufDat="2006-11-13"/>
  <Kunden KundenNr="25195" KundEigtNr="27285" KundArt="1" KundStatus="1" KundAufDat="2006-11-13"/>
  <Kunden KundenNr="25205" KundEigtNr="27286" KundArt="1" KundStatus="1" KundAufDat="2006-11-13"/>
  <Kunden KundenNr="25204" KundEigtNr="27287" KundArt="1" KundStatus="1" KundAufDat="2006-11-13"/>
  <Kunden KundenNr="25207" KundEigtNr="24369" KundArt="1" KundStatus="1" KundAufDat="2006-11-13"/>
  <Kunden KundenNr="25206" KundEigtNr="27288" KundArt="1" KundStatus="1" KundAufDat="2006-11-13"/>
  <Kunden KundenNr="25201" KundEigtNr="22018" KundArt="1" KundStatus="1" KundAufDat="2006-11-13"/>
  <Kunden KundenNr="25200" KundEigtNr="27289" KundArt="1" KundStatus="1" KundAufDat="2006-11-13"/>
  <Kunden KundenNr="25203" KundEigtNr="27290" KundArt="1" KundStatus="1" KundAufDat="2006-11-13"/>
  <Kunden KundenNr="25202" KundEigtNr="18565" KundArt="1" KundStatus="1" KundAufDat="2006-11-13"/>
  <Kunden KundenNr="25213" KundEigtNr="27291" KundArt="1" KundStatus="1" KundAufDat="2006-11-14"/>
  <Kunden KundenNr="25212" KundEigtNr="27292" KundArt="1" KundStatus="1" KundAufDat="2006-11-14"/>
  <Kunden KundenNr="25215" KundEigtNr="27293" KundArt="1" KundStatus="1" KundAufDat="2006-11-14"/>
  <Kunden KundenNr="25214" KundEigtNr="27294" KundArt="1" KundStatus="1" KundAufDat="2006-11-14"/>
  <Kunden KundenNr="25209" KundEigtNr="27295" KundArt="1" KundStatus="1" KundAufDat="2006-11-14"/>
  <Kunden KundenNr="25208" KundEigtNr="27296" KundArt="1" KundStatus="1" KundAufDat="2006-11-14"/>
  <Kunden KundenNr="25211" KundEigtNr="27297" KundArt="1" KundStatus="1" KundAufDat="2006-11-14"/>
  <Kunden KundenNr="25210" KundEigtNr="27298" KundArt="1" KundStatus="3" KundAufDat="2006-11-14"/>
  <Kunden KundenNr="25158" KundEigtNr="27299" KundArt="1" KundStatus="3" KundAufDat="2006-11-08"/>
  <Kunden KundenNr="25159" KundEigtNr="27300" KundArt="1" KundStatus="1" KundAufDat="2006-11-08"/>
  <Kunden KundenNr="25157" KundEigtNr="27301" KundArt="1" KundStatus="1" KundAufDat="2006-11-08"/>
  <Kunden KundenNr="25155" KundEigtNr="27302" KundArt="1" KundStatus="1" KundAufDat="2006-11-07"/>
  <Kunden KundenNr="25152" KundEigtNr="27303" KundArt="1" KundStatus="3" KundAufDat="2006-11-07"/>
  <Kunden KundenNr="25153" KundEigtNr="27304" KundArt="1" KundStatus="3" KundAufDat="2006-11-07"/>
  <Kunden KundenNr="25166" KundEigtNr="27305" KundArt="1" KundStatus="1" KundAufDat="2006-11-09"/>
  <Kunden KundenNr="25164" KundEigtNr="27306" KundArt="1" KundStatus="1" KundAufDat="2006-11-09"/>
  <Kunden KundenNr="25165" KundEigtNr="27307" KundArt="1" KundStatus="1" KundAufDat="2006-11-09"/>
  <Kunden KundenNr="25163" KundEigtNr="27308" KundArt="1" KundStatus="1" KundAufDat="2006-11-09"/>
  <Kunden KundenNr="25161" KundEigtNr="27309" KundArt="1" KundStatus="1" KundAufDat="2006-11-09"/>
  <Kunden KundenNr="25175" KundEigtNr="27310" KundArt="1" KundStatus="1" KundAufDat="2006-11-09"/>
  <Kunden KundenNr="25174" KundEigtNr="27311" KundArt="1" KundStatus="1" KundAufDat="2006-11-09"/>
  <Kunden KundenNr="25173" KundEigtNr="27312" KundArt="1" KundStatus="1" KundAufDat="2006-11-09"/>
  <Kunden KundenNr="25172" KundEigtNr="27313" KundArt="1" KundStatus="1" KundAufDat="2006-11-09"/>
  <Kunden KundenNr="25171" KundEigtNr="27314" KundArt="1" KundStatus="1" KundAufDat="2006-11-09"/>
  <Kunden KundenNr="25170" KundEigtNr="27315" KundArt="1" KundStatus="1" KundAufDat="2006-11-09"/>
  <Kunden KundenNr="25169" KundEigtNr="27316" KundArt="1" KundStatus="1" KundAufDat="2006-11-09"/>
  <Kunden KundenNr="25168" KundEigtNr="27317" KundArt="1" KundStatus="1" KundAufDat="2006-11-09"/>
  <Kunden KundenNr="25183" KundEigtNr="27318" KundArt="1" KundStatus="1" KundAufDat="2006-11-10"/>
  <Kunden KundenNr="25182" KundEigtNr="27319" KundArt="1" KundStatus="3" KundAufDat="2006-11-10"/>
  <Kunden KundenNr="25181" KundEigtNr="27320" KundArt="1" KundStatus="3" KundAufDat="2006-11-10"/>
  <Kunden KundenNr="25180" KundEigtNr="27321" KundArt="1" KundStatus="1" KundAufDat="2006-11-10"/>
  <Kunden KundenNr="25179" KundEigtNr="27322" KundArt="1" KundStatus="1" KundAufDat="2006-11-09"/>
  <Kunden KundenNr="25178" KundEigtNr="27323" KundArt="1" KundStatus="1" KundAufDat="2006-11-09"/>
  <Kunden KundenNr="25177" KundEigtNr="27324" KundArt="1" KundStatus="1" KundAufDat="2006-11-09"/>
  <Kunden KundenNr="25176" KundEigtNr="27325" KundArt="1" KundStatus="1" KundAufDat="2006-11-09"/>
  <Kunden KundenNr="25120" KundEigtNr="27326" KundArt="1" KundStatus="1" KundAufDat="2006-11-02"/>
  <Kunden KundenNr="25121" KundEigtNr="27327" KundArt="1" KundStatus="1" KundAufDat="2006-11-02"/>
  <Kunden KundenNr="25122" KundEigtNr="27328" KundArt="1" KundStatus="1" KundAufDat="2006-11-02"/>
  <Kunden KundenNr="25123" KundEigtNr="27329" KundArt="1" KundStatus="3" KundAufDat="2006-11-02"/>
  <Kunden KundenNr="25124" KundEigtNr="27330" KundArt="1" KundStatus="3" KundAufDat="2006-11-02"/>
  <Kunden KundenNr="25125" KundEigtNr="27331" KundArt="1" KundStatus="1" KundAufDat="2006-11-02"/>
  <Kunden KundenNr="25126" KundEigtNr="27332" KundArt="1" KundStatus="1" KundAufDat="2006-11-02"/>
  <Kunden KundenNr="25128" KundEigtNr="27333" KundArt="1" KundStatus="1" KundAufDat="2006-11-03"/>
  <Kunden KundenNr="25129" KundEigtNr="27334" KundArt="1" KundStatus="1" KundAufDat="2006-11-03"/>
  <Kunden KundenNr="25130" KundEigtNr="27335" KundArt="1" KundStatus="1" KundAufDat="2006-11-03"/>
  <Kunden KundenNr="25131" KundEigtNr="27336" KundArt="1" KundStatus="1" KundAufDat="2006-11-03"/>
  <Kunden KundenNr="25132" KundEigtNr="27337" KundArt="1" KundStatus="1" KundAufDat="2006-11-03"/>
  <Kunden KundenNr="25133" KundEigtNr="27338" KundArt="1" KundStatus="1" KundAufDat="2006-11-03"/>
  <Kunden KundenNr="25134" KundEigtNr="27339" KundArt="1" KundStatus="1" KundAufDat="2006-11-06"/>
  <Kunden KundenNr="25135" KundEigtNr="27340" KundArt="1" KundStatus="1" KundAufDat="2006-11-06"/>
  <Kunden KundenNr="25137" KundEigtNr="27341" KundArt="1" KundStatus="1" KundAufDat="2006-11-06"/>
  <Kunden KundenNr="25136" KundEigtNr="27342" KundArt="1" KundStatus="1" KundAufDat="2006-11-06"/>
  <Kunden KundenNr="25139" KundEigtNr="27343" KundArt="1" KundStatus="1" KundAufDat="2006-11-06"/>
  <Kunden KundenNr="25138" KundEigtNr="27344" KundArt="1" KundStatus="1" KundAufDat="2006-11-06"/>
  <Kunden KundenNr="25141" KundEigtNr="27345" KundArt="1" KundStatus="1" KundAufDat="2006-11-06"/>
  <Kunden KundenNr="25143" KundEigtNr="27346" KundArt="1" KundStatus="1" KundAufDat="2006-11-06"/>
  <Kunden KundenNr="25142" KundEigtNr="27347" KundArt="1" KundStatus="1" KundAufDat="2006-11-06"/>
  <Kunden KundenNr="25145" KundEigtNr="22827" KundArt="1" KundStatus="3" KundAufDat="2006-11-06"/>
  <Kunden KundenNr="25144" KundEigtNr="27348" KundArt="1" KundStatus="3" KundAufDat="2006-11-06"/>
  <Kunden KundenNr="25147" KundEigtNr="27349" KundArt="1" KundStatus="1" KundAufDat="2006-11-07"/>
  <Kunden KundenNr="25146" KundEigtNr="27350" KundArt="1" KundStatus="3" KundAufDat="2006-11-07"/>
  <Kunden KundenNr="25149" KundEigtNr="27351" KundArt="1" KundStatus="1" KundAufDat="2006-11-07"/>
  <Kunden KundenNr="25148" KundEigtNr="27352" KundArt="1" KundStatus="3" KundAufDat="2006-11-07"/>
  <Kunden KundenNr="25151" KundEigtNr="27303" KundArt="1" KundStatus="1" KundAufDat="2006-11-07"/>
  <Kunden KundenNr="25150" KundEigtNr="27353" KundArt="1" KundStatus="3" KundAufDat="2006-11-07"/>
  <Kunden KundenNr="25090" KundEigtNr="27354" KundArt="1" KundStatus="1" KundAufDat="2006-10-30"/>
  <Kunden KundenNr="25091" KundEigtNr="27355" KundArt="1" KundStatus="3" KundAufDat="2006-10-30"/>
  <Kunden KundenNr="25088" KundEigtNr="27356" KundArt="1" KundStatus="1" KundAufDat="2006-10-30"/>
  <Kunden KundenNr="25094" KundEigtNr="27357" KundArt="1" KundStatus="1" KundAufDat="2006-10-30"/>
  <Kunden KundenNr="25092" KundEigtNr="27358" KundArt="1" KundStatus="3" KundAufDat="2006-10-30"/>
  <Kunden KundenNr="25093" KundEigtNr="27359" KundArt="1" KundStatus="3" KundAufDat="2006-10-30"/>
  <Kunden KundenNr="25098" KundEigtNr="27360" KundArt="1" KundStatus="1" KundAufDat="2006-10-31"/>
  <Kunden KundenNr="25099" KundEigtNr="27361" KundArt="1" KundStatus="1" KundAufDat="2006-10-31"/>
  <Kunden KundenNr="25096" KundEigtNr="27362" KundArt="1" KundStatus="1" KundAufDat="2006-10-31"/>
  <Kunden KundenNr="25097" KundEigtNr="27363" KundArt="1" KundStatus="3" KundAufDat="2006-10-31"/>
  <Kunden KundenNr="25102" KundEigtNr="27364" KundArt="1" KundStatus="1" KundAufDat="2006-11-01"/>
  <Kunden KundenNr="25103" KundEigtNr="27365" KundArt="1" KundStatus="3" KundAufDat="2006-11-01"/>
  <Kunden KundenNr="25100" KundEigtNr="27366" KundArt="1" KundStatus="1" KundAufDat="2006-10-31"/>
  <Kunden KundenNr="25101" KundEigtNr="27367" KundArt="1" KundStatus="3" KundAufDat="2006-10-31"/>
  <Kunden KundenNr="25107" KundEigtNr="27368" KundArt="1" KundStatus="1" KundAufDat="2006-11-01"/>
  <Kunden KundenNr="25106" KundEigtNr="27369" KundArt="1" KundStatus="1" KundAufDat="2006-11-01"/>
  <Kunden KundenNr="25105" KundEigtNr="27370" KundArt="1" KundStatus="3" KundAufDat="2006-11-01"/>
  <Kunden KundenNr="25111" KundEigtNr="27371" KundArt="1" KundStatus="3" KundAufDat="2006-11-01"/>
  <Kunden KundenNr="25110" KundEigtNr="27372" KundArt="1" KundStatus="1" KundAufDat="2006-11-01"/>
  <Kunden KundenNr="25109" KundEigtNr="27373" KundArt="1" KundStatus="1" KundAufDat="2006-11-01"/>
  <Kunden KundenNr="25108" KundEigtNr="27374" KundArt="1" KundStatus="1" KundAufDat="2006-11-01"/>
  <Kunden KundenNr="25115" KundEigtNr="27375" KundArt="1" KundStatus="1" KundAufDat="2006-11-02"/>
  <Kunden KundenNr="25114" KundEigtNr="27376" KundArt="1" KundStatus="3" KundAufDat="2006-11-02"/>
  <Kunden KundenNr="25113" KundEigtNr="27377" KundArt="1" KundStatus="1" KundAufDat="2006-11-01"/>
  <Kunden KundenNr="25112" KundEigtNr="27378" KundArt="1" KundStatus="1" KundAufDat="2006-11-01"/>
  <Kunden KundenNr="25119" KundEigtNr="23989" KundArt="1" KundStatus="1" KundAufDat="2006-11-02"/>
  <Kunden KundenNr="25118" KundEigtNr="27379" KundArt="1" KundStatus="1" KundAufDat="2006-11-02"/>
  <Kunden KundenNr="25117" KundEigtNr="27380" KundArt="1" KundStatus="1" KundAufDat="2006-11-02"/>
  <Kunden KundenNr="25116" KundEigtNr="27381" KundArt="1" KundStatus="1" KundAufDat="2006-11-02"/>
  <Kunden KundenNr="25598" KundEigtNr="27382" KundArt="1" KundStatus="1" KundAufDat="2007-01-10"/>
  <Kunden KundenNr="25599" KundEigtNr="27383" KundArt="1" KundStatus="3" KundAufDat="2007-01-10"/>
  <Kunden KundenNr="25596" KundEigtNr="27384" KundArt="1" KundStatus="3" KundAufDat="2007-01-10"/>
  <Kunden KundenNr="25597" KundEigtNr="27385" KundArt="1" KundStatus="1" KundAufDat="2007-01-10"/>
  <Kunden KundenNr="25594" KundEigtNr="27386" KundArt="1" KundStatus="1" KundAufDat="2007-01-10"/>
  <Kunden KundenNr="25595" KundEigtNr="27387" KundArt="1" KundStatus="1" KundAufDat="2007-01-10"/>
  <Kunden KundenNr="25592" KundEigtNr="27388" KundArt="1" KundStatus="1" KundAufDat="2007-01-10"/>
  <Kunden KundenNr="25593" KundEigtNr="27389" KundArt="1" KundStatus="1" KundAufDat="2007-01-10"/>
  <Kunden KundenNr="25590" KundEigtNr="27390" KundArt="1" KundStatus="1" KundAufDat="2007-01-10"/>
  <Kunden KundenNr="25591" KundEigtNr="27391" KundArt="1" KundStatus="3" KundAufDat="2007-01-10"/>
  <Kunden KundenNr="25588" KundEigtNr="27392" KundArt="1" KundStatus="1" KundAufDat="2007-01-09"/>
  <Kunden KundenNr="25589" KundEigtNr="27393" KundArt="1" KundStatus="1" KundAufDat="2007-01-10"/>
  <Kunden KundenNr="25586" KundEigtNr="27394" KundArt="1" KundStatus="1" KundAufDat="2007-01-09"/>
  <Kunden KundenNr="25587" KundEigtNr="27395" KundArt="1" KundStatus="1" KundAufDat="2007-01-09"/>
  <Kunden KundenNr="25584" KundEigtNr="27396" KundArt="1" KundStatus="1" KundAufDat="2007-01-09"/>
  <Kunden KundenNr="25585" KundEigtNr="27397" KundArt="1" KundStatus="1" KundAufDat="2007-01-09"/>
  <Kunden KundenNr="25583" KundEigtNr="27398" KundArt="1" KundStatus="1" KundAufDat="2007-01-09"/>
  <Kunden KundenNr="25582" KundEigtNr="27399" KundArt="1" KundStatus="1" KundAufDat="2007-01-09"/>
  <Kunden KundenNr="25581" KundEigtNr="27400" KundArt="1" KundStatus="1" KundAufDat="2007-01-09"/>
  <Kunden KundenNr="25580" KundEigtNr="27401" KundArt="1" KundStatus="1" KundAufDat="2007-01-09"/>
  <Kunden KundenNr="25579" KundEigtNr="27402" KundArt="1" KundStatus="1" KundAufDat="2007-01-09"/>
  <Kunden KundenNr="25578" KundEigtNr="26843" KundArt="1" KundStatus="1" KundAufDat="2007-01-09"/>
  <Kunden KundenNr="25577" KundEigtNr="27403" KundArt="1" KundStatus="1" KundAufDat="2007-01-09"/>
  <Kunden KundenNr="25576" KundEigtNr="27404" KundArt="1" KundStatus="1" KundAufDat="2007-01-09"/>
  <Kunden KundenNr="25575" KundEigtNr="26587" KundArt="1" KundStatus="1" KundAufDat="2007-01-09"/>
  <Kunden KundenNr="25574" KundEigtNr="26822" KundArt="1" KundStatus="1" KundAufDat="2007-01-08"/>
  <Kunden KundenNr="25572" KundEigtNr="27405" KundArt="1" KundStatus="3" KundAufDat="2007-01-08"/>
  <Kunden KundenNr="25571" KundEigtNr="27406" KundArt="1" KundStatus="1" KundAufDat="2007-01-08"/>
  <Kunden KundenNr="25570" KundEigtNr="27407" KundArt="1" KundStatus="1" KundAufDat="2007-01-08"/>
  <Kunden KundenNr="25568" KundEigtNr="27408" KundArt="1" KundStatus="1" KundAufDat="2007-01-08"/>
  <Kunden KundenNr="25564" KundEigtNr="27409" KundArt="1" KundStatus="3" KundAufDat="2007-01-08"/>
  <Kunden KundenNr="25565" KundEigtNr="27410" KundArt="1" KundStatus="1" KundAufDat="2007-01-08"/>
  <Kunden KundenNr="25566" KundEigtNr="27411" KundArt="1" KundStatus="1" KundAufDat="2007-01-08"/>
  <Kunden KundenNr="25567" KundEigtNr="27412" KundArt="1" KundStatus="1" KundAufDat="2007-01-08"/>
  <Kunden KundenNr="25560" KundEigtNr="27413" KundArt="1" KundStatus="1" KundAufDat="2007-01-08"/>
  <Kunden KundenNr="25561" KundEigtNr="27414" KundArt="1" KundStatus="1" KundAufDat="2007-01-08"/>
  <Kunden KundenNr="25562" KundEigtNr="27415" KundArt="1" KundStatus="1" KundAufDat="2007-01-08"/>
  <Kunden KundenNr="25563" KundEigtNr="27416" KundArt="1" KundStatus="1" KundAufDat="2007-01-08"/>
  <Kunden KundenNr="25556" KundEigtNr="27417" KundArt="1" KundStatus="1" KundAufDat="2007-01-08"/>
  <Kunden KundenNr="25557" KundEigtNr="27418" KundArt="1" KundStatus="1" KundAufDat="2007-01-08"/>
  <Kunden KundenNr="25558" KundEigtNr="27419" KundArt="1" KundStatus="1" KundAufDat="2007-01-08"/>
  <Kunden KundenNr="25559" KundEigtNr="27420" KundArt="1" KundStatus="1" KundAufDat="2007-01-08"/>
  <Kunden KundenNr="25552" KundEigtNr="27421" KundArt="1" KundStatus="1" KundAufDat="2007-01-08"/>
  <Kunden KundenNr="25553" KundEigtNr="26859" KundArt="1" KundStatus="1" KundAufDat="2007-01-08"/>
  <Kunden KundenNr="25554" KundEigtNr="27422" KundArt="1" KundStatus="1" KundAufDat="2007-01-08"/>
  <Kunden KundenNr="25555" KundEigtNr="27423" KundArt="1" KundStatus="1" KundAufDat="2007-01-08"/>
  <Kunden KundenNr="25549" KundEigtNr="27424" KundArt="1" KundStatus="1" KundAufDat="2007-01-05"/>
  <Kunden KundenNr="25551" KundEigtNr="27425" KundArt="1" KundStatus="1" KundAufDat="2007-01-05"/>
  <Kunden KundenNr="25550" KundEigtNr="27426" KundArt="1" KundStatus="1" KundAufDat="2007-01-05"/>
  <Kunden KundenNr="25545" KundEigtNr="27427" KundArt="1" KundStatus="1" KundAufDat="2007-01-05"/>
  <Kunden KundenNr="25544" KundEigtNr="27428" KundArt="1" KundStatus="3" KundAufDat="2007-01-05"/>
  <Kunden KundenNr="25547" KundEigtNr="27429" KundArt="1" KundStatus="1" KundAufDat="2007-01-05"/>
  <Kunden KundenNr="25546" KundEigtNr="27430" KundArt="1" KundStatus="3" KundAufDat="2007-01-05"/>
  <Kunden KundenNr="25541" KundEigtNr="27431" KundArt="1" KundStatus="1" KundAufDat="2007-01-05"/>
  <Kunden KundenNr="25540" KundEigtNr="27432" KundArt="1" KundStatus="1" KundAufDat="2007-01-05"/>
  <Kunden KundenNr="25543" KundEigtNr="27433" KundArt="1" KundStatus="1" KundAufDat="2007-01-05"/>
  <Kunden KundenNr="25542" KundEigtNr="27434" KundArt="1" KundStatus="1" KundAufDat="2007-01-05"/>
  <Kunden KundenNr="25537" KundEigtNr="27435" KundArt="1" KundStatus="1" KundAufDat="2007-01-04"/>
  <Kunden KundenNr="25536" KundEigtNr="27436" KundArt="1" KundStatus="1" KundAufDat="2007-01-04"/>
  <Kunden KundenNr="25538" KundEigtNr="27437" KundArt="1" KundStatus="1" KundAufDat="2007-01-04"/>
  <Kunden KundenNr="25530" KundEigtNr="27438" KundArt="1" KundStatus="1" KundAufDat="2007-01-04"/>
  <Kunden KundenNr="25531" KundEigtNr="21616" KundArt="1" KundStatus="1" KundAufDat="2007-01-04"/>
  <Kunden KundenNr="25528" KundEigtNr="27439" KundArt="1" KundStatus="1" KundAufDat="2007-01-04"/>
  <Kunden KundenNr="25529" KundEigtNr="27440" KundArt="1" KundStatus="1" KundAufDat="2007-01-04"/>
  <Kunden KundenNr="25534" KundEigtNr="27441" KundArt="1" KundStatus="1" KundAufDat="2007-01-04"/>
  <Kunden KundenNr="25535" KundEigtNr="27442" KundArt="1" KundStatus="3" KundAufDat="2007-01-04"/>
  <Kunden KundenNr="25532" KundEigtNr="27443" KundArt="1" KundStatus="1" KundAufDat="2007-01-04"/>
  <Kunden KundenNr="25533" KundEigtNr="27444" KundArt="1" KundStatus="1" KundAufDat="2007-01-04"/>
  <Kunden KundenNr="25522" KundEigtNr="27445" KundArt="1" KundStatus="1" KundAufDat="2007-01-04"/>
  <Kunden KundenNr="25523" KundEigtNr="27446" KundArt="1" KundStatus="1" KundAufDat="2007-01-04"/>
  <Kunden KundenNr="25520" KundEigtNr="26874" KundArt="1" KundStatus="3" KundAufDat="2007-01-04"/>
  <Kunden KundenNr="25521" KundEigtNr="27447" KundArt="1" KundStatus="1" KundAufDat="2007-01-04"/>
  <Kunden KundenNr="25526" KundEigtNr="27448" KundArt="1" KundStatus="3" KundAufDat="2007-01-04"/>
  <Kunden KundenNr="25524" KundEigtNr="27449" KundArt="1" KundStatus="1" KundAufDat="2007-01-04"/>
  <Kunden KundenNr="25525" KundEigtNr="27450" KundArt="1" KundStatus="1" KundAufDat="2007-01-04"/>
  <Kunden KundenNr="25515" KundEigtNr="27451" KundArt="1" KundStatus="1" KundAufDat="2007-01-03"/>
  <Kunden KundenNr="25513" KundEigtNr="27452" KundArt="1" KundStatus="1" KundAufDat="2007-01-03"/>
  <Kunden KundenNr="25512" KundEigtNr="27453" KundArt="1" KundStatus="1" KundAufDat="2007-01-03"/>
  <Kunden KundenNr="25519" KundEigtNr="27454" KundArt="1" KundStatus="3" KundAufDat="2007-01-04"/>
  <Kunden KundenNr="25518" KundEigtNr="27455" KundArt="1" KundStatus="1" KundAufDat="2007-01-04"/>
  <Kunden KundenNr="25517" KundEigtNr="27456" KundArt="1" KundStatus="1" KundAufDat="2007-01-04"/>
  <Kunden KundenNr="25516" KundEigtNr="27457" KundArt="1" KundStatus="3" KundAufDat="2007-01-04"/>
  <Kunden KundenNr="25507" KundEigtNr="27458" KundArt="1" KundStatus="1" KundAufDat="2007-01-02"/>
  <Kunden KundenNr="25506" KundEigtNr="27459" KundArt="1" KundStatus="1" KundAufDat="2007-01-02"/>
  <Kunden KundenNr="25505" KundEigtNr="27460" KundArt="1" KundStatus="1" KundAufDat="2007-01-02"/>
  <Kunden KundenNr="25504" KundEigtNr="27461" KundArt="1" KundStatus="3" KundAufDat="2006-12-21"/>
  <Kunden KundenNr="25510" KundEigtNr="27462" KundArt="1" KundStatus="1" KundAufDat="2007-01-03"/>
  <Kunden KundenNr="25509" KundEigtNr="27463" KundArt="1" KundStatus="3" KundAufDat="2007-01-02"/>
  <Kunden KundenNr="25508" KundEigtNr="27464" KundArt="1" KundStatus="3" KundAufDat="2007-01-02"/>
  <Kunden KundenNr="25496" KundEigtNr="26745" KundArt="1" KundStatus="1" KundAufDat="2006-12-20"/>
  <Kunden KundenNr="25497" KundEigtNr="27465" KundArt="1" KundStatus="1" KundAufDat="2006-12-20"/>
  <Kunden KundenNr="25498" KundEigtNr="27466" KundArt="1" KundStatus="1" KundAufDat="2006-12-20"/>
  <Kunden KundenNr="25499" KundEigtNr="27467" KundArt="1" KundStatus="1" KundAufDat="2006-12-21"/>
  <Kunden KundenNr="25500" KundEigtNr="20350" KundArt="1" KundStatus="1" KundAufDat="2006-12-21"/>
  <Kunden KundenNr="25501" KundEigtNr="13523" KundArt="1" KundStatus="1" KundAufDat="2006-12-21"/>
  <Kunden KundenNr="25502" KundEigtNr="27468" KundArt="1" KundStatus="1" KundAufDat="2006-12-21"/>
  <Kunden KundenNr="25503" KundEigtNr="27469" KundArt="1" KundStatus="1" KundAufDat="2006-12-21"/>
  <Kunden KundenNr="25488" KundEigtNr="27470" KundArt="1" KundStatus="3" KundAufDat="2006-12-18"/>
  <Kunden KundenNr="25489" KundEigtNr="27471" KundArt="1" KundStatus="1" KundAufDat="2006-12-19"/>
  <Kunden KundenNr="25490" KundEigtNr="27472" KundArt="1" KundStatus="1" KundAufDat="2006-12-19"/>
  <Kunden KundenNr="25491" KundEigtNr="27473" KundArt="1" KundStatus="1" KundAufDat="2006-12-19"/>
  <Kunden KundenNr="25494" KundEigtNr="27474" KundArt="1" KundStatus="1" KundAufDat="2006-12-20"/>
  <Kunden KundenNr="25495" KundEigtNr="27475" KundArt="1" KundStatus="1" KundAufDat="2006-12-20"/>
  <Kunden KundenNr="25481" KundEigtNr="27476" KundArt="1" KundStatus="3" KundAufDat="2006-12-18"/>
  <Kunden KundenNr="25480" KundEigtNr="27477" KundArt="1" KundStatus="3" KundAufDat="2006-12-18"/>
  <Kunden KundenNr="25485" KundEigtNr="27478" KundArt="1" KundStatus="1" KundAufDat="2006-12-18"/>
  <Kunden KundenNr="25484" KundEigtNr="27479" KundArt="1" KundStatus="1" KundAufDat="2006-12-18"/>
  <Kunden KundenNr="25487" KundEigtNr="27480" KundArt="1" KundStatus="1" KundAufDat="2006-12-18"/>
  <Kunden KundenNr="25486" KundEigtNr="27481" KundArt="1" KundStatus="1" KundAufDat="2006-12-18"/>
  <Kunden KundenNr="25473" KundEigtNr="27482" KundArt="1" KundStatus="3" KundAufDat="2006-12-15"/>
  <Kunden KundenNr="25472" KundEigtNr="27483" KundArt="1" KundStatus="1" KundAufDat="2006-12-15"/>
  <Kunden KundenNr="25475" KundEigtNr="27484" KundArt="1" KundStatus="1" KundAufDat="2006-12-18"/>
  <Kunden KundenNr="25477" KundEigtNr="27485" KundArt="1" KundStatus="1" KundAufDat="2006-12-18"/>
  <Kunden KundenNr="25478" KundEigtNr="27486" KundArt="1" KundStatus="3" KundAufDat="2006-12-18"/>
  <Kunden KundenNr="25463" KundEigtNr="27487" KundArt="1" KundStatus="1" KundAufDat="2006-12-14"/>
  <Kunden KundenNr="25462" KundEigtNr="27488" KundArt="1" KundStatus="1" KundAufDat="2006-12-14"/>
  <Kunden KundenNr="25461" KundEigtNr="27489" KundArt="1" KundStatus="3" KundAufDat="2006-12-13"/>
  <Kunden KundenNr="25460" KundEigtNr="27490" KundArt="1" KundStatus="1" KundAufDat="2006-12-13"/>
  <Kunden KundenNr="25459" KundEigtNr="27491" KundArt="1" KundStatus="3" KundAufDat="2006-12-13"/>
  <Kunden KundenNr="25458" KundEigtNr="27492" KundArt="1" KundStatus="1" KundAufDat="2006-12-13"/>
  <Kunden KundenNr="25457" KundEigtNr="27493" KundArt="1" KundStatus="1" KundAufDat="2006-12-13"/>
  <Kunden KundenNr="25456" KundEigtNr="27494" KundArt="1" KundStatus="3" KundAufDat="2006-12-13"/>
  <Kunden KundenNr="25471" KundEigtNr="27495" KundArt="1" KundStatus="3" KundAufDat="2006-12-15"/>
  <Kunden KundenNr="25470" KundEigtNr="27496" KundArt="1" KundStatus="1" KundAufDat="2006-12-15"/>
  <Kunden KundenNr="25469" KundEigtNr="27497" KundArt="1" KundStatus="1" KundAufDat="2006-12-15"/>
  <Kunden KundenNr="25468" KundEigtNr="27498" KundArt="1" KundStatus="3" KundAufDat="2006-12-15"/>
  <Kunden KundenNr="25467" KundEigtNr="27499" KundArt="1" KundStatus="1" KundAufDat="2006-12-15"/>
  <Kunden KundenNr="25466" KundEigtNr="27500" KundArt="1" KundStatus="3" KundAufDat="2006-12-15"/>
  <Kunden KundenNr="25465" KundEigtNr="27501" KundArt="1" KundStatus="1" KundAufDat="2006-12-14"/>
  <Kunden KundenNr="25464" KundEigtNr="27502" KundArt="1" KundStatus="1" KundAufDat="2006-12-14"/>
  <Kunden KundenNr="25446" KundEigtNr="27503" KundArt="1" KundStatus="1" KundAufDat="2006-12-12"/>
  <Kunden KundenNr="25444" KundEigtNr="27504" KundArt="1" KundStatus="1" KundAufDat="2006-12-12"/>
  <Kunden KundenNr="25445" KundEigtNr="27505" KundArt="1" KundStatus="1" KundAufDat="2006-12-12"/>
  <Kunden KundenNr="25442" KundEigtNr="27506" KundArt="1" KundStatus="1" KundAufDat="2006-12-12"/>
  <Kunden KundenNr="25443" KundEigtNr="27507" KundArt="1" KundStatus="1" KundAufDat="2006-12-12"/>
  <Kunden KundenNr="25440" KundEigtNr="27508" KundArt="1" KundStatus="3" KundAufDat="2006-12-12"/>
  <Kunden KundenNr="25441" KundEigtNr="27509" KundArt="1" KundStatus="3" KundAufDat="2006-12-12"/>
  <Kunden KundenNr="25454" KundEigtNr="27510" KundArt="1" KundStatus="1" KundAufDat="2006-12-12"/>
  <Kunden KundenNr="25455" KundEigtNr="27511" KundArt="1" KundStatus="1" KundAufDat="2006-12-13"/>
  <Kunden KundenNr="25452" KundEigtNr="26803" KundArt="1" KundStatus="1" KundAufDat="2006-12-12"/>
  <Kunden KundenNr="25453" KundEigtNr="27512" KundArt="1" KundStatus="1" KundAufDat="2006-12-12"/>
  <Kunden KundenNr="25450" KundEigtNr="27513" KundArt="1" KundStatus="1" KundAufDat="2006-12-12"/>
  <Kunden KundenNr="25451" KundEigtNr="27514" KundArt="1" KundStatus="1" KundAufDat="2006-12-12"/>
  <Kunden KundenNr="25448" KundEigtNr="27515" KundArt="1" KundStatus="1" KundAufDat="2006-12-12"/>
  <Kunden KundenNr="25449" KundEigtNr="27516" KundArt="1" KundStatus="1" KundAufDat="2006-12-12"/>
  <Kunden KundenNr="25428" KundEigtNr="27517" KundArt="1" KundStatus="1" KundAufDat="2006-12-11"/>
  <Kunden KundenNr="25431" KundEigtNr="27518" KundArt="1" KundStatus="1" KundAufDat="2006-12-11"/>
  <Kunden KundenNr="25430" KundEigtNr="27519" KundArt="1" KundStatus="1" KundAufDat="2006-12-11"/>
  <Kunden KundenNr="25425" KundEigtNr="27520" KundArt="1" KundStatus="1" KundAufDat="2006-12-08"/>
  <Kunden KundenNr="25424" KundEigtNr="27521" KundArt="1" KundStatus="1" KundAufDat="2006-12-08"/>
  <Kunden KundenNr="25427" KundEigtNr="27522" KundArt="1" KundStatus="1" KundAufDat="2006-12-08"/>
  <Kunden KundenNr="25426" KundEigtNr="27523" KundArt="1" KundStatus="1" KundAufDat="2006-12-08"/>
  <Kunden KundenNr="25436" KundEigtNr="27524" KundArt="1" KundStatus="1" KundAufDat="2006-12-11"/>
  <Kunden KundenNr="25439" KundEigtNr="27525" KundArt="1" KundStatus="1" KundAufDat="2006-12-11"/>
  <Kunden KundenNr="25438" KundEigtNr="27526" KundArt="1" KundStatus="1" KundAufDat="2006-12-11"/>
  <Kunden KundenNr="25433" KundEigtNr="27527" KundArt="1" KundStatus="1" KundAufDat="2006-12-11"/>
  <Kunden KundenNr="25432" KundEigtNr="27528" KundArt="1" KundStatus="1" KundAufDat="2006-12-11"/>
  <Kunden KundenNr="25435" KundEigtNr="27529" KundArt="1" KundStatus="1" KundAufDat="2006-12-11"/>
  <Kunden KundenNr="25434" KundEigtNr="27530" KundArt="1" KundStatus="1" KundAufDat="2006-12-11"/>
  <Kunden KundenNr="25412" KundEigtNr="27531" KundArt="1" KundStatus="1" KundAufDat="2006-12-05"/>
  <Kunden KundenNr="25413" KundEigtNr="27532" KundArt="1" KundStatus="1" KundAufDat="2006-12-06"/>
  <Kunden KundenNr="25414" KundEigtNr="27533" KundArt="1" KundStatus="1" KundAufDat="2006-12-06"/>
  <Kunden KundenNr="25415" KundEigtNr="27534" KundArt="1" KundStatus="1" KundAufDat="2006-12-06"/>
  <Kunden KundenNr="25408" KundEigtNr="27535" KundArt="1" KundStatus="1" KundAufDat="2006-12-05"/>
  <Kunden KundenNr="25409" KundEigtNr="27536" KundArt="1" KundStatus="1" KundAufDat="2006-12-05"/>
  <Kunden KundenNr="25410" KundEigtNr="27537" KundArt="1" KundStatus="1" KundAufDat="2006-12-05"/>
  <Kunden KundenNr="25411" KundEigtNr="15973" KundArt="1" KundStatus="1" KundAufDat="2006-12-05"/>
  <Kunden KundenNr="25420" KundEigtNr="27538" KundArt="1" KundStatus="1" KundAufDat="2006-12-07"/>
  <Kunden KundenNr="25421" KundEigtNr="27539" KundArt="1" KundStatus="1" KundAufDat="2006-12-08"/>
  <Kunden KundenNr="25422" KundEigtNr="27540" KundArt="1" KundStatus="1" KundAufDat="2006-12-08"/>
  <Kunden KundenNr="25423" KundEigtNr="27541" KundArt="1" KundStatus="3" KundAufDat="2006-12-08"/>
  <Kunden KundenNr="25416" KundEigtNr="27542" KundArt="1" KundStatus="1" KundAufDat="2006-12-06"/>
  <Kunden KundenNr="25417" KundEigtNr="27543" KundArt="1" KundStatus="1" KundAufDat="2006-12-06"/>
  <Kunden KundenNr="25418" KundEigtNr="27544" KundArt="1" KundStatus="1" KundAufDat="2006-12-07"/>
  <Kunden KundenNr="25419" KundEigtNr="27545" KundArt="1" KundStatus="3" KundAufDat="2006-12-07"/>
  <Kunden KundenNr="25395" KundEigtNr="27546" KundArt="1" KundStatus="1" KundAufDat="2006-12-04"/>
  <Kunden KundenNr="25394" KundEigtNr="27547" KundArt="1" KundStatus="1" KundAufDat="2006-12-04"/>
  <Kunden KundenNr="25393" KundEigtNr="27548" KundArt="1" KundStatus="1" KundAufDat="2006-12-04"/>
  <Kunden KundenNr="25399" KundEigtNr="27549" KundArt="1" KundStatus="1" KundAufDat="2006-12-05"/>
  <Kunden KundenNr="25398" KundEigtNr="27550" KundArt="1" KundStatus="1" KundAufDat="2006-12-05"/>
  <Kunden KundenNr="25403" KundEigtNr="27551" KundArt="1" KundStatus="1" KundAufDat="2006-12-05"/>
  <Kunden KundenNr="25402" KundEigtNr="27552" KundArt="1" KundStatus="1" KundAufDat="2006-12-05"/>
  <Kunden KundenNr="25401" KundEigtNr="26785" KundArt="1" KundStatus="1" KundAufDat="2006-12-05"/>
  <Kunden KundenNr="25400" KundEigtNr="27553" KundArt="1" KundStatus="1" KundAufDat="2006-12-05"/>
  <Kunden KundenNr="25407" KundEigtNr="27554" KundArt="1" KundStatus="1" KundAufDat="2006-12-05"/>
  <Kunden KundenNr="25406" KundEigtNr="27555" KundArt="1" KundStatus="3" KundAufDat="2006-12-05"/>
  <Kunden KundenNr="25405" KundEigtNr="27556" KundArt="1" KundStatus="1" KundAufDat="2006-12-05"/>
  <Kunden KundenNr="25404" KundEigtNr="27557" KundArt="1" KundStatus="3" KundAufDat="2006-12-05"/>
  <Kunden KundenNr="25378" KundEigtNr="28352" KundArt="1" KundStatus="1" KundAufDat="2011-09-12"/>
  <Kunden KundenNr="25379" KundEigtNr="27559" KundArt="1" KundStatus="1" KundAufDat="2006-12-04"/>
  <Kunden KundenNr="25376" KundEigtNr="27560" KundArt="1" KundStatus="1" KundAufDat="2006-12-01"/>
  <Kunden KundenNr="25377" KundEigtNr="27561" KundArt="1" KundStatus="1" KundAufDat="2006-12-01"/>
  <Kunden KundenNr="25382" KundEigtNr="27562" KundArt="1" KundStatus="1" KundAufDat="2006-12-04"/>
  <Kunden KundenNr="25380" KundEigtNr="27563" KundArt="1" KundStatus="1" KundAufDat="2006-12-04"/>
  <Kunden KundenNr="25381" KundEigtNr="27564" KundArt="1" KundStatus="1" KundAufDat="2006-12-04"/>
  <Kunden KundenNr="25386" KundEigtNr="27565" KundArt="1" KundStatus="1" KundAufDat="2006-12-04"/>
  <Kunden KundenNr="25387" KundEigtNr="27566" KundArt="1" KundStatus="1" KundAufDat="2006-12-04"/>
  <Kunden KundenNr="25384" KundEigtNr="27567" KundArt="1" KundStatus="1" KundAufDat="2006-12-04"/>
  <Kunden KundenNr="25385" KundEigtNr="27568" KundArt="1" KundStatus="1" KundAufDat="2006-12-04"/>
  <Kunden KundenNr="25391" KundEigtNr="27569" KundArt="1" KundStatus="1" KundAufDat="2006-12-04"/>
  <Kunden KundenNr="25388" KundEigtNr="27570" KundArt="1" KundStatus="1" KundAufDat="2006-12-04"/>
  <Kunden KundenNr="25361" KundEigtNr="27571" KundArt="1" KundStatus="1" KundAufDat="2006-11-28"/>
  <Kunden KundenNr="25363" KundEigtNr="27572" KundArt="1" KundStatus="1" KundAufDat="2006-11-29"/>
  <Kunden KundenNr="25362" KundEigtNr="27573" KundArt="1" KundStatus="1" KundAufDat="2006-11-29"/>
  <Kunden KundenNr="25365" KundEigtNr="27574" KundArt="1" KundStatus="1" KundAufDat="2006-11-29"/>
  <Kunden KundenNr="25367" KundEigtNr="27575" KundArt="1" KundStatus="3" KundAufDat="2006-11-29"/>
  <Kunden KundenNr="25366" KundEigtNr="27576" KundArt="1" KundStatus="1" KundAufDat="2006-11-29"/>
  <Kunden KundenNr="25369" KundEigtNr="27577" KundArt="1" KundStatus="1" KundAufDat="2006-11-30"/>
  <Kunden KundenNr="25368" KundEigtNr="27578" KundArt="1" KundStatus="1" KundAufDat="2006-11-30"/>
  <Kunden KundenNr="25371" KundEigtNr="27579" KundArt="1" KundStatus="3" KundAufDat="2006-11-30"/>
  <Kunden KundenNr="25370" KundEigtNr="26169" KundArt="1" KundStatus="1" KundAufDat="2006-11-30"/>
  <Kunden KundenNr="25373" KundEigtNr="27580" KundArt="1" KundStatus="1" KundAufDat="2006-11-30"/>
  <Kunden KundenNr="25372" KundEigtNr="27581" KundArt="1" KundStatus="1" KundAufDat="2006-11-30"/>
  <Kunden KundenNr="25375" KundEigtNr="27582" KundArt="1" KundStatus="1" KundAufDat="2006-12-01"/>
  <Kunden KundenNr="25374" KundEigtNr="27583" KundArt="1" KundStatus="3" KundAufDat="2006-11-30"/>
  <Kunden KundenNr="25345" KundEigtNr="27584" KundArt="1" KundStatus="1" KundAufDat="2006-11-28"/>
  <Kunden KundenNr="25346" KundEigtNr="27585" KundArt="1" KundStatus="3" KundAufDat="2006-11-28"/>
  <Kunden KundenNr="25347" KundEigtNr="27586" KundArt="1" KundStatus="1" KundAufDat="2006-11-28"/>
  <Kunden KundenNr="25348" KundEigtNr="26329" KundArt="1" KundStatus="1" KundAufDat="2006-11-28"/>
  <Kunden KundenNr="25349" KundEigtNr="27587" KundArt="1" KundStatus="1" KundAufDat="2006-11-28"/>
  <Kunden KundenNr="25350" KundEigtNr="27588" KundArt="1" KundStatus="1" KundAufDat="2006-11-28"/>
  <Kunden KundenNr="25351" KundEigtNr="27589" KundArt="1" KundStatus="1" KundAufDat="2006-11-28"/>
  <Kunden KundenNr="25352" KundEigtNr="27590" KundArt="1" KundStatus="1" KundAufDat="2006-11-28"/>
  <Kunden KundenNr="25353" KundEigtNr="27591" KundArt="1" KundStatus="1" KundAufDat="2006-11-28"/>
  <Kunden KundenNr="25354" KundEigtNr="27592" KundArt="1" KundStatus="1" KundAufDat="2006-11-28"/>
  <Kunden KundenNr="25355" KundEigtNr="27593" KundArt="1" KundStatus="1" KundAufDat="2006-11-28"/>
  <Kunden KundenNr="25356" KundEigtNr="27594" KundArt="1" KundStatus="1" KundAufDat="2006-11-28"/>
  <Kunden KundenNr="25357" KundEigtNr="27595" KundArt="1" KundStatus="1" KundAufDat="2006-11-28"/>
  <Kunden KundenNr="25359" KundEigtNr="27596" KundArt="1" KundStatus="1" KundAufDat="2006-11-28"/>
  <Kunden KundenNr="24779" KundEigtNr="27597" KundArt="1" KundStatus="1" KundAufDat="2006-09-13"/>
  <Kunden KundenNr="24778" KundEigtNr="27598" KundArt="1" KundStatus="1" KundAufDat="2006-09-13"/>
  <Kunden KundenNr="24777" KundEigtNr="27599" KundArt="1" KundStatus="1" KundAufDat="2006-09-13"/>
  <Kunden KundenNr="24783" KundEigtNr="27600" KundArt="1" KundStatus="1" KundAufDat="2006-09-13"/>
  <Kunden KundenNr="24782" KundEigtNr="27601" KundArt="1" KundStatus="1" KundAufDat="2006-09-13"/>
  <Kunden KundenNr="24781" KundEigtNr="27602" KundArt="1" KundStatus="1" KundAufDat="2006-09-13"/>
  <Kunden KundenNr="24780" KundEigtNr="27603" KundArt="1" KundStatus="1" KundAufDat="2006-09-13"/>
  <Kunden KundenNr="24771" KundEigtNr="27604" KundArt="1" KundStatus="1" KundAufDat="2006-09-13"/>
  <Kunden KundenNr="24770" KundEigtNr="27605" KundArt="1" KundStatus="1" KundAufDat="2006-09-13"/>
  <Kunden KundenNr="24769" KundEigtNr="27606" KundArt="1" KundStatus="3" KundAufDat="2006-09-13"/>
  <Kunden KundenNr="24768" KundEigtNr="27607" KundArt="1" KundStatus="3" KundAufDat="2006-09-13"/>
  <Kunden KundenNr="24775" KundEigtNr="27608" KundArt="1" KundStatus="3" KundAufDat="2006-09-13"/>
  <Kunden KundenNr="24774" KundEigtNr="27609" KundArt="1" KundStatus="3" KundAufDat="2006-09-13"/>
  <Kunden KundenNr="24773" KundEigtNr="27610" KundArt="1" KundStatus="1" KundAufDat="2006-09-13"/>
  <Kunden KundenNr="24772" KundEigtNr="27611" KundArt="1" KundStatus="1" KundAufDat="2006-09-13"/>
  <Kunden KundenNr="24794" KundEigtNr="27612" KundArt="1" KundStatus="3" KundAufDat="2006-09-14"/>
  <Kunden KundenNr="24795" KundEigtNr="27613" KundArt="1" KundStatus="3" KundAufDat="2006-09-14"/>
  <Kunden KundenNr="24792" KundEigtNr="27614" KundArt="1" KundStatus="1" KundAufDat="2006-09-14"/>
  <Kunden KundenNr="24793" KundEigtNr="27615" KundArt="1" KundStatus="1" KundAufDat="2006-09-14"/>
  <Kunden KundenNr="24798" KundEigtNr="27616" KundArt="1" KundStatus="3" KundAufDat="2006-09-14"/>
  <Kunden KundenNr="24796" KundEigtNr="27617" KundArt="1" KundStatus="1" KundAufDat="2006-09-14"/>
  <Kunden KundenNr="24797" KundEigtNr="27618" KundArt="1" KundStatus="3" KundAufDat="2006-09-14"/>
  <Kunden KundenNr="24786" KundEigtNr="27619" KundArt="1" KundStatus="1" KundAufDat="2006-09-14"/>
  <Kunden KundenNr="24787" KundEigtNr="27620" KundArt="1" KundStatus="1" KundAufDat="2006-09-14"/>
  <Kunden KundenNr="24784" KundEigtNr="27621" KundArt="1" KundStatus="1" KundAufDat="2006-09-13"/>
  <Kunden KundenNr="24790" KundEigtNr="27622" KundArt="1" KundStatus="1" KundAufDat="2006-09-14"/>
  <Kunden KundenNr="24791" KundEigtNr="27623" KundArt="1" KundStatus="1" KundAufDat="2006-09-14"/>
  <Kunden KundenNr="24788" KundEigtNr="27624" KundArt="1" KundStatus="1" KundAufDat="2006-09-14"/>
  <Kunden KundenNr="24789" KundEigtNr="27625" KundArt="1" KundStatus="1" KundAufDat="2006-09-14"/>
  <Kunden KundenNr="24809" KundEigtNr="27626" KundArt="1" KundStatus="3" KundAufDat="2006-09-18"/>
  <Kunden KundenNr="24808" KundEigtNr="27627" KundArt="1" KundStatus="3" KundAufDat="2006-09-18"/>
  <Kunden KundenNr="24811" KundEigtNr="27628" KundArt="1" KundStatus="3" KundAufDat="2006-09-18"/>
  <Kunden KundenNr="24810" KundEigtNr="27629" KundArt="1" KundStatus="1" KundAufDat="2006-09-18"/>
  <Kunden KundenNr="24813" KundEigtNr="27630" KundArt="1" KundStatus="1" KundAufDat="2006-09-18"/>
  <Kunden KundenNr="24812" KundEigtNr="27631" KundArt="1" KundStatus="1" KundAufDat="2006-09-18"/>
  <Kunden KundenNr="24815" KundEigtNr="27632" KundArt="1" KundStatus="1" KundAufDat="2006-09-18"/>
  <Kunden KundenNr="24814" KundEigtNr="27633" KundArt="1" KundStatus="3" KundAufDat="2006-09-18"/>
  <Kunden KundenNr="24801" KundEigtNr="27634" KundArt="1" KundStatus="3" KundAufDat="2006-09-14"/>
  <Kunden KundenNr="24800" KundEigtNr="27635" KundArt="1" KundStatus="3" KundAufDat="2006-09-14"/>
  <Kunden KundenNr="24803" KundEigtNr="27636" KundArt="1" KundStatus="1" KundAufDat="2006-09-14"/>
  <Kunden KundenNr="24802" KundEigtNr="27637" KundArt="1" KundStatus="1" KundAufDat="2006-09-14"/>
  <Kunden KundenNr="24805" KundEigtNr="27638" KundArt="1" KundStatus="1" KundAufDat="2006-09-14"/>
  <Kunden KundenNr="24804" KundEigtNr="27639" KundArt="1" KundStatus="1" KundAufDat="2006-09-14"/>
  <Kunden KundenNr="24807" KundEigtNr="27640" KundArt="1" KundStatus="3" KundAufDat="2006-09-18"/>
  <Kunden KundenNr="24806" KundEigtNr="27641" KundArt="1" KundStatus="1" KundAufDat="2006-09-18"/>
  <Kunden KundenNr="24824" KundEigtNr="27642" KundArt="1" KundStatus="3" KundAufDat="2006-09-19"/>
  <Kunden KundenNr="24825" KundEigtNr="27643" KundArt="1" KundStatus="1" KundAufDat="2006-09-19"/>
  <Kunden KundenNr="24826" KundEigtNr="27644" KundArt="1" KundStatus="1" KundAufDat="2006-09-19"/>
  <Kunden KundenNr="24827" KundEigtNr="27645" KundArt="1" KundStatus="1" KundAufDat="2006-09-19"/>
  <Kunden KundenNr="24828" KundEigtNr="27646" KundArt="1" KundStatus="3" KundAufDat="2006-09-19"/>
  <Kunden KundenNr="24830" KundEigtNr="27647" KundArt="1" KundStatus="1" KundAufDat="2006-09-19"/>
  <Kunden KundenNr="24831" KundEigtNr="27648" KundArt="1" KundStatus="1" KundAufDat="2006-09-19"/>
  <Kunden KundenNr="24816" KundEigtNr="27649" KundArt="1" KundStatus="3" KundAufDat="2006-09-18"/>
  <Kunden KundenNr="24817" KundEigtNr="27650" KundArt="1" KundStatus="1" KundAufDat="2006-09-18"/>
  <Kunden KundenNr="24818" KundEigtNr="27651" KundArt="1" KundStatus="1" KundAufDat="2006-09-18"/>
  <Kunden KundenNr="24819" KundEigtNr="27652" KundArt="1" KundStatus="1" KundAufDat="2006-09-18"/>
  <Kunden KundenNr="24820" KundEigtNr="20373" KundArt="1" KundStatus="1" KundAufDat="2006-09-18"/>
  <Kunden KundenNr="24821" KundEigtNr="27653" KundArt="1" KundStatus="1" KundAufDat="2006-09-18"/>
  <Kunden KundenNr="24822" KundEigtNr="27654" KundArt="1" KundStatus="1" KundAufDat="2006-09-18"/>
  <Kunden KundenNr="24719" KundEigtNr="27655" KundArt="1" KundStatus="1" KundAufDat="2006-09-08"/>
  <Kunden KundenNr="24718" KundEigtNr="27656" KundArt="1" KundStatus="1" KundAufDat="2006-09-07"/>
  <Kunden KundenNr="24717" KundEigtNr="27657" KundArt="1" KundStatus="1" KundAufDat="2006-09-07"/>
  <Kunden KundenNr="24716" KundEigtNr="27658" KundArt="1" KundStatus="1" KundAufDat="2006-09-07"/>
  <Kunden KundenNr="24714" KundEigtNr="27659" KundArt="1" KundStatus="1" KundAufDat="2006-09-07"/>
  <Kunden KundenNr="24713" KundEigtNr="27660" KundArt="1" KundStatus="3" KundAufDat="2006-09-07"/>
  <Kunden KundenNr="24712" KundEigtNr="27661" KundArt="1" KundStatus="1" KundAufDat="2006-09-07"/>
  <Kunden KundenNr="24711" KundEigtNr="27662" KundArt="1" KundStatus="3" KundAufDat="2006-09-07"/>
  <Kunden KundenNr="24710" KundEigtNr="27663" KundArt="1" KundStatus="3" KundAufDat="2006-09-07"/>
  <Kunden KundenNr="24709" KundEigtNr="27664" KundArt="1" KundStatus="3" KundAufDat="2006-09-07"/>
  <Kunden KundenNr="24708" KundEigtNr="23120" KundArt="1" KundStatus="3" KundAufDat="2006-09-07"/>
  <Kunden KundenNr="24707" KundEigtNr="27665" KundArt="1" KundStatus="3" KundAufDat="2006-09-07"/>
  <Kunden KundenNr="24706" KundEigtNr="27666" KundArt="1" KundStatus="3" KundAufDat="2006-09-07"/>
  <Kunden KundenNr="24704" KundEigtNr="27667" KundArt="1" KundStatus="1" KundAufDat="2006-09-06"/>
  <Kunden KundenNr="24734" KundEigtNr="27668" KundArt="1" KundStatus="1" KundAufDat="2006-09-11"/>
  <Kunden KundenNr="24732" KundEigtNr="24966" KundArt="1" KundStatus="1" KundAufDat="2006-09-11"/>
  <Kunden KundenNr="24730" KundEigtNr="24936" KundArt="1" KundStatus="1" KundAufDat="2006-09-11"/>
  <Kunden KundenNr="24731" KundEigtNr="25240" KundArt="1" KundStatus="1" KundAufDat="2006-09-11"/>
  <Kunden KundenNr="24728" KundEigtNr="27669" KundArt="1" KundStatus="1" KundAufDat="2006-09-11"/>
  <Kunden KundenNr="24729" KundEigtNr="23745" KundArt="1" KundStatus="1" KundAufDat="2006-09-11"/>
  <Kunden KundenNr="24726" KundEigtNr="27670" KundArt="1" KundStatus="3" KundAufDat="2006-09-08"/>
  <Kunden KundenNr="24727" KundEigtNr="27671" KundArt="1" KundStatus="1" KundAufDat="2006-09-11"/>
  <Kunden KundenNr="24724" KundEigtNr="27672" KundArt="1" KundStatus="1" KundAufDat="2006-09-08"/>
  <Kunden KundenNr="24725" KundEigtNr="23745" KundArt="1" KundStatus="1" KundAufDat="2006-09-08"/>
  <Kunden KundenNr="24722" KundEigtNr="27673" KundArt="1" KundStatus="3" KundAufDat="2006-09-08"/>
  <Kunden KundenNr="24723" KundEigtNr="27674" KundArt="1" KundStatus="3" KundAufDat="2006-09-08"/>
  <Kunden KundenNr="24720" KundEigtNr="27675" KundArt="1" KundStatus="1" KundAufDat="2006-09-08"/>
  <Kunden KundenNr="24721" KundEigtNr="27676" KundArt="1" KundStatus="1" KundAufDat="2006-09-08"/>
  <Kunden KundenNr="24749" KundEigtNr="27664" KundArt="1" KundStatus="3" KundAufDat="2006-09-12"/>
  <Kunden KundenNr="24748" KundEigtNr="27677" KundArt="1" KundStatus="1" KundAufDat="2006-09-12"/>
  <Kunden KundenNr="24751" KundEigtNr="27678" KundArt="1" KundStatus="1" KundAufDat="2006-09-12"/>
  <Kunden KundenNr="24750" KundEigtNr="21265" KundArt="1" KundStatus="1" KundAufDat="2006-09-12"/>
  <Kunden KundenNr="24745" KundEigtNr="27679" KundArt="1" KundStatus="1" KundAufDat="2006-09-12"/>
  <Kunden KundenNr="24744" KundEigtNr="27680" KundArt="1" KundStatus="3" KundAufDat="2006-09-12"/>
  <Kunden KundenNr="24747" KundEigtNr="27681" KundArt="1" KundStatus="1" KundAufDat="2006-09-12"/>
  <Kunden KundenNr="24746" KundEigtNr="27682" KundArt="1" KundStatus="1" KundAufDat="2006-09-12"/>
  <Kunden KundenNr="24741" KundEigtNr="27683" KundArt="1" KundStatus="1" KundAufDat="2006-09-11"/>
  <Kunden KundenNr="24740" KundEigtNr="27684" KundArt="1" KundStatus="1" KundAufDat="2006-09-11"/>
  <Kunden KundenNr="24743" KundEigtNr="26183" KundArt="1" KundStatus="3" KundAufDat="2006-09-12"/>
  <Kunden KundenNr="24742" KundEigtNr="27685" KundArt="1" KundStatus="3" KundAufDat="2006-09-12"/>
  <Kunden KundenNr="24737" KundEigtNr="27686" KundArt="1" KundStatus="3" KundAufDat="2006-09-11"/>
  <Kunden KundenNr="24738" KundEigtNr="27687" KundArt="1" KundStatus="3" KundAufDat="2006-09-11"/>
  <Kunden KundenNr="24764" KundEigtNr="27688" KundArt="1" KundStatus="1" KundAufDat="2006-09-12"/>
  <Kunden KundenNr="24765" KundEigtNr="27689" KundArt="1" KundStatus="1" KundAufDat="2006-09-13"/>
  <Kunden KundenNr="24767" KundEigtNr="27690" KundArt="1" KundStatus="3" KundAufDat="2006-09-13"/>
  <Kunden KundenNr="24760" KundEigtNr="27691" KundArt="1" KundStatus="1" KundAufDat="2006-09-12"/>
  <Kunden KundenNr="24761" KundEigtNr="27692" KundArt="1" KundStatus="1" KundAufDat="2006-09-12"/>
  <Kunden KundenNr="24762" KundEigtNr="27693" KundArt="1" KundStatus="1" KundAufDat="2006-09-12"/>
  <Kunden KundenNr="24763" KundEigtNr="27694" KundArt="1" KundStatus="1" KundAufDat="2006-09-12"/>
  <Kunden KundenNr="24756" KundEigtNr="27695" KundArt="1" KundStatus="1" KundAufDat="2006-09-12"/>
  <Kunden KundenNr="24757" KundEigtNr="27696" KundArt="1" KundStatus="1" KundAufDat="2006-09-12"/>
  <Kunden KundenNr="24758" KundEigtNr="27697" KundArt="1" KundStatus="1" KundAufDat="2006-09-12"/>
  <Kunden KundenNr="24759" KundEigtNr="27698" KundArt="1" KundStatus="1" KundAufDat="2006-09-12"/>
  <Kunden KundenNr="24752" KundEigtNr="27699" KundArt="1" KundStatus="1" KundAufDat="2006-09-12"/>
  <Kunden KundenNr="24753" KundEigtNr="27700" KundArt="1" KundStatus="1" KundAufDat="2006-09-12"/>
  <Kunden KundenNr="24754" KundEigtNr="27701" KundArt="1" KundStatus="1" KundAufDat="2006-09-12"/>
  <Kunden KundenNr="24755" KundEigtNr="27702" KundArt="1" KundStatus="1" KundAufDat="2006-09-12"/>
  <Kunden KundenNr="24642" KundEigtNr="27703" KundArt="1" KundStatus="1" KundAufDat="2006-08-31"/>
  <Kunden KundenNr="24643" KundEigtNr="27704" KundArt="1" KundStatus="1" KundAufDat="2006-08-31"/>
  <Kunden KundenNr="24640" KundEigtNr="27705" KundArt="1" KundStatus="1" KundAufDat="2006-08-31"/>
  <Kunden KundenNr="24646" KundEigtNr="27706" KundArt="1" KundStatus="1" KundAufDat="2006-09-01"/>
  <Kunden KundenNr="24647" KundEigtNr="27707" KundArt="1" KundStatus="1" KundAufDat="2006-09-01"/>
  <Kunden KundenNr="24644" KundEigtNr="27708" KundArt="1" KundStatus="3" KundAufDat="2006-09-01"/>
  <Kunden KundenNr="24645" KundEigtNr="27709" KundArt="1" KundStatus="3" KundAufDat="2006-09-01"/>
  <Kunden KundenNr="24650" KundEigtNr="27710" KundArt="1" KundStatus="1" KundAufDat="2006-09-01"/>
  <Kunden KundenNr="24651" KundEigtNr="27711" KundArt="1" KundStatus="3" KundAufDat="2006-09-01"/>
  <Kunden KundenNr="24648" KundEigtNr="27712" KundArt="1" KundStatus="3" KundAufDat="2006-09-01"/>
  <Kunden KundenNr="24649" KundEigtNr="27713" KundArt="1" KundStatus="3" KundAufDat="2006-09-01"/>
  <Kunden KundenNr="24654" KundEigtNr="27714" KundArt="1" KundStatus="3" KundAufDat="2006-09-04"/>
  <Kunden KundenNr="24652" KundEigtNr="27715" KundArt="1" KundStatus="3" KundAufDat="2006-09-01"/>
  <Kunden KundenNr="24653" KundEigtNr="27713" KundArt="1" KundStatus="1" KundAufDat="2006-09-01"/>
  <Kunden KundenNr="24658" KundEigtNr="26273" KundArt="1" KundStatus="3" KundAufDat="2006-09-04"/>
  <Kunden KundenNr="24657" KundEigtNr="27716" KundArt="1" KundStatus="3" KundAufDat="2006-09-04"/>
  <Kunden KundenNr="24656" KundEigtNr="27717" KundArt="1" KundStatus="3" KundAufDat="2006-09-04"/>
  <Kunden KundenNr="24663" KundEigtNr="27718" KundArt="1" KundStatus="3" KundAufDat="2006-09-04"/>
  <Kunden KundenNr="24662" KundEigtNr="27719" KundArt="1" KundStatus="3" KundAufDat="2006-09-04"/>
  <Kunden KundenNr="24661" KundEigtNr="27720" KundArt="1" KundStatus="3" KundAufDat="2006-09-04"/>
  <Kunden KundenNr="24660" KundEigtNr="27721" KundArt="1" KundStatus="1" KundAufDat="2006-09-04"/>
  <Kunden KundenNr="24667" KundEigtNr="27722" KundArt="1" KundStatus="1" KundAufDat="2006-09-05"/>
  <Kunden KundenNr="24666" KundEigtNr="27723" KundArt="1" KundStatus="3" KundAufDat="2006-09-04"/>
  <Kunden KundenNr="24665" KundEigtNr="27724" KundArt="1" KundStatus="1" KundAufDat="2006-09-04"/>
  <Kunden KundenNr="24664" KundEigtNr="27725" KundArt="1" KundStatus="3" KundAufDat="2006-09-04"/>
  <Kunden KundenNr="24671" KundEigtNr="24999" KundArt="1" KundStatus="1" KundAufDat="2006-09-05"/>
  <Kunden KundenNr="24670" KundEigtNr="27726" KundArt="1" KundStatus="3" KundAufDat="2006-09-05"/>
  <Kunden KundenNr="24669" KundEigtNr="27727" KundArt="1" KundStatus="1" KundAufDat="2006-09-05"/>
  <Kunden KundenNr="24668" KundEigtNr="25821" KundArt="1" KundStatus="3" KundAufDat="2006-09-05"/>
  <Kunden KundenNr="24672" KundEigtNr="27728" KundArt="1" KundStatus="1" KundAufDat="2006-09-05"/>
  <Kunden KundenNr="24673" KundEigtNr="27729" KundArt="1" KundStatus="1" KundAufDat="2006-09-05"/>
  <Kunden KundenNr="24674" KundEigtNr="27730" KundArt="1" KundStatus="3" KundAufDat="2006-09-05"/>
  <Kunden KundenNr="24675" KundEigtNr="27731" KundArt="1" KundStatus="1" KundAufDat="2006-09-05"/>
  <Kunden KundenNr="24676" KundEigtNr="27732" KundArt="1" KundStatus="1" KundAufDat="2006-09-05"/>
  <Kunden KundenNr="24677" KundEigtNr="27733" KundArt="1" KundStatus="3" KundAufDat="2006-09-05"/>
  <Kunden KundenNr="24678" KundEigtNr="27734" KundArt="1" KundStatus="3" KundAufDat="2006-09-05"/>
  <Kunden KundenNr="24679" KundEigtNr="27735" KundArt="1" KundStatus="1" KundAufDat="2006-09-05"/>
  <Kunden KundenNr="24680" KundEigtNr="27736" KundArt="1" KundStatus="3" KundAufDat="2006-09-05"/>
  <Kunden KundenNr="24681" KundEigtNr="27737" KundArt="1" KundStatus="1" KundAufDat="2006-09-06"/>
  <Kunden KundenNr="24682" KundEigtNr="27738" KundArt="1" KundStatus="1" KundAufDat="2006-09-06"/>
  <Kunden KundenNr="24683" KundEigtNr="27739" KundArt="1" KundStatus="1" KundAufDat="2006-09-06"/>
  <Kunden KundenNr="24685" KundEigtNr="27740" KundArt="1" KundStatus="1" KundAufDat="2006-09-06"/>
  <Kunden KundenNr="24686" KundEigtNr="27741" KundArt="1" KundStatus="1" KundAufDat="2006-09-06"/>
  <Kunden KundenNr="24687" KundEigtNr="27742" KundArt="1" KundStatus="3" KundAufDat="2006-09-06"/>
  <Kunden KundenNr="24689" KundEigtNr="27743" KundArt="1" KundStatus="1" KundAufDat="2006-09-06"/>
  <Kunden KundenNr="24688" KundEigtNr="27113" KundArt="1" KundStatus="1" KundAufDat="2006-09-06"/>
  <Kunden KundenNr="24691" KundEigtNr="27744" KundArt="1" KundStatus="3" KundAufDat="2006-09-06"/>
  <Kunden KundenNr="24690" KundEigtNr="27745" KundArt="1" KundStatus="1" KundAufDat="2006-09-06"/>
  <Kunden KundenNr="24695" KundEigtNr="20548" KundArt="1" KundStatus="1" KundAufDat="2006-09-06"/>
  <Kunden KundenNr="24694" KundEigtNr="27746" KundArt="1" KundStatus="1" KundAufDat="2006-09-06"/>
  <Kunden KundenNr="24697" KundEigtNr="27747" KundArt="1" KundStatus="1" KundAufDat="2006-09-06"/>
  <Kunden KundenNr="24699" KundEigtNr="27748" KundArt="1" KundStatus="1" KundAufDat="2006-09-06"/>
  <Kunden KundenNr="24698" KundEigtNr="27749" KundArt="1" KundStatus="1" KundAufDat="2006-09-06"/>
  <Kunden KundenNr="24701" KundEigtNr="27750" KundArt="1" KundStatus="1" KundAufDat="2006-09-06"/>
  <Kunden KundenNr="24700" KundEigtNr="27751" KundArt="1" KundStatus="1" KundAufDat="2006-09-06"/>
  <Kunden KundenNr="24703" KundEigtNr="27752" KundArt="1" KundStatus="1" KundAufDat="2006-09-06"/>
  <Kunden KundenNr="24702" KundEigtNr="27753" KundArt="1" KundStatus="1" KundAufDat="2006-09-06"/>
  <Kunden KundenNr="24582" KundEigtNr="27754" KundArt="1" KundStatus="1" KundAufDat="2006-08-28"/>
  <Kunden KundenNr="24583" KundEigtNr="27755" KundArt="1" KundStatus="1" KundAufDat="2006-08-28"/>
  <Kunden KundenNr="24580" KundEigtNr="27756" KundArt="1" KundStatus="1" KundAufDat="2006-08-28"/>
  <Kunden KundenNr="24581" KundEigtNr="27757" KundArt="1" KundStatus="1" KundAufDat="2006-08-28"/>
  <Kunden KundenNr="24578" KundEigtNr="27758" KundArt="1" KundStatus="3" KundAufDat="2006-08-25"/>
  <Kunden KundenNr="24579" KundEigtNr="26774" KundArt="1" KundStatus="1" KundAufDat="2006-08-25"/>
  <Kunden KundenNr="24576" KundEigtNr="27759" KundArt="1" KundStatus="1" KundAufDat="2006-08-25"/>
  <Kunden KundenNr="24577" KundEigtNr="27760" KundArt="1" KundStatus="3" KundAufDat="2006-08-25"/>
  <Kunden KundenNr="24590" KundEigtNr="27761" KundArt="1" KundStatus="1" KundAufDat="2006-08-28"/>
  <Kunden KundenNr="24591" KundEigtNr="27762" KundArt="1" KundStatus="3" KundAufDat="2006-08-28"/>
  <Kunden KundenNr="24588" KundEigtNr="27673" KundArt="1" KundStatus="1" KundAufDat="2006-08-28"/>
  <Kunden KundenNr="24589" KundEigtNr="27763" KundArt="1" KundStatus="1" KundAufDat="2006-08-28"/>
  <Kunden KundenNr="24586" KundEigtNr="27764" KundArt="1" KundStatus="3" KundAufDat="2006-08-28"/>
  <Kunden KundenNr="24587" KundEigtNr="27765" KundArt="1" KundStatus="3" KundAufDat="2006-08-28"/>
  <Kunden KundenNr="24584" KundEigtNr="27766" KundArt="1" KundStatus="1" KundAufDat="2006-08-28"/>
  <Kunden KundenNr="24585" KundEigtNr="27767" KundArt="1" KundStatus="1" KundAufDat="2006-08-28"/>
  <Kunden KundenNr="24599" KundEigtNr="27768" KundArt="1" KundStatus="1" KundAufDat="2006-08-29"/>
  <Kunden KundenNr="24598" KundEigtNr="27769" KundArt="1" KundStatus="3" KundAufDat="2006-08-29"/>
  <Kunden KundenNr="24597" KundEigtNr="27770" KundArt="1" KundStatus="3" KundAufDat="2006-08-29"/>
  <Kunden KundenNr="24596" KundEigtNr="27113" KundArt="1" KundStatus="1" KundAufDat="2006-08-28"/>
  <Kunden KundenNr="24595" KundEigtNr="27771" KundArt="1" KundStatus="3" KundAufDat="2006-08-28"/>
  <Kunden KundenNr="24594" KundEigtNr="27772" KundArt="1" KundStatus="1" KundAufDat="2006-08-28"/>
  <Kunden KundenNr="24593" KundEigtNr="27773" KundArt="1" KundStatus="1" KundAufDat="2006-08-28"/>
  <Kunden KundenNr="24592" KundEigtNr="27774" KundArt="1" KundStatus="1" KundAufDat="2006-08-28"/>
  <Kunden KundenNr="24607" KundEigtNr="27775" KundArt="1" KundStatus="1" KundAufDat="2006-08-29"/>
  <Kunden KundenNr="24606" KundEigtNr="27776" KundArt="1" KundStatus="1" KundAufDat="2006-08-29"/>
  <Kunden KundenNr="24605" KundEigtNr="27777" KundArt="1" KundStatus="1" KundAufDat="2006-08-29"/>
  <Kunden KundenNr="24604" KundEigtNr="27778" KundArt="1" KundStatus="1" KundAufDat="2006-08-29"/>
  <Kunden KundenNr="24603" KundEigtNr="27779" KundArt="1" KundStatus="1" KundAufDat="2006-08-29"/>
  <Kunden KundenNr="24602" KundEigtNr="27780" KundArt="1" KundStatus="3" KundAufDat="2006-08-29"/>
  <Kunden KundenNr="24601" KundEigtNr="27781" KundArt="1" KundStatus="1" KundAufDat="2006-08-29"/>
  <Kunden KundenNr="24600" KundEigtNr="27782" KundArt="1" KundStatus="3" KundAufDat="2006-08-29"/>
  <Kunden KundenNr="24612" KundEigtNr="23949" KundArt="1" KundStatus="1" KundAufDat="2006-08-29"/>
  <Kunden KundenNr="24614" KundEigtNr="27783" KundArt="1" KundStatus="1" KundAufDat="2006-08-29"/>
  <Kunden KundenNr="24615" KundEigtNr="27784" KundArt="1" KundStatus="1" KundAufDat="2006-08-29"/>
  <Kunden KundenNr="24608" KundEigtNr="27785" KundArt="1" KundStatus="1" KundAufDat="2006-08-29"/>
  <Kunden KundenNr="24609" KundEigtNr="27786" KundArt="1" KundStatus="1" KundAufDat="2006-08-29"/>
  <Kunden KundenNr="24610" KundEigtNr="27787" KundArt="1" KundStatus="1" KundAufDat="2006-08-29"/>
  <Kunden KundenNr="24611" KundEigtNr="27788" KundArt="1" KundStatus="1" KundAufDat="2006-08-29"/>
  <Kunden KundenNr="24620" KundEigtNr="27789" KundArt="1" KundStatus="3" KundAufDat="2006-08-30"/>
  <Kunden KundenNr="24621" KundEigtNr="27790" KundArt="1" KundStatus="3" KundAufDat="2006-08-30"/>
  <Kunden KundenNr="24622" KundEigtNr="27791" KundArt="1" KundStatus="1" KundAufDat="2006-08-30"/>
  <Kunden KundenNr="24623" KundEigtNr="27792" KundArt="1" KundStatus="3" KundAufDat="2006-08-30"/>
  <Kunden KundenNr="24616" KundEigtNr="27793" KundArt="1" KundStatus="1" KundAufDat="2006-08-29"/>
  <Kunden KundenNr="24617" KundEigtNr="27794" KundArt="1" KundStatus="1" KundAufDat="2006-08-29"/>
  <Kunden KundenNr="24618" KundEigtNr="27795" KundArt="1" KundStatus="1" KundAufDat="2006-08-29"/>
  <Kunden KundenNr="24619" KundEigtNr="27796" KundArt="1" KundStatus="1" KundAufDat="2006-08-29"/>
  <Kunden KundenNr="24629" KundEigtNr="27797" KundArt="1" KundStatus="1" KundAufDat="2006-08-30"/>
  <Kunden KundenNr="24628" KundEigtNr="27798" KundArt="1" KundStatus="1" KundAufDat="2006-08-30"/>
  <Kunden KundenNr="24631" KundEigtNr="27799" KundArt="1" KundStatus="1" KundAufDat="2006-08-31"/>
  <Kunden KundenNr="24630" KundEigtNr="27800" KundArt="1" KundStatus="3" KundAufDat="2006-08-31"/>
  <Kunden KundenNr="24625" KundEigtNr="27801" KundArt="1" KundStatus="1" KundAufDat="2006-08-30"/>
  <Kunden KundenNr="24624" KundEigtNr="27802" KundArt="1" KundStatus="3" KundAufDat="2006-08-30"/>
  <Kunden KundenNr="24627" KundEigtNr="27803" KundArt="1" KundStatus="1" KundAufDat="2006-08-30"/>
  <Kunden KundenNr="24626" KundEigtNr="20534" KundArt="1" KundStatus="1" KundAufDat="2006-08-30"/>
  <Kunden KundenNr="24637" KundEigtNr="27804" KundArt="1" KundStatus="1" KundAufDat="2006-08-31"/>
  <Kunden KundenNr="24636" KundEigtNr="27805" KundArt="1" KundStatus="1" KundAufDat="2006-08-31"/>
  <Kunden KundenNr="24639" KundEigtNr="27806" KundArt="1" KundStatus="1" KundAufDat="2006-08-31"/>
  <Kunden KundenNr="24638" KundEigtNr="27807" KundArt="1" KundStatus="1" KundAufDat="2006-08-31"/>
  <Kunden KundenNr="24633" KundEigtNr="27808" KundArt="1" KundStatus="1" KundAufDat="2006-08-31"/>
  <Kunden KundenNr="24632" KundEigtNr="27809" KundArt="1" KundStatus="3" KundAufDat="2006-08-31"/>
  <Kunden KundenNr="24635" KundEigtNr="27810" KundArt="1" KundStatus="3" KundAufDat="2006-08-31"/>
  <Kunden KundenNr="24634" KundEigtNr="27811" KundArt="1" KundStatus="3" KundAufDat="2006-08-31"/>
  <Kunden KundenNr="25048" KundEigtNr="27812" KundArt="1" KundStatus="3" KundAufDat="2006-10-24"/>
  <Kunden KundenNr="25049" KundEigtNr="27813" KundArt="1" KundStatus="3" KundAufDat="2006-10-24"/>
  <Kunden KundenNr="25050" KundEigtNr="27814" KundArt="1" KundStatus="3" KundAufDat="2006-10-25"/>
  <Kunden KundenNr="25051" KundEigtNr="27815" KundArt="1" KundStatus="1" KundAufDat="2006-10-25"/>
  <Kunden KundenNr="25052" KundEigtNr="3119" KundArt="1" KundStatus="1" KundAufDat="2006-10-25"/>
  <Kunden KundenNr="25053" KundEigtNr="27816" KundArt="1" KundStatus="1" KundAufDat="2006-10-25"/>
  <Kunden KundenNr="25054" KundEigtNr="27817" KundArt="1" KundStatus="1" KundAufDat="2006-10-25"/>
  <Kunden KundenNr="25055" KundEigtNr="27818" KundArt="1" KundStatus="1" KundAufDat="2006-10-25"/>
  <Kunden KundenNr="25040" KundEigtNr="27819" KundArt="1" KundStatus="3" KundAufDat="2006-10-23"/>
  <Kunden KundenNr="25041" KundEigtNr="27820" KundArt="1" KundStatus="1" KundAufDat="2006-10-23"/>
  <Kunden KundenNr="25042" KundEigtNr="18743" KundArt="1" KundStatus="1" KundAufDat="2006-10-23"/>
  <Kunden KundenNr="25043" KundEigtNr="27821" KundArt="1" KundStatus="1" KundAufDat="2006-10-23"/>
  <Kunden KundenNr="25044" KundEigtNr="27822" KundArt="1" KundStatus="1" KundAufDat="2006-10-23"/>
  <Kunden KundenNr="25045" KundEigtNr="27823" KundArt="1" KundStatus="1" KundAufDat="2006-10-24"/>
  <Kunden KundenNr="25046" KundEigtNr="27824" KundArt="1" KundStatus="1" KundAufDat="2006-10-24"/>
  <Kunden KundenNr="25047" KundEigtNr="27825" KundArt="1" KundStatus="1" KundAufDat="2006-10-24"/>
  <Kunden KundenNr="25033" KundEigtNr="27826" KundArt="1" KundStatus="1" KundAufDat="2006-10-20"/>
  <Kunden KundenNr="25032" KundEigtNr="27827" KundArt="1" KundStatus="3" KundAufDat="2006-10-20"/>
  <Kunden KundenNr="25035" KundEigtNr="27828" KundArt="1" KundStatus="3" KundAufDat="2006-10-20"/>
  <Kunden KundenNr="25034" KundEigtNr="27826" KundArt="1" KundStatus="1" KundAufDat="2006-10-20"/>
  <Kunden KundenNr="25037" KundEigtNr="27829" KundArt="1" KundStatus="3" KundAufDat="2006-10-23"/>
  <Kunden KundenNr="25036" KundEigtNr="27830" KundArt="1" KundStatus="1" KundAufDat="2006-10-23"/>
  <Kunden KundenNr="25039" KundEigtNr="27831" KundArt="1" KundStatus="3" KundAufDat="2006-10-23"/>
  <Kunden KundenNr="25038" KundEigtNr="27832" KundArt="1" KundStatus="1" KundAufDat="2006-10-23"/>
  <Kunden KundenNr="25025" KundEigtNr="27833" KundArt="1" KundStatus="1" KundAufDat="2006-10-19"/>
  <Kunden KundenNr="25024" KundEigtNr="26801" KundArt="1" KundStatus="1" KundAufDat="2006-10-19"/>
  <Kunden KundenNr="25027" KundEigtNr="27834" KundArt="1" KundStatus="1" KundAufDat="2006-10-19"/>
  <Kunden KundenNr="25026" KundEigtNr="24663" KundArt="1" KundStatus="1" KundAufDat="2006-10-19"/>
  <Kunden KundenNr="25029" KundEigtNr="27835" KundArt="1" KundStatus="1" KundAufDat="2006-10-19"/>
  <Kunden KundenNr="25028" KundEigtNr="27836" KundArt="1" KundStatus="1" KundAufDat="2006-10-19"/>
  <Kunden KundenNr="25031" KundEigtNr="27837" KundArt="1" KundStatus="1" KundAufDat="2006-10-20"/>
  <Kunden KundenNr="25030" KundEigtNr="27838" KundArt="1" KundStatus="1" KundAufDat="2006-10-19"/>
  <Kunden KundenNr="25082" KundEigtNr="27839" KundArt="1" KundStatus="1" KundAufDat="2006-10-30"/>
  <Kunden KundenNr="25083" KundEigtNr="27840" KundArt="1" KundStatus="1" KundAufDat="2006-10-30"/>
  <Kunden KundenNr="25080" KundEigtNr="27841" KundArt="1" KundStatus="1" KundAufDat="2006-10-30"/>
  <Kunden KundenNr="25086" KundEigtNr="27842" KundArt="1" KundStatus="1" KundAufDat="2006-10-30"/>
  <Kunden KundenNr="25087" KundEigtNr="27843" KundArt="1" KundStatus="3" KundAufDat="2006-10-30"/>
  <Kunden KundenNr="25084" KundEigtNr="27844" KundArt="1" KundStatus="1" KundAufDat="2006-10-30"/>
  <Kunden KundenNr="25085" KundEigtNr="24234" KundArt="1" KundStatus="1" KundAufDat="2006-10-30"/>
  <Kunden KundenNr="25074" KundEigtNr="27845" KundArt="1" KundStatus="3" KundAufDat="2006-10-30"/>
  <Kunden KundenNr="25075" KundEigtNr="27846" KundArt="1" KundStatus="1" KundAufDat="2006-10-30"/>
  <Kunden KundenNr="25073" KundEigtNr="27847" KundArt="1" KundStatus="1" KundAufDat="2006-10-30"/>
  <Kunden KundenNr="25078" KundEigtNr="27848" KundArt="1" KundStatus="3" KundAufDat="2006-10-30"/>
  <Kunden KundenNr="25079" KundEigtNr="27849" KundArt="1" KundStatus="1" KundAufDat="2006-10-30"/>
  <Kunden KundenNr="25067" KundEigtNr="27850" KundArt="1" KundStatus="1" KundAufDat="2006-10-27"/>
  <Kunden KundenNr="25066" KundEigtNr="27851" KundArt="1" KundStatus="1" KundAufDat="2006-10-27"/>
  <Kunden KundenNr="25065" KundEigtNr="27852" KundArt="1" KundStatus="1" KundAufDat="2006-10-26"/>
  <Kunden KundenNr="25064" KundEigtNr="27853" KundArt="1" KundStatus="3" KundAufDat="2006-10-26"/>
  <Kunden KundenNr="25071" KundEigtNr="27854" KundArt="1" KundStatus="1" KundAufDat="2006-10-27"/>
  <Kunden KundenNr="25070" KundEigtNr="27855" KundArt="1" KundStatus="1" KundAufDat="2006-10-27"/>
  <Kunden KundenNr="25069" KundEigtNr="27856" KundArt="1" KundStatus="3" KundAufDat="2006-10-27"/>
  <Kunden KundenNr="25068" KundEigtNr="27857" KundArt="1" KundStatus="1" KundAufDat="2006-10-27"/>
  <Kunden KundenNr="25059" KundEigtNr="27858" KundArt="1" KundStatus="3" KundAufDat="2006-10-26"/>
  <Kunden KundenNr="25058" KundEigtNr="27859" KundArt="1" KundStatus="1" KundAufDat="2006-10-26"/>
  <Kunden KundenNr="25057" KundEigtNr="27860" KundArt="1" KundStatus="1" KundAufDat="2006-10-26"/>
  <Kunden KundenNr="25056" KundEigtNr="27861" KundArt="1" KundStatus="1" KundAufDat="2006-10-26"/>
  <Kunden KundenNr="25063" KundEigtNr="24509" KundArt="1" KundStatus="1" KundAufDat="2006-10-26"/>
  <Kunden KundenNr="25062" KundEigtNr="27862" KundArt="1" KundStatus="3" KundAufDat="2006-10-26"/>
  <Kunden KundenNr="25061" KundEigtNr="27863" KundArt="1" KundStatus="3" KundAufDat="2006-10-26"/>
  <Kunden KundenNr="25060" KundEigtNr="27864" KundArt="1" KundStatus="1" KundAufDat="2006-10-26"/>
  <Kunden KundenNr="24988" KundEigtNr="27865" KundArt="1" KundStatus="1" KundAufDat="2006-10-13"/>
  <Kunden KundenNr="24989" KundEigtNr="27866" KundArt="1" KundStatus="3" KundAufDat="2006-10-13"/>
  <Kunden KundenNr="24990" KundEigtNr="27867" KundArt="1" KundStatus="1" KundAufDat="2006-10-13"/>
  <Kunden KundenNr="24991" KundEigtNr="27868" KundArt="1" KundStatus="1" KundAufDat="2006-10-16"/>
  <Kunden KundenNr="24984" KundEigtNr="27869" KundArt="1" KundStatus="1" KundAufDat="2006-10-13"/>
  <Kunden KundenNr="24985" KundEigtNr="27870" KundArt="1" KundStatus="3" KundAufDat="2006-10-13"/>
  <Kunden KundenNr="24986" KundEigtNr="27871" KundArt="1" KundStatus="1" KundAufDat="2006-10-13"/>
  <Kunden KundenNr="24987" KundEigtNr="27872" KundArt="1" KundStatus="1" KundAufDat="2006-10-13"/>
  <Kunden KundenNr="24980" KundEigtNr="27873" KundArt="1" KundStatus="1" KundAufDat="2006-10-12"/>
  <Kunden KundenNr="24981" KundEigtNr="27874" KundArt="1" KundStatus="3" KundAufDat="2006-10-12"/>
  <Kunden KundenNr="24982" KundEigtNr="7707" KundArt="1" KundStatus="1" KundAufDat="2006-10-13"/>
  <Kunden KundenNr="24983" KundEigtNr="27875" KundArt="1" KundStatus="1" KundAufDat="2006-10-13"/>
  <Kunden KundenNr="24976" KundEigtNr="27876" KundArt="1" KundStatus="1" KundAufDat="2006-10-11"/>
  <Kunden KundenNr="24977" KundEigtNr="27877" KundArt="1" KundStatus="1" KundAufDat="2006-10-11"/>
  <Kunden KundenNr="24978" KundEigtNr="27878" KundArt="1" KundStatus="1" KundAufDat="2006-10-11"/>
  <Kunden KundenNr="24979" KundEigtNr="27879" KundArt="1" KundStatus="1" KundAufDat="2006-10-12"/>
  <Kunden KundenNr="24973" KundEigtNr="19103" KundArt="1" KundStatus="1" KundAufDat="2006-10-11"/>
  <Kunden KundenNr="24972" KundEigtNr="27880" KundArt="1" KundStatus="1" KundAufDat="2006-10-11"/>
  <Kunden KundenNr="24975" KundEigtNr="27881" KundArt="1" KundStatus="1" KundAufDat="2006-10-11"/>
  <Kunden KundenNr="24974" KundEigtNr="27882" KundArt="1" KundStatus="1" KundAufDat="2006-10-11"/>
  <Kunden KundenNr="24969" KundEigtNr="27883" KundArt="1" KundStatus="1" KundAufDat="2006-10-11"/>
  <Kunden KundenNr="24968" KundEigtNr="27884" KundArt="1" KundStatus="1" KundAufDat="2006-10-11"/>
  <Kunden KundenNr="24971" KundEigtNr="27885" KundArt="1" KundStatus="1" KundAufDat="2006-10-11"/>
  <Kunden KundenNr="24970" KundEigtNr="27886" KundArt="1" KundStatus="1" KundAufDat="2006-10-11"/>
  <Kunden KundenNr="24965" KundEigtNr="27619" KundArt="1" KundStatus="3" KundAufDat="2006-10-11"/>
  <Kunden KundenNr="24964" KundEigtNr="27887" KundArt="1" KundStatus="1" KundAufDat="2006-10-11"/>
  <Kunden KundenNr="24967" KundEigtNr="27888" KundArt="1" KundStatus="1" KundAufDat="2006-10-11"/>
  <Kunden KundenNr="24966" KundEigtNr="27889" KundArt="1" KundStatus="1" KundAufDat="2006-10-11"/>
  <Kunden KundenNr="24961" KundEigtNr="27890" KundArt="1" KundStatus="1" KundAufDat="2006-10-11"/>
  <Kunden KundenNr="24960" KundEigtNr="27891" KundArt="1" KundStatus="1" KundAufDat="2006-10-11"/>
  <Kunden KundenNr="24963" KundEigtNr="27892" KundArt="1" KundStatus="1" KundAufDat="2006-10-11"/>
  <Kunden KundenNr="24962" KundEigtNr="27893" KundArt="1" KundStatus="1" KundAufDat="2006-10-11"/>
  <Kunden KundenNr="25022" KundEigtNr="27894" KundArt="1" KundStatus="1" KundAufDat="2006-10-19"/>
  <Kunden KundenNr="25023" KundEigtNr="27895" KundArt="1" KundStatus="1" KundAufDat="2006-10-19"/>
  <Kunden KundenNr="25020" KundEigtNr="27896" KundArt="1" KundStatus="3" KundAufDat="2006-10-19"/>
  <Kunden KundenNr="25021" KundEigtNr="27897" KundArt="1" KundStatus="1" KundAufDat="2006-10-19"/>
  <Kunden KundenNr="25018" KundEigtNr="27898" KundArt="1" KundStatus="1" KundAufDat="2006-10-19"/>
  <Kunden KundenNr="25019" KundEigtNr="27899" KundArt="1" KundStatus="1" KundAufDat="2006-10-19"/>
  <Kunden KundenNr="25016" KundEigtNr="27900" KundArt="1" KundStatus="1" KundAufDat="2006-10-19"/>
  <Kunden KundenNr="25017" KundEigtNr="27901" KundArt="1" KundStatus="1" KundAufDat="2006-10-19"/>
  <Kunden KundenNr="25014" KundEigtNr="27902" KundArt="1" KundStatus="3" KundAufDat="2006-10-18"/>
  <Kunden KundenNr="25015" KundEigtNr="27903" KundArt="1" KundStatus="1" KundAufDat="2006-10-19"/>
  <Kunden KundenNr="25012" KundEigtNr="27904" KundArt="1" KundStatus="1" KundAufDat="2006-10-17"/>
  <Kunden KundenNr="25013" KundEigtNr="27905" KundArt="1" KundStatus="1" KundAufDat="2006-10-17"/>
  <Kunden KundenNr="25010" KundEigtNr="27906" KundArt="1" KundStatus="1" KundAufDat="2006-10-17"/>
  <Kunden KundenNr="25011" KundEigtNr="27907" KundArt="1" KundStatus="1" KundAufDat="2006-10-17"/>
  <Kunden KundenNr="25008" KundEigtNr="27908" KundArt="1" KundStatus="1" KundAufDat="2006-10-16"/>
  <Kunden KundenNr="25009" KundEigtNr="27909" KundArt="1" KundStatus="1" KundAufDat="2006-10-17"/>
  <Kunden KundenNr="25007" KundEigtNr="27910" KundArt="1" KundStatus="1" KundAufDat="2006-10-16"/>
  <Kunden KundenNr="25006" KundEigtNr="27911" KundArt="1" KundStatus="1" KundAufDat="2006-10-16"/>
  <Kunden KundenNr="25005" KundEigtNr="27912" KundArt="1" KundStatus="1" KundAufDat="2006-10-16"/>
  <Kunden KundenNr="25004" KundEigtNr="27913" KundArt="1" KundStatus="1" KundAufDat="2006-10-16"/>
  <Kunden KundenNr="25003" KundEigtNr="27914" KundArt="1" KundStatus="1" KundAufDat="2006-10-16"/>
  <Kunden KundenNr="25002" KundEigtNr="27915" KundArt="1" KundStatus="1" KundAufDat="2006-10-16"/>
  <Kunden KundenNr="25001" KundEigtNr="27916" KundArt="1" KundStatus="1" KundAufDat="2006-10-16"/>
  <Kunden KundenNr="25000" KundEigtNr="27917" KundArt="1" KundStatus="1" KundAufDat="2006-10-16"/>
  <Kunden KundenNr="24999" KundEigtNr="27918" KundArt="1" KundStatus="3" KundAufDat="2006-10-16"/>
  <Kunden KundenNr="24998" KundEigtNr="27919" KundArt="1" KundStatus="3" KundAufDat="2006-10-16"/>
  <Kunden KundenNr="24997" KundEigtNr="27920" KundArt="1" KundStatus="3" KundAufDat="2006-10-16"/>
  <Kunden KundenNr="24996" KundEigtNr="27921" KundArt="1" KundStatus="3" KundAufDat="2006-10-16"/>
  <Kunden KundenNr="24995" KundEigtNr="27922" KundArt="1" KundStatus="1" KundAufDat="2006-10-16"/>
  <Kunden KundenNr="24994" KundEigtNr="27923" KundArt="1" KundStatus="1" KundAufDat="2006-10-16"/>
  <Kunden KundenNr="24993" KundEigtNr="27924" KundArt="1" KundStatus="1" KundAufDat="2006-10-16"/>
  <Kunden KundenNr="24992" KundEigtNr="27925" KundArt="1" KundStatus="3" KundAufDat="2006-10-16"/>
  <Kunden KundenNr="24913" KundEigtNr="27926" KundArt="1" KundStatus="1" KundAufDat="2006-10-04"/>
  <Kunden KundenNr="24912" KundEigtNr="27927" KundArt="1" KundStatus="1" KundAufDat="2006-10-04"/>
  <Kunden KundenNr="24915" KundEigtNr="27928" KundArt="1" KundStatus="1" KundAufDat="2006-10-04"/>
  <Kunden KundenNr="24916" KundEigtNr="27929" KundArt="1" KundStatus="1" KundAufDat="2006-10-04"/>
  <Kunden KundenNr="24919" KundEigtNr="27930" KundArt="1" KundStatus="3" KundAufDat="2006-10-04"/>
  <Kunden KundenNr="24918" KundEigtNr="27931" KundArt="1" KundStatus="3" KundAufDat="2006-10-04"/>
  <Kunden KundenNr="24921" KundEigtNr="27932" KundArt="1" KundStatus="1" KundAufDat="2006-10-04"/>
  <Kunden KundenNr="24920" KundEigtNr="27933" KundArt="1" KundStatus="1" KundAufDat="2006-10-04"/>
  <Kunden KundenNr="24923" KundEigtNr="27934" KundArt="1" KundStatus="1" KundAufDat="2006-10-04"/>
  <Kunden KundenNr="24925" KundEigtNr="27935" KundArt="1" KundStatus="3" KundAufDat="2006-10-04"/>
  <Kunden KundenNr="24924" KundEigtNr="27936" KundArt="1" KundStatus="1" KundAufDat="2006-10-04"/>
  <Kunden KundenNr="24927" KundEigtNr="27937" KundArt="1" KundStatus="1" KundAufDat="2006-10-05"/>
  <Kunden KundenNr="24926" KundEigtNr="27938" KundArt="1" KundStatus="1" KundAufDat="2006-10-04"/>
  <Kunden KundenNr="24896" KundEigtNr="27939" KundArt="1" KundStatus="3" KundAufDat="2006-09-27"/>
  <Kunden KundenNr="24897" KundEigtNr="27940" KundArt="1" KundStatus="3" KundAufDat="2006-09-28"/>
  <Kunden KundenNr="24899" KundEigtNr="27941" KundArt="1" KundStatus="1" KundAufDat="2006-09-28"/>
  <Kunden KundenNr="24900" KundEigtNr="27942" KundArt="1" KundStatus="1" KundAufDat="2006-09-28"/>
  <Kunden KundenNr="24901" KundEigtNr="27943" KundArt="1" KundStatus="1" KundAufDat="2006-09-28"/>
  <Kunden KundenNr="24902" KundEigtNr="27944" KundArt="1" KundStatus="1" KundAufDat="2006-09-28"/>
  <Kunden KundenNr="24905" KundEigtNr="27945" KundArt="1" KundStatus="3" KundAufDat="2006-09-29"/>
  <Kunden KundenNr="24906" KundEigtNr="27946" KundArt="1" KundStatus="3" KundAufDat="2006-09-29"/>
  <Kunden KundenNr="24907" KundEigtNr="27947" KundArt="1" KundStatus="1" KundAufDat="2006-09-29"/>
  <Kunden KundenNr="24908" KundEigtNr="27948" KundArt="1" KundStatus="3" KundAufDat="2006-09-30"/>
  <Kunden KundenNr="24909" KundEigtNr="27949" KundArt="1" KundStatus="3" KundAufDat="2006-09-30"/>
  <Kunden KundenNr="24910" KundEigtNr="27950" KundArt="1" KundStatus="1" KundAufDat="2006-10-04"/>
  <Kunden KundenNr="24911" KundEigtNr="27950" KundArt="1" KundStatus="1" KundAufDat="2006-10-04"/>
  <Kunden KundenNr="24947" KundEigtNr="26898" KundArt="1" KundStatus="1" KundAufDat="2006-10-10"/>
  <Kunden KundenNr="24946" KundEigtNr="27951" KundArt="1" KundStatus="3" KundAufDat="2006-10-09"/>
  <Kunden KundenNr="24945" KundEigtNr="27952" KundArt="1" KundStatus="3" KundAufDat="2006-10-09"/>
  <Kunden KundenNr="24944" KundEigtNr="27953" KundArt="1" KundStatus="1" KundAufDat="2006-10-09"/>
  <Kunden KundenNr="24951" KundEigtNr="27954" KundArt="1" KundStatus="1" KundAufDat="2006-10-10"/>
  <Kunden KundenNr="24950" KundEigtNr="27955" KundArt="1" KundStatus="1" KundAufDat="2006-10-10"/>
  <Kunden KundenNr="24949" KundEigtNr="27956" KundArt="1" KundStatus="3" KundAufDat="2006-10-10"/>
  <Kunden KundenNr="24948" KundEigtNr="27957" KundArt="1" KundStatus="1" KundAufDat="2006-10-10"/>
  <Kunden KundenNr="24955" KundEigtNr="27958" KundArt="1" KundStatus="3" KundAufDat="2006-10-10"/>
  <Kunden KundenNr="24954" KundEigtNr="27959" KundArt="1" KundStatus="1" KundAufDat="2006-10-10"/>
  <Kunden KundenNr="24953" KundEigtNr="27960" KundArt="1" KundStatus="1" KundAufDat="2006-10-10"/>
  <Kunden KundenNr="24952" KundEigtNr="27961" KundArt="1" KundStatus="1" KundAufDat="2006-10-10"/>
  <Kunden KundenNr="24959" KundEigtNr="27962" KundArt="1" KundStatus="1" KundAufDat="2006-10-11"/>
  <Kunden KundenNr="24958" KundEigtNr="27963" KundArt="1" KundStatus="1" KundAufDat="2006-10-11"/>
  <Kunden KundenNr="24957" KundEigtNr="27964" KundArt="1" KundStatus="3" KundAufDat="2006-10-11"/>
  <Kunden KundenNr="24956" KundEigtNr="27965" KundArt="1" KundStatus="1" KundAufDat="2006-10-10"/>
  <Kunden KundenNr="24930" KundEigtNr="27966" KundArt="1" KundStatus="1" KundAufDat="2006-10-05"/>
  <Kunden KundenNr="24931" KundEigtNr="27967" KundArt="1" KundStatus="1" KundAufDat="2006-10-05"/>
  <Kunden KundenNr="24928" KundEigtNr="27968" KundArt="1" KundStatus="1" KundAufDat="2006-10-05"/>
  <Kunden KundenNr="24929" KundEigtNr="27969" KundArt="1" KundStatus="3" KundAufDat="2006-10-05"/>
  <Kunden KundenNr="24934" KundEigtNr="27970" KundArt="1" KundStatus="1" KundAufDat="2006-10-05"/>
  <Kunden KundenNr="24935" KundEigtNr="27971" KundArt="1" KundStatus="1" KundAufDat="2006-10-05"/>
  <Kunden KundenNr="24932" KundEigtNr="27972" KundArt="1" KundStatus="1" KundAufDat="2006-10-05"/>
  <Kunden KundenNr="24933" KundEigtNr="27973" KundArt="1" KundStatus="1" KundAufDat="2006-10-05"/>
  <Kunden KundenNr="24938" KundEigtNr="27974" KundArt="1" KundStatus="1" KundAufDat="2006-10-06"/>
  <Kunden KundenNr="24939" KundEigtNr="27975" KundArt="1" KundStatus="1" KundAufDat="2006-10-06"/>
  <Kunden KundenNr="24936" KundEigtNr="27976" KundArt="1" KundStatus="1" KundAufDat="2006-10-06"/>
  <Kunden KundenNr="24937" KundEigtNr="27977" KundArt="1" KundStatus="1" KundAufDat="2006-10-06"/>
  <Kunden KundenNr="24942" KundEigtNr="27978" KundArt="1" KundStatus="1" KundAufDat="2006-10-06"/>
  <Kunden KundenNr="24943" KundEigtNr="27979" KundArt="1" KundStatus="1" KundAufDat="2006-10-07"/>
  <Kunden KundenNr="24940" KundEigtNr="27980" KundArt="1" KundStatus="1" KundAufDat="2006-10-06"/>
  <Kunden KundenNr="24941" KundEigtNr="27981" KundArt="1" KundStatus="1" KundAufDat="2006-10-06"/>
  <Kunden KundenNr="24853" KundEigtNr="27982" KundArt="1" KundStatus="1" KundAufDat="2006-09-21"/>
  <Kunden KundenNr="24852" KundEigtNr="27983" KundArt="1" KundStatus="1" KundAufDat="2006-09-21"/>
  <Kunden KundenNr="24855" KundEigtNr="27984" KundArt="1" KundStatus="1" KundAufDat="2006-09-21"/>
  <Kunden KundenNr="24849" KundEigtNr="27985" KundArt="1" KundStatus="1" KundAufDat="2006-09-21"/>
  <Kunden KundenNr="24848" KundEigtNr="27986" KundArt="1" KundStatus="1" KundAufDat="2006-09-21"/>
  <Kunden KundenNr="24851" KundEigtNr="27987" KundArt="1" KundStatus="1" KundAufDat="2006-09-21"/>
  <Kunden KundenNr="24850" KundEigtNr="27988" KundArt="1" KundStatus="1" KundAufDat="2006-09-21"/>
  <Kunden KundenNr="24861" KundEigtNr="27989" KundArt="1" KundStatus="1" KundAufDat="2006-09-22"/>
  <Kunden KundenNr="24860" KundEigtNr="27990" KundArt="1" KundStatus="1" KundAufDat="2006-09-22"/>
  <Kunden KundenNr="24863" KundEigtNr="27991" KundArt="1" KundStatus="1" KundAufDat="2006-09-22"/>
  <Kunden KundenNr="24862" KundEigtNr="27992" KundArt="1" KundStatus="1" KundAufDat="2006-09-22"/>
  <Kunden KundenNr="24857" KundEigtNr="27993" KundArt="1" KundStatus="1" KundAufDat="2006-09-22"/>
  <Kunden KundenNr="24856" KundEigtNr="27994" KundArt="1" KundStatus="3" KundAufDat="2006-09-22"/>
  <Kunden KundenNr="24859" KundEigtNr="27995" KundArt="1" KundStatus="1" KundAufDat="2006-09-22"/>
  <Kunden KundenNr="24858" KundEigtNr="27996" KundArt="1" KundStatus="3" KundAufDat="2006-09-22"/>
  <Kunden KundenNr="24836" KundEigtNr="27997" KundArt="1" KundStatus="1" KundAufDat="2006-09-19"/>
  <Kunden KundenNr="24837" KundEigtNr="27998" KundArt="1" KundStatus="1" KundAufDat="2006-09-19"/>
  <Kunden KundenNr="24838" KundEigtNr="27999" KundArt="1" KundStatus="1" KundAufDat="2006-09-19"/>
  <Kunden KundenNr="24839" KundEigtNr="24177" KundArt="1" KundStatus="1" KundAufDat="2006-09-19"/>
  <Kunden KundenNr="24832" KundEigtNr="28000" KundArt="1" KundStatus="1" KundAufDat="2006-09-19"/>
  <Kunden KundenNr="24833" KundEigtNr="28001" KundArt="1" KundStatus="3" KundAufDat="2006-09-19"/>
  <Kunden KundenNr="24834" KundEigtNr="28002" KundArt="1" KundStatus="1" KundAufDat="2006-09-19"/>
  <Kunden KundenNr="24835" KundEigtNr="28003" KundArt="1" KundStatus="1" KundAufDat="2006-09-19"/>
  <Kunden KundenNr="24844" KundEigtNr="28004" KundArt="1" KundStatus="3" KundAufDat="2006-09-20"/>
  <Kunden KundenNr="24846" KundEigtNr="28005" KundArt="1" KundStatus="1" KundAufDat="2006-09-21"/>
  <Kunden KundenNr="24847" KundEigtNr="28006" KundArt="1" KundStatus="1" KundAufDat="2006-09-21"/>
  <Kunden KundenNr="24840" KundEigtNr="28007" KundArt="1" KundStatus="1" KundAufDat="2006-09-19"/>
  <Kunden KundenNr="24841" KundEigtNr="28008" KundArt="1" KundStatus="3" KundAufDat="2006-09-20"/>
  <Kunden KundenNr="24842" KundEigtNr="28009" KundArt="1" KundStatus="1" KundAufDat="2006-09-20"/>
  <Kunden KundenNr="24843" KundEigtNr="28010" KundArt="1" KundStatus="1" KundAufDat="2006-09-20"/>
  <Kunden KundenNr="24887" KundEigtNr="28011" KundArt="1" KundStatus="1" KundAufDat="2006-09-26"/>
  <Kunden KundenNr="24886" KundEigtNr="28012" KundArt="1" KundStatus="1" KundAufDat="2006-09-26"/>
  <Kunden KundenNr="24885" KundEigtNr="28013" KundArt="1" KundStatus="1" KundAufDat="2006-09-26"/>
  <Kunden KundenNr="24884" KundEigtNr="28014" KundArt="1" KundStatus="1" KundAufDat="2006-09-26"/>
  <Kunden KundenNr="24883" KundEigtNr="28015" KundArt="1" KundStatus="3" KundAufDat="2006-09-26"/>
  <Kunden KundenNr="24882" KundEigtNr="28016" KundArt="1" KundStatus="1" KundAufDat="2006-09-26"/>
  <Kunden KundenNr="24881" KundEigtNr="28017" KundArt="1" KundStatus="3" KundAufDat="2006-09-26"/>
  <Kunden KundenNr="24880" KundEigtNr="27719" KundArt="1" KundStatus="1" KundAufDat="2006-09-26"/>
  <Kunden KundenNr="24895" KundEigtNr="28018" KundArt="1" KundStatus="1" KundAufDat="2006-09-27"/>
  <Kunden KundenNr="24894" KundEigtNr="28019" KundArt="1" KundStatus="1" KundAufDat="2006-09-27"/>
  <Kunden KundenNr="24893" KundEigtNr="28020" KundArt="1" KundStatus="3" KundAufDat="2006-09-27"/>
  <Kunden KundenNr="24892" KundEigtNr="28021" KundArt="1" KundStatus="1" KundAufDat="2006-09-27"/>
  <Kunden KundenNr="24891" KundEigtNr="28022" KundArt="1" KundStatus="1" KundAufDat="2006-09-26"/>
  <Kunden KundenNr="24890" KundEigtNr="28023" KundArt="1" KundStatus="1" KundAufDat="2006-09-26"/>
  <Kunden KundenNr="24889" KundEigtNr="28024" KundArt="1" KundStatus="1" KundAufDat="2006-09-26"/>
  <Kunden KundenNr="24888" KundEigtNr="28025" KundArt="1" KundStatus="1" KundAufDat="2006-09-26"/>
  <Kunden KundenNr="24870" KundEigtNr="28026" KundArt="1" KundStatus="1" KundAufDat="2006-09-25"/>
  <Kunden KundenNr="24871" KundEigtNr="28027" KundArt="1" KundStatus="1" KundAufDat="2006-09-25"/>
  <Kunden KundenNr="24868" KundEigtNr="28028" KundArt="1" KundStatus="1" KundAufDat="2006-09-25"/>
  <Kunden KundenNr="24869" KundEigtNr="28029" KundArt="1" KundStatus="1" KundAufDat="2006-09-25"/>
  <Kunden KundenNr="24866" KundEigtNr="28030" KundArt="1" KundStatus="1" KundAufDat="2006-09-25"/>
  <Kunden KundenNr="24867" KundEigtNr="28031" KundArt="1" KundStatus="1" KundAufDat="2006-09-25"/>
  <Kunden KundenNr="24864" KundEigtNr="28032" KundArt="1" KundStatus="1" KundAufDat="2006-09-22"/>
  <Kunden KundenNr="24865" KundEigtNr="28033" KundArt="1" KundStatus="1" KundAufDat="2006-09-25"/>
  <Kunden KundenNr="24878" KundEigtNr="28034" KundArt="1" KundStatus="1" KundAufDat="2006-09-26"/>
  <Kunden KundenNr="24879" KundEigtNr="20977" KundArt="1" KundStatus="1" KundAufDat="2006-09-26"/>
  <Kunden KundenNr="24876" KundEigtNr="28035" KundArt="1" KundStatus="1" KundAufDat="2006-09-26"/>
  <Kunden KundenNr="24877" KundEigtNr="28021" KundArt="1" KundStatus="3" KundAufDat="2006-09-26"/>
  <Kunden KundenNr="24874" KundEigtNr="28036" KundArt="1" KundStatus="3" KundAufDat="2006-09-26"/>
  <Kunden KundenNr="24875" KundEigtNr="28037" KundArt="1" KundStatus="1" KundAufDat="2006-09-26"/>
  <Kunden KundenNr="24872" KundEigtNr="28038" KundArt="1" KundStatus="3" KundAufDat="2006-09-25"/>
  <Kunden KundenNr="24873" KundEigtNr="28039" KundArt="1" KundStatus="1" KundAufDat="2006-09-25"/>
  <Kunden KundenNr="26706" KundEigtNr="28040" KundArt="1" KundStatus="1" KundAufDat="2007-05-07"/>
  <Kunden KundenNr="26705" KundEigtNr="28041" KundArt="1" KundStatus="1" KundAufDat="2007-05-07"/>
  <Kunden KundenNr="26704" KundEigtNr="26547" KundArt="1" KundStatus="1" KundAufDat="2007-05-07"/>
  <Kunden KundenNr="26711" KundEigtNr="28042" KundArt="1" KundStatus="1" KundAufDat="2007-05-07"/>
  <Kunden KundenNr="26710" KundEigtNr="28043" KundArt="1" KundStatus="1" KundAufDat="2007-05-07"/>
  <Kunden KundenNr="26709" KundEigtNr="28044" KundArt="1" KundStatus="1" KundAufDat="2007-05-07"/>
  <Kunden KundenNr="26708" KundEigtNr="24645" KundArt="1" KundStatus="1" KundAufDat="2007-05-07"/>
  <Kunden KundenNr="26715" KundEigtNr="28045" KundArt="1" KundStatus="1" KundAufDat="2007-05-07"/>
  <Kunden KundenNr="26714" KundEigtNr="28046" KundArt="1" KundStatus="1" KundAufDat="2007-05-07"/>
  <Kunden KundenNr="26713" KundEigtNr="28047" KundArt="1" KundStatus="1" KundAufDat="2007-05-07"/>
  <Kunden KundenNr="26712" KundEigtNr="28048" KundArt="1" KundStatus="1" KundAufDat="2007-05-07"/>
  <Kunden KundenNr="26719" KundEigtNr="28049" KundArt="1" KundStatus="1" KundAufDat="2007-05-08"/>
  <Kunden KundenNr="26718" KundEigtNr="28050" KundArt="1" KundStatus="1" KundAufDat="2007-05-08"/>
  <Kunden KundenNr="26717" KundEigtNr="28051" KundArt="1" KundStatus="1" KundAufDat="2007-05-08"/>
  <Kunden KundenNr="26716" KundEigtNr="28052" KundArt="1" KundStatus="1" KundAufDat="2007-05-08"/>
  <Kunden KundenNr="26690" KundEigtNr="28053" KundArt="1" KundStatus="1" KundAufDat="2007-05-07"/>
  <Kunden KundenNr="26691" KundEigtNr="28054" KundArt="1" KundStatus="1" KundAufDat="2007-05-07"/>
  <Kunden KundenNr="26688" KundEigtNr="28055" KundArt="1" KundStatus="1" KundAufDat="2007-05-04"/>
  <Kunden KundenNr="26689" KundEigtNr="28056" KundArt="1" KundStatus="1" KundAufDat="2007-05-07"/>
  <Kunden KundenNr="26694" KundEigtNr="28057" KundArt="1" KundStatus="1" KundAufDat="2007-05-07"/>
  <Kunden KundenNr="26695" KundEigtNr="28058" KundArt="1" KundStatus="1" KundAufDat="2007-05-07"/>
  <Kunden KundenNr="26692" KundEigtNr="28059" KundArt="1" KundStatus="1" KundAufDat="2007-05-07"/>
  <Kunden KundenNr="26693" KundEigtNr="28060" KundArt="1" KundStatus="1" KundAufDat="2007-05-07"/>
  <Kunden KundenNr="26698" KundEigtNr="28061" KundArt="1" KundStatus="1" KundAufDat="2007-05-07"/>
  <Kunden KundenNr="26699" KundEigtNr="28062" KundArt="1" KundStatus="1" KundAufDat="2007-05-07"/>
  <Kunden KundenNr="26696" KundEigtNr="28063" KundArt="1" KundStatus="1" KundAufDat="2007-05-07"/>
  <Kunden KundenNr="26697" KundEigtNr="28064" KundArt="1" KundStatus="1" KundAufDat="2007-05-07"/>
  <Kunden KundenNr="26702" KundEigtNr="28065" KundArt="1" KundStatus="1" KundAufDat="2007-05-07"/>
  <Kunden KundenNr="26703" KundEigtNr="28066" KundArt="1" KundStatus="1" KundAufDat="2007-05-07"/>
  <Kunden KundenNr="26700" KundEigtNr="28067" KundArt="1" KundStatus="1" KundAufDat="2007-05-07"/>
  <Kunden KundenNr="26701" KundEigtNr="28068" KundArt="1" KundStatus="1" KundAufDat="2007-05-07"/>
  <Kunden KundenNr="26737" KundEigtNr="28069" KundArt="1" KundStatus="1" KundAufDat="2007-05-09"/>
  <Kunden KundenNr="26736" KundEigtNr="28070" KundArt="1" KundStatus="1" KundAufDat="2007-05-09"/>
  <Kunden KundenNr="26739" KundEigtNr="28071" KundArt="1" KundStatus="1" KundAufDat="2007-05-09"/>
  <Kunden KundenNr="26741" KundEigtNr="28072" KundArt="1" KundStatus="1" KundAufDat="2007-05-09"/>
  <Kunden KundenNr="26740" KundEigtNr="22883" KundArt="1" KundStatus="1" KundAufDat="2007-05-09"/>
  <Kunden KundenNr="26743" KundEigtNr="28073" KundArt="1" KundStatus="1" KundAufDat="2007-05-10"/>
  <Kunden KundenNr="26742" KundEigtNr="28074" KundArt="1" KundStatus="1" KundAufDat="2007-05-09"/>
  <Kunden KundenNr="26745" KundEigtNr="28075" KundArt="1" KundStatus="1" KundAufDat="2007-05-10"/>
  <Kunden KundenNr="26744" KundEigtNr="28076" KundArt="1" KundStatus="1" KundAufDat="2007-05-10"/>
  <Kunden KundenNr="26747" KundEigtNr="28077" KundArt="1" KundStatus="1" KundAufDat="2007-05-10"/>
  <Kunden KundenNr="26746" KundEigtNr="28078" KundArt="1" KundStatus="1" KundAufDat="2007-05-10"/>
  <Kunden KundenNr="26749" KundEigtNr="28079" KundArt="1" KundStatus="1" KundAufDat="2007-05-11"/>
  <Kunden KundenNr="26748" KundEigtNr="28080" KundArt="1" KundStatus="1" KundAufDat="2007-05-11"/>
  <Kunden KundenNr="26720" KundEigtNr="28081" KundArt="1" KundStatus="1" KundAufDat="2007-05-08"/>
  <Kunden KundenNr="26721" KundEigtNr="28082" KundArt="1" KundStatus="1" KundAufDat="2007-05-08"/>
  <Kunden KundenNr="26722" KundEigtNr="28083" KundArt="1" KundStatus="1" KundAufDat="2007-05-08"/>
  <Kunden KundenNr="26723" KundEigtNr="28084" KundArt="1" KundStatus="1" KundAufDat="2007-05-08"/>
  <Kunden KundenNr="26724" KundEigtNr="28085" KundArt="1" KundStatus="1" KundAufDat="2007-05-08"/>
  <Kunden KundenNr="26725" KundEigtNr="28086" KundArt="1" KundStatus="1" KundAufDat="2007-05-08"/>
  <Kunden KundenNr="26726" KundEigtNr="28087" KundArt="1" KundStatus="1" KundAufDat="2007-05-08"/>
  <Kunden KundenNr="26727" KundEigtNr="28088" KundArt="1" KundStatus="1" KundAufDat="2007-05-08"/>
  <Kunden KundenNr="26728" KundEigtNr="28089" KundArt="1" KundStatus="1" KundAufDat="2007-05-08"/>
  <Kunden KundenNr="26729" KundEigtNr="28090" KundArt="1" KundStatus="1" KundAufDat="2007-05-08"/>
  <Kunden KundenNr="26730" KundEigtNr="28091" KundArt="1" KundStatus="1" KundAufDat="2007-05-08"/>
  <Kunden KundenNr="26731" KundEigtNr="28092" KundArt="1" KundStatus="1" KundAufDat="2007-05-08"/>
  <Kunden KundenNr="26732" KundEigtNr="28093" KundArt="1" KundStatus="1" KundAufDat="2007-05-08"/>
  <Kunden KundenNr="26733" KundEigtNr="28094" KundArt="1" KundStatus="1" KundAufDat="2007-05-08"/>
  <Kunden KundenNr="26734" KundEigtNr="28095" KundArt="1" KundStatus="1" KundAufDat="2007-05-08"/>
  <Kunden KundenNr="26735" KundEigtNr="28096" KundArt="1" KundStatus="1" KundAufDat="2007-05-08"/>
  <Kunden KundenNr="26647" KundEigtNr="28097" KundArt="1" KundStatus="1" KundAufDat="2007-05-03"/>
  <Kunden KundenNr="26646" KundEigtNr="28098" KundArt="1" KundStatus="1" KundAufDat="2007-05-03"/>
  <Kunden KundenNr="26645" KundEigtNr="28099" KundArt="1" KundStatus="1" KundAufDat="2007-05-03"/>
  <Kunden KundenNr="26644" KundEigtNr="28100" KundArt="1" KundStatus="1" KundAufDat="2007-05-03"/>
  <Kunden KundenNr="26643" KundEigtNr="28101" KundArt="1" KundStatus="1" KundAufDat="2007-05-02"/>
  <Kunden KundenNr="26642" KundEigtNr="28102" KundArt="1" KundStatus="1" KundAufDat="2007-05-02"/>
  <Kunden KundenNr="26641" KundEigtNr="28103" KundArt="1" KundStatus="3" KundAufDat="2007-05-02"/>
  <Kunden KundenNr="26640" KundEigtNr="28104" KundArt="1" KundStatus="1" KundAufDat="2007-05-02"/>
  <Kunden KundenNr="26655" KundEigtNr="28105" KundArt="1" KundStatus="1" KundAufDat="2007-05-03"/>
  <Kunden KundenNr="26654" KundEigtNr="28052" KundArt="1" KundStatus="1" KundAufDat="2007-05-03"/>
  <Kunden KundenNr="26653" KundEigtNr="28106" KundArt="1" KundStatus="1" KundAufDat="2007-05-03"/>
  <Kunden KundenNr="26651" KundEigtNr="28107" KundArt="1" KundStatus="1" KundAufDat="2007-05-03"/>
  <Kunden KundenNr="26650" KundEigtNr="28108" KundArt="1" KundStatus="1" KundAufDat="2007-05-03"/>
  <Kunden KundenNr="26649" KundEigtNr="28109" KundArt="1" KundStatus="1" KundAufDat="2007-05-03"/>
  <Kunden KundenNr="26648" KundEigtNr="28110" KundArt="1" KundStatus="1" KundAufDat="2007-05-03"/>
  <Kunden KundenNr="26630" KundEigtNr="28111" KundArt="1" KundStatus="1" KundAufDat="2007-04-26"/>
  <Kunden KundenNr="26628" KundEigtNr="26603" KundArt="1" KundStatus="1" KundAufDat="2007-04-25"/>
  <Kunden KundenNr="26629" KundEigtNr="28112" KundArt="1" KundStatus="1" KundAufDat="2007-04-26"/>
  <Kunden KundenNr="26626" KundEigtNr="28113" KundArt="1" KundStatus="1" KundAufDat="2007-04-25"/>
  <Kunden KundenNr="26627" KundEigtNr="28114" KundArt="1" KundStatus="1" KundAufDat="2007-04-25"/>
  <Kunden KundenNr="26624" KundEigtNr="28115" KundArt="1" KundStatus="1" KundAufDat="2007-04-25"/>
  <Kunden KundenNr="26625" KundEigtNr="28116" KundArt="1" KundStatus="1" KundAufDat="2007-04-25"/>
  <Kunden KundenNr="26638" KundEigtNr="28117" KundArt="1" KundStatus="1" KundAufDat="2007-05-02"/>
  <Kunden KundenNr="26639" KundEigtNr="28118" KundArt="1" KundStatus="1" KundAufDat="2007-05-02"/>
  <Kunden KundenNr="26636" KundEigtNr="28119" KundArt="1" KundStatus="1" KundAufDat="2007-05-02"/>
  <Kunden KundenNr="26637" KundEigtNr="28120" KundArt="1" KundStatus="1" KundAufDat="2007-05-02"/>
  <Kunden KundenNr="26634" KundEigtNr="28121" KundArt="1" KundStatus="1" KundAufDat="2007-04-27"/>
  <Kunden KundenNr="26635" KundEigtNr="28122" KundArt="1" KundStatus="1" KundAufDat="2007-05-02"/>
  <Kunden KundenNr="26632" KundEigtNr="27361" KundArt="1" KundStatus="1" KundAufDat="2007-04-26"/>
  <Kunden KundenNr="26633" KundEigtNr="28123" KundArt="1" KundStatus="1" KundAufDat="2007-04-26"/>
  <Kunden KundenNr="26677" KundEigtNr="21979" KundArt="1" KundStatus="1" KundAufDat="2007-05-03"/>
  <Kunden KundenNr="26676" KundEigtNr="28124" KundArt="1" KundStatus="1" KundAufDat="2007-05-03"/>
  <Kunden KundenNr="26679" KundEigtNr="28125" KundArt="1" KundStatus="1" KundAufDat="2007-05-03"/>
  <Kunden KundenNr="26678" KundEigtNr="28126" KundArt="1" KundStatus="1" KundAufDat="2007-05-03"/>
  <Kunden KundenNr="26673" KundEigtNr="28127" KundArt="1" KundStatus="1" KundAufDat="2007-05-03"/>
  <Kunden KundenNr="26672" KundEigtNr="28128" KundArt="1" KundStatus="1" KundAufDat="2007-05-03"/>
  <Kunden KundenNr="26675" KundEigtNr="28129" KundArt="1" KundStatus="1" KundAufDat="2007-05-03"/>
  <Kunden KundenNr="26674" KundEigtNr="28130" KundArt="1" KundStatus="1" KundAufDat="2007-05-03"/>
  <Kunden KundenNr="26685" KundEigtNr="28131" KundArt="1" KundStatus="1" KundAufDat="2007-05-03"/>
  <Kunden KundenNr="26684" KundEigtNr="28132" KundArt="1" KundStatus="1" KundAufDat="2007-05-03"/>
  <Kunden KundenNr="26687" KundEigtNr="28133" KundArt="1" KundStatus="1" KundAufDat="2007-05-04"/>
  <Kunden KundenNr="26686" KundEigtNr="28134" KundArt="1" KundStatus="1" KundAufDat="2007-05-04"/>
  <Kunden KundenNr="26681" KundEigtNr="28135" KundArt="1" KundStatus="1" KundAufDat="2007-05-03"/>
  <Kunden KundenNr="26683" KundEigtNr="28136" KundArt="1" KundStatus="1" KundAufDat="2007-05-03"/>
  <Kunden KundenNr="26682" KundEigtNr="28137" KundArt="1" KundStatus="1" KundAufDat="2007-05-03"/>
  <Kunden KundenNr="26660" KundEigtNr="28138" KundArt="1" KundStatus="1" KundAufDat="2007-05-03"/>
  <Kunden KundenNr="26661" KundEigtNr="28139" KundArt="1" KundStatus="1" KundAufDat="2007-05-03"/>
  <Kunden KundenNr="26662" KundEigtNr="28140" KundArt="1" KundStatus="1" KundAufDat="2007-05-03"/>
  <Kunden KundenNr="26656" KundEigtNr="28141" KundArt="1" KundStatus="1" KundAufDat="2007-05-03"/>
  <Kunden KundenNr="26657" KundEigtNr="28142" KundArt="1" KundStatus="1" KundAufDat="2007-05-03"/>
  <Kunden KundenNr="26658" KundEigtNr="28143" KundArt="1" KundStatus="1" KundAufDat="2007-05-03"/>
  <Kunden KundenNr="26659" KundEigtNr="28144" KundArt="1" KundStatus="1" KundAufDat="2007-05-03"/>
  <Kunden KundenNr="26668" KundEigtNr="28145" KundArt="1" KundStatus="1" KundAufDat="2007-05-03"/>
  <Kunden KundenNr="26669" KundEigtNr="28146" KundArt="1" KundStatus="1" KundAufDat="2007-05-03"/>
  <Kunden KundenNr="26670" KundEigtNr="28147" KundArt="1" KundStatus="1" KundAufDat="2007-05-03"/>
  <Kunden KundenNr="26671" KundEigtNr="28148" KundArt="1" KundStatus="1" KundAufDat="2007-05-03"/>
  <Kunden KundenNr="26664" KundEigtNr="28149" KundArt="1" KundStatus="1" KundAufDat="2007-05-03"/>
  <Kunden KundenNr="26665" KundEigtNr="28150" KundArt="1" KundStatus="1" KundAufDat="2007-05-03"/>
  <Kunden KundenNr="26666" KundEigtNr="28151" KundArt="1" KundStatus="1" KundAufDat="2007-05-03"/>
  <Kunden KundenNr="26667" KundEigtNr="28152" KundArt="1" KundStatus="1" KundAufDat="2007-05-03"/>
  <Kunden KundenNr="26782" KundEigtNr="28153" KundArt="1" KundStatus="1" KundAufDat="2007-05-15"/>
  <Kunden KundenNr="26783" KundEigtNr="28154" KundArt="1" KundStatus="1" KundAufDat="2007-05-15"/>
  <Kunden KundenNr="26780" KundEigtNr="28155" KundArt="1" KundStatus="1" KundAufDat="2007-05-15"/>
  <Kunden KundenNr="26781" KundEigtNr="28156" KundArt="1" KundStatus="1" KundAufDat="2007-05-15"/>
  <Kunden KundenNr="26778" KundEigtNr="28157" KundArt="1" KundStatus="1" KundAufDat="2007-05-15"/>
  <Kunden KundenNr="26779" KundEigtNr="28158" KundArt="1" KundStatus="1" KundAufDat="2007-05-15"/>
  <Kunden KundenNr="26776" KundEigtNr="28159" KundArt="1" KundStatus="1" KundAufDat="2007-05-15"/>
  <Kunden KundenNr="26777" KundEigtNr="28160" KundArt="1" KundStatus="1" KundAufDat="2007-05-15"/>
  <Kunden KundenNr="26774" KundEigtNr="28161" KundArt="1" KundStatus="1" KundAufDat="2007-05-15"/>
  <Kunden KundenNr="26775" KundEigtNr="28162" KundArt="1" KundStatus="1" KundAufDat="2007-05-15"/>
  <Kunden KundenNr="26772" KundEigtNr="28163" KundArt="1" KundStatus="1" KundAufDat="2007-05-15"/>
  <Kunden KundenNr="26770" KundEigtNr="28164" KundArt="1" KundStatus="1" KundAufDat="2007-05-15"/>
  <Kunden KundenNr="26769" KundEigtNr="28165" KundArt="1" KundStatus="1" KundAufDat="2007-05-15"/>
  <Kunden KundenNr="26767" KundEigtNr="28166" KundArt="1" KundStatus="1" KundAufDat="2007-05-14"/>
  <Kunden KundenNr="26766" KundEigtNr="28167" KundArt="1" KundStatus="1" KundAufDat="2007-05-14"/>
  <Kunden KundenNr="26765" KundEigtNr="28168" KundArt="1" KundStatus="1" KundAufDat="2007-05-14"/>
  <Kunden KundenNr="26764" KundEigtNr="28169" KundArt="1" KundStatus="1" KundAufDat="2007-05-14"/>
  <Kunden KundenNr="26763" KundEigtNr="28170" KundArt="1" KundStatus="1" KundAufDat="2007-05-14"/>
  <Kunden KundenNr="26762" KundEigtNr="28171" KundArt="1" KundStatus="1" KundAufDat="2007-05-14"/>
  <Kunden KundenNr="26761" KundEigtNr="28172" KundArt="1" KundStatus="1" KundAufDat="2007-05-14"/>
  <Kunden KundenNr="26760" KundEigtNr="28173" KundArt="1" KundStatus="1" KundAufDat="2007-05-14"/>
  <Kunden KundenNr="26758" KundEigtNr="28174" KundArt="1" KundStatus="1" KundAufDat="2007-05-14"/>
  <Kunden KundenNr="26754" KundEigtNr="28175" KundArt="1" KundStatus="1" KundAufDat="2007-05-11"/>
  <Kunden KundenNr="26752" KundEigtNr="9199" KundArt="1" KundStatus="1" KundAufDat="2007-05-11"/>
  <Kunden KundenNr="26800" KundEigtNr="28176" KundArt="1" KundStatus="1" KundAufDat="2007-05-16"/>
  <Kunden KundenNr="26801" KundEigtNr="28177" KundArt="1" KundStatus="1" KundAufDat="2007-05-16"/>
  <Kunden KundenNr="26802" KundEigtNr="28178" KundArt="1" KundStatus="1" KundAufDat="2007-05-16"/>
  <Kunden KundenNr="26803" KundEigtNr="28179" KundArt="1" KundStatus="1" KundAufDat="2007-05-16"/>
  <Kunden KundenNr="26797" KundEigtNr="28180" KundArt="1" KundStatus="1" KundAufDat="2007-05-16"/>
  <Kunden KundenNr="26796" KundEigtNr="21958" KundArt="1" KundStatus="1" KundAufDat="2007-05-15"/>
  <Kunden KundenNr="26799" KundEigtNr="28181" KundArt="1" KundStatus="1" KundAufDat="2007-05-16"/>
  <Kunden KundenNr="26798" KundEigtNr="28182" KundArt="1" KundStatus="1" KundAufDat="2007-05-16"/>
  <Kunden KundenNr="26793" KundEigtNr="28183" KundArt="1" KundStatus="1" KundAufDat="2007-05-15"/>
  <Kunden KundenNr="26792" KundEigtNr="28184" KundArt="1" KundStatus="1" KundAufDat="2007-05-15"/>
  <Kunden KundenNr="26795" KundEigtNr="28185" KundArt="1" KundStatus="1" KundAufDat="2007-05-15"/>
  <Kunden KundenNr="26794" KundEigtNr="27984" KundArt="1" KundStatus="1" KundAufDat="2007-05-15"/>
  <Kunden KundenNr="26789" KundEigtNr="28186" KundArt="1" KundStatus="1" KundAufDat="2007-05-15"/>
  <Kunden KundenNr="26788" KundEigtNr="26676" KundArt="1" KundStatus="1" KundAufDat="2007-05-15"/>
  <Kunden KundenNr="26790" KundEigtNr="28187" KundArt="1" KundStatus="1" KundAufDat="2007-05-15"/>
  <Kunden KundenNr="26785" KundEigtNr="28188" KundArt="1" KundStatus="1" KundAufDat="2007-05-15"/>
  <Kunden KundenNr="26784" KundEigtNr="28189" KundArt="1" KundStatus="1" KundAufDat="2007-05-15"/>
  <Kunden KundenNr="26787" KundEigtNr="28190" KundArt="1" KundStatus="1" KundAufDat="2007-05-15"/>
  <Kunden KundenNr="26786" KundEigtNr="28191" KundArt="1" KundStatus="1" KundAufDat="2007-05-15"/>
  <Kunden KundenNr="37849" KundEigtNr="28197" KundArt="29" KundStatus="1" KundAufDat="2011-08-01"/>
  <Kunden KundenNr="32085" KundEigtNr="28198" KundArt="1" KundStatus="1" KundAufDat="2011-08-04"/>
  <Kunden KundenNr="34874" KundEigtNr="28203" KundArt="1" KundStatus="1" KundAufDat="2011-08-10"/>
  <Kunden KundenNr="37410" KundEigtNr="28205" KundArt="1" KundStatus="1" KundAufDat="2011-08-24"/>
  <Kunden KundenNr="37751" KundEigtNr="28210" KundArt="1" KundStatus="1" KundAufDat="2011-08-24"/>
  <Kunden KundenNr="37698" KundEigtNr="28208" KundArt="1" KundStatus="1" KundAufDat="2011-08-24"/>
  <Kunden KundenNr="35863" KundEigtNr="28211" KundArt="1" KundStatus="1" KundAufDat="2011-08-24"/>
  <Kunden KundenNr="37406" KundEigtNr="28212" KundArt="1" KundStatus="1" KundAufDat="2011-08-24"/>
  <Kunden KundenNr="32000" KundEigtNr="28215" KundArt="1" KundStatus="1" KundAufDat="2011-08-24"/>
  <Kunden KundenNr="36903" KundEigtNr="28216" KundArt="1" KundStatus="1" KundAufDat="2011-08-24"/>
  <Kunden KundenNr="32072" KundEigtNr="28217" KundArt="1" KundStatus="1" KundAufDat="2011-08-25"/>
  <Kunden KundenNr="27871" KundEigtNr="28218" KundArt="1" KundStatus="1" KundAufDat="2011-08-25"/>
  <Kunden KundenNr="38143" KundEigtNr="28219" KundArt="1" KundStatus="1" KundAufDat="2011-08-25"/>
  <Kunden KundenNr="37726" KundEigtNr="28220" KundArt="1" KundStatus="1" KundAufDat="2011-08-25"/>
  <Kunden KundenNr="37857" KundEigtNr="28221" KundArt="1" KundStatus="1" KundAufDat="2011-08-25"/>
  <Kunden KundenNr="38153" KundEigtNr="28222" KundArt="1" KundStatus="1" KundAufDat="2011-08-25"/>
  <Kunden KundenNr="38152" KundEigtNr="28223" KundArt="1" KundStatus="1" KundAufDat="2011-08-25"/>
  <Kunden KundenNr="38144" KundEigtNr="28224" KundArt="1" KundStatus="1" KundAufDat="2011-08-25"/>
  <Kunden KundenNr="38149" KundEigtNr="28225" KundArt="1" KundStatus="1" KundAufDat="2011-08-25"/>
  <Kunden KundenNr="38142" KundEigtNr="28226" KundArt="1" KundStatus="1" KundAufDat="2011-08-25"/>
  <Kunden KundenNr="33696" KundEigtNr="28227" KundArt="1" KundStatus="1" KundAufDat="2011-08-25"/>
  <Kunden KundenNr="33734" KundEigtNr="28227" KundArt="1" KundStatus="1" KundAufDat="2011-08-25"/>
  <Kunden KundenNr="30488" KundEigtNr="28228" KundArt="1" KundStatus="1" KundAufDat="2011-08-25"/>
  <Kunden KundenNr="37712" KundEigtNr="28229" KundArt="1" KundStatus="1" KundAufDat="2011-08-25"/>
  <Kunden KundenNr="37655" KundEigtNr="28229" KundArt="1" KundStatus="1" KundAufDat="2011-08-25"/>
  <Kunden KundenNr="38176" KundEigtNr="28230" KundArt="1" KundStatus="1" KundAufDat="2011-08-25"/>
  <Kunden KundenNr="38155" KundEigtNr="28231" KundArt="1" KundStatus="1" KundAufDat="2011-08-25"/>
  <Kunden KundenNr="27780" KundEigtNr="28233" KundArt="1" KundStatus="1" KundAufDat="2011-09-02"/>
  <Kunden KundenNr="29324" KundEigtNr="28234" KundArt="1" KundStatus="1" KundAufDat="2011-09-02"/>
  <Kunden KundenNr="28715" KundEigtNr="5624" KundArt="1" KundStatus="1" KundAufDat="2011-09-02"/>
  <Kunden KundenNr="27198" KundEigtNr="28235" KundArt="1" KundStatus="1" KundAufDat="2011-09-02"/>
  <Kunden KundenNr="27900" KundEigtNr="19634" KundArt="1" KundStatus="1" KundAufDat="2011-09-07"/>
  <Kunden KundenNr="37175" KundEigtNr="28236" KundArt="1" KundStatus="1" KundAufDat="2011-09-07"/>
  <Kunden KundenNr="36685" KundEigtNr="28237" KundArt="1" KundStatus="1" KundAufDat="2011-09-07"/>
  <Kunden KundenNr="35022" KundEigtNr="23541" KundArt="1" KundStatus="1" KundAufDat="2011-09-07"/>
  <Kunden KundenNr="28400" KundEigtNr="28238" KundArt="1" KundStatus="1" KundAufDat="2011-09-07"/>
  <Kunden KundenNr="37488" KundEigtNr="28239" KundArt="1" KundStatus="1" KundAufDat="2011-09-07"/>
  <Kunden KundenNr="37420" KundEigtNr="28240" KundArt="1" KundStatus="1" KundAufDat="2011-09-07"/>
  <Kunden KundenNr="36694" KundEigtNr="28241" KundArt="1" KundStatus="1" KundAufDat="2011-09-07"/>
  <Kunden KundenNr="35757" KundEigtNr="28242" KundArt="1" KundStatus="1" KundAufDat="2011-09-08"/>
  <Kunden KundenNr="36127" KundEigtNr="28243" KundArt="1" KundStatus="1" KundAufDat="2011-09-08"/>
  <Kunden KundenNr="34512" KundEigtNr="28244" KundArt="1" KundStatus="1" KundAufDat="2011-09-08"/>
  <Kunden KundenNr="37890" KundEigtNr="28245" KundArt="1" KundStatus="1" KundAufDat="2011-09-08"/>
  <Kunden KundenNr="33247" KundEigtNr="28246" KundArt="1" KundStatus="1" KundAufDat="2011-09-08"/>
  <Kunden KundenNr="38227" KundEigtNr="28111" KundArt="1" KundStatus="1" KundAufDat="2011-09-08"/>
  <Kunden KundenNr="37389" KundEigtNr="28249" KundArt="1" KundStatus="1" KundAufDat="2011-09-08"/>
  <Kunden KundenNr="37362" KundEigtNr="28250" KundArt="1" KundStatus="1" KundAufDat="2011-09-08"/>
  <Kunden KundenNr="38020" KundEigtNr="28251" KundArt="1" KundStatus="1" KundAufDat="2011-09-08"/>
  <Kunden KundenNr="28869" KundEigtNr="28252" KundArt="1" KundStatus="1" KundAufDat="2011-09-08"/>
  <Kunden KundenNr="28761" KundEigtNr="28253" KundArt="1" KundStatus="1" KundAufDat="2011-09-09"/>
  <Kunden KundenNr="28597" KundEigtNr="28254" KundArt="1" KundStatus="1" KundAufDat="2011-09-10"/>
  <Kunden KundenNr="28359" KundEigtNr="28255" KundArt="1" KundStatus="1" KundAufDat="2011-09-10"/>
  <Kunden KundenNr="27675" KundEigtNr="28256" KundArt="1" KundStatus="1" KundAufDat="2011-09-10"/>
  <Kunden KundenNr="27674" KundEigtNr="28257" KundArt="1" KundStatus="1" KundAufDat="2011-09-10"/>
  <Kunden KundenNr="27300" KundEigtNr="28258" KundArt="1" KundStatus="1" KundAufDat="2011-09-10"/>
  <Kunden KundenNr="37664" KundEigtNr="28259" KundArt="1" KundStatus="1" KundAufDat="2011-09-10"/>
  <Kunden KundenNr="37611" KundEigtNr="28259" KundArt="1" KundStatus="1" KundAufDat="2011-09-10"/>
  <Kunden KundenNr="38049" KundEigtNr="28260" KundArt="1" KundStatus="1" KundAufDat="2011-09-10"/>
  <Kunden KundenNr="38059" KundEigtNr="28261" KundArt="1" KundStatus="1" KundAufDat="2011-09-10"/>
  <Kunden KundenNr="35059" KundEigtNr="28262" KundArt="1" KundStatus="1" KundAufDat="2011-09-10"/>
  <Kunden KundenNr="33879" KundEigtNr="28263" KundArt="1" KundStatus="1" KundAufDat="2011-09-10"/>
  <Kunden KundenNr="37527" KundEigtNr="28264" KundArt="1" KundStatus="1" KundAufDat="2011-09-11"/>
  <Kunden KundenNr="34997" KundEigtNr="28265" KundArt="1" KundStatus="1" KundAufDat="2011-09-11"/>
  <Kunden KundenNr="34049" KundEigtNr="28266" KundArt="1" KundStatus="1" KundAufDat="2011-09-11"/>
  <Kunden KundenNr="34523" KundEigtNr="28267" KundArt="1" KundStatus="1" KundAufDat="2011-09-11"/>
  <Kunden KundenNr="32948" KundEigtNr="28268" KundArt="1" KundStatus="1" KundAufDat="2011-09-11"/>
  <Kunden KundenNr="29127" KundEigtNr="28269" KundArt="1" KundStatus="1" KundAufDat="2011-09-11"/>
  <Kunden KundenNr="33405" KundEigtNr="28270" KundArt="1" KundStatus="1" KundAufDat="2011-09-11"/>
  <Kunden KundenNr="37013" KundEigtNr="28271" KundArt="1" KundStatus="1" KundAufDat="2011-09-11"/>
  <Kunden KundenNr="30052" KundEigtNr="28272" KundArt="1" KundStatus="1" KundAufDat="2011-09-11"/>
  <Kunden KundenNr="37746" KundEigtNr="28273" KundArt="1" KundStatus="1" KundAufDat="2011-09-11"/>
  <Kunden KundenNr="37713" KundEigtNr="28274" KundArt="1" KundStatus="1" KundAufDat="2011-09-11"/>
  <Kunden KundenNr="34677" KundEigtNr="28275" KundArt="1" KundStatus="1" KundAufDat="2011-09-11"/>
  <Kunden KundenNr="37342" KundEigtNr="28276" KundArt="1" KundStatus="1" KundAufDat="2011-09-11"/>
  <Kunden KundenNr="28827" KundEigtNr="28277" KundArt="1" KundStatus="1" KundAufDat="2011-09-11"/>
  <Kunden KundenNr="36189" KundEigtNr="28278" KundArt="1" KundStatus="1" KundAufDat="2011-09-11"/>
  <Kunden KundenNr="36626" KundEigtNr="28279" KundArt="1" KundStatus="1" KundAufDat="2011-09-11"/>
  <Kunden KundenNr="34409" KundEigtNr="28280" KundArt="1" KundStatus="1" KundAufDat="2011-09-11"/>
  <Kunden KundenNr="35594" KundEigtNr="28281" KundArt="1" KundStatus="1" KundAufDat="2011-09-11"/>
  <Kunden KundenNr="35987" KundEigtNr="28282" KundArt="1" KundStatus="1" KundAufDat="2011-09-11"/>
  <Kunden KundenNr="34392" KundEigtNr="28283" KundArt="1" KundStatus="1" KundAufDat="2011-09-11"/>
  <Kunden KundenNr="33151" KundEigtNr="28284" KundArt="1" KundStatus="1" KundAufDat="2011-09-11"/>
  <Kunden KundenNr="32658" KundEigtNr="28285" KundArt="1" KundStatus="1" KundAufDat="2011-09-11"/>
  <Kunden KundenNr="37968" KundEigtNr="28286" KundArt="1" KundStatus="1" KundAufDat="2011-09-11"/>
  <Kunden KundenNr="37927" KundEigtNr="28287" KundArt="1" KundStatus="1" KundAufDat="2011-09-11"/>
  <Kunden KundenNr="32609" KundEigtNr="28289" KundArt="1" KundStatus="1" KundAufDat="2011-09-11"/>
  <Kunden KundenNr="37737" KundEigtNr="28290" KundArt="1" KundStatus="1" KundAufDat="2011-09-11"/>
  <Kunden KundenNr="37031" KundEigtNr="28291" KundArt="1" KundStatus="1" KundAufDat="2011-09-11"/>
  <Kunden KundenNr="36820" KundEigtNr="28292" KundArt="1" KundStatus="1" KundAufDat="2011-09-11"/>
  <Kunden KundenNr="38038" KundEigtNr="28293" KundArt="1" KundStatus="1" KundAufDat="2011-09-11"/>
  <Kunden KundenNr="37922" KundEigtNr="28294" KundArt="1" KundStatus="1" KundAufDat="2011-09-11"/>
  <Kunden KundenNr="37587" KundEigtNr="28295" KundArt="1" KundStatus="1" KundAufDat="2011-09-11"/>
  <Kunden KundenNr="36730" KundEigtNr="28296" KundArt="1" KundStatus="1" KundAufDat="2011-09-11"/>
  <Kunden KundenNr="37749" KundEigtNr="28297" KundArt="1" KundStatus="1" KundAufDat="2011-09-11"/>
  <Kunden KundenNr="37682" KundEigtNr="28297" KundArt="1" KundStatus="1" KundAufDat="2011-09-11"/>
  <Kunden KundenNr="37729" KundEigtNr="28298" KundArt="1" KundStatus="1" KundAufDat="2011-09-11"/>
  <Kunden KundenNr="37984" KundEigtNr="28300" KundArt="1" KundStatus="1" KundAufDat="2011-09-11"/>
  <Kunden KundenNr="37622" KundEigtNr="28301" KundArt="1" KundStatus="1" KundAufDat="2011-09-11"/>
  <Kunden KundenNr="37580" KundEigtNr="28301" KundArt="1" KundStatus="1" KundAufDat="2011-09-11"/>
  <Kunden KundenNr="34841" KundEigtNr="28302" KundArt="1" KundStatus="1" KundAufDat="2011-09-11"/>
  <Kunden KundenNr="37577" KundEigtNr="28304" KundArt="1" KundStatus="1" KundAufDat="2011-09-11"/>
  <Kunden KundenNr="37540" KundEigtNr="28304" KundArt="1" KundStatus="1" KundAufDat="2011-09-11"/>
  <Kunden KundenNr="37607" KundEigtNr="25147" KundArt="1" KundStatus="1" KundAufDat="2011-09-11"/>
  <Kunden KundenNr="37567" KundEigtNr="25147" KundArt="1" KundStatus="1" KundAufDat="2011-09-11"/>
  <Kunden KundenNr="36747" KundEigtNr="28305" KundArt="1" KundStatus="1" KundAufDat="2011-09-11"/>
  <Kunden KundenNr="36692" KundEigtNr="28306" KundArt="1" KundStatus="1" KundAufDat="2011-09-11"/>
  <Kunden KundenNr="32362" KundEigtNr="28307" KundArt="1" KundStatus="1" KundAufDat="2011-09-11"/>
  <Kunden KundenNr="36884" KundEigtNr="28308" KundArt="1" KundStatus="1" KundAufDat="2011-09-12"/>
  <Kunden KundenNr="36609" KundEigtNr="28309" KundArt="1" KundStatus="1" KundAufDat="2011-09-12"/>
  <Kunden KundenNr="37029" KundEigtNr="28310" KundArt="1" KundStatus="1" KundAufDat="2011-09-12"/>
  <Kunden KundenNr="37030" KundEigtNr="28311" KundArt="1" KundStatus="1" KundAufDat="2011-09-12"/>
  <Kunden KundenNr="36978" KundEigtNr="28312" KundArt="1" KundStatus="1" KundAufDat="2011-09-12"/>
  <Kunden KundenNr="37140" KundEigtNr="28313" KundArt="1" KundStatus="1" KundAufDat="2011-09-12"/>
  <Kunden KundenNr="37124" KundEigtNr="28314" KundArt="1" KundStatus="1" KundAufDat="2011-09-12"/>
  <Kunden KundenNr="35484" KundEigtNr="28315" KundArt="1" KundStatus="1" KundAufDat="2011-09-12"/>
  <Kunden KundenNr="36866" KundEigtNr="24485" KundArt="1" KundStatus="3" KundAufDat="2011-09-12"/>
  <Kunden KundenNr="33579" KundEigtNr="28316" KundArt="1" KundStatus="1" KundAufDat="2011-09-12"/>
  <Kunden KundenNr="29071" KundEigtNr="28317" KundArt="1" KundStatus="1" KundAufDat="2011-09-12"/>
  <Kunden KundenNr="27861" KundEigtNr="28318" KundArt="1" KundStatus="1" KundAufDat="2011-09-12"/>
  <Kunden KundenNr="32389" KundEigtNr="28319" KundArt="1" KundStatus="1" KundAufDat="2011-09-12"/>
  <Kunden KundenNr="28091" KundEigtNr="28320" KundArt="1" KundStatus="1" KundAufDat="2011-09-12"/>
  <Kunden KundenNr="29597" KundEigtNr="28321" KundArt="1" KundStatus="1" KundAufDat="2011-09-12"/>
  <Kunden KundenNr="29343" KundEigtNr="28322" KundArt="1" KundStatus="1" KundAufDat="2011-09-12"/>
  <Kunden KundenNr="28712" KundEigtNr="28323" KundArt="1" KundStatus="1" KundAufDat="2011-09-12"/>
  <Kunden KundenNr="33533" KundEigtNr="28324" KundArt="1" KundStatus="1" KundAufDat="2011-09-12"/>
  <Kunden KundenNr="28338" KundEigtNr="28325" KundArt="1" KundStatus="1" KundAufDat="2011-09-12"/>
  <Kunden KundenNr="32286" KundEigtNr="28326" KundArt="1" KundStatus="1" KundAufDat="2011-09-12"/>
  <Kunden KundenNr="32656" KundEigtNr="28327" KundArt="1" KundStatus="1" KundAufDat="2011-09-12"/>
  <Kunden KundenNr="34485" KundEigtNr="28328" KundArt="1" KundStatus="1" KundAufDat="2011-09-12"/>
  <Kunden KundenNr="34672" KundEigtNr="28329" KundArt="1" KundStatus="1" KundAufDat="2011-09-12"/>
  <Kunden KundenNr="32285" KundEigtNr="28330" KundArt="1" KundStatus="1" KundAufDat="2011-09-12"/>
  <Kunden KundenNr="25104" KundEigtNr="28331" KundArt="1" KundStatus="1" KundAufDat="2011-09-12"/>
  <Kunden KundenNr="29195" KundEigtNr="15367" KundArt="1" KundStatus="1" KundAufDat="2011-09-12"/>
  <Kunden KundenNr="31399" KundEigtNr="28332" KundArt="1" KundStatus="1" KundAufDat="2011-09-12"/>
  <Kunden KundenNr="32511" KundEigtNr="28333" KundArt="1" KundStatus="1" KundAufDat="2011-09-12"/>
  <Kunden KundenNr="33945" KundEigtNr="28334" KundArt="1" KundStatus="1" KundAufDat="2011-09-12"/>
  <Kunden KundenNr="30762" KundEigtNr="28335" KundArt="1" KundStatus="1" KundAufDat="2011-09-12"/>
  <Kunden KundenNr="32931" KundEigtNr="28335" KundArt="1" KundStatus="1" KundAufDat="2011-09-12"/>
  <Kunden KundenNr="34942" KundEigtNr="28336" KundArt="1" KundStatus="1" KundAufDat="2011-09-12"/>
  <Kunden KundenNr="34312" KundEigtNr="28337" KundArt="1" KundStatus="1" KundAufDat="2011-09-12"/>
  <Kunden KundenNr="33670" KundEigtNr="28338" KundArt="1" KundStatus="1" KundAufDat="2011-09-12"/>
  <Kunden KundenNr="31625" KundEigtNr="28339" KundArt="1" KundStatus="1" KundAufDat="2011-09-12"/>
  <Kunden KundenNr="26228" KundEigtNr="28340" KundArt="1" KundStatus="1" KundAufDat="2011-09-12"/>
  <Kunden KundenNr="28742" KundEigtNr="28342" KundArt="1" KundStatus="1" KundAufDat="2011-09-12"/>
  <Kunden KundenNr="35069" KundEigtNr="20778" KundArt="1" KundStatus="1" KundAufDat="2011-09-12"/>
  <Kunden KundenNr="33788" KundEigtNr="28343" KundArt="1" KundStatus="1" KundAufDat="2011-09-12"/>
  <Kunden KundenNr="35573" KundEigtNr="28344" KundArt="1" KundStatus="1" KundAufDat="2011-09-12"/>
  <Kunden KundenNr="35102" KundEigtNr="28345" KundArt="1" KundStatus="1" KundAufDat="2011-09-12"/>
  <Kunden KundenNr="34796" KundEigtNr="23770" KundArt="1" KundStatus="1" KundAufDat="2011-09-12"/>
  <Kunden KundenNr="33159" KundEigtNr="28346" KundArt="1" KundStatus="1" KundAufDat="2011-09-12"/>
  <Kunden KundenNr="34963" KundEigtNr="14277" KundArt="1" KundStatus="1" KundAufDat="2011-09-12"/>
  <Kunden KundenNr="33355" KundEigtNr="28347" KundArt="8" KundStatus="1" KundAufDat="2011-09-12"/>
  <Kunden KundenNr="31942" KundEigtNr="28348" KundArt="1" KundStatus="1" KundAufDat="2011-09-12"/>
  <Kunden KundenNr="32211" KundEigtNr="28349" KundArt="1" KundStatus="1" KundAufDat="2011-09-12"/>
  <Kunden KundenNr="32531" KundEigtNr="28350" KundArt="1" KundStatus="1" KundAufDat="2011-09-12"/>
  <Kunden KundenNr="32360" KundEigtNr="28351" KundArt="1" KundStatus="1" KundAufDat="2011-09-12"/>
  <Kunden KundenNr="27320" KundEigtNr="28353" KundArt="1" KundStatus="1" KundAufDat="2011-09-12"/>
  <Kunden KundenNr="31934" KundEigtNr="28354" KundArt="1" KundStatus="1" KundAufDat="2011-09-12"/>
  <Kunden KundenNr="34268" KundEigtNr="28355" KundArt="1" KundStatus="1" KundAufDat="2011-09-12"/>
  <Kunden KundenNr="34665" KundEigtNr="28356" KundArt="1" KundStatus="1" KundAufDat="2011-09-12"/>
  <Kunden KundenNr="35171" KundEigtNr="28357" KundArt="1" KundStatus="1" KundAufDat="2011-09-12"/>
  <Kunden KundenNr="35834" KundEigtNr="28358" KundArt="1" KundStatus="1" KundAufDat="2011-09-12"/>
  <Kunden KundenNr="27829" KundEigtNr="28359" KundArt="1" KundStatus="1" KundAufDat="2011-09-12"/>
  <Kunden KundenNr="32363" KundEigtNr="28360" KundArt="1" KundStatus="1" KundAufDat="2011-09-12"/>
  <Kunden KundenNr="33253" KundEigtNr="28361" KundArt="1" KundStatus="1" KundAufDat="2011-09-12"/>
  <Kunden KundenNr="31199" KundEigtNr="28362" KundArt="1" KundStatus="1" KundAufDat="2011-09-12"/>
  <Kunden KundenNr="31202" KundEigtNr="28363" KundArt="1" KundStatus="1" KundAufDat="2011-09-12"/>
  <Kunden KundenNr="30517" KundEigtNr="28364" KundArt="1" KundStatus="1" KundAufDat="2011-09-12"/>
  <Kunden KundenNr="29999" KundEigtNr="28365" KundArt="1" KundStatus="1" KundAufDat="2011-09-12"/>
  <Kunden KundenNr="31924" KundEigtNr="28366" KundArt="1" KundStatus="1" KundAufDat="2011-09-12"/>
  <Kunden KundenNr="32361" KundEigtNr="28367" KundArt="1" KundStatus="1" KundAufDat="2011-09-12"/>
  <Kunden KundenNr="32421" KundEigtNr="28368" KundArt="1" KundStatus="1" KundAufDat="2011-09-12"/>
  <Kunden KundenNr="32274" KundEigtNr="28369" KundArt="1" KundStatus="1" KundAufDat="2011-09-12"/>
  <Kunden KundenNr="33404" KundEigtNr="28370" KundArt="1" KundStatus="1" KundAufDat="2011-09-12"/>
  <Kunden KundenNr="33729" KundEigtNr="28371" KundArt="1" KundStatus="1" KundAufDat="2011-09-12"/>
  <Kunden KundenNr="33924" KundEigtNr="28372" KundArt="1" KundStatus="1" KundAufDat="2011-09-12"/>
  <Kunden KundenNr="33662" KundEigtNr="28373" KundArt="1" KundStatus="1" KundAufDat="2011-09-12"/>
  <Kunden KundenNr="33324" KundEigtNr="28374" KundArt="1" KundStatus="1" KundAufDat="2011-09-12"/>
  <Kunden KundenNr="33407" KundEigtNr="28375" KundArt="1" KundStatus="1" KundAufDat="2011-09-12"/>
  <Kunden KundenNr="31933" KundEigtNr="28376" KundArt="1" KundStatus="1" KundAufDat="2011-09-12"/>
  <Kunden KundenNr="31201" KundEigtNr="28377" KundArt="1" KundStatus="1" KundAufDat="2011-09-12"/>
  <Kunden KundenNr="30807" KundEigtNr="28378" KundArt="1" KundStatus="1" KundAufDat="2011-09-12"/>
  <Kunden KundenNr="34147" KundEigtNr="28379" KundArt="1" KundStatus="1" KundAufDat="2011-09-12"/>
  <Kunden KundenNr="32014" KundEigtNr="28380" KundArt="1" KundStatus="1" KundAufDat="2011-09-12"/>
  <Kunden KundenNr="28246" KundEigtNr="28381" KundArt="1" KundStatus="1" KundAufDat="2011-09-12"/>
  <Kunden KundenNr="32816" KundEigtNr="28382" KundArt="1" KundStatus="1" KundAufDat="2011-09-12"/>
  <Kunden KundenNr="27737" KundEigtNr="28383" KundArt="1" KundStatus="1" KundAufDat="2011-09-12"/>
  <Kunden KundenNr="38062" KundEigtNr="28384" KundArt="1" KundStatus="1" KundAufDat="2011-09-13"/>
  <Kunden KundenNr="29736" KundEigtNr="28385" KundArt="1" KundStatus="1" KundAufDat="2011-09-13"/>
  <Kunden KundenNr="35582" KundEigtNr="28386" KundArt="1" KundStatus="1" KundAufDat="2011-09-13"/>
  <Kunden KundenNr="33634" KundEigtNr="28387" KundArt="1" KundStatus="1" KundAufDat="2011-09-13"/>
  <Kunden KundenNr="37349" KundEigtNr="27853" KundArt="1" KundStatus="3" KundAufDat="2011-09-13"/>
  <Kunden KundenNr="35684" KundEigtNr="28388" KundArt="1" KundStatus="1" KundAufDat="2011-09-13"/>
  <Kunden KundenNr="35630" KundEigtNr="28389" KundArt="1" KundStatus="1" KundAufDat="2011-09-13"/>
  <Kunden KundenNr="37993" KundEigtNr="28390" KundArt="1" KundStatus="1" KundAufDat="2011-09-13"/>
  <Kunden KundenNr="34777" KundEigtNr="28391" KundArt="1" KundStatus="1" KundAufDat="2011-09-13"/>
  <Kunden KundenNr="36850" KundEigtNr="28392" KundArt="1" KundStatus="1" KundAufDat="2011-09-13"/>
  <Kunden KundenNr="36539" KundEigtNr="28393" KundArt="1" KundStatus="1" KundAufDat="2011-09-13"/>
  <Kunden KundenNr="27676" KundEigtNr="28395" KundArt="1" KundStatus="1" KundAufDat="2011-09-13"/>
  <Kunden KundenNr="33326" KundEigtNr="28396" KundArt="1" KundStatus="1" KundAufDat="2011-09-13"/>
  <Kunden KundenNr="27197" KundEigtNr="28397" KundArt="1" KundStatus="1" KundAufDat="2011-09-13"/>
  <Kunden KundenNr="31476" KundEigtNr="28398" KundArt="1" KundStatus="1" KundAufDat="2011-09-14"/>
  <Kunden KundenNr="27847" KundEigtNr="28399" KundArt="1" KundStatus="1" KundAufDat="2011-09-14"/>
  <Kunden KundenNr="33661" KundEigtNr="10815" KundArt="1" KundStatus="1" KundAufDat="2011-09-14"/>
  <Kunden KundenNr="35036" KundEigtNr="28400" KundArt="1" KundStatus="1" KundAufDat="2011-09-14"/>
  <Kunden KundenNr="31604" KundEigtNr="28401" KundArt="1" KundStatus="1" KundAufDat="2011-09-14"/>
  <Kunden KundenNr="35997" KundEigtNr="28402" KundArt="1" KundStatus="1" KundAufDat="2011-09-14"/>
  <Kunden KundenNr="34973" KundEigtNr="28403" KundArt="1" KundStatus="1" KundAufDat="2011-09-14"/>
  <Kunden KundenNr="30923" KundEigtNr="28404" KundArt="1" KundStatus="1" KundAufDat="2011-09-14"/>
  <Kunden KundenNr="34349" KundEigtNr="28405" KundArt="1" KundStatus="1" KundAufDat="2011-09-14"/>
  <Kunden KundenNr="34211" KundEigtNr="28406" KundArt="1" KundStatus="1" KundAufDat="2011-09-14"/>
  <Kunden KundenNr="29070" KundEigtNr="28407" KundArt="1" KundStatus="1" KundAufDat="2011-09-14"/>
  <Kunden KundenNr="36877" KundEigtNr="28408" KundArt="1" KundStatus="1" KundAufDat="2011-09-14"/>
  <Kunden KundenNr="37359" KundEigtNr="28409" KundArt="1" KundStatus="1" KundAufDat="2011-09-14"/>
  <Kunden KundenNr="35629" KundEigtNr="23559" KundArt="1" KundStatus="1" KundAufDat="2011-09-14"/>
  <Kunden KundenNr="31331" KundEigtNr="28410" KundArt="1" KundStatus="1" KundAufDat="2011-09-14"/>
  <Kunden KundenNr="37384" KundEigtNr="28411" KundArt="1" KundStatus="1" KundAufDat="2011-09-14"/>
  <Kunden KundenNr="36538" KundEigtNr="28412" KundArt="1" KundStatus="1" KundAufDat="2011-09-14"/>
  <Kunden KundenNr="37716" KundEigtNr="28413" KundArt="1" KundStatus="1" KundAufDat="2011-09-14"/>
  <Kunden KundenNr="36621" KundEigtNr="28414" KundArt="1" KundStatus="1" KundAufDat="2011-09-14"/>
  <Kunden KundenNr="35572" KundEigtNr="28415" KundArt="1" KundStatus="1" KundAufDat="2011-09-14"/>
  <Kunden KundenNr="37801" KundEigtNr="28416" KundArt="1" KundStatus="1" KundAufDat="2011-09-14"/>
  <Kunden KundenNr="31375" KundEigtNr="28417" KundArt="1" KundStatus="1" KundAufDat="2011-09-14"/>
  <Kunden KundenNr="37787" KundEigtNr="28418" KundArt="1" KundStatus="1" KundAufDat="2011-09-14"/>
  <Kunden KundenNr="37266" KundEigtNr="28419" KundArt="1" KundStatus="1" KundAufDat="2011-09-14"/>
  <Kunden KundenNr="35160" KundEigtNr="28420" KundArt="1" KundStatus="1" KundAufDat="2011-09-14"/>
  <Kunden KundenNr="35335" KundEigtNr="28421" KundArt="1" KundStatus="1" KundAufDat="2011-09-14"/>
  <Kunden KundenNr="37490" KundEigtNr="28422" KundArt="1" KundStatus="1" KundAufDat="2011-09-14"/>
  <Kunden KundenNr="35756" KundEigtNr="28423" KundArt="1" KundStatus="1" KundAufDat="2011-09-15"/>
  <Kunden KundenNr="34704" KundEigtNr="28424" KundArt="1" KundStatus="1" KundAufDat="2011-09-15"/>
  <Kunden KundenNr="34733" KundEigtNr="28425" KundArt="1" KundStatus="1" KundAufDat="2011-09-15"/>
  <Kunden KundenNr="35857" KundEigtNr="28426" KundArt="1" KundStatus="1" KundAufDat="2011-09-15"/>
  <Kunden KundenNr="35961" KundEigtNr="28427" KundArt="1" KundStatus="1" KundAufDat="2011-09-15"/>
  <Kunden KundenNr="36091" KundEigtNr="28428" KundArt="1" KundStatus="1" KundAufDat="2011-09-15"/>
  <Kunden KundenNr="31110" KundEigtNr="28429" KundArt="1" KundStatus="1" KundAufDat="2011-10-05"/>
  <Kunden KundenNr="30975" KundEigtNr="28430" KundArt="1" KundStatus="1" KundAufDat="2011-10-05"/>
  <Kunden KundenNr="30757" KundEigtNr="28431" KundArt="1" KundStatus="1" KundAufDat="2011-10-05"/>
  <Kunden KundenNr="30393" KundEigtNr="28432" KundArt="1" KundStatus="1" KundAufDat="2011-10-07"/>
  <Kunden KundenNr="30210" KundEigtNr="28433" KundArt="1" KundStatus="1" KundAufDat="2011-10-07"/>
  <Kunden KundenNr="29795" KundEigtNr="28434" KundArt="1" KundStatus="1" KundAufDat="2011-10-07"/>
  <Kunden KundenNr="30152" KundEigtNr="26732" KundArt="1" KundStatus="1" KundAufDat="2011-10-07"/>
  <Kunden KundenNr="32187" KundEigtNr="28435" KundArt="1" KundStatus="1" KundAufDat="2011-10-07"/>
  <Kunden KundenNr="31820" KundEigtNr="28436" KundArt="1" KundStatus="1" KundAufDat="2011-10-07"/>
  <Kunden KundenNr="31228" KundEigtNr="28437" KundArt="1" KundStatus="1" KundAufDat="2011-10-07"/>
  <Kunden KundenNr="30515" KundEigtNr="28438" KundArt="1" KundStatus="1" KundAufDat="2011-10-07"/>
  <Kunden KundenNr="31352" KundEigtNr="28439" KundArt="1" KundStatus="1" KundAufDat="2011-10-07"/>
  <Kunden KundenNr="38228" KundEigtNr="28499" KundArt="29" KundStatus="1" KundAufDat="2012-06-25"/>
  <Kunden KundenNr="38229" KundEigtNr="28484" KundArt="29" KundStatus="1" KundAufDat="2012-08-01"/>
  <Kunden KundenNr="38230" KundEigtNr="28501" KundArt="1" KundStatus="1" KundAufDat="2012-08-15"/>
  <Kunden KundenNr="38231" KundEigtNr="28502" KundArt="1" KundStatus="1" KundAufDat="2012-08-17"/>
  <Kunden KundenNr="38232" KundEigtNr="28503" KundArt="1" KundStatus="1" KundAufDat="2012-08-21"/>
  <Kunden KundenNr="38233" KundEigtNr="28477" KundArt="1" KundStatus="1" KundAufDat="2012-08-28"/>
  <Kunden KundenNr="38234" KundEigtNr="28511" KundArt="1" KundStatus="1" KundAufDat="2012-09-05"/>
  <Kunden KundenNr="38235" KundEigtNr="28526" KundArt="1" KundStatus="1" KundAufDat="2012-09-06"/>
  <Kunden KundenNr="38236" KundEigtNr="28506" KundArt="1" KundStatus="1" KundAufDat="2012-09-06"/>
  <Kunden KundenNr="38237" KundEigtNr="28547" KundArt="1" KundStatus="1" KundAufDat="2012-09-21"/>
  <Kunden KundenNr="38243" KundEigtNr="28568" KundArt="1" KundStatus="1" KundAufDat="2012-09-26"/>
  <Kunden KundenNr="38242" KundEigtNr="24740" KundArt="3" KundStatus="3" KundAufDat="2011-08-09"/>
  <Kunden KundenNr="38244" KundEigtNr="23695" KundArt="1" KundStatus="1" KundAufDat="2012-10-02"/>
  <Kunden KundenNr="38245" KundEigtNr="28575" KundArt="1" KundStatus="1" KundAufDat="2012-10-07"/>
  <Kunden KundenNr="38246" KundEigtNr="28576" KundArt="1" KundStatus="1" KundAufDat="2012-10-08"/>
  <Kunden KundenNr="38247" KundEigtNr="28578" KundArt="1" KundStatus="1" KundAufDat="2012-10-12"/>
  <Kunden KundenNr="38248" KundEigtNr="28582" KundArt="1" KundStatus="1" KundAufDat="2012-10-15"/>
  <Kunden KundenNr="38249" KundEigtNr="28470" KundArt="1" KundStatus="1" KundAufDat="2012-10-26"/>
  <Kunden KundenNr="38250" KundEigtNr="28583" KundArt="1" KundStatus="1" KundAufDat="2012-10-29"/>
  <Kunden KundenNr="38251" KundEigtNr="28525" KundArt="1" KundStatus="1" KundAufDat="2012-10-29"/>
  <Kunden KundenNr="38252" KundEigtNr="28597" KundArt="1" KundStatus="1" KundAufDat="2012-11-12"/>
  <Kunden KundenNr="38253" KundEigtNr="28598" KundArt="1" KundStatus="1" KundAufDat="2012-11-12"/>
  <Kunden KundenNr="38254" KundEigtNr="28585" KundArt="29" KundStatus="1" KundAufDat="2012-11-12"/>
  <Kunden KundenNr="38255" KundEigtNr="27680" KundArt="1" KundStatus="3" KundAufDat="2012-11-15"/>
  <Kunden KundenNr="38256" KundEigtNr="28442" KundArt="1" KundStatus="1" KundAufDat="2012-11-22"/>
  <Kunden KundenNr="38257" KundEigtNr="28841" KundArt="1" KundStatus="1" KundAufDat="2013-01-05"/>
  <Kunden KundenNr="38258" KundEigtNr="28857" KundArt="1" KundStatus="1" KundAufDat="2013-01-05"/>
  <Kunden KundenNr="38259" KundEigtNr="28858" KundArt="1" KundStatus="1" KundAufDat="2013-01-07"/>
  <Kunden KundenNr="38260" KundEigtNr="28441" KundArt="1" KundStatus="1" KundAufDat="2013-01-09"/>
  <Kunden KundenNr="38261" KundEigtNr="28827" KundArt="29" KundStatus="1" KundAufDat="2013-01-11"/>
  <Kunden KundenNr="38262" KundEigtNr="28870" KundArt="1" KundStatus="1" KundAufDat="2013-01-11"/>
  <Kunden KundenNr="38263" KundEigtNr="5311" KundArt="1" KundStatus="1" KundAufDat="2013-01-21"/>
  <Kunden KundenNr="38264" KundEigtNr="28896" KundArt="1" KundStatus="1" KundAufDat="2013-01-22"/>
  <Kunden KundenNr="38265" KundEigtNr="28875" KundArt="1" KundStatus="1" KundAufDat="2013-01-23"/>
  <Kunden KundenNr="38266" KundEigtNr="28473" KundArt="1" KundStatus="1" KundAufDat="2013-01-30"/>
  <Kunden KundenNr="38267" KundEigtNr="29001" KundArt="1" KundStatus="1" KundAufDat="2013-01-30"/>
  <Kunden KundenNr="38268" KundEigtNr="28847" KundArt="1" KundStatus="1" KundAufDat="2013-02-06"/>
  <Kunden KundenNr="38269" KundEigtNr="28828" KundArt="1" KundStatus="1" KundAufDat="2013-02-06"/>
  <Kunden KundenNr="38270" KundEigtNr="29027" KundArt="1" KundStatus="1" KundAufDat="2013-02-07"/>
  <Kunden KundenNr="38271" KundEigtNr="29006" KundArt="1" KundStatus="1" KundAufDat="2013-02-10"/>
  <Kunden KundenNr="38272" KundEigtNr="28963" KundArt="1" KundStatus="1" KundAufDat="2013-02-15"/>
  <Kunden KundenNr="38273" KundEigtNr="28890" KundArt="29" KundStatus="1" KundAufDat="2013-02-22"/>
  <Kunden KundenNr="38274" KundEigtNr="20562" KundArt="1" KundStatus="1" KundAufDat="2013-02-23"/>
  <Kunden KundenNr="38275" KundEigtNr="3369" KundArt="1" KundStatus="1" KundAufDat="2013-02-26"/>
  <Kunden KundenNr="38276" KundEigtNr="17898" KundArt="1" KundStatus="1" KundAufDat="2013-03-05"/>
  <Kunden KundenNr="38277" KundEigtNr="29121" KundArt="1" KundStatus="1" KundAufDat="2013-03-13"/>
  <Kunden KundenNr="38278" KundEigtNr="28977" KundArt="1" KundStatus="1" KundAufDat="2013-03-14"/>
  <Kunden KundenNr="38279" KundEigtNr="29040" KundArt="1" KundStatus="1" KundAufDat="2013-03-14"/>
  <Kunden KundenNr="38280" KundEigtNr="29054" KundArt="1" KundStatus="1" KundAufDat="2013-03-15"/>
  <Kunden KundenNr="38281" KundEigtNr="29038" KundArt="1" KundStatus="1" KundAufDat="2013-03-16"/>
  <Kunden KundenNr="38282" KundEigtNr="29042" KundArt="1" KundStatus="1" KundAufDat="2013-03-16"/>
  <Kunden KundenNr="38283" KundEigtNr="29146" KundArt="1" KundStatus="1" KundAufDat="2013-03-16"/>
  <Kunden KundenNr="38284" KundEigtNr="29107" KundArt="1" KundStatus="1" KundAufDat="2013-03-20"/>
  <Kunden KundenNr="38285" KundEigtNr="29152" KundArt="1" KundStatus="1" KundAufDat="2013-03-22"/>
  <Kunden KundenNr="38286" KundEigtNr="29138" KundArt="1" KundStatus="1" KundAufDat="2013-03-23"/>
  <Kunden KundenNr="38287" KundEigtNr="28299" KundArt="1" KundStatus="1" KundAufDat="2013-03-26"/>
  <Kunden KundenNr="38288" KundEigtNr="29029" KundArt="1" KundStatus="1" KundAufDat="2013-03-26"/>
  <Kunden KundenNr="38289" KundEigtNr="29135" KundArt="1" KundStatus="1" KundAufDat="2013-04-03"/>
  <Kunden KundenNr="38290" KundEigtNr="28906" KundArt="1" KundStatus="1" KundAufDat="2013-04-04"/>
  <Kunden KundenNr="38291" KundEigtNr="29190" KundArt="1" KundStatus="1" KundAufDat="2013-04-08"/>
  <Kunden KundenNr="38292" KundEigtNr="29191" KundArt="1" KundStatus="1" KundAufDat="2013-04-08"/>
  <Kunden KundenNr="38293" KundEigtNr="29160" KundArt="1" KundStatus="1" KundAufDat="2013-04-08"/>
  <Kunden KundenNr="38294" KundEigtNr="29277" KundArt="1" KundStatus="1" KundAufDat="2013-04-08"/>
  <Kunden KundenNr="38295" KundEigtNr="28846" KundArt="1" KundStatus="1" KundAufDat="2013-04-08"/>
  <Kunden KundenNr="38296" KundEigtNr="29143" KundArt="1" KundStatus="1" KundAufDat="2013-04-08"/>
  <Kunden KundenNr="38297" KundEigtNr="29202" KundArt="1" KundStatus="1" KundAufDat="2013-04-10"/>
  <Kunden KundenNr="38298" KundEigtNr="29203" KundArt="1" KundStatus="1" KundAufDat="2013-04-10"/>
  <Kunden KundenNr="38299" KundEigtNr="29204" KundArt="1" KundStatus="1" KundAufDat="2013-04-10"/>
  <Kunden KundenNr="38300" KundEigtNr="29205" KundArt="1" KundStatus="1" KundAufDat="2013-04-10"/>
  <Kunden KundenNr="38301" KundEigtNr="24553" KundArt="1" KundStatus="1" KundAufDat="2013-04-10"/>
  <Kunden KundenNr="38302" KundEigtNr="29207" KundArt="1" KundStatus="1" KundAufDat="2013-04-10"/>
  <Kunden KundenNr="38303" KundEigtNr="28566" KundArt="1" KundStatus="1" KundAufDat="2013-04-10"/>
  <Kunden KundenNr="38304" KundEigtNr="9233" KundArt="1" KundStatus="1" KundAufDat="2013-04-10"/>
  <Kunden KundenNr="38305" KundEigtNr="29208" KundArt="1" KundStatus="1" KundAufDat="2013-04-11"/>
  <Kunden KundenNr="38306" KundEigtNr="29209" KundArt="1" KundStatus="1" KundAufDat="2013-04-11"/>
  <Kunden KundenNr="38307" KundEigtNr="29210" KundArt="1" KundStatus="1" KundAufDat="2013-04-11"/>
  <Kunden KundenNr="38308" KundEigtNr="28831" KundArt="1" KundStatus="1" KundAufDat="2013-04-12"/>
  <Kunden KundenNr="38309" KundEigtNr="29236" KundArt="1" KundStatus="1" KundAufDat="2013-04-17"/>
  <Kunden KundenNr="38310" KundEigtNr="29237" KundArt="1" KundStatus="1" KundAufDat="2013-04-17"/>
  <Kunden KundenNr="38311" KundEigtNr="29238" KundArt="1" KundStatus="1" KundAufDat="2013-04-22"/>
  <Kunden KundenNr="38312" KundEigtNr="29250" KundArt="1" KundStatus="1" KundAufDat="2013-04-25"/>
  <Kunden KundenNr="38313" KundEigtNr="29249" KundArt="1" KundStatus="1" KundAufDat="2013-05-02"/>
  <Kunden KundenNr="38314" KundEigtNr="29057" KundArt="1" KundStatus="1" KundAufDat="2013-05-03"/>
  <Kunden KundenNr="38315" KundEigtNr="29274" KundArt="1" KundStatus="1" KundAufDat="2013-05-13"/>
  <Kunden KundenNr="38316" KundEigtNr="28890" KundArt="1" KundStatus="1" KundAufDat="2013-05-21"/>
  <Kunden KundenNr="38317" KundEigtNr="29299" KundArt="1" KundStatus="1" KundAufDat="2013-05-23"/>
  <Kunden KundenNr="38318" KundEigtNr="29320" KundArt="1" KundStatus="1" KundAufDat="2013-05-24"/>
  <Kunden KundenNr="38319" KundEigtNr="13673" KundArt="29" KundStatus="1" KundAufDat="2013-05-28"/>
  <Kunden KundenNr="38320" KundEigtNr="28880" KundArt="1" KundStatus="1" KundAufDat="2013-05-31"/>
  <Kunden KundenNr="38321" KundEigtNr="29302" KundArt="1" KundStatus="1" KundAufDat="2013-05-31"/>
  <Kunden KundenNr="38322" KundEigtNr="29323" KundArt="1" KundStatus="1" KundAufDat="2013-05-31"/>
  <Kunden KundenNr="38323" KundEigtNr="29359" KundArt="1" KundStatus="1" KundAufDat="2013-06-10"/>
  <Kunden KundenNr="38324" KundEigtNr="29358" KundArt="1" KundStatus="1" KundAufDat="2013-06-10"/>
  <Kunden KundenNr="38325" KundEigtNr="29338" KundArt="1" KundStatus="1" KundAufDat="2013-06-14"/>
  <Kunden KundenNr="38326" KundEigtNr="28662" KundArt="1" KundStatus="1" KundAufDat="2013-06-17"/>
  <Kunden KundenNr="38327" KundEigtNr="28570" KundArt="1" KundStatus="1" KundAufDat="2013-06-17"/>
  <Kunden KundenNr="38328" KundEigtNr="29360" KundArt="1" KundStatus="1" KundAufDat="2013-06-17"/>
  <Kunden KundenNr="38329" KundEigtNr="29361" KundArt="1" KundStatus="1" KundAufDat="2013-06-17"/>
  <Kunden KundenNr="38330" KundEigtNr="28926" KundArt="1" KundStatus="1" KundAufDat="2013-06-17"/>
  <Kunden KundenNr="38331" KundEigtNr="29321" KundArt="1" KundStatus="1" KundAufDat="2013-06-21"/>
  <Kunden KundenNr="38332" KundEigtNr="29344" KundArt="1" KundStatus="1" KundAufDat="2013-06-27"/>
  <Kunden KundenNr="38333" KundEigtNr="29373" KundArt="1" KundStatus="1" KundAufDat="2013-07-01"/>
  <Kunden KundenNr="38334" KundEigtNr="4657" KundArt="1" KundStatus="1" KundAufDat="2013-07-17"/>
  <Kunden KundenNr="38335" KundEigtNr="29397" KundArt="1" KundStatus="1" KundAufDat="2013-07-25"/>
  <Kunden KundenNr="38336" KundEigtNr="29398" KundArt="1" KundStatus="1" KundAufDat="2013-07-25"/>
  <Kunden KundenNr="38337" KundEigtNr="29478" KundArt="1" KundStatus="1" KundAufDat="2013-08-15"/>
  <Kunden KundenNr="38338" KundEigtNr="15050" KundArt="1" KundStatus="1" KundAufDat="2013-08-16"/>
  <Kunden KundenNr="38339" KundEigtNr="29508" KundArt="1" KundStatus="1" KundAufDat="2013-08-20"/>
  <Kunden KundenNr="38340" KundEigtNr="29325" KundArt="1" KundStatus="1" KundAufDat="2013-08-20"/>
  <Kunden KundenNr="38341" KundEigtNr="29509" KundArt="1" KundStatus="1" KundAufDat="2013-08-21"/>
  <Kunden KundenNr="38342" KundEigtNr="29518" KundArt="1" KundStatus="1" KundAufDat="2013-08-21"/>
  <Kunden KundenNr="38343" KundEigtNr="29534" KundArt="1" KundStatus="1" KundAufDat="2013-08-23"/>
  <Kunden KundenNr="38344" KundEigtNr="29081" KundArt="1" KundStatus="1" KundAufDat="2013-08-26"/>
  <Kunden KundenNr="38345" KundEigtNr="29559" KundArt="1" KundStatus="1" KundAufDat="2013-08-30"/>
  <Kunden KundenNr="38346" KundEigtNr="29560" KundArt="1" KundStatus="1" KundAufDat="2013-08-30"/>
  <Kunden KundenNr="38347" KundEigtNr="29561" KundArt="1" KundStatus="1" KundAufDat="2013-08-30"/>
  <Kunden KundenNr="38348" KundEigtNr="29562" KundArt="1" KundStatus="1" KundAufDat="2013-08-31"/>
  <Kunden KundenNr="38349" KundEigtNr="28276" KundArt="2" KundStatus="1" KundAufDat="2013-09-05"/>
  <Kunden KundenNr="38350" KundEigtNr="29658" KundArt="1" KundStatus="1" KundAufDat="2013-09-10"/>
  <Kunden KundenNr="38351" KundEigtNr="29659" KundArt="1" KundStatus="1" KundAufDat="2013-09-10"/>
  <Kunden KundenNr="38352" KundEigtNr="29677" KundArt="1" KundStatus="1" KundAufDat="2013-09-10"/>
  <Kunden KundenNr="38353" KundEigtNr="29678" KundArt="1" KundStatus="1" KundAufDat="2013-09-10"/>
  <Kunden KundenNr="38355" KundEigtNr="29680" KundArt="1" KundStatus="1" KundAufDat="2013-09-10"/>
  <Kunden KundenNr="38356" KundEigtNr="29681" KundArt="1" KundStatus="1" KundAufDat="2013-09-10"/>
  <Kunden KundenNr="38357" KundEigtNr="22007" KundArt="1" KundStatus="1" KundAufDat="2013-09-11"/>
  <Kunden KundenNr="38358" KundEigtNr="29682" KundArt="1" KundStatus="1" KundAufDat="2013-09-11"/>
  <Kunden KundenNr="38359" KundEigtNr="1454" KundArt="1" KundStatus="1" KundAufDat="2013-09-12"/>
  <Kunden KundenNr="38360" KundEigtNr="29694" KundArt="1" KundStatus="1" KundAufDat="2013-09-12"/>
  <Kunden KundenNr="38361" KundEigtNr="29303" KundArt="29" KundStatus="1" KundAufDat="2013-09-13"/>
  <Kunden KundenNr="38362" KundEigtNr="29703" KundArt="29" KundStatus="1" KundAufDat="2013-09-13"/>
  <Kunden KundenNr="38363" KundEigtNr="29704" KundArt="1" KundStatus="1" KundAufDat="2013-09-13"/>
  <Kunden KundenNr="38364" KundEigtNr="29705" KundArt="2" KundStatus="1" KundAufDat="2013-09-17"/>
  <Kunden KundenNr="38365" KundEigtNr="29706" KundArt="2" KundStatus="1" KundAufDat="2013-09-17"/>
  <Kunden KundenNr="38366" KundEigtNr="29707" KundArt="1" KundStatus="1" KundAufDat="2013-09-17"/>
  <Kunden KundenNr="38367" KundEigtNr="29709" KundArt="1" KundStatus="1" KundAufDat="2013-09-18"/>
  <Kunden KundenNr="38368" KundEigtNr="29710" KundArt="1" KundStatus="1" KundAufDat="2013-09-19"/>
  <Kunden KundenNr="38369" KundEigtNr="29711" KundArt="1" KundStatus="1" KundAufDat="2013-09-19"/>
  <Kunden KundenNr="38370" KundEigtNr="29716" KundArt="8" KundStatus="1" KundAufDat="2013-09-21"/>
  <Kunden KundenNr="38371" KundEigtNr="29733" KundArt="1" KundStatus="1" KundAufDat="2013-09-22"/>
  <Kunden KundenNr="38372" KundEigtNr="29734" KundArt="1" KundStatus="1" KundAufDat="2013-09-24"/>
  <Kunden KundenNr="38373" KundEigtNr="29735" KundArt="1" KundStatus="1" KundAufDat="2013-09-24"/>
  <Kunden KundenNr="38374" KundEigtNr="29736" KundArt="1" KundStatus="1" KundAufDat="2013-09-24"/>
  <Kunden KundenNr="38375" KundEigtNr="29737" KundArt="1" KundStatus="1" KundAufDat="2013-09-24"/>
  <Kunden KundenNr="38376" KundEigtNr="29738" KundArt="1" KundStatus="1" KundAufDat="2013-09-24"/>
  <Kunden KundenNr="38377" KundEigtNr="29739" KundArt="1" KundStatus="1" KundAufDat="2013-09-24"/>
  <Kunden KundenNr="38378" KundEigtNr="29740" KundArt="1" KundStatus="1" KundAufDat="2013-09-24"/>
  <Kunden KundenNr="38379" KundEigtNr="29741" KundArt="1" KundStatus="1" KundAufDat="2013-09-24"/>
  <Kunden KundenNr="38380" KundEigtNr="29742" KundArt="1" KundStatus="1" KundAufDat="2013-09-24"/>
  <Kunden KundenNr="38381" KundEigtNr="29743" KundArt="1" KundStatus="1" KundAufDat="2013-09-24"/>
  <Kunden KundenNr="38382" KundEigtNr="29744" KundArt="1" KundStatus="1" KundAufDat="2013-09-24"/>
  <Kunden KundenNr="38383" KundEigtNr="8145" KundArt="1" KundStatus="1" KundAufDat="2013-09-24"/>
  <Kunden KundenNr="38384" KundEigtNr="29745" KundArt="1" KundStatus="1" KundAufDat="2013-09-24"/>
  <Kunden KundenNr="38385" KundEigtNr="29746" KundArt="1" KundStatus="1" KundAufDat="2013-09-24"/>
  <Kunden KundenNr="38386" KundEigtNr="29747" KundArt="1" KundStatus="1" KundAufDat="2013-09-24"/>
  <Kunden KundenNr="38387" KundEigtNr="10883" KundArt="2" KundStatus="1" KundAufDat="2013-09-24"/>
  <Kunden KundenNr="38388" KundEigtNr="29753" KundArt="1" KundStatus="1" KundAufDat="2013-09-25"/>
  <Kunden KundenNr="38389" KundEigtNr="29754" KundArt="1" KundStatus="1" KundAufDat="2013-09-25"/>
  <Kunden KundenNr="38390" KundEigtNr="29755" KundArt="1" KundStatus="1" KundAufDat="2013-09-25"/>
  <Kunden KundenNr="38391" KundEigtNr="29756" KundArt="1" KundStatus="1" KundAufDat="2013-09-25"/>
  <Kunden KundenNr="38392" KundEigtNr="29773" KundArt="1" KundStatus="1" KundAufDat="2013-09-25"/>
  <Kunden KundenNr="38393" KundEigtNr="29774" KundArt="1" KundStatus="1" KundAufDat="2013-09-26"/>
  <Kunden KundenNr="38394" KundEigtNr="29775" KundArt="1" KundStatus="1" KundAufDat="2013-09-26"/>
  <Kunden KundenNr="38395" KundEigtNr="29776" KundArt="2" KundStatus="1" KundAufDat="2013-09-26"/>
  <Kunden KundenNr="38396" KundEigtNr="29777" KundArt="1" KundStatus="1" KundAufDat="2013-09-26"/>
  <Kunden KundenNr="38397" KundEigtNr="29778" KundArt="1" KundStatus="1" KundAufDat="2013-09-27"/>
  <Kunden KundenNr="38398" KundEigtNr="28965" KundArt="1" KundStatus="1" KundAufDat="2013-09-27"/>
  <Kunden KundenNr="38399" KundEigtNr="28842" KundArt="1" KundStatus="1" KundAufDat="2013-09-27"/>
  <Kunden KundenNr="38400" KundEigtNr="29779" KundArt="1" KundStatus="1" KundAufDat="2013-09-27"/>
  <Kunden KundenNr="38401" KundEigtNr="29776" KundArt="1" KundStatus="1" KundAufDat="2013-09-26"/>
  <Kunden KundenNr="38402" KundEigtNr="29780" KundArt="1" KundStatus="1" KundAufDat="2013-09-30"/>
  <Kunden KundenNr="38403" KundEigtNr="29781" KundArt="1" KundStatus="1" KundAufDat="2013-09-30"/>
  <Kunden KundenNr="38404" KundEigtNr="28809" KundArt="1" KundStatus="1" KundAufDat="2013-09-30"/>
  <Kunden KundenNr="38405" KundEigtNr="29782" KundArt="1" KundStatus="1" KundAufDat="2013-10-01"/>
  <Kunden KundenNr="38406" KundEigtNr="29785" KundArt="1" KundStatus="1" KundAufDat="2013-10-03"/>
  <Kunden KundenNr="38407" KundEigtNr="29788" KundArt="1" KundStatus="1" KundAufDat="2013-10-04"/>
  <Kunden KundenNr="38408" KundEigtNr="29789" KundArt="1" KundStatus="1" KundAufDat="2013-10-04"/>
  <Kunden KundenNr="38409" KundEigtNr="29790" KundArt="2" KundStatus="1" KundAufDat="2013-10-04"/>
  <Kunden KundenNr="38410" KundEigtNr="29791" KundArt="1" KundStatus="1" KundAufDat="2013-10-04"/>
  <Kunden KundenNr="38411" KundEigtNr="29792" KundArt="1" KundStatus="1" KundAufDat="2013-10-08"/>
  <Kunden KundenNr="38412" KundEigtNr="29804" KundArt="1" KundStatus="1" KundAufDat="2013-10-09"/>
  <Kunden KundenNr="38413" KundEigtNr="29838" KundArt="1" KundStatus="1" KundAufDat="2013-10-09"/>
  <Kunden KundenNr="38414" KundEigtNr="29842" KundArt="1" KundStatus="1" KundAufDat="2013-10-10"/>
  <Kunden KundenNr="38415" KundEigtNr="29843" KundArt="8" KundStatus="1" KundAufDat="2013-10-10"/>
  <Kunden KundenNr="38416" KundEigtNr="29854" KundArt="1" KundStatus="1" KundAufDat="2013-10-21"/>
  <Kunden KundenNr="38417" KundEigtNr="29855" KundArt="1" KundStatus="1" KundAufDat="2013-10-21"/>
  <Kunden KundenNr="38418" KundEigtNr="29856" KundArt="1" KundStatus="1" KundAufDat="2013-10-21"/>
  <Kunden KundenNr="38419" KundEigtNr="29857" KundArt="1" KundStatus="1" KundAufDat="2013-10-21"/>
  <Kunden KundenNr="38420" KundEigtNr="29858" KundArt="1" KundStatus="1" KundAufDat="2013-10-21"/>
  <Kunden KundenNr="38421" KundEigtNr="29859" KundArt="1" KundStatus="1" KundAufDat="2013-10-21"/>
  <Kunden KundenNr="38422" KundEigtNr="29860" KundArt="1" KundStatus="1" KundAufDat="2013-10-22"/>
  <Kunden KundenNr="38423" KundEigtNr="29861" KundArt="1" KundStatus="1" KundAufDat="2013-10-22"/>
  <Kunden KundenNr="38424" KundEigtNr="29864" KundArt="1" KundStatus="1" KundAufDat="2013-10-28"/>
  <Kunden KundenNr="38425" KundEigtNr="29865" KundArt="2" KundStatus="1" KundAufDat="2013-10-28"/>
  <Kunden KundenNr="38426" KundEigtNr="29916" KundArt="1" KundStatus="1" KundAufDat="2013-11-01"/>
  <Kunden KundenNr="38427" KundEigtNr="29918" KundArt="8" KundStatus="1" KundAufDat="2013-11-04"/>
  <Kunden KundenNr="38428" KundEigtNr="22860" KundArt="1" KundStatus="1" KundAufDat="2013-11-04"/>
  <Kunden KundenNr="38429" KundEigtNr="29919" KundArt="1" KundStatus="1" KundAufDat="2013-11-04"/>
  <Kunden KundenNr="38430" KundEigtNr="29920" KundArt="1" KundStatus="1" KundAufDat="2013-11-05"/>
  <Kunden KundenNr="38431" KundEigtNr="29921" KundArt="1" KundStatus="1" KundAufDat="2013-11-09"/>
  <Kunden KundenNr="38432" KundEigtNr="29922" KundArt="1" KundStatus="1" KundAufDat="2013-11-09"/>
  <Kunden KundenNr="38433" KundEigtNr="29923" KundArt="2" KundStatus="1" KundAufDat="2013-11-09"/>
  <Kunden KundenNr="38434" KundEigtNr="29924" KundArt="2" KundStatus="1" KundAufDat="2013-11-09"/>
  <Kunden KundenNr="38435" KundEigtNr="29925" KundArt="1" KundStatus="1" KundAufDat="2013-11-11"/>
  <Kunden KundenNr="38436" KundEigtNr="29926" KundArt="1" KundStatus="1" KundAufDat="2013-11-11"/>
  <Kunden KundenNr="38437" KundEigtNr="29927" KundArt="1" KundStatus="1" KundAufDat="2013-11-12"/>
  <Kunden KundenNr="38438" KundEigtNr="29928" KundArt="1" KundStatus="1" KundAufDat="2013-11-14"/>
  <Kunden KundenNr="38439" KundEigtNr="28222" KundArt="2" KundStatus="1" KundAufDat="2013-11-14"/>
  <Kunden KundenNr="38440" KundEigtNr="29857" KundArt="2" KundStatus="1" KundAufDat="2013-11-15"/>
  <Kunden KundenNr="38441" KundEigtNr="29929" KundArt="2" KundStatus="1" KundAufDat="2013-11-17"/>
  <Kunden KundenNr="38442" KundEigtNr="29930" KundArt="1" KundStatus="1" KundAufDat="2013-11-26"/>
  <Kunden KundenNr="38443" KundEigtNr="29931" KundArt="1" KundStatus="1" KundAufDat="2013-11-26"/>
  <Kunden KundenNr="38444" KundEigtNr="29932" KundArt="2" KundStatus="1" KundAufDat="2013-11-27"/>
  <Kunden KundenNr="38445" KundEigtNr="29932" KundArt="1" KundStatus="1" KundAufDat="2013-11-27"/>
  <Kunden KundenNr="38446" KundEigtNr="29933" KundArt="8" KundStatus="1" KundAufDat="2013-11-28"/>
  <Kunden KundenNr="38447" KundEigtNr="29934" KundArt="1" KundStatus="1" KundAufDat="2013-11-28"/>
  <Kunden KundenNr="38448" KundEigtNr="29936" KundArt="1" KundStatus="1" KundAufDat="2013-11-29"/>
  <Kunden KundenNr="38449" KundEigtNr="29937" KundArt="2" KundStatus="1" KundAufDat="2013-12-03"/>
  <Kunden KundenNr="38450" KundEigtNr="29938" KundArt="1" KundStatus="1" KundAufDat="2013-12-03"/>
  <Kunden KundenNr="38451" KundEigtNr="29939" KundArt="1" KundStatus="1" KundAufDat="2013-12-03"/>
  <Kunden KundenNr="38452" KundEigtNr="29948" KundArt="1" KundStatus="1" KundAufDat="2013-12-08"/>
  <Kunden KundenNr="38453" KundEigtNr="29949" KundArt="8" KundStatus="1" KundAufDat="2013-12-08"/>
  <Kunden KundenNr="38454" KundEigtNr="29969" KundArt="1" KundStatus="1" KundAufDat="2013-12-18"/>
  <Kunden KundenNr="38455" KundEigtNr="29975" KundArt="8" KundStatus="1" KundAufDat="2013-12-30"/>
  <Kunden KundenNr="38456" KundEigtNr="29976" KundArt="1" KundStatus="1" KundAufDat="2013-12-30"/>
  <Kunden KundenNr="38457" KundEigtNr="29977" KundArt="1" KundStatus="1" KundAufDat="2013-12-30"/>
  <Kunden KundenNr="38458" KundEigtNr="29991" KundArt="1" KundStatus="1" KundAufDat="2014-01-06"/>
  <Kunden KundenNr="38459" KundEigtNr="29992" KundArt="1" KundStatus="1" KundAufDat="2014-01-06"/>
  <Kunden KundenNr="38460" KundEigtNr="29993" KundArt="8" KundStatus="1" KundAufDat="2014-01-06"/>
  <Kunden KundenNr="38461" KundEigtNr="29994" KundArt="2" KundStatus="1" KundAufDat="2014-01-06"/>
  <Kunden KundenNr="38462" KundEigtNr="29995" KundArt="2" KundStatus="1" KundAufDat="2014-01-10"/>
  <Kunden KundenNr="38463" KundEigtNr="29996" KundArt="8" KundStatus="1" KundAufDat="2014-01-10"/>
  <Kunden KundenNr="38464" KundEigtNr="29997" KundArt="1" KundStatus="1" KundAufDat="2014-01-10"/>
  <Kunden KundenNr="38465" KundEigtNr="29998" KundArt="1" KundStatus="1" KundAufDat="2014-01-14"/>
  <Kunden KundenNr="38466" KundEigtNr="29999" KundArt="1" KundStatus="1" KundAufDat="2014-01-15"/>
  <Kunden KundenNr="38467" KundEigtNr="30000" KundArt="2" KundStatus="1" KundAufDat="2014-01-15"/>
  <Kunden KundenNr="38468" KundEigtNr="30001" KundArt="1" KundStatus="1" KundAufDat="2014-01-20"/>
  <Kunden KundenNr="38469" KundEigtNr="30002" KundArt="1" KundStatus="1" KundAufDat="2014-01-20"/>
  <Kunden KundenNr="38470" KundEigtNr="28358" KundArt="2" KundStatus="1" KundAufDat="2014-01-22"/>
  <Kunden KundenNr="38471" KundEigtNr="30002" KundArt="2" KundStatus="1" KundAufDat="2014-01-22"/>
  <Kunden KundenNr="38472" KundEigtNr="30005" KundArt="1" KundStatus="1" KundAufDat="2014-01-23"/>
  <Kunden KundenNr="38473" KundEigtNr="30010" KundArt="1" KundStatus="1" KundAufDat="2014-01-30"/>
  <Kunden KundenNr="38474" KundEigtNr="30011" KundArt="1" KundStatus="1" KundAufDat="2014-01-30"/>
  <Kunden KundenNr="38475" KundEigtNr="30012" KundArt="1" KundStatus="1" KundAufDat="2014-01-31"/>
  <Kunden KundenNr="38476" KundEigtNr="30013" KundArt="17" KundStatus="1" KundAufDat="2014-01-31"/>
  <Kunden KundenNr="38477" KundEigtNr="29078" KundArt="29" KundStatus="1" KundAufDat="2014-02-02"/>
  <Kunden KundenNr="38478" KundEigtNr="30042" KundArt="8" KundStatus="1" KundAufDat="2014-02-02"/>
  <Kunden KundenNr="38479" KundEigtNr="30044" KundArt="1" KundStatus="1" KundAufDat="2014-02-03"/>
  <Kunden KundenNr="38480" KundEigtNr="30064" KundArt="8" KundStatus="1" KundAufDat="2014-02-08"/>
  <Kunden KundenNr="38481" KundEigtNr="30065" KundArt="1" KundStatus="1" KundAufDat="2014-02-10"/>
  <Kunden KundenNr="38482" KundEigtNr="29663" KundArt="1" KundStatus="1" KundAufDat="2014-02-10"/>
  <Kunden KundenNr="38483" KundEigtNr="30066" KundArt="1" KundStatus="1" KundAufDat="2014-02-11"/>
  <Kunden KundenNr="38484" KundEigtNr="30069" KundArt="8" KundStatus="1" KundAufDat="2014-02-20"/>
  <Kunden KundenNr="38485" KundEigtNr="30070" KundArt="8" KundStatus="1" KundAufDat="2014-02-25"/>
  <Kunden KundenNr="38486" KundEigtNr="30071" KundArt="1" KundStatus="1" KundAufDat="2014-02-26"/>
  <Kunden KundenNr="38487" KundEigtNr="30072" KundArt="1" KundStatus="1" KundAufDat="2014-03-03"/>
  <Kunden KundenNr="38488" KundEigtNr="30073" KundArt="8" KundStatus="1" KundAufDat="2014-03-04"/>
  <Kunden KundenNr="38489" KundEigtNr="30074" KundArt="2" KundStatus="1" KundAufDat="2014-03-05"/>
  <Kunden KundenNr="38490" KundEigtNr="30075" KundArt="8" KundStatus="1" KundAufDat="2014-03-05"/>
  <Kunden KundenNr="38491" KundEigtNr="30076" KundArt="1" KundStatus="1" KundAufDat="2014-03-05"/>
  <Kunden KundenNr="38492" KundEigtNr="30077" KundArt="8" KundStatus="1" KundAufDat="2014-03-05"/>
  <Kunden KundenNr="38493" KundEigtNr="30078" KundArt="2" KundStatus="1" KundAufDat="2014-03-07"/>
  <Kunden KundenNr="38494" KundEigtNr="30080" KundArt="1" KundStatus="1" KundAufDat="2014-03-12"/>
  <Kunden KundenNr="38495" KundEigtNr="30081" KundArt="1" KundStatus="1" KundAufDat="2014-03-12"/>
  <Kunden KundenNr="38496" KundEigtNr="30082" KundArt="1" KundStatus="1" KundAufDat="2014-03-12"/>
  <Kunden KundenNr="38497" KundEigtNr="30083" KundArt="1" KundStatus="1" KundAufDat="2014-03-12"/>
  <Kunden KundenNr="38498" KundEigtNr="30084" KundArt="1" KundStatus="1" KundAufDat="2014-03-12"/>
  <Kunden KundenNr="38499" KundEigtNr="16155" KundArt="1" KundStatus="1" KundAufDat="2014-03-12"/>
  <Kunden KundenNr="38500" KundEigtNr="30085" KundArt="1" KundStatus="1" KundAufDat="2014-03-12"/>
  <Kunden KundenNr="38501" KundEigtNr="30079" KundArt="2" KundStatus="1" KundAufDat="2014-03-12"/>
  <Kunden KundenNr="38502" KundEigtNr="30086" KundArt="2" KundStatus="1" KundAufDat="2014-03-13"/>
  <Kunden KundenNr="38503" KundEigtNr="30088" KundArt="1" KundStatus="1" KundAufDat="2014-03-14"/>
  <Kunden KundenNr="38504" KundEigtNr="30089" KundArt="1" KundStatus="1" KundAufDat="2014-03-14"/>
  <Kunden KundenNr="38505" KundEigtNr="30090" KundArt="1" KundStatus="1" KundAufDat="2014-03-14"/>
  <Kunden KundenNr="38506" KundEigtNr="30087" KundArt="1" KundStatus="1" KundAufDat="2014-03-14"/>
  <Kunden KundenNr="38507" KundEigtNr="30091" KundArt="1" KundStatus="1" KundAufDat="2014-03-18"/>
  <Kunden KundenNr="38508" KundEigtNr="30092" KundArt="1" KundStatus="1" KundAufDat="2014-03-18"/>
  <Kunden KundenNr="38509" KundEigtNr="30093" KundArt="1" KundStatus="1" KundAufDat="2014-03-18"/>
  <Kunden KundenNr="38510" KundEigtNr="30094" KundArt="1" KundStatus="1" KundAufDat="2014-03-18"/>
  <Kunden KundenNr="38511" KundEigtNr="30095" KundArt="1" KundStatus="1" KundAufDat="2014-03-18"/>
  <Kunden KundenNr="38512" KundEigtNr="30096" KundArt="1" KundStatus="1" KundAufDat="2014-03-18"/>
  <Kunden KundenNr="38513" KundEigtNr="30097" KundArt="1" KundStatus="1" KundAufDat="2014-03-18"/>
  <Kunden KundenNr="38514" KundEigtNr="30098" KundArt="1" KundStatus="1" KundAufDat="2014-03-18"/>
  <Kunden KundenNr="38515" KundEigtNr="30099" KundArt="1" KundStatus="1" KundAufDat="2014-03-19"/>
  <Kunden KundenNr="38516" KundEigtNr="30100" KundArt="1" KundStatus="1" KundAufDat="2014-03-19"/>
  <Kunden KundenNr="38517" KundEigtNr="30101" KundArt="1" KundStatus="1" KundAufDat="2014-03-24"/>
  <Kunden KundenNr="38518" KundEigtNr="30102" KundArt="1" KundStatus="1" KundAufDat="2014-03-24"/>
  <Kunden KundenNr="38519" KundEigtNr="30104" KundArt="1" KundStatus="1" KundAufDat="2014-03-25"/>
  <Kunden KundenNr="38520" KundEigtNr="30105" KundArt="2" KundStatus="1" KundAufDat="2014-03-25"/>
  <Kunden KundenNr="38521" KundEigtNr="30106" KundArt="1" KundStatus="1" KundAufDat="2014-03-25"/>
  <Kunden KundenNr="38522" KundEigtNr="30107" KundArt="1" KundStatus="1" KundAufDat="2014-03-25"/>
  <Kunden KundenNr="38523" KundEigtNr="30112" KundArt="1" KundStatus="1" KundAufDat="2014-03-27"/>
  <Kunden KundenNr="38524" KundEigtNr="29955" KundArt="1" KundStatus="1" KundAufDat="2014-03-27"/>
  <Kunden KundenNr="38525" KundEigtNr="30119" KundArt="1" KundStatus="1" KundAufDat="2014-03-28"/>
  <Kunden KundenNr="38526" KundEigtNr="30120" KundArt="1" KundStatus="1" KundAufDat="2014-03-28"/>
  <Kunden KundenNr="38527" KundEigtNr="30121" KundArt="1" KundStatus="1" KundAufDat="2014-03-28"/>
  <Kunden KundenNr="38528" KundEigtNr="30122" KundArt="1" KundStatus="1" KundAufDat="2014-03-28"/>
  <Kunden KundenNr="38529" KundEigtNr="30123" KundArt="1" KundStatus="1" KundAufDat="2014-03-28"/>
  <Kunden KundenNr="38530" KundEigtNr="30124" KundArt="1" KundStatus="1" KundAufDat="2014-03-31"/>
  <Kunden KundenNr="38531" KundEigtNr="30125" KundArt="2" KundStatus="1" KundAufDat="2014-03-31"/>
  <Kunden KundenNr="38532" KundEigtNr="30126" KundArt="1" KundStatus="1" KundAufDat="2014-03-31"/>
  <Kunden KundenNr="38533" KundEigtNr="30127" KundArt="29" KundStatus="1" KundAufDat="2014-04-01"/>
  <Kunden KundenNr="38534" KundEigtNr="29761" KundArt="1" KundStatus="1" KundAufDat="2014-04-01"/>
  <Kunden KundenNr="38535" KundEigtNr="30128" KundArt="1" KundStatus="1" KundAufDat="2014-04-09"/>
  <Kunden KundenNr="38536" KundEigtNr="30129" KundArt="1" KundStatus="1" KundAufDat="2014-04-09"/>
  <Kunden KundenNr="38537" KundEigtNr="30130" KundArt="2" KundStatus="1" KundAufDat="2014-04-09"/>
  <Kunden KundenNr="38538" KundEigtNr="30131" KundArt="8" KundStatus="1" KundAufDat="2014-04-10"/>
  <Kunden KundenNr="38539" KundEigtNr="30132" KundArt="2" KundStatus="1" KundAufDat="2014-04-10"/>
  <Kunden KundenNr="38540" KundEigtNr="30134" KundArt="1" KundStatus="1" KundAufDat="2014-04-14"/>
  <Kunden KundenNr="38541" KundEigtNr="30140" KundArt="1" KundStatus="1" KundAufDat="2014-04-15"/>
  <Kunden KundenNr="38542" KundEigtNr="30141" KundArt="1" KundStatus="1" KundAufDat="2014-04-16"/>
  <Kunden KundenNr="38543" KundEigtNr="30142" KundArt="1" KundStatus="1" KundAufDat="2014-04-16"/>
  <Kunden KundenNr="38544" KundEigtNr="30143" KundArt="2" KundStatus="1" KundAufDat="2014-04-19"/>
  <Kunden KundenNr="38545" KundEigtNr="30144" KundArt="2" KundStatus="1" KundAufDat="2014-04-22"/>
  <Kunden KundenNr="38546" KundEigtNr="30145" KundArt="1" KundStatus="1" KundAufDat="2014-04-22"/>
  <Kunden KundenNr="38547" KundEigtNr="28401" KundArt="29" KundStatus="1" KundAufDat="2014-04-28"/>
  <Kunden KundenNr="38548" KundEigtNr="30043" KundArt="29" KundStatus="1" KundAufDat="2014-04-28"/>
  <Kunden KundenNr="38549" KundEigtNr="30165" KundArt="1" KundStatus="1" KundAufDat="2014-04-30"/>
  <Kunden KundenNr="38550" KundEigtNr="28442" KundArt="1" KundStatus="1" KundAufDat="2014-05-06"/>
  <Kunden KundenNr="38551" KundEigtNr="30185" KundArt="2" KundStatus="1" KundAufDat="2014-05-07"/>
  <Kunden KundenNr="38552" KundEigtNr="28907" KundArt="1" KundStatus="1" KundAufDat="2014-05-07"/>
  <Kunden KundenNr="38553" KundEigtNr="30186" KundArt="1" KundStatus="1" KundAufDat="2014-05-12"/>
  <Kunden KundenNr="38554" KundEigtNr="30187" KundArt="1" KundStatus="1" KundAufDat="2014-05-12"/>
  <Kunden KundenNr="38555" KundEigtNr="30188" KundArt="8" KundStatus="1" KundAufDat="2014-05-12"/>
  <Kunden KundenNr="38556" KundEigtNr="30189" KundArt="1" KundStatus="1" KundAufDat="2014-05-13"/>
  <Kunden KundenNr="38557" KundEigtNr="30190" KundArt="1" KundStatus="1" KundAufDat="2014-05-15"/>
</dataset>
