<?xml version='1.0' encoding='UTF-8'?>
<dataset>
  <Scout ScoutID="74657978" wogelegen="30539 Hannover (Bemerode) Die vollständige Adresse der Immobilie erhalten Sie vom Anbieter. Karte ansehen" what="Der Kaufpreis beträgt EUR 278.000,--. Finanzierungsservice: Wir bieten Ihnen gern, auch als Alternativangebot, eine individuell sowie optimal abgestimmte Finanzierung an. Die Finanzierung erfolgt durch ein namhaftes deutsches Kreditinstitut mit Topkonditionen, flexibler Zinsbindung, individuellen Laufzeiten, flexiblen Tilgungsätzen und Sondertilgungsoptionen. Nutzen Sie unseren Service und sprechen Sie uns an! Anmerkung: Unterlagen mit detaillierten Informationen zum Objekt sowie weitere Auskünfte über eine Objektbesichtigung erhalten Sie bei uns kostenlos und unverbindlich. Die vorstehenden, freibleibenden Angaben sind sorgfältig recherchiert und werden ständig aktualisiert. Da sie jedoch ausschließlich auf Auskünfte von dritter Seite basieren, wird keine Gewähr, Haftung oder Garantie übernommen. Weitere interessante Immobilienangebote finden Sie auch unter www.lwk-immobilien.de. Nicht veröffentlichte Angebote speziell aus den Bereichen Anlageimmobilien und Gewerbeimmobilien können unter info@lwk-immobilien.de abgefragt werden. ++ Sie haben selbst eine Immobilie die Sie verkaufen oder vermieten möchten? ++ Wir haben täglich Kontakt zu Kunden, die auf der Suche nach einer passenden Immobilie sind und stehen Ihnen gern bei der Vermittlung Ihrer Immobilie mit unserer langjährigen Expertise zur Verfügung. Die Bewertung und Vermittlung sind für Sie als Eigentümer kostenlos! Sie erreichen uns unter der Telefonnummer 0511-8998770. Wir freuen uns auf Ihren Anruf!Auf der Grenze zwischen Kirchrode und Bemerode liegt diese 2-geschossige und vollunterkellerte Mehrfamiliendoppelhaushälfte mit vier vermieteten Wohneinheiten, einem Ladengeschäft im vorgelagerten Anbau sowie einer Garage und einer kleinen Gartenfläche im hinteren Teil des Grundstücks. Das Haus wurde 1959 in massiver Bauweise erbaut und das Dachgeschoss sowie der Spitzboden sind zu Wohnzwecken ausgebaut. In den Jahren 2004 und 2009 erfolgten umfangreiche Modernisierungsmaßnahmen, wie z. B. der Einbau einer neuen Heizungsanlage (Gasbrennwert- und Solartechnik, Bedarfsausweis, Verbrauchskennwert: 241 kWh/m²*a), die Erneuerung der Elektrik, der Austausch von Fall-/Steigleitungen, die Isolierung des Kellergeschosses und die Pflasterung der Hofeinfahrt. Die Raumaufteilung gestaltet sich wie folgt: - KG (ca. 94 m²): Flur, 6 Kellerräume, Waschküche - EG (Anbau, ca. 71 m²): Eingangsbereich mit Treppe in den Keller, Teeküche/Aufenthaltsbereich, Flur, Bad/WC, Nebenraum, Ladenraum - EG (WE I, ca. 84 m²): Flur, Küche mit Ausgang zum Wintergarten/Terrasse, Wohnzimmer, Bad, großes Schlafzimmer - OG (WE II, ca. 70 m²): Flur, Küche, Wohnzimmer mit Ausgang zum Balkon, Kinderzimmer, Bad, Schlafzimmer - DG (WE III, ca. 48 m²): Flur, Küche, Wohnzimmer, Bad, Schlafzimmer, Kinderzimmer - SB (WE IV, ca. 20 m²): Flur, Küche, Wohn-/Schlafzimmer, Bad Lage: Das Haus befindet sich an einer ruhigen Anliegerstraße und in beliebter Wohnlage von Bemerode. Versorgungsmöglichkeiten zur Deckung des täglichen Bedarfs sowie Haltestellen des öffentlichen Personennahverkehrs sind fußläufig zu erreichen. Öffentliche und kulturelle Einrichtungen wie Kindergärten, Schulen, Ämter, Ärzte etc. sowie Freizeitangebote sind in Bemerode, Kirchrode und Hannover (ca. 8 km bis ins Zentrum) vielfältig vorhanden. Eine gute regionale und überregionale Verkehrsanbindung ist u. a. durch die Bemeroder Straße, die Bundesstraßen B 3, B 6, B 65 und die Autobahnen A 2, A 7 gewährleistet." who="Seit über 30 Jahren Verkauf und Vermietung von Immobilien. LWK Vermittlungs- und Handelsgesellschaft mbH www.lwk-immobilien.de Mehr Details" phone="" EigtID="28628" Bearbeitet="3" Objarttyp="2" OrtID="1"/>
  <Scout ScoutID="74650892" wogelegen="30449 Hannover Die vollständige Adresse der Immobilie erhalten Sie vom Anbieter. Karte ansehen" what="Weitere Informationen erhalten Sie gern von mir. Bitte senden Sie mir hierzu eine kurze Anfrage per hier auf Immoscout zu.Das angebotene Wohnungspaket besteht aus insgesamt 11 Wohneinheiten, aufgeteilt auf 7 Ein-Zimmer-Wohnungen und 4 Zwei-Zimmer-Wohnungen. Mieteinnehmen p.a. SOLL = Mieteinnhamen p.a. IST. Alle Wohnungen sind aktuell vermietet. Profitieren Sie von diesem Angebot und investieren Sie jetzt! - Ein Energieausweis wurde bereits beantragt und wird vor der ersten Besichtigung übergeben. -Die Wohnungen befinden sich allesamt in einem guten Zustand. Die Fenster wurden überwiegend modernisiert. In allen WE ist eine EBK vorhanden.Die Lage im Ihmezentrum bietet, aufgrund der derzeitig attraktiven Kaufpreise, eine tolle Rendite. Die Vermietbarkeit im Ihmezentrum ist ausdrücklich als gut zu bezeichnen. Einkaufsmöglichkeiten sind am Schwarzen Bären und am Küchengarten jeweils durch einen REWE-MArkt gewährleistet. Die Uni liegt fast vor der Tür, sodass die Wohnungen gern von Studenten gemietet werden. Ausserdem hält die Strassenbahn ebenfalls an den Enden Schwarzer Bär und Küchengarten, sodass Sie innerhalb von unter 8 Minuten am Kröpcke sind." who="Herr René Jacob fesser:immobilien www.fesser-immobilien.de Mobil: 0177 4999447 Telefon: 0511 44989522 Mehr Details" phone="Mobil: 0177 4999447 Telefon: 0511 44989522" EigtID="28818" Bearbeitet="3" Objarttyp="2" OrtID="1"/>
  <Scout ScoutID="74382179" wogelegen="30455 Hannover Die vollständige Adresse der Immobilie erhalten Sie vom Anbieter. Karte ansehen" what="Das solide Mehrfamilienhaus der 30er Jahren besticht nicht nur durch seine perfekte Lage in Stadtteil Badenstedt. Es befinden sich jeweils 3 Wohnungen pro Etage im Erdgeschoss, 1. und 2.Obergeschoss sowie eine weitere im rechten Teil des Dachgeschosses. Die Wohnungen mit ca. 40-50 m2 Wohnfläche habe eine ideale Größe zur schnellen Vermietung. Derzeit beträgt der Mietzins Durchschnittlich ca. 5? und lässt sich sicherlich auf 6? entwickeln. Die Wohnungen sind mit Gasetagenheizungen ausgestattet und haben einen guten allgemeinzustand. Das Haus ist sehr gepflegt. Die schlicht gehaltenen Putzfassade ist pflegeleicht. Entwicklungspotential ist mit dem Ausbau der linken Dachgeschosshälfte sowie dem anbringen von Balkonen denkbar. Gerne zeige ich Ihnen das Haus bei einem persönlichen Besichtigungstermin.Der Stadtteil Hannover-Badenstedt ist eine der Stadtteile Hannover mit Potential. Nah am Zentrum gelegen mit entsprechend guter Anbindung. Hier schätzt man die gute Mischung aus Ruhe und Lebendigkeit. Die Stadtbahnhaltestelle ?Eichenfeldstraße? der Linie 9 liegt ca. 200m von der Wohnung entfernt. Von hier aus ist man in ca. 15 Minuten am Kröpke. Der Stadtteil verfügt über eine sehr gute Infrastruktur durch eine Vielzahl an Schulen, zahlreichen Einkaufsläden sowie Sport- und Erholungsmöglichkeiten. Für viele Hannoveraner unentdeckt findet hier ein beschauliches Leben mit Qualität statt." who="Herr Jörg Reuter Reuter-Immobilien www.Reuter-Immobilien.com Mobil: 0177 7388377 Telefon: 0511 16578040 Mehr Details" phone="Mobil: 0177 7388377 Telefon: 0511 16578040" EigtID="28907" Bearbeitet="1" Objarttyp="2" OrtID="1"/>
  <Scout ScoutID="74367419" wogelegen="Göttinger Straße 59 30449 Hannover-Linden-Süd, Hannover Karte ansehen Street View" what="Der Energieverbrauchskennwert der Immobilien kann derzeit nur grob geschätzt werden, da sich die Erstellung eines Energieverbrauchsausweises noch in Bearbeitung befindet. Die Endenergieverbrauchskennwerte sind witterungsbereinigt und verstehen sich inkl. Warmwasser im Bezug auf die Gebäudenutzfläche. Die Schätzung des Wertes lehnt sich an die Studie ?Die energetische Zukunft des Wohngebäudebestands, Darmstadt / 31.05.2012 / Typische Energieverbrauchskennwerte deutscher Wohngebäude / Dietmar Walberg? im Auftrag der Arbeitsgemeinschaft für zeitgemäßes Bauen e.V. an.Das derzeit unbewohnte Mehrfamilienhaus in der Göttinger Str. 59 bietet aufgrund seiner klaren Grundrisse und der soliden Bauweise einen großen Spielraum zur Revitalisierung und Neugestaltung des Gebäudes, inkl. des angrenzenden Innen- und Garagenhofs. Derzeit befinden sich auf dem 360m² großen Grundstück das Wohnhaus sowie drei Garagen, fünf Motorradgaragen und ein 150m² großer Innenhof. Platz zur Erweiterung bietet auch das ausbaufähige Dachgeschoss. Das Objekt ist derzeit in fünf 1-Zimmer-Wohnungen mit jeweils 40m² sowie fünf 3-Zimmer-Wohnungen á 60m² aufgeteilt. Im Jahr 2011 wurden die Fassade und die Balkonanlagen grundlegend saniert. Ein Wechsel von Gasetagenheizung auf Fernwärmeversorgung bietet sich an.Das Mehrfamilienhaus befindet sich im Norden des Stadtteils Linden-Süd, direkt gegenüber dem ehemaligen Hanomag-Werksgelände am Deisterplatz, welches vor kurzem aufwendig wiederbelebt wurde. So entstanden hier auf dem weiträumigen ehemaligen Industrieareal moderne Lofts, Einzelhandel- und Gewerbeflächen sowie Verwaltungsbauten von Polizei und Universität. Das Objekt ist hinsichtlich einer guten Stadt- und Fernverkehrsanbindung günstig gelegen." who="Herr Jordan Mobil: 0171 4800601 Mehr Details" phone="Mobil: 0171 4800601" Bearbeitet="1" Objarttyp="2" OrtID="1"/>
  <Scout ScoutID="74018646" wogelegen="30659 Hannover Die vollständige Adresse der Immobilie erhalten Sie vom Anbieter. Karte ansehen" what="Die Gute Lage, die Wertigkeit der Immobilie und die gute Entwicklung in Hannover-Botfeld machen das Geschäftshaus zu einem idealen Objekt für Kapitalanlieger. Haben wir Ihr Interesse wecken können? Für Fragen im Detail und zur Terminierung von Besichtigungen stehen wir und unser Team Ihnen gerne zur Seite: www.Kaste-Immobilien.de Seit 1977 Mitglied im Immobilienverband Deutschland (IVD) Wir freuen uns auf Ihren Anruf!Das Gebäude ist optisch, wie technisch gut ausgestattet, in einem gepflegten und soliden Zustand. Der Geschäfts- und der Wohnbereich sind nutzergerecht gestaltet und entsprechen dem heutigen Anspruchsprofil. Das Gebäude ist unterkellert - jede Mieteinheit hat einen eigenen Kellerbereich. Das Haus hat ein massives Mauerwerk. Die Fenster sind relativ neu. Im Erdgeschoß befindet sich ein beliebtes Ladengeschäft im Obergeschoß eine 4-Zimmer-Wohnung. Das Grundstück verfügt über einen kleinen Stadtgarten zudem über eine Garage und einen PKW-Stellplatz. Im Einkaufszentrum sind Parkbuchten vorhanden. Das Haus hat Gasanschluß - zur Versorgung der Zentralheizung. Das Objekt ist voll vermietet. Mieteinnahmen auf Nachfrage. Die modernisierte Ladeneinheit (vermietet) dekorativ im EG: - hell und großzügig geschnitten - mit Einbiick von der belebten Bothfelder Einkaufsmeile &quot; Kurze Kamp-Straße &quot; durch die großen Schaufensterelemente (neu). Das repräsentative Geschäft mit ca. 90,13 ist in Größe und Zuschnitt ideal an Verkaufsfläche für viele Anforderungen. Wohneinheit: Die ca. 104,29 qm große wunderschön helle 4 Zimmer-Wohnung im Obergeschoß mit Zugang zum Garten und Terrasse ist vermietet. Für detaillierte Fragen und Besichtigungen stehen wir Ihnen gerne zur Verfügung Keller: - 41,15 qm mit Zugang zum GartenTerrasse: ja, Garten: ja, Keller: ja, Garage: ja, Zentralheizung: ja,Ein optisch ansprechendes Wohn- und Geschäftshaus in zentraler Lage, idealer Infrastruktur in einem beliebten familienfreundlichen Stadtteil von Hannover-Bothfeld. Das Geschäftshaus befindet sich direkt in der belebten &quot;Kurze-Kamp-Straße&quot;, (Richtung Isernhagen ) zusammen mit vielen weiteren Geschäften, Banken, Restaurants und Cafés. Die Lage hat große Vorteile - Zentrumsnah - die gute Verkehrsanbindung mit den öffentlichen Verkehrsmitteln ist als ideal zu bezeichnen. Durch die Stadtbahn 9 ist man in nur wenigen Minuten in der Innenstadt von Hannover. Kindergärten und zwei Grundschulen sind in unmittelbarer Nähe." who="Herr Jean René Kaste Kaste Immobilien GbR http://www.Kaste-Immobilien.de Telefon: 511 65475 Mehr Details" phone="Telefon: 511 65475" EigtID="28615" Bearbeitet="3" Objarttyp="2" OrtID="1"/>
  <Scout ScoutID="73841139" wogelegen="30167 Hannover Die vollständige Adresse der Immobilie erhalten Sie vom Anbieter. Karte ansehen" what="Das Objekt ist langfristig an einen solventen Mieter vermietet. Der Mietvertrag besteht seit über vier Jahren und wurde gerade um weitere 5 Jahre verlängert, so dass die Restvertragslaufzeit noch höher als 6 Jahre ist.Die Industriehalle ist komplett freitragend, isoliert und beheizbar, d.h. sehr hochwertig. Der Verkauf erfolgt direkt vom Eigentümer ohne Maklerprovision.Schöner, glatter Hallenboden mit hoher Tragkraft. Großes Rolltor.Das Objekt befindet sich in einem guten Gewerbegebiet in Barsinghausen." who="Herr Wieck Telefon: 0511 3577106 Mehr Details" phone="Telefon: 0511 3577106" Bearbeitet="1" Objarttyp="2" OrtID="1"/>
  <Scout ScoutID="73449757" wogelegen="Dreyerstraße 3 30169 Hannover, Calenberger Neustadt Karte ansehen Street View" what="Tag der offenen Tür: jeden Sonntag von 11 ? 14 Uhr Anfangsrendite: 4% Auch Eigentumswohnungen für Eigennutzer verfügbar. Sprechen Sie uns gerne an! Hinweis: Bei unseren Projekten arbeiten wir mit den von uns beauftragten Vertriebspartnern zusammen. Ihre E-Mail-Anfragen werden daher schnellstmöglich von ihnen beantwortet.Grenzenlos wohnen direkt an der Leine Jetzt können Sie in bester Lage Hannovers neue Freiheit auskosten. Sichern Sie sich etwas Besonderes, das es so in Hannover nicht noch einmal gibt: Wohnungen mit flexibel und individuell gestaltbaren Grundrissen in einem nach neuestem Stand der Technik errichteten Neubau. Hier genießen Sie Offenheit, Weite und Flexibilität kombiniert mit Komfort und Wirtschaftlichkeit in bester Innenstadtlage Hannovers, direkt an der Leine.Die Highlights Ihrer Wohnung auf einen Blick: - vermietet - moderne, ansprechende Architektur - flexibles und offenes Wohnkonzept - lichtdurchflutete Räume durch bodentiefe Fenster - massives Eiche-Mosaikparkett - ca. 62 m² großer Wohn-/Essbereich - Tageslichtbad mit Wanne und Dusche - Gäste-WC - großzügiger West-Balkon - Tiefgaragenplatz im Haus - Aufzug von der Garage bis vor die Wohnung - ZentralheizungDie Leine mit ihren ufernahen Fuß- und Radwegen schenkt Ihnen einen hohen Freizeitwert direkt vor Ihrer Haustür. Die weiträumigen Anlagen der Herrenhäuser Gärten laden in unmittelbarer Nähe zu Spaziergängen und kulturellen Events ein. Der Stadtteil Calenberger Neustadt ist von einem attraktiven Mix aus Gründerzeitbauten und modernen Wohngebäuden geprägt. Die Leibniz Universität, die City, der Bahnhof ? alles ist zu Fuß erreichbar." who="Niederlassung Nord, Ihr Vertriebsteam - 24h für Sie erreichbar formart GmbH &amp; Co. KG Telefon: 0511 31014055 Mehr Details" phone="Telefon: 0511 31014055" EigtID="28403" Bearbeitet="1" Objarttyp="2" OrtID="1"/>
  <Scout ScoutID="73449350" wogelegen="Dreyerstraße 4 30169 Hannover, Calenberger Neustadt Karte ansehen Street View" what="Tag der offenen Tür: jeden Sonntag von 11 ? 14 Uhr Anfangsrendite: 4% Auch Eigentumwohnungen für Eigennutzer verfügbar. Sprechen Sie uns gerne an! Hinweis: Bei unseren Projekten arbeiten wir mit den von uns beauftragten Vertriebspartnern zusammen. Ihre E-Mail-Anfragen werden daher schnellstmöglich von ihnen beantwortet.Grenzenlos wohnen direkt an der Leine Jetzt können Sie in bester Lage Hannovers neue Freiheit auskosten. Sichern Sie sich etwas Besonderes, das es so in Hannover nicht noch einmal gibt: Wohnungen mit flexibel und individuell gestaltbaren Grundrissen in einem nach neuestem Stand der Technik errichteten Neubau. Hier genießen Sie Offenheit, Weite und Flexibilität kombiniert mit Komfort und Wirtschaftlichkeit in bester Innenstadtlage Hannovers, direkt an der Leine.Die Highlights Ihrer Wohnung auf einen Blick: - vermietet - moderne, ansprechende Architektur - flexibles und offenes Wohnkonzept - lichtdurchflutete Räume durch bodentiefe Fenster - massives Eiche-Mosaikparkett - ca. 62,50 m² großer Wohn-/Essbereich - hochwertige Einbauküche - attraktives Bad mit Wanne und Dusche - großzügiger West-Balkon - Tiefgaragenplatz im Haus - Aufzug von der Garage bis vor die Wohnung - ZentralheizungDie Leine mit ihren ufernahen Fuß- und Radwegen schenkt Ihnen einen hohen Freizeitwert direkt vor Ihrer Haustür. Die weiträumigen Anlagen der Herrenhäuser Gärten laden in unmittelbarer Nähe zu Spaziergängen und kulturellen Events ein. Der Stadtteil Calenberger Neustadt ist von einem attraktiven Mix aus Gründerzeitbauten und modernen Wohngebäuden geprägt. Die Leibniz Universität, die City, der Bahnhof ? alles ist zu Fuß erreichbar." who="Niederlassung Nord, Ihr Vertriebsteam - 24h für Sie erreichbar formart GmbH &amp; Co. KG Telefon: 0511 31014055 Mehr Details" phone="Telefon: 0511 31014055" EigtID="28403" Bearbeitet="1" Objarttyp="2" OrtID="1"/>
  <Scout ScoutID="73449002" wogelegen="Dreyerstraße 5 30169 Hannover, Calenberger Neustadt Karte ansehen Street View" what="Tag der offenen Tür: jeden Sonntag von 11 ? 14 Uhr Anfangsrendite: 4% Auch Eigentumswohnungen für Eigennutzer verfügbar. Sprechen Sie uns gerne an! Hinweis: Bei unseren Projekten arbeiten wir mit den von uns beauftragten Vertriebspartnern zusammen. Ihre E-Mail-Anfragen werden daher schnellstmöglich von ihnen beantwortet.Grenzenlos wohnen direkt an der Leine Jetzt können Sie in bester Lage Hannovers neue Freiheit auskosten. Sichern Sie sich etwas Besonderes, das es so in Hannover nicht noch einmal gibt: Wohnungen mit flexibel und individuell gestaltbaren Grundrissen in einem nach neuestem Stand der Technik errichteten Neubau. Hier genießen Sie Offenheit, Weite und Flexibilität kombiniert mit Komfort und Wirtschaftlichkeit in bester Innenstadtlage Hannovers, direkt an der Leine.Die Highlights Ihrer Wohnung auf einen Blick: - vermietet - moderne, ansprechende Architektur - flexibles und offenes Wohnkonzept - rollstuhlgerechte Ausstattung - lichtdurchflutete Räume durch bodentiefe Fenster - massives Eiche-Mosaikparkett - ca. 81 m² großer Wohn-/Essbereich - hochwertige Einbauküche - attraktives Duschbad - Gäste-WC - West-Balkon - Tiefgaragenplatz im Haus - Aufzug von der Garage bis vor die Wohnung - ZentralheizungDie Leine mit ihren ufernahen Fuß- und Radwegen schenkt Ihnen einen hohen Freizeitwert direkt vor Ihrer Haustür. Die weiträumigen Anlagen der Herrenhäuser Gärten laden in unmittelbarer Nähe zu Spaziergängen und kulturellen Events ein. Der Stadtteil Calenberger Neustadt ist von einem attraktiven Mix aus Gründerzeitbauten und modernen Wohngebäuden geprägt. Die Leibniz Universität, die City, der Bahnhof ? alles ist zu Fuß erreichbar." who="Niederlassung Nord, Ihr Vertriebsteam - 24h für Sie erreichbar formart GmbH &amp; Co. KG Telefon: 0511 31014055 Mehr Details" phone="Telefon: 0511 31014055" EigtID="28403" Bearbeitet="1" Objarttyp="2" OrtID="1"/>
  <Scout ScoutID="73447718" wogelegen="Dreyerstraße 6 30169 Hannover, Calenberger Neustadt Karte ansehen Street View" what="Tag der offenen Tür: Jeden Sonntag von 11 ? 14 Uhr Anfangsrendite: 4% Auch Eigentumswohnungen für Eigennutzer verfügbar. Sprechen Sie uns gerne an! Hinweis: Bei unseren Projekten arbeiten wir mit den von uns beauftragten Vertriebspartnern zusammen. Ihre E-Mail-Anfragen werden daher schnellstmöglich von ihnen beantwortet.Grenzenlos wohnen direkt an der Leine Jetzt können Sie in bester Lage Hannovers neue Freiheit auskosten. Sichern Sie sich etwas Besonderes, das es so in Hannover nicht noch einmal gibt: Wohnungen mit flexibel und individuell gestaltbaren Grundrissen in einem nach neuestem Stand der Technik errichteten Neubau. Hier genießen Sie Offenheit, Weite und Flexibilität kombiniert mit Komfort und Wirtschaftlichkeit in bester Innenstadtlage Hannovers, direkt an der Leine.Die Highlights Ihrer Wohnung auf einen Blick: - vermietet - moderne, ansprechende Architektur - flexibles und offenes Wohnkonzept - lichtdurchflutete Räume durch bodentiefe Fenster - massives Eiche-Mosaikparkett - ca. 54 m² großer Wohn-/Essbereich - attraktives Tageslicht-Wannenbad - Gäste-WC - 2 Balkone - Tiefgaragenplatz im Haus - Aufzug von der Garage bis vor die Wohnung - ZentralheizungDie Leine mit ihren ufernahen Fuß- und Radwegen schenkt Ihnen einen hohen Freizeitwert direkt vor Ihrer Haustür. Die weiträumigen Anlagen der Herrenhäuser Gärten laden in unmittelbarer Nähe zu Spaziergängen und kulturellen Events ein. Der Stadtteil Calenberger Neustadt ist von einem attraktiven Mix aus Gründerzeitbauten und modernen Wohngebäuden geprägt. Die Leibniz Universität, die City, der Bahnhof ? alles ist zu Fuß erreichbar." who="Niederlassung Nord, Ihr Vertriebsteam - 24h für Sie erreichbar formart GmbH &amp; Co. KG Telefon: 0511 31014055 Mehr Details" phone="Telefon: 0511 31014055" EigtID="28403" Bearbeitet="1" Objarttyp="2" OrtID="1"/>
  <Scout ScoutID="73447306" wogelegen="Dreyerstraße 6 30169 Hannover, Calenberger Neustadt Karte ansehen Street View" what="Tag der offenen Tür: jeden Sonntag von 11 ? 14 Uhr Anfangsrendite: 4% Auch Eigentumswohnungen für Eigennutzer verfügbar. Sprechen Sie uns gerne an! Hinweis: Bei unseren Projekten arbeiten wir mit den von uns beauftragten Vertriebspartnern zusammen. Ihre E-Mail-Anfragen werden daher schnellstmöglich von ihnen beantwortet.Grenzenlos wohnen direkt an der Leine Jetzt können Sie in bester Lage Hannovers neue Freiheit auskosten. Sichern Sie sich etwas Besonderes, das es so in Hannover nicht noch einmal gibt: Wohnungen mit flexibel und individuell gestaltbaren Grundrissen in einem nach neuestem Stand der Technik errichteten Neubau. Hier genießen Sie Offenheit, Weite und Flexibilität kombiniert mit Komfort und Wirtschaftlichkeit in bester Innenstadtlage Hannovers, direkt an der Leine.Die Highlights Ihrer Wohnung auf einen Blick: - vermietet - moderne, ansprechende Architektur - flexibles und offenes Wohnkonzept - lichtdurchflutete Räume durch bodentiefe Fenster - massives Eiche-Mosaikparkett - ca. 46 m² großer Wohn-/Essbereich - hochwertige Einbauküche - attraktives Wannenbad - separates Duschbad - großzügige Balkone - schöne Dachterrasse - Tiefgaragenplatz im Haus - Aufzug von der Garage bis vor die Wohnung - ZentralheizungDie Leine mit ihren ufernahen Fuß- und Radwegen schenkt Ihnen einen hohen Freizeitwert direkt vor Ihrer Haustür. Die weiträumigen Anlagen der Herrenhäuser Gärten laden in unmittelbarer Nähe zu Spaziergängen und kulturellen Events ein. Der Stadtteil Calenberger Neustadt ist von einem attraktiven Mix aus Gründerzeitbauten und modernen Wohngebäuden geprägt. Die Leibniz Universität, die City, der Bahnhof ? alles ist zu Fuß erreichbar." who="Niederlassung Nord, Ihr Vertriebsteam - 24h für Sie erreichbar formart GmbH &amp; Co. KG Telefon: 0511 31014055 Mehr Details" phone="Telefon: 0511 31014055" EigtID="28403" Bearbeitet="1" Objarttyp="2" OrtID="1"/>
  <Scout ScoutID="73405727" wogelegen="Sutelstr. 12A 30659 Hannover, Bothfeld Karte ansehen Street View" what="Baubeginn ist im September 2013 und die Fertigstellung im 1.Quartal 2015 geplant. 9 Monate nach Verkaufsstart sind bereits mehr als 80% der Wohnungen verkauft.Das renommiertes Architekturbüro Heidenreich&amp;Springer aus Berlin ist mit ihrem Entwurf preisgekrönter Sieger eines Architekturwettbewerbes. Zeitgenössisch,modern und innovativ sind die Merkmale dieses außergewöhnlichen Bauvorhabens. Durch großzügige Fassadenöffnungen entsteht ein loftartiger Wohncharakter. Wohnungsgrößen von 2 bis 5 Zimmer mit 59 bis 150 m2 Wohnfläche bilden das vielfältige Angebot. Die PKW-Stellplätze lassen sich über einen Aufzug sicher und trocken erreichen.Die modernen Wohnungen verfügen alle über Parkettböden,designte Bäder, Fußbodenheizung und eine geregelte Zu-und Abluftanlage, Loggien und Terrassen Ein Aufzug bringt Sie aus der Tiefgarage bequem vor jede Wohnung. Die Wohnungen werden energetisch auf den neusten Stand der Bautechnik ausgeführt.Nahezu alle Wohnungen sind barrierefrei.Zentrale Lage mitten im Stadtkern von Bothfeld mit allen für eine gute Infrastrucktur vorhandenen gewerblichen Einrichtungen." who="Verkaufsteam Theo Gerlach Wohnungsbau Theo Gerlach Wohnungsbau-Unternehmen GmbH &amp; Co KG www.gerlach-wohnungsbau.de Telefon: 0511/626466 Mehr Details" phone="Telefon: 0511/626466" EigtID="5377" Bearbeitet="1" Objarttyp="2" OrtID="1"/>
  <Scout ScoutID="73405663" wogelegen="Conrad-Bube-Weg 19 30659 Hannover, Bothfeld Karte ansehen Street View" what="Baubeginn ist im Septembert 2013 und die Fertigstellung im 2.Quartal 2015 geplant. 9 Monate nach Verkaufsstart sind bereits mehr als 80% der Wohnungen verkauft. Ein Tiefgaragenstellplatz (Wert: 14.000.-?) kann auf Wunsch zusätzlich erworben werden.Das renommiertes Architekturbüro Heidenreich&amp;Springer aus Berlin ist mit ihrem Entwurf preisgekrönter Sieger eines Architekturwettbewerbes. Zeitgenössisch,modern und innovativ sind die Merkmale dieses außergewöhnlichen Bauvorhabens. Durch großzügige Fassadenöffnungen entsteht ein loftartiger Wohncharakter. Wohnungsgrößen von 2 bis 5 Zimmer mit 59 bis 150 m2 Wohnfläche bilden das vielfältige Angebot. Die PKW-Stellplätze lassen sich über einen Aufzug sicher und trocken erreichen.Die modernen Wohnungen verfügen alle über Parkettböden,designte Bäder, Fußbodenheizung und eine geregelte Zu-und Abluftanlage, Loggien und Terrassen Ein Aufzug bringt Sie aus der Tiefgarage bequem vor jede Wohnung. Die Wohnungen werden energetisch auf den neusten Stand der Bautechnik ausgeführt.Nahezu alle Wohnungen sind barrierefrei.Zentrale Lage mitten im Stadtkern von Bothfeld mit allen für eine gute Infrastrucktur vorhandenen gewerblichen Einrichtungen." who="Verkaufsteam Theo Gerlach Wohnungsbau Theo Gerlach Wohnungsbau-Unternehmen GmbH &amp; Co KG www.gerlach-wohnungsbau.de Telefon: 0511/626466 Mehr Details" phone="Telefon: 0511/626466" EigtID="5377" Bearbeitet="1" Objarttyp="2" OrtID="1"/>
  <Scout ScoutID="73405572" wogelegen="Conrad-Bube-Weg 19 30659 Hannover, Bothfeld Karte ansehen Street View" what="Baubeginn ist im Septembert 2013 und die Fertigstellung im 1.Quartal 2015 geplant. 9 Monate nach Verkaufsstart sind bereits mehr als 80% der Wohnungen verkauft. Ein Tiefgaragenstellplatz (Kaufpreis: 14.000.--?) kann zusätzlich erworben werden.Das renommiertes Architekturbüro Heidenreich&amp;Springer aus Berlin ist mit ihrem Entwurf preisgekrönter Sieger eines Architekturwettbewerbes. Zeitgenössisch,modern und innovativ sind die Merkmale dieses außergewöhnlichen Bauvorhabens. Durch großzügige Fassadenöffnungen entsteht ein loftartiger Wohncharakter. Wohnungsgrößen von 2 bis 5 Zimmer mit 59 bis 150 m2 Wohnfläche bilden das vielfältige Angebot. Die PKW-Stellplätze lassen sich über einen Aufzug sicher und trocken erreichen.Die modernen Wohnungen verfügen alle über Parkettböden,designte Bäder, Fußbodenheizung und eine geregelte Zu-und Abluftanlage, Loggien und Terrassen Ein Aufzug bringt Sie aus der Tiefgarage bequem vor jede Wohnung. Die Wohnungen werden energetisch auf den neusten Stand der Bautechnik ausgeführt.Nahezu alle Wohnungen sind barrierefrei.Zentrale Lage mitten im Stadtkern von Bothfeld mit allen für eine gute Infrastrucktur vorhandenen gewerblichen Einrichtungen." who="Verkaufsteam Theo Gerlach Wohnungsbau Theo Gerlach Wohnungsbau-Unternehmen GmbH &amp; Co KG www.gerlach-wohnungsbau.de Telefon: 0511/626466 Mehr Details" phone="Telefon: 0511/626466" EigtID="5377" Bearbeitet="1" Objarttyp="2" OrtID="1"/>
  <Scout ScoutID="72842308" wogelegen="30559 Hannover Die vollständige Adresse der Immobilie erhalten Sie vom Anbieter. Karte ansehen" what="Unsere Angaben beruhen auf Informationen der uns überlassenen Unterlagen. IVB Immobilien übernimmt für die Vollständigkeit oder eventuelle Abweichungen bzw. Fehlangaben keine Gewähr.Hier entsteht ab ca. Mai 2014 ein 7-Familien-Haus mit 6x 3 Zimmer Wohnungen und einem Penthouse (reserviert). Mit exklusiver Ausstattung und großen Süd/West-Terrassen, Keller, Fahrstuhl, Tiefgarage.Die Eigentumswohnung liegt in erstklassiger Lage von Hannover-Kirchrode im Seelhorster Garten. Der Seelhorster Garten liegt ca. 5 km von der Innenstadt Hannover entfernt. Die Bahnhaltestelle Seelhorster Allee ist fußläufig in 2 Minuten zu erreichen. Das Umfeld des Seelhorster Garten kommt dem Idealbild einer stadtnahen Wohnlage sehr nahe. Das naturnahe Ambiente mit dem zur Wohngebiet gehörenden See und das große Waldstück &quot;Seelhorst&quot; bieten gute Freizeitmöglichkeiten. Mehrere Verbrauchermärkte, Arztpraxen, Apotheke, Schulen und Kindergärten sind zu Fuß bzw. in wenigen Minuten mit dem Auto oder der Stadtbahn zu erreichen." who="Herr Dieter Otto IVB Immobilien www.ivb-immobilien.de Mobil: 0174 3022640 Mehr Details" phone="Mobil: 0174 3022640" Bearbeitet="1" Objarttyp="2" OrtID="1"/>
  <Scout ScoutID="72504335" wogelegen="30451 Hannover Die vollständige Adresse der Immobilie erhalten Sie vom Anbieter. Karte ansehen" what="Die Miethöhen sind seit längerer Zeit unverändert geblieben und liegen im Durchschnitt etwas über 6,-?/m² ! Der Durchschnittliche Mietzins in Hannover Linden-Nord liegt aktuell zwischen 6,74,-? und 7,01,-? Nettokaltmiete je nach Ausstattung.Türen und Fenster im Haus sind Sondereigentum. !5 mal 3 Zimmer Eigentumswohnungen in einem 10 Parteien Haus Linden-Nord ! Die Wohnungen sind in unterschiedlichen Etagen: 1x im EG mit rd. 47m²,1x im 2.OG mit 58,24m², 1x im 3.OG mit 58,24m² und 2x im 4.OG mit je rd. 47m² (hier sind die Schrägen abgerechnet, also Fläche etwas mehr) ! Alle Wohnungen sind mit Gas Etagenheizung und mit teilw. neuen Duschbädern ausgestattet.Kunststofffenster mit Isolierverglasung in allen Wohnungen. Eine Wohnung im 4. OG ist mit Balkon. Die Bäder sind in allen Wohnungen schon erneuert und auf Wohnebene, nicht mehr wie früher üblich auf halber Treppe im Treppenhaus. Insofern sind auch alle Wasserleitungen neu. Allen Wohnungen ist eine getrennte Kellerfläche zugeteilt.Mitten in Linden-Nord, einem der beliebesten Stadtteile von Hannover, finden Sie dieses schöne und gepflegte 10 Parteien Haus in dem die 5 Eigentumswohnungen im Paket nun zu erwerben sind." who="Herr Rolf Dorn-Wehmeyer MW Immobilien Hannover http://www.mw-immobilien-hannove... Mehr Details" phone="" Bearbeitet="1" Objarttyp="2" OrtID="1"/>
  <Scout ScoutID="72254140" wogelegen="30419 Hannover (Herrenh./Ledeburg) Die vollständige Adresse der Immobilie erhalten Sie vom Anbieter. Karte ansehen" what="Der Kaufpreis beträgt EUR 330.000,--. Finanzierungsservice: Wir bieten Ihnen gern, auch als Alternativangebot, eine individuell sowie optimal abgestimmte Finanzierung an. Die Finanzierung erfolgt durch ein namhaftes deutsches Kreditinstitut mit Topkonditionen, flexibler Zinsbindung, individuellen Laufzeiten, flexiblen Tilgungsätzen und Sondertilgungsoptionen. Nutzen Sie unseren Service und sprechen Sie uns an! Anmerkung: Unterlagen mit detaillierten Informationen zum Objekt sowie weitere Auskünfte über eine Objektbesichtigung erhalten Sie bei uns kostenlos und unverbindlich. Die vorstehenden, freibleibenden Angaben sind sorgfältig recherchiert und werden ständig aktualisiert. Da sie jedoch ausschließlich auf Auskünfte von dritter Seite basieren, wird keine Gewähr, Haftung oder Garantie übernommen. Weitere interessante Immobilienangebote finden Sie auch unter www.lwk-immobilien.de. Nicht veröffentlichte Angebote speziell aus den Bereichen Anlageimmobilien und Gewerbeimmobilien können unter info@lwk-immobilien.de abgefragt werden. ++ Sie haben selbst eine Immobilie die Sie verkaufen oder vermieten möchten? ++ Wir haben täglich Kontakt zu Kunden, die auf der Suche nach einer passenden Immobilie sind und stehen Ihnen gern bei der Vermittlung Ihrer Immobilie mit unserer langjährigen Expertise zur Verfügung. Die Bewertung und Vermittlung sind für Sie als Eigentümer kostenlos! Sie erreichen uns unter der Telefonnummer 0511-8998770. Wir freuen uns auf Ihren Anruf!Es handelt sich um ein 2-geschossiges und unterkellertes Mehrfamilienhaus mit ausgebautem Dachgeschoss, einem 2-geschossigen Anbau sowie einem 1-geschossigen Garagengebäude. Das Mehrfamilienhaus und der Anbau wurden im Jahr 1958 erbaut. Der Bau des Garagengebäudes erfolgte im Jahre 1967. Das Grundstück ist über eine gepflasterte Zufahrt zu erreichen und verfügt über eine Hoffläche, einen Vorgarten und eine Gartenfläche im hinteren Teil des Grundstücks. Die Aufteilung/Nutzung der Gebäude gestaltet sich wie folgt: I. Mehrfamilienhaus - KG: Flur, Kellerräume, Garage - EG: Flur, Küche, Wohnzimmer, Schlafzimmer, Kinderzimmer, Bad mit Dusche u. Fenster (gewerbl. Nutzung möglich) - OG: Flur, Küche, Wohnzimmer mit Ausgang zum Balkon, Schlafzimmer, Kinderzimmer, Bad mit Dusche u. Fenster - DG: Flur, Küche, Wohnzimmer, Schlafzimmer, Kinderzimmer, Bad mit Dusche u. Fenster II. Anbau - EG: 4 Garagen - OG: Flur, Bad mit Wanne u. Fenster, Küche, Schlafzimmer, Wohnzimmer mit Ausgang zum Balkon III. Garagengebäude - EG: 3 Garagen, Geräteraum Zu den weiteren Ausstattungsmerkmalen der Wohnungen gehören z. B. Kunststofffenster mit Isolierverglasung, Laminat- und Fliesenbodenbeläge, Wärmedämmung (Anbau) und Gas-Etagenheizungen. Die Nettomiete p.a. beträgt 20.086,-- EUR. Der Zustand des Hauses ist als tlw. modernisierungsbedürftig zu bezeichnen. Lage: Das Mehrfamilienhaus liegt in guter und zentraler Wohnlage von Hannover-Herrenhausen/Ledeburg. Versorgungsmöglichkeiten zur Deckung des täglichen Bedarfs sowie Haltestellen (Bus, S-Bahn) des öffentlichen Personennahverkehrs sind fußläufig zu erreichen. Öffentliche und kulturelle Einrichtungen, wie Kindergärten, Schulen, Universitäten, Ämter, Ärzte etc. sowie Freizeitangebote sind in Ledeburg, Herrenhausen, Stöcken und Hannover (ca. 6 km bis ins Zentrum) vielfältig vorhanden. Eine sehr gute regionale und überregionale Verkehrsanbindung ist durch die Bundesstraße B 6 und die Autobahn A 2 gewährleistet." who="Seit über 30 Jahren Verkauf und Vermietung von Immobilien. LWK Vermittlungs- und Handelsgesellschaft mbH www.lwk-immobilien.de Mehr Details" phone="" EigtID="28628" Bearbeitet="3" Objarttyp="2" OrtID="1"/>
  <Scout ScoutID="72135005" wogelegen="30419 Hannover Die vollständige Adresse der Immobilie erhalten Sie vom Anbieter. Karte ansehen" what="Alle Daten in diesem Exposé beruhen auf Angaben des Verkäufers. Die Objektangaben wurden mit großer Sorgfalt zusammengestellt. Für die Richtigkeit können wir keine Haftung übernehmen. Irrtümer bleiben vorbehalten. Für weitere Informationen oder zur Vereinbarung eines Besichtigungstermins stehe ich Ihnen gerne zur Verfügung. LAMDA - Immobilien Sales Management e.K. Ansprechpartner: Dimitrios Givizinis Büro: (0511) 279 00 79 1 Mobil: (0162) 744 78 78Renditestarkes Mehrfamilienhaus, 12-facher Wert! Dieses 1950 errichtete Mehrfamilienhaus verfügt über 4 Wohneinheiten und 2 Gewerbeeinheiten. Das Mehrfamilienhaus ist wie folgt aufgeteilt: - Eine 4-Zimmer-Whg. mit einer Wohnfläche von ca. 80 m² - Eine 3-Zimmer-Whg. mit einer Wohnfläche von ca. 70 m² - Eine 2-Zimmer-Whg. mit einer Wohnfläche von ca. 50 m² - Eine 1-Zimmer-Whg. mit einer Wohnfläche von ca. 40 m² - Ein Anbau Imbiss mit ca. 65 m² - Ein Ladengeschäft mit ca. 75 m² - Eine Garagenwerkstatt mit ca. 50 m² Die Gesamtfläche beläuft sich auf ca. 430 m². Eine Gewerbeeinheit ist derzeit nicht vermietet und könnte vom zukünftigen Eigentümer bei Bedarf selbst genutzt werden. Die derzeitigen Miet-Solleinnahmen belaufen sich auf jährlich ca. 37.440,00 ?. Jede Einheit ist mit einer Etagenheizung ausgestattet. Im Jahre 2006-2008 hat eine Vollsanierung stattgefunden. Sämtliche Heizrohre, Wasser- und Abflussrohre wurden neu verlegt. Zusätzlich wurden die Heizkörper, Fenster, Fußböden und die Gastermen ausgetauscht und das Gebäude bekam eine neu Strominstallation.Die Wohnung liegt im Stadtteil Vinnhorst, welcher sich durch seine sehr gute Infrastruktur auszeichnet. Supermärkte, Schulen, Kindergärten, Ärzte und Freizeitmöglichkeiten sind in unmittelbarer Umgebung vorhanden.Die öffentlichen Verkehrsmittel, z.B. der Bus und die Stadtbahn bringt Sie schnell und bequem ins Zentrum von Hannover." who="Herr Dimitrios Givizinis LAMDA - Immobilien Sales Management e.K. www.lamda-immobilien.de Mobil: 0162 7447878 Telefon: 0511 27900791 Mehr Details" phone="Mobil: 0162 7447878 Telefon: 0511 27900791" EigtID="28625" Bearbeitet="3" Objarttyp="2" OrtID="1"/>
  <Scout ScoutID="71260559" wogelegen="30455 Hannover Die vollständige Adresse der Immobilie erhalten Sie vom Anbieter. Karte ansehen" what="Es handelt um ein Gebäude mit 2 Geschossen und ausgebautem Dachgeschoß mit 6 Wohneinheiten und 5 GaragenEs handelt sich um ein Gebäude mit einer pflegeleichten Klinkerfassade. Die Wohnugen werden über Gasetagenheizungen beheizt. 3 Wohnungen wurden in den letzten 8 Jahren erneuert. In den letzten 10 Jahren wurden neue Fenster installiert und Böden und Duschbäder erneuert.Die Gebäude liegt an einer ruhigen Seitenstraße in Badenstedt." who="Herr Hans-Heinrich Braun Braun Immobilien www.ich-ueberall.de Mobil: 0176 34440885 Mehr Details" phone="Mobil: 0176 34440885" Bearbeitet="1" Objarttyp="2" OrtID="1"/>
  <Scout ScoutID="68472934" wogelegen="30179 Hannover Die vollständige Adresse der Immobilie erhalten Sie vom Anbieter. Karte ansehen" what="Laut Eigentümer besteht, aufgrund von nachbarschaftlichen Bauten, die Möglichkeit, das Objekt weiter aufzustocken. Dieses Vorhaben müsste jedoch von bauamtlichen Wegen geprüft und zulässig gemacht werden. Wir wurden vom Eigentümer vertraglich zur Vermittlung beauftragt und stehen Ihnen für Rückfragen und die Vereinbarung eines Besichtigungstermines gerne zur Verfügung. Auf Wunsch erstellen wir Ihnen auch bankenunabhängig Ihr persönliches Finanzierungskonzept. Hr. Mondrowski - Dipl. u. geprüfter Immobilienfachwirt (IHK)Hierbei handelt es sich um ein Wohn- und Geschäftsgebäude aus dem Jahr 1972. Es befindet sich in toller Lage von Hannover, im Gewerbegebiet ?Alter Flughafen?. Das Hauptgebäude besteht aus drei Geschossen mit drei Wohnungen im Erd- und Obergeschoss und einem Souterrain-Vollkeller. Zur Rückseite angrenzend befinden sich zwei Hallen/Werkstätten mit Lager- und Büroräumen.Hauptgebäude: Das Hauptgebäude besteht aus drei Geschossen. Das Untergeschoss, ein Souterrain-Vollkeller, bestehend aus vier größeren, zwei kleineren Lager-/Büroräumen und einem Duschbad. Vom Flur aus können Sie über eine Treppe in den Hinterhof gelangen, über den Sie Zugang zu den Hallen finden. Insgesamt hat das Untergeschoss eine Nutzfläche von 100 m². Das Erd- und Obergeschoss besteht aus drei Wohnungen - zwei Etagen-Wohnungen und einer Maisonette-Wohnung. Die zwei Etagen-Wohnungen haben jeweils 105 m² Wohnfläche und glänzen mit ihren großen Wohnzimmern, die sich jeweils über mehr als 35 m² erstrecken. Auch die Küchen dieser Wohnungen sind so großzügig geschnitten, dass Sie einen Esstisch darin platzieren können. Die Maisonette-Wohnung hat eine Wohnfläche von 80 m². Jede Wohnung besteht aus drei Zimmern und einer Küche. Die Maisonette-Wohnung verfügt über ein Wannen- und ein Duschbad, die Erdgeschoss-Wohnung über ein Wannenbad und die Obergeschoss-Wohnung über ein Vollbad. Hallen: Hinter dem Hauptgebäude gibt es zwei beheizbare Hallen, die momentan vermietet sind und als Werkstätten genutzt werden. Eine Halle hat eine Nutzfläche von 177 m², die andere eine Nutzfläche von 148 m². Die Hallen bestehen aus Büro- und Lagerflächen.Im Norden Hannovers befindet sich das Gewerbegebiet ?Alter Flughafen? im Stadtteil Vahrenheide. Durch die hervorragende Infrastruktur, die hohe Kunden- und Verkehrsdichte und die sehr guten Verkehrsanbindungen, ist dieses Gebiet besonders attraktiv. In unmittelbarer Nähe verläuft die Vahrenwalder Straße in die Richtungen Langenhagen und Hannover-Mitte. Von ihr aus fahren die Straßenbahn-Linien 1+2. Außerdem haben Sie eine direkte Anbindung an die A2, in die Richtungen Dortmund und Berlin. An der Vahrenwalder Straße sind u.a. Tankstellen, Fastfood-Restaurants, Fitnessstudios, Autohäuser, Baumärkte, Fachgeschäfte für z.B. Elektrogeräte und Fahrräder, Spielotheken und Einkaufsmärkte ansässig. In wenigen Autominuten erreichen Sie den Flughafen Hannover in Langenhagen." who="Herr Christian Mondrowski IMODIS -Immobilien- und Finanzconsulting GmbH www.imodis.de Mobil: 0178 5130331 Telefon: 0511 7633076 Mehr Details" phone="Mobil: 0178 5130331 Telefon: 0511 7633076" Bearbeitet="1" Objarttyp="2" OrtID="1"/>
  <Scout ScoutID="74735541" wogelegen="30159 Hannover Die vollständige Adresse der Immobilie erhalten Sie vom Anbieter. Karte ansehen" what="Der Maklervertrag mit uns kommt durch schriftliche Vereinbarung oder durch die Inanspruchnahme unserer Maklertätigkeit auf der Basis des Objekt-Exposés und seiner Bedingungen zustande. Die Käufercourtage in Höhe von 5,95 % auf den Kaufpreis einschließlich gesetzlicher Mehrwertsteuer ist bei notariellem Vertragsabschluss verdient und fällig. Die Höhe der Bruttocourtage unterliegt einer Anpassung bei Steuersatzänderung. HannoverHome erhält einen unmittelbaren Zahlungsanspruch gegenüber dem Käufer (Vertrag zugunsten Dritter, § 328 BGB). Grunderwerbssteuer, Notar- und Gerichtskosten trägt der Käufer. Alle Angaben sind ohne Gewähr und basieren ausschließlich auf Informationen, die uns von unserem Auftraggeber übermittelt wurden. Wir übernehmen keine Gewähr für die Vollständigkeit, Richtigkeit und Aktualität dieser Angaben. Zwischenverkauf bleibt vorbehalten. Sollte das von uns nachgewiesene Objekt bereits bekannt sein, teilen Sie uns dieses bitte unverzüglich mit. Die Weitergabe dieses Exposés an Dritte ohne unsere Zustimmung löst gegebenenfalls Courtage- bzw. Schadensersatzansprüche aus. Im Übrigen gelten unsere Allgemeinen Geschäftsbedingungen. Wir stehen Ihnen mit weiteren Informationen zum Objekt sowie für Besichtigungen gern zur Verfügung. Der Eigentümer informiert, dass die Erstellung eines Energieverbrauchsausweises sich noch in Bearbeitung befindet.Im Alleinauftrag bieten wir Ihnen ein sehr gepflegtes und laufend modernisiertes Mehrfamilienhaus in bevorzugter Altstadtlage. Das Wohn- und Geschäftshaus wurde in den 50ziger Jahren erbaut und hat insgesamt acht Wohnungen (1. bis 4. Etage). Im Erdgeschoss befindet sich ein Ladenlokal mit einem Herrenausstatter. In jeder Etage gibt es zwei Wohneinheiten. Die Wohnungen zur Straßenseite/Fußgängerzone haben keinen Balkon, ausgenommen die Wohnung in der 4. Etage. Die Wohnungen zum Innenhof verfügen alle über einen Balkon. Zur Zeit sind bis auf eine Wohnung im 1. OG alle Wohnungen nach dem Vermietungskonzept &quot;Möbliertes Wohnen&quot; an Geschäfts- und Privatkunden vermietet. Die Mieterträge liegen auf hohem Niveau und sichern entsprechend hohe Renditen. Die Möbel sind im Verkaufspreis enthalten. Die Vermarktung/Vermietung wird seit vielen Jahren erfolgreich über die Wohnraumagentur HannoverHome durchgeführt. Wir weisen auf eine besondere Vertraulichkeitsregelung mit dem Eigentümer hin. Anfragen, die sich nur auf den Standort beziehen, werden nur bei Interesse für Besichtigungen durchgegeben. Aufteilung des Objektes: UG/EG Ladenlokal - Ausstellungsfläche mit Nebenräumen, 195,70 qm 1.OG: 2 Zimmer, Küche, Bad - ca . 43 m² 1.OG: 2 Zimmer, Küche, Bad, Balkon - ca 53 m² 2.OG: 2 Zimmer, Küche, Bad - ca 45 m² 2.OG: 2 Zimmer, Küche, Bad, Balkon - ca. 55 m² 3.OG: 2 Zimmer, Küche, Bad - ca. 46 m² 3.OG: 2 Zimmer, Küche, Bad, Balkon - ca. 55 m² 4.OG: 2 Zimmer, Küche, Bad, Balkon/Terrasse - ca. 42 m² 4.OG: 2 Zimmer, Küche, Bad, Balkon - ca. 54 m²Das gesamte Haus inkl. aller Wohnungen wurden 1995/96 modernisiert (Hauselektrik/Fallrohre und die Heizungsanlage-Gaszentralheizung für alle Wohnungen). Die Fassade und das Treppenhaus wurde 04/2014 frisch gestrichen. Alle Wohneinheiten sind mit einer eigenen Gastherme ausgestattet und verfügen über einen Keller. Die Wohnungen zur Straßenseite sind in einen Wohnraum und ein etwas kleineres Schlafzimmer eingeteilt, die ineinander übergehen. Vom kleinen Flur aus kommt man in die Küche und das Bad. Die Wohnungen haben keinen Balkon, ausgenommen die Wohneinheit im 4.OG. Von hier überblicken Sie die wunderschöne Umgebung der Altstadt und des historischen Museums. Die Wohnungen zur Hofseite (nach hinten) haben eine etwas größere Wohnfläche. Sie sind zusätzlich mit einem Balkon ausgestattet, der von der Küche aus begehbar ist. In allen Wohnungen sind kleine, separate Küchen mit Einbaumöbeln. Es gibt unterschiedliche Ausstattungsvarianten, teils 2- oder 4-Plattenherde mit Backofen oder Einbaumikrowellen und Spülen. In der Küche gibt es einen kleinen Abstell-/ Vorratsraum. Alle Badezimmer sind mit Duschen, Waschtisch, und WC ausgestattet. In allen Wohnräumen und Fluren liegt Massivholz-Parkettfussboden, in Küche und Bad sind helle Fliesen ausgelegt.Das Haus befindet sich direkt gegenüber dem historischen Museum in der historischen Altstadt. Die Leibnizuniversität liegt nur 1,5 km entfernt. Nur wenige Meter vom Leineufer entfernt, liegt es in dem hinteren Teil der Fußgängerzone sehr ruhig, aber dennoch mitten im Geschehen. Alle Einkaufsmöglichkeiten liegen in Gehweite. Die U-Bahnstation Markthalle U 3/7/9 ist in wenigen Gehminuten zu erreichen. Die historische Altstadt lebt durch das Flair, das die historischen Gebäude ausstrahlen. Eine Kneipen- und Restaurantszene, sowie die kleinen Verkaufsläden beleben die Umgebung. Es ist ein äußerst empfehlenwertes Immobilienobjekt in exponierter Lage von Hannover. In dieser Stadtlage sind ohne Zweifel Preissteigerungen zu erwarten." who="Heidi Grundler HannoverHome Mobil: 0172-2038785 Telefon: 0511-56364733 Mehr Details" phone="Mobil: 0172-2038785 Telefon: 0511-56364733" EigtID="28702" Bearbeitet="3" Objarttyp="2" OrtID="1"/>
  <Scout ScoutID="74696683" wogelegen="30177 Hannover Die vollständige Adresse der Immobilie erhalten Sie vom Anbieter. Karte ansehen" what="Die Betriebskosten sind in voller Höhe umlagefähig,Das Mehrfamilienhaus ist voll unterkellert und wurde ca. 1928 gebaut. Das Dachgeschoss wurde 1993 mit 2 Wohnungen voll ausgebaut. Der darüber befindliche Spitzboden könnte noch an die DG-Wohnungen angebunden werden. Das Haus hat 14 Wohnungen, davon 11 mit 2 Zimmern und 3 mit 3 Zimmern zzgl. Küche und Duschbad. 7 Wohnungen haben Balkone. Derzeit steht in der 1. Etage eine 3-Zimmer-Wohnung (ca. 67 m²) mit Balkon leer, die modernisiert werden muss. Die Mietpreise sind steigerungsfähig und betragen derzeit zwischen ? 5,49 bis ? 7,73 pro Quadratmeter. Alle Wohnungen sind mit Gasetagenheizungen ausgestattet.Die Liegenschaft liegt in der Nähe des Pelikanviertels, nur ein paar Gehminuten von der Eilenriede entfernt. Die Lage verfügt über sehr gute Verkehrsanbindungen zur A2 und A7 sowie zum Messeschnellweg. U-Bahn- und Bushaltestellen, Einkaufsmöglichkeiten für den täglichen Bedarf sowie Schulen und Kindergärten sind in wenigen Minuten fußläufig erreichbar." who="Herr Heinz Beeg Beeg Immobilienverwaltung Telefon: 0511 3481719 Mehr Details" phone="Telefon: 0511 3481719" Bearbeitet="1" Objarttyp="2" OrtID="1"/>
  <Scout ScoutID="74595125" wogelegen="30657 Hannover Die vollständige Adresse der Immobilie erhalten Sie vom Anbieter. Karte ansehen" what="Tiefgaragenstellplätze können zu den Wohnungen mit erworben werden. Kellerräume sind den Wohnungen bereits zugeordnet. Die voraussichtliche Fertigstellung der Stadtvilla soll in 2015 erfolgen.Auf einem ca. 8.800 Quadratmeter großen, parkähnlichen Grundstück idyllisch am kleinen Fluss Wietze und dem angrenzenden Naturschutzgebiet gelegen, entstehen vier eindrucksvolle Stadtvillen. Wir bieten Ihnen hier eines der vier Villen (Haus 1) als Investmentanlage an. Das Wohnungsbauprojekt ?Welfenhof-Villen? am Prüßentrift 85-87 vom Bauträger Heinz von Heiden GmbH Projektentwicklung mit Sitz in Isernhagen bietet hohe Wohnqualität in bester Lage verbunden mit einem besonderen Naturerlebnis. Die akzentuierte Architektur und Ausstattung der Welfenhof-Villa ist modern, zeitlos und innovativ. Die klare Formensprache setzt ganz bewusst auf Licht, Exklusivität und Natur als stimmungsgebende Elemente. Das geplante Gebäude ist barrierefrei gestaltet und mit Aufzügen ausgestattet. Die Wohngebäude verfügen über eine gemeinsame Tiefgarage mit PKW-Stellplätzen. Zu allen geplanten Grundrissen wird es verschiedene Varianten geben, die auch an die individuellen Wünsche des Erwerbers angepasst werden können. Gerne stellen wir Ihnen dieses einzigartige Neubauprojekt in einem persönlichen Präsentationstermin vor!In unserer angebotenen Stadtvilla entstehen 8 individuelle Wohnungen mit insgesamt 932 Quadratmetern: Von der 2-Zimmer-Wohnung mit ca. 91 Quadratmetern über 3 Zimmer-Wohnungen mit 143 Quadratmetern Wohnfläche sowie zwei Penthäusern. Dank bodentiefer Fenster können sich die zukünftigen Bewohner auf lichtdurchflutete Wohnungen freuen. Alle Wohnungen sind mit innovativer Haustechnik mit Fußbodenheizung und kontrollierter Wohnraumbelüftung mit Wärmerückgewinnung ausgestattet. Dank Fenstern mit Dreischeiben-Isolierverglasung sparen Sie Energie. Perfekter Sonnenschutz ist durch Außenlamellen in Führungsschienen mit elektrischem Antrieb gegeben. Das Wohngebäude ist in zweigeschossiger Bauweise mit jeweils einem Staffelgeschoss geplant und verfügen über eine helle Verblendfassade. Abgerundet wird das harmonische Gesamtbild der Anlage durch die attraktiv gestalteten Außenbereiche. Terrassen mit eigenem Garten, großzügige Balkone und Dachterrassen bieten ein hohes Maß an Intimität und Rückzugsmöglichkeiten. Das Gebäude wird als KfW-Effizienzhaus 70 gem. der EnEV (Energiesparverordnung) 2009 geplant.Isernhagen-Süd zählt zu den besten Adressen Hannovers. Der besondere Vorzug von Isernhagen-Süd ist die Symbiose aus hervorragender Infrastruktur und ländlicher Lage. Einkaufsmöglichkeiten, Ärzte und Kindergarten sowie die Stadtbahn sind fußläufig erreichbar. Die A 2 und den Flughafen Langenhagen erreichen Sie in wenigen Autominuten. Das Angebot an Sport- und Freizeitclubs und guten Restaurants in der malerischen Umgebung der umliegenden Bauernschaften, lässt keine Wünsche offen." who="IMMO.lounge-Hannover Mike-Oliver Schindler Schindler Immobilien IVD www.IMMOlounge-Hannover.de Telefon: 0511 56867060 Mehr Details" phone="Telefon: 0511 56867060" EigtID="28649" Bearbeitet="3" Objarttyp="2" OrtID="1"/>
  <Scout ScoutID="74518326" wogelegen="30457 Hannover Die vollständige Adresse der Immobilie erhalten Sie vom Anbieter. Karte ansehen" what="Ein Energieausweis ist beim Eigentümer angefordert liegt aber noch nicht vor.Moderner Supermarkt, solide vermietetlaufend modernisierter SupermarktDieser Supermarkt befindet sich in Hannover Wettbergen und ist sicher an Penny vermietet. Der Markt befindet sich gut sichtbar und anfahrbar am Rande eines Wohngebietes." who="Herr Bauer Bauer Immobilien Mobil: 01512 7019149 Telefon: 05130 9690012 Mehr Details" phone="Mobil: 01512 7019149 Telefon: 05130 9690012" Bearbeitet="1" Objarttyp="2" OrtID="1"/>
  <Scout ScoutID="74514270" wogelegen="30159 Hannover Die vollständige Adresse der Immobilie erhalten Sie vom Anbieter. Karte ansehen" what="Vielleicht möchten Sie sich mit einer anderen Wunschimmobilie eine sichere Wertanlage für die Zukunft bilden? Hier in Hannover bieten wir zur Zeit zwei Mehrfamilienhäuser zum Kauf an. Besuchen Sie gern unsere Internetseite. Seit über 25 Jahren beraten wir professionell unsere Kunden in Fragen der Vermögenssicherungen. Vereinbaren Sie gern einen unverbindlichen persönlichen Gesprächstermin. Für weitere Informationen rufen Sie uns bitte an oder senden eine Mail an kirchrode-immobilien@t-online.deSie suchen ein pflegeleichtes Mehrfamilienhaus in guter Stadtlage von Hannover mit 10 Wohnungen und mit 2 Gewerbeeinheiten? ? Stadtbekannte Adresse - ca. 10 Fußminuten zum Bahnhof ? sehr gut aufgeteilte helle Wohnungen - und Läden, alles komplett vermietet ? Dachboden ausgebaut - 2 Wohnungen mit Außenterrassen ? erneuerte Steigeleitungen vom Dach bis 1. OG, neue Haussprechanlage ? Laminatfußboden und Parkett - überwiegend neue Wannenbäder (mit Fenster) ? Vollunterkellerung, Nebengelass, kostenlose Parkmöglichkeiten direkt am HausEine ständig gute Vermietbarkeit ist aufgrund der sehr zentralen Innenstadtlage gegeben. Wir übernehmen auf Wunsch Vermietungsaufgaben." who="Frau Beatrice Semm-Krygier Kirchrode-Immobilien www.kirchrode-immobilien.de Telefon: 0511 525213 Mehr Details" phone="Telefon: 0511 525213" EigtID="8566" Bearbeitet="3" Objarttyp="2" OrtID="1"/>
  <Scout ScoutID="74468189" wogelegen="Brüsseler Str. xxx 30539 Hannover, Bemerode Karte ansehen Street View" what="Seit dem Jahr 1986 ist der internationale Wirtschaftsverlag Daten Info Service Eibl GmbH Herausgeber von Informationen zu dem Thema Zwangsversteigerungen von Immobilien. Bei uns finden Sie alle Versteigerungstermine und alle wichtigen Daten zu den einzelnen Immobilien, Häusern, Wohnungen. Die in diesem Expose verarbeiteten Daten wurden uns von Dritten übermittelt, bzw. dem gerichtsbestellten Gutachten entnommen und konnten von uns nicht geprüft werden. Eine Haftung kann daher nicht übernommen werden. Irrtum und Zwischenverkauf vorbehalten. Zusätzliche Informationen: Montags - Sonntags von 08:00 - 20:00 Uhr unter der Telefonnummer 0511-2139233.Halle mit Verwaltungs- und Sozialtrakt, 1.885 m² Nfl., Bj. 1989, inkl. 6.970 ? Zubehör Bitte kontaktieren Sie uns bei weiteren Fragen telefonisch, von Montag - Sonntag von 08:00 - 20:00 Uhr, unter der Telefonnummer 0511-2139233. Dieses Objekt wird beim zuständigen Amtsgericht versteigert. Verkehrswert: 701.970,00 EUR. Sichern Sie sich unter Umständen 30 % Nachlass auf den Verkehrswert und zahlen Sie somit für die oben genannte Immobilie nur 491.379,00 EUR. Ebenso entfallen Notarkosten und Maklercourtage. Dies ist eine von bundesweit 80.000 interessanten Immobilien, die wir in der aktuellen, monatlichen Ausgabe unseres kostengünstigen IMMOBILIENVERSTEIGERUNGS-KATALOGES veröffentlichen. Sichern Sie sich jetzt diese Informationen um Ihre Wunschimmobilie preisgünstig zu erwerben. Kataloginfos: Telefonnummer 0511-2139233." who="Daten Info Service Eibl GmbH http://www.zwangsversteigerungen... Telefon: 0511 2139233 Mehr Details" phone="Telefon: 0511 2139233" EigtID="29553" Bearbeitet="1" Objarttyp="2" OrtID="1"/>
  <Scout ScoutID="74466882" wogelegen="Wunstorfer Straße 46 30453 Hannover, Limmer Karte ansehen Street View" what="8 Wohnungen zwischen 36 und 70 m² 2 Läden mit 65 und 40 m² 2 Garagen und 8 PKW-Stellpätze auf dem Hof Alle Wohnungen sind komplett renoviert, weiße Dusch- und Wannenbäder, helle Parkettböden in Bädern und Küchen hochwertiger PVC-Boden Kunststoff-Iso-Fenster Treppenhaus renoviert Gas Etagenheizungen Energiepass ist vorhanden Kabelanschluss Frontfassade mit rotem Klinker neu verfugt hintere und seitliche Fassade mit Wärmeverbund-system gedämmt und gestrichen. Hofanlage asphaltiert Einstellpätze markiert und beschildert, mit Schranke gesichert. Das Haus ist komplett unterkellert.Das Haus befindet sich seit 30 Jahren im Familienbesitz. Renovierungs- und Reparaturabeiten wurden laufend durchgeführt, so dass sich das Haus in einem sehr guten Zustand befindet. Alle Wohnungen wurden laufend renoviert. Dusch- und Wannenbäder mit weißen Fliesen und weißen Sanitärobjekten. Parkettböden in den Wohnräumen, hochwertiger PVC-Boden in Küchen und Bädern. Kunststoff-Iso-FensterIm modernen, beliebten Stadtteil Limmer, zentral gelegen. Stadtbahnhaltestelle in direkter Nähe, Ihmestrand, Welfengarten, Universiäten, Fössebad, Schulen und Kindergärten, sowie alle Einkaufsmöglichkeiten in direkter Nähe." who="Frau Kerstin Ost Ost wohnen Telefon: 0511 7409615 Mehr Details" phone="Telefon: 0511 7409615" EigtID="28741" Bearbeitet="3" Objarttyp="2" OrtID="1"/>
  <Scout ScoutID="74308133" wogelegen="29389 Bad Bodenteich Die vollständige Adresse der Immobilie erhalten Sie vom Anbieter. Karte ansehen" what="RATISBONA ist seit 25 Jahren ein international tätiger Bauträger, der sich auf die Entwicklung, Realisierung und Vermarktung von Fachmarktzentren und Lebensmittelmärkten spezialisiert hat. In diesem Marktsegment zählt RATISBONA zu den führenden Unternehmen Deutschlands. Seit der Gründung hat RATISBONA insgesamt rund 1.100 Objekte im Einzelhandelsbereich realisiert, darunter sowohl Single-Standorte als auch Fachmarktzentren. Ein Team aus über 100 kompetenten Mitarbeitern setzt Maßstäbe - national und international. Dieses Angebot ist freibleibend. Zwischenverkauf und Änderungen sind vorbehalten. Grunderwerbssteuer, Notar- und Grundbuchkosten sind nicht im Kaufpreis enthalten. Der Verkauf durch RATISBONA direkt ist provisionsfrei, für die Vermittlung wird vom Verkäufer keine Provision gezahlt. Viele weitere Angebote auf www.ratisbona.org.Lage an einem Kreisverkehr direkt im Ortszentrum Bad Bodenteich ? Fertigstellung August 2013 ? Laufzeit Mietvertrag bis: 13.08.2028 ? 3 x 5 Jahre Option ? Exposé zum DownloadBad Bodenteich liegt nordöstlich von Hannover im Bundesland Niedersachsen. Die Samtgemeinde Bodenteich zählt derzeit ca. 6.200 Einwohner." who="Herr Gunther Freibauer Ratisbona Holding GmbH &amp; Co KG http://www.ratisbona.org Telefon: 0941 69840195 Mehr Details" phone="Telefon: 0941 69840195" Bearbeitet="1" Objarttyp="2" OrtID="1"/>
  <Scout ScoutID="74268852" wogelegen="30419 Hannover Die vollständige Adresse der Immobilie erhalten Sie vom Anbieter. Karte ansehen" what="Zum Objekt gehört eine Parkfläche mit überdachten PKW-Einstellplätzen. Das Wohn- und Geschäftshaus ist durch seine übersichtliche Größe besonders für einen Einzelanleger geeignet. Geringer Verwaltungsaufwand. Sie verhandeln direkt mit dem Eigentümer - es fällt keine Maklerprovision an. Gern senden wir Ihnen auf Anfrage weitere Unterlagen und Bilder.Ansprechendes Wohn- und Geschäftshaus mit vielen Nutzungsmöglichkeiten in zentraler ruhiger LageSehr gepflegtes Objekt, helles, modernes Treppenhaus mit Personenaufzug. 2013 wurde eine neue Heizungsanlage eingebaut und das gesamte Objekt neu gestrichen. Durch fortlaufende Renovierungen tiptop in Ordnung und vom Eigentümer gepflegt. Im linken Teil des Gebäudekomplexes befinden sich vier gepflegte helle Mieteinheiten sowie eine großzügige Arztpraxis. Der Gewerbetrakt ist langfristig vermietet und wurde 2014 komplett renoviert.Verkehrsgünstige und trotzdem ruhige Lage in Hannover Stöcken, verkehrsgünstig zur Autobahn und zum Flughafen Langenhagen." who="Frau Heise Mehr Details" phone="" Bearbeitet="1" Objarttyp="2" OrtID="1"/>
  <Scout ScoutID="74250176" wogelegen="30159 Hannover Die vollständige Adresse der Immobilie erhalten Sie vom Anbieter. Karte ansehen" what="Dieses Objekt und weitere überwiegend provisionsfreie Immobilien finden sich auf CommercialNetwork. CommercialNetwork ist der geschlossene Investmentmarktplatz von ImmobilienScout24. Legen Sie jetzt kostenlos ein Ankaufsprofil an und erhalten Sie Zugang zu zahlreichen provisionsfreien Investmentimmobilien. Oder nehmen Sie Kontakt zu uns auf. Gerne beantworten wir Ihre Fragen.Bei dem beschriebenen Objekt handelt es sich um eine provisionsfrei und diskret angebotene Immobilie direkt vom Eigentümer. Eine detallierte Objektbeschreibung und weitere Unterlagen erhalten Sie auf CommercialNetwork, dem geschlossenen Investmentmarktplatz von ImmobilienScout24. Um sich auf CommercialNetwork zu registrieren, klicken Sie den entsprechenden Link in den Kontaktdaten oder in der Anzeige." who="Frau Nathalie Freund CommercialNetwork http://www.immobilienscout24.de/... Telefon: 030 243011018 Mehr Details" phone="Telefon: 030 243011018" Bearbeitet="1" Objarttyp="2" OrtID="1"/>
  <Scout ScoutID="74248098" wogelegen="30165 Hannover Die vollständige Adresse der Immobilie erhalten Sie vom Anbieter. Karte ansehen" what="Dieses Objekt und weitere überwiegend provisionsfreie Immobilien finden sich auf CommercialNetwork. CommercialNetwork ist der geschlossene Investmentmarktplatz von ImmobilienScout24. Legen Sie jetzt kostenlos ein Ankaufsprofil an und erhalten Sie Zugang zu zahlreichen provisionsfreien Investmentimmobilien. Oder nehmen Sie Kontakt zu uns auf. Gerne beantworten wir Ihre Fragen.Bei dem beschriebenen Objekt handelt es sich um eine provisionsfrei und diskret angebotene Immobilie direkt vom Eigentümer. Eine detallierte Objektbeschreibung und weitere Unterlagen erhalten Sie auf CommercialNetwork, dem geschlossenen Investmentmarktplatz von ImmobilienScout24. Um sich auf CommercialNetwork zu registrieren, klicken Sie den entsprechenden link in den Kontaktdaten oder in der Anzeige.CommercialNetwork, dem geschlossenen Investmentmarktplatz von ImmobilienScout24. Um sich auf CommercialNetwork zu registrieren, klicken Sie den entsprechenden link in den Kontaktdaten oder in der Anzeige." who="Frau Nathalie Freund CommercialNetwork http://www.immobilienscout24.de/... Telefon: 030 243011018 Mehr Details" phone="Telefon: 030 243011018" Bearbeitet="1" Objarttyp="2" OrtID="1"/>
  <Scout ScoutID="74208057" wogelegen="30171 Hannover Die vollständige Adresse der Immobilie erhalten Sie vom Anbieter. Karte ansehen" what="Zum Verkauf kommt ein sehr gepflegtes Wohn-/Geschäftshaus mit 8 Wohn- und 3 Gewerbeeinheiten, 4 Garagen und zusätzlichen Pkw-Stellplätzen. Im Erdgeschoss befinden sich 3 Läden, wovon einer mit dem hofseitigen Anbau verbunden ist. Darüber liegen 8 Wohneinheiten, eine 1-Zimmer-Wohnung, zwei 2-Zimmerwohnungen, vier 3-Zimmerwohnungen, eine 4-Zimmerwohnung. Nahezu alle Wohnungen verfügen über ein modernes Wannenbad, Einbauküche einschließlich Herd mit Backofen, Kühl/Gefrierkombination, Geschirrspülmaschine, Laminatfußbodenbeläge und Video-Türsprechanlage. Teilweise sind hofseitige Balkone und Loggien vorhanden. Der Zustand der Wohnungen ist überwiegend hervorragend.Die Südstadt gehört zu den beliebtesten Wohnstandorten von Hannover. Geschätzt wird dieser Stadtteil wegen seiner citynahen Lage, der vielfältigen Einkaufsmöglichkeiten, sowie der Gastronomie- und Freizeitangebote." who="Immobilienabteilung HAUS &amp; GRUNDEIGENTUM Service GmbH www.haus-und-grundeigentum-hanno... Telefon: 0511 30030700 Mehr Details" phone="Telefon: 0511 30030700" EigtID="28611" Bearbeitet="3" Objarttyp="2" OrtID="1"/>
  <Scout ScoutID="74171156" wogelegen="30539 Hannover Bemerode Die vollständige Adresse der Immobilie erhalten Sie vom Anbieter. Karte ansehen" what="Bei dieser Liegenschaft handelt es sich um zwei größenteils vermietete Bürogebäude inkl. Lagerhalle. Bei den Mietern handelt es sich um Beratungs- und Dienstleistungsunternehmen.- Büro-, Ausstellungs- und Lagerflächen - Lagerhalle mit Lufterhitzer - Bürogebäude mit Gaszentralheizung - Einbauschränke - Brüstungskabelkanäle - EDV-gerechte Beleuchtung - Teeküche, moderne Sanitäranlagen - Isolierverglasung und Außenjalousien - fortlaufend modernisiert - Stellplätze - Energieausweis liegt vorDas Objekt befindet sich in der Landeshauptstadt Hannover in unmittelbarer Nähe zum Messegelände. Es besteht eine gute Anbindung an die Autobahnen A37 und A7. Der ICE-Messebahnhof ist ebenfalls schnell zu erreichen. Der ÖPNV befindet sich in direkter Umgebung." who="Herr Steffen Schroth EVC Hannover GmbH www.engelvoelkers.de Telefon: 0511 368020 Mehr Details" phone="Telefon: 0511 368020" Bearbeitet="1" Objarttyp="2" OrtID="1"/>
  <Scout ScoutID="74129057" wogelegen="Brabeckstraße 5 30159 Hannover, Kirchrode Karte ansehen Street View" what="Wir haben Ihr Interesse geweckt, dann fordern Sie bitte ein Exposè an.Das Wohn- und Geschäftshaus mit einer Gewerbeeinheit und zwölf 1 Zimmer/Küche/Bad und einer 3 Zimmer/Küche/Bad Wohnung in gesuchter und zentraler Lage im Herzen von Kirchrode. Das Objekt wurde in den vergangen Jahren nach Bedarf renoviert und saniert. Die Wohnungen sind alle vermietet.- Solides &quot;Stein auf Stein&quot; gebautes Haus mit Klinkerfassade und Putzfassade im Bereich der Anbaus sowie Flachdach. - Vollkeller - Holz- und Kunststofffenster mit - Isolierverglasung, teilweise neuwertig bzw. neu - Diverse Wohnungssanierungen Küche/Bad/Fußbodenbelege in den vergangenen Jahren nach Auszug und Bedarf. - Parkplätze mit 16 Stellplätzen für das Gewerbe - GaszentralheizungIn Kirchrode finden Sie eine ausgezeichnete und familienfreundliche Infrastruktur. Kindergärten und Schulen sind vorhanden, Bildungsträger und die TiHo gehören nach Kirchrode wie der Hermann-Löhns-Park, der Tiergarten und die Eilenriede. Selbstverständlich finden Sie hier auch alle üblichen Nahversorger und Ärzte. Die gute Verkehrsanbindung duch Straßenbahn und Bus ermöglicht kurze Wege in die City von Hannover. Auch der Südschnellweg und die Autobahn sind in wenigen Minuten erreichbar" who="Firma Pro Immobilia GmbH Pro Immobilia GmbH www.proimmobilia.de Telefon: 0511 35379973 Mehr Details" phone="Telefon: 0511 35379973" EigtID="28729" Bearbeitet="3" Objarttyp="2" OrtID="1"/>
  <Scout ScoutID="74111439" wogelegen="30539 Hannover Die vollständige Adresse der Immobilie erhalten Sie vom Anbieter. Karte ansehen" what="Dieses Objekt und weitere überwiegend provisionsfreie Immobilien finden sich auf CommercialNetwork. CommercialNetwork ist der geschlossene Investmentmarktplatz von ImmobilienScout24. Legen Sie jetzt kostenlos ein Ankaufsprofil an und erhalten Sie Zugang zu zahlreichen provisionsfreien Investmentimmobilien. Oder nehmen Sie Kontakt zu uns auf. Gerne beantworten wir Ihre Fragen.Bei dem beschriebenen Objekt handelt es sich um eine provisionsfrei und diskret angebotene Immobilie direkt vom Eigentümer. Eine detallierte Objektbeschreibung und weitere Unterlagen erhalten Sie auf CommercialNetwork, dem geschlossenen Investmentmarktplatz von ImmobilienScout24. Um sich auf CommercialNetwork zu registrieren, klicken Sie den entsprechenden Link in den Kontaktdaten oder in der Anzeige." who="Frau Nathalie Freund CommercialNetwork http://www.immobilienscout24.de/... Telefon: 030 243011018 Mehr Details" phone="Telefon: 030 243011018" Bearbeitet="1" Objarttyp="2" OrtID="1"/>
  <Scout ScoutID="74103721" wogelegen="30659 Hannover Die vollständige Adresse der Immobilie erhalten Sie vom Anbieter. Karte ansehen" what="Das angebotene Wohn- und Geschäftshaus beinhaltet fünf Wohneinheiten, wovon die beiden Erdgeschosswohnungen derzeit zusammengelegt sind und als Praxisfläche fungieren (Mietvertrag 8 Jahre + Optionen). Die drei hellen und modernen Maisonette-Wohnungen im Obergeschoss verfügen alle über Südbalkone. Die Flächen des hochwertigen Fachwerkhauses, welches bisher als Büro genutzt wurde, erstrecken sich ebenfalls über zwei Etagen und bieten eine flexible Raumaufteilung. Des Weiteren gehört zu diesem Objekt eine vollwertige Einbauküche und eine geschützte Terrasse. Eine Umnutzung zu Wohnzwecken lässt sich mit geringem Auf-wand problemlos darstellen. Stellplätze für beide Objekte befinden sich direkt am Haus. Tiefgaragenplätze können optional mit angemietet oder gekauft werden.Das Objekt befindet sich im Stadtteil Bothfeld, welcher geprägt ist durch seinen dörflichen Charakter mit vielen Rotklinkerbauten und alten Bauernhäusern. Das Objekt befindet sich in fußläufiger Entfernung zum neu entstandenen Ein-kaufspark Klein-Buchholz. Neben einem etablierten Wohnstandort hat sich Bothfeld in den letzten Jahren zu einem sehr nachgefragten Büro- und Dienstleistungsquartier entwickelt. Die Anbindung an das Zentrum von Hannover mit Bussen und Bahnen, die optimale Entfernung zu den Schnellwegen und Autobahnen sowie die Nähe zu den Verwaltungssitzen großer Unternehmen verleihen Bothfeld ganz besonderes Interesse." who="Herr Markus Luthe EVC Hannover GmbH www.engelvoelkers.com/hannover Telefon: 0511 368020 Mehr Details" phone="Telefon: 0511 368020" Bearbeitet="1" Objarttyp="2" OrtID="1"/>
  <Scout ScoutID="74087577" wogelegen="30453 Hannover (Ahlem) Die vollständige Adresse der Immobilie erhalten Sie vom Anbieter. Karte ansehen" what="Der Kaufpreis beträgt EUR 895.000,--. Finanzierungsservice: Wir bieten Ihnen gern, auch als Alternativangebot, eine individuell sowie optimal abgestimmte Finanzierung an. Die Finanzierung erfolgt durch ein namhaftes deutsches Kreditinstitut mit Topkonditionen, flexibler Zinsbindung, individuellen Laufzeiten, flexiblen Tilgungsätzen und Sondertilgungsoptionen. Nutzen Sie unseren Service und sprechen Sie uns an! Anmerkung: Unterlagen mit detaillierten Informationen zum Objekt sowie weitere Auskünfte über eine Objektbesichtigung erhalten Sie bei uns kostenlos und unverbindlich. Die vorstehenden, freibleibenden Angaben sind sorgfältig recherchiert und werden ständig aktualisiert. Da sie jedoch ausschließlich auf Auskünfte von dritter Seite basieren, wird keine Gewähr, Haftung oder Garantie übernommen. Weitere interessante Immobilienangebote finden Sie auch unter www.lwk-immobilien.de. Nicht veröffentlichte Angebote speziell aus den Bereichen Anlageimmobilien und Gewerbeimmobilien können unter info@lwk-immobilien.de abgefragt werden. ++ Sie haben selbst eine Immobilie die Sie verkaufen oder vermieten möchten? ++ Wir haben täglich Kontakt zu Kunden, die auf der Suche nach einer passenden Immobilie sind und stehen Ihnen gern bei der Vermittlung Ihrer Immobilie mit unserer langjährigen Expertise zur Verfügung. Die Bewertung und Vermittlung sind für Sie als Eigentümer kostenlos! Sie erreichen uns unter der Telefonnummer 0511-8998770. Wir freuen uns auf Ihren Anruf!Angeboten wird ein viergeschossiges und voll unterkellertes Mehrfamilienhaus mit 9 Wohnungen/Einheiten, 3 Garagen, teilausgebautem Dachgeschoss und einer Gartenfläche mit Freisitz. Das Gebäude wurde im Jahre 1960 erbaut und fortlaufend instandgehalten sowie modernisiert (zuletzt 2012). Die Raumaufteilung der Wohnungen im Erdgeschoss bis 3. Obergeschoss gestaltet sich wie folgt: - links/rechts: Flur, Küche mit Abstellkammer und Ausgang zum Balkon (Gartenseite), Wohnzimmer mit Ausgang zum Balkon (Straßenseite), Schlafzimmer, Kinderzimmer, Badezimmer mit Wanne und Fenster Die Raumaufteilung/Nutzung des Dachgeschosses gestaltet sich wie folgt: - links: Flur, Küche, Wohnzimmer, Schlafzimmer, Kinderzimmer, Badezimmer mit Dusche - rechts: Trockenboden Zu den Ausstattungsmerkmalen gehören z. B. Kunststofffenster mit Isolierverglasung, modernisierte Bäder (bis auf zwei) und eine neue Gas-Zentralheizung. Aktuell sind alle Wohnungen und die Garagen vermietet. Eine detaillierte Objektbeschreibung, Ansichten/Grundrisse, weitere Objektbilder und die Angaben zu den Mieteinnahmen erhalten Sie mit unserem kostenlosen Exposé. Lage: Das Mehrfamilienhaus befindet sich in guter und zentraler Wohnlage von Hannover-Ahlem. Versorgungsmöglichkeiten zur Deckung des täglichen Bedarfs sowie Haltestellen des öffentlichen Personennahverkehrs (Bus und Straßenbahn) sind fußläufig zu erreichen. Öffentliche und kulturelle Einrichtungen, wie Kindergärten, Schulen, Ämter, Ärzte etc. sowie Freizeitangebote sind in Ahlem und Hannover (ca. 6,5 km bis ins Zentrum) vielfältig vorhanden. Eine gute regionale und überregionale Verkehrsanbindung ist u. a. durch die Carlo-Schmid-Alle und die Bundesstraßen B 6, B 65, B 441 gewährleistet." who="Seit über 30 Jahren Verkauf und Vermietung von Immobilien. LWK Vermittlungs- und Handelsgesellschaft mbH www.lwk-immobilien.de Mehr Details" phone="" EigtID="28628" Bearbeitet="3" Objarttyp="2" OrtID="1"/>
  <Scout ScoutID="73851578" wogelegen="Zeißstraße 63 30519 Hannover, Seelhorst Karte ansehen Street View" what="Habe ich Sie neugierig gemacht? Benötigen Sie weitere Informationen? Gern stehe ich Ihnen mit Unterlagen oder für eine Besichtigung zur Verfügung. Sie erreichen mich unter Telefon (05 11) 44 95 95 45 oder (01 76) 74 75 93 69. Ist dies nicht das für Sie passende Objekt? Bitte teilen Sie mir Ihr Gesuch mit, ich mache Ihnen gern ein Alternativangebot.Dieses 2008 umfangreich sanierte Anwesen verfügt über mehrere Mieteinheiten und ist derzeit voll besetzt. Ein Teil der Mietfläche wird vom Eigentümer selbst genutzt und wurde beim Verkauf frei werden. Hier gibt es allerdings bereits Mietinteressenten. Durch die hochwertig sanierten Flächen und die Lage in einem innenstadtnahen Gewerbegebiet mit Anschlüssen an den Fernverkehr in alle Richtungen stellt sich hier eine excellente dauerhafte Vermietbarkeitseinschätzung dar. Der Büromarkt in Hannover gilt als sehr jung und dynamisch und zeichnet sich durch sehr gerine Leerstandsquoten aus. Prognosen zufolge wird eine weiterhin hohe Nachfragesteigerung in Hannover vorliegen, allein seit 2008 ist die Zahl der in Büros Beschäftigten um ca. 10.000 Personen anegstiegen. Da im Innenstadtbereich Engpässe erwartet werden, kann gerade in dieser zentralen Lage von einer steigenden Nachfrage ausgegangen werden. - Ein Energieausweis wurde bereits beantragt und wird vor der ersten Besichtigung übergeben. -Das Objekt ist in den Jahren 2007 / 2008 umfangreich saniert worden und hochwertig ausgestattet. Auf 3 Etagen stehen Büros und Lagerflächen zur Verfügung, darüber hinaus ist das Gebäude unterkellert und besitzt große Freiflächen und Parkplätze.Die Zeißstraße ist zwischen der Südstadt und Döhren direkt am Südschnellweg (B3, B6, B65, Verbindung zur A2, A7, A37) gelegen. Zum Stadtzentrum sind es nur wenige Minuten mit dem Auto oder der Staßenbahn. Hannover ist die Landeshauptstadt Niedersachsens und hat ca. 520.000 Einwohner, womit sie zu den 15 größten Städten Deutschlands gehört. International bekannt durch seine Messen (Expo 2000, CeBIT, Hannover Messe) und verkehrsgünstig an wichtigen Nord-Süd- und Ost-West-Trassen von Autobahn und Eisenbahn gelegen, wird Hannover auch bei Investoren immer beliebter." who="Herr Marcel Kampmann fesser:immobilien www.fesser-immobilien.de Mobil: 0176 74759369 Telefon: 0511 44989545 Mehr Details" phone="Mobil: 0176 74759369 Telefon: 0511 44989545" EigtID="28818" Bearbeitet="3" Objarttyp="2" OrtID="1"/>
  <Scout ScoutID="73671191" wogelegen="30159 Hannover Die vollständige Adresse der Immobilie erhalten Sie vom Anbieter. Karte ansehen" what="Sind Sie interessiert? Gern erteilen wir Ihnen weitere Auskünfte und ermöglichen eine Besichtigung. Hierzu sind eine Verschwiegenheitserklärung sowie ein Bonitätsnachweis erforderlich. Bitte rufen Sie mich unter (05 11) 44 98 95 45 oder (01 76) 74 75 93 69 an.Streßfreie Anlage gesucht? Ein Paket von Rotlichobjekten mit Generalmieter erspart Ihnen den Streß vieler Einzelmieter und ständiger Renovierungen. Sichere, faire Rendite mit wenig Aufwand für den kalkulierenden Anleger. - Ein Energieausweis wurde bereits beantragt und wird vor der ersten Besichtigung übergeben. -Zentral in der Landeshauptstadt Hannover." who="Herr Marcel Kampmann fesser:immobilien www.fesser-immobilien.de Mobil: 0176 74759369 Telefon: 0511 44989545 Mehr Details" phone="Mobil: 0176 74759369 Telefon: 0511 44989545" EigtID="28818" Bearbeitet="3" Objarttyp="2" OrtID="1"/>
  <Scout ScoutID="73645748" wogelegen="Heidering 23 30625 Hannover, Heideviertel Karte ansehen Street View" what="Alle Angaben ohne Gewähr. Besichtigungstermine müssen wir ca. 10 Tage vorher anmelden. Wir freuen uns auf Ihre Anfrage, vorzugsweise per E-Mail.Zu verkaufen ist dieses interessante Anlageobjekt, das an die Deutsche Post Immobilien GmbH (DPI) bis mind. 30.06.2018 vermietet ist. Weitere Auskünfte erhalten Sie gern auf Nachfrage.Verkehrsgünstig gelegen; 5 Minuten zum S-Bahn, zur A7, A2 ca. 10 Minuten. In ca. 2 bis 10 Minuten erreichbar: Medizinische Hochschule Hannover (MHH-direkt ggü.), Annateich, Maschsee, Hermann Löns-Park, Tiergarten." who="Herr Oliver Witt Witt Immobilien Mobil: 0175 8029702 Telefon: 040 41913447 Mehr Details" phone="Mobil: 0175 8029702 Telefon: 040 41913447" Bearbeitet="1" Objarttyp="2" OrtID="1"/>
  <Scout ScoutID="73633218" wogelegen="30177 Hannover Die vollständige Adresse der Immobilie erhalten Sie vom Anbieter. Karte ansehen" what="Zum Verkauf kommt ein stilvoll gestaltetes und denkmalgeschütztes Mehrfamilienhaus in interessanter Ecklage mit 9 Wohn- und 4 Gewerbeeinheiten, das im Jahr 1906 errichtet wurde. Im Erdgeschoss befinden sich 4 Ladenflächen, wovon eine mit dem Hofgebäude verbunden ist und somit über zusätzliche Büro- und Lagerflächen verfügt. Eine Wohnung mit ca. 154 m² Wohnfläche, großzügiger Raumaufteilung, Parkett- und Dielenboden steht leer, so dass diese Wohnung von dem neuen Eigentümer sofort selbst genutzt oder ebenfalls vermietet werden kann. Die Bäder wurden teilweise modernisiert. Die Beheizung erfolgt durch Gasetagenheizungen. Die Angabe der Jahresnettomiete bezieht sich auf die Vollvermietung des Objektes.Der Stadtteil List gehört zu den beliebtesten Wohnlagen Hannovers. Die Nähe zum Stadtwald Eilenriede und zur belebten Fußgängerzone ?Lister Meile? verleihen diesem Wohnstandort neben der zentralen und innenstadtnahen Lage einen hohen Freizeitwert." who="Immobilienabteilung HAUS &amp; GRUNDEIGENTUM Service GmbH www.haus-und-grundeigentum-hanno... Telefon: 0511 30030700 Mehr Details" phone="Telefon: 0511 30030700" EigtID="28611" Bearbeitet="3" Objarttyp="2" OrtID="1"/>
  <Scout ScoutID="73615414" wogelegen="Schützenallee 1 30519 Hannover, Döhren Karte ansehen Street View" what="Habe ich Sie neugierig gemacht? Benötigen Sie weitere Informationen? Gern stehe ich Ihnen mit Unterlagen oder für eine Besichtigung zur Verfügung. Sie erreichen mich unter Telefon (05 11) 44 98 95 45 oder (01 76) 74 75 93 69. Ist dies nicht das für Sie passende Objekt? Bitte teilen Sie uns Ihre Suchparameter mit und wir machen Ihnen gern ein Alternativangebot.Hannover: Junger Büroflächenbestand mit geringsten Niveau an Leerstandsflächen und stetig wachsender Nachfrage! Es handelt sich bei diesem Objekt um ein 3,5 geschossiges Bürogebäude, mit rund 3.100,00 m² Bürofläche, welches aus zwei Gebäudeteilen besteht, bei welchem der Zugang zum jeweiligen anderen Gebäudeteil, auf jeder Etage über den Flur, und im 1. Obergeschoss über einen verglasten Übergang erfolgt. Jedes der Vollgeschosse ist mit zwei, etwa 7,22 m² großen, Teeküchen sowie getrennten WCs für Männer und Frauen ausgestattet. Die WC-Anlagen wurden saniert sowie modernisiert und sind mit Fenstern, modischen Heizkörpern und Fliesen in weiß / beige ausgestattet. Die Teeküchen bieten genügend Stauraum für Mitarbeiter und sind allesamt mit Geschirrspülern und Kühlschränken versehen. Das Gebäude verfügt über insgesamt 82 Büroräume, welche allesamt mit zeitlosem Teppichboden und großen Fenstern ausgestattet sind. Viele Teppichböden der Büroräume sowie die Flure wurden zudem durch hochwertigen Granitfußboden ersetzt. Zahlreiche Büros besitzen ebenfalls integrierte Einbauschränke. Des Weiteren gehören 55, teilweise überdachte, PKW-Stellplätze zu dem Objekt. Derzeit sind die Büroflächen an über 20 verschiedene Mietparteien vermietet. Die reinen Bürogebäude machen 70% des Gesamtbestandes der Immobilien in Hannover Stadt aus, in welchen Büros untergebracht sind. Prognosen zufolge steigt die Nachfrage von Neubauflächen für ?Büroimmobilien? nochmals um ca. 345 tausend m² Bruttogeschossfläche. Dem Innenstadtbereich werden Potentialengpässe gegenüberstehen, da die Zahl der Bürobeschäftigten seit 2008 nochmals um ca. 10.000 gestiegen ist. Demnach wird die Lage am Maschsee äußerst gefragt sein, da dieser unmittelbar an den Innenstadtbereich angrenzt. Durch die Verlagerung der Büroräume steigen somit auch hier die Möglichkeiten der zu erzielenden Mieteinnahmen. - Ein Energieausweis wurde bereits beantragt und wird vor der ersten Besichtigung übergeben. -Das Erdgeschoss verfügt über insgesamt 28 Büroräume, welche eine Durchschnittsgröße von ca. 20,71 m² haben. Zudem besitzt dieses Geschoss einen einladenden und repräsentativen Empfangsbereich mit Tresen, Glasfront und direkt anliegendem Bürobereich, bei einer Größe von ca. 37,5 m². Von dort aus gelangt man über die Treppen oder den Fahrstuhl in die anderen Geschosse sowie über den Flur in den zweiten Gebäudeteil. Das 1. Obergeschoss verfügt über 26 Büro- und Besprechungsräume bei einer Durchschnittsgröße von ca. 24,41 m². In diesem Geschoss befindet sich der verglaste Zugang zum Gebäudeteil 2, von welchem aus man direkt auf die Parkflächen des Gebäudes blicken kann. Das 2. Obergeschoss besteht aus 23 Büroräumen von durchschnittlich 28,10 m² Größe. Das ausgebaute Obergeschoss des 1. Gebäudeteils verfügt, im Gegensatz zu den Vollgeschossen, nur über eine Teeküche sowie ein WC für Herren. Dieses Geschoss besitzt 5 Büroräume, welche im Schnitt 24,47 m² groß sind.Hannover ist die Hauptstadt des Landes Niedersachsen. Heute gehört Hannover mit rund 514.137 Einwohnern zu den 15 größten Städten Deutschlands. Die an der Leine gelegene Stadt ist durch die seit 1947 stattfindende Hannover Messe sowie die CeBIT-Messe international bekannt. Hier kreuzen sich wichtige Schienen- und Straßenverkehrsverbindungen der Nord-Süd-Richtung mit solchen der Ost-West-Richtung. Das Objekt befindet sich lediglich 8 Minuten vom Kröpcke und Hauptbahnhof entfernt! Durch diese sehr zentrale Lage haben Sie perfekte Anbindungsmöglichkeiten, sei es mit dem Auto oder den öffentlichen Verkehrsmitteln. Der bekannte Maschsee sind liegt direkt vor Ihrer Tür! Hier können die Mitarbeiter die Mittagspause bei einem gemütlichen Spaziergang genießen. Sämtliche Einkaufmöglichkeiten stehen im Umkreis von 1,5 km zur Verfügung!" who="Herr Marcel Kampmann fesser:immobilien www.fesser-immobilien.de Mobil: 0176 74759369 Telefon: 0511 44989545 Mehr Details" phone="Mobil: 0176 74759369 Telefon: 0511 44989545" EigtID="28818" Bearbeitet="3" Objarttyp="2" OrtID="1"/>
  <Scout ScoutID="73588117" wogelegen="30629 Hannover (Misburg-Nord) Die vollständige Adresse der Immobilie erhalten Sie vom Anbieter. Karte ansehen" what="Der Kaufpreis beträgt EUR 890.000,--. Finanzierungsservice: Wir bieten Ihnen gern, auch als Alternativangebot, eine individuell sowie optimal abgestimmte Finanzierung an. Die Finanzierung erfolgt durch ein namhaftes deutsches Kreditinstitut mit Topkonditionen, flexibler Zinsbindung, individuellen Laufzeiten, flexiblen Tilgungsätzen und Sondertilgungsoptionen. Nutzen Sie unseren Service und sprechen Sie uns an! Anmerkung: Unterlagen mit detaillierten Informationen zum Objekt sowie weitere Auskünfte über eine Objektbesichtigung erhalten Sie bei uns kostenlos und unverbindlich. Die vorstehenden, freibleibenden Angaben sind sorgfältig recherchiert und werden ständig aktualisiert. Da sie jedoch ausschließlich auf Auskünfte von dritter Seite basieren, wird keine Gewähr, Haftung oder Garantie übernommen. Weitere interessante Immobilienangebote finden Sie auch unter www.lwk-immobilien.de. Nicht veröffentlichte Angebote speziell aus den Bereichen Anlageimmobilien und Gewerbeimmobilien können unter info@lwk-immobilien.de abgefragt werden. ++ Sie haben selbst eine Immobilie die Sie verkaufen oder vermieten möchten? ++ Wir haben täglich Kontakt zu Kunden, die auf der Suche nach einer passenden Immobilie sind und stehen Ihnen gern bei der Vermittlung Ihrer Immobilie mit unserer langjährigen Expertise zur Verfügung. Die Bewertung und Vermittlung sind für Sie als Eigentümer kostenlos! Sie erreichen uns unter der Telefonnummer 0511-8998770. Wir freuen uns auf Ihren Anruf!Bei der angebotenen Immobilie handelt es sich um zwei gewerbliche Gebäudeteile, ein Büro-/Verwaltungsgebäude und ein vielfältig nutzbares Sitzungs-/Seminargebäude. Das Sitzungsgebäude wurde in den Jahren 1972/1975 erbaut und das Verwaltungsgebäude wurde 1980 hinzugebaut. Beide Gebäude wurden 2001 komplett saniert sowie modernisiert und sind über einen repräsentativen Eingangsbereich und über den Keller miteinander verbunden. Die gesamte Liegenschaft macht einen gepflegten und sehr gut instandgehaltenen Eindruck. Ausstattungsmerkmale im Überblick: - ein- bzw. viergeschossige Massivbauweise - Vollkeller (ca. 793 m² Nutzfl.) - helle u. freundlich Büroräume (ca. 1.505 m² Nutzfl.) - hochwertige u. zeitgemäße Ausstattung - behindertengerechter Ausbau im Seminarbereich - großer u. durch eine elektr. faltbare Trennwand teilbarer Sitzungsraum - moderne Sanitäranlagen, behindertengerechte Toilette - Fahrstuhl KG - 3. OG - Dachterrasse - Anlieferungsbereich mit Rampe, Lastenaufzug - Alu- u. Kunststofffenster mit Isolierverglasung - Gas-Zentralheizung - Parkplatz mit ca. 30 PKW-Stellplätzen Das Objekt ist tlw. vermietet. Eine detaillierte Objektbeschreibung, Ansichten/Grundrisse und weitere Objektbilder erhalten Sie mit unserem kostenlosen Exposé. Lage: Die Immobilie befindet sich im Stadtteil Misburg-Nord (ca. 12 km vom Zentrum Hannover entfernt), in der Nähe des Landschaftsschutzgebietes Misburger Wald. Versorgungsmöglichkeiten zur Deckung des täglichen Bedarfs sowie Haltestellen des öffentlichen Personennahverkehrs sind fußläufig zu erreichen. Eine sehr gute regionale und überregionale Verkehrsanbindung ist u. a. durch die Bundesstraßen B 3, B 65 und die Autobahnen A2, A 7 gewährleistet." who="Seit über 30 Jahren Verkauf und Vermietung von Immobilien. LWK Vermittlungs- und Handelsgesellschaft mbH www.lwk-immobilien.de Mehr Details" phone="" EigtID="28628" Bearbeitet="3" Objarttyp="2" OrtID="1"/>
  <Scout ScoutID="73392393" wogelegen="30627 Hannover Die vollständige Adresse der Immobilie erhalten Sie vom Anbieter. Karte ansehen" what="Für weitere Auskünfte fordern Sie bitte, unter Angabe Ihrer kompletten Adresse mit Telefonnummer, unser Exposé an.Diese Wohnanlage besteht aus zwei 3-geschossigen Wohnhäusern mit ausgebautem Dachgeschoss. 1990 wurde dieses Objekt in massiver Bauweise erstellt, es ist komplett verklinkert. Die Etagenwohnungen sind mit einer Loggia ausgestattet. Das Objekt ist voll unterkellert." who="Frau Gabriele Hagemann Warnecke-Immobilien www.warnecke-immobilien.de Telefon: (0511)571212 Mehr Details" phone="Telefon: (0511)571212" EigtID="8862" Bearbeitet="3" Objarttyp="2" OrtID="1"/>
  <Scout ScoutID="73377619" wogelegen="Bartweg 1 30453 Hannover, Linden-Mitte Karte ansehen Street View" what="Habe ich Sie neugierig gemacht? Benötigen Sie weitere Informationen? Gern stehe ich Ihnen mit Unterlagen oder für eine Besichtigung zur Verfügung. Sie erreichen mich unter Telefon (05 11) 44 98 95 45 oder (01 76) 74 75 93 69. Ist dies nicht das für Sie passende Objekt? Bitte teilen Sie uns Ihre Suchparameter mit und wir machen Ihnen gern ein Alternativangebot.Dieses spannende Gewerbeareal am Lindener Hafen umfasst aktuell einen großen Hochzeitssaal, einen kleineren Veranstaltungsraum mit Hotelzimmern, einen Reifenhandel und Lagerflächen. Zwei Flächen sind aktuell vakant, hier sind wir für Sie bereits auf Mietersuche. Neben den Mietflächen bietet das Objekt noch ein Hallenfundament mit intaktem Vollkeller. Hier kann z.b. mit einer Stahlskelettkonstruktion günstig weitere Hallenfläche geschaffen werden. Auf dem Grundstück gibt es eine große Anzahl von Parkflächen. Die Gebäude wurden gerade im Bereich der Hochzeits- und Veranstaltungsflächen in den letzten Monaten gründlich renoviert, teilsaniert und modernisiert. - Ein Energieausweis wurde bereits beantragt und wird vor der ersten Besichtigung übergeben. -- Massivbauweise - 7 Einheiten - großteils vermietet - viele Parkplätze - teils modernisiertDer Bartweg liegt direkt am Lindener Gewerbehafen und verbindet die Badenstedter Straße und die Davenstedter Straße. Binnen 5 Minuten erreicht man das hannoversche Schnellwegsystem (B3, B6, B65, B217) und die Bundesautobahnen A2 und A7. In die Innenstadt fährt man mit Straßenbahn oder Auto je ca. 10 Minuten." who="Herr Marcel Kampmann fesser:immobilien www.fesser-immobilien.de Mobil: 0176 74759369 Telefon: 0511 44989545 Mehr Details" phone="Mobil: 0176 74759369 Telefon: 0511 44989545" EigtID="28818" Bearbeitet="3" Objarttyp="2" OrtID="1"/>
  <Scout ScoutID="73141250" wogelegen="30171 Hannover Die vollständige Adresse der Immobilie erhalten Sie vom Anbieter. Karte ansehen" what="Für weitere Informationen oder zur Vereinbarung eines Besichtigungstermins stehe ich gerne zur Verfügung. Auch ein ausführliches Exposee und weitere Unterlagen sende ich Ihnen gern zu. Telefonisch erreichen Sie mich unter der Nummer:0511/2281621 - ich freue mich auf Ihren Anruf, Ihre Erika EnglitzEs handelt sich um ein Mehrfamilienhaus mit 10 Wohneinheiten und ein separates Ladengeschäft. Durch die Nachbarschaft von verschiedenen Geschäften und Restaurationen ist dort eine gute Kundenfrequenz gegeben. Die Anlage an sich wurde in der Nachkriegszeit im Rahmen des Wiederaufbaus und erstmals in aufgelockerter Bauweise errichtet. Hierfür wurde seinerzeit ein Architektenwettbewerb ausgeschrieben. Das umgesetzte Siegermodell von damals ist erhaltenswert und steht darum sogar unter Denkmalschutz.Das Wohnhaus ist in Reihe mit den ähnlichen Häusern aus der gleichen Bauperiode angelegt.Es handelt sich um das Eckhaus. Die Gesamtsubstanz ist als gepflegt zu bezeichnen, lediglich kleine ?kosmetische? Schäden sind teilweise aufgetreten. Das Objekt wurde laufend gepflegt und befindet sich in gutem Allgemeinzustand. Die Wohnflächen der 10 Wohnungen jeweils 5 Drei- bzw. Vierzimmerwohnungen ? liegen zwischen 58 und 73 m². Alle Einheiten verfügen über Bäder mit Fenster ( 3 Bäder sind bereits saniert) und Balkone. Die Beheizung und Warmwasserversorgung erfolgt über Gasthermen ( Baujahre 1992 bis 2005), die Fenster sind mit Isolierverglasung versehen und stammen aus dem Jahre 1999, sie sind in Abstimmung mit dem Denkmalschutz so erstellt worden. Das Treppenhaus ist ein Klassiker des damaligen Baustils und sehr gepflegt, der Keller ist trocken und in exzellentem Zustand, die Hausanschlüsse sind im Keller untergebracht. Die Elektrik ist teilweise zentralisiert und im Keller sind Kabelanschluß und Glasfaserkabel vorhanden, das Dach wurde mit Betondachsteinen gedeckt und ist bereits gedämmt. Den Mietern stehen ein gemeinschaftlicher Trockenboden und Fahrradkeller, sowie separate Bodenkammern und Keller zur Verfügung. Dach (gedämmt) mit Bodenkammern Die Grünfläche zwischen Gewerbeeinheit und Wohnbereich vermittelt angenehm zwischen den beiden Teilen der Einheit. Alle Wohnungen sind gut vermietet.Das Objekt befindet sich im Herzen der Südstadt - nur etwa 500 Meter entfernt vom Maschsee oder vom Aegi. Der Gewerbeteil befindet sich an einer gut frequentierten Straße, das Wohnhaus ist in ruhiger zurück gesetzter Lage. - Ein optimaler Standort!" who="Frau Erika Englitz Englitz Immobilien www.englitz-immobilien.de Telefon: 0511 2281621 Mehr Details" phone="Telefon: 0511 2281621" EigtID="28629" Bearbeitet="3" Objarttyp="2" OrtID="1"/>
  <Scout ScoutID="72942552" wogelegen="30159 Hannover Die vollständige Adresse der Immobilie erhalten Sie vom Anbieter. Karte ansehen" what="Geschäftsbedingungen: Unser Angebot ist freibleibend und unverbindlich. Die Objektdaten stammen vom Anbieter. Eine Gewähr der Richtigkeit und Vollständigkeit wird nicht übernommen. Das Angebot ist nur für Sie bestimmt und darf nicht an Dritte weitergegeben werden. Eine Weitergabe verpflichtet zur Zahlung der Courtage, falls ein Dritter dadurch zum Vertragsabschluss kommt. Ein vom Vermittler durch die Post mitgeteiltes Angebot wird als bisher unbekannt akzeptiert, wenn nicht innerhalb von 3 Werktagen schriftlich Widerspruch erfolgt. Bei Widerspruch hat der Empfänger dem Vermittler zu beweisen, wann und woher er die Kenntnis des Angebotes hat. Bei Unterlassung ist er provisionspflichtig. Die Courtage, sowie die MwSt. sind bei Abschluss eines Vertrages durch unseren Nachweis oder unsere Vermittlung ? unbeschadet eines Entgeltes von der Gegenseite - fällig. Mitursächlichkeit der Tätigkeit unseres Unternehmens genügt, um einen vollen Provisionsanspruch entstehen zu lassen. Die Kontaktaufnahme zwischen Käufer/Mieter und Verkäufer/Vermieter ist grundsätzlich über uns einzuleiten. Bei Direktverhandlungen ist auf uns Bezug zu nehmen und uns über das Ergebnis Nachricht zu geben. Soweit keine andere Regelung vereinbart ist, darf eine Innen- und Außenbesichtigung nur im Einvernehmen mit uns und der Verkäuferseite/Vermieterseite vorgenommen werden. Erfüllungsort und Gerichtsstand ist Hannover.Auf Wunsch stehen wir Ihnen mit weiteren Informationen und Unterlagen zum Objekt und Verkäufer sowie Verhandlungen zur Verfügung. Im Übrigen gelten unsere Allgemeinen Geschäftsbedingungen. Alle Angaben laut Auskunft des Eigentümers. Bei einem Zinssatz von ca. 3% p.a. würde eine Belastung von ca. ? 42.000,- p.a. für den Abtrag entstehen. Die Differenz aus dem Überschuss aus Vermietung und Verpachtung von ca. ? 63.000,- p.a. könnte dann für die Tilgung bzw. Rücklagen und Instandsetzung verwendet werden. Sprechen sie uns bitte auf aktuelle Konditionen an. Gern sind wir Ihnen bei allen Finanzierungsfragen behilflich.Es handelt sich um ein Wohn- und Geschäftshaus in Hannover Mitte. Dieses Objekt liegt sehr stadtnah und der Hauptbahnhof ist in wenigen Gehminuten erreichbar. Das Wohn- und Geschäftshaus gliedert sich in 1o Wohnungen und 2 Ladeneinheiten auf. Weitere Objektimpressionen entnehmen Sie bitte den beigefügten Objektfotos." who="Herr Markus Fojcik ABI Anlageberatung und Immobilienvermittlung GmbH www.abigmbh.de Telefon: 0511 81120290 Mehr Details" phone="Telefon: 0511 81120290" Bearbeitet="1" Objarttyp="2" OrtID="1"/>
  <Scout ScoutID="72865361" wogelegen="Röhrbeinweg 4 30453 Hannover, Ahlem Karte ansehen Street View" what="Bitte senden Sie uns Ihre VOLLSTÄNDIGEN Kontaktdaten per Email zu (einfach auf Anbieter kontaktieren klicken und ausfüllen). Besichtigungen und / oder Verhandlungen sind nur mit uns möglich und vom Verkäufer erwünscht, dieses bitten wir zu respektieren.Solidität und Nachhaltigkeit - sehr gute Substanz und Vermietbarkeit in Ahlem. Wohn- und Geschäftshaus mit 5 vermieteten Gewerben (Bäcker, Blumenladen, Friseur, Kneipe, Schneiderei) und 4 vermieteten 3-Zimmer-Wohnungen. Im Dachgeschoss lassen sich zusätzlich 120 m² Wohnfläche ausbauen. Das Objekt ist voll unterkellert.Gas-Zentralheizung, Isolierverglasung, 3 Wohnungen voll modernisiert und alle mit Einbauküchen und Balkonen. Die langfristig Gewerbe haben die Größen 123 / 99 / 80/ 40 und 37 m² und sind zu durchschnittlich ? 8,09 / m² vermietet - jährliche moderate Steigerungsraten sind vertraglich vereinbart. Die Wohnungen sind für durchschnittlich ? 6,23 / m² vermietet, auch hier ist mittelfristig noch &quot;Musik drin&quot;.Die Lage innerhalb Hannover-Ahlems ist als hervorragend zu bezeichnen, auch öffentliche Verkehrsmittel, Schulen und Ärzte sind sind innerhalb von wenigen Minuten zu erreichen, der Rest ist ja bekanntlich schon im Haus..." who="Herr Horst Prigge Eilenriede-Immobilien www.eilenriede-immo.de Mobil: 0176 64085194 Telefon: 0511 51512152 Mehr Details" phone="Mobil: 0176 64085194 Telefon: 0511 51512152" EigtID="28431" Bearbeitet="3" Objarttyp="2" OrtID="1"/>
  <Scout ScoutID="72565069" wogelegen="30451 Hannover Die vollständige Adresse der Immobilie erhalten Sie vom Anbieter. Karte ansehen" what="Attraktive Kapitalanlage !Dieses Objekt besteht aus 7 Einheiten u. wird über Fernwärme beheizt. Die Balkone bzw. Terrassen der Wohnungen befinden sich auf der ruhigen Hofseite. Es ist kompl. vermietet. Eine Tiefgarage gehört dazu. Im EG befindet sich ein 340 m² großer Laden.2 Terrassen 4 Balkone Fernwärme Einbauküchen TiefgarageGute Geschäftslage. Ärzte, Schulen, Kindergarten und Einkaufsmöglichkeiten befinden sich in Fußwegentfernung. Die Stadtbahn ist nur wenige Minuten entfernt." who="Herr Heiko Blume BLUME-IMMOBILIEN IVD Telefon: 0511-375008 Mehr Details" phone="Telefon: 0511-375008" EigtID="29313" Bearbeitet="1" Objarttyp="2" OrtID="1"/>
  <Scout ScoutID="72469757" wogelegen="Steintorstraße 3-7 30159 Hannover, Mitte Karte ansehen Street View" what="Gern stehe ich Ihnen für weitere Fragen oder eine Besichtigung zur Verfügung. Sie erreichen mich jederzeit unter Telefon (05 11) 44 98 95 45 oder (01 76) 74 75 93 69.Die hannoversche Fußgängerzone tangierend liegt die Steintorstraße zwischen Georgstraße und dem Steintor. Das vorgestellte Ensemble besteht aus vier Wohn- und Geschäftshäusern, welche 1984 errichtet wurden. Eines der Gebäude ist an eine denkmalgeschütze, historische Fassade angepaßt worden, die anderen Häuser sind mit modernem Blendklinker versehen. Das Dach ist mit roten Ziegeln eingedeckt. Das Haus verfügt über Kunststoff-Isofenster. Auf insgesamt 4 Volletagen plus Dachgeschoß befinden sich Wohnungen und Gewerbe. Das Erdgeschoß wird von Ladengeschäften dominiert, im ersten und zweiten Obergeschoß befinden sich hauptsächlich Büros. Das Objekt ist vollunterkellert. Weiterhin gibt es eine Tiefgarage, die in Gemeinschaftseigentum mit benachbarten Gebäuden liegt. Es bietet sich Ihnen hier die Gelegenheit, zu einem günstigen Faktor in bester 30159 Hannover - Innenstadtlage zu investieren. - Ein Energieausweis wurde bereits beantragt und wird vor der ersten Besichtigung übergeben. -- 4 Geschosse + ausgebautes Dachgeschoss - Keller - Tiefgarage - Mietermix aus Läden, Büros und Wohnungen - Gute Vermietungssituation - Innerstädtische Lage - KEIN Rotlicht!Die Steintorstraße geht von der Georgstraße (Hannovers Einkaufsstraße) ab und mündet auf den Marstall (großer öffentlicher Parkplatz). Das Steintor ist bekannt für seine Feierszene und viele kleine Geschäfte, Kiosks, Tanzlokale. Eine gute Vermietbarkeit sollte hier auch dauerhaft aus unserer Sicht gegeben sein. Es befinden sich ein Penny Markt, Ärzte, nahezu alle Behörden sowie sämtliche Geschäfte und Kaufhäuser der hannoverschen Innenstadt in Fußläufiger Nähe. Die Verkehrsanbindung ist in dieser zentralen Lage sowohl mit dem Auto als auch mit öffentlichen Verkehrsmitteln hervorragend. Die U-Bahn-Station Steintor ist in wenigen Sekunden zu Fuß erreicht. Zum Hauptbahnhof sind es wahlweise 2 Minuten Fahrtzeit oder 5 Minuten zu Fuß." who="Herr Marcel Kampmann fesser:immobilien www.fesser-immobilien.de Mobil: 0176 74759369 Telefon: 0511 44989545 Mehr Details" phone="Mobil: 0176 74759369 Telefon: 0511 44989545" EigtID="28818" Bearbeitet="3" Objarttyp="2" OrtID="1"/>
  <Scout ScoutID="71692214" wogelegen="30629 Hannover Die vollständige Adresse der Immobilie erhalten Sie vom Anbieter. Karte ansehen" what="Es handelt sich um ein 6-Familienhaus verteilt über 2 DoppelhaushälftenDie Wohnungen werden mit einer Gaszentralheizung beheizt. Das Haus wurde vor 10 Jahren bis auf den Dachstuhl kernsaniert. Die Erdgeschoßwohnungen haben Gartennutzung.Das Gebäude liegt unweit von Meyers Garten, dem Zentrum von Misburg-Nord." who="Herr Hans-Heinrich Braun Braun Immobilien www.ich-ueberall.de Mobil: 0176 34440885 Mehr Details" phone="Mobil: 0176 34440885" Bearbeitet="1" Objarttyp="2" OrtID="1"/>
  <Scout ScoutID="71687999" wogelegen="30159 Hannover Die vollständige Adresse der Immobilie erhalten Sie vom Anbieter. Karte ansehen" what="Im Falle eines Verkaufs hat der Käufer eine Provision in Höhe von 5 % des verhandelten Kaufpreises zzgl. MwSt. an KBR Immobilien Consulting GmbH zu zahlen. Die Käuferprovision ist verdient und fällig nach Unterzeichnung des notariellen Kaufvertrages. Alle Angaben im Exposé beruhen auf den Auskünften des Eigentümers und wurden mit großer Sorgfalt zusammengestellt. Eine Vereinbarkeit der Immobilie mit öffentlich-rechtlichen und/oder baurechtlichen und baugenehmigungsrechtlichen Vorschriften wurde von uns nicht durchgeführt. Für die Richtigkeit der Angaben und der Vereinbarkeit mit geltenden Vorschriften können wir deshalb keine Haftung übernehmen. Irrtümer und Zwischenverkauf bleiben vorbehalten. Das Exposé ist eine Vorinformation und als Rechtsgrundlage gilt allein der notariell geschlossene Kaufvertrag.Die drei- bzw. viergeschossige Büroimmobilie besteht aus zwei Gebäudeteilen, die über einen verglasten Durchgang im ersten Obergeschoss miteinander verbunden sind. Zum Objekt gehören insgesamt 55 teilweise überdachte PKW-Stellplätze. Die Büroflächen sind an über zwanzig verschiedene Mietparteien vermietet. Über die z.Zt. leer stehenden Flächen werden aktuell Verhandlungen mit einer Behörde zur Anmietung durchgeführt.Das Objekt gliedert sich in ein viergeschossiges Hauptgebäude und ein dreigeschossiges Nebengebäude. Die beiden Gebäudeteile sind über eine verglaste Verbindungsbrücke im ersten Obergeschoss miteinander verbunden. Die Büroräume - rechts und links vom Treppenhaus gelegen - sind jeweils mit kleinen Küchen und mit für Damen und Herren getrennten WC-Anlagen ausgestattet. In den vergangenen Jahren wurden umfangreiche Renovierungsarbeiten am Objekt durchgeführt: Es fand eine Sanierung und Modernisierung der WC-Anlagen statt. Der Rezeptionsbereich wurde neu gestaltet. In den Fluren sowie in sehr vielen Büroräumen sind die Teppichbödenbeläge durch hochwertige Granitfliesen ersetzt worden. Die Grundrissgestaltung des Objekts ermöglicht eine wahlweise kleinteilige Vermietung, so dass das Risiko größerer Mietausfälle gemindert ist oder auch die Vermietung ganzer Etagen. Neben der Nutzung der Räumlichkeiten als Büro bieten die Flächen auch die Möglichkeit, Seminare und Veranstaltungen durchzuführen. Ausreichende Flächen für Lagermöglichkeiten sind vorhanden. Auf dem Gelände gibt es insgesamt 55 Stellplätze, die teilweise überdacht sindDas Bürohaus liegt in unmittelbarer Nähe zum Maschsee in Döhren an der Grenze zum Stadtteil Waldhausen. Die Verkehrsanbindung ist perfekt: Kurze Wege (5 min.) zur Stadtbahn mit 7 min. Fahrzeit bis zum Hauptbahnhof und durch die Nähe zum Südschnellweg sehr guter Anschluss an die Autobahnen A2 und A7. Daneben gibt es in unmittelbarer Nähe gute Freizeit- und Erholungsmöglichkeiten, denn der Maschsee, der Stadtwald Eilenriede sowie ein Fitnessclub liegen fast vor der Tür." who="Andreas Eggers KBR Immobilien Consulting GmbH www.kbr-immobilien.com Telefon: 0511 31015882 Mehr Details" phone="Telefon: 0511 31015882" EigtID="28601" Bearbeitet="1" Objarttyp="2" OrtID="1"/>
  <Scout ScoutID="71523037" wogelegen="30519 Hannover Die vollständige Adresse der Immobilie erhalten Sie vom Anbieter. Karte ansehen" what="Es handelt sich um 12 DachgeschoßeigentumswohnungenEs handelt sich um 12 Dachgeschoßwohnungen zwischen (43-48 m²) und 12 Stellplätze. Das Wohnungen wurden 1989 ausgebaut. Das Gemeinschaftseigentum ist komplett saniert, neue Fenster, Fassade, Heizung. Außerdem ist ein guter Stock als Instandhaltungsrücklage vorhanden. Die Wohnungen sind alle im guten Zustand mit EBK, Laminat. Es existieren keine Mietrückstände. Die Wohnungen sind auf zwei WEGs verteilt, die beide von der gleichen Verwaltung sehr gut verwaltet werden.Die Wohnungen liegen zur Straße abgewandt in Hannover-Mittelfeld unweit des Messegeländes in grünem Umfeld" who="Herr Hans-Heinrich Braun Braun Immobilien www.ich-ueberall.de Mobil: 0176 34440885 Mehr Details" phone="Mobil: 0176 34440885" Bearbeitet="1" Objarttyp="2" OrtID="1"/>
  <Scout ScoutID="71514671" wogelegen="30851 Hannover Die vollständige Adresse der Immobilie erhalten Sie vom Anbieter. Karte ansehen" what="Gerne senden wir Ihnen bei Interesse weitere Objektunterlagen zu. Ihrer Nachricht sehen wir entgegen.Ansprechendes und modernisiertes Einkaufszentrum nördlich von Hannover zu verkaufen. Die Liegenschaft ist zu 100 % vermietet." who="JB Gewerbeimmobilien e.K. J. Becker JB Gewerbeimmobilien e.K. www.jb-gewerbeimmobilien.de Mobil: 0151 20124146 Telefon: 0561 8202082 Mehr Details" phone="Mobil: 0151 20124146 Telefon: 0561 8202082" Bearbeitet="1" Objarttyp="2" OrtID="1"/>
  <Scout ScoutID="70024227" wogelegen="30163 Hannover Die vollständige Adresse der Immobilie erhalten Sie vom Anbieter. Karte ansehen" what="· 17 Wohneinheiten zwischen 38 und 85 m² · eine Gewerbeeinheit mit 78 m² · Dachgeschossausbau und neue Dacheindeckung mit Dämmung in 1988 · Gasetagenheizungen · Kunststoffisofenster · Im Treppenhaus Holzfenster mit Einfachverglasung · GegensprechanlageDas angebotene Wohn- und Geschäftshaus befindet sich im Stadtteil Vahrenwald. Das Objekt ist zentral gelegen in unmittelbarer Nähe zur stark frequentierten Vahrenwalder Straße. Diese ist geprägt von zahlreichen Einkaufsmöglichkeiten, Restaurants und Arztpraxen. Von hier aus bietet sich eine hervorragende Anbindung über mehrerer Buslinien und zwei Straßenbahnlinien an die sehr gute Verkehrsinfrastruktur der Stadt sowie die Anbindung an die Schnellwege und Autobahnen (ca. 7 Autominuten bis zur A2). Die verkehrsgünstige Lage wird ergänzt durch die Nähe zum Vahrenwalder Park, der fußläufig in zwei Minuten erreicht wird. Parkmöglichkeiten sind in den umliegenden Straßen vorhanden." who="Frau Laura Mikolajczak EVC Hannover GmbH www.engelvoelkers.com Telefon: 0511 36802121 Mehr Details" phone="Telefon: 0511 36802121" Bearbeitet="1" Objarttyp="2" OrtID="1"/>
  <Scout ScoutID="69183078" wogelegen="30169 Hannover Die vollständige Adresse der Immobilie erhalten Sie vom Anbieter. Karte ansehen" what="Es handelt sich um ein Mehrfamilienhaus mit einem RestaurantIm Haus befindet sich im Erdgeschoss ein Restaurant. Im ersten und zweiten Stock und im Dachgeschoß befinden sich insgesamt 6 Wohnungen. Das Haus wird über eine Gaszentralheizung beheizt.Das Gebäude liegt in einer verkehrsberuhigten ruhigen Wohnstraße in der Calenberger Neustadt in Hannover." who="Herr Hans-Heinrich Braun Braun Immobilien www.ich-ueberall.de Mobil: 0176 34440885 Mehr Details" phone="Mobil: 0176 34440885" Bearbeitet="1" Objarttyp="2" OrtID="1"/>
  <Scout ScoutID="68099821" wogelegen="30539 Hannover Die vollständige Adresse der Immobilie erhalten Sie vom Anbieter. Karte ansehen" what="" who="Herr Lars Naumann NIKM GmbH -NAUMANN - IMMOBILIEN &amp; KAPITAL - MANAGEMENT- www.nikm.de Mobil: +48(172)934 89 12 Telefon: +49(2362) 9994447 Mehr Details" phone="Mobil: +48(172)934 89 12 Telefon: +49(2362) 9994447" EigtID="29227" Bearbeitet="1" Objarttyp="2" OrtID="1"/>
  <Scout ScoutID="62799106" wogelegen="30453 Hannover-Ahlem Die vollständige Adresse der Immobilie erhalten Sie vom Anbieter. Karte ansehen" what="Im Herzen des Stadtteils Ahlem, am Rosenbuschweg wird diese exklusive Lifestyle-Wohnanlage im Villenstil errichtet. Das Grundstück liegt sehr zentral und dennoch ruhig im wohl schönsten Teil Ahlems. Alle Einrichtungen des täglichen Bedarfs erreicht man fussläufig in wenigen Minuten. Neben vielen Einkaufsmöglichkeiten wie z.B. Supermärkten, Fachgeschäften, Bäckereien etc., liegt auch eine Bushaltestelle der Innenstadtbuslinie in direkter Nähe. Das Objekt wird in herkömmlicher, massiver und exclusiver Bauweise im Villenstil errichtet. Der Baubeginn erfolgt im Frühjahr 2012. In dem Objekt entstehen 4 Wohnungen und ein Penthouse mit 2 - 4 Zimmer und Wohnflächen von ca. 76 - 155 m². Das Objekt wird den höchsten Ansprüchen gerecht. Gerne übernehmen wir eine Mietgarantie und auch die komplette Hausverwaltung des Objektes. Die Errichtung erfolgt gemäss der Lifestylebaubeschreibung und dem Baustand der neuesten EnEV 2009 mit folgender Ausstattung: Fahrstuhl / Tiefgarage / Solaranlage für Brauchwasser / Alarmanlage / Videoüberwachter Hauseingang / elektr.Rollläden / Einbaustrahler etc.... Gerne übersenden wir Ihnen unser ausführliches Expose oder vereinbaren einen Besichtigungstermin in einer bereits realisierten Wohnanlage." who="Herr Lars Warnecke F.M. Frank Meyer GmbH &amp; Co. Immobilien KG http://www.fm-immobilien.de Telefon: 0571 946 200 Mehr Details" phone="Telefon: 0571 946 200" EigtID="28618" Bearbeitet="3" Objarttyp="2" OrtID="1"/>
  <Scout ScoutID="58119092" wogelegen="30165 Hannover Die vollständige Adresse der Immobilie erhalten Sie vom Anbieter. Karte ansehen" what="Der Energieausweis wurde angefordert.Zwei Einzelhändler (Kik und Schlecker) sind im vorderen Bereich anzutreffen. Im hinteren Grundstücksbereich befinden sich drei weitere Gebäude, die von der Deutschen Bahn als Ausbildungszentrum langfristig genutzt werden. Die Firma Kik möchte die bestehende Ladenflächen um 150-200 m² erweitern, die Vertragsverhandlungen über den Abschluß eines neuen 10-Jahresmietvertrag laufen. Der Eigentümer würde die Erweiterungsflächen schlüsselfertig erstellen.Das Objekt wurde umfassend (optisch, energetisch und technisch) modernisiert und erhält durch die neue Trespafassade und Glaselemente ein neues, prägendes Image. Auf der noch vermietbaren Flächen im 2. OG (Mietvertragsgespräche laufen) entstehen durch frei aufteilbare Flächen eine mutltifunktionale Struktur, die aktuell über den Charme eines Lofts verfügt. Eine hohe Flächeneffizienz ist garantiert. Der Ausbau und die Ausstattung sind nach Anforderungen des zukünftigen Mieters frei gestaltbar.Hannover ist die Landeshauptstadt Niedersachsens. Handel, Handwerk und Industrie versorgen nationale und internationale Märkte. In der Stadt werden die größten Messen der Welt (u.a. Cebit, Hannover Messe etc.) ausgerichtet. Hannover ist eine der größten Versicherungsstandorte in Deutschland. Bedeutende Finanzdienstleister haben ihre Zentrale oder eine Niederlasssung in Hannover. Besonders hervorzuheben sind die Autobahnanbindungen in Nord-Süd-Richtung und Ost-West-Richtung. Am Autobahnkreuz Hannover Ost treffen die A2 und die A7 aufeinander. Der Hauptbahnhof ist als Fernverkehrsknoten der Deutschen Bahn in die erste von sechs Bahnhofskategorien aufgenommen worden. Er zählt zu den fünf meistfrequentierten Bahnhöfen in Deutschland. Das Grundstück befindet sich in idealer Llage zwischen der Vahrenwalder Straße und Schulenburger Landstraße - zwei Hauptausfallstraßen Hannovers in Richtung Norden. Der S-Bahnhof Nordstadt ist in 4 Gehminuten erreichbar und nur eine Station vom Hauptbahnhof entfernt. Im direkten Umfeld des Objektes befinden sich zahlreiche Einkaufsmöglichkeiten und Restaurants." who="Herr Kurt Kreipe Kreipe Immobilien www.kreipe-immobilien.de Mobil: 0171 4987933 Telefon: 0511 899878-27 Mehr Details" phone="Mobil: 0171 4987933 Telefon: 0511 899878-27" EigtID="8588" Bearbeitet="3" Objarttyp="2" OrtID="1"/>
  <Scout ScoutID="50170697" wogelegen="30159 Hannover Die vollständige Adresse der Immobilie erhalten Sie vom Anbieter. Karte ansehen" what="Modernes Büro- und Geschäftshaus, guter Branchenmix, vollvermietet!u. a. Fernwärme, moderne Fassadentechnik, markante ArchitekturDas Geschäftshaus liegt zwischem dem Opernhaus und der Nord/LB." who="Achtung: Anfragen bitte nur per E-Mail! Robert Blanke KG Mehr Details" phone="" EigtID="28605" Bearbeitet="3" Objarttyp="2" OrtID="1"/>
</dataset>
