<?xml version='1.0' encoding='UTF-8'?>
<dataset>
  <Zuordangobj ZuordNr="620" AngNr="RH100" ObjNr="3325" Aktuell="1"/>
  <Zuordangobj ZuordNr="621" AngNr="RH104" ObjNr="8218" Aktuell="1"/>
  <Zuordangobj ZuordNr="622" AngNr="RH96" ObjNr="8219" Aktuell="1"/>
  <Zuordangobj ZuordNr="623" AngNr="RH95" ObjNr="8220" Aktuell="1"/>
  <Zuordangobj ZuordNr="624" AngNr="RH97" ObjNr="8221" Aktuell="1"/>
  <Zuordangobj ZuordNr="625" AngNr="EI86" ObjNr="2541" Aktuell="1"/>
  <Zuordangobj ZuordNr="626" AngNr="EI84" ObjNr="8223" Aktuell="1"/>
  <Zuordangobj ZuordNr="629" AngNr="BP56" ObjNr="8226" Aktuell="1"/>
  <Zuordangobj ZuordNr="630" AngNr="HS87" ObjNr="5165" Aktuell="1"/>
  <Zuordangobj ZuordNr="631" AngNr="HS88" ObjNr="8228" Aktuell="1"/>
  <Zuordangobj ZuordNr="632" AngNr="HS89" ObjNr="8229" Aktuell="1"/>
  <Zuordangobj ZuordNr="633" AngNr="RG101" ObjNr="8230" Aktuell="1"/>
  <Zuordangobj ZuordNr="634" AngNr="RH102" ObjNr="1008" Aktuell="1"/>
  <Zuordangobj ZuordNr="635" AngNr="VB103" ObjNr="8232" Aktuell="1"/>
  <Zuordangobj ZuordNr="636" AngNr="EI90" ObjNr="8233" Aktuell="0"/>
  <Zuordangobj ZuordNr="638" AngNr="RH87" ObjNr="2701" Aktuell="1"/>
  <Zuordangobj ZuordNr="639" AngNr="BP80" ObjNr="8236" Aktuell="1"/>
  <Zuordangobj ZuordNr="640" AngNr="HS78" ObjNr="8237" Aktuell="1"/>
  <Zuordangobj ZuordNr="641" AngNr="HS82" ObjNr="8238" Aktuell="1"/>
  <Zuordangobj ZuordNr="642" AngNr="RH83" ObjNr="9086" Aktuell="1"/>
  <Zuordangobj ZuordNr="643" AngNr="RH84" ObjNr="8240" Aktuell="1"/>
  <Zuordangobj ZuordNr="644" AngNr="EI85" ObjNr="3308" Aktuell="1"/>
  <Zuordangobj ZuordNr="645" AngNr="RH86" ObjNr="2333" Aktuell="1"/>
  <Zuordangobj ZuordNr="646" AngNr="BP79" ObjNr="8243" Aktuell="1"/>
  <Zuordangobj ZuordNr="647" AngNr="RH88" ObjNr="3520" Aktuell="1"/>
  <Zuordangobj ZuordNr="648" AngNr="RH89" ObjNr="2808" Aktuell="1"/>
  <Zuordangobj ZuordNr="649" AngNr="RH90" ObjNr="3589" Aktuell="1"/>
  <Zuordangobj ZuordNr="650" AngNr="RH91" ObjNr="3579" Aktuell="1"/>
  <Zuordangobj ZuordNr="651" AngNr="RH92" ObjNr="5960" Aktuell="1"/>
  <Zuordangobj ZuordNr="652" AngNr="RH93" ObjNr="4836" Aktuell="1"/>
  <Zuordangobj ZuordNr="654" AngNr="RH94" ObjNr="3548" Aktuell="1"/>
  <Zuordangobj ZuordNr="655" AngNr="HS83" ObjNr="8252" Aktuell="1"/>
  <Zuordangobj ZuordNr="656" AngNr="RH85" ObjNr="2685" Aktuell="1"/>
  <Zuordangobj ZuordNr="657" AngNr="BP92" ObjNr="8254" Aktuell="1"/>
  <Zuordangobj ZuordNr="658" AngNr="HS93" ObjNr="8255" Aktuell="1"/>
  <Zuordangobj ZuordNr="659" AngNr="RH101" ObjNr="770" Aktuell="1"/>
  <Zuordangobj ZuordNr="660" AngNr="HS91" ObjNr="8257" Aktuell="1"/>
  <Zuordangobj ZuordNr="661" AngNr="HS95" ObjNr="8258" Aktuell="1"/>
  <Zuordangobj ZuordNr="662" AngNr="RH105" ObjNr="2618" Aktuell="1"/>
  <Zuordangobj ZuordNr="663" AngNr="EI99" ObjNr="8260" Aktuell="1"/>
  <Zuordangobj ZuordNr="664" AngNr="EI100" ObjNr="8261" Aktuell="1"/>
  <Zuordangobj ZuordNr="665" AngNr="EI101" ObjNr="8262" Aktuell="1"/>
  <Zuordangobj ZuordNr="666" AngNr="RH106" ObjNr="3201" Aktuell="1"/>
  <Zuordangobj ZuordNr="667" AngNr="RH107" ObjNr="3199" Aktuell="1"/>
  <Zuordangobj ZuordNr="669" AngNr="RH108" ObjNr="1334" Aktuell="1"/>
  <Zuordangobj ZuordNr="670" AngNr="RH109" ObjNr="2890" Aktuell="1"/>
  <Zuordangobj ZuordNr="671" AngNr="HS104" ObjNr="8268" Aktuell="1"/>
  <Zuordangobj ZuordNr="672" AngNr="HS106" ObjNr="8269" Aktuell="1"/>
  <Zuordangobj ZuordNr="673" AngNr="HS107" ObjNr="8270" Aktuell="1"/>
  <Zuordangobj ZuordNr="674" AngNr="EI108" ObjNr="81" Aktuell="1"/>
  <Zuordangobj ZuordNr="675" AngNr="EI109" ObjNr="8272" Aktuell="1"/>
  <Zuordangobj ZuordNr="676" AngNr="EI105" ObjNr="1446" Aktuell="1"/>
  <Zuordangobj ZuordNr="677" AngNr="HS110" ObjNr="8274" Aktuell="1"/>
  <Zuordangobj ZuordNr="678" AngNr="RH27" ObjNr="8275" Aktuell="1"/>
  <Zuordangobj ZuordNr="679" AngNr="RH27" ObjNr="8276" Aktuell="1"/>
  <Zuordangobj ZuordNr="680" AngNr="RH27" ObjNr="8277" Aktuell="1"/>
  <Zuordangobj ZuordNr="681" AngNr="RH27" ObjNr="8278" Aktuell="1"/>
  <Zuordangobj ZuordNr="682" AngNr="RH27" ObjNr="8279" Aktuell="1"/>
  <Zuordangobj ZuordNr="683" AngNr="RH27" ObjNr="8280" Aktuell="1"/>
  <Zuordangobj ZuordNr="684" AngNr="RH27" ObjNr="8281" Aktuell="1"/>
  <Zuordangobj ZuordNr="685" AngNr="RH27" ObjNr="8282" Aktuell="1"/>
  <Zuordangobj ZuordNr="686" AngNr="RH2" ObjNr="8283" Aktuell="1"/>
  <Zuordangobj ZuordNr="687" AngNr="EI103" ObjNr="8284" Aktuell="1"/>
  <Zuordangobj ZuordNr="688" AngNr="EI102" ObjNr="823" Aktuell="1"/>
  <Zuordangobj ZuordNr="689" AngNr="EI63" ObjNr="6119" Aktuell="1"/>
  <Zuordangobj ZuordNr="690" AngNr="EI47" ObjNr="8618" Aktuell="1"/>
  <Zuordangobj ZuordNr="691" AngNr="HS1" ObjNr="8288" Aktuell="1"/>
  <Zuordangobj ZuordNr="692" AngNr="HS3" ObjNr="115" Aktuell="1"/>
  <Zuordangobj ZuordNr="693" AngNr="HS17" ObjNr="8290" Aktuell="1"/>
  <Zuordangobj ZuordNr="694" AngNr="HS22" ObjNr="116" Aktuell="1"/>
  <Zuordangobj ZuordNr="695" AngNr="HS23" ObjNr="8292" Aktuell="1"/>
  <Zuordangobj ZuordNr="696" AngNr="HS32" ObjNr="8293" Aktuell="1"/>
  <Zuordangobj ZuordNr="697" AngNr="HS37" ObjNr="8294" Aktuell="1"/>
  <Zuordangobj ZuordNr="698" AngNr="HS38" ObjNr="8295" Aktuell="1"/>
  <Zuordangobj ZuordNr="699" AngNr="HS39" ObjNr="8296" Aktuell="1"/>
  <Zuordangobj ZuordNr="700" AngNr="EI111" ObjNr="8297" Aktuell="1"/>
  <Zuordangobj ZuordNr="701" AngNr="HS112" ObjNr="8298" Aktuell="1"/>
  <Zuordangobj ZuordNr="702" AngNr="HS44" ObjNr="8299" Aktuell="1"/>
  <Zuordangobj ZuordNr="703" AngNr="HS51" ObjNr="8300" Aktuell="1"/>
  <Zuordangobj ZuordNr="704" AngNr="HS60" ObjNr="8301" Aktuell="1"/>
  <Zuordangobj ZuordNr="705" AngNr="HS66" ObjNr="8302" Aktuell="1"/>
  <Zuordangobj ZuordNr="706" AngNr="HS72" ObjNr="8303" Aktuell="1"/>
  <Zuordangobj ZuordNr="707" AngNr="HS94" ObjNr="8304" Aktuell="1"/>
  <Zuordangobj ZuordNr="708" AngNr="HS96" ObjNr="8305" Aktuell="1"/>
  <Zuordangobj ZuordNr="709" AngNr="HS97" ObjNr="8306" Aktuell="1"/>
  <Zuordangobj ZuordNr="710" AngNr="EI113" ObjNr="1292" Aktuell="1"/>
  <Zuordangobj ZuordNr="711" AngNr="EI114" ObjNr="8308" Aktuell="1"/>
  <Zuordangobj ZuordNr="713" AngNr="HS116" ObjNr="8310" Aktuell="1"/>
  <Zuordangobj ZuordNr="714" AngNr="RH110" ObjNr="8311" Aktuell="1"/>
  <Zuordangobj ZuordNr="715" AngNr="HS117" ObjNr="8312" Aktuell="1"/>
  <Zuordangobj ZuordNr="716" AngNr="RH111" ObjNr="2684" Aktuell="1"/>
  <Zuordangobj ZuordNr="717" AngNr="RH112" ObjNr="8314" Aktuell="1"/>
  <Zuordangobj ZuordNr="718" AngNr="RH113" ObjNr="3490" Aktuell="1"/>
  <Zuordangobj ZuordNr="719" AngNr="VGO10" ObjNr="8316" Aktuell="1"/>
  <Zuordangobj ZuordNr="720" AngNr="EI119" ObjNr="2155" Aktuell="1"/>
  <Zuordangobj ZuordNr="721" AngNr="RH114" ObjNr="8318" Aktuell="1"/>
  <Zuordangobj ZuordNr="722" AngNr="RH115" ObjNr="2639" Aktuell="1"/>
  <Zuordangobj ZuordNr="723" AngNr="RH116" ObjNr="8319" Aktuell="1"/>
  <Zuordangobj ZuordNr="724" AngNr="RH117" ObjNr="8320" Aktuell="1"/>
  <Zuordangobj ZuordNr="725" AngNr="RH118" ObjNr="3220" Aktuell="1"/>
  <Zuordangobj ZuordNr="726" AngNr="RH119" ObjNr="8322" Aktuell="1"/>
  <Zuordangobj ZuordNr="727" AngNr="RH120" ObjNr="4294" Aktuell="1"/>
  <Zuordangobj ZuordNr="729" AngNr="HS121" ObjNr="8325" Aktuell="1"/>
  <Zuordangobj ZuordNr="730" AngNr="HS126" ObjNr="8326" Aktuell="1"/>
  <Zuordangobj ZuordNr="731" AngNr="HS125" ObjNr="8327" Aktuell="1"/>
  <Zuordangobj ZuordNr="732" AngNr="HS124" ObjNr="8328" Aktuell="1"/>
  <Zuordangobj ZuordNr="733" AngNr="HS123" ObjNr="8329" Aktuell="1"/>
  <Zuordangobj ZuordNr="734" AngNr="HS122" ObjNr="8330" Aktuell="1"/>
  <Zuordangobj ZuordNr="736" AngNr="RH121" ObjNr="8331" Aktuell="1"/>
  <Zuordangobj ZuordNr="737" AngNr="EI127" ObjNr="8333" Aktuell="1"/>
  <Zuordangobj ZuordNr="738" AngNr="RH122" ObjNr="6337" Aktuell="1"/>
  <Zuordangobj ZuordNr="739" AngNr="HS128" ObjNr="8335" Aktuell="1"/>
  <Zuordangobj ZuordNr="740" AngNr="HS130" ObjNr="8337" Aktuell="1"/>
  <Zuordangobj ZuordNr="742" AngNr="HS131" ObjNr="8338" Aktuell="1"/>
  <Zuordangobj ZuordNr="744" AngNr="HS132" ObjNr="8339" Aktuell="1"/>
  <Zuordangobj ZuordNr="745" AngNr="BP133" ObjNr="8340" Aktuell="1"/>
  <Zuordangobj ZuordNr="746" AngNr="RH123" ObjNr="8341" Aktuell="1"/>
  <Zuordangobj ZuordNr="747" AngNr="RH124" ObjNr="8342" Aktuell="1"/>
  <Zuordangobj ZuordNr="750" AngNr="BP134" ObjNr="8345" Aktuell="1"/>
  <Zuordangobj ZuordNr="751" AngNr="HS135" ObjNr="116" Aktuell="1"/>
  <Zuordangobj ZuordNr="752" AngNr="HS139" ObjNr="8347" Aktuell="1"/>
  <Zuordangobj ZuordNr="753" AngNr="RH125" ObjNr="2083" Aktuell="1"/>
  <Zuordangobj ZuordNr="754" AngNr="HS138" ObjNr="8349" Aktuell="1"/>
  <Zuordangobj ZuordNr="755" AngNr="HS137" ObjNr="1577" Aktuell="1"/>
  <Zuordangobj ZuordNr="756" AngNr="HS136" ObjNr="8351" Aktuell="1"/>
  <Zuordangobj ZuordNr="757" AngNr="HS140" ObjNr="8352" Aktuell="1"/>
  <Zuordangobj ZuordNr="758" AngNr="HS141" ObjNr="8353" Aktuell="1"/>
  <Zuordangobj ZuordNr="759" AngNr="BP142" ObjNr="8354" Aktuell="1"/>
  <Zuordangobj ZuordNr="760" AngNr="EI143" ObjNr="8355" Aktuell="1"/>
  <Zuordangobj ZuordNr="761" AngNr="EI144" ObjNr="3690" Aktuell="1"/>
  <Zuordangobj ZuordNr="762" AngNr="HS145" ObjNr="847" Aktuell="1"/>
  <Zuordangobj ZuordNr="763" AngNr="HS146" ObjNr="938" Aktuell="1"/>
  <Zuordangobj ZuordNr="764" AngNr="RH126" ObjNr="8359" Aktuell="1"/>
  <Zuordangobj ZuordNr="766" AngNr="EI147" ObjNr="1711" Aktuell="1"/>
  <Zuordangobj ZuordNr="767" AngNr="RH128" ObjNr="8362" Aktuell="1"/>
  <Zuordangobj ZuordNr="768" AngNr="RH129" ObjNr="8363" Aktuell="1"/>
  <Zuordangobj ZuordNr="769" AngNr="HS120" ObjNr="8364" Aktuell="1"/>
  <Zuordangobj ZuordNr="771" AngNr="RH131" ObjNr="8366" Aktuell="1"/>
  <Zuordangobj ZuordNr="772" AngNr="RH132" ObjNr="8367" Aktuell="1"/>
  <Zuordangobj ZuordNr="773" AngNr="HS148" ObjNr="8368" Aktuell="1"/>
  <Zuordangobj ZuordNr="774" AngNr="RH134" ObjNr="8369" Aktuell="1"/>
  <Zuordangobj ZuordNr="775" AngNr="RH130" ObjNr="8370" Aktuell="1"/>
  <Zuordangobj ZuordNr="776" AngNr="RH133" ObjNr="8371" Aktuell="1"/>
  <Zuordangobj ZuordNr="777" AngNr="RH100" ObjNr="1609" Aktuell="1"/>
  <Zuordangobj ZuordNr="778" AngNr="HS149" ObjNr="8373" Aktuell="1"/>
  <Zuordangobj ZuordNr="779" AngNr="RH135" ObjNr="8374" Aktuell="1"/>
  <Zuordangobj ZuordNr="780" AngNr="RG137" ObjNr="8375" Aktuell="1"/>
  <Zuordangobj ZuordNr="781" AngNr="RH136" ObjNr="2637" Aktuell="1"/>
  <Zuordangobj ZuordNr="782" AngNr="HS152" ObjNr="8378" Aktuell="1"/>
  <Zuordangobj ZuordNr="783" AngNr="EI152" ObjNr="8378" Aktuell="1"/>
  <Zuordangobj ZuordNr="784" AngNr="EI157" ObjNr="8379" Aktuell="1"/>
  <Zuordangobj ZuordNr="785" AngNr="EI156" ObjNr="8380" Aktuell="1"/>
  <Zuordangobj ZuordNr="786" AngNr="HS155" ObjNr="8381" Aktuell="1"/>
  <Zuordangobj ZuordNr="787" AngNr="HS153" ObjNr="8784" Aktuell="1"/>
  <Zuordangobj ZuordNr="788" AngNr="HS154" ObjNr="8383" Aktuell="1"/>
  <Zuordangobj ZuordNr="789" AngNr="EI158" ObjNr="8384" Aktuell="1"/>
  <Zuordangobj ZuordNr="790" AngNr="EI159" ObjNr="8384" Aktuell="1"/>
  <Zuordangobj ZuordNr="791" AngNr="EI160" ObjNr="8384" Aktuell="1"/>
  <Zuordangobj ZuordNr="792" AngNr="EI161" ObjNr="8384" Aktuell="1"/>
  <Zuordangobj ZuordNr="793" AngNr="EI162" ObjNr="8384" Aktuell="1"/>
  <Zuordangobj ZuordNr="795" AngNr="RH138" ObjNr="8390" Aktuell="1"/>
  <Zuordangobj ZuordNr="796" AngNr="EI163" ObjNr="2739" Aktuell="1"/>
  <Zuordangobj ZuordNr="797" AngNr="HS164" ObjNr="8392" Aktuell="1"/>
  <Zuordangobj ZuordNr="798" AngNr="VB12" ObjNr="124" Aktuell="1"/>
  <Zuordangobj ZuordNr="799" AngNr="VB13" ObjNr="8394" Aktuell="1"/>
  <Zuordangobj ZuordNr="800" AngNr="HS150" ObjNr="8395" Aktuell="1"/>
  <Zuordangobj ZuordNr="801" AngNr="HS151" ObjNr="8396" Aktuell="1"/>
  <Zuordangobj ZuordNr="802" AngNr="EI165" ObjNr="926" Aktuell="1"/>
  <Zuordangobj ZuordNr="803" AngNr="HS166" ObjNr="8398" Aktuell="1"/>
  <Zuordangobj ZuordNr="804" AngNr="EI167" ObjNr="8399" Aktuell="1"/>
  <Zuordangobj ZuordNr="805" AngNr="VB014" ObjNr="783" Aktuell="1"/>
  <Zuordangobj ZuordNr="807" AngNr="EI168 A" ObjNr="8402" Aktuell="1"/>
  <Zuordangobj ZuordNr="808" AngNr="VB15" ObjNr="8403" Aktuell="1"/>
  <Zuordangobj ZuordNr="809" AngNr="EI169" ObjNr="8404" Aktuell="1"/>
  <Zuordangobj ZuordNr="810" AngNr="EI170" ObjNr="8405" Aktuell="1"/>
  <Zuordangobj ZuordNr="811" AngNr="RH140" ObjNr="8406" Aktuell="1"/>
  <Zuordangobj ZuordNr="812" AngNr="RH141" ObjNr="8407" Aktuell="1"/>
  <Zuordangobj ZuordNr="813" AngNr="HS171" ObjNr="8408" Aktuell="1"/>
  <Zuordangobj ZuordNr="814" AngNr="HS172" ObjNr="8409" Aktuell="1"/>
  <Zuordangobj ZuordNr="815" AngNr="HS173" ObjNr="8410" Aktuell="1"/>
  <Zuordangobj ZuordNr="816" AngNr="RH142" ObjNr="8411" Aktuell="1"/>
  <Zuordangobj ZuordNr="817" AngNr="HS174" ObjNr="8412" Aktuell="1"/>
  <Zuordangobj ZuordNr="818" AngNr="VL16" ObjNr="1045" Aktuell="1"/>
  <Zuordangobj ZuordNr="819" AngNr="VL17" ObjNr="8574" Aktuell="1"/>
  <Zuordangobj ZuordNr="820" AngNr="VL18" ObjNr="8440" Aktuell="1"/>
  <Zuordangobj ZuordNr="821" AngNr="EI175" ObjNr="1730" Aktuell="1"/>
  <Zuordangobj ZuordNr="822" AngNr="EI176" ObjNr="8417" Aktuell="1"/>
  <Zuordangobj ZuordNr="823" AngNr="VL19" ObjNr="8418" Aktuell="1"/>
  <Zuordangobj ZuordNr="824" AngNr="VB20" ObjNr="1735" Aktuell="1"/>
  <Zuordangobj ZuordNr="826" AngNr="RH143" ObjNr="8421" Aktuell="1"/>
  <Zuordangobj ZuordNr="827" AngNr="VB21" ObjNr="559" Aktuell="1"/>
  <Zuordangobj ZuordNr="828" AngNr="VL22" ObjNr="8423" Aktuell="1"/>
  <Zuordangobj ZuordNr="830" AngNr="EI177" ObjNr="4081" Aktuell="1"/>
  <Zuordangobj ZuordNr="831" AngNr="VB24" ObjNr="783" Aktuell="1"/>
  <Zuordangobj ZuordNr="832" AngNr="VB25" ObjNr="8427" Aktuell="1"/>
  <Zuordangobj ZuordNr="833" AngNr="VL26" ObjNr="8428" Aktuell="1"/>
  <Zuordangobj ZuordNr="835" AngNr="VL27" ObjNr="8430" Aktuell="1"/>
  <Zuordangobj ZuordNr="836" AngNr="EI178" ObjNr="1268" Aktuell="1"/>
  <Zuordangobj ZuordNr="837" AngNr="VB28" ObjNr="1741" Aktuell="1"/>
  <Zuordangobj ZuordNr="838" AngNr="HS178" ObjNr="8433" Aktuell="1"/>
  <Zuordangobj ZuordNr="839" AngNr="HS179" ObjNr="8434" Aktuell="1"/>
  <Zuordangobj ZuordNr="840" AngNr="VL29" ObjNr="3490" Aktuell="1"/>
  <Zuordangobj ZuordNr="841" AngNr="VB30" ObjNr="8436" Aktuell="1"/>
  <Zuordangobj ZuordNr="842" AngNr="VL31" ObjNr="8437" Aktuell="1"/>
  <Zuordangobj ZuordNr="843" AngNr="VB32" ObjNr="5060" Aktuell="1"/>
  <Zuordangobj ZuordNr="844" AngNr="VB33" ObjNr="8341" Aktuell="1"/>
  <Zuordangobj ZuordNr="845" AngNr="VL34" ObjNr="8440" Aktuell="1"/>
  <Zuordangobj ZuordNr="846" AngNr="VB35" ObjNr="593" Aktuell="1"/>
  <Zuordangobj ZuordNr="847" AngNr="VL36" ObjNr="2237" Aktuell="1"/>
  <Zuordangobj ZuordNr="848" AngNr="VB37" ObjNr="8443" Aktuell="1"/>
  <Zuordangobj ZuordNr="849" AngNr="VB38" ObjNr="8403" Aktuell="1"/>
  <Zuordangobj ZuordNr="851" AngNr="EI181" ObjNr="8446" Aktuell="1"/>
  <Zuordangobj ZuordNr="852" AngNr="VL39" ObjNr="8447" Aktuell="1"/>
  <Zuordangobj ZuordNr="853" AngNr="WO182" ObjNr="8448" Aktuell="1"/>
  <Zuordangobj ZuordNr="854" AngNr="VL40" ObjNr="8449" Aktuell="1"/>
  <Zuordangobj ZuordNr="855" AngNr="HS183" ObjNr="8450" Aktuell="1"/>
  <Zuordangobj ZuordNr="857" AngNr="VL41" ObjNr="8452" Aktuell="1"/>
  <Zuordangobj ZuordNr="858" AngNr="RH144" ObjNr="8453" Aktuell="1"/>
  <Zuordangobj ZuordNr="860" AngNr="RH145" ObjNr="8455" Aktuell="1"/>
  <Zuordangobj ZuordNr="861" AngNr="VL42" ObjNr="8456" Aktuell="1"/>
  <Zuordangobj ZuordNr="862" AngNr="VB43" ObjNr="1601" Aktuell="1"/>
  <Zuordangobj ZuordNr="863" AngNr="VB44" ObjNr="3614" Aktuell="1"/>
  <Zuordangobj ZuordNr="864" AngNr="VB45" ObjNr="1548" Aktuell="1"/>
  <Zuordangobj ZuordNr="865" AngNr="VB46" ObjNr="3702" Aktuell="1"/>
  <Zuordangobj ZuordNr="866" AngNr="VL047" ObjNr="8461" Aktuell="1"/>
  <Zuordangobj ZuordNr="867" AngNr="WO185" ObjNr="8462" Aktuell="1"/>
  <Zuordangobj ZuordNr="868" AngNr="VB48" ObjNr="884" Aktuell="1"/>
  <Zuordangobj ZuordNr="870" AngNr="VL49" ObjNr="8463" Aktuell="1"/>
  <Zuordangobj ZuordNr="871" AngNr="VL50" ObjNr="8465" Aktuell="1"/>
  <Zuordangobj ZuordNr="872" AngNr="VL51" ObjNr="8466" Aktuell="1"/>
  <Zuordangobj ZuordNr="873" AngNr="VH52" ObjNr="8467" Aktuell="1"/>
  <Zuordangobj ZuordNr="874" AngNr="VH53" ObjNr="8468" Aktuell="1"/>
  <Zuordangobj ZuordNr="875" AngNr="VB54" ObjNr="5079" Aktuell="1"/>
  <Zuordangobj ZuordNr="876" AngNr="VL55" ObjNr="8470" Aktuell="1"/>
  <Zuordangobj ZuordNr="877" AngNr="RH146" ObjNr="8471" Aktuell="1"/>
  <Zuordangobj ZuordNr="878" AngNr="VB56" ObjNr="1289" Aktuell="1"/>
  <Zuordangobj ZuordNr="879" AngNr="VL57" ObjNr="8473" Aktuell="1"/>
  <Zuordangobj ZuordNr="880" AngNr="HS186" ObjNr="8474" Aktuell="1"/>
  <Zuordangobj ZuordNr="881" AngNr="HS187" ObjNr="8475" Aktuell="1"/>
  <Zuordangobj ZuordNr="882" AngNr="VL58" ObjNr="8476" Aktuell="1"/>
  <Zuordangobj ZuordNr="883" AngNr="RH147" ObjNr="8477" Aktuell="1"/>
  <Zuordangobj ZuordNr="884" AngNr="VB59" ObjNr="8478" Aktuell="1"/>
  <Zuordangobj ZuordNr="885" AngNr="VB60" ObjNr="1688" Aktuell="1"/>
  <Zuordangobj ZuordNr="886" AngNr="VB61" ObjNr="8480" Aktuell="1"/>
  <Zuordangobj ZuordNr="887" AngNr="VL62" ObjNr="8481" Aktuell="1"/>
  <Zuordangobj ZuordNr="888" AngNr="VB63" ObjNr="8482" Aktuell="1"/>
  <Zuordangobj ZuordNr="889" AngNr="VB64" ObjNr="8483" Aktuell="1"/>
  <Zuordangobj ZuordNr="890" AngNr="VB65" ObjNr="8484" Aktuell="1"/>
  <Zuordangobj ZuordNr="891" AngNr="VB66" ObjNr="8485" Aktuell="1"/>
  <Zuordangobj ZuordNr="892" AngNr="HS188" ObjNr="8486" Aktuell="1"/>
  <Zuordangobj ZuordNr="893" AngNr="HS189" ObjNr="8487" Aktuell="1"/>
  <Zuordangobj ZuordNr="894" AngNr="HS190" ObjNr="8488" Aktuell="1"/>
  <Zuordangobj ZuordNr="895" AngNr="IH148" ObjNr="8489" Aktuell="1"/>
  <Zuordangobj ZuordNr="896" AngNr="VB67" ObjNr="2878" Aktuell="1"/>
  <Zuordangobj ZuordNr="897" AngNr="VL68" ObjNr="8491" Aktuell="1"/>
  <Zuordangobj ZuordNr="898" AngNr="VL69" ObjNr="902" Aktuell="1"/>
  <Zuordangobj ZuordNr="900" AngNr="VB70" ObjNr="8494" Aktuell="1"/>
  <Zuordangobj ZuordNr="901" AngNr="VB71" ObjNr="8495" Aktuell="1"/>
  <Zuordangobj ZuordNr="902" AngNr="VB72" ObjNr="8755" Aktuell="1"/>
  <Zuordangobj ZuordNr="903" AngNr="HS191" ObjNr="8497" Aktuell="1"/>
  <Zuordangobj ZuordNr="904" AngNr="HS192" ObjNr="8498" Aktuell="1"/>
  <Zuordangobj ZuordNr="905" AngNr="EI193" ObjNr="26" Aktuell="1"/>
  <Zuordangobj ZuordNr="906" AngNr="VB73" ObjNr="8500" Aktuell="1"/>
  <Zuordangobj ZuordNr="907" AngNr="HS194" ObjNr="8501" Aktuell="1"/>
  <Zuordangobj ZuordNr="909" AngNr="VL74" ObjNr="3626" Aktuell="1"/>
  <Zuordangobj ZuordNr="910" AngNr="VB75" ObjNr="8504" Aktuell="1"/>
  <Zuordangobj ZuordNr="911" AngNr="VL76" ObjNr="2481" Aktuell="1"/>
  <Zuordangobj ZuordNr="912" AngNr="VB77" ObjNr="8506" Aktuell="1"/>
  <Zuordangobj ZuordNr="913" AngNr="VB78" ObjNr="8537" Aktuell="1"/>
  <Zuordangobj ZuordNr="915" AngNr="VB79" ObjNr="8509" Aktuell="1"/>
  <Zuordangobj ZuordNr="916" AngNr="VL80" ObjNr="2235" Aktuell="1"/>
  <Zuordangobj ZuordNr="917" AngNr="RH149" ObjNr="8511" Aktuell="1"/>
  <Zuordangobj ZuordNr="918" AngNr="VB81" ObjNr="8512" Aktuell="1"/>
  <Zuordangobj ZuordNr="919" AngNr="EI196" ObjNr="22" Aktuell="1"/>
  <Zuordangobj ZuordNr="920" AngNr="VL82" ObjNr="1799" Aktuell="1"/>
  <Zuordangobj ZuordNr="922" AngNr="VB83" ObjNr="8516" Aktuell="1"/>
  <Zuordangobj ZuordNr="923" AngNr="VB84" ObjNr="8517" Aktuell="1"/>
  <Zuordangobj ZuordNr="924" AngNr="VB85" ObjNr="8518" Aktuell="1"/>
  <Zuordangobj ZuordNr="925" AngNr="VB86" ObjNr="8519" Aktuell="1"/>
  <Zuordangobj ZuordNr="926" AngNr="VL87" ObjNr="4368" Aktuell="1"/>
  <Zuordangobj ZuordNr="928" AngNr="RH150" ObjNr="8522" Aktuell="1"/>
  <Zuordangobj ZuordNr="929" AngNr="BP198" ObjNr="8526" Aktuell="1"/>
  <Zuordangobj ZuordNr="934" AngNr="VB88" ObjNr="8528" Aktuell="1"/>
  <Zuordangobj ZuordNr="936" AngNr="VL90" ObjNr="584" Aktuell="1"/>
  <Zuordangobj ZuordNr="937" AngNr="RH151" ObjNr="3336" Aktuell="1"/>
  <Zuordangobj ZuordNr="938" AngNr="RH152" ObjNr="8533" Aktuell="1"/>
  <Zuordangobj ZuordNr="941" AngNr="VB91" ObjNr="8534" Aktuell="1"/>
  <Zuordangobj ZuordNr="942" AngNr="RH153" ObjNr="3447" Aktuell="1"/>
  <Zuordangobj ZuordNr="943" AngNr="RH154" ObjNr="8537" Aktuell="1"/>
  <Zuordangobj ZuordNr="944" AngNr="VL92" ObjNr="6087" Aktuell="1"/>
  <Zuordangobj ZuordNr="945" AngNr="EI199" ObjNr="8539" Aktuell="1"/>
  <Zuordangobj ZuordNr="946" AngNr="VB93" ObjNr="2881" Aktuell="1"/>
  <Zuordangobj ZuordNr="947" AngNr="VL94" ObjNr="8541" Aktuell="1"/>
  <Zuordangobj ZuordNr="948" AngNr="VB95" ObjNr="8542" Aktuell="1"/>
  <Zuordangobj ZuordNr="949" AngNr="VB96" ObjNr="8543" Aktuell="1"/>
  <Zuordangobj ZuordNr="950" AngNr="VB97" ObjNr="2883" Aktuell="1"/>
  <Zuordangobj ZuordNr="951" AngNr="VL098" ObjNr="8543" Aktuell="1"/>
  <Zuordangobj ZuordNr="952" AngNr="VB099" ObjNr="8546" Aktuell="1"/>
  <Zuordangobj ZuordNr="953" AngNr="WO201" ObjNr="8738" Aktuell="1"/>
  <Zuordangobj ZuordNr="954" AngNr="RH155" ObjNr="3624" Aktuell="1"/>
  <Zuordangobj ZuordNr="955" AngNr="HS202" ObjNr="8549" Aktuell="1"/>
  <Zuordangobj ZuordNr="957" AngNr="VL100" ObjNr="8551" Aktuell="1"/>
  <Zuordangobj ZuordNr="958" AngNr="VL101" ObjNr="1767" Aktuell="1"/>
  <Zuordangobj ZuordNr="959" AngNr="VL102" ObjNr="114" Aktuell="1"/>
  <Zuordangobj ZuordNr="962" AngNr="VB104" ObjNr="5037" Aktuell="1"/>
  <Zuordangobj ZuordNr="963" AngNr="WO200" ObjNr="8557" Aktuell="1"/>
  <Zuordangobj ZuordNr="964" AngNr="VH105" ObjNr="8558" Aktuell="1"/>
  <Zuordangobj ZuordNr="965" AngNr="VB106" ObjNr="8559" Aktuell="1"/>
  <Zuordangobj ZuordNr="966" AngNr="HS203" ObjNr="8560" Aktuell="1"/>
  <Zuordangobj ZuordNr="967" AngNr="VL107" ObjNr="8561" Aktuell="1"/>
  <Zuordangobj ZuordNr="968" AngNr="HS204" ObjNr="8562" Aktuell="1"/>
  <Zuordangobj ZuordNr="969" AngNr="RH156" ObjNr="4287" Aktuell="1"/>
  <Zuordangobj ZuordNr="970" AngNr="HS184" ObjNr="8451" Aktuell="1"/>
  <Zuordangobj ZuordNr="971" AngNr="Vl108" ObjNr="8565" Aktuell="1"/>
  <Zuordangobj ZuordNr="972" AngNr="BP205" ObjNr="8566" Aktuell="1"/>
  <Zuordangobj ZuordNr="973" AngNr="RH157" ObjNr="8567" Aktuell="1"/>
  <Zuordangobj ZuordNr="974" AngNr="RH158" ObjNr="3787" Aktuell="1"/>
  <Zuordangobj ZuordNr="976" AngNr="VL109" ObjNr="8570" Aktuell="1"/>
  <Zuordangobj ZuordNr="977" AngNr="HS207" ObjNr="8571" Aktuell="1"/>
  <Zuordangobj ZuordNr="978" AngNr="VB110" ObjNr="8572" Aktuell="1"/>
  <Zuordangobj ZuordNr="979" AngNr="VL111" ObjNr="1274" Aktuell="1"/>
  <Zuordangobj ZuordNr="980" AngNr="VL112" ObjNr="8574" Aktuell="1"/>
  <Zuordangobj ZuordNr="981" AngNr="VL113" ObjNr="6171" Aktuell="1"/>
  <Zuordangobj ZuordNr="982" AngNr="VB114" ObjNr="8577" Aktuell="1"/>
  <Zuordangobj ZuordNr="984" AngNr="VB115" ObjNr="8578" Aktuell="1"/>
  <Zuordangobj ZuordNr="986" AngNr="RH159" ObjNr="962" Aktuell="1"/>
  <Zuordangobj ZuordNr="987" AngNr="VL116" ObjNr="1281" Aktuell="1"/>
  <Zuordangobj ZuordNr="988" AngNr="EI208" ObjNr="8582" Aktuell="1"/>
  <Zuordangobj ZuordNr="989" AngNr="WO209" ObjNr="8583" Aktuell="1"/>
  <Zuordangobj ZuordNr="990" AngNr="EI210" ObjNr="8584" Aktuell="1"/>
  <Zuordangobj ZuordNr="991" AngNr="VL117" ObjNr="8585" Aktuell="1"/>
  <Zuordangobj ZuordNr="993" AngNr="VL118" ObjNr="8587" Aktuell="1"/>
  <Zuordangobj ZuordNr="995" AngNr="VB119" ObjNr="8586" Aktuell="1"/>
  <Zuordangobj ZuordNr="996" AngNr="HS211" ObjNr="4380" Aktuell="1"/>
  <Zuordangobj ZuordNr="997" AngNr="HS212" ObjNr="8591" Aktuell="1"/>
  <Zuordangobj ZuordNr="998" AngNr="HS213" ObjNr="8592" Aktuell="1"/>
  <Zuordangobj ZuordNr="999" AngNr="VL120" ObjNr="8593" Aktuell="1"/>
  <Zuordangobj ZuordNr="1001" AngNr="RH161" ObjNr="1310" Aktuell="1"/>
  <Zuordangobj ZuordNr="1002" AngNr="HS214" ObjNr="8596" Aktuell="1"/>
  <Zuordangobj ZuordNr="1003" AngNr="HS215" ObjNr="8597" Aktuell="1"/>
  <Zuordangobj ZuordNr="1004" AngNr="HS216" ObjNr="8598" Aktuell="1"/>
  <Zuordangobj ZuordNr="1005" AngNr="RH162" ObjNr="1594" Aktuell="1"/>
  <Zuordangobj ZuordNr="1006" AngNr="EI217" ObjNr="8582" Aktuell="1"/>
  <Zuordangobj ZuordNr="1007" AngNr="HS218" ObjNr="8601" Aktuell="1"/>
  <Zuordangobj ZuordNr="1008" AngNr="HS219" ObjNr="8602" Aktuell="1"/>
  <Zuordangobj ZuordNr="1009" AngNr="RH163" ObjNr="1814" Aktuell="1"/>
  <Zuordangobj ZuordNr="1010" AngNr="HS220" ObjNr="8604" Aktuell="1"/>
  <Zuordangobj ZuordNr="1011" AngNr="RH164" ObjNr="1816" Aktuell="1"/>
  <Zuordangobj ZuordNr="1012" AngNr="RH165" ObjNr="8609" Aktuell="1"/>
  <Zuordangobj ZuordNr="1016" AngNr="RH166" ObjNr="8610" Aktuell="0"/>
  <Zuordangobj ZuordNr="1017" AngNr="HS221" ObjNr="8611" Aktuell="1"/>
  <Zuordangobj ZuordNr="1018" AngNr="HS222" ObjNr="2583" Aktuell="1"/>
  <Zuordangobj ZuordNr="1019" AngNr="VL121" ObjNr="8613" Aktuell="1"/>
  <Zuordangobj ZuordNr="1020" AngNr="VL122" ObjNr="8614" Aktuell="1"/>
  <Zuordangobj ZuordNr="1021" AngNr="EI223" ObjNr="8615" Aktuell="1"/>
  <Zuordangobj ZuordNr="1022" AngNr="EI224" ObjNr="2964" Aktuell="1"/>
  <Zuordangobj ZuordNr="1023" AngNr="EI225" ObjNr="5747" Aktuell="1"/>
  <Zuordangobj ZuordNr="1024" AngNr="WO226" ObjNr="8618" Aktuell="1"/>
  <Zuordangobj ZuordNr="1025" AngNr="EI227" ObjNr="8619" Aktuell="1"/>
  <Zuordangobj ZuordNr="1026" AngNr="WO228" ObjNr="8620" Aktuell="1"/>
  <Zuordangobj ZuordNr="1027" AngNr="EI229" ObjNr="6169" Aktuell="1"/>
  <Zuordangobj ZuordNr="1028" AngNr="HS230" ObjNr="8622" Aktuell="1"/>
  <Zuordangobj ZuordNr="1029" AngNr="EI231" ObjNr="8623" Aktuell="1"/>
  <Zuordangobj ZuordNr="1030" AngNr="HS233" ObjNr="8624" Aktuell="1"/>
  <Zuordangobj ZuordNr="1031" AngNr="EI234" ObjNr="8625" Aktuell="1"/>
  <Zuordangobj ZuordNr="1032" AngNr="HS235" ObjNr="8626" Aktuell="1"/>
  <Zuordangobj ZuordNr="1033" AngNr="VB123" ObjNr="1594" Aktuell="1"/>
  <Zuordangobj ZuordNr="1034" AngNr="EI236" ObjNr="8628" Aktuell="1"/>
  <Zuordangobj ZuordNr="1035" AngNr="RH167" ObjNr="3057" Aktuell="1"/>
  <Zuordangobj ZuordNr="1036" AngNr="HS237" ObjNr="8630" Aktuell="1"/>
  <Zuordangobj ZuordNr="1037" AngNr="EI238" ObjNr="1017" Aktuell="1"/>
  <Zuordangobj ZuordNr="1038" AngNr="HS239" ObjNr="8632" Aktuell="1"/>
  <Zuordangobj ZuordNr="1039" AngNr="HS240" ObjNr="8633" Aktuell="1"/>
  <Zuordangobj ZuordNr="1040" AngNr="VL124" ObjNr="6075" Aktuell="1"/>
  <Zuordangobj ZuordNr="1041" AngNr="VL125" ObjNr="8635" Aktuell="1"/>
  <Zuordangobj ZuordNr="1042" AngNr="HS241" ObjNr="8636" Aktuell="1"/>
  <Zuordangobj ZuordNr="1043" AngNr="RH168" ObjNr="578" Aktuell="1"/>
  <Zuordangobj ZuordNr="1045" AngNr="RH169" ObjNr="3404" Aktuell="1"/>
  <Zuordangobj ZuordNr="1046" AngNr="VL126" ObjNr="8640" Aktuell="1"/>
  <Zuordangobj ZuordNr="1047" AngNr="HS242" ObjNr="8641" Aktuell="1"/>
  <Zuordangobj ZuordNr="1048" AngNr="HS243" ObjNr="8642" Aktuell="1"/>
  <Zuordangobj ZuordNr="1049" AngNr="HS244" ObjNr="8643" Aktuell="1"/>
  <Zuordangobj ZuordNr="1050" AngNr="RH170" ObjNr="8644" Aktuell="1"/>
  <Zuordangobj ZuordNr="1051" AngNr="HS245" ObjNr="8645" Aktuell="1"/>
  <Zuordangobj ZuordNr="1052" AngNr="BP246" ObjNr="8646" Aktuell="1"/>
  <Zuordangobj ZuordNr="1053" AngNr="HS247" ObjNr="8647" Aktuell="1"/>
  <Zuordangobj ZuordNr="1054" AngNr="VL128" ObjNr="8648" Aktuell="1"/>
  <Zuordangobj ZuordNr="1055" AngNr="VL129" ObjNr="8649" Aktuell="1"/>
  <Zuordangobj ZuordNr="1056" AngNr="RH171" ObjNr="8650" Aktuell="1"/>
  <Zuordangobj ZuordNr="1057" AngNr="VB130" ObjNr="2884" Aktuell="1"/>
  <Zuordangobj ZuordNr="1058" AngNr="HS248" ObjNr="8652" Aktuell="1"/>
  <Zuordangobj ZuordNr="1059" AngNr="RH172" ObjNr="8653" Aktuell="1"/>
  <Zuordangobj ZuordNr="1060" AngNr="HS249" ObjNr="8654" Aktuell="1"/>
  <Zuordangobj ZuordNr="1061" AngNr="EI250" ObjNr="6214" Aktuell="1"/>
  <Zuordangobj ZuordNr="1062" AngNr="VL127" ObjNr="8656" Aktuell="1"/>
  <Zuordangobj ZuordNr="1063" AngNr="HS251" ObjNr="8657" Aktuell="1"/>
  <Zuordangobj ZuordNr="1064" AngNr="HS252" ObjNr="8658" Aktuell="1"/>
  <Zuordangobj ZuordNr="1065" AngNr="VL131" ObjNr="8659" Aktuell="1"/>
  <Zuordangobj ZuordNr="1067" AngNr="VL132" ObjNr="2488" Aktuell="1"/>
  <Zuordangobj ZuordNr="1069" AngNr="HS253" ObjNr="8663" Aktuell="1"/>
  <Zuordangobj ZuordNr="1070" AngNr="Ei254" ObjNr="8664" Aktuell="1"/>
  <Zuordangobj ZuordNr="1071" AngNr="VL133" ObjNr="8665" Aktuell="1"/>
  <Zuordangobj ZuordNr="1072" AngNr="EI255" ObjNr="4541" Aktuell="1"/>
  <Zuordangobj ZuordNr="1073" AngNr="EI256" ObjNr="3806" Aktuell="1"/>
  <Zuordangobj ZuordNr="1074" AngNr="VB134" ObjNr="8668" Aktuell="1"/>
  <Zuordangobj ZuordNr="1075" AngNr="VL135" ObjNr="1387" Aktuell="1"/>
  <Zuordangobj ZuordNr="1076" AngNr="EI257" ObjNr="2420" Aktuell="1"/>
  <Zuordangobj ZuordNr="1077" AngNr="RH173" ObjNr="8671" Aktuell="1"/>
  <Zuordangobj ZuordNr="1078" AngNr="HS258" ObjNr="1309" Aktuell="1"/>
  <Zuordangobj ZuordNr="1079" AngNr="EI259" ObjNr="4015" Aktuell="1"/>
  <Zuordangobj ZuordNr="1080" AngNr="EI260" ObjNr="8674" Aktuell="1"/>
  <Zuordangobj ZuordNr="1081" AngNr="VL136" ObjNr="8675" Aktuell="1"/>
  <Zuordangobj ZuordNr="1082" AngNr="VB137" ObjNr="8676" Aktuell="1"/>
  <Zuordangobj ZuordNr="1083" AngNr="HS261" ObjNr="8677" Aktuell="1"/>
  <Zuordangobj ZuordNr="1084" AngNr="RH174" ObjNr="42" Aktuell="1"/>
  <Zuordangobj ZuordNr="1086" AngNr="HS262" ObjNr="8680" Aktuell="1"/>
  <Zuordangobj ZuordNr="1087" AngNr="HS263" ObjNr="8681" Aktuell="1"/>
  <Zuordangobj ZuordNr="1090" AngNr="RH177" ObjNr="2071" Aktuell="1"/>
  <Zuordangobj ZuordNr="1091" AngNr="EI265" ObjNr="8685" Aktuell="1"/>
  <Zuordangobj ZuordNr="1092" AngNr="HS266" ObjNr="8686" Aktuell="1"/>
  <Zuordangobj ZuordNr="1093" AngNr="WO267" ObjNr="8687" Aktuell="1"/>
  <Zuordangobj ZuordNr="1095" AngNr="WO269" ObjNr="8689" Aktuell="1"/>
  <Zuordangobj ZuordNr="1096" AngNr="VL138" ObjNr="8690" Aktuell="1"/>
  <Zuordangobj ZuordNr="1097" AngNr="VL139" ObjNr="8516" Aktuell="1"/>
  <Zuordangobj ZuordNr="1098" AngNr="VB140" ObjNr="8656" Aktuell="1"/>
  <Zuordangobj ZuordNr="1100" AngNr="RG 178" ObjNr="3660" Aktuell="1"/>
  <Zuordangobj ZuordNr="1101" AngNr="VL141" ObjNr="8695" Aktuell="1"/>
  <Zuordangobj ZuordNr="1102" AngNr="VB142" ObjNr="8696" Aktuell="1"/>
  <Zuordangobj ZuordNr="1103" AngNr="RH179" ObjNr="8697" Aktuell="1"/>
  <Zuordangobj ZuordNr="1104" AngNr="EI270" ObjNr="8698" Aktuell="1"/>
  <Zuordangobj ZuordNr="1105" AngNr="WO271" ObjNr="2420" Aktuell="1"/>
  <Zuordangobj ZuordNr="1106" AngNr="HS272" ObjNr="8700" Aktuell="1"/>
  <Zuordangobj ZuordNr="1107" AngNr="HS273" ObjNr="8701" Aktuell="1"/>
  <Zuordangobj ZuordNr="1108" AngNr="WO274" ObjNr="8702" Aktuell="1"/>
  <Zuordangobj ZuordNr="1109" AngNr="HS275" ObjNr="8703" Aktuell="1"/>
  <Zuordangobj ZuordNr="1110" AngNr="HS276" ObjNr="8704" Aktuell="1"/>
  <Zuordangobj ZuordNr="1111" AngNr="EI277" ObjNr="8705" Aktuell="1"/>
  <Zuordangobj ZuordNr="1112" AngNr="HS278" ObjNr="8706" Aktuell="1"/>
  <Zuordangobj ZuordNr="1113" AngNr="HS279" ObjNr="8707" Aktuell="1"/>
  <Zuordangobj ZuordNr="1114" AngNr="EI280" ObjNr="1299" Aktuell="1"/>
  <Zuordangobj ZuordNr="1117" AngNr="RH180" ObjNr="8710" Aktuell="1"/>
  <Zuordangobj ZuordNr="1118" AngNr="RH181" ObjNr="2641" Aktuell="1"/>
  <Zuordangobj ZuordNr="1122" AngNr="EI281" ObjNr="8716" Aktuell="1"/>
  <Zuordangobj ZuordNr="1123" AngNr="EI282" ObjNr="8717" Aktuell="1"/>
  <Zuordangobj ZuordNr="1124" AngNr="VL144" ObjNr="8718" Aktuell="1"/>
  <Zuordangobj ZuordNr="1125" AngNr="VL145" ObjNr="1323" Aktuell="1"/>
  <Zuordangobj ZuordNr="1126" AngNr="RH182" ObjNr="3310" Aktuell="0"/>
  <Zuordangobj ZuordNr="1128" AngNr="HS283" ObjNr="8722" Aktuell="1"/>
  <Zuordangobj ZuordNr="1129" AngNr="WO284" ObjNr="8341" Aktuell="1"/>
  <Zuordangobj ZuordNr="1131" AngNr="HS286" ObjNr="8725" Aktuell="1"/>
  <Zuordangobj ZuordNr="1132" AngNr="HS287" ObjNr="866" Aktuell="1"/>
  <Zuordangobj ZuordNr="1133" AngNr="EI288" ObjNr="8727" Aktuell="1"/>
  <Zuordangobj ZuordNr="1134" AngNr="VL146" ObjNr="8728" Aktuell="1"/>
  <Zuordangobj ZuordNr="1135" AngNr="RH183" ObjNr="2374" Aktuell="0"/>
  <Zuordangobj ZuordNr="1136" AngNr="EI289" ObjNr="8747" Aktuell="1"/>
  <Zuordangobj ZuordNr="1137" AngNr="VL147" ObjNr="2483" Aktuell="1"/>
  <Zuordangobj ZuordNr="1139" AngNr="VB148" ObjNr="782" Aktuell="1"/>
  <Zuordangobj ZuordNr="1140" AngNr="HS290" ObjNr="8734" Aktuell="1"/>
  <Zuordangobj ZuordNr="1141" AngNr="EI291" ObjNr="8735" Aktuell="1"/>
  <Zuordangobj ZuordNr="1142" AngNr="VL149" ObjNr="1977" Aktuell="1"/>
  <Zuordangobj ZuordNr="1143" AngNr="WO292" ObjNr="8738" Aktuell="1"/>
  <Zuordangobj ZuordNr="1144" AngNr="WO293" ObjNr="8738" Aktuell="1"/>
  <Zuordangobj ZuordNr="1145" AngNr="VL150" ObjNr="8739" Aktuell="1"/>
  <Zuordangobj ZuordNr="1146" AngNr="WO294" ObjNr="8512" Aktuell="1"/>
  <Zuordangobj ZuordNr="1147" AngNr="VB151" ObjNr="3057" Aktuell="1"/>
  <Zuordangobj ZuordNr="1148" AngNr="EI295" ObjNr="8742" Aktuell="1"/>
  <Zuordangobj ZuordNr="1149" AngNr="RH184" ObjNr="8743" Aktuell="1"/>
  <Zuordangobj ZuordNr="1150" AngNr="EI296" ObjNr="8744" Aktuell="1"/>
  <Zuordangobj ZuordNr="1151" AngNr="RH185" ObjNr="8745" Aktuell="1"/>
  <Zuordangobj ZuordNr="1152" AngNr="HS297" ObjNr="8746" Aktuell="1"/>
  <Zuordangobj ZuordNr="1153" AngNr="EI298" ObjNr="8747" Aktuell="1"/>
  <Zuordangobj ZuordNr="1154" AngNr="RH186" ObjNr="8748" Aktuell="1"/>
  <Zuordangobj ZuordNr="1155" AngNr="WO299" ObjNr="8749" Aktuell="1"/>
  <Zuordangobj ZuordNr="1156" AngNr="VL152" ObjNr="8750" Aktuell="1"/>
  <Zuordangobj ZuordNr="1157" AngNr="RH187" ObjNr="8304" Aktuell="1"/>
  <Zuordangobj ZuordNr="1158" AngNr="RH188" ObjNr="8752" Aktuell="1"/>
  <Zuordangobj ZuordNr="1159" AngNr="VB153" ObjNr="2796" Aktuell="1"/>
  <Zuordangobj ZuordNr="1160" AngNr="EI300" ObjNr="33" Aktuell="1"/>
  <Zuordangobj ZuordNr="1161" AngNr="RH189" ObjNr="8755" Aktuell="1"/>
  <Zuordangobj ZuordNr="1162" AngNr="HS301" ObjNr="8756" Aktuell="1"/>
  <Zuordangobj ZuordNr="1163" AngNr="VL154" ObjNr="1367" Aktuell="1"/>
  <Zuordangobj ZuordNr="1164" AngNr="RH190" ObjNr="1542" Aktuell="1"/>
  <Zuordangobj ZuordNr="1166" AngNr="WO302" ObjNr="9018" Aktuell="1"/>
  <Zuordangobj ZuordNr="1167" AngNr="WO303" ObjNr="1392" Aktuell="1"/>
  <Zuordangobj ZuordNr="1168" AngNr="WO304" ObjNr="1712" Aktuell="1"/>
  <Zuordangobj ZuordNr="1169" AngNr="RH191" ObjNr="8763" Aktuell="1"/>
  <Zuordangobj ZuordNr="1170" AngNr="HS305" ObjNr="8764" Aktuell="1"/>
  <Zuordangobj ZuordNr="1171" AngNr="EI306" ObjNr="2533" Aktuell="1"/>
  <Zuordangobj ZuordNr="1172" AngNr="VL155" ObjNr="8766" Aktuell="1"/>
  <Zuordangobj ZuordNr="1173" AngNr="HS307" ObjNr="8767" Aktuell="1"/>
  <Zuordangobj ZuordNr="1174" AngNr="WO308" ObjNr="8768" Aktuell="1"/>
  <Zuordangobj ZuordNr="1175" AngNr="RH192" ObjNr="1810" Aktuell="1"/>
  <Zuordangobj ZuordNr="1176" AngNr="HS309" ObjNr="8770" Aktuell="1"/>
  <Zuordangobj ZuordNr="1177" AngNr="VB156" ObjNr="8771" Aktuell="1"/>
  <Zuordangobj ZuordNr="1178" AngNr="VL157" ObjNr="8428" Aktuell="1"/>
  <Zuordangobj ZuordNr="1179" AngNr="VL158" ObjNr="8773" Aktuell="1"/>
  <Zuordangobj ZuordNr="1181" AngNr="VL159" ObjNr="8774" Aktuell="1"/>
  <Zuordangobj ZuordNr="1182" AngNr="WO310" ObjNr="902" Aktuell="1"/>
  <Zuordangobj ZuordNr="1183" AngNr="VB160" ObjNr="8777" Aktuell="1"/>
  <Zuordangobj ZuordNr="1184" AngNr="EI311" ObjNr="8778" Aktuell="1"/>
  <Zuordangobj ZuordNr="1185" AngNr="VL161" ObjNr="1799" Aktuell="1"/>
  <Zuordangobj ZuordNr="1186" AngNr="WO312" ObjNr="8780" Aktuell="1"/>
  <Zuordangobj ZuordNr="1187" AngNr="WO313" ObjNr="8829" Aktuell="1"/>
  <Zuordangobj ZuordNr="1188" AngNr="WO314" ObjNr="8782" Aktuell="1"/>
  <Zuordangobj ZuordNr="1189" AngNr="WO316" ObjNr="8783" Aktuell="1"/>
  <Zuordangobj ZuordNr="1190" AngNr="HS317" ObjNr="8784" Aktuell="1"/>
  <Zuordangobj ZuordNr="1191" AngNr="WO318" ObjNr="8785" Aktuell="1"/>
  <Zuordangobj ZuordNr="1192" AngNr="EI319" ObjNr="1478" Aktuell="1"/>
  <Zuordangobj ZuordNr="1194" AngNr="RH193" ObjNr="1804" Aktuell="1"/>
  <Zuordangobj ZuordNr="1195" AngNr="EI320" ObjNr="8789" Aktuell="1"/>
  <Zuordangobj ZuordNr="1196" AngNr="VB162" ObjNr="8790" Aktuell="1"/>
  <Zuordangobj ZuordNr="1197" AngNr="VL163" ObjNr="8791" Aktuell="1"/>
  <Zuordangobj ZuordNr="1198" AngNr="VL164" ObjNr="8792" Aktuell="1"/>
  <Zuordangobj ZuordNr="1199" AngNr="HS321" ObjNr="8793" Aktuell="1"/>
  <Zuordangobj ZuordNr="1200" AngNr="WO322" ObjNr="8795" Aktuell="1"/>
  <Zuordangobj ZuordNr="1201" AngNr="WO323" ObjNr="8795" Aktuell="1"/>
  <Zuordangobj ZuordNr="1202" AngNr="HS324" ObjNr="5165" Aktuell="1"/>
  <Zuordangobj ZuordNr="1203" AngNr="HS325" ObjNr="8797" Aktuell="1"/>
  <Zuordangobj ZuordNr="1204" AngNr="HS326" ObjNr="8798" Aktuell="1"/>
  <Zuordangobj ZuordNr="1205" AngNr="HS327" ObjNr="8799" Aktuell="1"/>
  <Zuordangobj ZuordNr="1206" AngNr="VL165" ObjNr="8800" Aktuell="1"/>
  <Zuordangobj ZuordNr="1207" AngNr="RH195" ObjNr="8801" Aktuell="1"/>
  <Zuordangobj ZuordNr="1208" AngNr="HS328" ObjNr="8802" Aktuell="1"/>
  <Zuordangobj ZuordNr="1209" AngNr="WO329" ObjNr="8803" Aktuell="1"/>
  <Zuordangobj ZuordNr="1210" AngNr="HS330" ObjNr="8804" Aktuell="1"/>
  <Zuordangobj ZuordNr="1211" AngNr="RH196" ObjNr="6105" Aktuell="1"/>
  <Zuordangobj ZuordNr="1212" AngNr="EI331" ObjNr="8827" Aktuell="1"/>
  <Zuordangobj ZuordNr="1213" AngNr="HS332" ObjNr="8807" Aktuell="1"/>
  <Zuordangobj ZuordNr="1214" AngNr="EI333" ObjNr="8808" Aktuell="1"/>
  <Zuordangobj ZuordNr="1215" AngNr="VL166" ObjNr="8809" Aktuell="1"/>
  <Zuordangobj ZuordNr="1216" AngNr="HS334" ObjNr="8810" Aktuell="1"/>
  <Zuordangobj ZuordNr="1217" AngNr="RH197" ObjNr="402" Aktuell="1"/>
  <Zuordangobj ZuordNr="1218" AngNr="RH198" ObjNr="8812" Aktuell="1"/>
  <Zuordangobj ZuordNr="1219" AngNr="WO335" ObjNr="8813" Aktuell="1"/>
  <Zuordangobj ZuordNr="1220" AngNr="HS336" ObjNr="8814" Aktuell="1"/>
  <Zuordangobj ZuordNr="1221" AngNr="WO337" ObjNr="8815" Aktuell="1"/>
  <Zuordangobj ZuordNr="1222" AngNr="EI338" ObjNr="6155" Aktuell="1"/>
  <Zuordangobj ZuordNr="1225" AngNr="EI339" ObjNr="8819" Aktuell="1"/>
  <Zuordangobj ZuordNr="1226" AngNr="EI340" ObjNr="8820" Aktuell="1"/>
  <Zuordangobj ZuordNr="1227" AngNr="HS341" ObjNr="5895" Aktuell="1"/>
  <Zuordangobj ZuordNr="1228" AngNr="RH200" ObjNr="8822" Aktuell="1"/>
  <Zuordangobj ZuordNr="1229" AngNr="RH201" ObjNr="8823" Aktuell="1"/>
  <Zuordangobj ZuordNr="1230" AngNr="WO342" ObjNr="161" Aktuell="1"/>
  <Zuordangobj ZuordNr="1231" AngNr="EI343" ObjNr="8825" Aktuell="1"/>
  <Zuordangobj ZuordNr="1232" AngNr="EI344" ObjNr="8826" Aktuell="1"/>
  <Zuordangobj ZuordNr="1233" AngNr="EI345" ObjNr="8827" Aktuell="1"/>
  <Zuordangobj ZuordNr="1234" AngNr="RH202" ObjNr="8828" Aktuell="1"/>
  <Zuordangobj ZuordNr="1235" AngNr="RH203" ObjNr="8829" Aktuell="1"/>
  <Zuordangobj ZuordNr="1236" AngNr="VB167" ObjNr="8830" Aktuell="1"/>
  <Zuordangobj ZuordNr="1237" AngNr="VB168" ObjNr="3165" Aktuell="1"/>
  <Zuordangobj ZuordNr="1238" AngNr="WO346" ObjNr="1704" Aktuell="1"/>
  <Zuordangobj ZuordNr="1254" AngNr="RH94" ObjNr="8850" Aktuell="1"/>
  <Zuordangobj ZuordNr="1255" AngNr="RH90" ObjNr="3579" Aktuell="1"/>
  <Zuordangobj ZuordNr="1272" AngNr="HS348" ObjNr="8863" Aktuell="1"/>
  <Zuordangobj ZuordNr="1273" AngNr="WO349" ObjNr="8865" Aktuell="1"/>
  <Zuordangobj ZuordNr="1274" AngNr="WO350" ObjNr="8865" Aktuell="1"/>
  <Zuordangobj ZuordNr="1275" AngNr="WO351" ObjNr="8866" Aktuell="1"/>
  <Zuordangobj ZuordNr="1276" AngNr="WO352" ObjNr="8866" Aktuell="1"/>
  <Zuordangobj ZuordNr="1277" AngNr="WO353" ObjNr="8866" Aktuell="1"/>
  <Zuordangobj ZuordNr="1280" AngNr="VL173" ObjNr="2922" Aktuell="1"/>
  <Zuordangobj ZuordNr="1282" AngNr="EI347" ObjNr="1133" Aktuell="1"/>
  <Zuordangobj ZuordNr="1283" AngNr="HS355" ObjNr="8867" Aktuell="1"/>
  <Zuordangobj ZuordNr="1284" AngNr="RH204" ObjNr="8868" Aktuell="1"/>
  <Zuordangobj ZuordNr="1285" AngNr="RH204" ObjNr="8869" Aktuell="1"/>
  <Zuordangobj ZuordNr="1287" AngNr="RH206" ObjNr="8871" Aktuell="1"/>
  <Zuordangobj ZuordNr="1289" AngNr="RH208" ObjNr="8873" Aktuell="1"/>
  <Zuordangobj ZuordNr="1290" AngNr="RH209" ObjNr="1351" Aktuell="1"/>
  <Zuordangobj ZuordNr="1291" AngNr="VB171" ObjNr="1542" Aktuell="1"/>
  <Zuordangobj ZuordNr="1292" AngNr="VL170" ObjNr="2884" Aktuell="1"/>
  <Zuordangobj ZuordNr="1295" AngNr="VL172" ObjNr="8516" Aktuell="1"/>
  <Zuordangobj ZuordNr="1296" AngNr="WO354" ObjNr="2229" Aktuell="1"/>
  <Zuordangobj ZuordNr="1297" AngNr="HS356" ObjNr="8874" Aktuell="1"/>
  <Zuordangobj ZuordNr="1298" AngNr="VB174" ObjNr="8875" Aktuell="1"/>
  <Zuordangobj ZuordNr="1300" AngNr="VL175" ObjNr="2074" Aktuell="1"/>
  <Zuordangobj ZuordNr="1301" AngNr="WO357" ObjNr="8879" Aktuell="1"/>
  <Zuordangobj ZuordNr="1302" AngNr="VL176" ObjNr="8880" Aktuell="1"/>
  <Zuordangobj ZuordNr="1303" AngNr="RH211" ObjNr="8881" Aktuell="1"/>
  <Zuordangobj ZuordNr="1304" AngNr="RH211" ObjNr="8883" Aktuell="1"/>
  <Zuordangobj ZuordNr="1305" AngNr="RH211" ObjNr="8882" Aktuell="1"/>
  <Zuordangobj ZuordNr="1306" AngNr="RH212" ObjNr="8884" Aktuell="1"/>
  <Zuordangobj ZuordNr="1307" AngNr="RH210" ObjNr="3668" Aktuell="1"/>
  <Zuordangobj ZuordNr="1308" AngNr="RH213" ObjNr="8886" Aktuell="1"/>
  <Zuordangobj ZuordNr="1309" AngNr="RH214" ObjNr="8887" Aktuell="1"/>
  <Zuordangobj ZuordNr="1310" AngNr="WO358" ObjNr="8888" Aktuell="1"/>
  <Zuordangobj ZuordNr="1311" AngNr="RH215" ObjNr="8889" Aktuell="1"/>
  <Zuordangobj ZuordNr="1312" AngNr="RH216" ObjNr="8890" Aktuell="1"/>
  <Zuordangobj ZuordNr="1313" AngNr="HS359" ObjNr="8891" Aktuell="1"/>
  <Zuordangobj ZuordNr="1315" AngNr="VB178" ObjNr="8894" Aktuell="1"/>
  <Zuordangobj ZuordNr="1316" AngNr="HS360" ObjNr="8896" Aktuell="1"/>
  <Zuordangobj ZuordNr="1317" AngNr="WO361" ObjNr="8896" Aktuell="1"/>
  <Zuordangobj ZuordNr="1318" AngNr="RH212" ObjNr="8885" Aktuell="1"/>
  <Zuordangobj ZuordNr="1319" AngNr="WO362" ObjNr="8897" Aktuell="1"/>
  <Zuordangobj ZuordNr="1320" AngNr="EI363" ObjNr="8898" Aktuell="1"/>
  <Zuordangobj ZuordNr="1321" AngNr="HS364" ObjNr="8899" Aktuell="1"/>
  <Zuordangobj ZuordNr="1322" AngNr="EI365" ObjNr="8902" Aktuell="1"/>
  <Zuordangobj ZuordNr="1323" AngNr="EI366" ObjNr="8903" Aktuell="1"/>
  <Zuordangobj ZuordNr="1325" AngNr="VL177" ObjNr="8892" Aktuell="1"/>
  <Zuordangobj ZuordNr="1327" AngNr="HS368" ObjNr="8911" Aktuell="1"/>
  <Zuordangobj ZuordNr="1328" AngNr="WO369" ObjNr="8912" Aktuell="1"/>
  <Zuordangobj ZuordNr="1329" AngNr="EI370" ObjNr="8915" Aktuell="1"/>
  <Zuordangobj ZuordNr="1331" AngNr="WO371" ObjNr="8917" Aktuell="1"/>
  <Zuordangobj ZuordNr="1332" AngNr="EI372" ObjNr="8742" Aktuell="1"/>
  <Zuordangobj ZuordNr="1333" AngNr="RH217" ObjNr="3942" Aktuell="1"/>
  <Zuordangobj ZuordNr="1334" AngNr="EI373" ObjNr="8942" Aktuell="1"/>
  <Zuordangobj ZuordNr="1335" AngNr="HS374" ObjNr="9478" Aktuell="1"/>
  <Zuordangobj ZuordNr="1336" AngNr="RG207" ObjNr="8944" Aktuell="1"/>
  <Zuordangobj ZuordNr="1337" AngNr="RG178" ObjNr="3660" Aktuell="1"/>
  <Zuordangobj ZuordNr="1338" AngNr="EI375" ObjNr="4188" Aktuell="1"/>
  <Zuordangobj ZuordNr="1339" AngNr="RH219" ObjNr="1350" Aktuell="1"/>
  <Zuordangobj ZuordNr="1340" AngNr="HS376" ObjNr="8950" Aktuell="1"/>
  <Zuordangobj ZuordNr="1341" AngNr="HS377" ObjNr="8951" Aktuell="1"/>
  <Zuordangobj ZuordNr="1342" AngNr="HS378" ObjNr="8955" Aktuell="1"/>
  <Zuordangobj ZuordNr="1485" AngNr="HS379" ObjNr="8957" Aktuell="1"/>
  <Zuordangobj ZuordNr="1486" AngNr="WO380" ObjNr="8958" Aktuell="1"/>
  <Zuordangobj ZuordNr="1487" AngNr="WO197" ObjNr="8959" Aktuell="1"/>
  <Zuordangobj ZuordNr="1488" AngNr="WO381" ObjNr="369" Aktuell="1"/>
  <Zuordangobj ZuordNr="1489" AngNr="HS382" ObjNr="8960" Aktuell="1"/>
  <Zuordangobj ZuordNr="1490" AngNr="RH220" ObjNr="1981" Aktuell="1"/>
  <Zuordangobj ZuordNr="1491" AngNr="RH220" ObjNr="8964" Aktuell="1"/>
  <Zuordangobj ZuordNr="1492" AngNr="RH220" ObjNr="206" Aktuell="1"/>
  <Zuordangobj ZuordNr="1493" AngNr="RH168" ObjNr="577" Aktuell="1"/>
  <Zuordangobj ZuordNr="1496" AngNr="WO384" ObjNr="246" Aktuell="1"/>
  <Zuordangobj ZuordNr="1497" AngNr="RH221" ObjNr="9011" Aktuell="0"/>
  <Zuordangobj ZuordNr="1498" AngNr="RH222" ObjNr="9013" Aktuell="1"/>
  <Zuordangobj ZuordNr="1499" AngNr="WO385" ObjNr="9018" Aktuell="1"/>
  <Zuordangobj ZuordNr="1501" AngNr="WO387" ObjNr="9082" Aktuell="1"/>
  <Zuordangobj ZuordNr="1502" AngNr="WO388" ObjNr="8865" Aktuell="1"/>
  <Zuordangobj ZuordNr="1503" AngNr="HS389" ObjNr="9084" Aktuell="1"/>
  <Zuordangobj ZuordNr="1504" AngNr="HS390" ObjNr="9085" Aktuell="1"/>
  <Zuordangobj ZuordNr="1505" AngNr="WO391" ObjNr="9086" Aktuell="1"/>
  <Zuordangobj ZuordNr="1506" AngNr="HS392" ObjNr="9087" Aktuell="1"/>
  <Zuordangobj ZuordNr="1507" AngNr="HS393" ObjNr="9092" Aktuell="1"/>
  <Zuordangobj ZuordNr="1508" AngNr="RH223" ObjNr="9089" Aktuell="1"/>
  <Zuordangobj ZuordNr="1509" AngNr="EI394" ObjNr="9440" Aktuell="1"/>
  <Zuordangobj ZuordNr="1510" AngNr="RH224" ObjNr="9090" Aktuell="1"/>
  <Zuordangobj ZuordNr="1511" AngNr="HS395" ObjNr="9126" Aktuell="1"/>
  <Zuordangobj ZuordNr="1512" AngNr="HS396" ObjNr="9127" Aktuell="1"/>
  <Zuordangobj ZuordNr="1513" AngNr="HS397" ObjNr="9128" Aktuell="1"/>
  <Zuordangobj ZuordNr="1514" AngNr="HS398" ObjNr="9129" Aktuell="1"/>
  <Zuordangobj ZuordNr="1515" AngNr="HS399" ObjNr="9130" Aktuell="1"/>
  <Zuordangobj ZuordNr="1516" AngNr="WO400" ObjNr="9207" Aktuell="1"/>
  <Zuordangobj ZuordNr="1517" AngNr="RH225" ObjNr="9298" Aktuell="1"/>
  <Zuordangobj ZuordNr="1518" AngNr="EI401" ObjNr="9299" Aktuell="1"/>
  <Zuordangobj ZuordNr="1519" AngNr="WO403" ObjNr="9301" Aktuell="1"/>
  <Zuordangobj ZuordNr="1520" AngNr="HS404" ObjNr="9404" Aktuell="1"/>
  <Zuordangobj ZuordNr="1521" AngNr="HS405" ObjNr="9304" Aktuell="1"/>
  <Zuordangobj ZuordNr="1522" AngNr="HS406" ObjNr="9416" Aktuell="1"/>
  <Zuordangobj ZuordNr="1523" AngNr="HS407" ObjNr="9420" Aktuell="1"/>
  <Zuordangobj ZuordNr="1524" AngNr="RH226" ObjNr="1041" Aktuell="1"/>
  <Zuordangobj ZuordNr="1525" AngNr="EI408" ObjNr="9440" Aktuell="1"/>
  <Zuordangobj ZuordNr="1526" AngNr="HS409" ObjNr="9438" Aktuell="1"/>
  <Zuordangobj ZuordNr="1527" AngNr="RH227" ObjNr="1343" Aktuell="1"/>
  <Zuordangobj ZuordNr="1528" AngNr="EI410" ObjNr="2549" Aktuell="1"/>
  <Zuordangobj ZuordNr="1529" AngNr="HS411" ObjNr="9474" Aktuell="1"/>
  <Zuordangobj ZuordNr="1530" AngNr="HS412" ObjNr="9483" Aktuell="1"/>
  <Zuordangobj ZuordNr="1531" AngNr="HS413" ObjNr="9486" Aktuell="1"/>
  <Zuordangobj ZuordNr="1532" AngNr="EI414" ObjNr="9487" Aktuell="1"/>
  <Zuordangobj ZuordNr="1533" AngNr="RH228" ObjNr="9488" Aktuell="1"/>
  <Zuordangobj ZuordNr="1534" AngNr="RH229" ObjNr="9120" Aktuell="1"/>
  <Zuordangobj ZuordNr="1535" AngNr="EI415" ObjNr="1392" Aktuell="1"/>
  <Zuordangobj ZuordNr="1536" AngNr="HS416" ObjNr="9538" Aktuell="1"/>
  <Zuordangobj ZuordNr="1537" AngNr="HS417" ObjNr="9564" Aktuell="1"/>
  <Zuordangobj ZuordNr="1538" AngNr="RH230" ObjNr="9565" Aktuell="1"/>
  <Zuordangobj ZuordNr="1539" AngNr="EI418" ObjNr="1607" Aktuell="1"/>
  <Zuordangobj ZuordNr="1540" AngNr="WO419" ObjNr="9596" Aktuell="1"/>
  <Zuordangobj ZuordNr="1541" AngNr="RH231" ObjNr="9598" Aktuell="1"/>
  <Zuordangobj ZuordNr="1542" AngNr="RH232" ObjNr="9484" Aktuell="1"/>
  <Zuordangobj ZuordNr="1543" AngNr="RH233" ObjNr="9619" Aktuell="0"/>
  <Zuordangobj ZuordNr="1544" AngNr="HS420" ObjNr="10149" Aktuell="1"/>
  <Zuordangobj ZuordNr="1545" AngNr="HS421" ObjNr="9598" Aktuell="1"/>
  <Zuordangobj ZuordNr="1546" AngNr="HS422" ObjNr="10206" Aktuell="1"/>
  <Zuordangobj ZuordNr="1547" AngNr="RH234" ObjNr="10221" Aktuell="1"/>
  <Zuordangobj ZuordNr="1550" AngNr="RH107" ObjNr="3695" Aktuell="1"/>
  <Zuordangobj ZuordNr="1551" AngNr="WO424" ObjNr="10225" Aktuell="1"/>
  <Zuordangobj ZuordNr="1552" AngNr="HS425" ObjNr="10226" Aktuell="1"/>
  <Zuordangobj ZuordNr="1553" AngNr="RG235" ObjNr="10223" Aktuell="1"/>
  <Zuordangobj ZuordNr="1554" AngNr="RH236" ObjNr="3200" Aktuell="1"/>
  <Zuordangobj ZuordNr="1555" AngNr="RH236" ObjNr="3696" Aktuell="1"/>
  <Zuordangobj ZuordNr="1556" AngNr="HS426" ObjNr="10227" Aktuell="1"/>
  <Zuordangobj ZuordNr="1557" AngNr="RH237" ObjNr="10376" Aktuell="1"/>
  <Zuordangobj ZuordNr="1558" AngNr="HS427" ObjNr="10427" Aktuell="1"/>
  <Zuordangobj ZuordNr="1559" AngNr="HS428" ObjNr="12201" Aktuell="1"/>
  <Zuordangobj ZuordNr="1560" AngNr="HS429" ObjNr="12358" Aktuell="1"/>
  <Zuordangobj ZuordNr="1561" AngNr="RH165" ObjNr="12790" Aktuell="1"/>
  <Zuordangobj ZuordNr="1562" AngNr="RH165" ObjNr="8608" Aktuell="1"/>
  <Zuordangobj ZuordNr="1563" AngNr="RH165" ObjNr="8607" Aktuell="1"/>
  <Zuordangobj ZuordNr="1564" AngNr="RH199" ObjNr="12794" Aktuell="1"/>
  <Zuordangobj ZuordNr="1565" AngNr="RH199" ObjNr="12792" Aktuell="1"/>
  <Zuordangobj ZuordNr="1566" AngNr="RH199" ObjNr="12793" Aktuell="1"/>
  <Zuordangobj ZuordNr="1567" AngNr="RH199" ObjNr="12795" Aktuell="1"/>
  <Zuordangobj ZuordNr="1568" AngNr="RH138" ObjNr="8846" Aktuell="1"/>
  <Zuordangobj ZuordNr="1569" AngNr="VL74" ObjNr="3627" Aktuell="1"/>
  <Zuordangobj ZuordNr="1570" AngNr="RH238" ObjNr="9097" Aktuell="1"/>
  <Zuordangobj ZuordNr="1571" AngNr="EI367" ObjNr="36" Aktuell="1"/>
  <Zuordangobj ZuordNr="1572" AngNr="RH182" ObjNr="3311" Aktuell="0"/>
  <Zuordangobj ZuordNr="1573" AngNr="RH239" ObjNr="12969" Aktuell="1"/>
  <Zuordangobj ZuordNr="1574" AngNr="EI430" ObjNr="13038" Aktuell="1"/>
  <Zuordangobj ZuordNr="1575" AngNr="WO431" ObjNr="13040" Aktuell="1"/>
  <Zuordangobj ZuordNr="1576" AngNr="WO432" ObjNr="13041" Aktuell="1"/>
  <Zuordangobj ZuordNr="1577" AngNr="WO433" ObjNr="13042" Aktuell="1"/>
  <Zuordangobj ZuordNr="1578" AngNr="WO434" ObjNr="13043" Aktuell="1"/>
  <Zuordangobj ZuordNr="1579" AngNr="HS435" ObjNr="13130" Aktuell="1"/>
  <Zuordangobj ZuordNr="1580" AngNr="RG240" ObjNr="13131" Aktuell="1"/>
  <Zuordangobj ZuordNr="1581" AngNr="RH242" ObjNr="13132" Aktuell="1"/>
  <Zuordangobj ZuordNr="1582" AngNr="RH243" ObjNr="13133" Aktuell="1"/>
  <Zuordangobj ZuordNr="1583" AngNr="RH241" ObjNr="13164" Aktuell="1"/>
  <Zuordangobj ZuordNr="1584" AngNr="RG244" ObjNr="13165" Aktuell="1"/>
  <Zuordangobj ZuordNr="1585" AngNr="EI436" ObjNr="13166" Aktuell="1"/>
  <Zuordangobj ZuordNr="1586" AngNr="HS437" ObjNr="13167" Aktuell="1"/>
  <Zuordangobj ZuordNr="1587" AngNr="RH245" ObjNr="3740" Aktuell="1"/>
  <Zuordangobj ZuordNr="1588" AngNr="EI438" ObjNr="13200" Aktuell="1"/>
  <Zuordangobj ZuordNr="1589" AngNr="HS439" ObjNr="13201" Aktuell="1"/>
  <Zuordangobj ZuordNr="1590" AngNr="RH246" ObjNr="13140" Aktuell="1"/>
  <Zuordangobj ZuordNr="1591" AngNr="EI440" ObjNr="429" Aktuell="1"/>
  <Zuordangobj ZuordNr="1592" AngNr="EI441" ObjNr="3446" Aktuell="1"/>
  <Zuordangobj ZuordNr="1593" AngNr="RH247" ObjNr="13180" Aktuell="1"/>
  <Zuordangobj ZuordNr="1594" AngNr="RH248" ObjNr="4347" Aktuell="1"/>
  <Zuordangobj ZuordNr="1595" AngNr="HS442" ObjNr="13218" Aktuell="1"/>
  <Zuordangobj ZuordNr="1596" AngNr="HS443" ObjNr="13234" Aktuell="1"/>
  <Zuordangobj ZuordNr="1597" AngNr="HS444" ObjNr="13249" Aktuell="1"/>
  <Zuordangobj ZuordNr="1598" AngNr="HS445" ObjNr="13252" Aktuell="1"/>
  <Zuordangobj ZuordNr="1599" AngNr="EI446" ObjNr="1699" Aktuell="1"/>
  <Zuordangobj ZuordNr="1600" AngNr="HS447" ObjNr="13254" Aktuell="1"/>
  <Zuordangobj ZuordNr="1601" AngNr="HS448" ObjNr="13255" Aktuell="1"/>
  <Zuordangobj ZuordNr="1603" AngNr="HS449" ObjNr="13260" Aktuell="1"/>
  <Zuordangobj ZuordNr="1604" AngNr="EI450" ObjNr="13275" Aktuell="1"/>
  <Zuordangobj ZuordNr="1605" AngNr="RH250" ObjNr="9521" Aktuell="1"/>
  <Zuordangobj ZuordNr="1606" AngNr="HS451" ObjNr="13276" Aktuell="1"/>
  <Zuordangobj ZuordNr="1607" AngNr="HS452" ObjNr="13279" Aktuell="1"/>
  <Zuordangobj ZuordNr="1608" AngNr="EI453" ObjNr="2381" Aktuell="1"/>
  <Zuordangobj ZuordNr="1609" AngNr="RH251" ObjNr="13280" Aktuell="1"/>
  <Zuordangobj ZuordNr="1610" AngNr="RH252" ObjNr="13281" Aktuell="1"/>
  <Zuordangobj ZuordNr="1611" AngNr="RH246" ObjNr="13141" Aktuell="1"/>
  <Zuordangobj ZuordNr="1612" AngNr="RH249" ObjNr="13256" Aktuell="1"/>
  <Zuordangobj ZuordNr="1615" AngNr="RH239" ObjNr="12970" Aktuell="1"/>
  <Zuordangobj ZuordNr="1616" AngNr="RH239" ObjNr="12971" Aktuell="1"/>
  <Zuordangobj ZuordNr="1617" AngNr="HS454" ObjNr="13368" Aktuell="1"/>
  <Zuordangobj ZuordNr="1618" AngNr="RH253" ObjNr="13374" Aktuell="1"/>
  <Zuordangobj ZuordNr="1619" AngNr="EI455" ObjNr="13375" Aktuell="0"/>
  <Zuordangobj ZuordNr="1620" AngNr="RH254" ObjNr="13253" Aktuell="1"/>
  <Zuordangobj ZuordNr="1621" AngNr="HS456" ObjNr="13383" Aktuell="1"/>
  <Zuordangobj ZuordNr="1622" AngNr="RH255" ObjNr="13219" Aktuell="1"/>
  <Zuordangobj ZuordNr="1623" AngNr="HS457" ObjNr="13385" Aktuell="1"/>
  <Zuordangobj ZuordNr="1624" AngNr="RH256" ObjNr="13388" Aktuell="1"/>
  <Zuordangobj ZuordNr="1625" AngNr="HS458" ObjNr="13389" Aktuell="1"/>
  <Zuordangobj ZuordNr="1626" AngNr="RH257" ObjNr="13386" Aktuell="1"/>
  <Zuordangobj ZuordNr="1627" AngNr="RH205" ObjNr="8870" Aktuell="1"/>
  <Zuordangobj ZuordNr="1628" AngNr="RH207" ObjNr="8944" Aktuell="1"/>
  <Zuordangobj ZuordNr="1630" AngNr="HS460" ObjNr="13392" Aktuell="1"/>
  <Zuordangobj ZuordNr="1631" AngNr="RH258" ObjNr="13384" Aktuell="1"/>
  <Zuordangobj ZuordNr="1632" AngNr="RH259" ObjNr="13334" Aktuell="1"/>
  <Zuordangobj ZuordNr="1633" AngNr="HS461" ObjNr="13393" Aktuell="1"/>
  <Zuordangobj ZuordNr="1634" AngNr="HS462" ObjNr="13394" Aktuell="1"/>
  <Zuordangobj ZuordNr="1635" AngNr="RH260" ObjNr="13395" Aktuell="1"/>
  <Zuordangobj ZuordNr="1637" AngNr="RH262" ObjNr="5563" Aktuell="1"/>
  <Zuordangobj ZuordNr="1638" AngNr="HS463" ObjNr="13415" Aktuell="1"/>
  <Zuordangobj ZuordNr="1639" AngNr="RH263" ObjNr="13455" Aktuell="1"/>
  <Zuordangobj ZuordNr="1642" AngNr="RH267" ObjNr="13171" Aktuell="1"/>
  <Zuordangobj ZuordNr="1643" AngNr="RH266" ObjNr="13196" Aktuell="1"/>
  <Zuordangobj ZuordNr="1644" AngNr="RH265" ObjNr="13173" Aktuell="1"/>
  <Zuordangobj ZuordNr="1645" AngNr="RH264" ObjNr="13452" Aktuell="1"/>
  <Zuordangobj ZuordNr="1646" AngNr="HS466" ObjNr="13456" Aktuell="1"/>
  <Zuordangobj ZuordNr="1647" AngNr="HS469" ObjNr="13513" Aktuell="1"/>
  <Zuordangobj ZuordNr="1648" AngNr="RH142" ObjNr="8411" Aktuell="1"/>
  <Zuordangobj ZuordNr="1649" AngNr="EI471" ObjNr="303" Aktuell="0"/>
  <Zuordangobj ZuordNr="1650" AngNr="HS472" ObjNr="13517" Aktuell="1"/>
  <Zuordangobj ZuordNr="1651" AngNr="HS473" ObjNr="13518" Aktuell="1"/>
  <Zuordangobj ZuordNr="1653" AngNr="RH270" ObjNr="13543" Aktuell="1"/>
  <Zuordangobj ZuordNr="1654" AngNr="RH157" ObjNr="3787" Aktuell="1"/>
  <Zuordangobj ZuordNr="1655" AngNr="RH268" ObjNr="13309" Aktuell="0"/>
  <Zuordangobj ZuordNr="1656" AngNr="HS474" ObjNr="13555" Aktuell="1"/>
  <Zuordangobj ZuordNr="1657" AngNr="HS475" ObjNr="13553" Aktuell="1"/>
  <Zuordangobj ZuordNr="1658" AngNr="RH271" ObjNr="13557" Aktuell="1"/>
  <Zuordangobj ZuordNr="1659" AngNr="EI476" ObjNr="13559" Aktuell="1"/>
  <Zuordangobj ZuordNr="1660" AngNr="HS477" ObjNr="13558" Aktuell="1"/>
  <Zuordangobj ZuordNr="1661" AngNr="HS478" ObjNr="13560" Aktuell="1"/>
  <Zuordangobj ZuordNr="1662" AngNr="RH273" ObjNr="11198" Aktuell="1"/>
  <Zuordangobj ZuordNr="1663" AngNr="HS479" ObjNr="13563" Aktuell="1"/>
  <Zuordangobj ZuordNr="1664" AngNr="RH274" ObjNr="13564" Aktuell="1"/>
  <Zuordangobj ZuordNr="1665" AngNr="RH199" ObjNr="8817" Aktuell="1"/>
  <Zuordangobj ZuordNr="1666" AngNr="RH199" ObjNr="8818" Aktuell="1"/>
  <Zuordangobj ZuordNr="1667" AngNr="RH275" ObjNr="13565" Aktuell="1"/>
  <Zuordangobj ZuordNr="1668" AngNr="HS480" ObjNr="13594" Aktuell="1"/>
  <Zuordangobj ZuordNr="1669" AngNr="HS467" ObjNr="13453" Aktuell="1"/>
  <Zuordangobj ZuordNr="1670" AngNr="HS481" ObjNr="13595" Aktuell="1"/>
  <Zuordangobj ZuordNr="1671" AngNr="EI482" ObjNr="13596" Aktuell="0"/>
  <Zuordangobj ZuordNr="1672" AngNr="RH276" ObjNr="13600" Aktuell="1"/>
  <Zuordangobj ZuordNr="1673" AngNr="HS483" ObjNr="13637" Aktuell="1"/>
  <Zuordangobj ZuordNr="1674" AngNr="HS484" ObjNr="13638" Aktuell="1"/>
  <Zuordangobj ZuordNr="1675" AngNr="HS485" ObjNr="13639" Aktuell="1"/>
  <Zuordangobj ZuordNr="1676" AngNr="EI486" ObjNr="13640" Aktuell="1"/>
  <Zuordangobj ZuordNr="1677" AngNr="RH277" ObjNr="300" Aktuell="0"/>
  <Zuordangobj ZuordNr="1678" AngNr="HS487" ObjNr="13641" Aktuell="1"/>
  <Zuordangobj ZuordNr="1679" AngNr="RH278" ObjNr="13642" Aktuell="1"/>
  <Zuordangobj ZuordNr="1680" AngNr="RG279" ObjNr="13646" Aktuell="1"/>
  <Zuordangobj ZuordNr="1681" AngNr="HS490" ObjNr="13647" Aktuell="1"/>
  <Zuordangobj ZuordNr="1682" AngNr="HS491" ObjNr="13648" Aktuell="1"/>
  <Zuordangobj ZuordNr="1683" AngNr="HS492" ObjNr="13649" Aktuell="1"/>
  <Zuordangobj ZuordNr="1684" AngNr="EI408" ObjNr="13650" Aktuell="1"/>
  <Zuordangobj ZuordNr="1685" AngNr="EI408" ObjNr="13651" Aktuell="1"/>
  <Zuordangobj ZuordNr="1686" AngNr="EI408" ObjNr="13652" Aktuell="1"/>
  <Zuordangobj ZuordNr="1687" AngNr="EI408" ObjNr="13653" Aktuell="1"/>
  <Zuordangobj ZuordNr="1688" AngNr="EI408" ObjNr="13654" Aktuell="1"/>
  <Zuordangobj ZuordNr="1689" AngNr="EI408" ObjNr="13655" Aktuell="1"/>
  <Zuordangobj ZuordNr="1692" AngNr="EI408" ObjNr="13658" Aktuell="1"/>
  <Zuordangobj ZuordNr="1693" AngNr="EI459" ObjNr="13659" Aktuell="0"/>
  <Zuordangobj ZuordNr="1694" AngNr="EI459" ObjNr="13660" Aktuell="0"/>
  <Zuordangobj ZuordNr="1695" AngNr="EI459" ObjNr="13661" Aktuell="0"/>
  <Zuordangobj ZuordNr="1696" AngNr="EI471" ObjNr="13662" Aktuell="0"/>
  <Zuordangobj ZuordNr="1697" AngNr="EI471" ObjNr="13663" Aktuell="0"/>
  <Zuordangobj ZuordNr="1698" AngNr="EI471" ObjNr="13664" Aktuell="1"/>
  <Zuordangobj ZuordNr="1699" AngNr="EI471" ObjNr="13665" Aktuell="1"/>
  <Zuordangobj ZuordNr="1700" AngNr="EI455" ObjNr="9013" Aktuell="1"/>
  <Zuordangobj ZuordNr="1701" AngNr="EI455" ObjNr="13666" Aktuell="1"/>
  <Zuordangobj ZuordNr="1702" AngNr="EI455" ObjNr="13667" Aktuell="1"/>
  <Zuordangobj ZuordNr="1703" AngNr="EI455" ObjNr="13668" Aktuell="1"/>
  <Zuordangobj ZuordNr="1704" AngNr="EI455" ObjNr="13669" Aktuell="1"/>
  <Zuordangobj ZuordNr="1705" AngNr="EI455" ObjNr="13670" Aktuell="0"/>
  <Zuordangobj ZuordNr="1706" AngNr="EI455" ObjNr="13671" Aktuell="1"/>
  <Zuordangobj ZuordNr="1707" AngNr="EI455" ObjNr="13672" Aktuell="1"/>
  <Zuordangobj ZuordNr="1708" AngNr="EI177" ObjNr="13673" Aktuell="1"/>
  <Zuordangobj ZuordNr="1709" AngNr="HS493" ObjNr="13751" Aktuell="1"/>
  <Zuordangobj ZuordNr="1710" AngNr="RH280" ObjNr="13752" Aktuell="1"/>
  <Zuordangobj ZuordNr="1711" AngNr="HS494" ObjNr="13753" Aktuell="1"/>
  <Zuordangobj ZuordNr="1712" AngNr="EI482" ObjNr="13754" Aktuell="1"/>
  <Zuordangobj ZuordNr="1713" AngNr="EI180" ObjNr="13272" Aktuell="1"/>
  <Zuordangobj ZuordNr="1714" AngNr="EI383" ObjNr="13755" Aktuell="1"/>
  <Zuordangobj ZuordNr="1715" AngNr="EI383" ObjNr="13756" Aktuell="1"/>
  <Zuordangobj ZuordNr="1716" AngNr="EI383" ObjNr="13757" Aktuell="1"/>
  <Zuordangobj ZuordNr="1717" AngNr="HS495" ObjNr="13758" Aktuell="1"/>
  <Zuordangobj ZuordNr="1718" AngNr="HS496" ObjNr="14029" Aktuell="1"/>
  <Zuordangobj ZuordNr="1719" AngNr="HS497" ObjNr="14031" Aktuell="1"/>
  <Zuordangobj ZuordNr="1720" AngNr="HS498" ObjNr="14032" Aktuell="1"/>
  <Zuordangobj ZuordNr="1722" AngNr="EI499" ObjNr="14033" Aktuell="1"/>
  <Zuordangobj ZuordNr="1727" AngNr="EI499" ObjNr="14037" Aktuell="0"/>
  <Zuordangobj ZuordNr="1728" AngNr="EI499" ObjNr="14036" Aktuell="0"/>
  <Zuordangobj ZuordNr="1729" AngNr="EI499" ObjNr="14035" Aktuell="0"/>
  <Zuordangobj ZuordNr="1730" AngNr="EI499" ObjNr="14034" Aktuell="0"/>
  <Zuordangobj ZuordNr="1732" AngNr="HS501" ObjNr="14095" Aktuell="1"/>
  <Zuordangobj ZuordNr="1733" AngNr="RH281" ObjNr="9122" Aktuell="1"/>
  <Zuordangobj ZuordNr="1734" AngNr="EI502" ObjNr="199" Aktuell="1"/>
  <Zuordangobj ZuordNr="1735" AngNr="EI503" ObjNr="8233" Aktuell="0"/>
  <Zuordangobj ZuordNr="1736" AngNr="RH282" ObjNr="13909" Aktuell="1"/>
  <Zuordangobj ZuordNr="1737" AngNr="EI504" ObjNr="14096" Aktuell="1"/>
  <Zuordangobj ZuordNr="1738" AngNr="EI505" ObjNr="14163" Aktuell="1"/>
  <Zuordangobj ZuordNr="1740" AngNr="EI506" ObjNr="451" Aktuell="1"/>
  <Zuordangobj ZuordNr="1741" AngNr="EI507" ObjNr="14244" Aktuell="1"/>
  <Zuordangobj ZuordNr="1742" AngNr="EI500" ObjNr="14246" Aktuell="1"/>
  <Zuordangobj ZuordNr="1743" AngNr="RH283" ObjNr="14288" Aktuell="1"/>
  <Zuordangobj ZuordNr="1744" AngNr="EI510" ObjNr="14304" Aktuell="1"/>
  <Zuordangobj ZuordNr="1745" AngNr="HS511" ObjNr="14306" Aktuell="1"/>
  <Zuordangobj ZuordNr="1747" AngNr="EI513" ObjNr="1017" Aktuell="1"/>
  <Zuordangobj ZuordNr="1749" AngNr="HS509" ObjNr="14301" Aktuell="1"/>
  <Zuordangobj ZuordNr="1750" AngNr="HS508" ObjNr="14312" Aktuell="1"/>
  <Zuordangobj ZuordNr="1751" AngNr="EI514" ObjNr="14313" Aktuell="1"/>
  <Zuordangobj ZuordNr="1752" AngNr="RH284" ObjNr="14303" Aktuell="1"/>
  <Zuordangobj ZuordNr="1753" AngNr="RH285" ObjNr="6087" Aktuell="1"/>
  <Zuordangobj ZuordNr="1755" AngNr="RH284" ObjNr="6069" Aktuell="1"/>
  <Zuordangobj ZuordNr="1756" AngNr="EI515" ObjNr="14314" Aktuell="1"/>
  <Zuordangobj ZuordNr="1758" AngNr="HS517" ObjNr="14315" Aktuell="1"/>
  <Zuordangobj ZuordNr="1759" AngNr="RH286" ObjNr="14316" Aktuell="0"/>
  <Zuordangobj ZuordNr="1760" AngNr="EI518" ObjNr="8714" Aktuell="1"/>
  <Zuordangobj ZuordNr="1761" AngNr="EI195" ObjNr="14318" Aktuell="1"/>
  <Zuordangobj ZuordNr="1762" AngNr="EI519" ObjNr="14319" Aktuell="1"/>
  <Zuordangobj ZuordNr="1763" AngNr="HS520" ObjNr="14321" Aktuell="1"/>
  <Zuordangobj ZuordNr="1764" AngNr="HS521" ObjNr="14322" Aktuell="1"/>
  <Zuordangobj ZuordNr="1765" AngNr="RH287" ObjNr="14323" Aktuell="1"/>
  <Zuordangobj ZuordNr="1766" AngNr="EI523" ObjNr="3032" Aktuell="1"/>
  <Zuordangobj ZuordNr="1767" AngNr="HS525" ObjNr="14325" Aktuell="1"/>
  <Zuordangobj ZuordNr="1768" AngNr="EI522" ObjNr="3690" Aktuell="1"/>
  <Zuordangobj ZuordNr="1769" AngNr="EI527" ObjNr="14360" Aktuell="1"/>
  <Zuordangobj ZuordNr="1770" AngNr="RH288" ObjNr="14363" Aktuell="1"/>
  <Zuordangobj ZuordNr="1771" AngNr="EI528" ObjNr="14364" Aktuell="1"/>
  <Zuordangobj ZuordNr="1772" AngNr="EI529" ObjNr="14365" Aktuell="1"/>
  <Zuordangobj ZuordNr="1773" AngNr="HS470" ObjNr="13516" Aktuell="1"/>
  <Zuordangobj ZuordNr="1774" AngNr="HS530" ObjNr="14382" Aktuell="1"/>
  <Zuordangobj ZuordNr="1775" AngNr="EI471" ObjNr="14489" Aktuell="1"/>
  <Zuordangobj ZuordNr="1776" AngNr="EI471" ObjNr="14490" Aktuell="0"/>
  <Zuordangobj ZuordNr="1778" AngNr="HS531" ObjNr="14495" Aktuell="1"/>
  <Zuordangobj ZuordNr="1779" AngNr="HS532" ObjNr="14497" Aktuell="1"/>
  <Zuordangobj ZuordNr="1780" AngNr="HS534" ObjNr="1985" Aktuell="1"/>
  <Zuordangobj ZuordNr="1781" AngNr="HS535" ObjNr="14499" Aktuell="1"/>
  <Zuordangobj ZuordNr="1782" AngNr="HS536" ObjNr="14500" Aktuell="1"/>
  <Zuordangobj ZuordNr="1783" AngNr="EI538" ObjNr="14502" Aktuell="1"/>
  <Zuordangobj ZuordNr="1784" AngNr="HS540" ObjNr="14510" Aktuell="1"/>
  <Zuordangobj ZuordNr="1785" AngNr="HS524" ObjNr="14511" Aktuell="1"/>
  <Zuordangobj ZuordNr="1786" AngNr="EI539" ObjNr="14515" Aktuell="1"/>
  <Zuordangobj ZuordNr="1788" AngNr="RH289" ObjNr="1351" Aktuell="1"/>
  <Zuordangobj ZuordNr="1789" AngNr="EI541" ObjNr="14516" Aktuell="1"/>
  <Zuordangobj ZuordNr="1790" AngNr="EI542" ObjNr="14292" Aktuell="1"/>
  <Zuordangobj ZuordNr="1791" AngNr="EI537" ObjNr="14503" Aktuell="1"/>
  <Zuordangobj ZuordNr="1792" AngNr="EI195" ObjNr="8539" Aktuell="1"/>
  <Zuordangobj ZuordNr="1793" AngNr="EI513" ObjNr="14521" Aktuell="0"/>
  <Zuordangobj ZuordNr="1794" AngNr="EI459" ObjNr="14522" Aktuell="0"/>
  <Zuordangobj ZuordNr="1795" AngNr="EI459" ObjNr="14523" Aktuell="0"/>
  <Zuordangobj ZuordNr="1798" AngNr="EI459" ObjNr="14526" Aktuell="0"/>
  <Zuordangobj ZuordNr="1799" AngNr="EI459" ObjNr="14527" Aktuell="0"/>
  <Zuordangobj ZuordNr="1800" AngNr="EI459" ObjNr="14528" Aktuell="0"/>
  <Zuordangobj ZuordNr="1801" AngNr="EI459" ObjNr="14529" Aktuell="0"/>
  <Zuordangobj ZuordNr="1802" AngNr="EI541" ObjNr="14260" Aktuell="1"/>
  <Zuordangobj ZuordNr="1803" AngNr="EI543" ObjNr="14530" Aktuell="1"/>
  <Zuordangobj ZuordNr="1804" AngNr="EI533" ObjNr="14531" Aktuell="1"/>
  <Zuordangobj ZuordNr="1805" AngNr="EI544" ObjNr="13550" Aktuell="1"/>
  <Zuordangobj ZuordNr="1806" AngNr="HS545" ObjNr="14536" Aktuell="1"/>
  <Zuordangobj ZuordNr="1807" AngNr="HS546" ObjNr="14538" Aktuell="1"/>
  <Zuordangobj ZuordNr="1808" AngNr="HS547" ObjNr="14539" Aktuell="1"/>
  <Zuordangobj ZuordNr="1809" AngNr="HS548" ObjNr="14540" Aktuell="1"/>
  <Zuordangobj ZuordNr="1810" AngNr="RH290" ObjNr="14251" Aktuell="1"/>
  <Zuordangobj ZuordNr="1811" AngNr="RH291" ObjNr="3697" Aktuell="1"/>
  <Zuordangobj ZuordNr="1812" AngNr="HS549" ObjNr="14542" Aktuell="1"/>
  <Zuordangobj ZuordNr="1814" AngNr="RH292" ObjNr="14543" Aktuell="0"/>
  <Zuordangobj ZuordNr="1815" AngNr="EI550" ObjNr="5992" Aktuell="1"/>
  <Zuordangobj ZuordNr="1816" AngNr="HS464" ObjNr="14545" Aktuell="1"/>
  <Zuordangobj ZuordNr="1818" AngNr="EI512" ObjNr="13640" Aktuell="0"/>
  <Zuordangobj ZuordNr="1819" AngNr="EI552" ObjNr="14546" Aktuell="1"/>
  <Zuordangobj ZuordNr="1820" AngNr="EI551" ObjNr="14547" Aktuell="1"/>
  <Zuordangobj ZuordNr="1821" AngNr="RH293" ObjNr="13334" Aktuell="1"/>
  <Zuordangobj ZuordNr="1822" AngNr="EI553" ObjNr="6320" Aktuell="1"/>
  <Zuordangobj ZuordNr="1823" AngNr="EI554" ObjNr="4807" Aktuell="1"/>
  <Zuordangobj ZuordNr="1824" AngNr="EI555" ObjNr="14550" Aktuell="1"/>
  <Zuordangobj ZuordNr="1825" AngNr="EI552" ObjNr="14561" Aktuell="1"/>
  <Zuordangobj ZuordNr="1826" AngNr="EI556" ObjNr="2422" Aktuell="1"/>
  <Zuordangobj ZuordNr="1828" AngNr="EI471" ObjNr="14554" Aktuell="0"/>
  <Zuordangobj ZuordNr="1829" AngNr="HS558" ObjNr="14564" Aktuell="1"/>
  <Zuordangobj ZuordNr="1830" AngNr="HS559" ObjNr="14565" Aktuell="1"/>
  <Zuordangobj ZuordNr="1831" AngNr="EI560" ObjNr="9173" Aktuell="1"/>
  <Zuordangobj ZuordNr="1832" AngNr="EI563" ObjNr="14568" Aktuell="1"/>
  <Zuordangobj ZuordNr="1833" AngNr="EI564" ObjNr="14168" Aktuell="1"/>
  <Zuordangobj ZuordNr="1834" AngNr="EI562" ObjNr="14377" Aktuell="1"/>
  <Zuordangobj ZuordNr="1835" AngNr="HS561" ObjNr="14569" Aktuell="1"/>
  <Zuordangobj ZuordNr="1836" AngNr="HS565" ObjNr="14570" Aktuell="1"/>
  <Zuordangobj ZuordNr="1837" AngNr="EI566" ObjNr="4061" Aktuell="1"/>
  <Zuordangobj ZuordNr="1838" AngNr="HS567" ObjNr="14571" Aktuell="1"/>
  <Zuordangobj ZuordNr="1839" AngNr="HS570" ObjNr="14575" Aktuell="1"/>
  <Zuordangobj ZuordNr="1840" AngNr="EI569" ObjNr="14576" Aktuell="1"/>
  <Zuordangobj ZuordNr="1841" AngNr="HS568" ObjNr="14572" Aktuell="1"/>
  <Zuordangobj ZuordNr="1842" AngNr="EI571" ObjNr="4839" Aktuell="1"/>
  <Zuordangobj ZuordNr="1843" AngNr="EI572" ObjNr="14578" Aktuell="1"/>
  <Zuordangobj ZuordNr="1844" AngNr="HS573" ObjNr="14581" Aktuell="1"/>
  <Zuordangobj ZuordNr="1846" AngNr="HS574" ObjNr="9318" Aktuell="1"/>
  <Zuordangobj ZuordNr="1847" AngNr="HS577" ObjNr="14583" Aktuell="1"/>
  <Zuordangobj ZuordNr="1848" AngNr="HS576" ObjNr="14584" Aktuell="1"/>
  <Zuordangobj ZuordNr="1849" AngNr="HS575" ObjNr="14586" Aktuell="1"/>
  <Zuordangobj ZuordNr="1850" AngNr="HS578" ObjNr="14587" Aktuell="1"/>
  <Zuordangobj ZuordNr="1851" AngNr="HS579" ObjNr="14588" Aktuell="1"/>
  <Zuordangobj ZuordNr="1852" AngNr="EI585" ObjNr="14544" Aktuell="1"/>
  <Zuordangobj ZuordNr="1853" AngNr="HS580" ObjNr="14589" Aktuell="1"/>
  <Zuordangobj ZuordNr="1854" AngNr="HS581" ObjNr="14590" Aktuell="1"/>
  <Zuordangobj ZuordNr="1855" AngNr="HS582" ObjNr="14591" Aktuell="1"/>
  <Zuordangobj ZuordNr="1856" AngNr="HS583" ObjNr="14592" Aktuell="1"/>
  <Zuordangobj ZuordNr="1857" AngNr="HS584" ObjNr="14593" Aktuell="1"/>
  <Zuordangobj ZuordNr="1858" AngNr="HS586" ObjNr="14594" Aktuell="1"/>
  <Zuordangobj ZuordNr="1859" AngNr="HS587" ObjNr="14595" Aktuell="1"/>
  <Zuordangobj ZuordNr="1861" AngNr="RH294" ObjNr="14441" Aktuell="1"/>
  <Zuordangobj ZuordNr="1862" AngNr="EI589" ObjNr="14596" Aktuell="1"/>
  <Zuordangobj ZuordNr="1863" AngNr="HS465" ObjNr="14597" Aktuell="1"/>
  <Zuordangobj ZuordNr="1864" AngNr="EI590" ObjNr="14598" Aktuell="1"/>
  <Zuordangobj ZuordNr="1865" AngNr="HS591" ObjNr="14600" Aktuell="1"/>
  <Zuordangobj ZuordNr="1866" AngNr="HS592" ObjNr="14601" Aktuell="1"/>
  <Zuordangobj ZuordNr="1867" AngNr="HS593" ObjNr="14602" Aktuell="1"/>
  <Zuordangobj ZuordNr="1868" AngNr="HS594" ObjNr="14603" Aktuell="1"/>
  <Zuordangobj ZuordNr="1869" AngNr="HS595" ObjNr="14605" Aktuell="1"/>
  <Zuordangobj ZuordNr="1870" AngNr="EI596" ObjNr="10469" Aktuell="1"/>
  <Zuordangobj ZuordNr="1871" AngNr="RH295" ObjNr="1376" Aktuell="1"/>
  <Zuordangobj ZuordNr="1872" AngNr="HS597" ObjNr="14606" Aktuell="1"/>
  <Zuordangobj ZuordNr="1873" AngNr="EI598" ObjNr="14607" Aktuell="1"/>
  <Zuordangobj ZuordNr="1874" AngNr="EI599" ObjNr="13537" Aktuell="1"/>
  <Zuordangobj ZuordNr="1875" AngNr="HS600" ObjNr="14610" Aktuell="1"/>
  <Zuordangobj ZuordNr="1877" AngNr="RH296" ObjNr="14305" Aktuell="1"/>
  <Zuordangobj ZuordNr="1878" AngNr="HS602" ObjNr="14647" Aktuell="1"/>
  <Zuordangobj ZuordNr="1879" AngNr="HS603" ObjNr="14636" Aktuell="1"/>
  <Zuordangobj ZuordNr="1880" AngNr="EI604" ObjNr="13736" Aktuell="1"/>
  <Zuordangobj ZuordNr="1881" AngNr="EI605" ObjNr="14676" Aktuell="1"/>
  <Zuordangobj ZuordNr="1882" AngNr="HS606" ObjNr="14677" Aktuell="1"/>
  <Zuordangobj ZuordNr="1883" AngNr="EI607" ObjNr="14678" Aktuell="1"/>
  <Zuordangobj ZuordNr="1884" AngNr="EI608" ObjNr="14679" Aktuell="1"/>
  <Zuordangobj ZuordNr="1885" AngNr="HS609" ObjNr="14680" Aktuell="1"/>
  <Zuordangobj ZuordNr="1886" AngNr="HS610" ObjNr="14681" Aktuell="1"/>
  <Zuordangobj ZuordNr="1888" AngNr="HS612" ObjNr="14682" Aktuell="1"/>
  <Zuordangobj ZuordNr="1889" AngNr="EI613" ObjNr="14687" Aktuell="1"/>
  <Zuordangobj ZuordNr="1890" AngNr="EI614" ObjNr="14688" Aktuell="1"/>
  <Zuordangobj ZuordNr="1891" AngNr="HS615" ObjNr="14689" Aktuell="1"/>
  <Zuordangobj ZuordNr="1892" AngNr="HS616" ObjNr="14690" Aktuell="1"/>
  <Zuordangobj ZuordNr="1893" AngNr="HS617" ObjNr="14691" Aktuell="1"/>
  <Zuordangobj ZuordNr="1894" AngNr="HS618" ObjNr="14692" Aktuell="1"/>
  <Zuordangobj ZuordNr="1895" AngNr="EI619" ObjNr="14725" Aktuell="1"/>
  <Zuordangobj ZuordNr="1896" AngNr="EI620" ObjNr="1522" Aktuell="1"/>
  <Zuordangobj ZuordNr="1897" AngNr="EI621" ObjNr="14727" Aktuell="1"/>
  <Zuordangobj ZuordNr="1898" AngNr="EI622" ObjNr="14728" Aktuell="1"/>
  <Zuordangobj ZuordNr="1899" AngNr="EI623" ObjNr="13581" Aktuell="1"/>
  <Zuordangobj ZuordNr="1900" AngNr="HS624" ObjNr="14729" Aktuell="1"/>
  <Zuordangobj ZuordNr="1901" AngNr="EI625" ObjNr="77" Aktuell="1"/>
  <Zuordangobj ZuordNr="1902" AngNr="HS1050" ObjNr="14730" Aktuell="1"/>
  <Zuordangobj ZuordNr="1903" AngNr="HS626" ObjNr="14731" Aktuell="1"/>
  <Zuordangobj ZuordNr="1904" AngNr="HS627" ObjNr="14732" Aktuell="1"/>
  <Zuordangobj ZuordNr="1905" AngNr="EI628" ObjNr="3481" Aktuell="1"/>
  <Zuordangobj ZuordNr="1906" AngNr="EI628" ObjNr="14724" Aktuell="1"/>
  <Zuordangobj ZuordNr="1907" AngNr="EI629" ObjNr="14745" Aktuell="1"/>
  <Zuordangobj ZuordNr="1908" AngNr="EI630" ObjNr="5425" Aktuell="1"/>
  <Zuordangobj ZuordNr="1909" AngNr="HS631" ObjNr="14746" Aktuell="1"/>
  <Zuordangobj ZuordNr="1910" AngNr="HS632" ObjNr="14747" Aktuell="1"/>
  <Zuordangobj ZuordNr="1911" AngNr="HS633" ObjNr="14748" Aktuell="1"/>
  <Zuordangobj ZuordNr="1912" AngNr="HS634" ObjNr="14749" Aktuell="1"/>
  <Zuordangobj ZuordNr="1913" AngNr="RH275" ObjNr="14750" Aktuell="1"/>
  <Zuordangobj ZuordNr="1914" AngNr="RH275" ObjNr="13536" Aktuell="1"/>
  <Zuordangobj ZuordNr="1915" AngNr="EI635" ObjNr="14553" Aktuell="0"/>
  <Zuordangobj ZuordNr="1916" AngNr="EI635" ObjNr="14751" Aktuell="0"/>
  <Zuordangobj ZuordNr="1917" AngNr="EI635" ObjNr="14752" Aktuell="0"/>
  <Zuordangobj ZuordNr="1918" AngNr="EI635" ObjNr="14753" Aktuell="0"/>
  <Zuordangobj ZuordNr="1919" AngNr="EI635" ObjNr="14754" Aktuell="0"/>
  <Zuordangobj ZuordNr="1920" AngNr="EI635" ObjNr="14755" Aktuell="0"/>
  <Zuordangobj ZuordNr="1921" AngNr="EI635" ObjNr="14756" Aktuell="0"/>
  <Zuordangobj ZuordNr="1922" AngNr="EI635" ObjNr="14757" Aktuell="0"/>
  <Zuordangobj ZuordNr="1923" AngNr="EI635" ObjNr="14758" Aktuell="1"/>
  <Zuordangobj ZuordNr="1924" AngNr="EI635" ObjNr="14759" Aktuell="1"/>
  <Zuordangobj ZuordNr="1925" AngNr="EI635" ObjNr="14760" Aktuell="0"/>
  <Zuordangobj ZuordNr="1926" AngNr="EI635" ObjNr="14761" Aktuell="0"/>
  <Zuordangobj ZuordNr="1927" AngNr="EI635" ObjNr="14762" Aktuell="0"/>
  <Zuordangobj ZuordNr="1928" AngNr="EI635" ObjNr="14763" Aktuell="0"/>
  <Zuordangobj ZuordNr="1929" AngNr="EI635" ObjNr="14764" Aktuell="0"/>
  <Zuordangobj ZuordNr="1930" AngNr="HS636" ObjNr="14765" Aktuell="1"/>
  <Zuordangobj ZuordNr="1931" AngNr="RH297" ObjNr="14766" Aktuell="1"/>
  <Zuordangobj ZuordNr="1932" AngNr="HS637" ObjNr="14767" Aktuell="1"/>
  <Zuordangobj ZuordNr="1933" AngNr="EI638" ObjNr="2134" Aktuell="1"/>
  <Zuordangobj ZuordNr="1934" AngNr="RH298" ObjNr="14768" Aktuell="1"/>
  <Zuordangobj ZuordNr="1935" AngNr="RH299" ObjNr="14769" Aktuell="1"/>
  <Zuordangobj ZuordNr="1936" AngNr="HS639" ObjNr="14770" Aktuell="1"/>
  <Zuordangobj ZuordNr="1937" AngNr="EI640" ObjNr="14375" Aktuell="1"/>
  <Zuordangobj ZuordNr="1938" AngNr="HS641" ObjNr="14772" Aktuell="1"/>
  <Zuordangobj ZuordNr="1939" AngNr="HS642" ObjNr="14773" Aktuell="1"/>
  <Zuordangobj ZuordNr="1940" AngNr="HS643" ObjNr="14774" Aktuell="1"/>
  <Zuordangobj ZuordNr="1941" AngNr="HS644" ObjNr="8652" Aktuell="1"/>
  <Zuordangobj ZuordNr="1942" AngNr="HS645" ObjNr="14775" Aktuell="1"/>
  <Zuordangobj ZuordNr="1943" AngNr="HS646" ObjNr="14776" Aktuell="1"/>
  <Zuordangobj ZuordNr="1944" AngNr="EI647" ObjNr="2780" Aktuell="1"/>
  <Zuordangobj ZuordNr="1945" AngNr="RH300" ObjNr="14778" Aktuell="0"/>
  <Zuordangobj ZuordNr="1946" AngNr="HS648" ObjNr="14779" Aktuell="1"/>
  <Zuordangobj ZuordNr="1947" AngNr="HS649" ObjNr="14780" Aktuell="1"/>
  <Zuordangobj ZuordNr="1948" AngNr="HS650" ObjNr="14781" Aktuell="1"/>
  <Zuordangobj ZuordNr="1949" AngNr="HS651" ObjNr="14782" Aktuell="1"/>
  <Zuordangobj ZuordNr="1951" AngNr="EI653" ObjNr="14783" Aktuell="1"/>
  <Zuordangobj ZuordNr="1952" AngNr="EI654" ObjNr="5741" Aktuell="1"/>
  <Zuordangobj ZuordNr="1953" AngNr="EI655" ObjNr="14784" Aktuell="1"/>
  <Zuordangobj ZuordNr="1955" AngNr="HS657" ObjNr="14785" Aktuell="1"/>
  <Zuordangobj ZuordNr="1956" AngNr="HS658" ObjNr="14786" Aktuell="1"/>
  <Zuordangobj ZuordNr="1957" AngNr="HS659" ObjNr="14787" Aktuell="1"/>
  <Zuordangobj ZuordNr="1958" AngNr="HS660" ObjNr="14788" Aktuell="1"/>
  <Zuordangobj ZuordNr="1959" AngNr="EI661" ObjNr="14789" Aktuell="1"/>
  <Zuordangobj ZuordNr="1960" AngNr="EI662" ObjNr="14790" Aktuell="1"/>
  <Zuordangobj ZuordNr="1961" AngNr="RH301" ObjNr="3653" Aktuell="1"/>
  <Zuordangobj ZuordNr="1962" AngNr="HS663" ObjNr="14797" Aktuell="1"/>
  <Zuordangobj ZuordNr="1963" AngNr="EI665" ObjNr="66" Aktuell="1"/>
  <Zuordangobj ZuordNr="1964" AngNr="HS489" ObjNr="13645" Aktuell="1"/>
  <Zuordangobj ZuordNr="1965" AngNr="HS664" ObjNr="14798" Aktuell="1"/>
  <Zuordangobj ZuordNr="1966" AngNr="EI666" ObjNr="14794" Aktuell="1"/>
  <Zuordangobj ZuordNr="1967" AngNr="EI667" ObjNr="14793" Aktuell="1"/>
  <Zuordangobj ZuordNr="1968" AngNr="HS668" ObjNr="14846" Aktuell="1"/>
  <Zuordangobj ZuordNr="1969" AngNr="HS669" ObjNr="14847" Aktuell="1"/>
  <Zuordangobj ZuordNr="1970" AngNr="HS670" ObjNr="14938" Aktuell="1"/>
  <Zuordangobj ZuordNr="1971" AngNr="HS671" ObjNr="14939" Aktuell="1"/>
  <Zuordangobj ZuordNr="1972" AngNr="RH302" ObjNr="14940" Aktuell="1"/>
  <Zuordangobj ZuordNr="1973" AngNr="EI672" ObjNr="14941" Aktuell="1"/>
  <Zuordangobj ZuordNr="1974" AngNr="RH303" ObjNr="13282" Aktuell="1"/>
  <Zuordangobj ZuordNr="1975" AngNr="HS673" ObjNr="14946" Aktuell="1"/>
  <Zuordangobj ZuordNr="1976" AngNr="RH304" ObjNr="14947" Aktuell="1"/>
  <Zuordangobj ZuordNr="1977" AngNr="HS674" ObjNr="14601" Aktuell="1"/>
  <Zuordangobj ZuordNr="1978" AngNr="HS675" ObjNr="15005" Aktuell="1"/>
  <Zuordangobj ZuordNr="1979" AngNr="HS676" ObjNr="15007" Aktuell="1"/>
  <Zuordangobj ZuordNr="1980" AngNr="RH305" ObjNr="15008" Aktuell="0"/>
  <Zuordangobj ZuordNr="1981" AngNr="RH306" ObjNr="15009" Aktuell="1"/>
  <Zuordangobj ZuordNr="1982" AngNr="HS677" ObjNr="15010" Aktuell="1"/>
  <Zuordangobj ZuordNr="1983" AngNr="HS678" ObjNr="14943" Aktuell="1"/>
  <Zuordangobj ZuordNr="1984" AngNr="HS679" ObjNr="15012" Aktuell="1"/>
  <Zuordangobj ZuordNr="1985" AngNr="EI680" ObjNr="15013" Aktuell="1"/>
  <Zuordangobj ZuordNr="1986" AngNr="EI681" ObjNr="15015" Aktuell="1"/>
  <Zuordangobj ZuordNr="1987" AngNr="EI682" ObjNr="14949" Aktuell="1"/>
  <Zuordangobj ZuordNr="1988" AngNr="RH307" ObjNr="11161" Aktuell="0"/>
  <Zuordangobj ZuordNr="1989" AngNr="RH308" ObjNr="15016" Aktuell="0"/>
  <Zuordangobj ZuordNr="1991" AngNr="EI683" ObjNr="15017" Aktuell="1"/>
  <Zuordangobj ZuordNr="1993" AngNr="EI684" ObjNr="9597" Aktuell="1"/>
  <Zuordangobj ZuordNr="1994" AngNr="HS685" ObjNr="15023" Aktuell="1"/>
  <Zuordangobj ZuordNr="1995" AngNr="EI686" ObjNr="12487" Aktuell="1"/>
  <Zuordangobj ZuordNr="1996" AngNr="EI687" ObjNr="15018" Aktuell="1"/>
  <Zuordangobj ZuordNr="1997" AngNr="HS688" ObjNr="15024" Aktuell="1"/>
  <Zuordangobj ZuordNr="1998" AngNr="HS689" ObjNr="15025" Aktuell="1"/>
  <Zuordangobj ZuordNr="1999" AngNr="HS690" ObjNr="15040" Aktuell="1"/>
  <Zuordangobj ZuordNr="2000" AngNr="HS691" ObjNr="15041" Aktuell="1"/>
  <Zuordangobj ZuordNr="2001" AngNr="HS692" ObjNr="15042" Aktuell="1"/>
  <Zuordangobj ZuordNr="2002" AngNr="EI693" ObjNr="15044" Aktuell="1"/>
  <Zuordangobj ZuordNr="2004" AngNr="EI695" ObjNr="15050" Aktuell="1"/>
  <Zuordangobj ZuordNr="2005" AngNr="HS693" ObjNr="15052" Aktuell="1"/>
  <Zuordangobj ZuordNr="2006" AngNr="RH310" ObjNr="15053" Aktuell="1"/>
  <Zuordangobj ZuordNr="2007" AngNr="RH311" ObjNr="15054" Aktuell="1"/>
  <Zuordangobj ZuordNr="2008" AngNr="RH311" ObjNr="15055" Aktuell="1"/>
  <Zuordangobj ZuordNr="2009" AngNr="RH311" ObjNr="15056" Aktuell="1"/>
  <Zuordangobj ZuordNr="2010" AngNr="HS694" ObjNr="15057" Aktuell="1"/>
  <Zuordangobj ZuordNr="2011" AngNr="HS695" ObjNr="15058" Aktuell="1"/>
  <Zuordangobj ZuordNr="2012" AngNr="HS696" ObjNr="15059" Aktuell="1"/>
  <Zuordangobj ZuordNr="2014" AngNr="HS697" ObjNr="15070" Aktuell="1"/>
  <Zuordangobj ZuordNr="2015" AngNr="RH314" ObjNr="2536" Aktuell="1"/>
  <Zuordangobj ZuordNr="2016" AngNr="EI697" ObjNr="13309" Aktuell="0"/>
  <Zuordangobj ZuordNr="2017" AngNr="EI697" ObjNr="15071" Aktuell="0"/>
  <Zuordangobj ZuordNr="2018" AngNr="EI697" ObjNr="15072" Aktuell="0"/>
  <Zuordangobj ZuordNr="2019" AngNr="EI697" ObjNr="15073" Aktuell="0"/>
  <Zuordangobj ZuordNr="2020" AngNr="EI697" ObjNr="15074" Aktuell="0"/>
  <Zuordangobj ZuordNr="2021" AngNr="EI697" ObjNr="15075" Aktuell="0"/>
  <Zuordangobj ZuordNr="2022" AngNr="EI697" ObjNr="15076" Aktuell="0"/>
  <Zuordangobj ZuordNr="2023" AngNr="EI697" ObjNr="15077" Aktuell="0"/>
  <Zuordangobj ZuordNr="2024" AngNr="EI697" ObjNr="15078" Aktuell="0"/>
  <Zuordangobj ZuordNr="2025" AngNr="HS698" ObjNr="15079" Aktuell="1"/>
  <Zuordangobj ZuordNr="2026" AngNr="EI698" ObjNr="5280" Aktuell="1"/>
  <Zuordangobj ZuordNr="2027" AngNr="HS699" ObjNr="14601" Aktuell="1"/>
  <Zuordangobj ZuordNr="2028" AngNr="HS700" ObjNr="1820" Aktuell="1"/>
  <Zuordangobj ZuordNr="2029" AngNr="HS701" ObjNr="15191" Aktuell="1"/>
  <Zuordangobj ZuordNr="2030" AngNr="EI699" ObjNr="15192" Aktuell="1"/>
  <Zuordangobj ZuordNr="2031" AngNr="HS704" ObjNr="15193" Aktuell="1"/>
  <Zuordangobj ZuordNr="2032" AngNr="HS702" ObjNr="15194" Aktuell="1"/>
  <Zuordangobj ZuordNr="2033" AngNr="HS703" ObjNr="15195" Aktuell="1"/>
  <Zuordangobj ZuordNr="2034" AngNr="EI700" ObjNr="1545" Aktuell="1"/>
  <Zuordangobj ZuordNr="2035" AngNr="RH315" ObjNr="15196" Aktuell="1"/>
  <Zuordangobj ZuordNr="2036" AngNr="RH312" ObjNr="5962" Aktuell="1"/>
  <Zuordangobj ZuordNr="2038" AngNr="RH316" ObjNr="15107" Aktuell="1"/>
  <Zuordangobj ZuordNr="2039" AngNr="HS705" ObjNr="15197" Aktuell="1"/>
  <Zuordangobj ZuordNr="2040" AngNr="HS706" ObjNr="15198" Aktuell="1"/>
  <Zuordangobj ZuordNr="2041" AngNr="HS707" ObjNr="9319" Aktuell="1"/>
  <Zuordangobj ZuordNr="2043" AngNr="HS709" ObjNr="15200" Aktuell="1"/>
  <Zuordangobj ZuordNr="2044" AngNr="HS710" ObjNr="15201" Aktuell="1"/>
  <Zuordangobj ZuordNr="2045" AngNr="HS711" ObjNr="15202" Aktuell="1"/>
  <Zuordangobj ZuordNr="2046" AngNr="HS712" ObjNr="15203" Aktuell="1"/>
  <Zuordangobj ZuordNr="2047" AngNr="EI702" ObjNr="15225" Aktuell="1"/>
  <Zuordangobj ZuordNr="2048" AngNr="RH317" ObjNr="5502" Aktuell="1"/>
  <Zuordangobj ZuordNr="2049" AngNr="HS713" ObjNr="15222" Aktuell="1"/>
  <Zuordangobj ZuordNr="2050" AngNr="HS714" ObjNr="15223" Aktuell="1"/>
  <Zuordangobj ZuordNr="2051" AngNr="EI703" ObjNr="15224" Aktuell="1"/>
  <Zuordangobj ZuordNr="2052" AngNr="HS716" ObjNr="15342" Aktuell="1"/>
  <Zuordangobj ZuordNr="2053" AngNr="HS717" ObjNr="15343" Aktuell="1"/>
  <Zuordangobj ZuordNr="2054" AngNr="HS718" ObjNr="15206" Aktuell="1"/>
  <Zuordangobj ZuordNr="2055" AngNr="HS719" ObjNr="15344" Aktuell="1"/>
  <Zuordangobj ZuordNr="2056" AngNr="EI704" ObjNr="4123" Aktuell="1"/>
  <Zuordangobj ZuordNr="2058" AngNr="HS720" ObjNr="15345" Aktuell="1"/>
  <Zuordangobj ZuordNr="2059" AngNr="EI706" ObjNr="15346" Aktuell="1"/>
  <Zuordangobj ZuordNr="2060" AngNr="HS721" ObjNr="15351" Aktuell="1"/>
  <Zuordangobj ZuordNr="2061" AngNr="RH318" ObjNr="14731" Aktuell="1"/>
  <Zuordangobj ZuordNr="2062" AngNr="HS722" ObjNr="15352" Aktuell="1"/>
  <Zuordangobj ZuordNr="2063" AngNr="HS723" ObjNr="8517" Aktuell="1"/>
  <Zuordangobj ZuordNr="2064" AngNr="HS724" ObjNr="15353" Aktuell="1"/>
  <Zuordangobj ZuordNr="2065" AngNr="RH320" ObjNr="15378" Aktuell="1"/>
  <Zuordangobj ZuordNr="2066" AngNr="RH319" ObjNr="15377" Aktuell="1"/>
  <Zuordangobj ZuordNr="2067" AngNr="HS725" ObjNr="15379" Aktuell="1"/>
  <Zuordangobj ZuordNr="2068" AngNr="RH321" ObjNr="5034" Aktuell="1"/>
  <Zuordangobj ZuordNr="2069" AngNr="HS726" ObjNr="13285" Aktuell="1"/>
  <Zuordangobj ZuordNr="2070" AngNr="HS727" ObjNr="15380" Aktuell="1"/>
  <Zuordangobj ZuordNr="2071" AngNr="RH322" ObjNr="13042" Aktuell="1"/>
  <Zuordangobj ZuordNr="2072" AngNr="HS728" ObjNr="15080" Aktuell="1"/>
  <Zuordangobj ZuordNr="2073" AngNr="HS729" ObjNr="15381" Aktuell="1"/>
  <Zuordangobj ZuordNr="2074" AngNr="HS730" ObjNr="15382" Aktuell="1"/>
  <Zuordangobj ZuordNr="2075" AngNr="EI707" ObjNr="15383" Aktuell="1"/>
  <Zuordangobj ZuordNr="2076" AngNr="HS731" ObjNr="15384" Aktuell="1"/>
  <Zuordangobj ZuordNr="2077" AngNr="HS732" ObjNr="15385" Aktuell="1"/>
  <Zuordangobj ZuordNr="2078" AngNr="HS733" ObjNr="15386" Aktuell="1"/>
  <Zuordangobj ZuordNr="2079" AngNr="HS734" ObjNr="15387" Aktuell="1"/>
  <Zuordangobj ZuordNr="2080" AngNr="HS735" ObjNr="15389" Aktuell="1"/>
  <Zuordangobj ZuordNr="2081" AngNr="HS736" ObjNr="15390" Aktuell="1"/>
  <Zuordangobj ZuordNr="2082" AngNr="EI708" ObjNr="1618" Aktuell="1"/>
  <Zuordangobj ZuordNr="2083" AngNr="HS737" ObjNr="9379" Aktuell="1"/>
  <Zuordangobj ZuordNr="2084" AngNr="HS738" ObjNr="15391" Aktuell="1"/>
  <Zuordangobj ZuordNr="2085" AngNr="HS739" ObjNr="15392" Aktuell="1"/>
  <Zuordangobj ZuordNr="2086" AngNr="EI709" ObjNr="15393" Aktuell="1"/>
  <Zuordangobj ZuordNr="2087" AngNr="HS740" ObjNr="15394" Aktuell="1"/>
  <Zuordangobj ZuordNr="2088" AngNr="HS741" ObjNr="15395" Aktuell="1"/>
  <Zuordangobj ZuordNr="2089" AngNr="HS742" ObjNr="15396" Aktuell="1"/>
  <Zuordangobj ZuordNr="2090" AngNr="EI710" ObjNr="15398" Aktuell="1"/>
  <Zuordangobj ZuordNr="2091" AngNr="HS743" ObjNr="15378" Aktuell="1"/>
  <Zuordangobj ZuordNr="2092" AngNr="HS744" ObjNr="15400" Aktuell="1"/>
  <Zuordangobj ZuordNr="2094" AngNr="HS745" ObjNr="15401" Aktuell="1"/>
  <Zuordangobj ZuordNr="2095" AngNr="EI711" ObjNr="3705" Aktuell="1"/>
  <Zuordangobj ZuordNr="2096" AngNr="HS746" ObjNr="15402" Aktuell="1"/>
  <Zuordangobj ZuordNr="2097" AngNr="RH323" ObjNr="15403" Aktuell="1"/>
  <Zuordangobj ZuordNr="2098" AngNr="EI712" ObjNr="15404" Aktuell="1"/>
  <Zuordangobj ZuordNr="2099" AngNr="EI713" ObjNr="4183" Aktuell="1"/>
  <Zuordangobj ZuordNr="2100" AngNr="RH324" ObjNr="15356" Aktuell="1"/>
  <Zuordangobj ZuordNr="2101" AngNr="HS747" ObjNr="15492" Aktuell="1"/>
  <Zuordangobj ZuordNr="2102" AngNr="HS748" ObjNr="15494" Aktuell="1"/>
  <Zuordangobj ZuordNr="2103" AngNr="HS749" ObjNr="15495" Aktuell="1"/>
  <Zuordangobj ZuordNr="2104" AngNr="HS750" ObjNr="15496" Aktuell="1"/>
  <Zuordangobj ZuordNr="2105" AngNr="EI714" ObjNr="13064" Aktuell="1"/>
  <Zuordangobj ZuordNr="2106" AngNr="RH325" ObjNr="13642" Aktuell="1"/>
  <Zuordangobj ZuordNr="2107" AngNr="HS751" ObjNr="15497" Aktuell="1"/>
  <Zuordangobj ZuordNr="2108" AngNr="HS752" ObjNr="15498" Aktuell="1"/>
  <Zuordangobj ZuordNr="2109" AngNr="EI715" ObjNr="14342" Aktuell="1"/>
  <Zuordangobj ZuordNr="2110" AngNr="EI716" ObjNr="15019" Aktuell="1"/>
  <Zuordangobj ZuordNr="2111" AngNr="RH326" ObjNr="869" Aktuell="1"/>
  <Zuordangobj ZuordNr="2112" AngNr="EI717" ObjNr="15500" Aktuell="1"/>
  <Zuordangobj ZuordNr="2113" AngNr="HS753" ObjNr="15501" Aktuell="1"/>
  <Zuordangobj ZuordNr="2114" AngNr="HS754" ObjNr="15502" Aktuell="1"/>
  <Zuordangobj ZuordNr="2115" AngNr="HS755" ObjNr="15503" Aktuell="0"/>
  <Zuordangobj ZuordNr="2116" AngNr="HS756" ObjNr="15504" Aktuell="1"/>
  <Zuordangobj ZuordNr="2117" AngNr="HS757" ObjNr="15505" Aktuell="1"/>
  <Zuordangobj ZuordNr="2118" AngNr="HS758" ObjNr="15506" Aktuell="1"/>
  <Zuordangobj ZuordNr="2119" AngNr="RH327" ObjNr="15508" Aktuell="1"/>
  <Zuordangobj ZuordNr="2120" AngNr="HS759" ObjNr="15509" Aktuell="1"/>
  <Zuordangobj ZuordNr="2121" AngNr="HS760" ObjNr="15510" Aktuell="1"/>
  <Zuordangobj ZuordNr="2122" AngNr="EI718" ObjNr="4080" Aktuell="1"/>
  <Zuordangobj ZuordNr="2123" AngNr="HS761" ObjNr="15512" Aktuell="1"/>
  <Zuordangobj ZuordNr="2124" AngNr="RH328" ObjNr="15513" Aktuell="1"/>
  <Zuordangobj ZuordNr="2125" AngNr="HS762" ObjNr="15514" Aktuell="1"/>
  <Zuordangobj ZuordNr="2126" AngNr="RH329" ObjNr="15515" Aktuell="1"/>
  <Zuordangobj ZuordNr="2127" AngNr="HS763" ObjNr="15516" Aktuell="1"/>
  <Zuordangobj ZuordNr="2128" AngNr="HS764" ObjNr="8518" Aktuell="1"/>
  <Zuordangobj ZuordNr="2129" AngNr="HS765" ObjNr="15535" Aktuell="1"/>
  <Zuordangobj ZuordNr="2130" AngNr="HS766" ObjNr="15536" Aktuell="1"/>
  <Zuordangobj ZuordNr="2131" AngNr="EI719" ObjNr="15537" Aktuell="1"/>
  <Zuordangobj ZuordNr="2132" AngNr="HS767" ObjNr="15538" Aktuell="1"/>
  <Zuordangobj ZuordNr="2133" AngNr="EI720" ObjNr="14699" Aktuell="1"/>
  <Zuordangobj ZuordNr="2134" AngNr="EI721" ObjNr="15539" Aktuell="1"/>
  <Zuordangobj ZuordNr="2135" AngNr="HS768" ObjNr="15542" Aktuell="1"/>
  <Zuordangobj ZuordNr="2136" AngNr="HS770" ObjNr="15543" Aktuell="1"/>
  <Zuordangobj ZuordNr="2137" AngNr="HS771" ObjNr="15544" Aktuell="1"/>
  <Zuordangobj ZuordNr="2138" AngNr="EI722" ObjNr="15547" Aktuell="1"/>
  <Zuordangobj ZuordNr="2139" AngNr="EI635" ObjNr="15548" Aktuell="1"/>
  <Zuordangobj ZuordNr="2140" AngNr="HS772" ObjNr="15554" Aktuell="1"/>
  <Zuordangobj ZuordNr="2141" AngNr="HS773" ObjNr="15555" Aktuell="1"/>
  <Zuordangobj ZuordNr="2142" AngNr="HS774" ObjNr="15556" Aktuell="1"/>
  <Zuordangobj ZuordNr="2143" AngNr="HS775" ObjNr="15557" Aktuell="1"/>
  <Zuordangobj ZuordNr="2144" AngNr="HS776" ObjNr="15558" Aktuell="1"/>
  <Zuordangobj ZuordNr="2145" AngNr="HS777" ObjNr="15559" Aktuell="1"/>
  <Zuordangobj ZuordNr="2146" AngNr="HS778" ObjNr="15562" Aktuell="0"/>
  <Zuordangobj ZuordNr="2147" AngNr="HS779" ObjNr="15563" Aktuell="1"/>
  <Zuordangobj ZuordNr="2148" AngNr="HS780" ObjNr="15564" Aktuell="1"/>
  <Zuordangobj ZuordNr="2149" AngNr="HS781" ObjNr="15565" Aktuell="1"/>
  <Zuordangobj ZuordNr="2150" AngNr="RH330" ObjNr="15566" Aktuell="1"/>
  <Zuordangobj ZuordNr="2151" AngNr="RH305" ObjNr="15567" Aktuell="1"/>
  <Zuordangobj ZuordNr="2152" AngNr="HS782" ObjNr="15568" Aktuell="1"/>
  <Zuordangobj ZuordNr="2153" AngNr="EI723" ObjNr="14801" Aktuell="1"/>
  <Zuordangobj ZuordNr="2154" AngNr="EI724" ObjNr="1431" Aktuell="1"/>
  <Zuordangobj ZuordNr="2155" AngNr="HS784" ObjNr="15571" Aktuell="1"/>
  <Zuordangobj ZuordNr="2156" AngNr="HS783" ObjNr="15572" Aktuell="1"/>
  <Zuordangobj ZuordNr="2157" AngNr="HS769" ObjNr="15573" Aktuell="1"/>
  <Zuordangobj ZuordNr="2158" AngNr="HS785" ObjNr="15560" Aktuell="1"/>
  <Zuordangobj ZuordNr="2159" AngNr="EI725" ObjNr="15574" Aktuell="1"/>
  <Zuordangobj ZuordNr="2160" AngNr="EI726" ObjNr="3943" Aktuell="1"/>
  <Zuordangobj ZuordNr="2161" AngNr="RH331" ObjNr="15575" Aktuell="1"/>
  <Zuordangobj ZuordNr="2162" AngNr="HS786" ObjNr="15576" Aktuell="0"/>
  <Zuordangobj ZuordNr="2163" AngNr="HS787" ObjNr="15577" Aktuell="1"/>
  <Zuordangobj ZuordNr="2164" AngNr="HS788" ObjNr="15580" Aktuell="1"/>
  <Zuordangobj ZuordNr="2165" AngNr="RH332" ObjNr="15581" Aktuell="1"/>
  <Zuordangobj ZuordNr="2166" AngNr="EI727" ObjNr="15582" Aktuell="1"/>
  <Zuordangobj ZuordNr="2167" AngNr="RH333" ObjNr="15583" Aktuell="1"/>
  <Zuordangobj ZuordNr="2168" AngNr="HS789" ObjNr="15584" Aktuell="1"/>
  <Zuordangobj ZuordNr="2169" AngNr="EI728" ObjNr="4837" Aktuell="1"/>
  <Zuordangobj ZuordNr="2170" AngNr="EI729" ObjNr="1390" Aktuell="1"/>
  <Zuordangobj ZuordNr="2172" AngNr="RH334" ObjNr="15586" Aktuell="1"/>
  <Zuordangobj ZuordNr="2173" AngNr="RH335" ObjNr="15588" Aktuell="1"/>
  <Zuordangobj ZuordNr="2174" AngNr="HS778" ObjNr="15585" Aktuell="1"/>
  <Zuordangobj ZuordNr="2175" AngNr="HS790" ObjNr="15589" Aktuell="1"/>
  <Zuordangobj ZuordNr="2176" AngNr="EI731" ObjNr="15590" Aktuell="1"/>
  <Zuordangobj ZuordNr="2177" AngNr="EI732" ObjNr="349" Aktuell="1"/>
  <Zuordangobj ZuordNr="2178" AngNr="RH336" ObjNr="15591" Aktuell="1"/>
  <Zuordangobj ZuordNr="2179" AngNr="EI733" ObjNr="1494" Aktuell="1"/>
  <Zuordangobj ZuordNr="2180" AngNr="RH337" ObjNr="15592" Aktuell="1"/>
  <Zuordangobj ZuordNr="2181" AngNr="EI735" ObjNr="1035" Aktuell="1"/>
  <Zuordangobj ZuordNr="2182" AngNr="RH338" ObjNr="3380" Aktuell="1"/>
  <Zuordangobj ZuordNr="2183" AngNr="EI734" ObjNr="15593" Aktuell="1"/>
  <Zuordangobj ZuordNr="2184" AngNr="EI736" ObjNr="15594" Aktuell="1"/>
  <Zuordangobj ZuordNr="2185" AngNr="EI737" ObjNr="10144" Aktuell="1"/>
  <Zuordangobj ZuordNr="2186" AngNr="EI738" ObjNr="15595" Aktuell="1"/>
  <Zuordangobj ZuordNr="2187" AngNr="EI739" ObjNr="3698" Aktuell="1"/>
  <Zuordangobj ZuordNr="2188" AngNr="RH339" ObjNr="113" Aktuell="1"/>
  <Zuordangobj ZuordNr="2189" AngNr="RH340" ObjNr="15597" Aktuell="1"/>
  <Zuordangobj ZuordNr="2190" AngNr="EI740" ObjNr="13450" Aktuell="1"/>
  <Zuordangobj ZuordNr="2191" AngNr="RH342" ObjNr="15621" Aktuell="1"/>
  <Zuordangobj ZuordNr="2192" AngNr="RH341" ObjNr="15622" Aktuell="1"/>
  <Zuordangobj ZuordNr="2193" AngNr="HS791" ObjNr="15623" Aktuell="1"/>
  <Zuordangobj ZuordNr="2194" AngNr="RH343" ObjNr="13591" Aktuell="1"/>
  <Zuordangobj ZuordNr="2195" AngNr="HS792" ObjNr="15624" Aktuell="1"/>
  <Zuordangobj ZuordNr="2196" AngNr="HS793" ObjNr="15625" Aktuell="1"/>
  <Zuordangobj ZuordNr="2197" AngNr="RH344" ObjNr="488" Aktuell="1"/>
  <Zuordangobj ZuordNr="2198" AngNr="HS794" ObjNr="15626" Aktuell="1"/>
  <Zuordangobj ZuordNr="2199" AngNr="EI741" ObjNr="15627" Aktuell="1"/>
  <Zuordangobj ZuordNr="2200" AngNr="RH345" ObjNr="15131" Aktuell="1"/>
  <Zuordangobj ZuordNr="2201" AngNr="EI742" ObjNr="15628" Aktuell="1"/>
  <Zuordangobj ZuordNr="2202" AngNr="HS795" ObjNr="15629" Aktuell="1"/>
  <Zuordangobj ZuordNr="2203" AngNr="HS796" ObjNr="15630" Aktuell="1"/>
  <Zuordangobj ZuordNr="2204" AngNr="RH346" ObjNr="15631" Aktuell="1"/>
  <Zuordangobj ZuordNr="2205" AngNr="RH346" ObjNr="15632" Aktuell="1"/>
  <Zuordangobj ZuordNr="2206" AngNr="HS797" ObjNr="15633" Aktuell="1"/>
  <Zuordangobj ZuordNr="2207" AngNr="HS798" ObjNr="15634" Aktuell="1"/>
  <Zuordangobj ZuordNr="2208" AngNr="HS786" ObjNr="15635" Aktuell="1"/>
  <Zuordangobj ZuordNr="2209" AngNr="EI743" ObjNr="9262" Aktuell="1"/>
  <Zuordangobj ZuordNr="2210" AngNr="HS799" ObjNr="15636" Aktuell="1"/>
  <Zuordangobj ZuordNr="2211" AngNr="HS800" ObjNr="15637" Aktuell="1"/>
  <Zuordangobj ZuordNr="2212" AngNr="HS801" ObjNr="15638" Aktuell="1"/>
  <Zuordangobj ZuordNr="2213" AngNr="HS802" ObjNr="15639" Aktuell="1"/>
  <Zuordangobj ZuordNr="2214" AngNr="HS803" ObjNr="15640" Aktuell="0"/>
  <Zuordangobj ZuordNr="2215" AngNr="HS805" ObjNr="15641" Aktuell="1"/>
  <Zuordangobj ZuordNr="2216" AngNr="HS806" ObjNr="15642" Aktuell="1"/>
  <Zuordangobj ZuordNr="2217" AngNr="HS807" ObjNr="15643" Aktuell="1"/>
  <Zuordangobj ZuordNr="2218" AngNr="HS808" ObjNr="15644" Aktuell="1"/>
  <Zuordangobj ZuordNr="2219" AngNr="HS809" ObjNr="15645" Aktuell="1"/>
  <Zuordangobj ZuordNr="2220" AngNr="HS810" ObjNr="15646" Aktuell="1"/>
  <Zuordangobj ZuordNr="2221" AngNr="HS811" ObjNr="15647" Aktuell="1"/>
  <Zuordangobj ZuordNr="2222" AngNr="HS812" ObjNr="15648" Aktuell="1"/>
  <Zuordangobj ZuordNr="2223" AngNr="EI744" ObjNr="5208" Aktuell="1"/>
  <Zuordangobj ZuordNr="2224" AngNr="EI745" ObjNr="2207" Aktuell="1"/>
  <Zuordangobj ZuordNr="2225" AngNr="EI746" ObjNr="15649" Aktuell="1"/>
  <Zuordangobj ZuordNr="2226" AngNr="RH347" ObjNr="15650" Aktuell="1"/>
  <Zuordangobj ZuordNr="2227" AngNr="EI747" ObjNr="15651" Aktuell="1"/>
  <Zuordangobj ZuordNr="2228" AngNr="EI748" ObjNr="3038" Aktuell="1"/>
  <Zuordangobj ZuordNr="2229" AngNr="HS813" ObjNr="15652" Aktuell="1"/>
  <Zuordangobj ZuordNr="2230" AngNr="RH348" ObjNr="12188" Aktuell="1"/>
  <Zuordangobj ZuordNr="2232" AngNr="RH350" ObjNr="15653" Aktuell="1"/>
  <Zuordangobj ZuordNr="2233" AngNr="EI749" ObjNr="4105" Aktuell="1"/>
  <Zuordangobj ZuordNr="2234" AngNr="EI750" ObjNr="4705" Aktuell="1"/>
  <Zuordangobj ZuordNr="2235" AngNr="HS791" ObjNr="15654" Aktuell="1"/>
  <Zuordangobj ZuordNr="2236" AngNr="HS791" ObjNr="15655" Aktuell="1"/>
  <Zuordangobj ZuordNr="2237" AngNr="RH351" ObjNr="15663" Aktuell="1"/>
  <Zuordangobj ZuordNr="2238" AngNr="RH352" ObjNr="15662" Aktuell="1"/>
  <Zuordangobj ZuordNr="2239" AngNr="RH353" ObjNr="13738" Aktuell="1"/>
  <Zuordangobj ZuordNr="2240" AngNr="RH354" ObjNr="15661" Aktuell="1"/>
  <Zuordangobj ZuordNr="2241" AngNr="RH355" ObjNr="15659" Aktuell="1"/>
  <Zuordangobj ZuordNr="2242" AngNr="RH355" ObjNr="15660" Aktuell="1"/>
  <Zuordangobj ZuordNr="2243" AngNr="EI751" ObjNr="2447" Aktuell="1"/>
  <Zuordangobj ZuordNr="2244" AngNr="HS815" ObjNr="15666" Aktuell="1"/>
  <Zuordangobj ZuordNr="2245" AngNr="HS814" ObjNr="15667" Aktuell="1"/>
  <Zuordangobj ZuordNr="2246" AngNr="RH356" ObjNr="15668" Aktuell="1"/>
  <Zuordangobj ZuordNr="2247" AngNr="RH166" ObjNr="14496" Aktuell="1"/>
  <Zuordangobj ZuordNr="2249" AngNr="HS816" ObjNr="15669" Aktuell="1"/>
  <Zuordangobj ZuordNr="2250" AngNr="HS817" ObjNr="15670" Aktuell="1"/>
  <Zuordangobj ZuordNr="2251" AngNr="RH358" ObjNr="13316" Aktuell="1"/>
  <Zuordangobj ZuordNr="2252" AngNr="HS818" ObjNr="15673" Aktuell="1"/>
  <Zuordangobj ZuordNr="2253" AngNr="RH359" ObjNr="15674" Aktuell="1"/>
  <Zuordangobj ZuordNr="2254" AngNr="HS819" ObjNr="15675" Aktuell="1"/>
  <Zuordangobj ZuordNr="2255" AngNr="EI752" ObjNr="15677" Aktuell="1"/>
  <Zuordangobj ZuordNr="2256" AngNr="RH360" ObjNr="15656" Aktuell="1"/>
  <Zuordangobj ZuordNr="2257" AngNr="RH361" ObjNr="15678" Aktuell="1"/>
  <Zuordangobj ZuordNr="2258" AngNr="HS820" ObjNr="15679" Aktuell="1"/>
  <Zuordangobj ZuordNr="2260" AngNr="HS821" ObjNr="15680" Aktuell="1"/>
  <Zuordangobj ZuordNr="2261" AngNr="RH362" ObjNr="15681" Aktuell="1"/>
  <Zuordangobj ZuordNr="2262" AngNr="HS822" ObjNr="15684" Aktuell="1"/>
  <Zuordangobj ZuordNr="2263" AngNr="RH363" ObjNr="15685" Aktuell="1"/>
  <Zuordangobj ZuordNr="2264" AngNr="EI754" ObjNr="5024" Aktuell="1"/>
  <Zuordangobj ZuordNr="2265" AngNr="EI755" ObjNr="1274" Aktuell="1"/>
  <Zuordangobj ZuordNr="2266" AngNr="HS823" ObjNr="15687" Aktuell="1"/>
  <Zuordangobj ZuordNr="2267" AngNr="HS824" ObjNr="15688" Aktuell="1"/>
  <Zuordangobj ZuordNr="2268" AngNr="RH364" ObjNr="15686" Aktuell="1"/>
  <Zuordangobj ZuordNr="2269" AngNr="EI756" ObjNr="1556" Aktuell="1"/>
  <Zuordangobj ZuordNr="2270" AngNr="EI757" ObjNr="2909" Aktuell="1"/>
  <Zuordangobj ZuordNr="2271" AngNr="HS825" ObjNr="15692" Aktuell="1"/>
  <Zuordangobj ZuordNr="2273" AngNr="HS826" ObjNr="15690" Aktuell="1"/>
  <Zuordangobj ZuordNr="2274" AngNr="HS827" ObjNr="15694" Aktuell="1"/>
  <Zuordangobj ZuordNr="2275" AngNr="HS828" ObjNr="15695" Aktuell="1"/>
  <Zuordangobj ZuordNr="2276" AngNr="HS829" ObjNr="15696" Aktuell="1"/>
  <Zuordangobj ZuordNr="2277" AngNr="RH365" ObjNr="4366" Aktuell="1"/>
  <Zuordangobj ZuordNr="2278" AngNr="EI759" ObjNr="14695" Aktuell="1"/>
  <Zuordangobj ZuordNr="2279" AngNr="EI760" ObjNr="14335" Aktuell="1"/>
  <Zuordangobj ZuordNr="2280" AngNr="RH366" ObjNr="15713" Aktuell="1"/>
  <Zuordangobj ZuordNr="2281" AngNr="EI761" ObjNr="15714" Aktuell="1"/>
  <Zuordangobj ZuordNr="2282" AngNr="EI762" ObjNr="15715" Aktuell="1"/>
  <Zuordangobj ZuordNr="2283" AngNr="HS803" ObjNr="15716" Aktuell="1"/>
  <Zuordangobj ZuordNr="2284" AngNr="HS830" ObjNr="15718" Aktuell="1"/>
  <Zuordangobj ZuordNr="2285" AngNr="EI763" ObjNr="15719" Aktuell="1"/>
  <Zuordangobj ZuordNr="2286" AngNr="HS832" ObjNr="15724" Aktuell="1"/>
  <Zuordangobj ZuordNr="2287" AngNr="HS833" ObjNr="15725" Aktuell="1"/>
  <Zuordangobj ZuordNr="2288" AngNr="HS834" ObjNr="15726" Aktuell="1"/>
  <Zuordangobj ZuordNr="2289" AngNr="RH367" ObjNr="4319" Aktuell="1"/>
  <Zuordangobj ZuordNr="2290" AngNr="HS835" ObjNr="15727" Aktuell="1"/>
  <Zuordangobj ZuordNr="2291" AngNr="HS836" ObjNr="15728" Aktuell="1"/>
  <Zuordangobj ZuordNr="2292" AngNr="HS837" ObjNr="15729" Aktuell="1"/>
  <Zuordangobj ZuordNr="2293" AngNr="RH368" ObjNr="15730" Aktuell="1"/>
  <Zuordangobj ZuordNr="2294" AngNr="EI764" ObjNr="15731" Aktuell="1"/>
  <Zuordangobj ZuordNr="2295" AngNr="RH369" ObjNr="4094" Aktuell="1"/>
  <Zuordangobj ZuordNr="2296" AngNr="EI765" ObjNr="4542" Aktuell="1"/>
  <Zuordangobj ZuordNr="2297" AngNr="HS838" ObjNr="15732" Aktuell="1"/>
  <Zuordangobj ZuordNr="2298" AngNr="HS839" ObjNr="15736" Aktuell="1"/>
  <Zuordangobj ZuordNr="2299" AngNr="RH370" ObjNr="15738" Aktuell="0"/>
  <Zuordangobj ZuordNr="2300" AngNr="RH372" ObjNr="15739" Aktuell="1"/>
  <Zuordangobj ZuordNr="2301" AngNr="RH371" ObjNr="15734" Aktuell="1"/>
  <Zuordangobj ZuordNr="2302" AngNr="EI766" ObjNr="1742" Aktuell="1"/>
  <Zuordangobj ZuordNr="2303" AngNr="HS840" ObjNr="15740" Aktuell="1"/>
  <Zuordangobj ZuordNr="2304" AngNr="EI767" ObjNr="4164" Aktuell="1"/>
  <Zuordangobj ZuordNr="2305" AngNr="HS841" ObjNr="15741" Aktuell="1"/>
  <Zuordangobj ZuordNr="2306" AngNr="RH370" ObjNr="15742" Aktuell="1"/>
  <Zuordangobj ZuordNr="2307" AngNr="HS842" ObjNr="15743" Aktuell="1"/>
  <Zuordangobj ZuordNr="2308" AngNr="RH373" ObjNr="12946" Aktuell="1"/>
  <Zuordangobj ZuordNr="2309" AngNr="RH373" ObjNr="12947" Aktuell="1"/>
  <Zuordangobj ZuordNr="2310" AngNr="RH373" ObjNr="12948" Aktuell="1"/>
  <Zuordangobj ZuordNr="2311" AngNr="HS843" ObjNr="15744" Aktuell="1"/>
  <Zuordangobj ZuordNr="2312" AngNr="EI766" ObjNr="15745" Aktuell="0"/>
  <Zuordangobj ZuordNr="2313" AngNr="EI766" ObjNr="15746" Aktuell="0"/>
  <Zuordangobj ZuordNr="2314" AngNr="HS844" ObjNr="15747" Aktuell="1"/>
  <Zuordangobj ZuordNr="2315" AngNr="HS845" ObjNr="15748" Aktuell="1"/>
  <Zuordangobj ZuordNr="2316" AngNr="HS846" ObjNr="15749" Aktuell="1"/>
  <Zuordangobj ZuordNr="2317" AngNr="EI768" ObjNr="15753" Aktuell="1"/>
  <Zuordangobj ZuordNr="2318" AngNr="HS847" ObjNr="15754" Aktuell="1"/>
  <Zuordangobj ZuordNr="2319" AngNr="HS848" ObjNr="15755" Aktuell="1"/>
  <Zuordangobj ZuordNr="2320" AngNr="EI769" ObjNr="2454" Aktuell="1"/>
  <Zuordangobj ZuordNr="2321" AngNr="HS849" ObjNr="15880" Aktuell="1"/>
  <Zuordangobj ZuordNr="2322" AngNr="EI770" ObjNr="9287" Aktuell="1"/>
  <Zuordangobj ZuordNr="2323" AngNr="HS850" ObjNr="15881" Aktuell="1"/>
  <Zuordangobj ZuordNr="2324" AngNr="RH374" ObjNr="4287" Aktuell="1"/>
  <Zuordangobj ZuordNr="2325" AngNr="RH375" ObjNr="15883" Aktuell="1"/>
  <Zuordangobj ZuordNr="2326" AngNr="RH376" ObjNr="15884" Aktuell="1"/>
  <Zuordangobj ZuordNr="2327" AngNr="RH377" ObjNr="15885" Aktuell="1"/>
  <Zuordangobj ZuordNr="2329" AngNr="HS851" ObjNr="13688" Aktuell="1"/>
  <Zuordangobj ZuordNr="2330" AngNr="EI771" ObjNr="15886" Aktuell="1"/>
  <Zuordangobj ZuordNr="2331" AngNr="HS852" ObjNr="15893" Aktuell="1"/>
  <Zuordangobj ZuordNr="2332" AngNr="HS853" ObjNr="15895" Aktuell="1"/>
  <Zuordangobj ZuordNr="2333" AngNr="HS854" ObjNr="15896" Aktuell="1"/>
  <Zuordangobj ZuordNr="2334" AngNr="HS755" ObjNr="15897" Aktuell="1"/>
  <Zuordangobj ZuordNr="2335" AngNr="EI772" ObjNr="3766" Aktuell="1"/>
  <Zuordangobj ZuordNr="2336" AngNr="HS855" ObjNr="15898" Aktuell="1"/>
  <Zuordangobj ZuordNr="2337" AngNr="HS856" ObjNr="15899" Aktuell="1"/>
  <Zuordangobj ZuordNr="2338" AngNr="HS857" ObjNr="15900" Aktuell="1"/>
  <Zuordangobj ZuordNr="2339" AngNr="HS858" ObjNr="15901" Aktuell="1"/>
  <Zuordangobj ZuordNr="2341" AngNr="RH379" ObjNr="15903" Aktuell="1"/>
  <Zuordangobj ZuordNr="2342" AngNr="HS859" ObjNr="15894" Aktuell="1"/>
  <Zuordangobj ZuordNr="2343" AngNr="EI773" ObjNr="15904" Aktuell="1"/>
  <Zuordangobj ZuordNr="2344" AngNr="EI774" ObjNr="2150" Aktuell="1"/>
  <Zuordangobj ZuordNr="2345" AngNr="RH380" ObjNr="15907" Aktuell="1"/>
  <Zuordangobj ZuordNr="2346" AngNr="EI775" ObjNr="15906" Aktuell="1"/>
  <Zuordangobj ZuordNr="2347" AngNr="HS860" ObjNr="15917" Aktuell="1"/>
  <Zuordangobj ZuordNr="2348" AngNr="HS862" ObjNr="15916" Aktuell="1"/>
  <Zuordangobj ZuordNr="2349" AngNr="HS861" ObjNr="15918" Aktuell="0"/>
  <Zuordangobj ZuordNr="2350" AngNr="HS864" ObjNr="15925" Aktuell="1"/>
  <Zuordangobj ZuordNr="2351" AngNr="HS863" ObjNr="15919" Aktuell="1"/>
  <Zuordangobj ZuordNr="2352" AngNr="EI776" ObjNr="427" Aktuell="1"/>
  <Zuordangobj ZuordNr="2353" AngNr="EI777" ObjNr="15926" Aktuell="1"/>
  <Zuordangobj ZuordNr="2354" AngNr="HS866" ObjNr="15927" Aktuell="1"/>
  <Zuordangobj ZuordNr="2355" AngNr="EI779" ObjNr="1464" Aktuell="1"/>
  <Zuordangobj ZuordNr="2356" AngNr="EI780" ObjNr="15930" Aktuell="1"/>
  <Zuordangobj ZuordNr="2357" AngNr="EI778" ObjNr="15922" Aktuell="1"/>
  <Zuordangobj ZuordNr="2358" AngNr="EI781" ObjNr="15921" Aktuell="1"/>
  <Zuordangobj ZuordNr="2359" AngNr="HS867" ObjNr="15915" Aktuell="1"/>
  <Zuordangobj ZuordNr="2360" AngNr="HS865" ObjNr="15928" Aktuell="1"/>
  <Zuordangobj ZuordNr="2361" AngNr="RH381" ObjNr="1291" Aktuell="1"/>
  <Zuordangobj ZuordNr="2362" AngNr="RH381" ObjNr="15934" Aktuell="1"/>
  <Zuordangobj ZuordNr="2363" AngNr="HS868" ObjNr="15931" Aktuell="1"/>
  <Zuordangobj ZuordNr="2364" AngNr="EI782" ObjNr="15935" Aktuell="1"/>
  <Zuordangobj ZuordNr="2365" AngNr="HS861" ObjNr="15940" Aktuell="1"/>
  <Zuordangobj ZuordNr="2366" AngNr="HS869" ObjNr="15941" Aktuell="1"/>
  <Zuordangobj ZuordNr="2367" AngNr="HS870" ObjNr="15932" Aktuell="1"/>
  <Zuordangobj ZuordNr="2368" AngNr="HS871" ObjNr="15942" Aktuell="1"/>
  <Zuordangobj ZuordNr="2369" AngNr="EI783" ObjNr="4530" Aktuell="1"/>
  <Zuordangobj ZuordNr="2370" AngNr="HS872" ObjNr="15947" Aktuell="1"/>
  <Zuordangobj ZuordNr="2371" AngNr="EI784" ObjNr="15949" Aktuell="1"/>
  <Zuordangobj ZuordNr="2372" AngNr="HS873" ObjNr="15950" Aktuell="0"/>
  <Zuordangobj ZuordNr="2373" AngNr="HS874" ObjNr="15951" Aktuell="0"/>
  <Zuordangobj ZuordNr="2374" AngNr="HS875" ObjNr="15945" Aktuell="1"/>
  <Zuordangobj ZuordNr="2375" AngNr="RH382" ObjNr="15478" Aktuell="1"/>
  <Zuordangobj ZuordNr="2376" AngNr="RH382" ObjNr="15479" Aktuell="1"/>
  <Zuordangobj ZuordNr="2377" AngNr="HS874" ObjNr="15950" Aktuell="1"/>
  <Zuordangobj ZuordNr="2378" AngNr="HS873" ObjNr="15951" Aktuell="1"/>
  <Zuordangobj ZuordNr="2379" AngNr="RH383" ObjNr="15515" Aktuell="1"/>
  <Zuordangobj ZuordNr="2380" AngNr="HS876" ObjNr="15955" Aktuell="1"/>
  <Zuordangobj ZuordNr="2381" AngNr="HS877" ObjNr="15956" Aktuell="1"/>
  <Zuordangobj ZuordNr="2382" AngNr="HS878" ObjNr="15948" Aktuell="1"/>
  <Zuordangobj ZuordNr="2383" AngNr="HS879" ObjNr="15946" Aktuell="1"/>
  <Zuordangobj ZuordNr="2384" AngNr="EI785" ObjNr="15957" Aktuell="1"/>
  <Zuordangobj ZuordNr="2385" AngNr="HS880" ObjNr="15958" Aktuell="1"/>
  <Zuordangobj ZuordNr="2386" AngNr="EI786" ObjNr="11199" Aktuell="1"/>
  <Zuordangobj ZuordNr="2387" AngNr="HS881" ObjNr="15961" Aktuell="1"/>
  <Zuordangobj ZuordNr="2388" AngNr="HS882" ObjNr="15963" Aktuell="1"/>
  <Zuordangobj ZuordNr="2389" AngNr="HS883" ObjNr="15959" Aktuell="1"/>
  <Zuordangobj ZuordNr="2390" AngNr="HS884" ObjNr="15964" Aktuell="1"/>
  <Zuordangobj ZuordNr="2391" AngNr="HS885" ObjNr="15965" Aktuell="1"/>
  <Zuordangobj ZuordNr="2392" AngNr="HS886" ObjNr="15966" Aktuell="1"/>
  <Zuordangobj ZuordNr="2393" AngNr="HS887" ObjNr="15967" Aktuell="1"/>
  <Zuordangobj ZuordNr="2394" AngNr="HS888" ObjNr="15969" Aktuell="1"/>
  <Zuordangobj ZuordNr="2395" AngNr="RH384" ObjNr="15970" Aktuell="1"/>
  <Zuordangobj ZuordNr="2396" AngNr="RH384" ObjNr="15971" Aktuell="1"/>
  <Zuordangobj ZuordNr="2397" AngNr="HS889" ObjNr="15540" Aktuell="1"/>
  <Zuordangobj ZuordNr="2398" AngNr="HS890" ObjNr="15972" Aktuell="1"/>
  <Zuordangobj ZuordNr="2399" AngNr="HS891" ObjNr="15973" Aktuell="1"/>
  <Zuordangobj ZuordNr="2401" AngNr="EI787" ObjNr="15974" Aktuell="1"/>
  <Zuordangobj ZuordNr="2402" AngNr="EI789" ObjNr="15976" Aktuell="1"/>
  <Zuordangobj ZuordNr="2403" AngNr="EI790" ObjNr="15977" Aktuell="1"/>
  <Zuordangobj ZuordNr="2404" AngNr="EI791" ObjNr="15980" Aktuell="1"/>
  <Zuordangobj ZuordNr="2405" AngNr="EI793" ObjNr="1381" Aktuell="1"/>
  <Zuordangobj ZuordNr="2406" AngNr="HS892" ObjNr="15983" Aktuell="1"/>
  <Zuordangobj ZuordNr="2407" AngNr="EI792" ObjNr="15954" Aktuell="1"/>
  <Zuordangobj ZuordNr="2408" AngNr="HS895" ObjNr="15985" Aktuell="1"/>
  <Zuordangobj ZuordNr="2409" AngNr="HS894" ObjNr="15987" Aktuell="1"/>
  <Zuordangobj ZuordNr="2410" AngNr="HS893" ObjNr="15988" Aktuell="1"/>
  <Zuordangobj ZuordNr="2411" AngNr="RH386" ObjNr="15989" Aktuell="1"/>
  <Zuordangobj ZuordNr="2412" AngNr="RH385" ObjNr="15990" Aktuell="1"/>
  <Zuordangobj ZuordNr="2413" AngNr="RH387" ObjNr="15991" Aktuell="1"/>
  <Zuordangobj ZuordNr="2414" AngNr="HS896" ObjNr="15962" Aktuell="1"/>
  <Zuordangobj ZuordNr="2415" AngNr="EI794" ObjNr="4704" Aktuell="1"/>
  <Zuordangobj ZuordNr="2416" AngNr="EI795" ObjNr="14187" Aktuell="1"/>
  <Zuordangobj ZuordNr="2417" AngNr="HS897" ObjNr="15984" Aktuell="1"/>
  <Zuordangobj ZuordNr="2418" AngNr="HS898" ObjNr="16002" Aktuell="1"/>
  <Zuordangobj ZuordNr="2419" AngNr="EI796" ObjNr="1019" Aktuell="1"/>
  <Zuordangobj ZuordNr="2420" AngNr="HS899" ObjNr="16007" Aktuell="1"/>
  <Zuordangobj ZuordNr="2421" AngNr="HS384" ObjNr="13539" Aktuell="1"/>
  <Zuordangobj ZuordNr="2422" AngNr="HS900" ObjNr="16008" Aktuell="1"/>
  <Zuordangobj ZuordNr="2423" AngNr="RH388" ObjNr="13539" Aktuell="1"/>
  <Zuordangobj ZuordNr="2424" AngNr="HS901" ObjNr="16009" Aktuell="1"/>
  <Zuordangobj ZuordNr="2425" AngNr="EI801" ObjNr="15979" Aktuell="1"/>
  <Zuordangobj ZuordNr="2426" AngNr="EI800" ObjNr="2442" Aktuell="1"/>
  <Zuordangobj ZuordNr="2427" AngNr="EI799" ObjNr="3258" Aktuell="1"/>
  <Zuordangobj ZuordNr="2428" AngNr="EI798" ObjNr="14336" Aktuell="1"/>
  <Zuordangobj ZuordNr="2429" AngNr="EI797" ObjNr="16000" Aktuell="1"/>
  <Zuordangobj ZuordNr="2430" AngNr="EI802" ObjNr="15992" Aktuell="1"/>
  <Zuordangobj ZuordNr="2431" AngNr="EI803" ObjNr="16012" Aktuell="1"/>
  <Zuordangobj ZuordNr="2432" AngNr="HS902" ObjNr="16013" Aktuell="1"/>
  <Zuordangobj ZuordNr="2433" AngNr="HS903" ObjNr="16014" Aktuell="1"/>
  <Zuordangobj ZuordNr="2434" AngNr="HS904" ObjNr="16015" Aktuell="1"/>
  <Zuordangobj ZuordNr="2435" AngNr="EI804" ObjNr="63" Aktuell="1"/>
  <Zuordangobj ZuordNr="2436" AngNr="EI806" ObjNr="16016" Aktuell="1"/>
  <Zuordangobj ZuordNr="2437" AngNr="HS905" ObjNr="16018" Aktuell="1"/>
  <Zuordangobj ZuordNr="2438" AngNr="HS906" ObjNr="16019" Aktuell="1"/>
  <Zuordangobj ZuordNr="2439" AngNr="EI805" ObjNr="15722" Aktuell="1"/>
  <Zuordangobj ZuordNr="2440" AngNr="RH389" ObjNr="14203" Aktuell="1"/>
  <Zuordangobj ZuordNr="2442" AngNr="EI807" ObjNr="16023" Aktuell="1"/>
  <Zuordangobj ZuordNr="2443" AngNr="RH391" ObjNr="15960" Aktuell="1"/>
  <Zuordangobj ZuordNr="2444" AngNr="HS907" ObjNr="16026" Aktuell="1"/>
  <Zuordangobj ZuordNr="2445" AngNr="HS909" ObjNr="16027" Aktuell="1"/>
  <Zuordangobj ZuordNr="2446" AngNr="HS910" ObjNr="16028" Aktuell="1"/>
  <Zuordangobj ZuordNr="2447" AngNr="EI808" ObjNr="16029" Aktuell="1"/>
  <Zuordangobj ZuordNr="2448" AngNr="RH392" ObjNr="16030" Aktuell="1"/>
  <Zuordangobj ZuordNr="2449" AngNr="HS911" ObjNr="16031" Aktuell="1"/>
  <Zuordangobj ZuordNr="2450" AngNr="HS912" ObjNr="16032" Aktuell="1"/>
  <Zuordangobj ZuordNr="2451" AngNr="EI809" ObjNr="15968" Aktuell="1"/>
  <Zuordangobj ZuordNr="2452" AngNr="HS913" ObjNr="16035" Aktuell="1"/>
  <Zuordangobj ZuordNr="2453" AngNr="EI810" ObjNr="16037" Aktuell="1"/>
  <Zuordangobj ZuordNr="2454" AngNr="EI811" ObjNr="15999" Aktuell="1"/>
  <Zuordangobj ZuordNr="2455" AngNr="EI812" ObjNr="16039" Aktuell="1"/>
  <Zuordangobj ZuordNr="2456" AngNr="EI813" ObjNr="15997" Aktuell="1"/>
  <Zuordangobj ZuordNr="2457" AngNr="EI814" ObjNr="15998" Aktuell="1"/>
  <Zuordangobj ZuordNr="2458" AngNr="EI815" ObjNr="15996" Aktuell="1"/>
  <Zuordangobj ZuordNr="2459" AngNr="HS914" ObjNr="16040" Aktuell="1"/>
  <Zuordangobj ZuordNr="2460" AngNr="EI816" ObjNr="16001" Aktuell="1"/>
  <Zuordangobj ZuordNr="2461" AngNr="HS915" ObjNr="16049" Aktuell="1"/>
  <Zuordangobj ZuordNr="2462" AngNr="HS908" ObjNr="16026" Aktuell="0"/>
  <Zuordangobj ZuordNr="2463" AngNr="EI817" ObjNr="16050" Aktuell="0"/>
  <Zuordangobj ZuordNr="2464" AngNr="EI821" ObjNr="2018" Aktuell="1"/>
  <Zuordangobj ZuordNr="2465" AngNr="EI822" ObjNr="1300" Aktuell="1"/>
  <Zuordangobj ZuordNr="2466" AngNr="HS916" ObjNr="16051" Aktuell="1"/>
  <Zuordangobj ZuordNr="2467" AngNr="EI820" ObjNr="16047" Aktuell="1"/>
  <Zuordangobj ZuordNr="2468" AngNr="EI818" ObjNr="4059" Aktuell="1"/>
  <Zuordangobj ZuordNr="2469" AngNr="RH393" ObjNr="16053" Aktuell="1"/>
  <Zuordangobj ZuordNr="2470" AngNr="EI819" ObjNr="16044" Aktuell="1"/>
  <Zuordangobj ZuordNr="2471" AngNr="EI824" ObjNr="14521" Aktuell="1"/>
  <Zuordangobj ZuordNr="2472" AngNr="EI823" ObjNr="13665" Aktuell="1"/>
  <Zuordangobj ZuordNr="2473" AngNr="EI825" ObjNr="11129" Aktuell="1"/>
  <Zuordangobj ZuordNr="2474" AngNr="RH394" ObjNr="2384" Aktuell="1"/>
  <Zuordangobj ZuordNr="2475" AngNr="HS917" ObjNr="16017" Aktuell="1"/>
  <Zuordangobj ZuordNr="2476" AngNr="EI826" ObjNr="16054" Aktuell="1"/>
  <Zuordangobj ZuordNr="2477" AngNr="EI828" ObjNr="5032" Aktuell="1"/>
  <Zuordangobj ZuordNr="2478" AngNr="HS918" ObjNr="16055" Aktuell="1"/>
  <Zuordangobj ZuordNr="2479" AngNr="HS919" ObjNr="16056" Aktuell="1"/>
  <Zuordangobj ZuordNr="2480" AngNr="HS920" ObjNr="16057" Aktuell="1"/>
  <Zuordangobj ZuordNr="2482" AngNr="HS921" ObjNr="16058" Aktuell="1"/>
  <Zuordangobj ZuordNr="2483" AngNr="HS922" ObjNr="16059" Aktuell="1"/>
  <Zuordangobj ZuordNr="2484" AngNr="EI829" ObjNr="16060" Aktuell="1"/>
  <Zuordangobj ZuordNr="2485" AngNr="HS923" ObjNr="16061" Aktuell="1"/>
  <Zuordangobj ZuordNr="2486" AngNr="RH395" ObjNr="3477" Aktuell="1"/>
  <Zuordangobj ZuordNr="2487" AngNr="HS924" ObjNr="16062" Aktuell="1"/>
  <Zuordangobj ZuordNr="2488" AngNr="EI831" ObjNr="14752" Aktuell="1"/>
  <Zuordangobj ZuordNr="2489" AngNr="HS925" ObjNr="16063" Aktuell="1"/>
  <Zuordangobj ZuordNr="2490" AngNr="EI830" ObjNr="16064" Aktuell="1"/>
  <Zuordangobj ZuordNr="2491" AngNr="HS926" ObjNr="16065" Aktuell="1"/>
  <Zuordangobj ZuordNr="2492" AngNr="HS927" ObjNr="14956" Aktuell="1"/>
  <Zuordangobj ZuordNr="2493" AngNr="HS908" ObjNr="16066" Aktuell="1"/>
  <Zuordangobj ZuordNr="2494" AngNr="HS929" ObjNr="16067" Aktuell="1"/>
  <Zuordangobj ZuordNr="2495" AngNr="HS930" ObjNr="16068" Aktuell="1"/>
  <Zuordangobj ZuordNr="2496" AngNr="HS931" ObjNr="16069" Aktuell="1"/>
  <Zuordangobj ZuordNr="2497" AngNr="HS932" ObjNr="16070" Aktuell="1"/>
  <Zuordangobj ZuordNr="2498" AngNr="HS933" ObjNr="16071" Aktuell="1"/>
  <Zuordangobj ZuordNr="2499" AngNr="RH396" ObjNr="16072" Aktuell="1"/>
  <Zuordangobj ZuordNr="2500" AngNr="EI832" ObjNr="16073" Aktuell="1"/>
  <Zuordangobj ZuordNr="2501" AngNr="EI833" ObjNr="1029" Aktuell="1"/>
  <Zuordangobj ZuordNr="2502" AngNr="EI834" ObjNr="2567" Aktuell="1"/>
  <Zuordangobj ZuordNr="2503" AngNr="EI835" ObjNr="16074" Aktuell="1"/>
  <Zuordangobj ZuordNr="2505" AngNr="HS934" ObjNr="16075" Aktuell="1"/>
  <Zuordangobj ZuordNr="2506" AngNr="HS928" ObjNr="16076" Aktuell="1"/>
  <Zuordangobj ZuordNr="2507" AngNr="EI837" ObjNr="2031" Aktuell="1"/>
  <Zuordangobj ZuordNr="2508" AngNr="EI838" ObjNr="16077" Aktuell="1"/>
  <Zuordangobj ZuordNr="2509" AngNr="EI839" ObjNr="16078" Aktuell="1"/>
  <Zuordangobj ZuordNr="2510" AngNr="EI840" ObjNr="16079" Aktuell="0"/>
  <Zuordangobj ZuordNr="2511" AngNr="EI841" ObjNr="16080" Aktuell="1"/>
  <Zuordangobj ZuordNr="2512" AngNr="EI842" ObjNr="16081" Aktuell="1"/>
  <Zuordangobj ZuordNr="2513" AngNr="EI843" ObjNr="6037" Aktuell="1"/>
  <Zuordangobj ZuordNr="2514" AngNr="HS935" ObjNr="16082" Aktuell="1"/>
  <Zuordangobj ZuordNr="2515" AngNr="EI844" ObjNr="13992" Aktuell="1"/>
  <Zuordangobj ZuordNr="2516" AngNr="HS936" ObjNr="16083" Aktuell="1"/>
  <Zuordangobj ZuordNr="2517" AngNr="HS937" ObjNr="16084" Aktuell="1"/>
  <Zuordangobj ZuordNr="2518" AngNr="HS938" ObjNr="16085" Aktuell="1"/>
  <Zuordangobj ZuordNr="2519" AngNr="EI845" ObjNr="16086" Aktuell="1"/>
  <Zuordangobj ZuordNr="2520" AngNr="EI846" ObjNr="14334" Aktuell="1"/>
  <Zuordangobj ZuordNr="2521" AngNr="EI847" ObjNr="16087" Aktuell="1"/>
  <Zuordangobj ZuordNr="2522" AngNr="HS939" ObjNr="16088" Aktuell="1"/>
  <Zuordangobj ZuordNr="2523" AngNr="EI848" ObjNr="3224" Aktuell="1"/>
  <Zuordangobj ZuordNr="2524" AngNr="EI849" ObjNr="16089" Aktuell="1"/>
  <Zuordangobj ZuordNr="2525" AngNr="EI850" ObjNr="16090" Aktuell="1"/>
  <Zuordangobj ZuordNr="2526" AngNr="EI851" ObjNr="3687" Aktuell="1"/>
  <Zuordangobj ZuordNr="2527" AngNr="EI852" ObjNr="4635" Aktuell="1"/>
  <Zuordangobj ZuordNr="2528" AngNr="EI853" ObjNr="16091" Aktuell="1"/>
  <Zuordangobj ZuordNr="2529" AngNr="EI854" ObjNr="16092" Aktuell="1"/>
  <Zuordangobj ZuordNr="2530" AngNr="HS940" ObjNr="16095" Aktuell="1"/>
  <Zuordangobj ZuordNr="2531" AngNr="EI855" ObjNr="16096" Aktuell="1"/>
  <Zuordangobj ZuordNr="2532" AngNr="EI840" ObjNr="16098" Aktuell="1"/>
  <Zuordangobj ZuordNr="2533" AngNr="EI856" ObjNr="14373" Aktuell="1"/>
  <Zuordangobj ZuordNr="2534" AngNr="EI857" ObjNr="16107" Aktuell="1"/>
  <Zuordangobj ZuordNr="2535" AngNr="HS941" ObjNr="16108" Aktuell="1"/>
  <Zuordangobj ZuordNr="2536" AngNr="HS942" ObjNr="16109" Aktuell="1"/>
  <Zuordangobj ZuordNr="2537" AngNr="EI864" ObjNr="14327" Aktuell="1"/>
  <Zuordangobj ZuordNr="2539" AngNr="EI858" ObjNr="16112" Aktuell="1"/>
  <Zuordangobj ZuordNr="2540" AngNr="EI859" ObjNr="5420" Aktuell="1"/>
  <Zuordangobj ZuordNr="2541" AngNr="EI860" ObjNr="16113" Aktuell="1"/>
  <Zuordangobj ZuordNr="2542" AngNr="EI861" ObjNr="16114" Aktuell="1"/>
  <Zuordangobj ZuordNr="2543" AngNr="EI862" ObjNr="16115" Aktuell="1"/>
  <Zuordangobj ZuordNr="2544" AngNr="EI863" ObjNr="16116" Aktuell="1"/>
  <Zuordangobj ZuordNr="2545" AngNr="EI865" ObjNr="4235" Aktuell="1"/>
  <Zuordangobj ZuordNr="2546" AngNr="RH397" ObjNr="16120" Aktuell="1"/>
  <Zuordangobj ZuordNr="2547" AngNr="EI866" ObjNr="3313" Aktuell="1"/>
  <Zuordangobj ZuordNr="2548" AngNr="EI867" ObjNr="16117" Aktuell="1"/>
  <Zuordangobj ZuordNr="2549" AngNr="EI868" ObjNr="1734" Aktuell="1"/>
  <Zuordangobj ZuordNr="2550" AngNr="HS943" ObjNr="16125" Aktuell="1"/>
  <Zuordangobj ZuordNr="2551" AngNr="EI869" ObjNr="16121" Aktuell="1"/>
  <Zuordangobj ZuordNr="2552" AngNr="EI872" ObjNr="1440" Aktuell="1"/>
  <Zuordangobj ZuordNr="2553" AngNr="EI871" ObjNr="16126" Aktuell="1"/>
  <Zuordangobj ZuordNr="2554" AngNr="EI870" ObjNr="8697" Aktuell="1"/>
  <Zuordangobj ZuordNr="2555" AngNr="RH398" ObjNr="16124" Aktuell="1"/>
  <Zuordangobj ZuordNr="2556" AngNr="HS944" ObjNr="16129" Aktuell="1"/>
  <Zuordangobj ZuordNr="2557" AngNr="HS945" ObjNr="16123" Aktuell="1"/>
  <Zuordangobj ZuordNr="2558" AngNr="EI873" ObjNr="16136" Aktuell="1"/>
  <Zuordangobj ZuordNr="2559" AngNr="HS946" ObjNr="16133" Aktuell="1"/>
  <Zuordangobj ZuordNr="2560" AngNr="EI874" ObjNr="14255" Aktuell="1"/>
  <Zuordangobj ZuordNr="2561" AngNr="EI875" ObjNr="12961" Aktuell="1"/>
  <Zuordangobj ZuordNr="2562" AngNr="EI876" ObjNr="16138" Aktuell="1"/>
  <Zuordangobj ZuordNr="2563" AngNr="EI877" ObjNr="16135" Aktuell="1"/>
  <Zuordangobj ZuordNr="2564" AngNr="EI878" ObjNr="16139" Aktuell="1"/>
  <Zuordangobj ZuordNr="2566" AngNr="EI880" ObjNr="16141" Aktuell="1"/>
  <Zuordangobj ZuordNr="2567" AngNr="RH399" ObjNr="13749" Aktuell="1"/>
  <Zuordangobj ZuordNr="2568" AngNr="RH400" ObjNr="16143" Aktuell="1"/>
  <Zuordangobj ZuordNr="2569" AngNr="HS947" ObjNr="16132" Aktuell="1"/>
  <Zuordangobj ZuordNr="2570" AngNr="RH399" ObjNr="16143" Aktuell="1"/>
  <Zuordangobj ZuordNr="2571" AngNr="RH399" ObjNr="13535" Aktuell="1"/>
  <Zuordangobj ZuordNr="2572" AngNr="HS948" ObjNr="16145" Aktuell="1"/>
  <Zuordangobj ZuordNr="2573" AngNr="EI881" ObjNr="16146" Aktuell="1"/>
  <Zuordangobj ZuordNr="2574" AngNr="HS949" ObjNr="16147" Aktuell="1"/>
  <Zuordangobj ZuordNr="2576" AngNr="HS950" ObjNr="16140" Aktuell="1"/>
  <Zuordangobj ZuordNr="2577" AngNr="HS951" ObjNr="16149" Aktuell="1"/>
  <Zuordangobj ZuordNr="2578" AngNr="HS952" ObjNr="16148" Aktuell="1"/>
  <Zuordangobj ZuordNr="2579" AngNr="EI883" ObjNr="1575" Aktuell="1"/>
  <Zuordangobj ZuordNr="2580" AngNr="EI884" ObjNr="16150" Aktuell="1"/>
  <Zuordangobj ZuordNr="2581" AngNr="EI885" ObjNr="3930" Aktuell="1"/>
  <Zuordangobj ZuordNr="2582" AngNr="EI886" ObjNr="3881" Aktuell="1"/>
  <Zuordangobj ZuordNr="2583" AngNr="RH401" ObjNr="16151" Aktuell="1"/>
  <Zuordangobj ZuordNr="2584" AngNr="RH401" ObjNr="16152" Aktuell="1"/>
  <Zuordangobj ZuordNr="2585" AngNr="HS953" ObjNr="16154" Aktuell="1"/>
  <Zuordangobj ZuordNr="2586" AngNr="EI888" ObjNr="16155" Aktuell="1"/>
  <Zuordangobj ZuordNr="2587" AngNr="EI887" ObjNr="16156" Aktuell="1"/>
  <Zuordangobj ZuordNr="2588" AngNr="EI889" ObjNr="16157" Aktuell="1"/>
  <Zuordangobj ZuordNr="2589" AngNr="EI890" ObjNr="16158" Aktuell="1"/>
  <Zuordangobj ZuordNr="2590" AngNr="EI891" ObjNr="16159" Aktuell="1"/>
  <Zuordangobj ZuordNr="2591" AngNr="EI892" ObjNr="16160" Aktuell="1"/>
  <Zuordangobj ZuordNr="2592" AngNr="EI893" ObjNr="16161" Aktuell="1"/>
  <Zuordangobj ZuordNr="2593" AngNr="EI894" ObjNr="8689" Aktuell="1"/>
  <Zuordangobj ZuordNr="2594" AngNr="HS954" ObjNr="16168" Aktuell="1"/>
  <Zuordangobj ZuordNr="2595" AngNr="HS955" ObjNr="16172" Aktuell="1"/>
  <Zuordangobj ZuordNr="2596" AngNr="EI895" ObjNr="3020" Aktuell="1"/>
  <Zuordangobj ZuordNr="2597" AngNr="HS956" ObjNr="16174" Aktuell="1"/>
  <Zuordangobj ZuordNr="2598" AngNr="HS957" ObjNr="16163" Aktuell="1"/>
  <Zuordangobj ZuordNr="2599" AngNr="HS958" ObjNr="16175" Aktuell="1"/>
  <Zuordangobj ZuordNr="2600" AngNr="HS959" ObjNr="16176" Aktuell="1"/>
  <Zuordangobj ZuordNr="2601" AngNr="HS960" ObjNr="16177" Aktuell="1"/>
  <Zuordangobj ZuordNr="2602" AngNr="EI896" ObjNr="16179" Aktuell="1"/>
  <Zuordangobj ZuordNr="2603" AngNr="HS961" ObjNr="16180" Aktuell="1"/>
  <Zuordangobj ZuordNr="2604" AngNr="EI897" ObjNr="5798" Aktuell="1"/>
  <Zuordangobj ZuordNr="2605" AngNr="HS962" ObjNr="16183" Aktuell="1"/>
  <Zuordangobj ZuordNr="2606" AngNr="HS963" ObjNr="16173" Aktuell="1"/>
  <Zuordangobj ZuordNr="2607" AngNr="HS964" ObjNr="16184" Aktuell="1"/>
  <Zuordangobj ZuordNr="2608" AngNr="EI898" ObjNr="14453" Aktuell="1"/>
  <Zuordangobj ZuordNr="2609" AngNr="HS965" ObjNr="16185" Aktuell="1"/>
  <Zuordangobj ZuordNr="2610" AngNr="EI899" ObjNr="4639" Aktuell="1"/>
  <Zuordangobj ZuordNr="2611" AngNr="EI900" ObjNr="14721" Aktuell="1"/>
  <Zuordangobj ZuordNr="2612" AngNr="EI901" ObjNr="1463" Aktuell="1"/>
  <Zuordangobj ZuordNr="2613" AngNr="EI902" ObjNr="16193" Aktuell="1"/>
  <Zuordangobj ZuordNr="2614" AngNr="EI903" ObjNr="13360" Aktuell="1"/>
  <Zuordangobj ZuordNr="2615" AngNr="EI904" ObjNr="16220" Aktuell="1"/>
  <Zuordangobj ZuordNr="2616" AngNr="HS966" ObjNr="16221" Aktuell="1"/>
  <Zuordangobj ZuordNr="2617" AngNr="HS967" ObjNr="16219" Aktuell="1"/>
  <Zuordangobj ZuordNr="2618" AngNr="HS970" ObjNr="16188" Aktuell="1"/>
  <Zuordangobj ZuordNr="2619" AngNr="HS969" ObjNr="16223" Aktuell="1"/>
  <Zuordangobj ZuordNr="2620" AngNr="HS968" ObjNr="16224" Aktuell="1"/>
  <Zuordangobj ZuordNr="2621" AngNr="RH402" ObjNr="16228" Aktuell="1"/>
  <Zuordangobj ZuordNr="2622" AngNr="HS971" ObjNr="16229" Aktuell="1"/>
  <Zuordangobj ZuordNr="2623" AngNr="EI905" ObjNr="16230" Aktuell="1"/>
  <Zuordangobj ZuordNr="2624" AngNr="RH403" ObjNr="9011" Aktuell="0"/>
  <Zuordangobj ZuordNr="2625" AngNr="HS972" ObjNr="16226" Aktuell="1"/>
  <Zuordangobj ZuordNr="2626" AngNr="EI906" ObjNr="16251" Aktuell="1"/>
  <Zuordangobj ZuordNr="2627" AngNr="RH404" ObjNr="16252" Aktuell="1"/>
  <Zuordangobj ZuordNr="2628" AngNr="HS973" ObjNr="16253" Aktuell="1"/>
  <Zuordangobj ZuordNr="2629" AngNr="EI907" ObjNr="14362" Aktuell="1"/>
  <Zuordangobj ZuordNr="2630" AngNr="EI908" ObjNr="16254" Aktuell="1"/>
  <Zuordangobj ZuordNr="2631" AngNr="RH405" ObjNr="16256" Aktuell="1"/>
  <Zuordangobj ZuordNr="2632" AngNr="EI909" ObjNr="16255" Aktuell="1"/>
  <Zuordangobj ZuordNr="2633" AngNr="RH406" ObjNr="16257" Aktuell="1"/>
  <Zuordangobj ZuordNr="2634" AngNr="RH407" ObjNr="10240" Aktuell="1"/>
  <Zuordangobj ZuordNr="2635" AngNr="RH408" ObjNr="16258" Aktuell="1"/>
  <Zuordangobj ZuordNr="2636" AngNr="HS974" ObjNr="16218" Aktuell="1"/>
  <Zuordangobj ZuordNr="2637" AngNr="EI910" ObjNr="16260" Aktuell="1"/>
  <Zuordangobj ZuordNr="2638" AngNr="EI911" ObjNr="16261" Aktuell="1"/>
  <Zuordangobj ZuordNr="2639" AngNr="EI912" ObjNr="4160" Aktuell="1"/>
  <Zuordangobj ZuordNr="2640" AngNr="EI913" ObjNr="3244" Aktuell="1"/>
  <Zuordangobj ZuordNr="2641" AngNr="EI914" ObjNr="16265" Aktuell="1"/>
  <Zuordangobj ZuordNr="2642" AngNr="EI915" ObjNr="16266" Aktuell="1"/>
  <Zuordangobj ZuordNr="2643" AngNr="EI916" ObjNr="239" Aktuell="1"/>
  <Zuordangobj ZuordNr="2644" AngNr="EI917" ObjNr="16267" Aktuell="1"/>
  <Zuordangobj ZuordNr="2645" AngNr="RH409" ObjNr="16269" Aktuell="1"/>
  <Zuordangobj ZuordNr="2646" AngNr="HS975" ObjNr="16270" Aktuell="1"/>
  <Zuordangobj ZuordNr="2647" AngNr="EI919" ObjNr="16271" Aktuell="1"/>
  <Zuordangobj ZuordNr="2648" AngNr="RH410" ObjNr="10200" Aktuell="1"/>
  <Zuordangobj ZuordNr="2649" AngNr="EI920" ObjNr="2364" Aktuell="1"/>
  <Zuordangobj ZuordNr="2650" AngNr="EI921" ObjNr="16268" Aktuell="1"/>
  <Zuordangobj ZuordNr="2651" AngNr="EI922" ObjNr="16272" Aktuell="1"/>
  <Zuordangobj ZuordNr="2652" AngNr="EI918" ObjNr="820" Aktuell="1"/>
  <Zuordangobj ZuordNr="2653" AngNr="HS976" ObjNr="16273" Aktuell="1"/>
  <Zuordangobj ZuordNr="2654" AngNr="HS977" ObjNr="16274" Aktuell="1"/>
  <Zuordangobj ZuordNr="2655" AngNr="EI923" ObjNr="16275" Aktuell="1"/>
  <Zuordangobj ZuordNr="2656" AngNr="EI924" ObjNr="16276" Aktuell="1"/>
  <Zuordangobj ZuordNr="2657" AngNr="EI925" ObjNr="6126" Aktuell="1"/>
  <Zuordangobj ZuordNr="2658" AngNr="HS978" ObjNr="16277" Aktuell="1"/>
  <Zuordangobj ZuordNr="2659" AngNr="RH411" ObjNr="10175" Aktuell="1"/>
  <Zuordangobj ZuordNr="2660" AngNr="HS979" ObjNr="16278" Aktuell="1"/>
  <Zuordangobj ZuordNr="2661" AngNr="BP980" ObjNr="16279" Aktuell="1"/>
  <Zuordangobj ZuordNr="2662" AngNr="RH412" ObjNr="12139" Aktuell="1"/>
  <Zuordangobj ZuordNr="2663" AngNr="EI926" ObjNr="16280" Aktuell="1"/>
  <Zuordangobj ZuordNr="2664" AngNr="EI927" ObjNr="16286" Aktuell="1"/>
  <Zuordangobj ZuordNr="2665" AngNr="HS981" ObjNr="16291" Aktuell="1"/>
  <Zuordangobj ZuordNr="2666" AngNr="EI928" ObjNr="16284" Aktuell="1"/>
  <Zuordangobj ZuordNr="2667" AngNr="HS982" ObjNr="16287" Aktuell="1"/>
  <Zuordangobj ZuordNr="2668" AngNr="HS983" ObjNr="16292" Aktuell="1"/>
  <Zuordangobj ZuordNr="2669" AngNr="HS984" ObjNr="16289" Aktuell="1"/>
  <Zuordangobj ZuordNr="2670" AngNr="HS985" ObjNr="16293" Aktuell="1"/>
  <Zuordangobj ZuordNr="2671" AngNr="RH413" ObjNr="16294" Aktuell="1"/>
  <Zuordangobj ZuordNr="2672" AngNr="EI929" ObjNr="16296" Aktuell="1"/>
  <Zuordangobj ZuordNr="2673" AngNr="EI930" ObjNr="16299" Aktuell="1"/>
  <Zuordangobj ZuordNr="2674" AngNr="EI931" ObjNr="14356" Aktuell="1"/>
  <Zuordangobj ZuordNr="2675" AngNr="HS986" ObjNr="16196" Aktuell="1"/>
  <Zuordangobj ZuordNr="2676" AngNr="EI932" ObjNr="16300" Aktuell="1"/>
  <Zuordangobj ZuordNr="2677" AngNr="HS987" ObjNr="16301" Aktuell="1"/>
  <Zuordangobj ZuordNr="2678" AngNr="EI933" ObjNr="3444" Aktuell="1"/>
  <Zuordangobj ZuordNr="2679" AngNr="HS988" ObjNr="16329" Aktuell="1"/>
  <Zuordangobj ZuordNr="2680" AngNr="EI935" ObjNr="16331" Aktuell="1"/>
  <Zuordangobj ZuordNr="2681" AngNr="EI934" ObjNr="1682" Aktuell="1"/>
  <Zuordangobj ZuordNr="2682" AngNr="HS989" ObjNr="16332" Aktuell="1"/>
  <Zuordangobj ZuordNr="2683" AngNr="EI937" ObjNr="16283" Aktuell="1"/>
  <Zuordangobj ZuordNr="2684" AngNr="EI938" ObjNr="16330" Aktuell="1"/>
  <Zuordangobj ZuordNr="2685" AngNr="EI936" ObjNr="16333" Aktuell="1"/>
  <Zuordangobj ZuordNr="2686" AngNr="HS990" ObjNr="16334" Aktuell="1"/>
  <Zuordangobj ZuordNr="2687" AngNr="EI939" ObjNr="16336" Aktuell="1"/>
  <Zuordangobj ZuordNr="2688" AngNr="EI940" ObjNr="16335" Aktuell="1"/>
  <Zuordangobj ZuordNr="2689" AngNr="RH414" ObjNr="16339" Aktuell="1"/>
  <Zuordangobj ZuordNr="2690" AngNr="EI943" ObjNr="4715" Aktuell="1"/>
  <Zuordangobj ZuordNr="2691" AngNr="EI944" ObjNr="1434" Aktuell="1"/>
  <Zuordangobj ZuordNr="2692" AngNr="EI941" ObjNr="16294" Aktuell="1"/>
  <Zuordangobj ZuordNr="2693" AngNr="EI942" ObjNr="16341" Aktuell="1"/>
  <Zuordangobj ZuordNr="2694" AngNr="EI945" ObjNr="16239" Aktuell="1"/>
  <Zuordangobj ZuordNr="2695" AngNr="EI946" ObjNr="16345" Aktuell="1"/>
  <Zuordangobj ZuordNr="2696" AngNr="EI947" ObjNr="16346" Aktuell="1"/>
  <Zuordangobj ZuordNr="2697" AngNr="EI948" ObjNr="16347" Aktuell="1"/>
  <Zuordangobj ZuordNr="2698" AngNr="EI949" ObjNr="16348" Aktuell="1"/>
  <Zuordangobj ZuordNr="2699" AngNr="EI950" ObjNr="16349" Aktuell="1"/>
  <Zuordangobj ZuordNr="2700" AngNr="EI951" ObjNr="16350" Aktuell="0"/>
  <Zuordangobj ZuordNr="2701" AngNr="HS991" ObjNr="16342" Aktuell="1"/>
  <Zuordangobj ZuordNr="2702" AngNr="HS992" ObjNr="16343" Aktuell="1"/>
  <Zuordangobj ZuordNr="2703" AngNr="HS993" ObjNr="16377" Aktuell="1"/>
  <Zuordangobj ZuordNr="2704" AngNr="EI952" ObjNr="16378" Aktuell="1"/>
  <Zuordangobj ZuordNr="2705" AngNr="EI953" ObjNr="16379" Aktuell="1"/>
  <Zuordangobj ZuordNr="2706" AngNr="EI954" ObjNr="16379" Aktuell="1"/>
  <Zuordangobj ZuordNr="2707" AngNr="EI955" ObjNr="16379" Aktuell="1"/>
  <Zuordangobj ZuordNr="2708" AngNr="EI956" ObjNr="16379" Aktuell="1"/>
  <Zuordangobj ZuordNr="2709" AngNr="EI957" ObjNr="16379" Aktuell="1"/>
  <Zuordangobj ZuordNr="2710" AngNr="EI958" ObjNr="16380" Aktuell="0"/>
  <Zuordangobj ZuordNr="2711" AngNr="HS994" ObjNr="16381" Aktuell="1"/>
  <Zuordangobj ZuordNr="2712" AngNr="RH415" ObjNr="16382" Aktuell="1"/>
  <Zuordangobj ZuordNr="2713" AngNr="RH416" ObjNr="2687" Aktuell="1"/>
  <Zuordangobj ZuordNr="2714" AngNr="RH417" ObjNr="13963" Aktuell="1"/>
  <Zuordangobj ZuordNr="2715" AngNr="RH418" ObjNr="16385" Aktuell="1"/>
  <Zuordangobj ZuordNr="2716" AngNr="RH419" ObjNr="16386" Aktuell="1"/>
  <Zuordangobj ZuordNr="2717" AngNr="HS995" ObjNr="16383" Aktuell="1"/>
  <Zuordangobj ZuordNr="2718" AngNr="RH420" ObjNr="16388" Aktuell="1"/>
  <Zuordangobj ZuordNr="2719" AngNr="EI959" ObjNr="3853" Aktuell="1"/>
  <Zuordangobj ZuordNr="2720" AngNr="HS996" ObjNr="16389" Aktuell="1"/>
  <Zuordangobj ZuordNr="2721" AngNr="EI960" ObjNr="16390" Aktuell="1"/>
  <Zuordangobj ZuordNr="2722" AngNr="EI961" ObjNr="16350" Aktuell="1"/>
  <Zuordangobj ZuordNr="2723" AngNr="RH421" ObjNr="16391" Aktuell="0"/>
  <Zuordangobj ZuordNr="2724" AngNr="EI962" ObjNr="14464" Aktuell="1"/>
  <Zuordangobj ZuordNr="2725" AngNr="EI963" ObjNr="16392" Aktuell="1"/>
  <Zuordangobj ZuordNr="2726" AngNr="EI964" ObjNr="16392" Aktuell="1"/>
  <Zuordangobj ZuordNr="2727" AngNr="EI965" ObjNr="16393" Aktuell="1"/>
  <Zuordangobj ZuordNr="2728" AngNr="EI966" ObjNr="16396" Aktuell="1"/>
  <Zuordangobj ZuordNr="2729" AngNr="HS997" ObjNr="16181" Aktuell="1"/>
  <Zuordangobj ZuordNr="2730" AngNr="EI967" ObjNr="908" Aktuell="1"/>
  <Zuordangobj ZuordNr="2731" AngNr="EI968" ObjNr="16398" Aktuell="1"/>
  <Zuordangobj ZuordNr="2732" AngNr="HS998" ObjNr="16344" Aktuell="1"/>
  <Zuordangobj ZuordNr="2733" AngNr="HS999" ObjNr="16397" Aktuell="1"/>
  <Zuordangobj ZuordNr="2734" AngNr="EI969" ObjNr="14229" Aktuell="1"/>
  <Zuordangobj ZuordNr="2735" AngNr="RH422" ObjNr="16399" Aktuell="1"/>
  <Zuordangobj ZuordNr="2736" AngNr="EI971" ObjNr="16400" Aktuell="1"/>
  <Zuordangobj ZuordNr="2737" AngNr="EI972" ObjNr="16401" Aktuell="1"/>
  <Zuordangobj ZuordNr="2738" AngNr="EI970" ObjNr="1849" Aktuell="1"/>
  <Zuordangobj ZuordNr="2739" AngNr="HS1002" ObjNr="16395" Aktuell="1"/>
  <Zuordangobj ZuordNr="2740" AngNr="HS1001" ObjNr="16394" Aktuell="1"/>
  <Zuordangobj ZuordNr="2741" AngNr="HS1000" ObjNr="16403" Aktuell="1"/>
  <Zuordangobj ZuordNr="2742" AngNr="EI973" ObjNr="16404" Aktuell="1"/>
  <Zuordangobj ZuordNr="2743" AngNr="EI974" ObjNr="4210" Aktuell="1"/>
  <Zuordangobj ZuordNr="2744" AngNr="EI975" ObjNr="1379" Aktuell="1"/>
  <Zuordangobj ZuordNr="2745" AngNr="EI976" ObjNr="16405" Aktuell="1"/>
  <Zuordangobj ZuordNr="2746" AngNr="RH423" ObjNr="16406" Aktuell="1"/>
  <Zuordangobj ZuordNr="2747" AngNr="EI977" ObjNr="16407" Aktuell="1"/>
  <Zuordangobj ZuordNr="2748" AngNr="EI978" ObjNr="3223" Aktuell="1"/>
  <Zuordangobj ZuordNr="2749" AngNr="EI979" ObjNr="16408" Aktuell="1"/>
  <Zuordangobj ZuordNr="2750" AngNr="EI980" ObjNr="16409" Aktuell="1"/>
  <Zuordangobj ZuordNr="2751" AngNr="RH424" ObjNr="16410" Aktuell="1"/>
  <Zuordangobj ZuordNr="2752" AngNr="EI958" ObjNr="14955" Aktuell="1"/>
  <Zuordangobj ZuordNr="2753" AngNr="EI981" ObjNr="16411" Aktuell="1"/>
  <Zuordangobj ZuordNr="2754" AngNr="EI982" ObjNr="16412" Aktuell="1"/>
  <Zuordangobj ZuordNr="2755" AngNr="RH425" ObjNr="14731" Aktuell="1"/>
  <Zuordangobj ZuordNr="2756" AngNr="EI983" ObjNr="16413" Aktuell="1"/>
  <Zuordangobj ZuordNr="2757" AngNr="RH426" ObjNr="2635" Aktuell="1"/>
  <Zuordangobj ZuordNr="2758" AngNr="RH426" ObjNr="16263" Aktuell="1"/>
  <Zuordangobj ZuordNr="2759" AngNr="RH427" ObjNr="13245" Aktuell="1"/>
  <Zuordangobj ZuordNr="2760" AngNr="RH428" ObjNr="2638" Aktuell="1"/>
  <Zuordangobj ZuordNr="2761" AngNr="EI984" ObjNr="12485" Aktuell="1"/>
  <Zuordangobj ZuordNr="2762" AngNr="EI985" ObjNr="16415" Aktuell="1"/>
  <Zuordangobj ZuordNr="2763" AngNr="EI986" ObjNr="16416" Aktuell="1"/>
  <Zuordangobj ZuordNr="2764" AngNr="HS1003" ObjNr="16417" Aktuell="1"/>
  <Zuordangobj ZuordNr="2765" AngNr="HS1004" ObjNr="16419" Aktuell="1"/>
  <Zuordangobj ZuordNr="2766" AngNr="HS1005" ObjNr="16414" Aktuell="1"/>
  <Zuordangobj ZuordNr="2767" AngNr="EI987" ObjNr="14799" Aktuell="1"/>
  <Zuordangobj ZuordNr="2768" AngNr="HS1006" ObjNr="16420" Aktuell="1"/>
  <Zuordangobj ZuordNr="2769" AngNr="HS1006" ObjNr="16421" Aktuell="1"/>
  <Zuordangobj ZuordNr="2770" AngNr="RH421" ObjNr="14208" Aktuell="1"/>
  <Zuordangobj ZuordNr="2771" AngNr="VH011" ObjNr="1609" Aktuell="0"/>
  <Zuordangobj ZuordNr="2772" AngNr="VH011" ObjNr="16422" Aktuell="1"/>
  <Zuordangobj ZuordNr="2773" AngNr="HS1007" ObjNr="16423" Aktuell="1"/>
  <Zuordangobj ZuordNr="2774" AngNr="RH429" ObjNr="9539" Aktuell="1"/>
  <Zuordangobj ZuordNr="2775" AngNr="EI988" ObjNr="16427" Aktuell="1"/>
  <Zuordangobj ZuordNr="2776" AngNr="EI989" ObjNr="16428" Aktuell="1"/>
  <Zuordangobj ZuordNr="2777" AngNr="HS1008" ObjNr="16429" Aktuell="1"/>
  <Zuordangobj ZuordNr="2778" AngNr="EI990" ObjNr="16430" Aktuell="1"/>
  <Zuordangobj ZuordNr="2779" AngNr="RH430" ObjNr="16262" Aktuell="1"/>
  <Zuordangobj ZuordNr="2780" AngNr="HS1009" ObjNr="16433" Aktuell="1"/>
  <Zuordangobj ZuordNr="2781" AngNr="HS1010" ObjNr="16434" Aktuell="1"/>
  <Zuordangobj ZuordNr="2782" AngNr="HS1011" ObjNr="16435" Aktuell="1"/>
  <Zuordangobj ZuordNr="2783" AngNr="HS1012" ObjNr="16436" Aktuell="1"/>
  <Zuordangobj ZuordNr="2784" AngNr="EI991" ObjNr="16438" Aktuell="1"/>
  <Zuordangobj ZuordNr="2785" AngNr="HS1013" ObjNr="16425" Aktuell="1"/>
  <Zuordangobj ZuordNr="2786" AngNr="RH431" ObjNr="540" Aktuell="1"/>
  <Zuordangobj ZuordNr="2787" AngNr="HS1014" ObjNr="16337" Aktuell="1"/>
  <Zuordangobj ZuordNr="2788" AngNr="RH432" ObjNr="16439" Aktuell="1"/>
  <Zuordangobj ZuordNr="2789" AngNr="HS1015" ObjNr="16440" Aktuell="1"/>
  <Zuordangobj ZuordNr="2790" AngNr="EI992" ObjNr="3042" Aktuell="1"/>
  <Zuordangobj ZuordNr="2791" AngNr="EI993" ObjNr="16441" Aktuell="1"/>
  <Zuordangobj ZuordNr="2792" AngNr="EI994" ObjNr="16442" Aktuell="1"/>
  <Zuordangobj ZuordNr="2793" AngNr="EI995" ObjNr="16443" Aktuell="1"/>
  <Zuordangobj ZuordNr="2794" AngNr="EI996" ObjNr="16444" Aktuell="1"/>
  <Zuordangobj ZuordNr="2795" AngNr="EI997" ObjNr="16445" Aktuell="1"/>
  <Zuordangobj ZuordNr="2796" AngNr="HS1016" ObjNr="16426" Aktuell="1"/>
  <Zuordangobj ZuordNr="2797" AngNr="EI998" ObjNr="5963" Aktuell="1"/>
  <Zuordangobj ZuordNr="2798" AngNr="EI999" ObjNr="16446" Aktuell="1"/>
  <Zuordangobj ZuordNr="2799" AngNr="EI1000" ObjNr="16447" Aktuell="1"/>
  <Zuordangobj ZuordNr="2800" AngNr="RH433" ObjNr="3089" Aktuell="1"/>
  <Zuordangobj ZuordNr="2801" AngNr="RH433" ObjNr="3090" Aktuell="1"/>
  <Zuordangobj ZuordNr="2802" AngNr="RH433" ObjNr="3091" Aktuell="1"/>
  <Zuordangobj ZuordNr="2803" AngNr="RH433" ObjNr="3092" Aktuell="1"/>
  <Zuordangobj ZuordNr="2804" AngNr="RH433" ObjNr="3093" Aktuell="1"/>
  <Zuordangobj ZuordNr="2805" AngNr="RH433" ObjNr="3094" Aktuell="1"/>
  <Zuordangobj ZuordNr="2806" AngNr="RH433" ObjNr="3096" Aktuell="1"/>
  <Zuordangobj ZuordNr="2807" AngNr="RH433" ObjNr="3097" Aktuell="1"/>
  <Zuordangobj ZuordNr="2808" AngNr="RH433" ObjNr="3098" Aktuell="1"/>
  <Zuordangobj ZuordNr="2809" AngNr="RH433" ObjNr="3099" Aktuell="1"/>
  <Zuordangobj ZuordNr="2810" AngNr="RH433" ObjNr="3100" Aktuell="1"/>
  <Zuordangobj ZuordNr="2811" AngNr="RH433" ObjNr="3101" Aktuell="1"/>
  <Zuordangobj ZuordNr="2812" AngNr="RH433" ObjNr="3102" Aktuell="1"/>
  <Zuordangobj ZuordNr="2813" AngNr="RH433" ObjNr="3103" Aktuell="1"/>
  <Zuordangobj ZuordNr="2814" AngNr="RH433" ObjNr="3104" Aktuell="1"/>
  <Zuordangobj ZuordNr="2815" AngNr="RH433" ObjNr="3105" Aktuell="1"/>
  <Zuordangobj ZuordNr="2816" AngNr="RH433" ObjNr="16448" Aktuell="1"/>
  <Zuordangobj ZuordNr="2817" AngNr="RH433" ObjNr="16449" Aktuell="1"/>
  <Zuordangobj ZuordNr="2818" AngNr="RH433" ObjNr="16450" Aktuell="1"/>
  <Zuordangobj ZuordNr="2819" AngNr="RH433" ObjNr="16451" Aktuell="1"/>
  <Zuordangobj ZuordNr="2820" AngNr="RH433" ObjNr="3095" Aktuell="1"/>
  <Zuordangobj ZuordNr="2821" AngNr="EI1001" ObjNr="16452" Aktuell="1"/>
  <Zuordangobj ZuordNr="2822" AngNr="RH434" ObjNr="583" Aktuell="1"/>
  <Zuordangobj ZuordNr="2823" AngNr="HS1017" ObjNr="16454" Aktuell="1"/>
  <Zuordangobj ZuordNr="2824" AngNr="HS1018" ObjNr="16456" Aktuell="1"/>
  <Zuordangobj ZuordNr="2825" AngNr="EI1002" ObjNr="13207" Aktuell="1"/>
  <Zuordangobj ZuordNr="2826" AngNr="EI1003" ObjNr="16459" Aktuell="1"/>
  <Zuordangobj ZuordNr="2827" AngNr="HS1019" ObjNr="16460" Aktuell="1"/>
  <Zuordangobj ZuordNr="2828" AngNr="HS1020" ObjNr="5263" Aktuell="1"/>
  <Zuordangobj ZuordNr="2829" AngNr="EI1004" ObjNr="16461" Aktuell="1"/>
  <Zuordangobj ZuordNr="2830" AngNr="EI1005" ObjNr="206" Aktuell="1"/>
  <Zuordangobj ZuordNr="2831" AngNr="EI1006" ObjNr="16462" Aktuell="1"/>
  <Zuordangobj ZuordNr="2832" AngNr="RH435" ObjNr="16463" Aktuell="1"/>
  <Zuordangobj ZuordNr="2833" AngNr="RH435" ObjNr="16464" Aktuell="1"/>
  <Zuordangobj ZuordNr="2834" AngNr="EI1007" ObjNr="980" Aktuell="1"/>
  <Zuordangobj ZuordNr="2835" AngNr="EI1008" ObjNr="16465" Aktuell="1"/>
  <Zuordangobj ZuordNr="2836" AngNr="HS1021" ObjNr="16466" Aktuell="1"/>
  <Zuordangobj ZuordNr="2837" AngNr="HS1022" ObjNr="16467" Aktuell="1"/>
  <Zuordangobj ZuordNr="2838" AngNr="HS1023" ObjNr="16298" Aktuell="0"/>
  <Zuordangobj ZuordNr="2839" AngNr="HS1023" ObjNr="16468" Aktuell="1"/>
  <Zuordangobj ZuordNr="2840" AngNr="HS1024" ObjNr="16298" Aktuell="1"/>
  <Zuordangobj ZuordNr="2841" AngNr="EI1009" ObjNr="14800" Aktuell="1"/>
  <Zuordangobj ZuordNr="2842" AngNr="EI1010" ObjNr="16469" Aktuell="1"/>
  <Zuordangobj ZuordNr="2843" AngNr="HS1025" ObjNr="16470" Aktuell="1"/>
  <Zuordangobj ZuordNr="2844" AngNr="HS1025" ObjNr="16471" Aktuell="1"/>
  <Zuordangobj ZuordNr="2845" AngNr="HS1026" ObjNr="16472" Aktuell="1"/>
  <Zuordangobj ZuordNr="2846" AngNr="HS1027" ObjNr="16473" Aktuell="1"/>
  <Zuordangobj ZuordNr="2847" AngNr="EI1011" ObjNr="16475" Aktuell="1"/>
  <Zuordangobj ZuordNr="2848" AngNr="HS1028" ObjNr="16476" Aktuell="1"/>
  <Zuordangobj ZuordNr="2849" AngNr="RH436" ObjNr="9491" Aktuell="1"/>
  <Zuordangobj ZuordNr="2850" AngNr="RH436" ObjNr="9560" Aktuell="1"/>
  <Zuordangobj ZuordNr="2851" AngNr="RH440" ObjNr="16478" Aktuell="1"/>
  <Zuordangobj ZuordNr="2852" AngNr="RH437" ObjNr="16479" Aktuell="1"/>
  <Zuordangobj ZuordNr="2853" AngNr="EI1012" ObjNr="1835" Aktuell="1"/>
  <Zuordangobj ZuordNr="2854" AngNr="RH439" ObjNr="16480" Aktuell="1"/>
  <Zuordangobj ZuordNr="2855" AngNr="RH439" ObjNr="16481" Aktuell="1"/>
  <Zuordangobj ZuordNr="2856" AngNr="HS1029" ObjNr="16482" Aktuell="1"/>
  <Zuordangobj ZuordNr="2857" AngNr="HS1030" ObjNr="16483" Aktuell="1"/>
  <Zuordangobj ZuordNr="2858" AngNr="HS1031" ObjNr="16484" Aktuell="1"/>
  <Zuordangobj ZuordNr="2859" AngNr="RH438" ObjNr="16485" Aktuell="1"/>
  <Zuordangobj ZuordNr="2860" AngNr="HS1032" ObjNr="16477" Aktuell="1"/>
  <Zuordangobj ZuordNr="2861" AngNr="EI1013" ObjNr="16486" Aktuell="1"/>
  <Zuordangobj ZuordNr="2862" AngNr="EI1014" ObjNr="16487" Aktuell="1"/>
  <Zuordangobj ZuordNr="2863" AngNr="EI1015" ObjNr="16488" Aktuell="1"/>
  <Zuordangobj ZuordNr="2864" AngNr="EI1016" ObjNr="1182" Aktuell="1"/>
  <Zuordangobj ZuordNr="2865" AngNr="RH441" ObjNr="13686" Aktuell="0"/>
  <Zuordangobj ZuordNr="2866" AngNr="HS1033" ObjNr="16489" Aktuell="1"/>
  <Zuordangobj ZuordNr="2867" AngNr="HS1034" ObjNr="16490" Aktuell="1"/>
  <Zuordangobj ZuordNr="2868" AngNr="HS1035" ObjNr="16491" Aktuell="1"/>
  <Zuordangobj ZuordNr="2869" AngNr="RH442" ObjNr="336" Aktuell="1"/>
  <Zuordangobj ZuordNr="2870" AngNr="HS1036" ObjNr="16492" Aktuell="1"/>
  <Zuordangobj ZuordNr="2871" AngNr="HS1037" ObjNr="16496" Aktuell="1"/>
  <Zuordangobj ZuordNr="2872" AngNr="EI1017" ObjNr="16497" Aktuell="1"/>
  <Zuordangobj ZuordNr="2873" AngNr="EI1018" ObjNr="16498" Aktuell="1"/>
  <Zuordangobj ZuordNr="2874" AngNr="HS1038" ObjNr="16494" Aktuell="1"/>
  <Zuordangobj ZuordNr="2875" AngNr="HS1039" ObjNr="16500" Aktuell="1"/>
  <Zuordangobj ZuordNr="2876" AngNr="HS1040" ObjNr="16501" Aktuell="1"/>
  <Zuordangobj ZuordNr="2877" AngNr="HS1041" ObjNr="16502" Aktuell="1"/>
  <Zuordangobj ZuordNr="2878" AngNr="EI1019" ObjNr="16503" Aktuell="1"/>
  <Zuordangobj ZuordNr="2879" AngNr="RH443" ObjNr="13326" Aktuell="1"/>
  <Zuordangobj ZuordNr="2880" AngNr="EI1020" ObjNr="16504" Aktuell="1"/>
  <Zuordangobj ZuordNr="2881" AngNr="EI1021" ObjNr="16505" Aktuell="1"/>
  <Zuordangobj ZuordNr="2882" AngNr="EI1022" ObjNr="16506" Aktuell="1"/>
  <Zuordangobj ZuordNr="2883" AngNr="HS1042" ObjNr="16402" Aktuell="1"/>
  <Zuordangobj ZuordNr="2884" AngNr="EI1023" ObjNr="16507" Aktuell="1"/>
  <Zuordangobj ZuordNr="2885" AngNr="EI1024" ObjNr="16508" Aktuell="1"/>
  <Zuordangobj ZuordNr="2886" AngNr="EI1025" ObjNr="16509" Aktuell="1"/>
  <Zuordangobj ZuordNr="2887" AngNr="HS1043" ObjNr="16510" Aktuell="1"/>
  <Zuordangobj ZuordNr="2888" AngNr="HS1044" ObjNr="16511" Aktuell="1"/>
  <Zuordangobj ZuordNr="2889" AngNr="BP1045" ObjNr="16513" Aktuell="1"/>
  <Zuordangobj ZuordNr="2890" AngNr="HS1046" ObjNr="16514" Aktuell="1"/>
  <Zuordangobj ZuordNr="2891" AngNr="RH444" ObjNr="14241" Aktuell="1"/>
  <Zuordangobj ZuordNr="2892" AngNr="HS1047" ObjNr="16519" Aktuell="1"/>
  <Zuordangobj ZuordNr="2893" AngNr="HS1048" ObjNr="16520" Aktuell="1"/>
  <Zuordangobj ZuordNr="2894" AngNr="HS1049" ObjNr="16521" Aktuell="1"/>
  <Zuordangobj ZuordNr="2895" AngNr="EI1026" ObjNr="16523" Aktuell="1"/>
  <Zuordangobj ZuordNr="2896" AngNr="EI1027" ObjNr="16228" Aktuell="1"/>
  <Zuordangobj ZuordNr="2897" AngNr="EI1028" ObjNr="16524" Aktuell="1"/>
  <Zuordangobj ZuordNr="2898" AngNr="EI1029" ObjNr="16525" Aktuell="1"/>
  <Zuordangobj ZuordNr="2899" AngNr="EI1030" ObjNr="16526" Aktuell="1"/>
  <Zuordangobj ZuordNr="2900" AngNr="EI1031" ObjNr="16527" Aktuell="1"/>
  <Zuordangobj ZuordNr="2901" AngNr="EI1032" ObjNr="16528" Aktuell="1"/>
  <Zuordangobj ZuordNr="2902" AngNr="hs1050" ObjNr="16529" Aktuell="1"/>
  <Zuordangobj ZuordNr="2903" AngNr="EI1033" ObjNr="10154" Aktuell="1"/>
  <Zuordangobj ZuordNr="2904" AngNr="HS1051" ObjNr="14575" Aktuell="1"/>
  <Zuordangobj ZuordNr="2905" AngNr="HS1052" ObjNr="16530" Aktuell="1"/>
  <Zuordangobj ZuordNr="2906" AngNr="RH445" ObjNr="2548" Aktuell="1"/>
  <Zuordangobj ZuordNr="2907" AngNr="HS1053" ObjNr="16531" Aktuell="1"/>
  <Zuordangobj ZuordNr="2908" AngNr="EI1036" ObjNr="16532" Aktuell="1"/>
  <Zuordangobj ZuordNr="2909" AngNr="EI1034" ObjNr="16533" Aktuell="0"/>
  <Zuordangobj ZuordNr="2910" AngNr="EI1035" ObjNr="14340" Aktuell="1"/>
  <Zuordangobj ZuordNr="2911" AngNr="EI1038" ObjNr="16534" Aktuell="1"/>
  <Zuordangobj ZuordNr="2912" AngNr="EI1038" ObjNr="16535" Aktuell="0"/>
  <Zuordangobj ZuordNr="2913" AngNr="EI1037" ObjNr="14374" Aktuell="1"/>
  <Zuordangobj ZuordNr="2914" AngNr="EI1039" ObjNr="16536" Aktuell="1"/>
  <Zuordangobj ZuordNr="2915" AngNr="EI1040" ObjNr="16537" Aktuell="1"/>
  <Zuordangobj ZuordNr="2916" AngNr="EI1041" ObjNr="16539" Aktuell="1"/>
  <Zuordangobj ZuordNr="2917" AngNr="RH446" ObjNr="15705" Aktuell="1"/>
  <Zuordangobj ZuordNr="2918" AngNr="EI1043" ObjNr="16540" Aktuell="1"/>
  <Zuordangobj ZuordNr="2919" AngNr="RH447" ObjNr="16541" Aktuell="1"/>
  <Zuordangobj ZuordNr="2920" AngNr="HS1054" ObjNr="16542" Aktuell="1"/>
  <Zuordangobj ZuordNr="2921" AngNr="HS1055" ObjNr="16543" Aktuell="1"/>
  <Zuordangobj ZuordNr="2922" AngNr="EI1044" ObjNr="16545" Aktuell="1"/>
  <Zuordangobj ZuordNr="2923" AngNr="EI1045" ObjNr="16546" Aktuell="1"/>
  <Zuordangobj ZuordNr="2924" AngNr="HS1056" ObjNr="16547" Aktuell="1"/>
  <Zuordangobj ZuordNr="2925" AngNr="EI1047" ObjNr="16548" Aktuell="1"/>
  <Zuordangobj ZuordNr="2926" AngNr="EI1048" ObjNr="16549" Aktuell="1"/>
  <Zuordangobj ZuordNr="2927" AngNr="EI1049" ObjNr="428" Aktuell="1"/>
  <Zuordangobj ZuordNr="2928" AngNr="EI1050" ObjNr="16550" Aktuell="1"/>
  <Zuordangobj ZuordNr="2929" AngNr="EI1051" ObjNr="6171" Aktuell="1"/>
  <Zuordangobj ZuordNr="2930" AngNr="EI1034" ObjNr="16551" Aktuell="1"/>
  <Zuordangobj ZuordNr="2931" AngNr="EI1052" ObjNr="16552" Aktuell="0"/>
  <Zuordangobj ZuordNr="2932" AngNr="EI1053" ObjNr="16553" Aktuell="1"/>
  <Zuordangobj ZuordNr="2933" AngNr="EI1054" ObjNr="3913" Aktuell="1"/>
  <Zuordangobj ZuordNr="2934" AngNr="WO1046" ObjNr="8815" Aktuell="1"/>
  <Zuordangobj ZuordNr="2935" AngNr="WO1042" ObjNr="14553" Aktuell="1"/>
  <Zuordangobj ZuordNr="2936" AngNr="RH448" ObjNr="15207" Aktuell="0"/>
  <Zuordangobj ZuordNr="2938" AngNr="EI1056" ObjNr="16554" Aktuell="1"/>
  <Zuordangobj ZuordNr="2939" AngNr="EI1057" ObjNr="16555" Aktuell="1"/>
  <Zuordangobj ZuordNr="2940" AngNr="EI1058" ObjNr="16556" Aktuell="1"/>
  <Zuordangobj ZuordNr="2941" AngNr="HS1057" ObjNr="16557" Aktuell="1"/>
  <Zuordangobj ZuordNr="2942" AngNr="EI1059" ObjNr="16558" Aktuell="1"/>
  <Zuordangobj ZuordNr="2943" AngNr="EI1060" ObjNr="16559" Aktuell="1"/>
  <Zuordangobj ZuordNr="2944" AngNr="HS1058" ObjNr="16560" Aktuell="1"/>
  <Zuordangobj ZuordNr="2945" AngNr="HS1059" ObjNr="16561" Aktuell="1"/>
  <Zuordangobj ZuordNr="2946" AngNr="HS1060" ObjNr="16562" Aktuell="1"/>
  <Zuordangobj ZuordNr="2948" AngNr="EI1062" ObjNr="16564" Aktuell="1"/>
  <Zuordangobj ZuordNr="2949" AngNr="RH449" ObjNr="13686" Aktuell="0"/>
  <Zuordangobj ZuordNr="2950" AngNr="HS1061" ObjNr="16565" Aktuell="1"/>
  <Zuordangobj ZuordNr="2951" AngNr="HS1062" ObjNr="16566" Aktuell="1"/>
  <Zuordangobj ZuordNr="2952" AngNr="HS1063" ObjNr="16567" Aktuell="1"/>
  <Zuordangobj ZuordNr="2953" AngNr="EI1063" ObjNr="16568" Aktuell="1"/>
  <Zuordangobj ZuordNr="2954" AngNr="HS1064" ObjNr="16570" Aktuell="1"/>
  <Zuordangobj ZuordNr="2955" AngNr="EI1065" ObjNr="16571" Aktuell="1"/>
  <Zuordangobj ZuordNr="2957" AngNr="EI1066" ObjNr="16572" Aktuell="1"/>
  <Zuordangobj ZuordNr="2959" AngNr="EI1064" ObjNr="13205" Aktuell="1"/>
  <Zuordangobj ZuordNr="2960" AngNr="EI1067" ObjNr="16573" Aktuell="1"/>
  <Zuordangobj ZuordNr="2961" AngNr="EI1068" ObjNr="16574" Aktuell="1"/>
  <Zuordangobj ZuordNr="2962" AngNr="EI1070" ObjNr="4202" Aktuell="1"/>
  <Zuordangobj ZuordNr="2963" AngNr="EI1069" ObjNr="2040" Aktuell="1"/>
  <Zuordangobj ZuordNr="2964" AngNr="HS1065" ObjNr="16575" Aktuell="1"/>
  <Zuordangobj ZuordNr="2965" AngNr="EI1072" ObjNr="16576" Aktuell="1"/>
  <Zuordangobj ZuordNr="2966" AngNr="EI1073" ObjNr="16577" Aktuell="1"/>
  <Zuordangobj ZuordNr="2967" AngNr="EI1071" ObjNr="2710" Aktuell="1"/>
  <Zuordangobj ZuordNr="2968" AngNr="EI1074" ObjNr="16578" Aktuell="1"/>
  <Zuordangobj ZuordNr="2969" AngNr="EI1075" ObjNr="16578" Aktuell="1"/>
  <Zuordangobj ZuordNr="2970" AngNr="HS1066" ObjNr="16579" Aktuell="1"/>
  <Zuordangobj ZuordNr="2972" AngNr="EI951" ObjNr="16581" Aktuell="1"/>
  <Zuordangobj ZuordNr="2973" AngNr="EI1076" ObjNr="16583" Aktuell="0"/>
  <Zuordangobj ZuordNr="2974" AngNr="EI1077" ObjNr="16582" Aktuell="1"/>
  <Zuordangobj ZuordNr="2975" AngNr="EI1080" ObjNr="463" Aktuell="1"/>
  <Zuordangobj ZuordNr="2976" AngNr="EI1078" ObjNr="16585" Aktuell="1"/>
  <Zuordangobj ZuordNr="2977" AngNr="EI1079" ObjNr="16583" Aktuell="1"/>
  <Zuordangobj ZuordNr="2978" AngNr="EI1082" ObjNr="16586" Aktuell="1"/>
  <Zuordangobj ZuordNr="2979" AngNr="EI1083" ObjNr="16587" Aktuell="1"/>
  <Zuordangobj ZuordNr="2980" AngNr="HS1067" ObjNr="16588" Aktuell="1"/>
  <Zuordangobj ZuordNr="2981" AngNr="EI1081" ObjNr="16589" Aktuell="1"/>
  <Zuordangobj ZuordNr="2982" AngNr="HS1068" ObjNr="16590" Aktuell="1"/>
  <Zuordangobj ZuordNr="2983" AngNr="EI1084" ObjNr="16591" Aktuell="1"/>
  <Zuordangobj ZuordNr="2984" AngNr="EI1085" ObjNr="1562" Aktuell="1"/>
  <Zuordangobj ZuordNr="2985" AngNr="EI1086" ObjNr="16592" Aktuell="1"/>
  <Zuordangobj ZuordNr="2986" AngNr="EI1076" ObjNr="16593" Aktuell="1"/>
  <Zuordangobj ZuordNr="2987" AngNr="HS1069" ObjNr="16594" Aktuell="1"/>
  <Zuordangobj ZuordNr="2988" AngNr="EI1087" ObjNr="16595" Aktuell="1"/>
  <Zuordangobj ZuordNr="2989" AngNr="HS1070" ObjNr="16596" Aktuell="1"/>
  <Zuordangobj ZuordNr="2990" AngNr="RH450" ObjNr="16597" Aktuell="0"/>
  <Zuordangobj ZuordNr="2991" AngNr="RH450" ObjNr="16584" Aktuell="1"/>
  <Zuordangobj ZuordNr="2992" AngNr="HS1071" ObjNr="16599" Aktuell="1"/>
  <Zuordangobj ZuordNr="2993" AngNr="RH451" ObjNr="16601" Aktuell="1"/>
  <Zuordangobj ZuordNr="2994" AngNr="EI1088" ObjNr="16602" Aktuell="1"/>
  <Zuordangobj ZuordNr="2995" AngNr="EI1089" ObjNr="5421" Aktuell="1"/>
  <Zuordangobj ZuordNr="2996" AngNr="EI1090" ObjNr="16603" Aktuell="1"/>
  <Zuordangobj ZuordNr="2997" AngNr="EI1091" ObjNr="16604" Aktuell="1"/>
  <Zuordangobj ZuordNr="2998" AngNr="EI1092" ObjNr="16605" Aktuell="1"/>
  <Zuordangobj ZuordNr="2999" AngNr="HS1072" ObjNr="16606" Aktuell="1"/>
  <Zuordangobj ZuordNr="3000" AngNr="HS1073" ObjNr="16600" Aktuell="1"/>
  <Zuordangobj ZuordNr="3001" AngNr="EI1093" ObjNr="16607" Aktuell="1"/>
  <Zuordangobj ZuordNr="3002" AngNr="HS1074" ObjNr="16608" Aktuell="1"/>
  <Zuordangobj ZuordNr="3003" AngNr="HS1076" ObjNr="16598" Aktuell="1"/>
  <Zuordangobj ZuordNr="3004" AngNr="EI1094" ObjNr="16613" Aktuell="1"/>
  <Zuordangobj ZuordNr="3005" AngNr="EI1095" ObjNr="16614" Aktuell="1"/>
  <Zuordangobj ZuordNr="3006" AngNr="EI1096" ObjNr="14553" Aktuell="1"/>
  <Zuordangobj ZuordNr="3007" AngNr="HS1075" ObjNr="16609" Aktuell="1"/>
  <Zuordangobj ZuordNr="3008" AngNr="HS1077" ObjNr="16615" Aktuell="1"/>
  <Zuordangobj ZuordNr="3009" AngNr="HS1078" ObjNr="16616" Aktuell="1"/>
  <Zuordangobj ZuordNr="3010" AngNr="EI1097" ObjNr="16618" Aktuell="1"/>
  <Zuordangobj ZuordNr="3011" AngNr="EI1098" ObjNr="16619" Aktuell="1"/>
  <Zuordangobj ZuordNr="3012" AngNr="HS1080" ObjNr="16495" Aktuell="1"/>
  <Zuordangobj ZuordNr="3013" AngNr="EI1099" ObjNr="16620" Aktuell="1"/>
  <Zuordangobj ZuordNr="3015" AngNr="RH452" ObjNr="16621" Aktuell="0"/>
  <Zuordangobj ZuordNr="3016" AngNr="RH452" ObjNr="16622" Aktuell="1"/>
  <Zuordangobj ZuordNr="3017" AngNr="HS1079" ObjNr="16623" Aktuell="1"/>
  <Zuordangobj ZuordNr="3018" AngNr="EI1100" ObjNr="2806" Aktuell="1"/>
  <Zuordangobj ZuordNr="3019" AngNr="RH453" ObjNr="16624" Aktuell="1"/>
  <Zuordangobj ZuordNr="3020" AngNr="RH453" ObjNr="16625" Aktuell="1"/>
  <Zuordangobj ZuordNr="3021" AngNr="RH453" ObjNr="16626" Aktuell="1"/>
  <Zuordangobj ZuordNr="3022" AngNr="RH453" ObjNr="16627" Aktuell="1"/>
  <Zuordangobj ZuordNr="3023" AngNr="EI1101" ObjNr="16630" Aktuell="1"/>
  <Zuordangobj ZuordNr="3024" AngNr="HS1081" ObjNr="16628" Aktuell="1"/>
  <Zuordangobj ZuordNr="3025" AngNr="HS1082" ObjNr="16629" Aktuell="1"/>
  <Zuordangobj ZuordNr="3026" AngNr="EI1102" ObjNr="16631" Aktuell="1"/>
  <Zuordangobj ZuordNr="3027" AngNr="HS1083" ObjNr="16632" Aktuell="1"/>
  <Zuordangobj ZuordNr="3028" AngNr="HS1084" ObjNr="16633" Aktuell="1"/>
  <Zuordangobj ZuordNr="3029" AngNr="HS1085" ObjNr="16634" Aktuell="1"/>
  <Zuordangobj ZuordNr="3030" AngNr="HS1086" ObjNr="16635" Aktuell="1"/>
  <Zuordangobj ZuordNr="3031" AngNr="EI1103" ObjNr="16636" Aktuell="1"/>
  <Zuordangobj ZuordNr="3032" AngNr="EI1104" ObjNr="16637" Aktuell="1"/>
  <Zuordangobj ZuordNr="3033" AngNr="HS1087" ObjNr="16638" Aktuell="1"/>
  <Zuordangobj ZuordNr="3034" AngNr="EI1105" ObjNr="16639" Aktuell="1"/>
  <Zuordangobj ZuordNr="3035" AngNr="EI1106" ObjNr="16640" Aktuell="1"/>
  <Zuordangobj ZuordNr="3036" AngNr="EI1107" ObjNr="16641" Aktuell="1"/>
  <Zuordangobj ZuordNr="3037" AngNr="EI1108" ObjNr="16642" Aktuell="1"/>
  <Zuordangobj ZuordNr="3038" AngNr="EI1109" ObjNr="16643" Aktuell="1"/>
  <Zuordangobj ZuordNr="3039" AngNr="EI1110" ObjNr="16644" Aktuell="1"/>
  <Zuordangobj ZuordNr="3040" AngNr="EI1111" ObjNr="16645" Aktuell="1"/>
  <Zuordangobj ZuordNr="3041" AngNr="EI1112" ObjNr="16646" Aktuell="1"/>
  <Zuordangobj ZuordNr="3042" AngNr="EI1113" ObjNr="16647" Aktuell="1"/>
  <Zuordangobj ZuordNr="3043" AngNr="EI1114" ObjNr="16648" Aktuell="1"/>
  <Zuordangobj ZuordNr="3044" AngNr="EI1115" ObjNr="16649" Aktuell="1"/>
  <Zuordangobj ZuordNr="3045" AngNr="EI1116" ObjNr="16650" Aktuell="1"/>
  <Zuordangobj ZuordNr="3046" AngNr="EI1117" ObjNr="16651" Aktuell="1"/>
  <Zuordangobj ZuordNr="3047" AngNr="EI1118" ObjNr="16652" Aktuell="1"/>
  <Zuordangobj ZuordNr="3048" AngNr="EI1119" ObjNr="16653" Aktuell="1"/>
  <Zuordangobj ZuordNr="3049" AngNr="EI1120" ObjNr="16654" Aktuell="1"/>
  <Zuordangobj ZuordNr="3050" AngNr="EI1121" ObjNr="16655" Aktuell="1"/>
  <Zuordangobj ZuordNr="3051" AngNr="EI1122" ObjNr="16656" Aktuell="1"/>
  <Zuordangobj ZuordNr="3052" AngNr="EI1123" ObjNr="16657" Aktuell="1"/>
  <Zuordangobj ZuordNr="3053" AngNr="EI1124" ObjNr="16658" Aktuell="1"/>
  <Zuordangobj ZuordNr="3054" AngNr="EI1125" ObjNr="16659" Aktuell="1"/>
  <Zuordangobj ZuordNr="3055" AngNr="EI1126" ObjNr="16660" Aktuell="1"/>
  <Zuordangobj ZuordNr="3056" AngNr="EI1127" ObjNr="16661" Aktuell="1"/>
  <Zuordangobj ZuordNr="3057" AngNr="EI1128" ObjNr="16662" Aktuell="1"/>
  <Zuordangobj ZuordNr="3058" AngNr="EI1129" ObjNr="16663" Aktuell="1"/>
  <Zuordangobj ZuordNr="3059" AngNr="EI1052" ObjNr="16664" Aktuell="1"/>
  <Zuordangobj ZuordNr="3060" AngNr="EI1130" ObjNr="16665" Aktuell="1"/>
  <Zuordangobj ZuordNr="3061" AngNr="EI1131" ObjNr="16666" Aktuell="1"/>
  <Zuordangobj ZuordNr="3062" AngNr="EI1132" ObjNr="16667" Aktuell="1"/>
  <Zuordangobj ZuordNr="3063" AngNr="EI1133" ObjNr="16668" Aktuell="1"/>
  <Zuordangobj ZuordNr="3064" AngNr="EI1134" ObjNr="16669" Aktuell="1"/>
  <Zuordangobj ZuordNr="3065" AngNr="EI1135" ObjNr="16669" Aktuell="1"/>
  <Zuordangobj ZuordNr="3066" AngNr="EI1136" ObjNr="16669" Aktuell="1"/>
  <Zuordangobj ZuordNr="3067" AngNr="EI1137" ObjNr="16670" Aktuell="1"/>
  <Zuordangobj ZuordNr="3068" AngNr="EI1138" ObjNr="16671" Aktuell="1"/>
  <Zuordangobj ZuordNr="3069" AngNr="EI1139" ObjNr="16672" Aktuell="1"/>
  <Zuordangobj ZuordNr="3070" AngNr="EI1140" ObjNr="16673" Aktuell="1"/>
  <Zuordangobj ZuordNr="3071" AngNr="EI1141" ObjNr="16674" Aktuell="1"/>
  <Zuordangobj ZuordNr="3072" AngNr="EI1142" ObjNr="16675" Aktuell="1"/>
  <Zuordangobj ZuordNr="3073" AngNr="RH454" ObjNr="10168" Aktuell="1"/>
  <Zuordangobj ZuordNr="3074" AngNr="HS1088" ObjNr="16676" Aktuell="1"/>
  <Zuordangobj ZuordNr="3075" AngNr="HS1089" ObjNr="16677" Aktuell="1"/>
  <Zuordangobj ZuordNr="3076" AngNr="HS1090" ObjNr="16678" Aktuell="1"/>
  <Zuordangobj ZuordNr="3077" AngNr="HS1091" ObjNr="16679" Aktuell="1"/>
  <Zuordangobj ZuordNr="3078" AngNr="RH455" ObjNr="16680" Aktuell="0"/>
  <Zuordangobj ZuordNr="3079" AngNr="EI1143" ObjNr="13232" Aktuell="1"/>
  <Zuordangobj ZuordNr="3080" AngNr="EI1144" ObjNr="16681" Aktuell="1"/>
  <Zuordangobj ZuordNr="3081" AngNr="RH455" ObjNr="16682" Aktuell="1"/>
  <Zuordangobj ZuordNr="3082" AngNr="EI1146" ObjNr="16683" Aktuell="1"/>
  <Zuordangobj ZuordNr="3083" AngNr="EI1147" ObjNr="16554" Aktuell="1"/>
  <Zuordangobj ZuordNr="3084" AngNr="EI1145" ObjNr="16684" Aktuell="1"/>
  <Zuordangobj ZuordNr="3085" AngNr="EI1148" ObjNr="16687" Aktuell="1"/>
  <Zuordangobj ZuordNr="3086" AngNr="HS1092" ObjNr="16688" Aktuell="1"/>
  <Zuordangobj ZuordNr="3087" AngNr="EI1149" ObjNr="16689" Aktuell="1"/>
  <Zuordangobj ZuordNr="3088" AngNr="EI1150" ObjNr="16690" Aktuell="0"/>
  <Zuordangobj ZuordNr="3089" AngNr="EI1151" ObjNr="16691" Aktuell="1"/>
  <Zuordangobj ZuordNr="3090" AngNr="EI1152" ObjNr="3739" Aktuell="1"/>
  <Zuordangobj ZuordNr="3091" AngNr="EI1153" ObjNr="16694" Aktuell="1"/>
  <Zuordangobj ZuordNr="3092" AngNr="EI1154" ObjNr="16695" Aktuell="1"/>
  <Zuordangobj ZuordNr="3093" AngNr="HS1093" ObjNr="16696" Aktuell="1"/>
  <Zuordangobj ZuordNr="3094" AngNr="HS1094" ObjNr="16699" Aktuell="1"/>
  <Zuordangobj ZuordNr="3095" AngNr="EI1155" ObjNr="2443" Aktuell="1"/>
  <Zuordangobj ZuordNr="3096" AngNr="EI1156" ObjNr="16700" Aktuell="1"/>
  <Zuordangobj ZuordNr="3097" AngNr="EI1157" ObjNr="14345" Aktuell="1"/>
  <Zuordangobj ZuordNr="3098" AngNr="HS1095" ObjNr="16701" Aktuell="1"/>
  <Zuordangobj ZuordNr="3099" AngNr="HS1096" ObjNr="16703" Aktuell="1"/>
  <Zuordangobj ZuordNr="3100" AngNr="HS1097" ObjNr="16698" Aktuell="1"/>
  <Zuordangobj ZuordNr="3101" AngNr="HS1098" ObjNr="16697" Aktuell="1"/>
  <Zuordangobj ZuordNr="3102" AngNr="EI1150" ObjNr="16706" Aktuell="1"/>
  <Zuordangobj ZuordNr="3103" AngNr="HS1099" ObjNr="16705" Aktuell="1"/>
  <Zuordangobj ZuordNr="3104" AngNr="HS1100" ObjNr="16704" Aktuell="1"/>
  <Zuordangobj ZuordNr="3105" AngNr="EI1158" ObjNr="16707" Aktuell="1"/>
  <Zuordangobj ZuordNr="3106" AngNr="EI1159" ObjNr="16708" Aktuell="1"/>
  <Zuordangobj ZuordNr="3107" AngNr="EI1160" ObjNr="16711" Aktuell="1"/>
  <Zuordangobj ZuordNr="3108" AngNr="EI1161" ObjNr="16712" Aktuell="1"/>
  <Zuordangobj ZuordNr="3109" AngNr="EI1162" ObjNr="16713" Aktuell="1"/>
  <Zuordangobj ZuordNr="3110" AngNr="EI1163" ObjNr="16715" Aktuell="1"/>
  <Zuordangobj ZuordNr="3111" AngNr="HS1101" ObjNr="16717" Aktuell="1"/>
  <Zuordangobj ZuordNr="3112" AngNr="HS1102" ObjNr="16718" Aktuell="1"/>
  <Zuordangobj ZuordNr="3113" AngNr="EI1164" ObjNr="16714" Aktuell="1"/>
  <Zuordangobj ZuordNr="3114" AngNr="EI1165" ObjNr="16719" Aktuell="1"/>
  <Zuordangobj ZuordNr="3115" AngNr="HS1103" ObjNr="16721" Aktuell="1"/>
  <Zuordangobj ZuordNr="3116" AngNr="RH456" ObjNr="16722" Aktuell="1"/>
  <Zuordangobj ZuordNr="3117" AngNr="EI1166" ObjNr="16723" Aktuell="1"/>
  <Zuordangobj ZuordNr="3118" AngNr="EI1167" ObjNr="16724" Aktuell="1"/>
  <Zuordangobj ZuordNr="3119" AngNr="EI1168" ObjNr="14337" Aktuell="1"/>
  <Zuordangobj ZuordNr="3120" AngNr="EI1169" ObjNr="14331" Aktuell="1"/>
  <Zuordangobj ZuordNr="3121" AngNr="EI1170" ObjNr="16726" Aktuell="1"/>
  <Zuordangobj ZuordNr="3122" AngNr="EI1171" ObjNr="16727" Aktuell="1"/>
  <Zuordangobj ZuordNr="3123" AngNr="EI1172" ObjNr="16728" Aktuell="1"/>
  <Zuordangobj ZuordNr="3124" AngNr="EI1173" ObjNr="16729" Aktuell="1"/>
  <Zuordangobj ZuordNr="3125" AngNr="RH457" ObjNr="16493" Aktuell="1"/>
  <Zuordangobj ZuordNr="3126" AngNr="EI1174" ObjNr="16730" Aktuell="1"/>
  <Zuordangobj ZuordNr="3127" AngNr="RH458" ObjNr="16692" Aktuell="1"/>
  <Zuordangobj ZuordNr="3128" AngNr="EI1175" ObjNr="16731" Aktuell="1"/>
  <Zuordangobj ZuordNr="3129" AngNr="EI1176" ObjNr="16732" Aktuell="1"/>
  <Zuordangobj ZuordNr="3130" AngNr="EI1177" ObjNr="16736" Aktuell="1"/>
  <Zuordangobj ZuordNr="3131" AngNr="EI1178" ObjNr="16737" Aktuell="1"/>
  <Zuordangobj ZuordNr="3132" AngNr="HS1104" ObjNr="16739" Aktuell="1"/>
  <Zuordangobj ZuordNr="3133" AngNr="EI1179" ObjNr="16741" Aktuell="1"/>
  <Zuordangobj ZuordNr="3134" AngNr="EI1180" ObjNr="16742" Aktuell="1"/>
  <Zuordangobj ZuordNr="3135" AngNr="EI1181" ObjNr="16743" Aktuell="1"/>
  <Zuordangobj ZuordNr="3136" AngNr="EI1182" ObjNr="16744" Aktuell="1"/>
  <Zuordangobj ZuordNr="3137" AngNr="HS1105" ObjNr="16734" Aktuell="1"/>
  <Zuordangobj ZuordNr="3138" AngNr="EI1183" ObjNr="2293" Aktuell="1"/>
  <Zuordangobj ZuordNr="3139" AngNr="HS1106" ObjNr="16720" Aktuell="1"/>
  <Zuordangobj ZuordNr="3140" AngNr="EI1184" ObjNr="16745" Aktuell="0"/>
  <Zuordangobj ZuordNr="3141" AngNr="HS1107" ObjNr="16747" Aktuell="1"/>
  <Zuordangobj ZuordNr="3142" AngNr="HS1108" ObjNr="16740" Aktuell="1"/>
  <Zuordangobj ZuordNr="3143" AngNr="HS1109" ObjNr="16738" Aktuell="1"/>
  <Zuordangobj ZuordNr="3144" AngNr="HS1110" ObjNr="16748" Aktuell="1"/>
  <Zuordangobj ZuordNr="3145" AngNr="EI1184" ObjNr="16750" Aktuell="1"/>
  <Zuordangobj ZuordNr="3146" AngNr="EI1185" ObjNr="16751" Aktuell="1"/>
  <Zuordangobj ZuordNr="3147" AngNr="EI1186" ObjNr="16752" Aktuell="1"/>
  <Zuordangobj ZuordNr="3148" AngNr="EI1187" ObjNr="16753" Aktuell="1"/>
  <Zuordangobj ZuordNr="3149" AngNr="EI1188" ObjNr="16754" Aktuell="1"/>
  <Zuordangobj ZuordNr="3150" AngNr="EI1189" ObjNr="16755" Aktuell="1"/>
  <Zuordangobj ZuordNr="3151" AngNr="HS1111" ObjNr="16758" Aktuell="1"/>
  <Zuordangobj ZuordNr="3152" AngNr="HS1112" ObjNr="16716" Aktuell="1"/>
  <Zuordangobj ZuordNr="3153" AngNr="HS1113" ObjNr="16756" Aktuell="1"/>
  <Zuordangobj ZuordNr="3154" AngNr="HS1114" ObjNr="16749" Aktuell="1"/>
  <Zuordangobj ZuordNr="3155" AngNr="RH459" ObjNr="3708" Aktuell="1"/>
  <Zuordangobj ZuordNr="3156" AngNr="EI1190" ObjNr="16759" Aktuell="1"/>
  <Zuordangobj ZuordNr="3157" AngNr="EI1191" ObjNr="16760" Aktuell="1"/>
  <Zuordangobj ZuordNr="3158" AngNr="EI1192" ObjNr="2907" Aktuell="1"/>
  <Zuordangobj ZuordNr="3159" AngNr="HS1115" ObjNr="16761" Aktuell="1"/>
  <Zuordangobj ZuordNr="3160" AngNr="HS1116" ObjNr="16762" Aktuell="1"/>
  <Zuordangobj ZuordNr="3161" AngNr="EI1193" ObjNr="16763" Aktuell="1"/>
  <Zuordangobj ZuordNr="3162" AngNr="EI1194" ObjNr="16764" Aktuell="1"/>
  <Zuordangobj ZuordNr="3163" AngNr="HS1117" ObjNr="16746" Aktuell="1"/>
  <Zuordangobj ZuordNr="3164" AngNr="RH460" ObjNr="6257" Aktuell="1"/>
  <Zuordangobj ZuordNr="3165" AngNr="EI1195" ObjNr="16766" Aktuell="1"/>
  <Zuordangobj ZuordNr="3166" AngNr="EI1196" ObjNr="16515" Aktuell="1"/>
  <Zuordangobj ZuordNr="3167" AngNr="EI1197" ObjNr="16767" Aktuell="1"/>
  <Zuordangobj ZuordNr="3168" AngNr="HS1118" ObjNr="16768" Aktuell="1"/>
  <Zuordangobj ZuordNr="3169" AngNr="RH461" ObjNr="16769" Aktuell="1"/>
  <Zuordangobj ZuordNr="3170" AngNr="EI1198" ObjNr="16770" Aktuell="1"/>
  <Zuordangobj ZuordNr="3171" AngNr="EI1199" ObjNr="16771" Aktuell="1"/>
  <Zuordangobj ZuordNr="3172" AngNr="EI1200" ObjNr="16772" Aktuell="1"/>
  <Zuordangobj ZuordNr="3173" AngNr="EI1201" ObjNr="16773" Aktuell="1"/>
  <Zuordangobj ZuordNr="3174" AngNr="RH462" ObjNr="16774" Aktuell="1"/>
  <Zuordangobj ZuordNr="3175" AngNr="HS1119" ObjNr="16775" Aktuell="1"/>
  <Zuordangobj ZuordNr="3176" AngNr="EI1202" ObjNr="1744" Aktuell="1"/>
  <Zuordangobj ZuordNr="3177" AngNr="EI1204" ObjNr="16782" Aktuell="1"/>
  <Zuordangobj ZuordNr="3178" AngNr="EI1203" ObjNr="16784" Aktuell="1"/>
  <Zuordangobj ZuordNr="3179" AngNr="EI1205" ObjNr="16785" Aktuell="1"/>
  <Zuordangobj ZuordNr="3180" AngNr="EI1206" ObjNr="16517" Aktuell="1"/>
  <Zuordangobj ZuordNr="3181" AngNr="HS1120" ObjNr="16780" Aktuell="1"/>
  <Zuordangobj ZuordNr="3182" AngNr="HS1121" ObjNr="16776" Aktuell="1"/>
  <Zuordangobj ZuordNr="3183" AngNr="EI1207" ObjNr="16786" Aktuell="1"/>
  <Zuordangobj ZuordNr="3184" AngNr="EI1208" ObjNr="16787" Aktuell="1"/>
  <Zuordangobj ZuordNr="3185" AngNr="EI1209" ObjNr="16788" Aktuell="1"/>
  <Zuordangobj ZuordNr="3186" AngNr="EI1210" ObjNr="5901" Aktuell="1"/>
  <Zuordangobj ZuordNr="3187" AngNr="HS1122" ObjNr="16789" Aktuell="1"/>
  <Zuordangobj ZuordNr="3188" AngNr="HS1123" ObjNr="16790" Aktuell="1"/>
  <Zuordangobj ZuordNr="3189" AngNr="EI1211" ObjNr="16791" Aktuell="1"/>
  <Zuordangobj ZuordNr="3190" AngNr="EI1212" ObjNr="16792" Aktuell="1"/>
  <Zuordangobj ZuordNr="3191" AngNr="EI1213" ObjNr="3898" Aktuell="1"/>
  <Zuordangobj ZuordNr="3192" AngNr="HS1124" ObjNr="16796" Aktuell="1"/>
  <Zuordangobj ZuordNr="3193" AngNr="EI1214" ObjNr="12966" Aktuell="1"/>
  <Zuordangobj ZuordNr="3194" AngNr="EI1215" ObjNr="16799" Aktuell="1"/>
  <Zuordangobj ZuordNr="3195" AngNr="HS1125" ObjNr="16801" Aktuell="1"/>
  <Zuordangobj ZuordNr="3196" AngNr="HS1126" ObjNr="16800" Aktuell="1"/>
  <Zuordangobj ZuordNr="3197" AngNr="HS1127" ObjNr="16798" Aktuell="1"/>
  <Zuordangobj ZuordNr="3198" AngNr="EI1216" ObjNr="16802" Aktuell="1"/>
  <Zuordangobj ZuordNr="3199" AngNr="HS1128" ObjNr="16778" Aktuell="1"/>
  <Zuordangobj ZuordNr="3200" AngNr="EI1217" ObjNr="16803" Aktuell="1"/>
  <Zuordangobj ZuordNr="3201" AngNr="HS1129" ObjNr="16804" Aktuell="1"/>
  <Zuordangobj ZuordNr="3202" AngNr="RH463" ObjNr="16805" Aktuell="1"/>
  <Zuordangobj ZuordNr="3203" AngNr="EI1218" ObjNr="16806" Aktuell="1"/>
  <Zuordangobj ZuordNr="3204" AngNr="EI1219" ObjNr="16807" Aktuell="1"/>
  <Zuordangobj ZuordNr="3205" AngNr="EI1220" ObjNr="16808" Aktuell="1"/>
  <Zuordangobj ZuordNr="3206" AngNr="EI1221" ObjNr="16809" Aktuell="1"/>
  <Zuordangobj ZuordNr="3207" AngNr="HS1130" ObjNr="16795" Aktuell="1"/>
  <Zuordangobj ZuordNr="3208" AngNr="HS1131" ObjNr="16810" Aktuell="1"/>
  <Zuordangobj ZuordNr="3209" AngNr="HS1132" ObjNr="16811" Aktuell="1"/>
  <Zuordangobj ZuordNr="3210" AngNr="HS1133" ObjNr="16813" Aktuell="1"/>
  <Zuordangobj ZuordNr="3211" AngNr="EI1222" ObjNr="16814" Aktuell="1"/>
  <Zuordangobj ZuordNr="3212" AngNr="EI1223" ObjNr="16816" Aktuell="1"/>
  <Zuordangobj ZuordNr="3213" AngNr="RH464" ObjNr="16817" Aktuell="1"/>
  <Zuordangobj ZuordNr="3214" AngNr="RH465" ObjNr="16818" Aktuell="1"/>
  <Zuordangobj ZuordNr="3215" AngNr="HS1134" ObjNr="1043" Aktuell="1"/>
  <Zuordangobj ZuordNr="3216" AngNr="HS1135" ObjNr="16821" Aktuell="1"/>
  <Zuordangobj ZuordNr="3217" AngNr="HS1136" ObjNr="16797" Aktuell="1"/>
  <Zuordangobj ZuordNr="3218" AngNr="HS1137" ObjNr="16819" Aktuell="1"/>
  <Zuordangobj ZuordNr="3219" AngNr="EI1224" ObjNr="16822" Aktuell="1"/>
  <Zuordangobj ZuordNr="3220" AngNr="EI1225" ObjNr="4194" Aktuell="1"/>
  <Zuordangobj ZuordNr="3221" AngNr="HS1138" ObjNr="16823" Aktuell="1"/>
  <Zuordangobj ZuordNr="3222" AngNr="HS1139" ObjNr="16820" Aktuell="1"/>
  <Zuordangobj ZuordNr="3223" AngNr="EI1226" ObjNr="16824" Aktuell="1"/>
  <Zuordangobj ZuordNr="3225" AngNr="HS1140" ObjNr="16830" Aktuell="1"/>
  <Zuordangobj ZuordNr="3226" AngNr="HS1141" ObjNr="16828" Aktuell="1"/>
  <Zuordangobj ZuordNr="3227" AngNr="HS1142" ObjNr="16831" Aktuell="1"/>
  <Zuordangobj ZuordNr="3228" AngNr="EI1228" ObjNr="16833" Aktuell="1"/>
  <Zuordangobj ZuordNr="3229" AngNr="EI1229" ObjNr="16834" Aktuell="1"/>
  <Zuordangobj ZuordNr="3230" AngNr="EI1231" ObjNr="16835" Aktuell="1"/>
  <Zuordangobj ZuordNr="3231" AngNr="RH466" ObjNr="16836" Aktuell="1"/>
  <Zuordangobj ZuordNr="3232" AngNr="EI1230" ObjNr="13535" Aktuell="1"/>
  <Zuordangobj ZuordNr="3233" AngNr="EI1232" ObjNr="16838" Aktuell="1"/>
  <Zuordangobj ZuordNr="3234" AngNr="EI1233" ObjNr="16839" Aktuell="1"/>
  <Zuordangobj ZuordNr="3235" AngNr="EI1234" ObjNr="985" Aktuell="1"/>
  <Zuordangobj ZuordNr="3236" AngNr="EI1235" ObjNr="16841" Aktuell="1"/>
  <Zuordangobj ZuordNr="3237" AngNr="HS1143" ObjNr="16842" Aktuell="1"/>
  <Zuordangobj ZuordNr="3238" AngNr="EI1236" ObjNr="16843" Aktuell="1"/>
  <Zuordangobj ZuordNr="3239" AngNr="HS1144" ObjNr="16829" Aktuell="1"/>
  <Zuordangobj ZuordNr="3240" AngNr="EI1237" ObjNr="16438" Aktuell="1"/>
  <Zuordangobj ZuordNr="3241" AngNr="EI1238" ObjNr="16844" Aktuell="1"/>
  <Zuordangobj ZuordNr="3242" AngNr="EI1239" ObjNr="16845" Aktuell="1"/>
  <Zuordangobj ZuordNr="3243" AngNr="HS1145" ObjNr="16826" Aktuell="1"/>
  <Zuordangobj ZuordNr="3244" AngNr="HS1146" ObjNr="16846" Aktuell="1"/>
  <Zuordangobj ZuordNr="3245" AngNr="HS1147" ObjNr="16840" Aktuell="1"/>
  <Zuordangobj ZuordNr="3246" AngNr="EI1240" ObjNr="16848" Aktuell="1"/>
  <Zuordangobj ZuordNr="3247" AngNr="EI1241" ObjNr="16849" Aktuell="1"/>
  <Zuordangobj ZuordNr="3248" AngNr="EI1242" ObjNr="16849" Aktuell="1"/>
  <Zuordangobj ZuordNr="3249" AngNr="HS1148" ObjNr="16850" Aktuell="1"/>
  <Zuordangobj ZuordNr="3250" AngNr="HS1149" ObjNr="16851" Aktuell="1"/>
  <Zuordangobj ZuordNr="3251" AngNr="HS1150" ObjNr="16852" Aktuell="1"/>
  <Zuordangobj ZuordNr="3252" AngNr="HS1151" ObjNr="16853" Aktuell="1"/>
  <Zuordangobj ZuordNr="3253" AngNr="HS1152" ObjNr="16854" Aktuell="1"/>
  <Zuordangobj ZuordNr="3254" AngNr="HS1153" ObjNr="16855" Aktuell="1"/>
  <Zuordangobj ZuordNr="3255" AngNr="BP1154" ObjNr="15493" Aktuell="1"/>
  <Zuordangobj ZuordNr="3256" AngNr="HS1155" ObjNr="16856" Aktuell="1"/>
  <Zuordangobj ZuordNr="3257" AngNr="HS1156" ObjNr="16857" Aktuell="1"/>
  <Zuordangobj ZuordNr="3258" AngNr="HS1157" ObjNr="16858" Aktuell="1"/>
  <Zuordangobj ZuordNr="3259" AngNr="HS1158" ObjNr="16859" Aktuell="1"/>
  <Zuordangobj ZuordNr="3260" AngNr="HS1159" ObjNr="16860" Aktuell="1"/>
  <Zuordangobj ZuordNr="3261" AngNr="RH467" ObjNr="16861" Aktuell="1"/>
  <Zuordangobj ZuordNr="3262" AngNr="HS1160" ObjNr="16862" Aktuell="1"/>
  <Zuordangobj ZuordNr="3263" AngNr="EI1243" ObjNr="14851" Aktuell="1"/>
  <Zuordangobj ZuordNr="3264" AngNr="HS1161" ObjNr="16863" Aktuell="1"/>
  <Zuordangobj ZuordNr="3265" AngNr="HS1162" ObjNr="16864" Aktuell="1"/>
  <Zuordangobj ZuordNr="3266" AngNr="HS1163" ObjNr="16865" Aktuell="1"/>
  <Zuordangobj ZuordNr="3267" AngNr="HS1164" ObjNr="16866" Aktuell="1"/>
  <Zuordangobj ZuordNr="3268" AngNr="HS1165" ObjNr="16867" Aktuell="1"/>
  <Zuordangobj ZuordNr="3269" AngNr="RH468" ObjNr="16868" Aktuell="0"/>
  <Zuordangobj ZuordNr="3270" AngNr="EI1244" ObjNr="16869" Aktuell="1"/>
  <Zuordangobj ZuordNr="3271" AngNr="EI1245" ObjNr="16870" Aktuell="1"/>
  <Zuordangobj ZuordNr="3272" AngNr="RH468" ObjNr="16871" Aktuell="1"/>
  <Zuordangobj ZuordNr="3273" AngNr="HS1166" ObjNr="16872" Aktuell="1"/>
  <Zuordangobj ZuordNr="3274" AngNr="EI1246" ObjNr="6208" Aktuell="1"/>
  <Zuordangobj ZuordNr="3275" AngNr="EI1247" ObjNr="16873" Aktuell="1"/>
  <Zuordangobj ZuordNr="3276" AngNr="RH469" ObjNr="11343" Aktuell="1"/>
  <Zuordangobj ZuordNr="3277" AngNr="RH469" ObjNr="11344" Aktuell="1"/>
  <Zuordangobj ZuordNr="3278" AngNr="RH469" ObjNr="11345" Aktuell="1"/>
  <Zuordangobj ZuordNr="3279" AngNr="EI1248" ObjNr="16874" Aktuell="1"/>
  <Zuordangobj ZuordNr="3280" AngNr="EI1249" ObjNr="16875" Aktuell="1"/>
  <Zuordangobj ZuordNr="3281" AngNr="HS1167" ObjNr="16876" Aktuell="1"/>
  <Zuordangobj ZuordNr="3282" AngNr="EI1250" ObjNr="16877" Aktuell="1"/>
  <Zuordangobj ZuordNr="3283" AngNr="EI1251" ObjNr="14698" Aktuell="0"/>
  <Zuordangobj ZuordNr="3284" AngNr="EI1252" ObjNr="16878" Aktuell="1"/>
  <Zuordangobj ZuordNr="3285" AngNr="EI1253" ObjNr="16879" Aktuell="1"/>
  <Zuordangobj ZuordNr="3286" AngNr="EI1251" ObjNr="14795" Aktuell="1"/>
  <Zuordangobj ZuordNr="3287" AngNr="HS1168" ObjNr="16880" Aktuell="1"/>
  <Zuordangobj ZuordNr="3288" AngNr="EI1254" ObjNr="16882" Aktuell="1"/>
  <Zuordangobj ZuordNr="3290" AngNr="EI1256" ObjNr="16884" Aktuell="1"/>
  <Zuordangobj ZuordNr="3291" AngNr="HS1169" ObjNr="16883" Aktuell="1"/>
  <Zuordangobj ZuordNr="3292" AngNr="HS1170" ObjNr="16885" Aktuell="1"/>
  <Zuordangobj ZuordNr="3293" AngNr="EI1257" ObjNr="16886" Aktuell="1"/>
  <Zuordangobj ZuordNr="3294" AngNr="HS1171" ObjNr="16887" Aktuell="1"/>
  <Zuordangobj ZuordNr="3295" AngNr="HS1172" ObjNr="16888" Aktuell="1"/>
  <Zuordangobj ZuordNr="3296" AngNr="RH470" ObjNr="4179" Aktuell="1"/>
  <Zuordangobj ZuordNr="3297" AngNr="HS1173" ObjNr="16889" Aktuell="1"/>
  <Zuordangobj ZuordNr="3298" AngNr="HS1174" ObjNr="16890" Aktuell="1"/>
  <Zuordangobj ZuordNr="3299" AngNr="HS1175" ObjNr="16891" Aktuell="1"/>
  <Zuordangobj ZuordNr="3300" AngNr="HS1176" ObjNr="16892" Aktuell="1"/>
  <Zuordangobj ZuordNr="3301" AngNr="HS1177" ObjNr="16893" Aktuell="1"/>
  <Zuordangobj ZuordNr="3302" AngNr="EI1258" ObjNr="16894" Aktuell="1"/>
  <Zuordangobj ZuordNr="3303" AngNr="EI1259" ObjNr="16895" Aktuell="1"/>
  <Zuordangobj ZuordNr="3304" AngNr="RH471" ObjNr="3753" Aktuell="1"/>
  <Zuordangobj ZuordNr="3305" AngNr="EI1260" ObjNr="16896" Aktuell="1"/>
  <Zuordangobj ZuordNr="3306" AngNr="HS1178" ObjNr="16897" Aktuell="1"/>
  <Zuordangobj ZuordNr="3307" AngNr="EI1261" ObjNr="2805" Aktuell="1"/>
  <Zuordangobj ZuordNr="3308" AngNr="RH472" ObjNr="16898" Aktuell="1"/>
  <Zuordangobj ZuordNr="3309" AngNr="EI1262" ObjNr="16899" Aktuell="1"/>
  <Zuordangobj ZuordNr="3310" AngNr="EI1263" ObjNr="3423" Aktuell="1"/>
  <Zuordangobj ZuordNr="3311" AngNr="RH473" ObjNr="16900" Aktuell="1"/>
  <Zuordangobj ZuordNr="3312" AngNr="RH473" ObjNr="16901" Aktuell="1"/>
  <Zuordangobj ZuordNr="3313" AngNr="EI1264" ObjNr="16902" Aktuell="1"/>
  <Zuordangobj ZuordNr="3314" AngNr="EI1265" ObjNr="16903" Aktuell="1"/>
  <Zuordangobj ZuordNr="3315" AngNr="HS1179" ObjNr="16904" Aktuell="1"/>
  <Zuordangobj ZuordNr="3316" AngNr="HS1180" ObjNr="16905" Aktuell="1"/>
  <Zuordangobj ZuordNr="3317" AngNr="EI1266" ObjNr="3966" Aktuell="1"/>
  <Zuordangobj ZuordNr="3318" AngNr="HS1181" ObjNr="16906" Aktuell="1"/>
  <Zuordangobj ZuordNr="3319" AngNr="HS1182" ObjNr="16907" Aktuell="1"/>
  <Zuordangobj ZuordNr="3320" AngNr="HS1183" ObjNr="16908" Aktuell="1"/>
  <Zuordangobj ZuordNr="3321" AngNr="HS1184" ObjNr="16909" Aktuell="1"/>
  <Zuordangobj ZuordNr="3322" AngNr="HS1185" ObjNr="16910" Aktuell="1"/>
  <Zuordangobj ZuordNr="3323" AngNr="HS1186" ObjNr="16911" Aktuell="1"/>
  <Zuordangobj ZuordNr="3324" AngNr="HS1187" ObjNr="16912" Aktuell="1"/>
  <Zuordangobj ZuordNr="3325" AngNr="RH474" ObjNr="16914" Aktuell="1"/>
  <Zuordangobj ZuordNr="3326" AngNr="EI1267" ObjNr="16767" Aktuell="1"/>
  <Zuordangobj ZuordNr="3327" AngNr="EI1268" ObjNr="16767" Aktuell="1"/>
  <Zuordangobj ZuordNr="3328" AngNr="HS1188" ObjNr="16915" Aktuell="1"/>
  <Zuordangobj ZuordNr="3329" AngNr="HS1189" ObjNr="16916" Aktuell="1"/>
  <Zuordangobj ZuordNr="3330" AngNr="EI1269" ObjNr="8644" Aktuell="1"/>
  <Zuordangobj ZuordNr="3331" AngNr="EI1270" ObjNr="16918" Aktuell="1"/>
  <Zuordangobj ZuordNr="3332" AngNr="HS1190" ObjNr="16919" Aktuell="1"/>
  <Zuordangobj ZuordNr="3333" AngNr="RH475" ObjNr="16921" Aktuell="1"/>
  <Zuordangobj ZuordNr="3334" AngNr="EI1271" ObjNr="16922" Aktuell="1"/>
  <Zuordangobj ZuordNr="3335" AngNr="EI1272" ObjNr="16923" Aktuell="1"/>
  <Zuordangobj ZuordNr="3336" AngNr="EI1273" ObjNr="16924" Aktuell="1"/>
  <Zuordangobj ZuordNr="3337" AngNr="EI1274" ObjNr="16848" Aktuell="1"/>
  <Zuordangobj ZuordNr="3338" AngNr="EI1275" ObjNr="16925" Aktuell="1"/>
  <Zuordangobj ZuordNr="3339" AngNr="EI1276" ObjNr="16926" Aktuell="1"/>
  <Zuordangobj ZuordNr="3340" AngNr="EI1277" ObjNr="16927" Aktuell="1"/>
  <Zuordangobj ZuordNr="3341" AngNr="EI1278" ObjNr="16928" Aktuell="1"/>
  <Zuordangobj ZuordNr="3342" AngNr="HS1191" ObjNr="16929" Aktuell="1"/>
  <Zuordangobj ZuordNr="3343" AngNr="HS1192" ObjNr="16930" Aktuell="1"/>
  <Zuordangobj ZuordNr="3344" AngNr="EI1279" ObjNr="4787" Aktuell="1"/>
  <Zuordangobj ZuordNr="3345" AngNr="HS1193" ObjNr="16931" Aktuell="1"/>
  <Zuordangobj ZuordNr="3346" AngNr="HS1194" ObjNr="16932" Aktuell="1"/>
  <Zuordangobj ZuordNr="3347" AngNr="RH476" ObjNr="16933" Aktuell="1"/>
  <Zuordangobj ZuordNr="3348" AngNr="RH477" ObjNr="16934" Aktuell="1"/>
  <Zuordangobj ZuordNr="3349" AngNr="HS1195" ObjNr="16935" Aktuell="1"/>
  <Zuordangobj ZuordNr="3350" AngNr="EI1280" ObjNr="16936" Aktuell="1"/>
  <Zuordangobj ZuordNr="3351" AngNr="HS1196" ObjNr="16937" Aktuell="1"/>
  <Zuordangobj ZuordNr="3352" AngNr="HS1197" ObjNr="16938" Aktuell="1"/>
  <Zuordangobj ZuordNr="3353" AngNr="EI1281" ObjNr="16941" Aktuell="1"/>
  <Zuordangobj ZuordNr="3354" AngNr="HS1198" ObjNr="16942" Aktuell="1"/>
  <Zuordangobj ZuordNr="3355" AngNr="EI1282" ObjNr="10179" Aktuell="1"/>
  <Zuordangobj ZuordNr="3356" AngNr="HS1199" ObjNr="16943" Aktuell="1"/>
  <Zuordangobj ZuordNr="3357" AngNr="HS1200" ObjNr="16944" Aktuell="1"/>
  <Zuordangobj ZuordNr="3358" AngNr="EI1283" ObjNr="16945" Aktuell="1"/>
  <Zuordangobj ZuordNr="3359" AngNr="HS1201" ObjNr="16946" Aktuell="1"/>
  <Zuordangobj ZuordNr="3360" AngNr="RH478" ObjNr="16940" Aktuell="1"/>
  <Zuordangobj ZuordNr="3361" AngNr="EI1284" ObjNr="16947" Aktuell="1"/>
  <Zuordangobj ZuordNr="3362" AngNr="RH479" ObjNr="16948" Aktuell="1"/>
  <Zuordangobj ZuordNr="3363" AngNr="RH480" ObjNr="16939" Aktuell="1"/>
  <Zuordangobj ZuordNr="3364" AngNr="EI1285" ObjNr="16950" Aktuell="1"/>
  <Zuordangobj ZuordNr="3365" AngNr="HS1202" ObjNr="16952" Aktuell="1"/>
  <Zuordangobj ZuordNr="3366" AngNr="HS1203" ObjNr="16953" Aktuell="1"/>
  <Zuordangobj ZuordNr="3367" AngNr="EI1286" ObjNr="2151" Aktuell="1"/>
  <Zuordangobj ZuordNr="3368" AngNr="EI1287" ObjNr="16954" Aktuell="1"/>
  <Zuordangobj ZuordNr="3369" AngNr="EI1288" ObjNr="14253" Aktuell="1"/>
  <Zuordangobj ZuordNr="3370" AngNr="HS1204" ObjNr="16956" Aktuell="0"/>
  <Zuordangobj ZuordNr="3371" AngNr="EI1289" ObjNr="16957" Aktuell="1"/>
  <Zuordangobj ZuordNr="3373" AngNr="EI1291" ObjNr="16958" Aktuell="1"/>
  <Zuordangobj ZuordNr="3374" AngNr="EI1292" ObjNr="16959" Aktuell="1"/>
  <Zuordangobj ZuordNr="3375" AngNr="EI1293" ObjNr="1744" Aktuell="1"/>
  <Zuordangobj ZuordNr="3376" AngNr="EI1294" ObjNr="16962" Aktuell="1"/>
  <Zuordangobj ZuordNr="3377" AngNr="EI1295" ObjNr="1744" Aktuell="1"/>
  <Zuordangobj ZuordNr="3378" AngNr="EI1296" ObjNr="16961" Aktuell="1"/>
  <Zuordangobj ZuordNr="3379" AngNr="RH481" ObjNr="16964" Aktuell="1"/>
  <Zuordangobj ZuordNr="3380" AngNr="RH482" ObjNr="16951" Aktuell="1"/>
  <Zuordangobj ZuordNr="3381" AngNr="EI1305" ObjNr="925" Aktuell="1"/>
  <Zuordangobj ZuordNr="3382" AngNr="EI1303" ObjNr="3491" Aktuell="1"/>
  <Zuordangobj ZuordNr="3383" AngNr="EI1304" ObjNr="16965" Aktuell="1"/>
  <Zuordangobj ZuordNr="3384" AngNr="HS1205" ObjNr="16967" Aktuell="1"/>
  <Zuordangobj ZuordNr="3385" AngNr="EI1306" ObjNr="16968" Aktuell="1"/>
  <Zuordangobj ZuordNr="3386" AngNr="RH483" ObjNr="16969" Aktuell="1"/>
  <Zuordangobj ZuordNr="3387" AngNr="HS1206" ObjNr="16970" Aktuell="1"/>
  <Zuordangobj ZuordNr="3388" AngNr="HS1207" ObjNr="16971" Aktuell="1"/>
  <Zuordangobj ZuordNr="3389" AngNr="EI1308" ObjNr="16972" Aktuell="1"/>
  <Zuordangobj ZuordNr="3390" AngNr="EI1307" ObjNr="2019" Aktuell="1"/>
  <Zuordangobj ZuordNr="3391" AngNr="EI1309" ObjNr="14353" Aktuell="1"/>
  <Zuordangobj ZuordNr="3392" AngNr="EI1310" ObjNr="16973" Aktuell="1"/>
  <Zuordangobj ZuordNr="3393" AngNr="EI1311" ObjNr="16974" Aktuell="1"/>
  <Zuordangobj ZuordNr="3394" AngNr="EI1297" ObjNr="9484" Aktuell="1"/>
  <Zuordangobj ZuordNr="3395" AngNr="HS1208" ObjNr="16975" Aktuell="1"/>
  <Zuordangobj ZuordNr="3396" AngNr="HS1209" ObjNr="16976" Aktuell="1"/>
  <Zuordangobj ZuordNr="3397" AngNr="EI1312" ObjNr="16978" Aktuell="1"/>
  <Zuordangobj ZuordNr="3398" AngNr="EI1313" ObjNr="16979" Aktuell="1"/>
  <Zuordangobj ZuordNr="3399" AngNr="EI1314" ObjNr="16980" Aktuell="1"/>
  <Zuordangobj ZuordNr="3400" AngNr="HS1210" ObjNr="16981" Aktuell="1"/>
  <Zuordangobj ZuordNr="3401" AngNr="HS1211" ObjNr="16982" Aktuell="1"/>
  <Zuordangobj ZuordNr="3402" AngNr="HS1212" ObjNr="16983" Aktuell="1"/>
  <Zuordangobj ZuordNr="3403" AngNr="EI1315" ObjNr="16984" Aktuell="1"/>
  <Zuordangobj ZuordNr="3404" AngNr="EI1316" ObjNr="16985" Aktuell="1"/>
  <Zuordangobj ZuordNr="3405" AngNr="EI1317" ObjNr="3878" Aktuell="1"/>
  <Zuordangobj ZuordNr="3406" AngNr="HS1213" ObjNr="16986" Aktuell="1"/>
  <Zuordangobj ZuordNr="3407" AngNr="RH485" ObjNr="1787" Aktuell="1"/>
  <Zuordangobj ZuordNr="3408" AngNr="RH484" ObjNr="16987" Aktuell="1"/>
  <Zuordangobj ZuordNr="3409" AngNr="EI1318" ObjNr="16988" Aktuell="1"/>
  <Zuordangobj ZuordNr="3410" AngNr="EI1319" ObjNr="16989" Aktuell="1"/>
  <Zuordangobj ZuordNr="3411" AngNr="EI1320" ObjNr="16990" Aktuell="1"/>
  <Zuordangobj ZuordNr="3412" AngNr="HS1214" ObjNr="16991" Aktuell="1"/>
  <Zuordangobj ZuordNr="3413" AngNr="HS1215" ObjNr="16992" Aktuell="1"/>
  <Zuordangobj ZuordNr="3414" AngNr="HS1216" ObjNr="16993" Aktuell="1"/>
  <Zuordangobj ZuordNr="3415" AngNr="EI1298" ObjNr="16994" Aktuell="1"/>
  <Zuordangobj ZuordNr="3416" AngNr="EI1299" ObjNr="16995" Aktuell="1"/>
  <Zuordangobj ZuordNr="3417" AngNr="EI1300" ObjNr="16996" Aktuell="1"/>
  <Zuordangobj ZuordNr="3418" AngNr="EI1301" ObjNr="16997" Aktuell="1"/>
  <Zuordangobj ZuordNr="3419" AngNr="EI1302" ObjNr="16998" Aktuell="1"/>
  <Zuordangobj ZuordNr="3420" AngNr="HS1217" ObjNr="16999" Aktuell="1"/>
  <Zuordangobj ZuordNr="3421" AngNr="EI1321" ObjNr="17000" Aktuell="0"/>
  <Zuordangobj ZuordNr="3422" AngNr="EI1322" ObjNr="17001" Aktuell="0"/>
  <Zuordangobj ZuordNr="3423" AngNr="EI1323" ObjNr="17002" Aktuell="0"/>
  <Zuordangobj ZuordNr="3424" AngNr="HS1218" ObjNr="17003" Aktuell="1"/>
  <Zuordangobj ZuordNr="3425" AngNr="RH486" ObjNr="17004" Aktuell="1"/>
  <Zuordangobj ZuordNr="3426" AngNr="RH487" ObjNr="17005" Aktuell="1"/>
  <Zuordangobj ZuordNr="3427" AngNr="EI1324" ObjNr="6163" Aktuell="1"/>
  <Zuordangobj ZuordNr="3428" AngNr="EI1325" ObjNr="17006" Aktuell="1"/>
  <Zuordangobj ZuordNr="3429" AngNr="EI1326" ObjNr="17007" Aktuell="1"/>
  <Zuordangobj ZuordNr="3430" AngNr="HS1219" ObjNr="17008" Aktuell="1"/>
  <Zuordangobj ZuordNr="3431" AngNr="RH488" ObjNr="17009" Aktuell="1"/>
  <Zuordangobj ZuordNr="3432" AngNr="RH488" ObjNr="17010" Aktuell="1"/>
  <Zuordangobj ZuordNr="3433" AngNr="RH489" ObjNr="9117" Aktuell="1"/>
  <Zuordangobj ZuordNr="3434" AngNr="RH489" ObjNr="9118" Aktuell="1"/>
  <Zuordangobj ZuordNr="3435" AngNr="EI1327" ObjNr="17011" Aktuell="1"/>
  <Zuordangobj ZuordNr="3436" AngNr="HS1220" ObjNr="17012" Aktuell="1"/>
  <Zuordangobj ZuordNr="3437" AngNr="HS1221" ObjNr="17013" Aktuell="1"/>
  <Zuordangobj ZuordNr="3438" AngNr="EI1328" ObjNr="17014" Aktuell="1"/>
  <Zuordangobj ZuordNr="3439" AngNr="EI1329" ObjNr="17015" Aktuell="1"/>
  <Zuordangobj ZuordNr="3440" AngNr="EI1330" ObjNr="17016" Aktuell="1"/>
  <Zuordangobj ZuordNr="3441" AngNr="EI1331" ObjNr="17017" Aktuell="1"/>
  <Zuordangobj ZuordNr="3442" AngNr="EI1332" ObjNr="17018" Aktuell="1"/>
  <Zuordangobj ZuordNr="3443" AngNr="HS1222" ObjNr="17019" Aktuell="1"/>
  <Zuordangobj ZuordNr="3444" AngNr="HS1223" ObjNr="17021" Aktuell="1"/>
  <Zuordangobj ZuordNr="3445" AngNr="EI1333" ObjNr="17022" Aktuell="1"/>
  <Zuordangobj ZuordNr="3446" AngNr="EI1334" ObjNr="17023" Aktuell="1"/>
  <Zuordangobj ZuordNr="3447" AngNr="EI1335" ObjNr="17024" Aktuell="1"/>
  <Zuordangobj ZuordNr="3448" AngNr="EI1336" ObjNr="17025" Aktuell="1"/>
  <Zuordangobj ZuordNr="3449" AngNr="EI1337" ObjNr="17026" Aktuell="1"/>
  <Zuordangobj ZuordNr="3450" AngNr="EI1338" ObjNr="17027" Aktuell="1"/>
  <Zuordangobj ZuordNr="3451" AngNr="EI1339" ObjNr="17028" Aktuell="1"/>
  <Zuordangobj ZuordNr="3452" AngNr="EI1340" ObjNr="17029" Aktuell="1"/>
  <Zuordangobj ZuordNr="3453" AngNr="EI1341" ObjNr="17030" Aktuell="1"/>
  <Zuordangobj ZuordNr="3454" AngNr="EI1342" ObjNr="17030" Aktuell="1"/>
  <Zuordangobj ZuordNr="3455" AngNr="EI1343" ObjNr="17031" Aktuell="1"/>
  <Zuordangobj ZuordNr="3456" AngNr="EI1344" ObjNr="17032" Aktuell="1"/>
  <Zuordangobj ZuordNr="3457" AngNr="EI1345" ObjNr="17033" Aktuell="1"/>
  <Zuordangobj ZuordNr="3458" AngNr="EI1346" ObjNr="14816" Aktuell="1"/>
  <Zuordangobj ZuordNr="3459" AngNr="EI1347" ObjNr="17034" Aktuell="1"/>
  <Zuordangobj ZuordNr="3460" AngNr="EI1348" ObjNr="17035" Aktuell="1"/>
  <Zuordangobj ZuordNr="3461" AngNr="EI1349" ObjNr="17036" Aktuell="1"/>
  <Zuordangobj ZuordNr="3462" AngNr="EI1350" ObjNr="17037" Aktuell="1"/>
  <Zuordangobj ZuordNr="3463" AngNr="EI1351" ObjNr="17038" Aktuell="1"/>
  <Zuordangobj ZuordNr="3464" AngNr="EI1352" ObjNr="17040" Aktuell="1"/>
  <Zuordangobj ZuordNr="3465" AngNr="EI1353" ObjNr="17041" Aktuell="1"/>
  <Zuordangobj ZuordNr="3466" AngNr="EI1354" ObjNr="17042" Aktuell="1"/>
  <Zuordangobj ZuordNr="3467" AngNr="EI1355" ObjNr="17043" Aktuell="1"/>
  <Zuordangobj ZuordNr="3468" AngNr="EI1356" ObjNr="17042" Aktuell="1"/>
  <Zuordangobj ZuordNr="3469" AngNr="EI1357" ObjNr="17044" Aktuell="1"/>
  <Zuordangobj ZuordNr="3470" AngNr="EI1358" ObjNr="17045" Aktuell="1"/>
  <Zuordangobj ZuordNr="3471" AngNr="EI1359" ObjNr="17046" Aktuell="1"/>
  <Zuordangobj ZuordNr="3472" AngNr="EI1360" ObjNr="17047" Aktuell="1"/>
  <Zuordangobj ZuordNr="3473" AngNr="EI1361" ObjNr="17047" Aktuell="1"/>
  <Zuordangobj ZuordNr="3474" AngNr="EI1362" ObjNr="17048" Aktuell="1"/>
  <Zuordangobj ZuordNr="3475" AngNr="EI1363" ObjNr="17049" Aktuell="1"/>
  <Zuordangobj ZuordNr="3476" AngNr="EI1364" ObjNr="17050" Aktuell="1"/>
  <Zuordangobj ZuordNr="3477" AngNr="EI1365" ObjNr="17049" Aktuell="1"/>
  <Zuordangobj ZuordNr="3478" AngNr="EI1366" ObjNr="17051" Aktuell="1"/>
  <Zuordangobj ZuordNr="3479" AngNr="EI1367" ObjNr="17052" Aktuell="1"/>
  <Zuordangobj ZuordNr="3480" AngNr="HS1224" ObjNr="17053" Aktuell="1"/>
  <Zuordangobj ZuordNr="3481" AngNr="HS1225" ObjNr="17054" Aktuell="1"/>
  <Zuordangobj ZuordNr="3482" AngNr="HS1226" ObjNr="17055" Aktuell="1"/>
  <Zuordangobj ZuordNr="3483" AngNr="HS1227" ObjNr="17056" Aktuell="1"/>
  <Zuordangobj ZuordNr="3484" AngNr="RH490" ObjNr="17057" Aktuell="1"/>
  <Zuordangobj ZuordNr="3485" AngNr="EI1368" ObjNr="17058" Aktuell="1"/>
  <Zuordangobj ZuordNr="3486" AngNr="EI1369" ObjNr="17059" Aktuell="1"/>
  <Zuordangobj ZuordNr="3487" AngNr="HS1228" ObjNr="17060" Aktuell="1"/>
  <Zuordangobj ZuordNr="3488" AngNr="HS1229" ObjNr="17061" Aktuell="1"/>
  <Zuordangobj ZuordNr="3489" AngNr="HS1230" ObjNr="17062" Aktuell="1"/>
  <Zuordangobj ZuordNr="3490" AngNr="EI1370" ObjNr="17063" Aktuell="1"/>
  <Zuordangobj ZuordNr="3491" AngNr="EI1371" ObjNr="14696" Aktuell="1"/>
  <Zuordangobj ZuordNr="3492" AngNr="EI1372" ObjNr="17064" Aktuell="1"/>
  <Zuordangobj ZuordNr="3493" AngNr="EI1373" ObjNr="17065" Aktuell="1"/>
  <Zuordangobj ZuordNr="3494" AngNr="HS1231" ObjNr="17066" Aktuell="1"/>
  <Zuordangobj ZuordNr="3495" AngNr="HS1232" ObjNr="17067" Aktuell="1"/>
  <Zuordangobj ZuordNr="3496" AngNr="HS1233" ObjNr="17069" Aktuell="1"/>
  <Zuordangobj ZuordNr="3497" AngNr="HS1234" ObjNr="17070" Aktuell="1"/>
  <Zuordangobj ZuordNr="3498" AngNr="HS1204" ObjNr="17071" Aktuell="1"/>
  <Zuordangobj ZuordNr="3499" AngNr="EI1374" ObjNr="3852" Aktuell="1"/>
  <Zuordangobj ZuordNr="3500" AngNr="HS1235" ObjNr="17072" Aktuell="1"/>
  <Zuordangobj ZuordNr="3501" AngNr="HS1236" ObjNr="17073" Aktuell="1"/>
  <Zuordangobj ZuordNr="3502" AngNr="HS1237" ObjNr="16812" Aktuell="1"/>
  <Zuordangobj ZuordNr="3503" AngNr="EI1375" ObjNr="17074" Aktuell="1"/>
  <Zuordangobj ZuordNr="3504" AngNr="EI1376" ObjNr="17075" Aktuell="1"/>
  <Zuordangobj ZuordNr="3505" AngNr="EI1377" ObjNr="17076" Aktuell="1"/>
  <Zuordangobj ZuordNr="3506" AngNr="EI1378" ObjNr="17078" Aktuell="1"/>
  <Zuordangobj ZuordNr="3507" AngNr="EI1379" ObjNr="17079" Aktuell="1"/>
  <Zuordangobj ZuordNr="3508" AngNr="EI1380" ObjNr="14259" Aktuell="1"/>
  <Zuordangobj ZuordNr="3509" AngNr="EI1381" ObjNr="17080" Aktuell="1"/>
  <Zuordangobj ZuordNr="3510" AngNr="EI1382" ObjNr="17081" Aktuell="1"/>
  <Zuordangobj ZuordNr="3511" AngNr="EI1383" ObjNr="17082" Aktuell="1"/>
  <Zuordangobj ZuordNr="3512" AngNr="EI1384" ObjNr="17088" Aktuell="1"/>
  <Zuordangobj ZuordNr="3513" AngNr="EI1385" ObjNr="17090" Aktuell="1"/>
  <Zuordangobj ZuordNr="3514" AngNr="EI1386" ObjNr="17091" Aktuell="1"/>
  <Zuordangobj ZuordNr="3515" AngNr="HS1238" ObjNr="17092" Aktuell="1"/>
  <Zuordangobj ZuordNr="3516" AngNr="HS1239" ObjNr="17093" Aktuell="1"/>
  <Zuordangobj ZuordNr="3517" AngNr="EI1387" ObjNr="17094" Aktuell="1"/>
  <Zuordangobj ZuordNr="3518" AngNr="HS1240" ObjNr="17095" Aktuell="1"/>
  <Zuordangobj ZuordNr="3519" AngNr="HS1241" ObjNr="771" Aktuell="1"/>
  <Zuordangobj ZuordNr="3520" AngNr="EI1388" ObjNr="17097" Aktuell="1"/>
  <Zuordangobj ZuordNr="3521" AngNr="EI1389" ObjNr="4784" Aktuell="1"/>
  <Zuordangobj ZuordNr="3522" AngNr="EI1390" ObjNr="17098" Aktuell="1"/>
  <Zuordangobj ZuordNr="3523" AngNr="HS1242" ObjNr="17100" Aktuell="1"/>
  <Zuordangobj ZuordNr="3525" AngNr="EI1392" ObjNr="17102" Aktuell="1"/>
  <Zuordangobj ZuordNr="3526" AngNr="EI1393" ObjNr="17103" Aktuell="1"/>
  <Zuordangobj ZuordNr="3527" AngNr="EI1394" ObjNr="17104" Aktuell="1"/>
  <Zuordangobj ZuordNr="3528" AngNr="HS1243" ObjNr="17105" Aktuell="1"/>
  <Zuordangobj ZuordNr="3529" AngNr="EI1395" ObjNr="17106" Aktuell="1"/>
  <Zuordangobj ZuordNr="3530" AngNr="EI1396" ObjNr="17107" Aktuell="1"/>
  <Zuordangobj ZuordNr="3531" AngNr="EI1397" ObjNr="1435" Aktuell="1"/>
  <Zuordangobj ZuordNr="3532" AngNr="EI1398" ObjNr="13129" Aktuell="1"/>
  <Zuordangobj ZuordNr="3533" AngNr="EI1399" ObjNr="4785" Aktuell="1"/>
  <Zuordangobj ZuordNr="3534" AngNr="EI1400" ObjNr="17110" Aktuell="1"/>
  <Zuordangobj ZuordNr="3535" AngNr="RH491" ObjNr="17111" Aktuell="1"/>
  <Zuordangobj ZuordNr="3536" AngNr="EI1401" ObjNr="17112" Aktuell="1"/>
  <Zuordangobj ZuordNr="3537" AngNr="HS1244" ObjNr="17113" Aktuell="1"/>
  <Zuordangobj ZuordNr="3538" AngNr="HS1245" ObjNr="17114" Aktuell="1"/>
  <Zuordangobj ZuordNr="3539" AngNr="EI1402" ObjNr="17115" Aktuell="1"/>
  <Zuordangobj ZuordNr="3540" AngNr="RH492" ObjNr="16963" Aktuell="1"/>
  <Zuordangobj ZuordNr="3541" AngNr="EI1403" ObjNr="4210" Aktuell="1"/>
  <Zuordangobj ZuordNr="3542" AngNr="HS1246" ObjNr="17116" Aktuell="1"/>
  <Zuordangobj ZuordNr="3543" AngNr="RH493" ObjNr="17099" Aktuell="1"/>
  <Zuordangobj ZuordNr="3544" AngNr="HS1247" ObjNr="17117" Aktuell="1"/>
  <Zuordangobj ZuordNr="3546" AngNr="EI1405" ObjNr="17119" Aktuell="1"/>
  <Zuordangobj ZuordNr="3547" AngNr="EI1406" ObjNr="17120" Aktuell="1"/>
  <Zuordangobj ZuordNr="3548" AngNr="EI1407" ObjNr="17121" Aktuell="1"/>
  <Zuordangobj ZuordNr="3549" AngNr="EI1408" ObjNr="17122" Aktuell="1"/>
  <Zuordangobj ZuordNr="3550" AngNr="EI1409" ObjNr="17123" Aktuell="1"/>
  <Zuordangobj ZuordNr="3551" AngNr="EI1410" ObjNr="13445" Aktuell="1"/>
  <Zuordangobj ZuordNr="3552" AngNr="EI1411" ObjNr="17124" Aktuell="1"/>
  <Zuordangobj ZuordNr="3553" AngNr="EI1412" ObjNr="17125" Aktuell="1"/>
  <Zuordangobj ZuordNr="3554" AngNr="EI1413" ObjNr="17126" Aktuell="1"/>
  <Zuordangobj ZuordNr="3555" AngNr="EI1414" ObjNr="17127" Aktuell="1"/>
  <Zuordangobj ZuordNr="3556" AngNr="EI1415" ObjNr="17128" Aktuell="1"/>
  <Zuordangobj ZuordNr="3557" AngNr="EI1416" ObjNr="17129" Aktuell="1"/>
  <Zuordangobj ZuordNr="3558" AngNr="EI1417" ObjNr="17130" Aktuell="1"/>
  <Zuordangobj ZuordNr="3559" AngNr="EI1418" ObjNr="17131" Aktuell="1"/>
  <Zuordangobj ZuordNr="3560" AngNr="EI1419" ObjNr="17132" Aktuell="1"/>
  <Zuordangobj ZuordNr="3561" AngNr="EI1420" ObjNr="17133" Aktuell="1"/>
  <Zuordangobj ZuordNr="3562" AngNr="HS1248" ObjNr="17134" Aktuell="1"/>
  <Zuordangobj ZuordNr="3564" AngNr="EI1421" ObjNr="17135" Aktuell="1"/>
  <Zuordangobj ZuordNr="3565" AngNr="EI1422" ObjNr="17136" Aktuell="1"/>
  <Zuordangobj ZuordNr="3566" AngNr="EI1423" ObjNr="17137" Aktuell="1"/>
  <Zuordangobj ZuordNr="3567" AngNr="EI1424" ObjNr="17136" Aktuell="1"/>
  <Zuordangobj ZuordNr="3568" AngNr="EI1425" ObjNr="17138" Aktuell="1"/>
  <Zuordangobj ZuordNr="3569" AngNr="EI1426" ObjNr="17139" Aktuell="1"/>
  <Zuordangobj ZuordNr="3570" AngNr="EI1427" ObjNr="1889" Aktuell="1"/>
  <Zuordangobj ZuordNr="3571" AngNr="RH495" ObjNr="17140" Aktuell="1"/>
  <Zuordangobj ZuordNr="3572" AngNr="RH496" ObjNr="9120" Aktuell="1"/>
  <Zuordangobj ZuordNr="3573" AngNr="HS1249" ObjNr="17141" Aktuell="1"/>
  <Zuordangobj ZuordNr="3574" AngNr="EI1428" ObjNr="17142" Aktuell="1"/>
  <Zuordangobj ZuordNr="3575" AngNr="RH497" ObjNr="3671" Aktuell="1"/>
  <Zuordangobj ZuordNr="3576" AngNr="HS1250" ObjNr="17143" Aktuell="1"/>
  <Zuordangobj ZuordNr="3577" AngNr="EI1429" ObjNr="17144" Aktuell="1"/>
  <Zuordangobj ZuordNr="3578" AngNr="EI1430" ObjNr="17145" Aktuell="1"/>
  <Zuordangobj ZuordNr="3579" AngNr="EI1431" ObjNr="4314" Aktuell="1"/>
  <Zuordangobj ZuordNr="3580" AngNr="HS1251" ObjNr="17146" Aktuell="1"/>
  <Zuordangobj ZuordNr="3581" AngNr="HS1252" ObjNr="17147" Aktuell="1"/>
  <Zuordangobj ZuordNr="3582" AngNr="HS1253" ObjNr="17148" Aktuell="1"/>
  <Zuordangobj ZuordNr="3583" AngNr="EI1432" ObjNr="17149" Aktuell="1"/>
  <Zuordangobj ZuordNr="3584" AngNr="EI1433" ObjNr="12602" Aktuell="1"/>
  <Zuordangobj ZuordNr="3585" AngNr="EI1434" ObjNr="17150" Aktuell="1"/>
  <Zuordangobj ZuordNr="3586" AngNr="EI1435" ObjNr="17152" Aktuell="1"/>
  <Zuordangobj ZuordNr="3587" AngNr="RH498" ObjNr="13000" Aktuell="1"/>
  <Zuordangobj ZuordNr="3588" AngNr="HS1254" ObjNr="17153" Aktuell="1"/>
  <Zuordangobj ZuordNr="3589" AngNr="EI1436" ObjNr="17154" Aktuell="1"/>
  <Zuordangobj ZuordNr="3590" AngNr="RH499" ObjNr="3401" Aktuell="1"/>
  <Zuordangobj ZuordNr="3591" AngNr="HS1255" ObjNr="15963" Aktuell="1"/>
  <Zuordangobj ZuordNr="3592" AngNr="EI1437" ObjNr="5839" Aktuell="1"/>
  <Zuordangobj ZuordNr="3593" AngNr="EI1438" ObjNr="3518" Aktuell="1"/>
  <Zuordangobj ZuordNr="3594" AngNr="EI1439" ObjNr="17155" Aktuell="1"/>
  <Zuordangobj ZuordNr="3595" AngNr="HS1256" ObjNr="17156" Aktuell="1"/>
  <Zuordangobj ZuordNr="3596" AngNr="HS1257" ObjNr="17157" Aktuell="1"/>
  <Zuordangobj ZuordNr="3597" AngNr="HS1258" ObjNr="17158" Aktuell="1"/>
  <Zuordangobj ZuordNr="3598" AngNr="EI1440" ObjNr="10186" Aktuell="1"/>
  <Zuordangobj ZuordNr="3599" AngNr="EI1441" ObjNr="17159" Aktuell="1"/>
  <Zuordangobj ZuordNr="3600" AngNr="EI1443" ObjNr="17160" Aktuell="1"/>
  <Zuordangobj ZuordNr="3601" AngNr="EI1442" ObjNr="17161" Aktuell="1"/>
  <Zuordangobj ZuordNr="3602" AngNr="HS1259" ObjNr="17162" Aktuell="1"/>
  <Zuordangobj ZuordNr="3603" AngNr="RH500" ObjNr="17163" Aktuell="1"/>
  <Zuordangobj ZuordNr="3604" AngNr="HS1260" ObjNr="17164" Aktuell="1"/>
  <Zuordangobj ZuordNr="3605" AngNr="HS1261" ObjNr="17165" Aktuell="1"/>
  <Zuordangobj ZuordNr="3606" AngNr="RH501" ObjNr="1015" Aktuell="1"/>
  <Zuordangobj ZuordNr="3607" AngNr="EI1444" ObjNr="17166" Aktuell="1"/>
  <Zuordangobj ZuordNr="3608" AngNr="EI1445" ObjNr="17167" Aktuell="1"/>
  <Zuordangobj ZuordNr="3609" AngNr="RH502" ObjNr="17168" Aktuell="1"/>
  <Zuordangobj ZuordNr="3610" AngNr="RH502" ObjNr="17169" Aktuell="1"/>
  <Zuordangobj ZuordNr="3611" AngNr="RH502" ObjNr="17170" Aktuell="1"/>
  <Zuordangobj ZuordNr="3612" AngNr="RH503" ObjNr="17171" Aktuell="1"/>
  <Zuordangobj ZuordNr="3613" AngNr="RH503" ObjNr="17172" Aktuell="1"/>
  <Zuordangobj ZuordNr="3614" AngNr="RH503" ObjNr="17173" Aktuell="1"/>
  <Zuordangobj ZuordNr="3615" AngNr="RH503" ObjNr="17174" Aktuell="1"/>
  <Zuordangobj ZuordNr="3616" AngNr="RH503" ObjNr="17175" Aktuell="1"/>
  <Zuordangobj ZuordNr="3617" AngNr="RH503" ObjNr="17176" Aktuell="1"/>
  <Zuordangobj ZuordNr="3618" AngNr="RH503" ObjNr="17177" Aktuell="1"/>
  <Zuordangobj ZuordNr="3619" AngNr="HS1262" ObjNr="17178" Aktuell="1"/>
  <Zuordangobj ZuordNr="3620" AngNr="EI1446" ObjNr="17179" Aktuell="1"/>
  <Zuordangobj ZuordNr="3621" AngNr="EI1447" ObjNr="17180" Aktuell="1"/>
  <Zuordangobj ZuordNr="3622" AngNr="EI1448" ObjNr="17181" Aktuell="1"/>
  <Zuordangobj ZuordNr="3623" AngNr="EI1449" ObjNr="17036" Aktuell="1"/>
  <Zuordangobj ZuordNr="3624" AngNr="EI1450" ObjNr="17184" Aktuell="1"/>
  <Zuordangobj ZuordNr="3625" AngNr="EI1451" ObjNr="17185" Aktuell="1"/>
  <Zuordangobj ZuordNr="3626" AngNr="EI1452" ObjNr="17186" Aktuell="1"/>
  <Zuordangobj ZuordNr="3627" AngNr="EI1453" ObjNr="17187" Aktuell="1"/>
  <Zuordangobj ZuordNr="3629" AngNr="EI1455" ObjNr="16743" Aktuell="1"/>
  <Zuordangobj ZuordNr="3631" AngNr="EI1456" ObjNr="17190" Aktuell="1"/>
  <Zuordangobj ZuordNr="3632" AngNr="RH504" ObjNr="1612" Aktuell="1"/>
  <Zuordangobj ZuordNr="3633" AngNr="HS1263" ObjNr="17191" Aktuell="1"/>
  <Zuordangobj ZuordNr="3634" AngNr="EI1457" ObjNr="17192" Aktuell="1"/>
  <Zuordangobj ZuordNr="3635" AngNr="EI1458" ObjNr="1228" Aktuell="1"/>
  <Zuordangobj ZuordNr="3636" AngNr="EI1459" ObjNr="13559" Aktuell="1"/>
  <Zuordangobj ZuordNr="3637" AngNr="HS1264" ObjNr="17193" Aktuell="1"/>
  <Zuordangobj ZuordNr="3638" AngNr="EI1460" ObjNr="17194" Aktuell="1"/>
  <Zuordangobj ZuordNr="3639" AngNr="EI1461" ObjNr="1552" Aktuell="1"/>
  <Zuordangobj ZuordNr="3640" AngNr="EI1462" ObjNr="2069" Aktuell="1"/>
  <Zuordangobj ZuordNr="3641" AngNr="EI1463" ObjNr="17195" Aktuell="1"/>
  <Zuordangobj ZuordNr="3642" AngNr="HS1265" ObjNr="17196" Aktuell="1"/>
  <Zuordangobj ZuordNr="3643" AngNr="EI1464" ObjNr="65" Aktuell="1"/>
  <Zuordangobj ZuordNr="3644" AngNr="EI1465" ObjNr="17197" Aktuell="1"/>
  <Zuordangobj ZuordNr="3645" AngNr="EI1466" ObjNr="17198" Aktuell="1"/>
  <Zuordangobj ZuordNr="3646" AngNr="HS1266" ObjNr="17199" Aktuell="1"/>
  <Zuordangobj ZuordNr="3647" AngNr="EI1467" ObjNr="17200" Aktuell="1"/>
  <Zuordangobj ZuordNr="3649" AngNr="EI1469" ObjNr="17201" Aktuell="1"/>
  <Zuordangobj ZuordNr="3650" AngNr="RH505" ObjNr="17202" Aktuell="1"/>
  <Zuordangobj ZuordNr="3651" AngNr="EI1471" ObjNr="17203" Aktuell="1"/>
  <Zuordangobj ZuordNr="3652" AngNr="EI1470" ObjNr="17204" Aktuell="1"/>
  <Zuordangobj ZuordNr="3653" AngNr="EI1472" ObjNr="17206" Aktuell="0"/>
  <Zuordangobj ZuordNr="3654" AngNr="RH506" ObjNr="17207" Aktuell="1"/>
  <Zuordangobj ZuordNr="3655" AngNr="EI1473" ObjNr="17208" Aktuell="1"/>
  <Zuordangobj ZuordNr="3656" AngNr="HS1267" ObjNr="14713" Aktuell="1"/>
  <Zuordangobj ZuordNr="3657" AngNr="HS1268" ObjNr="17209" Aktuell="1"/>
  <Zuordangobj ZuordNr="3658" AngNr="EI1474" ObjNr="17210" Aktuell="1"/>
  <Zuordangobj ZuordNr="3659" AngNr="RH507" ObjNr="17182" Aktuell="1"/>
  <Zuordangobj ZuordNr="3660" AngNr="EI1475" ObjNr="17211" Aktuell="1"/>
  <Zuordangobj ZuordNr="3661" AngNr="RH508" ObjNr="17212" Aktuell="1"/>
  <Zuordangobj ZuordNr="3662" AngNr="EI1477" ObjNr="17214" Aktuell="1"/>
  <Zuordangobj ZuordNr="3663" AngNr="EI1480" ObjNr="17215" Aktuell="1"/>
  <Zuordangobj ZuordNr="3664" AngNr="EI1476" ObjNr="17213" Aktuell="1"/>
  <Zuordangobj ZuordNr="3665" AngNr="EI1478" ObjNr="17217" Aktuell="1"/>
  <Zuordangobj ZuordNr="3666" AngNr="EI1479" ObjNr="17218" Aktuell="1"/>
  <Zuordangobj ZuordNr="3667" AngNr="HS1269" ObjNr="17219" Aktuell="1"/>
  <Zuordangobj ZuordNr="3668" AngNr="HS1270" ObjNr="17220" Aktuell="1"/>
  <Zuordangobj ZuordNr="3669" AngNr="EI1481" ObjNr="17221" Aktuell="1"/>
  <Zuordangobj ZuordNr="3670" AngNr="HS1271" ObjNr="17222" Aktuell="1"/>
  <Zuordangobj ZuordNr="3671" AngNr="HS1272" ObjNr="17223" Aktuell="1"/>
  <Zuordangobj ZuordNr="3673" AngNr="EI1483" ObjNr="17224" Aktuell="1"/>
  <Zuordangobj ZuordNr="3674" AngNr="EI1484" ObjNr="17225" Aktuell="1"/>
  <Zuordangobj ZuordNr="3675" AngNr="HS1273" ObjNr="17226" Aktuell="1"/>
  <Zuordangobj ZuordNr="3676" AngNr="RH509" ObjNr="14214" Aktuell="1"/>
  <Zuordangobj ZuordNr="3677" AngNr="HS1274" ObjNr="17227" Aktuell="0"/>
  <Zuordangobj ZuordNr="3678" AngNr="EI1485" ObjNr="14696" Aktuell="1"/>
  <Zuordangobj ZuordNr="3679" AngNr="EI1486" ObjNr="17228" Aktuell="1"/>
  <Zuordangobj ZuordNr="3680" AngNr="EI1487" ObjNr="17229" Aktuell="1"/>
  <Zuordangobj ZuordNr="3681" AngNr="EI1488" ObjNr="17230" Aktuell="1"/>
  <Zuordangobj ZuordNr="3682" AngNr="HS1275" ObjNr="17231" Aktuell="1"/>
  <Zuordangobj ZuordNr="3683" AngNr="EI1489" ObjNr="17232" Aktuell="1"/>
  <Zuordangobj ZuordNr="3684" AngNr="HS1274" ObjNr="17233" Aktuell="1"/>
  <Zuordangobj ZuordNr="3685" AngNr="RH510" ObjNr="10200" Aktuell="1"/>
  <Zuordangobj ZuordNr="3686" AngNr="HS1276" ObjNr="17234" Aktuell="1"/>
  <Zuordangobj ZuordNr="3687" AngNr="HS1277" ObjNr="17235" Aktuell="1"/>
  <Zuordangobj ZuordNr="3688" AngNr="EI1490" ObjNr="17236" Aktuell="1"/>
  <Zuordangobj ZuordNr="3689" AngNr="RH511" ObjNr="17237" Aktuell="1"/>
  <Zuordangobj ZuordNr="3690" AngNr="EI1491" ObjNr="17238" Aktuell="1"/>
  <Zuordangobj ZuordNr="3691" AngNr="EI1492" ObjNr="17239" Aktuell="1"/>
  <Zuordangobj ZuordNr="3692" AngNr="EI1493" ObjNr="17240" Aktuell="1"/>
  <Zuordangobj ZuordNr="3693" AngNr="EI1494" ObjNr="17242" Aktuell="1"/>
  <Zuordangobj ZuordNr="3694" AngNr="HS1278" ObjNr="17241" Aktuell="1"/>
  <Zuordangobj ZuordNr="3695" AngNr="EI1495" ObjNr="17243" Aktuell="1"/>
  <Zuordangobj ZuordNr="3696" AngNr="EI1496" ObjNr="17244" Aktuell="1"/>
  <Zuordangobj ZuordNr="3697" AngNr="EI1497" ObjNr="17245" Aktuell="1"/>
  <Zuordangobj ZuordNr="3698" AngNr="EI1498" ObjNr="17246" Aktuell="1"/>
  <Zuordangobj ZuordNr="3699" AngNr="EI1499" ObjNr="5990" Aktuell="1"/>
  <Zuordangobj ZuordNr="3700" AngNr="EI1500" ObjNr="12061" Aktuell="1"/>
  <Zuordangobj ZuordNr="3701" AngNr="EI1501" ObjNr="17247" Aktuell="1"/>
  <Zuordangobj ZuordNr="3702" AngNr="EI1503" ObjNr="17248" Aktuell="1"/>
  <Zuordangobj ZuordNr="3703" AngNr="EI1504" ObjNr="17249" Aktuell="1"/>
  <Zuordangobj ZuordNr="3704" AngNr="HS1279" ObjNr="17250" Aktuell="1"/>
  <Zuordangobj ZuordNr="3705" AngNr="EI1502" ObjNr="17251" Aktuell="1"/>
  <Zuordangobj ZuordNr="3706" AngNr="HS1280" ObjNr="17252" Aktuell="1"/>
  <Zuordangobj ZuordNr="3707" AngNr="EI1505" ObjNr="17253" Aktuell="1"/>
  <Zuordangobj ZuordNr="3708" AngNr="HS1281" ObjNr="17254" Aktuell="1"/>
  <Zuordangobj ZuordNr="3709" AngNr="EI1506" ObjNr="17255" Aktuell="1"/>
  <Zuordangobj ZuordNr="3710" AngNr="RH512" ObjNr="11068" Aktuell="1"/>
  <Zuordangobj ZuordNr="3711" AngNr="RH512" ObjNr="11069" Aktuell="1"/>
  <Zuordangobj ZuordNr="3712" AngNr="RH512" ObjNr="11070" Aktuell="1"/>
  <Zuordangobj ZuordNr="3713" AngNr="RH512" ObjNr="11071" Aktuell="1"/>
  <Zuordangobj ZuordNr="3714" AngNr="RH512" ObjNr="11073" Aktuell="1"/>
  <Zuordangobj ZuordNr="3715" AngNr="RH512" ObjNr="11072" Aktuell="1"/>
  <Zuordangobj ZuordNr="3716" AngNr="RH512" ObjNr="11074" Aktuell="1"/>
  <Zuordangobj ZuordNr="3717" AngNr="RH512" ObjNr="11075" Aktuell="1"/>
  <Zuordangobj ZuordNr="3718" AngNr="RH512" ObjNr="11076" Aktuell="1"/>
  <Zuordangobj ZuordNr="3719" AngNr="EI1507" ObjNr="17256" Aktuell="1"/>
  <Zuordangobj ZuordNr="3720" AngNr="EI1508" ObjNr="2752" Aktuell="1"/>
  <Zuordangobj ZuordNr="3721" AngNr="EI1509" ObjNr="17257" Aktuell="1"/>
  <Zuordangobj ZuordNr="3722" AngNr="EI1510" ObjNr="17258" Aktuell="1"/>
  <Zuordangobj ZuordNr="3723" AngNr="EI1511" ObjNr="13200" Aktuell="1"/>
  <Zuordangobj ZuordNr="3724" AngNr="EI1512" ObjNr="17259" Aktuell="1"/>
  <Zuordangobj ZuordNr="3725" AngNr="EI1513" ObjNr="17245" Aktuell="1"/>
  <Zuordangobj ZuordNr="3726" AngNr="EI1514" ObjNr="17260" Aktuell="1"/>
  <Zuordangobj ZuordNr="3727" AngNr="RH513" ObjNr="17261" Aktuell="1"/>
  <Zuordangobj ZuordNr="3728" AngNr="EI1515" ObjNr="17262" Aktuell="1"/>
  <Zuordangobj ZuordNr="3729" AngNr="EI1516" ObjNr="17264" Aktuell="1"/>
  <Zuordangobj ZuordNr="3730" AngNr="HS1282" ObjNr="17265" Aktuell="1"/>
  <Zuordangobj ZuordNr="3731" AngNr="EI1517" ObjNr="17266" Aktuell="1"/>
  <Zuordangobj ZuordNr="3732" AngNr="EI1518" ObjNr="17267" Aktuell="1"/>
  <Zuordangobj ZuordNr="3733" AngNr="EI1519" ObjNr="17268" Aktuell="1"/>
  <Zuordangobj ZuordNr="3734" AngNr="EI1520" ObjNr="17269" Aktuell="1"/>
  <Zuordangobj ZuordNr="3735" AngNr="EI1521" ObjNr="17273" Aktuell="1"/>
  <Zuordangobj ZuordNr="3736" AngNr="EI1522" ObjNr="17274" Aktuell="1"/>
  <Zuordangobj ZuordNr="3737" AngNr="EI1523" ObjNr="4125" Aktuell="1"/>
  <Zuordangobj ZuordNr="3738" AngNr="HS1283" ObjNr="17275" Aktuell="1"/>
  <Zuordangobj ZuordNr="3739" AngNr="RH514" ObjNr="15027" Aktuell="1"/>
  <Zuordangobj ZuordNr="3740" AngNr="HS1284" ObjNr="17276" Aktuell="1"/>
  <Zuordangobj ZuordNr="3741" AngNr="HS1285" ObjNr="17277" Aktuell="1"/>
  <Zuordangobj ZuordNr="3742" AngNr="HS1286" ObjNr="17277" Aktuell="1"/>
  <Zuordangobj ZuordNr="3743" AngNr="HS1287" ObjNr="17278" Aktuell="1"/>
  <Zuordangobj ZuordNr="3744" AngNr="HS1288" ObjNr="17279" Aktuell="1"/>
  <Zuordangobj ZuordNr="3745" AngNr="EI1524" ObjNr="17280" Aktuell="1"/>
  <Zuordangobj ZuordNr="3746" AngNr="EI1525" ObjNr="17281" Aktuell="1"/>
  <Zuordangobj ZuordNr="3747" AngNr="EI1527" ObjNr="17282" Aktuell="1"/>
  <Zuordangobj ZuordNr="3748" AngNr="EI1526" ObjNr="78" Aktuell="1"/>
  <Zuordangobj ZuordNr="3749" AngNr="EI1528" ObjNr="17283" Aktuell="1"/>
  <Zuordangobj ZuordNr="3750" AngNr="HS1289" ObjNr="17284" Aktuell="1"/>
  <Zuordangobj ZuordNr="3751" AngNr="EI1529" ObjNr="17285" Aktuell="1"/>
  <Zuordangobj ZuordNr="3752" AngNr="EI1530" ObjNr="17286" Aktuell="1"/>
  <Zuordangobj ZuordNr="3753" AngNr="EI1531" ObjNr="17287" Aktuell="1"/>
  <Zuordangobj ZuordNr="3754" AngNr="EI1534" ObjNr="17288" Aktuell="1"/>
  <Zuordangobj ZuordNr="3755" AngNr="EI1533" ObjNr="17289" Aktuell="1"/>
  <Zuordangobj ZuordNr="3756" AngNr="EI1532" ObjNr="17290" Aktuell="1"/>
  <Zuordangobj ZuordNr="3757" AngNr="HS1290" ObjNr="17291" Aktuell="1"/>
  <Zuordangobj ZuordNr="3758" AngNr="EI1535" ObjNr="17292" Aktuell="1"/>
  <Zuordangobj ZuordNr="3759" AngNr="HS1291" ObjNr="17294" Aktuell="1"/>
  <Zuordangobj ZuordNr="3760" AngNr="HS1292" ObjNr="17295" Aktuell="1"/>
  <Zuordangobj ZuordNr="3761" AngNr="HS1293" ObjNr="17297" Aktuell="1"/>
  <Zuordangobj ZuordNr="3762" AngNr="EI1536" ObjNr="11425" Aktuell="1"/>
  <Zuordangobj ZuordNr="3763" AngNr="EI1537" ObjNr="10169" Aktuell="1"/>
  <Zuordangobj ZuordNr="3764" AngNr="EI1538" ObjNr="14850" Aktuell="1"/>
  <Zuordangobj ZuordNr="3765" AngNr="HS1294" ObjNr="17298" Aktuell="1"/>
  <Zuordangobj ZuordNr="3766" AngNr="EI1539" ObjNr="17299" Aktuell="1"/>
  <Zuordangobj ZuordNr="3767" AngNr="EI1540" ObjNr="17300" Aktuell="1"/>
  <Zuordangobj ZuordNr="3768" AngNr="HS1296" ObjNr="17301" Aktuell="1"/>
  <Zuordangobj ZuordNr="3769" AngNr="HS1295" ObjNr="17302" Aktuell="1"/>
  <Zuordangobj ZuordNr="3770" AngNr="EI1541" ObjNr="17303" Aktuell="1"/>
  <Zuordangobj ZuordNr="3771" AngNr="EI1542" ObjNr="1001" Aktuell="1"/>
  <Zuordangobj ZuordNr="3772" AngNr="EI1543" ObjNr="17304" Aktuell="1"/>
  <Zuordangobj ZuordNr="3773" AngNr="EI1544" ObjNr="17305" Aktuell="1"/>
  <Zuordangobj ZuordNr="3774" AngNr="EI1545" ObjNr="16255" Aktuell="1"/>
  <Zuordangobj ZuordNr="3775" AngNr="EI1546" ObjNr="17307" Aktuell="1"/>
  <Zuordangobj ZuordNr="3776" AngNr="EI1547" ObjNr="17308" Aktuell="1"/>
  <Zuordangobj ZuordNr="3778" AngNr="RH515" ObjNr="14920" Aktuell="1"/>
  <Zuordangobj ZuordNr="3779" AngNr="HS1297" ObjNr="17309" Aktuell="1"/>
  <Zuordangobj ZuordNr="3780" AngNr="HS1298" ObjNr="17310" Aktuell="1"/>
  <Zuordangobj ZuordNr="3781" AngNr="HS1299" ObjNr="17311" Aktuell="1"/>
  <Zuordangobj ZuordNr="3782" AngNr="HS1300" ObjNr="17312" Aktuell="1"/>
  <Zuordangobj ZuordNr="3783" AngNr="EI1549" ObjNr="17313" Aktuell="1"/>
  <Zuordangobj ZuordNr="3784" AngNr="EI1550" ObjNr="17314" Aktuell="1"/>
  <Zuordangobj ZuordNr="3785" AngNr="EI1551" ObjNr="17315" Aktuell="1"/>
  <Zuordangobj ZuordNr="3786" AngNr="HS1301" ObjNr="17316" Aktuell="1"/>
  <Zuordangobj ZuordNr="3787" AngNr="EI1552" ObjNr="17317" Aktuell="1"/>
  <Zuordangobj ZuordNr="3788" AngNr="EI1553" ObjNr="17318" Aktuell="1"/>
  <Zuordangobj ZuordNr="3789" AngNr="EI1554" ObjNr="17319" Aktuell="1"/>
  <Zuordangobj ZuordNr="3790" AngNr="EI1555" ObjNr="17320" Aktuell="1"/>
  <Zuordangobj ZuordNr="3791" AngNr="EI1556" ObjNr="13029" Aktuell="1"/>
  <Zuordangobj ZuordNr="3792" AngNr="HS1302" ObjNr="17321" Aktuell="1"/>
  <Zuordangobj ZuordNr="3793" AngNr="RH516" ObjNr="13231" Aktuell="1"/>
  <Zuordangobj ZuordNr="3794" AngNr="HS1303" ObjNr="17322" Aktuell="1"/>
  <Zuordangobj ZuordNr="3795" AngNr="EI1557" ObjNr="17323" Aktuell="1"/>
  <Zuordangobj ZuordNr="3796" AngNr="HS1304" ObjNr="17324" Aktuell="1"/>
  <Zuordangobj ZuordNr="3797" AngNr="EI1558" ObjNr="17325" Aktuell="1"/>
  <Zuordangobj ZuordNr="3798" AngNr="HS1305" ObjNr="17326" Aktuell="1"/>
  <Zuordangobj ZuordNr="3799" AngNr="EI1559" ObjNr="3702" Aktuell="1"/>
  <Zuordangobj ZuordNr="3800" AngNr="EI1560" ObjNr="17327" Aktuell="1"/>
  <Zuordangobj ZuordNr="3801" AngNr="EI1561" ObjNr="17328" Aktuell="1"/>
  <Zuordangobj ZuordNr="3802" AngNr="EI1562" ObjNr="17329" Aktuell="1"/>
  <Zuordangobj ZuordNr="3803" AngNr="EI1563" ObjNr="17330" Aktuell="1"/>
  <Zuordangobj ZuordNr="3804" AngNr="EI1564" ObjNr="17331" Aktuell="1"/>
  <Zuordangobj ZuordNr="3805" AngNr="HS1306" ObjNr="17332" Aktuell="1"/>
  <Zuordangobj ZuordNr="3806" AngNr="EI1565" ObjNr="17333" Aktuell="1"/>
  <Zuordangobj ZuordNr="3807" AngNr="EI1566" ObjNr="17334" Aktuell="1"/>
  <Zuordangobj ZuordNr="3808" AngNr="HS1307" ObjNr="16765" Aktuell="1"/>
  <Zuordangobj ZuordNr="3809" AngNr="RH517" ObjNr="17140" Aktuell="1"/>
  <Zuordangobj ZuordNr="3810" AngNr="HS1308" ObjNr="17335" Aktuell="1"/>
  <Zuordangobj ZuordNr="3811" AngNr="EI1567" ObjNr="17336" Aktuell="1"/>
  <Zuordangobj ZuordNr="3812" AngNr="HS1309" ObjNr="17337" Aktuell="1"/>
  <Zuordangobj ZuordNr="3813" AngNr="HS1310" ObjNr="17338" Aktuell="1"/>
  <Zuordangobj ZuordNr="3814" AngNr="EI1568" ObjNr="17339" Aktuell="1"/>
  <Zuordangobj ZuordNr="3815" AngNr="EI1569" ObjNr="17340" Aktuell="1"/>
  <Zuordangobj ZuordNr="3816" AngNr="HS1311" ObjNr="17341" Aktuell="1"/>
  <Zuordangobj ZuordNr="3817" AngNr="EI1570" ObjNr="17342" Aktuell="1"/>
  <Zuordangobj ZuordNr="3818" AngNr="HS1312" ObjNr="17343" Aktuell="1"/>
  <Zuordangobj ZuordNr="3819" AngNr="RH518" ObjNr="8690" Aktuell="1"/>
  <Zuordangobj ZuordNr="3820" AngNr="EI1571" ObjNr="17344" Aktuell="1"/>
  <Zuordangobj ZuordNr="3821" AngNr="HS1313" ObjNr="17345" Aktuell="1"/>
  <Zuordangobj ZuordNr="3822" AngNr="HS1314" ObjNr="17346" Aktuell="1"/>
  <Zuordangobj ZuordNr="3823" AngNr="HS1315" ObjNr="17347" Aktuell="1"/>
  <Zuordangobj ZuordNr="3824" AngNr="EI1572" ObjNr="16555" Aktuell="1"/>
  <Zuordangobj ZuordNr="3825" AngNr="HS1316" ObjNr="17348" Aktuell="0"/>
  <Zuordangobj ZuordNr="3826" AngNr="EI1573" ObjNr="1144" Aktuell="1"/>
  <Zuordangobj ZuordNr="3827" AngNr="EI1574" ObjNr="17349" Aktuell="1"/>
  <Zuordangobj ZuordNr="3828" AngNr="HS1317" ObjNr="17350" Aktuell="1"/>
  <Zuordangobj ZuordNr="3829" AngNr="EI1577" ObjNr="17351" Aktuell="1"/>
  <Zuordangobj ZuordNr="3830" AngNr="EI1576" ObjNr="17352" Aktuell="1"/>
  <Zuordangobj ZuordNr="3831" AngNr="EI1575" ObjNr="17353" Aktuell="1"/>
  <Zuordangobj ZuordNr="3832" AngNr="EI1578" ObjNr="17354" Aktuell="1"/>
  <Zuordangobj ZuordNr="3833" AngNr="RH519" ObjNr="17355" Aktuell="1"/>
  <Zuordangobj ZuordNr="3834" AngNr="EI1579" ObjNr="17356" Aktuell="1"/>
  <Zuordangobj ZuordNr="3835" AngNr="EI1580" ObjNr="17357" Aktuell="1"/>
  <Zuordangobj ZuordNr="3836" AngNr="RH520" ObjNr="13996" Aktuell="1"/>
  <Zuordangobj ZuordNr="3837" AngNr="EI1581" ObjNr="17358" Aktuell="1"/>
  <Zuordangobj ZuordNr="3838" AngNr="EI1582" ObjNr="17359" Aktuell="1"/>
  <Zuordangobj ZuordNr="3839" AngNr="EI1583" ObjNr="17360" Aktuell="1"/>
  <Zuordangobj ZuordNr="3840" AngNr="HS1318" ObjNr="17361" Aktuell="1"/>
  <Zuordangobj ZuordNr="3841" AngNr="RH521" ObjNr="17362" Aktuell="1"/>
  <Zuordangobj ZuordNr="3842" AngNr="EI1584" ObjNr="17363" Aktuell="1"/>
  <Zuordangobj ZuordNr="3843" AngNr="EI1585" ObjNr="17364" Aktuell="1"/>
  <Zuordangobj ZuordNr="3844" AngNr="EI1586" ObjNr="17365" Aktuell="1"/>
  <Zuordangobj ZuordNr="3845" AngNr="EI1587" ObjNr="17366" Aktuell="1"/>
  <Zuordangobj ZuordNr="3846" AngNr="EI1588" ObjNr="17367" Aktuell="1"/>
  <Zuordangobj ZuordNr="3847" AngNr="EI1589" ObjNr="17368" Aktuell="1"/>
  <Zuordangobj ZuordNr="3848" AngNr="EI1590" ObjNr="1544" Aktuell="1"/>
  <Zuordangobj ZuordNr="3849" AngNr="HS1319" ObjNr="17369" Aktuell="1"/>
  <Zuordangobj ZuordNr="3850" AngNr="EI1591" ObjNr="17370" Aktuell="1"/>
  <Zuordangobj ZuordNr="3851" AngNr="HS1320" ObjNr="17371" Aktuell="1"/>
  <Zuordangobj ZuordNr="3852" AngNr="HS1321" ObjNr="17372" Aktuell="1"/>
  <Zuordangobj ZuordNr="3853" AngNr="EI1592" ObjNr="17373" Aktuell="1"/>
  <Zuordangobj ZuordNr="3854" AngNr="HS1322" ObjNr="17374" Aktuell="1"/>
  <Zuordangobj ZuordNr="3855" AngNr="EI1593" ObjNr="17375" Aktuell="1"/>
  <Zuordangobj ZuordNr="3856" AngNr="HS1323" ObjNr="17378" Aktuell="1"/>
  <Zuordangobj ZuordNr="3857" AngNr="EI1594" ObjNr="17379" Aktuell="1"/>
  <Zuordangobj ZuordNr="3858" AngNr="EI1595" ObjNr="17380" Aktuell="1"/>
  <Zuordangobj ZuordNr="3859" AngNr="BP1324" ObjNr="17310" Aktuell="1"/>
  <Zuordangobj ZuordNr="3860" AngNr="HS1325" ObjNr="17381" Aktuell="1"/>
  <Zuordangobj ZuordNr="3861" AngNr="HS1326" ObjNr="17382" Aktuell="1"/>
  <Zuordangobj ZuordNr="3862" AngNr="HS1327" ObjNr="17383" Aktuell="1"/>
  <Zuordangobj ZuordNr="3863" AngNr="HS1328" ObjNr="17384" Aktuell="1"/>
  <Zuordangobj ZuordNr="3865" AngNr="HS1329" ObjNr="17385" Aktuell="1"/>
  <Zuordangobj ZuordNr="3866" AngNr="EI1597" ObjNr="17386" Aktuell="1"/>
  <Zuordangobj ZuordNr="3867" AngNr="HS1330" ObjNr="17387" Aktuell="1"/>
  <Zuordangobj ZuordNr="3868" AngNr="EI1598" ObjNr="17388" Aktuell="1"/>
  <Zuordangobj ZuordNr="3869" AngNr="EI1599" ObjNr="15437" Aktuell="1"/>
  <Zuordangobj ZuordNr="3870" AngNr="EI1600" ObjNr="17213" Aktuell="1"/>
  <Zuordangobj ZuordNr="3871" AngNr="RH522" ObjNr="17376" Aktuell="1"/>
  <Zuordangobj ZuordNr="3872" AngNr="EI1601" ObjNr="17389" Aktuell="1"/>
  <Zuordangobj ZuordNr="3873" AngNr="HS1331" ObjNr="17390" Aktuell="1"/>
  <Zuordangobj ZuordNr="3874" AngNr="EI1602" ObjNr="17391" Aktuell="1"/>
  <Zuordangobj ZuordNr="3875" AngNr="HS1332" ObjNr="17392" Aktuell="1"/>
  <Zuordangobj ZuordNr="3876" AngNr="EI1603" ObjNr="16905" Aktuell="1"/>
  <Zuordangobj ZuordNr="3877" AngNr="EI1604" ObjNr="17394" Aktuell="1"/>
  <Zuordangobj ZuordNr="3878" AngNr="EI1605" ObjNr="17395" Aktuell="1"/>
  <Zuordangobj ZuordNr="3879" AngNr="EI1606" ObjNr="17396" Aktuell="1"/>
  <Zuordangobj ZuordNr="3880" AngNr="EI1607" ObjNr="17397" Aktuell="1"/>
  <Zuordangobj ZuordNr="3881" AngNr="EI1608" ObjNr="16990" Aktuell="1"/>
  <Zuordangobj ZuordNr="3882" AngNr="EI1609" ObjNr="3544" Aktuell="1"/>
  <Zuordangobj ZuordNr="3883" AngNr="EI1610" ObjNr="1401" Aktuell="1"/>
  <Zuordangobj ZuordNr="3884" AngNr="HS1333" ObjNr="17398" Aktuell="1"/>
  <Zuordangobj ZuordNr="3885" AngNr="RH523" ObjNr="17293" Aktuell="1"/>
  <Zuordangobj ZuordNr="3886" AngNr="HS1334" ObjNr="17399" Aktuell="1"/>
  <Zuordangobj ZuordNr="3887" AngNr="EI1611" ObjNr="17400" Aktuell="1"/>
  <Zuordangobj ZuordNr="3888" AngNr="HS1335" ObjNr="17401" Aktuell="1"/>
  <Zuordangobj ZuordNr="3889" AngNr="EI1612" ObjNr="17402" Aktuell="1"/>
  <Zuordangobj ZuordNr="3890" AngNr="EI1613" ObjNr="17403" Aktuell="1"/>
  <Zuordangobj ZuordNr="3891" AngNr="EI1614" ObjNr="17404" Aktuell="1"/>
  <Zuordangobj ZuordNr="3892" AngNr="HS1336" ObjNr="17405" Aktuell="1"/>
  <Zuordangobj ZuordNr="3893" AngNr="EI1615" ObjNr="17407" Aktuell="1"/>
  <Zuordangobj ZuordNr="3894" AngNr="HS1337" ObjNr="17409" Aktuell="1"/>
  <Zuordangobj ZuordNr="3895" AngNr="EI1616" ObjNr="17410" Aktuell="1"/>
  <Zuordangobj ZuordNr="3896" AngNr="EI1617" ObjNr="17412" Aktuell="0"/>
  <Zuordangobj ZuordNr="3897" AngNr="EI1617" ObjNr="17415" Aktuell="1"/>
  <Zuordangobj ZuordNr="3898" AngNr="EI1618" ObjNr="17413" Aktuell="1"/>
  <Zuordangobj ZuordNr="3899" AngNr="HS1338" ObjNr="17416" Aktuell="1"/>
  <Zuordangobj ZuordNr="3900" AngNr="EI1620" ObjNr="17417" Aktuell="1"/>
  <Zuordangobj ZuordNr="3901" AngNr="EI1619" ObjNr="17418" Aktuell="1"/>
  <Zuordangobj ZuordNr="3902" AngNr="EI1621" ObjNr="17419" Aktuell="1"/>
  <Zuordangobj ZuordNr="3903" AngNr="EI1622" ObjNr="17420" Aktuell="1"/>
  <Zuordangobj ZuordNr="3904" AngNr="EI1623" ObjNr="17421" Aktuell="1"/>
  <Zuordangobj ZuordNr="3905" AngNr="EI1624" ObjNr="17422" Aktuell="1"/>
  <Zuordangobj ZuordNr="3906" AngNr="HS1339" ObjNr="17423" Aktuell="1"/>
  <Zuordangobj ZuordNr="3907" AngNr="EI1625" ObjNr="17424" Aktuell="1"/>
  <Zuordangobj ZuordNr="3908" AngNr="EI1626" ObjNr="17425" Aktuell="1"/>
  <Zuordangobj ZuordNr="3909" AngNr="EI1627" ObjNr="17427" Aktuell="1"/>
  <Zuordangobj ZuordNr="3910" AngNr="EI1628" ObjNr="17428" Aktuell="1"/>
  <Zuordangobj ZuordNr="3911" AngNr="EI1629" ObjNr="2988" Aktuell="1"/>
  <Zuordangobj ZuordNr="3912" AngNr="EI1630" ObjNr="4247" Aktuell="1"/>
  <Zuordangobj ZuordNr="3913" AngNr="EI1631" ObjNr="17429" Aktuell="1"/>
  <Zuordangobj ZuordNr="3914" AngNr="EI1632" ObjNr="17430" Aktuell="1"/>
  <Zuordangobj ZuordNr="3915" AngNr="EI1633" ObjNr="17431" Aktuell="1"/>
  <Zuordangobj ZuordNr="3916" AngNr="HS1340" ObjNr="17432" Aktuell="1"/>
  <Zuordangobj ZuordNr="3918" AngNr="EI1634" ObjNr="17434" Aktuell="1"/>
  <Zuordangobj ZuordNr="3919" AngNr="HS1341" ObjNr="17435" Aktuell="1"/>
  <Zuordangobj ZuordNr="3920" AngNr="EI1635" ObjNr="17436" Aktuell="1"/>
  <Zuordangobj ZuordNr="3921" AngNr="HS1316" ObjNr="17437" Aktuell="1"/>
  <Zuordangobj ZuordNr="3922" AngNr="HS1342" ObjNr="15945" Aktuell="1"/>
  <Zuordangobj ZuordNr="3923" AngNr="RH524" ObjNr="17426" Aktuell="1"/>
  <Zuordangobj ZuordNr="3924" AngNr="EI1636" ObjNr="17438" Aktuell="1"/>
  <Zuordangobj ZuordNr="3925" AngNr="EI1637" ObjNr="17439" Aktuell="1"/>
  <Zuordangobj ZuordNr="3926" AngNr="EI1638" ObjNr="17440" Aktuell="1"/>
  <Zuordangobj ZuordNr="3927" AngNr="EI1639" ObjNr="17442" Aktuell="1"/>
  <Zuordangobj ZuordNr="3928" AngNr="EI1640" ObjNr="17443" Aktuell="1"/>
  <Zuordangobj ZuordNr="3929" AngNr="HS1343" ObjNr="17444" Aktuell="1"/>
  <Zuordangobj ZuordNr="3930" AngNr="RH525" ObjNr="1630" Aktuell="1"/>
  <Zuordangobj ZuordNr="3931" AngNr="EI1641" ObjNr="17445" Aktuell="1"/>
  <Zuordangobj ZuordNr="3932" AngNr="EI1642" ObjNr="17446" Aktuell="1"/>
  <Zuordangobj ZuordNr="3933" AngNr="EI1643" ObjNr="17447" Aktuell="1"/>
  <Zuordangobj ZuordNr="3934" AngNr="EI1644" ObjNr="2183" Aktuell="1"/>
  <Zuordangobj ZuordNr="3935" AngNr="HS1345" ObjNr="17448" Aktuell="1"/>
  <Zuordangobj ZuordNr="3936" AngNr="EI1645" ObjNr="8743" Aktuell="1"/>
  <Zuordangobj ZuordNr="3937" AngNr="EI1646" ObjNr="17449" Aktuell="1"/>
  <Zuordangobj ZuordNr="3938" AngNr="HS1344" ObjNr="17450" Aktuell="1"/>
  <Zuordangobj ZuordNr="3939" AngNr="EI1647" ObjNr="17451" Aktuell="1"/>
  <Zuordangobj ZuordNr="3940" AngNr="EI1648" ObjNr="17452" Aktuell="1"/>
  <Zuordangobj ZuordNr="3941" AngNr="EI1649" ObjNr="17453" Aktuell="1"/>
  <Zuordangobj ZuordNr="3942" AngNr="EI1650" ObjNr="17454" Aktuell="1"/>
  <Zuordangobj ZuordNr="3944" AngNr="HS1346" ObjNr="17455" Aktuell="1"/>
  <Zuordangobj ZuordNr="3945" AngNr="HS1347" ObjNr="17456" Aktuell="1"/>
  <Zuordangobj ZuordNr="3946" AngNr="EI1652" ObjNr="17457" Aktuell="1"/>
  <Zuordangobj ZuordNr="3947" AngNr="EI1653" ObjNr="17458" Aktuell="1"/>
  <Zuordangobj ZuordNr="3948" AngNr="EI1654" ObjNr="17459" Aktuell="1"/>
  <Zuordangobj ZuordNr="3949" AngNr="EI1655" ObjNr="17460" Aktuell="1"/>
  <Zuordangobj ZuordNr="3950" AngNr="RH526" ObjNr="13253" Aktuell="1"/>
  <Zuordangobj ZuordNr="3951" AngNr="EI1656" ObjNr="17461" Aktuell="1"/>
  <Zuordangobj ZuordNr="3952" AngNr="HS1349" ObjNr="17462" Aktuell="1"/>
  <Zuordangobj ZuordNr="3953" AngNr="EI1657" ObjNr="17463" Aktuell="1"/>
  <Zuordangobj ZuordNr="3954" AngNr="HS1348" ObjNr="17464" Aktuell="1"/>
  <Zuordangobj ZuordNr="3955" AngNr="EI1658" ObjNr="17465" Aktuell="1"/>
  <Zuordangobj ZuordNr="3956" AngNr="EI1659" ObjNr="17466" Aktuell="1"/>
  <Zuordangobj ZuordNr="3957" AngNr="EI1660" ObjNr="5426" Aktuell="1"/>
  <Zuordangobj ZuordNr="3958" AngNr="EI1661" ObjNr="17467" Aktuell="1"/>
  <Zuordangobj ZuordNr="3959" AngNr="EI1662" ObjNr="17468" Aktuell="1"/>
  <Zuordangobj ZuordNr="3960" AngNr="EI1663" ObjNr="5496" Aktuell="1"/>
  <Zuordangobj ZuordNr="3961" AngNr="EI1664" ObjNr="17469" Aktuell="1"/>
  <Zuordangobj ZuordNr="3962" AngNr="EI1665" ObjNr="17470" Aktuell="1"/>
  <Zuordangobj ZuordNr="3963" AngNr="HS1350" ObjNr="17471" Aktuell="1"/>
  <Zuordangobj ZuordNr="3964" AngNr="EI1666" ObjNr="17472" Aktuell="1"/>
  <Zuordangobj ZuordNr="3965" AngNr="EI1667" ObjNr="17473" Aktuell="1"/>
  <Zuordangobj ZuordNr="3966" AngNr="HS1351" ObjNr="17474" Aktuell="1"/>
  <Zuordangobj ZuordNr="3967" AngNr="EI1668" ObjNr="1743" Aktuell="1"/>
  <Zuordangobj ZuordNr="3968" AngNr="EI1669" ObjNr="13089" Aktuell="1"/>
  <Zuordangobj ZuordNr="3969" AngNr="EI1671" ObjNr="17475" Aktuell="1"/>
  <Zuordangobj ZuordNr="3970" AngNr="EI1670" ObjNr="17476" Aktuell="1"/>
  <Zuordangobj ZuordNr="3971" AngNr="RH527" ObjNr="3753" Aktuell="1"/>
  <Zuordangobj ZuordNr="3972" AngNr="HS1352" ObjNr="17477" Aktuell="1"/>
  <Zuordangobj ZuordNr="3973" AngNr="HS1353" ObjNr="16456" Aktuell="1"/>
  <Zuordangobj ZuordNr="3974" AngNr="EI1672" ObjNr="13952" Aktuell="1"/>
  <Zuordangobj ZuordNr="3975" AngNr="EI1673" ObjNr="17479" Aktuell="1"/>
  <Zuordangobj ZuordNr="3976" AngNr="HS1354" ObjNr="17480" Aktuell="1"/>
  <Zuordangobj ZuordNr="3977" AngNr="HS1355" ObjNr="17481" Aktuell="1"/>
  <Zuordangobj ZuordNr="3978" AngNr="HS1356" ObjNr="17482" Aktuell="1"/>
  <Zuordangobj ZuordNr="3979" AngNr="EI1674" ObjNr="13356" Aktuell="1"/>
  <Zuordangobj ZuordNr="3980" AngNr="HS1357" ObjNr="17483" Aktuell="1"/>
  <Zuordangobj ZuordNr="3981" AngNr="BP1358" ObjNr="17484" Aktuell="1"/>
  <Zuordangobj ZuordNr="3982" AngNr="EI1675" ObjNr="17485" Aktuell="1"/>
  <Zuordangobj ZuordNr="3983" AngNr="EI1676" ObjNr="17486" Aktuell="1"/>
  <Zuordangobj ZuordNr="3984" AngNr="EI1677" ObjNr="16452" Aktuell="1"/>
  <Zuordangobj ZuordNr="3985" AngNr="EI1678" ObjNr="17487" Aktuell="1"/>
  <Zuordangobj ZuordNr="3986" AngNr="HS1359" ObjNr="17488" Aktuell="1"/>
  <Zuordangobj ZuordNr="3987" AngNr="EI1679" ObjNr="17489" Aktuell="1"/>
  <Zuordangobj ZuordNr="3988" AngNr="EI1680" ObjNr="17490" Aktuell="1"/>
  <Zuordangobj ZuordNr="3989" AngNr="EI1681" ObjNr="17491" Aktuell="1"/>
  <Zuordangobj ZuordNr="3990" AngNr="HS1360" ObjNr="17492" Aktuell="1"/>
  <Zuordangobj ZuordNr="3991" AngNr="HS1361" ObjNr="17494" Aktuell="1"/>
  <Zuordangobj ZuordNr="3992" AngNr="EI1682" ObjNr="17495" Aktuell="1"/>
  <Zuordangobj ZuordNr="3993" AngNr="HS1362" ObjNr="17496" Aktuell="1"/>
  <Zuordangobj ZuordNr="3994" AngNr="EI1683" ObjNr="17498" Aktuell="1"/>
  <Zuordangobj ZuordNr="3995" AngNr="EI1684" ObjNr="17499" Aktuell="1"/>
  <Zuordangobj ZuordNr="3996" AngNr="EI1685" ObjNr="17500" Aktuell="1"/>
  <Zuordangobj ZuordNr="3997" AngNr="EI1686" ObjNr="17501" Aktuell="1"/>
  <Zuordangobj ZuordNr="3998" AngNr="EI1687" ObjNr="17502" Aktuell="1"/>
  <Zuordangobj ZuordNr="3999" AngNr="EI1688" ObjNr="13403" Aktuell="1"/>
  <Zuordangobj ZuordNr="4000" AngNr="HS1363" ObjNr="17503" Aktuell="1"/>
  <Zuordangobj ZuordNr="4001" AngNr="HS1364" ObjNr="17504" Aktuell="1"/>
  <Zuordangobj ZuordNr="4002" AngNr="RH529" ObjNr="17505" Aktuell="1"/>
  <Zuordangobj ZuordNr="4003" AngNr="HS1365" ObjNr="17506" Aktuell="1"/>
  <Zuordangobj ZuordNr="4004" AngNr="EI1689" ObjNr="16320" Aktuell="1"/>
  <Zuordangobj ZuordNr="4005" AngNr="HS1366" ObjNr="17507" Aktuell="1"/>
  <Zuordangobj ZuordNr="4006" AngNr="EI1690" ObjNr="2048" Aktuell="1"/>
  <Zuordangobj ZuordNr="4007" AngNr="EI1691" ObjNr="17508" Aktuell="1"/>
  <Zuordangobj ZuordNr="4008" AngNr="HS1367" ObjNr="17509" Aktuell="1"/>
  <Zuordangobj ZuordNr="4009" AngNr="EI1692" ObjNr="17510" Aktuell="1"/>
  <Zuordangobj ZuordNr="4010" AngNr="HS1368" ObjNr="17511" Aktuell="1"/>
  <Zuordangobj ZuordNr="4012" AngNr="EI1694" ObjNr="17513" Aktuell="1"/>
  <Zuordangobj ZuordNr="4013" AngNr="EI1695" ObjNr="17514" Aktuell="1"/>
  <Zuordangobj ZuordNr="4014" AngNr="EI1697" ObjNr="17515" Aktuell="1"/>
  <Zuordangobj ZuordNr="4015" AngNr="EI1696" ObjNr="17516" Aktuell="1"/>
  <Zuordangobj ZuordNr="4016" AngNr="EI1698" ObjNr="17517" Aktuell="1"/>
  <Zuordangobj ZuordNr="4017" AngNr="EI1699" ObjNr="17305" Aktuell="1"/>
  <Zuordangobj ZuordNr="4018" AngNr="HS1369" ObjNr="17518" Aktuell="1"/>
  <Zuordangobj ZuordNr="4019" AngNr="EI1700" ObjNr="1091" Aktuell="1"/>
  <Zuordangobj ZuordNr="4020" AngNr="EI1701" ObjNr="17519" Aktuell="1"/>
  <Zuordangobj ZuordNr="4021" AngNr="EI1702" ObjNr="17520" Aktuell="1"/>
  <Zuordangobj ZuordNr="4022" AngNr="EI1703" ObjNr="16637" Aktuell="1"/>
  <Zuordangobj ZuordNr="4023" AngNr="EI1704" ObjNr="17521" Aktuell="1"/>
  <Zuordangobj ZuordNr="4024" AngNr="RH530" ObjNr="17522" Aktuell="1"/>
  <Zuordangobj ZuordNr="4025" AngNr="EI1705" ObjNr="17523" Aktuell="1"/>
  <Zuordangobj ZuordNr="4026" AngNr="EI1706" ObjNr="17524" Aktuell="1"/>
  <Zuordangobj ZuordNr="4027" AngNr="EI1707" ObjNr="17525" Aktuell="1"/>
  <Zuordangobj ZuordNr="4028" AngNr="EI1708" ObjNr="17526" Aktuell="1"/>
  <Zuordangobj ZuordNr="4029" AngNr="EI1709" ObjNr="17527" Aktuell="1"/>
  <Zuordangobj ZuordNr="4030" AngNr="HS1370" ObjNr="17528" Aktuell="1"/>
  <Zuordangobj ZuordNr="4031" AngNr="HS1371" ObjNr="17529" Aktuell="1"/>
  <Zuordangobj ZuordNr="4032" AngNr="EI1710" ObjNr="13766" Aktuell="1"/>
  <Zuordangobj ZuordNr="4033" AngNr="EI1711" ObjNr="17530" Aktuell="1"/>
  <Zuordangobj ZuordNr="4034" AngNr="EI1712" ObjNr="17531" Aktuell="1"/>
  <Zuordangobj ZuordNr="4035" AngNr="EI1713" ObjNr="16444" Aktuell="1"/>
  <Zuordangobj ZuordNr="4036" AngNr="HS1372" ObjNr="16109" Aktuell="1"/>
  <Zuordangobj ZuordNr="4037" AngNr="EI1714" ObjNr="17532" Aktuell="0"/>
  <Zuordangobj ZuordNr="4038" AngNr="EI1715" ObjNr="17533" Aktuell="1"/>
  <Zuordangobj ZuordNr="4039" AngNr="EI1716" ObjNr="15281" Aktuell="1"/>
  <Zuordangobj ZuordNr="4040" AngNr="RH531" ObjNr="6332" Aktuell="1"/>
  <Zuordangobj ZuordNr="4041" AngNr="HS1373" ObjNr="17534" Aktuell="1"/>
  <Zuordangobj ZuordNr="4042" AngNr="HS1374" ObjNr="17535" Aktuell="1"/>
  <Zuordangobj ZuordNr="4043" AngNr="HS1375" ObjNr="17536" Aktuell="1"/>
  <Zuordangobj ZuordNr="4044" AngNr="EI1717" ObjNr="17537" Aktuell="1"/>
  <Zuordangobj ZuordNr="4045" AngNr="EI1718" ObjNr="5513" Aktuell="1"/>
  <Zuordangobj ZuordNr="4046" AngNr="HS1376" ObjNr="14964" Aktuell="1"/>
  <Zuordangobj ZuordNr="4047" AngNr="RH532" ObjNr="15478" Aktuell="1"/>
  <Zuordangobj ZuordNr="4048" AngNr="RH532" ObjNr="15479" Aktuell="1"/>
  <Zuordangobj ZuordNr="4049" AngNr="RH533" ObjNr="17538" Aktuell="1"/>
  <Zuordangobj ZuordNr="4050" AngNr="BP534" ObjNr="17539" Aktuell="1"/>
  <Zuordangobj ZuordNr="4051" AngNr="EI1719" ObjNr="17540" Aktuell="1"/>
  <Zuordangobj ZuordNr="4052" AngNr="HS1377" ObjNr="17541" Aktuell="1"/>
  <Zuordangobj ZuordNr="4053" AngNr="EI1720" ObjNr="17542" Aktuell="1"/>
  <Zuordangobj ZuordNr="4054" AngNr="EI1721" ObjNr="13547" Aktuell="1"/>
  <Zuordangobj ZuordNr="4055" AngNr="EI1722" ObjNr="17543" Aktuell="1"/>
  <Zuordangobj ZuordNr="4056" AngNr="HS1378" ObjNr="17545" Aktuell="1"/>
  <Zuordangobj ZuordNr="4057" AngNr="EI1723" ObjNr="17546" Aktuell="1"/>
  <Zuordangobj ZuordNr="4058" AngNr="EI1724" ObjNr="17547" Aktuell="1"/>
  <Zuordangobj ZuordNr="4059" AngNr="EI1725" ObjNr="2047" Aktuell="1"/>
  <Zuordangobj ZuordNr="4060" AngNr="HS1379" ObjNr="17549" Aktuell="1"/>
  <Zuordangobj ZuordNr="4061" AngNr="EI1726" ObjNr="17550" Aktuell="1"/>
  <Zuordangobj ZuordNr="4062" AngNr="EI1727" ObjNr="17552" Aktuell="1"/>
  <Zuordangobj ZuordNr="4063" AngNr="HS1380" ObjNr="17553" Aktuell="1"/>
  <Zuordangobj ZuordNr="4064" AngNr="HS1381" ObjNr="17554" Aktuell="1"/>
  <Zuordangobj ZuordNr="4065" AngNr="HS1382" ObjNr="17555" Aktuell="1"/>
  <Zuordangobj ZuordNr="4066" AngNr="EI1728" ObjNr="17556" Aktuell="1"/>
  <Zuordangobj ZuordNr="4067" AngNr="HS1383" ObjNr="17557" Aktuell="1"/>
  <Zuordangobj ZuordNr="4068" AngNr="EI1729" ObjNr="17558" Aktuell="1"/>
  <Zuordangobj ZuordNr="4069" AngNr="EI1730" ObjNr="17559" Aktuell="1"/>
  <Zuordangobj ZuordNr="4070" AngNr="HS1384" ObjNr="17560" Aktuell="1"/>
  <Zuordangobj ZuordNr="4071" AngNr="HS1385" ObjNr="17561" Aktuell="1"/>
  <Zuordangobj ZuordNr="4072" AngNr="EI1731" ObjNr="17562" Aktuell="1"/>
  <Zuordangobj ZuordNr="4073" AngNr="EI1732" ObjNr="17563" Aktuell="1"/>
  <Zuordangobj ZuordNr="4074" AngNr="HS1386" ObjNr="17566" Aktuell="1"/>
  <Zuordangobj ZuordNr="4075" AngNr="EI1733" ObjNr="17567" Aktuell="1"/>
  <Zuordangobj ZuordNr="4076" AngNr="EI1734" ObjNr="17567" Aktuell="1"/>
  <Zuordangobj ZuordNr="4077" AngNr="HS1387" ObjNr="17568" Aktuell="1"/>
  <Zuordangobj ZuordNr="4078" AngNr="HS1388" ObjNr="17569" Aktuell="1"/>
  <Zuordangobj ZuordNr="4079" AngNr="HS1389" ObjNr="17570" Aktuell="1"/>
  <Zuordangobj ZuordNr="4080" AngNr="HS1390" ObjNr="17571" Aktuell="1"/>
  <Zuordangobj ZuordNr="4081" AngNr="EI1735" ObjNr="17572" Aktuell="1"/>
  <Zuordangobj ZuordNr="4082" AngNr="EI1736" ObjNr="8711" Aktuell="1"/>
  <Zuordangobj ZuordNr="4083" AngNr="EI1737" ObjNr="17573" Aktuell="1"/>
  <Zuordangobj ZuordNr="4084" AngNr="EI1738" ObjNr="3816" Aktuell="1"/>
  <Zuordangobj ZuordNr="4085" AngNr="HS1391" ObjNr="17574" Aktuell="1"/>
  <Zuordangobj ZuordNr="4086" AngNr="RH535" ObjNr="16621" Aktuell="1"/>
  <Zuordangobj ZuordNr="4087" AngNr="HS1392" ObjNr="17575" Aktuell="1"/>
  <Zuordangobj ZuordNr="4088" AngNr="EI1739" ObjNr="17576" Aktuell="1"/>
  <Zuordangobj ZuordNr="4089" AngNr="EI1740" ObjNr="17577" Aktuell="1"/>
  <Zuordangobj ZuordNr="4090" AngNr="EI1741" ObjNr="17578" Aktuell="1"/>
  <Zuordangobj ZuordNr="4091" AngNr="HS1393" ObjNr="17579" Aktuell="1"/>
  <Zuordangobj ZuordNr="4092" AngNr="EI1742" ObjNr="17580" Aktuell="1"/>
  <Zuordangobj ZuordNr="4093" AngNr="HS1394" ObjNr="17581" Aktuell="1"/>
  <Zuordangobj ZuordNr="4094" AngNr="HS1395" ObjNr="17582" Aktuell="1"/>
  <Zuordangobj ZuordNr="4095" AngNr="HS1396" ObjNr="17381" Aktuell="1"/>
  <Zuordangobj ZuordNr="4096" AngNr="HS1398" ObjNr="17583" Aktuell="1"/>
  <Zuordangobj ZuordNr="4097" AngNr="HS1399" ObjNr="17584" Aktuell="1"/>
  <Zuordangobj ZuordNr="4098" AngNr="EI1743" ObjNr="17585" Aktuell="1"/>
  <Zuordangobj ZuordNr="4099" AngNr="HS1400" ObjNr="17586" Aktuell="1"/>
  <Zuordangobj ZuordNr="4100" AngNr="HS1401" ObjNr="17587" Aktuell="1"/>
  <Zuordangobj ZuordNr="4101" AngNr="HS1403" ObjNr="17588" Aktuell="1"/>
  <Zuordangobj ZuordNr="4102" AngNr="HS1402" ObjNr="17589" Aktuell="1"/>
  <Zuordangobj ZuordNr="4103" AngNr="HS1404" ObjNr="17590" Aktuell="1"/>
  <Zuordangobj ZuordNr="4104" AngNr="HS1405" ObjNr="16218" Aktuell="1"/>
  <Zuordangobj ZuordNr="4105" AngNr="EI1744" ObjNr="17591" Aktuell="1"/>
  <Zuordangobj ZuordNr="4106" AngNr="EI1745" ObjNr="17592" Aktuell="1"/>
  <Zuordangobj ZuordNr="4107" AngNr="HS1406" ObjNr="17593" Aktuell="1"/>
  <Zuordangobj ZuordNr="4108" AngNr="EI1746" ObjNr="14496" Aktuell="1"/>
  <Zuordangobj ZuordNr="4109" AngNr="HS1407" ObjNr="17594" Aktuell="1"/>
  <Zuordangobj ZuordNr="4110" AngNr="EI1747" ObjNr="17595" Aktuell="1"/>
  <Zuordangobj ZuordNr="4111" AngNr="HS1408" ObjNr="17596" Aktuell="1"/>
  <Zuordangobj ZuordNr="4112" AngNr="HS1409" ObjNr="15633" Aktuell="1"/>
  <Zuordangobj ZuordNr="4113" AngNr="EI1748" ObjNr="17597" Aktuell="1"/>
  <Zuordangobj ZuordNr="4114" AngNr="EI1749" ObjNr="17598" Aktuell="1"/>
  <Zuordangobj ZuordNr="4115" AngNr="EI1750" ObjNr="17599" Aktuell="1"/>
  <Zuordangobj ZuordNr="4116" AngNr="EI1751" ObjNr="17600" Aktuell="1"/>
  <Zuordangobj ZuordNr="4117" AngNr="EI1752" ObjNr="17601" Aktuell="1"/>
  <Zuordangobj ZuordNr="4118" AngNr="HS1410" ObjNr="17602" Aktuell="1"/>
  <Zuordangobj ZuordNr="4119" AngNr="EI1753" ObjNr="17603" Aktuell="1"/>
  <Zuordangobj ZuordNr="4120" AngNr="EI1754" ObjNr="17604" Aktuell="1"/>
  <Zuordangobj ZuordNr="4121" AngNr="EI1755" ObjNr="17605" Aktuell="1"/>
  <Zuordangobj ZuordNr="4122" AngNr="EI1756" ObjNr="3246" Aktuell="1"/>
  <Zuordangobj ZuordNr="4123" AngNr="EI1757" ObjNr="2749" Aktuell="1"/>
  <Zuordangobj ZuordNr="4124" AngNr="EI1758" ObjNr="17606" Aktuell="1"/>
  <Zuordangobj ZuordNr="4125" AngNr="RH536" ObjNr="17607" Aktuell="1"/>
  <Zuordangobj ZuordNr="4126" AngNr="RH536" ObjNr="17608" Aktuell="1"/>
  <Zuordangobj ZuordNr="4127" AngNr="EI1759" ObjNr="17609" Aktuell="1"/>
  <Zuordangobj ZuordNr="4128" AngNr="EI1760" ObjNr="17610" Aktuell="1"/>
  <Zuordangobj ZuordNr="4129" AngNr="EI1761" ObjNr="17611" Aktuell="1"/>
  <Zuordangobj ZuordNr="4130" AngNr="HS1411" ObjNr="17612" Aktuell="1"/>
  <Zuordangobj ZuordNr="4131" AngNr="EI1762" ObjNr="17631" Aktuell="1"/>
  <Zuordangobj ZuordNr="4132" AngNr="HS1412" ObjNr="17632" Aktuell="1"/>
  <Zuordangobj ZuordNr="4133" AngNr="RH537" ObjNr="13332" Aktuell="1"/>
  <Zuordangobj ZuordNr="4134" AngNr="EI1763" ObjNr="16961" Aktuell="1"/>
  <Zuordangobj ZuordNr="4135" AngNr="HS1413" ObjNr="17636" Aktuell="1"/>
  <Zuordangobj ZuordNr="4136" AngNr="HS1414" ObjNr="17637" Aktuell="1"/>
  <Zuordangobj ZuordNr="4137" AngNr="EI1764" ObjNr="17638" Aktuell="1"/>
  <Zuordangobj ZuordNr="4138" AngNr="EI1765" ObjNr="17639" Aktuell="1"/>
  <Zuordangobj ZuordNr="4139" AngNr="EI1766" ObjNr="3198" Aktuell="1"/>
  <Zuordangobj ZuordNr="4140" AngNr="RH538" ObjNr="17634" Aktuell="1"/>
  <Zuordangobj ZuordNr="4141" AngNr="EI1767" ObjNr="17642" Aktuell="1"/>
  <Zuordangobj ZuordNr="4142" AngNr="EI1768" ObjNr="17643" Aktuell="1"/>
  <Zuordangobj ZuordNr="4143" AngNr="EI1769" ObjNr="17644" Aktuell="1"/>
  <Zuordangobj ZuordNr="4144" AngNr="HS1416" ObjNr="15571" Aktuell="1"/>
  <Zuordangobj ZuordNr="4146" AngNr="HS1418" ObjNr="17645" Aktuell="1"/>
  <Zuordangobj ZuordNr="4147" AngNr="HS1419" ObjNr="17646" Aktuell="1"/>
  <Zuordangobj ZuordNr="4148" AngNr="EI1770" ObjNr="17647" Aktuell="1"/>
  <Zuordangobj ZuordNr="4149" AngNr="HS1420" ObjNr="17648" Aktuell="1"/>
  <Zuordangobj ZuordNr="4150" AngNr="RH539" ObjNr="3490" Aktuell="1"/>
  <Zuordangobj ZuordNr="4151" AngNr="EI1771" ObjNr="17649" Aktuell="1"/>
  <Zuordangobj ZuordNr="4152" AngNr="HS1421" ObjNr="17650" Aktuell="1"/>
  <Zuordangobj ZuordNr="4153" AngNr="EI1772" ObjNr="17651" Aktuell="1"/>
  <Zuordangobj ZuordNr="4154" AngNr="HS1422" ObjNr="17652" Aktuell="1"/>
  <Zuordangobj ZuordNr="4155" AngNr="RH540" ObjNr="17653" Aktuell="1"/>
  <Zuordangobj ZuordNr="4156" AngNr="HS1423" ObjNr="17654" Aktuell="1"/>
  <Zuordangobj ZuordNr="4157" AngNr="RH541" ObjNr="17655" Aktuell="1"/>
  <Zuordangobj ZuordNr="4158" AngNr="EI1773" ObjNr="17656" Aktuell="1"/>
  <Zuordangobj ZuordNr="4159" AngNr="EI1774" ObjNr="17657" Aktuell="1"/>
  <Zuordangobj ZuordNr="4160" AngNr="HS1424" ObjNr="17658" Aktuell="1"/>
  <Zuordangobj ZuordNr="4161" AngNr="RH542" ObjNr="5729" Aktuell="1"/>
  <Zuordangobj ZuordNr="4163" AngNr="RH542" ObjNr="17661" Aktuell="1"/>
  <Zuordangobj ZuordNr="4164" AngNr="RH542" ObjNr="17296" Aktuell="1"/>
  <Zuordangobj ZuordNr="4165" AngNr="RH542" ObjNr="17662" Aktuell="1"/>
  <Zuordangobj ZuordNr="4166" AngNr="RH542" ObjNr="17663" Aktuell="0"/>
  <Zuordangobj ZuordNr="4167" AngNr="RH542" ObjNr="17664" Aktuell="1"/>
  <Zuordangobj ZuordNr="4168" AngNr="RH543" ObjNr="17665" Aktuell="1"/>
  <Zuordangobj ZuordNr="4169" AngNr="RH543" ObjNr="17666" Aktuell="1"/>
  <Zuordangobj ZuordNr="4170" AngNr="RH543" ObjNr="17667" Aktuell="1"/>
  <Zuordangobj ZuordNr="4171" AngNr="RH543" ObjNr="17668" Aktuell="1"/>
  <Zuordangobj ZuordNr="4172" AngNr="RH543" ObjNr="17669" Aktuell="1"/>
  <Zuordangobj ZuordNr="4173" AngNr="HS1425" ObjNr="17670" Aktuell="1"/>
  <Zuordangobj ZuordNr="4174" AngNr="EI1775" ObjNr="17671" Aktuell="1"/>
  <Zuordangobj ZuordNr="4175" AngNr="HS1426" ObjNr="17672" Aktuell="1"/>
  <Zuordangobj ZuordNr="4176" AngNr="HS1427" ObjNr="17673" Aktuell="1"/>
  <Zuordangobj ZuordNr="4177" AngNr="RH544" ObjNr="8407" Aktuell="1"/>
  <Zuordangobj ZuordNr="4178" AngNr="EI1776" ObjNr="2932" Aktuell="1"/>
  <Zuordangobj ZuordNr="4179" AngNr="RH546" ObjNr="300" Aktuell="0"/>
  <Zuordangobj ZuordNr="4180" AngNr="EI1777" ObjNr="3202" Aktuell="1"/>
  <Zuordangobj ZuordNr="4181" AngNr="RH547" ObjNr="17674" Aktuell="1"/>
  <Zuordangobj ZuordNr="4182" AngNr="RH802" ObjNr="17683" Aktuell="0"/>
  <Zuordangobj ZuordNr="4183" AngNr="RH549" ObjNr="17693" Aktuell="0"/>
  <Zuordangobj ZuordNr="4184" AngNr="RH552" ObjNr="270" Aktuell="0"/>
  <Zuordangobj ZuordNr="4185" AngNr="RH555" ObjNr="17694" Aktuell="0"/>
  <Zuordangobj ZuordNr="4186" AngNr="RH553" ObjNr="17686" Aktuell="0"/>
  <Zuordangobj ZuordNr="4187" AngNr="RH548" ObjNr="17695" Aktuell="0"/>
  <Zuordangobj ZuordNr="4188" AngNr="RH550" ObjNr="9011" Aktuell="0"/>
  <Zuordangobj ZuordNr="4189" AngNr="RH287" ObjNr="17663" Aktuell="0"/>
  <Zuordangobj ZuordNr="4190" AngNr="RH763" ObjNr="17696" Aktuell="0"/>
  <Zuordangobj ZuordNr="4191" AngNr="RH785" ObjNr="17697" Aktuell="0"/>
  <Zuordangobj ZuordNr="4192" AngNr="RH765" ObjNr="15016" Aktuell="0"/>
  <Zuordangobj ZuordNr="4193" AngNr="RH756" ObjNr="17698" Aktuell="0"/>
  <Zuordangobj ZuordNr="4194" AngNr="RH574" ObjNr="17699" Aktuell="0"/>
  <Zuordangobj ZuordNr="4195" AngNr="RH574" ObjNr="17701" Aktuell="1"/>
  <Zuordangobj ZuordNr="4196" AngNr="RH573" ObjNr="831" Aktuell="0"/>
  <Zuordangobj ZuordNr="4197" AngNr="RH572" ObjNr="13083" Aktuell="1"/>
  <Zuordangobj ZuordNr="4198" AngNr="RH571" ObjNr="17702" Aktuell="1"/>
  <Zuordangobj ZuordNr="4199" AngNr="RH568" ObjNr="17703" Aktuell="1"/>
  <Zuordangobj ZuordNr="4200" AngNr="RH567" ObjNr="17704" Aktuell="1"/>
  <Zuordangobj ZuordNr="4201" AngNr="RH563" ObjNr="17705" Aktuell="1"/>
  <Zuordangobj ZuordNr="4202" AngNr="RH562" ObjNr="17706" Aktuell="1"/>
  <Zuordangobj ZuordNr="4203" AngNr="RH561" ObjNr="17707" Aktuell="1"/>
  <Zuordangobj ZuordNr="4204" AngNr="RH560" ObjNr="16120" Aktuell="1"/>
  <Zuordangobj ZuordNr="4205" AngNr="RH559" ObjNr="16774" Aktuell="1"/>
  <Zuordangobj ZuordNr="4206" AngNr="RH558" ObjNr="17708" Aktuell="1"/>
  <Zuordangobj ZuordNr="4207" AngNr="RH557" ObjNr="17101" Aktuell="1"/>
  <Zuordangobj ZuordNr="4208" AngNr="RH556" ObjNr="17709" Aktuell="1"/>
  <Zuordangobj ZuordNr="4209" AngNr="RH551" ObjNr="17663" Aktuell="0"/>
  <Zuordangobj ZuordNr="4210" AngNr="RH646" ObjNr="17710" Aktuell="1"/>
  <Zuordangobj ZuordNr="4211" AngNr="RH647" ObjNr="17711" Aktuell="1"/>
  <Zuordangobj ZuordNr="4212" AngNr="RH647" ObjNr="17712" Aktuell="1"/>
  <Zuordangobj ZuordNr="4213" AngNr="RH645" ObjNr="17713" Aktuell="1"/>
  <Zuordangobj ZuordNr="4214" AngNr="RH643" ObjNr="17714" Aktuell="1"/>
  <Zuordangobj ZuordNr="4215" AngNr="RH642" ObjNr="17715" Aktuell="1"/>
  <Zuordangobj ZuordNr="4216" AngNr="RH639" ObjNr="17716" Aktuell="1"/>
  <Zuordangobj ZuordNr="4217" AngNr="RH637" ObjNr="17717" Aktuell="0"/>
  <Zuordangobj ZuordNr="4218" AngNr="RH633" ObjNr="17734" Aktuell="1"/>
  <Zuordangobj ZuordNr="4219" AngNr="RH632" ObjNr="17735" Aktuell="1"/>
  <Zuordangobj ZuordNr="4220" AngNr="RH631" ObjNr="12946" Aktuell="1"/>
  <Zuordangobj ZuordNr="4221" AngNr="RH631" ObjNr="12947" Aktuell="1"/>
  <Zuordangobj ZuordNr="4222" AngNr="RH631" ObjNr="12948" Aktuell="1"/>
  <Zuordangobj ZuordNr="4223" AngNr="RH652" ObjNr="17736" Aktuell="1"/>
  <Zuordangobj ZuordNr="4224" AngNr="RH612" ObjNr="17737" Aktuell="1"/>
  <Zuordangobj ZuordNr="4225" AngNr="RH610" ObjNr="879" Aktuell="1"/>
  <Zuordangobj ZuordNr="4226" AngNr="RH611" ObjNr="12850" Aktuell="1"/>
  <Zuordangobj ZuordNr="4227" AngNr="RH629" ObjNr="17738" Aktuell="1"/>
  <Zuordangobj ZuordNr="4228" AngNr="RH625" ObjNr="17739" Aktuell="1"/>
  <Zuordangobj ZuordNr="4229" AngNr="RH620" ObjNr="17740" Aktuell="1"/>
  <Zuordangobj ZuordNr="4230" AngNr="RH619" ObjNr="2496" Aktuell="1"/>
  <Zuordangobj ZuordNr="4231" AngNr="RH619" ObjNr="2495" Aktuell="1"/>
  <Zuordangobj ZuordNr="4232" AngNr="RH618" ObjNr="17741" Aktuell="1"/>
  <Zuordangobj ZuordNr="4233" AngNr="RH617" ObjNr="16682" Aktuell="1"/>
  <Zuordangobj ZuordNr="4234" AngNr="RH616" ObjNr="6331" Aktuell="1"/>
  <Zuordangobj ZuordNr="4235" AngNr="RH613" ObjNr="13342" Aktuell="1"/>
  <Zuordangobj ZuordNr="4236" AngNr="RH675" ObjNr="17742" Aktuell="1"/>
  <Zuordangobj ZuordNr="4237" AngNr="RH674" ObjNr="17743" Aktuell="1"/>
  <Zuordangobj ZuordNr="4238" AngNr="RH673" ObjNr="1702" Aktuell="1"/>
  <Zuordangobj ZuordNr="4239" AngNr="RH672" ObjNr="17744" Aktuell="1"/>
  <Zuordangobj ZuordNr="4240" AngNr="RH670" ObjNr="17745" Aktuell="1"/>
  <Zuordangobj ZuordNr="4241" AngNr="RH669" ObjNr="17746" Aktuell="1"/>
  <Zuordangobj ZuordNr="4242" AngNr="RH668" ObjNr="17747" Aktuell="1"/>
  <Zuordangobj ZuordNr="4243" AngNr="RH667" ObjNr="13170" Aktuell="1"/>
  <Zuordangobj ZuordNr="4244" AngNr="RH666" ObjNr="17622" Aktuell="1"/>
  <Zuordangobj ZuordNr="4245" AngNr="RH661" ObjNr="17748" Aktuell="1"/>
  <Zuordangobj ZuordNr="4246" AngNr="RH662" ObjNr="17749" Aktuell="1"/>
  <Zuordangobj ZuordNr="4247" AngNr="RH662" ObjNr="17749" Aktuell="1"/>
  <Zuordangobj ZuordNr="4248" AngNr="RH663" ObjNr="10163" Aktuell="1"/>
  <Zuordangobj ZuordNr="4249" AngNr="RH664" ObjNr="3439" Aktuell="1"/>
  <Zuordangobj ZuordNr="4250" AngNr="RH655" ObjNr="17750" Aktuell="1"/>
  <Zuordangobj ZuordNr="4251" AngNr="RH660" ObjNr="17751" Aktuell="1"/>
  <Zuordangobj ZuordNr="4252" AngNr="RH659" ObjNr="17752" Aktuell="1"/>
  <Zuordangobj ZuordNr="4253" AngNr="RH658" ObjNr="9414" Aktuell="1"/>
  <Zuordangobj ZuordNr="4254" AngNr="RH658" ObjNr="9208" Aktuell="1"/>
  <Zuordangobj ZuordNr="4255" AngNr="RH658" ObjNr="9413" Aktuell="1"/>
  <Zuordangobj ZuordNr="4256" AngNr="RH656" ObjNr="17753" Aktuell="1"/>
  <Zuordangobj ZuordNr="4257" AngNr="RH653" ObjNr="13911" Aktuell="1"/>
  <Zuordangobj ZuordNr="4258" AngNr="RH653" ObjNr="13914" Aktuell="1"/>
  <Zuordangobj ZuordNr="4259" AngNr="RH685" ObjNr="1768" Aktuell="1"/>
  <Zuordangobj ZuordNr="4260" AngNr="RH683" ObjNr="17754" Aktuell="1"/>
  <Zuordangobj ZuordNr="4261" AngNr="RH682" ObjNr="17755" Aktuell="1"/>
  <Zuordangobj ZuordNr="4262" AngNr="RH679" ObjNr="17756" Aktuell="1"/>
  <Zuordangobj ZuordNr="4263" AngNr="RH677" ObjNr="17758" Aktuell="1"/>
  <Zuordangobj ZuordNr="4264" AngNr="RH676" ObjNr="17759" Aktuell="1"/>
  <Zuordangobj ZuordNr="4265" AngNr="RH678" ObjNr="17760" Aktuell="1"/>
  <Zuordangobj ZuordNr="4266" AngNr="RH1000" ObjNr="17775" Aktuell="1"/>
  <Zuordangobj ZuordNr="4267" AngNr="RH1001" ObjNr="17777" Aktuell="1"/>
  <Zuordangobj ZuordNr="4268" AngNr="RH1001" ObjNr="17778" Aktuell="1"/>
  <Zuordangobj ZuordNr="4269" AngNr="RH1003" ObjNr="17780" Aktuell="1"/>
  <Zuordangobj ZuordNr="4270" AngNr="RH1004" ObjNr="17781" Aktuell="1"/>
  <Zuordangobj ZuordNr="4271" AngNr="RH1005" ObjNr="17782" Aktuell="1"/>
  <Zuordangobj ZuordNr="4272" AngNr="RH1005" ObjNr="17783" Aktuell="1"/>
  <Zuordangobj ZuordNr="4273" AngNr="RH1005" ObjNr="17784" Aktuell="1"/>
  <Zuordangobj ZuordNr="4276" AngNr="RH1007" ObjNr="17785" Aktuell="1"/>
  <Zuordangobj ZuordNr="4275" AngNr="RH1006" ObjNr="17785" Aktuell="1"/>
  <Zuordangobj ZuordNr="4277" AngNr="RH1002" ObjNr="17779" Aktuell="1"/>
  <Zuordangobj ZuordNr="4278" AngNr="RH1008" ObjNr="17787" Aktuell="1"/>
  <Zuordangobj ZuordNr="4279" AngNr="RH1009" ObjNr="15653" Aktuell="1"/>
  <Zuordangobj ZuordNr="4280" AngNr="RH1010" ObjNr="17789" Aktuell="1"/>
  <Zuordangobj ZuordNr="4281" AngNr="RH1011" ObjNr="10189" Aktuell="1"/>
  <Zuordangobj ZuordNr="4283" AngNr="RH1012" ObjNr="17794" Aktuell="1"/>
  <Zuordangobj ZuordNr="4284" AngNr="RH1013" ObjNr="17805" Aktuell="1"/>
  <Zuordangobj ZuordNr="4285" AngNr="RH1014" ObjNr="17862" Aktuell="1"/>
  <Zuordangobj ZuordNr="4286" AngNr="RH1015" ObjNr="8533" Aktuell="1"/>
  <Zuordangobj ZuordNr="4287" AngNr="RH1016" ObjNr="4847" Aktuell="1"/>
  <Zuordangobj ZuordNr="4288" AngNr="RH1017" ObjNr="18118" Aktuell="1"/>
  <Zuordangobj ZuordNr="4289" AngNr="RH1018" ObjNr="17854" Aktuell="1"/>
  <Zuordangobj ZuordNr="4290" AngNr="RH1019" ObjNr="18206" Aktuell="1"/>
  <Zuordangobj ZuordNr="4291" AngNr="RH1020" ObjNr="4462" Aktuell="1"/>
  <Zuordangobj ZuordNr="4292" AngNr="RH1020" ObjNr="4463" Aktuell="1"/>
  <Zuordangobj ZuordNr="4293" AngNr="RH1021" ObjNr="18150" Aktuell="1"/>
  <Zuordangobj ZuordNr="4299" AngNr="RH1024" ObjNr="18246" Aktuell="1"/>
  <Zuordangobj ZuordNr="4298" AngNr="RH1022" ObjNr="18080" Aktuell="1"/>
  <Zuordangobj ZuordNr="4296" AngNr="RH1023" ObjNr="18350" Aktuell="1"/>
  <Zuordangobj ZuordNr="4297" AngNr="RH1023" ObjNr="18351" Aktuell="1"/>
  <Zuordangobj ZuordNr="4300" AngNr="RH1025" ObjNr="18262" Aktuell="1"/>
  <Zuordangobj ZuordNr="4301" AngNr="RH1026" ObjNr="17939" Aktuell="1"/>
  <Zuordangobj ZuordNr="4302" AngNr="RH1027" ObjNr="18499" Aktuell="1"/>
  <Zuordangobj ZuordNr="4303" AngNr="RH1029" ObjNr="18501" Aktuell="1"/>
  <Zuordangobj ZuordNr="4304" AngNr="RH1028" ObjNr="18502" Aktuell="1"/>
  <Zuordangobj ZuordNr="4305" AngNr="RH1030" ObjNr="18465" Aktuell="1"/>
  <Zuordangobj ZuordNr="4309" AngNr="RH1031" ObjNr="18545" Aktuell="1"/>
  <Zuordangobj ZuordNr="4308" AngNr="RH1031" ObjNr="18544" Aktuell="1"/>
  <Zuordangobj ZuordNr="4310" AngNr="RH1031" ObjNr="18546" Aktuell="1"/>
  <Zuordangobj ZuordNr="4311" AngNr="RH1031" ObjNr="18547" Aktuell="1"/>
  <Zuordangobj ZuordNr="4312" AngNr="RH1032" ObjNr="18216" Aktuell="1"/>
  <Zuordangobj ZuordNr="4313" AngNr="RH1033" ObjNr="18591" Aktuell="1"/>
  <Zuordangobj ZuordNr="4314" AngNr="RH1034" ObjNr="18349" Aktuell="1"/>
  <Zuordangobj ZuordNr="4315" AngNr="RH1035" ObjNr="18734" Aktuell="1"/>
  <Zuordangobj ZuordNr="4316" AngNr="RH1036" ObjNr="18711" Aktuell="1"/>
  <Zuordangobj ZuordNr="4317" AngNr="RH1037" ObjNr="8447" Aktuell="1"/>
  <Zuordangobj ZuordNr="4318" AngNr="RH1038" ObjNr="18824" Aktuell="1"/>
  <Zuordangobj ZuordNr="4319" AngNr="RH1039" ObjNr="18949" Aktuell="1"/>
  <Zuordangobj ZuordNr="4320" AngNr="EI2000" ObjNr="18048" Aktuell="1"/>
  <Zuordangobj ZuordNr="4321" AngNr="EI2001" ObjNr="19159" Aktuell="1"/>
  <Zuordangobj ZuordNr="4322" AngNr="EI2002" ObjNr="18981" Aktuell="1"/>
  <Zuordangobj ZuordNr="4323" AngNr="HS2000" ObjNr="18764" Aktuell="1"/>
  <Zuordangobj ZuordNr="4324" AngNr="RH1033" ObjNr="19299" Aktuell="1"/>
  <Zuordangobj ZuordNr="4325" AngNr="HS2001" ObjNr="9150" Aktuell="1"/>
  <Zuordangobj ZuordNr="4326" AngNr="RH1040" ObjNr="19483" Aktuell="1"/>
  <Zuordangobj ZuordNr="4327" AngNr="RH1041" ObjNr="19450" Aktuell="1"/>
  <Zuordangobj ZuordNr="4328" AngNr="RH1041" ObjNr="19200" Aktuell="1"/>
  <Zuordangobj ZuordNr="4329" AngNr="EI2003" ObjNr="19173" Aktuell="1"/>
  <Zuordangobj ZuordNr="4330" AngNr="EI2004" ObjNr="19549" Aktuell="1"/>
  <Zuordangobj ZuordNr="4332" AngNr="EI2005" ObjNr="19550" Aktuell="1"/>
  <Zuordangobj ZuordNr="4333" AngNr="RH1042" ObjNr="18481" Aktuell="1"/>
</dataset>
